<?xml version="1.0" encoding="UTF-8"?>
<testsuite xmlns:xsi="http://www.w3.org/2001/XMLSchema-instance" xsi:noNamespaceSchemaLocation="https://maven.apache.org/surefire/maven-surefire-plugin/xsd/surefire-test-report.xsd" name="org.apache.hadoop.fs.ozone.TestOzoneFSInputStream" time="56.45" tests="1" errors="1" skipped="0" failures="0">
  <properties>
    <property name="awt.toolkit" value="sun.awt.X11.XToolkit"/>
    <property name="file.encoding.pkg" value="sun.io"/>
    <property name="java.specification.version" value="1.8"/>
    <property name="sun.cpu.isalist" value=""/>
    <property name="sun.jnu.encoding" value="UTF-8"/>
    <property name="java.class.path" value="/workdir/hadoop-ozone/ozonefs/target/test-classes:/workdir/hadoop-ozone/ozonefs/target/classes:/home/user/.m2/repository/org/apache/hadoop/hadoop-common/3.2.0/hadoop-common-3.2.0.jar:/home/user/.m2/repository/org/apache/hadoop/hadoop-annotations/3.2.0/hadoop-annotations-3.2.0.jar:/usr/lib/jvm/java-1.8-openjdk/jre/../lib/tools.jar:/home/user/.m2/repository/com/google/guava/guava/11.0.2/guava-11.0.2.jar:/home/user/.m2/repository/commons-cli/commons-cli/1.2/commons-cli-1.2.jar:/home/user/.m2/repository/org/apache/commons/commons-math3/3.1.1/commons-math3-3.1.1.jar:/home/user/.m2/repository/org/apache/httpcomponents/httpclient/4.5.2/httpclient-4.5.2.jar:/home/user/.m2/repository/org/apache/httpcomponents/httpcore/4.4.4/httpcore-4.4.4.jar:/home/user/.m2/repository/commons-codec/commons-codec/1.11/commons-codec-1.11.jar:/home/user/.m2/repository/commons-io/commons-io/2.5/commons-io-2.5.jar:/home/user/.m2/repository/commons-net/commons-net/3.6/commons-net-3.6.jar:/home/user/.m2/repository/commons-collections/commons-collections/3.2.2/commons-collections-3.2.2.jar:/home/user/.m2/repository/javax/servlet/javax.servlet-api/3.1.0/javax.servlet-api-3.1.0.jar:/home/user/.m2/repository/org/eclipse/jetty/jetty-server/9.3.24.v20180605/jetty-server-9.3.24.v20180605.jar:/home/user/.m2/repository/org/eclipse/jetty/jetty-http/9.3.24.v20180605/jetty-http-9.3.24.v20180605.jar:/home/user/.m2/repository/org/eclipse/jetty/jetty-io/9.3.24.v20180605/jetty-io-9.3.24.v20180605.jar:/home/user/.m2/repository/org/eclipse/jetty/jetty-util/9.3.24.v20180605/jetty-util-9.3.24.v20180605.jar:/home/user/.m2/repository/org/eclipse/jetty/jetty-servlet/9.3.24.v20180605/jetty-servlet-9.3.24.v20180605.jar:/home/user/.m2/repository/org/eclipse/jetty/jetty-security/9.3.24.v20180605/jetty-security-9.3.24.v20180605.jar:/home/user/.m2/repository/org/eclipse/jetty/jetty-webapp/9.3.24.v20180605/jetty-webapp-9.3.24.v20180605.jar:/home/user/.m2/repository/org/eclipse/jetty/jetty-xml/9.3.24.v20180605/jetty-xml-9.3.24.v20180605.jar:/home/user/.m2/repository/javax/servlet/jsp/jsp-api/2.1/jsp-api-2.1.jar:/home/user/.m2/repository/com/sun/jersey/jersey-core/1.19/jersey-core-1.19.jar:/home/user/.m2/repository/javax/ws/rs/jsr311-api/1.1.1/jsr311-api-1.1.1.jar:/home/user/.m2/repository/com/sun/jersey/jersey-servlet/1.19/jersey-servlet-1.19.jar:/home/user/.m2/repository/com/sun/jersey/jersey-json/1.19/jersey-json-1.19.jar:/home/user/.m2/repository/org/codehaus/jettison/jettison/1.1/jettison-1.1.jar:/home/user/.m2/repository/com/sun/xml/bind/jaxb-impl/2.3.0.1/jaxb-impl-2.3.0.1.jar:/home/user/.m2/repository/org/codehaus/jackson/jackson-core-asl/1.9.13/jackson-core-asl-1.9.13.jar:/home/user/.m2/repository/org/codehaus/jackson/jackson-mapper-asl/1.9.13/jackson-mapper-asl-1.9.13.jar:/home/user/.m2/repository/org/codehaus/jackson/jackson-jaxrs/1.9.13/jackson-jaxrs-1.9.13.jar:/home/user/.m2/repository/org/codehaus/jackson/jackson-xc/1.9.13/jackson-xc-1.9.13.jar:/home/user/.m2/repository/com/sun/jersey/jersey-server/1.19/jersey-server-1.19.jar:/home/user/.m2/repository/commons-logging/commons-logging/1.1.3/commons-logging-1.1.3.jar:/home/user/.m2/repository/log4j/log4j/1.2.17/log4j-1.2.17.jar:/home/user/.m2/repository/commons-beanutils/commons-beanutils/1.9.3/commons-beanutils-1.9.3.jar:/home/user/.m2/repository/org/apache/commons/commons-configuration2/2.1.1/commons-configuration2-2.1.1.jar:/home/user/.m2/repository/org/apache/commons/commons-lang3/3.7/commons-lang3-3.7.jar:/home/user/.m2/repository/org/apache/commons/commons-text/1.4/commons-text-1.4.jar:/home/user/.m2/repository/org/slf4j/slf4j-api/1.7.25/slf4j-api-1.7.25.jar:/home/user/.m2/repository/org/slf4j/slf4j-log4j12/1.7.25/slf4j-log4j12-1.7.25.jar:/home/user/.m2/repository/org/apache/avro/avro/1.7.7/avro-1.7.7.jar:/home/user/.m2/repository/com/thoughtworks/paranamer/paranamer/2.3/paranamer-2.3.jar:/home/user/.m2/repository/org/xerial/snappy/snappy-java/1.0.5/snappy-java-1.0.5.jar:/home/user/.m2/repository/com/google/re2j/re2j/1.1/re2j-1.1.jar:/home/user/.m2/repository/com/google/protobuf/protobuf-java/2.5.0/protobuf-java-2.5.0.jar:/home/user/.m2/repository/com/google/code/gson/gson/2.2.4/gson-2.2.4.jar:/home/user/.m2/repository/org/apache/hadoop/hadoop-auth/3.2.0/hadoop-auth-3.2.0.jar:/home/user/.m2/repository/com/nimbusds/nimbus-jose-jwt/4.41.1/nimbus-jose-jwt-4.41.1.jar:/home/user/.m2/repository/com/github/stephenc/jcip/jcip-annotations/1.0-1/jcip-annotations-1.0-1.jar:/home/user/.m2/repository/net/minidev/json-smart/2.3/json-smart-2.3.jar:/home/user/.m2/repository/net/minidev/accessors-smart/1.2/accessors-smart-1.2.jar:/home/user/.m2/repository/org/apache/curator/curator-framework/2.12.0/curator-framework-2.12.0.jar:/home/user/.m2/repository/com/jcraft/jsch/0.1.54/jsch-0.1.54.jar:/home/user/.m2/repository/org/apache/curator/curator-client/2.12.0/curator-client-2.12.0.jar:/home/user/.m2/repository/org/apache/curator/curator-recipes/2.12.0/curator-recipes-2.12.0.jar:/home/user/.m2/repository/com/google/code/findbugs/jsr305/3.0.0/jsr305-3.0.0.jar:/home/user/.m2/repository/org/apache/htrace/htrace-core4/4.1.0-incubating/htrace-core4-4.1.0-incubating.jar:/home/user/.m2/repository/org/apache/zookeeper/zookeeper/3.4.13/zookeeper-3.4.13.jar:/home/user/.m2/repository/org/apache/yetus/audience-annotations/0.5.0/audience-annotations-0.5.0.jar:/home/user/.m2/repository/org/apache/commons/commons-compress/1.4.1/commons-compress-1.4.1.jar:/home/user/.m2/repository/org/tukaani/xz/1.0/xz-1.0.jar:/home/user/.m2/repository/org/apache/kerby/kerb-simplekdc/1.0.1/kerb-simplekdc-1.0.1.jar:/home/user/.m2/repository/org/apache/kerby/kerb-client/1.0.1/kerb-client-1.0.1.jar:/home/user/.m2/repository/org/apache/kerby/kerby-config/1.0.1/kerby-config-1.0.1.jar:/home/user/.m2/repository/org/apache/kerby/kerb-core/1.0.1/kerb-core-1.0.1.jar:/home/user/.m2/repository/org/apache/kerby/kerby-pkix/1.0.1/kerby-pkix-1.0.1.jar:/home/user/.m2/repository/org/apache/kerby/kerby-asn1/1.0.1/kerby-asn1-1.0.1.jar:/home/user/.m2/repository/org/apache/kerby/kerby-util/1.0.1/kerby-util-1.0.1.jar:/home/user/.m2/repository/org/apache/kerby/kerb-common/1.0.1/kerb-common-1.0.1.jar:/home/user/.m2/repository/org/apache/kerby/kerb-crypto/1.0.1/kerb-crypto-1.0.1.jar:/home/user/.m2/repository/org/apache/kerby/kerb-util/1.0.1/kerb-util-1.0.1.jar:/home/user/.m2/repository/org/apache/kerby/token-provider/1.0.1/token-provider-1.0.1.jar:/home/user/.m2/repository/org/apache/kerby/kerb-admin/1.0.1/kerb-admin-1.0.1.jar:/home/user/.m2/repository/org/apache/kerby/kerb-server/1.0.1/kerb-server-1.0.1.jar:/home/user/.m2/repository/org/apache/kerby/kerb-identity/1.0.1/kerb-identity-1.0.1.jar:/home/user/.m2/repository/org/apache/kerby/kerby-xdr/1.0.1/kerby-xdr-1.0.1.jar:/home/user/.m2/repository/com/fasterxml/jackson/core/jackson-databind/2.9.5/jackson-databind-2.9.5.jar:/home/user/.m2/repository/com/fasterxml/jackson/core/jackson-annotations/2.9.5/jackson-annotations-2.9.5.jar:/home/user/.m2/repository/com/fasterxml/jackson/core/jackson-core/2.9.5/jackson-core-2.9.5.jar:/home/user/.m2/repository/org/codehaus/woodstox/stax2-api/3.1.4/stax2-api-3.1.4.jar:/home/user/.m2/repository/com/fasterxml/woodstox/woodstox-core/5.0.3/woodstox-core-5.0.3.jar:/home/user/.m2/repository/dnsjava/dnsjava/2.1.7/dnsjava-2.1.7.jar:/home/user/.m2/repository/org/apache/hadoop/hadoop-hdfs/3.2.0/hadoop-hdfs-3.2.0.jar:/home/user/.m2/repository/org/eclipse/jetty/jetty-util-ajax/9.3.24.v20180605/jetty-util-ajax-9.3.24.v20180605.jar:/home/user/.m2/repository/commons-daemon/commons-daemon/1.0.13/commons-daemon-1.0.13.jar:/home/user/.m2/repository/io/netty/netty/3.10.5.Final/netty-3.10.5.Final.jar:/home/user/.m2/repository/io/netty/netty-all/4.0.52.Final/netty-all-4.0.52.Final.jar:/home/user/.m2/repository/org/fusesource/leveldbjni/leveldbjni-all/1.8/leveldbjni-all-1.8.jar:/home/user/.m2/repository/org/apache/hadoop/hadoop-hdds-common/0.5.0-SNAPSHOT/hadoop-hdds-common-0.5.0-SNAPSHOT.jar:/home/user/.m2/repository/org/apache/hadoop/hadoop-hdds-config/0.5.0-SNAPSHOT/hadoop-hdds-config-0.5.0-SNAPSHOT.jar:/home/user/.m2/repository/javax/annotation/javax.annotation-api/1.2/javax.annotation-api-1.2.jar:/home/user/.m2/repository/org/apache/ratis/ratis-server/0.4.0-2337318-SNAPSHOT/ratis-server-0.4.0-2337318-SNAPSHOT.jar:/home/user/.m2/repository/org/apache/ratis/ratis-thirdparty-misc/0.2.0/ratis-thirdparty-misc-0.2.0.jar:/home/user/.m2/repository/org/apache/ratis/ratis-proto/0.4.0-2337318-SNAPSHOT/ratis-proto-0.4.0-2337318-SNAPSHOT.jar:/home/user/.m2/repository/org/apache/ratis/ratis-common/0.4.0-2337318-SNAPSHOT/ratis-common-0.4.0-2337318-SNAPSHOT.jar:/home/user/.m2/repository/org/apache/ratis/ratis-client/0.4.0-2337318-SNAPSHOT/ratis-client-0.4.0-2337318-SNAPSHOT.jar:/home/user/.m2/repository/org/apache/ratis/ratis-metrics/0.4.0-2337318-SNAPSHOT/ratis-metrics-0.4.0-2337318-SNAPSHOT.jar:/home/user/.m2/repository/org/apache/ratis/ratis-netty/0.4.0-2337318-SNAPSHOT/ratis-netty-0.4.0-2337318-SNAPSHOT.jar:/home/user/.m2/repository/org/apache/ratis/ratis-grpc/0.4.0-2337318-SNAPSHOT/ratis-grpc-0.4.0-2337318-SNAPSHOT.jar:/home/user/.m2/repository/org/rocksdb/rocksdbjni/6.0.1/rocksdbjni-6.0.1.jar:/home/user/.m2/repository/org/apache/logging/log4j/log4j-api/2.11.0/log4j-api-2.11.0.jar:/home/user/.m2/repository/org/apache/logging/log4j/log4j-core/2.11.0/log4j-core-2.11.0.jar:/home/user/.m2/repository/com/lmax/disruptor/3.4.2/disruptor-3.4.2.jar:/home/user/.m2/repository/org/apache/commons/commons-pool2/2.6.0/commons-pool2-2.6.0.jar:/home/user/.m2/repository/org/bouncycastle/bcpkix-jdk15on/1.60/bcpkix-jdk15on-1.60.jar:/home/user/.m2/repository/commons-validator/commons-validator/1.6/commons-validator-1.6.jar:/home/user/.m2/repository/commons-digester/commons-digester/1.8.1/commons-digester-1.8.1.jar:/home/user/.m2/repository/io/jaegertracing/jaeger-client/0.33.1/jaeger-client-0.33.1.jar:/home/user/.m2/repository/io/jaegertracing/jaeger-thrift/0.33.1/jaeger-thrift-0.33.1.jar:/home/user/.m2/repository/org/apache/thrift/libthrift/0.11.0/libthrift-0.11.0.jar:/home/user/.m2/repository/com/squareup/okhttp3/okhttp/3.9.0/okhttp-3.9.0.jar:/home/user/.m2/repository/com/squareup/okio/okio/1.13.0/okio-1.13.0.jar:/home/user/.m2/repository/io/jaegertracing/jaeger-core/0.33.1/jaeger-core-0.33.1.jar:/home/user/.m2/repository/io/jaegertracing/jaeger-tracerresolver/0.33.1/jaeger-tracerresolver-0.33.1.jar:/home/user/.m2/repository/io/opentracing/contrib/opentracing-tracerresolver/0.1.5/opentracing-tracerresolver-0.1.5.jar:/home/user/.m2/repository/io/opentracing/opentracing-util/0.31.0/opentracing-util-0.31.0.jar:/home/user/.m2/repository/io/opentracing/opentracing-api/0.31.0/opentracing-api-0.31.0.jar:/home/user/.m2/repository/io/opentracing/opentracing-noop/0.31.0/opentracing-noop-0.31.0.jar:/home/user/.m2/repository/org/yaml/snakeyaml/1.16/snakeyaml-1.16.jar:/home/user/.m2/repository/org/apache/hadoop/hadoop-hdfs-client/3.2.0/hadoop-hdfs-client-3.2.0.jar:/home/user/.m2/repository/info/picocli/picocli/3.9.6/picocli-3.9.6.jar:/home/user/.m2/repository/org/apache/hadoop/hadoop-hdds-server-scm/0.5.0-SNAPSHOT/hadoop-hdds-server-scm-0.5.0-SNAPSHOT.jar:/home/user/.m2/repository/org/apache/hadoop/hadoop-hdds-docs/0.5.0-SNAPSHOT/hadoop-hdds-docs-0.5.0-SNAPSHOT.jar:/home/user/.m2/repository/io/dropwizard/metrics/metrics-core/3.2.4/metrics-core-3.2.4.jar:/home/user/.m2/repository/org/hamcrest/hamcrest-all/1.3/hamcrest-all-1.3.jar:/home/user/.m2/repository/org/bouncycastle/bcprov-jdk15on/1.60/bcprov-jdk15on-1.60.jar:/home/user/.m2/repository/org/apache/hadoop/hadoop-hdds-server-framework/0.5.0-SNAPSHOT/hadoop-hdds-server-framework-0.5.0-SNAPSHOT.jar:/home/user/.m2/repository/org/apache/hadoop/hadoop-ozone-ozone-manager/0.5.0-SNAPSHOT/hadoop-ozone-ozone-manager-0.5.0-SNAPSHOT.jar:/home/user/.m2/repository/org/apache/hadoop/hadoop-hdds-container-service/0.5.0-SNAPSHOT/hadoop-hdds-container-service-0.5.0-SNAPSHOT.jar:/home/user/.m2/repository/org/apache/hadoop/hadoop-hdds-client/0.5.0-SNAPSHOT/hadoop-hdds-client-0.5.0-SNAPSHOT.jar:/home/user/.m2/repository/org/apache/hadoop/hadoop-ozone-common/0.5.0-SNAPSHOT/hadoop-ozone-common-0.5.0-SNAPSHOT.jar:/home/user/.m2/repository/org/apache/hadoop/hadoop-hdds-tools/0.5.0-SNAPSHOT/hadoop-hdds-tools-0.5.0-SNAPSHOT.jar:/home/user/.m2/repository/org/xerial/sqlite-jdbc/3.25.2/sqlite-jdbc-3.25.2.jar:/home/user/.m2/repository/org/apache/hadoop/hadoop-ozone-objectstore-service/0.5.0-SNAPSHOT/hadoop-ozone-objectstore-service-0.5.0-SNAPSHOT.jar:/home/user/.m2/repository/com/google/code/findbugs/findbugs/3.0.1/findbugs-3.0.1.jar:/home/user/.m2/repository/net/jcip/jcip-annotations/1.0/jcip-annotations-1.0.jar:/home/user/.m2/repository/com/google/code/findbugs/bcel-findbugs/6.0/bcel-findbugs-6.0.jar:/home/user/.m2/repository/com/google/code/findbugs/jFormatString/2.0.1/jFormatString-2.0.1.jar:/home/user/.m2/repository/dom4j/dom4j/1.6.1/dom4j-1.6.1.jar:/home/user/.m2/repository/xml-apis/xml-apis/1.0.b2/xml-apis-1.0.b2.jar:/home/user/.m2/repository/org/ow2/asm/asm-debug-all/5.0.2/asm-debug-all-5.0.2.jar:/home/user/.m2/repository/org/ow2/asm/asm-commons/5.0.2/asm-commons-5.0.2.jar:/home/user/.m2/repository/org/ow2/asm/asm-tree/5.0.2/asm-tree-5.0.2.jar:/home/user/.m2/repository/org/ow2/asm/asm/5.0.4/asm-5.0.4.jar:/home/user/.m2/repository/commons-lang/commons-lang/2.6/commons-lang-2.6.jar:/home/user/.m2/repository/com/apple/AppleJavaExtensions/1.4/AppleJavaExtensions-1.4.jar:/home/user/.m2/repository/jaxen/jaxen/1.1.6/jaxen-1.1.6.jar:/home/user/.m2/repository/org/apache/hadoop/hadoop-common/3.2.0/hadoop-common-3.2.0-tests.jar:/home/user/.m2/repository/org/apache/hadoop/hadoop-ozone-client/0.5.0-SNAPSHOT/hadoop-ozone-client-0.5.0-SNAPSHOT.jar:/home/user/.m2/repository/org/apache/hadoop/hadoop-hdfs/3.2.0/hadoop-hdfs-3.2.0-tests.jar:/workdir/hadoop-ozone/integration-test/target/test-classes:/home/user/.m2/repository/org/apache/hadoop/hadoop-ozone-s3gateway/0.5.0-SNAPSHOT/hadoop-ozone-s3gateway-0.5.0-SNAPSHOT.jar:/home/user/.m2/repository/org/jboss/weld/servlet/weld-servlet/2.4.7.Final/weld-servlet-2.4.7.Final.jar:/home/user/.m2/repository/org/glassfish/jersey/containers/jersey-container-servlet-core/2.27/jersey-container-servlet-core-2.27.jar:/home/user/.m2/repository/org/glassfish/hk2/external/javax.inject/2.5.0-b42/javax.inject-2.5.0-b42.jar:/home/user/.m2/repository/org/glassfish/jersey/core/jersey-common/2.27/jersey-common-2.27.jar:/home/user/.m2/repository/org/glassfish/hk2/osgi-resource-locator/1.0.1/osgi-resource-locator-1.0.1.jar:/home/user/.m2/repository/javax/ws/rs/javax.ws.rs-api/2.1/javax.ws.rs-api-2.1.jar:/home/user/.m2/repository/org/glassfish/jersey/ext/cdi/jersey-cdi1x/2.27/jersey-cdi1x-2.27.jar:/home/user/.m2/repository/org/glassfish/jersey/inject/jersey-hk2/2.27/jersey-hk2-2.27.jar:/home/user/.m2/repository/org/glassfish/hk2/hk2-locator/2.5.0-b42/hk2-locator-2.5.0-b42.jar:/home/user/.m2/repository/org/javassist/javassist/3.22.0-CR2/javassist-3.22.0-CR2.jar:/home/user/.m2/repository/org/glassfish/hk2/hk2-api/2.5.0/hk2-api-2.5.0.jar:/home/user/.m2/repository/org/glassfish/hk2/external/jakarta.inject/2.5.0/jakarta.inject-2.5.0.jar:/home/user/.m2/repository/org/glassfish/hk2/hk2-utils/2.5.0/hk2-utils-2.5.0.jar:/home/user/.m2/repository/jakarta/annotation/jakarta.annotation-api/1.3.4/jakarta.annotation-api-1.3.4.jar:/home/user/.m2/repository/org/glassfish/hk2/external/aopalliance-repackaged/2.5.0/aopalliance-repackaged-2.5.0.jar:/home/user/.m2/repository/com/fasterxml/jackson/dataformat/jackson-dataformat-xml/2.9.0/jackson-dataformat-xml-2.9.0.jar:/home/user/.m2/repository/com/fasterxml/jackson/module/jackson-module-jaxb-annotations/2.9.5/jackson-module-jaxb-annotations-2.9.5.jar:/home/user/.m2/repository/javax/enterprise/cdi-api/1.2/cdi-api-1.2.jar:/home/user/.m2/repository/javax/el/javax.el-api/3.0.0/javax.el-api-3.0.0.jar:/home/user/.m2/repository/javax/interceptor/javax.interceptor-api/1.2/javax.interceptor-api-1.2.jar:/home/user/.m2/repository/javax/inject/javax.inject/1/javax.inject-1.jar:/home/user/.m2/repository/com/sun/xml/bind/jaxb-core/2.3.0.1/jaxb-core-2.3.0.1.jar:/home/user/.m2/repository/javax/xml/bind/jaxb-api/2.3.0/jaxb-api-2.3.0.jar:/home/user/.m2/repository/javax/activation/activation/1.1.1/activation-1.1.1.jar:/home/user/.m2/repository/org/apache/hadoop/hadoop-ozone-csi/0.5.0-SNAPSHOT/hadoop-ozone-csi-0.5.0-SNAPSHOT.jar:/home/user/.m2/repository/com/google/protobuf/protobuf-java-util/3.5.1/protobuf-java-util-3.5.1.jar:/home/user/.m2/repository/io/grpc/grpc-netty/1.17.1/grpc-netty-1.17.1.jar:/home/user/.m2/repository/io/grpc/grpc-core/1.17.1/grpc-core-1.17.1.jar:/home/user/.m2/repository/io/grpc/grpc-context/1.17.1/grpc-context-1.17.1.jar:/home/user/.m2/repository/com/google/errorprone/error_prone_annotations/2.2.0/error_prone_annotations-2.2.0.jar:/home/user/.m2/repository/org/codehaus/mojo/animal-sniffer-annotations/1.17/animal-sniffer-annotations-1.17.jar:/home/user/.m2/repository/io/opencensus/opencensus-api/0.17.0/opencensus-api-0.17.0.jar:/home/user/.m2/repository/io/opencensus/opencensus-contrib-grpc-metrics/0.17.0/opencensus-contrib-grpc-metrics-0.17.0.jar:/home/user/.m2/repository/io/netty/netty-codec-http2/4.1.30.Final/netty-codec-http2-4.1.30.Final.jar:/home/user/.m2/repository/io/netty/netty-codec-http/4.1.30.Final/netty-codec-http-4.1.30.Final.jar:/home/user/.m2/repository/io/netty/netty-codec/4.1.30.Final/netty-codec-4.1.30.Final.jar:/home/user/.m2/repository/io/netty/netty-handler/4.1.30.Final/netty-handler-4.1.30.Final.jar:/home/user/.m2/repository/io/netty/netty-handler-proxy/4.1.30.Final/netty-handler-proxy-4.1.30.Final.jar:/home/user/.m2/repository/io/netty/netty-codec-socks/4.1.30.Final/netty-codec-socks-4.1.30.Final.jar:/home/user/.m2/repository/io/netty/netty-transport-native-epoll/4.1.30.Final/netty-transport-native-epoll-4.1.30.Final.jar:/home/user/.m2/repository/io/netty/netty-common/4.1.30.Final/netty-common-4.1.30.Final.jar:/home/user/.m2/repository/io/netty/netty-buffer/4.1.30.Final/netty-buffer-4.1.30.Final.jar:/home/user/.m2/repository/io/netty/netty-transport/4.1.30.Final/netty-transport-4.1.30.Final.jar:/home/user/.m2/repository/io/netty/netty-resolver/4.1.30.Final/netty-resolver-4.1.30.Final.jar:/home/user/.m2/repository/io/netty/netty-transport-native-unix-common/4.1.30.Final/netty-transport-native-unix-common-4.1.30.Final.jar:/home/user/.m2/repository/io/grpc/grpc-protobuf/1.17.1/grpc-protobuf-1.17.1.jar:/home/user/.m2/repository/com/google/api/grpc/proto-google-common-protos/1.0.0/proto-google-common-protos-1.0.0.jar:/home/user/.m2/repository/io/grpc/grpc-protobuf-lite/1.17.1/grpc-protobuf-lite-1.17.1.jar:/home/user/.m2/repository/io/grpc/grpc-stub/1.17.1/grpc-stub-1.17.1.jar:/home/user/.m2/repository/org/apache/hadoop/hadoop-ozone-recon/0.5.0-SNAPSHOT/hadoop-ozone-recon-0.5.0-SNAPSHOT.jar:/home/user/.m2/repository/org/apache/hadoop/hadoop-ozone-reconcodegen/0.5.0-SNAPSHOT/hadoop-ozone-reconcodegen-0.5.0-SNAPSHOT.jar:/home/user/.m2/repository/com/google/inject/extensions/guice-multibindings/4.0/guice-multibindings-4.0.jar:/home/user/.m2/repository/com/google/inject/guice/4.0/guice-4.0.jar:/home/user/.m2/repository/aopalliance/aopalliance/1.0/aopalliance-1.0.jar:/home/user/.m2/repository/org/glassfish/jersey/containers/jersey-container-servlet/2.27/jersey-container-servlet-2.27.jar:/home/user/.m2/repository/org/glassfish/hk2/guice-bridge/2.5.0/guice-bridge-2.5.0.jar:/home/user/.m2/repository/org/glassfish/jersey/core/jersey-server/2.27/jersey-server-2.27.jar:/home/user/.m2/repository/org/glassfish/jersey/core/jersey-client/2.27/jersey-client-2.27.jar:/home/user/.m2/repository/org/glassfish/jersey/media/jersey-media-jaxb/2.27/jersey-media-jaxb-2.27.jar:/home/user/.m2/repository/javax/validation/validation-api/1.1.0.Final/validation-api-1.1.0.Final.jar:/home/user/.m2/repository/org/glassfish/jersey/media/jersey-media-json-jackson/2.27/jersey-media-json-jackson-2.27.jar:/home/user/.m2/repository/org/glassfish/jersey/ext/jersey-entity-filtering/2.27/jersey-entity-filtering-2.27.jar:/home/user/.m2/repository/com/google/inject/extensions/guice-assistedinject/4.0/guice-assistedinject-4.0.jar:/home/user/.m2/repository/org/jooq/jooq/3.11.10/jooq-3.11.10.jar:/home/user/.m2/repository/org/jooq/jooq-meta/3.11.10/jooq-meta-3.11.10.jar:/home/user/.m2/repository/org/jooq/jooq-codegen/3.11.10/jooq-codegen-3.11.10.jar:/home/user/.m2/repository/com/jolbox/bonecp/0.8.0.RELEASE/bonecp-0.8.0.RELEASE.jar:/home/user/.m2/repository/org/springframework/spring-jdbc/5.1.3.RELEASE/spring-jdbc-5.1.3.RELEASE.jar:/home/user/.m2/repository/org/springframework/spring-beans/5.1.3.RELEASE/spring-beans-5.1.3.RELEASE.jar:/home/user/.m2/repository/org/springframework/spring-core/5.1.3.RELEASE/spring-core-5.1.3.RELEASE.jar:/home/user/.m2/repository/org/springframework/spring-jcl/5.1.3.RELEASE/spring-jcl-5.1.3.RELEASE.jar:/home/user/.m2/repository/org/springframework/spring-tx/5.1.3.RELEASE/spring-tx-5.1.3.RELEASE.jar:/home/user/.m2/repository/org/mockito/mockito-all/1.10.19/mockito-all-1.10.19.jar:/home/user/.m2/repository/junit/junit/4.11/junit-4.11.jar:/home/user/.m2/repository/org/hamcrest/hamcrest-core/1.3/hamcrest-core-1.3.jar:/home/user/.m2/repository/org/apache/hadoop/hadoop-distcp/3.2.0/hadoop-distcp-3.2.0.jar:/home/user/.m2/repository/org/apache/hadoop/hadoop-distcp/3.2.0/hadoop-distcp-3.2.0-tests.jar:/home/user/.m2/repository/org/apache/hadoop/hadoop-mapreduce-client-jobclient/3.2.0/hadoop-mapreduce-client-jobclient-3.2.0.jar:/home/user/.m2/repository/org/apache/hadoop/hadoop-mapreduce-client-common/3.2.0/hadoop-mapreduce-client-common-3.2.0.jar:/home/user/.m2/repository/org/apache/hadoop/hadoop-yarn-common/3.2.0/hadoop-yarn-common-3.2.0.jar:/home/user/.m2/repository/org/apache/hadoop/hadoop-yarn-api/3.2.0/hadoop-yarn-api-3.2.0.jar:/home/user/.m2/repository/com/sun/jersey/jersey-client/1.19/jersey-client-1.19.jar:/home/user/.m2/repository/com/sun/jersey/contribs/jersey-guice/1.19/jersey-guice-1.19.jar:/home/user/.m2/repository/com/fasterxml/jackson/jaxrs/jackson-jaxrs-json-provider/2.9.5/jackson-jaxrs-json-provider-2.9.5.jar:/home/user/.m2/repository/com/fasterxml/jackson/jaxrs/jackson-jaxrs-base/2.9.5/jackson-jaxrs-base-2.9.5.jar:/home/user/.m2/repository/org/apache/hadoop/hadoop-yarn-client/3.2.0/hadoop-yarn-client-3.2.0.jar:/home/user/.m2/repository/org/apache/hadoop/hadoop-mapreduce-client-core/3.2.0/hadoop-mapreduce-client-core-3.2.0.jar:/home/user/.m2/repository/com/google/inject/extensions/guice-servlet/4.0/guice-servlet-4.0.jar:/home/user/.m2/repository/org/powermock/powermock-module-junit4/1.6.5/powermock-module-junit4-1.6.5.jar:/home/user/.m2/repository/org/powermock/powermock-module-junit4-common/1.6.5/powermock-module-junit4-common-1.6.5.jar:/home/user/.m2/repository/org/powermock/powermock-core/1.6.5/powermock-core-1.6.5.jar:/home/user/.m2/repository/org/powermock/powermock-reflect/1.6.5/powermock-reflect-1.6.5.jar:/home/user/.m2/repository/org/powermock/powermock-api-mockito/1.6.5/powermock-api-mockito-1.6.5.jar:/home/user/.m2/repository/org/mockito/mockito-core/1.10.19/mockito-core-1.10.19.jar:/home/user/.m2/repository/org/objenesis/objenesis/1.0/objenesis-1.0.jar:/home/user/.m2/repository/org/powermock/powermock-api-mockito-common/1.6.5/powermock-api-mockito-common-1.6.5.jar:/home/user/.m2/repository/org/powermock/powermock-api-support/1.6.5/powermock-api-support-1.6.5.jar:"/>
    <property name="java.vm.vendor" value="IcedTea"/>
    <property name="sun.arch.data.model" value="64"/>
    <property name="test.build.dir" value="/workdir/hadoop-ozone/ozonefs/target/test-dir"/>
    <property name="test.cache.data" value=""/>
    <property name="java.vendor.url" value="https://icedtea.classpath.org"/>
    <property name="user.timezone" value=""/>
    <property name="java.vm.specification.version" value="1.8"/>
    <property name="os.name" value="Linux"/>
    <property name="test.build.data" value="/workdir/hadoop-ozone/ozonefs/target/test-dir"/>
    <property name="user.country" value="US"/>
    <property name="sun.java.launcher" value="SUN_STANDARD"/>
    <property name="sun.boot.library.path" value="/usr/lib/jvm/java-1.8-openjdk/jre/lib/amd64"/>
    <property name="sun.java.command" value="/workdir/hadoop-ozone/ozonefs/target/surefire/surefirebooter8349388942428344628.jar /workdir/hadoop-ozone/ozonefs/target/surefire 2019-09-19T08-36-14_945-jvmRun1 surefire4912677440152791376tmp surefire_1014080127308981408279tmp"/>
    <property name="test" value="!TestMiniChaosOzoneCluster"/>
    <property name="surefire.test.class.path" value="/workdir/hadoop-ozone/ozonefs/target/test-classes:/workdir/hadoop-ozone/ozonefs/target/classes:/home/user/.m2/repository/org/apache/hadoop/hadoop-common/3.2.0/hadoop-common-3.2.0.jar:/home/user/.m2/repository/org/apache/hadoop/hadoop-annotations/3.2.0/hadoop-annotations-3.2.0.jar:/usr/lib/jvm/java-1.8-openjdk/jre/../lib/tools.jar:/home/user/.m2/repository/com/google/guava/guava/11.0.2/guava-11.0.2.jar:/home/user/.m2/repository/commons-cli/commons-cli/1.2/commons-cli-1.2.jar:/home/user/.m2/repository/org/apache/commons/commons-math3/3.1.1/commons-math3-3.1.1.jar:/home/user/.m2/repository/org/apache/httpcomponents/httpclient/4.5.2/httpclient-4.5.2.jar:/home/user/.m2/repository/org/apache/httpcomponents/httpcore/4.4.4/httpcore-4.4.4.jar:/home/user/.m2/repository/commons-codec/commons-codec/1.11/commons-codec-1.11.jar:/home/user/.m2/repository/commons-io/commons-io/2.5/commons-io-2.5.jar:/home/user/.m2/repository/commons-net/commons-net/3.6/commons-net-3.6.jar:/home/user/.m2/repository/commons-collections/commons-collections/3.2.2/commons-collections-3.2.2.jar:/home/user/.m2/repository/javax/servlet/javax.servlet-api/3.1.0/javax.servlet-api-3.1.0.jar:/home/user/.m2/repository/org/eclipse/jetty/jetty-server/9.3.24.v20180605/jetty-server-9.3.24.v20180605.jar:/home/user/.m2/repository/org/eclipse/jetty/jetty-http/9.3.24.v20180605/jetty-http-9.3.24.v20180605.jar:/home/user/.m2/repository/org/eclipse/jetty/jetty-io/9.3.24.v20180605/jetty-io-9.3.24.v20180605.jar:/home/user/.m2/repository/org/eclipse/jetty/jetty-util/9.3.24.v20180605/jetty-util-9.3.24.v20180605.jar:/home/user/.m2/repository/org/eclipse/jetty/jetty-servlet/9.3.24.v20180605/jetty-servlet-9.3.24.v20180605.jar:/home/user/.m2/repository/org/eclipse/jetty/jetty-security/9.3.24.v20180605/jetty-security-9.3.24.v20180605.jar:/home/user/.m2/repository/org/eclipse/jetty/jetty-webapp/9.3.24.v20180605/jetty-webapp-9.3.24.v20180605.jar:/home/user/.m2/repository/org/eclipse/jetty/jetty-xml/9.3.24.v20180605/jetty-xml-9.3.24.v20180605.jar:/home/user/.m2/repository/javax/servlet/jsp/jsp-api/2.1/jsp-api-2.1.jar:/home/user/.m2/repository/com/sun/jersey/jersey-core/1.19/jersey-core-1.19.jar:/home/user/.m2/repository/javax/ws/rs/jsr311-api/1.1.1/jsr311-api-1.1.1.jar:/home/user/.m2/repository/com/sun/jersey/jersey-servlet/1.19/jersey-servlet-1.19.jar:/home/user/.m2/repository/com/sun/jersey/jersey-json/1.19/jersey-json-1.19.jar:/home/user/.m2/repository/org/codehaus/jettison/jettison/1.1/jettison-1.1.jar:/home/user/.m2/repository/com/sun/xml/bind/jaxb-impl/2.3.0.1/jaxb-impl-2.3.0.1.jar:/home/user/.m2/repository/org/codehaus/jackson/jackson-core-asl/1.9.13/jackson-core-asl-1.9.13.jar:/home/user/.m2/repository/org/codehaus/jackson/jackson-mapper-asl/1.9.13/jackson-mapper-asl-1.9.13.jar:/home/user/.m2/repository/org/codehaus/jackson/jackson-jaxrs/1.9.13/jackson-jaxrs-1.9.13.jar:/home/user/.m2/repository/org/codehaus/jackson/jackson-xc/1.9.13/jackson-xc-1.9.13.jar:/home/user/.m2/repository/com/sun/jersey/jersey-server/1.19/jersey-server-1.19.jar:/home/user/.m2/repository/commons-logging/commons-logging/1.1.3/commons-logging-1.1.3.jar:/home/user/.m2/repository/log4j/log4j/1.2.17/log4j-1.2.17.jar:/home/user/.m2/repository/commons-beanutils/commons-beanutils/1.9.3/commons-beanutils-1.9.3.jar:/home/user/.m2/repository/org/apache/commons/commons-configuration2/2.1.1/commons-configuration2-2.1.1.jar:/home/user/.m2/repository/org/apache/commons/commons-lang3/3.7/commons-lang3-3.7.jar:/home/user/.m2/repository/org/apache/commons/commons-text/1.4/commons-text-1.4.jar:/home/user/.m2/repository/org/slf4j/slf4j-api/1.7.25/slf4j-api-1.7.25.jar:/home/user/.m2/repository/org/slf4j/slf4j-log4j12/1.7.25/slf4j-log4j12-1.7.25.jar:/home/user/.m2/repository/org/apache/avro/avro/1.7.7/avro-1.7.7.jar:/home/user/.m2/repository/com/thoughtworks/paranamer/paranamer/2.3/paranamer-2.3.jar:/home/user/.m2/repository/org/xerial/snappy/snappy-java/1.0.5/snappy-java-1.0.5.jar:/home/user/.m2/repository/com/google/re2j/re2j/1.1/re2j-1.1.jar:/home/user/.m2/repository/com/google/protobuf/protobuf-java/2.5.0/protobuf-java-2.5.0.jar:/home/user/.m2/repository/com/google/code/gson/gson/2.2.4/gson-2.2.4.jar:/home/user/.m2/repository/org/apache/hadoop/hadoop-auth/3.2.0/hadoop-auth-3.2.0.jar:/home/user/.m2/repository/com/nimbusds/nimbus-jose-jwt/4.41.1/nimbus-jose-jwt-4.41.1.jar:/home/user/.m2/repository/com/github/stephenc/jcip/jcip-annotations/1.0-1/jcip-annotations-1.0-1.jar:/home/user/.m2/repository/net/minidev/json-smart/2.3/json-smart-2.3.jar:/home/user/.m2/repository/net/minidev/accessors-smart/1.2/accessors-smart-1.2.jar:/home/user/.m2/repository/org/apache/curator/curator-framework/2.12.0/curator-framework-2.12.0.jar:/home/user/.m2/repository/com/jcraft/jsch/0.1.54/jsch-0.1.54.jar:/home/user/.m2/repository/org/apache/curator/curator-client/2.12.0/curator-client-2.12.0.jar:/home/user/.m2/repository/org/apache/curator/curator-recipes/2.12.0/curator-recipes-2.12.0.jar:/home/user/.m2/repository/com/google/code/findbugs/jsr305/3.0.0/jsr305-3.0.0.jar:/home/user/.m2/repository/org/apache/htrace/htrace-core4/4.1.0-incubating/htrace-core4-4.1.0-incubating.jar:/home/user/.m2/repository/org/apache/zookeeper/zookeeper/3.4.13/zookeeper-3.4.13.jar:/home/user/.m2/repository/org/apache/yetus/audience-annotations/0.5.0/audience-annotations-0.5.0.jar:/home/user/.m2/repository/org/apache/commons/commons-compress/1.4.1/commons-compress-1.4.1.jar:/home/user/.m2/repository/org/tukaani/xz/1.0/xz-1.0.jar:/home/user/.m2/repository/org/apache/kerby/kerb-simplekdc/1.0.1/kerb-simplekdc-1.0.1.jar:/home/user/.m2/repository/org/apache/kerby/kerb-client/1.0.1/kerb-client-1.0.1.jar:/home/user/.m2/repository/org/apache/kerby/kerby-config/1.0.1/kerby-config-1.0.1.jar:/home/user/.m2/repository/org/apache/kerby/kerb-core/1.0.1/kerb-core-1.0.1.jar:/home/user/.m2/repository/org/apache/kerby/kerby-pkix/1.0.1/kerby-pkix-1.0.1.jar:/home/user/.m2/repository/org/apache/kerby/kerby-asn1/1.0.1/kerby-asn1-1.0.1.jar:/home/user/.m2/repository/org/apache/kerby/kerby-util/1.0.1/kerby-util-1.0.1.jar:/home/user/.m2/repository/org/apache/kerby/kerb-common/1.0.1/kerb-common-1.0.1.jar:/home/user/.m2/repository/org/apache/kerby/kerb-crypto/1.0.1/kerb-crypto-1.0.1.jar:/home/user/.m2/repository/org/apache/kerby/kerb-util/1.0.1/kerb-util-1.0.1.jar:/home/user/.m2/repository/org/apache/kerby/token-provider/1.0.1/token-provider-1.0.1.jar:/home/user/.m2/repository/org/apache/kerby/kerb-admin/1.0.1/kerb-admin-1.0.1.jar:/home/user/.m2/repository/org/apache/kerby/kerb-server/1.0.1/kerb-server-1.0.1.jar:/home/user/.m2/repository/org/apache/kerby/kerb-identity/1.0.1/kerb-identity-1.0.1.jar:/home/user/.m2/repository/org/apache/kerby/kerby-xdr/1.0.1/kerby-xdr-1.0.1.jar:/home/user/.m2/repository/com/fasterxml/jackson/core/jackson-databind/2.9.5/jackson-databind-2.9.5.jar:/home/user/.m2/repository/com/fasterxml/jackson/core/jackson-annotations/2.9.5/jackson-annotations-2.9.5.jar:/home/user/.m2/repository/com/fasterxml/jackson/core/jackson-core/2.9.5/jackson-core-2.9.5.jar:/home/user/.m2/repository/org/codehaus/woodstox/stax2-api/3.1.4/stax2-api-3.1.4.jar:/home/user/.m2/repository/com/fasterxml/woodstox/woodstox-core/5.0.3/woodstox-core-5.0.3.jar:/home/user/.m2/repository/dnsjava/dnsjava/2.1.7/dnsjava-2.1.7.jar:/home/user/.m2/repository/org/apache/hadoop/hadoop-hdfs/3.2.0/hadoop-hdfs-3.2.0.jar:/home/user/.m2/repository/org/eclipse/jetty/jetty-util-ajax/9.3.24.v20180605/jetty-util-ajax-9.3.24.v20180605.jar:/home/user/.m2/repository/commons-daemon/commons-daemon/1.0.13/commons-daemon-1.0.13.jar:/home/user/.m2/repository/io/netty/netty/3.10.5.Final/netty-3.10.5.Final.jar:/home/user/.m2/repository/io/netty/netty-all/4.0.52.Final/netty-all-4.0.52.Final.jar:/home/user/.m2/repository/org/fusesource/leveldbjni/leveldbjni-all/1.8/leveldbjni-all-1.8.jar:/home/user/.m2/repository/org/apache/hadoop/hadoop-hdds-common/0.5.0-SNAPSHOT/hadoop-hdds-common-0.5.0-SNAPSHOT.jar:/home/user/.m2/repository/org/apache/hadoop/hadoop-hdds-config/0.5.0-SNAPSHOT/hadoop-hdds-config-0.5.0-SNAPSHOT.jar:/home/user/.m2/repository/javax/annotation/javax.annotation-api/1.2/javax.annotation-api-1.2.jar:/home/user/.m2/repository/org/apache/ratis/ratis-server/0.4.0-2337318-SNAPSHOT/ratis-server-0.4.0-2337318-SNAPSHOT.jar:/home/user/.m2/repository/org/apache/ratis/ratis-thirdparty-misc/0.2.0/ratis-thirdparty-misc-0.2.0.jar:/home/user/.m2/repository/org/apache/ratis/ratis-proto/0.4.0-2337318-SNAPSHOT/ratis-proto-0.4.0-2337318-SNAPSHOT.jar:/home/user/.m2/repository/org/apache/ratis/ratis-common/0.4.0-2337318-SNAPSHOT/ratis-common-0.4.0-2337318-SNAPSHOT.jar:/home/user/.m2/repository/org/apache/ratis/ratis-client/0.4.0-2337318-SNAPSHOT/ratis-client-0.4.0-2337318-SNAPSHOT.jar:/home/user/.m2/repository/org/apache/ratis/ratis-metrics/0.4.0-2337318-SNAPSHOT/ratis-metrics-0.4.0-2337318-SNAPSHOT.jar:/home/user/.m2/repository/org/apache/ratis/ratis-netty/0.4.0-2337318-SNAPSHOT/ratis-netty-0.4.0-2337318-SNAPSHOT.jar:/home/user/.m2/repository/org/apache/ratis/ratis-grpc/0.4.0-2337318-SNAPSHOT/ratis-grpc-0.4.0-2337318-SNAPSHOT.jar:/home/user/.m2/repository/org/rocksdb/rocksdbjni/6.0.1/rocksdbjni-6.0.1.jar:/home/user/.m2/repository/org/apache/logging/log4j/log4j-api/2.11.0/log4j-api-2.11.0.jar:/home/user/.m2/repository/org/apache/logging/log4j/log4j-core/2.11.0/log4j-core-2.11.0.jar:/home/user/.m2/repository/com/lmax/disruptor/3.4.2/disruptor-3.4.2.jar:/home/user/.m2/repository/org/apache/commons/commons-pool2/2.6.0/commons-pool2-2.6.0.jar:/home/user/.m2/repository/org/bouncycastle/bcpkix-jdk15on/1.60/bcpkix-jdk15on-1.60.jar:/home/user/.m2/repository/commons-validator/commons-validator/1.6/commons-validator-1.6.jar:/home/user/.m2/repository/commons-digester/commons-digester/1.8.1/commons-digester-1.8.1.jar:/home/user/.m2/repository/io/jaegertracing/jaeger-client/0.33.1/jaeger-client-0.33.1.jar:/home/user/.m2/repository/io/jaegertracing/jaeger-thrift/0.33.1/jaeger-thrift-0.33.1.jar:/home/user/.m2/repository/org/apache/thrift/libthrift/0.11.0/libthrift-0.11.0.jar:/home/user/.m2/repository/com/squareup/okhttp3/okhttp/3.9.0/okhttp-3.9.0.jar:/home/user/.m2/repository/com/squareup/okio/okio/1.13.0/okio-1.13.0.jar:/home/user/.m2/repository/io/jaegertracing/jaeger-core/0.33.1/jaeger-core-0.33.1.jar:/home/user/.m2/repository/io/jaegertracing/jaeger-tracerresolver/0.33.1/jaeger-tracerresolver-0.33.1.jar:/home/user/.m2/repository/io/opentracing/contrib/opentracing-tracerresolver/0.1.5/opentracing-tracerresolver-0.1.5.jar:/home/user/.m2/repository/io/opentracing/opentracing-util/0.31.0/opentracing-util-0.31.0.jar:/home/user/.m2/repository/io/opentracing/opentracing-api/0.31.0/opentracing-api-0.31.0.jar:/home/user/.m2/repository/io/opentracing/opentracing-noop/0.31.0/opentracing-noop-0.31.0.jar:/home/user/.m2/repository/org/yaml/snakeyaml/1.16/snakeyaml-1.16.jar:/home/user/.m2/repository/org/apache/hadoop/hadoop-hdfs-client/3.2.0/hadoop-hdfs-client-3.2.0.jar:/home/user/.m2/repository/info/picocli/picocli/3.9.6/picocli-3.9.6.jar:/home/user/.m2/repository/org/apache/hadoop/hadoop-hdds-server-scm/0.5.0-SNAPSHOT/hadoop-hdds-server-scm-0.5.0-SNAPSHOT.jar:/home/user/.m2/repository/org/apache/hadoop/hadoop-hdds-docs/0.5.0-SNAPSHOT/hadoop-hdds-docs-0.5.0-SNAPSHOT.jar:/home/user/.m2/repository/io/dropwizard/metrics/metrics-core/3.2.4/metrics-core-3.2.4.jar:/home/user/.m2/repository/org/hamcrest/hamcrest-all/1.3/hamcrest-all-1.3.jar:/home/user/.m2/repository/org/bouncycastle/bcprov-jdk15on/1.60/bcprov-jdk15on-1.60.jar:/home/user/.m2/repository/org/apache/hadoop/hadoop-hdds-server-framework/0.5.0-SNAPSHOT/hadoop-hdds-server-framework-0.5.0-SNAPSHOT.jar:/home/user/.m2/repository/org/apache/hadoop/hadoop-ozone-ozone-manager/0.5.0-SNAPSHOT/hadoop-ozone-ozone-manager-0.5.0-SNAPSHOT.jar:/home/user/.m2/repository/org/apache/hadoop/hadoop-hdds-container-service/0.5.0-SNAPSHOT/hadoop-hdds-container-service-0.5.0-SNAPSHOT.jar:/home/user/.m2/repository/org/apache/hadoop/hadoop-hdds-client/0.5.0-SNAPSHOT/hadoop-hdds-client-0.5.0-SNAPSHOT.jar:/home/user/.m2/repository/org/apache/hadoop/hadoop-ozone-common/0.5.0-SNAPSHOT/hadoop-ozone-common-0.5.0-SNAPSHOT.jar:/home/user/.m2/repository/org/apache/hadoop/hadoop-hdds-tools/0.5.0-SNAPSHOT/hadoop-hdds-tools-0.5.0-SNAPSHOT.jar:/home/user/.m2/repository/org/xerial/sqlite-jdbc/3.25.2/sqlite-jdbc-3.25.2.jar:/home/user/.m2/repository/org/apache/hadoop/hadoop-ozone-objectstore-service/0.5.0-SNAPSHOT/hadoop-ozone-objectstore-service-0.5.0-SNAPSHOT.jar:/home/user/.m2/repository/com/google/code/findbugs/findbugs/3.0.1/findbugs-3.0.1.jar:/home/user/.m2/repository/net/jcip/jcip-annotations/1.0/jcip-annotations-1.0.jar:/home/user/.m2/repository/com/google/code/findbugs/bcel-findbugs/6.0/bcel-findbugs-6.0.jar:/home/user/.m2/repository/com/google/code/findbugs/jFormatString/2.0.1/jFormatString-2.0.1.jar:/home/user/.m2/repository/dom4j/dom4j/1.6.1/dom4j-1.6.1.jar:/home/user/.m2/repository/xml-apis/xml-apis/1.0.b2/xml-apis-1.0.b2.jar:/home/user/.m2/repository/org/ow2/asm/asm-debug-all/5.0.2/asm-debug-all-5.0.2.jar:/home/user/.m2/repository/org/ow2/asm/asm-commons/5.0.2/asm-commons-5.0.2.jar:/home/user/.m2/repository/org/ow2/asm/asm-tree/5.0.2/asm-tree-5.0.2.jar:/home/user/.m2/repository/org/ow2/asm/asm/5.0.4/asm-5.0.4.jar:/home/user/.m2/repository/commons-lang/commons-lang/2.6/commons-lang-2.6.jar:/home/user/.m2/repository/com/apple/AppleJavaExtensions/1.4/AppleJavaExtensions-1.4.jar:/home/user/.m2/repository/jaxen/jaxen/1.1.6/jaxen-1.1.6.jar:/home/user/.m2/repository/org/apache/hadoop/hadoop-common/3.2.0/hadoop-common-3.2.0-tests.jar:/home/user/.m2/repository/org/apache/hadoop/hadoop-ozone-client/0.5.0-SNAPSHOT/hadoop-ozone-client-0.5.0-SNAPSHOT.jar:/home/user/.m2/repository/org/apache/hadoop/hadoop-hdfs/3.2.0/hadoop-hdfs-3.2.0-tests.jar:/workdir/hadoop-ozone/integration-test/target/test-classes:/home/user/.m2/repository/org/apache/hadoop/hadoop-ozone-s3gateway/0.5.0-SNAPSHOT/hadoop-ozone-s3gateway-0.5.0-SNAPSHOT.jar:/home/user/.m2/repository/org/jboss/weld/servlet/weld-servlet/2.4.7.Final/weld-servlet-2.4.7.Final.jar:/home/user/.m2/repository/org/glassfish/jersey/containers/jersey-container-servlet-core/2.27/jersey-container-servlet-core-2.27.jar:/home/user/.m2/repository/org/glassfish/hk2/external/javax.inject/2.5.0-b42/javax.inject-2.5.0-b42.jar:/home/user/.m2/repository/org/glassfish/jersey/core/jersey-common/2.27/jersey-common-2.27.jar:/home/user/.m2/repository/org/glassfish/hk2/osgi-resource-locator/1.0.1/osgi-resource-locator-1.0.1.jar:/home/user/.m2/repository/javax/ws/rs/javax.ws.rs-api/2.1/javax.ws.rs-api-2.1.jar:/home/user/.m2/repository/org/glassfish/jersey/ext/cdi/jersey-cdi1x/2.27/jersey-cdi1x-2.27.jar:/home/user/.m2/repository/org/glassfish/jersey/inject/jersey-hk2/2.27/jersey-hk2-2.27.jar:/home/user/.m2/repository/org/glassfish/hk2/hk2-locator/2.5.0-b42/hk2-locator-2.5.0-b42.jar:/home/user/.m2/repository/org/javassist/javassist/3.22.0-CR2/javassist-3.22.0-CR2.jar:/home/user/.m2/repository/org/glassfish/hk2/hk2-api/2.5.0/hk2-api-2.5.0.jar:/home/user/.m2/repository/org/glassfish/hk2/external/jakarta.inject/2.5.0/jakarta.inject-2.5.0.jar:/home/user/.m2/repository/org/glassfish/hk2/hk2-utils/2.5.0/hk2-utils-2.5.0.jar:/home/user/.m2/repository/jakarta/annotation/jakarta.annotation-api/1.3.4/jakarta.annotation-api-1.3.4.jar:/home/user/.m2/repository/org/glassfish/hk2/external/aopalliance-repackaged/2.5.0/aopalliance-repackaged-2.5.0.jar:/home/user/.m2/repository/com/fasterxml/jackson/dataformat/jackson-dataformat-xml/2.9.0/jackson-dataformat-xml-2.9.0.jar:/home/user/.m2/repository/com/fasterxml/jackson/module/jackson-module-jaxb-annotations/2.9.5/jackson-module-jaxb-annotations-2.9.5.jar:/home/user/.m2/repository/javax/enterprise/cdi-api/1.2/cdi-api-1.2.jar:/home/user/.m2/repository/javax/el/javax.el-api/3.0.0/javax.el-api-3.0.0.jar:/home/user/.m2/repository/javax/interceptor/javax.interceptor-api/1.2/javax.interceptor-api-1.2.jar:/home/user/.m2/repository/javax/inject/javax.inject/1/javax.inject-1.jar:/home/user/.m2/repository/com/sun/xml/bind/jaxb-core/2.3.0.1/jaxb-core-2.3.0.1.jar:/home/user/.m2/repository/javax/xml/bind/jaxb-api/2.3.0/jaxb-api-2.3.0.jar:/home/user/.m2/repository/javax/activation/activation/1.1.1/activation-1.1.1.jar:/home/user/.m2/repository/org/apache/hadoop/hadoop-ozone-csi/0.5.0-SNAPSHOT/hadoop-ozone-csi-0.5.0-SNAPSHOT.jar:/home/user/.m2/repository/com/google/protobuf/protobuf-java-util/3.5.1/protobuf-java-util-3.5.1.jar:/home/user/.m2/repository/io/grpc/grpc-netty/1.17.1/grpc-netty-1.17.1.jar:/home/user/.m2/repository/io/grpc/grpc-core/1.17.1/grpc-core-1.17.1.jar:/home/user/.m2/repository/io/grpc/grpc-context/1.17.1/grpc-context-1.17.1.jar:/home/user/.m2/repository/com/google/errorprone/error_prone_annotations/2.2.0/error_prone_annotations-2.2.0.jar:/home/user/.m2/repository/org/codehaus/mojo/animal-sniffer-annotations/1.17/animal-sniffer-annotations-1.17.jar:/home/user/.m2/repository/io/opencensus/opencensus-api/0.17.0/opencensus-api-0.17.0.jar:/home/user/.m2/repository/io/opencensus/opencensus-contrib-grpc-metrics/0.17.0/opencensus-contrib-grpc-metrics-0.17.0.jar:/home/user/.m2/repository/io/netty/netty-codec-http2/4.1.30.Final/netty-codec-http2-4.1.30.Final.jar:/home/user/.m2/repository/io/netty/netty-codec-http/4.1.30.Final/netty-codec-http-4.1.30.Final.jar:/home/user/.m2/repository/io/netty/netty-codec/4.1.30.Final/netty-codec-4.1.30.Final.jar:/home/user/.m2/repository/io/netty/netty-handler/4.1.30.Final/netty-handler-4.1.30.Final.jar:/home/user/.m2/repository/io/netty/netty-handler-proxy/4.1.30.Final/netty-handler-proxy-4.1.30.Final.jar:/home/user/.m2/repository/io/netty/netty-codec-socks/4.1.30.Final/netty-codec-socks-4.1.30.Final.jar:/home/user/.m2/repository/io/netty/netty-transport-native-epoll/4.1.30.Final/netty-transport-native-epoll-4.1.30.Final.jar:/home/user/.m2/repository/io/netty/netty-common/4.1.30.Final/netty-common-4.1.30.Final.jar:/home/user/.m2/repository/io/netty/netty-buffer/4.1.30.Final/netty-buffer-4.1.30.Final.jar:/home/user/.m2/repository/io/netty/netty-transport/4.1.30.Final/netty-transport-4.1.30.Final.jar:/home/user/.m2/repository/io/netty/netty-resolver/4.1.30.Final/netty-resolver-4.1.30.Final.jar:/home/user/.m2/repository/io/netty/netty-transport-native-unix-common/4.1.30.Final/netty-transport-native-unix-common-4.1.30.Final.jar:/home/user/.m2/repository/io/grpc/grpc-protobuf/1.17.1/grpc-protobuf-1.17.1.jar:/home/user/.m2/repository/com/google/api/grpc/proto-google-common-protos/1.0.0/proto-google-common-protos-1.0.0.jar:/home/user/.m2/repository/io/grpc/grpc-protobuf-lite/1.17.1/grpc-protobuf-lite-1.17.1.jar:/home/user/.m2/repository/io/grpc/grpc-stub/1.17.1/grpc-stub-1.17.1.jar:/home/user/.m2/repository/org/apache/hadoop/hadoop-ozone-recon/0.5.0-SNAPSHOT/hadoop-ozone-recon-0.5.0-SNAPSHOT.jar:/home/user/.m2/repository/org/apache/hadoop/hadoop-ozone-reconcodegen/0.5.0-SNAPSHOT/hadoop-ozone-reconcodegen-0.5.0-SNAPSHOT.jar:/home/user/.m2/repository/com/google/inject/extensions/guice-multibindings/4.0/guice-multibindings-4.0.jar:/home/user/.m2/repository/com/google/inject/guice/4.0/guice-4.0.jar:/home/user/.m2/repository/aopalliance/aopalliance/1.0/aopalliance-1.0.jar:/home/user/.m2/repository/org/glassfish/jersey/containers/jersey-container-servlet/2.27/jersey-container-servlet-2.27.jar:/home/user/.m2/repository/org/glassfish/hk2/guice-bridge/2.5.0/guice-bridge-2.5.0.jar:/home/user/.m2/repository/org/glassfish/jersey/core/jersey-server/2.27/jersey-server-2.27.jar:/home/user/.m2/repository/org/glassfish/jersey/core/jersey-client/2.27/jersey-client-2.27.jar:/home/user/.m2/repository/org/glassfish/jersey/media/jersey-media-jaxb/2.27/jersey-media-jaxb-2.27.jar:/home/user/.m2/repository/javax/validation/validation-api/1.1.0.Final/validation-api-1.1.0.Final.jar:/home/user/.m2/repository/org/glassfish/jersey/media/jersey-media-json-jackson/2.27/jersey-media-json-jackson-2.27.jar:/home/user/.m2/repository/org/glassfish/jersey/ext/jersey-entity-filtering/2.27/jersey-entity-filtering-2.27.jar:/home/user/.m2/repository/com/google/inject/extensions/guice-assistedinject/4.0/guice-assistedinject-4.0.jar:/home/user/.m2/repository/org/jooq/jooq/3.11.10/jooq-3.11.10.jar:/home/user/.m2/repository/org/jooq/jooq-meta/3.11.10/jooq-meta-3.11.10.jar:/home/user/.m2/repository/org/jooq/jooq-codegen/3.11.10/jooq-codegen-3.11.10.jar:/home/user/.m2/repository/com/jolbox/bonecp/0.8.0.RELEASE/bonecp-0.8.0.RELEASE.jar:/home/user/.m2/repository/org/springframework/spring-jdbc/5.1.3.RELEASE/spring-jdbc-5.1.3.RELEASE.jar:/home/user/.m2/repository/org/springframework/spring-beans/5.1.3.RELEASE/spring-beans-5.1.3.RELEASE.jar:/home/user/.m2/repository/org/springframework/spring-core/5.1.3.RELEASE/spring-core-5.1.3.RELEASE.jar:/home/user/.m2/repository/org/springframework/spring-jcl/5.1.3.RELEASE/spring-jcl-5.1.3.RELEASE.jar:/home/user/.m2/repository/org/springframework/spring-tx/5.1.3.RELEASE/spring-tx-5.1.3.RELEASE.jar:/home/user/.m2/repository/org/mockito/mockito-all/1.10.19/mockito-all-1.10.19.jar:/home/user/.m2/repository/junit/junit/4.11/junit-4.11.jar:/home/user/.m2/repository/org/hamcrest/hamcrest-core/1.3/hamcrest-core-1.3.jar:/home/user/.m2/repository/org/apache/hadoop/hadoop-distcp/3.2.0/hadoop-distcp-3.2.0.jar:/home/user/.m2/repository/org/apache/hadoop/hadoop-distcp/3.2.0/hadoop-distcp-3.2.0-tests.jar:/home/user/.m2/repository/org/apache/hadoop/hadoop-mapreduce-client-jobclient/3.2.0/hadoop-mapreduce-client-jobclient-3.2.0.jar:/home/user/.m2/repository/org/apache/hadoop/hadoop-mapreduce-client-common/3.2.0/hadoop-mapreduce-client-common-3.2.0.jar:/home/user/.m2/repository/org/apache/hadoop/hadoop-yarn-common/3.2.0/hadoop-yarn-common-3.2.0.jar:/home/user/.m2/repository/org/apache/hadoop/hadoop-yarn-api/3.2.0/hadoop-yarn-api-3.2.0.jar:/home/user/.m2/repository/com/sun/jersey/jersey-client/1.19/jersey-client-1.19.jar:/home/user/.m2/repository/com/sun/jersey/contribs/jersey-guice/1.19/jersey-guice-1.19.jar:/home/user/.m2/repository/com/fasterxml/jackson/jaxrs/jackson-jaxrs-json-provider/2.9.5/jackson-jaxrs-json-provider-2.9.5.jar:/home/user/.m2/repository/com/fasterxml/jackson/jaxrs/jackson-jaxrs-base/2.9.5/jackson-jaxrs-base-2.9.5.jar:/home/user/.m2/repository/org/apache/hadoop/hadoop-yarn-client/3.2.0/hadoop-yarn-client-3.2.0.jar:/home/user/.m2/repository/org/apache/hadoop/hadoop-mapreduce-client-core/3.2.0/hadoop-mapreduce-client-core-3.2.0.jar:/home/user/.m2/repository/com/google/inject/extensions/guice-servlet/4.0/guice-servlet-4.0.jar:/home/user/.m2/repository/org/powermock/powermock-module-junit4/1.6.5/powermock-module-junit4-1.6.5.jar:/home/user/.m2/repository/org/powermock/powermock-module-junit4-common/1.6.5/powermock-module-junit4-common-1.6.5.jar:/home/user/.m2/repository/org/powermock/powermock-core/1.6.5/powermock-core-1.6.5.jar:/home/user/.m2/repository/org/powermock/powermock-reflect/1.6.5/powermock-reflect-1.6.5.jar:/home/user/.m2/repository/org/powermock/powermock-api-mockito/1.6.5/powermock-api-mockito-1.6.5.jar:/home/user/.m2/repository/org/mockito/mockito-core/1.10.19/mockito-core-1.10.19.jar:/home/user/.m2/repository/org/objenesis/objenesis/1.0/objenesis-1.0.jar:/home/user/.m2/repository/org/powermock/powermock-api-mockito-common/1.6.5/powermock-api-mockito-common-1.6.5.jar:/home/user/.m2/repository/org/powermock/powermock-api-support/1.6.5/powermock-api-support-1.6.5.jar:"/>
    <property name="sun.cpu.endian" value="little"/>
    <property name="user.home" value="/home/user"/>
    <property name="user.language" value="en"/>
    <property name="java.specification.vendor" value="Oracle Corporation"/>
    <property name="java.home" value="/usr/lib/jvm/java-1.8-openjdk/jre"/>
    <property name="java.security.krb5.conf" value="/workdir/hadoop-ozone/ozonefs/target/test-classes/krb5.conf"/>
    <property name="basedir" value="/workdir/hadoop-ozone/ozonefs"/>
    <property name="file.separator" value="/"/>
    <property name="line.separator" value="&#10;"/>
    <property name="java.vm.specification.vendor" value="Oracle Corporation"/>
    <property name="java.specification.name" value="Java Platform API Specification"/>
    <property name="java.awt.graphicsenv" value="sun.awt.X11GraphicsEnvironment"/>
    <property name="surefire.real.class.path" value="/workdir/hadoop-ozone/ozonefs/target/surefire/surefirebooter8349388942428344628.jar"/>
    <property name="hadoop.log.dir" value="/workdir/hadoop-ozone/ozonefs/target/log"/>
    <property name="sun.boot.class.path" value="/usr/lib/jvm/java-1.8-openjdk/jre/lib/resources.jar:/usr/lib/jvm/java-1.8-openjdk/jre/lib/rt.jar:/usr/lib/jvm/java-1.8-openjdk/jre/lib/sunrsasign.jar:/usr/lib/jvm/java-1.8-openjdk/jre/lib/jsse.jar:/usr/lib/jvm/java-1.8-openjdk/jre/lib/jce.jar:/usr/lib/jvm/java-1.8-openjdk/jre/lib/charsets.jar:/usr/lib/jvm/java-1.8-openjdk/jre/lib/jfr.jar:/usr/lib/jvm/java-1.8-openjdk/jre/classes"/>
    <property name="sun.management.compiler" value="HotSpot 64-Bit Tiered Compilers"/>
    <property name="java.runtime.version" value="1.8.0_212-b04"/>
    <property name="java.net.preferIPv4Stack" value="true"/>
    <property name="user.name" value="jenkins1000"/>
    <property name="path.separator" value=":"/>
    <property name="java.security.egd" value="file:///dev/urandom"/>
    <property name="os.version" value="3.10.0-957.12.2.el7.x86_64"/>
    <property name="java.endorsed.dirs" value="/usr/lib/jvm/java-1.8-openjdk/jre/lib/endorsed"/>
    <property name="java.runtime.name" value="OpenJDK Runtime Environment"/>
    <property name="file.encoding" value="UTF-8"/>
    <property name="java.vm.name" value="OpenJDK 64-Bit Server VM"/>
    <property name="test.build.webapps" value=""/>
    <property name="localRepository" value="/home/user/.m2/repository"/>
    <property name="java.vendor.url.bug" value="https://icedtea.classpath.org/bugzilla"/>
    <property name="java.io.tmpdir" value="/tmp"/>
    <property name="require.test.libhadoop" value=""/>
    <property name="java.version" value="1.8.0_212"/>
    <property name="user.dir" value="/workdir/hadoop-ozone/ozonefs"/>
    <property name="os.arch" value="amd64"/>
    <property name="java.vm.specification.name" value="Java Virtual Machine Specification"/>
    <property name="test.build.classes" value="/workdir/hadoop-ozone/ozonefs/target/test-classes"/>
    <property name="java.awt.printerjob" value="sun.print.PSPrinterJob"/>
    <property name="sun.os.patch.level" value="unknown"/>
    <property name="hadoop.tmp.dir" value="/workdir/hadoop-ozone/ozonefs/target/tmp"/>
    <property name="java.library.path" value="/usr/lib/jvm/java-1.8-openjdk/jre/lib/amd64/server:/usr/lib/jvm/java-1.8-openjdk/jre/lib/amd64:/usr/lib/jvm/java-1.8-openjdk/jre/../lib/amd64:/workdir/hadoop-ozone/ozonefs/target/native/target/usr/local/lib:/workdir/hadoop-ozone/ozonefs/../../hadoop-common-project/hadoop-common/target/native/target/usr/local/lib:/usr/java/packages/lib/amd64:/usr/lib64:/lib64:/lib:/usr/lib"/>
    <property name="java.vm.info" value="mixed mode"/>
    <property name="java.vendor" value="IcedTea"/>
    <property name="java.vm.version" value="25.212-b04"/>
    <property name="java.ext.dirs" value="/usr/lib/jvm/java-1.8-openjdk/jre/lib/ext:/usr/java/packages/lib/ext"/>
    <property name="sun.io.unicode.encoding" value="UnicodeLittle"/>
    <property name="java.class.version" value="52.0"/>
  </properties>
  <testcase name="org.apache.hadoop.fs.ozone.TestOzoneFSInputStream" classname="org.apache.hadoop.fs.ozone.TestOzoneFSInputStream" time="56.45">
    <error message="Allocated 0 blocks. Requested 1 blocks" type="INTERNAL_ERROR org.apache.hadoop.ozone.om.exceptions.OMException">INTERNAL_ERROR org.apache.hadoop.ozone.om.exceptions.OMException: Allocated 0 blocks. Requested 1 blocks
	at org.apache.hadoop.ozone.om.protocolPB.OzoneManagerProtocolClientSideTranslatorPB.handleError(OzoneManagerProtocolClientSideTranslatorPB.java:725)
	at org.apache.hadoop.ozone.om.protocolPB.OzoneManagerProtocolClientSideTranslatorPB.createFile(OzoneManagerProtocolClientSideTranslatorPB.java:1474)
	at org.apache.hadoop.ozone.client.rpc.RpcClient.createFile(RpcClient.java:984)
	at org.apache.hadoop.ozone.client.OzoneBucket.createFile(OzoneBucket.java:535)
	at org.apache.hadoop.fs.ozone.BasicOzoneClientAdapterImpl.createFile(BasicOzoneClientAdapterImpl.java:181)
	at org.apache.hadoop.fs.ozone.BasicOzoneFileSystem.createOutputStream(BasicOzoneFileSystem.java:249)
	at org.apache.hadoop.fs.ozone.BasicOzoneFileSystem.create(BasicOzoneFileSystem.java:230)
	at org.apache.hadoop.fs.FileSystem.create(FileSystem.java:1118)
	at org.apache.hadoop.fs.FileSystem.create(FileSystem.java:1098)
	at org.apache.hadoop.fs.FileSystem.create(FileSystem.java:987)
	at org.apache.hadoop.fs.FileSystem.create(FileSystem.java:975)
	at org.apache.hadoop.fs.ozone.TestOzoneFSInputStream.init(TestOzoneFSInputStream.java:103)
	at sun.reflect.NativeMethodAccessorImpl.invoke0(Native Method)
	at sun.reflect.NativeMethodAccessorImpl.invoke(NativeMethodAccessorImpl.java:62)
	at sun.reflect.DelegatingMethodAccessorImpl.invoke(DelegatingMethodAccessorImpl.java:43)
	at java.lang.reflect.Method.invoke(Method.java:498)
	at org.junit.runners.model.FrameworkMethod$1.runReflectiveCall(FrameworkMethod.java:47)
	at org.junit.internal.runners.model.ReflectiveCallable.run(ReflectiveCallable.java:12)
	at org.junit.runners.model.FrameworkMethod.invokeExplosively(FrameworkMethod.java:44)
	at org.junit.internal.runners.statements.RunBefores.evaluate(RunBefores.java:24)
	at org.junit.internal.runners.statements.RunAfters.evaluate(RunAfters.java:27)
	at org.junit.runners.ParentRunner.run(ParentRunner.java:309)
	at org.apache.maven.surefire.junit4.JUnit4Provider.execute(JUnit4Provider.java:365)
	at org.apache.maven.surefire.junit4.JUnit4Provider.executeWithRerun(JUnit4Provider.java:273)
	at org.apache.maven.surefire.junit4.JUnit4Provider.executeTestSet(JUnit4Provider.java:238)
	at org.apache.maven.surefire.junit4.JUnit4Provider.invoke(JUnit4Provider.java:159)
	at org.apache.maven.surefire.booter.ForkedBooter.invokeProviderInSameClassLoader(ForkedBooter.java:384)
	at org.apache.maven.surefire.booter.ForkedBooter.runSuitesInProcess(ForkedBooter.java:345)
	at org.apache.maven.surefire.booter.ForkedBooter.execute(ForkedBooter.java:126)
	at org.apache.maven.surefire.booter.ForkedBooter.main(ForkedBooter.java:418)
</error>
    <system-out><![CDATA[2019-09-19 10:26:31,954 [main] WARN  server.ServerUtils (ServerUtils.java:getScmDbDir(145)) - ozone.scm.db.dirs is not configured. We recommend adding this setting. Falling back to ozone.metadata.dirs instead.
2019-09-19 10:26:32,043 [main] WARN  server.ServerUtils (ServerUtils.java:getScmDbDir(145)) - ozone.scm.db.dirs is not configured. We recommend adding this setting. Falling back to ozone.metadata.dirs instead.
2019-09-19 10:26:32,046 [main] WARN  server.ServerUtils (ServerUtils.java:getScmDbDir(145)) - ozone.scm.db.dirs is not configured. We recommend adding this setting. Falling back to ozone.metadata.dirs instead.
2019-09-19 10:26:32,064 [main] INFO  util.log (Log.java:initialized(192)) - Logging initialized @879ms
2019-09-19 10:26:32,167 [main] INFO  db.DBStoreBuilder (DBStoreBuilder.java:addTable(110)) - using custom profile for table: deletedBlocks
2019-09-19 10:26:32,168 [main] INFO  db.DBStoreBuilder (DBStoreBuilder.java:processTables(161)) - Using default column profile:DBProfile.DISK for Table:deletedBlocks
2019-09-19 10:26:32,168 [main] INFO  db.DBStoreBuilder (DBStoreBuilder.java:addTable(110)) - using custom profile for table: validCerts
2019-09-19 10:26:32,168 [main] INFO  db.DBStoreBuilder (DBStoreBuilder.java:processTables(161)) - Using default column profile:DBProfile.DISK for Table:validCerts
2019-09-19 10:26:32,169 [main] INFO  db.DBStoreBuilder (DBStoreBuilder.java:addTable(110)) - using custom profile for table: revokedCerts
2019-09-19 10:26:32,169 [main] INFO  db.DBStoreBuilder (DBStoreBuilder.java:processTables(161)) - Using default column profile:DBProfile.DISK for Table:revokedCerts
2019-09-19 10:26:32,181 [main] INFO  db.DBStoreBuilder (DBStoreBuilder.java:addTable(110)) - using custom profile for table: default
2019-09-19 10:26:32,181 [main] INFO  db.DBStoreBuilder (DBStoreBuilder.java:processTables(167)) - Using default column profile:DBProfile.DISK for Table:default
2019-09-19 10:26:32,182 [main] INFO  db.DBStoreBuilder (DBStoreBuilder.java:getDbProfile(198)) - Using default options. DBProfile.DISK
2019-09-19 10:26:35,382 [main] INFO  net.NodeSchemaLoader (NodeSchemaLoader.java:loadSchemaFromFile(125)) - Loading file from sun.misc.CompoundEnumeration@62150f9e
2019-09-19 10:26:35,384 [main] INFO  net.NodeSchemaLoader (NodeSchemaLoader.java:loadSchema(171)) - Loading network topology layer schema file
2019-09-19 10:26:35,459 [main] WARN  server.ServerUtils (ServerUtils.java:sanitizeUserArgs(70)) - ozone.scm.stale.node.interval value = 300000 is larger than max = 100000 based on the key value of ozone.scm.heartbeat.thread.interval, reset to the max value 100000.
2019-09-19 10:26:35,460 [main] WARN  server.ServerUtils (ServerUtils.java:sanitizeUserArgs(70)) - ozone.scm.stale.node.interval value = 300000 is larger than max = 100000 based on the key value of ozone.scm.heartbeat.thread.interval, reset to the max value 100000.
2019-09-19 10:26:35,463 [main] INFO  node.SCMNodeManager (SCMNodeManager.java:<init>(121)) - Entering startup safe mode.
2019-09-19 10:26:35,595 [main] INFO  algorithms.ContainerPlacementPolicyFactory (ContainerPlacementPolicyFactory.java:getPolicy(56)) - Create container placement policy of type org.apache.hadoop.hdds.scm.container.placement.algorithms.SCMContainerPlacementRandom
2019-09-19 10:26:35,612 [main] WARN  server.ServerUtils (ServerUtils.java:getScmDbDir(145)) - ozone.scm.db.dirs is not configured. We recommend adding this setting. Falling back to ozone.metadata.dirs instead.
2019-09-19 10:26:36,372 [main] INFO  pipeline.SCMPipelineManager (SCMPipelineManager.java:initializePipelineState(126)) - No pipeline exists in current db
2019-09-19 10:26:36,377 [main] WARN  server.ServerUtils (ServerUtils.java:getScmDbDir(145)) - ozone.scm.db.dirs is not configured. We recommend adding this setting. Falling back to ozone.metadata.dirs instead.
2019-09-19 10:26:37,254 [main] WARN  events.EventQueue (EventQueue.java:fireEvent(175)) - No event handler registered for event TypedEvent{payloadType=SafeModeStatus, name='SafeModeStatus'}
2019-09-19 10:26:38,074 [main] INFO  ipc.CallQueueManager (CallQueueManager.java:<init>(84)) - Using callQueue: class java.util.concurrent.LinkedBlockingQueue, queueCapacity: 2000, scheduler: class org.apache.hadoop.ipc.DefaultRpcScheduler, ipcBackoff: false.
2019-09-19 10:26:38,111 [Socket Reader #1 for port 34424] INFO  ipc.Server (Server.java:run(1074)) - Starting Socket Reader #1 for port 34424
2019-09-19 10:26:38,135 [main] INFO  ipc.CallQueueManager (CallQueueManager.java:<init>(84)) - Using callQueue: class java.util.concurrent.LinkedBlockingQueue, queueCapacity: 2000, scheduler: class org.apache.hadoop.ipc.DefaultRpcScheduler, ipcBackoff: false.
2019-09-19 10:26:38,136 [Socket Reader #1 for port 44929] INFO  ipc.Server (Server.java:run(1074)) - Starting Socket Reader #1 for port 44929
2019-09-19 10:26:38,144 [main] INFO  ipc.CallQueueManager (CallQueueManager.java:<init>(84)) - Using callQueue: class java.util.concurrent.LinkedBlockingQueue, queueCapacity: 2000, scheduler: class org.apache.hadoop.ipc.DefaultRpcScheduler, ipcBackoff: false.
2019-09-19 10:26:38,145 [Socket Reader #1 for port 41663] INFO  ipc.Server (Server.java:run(1074)) - Starting Socket Reader #1 for port 41663
2019-09-19 10:26:38,166 [main] INFO  hdfs.DFSUtil (DFSUtil.java:httpServerTemplateForNNAndJN(1641)) - Starting Web-server for scm at: http://0.0.0.0:0
2019-09-19 10:26:38,274 [main] INFO  server.AuthenticationFilter (AuthenticationFilter.java:constructSecretProvider(240)) - Unable to initialize FileSignerSecretProvider, falling back to use random secrets.
2019-09-19 10:26:38,288 [main] WARN  http.HttpRequestLog (HttpRequestLog.java:getRequestLog(97)) - Jetty request log can only be enabled using Log4j
2019-09-19 10:26:38,297 [main] INFO  http.HttpServer2 (HttpServer2.java:addGlobalFilter(975)) - Added global filter 'safety' (class=org.apache.hadoop.http.HttpServer2$QuotingInputFilter)
2019-09-19 10:26:38,299 [main] INFO  http.HttpServer2 (HttpServer2.java:addFilter(948)) - Added filter static_user_filter (class=org.apache.hadoop.http.lib.StaticUserWebFilter$StaticUserFilter) to context scm
2019-09-19 10:26:38,299 [main] INFO  http.HttpServer2 (HttpServer2.java:addFilter(958)) - Added filter static_user_filter (class=org.apache.hadoop.http.lib.StaticUserWebFilter$StaticUserFilter) to context logs
2019-09-19 10:26:38,299 [main] INFO  http.HttpServer2 (HttpServer2.java:addFilter(958)) - Added filter static_user_filter (class=org.apache.hadoop.http.lib.StaticUserWebFilter$StaticUserFilter) to context static
2019-09-19 10:26:38,322 [main] INFO  server.StorageContainerManager (StorageContainerManager.java:start(759)) - StorageContainerLocationProtocol RPC server is listening at /0.0.0.0:41663
2019-09-19 10:26:38,368 [main] WARN  impl.MetricsConfig (MetricsConfig.java:loadFirst(134)) - Cannot locate configuration: tried hadoop-metrics2-storagecontainermanager.properties,hadoop-metrics2.properties
2019-09-19 10:26:38,379 [main] INFO  impl.MetricsSystemImpl (MetricsSystemImpl.java:startTimer(374)) - Scheduled Metric snapshot period at 10 second(s).
2019-09-19 10:26:38,379 [main] INFO  impl.MetricsSystemImpl (MetricsSystemImpl.java:start(191)) - StorageContainerManager metrics system started
2019-09-19 10:26:38,593 [main] INFO  server.SCMClientProtocolServer (SCMClientProtocolServer.java:start(151)) - RPC server for Client  is listening at /0.0.0.0:41663
2019-09-19 10:26:38,593 [IPC Server Responder] INFO  ipc.Server (Server.java:run(1314)) - IPC Server Responder: starting
2019-09-19 10:26:38,593 [IPC Server listener on 41663] INFO  ipc.Server (Server.java:run(1153)) - IPC Server listener on 41663: starting
2019-09-19 10:26:38,597 [main] INFO  server.StorageContainerManager (StorageContainerManager.java:start(769)) - ScmBlockLocationProtocol RPC server is listening at /0.0.0.0:44929
2019-09-19 10:26:38,597 [main] INFO  server.SCMBlockProtocolServer (SCMBlockProtocolServer.java:start(140)) - RPC server for Block Protocol is listening at /0.0.0.0:44929
2019-09-19 10:26:38,597 [IPC Server Responder] INFO  ipc.Server (Server.java:run(1314)) - IPC Server Responder: starting
2019-09-19 10:26:38,597 [IPC Server listener on 44929] INFO  ipc.Server (Server.java:run(1153)) - IPC Server listener on 44929: starting
2019-09-19 10:26:38,600 [main] INFO  server.StorageContainerManager (StorageContainerManager.java:start(773)) - ScmDatanodeProtocl RPC server is listening at /0.0.0.0:34424
2019-09-19 10:26:38,600 [main] INFO  server.SCMDatanodeProtocolServer (SCMDatanodeProtocolServer.java:start(191)) - RPC server for DataNodes is listening at /0.0.0.0:34424
2019-09-19 10:26:38,601 [IPC Server Responder] INFO  ipc.Server (Server.java:run(1314)) - IPC Server Responder: starting
2019-09-19 10:26:38,601 [IPC Server listener on 34424] INFO  ipc.Server (Server.java:run(1153)) - IPC Server listener on 34424: starting
2019-09-19 10:26:38,605 [main] INFO  http.HttpServer2 (HttpServer2.java:bindListener(1191)) - Jetty bound to port 34808
2019-09-19 10:26:38,607 [main] INFO  server.Server (Server.java:doStart(351)) - jetty-9.3.24.v20180605, build timestamp: 2018-06-05T17:11:56Z, git hash: 84205aa28f11a4f31f2a3b86d1bba2cc8ab69827
2019-09-19 10:26:38,651 [main] INFO  handler.ContextHandler (ContextHandler.java:doStart(781)) - Started o.e.j.s.ServletContextHandler@6aecbb8d{/logs,file:///workdir/hadoop-ozone/ozonefs/target/log,AVAILABLE}
2019-09-19 10:26:38,652 [main] INFO  handler.ContextHandler (ContextHandler.java:doStart(781)) - Started o.e.j.s.ServletContextHandler@25b2cfcb{/static,jar:file:/home/user/.m2/repository/org/apache/hadoop/hadoop-hdds-server-scm/0.5.0-SNAPSHOT/hadoop-hdds-server-scm-0.5.0-SNAPSHOT.jar!/webapps/static,AVAILABLE}
2019-09-19 10:26:38,724 [main] INFO  handler.ContextHandler (ContextHandler.java:doStart(781)) - Started o.e.j.w.WebAppContext@433ffad1{/,file:///tmp/jetty-0.0.0.0-34808-scm-_-any-9179604763464523282.dir/webapp/,AVAILABLE}{/scm}
2019-09-19 10:26:38,729 [main] INFO  server.AbstractConnector (AbstractConnector.java:doStart(278)) - Started ServerConnector@46cf05f7{HTTP/1.1,[http/1.1]}{0.0.0.0:34808}
2019-09-19 10:26:38,729 [main] INFO  server.Server (Server.java:doStart(419)) - Started @7545ms
2019-09-19 10:26:38,730 [main] INFO  server.BaseHttpServer (BaseHttpServer.java:updateConnectorAddress(213)) - HTTP server of SCM is listening at http://0.0.0.0:34808
2019-09-19 10:26:38,737 [org.apache.hadoop.util.JvmPauseMonitor$Monitor@c074c0c] INFO  util.JvmPauseMonitor (JvmPauseMonitor.java:run(188)) - Starting JVM pause monitor
2019-09-19 10:26:38,740 [main] WARN  server.ServerUtils (ServerUtils.java:getDBPath(222)) - ozone.om.db.dirs is not configured. We recommend adding this setting. Falling back to ozone.metadata.dirs instead.
2019-09-19 10:26:38,831 [main] WARN  server.ServerUtils (ServerUtils.java:getDBPath(222)) - ozone.om.db.dirs is not configured. We recommend adding this setting. Falling back to ozone.metadata.dirs instead.
2019-09-19 10:26:38,832 [main] WARN  server.ServerUtils (ServerUtils.java:getDBPath(222)) - ozone.om.db.dirs is not configured. We recommend adding this setting. Falling back to ozone.metadata.dirs instead.
2019-09-19 10:26:38,833 [main] INFO  om.OzoneManager (OzoneManager.java:setOMNodeDetails(645)) - OM Service ID is not set. Setting it to the default ID: omServiceIdDefault
2019-09-19 10:26:38,833 [main] INFO  om.OzoneManager (OzoneManager.java:setOMNodeDetails(651)) - OM Node ID is not set. Setting it to the OmStorage's OmID: b1925884-20c2-43e5-b436-4015c05efce0
2019-09-19 10:26:38,834 [main] INFO  om.OzoneManager (OzoneManager.java:loadOMHAConfigs(602)) - Found matching OM address with OMServiceId: null, OMNodeId: null, RPC Address: localhost:0 and Ratis port: 9872
2019-09-19 10:26:39,101 | INFO  | SCMAudit | user=jenkins1000 | ip=192.168.157.204 | op=GET_SCM_INFO null | ret=SUCCESS |  
2019-09-19 10:26:39,575 [main] WARN  server.ServerUtils (ServerUtils.java:getDBPath(222)) - ozone.om.db.dirs is not configured. We recommend adding this setting. Falling back to ozone.metadata.dirs instead.
2019-09-19 10:26:39,584 [main] INFO  db.DBStoreBuilder (DBStoreBuilder.java:addTable(110)) - using custom profile for table: userTable
2019-09-19 10:26:39,584 [main] INFO  db.DBStoreBuilder (DBStoreBuilder.java:processTables(161)) - Using default column profile:DBProfile.DISK for Table:userTable
2019-09-19 10:26:39,585 [main] INFO  db.DBStoreBuilder (DBStoreBuilder.java:addTable(110)) - using custom profile for table: volumeTable
2019-09-19 10:26:39,585 [main] INFO  db.DBStoreBuilder (DBStoreBuilder.java:processTables(161)) - Using default column profile:DBProfile.DISK for Table:volumeTable
2019-09-19 10:26:39,585 [main] INFO  db.DBStoreBuilder (DBStoreBuilder.java:addTable(110)) - using custom profile for table: bucketTable
2019-09-19 10:26:39,585 [main] INFO  db.DBStoreBuilder (DBStoreBuilder.java:processTables(161)) - Using default column profile:DBProfile.DISK for Table:bucketTable
2019-09-19 10:26:39,586 [main] INFO  db.DBStoreBuilder (DBStoreBuilder.java:addTable(110)) - using custom profile for table: keyTable
2019-09-19 10:26:39,586 [main] INFO  db.DBStoreBuilder (DBStoreBuilder.java:processTables(161)) - Using default column profile:DBProfile.DISK for Table:keyTable
2019-09-19 10:26:39,586 [main] INFO  db.DBStoreBuilder (DBStoreBuilder.java:addTable(110)) - using custom profile for table: deletedTable
2019-09-19 10:26:39,586 [main] INFO  db.DBStoreBuilder (DBStoreBuilder.java:processTables(161)) - Using default column profile:DBProfile.DISK for Table:deletedTable
2019-09-19 10:26:39,586 [main] INFO  db.DBStoreBuilder (DBStoreBuilder.java:addTable(110)) - using custom profile for table: openKeyTable
2019-09-19 10:26:39,587 [main] INFO  db.DBStoreBuilder (DBStoreBuilder.java:processTables(161)) - Using default column profile:DBProfile.DISK for Table:openKeyTable
2019-09-19 10:26:39,587 [main] INFO  db.DBStoreBuilder (DBStoreBuilder.java:addTable(110)) - using custom profile for table: s3Table
2019-09-19 10:26:39,587 [main] INFO  db.DBStoreBuilder (DBStoreBuilder.java:processTables(161)) - Using default column profile:DBProfile.DISK for Table:s3Table
2019-09-19 10:26:39,587 [main] INFO  db.DBStoreBuilder (DBStoreBuilder.java:addTable(110)) - using custom profile for table: multipartInfoTable
2019-09-19 10:26:39,587 [main] INFO  db.DBStoreBuilder (DBStoreBuilder.java:processTables(161)) - Using default column profile:DBProfile.DISK for Table:multipartInfoTable
2019-09-19 10:26:39,588 [main] INFO  db.DBStoreBuilder (DBStoreBuilder.java:addTable(110)) - using custom profile for table: dTokenTable
2019-09-19 10:26:39,588 [main] INFO  db.DBStoreBuilder (DBStoreBuilder.java:processTables(161)) - Using default column profile:DBProfile.DISK for Table:dTokenTable
2019-09-19 10:26:39,588 [main] INFO  db.DBStoreBuilder (DBStoreBuilder.java:addTable(110)) - using custom profile for table: s3SecretTable
2019-09-19 10:26:39,588 [main] INFO  db.DBStoreBuilder (DBStoreBuilder.java:processTables(161)) - Using default column profile:DBProfile.DISK for Table:s3SecretTable
2019-09-19 10:26:39,589 [main] INFO  db.DBStoreBuilder (DBStoreBuilder.java:addTable(110)) - using custom profile for table: prefixTable
2019-09-19 10:26:39,589 [main] INFO  db.DBStoreBuilder (DBStoreBuilder.java:processTables(161)) - Using default column profile:DBProfile.DISK for Table:prefixTable
2019-09-19 10:26:39,589 [main] INFO  db.DBStoreBuilder (DBStoreBuilder.java:addTable(110)) - using custom profile for table: default
2019-09-19 10:26:39,589 [main] INFO  db.DBStoreBuilder (DBStoreBuilder.java:processTables(167)) - Using default column profile:DBProfile.DISK for Table:default
2019-09-19 10:26:39,589 [main] INFO  db.DBStoreBuilder (DBStoreBuilder.java:getDbProfile(198)) - Using default options. DBProfile.DISK
2019-09-19 10:26:43,813 [main] INFO  ipc.CallQueueManager (CallQueueManager.java:<init>(84)) - Using callQueue: class java.util.concurrent.LinkedBlockingQueue, queueCapacity: 2000, scheduler: class org.apache.hadoop.ipc.DefaultRpcScheduler, ipcBackoff: false.
2019-09-19 10:26:43,814 [Socket Reader #1 for port 37652] INFO  ipc.Server (Server.java:run(1074)) - Starting Socket Reader #1 for port 37652
2019-09-19 10:26:43,840 [main] INFO  om.OzoneManager (OzoneManager.java:start(1256)) - OzoneManager RPC server is listening at localhost/127.0.0.1:37652
2019-09-19 10:26:43,840 [main] INFO  impl.MetricsSystemImpl (MetricsSystemImpl.java:init(158)) - OzoneManager metrics system started (again)
2019-09-19 10:26:43,841 [IPC Server Responder] INFO  ipc.Server (Server.java:run(1314)) - IPC Server Responder: starting
2019-09-19 10:26:43,841 [IPC Server listener on 37652] INFO  ipc.Server (Server.java:run(1153)) - IPC Server listener on 37652: starting
2019-09-19 10:26:43,847 [main] INFO  hdfs.DFSUtil (DFSUtil.java:httpServerTemplateForNNAndJN(1641)) - Starting Web-server for ozoneManager at: http://0.0.0.0:0
2019-09-19 10:26:43,849 [main] INFO  server.AuthenticationFilter (AuthenticationFilter.java:constructSecretProvider(240)) - Unable to initialize FileSignerSecretProvider, falling back to use random secrets.
2019-09-19 10:26:43,850 [main] WARN  http.HttpRequestLog (HttpRequestLog.java:getRequestLog(97)) - Jetty request log can only be enabled using Log4j
2019-09-19 10:26:43,852 [main] INFO  http.HttpServer2 (HttpServer2.java:addGlobalFilter(975)) - Added global filter 'safety' (class=org.apache.hadoop.http.HttpServer2$QuotingInputFilter)
2019-09-19 10:26:43,853 [main] INFO  http.HttpServer2 (HttpServer2.java:addFilter(948)) - Added filter static_user_filter (class=org.apache.hadoop.http.lib.StaticUserWebFilter$StaticUserFilter) to context ozoneManager
2019-09-19 10:26:43,853 [main] INFO  http.HttpServer2 (HttpServer2.java:addFilter(958)) - Added filter static_user_filter (class=org.apache.hadoop.http.lib.StaticUserWebFilter$StaticUserFilter) to context logs
2019-09-19 10:26:43,853 [main] INFO  http.HttpServer2 (HttpServer2.java:addFilter(958)) - Added filter static_user_filter (class=org.apache.hadoop.http.lib.StaticUserWebFilter$StaticUserFilter) to context static
2019-09-19 10:26:43,856 [main] INFO  http.HttpServer2 (HttpServer2.java:bindListener(1191)) - Jetty bound to port 35190
2019-09-19 10:26:43,856 [main] INFO  server.Server (Server.java:doStart(351)) - jetty-9.3.24.v20180605, build timestamp: 2018-06-05T17:11:56Z, git hash: 84205aa28f11a4f31f2a3b86d1bba2cc8ab69827
2019-09-19 10:26:43,858 [main] INFO  handler.ContextHandler (ContextHandler.java:doStart(781)) - Started o.e.j.s.ServletContextHandler@109d724c{/logs,file:///workdir/hadoop-ozone/ozonefs/target/log,AVAILABLE}
2019-09-19 10:26:43,859 [main] INFO  handler.ContextHandler (ContextHandler.java:doStart(781)) - Started o.e.j.s.ServletContextHandler@e4d2696{/static,jar:file:/home/user/.m2/repository/org/apache/hadoop/hadoop-ozone-ozone-manager/0.5.0-SNAPSHOT/hadoop-ozone-ozone-manager-0.5.0-SNAPSHOT.jar!/webapps/static,AVAILABLE}
2019-09-19 10:26:43,906 [main] INFO  handler.ContextHandler (ContextHandler.java:doStart(781)) - Started o.e.j.w.WebAppContext@2098d37d{/,file:///tmp/jetty-0.0.0.0-35190-ozoneManager-_-any-2986885606989317945.dir/webapp/,AVAILABLE}{/ozoneManager}
2019-09-19 10:26:43,907 [main] INFO  server.AbstractConnector (AbstractConnector.java:doStart(278)) - Started ServerConnector@77b9d0c7{HTTP/1.1,[http/1.1]}{0.0.0.0:35190}
2019-09-19 10:26:43,907 [main] INFO  server.Server (Server.java:doStart(419)) - Started @12723ms
2019-09-19 10:26:43,908 [main] INFO  server.BaseHttpServer (BaseHttpServer.java:updateConnectorAddress(213)) - HTTP server of OZONEMANAGER is listening at http://0.0.0.0:35190
2019-09-19 10:26:44,173 [main] INFO  impl.MetricsSystemImpl (MetricsSystemImpl.java:init(158)) - HddsDatanode metrics system started (again)
2019-09-19 10:26:44,265 [main] INFO  ozone.HddsDatanodeService (HddsDatanodeService.java:start(184)) - HddsDatanodeService host:pr-hdds-1569-cpgw4-1311585219 ip:192.168.157.204
2019-09-19 10:26:44,298 [main] INFO  volume.HddsVolume (HddsVolume.java:<init>(176)) - Creating Volume: /workdir/hadoop-ozone/ozonefs/target/test-dir/MiniOzoneClusterImpl-c4ccaed8-e682-4870-947c-cf1864f77c00/datanode-0/data/containers/hdds of  storage type : DISK and capacity : 1482555576320
2019-09-19 10:26:44,300 [main] INFO  volume.VolumeSet (VolumeSet.java:initializeVolumeSet(170)) - Added Volume : /workdir/hadoop-ozone/ozonefs/target/test-dir/MiniOzoneClusterImpl-c4ccaed8-e682-4870-947c-cf1864f77c00/datanode-0/data/containers/hdds to VolumeSet
2019-09-19 10:26:44,302 [main] INFO  volume.ThrottledAsyncChecker (ThrottledAsyncChecker.java:schedule(140)) - Scheduling a check for org.apache.hadoop.ozone.container.common.volume.HddsVolume@243f003c
2019-09-19 10:26:44,320 [main] INFO  volume.HddsVolumeChecker (HddsVolumeChecker.java:checkAllVolumes(203)) - Scheduled health check for volume org.apache.hadoop.ozone.container.common.volume.HddsVolume@243f003c
2019-09-19 10:26:44,439 [main] INFO  impl.RaftServerProxy (ConfUtils.java:logGet(43)) - raft.rpc.type = GRPC (default)
2019-09-19 10:26:44,520 [main] INFO  grpc.GrpcFactory (GrpcFactory.java:checkPooledByteBufAllocatorUseCacheForAllThreads(45)) - PERFORMANCE WARNING: useCacheForAllThreads is true that may cause Netty to create a lot garbage objects and, as a result, trigger GC.
	It is recommended to disable useCacheForAllThreads by setting -Dorg.apache.ratis.thirdparty.io.netty.allocator.useCacheForAllThreads=false in command line.
2019-09-19 10:26:44,525 [main] INFO  grpc.GrpcConfigKeys$Server (ConfUtils.java:logGet(43)) - raft.grpc.server.port = 0 (default)
2019-09-19 10:26:44,526 [main] INFO  server.GrpcService (ConfUtils.java:logGet(43)) - raft.grpc.message.size.max = 33570816 (custom)
2019-09-19 10:26:44,528 [main] INFO  server.RaftServerConfigKeys (ConfUtils.java:logGet(43)) - raft.server.log.appender.buffer.byte-limit = 33554432 (custom)
2019-09-19 10:26:44,528 [main] INFO  server.GrpcService (ConfUtils.java:logGet(43)) - raft.grpc.flow.control.window = 1MB (=1048576) (default)
2019-09-19 10:26:44,529 [main] INFO  server.RaftServerConfigKeys (ConfUtils.java:logGet(43)) - raft.server.rpc.request.timeout = 3000ms (default)
2019-09-19 10:26:44,712 [main] INFO  server.RaftServerConfigKeys (ConfUtils.java:logGet(43)) - raft.server.storage.dir = [/workdir/hadoop-ozone/ozonefs/target/test-dir/MiniOzoneClusterImpl-c4ccaed8-e682-4870-947c-cf1864f77c00/datanode-0/data/ratis] (custom)
2019-09-19 10:26:44,753 [main] INFO  replication.SimpleContainerDownloader (SimpleContainerDownloader.java:<init>(72)) - Starting container downloader service to copy containers to replicate.
2019-09-19 10:26:44,768 [main] INFO  hdfs.DFSUtil (DFSUtil.java:httpServerTemplateForNNAndJN(1641)) - Starting Web-server for hddsDatanode at: http://0.0.0.0:0
2019-09-19 10:26:44,769 [main] INFO  server.AuthenticationFilter (AuthenticationFilter.java:constructSecretProvider(240)) - Unable to initialize FileSignerSecretProvider, falling back to use random secrets.
2019-09-19 10:26:44,770 [main] WARN  http.HttpRequestLog (HttpRequestLog.java:getRequestLog(97)) - Jetty request log can only be enabled using Log4j
2019-09-19 10:26:44,772 [main] INFO  http.HttpServer2 (HttpServer2.java:addGlobalFilter(975)) - Added global filter 'safety' (class=org.apache.hadoop.http.HttpServer2$QuotingInputFilter)
2019-09-19 10:26:44,773 [main] INFO  http.HttpServer2 (HttpServer2.java:addFilter(948)) - Added filter static_user_filter (class=org.apache.hadoop.http.lib.StaticUserWebFilter$StaticUserFilter) to context hddsDatanode
2019-09-19 10:26:44,773 [main] INFO  http.HttpServer2 (HttpServer2.java:addFilter(958)) - Added filter static_user_filter (class=org.apache.hadoop.http.lib.StaticUserWebFilter$StaticUserFilter) to context static
2019-09-19 10:26:44,773 [main] INFO  http.HttpServer2 (HttpServer2.java:addFilter(958)) - Added filter static_user_filter (class=org.apache.hadoop.http.lib.StaticUserWebFilter$StaticUserFilter) to context logs
2019-09-19 10:26:44,774 [main] INFO  http.HttpServer2 (HttpServer2.java:bindListener(1191)) - Jetty bound to port 43147
2019-09-19 10:26:44,774 [main] INFO  server.Server (Server.java:doStart(351)) - jetty-9.3.24.v20180605, build timestamp: 2018-06-05T17:11:56Z, git hash: 84205aa28f11a4f31f2a3b86d1bba2cc8ab69827
2019-09-19 10:26:44,778 [main] INFO  handler.ContextHandler (ContextHandler.java:doStart(781)) - Started o.e.j.s.ServletContextHandler@5c5d6175{/logs,file:///workdir/hadoop-ozone/ozonefs/target/log,AVAILABLE}
2019-09-19 10:26:44,778 [main] INFO  handler.ContextHandler (ContextHandler.java:doStart(781)) - Started o.e.j.s.ServletContextHandler@3b27b497{/static,jar:file:/home/user/.m2/repository/org/apache/hadoop/hadoop-hdds-container-service/0.5.0-SNAPSHOT/hadoop-hdds-container-service-0.5.0-SNAPSHOT.jar!/webapps/static,AVAILABLE}
2019-09-19 10:26:44,804 [main] INFO  handler.ContextHandler (ContextHandler.java:doStart(781)) - Started o.e.j.w.WebAppContext@19a64eae{/,file:///tmp/jetty-0.0.0.0-43147-hddsDatanode-_-any-7599173397085347736.dir/webapp/,AVAILABLE}{/hddsDatanode}
2019-09-19 10:26:44,805 [main] INFO  server.AbstractConnector (AbstractConnector.java:doStart(278)) - Started ServerConnector@29a98d9f{HTTP/1.1,[http/1.1]}{0.0.0.0:43147}
2019-09-19 10:26:44,805 [main] INFO  server.Server (Server.java:doStart(419)) - Started @13621ms
2019-09-19 10:26:44,806 [main] INFO  server.BaseHttpServer (BaseHttpServer.java:updateConnectorAddress(213)) - HTTP server of HDDSDATANODE is listening at http://0.0.0.0:43147
2019-09-19 10:26:45,702 | INFO  | ObjectStoreRestHttpServer | Listening HDDS REST traffic on /0.0.0.0:43750 |  
2019-09-19 10:26:45,703 [main] INFO  ozone.HddsDatanodeService (HddsDatanodeService.java:startPlugins(395)) - Started plug-in org.apache.hadoop.ozone.web.OzoneHddsDatanodeService@b14b60a
2019-09-19 10:26:45,704 [main] INFO  impl.MetricsSystemImpl (MetricsSystemImpl.java:init(158)) - HddsDatanode metrics system started (again)
2019-09-19 10:26:45,707 [main] INFO  ozone.HddsDatanodeService (HddsDatanodeService.java:start(184)) - HddsDatanodeService host:pr-hdds-1569-cpgw4-1311585219 ip:192.168.157.204
2019-09-19 10:26:45,711 [org.apache.hadoop.util.JvmPauseMonitor$Monitor@68099324] INFO  util.JvmPauseMonitor (JvmPauseMonitor.java:run(188)) - Starting JVM pause monitor
2019-09-19 10:26:45,716 [main] INFO  volume.HddsVolume (HddsVolume.java:<init>(176)) - Creating Volume: /workdir/hadoop-ozone/ozonefs/target/test-dir/MiniOzoneClusterImpl-c4ccaed8-e682-4870-947c-cf1864f77c00/datanode-1/data/containers/hdds of  storage type : DISK and capacity : 1482555576320
2019-09-19 10:26:45,717 [main] INFO  volume.VolumeSet (VolumeSet.java:initializeVolumeSet(170)) - Added Volume : /workdir/hadoop-ozone/ozonefs/target/test-dir/MiniOzoneClusterImpl-c4ccaed8-e682-4870-947c-cf1864f77c00/datanode-1/data/containers/hdds to VolumeSet
2019-09-19 10:26:45,717 [main] INFO  volume.ThrottledAsyncChecker (ThrottledAsyncChecker.java:schedule(140)) - Scheduling a check for org.apache.hadoop.ozone.container.common.volume.HddsVolume@3b78c683
2019-09-19 10:26:45,719 [main] INFO  volume.HddsVolumeChecker (HddsVolumeChecker.java:checkAllVolumes(203)) - Scheduled health check for volume org.apache.hadoop.ozone.container.common.volume.HddsVolume@3b78c683
2019-09-19 10:26:45,743 [main] INFO  impl.RaftServerProxy (ConfUtils.java:logGet(43)) - raft.rpc.type = GRPC (default)
2019-09-19 10:26:45,743 [main] INFO  grpc.GrpcFactory (GrpcFactory.java:checkPooledByteBufAllocatorUseCacheForAllThreads(45)) - PERFORMANCE WARNING: useCacheForAllThreads is true that may cause Netty to create a lot garbage objects and, as a result, trigger GC.
	It is recommended to disable useCacheForAllThreads by setting -Dorg.apache.ratis.thirdparty.io.netty.allocator.useCacheForAllThreads=false in command line.
2019-09-19 10:26:45,743 [main] INFO  grpc.GrpcConfigKeys$Server (ConfUtils.java:logGet(43)) - raft.grpc.server.port = 0 (default)
2019-09-19 10:26:45,744 [main] INFO  server.GrpcService (ConfUtils.java:logGet(43)) - raft.grpc.message.size.max = 33570816 (custom)
2019-09-19 10:26:45,744 [main] INFO  server.RaftServerConfigKeys (ConfUtils.java:logGet(43)) - raft.server.log.appender.buffer.byte-limit = 33554432 (custom)
2019-09-19 10:26:45,744 [main] INFO  server.GrpcService (ConfUtils.java:logGet(43)) - raft.grpc.flow.control.window = 1MB (=1048576) (default)
2019-09-19 10:26:45,744 [main] INFO  server.RaftServerConfigKeys (ConfUtils.java:logGet(43)) - raft.server.rpc.request.timeout = 3000ms (default)
2019-09-19 10:26:45,745 [main] INFO  server.RaftServerConfigKeys (ConfUtils.java:logGet(43)) - raft.server.storage.dir = [/workdir/hadoop-ozone/ozonefs/target/test-dir/MiniOzoneClusterImpl-c4ccaed8-e682-4870-947c-cf1864f77c00/datanode-1/data/ratis] (custom)
2019-09-19 10:26:45,745 [main] INFO  replication.SimpleContainerDownloader (SimpleContainerDownloader.java:<init>(72)) - Starting container downloader service to copy containers to replicate.
2019-09-19 10:26:45,747 [main] INFO  hdfs.DFSUtil (DFSUtil.java:httpServerTemplateForNNAndJN(1641)) - Starting Web-server for hddsDatanode at: http://0.0.0.0:0
2019-09-19 10:26:45,750 [main] INFO  server.AuthenticationFilter (AuthenticationFilter.java:constructSecretProvider(240)) - Unable to initialize FileSignerSecretProvider, falling back to use random secrets.
2019-09-19 10:26:45,751 [main] WARN  http.HttpRequestLog (HttpRequestLog.java:getRequestLog(97)) - Jetty request log can only be enabled using Log4j
2019-09-19 10:26:45,754 [main] INFO  http.HttpServer2 (HttpServer2.java:addGlobalFilter(975)) - Added global filter 'safety' (class=org.apache.hadoop.http.HttpServer2$QuotingInputFilter)
2019-09-19 10:26:45,755 [main] INFO  http.HttpServer2 (HttpServer2.java:addFilter(948)) - Added filter static_user_filter (class=org.apache.hadoop.http.lib.StaticUserWebFilter$StaticUserFilter) to context hddsDatanode
2019-09-19 10:26:45,755 [main] INFO  http.HttpServer2 (HttpServer2.java:addFilter(958)) - Added filter static_user_filter (class=org.apache.hadoop.http.lib.StaticUserWebFilter$StaticUserFilter) to context logs
2019-09-19 10:26:45,756 [main] INFO  http.HttpServer2 (HttpServer2.java:addFilter(958)) - Added filter static_user_filter (class=org.apache.hadoop.http.lib.StaticUserWebFilter$StaticUserFilter) to context static
2019-09-19 10:26:45,757 [main] INFO  http.HttpServer2 (HttpServer2.java:bindListener(1191)) - Jetty bound to port 46263
2019-09-19 10:26:45,757 [main] INFO  server.Server (Server.java:doStart(351)) - jetty-9.3.24.v20180605, build timestamp: 2018-06-05T17:11:56Z, git hash: 84205aa28f11a4f31f2a3b86d1bba2cc8ab69827
2019-09-19 10:26:45,759 [main] INFO  handler.ContextHandler (ContextHandler.java:doStart(781)) - Started o.e.j.s.ServletContextHandler@62d40e31{/logs,file:///workdir/hadoop-ozone/ozonefs/target/log,AVAILABLE}
2019-09-19 10:26:45,760 [main] INFO  handler.ContextHandler (ContextHandler.java:doStart(781)) - Started o.e.j.s.ServletContextHandler@7ce29a2d{/static,jar:file:/home/user/.m2/repository/org/apache/hadoop/hadoop-hdds-container-service/0.5.0-SNAPSHOT/hadoop-hdds-container-service-0.5.0-SNAPSHOT.jar!/webapps/static,AVAILABLE}
2019-09-19 10:26:45,797 [main] INFO  handler.ContextHandler (ContextHandler.java:doStart(781)) - Started o.e.j.w.WebAppContext@475f5672{/,file:///tmp/jetty-0.0.0.0-46263-hddsDatanode-_-any-6216437802586650543.dir/webapp/,AVAILABLE}{/hddsDatanode}
2019-09-19 10:26:45,799 [main] INFO  server.AbstractConnector (AbstractConnector.java:doStart(278)) - Started ServerConnector@616a06e3{HTTP/1.1,[http/1.1]}{0.0.0.0:46263}
2019-09-19 10:26:45,799 [main] INFO  server.Server (Server.java:doStart(419)) - Started @14615ms
2019-09-19 10:26:45,800 [main] INFO  server.BaseHttpServer (BaseHttpServer.java:updateConnectorAddress(213)) - HTTP server of HDDSDATANODE is listening at http://0.0.0.0:46263
2019-09-19 10:26:45,848 [Datanode State Machine Thread - 0] INFO  datanode.InitDatanodeState (InitDatanodeState.java:persistContainerDatanodeDetails(140)) - DatanodeDetails is persisted to /workdir/hadoop-ozone/ozonefs/target/test-dir/MiniOzoneClusterImpl-c4ccaed8-e682-4870-947c-cf1864f77c00/datanode-0/meta/datanode.id
2019-09-19 10:26:46,012 | INFO  | ObjectStoreRestHttpServer | Listening HDDS REST traffic on /0.0.0.0:45341 |  
2019-09-19 10:26:46,012 [main] INFO  ozone.HddsDatanodeService (HddsDatanodeService.java:startPlugins(395)) - Started plug-in org.apache.hadoop.ozone.web.OzoneHddsDatanodeService@7971c2a9
2019-09-19 10:26:46,013 [main] INFO  impl.MetricsSystemImpl (MetricsSystemImpl.java:init(158)) - HddsDatanode metrics system started (again)
2019-09-19 10:26:46,016 [org.apache.hadoop.util.JvmPauseMonitor$Monitor@1acad6b] INFO  util.JvmPauseMonitor (JvmPauseMonitor.java:run(188)) - Starting JVM pause monitor
2019-09-19 10:26:46,016 [main] INFO  ozone.HddsDatanodeService (HddsDatanodeService.java:start(184)) - HddsDatanodeService host:pr-hdds-1569-cpgw4-1311585219 ip:192.168.157.204
2019-09-19 10:26:46,022 [Datanode State Machine Thread - 0] INFO  datanode.InitDatanodeState (InitDatanodeState.java:persistContainerDatanodeDetails(140)) - DatanodeDetails is persisted to /workdir/hadoop-ozone/ozonefs/target/test-dir/MiniOzoneClusterImpl-c4ccaed8-e682-4870-947c-cf1864f77c00/datanode-1/meta/datanode.id
2019-09-19 10:26:46,028 [main] INFO  volume.HddsVolume (HddsVolume.java:<init>(176)) - Creating Volume: /workdir/hadoop-ozone/ozonefs/target/test-dir/MiniOzoneClusterImpl-c4ccaed8-e682-4870-947c-cf1864f77c00/datanode-2/data/containers/hdds of  storage type : DISK and capacity : 1482555576320
2019-09-19 10:26:46,029 [main] INFO  volume.VolumeSet (VolumeSet.java:initializeVolumeSet(170)) - Added Volume : /workdir/hadoop-ozone/ozonefs/target/test-dir/MiniOzoneClusterImpl-c4ccaed8-e682-4870-947c-cf1864f77c00/datanode-2/data/containers/hdds to VolumeSet
2019-09-19 10:26:46,029 [main] INFO  volume.ThrottledAsyncChecker (ThrottledAsyncChecker.java:schedule(140)) - Scheduling a check for org.apache.hadoop.ozone.container.common.volume.HddsVolume@b5aa65b
2019-09-19 10:26:46,030 [main] INFO  volume.HddsVolumeChecker (HddsVolumeChecker.java:checkAllVolumes(203)) - Scheduled health check for volume org.apache.hadoop.ozone.container.common.volume.HddsVolume@b5aa65b
2019-09-19 10:26:46,050 [main] INFO  impl.RaftServerProxy (ConfUtils.java:logGet(43)) - raft.rpc.type = GRPC (default)
2019-09-19 10:26:46,051 [main] INFO  grpc.GrpcFactory (GrpcFactory.java:checkPooledByteBufAllocatorUseCacheForAllThreads(45)) - PERFORMANCE WARNING: useCacheForAllThreads is true that may cause Netty to create a lot garbage objects and, as a result, trigger GC.
	It is recommended to disable useCacheForAllThreads by setting -Dorg.apache.ratis.thirdparty.io.netty.allocator.useCacheForAllThreads=false in command line.
2019-09-19 10:26:46,051 [main] INFO  grpc.GrpcConfigKeys$Server (ConfUtils.java:logGet(43)) - raft.grpc.server.port = 0 (default)
2019-09-19 10:26:46,051 [main] INFO  server.GrpcService (ConfUtils.java:logGet(43)) - raft.grpc.message.size.max = 33570816 (custom)
2019-09-19 10:26:46,051 [main] INFO  server.RaftServerConfigKeys (ConfUtils.java:logGet(43)) - raft.server.log.appender.buffer.byte-limit = 33554432 (custom)
2019-09-19 10:26:46,051 [main] INFO  server.GrpcService (ConfUtils.java:logGet(43)) - raft.grpc.flow.control.window = 1MB (=1048576) (default)
2019-09-19 10:26:46,052 [main] INFO  server.RaftServerConfigKeys (ConfUtils.java:logGet(43)) - raft.server.rpc.request.timeout = 3000ms (default)
2019-09-19 10:26:46,052 [main] INFO  server.RaftServerConfigKeys (ConfUtils.java:logGet(43)) - raft.server.storage.dir = [/workdir/hadoop-ozone/ozonefs/target/test-dir/MiniOzoneClusterImpl-c4ccaed8-e682-4870-947c-cf1864f77c00/datanode-2/data/ratis] (custom)
2019-09-19 10:26:46,053 [main] INFO  replication.SimpleContainerDownloader (SimpleContainerDownloader.java:<init>(72)) - Starting container downloader service to copy containers to replicate.
2019-09-19 10:26:46,055 [main] INFO  hdfs.DFSUtil (DFSUtil.java:httpServerTemplateForNNAndJN(1641)) - Starting Web-server for hddsDatanode at: http://0.0.0.0:0
2019-09-19 10:26:46,057 [main] INFO  server.AuthenticationFilter (AuthenticationFilter.java:constructSecretProvider(240)) - Unable to initialize FileSignerSecretProvider, falling back to use random secrets.
2019-09-19 10:26:46,058 [main] WARN  http.HttpRequestLog (HttpRequestLog.java:getRequestLog(97)) - Jetty request log can only be enabled using Log4j
2019-09-19 10:26:46,061 [main] INFO  http.HttpServer2 (HttpServer2.java:addGlobalFilter(975)) - Added global filter 'safety' (class=org.apache.hadoop.http.HttpServer2$QuotingInputFilter)
2019-09-19 10:26:46,063 [main] INFO  http.HttpServer2 (HttpServer2.java:addFilter(948)) - Added filter static_user_filter (class=org.apache.hadoop.http.lib.StaticUserWebFilter$StaticUserFilter) to context hddsDatanode
2019-09-19 10:26:46,063 [main] INFO  http.HttpServer2 (HttpServer2.java:addFilter(958)) - Added filter static_user_filter (class=org.apache.hadoop.http.lib.StaticUserWebFilter$StaticUserFilter) to context static
2019-09-19 10:26:46,063 [main] INFO  http.HttpServer2 (HttpServer2.java:addFilter(958)) - Added filter static_user_filter (class=org.apache.hadoop.http.lib.StaticUserWebFilter$StaticUserFilter) to context logs
2019-09-19 10:26:46,065 [main] INFO  http.HttpServer2 (HttpServer2.java:bindListener(1191)) - Jetty bound to port 44441
2019-09-19 10:26:46,065 [main] INFO  server.Server (Server.java:doStart(351)) - jetty-9.3.24.v20180605, build timestamp: 2018-06-05T17:11:56Z, git hash: 84205aa28f11a4f31f2a3b86d1bba2cc8ab69827
2019-09-19 10:26:46,069 [main] INFO  handler.ContextHandler (ContextHandler.java:doStart(781)) - Started o.e.j.s.ServletContextHandler@4aed311e{/logs,file:///workdir/hadoop-ozone/ozonefs/target/log,AVAILABLE}
2019-09-19 10:26:46,070 [main] INFO  handler.ContextHandler (ContextHandler.java:doStart(781)) - Started o.e.j.s.ServletContextHandler@7ddcb0dc{/static,jar:file:/home/user/.m2/repository/org/apache/hadoop/hadoop-hdds-container-service/0.5.0-SNAPSHOT/hadoop-hdds-container-service-0.5.0-SNAPSHOT.jar!/webapps/static,AVAILABLE}
2019-09-19 10:26:46,112 [main] INFO  handler.ContextHandler (ContextHandler.java:doStart(781)) - Started o.e.j.w.WebAppContext@15e8f9b2{/,file:///tmp/jetty-0.0.0.0-44441-hddsDatanode-_-any-3192029214832547870.dir/webapp/,AVAILABLE}{/hddsDatanode}
2019-09-19 10:26:46,113 [main] INFO  server.AbstractConnector (AbstractConnector.java:doStart(278)) - Started ServerConnector@7a65c995{HTTP/1.1,[http/1.1]}{0.0.0.0:44441}
2019-09-19 10:26:46,113 [main] INFO  server.Server (Server.java:doStart(419)) - Started @14929ms
2019-09-19 10:26:46,114 [main] INFO  server.BaseHttpServer (BaseHttpServer.java:updateConnectorAddress(213)) - HTTP server of HDDSDATANODE is listening at http://0.0.0.0:44441
2019-09-19 10:26:46,280 | INFO  | ObjectStoreRestHttpServer | Listening HDDS REST traffic on /0.0.0.0:37922 |  
2019-09-19 10:26:46,281 [main] INFO  ozone.HddsDatanodeService (HddsDatanodeService.java:startPlugins(395)) - Started plug-in org.apache.hadoop.ozone.web.OzoneHddsDatanodeService@3487442d
2019-09-19 10:26:46,281 [main] INFO  impl.MetricsSystemImpl (MetricsSystemImpl.java:init(158)) - HddsDatanode metrics system started (again)
2019-09-19 10:26:46,283 [main] INFO  ozone.HddsDatanodeService (HddsDatanodeService.java:start(184)) - HddsDatanodeService host:pr-hdds-1569-cpgw4-1311585219 ip:192.168.157.204
2019-09-19 10:26:46,284 [org.apache.hadoop.util.JvmPauseMonitor$Monitor@74e1b47e] INFO  util.JvmPauseMonitor (JvmPauseMonitor.java:run(188)) - Starting JVM pause monitor
2019-09-19 10:26:46,287 [Datanode State Machine Thread - 0] INFO  datanode.InitDatanodeState (InitDatanodeState.java:persistContainerDatanodeDetails(140)) - DatanodeDetails is persisted to /workdir/hadoop-ozone/ozonefs/target/test-dir/MiniOzoneClusterImpl-c4ccaed8-e682-4870-947c-cf1864f77c00/datanode-2/meta/datanode.id
2019-09-19 10:26:46,292 [main] INFO  volume.HddsVolume (HddsVolume.java:<init>(176)) - Creating Volume: /workdir/hadoop-ozone/ozonefs/target/test-dir/MiniOzoneClusterImpl-c4ccaed8-e682-4870-947c-cf1864f77c00/datanode-3/data/containers/hdds of  storage type : DISK and capacity : 1482555576320
2019-09-19 10:26:46,293 [main] INFO  volume.VolumeSet (VolumeSet.java:initializeVolumeSet(170)) - Added Volume : /workdir/hadoop-ozone/ozonefs/target/test-dir/MiniOzoneClusterImpl-c4ccaed8-e682-4870-947c-cf1864f77c00/datanode-3/data/containers/hdds to VolumeSet
2019-09-19 10:26:46,293 [main] INFO  volume.ThrottledAsyncChecker (ThrottledAsyncChecker.java:schedule(140)) - Scheduling a check for org.apache.hadoop.ozone.container.common.volume.HddsVolume@1b8aaeab
2019-09-19 10:26:46,293 [main] INFO  volume.HddsVolumeChecker (HddsVolumeChecker.java:checkAllVolumes(203)) - Scheduled health check for volume org.apache.hadoop.ozone.container.common.volume.HddsVolume@1b8aaeab
2019-09-19 10:26:46,315 [main] INFO  impl.RaftServerProxy (ConfUtils.java:logGet(43)) - raft.rpc.type = GRPC (default)
2019-09-19 10:26:46,315 [main] INFO  grpc.GrpcFactory (GrpcFactory.java:checkPooledByteBufAllocatorUseCacheForAllThreads(45)) - PERFORMANCE WARNING: useCacheForAllThreads is true that may cause Netty to create a lot garbage objects and, as a result, trigger GC.
	It is recommended to disable useCacheForAllThreads by setting -Dorg.apache.ratis.thirdparty.io.netty.allocator.useCacheForAllThreads=false in command line.
2019-09-19 10:26:46,315 [main] INFO  grpc.GrpcConfigKeys$Server (ConfUtils.java:logGet(43)) - raft.grpc.server.port = 0 (default)
2019-09-19 10:26:46,316 [main] INFO  server.GrpcService (ConfUtils.java:logGet(43)) - raft.grpc.message.size.max = 33570816 (custom)
2019-09-19 10:26:46,316 [main] INFO  server.RaftServerConfigKeys (ConfUtils.java:logGet(43)) - raft.server.log.appender.buffer.byte-limit = 33554432 (custom)
2019-09-19 10:26:46,316 [main] INFO  server.GrpcService (ConfUtils.java:logGet(43)) - raft.grpc.flow.control.window = 1MB (=1048576) (default)
2019-09-19 10:26:46,317 [main] INFO  server.RaftServerConfigKeys (ConfUtils.java:logGet(43)) - raft.server.rpc.request.timeout = 3000ms (default)
2019-09-19 10:26:46,317 [main] INFO  server.RaftServerConfigKeys (ConfUtils.java:logGet(43)) - raft.server.storage.dir = [/workdir/hadoop-ozone/ozonefs/target/test-dir/MiniOzoneClusterImpl-c4ccaed8-e682-4870-947c-cf1864f77c00/datanode-3/data/ratis] (custom)
2019-09-19 10:26:46,318 [main] INFO  replication.SimpleContainerDownloader (SimpleContainerDownloader.java:<init>(72)) - Starting container downloader service to copy containers to replicate.
2019-09-19 10:26:46,319 [main] INFO  hdfs.DFSUtil (DFSUtil.java:httpServerTemplateForNNAndJN(1641)) - Starting Web-server for hddsDatanode at: http://0.0.0.0:0
2019-09-19 10:26:46,320 [main] INFO  server.AuthenticationFilter (AuthenticationFilter.java:constructSecretProvider(240)) - Unable to initialize FileSignerSecretProvider, falling back to use random secrets.
2019-09-19 10:26:46,321 [main] WARN  http.HttpRequestLog (HttpRequestLog.java:getRequestLog(97)) - Jetty request log can only be enabled using Log4j
2019-09-19 10:26:46,323 [main] INFO  http.HttpServer2 (HttpServer2.java:addGlobalFilter(975)) - Added global filter 'safety' (class=org.apache.hadoop.http.HttpServer2$QuotingInputFilter)
2019-09-19 10:26:46,324 [main] INFO  http.HttpServer2 (HttpServer2.java:addFilter(948)) - Added filter static_user_filter (class=org.apache.hadoop.http.lib.StaticUserWebFilter$StaticUserFilter) to context hddsDatanode
2019-09-19 10:26:46,324 [main] INFO  http.HttpServer2 (HttpServer2.java:addFilter(958)) - Added filter static_user_filter (class=org.apache.hadoop.http.lib.StaticUserWebFilter$StaticUserFilter) to context logs
2019-09-19 10:26:46,324 [main] INFO  http.HttpServer2 (HttpServer2.java:addFilter(958)) - Added filter static_user_filter (class=org.apache.hadoop.http.lib.StaticUserWebFilter$StaticUserFilter) to context static
2019-09-19 10:26:46,325 [main] INFO  http.HttpServer2 (HttpServer2.java:bindListener(1191)) - Jetty bound to port 40258
2019-09-19 10:26:46,325 [main] INFO  server.Server (Server.java:doStart(351)) - jetty-9.3.24.v20180605, build timestamp: 2018-06-05T17:11:56Z, git hash: 84205aa28f11a4f31f2a3b86d1bba2cc8ab69827
2019-09-19 10:26:46,327 [main] INFO  handler.ContextHandler (ContextHandler.java:doStart(781)) - Started o.e.j.s.ServletContextHandler@656842bc{/logs,file:///workdir/hadoop-ozone/ozonefs/target/log,AVAILABLE}
2019-09-19 10:26:46,327 [main] INFO  handler.ContextHandler (ContextHandler.java:doStart(781)) - Started o.e.j.s.ServletContextHandler@3dec3f87{/static,jar:file:/home/user/.m2/repository/org/apache/hadoop/hadoop-hdds-container-service/0.5.0-SNAPSHOT/hadoop-hdds-container-service-0.5.0-SNAPSHOT.jar!/webapps/static,AVAILABLE}
2019-09-19 10:26:46,355 [main] INFO  handler.ContextHandler (ContextHandler.java:doStart(781)) - Started o.e.j.w.WebAppContext@28ee882c{/,file:///tmp/jetty-0.0.0.0-40258-hddsDatanode-_-any-1023408768373451388.dir/webapp/,AVAILABLE}{/hddsDatanode}
2019-09-19 10:26:46,356 [main] INFO  server.AbstractConnector (AbstractConnector.java:doStart(278)) - Started ServerConnector@78d73b1b{HTTP/1.1,[http/1.1]}{0.0.0.0:40258}
2019-09-19 10:26:46,356 [main] INFO  server.Server (Server.java:doStart(419)) - Started @15172ms
2019-09-19 10:26:46,357 [main] INFO  server.BaseHttpServer (BaseHttpServer.java:updateConnectorAddress(213)) - HTTP server of HDDSDATANODE is listening at http://0.0.0.0:40258
2019-09-19 10:26:46,516 | INFO  | ObjectStoreRestHttpServer | Listening HDDS REST traffic on /0.0.0.0:37953 |  
2019-09-19 10:26:46,516 [main] INFO  ozone.HddsDatanodeService (HddsDatanodeService.java:startPlugins(395)) - Started plug-in org.apache.hadoop.ozone.web.OzoneHddsDatanodeService@11eec06b
2019-09-19 10:26:46,517 [main] INFO  impl.MetricsSystemImpl (MetricsSystemImpl.java:init(158)) - HddsDatanode metrics system started (again)
2019-09-19 10:26:46,520 [main] INFO  ozone.HddsDatanodeService (HddsDatanodeService.java:start(184)) - HddsDatanodeService host:pr-hdds-1569-cpgw4-1311585219 ip:192.168.157.204
2019-09-19 10:26:46,521 [org.apache.hadoop.util.JvmPauseMonitor$Monitor@49538269] INFO  util.JvmPauseMonitor (JvmPauseMonitor.java:run(188)) - Starting JVM pause monitor
2019-09-19 10:26:46,524 [Datanode State Machine Thread - 0] INFO  datanode.InitDatanodeState (InitDatanodeState.java:persistContainerDatanodeDetails(140)) - DatanodeDetails is persisted to /workdir/hadoop-ozone/ozonefs/target/test-dir/MiniOzoneClusterImpl-c4ccaed8-e682-4870-947c-cf1864f77c00/datanode-3/meta/datanode.id
2019-09-19 10:26:46,533 [main] INFO  volume.HddsVolume (HddsVolume.java:<init>(176)) - Creating Volume: /workdir/hadoop-ozone/ozonefs/target/test-dir/MiniOzoneClusterImpl-c4ccaed8-e682-4870-947c-cf1864f77c00/datanode-4/data/containers/hdds of  storage type : DISK and capacity : 1482555576320
2019-09-19 10:26:46,533 [main] INFO  volume.VolumeSet (VolumeSet.java:initializeVolumeSet(170)) - Added Volume : /workdir/hadoop-ozone/ozonefs/target/test-dir/MiniOzoneClusterImpl-c4ccaed8-e682-4870-947c-cf1864f77c00/datanode-4/data/containers/hdds to VolumeSet
2019-09-19 10:26:46,533 [main] INFO  volume.ThrottledAsyncChecker (ThrottledAsyncChecker.java:schedule(140)) - Scheduling a check for org.apache.hadoop.ozone.container.common.volume.HddsVolume@2f8c4fae
2019-09-19 10:26:46,534 [main] INFO  volume.HddsVolumeChecker (HddsVolumeChecker.java:checkAllVolumes(203)) - Scheduled health check for volume org.apache.hadoop.ozone.container.common.volume.HddsVolume@2f8c4fae
2019-09-19 10:26:46,555 [main] INFO  impl.RaftServerProxy (ConfUtils.java:logGet(43)) - raft.rpc.type = GRPC (default)
2019-09-19 10:26:46,555 [main] INFO  grpc.GrpcFactory (GrpcFactory.java:checkPooledByteBufAllocatorUseCacheForAllThreads(45)) - PERFORMANCE WARNING: useCacheForAllThreads is true that may cause Netty to create a lot garbage objects and, as a result, trigger GC.
	It is recommended to disable useCacheForAllThreads by setting -Dorg.apache.ratis.thirdparty.io.netty.allocator.useCacheForAllThreads=false in command line.
2019-09-19 10:26:46,556 [main] INFO  grpc.GrpcConfigKeys$Server (ConfUtils.java:logGet(43)) - raft.grpc.server.port = 0 (default)
2019-09-19 10:26:46,556 [main] INFO  server.GrpcService (ConfUtils.java:logGet(43)) - raft.grpc.message.size.max = 33570816 (custom)
2019-09-19 10:26:46,556 [main] INFO  server.RaftServerConfigKeys (ConfUtils.java:logGet(43)) - raft.server.log.appender.buffer.byte-limit = 33554432 (custom)
2019-09-19 10:26:46,556 [main] INFO  server.GrpcService (ConfUtils.java:logGet(43)) - raft.grpc.flow.control.window = 1MB (=1048576) (default)
2019-09-19 10:26:46,556 [main] INFO  server.RaftServerConfigKeys (ConfUtils.java:logGet(43)) - raft.server.rpc.request.timeout = 3000ms (default)
2019-09-19 10:26:46,557 [main] INFO  server.RaftServerConfigKeys (ConfUtils.java:logGet(43)) - raft.server.storage.dir = [/workdir/hadoop-ozone/ozonefs/target/test-dir/MiniOzoneClusterImpl-c4ccaed8-e682-4870-947c-cf1864f77c00/datanode-4/data/ratis] (custom)
2019-09-19 10:26:46,557 [main] INFO  replication.SimpleContainerDownloader (SimpleContainerDownloader.java:<init>(72)) - Starting container downloader service to copy containers to replicate.
2019-09-19 10:26:46,559 [main] INFO  hdfs.DFSUtil (DFSUtil.java:httpServerTemplateForNNAndJN(1641)) - Starting Web-server for hddsDatanode at: http://0.0.0.0:0
2019-09-19 10:26:46,560 [main] INFO  server.AuthenticationFilter (AuthenticationFilter.java:constructSecretProvider(240)) - Unable to initialize FileSignerSecretProvider, falling back to use random secrets.
2019-09-19 10:26:46,561 [main] WARN  http.HttpRequestLog (HttpRequestLog.java:getRequestLog(97)) - Jetty request log can only be enabled using Log4j
2019-09-19 10:26:46,562 [main] INFO  http.HttpServer2 (HttpServer2.java:addGlobalFilter(975)) - Added global filter 'safety' (class=org.apache.hadoop.http.HttpServer2$QuotingInputFilter)
2019-09-19 10:26:46,563 [main] INFO  http.HttpServer2 (HttpServer2.java:addFilter(948)) - Added filter static_user_filter (class=org.apache.hadoop.http.lib.StaticUserWebFilter$StaticUserFilter) to context hddsDatanode
2019-09-19 10:26:46,563 [main] INFO  http.HttpServer2 (HttpServer2.java:addFilter(958)) - Added filter static_user_filter (class=org.apache.hadoop.http.lib.StaticUserWebFilter$StaticUserFilter) to context logs
2019-09-19 10:26:46,564 [main] INFO  http.HttpServer2 (HttpServer2.java:addFilter(958)) - Added filter static_user_filter (class=org.apache.hadoop.http.lib.StaticUserWebFilter$StaticUserFilter) to context static
2019-09-19 10:26:46,564 [main] INFO  http.HttpServer2 (HttpServer2.java:bindListener(1191)) - Jetty bound to port 39890
2019-09-19 10:26:46,564 [main] INFO  server.Server (Server.java:doStart(351)) - jetty-9.3.24.v20180605, build timestamp: 2018-06-05T17:11:56Z, git hash: 84205aa28f11a4f31f2a3b86d1bba2cc8ab69827
2019-09-19 10:26:46,566 [main] INFO  handler.ContextHandler (ContextHandler.java:doStart(781)) - Started o.e.j.s.ServletContextHandler@77c66a4f{/logs,file:///workdir/hadoop-ozone/ozonefs/target/log,AVAILABLE}
2019-09-19 10:26:46,567 [main] INFO  handler.ContextHandler (ContextHandler.java:doStart(781)) - Started o.e.j.s.ServletContextHandler@7a3f08b6{/static,jar:file:/home/user/.m2/repository/org/apache/hadoop/hadoop-hdds-container-service/0.5.0-SNAPSHOT/hadoop-hdds-container-service-0.5.0-SNAPSHOT.jar!/webapps/static,AVAILABLE}
2019-09-19 10:26:46,595 [main] INFO  handler.ContextHandler (ContextHandler.java:doStart(781)) - Started o.e.j.w.WebAppContext@2616b618{/,file:///tmp/jetty-0.0.0.0-39890-hddsDatanode-_-any-7522707371155158663.dir/webapp/,AVAILABLE}{/hddsDatanode}
2019-09-19 10:26:46,595 [main] INFO  server.AbstractConnector (AbstractConnector.java:doStart(278)) - Started ServerConnector@73bb573d{HTTP/1.1,[http/1.1]}{0.0.0.0:39890}
2019-09-19 10:26:46,597 [main] INFO  server.Server (Server.java:doStart(419)) - Started @15412ms
2019-09-19 10:26:46,597 [main] INFO  server.BaseHttpServer (BaseHttpServer.java:updateConnectorAddress(213)) - HTTP server of HDDSDATANODE is listening at http://0.0.0.0:39890
2019-09-19 10:26:46,872 | INFO  | ObjectStoreRestHttpServer | Listening HDDS REST traffic on /0.0.0.0:44982 |  
2019-09-19 10:26:46,872 [main] INFO  ozone.HddsDatanodeService (HddsDatanodeService.java:startPlugins(395)) - Started plug-in org.apache.hadoop.ozone.web.OzoneHddsDatanodeService@67763ebe
2019-09-19 10:26:46,873 [main] INFO  impl.MetricsSystemImpl (MetricsSystemImpl.java:init(158)) - HddsDatanode metrics system started (again)
2019-09-19 10:26:46,876 [main] INFO  ozone.HddsDatanodeService (HddsDatanodeService.java:start(184)) - HddsDatanodeService host:pr-hdds-1569-cpgw4-1311585219 ip:192.168.157.204
2019-09-19 10:26:46,877 [org.apache.hadoop.util.JvmPauseMonitor$Monitor@4f4e163] INFO  util.JvmPauseMonitor (JvmPauseMonitor.java:run(188)) - Starting JVM pause monitor
2019-09-19 10:26:46,880 [Datanode State Machine Thread - 0] INFO  datanode.InitDatanodeState (InitDatanodeState.java:persistContainerDatanodeDetails(140)) - DatanodeDetails is persisted to /workdir/hadoop-ozone/ozonefs/target/test-dir/MiniOzoneClusterImpl-c4ccaed8-e682-4870-947c-cf1864f77c00/datanode-4/meta/datanode.id
2019-09-19 10:26:46,886 [main] INFO  volume.HddsVolume (HddsVolume.java:<init>(176)) - Creating Volume: /workdir/hadoop-ozone/ozonefs/target/test-dir/MiniOzoneClusterImpl-c4ccaed8-e682-4870-947c-cf1864f77c00/datanode-5/data/containers/hdds of  storage type : DISK and capacity : 1482555576320
2019-09-19 10:26:46,886 [main] INFO  volume.VolumeSet (VolumeSet.java:initializeVolumeSet(170)) - Added Volume : /workdir/hadoop-ozone/ozonefs/target/test-dir/MiniOzoneClusterImpl-c4ccaed8-e682-4870-947c-cf1864f77c00/datanode-5/data/containers/hdds to VolumeSet
2019-09-19 10:26:46,886 [main] INFO  volume.ThrottledAsyncChecker (ThrottledAsyncChecker.java:schedule(140)) - Scheduling a check for org.apache.hadoop.ozone.container.common.volume.HddsVolume@76d0ecd7
2019-09-19 10:26:46,887 [main] INFO  volume.HddsVolumeChecker (HddsVolumeChecker.java:checkAllVolumes(203)) - Scheduled health check for volume org.apache.hadoop.ozone.container.common.volume.HddsVolume@76d0ecd7
2019-09-19 10:26:46,908 [main] INFO  impl.RaftServerProxy (ConfUtils.java:logGet(43)) - raft.rpc.type = GRPC (default)
2019-09-19 10:26:46,908 [main] INFO  grpc.GrpcFactory (GrpcFactory.java:checkPooledByteBufAllocatorUseCacheForAllThreads(45)) - PERFORMANCE WARNING: useCacheForAllThreads is true that may cause Netty to create a lot garbage objects and, as a result, trigger GC.
	It is recommended to disable useCacheForAllThreads by setting -Dorg.apache.ratis.thirdparty.io.netty.allocator.useCacheForAllThreads=false in command line.
2019-09-19 10:26:46,908 [main] INFO  grpc.GrpcConfigKeys$Server (ConfUtils.java:logGet(43)) - raft.grpc.server.port = 0 (default)
2019-09-19 10:26:46,909 [main] INFO  server.GrpcService (ConfUtils.java:logGet(43)) - raft.grpc.message.size.max = 33570816 (custom)
2019-09-19 10:26:46,909 [main] INFO  server.RaftServerConfigKeys (ConfUtils.java:logGet(43)) - raft.server.log.appender.buffer.byte-limit = 33554432 (custom)
2019-09-19 10:26:46,909 [main] INFO  server.GrpcService (ConfUtils.java:logGet(43)) - raft.grpc.flow.control.window = 1MB (=1048576) (default)
2019-09-19 10:26:46,909 [main] INFO  server.RaftServerConfigKeys (ConfUtils.java:logGet(43)) - raft.server.rpc.request.timeout = 3000ms (default)
2019-09-19 10:26:46,910 [main] INFO  server.RaftServerConfigKeys (ConfUtils.java:logGet(43)) - raft.server.storage.dir = [/workdir/hadoop-ozone/ozonefs/target/test-dir/MiniOzoneClusterImpl-c4ccaed8-e682-4870-947c-cf1864f77c00/datanode-5/data/ratis] (custom)
2019-09-19 10:26:46,910 [main] INFO  replication.SimpleContainerDownloader (SimpleContainerDownloader.java:<init>(72)) - Starting container downloader service to copy containers to replicate.
2019-09-19 10:26:46,911 [main] INFO  hdfs.DFSUtil (DFSUtil.java:httpServerTemplateForNNAndJN(1641)) - Starting Web-server for hddsDatanode at: http://0.0.0.0:0
2019-09-19 10:26:46,913 [main] INFO  server.AuthenticationFilter (AuthenticationFilter.java:constructSecretProvider(240)) - Unable to initialize FileSignerSecretProvider, falling back to use random secrets.
2019-09-19 10:26:46,913 [main] WARN  http.HttpRequestLog (HttpRequestLog.java:getRequestLog(97)) - Jetty request log can only be enabled using Log4j
2019-09-19 10:26:46,915 [main] INFO  http.HttpServer2 (HttpServer2.java:addGlobalFilter(975)) - Added global filter 'safety' (class=org.apache.hadoop.http.HttpServer2$QuotingInputFilter)
2019-09-19 10:26:46,916 [main] INFO  http.HttpServer2 (HttpServer2.java:addFilter(948)) - Added filter static_user_filter (class=org.apache.hadoop.http.lib.StaticUserWebFilter$StaticUserFilter) to context hddsDatanode
2019-09-19 10:26:46,916 [main] INFO  http.HttpServer2 (HttpServer2.java:addFilter(958)) - Added filter static_user_filter (class=org.apache.hadoop.http.lib.StaticUserWebFilter$StaticUserFilter) to context logs
2019-09-19 10:26:46,917 [main] INFO  http.HttpServer2 (HttpServer2.java:addFilter(958)) - Added filter static_user_filter (class=org.apache.hadoop.http.lib.StaticUserWebFilter$StaticUserFilter) to context static
2019-09-19 10:26:46,917 [main] INFO  http.HttpServer2 (HttpServer2.java:bindListener(1191)) - Jetty bound to port 34519
2019-09-19 10:26:46,917 [main] INFO  server.Server (Server.java:doStart(351)) - jetty-9.3.24.v20180605, build timestamp: 2018-06-05T17:11:56Z, git hash: 84205aa28f11a4f31f2a3b86d1bba2cc8ab69827
2019-09-19 10:26:46,919 [main] INFO  handler.ContextHandler (ContextHandler.java:doStart(781)) - Started o.e.j.s.ServletContextHandler@19eea77c{/logs,file:///workdir/hadoop-ozone/ozonefs/target/log,AVAILABLE}
2019-09-19 10:26:46,920 [main] INFO  handler.ContextHandler (ContextHandler.java:doStart(781)) - Started o.e.j.s.ServletContextHandler@ac4915e{/static,jar:file:/home/user/.m2/repository/org/apache/hadoop/hadoop-hdds-container-service/0.5.0-SNAPSHOT/hadoop-hdds-container-service-0.5.0-SNAPSHOT.jar!/webapps/static,AVAILABLE}
2019-09-19 10:26:46,948 [main] INFO  handler.ContextHandler (ContextHandler.java:doStart(781)) - Started o.e.j.w.WebAppContext@7336fd8f{/,file:///tmp/jetty-0.0.0.0-34519-hddsDatanode-_-any-1618924265623555811.dir/webapp/,AVAILABLE}{/hddsDatanode}
2019-09-19 10:26:46,948 [main] INFO  server.AbstractConnector (AbstractConnector.java:doStart(278)) - Started ServerConnector@701c223a{HTTP/1.1,[http/1.1]}{0.0.0.0:34519}
2019-09-19 10:26:46,949 [main] INFO  server.Server (Server.java:doStart(419)) - Started @15765ms
2019-09-19 10:26:46,950 [main] INFO  server.BaseHttpServer (BaseHttpServer.java:updateConnectorAddress(213)) - HTTP server of HDDSDATANODE is listening at http://0.0.0.0:34519
2019-09-19 10:26:47,101 | INFO  | ObjectStoreRestHttpServer | Listening HDDS REST traffic on /0.0.0.0:37414 |  
2019-09-19 10:26:47,101 [main] INFO  ozone.HddsDatanodeService (HddsDatanodeService.java:startPlugins(395)) - Started plug-in org.apache.hadoop.ozone.web.OzoneHddsDatanodeService@2296127
2019-09-19 10:26:47,101 [main] INFO  impl.MetricsSystemImpl (MetricsSystemImpl.java:init(158)) - HddsDatanode metrics system started (again)
2019-09-19 10:26:47,105 [org.apache.hadoop.util.JvmPauseMonitor$Monitor@178334cf] INFO  util.JvmPauseMonitor (JvmPauseMonitor.java:run(188)) - Starting JVM pause monitor
2019-09-19 10:26:47,105 [main] INFO  ozone.HddsDatanodeService (HddsDatanodeService.java:start(184)) - HddsDatanodeService host:pr-hdds-1569-cpgw4-1311585219 ip:192.168.157.204
2019-09-19 10:26:47,108 [Datanode State Machine Thread - 0] INFO  datanode.InitDatanodeState (InitDatanodeState.java:persistContainerDatanodeDetails(140)) - DatanodeDetails is persisted to /workdir/hadoop-ozone/ozonefs/target/test-dir/MiniOzoneClusterImpl-c4ccaed8-e682-4870-947c-cf1864f77c00/datanode-5/meta/datanode.id
2019-09-19 10:26:47,113 [main] INFO  volume.HddsVolume (HddsVolume.java:<init>(176)) - Creating Volume: /workdir/hadoop-ozone/ozonefs/target/test-dir/MiniOzoneClusterImpl-c4ccaed8-e682-4870-947c-cf1864f77c00/datanode-6/data/containers/hdds of  storage type : DISK and capacity : 1482555576320
2019-09-19 10:26:47,113 [main] INFO  volume.VolumeSet (VolumeSet.java:initializeVolumeSet(170)) - Added Volume : /workdir/hadoop-ozone/ozonefs/target/test-dir/MiniOzoneClusterImpl-c4ccaed8-e682-4870-947c-cf1864f77c00/datanode-6/data/containers/hdds to VolumeSet
2019-09-19 10:26:47,114 [main] INFO  volume.ThrottledAsyncChecker (ThrottledAsyncChecker.java:schedule(140)) - Scheduling a check for org.apache.hadoop.ozone.container.common.volume.HddsVolume@59ec7020
2019-09-19 10:26:47,114 [main] INFO  volume.HddsVolumeChecker (HddsVolumeChecker.java:checkAllVolumes(203)) - Scheduled health check for volume org.apache.hadoop.ozone.container.common.volume.HddsVolume@59ec7020
2019-09-19 10:26:47,133 [main] INFO  impl.RaftServerProxy (ConfUtils.java:logGet(43)) - raft.rpc.type = GRPC (default)
2019-09-19 10:26:47,133 [main] INFO  grpc.GrpcFactory (GrpcFactory.java:checkPooledByteBufAllocatorUseCacheForAllThreads(45)) - PERFORMANCE WARNING: useCacheForAllThreads is true that may cause Netty to create a lot garbage objects and, as a result, trigger GC.
	It is recommended to disable useCacheForAllThreads by setting -Dorg.apache.ratis.thirdparty.io.netty.allocator.useCacheForAllThreads=false in command line.
2019-09-19 10:26:47,133 [main] INFO  grpc.GrpcConfigKeys$Server (ConfUtils.java:logGet(43)) - raft.grpc.server.port = 0 (default)
2019-09-19 10:26:47,134 [main] INFO  server.GrpcService (ConfUtils.java:logGet(43)) - raft.grpc.message.size.max = 33570816 (custom)
2019-09-19 10:26:47,134 [main] INFO  server.RaftServerConfigKeys (ConfUtils.java:logGet(43)) - raft.server.log.appender.buffer.byte-limit = 33554432 (custom)
2019-09-19 10:26:47,134 [main] INFO  server.GrpcService (ConfUtils.java:logGet(43)) - raft.grpc.flow.control.window = 1MB (=1048576) (default)
2019-09-19 10:26:47,134 [main] INFO  server.RaftServerConfigKeys (ConfUtils.java:logGet(43)) - raft.server.rpc.request.timeout = 3000ms (default)
2019-09-19 10:26:47,135 [main] INFO  server.RaftServerConfigKeys (ConfUtils.java:logGet(43)) - raft.server.storage.dir = [/workdir/hadoop-ozone/ozonefs/target/test-dir/MiniOzoneClusterImpl-c4ccaed8-e682-4870-947c-cf1864f77c00/datanode-6/data/ratis] (custom)
2019-09-19 10:26:47,135 [main] INFO  replication.SimpleContainerDownloader (SimpleContainerDownloader.java:<init>(72)) - Starting container downloader service to copy containers to replicate.
2019-09-19 10:26:47,136 [main] INFO  hdfs.DFSUtil (DFSUtil.java:httpServerTemplateForNNAndJN(1641)) - Starting Web-server for hddsDatanode at: http://0.0.0.0:0
2019-09-19 10:26:47,138 [main] INFO  server.AuthenticationFilter (AuthenticationFilter.java:constructSecretProvider(240)) - Unable to initialize FileSignerSecretProvider, falling back to use random secrets.
2019-09-19 10:26:47,138 [main] WARN  http.HttpRequestLog (HttpRequestLog.java:getRequestLog(97)) - Jetty request log can only be enabled using Log4j
2019-09-19 10:26:47,140 [main] INFO  http.HttpServer2 (HttpServer2.java:addGlobalFilter(975)) - Added global filter 'safety' (class=org.apache.hadoop.http.HttpServer2$QuotingInputFilter)
2019-09-19 10:26:47,140 [main] INFO  http.HttpServer2 (HttpServer2.java:addFilter(948)) - Added filter static_user_filter (class=org.apache.hadoop.http.lib.StaticUserWebFilter$StaticUserFilter) to context hddsDatanode
2019-09-19 10:26:47,140 [main] INFO  http.HttpServer2 (HttpServer2.java:addFilter(958)) - Added filter static_user_filter (class=org.apache.hadoop.http.lib.StaticUserWebFilter$StaticUserFilter) to context static
2019-09-19 10:26:47,141 [main] INFO  http.HttpServer2 (HttpServer2.java:addFilter(958)) - Added filter static_user_filter (class=org.apache.hadoop.http.lib.StaticUserWebFilter$StaticUserFilter) to context logs
2019-09-19 10:26:47,141 [main] INFO  http.HttpServer2 (HttpServer2.java:bindListener(1191)) - Jetty bound to port 38956
2019-09-19 10:26:47,141 [main] INFO  server.Server (Server.java:doStart(351)) - jetty-9.3.24.v20180605, build timestamp: 2018-06-05T17:11:56Z, git hash: 84205aa28f11a4f31f2a3b86d1bba2cc8ab69827
2019-09-19 10:26:47,143 [main] INFO  handler.ContextHandler (ContextHandler.java:doStart(781)) - Started o.e.j.s.ServletContextHandler@2120bed{/logs,file:///workdir/hadoop-ozone/ozonefs/target/log,AVAILABLE}
2019-09-19 10:26:47,143 [main] INFO  handler.ContextHandler (ContextHandler.java:doStart(781)) - Started o.e.j.s.ServletContextHandler@743bb39a{/static,jar:file:/home/user/.m2/repository/org/apache/hadoop/hadoop-hdds-container-service/0.5.0-SNAPSHOT/hadoop-hdds-container-service-0.5.0-SNAPSHOT.jar!/webapps/static,AVAILABLE}
2019-09-19 10:26:47,171 [main] INFO  handler.ContextHandler (ContextHandler.java:doStart(781)) - Started o.e.j.w.WebAppContext@23b71d24{/,file:///tmp/jetty-0.0.0.0-38956-hddsDatanode-_-any-6106778385033533807.dir/webapp/,AVAILABLE}{/hddsDatanode}
2019-09-19 10:26:47,172 [main] INFO  server.AbstractConnector (AbstractConnector.java:doStart(278)) - Started ServerConnector@568f4faa{HTTP/1.1,[http/1.1]}{0.0.0.0:38956}
2019-09-19 10:26:47,173 [main] INFO  server.Server (Server.java:doStart(419)) - Started @15989ms
2019-09-19 10:26:47,174 [main] INFO  server.BaseHttpServer (BaseHttpServer.java:updateConnectorAddress(213)) - HTTP server of HDDSDATANODE is listening at http://0.0.0.0:38956
2019-09-19 10:26:47,327 | INFO  | ObjectStoreRestHttpServer | Listening HDDS REST traffic on /0.0.0.0:33044 |  
2019-09-19 10:26:47,327 [main] INFO  ozone.HddsDatanodeService (HddsDatanodeService.java:startPlugins(395)) - Started plug-in org.apache.hadoop.ozone.web.OzoneHddsDatanodeService@79f1e22e
2019-09-19 10:26:47,328 [main] INFO  impl.MetricsSystemImpl (MetricsSystemImpl.java:init(158)) - HddsDatanode metrics system started (again)
2019-09-19 10:26:47,332 [org.apache.hadoop.util.JvmPauseMonitor$Monitor@7071e823] INFO  util.JvmPauseMonitor (JvmPauseMonitor.java:run(188)) - Starting JVM pause monitor
2019-09-19 10:26:47,333 [main] INFO  ozone.HddsDatanodeService (HddsDatanodeService.java:start(184)) - HddsDatanodeService host:pr-hdds-1569-cpgw4-1311585219 ip:192.168.157.204
2019-09-19 10:26:47,335 [Datanode State Machine Thread - 0] INFO  datanode.InitDatanodeState (InitDatanodeState.java:persistContainerDatanodeDetails(140)) - DatanodeDetails is persisted to /workdir/hadoop-ozone/ozonefs/target/test-dir/MiniOzoneClusterImpl-c4ccaed8-e682-4870-947c-cf1864f77c00/datanode-6/meta/datanode.id
2019-09-19 10:26:47,347 [main] INFO  volume.HddsVolume (HddsVolume.java:<init>(176)) - Creating Volume: /workdir/hadoop-ozone/ozonefs/target/test-dir/MiniOzoneClusterImpl-c4ccaed8-e682-4870-947c-cf1864f77c00/datanode-7/data/containers/hdds of  storage type : DISK and capacity : 1482555576320
2019-09-19 10:26:47,351 [main] INFO  volume.VolumeSet (VolumeSet.java:initializeVolumeSet(170)) - Added Volume : /workdir/hadoop-ozone/ozonefs/target/test-dir/MiniOzoneClusterImpl-c4ccaed8-e682-4870-947c-cf1864f77c00/datanode-7/data/containers/hdds to VolumeSet
2019-09-19 10:26:47,352 [main] INFO  volume.ThrottledAsyncChecker (ThrottledAsyncChecker.java:schedule(140)) - Scheduling a check for org.apache.hadoop.ozone.container.common.volume.HddsVolume@e795a1d
2019-09-19 10:26:47,352 [main] INFO  volume.HddsVolumeChecker (HddsVolumeChecker.java:checkAllVolumes(203)) - Scheduled health check for volume org.apache.hadoop.ozone.container.common.volume.HddsVolume@e795a1d
2019-09-19 10:26:47,372 [main] INFO  impl.RaftServerProxy (ConfUtils.java:logGet(43)) - raft.rpc.type = GRPC (default)
2019-09-19 10:26:47,373 [main] INFO  grpc.GrpcFactory (GrpcFactory.java:checkPooledByteBufAllocatorUseCacheForAllThreads(45)) - PERFORMANCE WARNING: useCacheForAllThreads is true that may cause Netty to create a lot garbage objects and, as a result, trigger GC.
	It is recommended to disable useCacheForAllThreads by setting -Dorg.apache.ratis.thirdparty.io.netty.allocator.useCacheForAllThreads=false in command line.
2019-09-19 10:26:47,373 [main] INFO  grpc.GrpcConfigKeys$Server (ConfUtils.java:logGet(43)) - raft.grpc.server.port = 0 (default)
2019-09-19 10:26:47,373 [main] INFO  server.GrpcService (ConfUtils.java:logGet(43)) - raft.grpc.message.size.max = 33570816 (custom)
2019-09-19 10:26:47,373 [main] INFO  server.RaftServerConfigKeys (ConfUtils.java:logGet(43)) - raft.server.log.appender.buffer.byte-limit = 33554432 (custom)
2019-09-19 10:26:47,373 [main] INFO  server.GrpcService (ConfUtils.java:logGet(43)) - raft.grpc.flow.control.window = 1MB (=1048576) (default)
2019-09-19 10:26:47,374 [main] INFO  server.RaftServerConfigKeys (ConfUtils.java:logGet(43)) - raft.server.rpc.request.timeout = 3000ms (default)
2019-09-19 10:26:47,374 [main] INFO  server.RaftServerConfigKeys (ConfUtils.java:logGet(43)) - raft.server.storage.dir = [/workdir/hadoop-ozone/ozonefs/target/test-dir/MiniOzoneClusterImpl-c4ccaed8-e682-4870-947c-cf1864f77c00/datanode-7/data/ratis] (custom)
2019-09-19 10:26:47,375 [main] INFO  replication.SimpleContainerDownloader (SimpleContainerDownloader.java:<init>(72)) - Starting container downloader service to copy containers to replicate.
2019-09-19 10:26:47,376 [main] INFO  hdfs.DFSUtil (DFSUtil.java:httpServerTemplateForNNAndJN(1641)) - Starting Web-server for hddsDatanode at: http://0.0.0.0:0
2019-09-19 10:26:47,377 [main] INFO  server.AuthenticationFilter (AuthenticationFilter.java:constructSecretProvider(240)) - Unable to initialize FileSignerSecretProvider, falling back to use random secrets.
2019-09-19 10:26:47,378 [main] WARN  http.HttpRequestLog (HttpRequestLog.java:getRequestLog(97)) - Jetty request log can only be enabled using Log4j
2019-09-19 10:26:47,379 [main] INFO  http.HttpServer2 (HttpServer2.java:addGlobalFilter(975)) - Added global filter 'safety' (class=org.apache.hadoop.http.HttpServer2$QuotingInputFilter)
2019-09-19 10:26:47,380 [main] INFO  http.HttpServer2 (HttpServer2.java:addFilter(948)) - Added filter static_user_filter (class=org.apache.hadoop.http.lib.StaticUserWebFilter$StaticUserFilter) to context hddsDatanode
2019-09-19 10:26:47,380 [main] INFO  http.HttpServer2 (HttpServer2.java:addFilter(958)) - Added filter static_user_filter (class=org.apache.hadoop.http.lib.StaticUserWebFilter$StaticUserFilter) to context logs
2019-09-19 10:26:47,380 [main] INFO  http.HttpServer2 (HttpServer2.java:addFilter(958)) - Added filter static_user_filter (class=org.apache.hadoop.http.lib.StaticUserWebFilter$StaticUserFilter) to context static
2019-09-19 10:26:47,381 [main] INFO  http.HttpServer2 (HttpServer2.java:bindListener(1191)) - Jetty bound to port 45417
2019-09-19 10:26:47,381 [main] INFO  server.Server (Server.java:doStart(351)) - jetty-9.3.24.v20180605, build timestamp: 2018-06-05T17:11:56Z, git hash: 84205aa28f11a4f31f2a3b86d1bba2cc8ab69827
2019-09-19 10:26:47,383 [main] INFO  handler.ContextHandler (ContextHandler.java:doStart(781)) - Started o.e.j.s.ServletContextHandler@e972ee1{/logs,file:///workdir/hadoop-ozone/ozonefs/target/log,AVAILABLE}
2019-09-19 10:26:47,384 [main] INFO  handler.ContextHandler (ContextHandler.java:doStart(781)) - Started o.e.j.s.ServletContextHandler@6f0a4e30{/static,jar:file:/home/user/.m2/repository/org/apache/hadoop/hadoop-hdds-container-service/0.5.0-SNAPSHOT/hadoop-hdds-container-service-0.5.0-SNAPSHOT.jar!/webapps/static,AVAILABLE}
2019-09-19 10:26:47,411 [main] INFO  handler.ContextHandler (ContextHandler.java:doStart(781)) - Started o.e.j.w.WebAppContext@45571cfc{/,file:///tmp/jetty-0.0.0.0-45417-hddsDatanode-_-any-101500506345894633.dir/webapp/,AVAILABLE}{/hddsDatanode}
2019-09-19 10:26:47,412 [main] INFO  server.AbstractConnector (AbstractConnector.java:doStart(278)) - Started ServerConnector@faec277{HTTP/1.1,[http/1.1]}{0.0.0.0:45417}
2019-09-19 10:26:47,413 [main] INFO  server.Server (Server.java:doStart(419)) - Started @16229ms
2019-09-19 10:26:47,414 [main] INFO  server.BaseHttpServer (BaseHttpServer.java:updateConnectorAddress(213)) - HTTP server of HDDSDATANODE is listening at http://0.0.0.0:45417
2019-09-19 10:26:47,569 | INFO  | ObjectStoreRestHttpServer | Listening HDDS REST traffic on /0.0.0.0:37813 |  
2019-09-19 10:26:47,569 [main] INFO  ozone.HddsDatanodeService (HddsDatanodeService.java:startPlugins(395)) - Started plug-in org.apache.hadoop.ozone.web.OzoneHddsDatanodeService@631bc9f4
2019-09-19 10:26:47,569 [main] INFO  impl.MetricsSystemImpl (MetricsSystemImpl.java:init(158)) - HddsDatanode metrics system started (again)
2019-09-19 10:26:47,574 [main] INFO  ozone.HddsDatanodeService (HddsDatanodeService.java:start(184)) - HddsDatanodeService host:pr-hdds-1569-cpgw4-1311585219 ip:192.168.157.204
2019-09-19 10:26:47,574 [org.apache.hadoop.util.JvmPauseMonitor$Monitor@278e5062] INFO  util.JvmPauseMonitor (JvmPauseMonitor.java:run(188)) - Starting JVM pause monitor
2019-09-19 10:26:47,577 [Datanode State Machine Thread - 0] INFO  datanode.InitDatanodeState (InitDatanodeState.java:persistContainerDatanodeDetails(140)) - DatanodeDetails is persisted to /workdir/hadoop-ozone/ozonefs/target/test-dir/MiniOzoneClusterImpl-c4ccaed8-e682-4870-947c-cf1864f77c00/datanode-7/meta/datanode.id
2019-09-19 10:26:47,585 [main] INFO  volume.HddsVolume (HddsVolume.java:<init>(176)) - Creating Volume: /workdir/hadoop-ozone/ozonefs/target/test-dir/MiniOzoneClusterImpl-c4ccaed8-e682-4870-947c-cf1864f77c00/datanode-8/data/containers/hdds of  storage type : DISK and capacity : 1482555576320
2019-09-19 10:26:47,586 [main] INFO  volume.VolumeSet (VolumeSet.java:initializeVolumeSet(170)) - Added Volume : /workdir/hadoop-ozone/ozonefs/target/test-dir/MiniOzoneClusterImpl-c4ccaed8-e682-4870-947c-cf1864f77c00/datanode-8/data/containers/hdds to VolumeSet
2019-09-19 10:26:47,586 [main] INFO  volume.ThrottledAsyncChecker (ThrottledAsyncChecker.java:schedule(140)) - Scheduling a check for org.apache.hadoop.ozone.container.common.volume.HddsVolume@786ff0ea
2019-09-19 10:26:47,586 [main] INFO  volume.HddsVolumeChecker (HddsVolumeChecker.java:checkAllVolumes(203)) - Scheduled health check for volume org.apache.hadoop.ozone.container.common.volume.HddsVolume@786ff0ea
2019-09-19 10:26:47,609 [main] INFO  impl.RaftServerProxy (ConfUtils.java:logGet(43)) - raft.rpc.type = GRPC (default)
2019-09-19 10:26:47,609 [main] INFO  grpc.GrpcFactory (GrpcFactory.java:checkPooledByteBufAllocatorUseCacheForAllThreads(45)) - PERFORMANCE WARNING: useCacheForAllThreads is true that may cause Netty to create a lot garbage objects and, as a result, trigger GC.
	It is recommended to disable useCacheForAllThreads by setting -Dorg.apache.ratis.thirdparty.io.netty.allocator.useCacheForAllThreads=false in command line.
2019-09-19 10:26:47,609 [main] INFO  grpc.GrpcConfigKeys$Server (ConfUtils.java:logGet(43)) - raft.grpc.server.port = 0 (default)
2019-09-19 10:26:47,609 [main] INFO  server.GrpcService (ConfUtils.java:logGet(43)) - raft.grpc.message.size.max = 33570816 (custom)
2019-09-19 10:26:47,609 [main] INFO  server.RaftServerConfigKeys (ConfUtils.java:logGet(43)) - raft.server.log.appender.buffer.byte-limit = 33554432 (custom)
2019-09-19 10:26:47,610 [main] INFO  server.GrpcService (ConfUtils.java:logGet(43)) - raft.grpc.flow.control.window = 1MB (=1048576) (default)
2019-09-19 10:26:47,610 [main] INFO  server.RaftServerConfigKeys (ConfUtils.java:logGet(43)) - raft.server.rpc.request.timeout = 3000ms (default)
2019-09-19 10:26:47,610 [main] INFO  server.RaftServerConfigKeys (ConfUtils.java:logGet(43)) - raft.server.storage.dir = [/workdir/hadoop-ozone/ozonefs/target/test-dir/MiniOzoneClusterImpl-c4ccaed8-e682-4870-947c-cf1864f77c00/datanode-8/data/ratis] (custom)
2019-09-19 10:26:47,611 [main] INFO  replication.SimpleContainerDownloader (SimpleContainerDownloader.java:<init>(72)) - Starting container downloader service to copy containers to replicate.
2019-09-19 10:26:47,612 [main] INFO  hdfs.DFSUtil (DFSUtil.java:httpServerTemplateForNNAndJN(1641)) - Starting Web-server for hddsDatanode at: http://0.0.0.0:0
2019-09-19 10:26:47,614 [main] INFO  server.AuthenticationFilter (AuthenticationFilter.java:constructSecretProvider(240)) - Unable to initialize FileSignerSecretProvider, falling back to use random secrets.
2019-09-19 10:26:47,614 [main] WARN  http.HttpRequestLog (HttpRequestLog.java:getRequestLog(97)) - Jetty request log can only be enabled using Log4j
2019-09-19 10:26:47,616 [main] INFO  http.HttpServer2 (HttpServer2.java:addGlobalFilter(975)) - Added global filter 'safety' (class=org.apache.hadoop.http.HttpServer2$QuotingInputFilter)
2019-09-19 10:26:47,616 [main] INFO  http.HttpServer2 (HttpServer2.java:addFilter(948)) - Added filter static_user_filter (class=org.apache.hadoop.http.lib.StaticUserWebFilter$StaticUserFilter) to context hddsDatanode
2019-09-19 10:26:47,617 [main] INFO  http.HttpServer2 (HttpServer2.java:addFilter(958)) - Added filter static_user_filter (class=org.apache.hadoop.http.lib.StaticUserWebFilter$StaticUserFilter) to context static
2019-09-19 10:26:47,617 [main] INFO  http.HttpServer2 (HttpServer2.java:addFilter(958)) - Added filter static_user_filter (class=org.apache.hadoop.http.lib.StaticUserWebFilter$StaticUserFilter) to context logs
2019-09-19 10:26:47,617 [main] INFO  http.HttpServer2 (HttpServer2.java:bindListener(1191)) - Jetty bound to port 34829
2019-09-19 10:26:47,618 [main] INFO  server.Server (Server.java:doStart(351)) - jetty-9.3.24.v20180605, build timestamp: 2018-06-05T17:11:56Z, git hash: 84205aa28f11a4f31f2a3b86d1bba2cc8ab69827
2019-09-19 10:26:47,619 [main] INFO  handler.ContextHandler (ContextHandler.java:doStart(781)) - Started o.e.j.s.ServletContextHandler@1752e45c{/logs,file:///workdir/hadoop-ozone/ozonefs/target/log,AVAILABLE}
2019-09-19 10:26:47,619 [main] INFO  handler.ContextHandler (ContextHandler.java:doStart(781)) - Started o.e.j.s.ServletContextHandler@481ed95c{/static,jar:file:/home/user/.m2/repository/org/apache/hadoop/hadoop-hdds-container-service/0.5.0-SNAPSHOT/hadoop-hdds-container-service-0.5.0-SNAPSHOT.jar!/webapps/static,AVAILABLE}
2019-09-19 10:26:47,647 [main] INFO  handler.ContextHandler (ContextHandler.java:doStart(781)) - Started o.e.j.w.WebAppContext@79cdf2d4{/,file:///tmp/jetty-0.0.0.0-34829-hddsDatanode-_-any-3800498111144416924.dir/webapp/,AVAILABLE}{/hddsDatanode}
2019-09-19 10:26:47,647 [main] INFO  server.AbstractConnector (AbstractConnector.java:doStart(278)) - Started ServerConnector@8851ec{HTTP/1.1,[http/1.1]}{0.0.0.0:34829}
2019-09-19 10:26:47,648 [main] INFO  server.Server (Server.java:doStart(419)) - Started @16464ms
2019-09-19 10:26:47,649 [main] INFO  server.BaseHttpServer (BaseHttpServer.java:updateConnectorAddress(213)) - HTTP server of HDDSDATANODE is listening at http://0.0.0.0:34829
2019-09-19 10:26:47,750 | INFO  | SCMAudit | user=jenkins1000 | ip=192.168.157.204 | op=GET_VERSION null | ret=SUCCESS |  
2019-09-19 10:26:47,773 [Datanode State Machine Thread - 0] INFO  ozoneimpl.OzoneContainer (OzoneContainer.java:start(186)) - Attempting to start container services.
2019-09-19 10:26:47,776 [Datanode State Machine Thread - 0] INFO  ozoneimpl.OzoneContainer (OzoneContainer.java:startContainerScrub(160)) - Background container scrubber has been disabled by hdds.containerscrub.enabled
2019-09-19 10:26:47,776 [Datanode State Machine Thread - 0] INFO  ratis.XceiverServerRatis (XceiverServerRatis.java:start(404)) - Starting XceiverServerRatis f4f61464-0bdf-492b-ac84-d659f01f9139 at port 0
2019-09-19 10:26:47,791 | INFO  | ObjectStoreRestHttpServer | Listening HDDS REST traffic on /0.0.0.0:38243 |  
2019-09-19 10:26:47,792 [main] INFO  ozone.HddsDatanodeService (HddsDatanodeService.java:startPlugins(395)) - Started plug-in org.apache.hadoop.ozone.web.OzoneHddsDatanodeService@55061418
2019-09-19 10:26:47,792 [main] INFO  impl.MetricsSystemImpl (MetricsSystemImpl.java:init(158)) - HddsDatanode metrics system started (again)
2019-09-19 10:26:47,801 [org.apache.hadoop.util.JvmPauseMonitor$Monitor@6ba5e378] INFO  util.JvmPauseMonitor (JvmPauseMonitor.java:run(188)) - Starting JVM pause monitor
2019-09-19 10:26:47,803 [main] INFO  ozone.HddsDatanodeService (HddsDatanodeService.java:start(184)) - HddsDatanodeService host:pr-hdds-1569-cpgw4-1311585219 ip:192.168.157.204
2019-09-19 10:26:47,803 [Datanode State Machine Thread - 0] INFO  impl.RaftServerProxy (RaftServerProxy.java:lambda$start$3(299)) - f4f61464-0bdf-492b-ac84-d659f01f9139: start RPC server
2019-09-19 10:26:47,806 [Datanode State Machine Thread - 0] INFO  datanode.InitDatanodeState (InitDatanodeState.java:persistContainerDatanodeDetails(140)) - DatanodeDetails is persisted to /workdir/hadoop-ozone/ozonefs/target/test-dir/MiniOzoneClusterImpl-c4ccaed8-e682-4870-947c-cf1864f77c00/datanode-8/meta/datanode.id
2019-09-19 10:26:47,818 [main] INFO  volume.HddsVolume (HddsVolume.java:<init>(176)) - Creating Volume: /workdir/hadoop-ozone/ozonefs/target/test-dir/MiniOzoneClusterImpl-c4ccaed8-e682-4870-947c-cf1864f77c00/datanode-9/data/containers/hdds of  storage type : DISK and capacity : 1482555576320
2019-09-19 10:26:47,818 [main] INFO  volume.VolumeSet (VolumeSet.java:initializeVolumeSet(170)) - Added Volume : /workdir/hadoop-ozone/ozonefs/target/test-dir/MiniOzoneClusterImpl-c4ccaed8-e682-4870-947c-cf1864f77c00/datanode-9/data/containers/hdds to VolumeSet
2019-09-19 10:26:47,818 [main] INFO  volume.ThrottledAsyncChecker (ThrottledAsyncChecker.java:schedule(140)) - Scheduling a check for org.apache.hadoop.ozone.container.common.volume.HddsVolume@52285a5f
2019-09-19 10:26:47,819 [main] INFO  volume.HddsVolumeChecker (HddsVolumeChecker.java:checkAllVolumes(203)) - Scheduled health check for volume org.apache.hadoop.ozone.container.common.volume.HddsVolume@52285a5f
2019-09-19 10:26:47,856 [main] INFO  impl.RaftServerProxy (ConfUtils.java:logGet(43)) - raft.rpc.type = GRPC (default)
2019-09-19 10:26:47,856 [main] INFO  grpc.GrpcFactory (GrpcFactory.java:checkPooledByteBufAllocatorUseCacheForAllThreads(45)) - PERFORMANCE WARNING: useCacheForAllThreads is true that may cause Netty to create a lot garbage objects and, as a result, trigger GC.
	It is recommended to disable useCacheForAllThreads by setting -Dorg.apache.ratis.thirdparty.io.netty.allocator.useCacheForAllThreads=false in command line.
2019-09-19 10:26:47,856 [main] INFO  grpc.GrpcConfigKeys$Server (ConfUtils.java:logGet(43)) - raft.grpc.server.port = 0 (default)
2019-09-19 10:26:47,857 [main] INFO  server.GrpcService (ConfUtils.java:logGet(43)) - raft.grpc.message.size.max = 33570816 (custom)
2019-09-19 10:26:47,857 [main] INFO  server.RaftServerConfigKeys (ConfUtils.java:logGet(43)) - raft.server.log.appender.buffer.byte-limit = 33554432 (custom)
2019-09-19 10:26:47,857 [main] INFO  server.GrpcService (ConfUtils.java:logGet(43)) - raft.grpc.flow.control.window = 1MB (=1048576) (default)
2019-09-19 10:26:47,857 [main] INFO  server.RaftServerConfigKeys (ConfUtils.java:logGet(43)) - raft.server.rpc.request.timeout = 3000ms (default)
2019-09-19 10:26:47,858 [main] INFO  server.RaftServerConfigKeys (ConfUtils.java:logGet(43)) - raft.server.storage.dir = [/workdir/hadoop-ozone/ozonefs/target/test-dir/MiniOzoneClusterImpl-c4ccaed8-e682-4870-947c-cf1864f77c00/datanode-9/data/ratis] (custom)
2019-09-19 10:26:47,859 [main] INFO  replication.SimpleContainerDownloader (SimpleContainerDownloader.java:<init>(72)) - Starting container downloader service to copy containers to replicate.
2019-09-19 10:26:47,860 [main] INFO  hdfs.DFSUtil (DFSUtil.java:httpServerTemplateForNNAndJN(1641)) - Starting Web-server for hddsDatanode at: http://0.0.0.0:0
2019-09-19 10:26:47,862 [main] INFO  server.AuthenticationFilter (AuthenticationFilter.java:constructSecretProvider(240)) - Unable to initialize FileSignerSecretProvider, falling back to use random secrets.
2019-09-19 10:26:47,862 [main] WARN  http.HttpRequestLog (HttpRequestLog.java:getRequestLog(97)) - Jetty request log can only be enabled using Log4j
2019-09-19 10:26:47,864 [main] INFO  http.HttpServer2 (HttpServer2.java:addGlobalFilter(975)) - Added global filter 'safety' (class=org.apache.hadoop.http.HttpServer2$QuotingInputFilter)
2019-09-19 10:26:47,865 [main] INFO  http.HttpServer2 (HttpServer2.java:addFilter(948)) - Added filter static_user_filter (class=org.apache.hadoop.http.lib.StaticUserWebFilter$StaticUserFilter) to context hddsDatanode
2019-09-19 10:26:47,865 [main] INFO  http.HttpServer2 (HttpServer2.java:addFilter(958)) - Added filter static_user_filter (class=org.apache.hadoop.http.lib.StaticUserWebFilter$StaticUserFilter) to context logs
2019-09-19 10:26:47,865 [main] INFO  http.HttpServer2 (HttpServer2.java:addFilter(958)) - Added filter static_user_filter (class=org.apache.hadoop.http.lib.StaticUserWebFilter$StaticUserFilter) to context static
2019-09-19 10:26:47,866 [main] INFO  http.HttpServer2 (HttpServer2.java:bindListener(1191)) - Jetty bound to port 43392
2019-09-19 10:26:47,866 [main] INFO  server.Server (Server.java:doStart(351)) - jetty-9.3.24.v20180605, build timestamp: 2018-06-05T17:11:56Z, git hash: 84205aa28f11a4f31f2a3b86d1bba2cc8ab69827
2019-09-19 10:26:47,868 [main] INFO  handler.ContextHandler (ContextHandler.java:doStart(781)) - Started o.e.j.s.ServletContextHandler@645ba24a{/logs,file:///workdir/hadoop-ozone/ozonefs/target/log,AVAILABLE}
2019-09-19 10:26:47,868 [main] INFO  handler.ContextHandler (ContextHandler.java:doStart(781)) - Started o.e.j.s.ServletContextHandler@3dd2b9c1{/static,jar:file:/home/user/.m2/repository/org/apache/hadoop/hadoop-hdds-container-service/0.5.0-SNAPSHOT/hadoop-hdds-container-service-0.5.0-SNAPSHOT.jar!/webapps/static,AVAILABLE}
2019-09-19 10:26:47,896 [main] INFO  handler.ContextHandler (ContextHandler.java:doStart(781)) - Started o.e.j.w.WebAppContext@11ad095c{/,file:///tmp/jetty-0.0.0.0-43392-hddsDatanode-_-any-3796374507063898619.dir/webapp/,AVAILABLE}{/hddsDatanode}
2019-09-19 10:26:47,898 [main] INFO  server.AbstractConnector (AbstractConnector.java:doStart(278)) - Started ServerConnector@2c2a903f{HTTP/1.1,[http/1.1]}{0.0.0.0:43392}
2019-09-19 10:26:47,898 [main] INFO  server.Server (Server.java:doStart(419)) - Started @16714ms
2019-09-19 10:26:47,899 [main] INFO  server.BaseHttpServer (BaseHttpServer.java:updateConnectorAddress(213)) - HTTP server of HDDSDATANODE is listening at http://0.0.0.0:43392
2019-09-19 10:26:47,954 [Datanode State Machine Thread - 0] INFO  server.GrpcService (GrpcService.java:startImpl(149)) - f4f61464-0bdf-492b-ac84-d659f01f9139: GrpcService started, listening on 0.0.0.0/0.0.0.0:35376
2019-09-19 10:26:47,955 [Datanode State Machine Thread - 0] INFO  ratis.XceiverServerRatis (XceiverServerRatis.java:start(414)) - XceiverServerRatis f4f61464-0bdf-492b-ac84-d659f01f9139 is started using port 35376
2019-09-19 10:26:47,957 [Datanode State Machine Thread - 0] INFO  server.XceiverServerGrpc (XceiverServerGrpc.java:start(163)) - XceiverServerGrpc f4f61464-0bdf-492b-ac84-d659f01f9139 is started using port 39517
2019-09-19 10:26:48,019 | INFO  | SCMAudit | user=jenkins1000 | ip=192.168.157.204 | op=GET_VERSION null | ret=SUCCESS |  
2019-09-19 10:26:48,036 [Datanode State Machine Thread - 0] INFO  ozoneimpl.OzoneContainer (OzoneContainer.java:start(186)) - Attempting to start container services.
2019-09-19 10:26:48,037 | INFO  | ObjectStoreRestHttpServer | Listening HDDS REST traffic on /0.0.0.0:32836 |  
2019-09-19 10:26:48,037 [Datanode State Machine Thread - 0] INFO  ozoneimpl.OzoneContainer (OzoneContainer.java:startContainerScrub(160)) - Background container scrubber has been disabled by hdds.containerscrub.enabled
2019-09-19 10:26:48,037 [main] INFO  ozone.HddsDatanodeService (HddsDatanodeService.java:startPlugins(395)) - Started plug-in org.apache.hadoop.ozone.web.OzoneHddsDatanodeService@37806be6
2019-09-19 10:26:48,037 [Datanode State Machine Thread - 0] INFO  ratis.XceiverServerRatis (XceiverServerRatis.java:start(404)) - Starting XceiverServerRatis df1b99cc-36f2-45b6-8e95-51c50e156f0b at port 0
2019-09-19 10:26:48,040 [main] INFO  ozone.MiniOzoneClusterImpl (MiniOzoneClusterImpl.java:lambda$waitForClusterToBeReady$0(142)) - Waiting for cluster to be ready. Got 0 of 10 DN Heartbeats.
2019-09-19 10:26:48,042 [org.apache.hadoop.util.JvmPauseMonitor$Monitor@34d9f1c0] INFO  util.JvmPauseMonitor (JvmPauseMonitor.java:run(188)) - Starting JVM pause monitor
2019-09-19 10:26:48,044 [Datanode State Machine Thread - 0] INFO  datanode.InitDatanodeState (InitDatanodeState.java:persistContainerDatanodeDetails(140)) - DatanodeDetails is persisted to /workdir/hadoop-ozone/ozonefs/target/test-dir/MiniOzoneClusterImpl-c4ccaed8-e682-4870-947c-cf1864f77c00/datanode-9/meta/datanode.id
2019-09-19 10:26:48,046 [Datanode State Machine Thread - 0] INFO  impl.RaftServerProxy (RaftServerProxy.java:lambda$start$3(299)) - df1b99cc-36f2-45b6-8e95-51c50e156f0b: start RPC server
2019-09-19 10:26:48,050 [Datanode State Machine Thread - 0] INFO  server.GrpcService (GrpcService.java:startImpl(149)) - df1b99cc-36f2-45b6-8e95-51c50e156f0b: GrpcService started, listening on 0.0.0.0/0.0.0.0:42307
2019-09-19 10:26:48,050 [Datanode State Machine Thread - 0] INFO  ratis.XceiverServerRatis (XceiverServerRatis.java:start(414)) - XceiverServerRatis df1b99cc-36f2-45b6-8e95-51c50e156f0b is started using port 42307
2019-09-19 10:26:48,053 [Datanode State Machine Thread - 0] INFO  server.XceiverServerGrpc (XceiverServerGrpc.java:start(163)) - XceiverServerGrpc df1b99cc-36f2-45b6-8e95-51c50e156f0b is started using port 43233
2019-09-19 10:26:48,286 | INFO  | SCMAudit | user=jenkins1000 | ip=192.168.157.204 | op=GET_VERSION null | ret=SUCCESS |  
2019-09-19 10:26:48,301 [Datanode State Machine Thread - 0] INFO  ozoneimpl.OzoneContainer (OzoneContainer.java:start(186)) - Attempting to start container services.
2019-09-19 10:26:48,301 [Datanode State Machine Thread - 0] INFO  ozoneimpl.OzoneContainer (OzoneContainer.java:startContainerScrub(160)) - Background container scrubber has been disabled by hdds.containerscrub.enabled
2019-09-19 10:26:48,301 [Datanode State Machine Thread - 0] INFO  ratis.XceiverServerRatis (XceiverServerRatis.java:start(404)) - Starting XceiverServerRatis 84c75018-969a-4fca-ac0f-34cccc99d928 at port 0
2019-09-19 10:26:48,307 [Datanode State Machine Thread - 0] INFO  impl.RaftServerProxy (RaftServerProxy.java:lambda$start$3(299)) - 84c75018-969a-4fca-ac0f-34cccc99d928: start RPC server
2019-09-19 10:26:48,311 [Datanode State Machine Thread - 0] INFO  server.GrpcService (GrpcService.java:startImpl(149)) - 84c75018-969a-4fca-ac0f-34cccc99d928: GrpcService started, listening on 0.0.0.0/0.0.0.0:41935
2019-09-19 10:26:48,311 [Datanode State Machine Thread - 0] INFO  ratis.XceiverServerRatis (XceiverServerRatis.java:start(414)) - XceiverServerRatis 84c75018-969a-4fca-ac0f-34cccc99d928 is started using port 41935
2019-09-19 10:26:48,314 [Datanode State Machine Thread - 0] INFO  server.XceiverServerGrpc (XceiverServerGrpc.java:start(163)) - XceiverServerGrpc 84c75018-969a-4fca-ac0f-34cccc99d928 is started using port 44259
2019-09-19 10:26:48,524 | INFO  | SCMAudit | user=jenkins1000 | ip=192.168.157.204 | op=GET_VERSION null | ret=SUCCESS |  
2019-09-19 10:26:48,538 [Datanode State Machine Thread - 0] INFO  ozoneimpl.OzoneContainer (OzoneContainer.java:start(186)) - Attempting to start container services.
2019-09-19 10:26:48,539 [Datanode State Machine Thread - 0] INFO  ozoneimpl.OzoneContainer (OzoneContainer.java:startContainerScrub(160)) - Background container scrubber has been disabled by hdds.containerscrub.enabled
2019-09-19 10:26:48,539 [Datanode State Machine Thread - 0] INFO  ratis.XceiverServerRatis (XceiverServerRatis.java:start(404)) - Starting XceiverServerRatis 1692dd7e-eca0-4ee0-be13-a7fe013a1be4 at port 0
2019-09-19 10:26:48,547 [Datanode State Machine Thread - 0] INFO  impl.RaftServerProxy (RaftServerProxy.java:lambda$start$3(299)) - 1692dd7e-eca0-4ee0-be13-a7fe013a1be4: start RPC server
2019-09-19 10:26:48,551 [Datanode State Machine Thread - 0] INFO  server.GrpcService (GrpcService.java:startImpl(149)) - 1692dd7e-eca0-4ee0-be13-a7fe013a1be4: GrpcService started, listening on 0.0.0.0/0.0.0.0:39330
2019-09-19 10:26:48,551 [Datanode State Machine Thread - 0] INFO  ratis.XceiverServerRatis (XceiverServerRatis.java:start(414)) - XceiverServerRatis 1692dd7e-eca0-4ee0-be13-a7fe013a1be4 is started using port 39330
2019-09-19 10:26:48,555 [Datanode State Machine Thread - 0] INFO  server.XceiverServerGrpc (XceiverServerGrpc.java:start(163)) - XceiverServerGrpc 1692dd7e-eca0-4ee0-be13-a7fe013a1be4 is started using port 36290
2019-09-19 10:26:48,880 | INFO  | SCMAudit | user=jenkins1000 | ip=192.168.157.204 | op=GET_VERSION null | ret=SUCCESS |  
2019-09-19 10:26:48,895 [Datanode State Machine Thread - 0] INFO  ozoneimpl.OzoneContainer (OzoneContainer.java:start(186)) - Attempting to start container services.
2019-09-19 10:26:48,895 [Datanode State Machine Thread - 0] INFO  ozoneimpl.OzoneContainer (OzoneContainer.java:startContainerScrub(160)) - Background container scrubber has been disabled by hdds.containerscrub.enabled
2019-09-19 10:26:48,896 [Datanode State Machine Thread - 0] INFO  ratis.XceiverServerRatis (XceiverServerRatis.java:start(404)) - Starting XceiverServerRatis 7e4b2fb6-17ca-4cf7-9c63-77c56d6e2e1f at port 0
2019-09-19 10:26:48,904 [Datanode State Machine Thread - 0] INFO  impl.RaftServerProxy (RaftServerProxy.java:lambda$start$3(299)) - 7e4b2fb6-17ca-4cf7-9c63-77c56d6e2e1f: start RPC server
2019-09-19 10:26:48,908 [Datanode State Machine Thread - 0] INFO  server.GrpcService (GrpcService.java:startImpl(149)) - 7e4b2fb6-17ca-4cf7-9c63-77c56d6e2e1f: GrpcService started, listening on 0.0.0.0/0.0.0.0:45021
2019-09-19 10:26:48,908 [Datanode State Machine Thread - 0] INFO  ratis.XceiverServerRatis (XceiverServerRatis.java:start(414)) - XceiverServerRatis 7e4b2fb6-17ca-4cf7-9c63-77c56d6e2e1f is started using port 45021
2019-09-19 10:26:48,911 [Datanode State Machine Thread - 0] INFO  server.XceiverServerGrpc (XceiverServerGrpc.java:start(163)) - XceiverServerGrpc 7e4b2fb6-17ca-4cf7-9c63-77c56d6e2e1f is started using port 43416
2019-09-19 10:26:49,041 [main] INFO  ozone.MiniOzoneClusterImpl (MiniOzoneClusterImpl.java:lambda$waitForClusterToBeReady$0(142)) - Waiting for cluster to be ready. Got 0 of 10 DN Heartbeats.
2019-09-19 10:26:49,109 | INFO  | SCMAudit | user=jenkins1000 | ip=192.168.157.204 | op=GET_VERSION null | ret=SUCCESS |  
2019-09-19 10:26:49,123 [Datanode State Machine Thread - 0] INFO  ozoneimpl.OzoneContainer (OzoneContainer.java:start(186)) - Attempting to start container services.
2019-09-19 10:26:49,123 [Datanode State Machine Thread - 0] INFO  ozoneimpl.OzoneContainer (OzoneContainer.java:startContainerScrub(160)) - Background container scrubber has been disabled by hdds.containerscrub.enabled
2019-09-19 10:26:49,123 [Datanode State Machine Thread - 0] INFO  ratis.XceiverServerRatis (XceiverServerRatis.java:start(404)) - Starting XceiverServerRatis 9c1babfd-24b9-43b5-a670-4d0e2dc3eec4 at port 0
2019-09-19 10:26:49,129 [Datanode State Machine Thread - 0] INFO  impl.RaftServerProxy (RaftServerProxy.java:lambda$start$3(299)) - 9c1babfd-24b9-43b5-a670-4d0e2dc3eec4: start RPC server
2019-09-19 10:26:49,134 [Datanode State Machine Thread - 0] INFO  server.GrpcService (GrpcService.java:startImpl(149)) - 9c1babfd-24b9-43b5-a670-4d0e2dc3eec4: GrpcService started, listening on 0.0.0.0/0.0.0.0:39323
2019-09-19 10:26:49,134 [Datanode State Machine Thread - 0] INFO  ratis.XceiverServerRatis (XceiverServerRatis.java:start(414)) - XceiverServerRatis 9c1babfd-24b9-43b5-a670-4d0e2dc3eec4 is started using port 39323
2019-09-19 10:26:49,138 [Datanode State Machine Thread - 0] INFO  server.XceiverServerGrpc (XceiverServerGrpc.java:start(163)) - XceiverServerGrpc 9c1babfd-24b9-43b5-a670-4d0e2dc3eec4 is started using port 46031
2019-09-19 10:26:49,337 | INFO  | SCMAudit | user=jenkins1000 | ip=192.168.157.204 | op=GET_VERSION null | ret=SUCCESS |  
2019-09-19 10:26:49,352 [Datanode State Machine Thread - 0] INFO  ozoneimpl.OzoneContainer (OzoneContainer.java:start(186)) - Attempting to start container services.
2019-09-19 10:26:49,352 [Datanode State Machine Thread - 0] INFO  ozoneimpl.OzoneContainer (OzoneContainer.java:startContainerScrub(160)) - Background container scrubber has been disabled by hdds.containerscrub.enabled
2019-09-19 10:26:49,352 [Datanode State Machine Thread - 0] INFO  ratis.XceiverServerRatis (XceiverServerRatis.java:start(404)) - Starting XceiverServerRatis 8b25b6fb-e7f9-4ea8-8d7d-823d8ea82140 at port 0
2019-09-19 10:26:49,358 [Datanode State Machine Thread - 0] INFO  impl.RaftServerProxy (RaftServerProxy.java:lambda$start$3(299)) - 8b25b6fb-e7f9-4ea8-8d7d-823d8ea82140: start RPC server
2019-09-19 10:26:49,364 [Datanode State Machine Thread - 0] INFO  server.GrpcService (GrpcService.java:startImpl(149)) - 8b25b6fb-e7f9-4ea8-8d7d-823d8ea82140: GrpcService started, listening on 0.0.0.0/0.0.0.0:40963
2019-09-19 10:26:49,364 [Datanode State Machine Thread - 0] INFO  ratis.XceiverServerRatis (XceiverServerRatis.java:start(414)) - XceiverServerRatis 8b25b6fb-e7f9-4ea8-8d7d-823d8ea82140 is started using port 40963
2019-09-19 10:26:49,368 [Datanode State Machine Thread - 0] INFO  server.XceiverServerGrpc (XceiverServerGrpc.java:start(163)) - XceiverServerGrpc 8b25b6fb-e7f9-4ea8-8d7d-823d8ea82140 is started using port 42639
2019-09-19 10:26:49,579 | INFO  | SCMAudit | user=jenkins1000 | ip=192.168.157.204 | op=GET_VERSION null | ret=SUCCESS |  
2019-09-19 10:26:49,593 [Datanode State Machine Thread - 0] INFO  ozoneimpl.OzoneContainer (OzoneContainer.java:start(186)) - Attempting to start container services.
2019-09-19 10:26:49,593 [Datanode State Machine Thread - 0] INFO  ozoneimpl.OzoneContainer (OzoneContainer.java:startContainerScrub(160)) - Background container scrubber has been disabled by hdds.containerscrub.enabled
2019-09-19 10:26:49,593 [Datanode State Machine Thread - 0] INFO  ratis.XceiverServerRatis (XceiverServerRatis.java:start(404)) - Starting XceiverServerRatis c972e26d-e03f-48a1-a9e9-2dea9337c66d at port 0
2019-09-19 10:26:49,599 [Datanode State Machine Thread - 0] INFO  impl.RaftServerProxy (RaftServerProxy.java:lambda$start$3(299)) - c972e26d-e03f-48a1-a9e9-2dea9337c66d: start RPC server
2019-09-19 10:26:49,605 [Datanode State Machine Thread - 0] INFO  server.GrpcService (GrpcService.java:startImpl(149)) - c972e26d-e03f-48a1-a9e9-2dea9337c66d: GrpcService started, listening on 0.0.0.0/0.0.0.0:45216
2019-09-19 10:26:49,605 [Datanode State Machine Thread - 0] INFO  ratis.XceiverServerRatis (XceiverServerRatis.java:start(414)) - XceiverServerRatis c972e26d-e03f-48a1-a9e9-2dea9337c66d is started using port 45216
2019-09-19 10:26:49,609 [Datanode State Machine Thread - 0] INFO  server.XceiverServerGrpc (XceiverServerGrpc.java:start(163)) - XceiverServerGrpc c972e26d-e03f-48a1-a9e9-2dea9337c66d is started using port 36001
2019-09-19 10:26:49,758 [IPC Server handler 0 on 34424] INFO  net.NetworkTopology (NetworkTopologyImpl.java:add(110)) - Added a new node: /default-rack/f4f61464-0bdf-492b-ac84-d659f01f9139
2019-09-19 10:26:49,759 [IPC Server handler 0 on 34424] INFO  node.SCMNodeManager (SCMNodeManager.java:register(273)) - Registered Data node : f4f61464-0bdf-492b-ac84-d659f01f9139{ip: 192.168.157.204, host: pr-hdds-1569-cpgw4-1311585219, networkLocation: /default-rack, certSerialId: null}
2019-09-19 10:26:49,769 [EventQueue-NodeRegistrationContainerReportForDataNodeSafeModeRule] INFO  safemode.SCMSafeModeManager (DataNodeSafeModeRule.java:process(71)) - SCM in safe mode. 1 DataNodes registered, 1 required.
2019-09-19 10:26:49,771 [EventQueue-NodeRegistrationContainerReportForDataNodeSafeModeRule] INFO  safemode.SCMSafeModeManager (SCMSafeModeManager.java:validateSafeModeExitRules(177)) - ScmSafeModeManager, all rules are successfully validated
2019-09-19 10:26:49,771 [EventQueue-NodeRegistrationContainerReportForDataNodeSafeModeRule] INFO  safemode.SCMSafeModeManager (SCMSafeModeManager.java:exitSafeMode(193)) - SCM exiting safe mode.
2019-09-19 10:26:49,783 | INFO  | SCMAudit | user=jenkins1000 | ip=192.168.157.204 | op=REGISTER {datanodeDetails=f4f61464-0bdf-492b-ac84-d659f01f9139{ip: 192.168.157.204, host: pr-hdds-1569-cpgw4-1311585219, networkLocation: /default-rack, certSerialId: null}} | ret=SUCCESS |  
2019-09-19 10:26:49,805 | INFO  | SCMAudit | user=jenkins1000 | ip=192.168.157.204 | op=GET_VERSION null | ret=SUCCESS |  
2019-09-19 10:26:49,819 [Datanode State Machine Thread - 0] INFO  ozoneimpl.OzoneContainer (OzoneContainer.java:start(186)) - Attempting to start container services.
2019-09-19 10:26:49,819 [Datanode State Machine Thread - 0] INFO  ozoneimpl.OzoneContainer (OzoneContainer.java:startContainerScrub(160)) - Background container scrubber has been disabled by hdds.containerscrub.enabled
2019-09-19 10:26:49,819 [Datanode State Machine Thread - 0] INFO  ratis.XceiverServerRatis (XceiverServerRatis.java:start(404)) - Starting XceiverServerRatis 10ec1051-6571-4c90-b3f9-a3c2840a089b at port 0
2019-09-19 10:26:49,825 [Datanode State Machine Thread - 0] INFO  impl.RaftServerProxy (RaftServerProxy.java:lambda$start$3(299)) - 10ec1051-6571-4c90-b3f9-a3c2840a089b: start RPC server
2019-09-19 10:26:49,830 [Datanode State Machine Thread - 0] INFO  server.GrpcService (GrpcService.java:startImpl(149)) - 10ec1051-6571-4c90-b3f9-a3c2840a089b: GrpcService started, listening on 0.0.0.0/0.0.0.0:40066
2019-09-19 10:26:49,830 [Datanode State Machine Thread - 0] INFO  ratis.XceiverServerRatis (XceiverServerRatis.java:start(414)) - XceiverServerRatis 10ec1051-6571-4c90-b3f9-a3c2840a089b is started using port 40066
2019-09-19 10:26:49,834 [Datanode State Machine Thread - 0] INFO  server.XceiverServerGrpc (XceiverServerGrpc.java:start(163)) - XceiverServerGrpc 10ec1051-6571-4c90-b3f9-a3c2840a089b is started using port 44785
2019-09-19 10:26:50,021 [IPC Server handler 2 on 34424] INFO  net.NetworkTopology (NetworkTopologyImpl.java:add(110)) - Added a new node: /default-rack/df1b99cc-36f2-45b6-8e95-51c50e156f0b
2019-09-19 10:26:50,024 [IPC Server handler 2 on 34424] INFO  node.SCMNodeManager (SCMNodeManager.java:register(273)) - Registered Data node : df1b99cc-36f2-45b6-8e95-51c50e156f0b{ip: 192.168.157.204, host: pr-hdds-1569-cpgw4-1311585219, networkLocation: /default-rack, certSerialId: null}
2019-09-19 10:26:50,024 | INFO  | SCMAudit | user=jenkins1000 | ip=192.168.157.204 | op=REGISTER {datanodeDetails=df1b99cc-36f2-45b6-8e95-51c50e156f0b{ip: 192.168.157.204, host: pr-hdds-1569-cpgw4-1311585219, networkLocation: /default-rack, certSerialId: null}} | ret=SUCCESS |  
2019-09-19 10:26:50,041 [main] INFO  ozone.MiniOzoneClusterImpl (MiniOzoneClusterImpl.java:lambda$waitForClusterToBeReady$0(142)) - Waiting for cluster to be ready. Got 2 of 10 DN Heartbeats.
2019-09-19 10:26:50,044 | INFO  | SCMAudit | user=jenkins1000 | ip=192.168.157.204 | op=GET_VERSION null | ret=SUCCESS |  
2019-09-19 10:26:50,058 [Datanode State Machine Thread - 0] INFO  ozoneimpl.OzoneContainer (OzoneContainer.java:start(186)) - Attempting to start container services.
2019-09-19 10:26:50,062 [Datanode State Machine Thread - 0] INFO  ozoneimpl.OzoneContainer (OzoneContainer.java:startContainerScrub(160)) - Background container scrubber has been disabled by hdds.containerscrub.enabled
2019-09-19 10:26:50,062 [Datanode State Machine Thread - 0] INFO  ratis.XceiverServerRatis (XceiverServerRatis.java:start(404)) - Starting XceiverServerRatis 39513c05-534c-4cc1-a39c-034925eb3fe7 at port 0
2019-09-19 10:26:50,069 [Datanode State Machine Thread - 0] INFO  impl.RaftServerProxy (RaftServerProxy.java:lambda$start$3(299)) - 39513c05-534c-4cc1-a39c-034925eb3fe7: start RPC server
2019-09-19 10:26:50,073 [Datanode State Machine Thread - 0] INFO  server.GrpcService (GrpcService.java:startImpl(149)) - 39513c05-534c-4cc1-a39c-034925eb3fe7: GrpcService started, listening on 0.0.0.0/0.0.0.0:32932
2019-09-19 10:26:50,073 [Datanode State Machine Thread - 0] INFO  ratis.XceiverServerRatis (XceiverServerRatis.java:start(414)) - XceiverServerRatis 39513c05-534c-4cc1-a39c-034925eb3fe7 is started using port 32932
2019-09-19 10:26:50,102 [Datanode State Machine Thread - 0] INFO  server.XceiverServerGrpc (XceiverServerGrpc.java:start(163)) - XceiverServerGrpc 39513c05-534c-4cc1-a39c-034925eb3fe7 is started using port 38738
2019-09-19 10:26:50,767 [IPC Server handler 0 on 34424] INFO  net.NetworkTopology (NetworkTopologyImpl.java:add(110)) - Added a new node: /default-rack/1692dd7e-eca0-4ee0-be13-a7fe013a1be4
2019-09-19 10:26:50,768 [IPC Server handler 1 on 34424] INFO  net.NetworkTopology (NetworkTopologyImpl.java:add(110)) - Added a new node: /default-rack/84c75018-969a-4fca-ac0f-34cccc99d928
2019-09-19 10:26:50,768 [IPC Server handler 0 on 34424] INFO  node.SCMNodeManager (SCMNodeManager.java:register(273)) - Registered Data node : 1692dd7e-eca0-4ee0-be13-a7fe013a1be4{ip: 192.168.157.204, host: pr-hdds-1569-cpgw4-1311585219, networkLocation: /default-rack, certSerialId: null}
2019-09-19 10:26:50,768 [IPC Server handler 1 on 34424] INFO  node.SCMNodeManager (SCMNodeManager.java:register(273)) - Registered Data node : 84c75018-969a-4fca-ac0f-34cccc99d928{ip: 192.168.157.204, host: pr-hdds-1569-cpgw4-1311585219, networkLocation: /default-rack, certSerialId: null}
2019-09-19 10:26:50,768 | INFO  | SCMAudit | user=jenkins1000 | ip=192.168.157.204 | op=REGISTER {datanodeDetails=1692dd7e-eca0-4ee0-be13-a7fe013a1be4{ip: 192.168.157.204, host: pr-hdds-1569-cpgw4-1311585219, networkLocation: /default-rack, certSerialId: null}} | ret=SUCCESS |  
2019-09-19 10:26:50,769 | INFO  | SCMAudit | user=jenkins1000 | ip=192.168.157.204 | op=REGISTER {datanodeDetails=84c75018-969a-4fca-ac0f-34cccc99d928{ip: 192.168.157.204, host: pr-hdds-1569-cpgw4-1311585219, networkLocation: /default-rack, certSerialId: null}} | ret=SUCCESS |  
2019-09-19 10:26:50,884 [IPC Server handler 2 on 34424] INFO  net.NetworkTopology (NetworkTopologyImpl.java:add(110)) - Added a new node: /default-rack/7e4b2fb6-17ca-4cf7-9c63-77c56d6e2e1f
2019-09-19 10:26:50,884 [IPC Server handler 2 on 34424] INFO  node.SCMNodeManager (SCMNodeManager.java:register(273)) - Registered Data node : 7e4b2fb6-17ca-4cf7-9c63-77c56d6e2e1f{ip: 192.168.157.204, host: pr-hdds-1569-cpgw4-1311585219, networkLocation: /default-rack, certSerialId: null}
2019-09-19 10:26:50,885 | INFO  | SCMAudit | user=jenkins1000 | ip=192.168.157.204 | op=REGISTER {datanodeDetails=7e4b2fb6-17ca-4cf7-9c63-77c56d6e2e1f{ip: 192.168.157.204, host: pr-hdds-1569-cpgw4-1311585219, networkLocation: /default-rack, certSerialId: null}} | ret=SUCCESS |  
2019-09-19 10:26:50,975 [grpc-default-executor-0] INFO  impl.RaftServerProxy (RaftServerProxy.java:addNew(89)) - f4f61464-0bdf-492b-ac84-d659f01f9139: addNew group-9F1A3B0DE824:[f4f61464-0bdf-492b-ac84-d659f01f9139:192.168.157.204:35376] returns group-9F1A3B0DE824:java.util.concurrent.CompletableFuture@1c8af3f7[Not completed]
2019-09-19 10:26:51,003 [pool-27-thread-1] INFO  impl.RaftServerImpl (RaftServerImpl.java:<init>(93)) - f4f61464-0bdf-492b-ac84-d659f01f9139: new RaftServerImpl for group-9F1A3B0DE824:[f4f61464-0bdf-492b-ac84-d659f01f9139:192.168.157.204:35376] with ContainerStateMachine:uninitialized
2019-09-19 10:26:51,005 [pool-27-thread-1] INFO  server.RaftServerConfigKeys (ConfUtils.java:logGet(43)) - raft.server.rpc.timeout.min = 5s (custom)
2019-09-19 10:26:51,007 [pool-27-thread-1] INFO  server.RaftServerConfigKeys (ConfUtils.java:logGet(43)) - raft.server.rpc.timeout.max = 5200ms (custom)
2019-09-19 10:26:51,008 [pool-27-thread-1] INFO  server.RaftServerConfigKeys (ConfUtils.java:logGet(43)) - raft.server.rpcslowness.timeout = 120s (custom)
2019-09-19 10:26:51,008 [pool-27-thread-1] INFO  server.RaftServerConfigKeys (ConfUtils.java:logGet(43)) - raft.server.sleep.deviation.threshold = 300 (default)
2019-09-19 10:26:51,009 [pool-27-thread-1] INFO  server.RaftServerConfigKeys (ConfUtils.java:logGet(43)) - raft.server.log.appender.install.snapshot.enabled = false (custom)
2019-09-19 10:26:51,019 [pool-27-thread-1] INFO  impl.RaftServerImpl (ServerState.java:<init>(105)) - f4f61464-0bdf-492b-ac84-d659f01f9139:group-9F1A3B0DE824 ConfigurationManager, init=-1: [f4f61464-0bdf-492b-ac84-d659f01f9139:192.168.157.204:35376], old=null, confs=<EMPTY_MAP>
2019-09-19 10:26:51,019 [pool-27-thread-1] INFO  server.RaftServerConfigKeys (ConfUtils.java:logGet(43)) - raft.server.storage.dir = [/workdir/hadoop-ozone/ozonefs/target/test-dir/MiniOzoneClusterImpl-c4ccaed8-e682-4870-947c-cf1864f77c00/datanode-0/data/ratis] (custom)
2019-09-19 10:26:51,028 [pool-27-thread-1] INFO  storage.RaftStorageDirectory (RaftStorageDirectory.java:analyzeStorage(246)) - The storage directory /workdir/hadoop-ozone/ozonefs/target/test-dir/MiniOzoneClusterImpl-c4ccaed8-e682-4870-947c-cf1864f77c00/datanode-0/data/ratis/fb620b06-fcb6-4d6e-8f36-9f1a3b0de824 does not exist. Creating ...
2019-09-19 10:26:51,036 [pool-27-thread-1] INFO  storage.RaftStorageDirectory (RaftStorageDirectory.java:tryLock(328)) - Lock on /workdir/hadoop-ozone/ozonefs/target/test-dir/MiniOzoneClusterImpl-c4ccaed8-e682-4870-947c-cf1864f77c00/datanode-0/data/ratis/fb620b06-fcb6-4d6e-8f36-9f1a3b0de824/in_use.lock acquired by nodename 26715@pr-hdds-1569-cpgw4-1311585219
2019-09-19 10:26:51,042 [main] INFO  ozone.MiniOzoneClusterImpl (MiniOzoneClusterImpl.java:lambda$waitForClusterToBeReady$0(142)) - Waiting for cluster to be ready. Got 5 of 10 DN Heartbeats.
2019-09-19 10:26:51,052 [pool-27-thread-1] INFO  storage.RaftStorage (RaftStorage.java:format(72)) - Storage directory /workdir/hadoop-ozone/ozonefs/target/test-dir/MiniOzoneClusterImpl-c4ccaed8-e682-4870-947c-cf1864f77c00/datanode-0/data/ratis/fb620b06-fcb6-4d6e-8f36-9f1a3b0de824 has been successfully formatted.
2019-09-19 10:26:51,055 [pool-27-thread-1] INFO  ratis.ContainerStateMachine (ContainerStateMachine.java:loadSnapshot(226)) - group-9F1A3B0DE824: The snapshot info is null. Setting the last applied indexto:(t:0, i:~)
2019-09-19 10:26:51,055 [pool-27-thread-1] INFO  server.RaftServerConfigKeys (ConfUtils.java:logGet(43)) - raft.server.leader.election.timeout = 120s (custom)
2019-09-19 10:26:51,058 [pool-27-thread-1] INFO  server.RaftServerConfigKeys (ConfUtils.java:logGet(43)) - raft.server.log.use.memory = false (default)
2019-09-19 10:26:51,063 [pool-27-thread-1] INFO  server.RaftServerConfigKeys (ConfUtils.java:logGet(43)) - raft.server.log.purge.gap = 1000000 (custom)
2019-09-19 10:26:51,063 [pool-27-thread-1] INFO  server.RaftServerConfigKeys (ConfUtils.java:logGet(43)) - raft.server.log.appender.buffer.byte-limit = 33554432 (custom)
2019-09-19 10:26:51,065 [pool-27-thread-1] INFO  server.RaftServerConfigKeys (ConfUtils.java:logGet(43)) - raft.server.log.segment.size.max = 1048576 (custom)
2019-09-19 10:26:51,070 [pool-27-thread-1] INFO  server.RaftServerConfigKeys (ConfUtils.java:logGet(43)) - raft.server.log.segment.cache.num.max = 2 (custom)
2019-09-19 10:26:51,076 [pool-27-thread-1] INFO  segmented.SegmentedRaftLogWorker (SegmentedRaftLogWorker.java:<init>(172)) - new f4f61464-0bdf-492b-ac84-d659f01f9139-SegmentedRaftLogWorker:Storage Directory /workdir/hadoop-ozone/ozonefs/target/test-dir/MiniOzoneClusterImpl-c4ccaed8-e682-4870-947c-cf1864f77c00/datanode-0/data/ratis/fb620b06-fcb6-4d6e-8f36-9f1a3b0de824 for RaftStorage:Storage Directory /workdir/hadoop-ozone/ozonefs/target/test-dir/MiniOzoneClusterImpl-c4ccaed8-e682-4870-947c-cf1864f77c00/datanode-0/data/ratis/fb620b06-fcb6-4d6e-8f36-9f1a3b0de824
2019-09-19 10:26:51,089 [pool-27-thread-1] INFO  server.RaftServerConfigKeys (ConfUtils.java:logGet(43)) - raft.server.log.queue.byte-limit = 2147483647 (custom)
2019-09-19 10:26:51,089 [pool-27-thread-1] INFO  server.RaftServerConfigKeys (ConfUtils.java:logGet(43)) - raft.server.log.queue.element-limit = 1024 (custom)
2019-09-19 10:26:51,100 [pool-27-thread-1] INFO  server.RaftServerConfigKeys (ConfUtils.java:logGet(43)) - raft.server.log.segment.size.max = 1048576 (custom)
2019-09-19 10:26:51,101 [pool-27-thread-1] INFO  server.RaftServerConfigKeys (ConfUtils.java:logGet(43)) - raft.server.log.preallocated.size = 16384 (custom)
2019-09-19 10:26:51,101 [pool-27-thread-1] INFO  server.RaftServerConfigKeys (ConfUtils.java:logGet(43)) - raft.server.log.write.buffer.size = 33554432 (custom)
2019-09-19 10:26:51,102 [pool-27-thread-1] INFO  server.RaftServerConfigKeys (ConfUtils.java:logGet(43)) - raft.server.log.force.sync.num = 128 (default)
2019-09-19 10:26:51,103 [pool-27-thread-1] INFO  server.RaftServerConfigKeys (ConfUtils.java:logGet(43)) - raft.server.log.statemachine.data.sync = true (default)
2019-09-19 10:26:51,103 [pool-27-thread-1] INFO  server.RaftServerConfigKeys (ConfUtils.java:logGet(43)) - raft.server.log.statemachine.data.sync.timeout = 10s (default)
2019-09-19 10:26:51,103 [pool-27-thread-1] INFO  server.RaftServerConfigKeys (ConfUtils.java:logGet(43)) - raft.server.log.statemachine.data.sync.timeout.retry = -1 (default)
2019-09-19 10:26:51,110 [IPC Server handler 19 on 34424] INFO  net.NetworkTopology (NetworkTopologyImpl.java:add(110)) - Added a new node: /default-rack/9c1babfd-24b9-43b5-a670-4d0e2dc3eec4
2019-09-19 10:26:51,112 [IPC Server handler 19 on 34424] INFO  node.SCMNodeManager (SCMNodeManager.java:register(273)) - Registered Data node : 9c1babfd-24b9-43b5-a670-4d0e2dc3eec4{ip: 192.168.157.204, host: pr-hdds-1569-cpgw4-1311585219, networkLocation: /default-rack, certSerialId: null}
2019-09-19 10:26:51,113 | INFO  | SCMAudit | user=jenkins1000 | ip=192.168.157.204 | op=REGISTER {datanodeDetails=9c1babfd-24b9-43b5-a670-4d0e2dc3eec4{ip: 192.168.157.204, host: pr-hdds-1569-cpgw4-1311585219, networkLocation: /default-rack, certSerialId: null}} | ret=SUCCESS |  
2019-09-19 10:26:51,116 [pool-27-thread-1] INFO  server.RaftServerConfigKeys (ConfUtils.java:logGet(43)) - raft.server.log.statemachine.data.caching.enabled = true (custom)
2019-09-19 10:26:51,121 [pool-27-thread-1] INFO  segmented.SegmentedRaftLogWorker (SegmentedRaftLogWorker.java:lambda$new$0(132)) - f4f61464-0bdf-492b-ac84-d659f01f9139-SegmentedRaftLogWorker:Storage Directory /workdir/hadoop-ozone/ozonefs/target/test-dir/MiniOzoneClusterImpl-c4ccaed8-e682-4870-947c-cf1864f77c00/datanode-0/data/ratis/fb620b06-fcb6-4d6e-8f36-9f1a3b0de824: flushIndex: setUnconditionally 0 -> -1
2019-09-19 10:26:51,125 [pool-27-thread-1] INFO  server.RaftServerConfigKeys (ConfUtils.java:logGet(43)) - raft.server.snapshot.auto.trigger.enabled = true (custom)
2019-09-19 10:26:51,126 [pool-27-thread-1] INFO  server.RaftServerConfigKeys (ConfUtils.java:logGet(43)) - raft.server.snapshot.auto.trigger.threshold = 10000 (custom)
2019-09-19 10:26:51,126 [pool-27-thread-1] INFO  server.RaftServerConfigKeys (ConfUtils.java:logGet(43)) - raft.server.retrycache.expirytime = 600000ms (custom)
2019-09-19 10:26:51,147 [pool-27-thread-1] INFO  impl.RaftServerImpl (RaftServerImpl.java:start(180)) - f4f61464-0bdf-492b-ac84-d659f01f9139: start group-9F1A3B0DE824
2019-09-19 10:26:51,148 [pool-27-thread-1] INFO  impl.RaftServerImpl (RaftServerImpl.java:setRole(171)) - f4f61464-0bdf-492b-ac84-d659f01f9139:group-9F1A3B0DE824 changes role from null to FOLLOWER at term 0 for startAsFollower
2019-09-19 10:26:51,149 [pool-27-thread-1] INFO  impl.RoleInfo (RoleInfo.java:updateAndGet(143)) - f4f61464-0bdf-492b-ac84-d659f01f9139: start FollowerState
2019-09-19 10:26:51,161 [pool-27-thread-1] INFO  util.JmxRegister (JmxRegister.java:tryRegister(44)) - Successfully registered JMX Bean with object name Ratis:service=RaftServer,group=group-9F1A3B0DE824,id=f4f61464-0bdf-492b-ac84-d659f01f9139
2019-09-19 10:26:51,236 [RatisPipelineUtilsThread] INFO  pipeline.PipelineStateManager (PipelineStateManager.java:addPipeline(56)) - Created pipeline Pipeline[ Id: fb620b06-fcb6-4d6e-8f36-9f1a3b0de824, Nodes: f4f61464-0bdf-492b-ac84-d659f01f9139{ip: 192.168.157.204, host: pr-hdds-1569-cpgw4-1311585219, networkLocation: /default-rack, certSerialId: null}, Type:RATIS, Factor:ONE, State:OPEN]
2019-09-19 10:26:51,265 [grpc-default-executor-0] INFO  impl.RaftServerProxy (RaftServerProxy.java:addNew(89)) - 84c75018-969a-4fca-ac0f-34cccc99d928: addNew group-671835733D90:[84c75018-969a-4fca-ac0f-34cccc99d928:192.168.157.204:41935] returns group-671835733D90:java.util.concurrent.CompletableFuture@170172d9[Not completed]
2019-09-19 10:26:51,355 [pool-49-thread-1] INFO  impl.RaftServerImpl (RaftServerImpl.java:<init>(93)) - 84c75018-969a-4fca-ac0f-34cccc99d928: new RaftServerImpl for group-671835733D90:[84c75018-969a-4fca-ac0f-34cccc99d928:192.168.157.204:41935] with ContainerStateMachine:uninitialized
2019-09-19 10:26:51,357 [pool-49-thread-1] INFO  server.RaftServerConfigKeys (ConfUtils.java:logGet(43)) - raft.server.rpc.timeout.min = 5s (custom)
2019-09-19 10:26:51,357 [pool-49-thread-1] INFO  server.RaftServerConfigKeys (ConfUtils.java:logGet(43)) - raft.server.rpc.timeout.max = 5200ms (custom)
2019-09-19 10:26:51,357 [IPC Server handler 18 on 34424] INFO  net.NetworkTopology (NetworkTopologyImpl.java:add(110)) - Added a new node: /default-rack/8b25b6fb-e7f9-4ea8-8d7d-823d8ea82140
2019-09-19 10:26:51,357 [pool-49-thread-1] INFO  server.RaftServerConfigKeys (ConfUtils.java:logGet(43)) - raft.server.rpcslowness.timeout = 120s (custom)
2019-09-19 10:26:51,357 [IPC Server handler 18 on 34424] INFO  node.SCMNodeManager (SCMNodeManager.java:register(273)) - Registered Data node : 8b25b6fb-e7f9-4ea8-8d7d-823d8ea82140{ip: 192.168.157.204, host: pr-hdds-1569-cpgw4-1311585219, networkLocation: /default-rack, certSerialId: null}
2019-09-19 10:26:51,357 [pool-49-thread-1] INFO  server.RaftServerConfigKeys (ConfUtils.java:logGet(43)) - raft.server.sleep.deviation.threshold = 300 (default)
2019-09-19 10:26:51,358 | INFO  | SCMAudit | user=jenkins1000 | ip=192.168.157.204 | op=REGISTER {datanodeDetails=8b25b6fb-e7f9-4ea8-8d7d-823d8ea82140{ip: 192.168.157.204, host: pr-hdds-1569-cpgw4-1311585219, networkLocation: /default-rack, certSerialId: null}} | ret=SUCCESS |  
2019-09-19 10:26:51,358 [pool-49-thread-1] INFO  server.RaftServerConfigKeys (ConfUtils.java:logGet(43)) - raft.server.log.appender.install.snapshot.enabled = false (custom)
2019-09-19 10:26:51,358 [pool-49-thread-1] INFO  impl.RaftServerImpl (ServerState.java:<init>(105)) - 84c75018-969a-4fca-ac0f-34cccc99d928:group-671835733D90 ConfigurationManager, init=-1: [84c75018-969a-4fca-ac0f-34cccc99d928:192.168.157.204:41935], old=null, confs=<EMPTY_MAP>
2019-09-19 10:26:51,358 [pool-49-thread-1] INFO  server.RaftServerConfigKeys (ConfUtils.java:logGet(43)) - raft.server.storage.dir = [/workdir/hadoop-ozone/ozonefs/target/test-dir/MiniOzoneClusterImpl-c4ccaed8-e682-4870-947c-cf1864f77c00/datanode-2/data/ratis] (custom)
2019-09-19 10:26:51,359 [pool-49-thread-1] INFO  storage.RaftStorageDirectory (RaftStorageDirectory.java:analyzeStorage(246)) - The storage directory /workdir/hadoop-ozone/ozonefs/target/test-dir/MiniOzoneClusterImpl-c4ccaed8-e682-4870-947c-cf1864f77c00/datanode-2/data/ratis/ac888c49-9577-4629-9b71-671835733d90 does not exist. Creating ...
2019-09-19 10:26:51,555 [pool-49-thread-1] INFO  storage.RaftStorageDirectory (RaftStorageDirectory.java:tryLock(328)) - Lock on /workdir/hadoop-ozone/ozonefs/target/test-dir/MiniOzoneClusterImpl-c4ccaed8-e682-4870-947c-cf1864f77c00/datanode-2/data/ratis/ac888c49-9577-4629-9b71-671835733d90/in_use.lock acquired by nodename 26715@pr-hdds-1569-cpgw4-1311585219
2019-09-19 10:26:51,580 [IPC Server handler 17 on 34424] INFO  net.NetworkTopology (NetworkTopologyImpl.java:add(110)) - Added a new node: /default-rack/c972e26d-e03f-48a1-a9e9-2dea9337c66d
2019-09-19 10:26:51,580 [IPC Server handler 17 on 34424] INFO  node.SCMNodeManager (SCMNodeManager.java:register(273)) - Registered Data node : c972e26d-e03f-48a1-a9e9-2dea9337c66d{ip: 192.168.157.204, host: pr-hdds-1569-cpgw4-1311585219, networkLocation: /default-rack, certSerialId: null}
2019-09-19 10:26:51,581 | INFO  | SCMAudit | user=jenkins1000 | ip=192.168.157.204 | op=REGISTER {datanodeDetails=c972e26d-e03f-48a1-a9e9-2dea9337c66d{ip: 192.168.157.204, host: pr-hdds-1569-cpgw4-1311585219, networkLocation: /default-rack, certSerialId: null}} | ret=SUCCESS |  
2019-09-19 10:26:51,751 | INFO  | SCMAudit | user=jenkins1000 | ip=192.168.157.204 | op=SEND_HEARTBEAT {datanodeUUID=f4f61464-0bdf-492b-ac84-d659f01f9139, command=[]} | ret=SUCCESS |  
2019-09-19 10:26:51,807 [IPC Server handler 2 on 34424] INFO  net.NetworkTopology (NetworkTopologyImpl.java:add(110)) - Added a new node: /default-rack/10ec1051-6571-4c90-b3f9-a3c2840a089b
2019-09-19 10:26:51,807 [IPC Server handler 2 on 34424] INFO  node.SCMNodeManager (SCMNodeManager.java:register(273)) - Registered Data node : 10ec1051-6571-4c90-b3f9-a3c2840a089b{ip: 192.168.157.204, host: pr-hdds-1569-cpgw4-1311585219, networkLocation: /default-rack, certSerialId: null}
2019-09-19 10:26:51,808 | INFO  | SCMAudit | user=jenkins1000 | ip=192.168.157.204 | op=REGISTER {datanodeDetails=10ec1051-6571-4c90-b3f9-a3c2840a089b{ip: 192.168.157.204, host: pr-hdds-1569-cpgw4-1311585219, networkLocation: /default-rack, certSerialId: null}} | ret=SUCCESS |  
2019-09-19 10:26:52,020 [pool-49-thread-1] INFO  storage.RaftStorage (RaftStorage.java:format(72)) - Storage directory /workdir/hadoop-ozone/ozonefs/target/test-dir/MiniOzoneClusterImpl-c4ccaed8-e682-4870-947c-cf1864f77c00/datanode-2/data/ratis/ac888c49-9577-4629-9b71-671835733d90 has been successfully formatted.
2019-09-19 10:26:52,023 [pool-49-thread-1] INFO  ratis.ContainerStateMachine (ContainerStateMachine.java:loadSnapshot(226)) - group-671835733D90: The snapshot info is null. Setting the last applied indexto:(t:0, i:~)
2019-09-19 10:26:52,026 | INFO  | SCMAudit | user=jenkins1000 | ip=192.168.157.204 | op=SEND_HEARTBEAT {datanodeUUID=df1b99cc-36f2-45b6-8e95-51c50e156f0b, command=[]} | ret=SUCCESS |  
2019-09-19 10:26:52,026 [pool-49-thread-1] INFO  server.RaftServerConfigKeys (ConfUtils.java:logGet(43)) - raft.server.leader.election.timeout = 120s (custom)
2019-09-19 10:26:52,026 [pool-49-thread-1] INFO  server.RaftServerConfigKeys (ConfUtils.java:logGet(43)) - raft.server.log.use.memory = false (default)
2019-09-19 10:26:52,026 [pool-49-thread-1] INFO  server.RaftServerConfigKeys (ConfUtils.java:logGet(43)) - raft.server.log.purge.gap = 1000000 (custom)
2019-09-19 10:26:52,026 [pool-49-thread-1] INFO  server.RaftServerConfigKeys (ConfUtils.java:logGet(43)) - raft.server.log.appender.buffer.byte-limit = 33554432 (custom)
2019-09-19 10:26:52,027 [pool-49-thread-1] INFO  server.RaftServerConfigKeys (ConfUtils.java:logGet(43)) - raft.server.log.segment.size.max = 1048576 (custom)
2019-09-19 10:26:52,027 [pool-49-thread-1] INFO  server.RaftServerConfigKeys (ConfUtils.java:logGet(43)) - raft.server.log.segment.cache.num.max = 2 (custom)
2019-09-19 10:26:52,027 [pool-49-thread-1] INFO  segmented.SegmentedRaftLogWorker (SegmentedRaftLogWorker.java:<init>(172)) - new 84c75018-969a-4fca-ac0f-34cccc99d928-SegmentedRaftLogWorker:Storage Directory /workdir/hadoop-ozone/ozonefs/target/test-dir/MiniOzoneClusterImpl-c4ccaed8-e682-4870-947c-cf1864f77c00/datanode-2/data/ratis/ac888c49-9577-4629-9b71-671835733d90 for RaftStorage:Storage Directory /workdir/hadoop-ozone/ozonefs/target/test-dir/MiniOzoneClusterImpl-c4ccaed8-e682-4870-947c-cf1864f77c00/datanode-2/data/ratis/ac888c49-9577-4629-9b71-671835733d90
2019-09-19 10:26:52,030 [pool-49-thread-1] INFO  server.RaftServerConfigKeys (ConfUtils.java:logGet(43)) - raft.server.log.queue.byte-limit = 2147483647 (custom)
2019-09-19 10:26:52,030 [pool-49-thread-1] INFO  server.RaftServerConfigKeys (ConfUtils.java:logGet(43)) - raft.server.log.queue.element-limit = 1024 (custom)
2019-09-19 10:26:52,030 [pool-49-thread-1] INFO  server.RaftServerConfigKeys (ConfUtils.java:logGet(43)) - raft.server.log.segment.size.max = 1048576 (custom)
2019-09-19 10:26:52,030 [pool-49-thread-1] INFO  server.RaftServerConfigKeys (ConfUtils.java:logGet(43)) - raft.server.log.preallocated.size = 16384 (custom)
2019-09-19 10:26:52,030 [pool-49-thread-1] INFO  server.RaftServerConfigKeys (ConfUtils.java:logGet(43)) - raft.server.log.write.buffer.size = 33554432 (custom)
2019-09-19 10:26:52,031 [pool-49-thread-1] INFO  server.RaftServerConfigKeys (ConfUtils.java:logGet(43)) - raft.server.log.force.sync.num = 128 (default)
2019-09-19 10:26:52,031 [pool-49-thread-1] INFO  server.RaftServerConfigKeys (ConfUtils.java:logGet(43)) - raft.server.log.statemachine.data.sync = true (default)
2019-09-19 10:26:52,031 [pool-49-thread-1] INFO  server.RaftServerConfigKeys (ConfUtils.java:logGet(43)) - raft.server.log.statemachine.data.sync.timeout = 10s (default)
2019-09-19 10:26:52,031 [pool-49-thread-1] INFO  server.RaftServerConfigKeys (ConfUtils.java:logGet(43)) - raft.server.log.statemachine.data.sync.timeout.retry = -1 (default)
2019-09-19 10:26:52,032 [pool-49-thread-1] INFO  server.RaftServerConfigKeys (ConfUtils.java:logGet(43)) - raft.server.log.statemachine.data.caching.enabled = true (custom)
2019-09-19 10:26:52,032 [pool-49-thread-1] INFO  segmented.SegmentedRaftLogWorker (SegmentedRaftLogWorker.java:lambda$new$0(132)) - 84c75018-969a-4fca-ac0f-34cccc99d928-SegmentedRaftLogWorker:Storage Directory /workdir/hadoop-ozone/ozonefs/target/test-dir/MiniOzoneClusterImpl-c4ccaed8-e682-4870-947c-cf1864f77c00/datanode-2/data/ratis/ac888c49-9577-4629-9b71-671835733d90: flushIndex: setUnconditionally 0 -> -1
2019-09-19 10:26:52,032 [pool-49-thread-1] INFO  server.RaftServerConfigKeys (ConfUtils.java:logGet(43)) - raft.server.snapshot.auto.trigger.enabled = true (custom)
2019-09-19 10:26:52,033 [pool-49-thread-1] INFO  server.RaftServerConfigKeys (ConfUtils.java:logGet(43)) - raft.server.snapshot.auto.trigger.threshold = 10000 (custom)
2019-09-19 10:26:52,033 [pool-49-thread-1] INFO  server.RaftServerConfigKeys (ConfUtils.java:logGet(43)) - raft.server.retrycache.expirytime = 600000ms (custom)
2019-09-19 10:26:52,033 [pool-49-thread-1] INFO  impl.RaftServerImpl (RaftServerImpl.java:start(180)) - 84c75018-969a-4fca-ac0f-34cccc99d928: start group-671835733D90
2019-09-19 10:26:52,033 [pool-49-thread-1] INFO  impl.RaftServerImpl (RaftServerImpl.java:setRole(171)) - 84c75018-969a-4fca-ac0f-34cccc99d928:group-671835733D90 changes role from null to FOLLOWER at term 0 for startAsFollower
2019-09-19 10:26:52,034 [pool-49-thread-1] INFO  impl.RoleInfo (RoleInfo.java:updateAndGet(143)) - 84c75018-969a-4fca-ac0f-34cccc99d928: start FollowerState
2019-09-19 10:26:52,036 [pool-49-thread-1] INFO  util.JmxRegister (JmxRegister.java:tryRegister(44)) - Successfully registered JMX Bean with object name Ratis:service=RaftServer,group=group-671835733D90,id=84c75018-969a-4fca-ac0f-34cccc99d928
2019-09-19 10:26:52,042 [main] INFO  ozone.MiniOzoneClusterImpl (MiniOzoneClusterImpl.java:lambda$waitForClusterToBeReady$0(142)) - Waiting for cluster to be ready. Got 9 of 10 DN Heartbeats.
2019-09-19 10:26:52,051 [IPC Server handler 19 on 34424] INFO  net.NetworkTopology (NetworkTopologyImpl.java:add(110)) - Added a new node: /default-rack/39513c05-534c-4cc1-a39c-034925eb3fe7
2019-09-19 10:26:52,051 [IPC Server handler 19 on 34424] INFO  node.SCMNodeManager (SCMNodeManager.java:register(273)) - Registered Data node : 39513c05-534c-4cc1-a39c-034925eb3fe7{ip: 192.168.157.204, host: pr-hdds-1569-cpgw4-1311585219, networkLocation: /default-rack, certSerialId: null}
2019-09-19 10:26:52,056 | INFO  | SCMAudit | user=jenkins1000 | ip=192.168.157.204 | op=REGISTER {datanodeDetails=39513c05-534c-4cc1-a39c-034925eb3fe7{ip: 192.168.157.204, host: pr-hdds-1569-cpgw4-1311585219, networkLocation: /default-rack, certSerialId: null}} | ret=SUCCESS |  
2019-09-19 10:26:52,067 [RatisPipelineUtilsThread] INFO  pipeline.PipelineStateManager (PipelineStateManager.java:addPipeline(56)) - Created pipeline Pipeline[ Id: ac888c49-9577-4629-9b71-671835733d90, Nodes: 84c75018-969a-4fca-ac0f-34cccc99d928{ip: 192.168.157.204, host: pr-hdds-1569-cpgw4-1311585219, networkLocation: /default-rack, certSerialId: null}, Type:RATIS, Factor:ONE, State:OPEN]
2019-09-19 10:26:52,096 [grpc-default-executor-0] INFO  impl.RaftServerProxy (RaftServerProxy.java:addNew(89)) - f4f61464-0bdf-492b-ac84-d659f01f9139: addNew group-9F415BC87750:[f4f61464-0bdf-492b-ac84-d659f01f9139:192.168.157.204:35376] returns group-9F415BC87750:java.util.concurrent.CompletableFuture@382ba3c0[Not completed]
2019-09-19 10:26:52,118 [pool-27-thread-1] INFO  impl.RaftServerImpl (RaftServerImpl.java:<init>(93)) - f4f61464-0bdf-492b-ac84-d659f01f9139: new RaftServerImpl for group-9F415BC87750:[f4f61464-0bdf-492b-ac84-d659f01f9139:192.168.157.204:35376] with ContainerStateMachine:uninitialized
2019-09-19 10:26:52,118 [pool-27-thread-1] INFO  server.RaftServerConfigKeys (ConfUtils.java:logGet(43)) - raft.server.rpc.timeout.min = 5s (custom)
2019-09-19 10:26:52,118 [pool-27-thread-1] INFO  server.RaftServerConfigKeys (ConfUtils.java:logGet(43)) - raft.server.rpc.timeout.max = 5200ms (custom)
2019-09-19 10:26:52,118 [pool-27-thread-1] INFO  server.RaftServerConfigKeys (ConfUtils.java:logGet(43)) - raft.server.rpcslowness.timeout = 120s (custom)
2019-09-19 10:26:52,118 [pool-27-thread-1] INFO  server.RaftServerConfigKeys (ConfUtils.java:logGet(43)) - raft.server.sleep.deviation.threshold = 300 (default)
2019-09-19 10:26:52,119 [pool-27-thread-1] INFO  server.RaftServerConfigKeys (ConfUtils.java:logGet(43)) - raft.server.log.appender.install.snapshot.enabled = false (custom)
2019-09-19 10:26:52,119 [pool-27-thread-1] INFO  impl.RaftServerImpl (ServerState.java:<init>(105)) - f4f61464-0bdf-492b-ac84-d659f01f9139:group-9F415BC87750 ConfigurationManager, init=-1: [f4f61464-0bdf-492b-ac84-d659f01f9139:192.168.157.204:35376], old=null, confs=<EMPTY_MAP>
2019-09-19 10:26:52,119 [pool-27-thread-1] INFO  server.RaftServerConfigKeys (ConfUtils.java:logGet(43)) - raft.server.storage.dir = [/workdir/hadoop-ozone/ozonefs/target/test-dir/MiniOzoneClusterImpl-c4ccaed8-e682-4870-947c-cf1864f77c00/datanode-0/data/ratis] (custom)
2019-09-19 10:26:52,119 [pool-27-thread-1] INFO  storage.RaftStorageDirectory (RaftStorageDirectory.java:analyzeStorage(246)) - The storage directory /workdir/hadoop-ozone/ozonefs/target/test-dir/MiniOzoneClusterImpl-c4ccaed8-e682-4870-947c-cf1864f77c00/datanode-0/data/ratis/f9ff3549-b51a-4dcc-a422-9f415bc87750 does not exist. Creating ...
2019-09-19 10:26:52,264 [pool-27-thread-1] INFO  storage.RaftStorageDirectory (RaftStorageDirectory.java:tryLock(328)) - Lock on /workdir/hadoop-ozone/ozonefs/target/test-dir/MiniOzoneClusterImpl-c4ccaed8-e682-4870-947c-cf1864f77c00/datanode-0/data/ratis/f9ff3549-b51a-4dcc-a422-9f415bc87750/in_use.lock acquired by nodename 26715@pr-hdds-1569-cpgw4-1311585219
2019-09-19 10:26:52,269 [pool-27-thread-1] INFO  storage.RaftStorage (RaftStorage.java:format(72)) - Storage directory /workdir/hadoop-ozone/ozonefs/target/test-dir/MiniOzoneClusterImpl-c4ccaed8-e682-4870-947c-cf1864f77c00/datanode-0/data/ratis/f9ff3549-b51a-4dcc-a422-9f415bc87750 has been successfully formatted.
2019-09-19 10:26:52,269 [pool-27-thread-1] INFO  ratis.ContainerStateMachine (ContainerStateMachine.java:loadSnapshot(226)) - group-9F415BC87750: The snapshot info is null. Setting the last applied indexto:(t:0, i:~)
2019-09-19 10:26:52,270 [pool-27-thread-1] INFO  server.RaftServerConfigKeys (ConfUtils.java:logGet(43)) - raft.server.leader.election.timeout = 120s (custom)
2019-09-19 10:26:52,270 [pool-27-thread-1] INFO  server.RaftServerConfigKeys (ConfUtils.java:logGet(43)) - raft.server.log.use.memory = false (default)
2019-09-19 10:26:52,270 [pool-27-thread-1] INFO  server.RaftServerConfigKeys (ConfUtils.java:logGet(43)) - raft.server.log.purge.gap = 1000000 (custom)
2019-09-19 10:26:52,270 [pool-27-thread-1] INFO  server.RaftServerConfigKeys (ConfUtils.java:logGet(43)) - raft.server.log.appender.buffer.byte-limit = 33554432 (custom)
2019-09-19 10:26:52,270 [pool-27-thread-1] INFO  server.RaftServerConfigKeys (ConfUtils.java:logGet(43)) - raft.server.log.segment.size.max = 1048576 (custom)
2019-09-19 10:26:52,271 [pool-27-thread-1] INFO  server.RaftServerConfigKeys (ConfUtils.java:logGet(43)) - raft.server.log.segment.cache.num.max = 2 (custom)
2019-09-19 10:26:52,271 [pool-27-thread-1] INFO  segmented.SegmentedRaftLogWorker (SegmentedRaftLogWorker.java:<init>(172)) - new f4f61464-0bdf-492b-ac84-d659f01f9139-SegmentedRaftLogWorker:Storage Directory /workdir/hadoop-ozone/ozonefs/target/test-dir/MiniOzoneClusterImpl-c4ccaed8-e682-4870-947c-cf1864f77c00/datanode-0/data/ratis/f9ff3549-b51a-4dcc-a422-9f415bc87750 for RaftStorage:Storage Directory /workdir/hadoop-ozone/ozonefs/target/test-dir/MiniOzoneClusterImpl-c4ccaed8-e682-4870-947c-cf1864f77c00/datanode-0/data/ratis/f9ff3549-b51a-4dcc-a422-9f415bc87750
2019-09-19 10:26:52,271 [pool-27-thread-1] INFO  server.RaftServerConfigKeys (ConfUtils.java:logGet(43)) - raft.server.log.queue.byte-limit = 2147483647 (custom)
2019-09-19 10:26:52,271 [pool-27-thread-1] INFO  server.RaftServerConfigKeys (ConfUtils.java:logGet(43)) - raft.server.log.queue.element-limit = 1024 (custom)
2019-09-19 10:26:52,271 [pool-27-thread-1] INFO  server.RaftServerConfigKeys (ConfUtils.java:logGet(43)) - raft.server.log.segment.size.max = 1048576 (custom)
2019-09-19 10:26:52,271 [pool-27-thread-1] INFO  server.RaftServerConfigKeys (ConfUtils.java:logGet(43)) - raft.server.log.preallocated.size = 16384 (custom)
2019-09-19 10:26:52,272 [pool-27-thread-1] INFO  server.RaftServerConfigKeys (ConfUtils.java:logGet(43)) - raft.server.log.write.buffer.size = 33554432 (custom)
2019-09-19 10:26:52,272 [pool-27-thread-1] INFO  server.RaftServerConfigKeys (ConfUtils.java:logGet(43)) - raft.server.log.force.sync.num = 128 (default)
2019-09-19 10:26:52,272 [pool-27-thread-1] INFO  server.RaftServerConfigKeys (ConfUtils.java:logGet(43)) - raft.server.log.statemachine.data.sync = true (default)
2019-09-19 10:26:52,272 [pool-27-thread-1] INFO  server.RaftServerConfigKeys (ConfUtils.java:logGet(43)) - raft.server.log.statemachine.data.sync.timeout = 10s (default)
2019-09-19 10:26:52,272 [pool-27-thread-1] INFO  server.RaftServerConfigKeys (ConfUtils.java:logGet(43)) - raft.server.log.statemachine.data.sync.timeout.retry = -1 (default)
2019-09-19 10:26:52,272 [pool-27-thread-1] INFO  server.RaftServerConfigKeys (ConfUtils.java:logGet(43)) - raft.server.log.statemachine.data.caching.enabled = true (custom)
2019-09-19 10:26:52,273 [pool-27-thread-1] INFO  segmented.SegmentedRaftLogWorker (SegmentedRaftLogWorker.java:lambda$new$0(132)) - f4f61464-0bdf-492b-ac84-d659f01f9139-SegmentedRaftLogWorker:Storage Directory /workdir/hadoop-ozone/ozonefs/target/test-dir/MiniOzoneClusterImpl-c4ccaed8-e682-4870-947c-cf1864f77c00/datanode-0/data/ratis/f9ff3549-b51a-4dcc-a422-9f415bc87750: flushIndex: setUnconditionally 0 -> -1
2019-09-19 10:26:52,304 [pool-27-thread-1] INFO  server.RaftServerConfigKeys (ConfUtils.java:logGet(43)) - raft.server.snapshot.auto.trigger.enabled = true (custom)
2019-09-19 10:26:52,304 [pool-27-thread-1] INFO  server.RaftServerConfigKeys (ConfUtils.java:logGet(43)) - raft.server.snapshot.auto.trigger.threshold = 10000 (custom)
2019-09-19 10:26:52,305 [pool-27-thread-1] INFO  server.RaftServerConfigKeys (ConfUtils.java:logGet(43)) - raft.server.retrycache.expirytime = 600000ms (custom)
2019-09-19 10:26:52,305 [pool-27-thread-1] INFO  impl.RaftServerImpl (RaftServerImpl.java:start(180)) - f4f61464-0bdf-492b-ac84-d659f01f9139: start group-9F415BC87750
2019-09-19 10:26:52,305 [pool-27-thread-1] INFO  impl.RaftServerImpl (RaftServerImpl.java:setRole(171)) - f4f61464-0bdf-492b-ac84-d659f01f9139:group-9F415BC87750 changes role from null to FOLLOWER at term 0 for startAsFollower
2019-09-19 10:26:52,305 [pool-27-thread-1] INFO  impl.RoleInfo (RoleInfo.java:updateAndGet(143)) - f4f61464-0bdf-492b-ac84-d659f01f9139: start FollowerState
2019-09-19 10:26:52,306 [pool-27-thread-1] INFO  util.JmxRegister (JmxRegister.java:tryRegister(44)) - Successfully registered JMX Bean with object name Ratis:service=RaftServer,group=group-9F415BC87750,id=f4f61464-0bdf-492b-ac84-d659f01f9139
2019-09-19 10:26:52,325 [RatisPipelineUtilsThread] INFO  pipeline.PipelineStateManager (PipelineStateManager.java:addPipeline(56)) - Created pipeline Pipeline[ Id: f9ff3549-b51a-4dcc-a422-9f415bc87750, Nodes: f4f61464-0bdf-492b-ac84-d659f01f9139{ip: 192.168.157.204, host: pr-hdds-1569-cpgw4-1311585219, networkLocation: /default-rack, certSerialId: null}, Type:RATIS, Factor:ONE, State:OPEN]
2019-09-19 10:26:52,355 [grpc-default-executor-0] INFO  impl.RaftServerProxy (RaftServerProxy.java:addNew(89)) - df1b99cc-36f2-45b6-8e95-51c50e156f0b: addNew group-433F89414E38:[df1b99cc-36f2-45b6-8e95-51c50e156f0b:192.168.157.204:42307] returns group-433F89414E38:java.util.concurrent.CompletableFuture@37095249[Not completed]
2019-09-19 10:26:52,361 [pool-38-thread-1] INFO  impl.RaftServerImpl (RaftServerImpl.java:<init>(93)) - df1b99cc-36f2-45b6-8e95-51c50e156f0b: new RaftServerImpl for group-433F89414E38:[df1b99cc-36f2-45b6-8e95-51c50e156f0b:192.168.157.204:42307] with ContainerStateMachine:uninitialized
2019-09-19 10:26:52,361 [pool-38-thread-1] INFO  server.RaftServerConfigKeys (ConfUtils.java:logGet(43)) - raft.server.rpc.timeout.min = 5s (custom)
2019-09-19 10:26:52,361 [pool-38-thread-1] INFO  server.RaftServerConfigKeys (ConfUtils.java:logGet(43)) - raft.server.rpc.timeout.max = 5200ms (custom)
2019-09-19 10:26:52,361 [pool-38-thread-1] INFO  server.RaftServerConfigKeys (ConfUtils.java:logGet(43)) - raft.server.rpcslowness.timeout = 120s (custom)
2019-09-19 10:26:52,361 [pool-38-thread-1] INFO  server.RaftServerConfigKeys (ConfUtils.java:logGet(43)) - raft.server.sleep.deviation.threshold = 300 (default)
2019-09-19 10:26:52,362 [pool-38-thread-1] INFO  server.RaftServerConfigKeys (ConfUtils.java:logGet(43)) - raft.server.log.appender.install.snapshot.enabled = false (custom)
2019-09-19 10:26:52,362 [pool-38-thread-1] INFO  impl.RaftServerImpl (ServerState.java:<init>(105)) - df1b99cc-36f2-45b6-8e95-51c50e156f0b:group-433F89414E38 ConfigurationManager, init=-1: [df1b99cc-36f2-45b6-8e95-51c50e156f0b:192.168.157.204:42307], old=null, confs=<EMPTY_MAP>
2019-09-19 10:26:52,362 [pool-38-thread-1] INFO  server.RaftServerConfigKeys (ConfUtils.java:logGet(43)) - raft.server.storage.dir = [/workdir/hadoop-ozone/ozonefs/target/test-dir/MiniOzoneClusterImpl-c4ccaed8-e682-4870-947c-cf1864f77c00/datanode-1/data/ratis] (custom)
2019-09-19 10:26:52,363 [pool-38-thread-1] INFO  storage.RaftStorageDirectory (RaftStorageDirectory.java:analyzeStorage(246)) - The storage directory /workdir/hadoop-ozone/ozonefs/target/test-dir/MiniOzoneClusterImpl-c4ccaed8-e682-4870-947c-cf1864f77c00/datanode-1/data/ratis/fb7e6908-be1a-4b04-b985-433f89414e38 does not exist. Creating ...
2019-09-19 10:26:52,632 [pool-38-thread-1] INFO  storage.RaftStorageDirectory (RaftStorageDirectory.java:tryLock(328)) - Lock on /workdir/hadoop-ozone/ozonefs/target/test-dir/MiniOzoneClusterImpl-c4ccaed8-e682-4870-947c-cf1864f77c00/datanode-1/data/ratis/fb7e6908-be1a-4b04-b985-433f89414e38/in_use.lock acquired by nodename 26715@pr-hdds-1569-cpgw4-1311585219
2019-09-19 10:26:52,716 | INFO  | SCMAudit | user=jenkins1000 | ip=192.168.157.204 | op=SEND_HEARTBEAT {datanodeUUID=f4f61464-0bdf-492b-ac84-d659f01f9139, command=[]} | ret=SUCCESS |  
2019-09-19 10:26:52,756 | INFO  | SCMAudit | user=jenkins1000 | ip=192.168.157.204 | op=SEND_HEARTBEAT {datanodeUUID=1692dd7e-eca0-4ee0-be13-a7fe013a1be4, command=[]} | ret=SUCCESS |  
2019-09-19 10:26:52,756 | INFO  | SCMAudit | user=jenkins1000 | ip=192.168.157.204 | op=SEND_HEARTBEAT {datanodeUUID=84c75018-969a-4fca-ac0f-34cccc99d928, command=[]} | ret=SUCCESS |  
2019-09-19 10:26:52,777 [Thread-282] INFO  container.ReplicationManager (ReplicationManager.java:start(151)) - Starting Replication Monitor Thread.
2019-09-19 10:26:52,781 [ReplicationMonitor] INFO  container.ReplicationManager (ReplicationManager.java:run(214)) - Replication Monitor Thread took 0 milliseconds for processing 0 containers.
2019-09-19 10:26:52,883 | INFO  | SCMAudit | user=jenkins1000 | ip=192.168.157.204 | op=SEND_HEARTBEAT {datanodeUUID=7e4b2fb6-17ca-4cf7-9c63-77c56d6e2e1f, command=[]} | ret=SUCCESS |  
2019-09-19 10:26:52,939 [pool-38-thread-1] INFO  storage.RaftStorage (RaftStorage.java:format(72)) - Storage directory /workdir/hadoop-ozone/ozonefs/target/test-dir/MiniOzoneClusterImpl-c4ccaed8-e682-4870-947c-cf1864f77c00/datanode-1/data/ratis/fb7e6908-be1a-4b04-b985-433f89414e38 has been successfully formatted.
2019-09-19 10:26:52,940 [pool-38-thread-1] INFO  ratis.ContainerStateMachine (ContainerStateMachine.java:loadSnapshot(226)) - group-433F89414E38: The snapshot info is null. Setting the last applied indexto:(t:0, i:~)
2019-09-19 10:26:52,940 [pool-38-thread-1] INFO  server.RaftServerConfigKeys (ConfUtils.java:logGet(43)) - raft.server.leader.election.timeout = 120s (custom)
2019-09-19 10:26:52,940 [pool-38-thread-1] INFO  server.RaftServerConfigKeys (ConfUtils.java:logGet(43)) - raft.server.log.use.memory = false (default)
2019-09-19 10:26:52,940 [pool-38-thread-1] INFO  server.RaftServerConfigKeys (ConfUtils.java:logGet(43)) - raft.server.log.purge.gap = 1000000 (custom)
2019-09-19 10:26:52,940 [pool-38-thread-1] INFO  server.RaftServerConfigKeys (ConfUtils.java:logGet(43)) - raft.server.log.appender.buffer.byte-limit = 33554432 (custom)
2019-09-19 10:26:52,940 [pool-38-thread-1] INFO  server.RaftServerConfigKeys (ConfUtils.java:logGet(43)) - raft.server.log.segment.size.max = 1048576 (custom)
2019-09-19 10:26:52,941 [pool-38-thread-1] INFO  server.RaftServerConfigKeys (ConfUtils.java:logGet(43)) - raft.server.log.segment.cache.num.max = 2 (custom)
2019-09-19 10:26:52,941 [pool-38-thread-1] INFO  segmented.SegmentedRaftLogWorker (SegmentedRaftLogWorker.java:<init>(172)) - new df1b99cc-36f2-45b6-8e95-51c50e156f0b-SegmentedRaftLogWorker:Storage Directory /workdir/hadoop-ozone/ozonefs/target/test-dir/MiniOzoneClusterImpl-c4ccaed8-e682-4870-947c-cf1864f77c00/datanode-1/data/ratis/fb7e6908-be1a-4b04-b985-433f89414e38 for RaftStorage:Storage Directory /workdir/hadoop-ozone/ozonefs/target/test-dir/MiniOzoneClusterImpl-c4ccaed8-e682-4870-947c-cf1864f77c00/datanode-1/data/ratis/fb7e6908-be1a-4b04-b985-433f89414e38
2019-09-19 10:26:52,941 [pool-38-thread-1] INFO  server.RaftServerConfigKeys (ConfUtils.java:logGet(43)) - raft.server.log.queue.byte-limit = 2147483647 (custom)
2019-09-19 10:26:52,941 [pool-38-thread-1] INFO  server.RaftServerConfigKeys (ConfUtils.java:logGet(43)) - raft.server.log.queue.element-limit = 1024 (custom)
2019-09-19 10:26:52,941 [pool-38-thread-1] INFO  server.RaftServerConfigKeys (ConfUtils.java:logGet(43)) - raft.server.log.segment.size.max = 1048576 (custom)
2019-09-19 10:26:52,942 [pool-38-thread-1] INFO  server.RaftServerConfigKeys (ConfUtils.java:logGet(43)) - raft.server.log.preallocated.size = 16384 (custom)
2019-09-19 10:26:52,942 [pool-38-thread-1] INFO  server.RaftServerConfigKeys (ConfUtils.java:logGet(43)) - raft.server.log.write.buffer.size = 33554432 (custom)
2019-09-19 10:26:52,942 [pool-38-thread-1] INFO  server.RaftServerConfigKeys (ConfUtils.java:logGet(43)) - raft.server.log.force.sync.num = 128 (default)
2019-09-19 10:26:52,942 [pool-38-thread-1] INFO  server.RaftServerConfigKeys (ConfUtils.java:logGet(43)) - raft.server.log.statemachine.data.sync = true (default)
2019-09-19 10:26:52,942 [pool-38-thread-1] INFO  server.RaftServerConfigKeys (ConfUtils.java:logGet(43)) - raft.server.log.statemachine.data.sync.timeout = 10s (default)
2019-09-19 10:26:52,942 [pool-38-thread-1] INFO  server.RaftServerConfigKeys (ConfUtils.java:logGet(43)) - raft.server.log.statemachine.data.sync.timeout.retry = -1 (default)
2019-09-19 10:26:52,943 [pool-38-thread-1] INFO  server.RaftServerConfigKeys (ConfUtils.java:logGet(43)) - raft.server.log.statemachine.data.caching.enabled = true (custom)
2019-09-19 10:26:52,943 [pool-38-thread-1] INFO  segmented.SegmentedRaftLogWorker (SegmentedRaftLogWorker.java:lambda$new$0(132)) - df1b99cc-36f2-45b6-8e95-51c50e156f0b-SegmentedRaftLogWorker:Storage Directory /workdir/hadoop-ozone/ozonefs/target/test-dir/MiniOzoneClusterImpl-c4ccaed8-e682-4870-947c-cf1864f77c00/datanode-1/data/ratis/fb7e6908-be1a-4b04-b985-433f89414e38: flushIndex: setUnconditionally 0 -> -1
2019-09-19 10:26:52,943 [pool-38-thread-1] INFO  server.RaftServerConfigKeys (ConfUtils.java:logGet(43)) - raft.server.snapshot.auto.trigger.enabled = true (custom)
2019-09-19 10:26:52,944 [pool-38-thread-1] INFO  server.RaftServerConfigKeys (ConfUtils.java:logGet(43)) - raft.server.snapshot.auto.trigger.threshold = 10000 (custom)
2019-09-19 10:26:52,944 [pool-38-thread-1] INFO  server.RaftServerConfigKeys (ConfUtils.java:logGet(43)) - raft.server.retrycache.expirytime = 600000ms (custom)
2019-09-19 10:26:52,944 [pool-38-thread-1] INFO  impl.RaftServerImpl (RaftServerImpl.java:start(180)) - df1b99cc-36f2-45b6-8e95-51c50e156f0b: start group-433F89414E38
2019-09-19 10:26:52,944 [pool-38-thread-1] INFO  impl.RaftServerImpl (RaftServerImpl.java:setRole(171)) - df1b99cc-36f2-45b6-8e95-51c50e156f0b:group-433F89414E38 changes role from null to FOLLOWER at term 0 for startAsFollower
2019-09-19 10:26:52,944 [pool-38-thread-1] INFO  impl.RoleInfo (RoleInfo.java:updateAndGet(143)) - df1b99cc-36f2-45b6-8e95-51c50e156f0b: start FollowerState
2019-09-19 10:26:52,945 [pool-38-thread-1] INFO  util.JmxRegister (JmxRegister.java:tryRegister(44)) - Successfully registered JMX Bean with object name Ratis:service=RaftServer,group=group-433F89414E38,id=df1b99cc-36f2-45b6-8e95-51c50e156f0b
2019-09-19 10:26:52,971 [RatisPipelineUtilsThread] INFO  pipeline.PipelineStateManager (PipelineStateManager.java:addPipeline(56)) - Created pipeline Pipeline[ Id: fb7e6908-be1a-4b04-b985-433f89414e38, Nodes: df1b99cc-36f2-45b6-8e95-51c50e156f0b{ip: 192.168.157.204, host: pr-hdds-1569-cpgw4-1311585219, networkLocation: /default-rack, certSerialId: null}, Type:RATIS, Factor:ONE, State:OPEN]
2019-09-19 10:26:52,992 [grpc-default-executor-0] INFO  impl.RaftServerProxy (RaftServerProxy.java:addNew(89)) - f4f61464-0bdf-492b-ac84-d659f01f9139: addNew group-FB90D38A8AAB:[f4f61464-0bdf-492b-ac84-d659f01f9139:192.168.157.204:35376] returns group-FB90D38A8AAB:java.util.concurrent.CompletableFuture@7aa13608[Not completed]
2019-09-19 10:26:52,993 [pool-27-thread-1] INFO  impl.RaftServerImpl (RaftServerImpl.java:<init>(93)) - f4f61464-0bdf-492b-ac84-d659f01f9139: new RaftServerImpl for group-FB90D38A8AAB:[f4f61464-0bdf-492b-ac84-d659f01f9139:192.168.157.204:35376] with ContainerStateMachine:uninitialized
2019-09-19 10:26:52,993 [pool-27-thread-1] INFO  server.RaftServerConfigKeys (ConfUtils.java:logGet(43)) - raft.server.rpc.timeout.min = 5s (custom)
2019-09-19 10:26:52,994 [pool-27-thread-1] INFO  server.RaftServerConfigKeys (ConfUtils.java:logGet(43)) - raft.server.rpc.timeout.max = 5200ms (custom)
2019-09-19 10:26:52,994 [pool-27-thread-1] INFO  server.RaftServerConfigKeys (ConfUtils.java:logGet(43)) - raft.server.rpcslowness.timeout = 120s (custom)
2019-09-19 10:26:52,994 [pool-27-thread-1] INFO  server.RaftServerConfigKeys (ConfUtils.java:logGet(43)) - raft.server.sleep.deviation.threshold = 300 (default)
2019-09-19 10:26:52,994 [pool-27-thread-1] INFO  server.RaftServerConfigKeys (ConfUtils.java:logGet(43)) - raft.server.log.appender.install.snapshot.enabled = false (custom)
2019-09-19 10:26:52,994 [pool-27-thread-1] INFO  impl.RaftServerImpl (ServerState.java:<init>(105)) - f4f61464-0bdf-492b-ac84-d659f01f9139:group-FB90D38A8AAB ConfigurationManager, init=-1: [f4f61464-0bdf-492b-ac84-d659f01f9139:192.168.157.204:35376], old=null, confs=<EMPTY_MAP>
2019-09-19 10:26:52,994 [pool-27-thread-1] INFO  server.RaftServerConfigKeys (ConfUtils.java:logGet(43)) - raft.server.storage.dir = [/workdir/hadoop-ozone/ozonefs/target/test-dir/MiniOzoneClusterImpl-c4ccaed8-e682-4870-947c-cf1864f77c00/datanode-0/data/ratis] (custom)
2019-09-19 10:26:52,995 [pool-27-thread-1] INFO  storage.RaftStorageDirectory (RaftStorageDirectory.java:analyzeStorage(246)) - The storage directory /workdir/hadoop-ozone/ozonefs/target/test-dir/MiniOzoneClusterImpl-c4ccaed8-e682-4870-947c-cf1864f77c00/datanode-0/data/ratis/426b2697-c1be-4543-a9e7-fb90d38a8aab does not exist. Creating ...
2019-09-19 10:26:53,020 | INFO  | SCMAudit | user=jenkins1000 | ip=192.168.157.204 | op=SEND_HEARTBEAT {datanodeUUID=df1b99cc-36f2-45b6-8e95-51c50e156f0b, command=[]} | ret=SUCCESS |  
2019-09-19 10:26:53,045 [main] INFO  ozone.MiniOzoneClusterImpl (MiniOzoneClusterImpl.java:lambda$waitForClusterToBeReady$0(142)) - Cluster is ready. Got 10 of 10 DN Heartbeats.
2019-09-19 10:26:53,114 | INFO  | SCMAudit | user=jenkins1000 | ip=192.168.157.204 | op=SEND_HEARTBEAT {datanodeUUID=9c1babfd-24b9-43b5-a670-4d0e2dc3eec4, command=[]} | ret=SUCCESS |  
2019-09-19 10:26:53,179 [pool-27-thread-1] INFO  storage.RaftStorageDirectory (RaftStorageDirectory.java:tryLock(328)) - Lock on /workdir/hadoop-ozone/ozonefs/target/test-dir/MiniOzoneClusterImpl-c4ccaed8-e682-4870-947c-cf1864f77c00/datanode-0/data/ratis/426b2697-c1be-4543-a9e7-fb90d38a8aab/in_use.lock acquired by nodename 26715@pr-hdds-1569-cpgw4-1311585219
2019-09-19 10:26:53,193 [pool-27-thread-1] INFO  storage.RaftStorage (RaftStorage.java:format(72)) - Storage directory /workdir/hadoop-ozone/ozonefs/target/test-dir/MiniOzoneClusterImpl-c4ccaed8-e682-4870-947c-cf1864f77c00/datanode-0/data/ratis/426b2697-c1be-4543-a9e7-fb90d38a8aab has been successfully formatted.
2019-09-19 10:26:53,194 [pool-27-thread-1] INFO  ratis.ContainerStateMachine (ContainerStateMachine.java:loadSnapshot(226)) - group-FB90D38A8AAB: The snapshot info is null. Setting the last applied indexto:(t:0, i:~)
2019-09-19 10:26:53,194 [pool-27-thread-1] INFO  server.RaftServerConfigKeys (ConfUtils.java:logGet(43)) - raft.server.leader.election.timeout = 120s (custom)
2019-09-19 10:26:53,194 [pool-27-thread-1] INFO  server.RaftServerConfigKeys (ConfUtils.java:logGet(43)) - raft.server.log.use.memory = false (default)
2019-09-19 10:26:53,194 [pool-27-thread-1] INFO  server.RaftServerConfigKeys (ConfUtils.java:logGet(43)) - raft.server.log.purge.gap = 1000000 (custom)
2019-09-19 10:26:53,194 [pool-27-thread-1] INFO  server.RaftServerConfigKeys (ConfUtils.java:logGet(43)) - raft.server.log.appender.buffer.byte-limit = 33554432 (custom)
2019-09-19 10:26:53,194 [pool-27-thread-1] INFO  server.RaftServerConfigKeys (ConfUtils.java:logGet(43)) - raft.server.log.segment.size.max = 1048576 (custom)
2019-09-19 10:26:53,194 [pool-27-thread-1] INFO  server.RaftServerConfigKeys (ConfUtils.java:logGet(43)) - raft.server.log.segment.cache.num.max = 2 (custom)
2019-09-19 10:26:53,194 [pool-27-thread-1] INFO  segmented.SegmentedRaftLogWorker (SegmentedRaftLogWorker.java:<init>(172)) - new f4f61464-0bdf-492b-ac84-d659f01f9139-SegmentedRaftLogWorker:Storage Directory /workdir/hadoop-ozone/ozonefs/target/test-dir/MiniOzoneClusterImpl-c4ccaed8-e682-4870-947c-cf1864f77c00/datanode-0/data/ratis/426b2697-c1be-4543-a9e7-fb90d38a8aab for RaftStorage:Storage Directory /workdir/hadoop-ozone/ozonefs/target/test-dir/MiniOzoneClusterImpl-c4ccaed8-e682-4870-947c-cf1864f77c00/datanode-0/data/ratis/426b2697-c1be-4543-a9e7-fb90d38a8aab
2019-09-19 10:26:53,195 [pool-27-thread-1] INFO  server.RaftServerConfigKeys (ConfUtils.java:logGet(43)) - raft.server.log.queue.byte-limit = 2147483647 (custom)
2019-09-19 10:26:53,195 [pool-27-thread-1] INFO  server.RaftServerConfigKeys (ConfUtils.java:logGet(43)) - raft.server.log.queue.element-limit = 1024 (custom)
2019-09-19 10:26:53,195 [pool-27-thread-1] INFO  server.RaftServerConfigKeys (ConfUtils.java:logGet(43)) - raft.server.log.segment.size.max = 1048576 (custom)
2019-09-19 10:26:53,195 [pool-27-thread-1] INFO  server.RaftServerConfigKeys (ConfUtils.java:logGet(43)) - raft.server.log.preallocated.size = 16384 (custom)
2019-09-19 10:26:53,195 [pool-27-thread-1] INFO  server.RaftServerConfigKeys (ConfUtils.java:logGet(43)) - raft.server.log.write.buffer.size = 33554432 (custom)
2019-09-19 10:26:53,195 [pool-27-thread-1] INFO  server.RaftServerConfigKeys (ConfUtils.java:logGet(43)) - raft.server.log.force.sync.num = 128 (default)
2019-09-19 10:26:53,195 [pool-27-thread-1] INFO  server.RaftServerConfigKeys (ConfUtils.java:logGet(43)) - raft.server.log.statemachine.data.sync = true (default)
2019-09-19 10:26:53,195 [pool-27-thread-1] INFO  server.RaftServerConfigKeys (ConfUtils.java:logGet(43)) - raft.server.log.statemachine.data.sync.timeout = 10s (default)
2019-09-19 10:26:53,196 [pool-27-thread-1] INFO  server.RaftServerConfigKeys (ConfUtils.java:logGet(43)) - raft.server.log.statemachine.data.sync.timeout.retry = -1 (default)
2019-09-19 10:26:53,196 [pool-27-thread-1] INFO  server.RaftServerConfigKeys (ConfUtils.java:logGet(43)) - raft.server.log.statemachine.data.caching.enabled = true (custom)
2019-09-19 10:26:53,205 [pool-27-thread-1] INFO  segmented.SegmentedRaftLogWorker (SegmentedRaftLogWorker.java:lambda$new$0(132)) - f4f61464-0bdf-492b-ac84-d659f01f9139-SegmentedRaftLogWorker:Storage Directory /workdir/hadoop-ozone/ozonefs/target/test-dir/MiniOzoneClusterImpl-c4ccaed8-e682-4870-947c-cf1864f77c00/datanode-0/data/ratis/426b2697-c1be-4543-a9e7-fb90d38a8aab: flushIndex: setUnconditionally 0 -> -1
2019-09-19 10:26:53,205 [pool-27-thread-1] INFO  server.RaftServerConfigKeys (ConfUtils.java:logGet(43)) - raft.server.snapshot.auto.trigger.enabled = true (custom)
2019-09-19 10:26:53,205 [pool-27-thread-1] INFO  server.RaftServerConfigKeys (ConfUtils.java:logGet(43)) - raft.server.snapshot.auto.trigger.threshold = 10000 (custom)
2019-09-19 10:26:53,205 [pool-27-thread-1] INFO  server.RaftServerConfigKeys (ConfUtils.java:logGet(43)) - raft.server.retrycache.expirytime = 600000ms (custom)
2019-09-19 10:26:53,205 [pool-27-thread-1] INFO  impl.RaftServerImpl (RaftServerImpl.java:start(180)) - f4f61464-0bdf-492b-ac84-d659f01f9139: start group-FB90D38A8AAB
2019-09-19 10:26:53,206 [pool-27-thread-1] INFO  impl.RaftServerImpl (RaftServerImpl.java:setRole(171)) - f4f61464-0bdf-492b-ac84-d659f01f9139:group-FB90D38A8AAB changes role from null to FOLLOWER at term 0 for startAsFollower
2019-09-19 10:26:53,206 [pool-27-thread-1] INFO  impl.RoleInfo (RoleInfo.java:updateAndGet(143)) - f4f61464-0bdf-492b-ac84-d659f01f9139: start FollowerState
2019-09-19 10:26:53,206 [pool-27-thread-1] INFO  util.JmxRegister (JmxRegister.java:tryRegister(44)) - Successfully registered JMX Bean with object name Ratis:service=RaftServer,group=group-FB90D38A8AAB,id=f4f61464-0bdf-492b-ac84-d659f01f9139
2019-09-19 10:26:53,224 [RatisPipelineUtilsThread] INFO  pipeline.PipelineStateManager (PipelineStateManager.java:addPipeline(56)) - Created pipeline Pipeline[ Id: 426b2697-c1be-4543-a9e7-fb90d38a8aab, Nodes: f4f61464-0bdf-492b-ac84-d659f01f9139{ip: 192.168.157.204, host: pr-hdds-1569-cpgw4-1311585219, networkLocation: /default-rack, certSerialId: null}, Type:RATIS, Factor:ONE, State:OPEN]
2019-09-19 10:26:53,241 [grpc-default-executor-0] INFO  impl.RaftServerProxy (RaftServerProxy.java:addNew(89)) - 39513c05-534c-4cc1-a39c-034925eb3fe7: addNew group-804E09E8EC8A:[39513c05-534c-4cc1-a39c-034925eb3fe7:192.168.157.204:32932] returns group-804E09E8EC8A:java.util.concurrent.CompletableFuture@766dc91c[Not completed]
2019-09-19 10:26:53,243 [pool-126-thread-1] INFO  impl.RaftServerImpl (RaftServerImpl.java:<init>(93)) - 39513c05-534c-4cc1-a39c-034925eb3fe7: new RaftServerImpl for group-804E09E8EC8A:[39513c05-534c-4cc1-a39c-034925eb3fe7:192.168.157.204:32932] with ContainerStateMachine:uninitialized
2019-09-19 10:26:53,245 [pool-126-thread-1] INFO  server.RaftServerConfigKeys (ConfUtils.java:logGet(43)) - raft.server.rpc.timeout.min = 5s (custom)
2019-09-19 10:26:53,245 [pool-126-thread-1] INFO  server.RaftServerConfigKeys (ConfUtils.java:logGet(43)) - raft.server.rpc.timeout.max = 5200ms (custom)
2019-09-19 10:26:53,245 [pool-126-thread-1] INFO  server.RaftServerConfigKeys (ConfUtils.java:logGet(43)) - raft.server.rpcslowness.timeout = 120s (custom)
2019-09-19 10:26:53,245 [pool-126-thread-1] INFO  server.RaftServerConfigKeys (ConfUtils.java:logGet(43)) - raft.server.sleep.deviation.threshold = 300 (default)
2019-09-19 10:26:53,245 [pool-126-thread-1] INFO  server.RaftServerConfigKeys (ConfUtils.java:logGet(43)) - raft.server.log.appender.install.snapshot.enabled = false (custom)
2019-09-19 10:26:53,245 [pool-126-thread-1] INFO  impl.RaftServerImpl (ServerState.java:<init>(105)) - 39513c05-534c-4cc1-a39c-034925eb3fe7:group-804E09E8EC8A ConfigurationManager, init=-1: [39513c05-534c-4cc1-a39c-034925eb3fe7:192.168.157.204:32932], old=null, confs=<EMPTY_MAP>
2019-09-19 10:26:53,246 [pool-126-thread-1] INFO  server.RaftServerConfigKeys (ConfUtils.java:logGet(43)) - raft.server.storage.dir = [/workdir/hadoop-ozone/ozonefs/target/test-dir/MiniOzoneClusterImpl-c4ccaed8-e682-4870-947c-cf1864f77c00/datanode-9/data/ratis] (custom)
2019-09-19 10:26:53,246 [pool-126-thread-1] INFO  storage.RaftStorageDirectory (RaftStorageDirectory.java:analyzeStorage(246)) - The storage directory /workdir/hadoop-ozone/ozonefs/target/test-dir/MiniOzoneClusterImpl-c4ccaed8-e682-4870-947c-cf1864f77c00/datanode-9/data/ratis/ceb512e5-ac14-414a-8fcb-804e09e8ec8a does not exist. Creating ...
2019-09-19 10:26:53,292 [pool-126-thread-1] INFO  storage.RaftStorageDirectory (RaftStorageDirectory.java:tryLock(328)) - Lock on /workdir/hadoop-ozone/ozonefs/target/test-dir/MiniOzoneClusterImpl-c4ccaed8-e682-4870-947c-cf1864f77c00/datanode-9/data/ratis/ceb512e5-ac14-414a-8fcb-804e09e8ec8a/in_use.lock acquired by nodename 26715@pr-hdds-1569-cpgw4-1311585219
2019-09-19 10:26:53,305 [pool-126-thread-1] INFO  storage.RaftStorage (RaftStorage.java:format(72)) - Storage directory /workdir/hadoop-ozone/ozonefs/target/test-dir/MiniOzoneClusterImpl-c4ccaed8-e682-4870-947c-cf1864f77c00/datanode-9/data/ratis/ceb512e5-ac14-414a-8fcb-804e09e8ec8a has been successfully formatted.
2019-09-19 10:26:53,306 [pool-126-thread-1] INFO  ratis.ContainerStateMachine (ContainerStateMachine.java:loadSnapshot(226)) - group-804E09E8EC8A: The snapshot info is null. Setting the last applied indexto:(t:0, i:~)
2019-09-19 10:26:53,306 [pool-126-thread-1] INFO  server.RaftServerConfigKeys (ConfUtils.java:logGet(43)) - raft.server.leader.election.timeout = 120s (custom)
2019-09-19 10:26:53,306 [pool-126-thread-1] INFO  server.RaftServerConfigKeys (ConfUtils.java:logGet(43)) - raft.server.log.use.memory = false (default)
2019-09-19 10:26:53,306 [pool-126-thread-1] INFO  server.RaftServerConfigKeys (ConfUtils.java:logGet(43)) - raft.server.log.purge.gap = 1000000 (custom)
2019-09-19 10:26:53,306 [pool-126-thread-1] INFO  server.RaftServerConfigKeys (ConfUtils.java:logGet(43)) - raft.server.log.appender.buffer.byte-limit = 33554432 (custom)
2019-09-19 10:26:53,307 [pool-126-thread-1] INFO  server.RaftServerConfigKeys (ConfUtils.java:logGet(43)) - raft.server.log.segment.size.max = 1048576 (custom)
2019-09-19 10:26:53,307 [pool-126-thread-1] INFO  server.RaftServerConfigKeys (ConfUtils.java:logGet(43)) - raft.server.log.segment.cache.num.max = 2 (custom)
2019-09-19 10:26:53,307 [pool-126-thread-1] INFO  segmented.SegmentedRaftLogWorker (SegmentedRaftLogWorker.java:<init>(172)) - new 39513c05-534c-4cc1-a39c-034925eb3fe7-SegmentedRaftLogWorker:Storage Directory /workdir/hadoop-ozone/ozonefs/target/test-dir/MiniOzoneClusterImpl-c4ccaed8-e682-4870-947c-cf1864f77c00/datanode-9/data/ratis/ceb512e5-ac14-414a-8fcb-804e09e8ec8a for RaftStorage:Storage Directory /workdir/hadoop-ozone/ozonefs/target/test-dir/MiniOzoneClusterImpl-c4ccaed8-e682-4870-947c-cf1864f77c00/datanode-9/data/ratis/ceb512e5-ac14-414a-8fcb-804e09e8ec8a
2019-09-19 10:26:53,307 [pool-126-thread-1] INFO  server.RaftServerConfigKeys (ConfUtils.java:logGet(43)) - raft.server.log.queue.byte-limit = 2147483647 (custom)
2019-09-19 10:26:53,307 [pool-126-thread-1] INFO  server.RaftServerConfigKeys (ConfUtils.java:logGet(43)) - raft.server.log.queue.element-limit = 1024 (custom)
2019-09-19 10:26:53,308 [pool-126-thread-1] INFO  server.RaftServerConfigKeys (ConfUtils.java:logGet(43)) - raft.server.log.segment.size.max = 1048576 (custom)
2019-09-19 10:26:53,308 [pool-126-thread-1] INFO  server.RaftServerConfigKeys (ConfUtils.java:logGet(43)) - raft.server.log.preallocated.size = 16384 (custom)
2019-09-19 10:26:53,308 [pool-126-thread-1] INFO  server.RaftServerConfigKeys (ConfUtils.java:logGet(43)) - raft.server.log.write.buffer.size = 33554432 (custom)
2019-09-19 10:26:53,308 [pool-126-thread-1] INFO  server.RaftServerConfigKeys (ConfUtils.java:logGet(43)) - raft.server.log.force.sync.num = 128 (default)
2019-09-19 10:26:53,308 [pool-126-thread-1] INFO  server.RaftServerConfigKeys (ConfUtils.java:logGet(43)) - raft.server.log.statemachine.data.sync = true (default)
2019-09-19 10:26:53,309 [pool-126-thread-1] INFO  server.RaftServerConfigKeys (ConfUtils.java:logGet(43)) - raft.server.log.statemachine.data.sync.timeout = 10s (default)
2019-09-19 10:26:53,309 [pool-126-thread-1] INFO  server.RaftServerConfigKeys (ConfUtils.java:logGet(43)) - raft.server.log.statemachine.data.sync.timeout.retry = -1 (default)
2019-09-19 10:26:53,309 [pool-126-thread-1] INFO  server.RaftServerConfigKeys (ConfUtils.java:logGet(43)) - raft.server.log.statemachine.data.caching.enabled = true (custom)
2019-09-19 10:26:53,310 [pool-126-thread-1] INFO  segmented.SegmentedRaftLogWorker (SegmentedRaftLogWorker.java:lambda$new$0(132)) - 39513c05-534c-4cc1-a39c-034925eb3fe7-SegmentedRaftLogWorker:Storage Directory /workdir/hadoop-ozone/ozonefs/target/test-dir/MiniOzoneClusterImpl-c4ccaed8-e682-4870-947c-cf1864f77c00/datanode-9/data/ratis/ceb512e5-ac14-414a-8fcb-804e09e8ec8a: flushIndex: setUnconditionally 0 -> -1
2019-09-19 10:26:53,310 [pool-126-thread-1] INFO  server.RaftServerConfigKeys (ConfUtils.java:logGet(43)) - raft.server.snapshot.auto.trigger.enabled = true (custom)
2019-09-19 10:26:53,310 [pool-126-thread-1] INFO  server.RaftServerConfigKeys (ConfUtils.java:logGet(43)) - raft.server.snapshot.auto.trigger.threshold = 10000 (custom)
2019-09-19 10:26:53,310 [pool-126-thread-1] INFO  server.RaftServerConfigKeys (ConfUtils.java:logGet(43)) - raft.server.retrycache.expirytime = 600000ms (custom)
2019-09-19 10:26:53,311 [pool-126-thread-1] INFO  impl.RaftServerImpl (RaftServerImpl.java:start(180)) - 39513c05-534c-4cc1-a39c-034925eb3fe7: start group-804E09E8EC8A
2019-09-19 10:26:53,311 [pool-126-thread-1] INFO  impl.RaftServerImpl (RaftServerImpl.java:setRole(171)) - 39513c05-534c-4cc1-a39c-034925eb3fe7:group-804E09E8EC8A changes role from null to FOLLOWER at term 0 for startAsFollower
2019-09-19 10:26:53,311 [pool-126-thread-1] INFO  impl.RoleInfo (RoleInfo.java:updateAndGet(143)) - 39513c05-534c-4cc1-a39c-034925eb3fe7: start FollowerState
2019-09-19 10:26:53,311 [pool-126-thread-1] INFO  util.JmxRegister (JmxRegister.java:tryRegister(44)) - Successfully registered JMX Bean with object name Ratis:service=RaftServer,group=group-804E09E8EC8A,id=39513c05-534c-4cc1-a39c-034925eb3fe7
2019-09-19 10:26:53,329 [RatisPipelineUtilsThread] INFO  pipeline.PipelineStateManager (PipelineStateManager.java:addPipeline(56)) - Created pipeline Pipeline[ Id: ceb512e5-ac14-414a-8fcb-804e09e8ec8a, Nodes: 39513c05-534c-4cc1-a39c-034925eb3fe7{ip: 192.168.157.204, host: pr-hdds-1569-cpgw4-1311585219, networkLocation: /default-rack, certSerialId: null}, Type:RATIS, Factor:ONE, State:OPEN]
2019-09-19 10:26:53,346 [grpc-default-executor-0] INFO  impl.RaftServerProxy (RaftServerProxy.java:addNew(89)) - 1692dd7e-eca0-4ee0-be13-a7fe013a1be4: addNew group-EA89ADAD879E:[1692dd7e-eca0-4ee0-be13-a7fe013a1be4:192.168.157.204:39330] returns group-EA89ADAD879E:java.util.concurrent.CompletableFuture@4cbd8237[Not completed]
2019-09-19 10:26:53,349 | INFO  | SCMAudit | user=jenkins1000 | ip=192.168.157.204 | op=SEND_HEARTBEAT {datanodeUUID=8b25b6fb-e7f9-4ea8-8d7d-823d8ea82140, command=[]} | ret=SUCCESS |  
2019-09-19 10:26:53,354 [pool-60-thread-1] INFO  impl.RaftServerImpl (RaftServerImpl.java:<init>(93)) - 1692dd7e-eca0-4ee0-be13-a7fe013a1be4: new RaftServerImpl for group-EA89ADAD879E:[1692dd7e-eca0-4ee0-be13-a7fe013a1be4:192.168.157.204:39330] with ContainerStateMachine:uninitialized
2019-09-19 10:26:53,354 [pool-60-thread-1] INFO  server.RaftServerConfigKeys (ConfUtils.java:logGet(43)) - raft.server.rpc.timeout.min = 5s (custom)
2019-09-19 10:26:53,354 [pool-60-thread-1] INFO  server.RaftServerConfigKeys (ConfUtils.java:logGet(43)) - raft.server.rpc.timeout.max = 5200ms (custom)
2019-09-19 10:26:53,355 [pool-60-thread-1] INFO  server.RaftServerConfigKeys (ConfUtils.java:logGet(43)) - raft.server.rpcslowness.timeout = 120s (custom)
2019-09-19 10:26:53,355 [pool-60-thread-1] INFO  server.RaftServerConfigKeys (ConfUtils.java:logGet(43)) - raft.server.sleep.deviation.threshold = 300 (default)
2019-09-19 10:26:53,355 [pool-60-thread-1] INFO  server.RaftServerConfigKeys (ConfUtils.java:logGet(43)) - raft.server.log.appender.install.snapshot.enabled = false (custom)
2019-09-19 10:26:53,355 [pool-60-thread-1] INFO  impl.RaftServerImpl (ServerState.java:<init>(105)) - 1692dd7e-eca0-4ee0-be13-a7fe013a1be4:group-EA89ADAD879E ConfigurationManager, init=-1: [1692dd7e-eca0-4ee0-be13-a7fe013a1be4:192.168.157.204:39330], old=null, confs=<EMPTY_MAP>
2019-09-19 10:26:53,355 [pool-60-thread-1] INFO  server.RaftServerConfigKeys (ConfUtils.java:logGet(43)) - raft.server.storage.dir = [/workdir/hadoop-ozone/ozonefs/target/test-dir/MiniOzoneClusterImpl-c4ccaed8-e682-4870-947c-cf1864f77c00/datanode-3/data/ratis] (custom)
2019-09-19 10:26:53,355 [pool-60-thread-1] INFO  storage.RaftStorageDirectory (RaftStorageDirectory.java:analyzeStorage(246)) - The storage directory /workdir/hadoop-ozone/ozonefs/target/test-dir/MiniOzoneClusterImpl-c4ccaed8-e682-4870-947c-cf1864f77c00/datanode-3/data/ratis/7d977f07-7943-4f68-8338-ea89adad879e does not exist. Creating ...
2019-09-19 10:26:53,445 | INFO  | OMAudit | user=jenkins1000 | ip=127.0.0.1 | op=CREATE_VOLUME {admin=admin41867, owner=user81314, volume=volume23381, creationTime=1568888813441, quotaInBytes=1152921504606846976} | ret=SUCCESS |  
2019-09-19 10:26:53,487 | INFO  | OMAudit | user=jenkins1000 | ip=127.0.0.1 | op=CREATE_BUCKET {volume=volume23381, bucket=bucket96715, acls=[], isVersionEnabled=false, storageType=DISK, creationTime=0} | ret=SUCCESS |  
2019-09-19 10:26:53,581 | INFO  | SCMAudit | user=jenkins1000 | ip=192.168.157.204 | op=SEND_HEARTBEAT {datanodeUUID=c972e26d-e03f-48a1-a9e9-2dea9337c66d, command=[]} | ret=SUCCESS |  
2019-09-19 10:26:53,675 [pool-60-thread-1] INFO  storage.RaftStorageDirectory (RaftStorageDirectory.java:tryLock(328)) - Lock on /workdir/hadoop-ozone/ozonefs/target/test-dir/MiniOzoneClusterImpl-c4ccaed8-e682-4870-947c-cf1864f77c00/datanode-3/data/ratis/7d977f07-7943-4f68-8338-ea89adad879e/in_use.lock acquired by nodename 26715@pr-hdds-1569-cpgw4-1311585219
2019-09-19 10:26:53,701 | INFO  | OMAudit | user=jenkins1000 | ip=127.0.0.1 | op=READ_VOLUME {volume=volume23381} | ret=SUCCESS |  
2019-09-19 10:26:53,712 | INFO  | OMAudit | user=jenkins1000 | ip=127.0.0.1 | op=READ_BUCKET {volume=volume23381, bucket=bucket96715} | ret=SUCCESS |  
2019-09-19 10:26:53,715 | INFO  | SCMAudit | user=jenkins1000 | ip=192.168.157.204 | op=SEND_HEARTBEAT {datanodeUUID=f4f61464-0bdf-492b-ac84-d659f01f9139, command=[]} | ret=SUCCESS |  
2019-09-19 10:26:53,823 | INFO  | SCMAudit | user=jenkins1000 | ip=192.168.157.204 | op=SEND_HEARTBEAT {datanodeUUID=84c75018-969a-4fca-ac0f-34cccc99d928, command=[]} | ret=SUCCESS |  
2019-09-19 10:26:53,823 | INFO  | SCMAudit | user=jenkins1000 | ip=192.168.157.204 | op=SEND_HEARTBEAT {datanodeUUID=10ec1051-6571-4c90-b3f9-a3c2840a089b, command=[]} | ret=SUCCESS |  
2019-09-19 10:26:53,823 | INFO  | SCMAudit | user=jenkins1000 | ip=192.168.157.204 | op=SEND_HEARTBEAT {datanodeUUID=1692dd7e-eca0-4ee0-be13-a7fe013a1be4, command=[]} | ret=SUCCESS |  
2019-09-19 10:26:53,881 | INFO  | SCMAudit | user=jenkins1000 | ip=192.168.157.204 | op=SEND_HEARTBEAT {datanodeUUID=7e4b2fb6-17ca-4cf7-9c63-77c56d6e2e1f, command=[]} | ret=SUCCESS |  
2019-09-19 10:26:54,018 | INFO  | SCMAudit | user=jenkins1000 | ip=192.168.157.204 | op=SEND_HEARTBEAT {datanodeUUID=df1b99cc-36f2-45b6-8e95-51c50e156f0b, command=[]} | ret=SUCCESS |  
2019-09-19 10:26:54,032 [pool-60-thread-1] INFO  storage.RaftStorage (RaftStorage.java:format(72)) - Storage directory /workdir/hadoop-ozone/ozonefs/target/test-dir/MiniOzoneClusterImpl-c4ccaed8-e682-4870-947c-cf1864f77c00/datanode-3/data/ratis/7d977f07-7943-4f68-8338-ea89adad879e has been successfully formatted.
2019-09-19 10:26:54,033 [pool-60-thread-1] INFO  ratis.ContainerStateMachine (ContainerStateMachine.java:loadSnapshot(226)) - group-EA89ADAD879E: The snapshot info is null. Setting the last applied indexto:(t:0, i:~)
2019-09-19 10:26:54,033 [pool-60-thread-1] INFO  server.RaftServerConfigKeys (ConfUtils.java:logGet(43)) - raft.server.leader.election.timeout = 120s (custom)
2019-09-19 10:26:54,033 [pool-60-thread-1] INFO  server.RaftServerConfigKeys (ConfUtils.java:logGet(43)) - raft.server.log.use.memory = false (default)
2019-09-19 10:26:54,033 [pool-60-thread-1] INFO  server.RaftServerConfigKeys (ConfUtils.java:logGet(43)) - raft.server.log.purge.gap = 1000000 (custom)
2019-09-19 10:26:54,033 [pool-60-thread-1] INFO  server.RaftServerConfigKeys (ConfUtils.java:logGet(43)) - raft.server.log.appender.buffer.byte-limit = 33554432 (custom)
2019-09-19 10:26:54,033 [pool-60-thread-1] INFO  server.RaftServerConfigKeys (ConfUtils.java:logGet(43)) - raft.server.log.segment.size.max = 1048576 (custom)
2019-09-19 10:26:54,034 [pool-60-thread-1] INFO  server.RaftServerConfigKeys (ConfUtils.java:logGet(43)) - raft.server.log.segment.cache.num.max = 2 (custom)
2019-09-19 10:26:54,034 [pool-60-thread-1] INFO  segmented.SegmentedRaftLogWorker (SegmentedRaftLogWorker.java:<init>(172)) - new 1692dd7e-eca0-4ee0-be13-a7fe013a1be4-SegmentedRaftLogWorker:Storage Directory /workdir/hadoop-ozone/ozonefs/target/test-dir/MiniOzoneClusterImpl-c4ccaed8-e682-4870-947c-cf1864f77c00/datanode-3/data/ratis/7d977f07-7943-4f68-8338-ea89adad879e for RaftStorage:Storage Directory /workdir/hadoop-ozone/ozonefs/target/test-dir/MiniOzoneClusterImpl-c4ccaed8-e682-4870-947c-cf1864f77c00/datanode-3/data/ratis/7d977f07-7943-4f68-8338-ea89adad879e
2019-09-19 10:26:54,034 [pool-60-thread-1] INFO  server.RaftServerConfigKeys (ConfUtils.java:logGet(43)) - raft.server.log.queue.byte-limit = 2147483647 (custom)
2019-09-19 10:26:54,034 [pool-60-thread-1] INFO  server.RaftServerConfigKeys (ConfUtils.java:logGet(43)) - raft.server.log.queue.element-limit = 1024 (custom)
2019-09-19 10:26:54,034 [pool-60-thread-1] INFO  server.RaftServerConfigKeys (ConfUtils.java:logGet(43)) - raft.server.log.segment.size.max = 1048576 (custom)
2019-09-19 10:26:54,035 [pool-60-thread-1] INFO  server.RaftServerConfigKeys (ConfUtils.java:logGet(43)) - raft.server.log.preallocated.size = 16384 (custom)
2019-09-19 10:26:54,035 [pool-60-thread-1] INFO  server.RaftServerConfigKeys (ConfUtils.java:logGet(43)) - raft.server.log.write.buffer.size = 33554432 (custom)
2019-09-19 10:26:54,035 [pool-60-thread-1] INFO  server.RaftServerConfigKeys (ConfUtils.java:logGet(43)) - raft.server.log.force.sync.num = 128 (default)
2019-09-19 10:26:54,035 [pool-60-thread-1] INFO  server.RaftServerConfigKeys (ConfUtils.java:logGet(43)) - raft.server.log.statemachine.data.sync = true (default)
2019-09-19 10:26:54,035 [pool-60-thread-1] INFO  server.RaftServerConfigKeys (ConfUtils.java:logGet(43)) - raft.server.log.statemachine.data.sync.timeout = 10s (default)
2019-09-19 10:26:54,035 [pool-60-thread-1] INFO  server.RaftServerConfigKeys (ConfUtils.java:logGet(43)) - raft.server.log.statemachine.data.sync.timeout.retry = -1 (default)
2019-09-19 10:26:54,036 [pool-60-thread-1] INFO  server.RaftServerConfigKeys (ConfUtils.java:logGet(43)) - raft.server.log.statemachine.data.caching.enabled = true (custom)
2019-09-19 10:26:54,036 [pool-60-thread-1] INFO  segmented.SegmentedRaftLogWorker (SegmentedRaftLogWorker.java:lambda$new$0(132)) - 1692dd7e-eca0-4ee0-be13-a7fe013a1be4-SegmentedRaftLogWorker:Storage Directory /workdir/hadoop-ozone/ozonefs/target/test-dir/MiniOzoneClusterImpl-c4ccaed8-e682-4870-947c-cf1864f77c00/datanode-3/data/ratis/7d977f07-7943-4f68-8338-ea89adad879e: flushIndex: setUnconditionally 0 -> -1
2019-09-19 10:26:54,036 [pool-60-thread-1] INFO  server.RaftServerConfigKeys (ConfUtils.java:logGet(43)) - raft.server.snapshot.auto.trigger.enabled = true (custom)
2019-09-19 10:26:54,036 [pool-60-thread-1] INFO  server.RaftServerConfigKeys (ConfUtils.java:logGet(43)) - raft.server.snapshot.auto.trigger.threshold = 10000 (custom)
2019-09-19 10:26:54,037 [pool-60-thread-1] INFO  server.RaftServerConfigKeys (ConfUtils.java:logGet(43)) - raft.server.retrycache.expirytime = 600000ms (custom)
2019-09-19 10:26:54,037 [pool-60-thread-1] INFO  impl.RaftServerImpl (RaftServerImpl.java:start(180)) - 1692dd7e-eca0-4ee0-be13-a7fe013a1be4: start group-EA89ADAD879E
2019-09-19 10:26:54,037 [pool-60-thread-1] INFO  impl.RaftServerImpl (RaftServerImpl.java:setRole(171)) - 1692dd7e-eca0-4ee0-be13-a7fe013a1be4:group-EA89ADAD879E changes role from null to FOLLOWER at term 0 for startAsFollower
2019-09-19 10:26:54,037 [pool-60-thread-1] INFO  impl.RoleInfo (RoleInfo.java:updateAndGet(143)) - 1692dd7e-eca0-4ee0-be13-a7fe013a1be4: start FollowerState
2019-09-19 10:26:54,038 [pool-60-thread-1] INFO  util.JmxRegister (JmxRegister.java:tryRegister(44)) - Successfully registered JMX Bean with object name Ratis:service=RaftServer,group=group-EA89ADAD879E,id=1692dd7e-eca0-4ee0-be13-a7fe013a1be4
2019-09-19 10:26:54,045 | INFO  | SCMAudit | user=jenkins1000 | ip=192.168.157.204 | op=SEND_HEARTBEAT {datanodeUUID=39513c05-534c-4cc1-a39c-034925eb3fe7, command=[]} | ret=SUCCESS |  
2019-09-19 10:26:54,059 [RatisPipelineUtilsThread] INFO  pipeline.PipelineStateManager (PipelineStateManager.java:addPipeline(56)) - Created pipeline Pipeline[ Id: 7d977f07-7943-4f68-8338-ea89adad879e, Nodes: 1692dd7e-eca0-4ee0-be13-a7fe013a1be4{ip: 192.168.157.204, host: pr-hdds-1569-cpgw4-1311585219, networkLocation: /default-rack, certSerialId: null}, Type:RATIS, Factor:ONE, State:OPEN]
2019-09-19 10:26:54,081 [grpc-default-executor-0] INFO  impl.RaftServerProxy (RaftServerProxy.java:addNew(89)) - 7e4b2fb6-17ca-4cf7-9c63-77c56d6e2e1f: addNew group-AFD0634A818C:[7e4b2fb6-17ca-4cf7-9c63-77c56d6e2e1f:192.168.157.204:45021] returns group-AFD0634A818C:java.util.concurrent.CompletableFuture@75433ddd[Not completed]
2019-09-19 10:26:54,087 [pool-71-thread-1] INFO  impl.RaftServerImpl (RaftServerImpl.java:<init>(93)) - 7e4b2fb6-17ca-4cf7-9c63-77c56d6e2e1f: new RaftServerImpl for group-AFD0634A818C:[7e4b2fb6-17ca-4cf7-9c63-77c56d6e2e1f:192.168.157.204:45021] with ContainerStateMachine:uninitialized
2019-09-19 10:26:54,087 [pool-71-thread-1] INFO  server.RaftServerConfigKeys (ConfUtils.java:logGet(43)) - raft.server.rpc.timeout.min = 5s (custom)
2019-09-19 10:26:54,087 [pool-71-thread-1] INFO  server.RaftServerConfigKeys (ConfUtils.java:logGet(43)) - raft.server.rpc.timeout.max = 5200ms (custom)
2019-09-19 10:26:54,087 [pool-71-thread-1] INFO  server.RaftServerConfigKeys (ConfUtils.java:logGet(43)) - raft.server.rpcslowness.timeout = 120s (custom)
2019-09-19 10:26:54,088 [pool-71-thread-1] INFO  server.RaftServerConfigKeys (ConfUtils.java:logGet(43)) - raft.server.sleep.deviation.threshold = 300 (default)
2019-09-19 10:26:54,088 [pool-71-thread-1] INFO  server.RaftServerConfigKeys (ConfUtils.java:logGet(43)) - raft.server.log.appender.install.snapshot.enabled = false (custom)
2019-09-19 10:26:54,088 [pool-71-thread-1] INFO  impl.RaftServerImpl (ServerState.java:<init>(105)) - 7e4b2fb6-17ca-4cf7-9c63-77c56d6e2e1f:group-AFD0634A818C ConfigurationManager, init=-1: [7e4b2fb6-17ca-4cf7-9c63-77c56d6e2e1f:192.168.157.204:45021], old=null, confs=<EMPTY_MAP>
2019-09-19 10:26:54,088 [pool-71-thread-1] INFO  server.RaftServerConfigKeys (ConfUtils.java:logGet(43)) - raft.server.storage.dir = [/workdir/hadoop-ozone/ozonefs/target/test-dir/MiniOzoneClusterImpl-c4ccaed8-e682-4870-947c-cf1864f77c00/datanode-4/data/ratis] (custom)
2019-09-19 10:26:54,089 [pool-71-thread-1] INFO  storage.RaftStorageDirectory (RaftStorageDirectory.java:analyzeStorage(246)) - The storage directory /workdir/hadoop-ozone/ozonefs/target/test-dir/MiniOzoneClusterImpl-c4ccaed8-e682-4870-947c-cf1864f77c00/datanode-4/data/ratis/f1cd38d9-ddc3-449c-b47d-afd0634a818c does not exist. Creating ...
2019-09-19 10:26:54,095 [pool-71-thread-1] INFO  storage.RaftStorageDirectory (RaftStorageDirectory.java:tryLock(328)) - Lock on /workdir/hadoop-ozone/ozonefs/target/test-dir/MiniOzoneClusterImpl-c4ccaed8-e682-4870-947c-cf1864f77c00/datanode-4/data/ratis/f1cd38d9-ddc3-449c-b47d-afd0634a818c/in_use.lock acquired by nodename 26715@pr-hdds-1569-cpgw4-1311585219
2019-09-19 10:26:54,108 | INFO  | SCMAudit | user=jenkins1000 | ip=192.168.157.204 | op=SEND_HEARTBEAT {datanodeUUID=9c1babfd-24b9-43b5-a670-4d0e2dc3eec4, command=[]} | ret=SUCCESS |  
2019-09-19 10:26:54,273 [pool-71-thread-1] INFO  storage.RaftStorage (RaftStorage.java:format(72)) - Storage directory /workdir/hadoop-ozone/ozonefs/target/test-dir/MiniOzoneClusterImpl-c4ccaed8-e682-4870-947c-cf1864f77c00/datanode-4/data/ratis/f1cd38d9-ddc3-449c-b47d-afd0634a818c has been successfully formatted.
2019-09-19 10:26:54,273 [pool-71-thread-1] INFO  ratis.ContainerStateMachine (ContainerStateMachine.java:loadSnapshot(226)) - group-AFD0634A818C: The snapshot info is null. Setting the last applied indexto:(t:0, i:~)
2019-09-19 10:26:54,273 [pool-71-thread-1] INFO  server.RaftServerConfigKeys (ConfUtils.java:logGet(43)) - raft.server.leader.election.timeout = 120s (custom)
2019-09-19 10:26:54,274 [pool-71-thread-1] INFO  server.RaftServerConfigKeys (ConfUtils.java:logGet(43)) - raft.server.log.use.memory = false (default)
2019-09-19 10:26:54,274 [pool-71-thread-1] INFO  server.RaftServerConfigKeys (ConfUtils.java:logGet(43)) - raft.server.log.purge.gap = 1000000 (custom)
2019-09-19 10:26:54,274 [pool-71-thread-1] INFO  server.RaftServerConfigKeys (ConfUtils.java:logGet(43)) - raft.server.log.appender.buffer.byte-limit = 33554432 (custom)
2019-09-19 10:26:54,274 [pool-71-thread-1] INFO  server.RaftServerConfigKeys (ConfUtils.java:logGet(43)) - raft.server.log.segment.size.max = 1048576 (custom)
2019-09-19 10:26:54,274 [pool-71-thread-1] INFO  server.RaftServerConfigKeys (ConfUtils.java:logGet(43)) - raft.server.log.segment.cache.num.max = 2 (custom)
2019-09-19 10:26:54,275 [pool-71-thread-1] INFO  segmented.SegmentedRaftLogWorker (SegmentedRaftLogWorker.java:<init>(172)) - new 7e4b2fb6-17ca-4cf7-9c63-77c56d6e2e1f-SegmentedRaftLogWorker:Storage Directory /workdir/hadoop-ozone/ozonefs/target/test-dir/MiniOzoneClusterImpl-c4ccaed8-e682-4870-947c-cf1864f77c00/datanode-4/data/ratis/f1cd38d9-ddc3-449c-b47d-afd0634a818c for RaftStorage:Storage Directory /workdir/hadoop-ozone/ozonefs/target/test-dir/MiniOzoneClusterImpl-c4ccaed8-e682-4870-947c-cf1864f77c00/datanode-4/data/ratis/f1cd38d9-ddc3-449c-b47d-afd0634a818c
2019-09-19 10:26:54,275 [pool-71-thread-1] INFO  server.RaftServerConfigKeys (ConfUtils.java:logGet(43)) - raft.server.log.queue.byte-limit = 2147483647 (custom)
2019-09-19 10:26:54,275 [pool-71-thread-1] INFO  server.RaftServerConfigKeys (ConfUtils.java:logGet(43)) - raft.server.log.queue.element-limit = 1024 (custom)
2019-09-19 10:26:54,275 [pool-71-thread-1] INFO  server.RaftServerConfigKeys (ConfUtils.java:logGet(43)) - raft.server.log.segment.size.max = 1048576 (custom)
2019-09-19 10:26:54,275 [pool-71-thread-1] INFO  server.RaftServerConfigKeys (ConfUtils.java:logGet(43)) - raft.server.log.preallocated.size = 16384 (custom)
2019-09-19 10:26:54,276 [pool-71-thread-1] INFO  server.RaftServerConfigKeys (ConfUtils.java:logGet(43)) - raft.server.log.write.buffer.size = 33554432 (custom)
2019-09-19 10:26:54,276 [pool-71-thread-1] INFO  server.RaftServerConfigKeys (ConfUtils.java:logGet(43)) - raft.server.log.force.sync.num = 128 (default)
2019-09-19 10:26:54,276 [pool-71-thread-1] INFO  server.RaftServerConfigKeys (ConfUtils.java:logGet(43)) - raft.server.log.statemachine.data.sync = true (default)
2019-09-19 10:26:54,276 [pool-71-thread-1] INFO  server.RaftServerConfigKeys (ConfUtils.java:logGet(43)) - raft.server.log.statemachine.data.sync.timeout = 10s (default)
2019-09-19 10:26:54,276 [pool-71-thread-1] INFO  server.RaftServerConfigKeys (ConfUtils.java:logGet(43)) - raft.server.log.statemachine.data.sync.timeout.retry = -1 (default)
2019-09-19 10:26:54,277 [pool-71-thread-1] INFO  server.RaftServerConfigKeys (ConfUtils.java:logGet(43)) - raft.server.log.statemachine.data.caching.enabled = true (custom)
2019-09-19 10:26:54,277 [pool-71-thread-1] INFO  segmented.SegmentedRaftLogWorker (SegmentedRaftLogWorker.java:lambda$new$0(132)) - 7e4b2fb6-17ca-4cf7-9c63-77c56d6e2e1f-SegmentedRaftLogWorker:Storage Directory /workdir/hadoop-ozone/ozonefs/target/test-dir/MiniOzoneClusterImpl-c4ccaed8-e682-4870-947c-cf1864f77c00/datanode-4/data/ratis/f1cd38d9-ddc3-449c-b47d-afd0634a818c: flushIndex: setUnconditionally 0 -> -1
2019-09-19 10:26:54,277 [pool-71-thread-1] INFO  server.RaftServerConfigKeys (ConfUtils.java:logGet(43)) - raft.server.snapshot.auto.trigger.enabled = true (custom)
2019-09-19 10:26:54,278 [pool-71-thread-1] INFO  server.RaftServerConfigKeys (ConfUtils.java:logGet(43)) - raft.server.snapshot.auto.trigger.threshold = 10000 (custom)
2019-09-19 10:26:54,278 [pool-71-thread-1] INFO  server.RaftServerConfigKeys (ConfUtils.java:logGet(43)) - raft.server.retrycache.expirytime = 600000ms (custom)
2019-09-19 10:26:54,278 [pool-71-thread-1] INFO  impl.RaftServerImpl (RaftServerImpl.java:start(180)) - 7e4b2fb6-17ca-4cf7-9c63-77c56d6e2e1f: start group-AFD0634A818C
2019-09-19 10:26:54,278 [pool-71-thread-1] INFO  impl.RaftServerImpl (RaftServerImpl.java:setRole(171)) - 7e4b2fb6-17ca-4cf7-9c63-77c56d6e2e1f:group-AFD0634A818C changes role from null to FOLLOWER at term 0 for startAsFollower
2019-09-19 10:26:54,279 [pool-71-thread-1] INFO  impl.RoleInfo (RoleInfo.java:updateAndGet(143)) - 7e4b2fb6-17ca-4cf7-9c63-77c56d6e2e1f: start FollowerState
2019-09-19 10:26:54,279 [pool-71-thread-1] INFO  util.JmxRegister (JmxRegister.java:tryRegister(44)) - Successfully registered JMX Bean with object name Ratis:service=RaftServer,group=group-AFD0634A818C,id=7e4b2fb6-17ca-4cf7-9c63-77c56d6e2e1f
2019-09-19 10:26:54,294 [RatisPipelineUtilsThread] INFO  pipeline.PipelineStateManager (PipelineStateManager.java:addPipeline(56)) - Created pipeline Pipeline[ Id: f1cd38d9-ddc3-449c-b47d-afd0634a818c, Nodes: 7e4b2fb6-17ca-4cf7-9c63-77c56d6e2e1f{ip: 192.168.157.204, host: pr-hdds-1569-cpgw4-1311585219, networkLocation: /default-rack, certSerialId: null}, Type:RATIS, Factor:ONE, State:OPEN]
2019-09-19 10:26:54,316 [grpc-default-executor-0] INFO  impl.RaftServerProxy (RaftServerProxy.java:addNew(89)) - 9c1babfd-24b9-43b5-a670-4d0e2dc3eec4: addNew group-844A462BAE08:[9c1babfd-24b9-43b5-a670-4d0e2dc3eec4:192.168.157.204:39323] returns group-844A462BAE08:java.util.concurrent.CompletableFuture@3f90faf2[Not completed]
2019-09-19 10:26:54,322 [pool-82-thread-1] INFO  impl.RaftServerImpl (RaftServerImpl.java:<init>(93)) - 9c1babfd-24b9-43b5-a670-4d0e2dc3eec4: new RaftServerImpl for group-844A462BAE08:[9c1babfd-24b9-43b5-a670-4d0e2dc3eec4:192.168.157.204:39323] with ContainerStateMachine:uninitialized
2019-09-19 10:26:54,322 [pool-82-thread-1] INFO  server.RaftServerConfigKeys (ConfUtils.java:logGet(43)) - raft.server.rpc.timeout.min = 5s (custom)
2019-09-19 10:26:54,322 [pool-82-thread-1] INFO  server.RaftServerConfigKeys (ConfUtils.java:logGet(43)) - raft.server.rpc.timeout.max = 5200ms (custom)
2019-09-19 10:26:54,323 [pool-82-thread-1] INFO  server.RaftServerConfigKeys (ConfUtils.java:logGet(43)) - raft.server.rpcslowness.timeout = 120s (custom)
2019-09-19 10:26:54,323 [pool-82-thread-1] INFO  server.RaftServerConfigKeys (ConfUtils.java:logGet(43)) - raft.server.sleep.deviation.threshold = 300 (default)
2019-09-19 10:26:54,323 [pool-82-thread-1] INFO  server.RaftServerConfigKeys (ConfUtils.java:logGet(43)) - raft.server.log.appender.install.snapshot.enabled = false (custom)
2019-09-19 10:26:54,323 [pool-82-thread-1] INFO  impl.RaftServerImpl (ServerState.java:<init>(105)) - 9c1babfd-24b9-43b5-a670-4d0e2dc3eec4:group-844A462BAE08 ConfigurationManager, init=-1: [9c1babfd-24b9-43b5-a670-4d0e2dc3eec4:192.168.157.204:39323], old=null, confs=<EMPTY_MAP>
2019-09-19 10:26:54,324 [pool-82-thread-1] INFO  server.RaftServerConfigKeys (ConfUtils.java:logGet(43)) - raft.server.storage.dir = [/workdir/hadoop-ozone/ozonefs/target/test-dir/MiniOzoneClusterImpl-c4ccaed8-e682-4870-947c-cf1864f77c00/datanode-5/data/ratis] (custom)
2019-09-19 10:26:54,324 [pool-82-thread-1] INFO  storage.RaftStorageDirectory (RaftStorageDirectory.java:analyzeStorage(246)) - The storage directory /workdir/hadoop-ozone/ozonefs/target/test-dir/MiniOzoneClusterImpl-c4ccaed8-e682-4870-947c-cf1864f77c00/datanode-5/data/ratis/d42dc4b0-9e0b-471b-8d9b-844a462bae08 does not exist. Creating ...
2019-09-19 10:26:54,337 [pool-82-thread-1] INFO  storage.RaftStorageDirectory (RaftStorageDirectory.java:tryLock(328)) - Lock on /workdir/hadoop-ozone/ozonefs/target/test-dir/MiniOzoneClusterImpl-c4ccaed8-e682-4870-947c-cf1864f77c00/datanode-5/data/ratis/d42dc4b0-9e0b-471b-8d9b-844a462bae08/in_use.lock acquired by nodename 26715@pr-hdds-1569-cpgw4-1311585219
2019-09-19 10:26:54,347 | INFO  | SCMAudit | user=jenkins1000 | ip=192.168.157.204 | op=SEND_HEARTBEAT {datanodeUUID=8b25b6fb-e7f9-4ea8-8d7d-823d8ea82140, command=[]} | ret=SUCCESS |  
2019-09-19 10:26:54,351 [pool-82-thread-1] INFO  storage.RaftStorage (RaftStorage.java:format(72)) - Storage directory /workdir/hadoop-ozone/ozonefs/target/test-dir/MiniOzoneClusterImpl-c4ccaed8-e682-4870-947c-cf1864f77c00/datanode-5/data/ratis/d42dc4b0-9e0b-471b-8d9b-844a462bae08 has been successfully formatted.
2019-09-19 10:26:54,351 [pool-82-thread-1] INFO  ratis.ContainerStateMachine (ContainerStateMachine.java:loadSnapshot(226)) - group-844A462BAE08: The snapshot info is null. Setting the last applied indexto:(t:0, i:~)
2019-09-19 10:26:54,352 [pool-82-thread-1] INFO  server.RaftServerConfigKeys (ConfUtils.java:logGet(43)) - raft.server.leader.election.timeout = 120s (custom)
2019-09-19 10:26:54,352 [pool-82-thread-1] INFO  server.RaftServerConfigKeys (ConfUtils.java:logGet(43)) - raft.server.log.use.memory = false (default)
2019-09-19 10:26:54,352 [pool-82-thread-1] INFO  server.RaftServerConfigKeys (ConfUtils.java:logGet(43)) - raft.server.log.purge.gap = 1000000 (custom)
2019-09-19 10:26:54,352 [pool-82-thread-1] INFO  server.RaftServerConfigKeys (ConfUtils.java:logGet(43)) - raft.server.log.appender.buffer.byte-limit = 33554432 (custom)
2019-09-19 10:26:54,352 [pool-82-thread-1] INFO  server.RaftServerConfigKeys (ConfUtils.java:logGet(43)) - raft.server.log.segment.size.max = 1048576 (custom)
2019-09-19 10:26:54,353 [pool-82-thread-1] INFO  server.RaftServerConfigKeys (ConfUtils.java:logGet(43)) - raft.server.log.segment.cache.num.max = 2 (custom)
2019-09-19 10:26:54,353 [pool-82-thread-1] INFO  segmented.SegmentedRaftLogWorker (SegmentedRaftLogWorker.java:<init>(172)) - new 9c1babfd-24b9-43b5-a670-4d0e2dc3eec4-SegmentedRaftLogWorker:Storage Directory /workdir/hadoop-ozone/ozonefs/target/test-dir/MiniOzoneClusterImpl-c4ccaed8-e682-4870-947c-cf1864f77c00/datanode-5/data/ratis/d42dc4b0-9e0b-471b-8d9b-844a462bae08 for RaftStorage:Storage Directory /workdir/hadoop-ozone/ozonefs/target/test-dir/MiniOzoneClusterImpl-c4ccaed8-e682-4870-947c-cf1864f77c00/datanode-5/data/ratis/d42dc4b0-9e0b-471b-8d9b-844a462bae08
2019-09-19 10:26:54,353 [pool-82-thread-1] INFO  server.RaftServerConfigKeys (ConfUtils.java:logGet(43)) - raft.server.log.queue.byte-limit = 2147483647 (custom)
2019-09-19 10:26:54,353 [pool-82-thread-1] INFO  server.RaftServerConfigKeys (ConfUtils.java:logGet(43)) - raft.server.log.queue.element-limit = 1024 (custom)
2019-09-19 10:26:54,354 [pool-82-thread-1] INFO  server.RaftServerConfigKeys (ConfUtils.java:logGet(43)) - raft.server.log.segment.size.max = 1048576 (custom)
2019-09-19 10:26:54,354 [pool-82-thread-1] INFO  server.RaftServerConfigKeys (ConfUtils.java:logGet(43)) - raft.server.log.preallocated.size = 16384 (custom)
2019-09-19 10:26:54,354 [pool-82-thread-1] INFO  server.RaftServerConfigKeys (ConfUtils.java:logGet(43)) - raft.server.log.write.buffer.size = 33554432 (custom)
2019-09-19 10:26:54,354 [pool-82-thread-1] INFO  server.RaftServerConfigKeys (ConfUtils.java:logGet(43)) - raft.server.log.force.sync.num = 128 (default)
2019-09-19 10:26:54,355 [pool-82-thread-1] INFO  server.RaftServerConfigKeys (ConfUtils.java:logGet(43)) - raft.server.log.statemachine.data.sync = true (default)
2019-09-19 10:26:54,355 [pool-82-thread-1] INFO  server.RaftServerConfigKeys (ConfUtils.java:logGet(43)) - raft.server.log.statemachine.data.sync.timeout = 10s (default)
2019-09-19 10:26:54,355 [pool-82-thread-1] INFO  server.RaftServerConfigKeys (ConfUtils.java:logGet(43)) - raft.server.log.statemachine.data.sync.timeout.retry = -1 (default)
2019-09-19 10:26:54,355 [pool-82-thread-1] INFO  server.RaftServerConfigKeys (ConfUtils.java:logGet(43)) - raft.server.log.statemachine.data.caching.enabled = true (custom)
2019-09-19 10:26:54,356 [pool-82-thread-1] INFO  segmented.SegmentedRaftLogWorker (SegmentedRaftLogWorker.java:lambda$new$0(132)) - 9c1babfd-24b9-43b5-a670-4d0e2dc3eec4-SegmentedRaftLogWorker:Storage Directory /workdir/hadoop-ozone/ozonefs/target/test-dir/MiniOzoneClusterImpl-c4ccaed8-e682-4870-947c-cf1864f77c00/datanode-5/data/ratis/d42dc4b0-9e0b-471b-8d9b-844a462bae08: flushIndex: setUnconditionally 0 -> -1
2019-09-19 10:26:54,356 [pool-82-thread-1] INFO  server.RaftServerConfigKeys (ConfUtils.java:logGet(43)) - raft.server.snapshot.auto.trigger.enabled = true (custom)
2019-09-19 10:26:54,356 [pool-82-thread-1] INFO  server.RaftServerConfigKeys (ConfUtils.java:logGet(43)) - raft.server.snapshot.auto.trigger.threshold = 10000 (custom)
2019-09-19 10:26:54,357 [pool-82-thread-1] INFO  server.RaftServerConfigKeys (ConfUtils.java:logGet(43)) - raft.server.retrycache.expirytime = 600000ms (custom)
2019-09-19 10:26:54,357 [pool-82-thread-1] INFO  impl.RaftServerImpl (RaftServerImpl.java:start(180)) - 9c1babfd-24b9-43b5-a670-4d0e2dc3eec4: start group-844A462BAE08
2019-09-19 10:26:54,357 [pool-82-thread-1] INFO  impl.RaftServerImpl (RaftServerImpl.java:setRole(171)) - 9c1babfd-24b9-43b5-a670-4d0e2dc3eec4:group-844A462BAE08 changes role from null to FOLLOWER at term 0 for startAsFollower
2019-09-19 10:26:54,357 [pool-82-thread-1] INFO  impl.RoleInfo (RoleInfo.java:updateAndGet(143)) - 9c1babfd-24b9-43b5-a670-4d0e2dc3eec4: start FollowerState
2019-09-19 10:26:54,358 [pool-82-thread-1] INFO  util.JmxRegister (JmxRegister.java:tryRegister(44)) - Successfully registered JMX Bean with object name Ratis:service=RaftServer,group=group-844A462BAE08,id=9c1babfd-24b9-43b5-a670-4d0e2dc3eec4
2019-09-19 10:26:54,373 [RatisPipelineUtilsThread] INFO  pipeline.PipelineStateManager (PipelineStateManager.java:addPipeline(56)) - Created pipeline Pipeline[ Id: d42dc4b0-9e0b-471b-8d9b-844a462bae08, Nodes: 9c1babfd-24b9-43b5-a670-4d0e2dc3eec4{ip: 192.168.157.204, host: pr-hdds-1569-cpgw4-1311585219, networkLocation: /default-rack, certSerialId: null}, Type:RATIS, Factor:ONE, State:OPEN]
2019-09-19 10:26:54,395 [grpc-default-executor-0] INFO  impl.RaftServerProxy (RaftServerProxy.java:addNew(89)) - 7e4b2fb6-17ca-4cf7-9c63-77c56d6e2e1f: addNew group-166D5F82585E:[7e4b2fb6-17ca-4cf7-9c63-77c56d6e2e1f:192.168.157.204:45021] returns group-166D5F82585E:java.util.concurrent.CompletableFuture@7b9d0e7f[Not completed]
2019-09-19 10:26:54,396 [pool-71-thread-1] INFO  impl.RaftServerImpl (RaftServerImpl.java:<init>(93)) - 7e4b2fb6-17ca-4cf7-9c63-77c56d6e2e1f: new RaftServerImpl for group-166D5F82585E:[7e4b2fb6-17ca-4cf7-9c63-77c56d6e2e1f:192.168.157.204:45021] with ContainerStateMachine:uninitialized
2019-09-19 10:26:54,396 [pool-71-thread-1] INFO  server.RaftServerConfigKeys (ConfUtils.java:logGet(43)) - raft.server.rpc.timeout.min = 5s (custom)
2019-09-19 10:26:54,397 [pool-71-thread-1] INFO  server.RaftServerConfigKeys (ConfUtils.java:logGet(43)) - raft.server.rpc.timeout.max = 5200ms (custom)
2019-09-19 10:26:54,397 [pool-71-thread-1] INFO  server.RaftServerConfigKeys (ConfUtils.java:logGet(43)) - raft.server.rpcslowness.timeout = 120s (custom)
2019-09-19 10:26:54,397 [pool-71-thread-1] INFO  server.RaftServerConfigKeys (ConfUtils.java:logGet(43)) - raft.server.sleep.deviation.threshold = 300 (default)
2019-09-19 10:26:54,397 [pool-71-thread-1] INFO  server.RaftServerConfigKeys (ConfUtils.java:logGet(43)) - raft.server.log.appender.install.snapshot.enabled = false (custom)
2019-09-19 10:26:54,397 [pool-71-thread-1] INFO  impl.RaftServerImpl (ServerState.java:<init>(105)) - 7e4b2fb6-17ca-4cf7-9c63-77c56d6e2e1f:group-166D5F82585E ConfigurationManager, init=-1: [7e4b2fb6-17ca-4cf7-9c63-77c56d6e2e1f:192.168.157.204:45021], old=null, confs=<EMPTY_MAP>
2019-09-19 10:26:54,397 [pool-71-thread-1] INFO  server.RaftServerConfigKeys (ConfUtils.java:logGet(43)) - raft.server.storage.dir = [/workdir/hadoop-ozone/ozonefs/target/test-dir/MiniOzoneClusterImpl-c4ccaed8-e682-4870-947c-cf1864f77c00/datanode-4/data/ratis] (custom)
2019-09-19 10:26:54,398 [pool-71-thread-1] INFO  storage.RaftStorageDirectory (RaftStorageDirectory.java:analyzeStorage(246)) - The storage directory /workdir/hadoop-ozone/ozonefs/target/test-dir/MiniOzoneClusterImpl-c4ccaed8-e682-4870-947c-cf1864f77c00/datanode-4/data/ratis/434bd43a-eeb3-496b-b769-166d5f82585e does not exist. Creating ...
2019-09-19 10:26:54,577 | INFO  | SCMAudit | user=jenkins1000 | ip=192.168.157.204 | op=SEND_HEARTBEAT {datanodeUUID=c972e26d-e03f-48a1-a9e9-2dea9337c66d, command=[]} | ret=SUCCESS |  
2019-09-19 10:26:54,706 [pool-71-thread-1] INFO  storage.RaftStorageDirectory (RaftStorageDirectory.java:tryLock(328)) - Lock on /workdir/hadoop-ozone/ozonefs/target/test-dir/MiniOzoneClusterImpl-c4ccaed8-e682-4870-947c-cf1864f77c00/datanode-4/data/ratis/434bd43a-eeb3-496b-b769-166d5f82585e/in_use.lock acquired by nodename 26715@pr-hdds-1569-cpgw4-1311585219
2019-09-19 10:26:54,713 | INFO  | SCMAudit | user=jenkins1000 | ip=192.168.157.204 | op=SEND_HEARTBEAT {datanodeUUID=f4f61464-0bdf-492b-ac84-d659f01f9139, command=[]} | ret=SUCCESS |  
2019-09-19 10:26:54,750 | INFO  | SCMAudit | user=jenkins1000 | ip=192.168.157.204 | op=SEND_HEARTBEAT {datanodeUUID=84c75018-969a-4fca-ac0f-34cccc99d928, command=[]} | ret=SUCCESS |  
2019-09-19 10:26:54,750 | INFO  | SCMAudit | user=jenkins1000 | ip=192.168.157.204 | op=SEND_HEARTBEAT {datanodeUUID=1692dd7e-eca0-4ee0-be13-a7fe013a1be4, command=[]} | ret=SUCCESS |  
2019-09-19 10:26:54,808 | INFO  | SCMAudit | user=jenkins1000 | ip=192.168.157.204 | op=SEND_HEARTBEAT {datanodeUUID=10ec1051-6571-4c90-b3f9-a3c2840a089b, command=[]} | ret=SUCCESS |  
2019-09-19 10:26:54,880 | INFO  | SCMAudit | user=jenkins1000 | ip=192.168.157.204 | op=SEND_HEARTBEAT {datanodeUUID=7e4b2fb6-17ca-4cf7-9c63-77c56d6e2e1f, command=[]} | ret=SUCCESS |  
2019-09-19 10:26:54,964 [pool-71-thread-1] INFO  storage.RaftStorage (RaftStorage.java:format(72)) - Storage directory /workdir/hadoop-ozone/ozonefs/target/test-dir/MiniOzoneClusterImpl-c4ccaed8-e682-4870-947c-cf1864f77c00/datanode-4/data/ratis/434bd43a-eeb3-496b-b769-166d5f82585e has been successfully formatted.
2019-09-19 10:26:54,965 [pool-71-thread-1] INFO  ratis.ContainerStateMachine (ContainerStateMachine.java:loadSnapshot(226)) - group-166D5F82585E: The snapshot info is null. Setting the last applied indexto:(t:0, i:~)
2019-09-19 10:26:54,966 [pool-71-thread-1] INFO  server.RaftServerConfigKeys (ConfUtils.java:logGet(43)) - raft.server.leader.election.timeout = 120s (custom)
2019-09-19 10:26:54,966 [pool-71-thread-1] INFO  server.RaftServerConfigKeys (ConfUtils.java:logGet(43)) - raft.server.log.use.memory = false (default)
2019-09-19 10:26:54,966 [pool-71-thread-1] INFO  server.RaftServerConfigKeys (ConfUtils.java:logGet(43)) - raft.server.log.purge.gap = 1000000 (custom)
2019-09-19 10:26:54,966 [pool-71-thread-1] INFO  server.RaftServerConfigKeys (ConfUtils.java:logGet(43)) - raft.server.log.appender.buffer.byte-limit = 33554432 (custom)
2019-09-19 10:26:54,966 [pool-71-thread-1] INFO  server.RaftServerConfigKeys (ConfUtils.java:logGet(43)) - raft.server.log.segment.size.max = 1048576 (custom)
2019-09-19 10:26:54,967 [pool-71-thread-1] INFO  server.RaftServerConfigKeys (ConfUtils.java:logGet(43)) - raft.server.log.segment.cache.num.max = 2 (custom)
2019-09-19 10:26:54,967 [pool-71-thread-1] INFO  segmented.SegmentedRaftLogWorker (SegmentedRaftLogWorker.java:<init>(172)) - new 7e4b2fb6-17ca-4cf7-9c63-77c56d6e2e1f-SegmentedRaftLogWorker:Storage Directory /workdir/hadoop-ozone/ozonefs/target/test-dir/MiniOzoneClusterImpl-c4ccaed8-e682-4870-947c-cf1864f77c00/datanode-4/data/ratis/434bd43a-eeb3-496b-b769-166d5f82585e for RaftStorage:Storage Directory /workdir/hadoop-ozone/ozonefs/target/test-dir/MiniOzoneClusterImpl-c4ccaed8-e682-4870-947c-cf1864f77c00/datanode-4/data/ratis/434bd43a-eeb3-496b-b769-166d5f82585e
2019-09-19 10:26:54,967 [pool-71-thread-1] INFO  server.RaftServerConfigKeys (ConfUtils.java:logGet(43)) - raft.server.log.queue.byte-limit = 2147483647 (custom)
2019-09-19 10:26:54,967 [pool-71-thread-1] INFO  server.RaftServerConfigKeys (ConfUtils.java:logGet(43)) - raft.server.log.queue.element-limit = 1024 (custom)
2019-09-19 10:26:54,967 [pool-71-thread-1] INFO  server.RaftServerConfigKeys (ConfUtils.java:logGet(43)) - raft.server.log.segment.size.max = 1048576 (custom)
2019-09-19 10:26:54,967 [pool-71-thread-1] INFO  server.RaftServerConfigKeys (ConfUtils.java:logGet(43)) - raft.server.log.preallocated.size = 16384 (custom)
2019-09-19 10:26:54,968 [pool-71-thread-1] INFO  server.RaftServerConfigKeys (ConfUtils.java:logGet(43)) - raft.server.log.write.buffer.size = 33554432 (custom)
2019-09-19 10:26:54,968 [pool-71-thread-1] INFO  server.RaftServerConfigKeys (ConfUtils.java:logGet(43)) - raft.server.log.force.sync.num = 128 (default)
2019-09-19 10:26:54,968 [pool-71-thread-1] INFO  server.RaftServerConfigKeys (ConfUtils.java:logGet(43)) - raft.server.log.statemachine.data.sync = true (default)
2019-09-19 10:26:54,968 [pool-71-thread-1] INFO  server.RaftServerConfigKeys (ConfUtils.java:logGet(43)) - raft.server.log.statemachine.data.sync.timeout = 10s (default)
2019-09-19 10:26:54,968 [pool-71-thread-1] INFO  server.RaftServerConfigKeys (ConfUtils.java:logGet(43)) - raft.server.log.statemachine.data.sync.timeout.retry = -1 (default)
2019-09-19 10:26:54,968 [pool-71-thread-1] INFO  server.RaftServerConfigKeys (ConfUtils.java:logGet(43)) - raft.server.log.statemachine.data.caching.enabled = true (custom)
2019-09-19 10:26:54,969 [pool-71-thread-1] INFO  segmented.SegmentedRaftLogWorker (SegmentedRaftLogWorker.java:lambda$new$0(132)) - 7e4b2fb6-17ca-4cf7-9c63-77c56d6e2e1f-SegmentedRaftLogWorker:Storage Directory /workdir/hadoop-ozone/ozonefs/target/test-dir/MiniOzoneClusterImpl-c4ccaed8-e682-4870-947c-cf1864f77c00/datanode-4/data/ratis/434bd43a-eeb3-496b-b769-166d5f82585e: flushIndex: setUnconditionally 0 -> -1
2019-09-19 10:26:54,969 [pool-71-thread-1] INFO  server.RaftServerConfigKeys (ConfUtils.java:logGet(43)) - raft.server.snapshot.auto.trigger.enabled = true (custom)
2019-09-19 10:26:54,969 [pool-71-thread-1] INFO  server.RaftServerConfigKeys (ConfUtils.java:logGet(43)) - raft.server.snapshot.auto.trigger.threshold = 10000 (custom)
2019-09-19 10:26:54,970 [pool-71-thread-1] INFO  server.RaftServerConfigKeys (ConfUtils.java:logGet(43)) - raft.server.retrycache.expirytime = 600000ms (custom)
2019-09-19 10:26:54,970 [pool-71-thread-1] INFO  impl.RaftServerImpl (RaftServerImpl.java:start(180)) - 7e4b2fb6-17ca-4cf7-9c63-77c56d6e2e1f: start group-166D5F82585E
2019-09-19 10:26:54,970 [pool-71-thread-1] INFO  impl.RaftServerImpl (RaftServerImpl.java:setRole(171)) - 7e4b2fb6-17ca-4cf7-9c63-77c56d6e2e1f:group-166D5F82585E changes role from null to FOLLOWER at term 0 for startAsFollower
2019-09-19 10:26:54,970 [pool-71-thread-1] INFO  impl.RoleInfo (RoleInfo.java:updateAndGet(143)) - 7e4b2fb6-17ca-4cf7-9c63-77c56d6e2e1f: start FollowerState
2019-09-19 10:26:54,971 [pool-71-thread-1] INFO  util.JmxRegister (JmxRegister.java:tryRegister(44)) - Successfully registered JMX Bean with object name Ratis:service=RaftServer,group=group-166D5F82585E,id=7e4b2fb6-17ca-4cf7-9c63-77c56d6e2e1f
2019-09-19 10:26:54,984 [RatisPipelineUtilsThread] INFO  pipeline.PipelineStateManager (PipelineStateManager.java:addPipeline(56)) - Created pipeline Pipeline[ Id: 434bd43a-eeb3-496b-b769-166d5f82585e, Nodes: 7e4b2fb6-17ca-4cf7-9c63-77c56d6e2e1f{ip: 192.168.157.204, host: pr-hdds-1569-cpgw4-1311585219, networkLocation: /default-rack, certSerialId: null}, Type:RATIS, Factor:ONE, State:OPEN]
2019-09-19 10:26:54,998 [grpc-default-executor-0] INFO  impl.RaftServerProxy (RaftServerProxy.java:addNew(89)) - df1b99cc-36f2-45b6-8e95-51c50e156f0b: addNew group-6B238AE27E5B:[df1b99cc-36f2-45b6-8e95-51c50e156f0b:192.168.157.204:42307] returns group-6B238AE27E5B:java.util.concurrent.CompletableFuture@5bba8463[Not completed]
2019-09-19 10:26:54,999 [pool-38-thread-1] INFO  impl.RaftServerImpl (RaftServerImpl.java:<init>(93)) - df1b99cc-36f2-45b6-8e95-51c50e156f0b: new RaftServerImpl for group-6B238AE27E5B:[df1b99cc-36f2-45b6-8e95-51c50e156f0b:192.168.157.204:42307] with ContainerStateMachine:uninitialized
2019-09-19 10:26:55,000 [pool-38-thread-1] INFO  server.RaftServerConfigKeys (ConfUtils.java:logGet(43)) - raft.server.rpc.timeout.min = 5s (custom)
2019-09-19 10:26:55,000 [pool-38-thread-1] INFO  server.RaftServerConfigKeys (ConfUtils.java:logGet(43)) - raft.server.rpc.timeout.max = 5200ms (custom)
2019-09-19 10:26:55,000 [pool-38-thread-1] INFO  server.RaftServerConfigKeys (ConfUtils.java:logGet(43)) - raft.server.rpcslowness.timeout = 120s (custom)
2019-09-19 10:26:55,000 [pool-38-thread-1] INFO  server.RaftServerConfigKeys (ConfUtils.java:logGet(43)) - raft.server.sleep.deviation.threshold = 300 (default)
2019-09-19 10:26:55,000 [pool-38-thread-1] INFO  server.RaftServerConfigKeys (ConfUtils.java:logGet(43)) - raft.server.log.appender.install.snapshot.enabled = false (custom)
2019-09-19 10:26:55,000 [pool-38-thread-1] INFO  impl.RaftServerImpl (ServerState.java:<init>(105)) - df1b99cc-36f2-45b6-8e95-51c50e156f0b:group-6B238AE27E5B ConfigurationManager, init=-1: [df1b99cc-36f2-45b6-8e95-51c50e156f0b:192.168.157.204:42307], old=null, confs=<EMPTY_MAP>
2019-09-19 10:26:55,000 [pool-38-thread-1] INFO  server.RaftServerConfigKeys (ConfUtils.java:logGet(43)) - raft.server.storage.dir = [/workdir/hadoop-ozone/ozonefs/target/test-dir/MiniOzoneClusterImpl-c4ccaed8-e682-4870-947c-cf1864f77c00/datanode-1/data/ratis] (custom)
2019-09-19 10:26:55,001 [pool-38-thread-1] INFO  storage.RaftStorageDirectory (RaftStorageDirectory.java:analyzeStorage(246)) - The storage directory /workdir/hadoop-ozone/ozonefs/target/test-dir/MiniOzoneClusterImpl-c4ccaed8-e682-4870-947c-cf1864f77c00/datanode-1/data/ratis/cd166d77-f2bf-482d-a8a2-6b238ae27e5b does not exist. Creating ...
2019-09-19 10:26:55,010 [pool-38-thread-1] INFO  storage.RaftStorageDirectory (RaftStorageDirectory.java:tryLock(328)) - Lock on /workdir/hadoop-ozone/ozonefs/target/test-dir/MiniOzoneClusterImpl-c4ccaed8-e682-4870-947c-cf1864f77c00/datanode-1/data/ratis/cd166d77-f2bf-482d-a8a2-6b238ae27e5b/in_use.lock acquired by nodename 26715@pr-hdds-1569-cpgw4-1311585219
2019-09-19 10:26:55,018 | INFO  | SCMAudit | user=jenkins1000 | ip=192.168.157.204 | op=SEND_HEARTBEAT {datanodeUUID=df1b99cc-36f2-45b6-8e95-51c50e156f0b, command=[]} | ret=SUCCESS |  
2019-09-19 10:26:55,024 [pool-38-thread-1] INFO  storage.RaftStorage (RaftStorage.java:format(72)) - Storage directory /workdir/hadoop-ozone/ozonefs/target/test-dir/MiniOzoneClusterImpl-c4ccaed8-e682-4870-947c-cf1864f77c00/datanode-1/data/ratis/cd166d77-f2bf-482d-a8a2-6b238ae27e5b has been successfully formatted.
2019-09-19 10:26:55,024 [pool-38-thread-1] INFO  ratis.ContainerStateMachine (ContainerStateMachine.java:loadSnapshot(226)) - group-6B238AE27E5B: The snapshot info is null. Setting the last applied indexto:(t:0, i:~)
2019-09-19 10:26:55,024 [pool-38-thread-1] INFO  server.RaftServerConfigKeys (ConfUtils.java:logGet(43)) - raft.server.leader.election.timeout = 120s (custom)
2019-09-19 10:26:55,024 [pool-38-thread-1] INFO  server.RaftServerConfigKeys (ConfUtils.java:logGet(43)) - raft.server.log.use.memory = false (default)
2019-09-19 10:26:55,024 [pool-38-thread-1] INFO  server.RaftServerConfigKeys (ConfUtils.java:logGet(43)) - raft.server.log.purge.gap = 1000000 (custom)
2019-09-19 10:26:55,025 [pool-38-thread-1] INFO  server.RaftServerConfigKeys (ConfUtils.java:logGet(43)) - raft.server.log.appender.buffer.byte-limit = 33554432 (custom)
2019-09-19 10:26:55,025 [pool-38-thread-1] INFO  server.RaftServerConfigKeys (ConfUtils.java:logGet(43)) - raft.server.log.segment.size.max = 1048576 (custom)
2019-09-19 10:26:55,025 [pool-38-thread-1] INFO  server.RaftServerConfigKeys (ConfUtils.java:logGet(43)) - raft.server.log.segment.cache.num.max = 2 (custom)
2019-09-19 10:26:55,025 [pool-38-thread-1] INFO  segmented.SegmentedRaftLogWorker (SegmentedRaftLogWorker.java:<init>(172)) - new df1b99cc-36f2-45b6-8e95-51c50e156f0b-SegmentedRaftLogWorker:Storage Directory /workdir/hadoop-ozone/ozonefs/target/test-dir/MiniOzoneClusterImpl-c4ccaed8-e682-4870-947c-cf1864f77c00/datanode-1/data/ratis/cd166d77-f2bf-482d-a8a2-6b238ae27e5b for RaftStorage:Storage Directory /workdir/hadoop-ozone/ozonefs/target/test-dir/MiniOzoneClusterImpl-c4ccaed8-e682-4870-947c-cf1864f77c00/datanode-1/data/ratis/cd166d77-f2bf-482d-a8a2-6b238ae27e5b
2019-09-19 10:26:55,025 [pool-38-thread-1] INFO  server.RaftServerConfigKeys (ConfUtils.java:logGet(43)) - raft.server.log.queue.byte-limit = 2147483647 (custom)
2019-09-19 10:26:55,025 [pool-38-thread-1] INFO  server.RaftServerConfigKeys (ConfUtils.java:logGet(43)) - raft.server.log.queue.element-limit = 1024 (custom)
2019-09-19 10:26:55,025 [pool-38-thread-1] INFO  server.RaftServerConfigKeys (ConfUtils.java:logGet(43)) - raft.server.log.segment.size.max = 1048576 (custom)
2019-09-19 10:26:55,025 [pool-38-thread-1] INFO  server.RaftServerConfigKeys (ConfUtils.java:logGet(43)) - raft.server.log.preallocated.size = 16384 (custom)
2019-09-19 10:26:55,026 [pool-38-thread-1] INFO  server.RaftServerConfigKeys (ConfUtils.java:logGet(43)) - raft.server.log.write.buffer.size = 33554432 (custom)
2019-09-19 10:26:55,026 [pool-38-thread-1] INFO  server.RaftServerConfigKeys (ConfUtils.java:logGet(43)) - raft.server.log.force.sync.num = 128 (default)
2019-09-19 10:26:55,026 [pool-38-thread-1] INFO  server.RaftServerConfigKeys (ConfUtils.java:logGet(43)) - raft.server.log.statemachine.data.sync = true (default)
2019-09-19 10:26:55,026 [pool-38-thread-1] INFO  server.RaftServerConfigKeys (ConfUtils.java:logGet(43)) - raft.server.log.statemachine.data.sync.timeout = 10s (default)
2019-09-19 10:26:55,026 [pool-38-thread-1] INFO  server.RaftServerConfigKeys (ConfUtils.java:logGet(43)) - raft.server.log.statemachine.data.sync.timeout.retry = -1 (default)
2019-09-19 10:26:55,026 [pool-38-thread-1] INFO  server.RaftServerConfigKeys (ConfUtils.java:logGet(43)) - raft.server.log.statemachine.data.caching.enabled = true (custom)
2019-09-19 10:26:55,026 [pool-38-thread-1] INFO  segmented.SegmentedRaftLogWorker (SegmentedRaftLogWorker.java:lambda$new$0(132)) - df1b99cc-36f2-45b6-8e95-51c50e156f0b-SegmentedRaftLogWorker:Storage Directory /workdir/hadoop-ozone/ozonefs/target/test-dir/MiniOzoneClusterImpl-c4ccaed8-e682-4870-947c-cf1864f77c00/datanode-1/data/ratis/cd166d77-f2bf-482d-a8a2-6b238ae27e5b: flushIndex: setUnconditionally 0 -> -1
2019-09-19 10:26:55,027 [pool-38-thread-1] INFO  server.RaftServerConfigKeys (ConfUtils.java:logGet(43)) - raft.server.snapshot.auto.trigger.enabled = true (custom)
2019-09-19 10:26:55,027 [pool-38-thread-1] INFO  server.RaftServerConfigKeys (ConfUtils.java:logGet(43)) - raft.server.snapshot.auto.trigger.threshold = 10000 (custom)
2019-09-19 10:26:55,027 [pool-38-thread-1] INFO  server.RaftServerConfigKeys (ConfUtils.java:logGet(43)) - raft.server.retrycache.expirytime = 600000ms (custom)
2019-09-19 10:26:55,027 [pool-38-thread-1] INFO  impl.RaftServerImpl (RaftServerImpl.java:start(180)) - df1b99cc-36f2-45b6-8e95-51c50e156f0b: start group-6B238AE27E5B
2019-09-19 10:26:55,027 [pool-38-thread-1] INFO  impl.RaftServerImpl (RaftServerImpl.java:setRole(171)) - df1b99cc-36f2-45b6-8e95-51c50e156f0b:group-6B238AE27E5B changes role from null to FOLLOWER at term 0 for startAsFollower
2019-09-19 10:26:55,027 [pool-38-thread-1] INFO  impl.RoleInfo (RoleInfo.java:updateAndGet(143)) - df1b99cc-36f2-45b6-8e95-51c50e156f0b: start FollowerState
2019-09-19 10:26:55,028 [pool-38-thread-1] INFO  util.JmxRegister (JmxRegister.java:tryRegister(44)) - Successfully registered JMX Bean with object name Ratis:service=RaftServer,group=group-6B238AE27E5B,id=df1b99cc-36f2-45b6-8e95-51c50e156f0b
2019-09-19 10:26:55,041 [RatisPipelineUtilsThread] INFO  pipeline.PipelineStateManager (PipelineStateManager.java:addPipeline(56)) - Created pipeline Pipeline[ Id: cd166d77-f2bf-482d-a8a2-6b238ae27e5b, Nodes: df1b99cc-36f2-45b6-8e95-51c50e156f0b{ip: 192.168.157.204, host: pr-hdds-1569-cpgw4-1311585219, networkLocation: /default-rack, certSerialId: null}, Type:RATIS, Factor:ONE, State:OPEN]
2019-09-19 10:26:55,043 | INFO  | SCMAudit | user=jenkins1000 | ip=192.168.157.204 | op=SEND_HEARTBEAT {datanodeUUID=39513c05-534c-4cc1-a39c-034925eb3fe7, command=[]} | ret=SUCCESS |  
2019-09-19 10:26:55,052 [grpc-default-executor-0] INFO  impl.RaftServerProxy (RaftServerProxy.java:addNew(89)) - 84c75018-969a-4fca-ac0f-34cccc99d928: addNew group-C9A21DDC9C5D:[84c75018-969a-4fca-ac0f-34cccc99d928:192.168.157.204:41935] returns group-C9A21DDC9C5D:java.util.concurrent.CompletableFuture@17613bd3[Not completed]
2019-09-19 10:26:55,053 [pool-49-thread-1] INFO  impl.RaftServerImpl (RaftServerImpl.java:<init>(93)) - 84c75018-969a-4fca-ac0f-34cccc99d928: new RaftServerImpl for group-C9A21DDC9C5D:[84c75018-969a-4fca-ac0f-34cccc99d928:192.168.157.204:41935] with ContainerStateMachine:uninitialized
2019-09-19 10:26:55,053 [pool-49-thread-1] INFO  server.RaftServerConfigKeys (ConfUtils.java:logGet(43)) - raft.server.rpc.timeout.min = 5s (custom)
2019-09-19 10:26:55,053 [pool-49-thread-1] INFO  server.RaftServerConfigKeys (ConfUtils.java:logGet(43)) - raft.server.rpc.timeout.max = 5200ms (custom)
2019-09-19 10:26:55,053 [pool-49-thread-1] INFO  server.RaftServerConfigKeys (ConfUtils.java:logGet(43)) - raft.server.rpcslowness.timeout = 120s (custom)
2019-09-19 10:26:55,053 [pool-49-thread-1] INFO  server.RaftServerConfigKeys (ConfUtils.java:logGet(43)) - raft.server.sleep.deviation.threshold = 300 (default)
2019-09-19 10:26:55,054 [pool-49-thread-1] INFO  server.RaftServerConfigKeys (ConfUtils.java:logGet(43)) - raft.server.log.appender.install.snapshot.enabled = false (custom)
2019-09-19 10:26:55,054 [pool-49-thread-1] INFO  impl.RaftServerImpl (ServerState.java:<init>(105)) - 84c75018-969a-4fca-ac0f-34cccc99d928:group-C9A21DDC9C5D ConfigurationManager, init=-1: [84c75018-969a-4fca-ac0f-34cccc99d928:192.168.157.204:41935], old=null, confs=<EMPTY_MAP>
2019-09-19 10:26:55,054 [pool-49-thread-1] INFO  server.RaftServerConfigKeys (ConfUtils.java:logGet(43)) - raft.server.storage.dir = [/workdir/hadoop-ozone/ozonefs/target/test-dir/MiniOzoneClusterImpl-c4ccaed8-e682-4870-947c-cf1864f77c00/datanode-2/data/ratis] (custom)
2019-09-19 10:26:55,054 [pool-49-thread-1] INFO  storage.RaftStorageDirectory (RaftStorageDirectory.java:analyzeStorage(246)) - The storage directory /workdir/hadoop-ozone/ozonefs/target/test-dir/MiniOzoneClusterImpl-c4ccaed8-e682-4870-947c-cf1864f77c00/datanode-2/data/ratis/189c7704-cfd1-4913-88c7-c9a21ddc9c5d does not exist. Creating ...
2019-09-19 10:26:55,108 | INFO  | SCMAudit | user=jenkins1000 | ip=192.168.157.204 | op=SEND_HEARTBEAT {datanodeUUID=9c1babfd-24b9-43b5-a670-4d0e2dc3eec4, command=[]} | ret=SUCCESS |  
2019-09-19 10:26:55,217 [pool-49-thread-1] INFO  storage.RaftStorageDirectory (RaftStorageDirectory.java:tryLock(328)) - Lock on /workdir/hadoop-ozone/ozonefs/target/test-dir/MiniOzoneClusterImpl-c4ccaed8-e682-4870-947c-cf1864f77c00/datanode-2/data/ratis/189c7704-cfd1-4913-88c7-c9a21ddc9c5d/in_use.lock acquired by nodename 26715@pr-hdds-1569-cpgw4-1311585219
2019-09-19 10:26:55,220 [pool-49-thread-1] INFO  storage.RaftStorage (RaftStorage.java:format(72)) - Storage directory /workdir/hadoop-ozone/ozonefs/target/test-dir/MiniOzoneClusterImpl-c4ccaed8-e682-4870-947c-cf1864f77c00/datanode-2/data/ratis/189c7704-cfd1-4913-88c7-c9a21ddc9c5d has been successfully formatted.
2019-09-19 10:26:55,221 [pool-49-thread-1] INFO  ratis.ContainerStateMachine (ContainerStateMachine.java:loadSnapshot(226)) - group-C9A21DDC9C5D: The snapshot info is null. Setting the last applied indexto:(t:0, i:~)
2019-09-19 10:26:55,221 [pool-49-thread-1] INFO  server.RaftServerConfigKeys (ConfUtils.java:logGet(43)) - raft.server.leader.election.timeout = 120s (custom)
2019-09-19 10:26:55,221 [pool-49-thread-1] INFO  server.RaftServerConfigKeys (ConfUtils.java:logGet(43)) - raft.server.log.use.memory = false (default)
2019-09-19 10:26:55,221 [pool-49-thread-1] INFO  server.RaftServerConfigKeys (ConfUtils.java:logGet(43)) - raft.server.log.purge.gap = 1000000 (custom)
2019-09-19 10:26:55,221 [pool-49-thread-1] INFO  server.RaftServerConfigKeys (ConfUtils.java:logGet(43)) - raft.server.log.appender.buffer.byte-limit = 33554432 (custom)
2019-09-19 10:26:55,222 [pool-49-thread-1] INFO  server.RaftServerConfigKeys (ConfUtils.java:logGet(43)) - raft.server.log.segment.size.max = 1048576 (custom)
2019-09-19 10:26:55,222 [pool-49-thread-1] INFO  server.RaftServerConfigKeys (ConfUtils.java:logGet(43)) - raft.server.log.segment.cache.num.max = 2 (custom)
2019-09-19 10:26:55,222 [pool-49-thread-1] INFO  segmented.SegmentedRaftLogWorker (SegmentedRaftLogWorker.java:<init>(172)) - new 84c75018-969a-4fca-ac0f-34cccc99d928-SegmentedRaftLogWorker:Storage Directory /workdir/hadoop-ozone/ozonefs/target/test-dir/MiniOzoneClusterImpl-c4ccaed8-e682-4870-947c-cf1864f77c00/datanode-2/data/ratis/189c7704-cfd1-4913-88c7-c9a21ddc9c5d for RaftStorage:Storage Directory /workdir/hadoop-ozone/ozonefs/target/test-dir/MiniOzoneClusterImpl-c4ccaed8-e682-4870-947c-cf1864f77c00/datanode-2/data/ratis/189c7704-cfd1-4913-88c7-c9a21ddc9c5d
2019-09-19 10:26:55,222 [pool-49-thread-1] INFO  server.RaftServerConfigKeys (ConfUtils.java:logGet(43)) - raft.server.log.queue.byte-limit = 2147483647 (custom)
2019-09-19 10:26:55,222 [pool-49-thread-1] INFO  server.RaftServerConfigKeys (ConfUtils.java:logGet(43)) - raft.server.log.queue.element-limit = 1024 (custom)
2019-09-19 10:26:55,222 [pool-49-thread-1] INFO  server.RaftServerConfigKeys (ConfUtils.java:logGet(43)) - raft.server.log.segment.size.max = 1048576 (custom)
2019-09-19 10:26:55,223 [pool-49-thread-1] INFO  server.RaftServerConfigKeys (ConfUtils.java:logGet(43)) - raft.server.log.preallocated.size = 16384 (custom)
2019-09-19 10:26:55,223 [pool-49-thread-1] INFO  server.RaftServerConfigKeys (ConfUtils.java:logGet(43)) - raft.server.log.write.buffer.size = 33554432 (custom)
2019-09-19 10:26:55,223 [pool-49-thread-1] INFO  server.RaftServerConfigKeys (ConfUtils.java:logGet(43)) - raft.server.log.force.sync.num = 128 (default)
2019-09-19 10:26:55,223 [pool-49-thread-1] INFO  server.RaftServerConfigKeys (ConfUtils.java:logGet(43)) - raft.server.log.statemachine.data.sync = true (default)
2019-09-19 10:26:55,223 [pool-49-thread-1] INFO  server.RaftServerConfigKeys (ConfUtils.java:logGet(43)) - raft.server.log.statemachine.data.sync.timeout = 10s (default)
2019-09-19 10:26:55,223 [pool-49-thread-1] INFO  server.RaftServerConfigKeys (ConfUtils.java:logGet(43)) - raft.server.log.statemachine.data.sync.timeout.retry = -1 (default)
2019-09-19 10:26:55,224 [pool-49-thread-1] INFO  server.RaftServerConfigKeys (ConfUtils.java:logGet(43)) - raft.server.log.statemachine.data.caching.enabled = true (custom)
2019-09-19 10:26:55,232 [pool-49-thread-1] INFO  segmented.SegmentedRaftLogWorker (SegmentedRaftLogWorker.java:lambda$new$0(132)) - 84c75018-969a-4fca-ac0f-34cccc99d928-SegmentedRaftLogWorker:Storage Directory /workdir/hadoop-ozone/ozonefs/target/test-dir/MiniOzoneClusterImpl-c4ccaed8-e682-4870-947c-cf1864f77c00/datanode-2/data/ratis/189c7704-cfd1-4913-88c7-c9a21ddc9c5d: flushIndex: setUnconditionally 0 -> -1
2019-09-19 10:26:55,232 [pool-49-thread-1] INFO  server.RaftServerConfigKeys (ConfUtils.java:logGet(43)) - raft.server.snapshot.auto.trigger.enabled = true (custom)
2019-09-19 10:26:55,232 [pool-49-thread-1] INFO  server.RaftServerConfigKeys (ConfUtils.java:logGet(43)) - raft.server.snapshot.auto.trigger.threshold = 10000 (custom)
2019-09-19 10:26:55,233 [pool-49-thread-1] INFO  server.RaftServerConfigKeys (ConfUtils.java:logGet(43)) - raft.server.retrycache.expirytime = 600000ms (custom)
2019-09-19 10:26:55,233 [pool-49-thread-1] INFO  impl.RaftServerImpl (RaftServerImpl.java:start(180)) - 84c75018-969a-4fca-ac0f-34cccc99d928: start group-C9A21DDC9C5D
2019-09-19 10:26:55,233 [pool-49-thread-1] INFO  impl.RaftServerImpl (RaftServerImpl.java:setRole(171)) - 84c75018-969a-4fca-ac0f-34cccc99d928:group-C9A21DDC9C5D changes role from null to FOLLOWER at term 0 for startAsFollower
2019-09-19 10:26:55,233 [pool-49-thread-1] INFO  impl.RoleInfo (RoleInfo.java:updateAndGet(143)) - 84c75018-969a-4fca-ac0f-34cccc99d928: start FollowerState
2019-09-19 10:26:55,234 [pool-49-thread-1] INFO  util.JmxRegister (JmxRegister.java:tryRegister(44)) - Successfully registered JMX Bean with object name Ratis:service=RaftServer,group=group-C9A21DDC9C5D,id=84c75018-969a-4fca-ac0f-34cccc99d928
2019-09-19 10:26:55,246 [RatisPipelineUtilsThread] INFO  pipeline.PipelineStateManager (PipelineStateManager.java:addPipeline(56)) - Created pipeline Pipeline[ Id: 189c7704-cfd1-4913-88c7-c9a21ddc9c5d, Nodes: 84c75018-969a-4fca-ac0f-34cccc99d928{ip: 192.168.157.204, host: pr-hdds-1569-cpgw4-1311585219, networkLocation: /default-rack, certSerialId: null}, Type:RATIS, Factor:ONE, State:OPEN]
2019-09-19 10:26:55,258 [grpc-default-executor-0] INFO  impl.RaftServerProxy (RaftServerProxy.java:addNew(89)) - 1692dd7e-eca0-4ee0-be13-a7fe013a1be4: addNew group-72EE2E419AAA:[1692dd7e-eca0-4ee0-be13-a7fe013a1be4:192.168.157.204:39330] returns group-72EE2E419AAA:java.util.concurrent.CompletableFuture@5650e356[Not completed]
2019-09-19 10:26:55,260 [pool-60-thread-1] INFO  impl.RaftServerImpl (RaftServerImpl.java:<init>(93)) - 1692dd7e-eca0-4ee0-be13-a7fe013a1be4: new RaftServerImpl for group-72EE2E419AAA:[1692dd7e-eca0-4ee0-be13-a7fe013a1be4:192.168.157.204:39330] with ContainerStateMachine:uninitialized
2019-09-19 10:26:55,260 [pool-60-thread-1] INFO  server.RaftServerConfigKeys (ConfUtils.java:logGet(43)) - raft.server.rpc.timeout.min = 5s (custom)
2019-09-19 10:26:55,260 [pool-60-thread-1] INFO  server.RaftServerConfigKeys (ConfUtils.java:logGet(43)) - raft.server.rpc.timeout.max = 5200ms (custom)
2019-09-19 10:26:55,260 [pool-60-thread-1] INFO  server.RaftServerConfigKeys (ConfUtils.java:logGet(43)) - raft.server.rpcslowness.timeout = 120s (custom)
2019-09-19 10:26:55,260 [pool-60-thread-1] INFO  server.RaftServerConfigKeys (ConfUtils.java:logGet(43)) - raft.server.sleep.deviation.threshold = 300 (default)
2019-09-19 10:26:55,260 [pool-60-thread-1] INFO  server.RaftServerConfigKeys (ConfUtils.java:logGet(43)) - raft.server.log.appender.install.snapshot.enabled = false (custom)
2019-09-19 10:26:55,260 [pool-60-thread-1] INFO  impl.RaftServerImpl (ServerState.java:<init>(105)) - 1692dd7e-eca0-4ee0-be13-a7fe013a1be4:group-72EE2E419AAA ConfigurationManager, init=-1: [1692dd7e-eca0-4ee0-be13-a7fe013a1be4:192.168.157.204:39330], old=null, confs=<EMPTY_MAP>
2019-09-19 10:26:55,261 [pool-60-thread-1] INFO  server.RaftServerConfigKeys (ConfUtils.java:logGet(43)) - raft.server.storage.dir = [/workdir/hadoop-ozone/ozonefs/target/test-dir/MiniOzoneClusterImpl-c4ccaed8-e682-4870-947c-cf1864f77c00/datanode-3/data/ratis] (custom)
2019-09-19 10:26:55,261 [pool-60-thread-1] INFO  storage.RaftStorageDirectory (RaftStorageDirectory.java:analyzeStorage(246)) - The storage directory /workdir/hadoop-ozone/ozonefs/target/test-dir/MiniOzoneClusterImpl-c4ccaed8-e682-4870-947c-cf1864f77c00/datanode-3/data/ratis/d2c028ae-c9ed-45ef-89ab-72ee2e419aaa does not exist. Creating ...
2019-09-19 10:26:55,274 [pool-60-thread-1] INFO  storage.RaftStorageDirectory (RaftStorageDirectory.java:tryLock(328)) - Lock on /workdir/hadoop-ozone/ozonefs/target/test-dir/MiniOzoneClusterImpl-c4ccaed8-e682-4870-947c-cf1864f77c00/datanode-3/data/ratis/d2c028ae-c9ed-45ef-89ab-72ee2e419aaa/in_use.lock acquired by nodename 26715@pr-hdds-1569-cpgw4-1311585219
2019-09-19 10:26:55,287 [pool-60-thread-1] INFO  storage.RaftStorage (RaftStorage.java:format(72)) - Storage directory /workdir/hadoop-ozone/ozonefs/target/test-dir/MiniOzoneClusterImpl-c4ccaed8-e682-4870-947c-cf1864f77c00/datanode-3/data/ratis/d2c028ae-c9ed-45ef-89ab-72ee2e419aaa has been successfully formatted.
2019-09-19 10:26:55,287 [pool-60-thread-1] INFO  ratis.ContainerStateMachine (ContainerStateMachine.java:loadSnapshot(226)) - group-72EE2E419AAA: The snapshot info is null. Setting the last applied indexto:(t:0, i:~)
2019-09-19 10:26:55,287 [pool-60-thread-1] INFO  server.RaftServerConfigKeys (ConfUtils.java:logGet(43)) - raft.server.leader.election.timeout = 120s (custom)
2019-09-19 10:26:55,288 [pool-60-thread-1] INFO  server.RaftServerConfigKeys (ConfUtils.java:logGet(43)) - raft.server.log.use.memory = false (default)
2019-09-19 10:26:55,288 [pool-60-thread-1] INFO  server.RaftServerConfigKeys (ConfUtils.java:logGet(43)) - raft.server.log.purge.gap = 1000000 (custom)
2019-09-19 10:26:55,288 [pool-60-thread-1] INFO  server.RaftServerConfigKeys (ConfUtils.java:logGet(43)) - raft.server.log.appender.buffer.byte-limit = 33554432 (custom)
2019-09-19 10:26:55,288 [pool-60-thread-1] INFO  server.RaftServerConfigKeys (ConfUtils.java:logGet(43)) - raft.server.log.segment.size.max = 1048576 (custom)
2019-09-19 10:26:55,288 [pool-60-thread-1] INFO  server.RaftServerConfigKeys (ConfUtils.java:logGet(43)) - raft.server.log.segment.cache.num.max = 2 (custom)
2019-09-19 10:26:55,288 [pool-60-thread-1] INFO  segmented.SegmentedRaftLogWorker (SegmentedRaftLogWorker.java:<init>(172)) - new 1692dd7e-eca0-4ee0-be13-a7fe013a1be4-SegmentedRaftLogWorker:Storage Directory /workdir/hadoop-ozone/ozonefs/target/test-dir/MiniOzoneClusterImpl-c4ccaed8-e682-4870-947c-cf1864f77c00/datanode-3/data/ratis/d2c028ae-c9ed-45ef-89ab-72ee2e419aaa for RaftStorage:Storage Directory /workdir/hadoop-ozone/ozonefs/target/test-dir/MiniOzoneClusterImpl-c4ccaed8-e682-4870-947c-cf1864f77c00/datanode-3/data/ratis/d2c028ae-c9ed-45ef-89ab-72ee2e419aaa
2019-09-19 10:26:55,288 [pool-60-thread-1] INFO  server.RaftServerConfigKeys (ConfUtils.java:logGet(43)) - raft.server.log.queue.byte-limit = 2147483647 (custom)
2019-09-19 10:26:55,288 [pool-60-thread-1] INFO  server.RaftServerConfigKeys (ConfUtils.java:logGet(43)) - raft.server.log.queue.element-limit = 1024 (custom)
2019-09-19 10:26:55,289 [pool-60-thread-1] INFO  server.RaftServerConfigKeys (ConfUtils.java:logGet(43)) - raft.server.log.segment.size.max = 1048576 (custom)
2019-09-19 10:26:55,289 [pool-60-thread-1] INFO  server.RaftServerConfigKeys (ConfUtils.java:logGet(43)) - raft.server.log.preallocated.size = 16384 (custom)
2019-09-19 10:26:55,289 [pool-60-thread-1] INFO  server.RaftServerConfigKeys (ConfUtils.java:logGet(43)) - raft.server.log.write.buffer.size = 33554432 (custom)
2019-09-19 10:26:55,289 [pool-60-thread-1] INFO  server.RaftServerConfigKeys (ConfUtils.java:logGet(43)) - raft.server.log.force.sync.num = 128 (default)
2019-09-19 10:26:55,289 [pool-60-thread-1] INFO  server.RaftServerConfigKeys (ConfUtils.java:logGet(43)) - raft.server.log.statemachine.data.sync = true (default)
2019-09-19 10:26:55,289 [pool-60-thread-1] INFO  server.RaftServerConfigKeys (ConfUtils.java:logGet(43)) - raft.server.log.statemachine.data.sync.timeout = 10s (default)
2019-09-19 10:26:55,289 [pool-60-thread-1] INFO  server.RaftServerConfigKeys (ConfUtils.java:logGet(43)) - raft.server.log.statemachine.data.sync.timeout.retry = -1 (default)
2019-09-19 10:26:55,289 [pool-60-thread-1] INFO  server.RaftServerConfigKeys (ConfUtils.java:logGet(43)) - raft.server.log.statemachine.data.caching.enabled = true (custom)
2019-09-19 10:26:55,290 [pool-60-thread-1] INFO  segmented.SegmentedRaftLogWorker (SegmentedRaftLogWorker.java:lambda$new$0(132)) - 1692dd7e-eca0-4ee0-be13-a7fe013a1be4-SegmentedRaftLogWorker:Storage Directory /workdir/hadoop-ozone/ozonefs/target/test-dir/MiniOzoneClusterImpl-c4ccaed8-e682-4870-947c-cf1864f77c00/datanode-3/data/ratis/d2c028ae-c9ed-45ef-89ab-72ee2e419aaa: flushIndex: setUnconditionally 0 -> -1
2019-09-19 10:26:55,290 [pool-60-thread-1] INFO  server.RaftServerConfigKeys (ConfUtils.java:logGet(43)) - raft.server.snapshot.auto.trigger.enabled = true (custom)
2019-09-19 10:26:55,290 [pool-60-thread-1] INFO  server.RaftServerConfigKeys (ConfUtils.java:logGet(43)) - raft.server.snapshot.auto.trigger.threshold = 10000 (custom)
2019-09-19 10:26:55,290 [pool-60-thread-1] INFO  server.RaftServerConfigKeys (ConfUtils.java:logGet(43)) - raft.server.retrycache.expirytime = 600000ms (custom)
2019-09-19 10:26:55,291 [pool-60-thread-1] INFO  impl.RaftServerImpl (RaftServerImpl.java:start(180)) - 1692dd7e-eca0-4ee0-be13-a7fe013a1be4: start group-72EE2E419AAA
2019-09-19 10:26:55,291 [pool-60-thread-1] INFO  impl.RaftServerImpl (RaftServerImpl.java:setRole(171)) - 1692dd7e-eca0-4ee0-be13-a7fe013a1be4:group-72EE2E419AAA changes role from null to FOLLOWER at term 0 for startAsFollower
2019-09-19 10:26:55,291 [pool-60-thread-1] INFO  impl.RoleInfo (RoleInfo.java:updateAndGet(143)) - 1692dd7e-eca0-4ee0-be13-a7fe013a1be4: start FollowerState
2019-09-19 10:26:55,291 [pool-60-thread-1] INFO  util.JmxRegister (JmxRegister.java:tryRegister(44)) - Successfully registered JMX Bean with object name Ratis:service=RaftServer,group=group-72EE2E419AAA,id=1692dd7e-eca0-4ee0-be13-a7fe013a1be4
2019-09-19 10:26:55,304 [RatisPipelineUtilsThread] INFO  pipeline.PipelineStateManager (PipelineStateManager.java:addPipeline(56)) - Created pipeline Pipeline[ Id: d2c028ae-c9ed-45ef-89ab-72ee2e419aaa, Nodes: 1692dd7e-eca0-4ee0-be13-a7fe013a1be4{ip: 192.168.157.204, host: pr-hdds-1569-cpgw4-1311585219, networkLocation: /default-rack, certSerialId: null}, Type:RATIS, Factor:ONE, State:OPEN]
2019-09-19 10:26:55,317 [grpc-default-executor-0] INFO  impl.RaftServerProxy (RaftServerProxy.java:addNew(89)) - 7e4b2fb6-17ca-4cf7-9c63-77c56d6e2e1f: addNew group-FC690495CB19:[7e4b2fb6-17ca-4cf7-9c63-77c56d6e2e1f:192.168.157.204:45021] returns group-FC690495CB19:java.util.concurrent.CompletableFuture@2d168ab8[Not completed]
2019-09-19 10:26:55,318 [pool-71-thread-1] INFO  impl.RaftServerImpl (RaftServerImpl.java:<init>(93)) - 7e4b2fb6-17ca-4cf7-9c63-77c56d6e2e1f: new RaftServerImpl for group-FC690495CB19:[7e4b2fb6-17ca-4cf7-9c63-77c56d6e2e1f:192.168.157.204:45021] with ContainerStateMachine:uninitialized
2019-09-19 10:26:55,319 [pool-71-thread-1] INFO  server.RaftServerConfigKeys (ConfUtils.java:logGet(43)) - raft.server.rpc.timeout.min = 5s (custom)
2019-09-19 10:26:55,319 [pool-71-thread-1] INFO  server.RaftServerConfigKeys (ConfUtils.java:logGet(43)) - raft.server.rpc.timeout.max = 5200ms (custom)
2019-09-19 10:26:55,319 [pool-71-thread-1] INFO  server.RaftServerConfigKeys (ConfUtils.java:logGet(43)) - raft.server.rpcslowness.timeout = 120s (custom)
2019-09-19 10:26:55,319 [pool-71-thread-1] INFO  server.RaftServerConfigKeys (ConfUtils.java:logGet(43)) - raft.server.sleep.deviation.threshold = 300 (default)
2019-09-19 10:26:55,319 [pool-71-thread-1] INFO  server.RaftServerConfigKeys (ConfUtils.java:logGet(43)) - raft.server.log.appender.install.snapshot.enabled = false (custom)
2019-09-19 10:26:55,319 [pool-71-thread-1] INFO  impl.RaftServerImpl (ServerState.java:<init>(105)) - 7e4b2fb6-17ca-4cf7-9c63-77c56d6e2e1f:group-FC690495CB19 ConfigurationManager, init=-1: [7e4b2fb6-17ca-4cf7-9c63-77c56d6e2e1f:192.168.157.204:45021], old=null, confs=<EMPTY_MAP>
2019-09-19 10:26:55,319 [pool-71-thread-1] INFO  server.RaftServerConfigKeys (ConfUtils.java:logGet(43)) - raft.server.storage.dir = [/workdir/hadoop-ozone/ozonefs/target/test-dir/MiniOzoneClusterImpl-c4ccaed8-e682-4870-947c-cf1864f77c00/datanode-4/data/ratis] (custom)
2019-09-19 10:26:55,320 [pool-71-thread-1] INFO  storage.RaftStorageDirectory (RaftStorageDirectory.java:analyzeStorage(246)) - The storage directory /workdir/hadoop-ozone/ozonefs/target/test-dir/MiniOzoneClusterImpl-c4ccaed8-e682-4870-947c-cf1864f77c00/datanode-4/data/ratis/ff0fc8cd-f99d-41df-8763-fc690495cb19 does not exist. Creating ...
2019-09-19 10:26:55,334 [pool-71-thread-1] INFO  storage.RaftStorageDirectory (RaftStorageDirectory.java:tryLock(328)) - Lock on /workdir/hadoop-ozone/ozonefs/target/test-dir/MiniOzoneClusterImpl-c4ccaed8-e682-4870-947c-cf1864f77c00/datanode-4/data/ratis/ff0fc8cd-f99d-41df-8763-fc690495cb19/in_use.lock acquired by nodename 26715@pr-hdds-1569-cpgw4-1311585219
2019-09-19 10:26:55,347 | INFO  | SCMAudit | user=jenkins1000 | ip=192.168.157.204 | op=SEND_HEARTBEAT {datanodeUUID=8b25b6fb-e7f9-4ea8-8d7d-823d8ea82140, command=[]} | ret=SUCCESS |  
2019-09-19 10:26:55,577 | INFO  | SCMAudit | user=jenkins1000 | ip=192.168.157.204 | op=SEND_HEARTBEAT {datanodeUUID=c972e26d-e03f-48a1-a9e9-2dea9337c66d, command=[]} | ret=SUCCESS |  
2019-09-19 10:26:55,660 [pool-71-thread-1] INFO  storage.RaftStorage (RaftStorage.java:format(72)) - Storage directory /workdir/hadoop-ozone/ozonefs/target/test-dir/MiniOzoneClusterImpl-c4ccaed8-e682-4870-947c-cf1864f77c00/datanode-4/data/ratis/ff0fc8cd-f99d-41df-8763-fc690495cb19 has been successfully formatted.
2019-09-19 10:26:55,661 [pool-71-thread-1] INFO  ratis.ContainerStateMachine (ContainerStateMachine.java:loadSnapshot(226)) - group-FC690495CB19: The snapshot info is null. Setting the last applied indexto:(t:0, i:~)
2019-09-19 10:26:55,661 [pool-71-thread-1] INFO  server.RaftServerConfigKeys (ConfUtils.java:logGet(43)) - raft.server.leader.election.timeout = 120s (custom)
2019-09-19 10:26:55,661 [pool-71-thread-1] INFO  server.RaftServerConfigKeys (ConfUtils.java:logGet(43)) - raft.server.log.use.memory = false (default)
2019-09-19 10:26:55,661 [pool-71-thread-1] INFO  server.RaftServerConfigKeys (ConfUtils.java:logGet(43)) - raft.server.log.purge.gap = 1000000 (custom)
2019-09-19 10:26:55,662 [pool-71-thread-1] INFO  server.RaftServerConfigKeys (ConfUtils.java:logGet(43)) - raft.server.log.appender.buffer.byte-limit = 33554432 (custom)
2019-09-19 10:26:55,662 [pool-71-thread-1] INFO  server.RaftServerConfigKeys (ConfUtils.java:logGet(43)) - raft.server.log.segment.size.max = 1048576 (custom)
2019-09-19 10:26:55,662 [pool-71-thread-1] INFO  server.RaftServerConfigKeys (ConfUtils.java:logGet(43)) - raft.server.log.segment.cache.num.max = 2 (custom)
2019-09-19 10:26:55,662 [pool-71-thread-1] INFO  segmented.SegmentedRaftLogWorker (SegmentedRaftLogWorker.java:<init>(172)) - new 7e4b2fb6-17ca-4cf7-9c63-77c56d6e2e1f-SegmentedRaftLogWorker:Storage Directory /workdir/hadoop-ozone/ozonefs/target/test-dir/MiniOzoneClusterImpl-c4ccaed8-e682-4870-947c-cf1864f77c00/datanode-4/data/ratis/ff0fc8cd-f99d-41df-8763-fc690495cb19 for RaftStorage:Storage Directory /workdir/hadoop-ozone/ozonefs/target/test-dir/MiniOzoneClusterImpl-c4ccaed8-e682-4870-947c-cf1864f77c00/datanode-4/data/ratis/ff0fc8cd-f99d-41df-8763-fc690495cb19
2019-09-19 10:26:55,662 [pool-71-thread-1] INFO  server.RaftServerConfigKeys (ConfUtils.java:logGet(43)) - raft.server.log.queue.byte-limit = 2147483647 (custom)
2019-09-19 10:26:55,663 [pool-71-thread-1] INFO  server.RaftServerConfigKeys (ConfUtils.java:logGet(43)) - raft.server.log.queue.element-limit = 1024 (custom)
2019-09-19 10:26:55,663 [pool-71-thread-1] INFO  server.RaftServerConfigKeys (ConfUtils.java:logGet(43)) - raft.server.log.segment.size.max = 1048576 (custom)
2019-09-19 10:26:55,663 [pool-71-thread-1] INFO  server.RaftServerConfigKeys (ConfUtils.java:logGet(43)) - raft.server.log.preallocated.size = 16384 (custom)
2019-09-19 10:26:55,663 [pool-71-thread-1] INFO  server.RaftServerConfigKeys (ConfUtils.java:logGet(43)) - raft.server.log.write.buffer.size = 33554432 (custom)
2019-09-19 10:26:55,663 [pool-71-thread-1] INFO  server.RaftServerConfigKeys (ConfUtils.java:logGet(43)) - raft.server.log.force.sync.num = 128 (default)
2019-09-19 10:26:55,663 [pool-71-thread-1] INFO  server.RaftServerConfigKeys (ConfUtils.java:logGet(43)) - raft.server.log.statemachine.data.sync = true (default)
2019-09-19 10:26:55,664 [pool-71-thread-1] INFO  server.RaftServerConfigKeys (ConfUtils.java:logGet(43)) - raft.server.log.statemachine.data.sync.timeout = 10s (default)
2019-09-19 10:26:55,664 [pool-71-thread-1] INFO  server.RaftServerConfigKeys (ConfUtils.java:logGet(43)) - raft.server.log.statemachine.data.sync.timeout.retry = -1 (default)
2019-09-19 10:26:55,664 [pool-71-thread-1] INFO  server.RaftServerConfigKeys (ConfUtils.java:logGet(43)) - raft.server.log.statemachine.data.caching.enabled = true (custom)
2019-09-19 10:26:55,664 [pool-71-thread-1] INFO  segmented.SegmentedRaftLogWorker (SegmentedRaftLogWorker.java:lambda$new$0(132)) - 7e4b2fb6-17ca-4cf7-9c63-77c56d6e2e1f-SegmentedRaftLogWorker:Storage Directory /workdir/hadoop-ozone/ozonefs/target/test-dir/MiniOzoneClusterImpl-c4ccaed8-e682-4870-947c-cf1864f77c00/datanode-4/data/ratis/ff0fc8cd-f99d-41df-8763-fc690495cb19: flushIndex: setUnconditionally 0 -> -1
2019-09-19 10:26:55,665 [pool-71-thread-1] INFO  server.RaftServerConfigKeys (ConfUtils.java:logGet(43)) - raft.server.snapshot.auto.trigger.enabled = true (custom)
2019-09-19 10:26:55,665 [pool-71-thread-1] INFO  server.RaftServerConfigKeys (ConfUtils.java:logGet(43)) - raft.server.snapshot.auto.trigger.threshold = 10000 (custom)
2019-09-19 10:26:55,665 [pool-71-thread-1] INFO  server.RaftServerConfigKeys (ConfUtils.java:logGet(43)) - raft.server.retrycache.expirytime = 600000ms (custom)
2019-09-19 10:26:55,666 [pool-71-thread-1] INFO  impl.RaftServerImpl (RaftServerImpl.java:start(180)) - 7e4b2fb6-17ca-4cf7-9c63-77c56d6e2e1f: start group-FC690495CB19
2019-09-19 10:26:55,666 [pool-71-thread-1] INFO  impl.RaftServerImpl (RaftServerImpl.java:setRole(171)) - 7e4b2fb6-17ca-4cf7-9c63-77c56d6e2e1f:group-FC690495CB19 changes role from null to FOLLOWER at term 0 for startAsFollower
2019-09-19 10:26:55,666 [pool-71-thread-1] INFO  impl.RoleInfo (RoleInfo.java:updateAndGet(143)) - 7e4b2fb6-17ca-4cf7-9c63-77c56d6e2e1f: start FollowerState
2019-09-19 10:26:55,666 [pool-71-thread-1] INFO  util.JmxRegister (JmxRegister.java:tryRegister(44)) - Successfully registered JMX Bean with object name Ratis:service=RaftServer,group=group-FC690495CB19,id=7e4b2fb6-17ca-4cf7-9c63-77c56d6e2e1f
2019-09-19 10:26:55,686 [RatisPipelineUtilsThread] INFO  pipeline.PipelineStateManager (PipelineStateManager.java:addPipeline(56)) - Created pipeline Pipeline[ Id: ff0fc8cd-f99d-41df-8763-fc690495cb19, Nodes: 7e4b2fb6-17ca-4cf7-9c63-77c56d6e2e1f{ip: 192.168.157.204, host: pr-hdds-1569-cpgw4-1311585219, networkLocation: /default-rack, certSerialId: null}, Type:RATIS, Factor:ONE, State:OPEN]
2019-09-19 10:26:55,701 [grpc-default-executor-0] INFO  impl.RaftServerProxy (RaftServerProxy.java:addNew(89)) - 84c75018-969a-4fca-ac0f-34cccc99d928: addNew group-C8331812D69B:[84c75018-969a-4fca-ac0f-34cccc99d928:192.168.157.204:41935] returns group-C8331812D69B:java.util.concurrent.CompletableFuture@12c9d101[Not completed]
2019-09-19 10:26:55,703 [pool-49-thread-1] INFO  impl.RaftServerImpl (RaftServerImpl.java:<init>(93)) - 84c75018-969a-4fca-ac0f-34cccc99d928: new RaftServerImpl for group-C8331812D69B:[84c75018-969a-4fca-ac0f-34cccc99d928:192.168.157.204:41935] with ContainerStateMachine:uninitialized
2019-09-19 10:26:55,703 [pool-49-thread-1] INFO  server.RaftServerConfigKeys (ConfUtils.java:logGet(43)) - raft.server.rpc.timeout.min = 5s (custom)
2019-09-19 10:26:55,703 [pool-49-thread-1] INFO  server.RaftServerConfigKeys (ConfUtils.java:logGet(43)) - raft.server.rpc.timeout.max = 5200ms (custom)
2019-09-19 10:26:55,703 [pool-49-thread-1] INFO  server.RaftServerConfigKeys (ConfUtils.java:logGet(43)) - raft.server.rpcslowness.timeout = 120s (custom)
2019-09-19 10:26:55,703 [pool-49-thread-1] INFO  server.RaftServerConfigKeys (ConfUtils.java:logGet(43)) - raft.server.sleep.deviation.threshold = 300 (default)
2019-09-19 10:26:55,704 [pool-49-thread-1] INFO  server.RaftServerConfigKeys (ConfUtils.java:logGet(43)) - raft.server.log.appender.install.snapshot.enabled = false (custom)
2019-09-19 10:26:55,704 [pool-49-thread-1] INFO  impl.RaftServerImpl (ServerState.java:<init>(105)) - 84c75018-969a-4fca-ac0f-34cccc99d928:group-C8331812D69B ConfigurationManager, init=-1: [84c75018-969a-4fca-ac0f-34cccc99d928:192.168.157.204:41935], old=null, confs=<EMPTY_MAP>
2019-09-19 10:26:55,704 [pool-49-thread-1] INFO  server.RaftServerConfigKeys (ConfUtils.java:logGet(43)) - raft.server.storage.dir = [/workdir/hadoop-ozone/ozonefs/target/test-dir/MiniOzoneClusterImpl-c4ccaed8-e682-4870-947c-cf1864f77c00/datanode-2/data/ratis] (custom)
2019-09-19 10:26:55,704 [pool-49-thread-1] INFO  storage.RaftStorageDirectory (RaftStorageDirectory.java:analyzeStorage(246)) - The storage directory /workdir/hadoop-ozone/ozonefs/target/test-dir/MiniOzoneClusterImpl-c4ccaed8-e682-4870-947c-cf1864f77c00/datanode-2/data/ratis/e529e12a-927b-425a-b4f8-c8331812d69b does not exist. Creating ...
2019-09-19 10:26:55,712 | INFO  | SCMAudit | user=jenkins1000 | ip=192.168.157.204 | op=SEND_HEARTBEAT {datanodeUUID=f4f61464-0bdf-492b-ac84-d659f01f9139, command=[]} | ret=SUCCESS |  
2019-09-19 10:26:55,750 | INFO  | SCMAudit | user=jenkins1000 | ip=192.168.157.204 | op=SEND_HEARTBEAT {datanodeUUID=1692dd7e-eca0-4ee0-be13-a7fe013a1be4, command=[]} | ret=SUCCESS |  
2019-09-19 10:26:55,750 | INFO  | SCMAudit | user=jenkins1000 | ip=192.168.157.204 | op=SEND_HEARTBEAT {datanodeUUID=84c75018-969a-4fca-ac0f-34cccc99d928, command=[]} | ret=SUCCESS |  
2019-09-19 10:26:55,807 | INFO  | SCMAudit | user=jenkins1000 | ip=192.168.157.204 | op=SEND_HEARTBEAT {datanodeUUID=10ec1051-6571-4c90-b3f9-a3c2840a089b, command=[]} | ret=SUCCESS |  
2019-09-19 10:26:55,880 | INFO  | SCMAudit | user=jenkins1000 | ip=192.168.157.204 | op=SEND_HEARTBEAT {datanodeUUID=7e4b2fb6-17ca-4cf7-9c63-77c56d6e2e1f, command=[]} | ret=SUCCESS |  
2019-09-19 10:26:55,960 [pool-49-thread-1] INFO  storage.RaftStorageDirectory (RaftStorageDirectory.java:tryLock(328)) - Lock on /workdir/hadoop-ozone/ozonefs/target/test-dir/MiniOzoneClusterImpl-c4ccaed8-e682-4870-947c-cf1864f77c00/datanode-2/data/ratis/e529e12a-927b-425a-b4f8-c8331812d69b/in_use.lock acquired by nodename 26715@pr-hdds-1569-cpgw4-1311585219
2019-09-19 10:26:55,964 [pool-49-thread-1] INFO  storage.RaftStorage (RaftStorage.java:format(72)) - Storage directory /workdir/hadoop-ozone/ozonefs/target/test-dir/MiniOzoneClusterImpl-c4ccaed8-e682-4870-947c-cf1864f77c00/datanode-2/data/ratis/e529e12a-927b-425a-b4f8-c8331812d69b has been successfully formatted.
2019-09-19 10:26:55,965 [pool-49-thread-1] INFO  ratis.ContainerStateMachine (ContainerStateMachine.java:loadSnapshot(226)) - group-C8331812D69B: The snapshot info is null. Setting the last applied indexto:(t:0, i:~)
2019-09-19 10:26:55,965 [pool-49-thread-1] INFO  server.RaftServerConfigKeys (ConfUtils.java:logGet(43)) - raft.server.leader.election.timeout = 120s (custom)
2019-09-19 10:26:55,965 [pool-49-thread-1] INFO  server.RaftServerConfigKeys (ConfUtils.java:logGet(43)) - raft.server.log.use.memory = false (default)
2019-09-19 10:26:55,965 [pool-49-thread-1] INFO  server.RaftServerConfigKeys (ConfUtils.java:logGet(43)) - raft.server.log.purge.gap = 1000000 (custom)
2019-09-19 10:26:55,965 [pool-49-thread-1] INFO  server.RaftServerConfigKeys (ConfUtils.java:logGet(43)) - raft.server.log.appender.buffer.byte-limit = 33554432 (custom)
2019-09-19 10:26:55,966 [pool-49-thread-1] INFO  server.RaftServerConfigKeys (ConfUtils.java:logGet(43)) - raft.server.log.segment.size.max = 1048576 (custom)
2019-09-19 10:26:55,966 [pool-49-thread-1] INFO  server.RaftServerConfigKeys (ConfUtils.java:logGet(43)) - raft.server.log.segment.cache.num.max = 2 (custom)
2019-09-19 10:26:55,966 [pool-49-thread-1] INFO  segmented.SegmentedRaftLogWorker (SegmentedRaftLogWorker.java:<init>(172)) - new 84c75018-969a-4fca-ac0f-34cccc99d928-SegmentedRaftLogWorker:Storage Directory /workdir/hadoop-ozone/ozonefs/target/test-dir/MiniOzoneClusterImpl-c4ccaed8-e682-4870-947c-cf1864f77c00/datanode-2/data/ratis/e529e12a-927b-425a-b4f8-c8331812d69b for RaftStorage:Storage Directory /workdir/hadoop-ozone/ozonefs/target/test-dir/MiniOzoneClusterImpl-c4ccaed8-e682-4870-947c-cf1864f77c00/datanode-2/data/ratis/e529e12a-927b-425a-b4f8-c8331812d69b
2019-09-19 10:26:55,967 [pool-49-thread-1] INFO  server.RaftServerConfigKeys (ConfUtils.java:logGet(43)) - raft.server.log.queue.byte-limit = 2147483647 (custom)
2019-09-19 10:26:55,967 [pool-49-thread-1] INFO  server.RaftServerConfigKeys (ConfUtils.java:logGet(43)) - raft.server.log.queue.element-limit = 1024 (custom)
2019-09-19 10:26:55,967 [pool-49-thread-1] INFO  server.RaftServerConfigKeys (ConfUtils.java:logGet(43)) - raft.server.log.segment.size.max = 1048576 (custom)
2019-09-19 10:26:55,967 [pool-49-thread-1] INFO  server.RaftServerConfigKeys (ConfUtils.java:logGet(43)) - raft.server.log.preallocated.size = 16384 (custom)
2019-09-19 10:26:55,968 [pool-49-thread-1] INFO  server.RaftServerConfigKeys (ConfUtils.java:logGet(43)) - raft.server.log.write.buffer.size = 33554432 (custom)
2019-09-19 10:26:55,968 [pool-49-thread-1] INFO  server.RaftServerConfigKeys (ConfUtils.java:logGet(43)) - raft.server.log.force.sync.num = 128 (default)
2019-09-19 10:26:55,968 [pool-49-thread-1] INFO  server.RaftServerConfigKeys (ConfUtils.java:logGet(43)) - raft.server.log.statemachine.data.sync = true (default)
2019-09-19 10:26:55,968 [pool-49-thread-1] INFO  server.RaftServerConfigKeys (ConfUtils.java:logGet(43)) - raft.server.log.statemachine.data.sync.timeout = 10s (default)
2019-09-19 10:26:55,969 [pool-49-thread-1] INFO  server.RaftServerConfigKeys (ConfUtils.java:logGet(43)) - raft.server.log.statemachine.data.sync.timeout.retry = -1 (default)
2019-09-19 10:26:55,969 [pool-49-thread-1] INFO  server.RaftServerConfigKeys (ConfUtils.java:logGet(43)) - raft.server.log.statemachine.data.caching.enabled = true (custom)
2019-09-19 10:26:55,977 [pool-49-thread-1] INFO  segmented.SegmentedRaftLogWorker (SegmentedRaftLogWorker.java:lambda$new$0(132)) - 84c75018-969a-4fca-ac0f-34cccc99d928-SegmentedRaftLogWorker:Storage Directory /workdir/hadoop-ozone/ozonefs/target/test-dir/MiniOzoneClusterImpl-c4ccaed8-e682-4870-947c-cf1864f77c00/datanode-2/data/ratis/e529e12a-927b-425a-b4f8-c8331812d69b: flushIndex: setUnconditionally 0 -> -1
2019-09-19 10:26:55,978 [pool-49-thread-1] INFO  server.RaftServerConfigKeys (ConfUtils.java:logGet(43)) - raft.server.snapshot.auto.trigger.enabled = true (custom)
2019-09-19 10:26:55,978 [pool-49-thread-1] INFO  server.RaftServerConfigKeys (ConfUtils.java:logGet(43)) - raft.server.snapshot.auto.trigger.threshold = 10000 (custom)
2019-09-19 10:26:55,979 [pool-49-thread-1] INFO  server.RaftServerConfigKeys (ConfUtils.java:logGet(43)) - raft.server.retrycache.expirytime = 600000ms (custom)
2019-09-19 10:26:55,979 [pool-49-thread-1] INFO  impl.RaftServerImpl (RaftServerImpl.java:start(180)) - 84c75018-969a-4fca-ac0f-34cccc99d928: start group-C8331812D69B
2019-09-19 10:26:55,979 [pool-49-thread-1] INFO  impl.RaftServerImpl (RaftServerImpl.java:setRole(171)) - 84c75018-969a-4fca-ac0f-34cccc99d928:group-C8331812D69B changes role from null to FOLLOWER at term 0 for startAsFollower
2019-09-19 10:26:55,980 [pool-49-thread-1] INFO  impl.RoleInfo (RoleInfo.java:updateAndGet(143)) - 84c75018-969a-4fca-ac0f-34cccc99d928: start FollowerState
2019-09-19 10:26:55,980 [pool-49-thread-1] INFO  util.JmxRegister (JmxRegister.java:tryRegister(44)) - Successfully registered JMX Bean with object name Ratis:service=RaftServer,group=group-C8331812D69B,id=84c75018-969a-4fca-ac0f-34cccc99d928
2019-09-19 10:26:55,989 [RatisPipelineUtilsThread] INFO  pipeline.PipelineStateManager (PipelineStateManager.java:addPipeline(56)) - Created pipeline Pipeline[ Id: e529e12a-927b-425a-b4f8-c8331812d69b, Nodes: 84c75018-969a-4fca-ac0f-34cccc99d928{ip: 192.168.157.204, host: pr-hdds-1569-cpgw4-1311585219, networkLocation: /default-rack, certSerialId: null}, Type:RATIS, Factor:ONE, State:OPEN]
2019-09-19 10:26:56,004 [grpc-default-executor-0] INFO  impl.RaftServerProxy (RaftServerProxy.java:addNew(89)) - 84c75018-969a-4fca-ac0f-34cccc99d928: addNew group-8DAD6B1887D7:[84c75018-969a-4fca-ac0f-34cccc99d928:192.168.157.204:41935] returns group-8DAD6B1887D7:java.util.concurrent.CompletableFuture@d37787c[Not completed]
2019-09-19 10:26:56,006 [pool-49-thread-1] INFO  impl.RaftServerImpl (RaftServerImpl.java:<init>(93)) - 84c75018-969a-4fca-ac0f-34cccc99d928: new RaftServerImpl for group-8DAD6B1887D7:[84c75018-969a-4fca-ac0f-34cccc99d928:192.168.157.204:41935] with ContainerStateMachine:uninitialized
2019-09-19 10:26:56,006 [pool-49-thread-1] INFO  server.RaftServerConfigKeys (ConfUtils.java:logGet(43)) - raft.server.rpc.timeout.min = 5s (custom)
2019-09-19 10:26:56,006 [pool-49-thread-1] INFO  server.RaftServerConfigKeys (ConfUtils.java:logGet(43)) - raft.server.rpc.timeout.max = 5200ms (custom)
2019-09-19 10:26:56,007 [pool-49-thread-1] INFO  server.RaftServerConfigKeys (ConfUtils.java:logGet(43)) - raft.server.rpcslowness.timeout = 120s (custom)
2019-09-19 10:26:56,007 [pool-49-thread-1] INFO  server.RaftServerConfigKeys (ConfUtils.java:logGet(43)) - raft.server.sleep.deviation.threshold = 300 (default)
2019-09-19 10:26:56,007 [pool-49-thread-1] INFO  server.RaftServerConfigKeys (ConfUtils.java:logGet(43)) - raft.server.log.appender.install.snapshot.enabled = false (custom)
2019-09-19 10:26:56,007 [pool-49-thread-1] INFO  impl.RaftServerImpl (ServerState.java:<init>(105)) - 84c75018-969a-4fca-ac0f-34cccc99d928:group-8DAD6B1887D7 ConfigurationManager, init=-1: [84c75018-969a-4fca-ac0f-34cccc99d928:192.168.157.204:41935], old=null, confs=<EMPTY_MAP>
2019-09-19 10:26:56,007 [pool-49-thread-1] INFO  server.RaftServerConfigKeys (ConfUtils.java:logGet(43)) - raft.server.storage.dir = [/workdir/hadoop-ozone/ozonefs/target/test-dir/MiniOzoneClusterImpl-c4ccaed8-e682-4870-947c-cf1864f77c00/datanode-2/data/ratis] (custom)
2019-09-19 10:26:56,008 [pool-49-thread-1] INFO  storage.RaftStorageDirectory (RaftStorageDirectory.java:analyzeStorage(246)) - The storage directory /workdir/hadoop-ozone/ozonefs/target/test-dir/MiniOzoneClusterImpl-c4ccaed8-e682-4870-947c-cf1864f77c00/datanode-2/data/ratis/d5667222-cb12-4a25-b41d-8dad6b1887d7 does not exist. Creating ...
2019-09-19 10:26:56,015 [pool-49-thread-1] INFO  storage.RaftStorageDirectory (RaftStorageDirectory.java:tryLock(328)) - Lock on /workdir/hadoop-ozone/ozonefs/target/test-dir/MiniOzoneClusterImpl-c4ccaed8-e682-4870-947c-cf1864f77c00/datanode-2/data/ratis/d5667222-cb12-4a25-b41d-8dad6b1887d7/in_use.lock acquired by nodename 26715@pr-hdds-1569-cpgw4-1311585219
2019-09-19 10:26:56,018 | INFO  | SCMAudit | user=jenkins1000 | ip=192.168.157.204 | op=SEND_HEARTBEAT {datanodeUUID=df1b99cc-36f2-45b6-8e95-51c50e156f0b, command=[]} | ret=SUCCESS |  
2019-09-19 10:26:56,044 | INFO  | SCMAudit | user=jenkins1000 | ip=192.168.157.204 | op=SEND_HEARTBEAT {datanodeUUID=39513c05-534c-4cc1-a39c-034925eb3fe7, command=[]} | ret=SUCCESS |  
2019-09-19 10:26:56,109 | INFO  | SCMAudit | user=jenkins1000 | ip=192.168.157.204 | op=SEND_HEARTBEAT {datanodeUUID=9c1babfd-24b9-43b5-a670-4d0e2dc3eec4, command=[]} | ret=SUCCESS |  
2019-09-19 10:26:56,147 [pool-49-thread-1] INFO  storage.RaftStorage (RaftStorage.java:format(72)) - Storage directory /workdir/hadoop-ozone/ozonefs/target/test-dir/MiniOzoneClusterImpl-c4ccaed8-e682-4870-947c-cf1864f77c00/datanode-2/data/ratis/d5667222-cb12-4a25-b41d-8dad6b1887d7 has been successfully formatted.
2019-09-19 10:26:56,148 [pool-49-thread-1] INFO  ratis.ContainerStateMachine (ContainerStateMachine.java:loadSnapshot(226)) - group-8DAD6B1887D7: The snapshot info is null. Setting the last applied indexto:(t:0, i:~)
2019-09-19 10:26:56,148 [pool-49-thread-1] INFO  server.RaftServerConfigKeys (ConfUtils.java:logGet(43)) - raft.server.leader.election.timeout = 120s (custom)
2019-09-19 10:26:56,148 [pool-49-thread-1] INFO  server.RaftServerConfigKeys (ConfUtils.java:logGet(43)) - raft.server.log.use.memory = false (default)
2019-09-19 10:26:56,148 [pool-49-thread-1] INFO  server.RaftServerConfigKeys (ConfUtils.java:logGet(43)) - raft.server.log.purge.gap = 1000000 (custom)
2019-09-19 10:26:56,148 [pool-49-thread-1] INFO  server.RaftServerConfigKeys (ConfUtils.java:logGet(43)) - raft.server.log.appender.buffer.byte-limit = 33554432 (custom)
2019-09-19 10:26:56,148 [pool-49-thread-1] INFO  server.RaftServerConfigKeys (ConfUtils.java:logGet(43)) - raft.server.log.segment.size.max = 1048576 (custom)
2019-09-19 10:26:56,149 [pool-49-thread-1] INFO  server.RaftServerConfigKeys (ConfUtils.java:logGet(43)) - raft.server.log.segment.cache.num.max = 2 (custom)
2019-09-19 10:26:56,149 [pool-49-thread-1] INFO  segmented.SegmentedRaftLogWorker (SegmentedRaftLogWorker.java:<init>(172)) - new 84c75018-969a-4fca-ac0f-34cccc99d928-SegmentedRaftLogWorker:Storage Directory /workdir/hadoop-ozone/ozonefs/target/test-dir/MiniOzoneClusterImpl-c4ccaed8-e682-4870-947c-cf1864f77c00/datanode-2/data/ratis/d5667222-cb12-4a25-b41d-8dad6b1887d7 for RaftStorage:Storage Directory /workdir/hadoop-ozone/ozonefs/target/test-dir/MiniOzoneClusterImpl-c4ccaed8-e682-4870-947c-cf1864f77c00/datanode-2/data/ratis/d5667222-cb12-4a25-b41d-8dad6b1887d7
2019-09-19 10:26:56,149 [pool-49-thread-1] INFO  server.RaftServerConfigKeys (ConfUtils.java:logGet(43)) - raft.server.log.queue.byte-limit = 2147483647 (custom)
2019-09-19 10:26:56,149 [pool-49-thread-1] INFO  server.RaftServerConfigKeys (ConfUtils.java:logGet(43)) - raft.server.log.queue.element-limit = 1024 (custom)
2019-09-19 10:26:56,149 [pool-49-thread-1] INFO  server.RaftServerConfigKeys (ConfUtils.java:logGet(43)) - raft.server.log.segment.size.max = 1048576 (custom)
2019-09-19 10:26:56,149 [pool-49-thread-1] INFO  server.RaftServerConfigKeys (ConfUtils.java:logGet(43)) - raft.server.log.preallocated.size = 16384 (custom)
2019-09-19 10:26:56,149 [pool-49-thread-1] INFO  server.RaftServerConfigKeys (ConfUtils.java:logGet(43)) - raft.server.log.write.buffer.size = 33554432 (custom)
2019-09-19 10:26:56,150 [pool-49-thread-1] INFO  server.RaftServerConfigKeys (ConfUtils.java:logGet(43)) - raft.server.log.force.sync.num = 128 (default)
2019-09-19 10:26:56,150 [pool-49-thread-1] INFO  server.RaftServerConfigKeys (ConfUtils.java:logGet(43)) - raft.server.log.statemachine.data.sync = true (default)
2019-09-19 10:26:56,150 [pool-49-thread-1] INFO  server.RaftServerConfigKeys (ConfUtils.java:logGet(43)) - raft.server.log.statemachine.data.sync.timeout = 10s (default)
2019-09-19 10:26:56,150 [pool-49-thread-1] INFO  server.RaftServerConfigKeys (ConfUtils.java:logGet(43)) - raft.server.log.statemachine.data.sync.timeout.retry = -1 (default)
2019-09-19 10:26:56,150 [pool-49-thread-1] INFO  server.RaftServerConfigKeys (ConfUtils.java:logGet(43)) - raft.server.log.statemachine.data.caching.enabled = true (custom)
2019-09-19 10:26:56,151 [pool-49-thread-1] INFO  segmented.SegmentedRaftLogWorker (SegmentedRaftLogWorker.java:lambda$new$0(132)) - 84c75018-969a-4fca-ac0f-34cccc99d928-SegmentedRaftLogWorker:Storage Directory /workdir/hadoop-ozone/ozonefs/target/test-dir/MiniOzoneClusterImpl-c4ccaed8-e682-4870-947c-cf1864f77c00/datanode-2/data/ratis/d5667222-cb12-4a25-b41d-8dad6b1887d7: flushIndex: setUnconditionally 0 -> -1
2019-09-19 10:26:56,151 [pool-49-thread-1] INFO  server.RaftServerConfigKeys (ConfUtils.java:logGet(43)) - raft.server.snapshot.auto.trigger.enabled = true (custom)
2019-09-19 10:26:56,151 [pool-49-thread-1] INFO  server.RaftServerConfigKeys (ConfUtils.java:logGet(43)) - raft.server.snapshot.auto.trigger.threshold = 10000 (custom)
2019-09-19 10:26:56,151 [pool-49-thread-1] INFO  server.RaftServerConfigKeys (ConfUtils.java:logGet(43)) - raft.server.retrycache.expirytime = 600000ms (custom)
2019-09-19 10:26:56,152 [pool-49-thread-1] INFO  impl.RaftServerImpl (RaftServerImpl.java:start(180)) - 84c75018-969a-4fca-ac0f-34cccc99d928: start group-8DAD6B1887D7
2019-09-19 10:26:56,152 [pool-49-thread-1] INFO  impl.RaftServerImpl (RaftServerImpl.java:setRole(171)) - 84c75018-969a-4fca-ac0f-34cccc99d928:group-8DAD6B1887D7 changes role from null to FOLLOWER at term 0 for startAsFollower
2019-09-19 10:26:56,152 [pool-49-thread-1] INFO  impl.RoleInfo (RoleInfo.java:updateAndGet(143)) - 84c75018-969a-4fca-ac0f-34cccc99d928: start FollowerState
2019-09-19 10:26:56,152 [pool-49-thread-1] INFO  util.JmxRegister (JmxRegister.java:tryRegister(44)) - Successfully registered JMX Bean with object name Ratis:service=RaftServer,group=group-8DAD6B1887D7,id=84c75018-969a-4fca-ac0f-34cccc99d928
2019-09-19 10:26:56,159 [RatisPipelineUtilsThread] INFO  pipeline.PipelineStateManager (PipelineStateManager.java:addPipeline(56)) - Created pipeline Pipeline[ Id: d5667222-cb12-4a25-b41d-8dad6b1887d7, Nodes: 84c75018-969a-4fca-ac0f-34cccc99d928{ip: 192.168.157.204, host: pr-hdds-1569-cpgw4-1311585219, networkLocation: /default-rack, certSerialId: null}, Type:RATIS, Factor:ONE, State:OPEN]
2019-09-19 10:26:56,174 [grpc-default-executor-0] INFO  impl.RaftServerProxy (RaftServerProxy.java:addNew(89)) - f4f61464-0bdf-492b-ac84-d659f01f9139: addNew group-A1D518C4C2EB:[f4f61464-0bdf-492b-ac84-d659f01f9139:192.168.157.204:35376] returns group-A1D518C4C2EB:java.util.concurrent.CompletableFuture@44768df2[Not completed]
2019-09-19 10:26:56,175 [pool-27-thread-1] INFO  impl.RaftServerImpl (RaftServerImpl.java:<init>(93)) - f4f61464-0bdf-492b-ac84-d659f01f9139: new RaftServerImpl for group-A1D518C4C2EB:[f4f61464-0bdf-492b-ac84-d659f01f9139:192.168.157.204:35376] with ContainerStateMachine:uninitialized
2019-09-19 10:26:56,176 [pool-27-thread-1] INFO  server.RaftServerConfigKeys (ConfUtils.java:logGet(43)) - raft.server.rpc.timeout.min = 5s (custom)
2019-09-19 10:26:56,176 [pool-27-thread-1] INFO  server.RaftServerConfigKeys (ConfUtils.java:logGet(43)) - raft.server.rpc.timeout.max = 5200ms (custom)
2019-09-19 10:26:56,176 [pool-27-thread-1] INFO  server.RaftServerConfigKeys (ConfUtils.java:logGet(43)) - raft.server.rpcslowness.timeout = 120s (custom)
2019-09-19 10:26:56,176 [pool-27-thread-1] INFO  server.RaftServerConfigKeys (ConfUtils.java:logGet(43)) - raft.server.sleep.deviation.threshold = 300 (default)
2019-09-19 10:26:56,176 [pool-27-thread-1] INFO  server.RaftServerConfigKeys (ConfUtils.java:logGet(43)) - raft.server.log.appender.install.snapshot.enabled = false (custom)
2019-09-19 10:26:56,176 [pool-27-thread-1] INFO  impl.RaftServerImpl (ServerState.java:<init>(105)) - f4f61464-0bdf-492b-ac84-d659f01f9139:group-A1D518C4C2EB ConfigurationManager, init=-1: [f4f61464-0bdf-492b-ac84-d659f01f9139:192.168.157.204:35376], old=null, confs=<EMPTY_MAP>
2019-09-19 10:26:56,176 [pool-27-thread-1] INFO  server.RaftServerConfigKeys (ConfUtils.java:logGet(43)) - raft.server.storage.dir = [/workdir/hadoop-ozone/ozonefs/target/test-dir/MiniOzoneClusterImpl-c4ccaed8-e682-4870-947c-cf1864f77c00/datanode-0/data/ratis] (custom)
2019-09-19 10:26:56,177 [pool-27-thread-1] INFO  storage.RaftStorageDirectory (RaftStorageDirectory.java:analyzeStorage(246)) - The storage directory /workdir/hadoop-ozone/ozonefs/target/test-dir/MiniOzoneClusterImpl-c4ccaed8-e682-4870-947c-cf1864f77c00/datanode-0/data/ratis/37771cfe-a071-415b-9f10-a1d518c4c2eb does not exist. Creating ...
2019-09-19 10:26:56,197 [pool-27-thread-1] INFO  storage.RaftStorageDirectory (RaftStorageDirectory.java:tryLock(328)) - Lock on /workdir/hadoop-ozone/ozonefs/target/test-dir/MiniOzoneClusterImpl-c4ccaed8-e682-4870-947c-cf1864f77c00/datanode-0/data/ratis/37771cfe-a071-415b-9f10-a1d518c4c2eb/in_use.lock acquired by nodename 26715@pr-hdds-1569-cpgw4-1311585219
2019-09-19 10:26:56,211 [pool-27-thread-1] INFO  storage.RaftStorage (RaftStorage.java:format(72)) - Storage directory /workdir/hadoop-ozone/ozonefs/target/test-dir/MiniOzoneClusterImpl-c4ccaed8-e682-4870-947c-cf1864f77c00/datanode-0/data/ratis/37771cfe-a071-415b-9f10-a1d518c4c2eb has been successfully formatted.
2019-09-19 10:26:56,212 [pool-27-thread-1] INFO  ratis.ContainerStateMachine (ContainerStateMachine.java:loadSnapshot(226)) - group-A1D518C4C2EB: The snapshot info is null. Setting the last applied indexto:(t:0, i:~)
2019-09-19 10:26:56,212 [pool-27-thread-1] INFO  server.RaftServerConfigKeys (ConfUtils.java:logGet(43)) - raft.server.leader.election.timeout = 120s (custom)
2019-09-19 10:26:56,212 [pool-27-thread-1] INFO  server.RaftServerConfigKeys (ConfUtils.java:logGet(43)) - raft.server.log.use.memory = false (default)
2019-09-19 10:26:56,212 [pool-27-thread-1] INFO  server.RaftServerConfigKeys (ConfUtils.java:logGet(43)) - raft.server.log.purge.gap = 1000000 (custom)
2019-09-19 10:26:56,212 [pool-27-thread-1] INFO  server.RaftServerConfigKeys (ConfUtils.java:logGet(43)) - raft.server.log.appender.buffer.byte-limit = 33554432 (custom)
2019-09-19 10:26:56,212 [pool-27-thread-1] INFO  server.RaftServerConfigKeys (ConfUtils.java:logGet(43)) - raft.server.log.segment.size.max = 1048576 (custom)
2019-09-19 10:26:56,212 [pool-27-thread-1] INFO  server.RaftServerConfigKeys (ConfUtils.java:logGet(43)) - raft.server.log.segment.cache.num.max = 2 (custom)
2019-09-19 10:26:56,213 [pool-27-thread-1] INFO  segmented.SegmentedRaftLogWorker (SegmentedRaftLogWorker.java:<init>(172)) - new f4f61464-0bdf-492b-ac84-d659f01f9139-SegmentedRaftLogWorker:Storage Directory /workdir/hadoop-ozone/ozonefs/target/test-dir/MiniOzoneClusterImpl-c4ccaed8-e682-4870-947c-cf1864f77c00/datanode-0/data/ratis/37771cfe-a071-415b-9f10-a1d518c4c2eb for RaftStorage:Storage Directory /workdir/hadoop-ozone/ozonefs/target/test-dir/MiniOzoneClusterImpl-c4ccaed8-e682-4870-947c-cf1864f77c00/datanode-0/data/ratis/37771cfe-a071-415b-9f10-a1d518c4c2eb
2019-09-19 10:26:56,213 [pool-27-thread-1] INFO  server.RaftServerConfigKeys (ConfUtils.java:logGet(43)) - raft.server.log.queue.byte-limit = 2147483647 (custom)
2019-09-19 10:26:56,213 [pool-27-thread-1] INFO  server.RaftServerConfigKeys (ConfUtils.java:logGet(43)) - raft.server.log.queue.element-limit = 1024 (custom)
2019-09-19 10:26:56,213 [pool-27-thread-1] INFO  server.RaftServerConfigKeys (ConfUtils.java:logGet(43)) - raft.server.log.segment.size.max = 1048576 (custom)
2019-09-19 10:26:56,213 [pool-27-thread-1] INFO  server.RaftServerConfigKeys (ConfUtils.java:logGet(43)) - raft.server.log.preallocated.size = 16384 (custom)
2019-09-19 10:26:56,213 [pool-27-thread-1] INFO  server.RaftServerConfigKeys (ConfUtils.java:logGet(43)) - raft.server.log.write.buffer.size = 33554432 (custom)
2019-09-19 10:26:56,213 [pool-27-thread-1] INFO  server.RaftServerConfigKeys (ConfUtils.java:logGet(43)) - raft.server.log.force.sync.num = 128 (default)
2019-09-19 10:26:56,213 [pool-27-thread-1] INFO  server.RaftServerConfigKeys (ConfUtils.java:logGet(43)) - raft.server.log.statemachine.data.sync = true (default)
2019-09-19 10:26:56,214 [pool-27-thread-1] INFO  server.RaftServerConfigKeys (ConfUtils.java:logGet(43)) - raft.server.log.statemachine.data.sync.timeout = 10s (default)
2019-09-19 10:26:56,214 [pool-27-thread-1] INFO  server.RaftServerConfigKeys (ConfUtils.java:logGet(43)) - raft.server.log.statemachine.data.sync.timeout.retry = -1 (default)
2019-09-19 10:26:56,214 [pool-27-thread-1] INFO  server.RaftServerConfigKeys (ConfUtils.java:logGet(43)) - raft.server.log.statemachine.data.caching.enabled = true (custom)
2019-09-19 10:26:56,214 [pool-27-thread-1] INFO  segmented.SegmentedRaftLogWorker (SegmentedRaftLogWorker.java:lambda$new$0(132)) - f4f61464-0bdf-492b-ac84-d659f01f9139-SegmentedRaftLogWorker:Storage Directory /workdir/hadoop-ozone/ozonefs/target/test-dir/MiniOzoneClusterImpl-c4ccaed8-e682-4870-947c-cf1864f77c00/datanode-0/data/ratis/37771cfe-a071-415b-9f10-a1d518c4c2eb: flushIndex: setUnconditionally 0 -> -1
2019-09-19 10:26:56,214 [pool-27-thread-1] INFO  server.RaftServerConfigKeys (ConfUtils.java:logGet(43)) - raft.server.snapshot.auto.trigger.enabled = true (custom)
2019-09-19 10:26:56,214 [pool-27-thread-1] INFO  server.RaftServerConfigKeys (ConfUtils.java:logGet(43)) - raft.server.snapshot.auto.trigger.threshold = 10000 (custom)
2019-09-19 10:26:56,215 [pool-27-thread-1] INFO  server.RaftServerConfigKeys (ConfUtils.java:logGet(43)) - raft.server.retrycache.expirytime = 600000ms (custom)
2019-09-19 10:26:56,215 [pool-27-thread-1] INFO  impl.RaftServerImpl (RaftServerImpl.java:start(180)) - f4f61464-0bdf-492b-ac84-d659f01f9139: start group-A1D518C4C2EB
2019-09-19 10:26:56,215 [pool-27-thread-1] INFO  impl.RaftServerImpl (RaftServerImpl.java:setRole(171)) - f4f61464-0bdf-492b-ac84-d659f01f9139:group-A1D518C4C2EB changes role from null to FOLLOWER at term 0 for startAsFollower
2019-09-19 10:26:56,215 [pool-27-thread-1] INFO  impl.RoleInfo (RoleInfo.java:updateAndGet(143)) - f4f61464-0bdf-492b-ac84-d659f01f9139: start FollowerState
2019-09-19 10:26:56,215 [pool-27-thread-1] INFO  util.JmxRegister (JmxRegister.java:tryRegister(44)) - Successfully registered JMX Bean with object name Ratis:service=RaftServer,group=group-A1D518C4C2EB,id=f4f61464-0bdf-492b-ac84-d659f01f9139
2019-09-19 10:26:56,222 [RatisPipelineUtilsThread] INFO  pipeline.PipelineStateManager (PipelineStateManager.java:addPipeline(56)) - Created pipeline Pipeline[ Id: 37771cfe-a071-415b-9f10-a1d518c4c2eb, Nodes: f4f61464-0bdf-492b-ac84-d659f01f9139{ip: 192.168.157.204, host: pr-hdds-1569-cpgw4-1311585219, networkLocation: /default-rack, certSerialId: null}, Type:RATIS, Factor:ONE, State:OPEN]
2019-09-19 10:26:56,235 [grpc-default-executor-0] INFO  impl.RaftServerProxy (RaftServerProxy.java:addNew(89)) - 7e4b2fb6-17ca-4cf7-9c63-77c56d6e2e1f: addNew group-C93B882EE1E1:[7e4b2fb6-17ca-4cf7-9c63-77c56d6e2e1f:192.168.157.204:45021] returns group-C93B882EE1E1:java.util.concurrent.CompletableFuture@744c7dba[Not completed]
2019-09-19 10:26:56,237 [pool-71-thread-1] INFO  impl.RaftServerImpl (RaftServerImpl.java:<init>(93)) - 7e4b2fb6-17ca-4cf7-9c63-77c56d6e2e1f: new RaftServerImpl for group-C93B882EE1E1:[7e4b2fb6-17ca-4cf7-9c63-77c56d6e2e1f:192.168.157.204:45021] with ContainerStateMachine:uninitialized
2019-09-19 10:26:56,238 [pool-71-thread-1] INFO  server.RaftServerConfigKeys (ConfUtils.java:logGet(43)) - raft.server.rpc.timeout.min = 5s (custom)
2019-09-19 10:26:56,238 [pool-71-thread-1] INFO  server.RaftServerConfigKeys (ConfUtils.java:logGet(43)) - raft.server.rpc.timeout.max = 5200ms (custom)
2019-09-19 10:26:56,238 [pool-71-thread-1] INFO  server.RaftServerConfigKeys (ConfUtils.java:logGet(43)) - raft.server.rpcslowness.timeout = 120s (custom)
2019-09-19 10:26:56,238 [pool-71-thread-1] INFO  server.RaftServerConfigKeys (ConfUtils.java:logGet(43)) - raft.server.sleep.deviation.threshold = 300 (default)
2019-09-19 10:26:56,238 [pool-71-thread-1] INFO  server.RaftServerConfigKeys (ConfUtils.java:logGet(43)) - raft.server.log.appender.install.snapshot.enabled = false (custom)
2019-09-19 10:26:56,238 [pool-71-thread-1] INFO  impl.RaftServerImpl (ServerState.java:<init>(105)) - 7e4b2fb6-17ca-4cf7-9c63-77c56d6e2e1f:group-C93B882EE1E1 ConfigurationManager, init=-1: [7e4b2fb6-17ca-4cf7-9c63-77c56d6e2e1f:192.168.157.204:45021], old=null, confs=<EMPTY_MAP>
2019-09-19 10:26:56,238 [pool-71-thread-1] INFO  server.RaftServerConfigKeys (ConfUtils.java:logGet(43)) - raft.server.storage.dir = [/workdir/hadoop-ozone/ozonefs/target/test-dir/MiniOzoneClusterImpl-c4ccaed8-e682-4870-947c-cf1864f77c00/datanode-4/data/ratis] (custom)
2019-09-19 10:26:56,239 [pool-71-thread-1] INFO  storage.RaftStorageDirectory (RaftStorageDirectory.java:analyzeStorage(246)) - The storage directory /workdir/hadoop-ozone/ozonefs/target/test-dir/MiniOzoneClusterImpl-c4ccaed8-e682-4870-947c-cf1864f77c00/datanode-4/data/ratis/907d0a5a-66a6-4244-86a0-c93b882ee1e1 does not exist. Creating ...
2019-09-19 10:26:56,252 [pool-71-thread-1] INFO  storage.RaftStorageDirectory (RaftStorageDirectory.java:tryLock(328)) - Lock on /workdir/hadoop-ozone/ozonefs/target/test-dir/MiniOzoneClusterImpl-c4ccaed8-e682-4870-947c-cf1864f77c00/datanode-4/data/ratis/907d0a5a-66a6-4244-86a0-c93b882ee1e1/in_use.lock acquired by nodename 26715@pr-hdds-1569-cpgw4-1311585219
2019-09-19 10:26:56,256 [Thread-284] INFO  impl.FollowerState (FollowerState.java:run(106)) - f4f61464-0bdf-492b-ac84-d659f01f9139:group-9F1A3B0DE824 changes to CANDIDATE, lastRpcTime:5107, electionTimeout:5107ms
2019-09-19 10:26:56,256 [Thread-284] INFO  impl.RoleInfo (RoleInfo.java:shutdownFollowerState(121)) - f4f61464-0bdf-492b-ac84-d659f01f9139: shutdown FollowerState
2019-09-19 10:26:56,257 [Thread-284] INFO  impl.RaftServerImpl (RaftServerImpl.java:setRole(171)) - f4f61464-0bdf-492b-ac84-d659f01f9139:group-9F1A3B0DE824 changes role from FOLLOWER to CANDIDATE at term 0 for changeToCandidate
2019-09-19 10:26:56,262 [Thread-284] INFO  impl.RoleInfo (RoleInfo.java:updateAndGet(143)) - f4f61464-0bdf-492b-ac84-d659f01f9139: start LeaderElection
2019-09-19 10:26:56,266 [pool-71-thread-1] INFO  storage.RaftStorage (RaftStorage.java:format(72)) - Storage directory /workdir/hadoop-ozone/ozonefs/target/test-dir/MiniOzoneClusterImpl-c4ccaed8-e682-4870-947c-cf1864f77c00/datanode-4/data/ratis/907d0a5a-66a6-4244-86a0-c93b882ee1e1 has been successfully formatted.
2019-09-19 10:26:56,271 [pool-71-thread-1] INFO  ratis.ContainerStateMachine (ContainerStateMachine.java:loadSnapshot(226)) - group-C93B882EE1E1: The snapshot info is null. Setting the last applied indexto:(t:0, i:~)
2019-09-19 10:26:56,271 [pool-71-thread-1] INFO  server.RaftServerConfigKeys (ConfUtils.java:logGet(43)) - raft.server.leader.election.timeout = 120s (custom)
2019-09-19 10:26:56,271 [pool-71-thread-1] INFO  server.RaftServerConfigKeys (ConfUtils.java:logGet(43)) - raft.server.log.use.memory = false (default)
2019-09-19 10:26:56,271 [pool-71-thread-1] INFO  server.RaftServerConfigKeys (ConfUtils.java:logGet(43)) - raft.server.log.purge.gap = 1000000 (custom)
2019-09-19 10:26:56,271 [pool-71-thread-1] INFO  server.RaftServerConfigKeys (ConfUtils.java:logGet(43)) - raft.server.log.appender.buffer.byte-limit = 33554432 (custom)
2019-09-19 10:26:56,271 [pool-71-thread-1] INFO  server.RaftServerConfigKeys (ConfUtils.java:logGet(43)) - raft.server.log.segment.size.max = 1048576 (custom)
2019-09-19 10:26:56,272 [pool-71-thread-1] INFO  server.RaftServerConfigKeys (ConfUtils.java:logGet(43)) - raft.server.log.segment.cache.num.max = 2 (custom)
2019-09-19 10:26:56,272 [pool-71-thread-1] INFO  segmented.SegmentedRaftLogWorker (SegmentedRaftLogWorker.java:<init>(172)) - new 7e4b2fb6-17ca-4cf7-9c63-77c56d6e2e1f-SegmentedRaftLogWorker:Storage Directory /workdir/hadoop-ozone/ozonefs/target/test-dir/MiniOzoneClusterImpl-c4ccaed8-e682-4870-947c-cf1864f77c00/datanode-4/data/ratis/907d0a5a-66a6-4244-86a0-c93b882ee1e1 for RaftStorage:Storage Directory /workdir/hadoop-ozone/ozonefs/target/test-dir/MiniOzoneClusterImpl-c4ccaed8-e682-4870-947c-cf1864f77c00/datanode-4/data/ratis/907d0a5a-66a6-4244-86a0-c93b882ee1e1
2019-09-19 10:26:56,272 [pool-71-thread-1] INFO  server.RaftServerConfigKeys (ConfUtils.java:logGet(43)) - raft.server.log.queue.byte-limit = 2147483647 (custom)
2019-09-19 10:26:56,272 [pool-71-thread-1] INFO  server.RaftServerConfigKeys (ConfUtils.java:logGet(43)) - raft.server.log.queue.element-limit = 1024 (custom)
2019-09-19 10:26:56,272 [pool-71-thread-1] INFO  server.RaftServerConfigKeys (ConfUtils.java:logGet(43)) - raft.server.log.segment.size.max = 1048576 (custom)
2019-09-19 10:26:56,272 [pool-71-thread-1] INFO  server.RaftServerConfigKeys (ConfUtils.java:logGet(43)) - raft.server.log.preallocated.size = 16384 (custom)
2019-09-19 10:26:56,272 [pool-71-thread-1] INFO  server.RaftServerConfigKeys (ConfUtils.java:logGet(43)) - raft.server.log.write.buffer.size = 33554432 (custom)
2019-09-19 10:26:56,273 [pool-71-thread-1] INFO  server.RaftServerConfigKeys (ConfUtils.java:logGet(43)) - raft.server.log.force.sync.num = 128 (default)
2019-09-19 10:26:56,273 [pool-71-thread-1] INFO  server.RaftServerConfigKeys (ConfUtils.java:logGet(43)) - raft.server.log.statemachine.data.sync = true (default)
2019-09-19 10:26:56,273 [pool-71-thread-1] INFO  server.RaftServerConfigKeys (ConfUtils.java:logGet(43)) - raft.server.log.statemachine.data.sync.timeout = 10s (default)
2019-09-19 10:26:56,273 [pool-71-thread-1] INFO  server.RaftServerConfigKeys (ConfUtils.java:logGet(43)) - raft.server.log.statemachine.data.sync.timeout.retry = -1 (default)
2019-09-19 10:26:56,273 [pool-71-thread-1] INFO  server.RaftServerConfigKeys (ConfUtils.java:logGet(43)) - raft.server.log.statemachine.data.caching.enabled = true (custom)
2019-09-19 10:26:56,273 [pool-71-thread-1] INFO  segmented.SegmentedRaftLogWorker (SegmentedRaftLogWorker.java:lambda$new$0(132)) - 7e4b2fb6-17ca-4cf7-9c63-77c56d6e2e1f-SegmentedRaftLogWorker:Storage Directory /workdir/hadoop-ozone/ozonefs/target/test-dir/MiniOzoneClusterImpl-c4ccaed8-e682-4870-947c-cf1864f77c00/datanode-4/data/ratis/907d0a5a-66a6-4244-86a0-c93b882ee1e1: flushIndex: setUnconditionally 0 -> -1
2019-09-19 10:26:56,274 [pool-71-thread-1] INFO  server.RaftServerConfigKeys (ConfUtils.java:logGet(43)) - raft.server.snapshot.auto.trigger.enabled = true (custom)
2019-09-19 10:26:56,274 [pool-71-thread-1] INFO  server.RaftServerConfigKeys (ConfUtils.java:logGet(43)) - raft.server.snapshot.auto.trigger.threshold = 10000 (custom)
2019-09-19 10:26:56,274 [pool-71-thread-1] INFO  server.RaftServerConfigKeys (ConfUtils.java:logGet(43)) - raft.server.retrycache.expirytime = 600000ms (custom)
2019-09-19 10:26:56,274 [pool-71-thread-1] INFO  impl.RaftServerImpl (RaftServerImpl.java:start(180)) - 7e4b2fb6-17ca-4cf7-9c63-77c56d6e2e1f: start group-C93B882EE1E1
2019-09-19 10:26:56,274 [pool-71-thread-1] INFO  impl.RaftServerImpl (RaftServerImpl.java:setRole(171)) - 7e4b2fb6-17ca-4cf7-9c63-77c56d6e2e1f:group-C93B882EE1E1 changes role from null to FOLLOWER at term 0 for startAsFollower
2019-09-19 10:26:56,275 [pool-71-thread-1] INFO  impl.RoleInfo (RoleInfo.java:updateAndGet(143)) - 7e4b2fb6-17ca-4cf7-9c63-77c56d6e2e1f: start FollowerState
2019-09-19 10:26:56,275 [pool-71-thread-1] INFO  util.JmxRegister (JmxRegister.java:tryRegister(44)) - Successfully registered JMX Bean with object name Ratis:service=RaftServer,group=group-C93B882EE1E1,id=7e4b2fb6-17ca-4cf7-9c63-77c56d6e2e1f
2019-09-19 10:26:56,281 [RatisPipelineUtilsThread] INFO  pipeline.PipelineStateManager (PipelineStateManager.java:addPipeline(56)) - Created pipeline Pipeline[ Id: 907d0a5a-66a6-4244-86a0-c93b882ee1e1, Nodes: 7e4b2fb6-17ca-4cf7-9c63-77c56d6e2e1f{ip: 192.168.157.204, host: pr-hdds-1569-cpgw4-1311585219, networkLocation: /default-rack, certSerialId: null}, Type:RATIS, Factor:ONE, State:OPEN]
2019-09-19 10:26:56,284 [f4f61464-0bdf-492b-ac84-d659f01f9139:group-9F1A3B0DE824:LeaderElection1] INFO  impl.LeaderElection (LeaderElection.java:askForVotes(181)) - f4f61464-0bdf-492b-ac84-d659f01f9139:group-9F1A3B0DE824:LeaderElection1: begin an election at term 1 for -1: [f4f61464-0bdf-492b-ac84-d659f01f9139:192.168.157.204:35376], old=null
2019-09-19 10:26:56,288 [f4f61464-0bdf-492b-ac84-d659f01f9139:group-9F1A3B0DE824:LeaderElection1] INFO  impl.RoleInfo (RoleInfo.java:shutdownLeaderElection(134)) - f4f61464-0bdf-492b-ac84-d659f01f9139: shutdown LeaderElection
2019-09-19 10:26:56,289 [f4f61464-0bdf-492b-ac84-d659f01f9139:group-9F1A3B0DE824:LeaderElection1] INFO  impl.RaftServerImpl (RaftServerImpl.java:setRole(171)) - f4f61464-0bdf-492b-ac84-d659f01f9139:group-9F1A3B0DE824 changes role from CANDIDATE to LEADER at term 1 for changeToLeader
2019-09-19 10:26:56,289 [f4f61464-0bdf-492b-ac84-d659f01f9139:group-9F1A3B0DE824:LeaderElection1] INFO  impl.RaftServerImpl (ServerState.java:setLeader(263)) - f4f61464-0bdf-492b-ac84-d659f01f9139:group-9F1A3B0DE824 change Leader from null to f4f61464-0bdf-492b-ac84-d659f01f9139 at term 1 for becomeLeader, leader elected after 5234ms
2019-09-19 10:26:56,298 [grpc-default-executor-0] INFO  impl.RaftServerProxy (RaftServerProxy.java:addNew(89)) - 10ec1051-6571-4c90-b3f9-a3c2840a089b: addNew group-4886D9C4D5A9:[10ec1051-6571-4c90-b3f9-a3c2840a089b:192.168.157.204:40066] returns group-4886D9C4D5A9:java.util.concurrent.CompletableFuture@3721770a[Not completed]
2019-09-19 10:26:56,303 [pool-115-thread-1] INFO  impl.RaftServerImpl (RaftServerImpl.java:<init>(93)) - 10ec1051-6571-4c90-b3f9-a3c2840a089b: new RaftServerImpl for group-4886D9C4D5A9:[10ec1051-6571-4c90-b3f9-a3c2840a089b:192.168.157.204:40066] with ContainerStateMachine:uninitialized
2019-09-19 10:26:56,304 [pool-115-thread-1] INFO  server.RaftServerConfigKeys (ConfUtils.java:logGet(43)) - raft.server.rpc.timeout.min = 5s (custom)
2019-09-19 10:26:56,304 [pool-115-thread-1] INFO  server.RaftServerConfigKeys (ConfUtils.java:logGet(43)) - raft.server.rpc.timeout.max = 5200ms (custom)
2019-09-19 10:26:56,304 [pool-115-thread-1] INFO  server.RaftServerConfigKeys (ConfUtils.java:logGet(43)) - raft.server.rpcslowness.timeout = 120s (custom)
2019-09-19 10:26:56,304 [pool-115-thread-1] INFO  server.RaftServerConfigKeys (ConfUtils.java:logGet(43)) - raft.server.sleep.deviation.threshold = 300 (default)
2019-09-19 10:26:56,304 [pool-115-thread-1] INFO  server.RaftServerConfigKeys (ConfUtils.java:logGet(43)) - raft.server.log.appender.install.snapshot.enabled = false (custom)
2019-09-19 10:26:56,315 [f4f61464-0bdf-492b-ac84-d659f01f9139:group-9F1A3B0DE824:LeaderElection1] INFO  server.RaftServerConfigKeys (ConfUtils.java:logGet(43)) - raft.server.staging.catchup.gap = 1000 (default)
2019-09-19 10:26:56,315 [pool-115-thread-1] INFO  impl.RaftServerImpl (ServerState.java:<init>(105)) - 10ec1051-6571-4c90-b3f9-a3c2840a089b:group-4886D9C4D5A9 ConfigurationManager, init=-1: [10ec1051-6571-4c90-b3f9-a3c2840a089b:192.168.157.204:40066], old=null, confs=<EMPTY_MAP>
2019-09-19 10:26:56,315 [f4f61464-0bdf-492b-ac84-d659f01f9139:group-9F1A3B0DE824:LeaderElection1] INFO  server.RaftServerConfigKeys (ConfUtils.java:logGet(43)) - raft.server.rpc.sleep.time = 25ms (default)
2019-09-19 10:26:56,315 [pool-115-thread-1] INFO  server.RaftServerConfigKeys (ConfUtils.java:logGet(43)) - raft.server.storage.dir = [/workdir/hadoop-ozone/ozonefs/target/test-dir/MiniOzoneClusterImpl-c4ccaed8-e682-4870-947c-cf1864f77c00/datanode-8/data/ratis] (custom)
2019-09-19 10:26:56,316 [pool-115-thread-1] INFO  storage.RaftStorageDirectory (RaftStorageDirectory.java:analyzeStorage(246)) - The storage directory /workdir/hadoop-ozone/ozonefs/target/test-dir/MiniOzoneClusterImpl-c4ccaed8-e682-4870-947c-cf1864f77c00/datanode-8/data/ratis/4a188eb1-51e4-4311-a5d7-4886d9c4d5a9 does not exist. Creating ...
2019-09-19 10:26:56,318 [f4f61464-0bdf-492b-ac84-d659f01f9139:group-9F1A3B0DE824:LeaderElection1] INFO  server.RaftServerConfigKeys (ConfUtils.java:logGet(43)) - raft.server.write.element-limit = 4096 (default)
2019-09-19 10:26:56,321 [f4f61464-0bdf-492b-ac84-d659f01f9139:group-9F1A3B0DE824:LeaderElection1] INFO  server.RaftServerConfigKeys (ConfUtils.java:logGet(43)) - raft.server.watch.timeout = 10s (default)
2019-09-19 10:26:56,322 [f4f61464-0bdf-492b-ac84-d659f01f9139:group-9F1A3B0DE824:LeaderElection1] INFO  server.RaftServerConfigKeys (ConfUtils.java:logGet(43)) - raft.server.watch.timeout.denomination = 1s (default)
2019-09-19 10:26:56,322 [f4f61464-0bdf-492b-ac84-d659f01f9139:group-9F1A3B0DE824:LeaderElection1] INFO  server.RaftServerConfigKeys (ConfUtils.java:logGet(43)) - raft.server.watch.element-limit = 65536 (default)
2019-09-19 10:26:56,329 [pool-115-thread-1] INFO  storage.RaftStorageDirectory (RaftStorageDirectory.java:tryLock(328)) - Lock on /workdir/hadoop-ozone/ozonefs/target/test-dir/MiniOzoneClusterImpl-c4ccaed8-e682-4870-947c-cf1864f77c00/datanode-8/data/ratis/4a188eb1-51e4-4311-a5d7-4886d9c4d5a9/in_use.lock acquired by nodename 26715@pr-hdds-1569-cpgw4-1311585219
2019-09-19 10:26:56,332 [f4f61464-0bdf-492b-ac84-d659f01f9139:group-9F1A3B0DE824:LeaderElection1] INFO  impl.RoleInfo (RoleInfo.java:updateAndGet(143)) - f4f61464-0bdf-492b-ac84-d659f01f9139: start LeaderState
2019-09-19 10:26:56,342 [pool-115-thread-1] INFO  storage.RaftStorage (RaftStorage.java:format(72)) - Storage directory /workdir/hadoop-ozone/ozonefs/target/test-dir/MiniOzoneClusterImpl-c4ccaed8-e682-4870-947c-cf1864f77c00/datanode-8/data/ratis/4a188eb1-51e4-4311-a5d7-4886d9c4d5a9 has been successfully formatted.
2019-09-19 10:26:56,343 [pool-115-thread-1] INFO  ratis.ContainerStateMachine (ContainerStateMachine.java:loadSnapshot(226)) - group-4886D9C4D5A9: The snapshot info is null. Setting the last applied indexto:(t:0, i:~)
2019-09-19 10:26:56,343 [pool-115-thread-1] INFO  server.RaftServerConfigKeys (ConfUtils.java:logGet(43)) - raft.server.leader.election.timeout = 120s (custom)
2019-09-19 10:26:56,343 [pool-115-thread-1] INFO  server.RaftServerConfigKeys (ConfUtils.java:logGet(43)) - raft.server.log.use.memory = false (default)
2019-09-19 10:26:56,343 [pool-115-thread-1] INFO  server.RaftServerConfigKeys (ConfUtils.java:logGet(43)) - raft.server.log.purge.gap = 1000000 (custom)
2019-09-19 10:26:56,343 [pool-115-thread-1] INFO  server.RaftServerConfigKeys (ConfUtils.java:logGet(43)) - raft.server.log.appender.buffer.byte-limit = 33554432 (custom)
2019-09-19 10:26:56,344 [pool-115-thread-1] INFO  server.RaftServerConfigKeys (ConfUtils.java:logGet(43)) - raft.server.log.segment.size.max = 1048576 (custom)
2019-09-19 10:26:56,344 [pool-115-thread-1] INFO  server.RaftServerConfigKeys (ConfUtils.java:logGet(43)) - raft.server.log.segment.cache.num.max = 2 (custom)
2019-09-19 10:26:56,344 [pool-115-thread-1] INFO  segmented.SegmentedRaftLogWorker (SegmentedRaftLogWorker.java:<init>(172)) - new 10ec1051-6571-4c90-b3f9-a3c2840a089b-SegmentedRaftLogWorker:Storage Directory /workdir/hadoop-ozone/ozonefs/target/test-dir/MiniOzoneClusterImpl-c4ccaed8-e682-4870-947c-cf1864f77c00/datanode-8/data/ratis/4a188eb1-51e4-4311-a5d7-4886d9c4d5a9 for RaftStorage:Storage Directory /workdir/hadoop-ozone/ozonefs/target/test-dir/MiniOzoneClusterImpl-c4ccaed8-e682-4870-947c-cf1864f77c00/datanode-8/data/ratis/4a188eb1-51e4-4311-a5d7-4886d9c4d5a9
2019-09-19 10:26:56,344 [pool-115-thread-1] INFO  server.RaftServerConfigKeys (ConfUtils.java:logGet(43)) - raft.server.log.queue.byte-limit = 2147483647 (custom)
2019-09-19 10:26:56,344 [pool-115-thread-1] INFO  server.RaftServerConfigKeys (ConfUtils.java:logGet(43)) - raft.server.log.queue.element-limit = 1024 (custom)
2019-09-19 10:26:56,345 [pool-115-thread-1] INFO  server.RaftServerConfigKeys (ConfUtils.java:logGet(43)) - raft.server.log.segment.size.max = 1048576 (custom)
2019-09-19 10:26:56,345 [pool-115-thread-1] INFO  server.RaftServerConfigKeys (ConfUtils.java:logGet(43)) - raft.server.log.preallocated.size = 16384 (custom)
2019-09-19 10:26:56,345 [pool-115-thread-1] INFO  server.RaftServerConfigKeys (ConfUtils.java:logGet(43)) - raft.server.log.write.buffer.size = 33554432 (custom)
2019-09-19 10:26:56,345 [pool-115-thread-1] INFO  server.RaftServerConfigKeys (ConfUtils.java:logGet(43)) - raft.server.log.force.sync.num = 128 (default)
2019-09-19 10:26:56,345 [pool-115-thread-1] INFO  server.RaftServerConfigKeys (ConfUtils.java:logGet(43)) - raft.server.log.statemachine.data.sync = true (default)
2019-09-19 10:26:56,345 [pool-115-thread-1] INFO  server.RaftServerConfigKeys (ConfUtils.java:logGet(43)) - raft.server.log.statemachine.data.sync.timeout = 10s (default)
2019-09-19 10:26:56,345 [pool-115-thread-1] INFO  server.RaftServerConfigKeys (ConfUtils.java:logGet(43)) - raft.server.log.statemachine.data.sync.timeout.retry = -1 (default)
2019-09-19 10:26:56,346 [pool-115-thread-1] INFO  server.RaftServerConfigKeys (ConfUtils.java:logGet(43)) - raft.server.log.statemachine.data.caching.enabled = true (custom)
2019-09-19 10:26:56,346 [pool-115-thread-1] INFO  segmented.SegmentedRaftLogWorker (SegmentedRaftLogWorker.java:lambda$new$0(132)) - 10ec1051-6571-4c90-b3f9-a3c2840a089b-SegmentedRaftLogWorker:Storage Directory /workdir/hadoop-ozone/ozonefs/target/test-dir/MiniOzoneClusterImpl-c4ccaed8-e682-4870-947c-cf1864f77c00/datanode-8/data/ratis/4a188eb1-51e4-4311-a5d7-4886d9c4d5a9: flushIndex: setUnconditionally 0 -> -1
2019-09-19 10:26:56,347 [pool-115-thread-1] INFO  server.RaftServerConfigKeys (ConfUtils.java:logGet(43)) - raft.server.snapshot.auto.trigger.enabled = true (custom)
2019-09-19 10:26:56,347 [pool-115-thread-1] INFO  server.RaftServerConfigKeys (ConfUtils.java:logGet(43)) - raft.server.snapshot.auto.trigger.threshold = 10000 (custom)
2019-09-19 10:26:56,347 [pool-115-thread-1] INFO  server.RaftServerConfigKeys (ConfUtils.java:logGet(43)) - raft.server.retrycache.expirytime = 600000ms (custom)
2019-09-19 10:26:56,347 [pool-115-thread-1] INFO  impl.RaftServerImpl (RaftServerImpl.java:start(180)) - 10ec1051-6571-4c90-b3f9-a3c2840a089b: start group-4886D9C4D5A9
2019-09-19 10:26:56,347 [pool-115-thread-1] INFO  impl.RaftServerImpl (RaftServerImpl.java:setRole(171)) - 10ec1051-6571-4c90-b3f9-a3c2840a089b:group-4886D9C4D5A9 changes role from null to FOLLOWER at term 0 for startAsFollower
2019-09-19 10:26:56,348 [pool-115-thread-1] INFO  impl.RoleInfo (RoleInfo.java:updateAndGet(143)) - 10ec1051-6571-4c90-b3f9-a3c2840a089b: start FollowerState
2019-09-19 10:26:56,348 [pool-115-thread-1] INFO  util.JmxRegister (JmxRegister.java:tryRegister(44)) - Successfully registered JMX Bean with object name Ratis:service=RaftServer,group=group-4886D9C4D5A9,id=10ec1051-6571-4c90-b3f9-a3c2840a089b
2019-09-19 10:26:56,348 | INFO  | SCMAudit | user=jenkins1000 | ip=192.168.157.204 | op=SEND_HEARTBEAT {datanodeUUID=8b25b6fb-e7f9-4ea8-8d7d-823d8ea82140, command=[]} | ret=SUCCESS |  
2019-09-19 10:26:56,357 [f4f61464-0bdf-492b-ac84-d659f01f9139:group-9F1A3B0DE824:LeaderElection1] INFO  segmented.SegmentedRaftLogWorker (SegmentedRaftLogWorker.java:startLogSegment(380)) - f4f61464-0bdf-492b-ac84-d659f01f9139-SegmentedRaftLogWorker:Storage Directory /workdir/hadoop-ozone/ozonefs/target/test-dir/MiniOzoneClusterImpl-c4ccaed8-e682-4870-947c-cf1864f77c00/datanode-0/data/ratis/fb620b06-fcb6-4d6e-8f36-9f1a3b0de824: Starting segment from index:0
2019-09-19 10:26:56,359 [RatisPipelineUtilsThread] INFO  pipeline.PipelineStateManager (PipelineStateManager.java:addPipeline(56)) - Created pipeline Pipeline[ Id: 4a188eb1-51e4-4311-a5d7-4886d9c4d5a9, Nodes: 10ec1051-6571-4c90-b3f9-a3c2840a089b{ip: 192.168.157.204, host: pr-hdds-1569-cpgw4-1311585219, networkLocation: /default-rack, certSerialId: null}, Type:RATIS, Factor:ONE, State:OPEN]
2019-09-19 10:26:56,386 [grpc-default-executor-0] INFO  impl.RaftServerProxy (RaftServerProxy.java:addNew(89)) - 1692dd7e-eca0-4ee0-be13-a7fe013a1be4: addNew group-1E9D5416AF48:[1692dd7e-eca0-4ee0-be13-a7fe013a1be4:192.168.157.204:39330] returns group-1E9D5416AF48:java.util.concurrent.CompletableFuture@37ec7f87[Not completed]
2019-09-19 10:26:56,387 [f4f61464-0bdf-492b-ac84-d659f01f9139:group-9F1A3B0DE824:LeaderElection1] INFO  impl.RaftServerImpl (ServerState.java:setRaftConf(361)) - f4f61464-0bdf-492b-ac84-d659f01f9139:group-9F1A3B0DE824 set configuration 0: [f4f61464-0bdf-492b-ac84-d659f01f9139:192.168.157.204:35376], old=null at 0
2019-09-19 10:26:56,390 [pool-60-thread-1] INFO  impl.RaftServerImpl (RaftServerImpl.java:<init>(93)) - 1692dd7e-eca0-4ee0-be13-a7fe013a1be4: new RaftServerImpl for group-1E9D5416AF48:[1692dd7e-eca0-4ee0-be13-a7fe013a1be4:192.168.157.204:39330] with ContainerStateMachine:uninitialized
2019-09-19 10:26:56,390 [pool-60-thread-1] INFO  server.RaftServerConfigKeys (ConfUtils.java:logGet(43)) - raft.server.rpc.timeout.min = 5s (custom)
2019-09-19 10:26:56,390 [pool-60-thread-1] INFO  server.RaftServerConfigKeys (ConfUtils.java:logGet(43)) - raft.server.rpc.timeout.max = 5200ms (custom)
2019-09-19 10:26:56,390 [pool-60-thread-1] INFO  server.RaftServerConfigKeys (ConfUtils.java:logGet(43)) - raft.server.rpcslowness.timeout = 120s (custom)
2019-09-19 10:26:56,390 [pool-60-thread-1] INFO  server.RaftServerConfigKeys (ConfUtils.java:logGet(43)) - raft.server.sleep.deviation.threshold = 300 (default)
2019-09-19 10:26:56,390 [pool-60-thread-1] INFO  server.RaftServerConfigKeys (ConfUtils.java:logGet(43)) - raft.server.log.appender.install.snapshot.enabled = false (custom)
2019-09-19 10:26:56,390 [pool-60-thread-1] INFO  impl.RaftServerImpl (ServerState.java:<init>(105)) - 1692dd7e-eca0-4ee0-be13-a7fe013a1be4:group-1E9D5416AF48 ConfigurationManager, init=-1: [1692dd7e-eca0-4ee0-be13-a7fe013a1be4:192.168.157.204:39330], old=null, confs=<EMPTY_MAP>
2019-09-19 10:26:56,391 [pool-60-thread-1] INFO  server.RaftServerConfigKeys (ConfUtils.java:logGet(43)) - raft.server.storage.dir = [/workdir/hadoop-ozone/ozonefs/target/test-dir/MiniOzoneClusterImpl-c4ccaed8-e682-4870-947c-cf1864f77c00/datanode-3/data/ratis] (custom)
2019-09-19 10:26:56,391 [pool-60-thread-1] INFO  storage.RaftStorageDirectory (RaftStorageDirectory.java:analyzeStorage(246)) - The storage directory /workdir/hadoop-ozone/ozonefs/target/test-dir/MiniOzoneClusterImpl-c4ccaed8-e682-4870-947c-cf1864f77c00/datanode-3/data/ratis/caf1d26b-5077-4ab5-b892-1e9d5416af48 does not exist. Creating ...
2019-09-19 10:26:56,404 [pool-60-thread-1] INFO  storage.RaftStorageDirectory (RaftStorageDirectory.java:tryLock(328)) - Lock on /workdir/hadoop-ozone/ozonefs/target/test-dir/MiniOzoneClusterImpl-c4ccaed8-e682-4870-947c-cf1864f77c00/datanode-3/data/ratis/caf1d26b-5077-4ab5-b892-1e9d5416af48/in_use.lock acquired by nodename 26715@pr-hdds-1569-cpgw4-1311585219
2019-09-19 10:26:56,417 [pool-60-thread-1] INFO  storage.RaftStorage (RaftStorage.java:format(72)) - Storage directory /workdir/hadoop-ozone/ozonefs/target/test-dir/MiniOzoneClusterImpl-c4ccaed8-e682-4870-947c-cf1864f77c00/datanode-3/data/ratis/caf1d26b-5077-4ab5-b892-1e9d5416af48 has been successfully formatted.
2019-09-19 10:26:56,417 [pool-60-thread-1] INFO  ratis.ContainerStateMachine (ContainerStateMachine.java:loadSnapshot(226)) - group-1E9D5416AF48: The snapshot info is null. Setting the last applied indexto:(t:0, i:~)
2019-09-19 10:26:56,418 [pool-60-thread-1] INFO  server.RaftServerConfigKeys (ConfUtils.java:logGet(43)) - raft.server.leader.election.timeout = 120s (custom)
2019-09-19 10:26:56,418 [pool-60-thread-1] INFO  server.RaftServerConfigKeys (ConfUtils.java:logGet(43)) - raft.server.log.use.memory = false (default)
2019-09-19 10:26:56,418 [pool-60-thread-1] INFO  server.RaftServerConfigKeys (ConfUtils.java:logGet(43)) - raft.server.log.purge.gap = 1000000 (custom)
2019-09-19 10:26:56,418 [pool-60-thread-1] INFO  server.RaftServerConfigKeys (ConfUtils.java:logGet(43)) - raft.server.log.appender.buffer.byte-limit = 33554432 (custom)
2019-09-19 10:26:56,418 [pool-60-thread-1] INFO  server.RaftServerConfigKeys (ConfUtils.java:logGet(43)) - raft.server.log.segment.size.max = 1048576 (custom)
2019-09-19 10:26:56,418 [pool-60-thread-1] INFO  server.RaftServerConfigKeys (ConfUtils.java:logGet(43)) - raft.server.log.segment.cache.num.max = 2 (custom)
2019-09-19 10:26:56,418 [pool-60-thread-1] INFO  segmented.SegmentedRaftLogWorker (SegmentedRaftLogWorker.java:<init>(172)) - new 1692dd7e-eca0-4ee0-be13-a7fe013a1be4-SegmentedRaftLogWorker:Storage Directory /workdir/hadoop-ozone/ozonefs/target/test-dir/MiniOzoneClusterImpl-c4ccaed8-e682-4870-947c-cf1864f77c00/datanode-3/data/ratis/caf1d26b-5077-4ab5-b892-1e9d5416af48 for RaftStorage:Storage Directory /workdir/hadoop-ozone/ozonefs/target/test-dir/MiniOzoneClusterImpl-c4ccaed8-e682-4870-947c-cf1864f77c00/datanode-3/data/ratis/caf1d26b-5077-4ab5-b892-1e9d5416af48
2019-09-19 10:26:56,419 [pool-60-thread-1] INFO  server.RaftServerConfigKeys (ConfUtils.java:logGet(43)) - raft.server.log.queue.byte-limit = 2147483647 (custom)
2019-09-19 10:26:56,419 [pool-60-thread-1] INFO  server.RaftServerConfigKeys (ConfUtils.java:logGet(43)) - raft.server.log.queue.element-limit = 1024 (custom)
2019-09-19 10:26:56,419 [pool-60-thread-1] INFO  server.RaftServerConfigKeys (ConfUtils.java:logGet(43)) - raft.server.log.segment.size.max = 1048576 (custom)
2019-09-19 10:26:56,419 [pool-60-thread-1] INFO  server.RaftServerConfigKeys (ConfUtils.java:logGet(43)) - raft.server.log.preallocated.size = 16384 (custom)
2019-09-19 10:26:56,419 [pool-60-thread-1] INFO  server.RaftServerConfigKeys (ConfUtils.java:logGet(43)) - raft.server.log.write.buffer.size = 33554432 (custom)
2019-09-19 10:26:56,419 [pool-60-thread-1] INFO  server.RaftServerConfigKeys (ConfUtils.java:logGet(43)) - raft.server.log.force.sync.num = 128 (default)
2019-09-19 10:26:56,419 [pool-60-thread-1] INFO  server.RaftServerConfigKeys (ConfUtils.java:logGet(43)) - raft.server.log.statemachine.data.sync = true (default)
2019-09-19 10:26:56,420 [pool-60-thread-1] INFO  server.RaftServerConfigKeys (ConfUtils.java:logGet(43)) - raft.server.log.statemachine.data.sync.timeout = 10s (default)
2019-09-19 10:26:56,420 [pool-60-thread-1] INFO  server.RaftServerConfigKeys (ConfUtils.java:logGet(43)) - raft.server.log.statemachine.data.sync.timeout.retry = -1 (default)
2019-09-19 10:26:56,420 [pool-60-thread-1] INFO  server.RaftServerConfigKeys (ConfUtils.java:logGet(43)) - raft.server.log.statemachine.data.caching.enabled = true (custom)
2019-09-19 10:26:56,420 [pool-60-thread-1] INFO  segmented.SegmentedRaftLogWorker (SegmentedRaftLogWorker.java:lambda$new$0(132)) - 1692dd7e-eca0-4ee0-be13-a7fe013a1be4-SegmentedRaftLogWorker:Storage Directory /workdir/hadoop-ozone/ozonefs/target/test-dir/MiniOzoneClusterImpl-c4ccaed8-e682-4870-947c-cf1864f77c00/datanode-3/data/ratis/caf1d26b-5077-4ab5-b892-1e9d5416af48: flushIndex: setUnconditionally 0 -> -1
2019-09-19 10:26:56,420 [pool-60-thread-1] INFO  server.RaftServerConfigKeys (ConfUtils.java:logGet(43)) - raft.server.snapshot.auto.trigger.enabled = true (custom)
2019-09-19 10:26:56,421 [pool-60-thread-1] INFO  server.RaftServerConfigKeys (ConfUtils.java:logGet(43)) - raft.server.snapshot.auto.trigger.threshold = 10000 (custom)
2019-09-19 10:26:56,421 [pool-60-thread-1] INFO  server.RaftServerConfigKeys (ConfUtils.java:logGet(43)) - raft.server.retrycache.expirytime = 600000ms (custom)
2019-09-19 10:26:56,421 [pool-60-thread-1] INFO  impl.RaftServerImpl (RaftServerImpl.java:start(180)) - 1692dd7e-eca0-4ee0-be13-a7fe013a1be4: start group-1E9D5416AF48
2019-09-19 10:26:56,421 [pool-60-thread-1] INFO  impl.RaftServerImpl (RaftServerImpl.java:setRole(171)) - 1692dd7e-eca0-4ee0-be13-a7fe013a1be4:group-1E9D5416AF48 changes role from null to FOLLOWER at term 0 for startAsFollower
2019-09-19 10:26:56,421 [pool-60-thread-1] INFO  impl.RoleInfo (RoleInfo.java:updateAndGet(143)) - 1692dd7e-eca0-4ee0-be13-a7fe013a1be4: start FollowerState
2019-09-19 10:26:56,429 [pool-60-thread-1] INFO  util.JmxRegister (JmxRegister.java:tryRegister(44)) - Successfully registered JMX Bean with object name Ratis:service=RaftServer,group=group-1E9D5416AF48,id=1692dd7e-eca0-4ee0-be13-a7fe013a1be4
2019-09-19 10:26:56,447 [RatisPipelineUtilsThread] INFO  pipeline.PipelineStateManager (PipelineStateManager.java:addPipeline(56)) - Created pipeline Pipeline[ Id: caf1d26b-5077-4ab5-b892-1e9d5416af48, Nodes: 1692dd7e-eca0-4ee0-be13-a7fe013a1be4{ip: 192.168.157.204, host: pr-hdds-1569-cpgw4-1311585219, networkLocation: /default-rack, certSerialId: null}, Type:RATIS, Factor:ONE, State:OPEN]
2019-09-19 10:26:56,466 [grpc-default-executor-0] INFO  impl.RaftServerProxy (RaftServerProxy.java:addNew(89)) - df1b99cc-36f2-45b6-8e95-51c50e156f0b: addNew group-6A261D2B6214:[df1b99cc-36f2-45b6-8e95-51c50e156f0b:192.168.157.204:42307] returns group-6A261D2B6214:java.util.concurrent.CompletableFuture@2431232b[Not completed]
2019-09-19 10:26:56,469 [pool-38-thread-1] INFO  impl.RaftServerImpl (RaftServerImpl.java:<init>(93)) - df1b99cc-36f2-45b6-8e95-51c50e156f0b: new RaftServerImpl for group-6A261D2B6214:[df1b99cc-36f2-45b6-8e95-51c50e156f0b:192.168.157.204:42307] with ContainerStateMachine:uninitialized
2019-09-19 10:26:56,469 [pool-38-thread-1] INFO  server.RaftServerConfigKeys (ConfUtils.java:logGet(43)) - raft.server.rpc.timeout.min = 5s (custom)
2019-09-19 10:26:56,469 [pool-38-thread-1] INFO  server.RaftServerConfigKeys (ConfUtils.java:logGet(43)) - raft.server.rpc.timeout.max = 5200ms (custom)
2019-09-19 10:26:56,469 [pool-38-thread-1] INFO  server.RaftServerConfigKeys (ConfUtils.java:logGet(43)) - raft.server.rpcslowness.timeout = 120s (custom)
2019-09-19 10:26:56,469 [pool-38-thread-1] INFO  server.RaftServerConfigKeys (ConfUtils.java:logGet(43)) - raft.server.sleep.deviation.threshold = 300 (default)
2019-09-19 10:26:56,469 [pool-38-thread-1] INFO  server.RaftServerConfigKeys (ConfUtils.java:logGet(43)) - raft.server.log.appender.install.snapshot.enabled = false (custom)
2019-09-19 10:26:56,469 [pool-38-thread-1] INFO  impl.RaftServerImpl (ServerState.java:<init>(105)) - df1b99cc-36f2-45b6-8e95-51c50e156f0b:group-6A261D2B6214 ConfigurationManager, init=-1: [df1b99cc-36f2-45b6-8e95-51c50e156f0b:192.168.157.204:42307], old=null, confs=<EMPTY_MAP>
2019-09-19 10:26:56,470 [pool-38-thread-1] INFO  server.RaftServerConfigKeys (ConfUtils.java:logGet(43)) - raft.server.storage.dir = [/workdir/hadoop-ozone/ozonefs/target/test-dir/MiniOzoneClusterImpl-c4ccaed8-e682-4870-947c-cf1864f77c00/datanode-1/data/ratis] (custom)
2019-09-19 10:26:56,470 [pool-38-thread-1] INFO  storage.RaftStorageDirectory (RaftStorageDirectory.java:analyzeStorage(246)) - The storage directory /workdir/hadoop-ozone/ozonefs/target/test-dir/MiniOzoneClusterImpl-c4ccaed8-e682-4870-947c-cf1864f77c00/datanode-1/data/ratis/99641dd0-dad0-4d6d-aa5c-6a261d2b6214 does not exist. Creating ...
2019-09-19 10:26:56,483 [pool-38-thread-1] INFO  storage.RaftStorageDirectory (RaftStorageDirectory.java:tryLock(328)) - Lock on /workdir/hadoop-ozone/ozonefs/target/test-dir/MiniOzoneClusterImpl-c4ccaed8-e682-4870-947c-cf1864f77c00/datanode-1/data/ratis/99641dd0-dad0-4d6d-aa5c-6a261d2b6214/in_use.lock acquired by nodename 26715@pr-hdds-1569-cpgw4-1311585219
2019-09-19 10:26:56,496 [pool-38-thread-1] INFO  storage.RaftStorage (RaftStorage.java:format(72)) - Storage directory /workdir/hadoop-ozone/ozonefs/target/test-dir/MiniOzoneClusterImpl-c4ccaed8-e682-4870-947c-cf1864f77c00/datanode-1/data/ratis/99641dd0-dad0-4d6d-aa5c-6a261d2b6214 has been successfully formatted.
2019-09-19 10:26:56,497 [pool-38-thread-1] INFO  ratis.ContainerStateMachine (ContainerStateMachine.java:loadSnapshot(226)) - group-6A261D2B6214: The snapshot info is null. Setting the last applied indexto:(t:0, i:~)
2019-09-19 10:26:56,497 [pool-38-thread-1] INFO  server.RaftServerConfigKeys (ConfUtils.java:logGet(43)) - raft.server.leader.election.timeout = 120s (custom)
2019-09-19 10:26:56,497 [pool-38-thread-1] INFO  server.RaftServerConfigKeys (ConfUtils.java:logGet(43)) - raft.server.log.use.memory = false (default)
2019-09-19 10:26:56,497 [pool-38-thread-1] INFO  server.RaftServerConfigKeys (ConfUtils.java:logGet(43)) - raft.server.log.purge.gap = 1000000 (custom)
2019-09-19 10:26:56,497 [pool-38-thread-1] INFO  server.RaftServerConfigKeys (ConfUtils.java:logGet(43)) - raft.server.log.appender.buffer.byte-limit = 33554432 (custom)
2019-09-19 10:26:56,498 [pool-38-thread-1] INFO  server.RaftServerConfigKeys (ConfUtils.java:logGet(43)) - raft.server.log.segment.size.max = 1048576 (custom)
2019-09-19 10:26:56,498 [pool-38-thread-1] INFO  server.RaftServerConfigKeys (ConfUtils.java:logGet(43)) - raft.server.log.segment.cache.num.max = 2 (custom)
2019-09-19 10:26:56,498 [pool-38-thread-1] INFO  segmented.SegmentedRaftLogWorker (SegmentedRaftLogWorker.java:<init>(172)) - new df1b99cc-36f2-45b6-8e95-51c50e156f0b-SegmentedRaftLogWorker:Storage Directory /workdir/hadoop-ozone/ozonefs/target/test-dir/MiniOzoneClusterImpl-c4ccaed8-e682-4870-947c-cf1864f77c00/datanode-1/data/ratis/99641dd0-dad0-4d6d-aa5c-6a261d2b6214 for RaftStorage:Storage Directory /workdir/hadoop-ozone/ozonefs/target/test-dir/MiniOzoneClusterImpl-c4ccaed8-e682-4870-947c-cf1864f77c00/datanode-1/data/ratis/99641dd0-dad0-4d6d-aa5c-6a261d2b6214
2019-09-19 10:26:56,498 [pool-38-thread-1] INFO  server.RaftServerConfigKeys (ConfUtils.java:logGet(43)) - raft.server.log.queue.byte-limit = 2147483647 (custom)
2019-09-19 10:26:56,498 [pool-38-thread-1] INFO  server.RaftServerConfigKeys (ConfUtils.java:logGet(43)) - raft.server.log.queue.element-limit = 1024 (custom)
2019-09-19 10:26:56,498 [pool-38-thread-1] INFO  server.RaftServerConfigKeys (ConfUtils.java:logGet(43)) - raft.server.log.segment.size.max = 1048576 (custom)
2019-09-19 10:26:56,498 [pool-38-thread-1] INFO  server.RaftServerConfigKeys (ConfUtils.java:logGet(43)) - raft.server.log.preallocated.size = 16384 (custom)
2019-09-19 10:26:56,499 [pool-38-thread-1] INFO  server.RaftServerConfigKeys (ConfUtils.java:logGet(43)) - raft.server.log.write.buffer.size = 33554432 (custom)
2019-09-19 10:26:56,499 [pool-38-thread-1] INFO  server.RaftServerConfigKeys (ConfUtils.java:logGet(43)) - raft.server.log.force.sync.num = 128 (default)
2019-09-19 10:26:56,499 [pool-38-thread-1] INFO  server.RaftServerConfigKeys (ConfUtils.java:logGet(43)) - raft.server.log.statemachine.data.sync = true (default)
2019-09-19 10:26:56,499 [pool-38-thread-1] INFO  server.RaftServerConfigKeys (ConfUtils.java:logGet(43)) - raft.server.log.statemachine.data.sync.timeout = 10s (default)
2019-09-19 10:26:56,499 [pool-38-thread-1] INFO  server.RaftServerConfigKeys (ConfUtils.java:logGet(43)) - raft.server.log.statemachine.data.sync.timeout.retry = -1 (default)
2019-09-19 10:26:56,499 [pool-38-thread-1] INFO  server.RaftServerConfigKeys (ConfUtils.java:logGet(43)) - raft.server.log.statemachine.data.caching.enabled = true (custom)
2019-09-19 10:26:56,500 [pool-38-thread-1] INFO  segmented.SegmentedRaftLogWorker (SegmentedRaftLogWorker.java:lambda$new$0(132)) - df1b99cc-36f2-45b6-8e95-51c50e156f0b-SegmentedRaftLogWorker:Storage Directory /workdir/hadoop-ozone/ozonefs/target/test-dir/MiniOzoneClusterImpl-c4ccaed8-e682-4870-947c-cf1864f77c00/datanode-1/data/ratis/99641dd0-dad0-4d6d-aa5c-6a261d2b6214: flushIndex: setUnconditionally 0 -> -1
2019-09-19 10:26:56,500 [pool-38-thread-1] INFO  server.RaftServerConfigKeys (ConfUtils.java:logGet(43)) - raft.server.snapshot.auto.trigger.enabled = true (custom)
2019-09-19 10:26:56,500 [pool-38-thread-1] INFO  server.RaftServerConfigKeys (ConfUtils.java:logGet(43)) - raft.server.snapshot.auto.trigger.threshold = 10000 (custom)
2019-09-19 10:26:56,500 [pool-38-thread-1] INFO  server.RaftServerConfigKeys (ConfUtils.java:logGet(43)) - raft.server.retrycache.expirytime = 600000ms (custom)
2019-09-19 10:26:56,500 [pool-38-thread-1] INFO  impl.RaftServerImpl (RaftServerImpl.java:start(180)) - df1b99cc-36f2-45b6-8e95-51c50e156f0b: start group-6A261D2B6214
2019-09-19 10:26:56,500 [pool-38-thread-1] INFO  impl.RaftServerImpl (RaftServerImpl.java:setRole(171)) - df1b99cc-36f2-45b6-8e95-51c50e156f0b:group-6A261D2B6214 changes role from null to FOLLOWER at term 0 for startAsFollower
2019-09-19 10:26:56,501 [pool-38-thread-1] INFO  impl.RoleInfo (RoleInfo.java:updateAndGet(143)) - df1b99cc-36f2-45b6-8e95-51c50e156f0b: start FollowerState
2019-09-19 10:26:56,501 [pool-38-thread-1] INFO  util.JmxRegister (JmxRegister.java:tryRegister(44)) - Successfully registered JMX Bean with object name Ratis:service=RaftServer,group=group-6A261D2B6214,id=df1b99cc-36f2-45b6-8e95-51c50e156f0b
2019-09-19 10:26:56,511 [RatisPipelineUtilsThread] INFO  pipeline.PipelineStateManager (PipelineStateManager.java:addPipeline(56)) - Created pipeline Pipeline[ Id: 99641dd0-dad0-4d6d-aa5c-6a261d2b6214, Nodes: df1b99cc-36f2-45b6-8e95-51c50e156f0b{ip: 192.168.157.204, host: pr-hdds-1569-cpgw4-1311585219, networkLocation: /default-rack, certSerialId: null}, Type:RATIS, Factor:ONE, State:OPEN]
2019-09-19 10:26:56,530 [grpc-default-executor-0] INFO  impl.RaftServerProxy (RaftServerProxy.java:addNew(89)) - f4f61464-0bdf-492b-ac84-d659f01f9139: addNew group-E62FE1466BE3:[f4f61464-0bdf-492b-ac84-d659f01f9139:192.168.157.204:35376] returns group-E62FE1466BE3:java.util.concurrent.CompletableFuture@6b16bacb[Not completed]
2019-09-19 10:26:56,531 [pool-27-thread-1] INFO  impl.RaftServerImpl (RaftServerImpl.java:<init>(93)) - f4f61464-0bdf-492b-ac84-d659f01f9139: new RaftServerImpl for group-E62FE1466BE3:[f4f61464-0bdf-492b-ac84-d659f01f9139:192.168.157.204:35376] with ContainerStateMachine:uninitialized
2019-09-19 10:26:56,531 [pool-27-thread-1] INFO  server.RaftServerConfigKeys (ConfUtils.java:logGet(43)) - raft.server.rpc.timeout.min = 5s (custom)
2019-09-19 10:26:56,531 [pool-27-thread-1] INFO  server.RaftServerConfigKeys (ConfUtils.java:logGet(43)) - raft.server.rpc.timeout.max = 5200ms (custom)
2019-09-19 10:26:56,531 [pool-27-thread-1] INFO  server.RaftServerConfigKeys (ConfUtils.java:logGet(43)) - raft.server.rpcslowness.timeout = 120s (custom)
2019-09-19 10:26:56,531 [pool-27-thread-1] INFO  server.RaftServerConfigKeys (ConfUtils.java:logGet(43)) - raft.server.sleep.deviation.threshold = 300 (default)
2019-09-19 10:26:56,531 [pool-27-thread-1] INFO  server.RaftServerConfigKeys (ConfUtils.java:logGet(43)) - raft.server.log.appender.install.snapshot.enabled = false (custom)
2019-09-19 10:26:56,531 [pool-27-thread-1] INFO  impl.RaftServerImpl (ServerState.java:<init>(105)) - f4f61464-0bdf-492b-ac84-d659f01f9139:group-E62FE1466BE3 ConfigurationManager, init=-1: [f4f61464-0bdf-492b-ac84-d659f01f9139:192.168.157.204:35376], old=null, confs=<EMPTY_MAP>
2019-09-19 10:26:56,532 [pool-27-thread-1] INFO  server.RaftServerConfigKeys (ConfUtils.java:logGet(43)) - raft.server.storage.dir = [/workdir/hadoop-ozone/ozonefs/target/test-dir/MiniOzoneClusterImpl-c4ccaed8-e682-4870-947c-cf1864f77c00/datanode-0/data/ratis] (custom)
2019-09-19 10:26:56,532 [pool-27-thread-1] INFO  storage.RaftStorageDirectory (RaftStorageDirectory.java:analyzeStorage(246)) - The storage directory /workdir/hadoop-ozone/ozonefs/target/test-dir/MiniOzoneClusterImpl-c4ccaed8-e682-4870-947c-cf1864f77c00/datanode-0/data/ratis/6de6f71f-abca-45a7-823a-e62fe1466be3 does not exist. Creating ...
2019-09-19 10:26:56,545 [pool-27-thread-1] INFO  storage.RaftStorageDirectory (RaftStorageDirectory.java:tryLock(328)) - Lock on /workdir/hadoop-ozone/ozonefs/target/test-dir/MiniOzoneClusterImpl-c4ccaed8-e682-4870-947c-cf1864f77c00/datanode-0/data/ratis/6de6f71f-abca-45a7-823a-e62fe1466be3/in_use.lock acquired by nodename 26715@pr-hdds-1569-cpgw4-1311585219
2019-09-19 10:26:56,559 [pool-27-thread-1] INFO  storage.RaftStorage (RaftStorage.java:format(72)) - Storage directory /workdir/hadoop-ozone/ozonefs/target/test-dir/MiniOzoneClusterImpl-c4ccaed8-e682-4870-947c-cf1864f77c00/datanode-0/data/ratis/6de6f71f-abca-45a7-823a-e62fe1466be3 has been successfully formatted.
2019-09-19 10:26:56,560 [pool-27-thread-1] INFO  ratis.ContainerStateMachine (ContainerStateMachine.java:loadSnapshot(226)) - group-E62FE1466BE3: The snapshot info is null. Setting the last applied indexto:(t:0, i:~)
2019-09-19 10:26:56,560 [pool-27-thread-1] INFO  server.RaftServerConfigKeys (ConfUtils.java:logGet(43)) - raft.server.leader.election.timeout = 120s (custom)
2019-09-19 10:26:56,560 [pool-27-thread-1] INFO  server.RaftServerConfigKeys (ConfUtils.java:logGet(43)) - raft.server.log.use.memory = false (default)
2019-09-19 10:26:56,560 [pool-27-thread-1] INFO  server.RaftServerConfigKeys (ConfUtils.java:logGet(43)) - raft.server.log.purge.gap = 1000000 (custom)
2019-09-19 10:26:56,560 [pool-27-thread-1] INFO  server.RaftServerConfigKeys (ConfUtils.java:logGet(43)) - raft.server.log.appender.buffer.byte-limit = 33554432 (custom)
2019-09-19 10:26:56,560 [pool-27-thread-1] INFO  server.RaftServerConfigKeys (ConfUtils.java:logGet(43)) - raft.server.log.segment.size.max = 1048576 (custom)
2019-09-19 10:26:56,560 [pool-27-thread-1] INFO  server.RaftServerConfigKeys (ConfUtils.java:logGet(43)) - raft.server.log.segment.cache.num.max = 2 (custom)
2019-09-19 10:26:56,561 [pool-27-thread-1] INFO  segmented.SegmentedRaftLogWorker (SegmentedRaftLogWorker.java:<init>(172)) - new f4f61464-0bdf-492b-ac84-d659f01f9139-SegmentedRaftLogWorker:Storage Directory /workdir/hadoop-ozone/ozonefs/target/test-dir/MiniOzoneClusterImpl-c4ccaed8-e682-4870-947c-cf1864f77c00/datanode-0/data/ratis/6de6f71f-abca-45a7-823a-e62fe1466be3 for RaftStorage:Storage Directory /workdir/hadoop-ozone/ozonefs/target/test-dir/MiniOzoneClusterImpl-c4ccaed8-e682-4870-947c-cf1864f77c00/datanode-0/data/ratis/6de6f71f-abca-45a7-823a-e62fe1466be3
2019-09-19 10:26:56,561 [pool-27-thread-1] INFO  server.RaftServerConfigKeys (ConfUtils.java:logGet(43)) - raft.server.log.queue.byte-limit = 2147483647 (custom)
2019-09-19 10:26:56,561 [pool-27-thread-1] INFO  server.RaftServerConfigKeys (ConfUtils.java:logGet(43)) - raft.server.log.queue.element-limit = 1024 (custom)
2019-09-19 10:26:56,561 [pool-27-thread-1] INFO  server.RaftServerConfigKeys (ConfUtils.java:logGet(43)) - raft.server.log.segment.size.max = 1048576 (custom)
2019-09-19 10:26:56,561 [pool-27-thread-1] INFO  server.RaftServerConfigKeys (ConfUtils.java:logGet(43)) - raft.server.log.preallocated.size = 16384 (custom)
2019-09-19 10:26:56,561 [pool-27-thread-1] INFO  server.RaftServerConfigKeys (ConfUtils.java:logGet(43)) - raft.server.log.write.buffer.size = 33554432 (custom)
2019-09-19 10:26:56,561 [pool-27-thread-1] INFO  server.RaftServerConfigKeys (ConfUtils.java:logGet(43)) - raft.server.log.force.sync.num = 128 (default)
2019-09-19 10:26:56,561 [pool-27-thread-1] INFO  server.RaftServerConfigKeys (ConfUtils.java:logGet(43)) - raft.server.log.statemachine.data.sync = true (default)
2019-09-19 10:26:56,561 [pool-27-thread-1] INFO  server.RaftServerConfigKeys (ConfUtils.java:logGet(43)) - raft.server.log.statemachine.data.sync.timeout = 10s (default)
2019-09-19 10:26:56,562 [pool-27-thread-1] INFO  server.RaftServerConfigKeys (ConfUtils.java:logGet(43)) - raft.server.log.statemachine.data.sync.timeout.retry = -1 (default)
2019-09-19 10:26:56,562 [pool-27-thread-1] INFO  server.RaftServerConfigKeys (ConfUtils.java:logGet(43)) - raft.server.log.statemachine.data.caching.enabled = true (custom)
2019-09-19 10:26:56,562 [pool-27-thread-1] INFO  segmented.SegmentedRaftLogWorker (SegmentedRaftLogWorker.java:lambda$new$0(132)) - f4f61464-0bdf-492b-ac84-d659f01f9139-SegmentedRaftLogWorker:Storage Directory /workdir/hadoop-ozone/ozonefs/target/test-dir/MiniOzoneClusterImpl-c4ccaed8-e682-4870-947c-cf1864f77c00/datanode-0/data/ratis/6de6f71f-abca-45a7-823a-e62fe1466be3: flushIndex: setUnconditionally 0 -> -1
2019-09-19 10:26:56,562 [pool-27-thread-1] INFO  server.RaftServerConfigKeys (ConfUtils.java:logGet(43)) - raft.server.snapshot.auto.trigger.enabled = true (custom)
2019-09-19 10:26:56,562 [pool-27-thread-1] INFO  server.RaftServerConfigKeys (ConfUtils.java:logGet(43)) - raft.server.snapshot.auto.trigger.threshold = 10000 (custom)
2019-09-19 10:26:56,563 [pool-27-thread-1] INFO  server.RaftServerConfigKeys (ConfUtils.java:logGet(43)) - raft.server.retrycache.expirytime = 600000ms (custom)
2019-09-19 10:26:56,563 [pool-27-thread-1] INFO  impl.RaftServerImpl (RaftServerImpl.java:start(180)) - f4f61464-0bdf-492b-ac84-d659f01f9139: start group-E62FE1466BE3
2019-09-19 10:26:56,563 [pool-27-thread-1] INFO  impl.RaftServerImpl (RaftServerImpl.java:setRole(171)) - f4f61464-0bdf-492b-ac84-d659f01f9139:group-E62FE1466BE3 changes role from null to FOLLOWER at term 0 for startAsFollower
2019-09-19 10:26:56,563 [pool-27-thread-1] INFO  impl.RoleInfo (RoleInfo.java:updateAndGet(143)) - f4f61464-0bdf-492b-ac84-d659f01f9139: start FollowerState
2019-09-19 10:26:56,563 [pool-27-thread-1] INFO  util.JmxRegister (JmxRegister.java:tryRegister(44)) - Successfully registered JMX Bean with object name Ratis:service=RaftServer,group=group-E62FE1466BE3,id=f4f61464-0bdf-492b-ac84-d659f01f9139
2019-09-19 10:26:56,569 [RatisPipelineUtilsThread] INFO  pipeline.PipelineStateManager (PipelineStateManager.java:addPipeline(56)) - Created pipeline Pipeline[ Id: 6de6f71f-abca-45a7-823a-e62fe1466be3, Nodes: f4f61464-0bdf-492b-ac84-d659f01f9139{ip: 192.168.157.204, host: pr-hdds-1569-cpgw4-1311585219, networkLocation: /default-rack, certSerialId: null}, Type:RATIS, Factor:ONE, State:OPEN]
2019-09-19 10:26:56,576 | INFO  | SCMAudit | user=jenkins1000 | ip=192.168.157.204 | op=SEND_HEARTBEAT {datanodeUUID=c972e26d-e03f-48a1-a9e9-2dea9337c66d, command=[]} | ret=SUCCESS |  
2019-09-19 10:26:56,580 [grpc-default-executor-0] INFO  impl.RaftServerProxy (RaftServerProxy.java:addNew(89)) - f4f61464-0bdf-492b-ac84-d659f01f9139: addNew group-8E9DCE23A439:[f4f61464-0bdf-492b-ac84-d659f01f9139:192.168.157.204:35376] returns group-8E9DCE23A439:java.util.concurrent.CompletableFuture@7acb24ba[Not completed]
2019-09-19 10:26:56,581 [pool-27-thread-1] INFO  impl.RaftServerImpl (RaftServerImpl.java:<init>(93)) - f4f61464-0bdf-492b-ac84-d659f01f9139: new RaftServerImpl for group-8E9DCE23A439:[f4f61464-0bdf-492b-ac84-d659f01f9139:192.168.157.204:35376] with ContainerStateMachine:uninitialized
2019-09-19 10:26:56,581 [pool-27-thread-1] INFO  server.RaftServerConfigKeys (ConfUtils.java:logGet(43)) - raft.server.rpc.timeout.min = 5s (custom)
2019-09-19 10:26:56,581 [pool-27-thread-1] INFO  server.RaftServerConfigKeys (ConfUtils.java:logGet(43)) - raft.server.rpc.timeout.max = 5200ms (custom)
2019-09-19 10:26:56,581 [pool-27-thread-1] INFO  server.RaftServerConfigKeys (ConfUtils.java:logGet(43)) - raft.server.rpcslowness.timeout = 120s (custom)
2019-09-19 10:26:56,581 [pool-27-thread-1] INFO  server.RaftServerConfigKeys (ConfUtils.java:logGet(43)) - raft.server.sleep.deviation.threshold = 300 (default)
2019-09-19 10:26:56,581 [pool-27-thread-1] INFO  server.RaftServerConfigKeys (ConfUtils.java:logGet(43)) - raft.server.log.appender.install.snapshot.enabled = false (custom)
2019-09-19 10:26:56,581 [pool-27-thread-1] INFO  impl.RaftServerImpl (ServerState.java:<init>(105)) - f4f61464-0bdf-492b-ac84-d659f01f9139:group-8E9DCE23A439 ConfigurationManager, init=-1: [f4f61464-0bdf-492b-ac84-d659f01f9139:192.168.157.204:35376], old=null, confs=<EMPTY_MAP>
2019-09-19 10:26:56,581 [pool-27-thread-1] INFO  server.RaftServerConfigKeys (ConfUtils.java:logGet(43)) - raft.server.storage.dir = [/workdir/hadoop-ozone/ozonefs/target/test-dir/MiniOzoneClusterImpl-c4ccaed8-e682-4870-947c-cf1864f77c00/datanode-0/data/ratis] (custom)
2019-09-19 10:26:56,582 [pool-27-thread-1] INFO  storage.RaftStorageDirectory (RaftStorageDirectory.java:analyzeStorage(246)) - The storage directory /workdir/hadoop-ozone/ozonefs/target/test-dir/MiniOzoneClusterImpl-c4ccaed8-e682-4870-947c-cf1864f77c00/datanode-0/data/ratis/b3375794-d431-451a-b368-8e9dce23a439 does not exist. Creating ...
2019-09-19 10:26:56,590 [pool-27-thread-1] INFO  storage.RaftStorageDirectory (RaftStorageDirectory.java:tryLock(328)) - Lock on /workdir/hadoop-ozone/ozonefs/target/test-dir/MiniOzoneClusterImpl-c4ccaed8-e682-4870-947c-cf1864f77c00/datanode-0/data/ratis/b3375794-d431-451a-b368-8e9dce23a439/in_use.lock acquired by nodename 26715@pr-hdds-1569-cpgw4-1311585219
2019-09-19 10:26:56,593 [pool-27-thread-1] INFO  storage.RaftStorage (RaftStorage.java:format(72)) - Storage directory /workdir/hadoop-ozone/ozonefs/target/test-dir/MiniOzoneClusterImpl-c4ccaed8-e682-4870-947c-cf1864f77c00/datanode-0/data/ratis/b3375794-d431-451a-b368-8e9dce23a439 has been successfully formatted.
2019-09-19 10:26:56,593 [pool-27-thread-1] INFO  ratis.ContainerStateMachine (ContainerStateMachine.java:loadSnapshot(226)) - group-8E9DCE23A439: The snapshot info is null. Setting the last applied indexto:(t:0, i:~)
2019-09-19 10:26:56,593 [pool-27-thread-1] INFO  server.RaftServerConfigKeys (ConfUtils.java:logGet(43)) - raft.server.leader.election.timeout = 120s (custom)
2019-09-19 10:26:56,593 [pool-27-thread-1] INFO  server.RaftServerConfigKeys (ConfUtils.java:logGet(43)) - raft.server.log.use.memory = false (default)
2019-09-19 10:26:56,593 [pool-27-thread-1] INFO  server.RaftServerConfigKeys (ConfUtils.java:logGet(43)) - raft.server.log.purge.gap = 1000000 (custom)
2019-09-19 10:26:56,593 [pool-27-thread-1] INFO  server.RaftServerConfigKeys (ConfUtils.java:logGet(43)) - raft.server.log.appender.buffer.byte-limit = 33554432 (custom)
2019-09-19 10:26:56,593 [pool-27-thread-1] INFO  server.RaftServerConfigKeys (ConfUtils.java:logGet(43)) - raft.server.log.segment.size.max = 1048576 (custom)
2019-09-19 10:26:56,594 [pool-27-thread-1] INFO  server.RaftServerConfigKeys (ConfUtils.java:logGet(43)) - raft.server.log.segment.cache.num.max = 2 (custom)
2019-09-19 10:26:56,594 [pool-27-thread-1] INFO  segmented.SegmentedRaftLogWorker (SegmentedRaftLogWorker.java:<init>(172)) - new f4f61464-0bdf-492b-ac84-d659f01f9139-SegmentedRaftLogWorker:Storage Directory /workdir/hadoop-ozone/ozonefs/target/test-dir/MiniOzoneClusterImpl-c4ccaed8-e682-4870-947c-cf1864f77c00/datanode-0/data/ratis/b3375794-d431-451a-b368-8e9dce23a439 for RaftStorage:Storage Directory /workdir/hadoop-ozone/ozonefs/target/test-dir/MiniOzoneClusterImpl-c4ccaed8-e682-4870-947c-cf1864f77c00/datanode-0/data/ratis/b3375794-d431-451a-b368-8e9dce23a439
2019-09-19 10:26:56,594 [pool-27-thread-1] INFO  server.RaftServerConfigKeys (ConfUtils.java:logGet(43)) - raft.server.log.queue.byte-limit = 2147483647 (custom)
2019-09-19 10:26:56,594 [pool-27-thread-1] INFO  server.RaftServerConfigKeys (ConfUtils.java:logGet(43)) - raft.server.log.queue.element-limit = 1024 (custom)
2019-09-19 10:26:56,594 [pool-27-thread-1] INFO  server.RaftServerConfigKeys (ConfUtils.java:logGet(43)) - raft.server.log.segment.size.max = 1048576 (custom)
2019-09-19 10:26:56,594 [pool-27-thread-1] INFO  server.RaftServerConfigKeys (ConfUtils.java:logGet(43)) - raft.server.log.preallocated.size = 16384 (custom)
2019-09-19 10:26:56,594 [pool-27-thread-1] INFO  server.RaftServerConfigKeys (ConfUtils.java:logGet(43)) - raft.server.log.write.buffer.size = 33554432 (custom)
2019-09-19 10:26:56,594 [pool-27-thread-1] INFO  server.RaftServerConfigKeys (ConfUtils.java:logGet(43)) - raft.server.log.force.sync.num = 128 (default)
2019-09-19 10:26:56,594 [pool-27-thread-1] INFO  server.RaftServerConfigKeys (ConfUtils.java:logGet(43)) - raft.server.log.statemachine.data.sync = true (default)
2019-09-19 10:26:56,594 [pool-27-thread-1] INFO  server.RaftServerConfigKeys (ConfUtils.java:logGet(43)) - raft.server.log.statemachine.data.sync.timeout = 10s (default)
2019-09-19 10:26:56,595 [pool-27-thread-1] INFO  server.RaftServerConfigKeys (ConfUtils.java:logGet(43)) - raft.server.log.statemachine.data.sync.timeout.retry = -1 (default)
2019-09-19 10:26:56,595 [pool-27-thread-1] INFO  server.RaftServerConfigKeys (ConfUtils.java:logGet(43)) - raft.server.log.statemachine.data.caching.enabled = true (custom)
2019-09-19 10:26:56,595 [pool-27-thread-1] INFO  segmented.SegmentedRaftLogWorker (SegmentedRaftLogWorker.java:lambda$new$0(132)) - f4f61464-0bdf-492b-ac84-d659f01f9139-SegmentedRaftLogWorker:Storage Directory /workdir/hadoop-ozone/ozonefs/target/test-dir/MiniOzoneClusterImpl-c4ccaed8-e682-4870-947c-cf1864f77c00/datanode-0/data/ratis/b3375794-d431-451a-b368-8e9dce23a439: flushIndex: setUnconditionally 0 -> -1
2019-09-19 10:26:56,595 [pool-27-thread-1] INFO  server.RaftServerConfigKeys (ConfUtils.java:logGet(43)) - raft.server.snapshot.auto.trigger.enabled = true (custom)
2019-09-19 10:26:56,595 [pool-27-thread-1] INFO  server.RaftServerConfigKeys (ConfUtils.java:logGet(43)) - raft.server.snapshot.auto.trigger.threshold = 10000 (custom)
2019-09-19 10:26:56,595 [pool-27-thread-1] INFO  server.RaftServerConfigKeys (ConfUtils.java:logGet(43)) - raft.server.retrycache.expirytime = 600000ms (custom)
2019-09-19 10:26:56,596 [pool-27-thread-1] INFO  impl.RaftServerImpl (RaftServerImpl.java:start(180)) - f4f61464-0bdf-492b-ac84-d659f01f9139: start group-8E9DCE23A439
2019-09-19 10:26:56,596 [pool-27-thread-1] INFO  impl.RaftServerImpl (RaftServerImpl.java:setRole(171)) - f4f61464-0bdf-492b-ac84-d659f01f9139:group-8E9DCE23A439 changes role from null to FOLLOWER at term 0 for startAsFollower
2019-09-19 10:26:56,596 [pool-27-thread-1] INFO  impl.RoleInfo (RoleInfo.java:updateAndGet(143)) - f4f61464-0bdf-492b-ac84-d659f01f9139: start FollowerState
2019-09-19 10:26:56,596 [pool-27-thread-1] INFO  util.JmxRegister (JmxRegister.java:tryRegister(44)) - Successfully registered JMX Bean with object name Ratis:service=RaftServer,group=group-8E9DCE23A439,id=f4f61464-0bdf-492b-ac84-d659f01f9139
2019-09-19 10:26:56,601 [RatisPipelineUtilsThread] INFO  pipeline.PipelineStateManager (PipelineStateManager.java:addPipeline(56)) - Created pipeline Pipeline[ Id: b3375794-d431-451a-b368-8e9dce23a439, Nodes: f4f61464-0bdf-492b-ac84-d659f01f9139{ip: 192.168.157.204, host: pr-hdds-1569-cpgw4-1311585219, networkLocation: /default-rack, certSerialId: null}, Type:RATIS, Factor:ONE, State:OPEN]
2019-09-19 10:26:56,602 [RatisPipelineUtilsThread] ERROR pipeline.PipelinePlacementPolicy (PipelinePlacementPolicy.java:meetCriteria(91)) - Pipeline Placement: Doesn't meet the criteria to be viable node. Heaviness: 6
2019-09-19 10:26:56,611 [grpc-default-executor-0] INFO  impl.RaftServerProxy (RaftServerProxy.java:addNew(89)) - 9c1babfd-24b9-43b5-a670-4d0e2dc3eec4: addNew group-DB26C8C47675:[9c1babfd-24b9-43b5-a670-4d0e2dc3eec4:192.168.157.204:39323] returns group-DB26C8C47675:java.util.concurrent.CompletableFuture@cf87415[Not completed]
2019-09-19 10:26:56,613 [pool-82-thread-1] INFO  impl.RaftServerImpl (RaftServerImpl.java:<init>(93)) - 9c1babfd-24b9-43b5-a670-4d0e2dc3eec4: new RaftServerImpl for group-DB26C8C47675:[9c1babfd-24b9-43b5-a670-4d0e2dc3eec4:192.168.157.204:39323] with ContainerStateMachine:uninitialized
2019-09-19 10:26:56,613 [pool-82-thread-1] INFO  server.RaftServerConfigKeys (ConfUtils.java:logGet(43)) - raft.server.rpc.timeout.min = 5s (custom)
2019-09-19 10:26:56,613 [pool-82-thread-1] INFO  server.RaftServerConfigKeys (ConfUtils.java:logGet(43)) - raft.server.rpc.timeout.max = 5200ms (custom)
2019-09-19 10:26:56,614 [pool-82-thread-1] INFO  server.RaftServerConfigKeys (ConfUtils.java:logGet(43)) - raft.server.rpcslowness.timeout = 120s (custom)
2019-09-19 10:26:56,614 [pool-82-thread-1] INFO  server.RaftServerConfigKeys (ConfUtils.java:logGet(43)) - raft.server.sleep.deviation.threshold = 300 (default)
2019-09-19 10:26:56,614 [pool-82-thread-1] INFO  server.RaftServerConfigKeys (ConfUtils.java:logGet(43)) - raft.server.log.appender.install.snapshot.enabled = false (custom)
2019-09-19 10:26:56,614 [pool-82-thread-1] INFO  impl.RaftServerImpl (ServerState.java:<init>(105)) - 9c1babfd-24b9-43b5-a670-4d0e2dc3eec4:group-DB26C8C47675 ConfigurationManager, init=-1: [9c1babfd-24b9-43b5-a670-4d0e2dc3eec4:192.168.157.204:39323], old=null, confs=<EMPTY_MAP>
2019-09-19 10:26:56,614 [pool-82-thread-1] INFO  server.RaftServerConfigKeys (ConfUtils.java:logGet(43)) - raft.server.storage.dir = [/workdir/hadoop-ozone/ozonefs/target/test-dir/MiniOzoneClusterImpl-c4ccaed8-e682-4870-947c-cf1864f77c00/datanode-5/data/ratis] (custom)
2019-09-19 10:26:56,615 [pool-82-thread-1] INFO  storage.RaftStorageDirectory (RaftStorageDirectory.java:analyzeStorage(246)) - The storage directory /workdir/hadoop-ozone/ozonefs/target/test-dir/MiniOzoneClusterImpl-c4ccaed8-e682-4870-947c-cf1864f77c00/datanode-5/data/ratis/e80f5170-62c5-47eb-8bbd-db26c8c47675 does not exist. Creating ...
2019-09-19 10:26:56,628 [pool-82-thread-1] INFO  storage.RaftStorageDirectory (RaftStorageDirectory.java:tryLock(328)) - Lock on /workdir/hadoop-ozone/ozonefs/target/test-dir/MiniOzoneClusterImpl-c4ccaed8-e682-4870-947c-cf1864f77c00/datanode-5/data/ratis/e80f5170-62c5-47eb-8bbd-db26c8c47675/in_use.lock acquired by nodename 26715@pr-hdds-1569-cpgw4-1311585219
2019-09-19 10:26:56,641 [pool-82-thread-1] INFO  storage.RaftStorage (RaftStorage.java:format(72)) - Storage directory /workdir/hadoop-ozone/ozonefs/target/test-dir/MiniOzoneClusterImpl-c4ccaed8-e682-4870-947c-cf1864f77c00/datanode-5/data/ratis/e80f5170-62c5-47eb-8bbd-db26c8c47675 has been successfully formatted.
2019-09-19 10:26:56,642 [pool-82-thread-1] INFO  ratis.ContainerStateMachine (ContainerStateMachine.java:loadSnapshot(226)) - group-DB26C8C47675: The snapshot info is null. Setting the last applied indexto:(t:0, i:~)
2019-09-19 10:26:56,642 [pool-82-thread-1] INFO  server.RaftServerConfigKeys (ConfUtils.java:logGet(43)) - raft.server.leader.election.timeout = 120s (custom)
2019-09-19 10:26:56,642 [pool-82-thread-1] INFO  server.RaftServerConfigKeys (ConfUtils.java:logGet(43)) - raft.server.log.use.memory = false (default)
2019-09-19 10:26:56,642 [pool-82-thread-1] INFO  server.RaftServerConfigKeys (ConfUtils.java:logGet(43)) - raft.server.log.purge.gap = 1000000 (custom)
2019-09-19 10:26:56,642 [pool-82-thread-1] INFO  server.RaftServerConfigKeys (ConfUtils.java:logGet(43)) - raft.server.log.appender.buffer.byte-limit = 33554432 (custom)
2019-09-19 10:26:56,642 [pool-82-thread-1] INFO  server.RaftServerConfigKeys (ConfUtils.java:logGet(43)) - raft.server.log.segment.size.max = 1048576 (custom)
2019-09-19 10:26:56,642 [pool-82-thread-1] INFO  server.RaftServerConfigKeys (ConfUtils.java:logGet(43)) - raft.server.log.segment.cache.num.max = 2 (custom)
2019-09-19 10:26:56,642 [pool-82-thread-1] INFO  segmented.SegmentedRaftLogWorker (SegmentedRaftLogWorker.java:<init>(172)) - new 9c1babfd-24b9-43b5-a670-4d0e2dc3eec4-SegmentedRaftLogWorker:Storage Directory /workdir/hadoop-ozone/ozonefs/target/test-dir/MiniOzoneClusterImpl-c4ccaed8-e682-4870-947c-cf1864f77c00/datanode-5/data/ratis/e80f5170-62c5-47eb-8bbd-db26c8c47675 for RaftStorage:Storage Directory /workdir/hadoop-ozone/ozonefs/target/test-dir/MiniOzoneClusterImpl-c4ccaed8-e682-4870-947c-cf1864f77c00/datanode-5/data/ratis/e80f5170-62c5-47eb-8bbd-db26c8c47675
2019-09-19 10:26:56,642 [pool-82-thread-1] INFO  server.RaftServerConfigKeys (ConfUtils.java:logGet(43)) - raft.server.log.queue.byte-limit = 2147483647 (custom)
2019-09-19 10:26:56,643 [pool-82-thread-1] INFO  server.RaftServerConfigKeys (ConfUtils.java:logGet(43)) - raft.server.log.queue.element-limit = 1024 (custom)
2019-09-19 10:26:56,643 [pool-82-thread-1] INFO  server.RaftServerConfigKeys (ConfUtils.java:logGet(43)) - raft.server.log.segment.size.max = 1048576 (custom)
2019-09-19 10:26:56,643 [pool-82-thread-1] INFO  server.RaftServerConfigKeys (ConfUtils.java:logGet(43)) - raft.server.log.preallocated.size = 16384 (custom)
2019-09-19 10:26:56,643 [pool-82-thread-1] INFO  server.RaftServerConfigKeys (ConfUtils.java:logGet(43)) - raft.server.log.write.buffer.size = 33554432 (custom)
2019-09-19 10:26:56,643 [pool-82-thread-1] INFO  server.RaftServerConfigKeys (ConfUtils.java:logGet(43)) - raft.server.log.force.sync.num = 128 (default)
2019-09-19 10:26:56,643 [pool-82-thread-1] INFO  server.RaftServerConfigKeys (ConfUtils.java:logGet(43)) - raft.server.log.statemachine.data.sync = true (default)
2019-09-19 10:26:56,643 [pool-82-thread-1] INFO  server.RaftServerConfigKeys (ConfUtils.java:logGet(43)) - raft.server.log.statemachine.data.sync.timeout = 10s (default)
2019-09-19 10:26:56,643 [pool-82-thread-1] INFO  server.RaftServerConfigKeys (ConfUtils.java:logGet(43)) - raft.server.log.statemachine.data.sync.timeout.retry = -1 (default)
2019-09-19 10:26:56,643 [pool-82-thread-1] INFO  server.RaftServerConfigKeys (ConfUtils.java:logGet(43)) - raft.server.log.statemachine.data.caching.enabled = true (custom)
2019-09-19 10:26:56,644 [pool-82-thread-1] INFO  segmented.SegmentedRaftLogWorker (SegmentedRaftLogWorker.java:lambda$new$0(132)) - 9c1babfd-24b9-43b5-a670-4d0e2dc3eec4-SegmentedRaftLogWorker:Storage Directory /workdir/hadoop-ozone/ozonefs/target/test-dir/MiniOzoneClusterImpl-c4ccaed8-e682-4870-947c-cf1864f77c00/datanode-5/data/ratis/e80f5170-62c5-47eb-8bbd-db26c8c47675: flushIndex: setUnconditionally 0 -> -1
2019-09-19 10:26:56,644 [pool-82-thread-1] INFO  server.RaftServerConfigKeys (ConfUtils.java:logGet(43)) - raft.server.snapshot.auto.trigger.enabled = true (custom)
2019-09-19 10:26:56,644 [pool-82-thread-1] INFO  server.RaftServerConfigKeys (ConfUtils.java:logGet(43)) - raft.server.snapshot.auto.trigger.threshold = 10000 (custom)
2019-09-19 10:26:56,644 [pool-82-thread-1] INFO  server.RaftServerConfigKeys (ConfUtils.java:logGet(43)) - raft.server.retrycache.expirytime = 600000ms (custom)
2019-09-19 10:26:56,644 [pool-82-thread-1] INFO  impl.RaftServerImpl (RaftServerImpl.java:start(180)) - 9c1babfd-24b9-43b5-a670-4d0e2dc3eec4: start group-DB26C8C47675
2019-09-19 10:26:56,644 [pool-82-thread-1] INFO  impl.RaftServerImpl (RaftServerImpl.java:setRole(171)) - 9c1babfd-24b9-43b5-a670-4d0e2dc3eec4:group-DB26C8C47675 changes role from null to FOLLOWER at term 0 for startAsFollower
2019-09-19 10:26:56,644 [pool-82-thread-1] INFO  impl.RoleInfo (RoleInfo.java:updateAndGet(143)) - 9c1babfd-24b9-43b5-a670-4d0e2dc3eec4: start FollowerState
2019-09-19 10:26:56,645 [pool-82-thread-1] INFO  util.JmxRegister (JmxRegister.java:tryRegister(44)) - Successfully registered JMX Bean with object name Ratis:service=RaftServer,group=group-DB26C8C47675,id=9c1babfd-24b9-43b5-a670-4d0e2dc3eec4
2019-09-19 10:26:56,661 [RatisPipelineUtilsThread] INFO  pipeline.PipelineStateManager (PipelineStateManager.java:addPipeline(56)) - Created pipeline Pipeline[ Id: e80f5170-62c5-47eb-8bbd-db26c8c47675, Nodes: 9c1babfd-24b9-43b5-a670-4d0e2dc3eec4{ip: 192.168.157.204, host: pr-hdds-1569-cpgw4-1311585219, networkLocation: /default-rack, certSerialId: null}, Type:RATIS, Factor:ONE, State:OPEN]
2019-09-19 10:26:56,663 [RatisPipelineUtilsThread] ERROR pipeline.PipelinePlacementPolicy (PipelinePlacementPolicy.java:meetCriteria(91)) - Pipeline Placement: Doesn't meet the criteria to be viable node. Heaviness: 6
2019-09-19 10:26:56,672 [grpc-default-executor-0] INFO  impl.RaftServerProxy (RaftServerProxy.java:addNew(89)) - 7e4b2fb6-17ca-4cf7-9c63-77c56d6e2e1f: addNew group-4CF7D01FC611:[7e4b2fb6-17ca-4cf7-9c63-77c56d6e2e1f:192.168.157.204:45021] returns group-4CF7D01FC611:java.util.concurrent.CompletableFuture@b37a9ad[Not completed]
2019-09-19 10:26:56,673 [pool-71-thread-1] INFO  impl.RaftServerImpl (RaftServerImpl.java:<init>(93)) - 7e4b2fb6-17ca-4cf7-9c63-77c56d6e2e1f: new RaftServerImpl for group-4CF7D01FC611:[7e4b2fb6-17ca-4cf7-9c63-77c56d6e2e1f:192.168.157.204:45021] with ContainerStateMachine:uninitialized
2019-09-19 10:26:56,673 [pool-71-thread-1] INFO  server.RaftServerConfigKeys (ConfUtils.java:logGet(43)) - raft.server.rpc.timeout.min = 5s (custom)
2019-09-19 10:26:56,673 [pool-71-thread-1] INFO  server.RaftServerConfigKeys (ConfUtils.java:logGet(43)) - raft.server.rpc.timeout.max = 5200ms (custom)
2019-09-19 10:26:56,673 [pool-71-thread-1] INFO  server.RaftServerConfigKeys (ConfUtils.java:logGet(43)) - raft.server.rpcslowness.timeout = 120s (custom)
2019-09-19 10:26:56,673 [pool-71-thread-1] INFO  server.RaftServerConfigKeys (ConfUtils.java:logGet(43)) - raft.server.sleep.deviation.threshold = 300 (default)
2019-09-19 10:26:56,673 [pool-71-thread-1] INFO  server.RaftServerConfigKeys (ConfUtils.java:logGet(43)) - raft.server.log.appender.install.snapshot.enabled = false (custom)
2019-09-19 10:26:56,673 [pool-71-thread-1] INFO  impl.RaftServerImpl (ServerState.java:<init>(105)) - 7e4b2fb6-17ca-4cf7-9c63-77c56d6e2e1f:group-4CF7D01FC611 ConfigurationManager, init=-1: [7e4b2fb6-17ca-4cf7-9c63-77c56d6e2e1f:192.168.157.204:45021], old=null, confs=<EMPTY_MAP>
2019-09-19 10:26:56,673 [pool-71-thread-1] INFO  server.RaftServerConfigKeys (ConfUtils.java:logGet(43)) - raft.server.storage.dir = [/workdir/hadoop-ozone/ozonefs/target/test-dir/MiniOzoneClusterImpl-c4ccaed8-e682-4870-947c-cf1864f77c00/datanode-4/data/ratis] (custom)
2019-09-19 10:26:56,674 [pool-71-thread-1] INFO  storage.RaftStorageDirectory (RaftStorageDirectory.java:analyzeStorage(246)) - The storage directory /workdir/hadoop-ozone/ozonefs/target/test-dir/MiniOzoneClusterImpl-c4ccaed8-e682-4870-947c-cf1864f77c00/datanode-4/data/ratis/119d73e1-581f-412b-9c43-4cf7d01fc611 does not exist. Creating ...
2019-09-19 10:26:56,680 [pool-71-thread-1] INFO  storage.RaftStorageDirectory (RaftStorageDirectory.java:tryLock(328)) - Lock on /workdir/hadoop-ozone/ozonefs/target/test-dir/MiniOzoneClusterImpl-c4ccaed8-e682-4870-947c-cf1864f77c00/datanode-4/data/ratis/119d73e1-581f-412b-9c43-4cf7d01fc611/in_use.lock acquired by nodename 26715@pr-hdds-1569-cpgw4-1311585219
2019-09-19 10:26:56,680 [f4f61464-0bdf-492b-ac84-d659f01f9139-SegmentedRaftLogWorker:Storage Directory /workdir/hadoop-ozone/ozonefs/target/test-dir/MiniOzoneClusterImpl-c4ccaed8-e682-4870-947c-cf1864f77c00/datanode-0/data/ratis/fb620b06-fcb6-4d6e-8f36-9f1a3b0de824] INFO  segmented.SegmentedRaftLogWorker (SegmentedRaftLogWorker.java:execute(569)) - f4f61464-0bdf-492b-ac84-d659f01f9139-SegmentedRaftLogWorker:Storage Directory /workdir/hadoop-ozone/ozonefs/target/test-dir/MiniOzoneClusterImpl-c4ccaed8-e682-4870-947c-cf1864f77c00/datanode-0/data/ratis/fb620b06-fcb6-4d6e-8f36-9f1a3b0de824: created new log segment /workdir/hadoop-ozone/ozonefs/target/test-dir/MiniOzoneClusterImpl-c4ccaed8-e682-4870-947c-cf1864f77c00/datanode-0/data/ratis/fb620b06-fcb6-4d6e-8f36-9f1a3b0de824/current/log_inprogress_0
2019-09-19 10:26:56,706 [pool-71-thread-1] INFO  storage.RaftStorage (RaftStorage.java:format(72)) - Storage directory /workdir/hadoop-ozone/ozonefs/target/test-dir/MiniOzoneClusterImpl-c4ccaed8-e682-4870-947c-cf1864f77c00/datanode-4/data/ratis/119d73e1-581f-412b-9c43-4cf7d01fc611 has been successfully formatted.
2019-09-19 10:26:56,707 [pool-71-thread-1] INFO  ratis.ContainerStateMachine (ContainerStateMachine.java:loadSnapshot(226)) - group-4CF7D01FC611: The snapshot info is null. Setting the last applied indexto:(t:0, i:~)
2019-09-19 10:26:56,707 [pool-71-thread-1] INFO  server.RaftServerConfigKeys (ConfUtils.java:logGet(43)) - raft.server.leader.election.timeout = 120s (custom)
2019-09-19 10:26:56,707 [pool-71-thread-1] INFO  server.RaftServerConfigKeys (ConfUtils.java:logGet(43)) - raft.server.log.use.memory = false (default)
2019-09-19 10:26:56,707 [pool-71-thread-1] INFO  server.RaftServerConfigKeys (ConfUtils.java:logGet(43)) - raft.server.log.purge.gap = 1000000 (custom)
2019-09-19 10:26:56,707 [pool-71-thread-1] INFO  server.RaftServerConfigKeys (ConfUtils.java:logGet(43)) - raft.server.log.appender.buffer.byte-limit = 33554432 (custom)
2019-09-19 10:26:56,707 [pool-71-thread-1] INFO  server.RaftServerConfigKeys (ConfUtils.java:logGet(43)) - raft.server.log.segment.size.max = 1048576 (custom)
2019-09-19 10:26:56,707 [pool-71-thread-1] INFO  server.RaftServerConfigKeys (ConfUtils.java:logGet(43)) - raft.server.log.segment.cache.num.max = 2 (custom)
2019-09-19 10:26:56,708 [pool-71-thread-1] INFO  segmented.SegmentedRaftLogWorker (SegmentedRaftLogWorker.java:<init>(172)) - new 7e4b2fb6-17ca-4cf7-9c63-77c56d6e2e1f-SegmentedRaftLogWorker:Storage Directory /workdir/hadoop-ozone/ozonefs/target/test-dir/MiniOzoneClusterImpl-c4ccaed8-e682-4870-947c-cf1864f77c00/datanode-4/data/ratis/119d73e1-581f-412b-9c43-4cf7d01fc611 for RaftStorage:Storage Directory /workdir/hadoop-ozone/ozonefs/target/test-dir/MiniOzoneClusterImpl-c4ccaed8-e682-4870-947c-cf1864f77c00/datanode-4/data/ratis/119d73e1-581f-412b-9c43-4cf7d01fc611
2019-09-19 10:26:56,708 [pool-71-thread-1] INFO  server.RaftServerConfigKeys (ConfUtils.java:logGet(43)) - raft.server.log.queue.byte-limit = 2147483647 (custom)
2019-09-19 10:26:56,708 [pool-71-thread-1] INFO  server.RaftServerConfigKeys (ConfUtils.java:logGet(43)) - raft.server.log.queue.element-limit = 1024 (custom)
2019-09-19 10:26:56,708 [pool-71-thread-1] INFO  server.RaftServerConfigKeys (ConfUtils.java:logGet(43)) - raft.server.log.segment.size.max = 1048576 (custom)
2019-09-19 10:26:56,708 [pool-71-thread-1] INFO  server.RaftServerConfigKeys (ConfUtils.java:logGet(43)) - raft.server.log.preallocated.size = 16384 (custom)
2019-09-19 10:26:56,708 [pool-71-thread-1] INFO  server.RaftServerConfigKeys (ConfUtils.java:logGet(43)) - raft.server.log.write.buffer.size = 33554432 (custom)
2019-09-19 10:26:56,709 [pool-71-thread-1] INFO  server.RaftServerConfigKeys (ConfUtils.java:logGet(43)) - raft.server.log.force.sync.num = 128 (default)
2019-09-19 10:26:56,709 [pool-71-thread-1] INFO  server.RaftServerConfigKeys (ConfUtils.java:logGet(43)) - raft.server.log.statemachine.data.sync = true (default)
2019-09-19 10:26:56,709 [pool-71-thread-1] INFO  server.RaftServerConfigKeys (ConfUtils.java:logGet(43)) - raft.server.log.statemachine.data.sync.timeout = 10s (default)
2019-09-19 10:26:56,709 [pool-71-thread-1] INFO  server.RaftServerConfigKeys (ConfUtils.java:logGet(43)) - raft.server.log.statemachine.data.sync.timeout.retry = -1 (default)
2019-09-19 10:26:56,709 [pool-71-thread-1] INFO  server.RaftServerConfigKeys (ConfUtils.java:logGet(43)) - raft.server.log.statemachine.data.caching.enabled = true (custom)
2019-09-19 10:26:56,710 [pool-71-thread-1] INFO  segmented.SegmentedRaftLogWorker (SegmentedRaftLogWorker.java:lambda$new$0(132)) - 7e4b2fb6-17ca-4cf7-9c63-77c56d6e2e1f-SegmentedRaftLogWorker:Storage Directory /workdir/hadoop-ozone/ozonefs/target/test-dir/MiniOzoneClusterImpl-c4ccaed8-e682-4870-947c-cf1864f77c00/datanode-4/data/ratis/119d73e1-581f-412b-9c43-4cf7d01fc611: flushIndex: setUnconditionally 0 -> -1
2019-09-19 10:26:56,710 [pool-71-thread-1] INFO  server.RaftServerConfigKeys (ConfUtils.java:logGet(43)) - raft.server.snapshot.auto.trigger.enabled = true (custom)
2019-09-19 10:26:56,710 [pool-71-thread-1] INFO  server.RaftServerConfigKeys (ConfUtils.java:logGet(43)) - raft.server.snapshot.auto.trigger.threshold = 10000 (custom)
2019-09-19 10:26:56,710 [pool-71-thread-1] INFO  server.RaftServerConfigKeys (ConfUtils.java:logGet(43)) - raft.server.retrycache.expirytime = 600000ms (custom)
2019-09-19 10:26:56,710 [pool-71-thread-1] INFO  impl.RaftServerImpl (RaftServerImpl.java:start(180)) - 7e4b2fb6-17ca-4cf7-9c63-77c56d6e2e1f: start group-4CF7D01FC611
2019-09-19 10:26:56,711 [pool-71-thread-1] INFO  impl.RaftServerImpl (RaftServerImpl.java:setRole(171)) - 7e4b2fb6-17ca-4cf7-9c63-77c56d6e2e1f:group-4CF7D01FC611 changes role from null to FOLLOWER at term 0 for startAsFollower
2019-09-19 10:26:56,711 [pool-71-thread-1] INFO  impl.RoleInfo (RoleInfo.java:updateAndGet(143)) - 7e4b2fb6-17ca-4cf7-9c63-77c56d6e2e1f: start FollowerState
2019-09-19 10:26:56,711 [pool-71-thread-1] INFO  util.JmxRegister (JmxRegister.java:tryRegister(44)) - Successfully registered JMX Bean with object name Ratis:service=RaftServer,group=group-4CF7D01FC611,id=7e4b2fb6-17ca-4cf7-9c63-77c56d6e2e1f
2019-09-19 10:26:56,712 | INFO  | SCMAudit | user=jenkins1000 | ip=192.168.157.204 | op=SEND_HEARTBEAT {datanodeUUID=f4f61464-0bdf-492b-ac84-d659f01f9139, command=[]} | ret=SUCCESS |  
2019-09-19 10:26:56,717 [RatisPipelineUtilsThread] INFO  pipeline.PipelineStateManager (PipelineStateManager.java:addPipeline(56)) - Created pipeline Pipeline[ Id: 119d73e1-581f-412b-9c43-4cf7d01fc611, Nodes: 7e4b2fb6-17ca-4cf7-9c63-77c56d6e2e1f{ip: 192.168.157.204, host: pr-hdds-1569-cpgw4-1311585219, networkLocation: /default-rack, certSerialId: null}, Type:RATIS, Factor:ONE, State:OPEN]
2019-09-19 10:26:56,719 [RatisPipelineUtilsThread] ERROR pipeline.PipelinePlacementPolicy (PipelinePlacementPolicy.java:meetCriteria(91)) - Pipeline Placement: Doesn't meet the criteria to be viable node. Heaviness: 6
2019-09-19 10:26:56,729 [grpc-default-executor-0] INFO  impl.RaftServerProxy (RaftServerProxy.java:addNew(89)) - 1692dd7e-eca0-4ee0-be13-a7fe013a1be4: addNew group-9C5D8E6BECF0:[1692dd7e-eca0-4ee0-be13-a7fe013a1be4:192.168.157.204:39330] returns group-9C5D8E6BECF0:java.util.concurrent.CompletableFuture@24c5f844[Not completed]
2019-09-19 10:26:56,730 [pool-60-thread-1] INFO  impl.RaftServerImpl (RaftServerImpl.java:<init>(93)) - 1692dd7e-eca0-4ee0-be13-a7fe013a1be4: new RaftServerImpl for group-9C5D8E6BECF0:[1692dd7e-eca0-4ee0-be13-a7fe013a1be4:192.168.157.204:39330] with ContainerStateMachine:uninitialized
2019-09-19 10:26:56,730 [pool-60-thread-1] INFO  server.RaftServerConfigKeys (ConfUtils.java:logGet(43)) - raft.server.rpc.timeout.min = 5s (custom)
2019-09-19 10:26:56,731 [pool-60-thread-1] INFO  server.RaftServerConfigKeys (ConfUtils.java:logGet(43)) - raft.server.rpc.timeout.max = 5200ms (custom)
2019-09-19 10:26:56,731 [pool-60-thread-1] INFO  server.RaftServerConfigKeys (ConfUtils.java:logGet(43)) - raft.server.rpcslowness.timeout = 120s (custom)
2019-09-19 10:26:56,731 [pool-60-thread-1] INFO  server.RaftServerConfigKeys (ConfUtils.java:logGet(43)) - raft.server.sleep.deviation.threshold = 300 (default)
2019-09-19 10:26:56,731 [pool-60-thread-1] INFO  server.RaftServerConfigKeys (ConfUtils.java:logGet(43)) - raft.server.log.appender.install.snapshot.enabled = false (custom)
2019-09-19 10:26:56,731 [pool-60-thread-1] INFO  impl.RaftServerImpl (ServerState.java:<init>(105)) - 1692dd7e-eca0-4ee0-be13-a7fe013a1be4:group-9C5D8E6BECF0 ConfigurationManager, init=-1: [1692dd7e-eca0-4ee0-be13-a7fe013a1be4:192.168.157.204:39330], old=null, confs=<EMPTY_MAP>
2019-09-19 10:26:56,731 [pool-60-thread-1] INFO  server.RaftServerConfigKeys (ConfUtils.java:logGet(43)) - raft.server.storage.dir = [/workdir/hadoop-ozone/ozonefs/target/test-dir/MiniOzoneClusterImpl-c4ccaed8-e682-4870-947c-cf1864f77c00/datanode-3/data/ratis] (custom)
2019-09-19 10:26:56,731 [pool-60-thread-1] INFO  storage.RaftStorageDirectory (RaftStorageDirectory.java:analyzeStorage(246)) - The storage directory /workdir/hadoop-ozone/ozonefs/target/test-dir/MiniOzoneClusterImpl-c4ccaed8-e682-4870-947c-cf1864f77c00/datanode-3/data/ratis/d5e93d51-edd5-43cc-9451-9c5d8e6becf0 does not exist. Creating ...
2019-09-19 10:26:56,744 [pool-60-thread-1] INFO  storage.RaftStorageDirectory (RaftStorageDirectory.java:tryLock(328)) - Lock on /workdir/hadoop-ozone/ozonefs/target/test-dir/MiniOzoneClusterImpl-c4ccaed8-e682-4870-947c-cf1864f77c00/datanode-3/data/ratis/d5e93d51-edd5-43cc-9451-9c5d8e6becf0/in_use.lock acquired by nodename 26715@pr-hdds-1569-cpgw4-1311585219
2019-09-19 10:26:56,751 | INFO  | SCMAudit | user=jenkins1000 | ip=192.168.157.204 | op=SEND_HEARTBEAT {datanodeUUID=1692dd7e-eca0-4ee0-be13-a7fe013a1be4, command=[]} | ret=SUCCESS |  
2019-09-19 10:26:56,751 | INFO  | SCMAudit | user=jenkins1000 | ip=192.168.157.204 | op=SEND_HEARTBEAT {datanodeUUID=84c75018-969a-4fca-ac0f-34cccc99d928, command=[]} | ret=SUCCESS |  
2019-09-19 10:26:56,758 [pool-60-thread-1] INFO  storage.RaftStorage (RaftStorage.java:format(72)) - Storage directory /workdir/hadoop-ozone/ozonefs/target/test-dir/MiniOzoneClusterImpl-c4ccaed8-e682-4870-947c-cf1864f77c00/datanode-3/data/ratis/d5e93d51-edd5-43cc-9451-9c5d8e6becf0 has been successfully formatted.
2019-09-19 10:26:56,758 [pool-60-thread-1] INFO  ratis.ContainerStateMachine (ContainerStateMachine.java:loadSnapshot(226)) - group-9C5D8E6BECF0: The snapshot info is null. Setting the last applied indexto:(t:0, i:~)
2019-09-19 10:26:56,758 [pool-60-thread-1] INFO  server.RaftServerConfigKeys (ConfUtils.java:logGet(43)) - raft.server.leader.election.timeout = 120s (custom)
2019-09-19 10:26:56,758 [pool-60-thread-1] INFO  server.RaftServerConfigKeys (ConfUtils.java:logGet(43)) - raft.server.log.use.memory = false (default)
2019-09-19 10:26:56,758 [pool-60-thread-1] INFO  server.RaftServerConfigKeys (ConfUtils.java:logGet(43)) - raft.server.log.purge.gap = 1000000 (custom)
2019-09-19 10:26:56,758 [pool-60-thread-1] INFO  server.RaftServerConfigKeys (ConfUtils.java:logGet(43)) - raft.server.log.appender.buffer.byte-limit = 33554432 (custom)
2019-09-19 10:26:56,758 [pool-60-thread-1] INFO  server.RaftServerConfigKeys (ConfUtils.java:logGet(43)) - raft.server.log.segment.size.max = 1048576 (custom)
2019-09-19 10:26:56,758 [pool-60-thread-1] INFO  server.RaftServerConfigKeys (ConfUtils.java:logGet(43)) - raft.server.log.segment.cache.num.max = 2 (custom)
2019-09-19 10:26:56,758 [pool-60-thread-1] INFO  segmented.SegmentedRaftLogWorker (SegmentedRaftLogWorker.java:<init>(172)) - new 1692dd7e-eca0-4ee0-be13-a7fe013a1be4-SegmentedRaftLogWorker:Storage Directory /workdir/hadoop-ozone/ozonefs/target/test-dir/MiniOzoneClusterImpl-c4ccaed8-e682-4870-947c-cf1864f77c00/datanode-3/data/ratis/d5e93d51-edd5-43cc-9451-9c5d8e6becf0 for RaftStorage:Storage Directory /workdir/hadoop-ozone/ozonefs/target/test-dir/MiniOzoneClusterImpl-c4ccaed8-e682-4870-947c-cf1864f77c00/datanode-3/data/ratis/d5e93d51-edd5-43cc-9451-9c5d8e6becf0
2019-09-19 10:26:56,759 [pool-60-thread-1] INFO  server.RaftServerConfigKeys (ConfUtils.java:logGet(43)) - raft.server.log.queue.byte-limit = 2147483647 (custom)
2019-09-19 10:26:56,759 [pool-60-thread-1] INFO  server.RaftServerConfigKeys (ConfUtils.java:logGet(43)) - raft.server.log.queue.element-limit = 1024 (custom)
2019-09-19 10:26:56,759 [pool-60-thread-1] INFO  server.RaftServerConfigKeys (ConfUtils.java:logGet(43)) - raft.server.log.segment.size.max = 1048576 (custom)
2019-09-19 10:26:56,759 [pool-60-thread-1] INFO  server.RaftServerConfigKeys (ConfUtils.java:logGet(43)) - raft.server.log.preallocated.size = 16384 (custom)
2019-09-19 10:26:56,759 [pool-60-thread-1] INFO  server.RaftServerConfigKeys (ConfUtils.java:logGet(43)) - raft.server.log.write.buffer.size = 33554432 (custom)
2019-09-19 10:26:56,759 [pool-60-thread-1] INFO  server.RaftServerConfigKeys (ConfUtils.java:logGet(43)) - raft.server.log.force.sync.num = 128 (default)
2019-09-19 10:26:56,759 [pool-60-thread-1] INFO  server.RaftServerConfigKeys (ConfUtils.java:logGet(43)) - raft.server.log.statemachine.data.sync = true (default)
2019-09-19 10:26:56,759 [pool-60-thread-1] INFO  server.RaftServerConfigKeys (ConfUtils.java:logGet(43)) - raft.server.log.statemachine.data.sync.timeout = 10s (default)
2019-09-19 10:26:56,759 [pool-60-thread-1] INFO  server.RaftServerConfigKeys (ConfUtils.java:logGet(43)) - raft.server.log.statemachine.data.sync.timeout.retry = -1 (default)
2019-09-19 10:26:56,759 [pool-60-thread-1] INFO  server.RaftServerConfigKeys (ConfUtils.java:logGet(43)) - raft.server.log.statemachine.data.caching.enabled = true (custom)
2019-09-19 10:26:56,760 [pool-60-thread-1] INFO  segmented.SegmentedRaftLogWorker (SegmentedRaftLogWorker.java:lambda$new$0(132)) - 1692dd7e-eca0-4ee0-be13-a7fe013a1be4-SegmentedRaftLogWorker:Storage Directory /workdir/hadoop-ozone/ozonefs/target/test-dir/MiniOzoneClusterImpl-c4ccaed8-e682-4870-947c-cf1864f77c00/datanode-3/data/ratis/d5e93d51-edd5-43cc-9451-9c5d8e6becf0: flushIndex: setUnconditionally 0 -> -1
2019-09-19 10:26:56,760 [pool-60-thread-1] INFO  server.RaftServerConfigKeys (ConfUtils.java:logGet(43)) - raft.server.snapshot.auto.trigger.enabled = true (custom)
2019-09-19 10:26:56,760 [pool-60-thread-1] INFO  server.RaftServerConfigKeys (ConfUtils.java:logGet(43)) - raft.server.snapshot.auto.trigger.threshold = 10000 (custom)
2019-09-19 10:26:56,760 [pool-60-thread-1] INFO  server.RaftServerConfigKeys (ConfUtils.java:logGet(43)) - raft.server.retrycache.expirytime = 600000ms (custom)
2019-09-19 10:26:56,760 [pool-60-thread-1] INFO  impl.RaftServerImpl (RaftServerImpl.java:start(180)) - 1692dd7e-eca0-4ee0-be13-a7fe013a1be4: start group-9C5D8E6BECF0
2019-09-19 10:26:56,760 [pool-60-thread-1] INFO  impl.RaftServerImpl (RaftServerImpl.java:setRole(171)) - 1692dd7e-eca0-4ee0-be13-a7fe013a1be4:group-9C5D8E6BECF0 changes role from null to FOLLOWER at term 0 for startAsFollower
2019-09-19 10:26:56,760 [pool-60-thread-1] INFO  impl.RoleInfo (RoleInfo.java:updateAndGet(143)) - 1692dd7e-eca0-4ee0-be13-a7fe013a1be4: start FollowerState
2019-09-19 10:26:56,761 [pool-60-thread-1] INFO  util.JmxRegister (JmxRegister.java:tryRegister(44)) - Successfully registered JMX Bean with object name Ratis:service=RaftServer,group=group-9C5D8E6BECF0,id=1692dd7e-eca0-4ee0-be13-a7fe013a1be4
2019-09-19 10:26:56,766 [RatisPipelineUtilsThread] INFO  pipeline.PipelineStateManager (PipelineStateManager.java:addPipeline(56)) - Created pipeline Pipeline[ Id: d5e93d51-edd5-43cc-9451-9c5d8e6becf0, Nodes: 1692dd7e-eca0-4ee0-be13-a7fe013a1be4{ip: 192.168.157.204, host: pr-hdds-1569-cpgw4-1311585219, networkLocation: /default-rack, certSerialId: null}, Type:RATIS, Factor:ONE, State:OPEN]
2019-09-19 10:26:56,768 [RatisPipelineUtilsThread] ERROR pipeline.PipelinePlacementPolicy (PipelinePlacementPolicy.java:meetCriteria(91)) - Pipeline Placement: Doesn't meet the criteria to be viable node. Heaviness: 6
2019-09-19 10:26:56,779 [grpc-default-executor-0] INFO  impl.RaftServerProxy (RaftServerProxy.java:addNew(89)) - 10ec1051-6571-4c90-b3f9-a3c2840a089b: addNew group-0B672481981A:[10ec1051-6571-4c90-b3f9-a3c2840a089b:192.168.157.204:40066] returns group-0B672481981A:java.util.concurrent.CompletableFuture@6fb947b4[Not completed]
2019-09-19 10:26:56,780 [pool-115-thread-1] INFO  impl.RaftServerImpl (RaftServerImpl.java:<init>(93)) - 10ec1051-6571-4c90-b3f9-a3c2840a089b: new RaftServerImpl for group-0B672481981A:[10ec1051-6571-4c90-b3f9-a3c2840a089b:192.168.157.204:40066] with ContainerStateMachine:uninitialized
2019-09-19 10:26:56,780 [pool-115-thread-1] INFO  server.RaftServerConfigKeys (ConfUtils.java:logGet(43)) - raft.server.rpc.timeout.min = 5s (custom)
2019-09-19 10:26:56,781 [pool-115-thread-1] INFO  server.RaftServerConfigKeys (ConfUtils.java:logGet(43)) - raft.server.rpc.timeout.max = 5200ms (custom)
2019-09-19 10:26:56,781 [pool-115-thread-1] INFO  server.RaftServerConfigKeys (ConfUtils.java:logGet(43)) - raft.server.rpcslowness.timeout = 120s (custom)
2019-09-19 10:26:56,781 [pool-115-thread-1] INFO  server.RaftServerConfigKeys (ConfUtils.java:logGet(43)) - raft.server.sleep.deviation.threshold = 300 (default)
2019-09-19 10:26:56,781 [pool-115-thread-1] INFO  server.RaftServerConfigKeys (ConfUtils.java:logGet(43)) - raft.server.log.appender.install.snapshot.enabled = false (custom)
2019-09-19 10:26:56,781 [pool-115-thread-1] INFO  impl.RaftServerImpl (ServerState.java:<init>(105)) - 10ec1051-6571-4c90-b3f9-a3c2840a089b:group-0B672481981A ConfigurationManager, init=-1: [10ec1051-6571-4c90-b3f9-a3c2840a089b:192.168.157.204:40066], old=null, confs=<EMPTY_MAP>
2019-09-19 10:26:56,781 [pool-115-thread-1] INFO  server.RaftServerConfigKeys (ConfUtils.java:logGet(43)) - raft.server.storage.dir = [/workdir/hadoop-ozone/ozonefs/target/test-dir/MiniOzoneClusterImpl-c4ccaed8-e682-4870-947c-cf1864f77c00/datanode-8/data/ratis] (custom)
2019-09-19 10:26:56,782 [pool-115-thread-1] INFO  storage.RaftStorageDirectory (RaftStorageDirectory.java:analyzeStorage(246)) - The storage directory /workdir/hadoop-ozone/ozonefs/target/test-dir/MiniOzoneClusterImpl-c4ccaed8-e682-4870-947c-cf1864f77c00/datanode-8/data/ratis/1ffeaf56-feac-4f74-8d82-0b672481981a does not exist. Creating ...
2019-09-19 10:26:56,795 [pool-115-thread-1] INFO  storage.RaftStorageDirectory (RaftStorageDirectory.java:tryLock(328)) - Lock on /workdir/hadoop-ozone/ozonefs/target/test-dir/MiniOzoneClusterImpl-c4ccaed8-e682-4870-947c-cf1864f77c00/datanode-8/data/ratis/1ffeaf56-feac-4f74-8d82-0b672481981a/in_use.lock acquired by nodename 26715@pr-hdds-1569-cpgw4-1311585219
2019-09-19 10:26:56,807 | INFO  | SCMAudit | user=jenkins1000 | ip=192.168.157.204 | op=SEND_HEARTBEAT {datanodeUUID=10ec1051-6571-4c90-b3f9-a3c2840a089b, command=[]} | ret=SUCCESS |  
2019-09-19 10:26:56,810 [pool-115-thread-1] INFO  storage.RaftStorage (RaftStorage.java:format(72)) - Storage directory /workdir/hadoop-ozone/ozonefs/target/test-dir/MiniOzoneClusterImpl-c4ccaed8-e682-4870-947c-cf1864f77c00/datanode-8/data/ratis/1ffeaf56-feac-4f74-8d82-0b672481981a has been successfully formatted.
2019-09-19 10:26:56,810 [pool-115-thread-1] INFO  ratis.ContainerStateMachine (ContainerStateMachine.java:loadSnapshot(226)) - group-0B672481981A: The snapshot info is null. Setting the last applied indexto:(t:0, i:~)
2019-09-19 10:26:56,810 [pool-115-thread-1] INFO  server.RaftServerConfigKeys (ConfUtils.java:logGet(43)) - raft.server.leader.election.timeout = 120s (custom)
2019-09-19 10:26:56,810 [pool-115-thread-1] INFO  server.RaftServerConfigKeys (ConfUtils.java:logGet(43)) - raft.server.log.use.memory = false (default)
2019-09-19 10:26:56,811 [pool-115-thread-1] INFO  server.RaftServerConfigKeys (ConfUtils.java:logGet(43)) - raft.server.log.purge.gap = 1000000 (custom)
2019-09-19 10:26:56,811 [pool-115-thread-1] INFO  server.RaftServerConfigKeys (ConfUtils.java:logGet(43)) - raft.server.log.appender.buffer.byte-limit = 33554432 (custom)
2019-09-19 10:26:56,811 [pool-115-thread-1] INFO  server.RaftServerConfigKeys (ConfUtils.java:logGet(43)) - raft.server.log.segment.size.max = 1048576 (custom)
2019-09-19 10:26:56,811 [pool-115-thread-1] INFO  server.RaftServerConfigKeys (ConfUtils.java:logGet(43)) - raft.server.log.segment.cache.num.max = 2 (custom)
2019-09-19 10:26:56,811 [pool-115-thread-1] INFO  segmented.SegmentedRaftLogWorker (SegmentedRaftLogWorker.java:<init>(172)) - new 10ec1051-6571-4c90-b3f9-a3c2840a089b-SegmentedRaftLogWorker:Storage Directory /workdir/hadoop-ozone/ozonefs/target/test-dir/MiniOzoneClusterImpl-c4ccaed8-e682-4870-947c-cf1864f77c00/datanode-8/data/ratis/1ffeaf56-feac-4f74-8d82-0b672481981a for RaftStorage:Storage Directory /workdir/hadoop-ozone/ozonefs/target/test-dir/MiniOzoneClusterImpl-c4ccaed8-e682-4870-947c-cf1864f77c00/datanode-8/data/ratis/1ffeaf56-feac-4f74-8d82-0b672481981a
2019-09-19 10:26:56,811 [pool-115-thread-1] INFO  server.RaftServerConfigKeys (ConfUtils.java:logGet(43)) - raft.server.log.queue.byte-limit = 2147483647 (custom)
2019-09-19 10:26:56,812 [pool-115-thread-1] INFO  server.RaftServerConfigKeys (ConfUtils.java:logGet(43)) - raft.server.log.queue.element-limit = 1024 (custom)
2019-09-19 10:26:56,812 [pool-115-thread-1] INFO  server.RaftServerConfigKeys (ConfUtils.java:logGet(43)) - raft.server.log.segment.size.max = 1048576 (custom)
2019-09-19 10:26:56,812 [pool-115-thread-1] INFO  server.RaftServerConfigKeys (ConfUtils.java:logGet(43)) - raft.server.log.preallocated.size = 16384 (custom)
2019-09-19 10:26:56,812 [pool-115-thread-1] INFO  server.RaftServerConfigKeys (ConfUtils.java:logGet(43)) - raft.server.log.write.buffer.size = 33554432 (custom)
2019-09-19 10:26:56,812 [pool-115-thread-1] INFO  server.RaftServerConfigKeys (ConfUtils.java:logGet(43)) - raft.server.log.force.sync.num = 128 (default)
2019-09-19 10:26:56,812 [pool-115-thread-1] INFO  server.RaftServerConfigKeys (ConfUtils.java:logGet(43)) - raft.server.log.statemachine.data.sync = true (default)
2019-09-19 10:26:56,813 [pool-115-thread-1] INFO  server.RaftServerConfigKeys (ConfUtils.java:logGet(43)) - raft.server.log.statemachine.data.sync.timeout = 10s (default)
2019-09-19 10:26:56,813 [pool-115-thread-1] INFO  server.RaftServerConfigKeys (ConfUtils.java:logGet(43)) - raft.server.log.statemachine.data.sync.timeout.retry = -1 (default)
2019-09-19 10:26:56,813 [pool-115-thread-1] INFO  server.RaftServerConfigKeys (ConfUtils.java:logGet(43)) - raft.server.log.statemachine.data.caching.enabled = true (custom)
2019-09-19 10:26:56,813 [pool-115-thread-1] INFO  segmented.SegmentedRaftLogWorker (SegmentedRaftLogWorker.java:lambda$new$0(132)) - 10ec1051-6571-4c90-b3f9-a3c2840a089b-SegmentedRaftLogWorker:Storage Directory /workdir/hadoop-ozone/ozonefs/target/test-dir/MiniOzoneClusterImpl-c4ccaed8-e682-4870-947c-cf1864f77c00/datanode-8/data/ratis/1ffeaf56-feac-4f74-8d82-0b672481981a: flushIndex: setUnconditionally 0 -> -1
2019-09-19 10:26:56,814 [pool-115-thread-1] INFO  server.RaftServerConfigKeys (ConfUtils.java:logGet(43)) - raft.server.snapshot.auto.trigger.enabled = true (custom)
2019-09-19 10:26:56,814 [pool-115-thread-1] INFO  server.RaftServerConfigKeys (ConfUtils.java:logGet(43)) - raft.server.snapshot.auto.trigger.threshold = 10000 (custom)
2019-09-19 10:26:56,814 [pool-115-thread-1] INFO  server.RaftServerConfigKeys (ConfUtils.java:logGet(43)) - raft.server.retrycache.expirytime = 600000ms (custom)
2019-09-19 10:26:56,815 [pool-115-thread-1] INFO  impl.RaftServerImpl (RaftServerImpl.java:start(180)) - 10ec1051-6571-4c90-b3f9-a3c2840a089b: start group-0B672481981A
2019-09-19 10:26:56,815 [pool-115-thread-1] INFO  impl.RaftServerImpl (RaftServerImpl.java:setRole(171)) - 10ec1051-6571-4c90-b3f9-a3c2840a089b:group-0B672481981A changes role from null to FOLLOWER at term 0 for startAsFollower
2019-09-19 10:26:56,815 [pool-115-thread-1] INFO  impl.RoleInfo (RoleInfo.java:updateAndGet(143)) - 10ec1051-6571-4c90-b3f9-a3c2840a089b: start FollowerState
2019-09-19 10:26:56,815 [pool-115-thread-1] INFO  util.JmxRegister (JmxRegister.java:tryRegister(44)) - Successfully registered JMX Bean with object name Ratis:service=RaftServer,group=group-0B672481981A,id=10ec1051-6571-4c90-b3f9-a3c2840a089b
2019-09-19 10:26:56,821 [RatisPipelineUtilsThread] INFO  pipeline.PipelineStateManager (PipelineStateManager.java:addPipeline(56)) - Created pipeline Pipeline[ Id: 1ffeaf56-feac-4f74-8d82-0b672481981a, Nodes: 10ec1051-6571-4c90-b3f9-a3c2840a089b{ip: 192.168.157.204, host: pr-hdds-1569-cpgw4-1311585219, networkLocation: /default-rack, certSerialId: null}, Type:RATIS, Factor:ONE, State:OPEN]
2019-09-19 10:26:56,823 [RatisPipelineUtilsThread] ERROR pipeline.PipelinePlacementPolicy (PipelinePlacementPolicy.java:meetCriteria(91)) - Pipeline Placement: Doesn't meet the criteria to be viable node. Heaviness: 6
2019-09-19 10:26:56,833 [grpc-default-executor-0] INFO  impl.RaftServerProxy (RaftServerProxy.java:addNew(89)) - 84c75018-969a-4fca-ac0f-34cccc99d928: addNew group-F48E00CB4773:[84c75018-969a-4fca-ac0f-34cccc99d928:192.168.157.204:41935] returns group-F48E00CB4773:java.util.concurrent.CompletableFuture@1c101382[Not completed]
2019-09-19 10:26:56,834 [pool-49-thread-1] INFO  impl.RaftServerImpl (RaftServerImpl.java:<init>(93)) - 84c75018-969a-4fca-ac0f-34cccc99d928: new RaftServerImpl for group-F48E00CB4773:[84c75018-969a-4fca-ac0f-34cccc99d928:192.168.157.204:41935] with ContainerStateMachine:uninitialized
2019-09-19 10:26:56,835 [pool-49-thread-1] INFO  server.RaftServerConfigKeys (ConfUtils.java:logGet(43)) - raft.server.rpc.timeout.min = 5s (custom)
2019-09-19 10:26:56,835 [pool-49-thread-1] INFO  server.RaftServerConfigKeys (ConfUtils.java:logGet(43)) - raft.server.rpc.timeout.max = 5200ms (custom)
2019-09-19 10:26:56,835 [pool-49-thread-1] INFO  server.RaftServerConfigKeys (ConfUtils.java:logGet(43)) - raft.server.rpcslowness.timeout = 120s (custom)
2019-09-19 10:26:56,835 [pool-49-thread-1] INFO  server.RaftServerConfigKeys (ConfUtils.java:logGet(43)) - raft.server.sleep.deviation.threshold = 300 (default)
2019-09-19 10:26:56,835 [pool-49-thread-1] INFO  server.RaftServerConfigKeys (ConfUtils.java:logGet(43)) - raft.server.log.appender.install.snapshot.enabled = false (custom)
2019-09-19 10:26:56,835 [pool-49-thread-1] INFO  impl.RaftServerImpl (ServerState.java:<init>(105)) - 84c75018-969a-4fca-ac0f-34cccc99d928:group-F48E00CB4773 ConfigurationManager, init=-1: [84c75018-969a-4fca-ac0f-34cccc99d928:192.168.157.204:41935], old=null, confs=<EMPTY_MAP>
2019-09-19 10:26:56,836 [pool-49-thread-1] INFO  server.RaftServerConfigKeys (ConfUtils.java:logGet(43)) - raft.server.storage.dir = [/workdir/hadoop-ozone/ozonefs/target/test-dir/MiniOzoneClusterImpl-c4ccaed8-e682-4870-947c-cf1864f77c00/datanode-2/data/ratis] (custom)
2019-09-19 10:26:56,836 [pool-49-thread-1] INFO  storage.RaftStorageDirectory (RaftStorageDirectory.java:analyzeStorage(246)) - The storage directory /workdir/hadoop-ozone/ozonefs/target/test-dir/MiniOzoneClusterImpl-c4ccaed8-e682-4870-947c-cf1864f77c00/datanode-2/data/ratis/a17eb9a4-f74b-4c94-9a39-f48e00cb4773 does not exist. Creating ...
2019-09-19 10:26:56,849 [pool-49-thread-1] INFO  storage.RaftStorageDirectory (RaftStorageDirectory.java:tryLock(328)) - Lock on /workdir/hadoop-ozone/ozonefs/target/test-dir/MiniOzoneClusterImpl-c4ccaed8-e682-4870-947c-cf1864f77c00/datanode-2/data/ratis/a17eb9a4-f74b-4c94-9a39-f48e00cb4773/in_use.lock acquired by nodename 26715@pr-hdds-1569-cpgw4-1311585219
2019-09-19 10:26:56,862 [pool-49-thread-1] INFO  storage.RaftStorage (RaftStorage.java:format(72)) - Storage directory /workdir/hadoop-ozone/ozonefs/target/test-dir/MiniOzoneClusterImpl-c4ccaed8-e682-4870-947c-cf1864f77c00/datanode-2/data/ratis/a17eb9a4-f74b-4c94-9a39-f48e00cb4773 has been successfully formatted.
2019-09-19 10:26:56,863 [pool-49-thread-1] INFO  ratis.ContainerStateMachine (ContainerStateMachine.java:loadSnapshot(226)) - group-F48E00CB4773: The snapshot info is null. Setting the last applied indexto:(t:0, i:~)
2019-09-19 10:26:56,863 [pool-49-thread-1] INFO  server.RaftServerConfigKeys (ConfUtils.java:logGet(43)) - raft.server.leader.election.timeout = 120s (custom)
2019-09-19 10:26:56,863 [pool-49-thread-1] INFO  server.RaftServerConfigKeys (ConfUtils.java:logGet(43)) - raft.server.log.use.memory = false (default)
2019-09-19 10:26:56,863 [pool-49-thread-1] INFO  server.RaftServerConfigKeys (ConfUtils.java:logGet(43)) - raft.server.log.purge.gap = 1000000 (custom)
2019-09-19 10:26:56,863 [pool-49-thread-1] INFO  server.RaftServerConfigKeys (ConfUtils.java:logGet(43)) - raft.server.log.appender.buffer.byte-limit = 33554432 (custom)
2019-09-19 10:26:56,863 [pool-49-thread-1] INFO  server.RaftServerConfigKeys (ConfUtils.java:logGet(43)) - raft.server.log.segment.size.max = 1048576 (custom)
2019-09-19 10:26:56,863 [pool-49-thread-1] INFO  server.RaftServerConfigKeys (ConfUtils.java:logGet(43)) - raft.server.log.segment.cache.num.max = 2 (custom)
2019-09-19 10:26:56,864 [pool-49-thread-1] INFO  segmented.SegmentedRaftLogWorker (SegmentedRaftLogWorker.java:<init>(172)) - new 84c75018-969a-4fca-ac0f-34cccc99d928-SegmentedRaftLogWorker:Storage Directory /workdir/hadoop-ozone/ozonefs/target/test-dir/MiniOzoneClusterImpl-c4ccaed8-e682-4870-947c-cf1864f77c00/datanode-2/data/ratis/a17eb9a4-f74b-4c94-9a39-f48e00cb4773 for RaftStorage:Storage Directory /workdir/hadoop-ozone/ozonefs/target/test-dir/MiniOzoneClusterImpl-c4ccaed8-e682-4870-947c-cf1864f77c00/datanode-2/data/ratis/a17eb9a4-f74b-4c94-9a39-f48e00cb4773
2019-09-19 10:26:56,864 [pool-49-thread-1] INFO  server.RaftServerConfigKeys (ConfUtils.java:logGet(43)) - raft.server.log.queue.byte-limit = 2147483647 (custom)
2019-09-19 10:26:56,864 [pool-49-thread-1] INFO  server.RaftServerConfigKeys (ConfUtils.java:logGet(43)) - raft.server.log.queue.element-limit = 1024 (custom)
2019-09-19 10:26:56,864 [pool-49-thread-1] INFO  server.RaftServerConfigKeys (ConfUtils.java:logGet(43)) - raft.server.log.segment.size.max = 1048576 (custom)
2019-09-19 10:26:56,864 [pool-49-thread-1] INFO  server.RaftServerConfigKeys (ConfUtils.java:logGet(43)) - raft.server.log.preallocated.size = 16384 (custom)
2019-09-19 10:26:56,864 [pool-49-thread-1] INFO  server.RaftServerConfigKeys (ConfUtils.java:logGet(43)) - raft.server.log.write.buffer.size = 33554432 (custom)
2019-09-19 10:26:56,864 [pool-49-thread-1] INFO  server.RaftServerConfigKeys (ConfUtils.java:logGet(43)) - raft.server.log.force.sync.num = 128 (default)
2019-09-19 10:26:56,865 [pool-49-thread-1] INFO  server.RaftServerConfigKeys (ConfUtils.java:logGet(43)) - raft.server.log.statemachine.data.sync = true (default)
2019-09-19 10:26:56,865 [pool-49-thread-1] INFO  server.RaftServerConfigKeys (ConfUtils.java:logGet(43)) - raft.server.log.statemachine.data.sync.timeout = 10s (default)
2019-09-19 10:26:56,865 [pool-49-thread-1] INFO  server.RaftServerConfigKeys (ConfUtils.java:logGet(43)) - raft.server.log.statemachine.data.sync.timeout.retry = -1 (default)
2019-09-19 10:26:56,865 [pool-49-thread-1] INFO  server.RaftServerConfigKeys (ConfUtils.java:logGet(43)) - raft.server.log.statemachine.data.caching.enabled = true (custom)
2019-09-19 10:26:56,865 [pool-49-thread-1] INFO  segmented.SegmentedRaftLogWorker (SegmentedRaftLogWorker.java:lambda$new$0(132)) - 84c75018-969a-4fca-ac0f-34cccc99d928-SegmentedRaftLogWorker:Storage Directory /workdir/hadoop-ozone/ozonefs/target/test-dir/MiniOzoneClusterImpl-c4ccaed8-e682-4870-947c-cf1864f77c00/datanode-2/data/ratis/a17eb9a4-f74b-4c94-9a39-f48e00cb4773: flushIndex: setUnconditionally 0 -> -1
2019-09-19 10:26:56,866 [pool-49-thread-1] INFO  server.RaftServerConfigKeys (ConfUtils.java:logGet(43)) - raft.server.snapshot.auto.trigger.enabled = true (custom)
2019-09-19 10:26:56,866 [pool-49-thread-1] INFO  server.RaftServerConfigKeys (ConfUtils.java:logGet(43)) - raft.server.snapshot.auto.trigger.threshold = 10000 (custom)
2019-09-19 10:26:56,866 [pool-49-thread-1] INFO  server.RaftServerConfigKeys (ConfUtils.java:logGet(43)) - raft.server.retrycache.expirytime = 600000ms (custom)
2019-09-19 10:26:56,866 [pool-49-thread-1] INFO  impl.RaftServerImpl (RaftServerImpl.java:start(180)) - 84c75018-969a-4fca-ac0f-34cccc99d928: start group-F48E00CB4773
2019-09-19 10:26:56,866 [pool-49-thread-1] INFO  impl.RaftServerImpl (RaftServerImpl.java:setRole(171)) - 84c75018-969a-4fca-ac0f-34cccc99d928:group-F48E00CB4773 changes role from null to FOLLOWER at term 0 for startAsFollower
2019-09-19 10:26:56,867 [pool-49-thread-1] INFO  impl.RoleInfo (RoleInfo.java:updateAndGet(143)) - 84c75018-969a-4fca-ac0f-34cccc99d928: start FollowerState
2019-09-19 10:26:56,867 [pool-49-thread-1] INFO  util.JmxRegister (JmxRegister.java:tryRegister(44)) - Successfully registered JMX Bean with object name Ratis:service=RaftServer,group=group-F48E00CB4773,id=84c75018-969a-4fca-ac0f-34cccc99d928
2019-09-19 10:26:56,873 [RatisPipelineUtilsThread] INFO  pipeline.PipelineStateManager (PipelineStateManager.java:addPipeline(56)) - Created pipeline Pipeline[ Id: a17eb9a4-f74b-4c94-9a39-f48e00cb4773, Nodes: 84c75018-969a-4fca-ac0f-34cccc99d928{ip: 192.168.157.204, host: pr-hdds-1569-cpgw4-1311585219, networkLocation: /default-rack, certSerialId: null}, Type:RATIS, Factor:ONE, State:OPEN]
2019-09-19 10:26:56,875 [RatisPipelineUtilsThread] ERROR pipeline.PipelinePlacementPolicy (PipelinePlacementPolicy.java:meetCriteria(91)) - Pipeline Placement: Doesn't meet the criteria to be viable node. Heaviness: 6
2019-09-19 10:26:56,881 | INFO  | SCMAudit | user=jenkins1000 | ip=192.168.157.204 | op=SEND_HEARTBEAT {datanodeUUID=7e4b2fb6-17ca-4cf7-9c63-77c56d6e2e1f, command=[]} | ret=SUCCESS |  
2019-09-19 10:26:56,885 [grpc-default-executor-0] INFO  impl.RaftServerProxy (RaftServerProxy.java:addNew(89)) - 10ec1051-6571-4c90-b3f9-a3c2840a089b: addNew group-1574A01E182E:[10ec1051-6571-4c90-b3f9-a3c2840a089b:192.168.157.204:40066] returns group-1574A01E182E:java.util.concurrent.CompletableFuture@4f8de327[Not completed]
2019-09-19 10:26:56,886 [pool-115-thread-1] INFO  impl.RaftServerImpl (RaftServerImpl.java:<init>(93)) - 10ec1051-6571-4c90-b3f9-a3c2840a089b: new RaftServerImpl for group-1574A01E182E:[10ec1051-6571-4c90-b3f9-a3c2840a089b:192.168.157.204:40066] with ContainerStateMachine:uninitialized
2019-09-19 10:26:56,887 [pool-115-thread-1] INFO  server.RaftServerConfigKeys (ConfUtils.java:logGet(43)) - raft.server.rpc.timeout.min = 5s (custom)
2019-09-19 10:26:56,887 [pool-115-thread-1] INFO  server.RaftServerConfigKeys (ConfUtils.java:logGet(43)) - raft.server.rpc.timeout.max = 5200ms (custom)
2019-09-19 10:26:56,887 [pool-115-thread-1] INFO  server.RaftServerConfigKeys (ConfUtils.java:logGet(43)) - raft.server.rpcslowness.timeout = 120s (custom)
2019-09-19 10:26:56,887 [pool-115-thread-1] INFO  server.RaftServerConfigKeys (ConfUtils.java:logGet(43)) - raft.server.sleep.deviation.threshold = 300 (default)
2019-09-19 10:26:56,887 [pool-115-thread-1] INFO  server.RaftServerConfigKeys (ConfUtils.java:logGet(43)) - raft.server.log.appender.install.snapshot.enabled = false (custom)
2019-09-19 10:26:56,887 [pool-115-thread-1] INFO  impl.RaftServerImpl (ServerState.java:<init>(105)) - 10ec1051-6571-4c90-b3f9-a3c2840a089b:group-1574A01E182E ConfigurationManager, init=-1: [10ec1051-6571-4c90-b3f9-a3c2840a089b:192.168.157.204:40066], old=null, confs=<EMPTY_MAP>
2019-09-19 10:26:56,887 [pool-115-thread-1] INFO  server.RaftServerConfigKeys (ConfUtils.java:logGet(43)) - raft.server.storage.dir = [/workdir/hadoop-ozone/ozonefs/target/test-dir/MiniOzoneClusterImpl-c4ccaed8-e682-4870-947c-cf1864f77c00/datanode-8/data/ratis] (custom)
2019-09-19 10:26:56,887 [pool-115-thread-1] INFO  storage.RaftStorageDirectory (RaftStorageDirectory.java:analyzeStorage(246)) - The storage directory /workdir/hadoop-ozone/ozonefs/target/test-dir/MiniOzoneClusterImpl-c4ccaed8-e682-4870-947c-cf1864f77c00/datanode-8/data/ratis/47ca6e89-7d52-4d43-b8d3-1574a01e182e does not exist. Creating ...
2019-09-19 10:26:56,900 [pool-115-thread-1] INFO  storage.RaftStorageDirectory (RaftStorageDirectory.java:tryLock(328)) - Lock on /workdir/hadoop-ozone/ozonefs/target/test-dir/MiniOzoneClusterImpl-c4ccaed8-e682-4870-947c-cf1864f77c00/datanode-8/data/ratis/47ca6e89-7d52-4d43-b8d3-1574a01e182e/in_use.lock acquired by nodename 26715@pr-hdds-1569-cpgw4-1311585219
2019-09-19 10:26:56,913 [pool-115-thread-1] INFO  storage.RaftStorage (RaftStorage.java:format(72)) - Storage directory /workdir/hadoop-ozone/ozonefs/target/test-dir/MiniOzoneClusterImpl-c4ccaed8-e682-4870-947c-cf1864f77c00/datanode-8/data/ratis/47ca6e89-7d52-4d43-b8d3-1574a01e182e has been successfully formatted.
2019-09-19 10:26:56,913 [pool-115-thread-1] INFO  ratis.ContainerStateMachine (ContainerStateMachine.java:loadSnapshot(226)) - group-1574A01E182E: The snapshot info is null. Setting the last applied indexto:(t:0, i:~)
2019-09-19 10:26:56,913 [pool-115-thread-1] INFO  server.RaftServerConfigKeys (ConfUtils.java:logGet(43)) - raft.server.leader.election.timeout = 120s (custom)
2019-09-19 10:26:56,913 [pool-115-thread-1] INFO  server.RaftServerConfigKeys (ConfUtils.java:logGet(43)) - raft.server.log.use.memory = false (default)
2019-09-19 10:26:56,913 [pool-115-thread-1] INFO  server.RaftServerConfigKeys (ConfUtils.java:logGet(43)) - raft.server.log.purge.gap = 1000000 (custom)
2019-09-19 10:26:56,913 [pool-115-thread-1] INFO  server.RaftServerConfigKeys (ConfUtils.java:logGet(43)) - raft.server.log.appender.buffer.byte-limit = 33554432 (custom)
2019-09-19 10:26:56,914 [pool-115-thread-1] INFO  server.RaftServerConfigKeys (ConfUtils.java:logGet(43)) - raft.server.log.segment.size.max = 1048576 (custom)
2019-09-19 10:26:56,914 [pool-115-thread-1] INFO  server.RaftServerConfigKeys (ConfUtils.java:logGet(43)) - raft.server.log.segment.cache.num.max = 2 (custom)
2019-09-19 10:26:56,914 [pool-115-thread-1] INFO  segmented.SegmentedRaftLogWorker (SegmentedRaftLogWorker.java:<init>(172)) - new 10ec1051-6571-4c90-b3f9-a3c2840a089b-SegmentedRaftLogWorker:Storage Directory /workdir/hadoop-ozone/ozonefs/target/test-dir/MiniOzoneClusterImpl-c4ccaed8-e682-4870-947c-cf1864f77c00/datanode-8/data/ratis/47ca6e89-7d52-4d43-b8d3-1574a01e182e for RaftStorage:Storage Directory /workdir/hadoop-ozone/ozonefs/target/test-dir/MiniOzoneClusterImpl-c4ccaed8-e682-4870-947c-cf1864f77c00/datanode-8/data/ratis/47ca6e89-7d52-4d43-b8d3-1574a01e182e
2019-09-19 10:26:56,914 [pool-115-thread-1] INFO  server.RaftServerConfigKeys (ConfUtils.java:logGet(43)) - raft.server.log.queue.byte-limit = 2147483647 (custom)
2019-09-19 10:26:56,914 [pool-115-thread-1] INFO  server.RaftServerConfigKeys (ConfUtils.java:logGet(43)) - raft.server.log.queue.element-limit = 1024 (custom)
2019-09-19 10:26:56,914 [pool-115-thread-1] INFO  server.RaftServerConfigKeys (ConfUtils.java:logGet(43)) - raft.server.log.segment.size.max = 1048576 (custom)
2019-09-19 10:26:56,914 [pool-115-thread-1] INFO  server.RaftServerConfigKeys (ConfUtils.java:logGet(43)) - raft.server.log.preallocated.size = 16384 (custom)
2019-09-19 10:26:56,915 [pool-115-thread-1] INFO  server.RaftServerConfigKeys (ConfUtils.java:logGet(43)) - raft.server.log.write.buffer.size = 33554432 (custom)
2019-09-19 10:26:56,915 [pool-115-thread-1] INFO  server.RaftServerConfigKeys (ConfUtils.java:logGet(43)) - raft.server.log.force.sync.num = 128 (default)
2019-09-19 10:26:56,915 [pool-115-thread-1] INFO  server.RaftServerConfigKeys (ConfUtils.java:logGet(43)) - raft.server.log.statemachine.data.sync = true (default)
2019-09-19 10:26:56,915 [pool-115-thread-1] INFO  server.RaftServerConfigKeys (ConfUtils.java:logGet(43)) - raft.server.log.statemachine.data.sync.timeout = 10s (default)
2019-09-19 10:26:56,915 [pool-115-thread-1] INFO  server.RaftServerConfigKeys (ConfUtils.java:logGet(43)) - raft.server.log.statemachine.data.sync.timeout.retry = -1 (default)
2019-09-19 10:26:56,915 [pool-115-thread-1] INFO  server.RaftServerConfigKeys (ConfUtils.java:logGet(43)) - raft.server.log.statemachine.data.caching.enabled = true (custom)
2019-09-19 10:26:56,916 [pool-115-thread-1] INFO  segmented.SegmentedRaftLogWorker (SegmentedRaftLogWorker.java:lambda$new$0(132)) - 10ec1051-6571-4c90-b3f9-a3c2840a089b-SegmentedRaftLogWorker:Storage Directory /workdir/hadoop-ozone/ozonefs/target/test-dir/MiniOzoneClusterImpl-c4ccaed8-e682-4870-947c-cf1864f77c00/datanode-8/data/ratis/47ca6e89-7d52-4d43-b8d3-1574a01e182e: flushIndex: setUnconditionally 0 -> -1
2019-09-19 10:26:56,916 [pool-115-thread-1] INFO  server.RaftServerConfigKeys (ConfUtils.java:logGet(43)) - raft.server.snapshot.auto.trigger.enabled = true (custom)
2019-09-19 10:26:56,916 [pool-115-thread-1] INFO  server.RaftServerConfigKeys (ConfUtils.java:logGet(43)) - raft.server.snapshot.auto.trigger.threshold = 10000 (custom)
2019-09-19 10:26:56,916 [pool-115-thread-1] INFO  server.RaftServerConfigKeys (ConfUtils.java:logGet(43)) - raft.server.retrycache.expirytime = 600000ms (custom)
2019-09-19 10:26:56,916 [pool-115-thread-1] INFO  impl.RaftServerImpl (RaftServerImpl.java:start(180)) - 10ec1051-6571-4c90-b3f9-a3c2840a089b: start group-1574A01E182E
2019-09-19 10:26:56,917 [pool-115-thread-1] INFO  impl.RaftServerImpl (RaftServerImpl.java:setRole(171)) - 10ec1051-6571-4c90-b3f9-a3c2840a089b:group-1574A01E182E changes role from null to FOLLOWER at term 0 for startAsFollower
2019-09-19 10:26:56,917 [pool-115-thread-1] INFO  impl.RoleInfo (RoleInfo.java:updateAndGet(143)) - 10ec1051-6571-4c90-b3f9-a3c2840a089b: start FollowerState
2019-09-19 10:26:56,917 [pool-115-thread-1] INFO  util.JmxRegister (JmxRegister.java:tryRegister(44)) - Successfully registered JMX Bean with object name Ratis:service=RaftServer,group=group-1574A01E182E,id=10ec1051-6571-4c90-b3f9-a3c2840a089b
2019-09-19 10:26:56,924 [RatisPipelineUtilsThread] INFO  pipeline.PipelineStateManager (PipelineStateManager.java:addPipeline(56)) - Created pipeline Pipeline[ Id: 47ca6e89-7d52-4d43-b8d3-1574a01e182e, Nodes: 10ec1051-6571-4c90-b3f9-a3c2840a089b{ip: 192.168.157.204, host: pr-hdds-1569-cpgw4-1311585219, networkLocation: /default-rack, certSerialId: null}, Type:RATIS, Factor:ONE, State:OPEN]
2019-09-19 10:26:56,926 [RatisPipelineUtilsThread] ERROR pipeline.PipelinePlacementPolicy (PipelinePlacementPolicy.java:meetCriteria(91)) - Pipeline Placement: Doesn't meet the criteria to be viable node. Heaviness: 6
2019-09-19 10:26:56,937 [grpc-default-executor-0] INFO  impl.RaftServerProxy (RaftServerProxy.java:addNew(89)) - df1b99cc-36f2-45b6-8e95-51c50e156f0b: addNew group-1C1D3F354430:[df1b99cc-36f2-45b6-8e95-51c50e156f0b:192.168.157.204:42307] returns group-1C1D3F354430:java.util.concurrent.CompletableFuture@2287bfde[Not completed]
2019-09-19 10:26:56,938 [pool-38-thread-1] INFO  impl.RaftServerImpl (RaftServerImpl.java:<init>(93)) - df1b99cc-36f2-45b6-8e95-51c50e156f0b: new RaftServerImpl for group-1C1D3F354430:[df1b99cc-36f2-45b6-8e95-51c50e156f0b:192.168.157.204:42307] with ContainerStateMachine:uninitialized
2019-09-19 10:26:56,939 [pool-38-thread-1] INFO  server.RaftServerConfigKeys (ConfUtils.java:logGet(43)) - raft.server.rpc.timeout.min = 5s (custom)
2019-09-19 10:26:56,939 [pool-38-thread-1] INFO  server.RaftServerConfigKeys (ConfUtils.java:logGet(43)) - raft.server.rpc.timeout.max = 5200ms (custom)
2019-09-19 10:26:56,939 [pool-38-thread-1] INFO  server.RaftServerConfigKeys (ConfUtils.java:logGet(43)) - raft.server.rpcslowness.timeout = 120s (custom)
2019-09-19 10:26:56,939 [pool-38-thread-1] INFO  server.RaftServerConfigKeys (ConfUtils.java:logGet(43)) - raft.server.sleep.deviation.threshold = 300 (default)
2019-09-19 10:26:56,939 [pool-38-thread-1] INFO  server.RaftServerConfigKeys (ConfUtils.java:logGet(43)) - raft.server.log.appender.install.snapshot.enabled = false (custom)
2019-09-19 10:26:56,939 [pool-38-thread-1] INFO  impl.RaftServerImpl (ServerState.java:<init>(105)) - df1b99cc-36f2-45b6-8e95-51c50e156f0b:group-1C1D3F354430 ConfigurationManager, init=-1: [df1b99cc-36f2-45b6-8e95-51c50e156f0b:192.168.157.204:42307], old=null, confs=<EMPTY_MAP>
2019-09-19 10:26:56,939 [pool-38-thread-1] INFO  server.RaftServerConfigKeys (ConfUtils.java:logGet(43)) - raft.server.storage.dir = [/workdir/hadoop-ozone/ozonefs/target/test-dir/MiniOzoneClusterImpl-c4ccaed8-e682-4870-947c-cf1864f77c00/datanode-1/data/ratis] (custom)
2019-09-19 10:26:56,940 [pool-38-thread-1] INFO  storage.RaftStorageDirectory (RaftStorageDirectory.java:analyzeStorage(246)) - The storage directory /workdir/hadoop-ozone/ozonefs/target/test-dir/MiniOzoneClusterImpl-c4ccaed8-e682-4870-947c-cf1864f77c00/datanode-1/data/ratis/fe25805b-2a70-4b2c-aeb3-1c1d3f354430 does not exist. Creating ...
2019-09-19 10:26:56,953 [pool-38-thread-1] INFO  storage.RaftStorageDirectory (RaftStorageDirectory.java:tryLock(328)) - Lock on /workdir/hadoop-ozone/ozonefs/target/test-dir/MiniOzoneClusterImpl-c4ccaed8-e682-4870-947c-cf1864f77c00/datanode-1/data/ratis/fe25805b-2a70-4b2c-aeb3-1c1d3f354430/in_use.lock acquired by nodename 26715@pr-hdds-1569-cpgw4-1311585219
2019-09-19 10:26:56,996 [pool-38-thread-1] INFO  storage.RaftStorage (RaftStorage.java:format(72)) - Storage directory /workdir/hadoop-ozone/ozonefs/target/test-dir/MiniOzoneClusterImpl-c4ccaed8-e682-4870-947c-cf1864f77c00/datanode-1/data/ratis/fe25805b-2a70-4b2c-aeb3-1c1d3f354430 has been successfully formatted.
2019-09-19 10:26:56,996 [pool-38-thread-1] INFO  ratis.ContainerStateMachine (ContainerStateMachine.java:loadSnapshot(226)) - group-1C1D3F354430: The snapshot info is null. Setting the last applied indexto:(t:0, i:~)
2019-09-19 10:26:56,997 [pool-38-thread-1] INFO  server.RaftServerConfigKeys (ConfUtils.java:logGet(43)) - raft.server.leader.election.timeout = 120s (custom)
2019-09-19 10:26:56,997 [pool-38-thread-1] INFO  server.RaftServerConfigKeys (ConfUtils.java:logGet(43)) - raft.server.log.use.memory = false (default)
2019-09-19 10:26:56,997 [pool-38-thread-1] INFO  server.RaftServerConfigKeys (ConfUtils.java:logGet(43)) - raft.server.log.purge.gap = 1000000 (custom)
2019-09-19 10:26:56,997 [pool-38-thread-1] INFO  server.RaftServerConfigKeys (ConfUtils.java:logGet(43)) - raft.server.log.appender.buffer.byte-limit = 33554432 (custom)
2019-09-19 10:26:56,997 [pool-38-thread-1] INFO  server.RaftServerConfigKeys (ConfUtils.java:logGet(43)) - raft.server.log.segment.size.max = 1048576 (custom)
2019-09-19 10:26:56,998 [pool-38-thread-1] INFO  server.RaftServerConfigKeys (ConfUtils.java:logGet(43)) - raft.server.log.segment.cache.num.max = 2 (custom)
2019-09-19 10:26:56,998 [pool-38-thread-1] INFO  segmented.SegmentedRaftLogWorker (SegmentedRaftLogWorker.java:<init>(172)) - new df1b99cc-36f2-45b6-8e95-51c50e156f0b-SegmentedRaftLogWorker:Storage Directory /workdir/hadoop-ozone/ozonefs/target/test-dir/MiniOzoneClusterImpl-c4ccaed8-e682-4870-947c-cf1864f77c00/datanode-1/data/ratis/fe25805b-2a70-4b2c-aeb3-1c1d3f354430 for RaftStorage:Storage Directory /workdir/hadoop-ozone/ozonefs/target/test-dir/MiniOzoneClusterImpl-c4ccaed8-e682-4870-947c-cf1864f77c00/datanode-1/data/ratis/fe25805b-2a70-4b2c-aeb3-1c1d3f354430
2019-09-19 10:26:56,998 [pool-38-thread-1] INFO  server.RaftServerConfigKeys (ConfUtils.java:logGet(43)) - raft.server.log.queue.byte-limit = 2147483647 (custom)
2019-09-19 10:26:56,998 [pool-38-thread-1] INFO  server.RaftServerConfigKeys (ConfUtils.java:logGet(43)) - raft.server.log.queue.element-limit = 1024 (custom)
2019-09-19 10:26:56,998 [pool-38-thread-1] INFO  server.RaftServerConfigKeys (ConfUtils.java:logGet(43)) - raft.server.log.segment.size.max = 1048576 (custom)
2019-09-19 10:26:56,998 [pool-38-thread-1] INFO  server.RaftServerConfigKeys (ConfUtils.java:logGet(43)) - raft.server.log.preallocated.size = 16384 (custom)
2019-09-19 10:26:56,999 [pool-38-thread-1] INFO  server.RaftServerConfigKeys (ConfUtils.java:logGet(43)) - raft.server.log.write.buffer.size = 33554432 (custom)
2019-09-19 10:26:56,999 [pool-38-thread-1] INFO  server.RaftServerConfigKeys (ConfUtils.java:logGet(43)) - raft.server.log.force.sync.num = 128 (default)
2019-09-19 10:26:56,999 [pool-38-thread-1] INFO  server.RaftServerConfigKeys (ConfUtils.java:logGet(43)) - raft.server.log.statemachine.data.sync = true (default)
2019-09-19 10:26:56,999 [pool-38-thread-1] INFO  server.RaftServerConfigKeys (ConfUtils.java:logGet(43)) - raft.server.log.statemachine.data.sync.timeout = 10s (default)
2019-09-19 10:26:56,999 [pool-38-thread-1] INFO  server.RaftServerConfigKeys (ConfUtils.java:logGet(43)) - raft.server.log.statemachine.data.sync.timeout.retry = -1 (default)
2019-09-19 10:26:56,999 [pool-38-thread-1] INFO  server.RaftServerConfigKeys (ConfUtils.java:logGet(43)) - raft.server.log.statemachine.data.caching.enabled = true (custom)
2019-09-19 10:26:57,000 [pool-38-thread-1] INFO  segmented.SegmentedRaftLogWorker (SegmentedRaftLogWorker.java:lambda$new$0(132)) - df1b99cc-36f2-45b6-8e95-51c50e156f0b-SegmentedRaftLogWorker:Storage Directory /workdir/hadoop-ozone/ozonefs/target/test-dir/MiniOzoneClusterImpl-c4ccaed8-e682-4870-947c-cf1864f77c00/datanode-1/data/ratis/fe25805b-2a70-4b2c-aeb3-1c1d3f354430: flushIndex: setUnconditionally 0 -> -1
2019-09-19 10:26:57,000 [pool-38-thread-1] INFO  server.RaftServerConfigKeys (ConfUtils.java:logGet(43)) - raft.server.snapshot.auto.trigger.enabled = true (custom)
2019-09-19 10:26:57,000 [pool-38-thread-1] INFO  server.RaftServerConfigKeys (ConfUtils.java:logGet(43)) - raft.server.snapshot.auto.trigger.threshold = 10000 (custom)
2019-09-19 10:26:57,001 [pool-38-thread-1] INFO  server.RaftServerConfigKeys (ConfUtils.java:logGet(43)) - raft.server.retrycache.expirytime = 600000ms (custom)
2019-09-19 10:26:57,001 [pool-38-thread-1] INFO  impl.RaftServerImpl (RaftServerImpl.java:start(180)) - df1b99cc-36f2-45b6-8e95-51c50e156f0b: start group-1C1D3F354430
2019-09-19 10:26:57,001 [pool-38-thread-1] INFO  impl.RaftServerImpl (RaftServerImpl.java:setRole(171)) - df1b99cc-36f2-45b6-8e95-51c50e156f0b:group-1C1D3F354430 changes role from null to FOLLOWER at term 0 for startAsFollower
2019-09-19 10:26:57,001 [pool-38-thread-1] INFO  impl.RoleInfo (RoleInfo.java:updateAndGet(143)) - df1b99cc-36f2-45b6-8e95-51c50e156f0b: start FollowerState
2019-09-19 10:26:57,002 [pool-38-thread-1] INFO  util.JmxRegister (JmxRegister.java:tryRegister(44)) - Successfully registered JMX Bean with object name Ratis:service=RaftServer,group=group-1C1D3F354430,id=df1b99cc-36f2-45b6-8e95-51c50e156f0b
2019-09-19 10:26:57,009 [RatisPipelineUtilsThread] INFO  pipeline.PipelineStateManager (PipelineStateManager.java:addPipeline(56)) - Created pipeline Pipeline[ Id: fe25805b-2a70-4b2c-aeb3-1c1d3f354430, Nodes: df1b99cc-36f2-45b6-8e95-51c50e156f0b{ip: 192.168.157.204, host: pr-hdds-1569-cpgw4-1311585219, networkLocation: /default-rack, certSerialId: null}, Type:RATIS, Factor:ONE, State:OPEN]
2019-09-19 10:26:57,013 [RatisPipelineUtilsThread] ERROR pipeline.PipelinePlacementPolicy (PipelinePlacementPolicy.java:meetCriteria(91)) - Pipeline Placement: Doesn't meet the criteria to be viable node. Heaviness: 6
2019-09-19 10:26:57,018 | INFO  | SCMAudit | user=jenkins1000 | ip=192.168.157.204 | op=SEND_HEARTBEAT {datanodeUUID=df1b99cc-36f2-45b6-8e95-51c50e156f0b, command=[]} | ret=SUCCESS |  
2019-09-19 10:26:57,026 [grpc-default-executor-0] INFO  impl.RaftServerProxy (RaftServerProxy.java:addNew(89)) - 7e4b2fb6-17ca-4cf7-9c63-77c56d6e2e1f: addNew group-92B0DBA2A507:[7e4b2fb6-17ca-4cf7-9c63-77c56d6e2e1f:192.168.157.204:45021] returns group-92B0DBA2A507:java.util.concurrent.CompletableFuture@cf8314f[Not completed]
2019-09-19 10:26:57,027 [pool-71-thread-1] INFO  impl.RaftServerImpl (RaftServerImpl.java:<init>(93)) - 7e4b2fb6-17ca-4cf7-9c63-77c56d6e2e1f: new RaftServerImpl for group-92B0DBA2A507:[7e4b2fb6-17ca-4cf7-9c63-77c56d6e2e1f:192.168.157.204:45021] with ContainerStateMachine:uninitialized
2019-09-19 10:26:57,027 [pool-71-thread-1] INFO  server.RaftServerConfigKeys (ConfUtils.java:logGet(43)) - raft.server.rpc.timeout.min = 5s (custom)
2019-09-19 10:26:57,027 [pool-71-thread-1] INFO  server.RaftServerConfigKeys (ConfUtils.java:logGet(43)) - raft.server.rpc.timeout.max = 5200ms (custom)
2019-09-19 10:26:57,027 [pool-71-thread-1] INFO  server.RaftServerConfigKeys (ConfUtils.java:logGet(43)) - raft.server.rpcslowness.timeout = 120s (custom)
2019-09-19 10:26:57,028 [pool-71-thread-1] INFO  server.RaftServerConfigKeys (ConfUtils.java:logGet(43)) - raft.server.sleep.deviation.threshold = 300 (default)
2019-09-19 10:26:57,028 [pool-71-thread-1] INFO  server.RaftServerConfigKeys (ConfUtils.java:logGet(43)) - raft.server.log.appender.install.snapshot.enabled = false (custom)
2019-09-19 10:26:57,028 [pool-71-thread-1] INFO  impl.RaftServerImpl (ServerState.java:<init>(105)) - 7e4b2fb6-17ca-4cf7-9c63-77c56d6e2e1f:group-92B0DBA2A507 ConfigurationManager, init=-1: [7e4b2fb6-17ca-4cf7-9c63-77c56d6e2e1f:192.168.157.204:45021], old=null, confs=<EMPTY_MAP>
2019-09-19 10:26:57,028 [pool-71-thread-1] INFO  server.RaftServerConfigKeys (ConfUtils.java:logGet(43)) - raft.server.storage.dir = [/workdir/hadoop-ozone/ozonefs/target/test-dir/MiniOzoneClusterImpl-c4ccaed8-e682-4870-947c-cf1864f77c00/datanode-4/data/ratis] (custom)
2019-09-19 10:26:57,028 [pool-71-thread-1] INFO  storage.RaftStorageDirectory (RaftStorageDirectory.java:analyzeStorage(246)) - The storage directory /workdir/hadoop-ozone/ozonefs/target/test-dir/MiniOzoneClusterImpl-c4ccaed8-e682-4870-947c-cf1864f77c00/datanode-4/data/ratis/5d4c7cde-ceae-42ad-aac2-92b0dba2a507 does not exist. Creating ...
2019-09-19 10:26:57,042 [pool-71-thread-1] INFO  storage.RaftStorageDirectory (RaftStorageDirectory.java:tryLock(328)) - Lock on /workdir/hadoop-ozone/ozonefs/target/test-dir/MiniOzoneClusterImpl-c4ccaed8-e682-4870-947c-cf1864f77c00/datanode-4/data/ratis/5d4c7cde-ceae-42ad-aac2-92b0dba2a507/in_use.lock acquired by nodename 26715@pr-hdds-1569-cpgw4-1311585219
2019-09-19 10:26:57,043 [Thread-287] INFO  impl.FollowerState (FollowerState.java:run(106)) - 84c75018-969a-4fca-ac0f-34cccc99d928:group-671835733D90 changes to CANDIDATE, lastRpcTime:5009, electionTimeout:5007ms
2019-09-19 10:26:57,057 [pool-71-thread-1] INFO  storage.RaftStorage (RaftStorage.java:format(72)) - Storage directory /workdir/hadoop-ozone/ozonefs/target/test-dir/MiniOzoneClusterImpl-c4ccaed8-e682-4870-947c-cf1864f77c00/datanode-4/data/ratis/5d4c7cde-ceae-42ad-aac2-92b0dba2a507 has been successfully formatted.
2019-09-19 10:26:57,057 [Thread-287] INFO  impl.RoleInfo (RoleInfo.java:shutdownFollowerState(121)) - 84c75018-969a-4fca-ac0f-34cccc99d928: shutdown FollowerState
2019-09-19 10:26:57,057 [pool-71-thread-1] INFO  ratis.ContainerStateMachine (ContainerStateMachine.java:loadSnapshot(226)) - group-92B0DBA2A507: The snapshot info is null. Setting the last applied indexto:(t:0, i:~)
2019-09-19 10:26:57,057 [Thread-287] INFO  impl.RaftServerImpl (RaftServerImpl.java:setRole(171)) - 84c75018-969a-4fca-ac0f-34cccc99d928:group-671835733D90 changes role from FOLLOWER to CANDIDATE at term 0 for changeToCandidate
2019-09-19 10:26:57,057 [pool-71-thread-1] INFO  server.RaftServerConfigKeys (ConfUtils.java:logGet(43)) - raft.server.leader.election.timeout = 120s (custom)
2019-09-19 10:26:57,057 [Thread-287] INFO  impl.RoleInfo (RoleInfo.java:updateAndGet(143)) - 84c75018-969a-4fca-ac0f-34cccc99d928: start LeaderElection
2019-09-19 10:26:57,057 [pool-71-thread-1] INFO  server.RaftServerConfigKeys (ConfUtils.java:logGet(43)) - raft.server.log.use.memory = false (default)
2019-09-19 10:26:57,058 [pool-71-thread-1] INFO  server.RaftServerConfigKeys (ConfUtils.java:logGet(43)) - raft.server.log.purge.gap = 1000000 (custom)
2019-09-19 10:26:57,058 [pool-71-thread-1] INFO  server.RaftServerConfigKeys (ConfUtils.java:logGet(43)) - raft.server.log.appender.buffer.byte-limit = 33554432 (custom)
2019-09-19 10:26:57,061 [pool-71-thread-1] INFO  server.RaftServerConfigKeys (ConfUtils.java:logGet(43)) - raft.server.log.segment.size.max = 1048576 (custom)
2019-09-19 10:26:57,066 [pool-71-thread-1] INFO  server.RaftServerConfigKeys (ConfUtils.java:logGet(43)) - raft.server.log.segment.cache.num.max = 2 (custom)
2019-09-19 10:26:57,067 [pool-71-thread-1] INFO  segmented.SegmentedRaftLogWorker (SegmentedRaftLogWorker.java:<init>(172)) - new 7e4b2fb6-17ca-4cf7-9c63-77c56d6e2e1f-SegmentedRaftLogWorker:Storage Directory /workdir/hadoop-ozone/ozonefs/target/test-dir/MiniOzoneClusterImpl-c4ccaed8-e682-4870-947c-cf1864f77c00/datanode-4/data/ratis/5d4c7cde-ceae-42ad-aac2-92b0dba2a507 for RaftStorage:Storage Directory /workdir/hadoop-ozone/ozonefs/target/test-dir/MiniOzoneClusterImpl-c4ccaed8-e682-4870-947c-cf1864f77c00/datanode-4/data/ratis/5d4c7cde-ceae-42ad-aac2-92b0dba2a507
2019-09-19 10:26:57,067 | INFO  | SCMAudit | user=jenkins1000 | ip=192.168.157.204 | op=SEND_HEARTBEAT {datanodeUUID=39513c05-534c-4cc1-a39c-034925eb3fe7, command=[]} | ret=SUCCESS |  
2019-09-19 10:26:57,067 [pool-71-thread-1] INFO  server.RaftServerConfigKeys (ConfUtils.java:logGet(43)) - raft.server.log.queue.byte-limit = 2147483647 (custom)
2019-09-19 10:26:57,067 [pool-71-thread-1] INFO  server.RaftServerConfigKeys (ConfUtils.java:logGet(43)) - raft.server.log.queue.element-limit = 1024 (custom)
2019-09-19 10:26:57,067 [pool-71-thread-1] INFO  server.RaftServerConfigKeys (ConfUtils.java:logGet(43)) - raft.server.log.segment.size.max = 1048576 (custom)
2019-09-19 10:26:57,067 [pool-71-thread-1] INFO  server.RaftServerConfigKeys (ConfUtils.java:logGet(43)) - raft.server.log.preallocated.size = 16384 (custom)
2019-09-19 10:26:57,067 [pool-71-thread-1] INFO  server.RaftServerConfigKeys (ConfUtils.java:logGet(43)) - raft.server.log.write.buffer.size = 33554432 (custom)
2019-09-19 10:26:57,067 [pool-71-thread-1] INFO  server.RaftServerConfigKeys (ConfUtils.java:logGet(43)) - raft.server.log.force.sync.num = 128 (default)
2019-09-19 10:26:57,067 [pool-71-thread-1] INFO  server.RaftServerConfigKeys (ConfUtils.java:logGet(43)) - raft.server.log.statemachine.data.sync = true (default)
2019-09-19 10:26:57,067 [pool-71-thread-1] INFO  server.RaftServerConfigKeys (ConfUtils.java:logGet(43)) - raft.server.log.statemachine.data.sync.timeout = 10s (default)
2019-09-19 10:26:57,067 [pool-71-thread-1] INFO  server.RaftServerConfigKeys (ConfUtils.java:logGet(43)) - raft.server.log.statemachine.data.sync.timeout.retry = -1 (default)
2019-09-19 10:26:57,068 [pool-71-thread-1] INFO  server.RaftServerConfigKeys (ConfUtils.java:logGet(43)) - raft.server.log.statemachine.data.caching.enabled = true (custom)
2019-09-19 10:26:57,068 [pool-71-thread-1] INFO  segmented.SegmentedRaftLogWorker (SegmentedRaftLogWorker.java:lambda$new$0(132)) - 7e4b2fb6-17ca-4cf7-9c63-77c56d6e2e1f-SegmentedRaftLogWorker:Storage Directory /workdir/hadoop-ozone/ozonefs/target/test-dir/MiniOzoneClusterImpl-c4ccaed8-e682-4870-947c-cf1864f77c00/datanode-4/data/ratis/5d4c7cde-ceae-42ad-aac2-92b0dba2a507: flushIndex: setUnconditionally 0 -> -1
2019-09-19 10:26:57,068 [pool-71-thread-1] INFO  server.RaftServerConfigKeys (ConfUtils.java:logGet(43)) - raft.server.snapshot.auto.trigger.enabled = true (custom)
2019-09-19 10:26:57,068 [pool-71-thread-1] INFO  server.RaftServerConfigKeys (ConfUtils.java:logGet(43)) - raft.server.snapshot.auto.trigger.threshold = 10000 (custom)
2019-09-19 10:26:57,068 [pool-71-thread-1] INFO  server.RaftServerConfigKeys (ConfUtils.java:logGet(43)) - raft.server.retrycache.expirytime = 600000ms (custom)
2019-09-19 10:26:57,068 [pool-71-thread-1] INFO  impl.RaftServerImpl (RaftServerImpl.java:start(180)) - 7e4b2fb6-17ca-4cf7-9c63-77c56d6e2e1f: start group-92B0DBA2A507
2019-09-19 10:26:57,068 [pool-71-thread-1] INFO  impl.RaftServerImpl (RaftServerImpl.java:setRole(171)) - 7e4b2fb6-17ca-4cf7-9c63-77c56d6e2e1f:group-92B0DBA2A507 changes role from null to FOLLOWER at term 0 for startAsFollower
2019-09-19 10:26:57,069 [pool-71-thread-1] INFO  impl.RoleInfo (RoleInfo.java:updateAndGet(143)) - 7e4b2fb6-17ca-4cf7-9c63-77c56d6e2e1f: start FollowerState
2019-09-19 10:26:57,069 [pool-71-thread-1] INFO  util.JmxRegister (JmxRegister.java:tryRegister(44)) - Successfully registered JMX Bean with object name Ratis:service=RaftServer,group=group-92B0DBA2A507,id=7e4b2fb6-17ca-4cf7-9c63-77c56d6e2e1f
2019-09-19 10:26:57,074 [RatisPipelineUtilsThread] INFO  pipeline.PipelineStateManager (PipelineStateManager.java:addPipeline(56)) - Created pipeline Pipeline[ Id: 5d4c7cde-ceae-42ad-aac2-92b0dba2a507, Nodes: 7e4b2fb6-17ca-4cf7-9c63-77c56d6e2e1f{ip: 192.168.157.204, host: pr-hdds-1569-cpgw4-1311585219, networkLocation: /default-rack, certSerialId: null}, Type:RATIS, Factor:ONE, State:OPEN]
2019-09-19 10:26:57,076 [84c75018-969a-4fca-ac0f-34cccc99d928:group-671835733D90:LeaderElection2] INFO  impl.LeaderElection (LeaderElection.java:askForVotes(181)) - 84c75018-969a-4fca-ac0f-34cccc99d928:group-671835733D90:LeaderElection2: begin an election at term 1 for -1: [84c75018-969a-4fca-ac0f-34cccc99d928:192.168.157.204:41935], old=null
2019-09-19 10:26:57,076 [RatisPipelineUtilsThread] ERROR pipeline.PipelinePlacementPolicy (PipelinePlacementPolicy.java:meetCriteria(91)) - Pipeline Placement: Doesn't meet the criteria to be viable node. Heaviness: 6
2019-09-19 10:26:57,076 [RatisPipelineUtilsThread] ERROR pipeline.PipelinePlacementPolicy (PipelinePlacementPolicy.java:meetCriteria(91)) - Pipeline Placement: Doesn't meet the criteria to be viable node. Heaviness: 6
2019-09-19 10:26:57,076 [84c75018-969a-4fca-ac0f-34cccc99d928:group-671835733D90:LeaderElection2] INFO  impl.RoleInfo (RoleInfo.java:shutdownLeaderElection(134)) - 84c75018-969a-4fca-ac0f-34cccc99d928: shutdown LeaderElection
2019-09-19 10:26:57,077 [84c75018-969a-4fca-ac0f-34cccc99d928:group-671835733D90:LeaderElection2] INFO  impl.RaftServerImpl (RaftServerImpl.java:setRole(171)) - 84c75018-969a-4fca-ac0f-34cccc99d928:group-671835733D90 changes role from CANDIDATE to LEADER at term 1 for changeToLeader
2019-09-19 10:26:57,077 [84c75018-969a-4fca-ac0f-34cccc99d928:group-671835733D90:LeaderElection2] INFO  impl.RaftServerImpl (ServerState.java:setLeader(263)) - 84c75018-969a-4fca-ac0f-34cccc99d928:group-671835733D90 change Leader from null to 84c75018-969a-4fca-ac0f-34cccc99d928 at term 1 for becomeLeader, leader elected after 5051ms
2019-09-19 10:26:57,077 [84c75018-969a-4fca-ac0f-34cccc99d928:group-671835733D90:LeaderElection2] INFO  server.RaftServerConfigKeys (ConfUtils.java:logGet(43)) - raft.server.staging.catchup.gap = 1000 (default)
2019-09-19 10:26:57,077 [84c75018-969a-4fca-ac0f-34cccc99d928:group-671835733D90:LeaderElection2] INFO  server.RaftServerConfigKeys (ConfUtils.java:logGet(43)) - raft.server.rpc.sleep.time = 25ms (default)
2019-09-19 10:26:57,077 [84c75018-969a-4fca-ac0f-34cccc99d928:group-671835733D90:LeaderElection2] INFO  server.RaftServerConfigKeys (ConfUtils.java:logGet(43)) - raft.server.write.element-limit = 4096 (default)
2019-09-19 10:26:57,077 [84c75018-969a-4fca-ac0f-34cccc99d928:group-671835733D90:LeaderElection2] INFO  server.RaftServerConfigKeys (ConfUtils.java:logGet(43)) - raft.server.watch.timeout = 10s (default)
2019-09-19 10:26:57,078 [84c75018-969a-4fca-ac0f-34cccc99d928:group-671835733D90:LeaderElection2] INFO  server.RaftServerConfigKeys (ConfUtils.java:logGet(43)) - raft.server.watch.timeout.denomination = 1s (default)
2019-09-19 10:26:57,078 [84c75018-969a-4fca-ac0f-34cccc99d928:group-671835733D90:LeaderElection2] INFO  server.RaftServerConfigKeys (ConfUtils.java:logGet(43)) - raft.server.watch.element-limit = 65536 (default)
2019-09-19 10:26:57,080 [84c75018-969a-4fca-ac0f-34cccc99d928:group-671835733D90:LeaderElection2] INFO  impl.RoleInfo (RoleInfo.java:updateAndGet(143)) - 84c75018-969a-4fca-ac0f-34cccc99d928: start LeaderState
2019-09-19 10:26:57,081 [84c75018-969a-4fca-ac0f-34cccc99d928:group-671835733D90:LeaderElection2] INFO  segmented.SegmentedRaftLogWorker (SegmentedRaftLogWorker.java:startLogSegment(380)) - 84c75018-969a-4fca-ac0f-34cccc99d928-SegmentedRaftLogWorker:Storage Directory /workdir/hadoop-ozone/ozonefs/target/test-dir/MiniOzoneClusterImpl-c4ccaed8-e682-4870-947c-cf1864f77c00/datanode-2/data/ratis/ac888c49-9577-4629-9b71-671835733d90: Starting segment from index:0
2019-09-19 10:26:57,081 [84c75018-969a-4fca-ac0f-34cccc99d928:group-671835733D90:LeaderElection2] INFO  impl.RaftServerImpl (ServerState.java:setRaftConf(361)) - 84c75018-969a-4fca-ac0f-34cccc99d928:group-671835733D90 set configuration 0: [84c75018-969a-4fca-ac0f-34cccc99d928:192.168.157.204:41935], old=null at 0
2019-09-19 10:26:57,111 | INFO  | SCMAudit | user=jenkins1000 | ip=192.168.157.204 | op=SEND_HEARTBEAT {datanodeUUID=9c1babfd-24b9-43b5-a670-4d0e2dc3eec4, command=[]} | ret=SUCCESS |  
2019-09-19 10:26:57,117 [grpc-default-executor-0] INFO  impl.RaftServerProxy (RaftServerProxy.java:addNew(89)) - 1692dd7e-eca0-4ee0-be13-a7fe013a1be4: addNew group-A6022A65EEBA:[1692dd7e-eca0-4ee0-be13-a7fe013a1be4:192.168.157.204:39330] returns group-A6022A65EEBA:java.util.concurrent.CompletableFuture@14b263f9[Not completed]
2019-09-19 10:26:57,119 [pool-60-thread-1] INFO  impl.RaftServerImpl (RaftServerImpl.java:<init>(93)) - 1692dd7e-eca0-4ee0-be13-a7fe013a1be4: new RaftServerImpl for group-A6022A65EEBA:[1692dd7e-eca0-4ee0-be13-a7fe013a1be4:192.168.157.204:39330] with ContainerStateMachine:uninitialized
2019-09-19 10:26:57,119 [pool-60-thread-1] INFO  server.RaftServerConfigKeys (ConfUtils.java:logGet(43)) - raft.server.rpc.timeout.min = 5s (custom)
2019-09-19 10:26:57,119 [pool-60-thread-1] INFO  server.RaftServerConfigKeys (ConfUtils.java:logGet(43)) - raft.server.rpc.timeout.max = 5200ms (custom)
2019-09-19 10:26:57,119 [pool-60-thread-1] INFO  server.RaftServerConfigKeys (ConfUtils.java:logGet(43)) - raft.server.rpcslowness.timeout = 120s (custom)
2019-09-19 10:26:57,120 [pool-60-thread-1] INFO  server.RaftServerConfigKeys (ConfUtils.java:logGet(43)) - raft.server.sleep.deviation.threshold = 300 (default)
2019-09-19 10:26:57,120 [pool-60-thread-1] INFO  server.RaftServerConfigKeys (ConfUtils.java:logGet(43)) - raft.server.log.appender.install.snapshot.enabled = false (custom)
2019-09-19 10:26:57,120 [pool-60-thread-1] INFO  impl.RaftServerImpl (ServerState.java:<init>(105)) - 1692dd7e-eca0-4ee0-be13-a7fe013a1be4:group-A6022A65EEBA ConfigurationManager, init=-1: [1692dd7e-eca0-4ee0-be13-a7fe013a1be4:192.168.157.204:39330], old=null, confs=<EMPTY_MAP>
2019-09-19 10:26:57,120 [pool-60-thread-1] INFO  server.RaftServerConfigKeys (ConfUtils.java:logGet(43)) - raft.server.storage.dir = [/workdir/hadoop-ozone/ozonefs/target/test-dir/MiniOzoneClusterImpl-c4ccaed8-e682-4870-947c-cf1864f77c00/datanode-3/data/ratis] (custom)
2019-09-19 10:26:57,121 [pool-60-thread-1] INFO  storage.RaftStorageDirectory (RaftStorageDirectory.java:analyzeStorage(246)) - The storage directory /workdir/hadoop-ozone/ozonefs/target/test-dir/MiniOzoneClusterImpl-c4ccaed8-e682-4870-947c-cf1864f77c00/datanode-3/data/ratis/b09a25f6-36a0-450a-bf2b-a6022a65eeba does not exist. Creating ...
2019-09-19 10:26:57,206 [84c75018-969a-4fca-ac0f-34cccc99d928-SegmentedRaftLogWorker:Storage Directory /workdir/hadoop-ozone/ozonefs/target/test-dir/MiniOzoneClusterImpl-c4ccaed8-e682-4870-947c-cf1864f77c00/datanode-2/data/ratis/ac888c49-9577-4629-9b71-671835733d90] INFO  segmented.SegmentedRaftLogWorker (SegmentedRaftLogWorker.java:execute(569)) - 84c75018-969a-4fca-ac0f-34cccc99d928-SegmentedRaftLogWorker:Storage Directory /workdir/hadoop-ozone/ozonefs/target/test-dir/MiniOzoneClusterImpl-c4ccaed8-e682-4870-947c-cf1864f77c00/datanode-2/data/ratis/ac888c49-9577-4629-9b71-671835733d90: created new log segment /workdir/hadoop-ozone/ozonefs/target/test-dir/MiniOzoneClusterImpl-c4ccaed8-e682-4870-947c-cf1864f77c00/datanode-2/data/ratis/ac888c49-9577-4629-9b71-671835733d90/current/log_inprogress_0
2019-09-19 10:26:57,208 [pool-60-thread-1] INFO  storage.RaftStorageDirectory (RaftStorageDirectory.java:tryLock(328)) - Lock on /workdir/hadoop-ozone/ozonefs/target/test-dir/MiniOzoneClusterImpl-c4ccaed8-e682-4870-947c-cf1864f77c00/datanode-3/data/ratis/b09a25f6-36a0-450a-bf2b-a6022a65eeba/in_use.lock acquired by nodename 26715@pr-hdds-1569-cpgw4-1311585219
2019-09-19 10:26:57,212 [pool-60-thread-1] INFO  storage.RaftStorage (RaftStorage.java:format(72)) - Storage directory /workdir/hadoop-ozone/ozonefs/target/test-dir/MiniOzoneClusterImpl-c4ccaed8-e682-4870-947c-cf1864f77c00/datanode-3/data/ratis/b09a25f6-36a0-450a-bf2b-a6022a65eeba has been successfully formatted.
2019-09-19 10:26:57,213 [pool-60-thread-1] INFO  ratis.ContainerStateMachine (ContainerStateMachine.java:loadSnapshot(226)) - group-A6022A65EEBA: The snapshot info is null. Setting the last applied indexto:(t:0, i:~)
2019-09-19 10:26:57,213 [pool-60-thread-1] INFO  server.RaftServerConfigKeys (ConfUtils.java:logGet(43)) - raft.server.leader.election.timeout = 120s (custom)
2019-09-19 10:26:57,213 [pool-60-thread-1] INFO  server.RaftServerConfigKeys (ConfUtils.java:logGet(43)) - raft.server.log.use.memory = false (default)
2019-09-19 10:26:57,213 [pool-60-thread-1] INFO  server.RaftServerConfigKeys (ConfUtils.java:logGet(43)) - raft.server.log.purge.gap = 1000000 (custom)
2019-09-19 10:26:57,213 [pool-60-thread-1] INFO  server.RaftServerConfigKeys (ConfUtils.java:logGet(43)) - raft.server.log.appender.buffer.byte-limit = 33554432 (custom)
2019-09-19 10:26:57,213 [pool-60-thread-1] INFO  server.RaftServerConfigKeys (ConfUtils.java:logGet(43)) - raft.server.log.segment.size.max = 1048576 (custom)
2019-09-19 10:26:57,214 [pool-60-thread-1] INFO  server.RaftServerConfigKeys (ConfUtils.java:logGet(43)) - raft.server.log.segment.cache.num.max = 2 (custom)
2019-09-19 10:26:57,214 [pool-60-thread-1] INFO  segmented.SegmentedRaftLogWorker (SegmentedRaftLogWorker.java:<init>(172)) - new 1692dd7e-eca0-4ee0-be13-a7fe013a1be4-SegmentedRaftLogWorker:Storage Directory /workdir/hadoop-ozone/ozonefs/target/test-dir/MiniOzoneClusterImpl-c4ccaed8-e682-4870-947c-cf1864f77c00/datanode-3/data/ratis/b09a25f6-36a0-450a-bf2b-a6022a65eeba for RaftStorage:Storage Directory /workdir/hadoop-ozone/ozonefs/target/test-dir/MiniOzoneClusterImpl-c4ccaed8-e682-4870-947c-cf1864f77c00/datanode-3/data/ratis/b09a25f6-36a0-450a-bf2b-a6022a65eeba
2019-09-19 10:26:57,214 [pool-60-thread-1] INFO  server.RaftServerConfigKeys (ConfUtils.java:logGet(43)) - raft.server.log.queue.byte-limit = 2147483647 (custom)
2019-09-19 10:26:57,214 [pool-60-thread-1] INFO  server.RaftServerConfigKeys (ConfUtils.java:logGet(43)) - raft.server.log.queue.element-limit = 1024 (custom)
2019-09-19 10:26:57,214 [pool-60-thread-1] INFO  server.RaftServerConfigKeys (ConfUtils.java:logGet(43)) - raft.server.log.segment.size.max = 1048576 (custom)
2019-09-19 10:26:57,214 [pool-60-thread-1] INFO  server.RaftServerConfigKeys (ConfUtils.java:logGet(43)) - raft.server.log.preallocated.size = 16384 (custom)
2019-09-19 10:26:57,215 [pool-60-thread-1] INFO  server.RaftServerConfigKeys (ConfUtils.java:logGet(43)) - raft.server.log.write.buffer.size = 33554432 (custom)
2019-09-19 10:26:57,215 [pool-60-thread-1] INFO  server.RaftServerConfigKeys (ConfUtils.java:logGet(43)) - raft.server.log.force.sync.num = 128 (default)
2019-09-19 10:26:57,215 [pool-60-thread-1] INFO  server.RaftServerConfigKeys (ConfUtils.java:logGet(43)) - raft.server.log.statemachine.data.sync = true (default)
2019-09-19 10:26:57,215 [pool-60-thread-1] INFO  server.RaftServerConfigKeys (ConfUtils.java:logGet(43)) - raft.server.log.statemachine.data.sync.timeout = 10s (default)
2019-09-19 10:26:57,215 [pool-60-thread-1] INFO  server.RaftServerConfigKeys (ConfUtils.java:logGet(43)) - raft.server.log.statemachine.data.sync.timeout.retry = -1 (default)
2019-09-19 10:26:57,216 [pool-60-thread-1] INFO  server.RaftServerConfigKeys (ConfUtils.java:logGet(43)) - raft.server.log.statemachine.data.caching.enabled = true (custom)
2019-09-19 10:26:57,216 [pool-60-thread-1] INFO  segmented.SegmentedRaftLogWorker (SegmentedRaftLogWorker.java:lambda$new$0(132)) - 1692dd7e-eca0-4ee0-be13-a7fe013a1be4-SegmentedRaftLogWorker:Storage Directory /workdir/hadoop-ozone/ozonefs/target/test-dir/MiniOzoneClusterImpl-c4ccaed8-e682-4870-947c-cf1864f77c00/datanode-3/data/ratis/b09a25f6-36a0-450a-bf2b-a6022a65eeba: flushIndex: setUnconditionally 0 -> -1
2019-09-19 10:26:57,216 [pool-60-thread-1] INFO  server.RaftServerConfigKeys (ConfUtils.java:logGet(43)) - raft.server.snapshot.auto.trigger.enabled = true (custom)
2019-09-19 10:26:57,217 [pool-60-thread-1] INFO  server.RaftServerConfigKeys (ConfUtils.java:logGet(43)) - raft.server.snapshot.auto.trigger.threshold = 10000 (custom)
2019-09-19 10:26:57,217 [pool-60-thread-1] INFO  server.RaftServerConfigKeys (ConfUtils.java:logGet(43)) - raft.server.retrycache.expirytime = 600000ms (custom)
2019-09-19 10:26:57,217 [pool-60-thread-1] INFO  impl.RaftServerImpl (RaftServerImpl.java:start(180)) - 1692dd7e-eca0-4ee0-be13-a7fe013a1be4: start group-A6022A65EEBA
2019-09-19 10:26:57,217 [pool-60-thread-1] INFO  impl.RaftServerImpl (RaftServerImpl.java:setRole(171)) - 1692dd7e-eca0-4ee0-be13-a7fe013a1be4:group-A6022A65EEBA changes role from null to FOLLOWER at term 0 for startAsFollower
2019-09-19 10:26:57,217 [pool-60-thread-1] INFO  impl.RoleInfo (RoleInfo.java:updateAndGet(143)) - 1692dd7e-eca0-4ee0-be13-a7fe013a1be4: start FollowerState
2019-09-19 10:26:57,218 [pool-60-thread-1] INFO  util.JmxRegister (JmxRegister.java:tryRegister(44)) - Successfully registered JMX Bean with object name Ratis:service=RaftServer,group=group-A6022A65EEBA,id=1692dd7e-eca0-4ee0-be13-a7fe013a1be4
2019-09-19 10:26:57,226 [RatisPipelineUtilsThread] INFO  pipeline.PipelineStateManager (PipelineStateManager.java:addPipeline(56)) - Created pipeline Pipeline[ Id: b09a25f6-36a0-450a-bf2b-a6022a65eeba, Nodes: 1692dd7e-eca0-4ee0-be13-a7fe013a1be4{ip: 192.168.157.204, host: pr-hdds-1569-cpgw4-1311585219, networkLocation: /default-rack, certSerialId: null}, Type:RATIS, Factor:ONE, State:OPEN]
2019-09-19 10:26:57,229 [RatisPipelineUtilsThread] ERROR pipeline.PipelinePlacementPolicy (PipelinePlacementPolicy.java:meetCriteria(91)) - Pipeline Placement: Doesn't meet the criteria to be viable node. Heaviness: 6
2019-09-19 10:26:57,229 [RatisPipelineUtilsThread] ERROR pipeline.PipelinePlacementPolicy (PipelinePlacementPolicy.java:meetCriteria(91)) - Pipeline Placement: Doesn't meet the criteria to be viable node. Heaviness: 6
2019-09-19 10:26:57,240 [grpc-default-executor-0] INFO  impl.RaftServerProxy (RaftServerProxy.java:addNew(89)) - 10ec1051-6571-4c90-b3f9-a3c2840a089b: addNew group-F6975F53A82B:[10ec1051-6571-4c90-b3f9-a3c2840a089b:192.168.157.204:40066] returns group-F6975F53A82B:java.util.concurrent.CompletableFuture@16d76f95[Not completed]
2019-09-19 10:26:57,241 [pool-115-thread-1] INFO  impl.RaftServerImpl (RaftServerImpl.java:<init>(93)) - 10ec1051-6571-4c90-b3f9-a3c2840a089b: new RaftServerImpl for group-F6975F53A82B:[10ec1051-6571-4c90-b3f9-a3c2840a089b:192.168.157.204:40066] with ContainerStateMachine:uninitialized
2019-09-19 10:26:57,241 [pool-115-thread-1] INFO  server.RaftServerConfigKeys (ConfUtils.java:logGet(43)) - raft.server.rpc.timeout.min = 5s (custom)
2019-09-19 10:26:57,241 [pool-115-thread-1] INFO  server.RaftServerConfigKeys (ConfUtils.java:logGet(43)) - raft.server.rpc.timeout.max = 5200ms (custom)
2019-09-19 10:26:57,241 [pool-115-thread-1] INFO  server.RaftServerConfigKeys (ConfUtils.java:logGet(43)) - raft.server.rpcslowness.timeout = 120s (custom)
2019-09-19 10:26:57,241 [pool-115-thread-1] INFO  server.RaftServerConfigKeys (ConfUtils.java:logGet(43)) - raft.server.sleep.deviation.threshold = 300 (default)
2019-09-19 10:26:57,242 [pool-115-thread-1] INFO  server.RaftServerConfigKeys (ConfUtils.java:logGet(43)) - raft.server.log.appender.install.snapshot.enabled = false (custom)
2019-09-19 10:26:57,242 [pool-115-thread-1] INFO  impl.RaftServerImpl (ServerState.java:<init>(105)) - 10ec1051-6571-4c90-b3f9-a3c2840a089b:group-F6975F53A82B ConfigurationManager, init=-1: [10ec1051-6571-4c90-b3f9-a3c2840a089b:192.168.157.204:40066], old=null, confs=<EMPTY_MAP>
2019-09-19 10:26:57,242 [pool-115-thread-1] INFO  server.RaftServerConfigKeys (ConfUtils.java:logGet(43)) - raft.server.storage.dir = [/workdir/hadoop-ozone/ozonefs/target/test-dir/MiniOzoneClusterImpl-c4ccaed8-e682-4870-947c-cf1864f77c00/datanode-8/data/ratis] (custom)
2019-09-19 10:26:57,242 [pool-115-thread-1] INFO  storage.RaftStorageDirectory (RaftStorageDirectory.java:analyzeStorage(246)) - The storage directory /workdir/hadoop-ozone/ozonefs/target/test-dir/MiniOzoneClusterImpl-c4ccaed8-e682-4870-947c-cf1864f77c00/datanode-8/data/ratis/96a03fcc-42a4-4f45-84a8-f6975f53a82b does not exist. Creating ...
2019-09-19 10:26:57,255 [pool-115-thread-1] INFO  storage.RaftStorageDirectory (RaftStorageDirectory.java:tryLock(328)) - Lock on /workdir/hadoop-ozone/ozonefs/target/test-dir/MiniOzoneClusterImpl-c4ccaed8-e682-4870-947c-cf1864f77c00/datanode-8/data/ratis/96a03fcc-42a4-4f45-84a8-f6975f53a82b/in_use.lock acquired by nodename 26715@pr-hdds-1569-cpgw4-1311585219
2019-09-19 10:26:57,269 [pool-115-thread-1] INFO  storage.RaftStorage (RaftStorage.java:format(72)) - Storage directory /workdir/hadoop-ozone/ozonefs/target/test-dir/MiniOzoneClusterImpl-c4ccaed8-e682-4870-947c-cf1864f77c00/datanode-8/data/ratis/96a03fcc-42a4-4f45-84a8-f6975f53a82b has been successfully formatted.
2019-09-19 10:26:57,269 [pool-115-thread-1] INFO  ratis.ContainerStateMachine (ContainerStateMachine.java:loadSnapshot(226)) - group-F6975F53A82B: The snapshot info is null. Setting the last applied indexto:(t:0, i:~)
2019-09-19 10:26:57,269 [pool-115-thread-1] INFO  server.RaftServerConfigKeys (ConfUtils.java:logGet(43)) - raft.server.leader.election.timeout = 120s (custom)
2019-09-19 10:26:57,269 [pool-115-thread-1] INFO  server.RaftServerConfigKeys (ConfUtils.java:logGet(43)) - raft.server.log.use.memory = false (default)
2019-09-19 10:26:57,269 [pool-115-thread-1] INFO  server.RaftServerConfigKeys (ConfUtils.java:logGet(43)) - raft.server.log.purge.gap = 1000000 (custom)
2019-09-19 10:26:57,269 [pool-115-thread-1] INFO  server.RaftServerConfigKeys (ConfUtils.java:logGet(43)) - raft.server.log.appender.buffer.byte-limit = 33554432 (custom)
2019-09-19 10:26:57,269 [pool-115-thread-1] INFO  server.RaftServerConfigKeys (ConfUtils.java:logGet(43)) - raft.server.log.segment.size.max = 1048576 (custom)
2019-09-19 10:26:57,270 [pool-115-thread-1] INFO  server.RaftServerConfigKeys (ConfUtils.java:logGet(43)) - raft.server.log.segment.cache.num.max = 2 (custom)
2019-09-19 10:26:57,270 [pool-115-thread-1] INFO  segmented.SegmentedRaftLogWorker (SegmentedRaftLogWorker.java:<init>(172)) - new 10ec1051-6571-4c90-b3f9-a3c2840a089b-SegmentedRaftLogWorker:Storage Directory /workdir/hadoop-ozone/ozonefs/target/test-dir/MiniOzoneClusterImpl-c4ccaed8-e682-4870-947c-cf1864f77c00/datanode-8/data/ratis/96a03fcc-42a4-4f45-84a8-f6975f53a82b for RaftStorage:Storage Directory /workdir/hadoop-ozone/ozonefs/target/test-dir/MiniOzoneClusterImpl-c4ccaed8-e682-4870-947c-cf1864f77c00/datanode-8/data/ratis/96a03fcc-42a4-4f45-84a8-f6975f53a82b
2019-09-19 10:26:57,270 [pool-115-thread-1] INFO  server.RaftServerConfigKeys (ConfUtils.java:logGet(43)) - raft.server.log.queue.byte-limit = 2147483647 (custom)
2019-09-19 10:26:57,270 [pool-115-thread-1] INFO  server.RaftServerConfigKeys (ConfUtils.java:logGet(43)) - raft.server.log.queue.element-limit = 1024 (custom)
2019-09-19 10:26:57,270 [pool-115-thread-1] INFO  server.RaftServerConfigKeys (ConfUtils.java:logGet(43)) - raft.server.log.segment.size.max = 1048576 (custom)
2019-09-19 10:26:57,270 [pool-115-thread-1] INFO  server.RaftServerConfigKeys (ConfUtils.java:logGet(43)) - raft.server.log.preallocated.size = 16384 (custom)
2019-09-19 10:26:57,270 [pool-115-thread-1] INFO  server.RaftServerConfigKeys (ConfUtils.java:logGet(43)) - raft.server.log.write.buffer.size = 33554432 (custom)
2019-09-19 10:26:57,270 [pool-115-thread-1] INFO  server.RaftServerConfigKeys (ConfUtils.java:logGet(43)) - raft.server.log.force.sync.num = 128 (default)
2019-09-19 10:26:57,270 [pool-115-thread-1] INFO  server.RaftServerConfigKeys (ConfUtils.java:logGet(43)) - raft.server.log.statemachine.data.sync = true (default)
2019-09-19 10:26:57,270 [pool-115-thread-1] INFO  server.RaftServerConfigKeys (ConfUtils.java:logGet(43)) - raft.server.log.statemachine.data.sync.timeout = 10s (default)
2019-09-19 10:26:57,271 [pool-115-thread-1] INFO  server.RaftServerConfigKeys (ConfUtils.java:logGet(43)) - raft.server.log.statemachine.data.sync.timeout.retry = -1 (default)
2019-09-19 10:26:57,271 [pool-115-thread-1] INFO  server.RaftServerConfigKeys (ConfUtils.java:logGet(43)) - raft.server.log.statemachine.data.caching.enabled = true (custom)
2019-09-19 10:26:57,271 [pool-115-thread-1] INFO  segmented.SegmentedRaftLogWorker (SegmentedRaftLogWorker.java:lambda$new$0(132)) - 10ec1051-6571-4c90-b3f9-a3c2840a089b-SegmentedRaftLogWorker:Storage Directory /workdir/hadoop-ozone/ozonefs/target/test-dir/MiniOzoneClusterImpl-c4ccaed8-e682-4870-947c-cf1864f77c00/datanode-8/data/ratis/96a03fcc-42a4-4f45-84a8-f6975f53a82b: flushIndex: setUnconditionally 0 -> -1
2019-09-19 10:26:57,271 [pool-115-thread-1] INFO  server.RaftServerConfigKeys (ConfUtils.java:logGet(43)) - raft.server.snapshot.auto.trigger.enabled = true (custom)
2019-09-19 10:26:57,271 [pool-115-thread-1] INFO  server.RaftServerConfigKeys (ConfUtils.java:logGet(43)) - raft.server.snapshot.auto.trigger.threshold = 10000 (custom)
2019-09-19 10:26:57,271 [pool-115-thread-1] INFO  server.RaftServerConfigKeys (ConfUtils.java:logGet(43)) - raft.server.retrycache.expirytime = 600000ms (custom)
2019-09-19 10:26:57,272 [pool-115-thread-1] INFO  impl.RaftServerImpl (RaftServerImpl.java:start(180)) - 10ec1051-6571-4c90-b3f9-a3c2840a089b: start group-F6975F53A82B
2019-09-19 10:26:57,272 [pool-115-thread-1] INFO  impl.RaftServerImpl (RaftServerImpl.java:setRole(171)) - 10ec1051-6571-4c90-b3f9-a3c2840a089b:group-F6975F53A82B changes role from null to FOLLOWER at term 0 for startAsFollower
2019-09-19 10:26:57,272 [pool-115-thread-1] INFO  impl.RoleInfo (RoleInfo.java:updateAndGet(143)) - 10ec1051-6571-4c90-b3f9-a3c2840a089b: start FollowerState
2019-09-19 10:26:57,272 [pool-115-thread-1] INFO  util.JmxRegister (JmxRegister.java:tryRegister(44)) - Successfully registered JMX Bean with object name Ratis:service=RaftServer,group=group-F6975F53A82B,id=10ec1051-6571-4c90-b3f9-a3c2840a089b
2019-09-19 10:26:57,279 [RatisPipelineUtilsThread] INFO  pipeline.PipelineStateManager (PipelineStateManager.java:addPipeline(56)) - Created pipeline Pipeline[ Id: 96a03fcc-42a4-4f45-84a8-f6975f53a82b, Nodes: 10ec1051-6571-4c90-b3f9-a3c2840a089b{ip: 192.168.157.204, host: pr-hdds-1569-cpgw4-1311585219, networkLocation: /default-rack, certSerialId: null}, Type:RATIS, Factor:ONE, State:OPEN]
2019-09-19 10:26:57,282 [RatisPipelineUtilsThread] ERROR pipeline.PipelinePlacementPolicy (PipelinePlacementPolicy.java:meetCriteria(91)) - Pipeline Placement: Doesn't meet the criteria to be viable node. Heaviness: 6
2019-09-19 10:26:57,282 [RatisPipelineUtilsThread] ERROR pipeline.PipelinePlacementPolicy (PipelinePlacementPolicy.java:meetCriteria(91)) - Pipeline Placement: Doesn't meet the criteria to be viable node. Heaviness: 6
2019-09-19 10:26:57,292 [grpc-default-executor-0] INFO  impl.RaftServerProxy (RaftServerProxy.java:addNew(89)) - 84c75018-969a-4fca-ac0f-34cccc99d928: addNew group-E6701AB6FC43:[84c75018-969a-4fca-ac0f-34cccc99d928:192.168.157.204:41935] returns group-E6701AB6FC43:java.util.concurrent.CompletableFuture@38a04cba[Not completed]
2019-09-19 10:26:57,294 [pool-49-thread-1] INFO  impl.RaftServerImpl (RaftServerImpl.java:<init>(93)) - 84c75018-969a-4fca-ac0f-34cccc99d928: new RaftServerImpl for group-E6701AB6FC43:[84c75018-969a-4fca-ac0f-34cccc99d928:192.168.157.204:41935] with ContainerStateMachine:uninitialized
2019-09-19 10:26:57,294 [pool-49-thread-1] INFO  server.RaftServerConfigKeys (ConfUtils.java:logGet(43)) - raft.server.rpc.timeout.min = 5s (custom)
2019-09-19 10:26:57,295 [pool-49-thread-1] INFO  server.RaftServerConfigKeys (ConfUtils.java:logGet(43)) - raft.server.rpc.timeout.max = 5200ms (custom)
2019-09-19 10:26:57,295 [pool-49-thread-1] INFO  server.RaftServerConfigKeys (ConfUtils.java:logGet(43)) - raft.server.rpcslowness.timeout = 120s (custom)
2019-09-19 10:26:57,295 [pool-49-thread-1] INFO  server.RaftServerConfigKeys (ConfUtils.java:logGet(43)) - raft.server.sleep.deviation.threshold = 300 (default)
2019-09-19 10:26:57,295 [pool-49-thread-1] INFO  server.RaftServerConfigKeys (ConfUtils.java:logGet(43)) - raft.server.log.appender.install.snapshot.enabled = false (custom)
2019-09-19 10:26:57,295 [pool-49-thread-1] INFO  impl.RaftServerImpl (ServerState.java:<init>(105)) - 84c75018-969a-4fca-ac0f-34cccc99d928:group-E6701AB6FC43 ConfigurationManager, init=-1: [84c75018-969a-4fca-ac0f-34cccc99d928:192.168.157.204:41935], old=null, confs=<EMPTY_MAP>
2019-09-19 10:26:57,295 [pool-49-thread-1] INFO  server.RaftServerConfigKeys (ConfUtils.java:logGet(43)) - raft.server.storage.dir = [/workdir/hadoop-ozone/ozonefs/target/test-dir/MiniOzoneClusterImpl-c4ccaed8-e682-4870-947c-cf1864f77c00/datanode-2/data/ratis] (custom)
2019-09-19 10:26:57,296 [pool-49-thread-1] INFO  storage.RaftStorageDirectory (RaftStorageDirectory.java:analyzeStorage(246)) - The storage directory /workdir/hadoop-ozone/ozonefs/target/test-dir/MiniOzoneClusterImpl-c4ccaed8-e682-4870-947c-cf1864f77c00/datanode-2/data/ratis/76388054-d194-485e-91ff-e6701ab6fc43 does not exist. Creating ...
2019-09-19 10:26:57,309 [pool-49-thread-1] INFO  storage.RaftStorageDirectory (RaftStorageDirectory.java:tryLock(328)) - Lock on /workdir/hadoop-ozone/ozonefs/target/test-dir/MiniOzoneClusterImpl-c4ccaed8-e682-4870-947c-cf1864f77c00/datanode-2/data/ratis/76388054-d194-485e-91ff-e6701ab6fc43/in_use.lock acquired by nodename 26715@pr-hdds-1569-cpgw4-1311585219
2019-09-19 10:26:57,322 [pool-49-thread-1] INFO  storage.RaftStorage (RaftStorage.java:format(72)) - Storage directory /workdir/hadoop-ozone/ozonefs/target/test-dir/MiniOzoneClusterImpl-c4ccaed8-e682-4870-947c-cf1864f77c00/datanode-2/data/ratis/76388054-d194-485e-91ff-e6701ab6fc43 has been successfully formatted.
2019-09-19 10:26:57,322 [pool-49-thread-1] INFO  ratis.ContainerStateMachine (ContainerStateMachine.java:loadSnapshot(226)) - group-E6701AB6FC43: The snapshot info is null. Setting the last applied indexto:(t:0, i:~)
2019-09-19 10:26:57,322 [pool-49-thread-1] INFO  server.RaftServerConfigKeys (ConfUtils.java:logGet(43)) - raft.server.leader.election.timeout = 120s (custom)
2019-09-19 10:26:57,322 [pool-49-thread-1] INFO  server.RaftServerConfigKeys (ConfUtils.java:logGet(43)) - raft.server.log.use.memory = false (default)
2019-09-19 10:26:57,322 [pool-49-thread-1] INFO  server.RaftServerConfigKeys (ConfUtils.java:logGet(43)) - raft.server.log.purge.gap = 1000000 (custom)
2019-09-19 10:26:57,323 [pool-49-thread-1] INFO  server.RaftServerConfigKeys (ConfUtils.java:logGet(43)) - raft.server.log.appender.buffer.byte-limit = 33554432 (custom)
2019-09-19 10:26:57,323 [pool-49-thread-1] INFO  server.RaftServerConfigKeys (ConfUtils.java:logGet(43)) - raft.server.log.segment.size.max = 1048576 (custom)
2019-09-19 10:26:57,323 [pool-49-thread-1] INFO  server.RaftServerConfigKeys (ConfUtils.java:logGet(43)) - raft.server.log.segment.cache.num.max = 2 (custom)
2019-09-19 10:26:57,323 [pool-49-thread-1] INFO  segmented.SegmentedRaftLogWorker (SegmentedRaftLogWorker.java:<init>(172)) - new 84c75018-969a-4fca-ac0f-34cccc99d928-SegmentedRaftLogWorker:Storage Directory /workdir/hadoop-ozone/ozonefs/target/test-dir/MiniOzoneClusterImpl-c4ccaed8-e682-4870-947c-cf1864f77c00/datanode-2/data/ratis/76388054-d194-485e-91ff-e6701ab6fc43 for RaftStorage:Storage Directory /workdir/hadoop-ozone/ozonefs/target/test-dir/MiniOzoneClusterImpl-c4ccaed8-e682-4870-947c-cf1864f77c00/datanode-2/data/ratis/76388054-d194-485e-91ff-e6701ab6fc43
2019-09-19 10:26:57,323 [pool-49-thread-1] INFO  server.RaftServerConfigKeys (ConfUtils.java:logGet(43)) - raft.server.log.queue.byte-limit = 2147483647 (custom)
2019-09-19 10:26:57,323 [pool-49-thread-1] INFO  server.RaftServerConfigKeys (ConfUtils.java:logGet(43)) - raft.server.log.queue.element-limit = 1024 (custom)
2019-09-19 10:26:57,323 [pool-49-thread-1] INFO  server.RaftServerConfigKeys (ConfUtils.java:logGet(43)) - raft.server.log.segment.size.max = 1048576 (custom)
2019-09-19 10:26:57,323 [pool-49-thread-1] INFO  server.RaftServerConfigKeys (ConfUtils.java:logGet(43)) - raft.server.log.preallocated.size = 16384 (custom)
2019-09-19 10:26:57,324 [pool-49-thread-1] INFO  server.RaftServerConfigKeys (ConfUtils.java:logGet(43)) - raft.server.log.write.buffer.size = 33554432 (custom)
2019-09-19 10:26:57,324 [pool-49-thread-1] INFO  server.RaftServerConfigKeys (ConfUtils.java:logGet(43)) - raft.server.log.force.sync.num = 128 (default)
2019-09-19 10:26:57,324 [pool-49-thread-1] INFO  server.RaftServerConfigKeys (ConfUtils.java:logGet(43)) - raft.server.log.statemachine.data.sync = true (default)
2019-09-19 10:26:57,324 [pool-49-thread-1] INFO  server.RaftServerConfigKeys (ConfUtils.java:logGet(43)) - raft.server.log.statemachine.data.sync.timeout = 10s (default)
2019-09-19 10:26:57,324 [pool-49-thread-1] INFO  server.RaftServerConfigKeys (ConfUtils.java:logGet(43)) - raft.server.log.statemachine.data.sync.timeout.retry = -1 (default)
2019-09-19 10:26:57,324 [pool-49-thread-1] INFO  server.RaftServerConfigKeys (ConfUtils.java:logGet(43)) - raft.server.log.statemachine.data.caching.enabled = true (custom)
2019-09-19 10:26:57,325 [pool-49-thread-1] INFO  segmented.SegmentedRaftLogWorker (SegmentedRaftLogWorker.java:lambda$new$0(132)) - 84c75018-969a-4fca-ac0f-34cccc99d928-SegmentedRaftLogWorker:Storage Directory /workdir/hadoop-ozone/ozonefs/target/test-dir/MiniOzoneClusterImpl-c4ccaed8-e682-4870-947c-cf1864f77c00/datanode-2/data/ratis/76388054-d194-485e-91ff-e6701ab6fc43: flushIndex: setUnconditionally 0 -> -1
2019-09-19 10:26:57,325 [pool-49-thread-1] INFO  server.RaftServerConfigKeys (ConfUtils.java:logGet(43)) - raft.server.snapshot.auto.trigger.enabled = true (custom)
2019-09-19 10:26:57,325 [pool-49-thread-1] INFO  server.RaftServerConfigKeys (ConfUtils.java:logGet(43)) - raft.server.snapshot.auto.trigger.threshold = 10000 (custom)
2019-09-19 10:26:57,325 [pool-49-thread-1] INFO  server.RaftServerConfigKeys (ConfUtils.java:logGet(43)) - raft.server.retrycache.expirytime = 600000ms (custom)
2019-09-19 10:26:57,325 [pool-49-thread-1] INFO  impl.RaftServerImpl (RaftServerImpl.java:start(180)) - 84c75018-969a-4fca-ac0f-34cccc99d928: start group-E6701AB6FC43
2019-09-19 10:26:57,326 [pool-49-thread-1] INFO  impl.RaftServerImpl (RaftServerImpl.java:setRole(171)) - 84c75018-969a-4fca-ac0f-34cccc99d928:group-E6701AB6FC43 changes role from null to FOLLOWER at term 0 for startAsFollower
2019-09-19 10:26:57,326 [pool-49-thread-1] INFO  impl.RoleInfo (RoleInfo.java:updateAndGet(143)) - 84c75018-969a-4fca-ac0f-34cccc99d928: start FollowerState
2019-09-19 10:26:57,326 [pool-49-thread-1] INFO  util.JmxRegister (JmxRegister.java:tryRegister(44)) - Successfully registered JMX Bean with object name Ratis:service=RaftServer,group=group-E6701AB6FC43,id=84c75018-969a-4fca-ac0f-34cccc99d928
2019-09-19 10:26:57,331 [RatisPipelineUtilsThread] INFO  pipeline.PipelineStateManager (PipelineStateManager.java:addPipeline(56)) - Created pipeline Pipeline[ Id: 76388054-d194-485e-91ff-e6701ab6fc43, Nodes: 84c75018-969a-4fca-ac0f-34cccc99d928{ip: 192.168.157.204, host: pr-hdds-1569-cpgw4-1311585219, networkLocation: /default-rack, certSerialId: null}, Type:RATIS, Factor:ONE, State:OPEN]
2019-09-19 10:26:57,333 [RatisPipelineUtilsThread] ERROR pipeline.PipelinePlacementPolicy (PipelinePlacementPolicy.java:meetCriteria(91)) - Pipeline Placement: Doesn't meet the criteria to be viable node. Heaviness: 6
2019-09-19 10:26:57,333 [RatisPipelineUtilsThread] ERROR pipeline.PipelinePlacementPolicy (PipelinePlacementPolicy.java:meetCriteria(91)) - Pipeline Placement: Doesn't meet the criteria to be viable node. Heaviness: 6
2019-09-19 10:26:57,333 [RatisPipelineUtilsThread] ERROR pipeline.PipelinePlacementPolicy (PipelinePlacementPolicy.java:meetCriteria(91)) - Pipeline Placement: Doesn't meet the criteria to be viable node. Heaviness: 6
2019-09-19 10:26:57,343 [grpc-default-executor-0] INFO  impl.RaftServerProxy (RaftServerProxy.java:addNew(89)) - 1692dd7e-eca0-4ee0-be13-a7fe013a1be4: addNew group-DE6BC4638FB9:[1692dd7e-eca0-4ee0-be13-a7fe013a1be4:192.168.157.204:39330] returns group-DE6BC4638FB9:java.util.concurrent.CompletableFuture@ca81b88[Not completed]
2019-09-19 10:26:57,344 [pool-60-thread-1] INFO  impl.RaftServerImpl (RaftServerImpl.java:<init>(93)) - 1692dd7e-eca0-4ee0-be13-a7fe013a1be4: new RaftServerImpl for group-DE6BC4638FB9:[1692dd7e-eca0-4ee0-be13-a7fe013a1be4:192.168.157.204:39330] with ContainerStateMachine:uninitialized
2019-09-19 10:26:57,345 [pool-60-thread-1] INFO  server.RaftServerConfigKeys (ConfUtils.java:logGet(43)) - raft.server.rpc.timeout.min = 5s (custom)
2019-09-19 10:26:57,345 [pool-60-thread-1] INFO  server.RaftServerConfigKeys (ConfUtils.java:logGet(43)) - raft.server.rpc.timeout.max = 5200ms (custom)
2019-09-19 10:26:57,345 [pool-60-thread-1] INFO  server.RaftServerConfigKeys (ConfUtils.java:logGet(43)) - raft.server.rpcslowness.timeout = 120s (custom)
2019-09-19 10:26:57,345 [pool-60-thread-1] INFO  server.RaftServerConfigKeys (ConfUtils.java:logGet(43)) - raft.server.sleep.deviation.threshold = 300 (default)
2019-09-19 10:26:57,345 [pool-60-thread-1] INFO  server.RaftServerConfigKeys (ConfUtils.java:logGet(43)) - raft.server.log.appender.install.snapshot.enabled = false (custom)
2019-09-19 10:26:57,345 [pool-60-thread-1] INFO  impl.RaftServerImpl (ServerState.java:<init>(105)) - 1692dd7e-eca0-4ee0-be13-a7fe013a1be4:group-DE6BC4638FB9 ConfigurationManager, init=-1: [1692dd7e-eca0-4ee0-be13-a7fe013a1be4:192.168.157.204:39330], old=null, confs=<EMPTY_MAP>
2019-09-19 10:26:57,345 [pool-60-thread-1] INFO  server.RaftServerConfigKeys (ConfUtils.java:logGet(43)) - raft.server.storage.dir = [/workdir/hadoop-ozone/ozonefs/target/test-dir/MiniOzoneClusterImpl-c4ccaed8-e682-4870-947c-cf1864f77c00/datanode-3/data/ratis] (custom)
2019-09-19 10:26:57,346 [pool-60-thread-1] INFO  storage.RaftStorageDirectory (RaftStorageDirectory.java:analyzeStorage(246)) - The storage directory /workdir/hadoop-ozone/ozonefs/target/test-dir/MiniOzoneClusterImpl-c4ccaed8-e682-4870-947c-cf1864f77c00/datanode-3/data/ratis/22ca3a0c-2964-48fa-ac18-de6bc4638fb9 does not exist. Creating ...
2019-09-19 10:26:57,348 | INFO  | SCMAudit | user=jenkins1000 | ip=192.168.157.204 | op=SEND_HEARTBEAT {datanodeUUID=8b25b6fb-e7f9-4ea8-8d7d-823d8ea82140, command=[]} | ret=SUCCESS |  
2019-09-19 10:26:57,359 [pool-60-thread-1] INFO  storage.RaftStorageDirectory (RaftStorageDirectory.java:tryLock(328)) - Lock on /workdir/hadoop-ozone/ozonefs/target/test-dir/MiniOzoneClusterImpl-c4ccaed8-e682-4870-947c-cf1864f77c00/datanode-3/data/ratis/22ca3a0c-2964-48fa-ac18-de6bc4638fb9/in_use.lock acquired by nodename 26715@pr-hdds-1569-cpgw4-1311585219
2019-09-19 10:26:57,372 [pool-60-thread-1] INFO  storage.RaftStorage (RaftStorage.java:format(72)) - Storage directory /workdir/hadoop-ozone/ozonefs/target/test-dir/MiniOzoneClusterImpl-c4ccaed8-e682-4870-947c-cf1864f77c00/datanode-3/data/ratis/22ca3a0c-2964-48fa-ac18-de6bc4638fb9 has been successfully formatted.
2019-09-19 10:26:57,373 [pool-60-thread-1] INFO  ratis.ContainerStateMachine (ContainerStateMachine.java:loadSnapshot(226)) - group-DE6BC4638FB9: The snapshot info is null. Setting the last applied indexto:(t:0, i:~)
2019-09-19 10:26:57,373 [pool-60-thread-1] INFO  server.RaftServerConfigKeys (ConfUtils.java:logGet(43)) - raft.server.leader.election.timeout = 120s (custom)
2019-09-19 10:26:57,373 [pool-60-thread-1] INFO  server.RaftServerConfigKeys (ConfUtils.java:logGet(43)) - raft.server.log.use.memory = false (default)
2019-09-19 10:26:57,373 [pool-60-thread-1] INFO  server.RaftServerConfigKeys (ConfUtils.java:logGet(43)) - raft.server.log.purge.gap = 1000000 (custom)
2019-09-19 10:26:57,373 [pool-60-thread-1] INFO  server.RaftServerConfigKeys (ConfUtils.java:logGet(43)) - raft.server.log.appender.buffer.byte-limit = 33554432 (custom)
2019-09-19 10:26:57,373 [pool-60-thread-1] INFO  server.RaftServerConfigKeys (ConfUtils.java:logGet(43)) - raft.server.log.segment.size.max = 1048576 (custom)
2019-09-19 10:26:57,373 [pool-60-thread-1] INFO  server.RaftServerConfigKeys (ConfUtils.java:logGet(43)) - raft.server.log.segment.cache.num.max = 2 (custom)
2019-09-19 10:26:57,374 [pool-60-thread-1] INFO  segmented.SegmentedRaftLogWorker (SegmentedRaftLogWorker.java:<init>(172)) - new 1692dd7e-eca0-4ee0-be13-a7fe013a1be4-SegmentedRaftLogWorker:Storage Directory /workdir/hadoop-ozone/ozonefs/target/test-dir/MiniOzoneClusterImpl-c4ccaed8-e682-4870-947c-cf1864f77c00/datanode-3/data/ratis/22ca3a0c-2964-48fa-ac18-de6bc4638fb9 for RaftStorage:Storage Directory /workdir/hadoop-ozone/ozonefs/target/test-dir/MiniOzoneClusterImpl-c4ccaed8-e682-4870-947c-cf1864f77c00/datanode-3/data/ratis/22ca3a0c-2964-48fa-ac18-de6bc4638fb9
2019-09-19 10:26:57,374 [pool-60-thread-1] INFO  server.RaftServerConfigKeys (ConfUtils.java:logGet(43)) - raft.server.log.queue.byte-limit = 2147483647 (custom)
2019-09-19 10:26:57,374 [pool-60-thread-1] INFO  server.RaftServerConfigKeys (ConfUtils.java:logGet(43)) - raft.server.log.queue.element-limit = 1024 (custom)
2019-09-19 10:26:57,374 [pool-60-thread-1] INFO  server.RaftServerConfigKeys (ConfUtils.java:logGet(43)) - raft.server.log.segment.size.max = 1048576 (custom)
2019-09-19 10:26:57,374 [pool-60-thread-1] INFO  server.RaftServerConfigKeys (ConfUtils.java:logGet(43)) - raft.server.log.preallocated.size = 16384 (custom)
2019-09-19 10:26:57,374 [pool-60-thread-1] INFO  server.RaftServerConfigKeys (ConfUtils.java:logGet(43)) - raft.server.log.write.buffer.size = 33554432 (custom)
2019-09-19 10:26:57,374 [pool-60-thread-1] INFO  server.RaftServerConfigKeys (ConfUtils.java:logGet(43)) - raft.server.log.force.sync.num = 128 (default)
2019-09-19 10:26:57,374 [pool-60-thread-1] INFO  server.RaftServerConfigKeys (ConfUtils.java:logGet(43)) - raft.server.log.statemachine.data.sync = true (default)
2019-09-19 10:26:57,374 [pool-60-thread-1] INFO  server.RaftServerConfigKeys (ConfUtils.java:logGet(43)) - raft.server.log.statemachine.data.sync.timeout = 10s (default)
2019-09-19 10:26:57,375 [pool-60-thread-1] INFO  server.RaftServerConfigKeys (ConfUtils.java:logGet(43)) - raft.server.log.statemachine.data.sync.timeout.retry = -1 (default)
2019-09-19 10:26:57,375 [pool-60-thread-1] INFO  server.RaftServerConfigKeys (ConfUtils.java:logGet(43)) - raft.server.log.statemachine.data.caching.enabled = true (custom)
2019-09-19 10:26:57,375 [pool-60-thread-1] INFO  segmented.SegmentedRaftLogWorker (SegmentedRaftLogWorker.java:lambda$new$0(132)) - 1692dd7e-eca0-4ee0-be13-a7fe013a1be4-SegmentedRaftLogWorker:Storage Directory /workdir/hadoop-ozone/ozonefs/target/test-dir/MiniOzoneClusterImpl-c4ccaed8-e682-4870-947c-cf1864f77c00/datanode-3/data/ratis/22ca3a0c-2964-48fa-ac18-de6bc4638fb9: flushIndex: setUnconditionally 0 -> -1
2019-09-19 10:26:57,375 [pool-60-thread-1] INFO  server.RaftServerConfigKeys (ConfUtils.java:logGet(43)) - raft.server.snapshot.auto.trigger.enabled = true (custom)
2019-09-19 10:26:57,376 [pool-60-thread-1] INFO  server.RaftServerConfigKeys (ConfUtils.java:logGet(43)) - raft.server.snapshot.auto.trigger.threshold = 10000 (custom)
2019-09-19 10:26:57,376 [pool-60-thread-1] INFO  server.RaftServerConfigKeys (ConfUtils.java:logGet(43)) - raft.server.retrycache.expirytime = 600000ms (custom)
2019-09-19 10:26:57,376 [pool-60-thread-1] INFO  impl.RaftServerImpl (RaftServerImpl.java:start(180)) - 1692dd7e-eca0-4ee0-be13-a7fe013a1be4: start group-DE6BC4638FB9
2019-09-19 10:26:57,376 [pool-60-thread-1] INFO  impl.RaftServerImpl (RaftServerImpl.java:setRole(171)) - 1692dd7e-eca0-4ee0-be13-a7fe013a1be4:group-DE6BC4638FB9 changes role from null to FOLLOWER at term 0 for startAsFollower
2019-09-19 10:26:57,376 [pool-60-thread-1] INFO  impl.RoleInfo (RoleInfo.java:updateAndGet(143)) - 1692dd7e-eca0-4ee0-be13-a7fe013a1be4: start FollowerState
2019-09-19 10:26:57,377 [pool-60-thread-1] INFO  util.JmxRegister (JmxRegister.java:tryRegister(44)) - Successfully registered JMX Bean with object name Ratis:service=RaftServer,group=group-DE6BC4638FB9,id=1692dd7e-eca0-4ee0-be13-a7fe013a1be4
2019-09-19 10:26:57,382 [RatisPipelineUtilsThread] INFO  pipeline.PipelineStateManager (PipelineStateManager.java:addPipeline(56)) - Created pipeline Pipeline[ Id: 22ca3a0c-2964-48fa-ac18-de6bc4638fb9, Nodes: 1692dd7e-eca0-4ee0-be13-a7fe013a1be4{ip: 192.168.157.204, host: pr-hdds-1569-cpgw4-1311585219, networkLocation: /default-rack, certSerialId: null}, Type:RATIS, Factor:ONE, State:OPEN]
2019-09-19 10:26:57,384 [RatisPipelineUtilsThread] ERROR pipeline.PipelinePlacementPolicy (PipelinePlacementPolicy.java:meetCriteria(91)) - Pipeline Placement: Doesn't meet the criteria to be viable node. Heaviness: 6
2019-09-19 10:26:57,384 [RatisPipelineUtilsThread] ERROR pipeline.PipelinePlacementPolicy (PipelinePlacementPolicy.java:meetCriteria(91)) - Pipeline Placement: Doesn't meet the criteria to be viable node. Heaviness: 6
2019-09-19 10:26:57,384 [RatisPipelineUtilsThread] ERROR pipeline.PipelinePlacementPolicy (PipelinePlacementPolicy.java:meetCriteria(91)) - Pipeline Placement: Doesn't meet the criteria to be viable node. Heaviness: 6
2019-09-19 10:26:57,384 [RatisPipelineUtilsThread] ERROR pipeline.PipelinePlacementPolicy (PipelinePlacementPolicy.java:meetCriteria(91)) - Pipeline Placement: Doesn't meet the criteria to be viable node. Heaviness: 6
2019-09-19 10:26:57,394 [grpc-default-executor-0] INFO  impl.RaftServerProxy (RaftServerProxy.java:addNew(89)) - 10ec1051-6571-4c90-b3f9-a3c2840a089b: addNew group-8EC43799AC7B:[10ec1051-6571-4c90-b3f9-a3c2840a089b:192.168.157.204:40066] returns group-8EC43799AC7B:java.util.concurrent.CompletableFuture@5bd8a893[Not completed]
2019-09-19 10:26:57,395 [pool-115-thread-1] INFO  impl.RaftServerImpl (RaftServerImpl.java:<init>(93)) - 10ec1051-6571-4c90-b3f9-a3c2840a089b: new RaftServerImpl for group-8EC43799AC7B:[10ec1051-6571-4c90-b3f9-a3c2840a089b:192.168.157.204:40066] with ContainerStateMachine:uninitialized
2019-09-19 10:26:57,396 [pool-115-thread-1] INFO  server.RaftServerConfigKeys (ConfUtils.java:logGet(43)) - raft.server.rpc.timeout.min = 5s (custom)
2019-09-19 10:26:57,396 [pool-115-thread-1] INFO  server.RaftServerConfigKeys (ConfUtils.java:logGet(43)) - raft.server.rpc.timeout.max = 5200ms (custom)
2019-09-19 10:26:57,396 [pool-115-thread-1] INFO  server.RaftServerConfigKeys (ConfUtils.java:logGet(43)) - raft.server.rpcslowness.timeout = 120s (custom)
2019-09-19 10:26:57,396 [pool-115-thread-1] INFO  server.RaftServerConfigKeys (ConfUtils.java:logGet(43)) - raft.server.sleep.deviation.threshold = 300 (default)
2019-09-19 10:26:57,396 [pool-115-thread-1] INFO  server.RaftServerConfigKeys (ConfUtils.java:logGet(43)) - raft.server.log.appender.install.snapshot.enabled = false (custom)
2019-09-19 10:26:57,396 [pool-115-thread-1] INFO  impl.RaftServerImpl (ServerState.java:<init>(105)) - 10ec1051-6571-4c90-b3f9-a3c2840a089b:group-8EC43799AC7B ConfigurationManager, init=-1: [10ec1051-6571-4c90-b3f9-a3c2840a089b:192.168.157.204:40066], old=null, confs=<EMPTY_MAP>
2019-09-19 10:26:57,397 [pool-115-thread-1] INFO  server.RaftServerConfigKeys (ConfUtils.java:logGet(43)) - raft.server.storage.dir = [/workdir/hadoop-ozone/ozonefs/target/test-dir/MiniOzoneClusterImpl-c4ccaed8-e682-4870-947c-cf1864f77c00/datanode-8/data/ratis] (custom)
2019-09-19 10:26:57,397 [pool-115-thread-1] INFO  storage.RaftStorageDirectory (RaftStorageDirectory.java:analyzeStorage(246)) - The storage directory /workdir/hadoop-ozone/ozonefs/target/test-dir/MiniOzoneClusterImpl-c4ccaed8-e682-4870-947c-cf1864f77c00/datanode-8/data/ratis/7449d1f4-6b8e-430f-886c-8ec43799ac7b does not exist. Creating ...
2019-09-19 10:26:57,403 [pool-115-thread-1] INFO  storage.RaftStorageDirectory (RaftStorageDirectory.java:tryLock(328)) - Lock on /workdir/hadoop-ozone/ozonefs/target/test-dir/MiniOzoneClusterImpl-c4ccaed8-e682-4870-947c-cf1864f77c00/datanode-8/data/ratis/7449d1f4-6b8e-430f-886c-8ec43799ac7b/in_use.lock acquired by nodename 26715@pr-hdds-1569-cpgw4-1311585219
2019-09-19 10:26:57,415 [pool-115-thread-1] INFO  storage.RaftStorage (RaftStorage.java:format(72)) - Storage directory /workdir/hadoop-ozone/ozonefs/target/test-dir/MiniOzoneClusterImpl-c4ccaed8-e682-4870-947c-cf1864f77c00/datanode-8/data/ratis/7449d1f4-6b8e-430f-886c-8ec43799ac7b has been successfully formatted.
2019-09-19 10:26:57,416 [pool-115-thread-1] INFO  ratis.ContainerStateMachine (ContainerStateMachine.java:loadSnapshot(226)) - group-8EC43799AC7B: The snapshot info is null. Setting the last applied indexto:(t:0, i:~)
2019-09-19 10:26:57,416 [pool-115-thread-1] INFO  server.RaftServerConfigKeys (ConfUtils.java:logGet(43)) - raft.server.leader.election.timeout = 120s (custom)
2019-09-19 10:26:57,416 [pool-115-thread-1] INFO  server.RaftServerConfigKeys (ConfUtils.java:logGet(43)) - raft.server.log.use.memory = false (default)
2019-09-19 10:26:57,416 [pool-115-thread-1] INFO  server.RaftServerConfigKeys (ConfUtils.java:logGet(43)) - raft.server.log.purge.gap = 1000000 (custom)
2019-09-19 10:26:57,416 [pool-115-thread-1] INFO  server.RaftServerConfigKeys (ConfUtils.java:logGet(43)) - raft.server.log.appender.buffer.byte-limit = 33554432 (custom)
2019-09-19 10:26:57,416 [pool-115-thread-1] INFO  server.RaftServerConfigKeys (ConfUtils.java:logGet(43)) - raft.server.log.segment.size.max = 1048576 (custom)
2019-09-19 10:26:57,416 [pool-115-thread-1] INFO  server.RaftServerConfigKeys (ConfUtils.java:logGet(43)) - raft.server.log.segment.cache.num.max = 2 (custom)
2019-09-19 10:26:57,416 [pool-115-thread-1] INFO  segmented.SegmentedRaftLogWorker (SegmentedRaftLogWorker.java:<init>(172)) - new 10ec1051-6571-4c90-b3f9-a3c2840a089b-SegmentedRaftLogWorker:Storage Directory /workdir/hadoop-ozone/ozonefs/target/test-dir/MiniOzoneClusterImpl-c4ccaed8-e682-4870-947c-cf1864f77c00/datanode-8/data/ratis/7449d1f4-6b8e-430f-886c-8ec43799ac7b for RaftStorage:Storage Directory /workdir/hadoop-ozone/ozonefs/target/test-dir/MiniOzoneClusterImpl-c4ccaed8-e682-4870-947c-cf1864f77c00/datanode-8/data/ratis/7449d1f4-6b8e-430f-886c-8ec43799ac7b
2019-09-19 10:26:57,417 [pool-115-thread-1] INFO  server.RaftServerConfigKeys (ConfUtils.java:logGet(43)) - raft.server.log.queue.byte-limit = 2147483647 (custom)
2019-09-19 10:26:57,417 [pool-115-thread-1] INFO  server.RaftServerConfigKeys (ConfUtils.java:logGet(43)) - raft.server.log.queue.element-limit = 1024 (custom)
2019-09-19 10:26:57,417 [pool-115-thread-1] INFO  server.RaftServerConfigKeys (ConfUtils.java:logGet(43)) - raft.server.log.segment.size.max = 1048576 (custom)
2019-09-19 10:26:57,417 [pool-115-thread-1] INFO  server.RaftServerConfigKeys (ConfUtils.java:logGet(43)) - raft.server.log.preallocated.size = 16384 (custom)
2019-09-19 10:26:57,417 [pool-115-thread-1] INFO  server.RaftServerConfigKeys (ConfUtils.java:logGet(43)) - raft.server.log.write.buffer.size = 33554432 (custom)
2019-09-19 10:26:57,417 [pool-115-thread-1] INFO  server.RaftServerConfigKeys (ConfUtils.java:logGet(43)) - raft.server.log.force.sync.num = 128 (default)
2019-09-19 10:26:57,417 [pool-115-thread-1] INFO  server.RaftServerConfigKeys (ConfUtils.java:logGet(43)) - raft.server.log.statemachine.data.sync = true (default)
2019-09-19 10:26:57,417 [pool-115-thread-1] INFO  server.RaftServerConfigKeys (ConfUtils.java:logGet(43)) - raft.server.log.statemachine.data.sync.timeout = 10s (default)
2019-09-19 10:26:57,418 [pool-115-thread-1] INFO  server.RaftServerConfigKeys (ConfUtils.java:logGet(43)) - raft.server.log.statemachine.data.sync.timeout.retry = -1 (default)
2019-09-19 10:26:57,418 [pool-115-thread-1] INFO  server.RaftServerConfigKeys (ConfUtils.java:logGet(43)) - raft.server.log.statemachine.data.caching.enabled = true (custom)
2019-09-19 10:26:57,418 [pool-115-thread-1] INFO  segmented.SegmentedRaftLogWorker (SegmentedRaftLogWorker.java:lambda$new$0(132)) - 10ec1051-6571-4c90-b3f9-a3c2840a089b-SegmentedRaftLogWorker:Storage Directory /workdir/hadoop-ozone/ozonefs/target/test-dir/MiniOzoneClusterImpl-c4ccaed8-e682-4870-947c-cf1864f77c00/datanode-8/data/ratis/7449d1f4-6b8e-430f-886c-8ec43799ac7b: flushIndex: setUnconditionally 0 -> -1
2019-09-19 10:26:57,418 [pool-115-thread-1] INFO  server.RaftServerConfigKeys (ConfUtils.java:logGet(43)) - raft.server.snapshot.auto.trigger.enabled = true (custom)
2019-09-19 10:26:57,418 [pool-115-thread-1] INFO  server.RaftServerConfigKeys (ConfUtils.java:logGet(43)) - raft.server.snapshot.auto.trigger.threshold = 10000 (custom)
2019-09-19 10:26:57,419 [pool-115-thread-1] INFO  server.RaftServerConfigKeys (ConfUtils.java:logGet(43)) - raft.server.retrycache.expirytime = 600000ms (custom)
2019-09-19 10:26:57,419 [pool-115-thread-1] INFO  impl.RaftServerImpl (RaftServerImpl.java:start(180)) - 10ec1051-6571-4c90-b3f9-a3c2840a089b: start group-8EC43799AC7B
2019-09-19 10:26:57,419 [pool-115-thread-1] INFO  impl.RaftServerImpl (RaftServerImpl.java:setRole(171)) - 10ec1051-6571-4c90-b3f9-a3c2840a089b:group-8EC43799AC7B changes role from null to FOLLOWER at term 0 for startAsFollower
2019-09-19 10:26:57,419 [pool-115-thread-1] INFO  impl.RoleInfo (RoleInfo.java:updateAndGet(143)) - 10ec1051-6571-4c90-b3f9-a3c2840a089b: start FollowerState
2019-09-19 10:26:57,419 [pool-115-thread-1] INFO  util.JmxRegister (JmxRegister.java:tryRegister(44)) - Successfully registered JMX Bean with object name Ratis:service=RaftServer,group=group-8EC43799AC7B,id=10ec1051-6571-4c90-b3f9-a3c2840a089b
2019-09-19 10:26:57,424 [RatisPipelineUtilsThread] INFO  pipeline.PipelineStateManager (PipelineStateManager.java:addPipeline(56)) - Created pipeline Pipeline[ Id: 7449d1f4-6b8e-430f-886c-8ec43799ac7b, Nodes: 10ec1051-6571-4c90-b3f9-a3c2840a089b{ip: 192.168.157.204, host: pr-hdds-1569-cpgw4-1311585219, networkLocation: /default-rack, certSerialId: null}, Type:RATIS, Factor:ONE, State:OPEN]
2019-09-19 10:26:57,426 [RatisPipelineUtilsThread] ERROR pipeline.PipelinePlacementPolicy (PipelinePlacementPolicy.java:meetCriteria(91)) - Pipeline Placement: Doesn't meet the criteria to be viable node. Heaviness: 6
2019-09-19 10:26:57,426 [RatisPipelineUtilsThread] ERROR pipeline.PipelinePlacementPolicy (PipelinePlacementPolicy.java:meetCriteria(91)) - Pipeline Placement: Doesn't meet the criteria to be viable node. Heaviness: 6
2019-09-19 10:26:57,427 [RatisPipelineUtilsThread] ERROR pipeline.PipelinePlacementPolicy (PipelinePlacementPolicy.java:meetCriteria(91)) - Pipeline Placement: Doesn't meet the criteria to be viable node. Heaviness: 6
2019-09-19 10:26:57,427 [RatisPipelineUtilsThread] ERROR pipeline.PipelinePlacementPolicy (PipelinePlacementPolicy.java:meetCriteria(91)) - Pipeline Placement: Doesn't meet the criteria to be viable node. Heaviness: 6
2019-09-19 10:26:57,435 [grpc-default-executor-0] INFO  impl.RaftServerProxy (RaftServerProxy.java:addNew(89)) - 9c1babfd-24b9-43b5-a670-4d0e2dc3eec4: addNew group-D32936906873:[9c1babfd-24b9-43b5-a670-4d0e2dc3eec4:192.168.157.204:39323] returns group-D32936906873:java.util.concurrent.CompletableFuture@4503b768[Not completed]
2019-09-19 10:26:57,436 [pool-82-thread-1] INFO  impl.RaftServerImpl (RaftServerImpl.java:<init>(93)) - 9c1babfd-24b9-43b5-a670-4d0e2dc3eec4: new RaftServerImpl for group-D32936906873:[9c1babfd-24b9-43b5-a670-4d0e2dc3eec4:192.168.157.204:39323] with ContainerStateMachine:uninitialized
2019-09-19 10:26:57,437 [pool-82-thread-1] INFO  server.RaftServerConfigKeys (ConfUtils.java:logGet(43)) - raft.server.rpc.timeout.min = 5s (custom)
2019-09-19 10:26:57,437 [pool-82-thread-1] INFO  server.RaftServerConfigKeys (ConfUtils.java:logGet(43)) - raft.server.rpc.timeout.max = 5200ms (custom)
2019-09-19 10:26:57,437 [pool-82-thread-1] INFO  server.RaftServerConfigKeys (ConfUtils.java:logGet(43)) - raft.server.rpcslowness.timeout = 120s (custom)
2019-09-19 10:26:57,437 [pool-82-thread-1] INFO  server.RaftServerConfigKeys (ConfUtils.java:logGet(43)) - raft.server.sleep.deviation.threshold = 300 (default)
2019-09-19 10:26:57,437 [pool-82-thread-1] INFO  server.RaftServerConfigKeys (ConfUtils.java:logGet(43)) - raft.server.log.appender.install.snapshot.enabled = false (custom)
2019-09-19 10:26:57,437 [pool-82-thread-1] INFO  impl.RaftServerImpl (ServerState.java:<init>(105)) - 9c1babfd-24b9-43b5-a670-4d0e2dc3eec4:group-D32936906873 ConfigurationManager, init=-1: [9c1babfd-24b9-43b5-a670-4d0e2dc3eec4:192.168.157.204:39323], old=null, confs=<EMPTY_MAP>
2019-09-19 10:26:57,437 [pool-82-thread-1] INFO  server.RaftServerConfigKeys (ConfUtils.java:logGet(43)) - raft.server.storage.dir = [/workdir/hadoop-ozone/ozonefs/target/test-dir/MiniOzoneClusterImpl-c4ccaed8-e682-4870-947c-cf1864f77c00/datanode-5/data/ratis] (custom)
2019-09-19 10:26:57,438 [pool-82-thread-1] INFO  storage.RaftStorageDirectory (RaftStorageDirectory.java:analyzeStorage(246)) - The storage directory /workdir/hadoop-ozone/ozonefs/target/test-dir/MiniOzoneClusterImpl-c4ccaed8-e682-4870-947c-cf1864f77c00/datanode-5/data/ratis/961205d0-15b6-452a-a6c4-d32936906873 does not exist. Creating ...
2019-09-19 10:26:57,451 [pool-82-thread-1] INFO  storage.RaftStorageDirectory (RaftStorageDirectory.java:tryLock(328)) - Lock on /workdir/hadoop-ozone/ozonefs/target/test-dir/MiniOzoneClusterImpl-c4ccaed8-e682-4870-947c-cf1864f77c00/datanode-5/data/ratis/961205d0-15b6-452a-a6c4-d32936906873/in_use.lock acquired by nodename 26715@pr-hdds-1569-cpgw4-1311585219
2019-09-19 10:26:57,469 [pool-82-thread-1] INFO  storage.RaftStorage (RaftStorage.java:format(72)) - Storage directory /workdir/hadoop-ozone/ozonefs/target/test-dir/MiniOzoneClusterImpl-c4ccaed8-e682-4870-947c-cf1864f77c00/datanode-5/data/ratis/961205d0-15b6-452a-a6c4-d32936906873 has been successfully formatted.
2019-09-19 10:26:57,469 [pool-82-thread-1] INFO  ratis.ContainerStateMachine (ContainerStateMachine.java:loadSnapshot(226)) - group-D32936906873: The snapshot info is null. Setting the last applied indexto:(t:0, i:~)
2019-09-19 10:26:57,469 [pool-82-thread-1] INFO  server.RaftServerConfigKeys (ConfUtils.java:logGet(43)) - raft.server.leader.election.timeout = 120s (custom)
2019-09-19 10:26:57,469 [pool-82-thread-1] INFO  server.RaftServerConfigKeys (ConfUtils.java:logGet(43)) - raft.server.log.use.memory = false (default)
2019-09-19 10:26:57,469 [pool-82-thread-1] INFO  server.RaftServerConfigKeys (ConfUtils.java:logGet(43)) - raft.server.log.purge.gap = 1000000 (custom)
2019-09-19 10:26:57,470 [pool-82-thread-1] INFO  server.RaftServerConfigKeys (ConfUtils.java:logGet(43)) - raft.server.log.appender.buffer.byte-limit = 33554432 (custom)
2019-09-19 10:26:57,470 [pool-82-thread-1] INFO  server.RaftServerConfigKeys (ConfUtils.java:logGet(43)) - raft.server.log.segment.size.max = 1048576 (custom)
2019-09-19 10:26:57,470 [pool-82-thread-1] INFO  server.RaftServerConfigKeys (ConfUtils.java:logGet(43)) - raft.server.log.segment.cache.num.max = 2 (custom)
2019-09-19 10:26:57,470 [pool-82-thread-1] INFO  segmented.SegmentedRaftLogWorker (SegmentedRaftLogWorker.java:<init>(172)) - new 9c1babfd-24b9-43b5-a670-4d0e2dc3eec4-SegmentedRaftLogWorker:Storage Directory /workdir/hadoop-ozone/ozonefs/target/test-dir/MiniOzoneClusterImpl-c4ccaed8-e682-4870-947c-cf1864f77c00/datanode-5/data/ratis/961205d0-15b6-452a-a6c4-d32936906873 for RaftStorage:Storage Directory /workdir/hadoop-ozone/ozonefs/target/test-dir/MiniOzoneClusterImpl-c4ccaed8-e682-4870-947c-cf1864f77c00/datanode-5/data/ratis/961205d0-15b6-452a-a6c4-d32936906873
2019-09-19 10:26:57,470 [pool-82-thread-1] INFO  server.RaftServerConfigKeys (ConfUtils.java:logGet(43)) - raft.server.log.queue.byte-limit = 2147483647 (custom)
2019-09-19 10:26:57,470 [pool-82-thread-1] INFO  server.RaftServerConfigKeys (ConfUtils.java:logGet(43)) - raft.server.log.queue.element-limit = 1024 (custom)
2019-09-19 10:26:57,471 [pool-82-thread-1] INFO  server.RaftServerConfigKeys (ConfUtils.java:logGet(43)) - raft.server.log.segment.size.max = 1048576 (custom)
2019-09-19 10:26:57,471 [pool-82-thread-1] INFO  server.RaftServerConfigKeys (ConfUtils.java:logGet(43)) - raft.server.log.preallocated.size = 16384 (custom)
2019-09-19 10:26:57,471 [pool-82-thread-1] INFO  server.RaftServerConfigKeys (ConfUtils.java:logGet(43)) - raft.server.log.write.buffer.size = 33554432 (custom)
2019-09-19 10:26:57,471 [pool-82-thread-1] INFO  server.RaftServerConfigKeys (ConfUtils.java:logGet(43)) - raft.server.log.force.sync.num = 128 (default)
2019-09-19 10:26:57,471 [pool-82-thread-1] INFO  server.RaftServerConfigKeys (ConfUtils.java:logGet(43)) - raft.server.log.statemachine.data.sync = true (default)
2019-09-19 10:26:57,471 [pool-82-thread-1] INFO  server.RaftServerConfigKeys (ConfUtils.java:logGet(43)) - raft.server.log.statemachine.data.sync.timeout = 10s (default)
2019-09-19 10:26:57,471 [pool-82-thread-1] INFO  server.RaftServerConfigKeys (ConfUtils.java:logGet(43)) - raft.server.log.statemachine.data.sync.timeout.retry = -1 (default)
2019-09-19 10:26:57,472 [pool-82-thread-1] INFO  server.RaftServerConfigKeys (ConfUtils.java:logGet(43)) - raft.server.log.statemachine.data.caching.enabled = true (custom)
2019-09-19 10:26:57,472 [pool-82-thread-1] INFO  segmented.SegmentedRaftLogWorker (SegmentedRaftLogWorker.java:lambda$new$0(132)) - 9c1babfd-24b9-43b5-a670-4d0e2dc3eec4-SegmentedRaftLogWorker:Storage Directory /workdir/hadoop-ozone/ozonefs/target/test-dir/MiniOzoneClusterImpl-c4ccaed8-e682-4870-947c-cf1864f77c00/datanode-5/data/ratis/961205d0-15b6-452a-a6c4-d32936906873: flushIndex: setUnconditionally 0 -> -1
2019-09-19 10:26:57,472 [pool-82-thread-1] INFO  server.RaftServerConfigKeys (ConfUtils.java:logGet(43)) - raft.server.snapshot.auto.trigger.enabled = true (custom)
2019-09-19 10:26:57,473 [pool-82-thread-1] INFO  server.RaftServerConfigKeys (ConfUtils.java:logGet(43)) - raft.server.snapshot.auto.trigger.threshold = 10000 (custom)
2019-09-19 10:26:57,473 [pool-82-thread-1] INFO  server.RaftServerConfigKeys (ConfUtils.java:logGet(43)) - raft.server.retrycache.expirytime = 600000ms (custom)
2019-09-19 10:26:57,473 [pool-82-thread-1] INFO  impl.RaftServerImpl (RaftServerImpl.java:start(180)) - 9c1babfd-24b9-43b5-a670-4d0e2dc3eec4: start group-D32936906873
2019-09-19 10:26:57,473 [pool-82-thread-1] INFO  impl.RaftServerImpl (RaftServerImpl.java:setRole(171)) - 9c1babfd-24b9-43b5-a670-4d0e2dc3eec4:group-D32936906873 changes role from null to FOLLOWER at term 0 for startAsFollower
2019-09-19 10:26:57,473 [pool-82-thread-1] INFO  impl.RoleInfo (RoleInfo.java:updateAndGet(143)) - 9c1babfd-24b9-43b5-a670-4d0e2dc3eec4: start FollowerState
2019-09-19 10:26:57,474 [pool-82-thread-1] INFO  util.JmxRegister (JmxRegister.java:tryRegister(44)) - Successfully registered JMX Bean with object name Ratis:service=RaftServer,group=group-D32936906873,id=9c1babfd-24b9-43b5-a670-4d0e2dc3eec4
2019-09-19 10:26:57,478 [Thread-290] INFO  impl.FollowerState (FollowerState.java:run(106)) - f4f61464-0bdf-492b-ac84-d659f01f9139:group-9F415BC87750 changes to CANDIDATE, lastRpcTime:5172, electionTimeout:5172ms
2019-09-19 10:26:57,482 [Thread-290] INFO  impl.RoleInfo (RoleInfo.java:shutdownFollowerState(121)) - f4f61464-0bdf-492b-ac84-d659f01f9139: shutdown FollowerState
2019-09-19 10:26:57,482 [Thread-290] INFO  impl.RaftServerImpl (RaftServerImpl.java:setRole(171)) - f4f61464-0bdf-492b-ac84-d659f01f9139:group-9F415BC87750 changes role from FOLLOWER to CANDIDATE at term 0 for changeToCandidate
2019-09-19 10:26:57,483 [Thread-290] INFO  impl.RoleInfo (RoleInfo.java:updateAndGet(143)) - f4f61464-0bdf-492b-ac84-d659f01f9139: start LeaderElection
2019-09-19 10:26:57,489 [RatisPipelineUtilsThread] INFO  pipeline.PipelineStateManager (PipelineStateManager.java:addPipeline(56)) - Created pipeline Pipeline[ Id: 961205d0-15b6-452a-a6c4-d32936906873, Nodes: 9c1babfd-24b9-43b5-a670-4d0e2dc3eec4{ip: 192.168.157.204, host: pr-hdds-1569-cpgw4-1311585219, networkLocation: /default-rack, certSerialId: null}, Type:RATIS, Factor:ONE, State:OPEN]
2019-09-19 10:26:57,490 [RatisPipelineUtilsThread] ERROR pipeline.PipelinePlacementPolicy (PipelinePlacementPolicy.java:meetCriteria(91)) - Pipeline Placement: Doesn't meet the criteria to be viable node. Heaviness: 6
2019-09-19 10:26:57,490 [RatisPipelineUtilsThread] ERROR pipeline.PipelinePlacementPolicy (PipelinePlacementPolicy.java:meetCriteria(91)) - Pipeline Placement: Doesn't meet the criteria to be viable node. Heaviness: 6
2019-09-19 10:26:57,490 [RatisPipelineUtilsThread] ERROR pipeline.PipelinePlacementPolicy (PipelinePlacementPolicy.java:meetCriteria(91)) - Pipeline Placement: Doesn't meet the criteria to be viable node. Heaviness: 6
2019-09-19 10:26:57,490 [RatisPipelineUtilsThread] ERROR pipeline.PipelinePlacementPolicy (PipelinePlacementPolicy.java:meetCriteria(91)) - Pipeline Placement: Doesn't meet the criteria to be viable node. Heaviness: 6
2019-09-19 10:26:57,498 [grpc-default-executor-0] INFO  impl.RaftServerProxy (RaftServerProxy.java:addNew(89)) - 39513c05-534c-4cc1-a39c-034925eb3fe7: addNew group-6F0DF6FC0DED:[39513c05-534c-4cc1-a39c-034925eb3fe7:192.168.157.204:32932] returns group-6F0DF6FC0DED:java.util.concurrent.CompletableFuture@5142eed[Not completed]
2019-09-19 10:26:57,500 [pool-126-thread-1] INFO  impl.RaftServerImpl (RaftServerImpl.java:<init>(93)) - 39513c05-534c-4cc1-a39c-034925eb3fe7: new RaftServerImpl for group-6F0DF6FC0DED:[39513c05-534c-4cc1-a39c-034925eb3fe7:192.168.157.204:32932] with ContainerStateMachine:uninitialized
2019-09-19 10:26:57,500 [pool-126-thread-1] INFO  server.RaftServerConfigKeys (ConfUtils.java:logGet(43)) - raft.server.rpc.timeout.min = 5s (custom)
2019-09-19 10:26:57,500 [pool-126-thread-1] INFO  server.RaftServerConfigKeys (ConfUtils.java:logGet(43)) - raft.server.rpc.timeout.max = 5200ms (custom)
2019-09-19 10:26:57,500 [pool-126-thread-1] INFO  server.RaftServerConfigKeys (ConfUtils.java:logGet(43)) - raft.server.rpcslowness.timeout = 120s (custom)
2019-09-19 10:26:57,500 [pool-126-thread-1] INFO  server.RaftServerConfigKeys (ConfUtils.java:logGet(43)) - raft.server.sleep.deviation.threshold = 300 (default)
2019-09-19 10:26:57,500 [pool-126-thread-1] INFO  server.RaftServerConfigKeys (ConfUtils.java:logGet(43)) - raft.server.log.appender.install.snapshot.enabled = false (custom)
2019-09-19 10:26:57,501 [pool-126-thread-1] INFO  impl.RaftServerImpl (ServerState.java:<init>(105)) - 39513c05-534c-4cc1-a39c-034925eb3fe7:group-6F0DF6FC0DED ConfigurationManager, init=-1: [39513c05-534c-4cc1-a39c-034925eb3fe7:192.168.157.204:32932], old=null, confs=<EMPTY_MAP>
2019-09-19 10:26:57,501 [pool-126-thread-1] INFO  server.RaftServerConfigKeys (ConfUtils.java:logGet(43)) - raft.server.storage.dir = [/workdir/hadoop-ozone/ozonefs/target/test-dir/MiniOzoneClusterImpl-c4ccaed8-e682-4870-947c-cf1864f77c00/datanode-9/data/ratis] (custom)
2019-09-19 10:26:57,501 [pool-126-thread-1] INFO  storage.RaftStorageDirectory (RaftStorageDirectory.java:analyzeStorage(246)) - The storage directory /workdir/hadoop-ozone/ozonefs/target/test-dir/MiniOzoneClusterImpl-c4ccaed8-e682-4870-947c-cf1864f77c00/datanode-9/data/ratis/4db7a9b1-d74f-4d3f-82f4-6f0df6fc0ded does not exist. Creating ...
2019-09-19 10:26:57,502 [f4f61464-0bdf-492b-ac84-d659f01f9139:group-9F415BC87750:LeaderElection3] INFO  impl.LeaderElection (LeaderElection.java:askForVotes(181)) - f4f61464-0bdf-492b-ac84-d659f01f9139:group-9F415BC87750:LeaderElection3: begin an election at term 1 for -1: [f4f61464-0bdf-492b-ac84-d659f01f9139:192.168.157.204:35376], old=null
2019-09-19 10:26:57,504 [f4f61464-0bdf-492b-ac84-d659f01f9139:group-9F415BC87750:LeaderElection3] INFO  impl.RoleInfo (RoleInfo.java:shutdownLeaderElection(134)) - f4f61464-0bdf-492b-ac84-d659f01f9139: shutdown LeaderElection
2019-09-19 10:26:57,504 [f4f61464-0bdf-492b-ac84-d659f01f9139:group-9F415BC87750:LeaderElection3] INFO  impl.RaftServerImpl (RaftServerImpl.java:setRole(171)) - f4f61464-0bdf-492b-ac84-d659f01f9139:group-9F415BC87750 changes role from CANDIDATE to LEADER at term 1 for changeToLeader
2019-09-19 10:26:57,504 [f4f61464-0bdf-492b-ac84-d659f01f9139:group-9F415BC87750:LeaderElection3] INFO  impl.RaftServerImpl (ServerState.java:setLeader(263)) - f4f61464-0bdf-492b-ac84-d659f01f9139:group-9F415BC87750 change Leader from null to f4f61464-0bdf-492b-ac84-d659f01f9139 at term 1 for becomeLeader, leader elected after 5234ms
2019-09-19 10:26:57,504 [f4f61464-0bdf-492b-ac84-d659f01f9139:group-9F415BC87750:LeaderElection3] INFO  server.RaftServerConfigKeys (ConfUtils.java:logGet(43)) - raft.server.staging.catchup.gap = 1000 (default)
2019-09-19 10:26:57,504 [pool-126-thread-1] INFO  storage.RaftStorageDirectory (RaftStorageDirectory.java:tryLock(328)) - Lock on /workdir/hadoop-ozone/ozonefs/target/test-dir/MiniOzoneClusterImpl-c4ccaed8-e682-4870-947c-cf1864f77c00/datanode-9/data/ratis/4db7a9b1-d74f-4d3f-82f4-6f0df6fc0ded/in_use.lock acquired by nodename 26715@pr-hdds-1569-cpgw4-1311585219
2019-09-19 10:26:57,504 [f4f61464-0bdf-492b-ac84-d659f01f9139:group-9F415BC87750:LeaderElection3] INFO  server.RaftServerConfigKeys (ConfUtils.java:logGet(43)) - raft.server.rpc.sleep.time = 25ms (default)
2019-09-19 10:26:57,505 [f4f61464-0bdf-492b-ac84-d659f01f9139:group-9F415BC87750:LeaderElection3] INFO  server.RaftServerConfigKeys (ConfUtils.java:logGet(43)) - raft.server.write.element-limit = 4096 (default)
2019-09-19 10:26:57,505 [f4f61464-0bdf-492b-ac84-d659f01f9139:group-9F415BC87750:LeaderElection3] INFO  server.RaftServerConfigKeys (ConfUtils.java:logGet(43)) - raft.server.watch.timeout = 10s (default)
2019-09-19 10:26:57,505 [f4f61464-0bdf-492b-ac84-d659f01f9139:group-9F415BC87750:LeaderElection3] INFO  server.RaftServerConfigKeys (ConfUtils.java:logGet(43)) - raft.server.watch.timeout.denomination = 1s (default)
2019-09-19 10:26:57,505 [f4f61464-0bdf-492b-ac84-d659f01f9139:group-9F415BC87750:LeaderElection3] INFO  server.RaftServerConfigKeys (ConfUtils.java:logGet(43)) - raft.server.watch.element-limit = 65536 (default)
2019-09-19 10:26:57,505 [f4f61464-0bdf-492b-ac84-d659f01f9139:group-9F415BC87750:LeaderElection3] INFO  impl.RoleInfo (RoleInfo.java:updateAndGet(143)) - f4f61464-0bdf-492b-ac84-d659f01f9139: start LeaderState
2019-09-19 10:26:57,506 [f4f61464-0bdf-492b-ac84-d659f01f9139:group-9F415BC87750:LeaderElection3] INFO  segmented.SegmentedRaftLogWorker (SegmentedRaftLogWorker.java:startLogSegment(380)) - f4f61464-0bdf-492b-ac84-d659f01f9139-SegmentedRaftLogWorker:Storage Directory /workdir/hadoop-ozone/ozonefs/target/test-dir/MiniOzoneClusterImpl-c4ccaed8-e682-4870-947c-cf1864f77c00/datanode-0/data/ratis/f9ff3549-b51a-4dcc-a422-9f415bc87750: Starting segment from index:0
2019-09-19 10:26:57,506 [f4f61464-0bdf-492b-ac84-d659f01f9139:group-9F415BC87750:LeaderElection3] INFO  impl.RaftServerImpl (ServerState.java:setRaftConf(361)) - f4f61464-0bdf-492b-ac84-d659f01f9139:group-9F415BC87750 set configuration 0: [f4f61464-0bdf-492b-ac84-d659f01f9139:192.168.157.204:35376], old=null at 0
2019-09-19 10:26:57,540 [pool-126-thread-1] INFO  storage.RaftStorage (RaftStorage.java:format(72)) - Storage directory /workdir/hadoop-ozone/ozonefs/target/test-dir/MiniOzoneClusterImpl-c4ccaed8-e682-4870-947c-cf1864f77c00/datanode-9/data/ratis/4db7a9b1-d74f-4d3f-82f4-6f0df6fc0ded has been successfully formatted.
2019-09-19 10:26:57,540 [pool-126-thread-1] INFO  ratis.ContainerStateMachine (ContainerStateMachine.java:loadSnapshot(226)) - group-6F0DF6FC0DED: The snapshot info is null. Setting the last applied indexto:(t:0, i:~)
2019-09-19 10:26:57,541 [pool-126-thread-1] INFO  server.RaftServerConfigKeys (ConfUtils.java:logGet(43)) - raft.server.leader.election.timeout = 120s (custom)
2019-09-19 10:26:57,541 [pool-126-thread-1] INFO  server.RaftServerConfigKeys (ConfUtils.java:logGet(43)) - raft.server.log.use.memory = false (default)
2019-09-19 10:26:57,541 [pool-126-thread-1] INFO  server.RaftServerConfigKeys (ConfUtils.java:logGet(43)) - raft.server.log.purge.gap = 1000000 (custom)
2019-09-19 10:26:57,542 [pool-126-thread-1] INFO  server.RaftServerConfigKeys (ConfUtils.java:logGet(43)) - raft.server.log.appender.buffer.byte-limit = 33554432 (custom)
2019-09-19 10:26:57,542 [pool-126-thread-1] INFO  server.RaftServerConfigKeys (ConfUtils.java:logGet(43)) - raft.server.log.segment.size.max = 1048576 (custom)
2019-09-19 10:26:57,542 [pool-126-thread-1] INFO  server.RaftServerConfigKeys (ConfUtils.java:logGet(43)) - raft.server.log.segment.cache.num.max = 2 (custom)
2019-09-19 10:26:57,542 [pool-126-thread-1] INFO  segmented.SegmentedRaftLogWorker (SegmentedRaftLogWorker.java:<init>(172)) - new 39513c05-534c-4cc1-a39c-034925eb3fe7-SegmentedRaftLogWorker:Storage Directory /workdir/hadoop-ozone/ozonefs/target/test-dir/MiniOzoneClusterImpl-c4ccaed8-e682-4870-947c-cf1864f77c00/datanode-9/data/ratis/4db7a9b1-d74f-4d3f-82f4-6f0df6fc0ded for RaftStorage:Storage Directory /workdir/hadoop-ozone/ozonefs/target/test-dir/MiniOzoneClusterImpl-c4ccaed8-e682-4870-947c-cf1864f77c00/datanode-9/data/ratis/4db7a9b1-d74f-4d3f-82f4-6f0df6fc0ded
2019-09-19 10:26:57,543 [pool-126-thread-1] INFO  server.RaftServerConfigKeys (ConfUtils.java:logGet(43)) - raft.server.log.queue.byte-limit = 2147483647 (custom)
2019-09-19 10:26:57,543 [pool-126-thread-1] INFO  server.RaftServerConfigKeys (ConfUtils.java:logGet(43)) - raft.server.log.queue.element-limit = 1024 (custom)
2019-09-19 10:26:57,543 [pool-126-thread-1] INFO  server.RaftServerConfigKeys (ConfUtils.java:logGet(43)) - raft.server.log.segment.size.max = 1048576 (custom)
2019-09-19 10:26:57,543 [pool-126-thread-1] INFO  server.RaftServerConfigKeys (ConfUtils.java:logGet(43)) - raft.server.log.preallocated.size = 16384 (custom)
2019-09-19 10:26:57,544 [pool-126-thread-1] INFO  server.RaftServerConfigKeys (ConfUtils.java:logGet(43)) - raft.server.log.write.buffer.size = 33554432 (custom)
2019-09-19 10:26:57,544 [pool-126-thread-1] INFO  server.RaftServerConfigKeys (ConfUtils.java:logGet(43)) - raft.server.log.force.sync.num = 128 (default)
2019-09-19 10:26:57,544 [pool-126-thread-1] INFO  server.RaftServerConfigKeys (ConfUtils.java:logGet(43)) - raft.server.log.statemachine.data.sync = true (default)
2019-09-19 10:26:57,544 [pool-126-thread-1] INFO  server.RaftServerConfigKeys (ConfUtils.java:logGet(43)) - raft.server.log.statemachine.data.sync.timeout = 10s (default)
2019-09-19 10:26:57,545 [pool-126-thread-1] INFO  server.RaftServerConfigKeys (ConfUtils.java:logGet(43)) - raft.server.log.statemachine.data.sync.timeout.retry = -1 (default)
2019-09-19 10:26:57,545 [pool-126-thread-1] INFO  server.RaftServerConfigKeys (ConfUtils.java:logGet(43)) - raft.server.log.statemachine.data.caching.enabled = true (custom)
2019-09-19 10:26:57,546 [pool-126-thread-1] INFO  segmented.SegmentedRaftLogWorker (SegmentedRaftLogWorker.java:lambda$new$0(132)) - 39513c05-534c-4cc1-a39c-034925eb3fe7-SegmentedRaftLogWorker:Storage Directory /workdir/hadoop-ozone/ozonefs/target/test-dir/MiniOzoneClusterImpl-c4ccaed8-e682-4870-947c-cf1864f77c00/datanode-9/data/ratis/4db7a9b1-d74f-4d3f-82f4-6f0df6fc0ded: flushIndex: setUnconditionally 0 -> -1
2019-09-19 10:26:57,546 [pool-126-thread-1] INFO  server.RaftServerConfigKeys (ConfUtils.java:logGet(43)) - raft.server.snapshot.auto.trigger.enabled = true (custom)
2019-09-19 10:26:57,546 [pool-126-thread-1] INFO  server.RaftServerConfigKeys (ConfUtils.java:logGet(43)) - raft.server.snapshot.auto.trigger.threshold = 10000 (custom)
2019-09-19 10:26:57,547 [pool-126-thread-1] INFO  server.RaftServerConfigKeys (ConfUtils.java:logGet(43)) - raft.server.retrycache.expirytime = 600000ms (custom)
2019-09-19 10:26:57,547 [pool-126-thread-1] INFO  impl.RaftServerImpl (RaftServerImpl.java:start(180)) - 39513c05-534c-4cc1-a39c-034925eb3fe7: start group-6F0DF6FC0DED
2019-09-19 10:26:57,547 [pool-126-thread-1] INFO  impl.RaftServerImpl (RaftServerImpl.java:setRole(171)) - 39513c05-534c-4cc1-a39c-034925eb3fe7:group-6F0DF6FC0DED changes role from null to FOLLOWER at term 0 for startAsFollower
2019-09-19 10:26:57,547 [pool-126-thread-1] INFO  impl.RoleInfo (RoleInfo.java:updateAndGet(143)) - 39513c05-534c-4cc1-a39c-034925eb3fe7: start FollowerState
2019-09-19 10:26:57,548 [pool-126-thread-1] INFO  util.JmxRegister (JmxRegister.java:tryRegister(44)) - Successfully registered JMX Bean with object name Ratis:service=RaftServer,group=group-6F0DF6FC0DED,id=39513c05-534c-4cc1-a39c-034925eb3fe7
2019-09-19 10:26:57,553 [f4f61464-0bdf-492b-ac84-d659f01f9139-SegmentedRaftLogWorker:Storage Directory /workdir/hadoop-ozone/ozonefs/target/test-dir/MiniOzoneClusterImpl-c4ccaed8-e682-4870-947c-cf1864f77c00/datanode-0/data/ratis/f9ff3549-b51a-4dcc-a422-9f415bc87750] INFO  segmented.SegmentedRaftLogWorker (SegmentedRaftLogWorker.java:execute(569)) - f4f61464-0bdf-492b-ac84-d659f01f9139-SegmentedRaftLogWorker:Storage Directory /workdir/hadoop-ozone/ozonefs/target/test-dir/MiniOzoneClusterImpl-c4ccaed8-e682-4870-947c-cf1864f77c00/datanode-0/data/ratis/f9ff3549-b51a-4dcc-a422-9f415bc87750: created new log segment /workdir/hadoop-ozone/ozonefs/target/test-dir/MiniOzoneClusterImpl-c4ccaed8-e682-4870-947c-cf1864f77c00/datanode-0/data/ratis/f9ff3549-b51a-4dcc-a422-9f415bc87750/current/log_inprogress_0
2019-09-19 10:26:57,557 [RatisPipelineUtilsThread] INFO  pipeline.PipelineStateManager (PipelineStateManager.java:addPipeline(56)) - Created pipeline Pipeline[ Id: 4db7a9b1-d74f-4d3f-82f4-6f0df6fc0ded, Nodes: 39513c05-534c-4cc1-a39c-034925eb3fe7{ip: 192.168.157.204, host: pr-hdds-1569-cpgw4-1311585219, networkLocation: /default-rack, certSerialId: null}, Type:RATIS, Factor:ONE, State:OPEN]
2019-09-19 10:26:57,557 [RatisPipelineUtilsThread] ERROR pipeline.PipelinePlacementPolicy (PipelinePlacementPolicy.java:meetCriteria(91)) - Pipeline Placement: Doesn't meet the criteria to be viable node. Heaviness: 6
2019-09-19 10:26:57,557 [RatisPipelineUtilsThread] ERROR pipeline.PipelinePlacementPolicy (PipelinePlacementPolicy.java:meetCriteria(91)) - Pipeline Placement: Doesn't meet the criteria to be viable node. Heaviness: 6
2019-09-19 10:26:57,558 [RatisPipelineUtilsThread] ERROR pipeline.PipelinePlacementPolicy (PipelinePlacementPolicy.java:meetCriteria(91)) - Pipeline Placement: Doesn't meet the criteria to be viable node. Heaviness: 6
2019-09-19 10:26:57,558 [RatisPipelineUtilsThread] ERROR pipeline.PipelinePlacementPolicy (PipelinePlacementPolicy.java:meetCriteria(91)) - Pipeline Placement: Doesn't meet the criteria to be viable node. Heaviness: 6
2019-09-19 10:26:57,578 [grpc-default-executor-0] INFO  impl.RaftServerProxy (RaftServerProxy.java:addNew(89)) - 39513c05-534c-4cc1-a39c-034925eb3fe7: addNew group-1E94FDA56F5A:[39513c05-534c-4cc1-a39c-034925eb3fe7:192.168.157.204:32932] returns group-1E94FDA56F5A:java.util.concurrent.CompletableFuture@8567523[Not completed]
2019-09-19 10:26:57,588 | INFO  | SCMAudit | user=jenkins1000 | ip=192.168.157.204 | op=SEND_HEARTBEAT {datanodeUUID=c972e26d-e03f-48a1-a9e9-2dea9337c66d, command=[]} | ret=SUCCESS |  
2019-09-19 10:26:57,589 [pool-126-thread-1] INFO  impl.RaftServerImpl (RaftServerImpl.java:<init>(93)) - 39513c05-534c-4cc1-a39c-034925eb3fe7: new RaftServerImpl for group-1E94FDA56F5A:[39513c05-534c-4cc1-a39c-034925eb3fe7:192.168.157.204:32932] with ContainerStateMachine:uninitialized
2019-09-19 10:26:57,589 [pool-126-thread-1] INFO  server.RaftServerConfigKeys (ConfUtils.java:logGet(43)) - raft.server.rpc.timeout.min = 5s (custom)
2019-09-19 10:26:57,589 [pool-126-thread-1] INFO  server.RaftServerConfigKeys (ConfUtils.java:logGet(43)) - raft.server.rpc.timeout.max = 5200ms (custom)
2019-09-19 10:26:57,589 [pool-126-thread-1] INFO  server.RaftServerConfigKeys (ConfUtils.java:logGet(43)) - raft.server.rpcslowness.timeout = 120s (custom)
2019-09-19 10:26:57,589 [pool-126-thread-1] INFO  server.RaftServerConfigKeys (ConfUtils.java:logGet(43)) - raft.server.sleep.deviation.threshold = 300 (default)
2019-09-19 10:26:57,589 [pool-126-thread-1] INFO  server.RaftServerConfigKeys (ConfUtils.java:logGet(43)) - raft.server.log.appender.install.snapshot.enabled = false (custom)
2019-09-19 10:26:57,590 [pool-126-thread-1] INFO  impl.RaftServerImpl (ServerState.java:<init>(105)) - 39513c05-534c-4cc1-a39c-034925eb3fe7:group-1E94FDA56F5A ConfigurationManager, init=-1: [39513c05-534c-4cc1-a39c-034925eb3fe7:192.168.157.204:32932], old=null, confs=<EMPTY_MAP>
2019-09-19 10:26:57,590 [pool-126-thread-1] INFO  server.RaftServerConfigKeys (ConfUtils.java:logGet(43)) - raft.server.storage.dir = [/workdir/hadoop-ozone/ozonefs/target/test-dir/MiniOzoneClusterImpl-c4ccaed8-e682-4870-947c-cf1864f77c00/datanode-9/data/ratis] (custom)
2019-09-19 10:26:57,590 [pool-126-thread-1] INFO  storage.RaftStorageDirectory (RaftStorageDirectory.java:analyzeStorage(246)) - The storage directory /workdir/hadoop-ozone/ozonefs/target/test-dir/MiniOzoneClusterImpl-c4ccaed8-e682-4870-947c-cf1864f77c00/datanode-9/data/ratis/87f04d65-297a-43f8-8f9e-1e94fda56f5a does not exist. Creating ...
2019-09-19 10:26:57,603 [pool-126-thread-1] INFO  storage.RaftStorageDirectory (RaftStorageDirectory.java:tryLock(328)) - Lock on /workdir/hadoop-ozone/ozonefs/target/test-dir/MiniOzoneClusterImpl-c4ccaed8-e682-4870-947c-cf1864f77c00/datanode-9/data/ratis/87f04d65-297a-43f8-8f9e-1e94fda56f5a/in_use.lock acquired by nodename 26715@pr-hdds-1569-cpgw4-1311585219
2019-09-19 10:26:57,617 [pool-126-thread-1] INFO  storage.RaftStorage (RaftStorage.java:format(72)) - Storage directory /workdir/hadoop-ozone/ozonefs/target/test-dir/MiniOzoneClusterImpl-c4ccaed8-e682-4870-947c-cf1864f77c00/datanode-9/data/ratis/87f04d65-297a-43f8-8f9e-1e94fda56f5a has been successfully formatted.
2019-09-19 10:26:57,617 [pool-126-thread-1] INFO  ratis.ContainerStateMachine (ContainerStateMachine.java:loadSnapshot(226)) - group-1E94FDA56F5A: The snapshot info is null. Setting the last applied indexto:(t:0, i:~)
2019-09-19 10:26:57,617 [pool-126-thread-1] INFO  server.RaftServerConfigKeys (ConfUtils.java:logGet(43)) - raft.server.leader.election.timeout = 120s (custom)
2019-09-19 10:26:57,618 [pool-126-thread-1] INFO  server.RaftServerConfigKeys (ConfUtils.java:logGet(43)) - raft.server.log.use.memory = false (default)
2019-09-19 10:26:57,618 [pool-126-thread-1] INFO  server.RaftServerConfigKeys (ConfUtils.java:logGet(43)) - raft.server.log.purge.gap = 1000000 (custom)
2019-09-19 10:26:57,618 [pool-126-thread-1] INFO  server.RaftServerConfigKeys (ConfUtils.java:logGet(43)) - raft.server.log.appender.buffer.byte-limit = 33554432 (custom)
2019-09-19 10:26:57,618 [pool-126-thread-1] INFO  server.RaftServerConfigKeys (ConfUtils.java:logGet(43)) - raft.server.log.segment.size.max = 1048576 (custom)
2019-09-19 10:26:57,619 [pool-126-thread-1] INFO  server.RaftServerConfigKeys (ConfUtils.java:logGet(43)) - raft.server.log.segment.cache.num.max = 2 (custom)
2019-09-19 10:26:57,619 [pool-126-thread-1] INFO  segmented.SegmentedRaftLogWorker (SegmentedRaftLogWorker.java:<init>(172)) - new 39513c05-534c-4cc1-a39c-034925eb3fe7-SegmentedRaftLogWorker:Storage Directory /workdir/hadoop-ozone/ozonefs/target/test-dir/MiniOzoneClusterImpl-c4ccaed8-e682-4870-947c-cf1864f77c00/datanode-9/data/ratis/87f04d65-297a-43f8-8f9e-1e94fda56f5a for RaftStorage:Storage Directory /workdir/hadoop-ozone/ozonefs/target/test-dir/MiniOzoneClusterImpl-c4ccaed8-e682-4870-947c-cf1864f77c00/datanode-9/data/ratis/87f04d65-297a-43f8-8f9e-1e94fda56f5a
2019-09-19 10:26:57,619 [pool-126-thread-1] INFO  server.RaftServerConfigKeys (ConfUtils.java:logGet(43)) - raft.server.log.queue.byte-limit = 2147483647 (custom)
2019-09-19 10:26:57,619 [pool-126-thread-1] INFO  server.RaftServerConfigKeys (ConfUtils.java:logGet(43)) - raft.server.log.queue.element-limit = 1024 (custom)
2019-09-19 10:26:57,619 [pool-126-thread-1] INFO  server.RaftServerConfigKeys (ConfUtils.java:logGet(43)) - raft.server.log.segment.size.max = 1048576 (custom)
2019-09-19 10:26:57,620 [pool-126-thread-1] INFO  server.RaftServerConfigKeys (ConfUtils.java:logGet(43)) - raft.server.log.preallocated.size = 16384 (custom)
2019-09-19 10:26:57,620 [pool-126-thread-1] INFO  server.RaftServerConfigKeys (ConfUtils.java:logGet(43)) - raft.server.log.write.buffer.size = 33554432 (custom)
2019-09-19 10:26:57,620 [pool-126-thread-1] INFO  server.RaftServerConfigKeys (ConfUtils.java:logGet(43)) - raft.server.log.force.sync.num = 128 (default)
2019-09-19 10:26:57,620 [pool-126-thread-1] INFO  server.RaftServerConfigKeys (ConfUtils.java:logGet(43)) - raft.server.log.statemachine.data.sync = true (default)
2019-09-19 10:26:57,620 [pool-126-thread-1] INFO  server.RaftServerConfigKeys (ConfUtils.java:logGet(43)) - raft.server.log.statemachine.data.sync.timeout = 10s (default)
2019-09-19 10:26:57,621 [pool-126-thread-1] INFO  server.RaftServerConfigKeys (ConfUtils.java:logGet(43)) - raft.server.log.statemachine.data.sync.timeout.retry = -1 (default)
2019-09-19 10:26:57,621 [pool-126-thread-1] INFO  server.RaftServerConfigKeys (ConfUtils.java:logGet(43)) - raft.server.log.statemachine.data.caching.enabled = true (custom)
2019-09-19 10:26:57,621 [pool-126-thread-1] INFO  segmented.SegmentedRaftLogWorker (SegmentedRaftLogWorker.java:lambda$new$0(132)) - 39513c05-534c-4cc1-a39c-034925eb3fe7-SegmentedRaftLogWorker:Storage Directory /workdir/hadoop-ozone/ozonefs/target/test-dir/MiniOzoneClusterImpl-c4ccaed8-e682-4870-947c-cf1864f77c00/datanode-9/data/ratis/87f04d65-297a-43f8-8f9e-1e94fda56f5a: flushIndex: setUnconditionally 0 -> -1
2019-09-19 10:26:57,622 [pool-126-thread-1] INFO  server.RaftServerConfigKeys (ConfUtils.java:logGet(43)) - raft.server.snapshot.auto.trigger.enabled = true (custom)
2019-09-19 10:26:57,622 [pool-126-thread-1] INFO  server.RaftServerConfigKeys (ConfUtils.java:logGet(43)) - raft.server.snapshot.auto.trigger.threshold = 10000 (custom)
2019-09-19 10:26:57,622 [pool-126-thread-1] INFO  server.RaftServerConfigKeys (ConfUtils.java:logGet(43)) - raft.server.retrycache.expirytime = 600000ms (custom)
2019-09-19 10:26:57,623 [pool-126-thread-1] INFO  impl.RaftServerImpl (RaftServerImpl.java:start(180)) - 39513c05-534c-4cc1-a39c-034925eb3fe7: start group-1E94FDA56F5A
2019-09-19 10:26:57,623 [pool-126-thread-1] INFO  impl.RaftServerImpl (RaftServerImpl.java:setRole(171)) - 39513c05-534c-4cc1-a39c-034925eb3fe7:group-1E94FDA56F5A changes role from null to FOLLOWER at term 0 for startAsFollower
2019-09-19 10:26:57,623 [pool-126-thread-1] INFO  impl.RoleInfo (RoleInfo.java:updateAndGet(143)) - 39513c05-534c-4cc1-a39c-034925eb3fe7: start FollowerState
2019-09-19 10:26:57,623 [pool-126-thread-1] INFO  util.JmxRegister (JmxRegister.java:tryRegister(44)) - Successfully registered JMX Bean with object name Ratis:service=RaftServer,group=group-1E94FDA56F5A,id=39513c05-534c-4cc1-a39c-034925eb3fe7
2019-09-19 10:26:57,631 [RatisPipelineUtilsThread] INFO  pipeline.PipelineStateManager (PipelineStateManager.java:addPipeline(56)) - Created pipeline Pipeline[ Id: 87f04d65-297a-43f8-8f9e-1e94fda56f5a, Nodes: 39513c05-534c-4cc1-a39c-034925eb3fe7{ip: 192.168.157.204, host: pr-hdds-1569-cpgw4-1311585219, networkLocation: /default-rack, certSerialId: null}, Type:RATIS, Factor:ONE, State:OPEN]
2019-09-19 10:26:57,631 [RatisPipelineUtilsThread] ERROR pipeline.PipelinePlacementPolicy (PipelinePlacementPolicy.java:meetCriteria(91)) - Pipeline Placement: Doesn't meet the criteria to be viable node. Heaviness: 6
2019-09-19 10:26:57,631 [RatisPipelineUtilsThread] ERROR pipeline.PipelinePlacementPolicy (PipelinePlacementPolicy.java:meetCriteria(91)) - Pipeline Placement: Doesn't meet the criteria to be viable node. Heaviness: 6
2019-09-19 10:26:57,632 [RatisPipelineUtilsThread] ERROR pipeline.PipelinePlacementPolicy (PipelinePlacementPolicy.java:meetCriteria(91)) - Pipeline Placement: Doesn't meet the criteria to be viable node. Heaviness: 6
2019-09-19 10:26:57,632 [RatisPipelineUtilsThread] ERROR pipeline.PipelinePlacementPolicy (PipelinePlacementPolicy.java:meetCriteria(91)) - Pipeline Placement: Doesn't meet the criteria to be viable node. Heaviness: 6
2019-09-19 10:26:57,659 [grpc-default-executor-0] INFO  impl.RaftServerProxy (RaftServerProxy.java:addNew(89)) - df1b99cc-36f2-45b6-8e95-51c50e156f0b: addNew group-405326F3E638:[df1b99cc-36f2-45b6-8e95-51c50e156f0b:192.168.157.204:42307] returns group-405326F3E638:java.util.concurrent.CompletableFuture@3a1bb33[Not completed]
2019-09-19 10:26:57,660 [pool-38-thread-1] INFO  impl.RaftServerImpl (RaftServerImpl.java:<init>(93)) - df1b99cc-36f2-45b6-8e95-51c50e156f0b: new RaftServerImpl for group-405326F3E638:[df1b99cc-36f2-45b6-8e95-51c50e156f0b:192.168.157.204:42307] with ContainerStateMachine:uninitialized
2019-09-19 10:26:57,660 [pool-38-thread-1] INFO  server.RaftServerConfigKeys (ConfUtils.java:logGet(43)) - raft.server.rpc.timeout.min = 5s (custom)
2019-09-19 10:26:57,660 [pool-38-thread-1] INFO  server.RaftServerConfigKeys (ConfUtils.java:logGet(43)) - raft.server.rpc.timeout.max = 5200ms (custom)
2019-09-19 10:26:57,661 [pool-38-thread-1] INFO  server.RaftServerConfigKeys (ConfUtils.java:logGet(43)) - raft.server.rpcslowness.timeout = 120s (custom)
2019-09-19 10:26:57,661 [pool-38-thread-1] INFO  server.RaftServerConfigKeys (ConfUtils.java:logGet(43)) - raft.server.sleep.deviation.threshold = 300 (default)
2019-09-19 10:26:57,661 [pool-38-thread-1] INFO  server.RaftServerConfigKeys (ConfUtils.java:logGet(43)) - raft.server.log.appender.install.snapshot.enabled = false (custom)
2019-09-19 10:26:57,661 [pool-38-thread-1] INFO  impl.RaftServerImpl (ServerState.java:<init>(105)) - df1b99cc-36f2-45b6-8e95-51c50e156f0b:group-405326F3E638 ConfigurationManager, init=-1: [df1b99cc-36f2-45b6-8e95-51c50e156f0b:192.168.157.204:42307], old=null, confs=<EMPTY_MAP>
2019-09-19 10:26:57,661 [pool-38-thread-1] INFO  server.RaftServerConfigKeys (ConfUtils.java:logGet(43)) - raft.server.storage.dir = [/workdir/hadoop-ozone/ozonefs/target/test-dir/MiniOzoneClusterImpl-c4ccaed8-e682-4870-947c-cf1864f77c00/datanode-1/data/ratis] (custom)
2019-09-19 10:26:57,661 [pool-38-thread-1] INFO  storage.RaftStorageDirectory (RaftStorageDirectory.java:analyzeStorage(246)) - The storage directory /workdir/hadoop-ozone/ozonefs/target/test-dir/MiniOzoneClusterImpl-c4ccaed8-e682-4870-947c-cf1864f77c00/datanode-1/data/ratis/e8885dbf-61b2-4e3c-b272-405326f3e638 does not exist. Creating ...
2019-09-19 10:26:57,675 [pool-38-thread-1] INFO  storage.RaftStorageDirectory (RaftStorageDirectory.java:tryLock(328)) - Lock on /workdir/hadoop-ozone/ozonefs/target/test-dir/MiniOzoneClusterImpl-c4ccaed8-e682-4870-947c-cf1864f77c00/datanode-1/data/ratis/e8885dbf-61b2-4e3c-b272-405326f3e638/in_use.lock acquired by nodename 26715@pr-hdds-1569-cpgw4-1311585219
2019-09-19 10:26:57,689 [pool-38-thread-1] INFO  storage.RaftStorage (RaftStorage.java:format(72)) - Storage directory /workdir/hadoop-ozone/ozonefs/target/test-dir/MiniOzoneClusterImpl-c4ccaed8-e682-4870-947c-cf1864f77c00/datanode-1/data/ratis/e8885dbf-61b2-4e3c-b272-405326f3e638 has been successfully formatted.
2019-09-19 10:26:57,689 [pool-38-thread-1] INFO  ratis.ContainerStateMachine (ContainerStateMachine.java:loadSnapshot(226)) - group-405326F3E638: The snapshot info is null. Setting the last applied indexto:(t:0, i:~)
2019-09-19 10:26:57,689 [pool-38-thread-1] INFO  server.RaftServerConfigKeys (ConfUtils.java:logGet(43)) - raft.server.leader.election.timeout = 120s (custom)
2019-09-19 10:26:57,689 [pool-38-thread-1] INFO  server.RaftServerConfigKeys (ConfUtils.java:logGet(43)) - raft.server.log.use.memory = false (default)
2019-09-19 10:26:57,689 [pool-38-thread-1] INFO  server.RaftServerConfigKeys (ConfUtils.java:logGet(43)) - raft.server.log.purge.gap = 1000000 (custom)
2019-09-19 10:26:57,689 [pool-38-thread-1] INFO  server.RaftServerConfigKeys (ConfUtils.java:logGet(43)) - raft.server.log.appender.buffer.byte-limit = 33554432 (custom)
2019-09-19 10:26:57,690 [pool-38-thread-1] INFO  server.RaftServerConfigKeys (ConfUtils.java:logGet(43)) - raft.server.log.segment.size.max = 1048576 (custom)
2019-09-19 10:26:57,690 [pool-38-thread-1] INFO  server.RaftServerConfigKeys (ConfUtils.java:logGet(43)) - raft.server.log.segment.cache.num.max = 2 (custom)
2019-09-19 10:26:57,690 [pool-38-thread-1] INFO  segmented.SegmentedRaftLogWorker (SegmentedRaftLogWorker.java:<init>(172)) - new df1b99cc-36f2-45b6-8e95-51c50e156f0b-SegmentedRaftLogWorker:Storage Directory /workdir/hadoop-ozone/ozonefs/target/test-dir/MiniOzoneClusterImpl-c4ccaed8-e682-4870-947c-cf1864f77c00/datanode-1/data/ratis/e8885dbf-61b2-4e3c-b272-405326f3e638 for RaftStorage:Storage Directory /workdir/hadoop-ozone/ozonefs/target/test-dir/MiniOzoneClusterImpl-c4ccaed8-e682-4870-947c-cf1864f77c00/datanode-1/data/ratis/e8885dbf-61b2-4e3c-b272-405326f3e638
2019-09-19 10:26:57,690 [pool-38-thread-1] INFO  server.RaftServerConfigKeys (ConfUtils.java:logGet(43)) - raft.server.log.queue.byte-limit = 2147483647 (custom)
2019-09-19 10:26:57,690 [pool-38-thread-1] INFO  server.RaftServerConfigKeys (ConfUtils.java:logGet(43)) - raft.server.log.queue.element-limit = 1024 (custom)
2019-09-19 10:26:57,690 [pool-38-thread-1] INFO  server.RaftServerConfigKeys (ConfUtils.java:logGet(43)) - raft.server.log.segment.size.max = 1048576 (custom)
2019-09-19 10:26:57,690 [pool-38-thread-1] INFO  server.RaftServerConfigKeys (ConfUtils.java:logGet(43)) - raft.server.log.preallocated.size = 16384 (custom)
2019-09-19 10:26:57,690 [pool-38-thread-1] INFO  server.RaftServerConfigKeys (ConfUtils.java:logGet(43)) - raft.server.log.write.buffer.size = 33554432 (custom)
2019-09-19 10:26:57,690 [pool-38-thread-1] INFO  server.RaftServerConfigKeys (ConfUtils.java:logGet(43)) - raft.server.log.force.sync.num = 128 (default)
2019-09-19 10:26:57,691 [pool-38-thread-1] INFO  server.RaftServerConfigKeys (ConfUtils.java:logGet(43)) - raft.server.log.statemachine.data.sync = true (default)
2019-09-19 10:26:57,691 [pool-38-thread-1] INFO  server.RaftServerConfigKeys (ConfUtils.java:logGet(43)) - raft.server.log.statemachine.data.sync.timeout = 10s (default)
2019-09-19 10:26:57,691 [pool-38-thread-1] INFO  server.RaftServerConfigKeys (ConfUtils.java:logGet(43)) - raft.server.log.statemachine.data.sync.timeout.retry = -1 (default)
2019-09-19 10:26:57,691 [pool-38-thread-1] INFO  server.RaftServerConfigKeys (ConfUtils.java:logGet(43)) - raft.server.log.statemachine.data.caching.enabled = true (custom)
2019-09-19 10:26:57,691 [pool-38-thread-1] INFO  segmented.SegmentedRaftLogWorker (SegmentedRaftLogWorker.java:lambda$new$0(132)) - df1b99cc-36f2-45b6-8e95-51c50e156f0b-SegmentedRaftLogWorker:Storage Directory /workdir/hadoop-ozone/ozonefs/target/test-dir/MiniOzoneClusterImpl-c4ccaed8-e682-4870-947c-cf1864f77c00/datanode-1/data/ratis/e8885dbf-61b2-4e3c-b272-405326f3e638: flushIndex: setUnconditionally 0 -> -1
2019-09-19 10:26:57,692 [pool-38-thread-1] INFO  server.RaftServerConfigKeys (ConfUtils.java:logGet(43)) - raft.server.snapshot.auto.trigger.enabled = true (custom)
2019-09-19 10:26:57,692 [pool-38-thread-1] INFO  server.RaftServerConfigKeys (ConfUtils.java:logGet(43)) - raft.server.snapshot.auto.trigger.threshold = 10000 (custom)
2019-09-19 10:26:57,692 [pool-38-thread-1] INFO  server.RaftServerConfigKeys (ConfUtils.java:logGet(43)) - raft.server.retrycache.expirytime = 600000ms (custom)
2019-09-19 10:26:57,692 [pool-38-thread-1] INFO  impl.RaftServerImpl (RaftServerImpl.java:start(180)) - df1b99cc-36f2-45b6-8e95-51c50e156f0b: start group-405326F3E638
2019-09-19 10:26:57,692 [pool-38-thread-1] INFO  impl.RaftServerImpl (RaftServerImpl.java:setRole(171)) - df1b99cc-36f2-45b6-8e95-51c50e156f0b:group-405326F3E638 changes role from null to FOLLOWER at term 0 for startAsFollower
2019-09-19 10:26:57,692 [pool-38-thread-1] INFO  impl.RoleInfo (RoleInfo.java:updateAndGet(143)) - df1b99cc-36f2-45b6-8e95-51c50e156f0b: start FollowerState
2019-09-19 10:26:57,702 [pool-38-thread-1] INFO  util.JmxRegister (JmxRegister.java:tryRegister(44)) - Successfully registered JMX Bean with object name Ratis:service=RaftServer,group=group-405326F3E638,id=df1b99cc-36f2-45b6-8e95-51c50e156f0b
2019-09-19 10:26:57,720 | INFO  | SCMAudit | user=jenkins1000 | ip=192.168.157.204 | op=SEND_HEARTBEAT {datanodeUUID=f4f61464-0bdf-492b-ac84-d659f01f9139, command=[]} | ret=SUCCESS |  
2019-09-19 10:26:57,720 [RatisPipelineUtilsThread] INFO  pipeline.PipelineStateManager (PipelineStateManager.java:addPipeline(56)) - Created pipeline Pipeline[ Id: e8885dbf-61b2-4e3c-b272-405326f3e638, Nodes: df1b99cc-36f2-45b6-8e95-51c50e156f0b{ip: 192.168.157.204, host: pr-hdds-1569-cpgw4-1311585219, networkLocation: /default-rack, certSerialId: null}, Type:RATIS, Factor:ONE, State:OPEN]
2019-09-19 10:26:57,720 [RatisPipelineUtilsThread] ERROR pipeline.PipelinePlacementPolicy (PipelinePlacementPolicy.java:meetCriteria(91)) - Pipeline Placement: Doesn't meet the criteria to be viable node. Heaviness: 6
2019-09-19 10:26:57,721 [RatisPipelineUtilsThread] ERROR pipeline.PipelinePlacementPolicy (PipelinePlacementPolicy.java:meetCriteria(91)) - Pipeline Placement: Doesn't meet the criteria to be viable node. Heaviness: 6
2019-09-19 10:26:57,721 [RatisPipelineUtilsThread] ERROR pipeline.PipelinePlacementPolicy (PipelinePlacementPolicy.java:meetCriteria(91)) - Pipeline Placement: Doesn't meet the criteria to be viable node. Heaviness: 6
2019-09-19 10:26:57,721 [RatisPipelineUtilsThread] ERROR pipeline.PipelinePlacementPolicy (PipelinePlacementPolicy.java:meetCriteria(91)) - Pipeline Placement: Doesn't meet the criteria to be viable node. Heaviness: 6
2019-09-19 10:26:57,728 [grpc-default-executor-0] INFO  impl.RaftServerProxy (RaftServerProxy.java:addNew(89)) - c972e26d-e03f-48a1-a9e9-2dea9337c66d: addNew group-623264F31BCC:[c972e26d-e03f-48a1-a9e9-2dea9337c66d:192.168.157.204:45216] returns group-623264F31BCC:java.util.concurrent.CompletableFuture@4a91e265[Not completed]
2019-09-19 10:26:57,730 [pool-104-thread-1] INFO  impl.RaftServerImpl (RaftServerImpl.java:<init>(93)) - c972e26d-e03f-48a1-a9e9-2dea9337c66d: new RaftServerImpl for group-623264F31BCC:[c972e26d-e03f-48a1-a9e9-2dea9337c66d:192.168.157.204:45216] with ContainerStateMachine:uninitialized
2019-09-19 10:26:57,730 [pool-104-thread-1] INFO  server.RaftServerConfigKeys (ConfUtils.java:logGet(43)) - raft.server.rpc.timeout.min = 5s (custom)
2019-09-19 10:26:57,730 [pool-104-thread-1] INFO  server.RaftServerConfigKeys (ConfUtils.java:logGet(43)) - raft.server.rpc.timeout.max = 5200ms (custom)
2019-09-19 10:26:57,730 [pool-104-thread-1] INFO  server.RaftServerConfigKeys (ConfUtils.java:logGet(43)) - raft.server.rpcslowness.timeout = 120s (custom)
2019-09-19 10:26:57,730 [pool-104-thread-1] INFO  server.RaftServerConfigKeys (ConfUtils.java:logGet(43)) - raft.server.sleep.deviation.threshold = 300 (default)
2019-09-19 10:26:57,730 [pool-104-thread-1] INFO  server.RaftServerConfigKeys (ConfUtils.java:logGet(43)) - raft.server.log.appender.install.snapshot.enabled = false (custom)
2019-09-19 10:26:57,730 [pool-104-thread-1] INFO  impl.RaftServerImpl (ServerState.java:<init>(105)) - c972e26d-e03f-48a1-a9e9-2dea9337c66d:group-623264F31BCC ConfigurationManager, init=-1: [c972e26d-e03f-48a1-a9e9-2dea9337c66d:192.168.157.204:45216], old=null, confs=<EMPTY_MAP>
2019-09-19 10:26:57,730 [pool-104-thread-1] INFO  server.RaftServerConfigKeys (ConfUtils.java:logGet(43)) - raft.server.storage.dir = [/workdir/hadoop-ozone/ozonefs/target/test-dir/MiniOzoneClusterImpl-c4ccaed8-e682-4870-947c-cf1864f77c00/datanode-7/data/ratis] (custom)
2019-09-19 10:26:57,731 [pool-104-thread-1] INFO  storage.RaftStorageDirectory (RaftStorageDirectory.java:analyzeStorage(246)) - The storage directory /workdir/hadoop-ozone/ozonefs/target/test-dir/MiniOzoneClusterImpl-c4ccaed8-e682-4870-947c-cf1864f77c00/datanode-7/data/ratis/6020ab4c-b44c-42cd-a170-623264f31bcc does not exist. Creating ...
2019-09-19 10:26:57,750 | INFO  | SCMAudit | user=jenkins1000 | ip=192.168.157.204 | op=SEND_HEARTBEAT {datanodeUUID=84c75018-969a-4fca-ac0f-34cccc99d928, command=[]} | ret=SUCCESS |  
2019-09-19 10:26:57,750 | INFO  | SCMAudit | user=jenkins1000 | ip=192.168.157.204 | op=SEND_HEARTBEAT {datanodeUUID=1692dd7e-eca0-4ee0-be13-a7fe013a1be4, command=[]} | ret=SUCCESS |  
2019-09-19 10:26:57,758 [pool-104-thread-1] INFO  storage.RaftStorageDirectory (RaftStorageDirectory.java:tryLock(328)) - Lock on /workdir/hadoop-ozone/ozonefs/target/test-dir/MiniOzoneClusterImpl-c4ccaed8-e682-4870-947c-cf1864f77c00/datanode-7/data/ratis/6020ab4c-b44c-42cd-a170-623264f31bcc/in_use.lock acquired by nodename 26715@pr-hdds-1569-cpgw4-1311585219
2019-09-19 10:26:57,772 [pool-104-thread-1] INFO  storage.RaftStorage (RaftStorage.java:format(72)) - Storage directory /workdir/hadoop-ozone/ozonefs/target/test-dir/MiniOzoneClusterImpl-c4ccaed8-e682-4870-947c-cf1864f77c00/datanode-7/data/ratis/6020ab4c-b44c-42cd-a170-623264f31bcc has been successfully formatted.
2019-09-19 10:26:57,772 [pool-104-thread-1] INFO  ratis.ContainerStateMachine (ContainerStateMachine.java:loadSnapshot(226)) - group-623264F31BCC: The snapshot info is null. Setting the last applied indexto:(t:0, i:~)
2019-09-19 10:26:57,772 [pool-104-thread-1] INFO  server.RaftServerConfigKeys (ConfUtils.java:logGet(43)) - raft.server.leader.election.timeout = 120s (custom)
2019-09-19 10:26:57,772 [pool-104-thread-1] INFO  server.RaftServerConfigKeys (ConfUtils.java:logGet(43)) - raft.server.log.use.memory = false (default)
2019-09-19 10:26:57,772 [pool-104-thread-1] INFO  server.RaftServerConfigKeys (ConfUtils.java:logGet(43)) - raft.server.log.purge.gap = 1000000 (custom)
2019-09-19 10:26:57,772 [pool-104-thread-1] INFO  server.RaftServerConfigKeys (ConfUtils.java:logGet(43)) - raft.server.log.appender.buffer.byte-limit = 33554432 (custom)
2019-09-19 10:26:57,773 [pool-104-thread-1] INFO  server.RaftServerConfigKeys (ConfUtils.java:logGet(43)) - raft.server.log.segment.size.max = 1048576 (custom)
2019-09-19 10:26:57,773 [pool-104-thread-1] INFO  server.RaftServerConfigKeys (ConfUtils.java:logGet(43)) - raft.server.log.segment.cache.num.max = 2 (custom)
2019-09-19 10:26:57,773 [pool-104-thread-1] INFO  segmented.SegmentedRaftLogWorker (SegmentedRaftLogWorker.java:<init>(172)) - new c972e26d-e03f-48a1-a9e9-2dea9337c66d-SegmentedRaftLogWorker:Storage Directory /workdir/hadoop-ozone/ozonefs/target/test-dir/MiniOzoneClusterImpl-c4ccaed8-e682-4870-947c-cf1864f77c00/datanode-7/data/ratis/6020ab4c-b44c-42cd-a170-623264f31bcc for RaftStorage:Storage Directory /workdir/hadoop-ozone/ozonefs/target/test-dir/MiniOzoneClusterImpl-c4ccaed8-e682-4870-947c-cf1864f77c00/datanode-7/data/ratis/6020ab4c-b44c-42cd-a170-623264f31bcc
2019-09-19 10:26:57,773 [pool-104-thread-1] INFO  server.RaftServerConfigKeys (ConfUtils.java:logGet(43)) - raft.server.log.queue.byte-limit = 2147483647 (custom)
2019-09-19 10:26:57,773 [pool-104-thread-1] INFO  server.RaftServerConfigKeys (ConfUtils.java:logGet(43)) - raft.server.log.queue.element-limit = 1024 (custom)
2019-09-19 10:26:57,773 [pool-104-thread-1] INFO  server.RaftServerConfigKeys (ConfUtils.java:logGet(43)) - raft.server.log.segment.size.max = 1048576 (custom)
2019-09-19 10:26:57,773 [pool-104-thread-1] INFO  server.RaftServerConfigKeys (ConfUtils.java:logGet(43)) - raft.server.log.preallocated.size = 16384 (custom)
2019-09-19 10:26:57,774 [pool-104-thread-1] INFO  server.RaftServerConfigKeys (ConfUtils.java:logGet(43)) - raft.server.log.write.buffer.size = 33554432 (custom)
2019-09-19 10:26:57,774 [pool-104-thread-1] INFO  server.RaftServerConfigKeys (ConfUtils.java:logGet(43)) - raft.server.log.force.sync.num = 128 (default)
2019-09-19 10:26:57,774 [pool-104-thread-1] INFO  server.RaftServerConfigKeys (ConfUtils.java:logGet(43)) - raft.server.log.statemachine.data.sync = true (default)
2019-09-19 10:26:57,774 [pool-104-thread-1] INFO  server.RaftServerConfigKeys (ConfUtils.java:logGet(43)) - raft.server.log.statemachine.data.sync.timeout = 10s (default)
2019-09-19 10:26:57,774 [pool-104-thread-1] INFO  server.RaftServerConfigKeys (ConfUtils.java:logGet(43)) - raft.server.log.statemachine.data.sync.timeout.retry = -1 (default)
2019-09-19 10:26:57,774 [pool-104-thread-1] INFO  server.RaftServerConfigKeys (ConfUtils.java:logGet(43)) - raft.server.log.statemachine.data.caching.enabled = true (custom)
2019-09-19 10:26:57,774 [pool-104-thread-1] INFO  segmented.SegmentedRaftLogWorker (SegmentedRaftLogWorker.java:lambda$new$0(132)) - c972e26d-e03f-48a1-a9e9-2dea9337c66d-SegmentedRaftLogWorker:Storage Directory /workdir/hadoop-ozone/ozonefs/target/test-dir/MiniOzoneClusterImpl-c4ccaed8-e682-4870-947c-cf1864f77c00/datanode-7/data/ratis/6020ab4c-b44c-42cd-a170-623264f31bcc: flushIndex: setUnconditionally 0 -> -1
2019-09-19 10:26:57,775 [pool-104-thread-1] INFO  server.RaftServerConfigKeys (ConfUtils.java:logGet(43)) - raft.server.snapshot.auto.trigger.enabled = true (custom)
2019-09-19 10:26:57,775 [pool-104-thread-1] INFO  server.RaftServerConfigKeys (ConfUtils.java:logGet(43)) - raft.server.snapshot.auto.trigger.threshold = 10000 (custom)
2019-09-19 10:26:57,775 [pool-104-thread-1] INFO  server.RaftServerConfigKeys (ConfUtils.java:logGet(43)) - raft.server.retrycache.expirytime = 600000ms (custom)
2019-09-19 10:26:57,775 [pool-104-thread-1] INFO  impl.RaftServerImpl (RaftServerImpl.java:start(180)) - c972e26d-e03f-48a1-a9e9-2dea9337c66d: start group-623264F31BCC
2019-09-19 10:26:57,775 [pool-104-thread-1] INFO  impl.RaftServerImpl (RaftServerImpl.java:setRole(171)) - c972e26d-e03f-48a1-a9e9-2dea9337c66d:group-623264F31BCC changes role from null to FOLLOWER at term 0 for startAsFollower
2019-09-19 10:26:57,775 [pool-104-thread-1] INFO  impl.RoleInfo (RoleInfo.java:updateAndGet(143)) - c972e26d-e03f-48a1-a9e9-2dea9337c66d: start FollowerState
2019-09-19 10:26:57,776 [pool-104-thread-1] INFO  util.JmxRegister (JmxRegister.java:tryRegister(44)) - Successfully registered JMX Bean with object name Ratis:service=RaftServer,group=group-623264F31BCC,id=c972e26d-e03f-48a1-a9e9-2dea9337c66d
2019-09-19 10:26:57,778 [RatisPipelineUtilsThread] INFO  pipeline.PipelineStateManager (PipelineStateManager.java:addPipeline(56)) - Created pipeline Pipeline[ Id: 6020ab4c-b44c-42cd-a170-623264f31bcc, Nodes: c972e26d-e03f-48a1-a9e9-2dea9337c66d{ip: 192.168.157.204, host: pr-hdds-1569-cpgw4-1311585219, networkLocation: /default-rack, certSerialId: null}, Type:RATIS, Factor:ONE, State:OPEN]
2019-09-19 10:26:57,779 [RatisPipelineUtilsThread] ERROR pipeline.PipelinePlacementPolicy (PipelinePlacementPolicy.java:meetCriteria(91)) - Pipeline Placement: Doesn't meet the criteria to be viable node. Heaviness: 6
2019-09-19 10:26:57,779 [RatisPipelineUtilsThread] ERROR pipeline.PipelinePlacementPolicy (PipelinePlacementPolicy.java:meetCriteria(91)) - Pipeline Placement: Doesn't meet the criteria to be viable node. Heaviness: 6
2019-09-19 10:26:57,779 [RatisPipelineUtilsThread] ERROR pipeline.PipelinePlacementPolicy (PipelinePlacementPolicy.java:meetCriteria(91)) - Pipeline Placement: Doesn't meet the criteria to be viable node. Heaviness: 6
2019-09-19 10:26:57,779 [RatisPipelineUtilsThread] ERROR pipeline.PipelinePlacementPolicy (PipelinePlacementPolicy.java:meetCriteria(91)) - Pipeline Placement: Doesn't meet the criteria to be viable node. Heaviness: 6
2019-09-19 10:26:57,784 [grpc-default-executor-0] INFO  impl.RaftServerProxy (RaftServerProxy.java:addNew(89)) - 9c1babfd-24b9-43b5-a670-4d0e2dc3eec4: addNew group-506E16BEAB47:[9c1babfd-24b9-43b5-a670-4d0e2dc3eec4:192.168.157.204:39323] returns group-506E16BEAB47:java.util.concurrent.CompletableFuture@39a98ba6[Not completed]
2019-09-19 10:26:57,785 [pool-82-thread-1] INFO  impl.RaftServerImpl (RaftServerImpl.java:<init>(93)) - 9c1babfd-24b9-43b5-a670-4d0e2dc3eec4: new RaftServerImpl for group-506E16BEAB47:[9c1babfd-24b9-43b5-a670-4d0e2dc3eec4:192.168.157.204:39323] with ContainerStateMachine:uninitialized
2019-09-19 10:26:57,785 [pool-82-thread-1] INFO  server.RaftServerConfigKeys (ConfUtils.java:logGet(43)) - raft.server.rpc.timeout.min = 5s (custom)
2019-09-19 10:26:57,785 [pool-82-thread-1] INFO  server.RaftServerConfigKeys (ConfUtils.java:logGet(43)) - raft.server.rpc.timeout.max = 5200ms (custom)
2019-09-19 10:26:57,785 [pool-82-thread-1] INFO  server.RaftServerConfigKeys (ConfUtils.java:logGet(43)) - raft.server.rpcslowness.timeout = 120s (custom)
2019-09-19 10:26:57,785 [pool-82-thread-1] INFO  server.RaftServerConfigKeys (ConfUtils.java:logGet(43)) - raft.server.sleep.deviation.threshold = 300 (default)
2019-09-19 10:26:57,785 [pool-82-thread-1] INFO  server.RaftServerConfigKeys (ConfUtils.java:logGet(43)) - raft.server.log.appender.install.snapshot.enabled = false (custom)
2019-09-19 10:26:57,785 [pool-82-thread-1] INFO  impl.RaftServerImpl (ServerState.java:<init>(105)) - 9c1babfd-24b9-43b5-a670-4d0e2dc3eec4:group-506E16BEAB47 ConfigurationManager, init=-1: [9c1babfd-24b9-43b5-a670-4d0e2dc3eec4:192.168.157.204:39323], old=null, confs=<EMPTY_MAP>
2019-09-19 10:26:57,786 [pool-82-thread-1] INFO  server.RaftServerConfigKeys (ConfUtils.java:logGet(43)) - raft.server.storage.dir = [/workdir/hadoop-ozone/ozonefs/target/test-dir/MiniOzoneClusterImpl-c4ccaed8-e682-4870-947c-cf1864f77c00/datanode-5/data/ratis] (custom)
2019-09-19 10:26:57,786 [pool-82-thread-1] INFO  storage.RaftStorageDirectory (RaftStorageDirectory.java:analyzeStorage(246)) - The storage directory /workdir/hadoop-ozone/ozonefs/target/test-dir/MiniOzoneClusterImpl-c4ccaed8-e682-4870-947c-cf1864f77c00/datanode-5/data/ratis/7302ee0a-b4c0-4d45-9a1c-506e16beab47 does not exist. Creating ...
2019-09-19 10:26:57,799 [pool-82-thread-1] INFO  storage.RaftStorageDirectory (RaftStorageDirectory.java:tryLock(328)) - Lock on /workdir/hadoop-ozone/ozonefs/target/test-dir/MiniOzoneClusterImpl-c4ccaed8-e682-4870-947c-cf1864f77c00/datanode-5/data/ratis/7302ee0a-b4c0-4d45-9a1c-506e16beab47/in_use.lock acquired by nodename 26715@pr-hdds-1569-cpgw4-1311585219
2019-09-19 10:26:57,807 | INFO  | SCMAudit | user=jenkins1000 | ip=192.168.157.204 | op=SEND_HEARTBEAT {datanodeUUID=10ec1051-6571-4c90-b3f9-a3c2840a089b, command=[]} | ret=SUCCESS |  
2019-09-19 10:26:57,812 [pool-82-thread-1] INFO  storage.RaftStorage (RaftStorage.java:format(72)) - Storage directory /workdir/hadoop-ozone/ozonefs/target/test-dir/MiniOzoneClusterImpl-c4ccaed8-e682-4870-947c-cf1864f77c00/datanode-5/data/ratis/7302ee0a-b4c0-4d45-9a1c-506e16beab47 has been successfully formatted.
2019-09-19 10:26:57,812 [pool-82-thread-1] INFO  ratis.ContainerStateMachine (ContainerStateMachine.java:loadSnapshot(226)) - group-506E16BEAB47: The snapshot info is null. Setting the last applied indexto:(t:0, i:~)
2019-09-19 10:26:57,813 [pool-82-thread-1] INFO  server.RaftServerConfigKeys (ConfUtils.java:logGet(43)) - raft.server.leader.election.timeout = 120s (custom)
2019-09-19 10:26:57,813 [pool-82-thread-1] INFO  server.RaftServerConfigKeys (ConfUtils.java:logGet(43)) - raft.server.log.use.memory = false (default)
2019-09-19 10:26:57,813 [pool-82-thread-1] INFO  server.RaftServerConfigKeys (ConfUtils.java:logGet(43)) - raft.server.log.purge.gap = 1000000 (custom)
2019-09-19 10:26:57,813 [pool-82-thread-1] INFO  server.RaftServerConfigKeys (ConfUtils.java:logGet(43)) - raft.server.log.appender.buffer.byte-limit = 33554432 (custom)
2019-09-19 10:26:57,813 [pool-82-thread-1] INFO  server.RaftServerConfigKeys (ConfUtils.java:logGet(43)) - raft.server.log.segment.size.max = 1048576 (custom)
2019-09-19 10:26:57,813 [pool-82-thread-1] INFO  server.RaftServerConfigKeys (ConfUtils.java:logGet(43)) - raft.server.log.segment.cache.num.max = 2 (custom)
2019-09-19 10:26:57,813 [pool-82-thread-1] INFO  segmented.SegmentedRaftLogWorker (SegmentedRaftLogWorker.java:<init>(172)) - new 9c1babfd-24b9-43b5-a670-4d0e2dc3eec4-SegmentedRaftLogWorker:Storage Directory /workdir/hadoop-ozone/ozonefs/target/test-dir/MiniOzoneClusterImpl-c4ccaed8-e682-4870-947c-cf1864f77c00/datanode-5/data/ratis/7302ee0a-b4c0-4d45-9a1c-506e16beab47 for RaftStorage:Storage Directory /workdir/hadoop-ozone/ozonefs/target/test-dir/MiniOzoneClusterImpl-c4ccaed8-e682-4870-947c-cf1864f77c00/datanode-5/data/ratis/7302ee0a-b4c0-4d45-9a1c-506e16beab47
2019-09-19 10:26:57,814 [pool-82-thread-1] INFO  server.RaftServerConfigKeys (ConfUtils.java:logGet(43)) - raft.server.log.queue.byte-limit = 2147483647 (custom)
2019-09-19 10:26:57,814 [pool-82-thread-1] INFO  server.RaftServerConfigKeys (ConfUtils.java:logGet(43)) - raft.server.log.queue.element-limit = 1024 (custom)
2019-09-19 10:26:57,814 [pool-82-thread-1] INFO  server.RaftServerConfigKeys (ConfUtils.java:logGet(43)) - raft.server.log.segment.size.max = 1048576 (custom)
2019-09-19 10:26:57,814 [pool-82-thread-1] INFO  server.RaftServerConfigKeys (ConfUtils.java:logGet(43)) - raft.server.log.preallocated.size = 16384 (custom)
2019-09-19 10:26:57,814 [pool-82-thread-1] INFO  server.RaftServerConfigKeys (ConfUtils.java:logGet(43)) - raft.server.log.write.buffer.size = 33554432 (custom)
2019-09-19 10:26:57,814 [pool-82-thread-1] INFO  server.RaftServerConfigKeys (ConfUtils.java:logGet(43)) - raft.server.log.force.sync.num = 128 (default)
2019-09-19 10:26:57,815 [pool-82-thread-1] INFO  server.RaftServerConfigKeys (ConfUtils.java:logGet(43)) - raft.server.log.statemachine.data.sync = true (default)
2019-09-19 10:26:57,815 [pool-82-thread-1] INFO  server.RaftServerConfigKeys (ConfUtils.java:logGet(43)) - raft.server.log.statemachine.data.sync.timeout = 10s (default)
2019-09-19 10:26:57,815 [pool-82-thread-1] INFO  server.RaftServerConfigKeys (ConfUtils.java:logGet(43)) - raft.server.log.statemachine.data.sync.timeout.retry = -1 (default)
2019-09-19 10:26:57,815 [pool-82-thread-1] INFO  server.RaftServerConfigKeys (ConfUtils.java:logGet(43)) - raft.server.log.statemachine.data.caching.enabled = true (custom)
2019-09-19 10:26:57,815 [pool-82-thread-1] INFO  segmented.SegmentedRaftLogWorker (SegmentedRaftLogWorker.java:lambda$new$0(132)) - 9c1babfd-24b9-43b5-a670-4d0e2dc3eec4-SegmentedRaftLogWorker:Storage Directory /workdir/hadoop-ozone/ozonefs/target/test-dir/MiniOzoneClusterImpl-c4ccaed8-e682-4870-947c-cf1864f77c00/datanode-5/data/ratis/7302ee0a-b4c0-4d45-9a1c-506e16beab47: flushIndex: setUnconditionally 0 -> -1
2019-09-19 10:26:57,816 [pool-82-thread-1] INFO  server.RaftServerConfigKeys (ConfUtils.java:logGet(43)) - raft.server.snapshot.auto.trigger.enabled = true (custom)
2019-09-19 10:26:57,816 [pool-82-thread-1] INFO  server.RaftServerConfigKeys (ConfUtils.java:logGet(43)) - raft.server.snapshot.auto.trigger.threshold = 10000 (custom)
2019-09-19 10:26:57,816 [pool-82-thread-1] INFO  server.RaftServerConfigKeys (ConfUtils.java:logGet(43)) - raft.server.retrycache.expirytime = 600000ms (custom)
2019-09-19 10:26:57,816 [pool-82-thread-1] INFO  impl.RaftServerImpl (RaftServerImpl.java:start(180)) - 9c1babfd-24b9-43b5-a670-4d0e2dc3eec4: start group-506E16BEAB47
2019-09-19 10:26:57,816 [pool-82-thread-1] INFO  impl.RaftServerImpl (RaftServerImpl.java:setRole(171)) - 9c1babfd-24b9-43b5-a670-4d0e2dc3eec4:group-506E16BEAB47 changes role from null to FOLLOWER at term 0 for startAsFollower
2019-09-19 10:26:57,817 [pool-82-thread-1] INFO  impl.RoleInfo (RoleInfo.java:updateAndGet(143)) - 9c1babfd-24b9-43b5-a670-4d0e2dc3eec4: start FollowerState
2019-09-19 10:26:57,817 [pool-82-thread-1] INFO  util.JmxRegister (JmxRegister.java:tryRegister(44)) - Successfully registered JMX Bean with object name Ratis:service=RaftServer,group=group-506E16BEAB47,id=9c1babfd-24b9-43b5-a670-4d0e2dc3eec4
2019-09-19 10:26:57,820 [RatisPipelineUtilsThread] INFO  pipeline.PipelineStateManager (PipelineStateManager.java:addPipeline(56)) - Created pipeline Pipeline[ Id: 7302ee0a-b4c0-4d45-9a1c-506e16beab47, Nodes: 9c1babfd-24b9-43b5-a670-4d0e2dc3eec4{ip: 192.168.157.204, host: pr-hdds-1569-cpgw4-1311585219, networkLocation: /default-rack, certSerialId: null}, Type:RATIS, Factor:ONE, State:OPEN]
2019-09-19 10:26:57,820 [RatisPipelineUtilsThread] ERROR pipeline.PipelinePlacementPolicy (PipelinePlacementPolicy.java:meetCriteria(91)) - Pipeline Placement: Doesn't meet the criteria to be viable node. Heaviness: 6
2019-09-19 10:26:57,820 [RatisPipelineUtilsThread] ERROR pipeline.PipelinePlacementPolicy (PipelinePlacementPolicy.java:meetCriteria(91)) - Pipeline Placement: Doesn't meet the criteria to be viable node. Heaviness: 6
2019-09-19 10:26:57,820 [RatisPipelineUtilsThread] ERROR pipeline.PipelinePlacementPolicy (PipelinePlacementPolicy.java:meetCriteria(91)) - Pipeline Placement: Doesn't meet the criteria to be viable node. Heaviness: 6
2019-09-19 10:26:57,821 [RatisPipelineUtilsThread] ERROR pipeline.PipelinePlacementPolicy (PipelinePlacementPolicy.java:meetCriteria(91)) - Pipeline Placement: Doesn't meet the criteria to be viable node. Heaviness: 6
2019-09-19 10:26:57,826 [grpc-default-executor-0] INFO  impl.RaftServerProxy (RaftServerProxy.java:addNew(89)) - 9c1babfd-24b9-43b5-a670-4d0e2dc3eec4: addNew group-3AF7D0803EF7:[9c1babfd-24b9-43b5-a670-4d0e2dc3eec4:192.168.157.204:39323] returns group-3AF7D0803EF7:java.util.concurrent.CompletableFuture@1e0bd656[Not completed]
2019-09-19 10:26:57,827 [pool-82-thread-1] INFO  impl.RaftServerImpl (RaftServerImpl.java:<init>(93)) - 9c1babfd-24b9-43b5-a670-4d0e2dc3eec4: new RaftServerImpl for group-3AF7D0803EF7:[9c1babfd-24b9-43b5-a670-4d0e2dc3eec4:192.168.157.204:39323] with ContainerStateMachine:uninitialized
2019-09-19 10:26:57,827 [pool-82-thread-1] INFO  server.RaftServerConfigKeys (ConfUtils.java:logGet(43)) - raft.server.rpc.timeout.min = 5s (custom)
2019-09-19 10:26:57,828 [pool-82-thread-1] INFO  server.RaftServerConfigKeys (ConfUtils.java:logGet(43)) - raft.server.rpc.timeout.max = 5200ms (custom)
2019-09-19 10:26:57,828 [pool-82-thread-1] INFO  server.RaftServerConfigKeys (ConfUtils.java:logGet(43)) - raft.server.rpcslowness.timeout = 120s (custom)
2019-09-19 10:26:57,828 [pool-82-thread-1] INFO  server.RaftServerConfigKeys (ConfUtils.java:logGet(43)) - raft.server.sleep.deviation.threshold = 300 (default)
2019-09-19 10:26:57,828 [pool-82-thread-1] INFO  server.RaftServerConfigKeys (ConfUtils.java:logGet(43)) - raft.server.log.appender.install.snapshot.enabled = false (custom)
2019-09-19 10:26:57,828 [pool-82-thread-1] INFO  impl.RaftServerImpl (ServerState.java:<init>(105)) - 9c1babfd-24b9-43b5-a670-4d0e2dc3eec4:group-3AF7D0803EF7 ConfigurationManager, init=-1: [9c1babfd-24b9-43b5-a670-4d0e2dc3eec4:192.168.157.204:39323], old=null, confs=<EMPTY_MAP>
2019-09-19 10:26:57,828 [pool-82-thread-1] INFO  server.RaftServerConfigKeys (ConfUtils.java:logGet(43)) - raft.server.storage.dir = [/workdir/hadoop-ozone/ozonefs/target/test-dir/MiniOzoneClusterImpl-c4ccaed8-e682-4870-947c-cf1864f77c00/datanode-5/data/ratis] (custom)
2019-09-19 10:26:57,828 [pool-82-thread-1] INFO  storage.RaftStorageDirectory (RaftStorageDirectory.java:analyzeStorage(246)) - The storage directory /workdir/hadoop-ozone/ozonefs/target/test-dir/MiniOzoneClusterImpl-c4ccaed8-e682-4870-947c-cf1864f77c00/datanode-5/data/ratis/b95ec50f-233a-4087-a16f-3af7d0803ef7 does not exist. Creating ...
2019-09-19 10:26:57,843 [pool-82-thread-1] INFO  storage.RaftStorageDirectory (RaftStorageDirectory.java:tryLock(328)) - Lock on /workdir/hadoop-ozone/ozonefs/target/test-dir/MiniOzoneClusterImpl-c4ccaed8-e682-4870-947c-cf1864f77c00/datanode-5/data/ratis/b95ec50f-233a-4087-a16f-3af7d0803ef7/in_use.lock acquired by nodename 26715@pr-hdds-1569-cpgw4-1311585219
2019-09-19 10:26:57,855 [pool-82-thread-1] INFO  storage.RaftStorage (RaftStorage.java:format(72)) - Storage directory /workdir/hadoop-ozone/ozonefs/target/test-dir/MiniOzoneClusterImpl-c4ccaed8-e682-4870-947c-cf1864f77c00/datanode-5/data/ratis/b95ec50f-233a-4087-a16f-3af7d0803ef7 has been successfully formatted.
2019-09-19 10:26:57,856 [pool-82-thread-1] INFO  ratis.ContainerStateMachine (ContainerStateMachine.java:loadSnapshot(226)) - group-3AF7D0803EF7: The snapshot info is null. Setting the last applied indexto:(t:0, i:~)
2019-09-19 10:26:57,856 [pool-82-thread-1] INFO  server.RaftServerConfigKeys (ConfUtils.java:logGet(43)) - raft.server.leader.election.timeout = 120s (custom)
2019-09-19 10:26:57,856 [pool-82-thread-1] INFO  server.RaftServerConfigKeys (ConfUtils.java:logGet(43)) - raft.server.log.use.memory = false (default)
2019-09-19 10:26:57,856 [pool-82-thread-1] INFO  server.RaftServerConfigKeys (ConfUtils.java:logGet(43)) - raft.server.log.purge.gap = 1000000 (custom)
2019-09-19 10:26:57,856 [pool-82-thread-1] INFO  server.RaftServerConfigKeys (ConfUtils.java:logGet(43)) - raft.server.log.appender.buffer.byte-limit = 33554432 (custom)
2019-09-19 10:26:57,856 [pool-82-thread-1] INFO  server.RaftServerConfigKeys (ConfUtils.java:logGet(43)) - raft.server.log.segment.size.max = 1048576 (custom)
2019-09-19 10:26:57,856 [pool-82-thread-1] INFO  server.RaftServerConfigKeys (ConfUtils.java:logGet(43)) - raft.server.log.segment.cache.num.max = 2 (custom)
2019-09-19 10:26:57,857 [pool-82-thread-1] INFO  segmented.SegmentedRaftLogWorker (SegmentedRaftLogWorker.java:<init>(172)) - new 9c1babfd-24b9-43b5-a670-4d0e2dc3eec4-SegmentedRaftLogWorker:Storage Directory /workdir/hadoop-ozone/ozonefs/target/test-dir/MiniOzoneClusterImpl-c4ccaed8-e682-4870-947c-cf1864f77c00/datanode-5/data/ratis/b95ec50f-233a-4087-a16f-3af7d0803ef7 for RaftStorage:Storage Directory /workdir/hadoop-ozone/ozonefs/target/test-dir/MiniOzoneClusterImpl-c4ccaed8-e682-4870-947c-cf1864f77c00/datanode-5/data/ratis/b95ec50f-233a-4087-a16f-3af7d0803ef7
2019-09-19 10:26:57,857 [pool-82-thread-1] INFO  server.RaftServerConfigKeys (ConfUtils.java:logGet(43)) - raft.server.log.queue.byte-limit = 2147483647 (custom)
2019-09-19 10:26:57,857 [pool-82-thread-1] INFO  server.RaftServerConfigKeys (ConfUtils.java:logGet(43)) - raft.server.log.queue.element-limit = 1024 (custom)
2019-09-19 10:26:57,857 [pool-82-thread-1] INFO  server.RaftServerConfigKeys (ConfUtils.java:logGet(43)) - raft.server.log.segment.size.max = 1048576 (custom)
2019-09-19 10:26:57,857 [pool-82-thread-1] INFO  server.RaftServerConfigKeys (ConfUtils.java:logGet(43)) - raft.server.log.preallocated.size = 16384 (custom)
2019-09-19 10:26:57,857 [pool-82-thread-1] INFO  server.RaftServerConfigKeys (ConfUtils.java:logGet(43)) - raft.server.log.write.buffer.size = 33554432 (custom)
2019-09-19 10:26:57,858 [pool-82-thread-1] INFO  server.RaftServerConfigKeys (ConfUtils.java:logGet(43)) - raft.server.log.force.sync.num = 128 (default)
2019-09-19 10:26:57,858 [pool-82-thread-1] INFO  server.RaftServerConfigKeys (ConfUtils.java:logGet(43)) - raft.server.log.statemachine.data.sync = true (default)
2019-09-19 10:26:57,858 [pool-82-thread-1] INFO  server.RaftServerConfigKeys (ConfUtils.java:logGet(43)) - raft.server.log.statemachine.data.sync.timeout = 10s (default)
2019-09-19 10:26:57,858 [pool-82-thread-1] INFO  server.RaftServerConfigKeys (ConfUtils.java:logGet(43)) - raft.server.log.statemachine.data.sync.timeout.retry = -1 (default)
2019-09-19 10:26:57,858 [pool-82-thread-1] INFO  server.RaftServerConfigKeys (ConfUtils.java:logGet(43)) - raft.server.log.statemachine.data.caching.enabled = true (custom)
2019-09-19 10:26:57,858 [pool-82-thread-1] INFO  segmented.SegmentedRaftLogWorker (SegmentedRaftLogWorker.java:lambda$new$0(132)) - 9c1babfd-24b9-43b5-a670-4d0e2dc3eec4-SegmentedRaftLogWorker:Storage Directory /workdir/hadoop-ozone/ozonefs/target/test-dir/MiniOzoneClusterImpl-c4ccaed8-e682-4870-947c-cf1864f77c00/datanode-5/data/ratis/b95ec50f-233a-4087-a16f-3af7d0803ef7: flushIndex: setUnconditionally 0 -> -1
2019-09-19 10:26:57,859 [pool-82-thread-1] INFO  server.RaftServerConfigKeys (ConfUtils.java:logGet(43)) - raft.server.snapshot.auto.trigger.enabled = true (custom)
2019-09-19 10:26:57,859 [pool-82-thread-1] INFO  server.RaftServerConfigKeys (ConfUtils.java:logGet(43)) - raft.server.snapshot.auto.trigger.threshold = 10000 (custom)
2019-09-19 10:26:57,859 [pool-82-thread-1] INFO  server.RaftServerConfigKeys (ConfUtils.java:logGet(43)) - raft.server.retrycache.expirytime = 600000ms (custom)
2019-09-19 10:26:57,859 [pool-82-thread-1] INFO  impl.RaftServerImpl (RaftServerImpl.java:start(180)) - 9c1babfd-24b9-43b5-a670-4d0e2dc3eec4: start group-3AF7D0803EF7
2019-09-19 10:26:57,859 [pool-82-thread-1] INFO  impl.RaftServerImpl (RaftServerImpl.java:setRole(171)) - 9c1babfd-24b9-43b5-a670-4d0e2dc3eec4:group-3AF7D0803EF7 changes role from null to FOLLOWER at term 0 for startAsFollower
2019-09-19 10:26:57,859 [pool-82-thread-1] INFO  impl.RoleInfo (RoleInfo.java:updateAndGet(143)) - 9c1babfd-24b9-43b5-a670-4d0e2dc3eec4: start FollowerState
2019-09-19 10:26:57,860 [pool-82-thread-1] INFO  util.JmxRegister (JmxRegister.java:tryRegister(44)) - Successfully registered JMX Bean with object name Ratis:service=RaftServer,group=group-3AF7D0803EF7,id=9c1babfd-24b9-43b5-a670-4d0e2dc3eec4
2019-09-19 10:26:57,863 [RatisPipelineUtilsThread] INFO  pipeline.PipelineStateManager (PipelineStateManager.java:addPipeline(56)) - Created pipeline Pipeline[ Id: b95ec50f-233a-4087-a16f-3af7d0803ef7, Nodes: 9c1babfd-24b9-43b5-a670-4d0e2dc3eec4{ip: 192.168.157.204, host: pr-hdds-1569-cpgw4-1311585219, networkLocation: /default-rack, certSerialId: null}, Type:RATIS, Factor:ONE, State:OPEN]
2019-09-19 10:26:57,863 [RatisPipelineUtilsThread] ERROR pipeline.PipelinePlacementPolicy (PipelinePlacementPolicy.java:meetCriteria(91)) - Pipeline Placement: Doesn't meet the criteria to be viable node. Heaviness: 6
2019-09-19 10:26:57,863 [RatisPipelineUtilsThread] ERROR pipeline.PipelinePlacementPolicy (PipelinePlacementPolicy.java:meetCriteria(91)) - Pipeline Placement: Doesn't meet the criteria to be viable node. Heaviness: 6
2019-09-19 10:26:57,863 [RatisPipelineUtilsThread] ERROR pipeline.PipelinePlacementPolicy (PipelinePlacementPolicy.java:meetCriteria(91)) - Pipeline Placement: Doesn't meet the criteria to be viable node. Heaviness: 6
2019-09-19 10:26:57,863 [RatisPipelineUtilsThread] ERROR pipeline.PipelinePlacementPolicy (PipelinePlacementPolicy.java:meetCriteria(91)) - Pipeline Placement: Doesn't meet the criteria to be viable node. Heaviness: 6
2019-09-19 10:26:57,868 [grpc-default-executor-0] INFO  impl.RaftServerProxy (RaftServerProxy.java:addNew(89)) - df1b99cc-36f2-45b6-8e95-51c50e156f0b: addNew group-D0F6E3FA12C3:[df1b99cc-36f2-45b6-8e95-51c50e156f0b:192.168.157.204:42307] returns group-D0F6E3FA12C3:java.util.concurrent.CompletableFuture@1295e8c7[Not completed]
2019-09-19 10:26:57,869 [pool-38-thread-1] INFO  impl.RaftServerImpl (RaftServerImpl.java:<init>(93)) - df1b99cc-36f2-45b6-8e95-51c50e156f0b: new RaftServerImpl for group-D0F6E3FA12C3:[df1b99cc-36f2-45b6-8e95-51c50e156f0b:192.168.157.204:42307] with ContainerStateMachine:uninitialized
2019-09-19 10:26:57,869 [pool-38-thread-1] INFO  server.RaftServerConfigKeys (ConfUtils.java:logGet(43)) - raft.server.rpc.timeout.min = 5s (custom)
2019-09-19 10:26:57,869 [pool-38-thread-1] INFO  server.RaftServerConfigKeys (ConfUtils.java:logGet(43)) - raft.server.rpc.timeout.max = 5200ms (custom)
2019-09-19 10:26:57,869 [pool-38-thread-1] INFO  server.RaftServerConfigKeys (ConfUtils.java:logGet(43)) - raft.server.rpcslowness.timeout = 120s (custom)
2019-09-19 10:26:57,869 [pool-38-thread-1] INFO  server.RaftServerConfigKeys (ConfUtils.java:logGet(43)) - raft.server.sleep.deviation.threshold = 300 (default)
2019-09-19 10:26:57,870 [pool-38-thread-1] INFO  server.RaftServerConfigKeys (ConfUtils.java:logGet(43)) - raft.server.log.appender.install.snapshot.enabled = false (custom)
2019-09-19 10:26:57,870 [pool-38-thread-1] INFO  impl.RaftServerImpl (ServerState.java:<init>(105)) - df1b99cc-36f2-45b6-8e95-51c50e156f0b:group-D0F6E3FA12C3 ConfigurationManager, init=-1: [df1b99cc-36f2-45b6-8e95-51c50e156f0b:192.168.157.204:42307], old=null, confs=<EMPTY_MAP>
2019-09-19 10:26:57,870 [pool-38-thread-1] INFO  server.RaftServerConfigKeys (ConfUtils.java:logGet(43)) - raft.server.storage.dir = [/workdir/hadoop-ozone/ozonefs/target/test-dir/MiniOzoneClusterImpl-c4ccaed8-e682-4870-947c-cf1864f77c00/datanode-1/data/ratis] (custom)
2019-09-19 10:26:57,870 [pool-38-thread-1] INFO  storage.RaftStorageDirectory (RaftStorageDirectory.java:analyzeStorage(246)) - The storage directory /workdir/hadoop-ozone/ozonefs/target/test-dir/MiniOzoneClusterImpl-c4ccaed8-e682-4870-947c-cf1864f77c00/datanode-1/data/ratis/ac48dc11-867f-49d7-b7c9-d0f6e3fa12c3 does not exist. Creating ...
2019-09-19 10:26:57,882 | INFO  | SCMAudit | user=jenkins1000 | ip=192.168.157.204 | op=SEND_HEARTBEAT {datanodeUUID=7e4b2fb6-17ca-4cf7-9c63-77c56d6e2e1f, command=[]} | ret=SUCCESS |  
2019-09-19 10:26:57,883 [pool-38-thread-1] INFO  storage.RaftStorageDirectory (RaftStorageDirectory.java:tryLock(328)) - Lock on /workdir/hadoop-ozone/ozonefs/target/test-dir/MiniOzoneClusterImpl-c4ccaed8-e682-4870-947c-cf1864f77c00/datanode-1/data/ratis/ac48dc11-867f-49d7-b7c9-d0f6e3fa12c3/in_use.lock acquired by nodename 26715@pr-hdds-1569-cpgw4-1311585219
2019-09-19 10:26:57,896 [pool-38-thread-1] INFO  storage.RaftStorage (RaftStorage.java:format(72)) - Storage directory /workdir/hadoop-ozone/ozonefs/target/test-dir/MiniOzoneClusterImpl-c4ccaed8-e682-4870-947c-cf1864f77c00/datanode-1/data/ratis/ac48dc11-867f-49d7-b7c9-d0f6e3fa12c3 has been successfully formatted.
2019-09-19 10:26:57,896 [pool-38-thread-1] INFO  ratis.ContainerStateMachine (ContainerStateMachine.java:loadSnapshot(226)) - group-D0F6E3FA12C3: The snapshot info is null. Setting the last applied indexto:(t:0, i:~)
2019-09-19 10:26:57,896 [pool-38-thread-1] INFO  server.RaftServerConfigKeys (ConfUtils.java:logGet(43)) - raft.server.leader.election.timeout = 120s (custom)
2019-09-19 10:26:57,896 [pool-38-thread-1] INFO  server.RaftServerConfigKeys (ConfUtils.java:logGet(43)) - raft.server.log.use.memory = false (default)
2019-09-19 10:26:57,896 [pool-38-thread-1] INFO  server.RaftServerConfigKeys (ConfUtils.java:logGet(43)) - raft.server.log.purge.gap = 1000000 (custom)
2019-09-19 10:26:57,896 [pool-38-thread-1] INFO  server.RaftServerConfigKeys (ConfUtils.java:logGet(43)) - raft.server.log.appender.buffer.byte-limit = 33554432 (custom)
2019-09-19 10:26:57,897 [pool-38-thread-1] INFO  server.RaftServerConfigKeys (ConfUtils.java:logGet(43)) - raft.server.log.segment.size.max = 1048576 (custom)
2019-09-19 10:26:57,897 [pool-38-thread-1] INFO  server.RaftServerConfigKeys (ConfUtils.java:logGet(43)) - raft.server.log.segment.cache.num.max = 2 (custom)
2019-09-19 10:26:57,897 [pool-38-thread-1] INFO  segmented.SegmentedRaftLogWorker (SegmentedRaftLogWorker.java:<init>(172)) - new df1b99cc-36f2-45b6-8e95-51c50e156f0b-SegmentedRaftLogWorker:Storage Directory /workdir/hadoop-ozone/ozonefs/target/test-dir/MiniOzoneClusterImpl-c4ccaed8-e682-4870-947c-cf1864f77c00/datanode-1/data/ratis/ac48dc11-867f-49d7-b7c9-d0f6e3fa12c3 for RaftStorage:Storage Directory /workdir/hadoop-ozone/ozonefs/target/test-dir/MiniOzoneClusterImpl-c4ccaed8-e682-4870-947c-cf1864f77c00/datanode-1/data/ratis/ac48dc11-867f-49d7-b7c9-d0f6e3fa12c3
2019-09-19 10:26:57,897 [pool-38-thread-1] INFO  server.RaftServerConfigKeys (ConfUtils.java:logGet(43)) - raft.server.log.queue.byte-limit = 2147483647 (custom)
2019-09-19 10:26:57,897 [pool-38-thread-1] INFO  server.RaftServerConfigKeys (ConfUtils.java:logGet(43)) - raft.server.log.queue.element-limit = 1024 (custom)
2019-09-19 10:26:57,897 [pool-38-thread-1] INFO  server.RaftServerConfigKeys (ConfUtils.java:logGet(43)) - raft.server.log.segment.size.max = 1048576 (custom)
2019-09-19 10:26:57,897 [pool-38-thread-1] INFO  server.RaftServerConfigKeys (ConfUtils.java:logGet(43)) - raft.server.log.preallocated.size = 16384 (custom)
2019-09-19 10:26:57,897 [pool-38-thread-1] INFO  server.RaftServerConfigKeys (ConfUtils.java:logGet(43)) - raft.server.log.write.buffer.size = 33554432 (custom)
2019-09-19 10:26:57,898 [pool-38-thread-1] INFO  server.RaftServerConfigKeys (ConfUtils.java:logGet(43)) - raft.server.log.force.sync.num = 128 (default)
2019-09-19 10:26:57,898 [pool-38-thread-1] INFO  server.RaftServerConfigKeys (ConfUtils.java:logGet(43)) - raft.server.log.statemachine.data.sync = true (default)
2019-09-19 10:26:57,898 [pool-38-thread-1] INFO  server.RaftServerConfigKeys (ConfUtils.java:logGet(43)) - raft.server.log.statemachine.data.sync.timeout = 10s (default)
2019-09-19 10:26:57,898 [pool-38-thread-1] INFO  server.RaftServerConfigKeys (ConfUtils.java:logGet(43)) - raft.server.log.statemachine.data.sync.timeout.retry = -1 (default)
2019-09-19 10:26:57,898 [pool-38-thread-1] INFO  server.RaftServerConfigKeys (ConfUtils.java:logGet(43)) - raft.server.log.statemachine.data.caching.enabled = true (custom)
2019-09-19 10:26:57,898 [pool-38-thread-1] INFO  segmented.SegmentedRaftLogWorker (SegmentedRaftLogWorker.java:lambda$new$0(132)) - df1b99cc-36f2-45b6-8e95-51c50e156f0b-SegmentedRaftLogWorker:Storage Directory /workdir/hadoop-ozone/ozonefs/target/test-dir/MiniOzoneClusterImpl-c4ccaed8-e682-4870-947c-cf1864f77c00/datanode-1/data/ratis/ac48dc11-867f-49d7-b7c9-d0f6e3fa12c3: flushIndex: setUnconditionally 0 -> -1
2019-09-19 10:26:57,899 [pool-38-thread-1] INFO  server.RaftServerConfigKeys (ConfUtils.java:logGet(43)) - raft.server.snapshot.auto.trigger.enabled = true (custom)
2019-09-19 10:26:57,899 [pool-38-thread-1] INFO  server.RaftServerConfigKeys (ConfUtils.java:logGet(43)) - raft.server.snapshot.auto.trigger.threshold = 10000 (custom)
2019-09-19 10:26:57,899 [pool-38-thread-1] INFO  server.RaftServerConfigKeys (ConfUtils.java:logGet(43)) - raft.server.retrycache.expirytime = 600000ms (custom)
2019-09-19 10:26:57,899 [pool-38-thread-1] INFO  impl.RaftServerImpl (RaftServerImpl.java:start(180)) - df1b99cc-36f2-45b6-8e95-51c50e156f0b: start group-D0F6E3FA12C3
2019-09-19 10:26:57,899 [pool-38-thread-1] INFO  impl.RaftServerImpl (RaftServerImpl.java:setRole(171)) - df1b99cc-36f2-45b6-8e95-51c50e156f0b:group-D0F6E3FA12C3 changes role from null to FOLLOWER at term 0 for startAsFollower
2019-09-19 10:26:57,899 [pool-38-thread-1] INFO  impl.RoleInfo (RoleInfo.java:updateAndGet(143)) - df1b99cc-36f2-45b6-8e95-51c50e156f0b: start FollowerState
2019-09-19 10:26:57,900 [pool-38-thread-1] INFO  util.JmxRegister (JmxRegister.java:tryRegister(44)) - Successfully registered JMX Bean with object name Ratis:service=RaftServer,group=group-D0F6E3FA12C3,id=df1b99cc-36f2-45b6-8e95-51c50e156f0b
2019-09-19 10:26:57,902 [RatisPipelineUtilsThread] INFO  pipeline.PipelineStateManager (PipelineStateManager.java:addPipeline(56)) - Created pipeline Pipeline[ Id: ac48dc11-867f-49d7-b7c9-d0f6e3fa12c3, Nodes: df1b99cc-36f2-45b6-8e95-51c50e156f0b{ip: 192.168.157.204, host: pr-hdds-1569-cpgw4-1311585219, networkLocation: /default-rack, certSerialId: null}, Type:RATIS, Factor:ONE, State:OPEN]
2019-09-19 10:26:57,902 [RatisPipelineUtilsThread] ERROR pipeline.PipelinePlacementPolicy (PipelinePlacementPolicy.java:meetCriteria(91)) - Pipeline Placement: Doesn't meet the criteria to be viable node. Heaviness: 6
2019-09-19 10:26:57,903 [RatisPipelineUtilsThread] ERROR pipeline.PipelinePlacementPolicy (PipelinePlacementPolicy.java:meetCriteria(91)) - Pipeline Placement: Doesn't meet the criteria to be viable node. Heaviness: 6
2019-09-19 10:26:57,903 [RatisPipelineUtilsThread] ERROR pipeline.PipelinePlacementPolicy (PipelinePlacementPolicy.java:meetCriteria(91)) - Pipeline Placement: Doesn't meet the criteria to be viable node. Heaviness: 6
2019-09-19 10:26:57,903 [RatisPipelineUtilsThread] ERROR pipeline.PipelinePlacementPolicy (PipelinePlacementPolicy.java:meetCriteria(91)) - Pipeline Placement: Doesn't meet the criteria to be viable node. Heaviness: 6
2019-09-19 10:26:57,903 [RatisPipelineUtilsThread] ERROR pipeline.PipelinePlacementPolicy (PipelinePlacementPolicy.java:meetCriteria(91)) - Pipeline Placement: Doesn't meet the criteria to be viable node. Heaviness: 6
2019-09-19 10:26:57,908 [grpc-default-executor-0] INFO  impl.RaftServerProxy (RaftServerProxy.java:addNew(89)) - 9c1babfd-24b9-43b5-a670-4d0e2dc3eec4: addNew group-2F2A4CF80161:[9c1babfd-24b9-43b5-a670-4d0e2dc3eec4:192.168.157.204:39323] returns group-2F2A4CF80161:java.util.concurrent.CompletableFuture@6db34599[Not completed]
2019-09-19 10:26:57,909 [pool-82-thread-1] INFO  impl.RaftServerImpl (RaftServerImpl.java:<init>(93)) - 9c1babfd-24b9-43b5-a670-4d0e2dc3eec4: new RaftServerImpl for group-2F2A4CF80161:[9c1babfd-24b9-43b5-a670-4d0e2dc3eec4:192.168.157.204:39323] with ContainerStateMachine:uninitialized
2019-09-19 10:26:57,909 [pool-82-thread-1] INFO  server.RaftServerConfigKeys (ConfUtils.java:logGet(43)) - raft.server.rpc.timeout.min = 5s (custom)
2019-09-19 10:26:57,909 [pool-82-thread-1] INFO  server.RaftServerConfigKeys (ConfUtils.java:logGet(43)) - raft.server.rpc.timeout.max = 5200ms (custom)
2019-09-19 10:26:57,909 [pool-82-thread-1] INFO  server.RaftServerConfigKeys (ConfUtils.java:logGet(43)) - raft.server.rpcslowness.timeout = 120s (custom)
2019-09-19 10:26:57,909 [pool-82-thread-1] INFO  server.RaftServerConfigKeys (ConfUtils.java:logGet(43)) - raft.server.sleep.deviation.threshold = 300 (default)
2019-09-19 10:26:57,910 [pool-82-thread-1] INFO  server.RaftServerConfigKeys (ConfUtils.java:logGet(43)) - raft.server.log.appender.install.snapshot.enabled = false (custom)
2019-09-19 10:26:57,910 [pool-82-thread-1] INFO  impl.RaftServerImpl (ServerState.java:<init>(105)) - 9c1babfd-24b9-43b5-a670-4d0e2dc3eec4:group-2F2A4CF80161 ConfigurationManager, init=-1: [9c1babfd-24b9-43b5-a670-4d0e2dc3eec4:192.168.157.204:39323], old=null, confs=<EMPTY_MAP>
2019-09-19 10:26:57,910 [pool-82-thread-1] INFO  server.RaftServerConfigKeys (ConfUtils.java:logGet(43)) - raft.server.storage.dir = [/workdir/hadoop-ozone/ozonefs/target/test-dir/MiniOzoneClusterImpl-c4ccaed8-e682-4870-947c-cf1864f77c00/datanode-5/data/ratis] (custom)
2019-09-19 10:26:57,910 [pool-82-thread-1] INFO  storage.RaftStorageDirectory (RaftStorageDirectory.java:analyzeStorage(246)) - The storage directory /workdir/hadoop-ozone/ozonefs/target/test-dir/MiniOzoneClusterImpl-c4ccaed8-e682-4870-947c-cf1864f77c00/datanode-5/data/ratis/df871b4d-beb7-495d-85ae-2f2a4cf80161 does not exist. Creating ...
2019-09-19 10:26:57,922 [pool-82-thread-1] INFO  storage.RaftStorageDirectory (RaftStorageDirectory.java:tryLock(328)) - Lock on /workdir/hadoop-ozone/ozonefs/target/test-dir/MiniOzoneClusterImpl-c4ccaed8-e682-4870-947c-cf1864f77c00/datanode-5/data/ratis/df871b4d-beb7-495d-85ae-2f2a4cf80161/in_use.lock acquired by nodename 26715@pr-hdds-1569-cpgw4-1311585219
2019-09-19 10:26:57,935 [pool-82-thread-1] INFO  storage.RaftStorage (RaftStorage.java:format(72)) - Storage directory /workdir/hadoop-ozone/ozonefs/target/test-dir/MiniOzoneClusterImpl-c4ccaed8-e682-4870-947c-cf1864f77c00/datanode-5/data/ratis/df871b4d-beb7-495d-85ae-2f2a4cf80161 has been successfully formatted.
2019-09-19 10:26:57,936 [pool-82-thread-1] INFO  ratis.ContainerStateMachine (ContainerStateMachine.java:loadSnapshot(226)) - group-2F2A4CF80161: The snapshot info is null. Setting the last applied indexto:(t:0, i:~)
2019-09-19 10:26:57,936 [pool-82-thread-1] INFO  server.RaftServerConfigKeys (ConfUtils.java:logGet(43)) - raft.server.leader.election.timeout = 120s (custom)
2019-09-19 10:26:57,936 [pool-82-thread-1] INFO  server.RaftServerConfigKeys (ConfUtils.java:logGet(43)) - raft.server.log.use.memory = false (default)
2019-09-19 10:26:57,936 [pool-82-thread-1] INFO  server.RaftServerConfigKeys (ConfUtils.java:logGet(43)) - raft.server.log.purge.gap = 1000000 (custom)
2019-09-19 10:26:57,936 [pool-82-thread-1] INFO  server.RaftServerConfigKeys (ConfUtils.java:logGet(43)) - raft.server.log.appender.buffer.byte-limit = 33554432 (custom)
2019-09-19 10:26:57,936 [pool-82-thread-1] INFO  server.RaftServerConfigKeys (ConfUtils.java:logGet(43)) - raft.server.log.segment.size.max = 1048576 (custom)
2019-09-19 10:26:57,937 [pool-82-thread-1] INFO  server.RaftServerConfigKeys (ConfUtils.java:logGet(43)) - raft.server.log.segment.cache.num.max = 2 (custom)
2019-09-19 10:26:57,937 [pool-82-thread-1] INFO  segmented.SegmentedRaftLogWorker (SegmentedRaftLogWorker.java:<init>(172)) - new 9c1babfd-24b9-43b5-a670-4d0e2dc3eec4-SegmentedRaftLogWorker:Storage Directory /workdir/hadoop-ozone/ozonefs/target/test-dir/MiniOzoneClusterImpl-c4ccaed8-e682-4870-947c-cf1864f77c00/datanode-5/data/ratis/df871b4d-beb7-495d-85ae-2f2a4cf80161 for RaftStorage:Storage Directory /workdir/hadoop-ozone/ozonefs/target/test-dir/MiniOzoneClusterImpl-c4ccaed8-e682-4870-947c-cf1864f77c00/datanode-5/data/ratis/df871b4d-beb7-495d-85ae-2f2a4cf80161
2019-09-19 10:26:57,937 [pool-82-thread-1] INFO  server.RaftServerConfigKeys (ConfUtils.java:logGet(43)) - raft.server.log.queue.byte-limit = 2147483647 (custom)
2019-09-19 10:26:57,937 [pool-82-thread-1] INFO  server.RaftServerConfigKeys (ConfUtils.java:logGet(43)) - raft.server.log.queue.element-limit = 1024 (custom)
2019-09-19 10:26:57,937 [pool-82-thread-1] INFO  server.RaftServerConfigKeys (ConfUtils.java:logGet(43)) - raft.server.log.segment.size.max = 1048576 (custom)
2019-09-19 10:26:57,937 [pool-82-thread-1] INFO  server.RaftServerConfigKeys (ConfUtils.java:logGet(43)) - raft.server.log.preallocated.size = 16384 (custom)
2019-09-19 10:26:57,937 [pool-82-thread-1] INFO  server.RaftServerConfigKeys (ConfUtils.java:logGet(43)) - raft.server.log.write.buffer.size = 33554432 (custom)
2019-09-19 10:26:57,937 [pool-82-thread-1] INFO  server.RaftServerConfigKeys (ConfUtils.java:logGet(43)) - raft.server.log.force.sync.num = 128 (default)
2019-09-19 10:26:57,937 [pool-82-thread-1] INFO  server.RaftServerConfigKeys (ConfUtils.java:logGet(43)) - raft.server.log.statemachine.data.sync = true (default)
2019-09-19 10:26:57,938 [pool-82-thread-1] INFO  server.RaftServerConfigKeys (ConfUtils.java:logGet(43)) - raft.server.log.statemachine.data.sync.timeout = 10s (default)
2019-09-19 10:26:57,938 [pool-82-thread-1] INFO  server.RaftServerConfigKeys (ConfUtils.java:logGet(43)) - raft.server.log.statemachine.data.sync.timeout.retry = -1 (default)
2019-09-19 10:26:57,938 [pool-82-thread-1] INFO  server.RaftServerConfigKeys (ConfUtils.java:logGet(43)) - raft.server.log.statemachine.data.caching.enabled = true (custom)
2019-09-19 10:26:57,938 [pool-82-thread-1] INFO  segmented.SegmentedRaftLogWorker (SegmentedRaftLogWorker.java:lambda$new$0(132)) - 9c1babfd-24b9-43b5-a670-4d0e2dc3eec4-SegmentedRaftLogWorker:Storage Directory /workdir/hadoop-ozone/ozonefs/target/test-dir/MiniOzoneClusterImpl-c4ccaed8-e682-4870-947c-cf1864f77c00/datanode-5/data/ratis/df871b4d-beb7-495d-85ae-2f2a4cf80161: flushIndex: setUnconditionally 0 -> -1
2019-09-19 10:26:57,938 [pool-82-thread-1] INFO  server.RaftServerConfigKeys (ConfUtils.java:logGet(43)) - raft.server.snapshot.auto.trigger.enabled = true (custom)
2019-09-19 10:26:57,938 [pool-82-thread-1] INFO  server.RaftServerConfigKeys (ConfUtils.java:logGet(43)) - raft.server.snapshot.auto.trigger.threshold = 10000 (custom)
2019-09-19 10:26:57,939 [pool-82-thread-1] INFO  server.RaftServerConfigKeys (ConfUtils.java:logGet(43)) - raft.server.retrycache.expirytime = 600000ms (custom)
2019-09-19 10:26:57,939 [pool-82-thread-1] INFO  impl.RaftServerImpl (RaftServerImpl.java:start(180)) - 9c1babfd-24b9-43b5-a670-4d0e2dc3eec4: start group-2F2A4CF80161
2019-09-19 10:26:57,939 [pool-82-thread-1] INFO  impl.RaftServerImpl (RaftServerImpl.java:setRole(171)) - 9c1babfd-24b9-43b5-a670-4d0e2dc3eec4:group-2F2A4CF80161 changes role from null to FOLLOWER at term 0 for startAsFollower
2019-09-19 10:26:57,939 [pool-82-thread-1] INFO  impl.RoleInfo (RoleInfo.java:updateAndGet(143)) - 9c1babfd-24b9-43b5-a670-4d0e2dc3eec4: start FollowerState
2019-09-19 10:26:57,939 [pool-82-thread-1] INFO  util.JmxRegister (JmxRegister.java:tryRegister(44)) - Successfully registered JMX Bean with object name Ratis:service=RaftServer,group=group-2F2A4CF80161,id=9c1babfd-24b9-43b5-a670-4d0e2dc3eec4
2019-09-19 10:26:57,942 [RatisPipelineUtilsThread] INFO  pipeline.PipelineStateManager (PipelineStateManager.java:addPipeline(56)) - Created pipeline Pipeline[ Id: df871b4d-beb7-495d-85ae-2f2a4cf80161, Nodes: 9c1babfd-24b9-43b5-a670-4d0e2dc3eec4{ip: 192.168.157.204, host: pr-hdds-1569-cpgw4-1311585219, networkLocation: /default-rack, certSerialId: null}, Type:RATIS, Factor:ONE, State:OPEN]
2019-09-19 10:26:57,942 [RatisPipelineUtilsThread] ERROR pipeline.PipelinePlacementPolicy (PipelinePlacementPolicy.java:meetCriteria(91)) - Pipeline Placement: Doesn't meet the criteria to be viable node. Heaviness: 6
2019-09-19 10:26:57,943 [RatisPipelineUtilsThread] ERROR pipeline.PipelinePlacementPolicy (PipelinePlacementPolicy.java:meetCriteria(91)) - Pipeline Placement: Doesn't meet the criteria to be viable node. Heaviness: 6
2019-09-19 10:26:57,943 [RatisPipelineUtilsThread] ERROR pipeline.PipelinePlacementPolicy (PipelinePlacementPolicy.java:meetCriteria(91)) - Pipeline Placement: Doesn't meet the criteria to be viable node. Heaviness: 6
2019-09-19 10:26:57,943 [RatisPipelineUtilsThread] ERROR pipeline.PipelinePlacementPolicy (PipelinePlacementPolicy.java:meetCriteria(91)) - Pipeline Placement: Doesn't meet the criteria to be viable node. Heaviness: 6
2019-09-19 10:26:57,943 [RatisPipelineUtilsThread] ERROR pipeline.PipelinePlacementPolicy (PipelinePlacementPolicy.java:meetCriteria(91)) - Pipeline Placement: Doesn't meet the criteria to be viable node. Heaviness: 6
2019-09-19 10:26:57,943 [RatisPipelineUtilsThread] ERROR pipeline.PipelinePlacementPolicy (PipelinePlacementPolicy.java:meetCriteria(91)) - Pipeline Placement: Doesn't meet the criteria to be viable node. Heaviness: 6
2019-09-19 10:26:57,948 [grpc-default-executor-0] INFO  impl.RaftServerProxy (RaftServerProxy.java:addNew(89)) - 10ec1051-6571-4c90-b3f9-a3c2840a089b: addNew group-08FF54B01145:[10ec1051-6571-4c90-b3f9-a3c2840a089b:192.168.157.204:40066] returns group-08FF54B01145:java.util.concurrent.CompletableFuture@12d2f89c[Not completed]
2019-09-19 10:26:57,949 [pool-115-thread-1] INFO  impl.RaftServerImpl (RaftServerImpl.java:<init>(93)) - 10ec1051-6571-4c90-b3f9-a3c2840a089b: new RaftServerImpl for group-08FF54B01145:[10ec1051-6571-4c90-b3f9-a3c2840a089b:192.168.157.204:40066] with ContainerStateMachine:uninitialized
2019-09-19 10:26:57,949 [pool-115-thread-1] INFO  server.RaftServerConfigKeys (ConfUtils.java:logGet(43)) - raft.server.rpc.timeout.min = 5s (custom)
2019-09-19 10:26:57,949 [pool-115-thread-1] INFO  server.RaftServerConfigKeys (ConfUtils.java:logGet(43)) - raft.server.rpc.timeout.max = 5200ms (custom)
2019-09-19 10:26:57,949 [pool-115-thread-1] INFO  server.RaftServerConfigKeys (ConfUtils.java:logGet(43)) - raft.server.rpcslowness.timeout = 120s (custom)
2019-09-19 10:26:57,949 [pool-115-thread-1] INFO  server.RaftServerConfigKeys (ConfUtils.java:logGet(43)) - raft.server.sleep.deviation.threshold = 300 (default)
2019-09-19 10:26:57,949 [pool-115-thread-1] INFO  server.RaftServerConfigKeys (ConfUtils.java:logGet(43)) - raft.server.log.appender.install.snapshot.enabled = false (custom)
2019-09-19 10:26:57,949 [pool-115-thread-1] INFO  impl.RaftServerImpl (ServerState.java:<init>(105)) - 10ec1051-6571-4c90-b3f9-a3c2840a089b:group-08FF54B01145 ConfigurationManager, init=-1: [10ec1051-6571-4c90-b3f9-a3c2840a089b:192.168.157.204:40066], old=null, confs=<EMPTY_MAP>
2019-09-19 10:26:57,949 [pool-115-thread-1] INFO  server.RaftServerConfigKeys (ConfUtils.java:logGet(43)) - raft.server.storage.dir = [/workdir/hadoop-ozone/ozonefs/target/test-dir/MiniOzoneClusterImpl-c4ccaed8-e682-4870-947c-cf1864f77c00/datanode-8/data/ratis] (custom)
2019-09-19 10:26:57,950 [pool-115-thread-1] INFO  storage.RaftStorageDirectory (RaftStorageDirectory.java:analyzeStorage(246)) - The storage directory /workdir/hadoop-ozone/ozonefs/target/test-dir/MiniOzoneClusterImpl-c4ccaed8-e682-4870-947c-cf1864f77c00/datanode-8/data/ratis/5b89c30b-508a-4cd9-9212-08ff54b01145 does not exist. Creating ...
2019-09-19 10:26:57,950 [Thread-294] INFO  impl.FollowerState (FollowerState.java:run(106)) - df1b99cc-36f2-45b6-8e95-51c50e156f0b:group-433F89414E38 changes to CANDIDATE, lastRpcTime:5005, electionTimeout:5005ms
2019-09-19 10:26:57,950 [Thread-294] INFO  impl.RoleInfo (RoleInfo.java:shutdownFollowerState(121)) - df1b99cc-36f2-45b6-8e95-51c50e156f0b: shutdown FollowerState
2019-09-19 10:26:57,950 [Thread-294] INFO  impl.RaftServerImpl (RaftServerImpl.java:setRole(171)) - df1b99cc-36f2-45b6-8e95-51c50e156f0b:group-433F89414E38 changes role from FOLLOWER to CANDIDATE at term 0 for changeToCandidate
2019-09-19 10:26:57,951 [Thread-294] INFO  impl.RoleInfo (RoleInfo.java:updateAndGet(143)) - df1b99cc-36f2-45b6-8e95-51c50e156f0b: start LeaderElection
2019-09-19 10:26:57,962 [pool-115-thread-1] INFO  storage.RaftStorageDirectory (RaftStorageDirectory.java:tryLock(328)) - Lock on /workdir/hadoop-ozone/ozonefs/target/test-dir/MiniOzoneClusterImpl-c4ccaed8-e682-4870-947c-cf1864f77c00/datanode-8/data/ratis/5b89c30b-508a-4cd9-9212-08ff54b01145/in_use.lock acquired by nodename 26715@pr-hdds-1569-cpgw4-1311585219
2019-09-19 10:26:57,963 [df1b99cc-36f2-45b6-8e95-51c50e156f0b:group-433F89414E38:LeaderElection4] INFO  impl.LeaderElection (LeaderElection.java:askForVotes(181)) - df1b99cc-36f2-45b6-8e95-51c50e156f0b:group-433F89414E38:LeaderElection4: begin an election at term 1 for -1: [df1b99cc-36f2-45b6-8e95-51c50e156f0b:192.168.157.204:42307], old=null
2019-09-19 10:26:57,963 [df1b99cc-36f2-45b6-8e95-51c50e156f0b:group-433F89414E38:LeaderElection4] INFO  impl.RoleInfo (RoleInfo.java:shutdownLeaderElection(134)) - df1b99cc-36f2-45b6-8e95-51c50e156f0b: shutdown LeaderElection
2019-09-19 10:26:57,963 [df1b99cc-36f2-45b6-8e95-51c50e156f0b:group-433F89414E38:LeaderElection4] INFO  impl.RaftServerImpl (RaftServerImpl.java:setRole(171)) - df1b99cc-36f2-45b6-8e95-51c50e156f0b:group-433F89414E38 changes role from CANDIDATE to LEADER at term 1 for changeToLeader
2019-09-19 10:26:57,963 [df1b99cc-36f2-45b6-8e95-51c50e156f0b:group-433F89414E38:LeaderElection4] INFO  impl.RaftServerImpl (ServerState.java:setLeader(263)) - df1b99cc-36f2-45b6-8e95-51c50e156f0b:group-433F89414E38 change Leader from null to df1b99cc-36f2-45b6-8e95-51c50e156f0b at term 1 for becomeLeader, leader elected after 5023ms
2019-09-19 10:26:57,963 [df1b99cc-36f2-45b6-8e95-51c50e156f0b:group-433F89414E38:LeaderElection4] INFO  server.RaftServerConfigKeys (ConfUtils.java:logGet(43)) - raft.server.staging.catchup.gap = 1000 (default)
2019-09-19 10:26:57,963 [df1b99cc-36f2-45b6-8e95-51c50e156f0b:group-433F89414E38:LeaderElection4] INFO  server.RaftServerConfigKeys (ConfUtils.java:logGet(43)) - raft.server.rpc.sleep.time = 25ms (default)
2019-09-19 10:26:57,963 [df1b99cc-36f2-45b6-8e95-51c50e156f0b:group-433F89414E38:LeaderElection4] INFO  server.RaftServerConfigKeys (ConfUtils.java:logGet(43)) - raft.server.write.element-limit = 4096 (default)
2019-09-19 10:26:57,964 [df1b99cc-36f2-45b6-8e95-51c50e156f0b:group-433F89414E38:LeaderElection4] INFO  server.RaftServerConfigKeys (ConfUtils.java:logGet(43)) - raft.server.watch.timeout = 10s (default)
2019-09-19 10:26:57,964 [df1b99cc-36f2-45b6-8e95-51c50e156f0b:group-433F89414E38:LeaderElection4] INFO  server.RaftServerConfigKeys (ConfUtils.java:logGet(43)) - raft.server.watch.timeout.denomination = 1s (default)
2019-09-19 10:26:57,964 [df1b99cc-36f2-45b6-8e95-51c50e156f0b:group-433F89414E38:LeaderElection4] INFO  server.RaftServerConfigKeys (ConfUtils.java:logGet(43)) - raft.server.watch.element-limit = 65536 (default)
2019-09-19 10:26:57,964 [df1b99cc-36f2-45b6-8e95-51c50e156f0b:group-433F89414E38:LeaderElection4] INFO  impl.RoleInfo (RoleInfo.java:updateAndGet(143)) - df1b99cc-36f2-45b6-8e95-51c50e156f0b: start LeaderState
2019-09-19 10:26:57,964 [df1b99cc-36f2-45b6-8e95-51c50e156f0b:group-433F89414E38:LeaderElection4] INFO  segmented.SegmentedRaftLogWorker (SegmentedRaftLogWorker.java:startLogSegment(380)) - df1b99cc-36f2-45b6-8e95-51c50e156f0b-SegmentedRaftLogWorker:Storage Directory /workdir/hadoop-ozone/ozonefs/target/test-dir/MiniOzoneClusterImpl-c4ccaed8-e682-4870-947c-cf1864f77c00/datanode-1/data/ratis/fb7e6908-be1a-4b04-b985-433f89414e38: Starting segment from index:0
2019-09-19 10:26:57,965 [df1b99cc-36f2-45b6-8e95-51c50e156f0b:group-433F89414E38:LeaderElection4] INFO  impl.RaftServerImpl (ServerState.java:setRaftConf(361)) - df1b99cc-36f2-45b6-8e95-51c50e156f0b:group-433F89414E38 set configuration 0: [df1b99cc-36f2-45b6-8e95-51c50e156f0b:192.168.157.204:42307], old=null at 0
2019-09-19 10:26:57,992 [pool-115-thread-1] INFO  storage.RaftStorage (RaftStorage.java:format(72)) - Storage directory /workdir/hadoop-ozone/ozonefs/target/test-dir/MiniOzoneClusterImpl-c4ccaed8-e682-4870-947c-cf1864f77c00/datanode-8/data/ratis/5b89c30b-508a-4cd9-9212-08ff54b01145 has been successfully formatted.
2019-09-19 10:26:57,993 [pool-115-thread-1] INFO  ratis.ContainerStateMachine (ContainerStateMachine.java:loadSnapshot(226)) - group-08FF54B01145: The snapshot info is null. Setting the last applied indexto:(t:0, i:~)
2019-09-19 10:26:57,993 [pool-115-thread-1] INFO  server.RaftServerConfigKeys (ConfUtils.java:logGet(43)) - raft.server.leader.election.timeout = 120s (custom)
2019-09-19 10:26:57,993 [pool-115-thread-1] INFO  server.RaftServerConfigKeys (ConfUtils.java:logGet(43)) - raft.server.log.use.memory = false (default)
2019-09-19 10:26:57,994 [pool-115-thread-1] INFO  server.RaftServerConfigKeys (ConfUtils.java:logGet(43)) - raft.server.log.purge.gap = 1000000 (custom)
2019-09-19 10:26:57,994 [pool-115-thread-1] INFO  server.RaftServerConfigKeys (ConfUtils.java:logGet(43)) - raft.server.log.appender.buffer.byte-limit = 33554432 (custom)
2019-09-19 10:26:57,994 [pool-115-thread-1] INFO  server.RaftServerConfigKeys (ConfUtils.java:logGet(43)) - raft.server.log.segment.size.max = 1048576 (custom)
2019-09-19 10:26:57,994 [pool-115-thread-1] INFO  server.RaftServerConfigKeys (ConfUtils.java:logGet(43)) - raft.server.log.segment.cache.num.max = 2 (custom)
2019-09-19 10:26:57,994 [pool-115-thread-1] INFO  segmented.SegmentedRaftLogWorker (SegmentedRaftLogWorker.java:<init>(172)) - new 10ec1051-6571-4c90-b3f9-a3c2840a089b-SegmentedRaftLogWorker:Storage Directory /workdir/hadoop-ozone/ozonefs/target/test-dir/MiniOzoneClusterImpl-c4ccaed8-e682-4870-947c-cf1864f77c00/datanode-8/data/ratis/5b89c30b-508a-4cd9-9212-08ff54b01145 for RaftStorage:Storage Directory /workdir/hadoop-ozone/ozonefs/target/test-dir/MiniOzoneClusterImpl-c4ccaed8-e682-4870-947c-cf1864f77c00/datanode-8/data/ratis/5b89c30b-508a-4cd9-9212-08ff54b01145
2019-09-19 10:26:57,994 [pool-115-thread-1] INFO  server.RaftServerConfigKeys (ConfUtils.java:logGet(43)) - raft.server.log.queue.byte-limit = 2147483647 (custom)
2019-09-19 10:26:57,994 [pool-115-thread-1] INFO  server.RaftServerConfigKeys (ConfUtils.java:logGet(43)) - raft.server.log.queue.element-limit = 1024 (custom)
2019-09-19 10:26:57,994 [pool-115-thread-1] INFO  server.RaftServerConfigKeys (ConfUtils.java:logGet(43)) - raft.server.log.segment.size.max = 1048576 (custom)
2019-09-19 10:26:57,994 [pool-115-thread-1] INFO  server.RaftServerConfigKeys (ConfUtils.java:logGet(43)) - raft.server.log.preallocated.size = 16384 (custom)
2019-09-19 10:26:57,994 [df1b99cc-36f2-45b6-8e95-51c50e156f0b-SegmentedRaftLogWorker:Storage Directory /workdir/hadoop-ozone/ozonefs/target/test-dir/MiniOzoneClusterImpl-c4ccaed8-e682-4870-947c-cf1864f77c00/datanode-1/data/ratis/fb7e6908-be1a-4b04-b985-433f89414e38] INFO  segmented.SegmentedRaftLogWorker (SegmentedRaftLogWorker.java:execute(569)) - df1b99cc-36f2-45b6-8e95-51c50e156f0b-SegmentedRaftLogWorker:Storage Directory /workdir/hadoop-ozone/ozonefs/target/test-dir/MiniOzoneClusterImpl-c4ccaed8-e682-4870-947c-cf1864f77c00/datanode-1/data/ratis/fb7e6908-be1a-4b04-b985-433f89414e38: created new log segment /workdir/hadoop-ozone/ozonefs/target/test-dir/MiniOzoneClusterImpl-c4ccaed8-e682-4870-947c-cf1864f77c00/datanode-1/data/ratis/fb7e6908-be1a-4b04-b985-433f89414e38/current/log_inprogress_0
2019-09-19 10:26:57,995 [pool-115-thread-1] INFO  server.RaftServerConfigKeys (ConfUtils.java:logGet(43)) - raft.server.log.write.buffer.size = 33554432 (custom)
2019-09-19 10:26:57,995 [pool-115-thread-1] INFO  server.RaftServerConfigKeys (ConfUtils.java:logGet(43)) - raft.server.log.force.sync.num = 128 (default)
2019-09-19 10:26:57,995 [pool-115-thread-1] INFO  server.RaftServerConfigKeys (ConfUtils.java:logGet(43)) - raft.server.log.statemachine.data.sync = true (default)
2019-09-19 10:26:57,995 [pool-115-thread-1] INFO  server.RaftServerConfigKeys (ConfUtils.java:logGet(43)) - raft.server.log.statemachine.data.sync.timeout = 10s (default)
2019-09-19 10:26:57,995 [pool-115-thread-1] INFO  server.RaftServerConfigKeys (ConfUtils.java:logGet(43)) - raft.server.log.statemachine.data.sync.timeout.retry = -1 (default)
2019-09-19 10:26:57,995 [pool-115-thread-1] INFO  server.RaftServerConfigKeys (ConfUtils.java:logGet(43)) - raft.server.log.statemachine.data.caching.enabled = true (custom)
2019-09-19 10:26:58,007 [pool-115-thread-1] INFO  segmented.SegmentedRaftLogWorker (SegmentedRaftLogWorker.java:lambda$new$0(132)) - 10ec1051-6571-4c90-b3f9-a3c2840a089b-SegmentedRaftLogWorker:Storage Directory /workdir/hadoop-ozone/ozonefs/target/test-dir/MiniOzoneClusterImpl-c4ccaed8-e682-4870-947c-cf1864f77c00/datanode-8/data/ratis/5b89c30b-508a-4cd9-9212-08ff54b01145: flushIndex: setUnconditionally 0 -> -1
2019-09-19 10:26:58,008 [pool-115-thread-1] INFO  server.RaftServerConfigKeys (ConfUtils.java:logGet(43)) - raft.server.snapshot.auto.trigger.enabled = true (custom)
2019-09-19 10:26:58,008 [pool-115-thread-1] INFO  server.RaftServerConfigKeys (ConfUtils.java:logGet(43)) - raft.server.snapshot.auto.trigger.threshold = 10000 (custom)
2019-09-19 10:26:58,008 [pool-115-thread-1] INFO  server.RaftServerConfigKeys (ConfUtils.java:logGet(43)) - raft.server.retrycache.expirytime = 600000ms (custom)
2019-09-19 10:26:58,008 [pool-115-thread-1] INFO  impl.RaftServerImpl (RaftServerImpl.java:start(180)) - 10ec1051-6571-4c90-b3f9-a3c2840a089b: start group-08FF54B01145
2019-09-19 10:26:58,008 [pool-115-thread-1] INFO  impl.RaftServerImpl (RaftServerImpl.java:setRole(171)) - 10ec1051-6571-4c90-b3f9-a3c2840a089b:group-08FF54B01145 changes role from null to FOLLOWER at term 0 for startAsFollower
2019-09-19 10:26:58,009 [pool-115-thread-1] INFO  impl.RoleInfo (RoleInfo.java:updateAndGet(143)) - 10ec1051-6571-4c90-b3f9-a3c2840a089b: start FollowerState
2019-09-19 10:26:58,009 [pool-115-thread-1] INFO  util.JmxRegister (JmxRegister.java:tryRegister(44)) - Successfully registered JMX Bean with object name Ratis:service=RaftServer,group=group-08FF54B01145,id=10ec1051-6571-4c90-b3f9-a3c2840a089b
2019-09-19 10:26:58,011 [RatisPipelineUtilsThread] INFO  pipeline.PipelineStateManager (PipelineStateManager.java:addPipeline(56)) - Created pipeline Pipeline[ Id: 5b89c30b-508a-4cd9-9212-08ff54b01145, Nodes: 10ec1051-6571-4c90-b3f9-a3c2840a089b{ip: 192.168.157.204, host: pr-hdds-1569-cpgw4-1311585219, networkLocation: /default-rack, certSerialId: null}, Type:RATIS, Factor:ONE, State:OPEN]
2019-09-19 10:26:58,012 [RatisPipelineUtilsThread] ERROR pipeline.PipelinePlacementPolicy (PipelinePlacementPolicy.java:meetCriteria(91)) - Pipeline Placement: Doesn't meet the criteria to be viable node. Heaviness: 6
2019-09-19 10:26:58,012 [RatisPipelineUtilsThread] ERROR pipeline.PipelinePlacementPolicy (PipelinePlacementPolicy.java:meetCriteria(91)) - Pipeline Placement: Doesn't meet the criteria to be viable node. Heaviness: 6
2019-09-19 10:26:58,012 [RatisPipelineUtilsThread] ERROR pipeline.PipelinePlacementPolicy (PipelinePlacementPolicy.java:meetCriteria(91)) - Pipeline Placement: Doesn't meet the criteria to be viable node. Heaviness: 6
2019-09-19 10:26:58,012 [RatisPipelineUtilsThread] ERROR pipeline.PipelinePlacementPolicy (PipelinePlacementPolicy.java:meetCriteria(91)) - Pipeline Placement: Doesn't meet the criteria to be viable node. Heaviness: 6
2019-09-19 10:26:58,012 [RatisPipelineUtilsThread] ERROR pipeline.PipelinePlacementPolicy (PipelinePlacementPolicy.java:meetCriteria(91)) - Pipeline Placement: Doesn't meet the criteria to be viable node. Heaviness: 6
2019-09-19 10:26:58,012 [RatisPipelineUtilsThread] ERROR pipeline.PipelinePlacementPolicy (PipelinePlacementPolicy.java:meetCriteria(91)) - Pipeline Placement: Doesn't meet the criteria to be viable node. Heaviness: 6
2019-09-19 10:26:58,012 [RatisPipelineUtilsThread] ERROR pipeline.PipelinePlacementPolicy (PipelinePlacementPolicy.java:meetCriteria(91)) - Pipeline Placement: Doesn't meet the criteria to be viable node. Heaviness: 6
2019-09-19 10:26:58,017 [grpc-default-executor-0] INFO  impl.RaftServerProxy (RaftServerProxy.java:addNew(89)) - c972e26d-e03f-48a1-a9e9-2dea9337c66d: addNew group-B48E0DA9C832:[c972e26d-e03f-48a1-a9e9-2dea9337c66d:192.168.157.204:45216] returns group-B48E0DA9C832:java.util.concurrent.CompletableFuture@1c71c82e[Not completed]
2019-09-19 10:26:58,018 | INFO  | SCMAudit | user=jenkins1000 | ip=192.168.157.204 | op=SEND_HEARTBEAT {datanodeUUID=df1b99cc-36f2-45b6-8e95-51c50e156f0b, command=[]} | ret=SUCCESS |  
2019-09-19 10:26:58,019 [pool-104-thread-1] INFO  impl.RaftServerImpl (RaftServerImpl.java:<init>(93)) - c972e26d-e03f-48a1-a9e9-2dea9337c66d: new RaftServerImpl for group-B48E0DA9C832:[c972e26d-e03f-48a1-a9e9-2dea9337c66d:192.168.157.204:45216] with ContainerStateMachine:uninitialized
2019-09-19 10:26:58,019 [pool-104-thread-1] INFO  server.RaftServerConfigKeys (ConfUtils.java:logGet(43)) - raft.server.rpc.timeout.min = 5s (custom)
2019-09-19 10:26:58,019 [pool-104-thread-1] INFO  server.RaftServerConfigKeys (ConfUtils.java:logGet(43)) - raft.server.rpc.timeout.max = 5200ms (custom)
2019-09-19 10:26:58,019 [pool-104-thread-1] INFO  server.RaftServerConfigKeys (ConfUtils.java:logGet(43)) - raft.server.rpcslowness.timeout = 120s (custom)
2019-09-19 10:26:58,019 [pool-104-thread-1] INFO  server.RaftServerConfigKeys (ConfUtils.java:logGet(43)) - raft.server.sleep.deviation.threshold = 300 (default)
2019-09-19 10:26:58,019 [pool-104-thread-1] INFO  server.RaftServerConfigKeys (ConfUtils.java:logGet(43)) - raft.server.log.appender.install.snapshot.enabled = false (custom)
2019-09-19 10:26:58,019 [pool-104-thread-1] INFO  impl.RaftServerImpl (ServerState.java:<init>(105)) - c972e26d-e03f-48a1-a9e9-2dea9337c66d:group-B48E0DA9C832 ConfigurationManager, init=-1: [c972e26d-e03f-48a1-a9e9-2dea9337c66d:192.168.157.204:45216], old=null, confs=<EMPTY_MAP>
2019-09-19 10:26:58,020 [pool-104-thread-1] INFO  server.RaftServerConfigKeys (ConfUtils.java:logGet(43)) - raft.server.storage.dir = [/workdir/hadoop-ozone/ozonefs/target/test-dir/MiniOzoneClusterImpl-c4ccaed8-e682-4870-947c-cf1864f77c00/datanode-7/data/ratis] (custom)
2019-09-19 10:26:58,020 [pool-104-thread-1] INFO  storage.RaftStorageDirectory (RaftStorageDirectory.java:analyzeStorage(246)) - The storage directory /workdir/hadoop-ozone/ozonefs/target/test-dir/MiniOzoneClusterImpl-c4ccaed8-e682-4870-947c-cf1864f77c00/datanode-7/data/ratis/94ece680-d66c-4742-990f-b48e0da9c832 does not exist. Creating ...
2019-09-19 10:26:58,026 [pool-104-thread-1] INFO  storage.RaftStorageDirectory (RaftStorageDirectory.java:tryLock(328)) - Lock on /workdir/hadoop-ozone/ozonefs/target/test-dir/MiniOzoneClusterImpl-c4ccaed8-e682-4870-947c-cf1864f77c00/datanode-7/data/ratis/94ece680-d66c-4742-990f-b48e0da9c832/in_use.lock acquired by nodename 26715@pr-hdds-1569-cpgw4-1311585219
2019-09-19 10:26:58,029 [pool-104-thread-1] INFO  storage.RaftStorage (RaftStorage.java:format(72)) - Storage directory /workdir/hadoop-ozone/ozonefs/target/test-dir/MiniOzoneClusterImpl-c4ccaed8-e682-4870-947c-cf1864f77c00/datanode-7/data/ratis/94ece680-d66c-4742-990f-b48e0da9c832 has been successfully formatted.
2019-09-19 10:26:58,029 [pool-104-thread-1] INFO  ratis.ContainerStateMachine (ContainerStateMachine.java:loadSnapshot(226)) - group-B48E0DA9C832: The snapshot info is null. Setting the last applied indexto:(t:0, i:~)
2019-09-19 10:26:58,029 [pool-104-thread-1] INFO  server.RaftServerConfigKeys (ConfUtils.java:logGet(43)) - raft.server.leader.election.timeout = 120s (custom)
2019-09-19 10:26:58,029 [pool-104-thread-1] INFO  server.RaftServerConfigKeys (ConfUtils.java:logGet(43)) - raft.server.log.use.memory = false (default)
2019-09-19 10:26:58,029 [pool-104-thread-1] INFO  server.RaftServerConfigKeys (ConfUtils.java:logGet(43)) - raft.server.log.purge.gap = 1000000 (custom)
2019-09-19 10:26:58,030 [pool-104-thread-1] INFO  server.RaftServerConfigKeys (ConfUtils.java:logGet(43)) - raft.server.log.appender.buffer.byte-limit = 33554432 (custom)
2019-09-19 10:26:58,030 [pool-104-thread-1] INFO  server.RaftServerConfigKeys (ConfUtils.java:logGet(43)) - raft.server.log.segment.size.max = 1048576 (custom)
2019-09-19 10:26:58,030 [pool-104-thread-1] INFO  server.RaftServerConfigKeys (ConfUtils.java:logGet(43)) - raft.server.log.segment.cache.num.max = 2 (custom)
2019-09-19 10:26:58,030 [pool-104-thread-1] INFO  segmented.SegmentedRaftLogWorker (SegmentedRaftLogWorker.java:<init>(172)) - new c972e26d-e03f-48a1-a9e9-2dea9337c66d-SegmentedRaftLogWorker:Storage Directory /workdir/hadoop-ozone/ozonefs/target/test-dir/MiniOzoneClusterImpl-c4ccaed8-e682-4870-947c-cf1864f77c00/datanode-7/data/ratis/94ece680-d66c-4742-990f-b48e0da9c832 for RaftStorage:Storage Directory /workdir/hadoop-ozone/ozonefs/target/test-dir/MiniOzoneClusterImpl-c4ccaed8-e682-4870-947c-cf1864f77c00/datanode-7/data/ratis/94ece680-d66c-4742-990f-b48e0da9c832
2019-09-19 10:26:58,030 [pool-104-thread-1] INFO  server.RaftServerConfigKeys (ConfUtils.java:logGet(43)) - raft.server.log.queue.byte-limit = 2147483647 (custom)
2019-09-19 10:26:58,030 [pool-104-thread-1] INFO  server.RaftServerConfigKeys (ConfUtils.java:logGet(43)) - raft.server.log.queue.element-limit = 1024 (custom)
2019-09-19 10:26:58,030 [pool-104-thread-1] INFO  server.RaftServerConfigKeys (ConfUtils.java:logGet(43)) - raft.server.log.segment.size.max = 1048576 (custom)
2019-09-19 10:26:58,030 [pool-104-thread-1] INFO  server.RaftServerConfigKeys (ConfUtils.java:logGet(43)) - raft.server.log.preallocated.size = 16384 (custom)
2019-09-19 10:26:58,031 [pool-104-thread-1] INFO  server.RaftServerConfigKeys (ConfUtils.java:logGet(43)) - raft.server.log.write.buffer.size = 33554432 (custom)
2019-09-19 10:26:58,031 [pool-104-thread-1] INFO  server.RaftServerConfigKeys (ConfUtils.java:logGet(43)) - raft.server.log.force.sync.num = 128 (default)
2019-09-19 10:26:58,031 [pool-104-thread-1] INFO  server.RaftServerConfigKeys (ConfUtils.java:logGet(43)) - raft.server.log.statemachine.data.sync = true (default)
2019-09-19 10:26:58,031 [pool-104-thread-1] INFO  server.RaftServerConfigKeys (ConfUtils.java:logGet(43)) - raft.server.log.statemachine.data.sync.timeout = 10s (default)
2019-09-19 10:26:58,031 [pool-104-thread-1] INFO  server.RaftServerConfigKeys (ConfUtils.java:logGet(43)) - raft.server.log.statemachine.data.sync.timeout.retry = -1 (default)
2019-09-19 10:26:58,031 [pool-104-thread-1] INFO  server.RaftServerConfigKeys (ConfUtils.java:logGet(43)) - raft.server.log.statemachine.data.caching.enabled = true (custom)
2019-09-19 10:26:58,032 [pool-104-thread-1] INFO  segmented.SegmentedRaftLogWorker (SegmentedRaftLogWorker.java:lambda$new$0(132)) - c972e26d-e03f-48a1-a9e9-2dea9337c66d-SegmentedRaftLogWorker:Storage Directory /workdir/hadoop-ozone/ozonefs/target/test-dir/MiniOzoneClusterImpl-c4ccaed8-e682-4870-947c-cf1864f77c00/datanode-7/data/ratis/94ece680-d66c-4742-990f-b48e0da9c832: flushIndex: setUnconditionally 0 -> -1
2019-09-19 10:26:58,032 [pool-104-thread-1] INFO  server.RaftServerConfigKeys (ConfUtils.java:logGet(43)) - raft.server.snapshot.auto.trigger.enabled = true (custom)
2019-09-19 10:26:58,032 [pool-104-thread-1] INFO  server.RaftServerConfigKeys (ConfUtils.java:logGet(43)) - raft.server.snapshot.auto.trigger.threshold = 10000 (custom)
2019-09-19 10:26:58,032 [pool-104-thread-1] INFO  server.RaftServerConfigKeys (ConfUtils.java:logGet(43)) - raft.server.retrycache.expirytime = 600000ms (custom)
2019-09-19 10:26:58,032 [pool-104-thread-1] INFO  impl.RaftServerImpl (RaftServerImpl.java:start(180)) - c972e26d-e03f-48a1-a9e9-2dea9337c66d: start group-B48E0DA9C832
2019-09-19 10:26:58,032 [pool-104-thread-1] INFO  impl.RaftServerImpl (RaftServerImpl.java:setRole(171)) - c972e26d-e03f-48a1-a9e9-2dea9337c66d:group-B48E0DA9C832 changes role from null to FOLLOWER at term 0 for startAsFollower
2019-09-19 10:26:58,032 [pool-104-thread-1] INFO  impl.RoleInfo (RoleInfo.java:updateAndGet(143)) - c972e26d-e03f-48a1-a9e9-2dea9337c66d: start FollowerState
2019-09-19 10:26:58,033 [pool-104-thread-1] INFO  util.JmxRegister (JmxRegister.java:tryRegister(44)) - Successfully registered JMX Bean with object name Ratis:service=RaftServer,group=group-B48E0DA9C832,id=c972e26d-e03f-48a1-a9e9-2dea9337c66d
2019-09-19 10:26:58,035 [RatisPipelineUtilsThread] INFO  pipeline.PipelineStateManager (PipelineStateManager.java:addPipeline(56)) - Created pipeline Pipeline[ Id: 94ece680-d66c-4742-990f-b48e0da9c832, Nodes: c972e26d-e03f-48a1-a9e9-2dea9337c66d{ip: 192.168.157.204, host: pr-hdds-1569-cpgw4-1311585219, networkLocation: /default-rack, certSerialId: null}, Type:RATIS, Factor:ONE, State:OPEN]
2019-09-19 10:26:58,036 [RatisPipelineUtilsThread] ERROR pipeline.PipelinePlacementPolicy (PipelinePlacementPolicy.java:meetCriteria(91)) - Pipeline Placement: Doesn't meet the criteria to be viable node. Heaviness: 6
2019-09-19 10:26:58,036 [RatisPipelineUtilsThread] ERROR pipeline.PipelinePlacementPolicy (PipelinePlacementPolicy.java:meetCriteria(91)) - Pipeline Placement: Doesn't meet the criteria to be viable node. Heaviness: 6
2019-09-19 10:26:58,036 [RatisPipelineUtilsThread] ERROR pipeline.PipelinePlacementPolicy (PipelinePlacementPolicy.java:meetCriteria(91)) - Pipeline Placement: Doesn't meet the criteria to be viable node. Heaviness: 6
2019-09-19 10:26:58,036 [RatisPipelineUtilsThread] ERROR pipeline.PipelinePlacementPolicy (PipelinePlacementPolicy.java:meetCriteria(91)) - Pipeline Placement: Doesn't meet the criteria to be viable node. Heaviness: 6
2019-09-19 10:26:58,036 [RatisPipelineUtilsThread] ERROR pipeline.PipelinePlacementPolicy (PipelinePlacementPolicy.java:meetCriteria(91)) - Pipeline Placement: Doesn't meet the criteria to be viable node. Heaviness: 6
2019-09-19 10:26:58,037 [RatisPipelineUtilsThread] ERROR pipeline.PipelinePlacementPolicy (PipelinePlacementPolicy.java:meetCriteria(91)) - Pipeline Placement: Doesn't meet the criteria to be viable node. Heaviness: 6
2019-09-19 10:26:58,037 [RatisPipelineUtilsThread] ERROR pipeline.PipelinePlacementPolicy (PipelinePlacementPolicy.java:meetCriteria(91)) - Pipeline Placement: Doesn't meet the criteria to be viable node. Heaviness: 6
2019-09-19 10:26:58,041 [grpc-default-executor-0] INFO  impl.RaftServerProxy (RaftServerProxy.java:addNew(89)) - c972e26d-e03f-48a1-a9e9-2dea9337c66d: addNew group-32BD2B2B0DD4:[c972e26d-e03f-48a1-a9e9-2dea9337c66d:192.168.157.204:45216] returns group-32BD2B2B0DD4:java.util.concurrent.CompletableFuture@51e58e58[Not completed]
2019-09-19 10:26:58,043 [pool-104-thread-1] INFO  impl.RaftServerImpl (RaftServerImpl.java:<init>(93)) - c972e26d-e03f-48a1-a9e9-2dea9337c66d: new RaftServerImpl for group-32BD2B2B0DD4:[c972e26d-e03f-48a1-a9e9-2dea9337c66d:192.168.157.204:45216] with ContainerStateMachine:uninitialized
2019-09-19 10:26:58,043 [pool-104-thread-1] INFO  server.RaftServerConfigKeys (ConfUtils.java:logGet(43)) - raft.server.rpc.timeout.min = 5s (custom)
2019-09-19 10:26:58,043 [pool-104-thread-1] INFO  server.RaftServerConfigKeys (ConfUtils.java:logGet(43)) - raft.server.rpc.timeout.max = 5200ms (custom)
2019-09-19 10:26:58,043 [pool-104-thread-1] INFO  server.RaftServerConfigKeys (ConfUtils.java:logGet(43)) - raft.server.rpcslowness.timeout = 120s (custom)
2019-09-19 10:26:58,043 [pool-104-thread-1] INFO  server.RaftServerConfigKeys (ConfUtils.java:logGet(43)) - raft.server.sleep.deviation.threshold = 300 (default)
2019-09-19 10:26:58,043 [pool-104-thread-1] INFO  server.RaftServerConfigKeys (ConfUtils.java:logGet(43)) - raft.server.log.appender.install.snapshot.enabled = false (custom)
2019-09-19 10:26:58,043 [pool-104-thread-1] INFO  impl.RaftServerImpl (ServerState.java:<init>(105)) - c972e26d-e03f-48a1-a9e9-2dea9337c66d:group-32BD2B2B0DD4 ConfigurationManager, init=-1: [c972e26d-e03f-48a1-a9e9-2dea9337c66d:192.168.157.204:45216], old=null, confs=<EMPTY_MAP>
2019-09-19 10:26:58,043 [pool-104-thread-1] INFO  server.RaftServerConfigKeys (ConfUtils.java:logGet(43)) - raft.server.storage.dir = [/workdir/hadoop-ozone/ozonefs/target/test-dir/MiniOzoneClusterImpl-c4ccaed8-e682-4870-947c-cf1864f77c00/datanode-7/data/ratis] (custom)
2019-09-19 10:26:58,044 [pool-104-thread-1] INFO  storage.RaftStorageDirectory (RaftStorageDirectory.java:analyzeStorage(246)) - The storage directory /workdir/hadoop-ozone/ozonefs/target/test-dir/MiniOzoneClusterImpl-c4ccaed8-e682-4870-947c-cf1864f77c00/datanode-7/data/ratis/4e4e0c07-6cbd-40ff-9382-32bd2b2b0dd4 does not exist. Creating ...
2019-09-19 10:26:58,058 | INFO  | SCMAudit | user=jenkins1000 | ip=192.168.157.204 | op=SEND_HEARTBEAT {datanodeUUID=39513c05-534c-4cc1-a39c-034925eb3fe7, command=[]} | ret=SUCCESS |  
2019-09-19 10:26:58,058 [pool-104-thread-1] INFO  storage.RaftStorageDirectory (RaftStorageDirectory.java:tryLock(328)) - Lock on /workdir/hadoop-ozone/ozonefs/target/test-dir/MiniOzoneClusterImpl-c4ccaed8-e682-4870-947c-cf1864f77c00/datanode-7/data/ratis/4e4e0c07-6cbd-40ff-9382-32bd2b2b0dd4/in_use.lock acquired by nodename 26715@pr-hdds-1569-cpgw4-1311585219
2019-09-19 10:26:58,098 [pool-104-thread-1] INFO  storage.RaftStorage (RaftStorage.java:format(72)) - Storage directory /workdir/hadoop-ozone/ozonefs/target/test-dir/MiniOzoneClusterImpl-c4ccaed8-e682-4870-947c-cf1864f77c00/datanode-7/data/ratis/4e4e0c07-6cbd-40ff-9382-32bd2b2b0dd4 has been successfully formatted.
2019-09-19 10:26:58,098 [pool-104-thread-1] INFO  ratis.ContainerStateMachine (ContainerStateMachine.java:loadSnapshot(226)) - group-32BD2B2B0DD4: The snapshot info is null. Setting the last applied indexto:(t:0, i:~)
2019-09-19 10:26:58,098 [pool-104-thread-1] INFO  server.RaftServerConfigKeys (ConfUtils.java:logGet(43)) - raft.server.leader.election.timeout = 120s (custom)
2019-09-19 10:26:58,099 [pool-104-thread-1] INFO  server.RaftServerConfigKeys (ConfUtils.java:logGet(43)) - raft.server.log.use.memory = false (default)
2019-09-19 10:26:58,099 [pool-104-thread-1] INFO  server.RaftServerConfigKeys (ConfUtils.java:logGet(43)) - raft.server.log.purge.gap = 1000000 (custom)
2019-09-19 10:26:58,099 [pool-104-thread-1] INFO  server.RaftServerConfigKeys (ConfUtils.java:logGet(43)) - raft.server.log.appender.buffer.byte-limit = 33554432 (custom)
2019-09-19 10:26:58,099 [pool-104-thread-1] INFO  server.RaftServerConfigKeys (ConfUtils.java:logGet(43)) - raft.server.log.segment.size.max = 1048576 (custom)
2019-09-19 10:26:58,099 [pool-104-thread-1] INFO  server.RaftServerConfigKeys (ConfUtils.java:logGet(43)) - raft.server.log.segment.cache.num.max = 2 (custom)
2019-09-19 10:26:58,100 [pool-104-thread-1] INFO  segmented.SegmentedRaftLogWorker (SegmentedRaftLogWorker.java:<init>(172)) - new c972e26d-e03f-48a1-a9e9-2dea9337c66d-SegmentedRaftLogWorker:Storage Directory /workdir/hadoop-ozone/ozonefs/target/test-dir/MiniOzoneClusterImpl-c4ccaed8-e682-4870-947c-cf1864f77c00/datanode-7/data/ratis/4e4e0c07-6cbd-40ff-9382-32bd2b2b0dd4 for RaftStorage:Storage Directory /workdir/hadoop-ozone/ozonefs/target/test-dir/MiniOzoneClusterImpl-c4ccaed8-e682-4870-947c-cf1864f77c00/datanode-7/data/ratis/4e4e0c07-6cbd-40ff-9382-32bd2b2b0dd4
2019-09-19 10:26:58,100 [pool-104-thread-1] INFO  server.RaftServerConfigKeys (ConfUtils.java:logGet(43)) - raft.server.log.queue.byte-limit = 2147483647 (custom)
2019-09-19 10:26:58,100 [pool-104-thread-1] INFO  server.RaftServerConfigKeys (ConfUtils.java:logGet(43)) - raft.server.log.queue.element-limit = 1024 (custom)
2019-09-19 10:26:58,100 [pool-104-thread-1] INFO  server.RaftServerConfigKeys (ConfUtils.java:logGet(43)) - raft.server.log.segment.size.max = 1048576 (custom)
2019-09-19 10:26:58,100 [pool-104-thread-1] INFO  server.RaftServerConfigKeys (ConfUtils.java:logGet(43)) - raft.server.log.preallocated.size = 16384 (custom)
2019-09-19 10:26:58,100 [pool-104-thread-1] INFO  server.RaftServerConfigKeys (ConfUtils.java:logGet(43)) - raft.server.log.write.buffer.size = 33554432 (custom)
2019-09-19 10:26:58,101 [pool-104-thread-1] INFO  server.RaftServerConfigKeys (ConfUtils.java:logGet(43)) - raft.server.log.force.sync.num = 128 (default)
2019-09-19 10:26:58,101 [pool-104-thread-1] INFO  server.RaftServerConfigKeys (ConfUtils.java:logGet(43)) - raft.server.log.statemachine.data.sync = true (default)
2019-09-19 10:26:58,101 [pool-104-thread-1] INFO  server.RaftServerConfigKeys (ConfUtils.java:logGet(43)) - raft.server.log.statemachine.data.sync.timeout = 10s (default)
2019-09-19 10:26:58,101 [pool-104-thread-1] INFO  server.RaftServerConfigKeys (ConfUtils.java:logGet(43)) - raft.server.log.statemachine.data.sync.timeout.retry = -1 (default)
2019-09-19 10:26:58,101 [pool-104-thread-1] INFO  server.RaftServerConfigKeys (ConfUtils.java:logGet(43)) - raft.server.log.statemachine.data.caching.enabled = true (custom)
2019-09-19 10:26:58,102 [pool-104-thread-1] INFO  segmented.SegmentedRaftLogWorker (SegmentedRaftLogWorker.java:lambda$new$0(132)) - c972e26d-e03f-48a1-a9e9-2dea9337c66d-SegmentedRaftLogWorker:Storage Directory /workdir/hadoop-ozone/ozonefs/target/test-dir/MiniOzoneClusterImpl-c4ccaed8-e682-4870-947c-cf1864f77c00/datanode-7/data/ratis/4e4e0c07-6cbd-40ff-9382-32bd2b2b0dd4: flushIndex: setUnconditionally 0 -> -1
2019-09-19 10:26:58,102 [pool-104-thread-1] INFO  server.RaftServerConfigKeys (ConfUtils.java:logGet(43)) - raft.server.snapshot.auto.trigger.enabled = true (custom)
2019-09-19 10:26:58,102 [pool-104-thread-1] INFO  server.RaftServerConfigKeys (ConfUtils.java:logGet(43)) - raft.server.snapshot.auto.trigger.threshold = 10000 (custom)
2019-09-19 10:26:58,103 [pool-104-thread-1] INFO  server.RaftServerConfigKeys (ConfUtils.java:logGet(43)) - raft.server.retrycache.expirytime = 600000ms (custom)
2019-09-19 10:26:58,103 [pool-104-thread-1] INFO  impl.RaftServerImpl (RaftServerImpl.java:start(180)) - c972e26d-e03f-48a1-a9e9-2dea9337c66d: start group-32BD2B2B0DD4
2019-09-19 10:26:58,103 [pool-104-thread-1] INFO  impl.RaftServerImpl (RaftServerImpl.java:setRole(171)) - c972e26d-e03f-48a1-a9e9-2dea9337c66d:group-32BD2B2B0DD4 changes role from null to FOLLOWER at term 0 for startAsFollower
2019-09-19 10:26:58,103 [pool-104-thread-1] INFO  impl.RoleInfo (RoleInfo.java:updateAndGet(143)) - c972e26d-e03f-48a1-a9e9-2dea9337c66d: start FollowerState
2019-09-19 10:26:58,104 [pool-104-thread-1] INFO  util.JmxRegister (JmxRegister.java:tryRegister(44)) - Successfully registered JMX Bean with object name Ratis:service=RaftServer,group=group-32BD2B2B0DD4,id=c972e26d-e03f-48a1-a9e9-2dea9337c66d
2019-09-19 10:26:58,107 [RatisPipelineUtilsThread] INFO  pipeline.PipelineStateManager (PipelineStateManager.java:addPipeline(56)) - Created pipeline Pipeline[ Id: 4e4e0c07-6cbd-40ff-9382-32bd2b2b0dd4, Nodes: c972e26d-e03f-48a1-a9e9-2dea9337c66d{ip: 192.168.157.204, host: pr-hdds-1569-cpgw4-1311585219, networkLocation: /default-rack, certSerialId: null}, Type:RATIS, Factor:ONE, State:OPEN]
2019-09-19 10:26:58,107 [RatisPipelineUtilsThread] ERROR pipeline.PipelinePlacementPolicy (PipelinePlacementPolicy.java:meetCriteria(91)) - Pipeline Placement: Doesn't meet the criteria to be viable node. Heaviness: 6
2019-09-19 10:26:58,107 [RatisPipelineUtilsThread] ERROR pipeline.PipelinePlacementPolicy (PipelinePlacementPolicy.java:meetCriteria(91)) - Pipeline Placement: Doesn't meet the criteria to be viable node. Heaviness: 6
2019-09-19 10:26:58,108 [RatisPipelineUtilsThread] ERROR pipeline.PipelinePlacementPolicy (PipelinePlacementPolicy.java:meetCriteria(91)) - Pipeline Placement: Doesn't meet the criteria to be viable node. Heaviness: 6
2019-09-19 10:26:58,108 [RatisPipelineUtilsThread] ERROR pipeline.PipelinePlacementPolicy (PipelinePlacementPolicy.java:meetCriteria(91)) - Pipeline Placement: Doesn't meet the criteria to be viable node. Heaviness: 6
2019-09-19 10:26:58,108 [RatisPipelineUtilsThread] ERROR pipeline.PipelinePlacementPolicy (PipelinePlacementPolicy.java:meetCriteria(91)) - Pipeline Placement: Doesn't meet the criteria to be viable node. Heaviness: 6
2019-09-19 10:26:58,108 [RatisPipelineUtilsThread] ERROR pipeline.PipelinePlacementPolicy (PipelinePlacementPolicy.java:meetCriteria(91)) - Pipeline Placement: Doesn't meet the criteria to be viable node. Heaviness: 6
2019-09-19 10:26:58,108 [RatisPipelineUtilsThread] ERROR pipeline.PipelinePlacementPolicy (PipelinePlacementPolicy.java:meetCriteria(91)) - Pipeline Placement: Doesn't meet the criteria to be viable node. Heaviness: 6
2019-09-19 10:26:58,110 | INFO  | SCMAudit | user=jenkins1000 | ip=192.168.157.204 | op=SEND_HEARTBEAT {datanodeUUID=9c1babfd-24b9-43b5-a670-4d0e2dc3eec4, command=[]} | ret=SUCCESS |  
2019-09-19 10:26:58,114 [grpc-default-executor-0] INFO  impl.RaftServerProxy (RaftServerProxy.java:addNew(89)) - 39513c05-534c-4cc1-a39c-034925eb3fe7: addNew group-EC166159EB9F:[39513c05-534c-4cc1-a39c-034925eb3fe7:192.168.157.204:32932] returns group-EC166159EB9F:java.util.concurrent.CompletableFuture@66c1ae28[Not completed]
2019-09-19 10:26:58,116 [pool-126-thread-1] INFO  impl.RaftServerImpl (RaftServerImpl.java:<init>(93)) - 39513c05-534c-4cc1-a39c-034925eb3fe7: new RaftServerImpl for group-EC166159EB9F:[39513c05-534c-4cc1-a39c-034925eb3fe7:192.168.157.204:32932] with ContainerStateMachine:uninitialized
2019-09-19 10:26:58,116 [pool-126-thread-1] INFO  server.RaftServerConfigKeys (ConfUtils.java:logGet(43)) - raft.server.rpc.timeout.min = 5s (custom)
2019-09-19 10:26:58,116 [pool-126-thread-1] INFO  server.RaftServerConfigKeys (ConfUtils.java:logGet(43)) - raft.server.rpc.timeout.max = 5200ms (custom)
2019-09-19 10:26:58,116 [pool-126-thread-1] INFO  server.RaftServerConfigKeys (ConfUtils.java:logGet(43)) - raft.server.rpcslowness.timeout = 120s (custom)
2019-09-19 10:26:58,116 [pool-126-thread-1] INFO  server.RaftServerConfigKeys (ConfUtils.java:logGet(43)) - raft.server.sleep.deviation.threshold = 300 (default)
2019-09-19 10:26:58,117 [pool-126-thread-1] INFO  server.RaftServerConfigKeys (ConfUtils.java:logGet(43)) - raft.server.log.appender.install.snapshot.enabled = false (custom)
2019-09-19 10:26:58,117 [pool-126-thread-1] INFO  impl.RaftServerImpl (ServerState.java:<init>(105)) - 39513c05-534c-4cc1-a39c-034925eb3fe7:group-EC166159EB9F ConfigurationManager, init=-1: [39513c05-534c-4cc1-a39c-034925eb3fe7:192.168.157.204:32932], old=null, confs=<EMPTY_MAP>
2019-09-19 10:26:58,117 [pool-126-thread-1] INFO  server.RaftServerConfigKeys (ConfUtils.java:logGet(43)) - raft.server.storage.dir = [/workdir/hadoop-ozone/ozonefs/target/test-dir/MiniOzoneClusterImpl-c4ccaed8-e682-4870-947c-cf1864f77c00/datanode-9/data/ratis] (custom)
2019-09-19 10:26:58,118 [pool-126-thread-1] INFO  storage.RaftStorageDirectory (RaftStorageDirectory.java:analyzeStorage(246)) - The storage directory /workdir/hadoop-ozone/ozonefs/target/test-dir/MiniOzoneClusterImpl-c4ccaed8-e682-4870-947c-cf1864f77c00/datanode-9/data/ratis/cf02eac7-d14b-4119-a738-ec166159eb9f does not exist. Creating ...
2019-09-19 10:26:58,131 [pool-126-thread-1] INFO  storage.RaftStorageDirectory (RaftStorageDirectory.java:tryLock(328)) - Lock on /workdir/hadoop-ozone/ozonefs/target/test-dir/MiniOzoneClusterImpl-c4ccaed8-e682-4870-947c-cf1864f77c00/datanode-9/data/ratis/cf02eac7-d14b-4119-a738-ec166159eb9f/in_use.lock acquired by nodename 26715@pr-hdds-1569-cpgw4-1311585219
2019-09-19 10:26:58,144 [pool-126-thread-1] INFO  storage.RaftStorage (RaftStorage.java:format(72)) - Storage directory /workdir/hadoop-ozone/ozonefs/target/test-dir/MiniOzoneClusterImpl-c4ccaed8-e682-4870-947c-cf1864f77c00/datanode-9/data/ratis/cf02eac7-d14b-4119-a738-ec166159eb9f has been successfully formatted.
2019-09-19 10:26:58,144 [pool-126-thread-1] INFO  ratis.ContainerStateMachine (ContainerStateMachine.java:loadSnapshot(226)) - group-EC166159EB9F: The snapshot info is null. Setting the last applied indexto:(t:0, i:~)
2019-09-19 10:26:58,144 [pool-126-thread-1] INFO  server.RaftServerConfigKeys (ConfUtils.java:logGet(43)) - raft.server.leader.election.timeout = 120s (custom)
2019-09-19 10:26:58,145 [pool-126-thread-1] INFO  server.RaftServerConfigKeys (ConfUtils.java:logGet(43)) - raft.server.log.use.memory = false (default)
2019-09-19 10:26:58,145 [pool-126-thread-1] INFO  server.RaftServerConfigKeys (ConfUtils.java:logGet(43)) - raft.server.log.purge.gap = 1000000 (custom)
2019-09-19 10:26:58,145 [pool-126-thread-1] INFO  server.RaftServerConfigKeys (ConfUtils.java:logGet(43)) - raft.server.log.appender.buffer.byte-limit = 33554432 (custom)
2019-09-19 10:26:58,145 [pool-126-thread-1] INFO  server.RaftServerConfigKeys (ConfUtils.java:logGet(43)) - raft.server.log.segment.size.max = 1048576 (custom)
2019-09-19 10:26:58,145 [pool-126-thread-1] INFO  server.RaftServerConfigKeys (ConfUtils.java:logGet(43)) - raft.server.log.segment.cache.num.max = 2 (custom)
2019-09-19 10:26:58,145 [pool-126-thread-1] INFO  segmented.SegmentedRaftLogWorker (SegmentedRaftLogWorker.java:<init>(172)) - new 39513c05-534c-4cc1-a39c-034925eb3fe7-SegmentedRaftLogWorker:Storage Directory /workdir/hadoop-ozone/ozonefs/target/test-dir/MiniOzoneClusterImpl-c4ccaed8-e682-4870-947c-cf1864f77c00/datanode-9/data/ratis/cf02eac7-d14b-4119-a738-ec166159eb9f for RaftStorage:Storage Directory /workdir/hadoop-ozone/ozonefs/target/test-dir/MiniOzoneClusterImpl-c4ccaed8-e682-4870-947c-cf1864f77c00/datanode-9/data/ratis/cf02eac7-d14b-4119-a738-ec166159eb9f
2019-09-19 10:26:58,145 [pool-126-thread-1] INFO  server.RaftServerConfigKeys (ConfUtils.java:logGet(43)) - raft.server.log.queue.byte-limit = 2147483647 (custom)
2019-09-19 10:26:58,146 [pool-126-thread-1] INFO  server.RaftServerConfigKeys (ConfUtils.java:logGet(43)) - raft.server.log.queue.element-limit = 1024 (custom)
2019-09-19 10:26:58,146 [pool-126-thread-1] INFO  server.RaftServerConfigKeys (ConfUtils.java:logGet(43)) - raft.server.log.segment.size.max = 1048576 (custom)
2019-09-19 10:26:58,146 [pool-126-thread-1] INFO  server.RaftServerConfigKeys (ConfUtils.java:logGet(43)) - raft.server.log.preallocated.size = 16384 (custom)
2019-09-19 10:26:58,146 [pool-126-thread-1] INFO  server.RaftServerConfigKeys (ConfUtils.java:logGet(43)) - raft.server.log.write.buffer.size = 33554432 (custom)
2019-09-19 10:26:58,146 [pool-126-thread-1] INFO  server.RaftServerConfigKeys (ConfUtils.java:logGet(43)) - raft.server.log.force.sync.num = 128 (default)
2019-09-19 10:26:58,146 [pool-126-thread-1] INFO  server.RaftServerConfigKeys (ConfUtils.java:logGet(43)) - raft.server.log.statemachine.data.sync = true (default)
2019-09-19 10:26:58,146 [pool-126-thread-1] INFO  server.RaftServerConfigKeys (ConfUtils.java:logGet(43)) - raft.server.log.statemachine.data.sync.timeout = 10s (default)
2019-09-19 10:26:58,147 [pool-126-thread-1] INFO  server.RaftServerConfigKeys (ConfUtils.java:logGet(43)) - raft.server.log.statemachine.data.sync.timeout.retry = -1 (default)
2019-09-19 10:26:58,147 [pool-126-thread-1] INFO  server.RaftServerConfigKeys (ConfUtils.java:logGet(43)) - raft.server.log.statemachine.data.caching.enabled = true (custom)
2019-09-19 10:26:58,147 [pool-126-thread-1] INFO  segmented.SegmentedRaftLogWorker (SegmentedRaftLogWorker.java:lambda$new$0(132)) - 39513c05-534c-4cc1-a39c-034925eb3fe7-SegmentedRaftLogWorker:Storage Directory /workdir/hadoop-ozone/ozonefs/target/test-dir/MiniOzoneClusterImpl-c4ccaed8-e682-4870-947c-cf1864f77c00/datanode-9/data/ratis/cf02eac7-d14b-4119-a738-ec166159eb9f: flushIndex: setUnconditionally 0 -> -1
2019-09-19 10:26:58,148 [pool-126-thread-1] INFO  server.RaftServerConfigKeys (ConfUtils.java:logGet(43)) - raft.server.snapshot.auto.trigger.enabled = true (custom)
2019-09-19 10:26:58,148 [pool-126-thread-1] INFO  server.RaftServerConfigKeys (ConfUtils.java:logGet(43)) - raft.server.snapshot.auto.trigger.threshold = 10000 (custom)
2019-09-19 10:26:58,148 [pool-126-thread-1] INFO  server.RaftServerConfigKeys (ConfUtils.java:logGet(43)) - raft.server.retrycache.expirytime = 600000ms (custom)
2019-09-19 10:26:58,148 [pool-126-thread-1] INFO  impl.RaftServerImpl (RaftServerImpl.java:start(180)) - 39513c05-534c-4cc1-a39c-034925eb3fe7: start group-EC166159EB9F
2019-09-19 10:26:58,148 [pool-126-thread-1] INFO  impl.RaftServerImpl (RaftServerImpl.java:setRole(171)) - 39513c05-534c-4cc1-a39c-034925eb3fe7:group-EC166159EB9F changes role from null to FOLLOWER at term 0 for startAsFollower
2019-09-19 10:26:58,148 [pool-126-thread-1] INFO  impl.RoleInfo (RoleInfo.java:updateAndGet(143)) - 39513c05-534c-4cc1-a39c-034925eb3fe7: start FollowerState
2019-09-19 10:26:58,149 [pool-126-thread-1] INFO  util.JmxRegister (JmxRegister.java:tryRegister(44)) - Successfully registered JMX Bean with object name Ratis:service=RaftServer,group=group-EC166159EB9F,id=39513c05-534c-4cc1-a39c-034925eb3fe7
2019-09-19 10:26:58,192 [RatisPipelineUtilsThread] INFO  pipeline.PipelineStateManager (PipelineStateManager.java:addPipeline(56)) - Created pipeline Pipeline[ Id: cf02eac7-d14b-4119-a738-ec166159eb9f, Nodes: 39513c05-534c-4cc1-a39c-034925eb3fe7{ip: 192.168.157.204, host: pr-hdds-1569-cpgw4-1311585219, networkLocation: /default-rack, certSerialId: null}, Type:RATIS, Factor:ONE, State:OPEN]
2019-09-19 10:26:58,192 [RatisPipelineUtilsThread] ERROR pipeline.PipelinePlacementPolicy (PipelinePlacementPolicy.java:meetCriteria(91)) - Pipeline Placement: Doesn't meet the criteria to be viable node. Heaviness: 6
2019-09-19 10:26:58,192 [RatisPipelineUtilsThread] ERROR pipeline.PipelinePlacementPolicy (PipelinePlacementPolicy.java:meetCriteria(91)) - Pipeline Placement: Doesn't meet the criteria to be viable node. Heaviness: 6
2019-09-19 10:26:58,192 [RatisPipelineUtilsThread] ERROR pipeline.PipelinePlacementPolicy (PipelinePlacementPolicy.java:meetCriteria(91)) - Pipeline Placement: Doesn't meet the criteria to be viable node. Heaviness: 6
2019-09-19 10:26:58,193 [RatisPipelineUtilsThread] ERROR pipeline.PipelinePlacementPolicy (PipelinePlacementPolicy.java:meetCriteria(91)) - Pipeline Placement: Doesn't meet the criteria to be viable node. Heaviness: 6
2019-09-19 10:26:58,193 [RatisPipelineUtilsThread] ERROR pipeline.PipelinePlacementPolicy (PipelinePlacementPolicy.java:meetCriteria(91)) - Pipeline Placement: Doesn't meet the criteria to be viable node. Heaviness: 6
2019-09-19 10:26:58,193 [RatisPipelineUtilsThread] ERROR pipeline.PipelinePlacementPolicy (PipelinePlacementPolicy.java:meetCriteria(91)) - Pipeline Placement: Doesn't meet the criteria to be viable node. Heaviness: 6
2019-09-19 10:26:58,193 [RatisPipelineUtilsThread] ERROR pipeline.PipelinePlacementPolicy (PipelinePlacementPolicy.java:meetCriteria(91)) - Pipeline Placement: Doesn't meet the criteria to be viable node. Heaviness: 6
2019-09-19 10:26:58,199 [grpc-default-executor-0] INFO  impl.RaftServerProxy (RaftServerProxy.java:addNew(89)) - c972e26d-e03f-48a1-a9e9-2dea9337c66d: addNew group-07D41EB7B362:[c972e26d-e03f-48a1-a9e9-2dea9337c66d:192.168.157.204:45216] returns group-07D41EB7B362:java.util.concurrent.CompletableFuture@7b6f556e[Not completed]
2019-09-19 10:26:58,200 [pool-104-thread-1] INFO  impl.RaftServerImpl (RaftServerImpl.java:<init>(93)) - c972e26d-e03f-48a1-a9e9-2dea9337c66d: new RaftServerImpl for group-07D41EB7B362:[c972e26d-e03f-48a1-a9e9-2dea9337c66d:192.168.157.204:45216] with ContainerStateMachine:uninitialized
2019-09-19 10:26:58,201 [pool-104-thread-1] INFO  server.RaftServerConfigKeys (ConfUtils.java:logGet(43)) - raft.server.rpc.timeout.min = 5s (custom)
2019-09-19 10:26:58,201 [pool-104-thread-1] INFO  server.RaftServerConfigKeys (ConfUtils.java:logGet(43)) - raft.server.rpc.timeout.max = 5200ms (custom)
2019-09-19 10:26:58,201 [pool-104-thread-1] INFO  server.RaftServerConfigKeys (ConfUtils.java:logGet(43)) - raft.server.rpcslowness.timeout = 120s (custom)
2019-09-19 10:26:58,201 [pool-104-thread-1] INFO  server.RaftServerConfigKeys (ConfUtils.java:logGet(43)) - raft.server.sleep.deviation.threshold = 300 (default)
2019-09-19 10:26:58,201 [pool-104-thread-1] INFO  server.RaftServerConfigKeys (ConfUtils.java:logGet(43)) - raft.server.log.appender.install.snapshot.enabled = false (custom)
2019-09-19 10:26:58,201 [pool-104-thread-1] INFO  impl.RaftServerImpl (ServerState.java:<init>(105)) - c972e26d-e03f-48a1-a9e9-2dea9337c66d:group-07D41EB7B362 ConfigurationManager, init=-1: [c972e26d-e03f-48a1-a9e9-2dea9337c66d:192.168.157.204:45216], old=null, confs=<EMPTY_MAP>
2019-09-19 10:26:58,201 [pool-104-thread-1] INFO  server.RaftServerConfigKeys (ConfUtils.java:logGet(43)) - raft.server.storage.dir = [/workdir/hadoop-ozone/ozonefs/target/test-dir/MiniOzoneClusterImpl-c4ccaed8-e682-4870-947c-cf1864f77c00/datanode-7/data/ratis] (custom)
2019-09-19 10:26:58,203 [pool-104-thread-1] INFO  storage.RaftStorageDirectory (RaftStorageDirectory.java:analyzeStorage(246)) - The storage directory /workdir/hadoop-ozone/ozonefs/target/test-dir/MiniOzoneClusterImpl-c4ccaed8-e682-4870-947c-cf1864f77c00/datanode-7/data/ratis/d97128a8-c0d2-41ff-996c-07d41eb7b362 does not exist. Creating ...
2019-09-19 10:26:58,228 [Thread-298] INFO  impl.FollowerState (FollowerState.java:run(106)) - f4f61464-0bdf-492b-ac84-d659f01f9139:group-FB90D38A8AAB changes to CANDIDATE, lastRpcTime:5022, electionTimeout:5022ms
2019-09-19 10:26:58,228 [Thread-298] INFO  impl.RoleInfo (RoleInfo.java:shutdownFollowerState(121)) - f4f61464-0bdf-492b-ac84-d659f01f9139: shutdown FollowerState
2019-09-19 10:26:58,228 [Thread-298] INFO  impl.RaftServerImpl (RaftServerImpl.java:setRole(171)) - f4f61464-0bdf-492b-ac84-d659f01f9139:group-FB90D38A8AAB changes role from FOLLOWER to CANDIDATE at term 0 for changeToCandidate
2019-09-19 10:26:58,229 [Thread-298] INFO  impl.RoleInfo (RoleInfo.java:updateAndGet(143)) - f4f61464-0bdf-492b-ac84-d659f01f9139: start LeaderElection
2019-09-19 10:26:58,349 | INFO  | SCMAudit | user=jenkins1000 | ip=192.168.157.204 | op=SEND_HEARTBEAT {datanodeUUID=8b25b6fb-e7f9-4ea8-8d7d-823d8ea82140, command=[]} | ret=SUCCESS |  
2019-09-19 10:26:58,430 [Thread-301] INFO  impl.FollowerState (FollowerState.java:run(106)) - 39513c05-534c-4cc1-a39c-034925eb3fe7:group-804E09E8EC8A changes to CANDIDATE, lastRpcTime:5118, electionTimeout:5118ms
2019-09-19 10:26:58,430 [Thread-301] INFO  impl.RoleInfo (RoleInfo.java:shutdownFollowerState(121)) - 39513c05-534c-4cc1-a39c-034925eb3fe7: shutdown FollowerState
2019-09-19 10:26:58,430 [Thread-301] INFO  impl.RaftServerImpl (RaftServerImpl.java:setRole(171)) - 39513c05-534c-4cc1-a39c-034925eb3fe7:group-804E09E8EC8A changes role from FOLLOWER to CANDIDATE at term 0 for changeToCandidate
2019-09-19 10:26:58,430 [Thread-301] INFO  impl.RoleInfo (RoleInfo.java:updateAndGet(143)) - 39513c05-534c-4cc1-a39c-034925eb3fe7: start LeaderElection
2019-09-19 10:26:58,512 [pool-104-thread-1] INFO  storage.RaftStorageDirectory (RaftStorageDirectory.java:tryLock(328)) - Lock on /workdir/hadoop-ozone/ozonefs/target/test-dir/MiniOzoneClusterImpl-c4ccaed8-e682-4870-947c-cf1864f77c00/datanode-7/data/ratis/d97128a8-c0d2-41ff-996c-07d41eb7b362/in_use.lock acquired by nodename 26715@pr-hdds-1569-cpgw4-1311585219
2019-09-19 10:26:58,512 [f4f61464-0bdf-492b-ac84-d659f01f9139:group-FB90D38A8AAB:LeaderElection5] INFO  impl.LeaderElection (LeaderElection.java:askForVotes(181)) - f4f61464-0bdf-492b-ac84-d659f01f9139:group-FB90D38A8AAB:LeaderElection5: begin an election at term 1 for -1: [f4f61464-0bdf-492b-ac84-d659f01f9139:192.168.157.204:35376], old=null
2019-09-19 10:26:58,512 [f4f61464-0bdf-492b-ac84-d659f01f9139:group-FB90D38A8AAB:LeaderElection5] INFO  impl.RoleInfo (RoleInfo.java:shutdownLeaderElection(134)) - f4f61464-0bdf-492b-ac84-d659f01f9139: shutdown LeaderElection
2019-09-19 10:26:58,512 [f4f61464-0bdf-492b-ac84-d659f01f9139:group-FB90D38A8AAB:LeaderElection5] INFO  impl.RaftServerImpl (RaftServerImpl.java:setRole(171)) - f4f61464-0bdf-492b-ac84-d659f01f9139:group-FB90D38A8AAB changes role from CANDIDATE to LEADER at term 1 for changeToLeader
2019-09-19 10:26:58,513 [f4f61464-0bdf-492b-ac84-d659f01f9139:group-FB90D38A8AAB:LeaderElection5] INFO  impl.RaftServerImpl (ServerState.java:setLeader(263)) - f4f61464-0bdf-492b-ac84-d659f01f9139:group-FB90D38A8AAB change Leader from null to f4f61464-0bdf-492b-ac84-d659f01f9139 at term 1 for becomeLeader, leader elected after 5318ms
2019-09-19 10:26:58,513 [f4f61464-0bdf-492b-ac84-d659f01f9139:group-FB90D38A8AAB:LeaderElection5] INFO  server.RaftServerConfigKeys (ConfUtils.java:logGet(43)) - raft.server.staging.catchup.gap = 1000 (default)
2019-09-19 10:26:58,513 [f4f61464-0bdf-492b-ac84-d659f01f9139:group-FB90D38A8AAB:LeaderElection5] INFO  server.RaftServerConfigKeys (ConfUtils.java:logGet(43)) - raft.server.rpc.sleep.time = 25ms (default)
2019-09-19 10:26:58,513 [f4f61464-0bdf-492b-ac84-d659f01f9139:group-FB90D38A8AAB:LeaderElection5] INFO  server.RaftServerConfigKeys (ConfUtils.java:logGet(43)) - raft.server.write.element-limit = 4096 (default)
2019-09-19 10:26:58,514 [f4f61464-0bdf-492b-ac84-d659f01f9139:group-FB90D38A8AAB:LeaderElection5] INFO  server.RaftServerConfigKeys (ConfUtils.java:logGet(43)) - raft.server.watch.timeout = 10s (default)
2019-09-19 10:26:58,514 [f4f61464-0bdf-492b-ac84-d659f01f9139:group-FB90D38A8AAB:LeaderElection5] INFO  server.RaftServerConfigKeys (ConfUtils.java:logGet(43)) - raft.server.watch.timeout.denomination = 1s (default)
2019-09-19 10:26:58,514 [f4f61464-0bdf-492b-ac84-d659f01f9139:group-FB90D38A8AAB:LeaderElection5] INFO  server.RaftServerConfigKeys (ConfUtils.java:logGet(43)) - raft.server.watch.element-limit = 65536 (default)
2019-09-19 10:26:58,514 [f4f61464-0bdf-492b-ac84-d659f01f9139:group-FB90D38A8AAB:LeaderElection5] INFO  impl.RoleInfo (RoleInfo.java:updateAndGet(143)) - f4f61464-0bdf-492b-ac84-d659f01f9139: start LeaderState
2019-09-19 10:26:58,515 [f4f61464-0bdf-492b-ac84-d659f01f9139:group-FB90D38A8AAB:LeaderElection5] INFO  segmented.SegmentedRaftLogWorker (SegmentedRaftLogWorker.java:startLogSegment(380)) - f4f61464-0bdf-492b-ac84-d659f01f9139-SegmentedRaftLogWorker:Storage Directory /workdir/hadoop-ozone/ozonefs/target/test-dir/MiniOzoneClusterImpl-c4ccaed8-e682-4870-947c-cf1864f77c00/datanode-0/data/ratis/426b2697-c1be-4543-a9e7-fb90d38a8aab: Starting segment from index:0
2019-09-19 10:26:58,515 [f4f61464-0bdf-492b-ac84-d659f01f9139:group-FB90D38A8AAB:LeaderElection5] INFO  impl.RaftServerImpl (ServerState.java:setRaftConf(361)) - f4f61464-0bdf-492b-ac84-d659f01f9139:group-FB90D38A8AAB set configuration 0: [f4f61464-0bdf-492b-ac84-d659f01f9139:192.168.157.204:35376], old=null at 0
2019-09-19 10:26:58,519 [pool-104-thread-1] INFO  storage.RaftStorage (RaftStorage.java:format(72)) - Storage directory /workdir/hadoop-ozone/ozonefs/target/test-dir/MiniOzoneClusterImpl-c4ccaed8-e682-4870-947c-cf1864f77c00/datanode-7/data/ratis/d97128a8-c0d2-41ff-996c-07d41eb7b362 has been successfully formatted.
2019-09-19 10:26:58,519 [39513c05-534c-4cc1-a39c-034925eb3fe7:group-804E09E8EC8A:LeaderElection6] INFO  impl.LeaderElection (LeaderElection.java:askForVotes(181)) - 39513c05-534c-4cc1-a39c-034925eb3fe7:group-804E09E8EC8A:LeaderElection6: begin an election at term 1 for -1: [39513c05-534c-4cc1-a39c-034925eb3fe7:192.168.157.204:32932], old=null
2019-09-19 10:26:58,519 [pool-104-thread-1] INFO  ratis.ContainerStateMachine (ContainerStateMachine.java:loadSnapshot(226)) - group-07D41EB7B362: The snapshot info is null. Setting the last applied indexto:(t:0, i:~)
2019-09-19 10:26:58,519 [39513c05-534c-4cc1-a39c-034925eb3fe7:group-804E09E8EC8A:LeaderElection6] INFO  impl.RoleInfo (RoleInfo.java:shutdownLeaderElection(134)) - 39513c05-534c-4cc1-a39c-034925eb3fe7: shutdown LeaderElection
2019-09-19 10:26:58,519 [pool-104-thread-1] INFO  server.RaftServerConfigKeys (ConfUtils.java:logGet(43)) - raft.server.leader.election.timeout = 120s (custom)
2019-09-19 10:26:58,520 [39513c05-534c-4cc1-a39c-034925eb3fe7:group-804E09E8EC8A:LeaderElection6] INFO  impl.RaftServerImpl (RaftServerImpl.java:setRole(171)) - 39513c05-534c-4cc1-a39c-034925eb3fe7:group-804E09E8EC8A changes role from CANDIDATE to LEADER at term 1 for changeToLeader
2019-09-19 10:26:58,520 [pool-104-thread-1] INFO  server.RaftServerConfigKeys (ConfUtils.java:logGet(43)) - raft.server.log.use.memory = false (default)
2019-09-19 10:26:58,520 [39513c05-534c-4cc1-a39c-034925eb3fe7:group-804E09E8EC8A:LeaderElection6] INFO  impl.RaftServerImpl (ServerState.java:setLeader(263)) - 39513c05-534c-4cc1-a39c-034925eb3fe7:group-804E09E8EC8A change Leader from null to 39513c05-534c-4cc1-a39c-034925eb3fe7 at term 1 for becomeLeader, leader elected after 5213ms
2019-09-19 10:26:58,520 [pool-104-thread-1] INFO  server.RaftServerConfigKeys (ConfUtils.java:logGet(43)) - raft.server.log.purge.gap = 1000000 (custom)
2019-09-19 10:26:58,520 [39513c05-534c-4cc1-a39c-034925eb3fe7:group-804E09E8EC8A:LeaderElection6] INFO  server.RaftServerConfigKeys (ConfUtils.java:logGet(43)) - raft.server.staging.catchup.gap = 1000 (default)
2019-09-19 10:26:58,520 [pool-104-thread-1] INFO  server.RaftServerConfigKeys (ConfUtils.java:logGet(43)) - raft.server.log.appender.buffer.byte-limit = 33554432 (custom)
2019-09-19 10:26:58,520 [39513c05-534c-4cc1-a39c-034925eb3fe7:group-804E09E8EC8A:LeaderElection6] INFO  server.RaftServerConfigKeys (ConfUtils.java:logGet(43)) - raft.server.rpc.sleep.time = 25ms (default)
2019-09-19 10:26:58,521 [pool-104-thread-1] INFO  server.RaftServerConfigKeys (ConfUtils.java:logGet(43)) - raft.server.log.segment.size.max = 1048576 (custom)
2019-09-19 10:26:58,521 [39513c05-534c-4cc1-a39c-034925eb3fe7:group-804E09E8EC8A:LeaderElection6] INFO  server.RaftServerConfigKeys (ConfUtils.java:logGet(43)) - raft.server.write.element-limit = 4096 (default)
2019-09-19 10:26:58,521 [pool-104-thread-1] INFO  server.RaftServerConfigKeys (ConfUtils.java:logGet(43)) - raft.server.log.segment.cache.num.max = 2 (custom)
2019-09-19 10:26:58,521 [39513c05-534c-4cc1-a39c-034925eb3fe7:group-804E09E8EC8A:LeaderElection6] INFO  server.RaftServerConfigKeys (ConfUtils.java:logGet(43)) - raft.server.watch.timeout = 10s (default)
2019-09-19 10:26:58,521 [pool-104-thread-1] INFO  segmented.SegmentedRaftLogWorker (SegmentedRaftLogWorker.java:<init>(172)) - new c972e26d-e03f-48a1-a9e9-2dea9337c66d-SegmentedRaftLogWorker:Storage Directory /workdir/hadoop-ozone/ozonefs/target/test-dir/MiniOzoneClusterImpl-c4ccaed8-e682-4870-947c-cf1864f77c00/datanode-7/data/ratis/d97128a8-c0d2-41ff-996c-07d41eb7b362 for RaftStorage:Storage Directory /workdir/hadoop-ozone/ozonefs/target/test-dir/MiniOzoneClusterImpl-c4ccaed8-e682-4870-947c-cf1864f77c00/datanode-7/data/ratis/d97128a8-c0d2-41ff-996c-07d41eb7b362
2019-09-19 10:26:58,521 [39513c05-534c-4cc1-a39c-034925eb3fe7:group-804E09E8EC8A:LeaderElection6] INFO  server.RaftServerConfigKeys (ConfUtils.java:logGet(43)) - raft.server.watch.timeout.denomination = 1s (default)
2019-09-19 10:26:58,521 [pool-104-thread-1] INFO  server.RaftServerConfigKeys (ConfUtils.java:logGet(43)) - raft.server.log.queue.byte-limit = 2147483647 (custom)
2019-09-19 10:26:58,521 [39513c05-534c-4cc1-a39c-034925eb3fe7:group-804E09E8EC8A:LeaderElection6] INFO  server.RaftServerConfigKeys (ConfUtils.java:logGet(43)) - raft.server.watch.element-limit = 65536 (default)
2019-09-19 10:26:58,522 [pool-104-thread-1] INFO  server.RaftServerConfigKeys (ConfUtils.java:logGet(43)) - raft.server.log.queue.element-limit = 1024 (custom)
2019-09-19 10:26:58,522 [39513c05-534c-4cc1-a39c-034925eb3fe7:group-804E09E8EC8A:LeaderElection6] INFO  impl.RoleInfo (RoleInfo.java:updateAndGet(143)) - 39513c05-534c-4cc1-a39c-034925eb3fe7: start LeaderState
2019-09-19 10:26:58,522 [pool-104-thread-1] INFO  server.RaftServerConfigKeys (ConfUtils.java:logGet(43)) - raft.server.log.segment.size.max = 1048576 (custom)
2019-09-19 10:26:58,522 [39513c05-534c-4cc1-a39c-034925eb3fe7:group-804E09E8EC8A:LeaderElection6] INFO  segmented.SegmentedRaftLogWorker (SegmentedRaftLogWorker.java:startLogSegment(380)) - 39513c05-534c-4cc1-a39c-034925eb3fe7-SegmentedRaftLogWorker:Storage Directory /workdir/hadoop-ozone/ozonefs/target/test-dir/MiniOzoneClusterImpl-c4ccaed8-e682-4870-947c-cf1864f77c00/datanode-9/data/ratis/ceb512e5-ac14-414a-8fcb-804e09e8ec8a: Starting segment from index:0
2019-09-19 10:26:58,522 [pool-104-thread-1] INFO  server.RaftServerConfigKeys (ConfUtils.java:logGet(43)) - raft.server.log.preallocated.size = 16384 (custom)
2019-09-19 10:26:58,522 [pool-104-thread-1] INFO  server.RaftServerConfigKeys (ConfUtils.java:logGet(43)) - raft.server.log.write.buffer.size = 33554432 (custom)
2019-09-19 10:26:58,523 [pool-104-thread-1] INFO  server.RaftServerConfigKeys (ConfUtils.java:logGet(43)) - raft.server.log.force.sync.num = 128 (default)
2019-09-19 10:26:58,523 [39513c05-534c-4cc1-a39c-034925eb3fe7:group-804E09E8EC8A:LeaderElection6] INFO  impl.RaftServerImpl (ServerState.java:setRaftConf(361)) - 39513c05-534c-4cc1-a39c-034925eb3fe7:group-804E09E8EC8A set configuration 0: [39513c05-534c-4cc1-a39c-034925eb3fe7:192.168.157.204:32932], old=null at 0
2019-09-19 10:26:58,523 [pool-104-thread-1] INFO  server.RaftServerConfigKeys (ConfUtils.java:logGet(43)) - raft.server.log.statemachine.data.sync = true (default)
2019-09-19 10:26:58,564 [pool-104-thread-1] INFO  server.RaftServerConfigKeys (ConfUtils.java:logGet(43)) - raft.server.log.statemachine.data.sync.timeout = 10s (default)
2019-09-19 10:26:58,564 [pool-104-thread-1] INFO  server.RaftServerConfigKeys (ConfUtils.java:logGet(43)) - raft.server.log.statemachine.data.sync.timeout.retry = -1 (default)
2019-09-19 10:26:58,565 [pool-104-thread-1] INFO  server.RaftServerConfigKeys (ConfUtils.java:logGet(43)) - raft.server.log.statemachine.data.caching.enabled = true (custom)
2019-09-19 10:26:58,565 [pool-104-thread-1] INFO  segmented.SegmentedRaftLogWorker (SegmentedRaftLogWorker.java:lambda$new$0(132)) - c972e26d-e03f-48a1-a9e9-2dea9337c66d-SegmentedRaftLogWorker:Storage Directory /workdir/hadoop-ozone/ozonefs/target/test-dir/MiniOzoneClusterImpl-c4ccaed8-e682-4870-947c-cf1864f77c00/datanode-7/data/ratis/d97128a8-c0d2-41ff-996c-07d41eb7b362: flushIndex: setUnconditionally 0 -> -1
2019-09-19 10:26:58,565 [pool-104-thread-1] INFO  server.RaftServerConfigKeys (ConfUtils.java:logGet(43)) - raft.server.snapshot.auto.trigger.enabled = true (custom)
2019-09-19 10:26:58,566 [pool-104-thread-1] INFO  server.RaftServerConfigKeys (ConfUtils.java:logGet(43)) - raft.server.snapshot.auto.trigger.threshold = 10000 (custom)
2019-09-19 10:26:58,566 [pool-104-thread-1] INFO  server.RaftServerConfigKeys (ConfUtils.java:logGet(43)) - raft.server.retrycache.expirytime = 600000ms (custom)
2019-09-19 10:26:58,566 [pool-104-thread-1] INFO  impl.RaftServerImpl (RaftServerImpl.java:start(180)) - c972e26d-e03f-48a1-a9e9-2dea9337c66d: start group-07D41EB7B362
2019-09-19 10:26:58,566 [pool-104-thread-1] INFO  impl.RaftServerImpl (RaftServerImpl.java:setRole(171)) - c972e26d-e03f-48a1-a9e9-2dea9337c66d:group-07D41EB7B362 changes role from null to FOLLOWER at term 0 for startAsFollower
2019-09-19 10:26:58,567 [pool-104-thread-1] INFO  impl.RoleInfo (RoleInfo.java:updateAndGet(143)) - c972e26d-e03f-48a1-a9e9-2dea9337c66d: start FollowerState
2019-09-19 10:26:58,567 [pool-104-thread-1] INFO  util.JmxRegister (JmxRegister.java:tryRegister(44)) - Successfully registered JMX Bean with object name Ratis:service=RaftServer,group=group-07D41EB7B362,id=c972e26d-e03f-48a1-a9e9-2dea9337c66d
2019-09-19 10:26:58,570 [RatisPipelineUtilsThread] INFO  pipeline.PipelineStateManager (PipelineStateManager.java:addPipeline(56)) - Created pipeline Pipeline[ Id: d97128a8-c0d2-41ff-996c-07d41eb7b362, Nodes: c972e26d-e03f-48a1-a9e9-2dea9337c66d{ip: 192.168.157.204, host: pr-hdds-1569-cpgw4-1311585219, networkLocation: /default-rack, certSerialId: null}, Type:RATIS, Factor:ONE, State:OPEN]
2019-09-19 10:26:58,571 [RatisPipelineUtilsThread] ERROR pipeline.PipelinePlacementPolicy (PipelinePlacementPolicy.java:meetCriteria(91)) - Pipeline Placement: Doesn't meet the criteria to be viable node. Heaviness: 6
2019-09-19 10:26:58,571 [RatisPipelineUtilsThread] ERROR pipeline.PipelinePlacementPolicy (PipelinePlacementPolicy.java:meetCriteria(91)) - Pipeline Placement: Doesn't meet the criteria to be viable node. Heaviness: 6
2019-09-19 10:26:58,571 [RatisPipelineUtilsThread] ERROR pipeline.PipelinePlacementPolicy (PipelinePlacementPolicy.java:meetCriteria(91)) - Pipeline Placement: Doesn't meet the criteria to be viable node. Heaviness: 6
2019-09-19 10:26:58,571 [RatisPipelineUtilsThread] ERROR pipeline.PipelinePlacementPolicy (PipelinePlacementPolicy.java:meetCriteria(91)) - Pipeline Placement: Doesn't meet the criteria to be viable node. Heaviness: 6
2019-09-19 10:26:58,571 [RatisPipelineUtilsThread] ERROR pipeline.PipelinePlacementPolicy (PipelinePlacementPolicy.java:meetCriteria(91)) - Pipeline Placement: Doesn't meet the criteria to be viable node. Heaviness: 6
2019-09-19 10:26:58,571 [RatisPipelineUtilsThread] ERROR pipeline.PipelinePlacementPolicy (PipelinePlacementPolicy.java:meetCriteria(91)) - Pipeline Placement: Doesn't meet the criteria to be viable node. Heaviness: 6
2019-09-19 10:26:58,571 [RatisPipelineUtilsThread] ERROR pipeline.PipelinePlacementPolicy (PipelinePlacementPolicy.java:meetCriteria(91)) - Pipeline Placement: Doesn't meet the criteria to be viable node. Heaviness: 6
2019-09-19 10:26:58,571 [39513c05-534c-4cc1-a39c-034925eb3fe7-SegmentedRaftLogWorker:Storage Directory /workdir/hadoop-ozone/ozonefs/target/test-dir/MiniOzoneClusterImpl-c4ccaed8-e682-4870-947c-cf1864f77c00/datanode-9/data/ratis/ceb512e5-ac14-414a-8fcb-804e09e8ec8a] INFO  segmented.SegmentedRaftLogWorker (SegmentedRaftLogWorker.java:execute(569)) - 39513c05-534c-4cc1-a39c-034925eb3fe7-SegmentedRaftLogWorker:Storage Directory /workdir/hadoop-ozone/ozonefs/target/test-dir/MiniOzoneClusterImpl-c4ccaed8-e682-4870-947c-cf1864f77c00/datanode-9/data/ratis/ceb512e5-ac14-414a-8fcb-804e09e8ec8a: created new log segment /workdir/hadoop-ozone/ozonefs/target/test-dir/MiniOzoneClusterImpl-c4ccaed8-e682-4870-947c-cf1864f77c00/datanode-9/data/ratis/ceb512e5-ac14-414a-8fcb-804e09e8ec8a/current/log_inprogress_0
2019-09-19 10:26:58,571 [f4f61464-0bdf-492b-ac84-d659f01f9139-SegmentedRaftLogWorker:Storage Directory /workdir/hadoop-ozone/ozonefs/target/test-dir/MiniOzoneClusterImpl-c4ccaed8-e682-4870-947c-cf1864f77c00/datanode-0/data/ratis/426b2697-c1be-4543-a9e7-fb90d38a8aab] INFO  segmented.SegmentedRaftLogWorker (SegmentedRaftLogWorker.java:execute(569)) - f4f61464-0bdf-492b-ac84-d659f01f9139-SegmentedRaftLogWorker:Storage Directory /workdir/hadoop-ozone/ozonefs/target/test-dir/MiniOzoneClusterImpl-c4ccaed8-e682-4870-947c-cf1864f77c00/datanode-0/data/ratis/426b2697-c1be-4543-a9e7-fb90d38a8aab: created new log segment /workdir/hadoop-ozone/ozonefs/target/test-dir/MiniOzoneClusterImpl-c4ccaed8-e682-4870-947c-cf1864f77c00/datanode-0/data/ratis/426b2697-c1be-4543-a9e7-fb90d38a8aab/current/log_inprogress_0
2019-09-19 10:26:58,578 [grpc-default-executor-0] INFO  impl.RaftServerProxy (RaftServerProxy.java:addNew(89)) - c972e26d-e03f-48a1-a9e9-2dea9337c66d: addNew group-408089282ED5:[c972e26d-e03f-48a1-a9e9-2dea9337c66d:192.168.157.204:45216] returns group-408089282ED5:java.util.concurrent.CompletableFuture@7d7b9c0b[Not completed]
2019-09-19 10:26:58,579 | INFO  | SCMAudit | user=jenkins1000 | ip=192.168.157.204 | op=SEND_HEARTBEAT {datanodeUUID=c972e26d-e03f-48a1-a9e9-2dea9337c66d, command=[]} | ret=SUCCESS |  
2019-09-19 10:26:58,579 [pool-104-thread-1] INFO  impl.RaftServerImpl (RaftServerImpl.java:<init>(93)) - c972e26d-e03f-48a1-a9e9-2dea9337c66d: new RaftServerImpl for group-408089282ED5:[c972e26d-e03f-48a1-a9e9-2dea9337c66d:192.168.157.204:45216] with ContainerStateMachine:uninitialized
2019-09-19 10:26:58,579 [pool-104-thread-1] INFO  server.RaftServerConfigKeys (ConfUtils.java:logGet(43)) - raft.server.rpc.timeout.min = 5s (custom)
2019-09-19 10:26:58,579 [pool-104-thread-1] INFO  server.RaftServerConfigKeys (ConfUtils.java:logGet(43)) - raft.server.rpc.timeout.max = 5200ms (custom)
2019-09-19 10:26:58,580 [pool-104-thread-1] INFO  server.RaftServerConfigKeys (ConfUtils.java:logGet(43)) - raft.server.rpcslowness.timeout = 120s (custom)
2019-09-19 10:26:58,580 [pool-104-thread-1] INFO  server.RaftServerConfigKeys (ConfUtils.java:logGet(43)) - raft.server.sleep.deviation.threshold = 300 (default)
2019-09-19 10:26:58,580 [pool-104-thread-1] INFO  server.RaftServerConfigKeys (ConfUtils.java:logGet(43)) - raft.server.log.appender.install.snapshot.enabled = false (custom)
2019-09-19 10:26:58,580 [pool-104-thread-1] INFO  impl.RaftServerImpl (ServerState.java:<init>(105)) - c972e26d-e03f-48a1-a9e9-2dea9337c66d:group-408089282ED5 ConfigurationManager, init=-1: [c972e26d-e03f-48a1-a9e9-2dea9337c66d:192.168.157.204:45216], old=null, confs=<EMPTY_MAP>
2019-09-19 10:26:58,580 [pool-104-thread-1] INFO  server.RaftServerConfigKeys (ConfUtils.java:logGet(43)) - raft.server.storage.dir = [/workdir/hadoop-ozone/ozonefs/target/test-dir/MiniOzoneClusterImpl-c4ccaed8-e682-4870-947c-cf1864f77c00/datanode-7/data/ratis] (custom)
2019-09-19 10:26:58,581 [pool-104-thread-1] INFO  storage.RaftStorageDirectory (RaftStorageDirectory.java:analyzeStorage(246)) - The storage directory /workdir/hadoop-ozone/ozonefs/target/test-dir/MiniOzoneClusterImpl-c4ccaed8-e682-4870-947c-cf1864f77c00/datanode-7/data/ratis/4243327d-4e22-4677-85c6-408089282ed5 does not exist. Creating ...
2019-09-19 10:26:58,585 [pool-104-thread-1] INFO  storage.RaftStorageDirectory (RaftStorageDirectory.java:tryLock(328)) - Lock on /workdir/hadoop-ozone/ozonefs/target/test-dir/MiniOzoneClusterImpl-c4ccaed8-e682-4870-947c-cf1864f77c00/datanode-7/data/ratis/4243327d-4e22-4677-85c6-408089282ed5/in_use.lock acquired by nodename 26715@pr-hdds-1569-cpgw4-1311585219
2019-09-19 10:26:58,606 [pool-104-thread-1] INFO  storage.RaftStorage (RaftStorage.java:format(72)) - Storage directory /workdir/hadoop-ozone/ozonefs/target/test-dir/MiniOzoneClusterImpl-c4ccaed8-e682-4870-947c-cf1864f77c00/datanode-7/data/ratis/4243327d-4e22-4677-85c6-408089282ed5 has been successfully formatted.
2019-09-19 10:26:58,606 [pool-104-thread-1] INFO  ratis.ContainerStateMachine (ContainerStateMachine.java:loadSnapshot(226)) - group-408089282ED5: The snapshot info is null. Setting the last applied indexto:(t:0, i:~)
2019-09-19 10:26:58,607 [pool-104-thread-1] INFO  server.RaftServerConfigKeys (ConfUtils.java:logGet(43)) - raft.server.leader.election.timeout = 120s (custom)
2019-09-19 10:26:58,607 [pool-104-thread-1] INFO  server.RaftServerConfigKeys (ConfUtils.java:logGet(43)) - raft.server.log.use.memory = false (default)
2019-09-19 10:26:58,607 [pool-104-thread-1] INFO  server.RaftServerConfigKeys (ConfUtils.java:logGet(43)) - raft.server.log.purge.gap = 1000000 (custom)
2019-09-19 10:26:58,607 [pool-104-thread-1] INFO  server.RaftServerConfigKeys (ConfUtils.java:logGet(43)) - raft.server.log.appender.buffer.byte-limit = 33554432 (custom)
2019-09-19 10:26:58,607 [pool-104-thread-1] INFO  server.RaftServerConfigKeys (ConfUtils.java:logGet(43)) - raft.server.log.segment.size.max = 1048576 (custom)
2019-09-19 10:26:58,608 [pool-104-thread-1] INFO  server.RaftServerConfigKeys (ConfUtils.java:logGet(43)) - raft.server.log.segment.cache.num.max = 2 (custom)
2019-09-19 10:26:58,608 [pool-104-thread-1] INFO  segmented.SegmentedRaftLogWorker (SegmentedRaftLogWorker.java:<init>(172)) - new c972e26d-e03f-48a1-a9e9-2dea9337c66d-SegmentedRaftLogWorker:Storage Directory /workdir/hadoop-ozone/ozonefs/target/test-dir/MiniOzoneClusterImpl-c4ccaed8-e682-4870-947c-cf1864f77c00/datanode-7/data/ratis/4243327d-4e22-4677-85c6-408089282ed5 for RaftStorage:Storage Directory /workdir/hadoop-ozone/ozonefs/target/test-dir/MiniOzoneClusterImpl-c4ccaed8-e682-4870-947c-cf1864f77c00/datanode-7/data/ratis/4243327d-4e22-4677-85c6-408089282ed5
2019-09-19 10:26:58,608 [pool-104-thread-1] INFO  server.RaftServerConfigKeys (ConfUtils.java:logGet(43)) - raft.server.log.queue.byte-limit = 2147483647 (custom)
2019-09-19 10:26:58,608 [pool-104-thread-1] INFO  server.RaftServerConfigKeys (ConfUtils.java:logGet(43)) - raft.server.log.queue.element-limit = 1024 (custom)
2019-09-19 10:26:58,608 [pool-104-thread-1] INFO  server.RaftServerConfigKeys (ConfUtils.java:logGet(43)) - raft.server.log.segment.size.max = 1048576 (custom)
2019-09-19 10:26:58,608 [pool-104-thread-1] INFO  server.RaftServerConfigKeys (ConfUtils.java:logGet(43)) - raft.server.log.preallocated.size = 16384 (custom)
2019-09-19 10:26:58,609 [pool-104-thread-1] INFO  server.RaftServerConfigKeys (ConfUtils.java:logGet(43)) - raft.server.log.write.buffer.size = 33554432 (custom)
2019-09-19 10:26:58,609 [pool-104-thread-1] INFO  server.RaftServerConfigKeys (ConfUtils.java:logGet(43)) - raft.server.log.force.sync.num = 128 (default)
2019-09-19 10:26:58,609 [pool-104-thread-1] INFO  server.RaftServerConfigKeys (ConfUtils.java:logGet(43)) - raft.server.log.statemachine.data.sync = true (default)
2019-09-19 10:26:58,609 [pool-104-thread-1] INFO  server.RaftServerConfigKeys (ConfUtils.java:logGet(43)) - raft.server.log.statemachine.data.sync.timeout = 10s (default)
2019-09-19 10:26:58,609 [pool-104-thread-1] INFO  server.RaftServerConfigKeys (ConfUtils.java:logGet(43)) - raft.server.log.statemachine.data.sync.timeout.retry = -1 (default)
2019-09-19 10:26:58,610 [pool-104-thread-1] INFO  server.RaftServerConfigKeys (ConfUtils.java:logGet(43)) - raft.server.log.statemachine.data.caching.enabled = true (custom)
2019-09-19 10:26:58,610 [pool-104-thread-1] INFO  segmented.SegmentedRaftLogWorker (SegmentedRaftLogWorker.java:lambda$new$0(132)) - c972e26d-e03f-48a1-a9e9-2dea9337c66d-SegmentedRaftLogWorker:Storage Directory /workdir/hadoop-ozone/ozonefs/target/test-dir/MiniOzoneClusterImpl-c4ccaed8-e682-4870-947c-cf1864f77c00/datanode-7/data/ratis/4243327d-4e22-4677-85c6-408089282ed5: flushIndex: setUnconditionally 0 -> -1
2019-09-19 10:26:58,610 [pool-104-thread-1] INFO  server.RaftServerConfigKeys (ConfUtils.java:logGet(43)) - raft.server.snapshot.auto.trigger.enabled = true (custom)
2019-09-19 10:26:58,611 [pool-104-thread-1] INFO  server.RaftServerConfigKeys (ConfUtils.java:logGet(43)) - raft.server.snapshot.auto.trigger.threshold = 10000 (custom)
2019-09-19 10:26:58,611 [pool-104-thread-1] INFO  server.RaftServerConfigKeys (ConfUtils.java:logGet(43)) - raft.server.retrycache.expirytime = 600000ms (custom)
2019-09-19 10:26:58,611 [pool-104-thread-1] INFO  impl.RaftServerImpl (RaftServerImpl.java:start(180)) - c972e26d-e03f-48a1-a9e9-2dea9337c66d: start group-408089282ED5
2019-09-19 10:26:58,611 [pool-104-thread-1] INFO  impl.RaftServerImpl (RaftServerImpl.java:setRole(171)) - c972e26d-e03f-48a1-a9e9-2dea9337c66d:group-408089282ED5 changes role from null to FOLLOWER at term 0 for startAsFollower
2019-09-19 10:26:58,612 [pool-104-thread-1] INFO  impl.RoleInfo (RoleInfo.java:updateAndGet(143)) - c972e26d-e03f-48a1-a9e9-2dea9337c66d: start FollowerState
2019-09-19 10:26:58,612 [pool-104-thread-1] INFO  util.JmxRegister (JmxRegister.java:tryRegister(44)) - Successfully registered JMX Bean with object name Ratis:service=RaftServer,group=group-408089282ED5,id=c972e26d-e03f-48a1-a9e9-2dea9337c66d
2019-09-19 10:26:58,615 [RatisPipelineUtilsThread] INFO  pipeline.PipelineStateManager (PipelineStateManager.java:addPipeline(56)) - Created pipeline Pipeline[ Id: 4243327d-4e22-4677-85c6-408089282ed5, Nodes: c972e26d-e03f-48a1-a9e9-2dea9337c66d{ip: 192.168.157.204, host: pr-hdds-1569-cpgw4-1311585219, networkLocation: /default-rack, certSerialId: null}, Type:RATIS, Factor:ONE, State:OPEN]
2019-09-19 10:26:58,615 [RatisPipelineUtilsThread] ERROR pipeline.PipelinePlacementPolicy (PipelinePlacementPolicy.java:meetCriteria(91)) - Pipeline Placement: Doesn't meet the criteria to be viable node. Heaviness: 6
2019-09-19 10:26:58,616 [RatisPipelineUtilsThread] ERROR pipeline.PipelinePlacementPolicy (PipelinePlacementPolicy.java:meetCriteria(91)) - Pipeline Placement: Doesn't meet the criteria to be viable node. Heaviness: 6
2019-09-19 10:26:58,616 [RatisPipelineUtilsThread] ERROR pipeline.PipelinePlacementPolicy (PipelinePlacementPolicy.java:meetCriteria(91)) - Pipeline Placement: Doesn't meet the criteria to be viable node. Heaviness: 6
2019-09-19 10:26:58,616 [RatisPipelineUtilsThread] ERROR pipeline.PipelinePlacementPolicy (PipelinePlacementPolicy.java:meetCriteria(91)) - Pipeline Placement: Doesn't meet the criteria to be viable node. Heaviness: 6
2019-09-19 10:26:58,616 [RatisPipelineUtilsThread] ERROR pipeline.PipelinePlacementPolicy (PipelinePlacementPolicy.java:meetCriteria(91)) - Pipeline Placement: Doesn't meet the criteria to be viable node. Heaviness: 6
2019-09-19 10:26:58,616 [RatisPipelineUtilsThread] ERROR pipeline.PipelinePlacementPolicy (PipelinePlacementPolicy.java:meetCriteria(91)) - Pipeline Placement: Doesn't meet the criteria to be viable node. Heaviness: 6
2019-09-19 10:26:58,616 [RatisPipelineUtilsThread] ERROR pipeline.PipelinePlacementPolicy (PipelinePlacementPolicy.java:meetCriteria(91)) - Pipeline Placement: Doesn't meet the criteria to be viable node. Heaviness: 6
2019-09-19 10:26:58,622 [grpc-default-executor-0] INFO  impl.RaftServerProxy (RaftServerProxy.java:addNew(89)) - c972e26d-e03f-48a1-a9e9-2dea9337c66d: addNew group-D29441FD3CDD:[c972e26d-e03f-48a1-a9e9-2dea9337c66d:192.168.157.204:45216] returns group-D29441FD3CDD:java.util.concurrent.CompletableFuture@56f4d4ed[Not completed]
2019-09-19 10:26:58,624 [pool-104-thread-1] INFO  impl.RaftServerImpl (RaftServerImpl.java:<init>(93)) - c972e26d-e03f-48a1-a9e9-2dea9337c66d: new RaftServerImpl for group-D29441FD3CDD:[c972e26d-e03f-48a1-a9e9-2dea9337c66d:192.168.157.204:45216] with ContainerStateMachine:uninitialized
2019-09-19 10:26:58,624 [pool-104-thread-1] INFO  server.RaftServerConfigKeys (ConfUtils.java:logGet(43)) - raft.server.rpc.timeout.min = 5s (custom)
2019-09-19 10:26:58,624 [pool-104-thread-1] INFO  server.RaftServerConfigKeys (ConfUtils.java:logGet(43)) - raft.server.rpc.timeout.max = 5200ms (custom)
2019-09-19 10:26:58,624 [pool-104-thread-1] INFO  server.RaftServerConfigKeys (ConfUtils.java:logGet(43)) - raft.server.rpcslowness.timeout = 120s (custom)
2019-09-19 10:26:58,624 [pool-104-thread-1] INFO  server.RaftServerConfigKeys (ConfUtils.java:logGet(43)) - raft.server.sleep.deviation.threshold = 300 (default)
2019-09-19 10:26:58,624 [pool-104-thread-1] INFO  server.RaftServerConfigKeys (ConfUtils.java:logGet(43)) - raft.server.log.appender.install.snapshot.enabled = false (custom)
2019-09-19 10:26:58,625 [pool-104-thread-1] INFO  impl.RaftServerImpl (ServerState.java:<init>(105)) - c972e26d-e03f-48a1-a9e9-2dea9337c66d:group-D29441FD3CDD ConfigurationManager, init=-1: [c972e26d-e03f-48a1-a9e9-2dea9337c66d:192.168.157.204:45216], old=null, confs=<EMPTY_MAP>
2019-09-19 10:26:58,625 [pool-104-thread-1] INFO  server.RaftServerConfigKeys (ConfUtils.java:logGet(43)) - raft.server.storage.dir = [/workdir/hadoop-ozone/ozonefs/target/test-dir/MiniOzoneClusterImpl-c4ccaed8-e682-4870-947c-cf1864f77c00/datanode-7/data/ratis] (custom)
2019-09-19 10:26:58,625 [pool-104-thread-1] INFO  storage.RaftStorageDirectory (RaftStorageDirectory.java:analyzeStorage(246)) - The storage directory /workdir/hadoop-ozone/ozonefs/target/test-dir/MiniOzoneClusterImpl-c4ccaed8-e682-4870-947c-cf1864f77c00/datanode-7/data/ratis/03ff9907-d8a7-4fb4-a560-d29441fd3cdd does not exist. Creating ...
2019-09-19 10:26:58,630 [pool-104-thread-1] INFO  storage.RaftStorageDirectory (RaftStorageDirectory.java:tryLock(328)) - Lock on /workdir/hadoop-ozone/ozonefs/target/test-dir/MiniOzoneClusterImpl-c4ccaed8-e682-4870-947c-cf1864f77c00/datanode-7/data/ratis/03ff9907-d8a7-4fb4-a560-d29441fd3cdd/in_use.lock acquired by nodename 26715@pr-hdds-1569-cpgw4-1311585219
2019-09-19 10:26:58,644 [pool-104-thread-1] INFO  storage.RaftStorage (RaftStorage.java:format(72)) - Storage directory /workdir/hadoop-ozone/ozonefs/target/test-dir/MiniOzoneClusterImpl-c4ccaed8-e682-4870-947c-cf1864f77c00/datanode-7/data/ratis/03ff9907-d8a7-4fb4-a560-d29441fd3cdd has been successfully formatted.
2019-09-19 10:26:58,644 [pool-104-thread-1] INFO  ratis.ContainerStateMachine (ContainerStateMachine.java:loadSnapshot(226)) - group-D29441FD3CDD: The snapshot info is null. Setting the last applied indexto:(t:0, i:~)
2019-09-19 10:26:58,644 [pool-104-thread-1] INFO  server.RaftServerConfigKeys (ConfUtils.java:logGet(43)) - raft.server.leader.election.timeout = 120s (custom)
2019-09-19 10:26:58,644 [pool-104-thread-1] INFO  server.RaftServerConfigKeys (ConfUtils.java:logGet(43)) - raft.server.log.use.memory = false (default)
2019-09-19 10:26:58,645 [pool-104-thread-1] INFO  server.RaftServerConfigKeys (ConfUtils.java:logGet(43)) - raft.server.log.purge.gap = 1000000 (custom)
2019-09-19 10:26:58,645 [pool-104-thread-1] INFO  server.RaftServerConfigKeys (ConfUtils.java:logGet(43)) - raft.server.log.appender.buffer.byte-limit = 33554432 (custom)
2019-09-19 10:26:58,645 [pool-104-thread-1] INFO  server.RaftServerConfigKeys (ConfUtils.java:logGet(43)) - raft.server.log.segment.size.max = 1048576 (custom)
2019-09-19 10:26:58,645 [pool-104-thread-1] INFO  server.RaftServerConfigKeys (ConfUtils.java:logGet(43)) - raft.server.log.segment.cache.num.max = 2 (custom)
2019-09-19 10:26:58,645 [pool-104-thread-1] INFO  segmented.SegmentedRaftLogWorker (SegmentedRaftLogWorker.java:<init>(172)) - new c972e26d-e03f-48a1-a9e9-2dea9337c66d-SegmentedRaftLogWorker:Storage Directory /workdir/hadoop-ozone/ozonefs/target/test-dir/MiniOzoneClusterImpl-c4ccaed8-e682-4870-947c-cf1864f77c00/datanode-7/data/ratis/03ff9907-d8a7-4fb4-a560-d29441fd3cdd for RaftStorage:Storage Directory /workdir/hadoop-ozone/ozonefs/target/test-dir/MiniOzoneClusterImpl-c4ccaed8-e682-4870-947c-cf1864f77c00/datanode-7/data/ratis/03ff9907-d8a7-4fb4-a560-d29441fd3cdd
2019-09-19 10:26:58,645 [pool-104-thread-1] INFO  server.RaftServerConfigKeys (ConfUtils.java:logGet(43)) - raft.server.log.queue.byte-limit = 2147483647 (custom)
2019-09-19 10:26:58,646 [pool-104-thread-1] INFO  server.RaftServerConfigKeys (ConfUtils.java:logGet(43)) - raft.server.log.queue.element-limit = 1024 (custom)
2019-09-19 10:26:58,646 [pool-104-thread-1] INFO  server.RaftServerConfigKeys (ConfUtils.java:logGet(43)) - raft.server.log.segment.size.max = 1048576 (custom)
2019-09-19 10:26:58,646 [pool-104-thread-1] INFO  server.RaftServerConfigKeys (ConfUtils.java:logGet(43)) - raft.server.log.preallocated.size = 16384 (custom)
2019-09-19 10:26:58,646 [pool-104-thread-1] INFO  server.RaftServerConfigKeys (ConfUtils.java:logGet(43)) - raft.server.log.write.buffer.size = 33554432 (custom)
2019-09-19 10:26:58,646 [pool-104-thread-1] INFO  server.RaftServerConfigKeys (ConfUtils.java:logGet(43)) - raft.server.log.force.sync.num = 128 (default)
2019-09-19 10:26:58,646 [pool-104-thread-1] INFO  server.RaftServerConfigKeys (ConfUtils.java:logGet(43)) - raft.server.log.statemachine.data.sync = true (default)
2019-09-19 10:26:58,647 [pool-104-thread-1] INFO  server.RaftServerConfigKeys (ConfUtils.java:logGet(43)) - raft.server.log.statemachine.data.sync.timeout = 10s (default)
2019-09-19 10:26:58,647 [pool-104-thread-1] INFO  server.RaftServerConfigKeys (ConfUtils.java:logGet(43)) - raft.server.log.statemachine.data.sync.timeout.retry = -1 (default)
2019-09-19 10:26:58,647 [pool-104-thread-1] INFO  server.RaftServerConfigKeys (ConfUtils.java:logGet(43)) - raft.server.log.statemachine.data.caching.enabled = true (custom)
2019-09-19 10:26:58,647 [pool-104-thread-1] INFO  segmented.SegmentedRaftLogWorker (SegmentedRaftLogWorker.java:lambda$new$0(132)) - c972e26d-e03f-48a1-a9e9-2dea9337c66d-SegmentedRaftLogWorker:Storage Directory /workdir/hadoop-ozone/ozonefs/target/test-dir/MiniOzoneClusterImpl-c4ccaed8-e682-4870-947c-cf1864f77c00/datanode-7/data/ratis/03ff9907-d8a7-4fb4-a560-d29441fd3cdd: flushIndex: setUnconditionally 0 -> -1
2019-09-19 10:26:58,648 [pool-104-thread-1] INFO  server.RaftServerConfigKeys (ConfUtils.java:logGet(43)) - raft.server.snapshot.auto.trigger.enabled = true (custom)
2019-09-19 10:26:58,648 [pool-104-thread-1] INFO  server.RaftServerConfigKeys (ConfUtils.java:logGet(43)) - raft.server.snapshot.auto.trigger.threshold = 10000 (custom)
2019-09-19 10:26:58,648 [pool-104-thread-1] INFO  server.RaftServerConfigKeys (ConfUtils.java:logGet(43)) - raft.server.retrycache.expirytime = 600000ms (custom)
2019-09-19 10:26:58,648 [pool-104-thread-1] INFO  impl.RaftServerImpl (RaftServerImpl.java:start(180)) - c972e26d-e03f-48a1-a9e9-2dea9337c66d: start group-D29441FD3CDD
2019-09-19 10:26:58,648 [pool-104-thread-1] INFO  impl.RaftServerImpl (RaftServerImpl.java:setRole(171)) - c972e26d-e03f-48a1-a9e9-2dea9337c66d:group-D29441FD3CDD changes role from null to FOLLOWER at term 0 for startAsFollower
2019-09-19 10:26:58,649 [pool-104-thread-1] INFO  impl.RoleInfo (RoleInfo.java:updateAndGet(143)) - c972e26d-e03f-48a1-a9e9-2dea9337c66d: start FollowerState
2019-09-19 10:26:58,649 [pool-104-thread-1] INFO  util.JmxRegister (JmxRegister.java:tryRegister(44)) - Successfully registered JMX Bean with object name Ratis:service=RaftServer,group=group-D29441FD3CDD,id=c972e26d-e03f-48a1-a9e9-2dea9337c66d
2019-09-19 10:26:58,652 [RatisPipelineUtilsThread] INFO  pipeline.PipelineStateManager (PipelineStateManager.java:addPipeline(56)) - Created pipeline Pipeline[ Id: 03ff9907-d8a7-4fb4-a560-d29441fd3cdd, Nodes: c972e26d-e03f-48a1-a9e9-2dea9337c66d{ip: 192.168.157.204, host: pr-hdds-1569-cpgw4-1311585219, networkLocation: /default-rack, certSerialId: null}, Type:RATIS, Factor:ONE, State:OPEN]
2019-09-19 10:26:58,652 [RatisPipelineUtilsThread] ERROR pipeline.PipelinePlacementPolicy (PipelinePlacementPolicy.java:meetCriteria(91)) - Pipeline Placement: Doesn't meet the criteria to be viable node. Heaviness: 6
2019-09-19 10:26:58,652 [RatisPipelineUtilsThread] ERROR pipeline.PipelinePlacementPolicy (PipelinePlacementPolicy.java:meetCriteria(91)) - Pipeline Placement: Doesn't meet the criteria to be viable node. Heaviness: 6
2019-09-19 10:26:58,652 [RatisPipelineUtilsThread] ERROR pipeline.PipelinePlacementPolicy (PipelinePlacementPolicy.java:meetCriteria(91)) - Pipeline Placement: Doesn't meet the criteria to be viable node. Heaviness: 6
2019-09-19 10:26:58,653 [RatisPipelineUtilsThread] ERROR pipeline.PipelinePlacementPolicy (PipelinePlacementPolicy.java:meetCriteria(91)) - Pipeline Placement: Doesn't meet the criteria to be viable node. Heaviness: 6
2019-09-19 10:26:58,653 [RatisPipelineUtilsThread] ERROR pipeline.PipelinePlacementPolicy (PipelinePlacementPolicy.java:meetCriteria(91)) - Pipeline Placement: Doesn't meet the criteria to be viable node. Heaviness: 6
2019-09-19 10:26:58,653 [RatisPipelineUtilsThread] ERROR pipeline.PipelinePlacementPolicy (PipelinePlacementPolicy.java:meetCriteria(91)) - Pipeline Placement: Doesn't meet the criteria to be viable node. Heaviness: 6
2019-09-19 10:26:58,653 [RatisPipelineUtilsThread] ERROR pipeline.PipelinePlacementPolicy (PipelinePlacementPolicy.java:meetCriteria(91)) - Pipeline Placement: Doesn't meet the criteria to be viable node. Heaviness: 6
2019-09-19 10:26:58,653 [RatisPipelineUtilsThread] ERROR pipeline.PipelinePlacementPolicy (PipelinePlacementPolicy.java:meetCriteria(91)) - Pipeline Placement: Doesn't meet the criteria to be viable node. Heaviness: 6
2019-09-19 10:26:58,658 [grpc-default-executor-0] INFO  impl.RaftServerProxy (RaftServerProxy.java:addNew(89)) - 39513c05-534c-4cc1-a39c-034925eb3fe7: addNew group-7648927289B5:[39513c05-534c-4cc1-a39c-034925eb3fe7:192.168.157.204:32932] returns group-7648927289B5:java.util.concurrent.CompletableFuture@677e2125[Not completed]
2019-09-19 10:26:58,660 [pool-126-thread-1] INFO  impl.RaftServerImpl (RaftServerImpl.java:<init>(93)) - 39513c05-534c-4cc1-a39c-034925eb3fe7: new RaftServerImpl for group-7648927289B5:[39513c05-534c-4cc1-a39c-034925eb3fe7:192.168.157.204:32932] with ContainerStateMachine:uninitialized
2019-09-19 10:26:58,660 [pool-126-thread-1] INFO  server.RaftServerConfigKeys (ConfUtils.java:logGet(43)) - raft.server.rpc.timeout.min = 5s (custom)
2019-09-19 10:26:58,660 [pool-126-thread-1] INFO  server.RaftServerConfigKeys (ConfUtils.java:logGet(43)) - raft.server.rpc.timeout.max = 5200ms (custom)
2019-09-19 10:26:58,660 [pool-126-thread-1] INFO  server.RaftServerConfigKeys (ConfUtils.java:logGet(43)) - raft.server.rpcslowness.timeout = 120s (custom)
2019-09-19 10:26:58,660 [pool-126-thread-1] INFO  server.RaftServerConfigKeys (ConfUtils.java:logGet(43)) - raft.server.sleep.deviation.threshold = 300 (default)
2019-09-19 10:26:58,660 [pool-126-thread-1] INFO  server.RaftServerConfigKeys (ConfUtils.java:logGet(43)) - raft.server.log.appender.install.snapshot.enabled = false (custom)
2019-09-19 10:26:58,660 [pool-126-thread-1] INFO  impl.RaftServerImpl (ServerState.java:<init>(105)) - 39513c05-534c-4cc1-a39c-034925eb3fe7:group-7648927289B5 ConfigurationManager, init=-1: [39513c05-534c-4cc1-a39c-034925eb3fe7:192.168.157.204:32932], old=null, confs=<EMPTY_MAP>
2019-09-19 10:26:58,661 [pool-126-thread-1] INFO  server.RaftServerConfigKeys (ConfUtils.java:logGet(43)) - raft.server.storage.dir = [/workdir/hadoop-ozone/ozonefs/target/test-dir/MiniOzoneClusterImpl-c4ccaed8-e682-4870-947c-cf1864f77c00/datanode-9/data/ratis] (custom)
2019-09-19 10:26:58,661 [pool-126-thread-1] INFO  storage.RaftStorageDirectory (RaftStorageDirectory.java:analyzeStorage(246)) - The storage directory /workdir/hadoop-ozone/ozonefs/target/test-dir/MiniOzoneClusterImpl-c4ccaed8-e682-4870-947c-cf1864f77c00/datanode-9/data/ratis/a8c4905b-6873-4ead-8977-7648927289b5 does not exist. Creating ...
2019-09-19 10:26:58,667 [pool-126-thread-1] INFO  storage.RaftStorageDirectory (RaftStorageDirectory.java:tryLock(328)) - Lock on /workdir/hadoop-ozone/ozonefs/target/test-dir/MiniOzoneClusterImpl-c4ccaed8-e682-4870-947c-cf1864f77c00/datanode-9/data/ratis/a8c4905b-6873-4ead-8977-7648927289b5/in_use.lock acquired by nodename 26715@pr-hdds-1569-cpgw4-1311585219
2019-09-19 10:26:58,674 [pool-126-thread-1] INFO  storage.RaftStorage (RaftStorage.java:format(72)) - Storage directory /workdir/hadoop-ozone/ozonefs/target/test-dir/MiniOzoneClusterImpl-c4ccaed8-e682-4870-947c-cf1864f77c00/datanode-9/data/ratis/a8c4905b-6873-4ead-8977-7648927289b5 has been successfully formatted.
2019-09-19 10:26:58,674 [pool-126-thread-1] INFO  ratis.ContainerStateMachine (ContainerStateMachine.java:loadSnapshot(226)) - group-7648927289B5: The snapshot info is null. Setting the last applied indexto:(t:0, i:~)
2019-09-19 10:26:58,675 [pool-126-thread-1] INFO  server.RaftServerConfigKeys (ConfUtils.java:logGet(43)) - raft.server.leader.election.timeout = 120s (custom)
2019-09-19 10:26:58,675 [pool-126-thread-1] INFO  server.RaftServerConfigKeys (ConfUtils.java:logGet(43)) - raft.server.log.use.memory = false (default)
2019-09-19 10:26:58,675 [pool-126-thread-1] INFO  server.RaftServerConfigKeys (ConfUtils.java:logGet(43)) - raft.server.log.purge.gap = 1000000 (custom)
2019-09-19 10:26:58,675 [pool-126-thread-1] INFO  server.RaftServerConfigKeys (ConfUtils.java:logGet(43)) - raft.server.log.appender.buffer.byte-limit = 33554432 (custom)
2019-09-19 10:26:58,675 [pool-126-thread-1] INFO  server.RaftServerConfigKeys (ConfUtils.java:logGet(43)) - raft.server.log.segment.size.max = 1048576 (custom)
2019-09-19 10:26:58,675 [pool-126-thread-1] INFO  server.RaftServerConfigKeys (ConfUtils.java:logGet(43)) - raft.server.log.segment.cache.num.max = 2 (custom)
2019-09-19 10:26:58,676 [pool-126-thread-1] INFO  segmented.SegmentedRaftLogWorker (SegmentedRaftLogWorker.java:<init>(172)) - new 39513c05-534c-4cc1-a39c-034925eb3fe7-SegmentedRaftLogWorker:Storage Directory /workdir/hadoop-ozone/ozonefs/target/test-dir/MiniOzoneClusterImpl-c4ccaed8-e682-4870-947c-cf1864f77c00/datanode-9/data/ratis/a8c4905b-6873-4ead-8977-7648927289b5 for RaftStorage:Storage Directory /workdir/hadoop-ozone/ozonefs/target/test-dir/MiniOzoneClusterImpl-c4ccaed8-e682-4870-947c-cf1864f77c00/datanode-9/data/ratis/a8c4905b-6873-4ead-8977-7648927289b5
2019-09-19 10:26:58,676 [pool-126-thread-1] INFO  server.RaftServerConfigKeys (ConfUtils.java:logGet(43)) - raft.server.log.queue.byte-limit = 2147483647 (custom)
2019-09-19 10:26:58,676 [pool-126-thread-1] INFO  server.RaftServerConfigKeys (ConfUtils.java:logGet(43)) - raft.server.log.queue.element-limit = 1024 (custom)
2019-09-19 10:26:58,676 [pool-126-thread-1] INFO  server.RaftServerConfigKeys (ConfUtils.java:logGet(43)) - raft.server.log.segment.size.max = 1048576 (custom)
2019-09-19 10:26:58,676 [pool-126-thread-1] INFO  server.RaftServerConfigKeys (ConfUtils.java:logGet(43)) - raft.server.log.preallocated.size = 16384 (custom)
2019-09-19 10:26:58,676 [pool-126-thread-1] INFO  server.RaftServerConfigKeys (ConfUtils.java:logGet(43)) - raft.server.log.write.buffer.size = 33554432 (custom)
2019-09-19 10:26:58,676 [pool-126-thread-1] INFO  server.RaftServerConfigKeys (ConfUtils.java:logGet(43)) - raft.server.log.force.sync.num = 128 (default)
2019-09-19 10:26:58,676 [pool-126-thread-1] INFO  server.RaftServerConfigKeys (ConfUtils.java:logGet(43)) - raft.server.log.statemachine.data.sync = true (default)
2019-09-19 10:26:58,677 [pool-126-thread-1] INFO  server.RaftServerConfigKeys (ConfUtils.java:logGet(43)) - raft.server.log.statemachine.data.sync.timeout = 10s (default)
2019-09-19 10:26:58,677 [pool-126-thread-1] INFO  server.RaftServerConfigKeys (ConfUtils.java:logGet(43)) - raft.server.log.statemachine.data.sync.timeout.retry = -1 (default)
2019-09-19 10:26:58,677 [pool-126-thread-1] INFO  server.RaftServerConfigKeys (ConfUtils.java:logGet(43)) - raft.server.log.statemachine.data.caching.enabled = true (custom)
2019-09-19 10:26:58,677 [pool-126-thread-1] INFO  segmented.SegmentedRaftLogWorker (SegmentedRaftLogWorker.java:lambda$new$0(132)) - 39513c05-534c-4cc1-a39c-034925eb3fe7-SegmentedRaftLogWorker:Storage Directory /workdir/hadoop-ozone/ozonefs/target/test-dir/MiniOzoneClusterImpl-c4ccaed8-e682-4870-947c-cf1864f77c00/datanode-9/data/ratis/a8c4905b-6873-4ead-8977-7648927289b5: flushIndex: setUnconditionally 0 -> -1
2019-09-19 10:26:58,678 [pool-126-thread-1] INFO  server.RaftServerConfigKeys (ConfUtils.java:logGet(43)) - raft.server.snapshot.auto.trigger.enabled = true (custom)
2019-09-19 10:26:58,678 [pool-126-thread-1] INFO  server.RaftServerConfigKeys (ConfUtils.java:logGet(43)) - raft.server.snapshot.auto.trigger.threshold = 10000 (custom)
2019-09-19 10:26:58,678 [pool-126-thread-1] INFO  server.RaftServerConfigKeys (ConfUtils.java:logGet(43)) - raft.server.retrycache.expirytime = 600000ms (custom)
2019-09-19 10:26:58,678 [pool-126-thread-1] INFO  impl.RaftServerImpl (RaftServerImpl.java:start(180)) - 39513c05-534c-4cc1-a39c-034925eb3fe7: start group-7648927289B5
2019-09-19 10:26:58,678 [pool-126-thread-1] INFO  impl.RaftServerImpl (RaftServerImpl.java:setRole(171)) - 39513c05-534c-4cc1-a39c-034925eb3fe7:group-7648927289B5 changes role from null to FOLLOWER at term 0 for startAsFollower
2019-09-19 10:26:58,679 [pool-126-thread-1] INFO  impl.RoleInfo (RoleInfo.java:updateAndGet(143)) - 39513c05-534c-4cc1-a39c-034925eb3fe7: start FollowerState
2019-09-19 10:26:58,679 [pool-126-thread-1] INFO  util.JmxRegister (JmxRegister.java:tryRegister(44)) - Successfully registered JMX Bean with object name Ratis:service=RaftServer,group=group-7648927289B5,id=39513c05-534c-4cc1-a39c-034925eb3fe7
2019-09-19 10:26:58,682 [RatisPipelineUtilsThread] INFO  pipeline.PipelineStateManager (PipelineStateManager.java:addPipeline(56)) - Created pipeline Pipeline[ Id: a8c4905b-6873-4ead-8977-7648927289b5, Nodes: 39513c05-534c-4cc1-a39c-034925eb3fe7{ip: 192.168.157.204, host: pr-hdds-1569-cpgw4-1311585219, networkLocation: /default-rack, certSerialId: null}, Type:RATIS, Factor:ONE, State:OPEN]
2019-09-19 10:26:58,682 [RatisPipelineUtilsThread] ERROR pipeline.PipelinePlacementPolicy (PipelinePlacementPolicy.java:meetCriteria(91)) - Pipeline Placement: Doesn't meet the criteria to be viable node. Heaviness: 6
2019-09-19 10:26:58,682 [RatisPipelineUtilsThread] ERROR pipeline.PipelinePlacementPolicy (PipelinePlacementPolicy.java:meetCriteria(91)) - Pipeline Placement: Doesn't meet the criteria to be viable node. Heaviness: 6
2019-09-19 10:26:58,682 [RatisPipelineUtilsThread] ERROR pipeline.PipelinePlacementPolicy (PipelinePlacementPolicy.java:meetCriteria(91)) - Pipeline Placement: Doesn't meet the criteria to be viable node. Heaviness: 6
2019-09-19 10:26:58,682 [RatisPipelineUtilsThread] ERROR pipeline.PipelinePlacementPolicy (PipelinePlacementPolicy.java:meetCriteria(91)) - Pipeline Placement: Doesn't meet the criteria to be viable node. Heaviness: 6
2019-09-19 10:26:58,683 [RatisPipelineUtilsThread] ERROR pipeline.PipelinePlacementPolicy (PipelinePlacementPolicy.java:meetCriteria(91)) - Pipeline Placement: Doesn't meet the criteria to be viable node. Heaviness: 6
2019-09-19 10:26:58,683 [RatisPipelineUtilsThread] ERROR pipeline.PipelinePlacementPolicy (PipelinePlacementPolicy.java:meetCriteria(91)) - Pipeline Placement: Doesn't meet the criteria to be viable node. Heaviness: 6
2019-09-19 10:26:58,683 [RatisPipelineUtilsThread] ERROR pipeline.PipelinePlacementPolicy (PipelinePlacementPolicy.java:meetCriteria(91)) - Pipeline Placement: Doesn't meet the criteria to be viable node. Heaviness: 6
2019-09-19 10:26:58,683 [RatisPipelineUtilsThread] ERROR pipeline.PipelinePlacementPolicy (PipelinePlacementPolicy.java:meetCriteria(91)) - Pipeline Placement: Doesn't meet the criteria to be viable node. Heaviness: 6
2019-09-19 10:26:58,688 [grpc-default-executor-0] INFO  impl.RaftServerProxy (RaftServerProxy.java:addNew(89)) - 39513c05-534c-4cc1-a39c-034925eb3fe7: addNew group-11DE6D68F523:[39513c05-534c-4cc1-a39c-034925eb3fe7:192.168.157.204:32932] returns group-11DE6D68F523:java.util.concurrent.CompletableFuture@4948a1d9[Not completed]
2019-09-19 10:26:58,689 [pool-126-thread-1] INFO  impl.RaftServerImpl (RaftServerImpl.java:<init>(93)) - 39513c05-534c-4cc1-a39c-034925eb3fe7: new RaftServerImpl for group-11DE6D68F523:[39513c05-534c-4cc1-a39c-034925eb3fe7:192.168.157.204:32932] with ContainerStateMachine:uninitialized
2019-09-19 10:26:58,690 [pool-126-thread-1] INFO  server.RaftServerConfigKeys (ConfUtils.java:logGet(43)) - raft.server.rpc.timeout.min = 5s (custom)
2019-09-19 10:26:58,690 [pool-126-thread-1] INFO  server.RaftServerConfigKeys (ConfUtils.java:logGet(43)) - raft.server.rpc.timeout.max = 5200ms (custom)
2019-09-19 10:26:58,690 [pool-126-thread-1] INFO  server.RaftServerConfigKeys (ConfUtils.java:logGet(43)) - raft.server.rpcslowness.timeout = 120s (custom)
2019-09-19 10:26:58,690 [pool-126-thread-1] INFO  server.RaftServerConfigKeys (ConfUtils.java:logGet(43)) - raft.server.sleep.deviation.threshold = 300 (default)
2019-09-19 10:26:58,690 [pool-126-thread-1] INFO  server.RaftServerConfigKeys (ConfUtils.java:logGet(43)) - raft.server.log.appender.install.snapshot.enabled = false (custom)
2019-09-19 10:26:58,690 [pool-126-thread-1] INFO  impl.RaftServerImpl (ServerState.java:<init>(105)) - 39513c05-534c-4cc1-a39c-034925eb3fe7:group-11DE6D68F523 ConfigurationManager, init=-1: [39513c05-534c-4cc1-a39c-034925eb3fe7:192.168.157.204:32932], old=null, confs=<EMPTY_MAP>
2019-09-19 10:26:58,690 [pool-126-thread-1] INFO  server.RaftServerConfigKeys (ConfUtils.java:logGet(43)) - raft.server.storage.dir = [/workdir/hadoop-ozone/ozonefs/target/test-dir/MiniOzoneClusterImpl-c4ccaed8-e682-4870-947c-cf1864f77c00/datanode-9/data/ratis] (custom)
2019-09-19 10:26:58,691 [pool-126-thread-1] INFO  storage.RaftStorageDirectory (RaftStorageDirectory.java:analyzeStorage(246)) - The storage directory /workdir/hadoop-ozone/ozonefs/target/test-dir/MiniOzoneClusterImpl-c4ccaed8-e682-4870-947c-cf1864f77c00/datanode-9/data/ratis/dc2d5dc9-4701-4979-97a8-11de6d68f523 does not exist. Creating ...
2019-09-19 10:26:58,697 [pool-126-thread-1] INFO  storage.RaftStorageDirectory (RaftStorageDirectory.java:tryLock(328)) - Lock on /workdir/hadoop-ozone/ozonefs/target/test-dir/MiniOzoneClusterImpl-c4ccaed8-e682-4870-947c-cf1864f77c00/datanode-9/data/ratis/dc2d5dc9-4701-4979-97a8-11de6d68f523/in_use.lock acquired by nodename 26715@pr-hdds-1569-cpgw4-1311585219
2019-09-19 10:26:58,710 [pool-126-thread-1] INFO  storage.RaftStorage (RaftStorage.java:format(72)) - Storage directory /workdir/hadoop-ozone/ozonefs/target/test-dir/MiniOzoneClusterImpl-c4ccaed8-e682-4870-947c-cf1864f77c00/datanode-9/data/ratis/dc2d5dc9-4701-4979-97a8-11de6d68f523 has been successfully formatted.
2019-09-19 10:26:58,710 [pool-126-thread-1] INFO  ratis.ContainerStateMachine (ContainerStateMachine.java:loadSnapshot(226)) - group-11DE6D68F523: The snapshot info is null. Setting the last applied indexto:(t:0, i:~)
2019-09-19 10:26:58,711 [pool-126-thread-1] INFO  server.RaftServerConfigKeys (ConfUtils.java:logGet(43)) - raft.server.leader.election.timeout = 120s (custom)
2019-09-19 10:26:58,711 [pool-126-thread-1] INFO  server.RaftServerConfigKeys (ConfUtils.java:logGet(43)) - raft.server.log.use.memory = false (default)
2019-09-19 10:26:58,711 [pool-126-thread-1] INFO  server.RaftServerConfigKeys (ConfUtils.java:logGet(43)) - raft.server.log.purge.gap = 1000000 (custom)
2019-09-19 10:26:58,711 [pool-126-thread-1] INFO  server.RaftServerConfigKeys (ConfUtils.java:logGet(43)) - raft.server.log.appender.buffer.byte-limit = 33554432 (custom)
2019-09-19 10:26:58,711 [pool-126-thread-1] INFO  server.RaftServerConfigKeys (ConfUtils.java:logGet(43)) - raft.server.log.segment.size.max = 1048576 (custom)
2019-09-19 10:26:58,711 [pool-126-thread-1] INFO  server.RaftServerConfigKeys (ConfUtils.java:logGet(43)) - raft.server.log.segment.cache.num.max = 2 (custom)
2019-09-19 10:26:58,711 [pool-126-thread-1] INFO  segmented.SegmentedRaftLogWorker (SegmentedRaftLogWorker.java:<init>(172)) - new 39513c05-534c-4cc1-a39c-034925eb3fe7-SegmentedRaftLogWorker:Storage Directory /workdir/hadoop-ozone/ozonefs/target/test-dir/MiniOzoneClusterImpl-c4ccaed8-e682-4870-947c-cf1864f77c00/datanode-9/data/ratis/dc2d5dc9-4701-4979-97a8-11de6d68f523 for RaftStorage:Storage Directory /workdir/hadoop-ozone/ozonefs/target/test-dir/MiniOzoneClusterImpl-c4ccaed8-e682-4870-947c-cf1864f77c00/datanode-9/data/ratis/dc2d5dc9-4701-4979-97a8-11de6d68f523
2019-09-19 10:26:58,711 [pool-126-thread-1] INFO  server.RaftServerConfigKeys (ConfUtils.java:logGet(43)) - raft.server.log.queue.byte-limit = 2147483647 (custom)
2019-09-19 10:26:58,712 [pool-126-thread-1] INFO  server.RaftServerConfigKeys (ConfUtils.java:logGet(43)) - raft.server.log.queue.element-limit = 1024 (custom)
2019-09-19 10:26:58,712 [pool-126-thread-1] INFO  server.RaftServerConfigKeys (ConfUtils.java:logGet(43)) - raft.server.log.segment.size.max = 1048576 (custom)
2019-09-19 10:26:58,712 [pool-126-thread-1] INFO  server.RaftServerConfigKeys (ConfUtils.java:logGet(43)) - raft.server.log.preallocated.size = 16384 (custom)
2019-09-19 10:26:58,712 [pool-126-thread-1] INFO  server.RaftServerConfigKeys (ConfUtils.java:logGet(43)) - raft.server.log.write.buffer.size = 33554432 (custom)
2019-09-19 10:26:58,712 [pool-126-thread-1] INFO  server.RaftServerConfigKeys (ConfUtils.java:logGet(43)) - raft.server.log.force.sync.num = 128 (default)
2019-09-19 10:26:58,712 [pool-126-thread-1] INFO  server.RaftServerConfigKeys (ConfUtils.java:logGet(43)) - raft.server.log.statemachine.data.sync = true (default)
2019-09-19 10:26:58,712 [pool-126-thread-1] INFO  server.RaftServerConfigKeys (ConfUtils.java:logGet(43)) - raft.server.log.statemachine.data.sync.timeout = 10s (default)
2019-09-19 10:26:58,712 [pool-126-thread-1] INFO  server.RaftServerConfigKeys (ConfUtils.java:logGet(43)) - raft.server.log.statemachine.data.sync.timeout.retry = -1 (default)
2019-09-19 10:26:58,713 [pool-126-thread-1] INFO  server.RaftServerConfigKeys (ConfUtils.java:logGet(43)) - raft.server.log.statemachine.data.caching.enabled = true (custom)
2019-09-19 10:26:58,713 [pool-126-thread-1] INFO  segmented.SegmentedRaftLogWorker (SegmentedRaftLogWorker.java:lambda$new$0(132)) - 39513c05-534c-4cc1-a39c-034925eb3fe7-SegmentedRaftLogWorker:Storage Directory /workdir/hadoop-ozone/ozonefs/target/test-dir/MiniOzoneClusterImpl-c4ccaed8-e682-4870-947c-cf1864f77c00/datanode-9/data/ratis/dc2d5dc9-4701-4979-97a8-11de6d68f523: flushIndex: setUnconditionally 0 -> -1
2019-09-19 10:26:58,713 [pool-126-thread-1] INFO  server.RaftServerConfigKeys (ConfUtils.java:logGet(43)) - raft.server.snapshot.auto.trigger.enabled = true (custom)
2019-09-19 10:26:58,713 [pool-126-thread-1] INFO  server.RaftServerConfigKeys (ConfUtils.java:logGet(43)) - raft.server.snapshot.auto.trigger.threshold = 10000 (custom)
2019-09-19 10:26:58,713 [pool-126-thread-1] INFO  server.RaftServerConfigKeys (ConfUtils.java:logGet(43)) - raft.server.retrycache.expirytime = 600000ms (custom)
2019-09-19 10:26:58,714 [pool-126-thread-1] INFO  impl.RaftServerImpl (RaftServerImpl.java:start(180)) - 39513c05-534c-4cc1-a39c-034925eb3fe7: start group-11DE6D68F523
2019-09-19 10:26:58,714 [pool-126-thread-1] INFO  impl.RaftServerImpl (RaftServerImpl.java:setRole(171)) - 39513c05-534c-4cc1-a39c-034925eb3fe7:group-11DE6D68F523 changes role from null to FOLLOWER at term 0 for startAsFollower
2019-09-19 10:26:58,714 [pool-126-thread-1] INFO  impl.RoleInfo (RoleInfo.java:updateAndGet(143)) - 39513c05-534c-4cc1-a39c-034925eb3fe7: start FollowerState
2019-09-19 10:26:58,714 [pool-126-thread-1] INFO  util.JmxRegister (JmxRegister.java:tryRegister(44)) - Successfully registered JMX Bean with object name Ratis:service=RaftServer,group=group-11DE6D68F523,id=39513c05-534c-4cc1-a39c-034925eb3fe7
2019-09-19 10:26:58,717 [RatisPipelineUtilsThread] INFO  pipeline.PipelineStateManager (PipelineStateManager.java:addPipeline(56)) - Created pipeline Pipeline[ Id: dc2d5dc9-4701-4979-97a8-11de6d68f523, Nodes: 39513c05-534c-4cc1-a39c-034925eb3fe7{ip: 192.168.157.204, host: pr-hdds-1569-cpgw4-1311585219, networkLocation: /default-rack, certSerialId: null}, Type:RATIS, Factor:ONE, State:OPEN]
2019-09-19 10:26:58,717 [RatisPipelineUtilsThread] ERROR pipeline.PipelinePlacementPolicy (PipelinePlacementPolicy.java:meetCriteria(91)) - Pipeline Placement: Doesn't meet the criteria to be viable node. Heaviness: 6
2019-09-19 10:26:58,717 [RatisPipelineUtilsThread] ERROR pipeline.PipelinePlacementPolicy (PipelinePlacementPolicy.java:meetCriteria(91)) - Pipeline Placement: Doesn't meet the criteria to be viable node. Heaviness: 6
2019-09-19 10:26:58,717 [RatisPipelineUtilsThread] ERROR pipeline.PipelinePlacementPolicy (PipelinePlacementPolicy.java:meetCriteria(91)) - Pipeline Placement: Doesn't meet the criteria to be viable node. Heaviness: 6
2019-09-19 10:26:58,717 [RatisPipelineUtilsThread] ERROR pipeline.PipelinePlacementPolicy (PipelinePlacementPolicy.java:meetCriteria(91)) - Pipeline Placement: Doesn't meet the criteria to be viable node. Heaviness: 6
2019-09-19 10:26:58,718 [RatisPipelineUtilsThread] ERROR pipeline.PipelinePlacementPolicy (PipelinePlacementPolicy.java:meetCriteria(91)) - Pipeline Placement: Doesn't meet the criteria to be viable node. Heaviness: 6
2019-09-19 10:26:58,718 [RatisPipelineUtilsThread] ERROR pipeline.PipelinePlacementPolicy (PipelinePlacementPolicy.java:meetCriteria(91)) - Pipeline Placement: Doesn't meet the criteria to be viable node. Heaviness: 6
2019-09-19 10:26:58,718 [RatisPipelineUtilsThread] ERROR pipeline.PipelinePlacementPolicy (PipelinePlacementPolicy.java:meetCriteria(91)) - Pipeline Placement: Doesn't meet the criteria to be viable node. Heaviness: 6
2019-09-19 10:26:58,718 [RatisPipelineUtilsThread] ERROR pipeline.PipelinePlacementPolicy (PipelinePlacementPolicy.java:meetCriteria(91)) - Pipeline Placement: Doesn't meet the criteria to be viable node. Heaviness: 6
2019-09-19 10:26:58,718 [RatisPipelineUtilsThread] ERROR pipeline.PipelinePlacementPolicy (PipelinePlacementPolicy.java:meetCriteria(91)) - Pipeline Placement: Doesn't meet the criteria to be viable node. Heaviness: 6
2019-09-19 10:26:58,719 | INFO  | SCMAudit | user=jenkins1000 | ip=192.168.157.204 | op=SEND_HEARTBEAT {datanodeUUID=f4f61464-0bdf-492b-ac84-d659f01f9139, command=[]} | ret=SUCCESS |  
2019-09-19 10:26:58,726 [grpc-default-executor-0] INFO  impl.RaftServerProxy (RaftServerProxy.java:addNew(89)) - 8b25b6fb-e7f9-4ea8-8d7d-823d8ea82140: addNew group-E393286CA8E3:[8b25b6fb-e7f9-4ea8-8d7d-823d8ea82140:192.168.157.204:40963] returns group-E393286CA8E3:java.util.concurrent.CompletableFuture@597c8090[Not completed]
2019-09-19 10:26:58,727 [pool-93-thread-1] INFO  impl.RaftServerImpl (RaftServerImpl.java:<init>(93)) - 8b25b6fb-e7f9-4ea8-8d7d-823d8ea82140: new RaftServerImpl for group-E393286CA8E3:[8b25b6fb-e7f9-4ea8-8d7d-823d8ea82140:192.168.157.204:40963] with ContainerStateMachine:uninitialized
2019-09-19 10:26:58,727 [pool-93-thread-1] INFO  server.RaftServerConfigKeys (ConfUtils.java:logGet(43)) - raft.server.rpc.timeout.min = 5s (custom)
2019-09-19 10:26:58,727 [pool-93-thread-1] INFO  server.RaftServerConfigKeys (ConfUtils.java:logGet(43)) - raft.server.rpc.timeout.max = 5200ms (custom)
2019-09-19 10:26:58,727 [pool-93-thread-1] INFO  server.RaftServerConfigKeys (ConfUtils.java:logGet(43)) - raft.server.rpcslowness.timeout = 120s (custom)
2019-09-19 10:26:58,728 [pool-93-thread-1] INFO  server.RaftServerConfigKeys (ConfUtils.java:logGet(43)) - raft.server.sleep.deviation.threshold = 300 (default)
2019-09-19 10:26:58,728 [pool-93-thread-1] INFO  server.RaftServerConfigKeys (ConfUtils.java:logGet(43)) - raft.server.log.appender.install.snapshot.enabled = false (custom)
2019-09-19 10:26:58,728 [pool-93-thread-1] INFO  impl.RaftServerImpl (ServerState.java:<init>(105)) - 8b25b6fb-e7f9-4ea8-8d7d-823d8ea82140:group-E393286CA8E3 ConfigurationManager, init=-1: [8b25b6fb-e7f9-4ea8-8d7d-823d8ea82140:192.168.157.204:40963], old=null, confs=<EMPTY_MAP>
2019-09-19 10:26:58,728 [pool-93-thread-1] INFO  server.RaftServerConfigKeys (ConfUtils.java:logGet(43)) - raft.server.storage.dir = [/workdir/hadoop-ozone/ozonefs/target/test-dir/MiniOzoneClusterImpl-c4ccaed8-e682-4870-947c-cf1864f77c00/datanode-6/data/ratis] (custom)
2019-09-19 10:26:58,728 [pool-93-thread-1] INFO  storage.RaftStorageDirectory (RaftStorageDirectory.java:analyzeStorage(246)) - The storage directory /workdir/hadoop-ozone/ozonefs/target/test-dir/MiniOzoneClusterImpl-c4ccaed8-e682-4870-947c-cf1864f77c00/datanode-6/data/ratis/b16d3f9f-e3a9-462b-80c0-e393286ca8e3 does not exist. Creating ...
2019-09-19 10:26:58,740 [pool-93-thread-1] INFO  storage.RaftStorageDirectory (RaftStorageDirectory.java:tryLock(328)) - Lock on /workdir/hadoop-ozone/ozonefs/target/test-dir/MiniOzoneClusterImpl-c4ccaed8-e682-4870-947c-cf1864f77c00/datanode-6/data/ratis/b16d3f9f-e3a9-462b-80c0-e393286ca8e3/in_use.lock acquired by nodename 26715@pr-hdds-1569-cpgw4-1311585219
2019-09-19 10:26:58,751 | INFO  | SCMAudit | user=jenkins1000 | ip=192.168.157.204 | op=SEND_HEARTBEAT {datanodeUUID=84c75018-969a-4fca-ac0f-34cccc99d928, command=[]} | ret=SUCCESS |  
2019-09-19 10:26:58,751 | INFO  | SCMAudit | user=jenkins1000 | ip=192.168.157.204 | op=SEND_HEARTBEAT {datanodeUUID=1692dd7e-eca0-4ee0-be13-a7fe013a1be4, command=[]} | ret=SUCCESS |  
2019-09-19 10:26:58,753 [pool-93-thread-1] INFO  storage.RaftStorage (RaftStorage.java:format(72)) - Storage directory /workdir/hadoop-ozone/ozonefs/target/test-dir/MiniOzoneClusterImpl-c4ccaed8-e682-4870-947c-cf1864f77c00/datanode-6/data/ratis/b16d3f9f-e3a9-462b-80c0-e393286ca8e3 has been successfully formatted.
2019-09-19 10:26:58,753 [pool-93-thread-1] INFO  ratis.ContainerStateMachine (ContainerStateMachine.java:loadSnapshot(226)) - group-E393286CA8E3: The snapshot info is null. Setting the last applied indexto:(t:0, i:~)
2019-09-19 10:26:58,754 [pool-93-thread-1] INFO  server.RaftServerConfigKeys (ConfUtils.java:logGet(43)) - raft.server.leader.election.timeout = 120s (custom)
2019-09-19 10:26:58,754 [pool-93-thread-1] INFO  server.RaftServerConfigKeys (ConfUtils.java:logGet(43)) - raft.server.log.use.memory = false (default)
2019-09-19 10:26:58,754 [pool-93-thread-1] INFO  server.RaftServerConfigKeys (ConfUtils.java:logGet(43)) - raft.server.log.purge.gap = 1000000 (custom)
2019-09-19 10:26:58,754 [pool-93-thread-1] INFO  server.RaftServerConfigKeys (ConfUtils.java:logGet(43)) - raft.server.log.appender.buffer.byte-limit = 33554432 (custom)
2019-09-19 10:26:58,754 [pool-93-thread-1] INFO  server.RaftServerConfigKeys (ConfUtils.java:logGet(43)) - raft.server.log.segment.size.max = 1048576 (custom)
2019-09-19 10:26:58,754 [pool-93-thread-1] INFO  server.RaftServerConfigKeys (ConfUtils.java:logGet(43)) - raft.server.log.segment.cache.num.max = 2 (custom)
2019-09-19 10:26:58,755 [pool-93-thread-1] INFO  segmented.SegmentedRaftLogWorker (SegmentedRaftLogWorker.java:<init>(172)) - new 8b25b6fb-e7f9-4ea8-8d7d-823d8ea82140-SegmentedRaftLogWorker:Storage Directory /workdir/hadoop-ozone/ozonefs/target/test-dir/MiniOzoneClusterImpl-c4ccaed8-e682-4870-947c-cf1864f77c00/datanode-6/data/ratis/b16d3f9f-e3a9-462b-80c0-e393286ca8e3 for RaftStorage:Storage Directory /workdir/hadoop-ozone/ozonefs/target/test-dir/MiniOzoneClusterImpl-c4ccaed8-e682-4870-947c-cf1864f77c00/datanode-6/data/ratis/b16d3f9f-e3a9-462b-80c0-e393286ca8e3
2019-09-19 10:26:58,755 [pool-93-thread-1] INFO  server.RaftServerConfigKeys (ConfUtils.java:logGet(43)) - raft.server.log.queue.byte-limit = 2147483647 (custom)
2019-09-19 10:26:58,755 [pool-93-thread-1] INFO  server.RaftServerConfigKeys (ConfUtils.java:logGet(43)) - raft.server.log.queue.element-limit = 1024 (custom)
2019-09-19 10:26:58,755 [pool-93-thread-1] INFO  server.RaftServerConfigKeys (ConfUtils.java:logGet(43)) - raft.server.log.segment.size.max = 1048576 (custom)
2019-09-19 10:26:58,756 [pool-93-thread-1] INFO  server.RaftServerConfigKeys (ConfUtils.java:logGet(43)) - raft.server.log.preallocated.size = 16384 (custom)
2019-09-19 10:26:58,756 [pool-93-thread-1] INFO  server.RaftServerConfigKeys (ConfUtils.java:logGet(43)) - raft.server.log.write.buffer.size = 33554432 (custom)
2019-09-19 10:26:58,756 [pool-93-thread-1] INFO  server.RaftServerConfigKeys (ConfUtils.java:logGet(43)) - raft.server.log.force.sync.num = 128 (default)
2019-09-19 10:26:58,756 [pool-93-thread-1] INFO  server.RaftServerConfigKeys (ConfUtils.java:logGet(43)) - raft.server.log.statemachine.data.sync = true (default)
2019-09-19 10:26:58,756 [pool-93-thread-1] INFO  server.RaftServerConfigKeys (ConfUtils.java:logGet(43)) - raft.server.log.statemachine.data.sync.timeout = 10s (default)
2019-09-19 10:26:58,756 [pool-93-thread-1] INFO  server.RaftServerConfigKeys (ConfUtils.java:logGet(43)) - raft.server.log.statemachine.data.sync.timeout.retry = -1 (default)
2019-09-19 10:26:58,757 [pool-93-thread-1] INFO  server.RaftServerConfigKeys (ConfUtils.java:logGet(43)) - raft.server.log.statemachine.data.caching.enabled = true (custom)
2019-09-19 10:26:58,757 [pool-93-thread-1] INFO  segmented.SegmentedRaftLogWorker (SegmentedRaftLogWorker.java:lambda$new$0(132)) - 8b25b6fb-e7f9-4ea8-8d7d-823d8ea82140-SegmentedRaftLogWorker:Storage Directory /workdir/hadoop-ozone/ozonefs/target/test-dir/MiniOzoneClusterImpl-c4ccaed8-e682-4870-947c-cf1864f77c00/datanode-6/data/ratis/b16d3f9f-e3a9-462b-80c0-e393286ca8e3: flushIndex: setUnconditionally 0 -> -1
2019-09-19 10:26:58,758 [pool-93-thread-1] INFO  server.RaftServerConfigKeys (ConfUtils.java:logGet(43)) - raft.server.snapshot.auto.trigger.enabled = true (custom)
2019-09-19 10:26:58,758 [pool-93-thread-1] INFO  server.RaftServerConfigKeys (ConfUtils.java:logGet(43)) - raft.server.snapshot.auto.trigger.threshold = 10000 (custom)
2019-09-19 10:26:58,758 [pool-93-thread-1] INFO  server.RaftServerConfigKeys (ConfUtils.java:logGet(43)) - raft.server.retrycache.expirytime = 600000ms (custom)
2019-09-19 10:26:58,758 [pool-93-thread-1] INFO  impl.RaftServerImpl (RaftServerImpl.java:start(180)) - 8b25b6fb-e7f9-4ea8-8d7d-823d8ea82140: start group-E393286CA8E3
2019-09-19 10:26:58,758 [pool-93-thread-1] INFO  impl.RaftServerImpl (RaftServerImpl.java:setRole(171)) - 8b25b6fb-e7f9-4ea8-8d7d-823d8ea82140:group-E393286CA8E3 changes role from null to FOLLOWER at term 0 for startAsFollower
2019-09-19 10:26:58,758 [pool-93-thread-1] INFO  impl.RoleInfo (RoleInfo.java:updateAndGet(143)) - 8b25b6fb-e7f9-4ea8-8d7d-823d8ea82140: start FollowerState
2019-09-19 10:26:58,759 [pool-93-thread-1] INFO  util.JmxRegister (JmxRegister.java:tryRegister(44)) - Successfully registered JMX Bean with object name Ratis:service=RaftServer,group=group-E393286CA8E3,id=8b25b6fb-e7f9-4ea8-8d7d-823d8ea82140
2019-09-19 10:26:58,761 [RatisPipelineUtilsThread] INFO  pipeline.PipelineStateManager (PipelineStateManager.java:addPipeline(56)) - Created pipeline Pipeline[ Id: b16d3f9f-e3a9-462b-80c0-e393286ca8e3, Nodes: 8b25b6fb-e7f9-4ea8-8d7d-823d8ea82140{ip: 192.168.157.204, host: pr-hdds-1569-cpgw4-1311585219, networkLocation: /default-rack, certSerialId: null}, Type:RATIS, Factor:ONE, State:OPEN]
2019-09-19 10:26:58,761 [RatisPipelineUtilsThread] ERROR pipeline.PipelinePlacementPolicy (PipelinePlacementPolicy.java:meetCriteria(91)) - Pipeline Placement: Doesn't meet the criteria to be viable node. Heaviness: 6
2019-09-19 10:26:58,761 [RatisPipelineUtilsThread] ERROR pipeline.PipelinePlacementPolicy (PipelinePlacementPolicy.java:meetCriteria(91)) - Pipeline Placement: Doesn't meet the criteria to be viable node. Heaviness: 6
2019-09-19 10:26:58,761 [RatisPipelineUtilsThread] ERROR pipeline.PipelinePlacementPolicy (PipelinePlacementPolicy.java:meetCriteria(91)) - Pipeline Placement: Doesn't meet the criteria to be viable node. Heaviness: 6
2019-09-19 10:26:58,761 [RatisPipelineUtilsThread] ERROR pipeline.PipelinePlacementPolicy (PipelinePlacementPolicy.java:meetCriteria(91)) - Pipeline Placement: Doesn't meet the criteria to be viable node. Heaviness: 6
2019-09-19 10:26:58,761 [RatisPipelineUtilsThread] ERROR pipeline.PipelinePlacementPolicy (PipelinePlacementPolicy.java:meetCriteria(91)) - Pipeline Placement: Doesn't meet the criteria to be viable node. Heaviness: 6
2019-09-19 10:26:58,761 [RatisPipelineUtilsThread] ERROR pipeline.PipelinePlacementPolicy (PipelinePlacementPolicy.java:meetCriteria(91)) - Pipeline Placement: Doesn't meet the criteria to be viable node. Heaviness: 6
2019-09-19 10:26:58,762 [RatisPipelineUtilsThread] ERROR pipeline.PipelinePlacementPolicy (PipelinePlacementPolicy.java:meetCriteria(91)) - Pipeline Placement: Doesn't meet the criteria to be viable node. Heaviness: 6
2019-09-19 10:26:58,762 [RatisPipelineUtilsThread] ERROR pipeline.PipelinePlacementPolicy (PipelinePlacementPolicy.java:meetCriteria(91)) - Pipeline Placement: Doesn't meet the criteria to be viable node. Heaviness: 6
2019-09-19 10:26:58,762 [RatisPipelineUtilsThread] ERROR pipeline.PipelinePlacementPolicy (PipelinePlacementPolicy.java:meetCriteria(91)) - Pipeline Placement: Doesn't meet the criteria to be viable node. Heaviness: 6
2019-09-19 10:26:58,766 [grpc-default-executor-0] INFO  impl.RaftServerProxy (RaftServerProxy.java:addNew(89)) - 8b25b6fb-e7f9-4ea8-8d7d-823d8ea82140: addNew group-4E19705F5130:[8b25b6fb-e7f9-4ea8-8d7d-823d8ea82140:192.168.157.204:40963] returns group-4E19705F5130:java.util.concurrent.CompletableFuture@3cdaa086[Not completed]
2019-09-19 10:26:58,767 [pool-93-thread-1] INFO  impl.RaftServerImpl (RaftServerImpl.java:<init>(93)) - 8b25b6fb-e7f9-4ea8-8d7d-823d8ea82140: new RaftServerImpl for group-4E19705F5130:[8b25b6fb-e7f9-4ea8-8d7d-823d8ea82140:192.168.157.204:40963] with ContainerStateMachine:uninitialized
2019-09-19 10:26:58,767 [pool-93-thread-1] INFO  server.RaftServerConfigKeys (ConfUtils.java:logGet(43)) - raft.server.rpc.timeout.min = 5s (custom)
2019-09-19 10:26:58,768 [pool-93-thread-1] INFO  server.RaftServerConfigKeys (ConfUtils.java:logGet(43)) - raft.server.rpc.timeout.max = 5200ms (custom)
2019-09-19 10:26:58,768 [pool-93-thread-1] INFO  server.RaftServerConfigKeys (ConfUtils.java:logGet(43)) - raft.server.rpcslowness.timeout = 120s (custom)
2019-09-19 10:26:58,768 [pool-93-thread-1] INFO  server.RaftServerConfigKeys (ConfUtils.java:logGet(43)) - raft.server.sleep.deviation.threshold = 300 (default)
2019-09-19 10:26:58,768 [pool-93-thread-1] INFO  server.RaftServerConfigKeys (ConfUtils.java:logGet(43)) - raft.server.log.appender.install.snapshot.enabled = false (custom)
2019-09-19 10:26:58,768 [pool-93-thread-1] INFO  impl.RaftServerImpl (ServerState.java:<init>(105)) - 8b25b6fb-e7f9-4ea8-8d7d-823d8ea82140:group-4E19705F5130 ConfigurationManager, init=-1: [8b25b6fb-e7f9-4ea8-8d7d-823d8ea82140:192.168.157.204:40963], old=null, confs=<EMPTY_MAP>
2019-09-19 10:26:58,768 [pool-93-thread-1] INFO  server.RaftServerConfigKeys (ConfUtils.java:logGet(43)) - raft.server.storage.dir = [/workdir/hadoop-ozone/ozonefs/target/test-dir/MiniOzoneClusterImpl-c4ccaed8-e682-4870-947c-cf1864f77c00/datanode-6/data/ratis] (custom)
2019-09-19 10:26:58,769 [pool-93-thread-1] INFO  storage.RaftStorageDirectory (RaftStorageDirectory.java:analyzeStorage(246)) - The storage directory /workdir/hadoop-ozone/ozonefs/target/test-dir/MiniOzoneClusterImpl-c4ccaed8-e682-4870-947c-cf1864f77c00/datanode-6/data/ratis/4a773c7c-ca7a-4516-ab94-4e19705f5130 does not exist. Creating ...
2019-09-19 10:26:58,774 [pool-93-thread-1] INFO  storage.RaftStorageDirectory (RaftStorageDirectory.java:tryLock(328)) - Lock on /workdir/hadoop-ozone/ozonefs/target/test-dir/MiniOzoneClusterImpl-c4ccaed8-e682-4870-947c-cf1864f77c00/datanode-6/data/ratis/4a773c7c-ca7a-4516-ab94-4e19705f5130/in_use.lock acquired by nodename 26715@pr-hdds-1569-cpgw4-1311585219
2019-09-19 10:26:58,788 [pool-93-thread-1] INFO  storage.RaftStorage (RaftStorage.java:format(72)) - Storage directory /workdir/hadoop-ozone/ozonefs/target/test-dir/MiniOzoneClusterImpl-c4ccaed8-e682-4870-947c-cf1864f77c00/datanode-6/data/ratis/4a773c7c-ca7a-4516-ab94-4e19705f5130 has been successfully formatted.
2019-09-19 10:26:58,788 [pool-93-thread-1] INFO  ratis.ContainerStateMachine (ContainerStateMachine.java:loadSnapshot(226)) - group-4E19705F5130: The snapshot info is null. Setting the last applied indexto:(t:0, i:~)
2019-09-19 10:26:58,788 [pool-93-thread-1] INFO  server.RaftServerConfigKeys (ConfUtils.java:logGet(43)) - raft.server.leader.election.timeout = 120s (custom)
2019-09-19 10:26:58,788 [pool-93-thread-1] INFO  server.RaftServerConfigKeys (ConfUtils.java:logGet(43)) - raft.server.log.use.memory = false (default)
2019-09-19 10:26:58,789 [pool-93-thread-1] INFO  server.RaftServerConfigKeys (ConfUtils.java:logGet(43)) - raft.server.log.purge.gap = 1000000 (custom)
2019-09-19 10:26:58,789 [pool-93-thread-1] INFO  server.RaftServerConfigKeys (ConfUtils.java:logGet(43)) - raft.server.log.appender.buffer.byte-limit = 33554432 (custom)
2019-09-19 10:26:58,789 [pool-93-thread-1] INFO  server.RaftServerConfigKeys (ConfUtils.java:logGet(43)) - raft.server.log.segment.size.max = 1048576 (custom)
2019-09-19 10:26:58,789 [pool-93-thread-1] INFO  server.RaftServerConfigKeys (ConfUtils.java:logGet(43)) - raft.server.log.segment.cache.num.max = 2 (custom)
2019-09-19 10:26:58,789 [pool-93-thread-1] INFO  segmented.SegmentedRaftLogWorker (SegmentedRaftLogWorker.java:<init>(172)) - new 8b25b6fb-e7f9-4ea8-8d7d-823d8ea82140-SegmentedRaftLogWorker:Storage Directory /workdir/hadoop-ozone/ozonefs/target/test-dir/MiniOzoneClusterImpl-c4ccaed8-e682-4870-947c-cf1864f77c00/datanode-6/data/ratis/4a773c7c-ca7a-4516-ab94-4e19705f5130 for RaftStorage:Storage Directory /workdir/hadoop-ozone/ozonefs/target/test-dir/MiniOzoneClusterImpl-c4ccaed8-e682-4870-947c-cf1864f77c00/datanode-6/data/ratis/4a773c7c-ca7a-4516-ab94-4e19705f5130
2019-09-19 10:26:58,789 [pool-93-thread-1] INFO  server.RaftServerConfigKeys (ConfUtils.java:logGet(43)) - raft.server.log.queue.byte-limit = 2147483647 (custom)
2019-09-19 10:26:58,789 [pool-93-thread-1] INFO  server.RaftServerConfigKeys (ConfUtils.java:logGet(43)) - raft.server.log.queue.element-limit = 1024 (custom)
2019-09-19 10:26:58,790 [pool-93-thread-1] INFO  server.RaftServerConfigKeys (ConfUtils.java:logGet(43)) - raft.server.log.segment.size.max = 1048576 (custom)
2019-09-19 10:26:58,790 [pool-93-thread-1] INFO  server.RaftServerConfigKeys (ConfUtils.java:logGet(43)) - raft.server.log.preallocated.size = 16384 (custom)
2019-09-19 10:26:58,790 [pool-93-thread-1] INFO  server.RaftServerConfigKeys (ConfUtils.java:logGet(43)) - raft.server.log.write.buffer.size = 33554432 (custom)
2019-09-19 10:26:58,790 [pool-93-thread-1] INFO  server.RaftServerConfigKeys (ConfUtils.java:logGet(43)) - raft.server.log.force.sync.num = 128 (default)
2019-09-19 10:26:58,790 [pool-93-thread-1] INFO  server.RaftServerConfigKeys (ConfUtils.java:logGet(43)) - raft.server.log.statemachine.data.sync = true (default)
2019-09-19 10:26:58,790 [pool-93-thread-1] INFO  server.RaftServerConfigKeys (ConfUtils.java:logGet(43)) - raft.server.log.statemachine.data.sync.timeout = 10s (default)
2019-09-19 10:26:58,790 [pool-93-thread-1] INFO  server.RaftServerConfigKeys (ConfUtils.java:logGet(43)) - raft.server.log.statemachine.data.sync.timeout.retry = -1 (default)
2019-09-19 10:26:58,791 [pool-93-thread-1] INFO  server.RaftServerConfigKeys (ConfUtils.java:logGet(43)) - raft.server.log.statemachine.data.caching.enabled = true (custom)
2019-09-19 10:26:58,791 [pool-93-thread-1] INFO  segmented.SegmentedRaftLogWorker (SegmentedRaftLogWorker.java:lambda$new$0(132)) - 8b25b6fb-e7f9-4ea8-8d7d-823d8ea82140-SegmentedRaftLogWorker:Storage Directory /workdir/hadoop-ozone/ozonefs/target/test-dir/MiniOzoneClusterImpl-c4ccaed8-e682-4870-947c-cf1864f77c00/datanode-6/data/ratis/4a773c7c-ca7a-4516-ab94-4e19705f5130: flushIndex: setUnconditionally 0 -> -1
2019-09-19 10:26:58,791 [pool-93-thread-1] INFO  server.RaftServerConfigKeys (ConfUtils.java:logGet(43)) - raft.server.snapshot.auto.trigger.enabled = true (custom)
2019-09-19 10:26:58,791 [pool-93-thread-1] INFO  server.RaftServerConfigKeys (ConfUtils.java:logGet(43)) - raft.server.snapshot.auto.trigger.threshold = 10000 (custom)
2019-09-19 10:26:58,792 [pool-93-thread-1] INFO  server.RaftServerConfigKeys (ConfUtils.java:logGet(43)) - raft.server.retrycache.expirytime = 600000ms (custom)
2019-09-19 10:26:58,792 [pool-93-thread-1] INFO  impl.RaftServerImpl (RaftServerImpl.java:start(180)) - 8b25b6fb-e7f9-4ea8-8d7d-823d8ea82140: start group-4E19705F5130
2019-09-19 10:26:58,792 [pool-93-thread-1] INFO  impl.RaftServerImpl (RaftServerImpl.java:setRole(171)) - 8b25b6fb-e7f9-4ea8-8d7d-823d8ea82140:group-4E19705F5130 changes role from null to FOLLOWER at term 0 for startAsFollower
2019-09-19 10:26:58,792 [pool-93-thread-1] INFO  impl.RoleInfo (RoleInfo.java:updateAndGet(143)) - 8b25b6fb-e7f9-4ea8-8d7d-823d8ea82140: start FollowerState
2019-09-19 10:26:58,792 [pool-93-thread-1] INFO  util.JmxRegister (JmxRegister.java:tryRegister(44)) - Successfully registered JMX Bean with object name Ratis:service=RaftServer,group=group-4E19705F5130,id=8b25b6fb-e7f9-4ea8-8d7d-823d8ea82140
2019-09-19 10:26:58,795 [RatisPipelineUtilsThread] INFO  pipeline.PipelineStateManager (PipelineStateManager.java:addPipeline(56)) - Created pipeline Pipeline[ Id: 4a773c7c-ca7a-4516-ab94-4e19705f5130, Nodes: 8b25b6fb-e7f9-4ea8-8d7d-823d8ea82140{ip: 192.168.157.204, host: pr-hdds-1569-cpgw4-1311585219, networkLocation: /default-rack, certSerialId: null}, Type:RATIS, Factor:ONE, State:OPEN]
2019-09-19 10:26:58,796 [RatisPipelineUtilsThread] ERROR pipeline.PipelinePlacementPolicy (PipelinePlacementPolicy.java:meetCriteria(91)) - Pipeline Placement: Doesn't meet the criteria to be viable node. Heaviness: 6
2019-09-19 10:26:58,796 [RatisPipelineUtilsThread] ERROR pipeline.PipelinePlacementPolicy (PipelinePlacementPolicy.java:meetCriteria(91)) - Pipeline Placement: Doesn't meet the criteria to be viable node. Heaviness: 6
2019-09-19 10:26:58,796 [RatisPipelineUtilsThread] ERROR pipeline.PipelinePlacementPolicy (PipelinePlacementPolicy.java:meetCriteria(91)) - Pipeline Placement: Doesn't meet the criteria to be viable node. Heaviness: 6
2019-09-19 10:26:58,796 [RatisPipelineUtilsThread] ERROR pipeline.PipelinePlacementPolicy (PipelinePlacementPolicy.java:meetCriteria(91)) - Pipeline Placement: Doesn't meet the criteria to be viable node. Heaviness: 6
2019-09-19 10:26:58,796 [RatisPipelineUtilsThread] ERROR pipeline.PipelinePlacementPolicy (PipelinePlacementPolicy.java:meetCriteria(91)) - Pipeline Placement: Doesn't meet the criteria to be viable node. Heaviness: 6
2019-09-19 10:26:58,796 [RatisPipelineUtilsThread] ERROR pipeline.PipelinePlacementPolicy (PipelinePlacementPolicy.java:meetCriteria(91)) - Pipeline Placement: Doesn't meet the criteria to be viable node. Heaviness: 6
2019-09-19 10:26:58,796 [RatisPipelineUtilsThread] ERROR pipeline.PipelinePlacementPolicy (PipelinePlacementPolicy.java:meetCriteria(91)) - Pipeline Placement: Doesn't meet the criteria to be viable node. Heaviness: 6
2019-09-19 10:26:58,797 [RatisPipelineUtilsThread] ERROR pipeline.PipelinePlacementPolicy (PipelinePlacementPolicy.java:meetCriteria(91)) - Pipeline Placement: Doesn't meet the criteria to be viable node. Heaviness: 6
2019-09-19 10:26:58,797 [RatisPipelineUtilsThread] ERROR pipeline.PipelinePlacementPolicy (PipelinePlacementPolicy.java:meetCriteria(91)) - Pipeline Placement: Doesn't meet the criteria to be viable node. Heaviness: 6
2019-09-19 10:26:58,801 [grpc-default-executor-0] INFO  impl.RaftServerProxy (RaftServerProxy.java:addNew(89)) - 8b25b6fb-e7f9-4ea8-8d7d-823d8ea82140: addNew group-5FB75DC87A5A:[8b25b6fb-e7f9-4ea8-8d7d-823d8ea82140:192.168.157.204:40963] returns group-5FB75DC87A5A:java.util.concurrent.CompletableFuture@75d2a7c4[Not completed]
2019-09-19 10:26:58,802 [pool-93-thread-1] INFO  impl.RaftServerImpl (RaftServerImpl.java:<init>(93)) - 8b25b6fb-e7f9-4ea8-8d7d-823d8ea82140: new RaftServerImpl for group-5FB75DC87A5A:[8b25b6fb-e7f9-4ea8-8d7d-823d8ea82140:192.168.157.204:40963] with ContainerStateMachine:uninitialized
2019-09-19 10:26:58,802 [pool-93-thread-1] INFO  server.RaftServerConfigKeys (ConfUtils.java:logGet(43)) - raft.server.rpc.timeout.min = 5s (custom)
2019-09-19 10:26:58,802 [pool-93-thread-1] INFO  server.RaftServerConfigKeys (ConfUtils.java:logGet(43)) - raft.server.rpc.timeout.max = 5200ms (custom)
2019-09-19 10:26:58,802 [pool-93-thread-1] INFO  server.RaftServerConfigKeys (ConfUtils.java:logGet(43)) - raft.server.rpcslowness.timeout = 120s (custom)
2019-09-19 10:26:58,803 [pool-93-thread-1] INFO  server.RaftServerConfigKeys (ConfUtils.java:logGet(43)) - raft.server.sleep.deviation.threshold = 300 (default)
2019-09-19 10:26:58,803 [pool-93-thread-1] INFO  server.RaftServerConfigKeys (ConfUtils.java:logGet(43)) - raft.server.log.appender.install.snapshot.enabled = false (custom)
2019-09-19 10:26:58,803 [pool-93-thread-1] INFO  impl.RaftServerImpl (ServerState.java:<init>(105)) - 8b25b6fb-e7f9-4ea8-8d7d-823d8ea82140:group-5FB75DC87A5A ConfigurationManager, init=-1: [8b25b6fb-e7f9-4ea8-8d7d-823d8ea82140:192.168.157.204:40963], old=null, confs=<EMPTY_MAP>
2019-09-19 10:26:58,803 [pool-93-thread-1] INFO  server.RaftServerConfigKeys (ConfUtils.java:logGet(43)) - raft.server.storage.dir = [/workdir/hadoop-ozone/ozonefs/target/test-dir/MiniOzoneClusterImpl-c4ccaed8-e682-4870-947c-cf1864f77c00/datanode-6/data/ratis] (custom)
2019-09-19 10:26:58,803 [pool-93-thread-1] INFO  storage.RaftStorageDirectory (RaftStorageDirectory.java:analyzeStorage(246)) - The storage directory /workdir/hadoop-ozone/ozonefs/target/test-dir/MiniOzoneClusterImpl-c4ccaed8-e682-4870-947c-cf1864f77c00/datanode-6/data/ratis/baf303a0-7f14-4dd6-8be5-5fb75dc87a5a does not exist. Creating ...
2019-09-19 10:26:58,808 | INFO  | SCMAudit | user=jenkins1000 | ip=192.168.157.204 | op=SEND_HEARTBEAT {datanodeUUID=10ec1051-6571-4c90-b3f9-a3c2840a089b, command=[]} | ret=SUCCESS |  
2019-09-19 10:26:58,809 [pool-93-thread-1] INFO  storage.RaftStorageDirectory (RaftStorageDirectory.java:tryLock(328)) - Lock on /workdir/hadoop-ozone/ozonefs/target/test-dir/MiniOzoneClusterImpl-c4ccaed8-e682-4870-947c-cf1864f77c00/datanode-6/data/ratis/baf303a0-7f14-4dd6-8be5-5fb75dc87a5a/in_use.lock acquired by nodename 26715@pr-hdds-1569-cpgw4-1311585219
2019-09-19 10:26:58,823 [pool-93-thread-1] INFO  storage.RaftStorage (RaftStorage.java:format(72)) - Storage directory /workdir/hadoop-ozone/ozonefs/target/test-dir/MiniOzoneClusterImpl-c4ccaed8-e682-4870-947c-cf1864f77c00/datanode-6/data/ratis/baf303a0-7f14-4dd6-8be5-5fb75dc87a5a has been successfully formatted.
2019-09-19 10:26:58,823 [pool-93-thread-1] INFO  ratis.ContainerStateMachine (ContainerStateMachine.java:loadSnapshot(226)) - group-5FB75DC87A5A: The snapshot info is null. Setting the last applied indexto:(t:0, i:~)
2019-09-19 10:26:58,823 [pool-93-thread-1] INFO  server.RaftServerConfigKeys (ConfUtils.java:logGet(43)) - raft.server.leader.election.timeout = 120s (custom)
2019-09-19 10:26:58,823 [pool-93-thread-1] INFO  server.RaftServerConfigKeys (ConfUtils.java:logGet(43)) - raft.server.log.use.memory = false (default)
2019-09-19 10:26:58,823 [pool-93-thread-1] INFO  server.RaftServerConfigKeys (ConfUtils.java:logGet(43)) - raft.server.log.purge.gap = 1000000 (custom)
2019-09-19 10:26:58,823 [pool-93-thread-1] INFO  server.RaftServerConfigKeys (ConfUtils.java:logGet(43)) - raft.server.log.appender.buffer.byte-limit = 33554432 (custom)
2019-09-19 10:26:58,824 [pool-93-thread-1] INFO  server.RaftServerConfigKeys (ConfUtils.java:logGet(43)) - raft.server.log.segment.size.max = 1048576 (custom)
2019-09-19 10:26:58,824 [pool-93-thread-1] INFO  server.RaftServerConfigKeys (ConfUtils.java:logGet(43)) - raft.server.log.segment.cache.num.max = 2 (custom)
2019-09-19 10:26:58,824 [pool-93-thread-1] INFO  segmented.SegmentedRaftLogWorker (SegmentedRaftLogWorker.java:<init>(172)) - new 8b25b6fb-e7f9-4ea8-8d7d-823d8ea82140-SegmentedRaftLogWorker:Storage Directory /workdir/hadoop-ozone/ozonefs/target/test-dir/MiniOzoneClusterImpl-c4ccaed8-e682-4870-947c-cf1864f77c00/datanode-6/data/ratis/baf303a0-7f14-4dd6-8be5-5fb75dc87a5a for RaftStorage:Storage Directory /workdir/hadoop-ozone/ozonefs/target/test-dir/MiniOzoneClusterImpl-c4ccaed8-e682-4870-947c-cf1864f77c00/datanode-6/data/ratis/baf303a0-7f14-4dd6-8be5-5fb75dc87a5a
2019-09-19 10:26:58,824 [pool-93-thread-1] INFO  server.RaftServerConfigKeys (ConfUtils.java:logGet(43)) - raft.server.log.queue.byte-limit = 2147483647 (custom)
2019-09-19 10:26:58,824 [pool-93-thread-1] INFO  server.RaftServerConfigKeys (ConfUtils.java:logGet(43)) - raft.server.log.queue.element-limit = 1024 (custom)
2019-09-19 10:26:58,824 [pool-93-thread-1] INFO  server.RaftServerConfigKeys (ConfUtils.java:logGet(43)) - raft.server.log.segment.size.max = 1048576 (custom)
2019-09-19 10:26:58,824 [pool-93-thread-1] INFO  server.RaftServerConfigKeys (ConfUtils.java:logGet(43)) - raft.server.log.preallocated.size = 16384 (custom)
2019-09-19 10:26:58,824 [pool-93-thread-1] INFO  server.RaftServerConfigKeys (ConfUtils.java:logGet(43)) - raft.server.log.write.buffer.size = 33554432 (custom)
2019-09-19 10:26:58,824 [pool-93-thread-1] INFO  server.RaftServerConfigKeys (ConfUtils.java:logGet(43)) - raft.server.log.force.sync.num = 128 (default)
2019-09-19 10:26:58,825 [pool-93-thread-1] INFO  server.RaftServerConfigKeys (ConfUtils.java:logGet(43)) - raft.server.log.statemachine.data.sync = true (default)
2019-09-19 10:26:58,825 [pool-93-thread-1] INFO  server.RaftServerConfigKeys (ConfUtils.java:logGet(43)) - raft.server.log.statemachine.data.sync.timeout = 10s (default)
2019-09-19 10:26:58,825 [pool-93-thread-1] INFO  server.RaftServerConfigKeys (ConfUtils.java:logGet(43)) - raft.server.log.statemachine.data.sync.timeout.retry = -1 (default)
2019-09-19 10:26:58,825 [pool-93-thread-1] INFO  server.RaftServerConfigKeys (ConfUtils.java:logGet(43)) - raft.server.log.statemachine.data.caching.enabled = true (custom)
2019-09-19 10:26:58,825 [pool-93-thread-1] INFO  segmented.SegmentedRaftLogWorker (SegmentedRaftLogWorker.java:lambda$new$0(132)) - 8b25b6fb-e7f9-4ea8-8d7d-823d8ea82140-SegmentedRaftLogWorker:Storage Directory /workdir/hadoop-ozone/ozonefs/target/test-dir/MiniOzoneClusterImpl-c4ccaed8-e682-4870-947c-cf1864f77c00/datanode-6/data/ratis/baf303a0-7f14-4dd6-8be5-5fb75dc87a5a: flushIndex: setUnconditionally 0 -> -1
2019-09-19 10:26:58,825 [pool-93-thread-1] INFO  server.RaftServerConfigKeys (ConfUtils.java:logGet(43)) - raft.server.snapshot.auto.trigger.enabled = true (custom)
2019-09-19 10:26:58,826 [pool-93-thread-1] INFO  server.RaftServerConfigKeys (ConfUtils.java:logGet(43)) - raft.server.snapshot.auto.trigger.threshold = 10000 (custom)
2019-09-19 10:26:58,826 [pool-93-thread-1] INFO  server.RaftServerConfigKeys (ConfUtils.java:logGet(43)) - raft.server.retrycache.expirytime = 600000ms (custom)
2019-09-19 10:26:58,826 [pool-93-thread-1] INFO  impl.RaftServerImpl (RaftServerImpl.java:start(180)) - 8b25b6fb-e7f9-4ea8-8d7d-823d8ea82140: start group-5FB75DC87A5A
2019-09-19 10:26:58,826 [pool-93-thread-1] INFO  impl.RaftServerImpl (RaftServerImpl.java:setRole(171)) - 8b25b6fb-e7f9-4ea8-8d7d-823d8ea82140:group-5FB75DC87A5A changes role from null to FOLLOWER at term 0 for startAsFollower
2019-09-19 10:26:58,826 [pool-93-thread-1] INFO  impl.RoleInfo (RoleInfo.java:updateAndGet(143)) - 8b25b6fb-e7f9-4ea8-8d7d-823d8ea82140: start FollowerState
2019-09-19 10:26:58,826 [pool-93-thread-1] INFO  util.JmxRegister (JmxRegister.java:tryRegister(44)) - Successfully registered JMX Bean with object name Ratis:service=RaftServer,group=group-5FB75DC87A5A,id=8b25b6fb-e7f9-4ea8-8d7d-823d8ea82140
2019-09-19 10:26:58,829 [RatisPipelineUtilsThread] INFO  pipeline.PipelineStateManager (PipelineStateManager.java:addPipeline(56)) - Created pipeline Pipeline[ Id: baf303a0-7f14-4dd6-8be5-5fb75dc87a5a, Nodes: 8b25b6fb-e7f9-4ea8-8d7d-823d8ea82140{ip: 192.168.157.204, host: pr-hdds-1569-cpgw4-1311585219, networkLocation: /default-rack, certSerialId: null}, Type:RATIS, Factor:ONE, State:OPEN]
2019-09-19 10:26:58,829 [RatisPipelineUtilsThread] ERROR pipeline.PipelinePlacementPolicy (PipelinePlacementPolicy.java:meetCriteria(91)) - Pipeline Placement: Doesn't meet the criteria to be viable node. Heaviness: 6
2019-09-19 10:26:58,830 [RatisPipelineUtilsThread] ERROR pipeline.PipelinePlacementPolicy (PipelinePlacementPolicy.java:meetCriteria(91)) - Pipeline Placement: Doesn't meet the criteria to be viable node. Heaviness: 6
2019-09-19 10:26:58,830 [RatisPipelineUtilsThread] ERROR pipeline.PipelinePlacementPolicy (PipelinePlacementPolicy.java:meetCriteria(91)) - Pipeline Placement: Doesn't meet the criteria to be viable node. Heaviness: 6
2019-09-19 10:26:58,830 [RatisPipelineUtilsThread] ERROR pipeline.PipelinePlacementPolicy (PipelinePlacementPolicy.java:meetCriteria(91)) - Pipeline Placement: Doesn't meet the criteria to be viable node. Heaviness: 6
2019-09-19 10:26:58,830 [RatisPipelineUtilsThread] ERROR pipeline.PipelinePlacementPolicy (PipelinePlacementPolicy.java:meetCriteria(91)) - Pipeline Placement: Doesn't meet the criteria to be viable node. Heaviness: 6
2019-09-19 10:26:58,830 [RatisPipelineUtilsThread] ERROR pipeline.PipelinePlacementPolicy (PipelinePlacementPolicy.java:meetCriteria(91)) - Pipeline Placement: Doesn't meet the criteria to be viable node. Heaviness: 6
2019-09-19 10:26:58,830 [RatisPipelineUtilsThread] ERROR pipeline.PipelinePlacementPolicy (PipelinePlacementPolicy.java:meetCriteria(91)) - Pipeline Placement: Doesn't meet the criteria to be viable node. Heaviness: 6
2019-09-19 10:26:58,830 [RatisPipelineUtilsThread] ERROR pipeline.PipelinePlacementPolicy (PipelinePlacementPolicy.java:meetCriteria(91)) - Pipeline Placement: Doesn't meet the criteria to be viable node. Heaviness: 6
2019-09-19 10:26:58,830 [RatisPipelineUtilsThread] ERROR pipeline.PipelinePlacementPolicy (PipelinePlacementPolicy.java:meetCriteria(91)) - Pipeline Placement: Doesn't meet the criteria to be viable node. Heaviness: 6
2019-09-19 10:26:58,835 [grpc-default-executor-0] INFO  impl.RaftServerProxy (RaftServerProxy.java:addNew(89)) - 8b25b6fb-e7f9-4ea8-8d7d-823d8ea82140: addNew group-BEDC5601A1CE:[8b25b6fb-e7f9-4ea8-8d7d-823d8ea82140:192.168.157.204:40963] returns group-BEDC5601A1CE:java.util.concurrent.CompletableFuture@7c133f1f[Not completed]
2019-09-19 10:26:58,836 [pool-93-thread-1] INFO  impl.RaftServerImpl (RaftServerImpl.java:<init>(93)) - 8b25b6fb-e7f9-4ea8-8d7d-823d8ea82140: new RaftServerImpl for group-BEDC5601A1CE:[8b25b6fb-e7f9-4ea8-8d7d-823d8ea82140:192.168.157.204:40963] with ContainerStateMachine:uninitialized
2019-09-19 10:26:58,836 [pool-93-thread-1] INFO  server.RaftServerConfigKeys (ConfUtils.java:logGet(43)) - raft.server.rpc.timeout.min = 5s (custom)
2019-09-19 10:26:58,836 [pool-93-thread-1] INFO  server.RaftServerConfigKeys (ConfUtils.java:logGet(43)) - raft.server.rpc.timeout.max = 5200ms (custom)
2019-09-19 10:26:58,836 [pool-93-thread-1] INFO  server.RaftServerConfigKeys (ConfUtils.java:logGet(43)) - raft.server.rpcslowness.timeout = 120s (custom)
2019-09-19 10:26:58,836 [pool-93-thread-1] INFO  server.RaftServerConfigKeys (ConfUtils.java:logGet(43)) - raft.server.sleep.deviation.threshold = 300 (default)
2019-09-19 10:26:58,836 [pool-93-thread-1] INFO  server.RaftServerConfigKeys (ConfUtils.java:logGet(43)) - raft.server.log.appender.install.snapshot.enabled = false (custom)
2019-09-19 10:26:58,837 [pool-93-thread-1] INFO  impl.RaftServerImpl (ServerState.java:<init>(105)) - 8b25b6fb-e7f9-4ea8-8d7d-823d8ea82140:group-BEDC5601A1CE ConfigurationManager, init=-1: [8b25b6fb-e7f9-4ea8-8d7d-823d8ea82140:192.168.157.204:40963], old=null, confs=<EMPTY_MAP>
2019-09-19 10:26:58,837 [pool-93-thread-1] INFO  server.RaftServerConfigKeys (ConfUtils.java:logGet(43)) - raft.server.storage.dir = [/workdir/hadoop-ozone/ozonefs/target/test-dir/MiniOzoneClusterImpl-c4ccaed8-e682-4870-947c-cf1864f77c00/datanode-6/data/ratis] (custom)
2019-09-19 10:26:58,837 [pool-93-thread-1] INFO  storage.RaftStorageDirectory (RaftStorageDirectory.java:analyzeStorage(246)) - The storage directory /workdir/hadoop-ozone/ozonefs/target/test-dir/MiniOzoneClusterImpl-c4ccaed8-e682-4870-947c-cf1864f77c00/datanode-6/data/ratis/dabbfe28-3df7-4f31-8758-bedc5601a1ce does not exist. Creating ...
2019-09-19 10:26:58,843 [pool-93-thread-1] INFO  storage.RaftStorageDirectory (RaftStorageDirectory.java:tryLock(328)) - Lock on /workdir/hadoop-ozone/ozonefs/target/test-dir/MiniOzoneClusterImpl-c4ccaed8-e682-4870-947c-cf1864f77c00/datanode-6/data/ratis/dabbfe28-3df7-4f31-8758-bedc5601a1ce/in_use.lock acquired by nodename 26715@pr-hdds-1569-cpgw4-1311585219
2019-09-19 10:26:58,856 [pool-93-thread-1] INFO  storage.RaftStorage (RaftStorage.java:format(72)) - Storage directory /workdir/hadoop-ozone/ozonefs/target/test-dir/MiniOzoneClusterImpl-c4ccaed8-e682-4870-947c-cf1864f77c00/datanode-6/data/ratis/dabbfe28-3df7-4f31-8758-bedc5601a1ce has been successfully formatted.
2019-09-19 10:26:58,857 [pool-93-thread-1] INFO  ratis.ContainerStateMachine (ContainerStateMachine.java:loadSnapshot(226)) - group-BEDC5601A1CE: The snapshot info is null. Setting the last applied indexto:(t:0, i:~)
2019-09-19 10:26:58,857 [pool-93-thread-1] INFO  server.RaftServerConfigKeys (ConfUtils.java:logGet(43)) - raft.server.leader.election.timeout = 120s (custom)
2019-09-19 10:26:58,857 [pool-93-thread-1] INFO  server.RaftServerConfigKeys (ConfUtils.java:logGet(43)) - raft.server.log.use.memory = false (default)
2019-09-19 10:26:58,857 [pool-93-thread-1] INFO  server.RaftServerConfigKeys (ConfUtils.java:logGet(43)) - raft.server.log.purge.gap = 1000000 (custom)
2019-09-19 10:26:58,857 [pool-93-thread-1] INFO  server.RaftServerConfigKeys (ConfUtils.java:logGet(43)) - raft.server.log.appender.buffer.byte-limit = 33554432 (custom)
2019-09-19 10:26:58,857 [pool-93-thread-1] INFO  server.RaftServerConfigKeys (ConfUtils.java:logGet(43)) - raft.server.log.segment.size.max = 1048576 (custom)
2019-09-19 10:26:58,857 [pool-93-thread-1] INFO  server.RaftServerConfigKeys (ConfUtils.java:logGet(43)) - raft.server.log.segment.cache.num.max = 2 (custom)
2019-09-19 10:26:58,857 [pool-93-thread-1] INFO  segmented.SegmentedRaftLogWorker (SegmentedRaftLogWorker.java:<init>(172)) - new 8b25b6fb-e7f9-4ea8-8d7d-823d8ea82140-SegmentedRaftLogWorker:Storage Directory /workdir/hadoop-ozone/ozonefs/target/test-dir/MiniOzoneClusterImpl-c4ccaed8-e682-4870-947c-cf1864f77c00/datanode-6/data/ratis/dabbfe28-3df7-4f31-8758-bedc5601a1ce for RaftStorage:Storage Directory /workdir/hadoop-ozone/ozonefs/target/test-dir/MiniOzoneClusterImpl-c4ccaed8-e682-4870-947c-cf1864f77c00/datanode-6/data/ratis/dabbfe28-3df7-4f31-8758-bedc5601a1ce
2019-09-19 10:26:58,858 [pool-93-thread-1] INFO  server.RaftServerConfigKeys (ConfUtils.java:logGet(43)) - raft.server.log.queue.byte-limit = 2147483647 (custom)
2019-09-19 10:26:58,858 [pool-93-thread-1] INFO  server.RaftServerConfigKeys (ConfUtils.java:logGet(43)) - raft.server.log.queue.element-limit = 1024 (custom)
2019-09-19 10:26:58,858 [pool-93-thread-1] INFO  server.RaftServerConfigKeys (ConfUtils.java:logGet(43)) - raft.server.log.segment.size.max = 1048576 (custom)
2019-09-19 10:26:58,858 [pool-93-thread-1] INFO  server.RaftServerConfigKeys (ConfUtils.java:logGet(43)) - raft.server.log.preallocated.size = 16384 (custom)
2019-09-19 10:26:58,858 [pool-93-thread-1] INFO  server.RaftServerConfigKeys (ConfUtils.java:logGet(43)) - raft.server.log.write.buffer.size = 33554432 (custom)
2019-09-19 10:26:58,858 [pool-93-thread-1] INFO  server.RaftServerConfigKeys (ConfUtils.java:logGet(43)) - raft.server.log.force.sync.num = 128 (default)
2019-09-19 10:26:58,858 [pool-93-thread-1] INFO  server.RaftServerConfigKeys (ConfUtils.java:logGet(43)) - raft.server.log.statemachine.data.sync = true (default)
2019-09-19 10:26:58,858 [pool-93-thread-1] INFO  server.RaftServerConfigKeys (ConfUtils.java:logGet(43)) - raft.server.log.statemachine.data.sync.timeout = 10s (default)
2019-09-19 10:26:58,858 [pool-93-thread-1] INFO  server.RaftServerConfigKeys (ConfUtils.java:logGet(43)) - raft.server.log.statemachine.data.sync.timeout.retry = -1 (default)
2019-09-19 10:26:58,858 [pool-93-thread-1] INFO  server.RaftServerConfigKeys (ConfUtils.java:logGet(43)) - raft.server.log.statemachine.data.caching.enabled = true (custom)
2019-09-19 10:26:58,859 [pool-93-thread-1] INFO  segmented.SegmentedRaftLogWorker (SegmentedRaftLogWorker.java:lambda$new$0(132)) - 8b25b6fb-e7f9-4ea8-8d7d-823d8ea82140-SegmentedRaftLogWorker:Storage Directory /workdir/hadoop-ozone/ozonefs/target/test-dir/MiniOzoneClusterImpl-c4ccaed8-e682-4870-947c-cf1864f77c00/datanode-6/data/ratis/dabbfe28-3df7-4f31-8758-bedc5601a1ce: flushIndex: setUnconditionally 0 -> -1
2019-09-19 10:26:58,859 [pool-93-thread-1] INFO  server.RaftServerConfigKeys (ConfUtils.java:logGet(43)) - raft.server.snapshot.auto.trigger.enabled = true (custom)
2019-09-19 10:26:58,859 [pool-93-thread-1] INFO  server.RaftServerConfigKeys (ConfUtils.java:logGet(43)) - raft.server.snapshot.auto.trigger.threshold = 10000 (custom)
2019-09-19 10:26:58,859 [pool-93-thread-1] INFO  server.RaftServerConfigKeys (ConfUtils.java:logGet(43)) - raft.server.retrycache.expirytime = 600000ms (custom)
2019-09-19 10:26:58,859 [pool-93-thread-1] INFO  impl.RaftServerImpl (RaftServerImpl.java:start(180)) - 8b25b6fb-e7f9-4ea8-8d7d-823d8ea82140: start group-BEDC5601A1CE
2019-09-19 10:26:58,859 [pool-93-thread-1] INFO  impl.RaftServerImpl (RaftServerImpl.java:setRole(171)) - 8b25b6fb-e7f9-4ea8-8d7d-823d8ea82140:group-BEDC5601A1CE changes role from null to FOLLOWER at term 0 for startAsFollower
2019-09-19 10:26:58,860 [pool-93-thread-1] INFO  impl.RoleInfo (RoleInfo.java:updateAndGet(143)) - 8b25b6fb-e7f9-4ea8-8d7d-823d8ea82140: start FollowerState
2019-09-19 10:26:58,860 [pool-93-thread-1] INFO  util.JmxRegister (JmxRegister.java:tryRegister(44)) - Successfully registered JMX Bean with object name Ratis:service=RaftServer,group=group-BEDC5601A1CE,id=8b25b6fb-e7f9-4ea8-8d7d-823d8ea82140
2019-09-19 10:26:58,863 [RatisPipelineUtilsThread] INFO  pipeline.PipelineStateManager (PipelineStateManager.java:addPipeline(56)) - Created pipeline Pipeline[ Id: dabbfe28-3df7-4f31-8758-bedc5601a1ce, Nodes: 8b25b6fb-e7f9-4ea8-8d7d-823d8ea82140{ip: 192.168.157.204, host: pr-hdds-1569-cpgw4-1311585219, networkLocation: /default-rack, certSerialId: null}, Type:RATIS, Factor:ONE, State:OPEN]
2019-09-19 10:26:58,863 [RatisPipelineUtilsThread] ERROR pipeline.PipelinePlacementPolicy (PipelinePlacementPolicy.java:meetCriteria(91)) - Pipeline Placement: Doesn't meet the criteria to be viable node. Heaviness: 6
2019-09-19 10:26:58,863 [RatisPipelineUtilsThread] ERROR pipeline.PipelinePlacementPolicy (PipelinePlacementPolicy.java:meetCriteria(91)) - Pipeline Placement: Doesn't meet the criteria to be viable node. Heaviness: 6
2019-09-19 10:26:58,864 [RatisPipelineUtilsThread] ERROR pipeline.PipelinePlacementPolicy (PipelinePlacementPolicy.java:meetCriteria(91)) - Pipeline Placement: Doesn't meet the criteria to be viable node. Heaviness: 6
2019-09-19 10:26:58,864 [RatisPipelineUtilsThread] ERROR pipeline.PipelinePlacementPolicy (PipelinePlacementPolicy.java:meetCriteria(91)) - Pipeline Placement: Doesn't meet the criteria to be viable node. Heaviness: 6
2019-09-19 10:26:58,864 [RatisPipelineUtilsThread] ERROR pipeline.PipelinePlacementPolicy (PipelinePlacementPolicy.java:meetCriteria(91)) - Pipeline Placement: Doesn't meet the criteria to be viable node. Heaviness: 6
2019-09-19 10:26:58,864 [RatisPipelineUtilsThread] ERROR pipeline.PipelinePlacementPolicy (PipelinePlacementPolicy.java:meetCriteria(91)) - Pipeline Placement: Doesn't meet the criteria to be viable node. Heaviness: 6
2019-09-19 10:26:58,864 [RatisPipelineUtilsThread] ERROR pipeline.PipelinePlacementPolicy (PipelinePlacementPolicy.java:meetCriteria(91)) - Pipeline Placement: Doesn't meet the criteria to be viable node. Heaviness: 6
2019-09-19 10:26:58,864 [RatisPipelineUtilsThread] ERROR pipeline.PipelinePlacementPolicy (PipelinePlacementPolicy.java:meetCriteria(91)) - Pipeline Placement: Doesn't meet the criteria to be viable node. Heaviness: 6
2019-09-19 10:26:58,864 [RatisPipelineUtilsThread] ERROR pipeline.PipelinePlacementPolicy (PipelinePlacementPolicy.java:meetCriteria(91)) - Pipeline Placement: Doesn't meet the criteria to be viable node. Heaviness: 6
2019-09-19 10:26:58,870 [grpc-default-executor-0] INFO  impl.RaftServerProxy (RaftServerProxy.java:addNew(89)) - 8b25b6fb-e7f9-4ea8-8d7d-823d8ea82140: addNew group-4DC21B3BF4FD:[8b25b6fb-e7f9-4ea8-8d7d-823d8ea82140:192.168.157.204:40963] returns group-4DC21B3BF4FD:java.util.concurrent.CompletableFuture@6a4c09b6[Not completed]
2019-09-19 10:26:58,870 [pool-93-thread-1] INFO  impl.RaftServerImpl (RaftServerImpl.java:<init>(93)) - 8b25b6fb-e7f9-4ea8-8d7d-823d8ea82140: new RaftServerImpl for group-4DC21B3BF4FD:[8b25b6fb-e7f9-4ea8-8d7d-823d8ea82140:192.168.157.204:40963] with ContainerStateMachine:uninitialized
2019-09-19 10:26:58,871 [pool-93-thread-1] INFO  server.RaftServerConfigKeys (ConfUtils.java:logGet(43)) - raft.server.rpc.timeout.min = 5s (custom)
2019-09-19 10:26:58,871 [pool-93-thread-1] INFO  server.RaftServerConfigKeys (ConfUtils.java:logGet(43)) - raft.server.rpc.timeout.max = 5200ms (custom)
2019-09-19 10:26:58,871 [pool-93-thread-1] INFO  server.RaftServerConfigKeys (ConfUtils.java:logGet(43)) - raft.server.rpcslowness.timeout = 120s (custom)
2019-09-19 10:26:58,871 [pool-93-thread-1] INFO  server.RaftServerConfigKeys (ConfUtils.java:logGet(43)) - raft.server.sleep.deviation.threshold = 300 (default)
2019-09-19 10:26:58,871 [pool-93-thread-1] INFO  server.RaftServerConfigKeys (ConfUtils.java:logGet(43)) - raft.server.log.appender.install.snapshot.enabled = false (custom)
2019-09-19 10:26:58,871 [pool-93-thread-1] INFO  impl.RaftServerImpl (ServerState.java:<init>(105)) - 8b25b6fb-e7f9-4ea8-8d7d-823d8ea82140:group-4DC21B3BF4FD ConfigurationManager, init=-1: [8b25b6fb-e7f9-4ea8-8d7d-823d8ea82140:192.168.157.204:40963], old=null, confs=<EMPTY_MAP>
2019-09-19 10:26:58,871 [pool-93-thread-1] INFO  server.RaftServerConfigKeys (ConfUtils.java:logGet(43)) - raft.server.storage.dir = [/workdir/hadoop-ozone/ozonefs/target/test-dir/MiniOzoneClusterImpl-c4ccaed8-e682-4870-947c-cf1864f77c00/datanode-6/data/ratis] (custom)
2019-09-19 10:26:58,871 [pool-93-thread-1] INFO  storage.RaftStorageDirectory (RaftStorageDirectory.java:analyzeStorage(246)) - The storage directory /workdir/hadoop-ozone/ozonefs/target/test-dir/MiniOzoneClusterImpl-c4ccaed8-e682-4870-947c-cf1864f77c00/datanode-6/data/ratis/0eb608e0-8e6f-404d-bdf9-4dc21b3bf4fd does not exist. Creating ...
2019-09-19 10:26:58,877 [pool-93-thread-1] INFO  storage.RaftStorageDirectory (RaftStorageDirectory.java:tryLock(328)) - Lock on /workdir/hadoop-ozone/ozonefs/target/test-dir/MiniOzoneClusterImpl-c4ccaed8-e682-4870-947c-cf1864f77c00/datanode-6/data/ratis/0eb608e0-8e6f-404d-bdf9-4dc21b3bf4fd/in_use.lock acquired by nodename 26715@pr-hdds-1569-cpgw4-1311585219
2019-09-19 10:26:58,881 | INFO  | SCMAudit | user=jenkins1000 | ip=192.168.157.204 | op=SEND_HEARTBEAT {datanodeUUID=7e4b2fb6-17ca-4cf7-9c63-77c56d6e2e1f, command=[]} | ret=SUCCESS |  
2019-09-19 10:26:58,883 [pool-93-thread-1] INFO  storage.RaftStorage (RaftStorage.java:format(72)) - Storage directory /workdir/hadoop-ozone/ozonefs/target/test-dir/MiniOzoneClusterImpl-c4ccaed8-e682-4870-947c-cf1864f77c00/datanode-6/data/ratis/0eb608e0-8e6f-404d-bdf9-4dc21b3bf4fd has been successfully formatted.
2019-09-19 10:26:58,883 [pool-93-thread-1] INFO  ratis.ContainerStateMachine (ContainerStateMachine.java:loadSnapshot(226)) - group-4DC21B3BF4FD: The snapshot info is null. Setting the last applied indexto:(t:0, i:~)
2019-09-19 10:26:58,883 [pool-93-thread-1] INFO  server.RaftServerConfigKeys (ConfUtils.java:logGet(43)) - raft.server.leader.election.timeout = 120s (custom)
2019-09-19 10:26:58,884 [pool-93-thread-1] INFO  server.RaftServerConfigKeys (ConfUtils.java:logGet(43)) - raft.server.log.use.memory = false (default)
2019-09-19 10:26:58,884 [pool-93-thread-1] INFO  server.RaftServerConfigKeys (ConfUtils.java:logGet(43)) - raft.server.log.purge.gap = 1000000 (custom)
2019-09-19 10:26:58,884 [pool-93-thread-1] INFO  server.RaftServerConfigKeys (ConfUtils.java:logGet(43)) - raft.server.log.appender.buffer.byte-limit = 33554432 (custom)
2019-09-19 10:26:58,884 [pool-93-thread-1] INFO  server.RaftServerConfigKeys (ConfUtils.java:logGet(43)) - raft.server.log.segment.size.max = 1048576 (custom)
2019-09-19 10:26:58,884 [pool-93-thread-1] INFO  server.RaftServerConfigKeys (ConfUtils.java:logGet(43)) - raft.server.log.segment.cache.num.max = 2 (custom)
2019-09-19 10:26:58,885 [pool-93-thread-1] INFO  segmented.SegmentedRaftLogWorker (SegmentedRaftLogWorker.java:<init>(172)) - new 8b25b6fb-e7f9-4ea8-8d7d-823d8ea82140-SegmentedRaftLogWorker:Storage Directory /workdir/hadoop-ozone/ozonefs/target/test-dir/MiniOzoneClusterImpl-c4ccaed8-e682-4870-947c-cf1864f77c00/datanode-6/data/ratis/0eb608e0-8e6f-404d-bdf9-4dc21b3bf4fd for RaftStorage:Storage Directory /workdir/hadoop-ozone/ozonefs/target/test-dir/MiniOzoneClusterImpl-c4ccaed8-e682-4870-947c-cf1864f77c00/datanode-6/data/ratis/0eb608e0-8e6f-404d-bdf9-4dc21b3bf4fd
2019-09-19 10:26:58,885 [pool-93-thread-1] INFO  server.RaftServerConfigKeys (ConfUtils.java:logGet(43)) - raft.server.log.queue.byte-limit = 2147483647 (custom)
2019-09-19 10:26:58,885 [pool-93-thread-1] INFO  server.RaftServerConfigKeys (ConfUtils.java:logGet(43)) - raft.server.log.queue.element-limit = 1024 (custom)
2019-09-19 10:26:58,885 [pool-93-thread-1] INFO  server.RaftServerConfigKeys (ConfUtils.java:logGet(43)) - raft.server.log.segment.size.max = 1048576 (custom)
2019-09-19 10:26:58,885 [pool-93-thread-1] INFO  server.RaftServerConfigKeys (ConfUtils.java:logGet(43)) - raft.server.log.preallocated.size = 16384 (custom)
2019-09-19 10:26:58,885 [pool-93-thread-1] INFO  server.RaftServerConfigKeys (ConfUtils.java:logGet(43)) - raft.server.log.write.buffer.size = 33554432 (custom)
2019-09-19 10:26:58,886 [pool-93-thread-1] INFO  server.RaftServerConfigKeys (ConfUtils.java:logGet(43)) - raft.server.log.force.sync.num = 128 (default)
2019-09-19 10:26:58,886 [pool-93-thread-1] INFO  server.RaftServerConfigKeys (ConfUtils.java:logGet(43)) - raft.server.log.statemachine.data.sync = true (default)
2019-09-19 10:26:58,886 [pool-93-thread-1] INFO  server.RaftServerConfigKeys (ConfUtils.java:logGet(43)) - raft.server.log.statemachine.data.sync.timeout = 10s (default)
2019-09-19 10:26:58,886 [pool-93-thread-1] INFO  server.RaftServerConfigKeys (ConfUtils.java:logGet(43)) - raft.server.log.statemachine.data.sync.timeout.retry = -1 (default)
2019-09-19 10:26:58,886 [pool-93-thread-1] INFO  server.RaftServerConfigKeys (ConfUtils.java:logGet(43)) - raft.server.log.statemachine.data.caching.enabled = true (custom)
2019-09-19 10:26:58,887 [pool-93-thread-1] INFO  segmented.SegmentedRaftLogWorker (SegmentedRaftLogWorker.java:lambda$new$0(132)) - 8b25b6fb-e7f9-4ea8-8d7d-823d8ea82140-SegmentedRaftLogWorker:Storage Directory /workdir/hadoop-ozone/ozonefs/target/test-dir/MiniOzoneClusterImpl-c4ccaed8-e682-4870-947c-cf1864f77c00/datanode-6/data/ratis/0eb608e0-8e6f-404d-bdf9-4dc21b3bf4fd: flushIndex: setUnconditionally 0 -> -1
2019-09-19 10:26:58,887 [pool-93-thread-1] INFO  server.RaftServerConfigKeys (ConfUtils.java:logGet(43)) - raft.server.snapshot.auto.trigger.enabled = true (custom)
2019-09-19 10:26:58,887 [pool-93-thread-1] INFO  server.RaftServerConfigKeys (ConfUtils.java:logGet(43)) - raft.server.snapshot.auto.trigger.threshold = 10000 (custom)
2019-09-19 10:26:58,887 [pool-93-thread-1] INFO  server.RaftServerConfigKeys (ConfUtils.java:logGet(43)) - raft.server.retrycache.expirytime = 600000ms (custom)
2019-09-19 10:26:58,888 [pool-93-thread-1] INFO  impl.RaftServerImpl (RaftServerImpl.java:start(180)) - 8b25b6fb-e7f9-4ea8-8d7d-823d8ea82140: start group-4DC21B3BF4FD
2019-09-19 10:26:58,888 [pool-93-thread-1] INFO  impl.RaftServerImpl (RaftServerImpl.java:setRole(171)) - 8b25b6fb-e7f9-4ea8-8d7d-823d8ea82140:group-4DC21B3BF4FD changes role from null to FOLLOWER at term 0 for startAsFollower
2019-09-19 10:26:58,888 [pool-93-thread-1] INFO  impl.RoleInfo (RoleInfo.java:updateAndGet(143)) - 8b25b6fb-e7f9-4ea8-8d7d-823d8ea82140: start FollowerState
2019-09-19 10:26:58,888 [pool-93-thread-1] INFO  util.JmxRegister (JmxRegister.java:tryRegister(44)) - Successfully registered JMX Bean with object name Ratis:service=RaftServer,group=group-4DC21B3BF4FD,id=8b25b6fb-e7f9-4ea8-8d7d-823d8ea82140
2019-09-19 10:26:58,892 [RatisPipelineUtilsThread] INFO  pipeline.PipelineStateManager (PipelineStateManager.java:addPipeline(56)) - Created pipeline Pipeline[ Id: 0eb608e0-8e6f-404d-bdf9-4dc21b3bf4fd, Nodes: 8b25b6fb-e7f9-4ea8-8d7d-823d8ea82140{ip: 192.168.157.204, host: pr-hdds-1569-cpgw4-1311585219, networkLocation: /default-rack, certSerialId: null}, Type:RATIS, Factor:ONE, State:OPEN]
2019-09-19 10:26:58,892 [RatisPipelineUtilsThread] ERROR pipeline.PipelinePlacementPolicy (PipelinePlacementPolicy.java:meetCriteria(91)) - Pipeline Placement: Doesn't meet the criteria to be viable node. Heaviness: 6
2019-09-19 10:26:58,892 [RatisPipelineUtilsThread] ERROR pipeline.PipelinePlacementPolicy (PipelinePlacementPolicy.java:meetCriteria(91)) - Pipeline Placement: Doesn't meet the criteria to be viable node. Heaviness: 6
2019-09-19 10:26:58,892 [RatisPipelineUtilsThread] ERROR pipeline.PipelinePlacementPolicy (PipelinePlacementPolicy.java:meetCriteria(91)) - Pipeline Placement: Doesn't meet the criteria to be viable node. Heaviness: 6
2019-09-19 10:26:58,893 [RatisPipelineUtilsThread] ERROR pipeline.PipelinePlacementPolicy (PipelinePlacementPolicy.java:meetCriteria(91)) - Pipeline Placement: Doesn't meet the criteria to be viable node. Heaviness: 6
2019-09-19 10:26:58,893 [RatisPipelineUtilsThread] ERROR pipeline.PipelinePlacementPolicy (PipelinePlacementPolicy.java:meetCriteria(91)) - Pipeline Placement: Doesn't meet the criteria to be viable node. Heaviness: 6
2019-09-19 10:26:58,893 [RatisPipelineUtilsThread] ERROR pipeline.PipelinePlacementPolicy (PipelinePlacementPolicy.java:meetCriteria(91)) - Pipeline Placement: Doesn't meet the criteria to be viable node. Heaviness: 6
2019-09-19 10:26:58,893 [RatisPipelineUtilsThread] ERROR pipeline.PipelinePlacementPolicy (PipelinePlacementPolicy.java:meetCriteria(91)) - Pipeline Placement: Doesn't meet the criteria to be viable node. Heaviness: 6
2019-09-19 10:26:58,893 [RatisPipelineUtilsThread] ERROR pipeline.PipelinePlacementPolicy (PipelinePlacementPolicy.java:meetCriteria(91)) - Pipeline Placement: Doesn't meet the criteria to be viable node. Heaviness: 6
2019-09-19 10:26:58,893 [RatisPipelineUtilsThread] ERROR pipeline.PipelinePlacementPolicy (PipelinePlacementPolicy.java:meetCriteria(91)) - Pipeline Placement: Doesn't meet the criteria to be viable node. Heaviness: 6
2019-09-19 10:26:58,899 [grpc-default-executor-0] INFO  impl.RaftServerProxy (RaftServerProxy.java:addNew(89)) - 8b25b6fb-e7f9-4ea8-8d7d-823d8ea82140: addNew group-7E25D82F21C7:[8b25b6fb-e7f9-4ea8-8d7d-823d8ea82140:192.168.157.204:40963] returns group-7E25D82F21C7:java.util.concurrent.CompletableFuture@39cd0119[Not completed]
2019-09-19 10:26:58,900 [pool-93-thread-1] INFO  impl.RaftServerImpl (RaftServerImpl.java:<init>(93)) - 8b25b6fb-e7f9-4ea8-8d7d-823d8ea82140: new RaftServerImpl for group-7E25D82F21C7:[8b25b6fb-e7f9-4ea8-8d7d-823d8ea82140:192.168.157.204:40963] with ContainerStateMachine:uninitialized
2019-09-19 10:26:58,900 [pool-93-thread-1] INFO  server.RaftServerConfigKeys (ConfUtils.java:logGet(43)) - raft.server.rpc.timeout.min = 5s (custom)
2019-09-19 10:26:58,900 [pool-93-thread-1] INFO  server.RaftServerConfigKeys (ConfUtils.java:logGet(43)) - raft.server.rpc.timeout.max = 5200ms (custom)
2019-09-19 10:26:58,900 [pool-93-thread-1] INFO  server.RaftServerConfigKeys (ConfUtils.java:logGet(43)) - raft.server.rpcslowness.timeout = 120s (custom)
2019-09-19 10:26:58,900 [pool-93-thread-1] INFO  server.RaftServerConfigKeys (ConfUtils.java:logGet(43)) - raft.server.sleep.deviation.threshold = 300 (default)
2019-09-19 10:26:58,900 [pool-93-thread-1] INFO  server.RaftServerConfigKeys (ConfUtils.java:logGet(43)) - raft.server.log.appender.install.snapshot.enabled = false (custom)
2019-09-19 10:26:58,901 [pool-93-thread-1] INFO  impl.RaftServerImpl (ServerState.java:<init>(105)) - 8b25b6fb-e7f9-4ea8-8d7d-823d8ea82140:group-7E25D82F21C7 ConfigurationManager, init=-1: [8b25b6fb-e7f9-4ea8-8d7d-823d8ea82140:192.168.157.204:40963], old=null, confs=<EMPTY_MAP>
2019-09-19 10:26:58,901 [pool-93-thread-1] INFO  server.RaftServerConfigKeys (ConfUtils.java:logGet(43)) - raft.server.storage.dir = [/workdir/hadoop-ozone/ozonefs/target/test-dir/MiniOzoneClusterImpl-c4ccaed8-e682-4870-947c-cf1864f77c00/datanode-6/data/ratis] (custom)
2019-09-19 10:26:58,901 [pool-93-thread-1] INFO  storage.RaftStorageDirectory (RaftStorageDirectory.java:analyzeStorage(246)) - The storage directory /workdir/hadoop-ozone/ozonefs/target/test-dir/MiniOzoneClusterImpl-c4ccaed8-e682-4870-947c-cf1864f77c00/datanode-6/data/ratis/f10f4a3a-c53c-48ac-9a08-7e25d82f21c7 does not exist. Creating ...
2019-09-19 10:26:58,906 [pool-93-thread-1] INFO  storage.RaftStorageDirectory (RaftStorageDirectory.java:tryLock(328)) - Lock on /workdir/hadoop-ozone/ozonefs/target/test-dir/MiniOzoneClusterImpl-c4ccaed8-e682-4870-947c-cf1864f77c00/datanode-6/data/ratis/f10f4a3a-c53c-48ac-9a08-7e25d82f21c7/in_use.lock acquired by nodename 26715@pr-hdds-1569-cpgw4-1311585219
2019-09-19 10:26:58,912 [pool-93-thread-1] INFO  storage.RaftStorage (RaftStorage.java:format(72)) - Storage directory /workdir/hadoop-ozone/ozonefs/target/test-dir/MiniOzoneClusterImpl-c4ccaed8-e682-4870-947c-cf1864f77c00/datanode-6/data/ratis/f10f4a3a-c53c-48ac-9a08-7e25d82f21c7 has been successfully formatted.
2019-09-19 10:26:58,912 [pool-93-thread-1] INFO  ratis.ContainerStateMachine (ContainerStateMachine.java:loadSnapshot(226)) - group-7E25D82F21C7: The snapshot info is null. Setting the last applied indexto:(t:0, i:~)
2019-09-19 10:26:58,912 [pool-93-thread-1] INFO  server.RaftServerConfigKeys (ConfUtils.java:logGet(43)) - raft.server.leader.election.timeout = 120s (custom)
2019-09-19 10:26:58,912 [pool-93-thread-1] INFO  server.RaftServerConfigKeys (ConfUtils.java:logGet(43)) - raft.server.log.use.memory = false (default)
2019-09-19 10:26:58,913 [pool-93-thread-1] INFO  server.RaftServerConfigKeys (ConfUtils.java:logGet(43)) - raft.server.log.purge.gap = 1000000 (custom)
2019-09-19 10:26:58,913 [pool-93-thread-1] INFO  server.RaftServerConfigKeys (ConfUtils.java:logGet(43)) - raft.server.log.appender.buffer.byte-limit = 33554432 (custom)
2019-09-19 10:26:58,913 [pool-93-thread-1] INFO  server.RaftServerConfigKeys (ConfUtils.java:logGet(43)) - raft.server.log.segment.size.max = 1048576 (custom)
2019-09-19 10:26:58,913 [pool-93-thread-1] INFO  server.RaftServerConfigKeys (ConfUtils.java:logGet(43)) - raft.server.log.segment.cache.num.max = 2 (custom)
2019-09-19 10:26:58,913 [pool-93-thread-1] INFO  segmented.SegmentedRaftLogWorker (SegmentedRaftLogWorker.java:<init>(172)) - new 8b25b6fb-e7f9-4ea8-8d7d-823d8ea82140-SegmentedRaftLogWorker:Storage Directory /workdir/hadoop-ozone/ozonefs/target/test-dir/MiniOzoneClusterImpl-c4ccaed8-e682-4870-947c-cf1864f77c00/datanode-6/data/ratis/f10f4a3a-c53c-48ac-9a08-7e25d82f21c7 for RaftStorage:Storage Directory /workdir/hadoop-ozone/ozonefs/target/test-dir/MiniOzoneClusterImpl-c4ccaed8-e682-4870-947c-cf1864f77c00/datanode-6/data/ratis/f10f4a3a-c53c-48ac-9a08-7e25d82f21c7
2019-09-19 10:26:58,913 [pool-93-thread-1] INFO  server.RaftServerConfigKeys (ConfUtils.java:logGet(43)) - raft.server.log.queue.byte-limit = 2147483647 (custom)
2019-09-19 10:26:58,914 [pool-93-thread-1] INFO  server.RaftServerConfigKeys (ConfUtils.java:logGet(43)) - raft.server.log.queue.element-limit = 1024 (custom)
2019-09-19 10:26:58,914 [pool-93-thread-1] INFO  server.RaftServerConfigKeys (ConfUtils.java:logGet(43)) - raft.server.log.segment.size.max = 1048576 (custom)
2019-09-19 10:26:58,914 [pool-93-thread-1] INFO  server.RaftServerConfigKeys (ConfUtils.java:logGet(43)) - raft.server.log.preallocated.size = 16384 (custom)
2019-09-19 10:26:58,914 [pool-93-thread-1] INFO  server.RaftServerConfigKeys (ConfUtils.java:logGet(43)) - raft.server.log.write.buffer.size = 33554432 (custom)
2019-09-19 10:26:58,914 [pool-93-thread-1] INFO  server.RaftServerConfigKeys (ConfUtils.java:logGet(43)) - raft.server.log.force.sync.num = 128 (default)
2019-09-19 10:26:58,914 [pool-93-thread-1] INFO  server.RaftServerConfigKeys (ConfUtils.java:logGet(43)) - raft.server.log.statemachine.data.sync = true (default)
2019-09-19 10:26:58,915 [pool-93-thread-1] INFO  server.RaftServerConfigKeys (ConfUtils.java:logGet(43)) - raft.server.log.statemachine.data.sync.timeout = 10s (default)
2019-09-19 10:26:58,915 [pool-93-thread-1] INFO  server.RaftServerConfigKeys (ConfUtils.java:logGet(43)) - raft.server.log.statemachine.data.sync.timeout.retry = -1 (default)
2019-09-19 10:26:58,915 [pool-93-thread-1] INFO  server.RaftServerConfigKeys (ConfUtils.java:logGet(43)) - raft.server.log.statemachine.data.caching.enabled = true (custom)
2019-09-19 10:26:58,915 [pool-93-thread-1] INFO  segmented.SegmentedRaftLogWorker (SegmentedRaftLogWorker.java:lambda$new$0(132)) - 8b25b6fb-e7f9-4ea8-8d7d-823d8ea82140-SegmentedRaftLogWorker:Storage Directory /workdir/hadoop-ozone/ozonefs/target/test-dir/MiniOzoneClusterImpl-c4ccaed8-e682-4870-947c-cf1864f77c00/datanode-6/data/ratis/f10f4a3a-c53c-48ac-9a08-7e25d82f21c7: flushIndex: setUnconditionally 0 -> -1
2019-09-19 10:26:58,915 [pool-93-thread-1] INFO  server.RaftServerConfigKeys (ConfUtils.java:logGet(43)) - raft.server.snapshot.auto.trigger.enabled = true (custom)
2019-09-19 10:26:58,916 [pool-93-thread-1] INFO  server.RaftServerConfigKeys (ConfUtils.java:logGet(43)) - raft.server.snapshot.auto.trigger.threshold = 10000 (custom)
2019-09-19 10:26:58,916 [pool-93-thread-1] INFO  server.RaftServerConfigKeys (ConfUtils.java:logGet(43)) - raft.server.retrycache.expirytime = 600000ms (custom)
2019-09-19 10:26:58,916 [pool-93-thread-1] INFO  impl.RaftServerImpl (RaftServerImpl.java:start(180)) - 8b25b6fb-e7f9-4ea8-8d7d-823d8ea82140: start group-7E25D82F21C7
2019-09-19 10:26:58,916 [pool-93-thread-1] INFO  impl.RaftServerImpl (RaftServerImpl.java:setRole(171)) - 8b25b6fb-e7f9-4ea8-8d7d-823d8ea82140:group-7E25D82F21C7 changes role from null to FOLLOWER at term 0 for startAsFollower
2019-09-19 10:26:58,916 [pool-93-thread-1] INFO  impl.RoleInfo (RoleInfo.java:updateAndGet(143)) - 8b25b6fb-e7f9-4ea8-8d7d-823d8ea82140: start FollowerState
2019-09-19 10:26:58,917 [pool-93-thread-1] INFO  util.JmxRegister (JmxRegister.java:tryRegister(44)) - Successfully registered JMX Bean with object name Ratis:service=RaftServer,group=group-7E25D82F21C7,id=8b25b6fb-e7f9-4ea8-8d7d-823d8ea82140
2019-09-19 10:26:58,920 [RatisPipelineUtilsThread] INFO  pipeline.PipelineStateManager (PipelineStateManager.java:addPipeline(56)) - Created pipeline Pipeline[ Id: f10f4a3a-c53c-48ac-9a08-7e25d82f21c7, Nodes: 8b25b6fb-e7f9-4ea8-8d7d-823d8ea82140{ip: 192.168.157.204, host: pr-hdds-1569-cpgw4-1311585219, networkLocation: /default-rack, certSerialId: null}, Type:RATIS, Factor:ONE, State:OPEN]
2019-09-19 10:26:58,920 [RatisPipelineUtilsThread] ERROR pipeline.PipelinePlacementPolicy (PipelinePlacementPolicy.java:meetCriteria(91)) - Pipeline Placement: Doesn't meet the criteria to be viable node. Heaviness: 6
2019-09-19 10:26:58,920 [RatisPipelineUtilsThread] ERROR pipeline.PipelinePlacementPolicy (PipelinePlacementPolicy.java:meetCriteria(91)) - Pipeline Placement: Doesn't meet the criteria to be viable node. Heaviness: 6
2019-09-19 10:26:58,920 [RatisPipelineUtilsThread] ERROR pipeline.PipelinePlacementPolicy (PipelinePlacementPolicy.java:meetCriteria(91)) - Pipeline Placement: Doesn't meet the criteria to be viable node. Heaviness: 6
2019-09-19 10:26:58,920 [RatisPipelineUtilsThread] ERROR pipeline.PipelinePlacementPolicy (PipelinePlacementPolicy.java:meetCriteria(91)) - Pipeline Placement: Doesn't meet the criteria to be viable node. Heaviness: 6
2019-09-19 10:26:58,921 [RatisPipelineUtilsThread] ERROR pipeline.PipelinePlacementPolicy (PipelinePlacementPolicy.java:meetCriteria(91)) - Pipeline Placement: Doesn't meet the criteria to be viable node. Heaviness: 6
2019-09-19 10:26:58,921 [RatisPipelineUtilsThread] ERROR pipeline.PipelinePlacementPolicy (PipelinePlacementPolicy.java:meetCriteria(91)) - Pipeline Placement: Doesn't meet the criteria to be viable node. Heaviness: 6
2019-09-19 10:26:58,921 [RatisPipelineUtilsThread] ERROR pipeline.PipelinePlacementPolicy (PipelinePlacementPolicy.java:meetCriteria(91)) - Pipeline Placement: Doesn't meet the criteria to be viable node. Heaviness: 6
2019-09-19 10:26:58,921 [RatisPipelineUtilsThread] ERROR pipeline.PipelinePlacementPolicy (PipelinePlacementPolicy.java:meetCriteria(91)) - Pipeline Placement: Doesn't meet the criteria to be viable node. Heaviness: 6
2019-09-19 10:26:58,921 [RatisPipelineUtilsThread] ERROR pipeline.PipelinePlacementPolicy (PipelinePlacementPolicy.java:meetCriteria(91)) - Pipeline Placement: Doesn't meet the criteria to be viable node. Heaviness: 6
2019-09-19 10:26:58,921 [RatisPipelineUtilsThread] ERROR pipeline.PipelinePlacementPolicy (PipelinePlacementPolicy.java:meetCriteria(91)) - Pipeline Placement: Doesn't meet the criteria to be viable node. Heaviness: 6
2019-09-19 10:26:58,921 [RatisPipelineUtilsThread] ERROR pipeline.PipelinePlacementPolicy (PipelinePlacementPolicy.java:filterViableNodes(146)) - Unable to find enough nodes that meet the criteria that cannot engage in more than 5 pipelines. Nodes required: 1 Found: 0, healthy nodes count inNodeManager: 10.
2019-09-19 10:26:58,923 [RatisPipelineUtilsThread] ERROR pipeline.SCMPipelineManager (SCMPipelineManager.java:createPipeline(161)) - Pipeline creation failed due to exception: Unable to find enough nodes that meet the criteria that cannot engage in more than 5 pipelines. Nodes required: 1 Found: 0, healthy nodes count inNodeManager: 10.
2019-09-19 10:26:58,923 [RatisPipelineUtilsThread] ERROR pipeline.PipelinePlacementPolicy (PipelinePlacementPolicy.java:meetCriteria(91)) - Pipeline Placement: Doesn't meet the criteria to be viable node. Heaviness: 6
2019-09-19 10:26:58,923 [RatisPipelineUtilsThread] ERROR pipeline.PipelinePlacementPolicy (PipelinePlacementPolicy.java:meetCriteria(91)) - Pipeline Placement: Doesn't meet the criteria to be viable node. Heaviness: 6
2019-09-19 10:26:58,923 [RatisPipelineUtilsThread] ERROR pipeline.PipelinePlacementPolicy (PipelinePlacementPolicy.java:meetCriteria(91)) - Pipeline Placement: Doesn't meet the criteria to be viable node. Heaviness: 6
2019-09-19 10:26:58,923 [RatisPipelineUtilsThread] ERROR pipeline.PipelinePlacementPolicy (PipelinePlacementPolicy.java:meetCriteria(91)) - Pipeline Placement: Doesn't meet the criteria to be viable node. Heaviness: 6
2019-09-19 10:26:58,924 [RatisPipelineUtilsThread] ERROR pipeline.PipelinePlacementPolicy (PipelinePlacementPolicy.java:meetCriteria(91)) - Pipeline Placement: Doesn't meet the criteria to be viable node. Heaviness: 6
2019-09-19 10:26:58,924 [RatisPipelineUtilsThread] ERROR pipeline.PipelinePlacementPolicy (PipelinePlacementPolicy.java:meetCriteria(91)) - Pipeline Placement: Doesn't meet the criteria to be viable node. Heaviness: 6
2019-09-19 10:26:58,924 [RatisPipelineUtilsThread] ERROR pipeline.PipelinePlacementPolicy (PipelinePlacementPolicy.java:meetCriteria(91)) - Pipeline Placement: Doesn't meet the criteria to be viable node. Heaviness: 6
2019-09-19 10:26:58,924 [RatisPipelineUtilsThread] ERROR pipeline.PipelinePlacementPolicy (PipelinePlacementPolicy.java:meetCriteria(91)) - Pipeline Placement: Doesn't meet the criteria to be viable node. Heaviness: 6
2019-09-19 10:26:58,924 [RatisPipelineUtilsThread] ERROR pipeline.PipelinePlacementPolicy (PipelinePlacementPolicy.java:meetCriteria(91)) - Pipeline Placement: Doesn't meet the criteria to be viable node. Heaviness: 6
2019-09-19 10:26:58,924 [RatisPipelineUtilsThread] ERROR pipeline.PipelinePlacementPolicy (PipelinePlacementPolicy.java:meetCriteria(91)) - Pipeline Placement: Doesn't meet the criteria to be viable node. Heaviness: 6
2019-09-19 10:26:58,924 [RatisPipelineUtilsThread] ERROR pipeline.PipelinePlacementPolicy (PipelinePlacementPolicy.java:filterViableNodes(146)) - Unable to find enough nodes that meet the criteria that cannot engage in more than 5 pipelines. Nodes required: 3 Found: 0, healthy nodes count inNodeManager: 10.
2019-09-19 10:26:58,924 [RatisPipelineUtilsThread] ERROR pipeline.SCMPipelineManager (SCMPipelineManager.java:createPipeline(161)) - Pipeline creation failed due to exception: Unable to find enough nodes that meet the criteria that cannot engage in more than 5 pipelines. Nodes required: 3 Found: 0, healthy nodes count inNodeManager: 10.
2019-09-19 10:26:58,925 [RatisPipelineUtilsThread] ERROR pipeline.PipelinePlacementPolicy (PipelinePlacementPolicy.java:meetCriteria(91)) - Pipeline Placement: Doesn't meet the criteria to be viable node. Heaviness: 6
2019-09-19 10:26:58,925 [RatisPipelineUtilsThread] ERROR pipeline.PipelinePlacementPolicy (PipelinePlacementPolicy.java:meetCriteria(91)) - Pipeline Placement: Doesn't meet the criteria to be viable node. Heaviness: 6
2019-09-19 10:26:58,925 [RatisPipelineUtilsThread] ERROR pipeline.PipelinePlacementPolicy (PipelinePlacementPolicy.java:meetCriteria(91)) - Pipeline Placement: Doesn't meet the criteria to be viable node. Heaviness: 6
2019-09-19 10:26:58,925 [RatisPipelineUtilsThread] ERROR pipeline.PipelinePlacementPolicy (PipelinePlacementPolicy.java:meetCriteria(91)) - Pipeline Placement: Doesn't meet the criteria to be viable node. Heaviness: 6
2019-09-19 10:26:58,925 [RatisPipelineUtilsThread] ERROR pipeline.PipelinePlacementPolicy (PipelinePlacementPolicy.java:meetCriteria(91)) - Pipeline Placement: Doesn't meet the criteria to be viable node. Heaviness: 6
2019-09-19 10:26:58,925 [RatisPipelineUtilsThread] ERROR pipeline.PipelinePlacementPolicy (PipelinePlacementPolicy.java:meetCriteria(91)) - Pipeline Placement: Doesn't meet the criteria to be viable node. Heaviness: 6
2019-09-19 10:26:58,925 [RatisPipelineUtilsThread] ERROR pipeline.PipelinePlacementPolicy (PipelinePlacementPolicy.java:meetCriteria(91)) - Pipeline Placement: Doesn't meet the criteria to be viable node. Heaviness: 6
2019-09-19 10:26:58,926 [RatisPipelineUtilsThread] ERROR pipeline.PipelinePlacementPolicy (PipelinePlacementPolicy.java:meetCriteria(91)) - Pipeline Placement: Doesn't meet the criteria to be viable node. Heaviness: 6
2019-09-19 10:26:58,926 [RatisPipelineUtilsThread] ERROR pipeline.PipelinePlacementPolicy (PipelinePlacementPolicy.java:meetCriteria(91)) - Pipeline Placement: Doesn't meet the criteria to be viable node. Heaviness: 6
2019-09-19 10:26:58,926 [RatisPipelineUtilsThread] ERROR pipeline.PipelinePlacementPolicy (PipelinePlacementPolicy.java:meetCriteria(91)) - Pipeline Placement: Doesn't meet the criteria to be viable node. Heaviness: 6
2019-09-19 10:26:58,926 [RatisPipelineUtilsThread] ERROR pipeline.PipelinePlacementPolicy (PipelinePlacementPolicy.java:filterViableNodes(146)) - Unable to find enough nodes that meet the criteria that cannot engage in more than 5 pipelines. Nodes required: 1 Found: 0, healthy nodes count inNodeManager: 10.
2019-09-19 10:26:58,926 [RatisPipelineUtilsThread] ERROR pipeline.SCMPipelineManager (SCMPipelineManager.java:createPipeline(161)) - Pipeline creation failed due to exception: Unable to find enough nodes that meet the criteria that cannot engage in more than 5 pipelines. Nodes required: 1 Found: 0, healthy nodes count inNodeManager: 10.
2019-09-19 10:26:58,926 [RatisPipelineUtilsThread] ERROR pipeline.PipelinePlacementPolicy (PipelinePlacementPolicy.java:meetCriteria(91)) - Pipeline Placement: Doesn't meet the criteria to be viable node. Heaviness: 6
2019-09-19 10:26:58,926 [RatisPipelineUtilsThread] ERROR pipeline.PipelinePlacementPolicy (PipelinePlacementPolicy.java:meetCriteria(91)) - Pipeline Placement: Doesn't meet the criteria to be viable node. Heaviness: 6
2019-09-19 10:26:58,927 [RatisPipelineUtilsThread] ERROR pipeline.PipelinePlacementPolicy (PipelinePlacementPolicy.java:meetCriteria(91)) - Pipeline Placement: Doesn't meet the criteria to be viable node. Heaviness: 6
2019-09-19 10:26:58,927 [RatisPipelineUtilsThread] ERROR pipeline.PipelinePlacementPolicy (PipelinePlacementPolicy.java:meetCriteria(91)) - Pipeline Placement: Doesn't meet the criteria to be viable node. Heaviness: 6
2019-09-19 10:26:58,927 [RatisPipelineUtilsThread] ERROR pipeline.PipelinePlacementPolicy (PipelinePlacementPolicy.java:meetCriteria(91)) - Pipeline Placement: Doesn't meet the criteria to be viable node. Heaviness: 6
2019-09-19 10:26:58,927 [RatisPipelineUtilsThread] ERROR pipeline.PipelinePlacementPolicy (PipelinePlacementPolicy.java:meetCriteria(91)) - Pipeline Placement: Doesn't meet the criteria to be viable node. Heaviness: 6
2019-09-19 10:26:58,927 [RatisPipelineUtilsThread] ERROR pipeline.PipelinePlacementPolicy (PipelinePlacementPolicy.java:meetCriteria(91)) - Pipeline Placement: Doesn't meet the criteria to be viable node. Heaviness: 6
2019-09-19 10:26:58,927 [RatisPipelineUtilsThread] ERROR pipeline.PipelinePlacementPolicy (PipelinePlacementPolicy.java:meetCriteria(91)) - Pipeline Placement: Doesn't meet the criteria to be viable node. Heaviness: 6
2019-09-19 10:26:58,927 [RatisPipelineUtilsThread] ERROR pipeline.PipelinePlacementPolicy (PipelinePlacementPolicy.java:meetCriteria(91)) - Pipeline Placement: Doesn't meet the criteria to be viable node. Heaviness: 6
2019-09-19 10:26:58,927 [RatisPipelineUtilsThread] ERROR pipeline.PipelinePlacementPolicy (PipelinePlacementPolicy.java:meetCriteria(91)) - Pipeline Placement: Doesn't meet the criteria to be viable node. Heaviness: 6
2019-09-19 10:26:58,928 [RatisPipelineUtilsThread] ERROR pipeline.PipelinePlacementPolicy (PipelinePlacementPolicy.java:filterViableNodes(146)) - Unable to find enough nodes that meet the criteria that cannot engage in more than 5 pipelines. Nodes required: 3 Found: 0, healthy nodes count inNodeManager: 10.
2019-09-19 10:26:58,928 [RatisPipelineUtilsThread] ERROR pipeline.SCMPipelineManager (SCMPipelineManager.java:createPipeline(161)) - Pipeline creation failed due to exception: Unable to find enough nodes that meet the criteria that cannot engage in more than 5 pipelines. Nodes required: 3 Found: 0, healthy nodes count inNodeManager: 10.
2019-09-19 10:26:59,019 | INFO  | SCMAudit | user=jenkins1000 | ip=192.168.157.204 | op=SEND_HEARTBEAT {datanodeUUID=df1b99cc-36f2-45b6-8e95-51c50e156f0b, command=[]} | ret=SUCCESS |  
2019-09-19 10:26:59,059 | INFO  | SCMAudit | user=jenkins1000 | ip=192.168.157.204 | op=SEND_HEARTBEAT {datanodeUUID=39513c05-534c-4cc1-a39c-034925eb3fe7, command=[]} | ret=SUCCESS |  
2019-09-19 10:26:59,069 [Thread-306] INFO  impl.FollowerState (FollowerState.java:run(106)) - 1692dd7e-eca0-4ee0-be13-a7fe013a1be4:group-EA89ADAD879E changes to CANDIDATE, lastRpcTime:5031, electionTimeout:5031ms
2019-09-19 10:26:59,069 [Thread-306] INFO  impl.RoleInfo (RoleInfo.java:shutdownFollowerState(121)) - 1692dd7e-eca0-4ee0-be13-a7fe013a1be4: shutdown FollowerState
2019-09-19 10:26:59,069 [Thread-306] INFO  impl.RaftServerImpl (RaftServerImpl.java:setRole(171)) - 1692dd7e-eca0-4ee0-be13-a7fe013a1be4:group-EA89ADAD879E changes role from FOLLOWER to CANDIDATE at term 0 for changeToCandidate
2019-09-19 10:26:59,069 [Thread-306] INFO  impl.RoleInfo (RoleInfo.java:updateAndGet(143)) - 1692dd7e-eca0-4ee0-be13-a7fe013a1be4: start LeaderElection
2019-09-19 10:26:59,093 [1692dd7e-eca0-4ee0-be13-a7fe013a1be4:group-EA89ADAD879E:LeaderElection7] INFO  impl.LeaderElection (LeaderElection.java:askForVotes(181)) - 1692dd7e-eca0-4ee0-be13-a7fe013a1be4:group-EA89ADAD879E:LeaderElection7: begin an election at term 1 for -1: [1692dd7e-eca0-4ee0-be13-a7fe013a1be4:192.168.157.204:39330], old=null
2019-09-19 10:26:59,094 [1692dd7e-eca0-4ee0-be13-a7fe013a1be4:group-EA89ADAD879E:LeaderElection7] INFO  impl.RoleInfo (RoleInfo.java:shutdownLeaderElection(134)) - 1692dd7e-eca0-4ee0-be13-a7fe013a1be4: shutdown LeaderElection
2019-09-19 10:26:59,094 [1692dd7e-eca0-4ee0-be13-a7fe013a1be4:group-EA89ADAD879E:LeaderElection7] INFO  impl.RaftServerImpl (RaftServerImpl.java:setRole(171)) - 1692dd7e-eca0-4ee0-be13-a7fe013a1be4:group-EA89ADAD879E changes role from CANDIDATE to LEADER at term 1 for changeToLeader
2019-09-19 10:26:59,094 [1692dd7e-eca0-4ee0-be13-a7fe013a1be4:group-EA89ADAD879E:LeaderElection7] INFO  impl.RaftServerImpl (ServerState.java:setLeader(263)) - 1692dd7e-eca0-4ee0-be13-a7fe013a1be4:group-EA89ADAD879E change Leader from null to 1692dd7e-eca0-4ee0-be13-a7fe013a1be4 at term 1 for becomeLeader, leader elected after 5061ms
2019-09-19 10:26:59,094 [1692dd7e-eca0-4ee0-be13-a7fe013a1be4:group-EA89ADAD879E:LeaderElection7] INFO  server.RaftServerConfigKeys (ConfUtils.java:logGet(43)) - raft.server.staging.catchup.gap = 1000 (default)
2019-09-19 10:26:59,095 [1692dd7e-eca0-4ee0-be13-a7fe013a1be4:group-EA89ADAD879E:LeaderElection7] INFO  server.RaftServerConfigKeys (ConfUtils.java:logGet(43)) - raft.server.rpc.sleep.time = 25ms (default)
2019-09-19 10:26:59,095 [1692dd7e-eca0-4ee0-be13-a7fe013a1be4:group-EA89ADAD879E:LeaderElection7] INFO  server.RaftServerConfigKeys (ConfUtils.java:logGet(43)) - raft.server.write.element-limit = 4096 (default)
2019-09-19 10:26:59,095 [1692dd7e-eca0-4ee0-be13-a7fe013a1be4:group-EA89ADAD879E:LeaderElection7] INFO  server.RaftServerConfigKeys (ConfUtils.java:logGet(43)) - raft.server.watch.timeout = 10s (default)
2019-09-19 10:26:59,095 [1692dd7e-eca0-4ee0-be13-a7fe013a1be4:group-EA89ADAD879E:LeaderElection7] INFO  server.RaftServerConfigKeys (ConfUtils.java:logGet(43)) - raft.server.watch.timeout.denomination = 1s (default)
2019-09-19 10:26:59,095 [1692dd7e-eca0-4ee0-be13-a7fe013a1be4:group-EA89ADAD879E:LeaderElection7] INFO  server.RaftServerConfigKeys (ConfUtils.java:logGet(43)) - raft.server.watch.element-limit = 65536 (default)
2019-09-19 10:26:59,096 [1692dd7e-eca0-4ee0-be13-a7fe013a1be4:group-EA89ADAD879E:LeaderElection7] INFO  impl.RoleInfo (RoleInfo.java:updateAndGet(143)) - 1692dd7e-eca0-4ee0-be13-a7fe013a1be4: start LeaderState
2019-09-19 10:26:59,096 [1692dd7e-eca0-4ee0-be13-a7fe013a1be4:group-EA89ADAD879E:LeaderElection7] INFO  segmented.SegmentedRaftLogWorker (SegmentedRaftLogWorker.java:startLogSegment(380)) - 1692dd7e-eca0-4ee0-be13-a7fe013a1be4-SegmentedRaftLogWorker:Storage Directory /workdir/hadoop-ozone/ozonefs/target/test-dir/MiniOzoneClusterImpl-c4ccaed8-e682-4870-947c-cf1864f77c00/datanode-3/data/ratis/7d977f07-7943-4f68-8338-ea89adad879e: Starting segment from index:0
2019-09-19 10:26:59,097 [1692dd7e-eca0-4ee0-be13-a7fe013a1be4:group-EA89ADAD879E:LeaderElection7] INFO  impl.RaftServerImpl (ServerState.java:setRaftConf(361)) - 1692dd7e-eca0-4ee0-be13-a7fe013a1be4:group-EA89ADAD879E set configuration 0: [1692dd7e-eca0-4ee0-be13-a7fe013a1be4:192.168.157.204:39330], old=null at 0
2019-09-19 10:26:59,135 | INFO  | SCMAudit | user=jenkins1000 | ip=192.168.157.204 | op=SEND_HEARTBEAT {datanodeUUID=9c1babfd-24b9-43b5-a670-4d0e2dc3eec4, command=[]} | ret=SUCCESS |  
2019-09-19 10:26:59,154 [1692dd7e-eca0-4ee0-be13-a7fe013a1be4-SegmentedRaftLogWorker:Storage Directory /workdir/hadoop-ozone/ozonefs/target/test-dir/MiniOzoneClusterImpl-c4ccaed8-e682-4870-947c-cf1864f77c00/datanode-3/data/ratis/7d977f07-7943-4f68-8338-ea89adad879e] INFO  segmented.SegmentedRaftLogWorker (SegmentedRaftLogWorker.java:execute(569)) - 1692dd7e-eca0-4ee0-be13-a7fe013a1be4-SegmentedRaftLogWorker:Storage Directory /workdir/hadoop-ozone/ozonefs/target/test-dir/MiniOzoneClusterImpl-c4ccaed8-e682-4870-947c-cf1864f77c00/datanode-3/data/ratis/7d977f07-7943-4f68-8338-ea89adad879e: created new log segment /workdir/hadoop-ozone/ozonefs/target/test-dir/MiniOzoneClusterImpl-c4ccaed8-e682-4870-947c-cf1864f77c00/datanode-3/data/ratis/7d977f07-7943-4f68-8338-ea89adad879e/current/log_inprogress_0
2019-09-19 10:26:59,281 [Thread-309] INFO  impl.FollowerState (FollowerState.java:run(106)) - 7e4b2fb6-17ca-4cf7-9c63-77c56d6e2e1f:group-AFD0634A818C changes to CANDIDATE, lastRpcTime:5002, electionTimeout:5002ms
2019-09-19 10:26:59,281 [Thread-309] INFO  impl.RoleInfo (RoleInfo.java:shutdownFollowerState(121)) - 7e4b2fb6-17ca-4cf7-9c63-77c56d6e2e1f: shutdown FollowerState
2019-09-19 10:26:59,281 [Thread-309] INFO  impl.RaftServerImpl (RaftServerImpl.java:setRole(171)) - 7e4b2fb6-17ca-4cf7-9c63-77c56d6e2e1f:group-AFD0634A818C changes role from FOLLOWER to CANDIDATE at term 0 for changeToCandidate
2019-09-19 10:26:59,282 [Thread-309] INFO  impl.RoleInfo (RoleInfo.java:updateAndGet(143)) - 7e4b2fb6-17ca-4cf7-9c63-77c56d6e2e1f: start LeaderElection
2019-09-19 10:26:59,307 [7e4b2fb6-17ca-4cf7-9c63-77c56d6e2e1f:group-AFD0634A818C:LeaderElection8] INFO  impl.LeaderElection (LeaderElection.java:askForVotes(181)) - 7e4b2fb6-17ca-4cf7-9c63-77c56d6e2e1f:group-AFD0634A818C:LeaderElection8: begin an election at term 1 for -1: [7e4b2fb6-17ca-4cf7-9c63-77c56d6e2e1f:192.168.157.204:45021], old=null
2019-09-19 10:26:59,307 [7e4b2fb6-17ca-4cf7-9c63-77c56d6e2e1f:group-AFD0634A818C:LeaderElection8] INFO  impl.RoleInfo (RoleInfo.java:shutdownLeaderElection(134)) - 7e4b2fb6-17ca-4cf7-9c63-77c56d6e2e1f: shutdown LeaderElection
2019-09-19 10:26:59,308 [7e4b2fb6-17ca-4cf7-9c63-77c56d6e2e1f:group-AFD0634A818C:LeaderElection8] INFO  impl.RaftServerImpl (RaftServerImpl.java:setRole(171)) - 7e4b2fb6-17ca-4cf7-9c63-77c56d6e2e1f:group-AFD0634A818C changes role from CANDIDATE to LEADER at term 1 for changeToLeader
2019-09-19 10:26:59,308 [7e4b2fb6-17ca-4cf7-9c63-77c56d6e2e1f:group-AFD0634A818C:LeaderElection8] INFO  impl.RaftServerImpl (ServerState.java:setLeader(263)) - 7e4b2fb6-17ca-4cf7-9c63-77c56d6e2e1f:group-AFD0634A818C change Leader from null to 7e4b2fb6-17ca-4cf7-9c63-77c56d6e2e1f at term 1 for becomeLeader, leader elected after 5034ms
2019-09-19 10:26:59,308 [7e4b2fb6-17ca-4cf7-9c63-77c56d6e2e1f:group-AFD0634A818C:LeaderElection8] INFO  server.RaftServerConfigKeys (ConfUtils.java:logGet(43)) - raft.server.staging.catchup.gap = 1000 (default)
2019-09-19 10:26:59,308 [7e4b2fb6-17ca-4cf7-9c63-77c56d6e2e1f:group-AFD0634A818C:LeaderElection8] INFO  server.RaftServerConfigKeys (ConfUtils.java:logGet(43)) - raft.server.rpc.sleep.time = 25ms (default)
2019-09-19 10:26:59,309 [7e4b2fb6-17ca-4cf7-9c63-77c56d6e2e1f:group-AFD0634A818C:LeaderElection8] INFO  server.RaftServerConfigKeys (ConfUtils.java:logGet(43)) - raft.server.write.element-limit = 4096 (default)
2019-09-19 10:26:59,309 [7e4b2fb6-17ca-4cf7-9c63-77c56d6e2e1f:group-AFD0634A818C:LeaderElection8] INFO  server.RaftServerConfigKeys (ConfUtils.java:logGet(43)) - raft.server.watch.timeout = 10s (default)
2019-09-19 10:26:59,309 [7e4b2fb6-17ca-4cf7-9c63-77c56d6e2e1f:group-AFD0634A818C:LeaderElection8] INFO  server.RaftServerConfigKeys (ConfUtils.java:logGet(43)) - raft.server.watch.timeout.denomination = 1s (default)
2019-09-19 10:26:59,310 [7e4b2fb6-17ca-4cf7-9c63-77c56d6e2e1f:group-AFD0634A818C:LeaderElection8] INFO  server.RaftServerConfigKeys (ConfUtils.java:logGet(43)) - raft.server.watch.element-limit = 65536 (default)
2019-09-19 10:26:59,310 [7e4b2fb6-17ca-4cf7-9c63-77c56d6e2e1f:group-AFD0634A818C:LeaderElection8] INFO  impl.RoleInfo (RoleInfo.java:updateAndGet(143)) - 7e4b2fb6-17ca-4cf7-9c63-77c56d6e2e1f: start LeaderState
2019-09-19 10:26:59,310 [7e4b2fb6-17ca-4cf7-9c63-77c56d6e2e1f:group-AFD0634A818C:LeaderElection8] INFO  segmented.SegmentedRaftLogWorker (SegmentedRaftLogWorker.java:startLogSegment(380)) - 7e4b2fb6-17ca-4cf7-9c63-77c56d6e2e1f-SegmentedRaftLogWorker:Storage Directory /workdir/hadoop-ozone/ozonefs/target/test-dir/MiniOzoneClusterImpl-c4ccaed8-e682-4870-947c-cf1864f77c00/datanode-4/data/ratis/f1cd38d9-ddc3-449c-b47d-afd0634a818c: Starting segment from index:0
2019-09-19 10:26:59,311 [7e4b2fb6-17ca-4cf7-9c63-77c56d6e2e1f:group-AFD0634A818C:LeaderElection8] INFO  impl.RaftServerImpl (ServerState.java:setRaftConf(361)) - 7e4b2fb6-17ca-4cf7-9c63-77c56d6e2e1f:group-AFD0634A818C set configuration 0: [7e4b2fb6-17ca-4cf7-9c63-77c56d6e2e1f:192.168.157.204:45021], old=null at 0
2019-09-19 10:26:59,350 | INFO  | SCMAudit | user=jenkins1000 | ip=192.168.157.204 | op=SEND_HEARTBEAT {datanodeUUID=8b25b6fb-e7f9-4ea8-8d7d-823d8ea82140, command=[]} | ret=SUCCESS |  
2019-09-19 10:26:59,363 [7e4b2fb6-17ca-4cf7-9c63-77c56d6e2e1f-SegmentedRaftLogWorker:Storage Directory /workdir/hadoop-ozone/ozonefs/target/test-dir/MiniOzoneClusterImpl-c4ccaed8-e682-4870-947c-cf1864f77c00/datanode-4/data/ratis/f1cd38d9-ddc3-449c-b47d-afd0634a818c] INFO  segmented.SegmentedRaftLogWorker (SegmentedRaftLogWorker.java:execute(569)) - 7e4b2fb6-17ca-4cf7-9c63-77c56d6e2e1f-SegmentedRaftLogWorker:Storage Directory /workdir/hadoop-ozone/ozonefs/target/test-dir/MiniOzoneClusterImpl-c4ccaed8-e682-4870-947c-cf1864f77c00/datanode-4/data/ratis/f1cd38d9-ddc3-449c-b47d-afd0634a818c: created new log segment /workdir/hadoop-ozone/ozonefs/target/test-dir/MiniOzoneClusterImpl-c4ccaed8-e682-4870-947c-cf1864f77c00/datanode-4/data/ratis/f1cd38d9-ddc3-449c-b47d-afd0634a818c/current/log_inprogress_0
2019-09-19 10:26:59,413 [Thread-312] INFO  impl.FollowerState (FollowerState.java:run(106)) - 9c1babfd-24b9-43b5-a670-4d0e2dc3eec4:group-844A462BAE08 changes to CANDIDATE, lastRpcTime:5055, electionTimeout:5055ms
2019-09-19 10:26:59,413 [Thread-312] INFO  impl.RoleInfo (RoleInfo.java:shutdownFollowerState(121)) - 9c1babfd-24b9-43b5-a670-4d0e2dc3eec4: shutdown FollowerState
2019-09-19 10:26:59,413 [Thread-312] INFO  impl.RaftServerImpl (RaftServerImpl.java:setRole(171)) - 9c1babfd-24b9-43b5-a670-4d0e2dc3eec4:group-844A462BAE08 changes role from FOLLOWER to CANDIDATE at term 0 for changeToCandidate
2019-09-19 10:26:59,413 [Thread-312] INFO  impl.RoleInfo (RoleInfo.java:updateAndGet(143)) - 9c1babfd-24b9-43b5-a670-4d0e2dc3eec4: start LeaderElection
2019-09-19 10:26:59,435 [9c1babfd-24b9-43b5-a670-4d0e2dc3eec4:group-844A462BAE08:LeaderElection9] INFO  impl.LeaderElection (LeaderElection.java:askForVotes(181)) - 9c1babfd-24b9-43b5-a670-4d0e2dc3eec4:group-844A462BAE08:LeaderElection9: begin an election at term 1 for -1: [9c1babfd-24b9-43b5-a670-4d0e2dc3eec4:192.168.157.204:39323], old=null
2019-09-19 10:26:59,435 [9c1babfd-24b9-43b5-a670-4d0e2dc3eec4:group-844A462BAE08:LeaderElection9] INFO  impl.RoleInfo (RoleInfo.java:shutdownLeaderElection(134)) - 9c1babfd-24b9-43b5-a670-4d0e2dc3eec4: shutdown LeaderElection
2019-09-19 10:26:59,435 [9c1babfd-24b9-43b5-a670-4d0e2dc3eec4:group-844A462BAE08:LeaderElection9] INFO  impl.RaftServerImpl (RaftServerImpl.java:setRole(171)) - 9c1babfd-24b9-43b5-a670-4d0e2dc3eec4:group-844A462BAE08 changes role from CANDIDATE to LEADER at term 1 for changeToLeader
2019-09-19 10:26:59,435 [9c1babfd-24b9-43b5-a670-4d0e2dc3eec4:group-844A462BAE08:LeaderElection9] INFO  impl.RaftServerImpl (ServerState.java:setLeader(263)) - 9c1babfd-24b9-43b5-a670-4d0e2dc3eec4:group-844A462BAE08 change Leader from null to 9c1babfd-24b9-43b5-a670-4d0e2dc3eec4 at term 1 for becomeLeader, leader elected after 5083ms
2019-09-19 10:26:59,436 [9c1babfd-24b9-43b5-a670-4d0e2dc3eec4:group-844A462BAE08:LeaderElection9] INFO  server.RaftServerConfigKeys (ConfUtils.java:logGet(43)) - raft.server.staging.catchup.gap = 1000 (default)
2019-09-19 10:26:59,436 [9c1babfd-24b9-43b5-a670-4d0e2dc3eec4:group-844A462BAE08:LeaderElection9] INFO  server.RaftServerConfigKeys (ConfUtils.java:logGet(43)) - raft.server.rpc.sleep.time = 25ms (default)
2019-09-19 10:26:59,436 [9c1babfd-24b9-43b5-a670-4d0e2dc3eec4:group-844A462BAE08:LeaderElection9] INFO  server.RaftServerConfigKeys (ConfUtils.java:logGet(43)) - raft.server.write.element-limit = 4096 (default)
2019-09-19 10:26:59,436 [9c1babfd-24b9-43b5-a670-4d0e2dc3eec4:group-844A462BAE08:LeaderElection9] INFO  server.RaftServerConfigKeys (ConfUtils.java:logGet(43)) - raft.server.watch.timeout = 10s (default)
2019-09-19 10:26:59,436 [9c1babfd-24b9-43b5-a670-4d0e2dc3eec4:group-844A462BAE08:LeaderElection9] INFO  server.RaftServerConfigKeys (ConfUtils.java:logGet(43)) - raft.server.watch.timeout.denomination = 1s (default)
2019-09-19 10:26:59,436 [9c1babfd-24b9-43b5-a670-4d0e2dc3eec4:group-844A462BAE08:LeaderElection9] INFO  server.RaftServerConfigKeys (ConfUtils.java:logGet(43)) - raft.server.watch.element-limit = 65536 (default)
2019-09-19 10:26:59,437 [9c1babfd-24b9-43b5-a670-4d0e2dc3eec4:group-844A462BAE08:LeaderElection9] INFO  impl.RoleInfo (RoleInfo.java:updateAndGet(143)) - 9c1babfd-24b9-43b5-a670-4d0e2dc3eec4: start LeaderState
2019-09-19 10:26:59,437 [9c1babfd-24b9-43b5-a670-4d0e2dc3eec4:group-844A462BAE08:LeaderElection9] INFO  segmented.SegmentedRaftLogWorker (SegmentedRaftLogWorker.java:startLogSegment(380)) - 9c1babfd-24b9-43b5-a670-4d0e2dc3eec4-SegmentedRaftLogWorker:Storage Directory /workdir/hadoop-ozone/ozonefs/target/test-dir/MiniOzoneClusterImpl-c4ccaed8-e682-4870-947c-cf1864f77c00/datanode-5/data/ratis/d42dc4b0-9e0b-471b-8d9b-844a462bae08: Starting segment from index:0
2019-09-19 10:26:59,438 [9c1babfd-24b9-43b5-a670-4d0e2dc3eec4:group-844A462BAE08:LeaderElection9] INFO  impl.RaftServerImpl (ServerState.java:setRaftConf(361)) - 9c1babfd-24b9-43b5-a670-4d0e2dc3eec4:group-844A462BAE08 set configuration 0: [9c1babfd-24b9-43b5-a670-4d0e2dc3eec4:192.168.157.204:39323], old=null at 0
2019-09-19 10:26:59,483 [9c1babfd-24b9-43b5-a670-4d0e2dc3eec4-SegmentedRaftLogWorker:Storage Directory /workdir/hadoop-ozone/ozonefs/target/test-dir/MiniOzoneClusterImpl-c4ccaed8-e682-4870-947c-cf1864f77c00/datanode-5/data/ratis/d42dc4b0-9e0b-471b-8d9b-844a462bae08] INFO  segmented.SegmentedRaftLogWorker (SegmentedRaftLogWorker.java:execute(569)) - 9c1babfd-24b9-43b5-a670-4d0e2dc3eec4-SegmentedRaftLogWorker:Storage Directory /workdir/hadoop-ozone/ozonefs/target/test-dir/MiniOzoneClusterImpl-c4ccaed8-e682-4870-947c-cf1864f77c00/datanode-5/data/ratis/d42dc4b0-9e0b-471b-8d9b-844a462bae08: created new log segment /workdir/hadoop-ozone/ozonefs/target/test-dir/MiniOzoneClusterImpl-c4ccaed8-e682-4870-947c-cf1864f77c00/datanode-5/data/ratis/d42dc4b0-9e0b-471b-8d9b-844a462bae08/current/log_inprogress_0
2019-09-19 10:26:59,580 | INFO  | SCMAudit | user=jenkins1000 | ip=192.168.157.204 | op=SEND_HEARTBEAT {datanodeUUID=c972e26d-e03f-48a1-a9e9-2dea9337c66d, command=[]} | ret=SUCCESS |  
2019-09-19 10:26:59,719 | INFO  | SCMAudit | user=jenkins1000 | ip=192.168.157.204 | op=SEND_HEARTBEAT {datanodeUUID=f4f61464-0bdf-492b-ac84-d659f01f9139, command=[]} | ret=SUCCESS |  
2019-09-19 10:26:59,751 | INFO  | SCMAudit | user=jenkins1000 | ip=192.168.157.204 | op=SEND_HEARTBEAT {datanodeUUID=84c75018-969a-4fca-ac0f-34cccc99d928, command=[]} | ret=SUCCESS |  
2019-09-19 10:26:59,751 | INFO  | SCMAudit | user=jenkins1000 | ip=192.168.157.204 | op=SEND_HEARTBEAT {datanodeUUID=1692dd7e-eca0-4ee0-be13-a7fe013a1be4, command=[]} | ret=SUCCESS |  
2019-09-19 10:26:59,807 | INFO  | SCMAudit | user=jenkins1000 | ip=192.168.157.204 | op=SEND_HEARTBEAT {datanodeUUID=10ec1051-6571-4c90-b3f9-a3c2840a089b, command=[]} | ret=SUCCESS |  
2019-09-19 10:26:59,881 | INFO  | SCMAudit | user=jenkins1000 | ip=192.168.157.204 | op=SEND_HEARTBEAT {datanodeUUID=7e4b2fb6-17ca-4cf7-9c63-77c56d6e2e1f, command=[]} | ret=SUCCESS |  
2019-09-19 10:27:00,019 | INFO  | SCMAudit | user=jenkins1000 | ip=192.168.157.204 | op=SEND_HEARTBEAT {datanodeUUID=df1b99cc-36f2-45b6-8e95-51c50e156f0b, command=[]} | ret=SUCCESS |  
2019-09-19 10:27:00,059 | INFO  | SCMAudit | user=jenkins1000 | ip=192.168.157.204 | op=SEND_HEARTBEAT {datanodeUUID=39513c05-534c-4cc1-a39c-034925eb3fe7, command=[]} | ret=SUCCESS |  
2019-09-19 10:27:00,087 [Thread-315] INFO  impl.FollowerState (FollowerState.java:run(106)) - 7e4b2fb6-17ca-4cf7-9c63-77c56d6e2e1f:group-166D5F82585E changes to CANDIDATE, lastRpcTime:5116, electionTimeout:5116ms
2019-09-19 10:27:00,087 [Thread-315] INFO  impl.RoleInfo (RoleInfo.java:shutdownFollowerState(121)) - 7e4b2fb6-17ca-4cf7-9c63-77c56d6e2e1f: shutdown FollowerState
2019-09-19 10:27:00,087 [Thread-315] INFO  impl.RaftServerImpl (RaftServerImpl.java:setRole(171)) - 7e4b2fb6-17ca-4cf7-9c63-77c56d6e2e1f:group-166D5F82585E changes role from FOLLOWER to CANDIDATE at term 0 for changeToCandidate
2019-09-19 10:27:00,087 [Thread-315] INFO  impl.RoleInfo (RoleInfo.java:updateAndGet(143)) - 7e4b2fb6-17ca-4cf7-9c63-77c56d6e2e1f: start LeaderElection
2019-09-19 10:27:00,119 [7e4b2fb6-17ca-4cf7-9c63-77c56d6e2e1f:group-166D5F82585E:LeaderElection10] INFO  impl.LeaderElection (LeaderElection.java:askForVotes(181)) - 7e4b2fb6-17ca-4cf7-9c63-77c56d6e2e1f:group-166D5F82585E:LeaderElection10: begin an election at term 1 for -1: [7e4b2fb6-17ca-4cf7-9c63-77c56d6e2e1f:192.168.157.204:45021], old=null
2019-09-19 10:27:00,120 [7e4b2fb6-17ca-4cf7-9c63-77c56d6e2e1f:group-166D5F82585E:LeaderElection10] INFO  impl.RoleInfo (RoleInfo.java:shutdownLeaderElection(134)) - 7e4b2fb6-17ca-4cf7-9c63-77c56d6e2e1f: shutdown LeaderElection
2019-09-19 10:27:00,120 [7e4b2fb6-17ca-4cf7-9c63-77c56d6e2e1f:group-166D5F82585E:LeaderElection10] INFO  impl.RaftServerImpl (RaftServerImpl.java:setRole(171)) - 7e4b2fb6-17ca-4cf7-9c63-77c56d6e2e1f:group-166D5F82585E changes role from CANDIDATE to LEADER at term 1 for changeToLeader
2019-09-19 10:27:00,120 [7e4b2fb6-17ca-4cf7-9c63-77c56d6e2e1f:group-166D5F82585E:LeaderElection10] INFO  impl.RaftServerImpl (ServerState.java:setLeader(263)) - 7e4b2fb6-17ca-4cf7-9c63-77c56d6e2e1f:group-166D5F82585E change Leader from null to 7e4b2fb6-17ca-4cf7-9c63-77c56d6e2e1f at term 1 for becomeLeader, leader elected after 5154ms
2019-09-19 10:27:00,120 [7e4b2fb6-17ca-4cf7-9c63-77c56d6e2e1f:group-166D5F82585E:LeaderElection10] INFO  server.RaftServerConfigKeys (ConfUtils.java:logGet(43)) - raft.server.staging.catchup.gap = 1000 (default)
2019-09-19 10:27:00,120 [7e4b2fb6-17ca-4cf7-9c63-77c56d6e2e1f:group-166D5F82585E:LeaderElection10] INFO  server.RaftServerConfigKeys (ConfUtils.java:logGet(43)) - raft.server.rpc.sleep.time = 25ms (default)
2019-09-19 10:27:00,120 [7e4b2fb6-17ca-4cf7-9c63-77c56d6e2e1f:group-166D5F82585E:LeaderElection10] INFO  server.RaftServerConfigKeys (ConfUtils.java:logGet(43)) - raft.server.write.element-limit = 4096 (default)
2019-09-19 10:27:00,120 [7e4b2fb6-17ca-4cf7-9c63-77c56d6e2e1f:group-166D5F82585E:LeaderElection10] INFO  server.RaftServerConfigKeys (ConfUtils.java:logGet(43)) - raft.server.watch.timeout = 10s (default)
2019-09-19 10:27:00,121 [7e4b2fb6-17ca-4cf7-9c63-77c56d6e2e1f:group-166D5F82585E:LeaderElection10] INFO  server.RaftServerConfigKeys (ConfUtils.java:logGet(43)) - raft.server.watch.timeout.denomination = 1s (default)
2019-09-19 10:27:00,121 [7e4b2fb6-17ca-4cf7-9c63-77c56d6e2e1f:group-166D5F82585E:LeaderElection10] INFO  server.RaftServerConfigKeys (ConfUtils.java:logGet(43)) - raft.server.watch.element-limit = 65536 (default)
2019-09-19 10:27:00,121 [7e4b2fb6-17ca-4cf7-9c63-77c56d6e2e1f:group-166D5F82585E:LeaderElection10] INFO  impl.RoleInfo (RoleInfo.java:updateAndGet(143)) - 7e4b2fb6-17ca-4cf7-9c63-77c56d6e2e1f: start LeaderState
2019-09-19 10:27:00,121 [7e4b2fb6-17ca-4cf7-9c63-77c56d6e2e1f:group-166D5F82585E:LeaderElection10] INFO  segmented.SegmentedRaftLogWorker (SegmentedRaftLogWorker.java:startLogSegment(380)) - 7e4b2fb6-17ca-4cf7-9c63-77c56d6e2e1f-SegmentedRaftLogWorker:Storage Directory /workdir/hadoop-ozone/ozonefs/target/test-dir/MiniOzoneClusterImpl-c4ccaed8-e682-4870-947c-cf1864f77c00/datanode-4/data/ratis/434bd43a-eeb3-496b-b769-166d5f82585e: Starting segment from index:0
2019-09-19 10:27:00,122 [7e4b2fb6-17ca-4cf7-9c63-77c56d6e2e1f:group-166D5F82585E:LeaderElection10] INFO  impl.RaftServerImpl (ServerState.java:setRaftConf(361)) - 7e4b2fb6-17ca-4cf7-9c63-77c56d6e2e1f:group-166D5F82585E set configuration 0: [7e4b2fb6-17ca-4cf7-9c63-77c56d6e2e1f:192.168.157.204:45021], old=null at 0
2019-09-19 10:27:00,464 [Thread-324] INFO  impl.FollowerState (FollowerState.java:run(106)) - 1692dd7e-eca0-4ee0-be13-a7fe013a1be4:group-72EE2E419AAA changes to CANDIDATE, lastRpcTime:5172, electionTimeout:5018ms
2019-09-19 10:27:00,464 [Thread-321] INFO  impl.FollowerState (FollowerState.java:run(106)) - 84c75018-969a-4fca-ac0f-34cccc99d928:group-C9A21DDC9C5D changes to CANDIDATE, lastRpcTime:5230, electionTimeout:5030ms
2019-09-19 10:27:00,464 [Thread-324] INFO  impl.RoleInfo (RoleInfo.java:shutdownFollowerState(121)) - 1692dd7e-eca0-4ee0-be13-a7fe013a1be4: shutdown FollowerState
2019-09-19 10:27:00,464 [Thread-321] INFO  impl.RoleInfo (RoleInfo.java:shutdownFollowerState(121)) - 84c75018-969a-4fca-ac0f-34cccc99d928: shutdown FollowerState
2019-09-19 10:27:00,464 [Thread-324] INFO  impl.RaftServerImpl (RaftServerImpl.java:setRole(171)) - 1692dd7e-eca0-4ee0-be13-a7fe013a1be4:group-72EE2E419AAA changes role from FOLLOWER to CANDIDATE at term 0 for changeToCandidate
2019-09-19 10:27:00,464 [Thread-321] INFO  impl.RaftServerImpl (RaftServerImpl.java:setRole(171)) - 84c75018-969a-4fca-ac0f-34cccc99d928:group-C9A21DDC9C5D changes role from FOLLOWER to CANDIDATE at term 0 for changeToCandidate
2019-09-19 10:27:00,464 [Thread-318] WARN  util.JavaUtils (JavaUtils.java:sleep(250)) - Unexpected long sleep: sleep(5112ms) actually took 5436ms which is over the threshold 300ms
2019-09-19 10:27:01,509 [Thread-321] INFO  impl.RoleInfo (RoleInfo.java:updateAndGet(143)) - 84c75018-969a-4fca-ac0f-34cccc99d928: start LeaderElection
2019-09-19 10:27:01,509 | INFO  | SCMAudit | user=jenkins1000 | ip=192.168.157.204 | op=SEND_HEARTBEAT {datanodeUUID=8b25b6fb-e7f9-4ea8-8d7d-823d8ea82140, command=[]} | ret=SUCCESS |  
2019-09-19 10:27:01,508 [Thread-324] INFO  impl.RoleInfo (RoleInfo.java:updateAndGet(143)) - 1692dd7e-eca0-4ee0-be13-a7fe013a1be4: start LeaderElection
2019-09-19 10:27:01,509 [Thread-333] INFO  impl.FollowerState (FollowerState.java:run(106)) - 84c75018-969a-4fca-ac0f-34cccc99d928:group-8DAD6B1887D7 changes to CANDIDATE, lastRpcTime:5356, electionTimeout:5095ms
2019-09-19 10:27:01,509 [Thread-336] INFO  impl.FollowerState (FollowerState.java:run(106)) - f4f61464-0bdf-492b-ac84-d659f01f9139:group-A1D518C4C2EB changes to CANDIDATE, lastRpcTime:5293, electionTimeout:5119ms
2019-09-19 10:27:01,509 [Thread-340] INFO  impl.FollowerState (FollowerState.java:run(106)) - 7e4b2fb6-17ca-4cf7-9c63-77c56d6e2e1f:group-C93B882EE1E1 changes to CANDIDATE, lastRpcTime:5234, electionTimeout:5167ms
2019-09-19 10:27:01,509 [Thread-344] INFO  impl.FollowerState (FollowerState.java:run(106)) - 10ec1051-6571-4c90-b3f9-a3c2840a089b:group-4886D9C4D5A9 changes to CANDIDATE, lastRpcTime:5161, electionTimeout:5114ms
2019-09-19 10:27:01,521 [Thread-340] INFO  impl.RoleInfo (RoleInfo.java:shutdownFollowerState(121)) - 7e4b2fb6-17ca-4cf7-9c63-77c56d6e2e1f: shutdown FollowerState
2019-09-19 10:27:01,520 [Thread-336] INFO  impl.RoleInfo (RoleInfo.java:shutdownFollowerState(121)) - f4f61464-0bdf-492b-ac84-d659f01f9139: shutdown FollowerState
2019-09-19 10:27:01,521 | INFO  | SCMAudit | user=jenkins1000 | ip=192.168.157.204 | op=SEND_HEARTBEAT {datanodeUUID=10ec1051-6571-4c90-b3f9-a3c2840a089b, command=[]} | ret=SUCCESS |  
2019-09-19 10:27:01,521 | INFO  | SCMAudit | user=jenkins1000 | ip=192.168.157.204 | op=SEND_HEARTBEAT {datanodeUUID=df1b99cc-36f2-45b6-8e95-51c50e156f0b, command=[]} | ret=SUCCESS |  
2019-09-19 10:27:01,521 | INFO  | SCMAudit | user=jenkins1000 | ip=192.168.157.204 | op=SEND_HEARTBEAT {datanodeUUID=1692dd7e-eca0-4ee0-be13-a7fe013a1be4, command=[]} | ret=SUCCESS |  
2019-09-19 10:27:01,520 [IPC Server handler 12 on 34424] WARN  ipc.Server (Server.java:processResponse(1523)) - IPC Server handler 12 on 34424, call Call#104 Retry#0 org.apache.hadoop.ozone.protocol.StorageContainerDatanodeProtocol.sendHeartbeat from 192.168.157.204:40014: output error
2019-09-19 10:27:01,521 | INFO  | SCMAudit | user=jenkins1000 | ip=192.168.157.204 | op=SEND_HEARTBEAT {datanodeUUID=84c75018-969a-4fca-ac0f-34cccc99d928, command=[]} | ret=SUCCESS |  
2019-09-19 10:27:01,520 [IPC Server handler 5 on 34424] INFO  ipc.Server (Server.java:run(869)) - IPC Server handler 5 on 34424: skipped Call#105 Retry#0 org.apache.hadoop.ozone.protocol.StorageContainerDatanodeProtocol.sendHeartbeat from 192.168.157.204:40014
2019-09-19 10:27:01,520 [Thread-327] WARN  util.JavaUtils (JavaUtils.java:sleep(250)) - Unexpected long sleep: sleep(5005ms) actually took 5853ms which is over the threshold 300ms
2019-09-19 10:27:01,520 [7e4b2fb6-17ca-4cf7-9c63-77c56d6e2e1f-SegmentedRaftLogWorker:Storage Directory /workdir/hadoop-ozone/ozonefs/target/test-dir/MiniOzoneClusterImpl-c4ccaed8-e682-4870-947c-cf1864f77c00/datanode-4/data/ratis/434bd43a-eeb3-496b-b769-166d5f82585e] INFO  segmented.SegmentedRaftLogWorker (SegmentedRaftLogWorker.java:execute(569)) - 7e4b2fb6-17ca-4cf7-9c63-77c56d6e2e1f-SegmentedRaftLogWorker:Storage Directory /workdir/hadoop-ozone/ozonefs/target/test-dir/MiniOzoneClusterImpl-c4ccaed8-e682-4870-947c-cf1864f77c00/datanode-4/data/ratis/434bd43a-eeb3-496b-b769-166d5f82585e: created new log segment /workdir/hadoop-ozone/ozonefs/target/test-dir/MiniOzoneClusterImpl-c4ccaed8-e682-4870-947c-cf1864f77c00/datanode-4/data/ratis/434bd43a-eeb3-496b-b769-166d5f82585e/current/log_inprogress_0
2019-09-19 10:27:01,509 [Thread-330] WARN  util.JavaUtils (JavaUtils.java:sleep(250)) - Unexpected long sleep: sleep(5102ms) actually took 5528ms which is over the threshold 300ms
2019-09-19 10:27:01,650 | INFO  | SCMAudit | user=jenkins1000 | ip=192.168.157.204 | op=SEND_HEARTBEAT {datanodeUUID=7e4b2fb6-17ca-4cf7-9c63-77c56d6e2e1f, command=[]} | ret=SUCCESS |  
2019-09-19 10:27:01,509 [Thread-333] INFO  impl.RoleInfo (RoleInfo.java:shutdownFollowerState(121)) - 84c75018-969a-4fca-ac0f-34cccc99d928: shutdown FollowerState
2019-09-19 10:27:01,650 [Thread-333] INFO  impl.RaftServerImpl (RaftServerImpl.java:setRole(171)) - 84c75018-969a-4fca-ac0f-34cccc99d928:group-8DAD6B1887D7 changes role from FOLLOWER to CANDIDATE at term 0 for changeToCandidate
2019-09-19 10:27:01,650 | INFO  | SCMAudit | user=jenkins1000 | ip=192.168.157.204 | op=SEND_HEARTBEAT {datanodeUUID=c972e26d-e03f-48a1-a9e9-2dea9337c66d, command=[]} | ret=SUCCESS |  
2019-09-19 10:27:01,521 | INFO  | SCMAudit | user=jenkins1000 | ip=192.168.157.204 | op=SEND_HEARTBEAT {datanodeUUID=f4f61464-0bdf-492b-ac84-d659f01f9139, command=[]} | ret=SUCCESS |  
2019-09-19 10:27:01,650 [Thread-353] INFO  impl.FollowerState (FollowerState.java:run(106)) - f4f61464-0bdf-492b-ac84-d659f01f9139:group-E62FE1466BE3 changes to CANDIDATE, lastRpcTime:5087, electionTimeout:5036ms
2019-09-19 10:27:01,651 | INFO  | SCMAudit | user=jenkins1000 | ip=192.168.157.204 | op=SEND_HEARTBEAT {datanodeUUID=39513c05-534c-4cc1-a39c-034925eb3fe7, command=[]} | ret=SUCCESS |  
2019-09-19 10:27:01,651 [IPC Server handler 12 on 34424] INFO  ipc.Server (Server.java:run(2695)) - IPC Server handler 12 on 34424 caught an exception
java.nio.channels.ClosedChannelException
	at sun.nio.ch.SocketChannelImpl.ensureWriteOpen(SocketChannelImpl.java:270)
	at sun.nio.ch.SocketChannelImpl.write(SocketChannelImpl.java:461)
	at org.apache.hadoop.ipc.Server.channelWrite(Server.java:3250)
	at org.apache.hadoop.ipc.Server.access$1700(Server.java:137)
	at org.apache.hadoop.ipc.Server$Responder.processResponse(Server.java:1473)
	at org.apache.hadoop.ipc.Server$Responder.doRespond(Server.java:1543)
	at org.apache.hadoop.ipc.Server$Connection.sendResponse(Server.java:2593)
	at org.apache.hadoop.ipc.Server$Connection.access$300(Server.java:1615)
	at org.apache.hadoop.ipc.Server$RpcCall.doResponse(Server.java:940)
	at org.apache.hadoop.ipc.Server$Call.sendResponse(Server.java:774)
	at org.apache.hadoop.ipc.Server$RpcCall.run(Server.java:885)
	at org.apache.hadoop.ipc.Server$RpcCall.run(Server.java:822)
	at java.security.AccessController.doPrivileged(Native Method)
	at javax.security.auth.Subject.doAs(Subject.java:422)
	at org.apache.hadoop.security.UserGroupInformation.doAs(UserGroupInformation.java:1730)
	at org.apache.hadoop.ipc.Server$Handler.run(Server.java:2682)
2019-09-19 10:27:01,650 [Thread-347] INFO  impl.FollowerState (FollowerState.java:run(106)) - 1692dd7e-eca0-4ee0-be13-a7fe013a1be4:group-1E9D5416AF48 changes to CANDIDATE, lastRpcTime:5228, electionTimeout:5188ms
2019-09-19 10:27:01,657 [Thread-347] INFO  impl.RoleInfo (RoleInfo.java:shutdownFollowerState(121)) - 1692dd7e-eca0-4ee0-be13-a7fe013a1be4: shutdown FollowerState
2019-09-19 10:27:01,657 [Thread-347] INFO  impl.RaftServerImpl (RaftServerImpl.java:setRole(171)) - 1692dd7e-eca0-4ee0-be13-a7fe013a1be4:group-1E9D5416AF48 changes role from FOLLOWER to CANDIDATE at term 0 for changeToCandidate
2019-09-19 10:27:01,588 [Thread-350] INFO  impl.FollowerState (FollowerState.java:run(106)) - df1b99cc-36f2-45b6-8e95-51c50e156f0b:group-6A261D2B6214 changes to CANDIDATE, lastRpcTime:5087, electionTimeout:5034ms
2019-09-19 10:27:01,521 [Thread-336] INFO  impl.RaftServerImpl (RaftServerImpl.java:setRole(171)) - f4f61464-0bdf-492b-ac84-d659f01f9139:group-A1D518C4C2EB changes role from FOLLOWER to CANDIDATE at term 0 for changeToCandidate
2019-09-19 10:27:01,521 [Thread-340] INFO  impl.RaftServerImpl (RaftServerImpl.java:setRole(171)) - 7e4b2fb6-17ca-4cf7-9c63-77c56d6e2e1f:group-C93B882EE1E1 changes role from FOLLOWER to CANDIDATE at term 0 for changeToCandidate
2019-09-19 10:27:01,521 [Thread-344] INFO  impl.RoleInfo (RoleInfo.java:shutdownFollowerState(121)) - 10ec1051-6571-4c90-b3f9-a3c2840a089b: shutdown FollowerState
2019-09-19 10:27:01,658 [Thread-340] INFO  impl.RoleInfo (RoleInfo.java:updateAndGet(143)) - 7e4b2fb6-17ca-4cf7-9c63-77c56d6e2e1f: start LeaderElection
2019-09-19 10:27:01,658 [Thread-336] INFO  impl.RoleInfo (RoleInfo.java:updateAndGet(143)) - f4f61464-0bdf-492b-ac84-d659f01f9139: start LeaderElection
2019-09-19 10:27:01,658 [Thread-350] INFO  impl.RoleInfo (RoleInfo.java:shutdownFollowerState(121)) - df1b99cc-36f2-45b6-8e95-51c50e156f0b: shutdown FollowerState
2019-09-19 10:27:01,657 [Thread-347] INFO  impl.RoleInfo (RoleInfo.java:updateAndGet(143)) - 1692dd7e-eca0-4ee0-be13-a7fe013a1be4: start LeaderElection
2019-09-19 10:27:01,651 [Thread-353] INFO  impl.RoleInfo (RoleInfo.java:shutdownFollowerState(121)) - f4f61464-0bdf-492b-ac84-d659f01f9139: shutdown FollowerState
2019-09-19 10:27:01,651 [Datanode State Machine Thread - 0] ERROR statemachine.EndpointStateMachine (EndpointStateMachine.java:logIfNeeded(204)) - Unable to communicate to SCM server at 0.0.0.0:34424 for past 0 seconds.
java.net.SocketTimeoutException: Call From pr-hdds-1569-cpgw4-1311585219/192.168.157.204 to 0.0.0.0:34424 failed on socket timeout exception: java.net.SocketTimeoutException: 1000 millis timeout while waiting for channel to be ready for read. ch : java.nio.channels.SocketChannel[connected local=/192.168.157.204:40014 remote=/0.0.0.0:34424]; For more details see:  http://wiki.apache.org/hadoop/SocketTimeout
	at sun.reflect.NativeConstructorAccessorImpl.newInstance0(Native Method)
	at sun.reflect.NativeConstructorAccessorImpl.newInstance(NativeConstructorAccessorImpl.java:62)
	at sun.reflect.DelegatingConstructorAccessorImpl.newInstance(DelegatingConstructorAccessorImpl.java:45)
	at java.lang.reflect.Constructor.newInstance(Constructor.java:423)
	at org.apache.hadoop.net.NetUtils.wrapWithMessage(NetUtils.java:831)
	at org.apache.hadoop.net.NetUtils.wrapException(NetUtils.java:775)
	at org.apache.hadoop.ipc.Client.getRpcResponse(Client.java:1515)
	at org.apache.hadoop.ipc.Client.call(Client.java:1457)
	at org.apache.hadoop.ipc.Client.call(Client.java:1367)
	at org.apache.hadoop.ipc.ProtobufRpcEngine$Invoker.invoke(ProtobufRpcEngine.java:228)
	at org.apache.hadoop.ipc.ProtobufRpcEngine$Invoker.invoke(ProtobufRpcEngine.java:116)
	at com.sun.proxy.$Proxy96.sendHeartbeat(Unknown Source)
	at org.apache.hadoop.ozone.protocolPB.StorageContainerDatanodeProtocolClientSideTranslatorPB.sendHeartbeat(StorageContainerDatanodeProtocolClientSideTranslatorPB.java:131)
	at org.apache.hadoop.ozone.container.common.states.endpoint.HeartbeatEndpointTask.call(HeartbeatEndpointTask.java:143)
	at org.apache.hadoop.ozone.container.common.states.endpoint.HeartbeatEndpointTask.call(HeartbeatEndpointTask.java:74)
	at java.util.concurrent.FutureTask.run(FutureTask.java:266)
	at java.util.concurrent.Executors$RunnableAdapter.call(Executors.java:511)
	at java.util.concurrent.FutureTask.run(FutureTask.java:266)
	at java.util.concurrent.ThreadPoolExecutor.runWorker(ThreadPoolExecutor.java:1149)
	at java.util.concurrent.ThreadPoolExecutor$Worker.run(ThreadPoolExecutor.java:624)
	at java.lang.Thread.run(Thread.java:748)
Caused by: java.net.SocketTimeoutException: 1000 millis timeout while waiting for channel to be ready for read. ch : java.nio.channels.SocketChannel[connected local=/192.168.157.204:40014 remote=/0.0.0.0:34424]
	at org.apache.hadoop.net.SocketIOWithTimeout.doIO(SocketIOWithTimeout.java:164)
	at org.apache.hadoop.net.SocketInputStream.read(SocketInputStream.java:161)
	at org.apache.hadoop.net.SocketInputStream.read(SocketInputStream.java:131)
	at java.io.FilterInputStream.read(FilterInputStream.java:133)
	at java.io.BufferedInputStream.fill(BufferedInputStream.java:246)
	at java.io.BufferedInputStream.read(BufferedInputStream.java:265)
	at java.io.FilterInputStream.read(FilterInputStream.java:83)
	at java.io.FilterInputStream.read(FilterInputStream.java:83)
	at org.apache.hadoop.ipc.Client$Connection$PingInputStream.read(Client.java:557)
	at java.io.DataInputStream.readInt(DataInputStream.java:387)
	at org.apache.hadoop.ipc.Client$IpcStreams.readResponse(Client.java:1816)
	at org.apache.hadoop.ipc.Client$Connection.receiveRpcResponse(Client.java:1173)
	at org.apache.hadoop.ipc.Client$Connection.run(Client.java:1069)
2019-09-19 10:27:01,651 [Datanode State Machine Thread - 0] ERROR statemachine.EndpointStateMachine (EndpointStateMachine.java:logIfNeeded(204)) - Unable to communicate to SCM server at 0.0.0.0:34424 for past 0 seconds.
java.net.SocketTimeoutException: Call From pr-hdds-1569-cpgw4-1311585219/192.168.157.204 to 0.0.0.0:34424 failed on socket timeout exception: java.net.SocketTimeoutException: 1000 millis timeout while waiting for channel to be ready for read. ch : java.nio.channels.SocketChannel[connected local=/192.168.157.204:40014 remote=/0.0.0.0:34424]; For more details see:  http://wiki.apache.org/hadoop/SocketTimeout
	at sun.reflect.NativeConstructorAccessorImpl.newInstance0(Native Method)
	at sun.reflect.NativeConstructorAccessorImpl.newInstance(NativeConstructorAccessorImpl.java:62)
	at sun.reflect.DelegatingConstructorAccessorImpl.newInstance(DelegatingConstructorAccessorImpl.java:45)
	at java.lang.reflect.Constructor.newInstance(Constructor.java:423)
	at org.apache.hadoop.net.NetUtils.wrapWithMessage(NetUtils.java:831)
	at org.apache.hadoop.net.NetUtils.wrapException(NetUtils.java:775)
	at org.apache.hadoop.ipc.Client.getRpcResponse(Client.java:1515)
	at org.apache.hadoop.ipc.Client.call(Client.java:1457)
	at org.apache.hadoop.ipc.Client.call(Client.java:1367)
	at org.apache.hadoop.ipc.ProtobufRpcEngine$Invoker.invoke(ProtobufRpcEngine.java:228)
	at org.apache.hadoop.ipc.ProtobufRpcEngine$Invoker.invoke(ProtobufRpcEngine.java:116)
	at com.sun.proxy.$Proxy96.sendHeartbeat(Unknown Source)
	at org.apache.hadoop.ozone.protocolPB.StorageContainerDatanodeProtocolClientSideTranslatorPB.sendHeartbeat(StorageContainerDatanodeProtocolClientSideTranslatorPB.java:131)
	at org.apache.hadoop.ozone.container.common.states.endpoint.HeartbeatEndpointTask.call(HeartbeatEndpointTask.java:143)
	at org.apache.hadoop.ozone.container.common.states.endpoint.HeartbeatEndpointTask.call(HeartbeatEndpointTask.java:74)
	at java.util.concurrent.FutureTask.run(FutureTask.java:266)
	at java.util.concurrent.Executors$RunnableAdapter.call(Executors.java:511)
	at java.util.concurrent.FutureTask.run(FutureTask.java:266)
	at java.util.concurrent.ThreadPoolExecutor.runWorker(ThreadPoolExecutor.java:1149)
	at java.util.concurrent.ThreadPoolExecutor$Worker.run(ThreadPoolExecutor.java:624)
	at java.lang.Thread.run(Thread.java:748)
Caused by: java.net.SocketTimeoutException: 1000 millis timeout while waiting for channel to be ready for read. ch : java.nio.channels.SocketChannel[connected local=/192.168.157.204:40014 remote=/0.0.0.0:34424]
	at org.apache.hadoop.net.SocketIOWithTimeout.doIO(SocketIOWithTimeout.java:164)
	at org.apache.hadoop.net.SocketInputStream.read(SocketInputStream.java:161)
	at org.apache.hadoop.net.SocketInputStream.read(SocketInputStream.java:131)
	at java.io.FilterInputStream.read(FilterInputStream.java:133)
	at java.io.BufferedInputStream.fill(BufferedInputStream.java:246)
	at java.io.BufferedInputStream.read(BufferedInputStream.java:265)
	at java.io.FilterInputStream.read(FilterInputStream.java:83)
	at java.io.FilterInputStream.read(FilterInputStream.java:83)
	at org.apache.hadoop.ipc.Client$Connection$PingInputStream.read(Client.java:557)
	at java.io.DataInputStream.readInt(DataInputStream.java:387)
	at org.apache.hadoop.ipc.Client$IpcStreams.readResponse(Client.java:1816)
	at org.apache.hadoop.ipc.Client$Connection.receiveRpcResponse(Client.java:1173)
	at org.apache.hadoop.ipc.Client$Connection.run(Client.java:1069)
2019-09-19 10:27:01,651 [Thread-333] INFO  impl.RoleInfo (RoleInfo.java:updateAndGet(143)) - 84c75018-969a-4fca-ac0f-34cccc99d928: start LeaderElection
2019-09-19 10:27:01,692 [Thread-359] INFO  impl.FollowerState (FollowerState.java:run(106)) - 9c1babfd-24b9-43b5-a670-4d0e2dc3eec4:group-DB26C8C47675 changes to CANDIDATE, lastRpcTime:5047, electionTimeout:5046ms
2019-09-19 10:27:01,693 | INFO  | SCMAudit | user=jenkins1000 | ip=192.168.157.204 | op=SEND_HEARTBEAT {datanodeUUID=8b25b6fb-e7f9-4ea8-8d7d-823d8ea82140, command=[]} | ret=SUCCESS |  
2019-09-19 10:27:01,693 [Thread-359] INFO  impl.RoleInfo (RoleInfo.java:shutdownFollowerState(121)) - 9c1babfd-24b9-43b5-a670-4d0e2dc3eec4: shutdown FollowerState
2019-09-19 10:27:01,696 [f4f61464-0bdf-492b-ac84-d659f01f9139:group-A1D518C4C2EB:LeaderElection15] INFO  impl.LeaderElection (LeaderElection.java:askForVotes(181)) - f4f61464-0bdf-492b-ac84-d659f01f9139:group-A1D518C4C2EB:LeaderElection15: begin an election at term 1 for -1: [f4f61464-0bdf-492b-ac84-d659f01f9139:192.168.157.204:35376], old=null
2019-09-19 10:27:01,680 [Thread-353] INFO  impl.RaftServerImpl (RaftServerImpl.java:setRole(171)) - f4f61464-0bdf-492b-ac84-d659f01f9139:group-E62FE1466BE3 changes role from FOLLOWER to CANDIDATE at term 0 for changeToCandidate
2019-09-19 10:27:01,671 [1692dd7e-eca0-4ee0-be13-a7fe013a1be4:group-72EE2E419AAA:LeaderElection11] INFO  impl.LeaderElection (LeaderElection.java:askForVotes(181)) - 1692dd7e-eca0-4ee0-be13-a7fe013a1be4:group-72EE2E419AAA:LeaderElection11: begin an election at term 1 for -1: [1692dd7e-eca0-4ee0-be13-a7fe013a1be4:192.168.157.204:39330], old=null
2019-09-19 10:27:01,701 | INFO  | SCMAudit | user=jenkins1000 | ip=192.168.157.204 | op=SEND_HEARTBEAT {datanodeUUID=9c1babfd-24b9-43b5-a670-4d0e2dc3eec4, command=[]} | ret=SUCCESS |  
2019-09-19 10:27:01,671 [84c75018-969a-4fca-ac0f-34cccc99d928:group-C9A21DDC9C5D:LeaderElection12] INFO  impl.LeaderElection (LeaderElection.java:askForVotes(181)) - 84c75018-969a-4fca-ac0f-34cccc99d928:group-C9A21DDC9C5D:LeaderElection12: begin an election at term 1 for -1: [84c75018-969a-4fca-ac0f-34cccc99d928:192.168.157.204:41935], old=null
2019-09-19 10:27:01,671 [Thread-350] INFO  impl.RaftServerImpl (RaftServerImpl.java:setRole(171)) - df1b99cc-36f2-45b6-8e95-51c50e156f0b:group-6A261D2B6214 changes role from FOLLOWER to CANDIDATE at term 0 for changeToCandidate
2019-09-19 10:27:01,658 [Thread-344] INFO  impl.RaftServerImpl (RaftServerImpl.java:setRole(171)) - 10ec1051-6571-4c90-b3f9-a3c2840a089b:group-4886D9C4D5A9 changes role from FOLLOWER to CANDIDATE at term 0 for changeToCandidate
2019-09-19 10:27:01,702 [Thread-350] INFO  impl.RoleInfo (RoleInfo.java:updateAndGet(143)) - df1b99cc-36f2-45b6-8e95-51c50e156f0b: start LeaderElection
2019-09-19 10:27:01,702 [84c75018-969a-4fca-ac0f-34cccc99d928:group-C9A21DDC9C5D:LeaderElection12] INFO  impl.RoleInfo (RoleInfo.java:shutdownLeaderElection(134)) - 84c75018-969a-4fca-ac0f-34cccc99d928: shutdown LeaderElection
2019-09-19 10:27:01,701 [1692dd7e-eca0-4ee0-be13-a7fe013a1be4:group-72EE2E419AAA:LeaderElection11] INFO  impl.RoleInfo (RoleInfo.java:shutdownLeaderElection(134)) - 1692dd7e-eca0-4ee0-be13-a7fe013a1be4: shutdown LeaderElection
2019-09-19 10:27:01,701 [Thread-353] INFO  impl.RoleInfo (RoleInfo.java:updateAndGet(143)) - f4f61464-0bdf-492b-ac84-d659f01f9139: start LeaderElection
2019-09-19 10:27:01,701 [f4f61464-0bdf-492b-ac84-d659f01f9139:group-A1D518C4C2EB:LeaderElection15] INFO  impl.RoleInfo (RoleInfo.java:shutdownLeaderElection(134)) - f4f61464-0bdf-492b-ac84-d659f01f9139: shutdown LeaderElection
2019-09-19 10:27:01,696 [7e4b2fb6-17ca-4cf7-9c63-77c56d6e2e1f:group-C93B882EE1E1:LeaderElection16] INFO  impl.LeaderElection (LeaderElection.java:askForVotes(181)) - 7e4b2fb6-17ca-4cf7-9c63-77c56d6e2e1f:group-C93B882EE1E1:LeaderElection16: begin an election at term 1 for -1: [7e4b2fb6-17ca-4cf7-9c63-77c56d6e2e1f:192.168.157.204:45021], old=null
2019-09-19 10:27:01,696 [Thread-359] INFO  impl.RaftServerImpl (RaftServerImpl.java:setRole(171)) - 9c1babfd-24b9-43b5-a670-4d0e2dc3eec4:group-DB26C8C47675 changes role from FOLLOWER to CANDIDATE at term 0 for changeToCandidate
2019-09-19 10:27:01,696 [1692dd7e-eca0-4ee0-be13-a7fe013a1be4:group-1E9D5416AF48:LeaderElection14] INFO  impl.LeaderElection (LeaderElection.java:askForVotes(181)) - 1692dd7e-eca0-4ee0-be13-a7fe013a1be4:group-1E9D5416AF48:LeaderElection14: begin an election at term 1 for -1: [1692dd7e-eca0-4ee0-be13-a7fe013a1be4:192.168.157.204:39330], old=null
2019-09-19 10:27:01,717 [Thread-359] INFO  impl.RoleInfo (RoleInfo.java:updateAndGet(143)) - 9c1babfd-24b9-43b5-a670-4d0e2dc3eec4: start LeaderElection
2019-09-19 10:27:01,717 [7e4b2fb6-17ca-4cf7-9c63-77c56d6e2e1f:group-C93B882EE1E1:LeaderElection16] INFO  impl.RoleInfo (RoleInfo.java:shutdownLeaderElection(134)) - 7e4b2fb6-17ca-4cf7-9c63-77c56d6e2e1f: shutdown LeaderElection
2019-09-19 10:27:01,717 [84c75018-969a-4fca-ac0f-34cccc99d928:group-8DAD6B1887D7:LeaderElection13] INFO  impl.LeaderElection (LeaderElection.java:askForVotes(181)) - 84c75018-969a-4fca-ac0f-34cccc99d928:group-8DAD6B1887D7:LeaderElection13: begin an election at term 1 for -1: [84c75018-969a-4fca-ac0f-34cccc99d928:192.168.157.204:41935], old=null
2019-09-19 10:27:01,712 [f4f61464-0bdf-492b-ac84-d659f01f9139:group-A1D518C4C2EB:LeaderElection15] INFO  impl.RaftServerImpl (RaftServerImpl.java:setRole(171)) - f4f61464-0bdf-492b-ac84-d659f01f9139:group-A1D518C4C2EB changes role from CANDIDATE to LEADER at term 1 for changeToLeader
2019-09-19 10:27:01,710 [1692dd7e-eca0-4ee0-be13-a7fe013a1be4:group-72EE2E419AAA:LeaderElection11] INFO  impl.RaftServerImpl (RaftServerImpl.java:setRole(171)) - 1692dd7e-eca0-4ee0-be13-a7fe013a1be4:group-72EE2E419AAA changes role from CANDIDATE to LEADER at term 1 for changeToLeader
2019-09-19 10:27:01,705 [84c75018-969a-4fca-ac0f-34cccc99d928:group-C9A21DDC9C5D:LeaderElection12] INFO  impl.RaftServerImpl (RaftServerImpl.java:setRole(171)) - 84c75018-969a-4fca-ac0f-34cccc99d928:group-C9A21DDC9C5D changes role from CANDIDATE to LEADER at term 1 for changeToLeader
2019-09-19 10:27:01,718 [84c75018-969a-4fca-ac0f-34cccc99d928:group-C9A21DDC9C5D:LeaderElection12] INFO  impl.RaftServerImpl (ServerState.java:setLeader(263)) - 84c75018-969a-4fca-ac0f-34cccc99d928:group-C9A21DDC9C5D change Leader from null to 84c75018-969a-4fca-ac0f-34cccc99d928 at term 1 for becomeLeader, leader elected after 6497ms
2019-09-19 10:27:01,702 [Thread-344] INFO  impl.RoleInfo (RoleInfo.java:updateAndGet(143)) - 10ec1051-6571-4c90-b3f9-a3c2840a089b: start LeaderElection
2019-09-19 10:27:01,725 [84c75018-969a-4fca-ac0f-34cccc99d928:group-C9A21DDC9C5D:LeaderElection12] INFO  server.RaftServerConfigKeys (ConfUtils.java:logGet(43)) - raft.server.staging.catchup.gap = 1000 (default)
2019-09-19 10:27:01,725 [84c75018-969a-4fca-ac0f-34cccc99d928:group-C9A21DDC9C5D:LeaderElection12] INFO  server.RaftServerConfigKeys (ConfUtils.java:logGet(43)) - raft.server.rpc.sleep.time = 25ms (default)
2019-09-19 10:27:01,718 [1692dd7e-eca0-4ee0-be13-a7fe013a1be4:group-72EE2E419AAA:LeaderElection11] INFO  impl.RaftServerImpl (ServerState.java:setLeader(263)) - 1692dd7e-eca0-4ee0-be13-a7fe013a1be4:group-72EE2E419AAA change Leader from null to 1692dd7e-eca0-4ee0-be13-a7fe013a1be4 at term 1 for becomeLeader, leader elected after 6430ms
2019-09-19 10:27:01,718 [f4f61464-0bdf-492b-ac84-d659f01f9139:group-A1D518C4C2EB:LeaderElection15] INFO  impl.RaftServerImpl (ServerState.java:setLeader(263)) - f4f61464-0bdf-492b-ac84-d659f01f9139:group-A1D518C4C2EB change Leader from null to f4f61464-0bdf-492b-ac84-d659f01f9139 at term 1 for becomeLeader, leader elected after 5506ms
2019-09-19 10:27:01,718 [84c75018-969a-4fca-ac0f-34cccc99d928:group-8DAD6B1887D7:LeaderElection13] INFO  impl.RoleInfo (RoleInfo.java:shutdownLeaderElection(134)) - 84c75018-969a-4fca-ac0f-34cccc99d928: shutdown LeaderElection
2019-09-19 10:27:01,717 [7e4b2fb6-17ca-4cf7-9c63-77c56d6e2e1f:group-C93B882EE1E1:LeaderElection16] INFO  impl.RaftServerImpl (RaftServerImpl.java:setRole(171)) - 7e4b2fb6-17ca-4cf7-9c63-77c56d6e2e1f:group-C93B882EE1E1 changes role from CANDIDATE to LEADER at term 1 for changeToLeader
2019-09-19 10:27:01,717 [1692dd7e-eca0-4ee0-be13-a7fe013a1be4:group-1E9D5416AF48:LeaderElection14] INFO  impl.RoleInfo (RoleInfo.java:shutdownLeaderElection(134)) - 1692dd7e-eca0-4ee0-be13-a7fe013a1be4: shutdown LeaderElection
2019-09-19 10:27:01,759 [7e4b2fb6-17ca-4cf7-9c63-77c56d6e2e1f:group-C93B882EE1E1:LeaderElection16] INFO  impl.RaftServerImpl (ServerState.java:setLeader(263)) - 7e4b2fb6-17ca-4cf7-9c63-77c56d6e2e1f:group-C93B882EE1E1 change Leader from null to 7e4b2fb6-17ca-4cf7-9c63-77c56d6e2e1f at term 1 for becomeLeader, leader elected after 5487ms
2019-09-19 10:27:01,758 [84c75018-969a-4fca-ac0f-34cccc99d928:group-8DAD6B1887D7:LeaderElection13] INFO  impl.RaftServerImpl (RaftServerImpl.java:setRole(171)) - 84c75018-969a-4fca-ac0f-34cccc99d928:group-8DAD6B1887D7 changes role from CANDIDATE to LEADER at term 1 for changeToLeader
2019-09-19 10:27:01,758 [f4f61464-0bdf-492b-ac84-d659f01f9139:group-A1D518C4C2EB:LeaderElection15] INFO  server.RaftServerConfigKeys (ConfUtils.java:logGet(43)) - raft.server.staging.catchup.gap = 1000 (default)
2019-09-19 10:27:01,758 [1692dd7e-eca0-4ee0-be13-a7fe013a1be4:group-72EE2E419AAA:LeaderElection11] INFO  server.RaftServerConfigKeys (ConfUtils.java:logGet(43)) - raft.server.staging.catchup.gap = 1000 (default)
2019-09-19 10:27:01,758 [84c75018-969a-4fca-ac0f-34cccc99d928:group-C9A21DDC9C5D:LeaderElection12] INFO  server.RaftServerConfigKeys (ConfUtils.java:logGet(43)) - raft.server.write.element-limit = 4096 (default)
2019-09-19 10:27:01,758 [Thread-356] INFO  impl.FollowerState (FollowerState.java:run(106)) - f4f61464-0bdf-492b-ac84-d659f01f9139:group-8E9DCE23A439 changes to CANDIDATE, lastRpcTime:5158, electionTimeout:5157ms
2019-09-19 10:27:01,760 [Thread-356] INFO  impl.RoleInfo (RoleInfo.java:shutdownFollowerState(121)) - f4f61464-0bdf-492b-ac84-d659f01f9139: shutdown FollowerState
2019-09-19 10:27:01,739 [f4f61464-0bdf-492b-ac84-d659f01f9139:group-E62FE1466BE3:LeaderElection17] INFO  impl.LeaderElection (LeaderElection.java:askForVotes(181)) - f4f61464-0bdf-492b-ac84-d659f01f9139:group-E62FE1466BE3:LeaderElection17: begin an election at term 1 for -1: [f4f61464-0bdf-492b-ac84-d659f01f9139:192.168.157.204:35376], old=null
2019-09-19 10:27:01,739 [df1b99cc-36f2-45b6-8e95-51c50e156f0b:group-6A261D2B6214:LeaderElection18] INFO  impl.LeaderElection (LeaderElection.java:askForVotes(181)) - df1b99cc-36f2-45b6-8e95-51c50e156f0b:group-6A261D2B6214:LeaderElection18: begin an election at term 1 for -1: [df1b99cc-36f2-45b6-8e95-51c50e156f0b:192.168.157.204:42307], old=null
2019-09-19 10:27:01,760 [f4f61464-0bdf-492b-ac84-d659f01f9139:group-E62FE1466BE3:LeaderElection17] INFO  impl.RoleInfo (RoleInfo.java:shutdownLeaderElection(134)) - f4f61464-0bdf-492b-ac84-d659f01f9139: shutdown LeaderElection
2019-09-19 10:27:01,760 [Thread-356] INFO  impl.RaftServerImpl (RaftServerImpl.java:setRole(171)) - f4f61464-0bdf-492b-ac84-d659f01f9139:group-8E9DCE23A439 changes role from FOLLOWER to CANDIDATE at term 0 for changeToCandidate
2019-09-19 10:27:01,760 [84c75018-969a-4fca-ac0f-34cccc99d928:group-C9A21DDC9C5D:LeaderElection12] INFO  server.RaftServerConfigKeys (ConfUtils.java:logGet(43)) - raft.server.watch.timeout = 10s (default)
2019-09-19 10:27:01,759 [1692dd7e-eca0-4ee0-be13-a7fe013a1be4:group-72EE2E419AAA:LeaderElection11] INFO  server.RaftServerConfigKeys (ConfUtils.java:logGet(43)) - raft.server.rpc.sleep.time = 25ms (default)
2019-09-19 10:27:01,759 [f4f61464-0bdf-492b-ac84-d659f01f9139:group-A1D518C4C2EB:LeaderElection15] INFO  server.RaftServerConfigKeys (ConfUtils.java:logGet(43)) - raft.server.rpc.sleep.time = 25ms (default)
2019-09-19 10:27:01,759 [84c75018-969a-4fca-ac0f-34cccc99d928:group-8DAD6B1887D7:LeaderElection13] INFO  impl.RaftServerImpl (ServerState.java:setLeader(263)) - 84c75018-969a-4fca-ac0f-34cccc99d928:group-8DAD6B1887D7 change Leader from null to 84c75018-969a-4fca-ac0f-34cccc99d928 at term 1 for becomeLeader, leader elected after 5611ms
2019-09-19 10:27:01,759 [7e4b2fb6-17ca-4cf7-9c63-77c56d6e2e1f:group-C93B882EE1E1:LeaderElection16] INFO  server.RaftServerConfigKeys (ConfUtils.java:logGet(43)) - raft.server.staging.catchup.gap = 1000 (default)
2019-09-19 10:27:01,759 [1692dd7e-eca0-4ee0-be13-a7fe013a1be4:group-1E9D5416AF48:LeaderElection14] INFO  impl.RaftServerImpl (RaftServerImpl.java:setRole(171)) - 1692dd7e-eca0-4ee0-be13-a7fe013a1be4:group-1E9D5416AF48 changes role from CANDIDATE to LEADER at term 1 for changeToLeader
2019-09-19 10:27:01,761 [7e4b2fb6-17ca-4cf7-9c63-77c56d6e2e1f:group-C93B882EE1E1:LeaderElection16] INFO  server.RaftServerConfigKeys (ConfUtils.java:logGet(43)) - raft.server.rpc.sleep.time = 25ms (default)
2019-09-19 10:27:01,761 [84c75018-969a-4fca-ac0f-34cccc99d928:group-8DAD6B1887D7:LeaderElection13] INFO  server.RaftServerConfigKeys (ConfUtils.java:logGet(43)) - raft.server.staging.catchup.gap = 1000 (default)
2019-09-19 10:27:01,761 [f4f61464-0bdf-492b-ac84-d659f01f9139:group-A1D518C4C2EB:LeaderElection15] INFO  server.RaftServerConfigKeys (ConfUtils.java:logGet(43)) - raft.server.write.element-limit = 4096 (default)
2019-09-19 10:27:01,761 [1692dd7e-eca0-4ee0-be13-a7fe013a1be4:group-72EE2E419AAA:LeaderElection11] INFO  server.RaftServerConfigKeys (ConfUtils.java:logGet(43)) - raft.server.write.element-limit = 4096 (default)
2019-09-19 10:27:01,761 [84c75018-969a-4fca-ac0f-34cccc99d928:group-C9A21DDC9C5D:LeaderElection12] INFO  server.RaftServerConfigKeys (ConfUtils.java:logGet(43)) - raft.server.watch.timeout.denomination = 1s (default)
2019-09-19 10:27:01,760 [Thread-356] INFO  impl.RoleInfo (RoleInfo.java:updateAndGet(143)) - f4f61464-0bdf-492b-ac84-d659f01f9139: start LeaderElection
2019-09-19 10:27:01,760 [f4f61464-0bdf-492b-ac84-d659f01f9139:group-E62FE1466BE3:LeaderElection17] INFO  impl.RaftServerImpl (RaftServerImpl.java:setRole(171)) - f4f61464-0bdf-492b-ac84-d659f01f9139:group-E62FE1466BE3 changes role from CANDIDATE to LEADER at term 1 for changeToLeader
2019-09-19 10:27:01,760 [df1b99cc-36f2-45b6-8e95-51c50e156f0b:group-6A261D2B6214:LeaderElection18] INFO  impl.RoleInfo (RoleInfo.java:shutdownLeaderElection(134)) - df1b99cc-36f2-45b6-8e95-51c50e156f0b: shutdown LeaderElection
2019-09-19 10:27:01,763 [f4f61464-0bdf-492b-ac84-d659f01f9139:group-E62FE1466BE3:LeaderElection17] INFO  impl.RaftServerImpl (ServerState.java:setLeader(263)) - f4f61464-0bdf-492b-ac84-d659f01f9139:group-E62FE1466BE3 change Leader from null to f4f61464-0bdf-492b-ac84-d659f01f9139 at term 1 for becomeLeader, leader elected after 5202ms
2019-09-19 10:27:01,762 [84c75018-969a-4fca-ac0f-34cccc99d928:group-C9A21DDC9C5D:LeaderElection12] INFO  server.RaftServerConfigKeys (ConfUtils.java:logGet(43)) - raft.server.watch.element-limit = 65536 (default)
2019-09-19 10:27:01,762 [1692dd7e-eca0-4ee0-be13-a7fe013a1be4:group-72EE2E419AAA:LeaderElection11] INFO  server.RaftServerConfigKeys (ConfUtils.java:logGet(43)) - raft.server.watch.timeout = 10s (default)
2019-09-19 10:27:01,765 [84c75018-969a-4fca-ac0f-34cccc99d928:group-C9A21DDC9C5D:LeaderElection12] INFO  impl.RoleInfo (RoleInfo.java:updateAndGet(143)) - 84c75018-969a-4fca-ac0f-34cccc99d928: start LeaderState
2019-09-19 10:27:01,762 [f4f61464-0bdf-492b-ac84-d659f01f9139:group-A1D518C4C2EB:LeaderElection15] INFO  server.RaftServerConfigKeys (ConfUtils.java:logGet(43)) - raft.server.watch.timeout = 10s (default)
2019-09-19 10:27:01,762 [84c75018-969a-4fca-ac0f-34cccc99d928:group-8DAD6B1887D7:LeaderElection13] INFO  server.RaftServerConfigKeys (ConfUtils.java:logGet(43)) - raft.server.rpc.sleep.time = 25ms (default)
2019-09-19 10:27:01,762 [7e4b2fb6-17ca-4cf7-9c63-77c56d6e2e1f:group-C93B882EE1E1:LeaderElection16] INFO  server.RaftServerConfigKeys (ConfUtils.java:logGet(43)) - raft.server.write.element-limit = 4096 (default)
2019-09-19 10:27:01,762 [1692dd7e-eca0-4ee0-be13-a7fe013a1be4:group-1E9D5416AF48:LeaderElection14] INFO  impl.RaftServerImpl (ServerState.java:setLeader(263)) - 1692dd7e-eca0-4ee0-be13-a7fe013a1be4:group-1E9D5416AF48 change Leader from null to 1692dd7e-eca0-4ee0-be13-a7fe013a1be4 at term 1 for becomeLeader, leader elected after 5343ms
2019-09-19 10:27:01,766 [7e4b2fb6-17ca-4cf7-9c63-77c56d6e2e1f:group-C93B882EE1E1:LeaderElection16] INFO  server.RaftServerConfigKeys (ConfUtils.java:logGet(43)) - raft.server.watch.timeout = 10s (default)
2019-09-19 10:27:01,766 [84c75018-969a-4fca-ac0f-34cccc99d928:group-8DAD6B1887D7:LeaderElection13] INFO  server.RaftServerConfigKeys (ConfUtils.java:logGet(43)) - raft.server.write.element-limit = 4096 (default)
2019-09-19 10:27:01,766 [84c75018-969a-4fca-ac0f-34cccc99d928:group-C9A21DDC9C5D:LeaderElection12] INFO  segmented.SegmentedRaftLogWorker (SegmentedRaftLogWorker.java:startLogSegment(380)) - 84c75018-969a-4fca-ac0f-34cccc99d928-SegmentedRaftLogWorker:Storage Directory /workdir/hadoop-ozone/ozonefs/target/test-dir/MiniOzoneClusterImpl-c4ccaed8-e682-4870-947c-cf1864f77c00/datanode-2/data/ratis/189c7704-cfd1-4913-88c7-c9a21ddc9c5d: Starting segment from index:0
2019-09-19 10:27:01,766 [f4f61464-0bdf-492b-ac84-d659f01f9139:group-A1D518C4C2EB:LeaderElection15] INFO  server.RaftServerConfigKeys (ConfUtils.java:logGet(43)) - raft.server.watch.timeout.denomination = 1s (default)
2019-09-19 10:27:01,767 [f4f61464-0bdf-492b-ac84-d659f01f9139:group-A1D518C4C2EB:LeaderElection15] INFO  server.RaftServerConfigKeys (ConfUtils.java:logGet(43)) - raft.server.watch.element-limit = 65536 (default)
2019-09-19 10:27:01,765 [1692dd7e-eca0-4ee0-be13-a7fe013a1be4:group-72EE2E419AAA:LeaderElection11] INFO  server.RaftServerConfigKeys (ConfUtils.java:logGet(43)) - raft.server.watch.timeout.denomination = 1s (default)
2019-09-19 10:27:01,765 [f4f61464-0bdf-492b-ac84-d659f01f9139:group-E62FE1466BE3:LeaderElection17] INFO  server.RaftServerConfigKeys (ConfUtils.java:logGet(43)) - raft.server.staging.catchup.gap = 1000 (default)
2019-09-19 10:27:01,763 [df1b99cc-36f2-45b6-8e95-51c50e156f0b:group-6A261D2B6214:LeaderElection18] INFO  impl.RaftServerImpl (RaftServerImpl.java:setRole(171)) - df1b99cc-36f2-45b6-8e95-51c50e156f0b:group-6A261D2B6214 changes role from CANDIDATE to LEADER at term 1 for changeToLeader
2019-09-19 10:27:01,767 [f4f61464-0bdf-492b-ac84-d659f01f9139:group-E62FE1466BE3:LeaderElection17] INFO  server.RaftServerConfigKeys (ConfUtils.java:logGet(43)) - raft.server.rpc.sleep.time = 25ms (default)
2019-09-19 10:27:01,767 [84c75018-969a-4fca-ac0f-34cccc99d928:group-C9A21DDC9C5D:LeaderElection12] INFO  impl.RaftServerImpl (ServerState.java:setRaftConf(361)) - 84c75018-969a-4fca-ac0f-34cccc99d928:group-C9A21DDC9C5D set configuration 0: [84c75018-969a-4fca-ac0f-34cccc99d928:192.168.157.204:41935], old=null at 0
2019-09-19 10:27:01,767 [1692dd7e-eca0-4ee0-be13-a7fe013a1be4:group-72EE2E419AAA:LeaderElection11] INFO  server.RaftServerConfigKeys (ConfUtils.java:logGet(43)) - raft.server.watch.element-limit = 65536 (default)
2019-09-19 10:27:01,767 [f4f61464-0bdf-492b-ac84-d659f01f9139:group-A1D518C4C2EB:LeaderElection15] INFO  impl.RoleInfo (RoleInfo.java:updateAndGet(143)) - f4f61464-0bdf-492b-ac84-d659f01f9139: start LeaderState
2019-09-19 10:27:01,767 [84c75018-969a-4fca-ac0f-34cccc99d928:group-8DAD6B1887D7:LeaderElection13] INFO  server.RaftServerConfigKeys (ConfUtils.java:logGet(43)) - raft.server.watch.timeout = 10s (default)
2019-09-19 10:27:01,766 [7e4b2fb6-17ca-4cf7-9c63-77c56d6e2e1f:group-C93B882EE1E1:LeaderElection16] INFO  server.RaftServerConfigKeys (ConfUtils.java:logGet(43)) - raft.server.watch.timeout.denomination = 1s (default)
2019-09-19 10:27:01,766 [1692dd7e-eca0-4ee0-be13-a7fe013a1be4:group-1E9D5416AF48:LeaderElection14] INFO  server.RaftServerConfigKeys (ConfUtils.java:logGet(43)) - raft.server.staging.catchup.gap = 1000 (default)
2019-09-19 10:27:01,799 [7e4b2fb6-17ca-4cf7-9c63-77c56d6e2e1f:group-C93B882EE1E1:LeaderElection16] INFO  server.RaftServerConfigKeys (ConfUtils.java:logGet(43)) - raft.server.watch.element-limit = 65536 (default)
2019-09-19 10:27:01,799 [84c75018-969a-4fca-ac0f-34cccc99d928:group-8DAD6B1887D7:LeaderElection13] INFO  server.RaftServerConfigKeys (ConfUtils.java:logGet(43)) - raft.server.watch.timeout.denomination = 1s (default)
2019-09-19 10:27:01,799 [f4f61464-0bdf-492b-ac84-d659f01f9139:group-A1D518C4C2EB:LeaderElection15] INFO  segmented.SegmentedRaftLogWorker (SegmentedRaftLogWorker.java:startLogSegment(380)) - f4f61464-0bdf-492b-ac84-d659f01f9139-SegmentedRaftLogWorker:Storage Directory /workdir/hadoop-ozone/ozonefs/target/test-dir/MiniOzoneClusterImpl-c4ccaed8-e682-4870-947c-cf1864f77c00/datanode-0/data/ratis/37771cfe-a071-415b-9f10-a1d518c4c2eb: Starting segment from index:0
2019-09-19 10:27:01,799 [1692dd7e-eca0-4ee0-be13-a7fe013a1be4:group-72EE2E419AAA:LeaderElection11] INFO  impl.RoleInfo (RoleInfo.java:updateAndGet(143)) - 1692dd7e-eca0-4ee0-be13-a7fe013a1be4: start LeaderState
2019-09-19 10:27:01,799 [f4f61464-0bdf-492b-ac84-d659f01f9139:group-8E9DCE23A439:LeaderElection21] INFO  impl.LeaderElection (LeaderElection.java:askForVotes(181)) - f4f61464-0bdf-492b-ac84-d659f01f9139:group-8E9DCE23A439:LeaderElection21: begin an election at term 1 for -1: [f4f61464-0bdf-492b-ac84-d659f01f9139:192.168.157.204:35376], old=null
2019-09-19 10:27:01,799 [9c1babfd-24b9-43b5-a670-4d0e2dc3eec4:group-DB26C8C47675:LeaderElection20] INFO  impl.LeaderElection (LeaderElection.java:askForVotes(181)) - 9c1babfd-24b9-43b5-a670-4d0e2dc3eec4:group-DB26C8C47675:LeaderElection20: begin an election at term 1 for -1: [9c1babfd-24b9-43b5-a670-4d0e2dc3eec4:192.168.157.204:39323], old=null
2019-09-19 10:27:01,799 [10ec1051-6571-4c90-b3f9-a3c2840a089b:group-4886D9C4D5A9:LeaderElection19] INFO  impl.LeaderElection (LeaderElection.java:askForVotes(181)) - 10ec1051-6571-4c90-b3f9-a3c2840a089b:group-4886D9C4D5A9:LeaderElection19: begin an election at term 1 for -1: [10ec1051-6571-4c90-b3f9-a3c2840a089b:192.168.157.204:40066], old=null
2019-09-19 10:27:01,798 [Thread-362] INFO  impl.FollowerState (FollowerState.java:run(106)) - 7e4b2fb6-17ca-4cf7-9c63-77c56d6e2e1f:group-4CF7D01FC611 changes to CANDIDATE, lastRpcTime:5087, electionTimeout:5087ms
2019-09-19 10:27:01,768 [f4f61464-0bdf-492b-ac84-d659f01f9139:group-E62FE1466BE3:LeaderElection17] INFO  server.RaftServerConfigKeys (ConfUtils.java:logGet(43)) - raft.server.write.element-limit = 4096 (default)
2019-09-19 10:27:01,767 [df1b99cc-36f2-45b6-8e95-51c50e156f0b:group-6A261D2B6214:LeaderElection18] INFO  impl.RaftServerImpl (ServerState.java:setLeader(263)) - df1b99cc-36f2-45b6-8e95-51c50e156f0b:group-6A261D2B6214 change Leader from null to df1b99cc-36f2-45b6-8e95-51c50e156f0b at term 1 for becomeLeader, leader elected after 5270ms
2019-09-19 10:27:01,801 [f4f61464-0bdf-492b-ac84-d659f01f9139:group-E62FE1466BE3:LeaderElection17] INFO  server.RaftServerConfigKeys (ConfUtils.java:logGet(43)) - raft.server.watch.timeout = 10s (default)
2019-09-19 10:27:01,801 [Thread-362] INFO  impl.RoleInfo (RoleInfo.java:shutdownFollowerState(121)) - 7e4b2fb6-17ca-4cf7-9c63-77c56d6e2e1f: shutdown FollowerState
2019-09-19 10:27:01,801 [Thread-362] INFO  impl.RaftServerImpl (RaftServerImpl.java:setRole(171)) - 7e4b2fb6-17ca-4cf7-9c63-77c56d6e2e1f:group-4CF7D01FC611 changes role from FOLLOWER to CANDIDATE at term 0 for changeToCandidate
2019-09-19 10:27:01,801 [10ec1051-6571-4c90-b3f9-a3c2840a089b:group-4886D9C4D5A9:LeaderElection19] INFO  impl.RoleInfo (RoleInfo.java:shutdownLeaderElection(134)) - 10ec1051-6571-4c90-b3f9-a3c2840a089b: shutdown LeaderElection
2019-09-19 10:27:01,801 [9c1babfd-24b9-43b5-a670-4d0e2dc3eec4:group-DB26C8C47675:LeaderElection20] INFO  impl.RoleInfo (RoleInfo.java:shutdownLeaderElection(134)) - 9c1babfd-24b9-43b5-a670-4d0e2dc3eec4: shutdown LeaderElection
2019-09-19 10:27:01,800 [f4f61464-0bdf-492b-ac84-d659f01f9139:group-8E9DCE23A439:LeaderElection21] INFO  impl.RoleInfo (RoleInfo.java:shutdownLeaderElection(134)) - f4f61464-0bdf-492b-ac84-d659f01f9139: shutdown LeaderElection
2019-09-19 10:27:01,800 [f4f61464-0bdf-492b-ac84-d659f01f9139:group-A1D518C4C2EB:LeaderElection15] INFO  impl.RaftServerImpl (ServerState.java:setRaftConf(361)) - f4f61464-0bdf-492b-ac84-d659f01f9139:group-A1D518C4C2EB set configuration 0: [f4f61464-0bdf-492b-ac84-d659f01f9139:192.168.157.204:35376], old=null at 0
2019-09-19 10:27:01,800 [1692dd7e-eca0-4ee0-be13-a7fe013a1be4:group-72EE2E419AAA:LeaderElection11] INFO  segmented.SegmentedRaftLogWorker (SegmentedRaftLogWorker.java:startLogSegment(380)) - 1692dd7e-eca0-4ee0-be13-a7fe013a1be4-SegmentedRaftLogWorker:Storage Directory /workdir/hadoop-ozone/ozonefs/target/test-dir/MiniOzoneClusterImpl-c4ccaed8-e682-4870-947c-cf1864f77c00/datanode-3/data/ratis/d2c028ae-c9ed-45ef-89ab-72ee2e419aaa: Starting segment from index:0
2019-09-19 10:27:01,800 [84c75018-969a-4fca-ac0f-34cccc99d928:group-8DAD6B1887D7:LeaderElection13] INFO  server.RaftServerConfigKeys (ConfUtils.java:logGet(43)) - raft.server.watch.element-limit = 65536 (default)
2019-09-19 10:27:01,800 [7e4b2fb6-17ca-4cf7-9c63-77c56d6e2e1f:group-C93B882EE1E1:LeaderElection16] INFO  impl.RoleInfo (RoleInfo.java:updateAndGet(143)) - 7e4b2fb6-17ca-4cf7-9c63-77c56d6e2e1f: start LeaderState
2019-09-19 10:27:01,800 [1692dd7e-eca0-4ee0-be13-a7fe013a1be4:group-1E9D5416AF48:LeaderElection14] INFO  server.RaftServerConfigKeys (ConfUtils.java:logGet(43)) - raft.server.rpc.sleep.time = 25ms (default)
2019-09-19 10:27:01,831 [84c75018-969a-4fca-ac0f-34cccc99d928:group-8DAD6B1887D7:LeaderElection13] INFO  impl.RoleInfo (RoleInfo.java:updateAndGet(143)) - 84c75018-969a-4fca-ac0f-34cccc99d928: start LeaderState
2019-09-19 10:27:01,831 [1692dd7e-eca0-4ee0-be13-a7fe013a1be4:group-1E9D5416AF48:LeaderElection14] INFO  server.RaftServerConfigKeys (ConfUtils.java:logGet(43)) - raft.server.write.element-limit = 4096 (default)
2019-09-19 10:27:01,831 [1692dd7e-eca0-4ee0-be13-a7fe013a1be4:group-72EE2E419AAA:LeaderElection11] INFO  impl.RaftServerImpl (ServerState.java:setRaftConf(361)) - 1692dd7e-eca0-4ee0-be13-a7fe013a1be4:group-72EE2E419AAA set configuration 0: [1692dd7e-eca0-4ee0-be13-a7fe013a1be4:192.168.157.204:39330], old=null at 0
2019-09-19 10:27:01,830 [84c75018-969a-4fca-ac0f-34cccc99d928-SegmentedRaftLogWorker:Storage Directory /workdir/hadoop-ozone/ozonefs/target/test-dir/MiniOzoneClusterImpl-c4ccaed8-e682-4870-947c-cf1864f77c00/datanode-2/data/ratis/189c7704-cfd1-4913-88c7-c9a21ddc9c5d] INFO  segmented.SegmentedRaftLogWorker (SegmentedRaftLogWorker.java:execute(569)) - 84c75018-969a-4fca-ac0f-34cccc99d928-SegmentedRaftLogWorker:Storage Directory /workdir/hadoop-ozone/ozonefs/target/test-dir/MiniOzoneClusterImpl-c4ccaed8-e682-4870-947c-cf1864f77c00/datanode-2/data/ratis/189c7704-cfd1-4913-88c7-c9a21ddc9c5d: created new log segment /workdir/hadoop-ozone/ozonefs/target/test-dir/MiniOzoneClusterImpl-c4ccaed8-e682-4870-947c-cf1864f77c00/datanode-2/data/ratis/189c7704-cfd1-4913-88c7-c9a21ddc9c5d/current/log_inprogress_0
2019-09-19 10:27:01,802 [f4f61464-0bdf-492b-ac84-d659f01f9139:group-8E9DCE23A439:LeaderElection21] INFO  impl.RaftServerImpl (RaftServerImpl.java:setRole(171)) - f4f61464-0bdf-492b-ac84-d659f01f9139:group-8E9DCE23A439 changes role from CANDIDATE to LEADER at term 1 for changeToLeader
2019-09-19 10:27:01,802 [9c1babfd-24b9-43b5-a670-4d0e2dc3eec4:group-DB26C8C47675:LeaderElection20] INFO  impl.RaftServerImpl (RaftServerImpl.java:setRole(171)) - 9c1babfd-24b9-43b5-a670-4d0e2dc3eec4:group-DB26C8C47675 changes role from CANDIDATE to LEADER at term 1 for changeToLeader
2019-09-19 10:27:01,802 [10ec1051-6571-4c90-b3f9-a3c2840a089b:group-4886D9C4D5A9:LeaderElection19] INFO  impl.RaftServerImpl (RaftServerImpl.java:setRole(171)) - 10ec1051-6571-4c90-b3f9-a3c2840a089b:group-4886D9C4D5A9 changes role from CANDIDATE to LEADER at term 1 for changeToLeader
2019-09-19 10:27:01,859 [10ec1051-6571-4c90-b3f9-a3c2840a089b:group-4886D9C4D5A9:LeaderElection19] INFO  impl.RaftServerImpl (ServerState.java:setLeader(263)) - 10ec1051-6571-4c90-b3f9-a3c2840a089b:group-4886D9C4D5A9 change Leader from null to 10ec1051-6571-4c90-b3f9-a3c2840a089b at term 1 for becomeLeader, leader elected after 5515ms
2019-09-19 10:27:01,801 [Thread-362] INFO  impl.RoleInfo (RoleInfo.java:updateAndGet(143)) - 7e4b2fb6-17ca-4cf7-9c63-77c56d6e2e1f: start LeaderElection
2019-09-19 10:27:01,801 [f4f61464-0bdf-492b-ac84-d659f01f9139:group-E62FE1466BE3:LeaderElection17] INFO  server.RaftServerConfigKeys (ConfUtils.java:logGet(43)) - raft.server.watch.timeout.denomination = 1s (default)
2019-09-19 10:27:01,801 [df1b99cc-36f2-45b6-8e95-51c50e156f0b:group-6A261D2B6214:LeaderElection18] INFO  server.RaftServerConfigKeys (ConfUtils.java:logGet(43)) - raft.server.staging.catchup.gap = 1000 (default)
2019-09-19 10:27:01,859 [f4f61464-0bdf-492b-ac84-d659f01f9139:group-E62FE1466BE3:LeaderElection17] INFO  server.RaftServerConfigKeys (ConfUtils.java:logGet(43)) - raft.server.watch.element-limit = 65536 (default)
2019-09-19 10:27:01,859 [10ec1051-6571-4c90-b3f9-a3c2840a089b:group-4886D9C4D5A9:LeaderElection19] INFO  server.RaftServerConfigKeys (ConfUtils.java:logGet(43)) - raft.server.staging.catchup.gap = 1000 (default)
2019-09-19 10:27:01,858 [9c1babfd-24b9-43b5-a670-4d0e2dc3eec4:group-DB26C8C47675:LeaderElection20] INFO  impl.RaftServerImpl (ServerState.java:setLeader(263)) - 9c1babfd-24b9-43b5-a670-4d0e2dc3eec4:group-DB26C8C47675 change Leader from null to 9c1babfd-24b9-43b5-a670-4d0e2dc3eec4 at term 1 for becomeLeader, leader elected after 5216ms
2019-09-19 10:27:01,858 [f4f61464-0bdf-492b-ac84-d659f01f9139:group-8E9DCE23A439:LeaderElection21] INFO  impl.RaftServerImpl (ServerState.java:setLeader(263)) - f4f61464-0bdf-492b-ac84-d659f01f9139:group-8E9DCE23A439 change Leader from null to f4f61464-0bdf-492b-ac84-d659f01f9139 at term 1 for becomeLeader, leader elected after 5265ms
2019-09-19 10:27:01,858 [f4f61464-0bdf-492b-ac84-d659f01f9139-SegmentedRaftLogWorker:Storage Directory /workdir/hadoop-ozone/ozonefs/target/test-dir/MiniOzoneClusterImpl-c4ccaed8-e682-4870-947c-cf1864f77c00/datanode-0/data/ratis/37771cfe-a071-415b-9f10-a1d518c4c2eb] INFO  segmented.SegmentedRaftLogWorker (SegmentedRaftLogWorker.java:execute(569)) - f4f61464-0bdf-492b-ac84-d659f01f9139-SegmentedRaftLogWorker:Storage Directory /workdir/hadoop-ozone/ozonefs/target/test-dir/MiniOzoneClusterImpl-c4ccaed8-e682-4870-947c-cf1864f77c00/datanode-0/data/ratis/37771cfe-a071-415b-9f10-a1d518c4c2eb: created new log segment /workdir/hadoop-ozone/ozonefs/target/test-dir/MiniOzoneClusterImpl-c4ccaed8-e682-4870-947c-cf1864f77c00/datanode-0/data/ratis/37771cfe-a071-415b-9f10-a1d518c4c2eb/current/log_inprogress_0
2019-09-19 10:27:01,831 [84c75018-969a-4fca-ac0f-34cccc99d928:group-8DAD6B1887D7:LeaderElection13] INFO  segmented.SegmentedRaftLogWorker (SegmentedRaftLogWorker.java:startLogSegment(380)) - 84c75018-969a-4fca-ac0f-34cccc99d928-SegmentedRaftLogWorker:Storage Directory /workdir/hadoop-ozone/ozonefs/target/test-dir/MiniOzoneClusterImpl-c4ccaed8-e682-4870-947c-cf1864f77c00/datanode-2/data/ratis/d5667222-cb12-4a25-b41d-8dad6b1887d7: Starting segment from index:0
2019-09-19 10:27:01,831 [1692dd7e-eca0-4ee0-be13-a7fe013a1be4:group-1E9D5416AF48:LeaderElection14] INFO  server.RaftServerConfigKeys (ConfUtils.java:logGet(43)) - raft.server.watch.timeout = 10s (default)
2019-09-19 10:27:01,831 [7e4b2fb6-17ca-4cf7-9c63-77c56d6e2e1f:group-C93B882EE1E1:LeaderElection16] INFO  segmented.SegmentedRaftLogWorker (SegmentedRaftLogWorker.java:startLogSegment(380)) - 7e4b2fb6-17ca-4cf7-9c63-77c56d6e2e1f-SegmentedRaftLogWorker:Storage Directory /workdir/hadoop-ozone/ozonefs/target/test-dir/MiniOzoneClusterImpl-c4ccaed8-e682-4870-947c-cf1864f77c00/datanode-4/data/ratis/907d0a5a-66a6-4244-86a0-c93b882ee1e1: Starting segment from index:0
2019-09-19 10:27:01,863 [84c75018-969a-4fca-ac0f-34cccc99d928:group-8DAD6B1887D7:LeaderElection13] INFO  impl.RaftServerImpl (ServerState.java:setRaftConf(361)) - 84c75018-969a-4fca-ac0f-34cccc99d928:group-8DAD6B1887D7 set configuration 0: [84c75018-969a-4fca-ac0f-34cccc99d928:192.168.157.204:41935], old=null at 0
2019-09-19 10:27:01,862 [1692dd7e-eca0-4ee0-be13-a7fe013a1be4:group-1E9D5416AF48:LeaderElection14] INFO  server.RaftServerConfigKeys (ConfUtils.java:logGet(43)) - raft.server.watch.timeout.denomination = 1s (default)
2019-09-19 10:27:01,891 [7e4b2fb6-17ca-4cf7-9c63-77c56d6e2e1f:group-C93B882EE1E1:LeaderElection16] INFO  impl.RaftServerImpl (ServerState.java:setRaftConf(361)) - 7e4b2fb6-17ca-4cf7-9c63-77c56d6e2e1f:group-C93B882EE1E1 set configuration 0: [7e4b2fb6-17ca-4cf7-9c63-77c56d6e2e1f:192.168.157.204:45021], old=null at 0
2019-09-19 10:27:01,862 [f4f61464-0bdf-492b-ac84-d659f01f9139:group-8E9DCE23A439:LeaderElection21] INFO  server.RaftServerConfigKeys (ConfUtils.java:logGet(43)) - raft.server.staging.catchup.gap = 1000 (default)
2019-09-19 10:27:01,862 [9c1babfd-24b9-43b5-a670-4d0e2dc3eec4:group-DB26C8C47675:LeaderElection20] INFO  server.RaftServerConfigKeys (ConfUtils.java:logGet(43)) - raft.server.staging.catchup.gap = 1000 (default)
2019-09-19 10:27:01,862 [10ec1051-6571-4c90-b3f9-a3c2840a089b:group-4886D9C4D5A9:LeaderElection19] INFO  server.RaftServerConfigKeys (ConfUtils.java:logGet(43)) - raft.server.rpc.sleep.time = 25ms (default)
2019-09-19 10:27:01,862 [f4f61464-0bdf-492b-ac84-d659f01f9139:group-E62FE1466BE3:LeaderElection17] INFO  impl.RoleInfo (RoleInfo.java:updateAndGet(143)) - f4f61464-0bdf-492b-ac84-d659f01f9139: start LeaderState
2019-09-19 10:27:01,861 [df1b99cc-36f2-45b6-8e95-51c50e156f0b:group-6A261D2B6214:LeaderElection18] INFO  server.RaftServerConfigKeys (ConfUtils.java:logGet(43)) - raft.server.rpc.sleep.time = 25ms (default)
2019-09-19 10:27:01,894 [f4f61464-0bdf-492b-ac84-d659f01f9139:group-E62FE1466BE3:LeaderElection17] INFO  segmented.SegmentedRaftLogWorker (SegmentedRaftLogWorker.java:startLogSegment(380)) - f4f61464-0bdf-492b-ac84-d659f01f9139-SegmentedRaftLogWorker:Storage Directory /workdir/hadoop-ozone/ozonefs/target/test-dir/MiniOzoneClusterImpl-c4ccaed8-e682-4870-947c-cf1864f77c00/datanode-0/data/ratis/6de6f71f-abca-45a7-823a-e62fe1466be3: Starting segment from index:0
2019-09-19 10:27:01,893 [10ec1051-6571-4c90-b3f9-a3c2840a089b:group-4886D9C4D5A9:LeaderElection19] INFO  server.RaftServerConfigKeys (ConfUtils.java:logGet(43)) - raft.server.write.element-limit = 4096 (default)
2019-09-19 10:27:01,893 [9c1babfd-24b9-43b5-a670-4d0e2dc3eec4:group-DB26C8C47675:LeaderElection20] INFO  server.RaftServerConfigKeys (ConfUtils.java:logGet(43)) - raft.server.rpc.sleep.time = 25ms (default)
2019-09-19 10:27:01,893 [f4f61464-0bdf-492b-ac84-d659f01f9139:group-8E9DCE23A439:LeaderElection21] INFO  server.RaftServerConfigKeys (ConfUtils.java:logGet(43)) - raft.server.rpc.sleep.time = 25ms (default)
2019-09-19 10:27:01,891 [1692dd7e-eca0-4ee0-be13-a7fe013a1be4:group-1E9D5416AF48:LeaderElection14] INFO  server.RaftServerConfigKeys (ConfUtils.java:logGet(43)) - raft.server.watch.element-limit = 65536 (default)
2019-09-19 10:27:01,891 [7e4b2fb6-17ca-4cf7-9c63-77c56d6e2e1f:group-4CF7D01FC611:LeaderElection22] INFO  impl.LeaderElection (LeaderElection.java:askForVotes(181)) - 7e4b2fb6-17ca-4cf7-9c63-77c56d6e2e1f:group-4CF7D01FC611:LeaderElection22: begin an election at term 1 for -1: [7e4b2fb6-17ca-4cf7-9c63-77c56d6e2e1f:192.168.157.204:45021], old=null
2019-09-19 10:27:01,891 [1692dd7e-eca0-4ee0-be13-a7fe013a1be4-SegmentedRaftLogWorker:Storage Directory /workdir/hadoop-ozone/ozonefs/target/test-dir/MiniOzoneClusterImpl-c4ccaed8-e682-4870-947c-cf1864f77c00/datanode-3/data/ratis/d2c028ae-c9ed-45ef-89ab-72ee2e419aaa] INFO  segmented.SegmentedRaftLogWorker (SegmentedRaftLogWorker.java:execute(569)) - 1692dd7e-eca0-4ee0-be13-a7fe013a1be4-SegmentedRaftLogWorker:Storage Directory /workdir/hadoop-ozone/ozonefs/target/test-dir/MiniOzoneClusterImpl-c4ccaed8-e682-4870-947c-cf1864f77c00/datanode-3/data/ratis/d2c028ae-c9ed-45ef-89ab-72ee2e419aaa: created new log segment /workdir/hadoop-ozone/ozonefs/target/test-dir/MiniOzoneClusterImpl-c4ccaed8-e682-4870-947c-cf1864f77c00/datanode-3/data/ratis/d2c028ae-c9ed-45ef-89ab-72ee2e419aaa/current/log_inprogress_0
2019-09-19 10:27:01,890 [Thread-365] INFO  impl.FollowerState (FollowerState.java:run(106)) - 1692dd7e-eca0-4ee0-be13-a7fe013a1be4:group-9C5D8E6BECF0 changes to CANDIDATE, lastRpcTime:5129, electionTimeout:5126ms
2019-09-19 10:27:01,895 [7e4b2fb6-17ca-4cf7-9c63-77c56d6e2e1f:group-4CF7D01FC611:LeaderElection22] INFO  impl.RoleInfo (RoleInfo.java:shutdownLeaderElection(134)) - 7e4b2fb6-17ca-4cf7-9c63-77c56d6e2e1f: shutdown LeaderElection
2019-09-19 10:27:01,895 [1692dd7e-eca0-4ee0-be13-a7fe013a1be4:group-1E9D5416AF48:LeaderElection14] INFO  impl.RoleInfo (RoleInfo.java:updateAndGet(143)) - 1692dd7e-eca0-4ee0-be13-a7fe013a1be4: start LeaderState
2019-09-19 10:27:01,894 [f4f61464-0bdf-492b-ac84-d659f01f9139:group-8E9DCE23A439:LeaderElection21] INFO  server.RaftServerConfigKeys (ConfUtils.java:logGet(43)) - raft.server.write.element-limit = 4096 (default)
2019-09-19 10:27:01,894 [f4f61464-0bdf-492b-ac84-d659f01f9139:group-E62FE1466BE3:LeaderElection17] INFO  impl.RaftServerImpl (ServerState.java:setRaftConf(361)) - f4f61464-0bdf-492b-ac84-d659f01f9139:group-E62FE1466BE3 set configuration 0: [f4f61464-0bdf-492b-ac84-d659f01f9139:192.168.157.204:35376], old=null at 0
2019-09-19 10:27:01,894 [9c1babfd-24b9-43b5-a670-4d0e2dc3eec4:group-DB26C8C47675:LeaderElection20] INFO  server.RaftServerConfigKeys (ConfUtils.java:logGet(43)) - raft.server.write.element-limit = 4096 (default)
2019-09-19 10:27:01,894 [10ec1051-6571-4c90-b3f9-a3c2840a089b:group-4886D9C4D5A9:LeaderElection19] INFO  server.RaftServerConfigKeys (ConfUtils.java:logGet(43)) - raft.server.watch.timeout = 10s (default)
2019-09-19 10:27:01,894 [df1b99cc-36f2-45b6-8e95-51c50e156f0b:group-6A261D2B6214:LeaderElection18] INFO  server.RaftServerConfigKeys (ConfUtils.java:logGet(43)) - raft.server.write.element-limit = 4096 (default)
2019-09-19 10:27:01,928 [10ec1051-6571-4c90-b3f9-a3c2840a089b:group-4886D9C4D5A9:LeaderElection19] INFO  server.RaftServerConfigKeys (ConfUtils.java:logGet(43)) - raft.server.watch.timeout.denomination = 1s (default)
2019-09-19 10:27:01,928 [9c1babfd-24b9-43b5-a670-4d0e2dc3eec4:group-DB26C8C47675:LeaderElection20] INFO  server.RaftServerConfigKeys (ConfUtils.java:logGet(43)) - raft.server.watch.timeout = 10s (default)
2019-09-19 10:27:01,927 [84c75018-969a-4fca-ac0f-34cccc99d928-SegmentedRaftLogWorker:Storage Directory /workdir/hadoop-ozone/ozonefs/target/test-dir/MiniOzoneClusterImpl-c4ccaed8-e682-4870-947c-cf1864f77c00/datanode-2/data/ratis/d5667222-cb12-4a25-b41d-8dad6b1887d7] INFO  segmented.SegmentedRaftLogWorker (SegmentedRaftLogWorker.java:execute(569)) - 84c75018-969a-4fca-ac0f-34cccc99d928-SegmentedRaftLogWorker:Storage Directory /workdir/hadoop-ozone/ozonefs/target/test-dir/MiniOzoneClusterImpl-c4ccaed8-e682-4870-947c-cf1864f77c00/datanode-2/data/ratis/d5667222-cb12-4a25-b41d-8dad6b1887d7: created new log segment /workdir/hadoop-ozone/ozonefs/target/test-dir/MiniOzoneClusterImpl-c4ccaed8-e682-4870-947c-cf1864f77c00/datanode-2/data/ratis/d5667222-cb12-4a25-b41d-8dad6b1887d7/current/log_inprogress_0
2019-09-19 10:27:01,927 [Thread-368] INFO  impl.FollowerState (FollowerState.java:run(106)) - 10ec1051-6571-4c90-b3f9-a3c2840a089b:group-0B672481981A changes to CANDIDATE, lastRpcTime:5112, electionTimeout:5112ms
2019-09-19 10:27:01,928 [Thread-368] INFO  impl.RoleInfo (RoleInfo.java:shutdownFollowerState(121)) - 10ec1051-6571-4c90-b3f9-a3c2840a089b: shutdown FollowerState
2019-09-19 10:27:01,927 [Thread-371] INFO  impl.FollowerState (FollowerState.java:run(106)) - 84c75018-969a-4fca-ac0f-34cccc99d928:group-F48E00CB4773 changes to CANDIDATE, lastRpcTime:5060, electionTimeout:5037ms
2019-09-19 10:27:01,929 [Thread-371] INFO  impl.RoleInfo (RoleInfo.java:shutdownFollowerState(121)) - 84c75018-969a-4fca-ac0f-34cccc99d928: shutdown FollowerState
2019-09-19 10:27:01,927 [7e4b2fb6-17ca-4cf7-9c63-77c56d6e2e1f-SegmentedRaftLogWorker:Storage Directory /workdir/hadoop-ozone/ozonefs/target/test-dir/MiniOzoneClusterImpl-c4ccaed8-e682-4870-947c-cf1864f77c00/datanode-4/data/ratis/907d0a5a-66a6-4244-86a0-c93b882ee1e1] INFO  segmented.SegmentedRaftLogWorker (SegmentedRaftLogWorker.java:execute(569)) - 7e4b2fb6-17ca-4cf7-9c63-77c56d6e2e1f-SegmentedRaftLogWorker:Storage Directory /workdir/hadoop-ozone/ozonefs/target/test-dir/MiniOzoneClusterImpl-c4ccaed8-e682-4870-947c-cf1864f77c00/datanode-4/data/ratis/907d0a5a-66a6-4244-86a0-c93b882ee1e1: created new log segment /workdir/hadoop-ozone/ozonefs/target/test-dir/MiniOzoneClusterImpl-c4ccaed8-e682-4870-947c-cf1864f77c00/datanode-4/data/ratis/907d0a5a-66a6-4244-86a0-c93b882ee1e1/current/log_inprogress_0
2019-09-19 10:27:01,895 [1692dd7e-eca0-4ee0-be13-a7fe013a1be4:group-1E9D5416AF48:LeaderElection14] INFO  segmented.SegmentedRaftLogWorker (SegmentedRaftLogWorker.java:startLogSegment(380)) - 1692dd7e-eca0-4ee0-be13-a7fe013a1be4-SegmentedRaftLogWorker:Storage Directory /workdir/hadoop-ozone/ozonefs/target/test-dir/MiniOzoneClusterImpl-c4ccaed8-e682-4870-947c-cf1864f77c00/datanode-3/data/ratis/caf1d26b-5077-4ab5-b892-1e9d5416af48: Starting segment from index:0
2019-09-19 10:27:01,895 [f4f61464-0bdf-492b-ac84-d659f01f9139:group-8E9DCE23A439:LeaderElection21] INFO  server.RaftServerConfigKeys (ConfUtils.java:logGet(43)) - raft.server.watch.timeout = 10s (default)
2019-09-19 10:27:01,895 [7e4b2fb6-17ca-4cf7-9c63-77c56d6e2e1f:group-4CF7D01FC611:LeaderElection22] INFO  impl.RaftServerImpl (RaftServerImpl.java:setRole(171)) - 7e4b2fb6-17ca-4cf7-9c63-77c56d6e2e1f:group-4CF7D01FC611 changes role from CANDIDATE to LEADER at term 1 for changeToLeader
2019-09-19 10:27:01,895 [Thread-365] INFO  impl.RoleInfo (RoleInfo.java:shutdownFollowerState(121)) - 1692dd7e-eca0-4ee0-be13-a7fe013a1be4: shutdown FollowerState
2019-09-19 10:27:01,929 [1692dd7e-eca0-4ee0-be13-a7fe013a1be4:group-1E9D5416AF48:LeaderElection14] INFO  impl.RaftServerImpl (ServerState.java:setRaftConf(361)) - 1692dd7e-eca0-4ee0-be13-a7fe013a1be4:group-1E9D5416AF48 set configuration 0: [1692dd7e-eca0-4ee0-be13-a7fe013a1be4:192.168.157.204:39330], old=null at 0
2019-09-19 10:27:01,929 [7e4b2fb6-17ca-4cf7-9c63-77c56d6e2e1f:group-4CF7D01FC611:LeaderElection22] INFO  impl.RaftServerImpl (ServerState.java:setLeader(263)) - 7e4b2fb6-17ca-4cf7-9c63-77c56d6e2e1f:group-4CF7D01FC611 change Leader from null to 7e4b2fb6-17ca-4cf7-9c63-77c56d6e2e1f at term 1 for becomeLeader, leader elected after 5222ms
2019-09-19 10:27:01,929 [f4f61464-0bdf-492b-ac84-d659f01f9139:group-8E9DCE23A439:LeaderElection21] INFO  server.RaftServerConfigKeys (ConfUtils.java:logGet(43)) - raft.server.watch.timeout.denomination = 1s (default)
2019-09-19 10:27:01,929 [Thread-371] INFO  impl.RaftServerImpl (RaftServerImpl.java:setRole(171)) - 84c75018-969a-4fca-ac0f-34cccc99d928:group-F48E00CB4773 changes role from FOLLOWER to CANDIDATE at term 0 for changeToCandidate
2019-09-19 10:27:01,929 [Thread-368] INFO  impl.RaftServerImpl (RaftServerImpl.java:setRole(171)) - 10ec1051-6571-4c90-b3f9-a3c2840a089b:group-0B672481981A changes role from FOLLOWER to CANDIDATE at term 0 for changeToCandidate
2019-09-19 10:27:01,928 [9c1babfd-24b9-43b5-a670-4d0e2dc3eec4:group-DB26C8C47675:LeaderElection20] INFO  server.RaftServerConfigKeys (ConfUtils.java:logGet(43)) - raft.server.watch.timeout.denomination = 1s (default)
2019-09-19 10:27:01,928 [10ec1051-6571-4c90-b3f9-a3c2840a089b:group-4886D9C4D5A9:LeaderElection19] INFO  server.RaftServerConfigKeys (ConfUtils.java:logGet(43)) - raft.server.watch.element-limit = 65536 (default)
2019-09-19 10:27:01,928 [df1b99cc-36f2-45b6-8e95-51c50e156f0b:group-6A261D2B6214:LeaderElection18] INFO  server.RaftServerConfigKeys (ConfUtils.java:logGet(43)) - raft.server.watch.timeout = 10s (default)
2019-09-19 10:27:01,958 [9c1babfd-24b9-43b5-a670-4d0e2dc3eec4:group-DB26C8C47675:LeaderElection20] INFO  server.RaftServerConfigKeys (ConfUtils.java:logGet(43)) - raft.server.watch.element-limit = 65536 (default)
2019-09-19 10:27:01,958 [Thread-368] INFO  impl.RoleInfo (RoleInfo.java:updateAndGet(143)) - 10ec1051-6571-4c90-b3f9-a3c2840a089b: start LeaderElection
2019-09-19 10:27:01,958 [Thread-371] INFO  impl.RoleInfo (RoleInfo.java:updateAndGet(143)) - 84c75018-969a-4fca-ac0f-34cccc99d928: start LeaderElection
2019-09-19 10:27:01,958 [f4f61464-0bdf-492b-ac84-d659f01f9139:group-8E9DCE23A439:LeaderElection21] INFO  server.RaftServerConfigKeys (ConfUtils.java:logGet(43)) - raft.server.watch.element-limit = 65536 (default)
2019-09-19 10:27:01,958 [7e4b2fb6-17ca-4cf7-9c63-77c56d6e2e1f:group-4CF7D01FC611:LeaderElection22] INFO  server.RaftServerConfigKeys (ConfUtils.java:logGet(43)) - raft.server.staging.catchup.gap = 1000 (default)
2019-09-19 10:27:01,959 [7e4b2fb6-17ca-4cf7-9c63-77c56d6e2e1f:group-4CF7D01FC611:LeaderElection22] INFO  server.RaftServerConfigKeys (ConfUtils.java:logGet(43)) - raft.server.rpc.sleep.time = 25ms (default)
2019-09-19 10:27:01,958 [f4f61464-0bdf-492b-ac84-d659f01f9139-SegmentedRaftLogWorker:Storage Directory /workdir/hadoop-ozone/ozonefs/target/test-dir/MiniOzoneClusterImpl-c4ccaed8-e682-4870-947c-cf1864f77c00/datanode-0/data/ratis/6de6f71f-abca-45a7-823a-e62fe1466be3] INFO  segmented.SegmentedRaftLogWorker (SegmentedRaftLogWorker.java:execute(569)) - f4f61464-0bdf-492b-ac84-d659f01f9139-SegmentedRaftLogWorker:Storage Directory /workdir/hadoop-ozone/ozonefs/target/test-dir/MiniOzoneClusterImpl-c4ccaed8-e682-4870-947c-cf1864f77c00/datanode-0/data/ratis/6de6f71f-abca-45a7-823a-e62fe1466be3: created new log segment /workdir/hadoop-ozone/ozonefs/target/test-dir/MiniOzoneClusterImpl-c4ccaed8-e682-4870-947c-cf1864f77c00/datanode-0/data/ratis/6de6f71f-abca-45a7-823a-e62fe1466be3/current/log_inprogress_0
2019-09-19 10:27:01,958 [Thread-374] INFO  impl.FollowerState (FollowerState.java:run(106)) - 10ec1051-6571-4c90-b3f9-a3c2840a089b:group-1574A01E182E changes to CANDIDATE, lastRpcTime:5040, electionTimeout:5028ms
2019-09-19 10:27:01,962 [Thread-374] INFO  impl.RoleInfo (RoleInfo.java:shutdownFollowerState(121)) - 10ec1051-6571-4c90-b3f9-a3c2840a089b: shutdown FollowerState
2019-09-19 10:27:01,929 [Thread-365] INFO  impl.RaftServerImpl (RaftServerImpl.java:setRole(171)) - 1692dd7e-eca0-4ee0-be13-a7fe013a1be4:group-9C5D8E6BECF0 changes role from FOLLOWER to CANDIDATE at term 0 for changeToCandidate
2019-09-19 10:27:01,962 [Thread-374] INFO  impl.RaftServerImpl (RaftServerImpl.java:setRole(171)) - 10ec1051-6571-4c90-b3f9-a3c2840a089b:group-1574A01E182E changes role from FOLLOWER to CANDIDATE at term 0 for changeToCandidate
2019-09-19 10:27:01,961 [7e4b2fb6-17ca-4cf7-9c63-77c56d6e2e1f:group-4CF7D01FC611:LeaderElection22] INFO  server.RaftServerConfigKeys (ConfUtils.java:logGet(43)) - raft.server.write.element-limit = 4096 (default)
2019-09-19 10:27:01,961 [1692dd7e-eca0-4ee0-be13-a7fe013a1be4-SegmentedRaftLogWorker:Storage Directory /workdir/hadoop-ozone/ozonefs/target/test-dir/MiniOzoneClusterImpl-c4ccaed8-e682-4870-947c-cf1864f77c00/datanode-3/data/ratis/caf1d26b-5077-4ab5-b892-1e9d5416af48] INFO  segmented.SegmentedRaftLogWorker (SegmentedRaftLogWorker.java:execute(569)) - 1692dd7e-eca0-4ee0-be13-a7fe013a1be4-SegmentedRaftLogWorker:Storage Directory /workdir/hadoop-ozone/ozonefs/target/test-dir/MiniOzoneClusterImpl-c4ccaed8-e682-4870-947c-cf1864f77c00/datanode-3/data/ratis/caf1d26b-5077-4ab5-b892-1e9d5416af48: created new log segment /workdir/hadoop-ozone/ozonefs/target/test-dir/MiniOzoneClusterImpl-c4ccaed8-e682-4870-947c-cf1864f77c00/datanode-3/data/ratis/caf1d26b-5077-4ab5-b892-1e9d5416af48/current/log_inprogress_0
2019-09-19 10:27:01,959 [f4f61464-0bdf-492b-ac84-d659f01f9139:group-8E9DCE23A439:LeaderElection21] INFO  impl.RoleInfo (RoleInfo.java:updateAndGet(143)) - f4f61464-0bdf-492b-ac84-d659f01f9139: start LeaderState
2019-09-19 10:27:01,959 [9c1babfd-24b9-43b5-a670-4d0e2dc3eec4:group-DB26C8C47675:LeaderElection20] INFO  impl.RoleInfo (RoleInfo.java:updateAndGet(143)) - 9c1babfd-24b9-43b5-a670-4d0e2dc3eec4: start LeaderState
2019-09-19 10:27:01,959 [10ec1051-6571-4c90-b3f9-a3c2840a089b:group-4886D9C4D5A9:LeaderElection19] INFO  impl.RoleInfo (RoleInfo.java:updateAndGet(143)) - 10ec1051-6571-4c90-b3f9-a3c2840a089b: start LeaderState
2019-09-19 10:27:01,963 [9c1babfd-24b9-43b5-a670-4d0e2dc3eec4:group-DB26C8C47675:LeaderElection20] INFO  segmented.SegmentedRaftLogWorker (SegmentedRaftLogWorker.java:startLogSegment(380)) - 9c1babfd-24b9-43b5-a670-4d0e2dc3eec4-SegmentedRaftLogWorker:Storage Directory /workdir/hadoop-ozone/ozonefs/target/test-dir/MiniOzoneClusterImpl-c4ccaed8-e682-4870-947c-cf1864f77c00/datanode-5/data/ratis/e80f5170-62c5-47eb-8bbd-db26c8c47675: Starting segment from index:0
2019-09-19 10:27:01,959 [df1b99cc-36f2-45b6-8e95-51c50e156f0b:group-6A261D2B6214:LeaderElection18] INFO  server.RaftServerConfigKeys (ConfUtils.java:logGet(43)) - raft.server.watch.timeout.denomination = 1s (default)
2019-09-19 10:27:01,963 [10ec1051-6571-4c90-b3f9-a3c2840a089b:group-4886D9C4D5A9:LeaderElection19] INFO  segmented.SegmentedRaftLogWorker (SegmentedRaftLogWorker.java:startLogSegment(380)) - 10ec1051-6571-4c90-b3f9-a3c2840a089b-SegmentedRaftLogWorker:Storage Directory /workdir/hadoop-ozone/ozonefs/target/test-dir/MiniOzoneClusterImpl-c4ccaed8-e682-4870-947c-cf1864f77c00/datanode-8/data/ratis/4a188eb1-51e4-4311-a5d7-4886d9c4d5a9: Starting segment from index:0
2019-09-19 10:27:01,962 [f4f61464-0bdf-492b-ac84-d659f01f9139:group-8E9DCE23A439:LeaderElection21] INFO  segmented.SegmentedRaftLogWorker (SegmentedRaftLogWorker.java:startLogSegment(380)) - f4f61464-0bdf-492b-ac84-d659f01f9139-SegmentedRaftLogWorker:Storage Directory /workdir/hadoop-ozone/ozonefs/target/test-dir/MiniOzoneClusterImpl-c4ccaed8-e682-4870-947c-cf1864f77c00/datanode-0/data/ratis/b3375794-d431-451a-b368-8e9dce23a439: Starting segment from index:0
2019-09-19 10:27:01,962 [7e4b2fb6-17ca-4cf7-9c63-77c56d6e2e1f:group-4CF7D01FC611:LeaderElection22] INFO  server.RaftServerConfigKeys (ConfUtils.java:logGet(43)) - raft.server.watch.timeout = 10s (default)
2019-09-19 10:27:01,962 [Thread-374] INFO  impl.RoleInfo (RoleInfo.java:updateAndGet(143)) - 10ec1051-6571-4c90-b3f9-a3c2840a089b: start LeaderElection
2019-09-19 10:27:01,962 [Thread-365] INFO  impl.RoleInfo (RoleInfo.java:updateAndGet(143)) - 1692dd7e-eca0-4ee0-be13-a7fe013a1be4: start LeaderElection
2019-09-19 10:27:01,994 [10ec1051-6571-4c90-b3f9-a3c2840a089b:group-0B672481981A:LeaderElection24] INFO  impl.LeaderElection (LeaderElection.java:askForVotes(181)) - 10ec1051-6571-4c90-b3f9-a3c2840a089b:group-0B672481981A:LeaderElection24: begin an election at term 1 for -1: [10ec1051-6571-4c90-b3f9-a3c2840a089b:192.168.157.204:40066], old=null
2019-09-19 10:27:01,964 [f4f61464-0bdf-492b-ac84-d659f01f9139:group-8E9DCE23A439:LeaderElection21] INFO  impl.RaftServerImpl (ServerState.java:setRaftConf(361)) - f4f61464-0bdf-492b-ac84-d659f01f9139:group-8E9DCE23A439 set configuration 0: [f4f61464-0bdf-492b-ac84-d659f01f9139:192.168.157.204:35376], old=null at 0
2019-09-19 10:27:01,963 [10ec1051-6571-4c90-b3f9-a3c2840a089b:group-4886D9C4D5A9:LeaderElection19] INFO  impl.RaftServerImpl (ServerState.java:setRaftConf(361)) - 10ec1051-6571-4c90-b3f9-a3c2840a089b:group-4886D9C4D5A9 set configuration 0: [10ec1051-6571-4c90-b3f9-a3c2840a089b:192.168.157.204:40066], old=null at 0
2019-09-19 10:27:01,963 [7e4b2fb6-17ca-4cf7-9c63-77c56d6e2e1f:group-4CF7D01FC611:LeaderElection22] INFO  server.RaftServerConfigKeys (ConfUtils.java:logGet(43)) - raft.server.watch.timeout.denomination = 1s (default)
2019-09-19 10:27:01,963 [9c1babfd-24b9-43b5-a670-4d0e2dc3eec4:group-DB26C8C47675:LeaderElection20] INFO  impl.RaftServerImpl (ServerState.java:setRaftConf(361)) - 9c1babfd-24b9-43b5-a670-4d0e2dc3eec4:group-DB26C8C47675 set configuration 0: [9c1babfd-24b9-43b5-a670-4d0e2dc3eec4:192.168.157.204:39323], old=null at 0
2019-09-19 10:27:01,963 [df1b99cc-36f2-45b6-8e95-51c50e156f0b:group-6A261D2B6214:LeaderElection18] INFO  server.RaftServerConfigKeys (ConfUtils.java:logGet(43)) - raft.server.watch.element-limit = 65536 (default)
2019-09-19 10:27:02,012 [1692dd7e-eca0-4ee0-be13-a7fe013a1be4:group-9C5D8E6BECF0:LeaderElection25] INFO  impl.LeaderElection (LeaderElection.java:askForVotes(181)) - 1692dd7e-eca0-4ee0-be13-a7fe013a1be4:group-9C5D8E6BECF0:LeaderElection25: begin an election at term 1 for -1: [1692dd7e-eca0-4ee0-be13-a7fe013a1be4:192.168.157.204:39330], old=null
2019-09-19 10:27:02,012 [10ec1051-6571-4c90-b3f9-a3c2840a089b-SegmentedRaftLogWorker:Storage Directory /workdir/hadoop-ozone/ozonefs/target/test-dir/MiniOzoneClusterImpl-c4ccaed8-e682-4870-947c-cf1864f77c00/datanode-8/data/ratis/4a188eb1-51e4-4311-a5d7-4886d9c4d5a9] INFO  segmented.SegmentedRaftLogWorker (SegmentedRaftLogWorker.java:execute(569)) - 10ec1051-6571-4c90-b3f9-a3c2840a089b-SegmentedRaftLogWorker:Storage Directory /workdir/hadoop-ozone/ozonefs/target/test-dir/MiniOzoneClusterImpl-c4ccaed8-e682-4870-947c-cf1864f77c00/datanode-8/data/ratis/4a188eb1-51e4-4311-a5d7-4886d9c4d5a9: created new log segment /workdir/hadoop-ozone/ozonefs/target/test-dir/MiniOzoneClusterImpl-c4ccaed8-e682-4870-947c-cf1864f77c00/datanode-8/data/ratis/4a188eb1-51e4-4311-a5d7-4886d9c4d5a9/current/log_inprogress_0
2019-09-19 10:27:02,012 [f4f61464-0bdf-492b-ac84-d659f01f9139-SegmentedRaftLogWorker:Storage Directory /workdir/hadoop-ozone/ozonefs/target/test-dir/MiniOzoneClusterImpl-c4ccaed8-e682-4870-947c-cf1864f77c00/datanode-0/data/ratis/b3375794-d431-451a-b368-8e9dce23a439] INFO  segmented.SegmentedRaftLogWorker (SegmentedRaftLogWorker.java:execute(569)) - f4f61464-0bdf-492b-ac84-d659f01f9139-SegmentedRaftLogWorker:Storage Directory /workdir/hadoop-ozone/ozonefs/target/test-dir/MiniOzoneClusterImpl-c4ccaed8-e682-4870-947c-cf1864f77c00/datanode-0/data/ratis/b3375794-d431-451a-b368-8e9dce23a439: created new log segment /workdir/hadoop-ozone/ozonefs/target/test-dir/MiniOzoneClusterImpl-c4ccaed8-e682-4870-947c-cf1864f77c00/datanode-0/data/ratis/b3375794-d431-451a-b368-8e9dce23a439/current/log_inprogress_0
2019-09-19 10:27:02,012 [9c1babfd-24b9-43b5-a670-4d0e2dc3eec4-SegmentedRaftLogWorker:Storage Directory /workdir/hadoop-ozone/ozonefs/target/test-dir/MiniOzoneClusterImpl-c4ccaed8-e682-4870-947c-cf1864f77c00/datanode-5/data/ratis/e80f5170-62c5-47eb-8bbd-db26c8c47675] INFO  segmented.SegmentedRaftLogWorker (SegmentedRaftLogWorker.java:execute(569)) - 9c1babfd-24b9-43b5-a670-4d0e2dc3eec4-SegmentedRaftLogWorker:Storage Directory /workdir/hadoop-ozone/ozonefs/target/test-dir/MiniOzoneClusterImpl-c4ccaed8-e682-4870-947c-cf1864f77c00/datanode-5/data/ratis/e80f5170-62c5-47eb-8bbd-db26c8c47675: created new log segment /workdir/hadoop-ozone/ozonefs/target/test-dir/MiniOzoneClusterImpl-c4ccaed8-e682-4870-947c-cf1864f77c00/datanode-5/data/ratis/e80f5170-62c5-47eb-8bbd-db26c8c47675/current/log_inprogress_0
2019-09-19 10:27:02,004 [7e4b2fb6-17ca-4cf7-9c63-77c56d6e2e1f:group-4CF7D01FC611:LeaderElection22] INFO  server.RaftServerConfigKeys (ConfUtils.java:logGet(43)) - raft.server.watch.element-limit = 65536 (default)
2019-09-19 10:27:01,997 [84c75018-969a-4fca-ac0f-34cccc99d928:group-F48E00CB4773:LeaderElection23] INFO  impl.LeaderElection (LeaderElection.java:askForVotes(181)) - 84c75018-969a-4fca-ac0f-34cccc99d928:group-F48E00CB4773:LeaderElection23: begin an election at term 1 for -1: [84c75018-969a-4fca-ac0f-34cccc99d928:192.168.157.204:41935], old=null
2019-09-19 10:27:02,013 [7e4b2fb6-17ca-4cf7-9c63-77c56d6e2e1f:group-4CF7D01FC611:LeaderElection22] INFO  impl.RoleInfo (RoleInfo.java:updateAndGet(143)) - 7e4b2fb6-17ca-4cf7-9c63-77c56d6e2e1f: start LeaderState
2019-09-19 10:27:01,997 [10ec1051-6571-4c90-b3f9-a3c2840a089b:group-0B672481981A:LeaderElection24] INFO  impl.RoleInfo (RoleInfo.java:shutdownLeaderElection(134)) - 10ec1051-6571-4c90-b3f9-a3c2840a089b: shutdown LeaderElection
2019-09-19 10:27:02,013 [84c75018-969a-4fca-ac0f-34cccc99d928:group-F48E00CB4773:LeaderElection23] INFO  impl.RoleInfo (RoleInfo.java:shutdownLeaderElection(134)) - 84c75018-969a-4fca-ac0f-34cccc99d928: shutdown LeaderElection
2019-09-19 10:27:02,012 [1692dd7e-eca0-4ee0-be13-a7fe013a1be4:group-9C5D8E6BECF0:LeaderElection25] INFO  impl.RoleInfo (RoleInfo.java:shutdownLeaderElection(134)) - 1692dd7e-eca0-4ee0-be13-a7fe013a1be4: shutdown LeaderElection
2019-09-19 10:27:02,012 [df1b99cc-36f2-45b6-8e95-51c50e156f0b:group-6A261D2B6214:LeaderElection18] INFO  impl.RoleInfo (RoleInfo.java:updateAndGet(143)) - df1b99cc-36f2-45b6-8e95-51c50e156f0b: start LeaderState
2019-09-19 10:27:02,013 [1692dd7e-eca0-4ee0-be13-a7fe013a1be4:group-9C5D8E6BECF0:LeaderElection25] INFO  impl.RaftServerImpl (RaftServerImpl.java:setRole(171)) - 1692dd7e-eca0-4ee0-be13-a7fe013a1be4:group-9C5D8E6BECF0 changes role from CANDIDATE to LEADER at term 1 for changeToLeader
2019-09-19 10:27:02,013 [df1b99cc-36f2-45b6-8e95-51c50e156f0b:group-6A261D2B6214:LeaderElection18] INFO  segmented.SegmentedRaftLogWorker (SegmentedRaftLogWorker.java:startLogSegment(380)) - df1b99cc-36f2-45b6-8e95-51c50e156f0b-SegmentedRaftLogWorker:Storage Directory /workdir/hadoop-ozone/ozonefs/target/test-dir/MiniOzoneClusterImpl-c4ccaed8-e682-4870-947c-cf1864f77c00/datanode-1/data/ratis/99641dd0-dad0-4d6d-aa5c-6a261d2b6214: Starting segment from index:0
2019-09-19 10:27:02,013 [84c75018-969a-4fca-ac0f-34cccc99d928:group-F48E00CB4773:LeaderElection23] INFO  impl.RaftServerImpl (RaftServerImpl.java:setRole(171)) - 84c75018-969a-4fca-ac0f-34cccc99d928:group-F48E00CB4773 changes role from CANDIDATE to LEADER at term 1 for changeToLeader
2019-09-19 10:27:02,013 [10ec1051-6571-4c90-b3f9-a3c2840a089b:group-0B672481981A:LeaderElection24] INFO  impl.RaftServerImpl (RaftServerImpl.java:setRole(171)) - 10ec1051-6571-4c90-b3f9-a3c2840a089b:group-0B672481981A changes role from CANDIDATE to LEADER at term 1 for changeToLeader
2019-09-19 10:27:02,013 [10ec1051-6571-4c90-b3f9-a3c2840a089b:group-0B672481981A:LeaderElection24] INFO  impl.RaftServerImpl (ServerState.java:setLeader(263)) - 10ec1051-6571-4c90-b3f9-a3c2840a089b:group-0B672481981A change Leader from null to 10ec1051-6571-4c90-b3f9-a3c2840a089b at term 1 for becomeLeader, leader elected after 5203ms
2019-09-19 10:27:02,013 [7e4b2fb6-17ca-4cf7-9c63-77c56d6e2e1f:group-4CF7D01FC611:LeaderElection22] INFO  segmented.SegmentedRaftLogWorker (SegmentedRaftLogWorker.java:startLogSegment(380)) - 7e4b2fb6-17ca-4cf7-9c63-77c56d6e2e1f-SegmentedRaftLogWorker:Storage Directory /workdir/hadoop-ozone/ozonefs/target/test-dir/MiniOzoneClusterImpl-c4ccaed8-e682-4870-947c-cf1864f77c00/datanode-4/data/ratis/119d73e1-581f-412b-9c43-4cf7d01fc611: Starting segment from index:0
2019-09-19 10:27:02,014 [10ec1051-6571-4c90-b3f9-a3c2840a089b:group-0B672481981A:LeaderElection24] INFO  server.RaftServerConfigKeys (ConfUtils.java:logGet(43)) - raft.server.staging.catchup.gap = 1000 (default)
2019-09-19 10:27:02,014 [df1b99cc-36f2-45b6-8e95-51c50e156f0b:group-6A261D2B6214:LeaderElection18] INFO  impl.RaftServerImpl (ServerState.java:setRaftConf(361)) - df1b99cc-36f2-45b6-8e95-51c50e156f0b:group-6A261D2B6214 set configuration 0: [df1b99cc-36f2-45b6-8e95-51c50e156f0b:192.168.157.204:42307], old=null at 0
2019-09-19 10:27:02,013 [84c75018-969a-4fca-ac0f-34cccc99d928:group-F48E00CB4773:LeaderElection23] INFO  impl.RaftServerImpl (ServerState.java:setLeader(263)) - 84c75018-969a-4fca-ac0f-34cccc99d928:group-F48E00CB4773 change Leader from null to 84c75018-969a-4fca-ac0f-34cccc99d928 at term 1 for becomeLeader, leader elected after 5150ms
2019-09-19 10:27:02,013 [1692dd7e-eca0-4ee0-be13-a7fe013a1be4:group-9C5D8E6BECF0:LeaderElection25] INFO  impl.RaftServerImpl (ServerState.java:setLeader(263)) - 1692dd7e-eca0-4ee0-be13-a7fe013a1be4:group-9C5D8E6BECF0 change Leader from null to 1692dd7e-eca0-4ee0-be13-a7fe013a1be4 at term 1 for becomeLeader, leader elected after 5255ms
2019-09-19 10:27:02,014 [84c75018-969a-4fca-ac0f-34cccc99d928:group-F48E00CB4773:LeaderElection23] INFO  server.RaftServerConfigKeys (ConfUtils.java:logGet(43)) - raft.server.staging.catchup.gap = 1000 (default)
2019-09-19 10:27:02,014 [84c75018-969a-4fca-ac0f-34cccc99d928:group-F48E00CB4773:LeaderElection23] INFO  server.RaftServerConfigKeys (ConfUtils.java:logGet(43)) - raft.server.rpc.sleep.time = 25ms (default)
2019-09-19 10:27:02,014 [7e4b2fb6-17ca-4cf7-9c63-77c56d6e2e1f:group-4CF7D01FC611:LeaderElection22] INFO  impl.RaftServerImpl (ServerState.java:setRaftConf(361)) - 7e4b2fb6-17ca-4cf7-9c63-77c56d6e2e1f:group-4CF7D01FC611 set configuration 0: [7e4b2fb6-17ca-4cf7-9c63-77c56d6e2e1f:192.168.157.204:45021], old=null at 0
2019-09-19 10:27:02,014 [10ec1051-6571-4c90-b3f9-a3c2840a089b:group-0B672481981A:LeaderElection24] INFO  server.RaftServerConfigKeys (ConfUtils.java:logGet(43)) - raft.server.rpc.sleep.time = 25ms (default)
2019-09-19 10:27:02,043 [10ec1051-6571-4c90-b3f9-a3c2840a089b:group-1574A01E182E:LeaderElection26] INFO  impl.LeaderElection (LeaderElection.java:askForVotes(181)) - 10ec1051-6571-4c90-b3f9-a3c2840a089b:group-1574A01E182E:LeaderElection26: begin an election at term 1 for -1: [10ec1051-6571-4c90-b3f9-a3c2840a089b:192.168.157.204:40066], old=null
2019-09-19 10:27:02,014 [84c75018-969a-4fca-ac0f-34cccc99d928:group-F48E00CB4773:LeaderElection23] INFO  server.RaftServerConfigKeys (ConfUtils.java:logGet(43)) - raft.server.write.element-limit = 4096 (default)
2019-09-19 10:27:02,014 [1692dd7e-eca0-4ee0-be13-a7fe013a1be4:group-9C5D8E6BECF0:LeaderElection25] INFO  server.RaftServerConfigKeys (ConfUtils.java:logGet(43)) - raft.server.staging.catchup.gap = 1000 (default)
2019-09-19 10:27:02,043 [84c75018-969a-4fca-ac0f-34cccc99d928:group-F48E00CB4773:LeaderElection23] INFO  server.RaftServerConfigKeys (ConfUtils.java:logGet(43)) - raft.server.watch.timeout = 10s (default)
2019-09-19 10:27:02,043 [84c75018-969a-4fca-ac0f-34cccc99d928:group-F48E00CB4773:LeaderElection23] INFO  server.RaftServerConfigKeys (ConfUtils.java:logGet(43)) - raft.server.watch.timeout.denomination = 1s (default)
2019-09-19 10:27:02,043 [10ec1051-6571-4c90-b3f9-a3c2840a089b:group-1574A01E182E:LeaderElection26] INFO  impl.RoleInfo (RoleInfo.java:shutdownLeaderElection(134)) - 10ec1051-6571-4c90-b3f9-a3c2840a089b: shutdown LeaderElection
2019-09-19 10:27:02,043 [10ec1051-6571-4c90-b3f9-a3c2840a089b:group-0B672481981A:LeaderElection24] INFO  server.RaftServerConfigKeys (ConfUtils.java:logGet(43)) - raft.server.write.element-limit = 4096 (default)
2019-09-19 10:27:02,044 [10ec1051-6571-4c90-b3f9-a3c2840a089b:group-1574A01E182E:LeaderElection26] INFO  impl.RaftServerImpl (RaftServerImpl.java:setRole(171)) - 10ec1051-6571-4c90-b3f9-a3c2840a089b:group-1574A01E182E changes role from CANDIDATE to LEADER at term 1 for changeToLeader
2019-09-19 10:27:02,044 [84c75018-969a-4fca-ac0f-34cccc99d928:group-F48E00CB4773:LeaderElection23] INFO  server.RaftServerConfigKeys (ConfUtils.java:logGet(43)) - raft.server.watch.element-limit = 65536 (default)
2019-09-19 10:27:02,043 [1692dd7e-eca0-4ee0-be13-a7fe013a1be4:group-9C5D8E6BECF0:LeaderElection25] INFO  server.RaftServerConfigKeys (ConfUtils.java:logGet(43)) - raft.server.rpc.sleep.time = 25ms (default)
2019-09-19 10:27:02,044 [84c75018-969a-4fca-ac0f-34cccc99d928:group-F48E00CB4773:LeaderElection23] INFO  impl.RoleInfo (RoleInfo.java:updateAndGet(143)) - 84c75018-969a-4fca-ac0f-34cccc99d928: start LeaderState
2019-09-19 10:27:02,044 [10ec1051-6571-4c90-b3f9-a3c2840a089b:group-1574A01E182E:LeaderElection26] INFO  impl.RaftServerImpl (ServerState.java:setLeader(263)) - 10ec1051-6571-4c90-b3f9-a3c2840a089b:group-1574A01E182E change Leader from null to 10ec1051-6571-4c90-b3f9-a3c2840a089b at term 1 for becomeLeader, leader elected after 5130ms
2019-09-19 10:27:02,044 [10ec1051-6571-4c90-b3f9-a3c2840a089b:group-0B672481981A:LeaderElection24] INFO  server.RaftServerConfigKeys (ConfUtils.java:logGet(43)) - raft.server.watch.timeout = 10s (default)
2019-09-19 10:27:02,044 [10ec1051-6571-4c90-b3f9-a3c2840a089b:group-1574A01E182E:LeaderElection26] INFO  server.RaftServerConfigKeys (ConfUtils.java:logGet(43)) - raft.server.staging.catchup.gap = 1000 (default)
2019-09-19 10:27:02,044 [84c75018-969a-4fca-ac0f-34cccc99d928:group-F48E00CB4773:LeaderElection23] INFO  segmented.SegmentedRaftLogWorker (SegmentedRaftLogWorker.java:startLogSegment(380)) - 84c75018-969a-4fca-ac0f-34cccc99d928-SegmentedRaftLogWorker:Storage Directory /workdir/hadoop-ozone/ozonefs/target/test-dir/MiniOzoneClusterImpl-c4ccaed8-e682-4870-947c-cf1864f77c00/datanode-2/data/ratis/a17eb9a4-f74b-4c94-9a39-f48e00cb4773: Starting segment from index:0
2019-09-19 10:27:02,044 [1692dd7e-eca0-4ee0-be13-a7fe013a1be4:group-9C5D8E6BECF0:LeaderElection25] INFO  server.RaftServerConfigKeys (ConfUtils.java:logGet(43)) - raft.server.write.element-limit = 4096 (default)
2019-09-19 10:27:02,045 [10ec1051-6571-4c90-b3f9-a3c2840a089b:group-1574A01E182E:LeaderElection26] INFO  server.RaftServerConfigKeys (ConfUtils.java:logGet(43)) - raft.server.rpc.sleep.time = 25ms (default)
2019-09-19 10:27:02,045 [10ec1051-6571-4c90-b3f9-a3c2840a089b:group-0B672481981A:LeaderElection24] INFO  server.RaftServerConfigKeys (ConfUtils.java:logGet(43)) - raft.server.watch.timeout.denomination = 1s (default)
2019-09-19 10:27:02,045 [84c75018-969a-4fca-ac0f-34cccc99d928:group-F48E00CB4773:LeaderElection23] INFO  impl.RaftServerImpl (ServerState.java:setRaftConf(361)) - 84c75018-969a-4fca-ac0f-34cccc99d928:group-F48E00CB4773 set configuration 0: [84c75018-969a-4fca-ac0f-34cccc99d928:192.168.157.204:41935], old=null at 0
2019-09-19 10:27:02,045 [1692dd7e-eca0-4ee0-be13-a7fe013a1be4:group-9C5D8E6BECF0:LeaderElection25] INFO  server.RaftServerConfigKeys (ConfUtils.java:logGet(43)) - raft.server.watch.timeout = 10s (default)
2019-09-19 10:27:02,068 [df1b99cc-36f2-45b6-8e95-51c50e156f0b-SegmentedRaftLogWorker:Storage Directory /workdir/hadoop-ozone/ozonefs/target/test-dir/MiniOzoneClusterImpl-c4ccaed8-e682-4870-947c-cf1864f77c00/datanode-1/data/ratis/99641dd0-dad0-4d6d-aa5c-6a261d2b6214] INFO  segmented.SegmentedRaftLogWorker (SegmentedRaftLogWorker.java:execute(569)) - df1b99cc-36f2-45b6-8e95-51c50e156f0b-SegmentedRaftLogWorker:Storage Directory /workdir/hadoop-ozone/ozonefs/target/test-dir/MiniOzoneClusterImpl-c4ccaed8-e682-4870-947c-cf1864f77c00/datanode-1/data/ratis/99641dd0-dad0-4d6d-aa5c-6a261d2b6214: created new log segment /workdir/hadoop-ozone/ozonefs/target/test-dir/MiniOzoneClusterImpl-c4ccaed8-e682-4870-947c-cf1864f77c00/datanode-1/data/ratis/99641dd0-dad0-4d6d-aa5c-6a261d2b6214/current/log_inprogress_0
2019-09-19 10:27:02,068 [7e4b2fb6-17ca-4cf7-9c63-77c56d6e2e1f-SegmentedRaftLogWorker:Storage Directory /workdir/hadoop-ozone/ozonefs/target/test-dir/MiniOzoneClusterImpl-c4ccaed8-e682-4870-947c-cf1864f77c00/datanode-4/data/ratis/119d73e1-581f-412b-9c43-4cf7d01fc611] INFO  segmented.SegmentedRaftLogWorker (SegmentedRaftLogWorker.java:execute(569)) - 7e4b2fb6-17ca-4cf7-9c63-77c56d6e2e1f-SegmentedRaftLogWorker:Storage Directory /workdir/hadoop-ozone/ozonefs/target/test-dir/MiniOzoneClusterImpl-c4ccaed8-e682-4870-947c-cf1864f77c00/datanode-4/data/ratis/119d73e1-581f-412b-9c43-4cf7d01fc611: created new log segment /workdir/hadoop-ozone/ozonefs/target/test-dir/MiniOzoneClusterImpl-c4ccaed8-e682-4870-947c-cf1864f77c00/datanode-4/data/ratis/119d73e1-581f-412b-9c43-4cf7d01fc611/current/log_inprogress_0
2019-09-19 10:27:02,045 [10ec1051-6571-4c90-b3f9-a3c2840a089b:group-1574A01E182E:LeaderElection26] INFO  server.RaftServerConfigKeys (ConfUtils.java:logGet(43)) - raft.server.write.element-limit = 4096 (default)
2019-09-19 10:27:02,045 [10ec1051-6571-4c90-b3f9-a3c2840a089b:group-0B672481981A:LeaderElection24] INFO  server.RaftServerConfigKeys (ConfUtils.java:logGet(43)) - raft.server.watch.element-limit = 65536 (default)
2019-09-19 10:27:02,069 [10ec1051-6571-4c90-b3f9-a3c2840a089b:group-1574A01E182E:LeaderElection26] INFO  server.RaftServerConfigKeys (ConfUtils.java:logGet(43)) - raft.server.watch.timeout = 10s (default)
2019-09-19 10:27:02,071 [10ec1051-6571-4c90-b3f9-a3c2840a089b:group-0B672481981A:LeaderElection24] INFO  impl.RoleInfo (RoleInfo.java:updateAndGet(143)) - 10ec1051-6571-4c90-b3f9-a3c2840a089b: start LeaderState
2019-09-19 10:27:02,069 [1692dd7e-eca0-4ee0-be13-a7fe013a1be4:group-9C5D8E6BECF0:LeaderElection25] INFO  server.RaftServerConfigKeys (ConfUtils.java:logGet(43)) - raft.server.watch.timeout.denomination = 1s (default)
2019-09-19 10:27:02,071 [10ec1051-6571-4c90-b3f9-a3c2840a089b:group-1574A01E182E:LeaderElection26] INFO  server.RaftServerConfigKeys (ConfUtils.java:logGet(43)) - raft.server.watch.timeout.denomination = 1s (default)
2019-09-19 10:27:02,069 [IPC Server handler 0 on 44929] ERROR pipeline.PipelinePlacementPolicy (PipelinePlacementPolicy.java:meetCriteria(91)) - Pipeline Placement: Doesn't meet the criteria to be viable node. Heaviness: 6
2019-09-19 10:27:02,072 [IPC Server handler 0 on 44929] ERROR pipeline.PipelinePlacementPolicy (PipelinePlacementPolicy.java:meetCriteria(91)) - Pipeline Placement: Doesn't meet the criteria to be viable node. Heaviness: 6
2019-09-19 10:27:02,072 [IPC Server handler 0 on 44929] ERROR pipeline.PipelinePlacementPolicy (PipelinePlacementPolicy.java:meetCriteria(91)) - Pipeline Placement: Doesn't meet the criteria to be viable node. Heaviness: 6
2019-09-19 10:27:02,072 [IPC Server handler 0 on 44929] ERROR pipeline.PipelinePlacementPolicy (PipelinePlacementPolicy.java:meetCriteria(91)) - Pipeline Placement: Doesn't meet the criteria to be viable node. Heaviness: 6
2019-09-19 10:27:02,071 [10ec1051-6571-4c90-b3f9-a3c2840a089b:group-1574A01E182E:LeaderElection26] INFO  server.RaftServerConfigKeys (ConfUtils.java:logGet(43)) - raft.server.watch.element-limit = 65536 (default)
2019-09-19 10:27:02,071 [10ec1051-6571-4c90-b3f9-a3c2840a089b:group-0B672481981A:LeaderElection24] INFO  segmented.SegmentedRaftLogWorker (SegmentedRaftLogWorker.java:startLogSegment(380)) - 10ec1051-6571-4c90-b3f9-a3c2840a089b-SegmentedRaftLogWorker:Storage Directory /workdir/hadoop-ozone/ozonefs/target/test-dir/MiniOzoneClusterImpl-c4ccaed8-e682-4870-947c-cf1864f77c00/datanode-8/data/ratis/1ffeaf56-feac-4f74-8d82-0b672481981a: Starting segment from index:0
2019-09-19 10:27:02,071 [1692dd7e-eca0-4ee0-be13-a7fe013a1be4:group-9C5D8E6BECF0:LeaderElection25] INFO  server.RaftServerConfigKeys (ConfUtils.java:logGet(43)) - raft.server.watch.element-limit = 65536 (default)
2019-09-19 10:27:02,073 [10ec1051-6571-4c90-b3f9-a3c2840a089b:group-1574A01E182E:LeaderElection26] INFO  impl.RoleInfo (RoleInfo.java:updateAndGet(143)) - 10ec1051-6571-4c90-b3f9-a3c2840a089b: start LeaderState
2019-09-19 10:27:02,072 [IPC Server handler 0 on 44929] ERROR pipeline.PipelinePlacementPolicy (PipelinePlacementPolicy.java:meetCriteria(91)) - Pipeline Placement: Doesn't meet the criteria to be viable node. Heaviness: 6
2019-09-19 10:27:02,073 [IPC Server handler 0 on 44929] ERROR pipeline.PipelinePlacementPolicy (PipelinePlacementPolicy.java:meetCriteria(91)) - Pipeline Placement: Doesn't meet the criteria to be viable node. Heaviness: 6
2019-09-19 10:27:02,074 [IPC Server handler 0 on 44929] ERROR pipeline.PipelinePlacementPolicy (PipelinePlacementPolicy.java:meetCriteria(91)) - Pipeline Placement: Doesn't meet the criteria to be viable node. Heaviness: 6
2019-09-19 10:27:02,074 [IPC Server handler 0 on 44929] ERROR pipeline.PipelinePlacementPolicy (PipelinePlacementPolicy.java:meetCriteria(91)) - Pipeline Placement: Doesn't meet the criteria to be viable node. Heaviness: 6
2019-09-19 10:27:02,074 [IPC Server handler 0 on 44929] ERROR pipeline.PipelinePlacementPolicy (PipelinePlacementPolicy.java:meetCriteria(91)) - Pipeline Placement: Doesn't meet the criteria to be viable node. Heaviness: 6
2019-09-19 10:27:02,074 [IPC Server handler 0 on 44929] ERROR pipeline.PipelinePlacementPolicy (PipelinePlacementPolicy.java:meetCriteria(91)) - Pipeline Placement: Doesn't meet the criteria to be viable node. Heaviness: 6
2019-09-19 10:27:02,073 [10ec1051-6571-4c90-b3f9-a3c2840a089b:group-1574A01E182E:LeaderElection26] INFO  segmented.SegmentedRaftLogWorker (SegmentedRaftLogWorker.java:startLogSegment(380)) - 10ec1051-6571-4c90-b3f9-a3c2840a089b-SegmentedRaftLogWorker:Storage Directory /workdir/hadoop-ozone/ozonefs/target/test-dir/MiniOzoneClusterImpl-c4ccaed8-e682-4870-947c-cf1864f77c00/datanode-8/data/ratis/47ca6e89-7d52-4d43-b8d3-1574a01e182e: Starting segment from index:0
2019-09-19 10:27:02,073 [1692dd7e-eca0-4ee0-be13-a7fe013a1be4:group-9C5D8E6BECF0:LeaderElection25] INFO  impl.RoleInfo (RoleInfo.java:updateAndGet(143)) - 1692dd7e-eca0-4ee0-be13-a7fe013a1be4: start LeaderState
2019-09-19 10:27:02,073 [10ec1051-6571-4c90-b3f9-a3c2840a089b:group-0B672481981A:LeaderElection24] INFO  impl.RaftServerImpl (ServerState.java:setRaftConf(361)) - 10ec1051-6571-4c90-b3f9-a3c2840a089b:group-0B672481981A set configuration 0: [10ec1051-6571-4c90-b3f9-a3c2840a089b:192.168.157.204:40066], old=null at 0
2019-09-19 10:27:02,074 [IPC Server handler 0 on 44929] ERROR pipeline.PipelinePlacementPolicy (PipelinePlacementPolicy.java:filterViableNodes(146)) - Unable to find enough nodes that meet the criteria that cannot engage in more than 5 pipelines. Nodes required: 3 Found: 0, healthy nodes count inNodeManager: 10.
2019-09-19 10:27:02,104 [10ec1051-6571-4c90-b3f9-a3c2840a089b:group-1574A01E182E:LeaderElection26] INFO  impl.RaftServerImpl (ServerState.java:setRaftConf(361)) - 10ec1051-6571-4c90-b3f9-a3c2840a089b:group-1574A01E182E set configuration 0: [10ec1051-6571-4c90-b3f9-a3c2840a089b:192.168.157.204:40066], old=null at 0
2019-09-19 10:27:02,104 [84c75018-969a-4fca-ac0f-34cccc99d928-SegmentedRaftLogWorker:Storage Directory /workdir/hadoop-ozone/ozonefs/target/test-dir/MiniOzoneClusterImpl-c4ccaed8-e682-4870-947c-cf1864f77c00/datanode-2/data/ratis/a17eb9a4-f74b-4c94-9a39-f48e00cb4773] INFO  segmented.SegmentedRaftLogWorker (SegmentedRaftLogWorker.java:execute(569)) - 84c75018-969a-4fca-ac0f-34cccc99d928-SegmentedRaftLogWorker:Storage Directory /workdir/hadoop-ozone/ozonefs/target/test-dir/MiniOzoneClusterImpl-c4ccaed8-e682-4870-947c-cf1864f77c00/datanode-2/data/ratis/a17eb9a4-f74b-4c94-9a39-f48e00cb4773: created new log segment /workdir/hadoop-ozone/ozonefs/target/test-dir/MiniOzoneClusterImpl-c4ccaed8-e682-4870-947c-cf1864f77c00/datanode-2/data/ratis/a17eb9a4-f74b-4c94-9a39-f48e00cb4773/current/log_inprogress_0
2019-09-19 10:27:02,075 [1692dd7e-eca0-4ee0-be13-a7fe013a1be4:group-9C5D8E6BECF0:LeaderElection25] INFO  segmented.SegmentedRaftLogWorker (SegmentedRaftLogWorker.java:startLogSegment(380)) - 1692dd7e-eca0-4ee0-be13-a7fe013a1be4-SegmentedRaftLogWorker:Storage Directory /workdir/hadoop-ozone/ozonefs/target/test-dir/MiniOzoneClusterImpl-c4ccaed8-e682-4870-947c-cf1864f77c00/datanode-3/data/ratis/d5e93d51-edd5-43cc-9451-9c5d8e6becf0: Starting segment from index:0
2019-09-19 10:27:02,105 [IPC Server handler 0 on 44929] ERROR pipeline.SCMPipelineManager (SCMPipelineManager.java:createPipeline(161)) - Pipeline creation failed due to exception: Unable to find enough nodes that meet the criteria that cannot engage in more than 5 pipelines. Nodes required: 3 Found: 0, healthy nodes count inNodeManager: 10.
2019-09-19 10:27:02,108 [IPC Server handler 0 on 44929] WARN  block.BlockManagerImpl (BlockManagerImpl.java:allocateBlock(192)) - Pipeline creation failed for type:RATIS factor:THREE. Retrying get pipelines call once.
org.apache.hadoop.hdds.scm.exceptions.SCMException: Unable to find enough nodes that meet the criteria that cannot engage in more than 5 pipelines. Nodes required: 3 Found: 0, healthy nodes count inNodeManager: 10.
	at org.apache.hadoop.hdds.scm.pipeline.PipelinePlacementPolicy.filterViableNodes(PipelinePlacementPolicy.java:147)
	at org.apache.hadoop.hdds.scm.pipeline.PipelinePlacementPolicy.chooseDatanodes(PipelinePlacementPolicy.java:170)
	at org.apache.hadoop.hdds.scm.pipeline.RatisPipelineProvider.create(RatisPipelineProvider.java:92)
	at org.apache.hadoop.hdds.scm.pipeline.PipelineFactory.create(PipelineFactory.java:57)
	at org.apache.hadoop.hdds.scm.pipeline.SCMPipelineManager.createPipeline(SCMPipelineManager.java:149)
	at org.apache.hadoop.hdds.scm.block.BlockManagerImpl.allocateBlock(BlockManagerImpl.java:190)
	at org.apache.hadoop.hdds.scm.server.SCMBlockProtocolServer.allocateBlock(SCMBlockProtocolServer.java:175)
	at org.apache.hadoop.ozone.protocolPB.ScmBlockLocationProtocolServerSideTranslatorPB.allocateScmBlock(ScmBlockLocationProtocolServerSideTranslatorPB.java:153)
	at org.apache.hadoop.ozone.protocolPB.ScmBlockLocationProtocolServerSideTranslatorPB.send(ScmBlockLocationProtocolServerSideTranslatorPB.java:112)
	at org.apache.hadoop.hdds.protocol.proto.ScmBlockLocationProtocolProtos$ScmBlockLocationProtocolService$2.callBlockingMethod(ScmBlockLocationProtocolProtos.java:13157)
	at org.apache.hadoop.ipc.ProtobufRpcEngine$Server$ProtoBufRpcInvoker.call(ProtobufRpcEngine.java:524)
	at org.apache.hadoop.ipc.RPC$Server.call(RPC.java:1025)
	at org.apache.hadoop.ipc.Server$RpcCall.run(Server.java:876)
	at org.apache.hadoop.ipc.Server$RpcCall.run(Server.java:822)
	at java.security.AccessController.doPrivileged(Native Method)
	at javax.security.auth.Subject.doAs(Subject.java:422)
	at org.apache.hadoop.security.UserGroupInformation.doAs(UserGroupInformation.java:1730)
	at org.apache.hadoop.ipc.Server$Handler.run(Server.java:2682)
2019-09-19 10:27:02,109 [1692dd7e-eca0-4ee0-be13-a7fe013a1be4:group-9C5D8E6BECF0:LeaderElection25] INFO  impl.RaftServerImpl (ServerState.java:setRaftConf(361)) - 1692dd7e-eca0-4ee0-be13-a7fe013a1be4:group-9C5D8E6BECF0 set configuration 0: [1692dd7e-eca0-4ee0-be13-a7fe013a1be4:192.168.157.204:39330], old=null at 0
2019-09-19 10:27:02,109 [IPC Server handler 0 on 44929] INFO  block.BlockManagerImpl (BlockManagerImpl.java:allocateBlock(198)) - Could not find available pipeline of type:RATIS and factor:THREE even after retrying
2019-09-19 10:27:02,146 [10ec1051-6571-4c90-b3f9-a3c2840a089b-SegmentedRaftLogWorker:Storage Directory /workdir/hadoop-ozone/ozonefs/target/test-dir/MiniOzoneClusterImpl-c4ccaed8-e682-4870-947c-cf1864f77c00/datanode-8/data/ratis/47ca6e89-7d52-4d43-b8d3-1574a01e182e] INFO  segmented.SegmentedRaftLogWorker (SegmentedRaftLogWorker.java:execute(569)) - 10ec1051-6571-4c90-b3f9-a3c2840a089b-SegmentedRaftLogWorker:Storage Directory /workdir/hadoop-ozone/ozonefs/target/test-dir/MiniOzoneClusterImpl-c4ccaed8-e682-4870-947c-cf1864f77c00/datanode-8/data/ratis/47ca6e89-7d52-4d43-b8d3-1574a01e182e: created new log segment /workdir/hadoop-ozone/ozonefs/target/test-dir/MiniOzoneClusterImpl-c4ccaed8-e682-4870-947c-cf1864f77c00/datanode-8/data/ratis/47ca6e89-7d52-4d43-b8d3-1574a01e182e/current/log_inprogress_0
2019-09-19 10:27:02,146 [10ec1051-6571-4c90-b3f9-a3c2840a089b-SegmentedRaftLogWorker:Storage Directory /workdir/hadoop-ozone/ozonefs/target/test-dir/MiniOzoneClusterImpl-c4ccaed8-e682-4870-947c-cf1864f77c00/datanode-8/data/ratis/1ffeaf56-feac-4f74-8d82-0b672481981a] INFO  segmented.SegmentedRaftLogWorker (SegmentedRaftLogWorker.java:execute(569)) - 10ec1051-6571-4c90-b3f9-a3c2840a089b-SegmentedRaftLogWorker:Storage Directory /workdir/hadoop-ozone/ozonefs/target/test-dir/MiniOzoneClusterImpl-c4ccaed8-e682-4870-947c-cf1864f77c00/datanode-8/data/ratis/1ffeaf56-feac-4f74-8d82-0b672481981a: created new log segment /workdir/hadoop-ozone/ozonefs/target/test-dir/MiniOzoneClusterImpl-c4ccaed8-e682-4870-947c-cf1864f77c00/datanode-8/data/ratis/1ffeaf56-feac-4f74-8d82-0b672481981a/current/log_inprogress_0
2019-09-19 10:27:02,146 [Thread-381] INFO  impl.FollowerState (FollowerState.java:run(106)) - 7e4b2fb6-17ca-4cf7-9c63-77c56d6e2e1f:group-92B0DBA2A507 changes to CANDIDATE, lastRpcTime:5077, electionTimeout:5052ms
2019-09-19 10:27:02,147 [Thread-381] INFO  impl.RoleInfo (RoleInfo.java:shutdownFollowerState(121)) - 7e4b2fb6-17ca-4cf7-9c63-77c56d6e2e1f: shutdown FollowerState
2019-09-19 10:27:02,146 [IPC Server handler 0 on 44929] ERROR block.BlockManagerImpl (BlockManagerImpl.java:allocateBlock(222)) - Unable to allocate a block for the size: 4194304, type: RATIS, factor: THREE
2019-09-19 10:27:02,147 [Thread-381] INFO  impl.RaftServerImpl (RaftServerImpl.java:setRole(171)) - 7e4b2fb6-17ca-4cf7-9c63-77c56d6e2e1f:group-92B0DBA2A507 changes role from FOLLOWER to CANDIDATE at term 0 for changeToCandidate
2019-09-19 10:27:02,147 [Thread-381] INFO  impl.RoleInfo (RoleInfo.java:updateAndGet(143)) - 7e4b2fb6-17ca-4cf7-9c63-77c56d6e2e1f: start LeaderElection
2019-09-19 10:27:02,147 | INFO  | SCMAudit | user=jenkins1000 | ip=192.168.157.204 | op=ALLOCATE_BLOCK {owner=b1925884-20c2-43e5-b436-4015c05efce0, size=4194304, type=RATIS, factor=THREE} | ret=SUCCESS |  
2019-09-19 10:27:02,156 | ERROR | OMAudit | user=jenkins1000 | ip=127.0.0.1 | op=CREATE_FILE {volume=volume23381, bucket=bucket96715, key=WcBiJ, dataSize=0, replicationType=RATIS, replicationFactor=THREE, keyLocationInfo=null} | ret=FAILURE | org.apache.hadoop.hdds.scm.exceptions.SCMException: Allocated 0 blocks. Requested 1 blocks
	at org.apache.hadoop.hdds.scm.protocolPB.ScmBlockLocationProtocolClientSideTranslatorPB.handleError(ScmBlockLocationProtocolClientSideTranslatorPB.java:118)
	at org.apache.hadoop.hdds.scm.protocolPB.ScmBlockLocationProtocolClientSideTranslatorPB.allocateBlock(ScmBlockLocationProtocolClientSideTranslatorPB.java:156) 
2019-09-19 10:27:02,159 [1692dd7e-eca0-4ee0-be13-a7fe013a1be4-SegmentedRaftLogWorker:Storage Directory /workdir/hadoop-ozone/ozonefs/target/test-dir/MiniOzoneClusterImpl-c4ccaed8-e682-4870-947c-cf1864f77c00/datanode-3/data/ratis/d5e93d51-edd5-43cc-9451-9c5d8e6becf0] INFO  segmented.SegmentedRaftLogWorker (SegmentedRaftLogWorker.java:execute(569)) - 1692dd7e-eca0-4ee0-be13-a7fe013a1be4-SegmentedRaftLogWorker:Storage Directory /workdir/hadoop-ozone/ozonefs/target/test-dir/MiniOzoneClusterImpl-c4ccaed8-e682-4870-947c-cf1864f77c00/datanode-3/data/ratis/d5e93d51-edd5-43cc-9451-9c5d8e6becf0: created new log segment /workdir/hadoop-ozone/ozonefs/target/test-dir/MiniOzoneClusterImpl-c4ccaed8-e682-4870-947c-cf1864f77c00/datanode-3/data/ratis/d5e93d51-edd5-43cc-9451-9c5d8e6becf0/current/log_inprogress_0
2019-09-19 10:27:02,160 [7e4b2fb6-17ca-4cf7-9c63-77c56d6e2e1f:group-92B0DBA2A507:LeaderElection27] INFO  impl.LeaderElection (LeaderElection.java:askForVotes(181)) - 7e4b2fb6-17ca-4cf7-9c63-77c56d6e2e1f:group-92B0DBA2A507:LeaderElection27: begin an election at term 1 for -1: [7e4b2fb6-17ca-4cf7-9c63-77c56d6e2e1f:192.168.157.204:45021], old=null
2019-09-19 10:27:02,160 [7e4b2fb6-17ca-4cf7-9c63-77c56d6e2e1f:group-92B0DBA2A507:LeaderElection27] INFO  impl.RoleInfo (RoleInfo.java:shutdownLeaderElection(134)) - 7e4b2fb6-17ca-4cf7-9c63-77c56d6e2e1f: shutdown LeaderElection
2019-09-19 10:27:02,160 [7e4b2fb6-17ca-4cf7-9c63-77c56d6e2e1f:group-92B0DBA2A507:LeaderElection27] INFO  impl.RaftServerImpl (RaftServerImpl.java:setRole(171)) - 7e4b2fb6-17ca-4cf7-9c63-77c56d6e2e1f:group-92B0DBA2A507 changes role from CANDIDATE to LEADER at term 1 for changeToLeader
2019-09-19 10:27:02,160 [main] INFO  ozone.MiniOzoneClusterImpl (MiniOzoneClusterImpl.java:shutdown(321)) - Shutting down the Mini Ozone Cluster
2019-09-19 10:27:02,160 [7e4b2fb6-17ca-4cf7-9c63-77c56d6e2e1f:group-92B0DBA2A507:LeaderElection27] INFO  impl.RaftServerImpl (ServerState.java:setLeader(263)) - 7e4b2fb6-17ca-4cf7-9c63-77c56d6e2e1f:group-92B0DBA2A507 change Leader from null to 7e4b2fb6-17ca-4cf7-9c63-77c56d6e2e1f at term 1 for becomeLeader, leader elected after 5102ms
2019-09-19 10:27:02,160 [7e4b2fb6-17ca-4cf7-9c63-77c56d6e2e1f:group-92B0DBA2A507:LeaderElection27] INFO  server.RaftServerConfigKeys (ConfUtils.java:logGet(43)) - raft.server.staging.catchup.gap = 1000 (default)
2019-09-19 10:27:02,161 | INFO  | SCMAudit | user=null | ip=null | op=GET_SCM_INFO null | ret=SUCCESS |  
2019-09-19 10:27:02,161 [7e4b2fb6-17ca-4cf7-9c63-77c56d6e2e1f:group-92B0DBA2A507:LeaderElection27] INFO  server.RaftServerConfigKeys (ConfUtils.java:logGet(43)) - raft.server.rpc.sleep.time = 25ms (default)
2019-09-19 10:27:02,161 [main] INFO  ozone.MiniOzoneClusterImpl (MiniOzoneClusterImpl.java:stop(336)) - Stopping the Mini Ozone Cluster
2019-09-19 10:27:02,161 [main] INFO  ozone.MiniOzoneClusterImpl (MiniOzoneClusterImpl.java:stop(338)) - Stopping the OzoneManager
2019-09-19 10:27:02,161 [7e4b2fb6-17ca-4cf7-9c63-77c56d6e2e1f:group-92B0DBA2A507:LeaderElection27] INFO  server.RaftServerConfigKeys (ConfUtils.java:logGet(43)) - raft.server.write.element-limit = 4096 (default)
2019-09-19 10:27:02,161 [main] INFO  ipc.Server (Server.java:stop(3082)) - Stopping server on 37652
2019-09-19 10:27:02,161 [7e4b2fb6-17ca-4cf7-9c63-77c56d6e2e1f:group-92B0DBA2A507:LeaderElection27] INFO  server.RaftServerConfigKeys (ConfUtils.java:logGet(43)) - raft.server.watch.timeout = 10s (default)
2019-09-19 10:27:02,163 [7e4b2fb6-17ca-4cf7-9c63-77c56d6e2e1f:group-92B0DBA2A507:LeaderElection27] INFO  server.RaftServerConfigKeys (ConfUtils.java:logGet(43)) - raft.server.watch.timeout.denomination = 1s (default)
2019-09-19 10:27:02,166 [7e4b2fb6-17ca-4cf7-9c63-77c56d6e2e1f:group-92B0DBA2A507:LeaderElection27] INFO  server.RaftServerConfigKeys (ConfUtils.java:logGet(43)) - raft.server.watch.element-limit = 65536 (default)
2019-09-19 10:27:02,178 [main] INFO  ratis.OzoneManagerDoubleBuffer (OzoneManagerDoubleBuffer.java:stop(248)) - Stopping OMDoubleBuffer flush thread
2019-09-19 10:27:02,178 [7e4b2fb6-17ca-4cf7-9c63-77c56d6e2e1f:group-92B0DBA2A507:LeaderElection27] INFO  impl.RoleInfo (RoleInfo.java:updateAndGet(143)) - 7e4b2fb6-17ca-4cf7-9c63-77c56d6e2e1f: start LeaderState
2019-09-19 10:27:02,182 [IPC Server Responder] INFO  ipc.Server (Server.java:run(1319)) - Stopping IPC Server Responder
2019-09-19 10:27:02,178 [IPC Server listener on 37652] INFO  ipc.Server (Server.java:run(1185)) - Stopping IPC Server listener on 37652
2019-09-19 10:27:02,198 [7e4b2fb6-17ca-4cf7-9c63-77c56d6e2e1f:group-92B0DBA2A507:LeaderElection27] INFO  segmented.SegmentedRaftLogWorker (SegmentedRaftLogWorker.java:startLogSegment(380)) - 7e4b2fb6-17ca-4cf7-9c63-77c56d6e2e1f-SegmentedRaftLogWorker:Storage Directory /workdir/hadoop-ozone/ozonefs/target/test-dir/MiniOzoneClusterImpl-c4ccaed8-e682-4870-947c-cf1864f77c00/datanode-4/data/ratis/5d4c7cde-ceae-42ad-aac2-92b0dba2a507: Starting segment from index:0
2019-09-19 10:27:02,198 [Thread-377] INFO  impl.FollowerState (FollowerState.java:run(106)) - df1b99cc-36f2-45b6-8e95-51c50e156f0b:group-1C1D3F354430 changes to CANDIDATE, lastRpcTime:5196, electionTimeout:5187ms
2019-09-19 10:27:02,187 [OMDoubleBufferFlushThread] INFO  ratis.OzoneManagerDoubleBuffer (OzoneManagerDoubleBuffer.java:flushTransactions(191)) - OMDoubleBuffer flush thread OMDoubleBufferFlushThread is interrupted and will exit. OMDoubleBufferFlushThread
2019-09-19 10:27:02,201 [Thread-377] INFO  impl.RoleInfo (RoleInfo.java:shutdownFollowerState(121)) - df1b99cc-36f2-45b6-8e95-51c50e156f0b: shutdown FollowerState
2019-09-19 10:27:02,201 [7e4b2fb6-17ca-4cf7-9c63-77c56d6e2e1f:group-92B0DBA2A507:LeaderElection27] INFO  impl.RaftServerImpl (ServerState.java:setRaftConf(361)) - 7e4b2fb6-17ca-4cf7-9c63-77c56d6e2e1f:group-92B0DBA2A507 set configuration 0: [7e4b2fb6-17ca-4cf7-9c63-77c56d6e2e1f:192.168.157.204:45021], old=null at 0
2019-09-19 10:27:02,201 [Thread-377] INFO  impl.RaftServerImpl (RaftServerImpl.java:setRole(171)) - df1b99cc-36f2-45b6-8e95-51c50e156f0b:group-1C1D3F354430 changes role from FOLLOWER to CANDIDATE at term 0 for changeToCandidate
2019-09-19 10:27:02,241 [main] INFO  utils.BackgroundService (BackgroundService.java:shutdown(148)) - Shutting down service KeyDeletingService
2019-09-19 10:27:02,241 [Thread-377] INFO  impl.RoleInfo (RoleInfo.java:updateAndGet(143)) - df1b99cc-36f2-45b6-8e95-51c50e156f0b: start LeaderElection
2019-09-19 10:27:02,249 [main] INFO  handler.ContextHandler (ContextHandler.java:doStop(910)) - Stopped o.e.j.w.WebAppContext@2098d37d{/,null,UNAVAILABLE}{/ozoneManager}
2019-09-19 10:27:02,254 [7e4b2fb6-17ca-4cf7-9c63-77c56d6e2e1f-SegmentedRaftLogWorker:Storage Directory /workdir/hadoop-ozone/ozonefs/target/test-dir/MiniOzoneClusterImpl-c4ccaed8-e682-4870-947c-cf1864f77c00/datanode-4/data/ratis/5d4c7cde-ceae-42ad-aac2-92b0dba2a507] INFO  segmented.SegmentedRaftLogWorker (SegmentedRaftLogWorker.java:execute(569)) - 7e4b2fb6-17ca-4cf7-9c63-77c56d6e2e1f-SegmentedRaftLogWorker:Storage Directory /workdir/hadoop-ozone/ozonefs/target/test-dir/MiniOzoneClusterImpl-c4ccaed8-e682-4870-947c-cf1864f77c00/datanode-4/data/ratis/5d4c7cde-ceae-42ad-aac2-92b0dba2a507: created new log segment /workdir/hadoop-ozone/ozonefs/target/test-dir/MiniOzoneClusterImpl-c4ccaed8-e682-4870-947c-cf1864f77c00/datanode-4/data/ratis/5d4c7cde-ceae-42ad-aac2-92b0dba2a507/current/log_inprogress_0
2019-09-19 10:27:02,255 [main] INFO  server.AbstractConnector (AbstractConnector.java:doStop(318)) - Stopped ServerConnector@77b9d0c7{HTTP/1.1,[http/1.1]}{0.0.0.0:0}
2019-09-19 10:27:02,255 [df1b99cc-36f2-45b6-8e95-51c50e156f0b:group-1C1D3F354430:LeaderElection28] INFO  impl.LeaderElection (LeaderElection.java:askForVotes(181)) - df1b99cc-36f2-45b6-8e95-51c50e156f0b:group-1C1D3F354430:LeaderElection28: begin an election at term 1 for -1: [df1b99cc-36f2-45b6-8e95-51c50e156f0b:192.168.157.204:42307], old=null
2019-09-19 10:27:02,255 [df1b99cc-36f2-45b6-8e95-51c50e156f0b:group-1C1D3F354430:LeaderElection28] INFO  impl.RoleInfo (RoleInfo.java:shutdownLeaderElection(134)) - df1b99cc-36f2-45b6-8e95-51c50e156f0b: shutdown LeaderElection
2019-09-19 10:27:02,255 [main] INFO  handler.ContextHandler (ContextHandler.java:doStop(910)) - Stopped o.e.j.s.ServletContextHandler@e4d2696{/static,jar:file:/home/user/.m2/repository/org/apache/hadoop/hadoop-ozone-ozone-manager/0.5.0-SNAPSHOT/hadoop-ozone-ozone-manager-0.5.0-SNAPSHOT.jar!/webapps/static,UNAVAILABLE}
2019-09-19 10:27:02,255 [df1b99cc-36f2-45b6-8e95-51c50e156f0b:group-1C1D3F354430:LeaderElection28] INFO  impl.RaftServerImpl (RaftServerImpl.java:setRole(171)) - df1b99cc-36f2-45b6-8e95-51c50e156f0b:group-1C1D3F354430 changes role from CANDIDATE to LEADER at term 1 for changeToLeader
2019-09-19 10:27:02,256 [df1b99cc-36f2-45b6-8e95-51c50e156f0b:group-1C1D3F354430:LeaderElection28] INFO  impl.RaftServerImpl (ServerState.java:setLeader(263)) - df1b99cc-36f2-45b6-8e95-51c50e156f0b:group-1C1D3F354430 change Leader from null to df1b99cc-36f2-45b6-8e95-51c50e156f0b at term 1 for becomeLeader, leader elected after 5259ms
2019-09-19 10:27:02,256 [main] INFO  handler.ContextHandler (ContextHandler.java:doStop(910)) - Stopped o.e.j.s.ServletContextHandler@109d724c{/logs,file:///workdir/hadoop-ozone/ozonefs/target/log,UNAVAILABLE}
2019-09-19 10:27:02,256 [df1b99cc-36f2-45b6-8e95-51c50e156f0b:group-1C1D3F354430:LeaderElection28] INFO  server.RaftServerConfigKeys (ConfUtils.java:logGet(43)) - raft.server.staging.catchup.gap = 1000 (default)
2019-09-19 10:27:02,256 [df1b99cc-36f2-45b6-8e95-51c50e156f0b:group-1C1D3F354430:LeaderElection28] INFO  server.RaftServerConfigKeys (ConfUtils.java:logGet(43)) - raft.server.rpc.sleep.time = 25ms (default)
2019-09-19 10:27:02,257 [df1b99cc-36f2-45b6-8e95-51c50e156f0b:group-1C1D3F354430:LeaderElection28] INFO  server.RaftServerConfigKeys (ConfUtils.java:logGet(43)) - raft.server.write.element-limit = 4096 (default)
2019-09-19 10:27:02,257 [df1b99cc-36f2-45b6-8e95-51c50e156f0b:group-1C1D3F354430:LeaderElection28] INFO  server.RaftServerConfigKeys (ConfUtils.java:logGet(43)) - raft.server.watch.timeout = 10s (default)
2019-09-19 10:27:02,257 [df1b99cc-36f2-45b6-8e95-51c50e156f0b:group-1C1D3F354430:LeaderElection28] INFO  server.RaftServerConfigKeys (ConfUtils.java:logGet(43)) - raft.server.watch.timeout.denomination = 1s (default)
2019-09-19 10:27:02,257 [df1b99cc-36f2-45b6-8e95-51c50e156f0b:group-1C1D3F354430:LeaderElection28] INFO  server.RaftServerConfigKeys (ConfUtils.java:logGet(43)) - raft.server.watch.element-limit = 65536 (default)
2019-09-19 10:27:02,258 [df1b99cc-36f2-45b6-8e95-51c50e156f0b:group-1C1D3F354430:LeaderElection28] INFO  impl.RoleInfo (RoleInfo.java:updateAndGet(143)) - df1b99cc-36f2-45b6-8e95-51c50e156f0b: start LeaderState
2019-09-19 10:27:02,258 [df1b99cc-36f2-45b6-8e95-51c50e156f0b:group-1C1D3F354430:LeaderElection28] INFO  segmented.SegmentedRaftLogWorker (SegmentedRaftLogWorker.java:startLogSegment(380)) - df1b99cc-36f2-45b6-8e95-51c50e156f0b-SegmentedRaftLogWorker:Storage Directory /workdir/hadoop-ozone/ozonefs/target/test-dir/MiniOzoneClusterImpl-c4ccaed8-e682-4870-947c-cf1864f77c00/datanode-1/data/ratis/fe25805b-2a70-4b2c-aeb3-1c1d3f354430: Starting segment from index:0
2019-09-19 10:27:02,259 [df1b99cc-36f2-45b6-8e95-51c50e156f0b:group-1C1D3F354430:LeaderElection28] INFO  impl.RaftServerImpl (ServerState.java:setRaftConf(361)) - df1b99cc-36f2-45b6-8e95-51c50e156f0b:group-1C1D3F354430 set configuration 0: [df1b99cc-36f2-45b6-8e95-51c50e156f0b:192.168.157.204:42307], old=null at 0
2019-09-19 10:27:02,297 [main] INFO  ozone.MiniOzoneClusterImpl (MiniOzoneClusterImpl.java:stop(344)) - Shutting the HddsDatanodes
2019-09-19 10:27:02,298 [main] INFO  datanode.ObjectStoreHandler (ObjectStoreHandler.java:close(155)) - Closing ObjectStoreHandler.
2019-09-19 10:27:02,298 [ForkJoinPool.commonPool-worker-1] INFO  datanode.ObjectStoreHandler (ObjectStoreHandler.java:close(155)) - Closing ObjectStoreHandler.
2019-09-19 10:27:02,302 [main] INFO  ozone.HddsDatanodeService (HddsDatanodeService.java:stop(451)) - Stopped plug-in org.apache.hadoop.ozone.web.OzoneHddsDatanodeService@2296127
2019-09-19 10:27:02,302 [ForkJoinPool.commonPool-worker-1] INFO  ozone.HddsDatanodeService (HddsDatanodeService.java:stop(451)) - Stopped plug-in org.apache.hadoop.ozone.web.OzoneHddsDatanodeService@3487442d
2019-09-19 10:27:02,412 [Thread-385] INFO  impl.FollowerState (FollowerState.java:run(106)) - 1692dd7e-eca0-4ee0-be13-a7fe013a1be4:group-A6022A65EEBA changes to CANDIDATE, lastRpcTime:5194, electionTimeout:5194ms
2019-09-19 10:27:02,412 [Thread-385] INFO  impl.RoleInfo (RoleInfo.java:shutdownFollowerState(121)) - 1692dd7e-eca0-4ee0-be13-a7fe013a1be4: shutdown FollowerState
2019-09-19 10:27:02,412 [Thread-385] INFO  impl.RaftServerImpl (RaftServerImpl.java:setRole(171)) - 1692dd7e-eca0-4ee0-be13-a7fe013a1be4:group-A6022A65EEBA changes role from FOLLOWER to CANDIDATE at term 0 for changeToCandidate
2019-09-19 10:27:02,413 [Thread-385] INFO  impl.RoleInfo (RoleInfo.java:updateAndGet(143)) - 1692dd7e-eca0-4ee0-be13-a7fe013a1be4: start LeaderElection
2019-09-19 10:27:02,431 [Thread-388] INFO  impl.FollowerState (FollowerState.java:run(106)) - 10ec1051-6571-4c90-b3f9-a3c2840a089b:group-F6975F53A82B changes to CANDIDATE, lastRpcTime:5159, electionTimeout:5159ms
2019-09-19 10:27:02,431 [Thread-388] INFO  impl.RoleInfo (RoleInfo.java:shutdownFollowerState(121)) - 10ec1051-6571-4c90-b3f9-a3c2840a089b: shutdown FollowerState
2019-09-19 10:27:02,432 [Thread-388] INFO  impl.RaftServerImpl (RaftServerImpl.java:setRole(171)) - 10ec1051-6571-4c90-b3f9-a3c2840a089b:group-F6975F53A82B changes role from FOLLOWER to CANDIDATE at term 0 for changeToCandidate
2019-09-19 10:27:02,432 [Thread-388] INFO  impl.RoleInfo (RoleInfo.java:updateAndGet(143)) - 10ec1051-6571-4c90-b3f9-a3c2840a089b: start LeaderElection
2019-09-19 10:27:02,439 [Thread-391] INFO  impl.FollowerState (FollowerState.java:run(106)) - 84c75018-969a-4fca-ac0f-34cccc99d928:group-E6701AB6FC43 changes to CANDIDATE, lastRpcTime:5113, electionTimeout:5113ms
2019-09-19 10:27:02,439 [Thread-391] INFO  impl.RoleInfo (RoleInfo.java:shutdownFollowerState(121)) - 84c75018-969a-4fca-ac0f-34cccc99d928: shutdown FollowerState
2019-09-19 10:27:02,439 [Thread-391] INFO  impl.RaftServerImpl (RaftServerImpl.java:setRole(171)) - 84c75018-969a-4fca-ac0f-34cccc99d928:group-E6701AB6FC43 changes role from FOLLOWER to CANDIDATE at term 0 for changeToCandidate
2019-09-19 10:27:02,440 [Thread-391] INFO  impl.RoleInfo (RoleInfo.java:updateAndGet(143)) - 84c75018-969a-4fca-ac0f-34cccc99d928: start LeaderElection
2019-09-19 10:27:02,485 [Thread-394] INFO  impl.FollowerState (FollowerState.java:run(106)) - 1692dd7e-eca0-4ee0-be13-a7fe013a1be4:group-DE6BC4638FB9 changes to CANDIDATE, lastRpcTime:5108, electionTimeout:5108ms
2019-09-19 10:27:02,485 [Thread-394] INFO  impl.RoleInfo (RoleInfo.java:shutdownFollowerState(121)) - 1692dd7e-eca0-4ee0-be13-a7fe013a1be4: shutdown FollowerState
2019-09-19 10:27:02,485 [Thread-394] INFO  impl.RaftServerImpl (RaftServerImpl.java:setRole(171)) - 1692dd7e-eca0-4ee0-be13-a7fe013a1be4:group-DE6BC4638FB9 changes role from FOLLOWER to CANDIDATE at term 0 for changeToCandidate
2019-09-19 10:27:02,485 [Thread-394] INFO  impl.RoleInfo (RoleInfo.java:updateAndGet(143)) - 1692dd7e-eca0-4ee0-be13-a7fe013a1be4: start LeaderElection
2019-09-19 10:27:02,488 [df1b99cc-36f2-45b6-8e95-51c50e156f0b-SegmentedRaftLogWorker:Storage Directory /workdir/hadoop-ozone/ozonefs/target/test-dir/MiniOzoneClusterImpl-c4ccaed8-e682-4870-947c-cf1864f77c00/datanode-1/data/ratis/fe25805b-2a70-4b2c-aeb3-1c1d3f354430] INFO  segmented.SegmentedRaftLogWorker (SegmentedRaftLogWorker.java:execute(569)) - df1b99cc-36f2-45b6-8e95-51c50e156f0b-SegmentedRaftLogWorker:Storage Directory /workdir/hadoop-ozone/ozonefs/target/test-dir/MiniOzoneClusterImpl-c4ccaed8-e682-4870-947c-cf1864f77c00/datanode-1/data/ratis/fe25805b-2a70-4b2c-aeb3-1c1d3f354430: created new log segment /workdir/hadoop-ozone/ozonefs/target/test-dir/MiniOzoneClusterImpl-c4ccaed8-e682-4870-947c-cf1864f77c00/datanode-1/data/ratis/fe25805b-2a70-4b2c-aeb3-1c1d3f354430/current/log_inprogress_0
2019-09-19 10:27:02,491 [Thread-397] INFO  impl.FollowerState (FollowerState.java:run(106)) - 10ec1051-6571-4c90-b3f9-a3c2840a089b:group-8EC43799AC7B changes to CANDIDATE, lastRpcTime:5071, electionTimeout:5071ms
2019-09-19 10:27:02,491 [10ec1051-6571-4c90-b3f9-a3c2840a089b:group-F6975F53A82B:LeaderElection30] INFO  impl.LeaderElection (LeaderElection.java:askForVotes(181)) - 10ec1051-6571-4c90-b3f9-a3c2840a089b:group-F6975F53A82B:LeaderElection30: begin an election at term 1 for -1: [10ec1051-6571-4c90-b3f9-a3c2840a089b:192.168.157.204:40066], old=null
2019-09-19 10:27:02,491 [84c75018-969a-4fca-ac0f-34cccc99d928:group-E6701AB6FC43:LeaderElection31] INFO  impl.LeaderElection (LeaderElection.java:askForVotes(181)) - 84c75018-969a-4fca-ac0f-34cccc99d928:group-E6701AB6FC43:LeaderElection31: begin an election at term 1 for -1: [84c75018-969a-4fca-ac0f-34cccc99d928:192.168.157.204:41935], old=null
2019-09-19 10:27:02,491 [Thread-397] INFO  impl.RoleInfo (RoleInfo.java:shutdownFollowerState(121)) - 10ec1051-6571-4c90-b3f9-a3c2840a089b: shutdown FollowerState
2019-09-19 10:27:02,491 [Thread-397] INFO  impl.RaftServerImpl (RaftServerImpl.java:setRole(171)) - 10ec1051-6571-4c90-b3f9-a3c2840a089b:group-8EC43799AC7B changes role from FOLLOWER to CANDIDATE at term 0 for changeToCandidate
2019-09-19 10:27:02,491 [1692dd7e-eca0-4ee0-be13-a7fe013a1be4:group-A6022A65EEBA:LeaderElection29] INFO  impl.LeaderElection (LeaderElection.java:askForVotes(181)) - 1692dd7e-eca0-4ee0-be13-a7fe013a1be4:group-A6022A65EEBA:LeaderElection29: begin an election at term 1 for -1: [1692dd7e-eca0-4ee0-be13-a7fe013a1be4:192.168.157.204:39330], old=null
2019-09-19 10:27:02,491 [Thread-397] INFO  impl.RoleInfo (RoleInfo.java:updateAndGet(143)) - 10ec1051-6571-4c90-b3f9-a3c2840a089b: start LeaderElection
2019-09-19 10:27:02,491 [84c75018-969a-4fca-ac0f-34cccc99d928:group-E6701AB6FC43:LeaderElection31] INFO  impl.RoleInfo (RoleInfo.java:shutdownLeaderElection(134)) - 84c75018-969a-4fca-ac0f-34cccc99d928: shutdown LeaderElection
2019-09-19 10:27:02,491 [10ec1051-6571-4c90-b3f9-a3c2840a089b:group-F6975F53A82B:LeaderElection30] INFO  impl.RoleInfo (RoleInfo.java:shutdownLeaderElection(134)) - 10ec1051-6571-4c90-b3f9-a3c2840a089b: shutdown LeaderElection
2019-09-19 10:27:02,492 [84c75018-969a-4fca-ac0f-34cccc99d928:group-E6701AB6FC43:LeaderElection31] INFO  impl.RaftServerImpl (RaftServerImpl.java:setRole(171)) - 84c75018-969a-4fca-ac0f-34cccc99d928:group-E6701AB6FC43 changes role from CANDIDATE to LEADER at term 1 for changeToLeader
2019-09-19 10:27:02,495 [1692dd7e-eca0-4ee0-be13-a7fe013a1be4:group-DE6BC4638FB9:LeaderElection32] INFO  impl.LeaderElection (LeaderElection.java:askForVotes(181)) - 1692dd7e-eca0-4ee0-be13-a7fe013a1be4:group-DE6BC4638FB9:LeaderElection32: begin an election at term 1 for -1: [1692dd7e-eca0-4ee0-be13-a7fe013a1be4:192.168.157.204:39330], old=null
2019-09-19 10:27:02,492 [1692dd7e-eca0-4ee0-be13-a7fe013a1be4:group-A6022A65EEBA:LeaderElection29] INFO  impl.RoleInfo (RoleInfo.java:shutdownLeaderElection(134)) - 1692dd7e-eca0-4ee0-be13-a7fe013a1be4: shutdown LeaderElection
2019-09-19 10:27:02,495 [1692dd7e-eca0-4ee0-be13-a7fe013a1be4:group-DE6BC4638FB9:LeaderElection32] INFO  impl.RoleInfo (RoleInfo.java:shutdownLeaderElection(134)) - 1692dd7e-eca0-4ee0-be13-a7fe013a1be4: shutdown LeaderElection
2019-09-19 10:27:02,495 [84c75018-969a-4fca-ac0f-34cccc99d928:group-E6701AB6FC43:LeaderElection31] INFO  impl.RaftServerImpl (ServerState.java:setLeader(263)) - 84c75018-969a-4fca-ac0f-34cccc99d928:group-E6701AB6FC43 change Leader from null to 84c75018-969a-4fca-ac0f-34cccc99d928 at term 1 for becomeLeader, leader elected after 5172ms
2019-09-19 10:27:02,495 [10ec1051-6571-4c90-b3f9-a3c2840a089b:group-F6975F53A82B:LeaderElection30] INFO  impl.RaftServerImpl (RaftServerImpl.java:setRole(171)) - 10ec1051-6571-4c90-b3f9-a3c2840a089b:group-F6975F53A82B changes role from CANDIDATE to LEADER at term 1 for changeToLeader
2019-09-19 10:27:02,496 [84c75018-969a-4fca-ac0f-34cccc99d928:group-E6701AB6FC43:LeaderElection31] INFO  server.RaftServerConfigKeys (ConfUtils.java:logGet(43)) - raft.server.staging.catchup.gap = 1000 (default)
2019-09-19 10:27:02,496 [1692dd7e-eca0-4ee0-be13-a7fe013a1be4:group-DE6BC4638FB9:LeaderElection32] INFO  impl.RaftServerImpl (RaftServerImpl.java:setRole(171)) - 1692dd7e-eca0-4ee0-be13-a7fe013a1be4:group-DE6BC4638FB9 changes role from CANDIDATE to LEADER at term 1 for changeToLeader
2019-09-19 10:27:02,496 [1692dd7e-eca0-4ee0-be13-a7fe013a1be4:group-DE6BC4638FB9:LeaderElection32] INFO  impl.RaftServerImpl (ServerState.java:setLeader(263)) - 1692dd7e-eca0-4ee0-be13-a7fe013a1be4:group-DE6BC4638FB9 change Leader from null to 1692dd7e-eca0-4ee0-be13-a7fe013a1be4 at term 1 for becomeLeader, leader elected after 5123ms
2019-09-19 10:27:02,495 [1692dd7e-eca0-4ee0-be13-a7fe013a1be4:group-A6022A65EEBA:LeaderElection29] INFO  impl.RaftServerImpl (RaftServerImpl.java:setRole(171)) - 1692dd7e-eca0-4ee0-be13-a7fe013a1be4:group-A6022A65EEBA changes role from CANDIDATE to LEADER at term 1 for changeToLeader
2019-09-19 10:27:02,496 [1692dd7e-eca0-4ee0-be13-a7fe013a1be4:group-DE6BC4638FB9:LeaderElection32] INFO  server.RaftServerConfigKeys (ConfUtils.java:logGet(43)) - raft.server.staging.catchup.gap = 1000 (default)
2019-09-19 10:27:02,496 [84c75018-969a-4fca-ac0f-34cccc99d928:group-E6701AB6FC43:LeaderElection31] INFO  server.RaftServerConfigKeys (ConfUtils.java:logGet(43)) - raft.server.rpc.sleep.time = 25ms (default)
2019-09-19 10:27:02,497 [1692dd7e-eca0-4ee0-be13-a7fe013a1be4:group-DE6BC4638FB9:LeaderElection32] INFO  server.RaftServerConfigKeys (ConfUtils.java:logGet(43)) - raft.server.rpc.sleep.time = 25ms (default)
2019-09-19 10:27:02,496 [10ec1051-6571-4c90-b3f9-a3c2840a089b:group-F6975F53A82B:LeaderElection30] INFO  impl.RaftServerImpl (ServerState.java:setLeader(263)) - 10ec1051-6571-4c90-b3f9-a3c2840a089b:group-F6975F53A82B change Leader from null to 10ec1051-6571-4c90-b3f9-a3c2840a089b at term 1 for becomeLeader, leader elected after 5226ms
2019-09-19 10:27:02,497 [1692dd7e-eca0-4ee0-be13-a7fe013a1be4:group-DE6BC4638FB9:LeaderElection32] INFO  server.RaftServerConfigKeys (ConfUtils.java:logGet(43)) - raft.server.write.element-limit = 4096 (default)
2019-09-19 10:27:02,497 [84c75018-969a-4fca-ac0f-34cccc99d928:group-E6701AB6FC43:LeaderElection31] INFO  server.RaftServerConfigKeys (ConfUtils.java:logGet(43)) - raft.server.write.element-limit = 4096 (default)
2019-09-19 10:27:02,496 [1692dd7e-eca0-4ee0-be13-a7fe013a1be4:group-A6022A65EEBA:LeaderElection29] INFO  impl.RaftServerImpl (ServerState.java:setLeader(263)) - 1692dd7e-eca0-4ee0-be13-a7fe013a1be4:group-A6022A65EEBA change Leader from null to 1692dd7e-eca0-4ee0-be13-a7fe013a1be4 at term 1 for becomeLeader, leader elected after 5283ms
2019-09-19 10:27:02,497 [84c75018-969a-4fca-ac0f-34cccc99d928:group-E6701AB6FC43:LeaderElection31] INFO  server.RaftServerConfigKeys (ConfUtils.java:logGet(43)) - raft.server.watch.timeout = 10s (default)
2019-09-19 10:27:02,497 [1692dd7e-eca0-4ee0-be13-a7fe013a1be4:group-DE6BC4638FB9:LeaderElection32] INFO  server.RaftServerConfigKeys (ConfUtils.java:logGet(43)) - raft.server.watch.timeout = 10s (default)
2019-09-19 10:27:02,497 [10ec1051-6571-4c90-b3f9-a3c2840a089b:group-F6975F53A82B:LeaderElection30] INFO  server.RaftServerConfigKeys (ConfUtils.java:logGet(43)) - raft.server.staging.catchup.gap = 1000 (default)
2019-09-19 10:27:02,498 [10ec1051-6571-4c90-b3f9-a3c2840a089b:group-F6975F53A82B:LeaderElection30] INFO  server.RaftServerConfigKeys (ConfUtils.java:logGet(43)) - raft.server.rpc.sleep.time = 25ms (default)
2019-09-19 10:27:02,498 [1692dd7e-eca0-4ee0-be13-a7fe013a1be4:group-DE6BC4638FB9:LeaderElection32] INFO  server.RaftServerConfigKeys (ConfUtils.java:logGet(43)) - raft.server.watch.timeout.denomination = 1s (default)
2019-09-19 10:27:02,498 [84c75018-969a-4fca-ac0f-34cccc99d928:group-E6701AB6FC43:LeaderElection31] INFO  server.RaftServerConfigKeys (ConfUtils.java:logGet(43)) - raft.server.watch.timeout.denomination = 1s (default)
2019-09-19 10:27:02,498 [84c75018-969a-4fca-ac0f-34cccc99d928:group-E6701AB6FC43:LeaderElection31] INFO  server.RaftServerConfigKeys (ConfUtils.java:logGet(43)) - raft.server.watch.element-limit = 65536 (default)
2019-09-19 10:27:02,498 [1692dd7e-eca0-4ee0-be13-a7fe013a1be4:group-A6022A65EEBA:LeaderElection29] INFO  server.RaftServerConfigKeys (ConfUtils.java:logGet(43)) - raft.server.staging.catchup.gap = 1000 (default)
2019-09-19 10:27:02,499 [84c75018-969a-4fca-ac0f-34cccc99d928:group-E6701AB6FC43:LeaderElection31] INFO  impl.RoleInfo (RoleInfo.java:updateAndGet(143)) - 84c75018-969a-4fca-ac0f-34cccc99d928: start LeaderState
2019-09-19 10:27:02,498 [1692dd7e-eca0-4ee0-be13-a7fe013a1be4:group-DE6BC4638FB9:LeaderElection32] INFO  server.RaftServerConfigKeys (ConfUtils.java:logGet(43)) - raft.server.watch.element-limit = 65536 (default)
2019-09-19 10:27:02,498 [10ec1051-6571-4c90-b3f9-a3c2840a089b:group-F6975F53A82B:LeaderElection30] INFO  server.RaftServerConfigKeys (ConfUtils.java:logGet(43)) - raft.server.write.element-limit = 4096 (default)
2019-09-19 10:27:02,499 [1692dd7e-eca0-4ee0-be13-a7fe013a1be4:group-DE6BC4638FB9:LeaderElection32] INFO  impl.RoleInfo (RoleInfo.java:updateAndGet(143)) - 1692dd7e-eca0-4ee0-be13-a7fe013a1be4: start LeaderState
2019-09-19 10:27:02,499 [84c75018-969a-4fca-ac0f-34cccc99d928:group-E6701AB6FC43:LeaderElection31] INFO  segmented.SegmentedRaftLogWorker (SegmentedRaftLogWorker.java:startLogSegment(380)) - 84c75018-969a-4fca-ac0f-34cccc99d928-SegmentedRaftLogWorker:Storage Directory /workdir/hadoop-ozone/ozonefs/target/test-dir/MiniOzoneClusterImpl-c4ccaed8-e682-4870-947c-cf1864f77c00/datanode-2/data/ratis/76388054-d194-485e-91ff-e6701ab6fc43: Starting segment from index:0
2019-09-19 10:27:02,499 [1692dd7e-eca0-4ee0-be13-a7fe013a1be4:group-A6022A65EEBA:LeaderElection29] INFO  server.RaftServerConfigKeys (ConfUtils.java:logGet(43)) - raft.server.rpc.sleep.time = 25ms (default)
2019-09-19 10:27:02,499 [1692dd7e-eca0-4ee0-be13-a7fe013a1be4:group-DE6BC4638FB9:LeaderElection32] INFO  segmented.SegmentedRaftLogWorker (SegmentedRaftLogWorker.java:startLogSegment(380)) - 1692dd7e-eca0-4ee0-be13-a7fe013a1be4-SegmentedRaftLogWorker:Storage Directory /workdir/hadoop-ozone/ozonefs/target/test-dir/MiniOzoneClusterImpl-c4ccaed8-e682-4870-947c-cf1864f77c00/datanode-3/data/ratis/22ca3a0c-2964-48fa-ac18-de6bc4638fb9: Starting segment from index:0
2019-09-19 10:27:02,499 [10ec1051-6571-4c90-b3f9-a3c2840a089b:group-F6975F53A82B:LeaderElection30] INFO  server.RaftServerConfigKeys (ConfUtils.java:logGet(43)) - raft.server.watch.timeout = 10s (default)
2019-09-19 10:27:02,500 [1692dd7e-eca0-4ee0-be13-a7fe013a1be4:group-A6022A65EEBA:LeaderElection29] INFO  server.RaftServerConfigKeys (ConfUtils.java:logGet(43)) - raft.server.write.element-limit = 4096 (default)
2019-09-19 10:27:02,500 [84c75018-969a-4fca-ac0f-34cccc99d928:group-E6701AB6FC43:LeaderElection31] INFO  impl.RaftServerImpl (ServerState.java:setRaftConf(361)) - 84c75018-969a-4fca-ac0f-34cccc99d928:group-E6701AB6FC43 set configuration 0: [84c75018-969a-4fca-ac0f-34cccc99d928:192.168.157.204:41935], old=null at 0
2019-09-19 10:27:02,542 | INFO  | SCMAudit | user=jenkins1000 | ip=192.168.157.204 | op=SEND_HEARTBEAT {datanodeUUID=c972e26d-e03f-48a1-a9e9-2dea9337c66d, command=[]} | ret=SUCCESS |  
2019-09-19 10:27:02,542 | INFO  | SCMAudit | user=jenkins1000 | ip=192.168.157.204 | op=SEND_HEARTBEAT {datanodeUUID=1692dd7e-eca0-4ee0-be13-a7fe013a1be4, command=[]} | ret=SUCCESS |  
2019-09-19 10:27:02,542 | INFO  | SCMAudit | user=jenkins1000 | ip=192.168.157.204 | op=SEND_HEARTBEAT {datanodeUUID=f4f61464-0bdf-492b-ac84-d659f01f9139, command=[]} | ret=SUCCESS |  
2019-09-19 10:27:02,543 | INFO  | SCMAudit | user=jenkins1000 | ip=192.168.157.204 | op=SEND_HEARTBEAT {datanodeUUID=7e4b2fb6-17ca-4cf7-9c63-77c56d6e2e1f, command=[]} | ret=SUCCESS |  
2019-09-19 10:27:02,543 | INFO  | SCMAudit | user=jenkins1000 | ip=192.168.157.204 | op=SEND_HEARTBEAT {datanodeUUID=10ec1051-6571-4c90-b3f9-a3c2840a089b, command=[]} | ret=SUCCESS |  
2019-09-19 10:27:02,500 [1692dd7e-eca0-4ee0-be13-a7fe013a1be4:group-A6022A65EEBA:LeaderElection29] INFO  server.RaftServerConfigKeys (ConfUtils.java:logGet(43)) - raft.server.watch.timeout = 10s (default)
2019-09-19 10:27:02,543 | INFO  | SCMAudit | user=jenkins1000 | ip=192.168.157.204 | op=SEND_HEARTBEAT {datanodeUUID=df1b99cc-36f2-45b6-8e95-51c50e156f0b, command=[]} | ret=SUCCESS |  
2019-09-19 10:27:02,543 | INFO  | SCMAudit | user=jenkins1000 | ip=192.168.157.204 | op=SEND_HEARTBEAT {datanodeUUID=39513c05-534c-4cc1-a39c-034925eb3fe7, command=[]} | ret=SUCCESS |  
2019-09-19 10:27:02,500 [1692dd7e-eca0-4ee0-be13-a7fe013a1be4:group-DE6BC4638FB9:LeaderElection32] INFO  impl.RaftServerImpl (ServerState.java:setRaftConf(361)) - 1692dd7e-eca0-4ee0-be13-a7fe013a1be4:group-DE6BC4638FB9 set configuration 0: [1692dd7e-eca0-4ee0-be13-a7fe013a1be4:192.168.157.204:39330], old=null at 0
2019-09-19 10:27:02,500 [10ec1051-6571-4c90-b3f9-a3c2840a089b:group-F6975F53A82B:LeaderElection30] INFO  server.RaftServerConfigKeys (ConfUtils.java:logGet(43)) - raft.server.watch.timeout.denomination = 1s (default)
2019-09-19 10:27:02,547 | INFO  | SCMAudit | user=jenkins1000 | ip=192.168.157.204 | op=SEND_HEARTBEAT {datanodeUUID=8b25b6fb-e7f9-4ea8-8d7d-823d8ea82140, command=[]} | ret=SUCCESS |  
2019-09-19 10:27:02,543 [1692dd7e-eca0-4ee0-be13-a7fe013a1be4:group-A6022A65EEBA:LeaderElection29] INFO  server.RaftServerConfigKeys (ConfUtils.java:logGet(43)) - raft.server.watch.timeout.denomination = 1s (default)
2019-09-19 10:27:02,542 [10ec1051-6571-4c90-b3f9-a3c2840a089b:group-8EC43799AC7B:LeaderElection33] INFO  impl.LeaderElection (LeaderElection.java:askForVotes(181)) - 10ec1051-6571-4c90-b3f9-a3c2840a089b:group-8EC43799AC7B:LeaderElection33: begin an election at term 1 for -1: [10ec1051-6571-4c90-b3f9-a3c2840a089b:192.168.157.204:40066], old=null
2019-09-19 10:27:02,541 [Datanode State Machine Thread - 0] INFO  statemachine.DatanodeStateMachine (DatanodeStateMachine.java:lambda$startDaemon$0(350)) - Ozone container server started.
2019-09-19 10:27:02,548 [10ec1051-6571-4c90-b3f9-a3c2840a089b:group-8EC43799AC7B:LeaderElection33] INFO  impl.RoleInfo (RoleInfo.java:shutdownLeaderElection(134)) - 10ec1051-6571-4c90-b3f9-a3c2840a089b: shutdown LeaderElection
2019-09-19 10:27:02,548 [1692dd7e-eca0-4ee0-be13-a7fe013a1be4:group-A6022A65EEBA:LeaderElection29] INFO  server.RaftServerConfigKeys (ConfUtils.java:logGet(43)) - raft.server.watch.element-limit = 65536 (default)
2019-09-19 10:27:02,547 [10ec1051-6571-4c90-b3f9-a3c2840a089b:group-F6975F53A82B:LeaderElection30] INFO  server.RaftServerConfigKeys (ConfUtils.java:logGet(43)) - raft.server.watch.element-limit = 65536 (default)
2019-09-19 10:27:02,548 [1692dd7e-eca0-4ee0-be13-a7fe013a1be4:group-A6022A65EEBA:LeaderElection29] INFO  impl.RoleInfo (RoleInfo.java:updateAndGet(143)) - 1692dd7e-eca0-4ee0-be13-a7fe013a1be4: start LeaderState
2019-09-19 10:27:02,549 [10ec1051-6571-4c90-b3f9-a3c2840a089b:group-F6975F53A82B:LeaderElection30] INFO  impl.RoleInfo (RoleInfo.java:updateAndGet(143)) - 10ec1051-6571-4c90-b3f9-a3c2840a089b: start LeaderState
2019-09-19 10:27:02,548 [10ec1051-6571-4c90-b3f9-a3c2840a089b:group-8EC43799AC7B:LeaderElection33] INFO  impl.RaftServerImpl (RaftServerImpl.java:setRole(171)) - 10ec1051-6571-4c90-b3f9-a3c2840a089b:group-8EC43799AC7B changes role from CANDIDATE to LEADER at term 1 for changeToLeader
2019-09-19 10:27:02,549 [10ec1051-6571-4c90-b3f9-a3c2840a089b:group-F6975F53A82B:LeaderElection30] INFO  segmented.SegmentedRaftLogWorker (SegmentedRaftLogWorker.java:startLogSegment(380)) - 10ec1051-6571-4c90-b3f9-a3c2840a089b-SegmentedRaftLogWorker:Storage Directory /workdir/hadoop-ozone/ozonefs/target/test-dir/MiniOzoneClusterImpl-c4ccaed8-e682-4870-947c-cf1864f77c00/datanode-8/data/ratis/96a03fcc-42a4-4f45-84a8-f6975f53a82b: Starting segment from index:0
2019-09-19 10:27:02,549 [1692dd7e-eca0-4ee0-be13-a7fe013a1be4:group-A6022A65EEBA:LeaderElection29] INFO  segmented.SegmentedRaftLogWorker (SegmentedRaftLogWorker.java:startLogSegment(380)) - 1692dd7e-eca0-4ee0-be13-a7fe013a1be4-SegmentedRaftLogWorker:Storage Directory /workdir/hadoop-ozone/ozonefs/target/test-dir/MiniOzoneClusterImpl-c4ccaed8-e682-4870-947c-cf1864f77c00/datanode-3/data/ratis/b09a25f6-36a0-450a-bf2b-a6022a65eeba: Starting segment from index:0
2019-09-19 10:27:02,549 [10ec1051-6571-4c90-b3f9-a3c2840a089b:group-8EC43799AC7B:LeaderElection33] INFO  impl.RaftServerImpl (ServerState.java:setLeader(263)) - 10ec1051-6571-4c90-b3f9-a3c2840a089b:group-8EC43799AC7B change Leader from null to 10ec1051-6571-4c90-b3f9-a3c2840a089b at term 1 for becomeLeader, leader elected after 5133ms
2019-09-19 10:27:02,549 [10ec1051-6571-4c90-b3f9-a3c2840a089b:group-8EC43799AC7B:LeaderElection33] INFO  server.RaftServerConfigKeys (ConfUtils.java:logGet(43)) - raft.server.staging.catchup.gap = 1000 (default)
2019-09-19 10:27:02,550 [10ec1051-6571-4c90-b3f9-a3c2840a089b:group-F6975F53A82B:LeaderElection30] INFO  impl.RaftServerImpl (ServerState.java:setRaftConf(361)) - 10ec1051-6571-4c90-b3f9-a3c2840a089b:group-F6975F53A82B set configuration 0: [10ec1051-6571-4c90-b3f9-a3c2840a089b:192.168.157.204:40066], old=null at 0
2019-09-19 10:27:02,550 [1692dd7e-eca0-4ee0-be13-a7fe013a1be4:group-A6022A65EEBA:LeaderElection29] INFO  impl.RaftServerImpl (ServerState.java:setRaftConf(361)) - 1692dd7e-eca0-4ee0-be13-a7fe013a1be4:group-A6022A65EEBA set configuration 0: [1692dd7e-eca0-4ee0-be13-a7fe013a1be4:192.168.157.204:39330], old=null at 0
2019-09-19 10:27:02,550 [10ec1051-6571-4c90-b3f9-a3c2840a089b:group-8EC43799AC7B:LeaderElection33] INFO  server.RaftServerConfigKeys (ConfUtils.java:logGet(43)) - raft.server.rpc.sleep.time = 25ms (default)
2019-09-19 10:27:02,588 [84c75018-969a-4fca-ac0f-34cccc99d928-SegmentedRaftLogWorker:Storage Directory /workdir/hadoop-ozone/ozonefs/target/test-dir/MiniOzoneClusterImpl-c4ccaed8-e682-4870-947c-cf1864f77c00/datanode-2/data/ratis/76388054-d194-485e-91ff-e6701ab6fc43] INFO  segmented.SegmentedRaftLogWorker (SegmentedRaftLogWorker.java:execute(569)) - 84c75018-969a-4fca-ac0f-34cccc99d928-SegmentedRaftLogWorker:Storage Directory /workdir/hadoop-ozone/ozonefs/target/test-dir/MiniOzoneClusterImpl-c4ccaed8-e682-4870-947c-cf1864f77c00/datanode-2/data/ratis/76388054-d194-485e-91ff-e6701ab6fc43: created new log segment /workdir/hadoop-ozone/ozonefs/target/test-dir/MiniOzoneClusterImpl-c4ccaed8-e682-4870-947c-cf1864f77c00/datanode-2/data/ratis/76388054-d194-485e-91ff-e6701ab6fc43/current/log_inprogress_0
2019-09-19 10:27:02,588 [1692dd7e-eca0-4ee0-be13-a7fe013a1be4-SegmentedRaftLogWorker:Storage Directory /workdir/hadoop-ozone/ozonefs/target/test-dir/MiniOzoneClusterImpl-c4ccaed8-e682-4870-947c-cf1864f77c00/datanode-3/data/ratis/22ca3a0c-2964-48fa-ac18-de6bc4638fb9] INFO  segmented.SegmentedRaftLogWorker (SegmentedRaftLogWorker.java:execute(569)) - 1692dd7e-eca0-4ee0-be13-a7fe013a1be4-SegmentedRaftLogWorker:Storage Directory /workdir/hadoop-ozone/ozonefs/target/test-dir/MiniOzoneClusterImpl-c4ccaed8-e682-4870-947c-cf1864f77c00/datanode-3/data/ratis/22ca3a0c-2964-48fa-ac18-de6bc4638fb9: created new log segment /workdir/hadoop-ozone/ozonefs/target/test-dir/MiniOzoneClusterImpl-c4ccaed8-e682-4870-947c-cf1864f77c00/datanode-3/data/ratis/22ca3a0c-2964-48fa-ac18-de6bc4638fb9/current/log_inprogress_0
2019-09-19 10:27:02,588 [Thread-400] INFO  impl.FollowerState (FollowerState.java:run(106)) - 9c1babfd-24b9-43b5-a670-4d0e2dc3eec4:group-D32936906873 changes to CANDIDATE, lastRpcTime:5114, electionTimeout:5109ms
2019-09-19 10:27:02,592 [10ec1051-6571-4c90-b3f9-a3c2840a089b:group-8EC43799AC7B:LeaderElection33] INFO  server.RaftServerConfigKeys (ConfUtils.java:logGet(43)) - raft.server.write.element-limit = 4096 (default)
2019-09-19 10:27:02,593 [Thread-400] INFO  impl.RoleInfo (RoleInfo.java:shutdownFollowerState(121)) - 9c1babfd-24b9-43b5-a670-4d0e2dc3eec4: shutdown FollowerState
2019-09-19 10:27:02,593 [10ec1051-6571-4c90-b3f9-a3c2840a089b:group-8EC43799AC7B:LeaderElection33] INFO  server.RaftServerConfigKeys (ConfUtils.java:logGet(43)) - raft.server.watch.timeout = 10s (default)
2019-09-19 10:27:02,593 [Thread-400] INFO  impl.RaftServerImpl (RaftServerImpl.java:setRole(171)) - 9c1babfd-24b9-43b5-a670-4d0e2dc3eec4:group-D32936906873 changes role from FOLLOWER to CANDIDATE at term 0 for changeToCandidate
2019-09-19 10:27:02,593 [10ec1051-6571-4c90-b3f9-a3c2840a089b:group-8EC43799AC7B:LeaderElection33] INFO  server.RaftServerConfigKeys (ConfUtils.java:logGet(43)) - raft.server.watch.timeout.denomination = 1s (default)
2019-09-19 10:27:02,593 [Thread-400] INFO  impl.RoleInfo (RoleInfo.java:updateAndGet(143)) - 9c1babfd-24b9-43b5-a670-4d0e2dc3eec4: start LeaderElection
2019-09-19 10:27:02,593 [10ec1051-6571-4c90-b3f9-a3c2840a089b:group-8EC43799AC7B:LeaderElection33] INFO  server.RaftServerConfigKeys (ConfUtils.java:logGet(43)) - raft.server.watch.element-limit = 65536 (default)
2019-09-19 10:27:02,594 [10ec1051-6571-4c90-b3f9-a3c2840a089b:group-8EC43799AC7B:LeaderElection33] INFO  impl.RoleInfo (RoleInfo.java:updateAndGet(143)) - 10ec1051-6571-4c90-b3f9-a3c2840a089b: start LeaderState
2019-09-19 10:27:02,597 [10ec1051-6571-4c90-b3f9-a3c2840a089b:group-8EC43799AC7B:LeaderElection33] INFO  segmented.SegmentedRaftLogWorker (SegmentedRaftLogWorker.java:startLogSegment(380)) - 10ec1051-6571-4c90-b3f9-a3c2840a089b-SegmentedRaftLogWorker:Storage Directory /workdir/hadoop-ozone/ozonefs/target/test-dir/MiniOzoneClusterImpl-c4ccaed8-e682-4870-947c-cf1864f77c00/datanode-8/data/ratis/7449d1f4-6b8e-430f-886c-8ec43799ac7b: Starting segment from index:0
2019-09-19 10:27:02,597 [10ec1051-6571-4c90-b3f9-a3c2840a089b:group-8EC43799AC7B:LeaderElection33] INFO  impl.RaftServerImpl (ServerState.java:setRaftConf(361)) - 10ec1051-6571-4c90-b3f9-a3c2840a089b:group-8EC43799AC7B set configuration 0: [10ec1051-6571-4c90-b3f9-a3c2840a089b:192.168.157.204:40066], old=null at 0
2019-09-19 10:27:02,634 [1692dd7e-eca0-4ee0-be13-a7fe013a1be4-SegmentedRaftLogWorker:Storage Directory /workdir/hadoop-ozone/ozonefs/target/test-dir/MiniOzoneClusterImpl-c4ccaed8-e682-4870-947c-cf1864f77c00/datanode-3/data/ratis/b09a25f6-36a0-450a-bf2b-a6022a65eeba] INFO  segmented.SegmentedRaftLogWorker (SegmentedRaftLogWorker.java:execute(569)) - 1692dd7e-eca0-4ee0-be13-a7fe013a1be4-SegmentedRaftLogWorker:Storage Directory /workdir/hadoop-ozone/ozonefs/target/test-dir/MiniOzoneClusterImpl-c4ccaed8-e682-4870-947c-cf1864f77c00/datanode-3/data/ratis/b09a25f6-36a0-450a-bf2b-a6022a65eeba: created new log segment /workdir/hadoop-ozone/ozonefs/target/test-dir/MiniOzoneClusterImpl-c4ccaed8-e682-4870-947c-cf1864f77c00/datanode-3/data/ratis/b09a25f6-36a0-450a-bf2b-a6022a65eeba/current/log_inprogress_0
2019-09-19 10:27:02,634 [10ec1051-6571-4c90-b3f9-a3c2840a089b-SegmentedRaftLogWorker:Storage Directory /workdir/hadoop-ozone/ozonefs/target/test-dir/MiniOzoneClusterImpl-c4ccaed8-e682-4870-947c-cf1864f77c00/datanode-8/data/ratis/96a03fcc-42a4-4f45-84a8-f6975f53a82b] INFO  segmented.SegmentedRaftLogWorker (SegmentedRaftLogWorker.java:execute(569)) - 10ec1051-6571-4c90-b3f9-a3c2840a089b-SegmentedRaftLogWorker:Storage Directory /workdir/hadoop-ozone/ozonefs/target/test-dir/MiniOzoneClusterImpl-c4ccaed8-e682-4870-947c-cf1864f77c00/datanode-8/data/ratis/96a03fcc-42a4-4f45-84a8-f6975f53a82b: created new log segment /workdir/hadoop-ozone/ozonefs/target/test-dir/MiniOzoneClusterImpl-c4ccaed8-e682-4870-947c-cf1864f77c00/datanode-8/data/ratis/96a03fcc-42a4-4f45-84a8-f6975f53a82b/current/log_inprogress_0
2019-09-19 10:27:02,647 [10ec1051-6571-4c90-b3f9-a3c2840a089b-SegmentedRaftLogWorker:Storage Directory /workdir/hadoop-ozone/ozonefs/target/test-dir/MiniOzoneClusterImpl-c4ccaed8-e682-4870-947c-cf1864f77c00/datanode-8/data/ratis/7449d1f4-6b8e-430f-886c-8ec43799ac7b] INFO  segmented.SegmentedRaftLogWorker (SegmentedRaftLogWorker.java:execute(569)) - 10ec1051-6571-4c90-b3f9-a3c2840a089b-SegmentedRaftLogWorker:Storage Directory /workdir/hadoop-ozone/ozonefs/target/test-dir/MiniOzoneClusterImpl-c4ccaed8-e682-4870-947c-cf1864f77c00/datanode-8/data/ratis/7449d1f4-6b8e-430f-886c-8ec43799ac7b: created new log segment /workdir/hadoop-ozone/ozonefs/target/test-dir/MiniOzoneClusterImpl-c4ccaed8-e682-4870-947c-cf1864f77c00/datanode-8/data/ratis/7449d1f4-6b8e-430f-886c-8ec43799ac7b/current/log_inprogress_0
2019-09-19 10:27:02,647 [9c1babfd-24b9-43b5-a670-4d0e2dc3eec4:group-D32936906873:LeaderElection34] INFO  impl.LeaderElection (LeaderElection.java:askForVotes(181)) - 9c1babfd-24b9-43b5-a670-4d0e2dc3eec4:group-D32936906873:LeaderElection34: begin an election at term 1 for -1: [9c1babfd-24b9-43b5-a670-4d0e2dc3eec4:192.168.157.204:39323], old=null
2019-09-19 10:27:02,647 [9c1babfd-24b9-43b5-a670-4d0e2dc3eec4:group-D32936906873:LeaderElection34] INFO  impl.RoleInfo (RoleInfo.java:shutdownLeaderElection(134)) - 9c1babfd-24b9-43b5-a670-4d0e2dc3eec4: shutdown LeaderElection
2019-09-19 10:27:02,647 [9c1babfd-24b9-43b5-a670-4d0e2dc3eec4:group-D32936906873:LeaderElection34] INFO  impl.RaftServerImpl (RaftServerImpl.java:setRole(171)) - 9c1babfd-24b9-43b5-a670-4d0e2dc3eec4:group-D32936906873 changes role from CANDIDATE to LEADER at term 1 for changeToLeader
2019-09-19 10:27:02,647 [9c1babfd-24b9-43b5-a670-4d0e2dc3eec4:group-D32936906873:LeaderElection34] INFO  impl.RaftServerImpl (ServerState.java:setLeader(263)) - 9c1babfd-24b9-43b5-a670-4d0e2dc3eec4:group-D32936906873 change Leader from null to 9c1babfd-24b9-43b5-a670-4d0e2dc3eec4 at term 1 for becomeLeader, leader elected after 5178ms
2019-09-19 10:27:02,648 [9c1babfd-24b9-43b5-a670-4d0e2dc3eec4:group-D32936906873:LeaderElection34] INFO  server.RaftServerConfigKeys (ConfUtils.java:logGet(43)) - raft.server.staging.catchup.gap = 1000 (default)
2019-09-19 10:27:02,648 [9c1babfd-24b9-43b5-a670-4d0e2dc3eec4:group-D32936906873:LeaderElection34] INFO  server.RaftServerConfigKeys (ConfUtils.java:logGet(43)) - raft.server.rpc.sleep.time = 25ms (default)
2019-09-19 10:27:02,648 [9c1babfd-24b9-43b5-a670-4d0e2dc3eec4:group-D32936906873:LeaderElection34] INFO  server.RaftServerConfigKeys (ConfUtils.java:logGet(43)) - raft.server.write.element-limit = 4096 (default)
2019-09-19 10:27:02,648 [9c1babfd-24b9-43b5-a670-4d0e2dc3eec4:group-D32936906873:LeaderElection34] INFO  server.RaftServerConfigKeys (ConfUtils.java:logGet(43)) - raft.server.watch.timeout = 10s (default)
2019-09-19 10:27:02,648 [9c1babfd-24b9-43b5-a670-4d0e2dc3eec4:group-D32936906873:LeaderElection34] INFO  server.RaftServerConfigKeys (ConfUtils.java:logGet(43)) - raft.server.watch.timeout.denomination = 1s (default)
2019-09-19 10:27:02,649 [9c1babfd-24b9-43b5-a670-4d0e2dc3eec4:group-D32936906873:LeaderElection34] INFO  server.RaftServerConfigKeys (ConfUtils.java:logGet(43)) - raft.server.watch.element-limit = 65536 (default)
2019-09-19 10:27:02,649 [9c1babfd-24b9-43b5-a670-4d0e2dc3eec4:group-D32936906873:LeaderElection34] INFO  impl.RoleInfo (RoleInfo.java:updateAndGet(143)) - 9c1babfd-24b9-43b5-a670-4d0e2dc3eec4: start LeaderState
2019-09-19 10:27:02,649 [9c1babfd-24b9-43b5-a670-4d0e2dc3eec4:group-D32936906873:LeaderElection34] INFO  segmented.SegmentedRaftLogWorker (SegmentedRaftLogWorker.java:startLogSegment(380)) - 9c1babfd-24b9-43b5-a670-4d0e2dc3eec4-SegmentedRaftLogWorker:Storage Directory /workdir/hadoop-ozone/ozonefs/target/test-dir/MiniOzoneClusterImpl-c4ccaed8-e682-4870-947c-cf1864f77c00/datanode-5/data/ratis/961205d0-15b6-452a-a6c4-d32936906873: Starting segment from index:0
2019-09-19 10:27:02,650 [9c1babfd-24b9-43b5-a670-4d0e2dc3eec4:group-D32936906873:LeaderElection34] INFO  impl.RaftServerImpl (ServerState.java:setRaftConf(361)) - 9c1babfd-24b9-43b5-a670-4d0e2dc3eec4:group-D32936906873 set configuration 0: [9c1babfd-24b9-43b5-a670-4d0e2dc3eec4:192.168.157.204:39323], old=null at 0
2019-09-19 10:27:02,691 [Thread-405] INFO  impl.FollowerState (FollowerState.java:run(106)) - 39513c05-534c-4cc1-a39c-034925eb3fe7:group-6F0DF6FC0DED changes to CANDIDATE, lastRpcTime:5143, electionTimeout:5143ms
2019-09-19 10:27:02,691 [Thread-405] INFO  impl.RoleInfo (RoleInfo.java:shutdownFollowerState(121)) - 39513c05-534c-4cc1-a39c-034925eb3fe7: shutdown FollowerState
2019-09-19 10:27:02,691 [Thread-405] INFO  impl.RaftServerImpl (RaftServerImpl.java:setRole(171)) - 39513c05-534c-4cc1-a39c-034925eb3fe7:group-6F0DF6FC0DED changes role from FOLLOWER to CANDIDATE at term 0 for changeToCandidate
2019-09-19 10:27:02,691 [Thread-405] INFO  impl.RoleInfo (RoleInfo.java:updateAndGet(143)) - 39513c05-534c-4cc1-a39c-034925eb3fe7: start LeaderElection
2019-09-19 10:27:02,695 [Datanode State Machine Thread - 0] INFO  statemachine.DatanodeStateMachine (DatanodeStateMachine.java:lambda$startDaemon$0(350)) - Ozone container server started.
2019-09-19 10:27:02,701 [9c1babfd-24b9-43b5-a670-4d0e2dc3eec4-SegmentedRaftLogWorker:Storage Directory /workdir/hadoop-ozone/ozonefs/target/test-dir/MiniOzoneClusterImpl-c4ccaed8-e682-4870-947c-cf1864f77c00/datanode-5/data/ratis/961205d0-15b6-452a-a6c4-d32936906873] INFO  segmented.SegmentedRaftLogWorker (SegmentedRaftLogWorker.java:execute(569)) - 9c1babfd-24b9-43b5-a670-4d0e2dc3eec4-SegmentedRaftLogWorker:Storage Directory /workdir/hadoop-ozone/ozonefs/target/test-dir/MiniOzoneClusterImpl-c4ccaed8-e682-4870-947c-cf1864f77c00/datanode-5/data/ratis/961205d0-15b6-452a-a6c4-d32936906873: created new log segment /workdir/hadoop-ozone/ozonefs/target/test-dir/MiniOzoneClusterImpl-c4ccaed8-e682-4870-947c-cf1864f77c00/datanode-5/data/ratis/961205d0-15b6-452a-a6c4-d32936906873/current/log_inprogress_0
2019-09-19 10:27:02,701 [39513c05-534c-4cc1-a39c-034925eb3fe7:group-6F0DF6FC0DED:LeaderElection35] INFO  impl.LeaderElection (LeaderElection.java:askForVotes(181)) - 39513c05-534c-4cc1-a39c-034925eb3fe7:group-6F0DF6FC0DED:LeaderElection35: begin an election at term 1 for -1: [39513c05-534c-4cc1-a39c-034925eb3fe7:192.168.157.204:32932], old=null
2019-09-19 10:27:02,701 [39513c05-534c-4cc1-a39c-034925eb3fe7:group-6F0DF6FC0DED:LeaderElection35] INFO  impl.RoleInfo (RoleInfo.java:shutdownLeaderElection(134)) - 39513c05-534c-4cc1-a39c-034925eb3fe7: shutdown LeaderElection
2019-09-19 10:27:02,702 [39513c05-534c-4cc1-a39c-034925eb3fe7:group-6F0DF6FC0DED:LeaderElection35] INFO  impl.RaftServerImpl (RaftServerImpl.java:setRole(171)) - 39513c05-534c-4cc1-a39c-034925eb3fe7:group-6F0DF6FC0DED changes role from CANDIDATE to LEADER at term 1 for changeToLeader
2019-09-19 10:27:02,702 [39513c05-534c-4cc1-a39c-034925eb3fe7:group-6F0DF6FC0DED:LeaderElection35] INFO  impl.RaftServerImpl (ServerState.java:setLeader(263)) - 39513c05-534c-4cc1-a39c-034925eb3fe7:group-6F0DF6FC0DED change Leader from null to 39513c05-534c-4cc1-a39c-034925eb3fe7 at term 1 for becomeLeader, leader elected after 5161ms
2019-09-19 10:27:02,702 [39513c05-534c-4cc1-a39c-034925eb3fe7:group-6F0DF6FC0DED:LeaderElection35] INFO  server.RaftServerConfigKeys (ConfUtils.java:logGet(43)) - raft.server.staging.catchup.gap = 1000 (default)
2019-09-19 10:27:02,702 [39513c05-534c-4cc1-a39c-034925eb3fe7:group-6F0DF6FC0DED:LeaderElection35] INFO  server.RaftServerConfigKeys (ConfUtils.java:logGet(43)) - raft.server.rpc.sleep.time = 25ms (default)
2019-09-19 10:27:02,702 [39513c05-534c-4cc1-a39c-034925eb3fe7:group-6F0DF6FC0DED:LeaderElection35] INFO  server.RaftServerConfigKeys (ConfUtils.java:logGet(43)) - raft.server.write.element-limit = 4096 (default)
2019-09-19 10:27:02,702 [39513c05-534c-4cc1-a39c-034925eb3fe7:group-6F0DF6FC0DED:LeaderElection35] INFO  server.RaftServerConfigKeys (ConfUtils.java:logGet(43)) - raft.server.watch.timeout = 10s (default)
2019-09-19 10:27:02,703 [39513c05-534c-4cc1-a39c-034925eb3fe7:group-6F0DF6FC0DED:LeaderElection35] INFO  server.RaftServerConfigKeys (ConfUtils.java:logGet(43)) - raft.server.watch.timeout.denomination = 1s (default)
2019-09-19 10:27:02,703 [39513c05-534c-4cc1-a39c-034925eb3fe7:group-6F0DF6FC0DED:LeaderElection35] INFO  server.RaftServerConfigKeys (ConfUtils.java:logGet(43)) - raft.server.watch.element-limit = 65536 (default)
2019-09-19 10:27:02,703 [39513c05-534c-4cc1-a39c-034925eb3fe7:group-6F0DF6FC0DED:LeaderElection35] INFO  impl.RoleInfo (RoleInfo.java:updateAndGet(143)) - 39513c05-534c-4cc1-a39c-034925eb3fe7: start LeaderState
2019-09-19 10:27:02,703 [39513c05-534c-4cc1-a39c-034925eb3fe7:group-6F0DF6FC0DED:LeaderElection35] INFO  segmented.SegmentedRaftLogWorker (SegmentedRaftLogWorker.java:startLogSegment(380)) - 39513c05-534c-4cc1-a39c-034925eb3fe7-SegmentedRaftLogWorker:Storage Directory /workdir/hadoop-ozone/ozonefs/target/test-dir/MiniOzoneClusterImpl-c4ccaed8-e682-4870-947c-cf1864f77c00/datanode-9/data/ratis/4db7a9b1-d74f-4d3f-82f4-6f0df6fc0ded: Starting segment from index:0
2019-09-19 10:27:02,704 [39513c05-534c-4cc1-a39c-034925eb3fe7:group-6F0DF6FC0DED:LeaderElection35] INFO  impl.RaftServerImpl (ServerState.java:setRaftConf(361)) - 39513c05-534c-4cc1-a39c-034925eb3fe7:group-6F0DF6FC0DED set configuration 0: [39513c05-534c-4cc1-a39c-034925eb3fe7:192.168.157.204:32932], old=null at 0
2019-09-19 10:27:02,742 [Thread-408] INFO  impl.FollowerState (FollowerState.java:run(106)) - 39513c05-534c-4cc1-a39c-034925eb3fe7:group-1E94FDA56F5A changes to CANDIDATE, lastRpcTime:5119, electionTimeout:5112ms
2019-09-19 10:27:02,742 [Thread-408] INFO  impl.RoleInfo (RoleInfo.java:shutdownFollowerState(121)) - 39513c05-534c-4cc1-a39c-034925eb3fe7: shutdown FollowerState
2019-09-19 10:27:02,742 [Thread-408] INFO  impl.RaftServerImpl (RaftServerImpl.java:setRole(171)) - 39513c05-534c-4cc1-a39c-034925eb3fe7:group-1E94FDA56F5A changes role from FOLLOWER to CANDIDATE at term 0 for changeToCandidate
2019-09-19 10:27:02,743 [Thread-408] INFO  impl.RoleInfo (RoleInfo.java:updateAndGet(143)) - 39513c05-534c-4cc1-a39c-034925eb3fe7: start LeaderElection
2019-09-19 10:27:02,755 [39513c05-534c-4cc1-a39c-034925eb3fe7-SegmentedRaftLogWorker:Storage Directory /workdir/hadoop-ozone/ozonefs/target/test-dir/MiniOzoneClusterImpl-c4ccaed8-e682-4870-947c-cf1864f77c00/datanode-9/data/ratis/4db7a9b1-d74f-4d3f-82f4-6f0df6fc0ded] INFO  segmented.SegmentedRaftLogWorker (SegmentedRaftLogWorker.java:execute(569)) - 39513c05-534c-4cc1-a39c-034925eb3fe7-SegmentedRaftLogWorker:Storage Directory /workdir/hadoop-ozone/ozonefs/target/test-dir/MiniOzoneClusterImpl-c4ccaed8-e682-4870-947c-cf1864f77c00/datanode-9/data/ratis/4db7a9b1-d74f-4d3f-82f4-6f0df6fc0ded: created new log segment /workdir/hadoop-ozone/ozonefs/target/test-dir/MiniOzoneClusterImpl-c4ccaed8-e682-4870-947c-cf1864f77c00/datanode-9/data/ratis/4db7a9b1-d74f-4d3f-82f4-6f0df6fc0ded/current/log_inprogress_0
2019-09-19 10:27:02,756 [39513c05-534c-4cc1-a39c-034925eb3fe7:group-1E94FDA56F5A:LeaderElection36] INFO  impl.LeaderElection (LeaderElection.java:askForVotes(181)) - 39513c05-534c-4cc1-a39c-034925eb3fe7:group-1E94FDA56F5A:LeaderElection36: begin an election at term 1 for -1: [39513c05-534c-4cc1-a39c-034925eb3fe7:192.168.157.204:32932], old=null
2019-09-19 10:27:02,756 [39513c05-534c-4cc1-a39c-034925eb3fe7:group-1E94FDA56F5A:LeaderElection36] INFO  impl.RoleInfo (RoleInfo.java:shutdownLeaderElection(134)) - 39513c05-534c-4cc1-a39c-034925eb3fe7: shutdown LeaderElection
2019-09-19 10:27:02,756 [39513c05-534c-4cc1-a39c-034925eb3fe7:group-1E94FDA56F5A:LeaderElection36] INFO  impl.RaftServerImpl (RaftServerImpl.java:setRole(171)) - 39513c05-534c-4cc1-a39c-034925eb3fe7:group-1E94FDA56F5A changes role from CANDIDATE to LEADER at term 1 for changeToLeader
2019-09-19 10:27:02,756 [39513c05-534c-4cc1-a39c-034925eb3fe7:group-1E94FDA56F5A:LeaderElection36] INFO  impl.RaftServerImpl (ServerState.java:setLeader(263)) - 39513c05-534c-4cc1-a39c-034925eb3fe7:group-1E94FDA56F5A change Leader from null to 39513c05-534c-4cc1-a39c-034925eb3fe7 at term 1 for becomeLeader, leader elected after 5138ms
2019-09-19 10:27:02,756 [39513c05-534c-4cc1-a39c-034925eb3fe7:group-1E94FDA56F5A:LeaderElection36] INFO  server.RaftServerConfigKeys (ConfUtils.java:logGet(43)) - raft.server.staging.catchup.gap = 1000 (default)
2019-09-19 10:27:02,756 [39513c05-534c-4cc1-a39c-034925eb3fe7:group-1E94FDA56F5A:LeaderElection36] INFO  server.RaftServerConfigKeys (ConfUtils.java:logGet(43)) - raft.server.rpc.sleep.time = 25ms (default)
2019-09-19 10:27:02,757 [39513c05-534c-4cc1-a39c-034925eb3fe7:group-1E94FDA56F5A:LeaderElection36] INFO  server.RaftServerConfigKeys (ConfUtils.java:logGet(43)) - raft.server.write.element-limit = 4096 (default)
2019-09-19 10:27:02,757 [39513c05-534c-4cc1-a39c-034925eb3fe7:group-1E94FDA56F5A:LeaderElection36] INFO  server.RaftServerConfigKeys (ConfUtils.java:logGet(43)) - raft.server.watch.timeout = 10s (default)
2019-09-19 10:27:02,757 [39513c05-534c-4cc1-a39c-034925eb3fe7:group-1E94FDA56F5A:LeaderElection36] INFO  server.RaftServerConfigKeys (ConfUtils.java:logGet(43)) - raft.server.watch.timeout.denomination = 1s (default)
2019-09-19 10:27:02,757 [39513c05-534c-4cc1-a39c-034925eb3fe7:group-1E94FDA56F5A:LeaderElection36] INFO  server.RaftServerConfigKeys (ConfUtils.java:logGet(43)) - raft.server.watch.element-limit = 65536 (default)
2019-09-19 10:27:02,757 [39513c05-534c-4cc1-a39c-034925eb3fe7:group-1E94FDA56F5A:LeaderElection36] INFO  impl.RoleInfo (RoleInfo.java:updateAndGet(143)) - 39513c05-534c-4cc1-a39c-034925eb3fe7: start LeaderState
2019-09-19 10:27:02,758 [39513c05-534c-4cc1-a39c-034925eb3fe7:group-1E94FDA56F5A:LeaderElection36] INFO  segmented.SegmentedRaftLogWorker (SegmentedRaftLogWorker.java:startLogSegment(380)) - 39513c05-534c-4cc1-a39c-034925eb3fe7-SegmentedRaftLogWorker:Storage Directory /workdir/hadoop-ozone/ozonefs/target/test-dir/MiniOzoneClusterImpl-c4ccaed8-e682-4870-947c-cf1864f77c00/datanode-9/data/ratis/87f04d65-297a-43f8-8f9e-1e94fda56f5a: Starting segment from index:0
2019-09-19 10:27:02,758 [39513c05-534c-4cc1-a39c-034925eb3fe7:group-1E94FDA56F5A:LeaderElection36] INFO  impl.RaftServerImpl (ServerState.java:setRaftConf(361)) - 39513c05-534c-4cc1-a39c-034925eb3fe7:group-1E94FDA56F5A set configuration 0: [39513c05-534c-4cc1-a39c-034925eb3fe7:192.168.157.204:32932], old=null at 0
2019-09-19 10:27:02,799 [39513c05-534c-4cc1-a39c-034925eb3fe7-SegmentedRaftLogWorker:Storage Directory /workdir/hadoop-ozone/ozonefs/target/test-dir/MiniOzoneClusterImpl-c4ccaed8-e682-4870-947c-cf1864f77c00/datanode-9/data/ratis/87f04d65-297a-43f8-8f9e-1e94fda56f5a] INFO  segmented.SegmentedRaftLogWorker (SegmentedRaftLogWorker.java:execute(569)) - 39513c05-534c-4cc1-a39c-034925eb3fe7-SegmentedRaftLogWorker:Storage Directory /workdir/hadoop-ozone/ozonefs/target/test-dir/MiniOzoneClusterImpl-c4ccaed8-e682-4870-947c-cf1864f77c00/datanode-9/data/ratis/87f04d65-297a-43f8-8f9e-1e94fda56f5a: created new log segment /workdir/hadoop-ozone/ozonefs/target/test-dir/MiniOzoneClusterImpl-c4ccaed8-e682-4870-947c-cf1864f77c00/datanode-9/data/ratis/87f04d65-297a-43f8-8f9e-1e94fda56f5a/current/log_inprogress_0
2019-09-19 10:27:02,823 [Thread-411] INFO  impl.FollowerState (FollowerState.java:run(106)) - df1b99cc-36f2-45b6-8e95-51c50e156f0b:group-405326F3E638 changes to CANDIDATE, lastRpcTime:5130, electionTimeout:5130ms
2019-09-19 10:27:02,823 [Thread-411] INFO  impl.RoleInfo (RoleInfo.java:shutdownFollowerState(121)) - df1b99cc-36f2-45b6-8e95-51c50e156f0b: shutdown FollowerState
2019-09-19 10:27:02,823 [Thread-411] INFO  impl.RaftServerImpl (RaftServerImpl.java:setRole(171)) - df1b99cc-36f2-45b6-8e95-51c50e156f0b:group-405326F3E638 changes role from FOLLOWER to CANDIDATE at term 0 for changeToCandidate
2019-09-19 10:27:02,823 [Thread-411] INFO  impl.RoleInfo (RoleInfo.java:updateAndGet(143)) - df1b99cc-36f2-45b6-8e95-51c50e156f0b: start LeaderElection
2019-09-19 10:27:02,840 [df1b99cc-36f2-45b6-8e95-51c50e156f0b:group-405326F3E638:LeaderElection37] INFO  impl.LeaderElection (LeaderElection.java:askForVotes(181)) - df1b99cc-36f2-45b6-8e95-51c50e156f0b:group-405326F3E638:LeaderElection37: begin an election at term 1 for -1: [df1b99cc-36f2-45b6-8e95-51c50e156f0b:192.168.157.204:42307], old=null
2019-09-19 10:27:02,840 [df1b99cc-36f2-45b6-8e95-51c50e156f0b:group-405326F3E638:LeaderElection37] INFO  impl.RoleInfo (RoleInfo.java:shutdownLeaderElection(134)) - df1b99cc-36f2-45b6-8e95-51c50e156f0b: shutdown LeaderElection
2019-09-19 10:27:02,840 [df1b99cc-36f2-45b6-8e95-51c50e156f0b:group-405326F3E638:LeaderElection37] INFO  impl.RaftServerImpl (RaftServerImpl.java:setRole(171)) - df1b99cc-36f2-45b6-8e95-51c50e156f0b:group-405326F3E638 changes role from CANDIDATE to LEADER at term 1 for changeToLeader
2019-09-19 10:27:02,841 [df1b99cc-36f2-45b6-8e95-51c50e156f0b:group-405326F3E638:LeaderElection37] INFO  impl.RaftServerImpl (ServerState.java:setLeader(263)) - df1b99cc-36f2-45b6-8e95-51c50e156f0b:group-405326F3E638 change Leader from null to df1b99cc-36f2-45b6-8e95-51c50e156f0b at term 1 for becomeLeader, leader elected after 5151ms
2019-09-19 10:27:02,841 [df1b99cc-36f2-45b6-8e95-51c50e156f0b:group-405326F3E638:LeaderElection37] INFO  server.RaftServerConfigKeys (ConfUtils.java:logGet(43)) - raft.server.staging.catchup.gap = 1000 (default)
2019-09-19 10:27:02,841 [df1b99cc-36f2-45b6-8e95-51c50e156f0b:group-405326F3E638:LeaderElection37] INFO  server.RaftServerConfigKeys (ConfUtils.java:logGet(43)) - raft.server.rpc.sleep.time = 25ms (default)
2019-09-19 10:27:02,841 [df1b99cc-36f2-45b6-8e95-51c50e156f0b:group-405326F3E638:LeaderElection37] INFO  server.RaftServerConfigKeys (ConfUtils.java:logGet(43)) - raft.server.write.element-limit = 4096 (default)
2019-09-19 10:27:02,841 [df1b99cc-36f2-45b6-8e95-51c50e156f0b:group-405326F3E638:LeaderElection37] INFO  server.RaftServerConfigKeys (ConfUtils.java:logGet(43)) - raft.server.watch.timeout = 10s (default)
2019-09-19 10:27:02,842 [df1b99cc-36f2-45b6-8e95-51c50e156f0b:group-405326F3E638:LeaderElection37] INFO  server.RaftServerConfigKeys (ConfUtils.java:logGet(43)) - raft.server.watch.timeout.denomination = 1s (default)
2019-09-19 10:27:02,842 [df1b99cc-36f2-45b6-8e95-51c50e156f0b:group-405326F3E638:LeaderElection37] INFO  server.RaftServerConfigKeys (ConfUtils.java:logGet(43)) - raft.server.watch.element-limit = 65536 (default)
2019-09-19 10:27:02,842 [df1b99cc-36f2-45b6-8e95-51c50e156f0b:group-405326F3E638:LeaderElection37] INFO  impl.RoleInfo (RoleInfo.java:updateAndGet(143)) - df1b99cc-36f2-45b6-8e95-51c50e156f0b: start LeaderState
2019-09-19 10:27:02,842 [df1b99cc-36f2-45b6-8e95-51c50e156f0b:group-405326F3E638:LeaderElection37] INFO  segmented.SegmentedRaftLogWorker (SegmentedRaftLogWorker.java:startLogSegment(380)) - df1b99cc-36f2-45b6-8e95-51c50e156f0b-SegmentedRaftLogWorker:Storage Directory /workdir/hadoop-ozone/ozonefs/target/test-dir/MiniOzoneClusterImpl-c4ccaed8-e682-4870-947c-cf1864f77c00/datanode-1/data/ratis/e8885dbf-61b2-4e3c-b272-405326f3e638: Starting segment from index:0
2019-09-19 10:27:02,843 [df1b99cc-36f2-45b6-8e95-51c50e156f0b:group-405326F3E638:LeaderElection37] INFO  impl.RaftServerImpl (ServerState.java:setRaftConf(361)) - df1b99cc-36f2-45b6-8e95-51c50e156f0b:group-405326F3E638 set configuration 0: [df1b99cc-36f2-45b6-8e95-51c50e156f0b:192.168.157.204:42307], old=null at 0
2019-09-19 10:27:02,874 [Thread-414] INFO  impl.FollowerState (FollowerState.java:run(106)) - c972e26d-e03f-48a1-a9e9-2dea9337c66d:group-623264F31BCC changes to CANDIDATE, lastRpcTime:5098, electionTimeout:5081ms
2019-09-19 10:27:02,874 [Thread-414] INFO  impl.RoleInfo (RoleInfo.java:shutdownFollowerState(121)) - c972e26d-e03f-48a1-a9e9-2dea9337c66d: shutdown FollowerState
2019-09-19 10:27:02,874 [Thread-414] INFO  impl.RaftServerImpl (RaftServerImpl.java:setRole(171)) - c972e26d-e03f-48a1-a9e9-2dea9337c66d:group-623264F31BCC changes role from FOLLOWER to CANDIDATE at term 0 for changeToCandidate
2019-09-19 10:27:02,874 [Thread-414] INFO  impl.RoleInfo (RoleInfo.java:updateAndGet(143)) - c972e26d-e03f-48a1-a9e9-2dea9337c66d: start LeaderElection
2019-09-19 10:27:02,884 [Thread-417] INFO  impl.FollowerState (FollowerState.java:run(106)) - 9c1babfd-24b9-43b5-a670-4d0e2dc3eec4:group-506E16BEAB47 changes to CANDIDATE, lastRpcTime:5067, electionTimeout:5067ms
2019-09-19 10:27:02,884 [Thread-417] INFO  impl.RoleInfo (RoleInfo.java:shutdownFollowerState(121)) - 9c1babfd-24b9-43b5-a670-4d0e2dc3eec4: shutdown FollowerState
2019-09-19 10:27:02,884 [Thread-417] INFO  impl.RaftServerImpl (RaftServerImpl.java:setRole(171)) - 9c1babfd-24b9-43b5-a670-4d0e2dc3eec4:group-506E16BEAB47 changes role from FOLLOWER to CANDIDATE at term 0 for changeToCandidate
2019-09-19 10:27:02,887 [df1b99cc-36f2-45b6-8e95-51c50e156f0b-SegmentedRaftLogWorker:Storage Directory /workdir/hadoop-ozone/ozonefs/target/test-dir/MiniOzoneClusterImpl-c4ccaed8-e682-4870-947c-cf1864f77c00/datanode-1/data/ratis/e8885dbf-61b2-4e3c-b272-405326f3e638] INFO  segmented.SegmentedRaftLogWorker (SegmentedRaftLogWorker.java:execute(569)) - df1b99cc-36f2-45b6-8e95-51c50e156f0b-SegmentedRaftLogWorker:Storage Directory /workdir/hadoop-ozone/ozonefs/target/test-dir/MiniOzoneClusterImpl-c4ccaed8-e682-4870-947c-cf1864f77c00/datanode-1/data/ratis/e8885dbf-61b2-4e3c-b272-405326f3e638: created new log segment /workdir/hadoop-ozone/ozonefs/target/test-dir/MiniOzoneClusterImpl-c4ccaed8-e682-4870-947c-cf1864f77c00/datanode-1/data/ratis/e8885dbf-61b2-4e3c-b272-405326f3e638/current/log_inprogress_0
2019-09-19 10:27:02,944 [Thread-420] INFO  impl.FollowerState (FollowerState.java:run(106)) - 9c1babfd-24b9-43b5-a670-4d0e2dc3eec4:group-3AF7D0803EF7 changes to CANDIDATE, lastRpcTime:5084, electionTimeout:5084ms
2019-09-19 10:27:02,944 [Thread-420] INFO  impl.RoleInfo (RoleInfo.java:shutdownFollowerState(121)) - 9c1babfd-24b9-43b5-a670-4d0e2dc3eec4: shutdown FollowerState
2019-09-19 10:27:02,944 [Thread-420] INFO  impl.RaftServerImpl (RaftServerImpl.java:setRole(171)) - 9c1babfd-24b9-43b5-a670-4d0e2dc3eec4:group-3AF7D0803EF7 changes role from FOLLOWER to CANDIDATE at term 0 for changeToCandidate
2019-09-19 10:27:02,954 [Thread-420] INFO  impl.RoleInfo (RoleInfo.java:updateAndGet(143)) - 9c1babfd-24b9-43b5-a670-4d0e2dc3eec4: start LeaderElection
2019-09-19 10:27:02,954 [Thread-417] INFO  impl.RoleInfo (RoleInfo.java:updateAndGet(143)) - 9c1babfd-24b9-43b5-a670-4d0e2dc3eec4: start LeaderElection
2019-09-19 10:27:02,967 [Thread-426] INFO  impl.FollowerState (FollowerState.java:run(106)) - 9c1babfd-24b9-43b5-a670-4d0e2dc3eec4:group-2F2A4CF80161 changes to CANDIDATE, lastRpcTime:5027, electionTimeout:5027ms
2019-09-19 10:27:02,967 [Thread-426] INFO  impl.RoleInfo (RoleInfo.java:shutdownFollowerState(121)) - 9c1babfd-24b9-43b5-a670-4d0e2dc3eec4: shutdown FollowerState
2019-09-19 10:27:02,967 [Thread-426] INFO  impl.RaftServerImpl (RaftServerImpl.java:setRole(171)) - 9c1babfd-24b9-43b5-a670-4d0e2dc3eec4:group-2F2A4CF80161 changes role from FOLLOWER to CANDIDATE at term 0 for changeToCandidate
2019-09-19 10:27:02,967 [Thread-426] INFO  impl.RoleInfo (RoleInfo.java:updateAndGet(143)) - 9c1babfd-24b9-43b5-a670-4d0e2dc3eec4: start LeaderElection
2019-09-19 10:27:02,980 [c972e26d-e03f-48a1-a9e9-2dea9337c66d:group-623264F31BCC:LeaderElection38] INFO  impl.LeaderElection (LeaderElection.java:askForVotes(181)) - c972e26d-e03f-48a1-a9e9-2dea9337c66d:group-623264F31BCC:LeaderElection38: begin an election at term 1 for -1: [c972e26d-e03f-48a1-a9e9-2dea9337c66d:192.168.157.204:45216], old=null
2019-09-19 10:27:02,980 [9c1babfd-24b9-43b5-a670-4d0e2dc3eec4:group-2F2A4CF80161:LeaderElection41] INFO  impl.LeaderElection (LeaderElection.java:askForVotes(181)) - 9c1babfd-24b9-43b5-a670-4d0e2dc3eec4:group-2F2A4CF80161:LeaderElection41: begin an election at term 1 for -1: [9c1babfd-24b9-43b5-a670-4d0e2dc3eec4:192.168.157.204:39323], old=null
2019-09-19 10:27:02,980 [c972e26d-e03f-48a1-a9e9-2dea9337c66d:group-623264F31BCC:LeaderElection38] INFO  impl.RoleInfo (RoleInfo.java:shutdownLeaderElection(134)) - c972e26d-e03f-48a1-a9e9-2dea9337c66d: shutdown LeaderElection
2019-09-19 10:27:02,980 [9c1babfd-24b9-43b5-a670-4d0e2dc3eec4:group-3AF7D0803EF7:LeaderElection40] INFO  impl.LeaderElection (LeaderElection.java:askForVotes(181)) - 9c1babfd-24b9-43b5-a670-4d0e2dc3eec4:group-3AF7D0803EF7:LeaderElection40: begin an election at term 1 for -1: [9c1babfd-24b9-43b5-a670-4d0e2dc3eec4:192.168.157.204:39323], old=null
2019-09-19 10:27:02,980 [9c1babfd-24b9-43b5-a670-4d0e2dc3eec4:group-506E16BEAB47:LeaderElection39] INFO  impl.LeaderElection (LeaderElection.java:askForVotes(181)) - 9c1babfd-24b9-43b5-a670-4d0e2dc3eec4:group-506E16BEAB47:LeaderElection39: begin an election at term 1 for -1: [9c1babfd-24b9-43b5-a670-4d0e2dc3eec4:192.168.157.204:39323], old=null
2019-09-19 10:27:02,980 [9c1babfd-24b9-43b5-a670-4d0e2dc3eec4:group-3AF7D0803EF7:LeaderElection40] INFO  impl.RoleInfo (RoleInfo.java:shutdownLeaderElection(134)) - 9c1babfd-24b9-43b5-a670-4d0e2dc3eec4: shutdown LeaderElection
2019-09-19 10:27:02,980 [c972e26d-e03f-48a1-a9e9-2dea9337c66d:group-623264F31BCC:LeaderElection38] INFO  impl.RaftServerImpl (RaftServerImpl.java:setRole(171)) - c972e26d-e03f-48a1-a9e9-2dea9337c66d:group-623264F31BCC changes role from CANDIDATE to LEADER at term 1 for changeToLeader
2019-09-19 10:27:02,980 [9c1babfd-24b9-43b5-a670-4d0e2dc3eec4:group-2F2A4CF80161:LeaderElection41] INFO  impl.RoleInfo (RoleInfo.java:shutdownLeaderElection(134)) - 9c1babfd-24b9-43b5-a670-4d0e2dc3eec4: shutdown LeaderElection
2019-09-19 10:27:02,981 [c972e26d-e03f-48a1-a9e9-2dea9337c66d:group-623264F31BCC:LeaderElection38] INFO  impl.RaftServerImpl (ServerState.java:setLeader(263)) - c972e26d-e03f-48a1-a9e9-2dea9337c66d:group-623264F31BCC change Leader from null to c972e26d-e03f-48a1-a9e9-2dea9337c66d at term 1 for becomeLeader, leader elected after 5208ms
2019-09-19 10:27:02,980 [9c1babfd-24b9-43b5-a670-4d0e2dc3eec4:group-3AF7D0803EF7:LeaderElection40] INFO  impl.RaftServerImpl (RaftServerImpl.java:setRole(171)) - 9c1babfd-24b9-43b5-a670-4d0e2dc3eec4:group-3AF7D0803EF7 changes role from CANDIDATE to LEADER at term 1 for changeToLeader
2019-09-19 10:27:02,981 [9c1babfd-24b9-43b5-a670-4d0e2dc3eec4:group-3AF7D0803EF7:LeaderElection40] INFO  impl.RaftServerImpl (ServerState.java:setLeader(263)) - 9c1babfd-24b9-43b5-a670-4d0e2dc3eec4:group-3AF7D0803EF7 change Leader from null to 9c1babfd-24b9-43b5-a670-4d0e2dc3eec4 at term 1 for becomeLeader, leader elected after 5125ms
2019-09-19 10:27:02,980 [9c1babfd-24b9-43b5-a670-4d0e2dc3eec4:group-506E16BEAB47:LeaderElection39] INFO  impl.RoleInfo (RoleInfo.java:shutdownLeaderElection(134)) - 9c1babfd-24b9-43b5-a670-4d0e2dc3eec4: shutdown LeaderElection
2019-09-19 10:27:02,981 [9c1babfd-24b9-43b5-a670-4d0e2dc3eec4:group-3AF7D0803EF7:LeaderElection40] INFO  server.RaftServerConfigKeys (ConfUtils.java:logGet(43)) - raft.server.staging.catchup.gap = 1000 (default)
2019-09-19 10:27:02,981 [c972e26d-e03f-48a1-a9e9-2dea9337c66d:group-623264F31BCC:LeaderElection38] INFO  server.RaftServerConfigKeys (ConfUtils.java:logGet(43)) - raft.server.staging.catchup.gap = 1000 (default)
2019-09-19 10:27:02,981 [c972e26d-e03f-48a1-a9e9-2dea9337c66d:group-623264F31BCC:LeaderElection38] INFO  server.RaftServerConfigKeys (ConfUtils.java:logGet(43)) - raft.server.rpc.sleep.time = 25ms (default)
2019-09-19 10:27:02,981 [9c1babfd-24b9-43b5-a670-4d0e2dc3eec4:group-2F2A4CF80161:LeaderElection41] INFO  impl.RaftServerImpl (RaftServerImpl.java:setRole(171)) - 9c1babfd-24b9-43b5-a670-4d0e2dc3eec4:group-2F2A4CF80161 changes role from CANDIDATE to LEADER at term 1 for changeToLeader
2019-09-19 10:27:02,981 [c972e26d-e03f-48a1-a9e9-2dea9337c66d:group-623264F31BCC:LeaderElection38] INFO  server.RaftServerConfigKeys (ConfUtils.java:logGet(43)) - raft.server.write.element-limit = 4096 (default)
2019-09-19 10:27:02,981 [9c1babfd-24b9-43b5-a670-4d0e2dc3eec4:group-3AF7D0803EF7:LeaderElection40] INFO  server.RaftServerConfigKeys (ConfUtils.java:logGet(43)) - raft.server.rpc.sleep.time = 25ms (default)
2019-09-19 10:27:02,981 [9c1babfd-24b9-43b5-a670-4d0e2dc3eec4:group-506E16BEAB47:LeaderElection39] INFO  impl.RaftServerImpl (RaftServerImpl.java:setRole(171)) - 9c1babfd-24b9-43b5-a670-4d0e2dc3eec4:group-506E16BEAB47 changes role from CANDIDATE to LEADER at term 1 for changeToLeader
2019-09-19 10:27:02,982 [9c1babfd-24b9-43b5-a670-4d0e2dc3eec4:group-3AF7D0803EF7:LeaderElection40] INFO  server.RaftServerConfigKeys (ConfUtils.java:logGet(43)) - raft.server.write.element-limit = 4096 (default)
2019-09-19 10:27:02,982 [c972e26d-e03f-48a1-a9e9-2dea9337c66d:group-623264F31BCC:LeaderElection38] INFO  server.RaftServerConfigKeys (ConfUtils.java:logGet(43)) - raft.server.watch.timeout = 10s (default)
2019-09-19 10:27:02,982 [9c1babfd-24b9-43b5-a670-4d0e2dc3eec4:group-2F2A4CF80161:LeaderElection41] INFO  impl.RaftServerImpl (ServerState.java:setLeader(263)) - 9c1babfd-24b9-43b5-a670-4d0e2dc3eec4:group-2F2A4CF80161 change Leader from null to 9c1babfd-24b9-43b5-a670-4d0e2dc3eec4 at term 1 for becomeLeader, leader elected after 5045ms
2019-09-19 10:27:02,982 [c972e26d-e03f-48a1-a9e9-2dea9337c66d:group-623264F31BCC:LeaderElection38] INFO  server.RaftServerConfigKeys (ConfUtils.java:logGet(43)) - raft.server.watch.timeout.denomination = 1s (default)
2019-09-19 10:27:02,982 [9c1babfd-24b9-43b5-a670-4d0e2dc3eec4:group-3AF7D0803EF7:LeaderElection40] INFO  server.RaftServerConfigKeys (ConfUtils.java:logGet(43)) - raft.server.watch.timeout = 10s (default)
2019-09-19 10:27:02,982 [9c1babfd-24b9-43b5-a670-4d0e2dc3eec4:group-506E16BEAB47:LeaderElection39] INFO  impl.RaftServerImpl (ServerState.java:setLeader(263)) - 9c1babfd-24b9-43b5-a670-4d0e2dc3eec4:group-506E16BEAB47 change Leader from null to 9c1babfd-24b9-43b5-a670-4d0e2dc3eec4 at term 1 for becomeLeader, leader elected after 5169ms
2019-09-19 10:27:02,982 [9c1babfd-24b9-43b5-a670-4d0e2dc3eec4:group-3AF7D0803EF7:LeaderElection40] INFO  server.RaftServerConfigKeys (ConfUtils.java:logGet(43)) - raft.server.watch.timeout.denomination = 1s (default)
2019-09-19 10:27:02,982 [c972e26d-e03f-48a1-a9e9-2dea9337c66d:group-623264F31BCC:LeaderElection38] INFO  server.RaftServerConfigKeys (ConfUtils.java:logGet(43)) - raft.server.watch.element-limit = 65536 (default)
2019-09-19 10:27:02,982 [9c1babfd-24b9-43b5-a670-4d0e2dc3eec4:group-2F2A4CF80161:LeaderElection41] INFO  server.RaftServerConfigKeys (ConfUtils.java:logGet(43)) - raft.server.staging.catchup.gap = 1000 (default)
2019-09-19 10:27:02,983 [c972e26d-e03f-48a1-a9e9-2dea9337c66d:group-623264F31BCC:LeaderElection38] INFO  impl.RoleInfo (RoleInfo.java:updateAndGet(143)) - c972e26d-e03f-48a1-a9e9-2dea9337c66d: start LeaderState
2019-09-19 10:27:02,983 [9c1babfd-24b9-43b5-a670-4d0e2dc3eec4:group-3AF7D0803EF7:LeaderElection40] INFO  server.RaftServerConfigKeys (ConfUtils.java:logGet(43)) - raft.server.watch.element-limit = 65536 (default)
2019-09-19 10:27:02,983 [9c1babfd-24b9-43b5-a670-4d0e2dc3eec4:group-506E16BEAB47:LeaderElection39] INFO  server.RaftServerConfigKeys (ConfUtils.java:logGet(43)) - raft.server.staging.catchup.gap = 1000 (default)
2019-09-19 10:27:02,983 [9c1babfd-24b9-43b5-a670-4d0e2dc3eec4:group-3AF7D0803EF7:LeaderElection40] INFO  impl.RoleInfo (RoleInfo.java:updateAndGet(143)) - 9c1babfd-24b9-43b5-a670-4d0e2dc3eec4: start LeaderState
2019-09-19 10:27:02,983 [c972e26d-e03f-48a1-a9e9-2dea9337c66d:group-623264F31BCC:LeaderElection38] INFO  segmented.SegmentedRaftLogWorker (SegmentedRaftLogWorker.java:startLogSegment(380)) - c972e26d-e03f-48a1-a9e9-2dea9337c66d-SegmentedRaftLogWorker:Storage Directory /workdir/hadoop-ozone/ozonefs/target/test-dir/MiniOzoneClusterImpl-c4ccaed8-e682-4870-947c-cf1864f77c00/datanode-7/data/ratis/6020ab4c-b44c-42cd-a170-623264f31bcc: Starting segment from index:0
2019-09-19 10:27:02,983 [9c1babfd-24b9-43b5-a670-4d0e2dc3eec4:group-2F2A4CF80161:LeaderElection41] INFO  server.RaftServerConfigKeys (ConfUtils.java:logGet(43)) - raft.server.rpc.sleep.time = 25ms (default)
2019-09-19 10:27:02,983 [9c1babfd-24b9-43b5-a670-4d0e2dc3eec4:group-3AF7D0803EF7:LeaderElection40] INFO  segmented.SegmentedRaftLogWorker (SegmentedRaftLogWorker.java:startLogSegment(380)) - 9c1babfd-24b9-43b5-a670-4d0e2dc3eec4-SegmentedRaftLogWorker:Storage Directory /workdir/hadoop-ozone/ozonefs/target/test-dir/MiniOzoneClusterImpl-c4ccaed8-e682-4870-947c-cf1864f77c00/datanode-5/data/ratis/b95ec50f-233a-4087-a16f-3af7d0803ef7: Starting segment from index:0
2019-09-19 10:27:02,983 [9c1babfd-24b9-43b5-a670-4d0e2dc3eec4:group-506E16BEAB47:LeaderElection39] INFO  server.RaftServerConfigKeys (ConfUtils.java:logGet(43)) - raft.server.rpc.sleep.time = 25ms (default)
2019-09-19 10:27:02,984 [9c1babfd-24b9-43b5-a670-4d0e2dc3eec4:group-2F2A4CF80161:LeaderElection41] INFO  server.RaftServerConfigKeys (ConfUtils.java:logGet(43)) - raft.server.write.element-limit = 4096 (default)
2019-09-19 10:27:02,984 [9c1babfd-24b9-43b5-a670-4d0e2dc3eec4:group-506E16BEAB47:LeaderElection39] INFO  server.RaftServerConfigKeys (ConfUtils.java:logGet(43)) - raft.server.write.element-limit = 4096 (default)
2019-09-19 10:27:02,984 [c972e26d-e03f-48a1-a9e9-2dea9337c66d:group-623264F31BCC:LeaderElection38] INFO  impl.RaftServerImpl (ServerState.java:setRaftConf(361)) - c972e26d-e03f-48a1-a9e9-2dea9337c66d:group-623264F31BCC set configuration 0: [c972e26d-e03f-48a1-a9e9-2dea9337c66d:192.168.157.204:45216], old=null at 0
2019-09-19 10:27:02,984 [9c1babfd-24b9-43b5-a670-4d0e2dc3eec4:group-506E16BEAB47:LeaderElection39] INFO  server.RaftServerConfigKeys (ConfUtils.java:logGet(43)) - raft.server.watch.timeout = 10s (default)
2019-09-19 10:27:02,984 [9c1babfd-24b9-43b5-a670-4d0e2dc3eec4:group-2F2A4CF80161:LeaderElection41] INFO  server.RaftServerConfigKeys (ConfUtils.java:logGet(43)) - raft.server.watch.timeout = 10s (default)
2019-09-19 10:27:02,984 [9c1babfd-24b9-43b5-a670-4d0e2dc3eec4:group-3AF7D0803EF7:LeaderElection40] INFO  impl.RaftServerImpl (ServerState.java:setRaftConf(361)) - 9c1babfd-24b9-43b5-a670-4d0e2dc3eec4:group-3AF7D0803EF7 set configuration 0: [9c1babfd-24b9-43b5-a670-4d0e2dc3eec4:192.168.157.204:39323], old=null at 0
2019-09-19 10:27:03,024 [9c1babfd-24b9-43b5-a670-4d0e2dc3eec4:group-2F2A4CF80161:LeaderElection41] INFO  server.RaftServerConfigKeys (ConfUtils.java:logGet(43)) - raft.server.watch.timeout.denomination = 1s (default)
2019-09-19 10:27:03,024 [9c1babfd-24b9-43b5-a670-4d0e2dc3eec4:group-506E16BEAB47:LeaderElection39] INFO  server.RaftServerConfigKeys (ConfUtils.java:logGet(43)) - raft.server.watch.timeout.denomination = 1s (default)
2019-09-19 10:27:03,023 [Thread-423] INFO  impl.FollowerState (FollowerState.java:run(106)) - df1b99cc-36f2-45b6-8e95-51c50e156f0b:group-D0F6E3FA12C3 changes to CANDIDATE, lastRpcTime:5124, electionTimeout:5110ms
2019-09-19 10:27:03,034 [9c1babfd-24b9-43b5-a670-4d0e2dc3eec4:group-506E16BEAB47:LeaderElection39] INFO  server.RaftServerConfigKeys (ConfUtils.java:logGet(43)) - raft.server.watch.element-limit = 65536 (default)
2019-09-19 10:27:03,033 [9c1babfd-24b9-43b5-a670-4d0e2dc3eec4:group-2F2A4CF80161:LeaderElection41] INFO  server.RaftServerConfigKeys (ConfUtils.java:logGet(43)) - raft.server.watch.element-limit = 65536 (default)
2019-09-19 10:27:03,034 [Thread-423] INFO  impl.RoleInfo (RoleInfo.java:shutdownFollowerState(121)) - df1b99cc-36f2-45b6-8e95-51c50e156f0b: shutdown FollowerState
2019-09-19 10:27:03,034 [9c1babfd-24b9-43b5-a670-4d0e2dc3eec4:group-2F2A4CF80161:LeaderElection41] INFO  impl.RoleInfo (RoleInfo.java:updateAndGet(143)) - 9c1babfd-24b9-43b5-a670-4d0e2dc3eec4: start LeaderState
2019-09-19 10:27:03,034 [9c1babfd-24b9-43b5-a670-4d0e2dc3eec4:group-506E16BEAB47:LeaderElection39] INFO  impl.RoleInfo (RoleInfo.java:updateAndGet(143)) - 9c1babfd-24b9-43b5-a670-4d0e2dc3eec4: start LeaderState
2019-09-19 10:27:03,034 [Thread-423] INFO  impl.RaftServerImpl (RaftServerImpl.java:setRole(171)) - df1b99cc-36f2-45b6-8e95-51c50e156f0b:group-D0F6E3FA12C3 changes role from FOLLOWER to CANDIDATE at term 0 for changeToCandidate
2019-09-19 10:27:03,035 [9c1babfd-24b9-43b5-a670-4d0e2dc3eec4:group-506E16BEAB47:LeaderElection39] INFO  segmented.SegmentedRaftLogWorker (SegmentedRaftLogWorker.java:startLogSegment(380)) - 9c1babfd-24b9-43b5-a670-4d0e2dc3eec4-SegmentedRaftLogWorker:Storage Directory /workdir/hadoop-ozone/ozonefs/target/test-dir/MiniOzoneClusterImpl-c4ccaed8-e682-4870-947c-cf1864f77c00/datanode-5/data/ratis/7302ee0a-b4c0-4d45-9a1c-506e16beab47: Starting segment from index:0
2019-09-19 10:27:03,035 [9c1babfd-24b9-43b5-a670-4d0e2dc3eec4:group-2F2A4CF80161:LeaderElection41] INFO  segmented.SegmentedRaftLogWorker (SegmentedRaftLogWorker.java:startLogSegment(380)) - 9c1babfd-24b9-43b5-a670-4d0e2dc3eec4-SegmentedRaftLogWorker:Storage Directory /workdir/hadoop-ozone/ozonefs/target/test-dir/MiniOzoneClusterImpl-c4ccaed8-e682-4870-947c-cf1864f77c00/datanode-5/data/ratis/df871b4d-beb7-495d-85ae-2f2a4cf80161: Starting segment from index:0
2019-09-19 10:27:03,035 [Thread-423] INFO  impl.RoleInfo (RoleInfo.java:updateAndGet(143)) - df1b99cc-36f2-45b6-8e95-51c50e156f0b: start LeaderElection
2019-09-19 10:27:03,059 [c972e26d-e03f-48a1-a9e9-2dea9337c66d-SegmentedRaftLogWorker:Storage Directory /workdir/hadoop-ozone/ozonefs/target/test-dir/MiniOzoneClusterImpl-c4ccaed8-e682-4870-947c-cf1864f77c00/datanode-7/data/ratis/6020ab4c-b44c-42cd-a170-623264f31bcc] INFO  segmented.SegmentedRaftLogWorker (SegmentedRaftLogWorker.java:execute(569)) - c972e26d-e03f-48a1-a9e9-2dea9337c66d-SegmentedRaftLogWorker:Storage Directory /workdir/hadoop-ozone/ozonefs/target/test-dir/MiniOzoneClusterImpl-c4ccaed8-e682-4870-947c-cf1864f77c00/datanode-7/data/ratis/6020ab4c-b44c-42cd-a170-623264f31bcc: created new log segment /workdir/hadoop-ozone/ozonefs/target/test-dir/MiniOzoneClusterImpl-c4ccaed8-e682-4870-947c-cf1864f77c00/datanode-7/data/ratis/6020ab4c-b44c-42cd-a170-623264f31bcc/current/log_inprogress_0
2019-09-19 10:27:03,059 [9c1babfd-24b9-43b5-a670-4d0e2dc3eec4-SegmentedRaftLogWorker:Storage Directory /workdir/hadoop-ozone/ozonefs/target/test-dir/MiniOzoneClusterImpl-c4ccaed8-e682-4870-947c-cf1864f77c00/datanode-5/data/ratis/b95ec50f-233a-4087-a16f-3af7d0803ef7] INFO  segmented.SegmentedRaftLogWorker (SegmentedRaftLogWorker.java:execute(569)) - 9c1babfd-24b9-43b5-a670-4d0e2dc3eec4-SegmentedRaftLogWorker:Storage Directory /workdir/hadoop-ozone/ozonefs/target/test-dir/MiniOzoneClusterImpl-c4ccaed8-e682-4870-947c-cf1864f77c00/datanode-5/data/ratis/b95ec50f-233a-4087-a16f-3af7d0803ef7: created new log segment /workdir/hadoop-ozone/ozonefs/target/test-dir/MiniOzoneClusterImpl-c4ccaed8-e682-4870-947c-cf1864f77c00/datanode-5/data/ratis/b95ec50f-233a-4087-a16f-3af7d0803ef7/current/log_inprogress_0
2019-09-19 10:27:03,078 [Thread-431] INFO  impl.FollowerState (FollowerState.java:run(106)) - 10ec1051-6571-4c90-b3f9-a3c2840a089b:group-08FF54B01145 changes to CANDIDATE, lastRpcTime:5069, electionTimeout:5069ms
2019-09-19 10:27:03,078 [Thread-431] INFO  impl.RoleInfo (RoleInfo.java:shutdownFollowerState(121)) - 10ec1051-6571-4c90-b3f9-a3c2840a089b: shutdown FollowerState
2019-09-19 10:27:03,078 [Thread-431] INFO  impl.RaftServerImpl (RaftServerImpl.java:setRole(171)) - 10ec1051-6571-4c90-b3f9-a3c2840a089b:group-08FF54B01145 changes role from FOLLOWER to CANDIDATE at term 0 for changeToCandidate
2019-09-19 10:27:03,084 [9c1babfd-24b9-43b5-a670-4d0e2dc3eec4-SegmentedRaftLogWorker:Storage Directory /workdir/hadoop-ozone/ozonefs/target/test-dir/MiniOzoneClusterImpl-c4ccaed8-e682-4870-947c-cf1864f77c00/datanode-5/data/ratis/7302ee0a-b4c0-4d45-9a1c-506e16beab47] INFO  segmented.SegmentedRaftLogWorker (SegmentedRaftLogWorker.java:execute(569)) - 9c1babfd-24b9-43b5-a670-4d0e2dc3eec4-SegmentedRaftLogWorker:Storage Directory /workdir/hadoop-ozone/ozonefs/target/test-dir/MiniOzoneClusterImpl-c4ccaed8-e682-4870-947c-cf1864f77c00/datanode-5/data/ratis/7302ee0a-b4c0-4d45-9a1c-506e16beab47: created new log segment /workdir/hadoop-ozone/ozonefs/target/test-dir/MiniOzoneClusterImpl-c4ccaed8-e682-4870-947c-cf1864f77c00/datanode-5/data/ratis/7302ee0a-b4c0-4d45-9a1c-506e16beab47/current/log_inprogress_0
2019-09-19 10:27:03,110 [Thread-437] INFO  impl.FollowerState (FollowerState.java:run(106)) - c972e26d-e03f-48a1-a9e9-2dea9337c66d:group-32BD2B2B0DD4 changes to CANDIDATE, lastRpcTime:5006, electionTimeout:5006ms
2019-09-19 10:27:03,110 [Thread-437] INFO  impl.RoleInfo (RoleInfo.java:shutdownFollowerState(121)) - c972e26d-e03f-48a1-a9e9-2dea9337c66d: shutdown FollowerState
2019-09-19 10:27:03,110 [Thread-437] INFO  impl.RaftServerImpl (RaftServerImpl.java:setRole(171)) - c972e26d-e03f-48a1-a9e9-2dea9337c66d:group-32BD2B2B0DD4 changes role from FOLLOWER to CANDIDATE at term 0 for changeToCandidate
2019-09-19 10:27:03,161 [Thread-434] INFO  impl.FollowerState (FollowerState.java:run(106)) - c972e26d-e03f-48a1-a9e9-2dea9337c66d:group-B48E0DA9C832 changes to CANDIDATE, lastRpcTime:5128, electionTimeout:5128ms
2019-09-19 10:27:03,161 [Thread-434] INFO  impl.RoleInfo (RoleInfo.java:shutdownFollowerState(121)) - c972e26d-e03f-48a1-a9e9-2dea9337c66d: shutdown FollowerState
2019-09-19 10:27:03,161 [Thread-434] INFO  impl.RaftServerImpl (RaftServerImpl.java:setRole(171)) - c972e26d-e03f-48a1-a9e9-2dea9337c66d:group-B48E0DA9C832 changes role from FOLLOWER to CANDIDATE at term 0 for changeToCandidate
2019-09-19 10:27:03,180 [Thread-440] INFO  impl.FollowerState (FollowerState.java:run(106)) - 39513c05-534c-4cc1-a39c-034925eb3fe7:group-EC166159EB9F changes to CANDIDATE, lastRpcTime:5031, electionTimeout:5031ms
2019-09-19 10:27:03,180 [Thread-440] INFO  impl.RoleInfo (RoleInfo.java:shutdownFollowerState(121)) - 39513c05-534c-4cc1-a39c-034925eb3fe7: shutdown FollowerState
2019-09-19 10:27:03,180 [Thread-440] INFO  impl.RaftServerImpl (RaftServerImpl.java:setRole(171)) - 39513c05-534c-4cc1-a39c-034925eb3fe7:group-EC166159EB9F changes role from FOLLOWER to CANDIDATE at term 0 for changeToCandidate
2019-09-19 10:27:03,187 [Thread-440] INFO  impl.RoleInfo (RoleInfo.java:updateAndGet(143)) - 39513c05-534c-4cc1-a39c-034925eb3fe7: start LeaderElection
2019-09-19 10:27:03,187 [9c1babfd-24b9-43b5-a670-4d0e2dc3eec4:group-506E16BEAB47:LeaderElection39] INFO  impl.RaftServerImpl (ServerState.java:setRaftConf(361)) - 9c1babfd-24b9-43b5-a670-4d0e2dc3eec4:group-506E16BEAB47 set configuration 0: [9c1babfd-24b9-43b5-a670-4d0e2dc3eec4:192.168.157.204:39323], old=null at 0
2019-09-19 10:27:03,187 [Thread-431] INFO  impl.RoleInfo (RoleInfo.java:updateAndGet(143)) - 10ec1051-6571-4c90-b3f9-a3c2840a089b: start LeaderElection
2019-09-19 10:27:03,187 [Thread-437] INFO  impl.RoleInfo (RoleInfo.java:updateAndGet(143)) - c972e26d-e03f-48a1-a9e9-2dea9337c66d: start LeaderElection
2019-09-19 10:27:03,187 [Thread-434] INFO  impl.RoleInfo (RoleInfo.java:updateAndGet(143)) - c972e26d-e03f-48a1-a9e9-2dea9337c66d: start LeaderElection
2019-09-19 10:27:03,188 [9c1babfd-24b9-43b5-a670-4d0e2dc3eec4:group-2F2A4CF80161:LeaderElection41] INFO  impl.RaftServerImpl (ServerState.java:setRaftConf(361)) - 9c1babfd-24b9-43b5-a670-4d0e2dc3eec4:group-2F2A4CF80161 set configuration 0: [9c1babfd-24b9-43b5-a670-4d0e2dc3eec4:192.168.157.204:39323], old=null at 0
2019-09-19 10:27:03,245 [9c1babfd-24b9-43b5-a670-4d0e2dc3eec4-SegmentedRaftLogWorker:Storage Directory /workdir/hadoop-ozone/ozonefs/target/test-dir/MiniOzoneClusterImpl-c4ccaed8-e682-4870-947c-cf1864f77c00/datanode-5/data/ratis/df871b4d-beb7-495d-85ae-2f2a4cf80161] INFO  segmented.SegmentedRaftLogWorker (SegmentedRaftLogWorker.java:execute(569)) - 9c1babfd-24b9-43b5-a670-4d0e2dc3eec4-SegmentedRaftLogWorker:Storage Directory /workdir/hadoop-ozone/ozonefs/target/test-dir/MiniOzoneClusterImpl-c4ccaed8-e682-4870-947c-cf1864f77c00/datanode-5/data/ratis/df871b4d-beb7-495d-85ae-2f2a4cf80161: created new log segment /workdir/hadoop-ozone/ozonefs/target/test-dir/MiniOzoneClusterImpl-c4ccaed8-e682-4870-947c-cf1864f77c00/datanode-5/data/ratis/df871b4d-beb7-495d-85ae-2f2a4cf80161/current/log_inprogress_0
2019-09-19 10:27:03,245 [10ec1051-6571-4c90-b3f9-a3c2840a089b:group-08FF54B01145:LeaderElection43] INFO  impl.LeaderElection (LeaderElection.java:askForVotes(181)) - 10ec1051-6571-4c90-b3f9-a3c2840a089b:group-08FF54B01145:LeaderElection43: begin an election at term 1 for -1: [10ec1051-6571-4c90-b3f9-a3c2840a089b:192.168.157.204:40066], old=null
2019-09-19 10:27:03,245 [c972e26d-e03f-48a1-a9e9-2dea9337c66d:group-32BD2B2B0DD4:LeaderElection44] INFO  impl.LeaderElection (LeaderElection.java:askForVotes(181)) - c972e26d-e03f-48a1-a9e9-2dea9337c66d:group-32BD2B2B0DD4:LeaderElection44: begin an election at term 1 for -1: [c972e26d-e03f-48a1-a9e9-2dea9337c66d:192.168.157.204:45216], old=null
2019-09-19 10:27:03,245 [df1b99cc-36f2-45b6-8e95-51c50e156f0b:group-D0F6E3FA12C3:LeaderElection42] INFO  impl.LeaderElection (LeaderElection.java:askForVotes(181)) - df1b99cc-36f2-45b6-8e95-51c50e156f0b:group-D0F6E3FA12C3:LeaderElection42: begin an election at term 1 for -1: [df1b99cc-36f2-45b6-8e95-51c50e156f0b:192.168.157.204:42307], old=null
2019-09-19 10:27:03,245 [c972e26d-e03f-48a1-a9e9-2dea9337c66d:group-B48E0DA9C832:LeaderElection45] INFO  impl.LeaderElection (LeaderElection.java:askForVotes(181)) - c972e26d-e03f-48a1-a9e9-2dea9337c66d:group-B48E0DA9C832:LeaderElection45: begin an election at term 1 for -1: [c972e26d-e03f-48a1-a9e9-2dea9337c66d:192.168.157.204:45216], old=null
2019-09-19 10:27:03,245 [39513c05-534c-4cc1-a39c-034925eb3fe7:group-EC166159EB9F:LeaderElection46] INFO  impl.LeaderElection (LeaderElection.java:askForVotes(181)) - 39513c05-534c-4cc1-a39c-034925eb3fe7:group-EC166159EB9F:LeaderElection46: begin an election at term 1 for -1: [39513c05-534c-4cc1-a39c-034925eb3fe7:192.168.157.204:32932], old=null
2019-09-19 10:27:03,245 [c972e26d-e03f-48a1-a9e9-2dea9337c66d:group-B48E0DA9C832:LeaderElection45] INFO  impl.RoleInfo (RoleInfo.java:shutdownLeaderElection(134)) - c972e26d-e03f-48a1-a9e9-2dea9337c66d: shutdown LeaderElection
2019-09-19 10:27:03,245 [df1b99cc-36f2-45b6-8e95-51c50e156f0b:group-D0F6E3FA12C3:LeaderElection42] INFO  impl.RoleInfo (RoleInfo.java:shutdownLeaderElection(134)) - df1b99cc-36f2-45b6-8e95-51c50e156f0b: shutdown LeaderElection
2019-09-19 10:27:03,245 [c972e26d-e03f-48a1-a9e9-2dea9337c66d:group-32BD2B2B0DD4:LeaderElection44] INFO  impl.RoleInfo (RoleInfo.java:shutdownLeaderElection(134)) - c972e26d-e03f-48a1-a9e9-2dea9337c66d: shutdown LeaderElection
2019-09-19 10:27:03,245 [10ec1051-6571-4c90-b3f9-a3c2840a089b:group-08FF54B01145:LeaderElection43] INFO  impl.RoleInfo (RoleInfo.java:shutdownLeaderElection(134)) - 10ec1051-6571-4c90-b3f9-a3c2840a089b: shutdown LeaderElection
2019-09-19 10:27:03,246 [c972e26d-e03f-48a1-a9e9-2dea9337c66d:group-32BD2B2B0DD4:LeaderElection44] INFO  impl.RaftServerImpl (RaftServerImpl.java:setRole(171)) - c972e26d-e03f-48a1-a9e9-2dea9337c66d:group-32BD2B2B0DD4 changes role from CANDIDATE to LEADER at term 1 for changeToLeader
2019-09-19 10:27:03,246 [df1b99cc-36f2-45b6-8e95-51c50e156f0b:group-D0F6E3FA12C3:LeaderElection42] INFO  impl.RaftServerImpl (RaftServerImpl.java:setRole(171)) - df1b99cc-36f2-45b6-8e95-51c50e156f0b:group-D0F6E3FA12C3 changes role from CANDIDATE to LEADER at term 1 for changeToLeader
2019-09-19 10:27:03,246 [df1b99cc-36f2-45b6-8e95-51c50e156f0b:group-D0F6E3FA12C3:LeaderElection42] INFO  impl.RaftServerImpl (ServerState.java:setLeader(263)) - df1b99cc-36f2-45b6-8e95-51c50e156f0b:group-D0F6E3FA12C3 change Leader from null to df1b99cc-36f2-45b6-8e95-51c50e156f0b at term 1 for becomeLeader, leader elected after 5350ms
2019-09-19 10:27:03,246 [c972e26d-e03f-48a1-a9e9-2dea9337c66d:group-B48E0DA9C832:LeaderElection45] INFO  impl.RaftServerImpl (RaftServerImpl.java:setRole(171)) - c972e26d-e03f-48a1-a9e9-2dea9337c66d:group-B48E0DA9C832 changes role from CANDIDATE to LEADER at term 1 for changeToLeader
2019-09-19 10:27:03,246 [c972e26d-e03f-48a1-a9e9-2dea9337c66d:group-B48E0DA9C832:LeaderElection45] INFO  impl.RaftServerImpl (ServerState.java:setLeader(263)) - c972e26d-e03f-48a1-a9e9-2dea9337c66d:group-B48E0DA9C832 change Leader from null to c972e26d-e03f-48a1-a9e9-2dea9337c66d at term 1 for becomeLeader, leader elected after 5217ms
2019-09-19 10:27:03,246 [39513c05-534c-4cc1-a39c-034925eb3fe7:group-EC166159EB9F:LeaderElection46] INFO  impl.RoleInfo (RoleInfo.java:shutdownLeaderElection(134)) - 39513c05-534c-4cc1-a39c-034925eb3fe7: shutdown LeaderElection
2019-09-19 10:27:03,246 [c972e26d-e03f-48a1-a9e9-2dea9337c66d:group-B48E0DA9C832:LeaderElection45] INFO  server.RaftServerConfigKeys (ConfUtils.java:logGet(43)) - raft.server.staging.catchup.gap = 1000 (default)
2019-09-19 10:27:03,246 [df1b99cc-36f2-45b6-8e95-51c50e156f0b:group-D0F6E3FA12C3:LeaderElection42] INFO  server.RaftServerConfigKeys (ConfUtils.java:logGet(43)) - raft.server.staging.catchup.gap = 1000 (default)
2019-09-19 10:27:03,247 [df1b99cc-36f2-45b6-8e95-51c50e156f0b:group-D0F6E3FA12C3:LeaderElection42] INFO  server.RaftServerConfigKeys (ConfUtils.java:logGet(43)) - raft.server.rpc.sleep.time = 25ms (default)
2019-09-19 10:27:03,246 [c972e26d-e03f-48a1-a9e9-2dea9337c66d:group-32BD2B2B0DD4:LeaderElection44] INFO  impl.RaftServerImpl (ServerState.java:setLeader(263)) - c972e26d-e03f-48a1-a9e9-2dea9337c66d:group-32BD2B2B0DD4 change Leader from null to c972e26d-e03f-48a1-a9e9-2dea9337c66d at term 1 for becomeLeader, leader elected after 5147ms
2019-09-19 10:27:03,246 [10ec1051-6571-4c90-b3f9-a3c2840a089b:group-08FF54B01145:LeaderElection43] INFO  impl.RaftServerImpl (RaftServerImpl.java:setRole(171)) - 10ec1051-6571-4c90-b3f9-a3c2840a089b:group-08FF54B01145 changes role from CANDIDATE to LEADER at term 1 for changeToLeader
2019-09-19 10:27:03,247 [df1b99cc-36f2-45b6-8e95-51c50e156f0b:group-D0F6E3FA12C3:LeaderElection42] INFO  server.RaftServerConfigKeys (ConfUtils.java:logGet(43)) - raft.server.write.element-limit = 4096 (default)
2019-09-19 10:27:03,247 [c972e26d-e03f-48a1-a9e9-2dea9337c66d:group-32BD2B2B0DD4:LeaderElection44] INFO  server.RaftServerConfigKeys (ConfUtils.java:logGet(43)) - raft.server.staging.catchup.gap = 1000 (default)
2019-09-19 10:27:03,247 [c972e26d-e03f-48a1-a9e9-2dea9337c66d:group-32BD2B2B0DD4:LeaderElection44] INFO  server.RaftServerConfigKeys (ConfUtils.java:logGet(43)) - raft.server.rpc.sleep.time = 25ms (default)
2019-09-19 10:27:03,247 [c972e26d-e03f-48a1-a9e9-2dea9337c66d:group-B48E0DA9C832:LeaderElection45] INFO  server.RaftServerConfigKeys (ConfUtils.java:logGet(43)) - raft.server.rpc.sleep.time = 25ms (default)
2019-09-19 10:27:03,247 [39513c05-534c-4cc1-a39c-034925eb3fe7:group-EC166159EB9F:LeaderElection46] INFO  impl.RaftServerImpl (RaftServerImpl.java:setRole(171)) - 39513c05-534c-4cc1-a39c-034925eb3fe7:group-EC166159EB9F changes role from CANDIDATE to LEADER at term 1 for changeToLeader
2019-09-19 10:27:03,248 [c972e26d-e03f-48a1-a9e9-2dea9337c66d:group-B48E0DA9C832:LeaderElection45] INFO  server.RaftServerConfigKeys (ConfUtils.java:logGet(43)) - raft.server.write.element-limit = 4096 (default)
2019-09-19 10:27:03,248 [c972e26d-e03f-48a1-a9e9-2dea9337c66d:group-32BD2B2B0DD4:LeaderElection44] INFO  server.RaftServerConfigKeys (ConfUtils.java:logGet(43)) - raft.server.write.element-limit = 4096 (default)
2019-09-19 10:27:03,247 [df1b99cc-36f2-45b6-8e95-51c50e156f0b:group-D0F6E3FA12C3:LeaderElection42] INFO  server.RaftServerConfigKeys (ConfUtils.java:logGet(43)) - raft.server.watch.timeout = 10s (default)
2019-09-19 10:27:03,247 [10ec1051-6571-4c90-b3f9-a3c2840a089b:group-08FF54B01145:LeaderElection43] INFO  impl.RaftServerImpl (ServerState.java:setLeader(263)) - 10ec1051-6571-4c90-b3f9-a3c2840a089b:group-08FF54B01145 change Leader from null to 10ec1051-6571-4c90-b3f9-a3c2840a089b at term 1 for becomeLeader, leader elected after 5253ms
2019-09-19 10:27:03,248 [df1b99cc-36f2-45b6-8e95-51c50e156f0b:group-D0F6E3FA12C3:LeaderElection42] INFO  server.RaftServerConfigKeys (ConfUtils.java:logGet(43)) - raft.server.watch.timeout.denomination = 1s (default)
2019-09-19 10:27:03,248 [c972e26d-e03f-48a1-a9e9-2dea9337c66d:group-32BD2B2B0DD4:LeaderElection44] INFO  server.RaftServerConfigKeys (ConfUtils.java:logGet(43)) - raft.server.watch.timeout = 10s (default)
2019-09-19 10:27:03,248 [c972e26d-e03f-48a1-a9e9-2dea9337c66d:group-32BD2B2B0DD4:LeaderElection44] INFO  server.RaftServerConfigKeys (ConfUtils.java:logGet(43)) - raft.server.watch.timeout.denomination = 1s (default)
2019-09-19 10:27:03,248 [c972e26d-e03f-48a1-a9e9-2dea9337c66d:group-B48E0DA9C832:LeaderElection45] INFO  server.RaftServerConfigKeys (ConfUtils.java:logGet(43)) - raft.server.watch.timeout = 10s (default)
2019-09-19 10:27:03,248 [39513c05-534c-4cc1-a39c-034925eb3fe7:group-EC166159EB9F:LeaderElection46] INFO  impl.RaftServerImpl (ServerState.java:setLeader(263)) - 39513c05-534c-4cc1-a39c-034925eb3fe7:group-EC166159EB9F change Leader from null to 39513c05-534c-4cc1-a39c-034925eb3fe7 at term 1 for becomeLeader, leader elected after 5103ms
2019-09-19 10:27:03,249 [c972e26d-e03f-48a1-a9e9-2dea9337c66d:group-B48E0DA9C832:LeaderElection45] INFO  server.RaftServerConfigKeys (ConfUtils.java:logGet(43)) - raft.server.watch.timeout.denomination = 1s (default)
2019-09-19 10:27:03,248 [c972e26d-e03f-48a1-a9e9-2dea9337c66d:group-32BD2B2B0DD4:LeaderElection44] INFO  server.RaftServerConfigKeys (ConfUtils.java:logGet(43)) - raft.server.watch.element-limit = 65536 (default)
2019-09-19 10:27:03,248 [df1b99cc-36f2-45b6-8e95-51c50e156f0b:group-D0F6E3FA12C3:LeaderElection42] INFO  server.RaftServerConfigKeys (ConfUtils.java:logGet(43)) - raft.server.watch.element-limit = 65536 (default)
2019-09-19 10:27:03,248 [10ec1051-6571-4c90-b3f9-a3c2840a089b:group-08FF54B01145:LeaderElection43] INFO  server.RaftServerConfigKeys (ConfUtils.java:logGet(43)) - raft.server.staging.catchup.gap = 1000 (default)
2019-09-19 10:27:03,249 [c972e26d-e03f-48a1-a9e9-2dea9337c66d:group-32BD2B2B0DD4:LeaderElection44] INFO  impl.RoleInfo (RoleInfo.java:updateAndGet(143)) - c972e26d-e03f-48a1-a9e9-2dea9337c66d: start LeaderState
2019-09-19 10:27:03,249 [c972e26d-e03f-48a1-a9e9-2dea9337c66d:group-B48E0DA9C832:LeaderElection45] INFO  server.RaftServerConfigKeys (ConfUtils.java:logGet(43)) - raft.server.watch.element-limit = 65536 (default)
2019-09-19 10:27:03,249 [39513c05-534c-4cc1-a39c-034925eb3fe7:group-EC166159EB9F:LeaderElection46] INFO  server.RaftServerConfigKeys (ConfUtils.java:logGet(43)) - raft.server.staging.catchup.gap = 1000 (default)
2019-09-19 10:27:03,249 [c972e26d-e03f-48a1-a9e9-2dea9337c66d:group-B48E0DA9C832:LeaderElection45] INFO  impl.RoleInfo (RoleInfo.java:updateAndGet(143)) - c972e26d-e03f-48a1-a9e9-2dea9337c66d: start LeaderState
2019-09-19 10:27:03,249 [c972e26d-e03f-48a1-a9e9-2dea9337c66d:group-32BD2B2B0DD4:LeaderElection44] INFO  segmented.SegmentedRaftLogWorker (SegmentedRaftLogWorker.java:startLogSegment(380)) - c972e26d-e03f-48a1-a9e9-2dea9337c66d-SegmentedRaftLogWorker:Storage Directory /workdir/hadoop-ozone/ozonefs/target/test-dir/MiniOzoneClusterImpl-c4ccaed8-e682-4870-947c-cf1864f77c00/datanode-7/data/ratis/4e4e0c07-6cbd-40ff-9382-32bd2b2b0dd4: Starting segment from index:0
2019-09-19 10:27:03,249 [df1b99cc-36f2-45b6-8e95-51c50e156f0b:group-D0F6E3FA12C3:LeaderElection42] INFO  impl.RoleInfo (RoleInfo.java:updateAndGet(143)) - df1b99cc-36f2-45b6-8e95-51c50e156f0b: start LeaderState
2019-09-19 10:27:03,249 [10ec1051-6571-4c90-b3f9-a3c2840a089b:group-08FF54B01145:LeaderElection43] INFO  server.RaftServerConfigKeys (ConfUtils.java:logGet(43)) - raft.server.rpc.sleep.time = 25ms (default)
2019-09-19 10:27:03,250 [df1b99cc-36f2-45b6-8e95-51c50e156f0b:group-D0F6E3FA12C3:LeaderElection42] INFO  segmented.SegmentedRaftLogWorker (SegmentedRaftLogWorker.java:startLogSegment(380)) - df1b99cc-36f2-45b6-8e95-51c50e156f0b-SegmentedRaftLogWorker:Storage Directory /workdir/hadoop-ozone/ozonefs/target/test-dir/MiniOzoneClusterImpl-c4ccaed8-e682-4870-947c-cf1864f77c00/datanode-1/data/ratis/ac48dc11-867f-49d7-b7c9-d0f6e3fa12c3: Starting segment from index:0
2019-09-19 10:27:03,250 [c972e26d-e03f-48a1-a9e9-2dea9337c66d:group-B48E0DA9C832:LeaderElection45] INFO  segmented.SegmentedRaftLogWorker (SegmentedRaftLogWorker.java:startLogSegment(380)) - c972e26d-e03f-48a1-a9e9-2dea9337c66d-SegmentedRaftLogWorker:Storage Directory /workdir/hadoop-ozone/ozonefs/target/test-dir/MiniOzoneClusterImpl-c4ccaed8-e682-4870-947c-cf1864f77c00/datanode-7/data/ratis/94ece680-d66c-4742-990f-b48e0da9c832: Starting segment from index:0
2019-09-19 10:27:03,249 [39513c05-534c-4cc1-a39c-034925eb3fe7:group-EC166159EB9F:LeaderElection46] INFO  server.RaftServerConfigKeys (ConfUtils.java:logGet(43)) - raft.server.rpc.sleep.time = 25ms (default)
2019-09-19 10:27:03,250 [c972e26d-e03f-48a1-a9e9-2dea9337c66d:group-32BD2B2B0DD4:LeaderElection44] INFO  impl.RaftServerImpl (ServerState.java:setRaftConf(361)) - c972e26d-e03f-48a1-a9e9-2dea9337c66d:group-32BD2B2B0DD4 set configuration 0: [c972e26d-e03f-48a1-a9e9-2dea9337c66d:192.168.157.204:45216], old=null at 0
2019-09-19 10:27:03,250 [10ec1051-6571-4c90-b3f9-a3c2840a089b:group-08FF54B01145:LeaderElection43] INFO  server.RaftServerConfigKeys (ConfUtils.java:logGet(43)) - raft.server.write.element-limit = 4096 (default)
2019-09-19 10:27:03,322 [c972e26d-e03f-48a1-a9e9-2dea9337c66d:group-B48E0DA9C832:LeaderElection45] INFO  impl.RaftServerImpl (ServerState.java:setRaftConf(361)) - c972e26d-e03f-48a1-a9e9-2dea9337c66d:group-B48E0DA9C832 set configuration 0: [c972e26d-e03f-48a1-a9e9-2dea9337c66d:192.168.157.204:45216], old=null at 0
2019-09-19 10:27:03,286 [39513c05-534c-4cc1-a39c-034925eb3fe7:group-EC166159EB9F:LeaderElection46] INFO  server.RaftServerConfigKeys (ConfUtils.java:logGet(43)) - raft.server.write.element-limit = 4096 (default)
2019-09-19 10:27:03,348 [df1b99cc-36f2-45b6-8e95-51c50e156f0b-SegmentedRaftLogWorker:Storage Directory /workdir/hadoop-ozone/ozonefs/target/test-dir/MiniOzoneClusterImpl-c4ccaed8-e682-4870-947c-cf1864f77c00/datanode-1/data/ratis/ac48dc11-867f-49d7-b7c9-d0f6e3fa12c3] INFO  segmented.SegmentedRaftLogWorker (SegmentedRaftLogWorker.java:execute(569)) - df1b99cc-36f2-45b6-8e95-51c50e156f0b-SegmentedRaftLogWorker:Storage Directory /workdir/hadoop-ozone/ozonefs/target/test-dir/MiniOzoneClusterImpl-c4ccaed8-e682-4870-947c-cf1864f77c00/datanode-1/data/ratis/ac48dc11-867f-49d7-b7c9-d0f6e3fa12c3: created new log segment /workdir/hadoop-ozone/ozonefs/target/test-dir/MiniOzoneClusterImpl-c4ccaed8-e682-4870-947c-cf1864f77c00/datanode-1/data/ratis/ac48dc11-867f-49d7-b7c9-d0f6e3fa12c3/current/log_inprogress_0
2019-09-19 10:27:03,348 [c972e26d-e03f-48a1-a9e9-2dea9337c66d-SegmentedRaftLogWorker:Storage Directory /workdir/hadoop-ozone/ozonefs/target/test-dir/MiniOzoneClusterImpl-c4ccaed8-e682-4870-947c-cf1864f77c00/datanode-7/data/ratis/4e4e0c07-6cbd-40ff-9382-32bd2b2b0dd4] INFO  segmented.SegmentedRaftLogWorker (SegmentedRaftLogWorker.java:execute(569)) - c972e26d-e03f-48a1-a9e9-2dea9337c66d-SegmentedRaftLogWorker:Storage Directory /workdir/hadoop-ozone/ozonefs/target/test-dir/MiniOzoneClusterImpl-c4ccaed8-e682-4870-947c-cf1864f77c00/datanode-7/data/ratis/4e4e0c07-6cbd-40ff-9382-32bd2b2b0dd4: created new log segment /workdir/hadoop-ozone/ozonefs/target/test-dir/MiniOzoneClusterImpl-c4ccaed8-e682-4870-947c-cf1864f77c00/datanode-7/data/ratis/4e4e0c07-6cbd-40ff-9382-32bd2b2b0dd4/current/log_inprogress_0
2019-09-19 10:27:03,322 [10ec1051-6571-4c90-b3f9-a3c2840a089b:group-08FF54B01145:LeaderElection43] INFO  server.RaftServerConfigKeys (ConfUtils.java:logGet(43)) - raft.server.watch.timeout = 10s (default)
2019-09-19 10:27:03,322 [df1b99cc-36f2-45b6-8e95-51c50e156f0b:group-D0F6E3FA12C3:LeaderElection42] INFO  impl.RaftServerImpl (ServerState.java:setRaftConf(361)) - df1b99cc-36f2-45b6-8e95-51c50e156f0b:group-D0F6E3FA12C3 set configuration 0: [df1b99cc-36f2-45b6-8e95-51c50e156f0b:192.168.157.204:42307], old=null at 0
2019-09-19 10:27:03,349 [10ec1051-6571-4c90-b3f9-a3c2840a089b:group-08FF54B01145:LeaderElection43] INFO  server.RaftServerConfigKeys (ConfUtils.java:logGet(43)) - raft.server.watch.timeout.denomination = 1s (default)
2019-09-19 10:27:03,348 [39513c05-534c-4cc1-a39c-034925eb3fe7:group-EC166159EB9F:LeaderElection46] INFO  server.RaftServerConfigKeys (ConfUtils.java:logGet(43)) - raft.server.watch.timeout = 10s (default)
2019-09-19 10:27:03,351 [10ec1051-6571-4c90-b3f9-a3c2840a089b:group-08FF54B01145:LeaderElection43] INFO  server.RaftServerConfigKeys (ConfUtils.java:logGet(43)) - raft.server.watch.element-limit = 65536 (default)
2019-09-19 10:27:03,351 [39513c05-534c-4cc1-a39c-034925eb3fe7:group-EC166159EB9F:LeaderElection46] INFO  server.RaftServerConfigKeys (ConfUtils.java:logGet(43)) - raft.server.watch.timeout.denomination = 1s (default)
2019-09-19 10:27:03,351 [10ec1051-6571-4c90-b3f9-a3c2840a089b:group-08FF54B01145:LeaderElection43] INFO  impl.RoleInfo (RoleInfo.java:updateAndGet(143)) - 10ec1051-6571-4c90-b3f9-a3c2840a089b: start LeaderState
2019-09-19 10:27:03,351 [39513c05-534c-4cc1-a39c-034925eb3fe7:group-EC166159EB9F:LeaderElection46] INFO  server.RaftServerConfigKeys (ConfUtils.java:logGet(43)) - raft.server.watch.element-limit = 65536 (default)
2019-09-19 10:27:03,351 [10ec1051-6571-4c90-b3f9-a3c2840a089b:group-08FF54B01145:LeaderElection43] INFO  segmented.SegmentedRaftLogWorker (SegmentedRaftLogWorker.java:startLogSegment(380)) - 10ec1051-6571-4c90-b3f9-a3c2840a089b-SegmentedRaftLogWorker:Storage Directory /workdir/hadoop-ozone/ozonefs/target/test-dir/MiniOzoneClusterImpl-c4ccaed8-e682-4870-947c-cf1864f77c00/datanode-8/data/ratis/5b89c30b-508a-4cd9-9212-08ff54b01145: Starting segment from index:0
2019-09-19 10:27:03,351 [39513c05-534c-4cc1-a39c-034925eb3fe7:group-EC166159EB9F:LeaderElection46] INFO  impl.RoleInfo (RoleInfo.java:updateAndGet(143)) - 39513c05-534c-4cc1-a39c-034925eb3fe7: start LeaderState
2019-09-19 10:27:03,352 [39513c05-534c-4cc1-a39c-034925eb3fe7:group-EC166159EB9F:LeaderElection46] INFO  segmented.SegmentedRaftLogWorker (SegmentedRaftLogWorker.java:startLogSegment(380)) - 39513c05-534c-4cc1-a39c-034925eb3fe7-SegmentedRaftLogWorker:Storage Directory /workdir/hadoop-ozone/ozonefs/target/test-dir/MiniOzoneClusterImpl-c4ccaed8-e682-4870-947c-cf1864f77c00/datanode-9/data/ratis/cf02eac7-d14b-4119-a738-ec166159eb9f: Starting segment from index:0
2019-09-19 10:27:03,498 [10ec1051-6571-4c90-b3f9-a3c2840a089b:group-08FF54B01145:LeaderElection43] INFO  impl.RaftServerImpl (ServerState.java:setRaftConf(361)) - 10ec1051-6571-4c90-b3f9-a3c2840a089b:group-08FF54B01145 set configuration 0: [10ec1051-6571-4c90-b3f9-a3c2840a089b:192.168.157.204:40066], old=null at 0
2019-09-19 10:27:03,498 [39513c05-534c-4cc1-a39c-034925eb3fe7:group-EC166159EB9F:LeaderElection46] INFO  impl.RaftServerImpl (ServerState.java:setRaftConf(361)) - 39513c05-534c-4cc1-a39c-034925eb3fe7:group-EC166159EB9F set configuration 0: [39513c05-534c-4cc1-a39c-034925eb3fe7:192.168.157.204:32932], old=null at 0
2019-09-19 10:27:03,539 [c972e26d-e03f-48a1-a9e9-2dea9337c66d-SegmentedRaftLogWorker:Storage Directory /workdir/hadoop-ozone/ozonefs/target/test-dir/MiniOzoneClusterImpl-c4ccaed8-e682-4870-947c-cf1864f77c00/datanode-7/data/ratis/94ece680-d66c-4742-990f-b48e0da9c832] INFO  segmented.SegmentedRaftLogWorker (SegmentedRaftLogWorker.java:execute(569)) - c972e26d-e03f-48a1-a9e9-2dea9337c66d-SegmentedRaftLogWorker:Storage Directory /workdir/hadoop-ozone/ozonefs/target/test-dir/MiniOzoneClusterImpl-c4ccaed8-e682-4870-947c-cf1864f77c00/datanode-7/data/ratis/94ece680-d66c-4742-990f-b48e0da9c832: created new log segment /workdir/hadoop-ozone/ozonefs/target/test-dir/MiniOzoneClusterImpl-c4ccaed8-e682-4870-947c-cf1864f77c00/datanode-7/data/ratis/94ece680-d66c-4742-990f-b48e0da9c832/current/log_inprogress_0
2019-09-19 10:27:03,549 | INFO  | SCMAudit | user=jenkins1000 | ip=192.168.157.204 | op=SEND_HEARTBEAT {datanodeUUID=39513c05-534c-4cc1-a39c-034925eb3fe7, command=[]} | ret=SUCCESS |  
2019-09-19 10:27:03,549 | INFO  | SCMAudit | user=jenkins1000 | ip=192.168.157.204 | op=SEND_HEARTBEAT {datanodeUUID=8b25b6fb-e7f9-4ea8-8d7d-823d8ea82140, command=[]} | ret=SUCCESS |  
2019-09-19 10:27:03,549 | INFO  | SCMAudit | user=jenkins1000 | ip=192.168.157.204 | op=SEND_HEARTBEAT {datanodeUUID=10ec1051-6571-4c90-b3f9-a3c2840a089b, command=[]} | ret=SUCCESS |  
2019-09-19 10:27:03,549 | INFO  | SCMAudit | user=jenkins1000 | ip=192.168.157.204 | op=SEND_HEARTBEAT {datanodeUUID=1692dd7e-eca0-4ee0-be13-a7fe013a1be4, command=[]} | ret=SUCCESS |  
2019-09-19 10:27:03,549 | INFO  | SCMAudit | user=jenkins1000 | ip=192.168.157.204 | op=SEND_HEARTBEAT {datanodeUUID=df1b99cc-36f2-45b6-8e95-51c50e156f0b, command=[]} | ret=SUCCESS |  
2019-09-19 10:27:03,549 | INFO  | SCMAudit | user=jenkins1000 | ip=192.168.157.204 | op=SEND_HEARTBEAT {datanodeUUID=f4f61464-0bdf-492b-ac84-d659f01f9139, command=[]} | ret=SUCCESS |  
2019-09-19 10:27:03,550 | INFO  | SCMAudit | user=jenkins1000 | ip=192.168.157.204 | op=SEND_HEARTBEAT {datanodeUUID=7e4b2fb6-17ca-4cf7-9c63-77c56d6e2e1f, command=[]} | ret=SUCCESS |  
2019-09-19 10:27:03,550 | INFO  | SCMAudit | user=jenkins1000 | ip=192.168.157.204 | op=SEND_HEARTBEAT {datanodeUUID=c972e26d-e03f-48a1-a9e9-2dea9337c66d, command=[]} | ret=SUCCESS |  
2019-09-19 10:27:03,630 [Thread-450] INFO  impl.FollowerState (FollowerState.java:run(106)) - c972e26d-e03f-48a1-a9e9-2dea9337c66d:group-408089282ED5 changes to CANDIDATE, lastRpcTime:5018, electionTimeout:5018ms
2019-09-19 10:27:03,630 [Thread-450] INFO  impl.RoleInfo (RoleInfo.java:shutdownFollowerState(121)) - c972e26d-e03f-48a1-a9e9-2dea9337c66d: shutdown FollowerState
2019-09-19 10:27:03,631 [Thread-450] INFO  impl.RaftServerImpl (RaftServerImpl.java:setRole(171)) - c972e26d-e03f-48a1-a9e9-2dea9337c66d:group-408089282ED5 changes role from FOLLOWER to CANDIDATE at term 0 for changeToCandidate
2019-09-19 10:27:03,631 [Thread-450] INFO  impl.RoleInfo (RoleInfo.java:updateAndGet(143)) - c972e26d-e03f-48a1-a9e9-2dea9337c66d: start LeaderElection
2019-09-19 10:27:03,704 [Thread-447] INFO  impl.FollowerState (FollowerState.java:run(106)) - c972e26d-e03f-48a1-a9e9-2dea9337c66d:group-07D41EB7B362 changes to CANDIDATE, lastRpcTime:5137, electionTimeout:5137ms
2019-09-19 10:27:03,704 [Thread-447] INFO  impl.RoleInfo (RoleInfo.java:shutdownFollowerState(121)) - c972e26d-e03f-48a1-a9e9-2dea9337c66d: shutdown FollowerState
2019-09-19 10:27:03,704 [Thread-447] INFO  impl.RaftServerImpl (RaftServerImpl.java:setRole(171)) - c972e26d-e03f-48a1-a9e9-2dea9337c66d:group-07D41EB7B362 changes role from FOLLOWER to CANDIDATE at term 0 for changeToCandidate
2019-09-19 10:27:03,705 [Thread-447] INFO  impl.RoleInfo (RoleInfo.java:updateAndGet(143)) - c972e26d-e03f-48a1-a9e9-2dea9337c66d: start LeaderElection
2019-09-19 10:27:03,719 [Thread-453] INFO  impl.FollowerState (FollowerState.java:run(106)) - c972e26d-e03f-48a1-a9e9-2dea9337c66d:group-D29441FD3CDD changes to CANDIDATE, lastRpcTime:5070, electionTimeout:5070ms
2019-09-19 10:27:03,719 [Thread-453] INFO  impl.RoleInfo (RoleInfo.java:shutdownFollowerState(121)) - c972e26d-e03f-48a1-a9e9-2dea9337c66d: shutdown FollowerState
2019-09-19 10:27:03,719 [Thread-453] INFO  impl.RaftServerImpl (RaftServerImpl.java:setRole(171)) - c972e26d-e03f-48a1-a9e9-2dea9337c66d:group-D29441FD3CDD changes role from FOLLOWER to CANDIDATE at term 0 for changeToCandidate
2019-09-19 10:27:03,720 [Thread-453] INFO  impl.RoleInfo (RoleInfo.java:updateAndGet(143)) - c972e26d-e03f-48a1-a9e9-2dea9337c66d: start LeaderElection
2019-09-19 10:27:03,758 [10ec1051-6571-4c90-b3f9-a3c2840a089b-SegmentedRaftLogWorker:Storage Directory /workdir/hadoop-ozone/ozonefs/target/test-dir/MiniOzoneClusterImpl-c4ccaed8-e682-4870-947c-cf1864f77c00/datanode-8/data/ratis/5b89c30b-508a-4cd9-9212-08ff54b01145] INFO  segmented.SegmentedRaftLogWorker (SegmentedRaftLogWorker.java:execute(569)) - 10ec1051-6571-4c90-b3f9-a3c2840a089b-SegmentedRaftLogWorker:Storage Directory /workdir/hadoop-ozone/ozonefs/target/test-dir/MiniOzoneClusterImpl-c4ccaed8-e682-4870-947c-cf1864f77c00/datanode-8/data/ratis/5b89c30b-508a-4cd9-9212-08ff54b01145: created new log segment /workdir/hadoop-ozone/ozonefs/target/test-dir/MiniOzoneClusterImpl-c4ccaed8-e682-4870-947c-cf1864f77c00/datanode-8/data/ratis/5b89c30b-508a-4cd9-9212-08ff54b01145/current/log_inprogress_0
2019-09-19 10:27:03,760 [39513c05-534c-4cc1-a39c-034925eb3fe7-SegmentedRaftLogWorker:Storage Directory /workdir/hadoop-ozone/ozonefs/target/test-dir/MiniOzoneClusterImpl-c4ccaed8-e682-4870-947c-cf1864f77c00/datanode-9/data/ratis/cf02eac7-d14b-4119-a738-ec166159eb9f] INFO  segmented.SegmentedRaftLogWorker (SegmentedRaftLogWorker.java:execute(569)) - 39513c05-534c-4cc1-a39c-034925eb3fe7-SegmentedRaftLogWorker:Storage Directory /workdir/hadoop-ozone/ozonefs/target/test-dir/MiniOzoneClusterImpl-c4ccaed8-e682-4870-947c-cf1864f77c00/datanode-9/data/ratis/cf02eac7-d14b-4119-a738-ec166159eb9f: created new log segment /workdir/hadoop-ozone/ozonefs/target/test-dir/MiniOzoneClusterImpl-c4ccaed8-e682-4870-947c-cf1864f77c00/datanode-9/data/ratis/cf02eac7-d14b-4119-a738-ec166159eb9f/current/log_inprogress_0
2019-09-19 10:27:03,760 [c972e26d-e03f-48a1-a9e9-2dea9337c66d:group-07D41EB7B362:LeaderElection48] INFO  impl.LeaderElection (LeaderElection.java:askForVotes(181)) - c972e26d-e03f-48a1-a9e9-2dea9337c66d:group-07D41EB7B362:LeaderElection48: begin an election at term 1 for -1: [c972e26d-e03f-48a1-a9e9-2dea9337c66d:192.168.157.204:45216], old=null
2019-09-19 10:27:03,760 [c972e26d-e03f-48a1-a9e9-2dea9337c66d:group-408089282ED5:LeaderElection47] INFO  impl.LeaderElection (LeaderElection.java:askForVotes(181)) - c972e26d-e03f-48a1-a9e9-2dea9337c66d:group-408089282ED5:LeaderElection47: begin an election at term 1 for -1: [c972e26d-e03f-48a1-a9e9-2dea9337c66d:192.168.157.204:45216], old=null
2019-09-19 10:27:03,760 [c972e26d-e03f-48a1-a9e9-2dea9337c66d:group-D29441FD3CDD:LeaderElection49] INFO  impl.LeaderElection (LeaderElection.java:askForVotes(181)) - c972e26d-e03f-48a1-a9e9-2dea9337c66d:group-D29441FD3CDD:LeaderElection49: begin an election at term 1 for -1: [c972e26d-e03f-48a1-a9e9-2dea9337c66d:192.168.157.204:45216], old=null
2019-09-19 10:27:03,760 [c972e26d-e03f-48a1-a9e9-2dea9337c66d:group-408089282ED5:LeaderElection47] INFO  impl.RoleInfo (RoleInfo.java:shutdownLeaderElection(134)) - c972e26d-e03f-48a1-a9e9-2dea9337c66d: shutdown LeaderElection
2019-09-19 10:27:03,760 [c972e26d-e03f-48a1-a9e9-2dea9337c66d:group-07D41EB7B362:LeaderElection48] INFO  impl.RoleInfo (RoleInfo.java:shutdownLeaderElection(134)) - c972e26d-e03f-48a1-a9e9-2dea9337c66d: shutdown LeaderElection
2019-09-19 10:27:03,761 [c972e26d-e03f-48a1-a9e9-2dea9337c66d:group-408089282ED5:LeaderElection47] INFO  impl.RaftServerImpl (RaftServerImpl.java:setRole(171)) - c972e26d-e03f-48a1-a9e9-2dea9337c66d:group-408089282ED5 changes role from CANDIDATE to LEADER at term 1 for changeToLeader
2019-09-19 10:27:03,761 [c972e26d-e03f-48a1-a9e9-2dea9337c66d:group-D29441FD3CDD:LeaderElection49] INFO  impl.RoleInfo (RoleInfo.java:shutdownLeaderElection(134)) - c972e26d-e03f-48a1-a9e9-2dea9337c66d: shutdown LeaderElection
2019-09-19 10:27:03,761 [c972e26d-e03f-48a1-a9e9-2dea9337c66d:group-408089282ED5:LeaderElection47] INFO  impl.RaftServerImpl (ServerState.java:setLeader(263)) - c972e26d-e03f-48a1-a9e9-2dea9337c66d:group-408089282ED5 change Leader from null to c972e26d-e03f-48a1-a9e9-2dea9337c66d at term 1 for becomeLeader, leader elected after 5154ms
2019-09-19 10:27:03,761 [c972e26d-e03f-48a1-a9e9-2dea9337c66d:group-07D41EB7B362:LeaderElection48] INFO  impl.RaftServerImpl (RaftServerImpl.java:setRole(171)) - c972e26d-e03f-48a1-a9e9-2dea9337c66d:group-07D41EB7B362 changes role from CANDIDATE to LEADER at term 1 for changeToLeader
2019-09-19 10:27:03,761 [c972e26d-e03f-48a1-a9e9-2dea9337c66d:group-408089282ED5:LeaderElection47] INFO  server.RaftServerConfigKeys (ConfUtils.java:logGet(43)) - raft.server.staging.catchup.gap = 1000 (default)
2019-09-19 10:27:03,761 [c972e26d-e03f-48a1-a9e9-2dea9337c66d:group-D29441FD3CDD:LeaderElection49] INFO  impl.RaftServerImpl (RaftServerImpl.java:setRole(171)) - c972e26d-e03f-48a1-a9e9-2dea9337c66d:group-D29441FD3CDD changes role from CANDIDATE to LEADER at term 1 for changeToLeader
2019-09-19 10:27:03,762 [c972e26d-e03f-48a1-a9e9-2dea9337c66d:group-408089282ED5:LeaderElection47] INFO  server.RaftServerConfigKeys (ConfUtils.java:logGet(43)) - raft.server.rpc.sleep.time = 25ms (default)
2019-09-19 10:27:03,762 [c972e26d-e03f-48a1-a9e9-2dea9337c66d:group-07D41EB7B362:LeaderElection48] INFO  impl.RaftServerImpl (ServerState.java:setLeader(263)) - c972e26d-e03f-48a1-a9e9-2dea9337c66d:group-07D41EB7B362 change Leader from null to c972e26d-e03f-48a1-a9e9-2dea9337c66d at term 1 for becomeLeader, leader elected after 5242ms
2019-09-19 10:27:03,762 [c972e26d-e03f-48a1-a9e9-2dea9337c66d:group-408089282ED5:LeaderElection47] INFO  server.RaftServerConfigKeys (ConfUtils.java:logGet(43)) - raft.server.write.element-limit = 4096 (default)
2019-09-19 10:27:03,762 [c972e26d-e03f-48a1-a9e9-2dea9337c66d:group-D29441FD3CDD:LeaderElection49] INFO  impl.RaftServerImpl (ServerState.java:setLeader(263)) - c972e26d-e03f-48a1-a9e9-2dea9337c66d:group-D29441FD3CDD change Leader from null to c972e26d-e03f-48a1-a9e9-2dea9337c66d at term 1 for becomeLeader, leader elected after 5117ms
2019-09-19 10:27:03,762 [c972e26d-e03f-48a1-a9e9-2dea9337c66d:group-408089282ED5:LeaderElection47] INFO  server.RaftServerConfigKeys (ConfUtils.java:logGet(43)) - raft.server.watch.timeout = 10s (default)
2019-09-19 10:27:03,762 [c972e26d-e03f-48a1-a9e9-2dea9337c66d:group-07D41EB7B362:LeaderElection48] INFO  server.RaftServerConfigKeys (ConfUtils.java:logGet(43)) - raft.server.staging.catchup.gap = 1000 (default)
2019-09-19 10:27:03,763 [c972e26d-e03f-48a1-a9e9-2dea9337c66d:group-408089282ED5:LeaderElection47] INFO  server.RaftServerConfigKeys (ConfUtils.java:logGet(43)) - raft.server.watch.timeout.denomination = 1s (default)
2019-09-19 10:27:03,763 [c972e26d-e03f-48a1-a9e9-2dea9337c66d:group-D29441FD3CDD:LeaderElection49] INFO  server.RaftServerConfigKeys (ConfUtils.java:logGet(43)) - raft.server.staging.catchup.gap = 1000 (default)
2019-09-19 10:27:03,763 [c972e26d-e03f-48a1-a9e9-2dea9337c66d:group-408089282ED5:LeaderElection47] INFO  server.RaftServerConfigKeys (ConfUtils.java:logGet(43)) - raft.server.watch.element-limit = 65536 (default)
2019-09-19 10:27:03,763 [c972e26d-e03f-48a1-a9e9-2dea9337c66d:group-07D41EB7B362:LeaderElection48] INFO  server.RaftServerConfigKeys (ConfUtils.java:logGet(43)) - raft.server.rpc.sleep.time = 25ms (default)
2019-09-19 10:27:03,763 [c972e26d-e03f-48a1-a9e9-2dea9337c66d:group-408089282ED5:LeaderElection47] INFO  impl.RoleInfo (RoleInfo.java:updateAndGet(143)) - c972e26d-e03f-48a1-a9e9-2dea9337c66d: start LeaderState
2019-09-19 10:27:03,763 [c972e26d-e03f-48a1-a9e9-2dea9337c66d:group-D29441FD3CDD:LeaderElection49] INFO  server.RaftServerConfigKeys (ConfUtils.java:logGet(43)) - raft.server.rpc.sleep.time = 25ms (default)
2019-09-19 10:27:03,764 [c972e26d-e03f-48a1-a9e9-2dea9337c66d:group-07D41EB7B362:LeaderElection48] INFO  server.RaftServerConfigKeys (ConfUtils.java:logGet(43)) - raft.server.write.element-limit = 4096 (default)
2019-09-19 10:27:03,764 [c972e26d-e03f-48a1-a9e9-2dea9337c66d:group-408089282ED5:LeaderElection47] INFO  segmented.SegmentedRaftLogWorker (SegmentedRaftLogWorker.java:startLogSegment(380)) - c972e26d-e03f-48a1-a9e9-2dea9337c66d-SegmentedRaftLogWorker:Storage Directory /workdir/hadoop-ozone/ozonefs/target/test-dir/MiniOzoneClusterImpl-c4ccaed8-e682-4870-947c-cf1864f77c00/datanode-7/data/ratis/4243327d-4e22-4677-85c6-408089282ed5: Starting segment from index:0
2019-09-19 10:27:03,764 [c972e26d-e03f-48a1-a9e9-2dea9337c66d:group-D29441FD3CDD:LeaderElection49] INFO  server.RaftServerConfigKeys (ConfUtils.java:logGet(43)) - raft.server.write.element-limit = 4096 (default)
2019-09-19 10:27:03,764 [c972e26d-e03f-48a1-a9e9-2dea9337c66d:group-07D41EB7B362:LeaderElection48] INFO  server.RaftServerConfigKeys (ConfUtils.java:logGet(43)) - raft.server.watch.timeout = 10s (default)
2019-09-19 10:27:03,764 [c972e26d-e03f-48a1-a9e9-2dea9337c66d:group-D29441FD3CDD:LeaderElection49] INFO  server.RaftServerConfigKeys (ConfUtils.java:logGet(43)) - raft.server.watch.timeout = 10s (default)
2019-09-19 10:27:03,765 [c972e26d-e03f-48a1-a9e9-2dea9337c66d:group-07D41EB7B362:LeaderElection48] INFO  server.RaftServerConfigKeys (ConfUtils.java:logGet(43)) - raft.server.watch.timeout.denomination = 1s (default)
2019-09-19 10:27:03,765 [c972e26d-e03f-48a1-a9e9-2dea9337c66d:group-408089282ED5:LeaderElection47] INFO  impl.RaftServerImpl (ServerState.java:setRaftConf(361)) - c972e26d-e03f-48a1-a9e9-2dea9337c66d:group-408089282ED5 set configuration 0: [c972e26d-e03f-48a1-a9e9-2dea9337c66d:192.168.157.204:45216], old=null at 0
2019-09-19 10:27:03,765 [c972e26d-e03f-48a1-a9e9-2dea9337c66d:group-D29441FD3CDD:LeaderElection49] INFO  server.RaftServerConfigKeys (ConfUtils.java:logGet(43)) - raft.server.watch.timeout.denomination = 1s (default)
2019-09-19 10:27:03,765 [c972e26d-e03f-48a1-a9e9-2dea9337c66d:group-07D41EB7B362:LeaderElection48] INFO  server.RaftServerConfigKeys (ConfUtils.java:logGet(43)) - raft.server.watch.element-limit = 65536 (default)
2019-09-19 10:27:03,765 [c972e26d-e03f-48a1-a9e9-2dea9337c66d:group-D29441FD3CDD:LeaderElection49] INFO  server.RaftServerConfigKeys (ConfUtils.java:logGet(43)) - raft.server.watch.element-limit = 65536 (default)
2019-09-19 10:27:03,766 [c972e26d-e03f-48a1-a9e9-2dea9337c66d:group-07D41EB7B362:LeaderElection48] INFO  impl.RoleInfo (RoleInfo.java:updateAndGet(143)) - c972e26d-e03f-48a1-a9e9-2dea9337c66d: start LeaderState
2019-09-19 10:27:03,766 [c972e26d-e03f-48a1-a9e9-2dea9337c66d:group-D29441FD3CDD:LeaderElection49] INFO  impl.RoleInfo (RoleInfo.java:updateAndGet(143)) - c972e26d-e03f-48a1-a9e9-2dea9337c66d: start LeaderState
2019-09-19 10:27:03,766 [c972e26d-e03f-48a1-a9e9-2dea9337c66d:group-07D41EB7B362:LeaderElection48] INFO  segmented.SegmentedRaftLogWorker (SegmentedRaftLogWorker.java:startLogSegment(380)) - c972e26d-e03f-48a1-a9e9-2dea9337c66d-SegmentedRaftLogWorker:Storage Directory /workdir/hadoop-ozone/ozonefs/target/test-dir/MiniOzoneClusterImpl-c4ccaed8-e682-4870-947c-cf1864f77c00/datanode-7/data/ratis/d97128a8-c0d2-41ff-996c-07d41eb7b362: Starting segment from index:0
2019-09-19 10:27:03,766 [c972e26d-e03f-48a1-a9e9-2dea9337c66d:group-D29441FD3CDD:LeaderElection49] INFO  segmented.SegmentedRaftLogWorker (SegmentedRaftLogWorker.java:startLogSegment(380)) - c972e26d-e03f-48a1-a9e9-2dea9337c66d-SegmentedRaftLogWorker:Storage Directory /workdir/hadoop-ozone/ozonefs/target/test-dir/MiniOzoneClusterImpl-c4ccaed8-e682-4870-947c-cf1864f77c00/datanode-7/data/ratis/03ff9907-d8a7-4fb4-a560-d29441fd3cdd: Starting segment from index:0
2019-09-19 10:27:03,766 [c972e26d-e03f-48a1-a9e9-2dea9337c66d:group-07D41EB7B362:LeaderElection48] INFO  impl.RaftServerImpl (ServerState.java:setRaftConf(361)) - c972e26d-e03f-48a1-a9e9-2dea9337c66d:group-07D41EB7B362 set configuration 0: [c972e26d-e03f-48a1-a9e9-2dea9337c66d:192.168.157.204:45216], old=null at 0
2019-09-19 10:27:03,767 [c972e26d-e03f-48a1-a9e9-2dea9337c66d:group-D29441FD3CDD:LeaderElection49] INFO  impl.RaftServerImpl (ServerState.java:setRaftConf(361)) - c972e26d-e03f-48a1-a9e9-2dea9337c66d:group-D29441FD3CDD set configuration 0: [c972e26d-e03f-48a1-a9e9-2dea9337c66d:192.168.157.204:45216], old=null at 0
2019-09-19 10:27:03,814 [c972e26d-e03f-48a1-a9e9-2dea9337c66d-SegmentedRaftLogWorker:Storage Directory /workdir/hadoop-ozone/ozonefs/target/test-dir/MiniOzoneClusterImpl-c4ccaed8-e682-4870-947c-cf1864f77c00/datanode-7/data/ratis/d97128a8-c0d2-41ff-996c-07d41eb7b362] INFO  segmented.SegmentedRaftLogWorker (SegmentedRaftLogWorker.java:execute(569)) - c972e26d-e03f-48a1-a9e9-2dea9337c66d-SegmentedRaftLogWorker:Storage Directory /workdir/hadoop-ozone/ozonefs/target/test-dir/MiniOzoneClusterImpl-c4ccaed8-e682-4870-947c-cf1864f77c00/datanode-7/data/ratis/d97128a8-c0d2-41ff-996c-07d41eb7b362: created new log segment /workdir/hadoop-ozone/ozonefs/target/test-dir/MiniOzoneClusterImpl-c4ccaed8-e682-4870-947c-cf1864f77c00/datanode-7/data/ratis/d97128a8-c0d2-41ff-996c-07d41eb7b362/current/log_inprogress_0
2019-09-19 10:27:03,814 [c972e26d-e03f-48a1-a9e9-2dea9337c66d-SegmentedRaftLogWorker:Storage Directory /workdir/hadoop-ozone/ozonefs/target/test-dir/MiniOzoneClusterImpl-c4ccaed8-e682-4870-947c-cf1864f77c00/datanode-7/data/ratis/4243327d-4e22-4677-85c6-408089282ed5] INFO  segmented.SegmentedRaftLogWorker (SegmentedRaftLogWorker.java:execute(569)) - c972e26d-e03f-48a1-a9e9-2dea9337c66d-SegmentedRaftLogWorker:Storage Directory /workdir/hadoop-ozone/ozonefs/target/test-dir/MiniOzoneClusterImpl-c4ccaed8-e682-4870-947c-cf1864f77c00/datanode-7/data/ratis/4243327d-4e22-4677-85c6-408089282ed5: created new log segment /workdir/hadoop-ozone/ozonefs/target/test-dir/MiniOzoneClusterImpl-c4ccaed8-e682-4870-947c-cf1864f77c00/datanode-7/data/ratis/4243327d-4e22-4677-85c6-408089282ed5/current/log_inprogress_0
2019-09-19 10:27:03,814 [c972e26d-e03f-48a1-a9e9-2dea9337c66d-SegmentedRaftLogWorker:Storage Directory /workdir/hadoop-ozone/ozonefs/target/test-dir/MiniOzoneClusterImpl-c4ccaed8-e682-4870-947c-cf1864f77c00/datanode-7/data/ratis/03ff9907-d8a7-4fb4-a560-d29441fd3cdd] INFO  segmented.SegmentedRaftLogWorker (SegmentedRaftLogWorker.java:execute(569)) - c972e26d-e03f-48a1-a9e9-2dea9337c66d-SegmentedRaftLogWorker:Storage Directory /workdir/hadoop-ozone/ozonefs/target/test-dir/MiniOzoneClusterImpl-c4ccaed8-e682-4870-947c-cf1864f77c00/datanode-7/data/ratis/03ff9907-d8a7-4fb4-a560-d29441fd3cdd: created new log segment /workdir/hadoop-ozone/ozonefs/target/test-dir/MiniOzoneClusterImpl-c4ccaed8-e682-4870-947c-cf1864f77c00/datanode-7/data/ratis/03ff9907-d8a7-4fb4-a560-d29441fd3cdd/current/log_inprogress_0
2019-09-19 10:27:03,839 [Thread-456] INFO  impl.FollowerState (FollowerState.java:run(106)) - 39513c05-534c-4cc1-a39c-034925eb3fe7:group-7648927289B5 changes to CANDIDATE, lastRpcTime:5160, electionTimeout:5160ms
2019-09-19 10:27:03,839 [Thread-456] INFO  impl.RoleInfo (RoleInfo.java:shutdownFollowerState(121)) - 39513c05-534c-4cc1-a39c-034925eb3fe7: shutdown FollowerState
2019-09-19 10:27:03,839 [Thread-456] INFO  impl.RaftServerImpl (RaftServerImpl.java:setRole(171)) - 39513c05-534c-4cc1-a39c-034925eb3fe7:group-7648927289B5 changes role from FOLLOWER to CANDIDATE at term 0 for changeToCandidate
2019-09-19 10:27:03,840 [Thread-456] INFO  impl.RoleInfo (RoleInfo.java:updateAndGet(143)) - 39513c05-534c-4cc1-a39c-034925eb3fe7: start LeaderElection
2019-09-19 10:27:03,877 [Thread-462] INFO  impl.FollowerState (FollowerState.java:run(106)) - 8b25b6fb-e7f9-4ea8-8d7d-823d8ea82140:group-E393286CA8E3 changes to CANDIDATE, lastRpcTime:5118, electionTimeout:5118ms
2019-09-19 10:27:03,877 [Thread-462] INFO  impl.RoleInfo (RoleInfo.java:shutdownFollowerState(121)) - 8b25b6fb-e7f9-4ea8-8d7d-823d8ea82140: shutdown FollowerState
2019-09-19 10:27:03,877 [Thread-462] INFO  impl.RaftServerImpl (RaftServerImpl.java:setRole(171)) - 8b25b6fb-e7f9-4ea8-8d7d-823d8ea82140:group-E393286CA8E3 changes role from FOLLOWER to CANDIDATE at term 0 for changeToCandidate
2019-09-19 10:27:03,877 [Thread-462] INFO  impl.RoleInfo (RoleInfo.java:updateAndGet(143)) - 8b25b6fb-e7f9-4ea8-8d7d-823d8ea82140: start LeaderElection
2019-09-19 10:27:03,890 [Thread-459] INFO  impl.FollowerState (FollowerState.java:run(106)) - 39513c05-534c-4cc1-a39c-034925eb3fe7:group-11DE6D68F523 changes to CANDIDATE, lastRpcTime:5176, electionTimeout:5176ms
2019-09-19 10:27:03,890 [Thread-459] INFO  impl.RoleInfo (RoleInfo.java:shutdownFollowerState(121)) - 39513c05-534c-4cc1-a39c-034925eb3fe7: shutdown FollowerState
2019-09-19 10:27:03,890 [Thread-459] INFO  impl.RaftServerImpl (RaftServerImpl.java:setRole(171)) - 39513c05-534c-4cc1-a39c-034925eb3fe7:group-11DE6D68F523 changes role from FOLLOWER to CANDIDATE at term 0 for changeToCandidate
2019-09-19 10:27:03,891 [Thread-459] INFO  impl.RoleInfo (RoleInfo.java:updateAndGet(143)) - 39513c05-534c-4cc1-a39c-034925eb3fe7: start LeaderElection
2019-09-19 10:27:03,891 [8b25b6fb-e7f9-4ea8-8d7d-823d8ea82140:group-E393286CA8E3:LeaderElection51] INFO  impl.LeaderElection (LeaderElection.java:askForVotes(181)) - 8b25b6fb-e7f9-4ea8-8d7d-823d8ea82140:group-E393286CA8E3:LeaderElection51: begin an election at term 1 for -1: [8b25b6fb-e7f9-4ea8-8d7d-823d8ea82140:192.168.157.204:40963], old=null
2019-09-19 10:27:03,891 [39513c05-534c-4cc1-a39c-034925eb3fe7:group-7648927289B5:LeaderElection50] INFO  impl.LeaderElection (LeaderElection.java:askForVotes(181)) - 39513c05-534c-4cc1-a39c-034925eb3fe7:group-7648927289B5:LeaderElection50: begin an election at term 1 for -1: [39513c05-534c-4cc1-a39c-034925eb3fe7:192.168.157.204:32932], old=null
2019-09-19 10:27:03,891 [8b25b6fb-e7f9-4ea8-8d7d-823d8ea82140:group-E393286CA8E3:LeaderElection51] INFO  impl.RoleInfo (RoleInfo.java:shutdownLeaderElection(134)) - 8b25b6fb-e7f9-4ea8-8d7d-823d8ea82140: shutdown LeaderElection
2019-09-19 10:27:03,891 [39513c05-534c-4cc1-a39c-034925eb3fe7:group-7648927289B5:LeaderElection50] INFO  impl.RoleInfo (RoleInfo.java:shutdownLeaderElection(134)) - 39513c05-534c-4cc1-a39c-034925eb3fe7: shutdown LeaderElection
2019-09-19 10:27:03,891 [8b25b6fb-e7f9-4ea8-8d7d-823d8ea82140:group-E393286CA8E3:LeaderElection51] INFO  impl.RaftServerImpl (RaftServerImpl.java:setRole(171)) - 8b25b6fb-e7f9-4ea8-8d7d-823d8ea82140:group-E393286CA8E3 changes role from CANDIDATE to LEADER at term 1 for changeToLeader
2019-09-19 10:27:03,891 [39513c05-534c-4cc1-a39c-034925eb3fe7:group-7648927289B5:LeaderElection50] INFO  impl.RaftServerImpl (RaftServerImpl.java:setRole(171)) - 39513c05-534c-4cc1-a39c-034925eb3fe7:group-7648927289B5 changes role from CANDIDATE to LEADER at term 1 for changeToLeader
2019-09-19 10:27:03,892 [8b25b6fb-e7f9-4ea8-8d7d-823d8ea82140:group-E393286CA8E3:LeaderElection51] INFO  impl.RaftServerImpl (ServerState.java:setLeader(263)) - 8b25b6fb-e7f9-4ea8-8d7d-823d8ea82140:group-E393286CA8E3 change Leader from null to 8b25b6fb-e7f9-4ea8-8d7d-823d8ea82140 at term 1 for becomeLeader, leader elected after 5138ms
2019-09-19 10:27:03,892 [39513c05-534c-4cc1-a39c-034925eb3fe7:group-7648927289B5:LeaderElection50] INFO  impl.RaftServerImpl (ServerState.java:setLeader(263)) - 39513c05-534c-4cc1-a39c-034925eb3fe7:group-7648927289B5 change Leader from null to 39513c05-534c-4cc1-a39c-034925eb3fe7 at term 1 for becomeLeader, leader elected after 5217ms
2019-09-19 10:27:03,892 [39513c05-534c-4cc1-a39c-034925eb3fe7:group-7648927289B5:LeaderElection50] INFO  server.RaftServerConfigKeys (ConfUtils.java:logGet(43)) - raft.server.staging.catchup.gap = 1000 (default)
2019-09-19 10:27:03,892 [8b25b6fb-e7f9-4ea8-8d7d-823d8ea82140:group-E393286CA8E3:LeaderElection51] INFO  server.RaftServerConfigKeys (ConfUtils.java:logGet(43)) - raft.server.staging.catchup.gap = 1000 (default)
2019-09-19 10:27:03,892 [39513c05-534c-4cc1-a39c-034925eb3fe7:group-7648927289B5:LeaderElection50] INFO  server.RaftServerConfigKeys (ConfUtils.java:logGet(43)) - raft.server.rpc.sleep.time = 25ms (default)
2019-09-19 10:27:03,892 [8b25b6fb-e7f9-4ea8-8d7d-823d8ea82140:group-E393286CA8E3:LeaderElection51] INFO  server.RaftServerConfigKeys (ConfUtils.java:logGet(43)) - raft.server.rpc.sleep.time = 25ms (default)
2019-09-19 10:27:03,893 [39513c05-534c-4cc1-a39c-034925eb3fe7:group-7648927289B5:LeaderElection50] INFO  server.RaftServerConfigKeys (ConfUtils.java:logGet(43)) - raft.server.write.element-limit = 4096 (default)
2019-09-19 10:27:03,893 [8b25b6fb-e7f9-4ea8-8d7d-823d8ea82140:group-E393286CA8E3:LeaderElection51] INFO  server.RaftServerConfigKeys (ConfUtils.java:logGet(43)) - raft.server.write.element-limit = 4096 (default)
2019-09-19 10:27:03,893 [39513c05-534c-4cc1-a39c-034925eb3fe7:group-7648927289B5:LeaderElection50] INFO  server.RaftServerConfigKeys (ConfUtils.java:logGet(43)) - raft.server.watch.timeout = 10s (default)
2019-09-19 10:27:03,893 [8b25b6fb-e7f9-4ea8-8d7d-823d8ea82140:group-E393286CA8E3:LeaderElection51] INFO  server.RaftServerConfigKeys (ConfUtils.java:logGet(43)) - raft.server.watch.timeout = 10s (default)
2019-09-19 10:27:03,893 [39513c05-534c-4cc1-a39c-034925eb3fe7:group-7648927289B5:LeaderElection50] INFO  server.RaftServerConfigKeys (ConfUtils.java:logGet(43)) - raft.server.watch.timeout.denomination = 1s (default)
2019-09-19 10:27:03,893 [8b25b6fb-e7f9-4ea8-8d7d-823d8ea82140:group-E393286CA8E3:LeaderElection51] INFO  server.RaftServerConfigKeys (ConfUtils.java:logGet(43)) - raft.server.watch.timeout.denomination = 1s (default)
2019-09-19 10:27:03,894 [39513c05-534c-4cc1-a39c-034925eb3fe7:group-7648927289B5:LeaderElection50] INFO  server.RaftServerConfigKeys (ConfUtils.java:logGet(43)) - raft.server.watch.element-limit = 65536 (default)
2019-09-19 10:27:03,894 [8b25b6fb-e7f9-4ea8-8d7d-823d8ea82140:group-E393286CA8E3:LeaderElection51] INFO  server.RaftServerConfigKeys (ConfUtils.java:logGet(43)) - raft.server.watch.element-limit = 65536 (default)
2019-09-19 10:27:03,894 [39513c05-534c-4cc1-a39c-034925eb3fe7:group-7648927289B5:LeaderElection50] INFO  impl.RoleInfo (RoleInfo.java:updateAndGet(143)) - 39513c05-534c-4cc1-a39c-034925eb3fe7: start LeaderState
2019-09-19 10:27:03,894 [8b25b6fb-e7f9-4ea8-8d7d-823d8ea82140:group-E393286CA8E3:LeaderElection51] INFO  impl.RoleInfo (RoleInfo.java:updateAndGet(143)) - 8b25b6fb-e7f9-4ea8-8d7d-823d8ea82140: start LeaderState
2019-09-19 10:27:03,894 [39513c05-534c-4cc1-a39c-034925eb3fe7:group-7648927289B5:LeaderElection50] INFO  segmented.SegmentedRaftLogWorker (SegmentedRaftLogWorker.java:startLogSegment(380)) - 39513c05-534c-4cc1-a39c-034925eb3fe7-SegmentedRaftLogWorker:Storage Directory /workdir/hadoop-ozone/ozonefs/target/test-dir/MiniOzoneClusterImpl-c4ccaed8-e682-4870-947c-cf1864f77c00/datanode-9/data/ratis/a8c4905b-6873-4ead-8977-7648927289b5: Starting segment from index:0
2019-09-19 10:27:03,894 [8b25b6fb-e7f9-4ea8-8d7d-823d8ea82140:group-E393286CA8E3:LeaderElection51] INFO  segmented.SegmentedRaftLogWorker (SegmentedRaftLogWorker.java:startLogSegment(380)) - 8b25b6fb-e7f9-4ea8-8d7d-823d8ea82140-SegmentedRaftLogWorker:Storage Directory /workdir/hadoop-ozone/ozonefs/target/test-dir/MiniOzoneClusterImpl-c4ccaed8-e682-4870-947c-cf1864f77c00/datanode-6/data/ratis/b16d3f9f-e3a9-462b-80c0-e393286ca8e3: Starting segment from index:0
2019-09-19 10:27:03,895 [39513c05-534c-4cc1-a39c-034925eb3fe7:group-7648927289B5:LeaderElection50] INFO  impl.RaftServerImpl (ServerState.java:setRaftConf(361)) - 39513c05-534c-4cc1-a39c-034925eb3fe7:group-7648927289B5 set configuration 0: [39513c05-534c-4cc1-a39c-034925eb3fe7:192.168.157.204:32932], old=null at 0
2019-09-19 10:27:03,895 [8b25b6fb-e7f9-4ea8-8d7d-823d8ea82140:group-E393286CA8E3:LeaderElection51] INFO  impl.RaftServerImpl (ServerState.java:setRaftConf(361)) - 8b25b6fb-e7f9-4ea8-8d7d-823d8ea82140:group-E393286CA8E3 set configuration 0: [8b25b6fb-e7f9-4ea8-8d7d-823d8ea82140:192.168.157.204:40963], old=null at 0
2019-09-19 10:27:03,905 [39513c05-534c-4cc1-a39c-034925eb3fe7:group-11DE6D68F523:LeaderElection52] INFO  impl.LeaderElection (LeaderElection.java:askForVotes(181)) - 39513c05-534c-4cc1-a39c-034925eb3fe7:group-11DE6D68F523:LeaderElection52: begin an election at term 1 for -1: [39513c05-534c-4cc1-a39c-034925eb3fe7:192.168.157.204:32932], old=null
2019-09-19 10:27:03,906 [39513c05-534c-4cc1-a39c-034925eb3fe7:group-11DE6D68F523:LeaderElection52] INFO  impl.RoleInfo (RoleInfo.java:shutdownLeaderElection(134)) - 39513c05-534c-4cc1-a39c-034925eb3fe7: shutdown LeaderElection
2019-09-19 10:27:03,906 [39513c05-534c-4cc1-a39c-034925eb3fe7:group-11DE6D68F523:LeaderElection52] INFO  impl.RaftServerImpl (RaftServerImpl.java:setRole(171)) - 39513c05-534c-4cc1-a39c-034925eb3fe7:group-11DE6D68F523 changes role from CANDIDATE to LEADER at term 1 for changeToLeader
2019-09-19 10:27:03,906 [39513c05-534c-4cc1-a39c-034925eb3fe7:group-11DE6D68F523:LeaderElection52] INFO  impl.RaftServerImpl (ServerState.java:setLeader(263)) - 39513c05-534c-4cc1-a39c-034925eb3fe7:group-11DE6D68F523 change Leader from null to 39513c05-534c-4cc1-a39c-034925eb3fe7 at term 1 for becomeLeader, leader elected after 5195ms
2019-09-19 10:27:03,906 [39513c05-534c-4cc1-a39c-034925eb3fe7:group-11DE6D68F523:LeaderElection52] INFO  server.RaftServerConfigKeys (ConfUtils.java:logGet(43)) - raft.server.staging.catchup.gap = 1000 (default)
2019-09-19 10:27:03,906 [39513c05-534c-4cc1-a39c-034925eb3fe7:group-11DE6D68F523:LeaderElection52] INFO  server.RaftServerConfigKeys (ConfUtils.java:logGet(43)) - raft.server.rpc.sleep.time = 25ms (default)
2019-09-19 10:27:03,907 [39513c05-534c-4cc1-a39c-034925eb3fe7:group-11DE6D68F523:LeaderElection52] INFO  server.RaftServerConfigKeys (ConfUtils.java:logGet(43)) - raft.server.write.element-limit = 4096 (default)
2019-09-19 10:27:03,907 [39513c05-534c-4cc1-a39c-034925eb3fe7:group-11DE6D68F523:LeaderElection52] INFO  server.RaftServerConfigKeys (ConfUtils.java:logGet(43)) - raft.server.watch.timeout = 10s (default)
2019-09-19 10:27:03,907 [39513c05-534c-4cc1-a39c-034925eb3fe7:group-11DE6D68F523:LeaderElection52] INFO  server.RaftServerConfigKeys (ConfUtils.java:logGet(43)) - raft.server.watch.timeout.denomination = 1s (default)
2019-09-19 10:27:03,907 [39513c05-534c-4cc1-a39c-034925eb3fe7:group-11DE6D68F523:LeaderElection52] INFO  server.RaftServerConfigKeys (ConfUtils.java:logGet(43)) - raft.server.watch.element-limit = 65536 (default)
2019-09-19 10:27:03,908 [39513c05-534c-4cc1-a39c-034925eb3fe7:group-11DE6D68F523:LeaderElection52] INFO  impl.RoleInfo (RoleInfo.java:updateAndGet(143)) - 39513c05-534c-4cc1-a39c-034925eb3fe7: start LeaderState
2019-09-19 10:27:03,908 [39513c05-534c-4cc1-a39c-034925eb3fe7:group-11DE6D68F523:LeaderElection52] INFO  segmented.SegmentedRaftLogWorker (SegmentedRaftLogWorker.java:startLogSegment(380)) - 39513c05-534c-4cc1-a39c-034925eb3fe7-SegmentedRaftLogWorker:Storage Directory /workdir/hadoop-ozone/ozonefs/target/test-dir/MiniOzoneClusterImpl-c4ccaed8-e682-4870-947c-cf1864f77c00/datanode-9/data/ratis/dc2d5dc9-4701-4979-97a8-11de6d68f523: Starting segment from index:0
2019-09-19 10:27:03,909 [39513c05-534c-4cc1-a39c-034925eb3fe7:group-11DE6D68F523:LeaderElection52] INFO  impl.RaftServerImpl (ServerState.java:setRaftConf(361)) - 39513c05-534c-4cc1-a39c-034925eb3fe7:group-11DE6D68F523 set configuration 0: [39513c05-534c-4cc1-a39c-034925eb3fe7:192.168.157.204:32932], old=null at 0
2019-09-19 10:27:03,929 [Thread-468] INFO  impl.FollowerState (FollowerState.java:run(106)) - 8b25b6fb-e7f9-4ea8-8d7d-823d8ea82140:group-5FB75DC87A5A changes to CANDIDATE, lastRpcTime:5102, electionTimeout:5102ms
2019-09-19 10:27:03,929 [Thread-468] INFO  impl.RoleInfo (RoleInfo.java:shutdownFollowerState(121)) - 8b25b6fb-e7f9-4ea8-8d7d-823d8ea82140: shutdown FollowerState
2019-09-19 10:27:03,929 [Thread-468] INFO  impl.RaftServerImpl (RaftServerImpl.java:setRole(171)) - 8b25b6fb-e7f9-4ea8-8d7d-823d8ea82140:group-5FB75DC87A5A changes role from FOLLOWER to CANDIDATE at term 0 for changeToCandidate
2019-09-19 10:27:03,929 [Thread-468] INFO  impl.RoleInfo (RoleInfo.java:updateAndGet(143)) - 8b25b6fb-e7f9-4ea8-8d7d-823d8ea82140: start LeaderElection
2019-09-19 10:27:03,929 [Thread-465] INFO  impl.FollowerState (FollowerState.java:run(106)) - 8b25b6fb-e7f9-4ea8-8d7d-823d8ea82140:group-4E19705F5130 changes to CANDIDATE, lastRpcTime:5137, electionTimeout:5137ms
2019-09-19 10:27:03,929 [Thread-465] INFO  impl.RoleInfo (RoleInfo.java:shutdownFollowerState(121)) - 8b25b6fb-e7f9-4ea8-8d7d-823d8ea82140: shutdown FollowerState
2019-09-19 10:27:03,930 [Thread-465] INFO  impl.RaftServerImpl (RaftServerImpl.java:setRole(171)) - 8b25b6fb-e7f9-4ea8-8d7d-823d8ea82140:group-4E19705F5130 changes role from FOLLOWER to CANDIDATE at term 0 for changeToCandidate
2019-09-19 10:27:03,930 [Thread-465] INFO  impl.RoleInfo (RoleInfo.java:updateAndGet(143)) - 8b25b6fb-e7f9-4ea8-8d7d-823d8ea82140: start LeaderElection
2019-09-19 10:27:03,933 [Thread-477] INFO  impl.FollowerState (FollowerState.java:run(106)) - 8b25b6fb-e7f9-4ea8-8d7d-823d8ea82140:group-7E25D82F21C7 changes to CANDIDATE, lastRpcTime:5016, electionTimeout:5016ms
2019-09-19 10:27:03,933 [Thread-477] INFO  impl.RoleInfo (RoleInfo.java:shutdownFollowerState(121)) - 8b25b6fb-e7f9-4ea8-8d7d-823d8ea82140: shutdown FollowerState
2019-09-19 10:27:03,933 [Thread-477] INFO  impl.RaftServerImpl (RaftServerImpl.java:setRole(171)) - 8b25b6fb-e7f9-4ea8-8d7d-823d8ea82140:group-7E25D82F21C7 changes role from FOLLOWER to CANDIDATE at term 0 for changeToCandidate
2019-09-19 10:27:03,933 [Thread-477] INFO  impl.RoleInfo (RoleInfo.java:updateAndGet(143)) - 8b25b6fb-e7f9-4ea8-8d7d-823d8ea82140: start LeaderElection
2019-09-19 10:27:03,937 [8b25b6fb-e7f9-4ea8-8d7d-823d8ea82140-SegmentedRaftLogWorker:Storage Directory /workdir/hadoop-ozone/ozonefs/target/test-dir/MiniOzoneClusterImpl-c4ccaed8-e682-4870-947c-cf1864f77c00/datanode-6/data/ratis/b16d3f9f-e3a9-462b-80c0-e393286ca8e3] INFO  segmented.SegmentedRaftLogWorker (SegmentedRaftLogWorker.java:execute(569)) - 8b25b6fb-e7f9-4ea8-8d7d-823d8ea82140-SegmentedRaftLogWorker:Storage Directory /workdir/hadoop-ozone/ozonefs/target/test-dir/MiniOzoneClusterImpl-c4ccaed8-e682-4870-947c-cf1864f77c00/datanode-6/data/ratis/b16d3f9f-e3a9-462b-80c0-e393286ca8e3: created new log segment /workdir/hadoop-ozone/ozonefs/target/test-dir/MiniOzoneClusterImpl-c4ccaed8-e682-4870-947c-cf1864f77c00/datanode-6/data/ratis/b16d3f9f-e3a9-462b-80c0-e393286ca8e3/current/log_inprogress_0
2019-09-19 10:27:03,937 [8b25b6fb-e7f9-4ea8-8d7d-823d8ea82140:group-7E25D82F21C7:LeaderElection55] INFO  impl.LeaderElection (LeaderElection.java:askForVotes(181)) - 8b25b6fb-e7f9-4ea8-8d7d-823d8ea82140:group-7E25D82F21C7:LeaderElection55: begin an election at term 1 for -1: [8b25b6fb-e7f9-4ea8-8d7d-823d8ea82140:192.168.157.204:40963], old=null
2019-09-19 10:27:03,937 [8b25b6fb-e7f9-4ea8-8d7d-823d8ea82140:group-4E19705F5130:LeaderElection54] INFO  impl.LeaderElection (LeaderElection.java:askForVotes(181)) - 8b25b6fb-e7f9-4ea8-8d7d-823d8ea82140:group-4E19705F5130:LeaderElection54: begin an election at term 1 for -1: [8b25b6fb-e7f9-4ea8-8d7d-823d8ea82140:192.168.157.204:40963], old=null
2019-09-19 10:27:03,937 [8b25b6fb-e7f9-4ea8-8d7d-823d8ea82140:group-5FB75DC87A5A:LeaderElection53] INFO  impl.LeaderElection (LeaderElection.java:askForVotes(181)) - 8b25b6fb-e7f9-4ea8-8d7d-823d8ea82140:group-5FB75DC87A5A:LeaderElection53: begin an election at term 1 for -1: [8b25b6fb-e7f9-4ea8-8d7d-823d8ea82140:192.168.157.204:40963], old=null
2019-09-19 10:27:03,937 [39513c05-534c-4cc1-a39c-034925eb3fe7-SegmentedRaftLogWorker:Storage Directory /workdir/hadoop-ozone/ozonefs/target/test-dir/MiniOzoneClusterImpl-c4ccaed8-e682-4870-947c-cf1864f77c00/datanode-9/data/ratis/a8c4905b-6873-4ead-8977-7648927289b5] INFO  segmented.SegmentedRaftLogWorker (SegmentedRaftLogWorker.java:execute(569)) - 39513c05-534c-4cc1-a39c-034925eb3fe7-SegmentedRaftLogWorker:Storage Directory /workdir/hadoop-ozone/ozonefs/target/test-dir/MiniOzoneClusterImpl-c4ccaed8-e682-4870-947c-cf1864f77c00/datanode-9/data/ratis/a8c4905b-6873-4ead-8977-7648927289b5: created new log segment /workdir/hadoop-ozone/ozonefs/target/test-dir/MiniOzoneClusterImpl-c4ccaed8-e682-4870-947c-cf1864f77c00/datanode-9/data/ratis/a8c4905b-6873-4ead-8977-7648927289b5/current/log_inprogress_0
2019-09-19 10:27:03,938 [8b25b6fb-e7f9-4ea8-8d7d-823d8ea82140:group-5FB75DC87A5A:LeaderElection53] INFO  impl.RoleInfo (RoleInfo.java:shutdownLeaderElection(134)) - 8b25b6fb-e7f9-4ea8-8d7d-823d8ea82140: shutdown LeaderElection
2019-09-19 10:27:03,938 [8b25b6fb-e7f9-4ea8-8d7d-823d8ea82140:group-4E19705F5130:LeaderElection54] INFO  impl.RoleInfo (RoleInfo.java:shutdownLeaderElection(134)) - 8b25b6fb-e7f9-4ea8-8d7d-823d8ea82140: shutdown LeaderElection
2019-09-19 10:27:03,937 [8b25b6fb-e7f9-4ea8-8d7d-823d8ea82140:group-7E25D82F21C7:LeaderElection55] INFO  impl.RoleInfo (RoleInfo.java:shutdownLeaderElection(134)) - 8b25b6fb-e7f9-4ea8-8d7d-823d8ea82140: shutdown LeaderElection
2019-09-19 10:27:03,938 [8b25b6fb-e7f9-4ea8-8d7d-823d8ea82140:group-4E19705F5130:LeaderElection54] INFO  impl.RaftServerImpl (RaftServerImpl.java:setRole(171)) - 8b25b6fb-e7f9-4ea8-8d7d-823d8ea82140:group-4E19705F5130 changes role from CANDIDATE to LEADER at term 1 for changeToLeader
2019-09-19 10:27:03,938 [8b25b6fb-e7f9-4ea8-8d7d-823d8ea82140:group-5FB75DC87A5A:LeaderElection53] INFO  impl.RaftServerImpl (RaftServerImpl.java:setRole(171)) - 8b25b6fb-e7f9-4ea8-8d7d-823d8ea82140:group-5FB75DC87A5A changes role from CANDIDATE to LEADER at term 1 for changeToLeader
2019-09-19 10:27:03,938 [8b25b6fb-e7f9-4ea8-8d7d-823d8ea82140:group-4E19705F5130:LeaderElection54] INFO  impl.RaftServerImpl (ServerState.java:setLeader(263)) - 8b25b6fb-e7f9-4ea8-8d7d-823d8ea82140:group-4E19705F5130 change Leader from null to 8b25b6fb-e7f9-4ea8-8d7d-823d8ea82140 at term 1 for becomeLeader, leader elected after 5150ms
2019-09-19 10:27:03,938 [8b25b6fb-e7f9-4ea8-8d7d-823d8ea82140:group-7E25D82F21C7:LeaderElection55] INFO  impl.RaftServerImpl (RaftServerImpl.java:setRole(171)) - 8b25b6fb-e7f9-4ea8-8d7d-823d8ea82140:group-7E25D82F21C7 changes role from CANDIDATE to LEADER at term 1 for changeToLeader
2019-09-19 10:27:03,939 [8b25b6fb-e7f9-4ea8-8d7d-823d8ea82140:group-4E19705F5130:LeaderElection54] INFO  server.RaftServerConfigKeys (ConfUtils.java:logGet(43)) - raft.server.staging.catchup.gap = 1000 (default)
2019-09-19 10:27:03,938 [8b25b6fb-e7f9-4ea8-8d7d-823d8ea82140:group-5FB75DC87A5A:LeaderElection53] INFO  impl.RaftServerImpl (ServerState.java:setLeader(263)) - 8b25b6fb-e7f9-4ea8-8d7d-823d8ea82140:group-5FB75DC87A5A change Leader from null to 8b25b6fb-e7f9-4ea8-8d7d-823d8ea82140 at term 1 for becomeLeader, leader elected after 5115ms
2019-09-19 10:27:03,939 [8b25b6fb-e7f9-4ea8-8d7d-823d8ea82140:group-4E19705F5130:LeaderElection54] INFO  server.RaftServerConfigKeys (ConfUtils.java:logGet(43)) - raft.server.rpc.sleep.time = 25ms (default)
2019-09-19 10:27:03,939 [8b25b6fb-e7f9-4ea8-8d7d-823d8ea82140:group-7E25D82F21C7:LeaderElection55] INFO  impl.RaftServerImpl (ServerState.java:setLeader(263)) - 8b25b6fb-e7f9-4ea8-8d7d-823d8ea82140:group-7E25D82F21C7 change Leader from null to 8b25b6fb-e7f9-4ea8-8d7d-823d8ea82140 at term 1 for becomeLeader, leader elected after 5026ms
2019-09-19 10:27:03,939 [8b25b6fb-e7f9-4ea8-8d7d-823d8ea82140:group-4E19705F5130:LeaderElection54] INFO  server.RaftServerConfigKeys (ConfUtils.java:logGet(43)) - raft.server.write.element-limit = 4096 (default)
2019-09-19 10:27:03,939 [8b25b6fb-e7f9-4ea8-8d7d-823d8ea82140:group-5FB75DC87A5A:LeaderElection53] INFO  server.RaftServerConfigKeys (ConfUtils.java:logGet(43)) - raft.server.staging.catchup.gap = 1000 (default)
2019-09-19 10:27:03,940 [8b25b6fb-e7f9-4ea8-8d7d-823d8ea82140:group-4E19705F5130:LeaderElection54] INFO  server.RaftServerConfigKeys (ConfUtils.java:logGet(43)) - raft.server.watch.timeout = 10s (default)
2019-09-19 10:27:03,939 [8b25b6fb-e7f9-4ea8-8d7d-823d8ea82140:group-7E25D82F21C7:LeaderElection55] INFO  server.RaftServerConfigKeys (ConfUtils.java:logGet(43)) - raft.server.staging.catchup.gap = 1000 (default)
2019-09-19 10:27:03,940 [8b25b6fb-e7f9-4ea8-8d7d-823d8ea82140:group-4E19705F5130:LeaderElection54] INFO  server.RaftServerConfigKeys (ConfUtils.java:logGet(43)) - raft.server.watch.timeout.denomination = 1s (default)
2019-09-19 10:27:03,940 [8b25b6fb-e7f9-4ea8-8d7d-823d8ea82140:group-5FB75DC87A5A:LeaderElection53] INFO  server.RaftServerConfigKeys (ConfUtils.java:logGet(43)) - raft.server.rpc.sleep.time = 25ms (default)
2019-09-19 10:27:03,940 [8b25b6fb-e7f9-4ea8-8d7d-823d8ea82140:group-4E19705F5130:LeaderElection54] INFO  server.RaftServerConfigKeys (ConfUtils.java:logGet(43)) - raft.server.watch.element-limit = 65536 (default)
2019-09-19 10:27:03,940 [8b25b6fb-e7f9-4ea8-8d7d-823d8ea82140:group-7E25D82F21C7:LeaderElection55] INFO  server.RaftServerConfigKeys (ConfUtils.java:logGet(43)) - raft.server.rpc.sleep.time = 25ms (default)
2019-09-19 10:27:03,940 [8b25b6fb-e7f9-4ea8-8d7d-823d8ea82140:group-5FB75DC87A5A:LeaderElection53] INFO  server.RaftServerConfigKeys (ConfUtils.java:logGet(43)) - raft.server.write.element-limit = 4096 (default)
2019-09-19 10:27:03,941 [8b25b6fb-e7f9-4ea8-8d7d-823d8ea82140:group-4E19705F5130:LeaderElection54] INFO  impl.RoleInfo (RoleInfo.java:updateAndGet(143)) - 8b25b6fb-e7f9-4ea8-8d7d-823d8ea82140: start LeaderState
2019-09-19 10:27:03,940 [8b25b6fb-e7f9-4ea8-8d7d-823d8ea82140:group-7E25D82F21C7:LeaderElection55] INFO  server.RaftServerConfigKeys (ConfUtils.java:logGet(43)) - raft.server.write.element-limit = 4096 (default)
2019-09-19 10:27:03,941 [8b25b6fb-e7f9-4ea8-8d7d-823d8ea82140:group-5FB75DC87A5A:LeaderElection53] INFO  server.RaftServerConfigKeys (ConfUtils.java:logGet(43)) - raft.server.watch.timeout = 10s (default)
2019-09-19 10:27:03,941 [8b25b6fb-e7f9-4ea8-8d7d-823d8ea82140:group-4E19705F5130:LeaderElection54] INFO  segmented.SegmentedRaftLogWorker (SegmentedRaftLogWorker.java:startLogSegment(380)) - 8b25b6fb-e7f9-4ea8-8d7d-823d8ea82140-SegmentedRaftLogWorker:Storage Directory /workdir/hadoop-ozone/ozonefs/target/test-dir/MiniOzoneClusterImpl-c4ccaed8-e682-4870-947c-cf1864f77c00/datanode-6/data/ratis/4a773c7c-ca7a-4516-ab94-4e19705f5130: Starting segment from index:0
2019-09-19 10:27:03,941 [8b25b6fb-e7f9-4ea8-8d7d-823d8ea82140:group-7E25D82F21C7:LeaderElection55] INFO  server.RaftServerConfigKeys (ConfUtils.java:logGet(43)) - raft.server.watch.timeout = 10s (default)
2019-09-19 10:27:03,941 [8b25b6fb-e7f9-4ea8-8d7d-823d8ea82140:group-5FB75DC87A5A:LeaderElection53] INFO  server.RaftServerConfigKeys (ConfUtils.java:logGet(43)) - raft.server.watch.timeout.denomination = 1s (default)
2019-09-19 10:27:03,941 [8b25b6fb-e7f9-4ea8-8d7d-823d8ea82140:group-7E25D82F21C7:LeaderElection55] INFO  server.RaftServerConfigKeys (ConfUtils.java:logGet(43)) - raft.server.watch.timeout.denomination = 1s (default)
2019-09-19 10:27:03,941 [8b25b6fb-e7f9-4ea8-8d7d-823d8ea82140:group-5FB75DC87A5A:LeaderElection53] INFO  server.RaftServerConfigKeys (ConfUtils.java:logGet(43)) - raft.server.watch.element-limit = 65536 (default)
2019-09-19 10:27:03,942 [8b25b6fb-e7f9-4ea8-8d7d-823d8ea82140:group-7E25D82F21C7:LeaderElection55] INFO  server.RaftServerConfigKeys (ConfUtils.java:logGet(43)) - raft.server.watch.element-limit = 65536 (default)
2019-09-19 10:27:03,942 [8b25b6fb-e7f9-4ea8-8d7d-823d8ea82140:group-5FB75DC87A5A:LeaderElection53] INFO  impl.RoleInfo (RoleInfo.java:updateAndGet(143)) - 8b25b6fb-e7f9-4ea8-8d7d-823d8ea82140: start LeaderState
2019-09-19 10:27:03,942 [8b25b6fb-e7f9-4ea8-8d7d-823d8ea82140:group-7E25D82F21C7:LeaderElection55] INFO  impl.RoleInfo (RoleInfo.java:updateAndGet(143)) - 8b25b6fb-e7f9-4ea8-8d7d-823d8ea82140: start LeaderState
2019-09-19 10:27:03,942 [8b25b6fb-e7f9-4ea8-8d7d-823d8ea82140:group-5FB75DC87A5A:LeaderElection53] INFO  segmented.SegmentedRaftLogWorker (SegmentedRaftLogWorker.java:startLogSegment(380)) - 8b25b6fb-e7f9-4ea8-8d7d-823d8ea82140-SegmentedRaftLogWorker:Storage Directory /workdir/hadoop-ozone/ozonefs/target/test-dir/MiniOzoneClusterImpl-c4ccaed8-e682-4870-947c-cf1864f77c00/datanode-6/data/ratis/baf303a0-7f14-4dd6-8be5-5fb75dc87a5a: Starting segment from index:0
2019-09-19 10:27:03,942 [8b25b6fb-e7f9-4ea8-8d7d-823d8ea82140:group-7E25D82F21C7:LeaderElection55] INFO  segmented.SegmentedRaftLogWorker (SegmentedRaftLogWorker.java:startLogSegment(380)) - 8b25b6fb-e7f9-4ea8-8d7d-823d8ea82140-SegmentedRaftLogWorker:Storage Directory /workdir/hadoop-ozone/ozonefs/target/test-dir/MiniOzoneClusterImpl-c4ccaed8-e682-4870-947c-cf1864f77c00/datanode-6/data/ratis/f10f4a3a-c53c-48ac-9a08-7e25d82f21c7: Starting segment from index:0
2019-09-19 10:27:03,950 [39513c05-534c-4cc1-a39c-034925eb3fe7-SegmentedRaftLogWorker:Storage Directory /workdir/hadoop-ozone/ozonefs/target/test-dir/MiniOzoneClusterImpl-c4ccaed8-e682-4870-947c-cf1864f77c00/datanode-9/data/ratis/dc2d5dc9-4701-4979-97a8-11de6d68f523] INFO  segmented.SegmentedRaftLogWorker (SegmentedRaftLogWorker.java:execute(569)) - 39513c05-534c-4cc1-a39c-034925eb3fe7-SegmentedRaftLogWorker:Storage Directory /workdir/hadoop-ozone/ozonefs/target/test-dir/MiniOzoneClusterImpl-c4ccaed8-e682-4870-947c-cf1864f77c00/datanode-9/data/ratis/dc2d5dc9-4701-4979-97a8-11de6d68f523: created new log segment /workdir/hadoop-ozone/ozonefs/target/test-dir/MiniOzoneClusterImpl-c4ccaed8-e682-4870-947c-cf1864f77c00/datanode-9/data/ratis/dc2d5dc9-4701-4979-97a8-11de6d68f523/current/log_inprogress_0
2019-09-19 10:27:04,000 [8b25b6fb-e7f9-4ea8-8d7d-823d8ea82140-SegmentedRaftLogWorker:Storage Directory /workdir/hadoop-ozone/ozonefs/target/test-dir/MiniOzoneClusterImpl-c4ccaed8-e682-4870-947c-cf1864f77c00/datanode-6/data/ratis/4a773c7c-ca7a-4516-ab94-4e19705f5130] INFO  segmented.SegmentedRaftLogWorker (SegmentedRaftLogWorker.java:execute(569)) - 8b25b6fb-e7f9-4ea8-8d7d-823d8ea82140-SegmentedRaftLogWorker:Storage Directory /workdir/hadoop-ozone/ozonefs/target/test-dir/MiniOzoneClusterImpl-c4ccaed8-e682-4870-947c-cf1864f77c00/datanode-6/data/ratis/4a773c7c-ca7a-4516-ab94-4e19705f5130: created new log segment /workdir/hadoop-ozone/ozonefs/target/test-dir/MiniOzoneClusterImpl-c4ccaed8-e682-4870-947c-cf1864f77c00/datanode-6/data/ratis/4a773c7c-ca7a-4516-ab94-4e19705f5130/current/log_inprogress_0
2019-09-19 10:27:04,006 [Thread-474] INFO  impl.FollowerState (FollowerState.java:run(106)) - 8b25b6fb-e7f9-4ea8-8d7d-823d8ea82140:group-4DC21B3BF4FD changes to CANDIDATE, lastRpcTime:5118, electionTimeout:5118ms
2019-09-19 10:27:04,007 [Thread-474] INFO  impl.RoleInfo (RoleInfo.java:shutdownFollowerState(121)) - 8b25b6fb-e7f9-4ea8-8d7d-823d8ea82140: shutdown FollowerState
2019-09-19 10:27:04,007 [Thread-474] INFO  impl.RaftServerImpl (RaftServerImpl.java:setRole(171)) - 8b25b6fb-e7f9-4ea8-8d7d-823d8ea82140:group-4DC21B3BF4FD changes role from FOLLOWER to CANDIDATE at term 0 for changeToCandidate
2019-09-19 10:27:04,018 [Thread-471] INFO  impl.FollowerState (FollowerState.java:run(106)) - 8b25b6fb-e7f9-4ea8-8d7d-823d8ea82140:group-BEDC5601A1CE changes to CANDIDATE, lastRpcTime:5158, electionTimeout:5158ms
2019-09-19 10:27:04,018 [Thread-471] INFO  impl.RoleInfo (RoleInfo.java:shutdownFollowerState(121)) - 8b25b6fb-e7f9-4ea8-8d7d-823d8ea82140: shutdown FollowerState
2019-09-19 10:27:04,018 [Thread-471] INFO  impl.RaftServerImpl (RaftServerImpl.java:setRole(171)) - 8b25b6fb-e7f9-4ea8-8d7d-823d8ea82140:group-BEDC5601A1CE changes role from FOLLOWER to CANDIDATE at term 0 for changeToCandidate
2019-09-19 10:27:04,205 [Thread-471] INFO  impl.RoleInfo (RoleInfo.java:updateAndGet(143)) - 8b25b6fb-e7f9-4ea8-8d7d-823d8ea82140: start LeaderElection
2019-09-19 10:27:04,205 [8b25b6fb-e7f9-4ea8-8d7d-823d8ea82140:group-4E19705F5130:LeaderElection54] INFO  impl.RaftServerImpl (ServerState.java:setRaftConf(361)) - 8b25b6fb-e7f9-4ea8-8d7d-823d8ea82140:group-4E19705F5130 set configuration 0: [8b25b6fb-e7f9-4ea8-8d7d-823d8ea82140:192.168.157.204:40963], old=null at 0
2019-09-19 10:27:04,205 [Thread-474] INFO  impl.RoleInfo (RoleInfo.java:updateAndGet(143)) - 8b25b6fb-e7f9-4ea8-8d7d-823d8ea82140: start LeaderElection
2019-09-19 10:27:04,220 [8b25b6fb-e7f9-4ea8-8d7d-823d8ea82140:group-BEDC5601A1CE:LeaderElection57] INFO  impl.LeaderElection (LeaderElection.java:askForVotes(181)) - 8b25b6fb-e7f9-4ea8-8d7d-823d8ea82140:group-BEDC5601A1CE:LeaderElection57: begin an election at term 1 for -1: [8b25b6fb-e7f9-4ea8-8d7d-823d8ea82140:192.168.157.204:40963], old=null
2019-09-19 10:27:04,220 [8b25b6fb-e7f9-4ea8-8d7d-823d8ea82140:group-BEDC5601A1CE:LeaderElection57] INFO  impl.RoleInfo (RoleInfo.java:shutdownLeaderElection(134)) - 8b25b6fb-e7f9-4ea8-8d7d-823d8ea82140: shutdown LeaderElection
2019-09-19 10:27:04,220 [8b25b6fb-e7f9-4ea8-8d7d-823d8ea82140:group-BEDC5601A1CE:LeaderElection57] INFO  impl.RaftServerImpl (RaftServerImpl.java:setRole(171)) - 8b25b6fb-e7f9-4ea8-8d7d-823d8ea82140:group-BEDC5601A1CE changes role from CANDIDATE to LEADER at term 1 for changeToLeader
2019-09-19 10:27:04,221 [8b25b6fb-e7f9-4ea8-8d7d-823d8ea82140:group-BEDC5601A1CE:LeaderElection57] INFO  impl.RaftServerImpl (ServerState.java:setLeader(263)) - 8b25b6fb-e7f9-4ea8-8d7d-823d8ea82140:group-BEDC5601A1CE change Leader from null to 8b25b6fb-e7f9-4ea8-8d7d-823d8ea82140 at term 1 for becomeLeader, leader elected after 5363ms
2019-09-19 10:27:04,221 [8b25b6fb-e7f9-4ea8-8d7d-823d8ea82140:group-BEDC5601A1CE:LeaderElection57] INFO  server.RaftServerConfigKeys (ConfUtils.java:logGet(43)) - raft.server.staging.catchup.gap = 1000 (default)
2019-09-19 10:27:04,221 [8b25b6fb-e7f9-4ea8-8d7d-823d8ea82140:group-BEDC5601A1CE:LeaderElection57] INFO  server.RaftServerConfigKeys (ConfUtils.java:logGet(43)) - raft.server.rpc.sleep.time = 25ms (default)
2019-09-19 10:27:04,244 [8b25b6fb-e7f9-4ea8-8d7d-823d8ea82140:group-7E25D82F21C7:LeaderElection55] INFO  impl.RaftServerImpl (ServerState.java:setRaftConf(361)) - 8b25b6fb-e7f9-4ea8-8d7d-823d8ea82140:group-7E25D82F21C7 set configuration 0: [8b25b6fb-e7f9-4ea8-8d7d-823d8ea82140:192.168.157.204:40963], old=null at 0
2019-09-19 10:27:04,244 [8b25b6fb-e7f9-4ea8-8d7d-823d8ea82140:group-BEDC5601A1CE:LeaderElection57] INFO  server.RaftServerConfigKeys (ConfUtils.java:logGet(43)) - raft.server.write.element-limit = 4096 (default)
2019-09-19 10:27:04,244 [8b25b6fb-e7f9-4ea8-8d7d-823d8ea82140:group-5FB75DC87A5A:LeaderElection53] INFO  impl.RaftServerImpl (ServerState.java:setRaftConf(361)) - 8b25b6fb-e7f9-4ea8-8d7d-823d8ea82140:group-5FB75DC87A5A set configuration 0: [8b25b6fb-e7f9-4ea8-8d7d-823d8ea82140:192.168.157.204:40963], old=null at 0
2019-09-19 10:27:04,245 [8b25b6fb-e7f9-4ea8-8d7d-823d8ea82140:group-BEDC5601A1CE:LeaderElection57] INFO  server.RaftServerConfigKeys (ConfUtils.java:logGet(43)) - raft.server.watch.timeout = 10s (default)
2019-09-19 10:27:04,245 [8b25b6fb-e7f9-4ea8-8d7d-823d8ea82140:group-BEDC5601A1CE:LeaderElection57] INFO  server.RaftServerConfigKeys (ConfUtils.java:logGet(43)) - raft.server.watch.timeout.denomination = 1s (default)
2019-09-19 10:27:04,245 [8b25b6fb-e7f9-4ea8-8d7d-823d8ea82140:group-BEDC5601A1CE:LeaderElection57] INFO  server.RaftServerConfigKeys (ConfUtils.java:logGet(43)) - raft.server.watch.element-limit = 65536 (default)
2019-09-19 10:27:04,245 [8b25b6fb-e7f9-4ea8-8d7d-823d8ea82140:group-BEDC5601A1CE:LeaderElection57] INFO  impl.RoleInfo (RoleInfo.java:updateAndGet(143)) - 8b25b6fb-e7f9-4ea8-8d7d-823d8ea82140: start LeaderState
2019-09-19 10:27:04,246 [8b25b6fb-e7f9-4ea8-8d7d-823d8ea82140:group-BEDC5601A1CE:LeaderElection57] INFO  segmented.SegmentedRaftLogWorker (SegmentedRaftLogWorker.java:startLogSegment(380)) - 8b25b6fb-e7f9-4ea8-8d7d-823d8ea82140-SegmentedRaftLogWorker:Storage Directory /workdir/hadoop-ozone/ozonefs/target/test-dir/MiniOzoneClusterImpl-c4ccaed8-e682-4870-947c-cf1864f77c00/datanode-6/data/ratis/dabbfe28-3df7-4f31-8758-bedc5601a1ce: Starting segment from index:0
2019-09-19 10:27:04,246 [8b25b6fb-e7f9-4ea8-8d7d-823d8ea82140-SegmentedRaftLogWorker:Storage Directory /workdir/hadoop-ozone/ozonefs/target/test-dir/MiniOzoneClusterImpl-c4ccaed8-e682-4870-947c-cf1864f77c00/datanode-6/data/ratis/baf303a0-7f14-4dd6-8be5-5fb75dc87a5a] INFO  segmented.SegmentedRaftLogWorker (SegmentedRaftLogWorker.java:execute(569)) - 8b25b6fb-e7f9-4ea8-8d7d-823d8ea82140-SegmentedRaftLogWorker:Storage Directory /workdir/hadoop-ozone/ozonefs/target/test-dir/MiniOzoneClusterImpl-c4ccaed8-e682-4870-947c-cf1864f77c00/datanode-6/data/ratis/baf303a0-7f14-4dd6-8be5-5fb75dc87a5a: created new log segment /workdir/hadoop-ozone/ozonefs/target/test-dir/MiniOzoneClusterImpl-c4ccaed8-e682-4870-947c-cf1864f77c00/datanode-6/data/ratis/baf303a0-7f14-4dd6-8be5-5fb75dc87a5a/current/log_inprogress_0
2019-09-19 10:27:04,246 [8b25b6fb-e7f9-4ea8-8d7d-823d8ea82140-SegmentedRaftLogWorker:Storage Directory /workdir/hadoop-ozone/ozonefs/target/test-dir/MiniOzoneClusterImpl-c4ccaed8-e682-4870-947c-cf1864f77c00/datanode-6/data/ratis/f10f4a3a-c53c-48ac-9a08-7e25d82f21c7] INFO  segmented.SegmentedRaftLogWorker (SegmentedRaftLogWorker.java:execute(569)) - 8b25b6fb-e7f9-4ea8-8d7d-823d8ea82140-SegmentedRaftLogWorker:Storage Directory /workdir/hadoop-ozone/ozonefs/target/test-dir/MiniOzoneClusterImpl-c4ccaed8-e682-4870-947c-cf1864f77c00/datanode-6/data/ratis/f10f4a3a-c53c-48ac-9a08-7e25d82f21c7: created new log segment /workdir/hadoop-ozone/ozonefs/target/test-dir/MiniOzoneClusterImpl-c4ccaed8-e682-4870-947c-cf1864f77c00/datanode-6/data/ratis/f10f4a3a-c53c-48ac-9a08-7e25d82f21c7/current/log_inprogress_0
2019-09-19 10:27:04,247 [8b25b6fb-e7f9-4ea8-8d7d-823d8ea82140:group-BEDC5601A1CE:LeaderElection57] INFO  impl.RaftServerImpl (ServerState.java:setRaftConf(361)) - 8b25b6fb-e7f9-4ea8-8d7d-823d8ea82140:group-BEDC5601A1CE set configuration 0: [8b25b6fb-e7f9-4ea8-8d7d-823d8ea82140:192.168.157.204:40963], old=null at 0
2019-09-19 10:27:04,249 [8b25b6fb-e7f9-4ea8-8d7d-823d8ea82140:group-4DC21B3BF4FD:LeaderElection56] INFO  impl.LeaderElection (LeaderElection.java:askForVotes(181)) - 8b25b6fb-e7f9-4ea8-8d7d-823d8ea82140:group-4DC21B3BF4FD:LeaderElection56: begin an election at term 1 for -1: [8b25b6fb-e7f9-4ea8-8d7d-823d8ea82140:192.168.157.204:40963], old=null
2019-09-19 10:27:04,250 [8b25b6fb-e7f9-4ea8-8d7d-823d8ea82140:group-4DC21B3BF4FD:LeaderElection56] INFO  impl.RoleInfo (RoleInfo.java:shutdownLeaderElection(134)) - 8b25b6fb-e7f9-4ea8-8d7d-823d8ea82140: shutdown LeaderElection
2019-09-19 10:27:04,250 [8b25b6fb-e7f9-4ea8-8d7d-823d8ea82140:group-4DC21B3BF4FD:LeaderElection56] INFO  impl.RaftServerImpl (RaftServerImpl.java:setRole(171)) - 8b25b6fb-e7f9-4ea8-8d7d-823d8ea82140:group-4DC21B3BF4FD changes role from CANDIDATE to LEADER at term 1 for changeToLeader
2019-09-19 10:27:04,250 [8b25b6fb-e7f9-4ea8-8d7d-823d8ea82140:group-4DC21B3BF4FD:LeaderElection56] INFO  impl.RaftServerImpl (ServerState.java:setLeader(263)) - 8b25b6fb-e7f9-4ea8-8d7d-823d8ea82140:group-4DC21B3BF4FD change Leader from null to 8b25b6fb-e7f9-4ea8-8d7d-823d8ea82140 at term 1 for becomeLeader, leader elected after 5366ms
2019-09-19 10:27:04,250 [8b25b6fb-e7f9-4ea8-8d7d-823d8ea82140:group-4DC21B3BF4FD:LeaderElection56] INFO  server.RaftServerConfigKeys (ConfUtils.java:logGet(43)) - raft.server.staging.catchup.gap = 1000 (default)
2019-09-19 10:27:04,250 [8b25b6fb-e7f9-4ea8-8d7d-823d8ea82140:group-4DC21B3BF4FD:LeaderElection56] INFO  server.RaftServerConfigKeys (ConfUtils.java:logGet(43)) - raft.server.rpc.sleep.time = 25ms (default)
2019-09-19 10:27:04,250 [8b25b6fb-e7f9-4ea8-8d7d-823d8ea82140:group-4DC21B3BF4FD:LeaderElection56] INFO  server.RaftServerConfigKeys (ConfUtils.java:logGet(43)) - raft.server.write.element-limit = 4096 (default)
2019-09-19 10:27:04,250 [8b25b6fb-e7f9-4ea8-8d7d-823d8ea82140:group-4DC21B3BF4FD:LeaderElection56] INFO  server.RaftServerConfigKeys (ConfUtils.java:logGet(43)) - raft.server.watch.timeout = 10s (default)
2019-09-19 10:27:04,250 [8b25b6fb-e7f9-4ea8-8d7d-823d8ea82140:group-4DC21B3BF4FD:LeaderElection56] INFO  server.RaftServerConfigKeys (ConfUtils.java:logGet(43)) - raft.server.watch.timeout.denomination = 1s (default)
2019-09-19 10:27:04,250 [8b25b6fb-e7f9-4ea8-8d7d-823d8ea82140:group-4DC21B3BF4FD:LeaderElection56] INFO  server.RaftServerConfigKeys (ConfUtils.java:logGet(43)) - raft.server.watch.element-limit = 65536 (default)
2019-09-19 10:27:04,251 [8b25b6fb-e7f9-4ea8-8d7d-823d8ea82140:group-4DC21B3BF4FD:LeaderElection56] INFO  impl.RoleInfo (RoleInfo.java:updateAndGet(143)) - 8b25b6fb-e7f9-4ea8-8d7d-823d8ea82140: start LeaderState
2019-09-19 10:27:04,251 [8b25b6fb-e7f9-4ea8-8d7d-823d8ea82140:group-4DC21B3BF4FD:LeaderElection56] INFO  segmented.SegmentedRaftLogWorker (SegmentedRaftLogWorker.java:startLogSegment(380)) - 8b25b6fb-e7f9-4ea8-8d7d-823d8ea82140-SegmentedRaftLogWorker:Storage Directory /workdir/hadoop-ozone/ozonefs/target/test-dir/MiniOzoneClusterImpl-c4ccaed8-e682-4870-947c-cf1864f77c00/datanode-6/data/ratis/0eb608e0-8e6f-404d-bdf9-4dc21b3bf4fd: Starting segment from index:0
2019-09-19 10:27:04,251 [8b25b6fb-e7f9-4ea8-8d7d-823d8ea82140:group-4DC21B3BF4FD:LeaderElection56] INFO  impl.RaftServerImpl (ServerState.java:setRaftConf(361)) - 8b25b6fb-e7f9-4ea8-8d7d-823d8ea82140:group-4DC21B3BF4FD set configuration 0: [8b25b6fb-e7f9-4ea8-8d7d-823d8ea82140:192.168.157.204:40963], old=null at 0
2019-09-19 10:27:04,293 [8b25b6fb-e7f9-4ea8-8d7d-823d8ea82140-SegmentedRaftLogWorker:Storage Directory /workdir/hadoop-ozone/ozonefs/target/test-dir/MiniOzoneClusterImpl-c4ccaed8-e682-4870-947c-cf1864f77c00/datanode-6/data/ratis/dabbfe28-3df7-4f31-8758-bedc5601a1ce] INFO  segmented.SegmentedRaftLogWorker (SegmentedRaftLogWorker.java:execute(569)) - 8b25b6fb-e7f9-4ea8-8d7d-823d8ea82140-SegmentedRaftLogWorker:Storage Directory /workdir/hadoop-ozone/ozonefs/target/test-dir/MiniOzoneClusterImpl-c4ccaed8-e682-4870-947c-cf1864f77c00/datanode-6/data/ratis/dabbfe28-3df7-4f31-8758-bedc5601a1ce: created new log segment /workdir/hadoop-ozone/ozonefs/target/test-dir/MiniOzoneClusterImpl-c4ccaed8-e682-4870-947c-cf1864f77c00/datanode-6/data/ratis/dabbfe28-3df7-4f31-8758-bedc5601a1ce/current/log_inprogress_0
2019-09-19 10:27:04,293 [8b25b6fb-e7f9-4ea8-8d7d-823d8ea82140-SegmentedRaftLogWorker:Storage Directory /workdir/hadoop-ozone/ozonefs/target/test-dir/MiniOzoneClusterImpl-c4ccaed8-e682-4870-947c-cf1864f77c00/datanode-6/data/ratis/0eb608e0-8e6f-404d-bdf9-4dc21b3bf4fd] INFO  segmented.SegmentedRaftLogWorker (SegmentedRaftLogWorker.java:execute(569)) - 8b25b6fb-e7f9-4ea8-8d7d-823d8ea82140-SegmentedRaftLogWorker:Storage Directory /workdir/hadoop-ozone/ozonefs/target/test-dir/MiniOzoneClusterImpl-c4ccaed8-e682-4870-947c-cf1864f77c00/datanode-6/data/ratis/0eb608e0-8e6f-404d-bdf9-4dc21b3bf4fd: created new log segment /workdir/hadoop-ozone/ozonefs/target/test-dir/MiniOzoneClusterImpl-c4ccaed8-e682-4870-947c-cf1864f77c00/datanode-6/data/ratis/0eb608e0-8e6f-404d-bdf9-4dc21b3bf4fd/current/log_inprogress_0
2019-09-19 10:27:04,549 | INFO  | SCMAudit | user=jenkins1000 | ip=192.168.157.204 | op=SEND_HEARTBEAT {datanodeUUID=39513c05-534c-4cc1-a39c-034925eb3fe7, command=[]} | ret=SUCCESS |  
2019-09-19 10:27:04,549 | INFO  | SCMAudit | user=jenkins1000 | ip=192.168.157.204 | op=SEND_HEARTBEAT {datanodeUUID=df1b99cc-36f2-45b6-8e95-51c50e156f0b, command=[]} | ret=SUCCESS |  
2019-09-19 10:27:04,549 | INFO  | SCMAudit | user=jenkins1000 | ip=192.168.157.204 | op=SEND_HEARTBEAT {datanodeUUID=8b25b6fb-e7f9-4ea8-8d7d-823d8ea82140, command=[]} | ret=SUCCESS |  
2019-09-19 10:27:04,549 | INFO  | SCMAudit | user=jenkins1000 | ip=192.168.157.204 | op=SEND_HEARTBEAT {datanodeUUID=f4f61464-0bdf-492b-ac84-d659f01f9139, command=[]} | ret=SUCCESS |  
2019-09-19 10:27:04,549 | INFO  | SCMAudit | user=jenkins1000 | ip=192.168.157.204 | op=SEND_HEARTBEAT {datanodeUUID=1692dd7e-eca0-4ee0-be13-a7fe013a1be4, command=[]} | ret=SUCCESS |  
2019-09-19 10:27:04,549 | INFO  | SCMAudit | user=jenkins1000 | ip=192.168.157.204 | op=SEND_HEARTBEAT {datanodeUUID=10ec1051-6571-4c90-b3f9-a3c2840a089b, command=[]} | ret=SUCCESS |  
2019-09-19 10:27:04,549 | INFO  | SCMAudit | user=jenkins1000 | ip=192.168.157.204 | op=SEND_HEARTBEAT {datanodeUUID=7e4b2fb6-17ca-4cf7-9c63-77c56d6e2e1f, command=[]} | ret=SUCCESS |  
2019-09-19 10:27:04,550 | INFO  | SCMAudit | user=jenkins1000 | ip=192.168.157.204 | op=SEND_HEARTBEAT {datanodeUUID=c972e26d-e03f-48a1-a9e9-2dea9337c66d, command=[]} | ret=SUCCESS |  
2019-09-19 10:27:05,549 | INFO  | SCMAudit | user=jenkins1000 | ip=192.168.157.204 | op=SEND_HEARTBEAT {datanodeUUID=df1b99cc-36f2-45b6-8e95-51c50e156f0b, command=[]} | ret=SUCCESS |  
2019-09-19 10:27:05,549 | INFO  | SCMAudit | user=jenkins1000 | ip=192.168.157.204 | op=SEND_HEARTBEAT {datanodeUUID=f4f61464-0bdf-492b-ac84-d659f01f9139, command=[]} | ret=SUCCESS |  
2019-09-19 10:27:05,549 | INFO  | SCMAudit | user=jenkins1000 | ip=192.168.157.204 | op=SEND_HEARTBEAT {datanodeUUID=8b25b6fb-e7f9-4ea8-8d7d-823d8ea82140, command=[]} | ret=SUCCESS |  
2019-09-19 10:27:05,549 | INFO  | SCMAudit | user=jenkins1000 | ip=192.168.157.204 | op=SEND_HEARTBEAT {datanodeUUID=39513c05-534c-4cc1-a39c-034925eb3fe7, command=[]} | ret=SUCCESS |  
2019-09-19 10:27:05,549 | INFO  | SCMAudit | user=jenkins1000 | ip=192.168.157.204 | op=SEND_HEARTBEAT {datanodeUUID=1692dd7e-eca0-4ee0-be13-a7fe013a1be4, command=[]} | ret=SUCCESS |  
2019-09-19 10:27:05,550 | INFO  | SCMAudit | user=jenkins1000 | ip=192.168.157.204 | op=SEND_HEARTBEAT {datanodeUUID=7e4b2fb6-17ca-4cf7-9c63-77c56d6e2e1f, command=[]} | ret=SUCCESS |  
2019-09-19 10:27:05,550 | INFO  | SCMAudit | user=jenkins1000 | ip=192.168.157.204 | op=SEND_HEARTBEAT {datanodeUUID=10ec1051-6571-4c90-b3f9-a3c2840a089b, command=[]} | ret=SUCCESS |  
2019-09-19 10:27:05,551 | INFO  | SCMAudit | user=jenkins1000 | ip=192.168.157.204 | op=SEND_HEARTBEAT {datanodeUUID=c972e26d-e03f-48a1-a9e9-2dea9337c66d, command=[]} | ret=SUCCESS |  
2019-09-19 10:27:06,548 | INFO  | SCMAudit | user=jenkins1000 | ip=192.168.157.204 | op=SEND_HEARTBEAT {datanodeUUID=df1b99cc-36f2-45b6-8e95-51c50e156f0b, command=[]} | ret=SUCCESS |  
2019-09-19 10:27:06,548 | INFO  | SCMAudit | user=jenkins1000 | ip=192.168.157.204 | op=SEND_HEARTBEAT {datanodeUUID=39513c05-534c-4cc1-a39c-034925eb3fe7, command=[]} | ret=SUCCESS |  
2019-09-19 10:27:06,548 | INFO  | SCMAudit | user=jenkins1000 | ip=192.168.157.204 | op=SEND_HEARTBEAT {datanodeUUID=8b25b6fb-e7f9-4ea8-8d7d-823d8ea82140, command=[]} | ret=SUCCESS |  
2019-09-19 10:27:06,549 | INFO  | SCMAudit | user=jenkins1000 | ip=192.168.157.204 | op=SEND_HEARTBEAT {datanodeUUID=f4f61464-0bdf-492b-ac84-d659f01f9139, command=[]} | ret=SUCCESS |  
2019-09-19 10:27:06,549 | INFO  | SCMAudit | user=jenkins1000 | ip=192.168.157.204 | op=SEND_HEARTBEAT {datanodeUUID=1692dd7e-eca0-4ee0-be13-a7fe013a1be4, command=[]} | ret=SUCCESS |  
2019-09-19 10:27:06,549 | INFO  | SCMAudit | user=jenkins1000 | ip=192.168.157.204 | op=SEND_HEARTBEAT {datanodeUUID=10ec1051-6571-4c90-b3f9-a3c2840a089b, command=[]} | ret=SUCCESS |  
2019-09-19 10:27:06,549 | INFO  | SCMAudit | user=jenkins1000 | ip=192.168.157.204 | op=SEND_HEARTBEAT {datanodeUUID=7e4b2fb6-17ca-4cf7-9c63-77c56d6e2e1f, command=[]} | ret=SUCCESS |  
2019-09-19 10:27:06,550 | INFO  | SCMAudit | user=jenkins1000 | ip=192.168.157.204 | op=SEND_HEARTBEAT {datanodeUUID=c972e26d-e03f-48a1-a9e9-2dea9337c66d, command=[]} | ret=SUCCESS |  
2019-09-19 10:27:06,652 [Thread-318] INFO  impl.FollowerState (FollowerState.java:run(106)) - df1b99cc-36f2-45b6-8e95-51c50e156f0b:group-6B238AE27E5B changes to CANDIDATE, lastRpcTime:11624, electionTimeout:5143ms
2019-09-19 10:27:06,652 [Thread-318] INFO  impl.RoleInfo (RoleInfo.java:shutdownFollowerState(121)) - df1b99cc-36f2-45b6-8e95-51c50e156f0b: shutdown FollowerState
2019-09-19 10:27:06,652 [Thread-318] INFO  impl.RaftServerImpl (RaftServerImpl.java:setRole(171)) - df1b99cc-36f2-45b6-8e95-51c50e156f0b:group-6B238AE27E5B changes role from FOLLOWER to CANDIDATE at term 0 for changeToCandidate
2019-09-19 10:27:06,653 [Thread-318] INFO  impl.RoleInfo (RoleInfo.java:updateAndGet(143)) - df1b99cc-36f2-45b6-8e95-51c50e156f0b: start LeaderElection
2019-09-19 10:27:06,668 [df1b99cc-36f2-45b6-8e95-51c50e156f0b:group-6B238AE27E5B:LeaderElection58] INFO  impl.LeaderElection (LeaderElection.java:askForVotes(181)) - df1b99cc-36f2-45b6-8e95-51c50e156f0b:group-6B238AE27E5B:LeaderElection58: begin an election at term 1 for -1: [df1b99cc-36f2-45b6-8e95-51c50e156f0b:192.168.157.204:42307], old=null
2019-09-19 10:27:06,669 [df1b99cc-36f2-45b6-8e95-51c50e156f0b:group-6B238AE27E5B:LeaderElection58] INFO  impl.RoleInfo (RoleInfo.java:shutdownLeaderElection(134)) - df1b99cc-36f2-45b6-8e95-51c50e156f0b: shutdown LeaderElection
2019-09-19 10:27:06,669 [df1b99cc-36f2-45b6-8e95-51c50e156f0b:group-6B238AE27E5B:LeaderElection58] INFO  impl.RaftServerImpl (RaftServerImpl.java:setRole(171)) - df1b99cc-36f2-45b6-8e95-51c50e156f0b:group-6B238AE27E5B changes role from CANDIDATE to LEADER at term 1 for changeToLeader
2019-09-19 10:27:06,669 [df1b99cc-36f2-45b6-8e95-51c50e156f0b:group-6B238AE27E5B:LeaderElection58] INFO  impl.RaftServerImpl (ServerState.java:setLeader(263)) - df1b99cc-36f2-45b6-8e95-51c50e156f0b:group-6B238AE27E5B change Leader from null to df1b99cc-36f2-45b6-8e95-51c50e156f0b at term 1 for becomeLeader, leader elected after 11644ms
2019-09-19 10:27:06,669 [df1b99cc-36f2-45b6-8e95-51c50e156f0b:group-6B238AE27E5B:LeaderElection58] INFO  server.RaftServerConfigKeys (ConfUtils.java:logGet(43)) - raft.server.staging.catchup.gap = 1000 (default)
2019-09-19 10:27:06,669 [df1b99cc-36f2-45b6-8e95-51c50e156f0b:group-6B238AE27E5B:LeaderElection58] INFO  server.RaftServerConfigKeys (ConfUtils.java:logGet(43)) - raft.server.rpc.sleep.time = 25ms (default)
2019-09-19 10:27:06,669 [df1b99cc-36f2-45b6-8e95-51c50e156f0b:group-6B238AE27E5B:LeaderElection58] INFO  server.RaftServerConfigKeys (ConfUtils.java:logGet(43)) - raft.server.write.element-limit = 4096 (default)
2019-09-19 10:27:06,670 [df1b99cc-36f2-45b6-8e95-51c50e156f0b:group-6B238AE27E5B:LeaderElection58] INFO  server.RaftServerConfigKeys (ConfUtils.java:logGet(43)) - raft.server.watch.timeout = 10s (default)
2019-09-19 10:27:06,670 [df1b99cc-36f2-45b6-8e95-51c50e156f0b:group-6B238AE27E5B:LeaderElection58] INFO  server.RaftServerConfigKeys (ConfUtils.java:logGet(43)) - raft.server.watch.timeout.denomination = 1s (default)
2019-09-19 10:27:06,670 [df1b99cc-36f2-45b6-8e95-51c50e156f0b:group-6B238AE27E5B:LeaderElection58] INFO  server.RaftServerConfigKeys (ConfUtils.java:logGet(43)) - raft.server.watch.element-limit = 65536 (default)
2019-09-19 10:27:06,670 [df1b99cc-36f2-45b6-8e95-51c50e156f0b:group-6B238AE27E5B:LeaderElection58] INFO  impl.RoleInfo (RoleInfo.java:updateAndGet(143)) - df1b99cc-36f2-45b6-8e95-51c50e156f0b: start LeaderState
2019-09-19 10:27:06,671 [df1b99cc-36f2-45b6-8e95-51c50e156f0b:group-6B238AE27E5B:LeaderElection58] INFO  segmented.SegmentedRaftLogWorker (SegmentedRaftLogWorker.java:startLogSegment(380)) - df1b99cc-36f2-45b6-8e95-51c50e156f0b-SegmentedRaftLogWorker:Storage Directory /workdir/hadoop-ozone/ozonefs/target/test-dir/MiniOzoneClusterImpl-c4ccaed8-e682-4870-947c-cf1864f77c00/datanode-1/data/ratis/cd166d77-f2bf-482d-a8a2-6b238ae27e5b: Starting segment from index:0
2019-09-19 10:27:06,671 [df1b99cc-36f2-45b6-8e95-51c50e156f0b:group-6B238AE27E5B:LeaderElection58] INFO  impl.RaftServerImpl (ServerState.java:setRaftConf(361)) - df1b99cc-36f2-45b6-8e95-51c50e156f0b:group-6B238AE27E5B set configuration 0: [df1b99cc-36f2-45b6-8e95-51c50e156f0b:192.168.157.204:42307], old=null at 0
2019-09-19 10:27:06,716 [df1b99cc-36f2-45b6-8e95-51c50e156f0b-SegmentedRaftLogWorker:Storage Directory /workdir/hadoop-ozone/ozonefs/target/test-dir/MiniOzoneClusterImpl-c4ccaed8-e682-4870-947c-cf1864f77c00/datanode-1/data/ratis/cd166d77-f2bf-482d-a8a2-6b238ae27e5b] INFO  segmented.SegmentedRaftLogWorker (SegmentedRaftLogWorker.java:execute(569)) - df1b99cc-36f2-45b6-8e95-51c50e156f0b-SegmentedRaftLogWorker:Storage Directory /workdir/hadoop-ozone/ozonefs/target/test-dir/MiniOzoneClusterImpl-c4ccaed8-e682-4870-947c-cf1864f77c00/datanode-1/data/ratis/cd166d77-f2bf-482d-a8a2-6b238ae27e5b: created new log segment /workdir/hadoop-ozone/ozonefs/target/test-dir/MiniOzoneClusterImpl-c4ccaed8-e682-4870-947c-cf1864f77c00/datanode-1/data/ratis/cd166d77-f2bf-482d-a8a2-6b238ae27e5b/current/log_inprogress_0
2019-09-19 10:27:06,744 [Thread-327] INFO  impl.FollowerState (FollowerState.java:run(106)) - 7e4b2fb6-17ca-4cf7-9c63-77c56d6e2e1f:group-FC690495CB19 changes to CANDIDATE, lastRpcTime:11078, electionTimeout:5094ms
2019-09-19 10:27:06,744 [Thread-327] INFO  impl.RoleInfo (RoleInfo.java:shutdownFollowerState(121)) - 7e4b2fb6-17ca-4cf7-9c63-77c56d6e2e1f: shutdown FollowerState
2019-09-19 10:27:06,744 [Thread-327] INFO  impl.RaftServerImpl (RaftServerImpl.java:setRole(171)) - 7e4b2fb6-17ca-4cf7-9c63-77c56d6e2e1f:group-FC690495CB19 changes role from FOLLOWER to CANDIDATE at term 0 for changeToCandidate
2019-09-19 10:27:06,745 [Thread-327] INFO  impl.RoleInfo (RoleInfo.java:updateAndGet(143)) - 7e4b2fb6-17ca-4cf7-9c63-77c56d6e2e1f: start LeaderElection
2019-09-19 10:27:06,775 [7e4b2fb6-17ca-4cf7-9c63-77c56d6e2e1f:group-FC690495CB19:LeaderElection59] INFO  impl.LeaderElection (LeaderElection.java:askForVotes(181)) - 7e4b2fb6-17ca-4cf7-9c63-77c56d6e2e1f:group-FC690495CB19:LeaderElection59: begin an election at term 1 for -1: [7e4b2fb6-17ca-4cf7-9c63-77c56d6e2e1f:192.168.157.204:45021], old=null
2019-09-19 10:27:06,775 [7e4b2fb6-17ca-4cf7-9c63-77c56d6e2e1f:group-FC690495CB19:LeaderElection59] INFO  impl.RoleInfo (RoleInfo.java:shutdownLeaderElection(134)) - 7e4b2fb6-17ca-4cf7-9c63-77c56d6e2e1f: shutdown LeaderElection
2019-09-19 10:27:06,775 [7e4b2fb6-17ca-4cf7-9c63-77c56d6e2e1f:group-FC690495CB19:LeaderElection59] INFO  impl.RaftServerImpl (RaftServerImpl.java:setRole(171)) - 7e4b2fb6-17ca-4cf7-9c63-77c56d6e2e1f:group-FC690495CB19 changes role from CANDIDATE to LEADER at term 1 for changeToLeader
2019-09-19 10:27:06,776 [7e4b2fb6-17ca-4cf7-9c63-77c56d6e2e1f:group-FC690495CB19:LeaderElection59] INFO  impl.RaftServerImpl (ServerState.java:setLeader(263)) - 7e4b2fb6-17ca-4cf7-9c63-77c56d6e2e1f:group-FC690495CB19 change Leader from null to 7e4b2fb6-17ca-4cf7-9c63-77c56d6e2e1f at term 1 for becomeLeader, leader elected after 11114ms
2019-09-19 10:27:06,776 [7e4b2fb6-17ca-4cf7-9c63-77c56d6e2e1f:group-FC690495CB19:LeaderElection59] INFO  server.RaftServerConfigKeys (ConfUtils.java:logGet(43)) - raft.server.staging.catchup.gap = 1000 (default)
2019-09-19 10:27:06,776 [7e4b2fb6-17ca-4cf7-9c63-77c56d6e2e1f:group-FC690495CB19:LeaderElection59] INFO  server.RaftServerConfigKeys (ConfUtils.java:logGet(43)) - raft.server.rpc.sleep.time = 25ms (default)
2019-09-19 10:27:06,776 [7e4b2fb6-17ca-4cf7-9c63-77c56d6e2e1f:group-FC690495CB19:LeaderElection59] INFO  server.RaftServerConfigKeys (ConfUtils.java:logGet(43)) - raft.server.write.element-limit = 4096 (default)
2019-09-19 10:27:06,776 [7e4b2fb6-17ca-4cf7-9c63-77c56d6e2e1f:group-FC690495CB19:LeaderElection59] INFO  server.RaftServerConfigKeys (ConfUtils.java:logGet(43)) - raft.server.watch.timeout = 10s (default)
2019-09-19 10:27:06,776 [7e4b2fb6-17ca-4cf7-9c63-77c56d6e2e1f:group-FC690495CB19:LeaderElection59] INFO  server.RaftServerConfigKeys (ConfUtils.java:logGet(43)) - raft.server.watch.timeout.denomination = 1s (default)
2019-09-19 10:27:06,776 [7e4b2fb6-17ca-4cf7-9c63-77c56d6e2e1f:group-FC690495CB19:LeaderElection59] INFO  server.RaftServerConfigKeys (ConfUtils.java:logGet(43)) - raft.server.watch.element-limit = 65536 (default)
2019-09-19 10:27:06,777 [7e4b2fb6-17ca-4cf7-9c63-77c56d6e2e1f:group-FC690495CB19:LeaderElection59] INFO  impl.RoleInfo (RoleInfo.java:updateAndGet(143)) - 7e4b2fb6-17ca-4cf7-9c63-77c56d6e2e1f: start LeaderState
2019-09-19 10:27:06,777 [7e4b2fb6-17ca-4cf7-9c63-77c56d6e2e1f:group-FC690495CB19:LeaderElection59] INFO  segmented.SegmentedRaftLogWorker (SegmentedRaftLogWorker.java:startLogSegment(380)) - 7e4b2fb6-17ca-4cf7-9c63-77c56d6e2e1f-SegmentedRaftLogWorker:Storage Directory /workdir/hadoop-ozone/ozonefs/target/test-dir/MiniOzoneClusterImpl-c4ccaed8-e682-4870-947c-cf1864f77c00/datanode-4/data/ratis/ff0fc8cd-f99d-41df-8763-fc690495cb19: Starting segment from index:0
2019-09-19 10:27:06,778 [7e4b2fb6-17ca-4cf7-9c63-77c56d6e2e1f:group-FC690495CB19:LeaderElection59] INFO  impl.RaftServerImpl (ServerState.java:setRaftConf(361)) - 7e4b2fb6-17ca-4cf7-9c63-77c56d6e2e1f:group-FC690495CB19 set configuration 0: [7e4b2fb6-17ca-4cf7-9c63-77c56d6e2e1f:192.168.157.204:45021], old=null at 0
2019-09-19 10:27:06,818 [7e4b2fb6-17ca-4cf7-9c63-77c56d6e2e1f-SegmentedRaftLogWorker:Storage Directory /workdir/hadoop-ozone/ozonefs/target/test-dir/MiniOzoneClusterImpl-c4ccaed8-e682-4870-947c-cf1864f77c00/datanode-4/data/ratis/ff0fc8cd-f99d-41df-8763-fc690495cb19] INFO  segmented.SegmentedRaftLogWorker (SegmentedRaftLogWorker.java:execute(569)) - 7e4b2fb6-17ca-4cf7-9c63-77c56d6e2e1f-SegmentedRaftLogWorker:Storage Directory /workdir/hadoop-ozone/ozonefs/target/test-dir/MiniOzoneClusterImpl-c4ccaed8-e682-4870-947c-cf1864f77c00/datanode-4/data/ratis/ff0fc8cd-f99d-41df-8763-fc690495cb19: created new log segment /workdir/hadoop-ozone/ozonefs/target/test-dir/MiniOzoneClusterImpl-c4ccaed8-e682-4870-947c-cf1864f77c00/datanode-4/data/ratis/ff0fc8cd-f99d-41df-8763-fc690495cb19/current/log_inprogress_0
2019-09-19 10:27:06,823 [Thread-330] INFO  impl.FollowerState (FollowerState.java:run(106)) - 84c75018-969a-4fca-ac0f-34cccc99d928:group-C8331812D69B changes to CANDIDATE, lastRpcTime:10843, electionTimeout:5173ms
2019-09-19 10:27:06,824 [Thread-330] INFO  impl.RoleInfo (RoleInfo.java:shutdownFollowerState(121)) - 84c75018-969a-4fca-ac0f-34cccc99d928: shutdown FollowerState
2019-09-19 10:27:06,824 [Thread-330] INFO  impl.RaftServerImpl (RaftServerImpl.java:setRole(171)) - 84c75018-969a-4fca-ac0f-34cccc99d928:group-C8331812D69B changes role from FOLLOWER to CANDIDATE at term 0 for changeToCandidate
2019-09-19 10:27:06,824 [Thread-330] INFO  impl.RoleInfo (RoleInfo.java:updateAndGet(143)) - 84c75018-969a-4fca-ac0f-34cccc99d928: start LeaderElection
2019-09-19 10:27:06,956 [84c75018-969a-4fca-ac0f-34cccc99d928:group-C8331812D69B:LeaderElection60] INFO  impl.LeaderElection (LeaderElection.java:askForVotes(181)) - 84c75018-969a-4fca-ac0f-34cccc99d928:group-C8331812D69B:LeaderElection60: begin an election at term 1 for -1: [84c75018-969a-4fca-ac0f-34cccc99d928:192.168.157.204:41935], old=null
2019-09-19 10:27:06,957 [84c75018-969a-4fca-ac0f-34cccc99d928:group-C8331812D69B:LeaderElection60] INFO  impl.RoleInfo (RoleInfo.java:shutdownLeaderElection(134)) - 84c75018-969a-4fca-ac0f-34cccc99d928: shutdown LeaderElection
2019-09-19 10:27:06,957 [84c75018-969a-4fca-ac0f-34cccc99d928:group-C8331812D69B:LeaderElection60] INFO  impl.RaftServerImpl (RaftServerImpl.java:setRole(171)) - 84c75018-969a-4fca-ac0f-34cccc99d928:group-C8331812D69B changes role from CANDIDATE to LEADER at term 1 for changeToLeader
2019-09-19 10:27:06,957 [84c75018-969a-4fca-ac0f-34cccc99d928:group-C8331812D69B:LeaderElection60] INFO  impl.RaftServerImpl (ServerState.java:setLeader(263)) - 84c75018-969a-4fca-ac0f-34cccc99d928:group-C8331812D69B change Leader from null to 84c75018-969a-4fca-ac0f-34cccc99d928 at term 1 for becomeLeader, leader elected after 10992ms
2019-09-19 10:27:06,957 [84c75018-969a-4fca-ac0f-34cccc99d928:group-C8331812D69B:LeaderElection60] INFO  server.RaftServerConfigKeys (ConfUtils.java:logGet(43)) - raft.server.staging.catchup.gap = 1000 (default)
2019-09-19 10:27:06,957 [84c75018-969a-4fca-ac0f-34cccc99d928:group-C8331812D69B:LeaderElection60] INFO  server.RaftServerConfigKeys (ConfUtils.java:logGet(43)) - raft.server.rpc.sleep.time = 25ms (default)
2019-09-19 10:27:06,957 [84c75018-969a-4fca-ac0f-34cccc99d928:group-C8331812D69B:LeaderElection60] INFO  server.RaftServerConfigKeys (ConfUtils.java:logGet(43)) - raft.server.write.element-limit = 4096 (default)
2019-09-19 10:27:06,958 [84c75018-969a-4fca-ac0f-34cccc99d928:group-C8331812D69B:LeaderElection60] INFO  server.RaftServerConfigKeys (ConfUtils.java:logGet(43)) - raft.server.watch.timeout = 10s (default)
2019-09-19 10:27:06,958 [84c75018-969a-4fca-ac0f-34cccc99d928:group-C8331812D69B:LeaderElection60] INFO  server.RaftServerConfigKeys (ConfUtils.java:logGet(43)) - raft.server.watch.timeout.denomination = 1s (default)
2019-09-19 10:27:06,958 [84c75018-969a-4fca-ac0f-34cccc99d928:group-C8331812D69B:LeaderElection60] INFO  server.RaftServerConfigKeys (ConfUtils.java:logGet(43)) - raft.server.watch.element-limit = 65536 (default)
2019-09-19 10:27:06,958 [84c75018-969a-4fca-ac0f-34cccc99d928:group-C8331812D69B:LeaderElection60] INFO  impl.RoleInfo (RoleInfo.java:updateAndGet(143)) - 84c75018-969a-4fca-ac0f-34cccc99d928: start LeaderState
2019-09-19 10:27:06,958 [84c75018-969a-4fca-ac0f-34cccc99d928:group-C8331812D69B:LeaderElection60] INFO  segmented.SegmentedRaftLogWorker (SegmentedRaftLogWorker.java:startLogSegment(380)) - 84c75018-969a-4fca-ac0f-34cccc99d928-SegmentedRaftLogWorker:Storage Directory /workdir/hadoop-ozone/ozonefs/target/test-dir/MiniOzoneClusterImpl-c4ccaed8-e682-4870-947c-cf1864f77c00/datanode-2/data/ratis/e529e12a-927b-425a-b4f8-c8331812d69b: Starting segment from index:0
2019-09-19 10:27:06,959 [84c75018-969a-4fca-ac0f-34cccc99d928:group-C8331812D69B:LeaderElection60] INFO  impl.RaftServerImpl (ServerState.java:setRaftConf(361)) - 84c75018-969a-4fca-ac0f-34cccc99d928:group-C8331812D69B set configuration 0: [84c75018-969a-4fca-ac0f-34cccc99d928:192.168.157.204:41935], old=null at 0
2019-09-19 10:27:07,006 [84c75018-969a-4fca-ac0f-34cccc99d928-SegmentedRaftLogWorker:Storage Directory /workdir/hadoop-ozone/ozonefs/target/test-dir/MiniOzoneClusterImpl-c4ccaed8-e682-4870-947c-cf1864f77c00/datanode-2/data/ratis/e529e12a-927b-425a-b4f8-c8331812d69b] INFO  segmented.SegmentedRaftLogWorker (SegmentedRaftLogWorker.java:execute(569)) - 84c75018-969a-4fca-ac0f-34cccc99d928-SegmentedRaftLogWorker:Storage Directory /workdir/hadoop-ozone/ozonefs/target/test-dir/MiniOzoneClusterImpl-c4ccaed8-e682-4870-947c-cf1864f77c00/datanode-2/data/ratis/e529e12a-927b-425a-b4f8-c8331812d69b: created new log segment /workdir/hadoop-ozone/ozonefs/target/test-dir/MiniOzoneClusterImpl-c4ccaed8-e682-4870-947c-cf1864f77c00/datanode-2/data/ratis/e529e12a-927b-425a-b4f8-c8331812d69b/current/log_inprogress_0
2019-09-19 10:27:07,306 [main] INFO  ozoneimpl.OzoneContainer (OzoneContainer.java:stop(199)) - Attempting to stop container services.
2019-09-19 10:27:07,306 [ForkJoinPool.commonPool-worker-1] INFO  ozoneimpl.OzoneContainer (OzoneContainer.java:stop(199)) - Attempting to stop container services.
2019-09-19 10:27:07,308 [main] INFO  impl.RaftServerProxy (RaftServerProxy.java:lambda$close$4(314)) - 9c1babfd-24b9-43b5-a670-4d0e2dc3eec4: close
2019-09-19 10:27:07,309 [ForkJoinPool.commonPool-worker-1] INFO  impl.RaftServerProxy (RaftServerProxy.java:lambda$close$4(314)) - 84c75018-969a-4fca-ac0f-34cccc99d928: close
2019-09-19 10:27:07,311 [main] INFO  impl.RaftServerImpl (RaftServerImpl.java:lambda$shutdown$3(245)) - 9c1babfd-24b9-43b5-a670-4d0e2dc3eec4: shutdown group-506E16BEAB47
2019-09-19 10:27:07,311 [ForkJoinPool.commonPool-worker-1] INFO  impl.RaftServerImpl (RaftServerImpl.java:lambda$shutdown$3(245)) - 84c75018-969a-4fca-ac0f-34cccc99d928: shutdown group-671835733D90
2019-09-19 10:27:07,312 [main] INFO  util.JmxRegister (JmxRegister.java:unregister(73)) - Successfully un-registered JMX Bean with object name Ratis:service=RaftServer,group=group-506E16BEAB47,id=9c1babfd-24b9-43b5-a670-4d0e2dc3eec4
2019-09-19 10:27:07,312 [ForkJoinPool.commonPool-worker-1] INFO  util.JmxRegister (JmxRegister.java:unregister(73)) - Successfully un-registered JMX Bean with object name Ratis:service=RaftServer,group=group-671835733D90,id=84c75018-969a-4fca-ac0f-34cccc99d928
2019-09-19 10:27:07,313 [ForkJoinPool.commonPool-worker-1] INFO  impl.RoleInfo (RoleInfo.java:shutdownLeaderState(104)) - 84c75018-969a-4fca-ac0f-34cccc99d928: shutdown LeaderState
2019-09-19 10:27:07,312 [main] INFO  impl.RoleInfo (RoleInfo.java:shutdownLeaderState(104)) - 9c1babfd-24b9-43b5-a670-4d0e2dc3eec4: shutdown LeaderState
2019-09-19 10:27:07,315 [main] INFO  impl.PendingRequests (PendingRequests.java:sendNotLeaderResponses(202)) - 9c1babfd-24b9-43b5-a670-4d0e2dc3eec4-PendingRequests: sendNotLeaderResponses
2019-09-19 10:27:07,315 [ForkJoinPool.commonPool-worker-1] INFO  impl.PendingRequests (PendingRequests.java:sendNotLeaderResponses(202)) - 84c75018-969a-4fca-ac0f-34cccc99d928-PendingRequests: sendNotLeaderResponses
2019-09-19 10:27:07,322 [main] INFO  impl.StateMachineUpdater (StateMachineUpdater.java:stopAndJoin(115)) - StateMachineUpdater:9c1babfd-24b9-43b5-a670-4d0e2dc3eec4:group-506E16BEAB47: set stopIndex = 0
2019-09-19 10:27:07,322 [ForkJoinPool.commonPool-worker-1] INFO  impl.StateMachineUpdater (StateMachineUpdater.java:stopAndJoin(115)) - StateMachineUpdater:84c75018-969a-4fca-ac0f-34cccc99d928:group-671835733D90: set stopIndex = 0
2019-09-19 10:27:07,326 [main] INFO  impl.RaftServerImpl (ServerState.java:close(394)) - 9c1babfd-24b9-43b5-a670-4d0e2dc3eec4:group-506E16BEAB47 closes. The last applied log index is 0
2019-09-19 10:27:07,326 [ForkJoinPool.commonPool-worker-1] INFO  impl.RaftServerImpl (ServerState.java:close(394)) - 84c75018-969a-4fca-ac0f-34cccc99d928:group-671835733D90 closes. The last applied log index is 0
2019-09-19 10:27:07,329 [9c1babfd-24b9-43b5-a670-4d0e2dc3eec4-SegmentedRaftLogWorker:Storage Directory /workdir/hadoop-ozone/ozonefs/target/test-dir/MiniOzoneClusterImpl-c4ccaed8-e682-4870-947c-cf1864f77c00/datanode-5/data/ratis/7302ee0a-b4c0-4d45-9a1c-506e16beab47] INFO  segmented.SegmentedRaftLogWorker (SegmentedRaftLogWorker.java:run(313)) - 9c1babfd-24b9-43b5-a670-4d0e2dc3eec4-SegmentedRaftLogWorker:Storage Directory /workdir/hadoop-ozone/ozonefs/target/test-dir/MiniOzoneClusterImpl-c4ccaed8-e682-4870-947c-cf1864f77c00/datanode-5/data/ratis/7302ee0a-b4c0-4d45-9a1c-506e16beab47 was interrupted, exiting. There are 0 tasks remaining in the queue.
2019-09-19 10:27:07,329 [84c75018-969a-4fca-ac0f-34cccc99d928-SegmentedRaftLogWorker:Storage Directory /workdir/hadoop-ozone/ozonefs/target/test-dir/MiniOzoneClusterImpl-c4ccaed8-e682-4870-947c-cf1864f77c00/datanode-2/data/ratis/ac888c49-9577-4629-9b71-671835733d90] INFO  segmented.SegmentedRaftLogWorker (SegmentedRaftLogWorker.java:run(313)) - 84c75018-969a-4fca-ac0f-34cccc99d928-SegmentedRaftLogWorker:Storage Directory /workdir/hadoop-ozone/ozonefs/target/test-dir/MiniOzoneClusterImpl-c4ccaed8-e682-4870-947c-cf1864f77c00/datanode-2/data/ratis/ac888c49-9577-4629-9b71-671835733d90 was interrupted, exiting. There are 0 tasks remaining in the queue.
2019-09-19 10:27:07,334 [main] INFO  segmented.SegmentedRaftLogWorker (SegmentedRaftLogWorker.java:close(228)) - 9c1babfd-24b9-43b5-a670-4d0e2dc3eec4-SegmentedRaftLogWorker:Storage Directory /workdir/hadoop-ozone/ozonefs/target/test-dir/MiniOzoneClusterImpl-c4ccaed8-e682-4870-947c-cf1864f77c00/datanode-5/data/ratis/7302ee0a-b4c0-4d45-9a1c-506e16beab47 close()
2019-09-19 10:27:07,334 [ForkJoinPool.commonPool-worker-1] INFO  segmented.SegmentedRaftLogWorker (SegmentedRaftLogWorker.java:close(228)) - 84c75018-969a-4fca-ac0f-34cccc99d928-SegmentedRaftLogWorker:Storage Directory /workdir/hadoop-ozone/ozonefs/target/test-dir/MiniOzoneClusterImpl-c4ccaed8-e682-4870-947c-cf1864f77c00/datanode-2/data/ratis/ac888c49-9577-4629-9b71-671835733d90 close()
2019-09-19 10:27:07,340 [main] INFO  impl.RaftServerImpl (RaftServerImpl.java:lambda$shutdown$3(245)) - 9c1babfd-24b9-43b5-a670-4d0e2dc3eec4: shutdown group-D32936906873
2019-09-19 10:27:07,344 [ForkJoinPool.commonPool-worker-1] INFO  impl.RaftServerImpl (RaftServerImpl.java:lambda$shutdown$3(245)) - 84c75018-969a-4fca-ac0f-34cccc99d928: shutdown group-C8331812D69B
2019-09-19 10:27:07,345 [main] INFO  util.JmxRegister (JmxRegister.java:unregister(73)) - Successfully un-registered JMX Bean with object name Ratis:service=RaftServer,group=group-D32936906873,id=9c1babfd-24b9-43b5-a670-4d0e2dc3eec4
2019-09-19 10:27:07,345 [ForkJoinPool.commonPool-worker-1] INFO  util.JmxRegister (JmxRegister.java:unregister(73)) - Successfully un-registered JMX Bean with object name Ratis:service=RaftServer,group=group-C8331812D69B,id=84c75018-969a-4fca-ac0f-34cccc99d928
2019-09-19 10:27:07,345 [main] INFO  impl.RoleInfo (RoleInfo.java:shutdownLeaderState(104)) - 9c1babfd-24b9-43b5-a670-4d0e2dc3eec4: shutdown LeaderState
2019-09-19 10:27:07,346 [ForkJoinPool.commonPool-worker-1] INFO  impl.RoleInfo (RoleInfo.java:shutdownLeaderState(104)) - 84c75018-969a-4fca-ac0f-34cccc99d928: shutdown LeaderState
2019-09-19 10:27:07,346 [main] INFO  impl.PendingRequests (PendingRequests.java:sendNotLeaderResponses(202)) - 9c1babfd-24b9-43b5-a670-4d0e2dc3eec4-PendingRequests: sendNotLeaderResponses
2019-09-19 10:27:07,346 [ForkJoinPool.commonPool-worker-1] INFO  impl.PendingRequests (PendingRequests.java:sendNotLeaderResponses(202)) - 84c75018-969a-4fca-ac0f-34cccc99d928-PendingRequests: sendNotLeaderResponses
2019-09-19 10:27:07,347 [main] INFO  impl.StateMachineUpdater (StateMachineUpdater.java:stopAndJoin(115)) - StateMachineUpdater:9c1babfd-24b9-43b5-a670-4d0e2dc3eec4:group-D32936906873: set stopIndex = 0
2019-09-19 10:27:07,347 [ForkJoinPool.commonPool-worker-1] INFO  impl.StateMachineUpdater (StateMachineUpdater.java:stopAndJoin(115)) - StateMachineUpdater:84c75018-969a-4fca-ac0f-34cccc99d928:group-C8331812D69B: set stopIndex = 0
2019-09-19 10:27:07,347 [main] INFO  impl.RaftServerImpl (ServerState.java:close(394)) - 9c1babfd-24b9-43b5-a670-4d0e2dc3eec4:group-D32936906873 closes. The last applied log index is 0
2019-09-19 10:27:07,347 [ForkJoinPool.commonPool-worker-1] INFO  impl.RaftServerImpl (ServerState.java:close(394)) - 84c75018-969a-4fca-ac0f-34cccc99d928:group-C8331812D69B closes. The last applied log index is 0
2019-09-19 10:27:07,348 [9c1babfd-24b9-43b5-a670-4d0e2dc3eec4-SegmentedRaftLogWorker:Storage Directory /workdir/hadoop-ozone/ozonefs/target/test-dir/MiniOzoneClusterImpl-c4ccaed8-e682-4870-947c-cf1864f77c00/datanode-5/data/ratis/961205d0-15b6-452a-a6c4-d32936906873] INFO  segmented.SegmentedRaftLogWorker (SegmentedRaftLogWorker.java:run(313)) - 9c1babfd-24b9-43b5-a670-4d0e2dc3eec4-SegmentedRaftLogWorker:Storage Directory /workdir/hadoop-ozone/ozonefs/target/test-dir/MiniOzoneClusterImpl-c4ccaed8-e682-4870-947c-cf1864f77c00/datanode-5/data/ratis/961205d0-15b6-452a-a6c4-d32936906873 was interrupted, exiting. There are 0 tasks remaining in the queue.
2019-09-19 10:27:07,348 [84c75018-969a-4fca-ac0f-34cccc99d928-SegmentedRaftLogWorker:Storage Directory /workdir/hadoop-ozone/ozonefs/target/test-dir/MiniOzoneClusterImpl-c4ccaed8-e682-4870-947c-cf1864f77c00/datanode-2/data/ratis/e529e12a-927b-425a-b4f8-c8331812d69b] INFO  segmented.SegmentedRaftLogWorker (SegmentedRaftLogWorker.java:run(313)) - 84c75018-969a-4fca-ac0f-34cccc99d928-SegmentedRaftLogWorker:Storage Directory /workdir/hadoop-ozone/ozonefs/target/test-dir/MiniOzoneClusterImpl-c4ccaed8-e682-4870-947c-cf1864f77c00/datanode-2/data/ratis/e529e12a-927b-425a-b4f8-c8331812d69b was interrupted, exiting. There are 0 tasks remaining in the queue.
2019-09-19 10:27:07,351 [main] INFO  segmented.SegmentedRaftLogWorker (SegmentedRaftLogWorker.java:close(228)) - 9c1babfd-24b9-43b5-a670-4d0e2dc3eec4-SegmentedRaftLogWorker:Storage Directory /workdir/hadoop-ozone/ozonefs/target/test-dir/MiniOzoneClusterImpl-c4ccaed8-e682-4870-947c-cf1864f77c00/datanode-5/data/ratis/961205d0-15b6-452a-a6c4-d32936906873 close()
2019-09-19 10:27:07,353 [ForkJoinPool.commonPool-worker-1] INFO  segmented.SegmentedRaftLogWorker (SegmentedRaftLogWorker.java:close(228)) - 84c75018-969a-4fca-ac0f-34cccc99d928-SegmentedRaftLogWorker:Storage Directory /workdir/hadoop-ozone/ozonefs/target/test-dir/MiniOzoneClusterImpl-c4ccaed8-e682-4870-947c-cf1864f77c00/datanode-2/data/ratis/e529e12a-927b-425a-b4f8-c8331812d69b close()
2019-09-19 10:27:07,357 [main] INFO  impl.RaftServerImpl (RaftServerImpl.java:lambda$shutdown$3(245)) - 9c1babfd-24b9-43b5-a670-4d0e2dc3eec4: shutdown group-3AF7D0803EF7
2019-09-19 10:27:07,362 [ForkJoinPool.commonPool-worker-1] INFO  impl.RaftServerImpl (RaftServerImpl.java:lambda$shutdown$3(245)) - 84c75018-969a-4fca-ac0f-34cccc99d928: shutdown group-F48E00CB4773
2019-09-19 10:27:07,362 [main] INFO  util.JmxRegister (JmxRegister.java:unregister(73)) - Successfully un-registered JMX Bean with object name Ratis:service=RaftServer,group=group-3AF7D0803EF7,id=9c1babfd-24b9-43b5-a670-4d0e2dc3eec4
2019-09-19 10:27:07,363 [ForkJoinPool.commonPool-worker-1] INFO  util.JmxRegister (JmxRegister.java:unregister(73)) - Successfully un-registered JMX Bean with object name Ratis:service=RaftServer,group=group-F48E00CB4773,id=84c75018-969a-4fca-ac0f-34cccc99d928
2019-09-19 10:27:07,363 [ForkJoinPool.commonPool-worker-1] INFO  impl.RoleInfo (RoleInfo.java:shutdownLeaderState(104)) - 84c75018-969a-4fca-ac0f-34cccc99d928: shutdown LeaderState
2019-09-19 10:27:07,363 [main] INFO  impl.RoleInfo (RoleInfo.java:shutdownLeaderState(104)) - 9c1babfd-24b9-43b5-a670-4d0e2dc3eec4: shutdown LeaderState
2019-09-19 10:27:07,363 [ForkJoinPool.commonPool-worker-1] INFO  impl.PendingRequests (PendingRequests.java:sendNotLeaderResponses(202)) - 84c75018-969a-4fca-ac0f-34cccc99d928-PendingRequests: sendNotLeaderResponses
2019-09-19 10:27:07,364 [main] INFO  impl.PendingRequests (PendingRequests.java:sendNotLeaderResponses(202)) - 9c1babfd-24b9-43b5-a670-4d0e2dc3eec4-PendingRequests: sendNotLeaderResponses
2019-09-19 10:27:07,364 [ForkJoinPool.commonPool-worker-1] INFO  impl.StateMachineUpdater (StateMachineUpdater.java:stopAndJoin(115)) - StateMachineUpdater:84c75018-969a-4fca-ac0f-34cccc99d928:group-F48E00CB4773: set stopIndex = 0
2019-09-19 10:27:07,365 [main] INFO  impl.StateMachineUpdater (StateMachineUpdater.java:stopAndJoin(115)) - StateMachineUpdater:9c1babfd-24b9-43b5-a670-4d0e2dc3eec4:group-3AF7D0803EF7: set stopIndex = 0
2019-09-19 10:27:07,365 [ForkJoinPool.commonPool-worker-1] INFO  impl.RaftServerImpl (ServerState.java:close(394)) - 84c75018-969a-4fca-ac0f-34cccc99d928:group-F48E00CB4773 closes. The last applied log index is 0
2019-09-19 10:27:07,365 [main] INFO  impl.RaftServerImpl (ServerState.java:close(394)) - 9c1babfd-24b9-43b5-a670-4d0e2dc3eec4:group-3AF7D0803EF7 closes. The last applied log index is 0
2019-09-19 10:27:07,366 [84c75018-969a-4fca-ac0f-34cccc99d928-SegmentedRaftLogWorker:Storage Directory /workdir/hadoop-ozone/ozonefs/target/test-dir/MiniOzoneClusterImpl-c4ccaed8-e682-4870-947c-cf1864f77c00/datanode-2/data/ratis/a17eb9a4-f74b-4c94-9a39-f48e00cb4773] INFO  segmented.SegmentedRaftLogWorker (SegmentedRaftLogWorker.java:run(313)) - 84c75018-969a-4fca-ac0f-34cccc99d928-SegmentedRaftLogWorker:Storage Directory /workdir/hadoop-ozone/ozonefs/target/test-dir/MiniOzoneClusterImpl-c4ccaed8-e682-4870-947c-cf1864f77c00/datanode-2/data/ratis/a17eb9a4-f74b-4c94-9a39-f48e00cb4773 was interrupted, exiting. There are 0 tasks remaining in the queue.
2019-09-19 10:27:07,366 [9c1babfd-24b9-43b5-a670-4d0e2dc3eec4-SegmentedRaftLogWorker:Storage Directory /workdir/hadoop-ozone/ozonefs/target/test-dir/MiniOzoneClusterImpl-c4ccaed8-e682-4870-947c-cf1864f77c00/datanode-5/data/ratis/b95ec50f-233a-4087-a16f-3af7d0803ef7] INFO  segmented.SegmentedRaftLogWorker (SegmentedRaftLogWorker.java:run(313)) - 9c1babfd-24b9-43b5-a670-4d0e2dc3eec4-SegmentedRaftLogWorker:Storage Directory /workdir/hadoop-ozone/ozonefs/target/test-dir/MiniOzoneClusterImpl-c4ccaed8-e682-4870-947c-cf1864f77c00/datanode-5/data/ratis/b95ec50f-233a-4087-a16f-3af7d0803ef7 was interrupted, exiting. There are 0 tasks remaining in the queue.
2019-09-19 10:27:07,370 [ForkJoinPool.commonPool-worker-1] INFO  segmented.SegmentedRaftLogWorker (SegmentedRaftLogWorker.java:close(228)) - 84c75018-969a-4fca-ac0f-34cccc99d928-SegmentedRaftLogWorker:Storage Directory /workdir/hadoop-ozone/ozonefs/target/test-dir/MiniOzoneClusterImpl-c4ccaed8-e682-4870-947c-cf1864f77c00/datanode-2/data/ratis/a17eb9a4-f74b-4c94-9a39-f48e00cb4773 close()
2019-09-19 10:27:07,370 [main] INFO  segmented.SegmentedRaftLogWorker (SegmentedRaftLogWorker.java:close(228)) - 9c1babfd-24b9-43b5-a670-4d0e2dc3eec4-SegmentedRaftLogWorker:Storage Directory /workdir/hadoop-ozone/ozonefs/target/test-dir/MiniOzoneClusterImpl-c4ccaed8-e682-4870-947c-cf1864f77c00/datanode-5/data/ratis/b95ec50f-233a-4087-a16f-3af7d0803ef7 close()
2019-09-19 10:27:07,374 [ForkJoinPool.commonPool-worker-1] INFO  impl.RaftServerImpl (RaftServerImpl.java:lambda$shutdown$3(245)) - 84c75018-969a-4fca-ac0f-34cccc99d928: shutdown group-8DAD6B1887D7
2019-09-19 10:27:07,379 [main] INFO  impl.RaftServerImpl (RaftServerImpl.java:lambda$shutdown$3(245)) - 9c1babfd-24b9-43b5-a670-4d0e2dc3eec4: shutdown group-DB26C8C47675
2019-09-19 10:27:07,379 [ForkJoinPool.commonPool-worker-1] INFO  util.JmxRegister (JmxRegister.java:unregister(73)) - Successfully un-registered JMX Bean with object name Ratis:service=RaftServer,group=group-8DAD6B1887D7,id=84c75018-969a-4fca-ac0f-34cccc99d928
2019-09-19 10:27:07,379 [main] INFO  util.JmxRegister (JmxRegister.java:unregister(73)) - Successfully un-registered JMX Bean with object name Ratis:service=RaftServer,group=group-DB26C8C47675,id=9c1babfd-24b9-43b5-a670-4d0e2dc3eec4
2019-09-19 10:27:07,380 [ForkJoinPool.commonPool-worker-1] INFO  impl.RoleInfo (RoleInfo.java:shutdownLeaderState(104)) - 84c75018-969a-4fca-ac0f-34cccc99d928: shutdown LeaderState
2019-09-19 10:27:07,380 [main] INFO  impl.RoleInfo (RoleInfo.java:shutdownLeaderState(104)) - 9c1babfd-24b9-43b5-a670-4d0e2dc3eec4: shutdown LeaderState
2019-09-19 10:27:07,380 [ForkJoinPool.commonPool-worker-1] INFO  impl.PendingRequests (PendingRequests.java:sendNotLeaderResponses(202)) - 84c75018-969a-4fca-ac0f-34cccc99d928-PendingRequests: sendNotLeaderResponses
2019-09-19 10:27:07,381 [main] INFO  impl.PendingRequests (PendingRequests.java:sendNotLeaderResponses(202)) - 9c1babfd-24b9-43b5-a670-4d0e2dc3eec4-PendingRequests: sendNotLeaderResponses
2019-09-19 10:27:07,381 [ForkJoinPool.commonPool-worker-1] INFO  impl.StateMachineUpdater (StateMachineUpdater.java:stopAndJoin(115)) - StateMachineUpdater:84c75018-969a-4fca-ac0f-34cccc99d928:group-8DAD6B1887D7: set stopIndex = 0
2019-09-19 10:27:07,381 [main] INFO  impl.StateMachineUpdater (StateMachineUpdater.java:stopAndJoin(115)) - StateMachineUpdater:9c1babfd-24b9-43b5-a670-4d0e2dc3eec4:group-DB26C8C47675: set stopIndex = 0
2019-09-19 10:27:07,382 [ForkJoinPool.commonPool-worker-1] INFO  impl.RaftServerImpl (ServerState.java:close(394)) - 84c75018-969a-4fca-ac0f-34cccc99d928:group-8DAD6B1887D7 closes. The last applied log index is 0
2019-09-19 10:27:07,382 [main] INFO  impl.RaftServerImpl (ServerState.java:close(394)) - 9c1babfd-24b9-43b5-a670-4d0e2dc3eec4:group-DB26C8C47675 closes. The last applied log index is 0
2019-09-19 10:27:07,382 [84c75018-969a-4fca-ac0f-34cccc99d928-SegmentedRaftLogWorker:Storage Directory /workdir/hadoop-ozone/ozonefs/target/test-dir/MiniOzoneClusterImpl-c4ccaed8-e682-4870-947c-cf1864f77c00/datanode-2/data/ratis/d5667222-cb12-4a25-b41d-8dad6b1887d7] INFO  segmented.SegmentedRaftLogWorker (SegmentedRaftLogWorker.java:run(313)) - 84c75018-969a-4fca-ac0f-34cccc99d928-SegmentedRaftLogWorker:Storage Directory /workdir/hadoop-ozone/ozonefs/target/test-dir/MiniOzoneClusterImpl-c4ccaed8-e682-4870-947c-cf1864f77c00/datanode-2/data/ratis/d5667222-cb12-4a25-b41d-8dad6b1887d7 was interrupted, exiting. There are 0 tasks remaining in the queue.
2019-09-19 10:27:07,383 [9c1babfd-24b9-43b5-a670-4d0e2dc3eec4-SegmentedRaftLogWorker:Storage Directory /workdir/hadoop-ozone/ozonefs/target/test-dir/MiniOzoneClusterImpl-c4ccaed8-e682-4870-947c-cf1864f77c00/datanode-5/data/ratis/e80f5170-62c5-47eb-8bbd-db26c8c47675] INFO  segmented.SegmentedRaftLogWorker (SegmentedRaftLogWorker.java:run(313)) - 9c1babfd-24b9-43b5-a670-4d0e2dc3eec4-SegmentedRaftLogWorker:Storage Directory /workdir/hadoop-ozone/ozonefs/target/test-dir/MiniOzoneClusterImpl-c4ccaed8-e682-4870-947c-cf1864f77c00/datanode-5/data/ratis/e80f5170-62c5-47eb-8bbd-db26c8c47675 was interrupted, exiting. There are 0 tasks remaining in the queue.
2019-09-19 10:27:07,387 [ForkJoinPool.commonPool-worker-1] INFO  segmented.SegmentedRaftLogWorker (SegmentedRaftLogWorker.java:close(228)) - 84c75018-969a-4fca-ac0f-34cccc99d928-SegmentedRaftLogWorker:Storage Directory /workdir/hadoop-ozone/ozonefs/target/test-dir/MiniOzoneClusterImpl-c4ccaed8-e682-4870-947c-cf1864f77c00/datanode-2/data/ratis/d5667222-cb12-4a25-b41d-8dad6b1887d7 close()
2019-09-19 10:27:07,387 [main] INFO  segmented.SegmentedRaftLogWorker (SegmentedRaftLogWorker.java:close(228)) - 9c1babfd-24b9-43b5-a670-4d0e2dc3eec4-SegmentedRaftLogWorker:Storage Directory /workdir/hadoop-ozone/ozonefs/target/test-dir/MiniOzoneClusterImpl-c4ccaed8-e682-4870-947c-cf1864f77c00/datanode-5/data/ratis/e80f5170-62c5-47eb-8bbd-db26c8c47675 close()
2019-09-19 10:27:07,391 [ForkJoinPool.commonPool-worker-1] INFO  impl.RaftServerImpl (RaftServerImpl.java:lambda$shutdown$3(245)) - 84c75018-969a-4fca-ac0f-34cccc99d928: shutdown group-E6701AB6FC43
2019-09-19 10:27:07,395 [main] INFO  impl.RaftServerImpl (RaftServerImpl.java:lambda$shutdown$3(245)) - 9c1babfd-24b9-43b5-a670-4d0e2dc3eec4: shutdown group-2F2A4CF80161
2019-09-19 10:27:07,395 [ForkJoinPool.commonPool-worker-1] INFO  util.JmxRegister (JmxRegister.java:unregister(73)) - Successfully un-registered JMX Bean with object name Ratis:service=RaftServer,group=group-E6701AB6FC43,id=84c75018-969a-4fca-ac0f-34cccc99d928
2019-09-19 10:27:07,395 [main] INFO  util.JmxRegister (JmxRegister.java:unregister(73)) - Successfully un-registered JMX Bean with object name Ratis:service=RaftServer,group=group-2F2A4CF80161,id=9c1babfd-24b9-43b5-a670-4d0e2dc3eec4
2019-09-19 10:27:07,396 [ForkJoinPool.commonPool-worker-1] INFO  impl.RoleInfo (RoleInfo.java:shutdownLeaderState(104)) - 84c75018-969a-4fca-ac0f-34cccc99d928: shutdown LeaderState
2019-09-19 10:27:07,396 [main] INFO  impl.RoleInfo (RoleInfo.java:shutdownLeaderState(104)) - 9c1babfd-24b9-43b5-a670-4d0e2dc3eec4: shutdown LeaderState
2019-09-19 10:27:07,396 [ForkJoinPool.commonPool-worker-1] INFO  impl.PendingRequests (PendingRequests.java:sendNotLeaderResponses(202)) - 84c75018-969a-4fca-ac0f-34cccc99d928-PendingRequests: sendNotLeaderResponses
2019-09-19 10:27:07,396 [main] INFO  impl.PendingRequests (PendingRequests.java:sendNotLeaderResponses(202)) - 9c1babfd-24b9-43b5-a670-4d0e2dc3eec4-PendingRequests: sendNotLeaderResponses
2019-09-19 10:27:07,397 [ForkJoinPool.commonPool-worker-1] INFO  impl.StateMachineUpdater (StateMachineUpdater.java:stopAndJoin(115)) - StateMachineUpdater:84c75018-969a-4fca-ac0f-34cccc99d928:group-E6701AB6FC43: set stopIndex = 0
2019-09-19 10:27:07,397 [main] INFO  impl.StateMachineUpdater (StateMachineUpdater.java:stopAndJoin(115)) - StateMachineUpdater:9c1babfd-24b9-43b5-a670-4d0e2dc3eec4:group-2F2A4CF80161: set stopIndex = 0
2019-09-19 10:27:07,397 [ForkJoinPool.commonPool-worker-1] INFO  impl.RaftServerImpl (ServerState.java:close(394)) - 84c75018-969a-4fca-ac0f-34cccc99d928:group-E6701AB6FC43 closes. The last applied log index is 0
2019-09-19 10:27:07,398 [main] INFO  impl.RaftServerImpl (ServerState.java:close(394)) - 9c1babfd-24b9-43b5-a670-4d0e2dc3eec4:group-2F2A4CF80161 closes. The last applied log index is 0
2019-09-19 10:27:07,398 [84c75018-969a-4fca-ac0f-34cccc99d928-SegmentedRaftLogWorker:Storage Directory /workdir/hadoop-ozone/ozonefs/target/test-dir/MiniOzoneClusterImpl-c4ccaed8-e682-4870-947c-cf1864f77c00/datanode-2/data/ratis/76388054-d194-485e-91ff-e6701ab6fc43] INFO  segmented.SegmentedRaftLogWorker (SegmentedRaftLogWorker.java:run(313)) - 84c75018-969a-4fca-ac0f-34cccc99d928-SegmentedRaftLogWorker:Storage Directory /workdir/hadoop-ozone/ozonefs/target/test-dir/MiniOzoneClusterImpl-c4ccaed8-e682-4870-947c-cf1864f77c00/datanode-2/data/ratis/76388054-d194-485e-91ff-e6701ab6fc43 was interrupted, exiting. There are 0 tasks remaining in the queue.
2019-09-19 10:27:07,398 [9c1babfd-24b9-43b5-a670-4d0e2dc3eec4-SegmentedRaftLogWorker:Storage Directory /workdir/hadoop-ozone/ozonefs/target/test-dir/MiniOzoneClusterImpl-c4ccaed8-e682-4870-947c-cf1864f77c00/datanode-5/data/ratis/df871b4d-beb7-495d-85ae-2f2a4cf80161] INFO  segmented.SegmentedRaftLogWorker (SegmentedRaftLogWorker.java:run(313)) - 9c1babfd-24b9-43b5-a670-4d0e2dc3eec4-SegmentedRaftLogWorker:Storage Directory /workdir/hadoop-ozone/ozonefs/target/test-dir/MiniOzoneClusterImpl-c4ccaed8-e682-4870-947c-cf1864f77c00/datanode-5/data/ratis/df871b4d-beb7-495d-85ae-2f2a4cf80161 was interrupted, exiting. There are 0 tasks remaining in the queue.
2019-09-19 10:27:07,402 [ForkJoinPool.commonPool-worker-1] INFO  segmented.SegmentedRaftLogWorker (SegmentedRaftLogWorker.java:close(228)) - 84c75018-969a-4fca-ac0f-34cccc99d928-SegmentedRaftLogWorker:Storage Directory /workdir/hadoop-ozone/ozonefs/target/test-dir/MiniOzoneClusterImpl-c4ccaed8-e682-4870-947c-cf1864f77c00/datanode-2/data/ratis/76388054-d194-485e-91ff-e6701ab6fc43 close()
2019-09-19 10:27:07,402 [main] INFO  segmented.SegmentedRaftLogWorker (SegmentedRaftLogWorker.java:close(228)) - 9c1babfd-24b9-43b5-a670-4d0e2dc3eec4-SegmentedRaftLogWorker:Storage Directory /workdir/hadoop-ozone/ozonefs/target/test-dir/MiniOzoneClusterImpl-c4ccaed8-e682-4870-947c-cf1864f77c00/datanode-5/data/ratis/df871b4d-beb7-495d-85ae-2f2a4cf80161 close()
2019-09-19 10:27:07,406 [ForkJoinPool.commonPool-worker-1] INFO  impl.RaftServerImpl (RaftServerImpl.java:lambda$shutdown$3(245)) - 84c75018-969a-4fca-ac0f-34cccc99d928: shutdown group-C9A21DDC9C5D
2019-09-19 10:27:07,419 [main] INFO  impl.RaftServerImpl (RaftServerImpl.java:lambda$shutdown$3(245)) - 9c1babfd-24b9-43b5-a670-4d0e2dc3eec4: shutdown group-844A462BAE08
2019-09-19 10:27:07,419 [ForkJoinPool.commonPool-worker-1] INFO  util.JmxRegister (JmxRegister.java:unregister(73)) - Successfully un-registered JMX Bean with object name Ratis:service=RaftServer,group=group-C9A21DDC9C5D,id=84c75018-969a-4fca-ac0f-34cccc99d928
2019-09-19 10:27:07,420 [main] INFO  util.JmxRegister (JmxRegister.java:unregister(73)) - Successfully un-registered JMX Bean with object name Ratis:service=RaftServer,group=group-844A462BAE08,id=9c1babfd-24b9-43b5-a670-4d0e2dc3eec4
2019-09-19 10:27:07,420 [ForkJoinPool.commonPool-worker-1] INFO  impl.RoleInfo (RoleInfo.java:shutdownLeaderState(104)) - 84c75018-969a-4fca-ac0f-34cccc99d928: shutdown LeaderState
2019-09-19 10:27:07,420 [main] INFO  impl.RoleInfo (RoleInfo.java:shutdownLeaderState(104)) - 9c1babfd-24b9-43b5-a670-4d0e2dc3eec4: shutdown LeaderState
2019-09-19 10:27:07,421 [ForkJoinPool.commonPool-worker-1] INFO  impl.PendingRequests (PendingRequests.java:sendNotLeaderResponses(202)) - 84c75018-969a-4fca-ac0f-34cccc99d928-PendingRequests: sendNotLeaderResponses
2019-09-19 10:27:07,421 [main] INFO  impl.PendingRequests (PendingRequests.java:sendNotLeaderResponses(202)) - 9c1babfd-24b9-43b5-a670-4d0e2dc3eec4-PendingRequests: sendNotLeaderResponses
2019-09-19 10:27:07,421 [ForkJoinPool.commonPool-worker-1] INFO  impl.StateMachineUpdater (StateMachineUpdater.java:stopAndJoin(115)) - StateMachineUpdater:84c75018-969a-4fca-ac0f-34cccc99d928:group-C9A21DDC9C5D: set stopIndex = 0
2019-09-19 10:27:07,421 [main] INFO  impl.StateMachineUpdater (StateMachineUpdater.java:stopAndJoin(115)) - StateMachineUpdater:9c1babfd-24b9-43b5-a670-4d0e2dc3eec4:group-844A462BAE08: set stopIndex = 0
2019-09-19 10:27:07,422 [ForkJoinPool.commonPool-worker-1] INFO  impl.RaftServerImpl (ServerState.java:close(394)) - 84c75018-969a-4fca-ac0f-34cccc99d928:group-C9A21DDC9C5D closes. The last applied log index is 0
2019-09-19 10:27:07,422 [main] INFO  impl.RaftServerImpl (ServerState.java:close(394)) - 9c1babfd-24b9-43b5-a670-4d0e2dc3eec4:group-844A462BAE08 closes. The last applied log index is 0
2019-09-19 10:27:07,422 [84c75018-969a-4fca-ac0f-34cccc99d928-SegmentedRaftLogWorker:Storage Directory /workdir/hadoop-ozone/ozonefs/target/test-dir/MiniOzoneClusterImpl-c4ccaed8-e682-4870-947c-cf1864f77c00/datanode-2/data/ratis/189c7704-cfd1-4913-88c7-c9a21ddc9c5d] INFO  segmented.SegmentedRaftLogWorker (SegmentedRaftLogWorker.java:run(313)) - 84c75018-969a-4fca-ac0f-34cccc99d928-SegmentedRaftLogWorker:Storage Directory /workdir/hadoop-ozone/ozonefs/target/test-dir/MiniOzoneClusterImpl-c4ccaed8-e682-4870-947c-cf1864f77c00/datanode-2/data/ratis/189c7704-cfd1-4913-88c7-c9a21ddc9c5d was interrupted, exiting. There are 0 tasks remaining in the queue.
2019-09-19 10:27:07,423 [9c1babfd-24b9-43b5-a670-4d0e2dc3eec4-SegmentedRaftLogWorker:Storage Directory /workdir/hadoop-ozone/ozonefs/target/test-dir/MiniOzoneClusterImpl-c4ccaed8-e682-4870-947c-cf1864f77c00/datanode-5/data/ratis/d42dc4b0-9e0b-471b-8d9b-844a462bae08] INFO  segmented.SegmentedRaftLogWorker (SegmentedRaftLogWorker.java:run(313)) - 9c1babfd-24b9-43b5-a670-4d0e2dc3eec4-SegmentedRaftLogWorker:Storage Directory /workdir/hadoop-ozone/ozonefs/target/test-dir/MiniOzoneClusterImpl-c4ccaed8-e682-4870-947c-cf1864f77c00/datanode-5/data/ratis/d42dc4b0-9e0b-471b-8d9b-844a462bae08 was interrupted, exiting. There are 0 tasks remaining in the queue.
2019-09-19 10:27:07,423 [ForkJoinPool.commonPool-worker-1] INFO  segmented.SegmentedRaftLogWorker (SegmentedRaftLogWorker.java:close(228)) - 84c75018-969a-4fca-ac0f-34cccc99d928-SegmentedRaftLogWorker:Storage Directory /workdir/hadoop-ozone/ozonefs/target/test-dir/MiniOzoneClusterImpl-c4ccaed8-e682-4870-947c-cf1864f77c00/datanode-2/data/ratis/189c7704-cfd1-4913-88c7-c9a21ddc9c5d close()
2019-09-19 10:27:07,423 [main] INFO  segmented.SegmentedRaftLogWorker (SegmentedRaftLogWorker.java:close(228)) - 9c1babfd-24b9-43b5-a670-4d0e2dc3eec4-SegmentedRaftLogWorker:Storage Directory /workdir/hadoop-ozone/ozonefs/target/test-dir/MiniOzoneClusterImpl-c4ccaed8-e682-4870-947c-cf1864f77c00/datanode-5/data/ratis/d42dc4b0-9e0b-471b-8d9b-844a462bae08 close()
2019-09-19 10:27:07,427 [ForkJoinPool.commonPool-worker-1] INFO  server.GrpcService (GrpcService.java:closeImpl(155)) - 84c75018-969a-4fca-ac0f-34cccc99d928: shutdown server with port 41935 now
2019-09-19 10:27:07,427 [main] INFO  server.GrpcService (GrpcService.java:closeImpl(155)) - 9c1babfd-24b9-43b5-a670-4d0e2dc3eec4: shutdown server with port 39323 now
2019-09-19 10:27:07,431 [main] INFO  server.GrpcService (GrpcService.java:closeImpl(163)) - 9c1babfd-24b9-43b5-a670-4d0e2dc3eec4: shutdown server with port 39323 successfully
2019-09-19 10:27:07,433 [ForkJoinPool.commonPool-worker-1] INFO  server.GrpcService (GrpcService.java:closeImpl(163)) - 84c75018-969a-4fca-ac0f-34cccc99d928: shutdown server with port 41935 successfully
2019-09-19 10:27:07,436 [ForkJoinPool.commonPool-worker-1] INFO  utils.BackgroundService (BackgroundService.java:shutdown(148)) - Shutting down service BlockDeletingService
2019-09-19 10:27:07,439 [main] INFO  utils.BackgroundService (BackgroundService.java:shutdown(148)) - Shutting down service BlockDeletingService
2019-09-19 10:27:07,440 [refreshUsed-/workdir/hadoop-ozone/ozonefs/target/test-dir/MiniOzoneClusterImpl-c4ccaed8-e682-4870-947c-cf1864f77c00/datanode-2/data/containers] WARN  fs.CachingGetSpaceUsed (CachingGetSpaceUsed.java:run(183)) - Thread Interrupted waiting to refresh disk information: sleep interrupted
2019-09-19 10:27:07,442 [refreshUsed-/workdir/hadoop-ozone/ozonefs/target/test-dir/MiniOzoneClusterImpl-c4ccaed8-e682-4870-947c-cf1864f77c00/datanode-5/data/containers] WARN  fs.CachingGetSpaceUsed (CachingGetSpaceUsed.java:run(183)) - Thread Interrupted waiting to refresh disk information: sleep interrupted
2019-09-19 10:27:07,469 [main] INFO  statemachine.DatanodeStateMachine (DatanodeStateMachine.java:stopDaemon(395)) - Ozone container server stopped.
2019-09-19 10:27:07,471 [main] INFO  handler.ContextHandler (ContextHandler.java:doStop(910)) - Stopped o.e.j.w.WebAppContext@7336fd8f{/,null,UNAVAILABLE}{/hddsDatanode}
2019-09-19 10:27:07,471 [main] INFO  server.AbstractConnector (AbstractConnector.java:doStop(318)) - Stopped ServerConnector@701c223a{HTTP/1.1,[http/1.1]}{0.0.0.0:0}
2019-09-19 10:27:07,472 [main] INFO  handler.ContextHandler (ContextHandler.java:doStop(910)) - Stopped o.e.j.s.ServletContextHandler@ac4915e{/static,jar:file:/home/user/.m2/repository/org/apache/hadoop/hadoop-hdds-container-service/0.5.0-SNAPSHOT/hadoop-hdds-container-service-0.5.0-SNAPSHOT.jar!/webapps/static,UNAVAILABLE}
2019-09-19 10:27:07,472 [main] INFO  handler.ContextHandler (ContextHandler.java:doStop(910)) - Stopped o.e.j.s.ServletContextHandler@19eea77c{/logs,file:///workdir/hadoop-ozone/ozonefs/target/log,UNAVAILABLE}
2019-09-19 10:27:07,473 [main] INFO  datanode.ObjectStoreHandler (ObjectStoreHandler.java:close(155)) - Closing ObjectStoreHandler.
2019-09-19 10:27:07,477 [main] INFO  ozone.HddsDatanodeService (HddsDatanodeService.java:stop(451)) - Stopped plug-in org.apache.hadoop.ozone.web.OzoneHddsDatanodeService@79f1e22e
2019-09-19 10:27:07,479 [ForkJoinPool.commonPool-worker-1] INFO  statemachine.DatanodeStateMachine (DatanodeStateMachine.java:stopDaemon(395)) - Ozone container server stopped.
2019-09-19 10:27:07,484 [ForkJoinPool.commonPool-worker-1] INFO  handler.ContextHandler (ContextHandler.java:doStop(910)) - Stopped o.e.j.w.WebAppContext@15e8f9b2{/,null,UNAVAILABLE}{/hddsDatanode}
2019-09-19 10:27:07,487 [ForkJoinPool.commonPool-worker-1] INFO  server.AbstractConnector (AbstractConnector.java:doStop(318)) - Stopped ServerConnector@7a65c995{HTTP/1.1,[http/1.1]}{0.0.0.0:0}
2019-09-19 10:27:07,490 [ForkJoinPool.commonPool-worker-1] INFO  handler.ContextHandler (ContextHandler.java:doStop(910)) - Stopped o.e.j.s.ServletContextHandler@7ddcb0dc{/static,jar:file:/home/user/.m2/repository/org/apache/hadoop/hadoop-hdds-container-service/0.5.0-SNAPSHOT/hadoop-hdds-container-service-0.5.0-SNAPSHOT.jar!/webapps/static,UNAVAILABLE}
2019-09-19 10:27:07,492 [ForkJoinPool.commonPool-worker-1] INFO  handler.ContextHandler (ContextHandler.java:doStop(910)) - Stopped o.e.j.s.ServletContextHandler@4aed311e{/logs,file:///workdir/hadoop-ozone/ozonefs/target/log,UNAVAILABLE}
2019-09-19 10:27:07,494 [ForkJoinPool.commonPool-worker-1] INFO  datanode.ObjectStoreHandler (ObjectStoreHandler.java:close(155)) - Closing ObjectStoreHandler.
2019-09-19 10:27:07,495 [ForkJoinPool.commonPool-worker-1] INFO  ozone.HddsDatanodeService (HddsDatanodeService.java:stop(451)) - Stopped plug-in org.apache.hadoop.ozone.web.OzoneHddsDatanodeService@11eec06b
2019-09-19 10:27:07,547 [Datanode State Machine Thread - 0] INFO  statemachine.DatanodeStateMachine (DatanodeStateMachine.java:lambda$startDaemon$0(350)) - Ozone container server started.
2019-09-19 10:27:07,549 | INFO  | SCMAudit | user=jenkins1000 | ip=192.168.157.204 | op=SEND_HEARTBEAT {datanodeUUID=39513c05-534c-4cc1-a39c-034925eb3fe7, command=[]} | ret=SUCCESS |  
2019-09-19 10:27:07,549 | INFO  | SCMAudit | user=jenkins1000 | ip=192.168.157.204 | op=SEND_HEARTBEAT {datanodeUUID=df1b99cc-36f2-45b6-8e95-51c50e156f0b, command=[]} | ret=SUCCESS |  
2019-09-19 10:27:07,549 [Datanode State Machine Thread - 0] INFO  statemachine.DatanodeStateMachine (DatanodeStateMachine.java:lambda$startDaemon$0(350)) - Ozone container server started.
2019-09-19 10:27:07,549 | INFO  | SCMAudit | user=jenkins1000 | ip=192.168.157.204 | op=SEND_HEARTBEAT {datanodeUUID=f4f61464-0bdf-492b-ac84-d659f01f9139, command=[]} | ret=SUCCESS |  
2019-09-19 10:27:07,550 | INFO  | SCMAudit | user=jenkins1000 | ip=192.168.157.204 | op=SEND_HEARTBEAT {datanodeUUID=10ec1051-6571-4c90-b3f9-a3c2840a089b, command=[]} | ret=SUCCESS |  
2019-09-19 10:27:07,550 | INFO  | SCMAudit | user=jenkins1000 | ip=192.168.157.204 | op=SEND_HEARTBEAT {datanodeUUID=7e4b2fb6-17ca-4cf7-9c63-77c56d6e2e1f, command=[]} | ret=SUCCESS |  
2019-09-19 10:27:07,551 | INFO  | SCMAudit | user=jenkins1000 | ip=192.168.157.204 | op=SEND_HEARTBEAT {datanodeUUID=c972e26d-e03f-48a1-a9e9-2dea9337c66d, command=[]} | ret=SUCCESS |  
2019-09-19 10:27:08,549 | INFO  | SCMAudit | user=jenkins1000 | ip=192.168.157.204 | op=SEND_HEARTBEAT {datanodeUUID=39513c05-534c-4cc1-a39c-034925eb3fe7, command=[]} | ret=SUCCESS |  
2019-09-19 10:27:08,549 | INFO  | SCMAudit | user=jenkins1000 | ip=192.168.157.204 | op=SEND_HEARTBEAT {datanodeUUID=df1b99cc-36f2-45b6-8e95-51c50e156f0b, command=[]} | ret=SUCCESS |  
2019-09-19 10:27:08,549 | INFO  | SCMAudit | user=jenkins1000 | ip=192.168.157.204 | op=SEND_HEARTBEAT {datanodeUUID=f4f61464-0bdf-492b-ac84-d659f01f9139, command=[]} | ret=SUCCESS |  
2019-09-19 10:27:08,550 | INFO  | SCMAudit | user=jenkins1000 | ip=192.168.157.204 | op=SEND_HEARTBEAT {datanodeUUID=c972e26d-e03f-48a1-a9e9-2dea9337c66d, command=[]} | ret=SUCCESS |  
2019-09-19 10:27:08,550 | INFO  | SCMAudit | user=jenkins1000 | ip=192.168.157.204 | op=SEND_HEARTBEAT {datanodeUUID=10ec1051-6571-4c90-b3f9-a3c2840a089b, command=[]} | ret=SUCCESS |  
2019-09-19 10:27:08,550 | INFO  | SCMAudit | user=jenkins1000 | ip=192.168.157.204 | op=SEND_HEARTBEAT {datanodeUUID=7e4b2fb6-17ca-4cf7-9c63-77c56d6e2e1f, command=[]} | ret=SUCCESS |  
2019-09-19 10:27:09,549 | INFO  | SCMAudit | user=jenkins1000 | ip=192.168.157.204 | op=SEND_HEARTBEAT {datanodeUUID=f4f61464-0bdf-492b-ac84-d659f01f9139, command=[]} | ret=SUCCESS |  
2019-09-19 10:27:09,549 | INFO  | SCMAudit | user=jenkins1000 | ip=192.168.157.204 | op=SEND_HEARTBEAT {datanodeUUID=df1b99cc-36f2-45b6-8e95-51c50e156f0b, command=[]} | ret=SUCCESS |  
2019-09-19 10:27:09,549 | INFO  | SCMAudit | user=jenkins1000 | ip=192.168.157.204 | op=SEND_HEARTBEAT {datanodeUUID=39513c05-534c-4cc1-a39c-034925eb3fe7, command=[]} | ret=SUCCESS |  
2019-09-19 10:27:09,550 | INFO  | SCMAudit | user=jenkins1000 | ip=192.168.157.204 | op=SEND_HEARTBEAT {datanodeUUID=c972e26d-e03f-48a1-a9e9-2dea9337c66d, command=[]} | ret=SUCCESS |  
2019-09-19 10:27:09,550 | INFO  | SCMAudit | user=jenkins1000 | ip=192.168.157.204 | op=SEND_HEARTBEAT {datanodeUUID=10ec1051-6571-4c90-b3f9-a3c2840a089b, command=[]} | ret=SUCCESS |  
2019-09-19 10:27:09,550 | INFO  | SCMAudit | user=jenkins1000 | ip=192.168.157.204 | op=SEND_HEARTBEAT {datanodeUUID=7e4b2fb6-17ca-4cf7-9c63-77c56d6e2e1f, command=[]} | ret=SUCCESS |  
2019-09-19 10:27:10,549 | INFO  | SCMAudit | user=jenkins1000 | ip=192.168.157.204 | op=SEND_HEARTBEAT {datanodeUUID=df1b99cc-36f2-45b6-8e95-51c50e156f0b, command=[]} | ret=SUCCESS |  
2019-09-19 10:27:10,549 | INFO  | SCMAudit | user=jenkins1000 | ip=192.168.157.204 | op=SEND_HEARTBEAT {datanodeUUID=f4f61464-0bdf-492b-ac84-d659f01f9139, command=[]} | ret=SUCCESS |  
2019-09-19 10:27:10,549 | INFO  | SCMAudit | user=jenkins1000 | ip=192.168.157.204 | op=SEND_HEARTBEAT {datanodeUUID=39513c05-534c-4cc1-a39c-034925eb3fe7, command=[]} | ret=SUCCESS |  
2019-09-19 10:27:10,550 | INFO  | SCMAudit | user=jenkins1000 | ip=192.168.157.204 | op=SEND_HEARTBEAT {datanodeUUID=c972e26d-e03f-48a1-a9e9-2dea9337c66d, command=[]} | ret=SUCCESS |  
2019-09-19 10:27:10,550 | INFO  | SCMAudit | user=jenkins1000 | ip=192.168.157.204 | op=SEND_HEARTBEAT {datanodeUUID=10ec1051-6571-4c90-b3f9-a3c2840a089b, command=[]} | ret=SUCCESS |  
2019-09-19 10:27:10,550 | INFO  | SCMAudit | user=jenkins1000 | ip=192.168.157.204 | op=SEND_HEARTBEAT {datanodeUUID=7e4b2fb6-17ca-4cf7-9c63-77c56d6e2e1f, command=[]} | ret=SUCCESS |  
2019-09-19 10:27:11,549 | INFO  | SCMAudit | user=jenkins1000 | ip=192.168.157.204 | op=SEND_HEARTBEAT {datanodeUUID=f4f61464-0bdf-492b-ac84-d659f01f9139, command=[]} | ret=SUCCESS |  
2019-09-19 10:27:11,549 | INFO  | SCMAudit | user=jenkins1000 | ip=192.168.157.204 | op=SEND_HEARTBEAT {datanodeUUID=39513c05-534c-4cc1-a39c-034925eb3fe7, command=[]} | ret=SUCCESS |  
2019-09-19 10:27:11,549 | INFO  | SCMAudit | user=jenkins1000 | ip=192.168.157.204 | op=SEND_HEARTBEAT {datanodeUUID=df1b99cc-36f2-45b6-8e95-51c50e156f0b, command=[]} | ret=SUCCESS |  
2019-09-19 10:27:11,550 | INFO  | SCMAudit | user=jenkins1000 | ip=192.168.157.204 | op=SEND_HEARTBEAT {datanodeUUID=c972e26d-e03f-48a1-a9e9-2dea9337c66d, command=[]} | ret=SUCCESS |  
2019-09-19 10:27:11,550 | INFO  | SCMAudit | user=jenkins1000 | ip=192.168.157.204 | op=SEND_HEARTBEAT {datanodeUUID=10ec1051-6571-4c90-b3f9-a3c2840a089b, command=[]} | ret=SUCCESS |  
2019-09-19 10:27:11,550 | INFO  | SCMAudit | user=jenkins1000 | ip=192.168.157.204 | op=SEND_HEARTBEAT {datanodeUUID=7e4b2fb6-17ca-4cf7-9c63-77c56d6e2e1f, command=[]} | ret=SUCCESS |  
2019-09-19 10:27:12,479 [main] INFO  ozoneimpl.OzoneContainer (OzoneContainer.java:stop(199)) - Attempting to stop container services.
2019-09-19 10:27:12,480 [main] INFO  impl.RaftServerProxy (RaftServerProxy.java:lambda$close$4(314)) - 8b25b6fb-e7f9-4ea8-8d7d-823d8ea82140: close
2019-09-19 10:27:12,480 [main] INFO  impl.RaftServerImpl (RaftServerImpl.java:lambda$shutdown$3(245)) - 8b25b6fb-e7f9-4ea8-8d7d-823d8ea82140: shutdown group-4E19705F5130
2019-09-19 10:27:12,480 [main] INFO  util.JmxRegister (JmxRegister.java:unregister(73)) - Successfully un-registered JMX Bean with object name Ratis:service=RaftServer,group=group-4E19705F5130,id=8b25b6fb-e7f9-4ea8-8d7d-823d8ea82140
2019-09-19 10:27:12,481 [main] INFO  impl.RoleInfo (RoleInfo.java:shutdownLeaderState(104)) - 8b25b6fb-e7f9-4ea8-8d7d-823d8ea82140: shutdown LeaderState
2019-09-19 10:27:12,481 [main] INFO  impl.PendingRequests (PendingRequests.java:sendNotLeaderResponses(202)) - 8b25b6fb-e7f9-4ea8-8d7d-823d8ea82140-PendingRequests: sendNotLeaderResponses
2019-09-19 10:27:12,481 [main] INFO  impl.StateMachineUpdater (StateMachineUpdater.java:stopAndJoin(115)) - StateMachineUpdater:8b25b6fb-e7f9-4ea8-8d7d-823d8ea82140:group-4E19705F5130: set stopIndex = 0
2019-09-19 10:27:12,482 [main] INFO  impl.RaftServerImpl (ServerState.java:close(394)) - 8b25b6fb-e7f9-4ea8-8d7d-823d8ea82140:group-4E19705F5130 closes. The last applied log index is 0
2019-09-19 10:27:12,482 [8b25b6fb-e7f9-4ea8-8d7d-823d8ea82140-SegmentedRaftLogWorker:Storage Directory /workdir/hadoop-ozone/ozonefs/target/test-dir/MiniOzoneClusterImpl-c4ccaed8-e682-4870-947c-cf1864f77c00/datanode-6/data/ratis/4a773c7c-ca7a-4516-ab94-4e19705f5130] INFO  segmented.SegmentedRaftLogWorker (SegmentedRaftLogWorker.java:run(313)) - 8b25b6fb-e7f9-4ea8-8d7d-823d8ea82140-SegmentedRaftLogWorker:Storage Directory /workdir/hadoop-ozone/ozonefs/target/test-dir/MiniOzoneClusterImpl-c4ccaed8-e682-4870-947c-cf1864f77c00/datanode-6/data/ratis/4a773c7c-ca7a-4516-ab94-4e19705f5130 was interrupted, exiting. There are 0 tasks remaining in the queue.
2019-09-19 10:27:12,482 [main] INFO  segmented.SegmentedRaftLogWorker (SegmentedRaftLogWorker.java:close(228)) - 8b25b6fb-e7f9-4ea8-8d7d-823d8ea82140-SegmentedRaftLogWorker:Storage Directory /workdir/hadoop-ozone/ozonefs/target/test-dir/MiniOzoneClusterImpl-c4ccaed8-e682-4870-947c-cf1864f77c00/datanode-6/data/ratis/4a773c7c-ca7a-4516-ab94-4e19705f5130 close()
2019-09-19 10:27:12,486 [main] INFO  impl.RaftServerImpl (RaftServerImpl.java:lambda$shutdown$3(245)) - 8b25b6fb-e7f9-4ea8-8d7d-823d8ea82140: shutdown group-7E25D82F21C7
2019-09-19 10:27:12,486 [main] INFO  util.JmxRegister (JmxRegister.java:unregister(73)) - Successfully un-registered JMX Bean with object name Ratis:service=RaftServer,group=group-7E25D82F21C7,id=8b25b6fb-e7f9-4ea8-8d7d-823d8ea82140
2019-09-19 10:27:12,486 [main] INFO  impl.RoleInfo (RoleInfo.java:shutdownLeaderState(104)) - 8b25b6fb-e7f9-4ea8-8d7d-823d8ea82140: shutdown LeaderState
2019-09-19 10:27:12,487 [main] INFO  impl.PendingRequests (PendingRequests.java:sendNotLeaderResponses(202)) - 8b25b6fb-e7f9-4ea8-8d7d-823d8ea82140-PendingRequests: sendNotLeaderResponses
2019-09-19 10:27:12,487 [main] INFO  impl.StateMachineUpdater (StateMachineUpdater.java:stopAndJoin(115)) - StateMachineUpdater:8b25b6fb-e7f9-4ea8-8d7d-823d8ea82140:group-7E25D82F21C7: set stopIndex = 0
2019-09-19 10:27:12,487 [main] INFO  impl.RaftServerImpl (ServerState.java:close(394)) - 8b25b6fb-e7f9-4ea8-8d7d-823d8ea82140:group-7E25D82F21C7 closes. The last applied log index is 0
2019-09-19 10:27:12,487 [8b25b6fb-e7f9-4ea8-8d7d-823d8ea82140-SegmentedRaftLogWorker:Storage Directory /workdir/hadoop-ozone/ozonefs/target/test-dir/MiniOzoneClusterImpl-c4ccaed8-e682-4870-947c-cf1864f77c00/datanode-6/data/ratis/f10f4a3a-c53c-48ac-9a08-7e25d82f21c7] INFO  segmented.SegmentedRaftLogWorker (SegmentedRaftLogWorker.java:run(313)) - 8b25b6fb-e7f9-4ea8-8d7d-823d8ea82140-SegmentedRaftLogWorker:Storage Directory /workdir/hadoop-ozone/ozonefs/target/test-dir/MiniOzoneClusterImpl-c4ccaed8-e682-4870-947c-cf1864f77c00/datanode-6/data/ratis/f10f4a3a-c53c-48ac-9a08-7e25d82f21c7 was interrupted, exiting. There are 0 tasks remaining in the queue.
2019-09-19 10:27:12,488 [main] INFO  segmented.SegmentedRaftLogWorker (SegmentedRaftLogWorker.java:close(228)) - 8b25b6fb-e7f9-4ea8-8d7d-823d8ea82140-SegmentedRaftLogWorker:Storage Directory /workdir/hadoop-ozone/ozonefs/target/test-dir/MiniOzoneClusterImpl-c4ccaed8-e682-4870-947c-cf1864f77c00/datanode-6/data/ratis/f10f4a3a-c53c-48ac-9a08-7e25d82f21c7 close()
2019-09-19 10:27:12,490 [main] INFO  impl.RaftServerImpl (RaftServerImpl.java:lambda$shutdown$3(245)) - 8b25b6fb-e7f9-4ea8-8d7d-823d8ea82140: shutdown group-5FB75DC87A5A
2019-09-19 10:27:12,490 [main] INFO  util.JmxRegister (JmxRegister.java:unregister(73)) - Successfully un-registered JMX Bean with object name Ratis:service=RaftServer,group=group-5FB75DC87A5A,id=8b25b6fb-e7f9-4ea8-8d7d-823d8ea82140
2019-09-19 10:27:12,490 [main] INFO  impl.RoleInfo (RoleInfo.java:shutdownLeaderState(104)) - 8b25b6fb-e7f9-4ea8-8d7d-823d8ea82140: shutdown LeaderState
2019-09-19 10:27:12,490 [main] INFO  impl.PendingRequests (PendingRequests.java:sendNotLeaderResponses(202)) - 8b25b6fb-e7f9-4ea8-8d7d-823d8ea82140-PendingRequests: sendNotLeaderResponses
2019-09-19 10:27:12,491 [main] INFO  impl.StateMachineUpdater (StateMachineUpdater.java:stopAndJoin(115)) - StateMachineUpdater:8b25b6fb-e7f9-4ea8-8d7d-823d8ea82140:group-5FB75DC87A5A: set stopIndex = 0
2019-09-19 10:27:12,491 [main] INFO  impl.RaftServerImpl (ServerState.java:close(394)) - 8b25b6fb-e7f9-4ea8-8d7d-823d8ea82140:group-5FB75DC87A5A closes. The last applied log index is 0
2019-09-19 10:27:12,491 [8b25b6fb-e7f9-4ea8-8d7d-823d8ea82140-SegmentedRaftLogWorker:Storage Directory /workdir/hadoop-ozone/ozonefs/target/test-dir/MiniOzoneClusterImpl-c4ccaed8-e682-4870-947c-cf1864f77c00/datanode-6/data/ratis/baf303a0-7f14-4dd6-8be5-5fb75dc87a5a] INFO  segmented.SegmentedRaftLogWorker (SegmentedRaftLogWorker.java:run(313)) - 8b25b6fb-e7f9-4ea8-8d7d-823d8ea82140-SegmentedRaftLogWorker:Storage Directory /workdir/hadoop-ozone/ozonefs/target/test-dir/MiniOzoneClusterImpl-c4ccaed8-e682-4870-947c-cf1864f77c00/datanode-6/data/ratis/baf303a0-7f14-4dd6-8be5-5fb75dc87a5a was interrupted, exiting. There are 0 tasks remaining in the queue.
2019-09-19 10:27:12,491 [main] INFO  segmented.SegmentedRaftLogWorker (SegmentedRaftLogWorker.java:close(228)) - 8b25b6fb-e7f9-4ea8-8d7d-823d8ea82140-SegmentedRaftLogWorker:Storage Directory /workdir/hadoop-ozone/ozonefs/target/test-dir/MiniOzoneClusterImpl-c4ccaed8-e682-4870-947c-cf1864f77c00/datanode-6/data/ratis/baf303a0-7f14-4dd6-8be5-5fb75dc87a5a close()
2019-09-19 10:27:12,493 [main] INFO  impl.RaftServerImpl (RaftServerImpl.java:lambda$shutdown$3(245)) - 8b25b6fb-e7f9-4ea8-8d7d-823d8ea82140: shutdown group-4DC21B3BF4FD
2019-09-19 10:27:12,493 [main] INFO  util.JmxRegister (JmxRegister.java:unregister(73)) - Successfully un-registered JMX Bean with object name Ratis:service=RaftServer,group=group-4DC21B3BF4FD,id=8b25b6fb-e7f9-4ea8-8d7d-823d8ea82140
2019-09-19 10:27:12,494 [main] INFO  impl.RoleInfo (RoleInfo.java:shutdownLeaderState(104)) - 8b25b6fb-e7f9-4ea8-8d7d-823d8ea82140: shutdown LeaderState
2019-09-19 10:27:12,494 [main] INFO  impl.PendingRequests (PendingRequests.java:sendNotLeaderResponses(202)) - 8b25b6fb-e7f9-4ea8-8d7d-823d8ea82140-PendingRequests: sendNotLeaderResponses
2019-09-19 10:27:12,494 [main] INFO  impl.StateMachineUpdater (StateMachineUpdater.java:stopAndJoin(115)) - StateMachineUpdater:8b25b6fb-e7f9-4ea8-8d7d-823d8ea82140:group-4DC21B3BF4FD: set stopIndex = 0
2019-09-19 10:27:12,494 [main] INFO  impl.RaftServerImpl (ServerState.java:close(394)) - 8b25b6fb-e7f9-4ea8-8d7d-823d8ea82140:group-4DC21B3BF4FD closes. The last applied log index is 0
2019-09-19 10:27:12,495 [8b25b6fb-e7f9-4ea8-8d7d-823d8ea82140-SegmentedRaftLogWorker:Storage Directory /workdir/hadoop-ozone/ozonefs/target/test-dir/MiniOzoneClusterImpl-c4ccaed8-e682-4870-947c-cf1864f77c00/datanode-6/data/ratis/0eb608e0-8e6f-404d-bdf9-4dc21b3bf4fd] INFO  segmented.SegmentedRaftLogWorker (SegmentedRaftLogWorker.java:run(313)) - 8b25b6fb-e7f9-4ea8-8d7d-823d8ea82140-SegmentedRaftLogWorker:Storage Directory /workdir/hadoop-ozone/ozonefs/target/test-dir/MiniOzoneClusterImpl-c4ccaed8-e682-4870-947c-cf1864f77c00/datanode-6/data/ratis/0eb608e0-8e6f-404d-bdf9-4dc21b3bf4fd was interrupted, exiting. There are 0 tasks remaining in the queue.
2019-09-19 10:27:12,495 [main] INFO  segmented.SegmentedRaftLogWorker (SegmentedRaftLogWorker.java:close(228)) - 8b25b6fb-e7f9-4ea8-8d7d-823d8ea82140-SegmentedRaftLogWorker:Storage Directory /workdir/hadoop-ozone/ozonefs/target/test-dir/MiniOzoneClusterImpl-c4ccaed8-e682-4870-947c-cf1864f77c00/datanode-6/data/ratis/0eb608e0-8e6f-404d-bdf9-4dc21b3bf4fd close()
2019-09-19 10:27:12,497 [main] INFO  impl.RaftServerImpl (RaftServerImpl.java:lambda$shutdown$3(245)) - 8b25b6fb-e7f9-4ea8-8d7d-823d8ea82140: shutdown group-E393286CA8E3
2019-09-19 10:27:12,497 [ForkJoinPool.commonPool-worker-1] INFO  ozoneimpl.OzoneContainer (OzoneContainer.java:stop(199)) - Attempting to stop container services.
2019-09-19 10:27:12,497 [main] INFO  util.JmxRegister (JmxRegister.java:unregister(73)) - Successfully un-registered JMX Bean with object name Ratis:service=RaftServer,group=group-E393286CA8E3,id=8b25b6fb-e7f9-4ea8-8d7d-823d8ea82140
2019-09-19 10:27:12,498 [ForkJoinPool.commonPool-worker-1] INFO  impl.RaftServerProxy (RaftServerProxy.java:lambda$close$4(314)) - 1692dd7e-eca0-4ee0-be13-a7fe013a1be4: close
2019-09-19 10:27:12,498 [main] INFO  impl.RoleInfo (RoleInfo.java:shutdownLeaderState(104)) - 8b25b6fb-e7f9-4ea8-8d7d-823d8ea82140: shutdown LeaderState
2019-09-19 10:27:12,498 [ForkJoinPool.commonPool-worker-1] INFO  impl.RaftServerImpl (RaftServerImpl.java:lambda$shutdown$3(245)) - 1692dd7e-eca0-4ee0-be13-a7fe013a1be4: shutdown group-9C5D8E6BECF0
2019-09-19 10:27:12,498 [main] INFO  impl.PendingRequests (PendingRequests.java:sendNotLeaderResponses(202)) - 8b25b6fb-e7f9-4ea8-8d7d-823d8ea82140-PendingRequests: sendNotLeaderResponses
2019-09-19 10:27:12,498 [ForkJoinPool.commonPool-worker-1] INFO  util.JmxRegister (JmxRegister.java:unregister(73)) - Successfully un-registered JMX Bean with object name Ratis:service=RaftServer,group=group-9C5D8E6BECF0,id=1692dd7e-eca0-4ee0-be13-a7fe013a1be4
2019-09-19 10:27:12,498 [main] INFO  impl.StateMachineUpdater (StateMachineUpdater.java:stopAndJoin(115)) - StateMachineUpdater:8b25b6fb-e7f9-4ea8-8d7d-823d8ea82140:group-E393286CA8E3: set stopIndex = 0
2019-09-19 10:27:12,499 [ForkJoinPool.commonPool-worker-1] INFO  impl.RoleInfo (RoleInfo.java:shutdownLeaderState(104)) - 1692dd7e-eca0-4ee0-be13-a7fe013a1be4: shutdown LeaderState
2019-09-19 10:27:12,499 [main] INFO  impl.RaftServerImpl (ServerState.java:close(394)) - 8b25b6fb-e7f9-4ea8-8d7d-823d8ea82140:group-E393286CA8E3 closes. The last applied log index is 0
2019-09-19 10:27:12,499 [ForkJoinPool.commonPool-worker-1] INFO  impl.PendingRequests (PendingRequests.java:sendNotLeaderResponses(202)) - 1692dd7e-eca0-4ee0-be13-a7fe013a1be4-PendingRequests: sendNotLeaderResponses
2019-09-19 10:27:12,499 [8b25b6fb-e7f9-4ea8-8d7d-823d8ea82140-SegmentedRaftLogWorker:Storage Directory /workdir/hadoop-ozone/ozonefs/target/test-dir/MiniOzoneClusterImpl-c4ccaed8-e682-4870-947c-cf1864f77c00/datanode-6/data/ratis/b16d3f9f-e3a9-462b-80c0-e393286ca8e3] INFO  segmented.SegmentedRaftLogWorker (SegmentedRaftLogWorker.java:run(313)) - 8b25b6fb-e7f9-4ea8-8d7d-823d8ea82140-SegmentedRaftLogWorker:Storage Directory /workdir/hadoop-ozone/ozonefs/target/test-dir/MiniOzoneClusterImpl-c4ccaed8-e682-4870-947c-cf1864f77c00/datanode-6/data/ratis/b16d3f9f-e3a9-462b-80c0-e393286ca8e3 was interrupted, exiting. There are 0 tasks remaining in the queue.
2019-09-19 10:27:12,499 [ForkJoinPool.commonPool-worker-1] INFO  impl.StateMachineUpdater (StateMachineUpdater.java:stopAndJoin(115)) - StateMachineUpdater:1692dd7e-eca0-4ee0-be13-a7fe013a1be4:group-9C5D8E6BECF0: set stopIndex = 0
2019-09-19 10:27:12,499 [main] INFO  segmented.SegmentedRaftLogWorker (SegmentedRaftLogWorker.java:close(228)) - 8b25b6fb-e7f9-4ea8-8d7d-823d8ea82140-SegmentedRaftLogWorker:Storage Directory /workdir/hadoop-ozone/ozonefs/target/test-dir/MiniOzoneClusterImpl-c4ccaed8-e682-4870-947c-cf1864f77c00/datanode-6/data/ratis/b16d3f9f-e3a9-462b-80c0-e393286ca8e3 close()
2019-09-19 10:27:12,500 [ForkJoinPool.commonPool-worker-1] INFO  impl.RaftServerImpl (ServerState.java:close(394)) - 1692dd7e-eca0-4ee0-be13-a7fe013a1be4:group-9C5D8E6BECF0 closes. The last applied log index is 0
2019-09-19 10:27:12,501 [main] INFO  impl.RaftServerImpl (RaftServerImpl.java:lambda$shutdown$3(245)) - 8b25b6fb-e7f9-4ea8-8d7d-823d8ea82140: shutdown group-BEDC5601A1CE
2019-09-19 10:27:12,502 [1692dd7e-eca0-4ee0-be13-a7fe013a1be4-SegmentedRaftLogWorker:Storage Directory /workdir/hadoop-ozone/ozonefs/target/test-dir/MiniOzoneClusterImpl-c4ccaed8-e682-4870-947c-cf1864f77c00/datanode-3/data/ratis/d5e93d51-edd5-43cc-9451-9c5d8e6becf0] INFO  segmented.SegmentedRaftLogWorker (SegmentedRaftLogWorker.java:run(313)) - 1692dd7e-eca0-4ee0-be13-a7fe013a1be4-SegmentedRaftLogWorker:Storage Directory /workdir/hadoop-ozone/ozonefs/target/test-dir/MiniOzoneClusterImpl-c4ccaed8-e682-4870-947c-cf1864f77c00/datanode-3/data/ratis/d5e93d51-edd5-43cc-9451-9c5d8e6becf0 was interrupted, exiting. There are 0 tasks remaining in the queue.
2019-09-19 10:27:12,502 [main] INFO  util.JmxRegister (JmxRegister.java:unregister(73)) - Successfully un-registered JMX Bean with object name Ratis:service=RaftServer,group=group-BEDC5601A1CE,id=8b25b6fb-e7f9-4ea8-8d7d-823d8ea82140
2019-09-19 10:27:12,502 [ForkJoinPool.commonPool-worker-1] INFO  segmented.SegmentedRaftLogWorker (SegmentedRaftLogWorker.java:close(228)) - 1692dd7e-eca0-4ee0-be13-a7fe013a1be4-SegmentedRaftLogWorker:Storage Directory /workdir/hadoop-ozone/ozonefs/target/test-dir/MiniOzoneClusterImpl-c4ccaed8-e682-4870-947c-cf1864f77c00/datanode-3/data/ratis/d5e93d51-edd5-43cc-9451-9c5d8e6becf0 close()
2019-09-19 10:27:12,502 [main] INFO  impl.RoleInfo (RoleInfo.java:shutdownLeaderState(104)) - 8b25b6fb-e7f9-4ea8-8d7d-823d8ea82140: shutdown LeaderState
2019-09-19 10:27:12,504 [ForkJoinPool.commonPool-worker-1] INFO  impl.RaftServerImpl (RaftServerImpl.java:lambda$shutdown$3(245)) - 1692dd7e-eca0-4ee0-be13-a7fe013a1be4: shutdown group-A6022A65EEBA
2019-09-19 10:27:12,504 [main] INFO  impl.PendingRequests (PendingRequests.java:sendNotLeaderResponses(202)) - 8b25b6fb-e7f9-4ea8-8d7d-823d8ea82140-PendingRequests: sendNotLeaderResponses
2019-09-19 10:27:12,504 [ForkJoinPool.commonPool-worker-1] INFO  util.JmxRegister (JmxRegister.java:unregister(73)) - Successfully un-registered JMX Bean with object name Ratis:service=RaftServer,group=group-A6022A65EEBA,id=1692dd7e-eca0-4ee0-be13-a7fe013a1be4
2019-09-19 10:27:12,504 [main] INFO  impl.StateMachineUpdater (StateMachineUpdater.java:stopAndJoin(115)) - StateMachineUpdater:8b25b6fb-e7f9-4ea8-8d7d-823d8ea82140:group-BEDC5601A1CE: set stopIndex = 0
2019-09-19 10:27:12,505 [main] INFO  impl.RaftServerImpl (ServerState.java:close(394)) - 8b25b6fb-e7f9-4ea8-8d7d-823d8ea82140:group-BEDC5601A1CE closes. The last applied log index is 0
2019-09-19 10:27:12,504 [ForkJoinPool.commonPool-worker-1] INFO  impl.RoleInfo (RoleInfo.java:shutdownLeaderState(104)) - 1692dd7e-eca0-4ee0-be13-a7fe013a1be4: shutdown LeaderState
2019-09-19 10:27:12,505 [8b25b6fb-e7f9-4ea8-8d7d-823d8ea82140-SegmentedRaftLogWorker:Storage Directory /workdir/hadoop-ozone/ozonefs/target/test-dir/MiniOzoneClusterImpl-c4ccaed8-e682-4870-947c-cf1864f77c00/datanode-6/data/ratis/dabbfe28-3df7-4f31-8758-bedc5601a1ce] INFO  segmented.SegmentedRaftLogWorker (SegmentedRaftLogWorker.java:run(313)) - 8b25b6fb-e7f9-4ea8-8d7d-823d8ea82140-SegmentedRaftLogWorker:Storage Directory /workdir/hadoop-ozone/ozonefs/target/test-dir/MiniOzoneClusterImpl-c4ccaed8-e682-4870-947c-cf1864f77c00/datanode-6/data/ratis/dabbfe28-3df7-4f31-8758-bedc5601a1ce was interrupted, exiting. There are 0 tasks remaining in the queue.
2019-09-19 10:27:12,505 [ForkJoinPool.commonPool-worker-1] INFO  impl.PendingRequests (PendingRequests.java:sendNotLeaderResponses(202)) - 1692dd7e-eca0-4ee0-be13-a7fe013a1be4-PendingRequests: sendNotLeaderResponses
2019-09-19 10:27:12,505 [main] INFO  segmented.SegmentedRaftLogWorker (SegmentedRaftLogWorker.java:close(228)) - 8b25b6fb-e7f9-4ea8-8d7d-823d8ea82140-SegmentedRaftLogWorker:Storage Directory /workdir/hadoop-ozone/ozonefs/target/test-dir/MiniOzoneClusterImpl-c4ccaed8-e682-4870-947c-cf1864f77c00/datanode-6/data/ratis/dabbfe28-3df7-4f31-8758-bedc5601a1ce close()
2019-09-19 10:27:12,506 [ForkJoinPool.commonPool-worker-1] INFO  impl.StateMachineUpdater (StateMachineUpdater.java:stopAndJoin(115)) - StateMachineUpdater:1692dd7e-eca0-4ee0-be13-a7fe013a1be4:group-A6022A65EEBA: set stopIndex = 0
2019-09-19 10:27:12,507 [main] INFO  server.GrpcService (GrpcService.java:closeImpl(155)) - 8b25b6fb-e7f9-4ea8-8d7d-823d8ea82140: shutdown server with port 40963 now
2019-09-19 10:27:12,508 [ForkJoinPool.commonPool-worker-1] INFO  impl.RaftServerImpl (ServerState.java:close(394)) - 1692dd7e-eca0-4ee0-be13-a7fe013a1be4:group-A6022A65EEBA closes. The last applied log index is 0
2019-09-19 10:27:12,509 [main] INFO  server.GrpcService (GrpcService.java:closeImpl(163)) - 8b25b6fb-e7f9-4ea8-8d7d-823d8ea82140: shutdown server with port 40963 successfully
2019-09-19 10:27:12,510 [1692dd7e-eca0-4ee0-be13-a7fe013a1be4-SegmentedRaftLogWorker:Storage Directory /workdir/hadoop-ozone/ozonefs/target/test-dir/MiniOzoneClusterImpl-c4ccaed8-e682-4870-947c-cf1864f77c00/datanode-3/data/ratis/b09a25f6-36a0-450a-bf2b-a6022a65eeba] INFO  segmented.SegmentedRaftLogWorker (SegmentedRaftLogWorker.java:run(313)) - 1692dd7e-eca0-4ee0-be13-a7fe013a1be4-SegmentedRaftLogWorker:Storage Directory /workdir/hadoop-ozone/ozonefs/target/test-dir/MiniOzoneClusterImpl-c4ccaed8-e682-4870-947c-cf1864f77c00/datanode-3/data/ratis/b09a25f6-36a0-450a-bf2b-a6022a65eeba was interrupted, exiting. There are 0 tasks remaining in the queue.
2019-09-19 10:27:12,510 [ForkJoinPool.commonPool-worker-1] INFO  segmented.SegmentedRaftLogWorker (SegmentedRaftLogWorker.java:close(228)) - 1692dd7e-eca0-4ee0-be13-a7fe013a1be4-SegmentedRaftLogWorker:Storage Directory /workdir/hadoop-ozone/ozonefs/target/test-dir/MiniOzoneClusterImpl-c4ccaed8-e682-4870-947c-cf1864f77c00/datanode-3/data/ratis/b09a25f6-36a0-450a-bf2b-a6022a65eeba close()
2019-09-19 10:27:12,519 [ForkJoinPool.commonPool-worker-1] INFO  impl.RaftServerImpl (RaftServerImpl.java:lambda$shutdown$3(245)) - 1692dd7e-eca0-4ee0-be13-a7fe013a1be4: shutdown group-DE6BC4638FB9
2019-09-19 10:27:12,519 [ForkJoinPool.commonPool-worker-1] INFO  util.JmxRegister (JmxRegister.java:unregister(73)) - Successfully un-registered JMX Bean with object name Ratis:service=RaftServer,group=group-DE6BC4638FB9,id=1692dd7e-eca0-4ee0-be13-a7fe013a1be4
2019-09-19 10:27:12,519 [ForkJoinPool.commonPool-worker-1] INFO  impl.RoleInfo (RoleInfo.java:shutdownLeaderState(104)) - 1692dd7e-eca0-4ee0-be13-a7fe013a1be4: shutdown LeaderState
2019-09-19 10:27:12,520 [ForkJoinPool.commonPool-worker-1] INFO  impl.PendingRequests (PendingRequests.java:sendNotLeaderResponses(202)) - 1692dd7e-eca0-4ee0-be13-a7fe013a1be4-PendingRequests: sendNotLeaderResponses
2019-09-19 10:27:12,520 [ForkJoinPool.commonPool-worker-1] INFO  impl.StateMachineUpdater (StateMachineUpdater.java:stopAndJoin(115)) - StateMachineUpdater:1692dd7e-eca0-4ee0-be13-a7fe013a1be4:group-DE6BC4638FB9: set stopIndex = 0
2019-09-19 10:27:12,520 [ForkJoinPool.commonPool-worker-1] INFO  impl.RaftServerImpl (ServerState.java:close(394)) - 1692dd7e-eca0-4ee0-be13-a7fe013a1be4:group-DE6BC4638FB9 closes. The last applied log index is 0
2019-09-19 10:27:12,521 [1692dd7e-eca0-4ee0-be13-a7fe013a1be4-SegmentedRaftLogWorker:Storage Directory /workdir/hadoop-ozone/ozonefs/target/test-dir/MiniOzoneClusterImpl-c4ccaed8-e682-4870-947c-cf1864f77c00/datanode-3/data/ratis/22ca3a0c-2964-48fa-ac18-de6bc4638fb9] INFO  segmented.SegmentedRaftLogWorker (SegmentedRaftLogWorker.java:run(313)) - 1692dd7e-eca0-4ee0-be13-a7fe013a1be4-SegmentedRaftLogWorker:Storage Directory /workdir/hadoop-ozone/ozonefs/target/test-dir/MiniOzoneClusterImpl-c4ccaed8-e682-4870-947c-cf1864f77c00/datanode-3/data/ratis/22ca3a0c-2964-48fa-ac18-de6bc4638fb9 was interrupted, exiting. There are 0 tasks remaining in the queue.
2019-09-19 10:27:12,521 [ForkJoinPool.commonPool-worker-1] INFO  segmented.SegmentedRaftLogWorker (SegmentedRaftLogWorker.java:close(228)) - 1692dd7e-eca0-4ee0-be13-a7fe013a1be4-SegmentedRaftLogWorker:Storage Directory /workdir/hadoop-ozone/ozonefs/target/test-dir/MiniOzoneClusterImpl-c4ccaed8-e682-4870-947c-cf1864f77c00/datanode-3/data/ratis/22ca3a0c-2964-48fa-ac18-de6bc4638fb9 close()
2019-09-19 10:27:12,521 [ForkJoinPool.commonPool-worker-1] INFO  impl.RaftServerImpl (RaftServerImpl.java:lambda$shutdown$3(245)) - 1692dd7e-eca0-4ee0-be13-a7fe013a1be4: shutdown group-72EE2E419AAA
2019-09-19 10:27:12,521 [ForkJoinPool.commonPool-worker-1] INFO  util.JmxRegister (JmxRegister.java:unregister(73)) - Successfully un-registered JMX Bean with object name Ratis:service=RaftServer,group=group-72EE2E419AAA,id=1692dd7e-eca0-4ee0-be13-a7fe013a1be4
2019-09-19 10:27:12,522 [ForkJoinPool.commonPool-worker-1] INFO  impl.RoleInfo (RoleInfo.java:shutdownLeaderState(104)) - 1692dd7e-eca0-4ee0-be13-a7fe013a1be4: shutdown LeaderState
2019-09-19 10:27:12,522 [ForkJoinPool.commonPool-worker-1] INFO  impl.PendingRequests (PendingRequests.java:sendNotLeaderResponses(202)) - 1692dd7e-eca0-4ee0-be13-a7fe013a1be4-PendingRequests: sendNotLeaderResponses
2019-09-19 10:27:12,522 [ForkJoinPool.commonPool-worker-1] INFO  impl.StateMachineUpdater (StateMachineUpdater.java:stopAndJoin(115)) - StateMachineUpdater:1692dd7e-eca0-4ee0-be13-a7fe013a1be4:group-72EE2E419AAA: set stopIndex = 0
2019-09-19 10:27:12,522 [ForkJoinPool.commonPool-worker-1] INFO  impl.RaftServerImpl (ServerState.java:close(394)) - 1692dd7e-eca0-4ee0-be13-a7fe013a1be4:group-72EE2E419AAA closes. The last applied log index is 0
2019-09-19 10:27:12,523 [1692dd7e-eca0-4ee0-be13-a7fe013a1be4-SegmentedRaftLogWorker:Storage Directory /workdir/hadoop-ozone/ozonefs/target/test-dir/MiniOzoneClusterImpl-c4ccaed8-e682-4870-947c-cf1864f77c00/datanode-3/data/ratis/d2c028ae-c9ed-45ef-89ab-72ee2e419aaa] INFO  segmented.SegmentedRaftLogWorker (SegmentedRaftLogWorker.java:run(313)) - 1692dd7e-eca0-4ee0-be13-a7fe013a1be4-SegmentedRaftLogWorker:Storage Directory /workdir/hadoop-ozone/ozonefs/target/test-dir/MiniOzoneClusterImpl-c4ccaed8-e682-4870-947c-cf1864f77c00/datanode-3/data/ratis/d2c028ae-c9ed-45ef-89ab-72ee2e419aaa was interrupted, exiting. There are 0 tasks remaining in the queue.
2019-09-19 10:27:12,523 [ForkJoinPool.commonPool-worker-1] INFO  segmented.SegmentedRaftLogWorker (SegmentedRaftLogWorker.java:close(228)) - 1692dd7e-eca0-4ee0-be13-a7fe013a1be4-SegmentedRaftLogWorker:Storage Directory /workdir/hadoop-ozone/ozonefs/target/test-dir/MiniOzoneClusterImpl-c4ccaed8-e682-4870-947c-cf1864f77c00/datanode-3/data/ratis/d2c028ae-c9ed-45ef-89ab-72ee2e419aaa close()
2019-09-19 10:27:12,523 [ForkJoinPool.commonPool-worker-1] INFO  impl.RaftServerImpl (RaftServerImpl.java:lambda$shutdown$3(245)) - 1692dd7e-eca0-4ee0-be13-a7fe013a1be4: shutdown group-EA89ADAD879E
2019-09-19 10:27:12,524 [ForkJoinPool.commonPool-worker-1] INFO  util.JmxRegister (JmxRegister.java:unregister(73)) - Successfully un-registered JMX Bean with object name Ratis:service=RaftServer,group=group-EA89ADAD879E,id=1692dd7e-eca0-4ee0-be13-a7fe013a1be4
2019-09-19 10:27:12,524 [ForkJoinPool.commonPool-worker-1] INFO  impl.RoleInfo (RoleInfo.java:shutdownLeaderState(104)) - 1692dd7e-eca0-4ee0-be13-a7fe013a1be4: shutdown LeaderState
2019-09-19 10:27:12,524 [ForkJoinPool.commonPool-worker-1] INFO  impl.PendingRequests (PendingRequests.java:sendNotLeaderResponses(202)) - 1692dd7e-eca0-4ee0-be13-a7fe013a1be4-PendingRequests: sendNotLeaderResponses
2019-09-19 10:27:12,524 [ForkJoinPool.commonPool-worker-1] INFO  impl.StateMachineUpdater (StateMachineUpdater.java:stopAndJoin(115)) - StateMachineUpdater:1692dd7e-eca0-4ee0-be13-a7fe013a1be4:group-EA89ADAD879E: set stopIndex = 0
2019-09-19 10:27:12,525 [ForkJoinPool.commonPool-worker-1] INFO  impl.RaftServerImpl (ServerState.java:close(394)) - 1692dd7e-eca0-4ee0-be13-a7fe013a1be4:group-EA89ADAD879E closes. The last applied log index is 0
2019-09-19 10:27:12,525 [1692dd7e-eca0-4ee0-be13-a7fe013a1be4-SegmentedRaftLogWorker:Storage Directory /workdir/hadoop-ozone/ozonefs/target/test-dir/MiniOzoneClusterImpl-c4ccaed8-e682-4870-947c-cf1864f77c00/datanode-3/data/ratis/7d977f07-7943-4f68-8338-ea89adad879e] INFO  segmented.SegmentedRaftLogWorker (SegmentedRaftLogWorker.java:run(313)) - 1692dd7e-eca0-4ee0-be13-a7fe013a1be4-SegmentedRaftLogWorker:Storage Directory /workdir/hadoop-ozone/ozonefs/target/test-dir/MiniOzoneClusterImpl-c4ccaed8-e682-4870-947c-cf1864f77c00/datanode-3/data/ratis/7d977f07-7943-4f68-8338-ea89adad879e was interrupted, exiting. There are 0 tasks remaining in the queue.
2019-09-19 10:27:12,525 [main] INFO  utils.BackgroundService (BackgroundService.java:shutdown(148)) - Shutting down service BlockDeletingService
2019-09-19 10:27:12,525 [ForkJoinPool.commonPool-worker-1] INFO  segmented.SegmentedRaftLogWorker (SegmentedRaftLogWorker.java:close(228)) - 1692dd7e-eca0-4ee0-be13-a7fe013a1be4-SegmentedRaftLogWorker:Storage Directory /workdir/hadoop-ozone/ozonefs/target/test-dir/MiniOzoneClusterImpl-c4ccaed8-e682-4870-947c-cf1864f77c00/datanode-3/data/ratis/7d977f07-7943-4f68-8338-ea89adad879e close()
2019-09-19 10:27:12,528 [ForkJoinPool.commonPool-worker-1] INFO  impl.RaftServerImpl (RaftServerImpl.java:lambda$shutdown$3(245)) - 1692dd7e-eca0-4ee0-be13-a7fe013a1be4: shutdown group-1E9D5416AF48
2019-09-19 10:27:12,528 [ForkJoinPool.commonPool-worker-1] INFO  util.JmxRegister (JmxRegister.java:unregister(73)) - Successfully un-registered JMX Bean with object name Ratis:service=RaftServer,group=group-1E9D5416AF48,id=1692dd7e-eca0-4ee0-be13-a7fe013a1be4
2019-09-19 10:27:12,529 [ForkJoinPool.commonPool-worker-1] INFO  impl.RoleInfo (RoleInfo.java:shutdownLeaderState(104)) - 1692dd7e-eca0-4ee0-be13-a7fe013a1be4: shutdown LeaderState
2019-09-19 10:27:12,529 [ForkJoinPool.commonPool-worker-1] INFO  impl.PendingRequests (PendingRequests.java:sendNotLeaderResponses(202)) - 1692dd7e-eca0-4ee0-be13-a7fe013a1be4-PendingRequests: sendNotLeaderResponses
2019-09-19 10:27:12,529 [refreshUsed-/workdir/hadoop-ozone/ozonefs/target/test-dir/MiniOzoneClusterImpl-c4ccaed8-e682-4870-947c-cf1864f77c00/datanode-6/data/containers] WARN  fs.CachingGetSpaceUsed (CachingGetSpaceUsed.java:run(183)) - Thread Interrupted waiting to refresh disk information: sleep interrupted
2019-09-19 10:27:12,530 [ForkJoinPool.commonPool-worker-1] INFO  impl.StateMachineUpdater (StateMachineUpdater.java:stopAndJoin(115)) - StateMachineUpdater:1692dd7e-eca0-4ee0-be13-a7fe013a1be4:group-1E9D5416AF48: set stopIndex = 0
2019-09-19 10:27:12,530 [ForkJoinPool.commonPool-worker-1] INFO  impl.RaftServerImpl (ServerState.java:close(394)) - 1692dd7e-eca0-4ee0-be13-a7fe013a1be4:group-1E9D5416AF48 closes. The last applied log index is 0
2019-09-19 10:27:12,530 [1692dd7e-eca0-4ee0-be13-a7fe013a1be4-SegmentedRaftLogWorker:Storage Directory /workdir/hadoop-ozone/ozonefs/target/test-dir/MiniOzoneClusterImpl-c4ccaed8-e682-4870-947c-cf1864f77c00/datanode-3/data/ratis/caf1d26b-5077-4ab5-b892-1e9d5416af48] INFO  segmented.SegmentedRaftLogWorker (SegmentedRaftLogWorker.java:run(313)) - 1692dd7e-eca0-4ee0-be13-a7fe013a1be4-SegmentedRaftLogWorker:Storage Directory /workdir/hadoop-ozone/ozonefs/target/test-dir/MiniOzoneClusterImpl-c4ccaed8-e682-4870-947c-cf1864f77c00/datanode-3/data/ratis/caf1d26b-5077-4ab5-b892-1e9d5416af48 was interrupted, exiting. There are 0 tasks remaining in the queue.
2019-09-19 10:27:12,530 [ForkJoinPool.commonPool-worker-1] INFO  segmented.SegmentedRaftLogWorker (SegmentedRaftLogWorker.java:close(228)) - 1692dd7e-eca0-4ee0-be13-a7fe013a1be4-SegmentedRaftLogWorker:Storage Directory /workdir/hadoop-ozone/ozonefs/target/test-dir/MiniOzoneClusterImpl-c4ccaed8-e682-4870-947c-cf1864f77c00/datanode-3/data/ratis/caf1d26b-5077-4ab5-b892-1e9d5416af48 close()
2019-09-19 10:27:12,531 [ForkJoinPool.commonPool-worker-1] INFO  server.GrpcService (GrpcService.java:closeImpl(155)) - 1692dd7e-eca0-4ee0-be13-a7fe013a1be4: shutdown server with port 39330 now
2019-09-19 10:27:12,534 [ForkJoinPool.commonPool-worker-1] INFO  server.GrpcService (GrpcService.java:closeImpl(163)) - 1692dd7e-eca0-4ee0-be13-a7fe013a1be4: shutdown server with port 39330 successfully
2019-09-19 10:27:12,535 [ForkJoinPool.commonPool-worker-1] INFO  utils.BackgroundService (BackgroundService.java:shutdown(148)) - Shutting down service BlockDeletingService
2019-09-19 10:27:12,536 [refreshUsed-/workdir/hadoop-ozone/ozonefs/target/test-dir/MiniOzoneClusterImpl-c4ccaed8-e682-4870-947c-cf1864f77c00/datanode-3/data/containers] WARN  fs.CachingGetSpaceUsed (CachingGetSpaceUsed.java:run(183)) - Thread Interrupted waiting to refresh disk information: sleep interrupted
2019-09-19 10:27:12,549 | INFO  | SCMAudit | user=jenkins1000 | ip=192.168.157.204 | op=SEND_HEARTBEAT {datanodeUUID=f4f61464-0bdf-492b-ac84-d659f01f9139, command=[]} | ret=SUCCESS |  
2019-09-19 10:27:12,549 | INFO  | SCMAudit | user=jenkins1000 | ip=192.168.157.204 | op=SEND_HEARTBEAT {datanodeUUID=39513c05-534c-4cc1-a39c-034925eb3fe7, command=[]} | ret=SUCCESS |  
2019-09-19 10:27:12,549 | INFO  | SCMAudit | user=jenkins1000 | ip=192.168.157.204 | op=SEND_HEARTBEAT {datanodeUUID=df1b99cc-36f2-45b6-8e95-51c50e156f0b, command=[]} | ret=SUCCESS |  
2019-09-19 10:27:12,550 | INFO  | SCMAudit | user=jenkins1000 | ip=192.168.157.204 | op=SEND_HEARTBEAT {datanodeUUID=c972e26d-e03f-48a1-a9e9-2dea9337c66d, command=[]} | ret=SUCCESS |  
2019-09-19 10:27:12,550 | INFO  | SCMAudit | user=jenkins1000 | ip=192.168.157.204 | op=SEND_HEARTBEAT {datanodeUUID=10ec1051-6571-4c90-b3f9-a3c2840a089b, command=[]} | ret=SUCCESS |  
2019-09-19 10:27:12,550 | INFO  | SCMAudit | user=jenkins1000 | ip=192.168.157.204 | op=SEND_HEARTBEAT {datanodeUUID=7e4b2fb6-17ca-4cf7-9c63-77c56d6e2e1f, command=[]} | ret=SUCCESS |  
2019-09-19 10:27:12,571 [main] INFO  statemachine.DatanodeStateMachine (DatanodeStateMachine.java:stopDaemon(395)) - Ozone container server stopped.
2019-09-19 10:27:12,575 [ForkJoinPool.commonPool-worker-1] INFO  statemachine.DatanodeStateMachine (DatanodeStateMachine.java:stopDaemon(395)) - Ozone container server stopped.
2019-09-19 10:27:12,578 [main] INFO  handler.ContextHandler (ContextHandler.java:doStop(910)) - Stopped o.e.j.w.WebAppContext@23b71d24{/,null,UNAVAILABLE}{/hddsDatanode}
2019-09-19 10:27:12,579 [ForkJoinPool.commonPool-worker-1] INFO  handler.ContextHandler (ContextHandler.java:doStop(910)) - Stopped o.e.j.w.WebAppContext@28ee882c{/,null,UNAVAILABLE}{/hddsDatanode}
2019-09-19 10:27:12,580 [main] INFO  server.AbstractConnector (AbstractConnector.java:doStop(318)) - Stopped ServerConnector@568f4faa{HTTP/1.1,[http/1.1]}{0.0.0.0:0}
2019-09-19 10:27:12,580 [ForkJoinPool.commonPool-worker-1] INFO  server.AbstractConnector (AbstractConnector.java:doStop(318)) - Stopped ServerConnector@78d73b1b{HTTP/1.1,[http/1.1]}{0.0.0.0:0}
2019-09-19 10:27:12,580 [main] INFO  handler.ContextHandler (ContextHandler.java:doStop(910)) - Stopped o.e.j.s.ServletContextHandler@743bb39a{/static,jar:file:/home/user/.m2/repository/org/apache/hadoop/hadoop-hdds-container-service/0.5.0-SNAPSHOT/hadoop-hdds-container-service-0.5.0-SNAPSHOT.jar!/webapps/static,UNAVAILABLE}
2019-09-19 10:27:12,582 [ForkJoinPool.commonPool-worker-1] INFO  handler.ContextHandler (ContextHandler.java:doStop(910)) - Stopped o.e.j.s.ServletContextHandler@3dec3f87{/static,jar:file:/home/user/.m2/repository/org/apache/hadoop/hadoop-hdds-container-service/0.5.0-SNAPSHOT/hadoop-hdds-container-service-0.5.0-SNAPSHOT.jar!/webapps/static,UNAVAILABLE}
2019-09-19 10:27:12,582 [main] INFO  handler.ContextHandler (ContextHandler.java:doStop(910)) - Stopped o.e.j.s.ServletContextHandler@2120bed{/logs,file:///workdir/hadoop-ozone/ozonefs/target/log,UNAVAILABLE}
2019-09-19 10:27:12,583 [ForkJoinPool.commonPool-worker-1] INFO  handler.ContextHandler (ContextHandler.java:doStop(910)) - Stopped o.e.j.s.ServletContextHandler@656842bc{/logs,file:///workdir/hadoop-ozone/ozonefs/target/log,UNAVAILABLE}
2019-09-19 10:27:12,584 [main] INFO  datanode.ObjectStoreHandler (ObjectStoreHandler.java:close(155)) - Closing ObjectStoreHandler.
2019-09-19 10:27:12,584 [ForkJoinPool.commonPool-worker-1] INFO  datanode.ObjectStoreHandler (ObjectStoreHandler.java:close(155)) - Closing ObjectStoreHandler.
2019-09-19 10:27:12,585 [main] INFO  ozone.HddsDatanodeService (HddsDatanodeService.java:stop(451)) - Stopped plug-in org.apache.hadoop.ozone.web.OzoneHddsDatanodeService@55061418
2019-09-19 10:27:12,585 [ForkJoinPool.commonPool-worker-1] INFO  ozone.HddsDatanodeService (HddsDatanodeService.java:stop(451)) - Stopped plug-in org.apache.hadoop.ozone.web.OzoneHddsDatanodeService@67763ebe
2019-09-19 10:27:13,550 [Datanode State Machine Thread - 0] INFO  statemachine.DatanodeStateMachine (DatanodeStateMachine.java:lambda$startDaemon$0(350)) - Ozone container server started.
2019-09-19 10:27:13,550 | INFO  | SCMAudit | user=jenkins1000 | ip=192.168.157.204 | op=SEND_HEARTBEAT {datanodeUUID=39513c05-534c-4cc1-a39c-034925eb3fe7, command=[]} | ret=SUCCESS |  
2019-09-19 10:27:13,550 | INFO  | SCMAudit | user=jenkins1000 | ip=192.168.157.204 | op=SEND_HEARTBEAT {datanodeUUID=df1b99cc-36f2-45b6-8e95-51c50e156f0b, command=[]} | ret=SUCCESS |  
2019-09-19 10:27:13,550 | INFO  | SCMAudit | user=jenkins1000 | ip=192.168.157.204 | op=SEND_HEARTBEAT {datanodeUUID=f4f61464-0bdf-492b-ac84-d659f01f9139, command=[]} | ret=SUCCESS |  
2019-09-19 10:27:13,550 [Datanode State Machine Thread - 0] INFO  statemachine.DatanodeStateMachine (DatanodeStateMachine.java:lambda$startDaemon$0(350)) - Ozone container server started.
2019-09-19 10:27:13,550 | INFO  | SCMAudit | user=jenkins1000 | ip=192.168.157.204 | op=SEND_HEARTBEAT {datanodeUUID=c972e26d-e03f-48a1-a9e9-2dea9337c66d, command=[]} | ret=SUCCESS |  
2019-09-19 10:27:14,550 | INFO  | SCMAudit | user=jenkins1000 | ip=192.168.157.204 | op=SEND_HEARTBEAT {datanodeUUID=df1b99cc-36f2-45b6-8e95-51c50e156f0b, command=[]} | ret=SUCCESS |  
2019-09-19 10:27:14,550 | INFO  | SCMAudit | user=jenkins1000 | ip=192.168.157.204 | op=SEND_HEARTBEAT {datanodeUUID=39513c05-534c-4cc1-a39c-034925eb3fe7, command=[]} | ret=SUCCESS |  
2019-09-19 10:27:14,550 | INFO  | SCMAudit | user=jenkins1000 | ip=192.168.157.204 | op=SEND_HEARTBEAT {datanodeUUID=c972e26d-e03f-48a1-a9e9-2dea9337c66d, command=[]} | ret=SUCCESS |  
2019-09-19 10:27:14,550 | INFO  | SCMAudit | user=jenkins1000 | ip=192.168.157.204 | op=SEND_HEARTBEAT {datanodeUUID=f4f61464-0bdf-492b-ac84-d659f01f9139, command=[]} | ret=SUCCESS |  
2019-09-19 10:27:15,550 | INFO  | SCMAudit | user=jenkins1000 | ip=192.168.157.204 | op=SEND_HEARTBEAT {datanodeUUID=df1b99cc-36f2-45b6-8e95-51c50e156f0b, command=[]} | ret=SUCCESS |  
2019-09-19 10:27:15,550 | INFO  | SCMAudit | user=jenkins1000 | ip=192.168.157.204 | op=SEND_HEARTBEAT {datanodeUUID=39513c05-534c-4cc1-a39c-034925eb3fe7, command=[]} | ret=SUCCESS |  
2019-09-19 10:27:15,550 | INFO  | SCMAudit | user=jenkins1000 | ip=192.168.157.204 | op=SEND_HEARTBEAT {datanodeUUID=f4f61464-0bdf-492b-ac84-d659f01f9139, command=[]} | ret=SUCCESS |  
2019-09-19 10:27:15,550 | INFO  | SCMAudit | user=jenkins1000 | ip=192.168.157.204 | op=SEND_HEARTBEAT {datanodeUUID=c972e26d-e03f-48a1-a9e9-2dea9337c66d, command=[]} | ret=SUCCESS |  
2019-09-19 10:27:16,550 | INFO  | SCMAudit | user=jenkins1000 | ip=192.168.157.204 | op=SEND_HEARTBEAT {datanodeUUID=39513c05-534c-4cc1-a39c-034925eb3fe7, command=[]} | ret=SUCCESS |  
2019-09-19 10:27:16,550 | INFO  | SCMAudit | user=jenkins1000 | ip=192.168.157.204 | op=SEND_HEARTBEAT {datanodeUUID=df1b99cc-36f2-45b6-8e95-51c50e156f0b, command=[]} | ret=SUCCESS |  
2019-09-19 10:27:16,550 | INFO  | SCMAudit | user=jenkins1000 | ip=192.168.157.204 | op=SEND_HEARTBEAT {datanodeUUID=f4f61464-0bdf-492b-ac84-d659f01f9139, command=[]} | ret=SUCCESS |  
2019-09-19 10:27:16,550 | INFO  | SCMAudit | user=jenkins1000 | ip=192.168.157.204 | op=SEND_HEARTBEAT {datanodeUUID=c972e26d-e03f-48a1-a9e9-2dea9337c66d, command=[]} | ret=SUCCESS |  
2019-09-19 10:27:17,550 | INFO  | SCMAudit | user=jenkins1000 | ip=192.168.157.204 | op=SEND_HEARTBEAT {datanodeUUID=df1b99cc-36f2-45b6-8e95-51c50e156f0b, command=[]} | ret=SUCCESS |  
2019-09-19 10:27:17,550 | INFO  | SCMAudit | user=jenkins1000 | ip=192.168.157.204 | op=SEND_HEARTBEAT {datanodeUUID=39513c05-534c-4cc1-a39c-034925eb3fe7, command=[]} | ret=SUCCESS |  
2019-09-19 10:27:17,551 | INFO  | SCMAudit | user=jenkins1000 | ip=192.168.157.204 | op=SEND_HEARTBEAT {datanodeUUID=f4f61464-0bdf-492b-ac84-d659f01f9139, command=[]} | ret=SUCCESS |  
2019-09-19 10:27:17,551 | INFO  | SCMAudit | user=jenkins1000 | ip=192.168.157.204 | op=SEND_HEARTBEAT {datanodeUUID=c972e26d-e03f-48a1-a9e9-2dea9337c66d, command=[]} | ret=SUCCESS |  
2019-09-19 10:27:17,586 [ForkJoinPool.commonPool-worker-1] INFO  ozoneimpl.OzoneContainer (OzoneContainer.java:stop(199)) - Attempting to stop container services.
2019-09-19 10:27:17,586 [main] INFO  ozoneimpl.OzoneContainer (OzoneContainer.java:stop(199)) - Attempting to stop container services.
2019-09-19 10:27:17,586 [ForkJoinPool.commonPool-worker-1] INFO  impl.RaftServerProxy (RaftServerProxy.java:lambda$close$4(314)) - 7e4b2fb6-17ca-4cf7-9c63-77c56d6e2e1f: close
2019-09-19 10:27:17,586 [main] INFO  impl.RaftServerProxy (RaftServerProxy.java:lambda$close$4(314)) - 10ec1051-6571-4c90-b3f9-a3c2840a089b: close
2019-09-19 10:27:17,586 [ForkJoinPool.commonPool-worker-1] INFO  impl.RaftServerImpl (RaftServerImpl.java:lambda$shutdown$3(245)) - 7e4b2fb6-17ca-4cf7-9c63-77c56d6e2e1f: shutdown group-FC690495CB19
2019-09-19 10:27:17,587 [main] INFO  impl.RaftServerImpl (RaftServerImpl.java:lambda$shutdown$3(245)) - 10ec1051-6571-4c90-b3f9-a3c2840a089b: shutdown group-1574A01E182E
2019-09-19 10:27:17,587 [ForkJoinPool.commonPool-worker-1] INFO  util.JmxRegister (JmxRegister.java:unregister(73)) - Successfully un-registered JMX Bean with object name Ratis:service=RaftServer,group=group-FC690495CB19,id=7e4b2fb6-17ca-4cf7-9c63-77c56d6e2e1f
2019-09-19 10:27:17,587 [main] INFO  util.JmxRegister (JmxRegister.java:unregister(73)) - Successfully un-registered JMX Bean with object name Ratis:service=RaftServer,group=group-1574A01E182E,id=10ec1051-6571-4c90-b3f9-a3c2840a089b
2019-09-19 10:27:17,587 [ForkJoinPool.commonPool-worker-1] INFO  impl.RoleInfo (RoleInfo.java:shutdownLeaderState(104)) - 7e4b2fb6-17ca-4cf7-9c63-77c56d6e2e1f: shutdown LeaderState
2019-09-19 10:27:17,588 [main] INFO  impl.RoleInfo (RoleInfo.java:shutdownLeaderState(104)) - 10ec1051-6571-4c90-b3f9-a3c2840a089b: shutdown LeaderState
2019-09-19 10:27:17,588 [ForkJoinPool.commonPool-worker-1] INFO  impl.PendingRequests (PendingRequests.java:sendNotLeaderResponses(202)) - 7e4b2fb6-17ca-4cf7-9c63-77c56d6e2e1f-PendingRequests: sendNotLeaderResponses
2019-09-19 10:27:17,588 [main] INFO  impl.PendingRequests (PendingRequests.java:sendNotLeaderResponses(202)) - 10ec1051-6571-4c90-b3f9-a3c2840a089b-PendingRequests: sendNotLeaderResponses
2019-09-19 10:27:17,588 [ForkJoinPool.commonPool-worker-1] INFO  impl.StateMachineUpdater (StateMachineUpdater.java:stopAndJoin(115)) - StateMachineUpdater:7e4b2fb6-17ca-4cf7-9c63-77c56d6e2e1f:group-FC690495CB19: set stopIndex = 0
2019-09-19 10:27:17,589 [main] INFO  impl.StateMachineUpdater (StateMachineUpdater.java:stopAndJoin(115)) - StateMachineUpdater:10ec1051-6571-4c90-b3f9-a3c2840a089b:group-1574A01E182E: set stopIndex = 0
2019-09-19 10:27:17,589 [ForkJoinPool.commonPool-worker-1] INFO  impl.RaftServerImpl (ServerState.java:close(394)) - 7e4b2fb6-17ca-4cf7-9c63-77c56d6e2e1f:group-FC690495CB19 closes. The last applied log index is 0
2019-09-19 10:27:17,589 [main] INFO  impl.RaftServerImpl (ServerState.java:close(394)) - 10ec1051-6571-4c90-b3f9-a3c2840a089b:group-1574A01E182E closes. The last applied log index is 0
2019-09-19 10:27:17,589 [7e4b2fb6-17ca-4cf7-9c63-77c56d6e2e1f-SegmentedRaftLogWorker:Storage Directory /workdir/hadoop-ozone/ozonefs/target/test-dir/MiniOzoneClusterImpl-c4ccaed8-e682-4870-947c-cf1864f77c00/datanode-4/data/ratis/ff0fc8cd-f99d-41df-8763-fc690495cb19] INFO  segmented.SegmentedRaftLogWorker (SegmentedRaftLogWorker.java:run(313)) - 7e4b2fb6-17ca-4cf7-9c63-77c56d6e2e1f-SegmentedRaftLogWorker:Storage Directory /workdir/hadoop-ozone/ozonefs/target/test-dir/MiniOzoneClusterImpl-c4ccaed8-e682-4870-947c-cf1864f77c00/datanode-4/data/ratis/ff0fc8cd-f99d-41df-8763-fc690495cb19 was interrupted, exiting. There are 0 tasks remaining in the queue.
2019-09-19 10:27:17,590 [10ec1051-6571-4c90-b3f9-a3c2840a089b-SegmentedRaftLogWorker:Storage Directory /workdir/hadoop-ozone/ozonefs/target/test-dir/MiniOzoneClusterImpl-c4ccaed8-e682-4870-947c-cf1864f77c00/datanode-8/data/ratis/47ca6e89-7d52-4d43-b8d3-1574a01e182e] INFO  segmented.SegmentedRaftLogWorker (SegmentedRaftLogWorker.java:run(313)) - 10ec1051-6571-4c90-b3f9-a3c2840a089b-SegmentedRaftLogWorker:Storage Directory /workdir/hadoop-ozone/ozonefs/target/test-dir/MiniOzoneClusterImpl-c4ccaed8-e682-4870-947c-cf1864f77c00/datanode-8/data/ratis/47ca6e89-7d52-4d43-b8d3-1574a01e182e was interrupted, exiting. There are 0 tasks remaining in the queue.
2019-09-19 10:27:17,590 [ForkJoinPool.commonPool-worker-1] INFO  segmented.SegmentedRaftLogWorker (SegmentedRaftLogWorker.java:close(228)) - 7e4b2fb6-17ca-4cf7-9c63-77c56d6e2e1f-SegmentedRaftLogWorker:Storage Directory /workdir/hadoop-ozone/ozonefs/target/test-dir/MiniOzoneClusterImpl-c4ccaed8-e682-4870-947c-cf1864f77c00/datanode-4/data/ratis/ff0fc8cd-f99d-41df-8763-fc690495cb19 close()
2019-09-19 10:27:17,590 [main] INFO  segmented.SegmentedRaftLogWorker (SegmentedRaftLogWorker.java:close(228)) - 10ec1051-6571-4c90-b3f9-a3c2840a089b-SegmentedRaftLogWorker:Storage Directory /workdir/hadoop-ozone/ozonefs/target/test-dir/MiniOzoneClusterImpl-c4ccaed8-e682-4870-947c-cf1864f77c00/datanode-8/data/ratis/47ca6e89-7d52-4d43-b8d3-1574a01e182e close()
2019-09-19 10:27:17,590 [ForkJoinPool.commonPool-worker-1] INFO  impl.RaftServerImpl (RaftServerImpl.java:lambda$shutdown$3(245)) - 7e4b2fb6-17ca-4cf7-9c63-77c56d6e2e1f: shutdown group-92B0DBA2A507
2019-09-19 10:27:17,590 [main] INFO  impl.RaftServerImpl (RaftServerImpl.java:lambda$shutdown$3(245)) - 10ec1051-6571-4c90-b3f9-a3c2840a089b: shutdown group-8EC43799AC7B
2019-09-19 10:27:17,591 [ForkJoinPool.commonPool-worker-1] INFO  util.JmxRegister (JmxRegister.java:unregister(73)) - Successfully un-registered JMX Bean with object name Ratis:service=RaftServer,group=group-92B0DBA2A507,id=7e4b2fb6-17ca-4cf7-9c63-77c56d6e2e1f
2019-09-19 10:27:17,591 [main] INFO  util.JmxRegister (JmxRegister.java:unregister(73)) - Successfully un-registered JMX Bean with object name Ratis:service=RaftServer,group=group-8EC43799AC7B,id=10ec1051-6571-4c90-b3f9-a3c2840a089b
2019-09-19 10:27:17,591 [ForkJoinPool.commonPool-worker-1] INFO  impl.RoleInfo (RoleInfo.java:shutdownLeaderState(104)) - 7e4b2fb6-17ca-4cf7-9c63-77c56d6e2e1f: shutdown LeaderState
2019-09-19 10:27:17,591 [main] INFO  impl.RoleInfo (RoleInfo.java:shutdownLeaderState(104)) - 10ec1051-6571-4c90-b3f9-a3c2840a089b: shutdown LeaderState
2019-09-19 10:27:17,592 [ForkJoinPool.commonPool-worker-1] INFO  impl.PendingRequests (PendingRequests.java:sendNotLeaderResponses(202)) - 7e4b2fb6-17ca-4cf7-9c63-77c56d6e2e1f-PendingRequests: sendNotLeaderResponses
2019-09-19 10:27:17,592 [main] INFO  impl.PendingRequests (PendingRequests.java:sendNotLeaderResponses(202)) - 10ec1051-6571-4c90-b3f9-a3c2840a089b-PendingRequests: sendNotLeaderResponses
2019-09-19 10:27:17,592 [ForkJoinPool.commonPool-worker-1] INFO  impl.StateMachineUpdater (StateMachineUpdater.java:stopAndJoin(115)) - StateMachineUpdater:7e4b2fb6-17ca-4cf7-9c63-77c56d6e2e1f:group-92B0DBA2A507: set stopIndex = 0
2019-09-19 10:27:17,592 [main] INFO  impl.StateMachineUpdater (StateMachineUpdater.java:stopAndJoin(115)) - StateMachineUpdater:10ec1051-6571-4c90-b3f9-a3c2840a089b:group-8EC43799AC7B: set stopIndex = 0
2019-09-19 10:27:17,593 [ForkJoinPool.commonPool-worker-1] INFO  impl.RaftServerImpl (ServerState.java:close(394)) - 7e4b2fb6-17ca-4cf7-9c63-77c56d6e2e1f:group-92B0DBA2A507 closes. The last applied log index is 0
2019-09-19 10:27:17,593 [main] INFO  impl.RaftServerImpl (ServerState.java:close(394)) - 10ec1051-6571-4c90-b3f9-a3c2840a089b:group-8EC43799AC7B closes. The last applied log index is 0
2019-09-19 10:27:17,593 [7e4b2fb6-17ca-4cf7-9c63-77c56d6e2e1f-SegmentedRaftLogWorker:Storage Directory /workdir/hadoop-ozone/ozonefs/target/test-dir/MiniOzoneClusterImpl-c4ccaed8-e682-4870-947c-cf1864f77c00/datanode-4/data/ratis/5d4c7cde-ceae-42ad-aac2-92b0dba2a507] INFO  segmented.SegmentedRaftLogWorker (SegmentedRaftLogWorker.java:run(313)) - 7e4b2fb6-17ca-4cf7-9c63-77c56d6e2e1f-SegmentedRaftLogWorker:Storage Directory /workdir/hadoop-ozone/ozonefs/target/test-dir/MiniOzoneClusterImpl-c4ccaed8-e682-4870-947c-cf1864f77c00/datanode-4/data/ratis/5d4c7cde-ceae-42ad-aac2-92b0dba2a507 was interrupted, exiting. There are 0 tasks remaining in the queue.
2019-09-19 10:27:17,593 [10ec1051-6571-4c90-b3f9-a3c2840a089b-SegmentedRaftLogWorker:Storage Directory /workdir/hadoop-ozone/ozonefs/target/test-dir/MiniOzoneClusterImpl-c4ccaed8-e682-4870-947c-cf1864f77c00/datanode-8/data/ratis/7449d1f4-6b8e-430f-886c-8ec43799ac7b] INFO  segmented.SegmentedRaftLogWorker (SegmentedRaftLogWorker.java:run(313)) - 10ec1051-6571-4c90-b3f9-a3c2840a089b-SegmentedRaftLogWorker:Storage Directory /workdir/hadoop-ozone/ozonefs/target/test-dir/MiniOzoneClusterImpl-c4ccaed8-e682-4870-947c-cf1864f77c00/datanode-8/data/ratis/7449d1f4-6b8e-430f-886c-8ec43799ac7b was interrupted, exiting. There are 0 tasks remaining in the queue.
2019-09-19 10:27:17,594 [ForkJoinPool.commonPool-worker-1] INFO  segmented.SegmentedRaftLogWorker (SegmentedRaftLogWorker.java:close(228)) - 7e4b2fb6-17ca-4cf7-9c63-77c56d6e2e1f-SegmentedRaftLogWorker:Storage Directory /workdir/hadoop-ozone/ozonefs/target/test-dir/MiniOzoneClusterImpl-c4ccaed8-e682-4870-947c-cf1864f77c00/datanode-4/data/ratis/5d4c7cde-ceae-42ad-aac2-92b0dba2a507 close()
2019-09-19 10:27:17,594 [main] INFO  segmented.SegmentedRaftLogWorker (SegmentedRaftLogWorker.java:close(228)) - 10ec1051-6571-4c90-b3f9-a3c2840a089b-SegmentedRaftLogWorker:Storage Directory /workdir/hadoop-ozone/ozonefs/target/test-dir/MiniOzoneClusterImpl-c4ccaed8-e682-4870-947c-cf1864f77c00/datanode-8/data/ratis/7449d1f4-6b8e-430f-886c-8ec43799ac7b close()
2019-09-19 10:27:17,594 [ForkJoinPool.commonPool-worker-1] INFO  impl.RaftServerImpl (RaftServerImpl.java:lambda$shutdown$3(245)) - 7e4b2fb6-17ca-4cf7-9c63-77c56d6e2e1f: shutdown group-AFD0634A818C
2019-09-19 10:27:17,594 [main] INFO  impl.RaftServerImpl (RaftServerImpl.java:lambda$shutdown$3(245)) - 10ec1051-6571-4c90-b3f9-a3c2840a089b: shutdown group-4886D9C4D5A9
2019-09-19 10:27:17,594 [ForkJoinPool.commonPool-worker-1] INFO  util.JmxRegister (JmxRegister.java:unregister(73)) - Successfully un-registered JMX Bean with object name Ratis:service=RaftServer,group=group-AFD0634A818C,id=7e4b2fb6-17ca-4cf7-9c63-77c56d6e2e1f
2019-09-19 10:27:17,595 [main] INFO  util.JmxRegister (JmxRegister.java:unregister(73)) - Successfully un-registered JMX Bean with object name Ratis:service=RaftServer,group=group-4886D9C4D5A9,id=10ec1051-6571-4c90-b3f9-a3c2840a089b
2019-09-19 10:27:17,595 [ForkJoinPool.commonPool-worker-1] INFO  impl.RoleInfo (RoleInfo.java:shutdownLeaderState(104)) - 7e4b2fb6-17ca-4cf7-9c63-77c56d6e2e1f: shutdown LeaderState
2019-09-19 10:27:17,595 [main] INFO  impl.RoleInfo (RoleInfo.java:shutdownLeaderState(104)) - 10ec1051-6571-4c90-b3f9-a3c2840a089b: shutdown LeaderState
2019-09-19 10:27:17,595 [ForkJoinPool.commonPool-worker-1] INFO  impl.PendingRequests (PendingRequests.java:sendNotLeaderResponses(202)) - 7e4b2fb6-17ca-4cf7-9c63-77c56d6e2e1f-PendingRequests: sendNotLeaderResponses
2019-09-19 10:27:17,596 [main] INFO  impl.PendingRequests (PendingRequests.java:sendNotLeaderResponses(202)) - 10ec1051-6571-4c90-b3f9-a3c2840a089b-PendingRequests: sendNotLeaderResponses
2019-09-19 10:27:17,596 [ForkJoinPool.commonPool-worker-1] INFO  impl.StateMachineUpdater (StateMachineUpdater.java:stopAndJoin(115)) - StateMachineUpdater:7e4b2fb6-17ca-4cf7-9c63-77c56d6e2e1f:group-AFD0634A818C: set stopIndex = 0
2019-09-19 10:27:17,596 [main] INFO  impl.StateMachineUpdater (StateMachineUpdater.java:stopAndJoin(115)) - StateMachineUpdater:10ec1051-6571-4c90-b3f9-a3c2840a089b:group-4886D9C4D5A9: set stopIndex = 0
2019-09-19 10:27:17,596 [ForkJoinPool.commonPool-worker-1] INFO  impl.RaftServerImpl (ServerState.java:close(394)) - 7e4b2fb6-17ca-4cf7-9c63-77c56d6e2e1f:group-AFD0634A818C closes. The last applied log index is 0
2019-09-19 10:27:17,597 [main] INFO  impl.RaftServerImpl (ServerState.java:close(394)) - 10ec1051-6571-4c90-b3f9-a3c2840a089b:group-4886D9C4D5A9 closes. The last applied log index is 0
2019-09-19 10:27:17,597 [7e4b2fb6-17ca-4cf7-9c63-77c56d6e2e1f-SegmentedRaftLogWorker:Storage Directory /workdir/hadoop-ozone/ozonefs/target/test-dir/MiniOzoneClusterImpl-c4ccaed8-e682-4870-947c-cf1864f77c00/datanode-4/data/ratis/f1cd38d9-ddc3-449c-b47d-afd0634a818c] INFO  segmented.SegmentedRaftLogWorker (SegmentedRaftLogWorker.java:run(313)) - 7e4b2fb6-17ca-4cf7-9c63-77c56d6e2e1f-SegmentedRaftLogWorker:Storage Directory /workdir/hadoop-ozone/ozonefs/target/test-dir/MiniOzoneClusterImpl-c4ccaed8-e682-4870-947c-cf1864f77c00/datanode-4/data/ratis/f1cd38d9-ddc3-449c-b47d-afd0634a818c was interrupted, exiting. There are 0 tasks remaining in the queue.
2019-09-19 10:27:17,597 [10ec1051-6571-4c90-b3f9-a3c2840a089b-SegmentedRaftLogWorker:Storage Directory /workdir/hadoop-ozone/ozonefs/target/test-dir/MiniOzoneClusterImpl-c4ccaed8-e682-4870-947c-cf1864f77c00/datanode-8/data/ratis/4a188eb1-51e4-4311-a5d7-4886d9c4d5a9] INFO  segmented.SegmentedRaftLogWorker (SegmentedRaftLogWorker.java:run(313)) - 10ec1051-6571-4c90-b3f9-a3c2840a089b-SegmentedRaftLogWorker:Storage Directory /workdir/hadoop-ozone/ozonefs/target/test-dir/MiniOzoneClusterImpl-c4ccaed8-e682-4870-947c-cf1864f77c00/datanode-8/data/ratis/4a188eb1-51e4-4311-a5d7-4886d9c4d5a9 was interrupted, exiting. There are 0 tasks remaining in the queue.
2019-09-19 10:27:17,597 [ForkJoinPool.commonPool-worker-1] INFO  segmented.SegmentedRaftLogWorker (SegmentedRaftLogWorker.java:close(228)) - 7e4b2fb6-17ca-4cf7-9c63-77c56d6e2e1f-SegmentedRaftLogWorker:Storage Directory /workdir/hadoop-ozone/ozonefs/target/test-dir/MiniOzoneClusterImpl-c4ccaed8-e682-4870-947c-cf1864f77c00/datanode-4/data/ratis/f1cd38d9-ddc3-449c-b47d-afd0634a818c close()
2019-09-19 10:27:17,598 [main] INFO  segmented.SegmentedRaftLogWorker (SegmentedRaftLogWorker.java:close(228)) - 10ec1051-6571-4c90-b3f9-a3c2840a089b-SegmentedRaftLogWorker:Storage Directory /workdir/hadoop-ozone/ozonefs/target/test-dir/MiniOzoneClusterImpl-c4ccaed8-e682-4870-947c-cf1864f77c00/datanode-8/data/ratis/4a188eb1-51e4-4311-a5d7-4886d9c4d5a9 close()
2019-09-19 10:27:17,598 [ForkJoinPool.commonPool-worker-1] INFO  impl.RaftServerImpl (RaftServerImpl.java:lambda$shutdown$3(245)) - 7e4b2fb6-17ca-4cf7-9c63-77c56d6e2e1f: shutdown group-166D5F82585E
2019-09-19 10:27:17,598 [main] INFO  impl.RaftServerImpl (RaftServerImpl.java:lambda$shutdown$3(245)) - 10ec1051-6571-4c90-b3f9-a3c2840a089b: shutdown group-08FF54B01145
2019-09-19 10:27:17,598 [ForkJoinPool.commonPool-worker-1] INFO  util.JmxRegister (JmxRegister.java:unregister(73)) - Successfully un-registered JMX Bean with object name Ratis:service=RaftServer,group=group-166D5F82585E,id=7e4b2fb6-17ca-4cf7-9c63-77c56d6e2e1f
2019-09-19 10:27:17,598 [main] INFO  util.JmxRegister (JmxRegister.java:unregister(73)) - Successfully un-registered JMX Bean with object name Ratis:service=RaftServer,group=group-08FF54B01145,id=10ec1051-6571-4c90-b3f9-a3c2840a089b
2019-09-19 10:27:17,599 [ForkJoinPool.commonPool-worker-1] INFO  impl.RoleInfo (RoleInfo.java:shutdownLeaderState(104)) - 7e4b2fb6-17ca-4cf7-9c63-77c56d6e2e1f: shutdown LeaderState
2019-09-19 10:27:17,599 [main] INFO  impl.RoleInfo (RoleInfo.java:shutdownLeaderState(104)) - 10ec1051-6571-4c90-b3f9-a3c2840a089b: shutdown LeaderState
2019-09-19 10:27:17,599 [ForkJoinPool.commonPool-worker-1] INFO  impl.PendingRequests (PendingRequests.java:sendNotLeaderResponses(202)) - 7e4b2fb6-17ca-4cf7-9c63-77c56d6e2e1f-PendingRequests: sendNotLeaderResponses
2019-09-19 10:27:17,599 [main] INFO  impl.PendingRequests (PendingRequests.java:sendNotLeaderResponses(202)) - 10ec1051-6571-4c90-b3f9-a3c2840a089b-PendingRequests: sendNotLeaderResponses
2019-09-19 10:27:17,600 [ForkJoinPool.commonPool-worker-1] INFO  impl.StateMachineUpdater (StateMachineUpdater.java:stopAndJoin(115)) - StateMachineUpdater:7e4b2fb6-17ca-4cf7-9c63-77c56d6e2e1f:group-166D5F82585E: set stopIndex = 0
2019-09-19 10:27:17,600 [main] INFO  impl.StateMachineUpdater (StateMachineUpdater.java:stopAndJoin(115)) - StateMachineUpdater:10ec1051-6571-4c90-b3f9-a3c2840a089b:group-08FF54B01145: set stopIndex = 0
2019-09-19 10:27:17,600 [ForkJoinPool.commonPool-worker-1] INFO  impl.RaftServerImpl (ServerState.java:close(394)) - 7e4b2fb6-17ca-4cf7-9c63-77c56d6e2e1f:group-166D5F82585E closes. The last applied log index is 0
2019-09-19 10:27:17,600 [main] INFO  impl.RaftServerImpl (ServerState.java:close(394)) - 10ec1051-6571-4c90-b3f9-a3c2840a089b:group-08FF54B01145 closes. The last applied log index is 0
2019-09-19 10:27:17,601 [7e4b2fb6-17ca-4cf7-9c63-77c56d6e2e1f-SegmentedRaftLogWorker:Storage Directory /workdir/hadoop-ozone/ozonefs/target/test-dir/MiniOzoneClusterImpl-c4ccaed8-e682-4870-947c-cf1864f77c00/datanode-4/data/ratis/434bd43a-eeb3-496b-b769-166d5f82585e] INFO  segmented.SegmentedRaftLogWorker (SegmentedRaftLogWorker.java:run(313)) - 7e4b2fb6-17ca-4cf7-9c63-77c56d6e2e1f-SegmentedRaftLogWorker:Storage Directory /workdir/hadoop-ozone/ozonefs/target/test-dir/MiniOzoneClusterImpl-c4ccaed8-e682-4870-947c-cf1864f77c00/datanode-4/data/ratis/434bd43a-eeb3-496b-b769-166d5f82585e was interrupted, exiting. There are 0 tasks remaining in the queue.
2019-09-19 10:27:17,601 [10ec1051-6571-4c90-b3f9-a3c2840a089b-SegmentedRaftLogWorker:Storage Directory /workdir/hadoop-ozone/ozonefs/target/test-dir/MiniOzoneClusterImpl-c4ccaed8-e682-4870-947c-cf1864f77c00/datanode-8/data/ratis/5b89c30b-508a-4cd9-9212-08ff54b01145] INFO  segmented.SegmentedRaftLogWorker (SegmentedRaftLogWorker.java:run(313)) - 10ec1051-6571-4c90-b3f9-a3c2840a089b-SegmentedRaftLogWorker:Storage Directory /workdir/hadoop-ozone/ozonefs/target/test-dir/MiniOzoneClusterImpl-c4ccaed8-e682-4870-947c-cf1864f77c00/datanode-8/data/ratis/5b89c30b-508a-4cd9-9212-08ff54b01145 was interrupted, exiting. There are 0 tasks remaining in the queue.
2019-09-19 10:27:17,601 [ForkJoinPool.commonPool-worker-1] INFO  segmented.SegmentedRaftLogWorker (SegmentedRaftLogWorker.java:close(228)) - 7e4b2fb6-17ca-4cf7-9c63-77c56d6e2e1f-SegmentedRaftLogWorker:Storage Directory /workdir/hadoop-ozone/ozonefs/target/test-dir/MiniOzoneClusterImpl-c4ccaed8-e682-4870-947c-cf1864f77c00/datanode-4/data/ratis/434bd43a-eeb3-496b-b769-166d5f82585e close()
2019-09-19 10:27:17,601 [main] INFO  segmented.SegmentedRaftLogWorker (SegmentedRaftLogWorker.java:close(228)) - 10ec1051-6571-4c90-b3f9-a3c2840a089b-SegmentedRaftLogWorker:Storage Directory /workdir/hadoop-ozone/ozonefs/target/test-dir/MiniOzoneClusterImpl-c4ccaed8-e682-4870-947c-cf1864f77c00/datanode-8/data/ratis/5b89c30b-508a-4cd9-9212-08ff54b01145 close()
2019-09-19 10:27:17,602 [ForkJoinPool.commonPool-worker-1] INFO  impl.RaftServerImpl (RaftServerImpl.java:lambda$shutdown$3(245)) - 7e4b2fb6-17ca-4cf7-9c63-77c56d6e2e1f: shutdown group-C93B882EE1E1
2019-09-19 10:27:17,602 [main] INFO  impl.RaftServerImpl (RaftServerImpl.java:lambda$shutdown$3(245)) - 10ec1051-6571-4c90-b3f9-a3c2840a089b: shutdown group-F6975F53A82B
2019-09-19 10:27:17,602 [ForkJoinPool.commonPool-worker-1] INFO  util.JmxRegister (JmxRegister.java:unregister(73)) - Successfully un-registered JMX Bean with object name Ratis:service=RaftServer,group=group-C93B882EE1E1,id=7e4b2fb6-17ca-4cf7-9c63-77c56d6e2e1f
2019-09-19 10:27:17,602 [main] INFO  util.JmxRegister (JmxRegister.java:unregister(73)) - Successfully un-registered JMX Bean with object name Ratis:service=RaftServer,group=group-F6975F53A82B,id=10ec1051-6571-4c90-b3f9-a3c2840a089b
2019-09-19 10:27:17,602 [ForkJoinPool.commonPool-worker-1] INFO  impl.RoleInfo (RoleInfo.java:shutdownLeaderState(104)) - 7e4b2fb6-17ca-4cf7-9c63-77c56d6e2e1f: shutdown LeaderState
2019-09-19 10:27:17,603 [main] INFO  impl.RoleInfo (RoleInfo.java:shutdownLeaderState(104)) - 10ec1051-6571-4c90-b3f9-a3c2840a089b: shutdown LeaderState
2019-09-19 10:27:17,603 [ForkJoinPool.commonPool-worker-1] INFO  impl.PendingRequests (PendingRequests.java:sendNotLeaderResponses(202)) - 7e4b2fb6-17ca-4cf7-9c63-77c56d6e2e1f-PendingRequests: sendNotLeaderResponses
2019-09-19 10:27:17,603 [main] INFO  impl.PendingRequests (PendingRequests.java:sendNotLeaderResponses(202)) - 10ec1051-6571-4c90-b3f9-a3c2840a089b-PendingRequests: sendNotLeaderResponses
2019-09-19 10:27:17,603 [ForkJoinPool.commonPool-worker-1] INFO  impl.StateMachineUpdater (StateMachineUpdater.java:stopAndJoin(115)) - StateMachineUpdater:7e4b2fb6-17ca-4cf7-9c63-77c56d6e2e1f:group-C93B882EE1E1: set stopIndex = 0
2019-09-19 10:27:17,604 [main] INFO  impl.StateMachineUpdater (StateMachineUpdater.java:stopAndJoin(115)) - StateMachineUpdater:10ec1051-6571-4c90-b3f9-a3c2840a089b:group-F6975F53A82B: set stopIndex = 0
2019-09-19 10:27:17,604 [ForkJoinPool.commonPool-worker-1] INFO  impl.RaftServerImpl (ServerState.java:close(394)) - 7e4b2fb6-17ca-4cf7-9c63-77c56d6e2e1f:group-C93B882EE1E1 closes. The last applied log index is 0
2019-09-19 10:27:17,604 [main] INFO  impl.RaftServerImpl (ServerState.java:close(394)) - 10ec1051-6571-4c90-b3f9-a3c2840a089b:group-F6975F53A82B closes. The last applied log index is 0
2019-09-19 10:27:17,604 [7e4b2fb6-17ca-4cf7-9c63-77c56d6e2e1f-SegmentedRaftLogWorker:Storage Directory /workdir/hadoop-ozone/ozonefs/target/test-dir/MiniOzoneClusterImpl-c4ccaed8-e682-4870-947c-cf1864f77c00/datanode-4/data/ratis/907d0a5a-66a6-4244-86a0-c93b882ee1e1] INFO  segmented.SegmentedRaftLogWorker (SegmentedRaftLogWorker.java:run(313)) - 7e4b2fb6-17ca-4cf7-9c63-77c56d6e2e1f-SegmentedRaftLogWorker:Storage Directory /workdir/hadoop-ozone/ozonefs/target/test-dir/MiniOzoneClusterImpl-c4ccaed8-e682-4870-947c-cf1864f77c00/datanode-4/data/ratis/907d0a5a-66a6-4244-86a0-c93b882ee1e1 was interrupted, exiting. There are 0 tasks remaining in the queue.
2019-09-19 10:27:17,604 [10ec1051-6571-4c90-b3f9-a3c2840a089b-SegmentedRaftLogWorker:Storage Directory /workdir/hadoop-ozone/ozonefs/target/test-dir/MiniOzoneClusterImpl-c4ccaed8-e682-4870-947c-cf1864f77c00/datanode-8/data/ratis/96a03fcc-42a4-4f45-84a8-f6975f53a82b] INFO  segmented.SegmentedRaftLogWorker (SegmentedRaftLogWorker.java:run(313)) - 10ec1051-6571-4c90-b3f9-a3c2840a089b-SegmentedRaftLogWorker:Storage Directory /workdir/hadoop-ozone/ozonefs/target/test-dir/MiniOzoneClusterImpl-c4ccaed8-e682-4870-947c-cf1864f77c00/datanode-8/data/ratis/96a03fcc-42a4-4f45-84a8-f6975f53a82b was interrupted, exiting. There are 0 tasks remaining in the queue.
2019-09-19 10:27:17,605 [ForkJoinPool.commonPool-worker-1] INFO  segmented.SegmentedRaftLogWorker (SegmentedRaftLogWorker.java:close(228)) - 7e4b2fb6-17ca-4cf7-9c63-77c56d6e2e1f-SegmentedRaftLogWorker:Storage Directory /workdir/hadoop-ozone/ozonefs/target/test-dir/MiniOzoneClusterImpl-c4ccaed8-e682-4870-947c-cf1864f77c00/datanode-4/data/ratis/907d0a5a-66a6-4244-86a0-c93b882ee1e1 close()
2019-09-19 10:27:17,605 [main] INFO  segmented.SegmentedRaftLogWorker (SegmentedRaftLogWorker.java:close(228)) - 10ec1051-6571-4c90-b3f9-a3c2840a089b-SegmentedRaftLogWorker:Storage Directory /workdir/hadoop-ozone/ozonefs/target/test-dir/MiniOzoneClusterImpl-c4ccaed8-e682-4870-947c-cf1864f77c00/datanode-8/data/ratis/96a03fcc-42a4-4f45-84a8-f6975f53a82b close()
2019-09-19 10:27:17,605 [ForkJoinPool.commonPool-worker-1] INFO  impl.RaftServerImpl (RaftServerImpl.java:lambda$shutdown$3(245)) - 7e4b2fb6-17ca-4cf7-9c63-77c56d6e2e1f: shutdown group-4CF7D01FC611
2019-09-19 10:27:17,605 [main] INFO  impl.RaftServerImpl (RaftServerImpl.java:lambda$shutdown$3(245)) - 10ec1051-6571-4c90-b3f9-a3c2840a089b: shutdown group-0B672481981A
2019-09-19 10:27:17,605 [ForkJoinPool.commonPool-worker-1] INFO  util.JmxRegister (JmxRegister.java:unregister(73)) - Successfully un-registered JMX Bean with object name Ratis:service=RaftServer,group=group-4CF7D01FC611,id=7e4b2fb6-17ca-4cf7-9c63-77c56d6e2e1f
2019-09-19 10:27:17,606 [main] INFO  util.JmxRegister (JmxRegister.java:unregister(73)) - Successfully un-registered JMX Bean with object name Ratis:service=RaftServer,group=group-0B672481981A,id=10ec1051-6571-4c90-b3f9-a3c2840a089b
2019-09-19 10:27:17,606 [ForkJoinPool.commonPool-worker-1] INFO  impl.RoleInfo (RoleInfo.java:shutdownLeaderState(104)) - 7e4b2fb6-17ca-4cf7-9c63-77c56d6e2e1f: shutdown LeaderState
2019-09-19 10:27:17,606 [main] INFO  impl.RoleInfo (RoleInfo.java:shutdownLeaderState(104)) - 10ec1051-6571-4c90-b3f9-a3c2840a089b: shutdown LeaderState
2019-09-19 10:27:17,606 [ForkJoinPool.commonPool-worker-1] INFO  impl.PendingRequests (PendingRequests.java:sendNotLeaderResponses(202)) - 7e4b2fb6-17ca-4cf7-9c63-77c56d6e2e1f-PendingRequests: sendNotLeaderResponses
2019-09-19 10:27:17,606 [main] INFO  impl.PendingRequests (PendingRequests.java:sendNotLeaderResponses(202)) - 10ec1051-6571-4c90-b3f9-a3c2840a089b-PendingRequests: sendNotLeaderResponses
2019-09-19 10:27:17,607 [ForkJoinPool.commonPool-worker-1] INFO  impl.StateMachineUpdater (StateMachineUpdater.java:stopAndJoin(115)) - StateMachineUpdater:7e4b2fb6-17ca-4cf7-9c63-77c56d6e2e1f:group-4CF7D01FC611: set stopIndex = 0
2019-09-19 10:27:17,607 [main] INFO  impl.StateMachineUpdater (StateMachineUpdater.java:stopAndJoin(115)) - StateMachineUpdater:10ec1051-6571-4c90-b3f9-a3c2840a089b:group-0B672481981A: set stopIndex = 0
2019-09-19 10:27:17,607 [ForkJoinPool.commonPool-worker-1] INFO  impl.RaftServerImpl (ServerState.java:close(394)) - 7e4b2fb6-17ca-4cf7-9c63-77c56d6e2e1f:group-4CF7D01FC611 closes. The last applied log index is 0
2019-09-19 10:27:17,607 [main] INFO  impl.RaftServerImpl (ServerState.java:close(394)) - 10ec1051-6571-4c90-b3f9-a3c2840a089b:group-0B672481981A closes. The last applied log index is 0
2019-09-19 10:27:17,608 [7e4b2fb6-17ca-4cf7-9c63-77c56d6e2e1f-SegmentedRaftLogWorker:Storage Directory /workdir/hadoop-ozone/ozonefs/target/test-dir/MiniOzoneClusterImpl-c4ccaed8-e682-4870-947c-cf1864f77c00/datanode-4/data/ratis/119d73e1-581f-412b-9c43-4cf7d01fc611] INFO  segmented.SegmentedRaftLogWorker (SegmentedRaftLogWorker.java:run(313)) - 7e4b2fb6-17ca-4cf7-9c63-77c56d6e2e1f-SegmentedRaftLogWorker:Storage Directory /workdir/hadoop-ozone/ozonefs/target/test-dir/MiniOzoneClusterImpl-c4ccaed8-e682-4870-947c-cf1864f77c00/datanode-4/data/ratis/119d73e1-581f-412b-9c43-4cf7d01fc611 was interrupted, exiting. There are 0 tasks remaining in the queue.
2019-09-19 10:27:17,608 [10ec1051-6571-4c90-b3f9-a3c2840a089b-SegmentedRaftLogWorker:Storage Directory /workdir/hadoop-ozone/ozonefs/target/test-dir/MiniOzoneClusterImpl-c4ccaed8-e682-4870-947c-cf1864f77c00/datanode-8/data/ratis/1ffeaf56-feac-4f74-8d82-0b672481981a] INFO  segmented.SegmentedRaftLogWorker (SegmentedRaftLogWorker.java:run(313)) - 10ec1051-6571-4c90-b3f9-a3c2840a089b-SegmentedRaftLogWorker:Storage Directory /workdir/hadoop-ozone/ozonefs/target/test-dir/MiniOzoneClusterImpl-c4ccaed8-e682-4870-947c-cf1864f77c00/datanode-8/data/ratis/1ffeaf56-feac-4f74-8d82-0b672481981a was interrupted, exiting. There are 0 tasks remaining in the queue.
2019-09-19 10:27:17,608 [ForkJoinPool.commonPool-worker-1] INFO  segmented.SegmentedRaftLogWorker (SegmentedRaftLogWorker.java:close(228)) - 7e4b2fb6-17ca-4cf7-9c63-77c56d6e2e1f-SegmentedRaftLogWorker:Storage Directory /workdir/hadoop-ozone/ozonefs/target/test-dir/MiniOzoneClusterImpl-c4ccaed8-e682-4870-947c-cf1864f77c00/datanode-4/data/ratis/119d73e1-581f-412b-9c43-4cf7d01fc611 close()
2019-09-19 10:27:17,608 [main] INFO  segmented.SegmentedRaftLogWorker (SegmentedRaftLogWorker.java:close(228)) - 10ec1051-6571-4c90-b3f9-a3c2840a089b-SegmentedRaftLogWorker:Storage Directory /workdir/hadoop-ozone/ozonefs/target/test-dir/MiniOzoneClusterImpl-c4ccaed8-e682-4870-947c-cf1864f77c00/datanode-8/data/ratis/1ffeaf56-feac-4f74-8d82-0b672481981a close()
2019-09-19 10:27:17,609 [ForkJoinPool.commonPool-worker-1] INFO  server.GrpcService (GrpcService.java:closeImpl(155)) - 7e4b2fb6-17ca-4cf7-9c63-77c56d6e2e1f: shutdown server with port 45021 now
2019-09-19 10:27:17,609 [main] INFO  server.GrpcService (GrpcService.java:closeImpl(155)) - 10ec1051-6571-4c90-b3f9-a3c2840a089b: shutdown server with port 40066 now
2019-09-19 10:27:17,612 [ForkJoinPool.commonPool-worker-1] INFO  server.GrpcService (GrpcService.java:closeImpl(163)) - 7e4b2fb6-17ca-4cf7-9c63-77c56d6e2e1f: shutdown server with port 45021 successfully
2019-09-19 10:27:17,613 [main] INFO  server.GrpcService (GrpcService.java:closeImpl(163)) - 10ec1051-6571-4c90-b3f9-a3c2840a089b: shutdown server with port 40066 successfully
2019-09-19 10:27:17,616 [main] INFO  utils.BackgroundService (BackgroundService.java:shutdown(148)) - Shutting down service BlockDeletingService
2019-09-19 10:27:17,618 [refreshUsed-/workdir/hadoop-ozone/ozonefs/target/test-dir/MiniOzoneClusterImpl-c4ccaed8-e682-4870-947c-cf1864f77c00/datanode-8/data/containers] WARN  fs.CachingGetSpaceUsed (CachingGetSpaceUsed.java:run(183)) - Thread Interrupted waiting to refresh disk information: sleep interrupted
2019-09-19 10:27:17,623 [ForkJoinPool.commonPool-worker-1] INFO  utils.BackgroundService (BackgroundService.java:shutdown(148)) - Shutting down service BlockDeletingService
2019-09-19 10:27:17,624 [refreshUsed-/workdir/hadoop-ozone/ozonefs/target/test-dir/MiniOzoneClusterImpl-c4ccaed8-e682-4870-947c-cf1864f77c00/datanode-4/data/containers] WARN  fs.CachingGetSpaceUsed (CachingGetSpaceUsed.java:run(183)) - Thread Interrupted waiting to refresh disk information: sleep interrupted
2019-09-19 10:27:17,649 [main] INFO  statemachine.DatanodeStateMachine (DatanodeStateMachine.java:stopDaemon(395)) - Ozone container server stopped.
2019-09-19 10:27:17,650 [main] INFO  handler.ContextHandler (ContextHandler.java:doStop(910)) - Stopped o.e.j.w.WebAppContext@79cdf2d4{/,null,UNAVAILABLE}{/hddsDatanode}
2019-09-19 10:27:17,651 [main] INFO  server.AbstractConnector (AbstractConnector.java:doStop(318)) - Stopped ServerConnector@8851ec{HTTP/1.1,[http/1.1]}{0.0.0.0:0}
2019-09-19 10:27:17,651 [main] INFO  handler.ContextHandler (ContextHandler.java:doStop(910)) - Stopped o.e.j.s.ServletContextHandler@481ed95c{/static,jar:file:/home/user/.m2/repository/org/apache/hadoop/hadoop-hdds-container-service/0.5.0-SNAPSHOT/hadoop-hdds-container-service-0.5.0-SNAPSHOT.jar!/webapps/static,UNAVAILABLE}
2019-09-19 10:27:17,651 [main] INFO  handler.ContextHandler (ContextHandler.java:doStop(910)) - Stopped o.e.j.s.ServletContextHandler@1752e45c{/logs,file:///workdir/hadoop-ozone/ozonefs/target/log,UNAVAILABLE}
2019-09-19 10:27:17,652 [main] INFO  datanode.ObjectStoreHandler (ObjectStoreHandler.java:close(155)) - Closing ObjectStoreHandler.
2019-09-19 10:27:17,653 [main] INFO  ozone.HddsDatanodeService (HddsDatanodeService.java:stop(451)) - Stopped plug-in org.apache.hadoop.ozone.web.OzoneHddsDatanodeService@37806be6
2019-09-19 10:27:17,661 [ForkJoinPool.commonPool-worker-1] INFO  statemachine.DatanodeStateMachine (DatanodeStateMachine.java:stopDaemon(395)) - Ozone container server stopped.
2019-09-19 10:27:17,666 [ForkJoinPool.commonPool-worker-1] INFO  handler.ContextHandler (ContextHandler.java:doStop(910)) - Stopped o.e.j.w.WebAppContext@2616b618{/,null,UNAVAILABLE}{/hddsDatanode}
2019-09-19 10:27:17,667 [ForkJoinPool.commonPool-worker-1] INFO  server.AbstractConnector (AbstractConnector.java:doStop(318)) - Stopped ServerConnector@73bb573d{HTTP/1.1,[http/1.1]}{0.0.0.0:0}
2019-09-19 10:27:17,668 [ForkJoinPool.commonPool-worker-1] INFO  handler.ContextHandler (ContextHandler.java:doStop(910)) - Stopped o.e.j.s.ServletContextHandler@7a3f08b6{/static,jar:file:/home/user/.m2/repository/org/apache/hadoop/hadoop-hdds-container-service/0.5.0-SNAPSHOT/hadoop-hdds-container-service-0.5.0-SNAPSHOT.jar!/webapps/static,UNAVAILABLE}
2019-09-19 10:27:17,670 [ForkJoinPool.commonPool-worker-1] INFO  handler.ContextHandler (ContextHandler.java:doStop(910)) - Stopped o.e.j.s.ServletContextHandler@77c66a4f{/logs,file:///workdir/hadoop-ozone/ozonefs/target/log,UNAVAILABLE}
2019-09-19 10:27:17,671 [ForkJoinPool.commonPool-worker-1] INFO  datanode.ObjectStoreHandler (ObjectStoreHandler.java:close(155)) - Closing ObjectStoreHandler.
2019-09-19 10:27:17,672 [ForkJoinPool.commonPool-worker-1] INFO  ozone.HddsDatanodeService (HddsDatanodeService.java:stop(451)) - Stopped plug-in org.apache.hadoop.ozone.web.OzoneHddsDatanodeService@b14b60a
2019-09-19 10:27:18,548 [Datanode State Machine Thread - 0] INFO  statemachine.DatanodeStateMachine (DatanodeStateMachine.java:lambda$startDaemon$0(350)) - Ozone container server started.
2019-09-19 10:27:18,549 [Datanode State Machine Thread - 0] INFO  statemachine.DatanodeStateMachine (DatanodeStateMachine.java:lambda$startDaemon$0(350)) - Ozone container server started.
2019-09-19 10:27:18,550 | INFO  | SCMAudit | user=jenkins1000 | ip=192.168.157.204 | op=SEND_HEARTBEAT {datanodeUUID=df1b99cc-36f2-45b6-8e95-51c50e156f0b, command=[]} | ret=SUCCESS |  
2019-09-19 10:27:18,551 | INFO  | SCMAudit | user=jenkins1000 | ip=192.168.157.204 | op=SEND_HEARTBEAT {datanodeUUID=c972e26d-e03f-48a1-a9e9-2dea9337c66d, command=[]} | ret=SUCCESS |  
2019-09-19 10:27:19,549 | INFO  | SCMAudit | user=jenkins1000 | ip=192.168.157.204 | op=SEND_HEARTBEAT {datanodeUUID=df1b99cc-36f2-45b6-8e95-51c50e156f0b, command=[]} | ret=SUCCESS |  
2019-09-19 10:27:19,551 | INFO  | SCMAudit | user=jenkins1000 | ip=192.168.157.204 | op=SEND_HEARTBEAT {datanodeUUID=c972e26d-e03f-48a1-a9e9-2dea9337c66d, command=[]} | ret=SUCCESS |  
2019-09-19 10:27:20,549 | INFO  | SCMAudit | user=jenkins1000 | ip=192.168.157.204 | op=SEND_HEARTBEAT {datanodeUUID=df1b99cc-36f2-45b6-8e95-51c50e156f0b, command=[]} | ret=SUCCESS |  
2019-09-19 10:27:20,552 | INFO  | SCMAudit | user=jenkins1000 | ip=192.168.157.204 | op=SEND_HEARTBEAT {datanodeUUID=c972e26d-e03f-48a1-a9e9-2dea9337c66d, command=[]} | ret=SUCCESS |  
2019-09-19 10:27:21,549 | INFO  | SCMAudit | user=jenkins1000 | ip=192.168.157.204 | op=SEND_HEARTBEAT {datanodeUUID=df1b99cc-36f2-45b6-8e95-51c50e156f0b, command=[]} | ret=SUCCESS |  
2019-09-19 10:27:21,551 | INFO  | SCMAudit | user=jenkins1000 | ip=192.168.157.204 | op=SEND_HEARTBEAT {datanodeUUID=c972e26d-e03f-48a1-a9e9-2dea9337c66d, command=[]} | ret=SUCCESS |  
2019-09-19 10:27:22,549 | INFO  | SCMAudit | user=jenkins1000 | ip=192.168.157.204 | op=SEND_HEARTBEAT {datanodeUUID=df1b99cc-36f2-45b6-8e95-51c50e156f0b, command=[]} | ret=SUCCESS |  
2019-09-19 10:27:22,551 | INFO  | SCMAudit | user=jenkins1000 | ip=192.168.157.204 | op=SEND_HEARTBEAT {datanodeUUID=c972e26d-e03f-48a1-a9e9-2dea9337c66d, command=[]} | ret=SUCCESS |  
2019-09-19 10:27:22,653 [main] INFO  ozoneimpl.OzoneContainer (OzoneContainer.java:stop(199)) - Attempting to stop container services.
2019-09-19 10:27:22,654 [main] INFO  impl.RaftServerProxy (RaftServerProxy.java:lambda$close$4(314)) - 39513c05-534c-4cc1-a39c-034925eb3fe7: close
2019-09-19 10:27:22,655 [main] INFO  impl.RaftServerImpl (RaftServerImpl.java:lambda$shutdown$3(245)) - 39513c05-534c-4cc1-a39c-034925eb3fe7: shutdown group-11DE6D68F523
2019-09-19 10:27:22,655 [main] INFO  util.JmxRegister (JmxRegister.java:unregister(73)) - Successfully un-registered JMX Bean with object name Ratis:service=RaftServer,group=group-11DE6D68F523,id=39513c05-534c-4cc1-a39c-034925eb3fe7
2019-09-19 10:27:22,655 [main] INFO  impl.RoleInfo (RoleInfo.java:shutdownLeaderState(104)) - 39513c05-534c-4cc1-a39c-034925eb3fe7: shutdown LeaderState
2019-09-19 10:27:22,656 [main] INFO  impl.PendingRequests (PendingRequests.java:sendNotLeaderResponses(202)) - 39513c05-534c-4cc1-a39c-034925eb3fe7-PendingRequests: sendNotLeaderResponses
2019-09-19 10:27:22,656 [main] INFO  impl.StateMachineUpdater (StateMachineUpdater.java:stopAndJoin(115)) - StateMachineUpdater:39513c05-534c-4cc1-a39c-034925eb3fe7:group-11DE6D68F523: set stopIndex = 0
2019-09-19 10:27:22,657 [main] INFO  impl.RaftServerImpl (ServerState.java:close(394)) - 39513c05-534c-4cc1-a39c-034925eb3fe7:group-11DE6D68F523 closes. The last applied log index is 0
2019-09-19 10:27:22,659 [39513c05-534c-4cc1-a39c-034925eb3fe7-SegmentedRaftLogWorker:Storage Directory /workdir/hadoop-ozone/ozonefs/target/test-dir/MiniOzoneClusterImpl-c4ccaed8-e682-4870-947c-cf1864f77c00/datanode-9/data/ratis/dc2d5dc9-4701-4979-97a8-11de6d68f523] INFO  segmented.SegmentedRaftLogWorker (SegmentedRaftLogWorker.java:run(313)) - 39513c05-534c-4cc1-a39c-034925eb3fe7-SegmentedRaftLogWorker:Storage Directory /workdir/hadoop-ozone/ozonefs/target/test-dir/MiniOzoneClusterImpl-c4ccaed8-e682-4870-947c-cf1864f77c00/datanode-9/data/ratis/dc2d5dc9-4701-4979-97a8-11de6d68f523 was interrupted, exiting. There are 0 tasks remaining in the queue.
2019-09-19 10:27:22,659 [main] INFO  segmented.SegmentedRaftLogWorker (SegmentedRaftLogWorker.java:close(228)) - 39513c05-534c-4cc1-a39c-034925eb3fe7-SegmentedRaftLogWorker:Storage Directory /workdir/hadoop-ozone/ozonefs/target/test-dir/MiniOzoneClusterImpl-c4ccaed8-e682-4870-947c-cf1864f77c00/datanode-9/data/ratis/dc2d5dc9-4701-4979-97a8-11de6d68f523 close()
2019-09-19 10:27:22,660 [main] INFO  impl.RaftServerImpl (RaftServerImpl.java:lambda$shutdown$3(245)) - 39513c05-534c-4cc1-a39c-034925eb3fe7: shutdown group-1E94FDA56F5A
2019-09-19 10:27:22,660 [main] INFO  util.JmxRegister (JmxRegister.java:unregister(73)) - Successfully un-registered JMX Bean with object name Ratis:service=RaftServer,group=group-1E94FDA56F5A,id=39513c05-534c-4cc1-a39c-034925eb3fe7
2019-09-19 10:27:22,661 [main] INFO  impl.RoleInfo (RoleInfo.java:shutdownLeaderState(104)) - 39513c05-534c-4cc1-a39c-034925eb3fe7: shutdown LeaderState
2019-09-19 10:27:22,661 [main] INFO  impl.PendingRequests (PendingRequests.java:sendNotLeaderResponses(202)) - 39513c05-534c-4cc1-a39c-034925eb3fe7-PendingRequests: sendNotLeaderResponses
2019-09-19 10:27:22,662 [main] INFO  impl.StateMachineUpdater (StateMachineUpdater.java:stopAndJoin(115)) - StateMachineUpdater:39513c05-534c-4cc1-a39c-034925eb3fe7:group-1E94FDA56F5A: set stopIndex = 0
2019-09-19 10:27:22,662 [main] INFO  impl.RaftServerImpl (ServerState.java:close(394)) - 39513c05-534c-4cc1-a39c-034925eb3fe7:group-1E94FDA56F5A closes. The last applied log index is 0
2019-09-19 10:27:22,663 [39513c05-534c-4cc1-a39c-034925eb3fe7-SegmentedRaftLogWorker:Storage Directory /workdir/hadoop-ozone/ozonefs/target/test-dir/MiniOzoneClusterImpl-c4ccaed8-e682-4870-947c-cf1864f77c00/datanode-9/data/ratis/87f04d65-297a-43f8-8f9e-1e94fda56f5a] INFO  segmented.SegmentedRaftLogWorker (SegmentedRaftLogWorker.java:run(313)) - 39513c05-534c-4cc1-a39c-034925eb3fe7-SegmentedRaftLogWorker:Storage Directory /workdir/hadoop-ozone/ozonefs/target/test-dir/MiniOzoneClusterImpl-c4ccaed8-e682-4870-947c-cf1864f77c00/datanode-9/data/ratis/87f04d65-297a-43f8-8f9e-1e94fda56f5a was interrupted, exiting. There are 0 tasks remaining in the queue.
2019-09-19 10:27:22,663 [main] INFO  segmented.SegmentedRaftLogWorker (SegmentedRaftLogWorker.java:close(228)) - 39513c05-534c-4cc1-a39c-034925eb3fe7-SegmentedRaftLogWorker:Storage Directory /workdir/hadoop-ozone/ozonefs/target/test-dir/MiniOzoneClusterImpl-c4ccaed8-e682-4870-947c-cf1864f77c00/datanode-9/data/ratis/87f04d65-297a-43f8-8f9e-1e94fda56f5a close()
2019-09-19 10:27:22,663 [main] INFO  impl.RaftServerImpl (RaftServerImpl.java:lambda$shutdown$3(245)) - 39513c05-534c-4cc1-a39c-034925eb3fe7: shutdown group-804E09E8EC8A
2019-09-19 10:27:22,664 [main] INFO  util.JmxRegister (JmxRegister.java:unregister(73)) - Successfully un-registered JMX Bean with object name Ratis:service=RaftServer,group=group-804E09E8EC8A,id=39513c05-534c-4cc1-a39c-034925eb3fe7
2019-09-19 10:27:22,664 [main] INFO  impl.RoleInfo (RoleInfo.java:shutdownLeaderState(104)) - 39513c05-534c-4cc1-a39c-034925eb3fe7: shutdown LeaderState
2019-09-19 10:27:22,664 [main] INFO  impl.PendingRequests (PendingRequests.java:sendNotLeaderResponses(202)) - 39513c05-534c-4cc1-a39c-034925eb3fe7-PendingRequests: sendNotLeaderResponses
2019-09-19 10:27:22,665 [main] INFO  impl.StateMachineUpdater (StateMachineUpdater.java:stopAndJoin(115)) - StateMachineUpdater:39513c05-534c-4cc1-a39c-034925eb3fe7:group-804E09E8EC8A: set stopIndex = 0
2019-09-19 10:27:22,665 [main] INFO  impl.RaftServerImpl (ServerState.java:close(394)) - 39513c05-534c-4cc1-a39c-034925eb3fe7:group-804E09E8EC8A closes. The last applied log index is 0
2019-09-19 10:27:22,666 [39513c05-534c-4cc1-a39c-034925eb3fe7-SegmentedRaftLogWorker:Storage Directory /workdir/hadoop-ozone/ozonefs/target/test-dir/MiniOzoneClusterImpl-c4ccaed8-e682-4870-947c-cf1864f77c00/datanode-9/data/ratis/ceb512e5-ac14-414a-8fcb-804e09e8ec8a] INFO  segmented.SegmentedRaftLogWorker (SegmentedRaftLogWorker.java:run(313)) - 39513c05-534c-4cc1-a39c-034925eb3fe7-SegmentedRaftLogWorker:Storage Directory /workdir/hadoop-ozone/ozonefs/target/test-dir/MiniOzoneClusterImpl-c4ccaed8-e682-4870-947c-cf1864f77c00/datanode-9/data/ratis/ceb512e5-ac14-414a-8fcb-804e09e8ec8a was interrupted, exiting. There are 0 tasks remaining in the queue.
2019-09-19 10:27:22,666 [main] INFO  segmented.SegmentedRaftLogWorker (SegmentedRaftLogWorker.java:close(228)) - 39513c05-534c-4cc1-a39c-034925eb3fe7-SegmentedRaftLogWorker:Storage Directory /workdir/hadoop-ozone/ozonefs/target/test-dir/MiniOzoneClusterImpl-c4ccaed8-e682-4870-947c-cf1864f77c00/datanode-9/data/ratis/ceb512e5-ac14-414a-8fcb-804e09e8ec8a close()
2019-09-19 10:27:22,666 [main] INFO  impl.RaftServerImpl (RaftServerImpl.java:lambda$shutdown$3(245)) - 39513c05-534c-4cc1-a39c-034925eb3fe7: shutdown group-7648927289B5
2019-09-19 10:27:22,667 [main] INFO  util.JmxRegister (JmxRegister.java:unregister(73)) - Successfully un-registered JMX Bean with object name Ratis:service=RaftServer,group=group-7648927289B5,id=39513c05-534c-4cc1-a39c-034925eb3fe7
2019-09-19 10:27:22,667 [main] INFO  impl.RoleInfo (RoleInfo.java:shutdownLeaderState(104)) - 39513c05-534c-4cc1-a39c-034925eb3fe7: shutdown LeaderState
2019-09-19 10:27:22,667 [main] INFO  impl.PendingRequests (PendingRequests.java:sendNotLeaderResponses(202)) - 39513c05-534c-4cc1-a39c-034925eb3fe7-PendingRequests: sendNotLeaderResponses
2019-09-19 10:27:22,668 [main] INFO  impl.StateMachineUpdater (StateMachineUpdater.java:stopAndJoin(115)) - StateMachineUpdater:39513c05-534c-4cc1-a39c-034925eb3fe7:group-7648927289B5: set stopIndex = 0
2019-09-19 10:27:22,668 [main] INFO  impl.RaftServerImpl (ServerState.java:close(394)) - 39513c05-534c-4cc1-a39c-034925eb3fe7:group-7648927289B5 closes. The last applied log index is 0
2019-09-19 10:27:22,668 [39513c05-534c-4cc1-a39c-034925eb3fe7-SegmentedRaftLogWorker:Storage Directory /workdir/hadoop-ozone/ozonefs/target/test-dir/MiniOzoneClusterImpl-c4ccaed8-e682-4870-947c-cf1864f77c00/datanode-9/data/ratis/a8c4905b-6873-4ead-8977-7648927289b5] INFO  segmented.SegmentedRaftLogWorker (SegmentedRaftLogWorker.java:run(313)) - 39513c05-534c-4cc1-a39c-034925eb3fe7-SegmentedRaftLogWorker:Storage Directory /workdir/hadoop-ozone/ozonefs/target/test-dir/MiniOzoneClusterImpl-c4ccaed8-e682-4870-947c-cf1864f77c00/datanode-9/data/ratis/a8c4905b-6873-4ead-8977-7648927289b5 was interrupted, exiting. There are 0 tasks remaining in the queue.
2019-09-19 10:27:22,669 [main] INFO  segmented.SegmentedRaftLogWorker (SegmentedRaftLogWorker.java:close(228)) - 39513c05-534c-4cc1-a39c-034925eb3fe7-SegmentedRaftLogWorker:Storage Directory /workdir/hadoop-ozone/ozonefs/target/test-dir/MiniOzoneClusterImpl-c4ccaed8-e682-4870-947c-cf1864f77c00/datanode-9/data/ratis/a8c4905b-6873-4ead-8977-7648927289b5 close()
2019-09-19 10:27:22,669 [main] INFO  impl.RaftServerImpl (RaftServerImpl.java:lambda$shutdown$3(245)) - 39513c05-534c-4cc1-a39c-034925eb3fe7: shutdown group-6F0DF6FC0DED
2019-09-19 10:27:22,669 [main] INFO  util.JmxRegister (JmxRegister.java:unregister(73)) - Successfully un-registered JMX Bean with object name Ratis:service=RaftServer,group=group-6F0DF6FC0DED,id=39513c05-534c-4cc1-a39c-034925eb3fe7
2019-09-19 10:27:22,670 [main] INFO  impl.RoleInfo (RoleInfo.java:shutdownLeaderState(104)) - 39513c05-534c-4cc1-a39c-034925eb3fe7: shutdown LeaderState
2019-09-19 10:27:22,670 [main] INFO  impl.PendingRequests (PendingRequests.java:sendNotLeaderResponses(202)) - 39513c05-534c-4cc1-a39c-034925eb3fe7-PendingRequests: sendNotLeaderResponses
2019-09-19 10:27:22,670 [main] INFO  impl.StateMachineUpdater (StateMachineUpdater.java:stopAndJoin(115)) - StateMachineUpdater:39513c05-534c-4cc1-a39c-034925eb3fe7:group-6F0DF6FC0DED: set stopIndex = 0
2019-09-19 10:27:22,671 [main] INFO  impl.RaftServerImpl (ServerState.java:close(394)) - 39513c05-534c-4cc1-a39c-034925eb3fe7:group-6F0DF6FC0DED closes. The last applied log index is 0
2019-09-19 10:27:22,671 [39513c05-534c-4cc1-a39c-034925eb3fe7-SegmentedRaftLogWorker:Storage Directory /workdir/hadoop-ozone/ozonefs/target/test-dir/MiniOzoneClusterImpl-c4ccaed8-e682-4870-947c-cf1864f77c00/datanode-9/data/ratis/4db7a9b1-d74f-4d3f-82f4-6f0df6fc0ded] INFO  segmented.SegmentedRaftLogWorker (SegmentedRaftLogWorker.java:run(313)) - 39513c05-534c-4cc1-a39c-034925eb3fe7-SegmentedRaftLogWorker:Storage Directory /workdir/hadoop-ozone/ozonefs/target/test-dir/MiniOzoneClusterImpl-c4ccaed8-e682-4870-947c-cf1864f77c00/datanode-9/data/ratis/4db7a9b1-d74f-4d3f-82f4-6f0df6fc0ded was interrupted, exiting. There are 0 tasks remaining in the queue.
2019-09-19 10:27:22,671 [main] INFO  segmented.SegmentedRaftLogWorker (SegmentedRaftLogWorker.java:close(228)) - 39513c05-534c-4cc1-a39c-034925eb3fe7-SegmentedRaftLogWorker:Storage Directory /workdir/hadoop-ozone/ozonefs/target/test-dir/MiniOzoneClusterImpl-c4ccaed8-e682-4870-947c-cf1864f77c00/datanode-9/data/ratis/4db7a9b1-d74f-4d3f-82f4-6f0df6fc0ded close()
2019-09-19 10:27:22,671 [main] INFO  impl.RaftServerImpl (RaftServerImpl.java:lambda$shutdown$3(245)) - 39513c05-534c-4cc1-a39c-034925eb3fe7: shutdown group-EC166159EB9F
2019-09-19 10:27:22,672 [main] INFO  util.JmxRegister (JmxRegister.java:unregister(73)) - Successfully un-registered JMX Bean with object name Ratis:service=RaftServer,group=group-EC166159EB9F,id=39513c05-534c-4cc1-a39c-034925eb3fe7
2019-09-19 10:27:22,672 [main] INFO  impl.RoleInfo (RoleInfo.java:shutdownLeaderState(104)) - 39513c05-534c-4cc1-a39c-034925eb3fe7: shutdown LeaderState
2019-09-19 10:27:22,672 [main] INFO  impl.PendingRequests (PendingRequests.java:sendNotLeaderResponses(202)) - 39513c05-534c-4cc1-a39c-034925eb3fe7-PendingRequests: sendNotLeaderResponses
2019-09-19 10:27:22,673 [main] INFO  impl.StateMachineUpdater (StateMachineUpdater.java:stopAndJoin(115)) - StateMachineUpdater:39513c05-534c-4cc1-a39c-034925eb3fe7:group-EC166159EB9F: set stopIndex = 0
2019-09-19 10:27:22,673 [ForkJoinPool.commonPool-worker-1] INFO  ozoneimpl.OzoneContainer (OzoneContainer.java:stop(199)) - Attempting to stop container services.
2019-09-19 10:27:22,673 [main] INFO  impl.RaftServerImpl (ServerState.java:close(394)) - 39513c05-534c-4cc1-a39c-034925eb3fe7:group-EC166159EB9F closes. The last applied log index is 0
2019-09-19 10:27:22,673 [ForkJoinPool.commonPool-worker-1] INFO  impl.RaftServerProxy (RaftServerProxy.java:lambda$close$4(314)) - f4f61464-0bdf-492b-ac84-d659f01f9139: close
2019-09-19 10:27:22,674 [39513c05-534c-4cc1-a39c-034925eb3fe7-SegmentedRaftLogWorker:Storage Directory /workdir/hadoop-ozone/ozonefs/target/test-dir/MiniOzoneClusterImpl-c4ccaed8-e682-4870-947c-cf1864f77c00/datanode-9/data/ratis/cf02eac7-d14b-4119-a738-ec166159eb9f] INFO  segmented.SegmentedRaftLogWorker (SegmentedRaftLogWorker.java:run(313)) - 39513c05-534c-4cc1-a39c-034925eb3fe7-SegmentedRaftLogWorker:Storage Directory /workdir/hadoop-ozone/ozonefs/target/test-dir/MiniOzoneClusterImpl-c4ccaed8-e682-4870-947c-cf1864f77c00/datanode-9/data/ratis/cf02eac7-d14b-4119-a738-ec166159eb9f was interrupted, exiting. There are 0 tasks remaining in the queue.
2019-09-19 10:27:22,674 [ForkJoinPool.commonPool-worker-1] INFO  impl.RaftServerImpl (RaftServerImpl.java:lambda$shutdown$3(245)) - f4f61464-0bdf-492b-ac84-d659f01f9139: shutdown group-E62FE1466BE3
2019-09-19 10:27:22,674 [main] INFO  segmented.SegmentedRaftLogWorker (SegmentedRaftLogWorker.java:close(228)) - 39513c05-534c-4cc1-a39c-034925eb3fe7-SegmentedRaftLogWorker:Storage Directory /workdir/hadoop-ozone/ozonefs/target/test-dir/MiniOzoneClusterImpl-c4ccaed8-e682-4870-947c-cf1864f77c00/datanode-9/data/ratis/cf02eac7-d14b-4119-a738-ec166159eb9f close()
2019-09-19 10:27:22,675 [ForkJoinPool.commonPool-worker-1] INFO  util.JmxRegister (JmxRegister.java:unregister(73)) - Successfully un-registered JMX Bean with object name Ratis:service=RaftServer,group=group-E62FE1466BE3,id=f4f61464-0bdf-492b-ac84-d659f01f9139
2019-09-19 10:27:22,676 [main] INFO  server.GrpcService (GrpcService.java:closeImpl(155)) - 39513c05-534c-4cc1-a39c-034925eb3fe7: shutdown server with port 32932 now
2019-09-19 10:27:22,676 [ForkJoinPool.commonPool-worker-1] INFO  impl.RoleInfo (RoleInfo.java:shutdownLeaderState(104)) - f4f61464-0bdf-492b-ac84-d659f01f9139: shutdown LeaderState
2019-09-19 10:27:22,677 [main] INFO  server.GrpcService (GrpcService.java:closeImpl(163)) - 39513c05-534c-4cc1-a39c-034925eb3fe7: shutdown server with port 32932 successfully
2019-09-19 10:27:22,678 [ForkJoinPool.commonPool-worker-1] INFO  impl.PendingRequests (PendingRequests.java:sendNotLeaderResponses(202)) - f4f61464-0bdf-492b-ac84-d659f01f9139-PendingRequests: sendNotLeaderResponses
2019-09-19 10:27:22,678 [ForkJoinPool.commonPool-worker-1] INFO  impl.StateMachineUpdater (StateMachineUpdater.java:stopAndJoin(115)) - StateMachineUpdater:f4f61464-0bdf-492b-ac84-d659f01f9139:group-E62FE1466BE3: set stopIndex = 0
2019-09-19 10:27:22,679 [ForkJoinPool.commonPool-worker-1] INFO  impl.RaftServerImpl (ServerState.java:close(394)) - f4f61464-0bdf-492b-ac84-d659f01f9139:group-E62FE1466BE3 closes. The last applied log index is 0
2019-09-19 10:27:22,679 [main] INFO  utils.BackgroundService (BackgroundService.java:shutdown(148)) - Shutting down service BlockDeletingService
2019-09-19 10:27:22,679 [f4f61464-0bdf-492b-ac84-d659f01f9139-SegmentedRaftLogWorker:Storage Directory /workdir/hadoop-ozone/ozonefs/target/test-dir/MiniOzoneClusterImpl-c4ccaed8-e682-4870-947c-cf1864f77c00/datanode-0/data/ratis/6de6f71f-abca-45a7-823a-e62fe1466be3] INFO  segmented.SegmentedRaftLogWorker (SegmentedRaftLogWorker.java:run(313)) - f4f61464-0bdf-492b-ac84-d659f01f9139-SegmentedRaftLogWorker:Storage Directory /workdir/hadoop-ozone/ozonefs/target/test-dir/MiniOzoneClusterImpl-c4ccaed8-e682-4870-947c-cf1864f77c00/datanode-0/data/ratis/6de6f71f-abca-45a7-823a-e62fe1466be3 was interrupted, exiting. There are 0 tasks remaining in the queue.
2019-09-19 10:27:22,680 [ForkJoinPool.commonPool-worker-1] INFO  segmented.SegmentedRaftLogWorker (SegmentedRaftLogWorker.java:close(228)) - f4f61464-0bdf-492b-ac84-d659f01f9139-SegmentedRaftLogWorker:Storage Directory /workdir/hadoop-ozone/ozonefs/target/test-dir/MiniOzoneClusterImpl-c4ccaed8-e682-4870-947c-cf1864f77c00/datanode-0/data/ratis/6de6f71f-abca-45a7-823a-e62fe1466be3 close()
2019-09-19 10:27:22,680 [ForkJoinPool.commonPool-worker-1] INFO  impl.RaftServerImpl (RaftServerImpl.java:lambda$shutdown$3(245)) - f4f61464-0bdf-492b-ac84-d659f01f9139: shutdown group-FB90D38A8AAB
2019-09-19 10:27:22,680 [ForkJoinPool.commonPool-worker-1] INFO  util.JmxRegister (JmxRegister.java:unregister(73)) - Successfully un-registered JMX Bean with object name Ratis:service=RaftServer,group=group-FB90D38A8AAB,id=f4f61464-0bdf-492b-ac84-d659f01f9139
2019-09-19 10:27:22,681 [refreshUsed-/workdir/hadoop-ozone/ozonefs/target/test-dir/MiniOzoneClusterImpl-c4ccaed8-e682-4870-947c-cf1864f77c00/datanode-9/data/containers] WARN  fs.CachingGetSpaceUsed (CachingGetSpaceUsed.java:run(183)) - Thread Interrupted waiting to refresh disk information: sleep interrupted
2019-09-19 10:27:22,681 [ForkJoinPool.commonPool-worker-1] INFO  impl.RoleInfo (RoleInfo.java:shutdownLeaderState(104)) - f4f61464-0bdf-492b-ac84-d659f01f9139: shutdown LeaderState
2019-09-19 10:27:22,681 [ForkJoinPool.commonPool-worker-1] INFO  impl.PendingRequests (PendingRequests.java:sendNotLeaderResponses(202)) - f4f61464-0bdf-492b-ac84-d659f01f9139-PendingRequests: sendNotLeaderResponses
2019-09-19 10:27:22,682 [ForkJoinPool.commonPool-worker-1] INFO  impl.StateMachineUpdater (StateMachineUpdater.java:stopAndJoin(115)) - StateMachineUpdater:f4f61464-0bdf-492b-ac84-d659f01f9139:group-FB90D38A8AAB: set stopIndex = 0
2019-09-19 10:27:22,682 [ForkJoinPool.commonPool-worker-1] INFO  impl.RaftServerImpl (ServerState.java:close(394)) - f4f61464-0bdf-492b-ac84-d659f01f9139:group-FB90D38A8AAB closes. The last applied log index is 0
2019-09-19 10:27:22,682 [f4f61464-0bdf-492b-ac84-d659f01f9139-SegmentedRaftLogWorker:Storage Directory /workdir/hadoop-ozone/ozonefs/target/test-dir/MiniOzoneClusterImpl-c4ccaed8-e682-4870-947c-cf1864f77c00/datanode-0/data/ratis/426b2697-c1be-4543-a9e7-fb90d38a8aab] INFO  segmented.SegmentedRaftLogWorker (SegmentedRaftLogWorker.java:run(313)) - f4f61464-0bdf-492b-ac84-d659f01f9139-SegmentedRaftLogWorker:Storage Directory /workdir/hadoop-ozone/ozonefs/target/test-dir/MiniOzoneClusterImpl-c4ccaed8-e682-4870-947c-cf1864f77c00/datanode-0/data/ratis/426b2697-c1be-4543-a9e7-fb90d38a8aab was interrupted, exiting. There are 0 tasks remaining in the queue.
2019-09-19 10:27:22,683 [ForkJoinPool.commonPool-worker-1] INFO  segmented.SegmentedRaftLogWorker (SegmentedRaftLogWorker.java:close(228)) - f4f61464-0bdf-492b-ac84-d659f01f9139-SegmentedRaftLogWorker:Storage Directory /workdir/hadoop-ozone/ozonefs/target/test-dir/MiniOzoneClusterImpl-c4ccaed8-e682-4870-947c-cf1864f77c00/datanode-0/data/ratis/426b2697-c1be-4543-a9e7-fb90d38a8aab close()
2019-09-19 10:27:22,683 [ForkJoinPool.commonPool-worker-1] INFO  impl.RaftServerImpl (RaftServerImpl.java:lambda$shutdown$3(245)) - f4f61464-0bdf-492b-ac84-d659f01f9139: shutdown group-8E9DCE23A439
2019-09-19 10:27:22,684 [ForkJoinPool.commonPool-worker-1] INFO  util.JmxRegister (JmxRegister.java:unregister(73)) - Successfully un-registered JMX Bean with object name Ratis:service=RaftServer,group=group-8E9DCE23A439,id=f4f61464-0bdf-492b-ac84-d659f01f9139
2019-09-19 10:27:22,684 [ForkJoinPool.commonPool-worker-1] INFO  impl.RoleInfo (RoleInfo.java:shutdownLeaderState(104)) - f4f61464-0bdf-492b-ac84-d659f01f9139: shutdown LeaderState
2019-09-19 10:27:22,684 [ForkJoinPool.commonPool-worker-1] INFO  impl.PendingRequests (PendingRequests.java:sendNotLeaderResponses(202)) - f4f61464-0bdf-492b-ac84-d659f01f9139-PendingRequests: sendNotLeaderResponses
2019-09-19 10:27:22,685 [ForkJoinPool.commonPool-worker-1] INFO  impl.StateMachineUpdater (StateMachineUpdater.java:stopAndJoin(115)) - StateMachineUpdater:f4f61464-0bdf-492b-ac84-d659f01f9139:group-8E9DCE23A439: set stopIndex = 0
2019-09-19 10:27:22,685 [ForkJoinPool.commonPool-worker-1] INFO  impl.RaftServerImpl (ServerState.java:close(394)) - f4f61464-0bdf-492b-ac84-d659f01f9139:group-8E9DCE23A439 closes. The last applied log index is 0
2019-09-19 10:27:22,686 [f4f61464-0bdf-492b-ac84-d659f01f9139-SegmentedRaftLogWorker:Storage Directory /workdir/hadoop-ozone/ozonefs/target/test-dir/MiniOzoneClusterImpl-c4ccaed8-e682-4870-947c-cf1864f77c00/datanode-0/data/ratis/b3375794-d431-451a-b368-8e9dce23a439] INFO  segmented.SegmentedRaftLogWorker (SegmentedRaftLogWorker.java:run(313)) - f4f61464-0bdf-492b-ac84-d659f01f9139-SegmentedRaftLogWorker:Storage Directory /workdir/hadoop-ozone/ozonefs/target/test-dir/MiniOzoneClusterImpl-c4ccaed8-e682-4870-947c-cf1864f77c00/datanode-0/data/ratis/b3375794-d431-451a-b368-8e9dce23a439 was interrupted, exiting. There are 0 tasks remaining in the queue.
2019-09-19 10:27:22,686 [ForkJoinPool.commonPool-worker-1] INFO  segmented.SegmentedRaftLogWorker (SegmentedRaftLogWorker.java:close(228)) - f4f61464-0bdf-492b-ac84-d659f01f9139-SegmentedRaftLogWorker:Storage Directory /workdir/hadoop-ozone/ozonefs/target/test-dir/MiniOzoneClusterImpl-c4ccaed8-e682-4870-947c-cf1864f77c00/datanode-0/data/ratis/b3375794-d431-451a-b368-8e9dce23a439 close()
2019-09-19 10:27:22,686 [ForkJoinPool.commonPool-worker-1] INFO  impl.RaftServerImpl (RaftServerImpl.java:lambda$shutdown$3(245)) - f4f61464-0bdf-492b-ac84-d659f01f9139: shutdown group-9F1A3B0DE824
2019-09-19 10:27:22,686 [ForkJoinPool.commonPool-worker-1] INFO  util.JmxRegister (JmxRegister.java:unregister(73)) - Successfully un-registered JMX Bean with object name Ratis:service=RaftServer,group=group-9F1A3B0DE824,id=f4f61464-0bdf-492b-ac84-d659f01f9139
2019-09-19 10:27:22,687 [ForkJoinPool.commonPool-worker-1] INFO  impl.RoleInfo (RoleInfo.java:shutdownLeaderState(104)) - f4f61464-0bdf-492b-ac84-d659f01f9139: shutdown LeaderState
2019-09-19 10:27:22,687 [ForkJoinPool.commonPool-worker-1] INFO  impl.PendingRequests (PendingRequests.java:sendNotLeaderResponses(202)) - f4f61464-0bdf-492b-ac84-d659f01f9139-PendingRequests: sendNotLeaderResponses
2019-09-19 10:27:22,687 [ForkJoinPool.commonPool-worker-1] INFO  impl.StateMachineUpdater (StateMachineUpdater.java:stopAndJoin(115)) - StateMachineUpdater:f4f61464-0bdf-492b-ac84-d659f01f9139:group-9F1A3B0DE824: set stopIndex = 0
2019-09-19 10:27:22,687 [ForkJoinPool.commonPool-worker-1] INFO  impl.RaftServerImpl (ServerState.java:close(394)) - f4f61464-0bdf-492b-ac84-d659f01f9139:group-9F1A3B0DE824 closes. The last applied log index is 0
2019-09-19 10:27:22,688 [f4f61464-0bdf-492b-ac84-d659f01f9139-SegmentedRaftLogWorker:Storage Directory /workdir/hadoop-ozone/ozonefs/target/test-dir/MiniOzoneClusterImpl-c4ccaed8-e682-4870-947c-cf1864f77c00/datanode-0/data/ratis/fb620b06-fcb6-4d6e-8f36-9f1a3b0de824] INFO  segmented.SegmentedRaftLogWorker (SegmentedRaftLogWorker.java:run(313)) - f4f61464-0bdf-492b-ac84-d659f01f9139-SegmentedRaftLogWorker:Storage Directory /workdir/hadoop-ozone/ozonefs/target/test-dir/MiniOzoneClusterImpl-c4ccaed8-e682-4870-947c-cf1864f77c00/datanode-0/data/ratis/fb620b06-fcb6-4d6e-8f36-9f1a3b0de824 was interrupted, exiting. There are 0 tasks remaining in the queue.
2019-09-19 10:27:22,688 [ForkJoinPool.commonPool-worker-1] INFO  segmented.SegmentedRaftLogWorker (SegmentedRaftLogWorker.java:close(228)) - f4f61464-0bdf-492b-ac84-d659f01f9139-SegmentedRaftLogWorker:Storage Directory /workdir/hadoop-ozone/ozonefs/target/test-dir/MiniOzoneClusterImpl-c4ccaed8-e682-4870-947c-cf1864f77c00/datanode-0/data/ratis/fb620b06-fcb6-4d6e-8f36-9f1a3b0de824 close()
2019-09-19 10:27:22,688 [ForkJoinPool.commonPool-worker-1] INFO  impl.RaftServerImpl (RaftServerImpl.java:lambda$shutdown$3(245)) - f4f61464-0bdf-492b-ac84-d659f01f9139: shutdown group-A1D518C4C2EB
2019-09-19 10:27:22,688 [ForkJoinPool.commonPool-worker-1] INFO  util.JmxRegister (JmxRegister.java:unregister(73)) - Successfully un-registered JMX Bean with object name Ratis:service=RaftServer,group=group-A1D518C4C2EB,id=f4f61464-0bdf-492b-ac84-d659f01f9139
2019-09-19 10:27:22,689 [ForkJoinPool.commonPool-worker-1] INFO  impl.RoleInfo (RoleInfo.java:shutdownLeaderState(104)) - f4f61464-0bdf-492b-ac84-d659f01f9139: shutdown LeaderState
2019-09-19 10:27:22,689 [ForkJoinPool.commonPool-worker-1] INFO  impl.PendingRequests (PendingRequests.java:sendNotLeaderResponses(202)) - f4f61464-0bdf-492b-ac84-d659f01f9139-PendingRequests: sendNotLeaderResponses
2019-09-19 10:27:22,689 [ForkJoinPool.commonPool-worker-1] INFO  impl.StateMachineUpdater (StateMachineUpdater.java:stopAndJoin(115)) - StateMachineUpdater:f4f61464-0bdf-492b-ac84-d659f01f9139:group-A1D518C4C2EB: set stopIndex = 0
2019-09-19 10:27:22,689 [ForkJoinPool.commonPool-worker-1] INFO  impl.RaftServerImpl (ServerState.java:close(394)) - f4f61464-0bdf-492b-ac84-d659f01f9139:group-A1D518C4C2EB closes. The last applied log index is 0
2019-09-19 10:27:22,690 [f4f61464-0bdf-492b-ac84-d659f01f9139-SegmentedRaftLogWorker:Storage Directory /workdir/hadoop-ozone/ozonefs/target/test-dir/MiniOzoneClusterImpl-c4ccaed8-e682-4870-947c-cf1864f77c00/datanode-0/data/ratis/37771cfe-a071-415b-9f10-a1d518c4c2eb] INFO  segmented.SegmentedRaftLogWorker (SegmentedRaftLogWorker.java:run(313)) - f4f61464-0bdf-492b-ac84-d659f01f9139-SegmentedRaftLogWorker:Storage Directory /workdir/hadoop-ozone/ozonefs/target/test-dir/MiniOzoneClusterImpl-c4ccaed8-e682-4870-947c-cf1864f77c00/datanode-0/data/ratis/37771cfe-a071-415b-9f10-a1d518c4c2eb was interrupted, exiting. There are 0 tasks remaining in the queue.
2019-09-19 10:27:22,690 [ForkJoinPool.commonPool-worker-1] INFO  segmented.SegmentedRaftLogWorker (SegmentedRaftLogWorker.java:close(228)) - f4f61464-0bdf-492b-ac84-d659f01f9139-SegmentedRaftLogWorker:Storage Directory /workdir/hadoop-ozone/ozonefs/target/test-dir/MiniOzoneClusterImpl-c4ccaed8-e682-4870-947c-cf1864f77c00/datanode-0/data/ratis/37771cfe-a071-415b-9f10-a1d518c4c2eb close()
2019-09-19 10:27:22,690 [ForkJoinPool.commonPool-worker-1] INFO  impl.RaftServerImpl (RaftServerImpl.java:lambda$shutdown$3(245)) - f4f61464-0bdf-492b-ac84-d659f01f9139: shutdown group-9F415BC87750
2019-09-19 10:27:22,690 [ForkJoinPool.commonPool-worker-1] INFO  util.JmxRegister (JmxRegister.java:unregister(73)) - Successfully un-registered JMX Bean with object name Ratis:service=RaftServer,group=group-9F415BC87750,id=f4f61464-0bdf-492b-ac84-d659f01f9139
2019-09-19 10:27:22,691 [ForkJoinPool.commonPool-worker-1] INFO  impl.RoleInfo (RoleInfo.java:shutdownLeaderState(104)) - f4f61464-0bdf-492b-ac84-d659f01f9139: shutdown LeaderState
2019-09-19 10:27:22,691 [ForkJoinPool.commonPool-worker-1] INFO  impl.PendingRequests (PendingRequests.java:sendNotLeaderResponses(202)) - f4f61464-0bdf-492b-ac84-d659f01f9139-PendingRequests: sendNotLeaderResponses
2019-09-19 10:27:22,691 [ForkJoinPool.commonPool-worker-1] INFO  impl.StateMachineUpdater (StateMachineUpdater.java:stopAndJoin(115)) - StateMachineUpdater:f4f61464-0bdf-492b-ac84-d659f01f9139:group-9F415BC87750: set stopIndex = 0
2019-09-19 10:27:22,691 [ForkJoinPool.commonPool-worker-1] INFO  impl.RaftServerImpl (ServerState.java:close(394)) - f4f61464-0bdf-492b-ac84-d659f01f9139:group-9F415BC87750 closes. The last applied log index is 0
2019-09-19 10:27:22,692 [f4f61464-0bdf-492b-ac84-d659f01f9139-SegmentedRaftLogWorker:Storage Directory /workdir/hadoop-ozone/ozonefs/target/test-dir/MiniOzoneClusterImpl-c4ccaed8-e682-4870-947c-cf1864f77c00/datanode-0/data/ratis/f9ff3549-b51a-4dcc-a422-9f415bc87750] INFO  segmented.SegmentedRaftLogWorker (SegmentedRaftLogWorker.java:run(313)) - f4f61464-0bdf-492b-ac84-d659f01f9139-SegmentedRaftLogWorker:Storage Directory /workdir/hadoop-ozone/ozonefs/target/test-dir/MiniOzoneClusterImpl-c4ccaed8-e682-4870-947c-cf1864f77c00/datanode-0/data/ratis/f9ff3549-b51a-4dcc-a422-9f415bc87750 was interrupted, exiting. There are 0 tasks remaining in the queue.
2019-09-19 10:27:22,692 [ForkJoinPool.commonPool-worker-1] INFO  segmented.SegmentedRaftLogWorker (SegmentedRaftLogWorker.java:close(228)) - f4f61464-0bdf-492b-ac84-d659f01f9139-SegmentedRaftLogWorker:Storage Directory /workdir/hadoop-ozone/ozonefs/target/test-dir/MiniOzoneClusterImpl-c4ccaed8-e682-4870-947c-cf1864f77c00/datanode-0/data/ratis/f9ff3549-b51a-4dcc-a422-9f415bc87750 close()
2019-09-19 10:27:22,692 [ForkJoinPool.commonPool-worker-1] INFO  server.GrpcService (GrpcService.java:closeImpl(155)) - f4f61464-0bdf-492b-ac84-d659f01f9139: shutdown server with port 35376 now
2019-09-19 10:27:22,693 [ForkJoinPool.commonPool-worker-1] INFO  server.GrpcService (GrpcService.java:closeImpl(163)) - f4f61464-0bdf-492b-ac84-d659f01f9139: shutdown server with port 35376 successfully
2019-09-19 10:27:22,694 [ForkJoinPool.commonPool-worker-1] INFO  utils.BackgroundService (BackgroundService.java:shutdown(148)) - Shutting down service BlockDeletingService
2019-09-19 10:27:22,695 [refreshUsed-/workdir/hadoop-ozone/ozonefs/target/test-dir/MiniOzoneClusterImpl-c4ccaed8-e682-4870-947c-cf1864f77c00/datanode-0/data/containers] WARN  fs.CachingGetSpaceUsed (CachingGetSpaceUsed.java:run(183)) - Thread Interrupted waiting to refresh disk information: sleep interrupted
2019-09-19 10:27:22,710 [main] INFO  statemachine.DatanodeStateMachine (DatanodeStateMachine.java:stopDaemon(395)) - Ozone container server stopped.
2019-09-19 10:27:22,711 [main] INFO  handler.ContextHandler (ContextHandler.java:doStop(910)) - Stopped o.e.j.w.WebAppContext@11ad095c{/,null,UNAVAILABLE}{/hddsDatanode}
2019-09-19 10:27:22,712 [main] INFO  server.AbstractConnector (AbstractConnector.java:doStop(318)) - Stopped ServerConnector@2c2a903f{HTTP/1.1,[http/1.1]}{0.0.0.0:0}
2019-09-19 10:27:22,712 [main] INFO  handler.ContextHandler (ContextHandler.java:doStop(910)) - Stopped o.e.j.s.ServletContextHandler@3dd2b9c1{/static,jar:file:/home/user/.m2/repository/org/apache/hadoop/hadoop-hdds-container-service/0.5.0-SNAPSHOT/hadoop-hdds-container-service-0.5.0-SNAPSHOT.jar!/webapps/static,UNAVAILABLE}
2019-09-19 10:27:22,713 [main] INFO  handler.ContextHandler (ContextHandler.java:doStop(910)) - Stopped o.e.j.s.ServletContextHandler@645ba24a{/logs,file:///workdir/hadoop-ozone/ozonefs/target/log,UNAVAILABLE}
2019-09-19 10:27:22,714 [main] INFO  datanode.ObjectStoreHandler (ObjectStoreHandler.java:close(155)) - Closing ObjectStoreHandler.
2019-09-19 10:27:22,714 [main] INFO  ozone.HddsDatanodeService (HddsDatanodeService.java:stop(451)) - Stopped plug-in org.apache.hadoop.ozone.web.OzoneHddsDatanodeService@631bc9f4
2019-09-19 10:27:22,719 [ForkJoinPool.commonPool-worker-1] INFO  statemachine.DatanodeStateMachine (DatanodeStateMachine.java:stopDaemon(395)) - Ozone container server stopped.
2019-09-19 10:27:22,721 [ForkJoinPool.commonPool-worker-1] INFO  handler.ContextHandler (ContextHandler.java:doStop(910)) - Stopped o.e.j.w.WebAppContext@19a64eae{/,null,UNAVAILABLE}{/hddsDatanode}
2019-09-19 10:27:22,722 [ForkJoinPool.commonPool-worker-1] INFO  server.AbstractConnector (AbstractConnector.java:doStop(318)) - Stopped ServerConnector@29a98d9f{HTTP/1.1,[http/1.1]}{0.0.0.0:0}
2019-09-19 10:27:22,723 [ForkJoinPool.commonPool-worker-1] INFO  handler.ContextHandler (ContextHandler.java:doStop(910)) - Stopped o.e.j.s.ServletContextHandler@3b27b497{/static,jar:file:/home/user/.m2/repository/org/apache/hadoop/hadoop-hdds-container-service/0.5.0-SNAPSHOT/hadoop-hdds-container-service-0.5.0-SNAPSHOT.jar!/webapps/static,UNAVAILABLE}
2019-09-19 10:27:22,723 [ForkJoinPool.commonPool-worker-1] INFO  handler.ContextHandler (ContextHandler.java:doStop(910)) - Stopped o.e.j.s.ServletContextHandler@5c5d6175{/logs,file:///workdir/hadoop-ozone/ozonefs/target/log,UNAVAILABLE}
2019-09-19 10:27:22,725 [ForkJoinPool.commonPool-worker-1] INFO  datanode.ObjectStoreHandler (ObjectStoreHandler.java:close(155)) - Closing ObjectStoreHandler.
2019-09-19 10:27:22,725 [ForkJoinPool.commonPool-worker-1] INFO  ozone.HddsDatanodeService (HddsDatanodeService.java:stop(451)) - Stopped plug-in org.apache.hadoop.ozone.web.OzoneHddsDatanodeService@7971c2a9
2019-09-19 10:27:23,549 [Datanode State Machine Thread - 0] INFO  statemachine.DatanodeStateMachine (DatanodeStateMachine.java:lambda$startDaemon$0(350)) - Ozone container server started.
2019-09-19 10:27:23,550 [Datanode State Machine Thread - 0] INFO  statemachine.DatanodeStateMachine (DatanodeStateMachine.java:lambda$startDaemon$0(350)) - Ozone container server started.
2019-09-19 10:27:27,715 [main] INFO  ozoneimpl.OzoneContainer (OzoneContainer.java:stop(199)) - Attempting to stop container services.
2019-09-19 10:27:27,715 [main] INFO  impl.RaftServerProxy (RaftServerProxy.java:lambda$close$4(314)) - c972e26d-e03f-48a1-a9e9-2dea9337c66d: close
2019-09-19 10:27:27,716 [main] INFO  impl.RaftServerImpl (RaftServerImpl.java:lambda$shutdown$3(245)) - c972e26d-e03f-48a1-a9e9-2dea9337c66d: shutdown group-623264F31BCC
2019-09-19 10:27:27,716 [main] INFO  util.JmxRegister (JmxRegister.java:unregister(73)) - Successfully un-registered JMX Bean with object name Ratis:service=RaftServer,group=group-623264F31BCC,id=c972e26d-e03f-48a1-a9e9-2dea9337c66d
2019-09-19 10:27:27,717 [main] INFO  impl.RoleInfo (RoleInfo.java:shutdownLeaderState(104)) - c972e26d-e03f-48a1-a9e9-2dea9337c66d: shutdown LeaderState
2019-09-19 10:27:27,717 [main] INFO  impl.PendingRequests (PendingRequests.java:sendNotLeaderResponses(202)) - c972e26d-e03f-48a1-a9e9-2dea9337c66d-PendingRequests: sendNotLeaderResponses
2019-09-19 10:27:27,718 [main] INFO  impl.StateMachineUpdater (StateMachineUpdater.java:stopAndJoin(115)) - StateMachineUpdater:c972e26d-e03f-48a1-a9e9-2dea9337c66d:group-623264F31BCC: set stopIndex = 0
2019-09-19 10:27:27,718 [main] INFO  impl.RaftServerImpl (ServerState.java:close(394)) - c972e26d-e03f-48a1-a9e9-2dea9337c66d:group-623264F31BCC closes. The last applied log index is 0
2019-09-19 10:27:27,718 [c972e26d-e03f-48a1-a9e9-2dea9337c66d-SegmentedRaftLogWorker:Storage Directory /workdir/hadoop-ozone/ozonefs/target/test-dir/MiniOzoneClusterImpl-c4ccaed8-e682-4870-947c-cf1864f77c00/datanode-7/data/ratis/6020ab4c-b44c-42cd-a170-623264f31bcc] INFO  segmented.SegmentedRaftLogWorker (SegmentedRaftLogWorker.java:run(313)) - c972e26d-e03f-48a1-a9e9-2dea9337c66d-SegmentedRaftLogWorker:Storage Directory /workdir/hadoop-ozone/ozonefs/target/test-dir/MiniOzoneClusterImpl-c4ccaed8-e682-4870-947c-cf1864f77c00/datanode-7/data/ratis/6020ab4c-b44c-42cd-a170-623264f31bcc was interrupted, exiting. There are 0 tasks remaining in the queue.
2019-09-19 10:27:27,719 [main] INFO  segmented.SegmentedRaftLogWorker (SegmentedRaftLogWorker.java:close(228)) - c972e26d-e03f-48a1-a9e9-2dea9337c66d-SegmentedRaftLogWorker:Storage Directory /workdir/hadoop-ozone/ozonefs/target/test-dir/MiniOzoneClusterImpl-c4ccaed8-e682-4870-947c-cf1864f77c00/datanode-7/data/ratis/6020ab4c-b44c-42cd-a170-623264f31bcc close()
2019-09-19 10:27:27,719 [main] INFO  impl.RaftServerImpl (RaftServerImpl.java:lambda$shutdown$3(245)) - c972e26d-e03f-48a1-a9e9-2dea9337c66d: shutdown group-408089282ED5
2019-09-19 10:27:27,720 [main] INFO  util.JmxRegister (JmxRegister.java:unregister(73)) - Successfully un-registered JMX Bean with object name Ratis:service=RaftServer,group=group-408089282ED5,id=c972e26d-e03f-48a1-a9e9-2dea9337c66d
2019-09-19 10:27:27,720 [main] INFO  impl.RoleInfo (RoleInfo.java:shutdownLeaderState(104)) - c972e26d-e03f-48a1-a9e9-2dea9337c66d: shutdown LeaderState
2019-09-19 10:27:27,720 [main] INFO  impl.PendingRequests (PendingRequests.java:sendNotLeaderResponses(202)) - c972e26d-e03f-48a1-a9e9-2dea9337c66d-PendingRequests: sendNotLeaderResponses
2019-09-19 10:27:27,721 [main] INFO  impl.StateMachineUpdater (StateMachineUpdater.java:stopAndJoin(115)) - StateMachineUpdater:c972e26d-e03f-48a1-a9e9-2dea9337c66d:group-408089282ED5: set stopIndex = 0
2019-09-19 10:27:27,721 [main] INFO  impl.RaftServerImpl (ServerState.java:close(394)) - c972e26d-e03f-48a1-a9e9-2dea9337c66d:group-408089282ED5 closes. The last applied log index is 0
2019-09-19 10:27:27,722 [c972e26d-e03f-48a1-a9e9-2dea9337c66d-SegmentedRaftLogWorker:Storage Directory /workdir/hadoop-ozone/ozonefs/target/test-dir/MiniOzoneClusterImpl-c4ccaed8-e682-4870-947c-cf1864f77c00/datanode-7/data/ratis/4243327d-4e22-4677-85c6-408089282ed5] INFO  segmented.SegmentedRaftLogWorker (SegmentedRaftLogWorker.java:run(313)) - c972e26d-e03f-48a1-a9e9-2dea9337c66d-SegmentedRaftLogWorker:Storage Directory /workdir/hadoop-ozone/ozonefs/target/test-dir/MiniOzoneClusterImpl-c4ccaed8-e682-4870-947c-cf1864f77c00/datanode-7/data/ratis/4243327d-4e22-4677-85c6-408089282ed5 was interrupted, exiting. There are 0 tasks remaining in the queue.
2019-09-19 10:27:27,722 [main] INFO  segmented.SegmentedRaftLogWorker (SegmentedRaftLogWorker.java:close(228)) - c972e26d-e03f-48a1-a9e9-2dea9337c66d-SegmentedRaftLogWorker:Storage Directory /workdir/hadoop-ozone/ozonefs/target/test-dir/MiniOzoneClusterImpl-c4ccaed8-e682-4870-947c-cf1864f77c00/datanode-7/data/ratis/4243327d-4e22-4677-85c6-408089282ed5 close()
2019-09-19 10:27:27,722 [main] INFO  impl.RaftServerImpl (RaftServerImpl.java:lambda$shutdown$3(245)) - c972e26d-e03f-48a1-a9e9-2dea9337c66d: shutdown group-B48E0DA9C832
2019-09-19 10:27:27,723 [main] INFO  util.JmxRegister (JmxRegister.java:unregister(73)) - Successfully un-registered JMX Bean with object name Ratis:service=RaftServer,group=group-B48E0DA9C832,id=c972e26d-e03f-48a1-a9e9-2dea9337c66d
2019-09-19 10:27:27,723 [main] INFO  impl.RoleInfo (RoleInfo.java:shutdownLeaderState(104)) - c972e26d-e03f-48a1-a9e9-2dea9337c66d: shutdown LeaderState
2019-09-19 10:27:27,723 [main] INFO  impl.PendingRequests (PendingRequests.java:sendNotLeaderResponses(202)) - c972e26d-e03f-48a1-a9e9-2dea9337c66d-PendingRequests: sendNotLeaderResponses
2019-09-19 10:27:27,724 [main] INFO  impl.StateMachineUpdater (StateMachineUpdater.java:stopAndJoin(115)) - StateMachineUpdater:c972e26d-e03f-48a1-a9e9-2dea9337c66d:group-B48E0DA9C832: set stopIndex = 0
2019-09-19 10:27:27,724 [main] INFO  impl.RaftServerImpl (ServerState.java:close(394)) - c972e26d-e03f-48a1-a9e9-2dea9337c66d:group-B48E0DA9C832 closes. The last applied log index is 0
2019-09-19 10:27:27,725 [c972e26d-e03f-48a1-a9e9-2dea9337c66d-SegmentedRaftLogWorker:Storage Directory /workdir/hadoop-ozone/ozonefs/target/test-dir/MiniOzoneClusterImpl-c4ccaed8-e682-4870-947c-cf1864f77c00/datanode-7/data/ratis/94ece680-d66c-4742-990f-b48e0da9c832] INFO  segmented.SegmentedRaftLogWorker (SegmentedRaftLogWorker.java:run(313)) - c972e26d-e03f-48a1-a9e9-2dea9337c66d-SegmentedRaftLogWorker:Storage Directory /workdir/hadoop-ozone/ozonefs/target/test-dir/MiniOzoneClusterImpl-c4ccaed8-e682-4870-947c-cf1864f77c00/datanode-7/data/ratis/94ece680-d66c-4742-990f-b48e0da9c832 was interrupted, exiting. There are 0 tasks remaining in the queue.
2019-09-19 10:27:27,726 [main] INFO  segmented.SegmentedRaftLogWorker (SegmentedRaftLogWorker.java:close(228)) - c972e26d-e03f-48a1-a9e9-2dea9337c66d-SegmentedRaftLogWorker:Storage Directory /workdir/hadoop-ozone/ozonefs/target/test-dir/MiniOzoneClusterImpl-c4ccaed8-e682-4870-947c-cf1864f77c00/datanode-7/data/ratis/94ece680-d66c-4742-990f-b48e0da9c832 close()
2019-09-19 10:27:27,726 [ForkJoinPool.commonPool-worker-1] INFO  ozoneimpl.OzoneContainer (OzoneContainer.java:stop(199)) - Attempting to stop container services.
2019-09-19 10:27:27,727 [main] INFO  impl.RaftServerImpl (RaftServerImpl.java:lambda$shutdown$3(245)) - c972e26d-e03f-48a1-a9e9-2dea9337c66d: shutdown group-07D41EB7B362
2019-09-19 10:27:27,727 [ForkJoinPool.commonPool-worker-1] INFO  impl.RaftServerProxy (RaftServerProxy.java:lambda$close$4(314)) - df1b99cc-36f2-45b6-8e95-51c50e156f0b: close
2019-09-19 10:27:27,727 [main] INFO  util.JmxRegister (JmxRegister.java:unregister(73)) - Successfully un-registered JMX Bean with object name Ratis:service=RaftServer,group=group-07D41EB7B362,id=c972e26d-e03f-48a1-a9e9-2dea9337c66d
2019-09-19 10:27:27,727 [ForkJoinPool.commonPool-worker-1] INFO  impl.RaftServerImpl (RaftServerImpl.java:lambda$shutdown$3(245)) - df1b99cc-36f2-45b6-8e95-51c50e156f0b: shutdown group-D0F6E3FA12C3
2019-09-19 10:27:27,728 [main] INFO  impl.RoleInfo (RoleInfo.java:shutdownLeaderState(104)) - c972e26d-e03f-48a1-a9e9-2dea9337c66d: shutdown LeaderState
2019-09-19 10:27:27,728 [ForkJoinPool.commonPool-worker-1] INFO  util.JmxRegister (JmxRegister.java:unregister(73)) - Successfully un-registered JMX Bean with object name Ratis:service=RaftServer,group=group-D0F6E3FA12C3,id=df1b99cc-36f2-45b6-8e95-51c50e156f0b
2019-09-19 10:27:27,728 [main] INFO  impl.PendingRequests (PendingRequests.java:sendNotLeaderResponses(202)) - c972e26d-e03f-48a1-a9e9-2dea9337c66d-PendingRequests: sendNotLeaderResponses
2019-09-19 10:27:27,729 [ForkJoinPool.commonPool-worker-1] INFO  impl.RoleInfo (RoleInfo.java:shutdownLeaderState(104)) - df1b99cc-36f2-45b6-8e95-51c50e156f0b: shutdown LeaderState
2019-09-19 10:27:27,729 [main] INFO  impl.StateMachineUpdater (StateMachineUpdater.java:stopAndJoin(115)) - StateMachineUpdater:c972e26d-e03f-48a1-a9e9-2dea9337c66d:group-07D41EB7B362: set stopIndex = 0
2019-09-19 10:27:27,729 [ForkJoinPool.commonPool-worker-1] INFO  impl.PendingRequests (PendingRequests.java:sendNotLeaderResponses(202)) - df1b99cc-36f2-45b6-8e95-51c50e156f0b-PendingRequests: sendNotLeaderResponses
2019-09-19 10:27:27,730 [main] INFO  impl.RaftServerImpl (ServerState.java:close(394)) - c972e26d-e03f-48a1-a9e9-2dea9337c66d:group-07D41EB7B362 closes. The last applied log index is 0
2019-09-19 10:27:27,730 [ForkJoinPool.commonPool-worker-1] INFO  impl.StateMachineUpdater (StateMachineUpdater.java:stopAndJoin(115)) - StateMachineUpdater:df1b99cc-36f2-45b6-8e95-51c50e156f0b:group-D0F6E3FA12C3: set stopIndex = 0
2019-09-19 10:27:27,731 [ForkJoinPool.commonPool-worker-1] INFO  impl.RaftServerImpl (ServerState.java:close(394)) - df1b99cc-36f2-45b6-8e95-51c50e156f0b:group-D0F6E3FA12C3 closes. The last applied log index is 0
2019-09-19 10:27:27,730 [c972e26d-e03f-48a1-a9e9-2dea9337c66d-SegmentedRaftLogWorker:Storage Directory /workdir/hadoop-ozone/ozonefs/target/test-dir/MiniOzoneClusterImpl-c4ccaed8-e682-4870-947c-cf1864f77c00/datanode-7/data/ratis/d97128a8-c0d2-41ff-996c-07d41eb7b362] INFO  segmented.SegmentedRaftLogWorker (SegmentedRaftLogWorker.java:run(313)) - c972e26d-e03f-48a1-a9e9-2dea9337c66d-SegmentedRaftLogWorker:Storage Directory /workdir/hadoop-ozone/ozonefs/target/test-dir/MiniOzoneClusterImpl-c4ccaed8-e682-4870-947c-cf1864f77c00/datanode-7/data/ratis/d97128a8-c0d2-41ff-996c-07d41eb7b362 was interrupted, exiting. There are 0 tasks remaining in the queue.
2019-09-19 10:27:27,734 [main] INFO  segmented.SegmentedRaftLogWorker (SegmentedRaftLogWorker.java:close(228)) - c972e26d-e03f-48a1-a9e9-2dea9337c66d-SegmentedRaftLogWorker:Storage Directory /workdir/hadoop-ozone/ozonefs/target/test-dir/MiniOzoneClusterImpl-c4ccaed8-e682-4870-947c-cf1864f77c00/datanode-7/data/ratis/d97128a8-c0d2-41ff-996c-07d41eb7b362 close()
2019-09-19 10:27:27,735 [df1b99cc-36f2-45b6-8e95-51c50e156f0b-SegmentedRaftLogWorker:Storage Directory /workdir/hadoop-ozone/ozonefs/target/test-dir/MiniOzoneClusterImpl-c4ccaed8-e682-4870-947c-cf1864f77c00/datanode-1/data/ratis/ac48dc11-867f-49d7-b7c9-d0f6e3fa12c3] INFO  segmented.SegmentedRaftLogWorker (SegmentedRaftLogWorker.java:run(313)) - df1b99cc-36f2-45b6-8e95-51c50e156f0b-SegmentedRaftLogWorker:Storage Directory /workdir/hadoop-ozone/ozonefs/target/test-dir/MiniOzoneClusterImpl-c4ccaed8-e682-4870-947c-cf1864f77c00/datanode-1/data/ratis/ac48dc11-867f-49d7-b7c9-d0f6e3fa12c3 was interrupted, exiting. There are 0 tasks remaining in the queue.
2019-09-19 10:27:27,735 [main] INFO  impl.RaftServerImpl (RaftServerImpl.java:lambda$shutdown$3(245)) - c972e26d-e03f-48a1-a9e9-2dea9337c66d: shutdown group-32BD2B2B0DD4
2019-09-19 10:27:27,736 [ForkJoinPool.commonPool-worker-1] INFO  segmented.SegmentedRaftLogWorker (SegmentedRaftLogWorker.java:close(228)) - df1b99cc-36f2-45b6-8e95-51c50e156f0b-SegmentedRaftLogWorker:Storage Directory /workdir/hadoop-ozone/ozonefs/target/test-dir/MiniOzoneClusterImpl-c4ccaed8-e682-4870-947c-cf1864f77c00/datanode-1/data/ratis/ac48dc11-867f-49d7-b7c9-d0f6e3fa12c3 close()
2019-09-19 10:27:27,736 [main] INFO  util.JmxRegister (JmxRegister.java:unregister(73)) - Successfully un-registered JMX Bean with object name Ratis:service=RaftServer,group=group-32BD2B2B0DD4,id=c972e26d-e03f-48a1-a9e9-2dea9337c66d
2019-09-19 10:27:27,736 [ForkJoinPool.commonPool-worker-1] INFO  impl.RaftServerImpl (RaftServerImpl.java:lambda$shutdown$3(245)) - df1b99cc-36f2-45b6-8e95-51c50e156f0b: shutdown group-405326F3E638
2019-09-19 10:27:27,736 [main] INFO  impl.RoleInfo (RoleInfo.java:shutdownLeaderState(104)) - c972e26d-e03f-48a1-a9e9-2dea9337c66d: shutdown LeaderState
2019-09-19 10:27:27,737 [ForkJoinPool.commonPool-worker-1] INFO  util.JmxRegister (JmxRegister.java:unregister(73)) - Successfully un-registered JMX Bean with object name Ratis:service=RaftServer,group=group-405326F3E638,id=df1b99cc-36f2-45b6-8e95-51c50e156f0b
2019-09-19 10:27:27,737 [main] INFO  impl.PendingRequests (PendingRequests.java:sendNotLeaderResponses(202)) - c972e26d-e03f-48a1-a9e9-2dea9337c66d-PendingRequests: sendNotLeaderResponses
2019-09-19 10:27:27,737 [ForkJoinPool.commonPool-worker-1] INFO  impl.RoleInfo (RoleInfo.java:shutdownLeaderState(104)) - df1b99cc-36f2-45b6-8e95-51c50e156f0b: shutdown LeaderState
2019-09-19 10:27:27,738 [main] INFO  impl.StateMachineUpdater (StateMachineUpdater.java:stopAndJoin(115)) - StateMachineUpdater:c972e26d-e03f-48a1-a9e9-2dea9337c66d:group-32BD2B2B0DD4: set stopIndex = 0
2019-09-19 10:27:27,738 [ForkJoinPool.commonPool-worker-1] INFO  impl.PendingRequests (PendingRequests.java:sendNotLeaderResponses(202)) - df1b99cc-36f2-45b6-8e95-51c50e156f0b-PendingRequests: sendNotLeaderResponses
2019-09-19 10:27:27,738 [main] INFO  impl.RaftServerImpl (ServerState.java:close(394)) - c972e26d-e03f-48a1-a9e9-2dea9337c66d:group-32BD2B2B0DD4 closes. The last applied log index is 0
2019-09-19 10:27:27,739 [ForkJoinPool.commonPool-worker-1] INFO  impl.StateMachineUpdater (StateMachineUpdater.java:stopAndJoin(115)) - StateMachineUpdater:df1b99cc-36f2-45b6-8e95-51c50e156f0b:group-405326F3E638: set stopIndex = 0
2019-09-19 10:27:27,739 [c972e26d-e03f-48a1-a9e9-2dea9337c66d-SegmentedRaftLogWorker:Storage Directory /workdir/hadoop-ozone/ozonefs/target/test-dir/MiniOzoneClusterImpl-c4ccaed8-e682-4870-947c-cf1864f77c00/datanode-7/data/ratis/4e4e0c07-6cbd-40ff-9382-32bd2b2b0dd4] INFO  segmented.SegmentedRaftLogWorker (SegmentedRaftLogWorker.java:run(313)) - c972e26d-e03f-48a1-a9e9-2dea9337c66d-SegmentedRaftLogWorker:Storage Directory /workdir/hadoop-ozone/ozonefs/target/test-dir/MiniOzoneClusterImpl-c4ccaed8-e682-4870-947c-cf1864f77c00/datanode-7/data/ratis/4e4e0c07-6cbd-40ff-9382-32bd2b2b0dd4 was interrupted, exiting. There are 0 tasks remaining in the queue.
2019-09-19 10:27:27,739 [ForkJoinPool.commonPool-worker-1] INFO  impl.RaftServerImpl (ServerState.java:close(394)) - df1b99cc-36f2-45b6-8e95-51c50e156f0b:group-405326F3E638 closes. The last applied log index is 0
2019-09-19 10:27:27,740 [main] INFO  segmented.SegmentedRaftLogWorker (SegmentedRaftLogWorker.java:close(228)) - c972e26d-e03f-48a1-a9e9-2dea9337c66d-SegmentedRaftLogWorker:Storage Directory /workdir/hadoop-ozone/ozonefs/target/test-dir/MiniOzoneClusterImpl-c4ccaed8-e682-4870-947c-cf1864f77c00/datanode-7/data/ratis/4e4e0c07-6cbd-40ff-9382-32bd2b2b0dd4 close()
2019-09-19 10:27:27,740 [df1b99cc-36f2-45b6-8e95-51c50e156f0b-SegmentedRaftLogWorker:Storage Directory /workdir/hadoop-ozone/ozonefs/target/test-dir/MiniOzoneClusterImpl-c4ccaed8-e682-4870-947c-cf1864f77c00/datanode-1/data/ratis/e8885dbf-61b2-4e3c-b272-405326f3e638] INFO  segmented.SegmentedRaftLogWorker (SegmentedRaftLogWorker.java:run(313)) - df1b99cc-36f2-45b6-8e95-51c50e156f0b-SegmentedRaftLogWorker:Storage Directory /workdir/hadoop-ozone/ozonefs/target/test-dir/MiniOzoneClusterImpl-c4ccaed8-e682-4870-947c-cf1864f77c00/datanode-1/data/ratis/e8885dbf-61b2-4e3c-b272-405326f3e638 was interrupted, exiting. There are 0 tasks remaining in the queue.
2019-09-19 10:27:27,740 [main] INFO  impl.RaftServerImpl (RaftServerImpl.java:lambda$shutdown$3(245)) - c972e26d-e03f-48a1-a9e9-2dea9337c66d: shutdown group-D29441FD3CDD
2019-09-19 10:27:27,740 [ForkJoinPool.commonPool-worker-1] INFO  segmented.SegmentedRaftLogWorker (SegmentedRaftLogWorker.java:close(228)) - df1b99cc-36f2-45b6-8e95-51c50e156f0b-SegmentedRaftLogWorker:Storage Directory /workdir/hadoop-ozone/ozonefs/target/test-dir/MiniOzoneClusterImpl-c4ccaed8-e682-4870-947c-cf1864f77c00/datanode-1/data/ratis/e8885dbf-61b2-4e3c-b272-405326f3e638 close()
2019-09-19 10:27:27,741 [main] INFO  util.JmxRegister (JmxRegister.java:unregister(73)) - Successfully un-registered JMX Bean with object name Ratis:service=RaftServer,group=group-D29441FD3CDD,id=c972e26d-e03f-48a1-a9e9-2dea9337c66d
2019-09-19 10:27:27,741 [ForkJoinPool.commonPool-worker-1] INFO  impl.RaftServerImpl (RaftServerImpl.java:lambda$shutdown$3(245)) - df1b99cc-36f2-45b6-8e95-51c50e156f0b: shutdown group-1C1D3F354430
2019-09-19 10:27:27,741 [main] INFO  impl.RoleInfo (RoleInfo.java:shutdownLeaderState(104)) - c972e26d-e03f-48a1-a9e9-2dea9337c66d: shutdown LeaderState
2019-09-19 10:27:27,741 [ForkJoinPool.commonPool-worker-1] INFO  util.JmxRegister (JmxRegister.java:unregister(73)) - Successfully un-registered JMX Bean with object name Ratis:service=RaftServer,group=group-1C1D3F354430,id=df1b99cc-36f2-45b6-8e95-51c50e156f0b
2019-09-19 10:27:27,742 [main] INFO  impl.PendingRequests (PendingRequests.java:sendNotLeaderResponses(202)) - c972e26d-e03f-48a1-a9e9-2dea9337c66d-PendingRequests: sendNotLeaderResponses
2019-09-19 10:27:27,742 [ForkJoinPool.commonPool-worker-1] INFO  impl.RoleInfo (RoleInfo.java:shutdownLeaderState(104)) - df1b99cc-36f2-45b6-8e95-51c50e156f0b: shutdown LeaderState
2019-09-19 10:27:27,742 [main] INFO  impl.StateMachineUpdater (StateMachineUpdater.java:stopAndJoin(115)) - StateMachineUpdater:c972e26d-e03f-48a1-a9e9-2dea9337c66d:group-D29441FD3CDD: set stopIndex = 0
2019-09-19 10:27:27,743 [ForkJoinPool.commonPool-worker-1] INFO  impl.PendingRequests (PendingRequests.java:sendNotLeaderResponses(202)) - df1b99cc-36f2-45b6-8e95-51c50e156f0b-PendingRequests: sendNotLeaderResponses
2019-09-19 10:27:27,743 [main] INFO  impl.RaftServerImpl (ServerState.java:close(394)) - c972e26d-e03f-48a1-a9e9-2dea9337c66d:group-D29441FD3CDD closes. The last applied log index is 0
2019-09-19 10:27:27,743 [ForkJoinPool.commonPool-worker-1] INFO  impl.StateMachineUpdater (StateMachineUpdater.java:stopAndJoin(115)) - StateMachineUpdater:df1b99cc-36f2-45b6-8e95-51c50e156f0b:group-1C1D3F354430: set stopIndex = 0
2019-09-19 10:27:27,744 [c972e26d-e03f-48a1-a9e9-2dea9337c66d-SegmentedRaftLogWorker:Storage Directory /workdir/hadoop-ozone/ozonefs/target/test-dir/MiniOzoneClusterImpl-c4ccaed8-e682-4870-947c-cf1864f77c00/datanode-7/data/ratis/03ff9907-d8a7-4fb4-a560-d29441fd3cdd] INFO  segmented.SegmentedRaftLogWorker (SegmentedRaftLogWorker.java:run(313)) - c972e26d-e03f-48a1-a9e9-2dea9337c66d-SegmentedRaftLogWorker:Storage Directory /workdir/hadoop-ozone/ozonefs/target/test-dir/MiniOzoneClusterImpl-c4ccaed8-e682-4870-947c-cf1864f77c00/datanode-7/data/ratis/03ff9907-d8a7-4fb4-a560-d29441fd3cdd was interrupted, exiting. There are 0 tasks remaining in the queue.
2019-09-19 10:27:27,744 [ForkJoinPool.commonPool-worker-1] INFO  impl.RaftServerImpl (ServerState.java:close(394)) - df1b99cc-36f2-45b6-8e95-51c50e156f0b:group-1C1D3F354430 closes. The last applied log index is 0
2019-09-19 10:27:27,744 [main] INFO  segmented.SegmentedRaftLogWorker (SegmentedRaftLogWorker.java:close(228)) - c972e26d-e03f-48a1-a9e9-2dea9337c66d-SegmentedRaftLogWorker:Storage Directory /workdir/hadoop-ozone/ozonefs/target/test-dir/MiniOzoneClusterImpl-c4ccaed8-e682-4870-947c-cf1864f77c00/datanode-7/data/ratis/03ff9907-d8a7-4fb4-a560-d29441fd3cdd close()
2019-09-19 10:27:27,744 [df1b99cc-36f2-45b6-8e95-51c50e156f0b-SegmentedRaftLogWorker:Storage Directory /workdir/hadoop-ozone/ozonefs/target/test-dir/MiniOzoneClusterImpl-c4ccaed8-e682-4870-947c-cf1864f77c00/datanode-1/data/ratis/fe25805b-2a70-4b2c-aeb3-1c1d3f354430] INFO  segmented.SegmentedRaftLogWorker (SegmentedRaftLogWorker.java:run(313)) - df1b99cc-36f2-45b6-8e95-51c50e156f0b-SegmentedRaftLogWorker:Storage Directory /workdir/hadoop-ozone/ozonefs/target/test-dir/MiniOzoneClusterImpl-c4ccaed8-e682-4870-947c-cf1864f77c00/datanode-1/data/ratis/fe25805b-2a70-4b2c-aeb3-1c1d3f354430 was interrupted, exiting. There are 0 tasks remaining in the queue.
2019-09-19 10:27:27,745 [main] INFO  server.GrpcService (GrpcService.java:closeImpl(155)) - c972e26d-e03f-48a1-a9e9-2dea9337c66d: shutdown server with port 45216 now
2019-09-19 10:27:27,745 [ForkJoinPool.commonPool-worker-1] INFO  segmented.SegmentedRaftLogWorker (SegmentedRaftLogWorker.java:close(228)) - df1b99cc-36f2-45b6-8e95-51c50e156f0b-SegmentedRaftLogWorker:Storage Directory /workdir/hadoop-ozone/ozonefs/target/test-dir/MiniOzoneClusterImpl-c4ccaed8-e682-4870-947c-cf1864f77c00/datanode-1/data/ratis/fe25805b-2a70-4b2c-aeb3-1c1d3f354430 close()
2019-09-19 10:27:27,749 [ForkJoinPool.commonPool-worker-1] INFO  impl.RaftServerImpl (RaftServerImpl.java:lambda$shutdown$3(245)) - df1b99cc-36f2-45b6-8e95-51c50e156f0b: shutdown group-433F89414E38
2019-09-19 10:27:27,749 [main] INFO  server.GrpcService (GrpcService.java:closeImpl(163)) - c972e26d-e03f-48a1-a9e9-2dea9337c66d: shutdown server with port 45216 successfully
2019-09-19 10:27:27,749 [ForkJoinPool.commonPool-worker-1] INFO  util.JmxRegister (JmxRegister.java:unregister(73)) - Successfully un-registered JMX Bean with object name Ratis:service=RaftServer,group=group-433F89414E38,id=df1b99cc-36f2-45b6-8e95-51c50e156f0b
2019-09-19 10:27:27,750 [ForkJoinPool.commonPool-worker-1] INFO  impl.RoleInfo (RoleInfo.java:shutdownLeaderState(104)) - df1b99cc-36f2-45b6-8e95-51c50e156f0b: shutdown LeaderState
2019-09-19 10:27:27,750 [ForkJoinPool.commonPool-worker-1] INFO  impl.PendingRequests (PendingRequests.java:sendNotLeaderResponses(202)) - df1b99cc-36f2-45b6-8e95-51c50e156f0b-PendingRequests: sendNotLeaderResponses
2019-09-19 10:27:27,751 [ForkJoinPool.commonPool-worker-1] INFO  impl.StateMachineUpdater (StateMachineUpdater.java:stopAndJoin(115)) - StateMachineUpdater:df1b99cc-36f2-45b6-8e95-51c50e156f0b:group-433F89414E38: set stopIndex = 0
2019-09-19 10:27:27,751 [ForkJoinPool.commonPool-worker-1] INFO  impl.RaftServerImpl (ServerState.java:close(394)) - df1b99cc-36f2-45b6-8e95-51c50e156f0b:group-433F89414E38 closes. The last applied log index is 0
2019-09-19 10:27:27,751 [main] INFO  utils.BackgroundService (BackgroundService.java:shutdown(148)) - Shutting down service BlockDeletingService
2019-09-19 10:27:27,752 [df1b99cc-36f2-45b6-8e95-51c50e156f0b-SegmentedRaftLogWorker:Storage Directory /workdir/hadoop-ozone/ozonefs/target/test-dir/MiniOzoneClusterImpl-c4ccaed8-e682-4870-947c-cf1864f77c00/datanode-1/data/ratis/fb7e6908-be1a-4b04-b985-433f89414e38] INFO  segmented.SegmentedRaftLogWorker (SegmentedRaftLogWorker.java:run(313)) - df1b99cc-36f2-45b6-8e95-51c50e156f0b-SegmentedRaftLogWorker:Storage Directory /workdir/hadoop-ozone/ozonefs/target/test-dir/MiniOzoneClusterImpl-c4ccaed8-e682-4870-947c-cf1864f77c00/datanode-1/data/ratis/fb7e6908-be1a-4b04-b985-433f89414e38 was interrupted, exiting. There are 0 tasks remaining in the queue.
2019-09-19 10:27:27,752 [ForkJoinPool.commonPool-worker-1] INFO  segmented.SegmentedRaftLogWorker (SegmentedRaftLogWorker.java:close(228)) - df1b99cc-36f2-45b6-8e95-51c50e156f0b-SegmentedRaftLogWorker:Storage Directory /workdir/hadoop-ozone/ozonefs/target/test-dir/MiniOzoneClusterImpl-c4ccaed8-e682-4870-947c-cf1864f77c00/datanode-1/data/ratis/fb7e6908-be1a-4b04-b985-433f89414e38 close()
2019-09-19 10:27:27,753 [ForkJoinPool.commonPool-worker-1] INFO  impl.RaftServerImpl (RaftServerImpl.java:lambda$shutdown$3(245)) - df1b99cc-36f2-45b6-8e95-51c50e156f0b: shutdown group-6B238AE27E5B
2019-09-19 10:27:27,754 [ForkJoinPool.commonPool-worker-1] INFO  util.JmxRegister (JmxRegister.java:unregister(73)) - Successfully un-registered JMX Bean with object name Ratis:service=RaftServer,group=group-6B238AE27E5B,id=df1b99cc-36f2-45b6-8e95-51c50e156f0b
2019-09-19 10:27:27,754 [refreshUsed-/workdir/hadoop-ozone/ozonefs/target/test-dir/MiniOzoneClusterImpl-c4ccaed8-e682-4870-947c-cf1864f77c00/datanode-7/data/containers] WARN  fs.CachingGetSpaceUsed (CachingGetSpaceUsed.java:run(183)) - Thread Interrupted waiting to refresh disk information: sleep interrupted
2019-09-19 10:27:27,754 [ForkJoinPool.commonPool-worker-1] INFO  impl.RoleInfo (RoleInfo.java:shutdownLeaderState(104)) - df1b99cc-36f2-45b6-8e95-51c50e156f0b: shutdown LeaderState
2019-09-19 10:27:27,755 [ForkJoinPool.commonPool-worker-1] INFO  impl.PendingRequests (PendingRequests.java:sendNotLeaderResponses(202)) - df1b99cc-36f2-45b6-8e95-51c50e156f0b-PendingRequests: sendNotLeaderResponses
2019-09-19 10:27:27,755 [ForkJoinPool.commonPool-worker-1] INFO  impl.StateMachineUpdater (StateMachineUpdater.java:stopAndJoin(115)) - StateMachineUpdater:df1b99cc-36f2-45b6-8e95-51c50e156f0b:group-6B238AE27E5B: set stopIndex = 0
2019-09-19 10:27:27,755 [ForkJoinPool.commonPool-worker-1] INFO  impl.RaftServerImpl (ServerState.java:close(394)) - df1b99cc-36f2-45b6-8e95-51c50e156f0b:group-6B238AE27E5B closes. The last applied log index is 0
2019-09-19 10:27:27,756 [df1b99cc-36f2-45b6-8e95-51c50e156f0b-SegmentedRaftLogWorker:Storage Directory /workdir/hadoop-ozone/ozonefs/target/test-dir/MiniOzoneClusterImpl-c4ccaed8-e682-4870-947c-cf1864f77c00/datanode-1/data/ratis/cd166d77-f2bf-482d-a8a2-6b238ae27e5b] INFO  segmented.SegmentedRaftLogWorker (SegmentedRaftLogWorker.java:run(313)) - df1b99cc-36f2-45b6-8e95-51c50e156f0b-SegmentedRaftLogWorker:Storage Directory /workdir/hadoop-ozone/ozonefs/target/test-dir/MiniOzoneClusterImpl-c4ccaed8-e682-4870-947c-cf1864f77c00/datanode-1/data/ratis/cd166d77-f2bf-482d-a8a2-6b238ae27e5b was interrupted, exiting. There are 0 tasks remaining in the queue.
2019-09-19 10:27:27,756 [ForkJoinPool.commonPool-worker-1] INFO  segmented.SegmentedRaftLogWorker (SegmentedRaftLogWorker.java:close(228)) - df1b99cc-36f2-45b6-8e95-51c50e156f0b-SegmentedRaftLogWorker:Storage Directory /workdir/hadoop-ozone/ozonefs/target/test-dir/MiniOzoneClusterImpl-c4ccaed8-e682-4870-947c-cf1864f77c00/datanode-1/data/ratis/cd166d77-f2bf-482d-a8a2-6b238ae27e5b close()
2019-09-19 10:27:27,756 [ForkJoinPool.commonPool-worker-1] INFO  impl.RaftServerImpl (RaftServerImpl.java:lambda$shutdown$3(245)) - df1b99cc-36f2-45b6-8e95-51c50e156f0b: shutdown group-6A261D2B6214
2019-09-19 10:27:27,757 [ForkJoinPool.commonPool-worker-1] INFO  util.JmxRegister (JmxRegister.java:unregister(73)) - Successfully un-registered JMX Bean with object name Ratis:service=RaftServer,group=group-6A261D2B6214,id=df1b99cc-36f2-45b6-8e95-51c50e156f0b
2019-09-19 10:27:27,757 [ForkJoinPool.commonPool-worker-1] INFO  impl.RoleInfo (RoleInfo.java:shutdownLeaderState(104)) - df1b99cc-36f2-45b6-8e95-51c50e156f0b: shutdown LeaderState
2019-09-19 10:27:27,758 [ForkJoinPool.commonPool-worker-1] INFO  impl.PendingRequests (PendingRequests.java:sendNotLeaderResponses(202)) - df1b99cc-36f2-45b6-8e95-51c50e156f0b-PendingRequests: sendNotLeaderResponses
2019-09-19 10:27:27,758 [ForkJoinPool.commonPool-worker-1] INFO  impl.StateMachineUpdater (StateMachineUpdater.java:stopAndJoin(115)) - StateMachineUpdater:df1b99cc-36f2-45b6-8e95-51c50e156f0b:group-6A261D2B6214: set stopIndex = 0
2019-09-19 10:27:27,758 [ForkJoinPool.commonPool-worker-1] INFO  impl.RaftServerImpl (ServerState.java:close(394)) - df1b99cc-36f2-45b6-8e95-51c50e156f0b:group-6A261D2B6214 closes. The last applied log index is 0
2019-09-19 10:27:27,759 [df1b99cc-36f2-45b6-8e95-51c50e156f0b-SegmentedRaftLogWorker:Storage Directory /workdir/hadoop-ozone/ozonefs/target/test-dir/MiniOzoneClusterImpl-c4ccaed8-e682-4870-947c-cf1864f77c00/datanode-1/data/ratis/99641dd0-dad0-4d6d-aa5c-6a261d2b6214] INFO  segmented.SegmentedRaftLogWorker (SegmentedRaftLogWorker.java:run(313)) - df1b99cc-36f2-45b6-8e95-51c50e156f0b-SegmentedRaftLogWorker:Storage Directory /workdir/hadoop-ozone/ozonefs/target/test-dir/MiniOzoneClusterImpl-c4ccaed8-e682-4870-947c-cf1864f77c00/datanode-1/data/ratis/99641dd0-dad0-4d6d-aa5c-6a261d2b6214 was interrupted, exiting. There are 0 tasks remaining in the queue.
2019-09-19 10:27:27,759 [ForkJoinPool.commonPool-worker-1] INFO  segmented.SegmentedRaftLogWorker (SegmentedRaftLogWorker.java:close(228)) - df1b99cc-36f2-45b6-8e95-51c50e156f0b-SegmentedRaftLogWorker:Storage Directory /workdir/hadoop-ozone/ozonefs/target/test-dir/MiniOzoneClusterImpl-c4ccaed8-e682-4870-947c-cf1864f77c00/datanode-1/data/ratis/99641dd0-dad0-4d6d-aa5c-6a261d2b6214 close()
2019-09-19 10:27:27,759 [ForkJoinPool.commonPool-worker-1] INFO  server.GrpcService (GrpcService.java:closeImpl(155)) - df1b99cc-36f2-45b6-8e95-51c50e156f0b: shutdown server with port 42307 now
2019-09-19 10:27:27,760 [ForkJoinPool.commonPool-worker-1] INFO  server.GrpcService (GrpcService.java:closeImpl(163)) - df1b99cc-36f2-45b6-8e95-51c50e156f0b: shutdown server with port 42307 successfully
2019-09-19 10:27:27,768 [ForkJoinPool.commonPool-worker-1] INFO  utils.BackgroundService (BackgroundService.java:shutdown(148)) - Shutting down service BlockDeletingService
2019-09-19 10:27:27,769 [refreshUsed-/workdir/hadoop-ozone/ozonefs/target/test-dir/MiniOzoneClusterImpl-c4ccaed8-e682-4870-947c-cf1864f77c00/datanode-1/data/containers] WARN  fs.CachingGetSpaceUsed (CachingGetSpaceUsed.java:run(183)) - Thread Interrupted waiting to refresh disk information: sleep interrupted
2019-09-19 10:27:27,787 [main] INFO  statemachine.DatanodeStateMachine (DatanodeStateMachine.java:stopDaemon(395)) - Ozone container server stopped.
2019-09-19 10:27:27,789 [main] INFO  handler.ContextHandler (ContextHandler.java:doStop(910)) - Stopped o.e.j.w.WebAppContext@45571cfc{/,null,UNAVAILABLE}{/hddsDatanode}
2019-09-19 10:27:27,789 [main] INFO  server.AbstractConnector (AbstractConnector.java:doStop(318)) - Stopped ServerConnector@faec277{HTTP/1.1,[http/1.1]}{0.0.0.0:0}
2019-09-19 10:27:27,790 [main] INFO  handler.ContextHandler (ContextHandler.java:doStop(910)) - Stopped o.e.j.s.ServletContextHandler@6f0a4e30{/static,jar:file:/home/user/.m2/repository/org/apache/hadoop/hadoop-hdds-container-service/0.5.0-SNAPSHOT/hadoop-hdds-container-service-0.5.0-SNAPSHOT.jar!/webapps/static,UNAVAILABLE}
2019-09-19 10:27:27,790 [main] INFO  handler.ContextHandler (ContextHandler.java:doStop(910)) - Stopped o.e.j.s.ServletContextHandler@e972ee1{/logs,file:///workdir/hadoop-ozone/ozonefs/target/log,UNAVAILABLE}
2019-09-19 10:27:27,796 [ForkJoinPool.commonPool-worker-1] INFO  statemachine.DatanodeStateMachine (DatanodeStateMachine.java:stopDaemon(395)) - Ozone container server stopped.
2019-09-19 10:27:27,798 [ForkJoinPool.commonPool-worker-1] INFO  handler.ContextHandler (ContextHandler.java:doStop(910)) - Stopped o.e.j.w.WebAppContext@475f5672{/,null,UNAVAILABLE}{/hddsDatanode}
2019-09-19 10:27:27,799 [ForkJoinPool.commonPool-worker-1] INFO  server.AbstractConnector (AbstractConnector.java:doStop(318)) - Stopped ServerConnector@616a06e3{HTTP/1.1,[http/1.1]}{0.0.0.0:0}
2019-09-19 10:27:27,800 [ForkJoinPool.commonPool-worker-1] INFO  handler.ContextHandler (ContextHandler.java:doStop(910)) - Stopped o.e.j.s.ServletContextHandler@7ce29a2d{/static,jar:file:/home/user/.m2/repository/org/apache/hadoop/hadoop-hdds-container-service/0.5.0-SNAPSHOT/hadoop-hdds-container-service-0.5.0-SNAPSHOT.jar!/webapps/static,UNAVAILABLE}
2019-09-19 10:27:27,801 [ForkJoinPool.commonPool-worker-1] INFO  handler.ContextHandler (ContextHandler.java:doStop(910)) - Stopped o.e.j.s.ServletContextHandler@62d40e31{/logs,file:///workdir/hadoop-ozone/ozonefs/target/log,UNAVAILABLE}
2019-09-19 10:27:27,802 [main] INFO  ozone.MiniOzoneClusterImpl (MiniOzoneClusterImpl.java:stop(353)) - Stopping the StorageContainerManager
2019-09-19 10:27:27,802 [main] INFO  server.StorageContainerManager (StorageContainerManager.java:stop(797)) - Stopping Replication Manager Service.
2019-09-19 10:27:27,802 [main] INFO  container.ReplicationManager (ReplicationManager.java:stop(192)) - Stopping Replication Monitor Thread.
2019-09-19 10:27:27,802 [main] INFO  server.StorageContainerManager (StorageContainerManager.java:stop(804)) - Stopping Lease Manager of the command watchers
2019-09-19 10:27:27,803 [main] INFO  server.StorageContainerManager (StorageContainerManager.java:stop(811)) - Stopping datanode service RPC server
2019-09-19 10:27:27,803 [main] INFO  server.SCMDatanodeProtocolServer (SCMDatanodeProtocolServer.java:stop(367)) - Stopping the RPC server for DataNodes
2019-09-19 10:27:27,803 [main] INFO  ipc.Server (Server.java:stop(3082)) - Stopping server on 34424
2019-09-19 10:27:27,804 [IPC Server listener on 34424] INFO  ipc.Server (Server.java:run(1185)) - Stopping IPC Server listener on 34424
2019-09-19 10:27:27,805 [IPC Server Responder] INFO  ipc.Server (Server.java:run(1319)) - Stopping IPC Server Responder
2019-09-19 10:27:27,898 [SCM Heartbeat Processing Thread - 0] WARN  node.NodeStateManager (NodeStateManager.java:scheduleNextHealthCheck(655)) - Current Thread is interrupted, shutting down HB processing thread for Node Manager.
2019-09-19 10:27:27,898 [main] INFO  server.StorageContainerManager (StorageContainerManager.java:stop(819)) - Stopping block service RPC server
2019-09-19 10:27:27,899 [main] INFO  server.SCMBlockProtocolServer (SCMBlockProtocolServer.java:stop(148)) - Stopping the RPC server for Block Protocol
2019-09-19 10:27:27,899 [main] INFO  ipc.Server (Server.java:stop(3082)) - Stopping server on 44929
2019-09-19 10:27:27,901 [IPC Server listener on 44929] INFO  ipc.Server (Server.java:run(1185)) - Stopping IPC Server listener on 44929
2019-09-19 10:27:27,901 [main] INFO  server.StorageContainerManager (StorageContainerManager.java:stop(826)) - Stopping the StorageContainerLocationProtocol RPC server
2019-09-19 10:27:27,902 [IPC Server Responder] INFO  ipc.Server (Server.java:run(1319)) - Stopping IPC Server Responder
2019-09-19 10:27:27,902 [main] INFO  server.SCMClientProtocolServer (SCMClientProtocolServer.java:stop(159)) - Stopping the RPC server for Client Protocol
2019-09-19 10:27:27,903 [main] INFO  ipc.Server (Server.java:stop(3082)) - Stopping server on 41663
2019-09-19 10:27:27,904 [main] INFO  server.StorageContainerManager (StorageContainerManager.java:stop(833)) - Stopping Storage Container Manager HTTP server.
2019-09-19 10:27:27,904 [IPC Server listener on 41663] INFO  ipc.Server (Server.java:run(1185)) - Stopping IPC Server listener on 41663
2019-09-19 10:27:27,906 [IPC Server Responder] INFO  ipc.Server (Server.java:run(1319)) - Stopping IPC Server Responder
2019-09-19 10:27:27,907 [main] INFO  handler.ContextHandler (ContextHandler.java:doStop(910)) - Stopped o.e.j.w.WebAppContext@433ffad1{/,null,UNAVAILABLE}{/scm}
2019-09-19 10:27:27,908 [main] INFO  server.AbstractConnector (AbstractConnector.java:doStop(318)) - Stopped ServerConnector@46cf05f7{HTTP/1.1,[http/1.1]}{0.0.0.0:0}
2019-09-19 10:27:27,908 [main] INFO  handler.ContextHandler (ContextHandler.java:doStop(910)) - Stopped o.e.j.s.ServletContextHandler@25b2cfcb{/static,jar:file:/home/user/.m2/repository/org/apache/hadoop/hadoop-hdds-server-scm/0.5.0-SNAPSHOT/hadoop-hdds-server-scm-0.5.0-SNAPSHOT.jar!/webapps/static,UNAVAILABLE}
2019-09-19 10:27:27,908 [main] INFO  handler.ContextHandler (ContextHandler.java:doStop(910)) - Stopped o.e.j.s.ServletContextHandler@6aecbb8d{/logs,file:///workdir/hadoop-ozone/ozonefs/target/log,UNAVAILABLE}
2019-09-19 10:27:27,909 [main] INFO  server.StorageContainerManager (StorageContainerManager.java:stop(844)) - Stopping Block Manager Service.
2019-09-19 10:27:27,910 [main] INFO  utils.BackgroundService (BackgroundService.java:shutdown(148)) - Shutting down service SCMBlockDeletingService
2019-09-19 10:27:27,910 [main] INFO  utils.BackgroundService (BackgroundService.java:shutdown(148)) - Shutting down service SCMBlockDeletingService
2019-09-19 10:27:27,911 [main] INFO  server.StorageContainerManager (StorageContainerManager.java:stop(866)) - Stopping SCM Event Queue.
2019-09-19 10:27:27,918 [main] INFO  impl.MetricsSystemImpl (MetricsSystemImpl.java:stop(210)) - Stopping HddsDatanode metrics system...
2019-09-19 10:27:27,930 [main] INFO  impl.MetricsSystemImpl (MetricsSystemImpl.java:stop(216)) - HddsDatanode metrics system stopped.
]]></system-out>
    <system-err><![CDATA[Sep 19, 2019 10:26:45 AM com.sun.jersey.server.impl.application.WebApplicationImpl _initiate
INFO: Initiating Jersey application, version 'Jersey: 1.19 02/11/2015 03:25 AM'
Sep 19, 2019 10:26:45 AM com.sun.jersey.server.impl.application.WebApplicationImpl _initiate
INFO: Initiating Jersey application, version 'Jersey: 1.19 02/11/2015 03:25 AM'
Sep 19, 2019 10:26:46 AM com.sun.jersey.server.impl.application.WebApplicationImpl _initiate
INFO: Initiating Jersey application, version 'Jersey: 1.19 02/11/2015 03:25 AM'
Sep 19, 2019 10:26:46 AM com.sun.jersey.server.impl.application.WebApplicationImpl _initiate
INFO: Initiating Jersey application, version 'Jersey: 1.19 02/11/2015 03:25 AM'
Sep 19, 2019 10:26:46 AM com.sun.jersey.server.impl.application.WebApplicationImpl _initiate
INFO: Initiating Jersey application, version 'Jersey: 1.19 02/11/2015 03:25 AM'
Sep 19, 2019 10:26:46 AM com.sun.jersey.server.impl.application.WebApplicationImpl _initiate
INFO: Initiating Jersey application, version 'Jersey: 1.19 02/11/2015 03:25 AM'
Sep 19, 2019 10:26:47 AM com.sun.jersey.server.impl.application.WebApplicationImpl _initiate
INFO: Initiating Jersey application, version 'Jersey: 1.19 02/11/2015 03:25 AM'
Sep 19, 2019 10:26:47 AM com.sun.jersey.server.impl.application.WebApplicationImpl _initiate
INFO: Initiating Jersey application, version 'Jersey: 1.19 02/11/2015 03:25 AM'
Sep 19, 2019 10:26:47 AM com.sun.jersey.server.impl.application.WebApplicationImpl _initiate
INFO: Initiating Jersey application, version 'Jersey: 1.19 02/11/2015 03:25 AM'
Sep 19, 2019 10:26:47 AM com.sun.jersey.server.impl.application.WebApplicationImpl _initiate
INFO: Initiating Jersey application, version 'Jersey: 1.19 02/11/2015 03:25 AM'
Sep 19, 2019 10:26:53 AM com.sun.jersey.server.impl.application.WebApplicationImpl _initiate
INFO: Initiating Jersey application, version 'Jersey: 1.19 02/11/2015 03:25 AM'
]]></system-err>
  </testcase>
</testsuite>