<?xml version="1.0" encoding="UTF-8"?>
<testsuite xmlns:xsi="http://www.w3.org/2001/XMLSchema-instance" xsi:noNamespaceSchemaLocation="https://maven.apache.org/surefire/maven-surefire-plugin/xsd/surefire-test-report.xsd" name="org.apache.hadoop.fs.ozone.TestOzoneFileInterfaces" time="330.972" tests="12" errors="2" skipped="0" failures="0">
  <properties>
    <property name="awt.toolkit" value="sun.awt.X11.XToolkit"/>
    <property name="file.encoding.pkg" value="sun.io"/>
    <property name="java.specification.version" value="1.8"/>
    <property name="sun.cpu.isalist" value=""/>
    <property name="sun.jnu.encoding" value="UTF-8"/>
    <property name="java.class.path" value="/workdir/hadoop-ozone/ozonefs/target/test-classes:/workdir/hadoop-ozone/ozonefs/target/classes:/home/user/.m2/repository/org/apache/hadoop/hadoop-common/3.2.0/hadoop-common-3.2.0.jar:/home/user/.m2/repository/org/apache/hadoop/hadoop-annotations/3.2.0/hadoop-annotations-3.2.0.jar:/usr/lib/jvm/java-1.8-openjdk/jre/../lib/tools.jar:/home/user/.m2/repository/com/google/guava/guava/11.0.2/guava-11.0.2.jar:/home/user/.m2/repository/commons-cli/commons-cli/1.2/commons-cli-1.2.jar:/home/user/.m2/repository/org/apache/commons/commons-math3/3.1.1/commons-math3-3.1.1.jar:/home/user/.m2/repository/org/apache/httpcomponents/httpclient/4.5.2/httpclient-4.5.2.jar:/home/user/.m2/repository/org/apache/httpcomponents/httpcore/4.4.4/httpcore-4.4.4.jar:/home/user/.m2/repository/commons-codec/commons-codec/1.11/commons-codec-1.11.jar:/home/user/.m2/repository/commons-io/commons-io/2.5/commons-io-2.5.jar:/home/user/.m2/repository/commons-net/commons-net/3.6/commons-net-3.6.jar:/home/user/.m2/repository/commons-collections/commons-collections/3.2.2/commons-collections-3.2.2.jar:/home/user/.m2/repository/javax/servlet/javax.servlet-api/3.1.0/javax.servlet-api-3.1.0.jar:/home/user/.m2/repository/org/eclipse/jetty/jetty-server/9.3.24.v20180605/jetty-server-9.3.24.v20180605.jar:/home/user/.m2/repository/org/eclipse/jetty/jetty-http/9.3.24.v20180605/jetty-http-9.3.24.v20180605.jar:/home/user/.m2/repository/org/eclipse/jetty/jetty-io/9.3.24.v20180605/jetty-io-9.3.24.v20180605.jar:/home/user/.m2/repository/org/eclipse/jetty/jetty-util/9.3.24.v20180605/jetty-util-9.3.24.v20180605.jar:/home/user/.m2/repository/org/eclipse/jetty/jetty-servlet/9.3.24.v20180605/jetty-servlet-9.3.24.v20180605.jar:/home/user/.m2/repository/org/eclipse/jetty/jetty-security/9.3.24.v20180605/jetty-security-9.3.24.v20180605.jar:/home/user/.m2/repository/org/eclipse/jetty/jetty-webapp/9.3.24.v20180605/jetty-webapp-9.3.24.v20180605.jar:/home/user/.m2/repository/org/eclipse/jetty/jetty-xml/9.3.24.v20180605/jetty-xml-9.3.24.v20180605.jar:/home/user/.m2/repository/javax/servlet/jsp/jsp-api/2.1/jsp-api-2.1.jar:/home/user/.m2/repository/com/sun/jersey/jersey-core/1.19/jersey-core-1.19.jar:/home/user/.m2/repository/javax/ws/rs/jsr311-api/1.1.1/jsr311-api-1.1.1.jar:/home/user/.m2/repository/com/sun/jersey/jersey-servlet/1.19/jersey-servlet-1.19.jar:/home/user/.m2/repository/com/sun/jersey/jersey-json/1.19/jersey-json-1.19.jar:/home/user/.m2/repository/org/codehaus/jettison/jettison/1.1/jettison-1.1.jar:/home/user/.m2/repository/com/sun/xml/bind/jaxb-impl/2.3.0.1/jaxb-impl-2.3.0.1.jar:/home/user/.m2/repository/org/codehaus/jackson/jackson-core-asl/1.9.13/jackson-core-asl-1.9.13.jar:/home/user/.m2/repository/org/codehaus/jackson/jackson-mapper-asl/1.9.13/jackson-mapper-asl-1.9.13.jar:/home/user/.m2/repository/org/codehaus/jackson/jackson-jaxrs/1.9.13/jackson-jaxrs-1.9.13.jar:/home/user/.m2/repository/org/codehaus/jackson/jackson-xc/1.9.13/jackson-xc-1.9.13.jar:/home/user/.m2/repository/com/sun/jersey/jersey-server/1.19/jersey-server-1.19.jar:/home/user/.m2/repository/commons-logging/commons-logging/1.1.3/commons-logging-1.1.3.jar:/home/user/.m2/repository/log4j/log4j/1.2.17/log4j-1.2.17.jar:/home/user/.m2/repository/commons-beanutils/commons-beanutils/1.9.3/commons-beanutils-1.9.3.jar:/home/user/.m2/repository/org/apache/commons/commons-configuration2/2.1.1/commons-configuration2-2.1.1.jar:/home/user/.m2/repository/org/apache/commons/commons-lang3/3.7/commons-lang3-3.7.jar:/home/user/.m2/repository/org/apache/commons/commons-text/1.4/commons-text-1.4.jar:/home/user/.m2/repository/org/slf4j/slf4j-api/1.7.25/slf4j-api-1.7.25.jar:/home/user/.m2/repository/org/slf4j/slf4j-log4j12/1.7.25/slf4j-log4j12-1.7.25.jar:/home/user/.m2/repository/org/apache/avro/avro/1.7.7/avro-1.7.7.jar:/home/user/.m2/repository/com/thoughtworks/paranamer/paranamer/2.3/paranamer-2.3.jar:/home/user/.m2/repository/org/xerial/snappy/snappy-java/1.0.5/snappy-java-1.0.5.jar:/home/user/.m2/repository/com/google/re2j/re2j/1.1/re2j-1.1.jar:/home/user/.m2/repository/com/google/protobuf/protobuf-java/2.5.0/protobuf-java-2.5.0.jar:/home/user/.m2/repository/com/google/code/gson/gson/2.2.4/gson-2.2.4.jar:/home/user/.m2/repository/org/apache/hadoop/hadoop-auth/3.2.0/hadoop-auth-3.2.0.jar:/home/user/.m2/repository/com/nimbusds/nimbus-jose-jwt/4.41.1/nimbus-jose-jwt-4.41.1.jar:/home/user/.m2/repository/com/github/stephenc/jcip/jcip-annotations/1.0-1/jcip-annotations-1.0-1.jar:/home/user/.m2/repository/net/minidev/json-smart/2.3/json-smart-2.3.jar:/home/user/.m2/repository/net/minidev/accessors-smart/1.2/accessors-smart-1.2.jar:/home/user/.m2/repository/org/apache/curator/curator-framework/2.12.0/curator-framework-2.12.0.jar:/home/user/.m2/repository/com/jcraft/jsch/0.1.54/jsch-0.1.54.jar:/home/user/.m2/repository/org/apache/curator/curator-client/2.12.0/curator-client-2.12.0.jar:/home/user/.m2/repository/org/apache/curator/curator-recipes/2.12.0/curator-recipes-2.12.0.jar:/home/user/.m2/repository/com/google/code/findbugs/jsr305/3.0.0/jsr305-3.0.0.jar:/home/user/.m2/repository/org/apache/htrace/htrace-core4/4.1.0-incubating/htrace-core4-4.1.0-incubating.jar:/home/user/.m2/repository/org/apache/zookeeper/zookeeper/3.4.13/zookeeper-3.4.13.jar:/home/user/.m2/repository/org/apache/yetus/audience-annotations/0.5.0/audience-annotations-0.5.0.jar:/home/user/.m2/repository/org/apache/commons/commons-compress/1.4.1/commons-compress-1.4.1.jar:/home/user/.m2/repository/org/tukaani/xz/1.0/xz-1.0.jar:/home/user/.m2/repository/org/apache/kerby/kerb-simplekdc/1.0.1/kerb-simplekdc-1.0.1.jar:/home/user/.m2/repository/org/apache/kerby/kerb-client/1.0.1/kerb-client-1.0.1.jar:/home/user/.m2/repository/org/apache/kerby/kerby-config/1.0.1/kerby-config-1.0.1.jar:/home/user/.m2/repository/org/apache/kerby/kerb-core/1.0.1/kerb-core-1.0.1.jar:/home/user/.m2/repository/org/apache/kerby/kerby-pkix/1.0.1/kerby-pkix-1.0.1.jar:/home/user/.m2/repository/org/apache/kerby/kerby-asn1/1.0.1/kerby-asn1-1.0.1.jar:/home/user/.m2/repository/org/apache/kerby/kerby-util/1.0.1/kerby-util-1.0.1.jar:/home/user/.m2/repository/org/apache/kerby/kerb-common/1.0.1/kerb-common-1.0.1.jar:/home/user/.m2/repository/org/apache/kerby/kerb-crypto/1.0.1/kerb-crypto-1.0.1.jar:/home/user/.m2/repository/org/apache/kerby/kerb-util/1.0.1/kerb-util-1.0.1.jar:/home/user/.m2/repository/org/apache/kerby/token-provider/1.0.1/token-provider-1.0.1.jar:/home/user/.m2/repository/org/apache/kerby/kerb-admin/1.0.1/kerb-admin-1.0.1.jar:/home/user/.m2/repository/org/apache/kerby/kerb-server/1.0.1/kerb-server-1.0.1.jar:/home/user/.m2/repository/org/apache/kerby/kerb-identity/1.0.1/kerb-identity-1.0.1.jar:/home/user/.m2/repository/org/apache/kerby/kerby-xdr/1.0.1/kerby-xdr-1.0.1.jar:/home/user/.m2/repository/com/fasterxml/jackson/core/jackson-databind/2.9.5/jackson-databind-2.9.5.jar:/home/user/.m2/repository/com/fasterxml/jackson/core/jackson-annotations/2.9.5/jackson-annotations-2.9.5.jar:/home/user/.m2/repository/com/fasterxml/jackson/core/jackson-core/2.9.5/jackson-core-2.9.5.jar:/home/user/.m2/repository/org/codehaus/woodstox/stax2-api/3.1.4/stax2-api-3.1.4.jar:/home/user/.m2/repository/com/fasterxml/woodstox/woodstox-core/5.0.3/woodstox-core-5.0.3.jar:/home/user/.m2/repository/dnsjava/dnsjava/2.1.7/dnsjava-2.1.7.jar:/home/user/.m2/repository/org/apache/hadoop/hadoop-hdfs/3.2.0/hadoop-hdfs-3.2.0.jar:/home/user/.m2/repository/org/eclipse/jetty/jetty-util-ajax/9.3.24.v20180605/jetty-util-ajax-9.3.24.v20180605.jar:/home/user/.m2/repository/commons-daemon/commons-daemon/1.0.13/commons-daemon-1.0.13.jar:/home/user/.m2/repository/io/netty/netty/3.10.5.Final/netty-3.10.5.Final.jar:/home/user/.m2/repository/io/netty/netty-all/4.0.52.Final/netty-all-4.0.52.Final.jar:/home/user/.m2/repository/org/fusesource/leveldbjni/leveldbjni-all/1.8/leveldbjni-all-1.8.jar:/home/user/.m2/repository/org/apache/hadoop/hadoop-hdds-common/0.5.0-SNAPSHOT/hadoop-hdds-common-0.5.0-SNAPSHOT.jar:/home/user/.m2/repository/org/apache/hadoop/hadoop-hdds-config/0.5.0-SNAPSHOT/hadoop-hdds-config-0.5.0-SNAPSHOT.jar:/home/user/.m2/repository/javax/annotation/javax.annotation-api/1.2/javax.annotation-api-1.2.jar:/home/user/.m2/repository/org/apache/ratis/ratis-server/0.4.0-2337318-SNAPSHOT/ratis-server-0.4.0-2337318-SNAPSHOT.jar:/home/user/.m2/repository/org/apache/ratis/ratis-thirdparty-misc/0.2.0/ratis-thirdparty-misc-0.2.0.jar:/home/user/.m2/repository/org/apache/ratis/ratis-proto/0.4.0-2337318-SNAPSHOT/ratis-proto-0.4.0-2337318-SNAPSHOT.jar:/home/user/.m2/repository/org/apache/ratis/ratis-common/0.4.0-2337318-SNAPSHOT/ratis-common-0.4.0-2337318-SNAPSHOT.jar:/home/user/.m2/repository/org/apache/ratis/ratis-client/0.4.0-2337318-SNAPSHOT/ratis-client-0.4.0-2337318-SNAPSHOT.jar:/home/user/.m2/repository/org/apache/ratis/ratis-metrics/0.4.0-2337318-SNAPSHOT/ratis-metrics-0.4.0-2337318-SNAPSHOT.jar:/home/user/.m2/repository/org/apache/ratis/ratis-netty/0.4.0-2337318-SNAPSHOT/ratis-netty-0.4.0-2337318-SNAPSHOT.jar:/home/user/.m2/repository/org/apache/ratis/ratis-grpc/0.4.0-2337318-SNAPSHOT/ratis-grpc-0.4.0-2337318-SNAPSHOT.jar:/home/user/.m2/repository/org/rocksdb/rocksdbjni/6.0.1/rocksdbjni-6.0.1.jar:/home/user/.m2/repository/org/apache/logging/log4j/log4j-api/2.11.0/log4j-api-2.11.0.jar:/home/user/.m2/repository/org/apache/logging/log4j/log4j-core/2.11.0/log4j-core-2.11.0.jar:/home/user/.m2/repository/com/lmax/disruptor/3.4.2/disruptor-3.4.2.jar:/home/user/.m2/repository/org/apache/commons/commons-pool2/2.6.0/commons-pool2-2.6.0.jar:/home/user/.m2/repository/org/bouncycastle/bcpkix-jdk15on/1.60/bcpkix-jdk15on-1.60.jar:/home/user/.m2/repository/commons-validator/commons-validator/1.6/commons-validator-1.6.jar:/home/user/.m2/repository/commons-digester/commons-digester/1.8.1/commons-digester-1.8.1.jar:/home/user/.m2/repository/io/jaegertracing/jaeger-client/0.33.1/jaeger-client-0.33.1.jar:/home/user/.m2/repository/io/jaegertracing/jaeger-thrift/0.33.1/jaeger-thrift-0.33.1.jar:/home/user/.m2/repository/org/apache/thrift/libthrift/0.11.0/libthrift-0.11.0.jar:/home/user/.m2/repository/com/squareup/okhttp3/okhttp/3.9.0/okhttp-3.9.0.jar:/home/user/.m2/repository/com/squareup/okio/okio/1.13.0/okio-1.13.0.jar:/home/user/.m2/repository/io/jaegertracing/jaeger-core/0.33.1/jaeger-core-0.33.1.jar:/home/user/.m2/repository/io/jaegertracing/jaeger-tracerresolver/0.33.1/jaeger-tracerresolver-0.33.1.jar:/home/user/.m2/repository/io/opentracing/contrib/opentracing-tracerresolver/0.1.5/opentracing-tracerresolver-0.1.5.jar:/home/user/.m2/repository/io/opentracing/opentracing-util/0.31.0/opentracing-util-0.31.0.jar:/home/user/.m2/repository/io/opentracing/opentracing-api/0.31.0/opentracing-api-0.31.0.jar:/home/user/.m2/repository/io/opentracing/opentracing-noop/0.31.0/opentracing-noop-0.31.0.jar:/home/user/.m2/repository/org/yaml/snakeyaml/1.16/snakeyaml-1.16.jar:/home/user/.m2/repository/org/apache/hadoop/hadoop-hdfs-client/3.2.0/hadoop-hdfs-client-3.2.0.jar:/home/user/.m2/repository/info/picocli/picocli/3.9.6/picocli-3.9.6.jar:/home/user/.m2/repository/org/apache/hadoop/hadoop-hdds-server-scm/0.5.0-SNAPSHOT/hadoop-hdds-server-scm-0.5.0-SNAPSHOT.jar:/home/user/.m2/repository/org/apache/hadoop/hadoop-hdds-docs/0.5.0-SNAPSHOT/hadoop-hdds-docs-0.5.0-SNAPSHOT.jar:/home/user/.m2/repository/io/dropwizard/metrics/metrics-core/3.2.4/metrics-core-3.2.4.jar:/home/user/.m2/repository/org/hamcrest/hamcrest-all/1.3/hamcrest-all-1.3.jar:/home/user/.m2/repository/org/bouncycastle/bcprov-jdk15on/1.60/bcprov-jdk15on-1.60.jar:/home/user/.m2/repository/org/apache/hadoop/hadoop-hdds-server-framework/0.5.0-SNAPSHOT/hadoop-hdds-server-framework-0.5.0-SNAPSHOT.jar:/home/user/.m2/repository/org/apache/hadoop/hadoop-ozone-ozone-manager/0.5.0-SNAPSHOT/hadoop-ozone-ozone-manager-0.5.0-SNAPSHOT.jar:/home/user/.m2/repository/org/apache/hadoop/hadoop-hdds-container-service/0.5.0-SNAPSHOT/hadoop-hdds-container-service-0.5.0-SNAPSHOT.jar:/home/user/.m2/repository/org/apache/hadoop/hadoop-hdds-client/0.5.0-SNAPSHOT/hadoop-hdds-client-0.5.0-SNAPSHOT.jar:/home/user/.m2/repository/org/apache/hadoop/hadoop-ozone-common/0.5.0-SNAPSHOT/hadoop-ozone-common-0.5.0-SNAPSHOT.jar:/home/user/.m2/repository/org/apache/hadoop/hadoop-hdds-tools/0.5.0-SNAPSHOT/hadoop-hdds-tools-0.5.0-SNAPSHOT.jar:/home/user/.m2/repository/org/xerial/sqlite-jdbc/3.25.2/sqlite-jdbc-3.25.2.jar:/home/user/.m2/repository/org/apache/hadoop/hadoop-ozone-objectstore-service/0.5.0-SNAPSHOT/hadoop-ozone-objectstore-service-0.5.0-SNAPSHOT.jar:/home/user/.m2/repository/com/google/code/findbugs/findbugs/3.0.1/findbugs-3.0.1.jar:/home/user/.m2/repository/net/jcip/jcip-annotations/1.0/jcip-annotations-1.0.jar:/home/user/.m2/repository/com/google/code/findbugs/bcel-findbugs/6.0/bcel-findbugs-6.0.jar:/home/user/.m2/repository/com/google/code/findbugs/jFormatString/2.0.1/jFormatString-2.0.1.jar:/home/user/.m2/repository/dom4j/dom4j/1.6.1/dom4j-1.6.1.jar:/home/user/.m2/repository/xml-apis/xml-apis/1.0.b2/xml-apis-1.0.b2.jar:/home/user/.m2/repository/org/ow2/asm/asm-debug-all/5.0.2/asm-debug-all-5.0.2.jar:/home/user/.m2/repository/org/ow2/asm/asm-commons/5.0.2/asm-commons-5.0.2.jar:/home/user/.m2/repository/org/ow2/asm/asm-tree/5.0.2/asm-tree-5.0.2.jar:/home/user/.m2/repository/org/ow2/asm/asm/5.0.4/asm-5.0.4.jar:/home/user/.m2/repository/commons-lang/commons-lang/2.6/commons-lang-2.6.jar:/home/user/.m2/repository/com/apple/AppleJavaExtensions/1.4/AppleJavaExtensions-1.4.jar:/home/user/.m2/repository/jaxen/jaxen/1.1.6/jaxen-1.1.6.jar:/home/user/.m2/repository/org/apache/hadoop/hadoop-common/3.2.0/hadoop-common-3.2.0-tests.jar:/home/user/.m2/repository/org/apache/hadoop/hadoop-ozone-client/0.5.0-SNAPSHOT/hadoop-ozone-client-0.5.0-SNAPSHOT.jar:/home/user/.m2/repository/org/apache/hadoop/hadoop-hdfs/3.2.0/hadoop-hdfs-3.2.0-tests.jar:/workdir/hadoop-ozone/integration-test/target/test-classes:/home/user/.m2/repository/org/apache/hadoop/hadoop-ozone-s3gateway/0.5.0-SNAPSHOT/hadoop-ozone-s3gateway-0.5.0-SNAPSHOT.jar:/home/user/.m2/repository/org/jboss/weld/servlet/weld-servlet/2.4.7.Final/weld-servlet-2.4.7.Final.jar:/home/user/.m2/repository/org/glassfish/jersey/containers/jersey-container-servlet-core/2.27/jersey-container-servlet-core-2.27.jar:/home/user/.m2/repository/org/glassfish/hk2/external/javax.inject/2.5.0-b42/javax.inject-2.5.0-b42.jar:/home/user/.m2/repository/org/glassfish/jersey/core/jersey-common/2.27/jersey-common-2.27.jar:/home/user/.m2/repository/org/glassfish/hk2/osgi-resource-locator/1.0.1/osgi-resource-locator-1.0.1.jar:/home/user/.m2/repository/javax/ws/rs/javax.ws.rs-api/2.1/javax.ws.rs-api-2.1.jar:/home/user/.m2/repository/org/glassfish/jersey/ext/cdi/jersey-cdi1x/2.27/jersey-cdi1x-2.27.jar:/home/user/.m2/repository/org/glassfish/jersey/inject/jersey-hk2/2.27/jersey-hk2-2.27.jar:/home/user/.m2/repository/org/glassfish/hk2/hk2-locator/2.5.0-b42/hk2-locator-2.5.0-b42.jar:/home/user/.m2/repository/org/javassist/javassist/3.22.0-CR2/javassist-3.22.0-CR2.jar:/home/user/.m2/repository/org/glassfish/hk2/hk2-api/2.5.0/hk2-api-2.5.0.jar:/home/user/.m2/repository/org/glassfish/hk2/external/jakarta.inject/2.5.0/jakarta.inject-2.5.0.jar:/home/user/.m2/repository/org/glassfish/hk2/hk2-utils/2.5.0/hk2-utils-2.5.0.jar:/home/user/.m2/repository/jakarta/annotation/jakarta.annotation-api/1.3.4/jakarta.annotation-api-1.3.4.jar:/home/user/.m2/repository/org/glassfish/hk2/external/aopalliance-repackaged/2.5.0/aopalliance-repackaged-2.5.0.jar:/home/user/.m2/repository/com/fasterxml/jackson/dataformat/jackson-dataformat-xml/2.9.0/jackson-dataformat-xml-2.9.0.jar:/home/user/.m2/repository/com/fasterxml/jackson/module/jackson-module-jaxb-annotations/2.9.5/jackson-module-jaxb-annotations-2.9.5.jar:/home/user/.m2/repository/javax/enterprise/cdi-api/1.2/cdi-api-1.2.jar:/home/user/.m2/repository/javax/el/javax.el-api/3.0.0/javax.el-api-3.0.0.jar:/home/user/.m2/repository/javax/interceptor/javax.interceptor-api/1.2/javax.interceptor-api-1.2.jar:/home/user/.m2/repository/javax/inject/javax.inject/1/javax.inject-1.jar:/home/user/.m2/repository/com/sun/xml/bind/jaxb-core/2.3.0.1/jaxb-core-2.3.0.1.jar:/home/user/.m2/repository/javax/xml/bind/jaxb-api/2.3.0/jaxb-api-2.3.0.jar:/home/user/.m2/repository/javax/activation/activation/1.1.1/activation-1.1.1.jar:/home/user/.m2/repository/org/apache/hadoop/hadoop-ozone-csi/0.5.0-SNAPSHOT/hadoop-ozone-csi-0.5.0-SNAPSHOT.jar:/home/user/.m2/repository/com/google/protobuf/protobuf-java-util/3.5.1/protobuf-java-util-3.5.1.jar:/home/user/.m2/repository/io/grpc/grpc-netty/1.17.1/grpc-netty-1.17.1.jar:/home/user/.m2/repository/io/grpc/grpc-core/1.17.1/grpc-core-1.17.1.jar:/home/user/.m2/repository/io/grpc/grpc-context/1.17.1/grpc-context-1.17.1.jar:/home/user/.m2/repository/com/google/errorprone/error_prone_annotations/2.2.0/error_prone_annotations-2.2.0.jar:/home/user/.m2/repository/org/codehaus/mojo/animal-sniffer-annotations/1.17/animal-sniffer-annotations-1.17.jar:/home/user/.m2/repository/io/opencensus/opencensus-api/0.17.0/opencensus-api-0.17.0.jar:/home/user/.m2/repository/io/opencensus/opencensus-contrib-grpc-metrics/0.17.0/opencensus-contrib-grpc-metrics-0.17.0.jar:/home/user/.m2/repository/io/netty/netty-codec-http2/4.1.30.Final/netty-codec-http2-4.1.30.Final.jar:/home/user/.m2/repository/io/netty/netty-codec-http/4.1.30.Final/netty-codec-http-4.1.30.Final.jar:/home/user/.m2/repository/io/netty/netty-codec/4.1.30.Final/netty-codec-4.1.30.Final.jar:/home/user/.m2/repository/io/netty/netty-handler/4.1.30.Final/netty-handler-4.1.30.Final.jar:/home/user/.m2/repository/io/netty/netty-handler-proxy/4.1.30.Final/netty-handler-proxy-4.1.30.Final.jar:/home/user/.m2/repository/io/netty/netty-codec-socks/4.1.30.Final/netty-codec-socks-4.1.30.Final.jar:/home/user/.m2/repository/io/netty/netty-transport-native-epoll/4.1.30.Final/netty-transport-native-epoll-4.1.30.Final.jar:/home/user/.m2/repository/io/netty/netty-common/4.1.30.Final/netty-common-4.1.30.Final.jar:/home/user/.m2/repository/io/netty/netty-buffer/4.1.30.Final/netty-buffer-4.1.30.Final.jar:/home/user/.m2/repository/io/netty/netty-transport/4.1.30.Final/netty-transport-4.1.30.Final.jar:/home/user/.m2/repository/io/netty/netty-resolver/4.1.30.Final/netty-resolver-4.1.30.Final.jar:/home/user/.m2/repository/io/netty/netty-transport-native-unix-common/4.1.30.Final/netty-transport-native-unix-common-4.1.30.Final.jar:/home/user/.m2/repository/io/grpc/grpc-protobuf/1.17.1/grpc-protobuf-1.17.1.jar:/home/user/.m2/repository/com/google/api/grpc/proto-google-common-protos/1.0.0/proto-google-common-protos-1.0.0.jar:/home/user/.m2/repository/io/grpc/grpc-protobuf-lite/1.17.1/grpc-protobuf-lite-1.17.1.jar:/home/user/.m2/repository/io/grpc/grpc-stub/1.17.1/grpc-stub-1.17.1.jar:/home/user/.m2/repository/org/apache/hadoop/hadoop-ozone-recon/0.5.0-SNAPSHOT/hadoop-ozone-recon-0.5.0-SNAPSHOT.jar:/home/user/.m2/repository/org/apache/hadoop/hadoop-ozone-reconcodegen/0.5.0-SNAPSHOT/hadoop-ozone-reconcodegen-0.5.0-SNAPSHOT.jar:/home/user/.m2/repository/com/google/inject/extensions/guice-multibindings/4.0/guice-multibindings-4.0.jar:/home/user/.m2/repository/com/google/inject/guice/4.0/guice-4.0.jar:/home/user/.m2/repository/aopalliance/aopalliance/1.0/aopalliance-1.0.jar:/home/user/.m2/repository/org/glassfish/jersey/containers/jersey-container-servlet/2.27/jersey-container-servlet-2.27.jar:/home/user/.m2/repository/org/glassfish/hk2/guice-bridge/2.5.0/guice-bridge-2.5.0.jar:/home/user/.m2/repository/org/glassfish/jersey/core/jersey-server/2.27/jersey-server-2.27.jar:/home/user/.m2/repository/org/glassfish/jersey/core/jersey-client/2.27/jersey-client-2.27.jar:/home/user/.m2/repository/org/glassfish/jersey/media/jersey-media-jaxb/2.27/jersey-media-jaxb-2.27.jar:/home/user/.m2/repository/javax/validation/validation-api/1.1.0.Final/validation-api-1.1.0.Final.jar:/home/user/.m2/repository/org/glassfish/jersey/media/jersey-media-json-jackson/2.27/jersey-media-json-jackson-2.27.jar:/home/user/.m2/repository/org/glassfish/jersey/ext/jersey-entity-filtering/2.27/jersey-entity-filtering-2.27.jar:/home/user/.m2/repository/com/google/inject/extensions/guice-assistedinject/4.0/guice-assistedinject-4.0.jar:/home/user/.m2/repository/org/jooq/jooq/3.11.10/jooq-3.11.10.jar:/home/user/.m2/repository/org/jooq/jooq-meta/3.11.10/jooq-meta-3.11.10.jar:/home/user/.m2/repository/org/jooq/jooq-codegen/3.11.10/jooq-codegen-3.11.10.jar:/home/user/.m2/repository/com/jolbox/bonecp/0.8.0.RELEASE/bonecp-0.8.0.RELEASE.jar:/home/user/.m2/repository/org/springframework/spring-jdbc/5.1.3.RELEASE/spring-jdbc-5.1.3.RELEASE.jar:/home/user/.m2/repository/org/springframework/spring-beans/5.1.3.RELEASE/spring-beans-5.1.3.RELEASE.jar:/home/user/.m2/repository/org/springframework/spring-core/5.1.3.RELEASE/spring-core-5.1.3.RELEASE.jar:/home/user/.m2/repository/org/springframework/spring-jcl/5.1.3.RELEASE/spring-jcl-5.1.3.RELEASE.jar:/home/user/.m2/repository/org/springframework/spring-tx/5.1.3.RELEASE/spring-tx-5.1.3.RELEASE.jar:/home/user/.m2/repository/org/mockito/mockito-all/1.10.19/mockito-all-1.10.19.jar:/home/user/.m2/repository/junit/junit/4.11/junit-4.11.jar:/home/user/.m2/repository/org/hamcrest/hamcrest-core/1.3/hamcrest-core-1.3.jar:/home/user/.m2/repository/org/apache/hadoop/hadoop-distcp/3.2.0/hadoop-distcp-3.2.0.jar:/home/user/.m2/repository/org/apache/hadoop/hadoop-distcp/3.2.0/hadoop-distcp-3.2.0-tests.jar:/home/user/.m2/repository/org/apache/hadoop/hadoop-mapreduce-client-jobclient/3.2.0/hadoop-mapreduce-client-jobclient-3.2.0.jar:/home/user/.m2/repository/org/apache/hadoop/hadoop-mapreduce-client-common/3.2.0/hadoop-mapreduce-client-common-3.2.0.jar:/home/user/.m2/repository/org/apache/hadoop/hadoop-yarn-common/3.2.0/hadoop-yarn-common-3.2.0.jar:/home/user/.m2/repository/org/apache/hadoop/hadoop-yarn-api/3.2.0/hadoop-yarn-api-3.2.0.jar:/home/user/.m2/repository/com/sun/jersey/jersey-client/1.19/jersey-client-1.19.jar:/home/user/.m2/repository/com/sun/jersey/contribs/jersey-guice/1.19/jersey-guice-1.19.jar:/home/user/.m2/repository/com/fasterxml/jackson/jaxrs/jackson-jaxrs-json-provider/2.9.5/jackson-jaxrs-json-provider-2.9.5.jar:/home/user/.m2/repository/com/fasterxml/jackson/jaxrs/jackson-jaxrs-base/2.9.5/jackson-jaxrs-base-2.9.5.jar:/home/user/.m2/repository/org/apache/hadoop/hadoop-yarn-client/3.2.0/hadoop-yarn-client-3.2.0.jar:/home/user/.m2/repository/org/apache/hadoop/hadoop-mapreduce-client-core/3.2.0/hadoop-mapreduce-client-core-3.2.0.jar:/home/user/.m2/repository/com/google/inject/extensions/guice-servlet/4.0/guice-servlet-4.0.jar:/home/user/.m2/repository/org/powermock/powermock-module-junit4/1.6.5/powermock-module-junit4-1.6.5.jar:/home/user/.m2/repository/org/powermock/powermock-module-junit4-common/1.6.5/powermock-module-junit4-common-1.6.5.jar:/home/user/.m2/repository/org/powermock/powermock-core/1.6.5/powermock-core-1.6.5.jar:/home/user/.m2/repository/org/powermock/powermock-reflect/1.6.5/powermock-reflect-1.6.5.jar:/home/user/.m2/repository/org/powermock/powermock-api-mockito/1.6.5/powermock-api-mockito-1.6.5.jar:/home/user/.m2/repository/org/mockito/mockito-core/1.10.19/mockito-core-1.10.19.jar:/home/user/.m2/repository/org/objenesis/objenesis/1.0/objenesis-1.0.jar:/home/user/.m2/repository/org/powermock/powermock-api-mockito-common/1.6.5/powermock-api-mockito-common-1.6.5.jar:/home/user/.m2/repository/org/powermock/powermock-api-support/1.6.5/powermock-api-support-1.6.5.jar:"/>
    <property name="java.vm.vendor" value="IcedTea"/>
    <property name="sun.arch.data.model" value="64"/>
    <property name="test.build.dir" value="/workdir/hadoop-ozone/ozonefs/target/test-dir"/>
    <property name="test.cache.data" value=""/>
    <property name="java.vendor.url" value="https://icedtea.classpath.org"/>
    <property name="user.timezone" value=""/>
    <property name="java.vm.specification.version" value="1.8"/>
    <property name="os.name" value="Linux"/>
    <property name="test.build.data" value="/workdir/hadoop-ozone/ozonefs/target/test-dir"/>
    <property name="user.country" value="US"/>
    <property name="sun.java.launcher" value="SUN_STANDARD"/>
    <property name="sun.boot.library.path" value="/usr/lib/jvm/java-1.8-openjdk/jre/lib/amd64"/>
    <property name="sun.java.command" value="/workdir/hadoop-ozone/ozonefs/target/surefire/surefirebooter923467939707378500.jar /workdir/hadoop-ozone/ozonefs/target/surefire 2019-09-19T08-36-14_945-jvmRun1 surefire3014776145427716390tmp surefire_1147860365583387665351tmp"/>
    <property name="test" value="!TestMiniChaosOzoneCluster"/>
    <property name="surefire.test.class.path" value="/workdir/hadoop-ozone/ozonefs/target/test-classes:/workdir/hadoop-ozone/ozonefs/target/classes:/home/user/.m2/repository/org/apache/hadoop/hadoop-common/3.2.0/hadoop-common-3.2.0.jar:/home/user/.m2/repository/org/apache/hadoop/hadoop-annotations/3.2.0/hadoop-annotations-3.2.0.jar:/usr/lib/jvm/java-1.8-openjdk/jre/../lib/tools.jar:/home/user/.m2/repository/com/google/guava/guava/11.0.2/guava-11.0.2.jar:/home/user/.m2/repository/commons-cli/commons-cli/1.2/commons-cli-1.2.jar:/home/user/.m2/repository/org/apache/commons/commons-math3/3.1.1/commons-math3-3.1.1.jar:/home/user/.m2/repository/org/apache/httpcomponents/httpclient/4.5.2/httpclient-4.5.2.jar:/home/user/.m2/repository/org/apache/httpcomponents/httpcore/4.4.4/httpcore-4.4.4.jar:/home/user/.m2/repository/commons-codec/commons-codec/1.11/commons-codec-1.11.jar:/home/user/.m2/repository/commons-io/commons-io/2.5/commons-io-2.5.jar:/home/user/.m2/repository/commons-net/commons-net/3.6/commons-net-3.6.jar:/home/user/.m2/repository/commons-collections/commons-collections/3.2.2/commons-collections-3.2.2.jar:/home/user/.m2/repository/javax/servlet/javax.servlet-api/3.1.0/javax.servlet-api-3.1.0.jar:/home/user/.m2/repository/org/eclipse/jetty/jetty-server/9.3.24.v20180605/jetty-server-9.3.24.v20180605.jar:/home/user/.m2/repository/org/eclipse/jetty/jetty-http/9.3.24.v20180605/jetty-http-9.3.24.v20180605.jar:/home/user/.m2/repository/org/eclipse/jetty/jetty-io/9.3.24.v20180605/jetty-io-9.3.24.v20180605.jar:/home/user/.m2/repository/org/eclipse/jetty/jetty-util/9.3.24.v20180605/jetty-util-9.3.24.v20180605.jar:/home/user/.m2/repository/org/eclipse/jetty/jetty-servlet/9.3.24.v20180605/jetty-servlet-9.3.24.v20180605.jar:/home/user/.m2/repository/org/eclipse/jetty/jetty-security/9.3.24.v20180605/jetty-security-9.3.24.v20180605.jar:/home/user/.m2/repository/org/eclipse/jetty/jetty-webapp/9.3.24.v20180605/jetty-webapp-9.3.24.v20180605.jar:/home/user/.m2/repository/org/eclipse/jetty/jetty-xml/9.3.24.v20180605/jetty-xml-9.3.24.v20180605.jar:/home/user/.m2/repository/javax/servlet/jsp/jsp-api/2.1/jsp-api-2.1.jar:/home/user/.m2/repository/com/sun/jersey/jersey-core/1.19/jersey-core-1.19.jar:/home/user/.m2/repository/javax/ws/rs/jsr311-api/1.1.1/jsr311-api-1.1.1.jar:/home/user/.m2/repository/com/sun/jersey/jersey-servlet/1.19/jersey-servlet-1.19.jar:/home/user/.m2/repository/com/sun/jersey/jersey-json/1.19/jersey-json-1.19.jar:/home/user/.m2/repository/org/codehaus/jettison/jettison/1.1/jettison-1.1.jar:/home/user/.m2/repository/com/sun/xml/bind/jaxb-impl/2.3.0.1/jaxb-impl-2.3.0.1.jar:/home/user/.m2/repository/org/codehaus/jackson/jackson-core-asl/1.9.13/jackson-core-asl-1.9.13.jar:/home/user/.m2/repository/org/codehaus/jackson/jackson-mapper-asl/1.9.13/jackson-mapper-asl-1.9.13.jar:/home/user/.m2/repository/org/codehaus/jackson/jackson-jaxrs/1.9.13/jackson-jaxrs-1.9.13.jar:/home/user/.m2/repository/org/codehaus/jackson/jackson-xc/1.9.13/jackson-xc-1.9.13.jar:/home/user/.m2/repository/com/sun/jersey/jersey-server/1.19/jersey-server-1.19.jar:/home/user/.m2/repository/commons-logging/commons-logging/1.1.3/commons-logging-1.1.3.jar:/home/user/.m2/repository/log4j/log4j/1.2.17/log4j-1.2.17.jar:/home/user/.m2/repository/commons-beanutils/commons-beanutils/1.9.3/commons-beanutils-1.9.3.jar:/home/user/.m2/repository/org/apache/commons/commons-configuration2/2.1.1/commons-configuration2-2.1.1.jar:/home/user/.m2/repository/org/apache/commons/commons-lang3/3.7/commons-lang3-3.7.jar:/home/user/.m2/repository/org/apache/commons/commons-text/1.4/commons-text-1.4.jar:/home/user/.m2/repository/org/slf4j/slf4j-api/1.7.25/slf4j-api-1.7.25.jar:/home/user/.m2/repository/org/slf4j/slf4j-log4j12/1.7.25/slf4j-log4j12-1.7.25.jar:/home/user/.m2/repository/org/apache/avro/avro/1.7.7/avro-1.7.7.jar:/home/user/.m2/repository/com/thoughtworks/paranamer/paranamer/2.3/paranamer-2.3.jar:/home/user/.m2/repository/org/xerial/snappy/snappy-java/1.0.5/snappy-java-1.0.5.jar:/home/user/.m2/repository/com/google/re2j/re2j/1.1/re2j-1.1.jar:/home/user/.m2/repository/com/google/protobuf/protobuf-java/2.5.0/protobuf-java-2.5.0.jar:/home/user/.m2/repository/com/google/code/gson/gson/2.2.4/gson-2.2.4.jar:/home/user/.m2/repository/org/apache/hadoop/hadoop-auth/3.2.0/hadoop-auth-3.2.0.jar:/home/user/.m2/repository/com/nimbusds/nimbus-jose-jwt/4.41.1/nimbus-jose-jwt-4.41.1.jar:/home/user/.m2/repository/com/github/stephenc/jcip/jcip-annotations/1.0-1/jcip-annotations-1.0-1.jar:/home/user/.m2/repository/net/minidev/json-smart/2.3/json-smart-2.3.jar:/home/user/.m2/repository/net/minidev/accessors-smart/1.2/accessors-smart-1.2.jar:/home/user/.m2/repository/org/apache/curator/curator-framework/2.12.0/curator-framework-2.12.0.jar:/home/user/.m2/repository/com/jcraft/jsch/0.1.54/jsch-0.1.54.jar:/home/user/.m2/repository/org/apache/curator/curator-client/2.12.0/curator-client-2.12.0.jar:/home/user/.m2/repository/org/apache/curator/curator-recipes/2.12.0/curator-recipes-2.12.0.jar:/home/user/.m2/repository/com/google/code/findbugs/jsr305/3.0.0/jsr305-3.0.0.jar:/home/user/.m2/repository/org/apache/htrace/htrace-core4/4.1.0-incubating/htrace-core4-4.1.0-incubating.jar:/home/user/.m2/repository/org/apache/zookeeper/zookeeper/3.4.13/zookeeper-3.4.13.jar:/home/user/.m2/repository/org/apache/yetus/audience-annotations/0.5.0/audience-annotations-0.5.0.jar:/home/user/.m2/repository/org/apache/commons/commons-compress/1.4.1/commons-compress-1.4.1.jar:/home/user/.m2/repository/org/tukaani/xz/1.0/xz-1.0.jar:/home/user/.m2/repository/org/apache/kerby/kerb-simplekdc/1.0.1/kerb-simplekdc-1.0.1.jar:/home/user/.m2/repository/org/apache/kerby/kerb-client/1.0.1/kerb-client-1.0.1.jar:/home/user/.m2/repository/org/apache/kerby/kerby-config/1.0.1/kerby-config-1.0.1.jar:/home/user/.m2/repository/org/apache/kerby/kerb-core/1.0.1/kerb-core-1.0.1.jar:/home/user/.m2/repository/org/apache/kerby/kerby-pkix/1.0.1/kerby-pkix-1.0.1.jar:/home/user/.m2/repository/org/apache/kerby/kerby-asn1/1.0.1/kerby-asn1-1.0.1.jar:/home/user/.m2/repository/org/apache/kerby/kerby-util/1.0.1/kerby-util-1.0.1.jar:/home/user/.m2/repository/org/apache/kerby/kerb-common/1.0.1/kerb-common-1.0.1.jar:/home/user/.m2/repository/org/apache/kerby/kerb-crypto/1.0.1/kerb-crypto-1.0.1.jar:/home/user/.m2/repository/org/apache/kerby/kerb-util/1.0.1/kerb-util-1.0.1.jar:/home/user/.m2/repository/org/apache/kerby/token-provider/1.0.1/token-provider-1.0.1.jar:/home/user/.m2/repository/org/apache/kerby/kerb-admin/1.0.1/kerb-admin-1.0.1.jar:/home/user/.m2/repository/org/apache/kerby/kerb-server/1.0.1/kerb-server-1.0.1.jar:/home/user/.m2/repository/org/apache/kerby/kerb-identity/1.0.1/kerb-identity-1.0.1.jar:/home/user/.m2/repository/org/apache/kerby/kerby-xdr/1.0.1/kerby-xdr-1.0.1.jar:/home/user/.m2/repository/com/fasterxml/jackson/core/jackson-databind/2.9.5/jackson-databind-2.9.5.jar:/home/user/.m2/repository/com/fasterxml/jackson/core/jackson-annotations/2.9.5/jackson-annotations-2.9.5.jar:/home/user/.m2/repository/com/fasterxml/jackson/core/jackson-core/2.9.5/jackson-core-2.9.5.jar:/home/user/.m2/repository/org/codehaus/woodstox/stax2-api/3.1.4/stax2-api-3.1.4.jar:/home/user/.m2/repository/com/fasterxml/woodstox/woodstox-core/5.0.3/woodstox-core-5.0.3.jar:/home/user/.m2/repository/dnsjava/dnsjava/2.1.7/dnsjava-2.1.7.jar:/home/user/.m2/repository/org/apache/hadoop/hadoop-hdfs/3.2.0/hadoop-hdfs-3.2.0.jar:/home/user/.m2/repository/org/eclipse/jetty/jetty-util-ajax/9.3.24.v20180605/jetty-util-ajax-9.3.24.v20180605.jar:/home/user/.m2/repository/commons-daemon/commons-daemon/1.0.13/commons-daemon-1.0.13.jar:/home/user/.m2/repository/io/netty/netty/3.10.5.Final/netty-3.10.5.Final.jar:/home/user/.m2/repository/io/netty/netty-all/4.0.52.Final/netty-all-4.0.52.Final.jar:/home/user/.m2/repository/org/fusesource/leveldbjni/leveldbjni-all/1.8/leveldbjni-all-1.8.jar:/home/user/.m2/repository/org/apache/hadoop/hadoop-hdds-common/0.5.0-SNAPSHOT/hadoop-hdds-common-0.5.0-SNAPSHOT.jar:/home/user/.m2/repository/org/apache/hadoop/hadoop-hdds-config/0.5.0-SNAPSHOT/hadoop-hdds-config-0.5.0-SNAPSHOT.jar:/home/user/.m2/repository/javax/annotation/javax.annotation-api/1.2/javax.annotation-api-1.2.jar:/home/user/.m2/repository/org/apache/ratis/ratis-server/0.4.0-2337318-SNAPSHOT/ratis-server-0.4.0-2337318-SNAPSHOT.jar:/home/user/.m2/repository/org/apache/ratis/ratis-thirdparty-misc/0.2.0/ratis-thirdparty-misc-0.2.0.jar:/home/user/.m2/repository/org/apache/ratis/ratis-proto/0.4.0-2337318-SNAPSHOT/ratis-proto-0.4.0-2337318-SNAPSHOT.jar:/home/user/.m2/repository/org/apache/ratis/ratis-common/0.4.0-2337318-SNAPSHOT/ratis-common-0.4.0-2337318-SNAPSHOT.jar:/home/user/.m2/repository/org/apache/ratis/ratis-client/0.4.0-2337318-SNAPSHOT/ratis-client-0.4.0-2337318-SNAPSHOT.jar:/home/user/.m2/repository/org/apache/ratis/ratis-metrics/0.4.0-2337318-SNAPSHOT/ratis-metrics-0.4.0-2337318-SNAPSHOT.jar:/home/user/.m2/repository/org/apache/ratis/ratis-netty/0.4.0-2337318-SNAPSHOT/ratis-netty-0.4.0-2337318-SNAPSHOT.jar:/home/user/.m2/repository/org/apache/ratis/ratis-grpc/0.4.0-2337318-SNAPSHOT/ratis-grpc-0.4.0-2337318-SNAPSHOT.jar:/home/user/.m2/repository/org/rocksdb/rocksdbjni/6.0.1/rocksdbjni-6.0.1.jar:/home/user/.m2/repository/org/apache/logging/log4j/log4j-api/2.11.0/log4j-api-2.11.0.jar:/home/user/.m2/repository/org/apache/logging/log4j/log4j-core/2.11.0/log4j-core-2.11.0.jar:/home/user/.m2/repository/com/lmax/disruptor/3.4.2/disruptor-3.4.2.jar:/home/user/.m2/repository/org/apache/commons/commons-pool2/2.6.0/commons-pool2-2.6.0.jar:/home/user/.m2/repository/org/bouncycastle/bcpkix-jdk15on/1.60/bcpkix-jdk15on-1.60.jar:/home/user/.m2/repository/commons-validator/commons-validator/1.6/commons-validator-1.6.jar:/home/user/.m2/repository/commons-digester/commons-digester/1.8.1/commons-digester-1.8.1.jar:/home/user/.m2/repository/io/jaegertracing/jaeger-client/0.33.1/jaeger-client-0.33.1.jar:/home/user/.m2/repository/io/jaegertracing/jaeger-thrift/0.33.1/jaeger-thrift-0.33.1.jar:/home/user/.m2/repository/org/apache/thrift/libthrift/0.11.0/libthrift-0.11.0.jar:/home/user/.m2/repository/com/squareup/okhttp3/okhttp/3.9.0/okhttp-3.9.0.jar:/home/user/.m2/repository/com/squareup/okio/okio/1.13.0/okio-1.13.0.jar:/home/user/.m2/repository/io/jaegertracing/jaeger-core/0.33.1/jaeger-core-0.33.1.jar:/home/user/.m2/repository/io/jaegertracing/jaeger-tracerresolver/0.33.1/jaeger-tracerresolver-0.33.1.jar:/home/user/.m2/repository/io/opentracing/contrib/opentracing-tracerresolver/0.1.5/opentracing-tracerresolver-0.1.5.jar:/home/user/.m2/repository/io/opentracing/opentracing-util/0.31.0/opentracing-util-0.31.0.jar:/home/user/.m2/repository/io/opentracing/opentracing-api/0.31.0/opentracing-api-0.31.0.jar:/home/user/.m2/repository/io/opentracing/opentracing-noop/0.31.0/opentracing-noop-0.31.0.jar:/home/user/.m2/repository/org/yaml/snakeyaml/1.16/snakeyaml-1.16.jar:/home/user/.m2/repository/org/apache/hadoop/hadoop-hdfs-client/3.2.0/hadoop-hdfs-client-3.2.0.jar:/home/user/.m2/repository/info/picocli/picocli/3.9.6/picocli-3.9.6.jar:/home/user/.m2/repository/org/apache/hadoop/hadoop-hdds-server-scm/0.5.0-SNAPSHOT/hadoop-hdds-server-scm-0.5.0-SNAPSHOT.jar:/home/user/.m2/repository/org/apache/hadoop/hadoop-hdds-docs/0.5.0-SNAPSHOT/hadoop-hdds-docs-0.5.0-SNAPSHOT.jar:/home/user/.m2/repository/io/dropwizard/metrics/metrics-core/3.2.4/metrics-core-3.2.4.jar:/home/user/.m2/repository/org/hamcrest/hamcrest-all/1.3/hamcrest-all-1.3.jar:/home/user/.m2/repository/org/bouncycastle/bcprov-jdk15on/1.60/bcprov-jdk15on-1.60.jar:/home/user/.m2/repository/org/apache/hadoop/hadoop-hdds-server-framework/0.5.0-SNAPSHOT/hadoop-hdds-server-framework-0.5.0-SNAPSHOT.jar:/home/user/.m2/repository/org/apache/hadoop/hadoop-ozone-ozone-manager/0.5.0-SNAPSHOT/hadoop-ozone-ozone-manager-0.5.0-SNAPSHOT.jar:/home/user/.m2/repository/org/apache/hadoop/hadoop-hdds-container-service/0.5.0-SNAPSHOT/hadoop-hdds-container-service-0.5.0-SNAPSHOT.jar:/home/user/.m2/repository/org/apache/hadoop/hadoop-hdds-client/0.5.0-SNAPSHOT/hadoop-hdds-client-0.5.0-SNAPSHOT.jar:/home/user/.m2/repository/org/apache/hadoop/hadoop-ozone-common/0.5.0-SNAPSHOT/hadoop-ozone-common-0.5.0-SNAPSHOT.jar:/home/user/.m2/repository/org/apache/hadoop/hadoop-hdds-tools/0.5.0-SNAPSHOT/hadoop-hdds-tools-0.5.0-SNAPSHOT.jar:/home/user/.m2/repository/org/xerial/sqlite-jdbc/3.25.2/sqlite-jdbc-3.25.2.jar:/home/user/.m2/repository/org/apache/hadoop/hadoop-ozone-objectstore-service/0.5.0-SNAPSHOT/hadoop-ozone-objectstore-service-0.5.0-SNAPSHOT.jar:/home/user/.m2/repository/com/google/code/findbugs/findbugs/3.0.1/findbugs-3.0.1.jar:/home/user/.m2/repository/net/jcip/jcip-annotations/1.0/jcip-annotations-1.0.jar:/home/user/.m2/repository/com/google/code/findbugs/bcel-findbugs/6.0/bcel-findbugs-6.0.jar:/home/user/.m2/repository/com/google/code/findbugs/jFormatString/2.0.1/jFormatString-2.0.1.jar:/home/user/.m2/repository/dom4j/dom4j/1.6.1/dom4j-1.6.1.jar:/home/user/.m2/repository/xml-apis/xml-apis/1.0.b2/xml-apis-1.0.b2.jar:/home/user/.m2/repository/org/ow2/asm/asm-debug-all/5.0.2/asm-debug-all-5.0.2.jar:/home/user/.m2/repository/org/ow2/asm/asm-commons/5.0.2/asm-commons-5.0.2.jar:/home/user/.m2/repository/org/ow2/asm/asm-tree/5.0.2/asm-tree-5.0.2.jar:/home/user/.m2/repository/org/ow2/asm/asm/5.0.4/asm-5.0.4.jar:/home/user/.m2/repository/commons-lang/commons-lang/2.6/commons-lang-2.6.jar:/home/user/.m2/repository/com/apple/AppleJavaExtensions/1.4/AppleJavaExtensions-1.4.jar:/home/user/.m2/repository/jaxen/jaxen/1.1.6/jaxen-1.1.6.jar:/home/user/.m2/repository/org/apache/hadoop/hadoop-common/3.2.0/hadoop-common-3.2.0-tests.jar:/home/user/.m2/repository/org/apache/hadoop/hadoop-ozone-client/0.5.0-SNAPSHOT/hadoop-ozone-client-0.5.0-SNAPSHOT.jar:/home/user/.m2/repository/org/apache/hadoop/hadoop-hdfs/3.2.0/hadoop-hdfs-3.2.0-tests.jar:/workdir/hadoop-ozone/integration-test/target/test-classes:/home/user/.m2/repository/org/apache/hadoop/hadoop-ozone-s3gateway/0.5.0-SNAPSHOT/hadoop-ozone-s3gateway-0.5.0-SNAPSHOT.jar:/home/user/.m2/repository/org/jboss/weld/servlet/weld-servlet/2.4.7.Final/weld-servlet-2.4.7.Final.jar:/home/user/.m2/repository/org/glassfish/jersey/containers/jersey-container-servlet-core/2.27/jersey-container-servlet-core-2.27.jar:/home/user/.m2/repository/org/glassfish/hk2/external/javax.inject/2.5.0-b42/javax.inject-2.5.0-b42.jar:/home/user/.m2/repository/org/glassfish/jersey/core/jersey-common/2.27/jersey-common-2.27.jar:/home/user/.m2/repository/org/glassfish/hk2/osgi-resource-locator/1.0.1/osgi-resource-locator-1.0.1.jar:/home/user/.m2/repository/javax/ws/rs/javax.ws.rs-api/2.1/javax.ws.rs-api-2.1.jar:/home/user/.m2/repository/org/glassfish/jersey/ext/cdi/jersey-cdi1x/2.27/jersey-cdi1x-2.27.jar:/home/user/.m2/repository/org/glassfish/jersey/inject/jersey-hk2/2.27/jersey-hk2-2.27.jar:/home/user/.m2/repository/org/glassfish/hk2/hk2-locator/2.5.0-b42/hk2-locator-2.5.0-b42.jar:/home/user/.m2/repository/org/javassist/javassist/3.22.0-CR2/javassist-3.22.0-CR2.jar:/home/user/.m2/repository/org/glassfish/hk2/hk2-api/2.5.0/hk2-api-2.5.0.jar:/home/user/.m2/repository/org/glassfish/hk2/external/jakarta.inject/2.5.0/jakarta.inject-2.5.0.jar:/home/user/.m2/repository/org/glassfish/hk2/hk2-utils/2.5.0/hk2-utils-2.5.0.jar:/home/user/.m2/repository/jakarta/annotation/jakarta.annotation-api/1.3.4/jakarta.annotation-api-1.3.4.jar:/home/user/.m2/repository/org/glassfish/hk2/external/aopalliance-repackaged/2.5.0/aopalliance-repackaged-2.5.0.jar:/home/user/.m2/repository/com/fasterxml/jackson/dataformat/jackson-dataformat-xml/2.9.0/jackson-dataformat-xml-2.9.0.jar:/home/user/.m2/repository/com/fasterxml/jackson/module/jackson-module-jaxb-annotations/2.9.5/jackson-module-jaxb-annotations-2.9.5.jar:/home/user/.m2/repository/javax/enterprise/cdi-api/1.2/cdi-api-1.2.jar:/home/user/.m2/repository/javax/el/javax.el-api/3.0.0/javax.el-api-3.0.0.jar:/home/user/.m2/repository/javax/interceptor/javax.interceptor-api/1.2/javax.interceptor-api-1.2.jar:/home/user/.m2/repository/javax/inject/javax.inject/1/javax.inject-1.jar:/home/user/.m2/repository/com/sun/xml/bind/jaxb-core/2.3.0.1/jaxb-core-2.3.0.1.jar:/home/user/.m2/repository/javax/xml/bind/jaxb-api/2.3.0/jaxb-api-2.3.0.jar:/home/user/.m2/repository/javax/activation/activation/1.1.1/activation-1.1.1.jar:/home/user/.m2/repository/org/apache/hadoop/hadoop-ozone-csi/0.5.0-SNAPSHOT/hadoop-ozone-csi-0.5.0-SNAPSHOT.jar:/home/user/.m2/repository/com/google/protobuf/protobuf-java-util/3.5.1/protobuf-java-util-3.5.1.jar:/home/user/.m2/repository/io/grpc/grpc-netty/1.17.1/grpc-netty-1.17.1.jar:/home/user/.m2/repository/io/grpc/grpc-core/1.17.1/grpc-core-1.17.1.jar:/home/user/.m2/repository/io/grpc/grpc-context/1.17.1/grpc-context-1.17.1.jar:/home/user/.m2/repository/com/google/errorprone/error_prone_annotations/2.2.0/error_prone_annotations-2.2.0.jar:/home/user/.m2/repository/org/codehaus/mojo/animal-sniffer-annotations/1.17/animal-sniffer-annotations-1.17.jar:/home/user/.m2/repository/io/opencensus/opencensus-api/0.17.0/opencensus-api-0.17.0.jar:/home/user/.m2/repository/io/opencensus/opencensus-contrib-grpc-metrics/0.17.0/opencensus-contrib-grpc-metrics-0.17.0.jar:/home/user/.m2/repository/io/netty/netty-codec-http2/4.1.30.Final/netty-codec-http2-4.1.30.Final.jar:/home/user/.m2/repository/io/netty/netty-codec-http/4.1.30.Final/netty-codec-http-4.1.30.Final.jar:/home/user/.m2/repository/io/netty/netty-codec/4.1.30.Final/netty-codec-4.1.30.Final.jar:/home/user/.m2/repository/io/netty/netty-handler/4.1.30.Final/netty-handler-4.1.30.Final.jar:/home/user/.m2/repository/io/netty/netty-handler-proxy/4.1.30.Final/netty-handler-proxy-4.1.30.Final.jar:/home/user/.m2/repository/io/netty/netty-codec-socks/4.1.30.Final/netty-codec-socks-4.1.30.Final.jar:/home/user/.m2/repository/io/netty/netty-transport-native-epoll/4.1.30.Final/netty-transport-native-epoll-4.1.30.Final.jar:/home/user/.m2/repository/io/netty/netty-common/4.1.30.Final/netty-common-4.1.30.Final.jar:/home/user/.m2/repository/io/netty/netty-buffer/4.1.30.Final/netty-buffer-4.1.30.Final.jar:/home/user/.m2/repository/io/netty/netty-transport/4.1.30.Final/netty-transport-4.1.30.Final.jar:/home/user/.m2/repository/io/netty/netty-resolver/4.1.30.Final/netty-resolver-4.1.30.Final.jar:/home/user/.m2/repository/io/netty/netty-transport-native-unix-common/4.1.30.Final/netty-transport-native-unix-common-4.1.30.Final.jar:/home/user/.m2/repository/io/grpc/grpc-protobuf/1.17.1/grpc-protobuf-1.17.1.jar:/home/user/.m2/repository/com/google/api/grpc/proto-google-common-protos/1.0.0/proto-google-common-protos-1.0.0.jar:/home/user/.m2/repository/io/grpc/grpc-protobuf-lite/1.17.1/grpc-protobuf-lite-1.17.1.jar:/home/user/.m2/repository/io/grpc/grpc-stub/1.17.1/grpc-stub-1.17.1.jar:/home/user/.m2/repository/org/apache/hadoop/hadoop-ozone-recon/0.5.0-SNAPSHOT/hadoop-ozone-recon-0.5.0-SNAPSHOT.jar:/home/user/.m2/repository/org/apache/hadoop/hadoop-ozone-reconcodegen/0.5.0-SNAPSHOT/hadoop-ozone-reconcodegen-0.5.0-SNAPSHOT.jar:/home/user/.m2/repository/com/google/inject/extensions/guice-multibindings/4.0/guice-multibindings-4.0.jar:/home/user/.m2/repository/com/google/inject/guice/4.0/guice-4.0.jar:/home/user/.m2/repository/aopalliance/aopalliance/1.0/aopalliance-1.0.jar:/home/user/.m2/repository/org/glassfish/jersey/containers/jersey-container-servlet/2.27/jersey-container-servlet-2.27.jar:/home/user/.m2/repository/org/glassfish/hk2/guice-bridge/2.5.0/guice-bridge-2.5.0.jar:/home/user/.m2/repository/org/glassfish/jersey/core/jersey-server/2.27/jersey-server-2.27.jar:/home/user/.m2/repository/org/glassfish/jersey/core/jersey-client/2.27/jersey-client-2.27.jar:/home/user/.m2/repository/org/glassfish/jersey/media/jersey-media-jaxb/2.27/jersey-media-jaxb-2.27.jar:/home/user/.m2/repository/javax/validation/validation-api/1.1.0.Final/validation-api-1.1.0.Final.jar:/home/user/.m2/repository/org/glassfish/jersey/media/jersey-media-json-jackson/2.27/jersey-media-json-jackson-2.27.jar:/home/user/.m2/repository/org/glassfish/jersey/ext/jersey-entity-filtering/2.27/jersey-entity-filtering-2.27.jar:/home/user/.m2/repository/com/google/inject/extensions/guice-assistedinject/4.0/guice-assistedinject-4.0.jar:/home/user/.m2/repository/org/jooq/jooq/3.11.10/jooq-3.11.10.jar:/home/user/.m2/repository/org/jooq/jooq-meta/3.11.10/jooq-meta-3.11.10.jar:/home/user/.m2/repository/org/jooq/jooq-codegen/3.11.10/jooq-codegen-3.11.10.jar:/home/user/.m2/repository/com/jolbox/bonecp/0.8.0.RELEASE/bonecp-0.8.0.RELEASE.jar:/home/user/.m2/repository/org/springframework/spring-jdbc/5.1.3.RELEASE/spring-jdbc-5.1.3.RELEASE.jar:/home/user/.m2/repository/org/springframework/spring-beans/5.1.3.RELEASE/spring-beans-5.1.3.RELEASE.jar:/home/user/.m2/repository/org/springframework/spring-core/5.1.3.RELEASE/spring-core-5.1.3.RELEASE.jar:/home/user/.m2/repository/org/springframework/spring-jcl/5.1.3.RELEASE/spring-jcl-5.1.3.RELEASE.jar:/home/user/.m2/repository/org/springframework/spring-tx/5.1.3.RELEASE/spring-tx-5.1.3.RELEASE.jar:/home/user/.m2/repository/org/mockito/mockito-all/1.10.19/mockito-all-1.10.19.jar:/home/user/.m2/repository/junit/junit/4.11/junit-4.11.jar:/home/user/.m2/repository/org/hamcrest/hamcrest-core/1.3/hamcrest-core-1.3.jar:/home/user/.m2/repository/org/apache/hadoop/hadoop-distcp/3.2.0/hadoop-distcp-3.2.0.jar:/home/user/.m2/repository/org/apache/hadoop/hadoop-distcp/3.2.0/hadoop-distcp-3.2.0-tests.jar:/home/user/.m2/repository/org/apache/hadoop/hadoop-mapreduce-client-jobclient/3.2.0/hadoop-mapreduce-client-jobclient-3.2.0.jar:/home/user/.m2/repository/org/apache/hadoop/hadoop-mapreduce-client-common/3.2.0/hadoop-mapreduce-client-common-3.2.0.jar:/home/user/.m2/repository/org/apache/hadoop/hadoop-yarn-common/3.2.0/hadoop-yarn-common-3.2.0.jar:/home/user/.m2/repository/org/apache/hadoop/hadoop-yarn-api/3.2.0/hadoop-yarn-api-3.2.0.jar:/home/user/.m2/repository/com/sun/jersey/jersey-client/1.19/jersey-client-1.19.jar:/home/user/.m2/repository/com/sun/jersey/contribs/jersey-guice/1.19/jersey-guice-1.19.jar:/home/user/.m2/repository/com/fasterxml/jackson/jaxrs/jackson-jaxrs-json-provider/2.9.5/jackson-jaxrs-json-provider-2.9.5.jar:/home/user/.m2/repository/com/fasterxml/jackson/jaxrs/jackson-jaxrs-base/2.9.5/jackson-jaxrs-base-2.9.5.jar:/home/user/.m2/repository/org/apache/hadoop/hadoop-yarn-client/3.2.0/hadoop-yarn-client-3.2.0.jar:/home/user/.m2/repository/org/apache/hadoop/hadoop-mapreduce-client-core/3.2.0/hadoop-mapreduce-client-core-3.2.0.jar:/home/user/.m2/repository/com/google/inject/extensions/guice-servlet/4.0/guice-servlet-4.0.jar:/home/user/.m2/repository/org/powermock/powermock-module-junit4/1.6.5/powermock-module-junit4-1.6.5.jar:/home/user/.m2/repository/org/powermock/powermock-module-junit4-common/1.6.5/powermock-module-junit4-common-1.6.5.jar:/home/user/.m2/repository/org/powermock/powermock-core/1.6.5/powermock-core-1.6.5.jar:/home/user/.m2/repository/org/powermock/powermock-reflect/1.6.5/powermock-reflect-1.6.5.jar:/home/user/.m2/repository/org/powermock/powermock-api-mockito/1.6.5/powermock-api-mockito-1.6.5.jar:/home/user/.m2/repository/org/mockito/mockito-core/1.10.19/mockito-core-1.10.19.jar:/home/user/.m2/repository/org/objenesis/objenesis/1.0/objenesis-1.0.jar:/home/user/.m2/repository/org/powermock/powermock-api-mockito-common/1.6.5/powermock-api-mockito-common-1.6.5.jar:/home/user/.m2/repository/org/powermock/powermock-api-support/1.6.5/powermock-api-support-1.6.5.jar:"/>
    <property name="sun.cpu.endian" value="little"/>
    <property name="user.home" value="/home/user"/>
    <property name="user.language" value="en"/>
    <property name="java.specification.vendor" value="Oracle Corporation"/>
    <property name="java.home" value="/usr/lib/jvm/java-1.8-openjdk/jre"/>
    <property name="java.security.krb5.conf" value="/workdir/hadoop-ozone/ozonefs/target/test-classes/krb5.conf"/>
    <property name="basedir" value="/workdir/hadoop-ozone/ozonefs"/>
    <property name="file.separator" value="/"/>
    <property name="line.separator" value="&#10;"/>
    <property name="java.vm.specification.vendor" value="Oracle Corporation"/>
    <property name="java.specification.name" value="Java Platform API Specification"/>
    <property name="java.awt.graphicsenv" value="sun.awt.X11GraphicsEnvironment"/>
    <property name="surefire.real.class.path" value="/workdir/hadoop-ozone/ozonefs/target/surefire/surefirebooter923467939707378500.jar"/>
    <property name="hadoop.log.dir" value="/workdir/hadoop-ozone/ozonefs/target/log"/>
    <property name="sun.boot.class.path" value="/usr/lib/jvm/java-1.8-openjdk/jre/lib/resources.jar:/usr/lib/jvm/java-1.8-openjdk/jre/lib/rt.jar:/usr/lib/jvm/java-1.8-openjdk/jre/lib/sunrsasign.jar:/usr/lib/jvm/java-1.8-openjdk/jre/lib/jsse.jar:/usr/lib/jvm/java-1.8-openjdk/jre/lib/jce.jar:/usr/lib/jvm/java-1.8-openjdk/jre/lib/charsets.jar:/usr/lib/jvm/java-1.8-openjdk/jre/lib/jfr.jar:/usr/lib/jvm/java-1.8-openjdk/jre/classes"/>
    <property name="sun.management.compiler" value="HotSpot 64-Bit Tiered Compilers"/>
    <property name="java.runtime.version" value="1.8.0_212-b04"/>
    <property name="java.net.preferIPv4Stack" value="true"/>
    <property name="user.name" value="jenkins1000"/>
    <property name="path.separator" value=":"/>
    <property name="java.security.egd" value="file:///dev/urandom"/>
    <property name="os.version" value="3.10.0-957.12.2.el7.x86_64"/>
    <property name="java.endorsed.dirs" value="/usr/lib/jvm/java-1.8-openjdk/jre/lib/endorsed"/>
    <property name="java.runtime.name" value="OpenJDK Runtime Environment"/>
    <property name="file.encoding" value="UTF-8"/>
    <property name="java.vm.name" value="OpenJDK 64-Bit Server VM"/>
    <property name="test.build.webapps" value=""/>
    <property name="localRepository" value="/home/user/.m2/repository"/>
    <property name="java.vendor.url.bug" value="https://icedtea.classpath.org/bugzilla"/>
    <property name="java.io.tmpdir" value="/tmp"/>
    <property name="require.test.libhadoop" value=""/>
    <property name="java.version" value="1.8.0_212"/>
    <property name="user.dir" value="/workdir/hadoop-ozone/ozonefs"/>
    <property name="os.arch" value="amd64"/>
    <property name="java.vm.specification.name" value="Java Virtual Machine Specification"/>
    <property name="test.build.classes" value="/workdir/hadoop-ozone/ozonefs/target/test-classes"/>
    <property name="java.awt.printerjob" value="sun.print.PSPrinterJob"/>
    <property name="sun.os.patch.level" value="unknown"/>
    <property name="hadoop.tmp.dir" value="/workdir/hadoop-ozone/ozonefs/target/tmp"/>
    <property name="java.library.path" value="/usr/lib/jvm/java-1.8-openjdk/jre/lib/amd64/server:/usr/lib/jvm/java-1.8-openjdk/jre/lib/amd64:/usr/lib/jvm/java-1.8-openjdk/jre/../lib/amd64:/workdir/hadoop-ozone/ozonefs/target/native/target/usr/local/lib:/workdir/hadoop-ozone/ozonefs/../../hadoop-common-project/hadoop-common/target/native/target/usr/local/lib:/usr/java/packages/lib/amd64:/usr/lib64:/lib64:/lib:/usr/lib"/>
    <property name="java.vm.info" value="mixed mode"/>
    <property name="java.vendor" value="IcedTea"/>
    <property name="java.vm.version" value="25.212-b04"/>
    <property name="java.ext.dirs" value="/usr/lib/jvm/java-1.8-openjdk/jre/lib/ext:/usr/java/packages/lib/ext"/>
    <property name="sun.io.unicode.encoding" value="UnicodeLittle"/>
    <property name="java.class.version" value="52.0"/>
  </properties>
  <testcase name="testOzoneManagerFileSystemInterface[0]" classname="org.apache.hadoop.fs.ozone.TestOzoneFileInterfaces" time="32.269"/>
  <testcase name="testListStatus[0]" classname="org.apache.hadoop.fs.ozone.TestOzoneFileInterfaces" time="22.718"/>
  <testcase name="testDirectory[0]" classname="org.apache.hadoop.fs.ozone.TestOzoneFileInterfaces" time="26.624"/>
  <testcase name="testPathToKey[0]" classname="org.apache.hadoop.fs.ozone.TestOzoneFileInterfaces" time="25.796"/>
  <testcase name="testFileSystemInit[0]" classname="org.apache.hadoop.fs.ozone.TestOzoneFileInterfaces" time="30.506"/>
  <testcase name="testOzFsReadWrite[0]" classname="org.apache.hadoop.fs.ozone.TestOzoneFileInterfaces" time="29.463">
    <error message="Allocated 0 blocks. Requested 1 blocks" type="INTERNAL_ERROR org.apache.hadoop.ozone.om.exceptions.OMException">INTERNAL_ERROR org.apache.hadoop.ozone.om.exceptions.OMException: Allocated 0 blocks. Requested 1 blocks
	at org.apache.hadoop.ozone.om.protocolPB.OzoneManagerProtocolClientSideTranslatorPB.handleError(OzoneManagerProtocolClientSideTranslatorPB.java:725)
	at org.apache.hadoop.ozone.om.protocolPB.OzoneManagerProtocolClientSideTranslatorPB.createFile(OzoneManagerProtocolClientSideTranslatorPB.java:1474)
	at org.apache.hadoop.ozone.client.rpc.RpcClient.createFile(RpcClient.java:984)
	at org.apache.hadoop.ozone.client.OzoneBucket.createFile(OzoneBucket.java:535)
	at org.apache.hadoop.fs.ozone.BasicOzoneClientAdapterImpl.createFile(BasicOzoneClientAdapterImpl.java:181)
	at org.apache.hadoop.fs.ozone.BasicOzoneFileSystem.createOutputStream(BasicOzoneFileSystem.java:249)
	at org.apache.hadoop.fs.ozone.BasicOzoneFileSystem.create(BasicOzoneFileSystem.java:230)
	at org.apache.hadoop.fs.FileSystem.create(FileSystem.java:1118)
	at org.apache.hadoop.fs.FileSystem.create(FileSystem.java:1098)
	at org.apache.hadoop.fs.FileSystem.create(FileSystem.java:987)
	at org.apache.hadoop.fs.FileSystem.create(FileSystem.java:975)
	at org.apache.hadoop.fs.ozone.TestOzoneFileInterfaces.testOzFsReadWrite(TestOzoneFileInterfaces.java:186)
	at sun.reflect.NativeMethodAccessorImpl.invoke0(Native Method)
	at sun.reflect.NativeMethodAccessorImpl.invoke(NativeMethodAccessorImpl.java:62)
	at sun.reflect.DelegatingMethodAccessorImpl.invoke(DelegatingMethodAccessorImpl.java:43)
	at java.lang.reflect.Method.invoke(Method.java:498)
	at org.junit.runners.model.FrameworkMethod$1.runReflectiveCall(FrameworkMethod.java:47)
	at org.junit.internal.runners.model.ReflectiveCallable.run(ReflectiveCallable.java:12)
	at org.junit.runners.model.FrameworkMethod.invokeExplosively(FrameworkMethod.java:44)
	at org.junit.internal.runners.statements.InvokeMethod.evaluate(InvokeMethod.java:17)
	at org.junit.internal.runners.statements.RunBefores.evaluate(RunBefores.java:26)
	at org.junit.internal.runners.statements.RunAfters.evaluate(RunAfters.java:27)
	at org.junit.runners.ParentRunner.runLeaf(ParentRunner.java:271)
	at org.junit.runners.BlockJUnit4ClassRunner.runChild(BlockJUnit4ClassRunner.java:70)
	at org.junit.runners.BlockJUnit4ClassRunner.runChild(BlockJUnit4ClassRunner.java:50)
	at org.junit.runners.ParentRunner$3.run(ParentRunner.java:238)
	at org.junit.runners.ParentRunner$1.schedule(ParentRunner.java:63)
	at org.junit.runners.ParentRunner.runChildren(ParentRunner.java:236)
	at org.junit.runners.ParentRunner.access$000(ParentRunner.java:53)
	at org.junit.runners.ParentRunner$2.evaluate(ParentRunner.java:229)
	at org.junit.runners.ParentRunner.run(ParentRunner.java:309)
	at org.junit.runners.Suite.runChild(Suite.java:127)
	at org.junit.runners.Suite.runChild(Suite.java:26)
	at org.junit.runners.ParentRunner$3.run(ParentRunner.java:238)
	at org.junit.runners.ParentRunner$1.schedule(ParentRunner.java:63)
	at org.junit.runners.ParentRunner.runChildren(ParentRunner.java:236)
	at org.junit.runners.ParentRunner.access$000(ParentRunner.java:53)
	at org.junit.runners.ParentRunner$2.evaluate(ParentRunner.java:229)
	at org.junit.runners.ParentRunner.run(ParentRunner.java:309)
	at org.apache.maven.surefire.junit4.JUnit4Provider.execute(JUnit4Provider.java:365)
	at org.apache.maven.surefire.junit4.JUnit4Provider.executeWithRerun(JUnit4Provider.java:273)
	at org.apache.maven.surefire.junit4.JUnit4Provider.executeTestSet(JUnit4Provider.java:238)
	at org.apache.maven.surefire.junit4.JUnit4Provider.invoke(JUnit4Provider.java:159)
	at org.apache.maven.surefire.booter.ForkedBooter.invokeProviderInSameClassLoader(ForkedBooter.java:384)
	at org.apache.maven.surefire.booter.ForkedBooter.runSuitesInProcess(ForkedBooter.java:345)
	at org.apache.maven.surefire.booter.ForkedBooter.execute(ForkedBooter.java:126)
	at org.apache.maven.surefire.booter.ForkedBooter.main(ForkedBooter.java:418)
</error>
    <system-out><![CDATA[2019-09-19 10:40:25,937 [main] WARN  server.ServerUtils (ServerUtils.java:getScmDbDir(145)) - ozone.scm.db.dirs is not configured. We recommend adding this setting. Falling back to ozone.metadata.dirs instead.
2019-09-19 10:40:26,225 [main] WARN  server.ServerUtils (ServerUtils.java:getScmDbDir(145)) - ozone.scm.db.dirs is not configured. We recommend adding this setting. Falling back to ozone.metadata.dirs instead.
2019-09-19 10:40:26,226 [main] WARN  server.ServerUtils (ServerUtils.java:getScmDbDir(145)) - ozone.scm.db.dirs is not configured. We recommend adding this setting. Falling back to ozone.metadata.dirs instead.
2019-09-19 10:40:26,226 [main] INFO  db.DBStoreBuilder (DBStoreBuilder.java:addTable(110)) - using custom profile for table: deletedBlocks
2019-09-19 10:40:26,227 [main] INFO  db.DBStoreBuilder (DBStoreBuilder.java:processTables(161)) - Using default column profile:DBProfile.DISK for Table:deletedBlocks
2019-09-19 10:40:26,227 [main] INFO  db.DBStoreBuilder (DBStoreBuilder.java:addTable(110)) - using custom profile for table: validCerts
2019-09-19 10:40:26,227 [main] INFO  db.DBStoreBuilder (DBStoreBuilder.java:processTables(161)) - Using default column profile:DBProfile.DISK for Table:validCerts
2019-09-19 10:40:26,228 [main] INFO  db.DBStoreBuilder (DBStoreBuilder.java:addTable(110)) - using custom profile for table: revokedCerts
2019-09-19 10:40:26,228 [main] INFO  db.DBStoreBuilder (DBStoreBuilder.java:processTables(161)) - Using default column profile:DBProfile.DISK for Table:revokedCerts
2019-09-19 10:40:26,228 [main] INFO  db.DBStoreBuilder (DBStoreBuilder.java:addTable(110)) - using custom profile for table: default
2019-09-19 10:40:26,229 [main] INFO  db.DBStoreBuilder (DBStoreBuilder.java:processTables(167)) - Using default column profile:DBProfile.DISK for Table:default
2019-09-19 10:40:26,229 [main] INFO  db.DBStoreBuilder (DBStoreBuilder.java:getDbProfile(198)) - Using default options. DBProfile.DISK
2019-09-19 10:40:28,813 [main] INFO  net.NodeSchemaLoader (NodeSchemaLoader.java:loadSchemaFromFile(125)) - Loading file from sun.misc.CompoundEnumeration@1bb78ae
2019-09-19 10:40:28,814 [main] INFO  net.NodeSchemaLoader (NodeSchemaLoader.java:loadSchema(171)) - Loading network topology layer schema file
2019-09-19 10:40:28,819 [main] WARN  server.ServerUtils (ServerUtils.java:sanitizeUserArgs(70)) - ozone.scm.stale.node.interval value = 300000 is larger than max = 100000 based on the key value of ozone.scm.heartbeat.thread.interval, reset to the max value 100000.
2019-09-19 10:40:28,819 [main] WARN  server.ServerUtils (ServerUtils.java:sanitizeUserArgs(70)) - ozone.scm.stale.node.interval value = 300000 is larger than max = 100000 based on the key value of ozone.scm.heartbeat.thread.interval, reset to the max value 100000.
2019-09-19 10:40:28,819 [main] INFO  node.SCMNodeManager (SCMNodeManager.java:<init>(121)) - Entering startup safe mode.
2019-09-19 10:40:28,820 [main] INFO  algorithms.ContainerPlacementPolicyFactory (ContainerPlacementPolicyFactory.java:getPolicy(56)) - Create container placement policy of type org.apache.hadoop.hdds.scm.container.placement.algorithms.SCMContainerPlacementRandom
2019-09-19 10:40:28,820 [main] WARN  server.ServerUtils (ServerUtils.java:getScmDbDir(145)) - ozone.scm.db.dirs is not configured. We recommend adding this setting. Falling back to ozone.metadata.dirs instead.
2019-09-19 10:40:29,760 [main] INFO  pipeline.SCMPipelineManager (SCMPipelineManager.java:initializePipelineState(126)) - No pipeline exists in current db
2019-09-19 10:40:29,760 [main] WARN  server.ServerUtils (ServerUtils.java:getScmDbDir(145)) - ozone.scm.db.dirs is not configured. We recommend adding this setting. Falling back to ozone.metadata.dirs instead.
2019-09-19 10:40:30,234 [main] WARN  events.EventQueue (EventQueue.java:fireEvent(175)) - No event handler registered for event TypedEvent{payloadType=SafeModeStatus, name='SafeModeStatus'}
2019-09-19 10:40:30,236 [main] INFO  ipc.CallQueueManager (CallQueueManager.java:<init>(84)) - Using callQueue: class java.util.concurrent.LinkedBlockingQueue, queueCapacity: 2000, scheduler: class org.apache.hadoop.ipc.DefaultRpcScheduler, ipcBackoff: false.
2019-09-19 10:40:30,237 [Socket Reader #1 for port 33288] INFO  ipc.Server (Server.java:run(1074)) - Starting Socket Reader #1 for port 33288
2019-09-19 10:40:30,239 [main] INFO  ipc.CallQueueManager (CallQueueManager.java:<init>(84)) - Using callQueue: class java.util.concurrent.LinkedBlockingQueue, queueCapacity: 2000, scheduler: class org.apache.hadoop.ipc.DefaultRpcScheduler, ipcBackoff: false.
2019-09-19 10:40:30,240 [Socket Reader #1 for port 37386] INFO  ipc.Server (Server.java:run(1074)) - Starting Socket Reader #1 for port 37386
2019-09-19 10:40:30,241 [main] INFO  ipc.CallQueueManager (CallQueueManager.java:<init>(84)) - Using callQueue: class java.util.concurrent.LinkedBlockingQueue, queueCapacity: 2000, scheduler: class org.apache.hadoop.ipc.DefaultRpcScheduler, ipcBackoff: false.
2019-09-19 10:40:30,242 [Socket Reader #1 for port 41518] INFO  ipc.Server (Server.java:run(1074)) - Starting Socket Reader #1 for port 41518
2019-09-19 10:40:30,246 [main] INFO  hdfs.DFSUtil (DFSUtil.java:httpServerTemplateForNNAndJN(1641)) - Starting Web-server for scm at: http://0.0.0.0:0
2019-09-19 10:40:30,248 [main] INFO  server.AuthenticationFilter (AuthenticationFilter.java:constructSecretProvider(240)) - Unable to initialize FileSignerSecretProvider, falling back to use random secrets.
2019-09-19 10:40:30,249 [main] WARN  http.HttpRequestLog (HttpRequestLog.java:getRequestLog(97)) - Jetty request log can only be enabled using Log4j
2019-09-19 10:40:30,252 [main] INFO  http.HttpServer2 (HttpServer2.java:addGlobalFilter(975)) - Added global filter 'safety' (class=org.apache.hadoop.http.HttpServer2$QuotingInputFilter)
2019-09-19 10:40:30,253 [main] INFO  http.HttpServer2 (HttpServer2.java:addFilter(948)) - Added filter static_user_filter (class=org.apache.hadoop.http.lib.StaticUserWebFilter$StaticUserFilter) to context scm
2019-09-19 10:40:30,253 [main] INFO  http.HttpServer2 (HttpServer2.java:addFilter(958)) - Added filter static_user_filter (class=org.apache.hadoop.http.lib.StaticUserWebFilter$StaticUserFilter) to context logs
2019-09-19 10:40:30,253 [main] INFO  http.HttpServer2 (HttpServer2.java:addFilter(958)) - Added filter static_user_filter (class=org.apache.hadoop.http.lib.StaticUserWebFilter$StaticUserFilter) to context static
2019-09-19 10:40:30,256 [main] INFO  server.StorageContainerManager (StorageContainerManager.java:start(759)) - StorageContainerLocationProtocol RPC server is listening at /0.0.0.0:41518
2019-09-19 10:40:30,258 [main] WARN  impl.MetricsConfig (MetricsConfig.java:loadFirst(134)) - Cannot locate configuration: tried hadoop-metrics2-storagecontainermanager.properties,hadoop-metrics2.properties
2019-09-19 10:40:30,259 [main] INFO  impl.MetricsSystemImpl (MetricsSystemImpl.java:startTimer(374)) - Scheduled Metric snapshot period at 10 second(s).
2019-09-19 10:40:30,259 [main] INFO  impl.MetricsSystemImpl (MetricsSystemImpl.java:start(191)) - StorageContainerManager metrics system started
2019-09-19 10:40:30,322 [main] INFO  server.SCMClientProtocolServer (SCMClientProtocolServer.java:start(151)) - RPC server for Client  is listening at /0.0.0.0:41518
2019-09-19 10:40:30,322 [IPC Server Responder] INFO  ipc.Server (Server.java:run(1314)) - IPC Server Responder: starting
2019-09-19 10:40:30,323 [IPC Server listener on 41518] INFO  ipc.Server (Server.java:run(1153)) - IPC Server listener on 41518: starting
2019-09-19 10:40:30,325 [main] INFO  server.StorageContainerManager (StorageContainerManager.java:start(769)) - ScmBlockLocationProtocol RPC server is listening at /0.0.0.0:37386
2019-09-19 10:40:30,325 [main] INFO  server.SCMBlockProtocolServer (SCMBlockProtocolServer.java:start(140)) - RPC server for Block Protocol is listening at /0.0.0.0:37386
2019-09-19 10:40:30,325 [IPC Server Responder] INFO  ipc.Server (Server.java:run(1314)) - IPC Server Responder: starting
2019-09-19 10:40:30,325 [IPC Server listener on 37386] INFO  ipc.Server (Server.java:run(1153)) - IPC Server listener on 37386: starting
2019-09-19 10:40:30,327 [main] INFO  server.StorageContainerManager (StorageContainerManager.java:start(773)) - ScmDatanodeProtocl RPC server is listening at /0.0.0.0:33288
2019-09-19 10:40:30,328 [main] INFO  server.SCMDatanodeProtocolServer (SCMDatanodeProtocolServer.java:start(191)) - RPC server for DataNodes is listening at /0.0.0.0:33288
2019-09-19 10:40:30,328 [IPC Server Responder] INFO  ipc.Server (Server.java:run(1314)) - IPC Server Responder: starting
2019-09-19 10:40:30,328 [IPC Server listener on 33288] INFO  ipc.Server (Server.java:run(1153)) - IPC Server listener on 33288: starting
2019-09-19 10:40:30,331 [main] INFO  http.HttpServer2 (HttpServer2.java:bindListener(1191)) - Jetty bound to port 44200
2019-09-19 10:40:30,331 [main] INFO  server.Server (Server.java:doStart(351)) - jetty-9.3.24.v20180605, build timestamp: 2018-06-05T17:11:56Z, git hash: 84205aa28f11a4f31f2a3b86d1bba2cc8ab69827
2019-09-19 10:40:30,333 [main] INFO  handler.ContextHandler (ContextHandler.java:doStart(781)) - Started o.e.j.s.ServletContextHandler@72ea6fcb{/logs,file:///workdir/hadoop-ozone/ozonefs/target/log,AVAILABLE}
2019-09-19 10:40:30,333 [main] INFO  handler.ContextHandler (ContextHandler.java:doStart(781)) - Started o.e.j.s.ServletContextHandler@4154ecd3{/static,jar:file:/home/user/.m2/repository/org/apache/hadoop/hadoop-hdds-server-scm/0.5.0-SNAPSHOT/hadoop-hdds-server-scm-0.5.0-SNAPSHOT.jar!/webapps/static,AVAILABLE}
2019-09-19 10:40:30,373 [main] INFO  handler.ContextHandler (ContextHandler.java:doStart(781)) - Started o.e.j.w.WebAppContext@f1e1d66{/,file:///tmp/jetty-0.0.0.0-44200-scm-_-any-570965890678966013.dir/webapp/,AVAILABLE}{/scm}
2019-09-19 10:40:30,374 [main] INFO  server.AbstractConnector (AbstractConnector.java:doStart(278)) - Started ServerConnector@3cd28235{HTTP/1.1,[http/1.1]}{0.0.0.0:44200}
2019-09-19 10:40:30,374 [main] INFO  server.Server (Server.java:doStart(419)) - Started @142845ms
2019-09-19 10:40:30,377 [main] INFO  server.BaseHttpServer (BaseHttpServer.java:updateConnectorAddress(213)) - HTTP server of SCM is listening at http://0.0.0.0:44200
2019-09-19 10:40:30,378 [main] WARN  server.ServerUtils (ServerUtils.java:getDBPath(222)) - ozone.om.db.dirs is not configured. We recommend adding this setting. Falling back to ozone.metadata.dirs instead.
2019-09-19 10:40:30,378 [org.apache.hadoop.util.JvmPauseMonitor$Monitor@140cfc5f] INFO  util.JvmPauseMonitor (JvmPauseMonitor.java:run(188)) - Starting JVM pause monitor
2019-09-19 10:40:30,651 [main] WARN  server.ServerUtils (ServerUtils.java:getDBPath(222)) - ozone.om.db.dirs is not configured. We recommend adding this setting. Falling back to ozone.metadata.dirs instead.
2019-09-19 10:40:30,651 [main] WARN  server.ServerUtils (ServerUtils.java:getDBPath(222)) - ozone.om.db.dirs is not configured. We recommend adding this setting. Falling back to ozone.metadata.dirs instead.
2019-09-19 10:40:30,652 [main] INFO  om.OzoneManager (OzoneManager.java:setOMNodeDetails(645)) - OM Service ID is not set. Setting it to the default ID: omServiceIdDefault
2019-09-19 10:40:30,652 [main] INFO  om.OzoneManager (OzoneManager.java:setOMNodeDetails(651)) - OM Node ID is not set. Setting it to the OmStorage's OmID: 4734d0ec-3da2-48ca-b1f9-69a511aca8b5
2019-09-19 10:40:30,652 [main] INFO  om.OzoneManager (OzoneManager.java:loadOMHAConfigs(602)) - Found matching OM address with OMServiceId: null, OMNodeId: null, RPC Address: localhost:0 and Ratis port: 9872
2019-09-19 10:40:30,658 | INFO  | SCMAudit | user=jenkins1000 | ip=192.168.157.204 | op=GET_SCM_INFO null | ret=SUCCESS |  
2019-09-19 10:40:30,661 [main] WARN  server.ServerUtils (ServerUtils.java:getDBPath(222)) - ozone.om.db.dirs is not configured. We recommend adding this setting. Falling back to ozone.metadata.dirs instead.
2019-09-19 10:40:30,662 [main] INFO  db.DBStoreBuilder (DBStoreBuilder.java:addTable(110)) - using custom profile for table: userTable
2019-09-19 10:40:30,662 [main] INFO  db.DBStoreBuilder (DBStoreBuilder.java:processTables(161)) - Using default column profile:DBProfile.DISK for Table:userTable
2019-09-19 10:40:30,662 [main] INFO  db.DBStoreBuilder (DBStoreBuilder.java:addTable(110)) - using custom profile for table: volumeTable
2019-09-19 10:40:30,663 [main] INFO  db.DBStoreBuilder (DBStoreBuilder.java:processTables(161)) - Using default column profile:DBProfile.DISK for Table:volumeTable
2019-09-19 10:40:30,663 [main] INFO  db.DBStoreBuilder (DBStoreBuilder.java:addTable(110)) - using custom profile for table: bucketTable
2019-09-19 10:40:30,663 [main] INFO  db.DBStoreBuilder (DBStoreBuilder.java:processTables(161)) - Using default column profile:DBProfile.DISK for Table:bucketTable
2019-09-19 10:40:30,664 [main] INFO  db.DBStoreBuilder (DBStoreBuilder.java:addTable(110)) - using custom profile for table: keyTable
2019-09-19 10:40:30,664 [main] INFO  db.DBStoreBuilder (DBStoreBuilder.java:processTables(161)) - Using default column profile:DBProfile.DISK for Table:keyTable
2019-09-19 10:40:30,664 [main] INFO  db.DBStoreBuilder (DBStoreBuilder.java:addTable(110)) - using custom profile for table: deletedTable
2019-09-19 10:40:30,664 [main] INFO  db.DBStoreBuilder (DBStoreBuilder.java:processTables(161)) - Using default column profile:DBProfile.DISK for Table:deletedTable
2019-09-19 10:40:30,665 [main] INFO  db.DBStoreBuilder (DBStoreBuilder.java:addTable(110)) - using custom profile for table: openKeyTable
2019-09-19 10:40:30,666 [main] INFO  db.DBStoreBuilder (DBStoreBuilder.java:processTables(161)) - Using default column profile:DBProfile.DISK for Table:openKeyTable
2019-09-19 10:40:30,666 [main] INFO  db.DBStoreBuilder (DBStoreBuilder.java:addTable(110)) - using custom profile for table: s3Table
2019-09-19 10:40:30,666 [main] INFO  db.DBStoreBuilder (DBStoreBuilder.java:processTables(161)) - Using default column profile:DBProfile.DISK for Table:s3Table
2019-09-19 10:40:30,666 [main] INFO  db.DBStoreBuilder (DBStoreBuilder.java:addTable(110)) - using custom profile for table: multipartInfoTable
2019-09-19 10:40:30,667 [main] INFO  db.DBStoreBuilder (DBStoreBuilder.java:processTables(161)) - Using default column profile:DBProfile.DISK for Table:multipartInfoTable
2019-09-19 10:40:30,667 [main] INFO  db.DBStoreBuilder (DBStoreBuilder.java:addTable(110)) - using custom profile for table: dTokenTable
2019-09-19 10:40:30,667 [main] INFO  db.DBStoreBuilder (DBStoreBuilder.java:processTables(161)) - Using default column profile:DBProfile.DISK for Table:dTokenTable
2019-09-19 10:40:30,668 [main] INFO  db.DBStoreBuilder (DBStoreBuilder.java:addTable(110)) - using custom profile for table: s3SecretTable
2019-09-19 10:40:30,668 [main] INFO  db.DBStoreBuilder (DBStoreBuilder.java:processTables(161)) - Using default column profile:DBProfile.DISK for Table:s3SecretTable
2019-09-19 10:40:30,668 [main] INFO  db.DBStoreBuilder (DBStoreBuilder.java:addTable(110)) - using custom profile for table: prefixTable
2019-09-19 10:40:30,668 [main] INFO  db.DBStoreBuilder (DBStoreBuilder.java:processTables(161)) - Using default column profile:DBProfile.DISK for Table:prefixTable
2019-09-19 10:40:30,669 [main] INFO  db.DBStoreBuilder (DBStoreBuilder.java:addTable(110)) - using custom profile for table: default
2019-09-19 10:40:30,669 [main] INFO  db.DBStoreBuilder (DBStoreBuilder.java:processTables(167)) - Using default column profile:DBProfile.DISK for Table:default
2019-09-19 10:40:30,669 [main] INFO  db.DBStoreBuilder (DBStoreBuilder.java:getDbProfile(198)) - Using default options. DBProfile.DISK
2019-09-19 10:40:38,930 [main] INFO  ipc.CallQueueManager (CallQueueManager.java:<init>(84)) - Using callQueue: class java.util.concurrent.LinkedBlockingQueue, queueCapacity: 2000, scheduler: class org.apache.hadoop.ipc.DefaultRpcScheduler, ipcBackoff: false.
2019-09-19 10:40:38,931 [Socket Reader #1 for port 37857] INFO  ipc.Server (Server.java:run(1074)) - Starting Socket Reader #1 for port 37857
2019-09-19 10:40:38,961 [main] INFO  om.OzoneManager (OzoneManager.java:start(1256)) - OzoneManager RPC server is listening at localhost/127.0.0.1:37857
2019-09-19 10:40:38,962 [main] INFO  impl.MetricsSystemImpl (MetricsSystemImpl.java:init(158)) - OzoneManager metrics system started (again)
2019-09-19 10:40:38,962 [IPC Server Responder] INFO  ipc.Server (Server.java:run(1314)) - IPC Server Responder: starting
2019-09-19 10:40:38,963 [IPC Server listener on 37857] INFO  ipc.Server (Server.java:run(1153)) - IPC Server listener on 37857: starting
2019-09-19 10:40:38,967 [main] INFO  hdfs.DFSUtil (DFSUtil.java:httpServerTemplateForNNAndJN(1641)) - Starting Web-server for ozoneManager at: http://0.0.0.0:0
2019-09-19 10:40:38,970 [main] INFO  server.AuthenticationFilter (AuthenticationFilter.java:constructSecretProvider(240)) - Unable to initialize FileSignerSecretProvider, falling back to use random secrets.
2019-09-19 10:40:38,971 [main] WARN  http.HttpRequestLog (HttpRequestLog.java:getRequestLog(97)) - Jetty request log can only be enabled using Log4j
2019-09-19 10:40:38,974 [main] INFO  http.HttpServer2 (HttpServer2.java:addGlobalFilter(975)) - Added global filter 'safety' (class=org.apache.hadoop.http.HttpServer2$QuotingInputFilter)
2019-09-19 10:40:38,975 [main] INFO  http.HttpServer2 (HttpServer2.java:addFilter(948)) - Added filter static_user_filter (class=org.apache.hadoop.http.lib.StaticUserWebFilter$StaticUserFilter) to context ozoneManager
2019-09-19 10:40:38,975 [main] INFO  http.HttpServer2 (HttpServer2.java:addFilter(958)) - Added filter static_user_filter (class=org.apache.hadoop.http.lib.StaticUserWebFilter$StaticUserFilter) to context static
2019-09-19 10:40:38,976 [main] INFO  http.HttpServer2 (HttpServer2.java:addFilter(958)) - Added filter static_user_filter (class=org.apache.hadoop.http.lib.StaticUserWebFilter$StaticUserFilter) to context logs
2019-09-19 10:40:38,977 [main] INFO  http.HttpServer2 (HttpServer2.java:bindListener(1191)) - Jetty bound to port 33289
2019-09-19 10:40:38,977 [main] INFO  server.Server (Server.java:doStart(351)) - jetty-9.3.24.v20180605, build timestamp: 2018-06-05T17:11:56Z, git hash: 84205aa28f11a4f31f2a3b86d1bba2cc8ab69827
2019-09-19 10:40:38,979 [main] INFO  handler.ContextHandler (ContextHandler.java:doStart(781)) - Started o.e.j.s.ServletContextHandler@2a7b5925{/logs,file:///workdir/hadoop-ozone/ozonefs/target/log,AVAILABLE}
2019-09-19 10:40:38,980 [main] INFO  handler.ContextHandler (ContextHandler.java:doStart(781)) - Started o.e.j.s.ServletContextHandler@6c9b6332{/static,jar:file:/home/user/.m2/repository/org/apache/hadoop/hadoop-ozone-ozone-manager/0.5.0-SNAPSHOT/hadoop-ozone-ozone-manager-0.5.0-SNAPSHOT.jar!/webapps/static,AVAILABLE}
2019-09-19 10:40:39,038 [main] INFO  handler.ContextHandler (ContextHandler.java:doStart(781)) - Started o.e.j.w.WebAppContext@2e1c8027{/,file:///tmp/jetty-0.0.0.0-33289-ozoneManager-_-any-1315324162663918302.dir/webapp/,AVAILABLE}{/ozoneManager}
2019-09-19 10:40:39,038 [main] INFO  server.AbstractConnector (AbstractConnector.java:doStart(278)) - Started ServerConnector@72d7afff{HTTP/1.1,[http/1.1]}{0.0.0.0:33289}
2019-09-19 10:40:39,039 [main] INFO  server.Server (Server.java:doStart(419)) - Started @151510ms
2019-09-19 10:40:39,040 [main] INFO  server.BaseHttpServer (BaseHttpServer.java:updateConnectorAddress(213)) - HTTP server of OZONEMANAGER is listening at http://0.0.0.0:33289
2019-09-19 10:40:39,049 [main] INFO  impl.MetricsSystemImpl (MetricsSystemImpl.java:init(158)) - HddsDatanode metrics system started (again)
2019-09-19 10:40:39,051 [main] INFO  ozone.HddsDatanodeService (HddsDatanodeService.java:start(184)) - HddsDatanodeService host:pr-hdds-1569-cpgw4-1311585219 ip:192.168.157.204
2019-09-19 10:40:39,059 [main] INFO  volume.HddsVolume (HddsVolume.java:<init>(176)) - Creating Volume: /workdir/hadoop-ozone/ozonefs/target/test-dir/MiniOzoneClusterImpl-95adb35c-95a9-4d64-bfad-30ad63d9b33a/datanode-0/data/containers/hdds of  storage type : DISK and capacity : 1482555576320
2019-09-19 10:40:39,060 [main] INFO  volume.VolumeSet (VolumeSet.java:initializeVolumeSet(170)) - Added Volume : /workdir/hadoop-ozone/ozonefs/target/test-dir/MiniOzoneClusterImpl-95adb35c-95a9-4d64-bfad-30ad63d9b33a/datanode-0/data/containers/hdds to VolumeSet
2019-09-19 10:40:39,060 [main] INFO  volume.ThrottledAsyncChecker (ThrottledAsyncChecker.java:schedule(140)) - Scheduling a check for org.apache.hadoop.ozone.container.common.volume.HddsVolume@1574f323
2019-09-19 10:40:39,061 [main] INFO  volume.HddsVolumeChecker (HddsVolumeChecker.java:checkAllVolumes(203)) - Scheduled health check for volume org.apache.hadoop.ozone.container.common.volume.HddsVolume@1574f323
2019-09-19 10:40:39,087 [main] INFO  impl.RaftServerProxy (ConfUtils.java:logGet(43)) - raft.rpc.type = GRPC (default)
2019-09-19 10:40:39,087 [main] INFO  grpc.GrpcFactory (GrpcFactory.java:checkPooledByteBufAllocatorUseCacheForAllThreads(45)) - PERFORMANCE WARNING: useCacheForAllThreads is true that may cause Netty to create a lot garbage objects and, as a result, trigger GC.
	It is recommended to disable useCacheForAllThreads by setting -Dorg.apache.ratis.thirdparty.io.netty.allocator.useCacheForAllThreads=false in command line.
2019-09-19 10:40:39,087 [main] INFO  grpc.GrpcConfigKeys$Server (ConfUtils.java:logGet(43)) - raft.grpc.server.port = 0 (default)
2019-09-19 10:40:39,087 [main] INFO  server.GrpcService (ConfUtils.java:logGet(43)) - raft.grpc.message.size.max = 33570816 (custom)
2019-09-19 10:40:39,088 [main] INFO  server.RaftServerConfigKeys (ConfUtils.java:logGet(43)) - raft.server.log.appender.buffer.byte-limit = 33554432 (custom)
2019-09-19 10:40:39,088 [main] INFO  server.GrpcService (ConfUtils.java:logGet(43)) - raft.grpc.flow.control.window = 1MB (=1048576) (default)
2019-09-19 10:40:39,088 [main] INFO  server.RaftServerConfigKeys (ConfUtils.java:logGet(43)) - raft.server.rpc.request.timeout = 3000ms (default)
2019-09-19 10:40:39,089 [main] INFO  server.RaftServerConfigKeys (ConfUtils.java:logGet(43)) - raft.server.storage.dir = [/workdir/hadoop-ozone/ozonefs/target/test-dir/MiniOzoneClusterImpl-95adb35c-95a9-4d64-bfad-30ad63d9b33a/datanode-0/data/ratis] (custom)
2019-09-19 10:40:39,090 [main] INFO  replication.SimpleContainerDownloader (SimpleContainerDownloader.java:<init>(72)) - Starting container downloader service to copy containers to replicate.
2019-09-19 10:40:39,093 [main] INFO  hdfs.DFSUtil (DFSUtil.java:httpServerTemplateForNNAndJN(1641)) - Starting Web-server for hddsDatanode at: http://0.0.0.0:0
2019-09-19 10:40:39,096 [main] INFO  server.AuthenticationFilter (AuthenticationFilter.java:constructSecretProvider(240)) - Unable to initialize FileSignerSecretProvider, falling back to use random secrets.
2019-09-19 10:40:39,097 [main] WARN  http.HttpRequestLog (HttpRequestLog.java:getRequestLog(97)) - Jetty request log can only be enabled using Log4j
2019-09-19 10:40:39,099 [main] INFO  http.HttpServer2 (HttpServer2.java:addGlobalFilter(975)) - Added global filter 'safety' (class=org.apache.hadoop.http.HttpServer2$QuotingInputFilter)
2019-09-19 10:40:39,100 [main] INFO  http.HttpServer2 (HttpServer2.java:addFilter(948)) - Added filter static_user_filter (class=org.apache.hadoop.http.lib.StaticUserWebFilter$StaticUserFilter) to context hddsDatanode
2019-09-19 10:40:39,100 [main] INFO  http.HttpServer2 (HttpServer2.java:addFilter(958)) - Added filter static_user_filter (class=org.apache.hadoop.http.lib.StaticUserWebFilter$StaticUserFilter) to context static
2019-09-19 10:40:39,100 [main] INFO  http.HttpServer2 (HttpServer2.java:addFilter(958)) - Added filter static_user_filter (class=org.apache.hadoop.http.lib.StaticUserWebFilter$StaticUserFilter) to context logs
2019-09-19 10:40:39,101 [main] INFO  http.HttpServer2 (HttpServer2.java:bindListener(1191)) - Jetty bound to port 43983
2019-09-19 10:40:39,101 [main] INFO  server.Server (Server.java:doStart(351)) - jetty-9.3.24.v20180605, build timestamp: 2018-06-05T17:11:56Z, git hash: 84205aa28f11a4f31f2a3b86d1bba2cc8ab69827
2019-09-19 10:40:39,104 [main] INFO  handler.ContextHandler (ContextHandler.java:doStart(781)) - Started o.e.j.s.ServletContextHandler@71e89a26{/logs,file:///workdir/hadoop-ozone/ozonefs/target/log,AVAILABLE}
2019-09-19 10:40:39,105 [main] INFO  handler.ContextHandler (ContextHandler.java:doStart(781)) - Started o.e.j.s.ServletContextHandler@18c26588{/static,jar:file:/home/user/.m2/repository/org/apache/hadoop/hadoop-hdds-container-service/0.5.0-SNAPSHOT/hadoop-hdds-container-service-0.5.0-SNAPSHOT.jar!/webapps/static,AVAILABLE}
2019-09-19 10:40:39,139 [main] INFO  handler.ContextHandler (ContextHandler.java:doStart(781)) - Started o.e.j.w.WebAppContext@1221d607{/,file:///tmp/jetty-0.0.0.0-43983-hddsDatanode-_-any-9087801614320350538.dir/webapp/,AVAILABLE}{/hddsDatanode}
2019-09-19 10:40:39,139 [main] INFO  server.AbstractConnector (AbstractConnector.java:doStart(278)) - Started ServerConnector@4b45c8e4{HTTP/1.1,[http/1.1]}{0.0.0.0:43983}
2019-09-19 10:40:39,140 [main] INFO  server.Server (Server.java:doStart(419)) - Started @151611ms
2019-09-19 10:40:39,141 [main] INFO  server.BaseHttpServer (BaseHttpServer.java:updateConnectorAddress(213)) - HTTP server of HDDSDATANODE is listening at http://0.0.0.0:43983
2019-09-19 10:40:39,292 | INFO  | ObjectStoreRestHttpServer | Listening HDDS REST traffic on /0.0.0.0:35672 |  
2019-09-19 10:40:39,292 [main] INFO  ozone.HddsDatanodeService (HddsDatanodeService.java:startPlugins(395)) - Started plug-in org.apache.hadoop.ozone.web.OzoneHddsDatanodeService@64f2b1b4
2019-09-19 10:40:39,293 [main] INFO  impl.MetricsSystemImpl (MetricsSystemImpl.java:init(158)) - HddsDatanode metrics system started (again)
2019-09-19 10:40:39,297 [org.apache.hadoop.util.JvmPauseMonitor$Monitor@3e34f173] INFO  util.JvmPauseMonitor (JvmPauseMonitor.java:run(188)) - Starting JVM pause monitor
2019-09-19 10:40:39,298 [main] INFO  ozone.HddsDatanodeService (HddsDatanodeService.java:start(184)) - HddsDatanodeService host:pr-hdds-1569-cpgw4-1311585219 ip:192.168.157.204
2019-09-19 10:40:39,302 [Datanode State Machine Thread - 0] INFO  datanode.InitDatanodeState (InitDatanodeState.java:persistContainerDatanodeDetails(140)) - DatanodeDetails is persisted to /workdir/hadoop-ozone/ozonefs/target/test-dir/MiniOzoneClusterImpl-95adb35c-95a9-4d64-bfad-30ad63d9b33a/datanode-0/meta/datanode.id
2019-09-19 10:40:39,306 [main] INFO  volume.HddsVolume (HddsVolume.java:<init>(176)) - Creating Volume: /workdir/hadoop-ozone/ozonefs/target/test-dir/MiniOzoneClusterImpl-95adb35c-95a9-4d64-bfad-30ad63d9b33a/datanode-1/data/containers/hdds of  storage type : DISK and capacity : 1482555576320
2019-09-19 10:40:39,306 [main] INFO  volume.VolumeSet (VolumeSet.java:initializeVolumeSet(170)) - Added Volume : /workdir/hadoop-ozone/ozonefs/target/test-dir/MiniOzoneClusterImpl-95adb35c-95a9-4d64-bfad-30ad63d9b33a/datanode-1/data/containers/hdds to VolumeSet
2019-09-19 10:40:39,306 [main] INFO  volume.ThrottledAsyncChecker (ThrottledAsyncChecker.java:schedule(140)) - Scheduling a check for org.apache.hadoop.ozone.container.common.volume.HddsVolume@3a5ffea
2019-09-19 10:40:39,307 [main] INFO  volume.HddsVolumeChecker (HddsVolumeChecker.java:checkAllVolumes(203)) - Scheduled health check for volume org.apache.hadoop.ozone.container.common.volume.HddsVolume@3a5ffea
2019-09-19 10:40:39,326 [main] INFO  impl.RaftServerProxy (ConfUtils.java:logGet(43)) - raft.rpc.type = GRPC (default)
2019-09-19 10:40:39,327 [main] INFO  grpc.GrpcFactory (GrpcFactory.java:checkPooledByteBufAllocatorUseCacheForAllThreads(45)) - PERFORMANCE WARNING: useCacheForAllThreads is true that may cause Netty to create a lot garbage objects and, as a result, trigger GC.
	It is recommended to disable useCacheForAllThreads by setting -Dorg.apache.ratis.thirdparty.io.netty.allocator.useCacheForAllThreads=false in command line.
2019-09-19 10:40:39,327 [main] INFO  grpc.GrpcConfigKeys$Server (ConfUtils.java:logGet(43)) - raft.grpc.server.port = 0 (default)
2019-09-19 10:40:39,327 [main] INFO  server.GrpcService (ConfUtils.java:logGet(43)) - raft.grpc.message.size.max = 33570816 (custom)
2019-09-19 10:40:39,327 [main] INFO  server.RaftServerConfigKeys (ConfUtils.java:logGet(43)) - raft.server.log.appender.buffer.byte-limit = 33554432 (custom)
2019-09-19 10:40:39,327 [main] INFO  server.GrpcService (ConfUtils.java:logGet(43)) - raft.grpc.flow.control.window = 1MB (=1048576) (default)
2019-09-19 10:40:39,328 [main] INFO  server.RaftServerConfigKeys (ConfUtils.java:logGet(43)) - raft.server.rpc.request.timeout = 3000ms (default)
2019-09-19 10:40:39,329 [main] INFO  server.RaftServerConfigKeys (ConfUtils.java:logGet(43)) - raft.server.storage.dir = [/workdir/hadoop-ozone/ozonefs/target/test-dir/MiniOzoneClusterImpl-95adb35c-95a9-4d64-bfad-30ad63d9b33a/datanode-1/data/ratis] (custom)
2019-09-19 10:40:39,329 [main] INFO  replication.SimpleContainerDownloader (SimpleContainerDownloader.java:<init>(72)) - Starting container downloader service to copy containers to replicate.
2019-09-19 10:40:39,331 [main] INFO  hdfs.DFSUtil (DFSUtil.java:httpServerTemplateForNNAndJN(1641)) - Starting Web-server for hddsDatanode at: http://0.0.0.0:0
2019-09-19 10:40:39,333 [main] INFO  server.AuthenticationFilter (AuthenticationFilter.java:constructSecretProvider(240)) - Unable to initialize FileSignerSecretProvider, falling back to use random secrets.
2019-09-19 10:40:39,333 [main] WARN  http.HttpRequestLog (HttpRequestLog.java:getRequestLog(97)) - Jetty request log can only be enabled using Log4j
2019-09-19 10:40:39,335 [main] INFO  http.HttpServer2 (HttpServer2.java:addGlobalFilter(975)) - Added global filter 'safety' (class=org.apache.hadoop.http.HttpServer2$QuotingInputFilter)
2019-09-19 10:40:39,336 [main] INFO  http.HttpServer2 (HttpServer2.java:addFilter(948)) - Added filter static_user_filter (class=org.apache.hadoop.http.lib.StaticUserWebFilter$StaticUserFilter) to context hddsDatanode
2019-09-19 10:40:39,336 [main] INFO  http.HttpServer2 (HttpServer2.java:addFilter(958)) - Added filter static_user_filter (class=org.apache.hadoop.http.lib.StaticUserWebFilter$StaticUserFilter) to context logs
2019-09-19 10:40:39,336 [main] INFO  http.HttpServer2 (HttpServer2.java:addFilter(958)) - Added filter static_user_filter (class=org.apache.hadoop.http.lib.StaticUserWebFilter$StaticUserFilter) to context static
2019-09-19 10:40:39,337 [main] INFO  http.HttpServer2 (HttpServer2.java:bindListener(1191)) - Jetty bound to port 46746
2019-09-19 10:40:39,337 [main] INFO  server.Server (Server.java:doStart(351)) - jetty-9.3.24.v20180605, build timestamp: 2018-06-05T17:11:56Z, git hash: 84205aa28f11a4f31f2a3b86d1bba2cc8ab69827
2019-09-19 10:40:39,339 [main] INFO  handler.ContextHandler (ContextHandler.java:doStart(781)) - Started o.e.j.s.ServletContextHandler@16f62062{/logs,file:///workdir/hadoop-ozone/ozonefs/target/log,AVAILABLE}
2019-09-19 10:40:39,339 [main] INFO  handler.ContextHandler (ContextHandler.java:doStart(781)) - Started o.e.j.s.ServletContextHandler@3889c343{/static,jar:file:/home/user/.m2/repository/org/apache/hadoop/hadoop-hdds-container-service/0.5.0-SNAPSHOT/hadoop-hdds-container-service-0.5.0-SNAPSHOT.jar!/webapps/static,AVAILABLE}
2019-09-19 10:40:39,367 [main] INFO  handler.ContextHandler (ContextHandler.java:doStart(781)) - Started o.e.j.w.WebAppContext@112a50a1{/,file:///tmp/jetty-0.0.0.0-46746-hddsDatanode-_-any-465715976360396333.dir/webapp/,AVAILABLE}{/hddsDatanode}
2019-09-19 10:40:39,368 [main] INFO  server.AbstractConnector (AbstractConnector.java:doStart(278)) - Started ServerConnector@6258f9d1{HTTP/1.1,[http/1.1]}{0.0.0.0:46746}
2019-09-19 10:40:39,368 [main] INFO  server.Server (Server.java:doStart(419)) - Started @151839ms
2019-09-19 10:40:39,369 [main] INFO  server.BaseHttpServer (BaseHttpServer.java:updateConnectorAddress(213)) - HTTP server of HDDSDATANODE is listening at http://0.0.0.0:46746
2019-09-19 10:40:39,561 | INFO  | ObjectStoreRestHttpServer | Listening HDDS REST traffic on /0.0.0.0:36303 |  
2019-09-19 10:40:39,561 [main] INFO  ozone.HddsDatanodeService (HddsDatanodeService.java:startPlugins(395)) - Started plug-in org.apache.hadoop.ozone.web.OzoneHddsDatanodeService@3b28ab9b
2019-09-19 10:40:39,562 [main] INFO  impl.MetricsSystemImpl (MetricsSystemImpl.java:init(158)) - HddsDatanode metrics system started (again)
2019-09-19 10:40:39,565 [org.apache.hadoop.util.JvmPauseMonitor$Monitor@5a15e40] INFO  util.JvmPauseMonitor (JvmPauseMonitor.java:run(188)) - Starting JVM pause monitor
2019-09-19 10:40:39,565 [main] INFO  ozone.HddsDatanodeService (HddsDatanodeService.java:start(184)) - HddsDatanodeService host:pr-hdds-1569-cpgw4-1311585219 ip:192.168.157.204
2019-09-19 10:40:39,567 [Datanode State Machine Thread - 0] INFO  datanode.InitDatanodeState (InitDatanodeState.java:persistContainerDatanodeDetails(140)) - DatanodeDetails is persisted to /workdir/hadoop-ozone/ozonefs/target/test-dir/MiniOzoneClusterImpl-95adb35c-95a9-4d64-bfad-30ad63d9b33a/datanode-1/meta/datanode.id
2019-09-19 10:40:39,573 [main] INFO  volume.HddsVolume (HddsVolume.java:<init>(176)) - Creating Volume: /workdir/hadoop-ozone/ozonefs/target/test-dir/MiniOzoneClusterImpl-95adb35c-95a9-4d64-bfad-30ad63d9b33a/datanode-2/data/containers/hdds of  storage type : DISK and capacity : 1482555576320
2019-09-19 10:40:39,573 [main] INFO  volume.VolumeSet (VolumeSet.java:initializeVolumeSet(170)) - Added Volume : /workdir/hadoop-ozone/ozonefs/target/test-dir/MiniOzoneClusterImpl-95adb35c-95a9-4d64-bfad-30ad63d9b33a/datanode-2/data/containers/hdds to VolumeSet
2019-09-19 10:40:39,573 [main] INFO  volume.ThrottledAsyncChecker (ThrottledAsyncChecker.java:schedule(140)) - Scheduling a check for org.apache.hadoop.ozone.container.common.volume.HddsVolume@2faae7f6
2019-09-19 10:40:39,574 [main] INFO  volume.HddsVolumeChecker (HddsVolumeChecker.java:checkAllVolumes(203)) - Scheduled health check for volume org.apache.hadoop.ozone.container.common.volume.HddsVolume@2faae7f6
2019-09-19 10:40:39,592 [main] INFO  impl.RaftServerProxy (ConfUtils.java:logGet(43)) - raft.rpc.type = GRPC (default)
2019-09-19 10:40:39,592 [main] INFO  grpc.GrpcFactory (GrpcFactory.java:checkPooledByteBufAllocatorUseCacheForAllThreads(45)) - PERFORMANCE WARNING: useCacheForAllThreads is true that may cause Netty to create a lot garbage objects and, as a result, trigger GC.
	It is recommended to disable useCacheForAllThreads by setting -Dorg.apache.ratis.thirdparty.io.netty.allocator.useCacheForAllThreads=false in command line.
2019-09-19 10:40:39,593 [main] INFO  grpc.GrpcConfigKeys$Server (ConfUtils.java:logGet(43)) - raft.grpc.server.port = 0 (default)
2019-09-19 10:40:39,593 [main] INFO  server.GrpcService (ConfUtils.java:logGet(43)) - raft.grpc.message.size.max = 33570816 (custom)
2019-09-19 10:40:39,593 [main] INFO  server.RaftServerConfigKeys (ConfUtils.java:logGet(43)) - raft.server.log.appender.buffer.byte-limit = 33554432 (custom)
2019-09-19 10:40:39,593 [main] INFO  server.GrpcService (ConfUtils.java:logGet(43)) - raft.grpc.flow.control.window = 1MB (=1048576) (default)
2019-09-19 10:40:39,593 [main] INFO  server.RaftServerConfigKeys (ConfUtils.java:logGet(43)) - raft.server.rpc.request.timeout = 3000ms (default)
2019-09-19 10:40:39,594 [main] INFO  server.RaftServerConfigKeys (ConfUtils.java:logGet(43)) - raft.server.storage.dir = [/workdir/hadoop-ozone/ozonefs/target/test-dir/MiniOzoneClusterImpl-95adb35c-95a9-4d64-bfad-30ad63d9b33a/datanode-2/data/ratis] (custom)
2019-09-19 10:40:39,594 [main] INFO  replication.SimpleContainerDownloader (SimpleContainerDownloader.java:<init>(72)) - Starting container downloader service to copy containers to replicate.
2019-09-19 10:40:39,596 [main] INFO  hdfs.DFSUtil (DFSUtil.java:httpServerTemplateForNNAndJN(1641)) - Starting Web-server for hddsDatanode at: http://0.0.0.0:0
2019-09-19 10:40:39,597 [main] INFO  server.AuthenticationFilter (AuthenticationFilter.java:constructSecretProvider(240)) - Unable to initialize FileSignerSecretProvider, falling back to use random secrets.
2019-09-19 10:40:39,598 [main] WARN  http.HttpRequestLog (HttpRequestLog.java:getRequestLog(97)) - Jetty request log can only be enabled using Log4j
2019-09-19 10:40:39,599 [main] INFO  http.HttpServer2 (HttpServer2.java:addGlobalFilter(975)) - Added global filter 'safety' (class=org.apache.hadoop.http.HttpServer2$QuotingInputFilter)
2019-09-19 10:40:39,600 [main] INFO  http.HttpServer2 (HttpServer2.java:addFilter(948)) - Added filter static_user_filter (class=org.apache.hadoop.http.lib.StaticUserWebFilter$StaticUserFilter) to context hddsDatanode
2019-09-19 10:40:39,600 [main] INFO  http.HttpServer2 (HttpServer2.java:addFilter(958)) - Added filter static_user_filter (class=org.apache.hadoop.http.lib.StaticUserWebFilter$StaticUserFilter) to context logs
2019-09-19 10:40:39,600 [main] INFO  http.HttpServer2 (HttpServer2.java:addFilter(958)) - Added filter static_user_filter (class=org.apache.hadoop.http.lib.StaticUserWebFilter$StaticUserFilter) to context static
2019-09-19 10:40:39,601 [main] INFO  http.HttpServer2 (HttpServer2.java:bindListener(1191)) - Jetty bound to port 41798
2019-09-19 10:40:39,601 [main] INFO  server.Server (Server.java:doStart(351)) - jetty-9.3.24.v20180605, build timestamp: 2018-06-05T17:11:56Z, git hash: 84205aa28f11a4f31f2a3b86d1bba2cc8ab69827
2019-09-19 10:40:39,602 [main] INFO  handler.ContextHandler (ContextHandler.java:doStart(781)) - Started o.e.j.s.ServletContextHandler@34d0c331{/logs,file:///workdir/hadoop-ozone/ozonefs/target/log,AVAILABLE}
2019-09-19 10:40:39,603 [main] INFO  handler.ContextHandler (ContextHandler.java:doStart(781)) - Started o.e.j.s.ServletContextHandler@577f81a0{/static,jar:file:/home/user/.m2/repository/org/apache/hadoop/hadoop-hdds-container-service/0.5.0-SNAPSHOT/hadoop-hdds-container-service-0.5.0-SNAPSHOT.jar!/webapps/static,AVAILABLE}
2019-09-19 10:40:39,629 [main] INFO  handler.ContextHandler (ContextHandler.java:doStart(781)) - Started o.e.j.w.WebAppContext@51d2d336{/,file:///tmp/jetty-0.0.0.0-41798-hddsDatanode-_-any-991225995267947866.dir/webapp/,AVAILABLE}{/hddsDatanode}
2019-09-19 10:40:39,630 [main] INFO  server.AbstractConnector (AbstractConnector.java:doStart(278)) - Started ServerConnector@90c01ab{HTTP/1.1,[http/1.1]}{0.0.0.0:41798}
2019-09-19 10:40:39,631 [main] INFO  server.Server (Server.java:doStart(419)) - Started @152102ms
2019-09-19 10:40:39,632 [main] INFO  server.BaseHttpServer (BaseHttpServer.java:updateConnectorAddress(213)) - HTTP server of HDDSDATANODE is listening at http://0.0.0.0:41798
2019-09-19 10:40:39,773 | INFO  | ObjectStoreRestHttpServer | Listening HDDS REST traffic on /0.0.0.0:37236 |  
2019-09-19 10:40:39,773 [main] INFO  ozone.HddsDatanodeService (HddsDatanodeService.java:startPlugins(395)) - Started plug-in org.apache.hadoop.ozone.web.OzoneHddsDatanodeService@4f571c0e
2019-09-19 10:40:39,773 [main] INFO  ozone.MiniOzoneClusterImpl (MiniOzoneClusterImpl.java:lambda$waitForClusterToBeReady$0(142)) - Waiting for cluster to be ready. Got 0 of 3 DN Heartbeats.
2019-09-19 10:40:39,775 [org.apache.hadoop.util.JvmPauseMonitor$Monitor@6fc08a7c] INFO  util.JvmPauseMonitor (JvmPauseMonitor.java:run(188)) - Starting JVM pause monitor
2019-09-19 10:40:39,776 [Datanode State Machine Thread - 0] INFO  datanode.InitDatanodeState (InitDatanodeState.java:persistContainerDatanodeDetails(140)) - DatanodeDetails is persisted to /workdir/hadoop-ozone/ozonefs/target/test-dir/MiniOzoneClusterImpl-95adb35c-95a9-4d64-bfad-30ad63d9b33a/datanode-2/meta/datanode.id
2019-09-19 10:40:40,774 [main] INFO  ozone.MiniOzoneClusterImpl (MiniOzoneClusterImpl.java:lambda$waitForClusterToBeReady$0(142)) - Waiting for cluster to be ready. Got 0 of 3 DN Heartbeats.
2019-09-19 10:40:41,302 | INFO  | SCMAudit | user=jenkins1000 | ip=192.168.157.204 | op=GET_VERSION null | ret=SUCCESS |  
2019-09-19 10:40:41,347 [Datanode State Machine Thread - 0] INFO  ozoneimpl.OzoneContainer (OzoneContainer.java:start(186)) - Attempting to start container services.
2019-09-19 10:40:41,347 [Datanode State Machine Thread - 0] INFO  ozoneimpl.OzoneContainer (OzoneContainer.java:startContainerScrub(160)) - Background container scrubber has been disabled by hdds.containerscrub.enabled
2019-09-19 10:40:41,347 [Datanode State Machine Thread - 0] INFO  ratis.XceiverServerRatis (XceiverServerRatis.java:start(404)) - Starting XceiverServerRatis dc5e8d18-35dc-4ab2-b60d-1575c8ae4539 at port 0
2019-09-19 10:40:41,353 [Datanode State Machine Thread - 0] INFO  impl.RaftServerProxy (RaftServerProxy.java:lambda$start$3(299)) - dc5e8d18-35dc-4ab2-b60d-1575c8ae4539: start RPC server
2019-09-19 10:40:41,356 [Datanode State Machine Thread - 0] INFO  server.GrpcService (GrpcService.java:startImpl(149)) - dc5e8d18-35dc-4ab2-b60d-1575c8ae4539: GrpcService started, listening on 0.0.0.0/0.0.0.0:40172
2019-09-19 10:40:41,356 [Datanode State Machine Thread - 0] INFO  ratis.XceiverServerRatis (XceiverServerRatis.java:start(414)) - XceiverServerRatis dc5e8d18-35dc-4ab2-b60d-1575c8ae4539 is started using port 40172
2019-09-19 10:40:41,357 [Datanode State Machine Thread - 0] INFO  server.XceiverServerGrpc (XceiverServerGrpc.java:start(163)) - XceiverServerGrpc dc5e8d18-35dc-4ab2-b60d-1575c8ae4539 is started using port 42372
2019-09-19 10:40:41,565 | INFO  | SCMAudit | user=jenkins1000 | ip=192.168.157.204 | op=GET_VERSION null | ret=SUCCESS |  
2019-09-19 10:40:41,579 [Datanode State Machine Thread - 0] INFO  ozoneimpl.OzoneContainer (OzoneContainer.java:start(186)) - Attempting to start container services.
2019-09-19 10:40:41,582 [Datanode State Machine Thread - 0] INFO  ozoneimpl.OzoneContainer (OzoneContainer.java:startContainerScrub(160)) - Background container scrubber has been disabled by hdds.containerscrub.enabled
2019-09-19 10:40:41,582 [Datanode State Machine Thread - 0] INFO  ratis.XceiverServerRatis (XceiverServerRatis.java:start(404)) - Starting XceiverServerRatis fe4962de-281a-444f-941e-a238e9af76bd at port 0
2019-09-19 10:40:41,587 [Datanode State Machine Thread - 0] INFO  impl.RaftServerProxy (RaftServerProxy.java:lambda$start$3(299)) - fe4962de-281a-444f-941e-a238e9af76bd: start RPC server
2019-09-19 10:40:41,588 [Datanode State Machine Thread - 0] INFO  server.GrpcService (GrpcService.java:startImpl(149)) - fe4962de-281a-444f-941e-a238e9af76bd: GrpcService started, listening on 0.0.0.0/0.0.0.0:44401
2019-09-19 10:40:41,588 [Datanode State Machine Thread - 0] INFO  ratis.XceiverServerRatis (XceiverServerRatis.java:start(414)) - XceiverServerRatis fe4962de-281a-444f-941e-a238e9af76bd is started using port 44401
2019-09-19 10:40:41,589 [Datanode State Machine Thread - 0] INFO  server.XceiverServerGrpc (XceiverServerGrpc.java:start(163)) - XceiverServerGrpc fe4962de-281a-444f-941e-a238e9af76bd is started using port 37520
2019-09-19 10:40:41,775 [main] INFO  ozone.MiniOzoneClusterImpl (MiniOzoneClusterImpl.java:lambda$waitForClusterToBeReady$0(142)) - Waiting for cluster to be ready. Got 0 of 3 DN Heartbeats.
2019-09-19 10:40:41,776 | INFO  | SCMAudit | user=jenkins1000 | ip=192.168.157.204 | op=GET_VERSION null | ret=SUCCESS |  
2019-09-19 10:40:41,792 [Datanode State Machine Thread - 0] INFO  ozoneimpl.OzoneContainer (OzoneContainer.java:start(186)) - Attempting to start container services.
2019-09-19 10:40:41,794 [Datanode State Machine Thread - 0] INFO  ozoneimpl.OzoneContainer (OzoneContainer.java:startContainerScrub(160)) - Background container scrubber has been disabled by hdds.containerscrub.enabled
2019-09-19 10:40:41,794 [Datanode State Machine Thread - 0] INFO  ratis.XceiverServerRatis (XceiverServerRatis.java:start(404)) - Starting XceiverServerRatis 9446dbb8-be1e-4927-9a10-06bfbd259176 at port 0
2019-09-19 10:40:41,801 [Datanode State Machine Thread - 0] INFO  impl.RaftServerProxy (RaftServerProxy.java:lambda$start$3(299)) - 9446dbb8-be1e-4927-9a10-06bfbd259176: start RPC server
2019-09-19 10:40:41,806 [Datanode State Machine Thread - 0] INFO  server.GrpcService (GrpcService.java:startImpl(149)) - 9446dbb8-be1e-4927-9a10-06bfbd259176: GrpcService started, listening on 0.0.0.0/0.0.0.0:38286
2019-09-19 10:40:41,806 [Datanode State Machine Thread - 0] INFO  ratis.XceiverServerRatis (XceiverServerRatis.java:start(414)) - XceiverServerRatis 9446dbb8-be1e-4927-9a10-06bfbd259176 is started using port 38286
2019-09-19 10:40:41,807 [Datanode State Machine Thread - 0] INFO  server.XceiverServerGrpc (XceiverServerGrpc.java:start(163)) - XceiverServerGrpc 9446dbb8-be1e-4927-9a10-06bfbd259176 is started using port 37090
2019-09-19 10:40:42,775 [main] INFO  ozone.MiniOzoneClusterImpl (MiniOzoneClusterImpl.java:lambda$waitForClusterToBeReady$0(142)) - Waiting for cluster to be ready. Got 0 of 3 DN Heartbeats.
2019-09-19 10:40:43,302 [IPC Server handler 4 on 33288] INFO  net.NetworkTopology (NetworkTopologyImpl.java:add(110)) - Added a new node: /default-rack/dc5e8d18-35dc-4ab2-b60d-1575c8ae4539
2019-09-19 10:40:43,303 [IPC Server handler 4 on 33288] INFO  node.SCMNodeManager (SCMNodeManager.java:register(273)) - Registered Data node : dc5e8d18-35dc-4ab2-b60d-1575c8ae4539{ip: 192.168.157.204, host: pr-hdds-1569-cpgw4-1311585219, networkLocation: /default-rack, certSerialId: null}
2019-09-19 10:40:43,304 [EventQueue-NodeRegistrationContainerReportForDataNodeSafeModeRule] INFO  safemode.SCMSafeModeManager (DataNodeSafeModeRule.java:process(71)) - SCM in safe mode. 1 DataNodes registered, 1 required.
2019-09-19 10:40:43,306 [EventQueue-NodeRegistrationContainerReportForDataNodeSafeModeRule] INFO  safemode.SCMSafeModeManager (SCMSafeModeManager.java:validateSafeModeExitRules(177)) - ScmSafeModeManager, all rules are successfully validated
2019-09-19 10:40:43,306 [EventQueue-NodeRegistrationContainerReportForDataNodeSafeModeRule] INFO  safemode.SCMSafeModeManager (SCMSafeModeManager.java:exitSafeMode(193)) - SCM exiting safe mode.
2019-09-19 10:40:43,306 | INFO  | SCMAudit | user=jenkins1000 | ip=192.168.157.204 | op=REGISTER {datanodeDetails=dc5e8d18-35dc-4ab2-b60d-1575c8ae4539{ip: 192.168.157.204, host: pr-hdds-1569-cpgw4-1311585219, networkLocation: /default-rack, certSerialId: null}} | ret=SUCCESS |  
2019-09-19 10:40:43,320 [grpc-default-executor-0] INFO  impl.RaftServerProxy (RaftServerProxy.java:addNew(89)) - dc5e8d18-35dc-4ab2-b60d-1575c8ae4539: addNew group-B39883309508:[dc5e8d18-35dc-4ab2-b60d-1575c8ae4539:192.168.157.204:40172] returns group-B39883309508:java.util.concurrent.CompletableFuture@44db86a9[Not completed]
2019-09-19 10:40:43,324 [pool-292-thread-1] INFO  impl.RaftServerImpl (RaftServerImpl.java:<init>(93)) - dc5e8d18-35dc-4ab2-b60d-1575c8ae4539: new RaftServerImpl for group-B39883309508:[dc5e8d18-35dc-4ab2-b60d-1575c8ae4539:192.168.157.204:40172] with ContainerStateMachine:uninitialized
2019-09-19 10:40:43,324 [pool-292-thread-1] INFO  server.RaftServerConfigKeys (ConfUtils.java:logGet(43)) - raft.server.rpc.timeout.min = 5s (custom)
2019-09-19 10:40:43,324 [pool-292-thread-1] INFO  server.RaftServerConfigKeys (ConfUtils.java:logGet(43)) - raft.server.rpc.timeout.max = 5200ms (custom)
2019-09-19 10:40:43,324 [pool-292-thread-1] INFO  server.RaftServerConfigKeys (ConfUtils.java:logGet(43)) - raft.server.rpcslowness.timeout = 120s (custom)
2019-09-19 10:40:43,324 [pool-292-thread-1] INFO  server.RaftServerConfigKeys (ConfUtils.java:logGet(43)) - raft.server.sleep.deviation.threshold = 300 (default)
2019-09-19 10:40:43,324 [pool-292-thread-1] INFO  server.RaftServerConfigKeys (ConfUtils.java:logGet(43)) - raft.server.log.appender.install.snapshot.enabled = false (custom)
2019-09-19 10:40:43,325 [pool-292-thread-1] INFO  impl.RaftServerImpl (ServerState.java:<init>(105)) - dc5e8d18-35dc-4ab2-b60d-1575c8ae4539:group-B39883309508 ConfigurationManager, init=-1: [dc5e8d18-35dc-4ab2-b60d-1575c8ae4539:192.168.157.204:40172], old=null, confs=<EMPTY_MAP>
2019-09-19 10:40:43,325 [pool-292-thread-1] INFO  server.RaftServerConfigKeys (ConfUtils.java:logGet(43)) - raft.server.storage.dir = [/workdir/hadoop-ozone/ozonefs/target/test-dir/MiniOzoneClusterImpl-95adb35c-95a9-4d64-bfad-30ad63d9b33a/datanode-0/data/ratis] (custom)
2019-09-19 10:40:43,325 [pool-292-thread-1] INFO  storage.RaftStorageDirectory (RaftStorageDirectory.java:analyzeStorage(246)) - The storage directory /workdir/hadoop-ozone/ozonefs/target/test-dir/MiniOzoneClusterImpl-95adb35c-95a9-4d64-bfad-30ad63d9b33a/datanode-0/data/ratis/38c4dbee-bde8-4f73-890e-b39883309508 does not exist. Creating ...
2019-09-19 10:40:43,566 [IPC Server handler 0 on 33288] INFO  net.NetworkTopology (NetworkTopologyImpl.java:add(110)) - Added a new node: /default-rack/fe4962de-281a-444f-941e-a238e9af76bd
2019-09-19 10:40:43,566 [IPC Server handler 0 on 33288] INFO  node.SCMNodeManager (SCMNodeManager.java:register(273)) - Registered Data node : fe4962de-281a-444f-941e-a238e9af76bd{ip: 192.168.157.204, host: pr-hdds-1569-cpgw4-1311585219, networkLocation: /default-rack, certSerialId: null}
2019-09-19 10:40:43,566 | INFO  | SCMAudit | user=jenkins1000 | ip=192.168.157.204 | op=REGISTER {datanodeDetails=fe4962de-281a-444f-941e-a238e9af76bd{ip: 192.168.157.204, host: pr-hdds-1569-cpgw4-1311585219, networkLocation: /default-rack, certSerialId: null}} | ret=SUCCESS |  
2019-09-19 10:40:43,776 [main] INFO  ozone.MiniOzoneClusterImpl (MiniOzoneClusterImpl.java:lambda$waitForClusterToBeReady$0(142)) - Cluster is ready. Got 3 of 3 DN Heartbeats.
2019-09-19 10:40:43,776 [IPC Server handler 1 on 33288] INFO  net.NetworkTopology (NetworkTopologyImpl.java:add(110)) - Added a new node: /default-rack/9446dbb8-be1e-4927-9a10-06bfbd259176
2019-09-19 10:40:43,776 [IPC Server handler 1 on 33288] INFO  node.SCMNodeManager (SCMNodeManager.java:register(273)) - Registered Data node : 9446dbb8-be1e-4927-9a10-06bfbd259176{ip: 192.168.157.204, host: pr-hdds-1569-cpgw4-1311585219, networkLocation: /default-rack, certSerialId: null}
2019-09-19 10:40:43,777 | INFO  | SCMAudit | user=jenkins1000 | ip=192.168.157.204 | op=REGISTER {datanodeDetails=9446dbb8-be1e-4927-9a10-06bfbd259176{ip: 192.168.157.204, host: pr-hdds-1569-cpgw4-1311585219, networkLocation: /default-rack, certSerialId: null}} | ret=SUCCESS |  
2019-09-19 10:40:43,919 | INFO  | OMAudit | user=jenkins1000 | ip=127.0.0.1 | op=CREATE_VOLUME {admin=admin57103, owner=user25202, volume=volume64276, creationTime=1568889643918, quotaInBytes=1152921504606846976} | ret=SUCCESS |  
2019-09-19 10:40:43,924 | INFO  | OMAudit | user=jenkins1000 | ip=127.0.0.1 | op=CREATE_BUCKET {volume=volume64276, bucket=bucket40520, acls=[], isVersionEnabled=false, storageType=DISK, creationTime=0} | ret=SUCCESS |  
2019-09-19 10:40:43,941 | INFO  | OMAudit | user=jenkins1000 | ip=127.0.0.1 | op=READ_VOLUME {volume=volume64276} | ret=SUCCESS |  
2019-09-19 10:40:43,945 | INFO  | OMAudit | user=jenkins1000 | ip=127.0.0.1 | op=READ_BUCKET {volume=volume64276, bucket=bucket40520} | ret=SUCCESS |  
2019-09-19 10:40:44,033 [pool-292-thread-1] INFO  storage.RaftStorageDirectory (RaftStorageDirectory.java:tryLock(328)) - Lock on /workdir/hadoop-ozone/ozonefs/target/test-dir/MiniOzoneClusterImpl-95adb35c-95a9-4d64-bfad-30ad63d9b33a/datanode-0/data/ratis/38c4dbee-bde8-4f73-890e-b39883309508/in_use.lock acquired by nodename 10573@pr-hdds-1569-cpgw4-1311585219
2019-09-19 10:40:44,040 [pool-292-thread-1] INFO  storage.RaftStorage (RaftStorage.java:format(72)) - Storage directory /workdir/hadoop-ozone/ozonefs/target/test-dir/MiniOzoneClusterImpl-95adb35c-95a9-4d64-bfad-30ad63d9b33a/datanode-0/data/ratis/38c4dbee-bde8-4f73-890e-b39883309508 has been successfully formatted.
2019-09-19 10:40:44,040 [pool-292-thread-1] INFO  ratis.ContainerStateMachine (ContainerStateMachine.java:loadSnapshot(226)) - group-B39883309508: The snapshot info is null. Setting the last applied indexto:(t:0, i:~)
2019-09-19 10:40:44,040 [pool-292-thread-1] INFO  server.RaftServerConfigKeys (ConfUtils.java:logGet(43)) - raft.server.leader.election.timeout = 120s (custom)
2019-09-19 10:40:44,040 [pool-292-thread-1] INFO  server.RaftServerConfigKeys (ConfUtils.java:logGet(43)) - raft.server.log.use.memory = false (default)
2019-09-19 10:40:44,041 [pool-292-thread-1] INFO  server.RaftServerConfigKeys (ConfUtils.java:logGet(43)) - raft.server.log.purge.gap = 1000000 (custom)
2019-09-19 10:40:44,041 [pool-292-thread-1] INFO  server.RaftServerConfigKeys (ConfUtils.java:logGet(43)) - raft.server.log.appender.buffer.byte-limit = 33554432 (custom)
2019-09-19 10:40:44,041 [pool-292-thread-1] INFO  server.RaftServerConfigKeys (ConfUtils.java:logGet(43)) - raft.server.log.segment.size.max = 1048576 (custom)
2019-09-19 10:40:44,041 [pool-292-thread-1] INFO  server.RaftServerConfigKeys (ConfUtils.java:logGet(43)) - raft.server.log.segment.cache.num.max = 2 (custom)
2019-09-19 10:40:44,041 [pool-292-thread-1] INFO  segmented.SegmentedRaftLogWorker (SegmentedRaftLogWorker.java:<init>(172)) - new dc5e8d18-35dc-4ab2-b60d-1575c8ae4539-SegmentedRaftLogWorker:Storage Directory /workdir/hadoop-ozone/ozonefs/target/test-dir/MiniOzoneClusterImpl-95adb35c-95a9-4d64-bfad-30ad63d9b33a/datanode-0/data/ratis/38c4dbee-bde8-4f73-890e-b39883309508 for RaftStorage:Storage Directory /workdir/hadoop-ozone/ozonefs/target/test-dir/MiniOzoneClusterImpl-95adb35c-95a9-4d64-bfad-30ad63d9b33a/datanode-0/data/ratis/38c4dbee-bde8-4f73-890e-b39883309508
2019-09-19 10:40:44,041 [pool-292-thread-1] INFO  server.RaftServerConfigKeys (ConfUtils.java:logGet(43)) - raft.server.log.queue.byte-limit = 2147483647 (custom)
2019-09-19 10:40:44,041 [pool-292-thread-1] INFO  server.RaftServerConfigKeys (ConfUtils.java:logGet(43)) - raft.server.log.queue.element-limit = 1024 (custom)
2019-09-19 10:40:44,042 [pool-292-thread-1] INFO  server.RaftServerConfigKeys (ConfUtils.java:logGet(43)) - raft.server.log.segment.size.max = 1048576 (custom)
2019-09-19 10:40:44,042 [pool-292-thread-1] INFO  server.RaftServerConfigKeys (ConfUtils.java:logGet(43)) - raft.server.log.preallocated.size = 16384 (custom)
2019-09-19 10:40:44,042 [pool-292-thread-1] INFO  server.RaftServerConfigKeys (ConfUtils.java:logGet(43)) - raft.server.log.write.buffer.size = 33554432 (custom)
2019-09-19 10:40:44,042 [pool-292-thread-1] INFO  server.RaftServerConfigKeys (ConfUtils.java:logGet(43)) - raft.server.log.force.sync.num = 128 (default)
2019-09-19 10:40:44,042 [pool-292-thread-1] INFO  server.RaftServerConfigKeys (ConfUtils.java:logGet(43)) - raft.server.log.statemachine.data.sync = true (default)
2019-09-19 10:40:44,042 [pool-292-thread-1] INFO  server.RaftServerConfigKeys (ConfUtils.java:logGet(43)) - raft.server.log.statemachine.data.sync.timeout = 10s (default)
2019-09-19 10:40:44,042 [pool-292-thread-1] INFO  server.RaftServerConfigKeys (ConfUtils.java:logGet(43)) - raft.server.log.statemachine.data.sync.timeout.retry = -1 (default)
2019-09-19 10:40:44,043 [pool-292-thread-1] INFO  server.RaftServerConfigKeys (ConfUtils.java:logGet(43)) - raft.server.log.statemachine.data.caching.enabled = true (custom)
2019-09-19 10:40:44,043 [pool-292-thread-1] INFO  segmented.SegmentedRaftLogWorker (SegmentedRaftLogWorker.java:lambda$new$0(132)) - dc5e8d18-35dc-4ab2-b60d-1575c8ae4539-SegmentedRaftLogWorker:Storage Directory /workdir/hadoop-ozone/ozonefs/target/test-dir/MiniOzoneClusterImpl-95adb35c-95a9-4d64-bfad-30ad63d9b33a/datanode-0/data/ratis/38c4dbee-bde8-4f73-890e-b39883309508: flushIndex: setUnconditionally 0 -> -1
2019-09-19 10:40:44,043 [pool-292-thread-1] INFO  server.RaftServerConfigKeys (ConfUtils.java:logGet(43)) - raft.server.snapshot.auto.trigger.enabled = true (custom)
2019-09-19 10:40:44,043 [pool-292-thread-1] INFO  server.RaftServerConfigKeys (ConfUtils.java:logGet(43)) - raft.server.snapshot.auto.trigger.threshold = 10000 (custom)
2019-09-19 10:40:44,043 [pool-292-thread-1] INFO  server.RaftServerConfigKeys (ConfUtils.java:logGet(43)) - raft.server.retrycache.expirytime = 600000ms (custom)
2019-09-19 10:40:44,044 [pool-292-thread-1] INFO  impl.RaftServerImpl (RaftServerImpl.java:start(180)) - dc5e8d18-35dc-4ab2-b60d-1575c8ae4539: start group-B39883309508
2019-09-19 10:40:44,044 [pool-292-thread-1] INFO  impl.RaftServerImpl (RaftServerImpl.java:setRole(171)) - dc5e8d18-35dc-4ab2-b60d-1575c8ae4539:group-B39883309508 changes role from null to FOLLOWER at term 0 for startAsFollower
2019-09-19 10:40:44,044 [pool-292-thread-1] INFO  impl.RoleInfo (RoleInfo.java:updateAndGet(143)) - dc5e8d18-35dc-4ab2-b60d-1575c8ae4539: start FollowerState
2019-09-19 10:40:44,044 [pool-292-thread-1] INFO  util.JmxRegister (JmxRegister.java:tryRegister(44)) - Successfully registered JMX Bean with object name Ratis:service=RaftServer,group=group-B39883309508,id=dc5e8d18-35dc-4ab2-b60d-1575c8ae4539
2019-09-19 10:40:44,050 [RatisPipelineUtilsThread] INFO  pipeline.PipelineStateManager (PipelineStateManager.java:addPipeline(56)) - Created pipeline Pipeline[ Id: 38c4dbee-bde8-4f73-890e-b39883309508, Nodes: dc5e8d18-35dc-4ab2-b60d-1575c8ae4539{ip: 192.168.157.204, host: pr-hdds-1569-cpgw4-1311585219, networkLocation: /default-rack, certSerialId: null}, Type:RATIS, Factor:ONE, State:OPEN]
2019-09-19 10:40:44,069 [grpc-default-executor-0] INFO  impl.RaftServerProxy (RaftServerProxy.java:addNew(89)) - dc5e8d18-35dc-4ab2-b60d-1575c8ae4539: addNew group-0327D50E3DC5:[dc5e8d18-35dc-4ab2-b60d-1575c8ae4539:192.168.157.204:40172] returns group-0327D50E3DC5:java.util.concurrent.CompletableFuture@75d566e5[Not completed]
2019-09-19 10:40:44,070 [pool-292-thread-1] INFO  impl.RaftServerImpl (RaftServerImpl.java:<init>(93)) - dc5e8d18-35dc-4ab2-b60d-1575c8ae4539: new RaftServerImpl for group-0327D50E3DC5:[dc5e8d18-35dc-4ab2-b60d-1575c8ae4539:192.168.157.204:40172] with ContainerStateMachine:uninitialized
2019-09-19 10:40:44,070 [pool-292-thread-1] INFO  server.RaftServerConfigKeys (ConfUtils.java:logGet(43)) - raft.server.rpc.timeout.min = 5s (custom)
2019-09-19 10:40:44,070 [pool-292-thread-1] INFO  server.RaftServerConfigKeys (ConfUtils.java:logGet(43)) - raft.server.rpc.timeout.max = 5200ms (custom)
2019-09-19 10:40:44,070 [pool-292-thread-1] INFO  server.RaftServerConfigKeys (ConfUtils.java:logGet(43)) - raft.server.rpcslowness.timeout = 120s (custom)
2019-09-19 10:40:44,070 [pool-292-thread-1] INFO  server.RaftServerConfigKeys (ConfUtils.java:logGet(43)) - raft.server.sleep.deviation.threshold = 300 (default)
2019-09-19 10:40:44,070 [pool-292-thread-1] INFO  server.RaftServerConfigKeys (ConfUtils.java:logGet(43)) - raft.server.log.appender.install.snapshot.enabled = false (custom)
2019-09-19 10:40:44,071 [pool-292-thread-1] INFO  impl.RaftServerImpl (ServerState.java:<init>(105)) - dc5e8d18-35dc-4ab2-b60d-1575c8ae4539:group-0327D50E3DC5 ConfigurationManager, init=-1: [dc5e8d18-35dc-4ab2-b60d-1575c8ae4539:192.168.157.204:40172], old=null, confs=<EMPTY_MAP>
2019-09-19 10:40:44,071 [pool-292-thread-1] INFO  server.RaftServerConfigKeys (ConfUtils.java:logGet(43)) - raft.server.storage.dir = [/workdir/hadoop-ozone/ozonefs/target/test-dir/MiniOzoneClusterImpl-95adb35c-95a9-4d64-bfad-30ad63d9b33a/datanode-0/data/ratis] (custom)
2019-09-19 10:40:44,071 [pool-292-thread-1] INFO  storage.RaftStorageDirectory (RaftStorageDirectory.java:analyzeStorage(246)) - The storage directory /workdir/hadoop-ozone/ozonefs/target/test-dir/MiniOzoneClusterImpl-95adb35c-95a9-4d64-bfad-30ad63d9b33a/datanode-0/data/ratis/4e0c8740-6325-45ad-bb6d-0327d50e3dc5 does not exist. Creating ...
2019-09-19 10:40:44,084 [pool-292-thread-1] INFO  storage.RaftStorageDirectory (RaftStorageDirectory.java:tryLock(328)) - Lock on /workdir/hadoop-ozone/ozonefs/target/test-dir/MiniOzoneClusterImpl-95adb35c-95a9-4d64-bfad-30ad63d9b33a/datanode-0/data/ratis/4e0c8740-6325-45ad-bb6d-0327d50e3dc5/in_use.lock acquired by nodename 10573@pr-hdds-1569-cpgw4-1311585219
2019-09-19 10:40:44,097 [pool-292-thread-1] INFO  storage.RaftStorage (RaftStorage.java:format(72)) - Storage directory /workdir/hadoop-ozone/ozonefs/target/test-dir/MiniOzoneClusterImpl-95adb35c-95a9-4d64-bfad-30ad63d9b33a/datanode-0/data/ratis/4e0c8740-6325-45ad-bb6d-0327d50e3dc5 has been successfully formatted.
2019-09-19 10:40:44,097 [pool-292-thread-1] INFO  ratis.ContainerStateMachine (ContainerStateMachine.java:loadSnapshot(226)) - group-0327D50E3DC5: The snapshot info is null. Setting the last applied indexto:(t:0, i:~)
2019-09-19 10:40:44,098 [pool-292-thread-1] INFO  server.RaftServerConfigKeys (ConfUtils.java:logGet(43)) - raft.server.leader.election.timeout = 120s (custom)
2019-09-19 10:40:44,098 [pool-292-thread-1] INFO  server.RaftServerConfigKeys (ConfUtils.java:logGet(43)) - raft.server.log.use.memory = false (default)
2019-09-19 10:40:44,098 [pool-292-thread-1] INFO  server.RaftServerConfigKeys (ConfUtils.java:logGet(43)) - raft.server.log.purge.gap = 1000000 (custom)
2019-09-19 10:40:44,098 [pool-292-thread-1] INFO  server.RaftServerConfigKeys (ConfUtils.java:logGet(43)) - raft.server.log.appender.buffer.byte-limit = 33554432 (custom)
2019-09-19 10:40:44,098 [pool-292-thread-1] INFO  server.RaftServerConfigKeys (ConfUtils.java:logGet(43)) - raft.server.log.segment.size.max = 1048576 (custom)
2019-09-19 10:40:44,098 [pool-292-thread-1] INFO  server.RaftServerConfigKeys (ConfUtils.java:logGet(43)) - raft.server.log.segment.cache.num.max = 2 (custom)
2019-09-19 10:40:44,098 [pool-292-thread-1] INFO  segmented.SegmentedRaftLogWorker (SegmentedRaftLogWorker.java:<init>(172)) - new dc5e8d18-35dc-4ab2-b60d-1575c8ae4539-SegmentedRaftLogWorker:Storage Directory /workdir/hadoop-ozone/ozonefs/target/test-dir/MiniOzoneClusterImpl-95adb35c-95a9-4d64-bfad-30ad63d9b33a/datanode-0/data/ratis/4e0c8740-6325-45ad-bb6d-0327d50e3dc5 for RaftStorage:Storage Directory /workdir/hadoop-ozone/ozonefs/target/test-dir/MiniOzoneClusterImpl-95adb35c-95a9-4d64-bfad-30ad63d9b33a/datanode-0/data/ratis/4e0c8740-6325-45ad-bb6d-0327d50e3dc5
2019-09-19 10:40:44,098 [pool-292-thread-1] INFO  server.RaftServerConfigKeys (ConfUtils.java:logGet(43)) - raft.server.log.queue.byte-limit = 2147483647 (custom)
2019-09-19 10:40:44,098 [pool-292-thread-1] INFO  server.RaftServerConfigKeys (ConfUtils.java:logGet(43)) - raft.server.log.queue.element-limit = 1024 (custom)
2019-09-19 10:40:44,099 [pool-292-thread-1] INFO  server.RaftServerConfigKeys (ConfUtils.java:logGet(43)) - raft.server.log.segment.size.max = 1048576 (custom)
2019-09-19 10:40:44,099 [pool-292-thread-1] INFO  server.RaftServerConfigKeys (ConfUtils.java:logGet(43)) - raft.server.log.preallocated.size = 16384 (custom)
2019-09-19 10:40:44,099 [pool-292-thread-1] INFO  server.RaftServerConfigKeys (ConfUtils.java:logGet(43)) - raft.server.log.write.buffer.size = 33554432 (custom)
2019-09-19 10:40:44,099 [pool-292-thread-1] INFO  server.RaftServerConfigKeys (ConfUtils.java:logGet(43)) - raft.server.log.force.sync.num = 128 (default)
2019-09-19 10:40:44,099 [pool-292-thread-1] INFO  server.RaftServerConfigKeys (ConfUtils.java:logGet(43)) - raft.server.log.statemachine.data.sync = true (default)
2019-09-19 10:40:44,099 [pool-292-thread-1] INFO  server.RaftServerConfigKeys (ConfUtils.java:logGet(43)) - raft.server.log.statemachine.data.sync.timeout = 10s (default)
2019-09-19 10:40:44,099 [pool-292-thread-1] INFO  server.RaftServerConfigKeys (ConfUtils.java:logGet(43)) - raft.server.log.statemachine.data.sync.timeout.retry = -1 (default)
2019-09-19 10:40:44,099 [pool-292-thread-1] INFO  server.RaftServerConfigKeys (ConfUtils.java:logGet(43)) - raft.server.log.statemachine.data.caching.enabled = true (custom)
2019-09-19 10:40:44,099 [pool-292-thread-1] INFO  segmented.SegmentedRaftLogWorker (SegmentedRaftLogWorker.java:lambda$new$0(132)) - dc5e8d18-35dc-4ab2-b60d-1575c8ae4539-SegmentedRaftLogWorker:Storage Directory /workdir/hadoop-ozone/ozonefs/target/test-dir/MiniOzoneClusterImpl-95adb35c-95a9-4d64-bfad-30ad63d9b33a/datanode-0/data/ratis/4e0c8740-6325-45ad-bb6d-0327d50e3dc5: flushIndex: setUnconditionally 0 -> -1
2019-09-19 10:40:44,100 [pool-292-thread-1] INFO  server.RaftServerConfigKeys (ConfUtils.java:logGet(43)) - raft.server.snapshot.auto.trigger.enabled = true (custom)
2019-09-19 10:40:44,100 [pool-292-thread-1] INFO  server.RaftServerConfigKeys (ConfUtils.java:logGet(43)) - raft.server.snapshot.auto.trigger.threshold = 10000 (custom)
2019-09-19 10:40:44,100 [pool-292-thread-1] INFO  server.RaftServerConfigKeys (ConfUtils.java:logGet(43)) - raft.server.retrycache.expirytime = 600000ms (custom)
2019-09-19 10:40:44,100 [pool-292-thread-1] INFO  impl.RaftServerImpl (RaftServerImpl.java:start(180)) - dc5e8d18-35dc-4ab2-b60d-1575c8ae4539: start group-0327D50E3DC5
2019-09-19 10:40:44,100 [pool-292-thread-1] INFO  impl.RaftServerImpl (RaftServerImpl.java:setRole(171)) - dc5e8d18-35dc-4ab2-b60d-1575c8ae4539:group-0327D50E3DC5 changes role from null to FOLLOWER at term 0 for startAsFollower
2019-09-19 10:40:44,100 [pool-292-thread-1] INFO  impl.RoleInfo (RoleInfo.java:updateAndGet(143)) - dc5e8d18-35dc-4ab2-b60d-1575c8ae4539: start FollowerState
2019-09-19 10:40:44,106 [pool-292-thread-1] INFO  util.JmxRegister (JmxRegister.java:tryRegister(44)) - Successfully registered JMX Bean with object name Ratis:service=RaftServer,group=group-0327D50E3DC5,id=dc5e8d18-35dc-4ab2-b60d-1575c8ae4539
2019-09-19 10:40:44,119 [RatisPipelineUtilsThread] INFO  pipeline.PipelineStateManager (PipelineStateManager.java:addPipeline(56)) - Created pipeline Pipeline[ Id: 4e0c8740-6325-45ad-bb6d-0327d50e3dc5, Nodes: dc5e8d18-35dc-4ab2-b60d-1575c8ae4539{ip: 192.168.157.204, host: pr-hdds-1569-cpgw4-1311585219, networkLocation: /default-rack, certSerialId: null}, Type:RATIS, Factor:ONE, State:OPEN]
2019-09-19 10:40:44,126 [grpc-default-executor-0] INFO  impl.RaftServerProxy (RaftServerProxy.java:addNew(89)) - dc5e8d18-35dc-4ab2-b60d-1575c8ae4539: addNew group-F30A7A3ACD8D:[dc5e8d18-35dc-4ab2-b60d-1575c8ae4539:192.168.157.204:40172] returns group-F30A7A3ACD8D:java.util.concurrent.CompletableFuture@24f479e6[Not completed]
2019-09-19 10:40:44,127 [pool-292-thread-1] INFO  impl.RaftServerImpl (RaftServerImpl.java:<init>(93)) - dc5e8d18-35dc-4ab2-b60d-1575c8ae4539: new RaftServerImpl for group-F30A7A3ACD8D:[dc5e8d18-35dc-4ab2-b60d-1575c8ae4539:192.168.157.204:40172] with ContainerStateMachine:uninitialized
2019-09-19 10:40:44,127 [pool-292-thread-1] INFO  server.RaftServerConfigKeys (ConfUtils.java:logGet(43)) - raft.server.rpc.timeout.min = 5s (custom)
2019-09-19 10:40:44,127 [pool-292-thread-1] INFO  server.RaftServerConfigKeys (ConfUtils.java:logGet(43)) - raft.server.rpc.timeout.max = 5200ms (custom)
2019-09-19 10:40:44,127 [pool-292-thread-1] INFO  server.RaftServerConfigKeys (ConfUtils.java:logGet(43)) - raft.server.rpcslowness.timeout = 120s (custom)
2019-09-19 10:40:44,127 [pool-292-thread-1] INFO  server.RaftServerConfigKeys (ConfUtils.java:logGet(43)) - raft.server.sleep.deviation.threshold = 300 (default)
2019-09-19 10:40:44,127 [pool-292-thread-1] INFO  server.RaftServerConfigKeys (ConfUtils.java:logGet(43)) - raft.server.log.appender.install.snapshot.enabled = false (custom)
2019-09-19 10:40:44,128 [pool-292-thread-1] INFO  impl.RaftServerImpl (ServerState.java:<init>(105)) - dc5e8d18-35dc-4ab2-b60d-1575c8ae4539:group-F30A7A3ACD8D ConfigurationManager, init=-1: [dc5e8d18-35dc-4ab2-b60d-1575c8ae4539:192.168.157.204:40172], old=null, confs=<EMPTY_MAP>
2019-09-19 10:40:44,128 [pool-292-thread-1] INFO  server.RaftServerConfigKeys (ConfUtils.java:logGet(43)) - raft.server.storage.dir = [/workdir/hadoop-ozone/ozonefs/target/test-dir/MiniOzoneClusterImpl-95adb35c-95a9-4d64-bfad-30ad63d9b33a/datanode-0/data/ratis] (custom)
2019-09-19 10:40:44,128 [pool-292-thread-1] INFO  storage.RaftStorageDirectory (RaftStorageDirectory.java:analyzeStorage(246)) - The storage directory /workdir/hadoop-ozone/ozonefs/target/test-dir/MiniOzoneClusterImpl-95adb35c-95a9-4d64-bfad-30ad63d9b33a/datanode-0/data/ratis/a4677982-0f86-4a5c-ba09-f30a7a3acd8d does not exist. Creating ...
2019-09-19 10:40:44,141 [pool-292-thread-1] INFO  storage.RaftStorageDirectory (RaftStorageDirectory.java:tryLock(328)) - Lock on /workdir/hadoop-ozone/ozonefs/target/test-dir/MiniOzoneClusterImpl-95adb35c-95a9-4d64-bfad-30ad63d9b33a/datanode-0/data/ratis/a4677982-0f86-4a5c-ba09-f30a7a3acd8d/in_use.lock acquired by nodename 10573@pr-hdds-1569-cpgw4-1311585219
2019-09-19 10:40:44,154 [pool-292-thread-1] INFO  storage.RaftStorage (RaftStorage.java:format(72)) - Storage directory /workdir/hadoop-ozone/ozonefs/target/test-dir/MiniOzoneClusterImpl-95adb35c-95a9-4d64-bfad-30ad63d9b33a/datanode-0/data/ratis/a4677982-0f86-4a5c-ba09-f30a7a3acd8d has been successfully formatted.
2019-09-19 10:40:44,154 [pool-292-thread-1] INFO  ratis.ContainerStateMachine (ContainerStateMachine.java:loadSnapshot(226)) - group-F30A7A3ACD8D: The snapshot info is null. Setting the last applied indexto:(t:0, i:~)
2019-09-19 10:40:44,154 [pool-292-thread-1] INFO  server.RaftServerConfigKeys (ConfUtils.java:logGet(43)) - raft.server.leader.election.timeout = 120s (custom)
2019-09-19 10:40:44,154 [pool-292-thread-1] INFO  server.RaftServerConfigKeys (ConfUtils.java:logGet(43)) - raft.server.log.use.memory = false (default)
2019-09-19 10:40:44,155 [pool-292-thread-1] INFO  server.RaftServerConfigKeys (ConfUtils.java:logGet(43)) - raft.server.log.purge.gap = 1000000 (custom)
2019-09-19 10:40:44,155 [pool-292-thread-1] INFO  server.RaftServerConfigKeys (ConfUtils.java:logGet(43)) - raft.server.log.appender.buffer.byte-limit = 33554432 (custom)
2019-09-19 10:40:44,155 [pool-292-thread-1] INFO  server.RaftServerConfigKeys (ConfUtils.java:logGet(43)) - raft.server.log.segment.size.max = 1048576 (custom)
2019-09-19 10:40:44,155 [pool-292-thread-1] INFO  server.RaftServerConfigKeys (ConfUtils.java:logGet(43)) - raft.server.log.segment.cache.num.max = 2 (custom)
2019-09-19 10:40:44,155 [pool-292-thread-1] INFO  segmented.SegmentedRaftLogWorker (SegmentedRaftLogWorker.java:<init>(172)) - new dc5e8d18-35dc-4ab2-b60d-1575c8ae4539-SegmentedRaftLogWorker:Storage Directory /workdir/hadoop-ozone/ozonefs/target/test-dir/MiniOzoneClusterImpl-95adb35c-95a9-4d64-bfad-30ad63d9b33a/datanode-0/data/ratis/a4677982-0f86-4a5c-ba09-f30a7a3acd8d for RaftStorage:Storage Directory /workdir/hadoop-ozone/ozonefs/target/test-dir/MiniOzoneClusterImpl-95adb35c-95a9-4d64-bfad-30ad63d9b33a/datanode-0/data/ratis/a4677982-0f86-4a5c-ba09-f30a7a3acd8d
2019-09-19 10:40:44,155 [pool-292-thread-1] INFO  server.RaftServerConfigKeys (ConfUtils.java:logGet(43)) - raft.server.log.queue.byte-limit = 2147483647 (custom)
2019-09-19 10:40:44,155 [pool-292-thread-1] INFO  server.RaftServerConfigKeys (ConfUtils.java:logGet(43)) - raft.server.log.queue.element-limit = 1024 (custom)
2019-09-19 10:40:44,155 [pool-292-thread-1] INFO  server.RaftServerConfigKeys (ConfUtils.java:logGet(43)) - raft.server.log.segment.size.max = 1048576 (custom)
2019-09-19 10:40:44,155 [pool-292-thread-1] INFO  server.RaftServerConfigKeys (ConfUtils.java:logGet(43)) - raft.server.log.preallocated.size = 16384 (custom)
2019-09-19 10:40:44,156 [pool-292-thread-1] INFO  server.RaftServerConfigKeys (ConfUtils.java:logGet(43)) - raft.server.log.write.buffer.size = 33554432 (custom)
2019-09-19 10:40:44,156 [pool-292-thread-1] INFO  server.RaftServerConfigKeys (ConfUtils.java:logGet(43)) - raft.server.log.force.sync.num = 128 (default)
2019-09-19 10:40:44,156 [pool-292-thread-1] INFO  server.RaftServerConfigKeys (ConfUtils.java:logGet(43)) - raft.server.log.statemachine.data.sync = true (default)
2019-09-19 10:40:44,156 [pool-292-thread-1] INFO  server.RaftServerConfigKeys (ConfUtils.java:logGet(43)) - raft.server.log.statemachine.data.sync.timeout = 10s (default)
2019-09-19 10:40:44,156 [pool-292-thread-1] INFO  server.RaftServerConfigKeys (ConfUtils.java:logGet(43)) - raft.server.log.statemachine.data.sync.timeout.retry = -1 (default)
2019-09-19 10:40:44,156 [pool-292-thread-1] INFO  server.RaftServerConfigKeys (ConfUtils.java:logGet(43)) - raft.server.log.statemachine.data.caching.enabled = true (custom)
2019-09-19 10:40:44,157 [pool-292-thread-1] INFO  segmented.SegmentedRaftLogWorker (SegmentedRaftLogWorker.java:lambda$new$0(132)) - dc5e8d18-35dc-4ab2-b60d-1575c8ae4539-SegmentedRaftLogWorker:Storage Directory /workdir/hadoop-ozone/ozonefs/target/test-dir/MiniOzoneClusterImpl-95adb35c-95a9-4d64-bfad-30ad63d9b33a/datanode-0/data/ratis/a4677982-0f86-4a5c-ba09-f30a7a3acd8d: flushIndex: setUnconditionally 0 -> -1
2019-09-19 10:40:44,157 [pool-292-thread-1] INFO  server.RaftServerConfigKeys (ConfUtils.java:logGet(43)) - raft.server.snapshot.auto.trigger.enabled = true (custom)
2019-09-19 10:40:44,157 [pool-292-thread-1] INFO  server.RaftServerConfigKeys (ConfUtils.java:logGet(43)) - raft.server.snapshot.auto.trigger.threshold = 10000 (custom)
2019-09-19 10:40:44,157 [pool-292-thread-1] INFO  server.RaftServerConfigKeys (ConfUtils.java:logGet(43)) - raft.server.retrycache.expirytime = 600000ms (custom)
2019-09-19 10:40:44,157 [pool-292-thread-1] INFO  impl.RaftServerImpl (RaftServerImpl.java:start(180)) - dc5e8d18-35dc-4ab2-b60d-1575c8ae4539: start group-F30A7A3ACD8D
2019-09-19 10:40:44,157 [pool-292-thread-1] INFO  impl.RaftServerImpl (RaftServerImpl.java:setRole(171)) - dc5e8d18-35dc-4ab2-b60d-1575c8ae4539:group-F30A7A3ACD8D changes role from null to FOLLOWER at term 0 for startAsFollower
2019-09-19 10:40:44,158 [pool-292-thread-1] INFO  impl.RoleInfo (RoleInfo.java:updateAndGet(143)) - dc5e8d18-35dc-4ab2-b60d-1575c8ae4539: start FollowerState
2019-09-19 10:40:44,158 [pool-292-thread-1] INFO  util.JmxRegister (JmxRegister.java:tryRegister(44)) - Successfully registered JMX Bean with object name Ratis:service=RaftServer,group=group-F30A7A3ACD8D,id=dc5e8d18-35dc-4ab2-b60d-1575c8ae4539
2019-09-19 10:40:44,162 [RatisPipelineUtilsThread] INFO  pipeline.PipelineStateManager (PipelineStateManager.java:addPipeline(56)) - Created pipeline Pipeline[ Id: a4677982-0f86-4a5c-ba09-f30a7a3acd8d, Nodes: dc5e8d18-35dc-4ab2-b60d-1575c8ae4539{ip: 192.168.157.204, host: pr-hdds-1569-cpgw4-1311585219, networkLocation: /default-rack, certSerialId: null}, Type:RATIS, Factor:ONE, State:OPEN]
2019-09-19 10:40:44,170 [grpc-default-executor-0] INFO  impl.RaftServerProxy (RaftServerProxy.java:addNew(89)) - dc5e8d18-35dc-4ab2-b60d-1575c8ae4539: addNew group-21745F9D0FA5:[dc5e8d18-35dc-4ab2-b60d-1575c8ae4539:192.168.157.204:40172] returns group-21745F9D0FA5:java.util.concurrent.CompletableFuture@9da7200[Not completed]
2019-09-19 10:40:44,171 [pool-292-thread-1] INFO  impl.RaftServerImpl (RaftServerImpl.java:<init>(93)) - dc5e8d18-35dc-4ab2-b60d-1575c8ae4539: new RaftServerImpl for group-21745F9D0FA5:[dc5e8d18-35dc-4ab2-b60d-1575c8ae4539:192.168.157.204:40172] with ContainerStateMachine:uninitialized
2019-09-19 10:40:44,171 [pool-292-thread-1] INFO  server.RaftServerConfigKeys (ConfUtils.java:logGet(43)) - raft.server.rpc.timeout.min = 5s (custom)
2019-09-19 10:40:44,171 [pool-292-thread-1] INFO  server.RaftServerConfigKeys (ConfUtils.java:logGet(43)) - raft.server.rpc.timeout.max = 5200ms (custom)
2019-09-19 10:40:44,171 [pool-292-thread-1] INFO  server.RaftServerConfigKeys (ConfUtils.java:logGet(43)) - raft.server.rpcslowness.timeout = 120s (custom)
2019-09-19 10:40:44,171 [pool-292-thread-1] INFO  server.RaftServerConfigKeys (ConfUtils.java:logGet(43)) - raft.server.sleep.deviation.threshold = 300 (default)
2019-09-19 10:40:44,171 [pool-292-thread-1] INFO  server.RaftServerConfigKeys (ConfUtils.java:logGet(43)) - raft.server.log.appender.install.snapshot.enabled = false (custom)
2019-09-19 10:40:44,171 [pool-292-thread-1] INFO  impl.RaftServerImpl (ServerState.java:<init>(105)) - dc5e8d18-35dc-4ab2-b60d-1575c8ae4539:group-21745F9D0FA5 ConfigurationManager, init=-1: [dc5e8d18-35dc-4ab2-b60d-1575c8ae4539:192.168.157.204:40172], old=null, confs=<EMPTY_MAP>
2019-09-19 10:40:44,172 [pool-292-thread-1] INFO  server.RaftServerConfigKeys (ConfUtils.java:logGet(43)) - raft.server.storage.dir = [/workdir/hadoop-ozone/ozonefs/target/test-dir/MiniOzoneClusterImpl-95adb35c-95a9-4d64-bfad-30ad63d9b33a/datanode-0/data/ratis] (custom)
2019-09-19 10:40:44,172 [pool-292-thread-1] INFO  storage.RaftStorageDirectory (RaftStorageDirectory.java:analyzeStorage(246)) - The storage directory /workdir/hadoop-ozone/ozonefs/target/test-dir/MiniOzoneClusterImpl-95adb35c-95a9-4d64-bfad-30ad63d9b33a/datanode-0/data/ratis/499e30ee-f890-47ac-aa8b-21745f9d0fa5 does not exist. Creating ...
2019-09-19 10:40:44,185 [pool-292-thread-1] INFO  storage.RaftStorageDirectory (RaftStorageDirectory.java:tryLock(328)) - Lock on /workdir/hadoop-ozone/ozonefs/target/test-dir/MiniOzoneClusterImpl-95adb35c-95a9-4d64-bfad-30ad63d9b33a/datanode-0/data/ratis/499e30ee-f890-47ac-aa8b-21745f9d0fa5/in_use.lock acquired by nodename 10573@pr-hdds-1569-cpgw4-1311585219
2019-09-19 10:40:44,198 [pool-292-thread-1] INFO  storage.RaftStorage (RaftStorage.java:format(72)) - Storage directory /workdir/hadoop-ozone/ozonefs/target/test-dir/MiniOzoneClusterImpl-95adb35c-95a9-4d64-bfad-30ad63d9b33a/datanode-0/data/ratis/499e30ee-f890-47ac-aa8b-21745f9d0fa5 has been successfully formatted.
2019-09-19 10:40:44,198 [pool-292-thread-1] INFO  ratis.ContainerStateMachine (ContainerStateMachine.java:loadSnapshot(226)) - group-21745F9D0FA5: The snapshot info is null. Setting the last applied indexto:(t:0, i:~)
2019-09-19 10:40:44,199 [pool-292-thread-1] INFO  server.RaftServerConfigKeys (ConfUtils.java:logGet(43)) - raft.server.leader.election.timeout = 120s (custom)
2019-09-19 10:40:44,199 [pool-292-thread-1] INFO  server.RaftServerConfigKeys (ConfUtils.java:logGet(43)) - raft.server.log.use.memory = false (default)
2019-09-19 10:40:44,199 [pool-292-thread-1] INFO  server.RaftServerConfigKeys (ConfUtils.java:logGet(43)) - raft.server.log.purge.gap = 1000000 (custom)
2019-09-19 10:40:44,199 [pool-292-thread-1] INFO  server.RaftServerConfigKeys (ConfUtils.java:logGet(43)) - raft.server.log.appender.buffer.byte-limit = 33554432 (custom)
2019-09-19 10:40:44,199 [pool-292-thread-1] INFO  server.RaftServerConfigKeys (ConfUtils.java:logGet(43)) - raft.server.log.segment.size.max = 1048576 (custom)
2019-09-19 10:40:44,199 [pool-292-thread-1] INFO  server.RaftServerConfigKeys (ConfUtils.java:logGet(43)) - raft.server.log.segment.cache.num.max = 2 (custom)
2019-09-19 10:40:44,199 [pool-292-thread-1] INFO  segmented.SegmentedRaftLogWorker (SegmentedRaftLogWorker.java:<init>(172)) - new dc5e8d18-35dc-4ab2-b60d-1575c8ae4539-SegmentedRaftLogWorker:Storage Directory /workdir/hadoop-ozone/ozonefs/target/test-dir/MiniOzoneClusterImpl-95adb35c-95a9-4d64-bfad-30ad63d9b33a/datanode-0/data/ratis/499e30ee-f890-47ac-aa8b-21745f9d0fa5 for RaftStorage:Storage Directory /workdir/hadoop-ozone/ozonefs/target/test-dir/MiniOzoneClusterImpl-95adb35c-95a9-4d64-bfad-30ad63d9b33a/datanode-0/data/ratis/499e30ee-f890-47ac-aa8b-21745f9d0fa5
2019-09-19 10:40:44,199 [pool-292-thread-1] INFO  server.RaftServerConfigKeys (ConfUtils.java:logGet(43)) - raft.server.log.queue.byte-limit = 2147483647 (custom)
2019-09-19 10:40:44,200 [pool-292-thread-1] INFO  server.RaftServerConfigKeys (ConfUtils.java:logGet(43)) - raft.server.log.queue.element-limit = 1024 (custom)
2019-09-19 10:40:44,200 [pool-292-thread-1] INFO  server.RaftServerConfigKeys (ConfUtils.java:logGet(43)) - raft.server.log.segment.size.max = 1048576 (custom)
2019-09-19 10:40:44,200 [pool-292-thread-1] INFO  server.RaftServerConfigKeys (ConfUtils.java:logGet(43)) - raft.server.log.preallocated.size = 16384 (custom)
2019-09-19 10:40:44,200 [pool-292-thread-1] INFO  server.RaftServerConfigKeys (ConfUtils.java:logGet(43)) - raft.server.log.write.buffer.size = 33554432 (custom)
2019-09-19 10:40:44,200 [pool-292-thread-1] INFO  server.RaftServerConfigKeys (ConfUtils.java:logGet(43)) - raft.server.log.force.sync.num = 128 (default)
2019-09-19 10:40:44,200 [pool-292-thread-1] INFO  server.RaftServerConfigKeys (ConfUtils.java:logGet(43)) - raft.server.log.statemachine.data.sync = true (default)
2019-09-19 10:40:44,200 [pool-292-thread-1] INFO  server.RaftServerConfigKeys (ConfUtils.java:logGet(43)) - raft.server.log.statemachine.data.sync.timeout = 10s (default)
2019-09-19 10:40:44,200 [pool-292-thread-1] INFO  server.RaftServerConfigKeys (ConfUtils.java:logGet(43)) - raft.server.log.statemachine.data.sync.timeout.retry = -1 (default)
2019-09-19 10:40:44,201 [pool-292-thread-1] INFO  server.RaftServerConfigKeys (ConfUtils.java:logGet(43)) - raft.server.log.statemachine.data.caching.enabled = true (custom)
2019-09-19 10:40:44,201 [pool-292-thread-1] INFO  segmented.SegmentedRaftLogWorker (SegmentedRaftLogWorker.java:lambda$new$0(132)) - dc5e8d18-35dc-4ab2-b60d-1575c8ae4539-SegmentedRaftLogWorker:Storage Directory /workdir/hadoop-ozone/ozonefs/target/test-dir/MiniOzoneClusterImpl-95adb35c-95a9-4d64-bfad-30ad63d9b33a/datanode-0/data/ratis/499e30ee-f890-47ac-aa8b-21745f9d0fa5: flushIndex: setUnconditionally 0 -> -1
2019-09-19 10:40:44,201 [pool-292-thread-1] INFO  server.RaftServerConfigKeys (ConfUtils.java:logGet(43)) - raft.server.snapshot.auto.trigger.enabled = true (custom)
2019-09-19 10:40:44,201 [pool-292-thread-1] INFO  server.RaftServerConfigKeys (ConfUtils.java:logGet(43)) - raft.server.snapshot.auto.trigger.threshold = 10000 (custom)
2019-09-19 10:40:44,202 [pool-292-thread-1] INFO  server.RaftServerConfigKeys (ConfUtils.java:logGet(43)) - raft.server.retrycache.expirytime = 600000ms (custom)
2019-09-19 10:40:44,202 [pool-292-thread-1] INFO  impl.RaftServerImpl (RaftServerImpl.java:start(180)) - dc5e8d18-35dc-4ab2-b60d-1575c8ae4539: start group-21745F9D0FA5
2019-09-19 10:40:44,202 [pool-292-thread-1] INFO  impl.RaftServerImpl (RaftServerImpl.java:setRole(171)) - dc5e8d18-35dc-4ab2-b60d-1575c8ae4539:group-21745F9D0FA5 changes role from null to FOLLOWER at term 0 for startAsFollower
2019-09-19 10:40:44,202 [pool-292-thread-1] INFO  impl.RoleInfo (RoleInfo.java:updateAndGet(143)) - dc5e8d18-35dc-4ab2-b60d-1575c8ae4539: start FollowerState
2019-09-19 10:40:44,202 [pool-292-thread-1] INFO  util.JmxRegister (JmxRegister.java:tryRegister(44)) - Successfully registered JMX Bean with object name Ratis:service=RaftServer,group=group-21745F9D0FA5,id=dc5e8d18-35dc-4ab2-b60d-1575c8ae4539
2019-09-19 10:40:44,207 [RatisPipelineUtilsThread] INFO  pipeline.PipelineStateManager (PipelineStateManager.java:addPipeline(56)) - Created pipeline Pipeline[ Id: 499e30ee-f890-47ac-aa8b-21745f9d0fa5, Nodes: dc5e8d18-35dc-4ab2-b60d-1575c8ae4539{ip: 192.168.157.204, host: pr-hdds-1569-cpgw4-1311585219, networkLocation: /default-rack, certSerialId: null}, Type:RATIS, Factor:ONE, State:OPEN]
2019-09-19 10:40:44,217 [grpc-default-executor-0] INFO  impl.RaftServerProxy (RaftServerProxy.java:addNew(89)) - 9446dbb8-be1e-4927-9a10-06bfbd259176: addNew group-CA249123B544:[9446dbb8-be1e-4927-9a10-06bfbd259176:192.168.157.204:38286] returns group-CA249123B544:java.util.concurrent.CompletableFuture@411f8d1f[Not completed]
2019-09-19 10:40:44,218 [pool-314-thread-1] INFO  impl.RaftServerImpl (RaftServerImpl.java:<init>(93)) - 9446dbb8-be1e-4927-9a10-06bfbd259176: new RaftServerImpl for group-CA249123B544:[9446dbb8-be1e-4927-9a10-06bfbd259176:192.168.157.204:38286] with ContainerStateMachine:uninitialized
2019-09-19 10:40:44,219 [pool-314-thread-1] INFO  server.RaftServerConfigKeys (ConfUtils.java:logGet(43)) - raft.server.rpc.timeout.min = 5s (custom)
2019-09-19 10:40:44,219 [pool-314-thread-1] INFO  server.RaftServerConfigKeys (ConfUtils.java:logGet(43)) - raft.server.rpc.timeout.max = 5200ms (custom)
2019-09-19 10:40:44,220 [pool-314-thread-1] INFO  server.RaftServerConfigKeys (ConfUtils.java:logGet(43)) - raft.server.rpcslowness.timeout = 120s (custom)
2019-09-19 10:40:44,220 [pool-314-thread-1] INFO  server.RaftServerConfigKeys (ConfUtils.java:logGet(43)) - raft.server.sleep.deviation.threshold = 300 (default)
2019-09-19 10:40:44,220 [pool-314-thread-1] INFO  server.RaftServerConfigKeys (ConfUtils.java:logGet(43)) - raft.server.log.appender.install.snapshot.enabled = false (custom)
2019-09-19 10:40:44,220 [pool-314-thread-1] INFO  impl.RaftServerImpl (ServerState.java:<init>(105)) - 9446dbb8-be1e-4927-9a10-06bfbd259176:group-CA249123B544 ConfigurationManager, init=-1: [9446dbb8-be1e-4927-9a10-06bfbd259176:192.168.157.204:38286], old=null, confs=<EMPTY_MAP>
2019-09-19 10:40:44,220 [pool-314-thread-1] INFO  server.RaftServerConfigKeys (ConfUtils.java:logGet(43)) - raft.server.storage.dir = [/workdir/hadoop-ozone/ozonefs/target/test-dir/MiniOzoneClusterImpl-95adb35c-95a9-4d64-bfad-30ad63d9b33a/datanode-2/data/ratis] (custom)
2019-09-19 10:40:44,221 [pool-314-thread-1] INFO  storage.RaftStorageDirectory (RaftStorageDirectory.java:analyzeStorage(246)) - The storage directory /workdir/hadoop-ozone/ozonefs/target/test-dir/MiniOzoneClusterImpl-95adb35c-95a9-4d64-bfad-30ad63d9b33a/datanode-2/data/ratis/c73872f5-b550-49d0-9bb1-ca249123b544 does not exist. Creating ...
2019-09-19 10:40:44,246 [pool-314-thread-1] INFO  storage.RaftStorageDirectory (RaftStorageDirectory.java:tryLock(328)) - Lock on /workdir/hadoop-ozone/ozonefs/target/test-dir/MiniOzoneClusterImpl-95adb35c-95a9-4d64-bfad-30ad63d9b33a/datanode-2/data/ratis/c73872f5-b550-49d0-9bb1-ca249123b544/in_use.lock acquired by nodename 10573@pr-hdds-1569-cpgw4-1311585219
2019-09-19 10:40:44,266 [pool-314-thread-1] INFO  storage.RaftStorage (RaftStorage.java:format(72)) - Storage directory /workdir/hadoop-ozone/ozonefs/target/test-dir/MiniOzoneClusterImpl-95adb35c-95a9-4d64-bfad-30ad63d9b33a/datanode-2/data/ratis/c73872f5-b550-49d0-9bb1-ca249123b544 has been successfully formatted.
2019-09-19 10:40:44,266 [pool-314-thread-1] INFO  ratis.ContainerStateMachine (ContainerStateMachine.java:loadSnapshot(226)) - group-CA249123B544: The snapshot info is null. Setting the last applied indexto:(t:0, i:~)
2019-09-19 10:40:44,266 [pool-314-thread-1] INFO  server.RaftServerConfigKeys (ConfUtils.java:logGet(43)) - raft.server.leader.election.timeout = 120s (custom)
2019-09-19 10:40:44,267 [pool-314-thread-1] INFO  server.RaftServerConfigKeys (ConfUtils.java:logGet(43)) - raft.server.log.use.memory = false (default)
2019-09-19 10:40:44,267 [pool-314-thread-1] INFO  server.RaftServerConfigKeys (ConfUtils.java:logGet(43)) - raft.server.log.purge.gap = 1000000 (custom)
2019-09-19 10:40:44,267 [pool-314-thread-1] INFO  server.RaftServerConfigKeys (ConfUtils.java:logGet(43)) - raft.server.log.appender.buffer.byte-limit = 33554432 (custom)
2019-09-19 10:40:44,267 [pool-314-thread-1] INFO  server.RaftServerConfigKeys (ConfUtils.java:logGet(43)) - raft.server.log.segment.size.max = 1048576 (custom)
2019-09-19 10:40:44,267 [pool-314-thread-1] INFO  server.RaftServerConfigKeys (ConfUtils.java:logGet(43)) - raft.server.log.segment.cache.num.max = 2 (custom)
2019-09-19 10:40:44,267 [pool-314-thread-1] INFO  segmented.SegmentedRaftLogWorker (SegmentedRaftLogWorker.java:<init>(172)) - new 9446dbb8-be1e-4927-9a10-06bfbd259176-SegmentedRaftLogWorker:Storage Directory /workdir/hadoop-ozone/ozonefs/target/test-dir/MiniOzoneClusterImpl-95adb35c-95a9-4d64-bfad-30ad63d9b33a/datanode-2/data/ratis/c73872f5-b550-49d0-9bb1-ca249123b544 for RaftStorage:Storage Directory /workdir/hadoop-ozone/ozonefs/target/test-dir/MiniOzoneClusterImpl-95adb35c-95a9-4d64-bfad-30ad63d9b33a/datanode-2/data/ratis/c73872f5-b550-49d0-9bb1-ca249123b544
2019-09-19 10:40:44,268 [pool-314-thread-1] INFO  server.RaftServerConfigKeys (ConfUtils.java:logGet(43)) - raft.server.log.queue.byte-limit = 2147483647 (custom)
2019-09-19 10:40:44,268 [pool-314-thread-1] INFO  server.RaftServerConfigKeys (ConfUtils.java:logGet(43)) - raft.server.log.queue.element-limit = 1024 (custom)
2019-09-19 10:40:44,268 [pool-314-thread-1] INFO  server.RaftServerConfigKeys (ConfUtils.java:logGet(43)) - raft.server.log.segment.size.max = 1048576 (custom)
2019-09-19 10:40:44,268 [pool-314-thread-1] INFO  server.RaftServerConfigKeys (ConfUtils.java:logGet(43)) - raft.server.log.preallocated.size = 16384 (custom)
2019-09-19 10:40:44,268 [pool-314-thread-1] INFO  server.RaftServerConfigKeys (ConfUtils.java:logGet(43)) - raft.server.log.write.buffer.size = 33554432 (custom)
2019-09-19 10:40:44,268 [pool-314-thread-1] INFO  server.RaftServerConfigKeys (ConfUtils.java:logGet(43)) - raft.server.log.force.sync.num = 128 (default)
2019-09-19 10:40:44,269 [pool-314-thread-1] INFO  server.RaftServerConfigKeys (ConfUtils.java:logGet(43)) - raft.server.log.statemachine.data.sync = true (default)
2019-09-19 10:40:44,269 [pool-314-thread-1] INFO  server.RaftServerConfigKeys (ConfUtils.java:logGet(43)) - raft.server.log.statemachine.data.sync.timeout = 10s (default)
2019-09-19 10:40:44,269 [pool-314-thread-1] INFO  server.RaftServerConfigKeys (ConfUtils.java:logGet(43)) - raft.server.log.statemachine.data.sync.timeout.retry = -1 (default)
2019-09-19 10:40:44,269 [pool-314-thread-1] INFO  server.RaftServerConfigKeys (ConfUtils.java:logGet(43)) - raft.server.log.statemachine.data.caching.enabled = true (custom)
2019-09-19 10:40:44,270 [pool-314-thread-1] INFO  segmented.SegmentedRaftLogWorker (SegmentedRaftLogWorker.java:lambda$new$0(132)) - 9446dbb8-be1e-4927-9a10-06bfbd259176-SegmentedRaftLogWorker:Storage Directory /workdir/hadoop-ozone/ozonefs/target/test-dir/MiniOzoneClusterImpl-95adb35c-95a9-4d64-bfad-30ad63d9b33a/datanode-2/data/ratis/c73872f5-b550-49d0-9bb1-ca249123b544: flushIndex: setUnconditionally 0 -> -1
2019-09-19 10:40:44,270 [pool-314-thread-1] INFO  server.RaftServerConfigKeys (ConfUtils.java:logGet(43)) - raft.server.snapshot.auto.trigger.enabled = true (custom)
2019-09-19 10:40:44,270 [pool-314-thread-1] INFO  server.RaftServerConfigKeys (ConfUtils.java:logGet(43)) - raft.server.snapshot.auto.trigger.threshold = 10000 (custom)
2019-09-19 10:40:44,270 [pool-314-thread-1] INFO  server.RaftServerConfigKeys (ConfUtils.java:logGet(43)) - raft.server.retrycache.expirytime = 600000ms (custom)
2019-09-19 10:40:44,270 [pool-314-thread-1] INFO  impl.RaftServerImpl (RaftServerImpl.java:start(180)) - 9446dbb8-be1e-4927-9a10-06bfbd259176: start group-CA249123B544
2019-09-19 10:40:44,271 [pool-314-thread-1] INFO  impl.RaftServerImpl (RaftServerImpl.java:setRole(171)) - 9446dbb8-be1e-4927-9a10-06bfbd259176:group-CA249123B544 changes role from null to FOLLOWER at term 0 for startAsFollower
2019-09-19 10:40:44,271 [pool-314-thread-1] INFO  impl.RoleInfo (RoleInfo.java:updateAndGet(143)) - 9446dbb8-be1e-4927-9a10-06bfbd259176: start FollowerState
2019-09-19 10:40:44,271 [pool-314-thread-1] INFO  util.JmxRegister (JmxRegister.java:tryRegister(44)) - Successfully registered JMX Bean with object name Ratis:service=RaftServer,group=group-CA249123B544,id=9446dbb8-be1e-4927-9a10-06bfbd259176
2019-09-19 10:40:44,276 [RatisPipelineUtilsThread] INFO  pipeline.PipelineStateManager (PipelineStateManager.java:addPipeline(56)) - Created pipeline Pipeline[ Id: c73872f5-b550-49d0-9bb1-ca249123b544, Nodes: 9446dbb8-be1e-4927-9a10-06bfbd259176{ip: 192.168.157.204, host: pr-hdds-1569-cpgw4-1311585219, networkLocation: /default-rack, certSerialId: null}, Type:RATIS, Factor:ONE, State:OPEN]
2019-09-19 10:40:44,285 [grpc-default-executor-0] INFO  impl.RaftServerProxy (RaftServerProxy.java:addNew(89)) - 9446dbb8-be1e-4927-9a10-06bfbd259176: addNew group-DFDF6F164C2B:[9446dbb8-be1e-4927-9a10-06bfbd259176:192.168.157.204:38286] returns group-DFDF6F164C2B:java.util.concurrent.CompletableFuture@aa7a0f4[Not completed]
2019-09-19 10:40:44,286 [pool-314-thread-1] INFO  impl.RaftServerImpl (RaftServerImpl.java:<init>(93)) - 9446dbb8-be1e-4927-9a10-06bfbd259176: new RaftServerImpl for group-DFDF6F164C2B:[9446dbb8-be1e-4927-9a10-06bfbd259176:192.168.157.204:38286] with ContainerStateMachine:uninitialized
2019-09-19 10:40:44,287 [pool-314-thread-1] INFO  server.RaftServerConfigKeys (ConfUtils.java:logGet(43)) - raft.server.rpc.timeout.min = 5s (custom)
2019-09-19 10:40:44,287 [pool-314-thread-1] INFO  server.RaftServerConfigKeys (ConfUtils.java:logGet(43)) - raft.server.rpc.timeout.max = 5200ms (custom)
2019-09-19 10:40:44,287 [pool-314-thread-1] INFO  server.RaftServerConfigKeys (ConfUtils.java:logGet(43)) - raft.server.rpcslowness.timeout = 120s (custom)
2019-09-19 10:40:44,287 [pool-314-thread-1] INFO  server.RaftServerConfigKeys (ConfUtils.java:logGet(43)) - raft.server.sleep.deviation.threshold = 300 (default)
2019-09-19 10:40:44,287 [pool-314-thread-1] INFO  server.RaftServerConfigKeys (ConfUtils.java:logGet(43)) - raft.server.log.appender.install.snapshot.enabled = false (custom)
2019-09-19 10:40:44,287 [pool-314-thread-1] INFO  impl.RaftServerImpl (ServerState.java:<init>(105)) - 9446dbb8-be1e-4927-9a10-06bfbd259176:group-DFDF6F164C2B ConfigurationManager, init=-1: [9446dbb8-be1e-4927-9a10-06bfbd259176:192.168.157.204:38286], old=null, confs=<EMPTY_MAP>
2019-09-19 10:40:44,287 [pool-314-thread-1] INFO  server.RaftServerConfigKeys (ConfUtils.java:logGet(43)) - raft.server.storage.dir = [/workdir/hadoop-ozone/ozonefs/target/test-dir/MiniOzoneClusterImpl-95adb35c-95a9-4d64-bfad-30ad63d9b33a/datanode-2/data/ratis] (custom)
2019-09-19 10:40:44,288 [pool-314-thread-1] INFO  storage.RaftStorageDirectory (RaftStorageDirectory.java:analyzeStorage(246)) - The storage directory /workdir/hadoop-ozone/ozonefs/target/test-dir/MiniOzoneClusterImpl-95adb35c-95a9-4d64-bfad-30ad63d9b33a/datanode-2/data/ratis/aea95ea2-33d5-40cf-815b-dfdf6f164c2b does not exist. Creating ...
2019-09-19 10:40:44,301 [pool-314-thread-1] INFO  storage.RaftStorageDirectory (RaftStorageDirectory.java:tryLock(328)) - Lock on /workdir/hadoop-ozone/ozonefs/target/test-dir/MiniOzoneClusterImpl-95adb35c-95a9-4d64-bfad-30ad63d9b33a/datanode-2/data/ratis/aea95ea2-33d5-40cf-815b-dfdf6f164c2b/in_use.lock acquired by nodename 10573@pr-hdds-1569-cpgw4-1311585219
2019-09-19 10:40:44,314 [pool-314-thread-1] INFO  storage.RaftStorage (RaftStorage.java:format(72)) - Storage directory /workdir/hadoop-ozone/ozonefs/target/test-dir/MiniOzoneClusterImpl-95adb35c-95a9-4d64-bfad-30ad63d9b33a/datanode-2/data/ratis/aea95ea2-33d5-40cf-815b-dfdf6f164c2b has been successfully formatted.
2019-09-19 10:40:44,314 [pool-314-thread-1] INFO  ratis.ContainerStateMachine (ContainerStateMachine.java:loadSnapshot(226)) - group-DFDF6F164C2B: The snapshot info is null. Setting the last applied indexto:(t:0, i:~)
2019-09-19 10:40:44,314 [pool-314-thread-1] INFO  server.RaftServerConfigKeys (ConfUtils.java:logGet(43)) - raft.server.leader.election.timeout = 120s (custom)
2019-09-19 10:40:44,315 [pool-314-thread-1] INFO  server.RaftServerConfigKeys (ConfUtils.java:logGet(43)) - raft.server.log.use.memory = false (default)
2019-09-19 10:40:44,315 [pool-314-thread-1] INFO  server.RaftServerConfigKeys (ConfUtils.java:logGet(43)) - raft.server.log.purge.gap = 1000000 (custom)
2019-09-19 10:40:44,315 [pool-314-thread-1] INFO  server.RaftServerConfigKeys (ConfUtils.java:logGet(43)) - raft.server.log.appender.buffer.byte-limit = 33554432 (custom)
2019-09-19 10:40:44,315 [pool-314-thread-1] INFO  server.RaftServerConfigKeys (ConfUtils.java:logGet(43)) - raft.server.log.segment.size.max = 1048576 (custom)
2019-09-19 10:40:44,315 [pool-314-thread-1] INFO  server.RaftServerConfigKeys (ConfUtils.java:logGet(43)) - raft.server.log.segment.cache.num.max = 2 (custom)
2019-09-19 10:40:44,315 [pool-314-thread-1] INFO  segmented.SegmentedRaftLogWorker (SegmentedRaftLogWorker.java:<init>(172)) - new 9446dbb8-be1e-4927-9a10-06bfbd259176-SegmentedRaftLogWorker:Storage Directory /workdir/hadoop-ozone/ozonefs/target/test-dir/MiniOzoneClusterImpl-95adb35c-95a9-4d64-bfad-30ad63d9b33a/datanode-2/data/ratis/aea95ea2-33d5-40cf-815b-dfdf6f164c2b for RaftStorage:Storage Directory /workdir/hadoop-ozone/ozonefs/target/test-dir/MiniOzoneClusterImpl-95adb35c-95a9-4d64-bfad-30ad63d9b33a/datanode-2/data/ratis/aea95ea2-33d5-40cf-815b-dfdf6f164c2b
2019-09-19 10:40:44,316 [pool-314-thread-1] INFO  server.RaftServerConfigKeys (ConfUtils.java:logGet(43)) - raft.server.log.queue.byte-limit = 2147483647 (custom)
2019-09-19 10:40:44,316 [pool-314-thread-1] INFO  server.RaftServerConfigKeys (ConfUtils.java:logGet(43)) - raft.server.log.queue.element-limit = 1024 (custom)
2019-09-19 10:40:44,316 [pool-314-thread-1] INFO  server.RaftServerConfigKeys (ConfUtils.java:logGet(43)) - raft.server.log.segment.size.max = 1048576 (custom)
2019-09-19 10:40:44,316 [pool-314-thread-1] INFO  server.RaftServerConfigKeys (ConfUtils.java:logGet(43)) - raft.server.log.preallocated.size = 16384 (custom)
2019-09-19 10:40:44,316 [pool-314-thread-1] INFO  server.RaftServerConfigKeys (ConfUtils.java:logGet(43)) - raft.server.log.write.buffer.size = 33554432 (custom)
2019-09-19 10:40:44,316 [pool-314-thread-1] INFO  server.RaftServerConfigKeys (ConfUtils.java:logGet(43)) - raft.server.log.force.sync.num = 128 (default)
2019-09-19 10:40:44,316 [pool-314-thread-1] INFO  server.RaftServerConfigKeys (ConfUtils.java:logGet(43)) - raft.server.log.statemachine.data.sync = true (default)
2019-09-19 10:40:44,316 [pool-314-thread-1] INFO  server.RaftServerConfigKeys (ConfUtils.java:logGet(43)) - raft.server.log.statemachine.data.sync.timeout = 10s (default)
2019-09-19 10:40:44,317 [pool-314-thread-1] INFO  server.RaftServerConfigKeys (ConfUtils.java:logGet(43)) - raft.server.log.statemachine.data.sync.timeout.retry = -1 (default)
2019-09-19 10:40:44,317 [pool-314-thread-1] INFO  server.RaftServerConfigKeys (ConfUtils.java:logGet(43)) - raft.server.log.statemachine.data.caching.enabled = true (custom)
2019-09-19 10:40:44,317 [pool-314-thread-1] INFO  segmented.SegmentedRaftLogWorker (SegmentedRaftLogWorker.java:lambda$new$0(132)) - 9446dbb8-be1e-4927-9a10-06bfbd259176-SegmentedRaftLogWorker:Storage Directory /workdir/hadoop-ozone/ozonefs/target/test-dir/MiniOzoneClusterImpl-95adb35c-95a9-4d64-bfad-30ad63d9b33a/datanode-2/data/ratis/aea95ea2-33d5-40cf-815b-dfdf6f164c2b: flushIndex: setUnconditionally 0 -> -1
2019-09-19 10:40:44,317 [pool-314-thread-1] INFO  server.RaftServerConfigKeys (ConfUtils.java:logGet(43)) - raft.server.snapshot.auto.trigger.enabled = true (custom)
2019-09-19 10:40:44,318 [pool-314-thread-1] INFO  server.RaftServerConfigKeys (ConfUtils.java:logGet(43)) - raft.server.snapshot.auto.trigger.threshold = 10000 (custom)
2019-09-19 10:40:44,318 [pool-314-thread-1] INFO  server.RaftServerConfigKeys (ConfUtils.java:logGet(43)) - raft.server.retrycache.expirytime = 600000ms (custom)
2019-09-19 10:40:44,318 [pool-314-thread-1] INFO  impl.RaftServerImpl (RaftServerImpl.java:start(180)) - 9446dbb8-be1e-4927-9a10-06bfbd259176: start group-DFDF6F164C2B
2019-09-19 10:40:44,318 [pool-314-thread-1] INFO  impl.RaftServerImpl (RaftServerImpl.java:setRole(171)) - 9446dbb8-be1e-4927-9a10-06bfbd259176:group-DFDF6F164C2B changes role from null to FOLLOWER at term 0 for startAsFollower
2019-09-19 10:40:44,318 [pool-314-thread-1] INFO  impl.RoleInfo (RoleInfo.java:updateAndGet(143)) - 9446dbb8-be1e-4927-9a10-06bfbd259176: start FollowerState
2019-09-19 10:40:44,319 [pool-314-thread-1] INFO  util.JmxRegister (JmxRegister.java:tryRegister(44)) - Successfully registered JMX Bean with object name Ratis:service=RaftServer,group=group-DFDF6F164C2B,id=9446dbb8-be1e-4927-9a10-06bfbd259176
2019-09-19 10:40:44,323 [RatisPipelineUtilsThread] INFO  pipeline.PipelineStateManager (PipelineStateManager.java:addPipeline(56)) - Created pipeline Pipeline[ Id: aea95ea2-33d5-40cf-815b-dfdf6f164c2b, Nodes: 9446dbb8-be1e-4927-9a10-06bfbd259176{ip: 192.168.157.204, host: pr-hdds-1569-cpgw4-1311585219, networkLocation: /default-rack, certSerialId: null}, Type:RATIS, Factor:ONE, State:OPEN]
2019-09-19 10:40:44,333 [grpc-default-executor-0] INFO  impl.RaftServerProxy (RaftServerProxy.java:addNew(89)) - dc5e8d18-35dc-4ab2-b60d-1575c8ae4539: addNew group-801F016A1DB3:[dc5e8d18-35dc-4ab2-b60d-1575c8ae4539:192.168.157.204:40172] returns group-801F016A1DB3:java.util.concurrent.CompletableFuture@422fb22c[Not completed]
2019-09-19 10:40:44,334 [pool-292-thread-1] INFO  impl.RaftServerImpl (RaftServerImpl.java:<init>(93)) - dc5e8d18-35dc-4ab2-b60d-1575c8ae4539: new RaftServerImpl for group-801F016A1DB3:[dc5e8d18-35dc-4ab2-b60d-1575c8ae4539:192.168.157.204:40172] with ContainerStateMachine:uninitialized
2019-09-19 10:40:44,334 [pool-292-thread-1] INFO  server.RaftServerConfigKeys (ConfUtils.java:logGet(43)) - raft.server.rpc.timeout.min = 5s (custom)
2019-09-19 10:40:44,334 [pool-292-thread-1] INFO  server.RaftServerConfigKeys (ConfUtils.java:logGet(43)) - raft.server.rpc.timeout.max = 5200ms (custom)
2019-09-19 10:40:44,334 [pool-292-thread-1] INFO  server.RaftServerConfigKeys (ConfUtils.java:logGet(43)) - raft.server.rpcslowness.timeout = 120s (custom)
2019-09-19 10:40:44,334 [pool-292-thread-1] INFO  server.RaftServerConfigKeys (ConfUtils.java:logGet(43)) - raft.server.sleep.deviation.threshold = 300 (default)
2019-09-19 10:40:44,334 [pool-292-thread-1] INFO  server.RaftServerConfigKeys (ConfUtils.java:logGet(43)) - raft.server.log.appender.install.snapshot.enabled = false (custom)
2019-09-19 10:40:44,335 [pool-292-thread-1] INFO  impl.RaftServerImpl (ServerState.java:<init>(105)) - dc5e8d18-35dc-4ab2-b60d-1575c8ae4539:group-801F016A1DB3 ConfigurationManager, init=-1: [dc5e8d18-35dc-4ab2-b60d-1575c8ae4539:192.168.157.204:40172], old=null, confs=<EMPTY_MAP>
2019-09-19 10:40:44,335 [pool-292-thread-1] INFO  server.RaftServerConfigKeys (ConfUtils.java:logGet(43)) - raft.server.storage.dir = [/workdir/hadoop-ozone/ozonefs/target/test-dir/MiniOzoneClusterImpl-95adb35c-95a9-4d64-bfad-30ad63d9b33a/datanode-0/data/ratis] (custom)
2019-09-19 10:40:44,335 [pool-292-thread-1] INFO  storage.RaftStorageDirectory (RaftStorageDirectory.java:analyzeStorage(246)) - The storage directory /workdir/hadoop-ozone/ozonefs/target/test-dir/MiniOzoneClusterImpl-95adb35c-95a9-4d64-bfad-30ad63d9b33a/datanode-0/data/ratis/a891c599-ce7d-4765-a337-801f016a1db3 does not exist. Creating ...
2019-09-19 10:40:44,348 [pool-292-thread-1] INFO  storage.RaftStorageDirectory (RaftStorageDirectory.java:tryLock(328)) - Lock on /workdir/hadoop-ozone/ozonefs/target/test-dir/MiniOzoneClusterImpl-95adb35c-95a9-4d64-bfad-30ad63d9b33a/datanode-0/data/ratis/a891c599-ce7d-4765-a337-801f016a1db3/in_use.lock acquired by nodename 10573@pr-hdds-1569-cpgw4-1311585219
2019-09-19 10:40:44,361 [pool-292-thread-1] INFO  storage.RaftStorage (RaftStorage.java:format(72)) - Storage directory /workdir/hadoop-ozone/ozonefs/target/test-dir/MiniOzoneClusterImpl-95adb35c-95a9-4d64-bfad-30ad63d9b33a/datanode-0/data/ratis/a891c599-ce7d-4765-a337-801f016a1db3 has been successfully formatted.
2019-09-19 10:40:44,361 [pool-292-thread-1] INFO  ratis.ContainerStateMachine (ContainerStateMachine.java:loadSnapshot(226)) - group-801F016A1DB3: The snapshot info is null. Setting the last applied indexto:(t:0, i:~)
2019-09-19 10:40:44,361 [pool-292-thread-1] INFO  server.RaftServerConfigKeys (ConfUtils.java:logGet(43)) - raft.server.leader.election.timeout = 120s (custom)
2019-09-19 10:40:44,362 [pool-292-thread-1] INFO  server.RaftServerConfigKeys (ConfUtils.java:logGet(43)) - raft.server.log.use.memory = false (default)
2019-09-19 10:40:44,362 [pool-292-thread-1] INFO  server.RaftServerConfigKeys (ConfUtils.java:logGet(43)) - raft.server.log.purge.gap = 1000000 (custom)
2019-09-19 10:40:44,362 [pool-292-thread-1] INFO  server.RaftServerConfigKeys (ConfUtils.java:logGet(43)) - raft.server.log.appender.buffer.byte-limit = 33554432 (custom)
2019-09-19 10:40:44,362 [pool-292-thread-1] INFO  server.RaftServerConfigKeys (ConfUtils.java:logGet(43)) - raft.server.log.segment.size.max = 1048576 (custom)
2019-09-19 10:40:44,362 [pool-292-thread-1] INFO  server.RaftServerConfigKeys (ConfUtils.java:logGet(43)) - raft.server.log.segment.cache.num.max = 2 (custom)
2019-09-19 10:40:44,362 [pool-292-thread-1] INFO  segmented.SegmentedRaftLogWorker (SegmentedRaftLogWorker.java:<init>(172)) - new dc5e8d18-35dc-4ab2-b60d-1575c8ae4539-SegmentedRaftLogWorker:Storage Directory /workdir/hadoop-ozone/ozonefs/target/test-dir/MiniOzoneClusterImpl-95adb35c-95a9-4d64-bfad-30ad63d9b33a/datanode-0/data/ratis/a891c599-ce7d-4765-a337-801f016a1db3 for RaftStorage:Storage Directory /workdir/hadoop-ozone/ozonefs/target/test-dir/MiniOzoneClusterImpl-95adb35c-95a9-4d64-bfad-30ad63d9b33a/datanode-0/data/ratis/a891c599-ce7d-4765-a337-801f016a1db3
2019-09-19 10:40:44,362 [pool-292-thread-1] INFO  server.RaftServerConfigKeys (ConfUtils.java:logGet(43)) - raft.server.log.queue.byte-limit = 2147483647 (custom)
2019-09-19 10:40:44,363 [pool-292-thread-1] INFO  server.RaftServerConfigKeys (ConfUtils.java:logGet(43)) - raft.server.log.queue.element-limit = 1024 (custom)
2019-09-19 10:40:44,363 [pool-292-thread-1] INFO  server.RaftServerConfigKeys (ConfUtils.java:logGet(43)) - raft.server.log.segment.size.max = 1048576 (custom)
2019-09-19 10:40:44,363 [pool-292-thread-1] INFO  server.RaftServerConfigKeys (ConfUtils.java:logGet(43)) - raft.server.log.preallocated.size = 16384 (custom)
2019-09-19 10:40:44,363 [pool-292-thread-1] INFO  server.RaftServerConfigKeys (ConfUtils.java:logGet(43)) - raft.server.log.write.buffer.size = 33554432 (custom)
2019-09-19 10:40:44,363 [pool-292-thread-1] INFO  server.RaftServerConfigKeys (ConfUtils.java:logGet(43)) - raft.server.log.force.sync.num = 128 (default)
2019-09-19 10:40:44,363 [pool-292-thread-1] INFO  server.RaftServerConfigKeys (ConfUtils.java:logGet(43)) - raft.server.log.statemachine.data.sync = true (default)
2019-09-19 10:40:44,363 [pool-292-thread-1] INFO  server.RaftServerConfigKeys (ConfUtils.java:logGet(43)) - raft.server.log.statemachine.data.sync.timeout = 10s (default)
2019-09-19 10:40:44,364 [pool-292-thread-1] INFO  server.RaftServerConfigKeys (ConfUtils.java:logGet(43)) - raft.server.log.statemachine.data.sync.timeout.retry = -1 (default)
2019-09-19 10:40:44,364 [pool-292-thread-1] INFO  server.RaftServerConfigKeys (ConfUtils.java:logGet(43)) - raft.server.log.statemachine.data.caching.enabled = true (custom)
2019-09-19 10:40:44,364 [pool-292-thread-1] INFO  segmented.SegmentedRaftLogWorker (SegmentedRaftLogWorker.java:lambda$new$0(132)) - dc5e8d18-35dc-4ab2-b60d-1575c8ae4539-SegmentedRaftLogWorker:Storage Directory /workdir/hadoop-ozone/ozonefs/target/test-dir/MiniOzoneClusterImpl-95adb35c-95a9-4d64-bfad-30ad63d9b33a/datanode-0/data/ratis/a891c599-ce7d-4765-a337-801f016a1db3: flushIndex: setUnconditionally 0 -> -1
2019-09-19 10:40:44,365 [pool-292-thread-1] INFO  server.RaftServerConfigKeys (ConfUtils.java:logGet(43)) - raft.server.snapshot.auto.trigger.enabled = true (custom)
2019-09-19 10:40:44,365 [pool-292-thread-1] INFO  server.RaftServerConfigKeys (ConfUtils.java:logGet(43)) - raft.server.snapshot.auto.trigger.threshold = 10000 (custom)
2019-09-19 10:40:44,365 [pool-292-thread-1] INFO  server.RaftServerConfigKeys (ConfUtils.java:logGet(43)) - raft.server.retrycache.expirytime = 600000ms (custom)
2019-09-19 10:40:44,365 [pool-292-thread-1] INFO  impl.RaftServerImpl (RaftServerImpl.java:start(180)) - dc5e8d18-35dc-4ab2-b60d-1575c8ae4539: start group-801F016A1DB3
2019-09-19 10:40:44,365 [pool-292-thread-1] INFO  impl.RaftServerImpl (RaftServerImpl.java:setRole(171)) - dc5e8d18-35dc-4ab2-b60d-1575c8ae4539:group-801F016A1DB3 changes role from null to FOLLOWER at term 0 for startAsFollower
2019-09-19 10:40:44,365 [pool-292-thread-1] INFO  impl.RoleInfo (RoleInfo.java:updateAndGet(143)) - dc5e8d18-35dc-4ab2-b60d-1575c8ae4539: start FollowerState
2019-09-19 10:40:44,366 [pool-292-thread-1] INFO  util.JmxRegister (JmxRegister.java:tryRegister(44)) - Successfully registered JMX Bean with object name Ratis:service=RaftServer,group=group-801F016A1DB3,id=dc5e8d18-35dc-4ab2-b60d-1575c8ae4539
2019-09-19 10:40:44,370 [RatisPipelineUtilsThread] INFO  pipeline.PipelineStateManager (PipelineStateManager.java:addPipeline(56)) - Created pipeline Pipeline[ Id: a891c599-ce7d-4765-a337-801f016a1db3, Nodes: dc5e8d18-35dc-4ab2-b60d-1575c8ae4539{ip: 192.168.157.204, host: pr-hdds-1569-cpgw4-1311585219, networkLocation: /default-rack, certSerialId: null}, Type:RATIS, Factor:ONE, State:OPEN]
2019-09-19 10:40:44,379 [grpc-default-executor-0] INFO  impl.RaftServerProxy (RaftServerProxy.java:addNew(89)) - dc5e8d18-35dc-4ab2-b60d-1575c8ae4539: addNew group-58CCA4D6402F:[dc5e8d18-35dc-4ab2-b60d-1575c8ae4539:192.168.157.204:40172] returns group-58CCA4D6402F:java.util.concurrent.CompletableFuture@13bba68b[Not completed]
2019-09-19 10:40:44,380 [pool-292-thread-1] INFO  impl.RaftServerImpl (RaftServerImpl.java:<init>(93)) - dc5e8d18-35dc-4ab2-b60d-1575c8ae4539: new RaftServerImpl for group-58CCA4D6402F:[dc5e8d18-35dc-4ab2-b60d-1575c8ae4539:192.168.157.204:40172] with ContainerStateMachine:uninitialized
2019-09-19 10:40:44,381 [pool-292-thread-1] INFO  server.RaftServerConfigKeys (ConfUtils.java:logGet(43)) - raft.server.rpc.timeout.min = 5s (custom)
2019-09-19 10:40:44,381 [pool-292-thread-1] INFO  server.RaftServerConfigKeys (ConfUtils.java:logGet(43)) - raft.server.rpc.timeout.max = 5200ms (custom)
2019-09-19 10:40:44,381 [pool-292-thread-1] INFO  server.RaftServerConfigKeys (ConfUtils.java:logGet(43)) - raft.server.rpcslowness.timeout = 120s (custom)
2019-09-19 10:40:44,381 [pool-292-thread-1] INFO  server.RaftServerConfigKeys (ConfUtils.java:logGet(43)) - raft.server.sleep.deviation.threshold = 300 (default)
2019-09-19 10:40:44,381 [pool-292-thread-1] INFO  server.RaftServerConfigKeys (ConfUtils.java:logGet(43)) - raft.server.log.appender.install.snapshot.enabled = false (custom)
2019-09-19 10:40:44,381 [pool-292-thread-1] INFO  impl.RaftServerImpl (ServerState.java:<init>(105)) - dc5e8d18-35dc-4ab2-b60d-1575c8ae4539:group-58CCA4D6402F ConfigurationManager, init=-1: [dc5e8d18-35dc-4ab2-b60d-1575c8ae4539:192.168.157.204:40172], old=null, confs=<EMPTY_MAP>
2019-09-19 10:40:44,381 [pool-292-thread-1] INFO  server.RaftServerConfigKeys (ConfUtils.java:logGet(43)) - raft.server.storage.dir = [/workdir/hadoop-ozone/ozonefs/target/test-dir/MiniOzoneClusterImpl-95adb35c-95a9-4d64-bfad-30ad63d9b33a/datanode-0/data/ratis] (custom)
2019-09-19 10:40:44,382 [pool-292-thread-1] INFO  storage.RaftStorageDirectory (RaftStorageDirectory.java:analyzeStorage(246)) - The storage directory /workdir/hadoop-ozone/ozonefs/target/test-dir/MiniOzoneClusterImpl-95adb35c-95a9-4d64-bfad-30ad63d9b33a/datanode-0/data/ratis/dbc3da1a-a874-4dbb-b042-58cca4d6402f does not exist. Creating ...
2019-09-19 10:40:44,394 [pool-292-thread-1] INFO  storage.RaftStorageDirectory (RaftStorageDirectory.java:tryLock(328)) - Lock on /workdir/hadoop-ozone/ozonefs/target/test-dir/MiniOzoneClusterImpl-95adb35c-95a9-4d64-bfad-30ad63d9b33a/datanode-0/data/ratis/dbc3da1a-a874-4dbb-b042-58cca4d6402f/in_use.lock acquired by nodename 10573@pr-hdds-1569-cpgw4-1311585219
2019-09-19 10:40:44,407 [pool-292-thread-1] INFO  storage.RaftStorage (RaftStorage.java:format(72)) - Storage directory /workdir/hadoop-ozone/ozonefs/target/test-dir/MiniOzoneClusterImpl-95adb35c-95a9-4d64-bfad-30ad63d9b33a/datanode-0/data/ratis/dbc3da1a-a874-4dbb-b042-58cca4d6402f has been successfully formatted.
2019-09-19 10:40:44,407 [pool-292-thread-1] INFO  ratis.ContainerStateMachine (ContainerStateMachine.java:loadSnapshot(226)) - group-58CCA4D6402F: The snapshot info is null. Setting the last applied indexto:(t:0, i:~)
2019-09-19 10:40:44,407 [pool-292-thread-1] INFO  server.RaftServerConfigKeys (ConfUtils.java:logGet(43)) - raft.server.leader.election.timeout = 120s (custom)
2019-09-19 10:40:44,408 [pool-292-thread-1] INFO  server.RaftServerConfigKeys (ConfUtils.java:logGet(43)) - raft.server.log.use.memory = false (default)
2019-09-19 10:40:44,408 [pool-292-thread-1] INFO  server.RaftServerConfigKeys (ConfUtils.java:logGet(43)) - raft.server.log.purge.gap = 1000000 (custom)
2019-09-19 10:40:44,408 [pool-292-thread-1] INFO  server.RaftServerConfigKeys (ConfUtils.java:logGet(43)) - raft.server.log.appender.buffer.byte-limit = 33554432 (custom)
2019-09-19 10:40:44,408 [pool-292-thread-1] INFO  server.RaftServerConfigKeys (ConfUtils.java:logGet(43)) - raft.server.log.segment.size.max = 1048576 (custom)
2019-09-19 10:40:44,408 [pool-292-thread-1] INFO  server.RaftServerConfigKeys (ConfUtils.java:logGet(43)) - raft.server.log.segment.cache.num.max = 2 (custom)
2019-09-19 10:40:44,408 [pool-292-thread-1] INFO  segmented.SegmentedRaftLogWorker (SegmentedRaftLogWorker.java:<init>(172)) - new dc5e8d18-35dc-4ab2-b60d-1575c8ae4539-SegmentedRaftLogWorker:Storage Directory /workdir/hadoop-ozone/ozonefs/target/test-dir/MiniOzoneClusterImpl-95adb35c-95a9-4d64-bfad-30ad63d9b33a/datanode-0/data/ratis/dbc3da1a-a874-4dbb-b042-58cca4d6402f for RaftStorage:Storage Directory /workdir/hadoop-ozone/ozonefs/target/test-dir/MiniOzoneClusterImpl-95adb35c-95a9-4d64-bfad-30ad63d9b33a/datanode-0/data/ratis/dbc3da1a-a874-4dbb-b042-58cca4d6402f
2019-09-19 10:40:44,409 [pool-292-thread-1] INFO  server.RaftServerConfigKeys (ConfUtils.java:logGet(43)) - raft.server.log.queue.byte-limit = 2147483647 (custom)
2019-09-19 10:40:44,409 [pool-292-thread-1] INFO  server.RaftServerConfigKeys (ConfUtils.java:logGet(43)) - raft.server.log.queue.element-limit = 1024 (custom)
2019-09-19 10:40:44,409 [pool-292-thread-1] INFO  server.RaftServerConfigKeys (ConfUtils.java:logGet(43)) - raft.server.log.segment.size.max = 1048576 (custom)
2019-09-19 10:40:44,409 [pool-292-thread-1] INFO  server.RaftServerConfigKeys (ConfUtils.java:logGet(43)) - raft.server.log.preallocated.size = 16384 (custom)
2019-09-19 10:40:44,409 [pool-292-thread-1] INFO  server.RaftServerConfigKeys (ConfUtils.java:logGet(43)) - raft.server.log.write.buffer.size = 33554432 (custom)
2019-09-19 10:40:44,409 [pool-292-thread-1] INFO  server.RaftServerConfigKeys (ConfUtils.java:logGet(43)) - raft.server.log.force.sync.num = 128 (default)
2019-09-19 10:40:44,409 [pool-292-thread-1] INFO  server.RaftServerConfigKeys (ConfUtils.java:logGet(43)) - raft.server.log.statemachine.data.sync = true (default)
2019-09-19 10:40:44,410 [pool-292-thread-1] INFO  server.RaftServerConfigKeys (ConfUtils.java:logGet(43)) - raft.server.log.statemachine.data.sync.timeout = 10s (default)
2019-09-19 10:40:44,410 [pool-292-thread-1] INFO  server.RaftServerConfigKeys (ConfUtils.java:logGet(43)) - raft.server.log.statemachine.data.sync.timeout.retry = -1 (default)
2019-09-19 10:40:44,410 [pool-292-thread-1] INFO  server.RaftServerConfigKeys (ConfUtils.java:logGet(43)) - raft.server.log.statemachine.data.caching.enabled = true (custom)
2019-09-19 10:40:44,410 [pool-292-thread-1] INFO  segmented.SegmentedRaftLogWorker (SegmentedRaftLogWorker.java:lambda$new$0(132)) - dc5e8d18-35dc-4ab2-b60d-1575c8ae4539-SegmentedRaftLogWorker:Storage Directory /workdir/hadoop-ozone/ozonefs/target/test-dir/MiniOzoneClusterImpl-95adb35c-95a9-4d64-bfad-30ad63d9b33a/datanode-0/data/ratis/dbc3da1a-a874-4dbb-b042-58cca4d6402f: flushIndex: setUnconditionally 0 -> -1
2019-09-19 10:40:44,411 [pool-292-thread-1] INFO  server.RaftServerConfigKeys (ConfUtils.java:logGet(43)) - raft.server.snapshot.auto.trigger.enabled = true (custom)
2019-09-19 10:40:44,411 [pool-292-thread-1] INFO  server.RaftServerConfigKeys (ConfUtils.java:logGet(43)) - raft.server.snapshot.auto.trigger.threshold = 10000 (custom)
2019-09-19 10:40:44,411 [pool-292-thread-1] INFO  server.RaftServerConfigKeys (ConfUtils.java:logGet(43)) - raft.server.retrycache.expirytime = 600000ms (custom)
2019-09-19 10:40:44,411 [pool-292-thread-1] INFO  impl.RaftServerImpl (RaftServerImpl.java:start(180)) - dc5e8d18-35dc-4ab2-b60d-1575c8ae4539: start group-58CCA4D6402F
2019-09-19 10:40:44,411 [pool-292-thread-1] INFO  impl.RaftServerImpl (RaftServerImpl.java:setRole(171)) - dc5e8d18-35dc-4ab2-b60d-1575c8ae4539:group-58CCA4D6402F changes role from null to FOLLOWER at term 0 for startAsFollower
2019-09-19 10:40:44,412 [pool-292-thread-1] INFO  impl.RoleInfo (RoleInfo.java:updateAndGet(143)) - dc5e8d18-35dc-4ab2-b60d-1575c8ae4539: start FollowerState
2019-09-19 10:40:44,412 [pool-292-thread-1] INFO  util.JmxRegister (JmxRegister.java:tryRegister(44)) - Successfully registered JMX Bean with object name Ratis:service=RaftServer,group=group-58CCA4D6402F,id=dc5e8d18-35dc-4ab2-b60d-1575c8ae4539
2019-09-19 10:40:44,416 [RatisPipelineUtilsThread] INFO  pipeline.PipelineStateManager (PipelineStateManager.java:addPipeline(56)) - Created pipeline Pipeline[ Id: dbc3da1a-a874-4dbb-b042-58cca4d6402f, Nodes: dc5e8d18-35dc-4ab2-b60d-1575c8ae4539{ip: 192.168.157.204, host: pr-hdds-1569-cpgw4-1311585219, networkLocation: /default-rack, certSerialId: null}, Type:RATIS, Factor:ONE, State:OPEN]
2019-09-19 10:40:44,416 [RatisPipelineUtilsThread] ERROR pipeline.PipelinePlacementPolicy (PipelinePlacementPolicy.java:meetCriteria(91)) - Pipeline Placement: Doesn't meet the criteria to be viable node. Heaviness: 6
2019-09-19 10:40:44,425 [grpc-default-executor-0] INFO  impl.RaftServerProxy (RaftServerProxy.java:addNew(89)) - 9446dbb8-be1e-4927-9a10-06bfbd259176: addNew group-4E45C913B92C:[9446dbb8-be1e-4927-9a10-06bfbd259176:192.168.157.204:38286] returns group-4E45C913B92C:java.util.concurrent.CompletableFuture@7ef0b7e9[Not completed]
2019-09-19 10:40:44,427 [pool-314-thread-1] INFO  impl.RaftServerImpl (RaftServerImpl.java:<init>(93)) - 9446dbb8-be1e-4927-9a10-06bfbd259176: new RaftServerImpl for group-4E45C913B92C:[9446dbb8-be1e-4927-9a10-06bfbd259176:192.168.157.204:38286] with ContainerStateMachine:uninitialized
2019-09-19 10:40:44,427 [pool-314-thread-1] INFO  server.RaftServerConfigKeys (ConfUtils.java:logGet(43)) - raft.server.rpc.timeout.min = 5s (custom)
2019-09-19 10:40:44,427 [pool-314-thread-1] INFO  server.RaftServerConfigKeys (ConfUtils.java:logGet(43)) - raft.server.rpc.timeout.max = 5200ms (custom)
2019-09-19 10:40:44,427 [pool-314-thread-1] INFO  server.RaftServerConfigKeys (ConfUtils.java:logGet(43)) - raft.server.rpcslowness.timeout = 120s (custom)
2019-09-19 10:40:44,427 [pool-314-thread-1] INFO  server.RaftServerConfigKeys (ConfUtils.java:logGet(43)) - raft.server.sleep.deviation.threshold = 300 (default)
2019-09-19 10:40:44,427 [pool-314-thread-1] INFO  server.RaftServerConfigKeys (ConfUtils.java:logGet(43)) - raft.server.log.appender.install.snapshot.enabled = false (custom)
2019-09-19 10:40:44,427 [pool-314-thread-1] INFO  impl.RaftServerImpl (ServerState.java:<init>(105)) - 9446dbb8-be1e-4927-9a10-06bfbd259176:group-4E45C913B92C ConfigurationManager, init=-1: [9446dbb8-be1e-4927-9a10-06bfbd259176:192.168.157.204:38286], old=null, confs=<EMPTY_MAP>
2019-09-19 10:40:44,428 [pool-314-thread-1] INFO  server.RaftServerConfigKeys (ConfUtils.java:logGet(43)) - raft.server.storage.dir = [/workdir/hadoop-ozone/ozonefs/target/test-dir/MiniOzoneClusterImpl-95adb35c-95a9-4d64-bfad-30ad63d9b33a/datanode-2/data/ratis] (custom)
2019-09-19 10:40:44,428 [pool-314-thread-1] INFO  storage.RaftStorageDirectory (RaftStorageDirectory.java:analyzeStorage(246)) - The storage directory /workdir/hadoop-ozone/ozonefs/target/test-dir/MiniOzoneClusterImpl-95adb35c-95a9-4d64-bfad-30ad63d9b33a/datanode-2/data/ratis/58c3a467-c4c1-48e9-8a1e-4e45c913b92c does not exist. Creating ...
2019-09-19 10:40:44,441 [pool-314-thread-1] INFO  storage.RaftStorageDirectory (RaftStorageDirectory.java:tryLock(328)) - Lock on /workdir/hadoop-ozone/ozonefs/target/test-dir/MiniOzoneClusterImpl-95adb35c-95a9-4d64-bfad-30ad63d9b33a/datanode-2/data/ratis/58c3a467-c4c1-48e9-8a1e-4e45c913b92c/in_use.lock acquired by nodename 10573@pr-hdds-1569-cpgw4-1311585219
2019-09-19 10:40:44,454 [pool-314-thread-1] INFO  storage.RaftStorage (RaftStorage.java:format(72)) - Storage directory /workdir/hadoop-ozone/ozonefs/target/test-dir/MiniOzoneClusterImpl-95adb35c-95a9-4d64-bfad-30ad63d9b33a/datanode-2/data/ratis/58c3a467-c4c1-48e9-8a1e-4e45c913b92c has been successfully formatted.
2019-09-19 10:40:44,454 [pool-314-thread-1] INFO  ratis.ContainerStateMachine (ContainerStateMachine.java:loadSnapshot(226)) - group-4E45C913B92C: The snapshot info is null. Setting the last applied indexto:(t:0, i:~)
2019-09-19 10:40:44,455 [pool-314-thread-1] INFO  server.RaftServerConfigKeys (ConfUtils.java:logGet(43)) - raft.server.leader.election.timeout = 120s (custom)
2019-09-19 10:40:44,455 [pool-314-thread-1] INFO  server.RaftServerConfigKeys (ConfUtils.java:logGet(43)) - raft.server.log.use.memory = false (default)
2019-09-19 10:40:44,455 [pool-314-thread-1] INFO  server.RaftServerConfigKeys (ConfUtils.java:logGet(43)) - raft.server.log.purge.gap = 1000000 (custom)
2019-09-19 10:40:44,455 [pool-314-thread-1] INFO  server.RaftServerConfigKeys (ConfUtils.java:logGet(43)) - raft.server.log.appender.buffer.byte-limit = 33554432 (custom)
2019-09-19 10:40:44,455 [pool-314-thread-1] INFO  server.RaftServerConfigKeys (ConfUtils.java:logGet(43)) - raft.server.log.segment.size.max = 1048576 (custom)
2019-09-19 10:40:44,455 [pool-314-thread-1] INFO  server.RaftServerConfigKeys (ConfUtils.java:logGet(43)) - raft.server.log.segment.cache.num.max = 2 (custom)
2019-09-19 10:40:44,456 [pool-314-thread-1] INFO  segmented.SegmentedRaftLogWorker (SegmentedRaftLogWorker.java:<init>(172)) - new 9446dbb8-be1e-4927-9a10-06bfbd259176-SegmentedRaftLogWorker:Storage Directory /workdir/hadoop-ozone/ozonefs/target/test-dir/MiniOzoneClusterImpl-95adb35c-95a9-4d64-bfad-30ad63d9b33a/datanode-2/data/ratis/58c3a467-c4c1-48e9-8a1e-4e45c913b92c for RaftStorage:Storage Directory /workdir/hadoop-ozone/ozonefs/target/test-dir/MiniOzoneClusterImpl-95adb35c-95a9-4d64-bfad-30ad63d9b33a/datanode-2/data/ratis/58c3a467-c4c1-48e9-8a1e-4e45c913b92c
2019-09-19 10:40:44,456 [pool-314-thread-1] INFO  server.RaftServerConfigKeys (ConfUtils.java:logGet(43)) - raft.server.log.queue.byte-limit = 2147483647 (custom)
2019-09-19 10:40:44,456 [pool-314-thread-1] INFO  server.RaftServerConfigKeys (ConfUtils.java:logGet(43)) - raft.server.log.queue.element-limit = 1024 (custom)
2019-09-19 10:40:44,456 [pool-314-thread-1] INFO  server.RaftServerConfigKeys (ConfUtils.java:logGet(43)) - raft.server.log.segment.size.max = 1048576 (custom)
2019-09-19 10:40:44,456 [pool-314-thread-1] INFO  server.RaftServerConfigKeys (ConfUtils.java:logGet(43)) - raft.server.log.preallocated.size = 16384 (custom)
2019-09-19 10:40:44,456 [pool-314-thread-1] INFO  server.RaftServerConfigKeys (ConfUtils.java:logGet(43)) - raft.server.log.write.buffer.size = 33554432 (custom)
2019-09-19 10:40:44,457 [pool-314-thread-1] INFO  server.RaftServerConfigKeys (ConfUtils.java:logGet(43)) - raft.server.log.force.sync.num = 128 (default)
2019-09-19 10:40:44,457 [pool-314-thread-1] INFO  server.RaftServerConfigKeys (ConfUtils.java:logGet(43)) - raft.server.log.statemachine.data.sync = true (default)
2019-09-19 10:40:44,457 [pool-314-thread-1] INFO  server.RaftServerConfigKeys (ConfUtils.java:logGet(43)) - raft.server.log.statemachine.data.sync.timeout = 10s (default)
2019-09-19 10:40:44,457 [pool-314-thread-1] INFO  server.RaftServerConfigKeys (ConfUtils.java:logGet(43)) - raft.server.log.statemachine.data.sync.timeout.retry = -1 (default)
2019-09-19 10:40:44,457 [pool-314-thread-1] INFO  server.RaftServerConfigKeys (ConfUtils.java:logGet(43)) - raft.server.log.statemachine.data.caching.enabled = true (custom)
2019-09-19 10:40:44,458 [pool-314-thread-1] INFO  segmented.SegmentedRaftLogWorker (SegmentedRaftLogWorker.java:lambda$new$0(132)) - 9446dbb8-be1e-4927-9a10-06bfbd259176-SegmentedRaftLogWorker:Storage Directory /workdir/hadoop-ozone/ozonefs/target/test-dir/MiniOzoneClusterImpl-95adb35c-95a9-4d64-bfad-30ad63d9b33a/datanode-2/data/ratis/58c3a467-c4c1-48e9-8a1e-4e45c913b92c: flushIndex: setUnconditionally 0 -> -1
2019-09-19 10:40:44,458 [pool-314-thread-1] INFO  server.RaftServerConfigKeys (ConfUtils.java:logGet(43)) - raft.server.snapshot.auto.trigger.enabled = true (custom)
2019-09-19 10:40:44,458 [pool-314-thread-1] INFO  server.RaftServerConfigKeys (ConfUtils.java:logGet(43)) - raft.server.snapshot.auto.trigger.threshold = 10000 (custom)
2019-09-19 10:40:44,458 [pool-314-thread-1] INFO  server.RaftServerConfigKeys (ConfUtils.java:logGet(43)) - raft.server.retrycache.expirytime = 600000ms (custom)
2019-09-19 10:40:44,459 [pool-314-thread-1] INFO  impl.RaftServerImpl (RaftServerImpl.java:start(180)) - 9446dbb8-be1e-4927-9a10-06bfbd259176: start group-4E45C913B92C
2019-09-19 10:40:44,459 [pool-314-thread-1] INFO  impl.RaftServerImpl (RaftServerImpl.java:setRole(171)) - 9446dbb8-be1e-4927-9a10-06bfbd259176:group-4E45C913B92C changes role from null to FOLLOWER at term 0 for startAsFollower
2019-09-19 10:40:44,459 [pool-314-thread-1] INFO  impl.RoleInfo (RoleInfo.java:updateAndGet(143)) - 9446dbb8-be1e-4927-9a10-06bfbd259176: start FollowerState
2019-09-19 10:40:44,459 [pool-314-thread-1] INFO  util.JmxRegister (JmxRegister.java:tryRegister(44)) - Successfully registered JMX Bean with object name Ratis:service=RaftServer,group=group-4E45C913B92C,id=9446dbb8-be1e-4927-9a10-06bfbd259176
2019-09-19 10:40:44,464 [RatisPipelineUtilsThread] INFO  pipeline.PipelineStateManager (PipelineStateManager.java:addPipeline(56)) - Created pipeline Pipeline[ Id: 58c3a467-c4c1-48e9-8a1e-4e45c913b92c, Nodes: 9446dbb8-be1e-4927-9a10-06bfbd259176{ip: 192.168.157.204, host: pr-hdds-1569-cpgw4-1311585219, networkLocation: /default-rack, certSerialId: null}, Type:RATIS, Factor:ONE, State:OPEN]
2019-09-19 10:40:44,464 [RatisPipelineUtilsThread] ERROR pipeline.PipelinePlacementPolicy (PipelinePlacementPolicy.java:meetCriteria(91)) - Pipeline Placement: Doesn't meet the criteria to be viable node. Heaviness: 6
2019-09-19 10:40:44,473 [grpc-default-executor-0] INFO  impl.RaftServerProxy (RaftServerProxy.java:addNew(89)) - fe4962de-281a-444f-941e-a238e9af76bd: addNew group-6B67B7C1501D:[fe4962de-281a-444f-941e-a238e9af76bd:192.168.157.204:44401] returns group-6B67B7C1501D:java.util.concurrent.CompletableFuture@3b694a80[Not completed]
2019-09-19 10:40:44,474 [pool-303-thread-1] INFO  impl.RaftServerImpl (RaftServerImpl.java:<init>(93)) - fe4962de-281a-444f-941e-a238e9af76bd: new RaftServerImpl for group-6B67B7C1501D:[fe4962de-281a-444f-941e-a238e9af76bd:192.168.157.204:44401] with ContainerStateMachine:uninitialized
2019-09-19 10:40:44,476 [pool-303-thread-1] INFO  server.RaftServerConfigKeys (ConfUtils.java:logGet(43)) - raft.server.rpc.timeout.min = 5s (custom)
2019-09-19 10:40:44,476 [pool-303-thread-1] INFO  server.RaftServerConfigKeys (ConfUtils.java:logGet(43)) - raft.server.rpc.timeout.max = 5200ms (custom)
2019-09-19 10:40:44,476 [pool-303-thread-1] INFO  server.RaftServerConfigKeys (ConfUtils.java:logGet(43)) - raft.server.rpcslowness.timeout = 120s (custom)
2019-09-19 10:40:44,476 [pool-303-thread-1] INFO  server.RaftServerConfigKeys (ConfUtils.java:logGet(43)) - raft.server.sleep.deviation.threshold = 300 (default)
2019-09-19 10:40:44,476 [pool-303-thread-1] INFO  server.RaftServerConfigKeys (ConfUtils.java:logGet(43)) - raft.server.log.appender.install.snapshot.enabled = false (custom)
2019-09-19 10:40:44,476 [pool-303-thread-1] INFO  impl.RaftServerImpl (ServerState.java:<init>(105)) - fe4962de-281a-444f-941e-a238e9af76bd:group-6B67B7C1501D ConfigurationManager, init=-1: [fe4962de-281a-444f-941e-a238e9af76bd:192.168.157.204:44401], old=null, confs=<EMPTY_MAP>
2019-09-19 10:40:44,476 [pool-303-thread-1] INFO  server.RaftServerConfigKeys (ConfUtils.java:logGet(43)) - raft.server.storage.dir = [/workdir/hadoop-ozone/ozonefs/target/test-dir/MiniOzoneClusterImpl-95adb35c-95a9-4d64-bfad-30ad63d9b33a/datanode-1/data/ratis] (custom)
2019-09-19 10:40:44,477 [pool-303-thread-1] INFO  storage.RaftStorageDirectory (RaftStorageDirectory.java:analyzeStorage(246)) - The storage directory /workdir/hadoop-ozone/ozonefs/target/test-dir/MiniOzoneClusterImpl-95adb35c-95a9-4d64-bfad-30ad63d9b33a/datanode-1/data/ratis/75f373fb-e416-4b81-afaf-6b67b7c1501d does not exist. Creating ...
2019-09-19 10:40:44,490 [pool-303-thread-1] INFO  storage.RaftStorageDirectory (RaftStorageDirectory.java:tryLock(328)) - Lock on /workdir/hadoop-ozone/ozonefs/target/test-dir/MiniOzoneClusterImpl-95adb35c-95a9-4d64-bfad-30ad63d9b33a/datanode-1/data/ratis/75f373fb-e416-4b81-afaf-6b67b7c1501d/in_use.lock acquired by nodename 10573@pr-hdds-1569-cpgw4-1311585219
2019-09-19 10:40:44,510 [pool-303-thread-1] INFO  storage.RaftStorage (RaftStorage.java:format(72)) - Storage directory /workdir/hadoop-ozone/ozonefs/target/test-dir/MiniOzoneClusterImpl-95adb35c-95a9-4d64-bfad-30ad63d9b33a/datanode-1/data/ratis/75f373fb-e416-4b81-afaf-6b67b7c1501d has been successfully formatted.
2019-09-19 10:40:44,511 [pool-303-thread-1] INFO  ratis.ContainerStateMachine (ContainerStateMachine.java:loadSnapshot(226)) - group-6B67B7C1501D: The snapshot info is null. Setting the last applied indexto:(t:0, i:~)
2019-09-19 10:40:44,511 [pool-303-thread-1] INFO  server.RaftServerConfigKeys (ConfUtils.java:logGet(43)) - raft.server.leader.election.timeout = 120s (custom)
2019-09-19 10:40:44,511 [pool-303-thread-1] INFO  server.RaftServerConfigKeys (ConfUtils.java:logGet(43)) - raft.server.log.use.memory = false (default)
2019-09-19 10:40:44,511 [pool-303-thread-1] INFO  server.RaftServerConfigKeys (ConfUtils.java:logGet(43)) - raft.server.log.purge.gap = 1000000 (custom)
2019-09-19 10:40:44,511 [pool-303-thread-1] INFO  server.RaftServerConfigKeys (ConfUtils.java:logGet(43)) - raft.server.log.appender.buffer.byte-limit = 33554432 (custom)
2019-09-19 10:40:44,511 [pool-303-thread-1] INFO  server.RaftServerConfigKeys (ConfUtils.java:logGet(43)) - raft.server.log.segment.size.max = 1048576 (custom)
2019-09-19 10:40:44,512 [pool-303-thread-1] INFO  server.RaftServerConfigKeys (ConfUtils.java:logGet(43)) - raft.server.log.segment.cache.num.max = 2 (custom)
2019-09-19 10:40:44,512 [pool-303-thread-1] INFO  segmented.SegmentedRaftLogWorker (SegmentedRaftLogWorker.java:<init>(172)) - new fe4962de-281a-444f-941e-a238e9af76bd-SegmentedRaftLogWorker:Storage Directory /workdir/hadoop-ozone/ozonefs/target/test-dir/MiniOzoneClusterImpl-95adb35c-95a9-4d64-bfad-30ad63d9b33a/datanode-1/data/ratis/75f373fb-e416-4b81-afaf-6b67b7c1501d for RaftStorage:Storage Directory /workdir/hadoop-ozone/ozonefs/target/test-dir/MiniOzoneClusterImpl-95adb35c-95a9-4d64-bfad-30ad63d9b33a/datanode-1/data/ratis/75f373fb-e416-4b81-afaf-6b67b7c1501d
2019-09-19 10:40:44,512 [pool-303-thread-1] INFO  server.RaftServerConfigKeys (ConfUtils.java:logGet(43)) - raft.server.log.queue.byte-limit = 2147483647 (custom)
2019-09-19 10:40:44,512 [pool-303-thread-1] INFO  server.RaftServerConfigKeys (ConfUtils.java:logGet(43)) - raft.server.log.queue.element-limit = 1024 (custom)
2019-09-19 10:40:44,512 [pool-303-thread-1] INFO  server.RaftServerConfigKeys (ConfUtils.java:logGet(43)) - raft.server.log.segment.size.max = 1048576 (custom)
2019-09-19 10:40:44,512 [pool-303-thread-1] INFO  server.RaftServerConfigKeys (ConfUtils.java:logGet(43)) - raft.server.log.preallocated.size = 16384 (custom)
2019-09-19 10:40:44,512 [pool-303-thread-1] INFO  server.RaftServerConfigKeys (ConfUtils.java:logGet(43)) - raft.server.log.write.buffer.size = 33554432 (custom)
2019-09-19 10:40:44,513 [pool-303-thread-1] INFO  server.RaftServerConfigKeys (ConfUtils.java:logGet(43)) - raft.server.log.force.sync.num = 128 (default)
2019-09-19 10:40:44,513 [pool-303-thread-1] INFO  server.RaftServerConfigKeys (ConfUtils.java:logGet(43)) - raft.server.log.statemachine.data.sync = true (default)
2019-09-19 10:40:44,513 [pool-303-thread-1] INFO  server.RaftServerConfigKeys (ConfUtils.java:logGet(43)) - raft.server.log.statemachine.data.sync.timeout = 10s (default)
2019-09-19 10:40:44,513 [pool-303-thread-1] INFO  server.RaftServerConfigKeys (ConfUtils.java:logGet(43)) - raft.server.log.statemachine.data.sync.timeout.retry = -1 (default)
2019-09-19 10:40:44,513 [pool-303-thread-1] INFO  server.RaftServerConfigKeys (ConfUtils.java:logGet(43)) - raft.server.log.statemachine.data.caching.enabled = true (custom)
2019-09-19 10:40:44,513 [pool-303-thread-1] INFO  segmented.SegmentedRaftLogWorker (SegmentedRaftLogWorker.java:lambda$new$0(132)) - fe4962de-281a-444f-941e-a238e9af76bd-SegmentedRaftLogWorker:Storage Directory /workdir/hadoop-ozone/ozonefs/target/test-dir/MiniOzoneClusterImpl-95adb35c-95a9-4d64-bfad-30ad63d9b33a/datanode-1/data/ratis/75f373fb-e416-4b81-afaf-6b67b7c1501d: flushIndex: setUnconditionally 0 -> -1
2019-09-19 10:40:44,514 [pool-303-thread-1] INFO  server.RaftServerConfigKeys (ConfUtils.java:logGet(43)) - raft.server.snapshot.auto.trigger.enabled = true (custom)
2019-09-19 10:40:44,514 [pool-303-thread-1] INFO  server.RaftServerConfigKeys (ConfUtils.java:logGet(43)) - raft.server.snapshot.auto.trigger.threshold = 10000 (custom)
2019-09-19 10:40:44,514 [pool-303-thread-1] INFO  server.RaftServerConfigKeys (ConfUtils.java:logGet(43)) - raft.server.retrycache.expirytime = 600000ms (custom)
2019-09-19 10:40:44,514 [pool-303-thread-1] INFO  impl.RaftServerImpl (RaftServerImpl.java:start(180)) - fe4962de-281a-444f-941e-a238e9af76bd: start group-6B67B7C1501D
2019-09-19 10:40:44,514 [pool-303-thread-1] INFO  impl.RaftServerImpl (RaftServerImpl.java:setRole(171)) - fe4962de-281a-444f-941e-a238e9af76bd:group-6B67B7C1501D changes role from null to FOLLOWER at term 0 for startAsFollower
2019-09-19 10:40:44,514 [pool-303-thread-1] INFO  impl.RoleInfo (RoleInfo.java:updateAndGet(143)) - fe4962de-281a-444f-941e-a238e9af76bd: start FollowerState
2019-09-19 10:40:44,515 [pool-303-thread-1] INFO  util.JmxRegister (JmxRegister.java:tryRegister(44)) - Successfully registered JMX Bean with object name Ratis:service=RaftServer,group=group-6B67B7C1501D,id=fe4962de-281a-444f-941e-a238e9af76bd
2019-09-19 10:40:44,519 [RatisPipelineUtilsThread] INFO  pipeline.PipelineStateManager (PipelineStateManager.java:addPipeline(56)) - Created pipeline Pipeline[ Id: 75f373fb-e416-4b81-afaf-6b67b7c1501d, Nodes: fe4962de-281a-444f-941e-a238e9af76bd{ip: 192.168.157.204, host: pr-hdds-1569-cpgw4-1311585219, networkLocation: /default-rack, certSerialId: null}, Type:RATIS, Factor:ONE, State:OPEN]
2019-09-19 10:40:44,519 [RatisPipelineUtilsThread] ERROR pipeline.PipelinePlacementPolicy (PipelinePlacementPolicy.java:meetCriteria(91)) - Pipeline Placement: Doesn't meet the criteria to be viable node. Heaviness: 6
2019-09-19 10:40:44,526 [grpc-default-executor-0] INFO  impl.RaftServerProxy (RaftServerProxy.java:addNew(89)) - 9446dbb8-be1e-4927-9a10-06bfbd259176: addNew group-D45AC50A9187:[9446dbb8-be1e-4927-9a10-06bfbd259176:192.168.157.204:38286] returns group-D45AC50A9187:java.util.concurrent.CompletableFuture@1e4f46[Not completed]
2019-09-19 10:40:44,528 [pool-314-thread-1] INFO  impl.RaftServerImpl (RaftServerImpl.java:<init>(93)) - 9446dbb8-be1e-4927-9a10-06bfbd259176: new RaftServerImpl for group-D45AC50A9187:[9446dbb8-be1e-4927-9a10-06bfbd259176:192.168.157.204:38286] with ContainerStateMachine:uninitialized
2019-09-19 10:40:44,528 [pool-314-thread-1] INFO  server.RaftServerConfigKeys (ConfUtils.java:logGet(43)) - raft.server.rpc.timeout.min = 5s (custom)
2019-09-19 10:40:44,528 [pool-314-thread-1] INFO  server.RaftServerConfigKeys (ConfUtils.java:logGet(43)) - raft.server.rpc.timeout.max = 5200ms (custom)
2019-09-19 10:40:44,528 [pool-314-thread-1] INFO  server.RaftServerConfigKeys (ConfUtils.java:logGet(43)) - raft.server.rpcslowness.timeout = 120s (custom)
2019-09-19 10:40:44,528 [pool-314-thread-1] INFO  server.RaftServerConfigKeys (ConfUtils.java:logGet(43)) - raft.server.sleep.deviation.threshold = 300 (default)
2019-09-19 10:40:44,528 [pool-314-thread-1] INFO  server.RaftServerConfigKeys (ConfUtils.java:logGet(43)) - raft.server.log.appender.install.snapshot.enabled = false (custom)
2019-09-19 10:40:44,529 [pool-314-thread-1] INFO  impl.RaftServerImpl (ServerState.java:<init>(105)) - 9446dbb8-be1e-4927-9a10-06bfbd259176:group-D45AC50A9187 ConfigurationManager, init=-1: [9446dbb8-be1e-4927-9a10-06bfbd259176:192.168.157.204:38286], old=null, confs=<EMPTY_MAP>
2019-09-19 10:40:44,529 [pool-314-thread-1] INFO  server.RaftServerConfigKeys (ConfUtils.java:logGet(43)) - raft.server.storage.dir = [/workdir/hadoop-ozone/ozonefs/target/test-dir/MiniOzoneClusterImpl-95adb35c-95a9-4d64-bfad-30ad63d9b33a/datanode-2/data/ratis] (custom)
2019-09-19 10:40:44,529 [pool-314-thread-1] INFO  storage.RaftStorageDirectory (RaftStorageDirectory.java:analyzeStorage(246)) - The storage directory /workdir/hadoop-ozone/ozonefs/target/test-dir/MiniOzoneClusterImpl-95adb35c-95a9-4d64-bfad-30ad63d9b33a/datanode-2/data/ratis/d333d505-ee94-469f-8fe7-d45ac50a9187 does not exist. Creating ...
2019-09-19 10:40:44,543 [pool-314-thread-1] INFO  storage.RaftStorageDirectory (RaftStorageDirectory.java:tryLock(328)) - Lock on /workdir/hadoop-ozone/ozonefs/target/test-dir/MiniOzoneClusterImpl-95adb35c-95a9-4d64-bfad-30ad63d9b33a/datanode-2/data/ratis/d333d505-ee94-469f-8fe7-d45ac50a9187/in_use.lock acquired by nodename 10573@pr-hdds-1569-cpgw4-1311585219
2019-09-19 10:40:44,556 [pool-314-thread-1] INFO  storage.RaftStorage (RaftStorage.java:format(72)) - Storage directory /workdir/hadoop-ozone/ozonefs/target/test-dir/MiniOzoneClusterImpl-95adb35c-95a9-4d64-bfad-30ad63d9b33a/datanode-2/data/ratis/d333d505-ee94-469f-8fe7-d45ac50a9187 has been successfully formatted.
2019-09-19 10:40:44,557 [pool-314-thread-1] INFO  ratis.ContainerStateMachine (ContainerStateMachine.java:loadSnapshot(226)) - group-D45AC50A9187: The snapshot info is null. Setting the last applied indexto:(t:0, i:~)
2019-09-19 10:40:44,557 [pool-314-thread-1] INFO  server.RaftServerConfigKeys (ConfUtils.java:logGet(43)) - raft.server.leader.election.timeout = 120s (custom)
2019-09-19 10:40:44,557 [pool-314-thread-1] INFO  server.RaftServerConfigKeys (ConfUtils.java:logGet(43)) - raft.server.log.use.memory = false (default)
2019-09-19 10:40:44,557 [pool-314-thread-1] INFO  server.RaftServerConfigKeys (ConfUtils.java:logGet(43)) - raft.server.log.purge.gap = 1000000 (custom)
2019-09-19 10:40:44,557 [pool-314-thread-1] INFO  server.RaftServerConfigKeys (ConfUtils.java:logGet(43)) - raft.server.log.appender.buffer.byte-limit = 33554432 (custom)
2019-09-19 10:40:44,557 [pool-314-thread-1] INFO  server.RaftServerConfigKeys (ConfUtils.java:logGet(43)) - raft.server.log.segment.size.max = 1048576 (custom)
2019-09-19 10:40:44,557 [pool-314-thread-1] INFO  server.RaftServerConfigKeys (ConfUtils.java:logGet(43)) - raft.server.log.segment.cache.num.max = 2 (custom)
2019-09-19 10:40:44,558 [pool-314-thread-1] INFO  segmented.SegmentedRaftLogWorker (SegmentedRaftLogWorker.java:<init>(172)) - new 9446dbb8-be1e-4927-9a10-06bfbd259176-SegmentedRaftLogWorker:Storage Directory /workdir/hadoop-ozone/ozonefs/target/test-dir/MiniOzoneClusterImpl-95adb35c-95a9-4d64-bfad-30ad63d9b33a/datanode-2/data/ratis/d333d505-ee94-469f-8fe7-d45ac50a9187 for RaftStorage:Storage Directory /workdir/hadoop-ozone/ozonefs/target/test-dir/MiniOzoneClusterImpl-95adb35c-95a9-4d64-bfad-30ad63d9b33a/datanode-2/data/ratis/d333d505-ee94-469f-8fe7-d45ac50a9187
2019-09-19 10:40:44,558 [pool-314-thread-1] INFO  server.RaftServerConfigKeys (ConfUtils.java:logGet(43)) - raft.server.log.queue.byte-limit = 2147483647 (custom)
2019-09-19 10:40:44,558 [pool-314-thread-1] INFO  server.RaftServerConfigKeys (ConfUtils.java:logGet(43)) - raft.server.log.queue.element-limit = 1024 (custom)
2019-09-19 10:40:44,558 [pool-314-thread-1] INFO  server.RaftServerConfigKeys (ConfUtils.java:logGet(43)) - raft.server.log.segment.size.max = 1048576 (custom)
2019-09-19 10:40:44,558 [pool-314-thread-1] INFO  server.RaftServerConfigKeys (ConfUtils.java:logGet(43)) - raft.server.log.preallocated.size = 16384 (custom)
2019-09-19 10:40:44,558 [pool-314-thread-1] INFO  server.RaftServerConfigKeys (ConfUtils.java:logGet(43)) - raft.server.log.write.buffer.size = 33554432 (custom)
2019-09-19 10:40:44,558 [pool-314-thread-1] INFO  server.RaftServerConfigKeys (ConfUtils.java:logGet(43)) - raft.server.log.force.sync.num = 128 (default)
2019-09-19 10:40:44,558 [pool-314-thread-1] INFO  server.RaftServerConfigKeys (ConfUtils.java:logGet(43)) - raft.server.log.statemachine.data.sync = true (default)
2019-09-19 10:40:44,559 [pool-314-thread-1] INFO  server.RaftServerConfigKeys (ConfUtils.java:logGet(43)) - raft.server.log.statemachine.data.sync.timeout = 10s (default)
2019-09-19 10:40:44,559 [pool-314-thread-1] INFO  server.RaftServerConfigKeys (ConfUtils.java:logGet(43)) - raft.server.log.statemachine.data.sync.timeout.retry = -1 (default)
2019-09-19 10:40:44,559 [pool-314-thread-1] INFO  server.RaftServerConfigKeys (ConfUtils.java:logGet(43)) - raft.server.log.statemachine.data.caching.enabled = true (custom)
2019-09-19 10:40:44,559 [pool-314-thread-1] INFO  segmented.SegmentedRaftLogWorker (SegmentedRaftLogWorker.java:lambda$new$0(132)) - 9446dbb8-be1e-4927-9a10-06bfbd259176-SegmentedRaftLogWorker:Storage Directory /workdir/hadoop-ozone/ozonefs/target/test-dir/MiniOzoneClusterImpl-95adb35c-95a9-4d64-bfad-30ad63d9b33a/datanode-2/data/ratis/d333d505-ee94-469f-8fe7-d45ac50a9187: flushIndex: setUnconditionally 0 -> -1
2019-09-19 10:40:44,559 [pool-314-thread-1] INFO  server.RaftServerConfigKeys (ConfUtils.java:logGet(43)) - raft.server.snapshot.auto.trigger.enabled = true (custom)
2019-09-19 10:40:44,559 [pool-314-thread-1] INFO  server.RaftServerConfigKeys (ConfUtils.java:logGet(43)) - raft.server.snapshot.auto.trigger.threshold = 10000 (custom)
2019-09-19 10:40:44,560 [pool-314-thread-1] INFO  server.RaftServerConfigKeys (ConfUtils.java:logGet(43)) - raft.server.retrycache.expirytime = 600000ms (custom)
2019-09-19 10:40:44,560 [pool-314-thread-1] INFO  impl.RaftServerImpl (RaftServerImpl.java:start(180)) - 9446dbb8-be1e-4927-9a10-06bfbd259176: start group-D45AC50A9187
2019-09-19 10:40:44,560 [pool-314-thread-1] INFO  impl.RaftServerImpl (RaftServerImpl.java:setRole(171)) - 9446dbb8-be1e-4927-9a10-06bfbd259176:group-D45AC50A9187 changes role from null to FOLLOWER at term 0 for startAsFollower
2019-09-19 10:40:44,560 [pool-314-thread-1] INFO  impl.RoleInfo (RoleInfo.java:updateAndGet(143)) - 9446dbb8-be1e-4927-9a10-06bfbd259176: start FollowerState
2019-09-19 10:40:44,560 [pool-314-thread-1] INFO  util.JmxRegister (JmxRegister.java:tryRegister(44)) - Successfully registered JMX Bean with object name Ratis:service=RaftServer,group=group-D45AC50A9187,id=9446dbb8-be1e-4927-9a10-06bfbd259176
2019-09-19 10:40:44,613 [RatisPipelineUtilsThread] INFO  pipeline.PipelineStateManager (PipelineStateManager.java:addPipeline(56)) - Created pipeline Pipeline[ Id: d333d505-ee94-469f-8fe7-d45ac50a9187, Nodes: 9446dbb8-be1e-4927-9a10-06bfbd259176{ip: 192.168.157.204, host: pr-hdds-1569-cpgw4-1311585219, networkLocation: /default-rack, certSerialId: null}, Type:RATIS, Factor:ONE, State:OPEN]
2019-09-19 10:40:44,613 [RatisPipelineUtilsThread] ERROR pipeline.PipelinePlacementPolicy (PipelinePlacementPolicy.java:meetCriteria(91)) - Pipeline Placement: Doesn't meet the criteria to be viable node. Heaviness: 6
2019-09-19 10:40:44,621 [grpc-default-executor-0] INFO  impl.RaftServerProxy (RaftServerProxy.java:addNew(89)) - 9446dbb8-be1e-4927-9a10-06bfbd259176: addNew group-33466FEB766F:[9446dbb8-be1e-4927-9a10-06bfbd259176:192.168.157.204:38286] returns group-33466FEB766F:java.util.concurrent.CompletableFuture@74a43476[Not completed]
2019-09-19 10:40:44,622 [pool-314-thread-1] INFO  impl.RaftServerImpl (RaftServerImpl.java:<init>(93)) - 9446dbb8-be1e-4927-9a10-06bfbd259176: new RaftServerImpl for group-33466FEB766F:[9446dbb8-be1e-4927-9a10-06bfbd259176:192.168.157.204:38286] with ContainerStateMachine:uninitialized
2019-09-19 10:40:44,622 [pool-314-thread-1] INFO  server.RaftServerConfigKeys (ConfUtils.java:logGet(43)) - raft.server.rpc.timeout.min = 5s (custom)
2019-09-19 10:40:44,622 [pool-314-thread-1] INFO  server.RaftServerConfigKeys (ConfUtils.java:logGet(43)) - raft.server.rpc.timeout.max = 5200ms (custom)
2019-09-19 10:40:44,623 [pool-314-thread-1] INFO  server.RaftServerConfigKeys (ConfUtils.java:logGet(43)) - raft.server.rpcslowness.timeout = 120s (custom)
2019-09-19 10:40:44,623 [pool-314-thread-1] INFO  server.RaftServerConfigKeys (ConfUtils.java:logGet(43)) - raft.server.sleep.deviation.threshold = 300 (default)
2019-09-19 10:40:44,623 [pool-314-thread-1] INFO  server.RaftServerConfigKeys (ConfUtils.java:logGet(43)) - raft.server.log.appender.install.snapshot.enabled = false (custom)
2019-09-19 10:40:44,623 [pool-314-thread-1] INFO  impl.RaftServerImpl (ServerState.java:<init>(105)) - 9446dbb8-be1e-4927-9a10-06bfbd259176:group-33466FEB766F ConfigurationManager, init=-1: [9446dbb8-be1e-4927-9a10-06bfbd259176:192.168.157.204:38286], old=null, confs=<EMPTY_MAP>
2019-09-19 10:40:44,623 [pool-314-thread-1] INFO  server.RaftServerConfigKeys (ConfUtils.java:logGet(43)) - raft.server.storage.dir = [/workdir/hadoop-ozone/ozonefs/target/test-dir/MiniOzoneClusterImpl-95adb35c-95a9-4d64-bfad-30ad63d9b33a/datanode-2/data/ratis] (custom)
2019-09-19 10:40:44,623 [pool-314-thread-1] INFO  storage.RaftStorageDirectory (RaftStorageDirectory.java:analyzeStorage(246)) - The storage directory /workdir/hadoop-ozone/ozonefs/target/test-dir/MiniOzoneClusterImpl-95adb35c-95a9-4d64-bfad-30ad63d9b33a/datanode-2/data/ratis/5a102d04-be2c-4113-b80f-33466feb766f does not exist. Creating ...
2019-09-19 10:40:44,637 [pool-314-thread-1] INFO  storage.RaftStorageDirectory (RaftStorageDirectory.java:tryLock(328)) - Lock on /workdir/hadoop-ozone/ozonefs/target/test-dir/MiniOzoneClusterImpl-95adb35c-95a9-4d64-bfad-30ad63d9b33a/datanode-2/data/ratis/5a102d04-be2c-4113-b80f-33466feb766f/in_use.lock acquired by nodename 10573@pr-hdds-1569-cpgw4-1311585219
2019-09-19 10:40:44,650 [pool-314-thread-1] INFO  storage.RaftStorage (RaftStorage.java:format(72)) - Storage directory /workdir/hadoop-ozone/ozonefs/target/test-dir/MiniOzoneClusterImpl-95adb35c-95a9-4d64-bfad-30ad63d9b33a/datanode-2/data/ratis/5a102d04-be2c-4113-b80f-33466feb766f has been successfully formatted.
2019-09-19 10:40:44,651 [pool-314-thread-1] INFO  ratis.ContainerStateMachine (ContainerStateMachine.java:loadSnapshot(226)) - group-33466FEB766F: The snapshot info is null. Setting the last applied indexto:(t:0, i:~)
2019-09-19 10:40:44,651 [pool-314-thread-1] INFO  server.RaftServerConfigKeys (ConfUtils.java:logGet(43)) - raft.server.leader.election.timeout = 120s (custom)
2019-09-19 10:40:44,651 [pool-314-thread-1] INFO  server.RaftServerConfigKeys (ConfUtils.java:logGet(43)) - raft.server.log.use.memory = false (default)
2019-09-19 10:40:44,651 [pool-314-thread-1] INFO  server.RaftServerConfigKeys (ConfUtils.java:logGet(43)) - raft.server.log.purge.gap = 1000000 (custom)
2019-09-19 10:40:44,651 [pool-314-thread-1] INFO  server.RaftServerConfigKeys (ConfUtils.java:logGet(43)) - raft.server.log.appender.buffer.byte-limit = 33554432 (custom)
2019-09-19 10:40:44,651 [pool-314-thread-1] INFO  server.RaftServerConfigKeys (ConfUtils.java:logGet(43)) - raft.server.log.segment.size.max = 1048576 (custom)
2019-09-19 10:40:44,651 [pool-314-thread-1] INFO  server.RaftServerConfigKeys (ConfUtils.java:logGet(43)) - raft.server.log.segment.cache.num.max = 2 (custom)
2019-09-19 10:40:44,652 [pool-314-thread-1] INFO  segmented.SegmentedRaftLogWorker (SegmentedRaftLogWorker.java:<init>(172)) - new 9446dbb8-be1e-4927-9a10-06bfbd259176-SegmentedRaftLogWorker:Storage Directory /workdir/hadoop-ozone/ozonefs/target/test-dir/MiniOzoneClusterImpl-95adb35c-95a9-4d64-bfad-30ad63d9b33a/datanode-2/data/ratis/5a102d04-be2c-4113-b80f-33466feb766f for RaftStorage:Storage Directory /workdir/hadoop-ozone/ozonefs/target/test-dir/MiniOzoneClusterImpl-95adb35c-95a9-4d64-bfad-30ad63d9b33a/datanode-2/data/ratis/5a102d04-be2c-4113-b80f-33466feb766f
2019-09-19 10:40:44,652 [pool-314-thread-1] INFO  server.RaftServerConfigKeys (ConfUtils.java:logGet(43)) - raft.server.log.queue.byte-limit = 2147483647 (custom)
2019-09-19 10:40:44,652 [pool-314-thread-1] INFO  server.RaftServerConfigKeys (ConfUtils.java:logGet(43)) - raft.server.log.queue.element-limit = 1024 (custom)
2019-09-19 10:40:44,652 [pool-314-thread-1] INFO  server.RaftServerConfigKeys (ConfUtils.java:logGet(43)) - raft.server.log.segment.size.max = 1048576 (custom)
2019-09-19 10:40:44,652 [pool-314-thread-1] INFO  server.RaftServerConfigKeys (ConfUtils.java:logGet(43)) - raft.server.log.preallocated.size = 16384 (custom)
2019-09-19 10:40:44,652 [pool-314-thread-1] INFO  server.RaftServerConfigKeys (ConfUtils.java:logGet(43)) - raft.server.log.write.buffer.size = 33554432 (custom)
2019-09-19 10:40:44,652 [pool-314-thread-1] INFO  server.RaftServerConfigKeys (ConfUtils.java:logGet(43)) - raft.server.log.force.sync.num = 128 (default)
2019-09-19 10:40:44,652 [pool-314-thread-1] INFO  server.RaftServerConfigKeys (ConfUtils.java:logGet(43)) - raft.server.log.statemachine.data.sync = true (default)
2019-09-19 10:40:44,653 [pool-314-thread-1] INFO  server.RaftServerConfigKeys (ConfUtils.java:logGet(43)) - raft.server.log.statemachine.data.sync.timeout = 10s (default)
2019-09-19 10:40:44,653 [pool-314-thread-1] INFO  server.RaftServerConfigKeys (ConfUtils.java:logGet(43)) - raft.server.log.statemachine.data.sync.timeout.retry = -1 (default)
2019-09-19 10:40:44,653 [pool-314-thread-1] INFO  server.RaftServerConfigKeys (ConfUtils.java:logGet(43)) - raft.server.log.statemachine.data.caching.enabled = true (custom)
2019-09-19 10:40:44,653 [pool-314-thread-1] INFO  segmented.SegmentedRaftLogWorker (SegmentedRaftLogWorker.java:lambda$new$0(132)) - 9446dbb8-be1e-4927-9a10-06bfbd259176-SegmentedRaftLogWorker:Storage Directory /workdir/hadoop-ozone/ozonefs/target/test-dir/MiniOzoneClusterImpl-95adb35c-95a9-4d64-bfad-30ad63d9b33a/datanode-2/data/ratis/5a102d04-be2c-4113-b80f-33466feb766f: flushIndex: setUnconditionally 0 -> -1
2019-09-19 10:40:44,653 [pool-314-thread-1] INFO  server.RaftServerConfigKeys (ConfUtils.java:logGet(43)) - raft.server.snapshot.auto.trigger.enabled = true (custom)
2019-09-19 10:40:44,653 [pool-314-thread-1] INFO  server.RaftServerConfigKeys (ConfUtils.java:logGet(43)) - raft.server.snapshot.auto.trigger.threshold = 10000 (custom)
2019-09-19 10:40:44,653 [pool-314-thread-1] INFO  server.RaftServerConfigKeys (ConfUtils.java:logGet(43)) - raft.server.retrycache.expirytime = 600000ms (custom)
2019-09-19 10:40:44,654 [pool-314-thread-1] INFO  impl.RaftServerImpl (RaftServerImpl.java:start(180)) - 9446dbb8-be1e-4927-9a10-06bfbd259176: start group-33466FEB766F
2019-09-19 10:40:44,654 [pool-314-thread-1] INFO  impl.RaftServerImpl (RaftServerImpl.java:setRole(171)) - 9446dbb8-be1e-4927-9a10-06bfbd259176:group-33466FEB766F changes role from null to FOLLOWER at term 0 for startAsFollower
2019-09-19 10:40:44,654 [pool-314-thread-1] INFO  impl.RoleInfo (RoleInfo.java:updateAndGet(143)) - 9446dbb8-be1e-4927-9a10-06bfbd259176: start FollowerState
2019-09-19 10:40:44,654 [pool-314-thread-1] INFO  util.JmxRegister (JmxRegister.java:tryRegister(44)) - Successfully registered JMX Bean with object name Ratis:service=RaftServer,group=group-33466FEB766F,id=9446dbb8-be1e-4927-9a10-06bfbd259176
2019-09-19 10:40:44,666 [RatisPipelineUtilsThread] INFO  pipeline.PipelineStateManager (PipelineStateManager.java:addPipeline(56)) - Created pipeline Pipeline[ Id: 5a102d04-be2c-4113-b80f-33466feb766f, Nodes: 9446dbb8-be1e-4927-9a10-06bfbd259176{ip: 192.168.157.204, host: pr-hdds-1569-cpgw4-1311585219, networkLocation: /default-rack, certSerialId: null}, Type:RATIS, Factor:ONE, State:OPEN]
2019-09-19 10:40:44,666 [RatisPipelineUtilsThread] ERROR pipeline.PipelinePlacementPolicy (PipelinePlacementPolicy.java:meetCriteria(91)) - Pipeline Placement: Doesn't meet the criteria to be viable node. Heaviness: 6
2019-09-19 10:40:44,674 [grpc-default-executor-0] INFO  impl.RaftServerProxy (RaftServerProxy.java:addNew(89)) - 9446dbb8-be1e-4927-9a10-06bfbd259176: addNew group-EEE457AE2355:[9446dbb8-be1e-4927-9a10-06bfbd259176:192.168.157.204:38286] returns group-EEE457AE2355:java.util.concurrent.CompletableFuture@29af3d72[Not completed]
2019-09-19 10:40:44,675 [pool-314-thread-1] INFO  impl.RaftServerImpl (RaftServerImpl.java:<init>(93)) - 9446dbb8-be1e-4927-9a10-06bfbd259176: new RaftServerImpl for group-EEE457AE2355:[9446dbb8-be1e-4927-9a10-06bfbd259176:192.168.157.204:38286] with ContainerStateMachine:uninitialized
2019-09-19 10:40:44,675 [pool-314-thread-1] INFO  server.RaftServerConfigKeys (ConfUtils.java:logGet(43)) - raft.server.rpc.timeout.min = 5s (custom)
2019-09-19 10:40:44,676 [pool-314-thread-1] INFO  server.RaftServerConfigKeys (ConfUtils.java:logGet(43)) - raft.server.rpc.timeout.max = 5200ms (custom)
2019-09-19 10:40:44,676 [pool-314-thread-1] INFO  server.RaftServerConfigKeys (ConfUtils.java:logGet(43)) - raft.server.rpcslowness.timeout = 120s (custom)
2019-09-19 10:40:44,676 [pool-314-thread-1] INFO  server.RaftServerConfigKeys (ConfUtils.java:logGet(43)) - raft.server.sleep.deviation.threshold = 300 (default)
2019-09-19 10:40:44,676 [pool-314-thread-1] INFO  server.RaftServerConfigKeys (ConfUtils.java:logGet(43)) - raft.server.log.appender.install.snapshot.enabled = false (custom)
2019-09-19 10:40:44,676 [pool-314-thread-1] INFO  impl.RaftServerImpl (ServerState.java:<init>(105)) - 9446dbb8-be1e-4927-9a10-06bfbd259176:group-EEE457AE2355 ConfigurationManager, init=-1: [9446dbb8-be1e-4927-9a10-06bfbd259176:192.168.157.204:38286], old=null, confs=<EMPTY_MAP>
2019-09-19 10:40:44,676 [pool-314-thread-1] INFO  server.RaftServerConfigKeys (ConfUtils.java:logGet(43)) - raft.server.storage.dir = [/workdir/hadoop-ozone/ozonefs/target/test-dir/MiniOzoneClusterImpl-95adb35c-95a9-4d64-bfad-30ad63d9b33a/datanode-2/data/ratis] (custom)
2019-09-19 10:40:44,677 [pool-314-thread-1] INFO  storage.RaftStorageDirectory (RaftStorageDirectory.java:analyzeStorage(246)) - The storage directory /workdir/hadoop-ozone/ozonefs/target/test-dir/MiniOzoneClusterImpl-95adb35c-95a9-4d64-bfad-30ad63d9b33a/datanode-2/data/ratis/0a37b814-9eda-45d7-90c9-eee457ae2355 does not exist. Creating ...
2019-09-19 10:40:44,690 [pool-314-thread-1] INFO  storage.RaftStorageDirectory (RaftStorageDirectory.java:tryLock(328)) - Lock on /workdir/hadoop-ozone/ozonefs/target/test-dir/MiniOzoneClusterImpl-95adb35c-95a9-4d64-bfad-30ad63d9b33a/datanode-2/data/ratis/0a37b814-9eda-45d7-90c9-eee457ae2355/in_use.lock acquired by nodename 10573@pr-hdds-1569-cpgw4-1311585219
2019-09-19 10:40:44,705 [pool-314-thread-1] INFO  storage.RaftStorage (RaftStorage.java:format(72)) - Storage directory /workdir/hadoop-ozone/ozonefs/target/test-dir/MiniOzoneClusterImpl-95adb35c-95a9-4d64-bfad-30ad63d9b33a/datanode-2/data/ratis/0a37b814-9eda-45d7-90c9-eee457ae2355 has been successfully formatted.
2019-09-19 10:40:44,705 [pool-314-thread-1] INFO  ratis.ContainerStateMachine (ContainerStateMachine.java:loadSnapshot(226)) - group-EEE457AE2355: The snapshot info is null. Setting the last applied indexto:(t:0, i:~)
2019-09-19 10:40:44,705 [pool-314-thread-1] INFO  server.RaftServerConfigKeys (ConfUtils.java:logGet(43)) - raft.server.leader.election.timeout = 120s (custom)
2019-09-19 10:40:44,705 [pool-314-thread-1] INFO  server.RaftServerConfigKeys (ConfUtils.java:logGet(43)) - raft.server.log.use.memory = false (default)
2019-09-19 10:40:44,705 [pool-314-thread-1] INFO  server.RaftServerConfigKeys (ConfUtils.java:logGet(43)) - raft.server.log.purge.gap = 1000000 (custom)
2019-09-19 10:40:44,705 [pool-314-thread-1] INFO  server.RaftServerConfigKeys (ConfUtils.java:logGet(43)) - raft.server.log.appender.buffer.byte-limit = 33554432 (custom)
2019-09-19 10:40:44,706 [pool-314-thread-1] INFO  server.RaftServerConfigKeys (ConfUtils.java:logGet(43)) - raft.server.log.segment.size.max = 1048576 (custom)
2019-09-19 10:40:44,706 [pool-314-thread-1] INFO  server.RaftServerConfigKeys (ConfUtils.java:logGet(43)) - raft.server.log.segment.cache.num.max = 2 (custom)
2019-09-19 10:40:44,706 [pool-314-thread-1] INFO  segmented.SegmentedRaftLogWorker (SegmentedRaftLogWorker.java:<init>(172)) - new 9446dbb8-be1e-4927-9a10-06bfbd259176-SegmentedRaftLogWorker:Storage Directory /workdir/hadoop-ozone/ozonefs/target/test-dir/MiniOzoneClusterImpl-95adb35c-95a9-4d64-bfad-30ad63d9b33a/datanode-2/data/ratis/0a37b814-9eda-45d7-90c9-eee457ae2355 for RaftStorage:Storage Directory /workdir/hadoop-ozone/ozonefs/target/test-dir/MiniOzoneClusterImpl-95adb35c-95a9-4d64-bfad-30ad63d9b33a/datanode-2/data/ratis/0a37b814-9eda-45d7-90c9-eee457ae2355
2019-09-19 10:40:44,706 [pool-314-thread-1] INFO  server.RaftServerConfigKeys (ConfUtils.java:logGet(43)) - raft.server.log.queue.byte-limit = 2147483647 (custom)
2019-09-19 10:40:44,706 [pool-314-thread-1] INFO  server.RaftServerConfigKeys (ConfUtils.java:logGet(43)) - raft.server.log.queue.element-limit = 1024 (custom)
2019-09-19 10:40:44,706 [pool-314-thread-1] INFO  server.RaftServerConfigKeys (ConfUtils.java:logGet(43)) - raft.server.log.segment.size.max = 1048576 (custom)
2019-09-19 10:40:44,706 [pool-314-thread-1] INFO  server.RaftServerConfigKeys (ConfUtils.java:logGet(43)) - raft.server.log.preallocated.size = 16384 (custom)
2019-09-19 10:40:44,706 [pool-314-thread-1] INFO  server.RaftServerConfigKeys (ConfUtils.java:logGet(43)) - raft.server.log.write.buffer.size = 33554432 (custom)
2019-09-19 10:40:44,706 [pool-314-thread-1] INFO  server.RaftServerConfigKeys (ConfUtils.java:logGet(43)) - raft.server.log.force.sync.num = 128 (default)
2019-09-19 10:40:44,707 [pool-314-thread-1] INFO  server.RaftServerConfigKeys (ConfUtils.java:logGet(43)) - raft.server.log.statemachine.data.sync = true (default)
2019-09-19 10:40:44,707 [pool-314-thread-1] INFO  server.RaftServerConfigKeys (ConfUtils.java:logGet(43)) - raft.server.log.statemachine.data.sync.timeout = 10s (default)
2019-09-19 10:40:44,707 [pool-314-thread-1] INFO  server.RaftServerConfigKeys (ConfUtils.java:logGet(43)) - raft.server.log.statemachine.data.sync.timeout.retry = -1 (default)
2019-09-19 10:40:44,707 [pool-314-thread-1] INFO  server.RaftServerConfigKeys (ConfUtils.java:logGet(43)) - raft.server.log.statemachine.data.caching.enabled = true (custom)
2019-09-19 10:40:44,707 [pool-314-thread-1] INFO  segmented.SegmentedRaftLogWorker (SegmentedRaftLogWorker.java:lambda$new$0(132)) - 9446dbb8-be1e-4927-9a10-06bfbd259176-SegmentedRaftLogWorker:Storage Directory /workdir/hadoop-ozone/ozonefs/target/test-dir/MiniOzoneClusterImpl-95adb35c-95a9-4d64-bfad-30ad63d9b33a/datanode-2/data/ratis/0a37b814-9eda-45d7-90c9-eee457ae2355: flushIndex: setUnconditionally 0 -> -1
2019-09-19 10:40:44,708 [pool-314-thread-1] INFO  server.RaftServerConfigKeys (ConfUtils.java:logGet(43)) - raft.server.snapshot.auto.trigger.enabled = true (custom)
2019-09-19 10:40:44,708 [pool-314-thread-1] INFO  server.RaftServerConfigKeys (ConfUtils.java:logGet(43)) - raft.server.snapshot.auto.trigger.threshold = 10000 (custom)
2019-09-19 10:40:44,708 [pool-314-thread-1] INFO  server.RaftServerConfigKeys (ConfUtils.java:logGet(43)) - raft.server.retrycache.expirytime = 600000ms (custom)
2019-09-19 10:40:44,708 [pool-314-thread-1] INFO  impl.RaftServerImpl (RaftServerImpl.java:start(180)) - 9446dbb8-be1e-4927-9a10-06bfbd259176: start group-EEE457AE2355
2019-09-19 10:40:44,708 [pool-314-thread-1] INFO  impl.RaftServerImpl (RaftServerImpl.java:setRole(171)) - 9446dbb8-be1e-4927-9a10-06bfbd259176:group-EEE457AE2355 changes role from null to FOLLOWER at term 0 for startAsFollower
2019-09-19 10:40:44,708 [pool-314-thread-1] INFO  impl.RoleInfo (RoleInfo.java:updateAndGet(143)) - 9446dbb8-be1e-4927-9a10-06bfbd259176: start FollowerState
2019-09-19 10:40:44,709 [pool-314-thread-1] INFO  util.JmxRegister (JmxRegister.java:tryRegister(44)) - Successfully registered JMX Bean with object name Ratis:service=RaftServer,group=group-EEE457AE2355,id=9446dbb8-be1e-4927-9a10-06bfbd259176
2019-09-19 10:40:44,713 [RatisPipelineUtilsThread] INFO  pipeline.PipelineStateManager (PipelineStateManager.java:addPipeline(56)) - Created pipeline Pipeline[ Id: 0a37b814-9eda-45d7-90c9-eee457ae2355, Nodes: 9446dbb8-be1e-4927-9a10-06bfbd259176{ip: 192.168.157.204, host: pr-hdds-1569-cpgw4-1311585219, networkLocation: /default-rack, certSerialId: null}, Type:RATIS, Factor:ONE, State:OPEN]
2019-09-19 10:40:44,713 [RatisPipelineUtilsThread] ERROR pipeline.PipelinePlacementPolicy (PipelinePlacementPolicy.java:meetCriteria(91)) - Pipeline Placement: Doesn't meet the criteria to be viable node. Heaviness: 6
2019-09-19 10:40:44,713 [RatisPipelineUtilsThread] ERROR pipeline.PipelinePlacementPolicy (PipelinePlacementPolicy.java:meetCriteria(91)) - Pipeline Placement: Doesn't meet the criteria to be viable node. Heaviness: 6
2019-09-19 10:40:44,720 [grpc-default-executor-0] INFO  impl.RaftServerProxy (RaftServerProxy.java:addNew(89)) - fe4962de-281a-444f-941e-a238e9af76bd: addNew group-16343A2BA2A0:[fe4962de-281a-444f-941e-a238e9af76bd:192.168.157.204:44401] returns group-16343A2BA2A0:java.util.concurrent.CompletableFuture@3bca8d2c[Not completed]
2019-09-19 10:40:44,721 [pool-303-thread-1] INFO  impl.RaftServerImpl (RaftServerImpl.java:<init>(93)) - fe4962de-281a-444f-941e-a238e9af76bd: new RaftServerImpl for group-16343A2BA2A0:[fe4962de-281a-444f-941e-a238e9af76bd:192.168.157.204:44401] with ContainerStateMachine:uninitialized
2019-09-19 10:40:44,721 [pool-303-thread-1] INFO  server.RaftServerConfigKeys (ConfUtils.java:logGet(43)) - raft.server.rpc.timeout.min = 5s (custom)
2019-09-19 10:40:44,721 [pool-303-thread-1] INFO  server.RaftServerConfigKeys (ConfUtils.java:logGet(43)) - raft.server.rpc.timeout.max = 5200ms (custom)
2019-09-19 10:40:44,722 [pool-303-thread-1] INFO  server.RaftServerConfigKeys (ConfUtils.java:logGet(43)) - raft.server.rpcslowness.timeout = 120s (custom)
2019-09-19 10:40:44,722 [pool-303-thread-1] INFO  server.RaftServerConfigKeys (ConfUtils.java:logGet(43)) - raft.server.sleep.deviation.threshold = 300 (default)
2019-09-19 10:40:44,722 [pool-303-thread-1] INFO  server.RaftServerConfigKeys (ConfUtils.java:logGet(43)) - raft.server.log.appender.install.snapshot.enabled = false (custom)
2019-09-19 10:40:44,722 [pool-303-thread-1] INFO  impl.RaftServerImpl (ServerState.java:<init>(105)) - fe4962de-281a-444f-941e-a238e9af76bd:group-16343A2BA2A0 ConfigurationManager, init=-1: [fe4962de-281a-444f-941e-a238e9af76bd:192.168.157.204:44401], old=null, confs=<EMPTY_MAP>
2019-09-19 10:40:44,722 [pool-303-thread-1] INFO  server.RaftServerConfigKeys (ConfUtils.java:logGet(43)) - raft.server.storage.dir = [/workdir/hadoop-ozone/ozonefs/target/test-dir/MiniOzoneClusterImpl-95adb35c-95a9-4d64-bfad-30ad63d9b33a/datanode-1/data/ratis] (custom)
2019-09-19 10:40:44,722 [pool-303-thread-1] INFO  storage.RaftStorageDirectory (RaftStorageDirectory.java:analyzeStorage(246)) - The storage directory /workdir/hadoop-ozone/ozonefs/target/test-dir/MiniOzoneClusterImpl-95adb35c-95a9-4d64-bfad-30ad63d9b33a/datanode-1/data/ratis/f8b82a41-8f6d-4089-90a1-16343a2ba2a0 does not exist. Creating ...
2019-09-19 10:40:44,735 [pool-303-thread-1] INFO  storage.RaftStorageDirectory (RaftStorageDirectory.java:tryLock(328)) - Lock on /workdir/hadoop-ozone/ozonefs/target/test-dir/MiniOzoneClusterImpl-95adb35c-95a9-4d64-bfad-30ad63d9b33a/datanode-1/data/ratis/f8b82a41-8f6d-4089-90a1-16343a2ba2a0/in_use.lock acquired by nodename 10573@pr-hdds-1569-cpgw4-1311585219
2019-09-19 10:40:44,738 [pool-303-thread-1] INFO  storage.RaftStorage (RaftStorage.java:format(72)) - Storage directory /workdir/hadoop-ozone/ozonefs/target/test-dir/MiniOzoneClusterImpl-95adb35c-95a9-4d64-bfad-30ad63d9b33a/datanode-1/data/ratis/f8b82a41-8f6d-4089-90a1-16343a2ba2a0 has been successfully formatted.
2019-09-19 10:40:44,738 [pool-303-thread-1] INFO  ratis.ContainerStateMachine (ContainerStateMachine.java:loadSnapshot(226)) - group-16343A2BA2A0: The snapshot info is null. Setting the last applied indexto:(t:0, i:~)
2019-09-19 10:40:44,738 [pool-303-thread-1] INFO  server.RaftServerConfigKeys (ConfUtils.java:logGet(43)) - raft.server.leader.election.timeout = 120s (custom)
2019-09-19 10:40:44,738 [pool-303-thread-1] INFO  server.RaftServerConfigKeys (ConfUtils.java:logGet(43)) - raft.server.log.use.memory = false (default)
2019-09-19 10:40:44,738 [pool-303-thread-1] INFO  server.RaftServerConfigKeys (ConfUtils.java:logGet(43)) - raft.server.log.purge.gap = 1000000 (custom)
2019-09-19 10:40:44,738 [pool-303-thread-1] INFO  server.RaftServerConfigKeys (ConfUtils.java:logGet(43)) - raft.server.log.appender.buffer.byte-limit = 33554432 (custom)
2019-09-19 10:40:44,738 [pool-303-thread-1] INFO  server.RaftServerConfigKeys (ConfUtils.java:logGet(43)) - raft.server.log.segment.size.max = 1048576 (custom)
2019-09-19 10:40:44,738 [pool-303-thread-1] INFO  server.RaftServerConfigKeys (ConfUtils.java:logGet(43)) - raft.server.log.segment.cache.num.max = 2 (custom)
2019-09-19 10:40:44,739 [pool-303-thread-1] INFO  segmented.SegmentedRaftLogWorker (SegmentedRaftLogWorker.java:<init>(172)) - new fe4962de-281a-444f-941e-a238e9af76bd-SegmentedRaftLogWorker:Storage Directory /workdir/hadoop-ozone/ozonefs/target/test-dir/MiniOzoneClusterImpl-95adb35c-95a9-4d64-bfad-30ad63d9b33a/datanode-1/data/ratis/f8b82a41-8f6d-4089-90a1-16343a2ba2a0 for RaftStorage:Storage Directory /workdir/hadoop-ozone/ozonefs/target/test-dir/MiniOzoneClusterImpl-95adb35c-95a9-4d64-bfad-30ad63d9b33a/datanode-1/data/ratis/f8b82a41-8f6d-4089-90a1-16343a2ba2a0
2019-09-19 10:40:44,739 [pool-303-thread-1] INFO  server.RaftServerConfigKeys (ConfUtils.java:logGet(43)) - raft.server.log.queue.byte-limit = 2147483647 (custom)
2019-09-19 10:40:44,739 [pool-303-thread-1] INFO  server.RaftServerConfigKeys (ConfUtils.java:logGet(43)) - raft.server.log.queue.element-limit = 1024 (custom)
2019-09-19 10:40:44,739 [pool-303-thread-1] INFO  server.RaftServerConfigKeys (ConfUtils.java:logGet(43)) - raft.server.log.segment.size.max = 1048576 (custom)
2019-09-19 10:40:44,739 [pool-303-thread-1] INFO  server.RaftServerConfigKeys (ConfUtils.java:logGet(43)) - raft.server.log.preallocated.size = 16384 (custom)
2019-09-19 10:40:44,739 [pool-303-thread-1] INFO  server.RaftServerConfigKeys (ConfUtils.java:logGet(43)) - raft.server.log.write.buffer.size = 33554432 (custom)
2019-09-19 10:40:44,739 [pool-303-thread-1] INFO  server.RaftServerConfigKeys (ConfUtils.java:logGet(43)) - raft.server.log.force.sync.num = 128 (default)
2019-09-19 10:40:44,739 [pool-303-thread-1] INFO  server.RaftServerConfigKeys (ConfUtils.java:logGet(43)) - raft.server.log.statemachine.data.sync = true (default)
2019-09-19 10:40:44,739 [pool-303-thread-1] INFO  server.RaftServerConfigKeys (ConfUtils.java:logGet(43)) - raft.server.log.statemachine.data.sync.timeout = 10s (default)
2019-09-19 10:40:44,739 [pool-303-thread-1] INFO  server.RaftServerConfigKeys (ConfUtils.java:logGet(43)) - raft.server.log.statemachine.data.sync.timeout.retry = -1 (default)
2019-09-19 10:40:44,739 [pool-303-thread-1] INFO  server.RaftServerConfigKeys (ConfUtils.java:logGet(43)) - raft.server.log.statemachine.data.caching.enabled = true (custom)
2019-09-19 10:40:44,740 [pool-303-thread-1] INFO  segmented.SegmentedRaftLogWorker (SegmentedRaftLogWorker.java:lambda$new$0(132)) - fe4962de-281a-444f-941e-a238e9af76bd-SegmentedRaftLogWorker:Storage Directory /workdir/hadoop-ozone/ozonefs/target/test-dir/MiniOzoneClusterImpl-95adb35c-95a9-4d64-bfad-30ad63d9b33a/datanode-1/data/ratis/f8b82a41-8f6d-4089-90a1-16343a2ba2a0: flushIndex: setUnconditionally 0 -> -1
2019-09-19 10:40:44,740 [pool-303-thread-1] INFO  server.RaftServerConfigKeys (ConfUtils.java:logGet(43)) - raft.server.snapshot.auto.trigger.enabled = true (custom)
2019-09-19 10:40:44,740 [pool-303-thread-1] INFO  server.RaftServerConfigKeys (ConfUtils.java:logGet(43)) - raft.server.snapshot.auto.trigger.threshold = 10000 (custom)
2019-09-19 10:40:44,740 [pool-303-thread-1] INFO  server.RaftServerConfigKeys (ConfUtils.java:logGet(43)) - raft.server.retrycache.expirytime = 600000ms (custom)
2019-09-19 10:40:44,740 [pool-303-thread-1] INFO  impl.RaftServerImpl (RaftServerImpl.java:start(180)) - fe4962de-281a-444f-941e-a238e9af76bd: start group-16343A2BA2A0
2019-09-19 10:40:44,740 [pool-303-thread-1] INFO  impl.RaftServerImpl (RaftServerImpl.java:setRole(171)) - fe4962de-281a-444f-941e-a238e9af76bd:group-16343A2BA2A0 changes role from null to FOLLOWER at term 0 for startAsFollower
2019-09-19 10:40:44,740 [pool-303-thread-1] INFO  impl.RoleInfo (RoleInfo.java:updateAndGet(143)) - fe4962de-281a-444f-941e-a238e9af76bd: start FollowerState
2019-09-19 10:40:44,741 [pool-303-thread-1] INFO  util.JmxRegister (JmxRegister.java:tryRegister(44)) - Successfully registered JMX Bean with object name Ratis:service=RaftServer,group=group-16343A2BA2A0,id=fe4962de-281a-444f-941e-a238e9af76bd
2019-09-19 10:40:44,744 [RatisPipelineUtilsThread] INFO  pipeline.PipelineStateManager (PipelineStateManager.java:addPipeline(56)) - Created pipeline Pipeline[ Id: f8b82a41-8f6d-4089-90a1-16343a2ba2a0, Nodes: fe4962de-281a-444f-941e-a238e9af76bd{ip: 192.168.157.204, host: pr-hdds-1569-cpgw4-1311585219, networkLocation: /default-rack, certSerialId: null}, Type:RATIS, Factor:ONE, State:OPEN]
2019-09-19 10:40:44,744 [RatisPipelineUtilsThread] ERROR pipeline.PipelinePlacementPolicy (PipelinePlacementPolicy.java:meetCriteria(91)) - Pipeline Placement: Doesn't meet the criteria to be viable node. Heaviness: 6
2019-09-19 10:40:44,744 [RatisPipelineUtilsThread] ERROR pipeline.PipelinePlacementPolicy (PipelinePlacementPolicy.java:meetCriteria(91)) - Pipeline Placement: Doesn't meet the criteria to be viable node. Heaviness: 6
2019-09-19 10:40:44,750 [grpc-default-executor-0] INFO  impl.RaftServerProxy (RaftServerProxy.java:addNew(89)) - fe4962de-281a-444f-941e-a238e9af76bd: addNew group-401D36AE0246:[fe4962de-281a-444f-941e-a238e9af76bd:192.168.157.204:44401] returns group-401D36AE0246:java.util.concurrent.CompletableFuture@791ceb5a[Not completed]
2019-09-19 10:40:44,751 [pool-303-thread-1] INFO  impl.RaftServerImpl (RaftServerImpl.java:<init>(93)) - fe4962de-281a-444f-941e-a238e9af76bd: new RaftServerImpl for group-401D36AE0246:[fe4962de-281a-444f-941e-a238e9af76bd:192.168.157.204:44401] with ContainerStateMachine:uninitialized
2019-09-19 10:40:44,751 [pool-303-thread-1] INFO  server.RaftServerConfigKeys (ConfUtils.java:logGet(43)) - raft.server.rpc.timeout.min = 5s (custom)
2019-09-19 10:40:44,751 [pool-303-thread-1] INFO  server.RaftServerConfigKeys (ConfUtils.java:logGet(43)) - raft.server.rpc.timeout.max = 5200ms (custom)
2019-09-19 10:40:44,751 [pool-303-thread-1] INFO  server.RaftServerConfigKeys (ConfUtils.java:logGet(43)) - raft.server.rpcslowness.timeout = 120s (custom)
2019-09-19 10:40:44,751 [pool-303-thread-1] INFO  server.RaftServerConfigKeys (ConfUtils.java:logGet(43)) - raft.server.sleep.deviation.threshold = 300 (default)
2019-09-19 10:40:44,751 [pool-303-thread-1] INFO  server.RaftServerConfigKeys (ConfUtils.java:logGet(43)) - raft.server.log.appender.install.snapshot.enabled = false (custom)
2019-09-19 10:40:44,751 [pool-303-thread-1] INFO  impl.RaftServerImpl (ServerState.java:<init>(105)) - fe4962de-281a-444f-941e-a238e9af76bd:group-401D36AE0246 ConfigurationManager, init=-1: [fe4962de-281a-444f-941e-a238e9af76bd:192.168.157.204:44401], old=null, confs=<EMPTY_MAP>
2019-09-19 10:40:44,751 [pool-303-thread-1] INFO  server.RaftServerConfigKeys (ConfUtils.java:logGet(43)) - raft.server.storage.dir = [/workdir/hadoop-ozone/ozonefs/target/test-dir/MiniOzoneClusterImpl-95adb35c-95a9-4d64-bfad-30ad63d9b33a/datanode-1/data/ratis] (custom)
2019-09-19 10:40:44,752 [pool-303-thread-1] INFO  storage.RaftStorageDirectory (RaftStorageDirectory.java:analyzeStorage(246)) - The storage directory /workdir/hadoop-ozone/ozonefs/target/test-dir/MiniOzoneClusterImpl-95adb35c-95a9-4d64-bfad-30ad63d9b33a/datanode-1/data/ratis/e6b53011-db22-4f14-9577-401d36ae0246 does not exist. Creating ...
2019-09-19 10:40:44,762 [pool-303-thread-1] INFO  storage.RaftStorageDirectory (RaftStorageDirectory.java:tryLock(328)) - Lock on /workdir/hadoop-ozone/ozonefs/target/test-dir/MiniOzoneClusterImpl-95adb35c-95a9-4d64-bfad-30ad63d9b33a/datanode-1/data/ratis/e6b53011-db22-4f14-9577-401d36ae0246/in_use.lock acquired by nodename 10573@pr-hdds-1569-cpgw4-1311585219
2019-09-19 10:40:44,775 [pool-303-thread-1] INFO  storage.RaftStorage (RaftStorage.java:format(72)) - Storage directory /workdir/hadoop-ozone/ozonefs/target/test-dir/MiniOzoneClusterImpl-95adb35c-95a9-4d64-bfad-30ad63d9b33a/datanode-1/data/ratis/e6b53011-db22-4f14-9577-401d36ae0246 has been successfully formatted.
2019-09-19 10:40:44,775 [pool-303-thread-1] INFO  ratis.ContainerStateMachine (ContainerStateMachine.java:loadSnapshot(226)) - group-401D36AE0246: The snapshot info is null. Setting the last applied indexto:(t:0, i:~)
2019-09-19 10:40:44,775 [pool-303-thread-1] INFO  server.RaftServerConfigKeys (ConfUtils.java:logGet(43)) - raft.server.leader.election.timeout = 120s (custom)
2019-09-19 10:40:44,775 [pool-303-thread-1] INFO  server.RaftServerConfigKeys (ConfUtils.java:logGet(43)) - raft.server.log.use.memory = false (default)
2019-09-19 10:40:44,775 [pool-303-thread-1] INFO  server.RaftServerConfigKeys (ConfUtils.java:logGet(43)) - raft.server.log.purge.gap = 1000000 (custom)
2019-09-19 10:40:44,775 [pool-303-thread-1] INFO  server.RaftServerConfigKeys (ConfUtils.java:logGet(43)) - raft.server.log.appender.buffer.byte-limit = 33554432 (custom)
2019-09-19 10:40:44,775 [pool-303-thread-1] INFO  server.RaftServerConfigKeys (ConfUtils.java:logGet(43)) - raft.server.log.segment.size.max = 1048576 (custom)
2019-09-19 10:40:44,775 [pool-303-thread-1] INFO  server.RaftServerConfigKeys (ConfUtils.java:logGet(43)) - raft.server.log.segment.cache.num.max = 2 (custom)
2019-09-19 10:40:44,775 [pool-303-thread-1] INFO  segmented.SegmentedRaftLogWorker (SegmentedRaftLogWorker.java:<init>(172)) - new fe4962de-281a-444f-941e-a238e9af76bd-SegmentedRaftLogWorker:Storage Directory /workdir/hadoop-ozone/ozonefs/target/test-dir/MiniOzoneClusterImpl-95adb35c-95a9-4d64-bfad-30ad63d9b33a/datanode-1/data/ratis/e6b53011-db22-4f14-9577-401d36ae0246 for RaftStorage:Storage Directory /workdir/hadoop-ozone/ozonefs/target/test-dir/MiniOzoneClusterImpl-95adb35c-95a9-4d64-bfad-30ad63d9b33a/datanode-1/data/ratis/e6b53011-db22-4f14-9577-401d36ae0246
2019-09-19 10:40:44,775 [pool-303-thread-1] INFO  server.RaftServerConfigKeys (ConfUtils.java:logGet(43)) - raft.server.log.queue.byte-limit = 2147483647 (custom)
2019-09-19 10:40:44,775 [pool-303-thread-1] INFO  server.RaftServerConfigKeys (ConfUtils.java:logGet(43)) - raft.server.log.queue.element-limit = 1024 (custom)
2019-09-19 10:40:44,776 [pool-303-thread-1] INFO  server.RaftServerConfigKeys (ConfUtils.java:logGet(43)) - raft.server.log.segment.size.max = 1048576 (custom)
2019-09-19 10:40:44,776 [pool-303-thread-1] INFO  server.RaftServerConfigKeys (ConfUtils.java:logGet(43)) - raft.server.log.preallocated.size = 16384 (custom)
2019-09-19 10:40:44,776 [pool-303-thread-1] INFO  server.RaftServerConfigKeys (ConfUtils.java:logGet(43)) - raft.server.log.write.buffer.size = 33554432 (custom)
2019-09-19 10:40:44,776 [pool-303-thread-1] INFO  server.RaftServerConfigKeys (ConfUtils.java:logGet(43)) - raft.server.log.force.sync.num = 128 (default)
2019-09-19 10:40:44,776 [pool-303-thread-1] INFO  server.RaftServerConfigKeys (ConfUtils.java:logGet(43)) - raft.server.log.statemachine.data.sync = true (default)
2019-09-19 10:40:44,776 [pool-303-thread-1] INFO  server.RaftServerConfigKeys (ConfUtils.java:logGet(43)) - raft.server.log.statemachine.data.sync.timeout = 10s (default)
2019-09-19 10:40:44,776 [pool-303-thread-1] INFO  server.RaftServerConfigKeys (ConfUtils.java:logGet(43)) - raft.server.log.statemachine.data.sync.timeout.retry = -1 (default)
2019-09-19 10:40:44,776 [pool-303-thread-1] INFO  server.RaftServerConfigKeys (ConfUtils.java:logGet(43)) - raft.server.log.statemachine.data.caching.enabled = true (custom)
2019-09-19 10:40:44,776 [pool-303-thread-1] INFO  segmented.SegmentedRaftLogWorker (SegmentedRaftLogWorker.java:lambda$new$0(132)) - fe4962de-281a-444f-941e-a238e9af76bd-SegmentedRaftLogWorker:Storage Directory /workdir/hadoop-ozone/ozonefs/target/test-dir/MiniOzoneClusterImpl-95adb35c-95a9-4d64-bfad-30ad63d9b33a/datanode-1/data/ratis/e6b53011-db22-4f14-9577-401d36ae0246: flushIndex: setUnconditionally 0 -> -1
2019-09-19 10:40:44,777 [pool-303-thread-1] INFO  server.RaftServerConfigKeys (ConfUtils.java:logGet(43)) - raft.server.snapshot.auto.trigger.enabled = true (custom)
2019-09-19 10:40:44,777 [pool-303-thread-1] INFO  server.RaftServerConfigKeys (ConfUtils.java:logGet(43)) - raft.server.snapshot.auto.trigger.threshold = 10000 (custom)
2019-09-19 10:40:44,777 [pool-303-thread-1] INFO  server.RaftServerConfigKeys (ConfUtils.java:logGet(43)) - raft.server.retrycache.expirytime = 600000ms (custom)
2019-09-19 10:40:44,777 [pool-303-thread-1] INFO  impl.RaftServerImpl (RaftServerImpl.java:start(180)) - fe4962de-281a-444f-941e-a238e9af76bd: start group-401D36AE0246
2019-09-19 10:40:44,777 [pool-303-thread-1] INFO  impl.RaftServerImpl (RaftServerImpl.java:setRole(171)) - fe4962de-281a-444f-941e-a238e9af76bd:group-401D36AE0246 changes role from null to FOLLOWER at term 0 for startAsFollower
2019-09-19 10:40:44,777 [pool-303-thread-1] INFO  impl.RoleInfo (RoleInfo.java:updateAndGet(143)) - fe4962de-281a-444f-941e-a238e9af76bd: start FollowerState
2019-09-19 10:40:44,777 [pool-303-thread-1] INFO  util.JmxRegister (JmxRegister.java:tryRegister(44)) - Successfully registered JMX Bean with object name Ratis:service=RaftServer,group=group-401D36AE0246,id=fe4962de-281a-444f-941e-a238e9af76bd
2019-09-19 10:40:44,781 [RatisPipelineUtilsThread] INFO  pipeline.PipelineStateManager (PipelineStateManager.java:addPipeline(56)) - Created pipeline Pipeline[ Id: e6b53011-db22-4f14-9577-401d36ae0246, Nodes: fe4962de-281a-444f-941e-a238e9af76bd{ip: 192.168.157.204, host: pr-hdds-1569-cpgw4-1311585219, networkLocation: /default-rack, certSerialId: null}, Type:RATIS, Factor:ONE, State:OPEN]
2019-09-19 10:40:44,781 [RatisPipelineUtilsThread] ERROR pipeline.PipelinePlacementPolicy (PipelinePlacementPolicy.java:meetCriteria(91)) - Pipeline Placement: Doesn't meet the criteria to be viable node. Heaviness: 6
2019-09-19 10:40:44,781 [RatisPipelineUtilsThread] ERROR pipeline.PipelinePlacementPolicy (PipelinePlacementPolicy.java:meetCriteria(91)) - Pipeline Placement: Doesn't meet the criteria to be viable node. Heaviness: 6
2019-09-19 10:40:44,788 [grpc-default-executor-0] INFO  impl.RaftServerProxy (RaftServerProxy.java:addNew(89)) - fe4962de-281a-444f-941e-a238e9af76bd: addNew group-F6E5C4B37BBE:[fe4962de-281a-444f-941e-a238e9af76bd:192.168.157.204:44401] returns group-F6E5C4B37BBE:java.util.concurrent.CompletableFuture@38fe5bb8[Not completed]
2019-09-19 10:40:44,789 [pool-303-thread-1] INFO  impl.RaftServerImpl (RaftServerImpl.java:<init>(93)) - fe4962de-281a-444f-941e-a238e9af76bd: new RaftServerImpl for group-F6E5C4B37BBE:[fe4962de-281a-444f-941e-a238e9af76bd:192.168.157.204:44401] with ContainerStateMachine:uninitialized
2019-09-19 10:40:44,789 [pool-303-thread-1] INFO  server.RaftServerConfigKeys (ConfUtils.java:logGet(43)) - raft.server.rpc.timeout.min = 5s (custom)
2019-09-19 10:40:44,789 [pool-303-thread-1] INFO  server.RaftServerConfigKeys (ConfUtils.java:logGet(43)) - raft.server.rpc.timeout.max = 5200ms (custom)
2019-09-19 10:40:44,789 [pool-303-thread-1] INFO  server.RaftServerConfigKeys (ConfUtils.java:logGet(43)) - raft.server.rpcslowness.timeout = 120s (custom)
2019-09-19 10:40:44,789 [pool-303-thread-1] INFO  server.RaftServerConfigKeys (ConfUtils.java:logGet(43)) - raft.server.sleep.deviation.threshold = 300 (default)
2019-09-19 10:40:44,789 [pool-303-thread-1] INFO  server.RaftServerConfigKeys (ConfUtils.java:logGet(43)) - raft.server.log.appender.install.snapshot.enabled = false (custom)
2019-09-19 10:40:44,789 [pool-303-thread-1] INFO  impl.RaftServerImpl (ServerState.java:<init>(105)) - fe4962de-281a-444f-941e-a238e9af76bd:group-F6E5C4B37BBE ConfigurationManager, init=-1: [fe4962de-281a-444f-941e-a238e9af76bd:192.168.157.204:44401], old=null, confs=<EMPTY_MAP>
2019-09-19 10:40:44,789 [pool-303-thread-1] INFO  server.RaftServerConfigKeys (ConfUtils.java:logGet(43)) - raft.server.storage.dir = [/workdir/hadoop-ozone/ozonefs/target/test-dir/MiniOzoneClusterImpl-95adb35c-95a9-4d64-bfad-30ad63d9b33a/datanode-1/data/ratis] (custom)
2019-09-19 10:40:44,789 [pool-303-thread-1] INFO  storage.RaftStorageDirectory (RaftStorageDirectory.java:analyzeStorage(246)) - The storage directory /workdir/hadoop-ozone/ozonefs/target/test-dir/MiniOzoneClusterImpl-95adb35c-95a9-4d64-bfad-30ad63d9b33a/datanode-1/data/ratis/a700211e-0b91-4396-b9c3-f6e5c4b37bbe does not exist. Creating ...
2019-09-19 10:40:44,803 [pool-303-thread-1] INFO  storage.RaftStorageDirectory (RaftStorageDirectory.java:tryLock(328)) - Lock on /workdir/hadoop-ozone/ozonefs/target/test-dir/MiniOzoneClusterImpl-95adb35c-95a9-4d64-bfad-30ad63d9b33a/datanode-1/data/ratis/a700211e-0b91-4396-b9c3-f6e5c4b37bbe/in_use.lock acquired by nodename 10573@pr-hdds-1569-cpgw4-1311585219
2019-09-19 10:40:44,816 [pool-303-thread-1] INFO  storage.RaftStorage (RaftStorage.java:format(72)) - Storage directory /workdir/hadoop-ozone/ozonefs/target/test-dir/MiniOzoneClusterImpl-95adb35c-95a9-4d64-bfad-30ad63d9b33a/datanode-1/data/ratis/a700211e-0b91-4396-b9c3-f6e5c4b37bbe has been successfully formatted.
2019-09-19 10:40:44,816 [pool-303-thread-1] INFO  ratis.ContainerStateMachine (ContainerStateMachine.java:loadSnapshot(226)) - group-F6E5C4B37BBE: The snapshot info is null. Setting the last applied indexto:(t:0, i:~)
2019-09-19 10:40:44,816 [pool-303-thread-1] INFO  server.RaftServerConfigKeys (ConfUtils.java:logGet(43)) - raft.server.leader.election.timeout = 120s (custom)
2019-09-19 10:40:44,816 [pool-303-thread-1] INFO  server.RaftServerConfigKeys (ConfUtils.java:logGet(43)) - raft.server.log.use.memory = false (default)
2019-09-19 10:40:44,816 [pool-303-thread-1] INFO  server.RaftServerConfigKeys (ConfUtils.java:logGet(43)) - raft.server.log.purge.gap = 1000000 (custom)
2019-09-19 10:40:44,816 [pool-303-thread-1] INFO  server.RaftServerConfigKeys (ConfUtils.java:logGet(43)) - raft.server.log.appender.buffer.byte-limit = 33554432 (custom)
2019-09-19 10:40:44,816 [pool-303-thread-1] INFO  server.RaftServerConfigKeys (ConfUtils.java:logGet(43)) - raft.server.log.segment.size.max = 1048576 (custom)
2019-09-19 10:40:44,816 [pool-303-thread-1] INFO  server.RaftServerConfigKeys (ConfUtils.java:logGet(43)) - raft.server.log.segment.cache.num.max = 2 (custom)
2019-09-19 10:40:44,817 [pool-303-thread-1] INFO  segmented.SegmentedRaftLogWorker (SegmentedRaftLogWorker.java:<init>(172)) - new fe4962de-281a-444f-941e-a238e9af76bd-SegmentedRaftLogWorker:Storage Directory /workdir/hadoop-ozone/ozonefs/target/test-dir/MiniOzoneClusterImpl-95adb35c-95a9-4d64-bfad-30ad63d9b33a/datanode-1/data/ratis/a700211e-0b91-4396-b9c3-f6e5c4b37bbe for RaftStorage:Storage Directory /workdir/hadoop-ozone/ozonefs/target/test-dir/MiniOzoneClusterImpl-95adb35c-95a9-4d64-bfad-30ad63d9b33a/datanode-1/data/ratis/a700211e-0b91-4396-b9c3-f6e5c4b37bbe
2019-09-19 10:40:44,817 [pool-303-thread-1] INFO  server.RaftServerConfigKeys (ConfUtils.java:logGet(43)) - raft.server.log.queue.byte-limit = 2147483647 (custom)
2019-09-19 10:40:44,817 [pool-303-thread-1] INFO  server.RaftServerConfigKeys (ConfUtils.java:logGet(43)) - raft.server.log.queue.element-limit = 1024 (custom)
2019-09-19 10:40:44,817 [pool-303-thread-1] INFO  server.RaftServerConfigKeys (ConfUtils.java:logGet(43)) - raft.server.log.segment.size.max = 1048576 (custom)
2019-09-19 10:40:44,817 [pool-303-thread-1] INFO  server.RaftServerConfigKeys (ConfUtils.java:logGet(43)) - raft.server.log.preallocated.size = 16384 (custom)
2019-09-19 10:40:44,817 [pool-303-thread-1] INFO  server.RaftServerConfigKeys (ConfUtils.java:logGet(43)) - raft.server.log.write.buffer.size = 33554432 (custom)
2019-09-19 10:40:44,817 [pool-303-thread-1] INFO  server.RaftServerConfigKeys (ConfUtils.java:logGet(43)) - raft.server.log.force.sync.num = 128 (default)
2019-09-19 10:40:44,817 [pool-303-thread-1] INFO  server.RaftServerConfigKeys (ConfUtils.java:logGet(43)) - raft.server.log.statemachine.data.sync = true (default)
2019-09-19 10:40:44,817 [pool-303-thread-1] INFO  server.RaftServerConfigKeys (ConfUtils.java:logGet(43)) - raft.server.log.statemachine.data.sync.timeout = 10s (default)
2019-09-19 10:40:44,817 [pool-303-thread-1] INFO  server.RaftServerConfigKeys (ConfUtils.java:logGet(43)) - raft.server.log.statemachine.data.sync.timeout.retry = -1 (default)
2019-09-19 10:40:44,817 [pool-303-thread-1] INFO  server.RaftServerConfigKeys (ConfUtils.java:logGet(43)) - raft.server.log.statemachine.data.caching.enabled = true (custom)
2019-09-19 10:40:44,817 [pool-303-thread-1] INFO  segmented.SegmentedRaftLogWorker (SegmentedRaftLogWorker.java:lambda$new$0(132)) - fe4962de-281a-444f-941e-a238e9af76bd-SegmentedRaftLogWorker:Storage Directory /workdir/hadoop-ozone/ozonefs/target/test-dir/MiniOzoneClusterImpl-95adb35c-95a9-4d64-bfad-30ad63d9b33a/datanode-1/data/ratis/a700211e-0b91-4396-b9c3-f6e5c4b37bbe: flushIndex: setUnconditionally 0 -> -1
2019-09-19 10:40:44,818 [pool-303-thread-1] INFO  server.RaftServerConfigKeys (ConfUtils.java:logGet(43)) - raft.server.snapshot.auto.trigger.enabled = true (custom)
2019-09-19 10:40:44,818 [pool-303-thread-1] INFO  server.RaftServerConfigKeys (ConfUtils.java:logGet(43)) - raft.server.snapshot.auto.trigger.threshold = 10000 (custom)
2019-09-19 10:40:44,818 [pool-303-thread-1] INFO  server.RaftServerConfigKeys (ConfUtils.java:logGet(43)) - raft.server.retrycache.expirytime = 600000ms (custom)
2019-09-19 10:40:44,818 [pool-303-thread-1] INFO  impl.RaftServerImpl (RaftServerImpl.java:start(180)) - fe4962de-281a-444f-941e-a238e9af76bd: start group-F6E5C4B37BBE
2019-09-19 10:40:44,818 [pool-303-thread-1] INFO  impl.RaftServerImpl (RaftServerImpl.java:setRole(171)) - fe4962de-281a-444f-941e-a238e9af76bd:group-F6E5C4B37BBE changes role from null to FOLLOWER at term 0 for startAsFollower
2019-09-19 10:40:44,818 [pool-303-thread-1] INFO  impl.RoleInfo (RoleInfo.java:updateAndGet(143)) - fe4962de-281a-444f-941e-a238e9af76bd: start FollowerState
2019-09-19 10:40:44,818 [pool-303-thread-1] INFO  util.JmxRegister (JmxRegister.java:tryRegister(44)) - Successfully registered JMX Bean with object name Ratis:service=RaftServer,group=group-F6E5C4B37BBE,id=fe4962de-281a-444f-941e-a238e9af76bd
2019-09-19 10:40:44,822 [RatisPipelineUtilsThread] INFO  pipeline.PipelineStateManager (PipelineStateManager.java:addPipeline(56)) - Created pipeline Pipeline[ Id: a700211e-0b91-4396-b9c3-f6e5c4b37bbe, Nodes: fe4962de-281a-444f-941e-a238e9af76bd{ip: 192.168.157.204, host: pr-hdds-1569-cpgw4-1311585219, networkLocation: /default-rack, certSerialId: null}, Type:RATIS, Factor:ONE, State:OPEN]
2019-09-19 10:40:44,823 [RatisPipelineUtilsThread] ERROR pipeline.PipelinePlacementPolicy (PipelinePlacementPolicy.java:meetCriteria(91)) - Pipeline Placement: Doesn't meet the criteria to be viable node. Heaviness: 6
2019-09-19 10:40:44,823 [RatisPipelineUtilsThread] ERROR pipeline.PipelinePlacementPolicy (PipelinePlacementPolicy.java:meetCriteria(91)) - Pipeline Placement: Doesn't meet the criteria to be viable node. Heaviness: 6
2019-09-19 10:40:44,831 [grpc-default-executor-0] INFO  impl.RaftServerProxy (RaftServerProxy.java:addNew(89)) - fe4962de-281a-444f-941e-a238e9af76bd: addNew group-AD976896D45F:[fe4962de-281a-444f-941e-a238e9af76bd:192.168.157.204:44401] returns group-AD976896D45F:java.util.concurrent.CompletableFuture@4ffab9e1[Not completed]
2019-09-19 10:40:44,831 [pool-303-thread-1] INFO  impl.RaftServerImpl (RaftServerImpl.java:<init>(93)) - fe4962de-281a-444f-941e-a238e9af76bd: new RaftServerImpl for group-AD976896D45F:[fe4962de-281a-444f-941e-a238e9af76bd:192.168.157.204:44401] with ContainerStateMachine:uninitialized
2019-09-19 10:40:44,831 [pool-303-thread-1] INFO  server.RaftServerConfigKeys (ConfUtils.java:logGet(43)) - raft.server.rpc.timeout.min = 5s (custom)
2019-09-19 10:40:44,831 [pool-303-thread-1] INFO  server.RaftServerConfigKeys (ConfUtils.java:logGet(43)) - raft.server.rpc.timeout.max = 5200ms (custom)
2019-09-19 10:40:44,832 [pool-303-thread-1] INFO  server.RaftServerConfigKeys (ConfUtils.java:logGet(43)) - raft.server.rpcslowness.timeout = 120s (custom)
2019-09-19 10:40:44,832 [pool-303-thread-1] INFO  server.RaftServerConfigKeys (ConfUtils.java:logGet(43)) - raft.server.sleep.deviation.threshold = 300 (default)
2019-09-19 10:40:44,832 [pool-303-thread-1] INFO  server.RaftServerConfigKeys (ConfUtils.java:logGet(43)) - raft.server.log.appender.install.snapshot.enabled = false (custom)
2019-09-19 10:40:44,832 [pool-303-thread-1] INFO  impl.RaftServerImpl (ServerState.java:<init>(105)) - fe4962de-281a-444f-941e-a238e9af76bd:group-AD976896D45F ConfigurationManager, init=-1: [fe4962de-281a-444f-941e-a238e9af76bd:192.168.157.204:44401], old=null, confs=<EMPTY_MAP>
2019-09-19 10:40:44,832 [pool-303-thread-1] INFO  server.RaftServerConfigKeys (ConfUtils.java:logGet(43)) - raft.server.storage.dir = [/workdir/hadoop-ozone/ozonefs/target/test-dir/MiniOzoneClusterImpl-95adb35c-95a9-4d64-bfad-30ad63d9b33a/datanode-1/data/ratis] (custom)
2019-09-19 10:40:44,832 [pool-303-thread-1] INFO  storage.RaftStorageDirectory (RaftStorageDirectory.java:analyzeStorage(246)) - The storage directory /workdir/hadoop-ozone/ozonefs/target/test-dir/MiniOzoneClusterImpl-95adb35c-95a9-4d64-bfad-30ad63d9b33a/datanode-1/data/ratis/fd4e549e-2ed4-435d-9810-ad976896d45f does not exist. Creating ...
2019-09-19 10:40:44,845 [pool-303-thread-1] INFO  storage.RaftStorageDirectory (RaftStorageDirectory.java:tryLock(328)) - Lock on /workdir/hadoop-ozone/ozonefs/target/test-dir/MiniOzoneClusterImpl-95adb35c-95a9-4d64-bfad-30ad63d9b33a/datanode-1/data/ratis/fd4e549e-2ed4-435d-9810-ad976896d45f/in_use.lock acquired by nodename 10573@pr-hdds-1569-cpgw4-1311585219
2019-09-19 10:40:44,857 [pool-303-thread-1] INFO  storage.RaftStorage (RaftStorage.java:format(72)) - Storage directory /workdir/hadoop-ozone/ozonefs/target/test-dir/MiniOzoneClusterImpl-95adb35c-95a9-4d64-bfad-30ad63d9b33a/datanode-1/data/ratis/fd4e549e-2ed4-435d-9810-ad976896d45f has been successfully formatted.
2019-09-19 10:40:44,857 [pool-303-thread-1] INFO  ratis.ContainerStateMachine (ContainerStateMachine.java:loadSnapshot(226)) - group-AD976896D45F: The snapshot info is null. Setting the last applied indexto:(t:0, i:~)
2019-09-19 10:40:44,857 [pool-303-thread-1] INFO  server.RaftServerConfigKeys (ConfUtils.java:logGet(43)) - raft.server.leader.election.timeout = 120s (custom)
2019-09-19 10:40:44,857 [pool-303-thread-1] INFO  server.RaftServerConfigKeys (ConfUtils.java:logGet(43)) - raft.server.log.use.memory = false (default)
2019-09-19 10:40:44,858 [pool-303-thread-1] INFO  server.RaftServerConfigKeys (ConfUtils.java:logGet(43)) - raft.server.log.purge.gap = 1000000 (custom)
2019-09-19 10:40:44,858 [pool-303-thread-1] INFO  server.RaftServerConfigKeys (ConfUtils.java:logGet(43)) - raft.server.log.appender.buffer.byte-limit = 33554432 (custom)
2019-09-19 10:40:44,858 [pool-303-thread-1] INFO  server.RaftServerConfigKeys (ConfUtils.java:logGet(43)) - raft.server.log.segment.size.max = 1048576 (custom)
2019-09-19 10:40:44,858 [pool-303-thread-1] INFO  server.RaftServerConfigKeys (ConfUtils.java:logGet(43)) - raft.server.log.segment.cache.num.max = 2 (custom)
2019-09-19 10:40:44,858 [pool-303-thread-1] INFO  segmented.SegmentedRaftLogWorker (SegmentedRaftLogWorker.java:<init>(172)) - new fe4962de-281a-444f-941e-a238e9af76bd-SegmentedRaftLogWorker:Storage Directory /workdir/hadoop-ozone/ozonefs/target/test-dir/MiniOzoneClusterImpl-95adb35c-95a9-4d64-bfad-30ad63d9b33a/datanode-1/data/ratis/fd4e549e-2ed4-435d-9810-ad976896d45f for RaftStorage:Storage Directory /workdir/hadoop-ozone/ozonefs/target/test-dir/MiniOzoneClusterImpl-95adb35c-95a9-4d64-bfad-30ad63d9b33a/datanode-1/data/ratis/fd4e549e-2ed4-435d-9810-ad976896d45f
2019-09-19 10:40:44,972 [pool-303-thread-1] INFO  server.RaftServerConfigKeys (ConfUtils.java:logGet(43)) - raft.server.log.queue.byte-limit = 2147483647 (custom)
2019-09-19 10:40:44,989 [pool-303-thread-1] INFO  server.RaftServerConfigKeys (ConfUtils.java:logGet(43)) - raft.server.log.queue.element-limit = 1024 (custom)
2019-09-19 10:40:45,006 [pool-303-thread-1] INFO  server.RaftServerConfigKeys (ConfUtils.java:logGet(43)) - raft.server.log.segment.size.max = 1048576 (custom)
2019-09-19 10:40:45,012 [pool-303-thread-1] INFO  server.RaftServerConfigKeys (ConfUtils.java:logGet(43)) - raft.server.log.preallocated.size = 16384 (custom)
2019-09-19 10:40:45,024 [pool-303-thread-1] INFO  server.RaftServerConfigKeys (ConfUtils.java:logGet(43)) - raft.server.log.write.buffer.size = 33554432 (custom)
2019-09-19 10:40:45,030 [pool-303-thread-1] INFO  server.RaftServerConfigKeys (ConfUtils.java:logGet(43)) - raft.server.log.force.sync.num = 128 (default)
2019-09-19 10:40:45,036 [pool-303-thread-1] INFO  server.RaftServerConfigKeys (ConfUtils.java:logGet(43)) - raft.server.log.statemachine.data.sync = true (default)
2019-09-19 10:40:45,048 [pool-303-thread-1] INFO  server.RaftServerConfigKeys (ConfUtils.java:logGet(43)) - raft.server.log.statemachine.data.sync.timeout = 10s (default)
2019-09-19 10:40:45,053 [pool-303-thread-1] INFO  server.RaftServerConfigKeys (ConfUtils.java:logGet(43)) - raft.server.log.statemachine.data.sync.timeout.retry = -1 (default)
2019-09-19 10:40:45,064 [pool-303-thread-1] INFO  server.RaftServerConfigKeys (ConfUtils.java:logGet(43)) - raft.server.log.statemachine.data.caching.enabled = true (custom)
2019-09-19 10:40:45,082 [pool-303-thread-1] INFO  segmented.SegmentedRaftLogWorker (SegmentedRaftLogWorker.java:lambda$new$0(132)) - fe4962de-281a-444f-941e-a238e9af76bd-SegmentedRaftLogWorker:Storage Directory /workdir/hadoop-ozone/ozonefs/target/test-dir/MiniOzoneClusterImpl-95adb35c-95a9-4d64-bfad-30ad63d9b33a/datanode-1/data/ratis/fd4e549e-2ed4-435d-9810-ad976896d45f: flushIndex: setUnconditionally 0 -> -1
2019-09-19 10:40:45,084 [pool-303-thread-1] INFO  server.RaftServerConfigKeys (ConfUtils.java:logGet(43)) - raft.server.snapshot.auto.trigger.enabled = true (custom)
2019-09-19 10:40:45,084 [pool-303-thread-1] INFO  server.RaftServerConfigKeys (ConfUtils.java:logGet(43)) - raft.server.snapshot.auto.trigger.threshold = 10000 (custom)
2019-09-19 10:40:45,084 [pool-303-thread-1] INFO  server.RaftServerConfigKeys (ConfUtils.java:logGet(43)) - raft.server.retrycache.expirytime = 600000ms (custom)
2019-09-19 10:40:45,084 [pool-303-thread-1] INFO  impl.RaftServerImpl (RaftServerImpl.java:start(180)) - fe4962de-281a-444f-941e-a238e9af76bd: start group-AD976896D45F
2019-09-19 10:40:45,085 [pool-303-thread-1] INFO  impl.RaftServerImpl (RaftServerImpl.java:setRole(171)) - fe4962de-281a-444f-941e-a238e9af76bd:group-AD976896D45F changes role from null to FOLLOWER at term 0 for startAsFollower
2019-09-19 10:40:45,086 [pool-303-thread-1] INFO  impl.RoleInfo (RoleInfo.java:updateAndGet(143)) - fe4962de-281a-444f-941e-a238e9af76bd: start FollowerState
2019-09-19 10:40:45,086 [pool-303-thread-1] INFO  util.JmxRegister (JmxRegister.java:tryRegister(44)) - Successfully registered JMX Bean with object name Ratis:service=RaftServer,group=group-AD976896D45F,id=fe4962de-281a-444f-941e-a238e9af76bd
2019-09-19 10:40:45,098 [RatisPipelineUtilsThread] INFO  pipeline.PipelineStateManager (PipelineStateManager.java:addPipeline(56)) - Created pipeline Pipeline[ Id: fd4e549e-2ed4-435d-9810-ad976896d45f, Nodes: fe4962de-281a-444f-941e-a238e9af76bd{ip: 192.168.157.204, host: pr-hdds-1569-cpgw4-1311585219, networkLocation: /default-rack, certSerialId: null}, Type:RATIS, Factor:ONE, State:OPEN]
2019-09-19 10:40:45,098 [RatisPipelineUtilsThread] ERROR pipeline.PipelinePlacementPolicy (PipelinePlacementPolicy.java:meetCriteria(91)) - Pipeline Placement: Doesn't meet the criteria to be viable node. Heaviness: 6
2019-09-19 10:40:45,100 [RatisPipelineUtilsThread] ERROR pipeline.PipelinePlacementPolicy (PipelinePlacementPolicy.java:meetCriteria(91)) - Pipeline Placement: Doesn't meet the criteria to be viable node. Heaviness: 6
2019-09-19 10:40:45,107 [grpc-default-executor-0] INFO  impl.RaftServerProxy (RaftServerProxy.java:addNew(89)) - fe4962de-281a-444f-941e-a238e9af76bd: addNew group-7BCDB42B4A92:[fe4962de-281a-444f-941e-a238e9af76bd:192.168.157.204:44401] returns group-7BCDB42B4A92:java.util.concurrent.CompletableFuture@429ab0cb[Not completed]
2019-09-19 10:40:45,108 [pool-303-thread-1] INFO  impl.RaftServerImpl (RaftServerImpl.java:<init>(93)) - fe4962de-281a-444f-941e-a238e9af76bd: new RaftServerImpl for group-7BCDB42B4A92:[fe4962de-281a-444f-941e-a238e9af76bd:192.168.157.204:44401] with ContainerStateMachine:uninitialized
2019-09-19 10:40:45,109 [pool-303-thread-1] INFO  server.RaftServerConfigKeys (ConfUtils.java:logGet(43)) - raft.server.rpc.timeout.min = 5s (custom)
2019-09-19 10:40:45,109 [pool-303-thread-1] INFO  server.RaftServerConfigKeys (ConfUtils.java:logGet(43)) - raft.server.rpc.timeout.max = 5200ms (custom)
2019-09-19 10:40:45,109 [pool-303-thread-1] INFO  server.RaftServerConfigKeys (ConfUtils.java:logGet(43)) - raft.server.rpcslowness.timeout = 120s (custom)
2019-09-19 10:40:45,109 [pool-303-thread-1] INFO  server.RaftServerConfigKeys (ConfUtils.java:logGet(43)) - raft.server.sleep.deviation.threshold = 300 (default)
2019-09-19 10:40:45,109 [pool-303-thread-1] INFO  server.RaftServerConfigKeys (ConfUtils.java:logGet(43)) - raft.server.log.appender.install.snapshot.enabled = false (custom)
2019-09-19 10:40:45,109 [pool-303-thread-1] INFO  impl.RaftServerImpl (ServerState.java:<init>(105)) - fe4962de-281a-444f-941e-a238e9af76bd:group-7BCDB42B4A92 ConfigurationManager, init=-1: [fe4962de-281a-444f-941e-a238e9af76bd:192.168.157.204:44401], old=null, confs=<EMPTY_MAP>
2019-09-19 10:40:45,110 [pool-303-thread-1] INFO  server.RaftServerConfigKeys (ConfUtils.java:logGet(43)) - raft.server.storage.dir = [/workdir/hadoop-ozone/ozonefs/target/test-dir/MiniOzoneClusterImpl-95adb35c-95a9-4d64-bfad-30ad63d9b33a/datanode-1/data/ratis] (custom)
2019-09-19 10:40:45,110 [pool-303-thread-1] INFO  storage.RaftStorageDirectory (RaftStorageDirectory.java:analyzeStorage(246)) - The storage directory /workdir/hadoop-ozone/ozonefs/target/test-dir/MiniOzoneClusterImpl-95adb35c-95a9-4d64-bfad-30ad63d9b33a/datanode-1/data/ratis/c835648c-e89e-423f-ad34-7bcdb42b4a92 does not exist. Creating ...
2019-09-19 10:40:45,124 [pool-303-thread-1] INFO  storage.RaftStorageDirectory (RaftStorageDirectory.java:tryLock(328)) - Lock on /workdir/hadoop-ozone/ozonefs/target/test-dir/MiniOzoneClusterImpl-95adb35c-95a9-4d64-bfad-30ad63d9b33a/datanode-1/data/ratis/c835648c-e89e-423f-ad34-7bcdb42b4a92/in_use.lock acquired by nodename 10573@pr-hdds-1569-cpgw4-1311585219
2019-09-19 10:40:45,138 [pool-303-thread-1] INFO  storage.RaftStorage (RaftStorage.java:format(72)) - Storage directory /workdir/hadoop-ozone/ozonefs/target/test-dir/MiniOzoneClusterImpl-95adb35c-95a9-4d64-bfad-30ad63d9b33a/datanode-1/data/ratis/c835648c-e89e-423f-ad34-7bcdb42b4a92 has been successfully formatted.
2019-09-19 10:40:45,138 [pool-303-thread-1] INFO  ratis.ContainerStateMachine (ContainerStateMachine.java:loadSnapshot(226)) - group-7BCDB42B4A92: The snapshot info is null. Setting the last applied indexto:(t:0, i:~)
2019-09-19 10:40:45,138 [pool-303-thread-1] INFO  server.RaftServerConfigKeys (ConfUtils.java:logGet(43)) - raft.server.leader.election.timeout = 120s (custom)
2019-09-19 10:40:45,138 [pool-303-thread-1] INFO  server.RaftServerConfigKeys (ConfUtils.java:logGet(43)) - raft.server.log.use.memory = false (default)
2019-09-19 10:40:45,138 [pool-303-thread-1] INFO  server.RaftServerConfigKeys (ConfUtils.java:logGet(43)) - raft.server.log.purge.gap = 1000000 (custom)
2019-09-19 10:40:45,138 [pool-303-thread-1] INFO  server.RaftServerConfigKeys (ConfUtils.java:logGet(43)) - raft.server.log.appender.buffer.byte-limit = 33554432 (custom)
2019-09-19 10:40:45,138 [pool-303-thread-1] INFO  server.RaftServerConfigKeys (ConfUtils.java:logGet(43)) - raft.server.log.segment.size.max = 1048576 (custom)
2019-09-19 10:40:45,139 [pool-303-thread-1] INFO  server.RaftServerConfigKeys (ConfUtils.java:logGet(43)) - raft.server.log.segment.cache.num.max = 2 (custom)
2019-09-19 10:40:45,139 [pool-303-thread-1] INFO  segmented.SegmentedRaftLogWorker (SegmentedRaftLogWorker.java:<init>(172)) - new fe4962de-281a-444f-941e-a238e9af76bd-SegmentedRaftLogWorker:Storage Directory /workdir/hadoop-ozone/ozonefs/target/test-dir/MiniOzoneClusterImpl-95adb35c-95a9-4d64-bfad-30ad63d9b33a/datanode-1/data/ratis/c835648c-e89e-423f-ad34-7bcdb42b4a92 for RaftStorage:Storage Directory /workdir/hadoop-ozone/ozonefs/target/test-dir/MiniOzoneClusterImpl-95adb35c-95a9-4d64-bfad-30ad63d9b33a/datanode-1/data/ratis/c835648c-e89e-423f-ad34-7bcdb42b4a92
2019-09-19 10:40:45,139 [pool-303-thread-1] INFO  server.RaftServerConfigKeys (ConfUtils.java:logGet(43)) - raft.server.log.queue.byte-limit = 2147483647 (custom)
2019-09-19 10:40:45,139 [pool-303-thread-1] INFO  server.RaftServerConfigKeys (ConfUtils.java:logGet(43)) - raft.server.log.queue.element-limit = 1024 (custom)
2019-09-19 10:40:45,139 [pool-303-thread-1] INFO  server.RaftServerConfigKeys (ConfUtils.java:logGet(43)) - raft.server.log.segment.size.max = 1048576 (custom)
2019-09-19 10:40:45,139 [pool-303-thread-1] INFO  server.RaftServerConfigKeys (ConfUtils.java:logGet(43)) - raft.server.log.preallocated.size = 16384 (custom)
2019-09-19 10:40:45,139 [pool-303-thread-1] INFO  server.RaftServerConfigKeys (ConfUtils.java:logGet(43)) - raft.server.log.write.buffer.size = 33554432 (custom)
2019-09-19 10:40:45,139 [pool-303-thread-1] INFO  server.RaftServerConfigKeys (ConfUtils.java:logGet(43)) - raft.server.log.force.sync.num = 128 (default)
2019-09-19 10:40:45,139 [pool-303-thread-1] INFO  server.RaftServerConfigKeys (ConfUtils.java:logGet(43)) - raft.server.log.statemachine.data.sync = true (default)
2019-09-19 10:40:45,140 [pool-303-thread-1] INFO  server.RaftServerConfigKeys (ConfUtils.java:logGet(43)) - raft.server.log.statemachine.data.sync.timeout = 10s (default)
2019-09-19 10:40:45,140 [pool-303-thread-1] INFO  server.RaftServerConfigKeys (ConfUtils.java:logGet(43)) - raft.server.log.statemachine.data.sync.timeout.retry = -1 (default)
2019-09-19 10:40:45,140 [pool-303-thread-1] INFO  server.RaftServerConfigKeys (ConfUtils.java:logGet(43)) - raft.server.log.statemachine.data.caching.enabled = true (custom)
2019-09-19 10:40:45,140 [pool-303-thread-1] INFO  segmented.SegmentedRaftLogWorker (SegmentedRaftLogWorker.java:lambda$new$0(132)) - fe4962de-281a-444f-941e-a238e9af76bd-SegmentedRaftLogWorker:Storage Directory /workdir/hadoop-ozone/ozonefs/target/test-dir/MiniOzoneClusterImpl-95adb35c-95a9-4d64-bfad-30ad63d9b33a/datanode-1/data/ratis/c835648c-e89e-423f-ad34-7bcdb42b4a92: flushIndex: setUnconditionally 0 -> -1
2019-09-19 10:40:45,140 [pool-303-thread-1] INFO  server.RaftServerConfigKeys (ConfUtils.java:logGet(43)) - raft.server.snapshot.auto.trigger.enabled = true (custom)
2019-09-19 10:40:45,140 [pool-303-thread-1] INFO  server.RaftServerConfigKeys (ConfUtils.java:logGet(43)) - raft.server.snapshot.auto.trigger.threshold = 10000 (custom)
2019-09-19 10:40:45,140 [pool-303-thread-1] INFO  server.RaftServerConfigKeys (ConfUtils.java:logGet(43)) - raft.server.retrycache.expirytime = 600000ms (custom)
2019-09-19 10:40:45,141 [pool-303-thread-1] INFO  impl.RaftServerImpl (RaftServerImpl.java:start(180)) - fe4962de-281a-444f-941e-a238e9af76bd: start group-7BCDB42B4A92
2019-09-19 10:40:45,141 [pool-303-thread-1] INFO  impl.RaftServerImpl (RaftServerImpl.java:setRole(171)) - fe4962de-281a-444f-941e-a238e9af76bd:group-7BCDB42B4A92 changes role from null to FOLLOWER at term 0 for startAsFollower
2019-09-19 10:40:45,141 [pool-303-thread-1] INFO  impl.RoleInfo (RoleInfo.java:updateAndGet(143)) - fe4962de-281a-444f-941e-a238e9af76bd: start FollowerState
2019-09-19 10:40:45,141 [pool-303-thread-1] INFO  util.JmxRegister (JmxRegister.java:tryRegister(44)) - Successfully registered JMX Bean with object name Ratis:service=RaftServer,group=group-7BCDB42B4A92,id=fe4962de-281a-444f-941e-a238e9af76bd
2019-09-19 10:40:45,146 [RatisPipelineUtilsThread] INFO  pipeline.PipelineStateManager (PipelineStateManager.java:addPipeline(56)) - Created pipeline Pipeline[ Id: c835648c-e89e-423f-ad34-7bcdb42b4a92, Nodes: fe4962de-281a-444f-941e-a238e9af76bd{ip: 192.168.157.204, host: pr-hdds-1569-cpgw4-1311585219, networkLocation: /default-rack, certSerialId: null}, Type:RATIS, Factor:ONE, State:OPEN]
2019-09-19 10:40:45,146 [RatisPipelineUtilsThread] ERROR pipeline.PipelinePlacementPolicy (PipelinePlacementPolicy.java:meetCriteria(91)) - Pipeline Placement: Doesn't meet the criteria to be viable node. Heaviness: 6
2019-09-19 10:40:45,147 [RatisPipelineUtilsThread] ERROR pipeline.PipelinePlacementPolicy (PipelinePlacementPolicy.java:meetCriteria(91)) - Pipeline Placement: Doesn't meet the criteria to be viable node. Heaviness: 6
2019-09-19 10:40:45,147 [RatisPipelineUtilsThread] ERROR pipeline.PipelinePlacementPolicy (PipelinePlacementPolicy.java:meetCriteria(91)) - Pipeline Placement: Doesn't meet the criteria to be viable node. Heaviness: 6
2019-09-19 10:40:45,147 [RatisPipelineUtilsThread] ERROR pipeline.PipelinePlacementPolicy (PipelinePlacementPolicy.java:filterViableNodes(146)) - Unable to find enough nodes that meet the criteria that cannot engage in more than 5 pipelines. Nodes required: 1 Found: 0, healthy nodes count inNodeManager: 3.
2019-09-19 10:40:45,147 [RatisPipelineUtilsThread] ERROR pipeline.SCMPipelineManager (SCMPipelineManager.java:createPipeline(161)) - Pipeline creation failed due to exception: Unable to find enough nodes that meet the criteria that cannot engage in more than 5 pipelines. Nodes required: 1 Found: 0, healthy nodes count inNodeManager: 3.
2019-09-19 10:40:45,147 [RatisPipelineUtilsThread] ERROR pipeline.PipelinePlacementPolicy (PipelinePlacementPolicy.java:meetCriteria(91)) - Pipeline Placement: Doesn't meet the criteria to be viable node. Heaviness: 6
2019-09-19 10:40:45,147 [RatisPipelineUtilsThread] ERROR pipeline.PipelinePlacementPolicy (PipelinePlacementPolicy.java:meetCriteria(91)) - Pipeline Placement: Doesn't meet the criteria to be viable node. Heaviness: 6
2019-09-19 10:40:45,147 [RatisPipelineUtilsThread] ERROR pipeline.PipelinePlacementPolicy (PipelinePlacementPolicy.java:meetCriteria(91)) - Pipeline Placement: Doesn't meet the criteria to be viable node. Heaviness: 6
2019-09-19 10:40:45,147 [RatisPipelineUtilsThread] ERROR pipeline.PipelinePlacementPolicy (PipelinePlacementPolicy.java:filterViableNodes(146)) - Unable to find enough nodes that meet the criteria that cannot engage in more than 5 pipelines. Nodes required: 3 Found: 0, healthy nodes count inNodeManager: 3.
2019-09-19 10:40:45,148 [RatisPipelineUtilsThread] ERROR pipeline.SCMPipelineManager (SCMPipelineManager.java:createPipeline(161)) - Pipeline creation failed due to exception: Unable to find enough nodes that meet the criteria that cannot engage in more than 5 pipelines. Nodes required: 3 Found: 0, healthy nodes count inNodeManager: 3.
2019-09-19 10:40:45,148 [RatisPipelineUtilsThread] ERROR pipeline.PipelinePlacementPolicy (PipelinePlacementPolicy.java:meetCriteria(91)) - Pipeline Placement: Doesn't meet the criteria to be viable node. Heaviness: 6
2019-09-19 10:40:45,148 [RatisPipelineUtilsThread] ERROR pipeline.PipelinePlacementPolicy (PipelinePlacementPolicy.java:meetCriteria(91)) - Pipeline Placement: Doesn't meet the criteria to be viable node. Heaviness: 6
2019-09-19 10:40:45,148 [RatisPipelineUtilsThread] ERROR pipeline.PipelinePlacementPolicy (PipelinePlacementPolicy.java:meetCriteria(91)) - Pipeline Placement: Doesn't meet the criteria to be viable node. Heaviness: 6
2019-09-19 10:40:45,148 [RatisPipelineUtilsThread] ERROR pipeline.PipelinePlacementPolicy (PipelinePlacementPolicy.java:filterViableNodes(146)) - Unable to find enough nodes that meet the criteria that cannot engage in more than 5 pipelines. Nodes required: 1 Found: 0, healthy nodes count inNodeManager: 3.
2019-09-19 10:40:45,148 [RatisPipelineUtilsThread] ERROR pipeline.SCMPipelineManager (SCMPipelineManager.java:createPipeline(161)) - Pipeline creation failed due to exception: Unable to find enough nodes that meet the criteria that cannot engage in more than 5 pipelines. Nodes required: 1 Found: 0, healthy nodes count inNodeManager: 3.
2019-09-19 10:40:45,148 [RatisPipelineUtilsThread] ERROR pipeline.PipelinePlacementPolicy (PipelinePlacementPolicy.java:meetCriteria(91)) - Pipeline Placement: Doesn't meet the criteria to be viable node. Heaviness: 6
2019-09-19 10:40:45,148 [RatisPipelineUtilsThread] ERROR pipeline.PipelinePlacementPolicy (PipelinePlacementPolicy.java:meetCriteria(91)) - Pipeline Placement: Doesn't meet the criteria to be viable node. Heaviness: 6
2019-09-19 10:40:45,148 [RatisPipelineUtilsThread] ERROR pipeline.PipelinePlacementPolicy (PipelinePlacementPolicy.java:meetCriteria(91)) - Pipeline Placement: Doesn't meet the criteria to be viable node. Heaviness: 6
2019-09-19 10:40:45,149 [RatisPipelineUtilsThread] ERROR pipeline.PipelinePlacementPolicy (PipelinePlacementPolicy.java:filterViableNodes(146)) - Unable to find enough nodes that meet the criteria that cannot engage in more than 5 pipelines. Nodes required: 3 Found: 0, healthy nodes count inNodeManager: 3.
2019-09-19 10:40:45,149 [RatisPipelineUtilsThread] ERROR pipeline.SCMPipelineManager (SCMPipelineManager.java:createPipeline(161)) - Pipeline creation failed due to exception: Unable to find enough nodes that meet the criteria that cannot engage in more than 5 pipelines. Nodes required: 3 Found: 0, healthy nodes count inNodeManager: 3.
2019-09-19 10:40:45,150 [IPC Server handler 2 on 37386] ERROR pipeline.PipelinePlacementPolicy (PipelinePlacementPolicy.java:meetCriteria(91)) - Pipeline Placement: Doesn't meet the criteria to be viable node. Heaviness: 6
2019-09-19 10:40:45,150 [IPC Server handler 2 on 37386] ERROR pipeline.PipelinePlacementPolicy (PipelinePlacementPolicy.java:meetCriteria(91)) - Pipeline Placement: Doesn't meet the criteria to be viable node. Heaviness: 6
2019-09-19 10:40:45,150 [IPC Server handler 2 on 37386] ERROR pipeline.PipelinePlacementPolicy (PipelinePlacementPolicy.java:meetCriteria(91)) - Pipeline Placement: Doesn't meet the criteria to be viable node. Heaviness: 6
2019-09-19 10:40:45,150 [IPC Server handler 2 on 37386] ERROR pipeline.PipelinePlacementPolicy (PipelinePlacementPolicy.java:filterViableNodes(146)) - Unable to find enough nodes that meet the criteria that cannot engage in more than 5 pipelines. Nodes required: 3 Found: 0, healthy nodes count inNodeManager: 3.
2019-09-19 10:40:45,150 [IPC Server handler 2 on 37386] ERROR pipeline.SCMPipelineManager (SCMPipelineManager.java:createPipeline(161)) - Pipeline creation failed due to exception: Unable to find enough nodes that meet the criteria that cannot engage in more than 5 pipelines. Nodes required: 3 Found: 0, healthy nodes count inNodeManager: 3.
2019-09-19 10:40:45,151 [IPC Server handler 2 on 37386] WARN  block.BlockManagerImpl (BlockManagerImpl.java:allocateBlock(192)) - Pipeline creation failed for type:RATIS factor:THREE. Retrying get pipelines call once.
org.apache.hadoop.hdds.scm.exceptions.SCMException: Unable to find enough nodes that meet the criteria that cannot engage in more than 5 pipelines. Nodes required: 3 Found: 0, healthy nodes count inNodeManager: 3.
	at org.apache.hadoop.hdds.scm.pipeline.PipelinePlacementPolicy.filterViableNodes(PipelinePlacementPolicy.java:147)
	at org.apache.hadoop.hdds.scm.pipeline.PipelinePlacementPolicy.chooseDatanodes(PipelinePlacementPolicy.java:170)
	at org.apache.hadoop.hdds.scm.pipeline.RatisPipelineProvider.create(RatisPipelineProvider.java:92)
	at org.apache.hadoop.hdds.scm.pipeline.PipelineFactory.create(PipelineFactory.java:57)
	at org.apache.hadoop.hdds.scm.pipeline.SCMPipelineManager.createPipeline(SCMPipelineManager.java:149)
	at org.apache.hadoop.hdds.scm.block.BlockManagerImpl.allocateBlock(BlockManagerImpl.java:190)
	at org.apache.hadoop.hdds.scm.server.SCMBlockProtocolServer.allocateBlock(SCMBlockProtocolServer.java:175)
	at org.apache.hadoop.ozone.protocolPB.ScmBlockLocationProtocolServerSideTranslatorPB.allocateScmBlock(ScmBlockLocationProtocolServerSideTranslatorPB.java:153)
	at org.apache.hadoop.ozone.protocolPB.ScmBlockLocationProtocolServerSideTranslatorPB.send(ScmBlockLocationProtocolServerSideTranslatorPB.java:112)
	at org.apache.hadoop.hdds.protocol.proto.ScmBlockLocationProtocolProtos$ScmBlockLocationProtocolService$2.callBlockingMethod(ScmBlockLocationProtocolProtos.java:13157)
	at org.apache.hadoop.ipc.ProtobufRpcEngine$Server$ProtoBufRpcInvoker.call(ProtobufRpcEngine.java:524)
	at org.apache.hadoop.ipc.RPC$Server.call(RPC.java:1025)
	at org.apache.hadoop.ipc.Server$RpcCall.run(Server.java:876)
	at org.apache.hadoop.ipc.Server$RpcCall.run(Server.java:822)
	at java.security.AccessController.doPrivileged(Native Method)
	at javax.security.auth.Subject.doAs(Subject.java:422)
	at org.apache.hadoop.security.UserGroupInformation.doAs(UserGroupInformation.java:1730)
	at org.apache.hadoop.ipc.Server$Handler.run(Server.java:2682)
2019-09-19 10:40:45,151 [IPC Server handler 2 on 37386] INFO  block.BlockManagerImpl (BlockManagerImpl.java:allocateBlock(198)) - Could not find available pipeline of type:RATIS and factor:THREE even after retrying
2019-09-19 10:40:45,151 [IPC Server handler 2 on 37386] ERROR block.BlockManagerImpl (BlockManagerImpl.java:allocateBlock(222)) - Unable to allocate a block for the size: 4194304, type: RATIS, factor: THREE
2019-09-19 10:40:45,151 | INFO  | SCMAudit | user=jenkins1000 | ip=192.168.157.204 | op=ALLOCATE_BLOCK {owner=4734d0ec-3da2-48ca-b1f9-69a511aca8b5, size=4194304, type=RATIS, factor=THREE} | ret=SUCCESS |  
2019-09-19 10:40:45,157 | ERROR | OMAudit | user=jenkins1000 | ip=127.0.0.1 | op=CREATE_FILE {volume=volume64276, bucket=bucket40520, key=amECp, dataSize=0, replicationType=RATIS, replicationFactor=THREE, keyLocationInfo=null} | ret=FAILURE | org.apache.hadoop.hdds.scm.exceptions.SCMException: Allocated 0 blocks. Requested 1 blocks
	at org.apache.hadoop.hdds.scm.protocolPB.ScmBlockLocationProtocolClientSideTranslatorPB.handleError(ScmBlockLocationProtocolClientSideTranslatorPB.java:118)
	at org.apache.hadoop.hdds.scm.protocolPB.ScmBlockLocationProtocolClientSideTranslatorPB.allocateBlock(ScmBlockLocationProtocolClientSideTranslatorPB.java:156) 
2019-09-19 10:40:45,161 [main] INFO  ozone.MiniOzoneClusterImpl (MiniOzoneClusterImpl.java:shutdown(321)) - Shutting down the Mini Ozone Cluster
2019-09-19 10:40:45,161 | INFO  | SCMAudit | user=null | ip=null | op=GET_SCM_INFO null | ret=SUCCESS |  
2019-09-19 10:40:45,161 [main] INFO  ozone.MiniOzoneClusterImpl (MiniOzoneClusterImpl.java:stop(336)) - Stopping the Mini Ozone Cluster
2019-09-19 10:40:45,162 [main] INFO  ozone.MiniOzoneClusterImpl (MiniOzoneClusterImpl.java:stop(338)) - Stopping the OzoneManager
2019-09-19 10:40:45,162 [main] INFO  ipc.Server (Server.java:stop(3082)) - Stopping server on 37857
2019-09-19 10:40:45,165 [IPC Server listener on 37857] INFO  ipc.Server (Server.java:run(1185)) - Stopping IPC Server listener on 37857
2019-09-19 10:40:45,165 [main] INFO  ratis.OzoneManagerDoubleBuffer (OzoneManagerDoubleBuffer.java:stop(248)) - Stopping OMDoubleBuffer flush thread
2019-09-19 10:40:45,166 [IPC Server Responder] INFO  ipc.Server (Server.java:run(1319)) - Stopping IPC Server Responder
2019-09-19 10:40:45,167 [OMDoubleBufferFlushThread] INFO  ratis.OzoneManagerDoubleBuffer (OzoneManagerDoubleBuffer.java:flushTransactions(191)) - OMDoubleBuffer flush thread OMDoubleBufferFlushThread is interrupted and will exit. OMDoubleBufferFlushThread
2019-09-19 10:40:45,167 [main] INFO  utils.BackgroundService (BackgroundService.java:shutdown(148)) - Shutting down service KeyDeletingService
2019-09-19 10:40:45,169 [main] INFO  handler.ContextHandler (ContextHandler.java:doStop(910)) - Stopped o.e.j.w.WebAppContext@2e1c8027{/,null,UNAVAILABLE}{/ozoneManager}
2019-09-19 10:40:45,170 [main] INFO  server.AbstractConnector (AbstractConnector.java:doStop(318)) - Stopped ServerConnector@72d7afff{HTTP/1.1,[http/1.1]}{0.0.0.0:0}
2019-09-19 10:40:45,171 [main] INFO  handler.ContextHandler (ContextHandler.java:doStop(910)) - Stopped o.e.j.s.ServletContextHandler@6c9b6332{/static,jar:file:/home/user/.m2/repository/org/apache/hadoop/hadoop-ozone-ozone-manager/0.5.0-SNAPSHOT/hadoop-ozone-ozone-manager-0.5.0-SNAPSHOT.jar!/webapps/static,UNAVAILABLE}
2019-09-19 10:40:45,171 [main] INFO  handler.ContextHandler (ContextHandler.java:doStop(910)) - Stopped o.e.j.s.ServletContextHandler@2a7b5925{/logs,file:///workdir/hadoop-ozone/ozonefs/target/log,UNAVAILABLE}
2019-09-19 10:40:45,175 [main] INFO  ozone.MiniOzoneClusterImpl (MiniOzoneClusterImpl.java:stop(344)) - Shutting the HddsDatanodes
2019-09-19 10:40:45,175 [main] INFO  datanode.ObjectStoreHandler (ObjectStoreHandler.java:close(155)) - Closing ObjectStoreHandler.
2019-09-19 10:40:45,176 [ForkJoinPool.commonPool-worker-0] INFO  datanode.ObjectStoreHandler (ObjectStoreHandler.java:close(155)) - Closing ObjectStoreHandler.
2019-09-19 10:40:45,176 [ForkJoinPool.commonPool-worker-0] INFO  ozone.HddsDatanodeService (HddsDatanodeService.java:stop(451)) - Stopped plug-in org.apache.hadoop.ozone.web.OzoneHddsDatanodeService@64f2b1b4
2019-09-19 10:40:45,176 [main] INFO  ozone.HddsDatanodeService (HddsDatanodeService.java:stop(451)) - Stopped plug-in org.apache.hadoop.ozone.web.OzoneHddsDatanodeService@3b28ab9b
2019-09-19 10:40:45,298 [Datanode State Machine Thread - 0] INFO  statemachine.DatanodeStateMachine (DatanodeStateMachine.java:lambda$startDaemon$0(350)) - Ozone container server started.
2019-09-19 10:40:45,565 [Datanode State Machine Thread - 0] INFO  statemachine.DatanodeStateMachine (DatanodeStateMachine.java:lambda$startDaemon$0(350)) - Ozone container server started.
2019-09-19 10:40:45,776 | INFO  | SCMAudit | user=jenkins1000 | ip=192.168.157.204 | op=SEND_HEARTBEAT {datanodeUUID=9446dbb8-be1e-4927-9a10-06bfbd259176, command=[]} | ret=SUCCESS |  
2019-09-19 10:40:46,309 [Thread-1471] INFO  container.ReplicationManager (ReplicationManager.java:start(151)) - Starting Replication Monitor Thread.
2019-09-19 10:40:46,312 [ReplicationMonitor] INFO  container.ReplicationManager (ReplicationManager.java:run(214)) - Replication Monitor Thread took 0 milliseconds for processing 0 containers.
2019-09-19 10:40:46,776 | INFO  | SCMAudit | user=jenkins1000 | ip=192.168.157.204 | op=SEND_HEARTBEAT {datanodeUUID=9446dbb8-be1e-4927-9a10-06bfbd259176, command=[]} | ret=SUCCESS |  
2019-09-19 10:40:47,776 | INFO  | SCMAudit | user=jenkins1000 | ip=192.168.157.204 | op=SEND_HEARTBEAT {datanodeUUID=9446dbb8-be1e-4927-9a10-06bfbd259176, command=[]} | ret=SUCCESS |  
2019-09-19 10:40:48,776 | INFO  | SCMAudit | user=jenkins1000 | ip=192.168.157.204 | op=SEND_HEARTBEAT {datanodeUUID=9446dbb8-be1e-4927-9a10-06bfbd259176, command=[]} | ret=SUCCESS |  
2019-09-19 10:40:49,222 [Thread-1482] INFO  impl.FollowerState (FollowerState.java:run(106)) - dc5e8d18-35dc-4ab2-b60d-1575c8ae4539:group-F30A7A3ACD8D changes to CANDIDATE, lastRpcTime:5064, electionTimeout:5064ms
2019-09-19 10:40:49,222 [Thread-1482] INFO  impl.RoleInfo (RoleInfo.java:shutdownFollowerState(121)) - dc5e8d18-35dc-4ab2-b60d-1575c8ae4539: shutdown FollowerState
2019-09-19 10:40:49,223 [Thread-1482] INFO  impl.RaftServerImpl (RaftServerImpl.java:setRole(171)) - dc5e8d18-35dc-4ab2-b60d-1575c8ae4539:group-F30A7A3ACD8D changes role from FOLLOWER to CANDIDATE at term 0 for changeToCandidate
2019-09-19 10:40:49,223 [Thread-1482] INFO  impl.RoleInfo (RoleInfo.java:updateAndGet(143)) - dc5e8d18-35dc-4ab2-b60d-1575c8ae4539: start LeaderElection
2019-09-19 10:40:49,232 [Thread-1476] INFO  impl.FollowerState (FollowerState.java:run(106)) - dc5e8d18-35dc-4ab2-b60d-1575c8ae4539:group-B39883309508 changes to CANDIDATE, lastRpcTime:5188, electionTimeout:5188ms
2019-09-19 10:40:49,232 [Thread-1476] INFO  impl.RoleInfo (RoleInfo.java:shutdownFollowerState(121)) - dc5e8d18-35dc-4ab2-b60d-1575c8ae4539: shutdown FollowerState
2019-09-19 10:40:49,233 [Thread-1476] INFO  impl.RaftServerImpl (RaftServerImpl.java:setRole(171)) - dc5e8d18-35dc-4ab2-b60d-1575c8ae4539:group-B39883309508 changes role from FOLLOWER to CANDIDATE at term 0 for changeToCandidate
2019-09-19 10:40:49,233 [Thread-1476] INFO  impl.RoleInfo (RoleInfo.java:updateAndGet(143)) - dc5e8d18-35dc-4ab2-b60d-1575c8ae4539: start LeaderElection
2019-09-19 10:40:49,257 [Thread-1479] INFO  impl.FollowerState (FollowerState.java:run(106)) - dc5e8d18-35dc-4ab2-b60d-1575c8ae4539:group-0327D50E3DC5 changes to CANDIDATE, lastRpcTime:5156, electionTimeout:5156ms
2019-09-19 10:40:49,257 [Thread-1479] INFO  impl.RoleInfo (RoleInfo.java:shutdownFollowerState(121)) - dc5e8d18-35dc-4ab2-b60d-1575c8ae4539: shutdown FollowerState
2019-09-19 10:40:49,257 [Thread-1479] INFO  impl.RaftServerImpl (RaftServerImpl.java:setRole(171)) - dc5e8d18-35dc-4ab2-b60d-1575c8ae4539:group-0327D50E3DC5 changes role from FOLLOWER to CANDIDATE at term 0 for changeToCandidate
2019-09-19 10:40:49,257 [Thread-1479] INFO  impl.RoleInfo (RoleInfo.java:updateAndGet(143)) - dc5e8d18-35dc-4ab2-b60d-1575c8ae4539: start LeaderElection
2019-09-19 10:40:49,283 [dc5e8d18-35dc-4ab2-b60d-1575c8ae4539:group-F30A7A3ACD8D:LeaderElection76] INFO  impl.LeaderElection (LeaderElection.java:askForVotes(181)) - dc5e8d18-35dc-4ab2-b60d-1575c8ae4539:group-F30A7A3ACD8D:LeaderElection76: begin an election at term 1 for -1: [dc5e8d18-35dc-4ab2-b60d-1575c8ae4539:192.168.157.204:40172], old=null
2019-09-19 10:40:49,283 [dc5e8d18-35dc-4ab2-b60d-1575c8ae4539:group-F30A7A3ACD8D:LeaderElection76] INFO  impl.RoleInfo (RoleInfo.java:shutdownLeaderElection(134)) - dc5e8d18-35dc-4ab2-b60d-1575c8ae4539: shutdown LeaderElection
2019-09-19 10:40:49,283 [dc5e8d18-35dc-4ab2-b60d-1575c8ae4539:group-F30A7A3ACD8D:LeaderElection76] INFO  impl.RaftServerImpl (RaftServerImpl.java:setRole(171)) - dc5e8d18-35dc-4ab2-b60d-1575c8ae4539:group-F30A7A3ACD8D changes role from CANDIDATE to LEADER at term 1 for changeToLeader
2019-09-19 10:40:49,283 [dc5e8d18-35dc-4ab2-b60d-1575c8ae4539:group-F30A7A3ACD8D:LeaderElection76] INFO  impl.RaftServerImpl (ServerState.java:setLeader(263)) - dc5e8d18-35dc-4ab2-b60d-1575c8ae4539:group-F30A7A3ACD8D change Leader from null to dc5e8d18-35dc-4ab2-b60d-1575c8ae4539 at term 1 for becomeLeader, leader elected after 5129ms
2019-09-19 10:40:49,285 [dc5e8d18-35dc-4ab2-b60d-1575c8ae4539:group-F30A7A3ACD8D:LeaderElection76] INFO  server.RaftServerConfigKeys (ConfUtils.java:logGet(43)) - raft.server.staging.catchup.gap = 1000 (default)
2019-09-19 10:40:49,285 [dc5e8d18-35dc-4ab2-b60d-1575c8ae4539:group-B39883309508:LeaderElection77] INFO  impl.LeaderElection (LeaderElection.java:askForVotes(181)) - dc5e8d18-35dc-4ab2-b60d-1575c8ae4539:group-B39883309508:LeaderElection77: begin an election at term 1 for -1: [dc5e8d18-35dc-4ab2-b60d-1575c8ae4539:192.168.157.204:40172], old=null
2019-09-19 10:40:49,286 [dc5e8d18-35dc-4ab2-b60d-1575c8ae4539:group-F30A7A3ACD8D:LeaderElection76] INFO  server.RaftServerConfigKeys (ConfUtils.java:logGet(43)) - raft.server.rpc.sleep.time = 25ms (default)
2019-09-19 10:40:49,285 [dc5e8d18-35dc-4ab2-b60d-1575c8ae4539:group-0327D50E3DC5:LeaderElection78] INFO  impl.LeaderElection (LeaderElection.java:askForVotes(181)) - dc5e8d18-35dc-4ab2-b60d-1575c8ae4539:group-0327D50E3DC5:LeaderElection78: begin an election at term 1 for -1: [dc5e8d18-35dc-4ab2-b60d-1575c8ae4539:192.168.157.204:40172], old=null
2019-09-19 10:40:49,286 [dc5e8d18-35dc-4ab2-b60d-1575c8ae4539:group-F30A7A3ACD8D:LeaderElection76] INFO  server.RaftServerConfigKeys (ConfUtils.java:logGet(43)) - raft.server.write.element-limit = 4096 (default)
2019-09-19 10:40:49,286 [dc5e8d18-35dc-4ab2-b60d-1575c8ae4539:group-B39883309508:LeaderElection77] INFO  impl.RoleInfo (RoleInfo.java:shutdownLeaderElection(134)) - dc5e8d18-35dc-4ab2-b60d-1575c8ae4539: shutdown LeaderElection
2019-09-19 10:40:49,286 [dc5e8d18-35dc-4ab2-b60d-1575c8ae4539:group-F30A7A3ACD8D:LeaderElection76] INFO  server.RaftServerConfigKeys (ConfUtils.java:logGet(43)) - raft.server.watch.timeout = 10s (default)
2019-09-19 10:40:49,286 [dc5e8d18-35dc-4ab2-b60d-1575c8ae4539:group-0327D50E3DC5:LeaderElection78] INFO  impl.RoleInfo (RoleInfo.java:shutdownLeaderElection(134)) - dc5e8d18-35dc-4ab2-b60d-1575c8ae4539: shutdown LeaderElection
2019-09-19 10:40:49,286 [dc5e8d18-35dc-4ab2-b60d-1575c8ae4539:group-F30A7A3ACD8D:LeaderElection76] INFO  server.RaftServerConfigKeys (ConfUtils.java:logGet(43)) - raft.server.watch.timeout.denomination = 1s (default)
2019-09-19 10:40:49,286 [dc5e8d18-35dc-4ab2-b60d-1575c8ae4539:group-B39883309508:LeaderElection77] INFO  impl.RaftServerImpl (RaftServerImpl.java:setRole(171)) - dc5e8d18-35dc-4ab2-b60d-1575c8ae4539:group-B39883309508 changes role from CANDIDATE to LEADER at term 1 for changeToLeader
2019-09-19 10:40:49,287 [dc5e8d18-35dc-4ab2-b60d-1575c8ae4539:group-F30A7A3ACD8D:LeaderElection76] INFO  server.RaftServerConfigKeys (ConfUtils.java:logGet(43)) - raft.server.watch.element-limit = 65536 (default)
2019-09-19 10:40:49,286 [dc5e8d18-35dc-4ab2-b60d-1575c8ae4539:group-0327D50E3DC5:LeaderElection78] INFO  impl.RaftServerImpl (RaftServerImpl.java:setRole(171)) - dc5e8d18-35dc-4ab2-b60d-1575c8ae4539:group-0327D50E3DC5 changes role from CANDIDATE to LEADER at term 1 for changeToLeader
2019-09-19 10:40:49,287 [dc5e8d18-35dc-4ab2-b60d-1575c8ae4539:group-B39883309508:LeaderElection77] INFO  impl.RaftServerImpl (ServerState.java:setLeader(263)) - dc5e8d18-35dc-4ab2-b60d-1575c8ae4539:group-B39883309508 change Leader from null to dc5e8d18-35dc-4ab2-b60d-1575c8ae4539 at term 1 for becomeLeader, leader elected after 5246ms
2019-09-19 10:40:49,287 [dc5e8d18-35dc-4ab2-b60d-1575c8ae4539:group-0327D50E3DC5:LeaderElection78] INFO  impl.RaftServerImpl (ServerState.java:setLeader(263)) - dc5e8d18-35dc-4ab2-b60d-1575c8ae4539:group-0327D50E3DC5 change Leader from null to dc5e8d18-35dc-4ab2-b60d-1575c8ae4539 at term 1 for becomeLeader, leader elected after 5189ms
2019-09-19 10:40:49,287 [dc5e8d18-35dc-4ab2-b60d-1575c8ae4539:group-F30A7A3ACD8D:LeaderElection76] INFO  impl.RoleInfo (RoleInfo.java:updateAndGet(143)) - dc5e8d18-35dc-4ab2-b60d-1575c8ae4539: start LeaderState
2019-09-19 10:40:49,287 [dc5e8d18-35dc-4ab2-b60d-1575c8ae4539:group-0327D50E3DC5:LeaderElection78] INFO  server.RaftServerConfigKeys (ConfUtils.java:logGet(43)) - raft.server.staging.catchup.gap = 1000 (default)
2019-09-19 10:40:49,287 [dc5e8d18-35dc-4ab2-b60d-1575c8ae4539:group-B39883309508:LeaderElection77] INFO  server.RaftServerConfigKeys (ConfUtils.java:logGet(43)) - raft.server.staging.catchup.gap = 1000 (default)
2019-09-19 10:40:49,287 [dc5e8d18-35dc-4ab2-b60d-1575c8ae4539:group-F30A7A3ACD8D:LeaderElection76] INFO  segmented.SegmentedRaftLogWorker (SegmentedRaftLogWorker.java:startLogSegment(380)) - dc5e8d18-35dc-4ab2-b60d-1575c8ae4539-SegmentedRaftLogWorker:Storage Directory /workdir/hadoop-ozone/ozonefs/target/test-dir/MiniOzoneClusterImpl-95adb35c-95a9-4d64-bfad-30ad63d9b33a/datanode-0/data/ratis/a4677982-0f86-4a5c-ba09-f30a7a3acd8d: Starting segment from index:0
2019-09-19 10:40:49,287 [dc5e8d18-35dc-4ab2-b60d-1575c8ae4539:group-0327D50E3DC5:LeaderElection78] INFO  server.RaftServerConfigKeys (ConfUtils.java:logGet(43)) - raft.server.rpc.sleep.time = 25ms (default)
2019-09-19 10:40:49,287 [dc5e8d18-35dc-4ab2-b60d-1575c8ae4539:group-B39883309508:LeaderElection77] INFO  server.RaftServerConfigKeys (ConfUtils.java:logGet(43)) - raft.server.rpc.sleep.time = 25ms (default)
2019-09-19 10:40:49,288 [dc5e8d18-35dc-4ab2-b60d-1575c8ae4539:group-0327D50E3DC5:LeaderElection78] INFO  server.RaftServerConfigKeys (ConfUtils.java:logGet(43)) - raft.server.write.element-limit = 4096 (default)
2019-09-19 10:40:49,288 [dc5e8d18-35dc-4ab2-b60d-1575c8ae4539:group-B39883309508:LeaderElection77] INFO  server.RaftServerConfigKeys (ConfUtils.java:logGet(43)) - raft.server.write.element-limit = 4096 (default)
2019-09-19 10:40:49,288 [dc5e8d18-35dc-4ab2-b60d-1575c8ae4539:group-F30A7A3ACD8D:LeaderElection76] INFO  impl.RaftServerImpl (ServerState.java:setRaftConf(361)) - dc5e8d18-35dc-4ab2-b60d-1575c8ae4539:group-F30A7A3ACD8D set configuration 0: [dc5e8d18-35dc-4ab2-b60d-1575c8ae4539:192.168.157.204:40172], old=null at 0
2019-09-19 10:40:49,288 [dc5e8d18-35dc-4ab2-b60d-1575c8ae4539:group-0327D50E3DC5:LeaderElection78] INFO  server.RaftServerConfigKeys (ConfUtils.java:logGet(43)) - raft.server.watch.timeout = 10s (default)
2019-09-19 10:40:49,288 [dc5e8d18-35dc-4ab2-b60d-1575c8ae4539:group-B39883309508:LeaderElection77] INFO  server.RaftServerConfigKeys (ConfUtils.java:logGet(43)) - raft.server.watch.timeout = 10s (default)
2019-09-19 10:40:49,289 [dc5e8d18-35dc-4ab2-b60d-1575c8ae4539:group-0327D50E3DC5:LeaderElection78] INFO  server.RaftServerConfigKeys (ConfUtils.java:logGet(43)) - raft.server.watch.timeout.denomination = 1s (default)
2019-09-19 10:40:49,289 [dc5e8d18-35dc-4ab2-b60d-1575c8ae4539:group-B39883309508:LeaderElection77] INFO  server.RaftServerConfigKeys (ConfUtils.java:logGet(43)) - raft.server.watch.timeout.denomination = 1s (default)
2019-09-19 10:40:49,289 [dc5e8d18-35dc-4ab2-b60d-1575c8ae4539:group-0327D50E3DC5:LeaderElection78] INFO  server.RaftServerConfigKeys (ConfUtils.java:logGet(43)) - raft.server.watch.element-limit = 65536 (default)
2019-09-19 10:40:49,289 [dc5e8d18-35dc-4ab2-b60d-1575c8ae4539:group-B39883309508:LeaderElection77] INFO  server.RaftServerConfigKeys (ConfUtils.java:logGet(43)) - raft.server.watch.element-limit = 65536 (default)
2019-09-19 10:40:49,289 [dc5e8d18-35dc-4ab2-b60d-1575c8ae4539:group-0327D50E3DC5:LeaderElection78] INFO  impl.RoleInfo (RoleInfo.java:updateAndGet(143)) - dc5e8d18-35dc-4ab2-b60d-1575c8ae4539: start LeaderState
2019-09-19 10:40:49,289 [dc5e8d18-35dc-4ab2-b60d-1575c8ae4539:group-B39883309508:LeaderElection77] INFO  impl.RoleInfo (RoleInfo.java:updateAndGet(143)) - dc5e8d18-35dc-4ab2-b60d-1575c8ae4539: start LeaderState
2019-09-19 10:40:49,289 [dc5e8d18-35dc-4ab2-b60d-1575c8ae4539:group-0327D50E3DC5:LeaderElection78] INFO  segmented.SegmentedRaftLogWorker (SegmentedRaftLogWorker.java:startLogSegment(380)) - dc5e8d18-35dc-4ab2-b60d-1575c8ae4539-SegmentedRaftLogWorker:Storage Directory /workdir/hadoop-ozone/ozonefs/target/test-dir/MiniOzoneClusterImpl-95adb35c-95a9-4d64-bfad-30ad63d9b33a/datanode-0/data/ratis/4e0c8740-6325-45ad-bb6d-0327d50e3dc5: Starting segment from index:0
2019-09-19 10:40:49,289 [dc5e8d18-35dc-4ab2-b60d-1575c8ae4539:group-B39883309508:LeaderElection77] INFO  segmented.SegmentedRaftLogWorker (SegmentedRaftLogWorker.java:startLogSegment(380)) - dc5e8d18-35dc-4ab2-b60d-1575c8ae4539-SegmentedRaftLogWorker:Storage Directory /workdir/hadoop-ozone/ozonefs/target/test-dir/MiniOzoneClusterImpl-95adb35c-95a9-4d64-bfad-30ad63d9b33a/datanode-0/data/ratis/38c4dbee-bde8-4f73-890e-b39883309508: Starting segment from index:0
2019-09-19 10:40:49,290 [dc5e8d18-35dc-4ab2-b60d-1575c8ae4539:group-0327D50E3DC5:LeaderElection78] INFO  impl.RaftServerImpl (ServerState.java:setRaftConf(361)) - dc5e8d18-35dc-4ab2-b60d-1575c8ae4539:group-0327D50E3DC5 set configuration 0: [dc5e8d18-35dc-4ab2-b60d-1575c8ae4539:192.168.157.204:40172], old=null at 0
2019-09-19 10:40:49,290 [dc5e8d18-35dc-4ab2-b60d-1575c8ae4539:group-B39883309508:LeaderElection77] INFO  impl.RaftServerImpl (ServerState.java:setRaftConf(361)) - dc5e8d18-35dc-4ab2-b60d-1575c8ae4539:group-B39883309508 set configuration 0: [dc5e8d18-35dc-4ab2-b60d-1575c8ae4539:192.168.157.204:40172], old=null at 0
2019-09-19 10:40:49,332 [Thread-1485] INFO  impl.FollowerState (FollowerState.java:run(106)) - dc5e8d18-35dc-4ab2-b60d-1575c8ae4539:group-21745F9D0FA5 changes to CANDIDATE, lastRpcTime:5129, electionTimeout:5125ms
2019-09-19 10:40:49,332 [Thread-1485] INFO  impl.RoleInfo (RoleInfo.java:shutdownFollowerState(121)) - dc5e8d18-35dc-4ab2-b60d-1575c8ae4539: shutdown FollowerState
2019-09-19 10:40:49,332 [Thread-1485] INFO  impl.RaftServerImpl (RaftServerImpl.java:setRole(171)) - dc5e8d18-35dc-4ab2-b60d-1575c8ae4539:group-21745F9D0FA5 changes role from FOLLOWER to CANDIDATE at term 0 for changeToCandidate
2019-09-19 10:40:49,332 [Thread-1485] INFO  impl.RoleInfo (RoleInfo.java:updateAndGet(143)) - dc5e8d18-35dc-4ab2-b60d-1575c8ae4539: start LeaderElection
2019-09-19 10:40:49,345 [dc5e8d18-35dc-4ab2-b60d-1575c8ae4539-SegmentedRaftLogWorker:Storage Directory /workdir/hadoop-ozone/ozonefs/target/test-dir/MiniOzoneClusterImpl-95adb35c-95a9-4d64-bfad-30ad63d9b33a/datanode-0/data/ratis/a4677982-0f86-4a5c-ba09-f30a7a3acd8d] INFO  segmented.SegmentedRaftLogWorker (SegmentedRaftLogWorker.java:execute(569)) - dc5e8d18-35dc-4ab2-b60d-1575c8ae4539-SegmentedRaftLogWorker:Storage Directory /workdir/hadoop-ozone/ozonefs/target/test-dir/MiniOzoneClusterImpl-95adb35c-95a9-4d64-bfad-30ad63d9b33a/datanode-0/data/ratis/a4677982-0f86-4a5c-ba09-f30a7a3acd8d: created new log segment /workdir/hadoop-ozone/ozonefs/target/test-dir/MiniOzoneClusterImpl-95adb35c-95a9-4d64-bfad-30ad63d9b33a/datanode-0/data/ratis/a4677982-0f86-4a5c-ba09-f30a7a3acd8d/current/log_inprogress_0
2019-09-19 10:40:49,345 [dc5e8d18-35dc-4ab2-b60d-1575c8ae4539-SegmentedRaftLogWorker:Storage Directory /workdir/hadoop-ozone/ozonefs/target/test-dir/MiniOzoneClusterImpl-95adb35c-95a9-4d64-bfad-30ad63d9b33a/datanode-0/data/ratis/4e0c8740-6325-45ad-bb6d-0327d50e3dc5] INFO  segmented.SegmentedRaftLogWorker (SegmentedRaftLogWorker.java:execute(569)) - dc5e8d18-35dc-4ab2-b60d-1575c8ae4539-SegmentedRaftLogWorker:Storage Directory /workdir/hadoop-ozone/ozonefs/target/test-dir/MiniOzoneClusterImpl-95adb35c-95a9-4d64-bfad-30ad63d9b33a/datanode-0/data/ratis/4e0c8740-6325-45ad-bb6d-0327d50e3dc5: created new log segment /workdir/hadoop-ozone/ozonefs/target/test-dir/MiniOzoneClusterImpl-95adb35c-95a9-4d64-bfad-30ad63d9b33a/datanode-0/data/ratis/4e0c8740-6325-45ad-bb6d-0327d50e3dc5/current/log_inprogress_0
2019-09-19 10:40:49,346 [dc5e8d18-35dc-4ab2-b60d-1575c8ae4539:group-21745F9D0FA5:LeaderElection79] INFO  impl.LeaderElection (LeaderElection.java:askForVotes(181)) - dc5e8d18-35dc-4ab2-b60d-1575c8ae4539:group-21745F9D0FA5:LeaderElection79: begin an election at term 1 for -1: [dc5e8d18-35dc-4ab2-b60d-1575c8ae4539:192.168.157.204:40172], old=null
2019-09-19 10:40:49,346 [dc5e8d18-35dc-4ab2-b60d-1575c8ae4539-SegmentedRaftLogWorker:Storage Directory /workdir/hadoop-ozone/ozonefs/target/test-dir/MiniOzoneClusterImpl-95adb35c-95a9-4d64-bfad-30ad63d9b33a/datanode-0/data/ratis/38c4dbee-bde8-4f73-890e-b39883309508] INFO  segmented.SegmentedRaftLogWorker (SegmentedRaftLogWorker.java:execute(569)) - dc5e8d18-35dc-4ab2-b60d-1575c8ae4539-SegmentedRaftLogWorker:Storage Directory /workdir/hadoop-ozone/ozonefs/target/test-dir/MiniOzoneClusterImpl-95adb35c-95a9-4d64-bfad-30ad63d9b33a/datanode-0/data/ratis/38c4dbee-bde8-4f73-890e-b39883309508: created new log segment /workdir/hadoop-ozone/ozonefs/target/test-dir/MiniOzoneClusterImpl-95adb35c-95a9-4d64-bfad-30ad63d9b33a/datanode-0/data/ratis/38c4dbee-bde8-4f73-890e-b39883309508/current/log_inprogress_0
2019-09-19 10:40:49,346 [dc5e8d18-35dc-4ab2-b60d-1575c8ae4539:group-21745F9D0FA5:LeaderElection79] INFO  impl.RoleInfo (RoleInfo.java:shutdownLeaderElection(134)) - dc5e8d18-35dc-4ab2-b60d-1575c8ae4539: shutdown LeaderElection
2019-09-19 10:40:49,346 [dc5e8d18-35dc-4ab2-b60d-1575c8ae4539:group-21745F9D0FA5:LeaderElection79] INFO  impl.RaftServerImpl (RaftServerImpl.java:setRole(171)) - dc5e8d18-35dc-4ab2-b60d-1575c8ae4539:group-21745F9D0FA5 changes role from CANDIDATE to LEADER at term 1 for changeToLeader
2019-09-19 10:40:49,346 [dc5e8d18-35dc-4ab2-b60d-1575c8ae4539:group-21745F9D0FA5:LeaderElection79] INFO  impl.RaftServerImpl (ServerState.java:setLeader(263)) - dc5e8d18-35dc-4ab2-b60d-1575c8ae4539:group-21745F9D0FA5 change Leader from null to dc5e8d18-35dc-4ab2-b60d-1575c8ae4539 at term 1 for becomeLeader, leader elected after 5147ms
2019-09-19 10:40:49,346 [dc5e8d18-35dc-4ab2-b60d-1575c8ae4539:group-21745F9D0FA5:LeaderElection79] INFO  server.RaftServerConfigKeys (ConfUtils.java:logGet(43)) - raft.server.staging.catchup.gap = 1000 (default)
2019-09-19 10:40:49,347 [dc5e8d18-35dc-4ab2-b60d-1575c8ae4539:group-21745F9D0FA5:LeaderElection79] INFO  server.RaftServerConfigKeys (ConfUtils.java:logGet(43)) - raft.server.rpc.sleep.time = 25ms (default)
2019-09-19 10:40:49,347 [dc5e8d18-35dc-4ab2-b60d-1575c8ae4539:group-21745F9D0FA5:LeaderElection79] INFO  server.RaftServerConfigKeys (ConfUtils.java:logGet(43)) - raft.server.write.element-limit = 4096 (default)
2019-09-19 10:40:49,347 [dc5e8d18-35dc-4ab2-b60d-1575c8ae4539:group-21745F9D0FA5:LeaderElection79] INFO  server.RaftServerConfigKeys (ConfUtils.java:logGet(43)) - raft.server.watch.timeout = 10s (default)
2019-09-19 10:40:49,347 [dc5e8d18-35dc-4ab2-b60d-1575c8ae4539:group-21745F9D0FA5:LeaderElection79] INFO  server.RaftServerConfigKeys (ConfUtils.java:logGet(43)) - raft.server.watch.timeout.denomination = 1s (default)
2019-09-19 10:40:49,347 [dc5e8d18-35dc-4ab2-b60d-1575c8ae4539:group-21745F9D0FA5:LeaderElection79] INFO  server.RaftServerConfigKeys (ConfUtils.java:logGet(43)) - raft.server.watch.element-limit = 65536 (default)
2019-09-19 10:40:49,347 [dc5e8d18-35dc-4ab2-b60d-1575c8ae4539:group-21745F9D0FA5:LeaderElection79] INFO  impl.RoleInfo (RoleInfo.java:updateAndGet(143)) - dc5e8d18-35dc-4ab2-b60d-1575c8ae4539: start LeaderState
2019-09-19 10:40:49,348 [dc5e8d18-35dc-4ab2-b60d-1575c8ae4539:group-21745F9D0FA5:LeaderElection79] INFO  segmented.SegmentedRaftLogWorker (SegmentedRaftLogWorker.java:startLogSegment(380)) - dc5e8d18-35dc-4ab2-b60d-1575c8ae4539-SegmentedRaftLogWorker:Storage Directory /workdir/hadoop-ozone/ozonefs/target/test-dir/MiniOzoneClusterImpl-95adb35c-95a9-4d64-bfad-30ad63d9b33a/datanode-0/data/ratis/499e30ee-f890-47ac-aa8b-21745f9d0fa5: Starting segment from index:0
2019-09-19 10:40:49,348 [dc5e8d18-35dc-4ab2-b60d-1575c8ae4539:group-21745F9D0FA5:LeaderElection79] INFO  impl.RaftServerImpl (ServerState.java:setRaftConf(361)) - dc5e8d18-35dc-4ab2-b60d-1575c8ae4539:group-21745F9D0FA5 set configuration 0: [dc5e8d18-35dc-4ab2-b60d-1575c8ae4539:192.168.157.204:40172], old=null at 0
2019-09-19 10:40:49,388 [dc5e8d18-35dc-4ab2-b60d-1575c8ae4539-SegmentedRaftLogWorker:Storage Directory /workdir/hadoop-ozone/ozonefs/target/test-dir/MiniOzoneClusterImpl-95adb35c-95a9-4d64-bfad-30ad63d9b33a/datanode-0/data/ratis/499e30ee-f890-47ac-aa8b-21745f9d0fa5] INFO  segmented.SegmentedRaftLogWorker (SegmentedRaftLogWorker.java:execute(569)) - dc5e8d18-35dc-4ab2-b60d-1575c8ae4539-SegmentedRaftLogWorker:Storage Directory /workdir/hadoop-ozone/ozonefs/target/test-dir/MiniOzoneClusterImpl-95adb35c-95a9-4d64-bfad-30ad63d9b33a/datanode-0/data/ratis/499e30ee-f890-47ac-aa8b-21745f9d0fa5: created new log segment /workdir/hadoop-ozone/ozonefs/target/test-dir/MiniOzoneClusterImpl-95adb35c-95a9-4d64-bfad-30ad63d9b33a/datanode-0/data/ratis/499e30ee-f890-47ac-aa8b-21745f9d0fa5/current/log_inprogress_0
2019-09-19 10:40:49,454 [Thread-1488] INFO  impl.FollowerState (FollowerState.java:run(106)) - 9446dbb8-be1e-4927-9a10-06bfbd259176:group-CA249123B544 changes to CANDIDATE, lastRpcTime:5183, electionTimeout:5183ms
2019-09-19 10:40:49,454 [Thread-1488] INFO  impl.RoleInfo (RoleInfo.java:shutdownFollowerState(121)) - 9446dbb8-be1e-4927-9a10-06bfbd259176: shutdown FollowerState
2019-09-19 10:40:49,455 [Thread-1488] INFO  impl.RaftServerImpl (RaftServerImpl.java:setRole(171)) - 9446dbb8-be1e-4927-9a10-06bfbd259176:group-CA249123B544 changes role from FOLLOWER to CANDIDATE at term 0 for changeToCandidate
2019-09-19 10:40:49,455 [Thread-1488] INFO  impl.RoleInfo (RoleInfo.java:updateAndGet(143)) - 9446dbb8-be1e-4927-9a10-06bfbd259176: start LeaderElection
2019-09-19 10:40:49,462 [Thread-1494] INFO  impl.FollowerState (FollowerState.java:run(106)) - dc5e8d18-35dc-4ab2-b60d-1575c8ae4539:group-801F016A1DB3 changes to CANDIDATE, lastRpcTime:5096, electionTimeout:5096ms
2019-09-19 10:40:49,462 [Thread-1494] INFO  impl.RoleInfo (RoleInfo.java:shutdownFollowerState(121)) - dc5e8d18-35dc-4ab2-b60d-1575c8ae4539: shutdown FollowerState
2019-09-19 10:40:49,462 [Thread-1494] INFO  impl.RaftServerImpl (RaftServerImpl.java:setRole(171)) - dc5e8d18-35dc-4ab2-b60d-1575c8ae4539:group-801F016A1DB3 changes role from FOLLOWER to CANDIDATE at term 0 for changeToCandidate
2019-09-19 10:40:49,462 [Thread-1494] INFO  impl.RoleInfo (RoleInfo.java:updateAndGet(143)) - dc5e8d18-35dc-4ab2-b60d-1575c8ae4539: start LeaderElection
2019-09-19 10:40:49,471 [dc5e8d18-35dc-4ab2-b60d-1575c8ae4539:group-801F016A1DB3:LeaderElection81] INFO  impl.LeaderElection (LeaderElection.java:askForVotes(181)) - dc5e8d18-35dc-4ab2-b60d-1575c8ae4539:group-801F016A1DB3:LeaderElection81: begin an election at term 1 for -1: [dc5e8d18-35dc-4ab2-b60d-1575c8ae4539:192.168.157.204:40172], old=null
2019-09-19 10:40:49,471 [9446dbb8-be1e-4927-9a10-06bfbd259176:group-CA249123B544:LeaderElection80] INFO  impl.LeaderElection (LeaderElection.java:askForVotes(181)) - 9446dbb8-be1e-4927-9a10-06bfbd259176:group-CA249123B544:LeaderElection80: begin an election at term 1 for -1: [9446dbb8-be1e-4927-9a10-06bfbd259176:192.168.157.204:38286], old=null
2019-09-19 10:40:49,471 [dc5e8d18-35dc-4ab2-b60d-1575c8ae4539:group-801F016A1DB3:LeaderElection81] INFO  impl.RoleInfo (RoleInfo.java:shutdownLeaderElection(134)) - dc5e8d18-35dc-4ab2-b60d-1575c8ae4539: shutdown LeaderElection
2019-09-19 10:40:49,471 [9446dbb8-be1e-4927-9a10-06bfbd259176:group-CA249123B544:LeaderElection80] INFO  impl.RoleInfo (RoleInfo.java:shutdownLeaderElection(134)) - 9446dbb8-be1e-4927-9a10-06bfbd259176: shutdown LeaderElection
2019-09-19 10:40:49,472 [dc5e8d18-35dc-4ab2-b60d-1575c8ae4539:group-801F016A1DB3:LeaderElection81] INFO  impl.RaftServerImpl (RaftServerImpl.java:setRole(171)) - dc5e8d18-35dc-4ab2-b60d-1575c8ae4539:group-801F016A1DB3 changes role from CANDIDATE to LEADER at term 1 for changeToLeader
2019-09-19 10:40:49,472 [9446dbb8-be1e-4927-9a10-06bfbd259176:group-CA249123B544:LeaderElection80] INFO  impl.RaftServerImpl (RaftServerImpl.java:setRole(171)) - 9446dbb8-be1e-4927-9a10-06bfbd259176:group-CA249123B544 changes role from CANDIDATE to LEADER at term 1 for changeToLeader
2019-09-19 10:40:49,472 [dc5e8d18-35dc-4ab2-b60d-1575c8ae4539:group-801F016A1DB3:LeaderElection81] INFO  impl.RaftServerImpl (ServerState.java:setLeader(263)) - dc5e8d18-35dc-4ab2-b60d-1575c8ae4539:group-801F016A1DB3 change Leader from null to dc5e8d18-35dc-4ab2-b60d-1575c8ae4539 at term 1 for becomeLeader, leader elected after 5110ms
2019-09-19 10:40:49,472 [9446dbb8-be1e-4927-9a10-06bfbd259176:group-CA249123B544:LeaderElection80] INFO  impl.RaftServerImpl (ServerState.java:setLeader(263)) - 9446dbb8-be1e-4927-9a10-06bfbd259176:group-CA249123B544 change Leader from null to 9446dbb8-be1e-4927-9a10-06bfbd259176 at term 1 for becomeLeader, leader elected after 5205ms
2019-09-19 10:40:49,472 [dc5e8d18-35dc-4ab2-b60d-1575c8ae4539:group-801F016A1DB3:LeaderElection81] INFO  server.RaftServerConfigKeys (ConfUtils.java:logGet(43)) - raft.server.staging.catchup.gap = 1000 (default)
2019-09-19 10:40:49,472 [9446dbb8-be1e-4927-9a10-06bfbd259176:group-CA249123B544:LeaderElection80] INFO  server.RaftServerConfigKeys (ConfUtils.java:logGet(43)) - raft.server.staging.catchup.gap = 1000 (default)
2019-09-19 10:40:49,472 [dc5e8d18-35dc-4ab2-b60d-1575c8ae4539:group-801F016A1DB3:LeaderElection81] INFO  server.RaftServerConfigKeys (ConfUtils.java:logGet(43)) - raft.server.rpc.sleep.time = 25ms (default)
2019-09-19 10:40:49,473 [9446dbb8-be1e-4927-9a10-06bfbd259176:group-CA249123B544:LeaderElection80] INFO  server.RaftServerConfigKeys (ConfUtils.java:logGet(43)) - raft.server.rpc.sleep.time = 25ms (default)
2019-09-19 10:40:49,473 [dc5e8d18-35dc-4ab2-b60d-1575c8ae4539:group-801F016A1DB3:LeaderElection81] INFO  server.RaftServerConfigKeys (ConfUtils.java:logGet(43)) - raft.server.write.element-limit = 4096 (default)
2019-09-19 10:40:49,473 [9446dbb8-be1e-4927-9a10-06bfbd259176:group-CA249123B544:LeaderElection80] INFO  server.RaftServerConfigKeys (ConfUtils.java:logGet(43)) - raft.server.write.element-limit = 4096 (default)
2019-09-19 10:40:49,473 [dc5e8d18-35dc-4ab2-b60d-1575c8ae4539:group-801F016A1DB3:LeaderElection81] INFO  server.RaftServerConfigKeys (ConfUtils.java:logGet(43)) - raft.server.watch.timeout = 10s (default)
2019-09-19 10:40:49,473 [9446dbb8-be1e-4927-9a10-06bfbd259176:group-CA249123B544:LeaderElection80] INFO  server.RaftServerConfigKeys (ConfUtils.java:logGet(43)) - raft.server.watch.timeout = 10s (default)
2019-09-19 10:40:49,473 [dc5e8d18-35dc-4ab2-b60d-1575c8ae4539:group-801F016A1DB3:LeaderElection81] INFO  server.RaftServerConfigKeys (ConfUtils.java:logGet(43)) - raft.server.watch.timeout.denomination = 1s (default)
2019-09-19 10:40:49,473 [9446dbb8-be1e-4927-9a10-06bfbd259176:group-CA249123B544:LeaderElection80] INFO  server.RaftServerConfigKeys (ConfUtils.java:logGet(43)) - raft.server.watch.timeout.denomination = 1s (default)
2019-09-19 10:40:49,474 [dc5e8d18-35dc-4ab2-b60d-1575c8ae4539:group-801F016A1DB3:LeaderElection81] INFO  server.RaftServerConfigKeys (ConfUtils.java:logGet(43)) - raft.server.watch.element-limit = 65536 (default)
2019-09-19 10:40:49,474 [9446dbb8-be1e-4927-9a10-06bfbd259176:group-CA249123B544:LeaderElection80] INFO  server.RaftServerConfigKeys (ConfUtils.java:logGet(43)) - raft.server.watch.element-limit = 65536 (default)
2019-09-19 10:40:49,474 [dc5e8d18-35dc-4ab2-b60d-1575c8ae4539:group-801F016A1DB3:LeaderElection81] INFO  impl.RoleInfo (RoleInfo.java:updateAndGet(143)) - dc5e8d18-35dc-4ab2-b60d-1575c8ae4539: start LeaderState
2019-09-19 10:40:49,474 [9446dbb8-be1e-4927-9a10-06bfbd259176:group-CA249123B544:LeaderElection80] INFO  impl.RoleInfo (RoleInfo.java:updateAndGet(143)) - 9446dbb8-be1e-4927-9a10-06bfbd259176: start LeaderState
2019-09-19 10:40:49,474 [dc5e8d18-35dc-4ab2-b60d-1575c8ae4539:group-801F016A1DB3:LeaderElection81] INFO  segmented.SegmentedRaftLogWorker (SegmentedRaftLogWorker.java:startLogSegment(380)) - dc5e8d18-35dc-4ab2-b60d-1575c8ae4539-SegmentedRaftLogWorker:Storage Directory /workdir/hadoop-ozone/ozonefs/target/test-dir/MiniOzoneClusterImpl-95adb35c-95a9-4d64-bfad-30ad63d9b33a/datanode-0/data/ratis/a891c599-ce7d-4765-a337-801f016a1db3: Starting segment from index:0
2019-09-19 10:40:49,474 [9446dbb8-be1e-4927-9a10-06bfbd259176:group-CA249123B544:LeaderElection80] INFO  segmented.SegmentedRaftLogWorker (SegmentedRaftLogWorker.java:startLogSegment(380)) - 9446dbb8-be1e-4927-9a10-06bfbd259176-SegmentedRaftLogWorker:Storage Directory /workdir/hadoop-ozone/ozonefs/target/test-dir/MiniOzoneClusterImpl-95adb35c-95a9-4d64-bfad-30ad63d9b33a/datanode-2/data/ratis/c73872f5-b550-49d0-9bb1-ca249123b544: Starting segment from index:0
2019-09-19 10:40:49,475 [dc5e8d18-35dc-4ab2-b60d-1575c8ae4539:group-801F016A1DB3:LeaderElection81] INFO  impl.RaftServerImpl (ServerState.java:setRaftConf(361)) - dc5e8d18-35dc-4ab2-b60d-1575c8ae4539:group-801F016A1DB3 set configuration 0: [dc5e8d18-35dc-4ab2-b60d-1575c8ae4539:192.168.157.204:40172], old=null at 0
2019-09-19 10:40:49,508 [Thread-1491] INFO  impl.FollowerState (FollowerState.java:run(106)) - 9446dbb8-be1e-4927-9a10-06bfbd259176:group-DFDF6F164C2B changes to CANDIDATE, lastRpcTime:5189, electionTimeout:5175ms
2019-09-19 10:40:49,508 [9446dbb8-be1e-4927-9a10-06bfbd259176:group-CA249123B544:LeaderElection80] INFO  impl.RaftServerImpl (ServerState.java:setRaftConf(361)) - 9446dbb8-be1e-4927-9a10-06bfbd259176:group-CA249123B544 set configuration 0: [9446dbb8-be1e-4927-9a10-06bfbd259176:192.168.157.204:38286], old=null at 0
2019-09-19 10:40:49,508 [Thread-1491] INFO  impl.RoleInfo (RoleInfo.java:shutdownFollowerState(121)) - 9446dbb8-be1e-4927-9a10-06bfbd259176: shutdown FollowerState
2019-09-19 10:40:49,510 [Thread-1491] INFO  impl.RaftServerImpl (RaftServerImpl.java:setRole(171)) - 9446dbb8-be1e-4927-9a10-06bfbd259176:group-DFDF6F164C2B changes role from FOLLOWER to CANDIDATE at term 0 for changeToCandidate
2019-09-19 10:40:49,510 [Thread-1491] INFO  impl.RoleInfo (RoleInfo.java:updateAndGet(143)) - 9446dbb8-be1e-4927-9a10-06bfbd259176: start LeaderElection
2019-09-19 10:40:49,515 [Thread-1497] INFO  impl.FollowerState (FollowerState.java:run(106)) - dc5e8d18-35dc-4ab2-b60d-1575c8ae4539:group-58CCA4D6402F changes to CANDIDATE, lastRpcTime:5103, electionTimeout:5103ms
2019-09-19 10:40:49,515 [Thread-1497] INFO  impl.RoleInfo (RoleInfo.java:shutdownFollowerState(121)) - dc5e8d18-35dc-4ab2-b60d-1575c8ae4539: shutdown FollowerState
2019-09-19 10:40:49,515 [Thread-1497] INFO  impl.RaftServerImpl (RaftServerImpl.java:setRole(171)) - dc5e8d18-35dc-4ab2-b60d-1575c8ae4539:group-58CCA4D6402F changes role from FOLLOWER to CANDIDATE at term 0 for changeToCandidate
2019-09-19 10:40:49,516 [Thread-1497] INFO  impl.RoleInfo (RoleInfo.java:updateAndGet(143)) - dc5e8d18-35dc-4ab2-b60d-1575c8ae4539: start LeaderElection
2019-09-19 10:40:49,521 [9446dbb8-be1e-4927-9a10-06bfbd259176-SegmentedRaftLogWorker:Storage Directory /workdir/hadoop-ozone/ozonefs/target/test-dir/MiniOzoneClusterImpl-95adb35c-95a9-4d64-bfad-30ad63d9b33a/datanode-2/data/ratis/c73872f5-b550-49d0-9bb1-ca249123b544] INFO  segmented.SegmentedRaftLogWorker (SegmentedRaftLogWorker.java:execute(569)) - 9446dbb8-be1e-4927-9a10-06bfbd259176-SegmentedRaftLogWorker:Storage Directory /workdir/hadoop-ozone/ozonefs/target/test-dir/MiniOzoneClusterImpl-95adb35c-95a9-4d64-bfad-30ad63d9b33a/datanode-2/data/ratis/c73872f5-b550-49d0-9bb1-ca249123b544: created new log segment /workdir/hadoop-ozone/ozonefs/target/test-dir/MiniOzoneClusterImpl-95adb35c-95a9-4d64-bfad-30ad63d9b33a/datanode-2/data/ratis/c73872f5-b550-49d0-9bb1-ca249123b544/current/log_inprogress_0
2019-09-19 10:40:49,522 [9446dbb8-be1e-4927-9a10-06bfbd259176:group-DFDF6F164C2B:LeaderElection82] INFO  impl.LeaderElection (LeaderElection.java:askForVotes(181)) - 9446dbb8-be1e-4927-9a10-06bfbd259176:group-DFDF6F164C2B:LeaderElection82: begin an election at term 1 for -1: [9446dbb8-be1e-4927-9a10-06bfbd259176:192.168.157.204:38286], old=null
2019-09-19 10:40:49,521 [dc5e8d18-35dc-4ab2-b60d-1575c8ae4539-SegmentedRaftLogWorker:Storage Directory /workdir/hadoop-ozone/ozonefs/target/test-dir/MiniOzoneClusterImpl-95adb35c-95a9-4d64-bfad-30ad63d9b33a/datanode-0/data/ratis/a891c599-ce7d-4765-a337-801f016a1db3] INFO  segmented.SegmentedRaftLogWorker (SegmentedRaftLogWorker.java:execute(569)) - dc5e8d18-35dc-4ab2-b60d-1575c8ae4539-SegmentedRaftLogWorker:Storage Directory /workdir/hadoop-ozone/ozonefs/target/test-dir/MiniOzoneClusterImpl-95adb35c-95a9-4d64-bfad-30ad63d9b33a/datanode-0/data/ratis/a891c599-ce7d-4765-a337-801f016a1db3: created new log segment /workdir/hadoop-ozone/ozonefs/target/test-dir/MiniOzoneClusterImpl-95adb35c-95a9-4d64-bfad-30ad63d9b33a/datanode-0/data/ratis/a891c599-ce7d-4765-a337-801f016a1db3/current/log_inprogress_0
2019-09-19 10:40:49,521 [dc5e8d18-35dc-4ab2-b60d-1575c8ae4539:group-58CCA4D6402F:LeaderElection83] INFO  impl.LeaderElection (LeaderElection.java:askForVotes(181)) - dc5e8d18-35dc-4ab2-b60d-1575c8ae4539:group-58CCA4D6402F:LeaderElection83: begin an election at term 1 for -1: [dc5e8d18-35dc-4ab2-b60d-1575c8ae4539:192.168.157.204:40172], old=null
2019-09-19 10:40:49,522 [9446dbb8-be1e-4927-9a10-06bfbd259176:group-DFDF6F164C2B:LeaderElection82] INFO  impl.RoleInfo (RoleInfo.java:shutdownLeaderElection(134)) - 9446dbb8-be1e-4927-9a10-06bfbd259176: shutdown LeaderElection
2019-09-19 10:40:49,522 [dc5e8d18-35dc-4ab2-b60d-1575c8ae4539:group-58CCA4D6402F:LeaderElection83] INFO  impl.RoleInfo (RoleInfo.java:shutdownLeaderElection(134)) - dc5e8d18-35dc-4ab2-b60d-1575c8ae4539: shutdown LeaderElection
2019-09-19 10:40:49,522 [9446dbb8-be1e-4927-9a10-06bfbd259176:group-DFDF6F164C2B:LeaderElection82] INFO  impl.RaftServerImpl (RaftServerImpl.java:setRole(171)) - 9446dbb8-be1e-4927-9a10-06bfbd259176:group-DFDF6F164C2B changes role from CANDIDATE to LEADER at term 1 for changeToLeader
2019-09-19 10:40:49,522 [dc5e8d18-35dc-4ab2-b60d-1575c8ae4539:group-58CCA4D6402F:LeaderElection83] INFO  impl.RaftServerImpl (RaftServerImpl.java:setRole(171)) - dc5e8d18-35dc-4ab2-b60d-1575c8ae4539:group-58CCA4D6402F changes role from CANDIDATE to LEADER at term 1 for changeToLeader
2019-09-19 10:40:49,522 [9446dbb8-be1e-4927-9a10-06bfbd259176:group-DFDF6F164C2B:LeaderElection82] INFO  impl.RaftServerImpl (ServerState.java:setLeader(263)) - 9446dbb8-be1e-4927-9a10-06bfbd259176:group-DFDF6F164C2B change Leader from null to 9446dbb8-be1e-4927-9a10-06bfbd259176 at term 1 for becomeLeader, leader elected after 5207ms
2019-09-19 10:40:49,522 [dc5e8d18-35dc-4ab2-b60d-1575c8ae4539:group-58CCA4D6402F:LeaderElection83] INFO  impl.RaftServerImpl (ServerState.java:setLeader(263)) - dc5e8d18-35dc-4ab2-b60d-1575c8ae4539:group-58CCA4D6402F change Leader from null to dc5e8d18-35dc-4ab2-b60d-1575c8ae4539 at term 1 for becomeLeader, leader elected after 5114ms
2019-09-19 10:40:49,523 [9446dbb8-be1e-4927-9a10-06bfbd259176:group-DFDF6F164C2B:LeaderElection82] INFO  server.RaftServerConfigKeys (ConfUtils.java:logGet(43)) - raft.server.staging.catchup.gap = 1000 (default)
2019-09-19 10:40:49,523 [dc5e8d18-35dc-4ab2-b60d-1575c8ae4539:group-58CCA4D6402F:LeaderElection83] INFO  server.RaftServerConfigKeys (ConfUtils.java:logGet(43)) - raft.server.staging.catchup.gap = 1000 (default)
2019-09-19 10:40:49,523 [9446dbb8-be1e-4927-9a10-06bfbd259176:group-DFDF6F164C2B:LeaderElection82] INFO  server.RaftServerConfigKeys (ConfUtils.java:logGet(43)) - raft.server.rpc.sleep.time = 25ms (default)
2019-09-19 10:40:49,523 [dc5e8d18-35dc-4ab2-b60d-1575c8ae4539:group-58CCA4D6402F:LeaderElection83] INFO  server.RaftServerConfigKeys (ConfUtils.java:logGet(43)) - raft.server.rpc.sleep.time = 25ms (default)
2019-09-19 10:40:49,523 [9446dbb8-be1e-4927-9a10-06bfbd259176:group-DFDF6F164C2B:LeaderElection82] INFO  server.RaftServerConfigKeys (ConfUtils.java:logGet(43)) - raft.server.write.element-limit = 4096 (default)
2019-09-19 10:40:49,523 [dc5e8d18-35dc-4ab2-b60d-1575c8ae4539:group-58CCA4D6402F:LeaderElection83] INFO  server.RaftServerConfigKeys (ConfUtils.java:logGet(43)) - raft.server.write.element-limit = 4096 (default)
2019-09-19 10:40:49,523 [9446dbb8-be1e-4927-9a10-06bfbd259176:group-DFDF6F164C2B:LeaderElection82] INFO  server.RaftServerConfigKeys (ConfUtils.java:logGet(43)) - raft.server.watch.timeout = 10s (default)
2019-09-19 10:40:49,523 [dc5e8d18-35dc-4ab2-b60d-1575c8ae4539:group-58CCA4D6402F:LeaderElection83] INFO  server.RaftServerConfigKeys (ConfUtils.java:logGet(43)) - raft.server.watch.timeout = 10s (default)
2019-09-19 10:40:49,523 [9446dbb8-be1e-4927-9a10-06bfbd259176:group-DFDF6F164C2B:LeaderElection82] INFO  server.RaftServerConfigKeys (ConfUtils.java:logGet(43)) - raft.server.watch.timeout.denomination = 1s (default)
2019-09-19 10:40:49,524 [dc5e8d18-35dc-4ab2-b60d-1575c8ae4539:group-58CCA4D6402F:LeaderElection83] INFO  server.RaftServerConfigKeys (ConfUtils.java:logGet(43)) - raft.server.watch.timeout.denomination = 1s (default)
2019-09-19 10:40:49,524 [9446dbb8-be1e-4927-9a10-06bfbd259176:group-DFDF6F164C2B:LeaderElection82] INFO  server.RaftServerConfigKeys (ConfUtils.java:logGet(43)) - raft.server.watch.element-limit = 65536 (default)
2019-09-19 10:40:49,524 [dc5e8d18-35dc-4ab2-b60d-1575c8ae4539:group-58CCA4D6402F:LeaderElection83] INFO  server.RaftServerConfigKeys (ConfUtils.java:logGet(43)) - raft.server.watch.element-limit = 65536 (default)
2019-09-19 10:40:49,524 [9446dbb8-be1e-4927-9a10-06bfbd259176:group-DFDF6F164C2B:LeaderElection82] INFO  impl.RoleInfo (RoleInfo.java:updateAndGet(143)) - 9446dbb8-be1e-4927-9a10-06bfbd259176: start LeaderState
2019-09-19 10:40:49,524 [dc5e8d18-35dc-4ab2-b60d-1575c8ae4539:group-58CCA4D6402F:LeaderElection83] INFO  impl.RoleInfo (RoleInfo.java:updateAndGet(143)) - dc5e8d18-35dc-4ab2-b60d-1575c8ae4539: start LeaderState
2019-09-19 10:40:49,524 [9446dbb8-be1e-4927-9a10-06bfbd259176:group-DFDF6F164C2B:LeaderElection82] INFO  segmented.SegmentedRaftLogWorker (SegmentedRaftLogWorker.java:startLogSegment(380)) - 9446dbb8-be1e-4927-9a10-06bfbd259176-SegmentedRaftLogWorker:Storage Directory /workdir/hadoop-ozone/ozonefs/target/test-dir/MiniOzoneClusterImpl-95adb35c-95a9-4d64-bfad-30ad63d9b33a/datanode-2/data/ratis/aea95ea2-33d5-40cf-815b-dfdf6f164c2b: Starting segment from index:0
2019-09-19 10:40:49,524 [dc5e8d18-35dc-4ab2-b60d-1575c8ae4539:group-58CCA4D6402F:LeaderElection83] INFO  segmented.SegmentedRaftLogWorker (SegmentedRaftLogWorker.java:startLogSegment(380)) - dc5e8d18-35dc-4ab2-b60d-1575c8ae4539-SegmentedRaftLogWorker:Storage Directory /workdir/hadoop-ozone/ozonefs/target/test-dir/MiniOzoneClusterImpl-95adb35c-95a9-4d64-bfad-30ad63d9b33a/datanode-0/data/ratis/dbc3da1a-a874-4dbb-b042-58cca4d6402f: Starting segment from index:0
2019-09-19 10:40:49,525 [9446dbb8-be1e-4927-9a10-06bfbd259176:group-DFDF6F164C2B:LeaderElection82] INFO  impl.RaftServerImpl (ServerState.java:setRaftConf(361)) - 9446dbb8-be1e-4927-9a10-06bfbd259176:group-DFDF6F164C2B set configuration 0: [9446dbb8-be1e-4927-9a10-06bfbd259176:192.168.157.204:38286], old=null at 0
2019-09-19 10:40:49,557 [dc5e8d18-35dc-4ab2-b60d-1575c8ae4539:group-58CCA4D6402F:LeaderElection83] INFO  impl.RaftServerImpl (ServerState.java:setRaftConf(361)) - dc5e8d18-35dc-4ab2-b60d-1575c8ae4539:group-58CCA4D6402F set configuration 0: [dc5e8d18-35dc-4ab2-b60d-1575c8ae4539:192.168.157.204:40172], old=null at 0
2019-09-19 10:40:49,563 [dc5e8d18-35dc-4ab2-b60d-1575c8ae4539-SegmentedRaftLogWorker:Storage Directory /workdir/hadoop-ozone/ozonefs/target/test-dir/MiniOzoneClusterImpl-95adb35c-95a9-4d64-bfad-30ad63d9b33a/datanode-0/data/ratis/dbc3da1a-a874-4dbb-b042-58cca4d6402f] INFO  segmented.SegmentedRaftLogWorker (SegmentedRaftLogWorker.java:execute(569)) - dc5e8d18-35dc-4ab2-b60d-1575c8ae4539-SegmentedRaftLogWorker:Storage Directory /workdir/hadoop-ozone/ozonefs/target/test-dir/MiniOzoneClusterImpl-95adb35c-95a9-4d64-bfad-30ad63d9b33a/datanode-0/data/ratis/dbc3da1a-a874-4dbb-b042-58cca4d6402f: created new log segment /workdir/hadoop-ozone/ozonefs/target/test-dir/MiniOzoneClusterImpl-95adb35c-95a9-4d64-bfad-30ad63d9b33a/datanode-0/data/ratis/dbc3da1a-a874-4dbb-b042-58cca4d6402f/current/log_inprogress_0
2019-09-19 10:40:49,563 [9446dbb8-be1e-4927-9a10-06bfbd259176-SegmentedRaftLogWorker:Storage Directory /workdir/hadoop-ozone/ozonefs/target/test-dir/MiniOzoneClusterImpl-95adb35c-95a9-4d64-bfad-30ad63d9b33a/datanode-2/data/ratis/aea95ea2-33d5-40cf-815b-dfdf6f164c2b] INFO  segmented.SegmentedRaftLogWorker (SegmentedRaftLogWorker.java:execute(569)) - 9446dbb8-be1e-4927-9a10-06bfbd259176-SegmentedRaftLogWorker:Storage Directory /workdir/hadoop-ozone/ozonefs/target/test-dir/MiniOzoneClusterImpl-95adb35c-95a9-4d64-bfad-30ad63d9b33a/datanode-2/data/ratis/aea95ea2-33d5-40cf-815b-dfdf6f164c2b: created new log segment /workdir/hadoop-ozone/ozonefs/target/test-dir/MiniOzoneClusterImpl-95adb35c-95a9-4d64-bfad-30ad63d9b33a/datanode-2/data/ratis/aea95ea2-33d5-40cf-815b-dfdf6f164c2b/current/log_inprogress_0
2019-09-19 10:40:49,634 [Thread-1500] INFO  impl.FollowerState (FollowerState.java:run(106)) - 9446dbb8-be1e-4927-9a10-06bfbd259176:group-4E45C913B92C changes to CANDIDATE, lastRpcTime:5175, electionTimeout:5175ms
2019-09-19 10:40:49,635 [Thread-1500] INFO  impl.RoleInfo (RoleInfo.java:shutdownFollowerState(121)) - 9446dbb8-be1e-4927-9a10-06bfbd259176: shutdown FollowerState
2019-09-19 10:40:49,635 [Thread-1500] INFO  impl.RaftServerImpl (RaftServerImpl.java:setRole(171)) - 9446dbb8-be1e-4927-9a10-06bfbd259176:group-4E45C913B92C changes role from FOLLOWER to CANDIDATE at term 0 for changeToCandidate
2019-09-19 10:40:49,635 [Thread-1500] INFO  impl.RoleInfo (RoleInfo.java:updateAndGet(143)) - 9446dbb8-be1e-4927-9a10-06bfbd259176: start LeaderElection
2019-09-19 10:40:49,640 [Thread-1503] INFO  impl.FollowerState (FollowerState.java:run(106)) - fe4962de-281a-444f-941e-a238e9af76bd:group-6B67B7C1501D changes to CANDIDATE, lastRpcTime:5125, electionTimeout:5125ms
2019-09-19 10:40:49,640 [Thread-1503] INFO  impl.RoleInfo (RoleInfo.java:shutdownFollowerState(121)) - fe4962de-281a-444f-941e-a238e9af76bd: shutdown FollowerState
2019-09-19 10:40:49,640 [Thread-1503] INFO  impl.RaftServerImpl (RaftServerImpl.java:setRole(171)) - fe4962de-281a-444f-941e-a238e9af76bd:group-6B67B7C1501D changes role from FOLLOWER to CANDIDATE at term 0 for changeToCandidate
2019-09-19 10:40:49,640 [Thread-1503] INFO  impl.RoleInfo (RoleInfo.java:updateAndGet(143)) - fe4962de-281a-444f-941e-a238e9af76bd: start LeaderElection
2019-09-19 10:40:49,652 [9446dbb8-be1e-4927-9a10-06bfbd259176:group-4E45C913B92C:LeaderElection84] INFO  impl.LeaderElection (LeaderElection.java:askForVotes(181)) - 9446dbb8-be1e-4927-9a10-06bfbd259176:group-4E45C913B92C:LeaderElection84: begin an election at term 1 for -1: [9446dbb8-be1e-4927-9a10-06bfbd259176:192.168.157.204:38286], old=null
2019-09-19 10:40:49,652 [fe4962de-281a-444f-941e-a238e9af76bd:group-6B67B7C1501D:LeaderElection85] INFO  impl.LeaderElection (LeaderElection.java:askForVotes(181)) - fe4962de-281a-444f-941e-a238e9af76bd:group-6B67B7C1501D:LeaderElection85: begin an election at term 1 for -1: [fe4962de-281a-444f-941e-a238e9af76bd:192.168.157.204:44401], old=null
2019-09-19 10:40:49,652 [9446dbb8-be1e-4927-9a10-06bfbd259176:group-4E45C913B92C:LeaderElection84] INFO  impl.RoleInfo (RoleInfo.java:shutdownLeaderElection(134)) - 9446dbb8-be1e-4927-9a10-06bfbd259176: shutdown LeaderElection
2019-09-19 10:40:49,652 [fe4962de-281a-444f-941e-a238e9af76bd:group-6B67B7C1501D:LeaderElection85] INFO  impl.RoleInfo (RoleInfo.java:shutdownLeaderElection(134)) - fe4962de-281a-444f-941e-a238e9af76bd: shutdown LeaderElection
2019-09-19 10:40:49,652 [9446dbb8-be1e-4927-9a10-06bfbd259176:group-4E45C913B92C:LeaderElection84] INFO  impl.RaftServerImpl (RaftServerImpl.java:setRole(171)) - 9446dbb8-be1e-4927-9a10-06bfbd259176:group-4E45C913B92C changes role from CANDIDATE to LEADER at term 1 for changeToLeader
2019-09-19 10:40:49,652 [fe4962de-281a-444f-941e-a238e9af76bd:group-6B67B7C1501D:LeaderElection85] INFO  impl.RaftServerImpl (RaftServerImpl.java:setRole(171)) - fe4962de-281a-444f-941e-a238e9af76bd:group-6B67B7C1501D changes role from CANDIDATE to LEADER at term 1 for changeToLeader
2019-09-19 10:40:49,652 [9446dbb8-be1e-4927-9a10-06bfbd259176:group-4E45C913B92C:LeaderElection84] INFO  impl.RaftServerImpl (ServerState.java:setLeader(263)) - 9446dbb8-be1e-4927-9a10-06bfbd259176:group-4E45C913B92C change Leader from null to 9446dbb8-be1e-4927-9a10-06bfbd259176 at term 1 for becomeLeader, leader elected after 5197ms
2019-09-19 10:40:49,652 [fe4962de-281a-444f-941e-a238e9af76bd:group-6B67B7C1501D:LeaderElection85] INFO  impl.RaftServerImpl (ServerState.java:setLeader(263)) - fe4962de-281a-444f-941e-a238e9af76bd:group-6B67B7C1501D change Leader from null to fe4962de-281a-444f-941e-a238e9af76bd at term 1 for becomeLeader, leader elected after 5141ms
2019-09-19 10:40:49,653 [9446dbb8-be1e-4927-9a10-06bfbd259176:group-4E45C913B92C:LeaderElection84] INFO  server.RaftServerConfigKeys (ConfUtils.java:logGet(43)) - raft.server.staging.catchup.gap = 1000 (default)
2019-09-19 10:40:49,653 [fe4962de-281a-444f-941e-a238e9af76bd:group-6B67B7C1501D:LeaderElection85] INFO  server.RaftServerConfigKeys (ConfUtils.java:logGet(43)) - raft.server.staging.catchup.gap = 1000 (default)
2019-09-19 10:40:49,653 [9446dbb8-be1e-4927-9a10-06bfbd259176:group-4E45C913B92C:LeaderElection84] INFO  server.RaftServerConfigKeys (ConfUtils.java:logGet(43)) - raft.server.rpc.sleep.time = 25ms (default)
2019-09-19 10:40:49,653 [fe4962de-281a-444f-941e-a238e9af76bd:group-6B67B7C1501D:LeaderElection85] INFO  server.RaftServerConfigKeys (ConfUtils.java:logGet(43)) - raft.server.rpc.sleep.time = 25ms (default)
2019-09-19 10:40:49,653 [9446dbb8-be1e-4927-9a10-06bfbd259176:group-4E45C913B92C:LeaderElection84] INFO  server.RaftServerConfigKeys (ConfUtils.java:logGet(43)) - raft.server.write.element-limit = 4096 (default)
2019-09-19 10:40:49,653 [fe4962de-281a-444f-941e-a238e9af76bd:group-6B67B7C1501D:LeaderElection85] INFO  server.RaftServerConfigKeys (ConfUtils.java:logGet(43)) - raft.server.write.element-limit = 4096 (default)
2019-09-19 10:40:49,653 [9446dbb8-be1e-4927-9a10-06bfbd259176:group-4E45C913B92C:LeaderElection84] INFO  server.RaftServerConfigKeys (ConfUtils.java:logGet(43)) - raft.server.watch.timeout = 10s (default)
2019-09-19 10:40:49,653 [fe4962de-281a-444f-941e-a238e9af76bd:group-6B67B7C1501D:LeaderElection85] INFO  server.RaftServerConfigKeys (ConfUtils.java:logGet(43)) - raft.server.watch.timeout = 10s (default)
2019-09-19 10:40:49,653 [9446dbb8-be1e-4927-9a10-06bfbd259176:group-4E45C913B92C:LeaderElection84] INFO  server.RaftServerConfigKeys (ConfUtils.java:logGet(43)) - raft.server.watch.timeout.denomination = 1s (default)
2019-09-19 10:40:49,654 [fe4962de-281a-444f-941e-a238e9af76bd:group-6B67B7C1501D:LeaderElection85] INFO  server.RaftServerConfigKeys (ConfUtils.java:logGet(43)) - raft.server.watch.timeout.denomination = 1s (default)
2019-09-19 10:40:49,654 [9446dbb8-be1e-4927-9a10-06bfbd259176:group-4E45C913B92C:LeaderElection84] INFO  server.RaftServerConfigKeys (ConfUtils.java:logGet(43)) - raft.server.watch.element-limit = 65536 (default)
2019-09-19 10:40:49,654 [fe4962de-281a-444f-941e-a238e9af76bd:group-6B67B7C1501D:LeaderElection85] INFO  server.RaftServerConfigKeys (ConfUtils.java:logGet(43)) - raft.server.watch.element-limit = 65536 (default)
2019-09-19 10:40:49,654 [9446dbb8-be1e-4927-9a10-06bfbd259176:group-4E45C913B92C:LeaderElection84] INFO  impl.RoleInfo (RoleInfo.java:updateAndGet(143)) - 9446dbb8-be1e-4927-9a10-06bfbd259176: start LeaderState
2019-09-19 10:40:49,654 [fe4962de-281a-444f-941e-a238e9af76bd:group-6B67B7C1501D:LeaderElection85] INFO  impl.RoleInfo (RoleInfo.java:updateAndGet(143)) - fe4962de-281a-444f-941e-a238e9af76bd: start LeaderState
2019-09-19 10:40:49,654 [9446dbb8-be1e-4927-9a10-06bfbd259176:group-4E45C913B92C:LeaderElection84] INFO  segmented.SegmentedRaftLogWorker (SegmentedRaftLogWorker.java:startLogSegment(380)) - 9446dbb8-be1e-4927-9a10-06bfbd259176-SegmentedRaftLogWorker:Storage Directory /workdir/hadoop-ozone/ozonefs/target/test-dir/MiniOzoneClusterImpl-95adb35c-95a9-4d64-bfad-30ad63d9b33a/datanode-2/data/ratis/58c3a467-c4c1-48e9-8a1e-4e45c913b92c: Starting segment from index:0
2019-09-19 10:40:49,654 [fe4962de-281a-444f-941e-a238e9af76bd:group-6B67B7C1501D:LeaderElection85] INFO  segmented.SegmentedRaftLogWorker (SegmentedRaftLogWorker.java:startLogSegment(380)) - fe4962de-281a-444f-941e-a238e9af76bd-SegmentedRaftLogWorker:Storage Directory /workdir/hadoop-ozone/ozonefs/target/test-dir/MiniOzoneClusterImpl-95adb35c-95a9-4d64-bfad-30ad63d9b33a/datanode-1/data/ratis/75f373fb-e416-4b81-afaf-6b67b7c1501d: Starting segment from index:0
2019-09-19 10:40:49,655 [9446dbb8-be1e-4927-9a10-06bfbd259176:group-4E45C913B92C:LeaderElection84] INFO  impl.RaftServerImpl (ServerState.java:setRaftConf(361)) - 9446dbb8-be1e-4927-9a10-06bfbd259176:group-4E45C913B92C set configuration 0: [9446dbb8-be1e-4927-9a10-06bfbd259176:192.168.157.204:38286], old=null at 0
2019-09-19 10:40:49,690 [fe4962de-281a-444f-941e-a238e9af76bd:group-6B67B7C1501D:LeaderElection85] INFO  impl.RaftServerImpl (ServerState.java:setRaftConf(361)) - fe4962de-281a-444f-941e-a238e9af76bd:group-6B67B7C1501D set configuration 0: [fe4962de-281a-444f-941e-a238e9af76bd:192.168.157.204:44401], old=null at 0
2019-09-19 10:40:49,717 [Thread-1506] INFO  impl.FollowerState (FollowerState.java:run(106)) - 9446dbb8-be1e-4927-9a10-06bfbd259176:group-D45AC50A9187 changes to CANDIDATE, lastRpcTime:5156, electionTimeout:5145ms
2019-09-19 10:40:49,717 [9446dbb8-be1e-4927-9a10-06bfbd259176-SegmentedRaftLogWorker:Storage Directory /workdir/hadoop-ozone/ozonefs/target/test-dir/MiniOzoneClusterImpl-95adb35c-95a9-4d64-bfad-30ad63d9b33a/datanode-2/data/ratis/58c3a467-c4c1-48e9-8a1e-4e45c913b92c] INFO  segmented.SegmentedRaftLogWorker (SegmentedRaftLogWorker.java:execute(569)) - 9446dbb8-be1e-4927-9a10-06bfbd259176-SegmentedRaftLogWorker:Storage Directory /workdir/hadoop-ozone/ozonefs/target/test-dir/MiniOzoneClusterImpl-95adb35c-95a9-4d64-bfad-30ad63d9b33a/datanode-2/data/ratis/58c3a467-c4c1-48e9-8a1e-4e45c913b92c: created new log segment /workdir/hadoop-ozone/ozonefs/target/test-dir/MiniOzoneClusterImpl-95adb35c-95a9-4d64-bfad-30ad63d9b33a/datanode-2/data/ratis/58c3a467-c4c1-48e9-8a1e-4e45c913b92c/current/log_inprogress_0
2019-09-19 10:40:49,717 [Thread-1506] INFO  impl.RoleInfo (RoleInfo.java:shutdownFollowerState(121)) - 9446dbb8-be1e-4927-9a10-06bfbd259176: shutdown FollowerState
2019-09-19 10:40:49,717 [Thread-1506] INFO  impl.RaftServerImpl (RaftServerImpl.java:setRole(171)) - 9446dbb8-be1e-4927-9a10-06bfbd259176:group-D45AC50A9187 changes role from FOLLOWER to CANDIDATE at term 0 for changeToCandidate
2019-09-19 10:40:49,718 [Thread-1506] INFO  impl.RoleInfo (RoleInfo.java:updateAndGet(143)) - 9446dbb8-be1e-4927-9a10-06bfbd259176: start LeaderElection
2019-09-19 10:40:49,729 [fe4962de-281a-444f-941e-a238e9af76bd-SegmentedRaftLogWorker:Storage Directory /workdir/hadoop-ozone/ozonefs/target/test-dir/MiniOzoneClusterImpl-95adb35c-95a9-4d64-bfad-30ad63d9b33a/datanode-1/data/ratis/75f373fb-e416-4b81-afaf-6b67b7c1501d] INFO  segmented.SegmentedRaftLogWorker (SegmentedRaftLogWorker.java:execute(569)) - fe4962de-281a-444f-941e-a238e9af76bd-SegmentedRaftLogWorker:Storage Directory /workdir/hadoop-ozone/ozonefs/target/test-dir/MiniOzoneClusterImpl-95adb35c-95a9-4d64-bfad-30ad63d9b33a/datanode-1/data/ratis/75f373fb-e416-4b81-afaf-6b67b7c1501d: created new log segment /workdir/hadoop-ozone/ozonefs/target/test-dir/MiniOzoneClusterImpl-95adb35c-95a9-4d64-bfad-30ad63d9b33a/datanode-1/data/ratis/75f373fb-e416-4b81-afaf-6b67b7c1501d/current/log_inprogress_0
2019-09-19 10:40:49,730 [9446dbb8-be1e-4927-9a10-06bfbd259176:group-D45AC50A9187:LeaderElection86] INFO  impl.LeaderElection (LeaderElection.java:askForVotes(181)) - 9446dbb8-be1e-4927-9a10-06bfbd259176:group-D45AC50A9187:LeaderElection86: begin an election at term 1 for -1: [9446dbb8-be1e-4927-9a10-06bfbd259176:192.168.157.204:38286], old=null
2019-09-19 10:40:49,730 [9446dbb8-be1e-4927-9a10-06bfbd259176:group-D45AC50A9187:LeaderElection86] INFO  impl.RoleInfo (RoleInfo.java:shutdownLeaderElection(134)) - 9446dbb8-be1e-4927-9a10-06bfbd259176: shutdown LeaderElection
2019-09-19 10:40:49,730 [9446dbb8-be1e-4927-9a10-06bfbd259176:group-D45AC50A9187:LeaderElection86] INFO  impl.RaftServerImpl (RaftServerImpl.java:setRole(171)) - 9446dbb8-be1e-4927-9a10-06bfbd259176:group-D45AC50A9187 changes role from CANDIDATE to LEADER at term 1 for changeToLeader
2019-09-19 10:40:49,730 [9446dbb8-be1e-4927-9a10-06bfbd259176:group-D45AC50A9187:LeaderElection86] INFO  impl.RaftServerImpl (ServerState.java:setLeader(263)) - 9446dbb8-be1e-4927-9a10-06bfbd259176:group-D45AC50A9187 change Leader from null to 9446dbb8-be1e-4927-9a10-06bfbd259176 at term 1 for becomeLeader, leader elected after 5173ms
2019-09-19 10:40:49,730 [9446dbb8-be1e-4927-9a10-06bfbd259176:group-D45AC50A9187:LeaderElection86] INFO  server.RaftServerConfigKeys (ConfUtils.java:logGet(43)) - raft.server.staging.catchup.gap = 1000 (default)
2019-09-19 10:40:49,730 [9446dbb8-be1e-4927-9a10-06bfbd259176:group-D45AC50A9187:LeaderElection86] INFO  server.RaftServerConfigKeys (ConfUtils.java:logGet(43)) - raft.server.rpc.sleep.time = 25ms (default)
2019-09-19 10:40:49,730 [9446dbb8-be1e-4927-9a10-06bfbd259176:group-D45AC50A9187:LeaderElection86] INFO  server.RaftServerConfigKeys (ConfUtils.java:logGet(43)) - raft.server.write.element-limit = 4096 (default)
2019-09-19 10:40:49,731 [9446dbb8-be1e-4927-9a10-06bfbd259176:group-D45AC50A9187:LeaderElection86] INFO  server.RaftServerConfigKeys (ConfUtils.java:logGet(43)) - raft.server.watch.timeout = 10s (default)
2019-09-19 10:40:49,731 [9446dbb8-be1e-4927-9a10-06bfbd259176:group-D45AC50A9187:LeaderElection86] INFO  server.RaftServerConfigKeys (ConfUtils.java:logGet(43)) - raft.server.watch.timeout.denomination = 1s (default)
2019-09-19 10:40:49,731 [9446dbb8-be1e-4927-9a10-06bfbd259176:group-D45AC50A9187:LeaderElection86] INFO  server.RaftServerConfigKeys (ConfUtils.java:logGet(43)) - raft.server.watch.element-limit = 65536 (default)
2019-09-19 10:40:49,731 [9446dbb8-be1e-4927-9a10-06bfbd259176:group-D45AC50A9187:LeaderElection86] INFO  impl.RoleInfo (RoleInfo.java:updateAndGet(143)) - 9446dbb8-be1e-4927-9a10-06bfbd259176: start LeaderState
2019-09-19 10:40:49,731 [9446dbb8-be1e-4927-9a10-06bfbd259176:group-D45AC50A9187:LeaderElection86] INFO  segmented.SegmentedRaftLogWorker (SegmentedRaftLogWorker.java:startLogSegment(380)) - 9446dbb8-be1e-4927-9a10-06bfbd259176-SegmentedRaftLogWorker:Storage Directory /workdir/hadoop-ozone/ozonefs/target/test-dir/MiniOzoneClusterImpl-95adb35c-95a9-4d64-bfad-30ad63d9b33a/datanode-2/data/ratis/d333d505-ee94-469f-8fe7-d45ac50a9187: Starting segment from index:0
2019-09-19 10:40:49,732 [9446dbb8-be1e-4927-9a10-06bfbd259176:group-D45AC50A9187:LeaderElection86] INFO  impl.RaftServerImpl (ServerState.java:setRaftConf(361)) - 9446dbb8-be1e-4927-9a10-06bfbd259176:group-D45AC50A9187 set configuration 0: [9446dbb8-be1e-4927-9a10-06bfbd259176:192.168.157.204:38286], old=null at 0
2019-09-19 10:40:49,763 [Thread-1515] INFO  impl.FollowerState (FollowerState.java:run(106)) - fe4962de-281a-444f-941e-a238e9af76bd:group-16343A2BA2A0 changes to CANDIDATE, lastRpcTime:5022, electionTimeout:5019ms
2019-09-19 10:40:49,763 [Thread-1515] INFO  impl.RoleInfo (RoleInfo.java:shutdownFollowerState(121)) - fe4962de-281a-444f-941e-a238e9af76bd: shutdown FollowerState
2019-09-19 10:40:49,763 [Thread-1515] INFO  impl.RaftServerImpl (RaftServerImpl.java:setRole(171)) - fe4962de-281a-444f-941e-a238e9af76bd:group-16343A2BA2A0 changes role from FOLLOWER to CANDIDATE at term 0 for changeToCandidate
2019-09-19 10:40:49,763 [Thread-1515] INFO  impl.RoleInfo (RoleInfo.java:updateAndGet(143)) - fe4962de-281a-444f-941e-a238e9af76bd: start LeaderElection
2019-09-19 10:40:49,776 [9446dbb8-be1e-4927-9a10-06bfbd259176-SegmentedRaftLogWorker:Storage Directory /workdir/hadoop-ozone/ozonefs/target/test-dir/MiniOzoneClusterImpl-95adb35c-95a9-4d64-bfad-30ad63d9b33a/datanode-2/data/ratis/d333d505-ee94-469f-8fe7-d45ac50a9187] INFO  segmented.SegmentedRaftLogWorker (SegmentedRaftLogWorker.java:execute(569)) - 9446dbb8-be1e-4927-9a10-06bfbd259176-SegmentedRaftLogWorker:Storage Directory /workdir/hadoop-ozone/ozonefs/target/test-dir/MiniOzoneClusterImpl-95adb35c-95a9-4d64-bfad-30ad63d9b33a/datanode-2/data/ratis/d333d505-ee94-469f-8fe7-d45ac50a9187: created new log segment /workdir/hadoop-ozone/ozonefs/target/test-dir/MiniOzoneClusterImpl-95adb35c-95a9-4d64-bfad-30ad63d9b33a/datanode-2/data/ratis/d333d505-ee94-469f-8fe7-d45ac50a9187/current/log_inprogress_0
2019-09-19 10:40:49,776 [fe4962de-281a-444f-941e-a238e9af76bd:group-16343A2BA2A0:LeaderElection87] INFO  impl.LeaderElection (LeaderElection.java:askForVotes(181)) - fe4962de-281a-444f-941e-a238e9af76bd:group-16343A2BA2A0:LeaderElection87: begin an election at term 1 for -1: [fe4962de-281a-444f-941e-a238e9af76bd:192.168.157.204:44401], old=null
2019-09-19 10:40:49,776 [fe4962de-281a-444f-941e-a238e9af76bd:group-16343A2BA2A0:LeaderElection87] INFO  impl.RoleInfo (RoleInfo.java:shutdownLeaderElection(134)) - fe4962de-281a-444f-941e-a238e9af76bd: shutdown LeaderElection
2019-09-19 10:40:49,776 [fe4962de-281a-444f-941e-a238e9af76bd:group-16343A2BA2A0:LeaderElection87] INFO  impl.RaftServerImpl (RaftServerImpl.java:setRole(171)) - fe4962de-281a-444f-941e-a238e9af76bd:group-16343A2BA2A0 changes role from CANDIDATE to LEADER at term 1 for changeToLeader
2019-09-19 10:40:49,777 [fe4962de-281a-444f-941e-a238e9af76bd:group-16343A2BA2A0:LeaderElection87] INFO  impl.RaftServerImpl (ServerState.java:setLeader(263)) - fe4962de-281a-444f-941e-a238e9af76bd:group-16343A2BA2A0 change Leader from null to fe4962de-281a-444f-941e-a238e9af76bd at term 1 for becomeLeader, leader elected after 5038ms
2019-09-19 10:40:49,777 | INFO  | SCMAudit | user=jenkins1000 | ip=192.168.157.204 | op=SEND_HEARTBEAT {datanodeUUID=9446dbb8-be1e-4927-9a10-06bfbd259176, command=[]} | ret=SUCCESS |  
2019-09-19 10:40:49,777 [fe4962de-281a-444f-941e-a238e9af76bd:group-16343A2BA2A0:LeaderElection87] INFO  server.RaftServerConfigKeys (ConfUtils.java:logGet(43)) - raft.server.staging.catchup.gap = 1000 (default)
2019-09-19 10:40:49,777 [fe4962de-281a-444f-941e-a238e9af76bd:group-16343A2BA2A0:LeaderElection87] INFO  server.RaftServerConfigKeys (ConfUtils.java:logGet(43)) - raft.server.rpc.sleep.time = 25ms (default)
2019-09-19 10:40:49,777 [fe4962de-281a-444f-941e-a238e9af76bd:group-16343A2BA2A0:LeaderElection87] INFO  server.RaftServerConfigKeys (ConfUtils.java:logGet(43)) - raft.server.write.element-limit = 4096 (default)
2019-09-19 10:40:49,777 [fe4962de-281a-444f-941e-a238e9af76bd:group-16343A2BA2A0:LeaderElection87] INFO  server.RaftServerConfigKeys (ConfUtils.java:logGet(43)) - raft.server.watch.timeout = 10s (default)
2019-09-19 10:40:49,777 [fe4962de-281a-444f-941e-a238e9af76bd:group-16343A2BA2A0:LeaderElection87] INFO  server.RaftServerConfigKeys (ConfUtils.java:logGet(43)) - raft.server.watch.timeout.denomination = 1s (default)
2019-09-19 10:40:49,777 [fe4962de-281a-444f-941e-a238e9af76bd:group-16343A2BA2A0:LeaderElection87] INFO  server.RaftServerConfigKeys (ConfUtils.java:logGet(43)) - raft.server.watch.element-limit = 65536 (default)
2019-09-19 10:40:49,778 [fe4962de-281a-444f-941e-a238e9af76bd:group-16343A2BA2A0:LeaderElection87] INFO  impl.RoleInfo (RoleInfo.java:updateAndGet(143)) - fe4962de-281a-444f-941e-a238e9af76bd: start LeaderState
2019-09-19 10:40:49,778 [fe4962de-281a-444f-941e-a238e9af76bd:group-16343A2BA2A0:LeaderElection87] INFO  segmented.SegmentedRaftLogWorker (SegmentedRaftLogWorker.java:startLogSegment(380)) - fe4962de-281a-444f-941e-a238e9af76bd-SegmentedRaftLogWorker:Storage Directory /workdir/hadoop-ozone/ozonefs/target/test-dir/MiniOzoneClusterImpl-95adb35c-95a9-4d64-bfad-30ad63d9b33a/datanode-1/data/ratis/f8b82a41-8f6d-4089-90a1-16343a2ba2a0: Starting segment from index:0
2019-09-19 10:40:49,779 [fe4962de-281a-444f-941e-a238e9af76bd:group-16343A2BA2A0:LeaderElection87] INFO  impl.RaftServerImpl (ServerState.java:setRaftConf(361)) - fe4962de-281a-444f-941e-a238e9af76bd:group-16343A2BA2A0 set configuration 0: [fe4962de-281a-444f-941e-a238e9af76bd:192.168.157.204:44401], old=null at 0
2019-09-19 10:40:49,807 [Thread-1518] INFO  impl.FollowerState (FollowerState.java:run(106)) - fe4962de-281a-444f-941e-a238e9af76bd:group-401D36AE0246 changes to CANDIDATE, lastRpcTime:5030, electionTimeout:5010ms
2019-09-19 10:40:49,808 [Thread-1518] INFO  impl.RoleInfo (RoleInfo.java:shutdownFollowerState(121)) - fe4962de-281a-444f-941e-a238e9af76bd: shutdown FollowerState
2019-09-19 10:40:49,808 [Thread-1518] INFO  impl.RaftServerImpl (RaftServerImpl.java:setRole(171)) - fe4962de-281a-444f-941e-a238e9af76bd:group-401D36AE0246 changes role from FOLLOWER to CANDIDATE at term 0 for changeToCandidate
2019-09-19 10:40:49,808 [Thread-1518] INFO  impl.RoleInfo (RoleInfo.java:updateAndGet(143)) - fe4962de-281a-444f-941e-a238e9af76bd: start LeaderElection
2019-09-19 10:40:49,810 [Thread-1509] INFO  impl.FollowerState (FollowerState.java:run(106)) - 9446dbb8-be1e-4927-9a10-06bfbd259176:group-33466FEB766F changes to CANDIDATE, lastRpcTime:5156, electionTimeout:5156ms
2019-09-19 10:40:49,810 [Thread-1509] INFO  impl.RoleInfo (RoleInfo.java:shutdownFollowerState(121)) - 9446dbb8-be1e-4927-9a10-06bfbd259176: shutdown FollowerState
2019-09-19 10:40:49,810 [Thread-1509] INFO  impl.RaftServerImpl (RaftServerImpl.java:setRole(171)) - 9446dbb8-be1e-4927-9a10-06bfbd259176:group-33466FEB766F changes role from FOLLOWER to CANDIDATE at term 0 for changeToCandidate
2019-09-19 10:40:49,810 [Thread-1509] INFO  impl.RoleInfo (RoleInfo.java:updateAndGet(143)) - 9446dbb8-be1e-4927-9a10-06bfbd259176: start LeaderElection
2019-09-19 10:40:49,821 [fe4962de-281a-444f-941e-a238e9af76bd-SegmentedRaftLogWorker:Storage Directory /workdir/hadoop-ozone/ozonefs/target/test-dir/MiniOzoneClusterImpl-95adb35c-95a9-4d64-bfad-30ad63d9b33a/datanode-1/data/ratis/f8b82a41-8f6d-4089-90a1-16343a2ba2a0] INFO  segmented.SegmentedRaftLogWorker (SegmentedRaftLogWorker.java:execute(569)) - fe4962de-281a-444f-941e-a238e9af76bd-SegmentedRaftLogWorker:Storage Directory /workdir/hadoop-ozone/ozonefs/target/test-dir/MiniOzoneClusterImpl-95adb35c-95a9-4d64-bfad-30ad63d9b33a/datanode-1/data/ratis/f8b82a41-8f6d-4089-90a1-16343a2ba2a0: created new log segment /workdir/hadoop-ozone/ozonefs/target/test-dir/MiniOzoneClusterImpl-95adb35c-95a9-4d64-bfad-30ad63d9b33a/datanode-1/data/ratis/f8b82a41-8f6d-4089-90a1-16343a2ba2a0/current/log_inprogress_0
2019-09-19 10:40:49,821 [fe4962de-281a-444f-941e-a238e9af76bd:group-401D36AE0246:LeaderElection88] INFO  impl.LeaderElection (LeaderElection.java:askForVotes(181)) - fe4962de-281a-444f-941e-a238e9af76bd:group-401D36AE0246:LeaderElection88: begin an election at term 1 for -1: [fe4962de-281a-444f-941e-a238e9af76bd:192.168.157.204:44401], old=null
2019-09-19 10:40:49,821 [fe4962de-281a-444f-941e-a238e9af76bd:group-401D36AE0246:LeaderElection88] INFO  impl.RoleInfo (RoleInfo.java:shutdownLeaderElection(134)) - fe4962de-281a-444f-941e-a238e9af76bd: shutdown LeaderElection
2019-09-19 10:40:49,821 [fe4962de-281a-444f-941e-a238e9af76bd:group-401D36AE0246:LeaderElection88] INFO  impl.RaftServerImpl (RaftServerImpl.java:setRole(171)) - fe4962de-281a-444f-941e-a238e9af76bd:group-401D36AE0246 changes role from CANDIDATE to LEADER at term 1 for changeToLeader
2019-09-19 10:40:49,821 [fe4962de-281a-444f-941e-a238e9af76bd:group-401D36AE0246:LeaderElection88] INFO  impl.RaftServerImpl (ServerState.java:setLeader(263)) - fe4962de-281a-444f-941e-a238e9af76bd:group-401D36AE0246 change Leader from null to fe4962de-281a-444f-941e-a238e9af76bd at term 1 for becomeLeader, leader elected after 5046ms
2019-09-19 10:40:49,822 [fe4962de-281a-444f-941e-a238e9af76bd:group-401D36AE0246:LeaderElection88] INFO  server.RaftServerConfigKeys (ConfUtils.java:logGet(43)) - raft.server.staging.catchup.gap = 1000 (default)
2019-09-19 10:40:49,822 [fe4962de-281a-444f-941e-a238e9af76bd:group-401D36AE0246:LeaderElection88] INFO  server.RaftServerConfigKeys (ConfUtils.java:logGet(43)) - raft.server.rpc.sleep.time = 25ms (default)
2019-09-19 10:40:49,852 [Thread-1512] INFO  impl.FollowerState (FollowerState.java:run(106)) - 9446dbb8-be1e-4927-9a10-06bfbd259176:group-EEE457AE2355 changes to CANDIDATE, lastRpcTime:5143, electionTimeout:5143ms
2019-09-19 10:40:49,852 [Thread-1512] INFO  impl.RoleInfo (RoleInfo.java:shutdownFollowerState(121)) - 9446dbb8-be1e-4927-9a10-06bfbd259176: shutdown FollowerState
2019-09-19 10:40:49,852 [fe4962de-281a-444f-941e-a238e9af76bd:group-401D36AE0246:LeaderElection88] INFO  server.RaftServerConfigKeys (ConfUtils.java:logGet(43)) - raft.server.write.element-limit = 4096 (default)
2019-09-19 10:40:49,852 [Thread-1512] INFO  impl.RaftServerImpl (RaftServerImpl.java:setRole(171)) - 9446dbb8-be1e-4927-9a10-06bfbd259176:group-EEE457AE2355 changes role from FOLLOWER to CANDIDATE at term 0 for changeToCandidate
2019-09-19 10:40:49,854 [fe4962de-281a-444f-941e-a238e9af76bd:group-401D36AE0246:LeaderElection88] INFO  server.RaftServerConfigKeys (ConfUtils.java:logGet(43)) - raft.server.watch.timeout = 10s (default)
2019-09-19 10:40:49,854 [Thread-1512] INFO  impl.RoleInfo (RoleInfo.java:updateAndGet(143)) - 9446dbb8-be1e-4927-9a10-06bfbd259176: start LeaderElection
2019-09-19 10:40:49,854 [fe4962de-281a-444f-941e-a238e9af76bd:group-401D36AE0246:LeaderElection88] INFO  server.RaftServerConfigKeys (ConfUtils.java:logGet(43)) - raft.server.watch.timeout.denomination = 1s (default)
2019-09-19 10:40:49,854 [fe4962de-281a-444f-941e-a238e9af76bd:group-401D36AE0246:LeaderElection88] INFO  server.RaftServerConfigKeys (ConfUtils.java:logGet(43)) - raft.server.watch.element-limit = 65536 (default)
2019-09-19 10:40:49,855 [fe4962de-281a-444f-941e-a238e9af76bd:group-401D36AE0246:LeaderElection88] INFO  impl.RoleInfo (RoleInfo.java:updateAndGet(143)) - fe4962de-281a-444f-941e-a238e9af76bd: start LeaderState
2019-09-19 10:40:49,855 [fe4962de-281a-444f-941e-a238e9af76bd:group-401D36AE0246:LeaderElection88] INFO  segmented.SegmentedRaftLogWorker (SegmentedRaftLogWorker.java:startLogSegment(380)) - fe4962de-281a-444f-941e-a238e9af76bd-SegmentedRaftLogWorker:Storage Directory /workdir/hadoop-ozone/ozonefs/target/test-dir/MiniOzoneClusterImpl-95adb35c-95a9-4d64-bfad-30ad63d9b33a/datanode-1/data/ratis/e6b53011-db22-4f14-9577-401d36ae0246: Starting segment from index:0
2019-09-19 10:40:49,856 [fe4962de-281a-444f-941e-a238e9af76bd:group-401D36AE0246:LeaderElection88] INFO  impl.RaftServerImpl (ServerState.java:setRaftConf(361)) - fe4962de-281a-444f-941e-a238e9af76bd:group-401D36AE0246 set configuration 0: [fe4962de-281a-444f-941e-a238e9af76bd:192.168.157.204:44401], old=null at 0
2019-09-19 10:40:49,886 [9446dbb8-be1e-4927-9a10-06bfbd259176:group-33466FEB766F:LeaderElection89] INFO  impl.LeaderElection (LeaderElection.java:askForVotes(181)) - 9446dbb8-be1e-4927-9a10-06bfbd259176:group-33466FEB766F:LeaderElection89: begin an election at term 1 for -1: [9446dbb8-be1e-4927-9a10-06bfbd259176:192.168.157.204:38286], old=null
2019-09-19 10:40:49,886 [9446dbb8-be1e-4927-9a10-06bfbd259176:group-EEE457AE2355:LeaderElection90] INFO  impl.LeaderElection (LeaderElection.java:askForVotes(181)) - 9446dbb8-be1e-4927-9a10-06bfbd259176:group-EEE457AE2355:LeaderElection90: begin an election at term 1 for -1: [9446dbb8-be1e-4927-9a10-06bfbd259176:192.168.157.204:38286], old=null
2019-09-19 10:40:49,886 [9446dbb8-be1e-4927-9a10-06bfbd259176:group-33466FEB766F:LeaderElection89] INFO  impl.RoleInfo (RoleInfo.java:shutdownLeaderElection(134)) - 9446dbb8-be1e-4927-9a10-06bfbd259176: shutdown LeaderElection
2019-09-19 10:40:49,886 [9446dbb8-be1e-4927-9a10-06bfbd259176:group-EEE457AE2355:LeaderElection90] INFO  impl.RoleInfo (RoleInfo.java:shutdownLeaderElection(134)) - 9446dbb8-be1e-4927-9a10-06bfbd259176: shutdown LeaderElection
2019-09-19 10:40:49,886 [9446dbb8-be1e-4927-9a10-06bfbd259176:group-33466FEB766F:LeaderElection89] INFO  impl.RaftServerImpl (RaftServerImpl.java:setRole(171)) - 9446dbb8-be1e-4927-9a10-06bfbd259176:group-33466FEB766F changes role from CANDIDATE to LEADER at term 1 for changeToLeader
2019-09-19 10:40:49,886 [9446dbb8-be1e-4927-9a10-06bfbd259176:group-EEE457AE2355:LeaderElection90] INFO  impl.RaftServerImpl (RaftServerImpl.java:setRole(171)) - 9446dbb8-be1e-4927-9a10-06bfbd259176:group-EEE457AE2355 changes role from CANDIDATE to LEADER at term 1 for changeToLeader
2019-09-19 10:40:49,886 [9446dbb8-be1e-4927-9a10-06bfbd259176:group-33466FEB766F:LeaderElection89] INFO  impl.RaftServerImpl (ServerState.java:setLeader(263)) - 9446dbb8-be1e-4927-9a10-06bfbd259176:group-33466FEB766F change Leader from null to 9446dbb8-be1e-4927-9a10-06bfbd259176 at term 1 for becomeLeader, leader elected after 5235ms
2019-09-19 10:40:49,886 [9446dbb8-be1e-4927-9a10-06bfbd259176:group-EEE457AE2355:LeaderElection90] INFO  impl.RaftServerImpl (ServerState.java:setLeader(263)) - 9446dbb8-be1e-4927-9a10-06bfbd259176:group-EEE457AE2355 change Leader from null to 9446dbb8-be1e-4927-9a10-06bfbd259176 at term 1 for becomeLeader, leader elected after 5180ms
2019-09-19 10:40:49,886 [9446dbb8-be1e-4927-9a10-06bfbd259176:group-33466FEB766F:LeaderElection89] INFO  server.RaftServerConfigKeys (ConfUtils.java:logGet(43)) - raft.server.staging.catchup.gap = 1000 (default)
2019-09-19 10:40:49,886 [9446dbb8-be1e-4927-9a10-06bfbd259176:group-EEE457AE2355:LeaderElection90] INFO  server.RaftServerConfigKeys (ConfUtils.java:logGet(43)) - raft.server.staging.catchup.gap = 1000 (default)
2019-09-19 10:40:49,886 [9446dbb8-be1e-4927-9a10-06bfbd259176:group-33466FEB766F:LeaderElection89] INFO  server.RaftServerConfigKeys (ConfUtils.java:logGet(43)) - raft.server.rpc.sleep.time = 25ms (default)
2019-09-19 10:40:49,886 [9446dbb8-be1e-4927-9a10-06bfbd259176:group-EEE457AE2355:LeaderElection90] INFO  server.RaftServerConfigKeys (ConfUtils.java:logGet(43)) - raft.server.rpc.sleep.time = 25ms (default)
2019-09-19 10:40:49,886 [9446dbb8-be1e-4927-9a10-06bfbd259176:group-33466FEB766F:LeaderElection89] INFO  server.RaftServerConfigKeys (ConfUtils.java:logGet(43)) - raft.server.write.element-limit = 4096 (default)
2019-09-19 10:40:49,886 [9446dbb8-be1e-4927-9a10-06bfbd259176:group-EEE457AE2355:LeaderElection90] INFO  server.RaftServerConfigKeys (ConfUtils.java:logGet(43)) - raft.server.write.element-limit = 4096 (default)
2019-09-19 10:40:49,887 [9446dbb8-be1e-4927-9a10-06bfbd259176:group-33466FEB766F:LeaderElection89] INFO  server.RaftServerConfigKeys (ConfUtils.java:logGet(43)) - raft.server.watch.timeout = 10s (default)
2019-09-19 10:40:49,887 [9446dbb8-be1e-4927-9a10-06bfbd259176:group-EEE457AE2355:LeaderElection90] INFO  server.RaftServerConfigKeys (ConfUtils.java:logGet(43)) - raft.server.watch.timeout = 10s (default)
2019-09-19 10:40:49,887 [9446dbb8-be1e-4927-9a10-06bfbd259176:group-33466FEB766F:LeaderElection89] INFO  server.RaftServerConfigKeys (ConfUtils.java:logGet(43)) - raft.server.watch.timeout.denomination = 1s (default)
2019-09-19 10:40:49,887 [9446dbb8-be1e-4927-9a10-06bfbd259176:group-EEE457AE2355:LeaderElection90] INFO  server.RaftServerConfigKeys (ConfUtils.java:logGet(43)) - raft.server.watch.timeout.denomination = 1s (default)
2019-09-19 10:40:49,887 [9446dbb8-be1e-4927-9a10-06bfbd259176:group-33466FEB766F:LeaderElection89] INFO  server.RaftServerConfigKeys (ConfUtils.java:logGet(43)) - raft.server.watch.element-limit = 65536 (default)
2019-09-19 10:40:49,887 [9446dbb8-be1e-4927-9a10-06bfbd259176:group-EEE457AE2355:LeaderElection90] INFO  server.RaftServerConfigKeys (ConfUtils.java:logGet(43)) - raft.server.watch.element-limit = 65536 (default)
2019-09-19 10:40:49,887 [9446dbb8-be1e-4927-9a10-06bfbd259176:group-33466FEB766F:LeaderElection89] INFO  impl.RoleInfo (RoleInfo.java:updateAndGet(143)) - 9446dbb8-be1e-4927-9a10-06bfbd259176: start LeaderState
2019-09-19 10:40:49,887 [9446dbb8-be1e-4927-9a10-06bfbd259176:group-EEE457AE2355:LeaderElection90] INFO  impl.RoleInfo (RoleInfo.java:updateAndGet(143)) - 9446dbb8-be1e-4927-9a10-06bfbd259176: start LeaderState
2019-09-19 10:40:49,887 [9446dbb8-be1e-4927-9a10-06bfbd259176:group-33466FEB766F:LeaderElection89] INFO  segmented.SegmentedRaftLogWorker (SegmentedRaftLogWorker.java:startLogSegment(380)) - 9446dbb8-be1e-4927-9a10-06bfbd259176-SegmentedRaftLogWorker:Storage Directory /workdir/hadoop-ozone/ozonefs/target/test-dir/MiniOzoneClusterImpl-95adb35c-95a9-4d64-bfad-30ad63d9b33a/datanode-2/data/ratis/5a102d04-be2c-4113-b80f-33466feb766f: Starting segment from index:0
2019-09-19 10:40:49,887 [9446dbb8-be1e-4927-9a10-06bfbd259176:group-EEE457AE2355:LeaderElection90] INFO  segmented.SegmentedRaftLogWorker (SegmentedRaftLogWorker.java:startLogSegment(380)) - 9446dbb8-be1e-4927-9a10-06bfbd259176-SegmentedRaftLogWorker:Storage Directory /workdir/hadoop-ozone/ozonefs/target/test-dir/MiniOzoneClusterImpl-95adb35c-95a9-4d64-bfad-30ad63d9b33a/datanode-2/data/ratis/0a37b814-9eda-45d7-90c9-eee457ae2355: Starting segment from index:0
2019-09-19 10:40:49,898 [fe4962de-281a-444f-941e-a238e9af76bd-SegmentedRaftLogWorker:Storage Directory /workdir/hadoop-ozone/ozonefs/target/test-dir/MiniOzoneClusterImpl-95adb35c-95a9-4d64-bfad-30ad63d9b33a/datanode-1/data/ratis/e6b53011-db22-4f14-9577-401d36ae0246] INFO  segmented.SegmentedRaftLogWorker (SegmentedRaftLogWorker.java:execute(569)) - fe4962de-281a-444f-941e-a238e9af76bd-SegmentedRaftLogWorker:Storage Directory /workdir/hadoop-ozone/ozonefs/target/test-dir/MiniOzoneClusterImpl-95adb35c-95a9-4d64-bfad-30ad63d9b33a/datanode-1/data/ratis/e6b53011-db22-4f14-9577-401d36ae0246: created new log segment /workdir/hadoop-ozone/ozonefs/target/test-dir/MiniOzoneClusterImpl-95adb35c-95a9-4d64-bfad-30ad63d9b33a/datanode-1/data/ratis/e6b53011-db22-4f14-9577-401d36ae0246/current/log_inprogress_0
2019-09-19 10:40:49,926 [9446dbb8-be1e-4927-9a10-06bfbd259176-SegmentedRaftLogWorker:Storage Directory /workdir/hadoop-ozone/ozonefs/target/test-dir/MiniOzoneClusterImpl-95adb35c-95a9-4d64-bfad-30ad63d9b33a/datanode-2/data/ratis/5a102d04-be2c-4113-b80f-33466feb766f] INFO  segmented.SegmentedRaftLogWorker (SegmentedRaftLogWorker.java:execute(569)) - 9446dbb8-be1e-4927-9a10-06bfbd259176-SegmentedRaftLogWorker:Storage Directory /workdir/hadoop-ozone/ozonefs/target/test-dir/MiniOzoneClusterImpl-95adb35c-95a9-4d64-bfad-30ad63d9b33a/datanode-2/data/ratis/5a102d04-be2c-4113-b80f-33466feb766f: created new log segment /workdir/hadoop-ozone/ozonefs/target/test-dir/MiniOzoneClusterImpl-95adb35c-95a9-4d64-bfad-30ad63d9b33a/datanode-2/data/ratis/5a102d04-be2c-4113-b80f-33466feb766f/current/log_inprogress_0
2019-09-19 10:40:49,946 [Thread-1521] INFO  impl.FollowerState (FollowerState.java:run(106)) - fe4962de-281a-444f-941e-a238e9af76bd:group-F6E5C4B37BBE changes to CANDIDATE, lastRpcTime:5127, electionTimeout:5127ms
2019-09-19 10:40:49,946 [Thread-1521] INFO  impl.RoleInfo (RoleInfo.java:shutdownFollowerState(121)) - fe4962de-281a-444f-941e-a238e9af76bd: shutdown FollowerState
2019-09-19 10:40:49,946 [Thread-1521] INFO  impl.RaftServerImpl (RaftServerImpl.java:setRole(171)) - fe4962de-281a-444f-941e-a238e9af76bd:group-F6E5C4B37BBE changes role from FOLLOWER to CANDIDATE at term 0 for changeToCandidate
2019-09-19 10:40:50,074 [Thread-1521] INFO  impl.RoleInfo (RoleInfo.java:updateAndGet(143)) - fe4962de-281a-444f-941e-a238e9af76bd: start LeaderElection
2019-09-19 10:40:50,074 [9446dbb8-be1e-4927-9a10-06bfbd259176:group-33466FEB766F:LeaderElection89] INFO  impl.RaftServerImpl (ServerState.java:setRaftConf(361)) - 9446dbb8-be1e-4927-9a10-06bfbd259176:group-33466FEB766F set configuration 0: [9446dbb8-be1e-4927-9a10-06bfbd259176:192.168.157.204:38286], old=null at 0
2019-09-19 10:40:50,075 [9446dbb8-be1e-4927-9a10-06bfbd259176:group-EEE457AE2355:LeaderElection90] INFO  impl.RaftServerImpl (ServerState.java:setRaftConf(361)) - 9446dbb8-be1e-4927-9a10-06bfbd259176:group-EEE457AE2355 set configuration 0: [9446dbb8-be1e-4927-9a10-06bfbd259176:192.168.157.204:38286], old=null at 0
2019-09-19 10:40:50,094 [fe4962de-281a-444f-941e-a238e9af76bd:group-F6E5C4B37BBE:LeaderElection91] INFO  impl.LeaderElection (LeaderElection.java:askForVotes(181)) - fe4962de-281a-444f-941e-a238e9af76bd:group-F6E5C4B37BBE:LeaderElection91: begin an election at term 1 for -1: [fe4962de-281a-444f-941e-a238e9af76bd:192.168.157.204:44401], old=null
2019-09-19 10:40:50,094 [fe4962de-281a-444f-941e-a238e9af76bd:group-F6E5C4B37BBE:LeaderElection91] INFO  impl.RoleInfo (RoleInfo.java:shutdownLeaderElection(134)) - fe4962de-281a-444f-941e-a238e9af76bd: shutdown LeaderElection
2019-09-19 10:40:50,095 [fe4962de-281a-444f-941e-a238e9af76bd:group-F6E5C4B37BBE:LeaderElection91] INFO  impl.RaftServerImpl (RaftServerImpl.java:setRole(171)) - fe4962de-281a-444f-941e-a238e9af76bd:group-F6E5C4B37BBE changes role from CANDIDATE to LEADER at term 1 for changeToLeader
2019-09-19 10:40:50,095 [fe4962de-281a-444f-941e-a238e9af76bd:group-F6E5C4B37BBE:LeaderElection91] INFO  impl.RaftServerImpl (ServerState.java:setLeader(263)) - fe4962de-281a-444f-941e-a238e9af76bd:group-F6E5C4B37BBE change Leader from null to fe4962de-281a-444f-941e-a238e9af76bd at term 1 for becomeLeader, leader elected after 5278ms
2019-09-19 10:40:50,095 [fe4962de-281a-444f-941e-a238e9af76bd:group-F6E5C4B37BBE:LeaderElection91] INFO  server.RaftServerConfigKeys (ConfUtils.java:logGet(43)) - raft.server.staging.catchup.gap = 1000 (default)
2019-09-19 10:40:50,095 [fe4962de-281a-444f-941e-a238e9af76bd:group-F6E5C4B37BBE:LeaderElection91] INFO  server.RaftServerConfigKeys (ConfUtils.java:logGet(43)) - raft.server.rpc.sleep.time = 25ms (default)
2019-09-19 10:40:50,095 [fe4962de-281a-444f-941e-a238e9af76bd:group-F6E5C4B37BBE:LeaderElection91] INFO  server.RaftServerConfigKeys (ConfUtils.java:logGet(43)) - raft.server.write.element-limit = 4096 (default)
2019-09-19 10:40:50,096 [fe4962de-281a-444f-941e-a238e9af76bd:group-F6E5C4B37BBE:LeaderElection91] INFO  server.RaftServerConfigKeys (ConfUtils.java:logGet(43)) - raft.server.watch.timeout = 10s (default)
2019-09-19 10:40:50,096 [fe4962de-281a-444f-941e-a238e9af76bd:group-F6E5C4B37BBE:LeaderElection91] INFO  server.RaftServerConfigKeys (ConfUtils.java:logGet(43)) - raft.server.watch.timeout.denomination = 1s (default)
2019-09-19 10:40:50,096 [fe4962de-281a-444f-941e-a238e9af76bd:group-F6E5C4B37BBE:LeaderElection91] INFO  server.RaftServerConfigKeys (ConfUtils.java:logGet(43)) - raft.server.watch.element-limit = 65536 (default)
2019-09-19 10:40:50,096 [fe4962de-281a-444f-941e-a238e9af76bd:group-F6E5C4B37BBE:LeaderElection91] INFO  impl.RoleInfo (RoleInfo.java:updateAndGet(143)) - fe4962de-281a-444f-941e-a238e9af76bd: start LeaderState
2019-09-19 10:40:50,096 [fe4962de-281a-444f-941e-a238e9af76bd:group-F6E5C4B37BBE:LeaderElection91] INFO  segmented.SegmentedRaftLogWorker (SegmentedRaftLogWorker.java:startLogSegment(380)) - fe4962de-281a-444f-941e-a238e9af76bd-SegmentedRaftLogWorker:Storage Directory /workdir/hadoop-ozone/ozonefs/target/test-dir/MiniOzoneClusterImpl-95adb35c-95a9-4d64-bfad-30ad63d9b33a/datanode-1/data/ratis/a700211e-0b91-4396-b9c3-f6e5c4b37bbe: Starting segment from index:0
2019-09-19 10:40:50,097 [fe4962de-281a-444f-941e-a238e9af76bd:group-F6E5C4B37BBE:LeaderElection91] INFO  impl.RaftServerImpl (ServerState.java:setRaftConf(361)) - fe4962de-281a-444f-941e-a238e9af76bd:group-F6E5C4B37BBE set configuration 0: [fe4962de-281a-444f-941e-a238e9af76bd:192.168.157.204:44401], old=null at 0
2019-09-19 10:40:50,137 [fe4962de-281a-444f-941e-a238e9af76bd-SegmentedRaftLogWorker:Storage Directory /workdir/hadoop-ozone/ozonefs/target/test-dir/MiniOzoneClusterImpl-95adb35c-95a9-4d64-bfad-30ad63d9b33a/datanode-1/data/ratis/a700211e-0b91-4396-b9c3-f6e5c4b37bbe] INFO  segmented.SegmentedRaftLogWorker (SegmentedRaftLogWorker.java:execute(569)) - fe4962de-281a-444f-941e-a238e9af76bd-SegmentedRaftLogWorker:Storage Directory /workdir/hadoop-ozone/ozonefs/target/test-dir/MiniOzoneClusterImpl-95adb35c-95a9-4d64-bfad-30ad63d9b33a/datanode-1/data/ratis/a700211e-0b91-4396-b9c3-f6e5c4b37bbe: created new log segment /workdir/hadoop-ozone/ozonefs/target/test-dir/MiniOzoneClusterImpl-95adb35c-95a9-4d64-bfad-30ad63d9b33a/datanode-1/data/ratis/a700211e-0b91-4396-b9c3-f6e5c4b37bbe/current/log_inprogress_0
2019-09-19 10:40:50,137 [9446dbb8-be1e-4927-9a10-06bfbd259176-SegmentedRaftLogWorker:Storage Directory /workdir/hadoop-ozone/ozonefs/target/test-dir/MiniOzoneClusterImpl-95adb35c-95a9-4d64-bfad-30ad63d9b33a/datanode-2/data/ratis/0a37b814-9eda-45d7-90c9-eee457ae2355] INFO  segmented.SegmentedRaftLogWorker (SegmentedRaftLogWorker.java:execute(569)) - 9446dbb8-be1e-4927-9a10-06bfbd259176-SegmentedRaftLogWorker:Storage Directory /workdir/hadoop-ozone/ozonefs/target/test-dir/MiniOzoneClusterImpl-95adb35c-95a9-4d64-bfad-30ad63d9b33a/datanode-2/data/ratis/0a37b814-9eda-45d7-90c9-eee457ae2355: created new log segment /workdir/hadoop-ozone/ozonefs/target/test-dir/MiniOzoneClusterImpl-95adb35c-95a9-4d64-bfad-30ad63d9b33a/datanode-2/data/ratis/0a37b814-9eda-45d7-90c9-eee457ae2355/current/log_inprogress_0
2019-09-19 10:40:50,152 [Thread-1524] INFO  impl.FollowerState (FollowerState.java:run(106)) - fe4962de-281a-444f-941e-a238e9af76bd:group-AD976896D45F changes to CANDIDATE, lastRpcTime:5066, electionTimeout:5066ms
2019-09-19 10:40:50,152 [Thread-1524] INFO  impl.RoleInfo (RoleInfo.java:shutdownFollowerState(121)) - fe4962de-281a-444f-941e-a238e9af76bd: shutdown FollowerState
2019-09-19 10:40:50,152 [Thread-1524] INFO  impl.RaftServerImpl (RaftServerImpl.java:setRole(171)) - fe4962de-281a-444f-941e-a238e9af76bd:group-AD976896D45F changes role from FOLLOWER to CANDIDATE at term 0 for changeToCandidate
2019-09-19 10:40:50,152 [Thread-1524] INFO  impl.RoleInfo (RoleInfo.java:updateAndGet(143)) - fe4962de-281a-444f-941e-a238e9af76bd: start LeaderElection
2019-09-19 10:40:50,168 [fe4962de-281a-444f-941e-a238e9af76bd:group-AD976896D45F:LeaderElection92] INFO  impl.LeaderElection (LeaderElection.java:askForVotes(181)) - fe4962de-281a-444f-941e-a238e9af76bd:group-AD976896D45F:LeaderElection92: begin an election at term 1 for -1: [fe4962de-281a-444f-941e-a238e9af76bd:192.168.157.204:44401], old=null
2019-09-19 10:40:50,168 [fe4962de-281a-444f-941e-a238e9af76bd:group-AD976896D45F:LeaderElection92] INFO  impl.RoleInfo (RoleInfo.java:shutdownLeaderElection(134)) - fe4962de-281a-444f-941e-a238e9af76bd: shutdown LeaderElection
2019-09-19 10:40:50,168 [fe4962de-281a-444f-941e-a238e9af76bd:group-AD976896D45F:LeaderElection92] INFO  impl.RaftServerImpl (RaftServerImpl.java:setRole(171)) - fe4962de-281a-444f-941e-a238e9af76bd:group-AD976896D45F changes role from CANDIDATE to LEADER at term 1 for changeToLeader
2019-09-19 10:40:50,169 [fe4962de-281a-444f-941e-a238e9af76bd:group-AD976896D45F:LeaderElection92] INFO  impl.RaftServerImpl (ServerState.java:setLeader(263)) - fe4962de-281a-444f-941e-a238e9af76bd:group-AD976896D45F change Leader from null to fe4962de-281a-444f-941e-a238e9af76bd at term 1 for becomeLeader, leader elected after 5311ms
2019-09-19 10:40:50,169 [fe4962de-281a-444f-941e-a238e9af76bd:group-AD976896D45F:LeaderElection92] INFO  server.RaftServerConfigKeys (ConfUtils.java:logGet(43)) - raft.server.staging.catchup.gap = 1000 (default)
2019-09-19 10:40:50,169 [fe4962de-281a-444f-941e-a238e9af76bd:group-AD976896D45F:LeaderElection92] INFO  server.RaftServerConfigKeys (ConfUtils.java:logGet(43)) - raft.server.rpc.sleep.time = 25ms (default)
2019-09-19 10:40:50,169 [fe4962de-281a-444f-941e-a238e9af76bd:group-AD976896D45F:LeaderElection92] INFO  server.RaftServerConfigKeys (ConfUtils.java:logGet(43)) - raft.server.write.element-limit = 4096 (default)
2019-09-19 10:40:50,169 [fe4962de-281a-444f-941e-a238e9af76bd:group-AD976896D45F:LeaderElection92] INFO  server.RaftServerConfigKeys (ConfUtils.java:logGet(43)) - raft.server.watch.timeout = 10s (default)
2019-09-19 10:40:50,169 [fe4962de-281a-444f-941e-a238e9af76bd:group-AD976896D45F:LeaderElection92] INFO  server.RaftServerConfigKeys (ConfUtils.java:logGet(43)) - raft.server.watch.timeout.denomination = 1s (default)
2019-09-19 10:40:50,170 [fe4962de-281a-444f-941e-a238e9af76bd:group-AD976896D45F:LeaderElection92] INFO  server.RaftServerConfigKeys (ConfUtils.java:logGet(43)) - raft.server.watch.element-limit = 65536 (default)
2019-09-19 10:40:50,170 [fe4962de-281a-444f-941e-a238e9af76bd:group-AD976896D45F:LeaderElection92] INFO  impl.RoleInfo (RoleInfo.java:updateAndGet(143)) - fe4962de-281a-444f-941e-a238e9af76bd: start LeaderState
2019-09-19 10:40:50,170 [fe4962de-281a-444f-941e-a238e9af76bd:group-AD976896D45F:LeaderElection92] INFO  segmented.SegmentedRaftLogWorker (SegmentedRaftLogWorker.java:startLogSegment(380)) - fe4962de-281a-444f-941e-a238e9af76bd-SegmentedRaftLogWorker:Storage Directory /workdir/hadoop-ozone/ozonefs/target/test-dir/MiniOzoneClusterImpl-95adb35c-95a9-4d64-bfad-30ad63d9b33a/datanode-1/data/ratis/fd4e549e-2ed4-435d-9810-ad976896d45f: Starting segment from index:0
2019-09-19 10:40:50,171 [fe4962de-281a-444f-941e-a238e9af76bd:group-AD976896D45F:LeaderElection92] INFO  impl.RaftServerImpl (ServerState.java:setRaftConf(361)) - fe4962de-281a-444f-941e-a238e9af76bd:group-AD976896D45F set configuration 0: [fe4962de-281a-444f-941e-a238e9af76bd:192.168.157.204:44401], old=null at 0
2019-09-19 10:40:50,198 [main] INFO  ozoneimpl.OzoneContainer (OzoneContainer.java:stop(199)) - Attempting to stop container services.
2019-09-19 10:40:50,198 [ForkJoinPool.commonPool-worker-0] INFO  ozoneimpl.OzoneContainer (OzoneContainer.java:stop(199)) - Attempting to stop container services.
2019-09-19 10:40:50,199 [main] INFO  impl.RaftServerProxy (RaftServerProxy.java:lambda$close$4(314)) - fe4962de-281a-444f-941e-a238e9af76bd: close
2019-09-19 10:40:50,199 [ForkJoinPool.commonPool-worker-0] INFO  impl.RaftServerProxy (RaftServerProxy.java:lambda$close$4(314)) - dc5e8d18-35dc-4ab2-b60d-1575c8ae4539: close
2019-09-19 10:40:50,199 [main] INFO  impl.RaftServerImpl (RaftServerImpl.java:lambda$shutdown$3(245)) - fe4962de-281a-444f-941e-a238e9af76bd: shutdown group-AD976896D45F
2019-09-19 10:40:50,199 [ForkJoinPool.commonPool-worker-0] INFO  impl.RaftServerImpl (RaftServerImpl.java:lambda$shutdown$3(245)) - dc5e8d18-35dc-4ab2-b60d-1575c8ae4539: shutdown group-0327D50E3DC5
2019-09-19 10:40:50,200 [main] INFO  util.JmxRegister (JmxRegister.java:unregister(73)) - Successfully un-registered JMX Bean with object name Ratis:service=RaftServer,group=group-AD976896D45F,id=fe4962de-281a-444f-941e-a238e9af76bd
2019-09-19 10:40:50,200 [ForkJoinPool.commonPool-worker-0] INFO  util.JmxRegister (JmxRegister.java:unregister(73)) - Successfully un-registered JMX Bean with object name Ratis:service=RaftServer,group=group-0327D50E3DC5,id=dc5e8d18-35dc-4ab2-b60d-1575c8ae4539
2019-09-19 10:40:50,200 [main] INFO  impl.RoleInfo (RoleInfo.java:shutdownLeaderState(104)) - fe4962de-281a-444f-941e-a238e9af76bd: shutdown LeaderState
2019-09-19 10:40:50,201 [ForkJoinPool.commonPool-worker-0] INFO  impl.RoleInfo (RoleInfo.java:shutdownLeaderState(104)) - dc5e8d18-35dc-4ab2-b60d-1575c8ae4539: shutdown LeaderState
2019-09-19 10:40:50,201 [main] INFO  impl.PendingRequests (PendingRequests.java:sendNotLeaderResponses(202)) - fe4962de-281a-444f-941e-a238e9af76bd-PendingRequests: sendNotLeaderResponses
2019-09-19 10:40:50,201 [ForkJoinPool.commonPool-worker-0] INFO  impl.PendingRequests (PendingRequests.java:sendNotLeaderResponses(202)) - dc5e8d18-35dc-4ab2-b60d-1575c8ae4539-PendingRequests: sendNotLeaderResponses
2019-09-19 10:40:50,202 [main] INFO  impl.StateMachineUpdater (StateMachineUpdater.java:stopAndJoin(115)) - StateMachineUpdater:fe4962de-281a-444f-941e-a238e9af76bd:group-AD976896D45F: set stopIndex = -1
2019-09-19 10:40:50,202 [main] INFO  impl.RaftServerImpl (ServerState.java:close(394)) - fe4962de-281a-444f-941e-a238e9af76bd:group-AD976896D45F closes. The last applied log index is -1
2019-09-19 10:40:50,202 [ForkJoinPool.commonPool-worker-0] INFO  impl.StateMachineUpdater (StateMachineUpdater.java:stopAndJoin(115)) - StateMachineUpdater:dc5e8d18-35dc-4ab2-b60d-1575c8ae4539:group-0327D50E3DC5: set stopIndex = 0
2019-09-19 10:40:50,203 [ForkJoinPool.commonPool-worker-0] INFO  impl.RaftServerImpl (ServerState.java:close(394)) - dc5e8d18-35dc-4ab2-b60d-1575c8ae4539:group-0327D50E3DC5 closes. The last applied log index is 0
2019-09-19 10:40:50,203 [dc5e8d18-35dc-4ab2-b60d-1575c8ae4539-SegmentedRaftLogWorker:Storage Directory /workdir/hadoop-ozone/ozonefs/target/test-dir/MiniOzoneClusterImpl-95adb35c-95a9-4d64-bfad-30ad63d9b33a/datanode-0/data/ratis/4e0c8740-6325-45ad-bb6d-0327d50e3dc5] INFO  segmented.SegmentedRaftLogWorker (SegmentedRaftLogWorker.java:run(313)) - dc5e8d18-35dc-4ab2-b60d-1575c8ae4539-SegmentedRaftLogWorker:Storage Directory /workdir/hadoop-ozone/ozonefs/target/test-dir/MiniOzoneClusterImpl-95adb35c-95a9-4d64-bfad-30ad63d9b33a/datanode-0/data/ratis/4e0c8740-6325-45ad-bb6d-0327d50e3dc5 was interrupted, exiting. There are 0 tasks remaining in the queue.
2019-09-19 10:40:50,204 [ForkJoinPool.commonPool-worker-0] INFO  segmented.SegmentedRaftLogWorker (SegmentedRaftLogWorker.java:close(228)) - dc5e8d18-35dc-4ab2-b60d-1575c8ae4539-SegmentedRaftLogWorker:Storage Directory /workdir/hadoop-ozone/ozonefs/target/test-dir/MiniOzoneClusterImpl-95adb35c-95a9-4d64-bfad-30ad63d9b33a/datanode-0/data/ratis/4e0c8740-6325-45ad-bb6d-0327d50e3dc5 close()
2019-09-19 10:40:50,206 [ForkJoinPool.commonPool-worker-0] INFO  impl.RaftServerImpl (RaftServerImpl.java:lambda$shutdown$3(245)) - dc5e8d18-35dc-4ab2-b60d-1575c8ae4539: shutdown group-801F016A1DB3
2019-09-19 10:40:50,206 [ForkJoinPool.commonPool-worker-0] INFO  util.JmxRegister (JmxRegister.java:unregister(73)) - Successfully un-registered JMX Bean with object name Ratis:service=RaftServer,group=group-801F016A1DB3,id=dc5e8d18-35dc-4ab2-b60d-1575c8ae4539
2019-09-19 10:40:50,207 [ForkJoinPool.commonPool-worker-0] INFO  impl.RoleInfo (RoleInfo.java:shutdownLeaderState(104)) - dc5e8d18-35dc-4ab2-b60d-1575c8ae4539: shutdown LeaderState
2019-09-19 10:40:50,207 [ForkJoinPool.commonPool-worker-0] INFO  impl.PendingRequests (PendingRequests.java:sendNotLeaderResponses(202)) - dc5e8d18-35dc-4ab2-b60d-1575c8ae4539-PendingRequests: sendNotLeaderResponses
2019-09-19 10:40:50,207 [ForkJoinPool.commonPool-worker-0] INFO  impl.StateMachineUpdater (StateMachineUpdater.java:stopAndJoin(115)) - StateMachineUpdater:dc5e8d18-35dc-4ab2-b60d-1575c8ae4539:group-801F016A1DB3: set stopIndex = 0
2019-09-19 10:40:50,208 [ForkJoinPool.commonPool-worker-0] INFO  impl.RaftServerImpl (ServerState.java:close(394)) - dc5e8d18-35dc-4ab2-b60d-1575c8ae4539:group-801F016A1DB3 closes. The last applied log index is 0
2019-09-19 10:40:50,208 [dc5e8d18-35dc-4ab2-b60d-1575c8ae4539-SegmentedRaftLogWorker:Storage Directory /workdir/hadoop-ozone/ozonefs/target/test-dir/MiniOzoneClusterImpl-95adb35c-95a9-4d64-bfad-30ad63d9b33a/datanode-0/data/ratis/a891c599-ce7d-4765-a337-801f016a1db3] INFO  segmented.SegmentedRaftLogWorker (SegmentedRaftLogWorker.java:run(313)) - dc5e8d18-35dc-4ab2-b60d-1575c8ae4539-SegmentedRaftLogWorker:Storage Directory /workdir/hadoop-ozone/ozonefs/target/test-dir/MiniOzoneClusterImpl-95adb35c-95a9-4d64-bfad-30ad63d9b33a/datanode-0/data/ratis/a891c599-ce7d-4765-a337-801f016a1db3 was interrupted, exiting. There are 0 tasks remaining in the queue.
2019-09-19 10:40:50,208 [ForkJoinPool.commonPool-worker-0] INFO  segmented.SegmentedRaftLogWorker (SegmentedRaftLogWorker.java:close(228)) - dc5e8d18-35dc-4ab2-b60d-1575c8ae4539-SegmentedRaftLogWorker:Storage Directory /workdir/hadoop-ozone/ozonefs/target/test-dir/MiniOzoneClusterImpl-95adb35c-95a9-4d64-bfad-30ad63d9b33a/datanode-0/data/ratis/a891c599-ce7d-4765-a337-801f016a1db3 close()
2019-09-19 10:40:50,214 [ForkJoinPool.commonPool-worker-0] INFO  impl.RaftServerImpl (RaftServerImpl.java:lambda$shutdown$3(245)) - dc5e8d18-35dc-4ab2-b60d-1575c8ae4539: shutdown group-58CCA4D6402F
2019-09-19 10:40:50,214 [fe4962de-281a-444f-941e-a238e9af76bd-SegmentedRaftLogWorker:Storage Directory /workdir/hadoop-ozone/ozonefs/target/test-dir/MiniOzoneClusterImpl-95adb35c-95a9-4d64-bfad-30ad63d9b33a/datanode-1/data/ratis/fd4e549e-2ed4-435d-9810-ad976896d45f] WARN  segmented.SegmentedRaftLogOutputStream (SegmentedRaftLogOutputStream.java:<init>(77)) - Hit IOException while creating log segment /workdir/hadoop-ozone/ozonefs/target/test-dir/MiniOzoneClusterImpl-95adb35c-95a9-4d64-bfad-30ad63d9b33a/datanode-1/data/ratis/fd4e549e-2ed4-435d-9810-ad976896d45f/current/log_inprogress_0, delete the partial file.
2019-09-19 10:40:50,214 [ForkJoinPool.commonPool-worker-0] INFO  util.JmxRegister (JmxRegister.java:unregister(73)) - Successfully un-registered JMX Bean with object name Ratis:service=RaftServer,group=group-58CCA4D6402F,id=dc5e8d18-35dc-4ab2-b60d-1575c8ae4539
2019-09-19 10:40:50,215 [ForkJoinPool.commonPool-worker-0] INFO  impl.RoleInfo (RoleInfo.java:shutdownLeaderState(104)) - dc5e8d18-35dc-4ab2-b60d-1575c8ae4539: shutdown LeaderState
2019-09-19 10:40:50,215 [ForkJoinPool.commonPool-worker-0] INFO  impl.PendingRequests (PendingRequests.java:sendNotLeaderResponses(202)) - dc5e8d18-35dc-4ab2-b60d-1575c8ae4539-PendingRequests: sendNotLeaderResponses
2019-09-19 10:40:50,215 [ForkJoinPool.commonPool-worker-0] INFO  impl.StateMachineUpdater (StateMachineUpdater.java:stopAndJoin(115)) - StateMachineUpdater:dc5e8d18-35dc-4ab2-b60d-1575c8ae4539:group-58CCA4D6402F: set stopIndex = 0
2019-09-19 10:40:50,215 [ForkJoinPool.commonPool-worker-0] INFO  impl.RaftServerImpl (ServerState.java:close(394)) - dc5e8d18-35dc-4ab2-b60d-1575c8ae4539:group-58CCA4D6402F closes. The last applied log index is 0
2019-09-19 10:40:50,216 [dc5e8d18-35dc-4ab2-b60d-1575c8ae4539-SegmentedRaftLogWorker:Storage Directory /workdir/hadoop-ozone/ozonefs/target/test-dir/MiniOzoneClusterImpl-95adb35c-95a9-4d64-bfad-30ad63d9b33a/datanode-0/data/ratis/dbc3da1a-a874-4dbb-b042-58cca4d6402f] INFO  segmented.SegmentedRaftLogWorker (SegmentedRaftLogWorker.java:run(313)) - dc5e8d18-35dc-4ab2-b60d-1575c8ae4539-SegmentedRaftLogWorker:Storage Directory /workdir/hadoop-ozone/ozonefs/target/test-dir/MiniOzoneClusterImpl-95adb35c-95a9-4d64-bfad-30ad63d9b33a/datanode-0/data/ratis/dbc3da1a-a874-4dbb-b042-58cca4d6402f was interrupted, exiting. There are 0 tasks remaining in the queue.
2019-09-19 10:40:50,216 [ForkJoinPool.commonPool-worker-0] INFO  segmented.SegmentedRaftLogWorker (SegmentedRaftLogWorker.java:close(228)) - dc5e8d18-35dc-4ab2-b60d-1575c8ae4539-SegmentedRaftLogWorker:Storage Directory /workdir/hadoop-ozone/ozonefs/target/test-dir/MiniOzoneClusterImpl-95adb35c-95a9-4d64-bfad-30ad63d9b33a/datanode-0/data/ratis/dbc3da1a-a874-4dbb-b042-58cca4d6402f close()
2019-09-19 10:40:50,217 [ForkJoinPool.commonPool-worker-0] INFO  impl.RaftServerImpl (RaftServerImpl.java:lambda$shutdown$3(245)) - dc5e8d18-35dc-4ab2-b60d-1575c8ae4539: shutdown group-F30A7A3ACD8D
2019-09-19 10:40:50,217 [ForkJoinPool.commonPool-worker-0] INFO  util.JmxRegister (JmxRegister.java:unregister(73)) - Successfully un-registered JMX Bean with object name Ratis:service=RaftServer,group=group-F30A7A3ACD8D,id=dc5e8d18-35dc-4ab2-b60d-1575c8ae4539
2019-09-19 10:40:50,217 [ForkJoinPool.commonPool-worker-0] INFO  impl.RoleInfo (RoleInfo.java:shutdownLeaderState(104)) - dc5e8d18-35dc-4ab2-b60d-1575c8ae4539: shutdown LeaderState
2019-09-19 10:40:50,217 [ForkJoinPool.commonPool-worker-0] INFO  impl.PendingRequests (PendingRequests.java:sendNotLeaderResponses(202)) - dc5e8d18-35dc-4ab2-b60d-1575c8ae4539-PendingRequests: sendNotLeaderResponses
2019-09-19 10:40:50,218 [ForkJoinPool.commonPool-worker-0] INFO  impl.StateMachineUpdater (StateMachineUpdater.java:stopAndJoin(115)) - StateMachineUpdater:dc5e8d18-35dc-4ab2-b60d-1575c8ae4539:group-F30A7A3ACD8D: set stopIndex = 0
2019-09-19 10:40:50,218 [main] INFO  segmented.SegmentedRaftLogWorker (SegmentedRaftLogWorker.java:close(228)) - fe4962de-281a-444f-941e-a238e9af76bd-SegmentedRaftLogWorker:Storage Directory /workdir/hadoop-ozone/ozonefs/target/test-dir/MiniOzoneClusterImpl-95adb35c-95a9-4d64-bfad-30ad63d9b33a/datanode-1/data/ratis/fd4e549e-2ed4-435d-9810-ad976896d45f close()
2019-09-19 10:40:50,218 [ForkJoinPool.commonPool-worker-0] INFO  impl.RaftServerImpl (ServerState.java:close(394)) - dc5e8d18-35dc-4ab2-b60d-1575c8ae4539:group-F30A7A3ACD8D closes. The last applied log index is 0
2019-09-19 10:40:50,219 [main] INFO  impl.RaftServerImpl (RaftServerImpl.java:lambda$shutdown$3(245)) - fe4962de-281a-444f-941e-a238e9af76bd: shutdown group-401D36AE0246
2019-09-19 10:40:50,219 [dc5e8d18-35dc-4ab2-b60d-1575c8ae4539-SegmentedRaftLogWorker:Storage Directory /workdir/hadoop-ozone/ozonefs/target/test-dir/MiniOzoneClusterImpl-95adb35c-95a9-4d64-bfad-30ad63d9b33a/datanode-0/data/ratis/a4677982-0f86-4a5c-ba09-f30a7a3acd8d] INFO  segmented.SegmentedRaftLogWorker (SegmentedRaftLogWorker.java:run(313)) - dc5e8d18-35dc-4ab2-b60d-1575c8ae4539-SegmentedRaftLogWorker:Storage Directory /workdir/hadoop-ozone/ozonefs/target/test-dir/MiniOzoneClusterImpl-95adb35c-95a9-4d64-bfad-30ad63d9b33a/datanode-0/data/ratis/a4677982-0f86-4a5c-ba09-f30a7a3acd8d was interrupted, exiting. There are 0 tasks remaining in the queue.
2019-09-19 10:40:50,219 [main] INFO  util.JmxRegister (JmxRegister.java:unregister(73)) - Successfully un-registered JMX Bean with object name Ratis:service=RaftServer,group=group-401D36AE0246,id=fe4962de-281a-444f-941e-a238e9af76bd
2019-09-19 10:40:50,219 [ForkJoinPool.commonPool-worker-0] INFO  segmented.SegmentedRaftLogWorker (SegmentedRaftLogWorker.java:close(228)) - dc5e8d18-35dc-4ab2-b60d-1575c8ae4539-SegmentedRaftLogWorker:Storage Directory /workdir/hadoop-ozone/ozonefs/target/test-dir/MiniOzoneClusterImpl-95adb35c-95a9-4d64-bfad-30ad63d9b33a/datanode-0/data/ratis/a4677982-0f86-4a5c-ba09-f30a7a3acd8d close()
2019-09-19 10:40:50,220 [main] INFO  impl.RoleInfo (RoleInfo.java:shutdownLeaderState(104)) - fe4962de-281a-444f-941e-a238e9af76bd: shutdown LeaderState
2019-09-19 10:40:50,220 [ForkJoinPool.commonPool-worker-0] INFO  impl.RaftServerImpl (RaftServerImpl.java:lambda$shutdown$3(245)) - dc5e8d18-35dc-4ab2-b60d-1575c8ae4539: shutdown group-21745F9D0FA5
2019-09-19 10:40:50,220 [main] INFO  impl.PendingRequests (PendingRequests.java:sendNotLeaderResponses(202)) - fe4962de-281a-444f-941e-a238e9af76bd-PendingRequests: sendNotLeaderResponses
2019-09-19 10:40:50,221 [ForkJoinPool.commonPool-worker-0] INFO  util.JmxRegister (JmxRegister.java:unregister(73)) - Successfully un-registered JMX Bean with object name Ratis:service=RaftServer,group=group-21745F9D0FA5,id=dc5e8d18-35dc-4ab2-b60d-1575c8ae4539
2019-09-19 10:40:50,221 [main] INFO  impl.StateMachineUpdater (StateMachineUpdater.java:stopAndJoin(115)) - StateMachineUpdater:fe4962de-281a-444f-941e-a238e9af76bd:group-401D36AE0246: set stopIndex = 0
2019-09-19 10:40:50,221 [ForkJoinPool.commonPool-worker-0] INFO  impl.RoleInfo (RoleInfo.java:shutdownLeaderState(104)) - dc5e8d18-35dc-4ab2-b60d-1575c8ae4539: shutdown LeaderState
2019-09-19 10:40:50,222 [main] INFO  impl.RaftServerImpl (ServerState.java:close(394)) - fe4962de-281a-444f-941e-a238e9af76bd:group-401D36AE0246 closes. The last applied log index is 0
2019-09-19 10:40:50,222 [ForkJoinPool.commonPool-worker-0] INFO  impl.PendingRequests (PendingRequests.java:sendNotLeaderResponses(202)) - dc5e8d18-35dc-4ab2-b60d-1575c8ae4539-PendingRequests: sendNotLeaderResponses
2019-09-19 10:40:50,222 [fe4962de-281a-444f-941e-a238e9af76bd-SegmentedRaftLogWorker:Storage Directory /workdir/hadoop-ozone/ozonefs/target/test-dir/MiniOzoneClusterImpl-95adb35c-95a9-4d64-bfad-30ad63d9b33a/datanode-1/data/ratis/e6b53011-db22-4f14-9577-401d36ae0246] INFO  segmented.SegmentedRaftLogWorker (SegmentedRaftLogWorker.java:run(313)) - fe4962de-281a-444f-941e-a238e9af76bd-SegmentedRaftLogWorker:Storage Directory /workdir/hadoop-ozone/ozonefs/target/test-dir/MiniOzoneClusterImpl-95adb35c-95a9-4d64-bfad-30ad63d9b33a/datanode-1/data/ratis/e6b53011-db22-4f14-9577-401d36ae0246 was interrupted, exiting. There are 0 tasks remaining in the queue.
2019-09-19 10:40:50,223 [ForkJoinPool.commonPool-worker-0] INFO  impl.StateMachineUpdater (StateMachineUpdater.java:stopAndJoin(115)) - StateMachineUpdater:dc5e8d18-35dc-4ab2-b60d-1575c8ae4539:group-21745F9D0FA5: set stopIndex = 0
2019-09-19 10:40:50,223 [main] INFO  segmented.SegmentedRaftLogWorker (SegmentedRaftLogWorker.java:close(228)) - fe4962de-281a-444f-941e-a238e9af76bd-SegmentedRaftLogWorker:Storage Directory /workdir/hadoop-ozone/ozonefs/target/test-dir/MiniOzoneClusterImpl-95adb35c-95a9-4d64-bfad-30ad63d9b33a/datanode-1/data/ratis/e6b53011-db22-4f14-9577-401d36ae0246 close()
2019-09-19 10:40:50,223 [ForkJoinPool.commonPool-worker-0] INFO  impl.RaftServerImpl (ServerState.java:close(394)) - dc5e8d18-35dc-4ab2-b60d-1575c8ae4539:group-21745F9D0FA5 closes. The last applied log index is 0
2019-09-19 10:40:50,223 [main] INFO  impl.RaftServerImpl (RaftServerImpl.java:lambda$shutdown$3(245)) - fe4962de-281a-444f-941e-a238e9af76bd: shutdown group-F6E5C4B37BBE
2019-09-19 10:40:50,224 [dc5e8d18-35dc-4ab2-b60d-1575c8ae4539-SegmentedRaftLogWorker:Storage Directory /workdir/hadoop-ozone/ozonefs/target/test-dir/MiniOzoneClusterImpl-95adb35c-95a9-4d64-bfad-30ad63d9b33a/datanode-0/data/ratis/499e30ee-f890-47ac-aa8b-21745f9d0fa5] INFO  segmented.SegmentedRaftLogWorker (SegmentedRaftLogWorker.java:run(313)) - dc5e8d18-35dc-4ab2-b60d-1575c8ae4539-SegmentedRaftLogWorker:Storage Directory /workdir/hadoop-ozone/ozonefs/target/test-dir/MiniOzoneClusterImpl-95adb35c-95a9-4d64-bfad-30ad63d9b33a/datanode-0/data/ratis/499e30ee-f890-47ac-aa8b-21745f9d0fa5 was interrupted, exiting. There are 0 tasks remaining in the queue.
2019-09-19 10:40:50,224 [main] INFO  util.JmxRegister (JmxRegister.java:unregister(73)) - Successfully un-registered JMX Bean with object name Ratis:service=RaftServer,group=group-F6E5C4B37BBE,id=fe4962de-281a-444f-941e-a238e9af76bd
2019-09-19 10:40:50,224 [ForkJoinPool.commonPool-worker-0] INFO  segmented.SegmentedRaftLogWorker (SegmentedRaftLogWorker.java:close(228)) - dc5e8d18-35dc-4ab2-b60d-1575c8ae4539-SegmentedRaftLogWorker:Storage Directory /workdir/hadoop-ozone/ozonefs/target/test-dir/MiniOzoneClusterImpl-95adb35c-95a9-4d64-bfad-30ad63d9b33a/datanode-0/data/ratis/499e30ee-f890-47ac-aa8b-21745f9d0fa5 close()
2019-09-19 10:40:50,224 [main] INFO  impl.RoleInfo (RoleInfo.java:shutdownLeaderState(104)) - fe4962de-281a-444f-941e-a238e9af76bd: shutdown LeaderState
2019-09-19 10:40:50,225 [ForkJoinPool.commonPool-worker-0] INFO  impl.RaftServerImpl (RaftServerImpl.java:lambda$shutdown$3(245)) - dc5e8d18-35dc-4ab2-b60d-1575c8ae4539: shutdown group-B39883309508
2019-09-19 10:40:50,225 [main] INFO  impl.PendingRequests (PendingRequests.java:sendNotLeaderResponses(202)) - fe4962de-281a-444f-941e-a238e9af76bd-PendingRequests: sendNotLeaderResponses
2019-09-19 10:40:50,225 [ForkJoinPool.commonPool-worker-0] INFO  util.JmxRegister (JmxRegister.java:unregister(73)) - Successfully un-registered JMX Bean with object name Ratis:service=RaftServer,group=group-B39883309508,id=dc5e8d18-35dc-4ab2-b60d-1575c8ae4539
2019-09-19 10:40:50,226 [main] INFO  impl.StateMachineUpdater (StateMachineUpdater.java:stopAndJoin(115)) - StateMachineUpdater:fe4962de-281a-444f-941e-a238e9af76bd:group-F6E5C4B37BBE: set stopIndex = 0
2019-09-19 10:40:50,226 [ForkJoinPool.commonPool-worker-0] INFO  impl.RoleInfo (RoleInfo.java:shutdownLeaderState(104)) - dc5e8d18-35dc-4ab2-b60d-1575c8ae4539: shutdown LeaderState
2019-09-19 10:40:50,226 [main] INFO  impl.RaftServerImpl (ServerState.java:close(394)) - fe4962de-281a-444f-941e-a238e9af76bd:group-F6E5C4B37BBE closes. The last applied log index is 0
2019-09-19 10:40:50,226 [ForkJoinPool.commonPool-worker-0] INFO  impl.PendingRequests (PendingRequests.java:sendNotLeaderResponses(202)) - dc5e8d18-35dc-4ab2-b60d-1575c8ae4539-PendingRequests: sendNotLeaderResponses
2019-09-19 10:40:50,227 [fe4962de-281a-444f-941e-a238e9af76bd-SegmentedRaftLogWorker:Storage Directory /workdir/hadoop-ozone/ozonefs/target/test-dir/MiniOzoneClusterImpl-95adb35c-95a9-4d64-bfad-30ad63d9b33a/datanode-1/data/ratis/a700211e-0b91-4396-b9c3-f6e5c4b37bbe] INFO  segmented.SegmentedRaftLogWorker (SegmentedRaftLogWorker.java:run(313)) - fe4962de-281a-444f-941e-a238e9af76bd-SegmentedRaftLogWorker:Storage Directory /workdir/hadoop-ozone/ozonefs/target/test-dir/MiniOzoneClusterImpl-95adb35c-95a9-4d64-bfad-30ad63d9b33a/datanode-1/data/ratis/a700211e-0b91-4396-b9c3-f6e5c4b37bbe was interrupted, exiting. There are 0 tasks remaining in the queue.
2019-09-19 10:40:50,227 [ForkJoinPool.commonPool-worker-0] INFO  impl.StateMachineUpdater (StateMachineUpdater.java:stopAndJoin(115)) - StateMachineUpdater:dc5e8d18-35dc-4ab2-b60d-1575c8ae4539:group-B39883309508: set stopIndex = 0
2019-09-19 10:40:50,227 [main] INFO  segmented.SegmentedRaftLogWorker (SegmentedRaftLogWorker.java:close(228)) - fe4962de-281a-444f-941e-a238e9af76bd-SegmentedRaftLogWorker:Storage Directory /workdir/hadoop-ozone/ozonefs/target/test-dir/MiniOzoneClusterImpl-95adb35c-95a9-4d64-bfad-30ad63d9b33a/datanode-1/data/ratis/a700211e-0b91-4396-b9c3-f6e5c4b37bbe close()
2019-09-19 10:40:50,227 [ForkJoinPool.commonPool-worker-0] INFO  impl.RaftServerImpl (ServerState.java:close(394)) - dc5e8d18-35dc-4ab2-b60d-1575c8ae4539:group-B39883309508 closes. The last applied log index is 0
2019-09-19 10:40:50,228 [main] INFO  impl.RaftServerImpl (RaftServerImpl.java:lambda$shutdown$3(245)) - fe4962de-281a-444f-941e-a238e9af76bd: shutdown group-16343A2BA2A0
2019-09-19 10:40:50,228 [dc5e8d18-35dc-4ab2-b60d-1575c8ae4539-SegmentedRaftLogWorker:Storage Directory /workdir/hadoop-ozone/ozonefs/target/test-dir/MiniOzoneClusterImpl-95adb35c-95a9-4d64-bfad-30ad63d9b33a/datanode-0/data/ratis/38c4dbee-bde8-4f73-890e-b39883309508] INFO  segmented.SegmentedRaftLogWorker (SegmentedRaftLogWorker.java:run(313)) - dc5e8d18-35dc-4ab2-b60d-1575c8ae4539-SegmentedRaftLogWorker:Storage Directory /workdir/hadoop-ozone/ozonefs/target/test-dir/MiniOzoneClusterImpl-95adb35c-95a9-4d64-bfad-30ad63d9b33a/datanode-0/data/ratis/38c4dbee-bde8-4f73-890e-b39883309508 was interrupted, exiting. There are 0 tasks remaining in the queue.
2019-09-19 10:40:50,228 [main] INFO  util.JmxRegister (JmxRegister.java:unregister(73)) - Successfully un-registered JMX Bean with object name Ratis:service=RaftServer,group=group-16343A2BA2A0,id=fe4962de-281a-444f-941e-a238e9af76bd
2019-09-19 10:40:50,229 [ForkJoinPool.commonPool-worker-0] INFO  segmented.SegmentedRaftLogWorker (SegmentedRaftLogWorker.java:close(228)) - dc5e8d18-35dc-4ab2-b60d-1575c8ae4539-SegmentedRaftLogWorker:Storage Directory /workdir/hadoop-ozone/ozonefs/target/test-dir/MiniOzoneClusterImpl-95adb35c-95a9-4d64-bfad-30ad63d9b33a/datanode-0/data/ratis/38c4dbee-bde8-4f73-890e-b39883309508 close()
2019-09-19 10:40:50,229 [main] INFO  impl.RoleInfo (RoleInfo.java:shutdownLeaderState(104)) - fe4962de-281a-444f-941e-a238e9af76bd: shutdown LeaderState
2019-09-19 10:40:50,229 [ForkJoinPool.commonPool-worker-0] INFO  server.GrpcService (GrpcService.java:closeImpl(155)) - dc5e8d18-35dc-4ab2-b60d-1575c8ae4539: shutdown server with port 40172 now
2019-09-19 10:40:50,229 [main] INFO  impl.PendingRequests (PendingRequests.java:sendNotLeaderResponses(202)) - fe4962de-281a-444f-941e-a238e9af76bd-PendingRequests: sendNotLeaderResponses
2019-09-19 10:40:50,231 [ForkJoinPool.commonPool-worker-0] INFO  server.GrpcService (GrpcService.java:closeImpl(163)) - dc5e8d18-35dc-4ab2-b60d-1575c8ae4539: shutdown server with port 40172 successfully
2019-09-19 10:40:50,232 [main] INFO  impl.StateMachineUpdater (StateMachineUpdater.java:stopAndJoin(115)) - StateMachineUpdater:fe4962de-281a-444f-941e-a238e9af76bd:group-16343A2BA2A0: set stopIndex = 0
2019-09-19 10:40:50,232 [main] INFO  impl.RaftServerImpl (ServerState.java:close(394)) - fe4962de-281a-444f-941e-a238e9af76bd:group-16343A2BA2A0 closes. The last applied log index is 0
2019-09-19 10:40:50,233 [ForkJoinPool.commonPool-worker-0] INFO  utils.BackgroundService (BackgroundService.java:shutdown(148)) - Shutting down service BlockDeletingService
2019-09-19 10:40:50,233 [fe4962de-281a-444f-941e-a238e9af76bd-SegmentedRaftLogWorker:Storage Directory /workdir/hadoop-ozone/ozonefs/target/test-dir/MiniOzoneClusterImpl-95adb35c-95a9-4d64-bfad-30ad63d9b33a/datanode-1/data/ratis/f8b82a41-8f6d-4089-90a1-16343a2ba2a0] INFO  segmented.SegmentedRaftLogWorker (SegmentedRaftLogWorker.java:run(313)) - fe4962de-281a-444f-941e-a238e9af76bd-SegmentedRaftLogWorker:Storage Directory /workdir/hadoop-ozone/ozonefs/target/test-dir/MiniOzoneClusterImpl-95adb35c-95a9-4d64-bfad-30ad63d9b33a/datanode-1/data/ratis/f8b82a41-8f6d-4089-90a1-16343a2ba2a0 was interrupted, exiting. There are 0 tasks remaining in the queue.
2019-09-19 10:40:50,233 [main] INFO  segmented.SegmentedRaftLogWorker (SegmentedRaftLogWorker.java:close(228)) - fe4962de-281a-444f-941e-a238e9af76bd-SegmentedRaftLogWorker:Storage Directory /workdir/hadoop-ozone/ozonefs/target/test-dir/MiniOzoneClusterImpl-95adb35c-95a9-4d64-bfad-30ad63d9b33a/datanode-1/data/ratis/f8b82a41-8f6d-4089-90a1-16343a2ba2a0 close()
2019-09-19 10:40:50,234 [main] INFO  impl.RaftServerImpl (RaftServerImpl.java:lambda$shutdown$3(245)) - fe4962de-281a-444f-941e-a238e9af76bd: shutdown group-7BCDB42B4A92
2019-09-19 10:40:50,234 [refreshUsed-/workdir/hadoop-ozone/ozonefs/target/test-dir/MiniOzoneClusterImpl-95adb35c-95a9-4d64-bfad-30ad63d9b33a/datanode-0/data/containers] WARN  fs.CachingGetSpaceUsed (CachingGetSpaceUsed.java:run(183)) - Thread Interrupted waiting to refresh disk information: sleep interrupted
2019-09-19 10:40:50,234 [main] INFO  util.JmxRegister (JmxRegister.java:unregister(73)) - Successfully un-registered JMX Bean with object name Ratis:service=RaftServer,group=group-7BCDB42B4A92,id=fe4962de-281a-444f-941e-a238e9af76bd
2019-09-19 10:40:50,235 [main] INFO  impl.RoleInfo (RoleInfo.java:shutdownFollowerState(121)) - fe4962de-281a-444f-941e-a238e9af76bd: shutdown FollowerState
2019-09-19 10:40:50,235 [main] INFO  impl.StateMachineUpdater (StateMachineUpdater.java:stopAndJoin(115)) - StateMachineUpdater:fe4962de-281a-444f-941e-a238e9af76bd:group-7BCDB42B4A92: set stopIndex = -1
2019-09-19 10:40:50,236 [main] INFO  impl.RaftServerImpl (ServerState.java:close(394)) - fe4962de-281a-444f-941e-a238e9af76bd:group-7BCDB42B4A92 closes. The last applied log index is -1
2019-09-19 10:40:50,236 [Thread-1527] INFO  impl.FollowerState (FollowerState.java:run(114)) - fe4962de-281a-444f-941e-a238e9af76bd: FollowerState was interrupted: java.lang.InterruptedException: sleep interrupted
2019-09-19 10:40:50,237 [fe4962de-281a-444f-941e-a238e9af76bd-SegmentedRaftLogWorker:Storage Directory /workdir/hadoop-ozone/ozonefs/target/test-dir/MiniOzoneClusterImpl-95adb35c-95a9-4d64-bfad-30ad63d9b33a/datanode-1/data/ratis/c835648c-e89e-423f-ad34-7bcdb42b4a92] INFO  segmented.SegmentedRaftLogWorker (SegmentedRaftLogWorker.java:run(313)) - fe4962de-281a-444f-941e-a238e9af76bd-SegmentedRaftLogWorker:Storage Directory /workdir/hadoop-ozone/ozonefs/target/test-dir/MiniOzoneClusterImpl-95adb35c-95a9-4d64-bfad-30ad63d9b33a/datanode-1/data/ratis/c835648c-e89e-423f-ad34-7bcdb42b4a92 was interrupted, exiting. There are 0 tasks remaining in the queue.
2019-09-19 10:40:50,237 [main] INFO  segmented.SegmentedRaftLogWorker (SegmentedRaftLogWorker.java:close(228)) - fe4962de-281a-444f-941e-a238e9af76bd-SegmentedRaftLogWorker:Storage Directory /workdir/hadoop-ozone/ozonefs/target/test-dir/MiniOzoneClusterImpl-95adb35c-95a9-4d64-bfad-30ad63d9b33a/datanode-1/data/ratis/c835648c-e89e-423f-ad34-7bcdb42b4a92 close()
2019-09-19 10:40:50,238 [main] INFO  impl.RaftServerImpl (RaftServerImpl.java:lambda$shutdown$3(245)) - fe4962de-281a-444f-941e-a238e9af76bd: shutdown group-6B67B7C1501D
2019-09-19 10:40:50,238 [main] INFO  util.JmxRegister (JmxRegister.java:unregister(73)) - Successfully un-registered JMX Bean with object name Ratis:service=RaftServer,group=group-6B67B7C1501D,id=fe4962de-281a-444f-941e-a238e9af76bd
2019-09-19 10:40:50,238 [main] INFO  impl.RoleInfo (RoleInfo.java:shutdownLeaderState(104)) - fe4962de-281a-444f-941e-a238e9af76bd: shutdown LeaderState
2019-09-19 10:40:50,239 [main] INFO  impl.PendingRequests (PendingRequests.java:sendNotLeaderResponses(202)) - fe4962de-281a-444f-941e-a238e9af76bd-PendingRequests: sendNotLeaderResponses
2019-09-19 10:40:50,239 [main] INFO  impl.StateMachineUpdater (StateMachineUpdater.java:stopAndJoin(115)) - StateMachineUpdater:fe4962de-281a-444f-941e-a238e9af76bd:group-6B67B7C1501D: set stopIndex = 0
2019-09-19 10:40:50,240 [main] INFO  impl.RaftServerImpl (ServerState.java:close(394)) - fe4962de-281a-444f-941e-a238e9af76bd:group-6B67B7C1501D closes. The last applied log index is 0
2019-09-19 10:40:50,240 [fe4962de-281a-444f-941e-a238e9af76bd-SegmentedRaftLogWorker:Storage Directory /workdir/hadoop-ozone/ozonefs/target/test-dir/MiniOzoneClusterImpl-95adb35c-95a9-4d64-bfad-30ad63d9b33a/datanode-1/data/ratis/75f373fb-e416-4b81-afaf-6b67b7c1501d] INFO  segmented.SegmentedRaftLogWorker (SegmentedRaftLogWorker.java:run(313)) - fe4962de-281a-444f-941e-a238e9af76bd-SegmentedRaftLogWorker:Storage Directory /workdir/hadoop-ozone/ozonefs/target/test-dir/MiniOzoneClusterImpl-95adb35c-95a9-4d64-bfad-30ad63d9b33a/datanode-1/data/ratis/75f373fb-e416-4b81-afaf-6b67b7c1501d was interrupted, exiting. There are 0 tasks remaining in the queue.
2019-09-19 10:40:50,240 [main] INFO  segmented.SegmentedRaftLogWorker (SegmentedRaftLogWorker.java:close(228)) - fe4962de-281a-444f-941e-a238e9af76bd-SegmentedRaftLogWorker:Storage Directory /workdir/hadoop-ozone/ozonefs/target/test-dir/MiniOzoneClusterImpl-95adb35c-95a9-4d64-bfad-30ad63d9b33a/datanode-1/data/ratis/75f373fb-e416-4b81-afaf-6b67b7c1501d close()
2019-09-19 10:40:50,241 [main] INFO  server.GrpcService (GrpcService.java:closeImpl(155)) - fe4962de-281a-444f-941e-a238e9af76bd: shutdown server with port 44401 now
2019-09-19 10:40:50,245 [main] INFO  server.GrpcService (GrpcService.java:closeImpl(163)) - fe4962de-281a-444f-941e-a238e9af76bd: shutdown server with port 44401 successfully
2019-09-19 10:40:50,246 [main] INFO  utils.BackgroundService (BackgroundService.java:shutdown(148)) - Shutting down service BlockDeletingService
2019-09-19 10:40:50,248 [refreshUsed-/workdir/hadoop-ozone/ozonefs/target/test-dir/MiniOzoneClusterImpl-95adb35c-95a9-4d64-bfad-30ad63d9b33a/datanode-1/data/containers] WARN  fs.CachingGetSpaceUsed (CachingGetSpaceUsed.java:run(183)) - Thread Interrupted waiting to refresh disk information: sleep interrupted
2019-09-19 10:40:50,265 [ForkJoinPool.commonPool-worker-0] INFO  statemachine.DatanodeStateMachine (DatanodeStateMachine.java:stopDaemon(395)) - Ozone container server stopped.
2019-09-19 10:40:50,268 [ForkJoinPool.commonPool-worker-0] INFO  handler.ContextHandler (ContextHandler.java:doStop(910)) - Stopped o.e.j.w.WebAppContext@1221d607{/,null,UNAVAILABLE}{/hddsDatanode}
2019-09-19 10:40:50,269 [ForkJoinPool.commonPool-worker-0] INFO  server.AbstractConnector (AbstractConnector.java:doStop(318)) - Stopped ServerConnector@4b45c8e4{HTTP/1.1,[http/1.1]}{0.0.0.0:0}
2019-09-19 10:40:50,270 [ForkJoinPool.commonPool-worker-0] INFO  handler.ContextHandler (ContextHandler.java:doStop(910)) - Stopped o.e.j.s.ServletContextHandler@18c26588{/static,jar:file:/home/user/.m2/repository/org/apache/hadoop/hadoop-hdds-container-service/0.5.0-SNAPSHOT/hadoop-hdds-container-service-0.5.0-SNAPSHOT.jar!/webapps/static,UNAVAILABLE}
2019-09-19 10:40:50,271 [ForkJoinPool.commonPool-worker-0] INFO  handler.ContextHandler (ContextHandler.java:doStop(910)) - Stopped o.e.j.s.ServletContextHandler@71e89a26{/logs,file:///workdir/hadoop-ozone/ozonefs/target/log,UNAVAILABLE}
2019-09-19 10:40:50,271 [ForkJoinPool.commonPool-worker-0] INFO  datanode.ObjectStoreHandler (ObjectStoreHandler.java:close(155)) - Closing ObjectStoreHandler.
2019-09-19 10:40:50,272 [ForkJoinPool.commonPool-worker-0] INFO  ozone.HddsDatanodeService (HddsDatanodeService.java:stop(451)) - Stopped plug-in org.apache.hadoop.ozone.web.OzoneHddsDatanodeService@4f571c0e
2019-09-19 10:40:50,286 [main] INFO  statemachine.DatanodeStateMachine (DatanodeStateMachine.java:stopDaemon(395)) - Ozone container server stopped.
2019-09-19 10:40:50,286 [main] INFO  handler.ContextHandler (ContextHandler.java:doStop(910)) - Stopped o.e.j.w.WebAppContext@112a50a1{/,null,UNAVAILABLE}{/hddsDatanode}
2019-09-19 10:40:50,287 [main] INFO  server.AbstractConnector (AbstractConnector.java:doStop(318)) - Stopped ServerConnector@6258f9d1{HTTP/1.1,[http/1.1]}{0.0.0.0:0}
2019-09-19 10:40:50,287 [main] INFO  handler.ContextHandler (ContextHandler.java:doStop(910)) - Stopped o.e.j.s.ServletContextHandler@3889c343{/static,jar:file:/home/user/.m2/repository/org/apache/hadoop/hadoop-hdds-container-service/0.5.0-SNAPSHOT/hadoop-hdds-container-service-0.5.0-SNAPSHOT.jar!/webapps/static,UNAVAILABLE}
2019-09-19 10:40:50,287 [main] INFO  handler.ContextHandler (ContextHandler.java:doStop(910)) - Stopped o.e.j.s.ServletContextHandler@16f62062{/logs,file:///workdir/hadoop-ozone/ozonefs/target/log,UNAVAILABLE}
2019-09-19 10:40:50,775 [Datanode State Machine Thread - 0] INFO  statemachine.DatanodeStateMachine (DatanodeStateMachine.java:lambda$startDaemon$0(350)) - Ozone container server started.
2019-09-19 10:40:55,272 [ForkJoinPool.commonPool-worker-0] INFO  ozoneimpl.OzoneContainer (OzoneContainer.java:stop(199)) - Attempting to stop container services.
2019-09-19 10:40:55,273 [ForkJoinPool.commonPool-worker-0] INFO  impl.RaftServerProxy (RaftServerProxy.java:lambda$close$4(314)) - 9446dbb8-be1e-4927-9a10-06bfbd259176: close
2019-09-19 10:40:55,273 [ForkJoinPool.commonPool-worker-0] INFO  impl.RaftServerImpl (RaftServerImpl.java:lambda$shutdown$3(245)) - 9446dbb8-be1e-4927-9a10-06bfbd259176: shutdown group-33466FEB766F
2019-09-19 10:40:55,273 [ForkJoinPool.commonPool-worker-0] INFO  util.JmxRegister (JmxRegister.java:unregister(73)) - Successfully un-registered JMX Bean with object name Ratis:service=RaftServer,group=group-33466FEB766F,id=9446dbb8-be1e-4927-9a10-06bfbd259176
2019-09-19 10:40:55,274 [ForkJoinPool.commonPool-worker-0] INFO  impl.RoleInfo (RoleInfo.java:shutdownLeaderState(104)) - 9446dbb8-be1e-4927-9a10-06bfbd259176: shutdown LeaderState
2019-09-19 10:40:55,274 [ForkJoinPool.commonPool-worker-0] INFO  impl.PendingRequests (PendingRequests.java:sendNotLeaderResponses(202)) - 9446dbb8-be1e-4927-9a10-06bfbd259176-PendingRequests: sendNotLeaderResponses
2019-09-19 10:40:55,274 [ForkJoinPool.commonPool-worker-0] INFO  impl.StateMachineUpdater (StateMachineUpdater.java:stopAndJoin(115)) - StateMachineUpdater:9446dbb8-be1e-4927-9a10-06bfbd259176:group-33466FEB766F: set stopIndex = 0
2019-09-19 10:40:55,274 [ForkJoinPool.commonPool-worker-0] INFO  impl.RaftServerImpl (ServerState.java:close(394)) - 9446dbb8-be1e-4927-9a10-06bfbd259176:group-33466FEB766F closes. The last applied log index is 0
2019-09-19 10:40:55,274 [9446dbb8-be1e-4927-9a10-06bfbd259176-SegmentedRaftLogWorker:Storage Directory /workdir/hadoop-ozone/ozonefs/target/test-dir/MiniOzoneClusterImpl-95adb35c-95a9-4d64-bfad-30ad63d9b33a/datanode-2/data/ratis/5a102d04-be2c-4113-b80f-33466feb766f] INFO  segmented.SegmentedRaftLogWorker (SegmentedRaftLogWorker.java:run(313)) - 9446dbb8-be1e-4927-9a10-06bfbd259176-SegmentedRaftLogWorker:Storage Directory /workdir/hadoop-ozone/ozonefs/target/test-dir/MiniOzoneClusterImpl-95adb35c-95a9-4d64-bfad-30ad63d9b33a/datanode-2/data/ratis/5a102d04-be2c-4113-b80f-33466feb766f was interrupted, exiting. There are 0 tasks remaining in the queue.
2019-09-19 10:40:55,275 [ForkJoinPool.commonPool-worker-0] INFO  segmented.SegmentedRaftLogWorker (SegmentedRaftLogWorker.java:close(228)) - 9446dbb8-be1e-4927-9a10-06bfbd259176-SegmentedRaftLogWorker:Storage Directory /workdir/hadoop-ozone/ozonefs/target/test-dir/MiniOzoneClusterImpl-95adb35c-95a9-4d64-bfad-30ad63d9b33a/datanode-2/data/ratis/5a102d04-be2c-4113-b80f-33466feb766f close()
2019-09-19 10:40:55,275 [ForkJoinPool.commonPool-worker-0] INFO  impl.RaftServerImpl (RaftServerImpl.java:lambda$shutdown$3(245)) - 9446dbb8-be1e-4927-9a10-06bfbd259176: shutdown group-DFDF6F164C2B
2019-09-19 10:40:55,275 [ForkJoinPool.commonPool-worker-0] INFO  util.JmxRegister (JmxRegister.java:unregister(73)) - Successfully un-registered JMX Bean with object name Ratis:service=RaftServer,group=group-DFDF6F164C2B,id=9446dbb8-be1e-4927-9a10-06bfbd259176
2019-09-19 10:40:55,275 [ForkJoinPool.commonPool-worker-0] INFO  impl.RoleInfo (RoleInfo.java:shutdownLeaderState(104)) - 9446dbb8-be1e-4927-9a10-06bfbd259176: shutdown LeaderState
2019-09-19 10:40:55,275 [ForkJoinPool.commonPool-worker-0] INFO  impl.PendingRequests (PendingRequests.java:sendNotLeaderResponses(202)) - 9446dbb8-be1e-4927-9a10-06bfbd259176-PendingRequests: sendNotLeaderResponses
2019-09-19 10:40:55,275 [ForkJoinPool.commonPool-worker-0] INFO  impl.StateMachineUpdater (StateMachineUpdater.java:stopAndJoin(115)) - StateMachineUpdater:9446dbb8-be1e-4927-9a10-06bfbd259176:group-DFDF6F164C2B: set stopIndex = 0
2019-09-19 10:40:55,276 [ForkJoinPool.commonPool-worker-0] INFO  impl.RaftServerImpl (ServerState.java:close(394)) - 9446dbb8-be1e-4927-9a10-06bfbd259176:group-DFDF6F164C2B closes. The last applied log index is 0
2019-09-19 10:40:55,276 [9446dbb8-be1e-4927-9a10-06bfbd259176-SegmentedRaftLogWorker:Storage Directory /workdir/hadoop-ozone/ozonefs/target/test-dir/MiniOzoneClusterImpl-95adb35c-95a9-4d64-bfad-30ad63d9b33a/datanode-2/data/ratis/aea95ea2-33d5-40cf-815b-dfdf6f164c2b] INFO  segmented.SegmentedRaftLogWorker (SegmentedRaftLogWorker.java:run(313)) - 9446dbb8-be1e-4927-9a10-06bfbd259176-SegmentedRaftLogWorker:Storage Directory /workdir/hadoop-ozone/ozonefs/target/test-dir/MiniOzoneClusterImpl-95adb35c-95a9-4d64-bfad-30ad63d9b33a/datanode-2/data/ratis/aea95ea2-33d5-40cf-815b-dfdf6f164c2b was interrupted, exiting. There are 0 tasks remaining in the queue.
2019-09-19 10:40:55,276 [ForkJoinPool.commonPool-worker-0] INFO  segmented.SegmentedRaftLogWorker (SegmentedRaftLogWorker.java:close(228)) - 9446dbb8-be1e-4927-9a10-06bfbd259176-SegmentedRaftLogWorker:Storage Directory /workdir/hadoop-ozone/ozonefs/target/test-dir/MiniOzoneClusterImpl-95adb35c-95a9-4d64-bfad-30ad63d9b33a/datanode-2/data/ratis/aea95ea2-33d5-40cf-815b-dfdf6f164c2b close()
2019-09-19 10:40:55,276 [ForkJoinPool.commonPool-worker-0] INFO  impl.RaftServerImpl (RaftServerImpl.java:lambda$shutdown$3(245)) - 9446dbb8-be1e-4927-9a10-06bfbd259176: shutdown group-4E45C913B92C
2019-09-19 10:40:55,277 [ForkJoinPool.commonPool-worker-0] INFO  util.JmxRegister (JmxRegister.java:unregister(73)) - Successfully un-registered JMX Bean with object name Ratis:service=RaftServer,group=group-4E45C913B92C,id=9446dbb8-be1e-4927-9a10-06bfbd259176
2019-09-19 10:40:55,277 [ForkJoinPool.commonPool-worker-0] INFO  impl.RoleInfo (RoleInfo.java:shutdownLeaderState(104)) - 9446dbb8-be1e-4927-9a10-06bfbd259176: shutdown LeaderState
2019-09-19 10:40:55,277 [ForkJoinPool.commonPool-worker-0] INFO  impl.PendingRequests (PendingRequests.java:sendNotLeaderResponses(202)) - 9446dbb8-be1e-4927-9a10-06bfbd259176-PendingRequests: sendNotLeaderResponses
2019-09-19 10:40:55,277 [ForkJoinPool.commonPool-worker-0] INFO  impl.StateMachineUpdater (StateMachineUpdater.java:stopAndJoin(115)) - StateMachineUpdater:9446dbb8-be1e-4927-9a10-06bfbd259176:group-4E45C913B92C: set stopIndex = 0
2019-09-19 10:40:55,277 [ForkJoinPool.commonPool-worker-0] INFO  impl.RaftServerImpl (ServerState.java:close(394)) - 9446dbb8-be1e-4927-9a10-06bfbd259176:group-4E45C913B92C closes. The last applied log index is 0
2019-09-19 10:40:55,278 [9446dbb8-be1e-4927-9a10-06bfbd259176-SegmentedRaftLogWorker:Storage Directory /workdir/hadoop-ozone/ozonefs/target/test-dir/MiniOzoneClusterImpl-95adb35c-95a9-4d64-bfad-30ad63d9b33a/datanode-2/data/ratis/58c3a467-c4c1-48e9-8a1e-4e45c913b92c] INFO  segmented.SegmentedRaftLogWorker (SegmentedRaftLogWorker.java:run(313)) - 9446dbb8-be1e-4927-9a10-06bfbd259176-SegmentedRaftLogWorker:Storage Directory /workdir/hadoop-ozone/ozonefs/target/test-dir/MiniOzoneClusterImpl-95adb35c-95a9-4d64-bfad-30ad63d9b33a/datanode-2/data/ratis/58c3a467-c4c1-48e9-8a1e-4e45c913b92c was interrupted, exiting. There are 0 tasks remaining in the queue.
2019-09-19 10:40:55,278 [ForkJoinPool.commonPool-worker-0] INFO  segmented.SegmentedRaftLogWorker (SegmentedRaftLogWorker.java:close(228)) - 9446dbb8-be1e-4927-9a10-06bfbd259176-SegmentedRaftLogWorker:Storage Directory /workdir/hadoop-ozone/ozonefs/target/test-dir/MiniOzoneClusterImpl-95adb35c-95a9-4d64-bfad-30ad63d9b33a/datanode-2/data/ratis/58c3a467-c4c1-48e9-8a1e-4e45c913b92c close()
2019-09-19 10:40:55,278 [ForkJoinPool.commonPool-worker-0] INFO  impl.RaftServerImpl (RaftServerImpl.java:lambda$shutdown$3(245)) - 9446dbb8-be1e-4927-9a10-06bfbd259176: shutdown group-EEE457AE2355
2019-09-19 10:40:55,278 [ForkJoinPool.commonPool-worker-0] INFO  util.JmxRegister (JmxRegister.java:unregister(73)) - Successfully un-registered JMX Bean with object name Ratis:service=RaftServer,group=group-EEE457AE2355,id=9446dbb8-be1e-4927-9a10-06bfbd259176
2019-09-19 10:40:55,279 [ForkJoinPool.commonPool-worker-0] INFO  impl.RoleInfo (RoleInfo.java:shutdownLeaderState(104)) - 9446dbb8-be1e-4927-9a10-06bfbd259176: shutdown LeaderState
2019-09-19 10:40:55,279 [ForkJoinPool.commonPool-worker-0] INFO  impl.PendingRequests (PendingRequests.java:sendNotLeaderResponses(202)) - 9446dbb8-be1e-4927-9a10-06bfbd259176-PendingRequests: sendNotLeaderResponses
2019-09-19 10:40:55,279 [ForkJoinPool.commonPool-worker-0] INFO  impl.StateMachineUpdater (StateMachineUpdater.java:stopAndJoin(115)) - StateMachineUpdater:9446dbb8-be1e-4927-9a10-06bfbd259176:group-EEE457AE2355: set stopIndex = 0
2019-09-19 10:40:55,279 [ForkJoinPool.commonPool-worker-0] INFO  impl.RaftServerImpl (ServerState.java:close(394)) - 9446dbb8-be1e-4927-9a10-06bfbd259176:group-EEE457AE2355 closes. The last applied log index is 0
2019-09-19 10:40:55,279 [9446dbb8-be1e-4927-9a10-06bfbd259176-SegmentedRaftLogWorker:Storage Directory /workdir/hadoop-ozone/ozonefs/target/test-dir/MiniOzoneClusterImpl-95adb35c-95a9-4d64-bfad-30ad63d9b33a/datanode-2/data/ratis/0a37b814-9eda-45d7-90c9-eee457ae2355] INFO  segmented.SegmentedRaftLogWorker (SegmentedRaftLogWorker.java:run(313)) - 9446dbb8-be1e-4927-9a10-06bfbd259176-SegmentedRaftLogWorker:Storage Directory /workdir/hadoop-ozone/ozonefs/target/test-dir/MiniOzoneClusterImpl-95adb35c-95a9-4d64-bfad-30ad63d9b33a/datanode-2/data/ratis/0a37b814-9eda-45d7-90c9-eee457ae2355 was interrupted, exiting. There are 0 tasks remaining in the queue.
2019-09-19 10:40:55,279 [ForkJoinPool.commonPool-worker-0] INFO  segmented.SegmentedRaftLogWorker (SegmentedRaftLogWorker.java:close(228)) - 9446dbb8-be1e-4927-9a10-06bfbd259176-SegmentedRaftLogWorker:Storage Directory /workdir/hadoop-ozone/ozonefs/target/test-dir/MiniOzoneClusterImpl-95adb35c-95a9-4d64-bfad-30ad63d9b33a/datanode-2/data/ratis/0a37b814-9eda-45d7-90c9-eee457ae2355 close()
2019-09-19 10:40:55,280 [ForkJoinPool.commonPool-worker-0] INFO  impl.RaftServerImpl (RaftServerImpl.java:lambda$shutdown$3(245)) - 9446dbb8-be1e-4927-9a10-06bfbd259176: shutdown group-D45AC50A9187
2019-09-19 10:40:55,280 [ForkJoinPool.commonPool-worker-0] INFO  util.JmxRegister (JmxRegister.java:unregister(73)) - Successfully un-registered JMX Bean with object name Ratis:service=RaftServer,group=group-D45AC50A9187,id=9446dbb8-be1e-4927-9a10-06bfbd259176
2019-09-19 10:40:55,280 [ForkJoinPool.commonPool-worker-0] INFO  impl.RoleInfo (RoleInfo.java:shutdownLeaderState(104)) - 9446dbb8-be1e-4927-9a10-06bfbd259176: shutdown LeaderState
2019-09-19 10:40:55,280 [ForkJoinPool.commonPool-worker-0] INFO  impl.PendingRequests (PendingRequests.java:sendNotLeaderResponses(202)) - 9446dbb8-be1e-4927-9a10-06bfbd259176-PendingRequests: sendNotLeaderResponses
2019-09-19 10:40:55,280 [ForkJoinPool.commonPool-worker-0] INFO  impl.StateMachineUpdater (StateMachineUpdater.java:stopAndJoin(115)) - StateMachineUpdater:9446dbb8-be1e-4927-9a10-06bfbd259176:group-D45AC50A9187: set stopIndex = 0
2019-09-19 10:40:55,281 [ForkJoinPool.commonPool-worker-0] INFO  impl.RaftServerImpl (ServerState.java:close(394)) - 9446dbb8-be1e-4927-9a10-06bfbd259176:group-D45AC50A9187 closes. The last applied log index is 0
2019-09-19 10:40:55,281 [9446dbb8-be1e-4927-9a10-06bfbd259176-SegmentedRaftLogWorker:Storage Directory /workdir/hadoop-ozone/ozonefs/target/test-dir/MiniOzoneClusterImpl-95adb35c-95a9-4d64-bfad-30ad63d9b33a/datanode-2/data/ratis/d333d505-ee94-469f-8fe7-d45ac50a9187] INFO  segmented.SegmentedRaftLogWorker (SegmentedRaftLogWorker.java:run(313)) - 9446dbb8-be1e-4927-9a10-06bfbd259176-SegmentedRaftLogWorker:Storage Directory /workdir/hadoop-ozone/ozonefs/target/test-dir/MiniOzoneClusterImpl-95adb35c-95a9-4d64-bfad-30ad63d9b33a/datanode-2/data/ratis/d333d505-ee94-469f-8fe7-d45ac50a9187 was interrupted, exiting. There are 0 tasks remaining in the queue.
2019-09-19 10:40:55,281 [ForkJoinPool.commonPool-worker-0] INFO  segmented.SegmentedRaftLogWorker (SegmentedRaftLogWorker.java:close(228)) - 9446dbb8-be1e-4927-9a10-06bfbd259176-SegmentedRaftLogWorker:Storage Directory /workdir/hadoop-ozone/ozonefs/target/test-dir/MiniOzoneClusterImpl-95adb35c-95a9-4d64-bfad-30ad63d9b33a/datanode-2/data/ratis/d333d505-ee94-469f-8fe7-d45ac50a9187 close()
2019-09-19 10:40:55,281 [ForkJoinPool.commonPool-worker-0] INFO  impl.RaftServerImpl (RaftServerImpl.java:lambda$shutdown$3(245)) - 9446dbb8-be1e-4927-9a10-06bfbd259176: shutdown group-CA249123B544
2019-09-19 10:40:55,281 [ForkJoinPool.commonPool-worker-0] INFO  util.JmxRegister (JmxRegister.java:unregister(73)) - Successfully un-registered JMX Bean with object name Ratis:service=RaftServer,group=group-CA249123B544,id=9446dbb8-be1e-4927-9a10-06bfbd259176
2019-09-19 10:40:55,281 [ForkJoinPool.commonPool-worker-0] INFO  impl.RoleInfo (RoleInfo.java:shutdownLeaderState(104)) - 9446dbb8-be1e-4927-9a10-06bfbd259176: shutdown LeaderState
2019-09-19 10:40:55,282 [ForkJoinPool.commonPool-worker-0] INFO  impl.PendingRequests (PendingRequests.java:sendNotLeaderResponses(202)) - 9446dbb8-be1e-4927-9a10-06bfbd259176-PendingRequests: sendNotLeaderResponses
2019-09-19 10:40:55,282 [ForkJoinPool.commonPool-worker-0] INFO  impl.StateMachineUpdater (StateMachineUpdater.java:stopAndJoin(115)) - StateMachineUpdater:9446dbb8-be1e-4927-9a10-06bfbd259176:group-CA249123B544: set stopIndex = 0
2019-09-19 10:40:55,282 [ForkJoinPool.commonPool-worker-0] INFO  impl.RaftServerImpl (ServerState.java:close(394)) - 9446dbb8-be1e-4927-9a10-06bfbd259176:group-CA249123B544 closes. The last applied log index is 0
2019-09-19 10:40:55,282 [9446dbb8-be1e-4927-9a10-06bfbd259176-SegmentedRaftLogWorker:Storage Directory /workdir/hadoop-ozone/ozonefs/target/test-dir/MiniOzoneClusterImpl-95adb35c-95a9-4d64-bfad-30ad63d9b33a/datanode-2/data/ratis/c73872f5-b550-49d0-9bb1-ca249123b544] INFO  segmented.SegmentedRaftLogWorker (SegmentedRaftLogWorker.java:run(313)) - 9446dbb8-be1e-4927-9a10-06bfbd259176-SegmentedRaftLogWorker:Storage Directory /workdir/hadoop-ozone/ozonefs/target/test-dir/MiniOzoneClusterImpl-95adb35c-95a9-4d64-bfad-30ad63d9b33a/datanode-2/data/ratis/c73872f5-b550-49d0-9bb1-ca249123b544 was interrupted, exiting. There are 0 tasks remaining in the queue.
2019-09-19 10:40:55,283 [ForkJoinPool.commonPool-worker-0] INFO  segmented.SegmentedRaftLogWorker (SegmentedRaftLogWorker.java:close(228)) - 9446dbb8-be1e-4927-9a10-06bfbd259176-SegmentedRaftLogWorker:Storage Directory /workdir/hadoop-ozone/ozonefs/target/test-dir/MiniOzoneClusterImpl-95adb35c-95a9-4d64-bfad-30ad63d9b33a/datanode-2/data/ratis/c73872f5-b550-49d0-9bb1-ca249123b544 close()
2019-09-19 10:40:55,283 [ForkJoinPool.commonPool-worker-0] INFO  server.GrpcService (GrpcService.java:closeImpl(155)) - 9446dbb8-be1e-4927-9a10-06bfbd259176: shutdown server with port 38286 now
2019-09-19 10:40:55,284 [ForkJoinPool.commonPool-worker-0] INFO  server.GrpcService (GrpcService.java:closeImpl(163)) - 9446dbb8-be1e-4927-9a10-06bfbd259176: shutdown server with port 38286 successfully
2019-09-19 10:40:55,285 [ForkJoinPool.commonPool-worker-0] INFO  utils.BackgroundService (BackgroundService.java:shutdown(148)) - Shutting down service BlockDeletingService
2019-09-19 10:40:55,286 [refreshUsed-/workdir/hadoop-ozone/ozonefs/target/test-dir/MiniOzoneClusterImpl-95adb35c-95a9-4d64-bfad-30ad63d9b33a/datanode-2/data/containers] WARN  fs.CachingGetSpaceUsed (CachingGetSpaceUsed.java:run(183)) - Thread Interrupted waiting to refresh disk information: sleep interrupted
2019-09-19 10:40:55,306 [ForkJoinPool.commonPool-worker-0] INFO  statemachine.DatanodeStateMachine (DatanodeStateMachine.java:stopDaemon(395)) - Ozone container server stopped.
2019-09-19 10:40:55,308 [ForkJoinPool.commonPool-worker-0] INFO  handler.ContextHandler (ContextHandler.java:doStop(910)) - Stopped o.e.j.w.WebAppContext@51d2d336{/,null,UNAVAILABLE}{/hddsDatanode}
2019-09-19 10:40:55,308 [ForkJoinPool.commonPool-worker-0] INFO  server.AbstractConnector (AbstractConnector.java:doStop(318)) - Stopped ServerConnector@90c01ab{HTTP/1.1,[http/1.1]}{0.0.0.0:0}
2019-09-19 10:40:55,309 [ForkJoinPool.commonPool-worker-0] INFO  handler.ContextHandler (ContextHandler.java:doStop(910)) - Stopped o.e.j.s.ServletContextHandler@577f81a0{/static,jar:file:/home/user/.m2/repository/org/apache/hadoop/hadoop-hdds-container-service/0.5.0-SNAPSHOT/hadoop-hdds-container-service-0.5.0-SNAPSHOT.jar!/webapps/static,UNAVAILABLE}
2019-09-19 10:40:55,310 [ForkJoinPool.commonPool-worker-0] INFO  handler.ContextHandler (ContextHandler.java:doStop(910)) - Stopped o.e.j.s.ServletContextHandler@34d0c331{/logs,file:///workdir/hadoop-ozone/ozonefs/target/log,UNAVAILABLE}
2019-09-19 10:40:55,310 [main] INFO  ozone.MiniOzoneClusterImpl (MiniOzoneClusterImpl.java:stop(353)) - Stopping the StorageContainerManager
2019-09-19 10:40:55,310 [main] INFO  server.StorageContainerManager (StorageContainerManager.java:stop(797)) - Stopping Replication Manager Service.
2019-09-19 10:40:55,311 [main] INFO  container.ReplicationManager (ReplicationManager.java:stop(192)) - Stopping Replication Monitor Thread.
2019-09-19 10:40:55,311 [main] INFO  server.StorageContainerManager (StorageContainerManager.java:stop(804)) - Stopping Lease Manager of the command watchers
2019-09-19 10:40:55,311 [main] INFO  server.StorageContainerManager (StorageContainerManager.java:stop(811)) - Stopping datanode service RPC server
2019-09-19 10:40:55,311 [main] INFO  server.SCMDatanodeProtocolServer (SCMDatanodeProtocolServer.java:stop(367)) - Stopping the RPC server for DataNodes
2019-09-19 10:40:55,311 [main] INFO  ipc.Server (Server.java:stop(3082)) - Stopping server on 33288
2019-09-19 10:40:55,313 [IPC Server listener on 33288] INFO  ipc.Server (Server.java:run(1185)) - Stopping IPC Server listener on 33288
2019-09-19 10:40:55,313 [IPC Server Responder] INFO  ipc.Server (Server.java:run(1319)) - Stopping IPC Server Responder
2019-09-19 10:40:55,332 [SCM Heartbeat Processing Thread - 0] WARN  node.NodeStateManager (NodeStateManager.java:scheduleNextHealthCheck(655)) - Current Thread is interrupted, shutting down HB processing thread for Node Manager.
2019-09-19 10:40:55,332 [main] INFO  server.StorageContainerManager (StorageContainerManager.java:stop(819)) - Stopping block service RPC server
2019-09-19 10:40:55,332 [main] INFO  server.SCMBlockProtocolServer (SCMBlockProtocolServer.java:stop(148)) - Stopping the RPC server for Block Protocol
2019-09-19 10:40:55,332 [main] INFO  ipc.Server (Server.java:stop(3082)) - Stopping server on 37386
2019-09-19 10:40:55,333 [main] INFO  server.StorageContainerManager (StorageContainerManager.java:stop(826)) - Stopping the StorageContainerLocationProtocol RPC server
2019-09-19 10:40:55,333 [IPC Server listener on 37386] INFO  ipc.Server (Server.java:run(1185)) - Stopping IPC Server listener on 37386
2019-09-19 10:40:55,334 [main] INFO  server.SCMClientProtocolServer (SCMClientProtocolServer.java:stop(159)) - Stopping the RPC server for Client Protocol
2019-09-19 10:40:55,335 [main] INFO  ipc.Server (Server.java:stop(3082)) - Stopping server on 41518
2019-09-19 10:40:55,335 [IPC Server Responder] INFO  ipc.Server (Server.java:run(1319)) - Stopping IPC Server Responder
2019-09-19 10:40:55,336 [main] INFO  server.StorageContainerManager (StorageContainerManager.java:stop(833)) - Stopping Storage Container Manager HTTP server.
2019-09-19 10:40:55,336 [IPC Server listener on 41518] INFO  ipc.Server (Server.java:run(1185)) - Stopping IPC Server listener on 41518
2019-09-19 10:40:55,337 [IPC Server Responder] INFO  ipc.Server (Server.java:run(1319)) - Stopping IPC Server Responder
2019-09-19 10:40:55,338 [main] INFO  handler.ContextHandler (ContextHandler.java:doStop(910)) - Stopped o.e.j.w.WebAppContext@f1e1d66{/,null,UNAVAILABLE}{/scm}
2019-09-19 10:40:55,338 [main] INFO  server.AbstractConnector (AbstractConnector.java:doStop(318)) - Stopped ServerConnector@3cd28235{HTTP/1.1,[http/1.1]}{0.0.0.0:0}
2019-09-19 10:40:55,338 [main] INFO  handler.ContextHandler (ContextHandler.java:doStop(910)) - Stopped o.e.j.s.ServletContextHandler@4154ecd3{/static,jar:file:/home/user/.m2/repository/org/apache/hadoop/hadoop-hdds-server-scm/0.5.0-SNAPSHOT/hadoop-hdds-server-scm-0.5.0-SNAPSHOT.jar!/webapps/static,UNAVAILABLE}
2019-09-19 10:40:55,339 [main] INFO  handler.ContextHandler (ContextHandler.java:doStop(910)) - Stopped o.e.j.s.ServletContextHandler@72ea6fcb{/logs,file:///workdir/hadoop-ozone/ozonefs/target/log,UNAVAILABLE}
2019-09-19 10:40:55,340 [main] INFO  server.StorageContainerManager (StorageContainerManager.java:stop(844)) - Stopping Block Manager Service.
2019-09-19 10:40:55,340 [main] INFO  utils.BackgroundService (BackgroundService.java:shutdown(148)) - Shutting down service SCMBlockDeletingService
2019-09-19 10:40:55,340 [main] INFO  utils.BackgroundService (BackgroundService.java:shutdown(148)) - Shutting down service SCMBlockDeletingService
2019-09-19 10:40:55,340 [main] INFO  server.StorageContainerManager (StorageContainerManager.java:stop(866)) - Stopping SCM Event Queue.
2019-09-19 10:40:55,343 [main] INFO  impl.MetricsSystemImpl (MetricsSystemImpl.java:stop(210)) - Stopping HddsDatanode metrics system...
2019-09-19 10:40:55,347 [main] INFO  impl.MetricsSystemImpl (MetricsSystemImpl.java:stop(216)) - HddsDatanode metrics system stopped.
]]></system-out>
    <system-err><![CDATA[Sep 19, 2019 10:40:39 AM com.sun.jersey.server.impl.application.WebApplicationImpl _initiate
INFO: Initiating Jersey application, version 'Jersey: 1.19 02/11/2015 03:25 AM'
Sep 19, 2019 10:40:39 AM com.sun.jersey.server.impl.application.WebApplicationImpl _initiate
INFO: Initiating Jersey application, version 'Jersey: 1.19 02/11/2015 03:25 AM'
Sep 19, 2019 10:40:39 AM com.sun.jersey.server.impl.application.WebApplicationImpl _initiate
INFO: Initiating Jersey application, version 'Jersey: 1.19 02/11/2015 03:25 AM'
Sep 19, 2019 10:40:43 AM com.sun.jersey.server.impl.application.WebApplicationImpl _initiate
INFO: Initiating Jersey application, version 'Jersey: 1.19 02/11/2015 03:25 AM'
]]></system-err>
  </testcase>
  <testcase name="testOzoneManagerFileSystemInterface[1]" classname="org.apache.hadoop.fs.ozone.TestOzoneFileInterfaces" time="27.126"/>
  <testcase name="testListStatus[1]" classname="org.apache.hadoop.fs.ozone.TestOzoneFileInterfaces" time="27.223"/>
  <testcase name="testDirectory[1]" classname="org.apache.hadoop.fs.ozone.TestOzoneFileInterfaces" time="25.663"/>
  <testcase name="testPathToKey[1]" classname="org.apache.hadoop.fs.ozone.TestOzoneFileInterfaces" time="26.681"/>
  <testcase name="testFileSystemInit[1]" classname="org.apache.hadoop.fs.ozone.TestOzoneFileInterfaces" time="29.71"/>
  <testcase name="testOzFsReadWrite[1]" classname="org.apache.hadoop.fs.ozone.TestOzoneFileInterfaces" time="27.087">
    <error message="Allocated 0 blocks. Requested 1 blocks" type="INTERNAL_ERROR org.apache.hadoop.ozone.om.exceptions.OMException">INTERNAL_ERROR org.apache.hadoop.ozone.om.exceptions.OMException: Allocated 0 blocks. Requested 1 blocks
	at org.apache.hadoop.ozone.om.protocolPB.OzoneManagerProtocolClientSideTranslatorPB.handleError(OzoneManagerProtocolClientSideTranslatorPB.java:725)
	at org.apache.hadoop.ozone.om.protocolPB.OzoneManagerProtocolClientSideTranslatorPB.createFile(OzoneManagerProtocolClientSideTranslatorPB.java:1474)
	at org.apache.hadoop.ozone.client.rpc.RpcClient.createFile(RpcClient.java:984)
	at org.apache.hadoop.ozone.client.OzoneBucket.createFile(OzoneBucket.java:535)
	at org.apache.hadoop.fs.ozone.BasicOzoneClientAdapterImpl.createFile(BasicOzoneClientAdapterImpl.java:181)
	at org.apache.hadoop.fs.ozone.BasicOzoneFileSystem.createOutputStream(BasicOzoneFileSystem.java:249)
	at org.apache.hadoop.fs.ozone.BasicOzoneFileSystem.create(BasicOzoneFileSystem.java:230)
	at org.apache.hadoop.fs.FileSystem.create(FileSystem.java:1118)
	at org.apache.hadoop.fs.FileSystem.create(FileSystem.java:1098)
	at org.apache.hadoop.fs.FileSystem.create(FileSystem.java:987)
	at org.apache.hadoop.fs.FileSystem.create(FileSystem.java:975)
	at org.apache.hadoop.fs.ozone.TestOzoneFileInterfaces.testOzFsReadWrite(TestOzoneFileInterfaces.java:186)
	at sun.reflect.NativeMethodAccessorImpl.invoke0(Native Method)
	at sun.reflect.NativeMethodAccessorImpl.invoke(NativeMethodAccessorImpl.java:62)
	at sun.reflect.DelegatingMethodAccessorImpl.invoke(DelegatingMethodAccessorImpl.java:43)
	at java.lang.reflect.Method.invoke(Method.java:498)
	at org.junit.runners.model.FrameworkMethod$1.runReflectiveCall(FrameworkMethod.java:47)
	at org.junit.internal.runners.model.ReflectiveCallable.run(ReflectiveCallable.java:12)
	at org.junit.runners.model.FrameworkMethod.invokeExplosively(FrameworkMethod.java:44)
	at org.junit.internal.runners.statements.InvokeMethod.evaluate(InvokeMethod.java:17)
	at org.junit.internal.runners.statements.RunBefores.evaluate(RunBefores.java:26)
	at org.junit.internal.runners.statements.RunAfters.evaluate(RunAfters.java:27)
	at org.junit.runners.ParentRunner.runLeaf(ParentRunner.java:271)
	at org.junit.runners.BlockJUnit4ClassRunner.runChild(BlockJUnit4ClassRunner.java:70)
	at org.junit.runners.BlockJUnit4ClassRunner.runChild(BlockJUnit4ClassRunner.java:50)
	at org.junit.runners.ParentRunner$3.run(ParentRunner.java:238)
	at org.junit.runners.ParentRunner$1.schedule(ParentRunner.java:63)
	at org.junit.runners.ParentRunner.runChildren(ParentRunner.java:236)
	at org.junit.runners.ParentRunner.access$000(ParentRunner.java:53)
	at org.junit.runners.ParentRunner$2.evaluate(ParentRunner.java:229)
	at org.junit.runners.ParentRunner.run(ParentRunner.java:309)
	at org.junit.runners.Suite.runChild(Suite.java:127)
	at org.junit.runners.Suite.runChild(Suite.java:26)
	at org.junit.runners.ParentRunner$3.run(ParentRunner.java:238)
	at org.junit.runners.ParentRunner$1.schedule(ParentRunner.java:63)
	at org.junit.runners.ParentRunner.runChildren(ParentRunner.java:236)
	at org.junit.runners.ParentRunner.access$000(ParentRunner.java:53)
	at org.junit.runners.ParentRunner$2.evaluate(ParentRunner.java:229)
	at org.junit.runners.ParentRunner.run(ParentRunner.java:309)
	at org.apache.maven.surefire.junit4.JUnit4Provider.execute(JUnit4Provider.java:365)
	at org.apache.maven.surefire.junit4.JUnit4Provider.executeWithRerun(JUnit4Provider.java:273)
	at org.apache.maven.surefire.junit4.JUnit4Provider.executeTestSet(JUnit4Provider.java:238)
	at org.apache.maven.surefire.junit4.JUnit4Provider.invoke(JUnit4Provider.java:159)
	at org.apache.maven.surefire.booter.ForkedBooter.invokeProviderInSameClassLoader(ForkedBooter.java:384)
	at org.apache.maven.surefire.booter.ForkedBooter.runSuitesInProcess(ForkedBooter.java:345)
	at org.apache.maven.surefire.booter.ForkedBooter.execute(ForkedBooter.java:126)
	at org.apache.maven.surefire.booter.ForkedBooter.main(ForkedBooter.java:418)
</error>
    <system-out><![CDATA[2019-09-19 10:43:11,794 [main] WARN  server.ServerUtils (ServerUtils.java:getScmDbDir(145)) - ozone.scm.db.dirs is not configured. We recommend adding this setting. Falling back to ozone.metadata.dirs instead.
2019-09-19 10:43:11,825 [main] WARN  server.ServerUtils (ServerUtils.java:getScmDbDir(145)) - ozone.scm.db.dirs is not configured. We recommend adding this setting. Falling back to ozone.metadata.dirs instead.
2019-09-19 10:43:11,825 [main] WARN  server.ServerUtils (ServerUtils.java:getScmDbDir(145)) - ozone.scm.db.dirs is not configured. We recommend adding this setting. Falling back to ozone.metadata.dirs instead.
2019-09-19 10:43:11,826 [main] INFO  db.DBStoreBuilder (DBStoreBuilder.java:addTable(110)) - using custom profile for table: deletedBlocks
2019-09-19 10:43:11,826 [main] INFO  db.DBStoreBuilder (DBStoreBuilder.java:processTables(161)) - Using default column profile:DBProfile.DISK for Table:deletedBlocks
2019-09-19 10:43:11,826 [main] INFO  db.DBStoreBuilder (DBStoreBuilder.java:addTable(110)) - using custom profile for table: validCerts
2019-09-19 10:43:11,826 [main] INFO  db.DBStoreBuilder (DBStoreBuilder.java:processTables(161)) - Using default column profile:DBProfile.DISK for Table:validCerts
2019-09-19 10:43:11,827 [main] INFO  db.DBStoreBuilder (DBStoreBuilder.java:addTable(110)) - using custom profile for table: revokedCerts
2019-09-19 10:43:11,827 [main] INFO  db.DBStoreBuilder (DBStoreBuilder.java:processTables(161)) - Using default column profile:DBProfile.DISK for Table:revokedCerts
2019-09-19 10:43:11,827 [main] INFO  db.DBStoreBuilder (DBStoreBuilder.java:addTable(110)) - using custom profile for table: default
2019-09-19 10:43:11,827 [main] INFO  db.DBStoreBuilder (DBStoreBuilder.java:processTables(167)) - Using default column profile:DBProfile.DISK for Table:default
2019-09-19 10:43:11,827 [main] INFO  db.DBStoreBuilder (DBStoreBuilder.java:getDbProfile(198)) - Using default options. DBProfile.DISK
2019-09-19 10:43:12,651 [main] INFO  net.NodeSchemaLoader (NodeSchemaLoader.java:loadSchemaFromFile(125)) - Loading file from sun.misc.CompoundEnumeration@737652a9
2019-09-19 10:43:12,651 [main] INFO  net.NodeSchemaLoader (NodeSchemaLoader.java:loadSchema(171)) - Loading network topology layer schema file
2019-09-19 10:43:12,661 [main] WARN  server.ServerUtils (ServerUtils.java:sanitizeUserArgs(70)) - ozone.scm.stale.node.interval value = 300000 is larger than max = 100000 based on the key value of ozone.scm.heartbeat.thread.interval, reset to the max value 100000.
2019-09-19 10:43:12,661 [main] WARN  server.ServerUtils (ServerUtils.java:sanitizeUserArgs(70)) - ozone.scm.stale.node.interval value = 300000 is larger than max = 100000 based on the key value of ozone.scm.heartbeat.thread.interval, reset to the max value 100000.
2019-09-19 10:43:12,661 [main] INFO  node.SCMNodeManager (SCMNodeManager.java:<init>(121)) - Entering startup safe mode.
2019-09-19 10:43:12,662 [main] INFO  algorithms.ContainerPlacementPolicyFactory (ContainerPlacementPolicyFactory.java:getPolicy(56)) - Create container placement policy of type org.apache.hadoop.hdds.scm.container.placement.algorithms.SCMContainerPlacementRandom
2019-09-19 10:43:12,662 [main] WARN  server.ServerUtils (ServerUtils.java:getScmDbDir(145)) - ozone.scm.db.dirs is not configured. We recommend adding this setting. Falling back to ozone.metadata.dirs instead.
2019-09-19 10:43:13,047 [main] INFO  pipeline.SCMPipelineManager (SCMPipelineManager.java:initializePipelineState(126)) - No pipeline exists in current db
2019-09-19 10:43:13,047 [main] WARN  server.ServerUtils (ServerUtils.java:getScmDbDir(145)) - ozone.scm.db.dirs is not configured. We recommend adding this setting. Falling back to ozone.metadata.dirs instead.
2019-09-19 10:43:14,106 [main] WARN  events.EventQueue (EventQueue.java:fireEvent(175)) - No event handler registered for event TypedEvent{payloadType=SafeModeStatus, name='SafeModeStatus'}
2019-09-19 10:43:14,107 [main] INFO  ipc.CallQueueManager (CallQueueManager.java:<init>(84)) - Using callQueue: class java.util.concurrent.LinkedBlockingQueue, queueCapacity: 2000, scheduler: class org.apache.hadoop.ipc.DefaultRpcScheduler, ipcBackoff: false.
2019-09-19 10:43:14,109 [Socket Reader #1 for port 40132] INFO  ipc.Server (Server.java:run(1074)) - Starting Socket Reader #1 for port 40132
2019-09-19 10:43:14,110 [main] INFO  ipc.CallQueueManager (CallQueueManager.java:<init>(84)) - Using callQueue: class java.util.concurrent.LinkedBlockingQueue, queueCapacity: 2000, scheduler: class org.apache.hadoop.ipc.DefaultRpcScheduler, ipcBackoff: false.
2019-09-19 10:43:14,111 [Socket Reader #1 for port 38775] INFO  ipc.Server (Server.java:run(1074)) - Starting Socket Reader #1 for port 38775
2019-09-19 10:43:14,112 [main] INFO  ipc.CallQueueManager (CallQueueManager.java:<init>(84)) - Using callQueue: class java.util.concurrent.LinkedBlockingQueue, queueCapacity: 2000, scheduler: class org.apache.hadoop.ipc.DefaultRpcScheduler, ipcBackoff: false.
2019-09-19 10:43:14,113 [Socket Reader #1 for port 37835] INFO  ipc.Server (Server.java:run(1074)) - Starting Socket Reader #1 for port 37835
2019-09-19 10:43:14,115 [main] INFO  hdfs.DFSUtil (DFSUtil.java:httpServerTemplateForNNAndJN(1641)) - Starting Web-server for scm at: http://0.0.0.0:0
2019-09-19 10:43:14,118 [main] INFO  server.AuthenticationFilter (AuthenticationFilter.java:constructSecretProvider(240)) - Unable to initialize FileSignerSecretProvider, falling back to use random secrets.
2019-09-19 10:43:14,119 [main] WARN  http.HttpRequestLog (HttpRequestLog.java:getRequestLog(97)) - Jetty request log can only be enabled using Log4j
2019-09-19 10:43:14,121 [main] INFO  http.HttpServer2 (HttpServer2.java:addGlobalFilter(975)) - Added global filter 'safety' (class=org.apache.hadoop.http.HttpServer2$QuotingInputFilter)
2019-09-19 10:43:14,121 [main] INFO  http.HttpServer2 (HttpServer2.java:addFilter(948)) - Added filter static_user_filter (class=org.apache.hadoop.http.lib.StaticUserWebFilter$StaticUserFilter) to context scm
2019-09-19 10:43:14,122 [main] INFO  http.HttpServer2 (HttpServer2.java:addFilter(958)) - Added filter static_user_filter (class=org.apache.hadoop.http.lib.StaticUserWebFilter$StaticUserFilter) to context static
2019-09-19 10:43:14,122 [main] INFO  http.HttpServer2 (HttpServer2.java:addFilter(958)) - Added filter static_user_filter (class=org.apache.hadoop.http.lib.StaticUserWebFilter$StaticUserFilter) to context logs
2019-09-19 10:43:14,123 [main] INFO  server.StorageContainerManager (StorageContainerManager.java:start(759)) - StorageContainerLocationProtocol RPC server is listening at /0.0.0.0:37835
2019-09-19 10:43:14,126 [main] WARN  impl.MetricsConfig (MetricsConfig.java:loadFirst(134)) - Cannot locate configuration: tried hadoop-metrics2-storagecontainermanager.properties,hadoop-metrics2.properties
2019-09-19 10:43:14,126 [main] INFO  impl.MetricsSystemImpl (MetricsSystemImpl.java:startTimer(374)) - Scheduled Metric snapshot period at 10 second(s).
2019-09-19 10:43:14,126 [main] INFO  impl.MetricsSystemImpl (MetricsSystemImpl.java:start(191)) - StorageContainerManager metrics system started
2019-09-19 10:43:14,209 [main] INFO  server.SCMClientProtocolServer (SCMClientProtocolServer.java:start(151)) - RPC server for Client  is listening at /0.0.0.0:37835
2019-09-19 10:43:14,209 [IPC Server Responder] INFO  ipc.Server (Server.java:run(1314)) - IPC Server Responder: starting
2019-09-19 10:43:14,209 [IPC Server listener on 37835] INFO  ipc.Server (Server.java:run(1153)) - IPC Server listener on 37835: starting
2019-09-19 10:43:14,211 [main] INFO  server.StorageContainerManager (StorageContainerManager.java:start(769)) - ScmBlockLocationProtocol RPC server is listening at /0.0.0.0:38775
2019-09-19 10:43:14,212 [main] INFO  server.SCMBlockProtocolServer (SCMBlockProtocolServer.java:start(140)) - RPC server for Block Protocol is listening at /0.0.0.0:38775
2019-09-19 10:43:14,212 [IPC Server Responder] INFO  ipc.Server (Server.java:run(1314)) - IPC Server Responder: starting
2019-09-19 10:43:14,212 [IPC Server listener on 38775] INFO  ipc.Server (Server.java:run(1153)) - IPC Server listener on 38775: starting
2019-09-19 10:43:14,215 [main] INFO  server.StorageContainerManager (StorageContainerManager.java:start(773)) - ScmDatanodeProtocl RPC server is listening at /0.0.0.0:40132
2019-09-19 10:43:14,215 [main] INFO  server.SCMDatanodeProtocolServer (SCMDatanodeProtocolServer.java:start(191)) - RPC server for DataNodes is listening at /0.0.0.0:40132
2019-09-19 10:43:14,216 [IPC Server Responder] INFO  ipc.Server (Server.java:run(1314)) - IPC Server Responder: starting
2019-09-19 10:43:14,216 [IPC Server listener on 40132] INFO  ipc.Server (Server.java:run(1153)) - IPC Server listener on 40132: starting
2019-09-19 10:43:14,219 [main] INFO  http.HttpServer2 (HttpServer2.java:bindListener(1191)) - Jetty bound to port 35751
2019-09-19 10:43:14,219 [main] INFO  server.Server (Server.java:doStart(351)) - jetty-9.3.24.v20180605, build timestamp: 2018-06-05T17:11:56Z, git hash: 84205aa28f11a4f31f2a3b86d1bba2cc8ab69827
2019-09-19 10:43:14,221 [main] INFO  handler.ContextHandler (ContextHandler.java:doStart(781)) - Started o.e.j.s.ServletContextHandler@491cceb4{/logs,file:///workdir/hadoop-ozone/ozonefs/target/log,AVAILABLE}
2019-09-19 10:43:14,221 [main] INFO  handler.ContextHandler (ContextHandler.java:doStart(781)) - Started o.e.j.s.ServletContextHandler@504ed038{/static,jar:file:/home/user/.m2/repository/org/apache/hadoop/hadoop-hdds-server-scm/0.5.0-SNAPSHOT/hadoop-hdds-server-scm-0.5.0-SNAPSHOT.jar!/webapps/static,AVAILABLE}
2019-09-19 10:43:14,267 [main] INFO  handler.ContextHandler (ContextHandler.java:doStart(781)) - Started o.e.j.w.WebAppContext@52f2d8e8{/,file:///tmp/jetty-0.0.0.0-35751-scm-_-any-6296036978004065672.dir/webapp/,AVAILABLE}{/scm}
2019-09-19 10:43:14,267 [main] INFO  server.AbstractConnector (AbstractConnector.java:doStart(278)) - Started ServerConnector@3e43fb40{HTTP/1.1,[http/1.1]}{0.0.0.0:35751}
2019-09-19 10:43:14,268 [main] INFO  server.Server (Server.java:doStart(419)) - Started @306739ms
2019-09-19 10:43:14,269 [main] INFO  server.BaseHttpServer (BaseHttpServer.java:updateConnectorAddress(213)) - HTTP server of SCM is listening at http://0.0.0.0:35751
2019-09-19 10:43:14,270 [main] WARN  server.ServerUtils (ServerUtils.java:getDBPath(222)) - ozone.om.db.dirs is not configured. We recommend adding this setting. Falling back to ozone.metadata.dirs instead.
2019-09-19 10:43:14,270 [org.apache.hadoop.util.JvmPauseMonitor$Monitor@5e8ec0d9] INFO  util.JvmPauseMonitor (JvmPauseMonitor.java:run(188)) - Starting JVM pause monitor
2019-09-19 10:43:14,283 [main] WARN  server.ServerUtils (ServerUtils.java:getDBPath(222)) - ozone.om.db.dirs is not configured. We recommend adding this setting. Falling back to ozone.metadata.dirs instead.
2019-09-19 10:43:14,283 [main] WARN  server.ServerUtils (ServerUtils.java:getDBPath(222)) - ozone.om.db.dirs is not configured. We recommend adding this setting. Falling back to ozone.metadata.dirs instead.
2019-09-19 10:43:14,284 [main] INFO  om.OzoneManager (OzoneManager.java:setOMNodeDetails(645)) - OM Service ID is not set. Setting it to the default ID: omServiceIdDefault
2019-09-19 10:43:14,284 [main] INFO  om.OzoneManager (OzoneManager.java:setOMNodeDetails(651)) - OM Node ID is not set. Setting it to the OmStorage's OmID: c9f5df78-d11b-4a32-9224-754fd642ffe9
2019-09-19 10:43:14,284 [main] INFO  om.OzoneManager (OzoneManager.java:loadOMHAConfigs(602)) - Found matching OM address with OMServiceId: null, OMNodeId: null, RPC Address: localhost:0 and Ratis port: 9872
2019-09-19 10:43:14,289 | INFO  | SCMAudit | user=jenkins1000 | ip=192.168.157.204 | op=GET_SCM_INFO null | ret=SUCCESS |  
2019-09-19 10:43:14,292 [main] WARN  server.ServerUtils (ServerUtils.java:getDBPath(222)) - ozone.om.db.dirs is not configured. We recommend adding this setting. Falling back to ozone.metadata.dirs instead.
2019-09-19 10:43:14,293 [main] INFO  db.DBStoreBuilder (DBStoreBuilder.java:addTable(110)) - using custom profile for table: userTable
2019-09-19 10:43:14,293 [main] INFO  db.DBStoreBuilder (DBStoreBuilder.java:processTables(161)) - Using default column profile:DBProfile.DISK for Table:userTable
2019-09-19 10:43:14,293 [main] INFO  db.DBStoreBuilder (DBStoreBuilder.java:addTable(110)) - using custom profile for table: volumeTable
2019-09-19 10:43:14,293 [main] INFO  db.DBStoreBuilder (DBStoreBuilder.java:processTables(161)) - Using default column profile:DBProfile.DISK for Table:volumeTable
2019-09-19 10:43:14,294 [main] INFO  db.DBStoreBuilder (DBStoreBuilder.java:addTable(110)) - using custom profile for table: bucketTable
2019-09-19 10:43:14,294 [main] INFO  db.DBStoreBuilder (DBStoreBuilder.java:processTables(161)) - Using default column profile:DBProfile.DISK for Table:bucketTable
2019-09-19 10:43:14,294 [main] INFO  db.DBStoreBuilder (DBStoreBuilder.java:addTable(110)) - using custom profile for table: keyTable
2019-09-19 10:43:14,294 [main] INFO  db.DBStoreBuilder (DBStoreBuilder.java:processTables(161)) - Using default column profile:DBProfile.DISK for Table:keyTable
2019-09-19 10:43:14,295 [main] INFO  db.DBStoreBuilder (DBStoreBuilder.java:addTable(110)) - using custom profile for table: deletedTable
2019-09-19 10:43:14,295 [main] INFO  db.DBStoreBuilder (DBStoreBuilder.java:processTables(161)) - Using default column profile:DBProfile.DISK for Table:deletedTable
2019-09-19 10:43:14,295 [main] INFO  db.DBStoreBuilder (DBStoreBuilder.java:addTable(110)) - using custom profile for table: openKeyTable
2019-09-19 10:43:14,295 [main] INFO  db.DBStoreBuilder (DBStoreBuilder.java:processTables(161)) - Using default column profile:DBProfile.DISK for Table:openKeyTable
2019-09-19 10:43:14,296 [main] INFO  db.DBStoreBuilder (DBStoreBuilder.java:addTable(110)) - using custom profile for table: s3Table
2019-09-19 10:43:14,296 [main] INFO  db.DBStoreBuilder (DBStoreBuilder.java:processTables(161)) - Using default column profile:DBProfile.DISK for Table:s3Table
2019-09-19 10:43:14,296 [main] INFO  db.DBStoreBuilder (DBStoreBuilder.java:addTable(110)) - using custom profile for table: multipartInfoTable
2019-09-19 10:43:14,296 [main] INFO  db.DBStoreBuilder (DBStoreBuilder.java:processTables(161)) - Using default column profile:DBProfile.DISK for Table:multipartInfoTable
2019-09-19 10:43:14,297 [main] INFO  db.DBStoreBuilder (DBStoreBuilder.java:addTable(110)) - using custom profile for table: dTokenTable
2019-09-19 10:43:14,297 [main] INFO  db.DBStoreBuilder (DBStoreBuilder.java:processTables(161)) - Using default column profile:DBProfile.DISK for Table:dTokenTable
2019-09-19 10:43:14,297 [main] INFO  db.DBStoreBuilder (DBStoreBuilder.java:addTable(110)) - using custom profile for table: s3SecretTable
2019-09-19 10:43:14,297 [main] INFO  db.DBStoreBuilder (DBStoreBuilder.java:processTables(161)) - Using default column profile:DBProfile.DISK for Table:s3SecretTable
2019-09-19 10:43:14,298 [main] INFO  db.DBStoreBuilder (DBStoreBuilder.java:addTable(110)) - using custom profile for table: prefixTable
2019-09-19 10:43:14,298 [main] INFO  db.DBStoreBuilder (DBStoreBuilder.java:processTables(161)) - Using default column profile:DBProfile.DISK for Table:prefixTable
2019-09-19 10:43:14,298 [main] INFO  db.DBStoreBuilder (DBStoreBuilder.java:addTable(110)) - using custom profile for table: default
2019-09-19 10:43:14,298 [main] INFO  db.DBStoreBuilder (DBStoreBuilder.java:processTables(167)) - Using default column profile:DBProfile.DISK for Table:default
2019-09-19 10:43:14,299 [main] INFO  db.DBStoreBuilder (DBStoreBuilder.java:getDbProfile(198)) - Using default options. DBProfile.DISK
2019-09-19 10:43:22,603 [main] INFO  ipc.CallQueueManager (CallQueueManager.java:<init>(84)) - Using callQueue: class java.util.concurrent.LinkedBlockingQueue, queueCapacity: 2000, scheduler: class org.apache.hadoop.ipc.DefaultRpcScheduler, ipcBackoff: false.
2019-09-19 10:43:22,604 [Socket Reader #1 for port 36346] INFO  ipc.Server (Server.java:run(1074)) - Starting Socket Reader #1 for port 36346
2019-09-19 10:43:22,631 [main] INFO  om.OzoneManager (OzoneManager.java:start(1256)) - OzoneManager RPC server is listening at localhost/127.0.0.1:36346
2019-09-19 10:43:22,631 [main] INFO  impl.MetricsSystemImpl (MetricsSystemImpl.java:init(158)) - OzoneManager metrics system started (again)
2019-09-19 10:43:22,632 [IPC Server Responder] INFO  ipc.Server (Server.java:run(1314)) - IPC Server Responder: starting
2019-09-19 10:43:22,632 [IPC Server listener on 36346] INFO  ipc.Server (Server.java:run(1153)) - IPC Server listener on 36346: starting
2019-09-19 10:43:22,638 [main] INFO  hdfs.DFSUtil (DFSUtil.java:httpServerTemplateForNNAndJN(1641)) - Starting Web-server for ozoneManager at: http://0.0.0.0:0
2019-09-19 10:43:22,641 [main] INFO  server.AuthenticationFilter (AuthenticationFilter.java:constructSecretProvider(240)) - Unable to initialize FileSignerSecretProvider, falling back to use random secrets.
2019-09-19 10:43:22,641 [main] WARN  http.HttpRequestLog (HttpRequestLog.java:getRequestLog(97)) - Jetty request log can only be enabled using Log4j
2019-09-19 10:43:22,643 [main] INFO  http.HttpServer2 (HttpServer2.java:addGlobalFilter(975)) - Added global filter 'safety' (class=org.apache.hadoop.http.HttpServer2$QuotingInputFilter)
2019-09-19 10:43:22,644 [main] INFO  http.HttpServer2 (HttpServer2.java:addFilter(948)) - Added filter static_user_filter (class=org.apache.hadoop.http.lib.StaticUserWebFilter$StaticUserFilter) to context ozoneManager
2019-09-19 10:43:22,645 [main] INFO  http.HttpServer2 (HttpServer2.java:addFilter(958)) - Added filter static_user_filter (class=org.apache.hadoop.http.lib.StaticUserWebFilter$StaticUserFilter) to context static
2019-09-19 10:43:22,645 [main] INFO  http.HttpServer2 (HttpServer2.java:addFilter(958)) - Added filter static_user_filter (class=org.apache.hadoop.http.lib.StaticUserWebFilter$StaticUserFilter) to context logs
2019-09-19 10:43:22,646 [main] INFO  http.HttpServer2 (HttpServer2.java:bindListener(1191)) - Jetty bound to port 46418
2019-09-19 10:43:22,646 [main] INFO  server.Server (Server.java:doStart(351)) - jetty-9.3.24.v20180605, build timestamp: 2018-06-05T17:11:56Z, git hash: 84205aa28f11a4f31f2a3b86d1bba2cc8ab69827
2019-09-19 10:43:22,648 [main] INFO  handler.ContextHandler (ContextHandler.java:doStart(781)) - Started o.e.j.s.ServletContextHandler@4d5196fd{/logs,file:///workdir/hadoop-ozone/ozonefs/target/log,AVAILABLE}
2019-09-19 10:43:22,649 [main] INFO  handler.ContextHandler (ContextHandler.java:doStart(781)) - Started o.e.j.s.ServletContextHandler@72e259ca{/static,jar:file:/home/user/.m2/repository/org/apache/hadoop/hadoop-ozone-ozone-manager/0.5.0-SNAPSHOT/hadoop-ozone-ozone-manager-0.5.0-SNAPSHOT.jar!/webapps/static,AVAILABLE}
2019-09-19 10:43:22,713 [main] INFO  handler.ContextHandler (ContextHandler.java:doStart(781)) - Started o.e.j.w.WebAppContext@2554bfa{/,file:///tmp/jetty-0.0.0.0-46418-ozoneManager-_-any-739187731392939574.dir/webapp/,AVAILABLE}{/ozoneManager}
2019-09-19 10:43:22,713 [main] INFO  server.AbstractConnector (AbstractConnector.java:doStart(278)) - Started ServerConnector@a6a7c4f{HTTP/1.1,[http/1.1]}{0.0.0.0:46418}
2019-09-19 10:43:22,714 [main] INFO  server.Server (Server.java:doStart(419)) - Started @315185ms
2019-09-19 10:43:22,715 [main] INFO  server.BaseHttpServer (BaseHttpServer.java:updateConnectorAddress(213)) - HTTP server of OZONEMANAGER is listening at http://0.0.0.0:46418
2019-09-19 10:43:22,723 [main] INFO  impl.MetricsSystemImpl (MetricsSystemImpl.java:init(158)) - HddsDatanode metrics system started (again)
2019-09-19 10:43:22,725 [main] INFO  ozone.HddsDatanodeService (HddsDatanodeService.java:start(184)) - HddsDatanodeService host:pr-hdds-1569-cpgw4-1311585219 ip:192.168.157.204
2019-09-19 10:43:22,735 [main] INFO  volume.HddsVolume (HddsVolume.java:<init>(176)) - Creating Volume: /workdir/hadoop-ozone/ozonefs/target/test-dir/MiniOzoneClusterImpl-b710d106-2c58-4a4d-8c07-4cf143589938/datanode-0/data/containers/hdds of  storage type : DISK and capacity : 1482555576320
2019-09-19 10:43:22,735 [main] INFO  volume.VolumeSet (VolumeSet.java:initializeVolumeSet(170)) - Added Volume : /workdir/hadoop-ozone/ozonefs/target/test-dir/MiniOzoneClusterImpl-b710d106-2c58-4a4d-8c07-4cf143589938/datanode-0/data/containers/hdds to VolumeSet
2019-09-19 10:43:22,736 [main] INFO  volume.ThrottledAsyncChecker (ThrottledAsyncChecker.java:schedule(140)) - Scheduling a check for org.apache.hadoop.ozone.container.common.volume.HddsVolume@7de1cc9f
2019-09-19 10:43:22,737 [main] INFO  volume.HddsVolumeChecker (HddsVolumeChecker.java:checkAllVolumes(203)) - Scheduled health check for volume org.apache.hadoop.ozone.container.common.volume.HddsVolume@7de1cc9f
2019-09-19 10:43:22,756 [main] INFO  impl.RaftServerProxy (ConfUtils.java:logGet(43)) - raft.rpc.type = GRPC (default)
2019-09-19 10:43:22,756 [main] INFO  grpc.GrpcFactory (GrpcFactory.java:checkPooledByteBufAllocatorUseCacheForAllThreads(45)) - PERFORMANCE WARNING: useCacheForAllThreads is true that may cause Netty to create a lot garbage objects and, as a result, trigger GC.
	It is recommended to disable useCacheForAllThreads by setting -Dorg.apache.ratis.thirdparty.io.netty.allocator.useCacheForAllThreads=false in command line.
2019-09-19 10:43:22,756 [main] INFO  grpc.GrpcConfigKeys$Server (ConfUtils.java:logGet(43)) - raft.grpc.server.port = 0 (default)
2019-09-19 10:43:22,756 [main] INFO  server.GrpcService (ConfUtils.java:logGet(43)) - raft.grpc.message.size.max = 33570816 (custom)
2019-09-19 10:43:22,757 [main] INFO  server.RaftServerConfigKeys (ConfUtils.java:logGet(43)) - raft.server.log.appender.buffer.byte-limit = 33554432 (custom)
2019-09-19 10:43:22,757 [main] INFO  server.GrpcService (ConfUtils.java:logGet(43)) - raft.grpc.flow.control.window = 1MB (=1048576) (default)
2019-09-19 10:43:22,757 [main] INFO  server.RaftServerConfigKeys (ConfUtils.java:logGet(43)) - raft.server.rpc.request.timeout = 3000ms (default)
2019-09-19 10:43:22,757 [main] INFO  server.RaftServerConfigKeys (ConfUtils.java:logGet(43)) - raft.server.storage.dir = [/workdir/hadoop-ozone/ozonefs/target/test-dir/MiniOzoneClusterImpl-b710d106-2c58-4a4d-8c07-4cf143589938/datanode-0/data/ratis] (custom)
2019-09-19 10:43:22,758 [main] INFO  replication.SimpleContainerDownloader (SimpleContainerDownloader.java:<init>(72)) - Starting container downloader service to copy containers to replicate.
2019-09-19 10:43:22,759 [main] INFO  hdfs.DFSUtil (DFSUtil.java:httpServerTemplateForNNAndJN(1641)) - Starting Web-server for hddsDatanode at: http://0.0.0.0:0
2019-09-19 10:43:22,760 [main] INFO  server.AuthenticationFilter (AuthenticationFilter.java:constructSecretProvider(240)) - Unable to initialize FileSignerSecretProvider, falling back to use random secrets.
2019-09-19 10:43:22,761 [main] WARN  http.HttpRequestLog (HttpRequestLog.java:getRequestLog(97)) - Jetty request log can only be enabled using Log4j
2019-09-19 10:43:22,762 [main] INFO  http.HttpServer2 (HttpServer2.java:addGlobalFilter(975)) - Added global filter 'safety' (class=org.apache.hadoop.http.HttpServer2$QuotingInputFilter)
2019-09-19 10:43:22,762 [main] INFO  http.HttpServer2 (HttpServer2.java:addFilter(948)) - Added filter static_user_filter (class=org.apache.hadoop.http.lib.StaticUserWebFilter$StaticUserFilter) to context hddsDatanode
2019-09-19 10:43:22,763 [main] INFO  http.HttpServer2 (HttpServer2.java:addFilter(958)) - Added filter static_user_filter (class=org.apache.hadoop.http.lib.StaticUserWebFilter$StaticUserFilter) to context static
2019-09-19 10:43:22,763 [main] INFO  http.HttpServer2 (HttpServer2.java:addFilter(958)) - Added filter static_user_filter (class=org.apache.hadoop.http.lib.StaticUserWebFilter$StaticUserFilter) to context logs
2019-09-19 10:43:22,763 [main] INFO  http.HttpServer2 (HttpServer2.java:bindListener(1191)) - Jetty bound to port 39160
2019-09-19 10:43:22,764 [main] INFO  server.Server (Server.java:doStart(351)) - jetty-9.3.24.v20180605, build timestamp: 2018-06-05T17:11:56Z, git hash: 84205aa28f11a4f31f2a3b86d1bba2cc8ab69827
2019-09-19 10:43:22,765 [main] INFO  handler.ContextHandler (ContextHandler.java:doStart(781)) - Started o.e.j.s.ServletContextHandler@50dcc20a{/logs,file:///workdir/hadoop-ozone/ozonefs/target/log,AVAILABLE}
2019-09-19 10:43:22,765 [main] INFO  handler.ContextHandler (ContextHandler.java:doStart(781)) - Started o.e.j.s.ServletContextHandler@7a970f{/static,jar:file:/home/user/.m2/repository/org/apache/hadoop/hadoop-hdds-container-service/0.5.0-SNAPSHOT/hadoop-hdds-container-service-0.5.0-SNAPSHOT.jar!/webapps/static,AVAILABLE}
2019-09-19 10:43:22,792 [main] INFO  handler.ContextHandler (ContextHandler.java:doStart(781)) - Started o.e.j.w.WebAppContext@568cc1c5{/,file:///tmp/jetty-0.0.0.0-39160-hddsDatanode-_-any-4983656449240665361.dir/webapp/,AVAILABLE}{/hddsDatanode}
2019-09-19 10:43:22,792 [main] INFO  server.AbstractConnector (AbstractConnector.java:doStart(278)) - Started ServerConnector@536e3aab{HTTP/1.1,[http/1.1]}{0.0.0.0:39160}
2019-09-19 10:43:22,793 [main] INFO  server.Server (Server.java:doStart(419)) - Started @315264ms
2019-09-19 10:43:22,794 [main] INFO  server.BaseHttpServer (BaseHttpServer.java:updateConnectorAddress(213)) - HTTP server of HDDSDATANODE is listening at http://0.0.0.0:39160
2019-09-19 10:43:22,920 | INFO  | ObjectStoreRestHttpServer | Listening HDDS REST traffic on /0.0.0.0:40885 |  
2019-09-19 10:43:22,920 [main] INFO  ozone.HddsDatanodeService (HddsDatanodeService.java:startPlugins(395)) - Started plug-in org.apache.hadoop.ozone.web.OzoneHddsDatanodeService@25eadfe6
2019-09-19 10:43:22,921 [main] INFO  impl.MetricsSystemImpl (MetricsSystemImpl.java:init(158)) - HddsDatanode metrics system started (again)
2019-09-19 10:43:22,925 [main] INFO  ozone.HddsDatanodeService (HddsDatanodeService.java:start(184)) - HddsDatanodeService host:pr-hdds-1569-cpgw4-1311585219 ip:192.168.157.204
2019-09-19 10:43:22,925 [org.apache.hadoop.util.JvmPauseMonitor$Monitor@dfc7027] INFO  util.JvmPauseMonitor (JvmPauseMonitor.java:run(188)) - Starting JVM pause monitor
2019-09-19 10:43:22,928 [Datanode State Machine Thread - 0] INFO  datanode.InitDatanodeState (InitDatanodeState.java:persistContainerDatanodeDetails(140)) - DatanodeDetails is persisted to /workdir/hadoop-ozone/ozonefs/target/test-dir/MiniOzoneClusterImpl-b710d106-2c58-4a4d-8c07-4cf143589938/datanode-0/meta/datanode.id
2019-09-19 10:43:22,936 [main] INFO  volume.HddsVolume (HddsVolume.java:<init>(176)) - Creating Volume: /workdir/hadoop-ozone/ozonefs/target/test-dir/MiniOzoneClusterImpl-b710d106-2c58-4a4d-8c07-4cf143589938/datanode-1/data/containers/hdds of  storage type : DISK and capacity : 1482555576320
2019-09-19 10:43:22,936 [main] INFO  volume.VolumeSet (VolumeSet.java:initializeVolumeSet(170)) - Added Volume : /workdir/hadoop-ozone/ozonefs/target/test-dir/MiniOzoneClusterImpl-b710d106-2c58-4a4d-8c07-4cf143589938/datanode-1/data/containers/hdds to VolumeSet
2019-09-19 10:43:22,936 [main] INFO  volume.ThrottledAsyncChecker (ThrottledAsyncChecker.java:schedule(140)) - Scheduling a check for org.apache.hadoop.ozone.container.common.volume.HddsVolume@4b628301
2019-09-19 10:43:22,937 [main] INFO  volume.HddsVolumeChecker (HddsVolumeChecker.java:checkAllVolumes(203)) - Scheduled health check for volume org.apache.hadoop.ozone.container.common.volume.HddsVolume@4b628301
2019-09-19 10:43:22,956 [main] INFO  impl.RaftServerProxy (ConfUtils.java:logGet(43)) - raft.rpc.type = GRPC (default)
2019-09-19 10:43:22,956 [main] INFO  grpc.GrpcFactory (GrpcFactory.java:checkPooledByteBufAllocatorUseCacheForAllThreads(45)) - PERFORMANCE WARNING: useCacheForAllThreads is true that may cause Netty to create a lot garbage objects and, as a result, trigger GC.
	It is recommended to disable useCacheForAllThreads by setting -Dorg.apache.ratis.thirdparty.io.netty.allocator.useCacheForAllThreads=false in command line.
2019-09-19 10:43:22,956 [main] INFO  grpc.GrpcConfigKeys$Server (ConfUtils.java:logGet(43)) - raft.grpc.server.port = 0 (default)
2019-09-19 10:43:22,956 [main] INFO  server.GrpcService (ConfUtils.java:logGet(43)) - raft.grpc.message.size.max = 33570816 (custom)
2019-09-19 10:43:22,957 [main] INFO  server.RaftServerConfigKeys (ConfUtils.java:logGet(43)) - raft.server.log.appender.buffer.byte-limit = 33554432 (custom)
2019-09-19 10:43:22,957 [main] INFO  server.GrpcService (ConfUtils.java:logGet(43)) - raft.grpc.flow.control.window = 1MB (=1048576) (default)
2019-09-19 10:43:22,957 [main] INFO  server.RaftServerConfigKeys (ConfUtils.java:logGet(43)) - raft.server.rpc.request.timeout = 3000ms (default)
2019-09-19 10:43:22,957 [main] INFO  server.RaftServerConfigKeys (ConfUtils.java:logGet(43)) - raft.server.storage.dir = [/workdir/hadoop-ozone/ozonefs/target/test-dir/MiniOzoneClusterImpl-b710d106-2c58-4a4d-8c07-4cf143589938/datanode-1/data/ratis] (custom)
2019-09-19 10:43:22,958 [main] INFO  replication.SimpleContainerDownloader (SimpleContainerDownloader.java:<init>(72)) - Starting container downloader service to copy containers to replicate.
2019-09-19 10:43:22,959 [main] INFO  hdfs.DFSUtil (DFSUtil.java:httpServerTemplateForNNAndJN(1641)) - Starting Web-server for hddsDatanode at: http://0.0.0.0:0
2019-09-19 10:43:22,960 [main] INFO  server.AuthenticationFilter (AuthenticationFilter.java:constructSecretProvider(240)) - Unable to initialize FileSignerSecretProvider, falling back to use random secrets.
2019-09-19 10:43:22,960 [main] WARN  http.HttpRequestLog (HttpRequestLog.java:getRequestLog(97)) - Jetty request log can only be enabled using Log4j
2019-09-19 10:43:22,962 [main] INFO  http.HttpServer2 (HttpServer2.java:addGlobalFilter(975)) - Added global filter 'safety' (class=org.apache.hadoop.http.HttpServer2$QuotingInputFilter)
2019-09-19 10:43:22,962 [main] INFO  http.HttpServer2 (HttpServer2.java:addFilter(948)) - Added filter static_user_filter (class=org.apache.hadoop.http.lib.StaticUserWebFilter$StaticUserFilter) to context hddsDatanode
2019-09-19 10:43:22,963 [main] INFO  http.HttpServer2 (HttpServer2.java:addFilter(958)) - Added filter static_user_filter (class=org.apache.hadoop.http.lib.StaticUserWebFilter$StaticUserFilter) to context static
2019-09-19 10:43:22,963 [main] INFO  http.HttpServer2 (HttpServer2.java:addFilter(958)) - Added filter static_user_filter (class=org.apache.hadoop.http.lib.StaticUserWebFilter$StaticUserFilter) to context logs
2019-09-19 10:43:22,963 [main] INFO  http.HttpServer2 (HttpServer2.java:bindListener(1191)) - Jetty bound to port 33480
2019-09-19 10:43:22,964 [main] INFO  server.Server (Server.java:doStart(351)) - jetty-9.3.24.v20180605, build timestamp: 2018-06-05T17:11:56Z, git hash: 84205aa28f11a4f31f2a3b86d1bba2cc8ab69827
2019-09-19 10:43:22,965 [main] INFO  handler.ContextHandler (ContextHandler.java:doStart(781)) - Started o.e.j.s.ServletContextHandler@129204bf{/logs,file:///workdir/hadoop-ozone/ozonefs/target/log,AVAILABLE}
2019-09-19 10:43:22,965 [main] INFO  handler.ContextHandler (ContextHandler.java:doStart(781)) - Started o.e.j.s.ServletContextHandler@7f62fa28{/static,jar:file:/home/user/.m2/repository/org/apache/hadoop/hadoop-hdds-container-service/0.5.0-SNAPSHOT/hadoop-hdds-container-service-0.5.0-SNAPSHOT.jar!/webapps/static,AVAILABLE}
2019-09-19 10:43:23,002 [main] INFO  handler.ContextHandler (ContextHandler.java:doStart(781)) - Started o.e.j.w.WebAppContext@6845dfcc{/,file:///tmp/jetty-0.0.0.0-33480-hddsDatanode-_-any-5763571978929057180.dir/webapp/,AVAILABLE}{/hddsDatanode}
2019-09-19 10:43:23,003 [main] INFO  server.AbstractConnector (AbstractConnector.java:doStart(278)) - Started ServerConnector@5415ed48{HTTP/1.1,[http/1.1]}{0.0.0.0:33480}
2019-09-19 10:43:23,004 [main] INFO  server.Server (Server.java:doStart(419)) - Started @315475ms
2019-09-19 10:43:23,005 [main] INFO  server.BaseHttpServer (BaseHttpServer.java:updateConnectorAddress(213)) - HTTP server of HDDSDATANODE is listening at http://0.0.0.0:33480
2019-09-19 10:43:23,157 | INFO  | ObjectStoreRestHttpServer | Listening HDDS REST traffic on /0.0.0.0:34917 |  
2019-09-19 10:43:23,157 [main] INFO  ozone.HddsDatanodeService (HddsDatanodeService.java:startPlugins(395)) - Started plug-in org.apache.hadoop.ozone.web.OzoneHddsDatanodeService@62a1bc26
2019-09-19 10:43:23,157 [main] INFO  impl.MetricsSystemImpl (MetricsSystemImpl.java:init(158)) - HddsDatanode metrics system started (again)
2019-09-19 10:43:23,161 [main] INFO  ozone.HddsDatanodeService (HddsDatanodeService.java:start(184)) - HddsDatanodeService host:pr-hdds-1569-cpgw4-1311585219 ip:192.168.157.204
2019-09-19 10:43:23,161 [org.apache.hadoop.util.JvmPauseMonitor$Monitor@4a072dfd] INFO  util.JvmPauseMonitor (JvmPauseMonitor.java:run(188)) - Starting JVM pause monitor
2019-09-19 10:43:23,163 [Datanode State Machine Thread - 0] INFO  datanode.InitDatanodeState (InitDatanodeState.java:persistContainerDatanodeDetails(140)) - DatanodeDetails is persisted to /workdir/hadoop-ozone/ozonefs/target/test-dir/MiniOzoneClusterImpl-b710d106-2c58-4a4d-8c07-4cf143589938/datanode-1/meta/datanode.id
2019-09-19 10:43:23,170 [main] INFO  volume.HddsVolume (HddsVolume.java:<init>(176)) - Creating Volume: /workdir/hadoop-ozone/ozonefs/target/test-dir/MiniOzoneClusterImpl-b710d106-2c58-4a4d-8c07-4cf143589938/datanode-2/data/containers/hdds of  storage type : DISK and capacity : 1482555576320
2019-09-19 10:43:23,171 [main] INFO  volume.VolumeSet (VolumeSet.java:initializeVolumeSet(170)) - Added Volume : /workdir/hadoop-ozone/ozonefs/target/test-dir/MiniOzoneClusterImpl-b710d106-2c58-4a4d-8c07-4cf143589938/datanode-2/data/containers/hdds to VolumeSet
2019-09-19 10:43:23,173 [main] INFO  volume.ThrottledAsyncChecker (ThrottledAsyncChecker.java:schedule(140)) - Scheduling a check for org.apache.hadoop.ozone.container.common.volume.HddsVolume@f11fad9
2019-09-19 10:43:23,174 [main] INFO  volume.HddsVolumeChecker (HddsVolumeChecker.java:checkAllVolumes(203)) - Scheduled health check for volume org.apache.hadoop.ozone.container.common.volume.HddsVolume@f11fad9
2019-09-19 10:43:23,193 [main] INFO  impl.RaftServerProxy (ConfUtils.java:logGet(43)) - raft.rpc.type = GRPC (default)
2019-09-19 10:43:23,193 [main] INFO  grpc.GrpcFactory (GrpcFactory.java:checkPooledByteBufAllocatorUseCacheForAllThreads(45)) - PERFORMANCE WARNING: useCacheForAllThreads is true that may cause Netty to create a lot garbage objects and, as a result, trigger GC.
	It is recommended to disable useCacheForAllThreads by setting -Dorg.apache.ratis.thirdparty.io.netty.allocator.useCacheForAllThreads=false in command line.
2019-09-19 10:43:23,193 [main] INFO  grpc.GrpcConfigKeys$Server (ConfUtils.java:logGet(43)) - raft.grpc.server.port = 0 (default)
2019-09-19 10:43:23,194 [main] INFO  server.GrpcService (ConfUtils.java:logGet(43)) - raft.grpc.message.size.max = 33570816 (custom)
2019-09-19 10:43:23,194 [main] INFO  server.RaftServerConfigKeys (ConfUtils.java:logGet(43)) - raft.server.log.appender.buffer.byte-limit = 33554432 (custom)
2019-09-19 10:43:23,194 [main] INFO  server.GrpcService (ConfUtils.java:logGet(43)) - raft.grpc.flow.control.window = 1MB (=1048576) (default)
2019-09-19 10:43:23,194 [main] INFO  server.RaftServerConfigKeys (ConfUtils.java:logGet(43)) - raft.server.rpc.request.timeout = 3000ms (default)
2019-09-19 10:43:23,195 [main] INFO  server.RaftServerConfigKeys (ConfUtils.java:logGet(43)) - raft.server.storage.dir = [/workdir/hadoop-ozone/ozonefs/target/test-dir/MiniOzoneClusterImpl-b710d106-2c58-4a4d-8c07-4cf143589938/datanode-2/data/ratis] (custom)
2019-09-19 10:43:23,195 [main] INFO  replication.SimpleContainerDownloader (SimpleContainerDownloader.java:<init>(72)) - Starting container downloader service to copy containers to replicate.
2019-09-19 10:43:23,196 [main] INFO  hdfs.DFSUtil (DFSUtil.java:httpServerTemplateForNNAndJN(1641)) - Starting Web-server for hddsDatanode at: http://0.0.0.0:0
2019-09-19 10:43:23,199 [main] INFO  server.AuthenticationFilter (AuthenticationFilter.java:constructSecretProvider(240)) - Unable to initialize FileSignerSecretProvider, falling back to use random secrets.
2019-09-19 10:43:23,199 [main] WARN  http.HttpRequestLog (HttpRequestLog.java:getRequestLog(97)) - Jetty request log can only be enabled using Log4j
2019-09-19 10:43:23,202 [main] INFO  http.HttpServer2 (HttpServer2.java:addGlobalFilter(975)) - Added global filter 'safety' (class=org.apache.hadoop.http.HttpServer2$QuotingInputFilter)
2019-09-19 10:43:23,203 [main] INFO  http.HttpServer2 (HttpServer2.java:addFilter(948)) - Added filter static_user_filter (class=org.apache.hadoop.http.lib.StaticUserWebFilter$StaticUserFilter) to context hddsDatanode
2019-09-19 10:43:23,204 [main] INFO  http.HttpServer2 (HttpServer2.java:addFilter(958)) - Added filter static_user_filter (class=org.apache.hadoop.http.lib.StaticUserWebFilter$StaticUserFilter) to context static
2019-09-19 10:43:23,204 [main] INFO  http.HttpServer2 (HttpServer2.java:addFilter(958)) - Added filter static_user_filter (class=org.apache.hadoop.http.lib.StaticUserWebFilter$StaticUserFilter) to context logs
2019-09-19 10:43:23,205 [main] INFO  http.HttpServer2 (HttpServer2.java:bindListener(1191)) - Jetty bound to port 39707
2019-09-19 10:43:23,205 [main] INFO  server.Server (Server.java:doStart(351)) - jetty-9.3.24.v20180605, build timestamp: 2018-06-05T17:11:56Z, git hash: 84205aa28f11a4f31f2a3b86d1bba2cc8ab69827
2019-09-19 10:43:23,207 [main] INFO  handler.ContextHandler (ContextHandler.java:doStart(781)) - Started o.e.j.s.ServletContextHandler@13485e82{/logs,file:///workdir/hadoop-ozone/ozonefs/target/log,AVAILABLE}
2019-09-19 10:43:23,208 [main] INFO  handler.ContextHandler (ContextHandler.java:doStart(781)) - Started o.e.j.s.ServletContextHandler@205c0b1a{/static,jar:file:/home/user/.m2/repository/org/apache/hadoop/hadoop-hdds-container-service/0.5.0-SNAPSHOT/hadoop-hdds-container-service-0.5.0-SNAPSHOT.jar!/webapps/static,AVAILABLE}
2019-09-19 10:43:23,248 [main] INFO  handler.ContextHandler (ContextHandler.java:doStart(781)) - Started o.e.j.w.WebAppContext@787073b3{/,file:///tmp/jetty-0.0.0.0-39707-hddsDatanode-_-any-2058901906866533932.dir/webapp/,AVAILABLE}{/hddsDatanode}
2019-09-19 10:43:23,249 [main] INFO  server.AbstractConnector (AbstractConnector.java:doStart(278)) - Started ServerConnector@53a52b3f{HTTP/1.1,[http/1.1]}{0.0.0.0:39707}
2019-09-19 10:43:23,250 [main] INFO  server.Server (Server.java:doStart(419)) - Started @315722ms
2019-09-19 10:43:23,251 [main] INFO  server.BaseHttpServer (BaseHttpServer.java:updateConnectorAddress(213)) - HTTP server of HDDSDATANODE is listening at http://0.0.0.0:39707
2019-09-19 10:43:23,413 | INFO  | ObjectStoreRestHttpServer | Listening HDDS REST traffic on /0.0.0.0:45527 |  
2019-09-19 10:43:23,413 [main] INFO  ozone.HddsDatanodeService (HddsDatanodeService.java:startPlugins(395)) - Started plug-in org.apache.hadoop.ozone.web.OzoneHddsDatanodeService@787239f5
2019-09-19 10:43:23,414 [main] INFO  ozone.MiniOzoneClusterImpl (MiniOzoneClusterImpl.java:lambda$waitForClusterToBeReady$0(142)) - Waiting for cluster to be ready. Got 0 of 3 DN Heartbeats.
2019-09-19 10:43:23,417 [org.apache.hadoop.util.JvmPauseMonitor$Monitor@5bb731cb] INFO  util.JvmPauseMonitor (JvmPauseMonitor.java:run(188)) - Starting JVM pause monitor
2019-09-19 10:43:23,418 [Datanode State Machine Thread - 0] INFO  datanode.InitDatanodeState (InitDatanodeState.java:persistContainerDatanodeDetails(140)) - DatanodeDetails is persisted to /workdir/hadoop-ozone/ozonefs/target/test-dir/MiniOzoneClusterImpl-b710d106-2c58-4a4d-8c07-4cf143589938/datanode-2/meta/datanode.id
2019-09-19 10:43:24,414 [main] INFO  ozone.MiniOzoneClusterImpl (MiniOzoneClusterImpl.java:lambda$waitForClusterToBeReady$0(142)) - Waiting for cluster to be ready. Got 0 of 3 DN Heartbeats.
2019-09-19 10:43:24,929 | INFO  | SCMAudit | user=jenkins1000 | ip=192.168.157.204 | op=GET_VERSION null | ret=SUCCESS |  
2019-09-19 10:43:25,026 [Datanode State Machine Thread - 0] INFO  ozoneimpl.OzoneContainer (OzoneContainer.java:start(186)) - Attempting to start container services.
2019-09-19 10:43:25,027 [Datanode State Machine Thread - 0] INFO  ozoneimpl.OzoneContainer (OzoneContainer.java:startContainerScrub(160)) - Background container scrubber has been disabled by hdds.containerscrub.enabled
2019-09-19 10:43:25,027 [Datanode State Machine Thread - 0] INFO  ratis.XceiverServerRatis (XceiverServerRatis.java:start(404)) - Starting XceiverServerRatis cc46da0f-c3d0-4319-b020-352cb15300cf at port 0
2019-09-19 10:43:25,035 [Datanode State Machine Thread - 0] INFO  impl.RaftServerProxy (RaftServerProxy.java:lambda$start$3(299)) - cc46da0f-c3d0-4319-b020-352cb15300cf: start RPC server
2019-09-19 10:43:25,038 [Datanode State Machine Thread - 0] INFO  server.GrpcService (GrpcService.java:startImpl(149)) - cc46da0f-c3d0-4319-b020-352cb15300cf: GrpcService started, listening on 0.0.0.0/0.0.0.0:41413
2019-09-19 10:43:25,038 [Datanode State Machine Thread - 0] INFO  ratis.XceiverServerRatis (XceiverServerRatis.java:start(414)) - XceiverServerRatis cc46da0f-c3d0-4319-b020-352cb15300cf is started using port 41413
2019-09-19 10:43:25,044 [Datanode State Machine Thread - 0] INFO  server.XceiverServerGrpc (XceiverServerGrpc.java:start(163)) - XceiverServerGrpc cc46da0f-c3d0-4319-b020-352cb15300cf is started using port 42711
2019-09-19 10:43:25,161 | INFO  | SCMAudit | user=jenkins1000 | ip=192.168.157.204 | op=GET_VERSION null | ret=SUCCESS |  
2019-09-19 10:43:25,415 [main] INFO  ozone.MiniOzoneClusterImpl (MiniOzoneClusterImpl.java:lambda$waitForClusterToBeReady$0(142)) - Waiting for cluster to be ready. Got 0 of 3 DN Heartbeats.
2019-09-19 10:43:25,418 | INFO  | SCMAudit | user=jenkins1000 | ip=192.168.157.204 | op=GET_VERSION null | ret=SUCCESS |  
2019-09-19 10:43:25,708 [Datanode State Machine Thread - 0] INFO  ozoneimpl.OzoneContainer (OzoneContainer.java:start(186)) - Attempting to start container services.
2019-09-19 10:43:25,708 [Datanode State Machine Thread - 0] INFO  ozoneimpl.OzoneContainer (OzoneContainer.java:start(186)) - Attempting to start container services.
2019-09-19 10:43:25,710 [Datanode State Machine Thread - 0] INFO  ozoneimpl.OzoneContainer (OzoneContainer.java:startContainerScrub(160)) - Background container scrubber has been disabled by hdds.containerscrub.enabled
2019-09-19 10:43:25,711 [Datanode State Machine Thread - 0] INFO  ozoneimpl.OzoneContainer (OzoneContainer.java:startContainerScrub(160)) - Background container scrubber has been disabled by hdds.containerscrub.enabled
2019-09-19 10:43:25,711 [Datanode State Machine Thread - 0] INFO  ratis.XceiverServerRatis (XceiverServerRatis.java:start(404)) - Starting XceiverServerRatis 150f2557-af2e-4ff4-a511-15deca74e85e at port 0
2019-09-19 10:43:25,711 [Datanode State Machine Thread - 0] INFO  ratis.XceiverServerRatis (XceiverServerRatis.java:start(404)) - Starting XceiverServerRatis bd77eb86-d949-4b39-b9de-a79d79cc61f0 at port 0
2019-09-19 10:43:25,724 [Datanode State Machine Thread - 0] INFO  impl.RaftServerProxy (RaftServerProxy.java:lambda$start$3(299)) - bd77eb86-d949-4b39-b9de-a79d79cc61f0: start RPC server
2019-09-19 10:43:25,724 [Datanode State Machine Thread - 0] INFO  impl.RaftServerProxy (RaftServerProxy.java:lambda$start$3(299)) - 150f2557-af2e-4ff4-a511-15deca74e85e: start RPC server
2019-09-19 10:43:25,725 [Datanode State Machine Thread - 0] INFO  server.GrpcService (GrpcService.java:startImpl(149)) - bd77eb86-d949-4b39-b9de-a79d79cc61f0: GrpcService started, listening on 0.0.0.0/0.0.0.0:36361
2019-09-19 10:43:25,725 [Datanode State Machine Thread - 0] INFO  server.GrpcService (GrpcService.java:startImpl(149)) - 150f2557-af2e-4ff4-a511-15deca74e85e: GrpcService started, listening on 0.0.0.0/0.0.0.0:43817
2019-09-19 10:43:25,725 [Datanode State Machine Thread - 0] INFO  ratis.XceiverServerRatis (XceiverServerRatis.java:start(414)) - XceiverServerRatis bd77eb86-d949-4b39-b9de-a79d79cc61f0 is started using port 36361
2019-09-19 10:43:25,725 [Datanode State Machine Thread - 0] INFO  ratis.XceiverServerRatis (XceiverServerRatis.java:start(414)) - XceiverServerRatis 150f2557-af2e-4ff4-a511-15deca74e85e is started using port 43817
2019-09-19 10:43:25,725 [Datanode State Machine Thread - 0] INFO  server.XceiverServerGrpc (XceiverServerGrpc.java:start(163)) - XceiverServerGrpc bd77eb86-d949-4b39-b9de-a79d79cc61f0 is started using port 33858
2019-09-19 10:43:25,725 [Datanode State Machine Thread - 0] INFO  server.XceiverServerGrpc (XceiverServerGrpc.java:start(163)) - XceiverServerGrpc 150f2557-af2e-4ff4-a511-15deca74e85e is started using port 39166
2019-09-19 10:43:26,415 [main] INFO  ozone.MiniOzoneClusterImpl (MiniOzoneClusterImpl.java:lambda$waitForClusterToBeReady$0(142)) - Waiting for cluster to be ready. Got 0 of 3 DN Heartbeats.
2019-09-19 10:43:26,928 [IPC Server handler 1 on 40132] INFO  net.NetworkTopology (NetworkTopologyImpl.java:add(110)) - Added a new node: /default-rack/cc46da0f-c3d0-4319-b020-352cb15300cf
2019-09-19 10:43:26,929 [IPC Server handler 1 on 40132] INFO  node.SCMNodeManager (SCMNodeManager.java:register(273)) - Registered Data node : cc46da0f-c3d0-4319-b020-352cb15300cf{ip: 192.168.157.204, host: pr-hdds-1569-cpgw4-1311585219, networkLocation: /default-rack, certSerialId: null}
2019-09-19 10:43:26,931 [EventQueue-NodeRegistrationContainerReportForDataNodeSafeModeRule] INFO  safemode.SCMSafeModeManager (DataNodeSafeModeRule.java:process(71)) - SCM in safe mode. 1 DataNodes registered, 1 required.
2019-09-19 10:43:26,931 | INFO  | SCMAudit | user=jenkins1000 | ip=192.168.157.204 | op=REGISTER {datanodeDetails=cc46da0f-c3d0-4319-b020-352cb15300cf{ip: 192.168.157.204, host: pr-hdds-1569-cpgw4-1311585219, networkLocation: /default-rack, certSerialId: null}} | ret=SUCCESS |  
2019-09-19 10:43:26,932 [EventQueue-NodeRegistrationContainerReportForDataNodeSafeModeRule] INFO  safemode.SCMSafeModeManager (SCMSafeModeManager.java:validateSafeModeExitRules(177)) - ScmSafeModeManager, all rules are successfully validated
2019-09-19 10:43:26,932 [EventQueue-NodeRegistrationContainerReportForDataNodeSafeModeRule] INFO  safemode.SCMSafeModeManager (SCMSafeModeManager.java:exitSafeMode(193)) - SCM exiting safe mode.
2019-09-19 10:43:26,946 [grpc-default-executor-0] INFO  impl.RaftServerProxy (RaftServerProxy.java:addNew(89)) - cc46da0f-c3d0-4319-b020-352cb15300cf: addNew group-37703A01CCB1:[cc46da0f-c3d0-4319-b020-352cb15300cf:192.168.157.204:41413] returns group-37703A01CCB1:java.util.concurrent.CompletableFuture@78463520[Not completed]
2019-09-19 10:43:26,950 [pool-610-thread-1] INFO  impl.RaftServerImpl (RaftServerImpl.java:<init>(93)) - cc46da0f-c3d0-4319-b020-352cb15300cf: new RaftServerImpl for group-37703A01CCB1:[cc46da0f-c3d0-4319-b020-352cb15300cf:192.168.157.204:41413] with ContainerStateMachine:uninitialized
2019-09-19 10:43:26,950 [pool-610-thread-1] INFO  server.RaftServerConfigKeys (ConfUtils.java:logGet(43)) - raft.server.rpc.timeout.min = 5s (custom)
2019-09-19 10:43:26,950 [pool-610-thread-1] INFO  server.RaftServerConfigKeys (ConfUtils.java:logGet(43)) - raft.server.rpc.timeout.max = 5200ms (custom)
2019-09-19 10:43:26,950 [pool-610-thread-1] INFO  server.RaftServerConfigKeys (ConfUtils.java:logGet(43)) - raft.server.rpcslowness.timeout = 120s (custom)
2019-09-19 10:43:26,951 [pool-610-thread-1] INFO  server.RaftServerConfigKeys (ConfUtils.java:logGet(43)) - raft.server.sleep.deviation.threshold = 300 (default)
2019-09-19 10:43:26,951 [pool-610-thread-1] INFO  server.RaftServerConfigKeys (ConfUtils.java:logGet(43)) - raft.server.log.appender.install.snapshot.enabled = false (custom)
2019-09-19 10:43:26,951 [pool-610-thread-1] INFO  impl.RaftServerImpl (ServerState.java:<init>(105)) - cc46da0f-c3d0-4319-b020-352cb15300cf:group-37703A01CCB1 ConfigurationManager, init=-1: [cc46da0f-c3d0-4319-b020-352cb15300cf:192.168.157.204:41413], old=null, confs=<EMPTY_MAP>
2019-09-19 10:43:26,951 [pool-610-thread-1] INFO  server.RaftServerConfigKeys (ConfUtils.java:logGet(43)) - raft.server.storage.dir = [/workdir/hadoop-ozone/ozonefs/target/test-dir/MiniOzoneClusterImpl-b710d106-2c58-4a4d-8c07-4cf143589938/datanode-0/data/ratis] (custom)
2019-09-19 10:43:26,952 [pool-610-thread-1] INFO  storage.RaftStorageDirectory (RaftStorageDirectory.java:analyzeStorage(246)) - The storage directory /workdir/hadoop-ozone/ozonefs/target/test-dir/MiniOzoneClusterImpl-b710d106-2c58-4a4d-8c07-4cf143589938/datanode-0/data/ratis/4df3e448-cd46-480c-9d6c-37703a01ccb1 does not exist. Creating ...
2019-09-19 10:43:26,965 [pool-610-thread-1] INFO  storage.RaftStorageDirectory (RaftStorageDirectory.java:tryLock(328)) - Lock on /workdir/hadoop-ozone/ozonefs/target/test-dir/MiniOzoneClusterImpl-b710d106-2c58-4a4d-8c07-4cf143589938/datanode-0/data/ratis/4df3e448-cd46-480c-9d6c-37703a01ccb1/in_use.lock acquired by nodename 10573@pr-hdds-1569-cpgw4-1311585219
2019-09-19 10:43:26,977 [pool-610-thread-1] INFO  storage.RaftStorage (RaftStorage.java:format(72)) - Storage directory /workdir/hadoop-ozone/ozonefs/target/test-dir/MiniOzoneClusterImpl-b710d106-2c58-4a4d-8c07-4cf143589938/datanode-0/data/ratis/4df3e448-cd46-480c-9d6c-37703a01ccb1 has been successfully formatted.
2019-09-19 10:43:26,978 [pool-610-thread-1] INFO  ratis.ContainerStateMachine (ContainerStateMachine.java:loadSnapshot(226)) - group-37703A01CCB1: The snapshot info is null. Setting the last applied indexto:(t:0, i:~)
2019-09-19 10:43:26,978 [pool-610-thread-1] INFO  server.RaftServerConfigKeys (ConfUtils.java:logGet(43)) - raft.server.leader.election.timeout = 120s (custom)
2019-09-19 10:43:26,978 [pool-610-thread-1] INFO  server.RaftServerConfigKeys (ConfUtils.java:logGet(43)) - raft.server.log.use.memory = false (default)
2019-09-19 10:43:26,978 [pool-610-thread-1] INFO  server.RaftServerConfigKeys (ConfUtils.java:logGet(43)) - raft.server.log.purge.gap = 1000000 (custom)
2019-09-19 10:43:26,978 [pool-610-thread-1] INFO  server.RaftServerConfigKeys (ConfUtils.java:logGet(43)) - raft.server.log.appender.buffer.byte-limit = 33554432 (custom)
2019-09-19 10:43:26,978 [pool-610-thread-1] INFO  server.RaftServerConfigKeys (ConfUtils.java:logGet(43)) - raft.server.log.segment.size.max = 1048576 (custom)
2019-09-19 10:43:26,979 [pool-610-thread-1] INFO  server.RaftServerConfigKeys (ConfUtils.java:logGet(43)) - raft.server.log.segment.cache.num.max = 2 (custom)
2019-09-19 10:43:26,979 [pool-610-thread-1] INFO  segmented.SegmentedRaftLogWorker (SegmentedRaftLogWorker.java:<init>(172)) - new cc46da0f-c3d0-4319-b020-352cb15300cf-SegmentedRaftLogWorker:Storage Directory /workdir/hadoop-ozone/ozonefs/target/test-dir/MiniOzoneClusterImpl-b710d106-2c58-4a4d-8c07-4cf143589938/datanode-0/data/ratis/4df3e448-cd46-480c-9d6c-37703a01ccb1 for RaftStorage:Storage Directory /workdir/hadoop-ozone/ozonefs/target/test-dir/MiniOzoneClusterImpl-b710d106-2c58-4a4d-8c07-4cf143589938/datanode-0/data/ratis/4df3e448-cd46-480c-9d6c-37703a01ccb1
2019-09-19 10:43:26,979 [pool-610-thread-1] INFO  server.RaftServerConfigKeys (ConfUtils.java:logGet(43)) - raft.server.log.queue.byte-limit = 2147483647 (custom)
2019-09-19 10:43:26,979 [pool-610-thread-1] INFO  server.RaftServerConfigKeys (ConfUtils.java:logGet(43)) - raft.server.log.queue.element-limit = 1024 (custom)
2019-09-19 10:43:26,979 [pool-610-thread-1] INFO  server.RaftServerConfigKeys (ConfUtils.java:logGet(43)) - raft.server.log.segment.size.max = 1048576 (custom)
2019-09-19 10:43:26,980 [pool-610-thread-1] INFO  server.RaftServerConfigKeys (ConfUtils.java:logGet(43)) - raft.server.log.preallocated.size = 16384 (custom)
2019-09-19 10:43:26,980 [pool-610-thread-1] INFO  server.RaftServerConfigKeys (ConfUtils.java:logGet(43)) - raft.server.log.write.buffer.size = 33554432 (custom)
2019-09-19 10:43:26,980 [pool-610-thread-1] INFO  server.RaftServerConfigKeys (ConfUtils.java:logGet(43)) - raft.server.log.force.sync.num = 128 (default)
2019-09-19 10:43:26,980 [pool-610-thread-1] INFO  server.RaftServerConfigKeys (ConfUtils.java:logGet(43)) - raft.server.log.statemachine.data.sync = true (default)
2019-09-19 10:43:26,980 [pool-610-thread-1] INFO  server.RaftServerConfigKeys (ConfUtils.java:logGet(43)) - raft.server.log.statemachine.data.sync.timeout = 10s (default)
2019-09-19 10:43:26,980 [pool-610-thread-1] INFO  server.RaftServerConfigKeys (ConfUtils.java:logGet(43)) - raft.server.log.statemachine.data.sync.timeout.retry = -1 (default)
2019-09-19 10:43:26,981 [pool-610-thread-1] INFO  server.RaftServerConfigKeys (ConfUtils.java:logGet(43)) - raft.server.log.statemachine.data.caching.enabled = true (custom)
2019-09-19 10:43:26,981 [pool-610-thread-1] INFO  segmented.SegmentedRaftLogWorker (SegmentedRaftLogWorker.java:lambda$new$0(132)) - cc46da0f-c3d0-4319-b020-352cb15300cf-SegmentedRaftLogWorker:Storage Directory /workdir/hadoop-ozone/ozonefs/target/test-dir/MiniOzoneClusterImpl-b710d106-2c58-4a4d-8c07-4cf143589938/datanode-0/data/ratis/4df3e448-cd46-480c-9d6c-37703a01ccb1: flushIndex: setUnconditionally 0 -> -1
2019-09-19 10:43:26,981 [pool-610-thread-1] INFO  server.RaftServerConfigKeys (ConfUtils.java:logGet(43)) - raft.server.snapshot.auto.trigger.enabled = true (custom)
2019-09-19 10:43:26,981 [pool-610-thread-1] INFO  server.RaftServerConfigKeys (ConfUtils.java:logGet(43)) - raft.server.snapshot.auto.trigger.threshold = 10000 (custom)
2019-09-19 10:43:26,981 [pool-610-thread-1] INFO  server.RaftServerConfigKeys (ConfUtils.java:logGet(43)) - raft.server.retrycache.expirytime = 600000ms (custom)
2019-09-19 10:43:26,982 [pool-610-thread-1] INFO  impl.RaftServerImpl (RaftServerImpl.java:start(180)) - cc46da0f-c3d0-4319-b020-352cb15300cf: start group-37703A01CCB1
2019-09-19 10:43:26,982 [pool-610-thread-1] INFO  impl.RaftServerImpl (RaftServerImpl.java:setRole(171)) - cc46da0f-c3d0-4319-b020-352cb15300cf:group-37703A01CCB1 changes role from null to FOLLOWER at term 0 for startAsFollower
2019-09-19 10:43:26,982 [pool-610-thread-1] INFO  impl.RoleInfo (RoleInfo.java:updateAndGet(143)) - cc46da0f-c3d0-4319-b020-352cb15300cf: start FollowerState
2019-09-19 10:43:26,982 [pool-610-thread-1] INFO  util.JmxRegister (JmxRegister.java:tryRegister(44)) - Successfully registered JMX Bean with object name Ratis:service=RaftServer,group=group-37703A01CCB1,id=cc46da0f-c3d0-4319-b020-352cb15300cf
2019-09-19 10:43:27,093 [RatisPipelineUtilsThread] INFO  pipeline.PipelineStateManager (PipelineStateManager.java:addPipeline(56)) - Created pipeline Pipeline[ Id: 4df3e448-cd46-480c-9d6c-37703a01ccb1, Nodes: cc46da0f-c3d0-4319-b020-352cb15300cf{ip: 192.168.157.204, host: pr-hdds-1569-cpgw4-1311585219, networkLocation: /default-rack, certSerialId: null}, Type:RATIS, Factor:ONE, State:OPEN]
2019-09-19 10:43:27,110 [grpc-default-executor-0] INFO  impl.RaftServerProxy (RaftServerProxy.java:addNew(89)) - cc46da0f-c3d0-4319-b020-352cb15300cf: addNew group-FF0ECE897138:[cc46da0f-c3d0-4319-b020-352cb15300cf:192.168.157.204:41413] returns group-FF0ECE897138:java.util.concurrent.CompletableFuture@49746c5d[Not completed]
2019-09-19 10:43:27,111 [pool-610-thread-1] INFO  impl.RaftServerImpl (RaftServerImpl.java:<init>(93)) - cc46da0f-c3d0-4319-b020-352cb15300cf: new RaftServerImpl for group-FF0ECE897138:[cc46da0f-c3d0-4319-b020-352cb15300cf:192.168.157.204:41413] with ContainerStateMachine:uninitialized
2019-09-19 10:43:27,111 [pool-610-thread-1] INFO  server.RaftServerConfigKeys (ConfUtils.java:logGet(43)) - raft.server.rpc.timeout.min = 5s (custom)
2019-09-19 10:43:27,111 [pool-610-thread-1] INFO  server.RaftServerConfigKeys (ConfUtils.java:logGet(43)) - raft.server.rpc.timeout.max = 5200ms (custom)
2019-09-19 10:43:27,111 [pool-610-thread-1] INFO  server.RaftServerConfigKeys (ConfUtils.java:logGet(43)) - raft.server.rpcslowness.timeout = 120s (custom)
2019-09-19 10:43:27,111 [pool-610-thread-1] INFO  server.RaftServerConfigKeys (ConfUtils.java:logGet(43)) - raft.server.sleep.deviation.threshold = 300 (default)
2019-09-19 10:43:27,112 [pool-610-thread-1] INFO  server.RaftServerConfigKeys (ConfUtils.java:logGet(43)) - raft.server.log.appender.install.snapshot.enabled = false (custom)
2019-09-19 10:43:27,112 [pool-610-thread-1] INFO  impl.RaftServerImpl (ServerState.java:<init>(105)) - cc46da0f-c3d0-4319-b020-352cb15300cf:group-FF0ECE897138 ConfigurationManager, init=-1: [cc46da0f-c3d0-4319-b020-352cb15300cf:192.168.157.204:41413], old=null, confs=<EMPTY_MAP>
2019-09-19 10:43:27,112 [pool-610-thread-1] INFO  server.RaftServerConfigKeys (ConfUtils.java:logGet(43)) - raft.server.storage.dir = [/workdir/hadoop-ozone/ozonefs/target/test-dir/MiniOzoneClusterImpl-b710d106-2c58-4a4d-8c07-4cf143589938/datanode-0/data/ratis] (custom)
2019-09-19 10:43:27,112 [pool-610-thread-1] INFO  storage.RaftStorageDirectory (RaftStorageDirectory.java:analyzeStorage(246)) - The storage directory /workdir/hadoop-ozone/ozonefs/target/test-dir/MiniOzoneClusterImpl-b710d106-2c58-4a4d-8c07-4cf143589938/datanode-0/data/ratis/6bfbbbcc-e2b5-4f0b-8524-ff0ece897138 does not exist. Creating ...
2019-09-19 10:43:27,133 [pool-610-thread-1] INFO  storage.RaftStorageDirectory (RaftStorageDirectory.java:tryLock(328)) - Lock on /workdir/hadoop-ozone/ozonefs/target/test-dir/MiniOzoneClusterImpl-b710d106-2c58-4a4d-8c07-4cf143589938/datanode-0/data/ratis/6bfbbbcc-e2b5-4f0b-8524-ff0ece897138/in_use.lock acquired by nodename 10573@pr-hdds-1569-cpgw4-1311585219
2019-09-19 10:43:27,146 [pool-610-thread-1] INFO  storage.RaftStorage (RaftStorage.java:format(72)) - Storage directory /workdir/hadoop-ozone/ozonefs/target/test-dir/MiniOzoneClusterImpl-b710d106-2c58-4a4d-8c07-4cf143589938/datanode-0/data/ratis/6bfbbbcc-e2b5-4f0b-8524-ff0ece897138 has been successfully formatted.
2019-09-19 10:43:27,146 [pool-610-thread-1] INFO  ratis.ContainerStateMachine (ContainerStateMachine.java:loadSnapshot(226)) - group-FF0ECE897138: The snapshot info is null. Setting the last applied indexto:(t:0, i:~)
2019-09-19 10:43:27,147 [pool-610-thread-1] INFO  server.RaftServerConfigKeys (ConfUtils.java:logGet(43)) - raft.server.leader.election.timeout = 120s (custom)
2019-09-19 10:43:27,147 [pool-610-thread-1] INFO  server.RaftServerConfigKeys (ConfUtils.java:logGet(43)) - raft.server.log.use.memory = false (default)
2019-09-19 10:43:27,147 [pool-610-thread-1] INFO  server.RaftServerConfigKeys (ConfUtils.java:logGet(43)) - raft.server.log.purge.gap = 1000000 (custom)
2019-09-19 10:43:27,147 [pool-610-thread-1] INFO  server.RaftServerConfigKeys (ConfUtils.java:logGet(43)) - raft.server.log.appender.buffer.byte-limit = 33554432 (custom)
2019-09-19 10:43:27,147 [pool-610-thread-1] INFO  server.RaftServerConfigKeys (ConfUtils.java:logGet(43)) - raft.server.log.segment.size.max = 1048576 (custom)
2019-09-19 10:43:27,147 [pool-610-thread-1] INFO  server.RaftServerConfigKeys (ConfUtils.java:logGet(43)) - raft.server.log.segment.cache.num.max = 2 (custom)
2019-09-19 10:43:27,148 [pool-610-thread-1] INFO  segmented.SegmentedRaftLogWorker (SegmentedRaftLogWorker.java:<init>(172)) - new cc46da0f-c3d0-4319-b020-352cb15300cf-SegmentedRaftLogWorker:Storage Directory /workdir/hadoop-ozone/ozonefs/target/test-dir/MiniOzoneClusterImpl-b710d106-2c58-4a4d-8c07-4cf143589938/datanode-0/data/ratis/6bfbbbcc-e2b5-4f0b-8524-ff0ece897138 for RaftStorage:Storage Directory /workdir/hadoop-ozone/ozonefs/target/test-dir/MiniOzoneClusterImpl-b710d106-2c58-4a4d-8c07-4cf143589938/datanode-0/data/ratis/6bfbbbcc-e2b5-4f0b-8524-ff0ece897138
2019-09-19 10:43:27,148 [pool-610-thread-1] INFO  server.RaftServerConfigKeys (ConfUtils.java:logGet(43)) - raft.server.log.queue.byte-limit = 2147483647 (custom)
2019-09-19 10:43:27,148 [pool-610-thread-1] INFO  server.RaftServerConfigKeys (ConfUtils.java:logGet(43)) - raft.server.log.queue.element-limit = 1024 (custom)
2019-09-19 10:43:27,148 [pool-610-thread-1] INFO  server.RaftServerConfigKeys (ConfUtils.java:logGet(43)) - raft.server.log.segment.size.max = 1048576 (custom)
2019-09-19 10:43:27,148 [pool-610-thread-1] INFO  server.RaftServerConfigKeys (ConfUtils.java:logGet(43)) - raft.server.log.preallocated.size = 16384 (custom)
2019-09-19 10:43:27,148 [pool-610-thread-1] INFO  server.RaftServerConfigKeys (ConfUtils.java:logGet(43)) - raft.server.log.write.buffer.size = 33554432 (custom)
2019-09-19 10:43:27,148 [pool-610-thread-1] INFO  server.RaftServerConfigKeys (ConfUtils.java:logGet(43)) - raft.server.log.force.sync.num = 128 (default)
2019-09-19 10:43:27,149 [pool-610-thread-1] INFO  server.RaftServerConfigKeys (ConfUtils.java:logGet(43)) - raft.server.log.statemachine.data.sync = true (default)
2019-09-19 10:43:27,149 [pool-610-thread-1] INFO  server.RaftServerConfigKeys (ConfUtils.java:logGet(43)) - raft.server.log.statemachine.data.sync.timeout = 10s (default)
2019-09-19 10:43:27,149 [pool-610-thread-1] INFO  server.RaftServerConfigKeys (ConfUtils.java:logGet(43)) - raft.server.log.statemachine.data.sync.timeout.retry = -1 (default)
2019-09-19 10:43:27,149 [pool-610-thread-1] INFO  server.RaftServerConfigKeys (ConfUtils.java:logGet(43)) - raft.server.log.statemachine.data.caching.enabled = true (custom)
2019-09-19 10:43:27,149 [pool-610-thread-1] INFO  segmented.SegmentedRaftLogWorker (SegmentedRaftLogWorker.java:lambda$new$0(132)) - cc46da0f-c3d0-4319-b020-352cb15300cf-SegmentedRaftLogWorker:Storage Directory /workdir/hadoop-ozone/ozonefs/target/test-dir/MiniOzoneClusterImpl-b710d106-2c58-4a4d-8c07-4cf143589938/datanode-0/data/ratis/6bfbbbcc-e2b5-4f0b-8524-ff0ece897138: flushIndex: setUnconditionally 0 -> -1
2019-09-19 10:43:27,150 [pool-610-thread-1] INFO  server.RaftServerConfigKeys (ConfUtils.java:logGet(43)) - raft.server.snapshot.auto.trigger.enabled = true (custom)
2019-09-19 10:43:27,150 [pool-610-thread-1] INFO  server.RaftServerConfigKeys (ConfUtils.java:logGet(43)) - raft.server.snapshot.auto.trigger.threshold = 10000 (custom)
2019-09-19 10:43:27,150 [pool-610-thread-1] INFO  server.RaftServerConfigKeys (ConfUtils.java:logGet(43)) - raft.server.retrycache.expirytime = 600000ms (custom)
2019-09-19 10:43:27,150 [pool-610-thread-1] INFO  impl.RaftServerImpl (RaftServerImpl.java:start(180)) - cc46da0f-c3d0-4319-b020-352cb15300cf: start group-FF0ECE897138
2019-09-19 10:43:27,150 [pool-610-thread-1] INFO  impl.RaftServerImpl (RaftServerImpl.java:setRole(171)) - cc46da0f-c3d0-4319-b020-352cb15300cf:group-FF0ECE897138 changes role from null to FOLLOWER at term 0 for startAsFollower
2019-09-19 10:43:27,151 [pool-610-thread-1] INFO  impl.RoleInfo (RoleInfo.java:updateAndGet(143)) - cc46da0f-c3d0-4319-b020-352cb15300cf: start FollowerState
2019-09-19 10:43:27,156 [pool-610-thread-1] INFO  util.JmxRegister (JmxRegister.java:tryRegister(44)) - Successfully registered JMX Bean with object name Ratis:service=RaftServer,group=group-FF0ECE897138,id=cc46da0f-c3d0-4319-b020-352cb15300cf
2019-09-19 10:43:27,167 [IPC Server handler 2 on 40132] INFO  net.NetworkTopology (NetworkTopologyImpl.java:add(110)) - Added a new node: /default-rack/150f2557-af2e-4ff4-a511-15deca74e85e
2019-09-19 10:43:27,167 [IPC Server handler 2 on 40132] INFO  node.SCMNodeManager (SCMNodeManager.java:register(273)) - Registered Data node : 150f2557-af2e-4ff4-a511-15deca74e85e{ip: 192.168.157.204, host: pr-hdds-1569-cpgw4-1311585219, networkLocation: /default-rack, certSerialId: null}
2019-09-19 10:43:27,169 | INFO  | SCMAudit | user=jenkins1000 | ip=192.168.157.204 | op=REGISTER {datanodeDetails=150f2557-af2e-4ff4-a511-15deca74e85e{ip: 192.168.157.204, host: pr-hdds-1569-cpgw4-1311585219, networkLocation: /default-rack, certSerialId: null}} | ret=SUCCESS |  
2019-09-19 10:43:27,169 [RatisPipelineUtilsThread] INFO  pipeline.PipelineStateManager (PipelineStateManager.java:addPipeline(56)) - Created pipeline Pipeline[ Id: 6bfbbbcc-e2b5-4f0b-8524-ff0ece897138, Nodes: cc46da0f-c3d0-4319-b020-352cb15300cf{ip: 192.168.157.204, host: pr-hdds-1569-cpgw4-1311585219, networkLocation: /default-rack, certSerialId: null}, Type:RATIS, Factor:ONE, State:OPEN]
2019-09-19 10:43:27,177 [grpc-default-executor-0] INFO  impl.RaftServerProxy (RaftServerProxy.java:addNew(89)) - 150f2557-af2e-4ff4-a511-15deca74e85e: addNew group-B69E451D2532:[150f2557-af2e-4ff4-a511-15deca74e85e:192.168.157.204:43817] returns group-B69E451D2532:java.util.concurrent.CompletableFuture@983b7f4[Not completed]
2019-09-19 10:43:27,178 [pool-621-thread-1] INFO  impl.RaftServerImpl (RaftServerImpl.java:<init>(93)) - 150f2557-af2e-4ff4-a511-15deca74e85e: new RaftServerImpl for group-B69E451D2532:[150f2557-af2e-4ff4-a511-15deca74e85e:192.168.157.204:43817] with ContainerStateMachine:uninitialized
2019-09-19 10:43:27,180 [pool-621-thread-1] INFO  server.RaftServerConfigKeys (ConfUtils.java:logGet(43)) - raft.server.rpc.timeout.min = 5s (custom)
2019-09-19 10:43:27,180 [pool-621-thread-1] INFO  server.RaftServerConfigKeys (ConfUtils.java:logGet(43)) - raft.server.rpc.timeout.max = 5200ms (custom)
2019-09-19 10:43:27,180 [pool-621-thread-1] INFO  server.RaftServerConfigKeys (ConfUtils.java:logGet(43)) - raft.server.rpcslowness.timeout = 120s (custom)
2019-09-19 10:43:27,180 [pool-621-thread-1] INFO  server.RaftServerConfigKeys (ConfUtils.java:logGet(43)) - raft.server.sleep.deviation.threshold = 300 (default)
2019-09-19 10:43:27,180 [pool-621-thread-1] INFO  server.RaftServerConfigKeys (ConfUtils.java:logGet(43)) - raft.server.log.appender.install.snapshot.enabled = false (custom)
2019-09-19 10:43:27,180 [pool-621-thread-1] INFO  impl.RaftServerImpl (ServerState.java:<init>(105)) - 150f2557-af2e-4ff4-a511-15deca74e85e:group-B69E451D2532 ConfigurationManager, init=-1: [150f2557-af2e-4ff4-a511-15deca74e85e:192.168.157.204:43817], old=null, confs=<EMPTY_MAP>
2019-09-19 10:43:27,180 [pool-621-thread-1] INFO  server.RaftServerConfigKeys (ConfUtils.java:logGet(43)) - raft.server.storage.dir = [/workdir/hadoop-ozone/ozonefs/target/test-dir/MiniOzoneClusterImpl-b710d106-2c58-4a4d-8c07-4cf143589938/datanode-1/data/ratis] (custom)
2019-09-19 10:43:27,181 [pool-621-thread-1] INFO  storage.RaftStorageDirectory (RaftStorageDirectory.java:analyzeStorage(246)) - The storage directory /workdir/hadoop-ozone/ozonefs/target/test-dir/MiniOzoneClusterImpl-b710d106-2c58-4a4d-8c07-4cf143589938/datanode-1/data/ratis/79889deb-d992-4c72-be74-b69e451d2532 does not exist. Creating ...
2019-09-19 10:43:27,194 [pool-621-thread-1] INFO  storage.RaftStorageDirectory (RaftStorageDirectory.java:tryLock(328)) - Lock on /workdir/hadoop-ozone/ozonefs/target/test-dir/MiniOzoneClusterImpl-b710d106-2c58-4a4d-8c07-4cf143589938/datanode-1/data/ratis/79889deb-d992-4c72-be74-b69e451d2532/in_use.lock acquired by nodename 10573@pr-hdds-1569-cpgw4-1311585219
2019-09-19 10:43:27,206 [pool-621-thread-1] INFO  storage.RaftStorage (RaftStorage.java:format(72)) - Storage directory /workdir/hadoop-ozone/ozonefs/target/test-dir/MiniOzoneClusterImpl-b710d106-2c58-4a4d-8c07-4cf143589938/datanode-1/data/ratis/79889deb-d992-4c72-be74-b69e451d2532 has been successfully formatted.
2019-09-19 10:43:27,206 [pool-621-thread-1] INFO  ratis.ContainerStateMachine (ContainerStateMachine.java:loadSnapshot(226)) - group-B69E451D2532: The snapshot info is null. Setting the last applied indexto:(t:0, i:~)
2019-09-19 10:43:27,206 [pool-621-thread-1] INFO  server.RaftServerConfigKeys (ConfUtils.java:logGet(43)) - raft.server.leader.election.timeout = 120s (custom)
2019-09-19 10:43:27,207 [pool-621-thread-1] INFO  server.RaftServerConfigKeys (ConfUtils.java:logGet(43)) - raft.server.log.use.memory = false (default)
2019-09-19 10:43:27,207 [pool-621-thread-1] INFO  server.RaftServerConfigKeys (ConfUtils.java:logGet(43)) - raft.server.log.purge.gap = 1000000 (custom)
2019-09-19 10:43:27,207 [pool-621-thread-1] INFO  server.RaftServerConfigKeys (ConfUtils.java:logGet(43)) - raft.server.log.appender.buffer.byte-limit = 33554432 (custom)
2019-09-19 10:43:27,207 [pool-621-thread-1] INFO  server.RaftServerConfigKeys (ConfUtils.java:logGet(43)) - raft.server.log.segment.size.max = 1048576 (custom)
2019-09-19 10:43:27,207 [pool-621-thread-1] INFO  server.RaftServerConfigKeys (ConfUtils.java:logGet(43)) - raft.server.log.segment.cache.num.max = 2 (custom)
2019-09-19 10:43:27,207 [pool-621-thread-1] INFO  segmented.SegmentedRaftLogWorker (SegmentedRaftLogWorker.java:<init>(172)) - new 150f2557-af2e-4ff4-a511-15deca74e85e-SegmentedRaftLogWorker:Storage Directory /workdir/hadoop-ozone/ozonefs/target/test-dir/MiniOzoneClusterImpl-b710d106-2c58-4a4d-8c07-4cf143589938/datanode-1/data/ratis/79889deb-d992-4c72-be74-b69e451d2532 for RaftStorage:Storage Directory /workdir/hadoop-ozone/ozonefs/target/test-dir/MiniOzoneClusterImpl-b710d106-2c58-4a4d-8c07-4cf143589938/datanode-1/data/ratis/79889deb-d992-4c72-be74-b69e451d2532
2019-09-19 10:43:27,207 [pool-621-thread-1] INFO  server.RaftServerConfigKeys (ConfUtils.java:logGet(43)) - raft.server.log.queue.byte-limit = 2147483647 (custom)
2019-09-19 10:43:27,208 [pool-621-thread-1] INFO  server.RaftServerConfigKeys (ConfUtils.java:logGet(43)) - raft.server.log.queue.element-limit = 1024 (custom)
2019-09-19 10:43:27,208 [pool-621-thread-1] INFO  server.RaftServerConfigKeys (ConfUtils.java:logGet(43)) - raft.server.log.segment.size.max = 1048576 (custom)
2019-09-19 10:43:27,208 [pool-621-thread-1] INFO  server.RaftServerConfigKeys (ConfUtils.java:logGet(43)) - raft.server.log.preallocated.size = 16384 (custom)
2019-09-19 10:43:27,208 [pool-621-thread-1] INFO  server.RaftServerConfigKeys (ConfUtils.java:logGet(43)) - raft.server.log.write.buffer.size = 33554432 (custom)
2019-09-19 10:43:27,208 [pool-621-thread-1] INFO  server.RaftServerConfigKeys (ConfUtils.java:logGet(43)) - raft.server.log.force.sync.num = 128 (default)
2019-09-19 10:43:27,208 [pool-621-thread-1] INFO  server.RaftServerConfigKeys (ConfUtils.java:logGet(43)) - raft.server.log.statemachine.data.sync = true (default)
2019-09-19 10:43:27,208 [pool-621-thread-1] INFO  server.RaftServerConfigKeys (ConfUtils.java:logGet(43)) - raft.server.log.statemachine.data.sync.timeout = 10s (default)
2019-09-19 10:43:27,209 [pool-621-thread-1] INFO  server.RaftServerConfigKeys (ConfUtils.java:logGet(43)) - raft.server.log.statemachine.data.sync.timeout.retry = -1 (default)
2019-09-19 10:43:27,209 [pool-621-thread-1] INFO  server.RaftServerConfigKeys (ConfUtils.java:logGet(43)) - raft.server.log.statemachine.data.caching.enabled = true (custom)
2019-09-19 10:43:27,209 [pool-621-thread-1] INFO  segmented.SegmentedRaftLogWorker (SegmentedRaftLogWorker.java:lambda$new$0(132)) - 150f2557-af2e-4ff4-a511-15deca74e85e-SegmentedRaftLogWorker:Storage Directory /workdir/hadoop-ozone/ozonefs/target/test-dir/MiniOzoneClusterImpl-b710d106-2c58-4a4d-8c07-4cf143589938/datanode-1/data/ratis/79889deb-d992-4c72-be74-b69e451d2532: flushIndex: setUnconditionally 0 -> -1
2019-09-19 10:43:27,209 [pool-621-thread-1] INFO  server.RaftServerConfigKeys (ConfUtils.java:logGet(43)) - raft.server.snapshot.auto.trigger.enabled = true (custom)
2019-09-19 10:43:27,210 [pool-621-thread-1] INFO  server.RaftServerConfigKeys (ConfUtils.java:logGet(43)) - raft.server.snapshot.auto.trigger.threshold = 10000 (custom)
2019-09-19 10:43:27,210 [pool-621-thread-1] INFO  server.RaftServerConfigKeys (ConfUtils.java:logGet(43)) - raft.server.retrycache.expirytime = 600000ms (custom)
2019-09-19 10:43:27,210 [pool-621-thread-1] INFO  impl.RaftServerImpl (RaftServerImpl.java:start(180)) - 150f2557-af2e-4ff4-a511-15deca74e85e: start group-B69E451D2532
2019-09-19 10:43:27,210 [pool-621-thread-1] INFO  impl.RaftServerImpl (RaftServerImpl.java:setRole(171)) - 150f2557-af2e-4ff4-a511-15deca74e85e:group-B69E451D2532 changes role from null to FOLLOWER at term 0 for startAsFollower
2019-09-19 10:43:27,210 [pool-621-thread-1] INFO  impl.RoleInfo (RoleInfo.java:updateAndGet(143)) - 150f2557-af2e-4ff4-a511-15deca74e85e: start FollowerState
2019-09-19 10:43:27,211 [pool-621-thread-1] INFO  util.JmxRegister (JmxRegister.java:tryRegister(44)) - Successfully registered JMX Bean with object name Ratis:service=RaftServer,group=group-B69E451D2532,id=150f2557-af2e-4ff4-a511-15deca74e85e
2019-09-19 10:43:27,215 [RatisPipelineUtilsThread] INFO  pipeline.PipelineStateManager (PipelineStateManager.java:addPipeline(56)) - Created pipeline Pipeline[ Id: 79889deb-d992-4c72-be74-b69e451d2532, Nodes: 150f2557-af2e-4ff4-a511-15deca74e85e{ip: 192.168.157.204, host: pr-hdds-1569-cpgw4-1311585219, networkLocation: /default-rack, certSerialId: null}, Type:RATIS, Factor:ONE, State:OPEN]
2019-09-19 10:43:27,222 [grpc-default-executor-0] INFO  impl.RaftServerProxy (RaftServerProxy.java:addNew(89)) - cc46da0f-c3d0-4319-b020-352cb15300cf: addNew group-A0FFB8CC4268:[cc46da0f-c3d0-4319-b020-352cb15300cf:192.168.157.204:41413] returns group-A0FFB8CC4268:java.util.concurrent.CompletableFuture@4acba733[Not completed]
2019-09-19 10:43:27,223 [pool-610-thread-1] INFO  impl.RaftServerImpl (RaftServerImpl.java:<init>(93)) - cc46da0f-c3d0-4319-b020-352cb15300cf: new RaftServerImpl for group-A0FFB8CC4268:[cc46da0f-c3d0-4319-b020-352cb15300cf:192.168.157.204:41413] with ContainerStateMachine:uninitialized
2019-09-19 10:43:27,223 [pool-610-thread-1] INFO  server.RaftServerConfigKeys (ConfUtils.java:logGet(43)) - raft.server.rpc.timeout.min = 5s (custom)
2019-09-19 10:43:27,223 [pool-610-thread-1] INFO  server.RaftServerConfigKeys (ConfUtils.java:logGet(43)) - raft.server.rpc.timeout.max = 5200ms (custom)
2019-09-19 10:43:27,223 [pool-610-thread-1] INFO  server.RaftServerConfigKeys (ConfUtils.java:logGet(43)) - raft.server.rpcslowness.timeout = 120s (custom)
2019-09-19 10:43:27,223 [pool-610-thread-1] INFO  server.RaftServerConfigKeys (ConfUtils.java:logGet(43)) - raft.server.sleep.deviation.threshold = 300 (default)
2019-09-19 10:43:27,223 [pool-610-thread-1] INFO  server.RaftServerConfigKeys (ConfUtils.java:logGet(43)) - raft.server.log.appender.install.snapshot.enabled = false (custom)
2019-09-19 10:43:27,223 [pool-610-thread-1] INFO  impl.RaftServerImpl (ServerState.java:<init>(105)) - cc46da0f-c3d0-4319-b020-352cb15300cf:group-A0FFB8CC4268 ConfigurationManager, init=-1: [cc46da0f-c3d0-4319-b020-352cb15300cf:192.168.157.204:41413], old=null, confs=<EMPTY_MAP>
2019-09-19 10:43:27,223 [pool-610-thread-1] INFO  server.RaftServerConfigKeys (ConfUtils.java:logGet(43)) - raft.server.storage.dir = [/workdir/hadoop-ozone/ozonefs/target/test-dir/MiniOzoneClusterImpl-b710d106-2c58-4a4d-8c07-4cf143589938/datanode-0/data/ratis] (custom)
2019-09-19 10:43:27,224 [pool-610-thread-1] INFO  storage.RaftStorageDirectory (RaftStorageDirectory.java:analyzeStorage(246)) - The storage directory /workdir/hadoop-ozone/ozonefs/target/test-dir/MiniOzoneClusterImpl-b710d106-2c58-4a4d-8c07-4cf143589938/datanode-0/data/ratis/94dfe92d-ae42-49ac-920d-a0ffb8cc4268 does not exist. Creating ...
2019-09-19 10:43:27,249 [pool-610-thread-1] INFO  storage.RaftStorageDirectory (RaftStorageDirectory.java:tryLock(328)) - Lock on /workdir/hadoop-ozone/ozonefs/target/test-dir/MiniOzoneClusterImpl-b710d106-2c58-4a4d-8c07-4cf143589938/datanode-0/data/ratis/94dfe92d-ae42-49ac-920d-a0ffb8cc4268/in_use.lock acquired by nodename 10573@pr-hdds-1569-cpgw4-1311585219
2019-09-19 10:43:27,261 [pool-610-thread-1] INFO  storage.RaftStorage (RaftStorage.java:format(72)) - Storage directory /workdir/hadoop-ozone/ozonefs/target/test-dir/MiniOzoneClusterImpl-b710d106-2c58-4a4d-8c07-4cf143589938/datanode-0/data/ratis/94dfe92d-ae42-49ac-920d-a0ffb8cc4268 has been successfully formatted.
2019-09-19 10:43:27,262 [pool-610-thread-1] INFO  ratis.ContainerStateMachine (ContainerStateMachine.java:loadSnapshot(226)) - group-A0FFB8CC4268: The snapshot info is null. Setting the last applied indexto:(t:0, i:~)
2019-09-19 10:43:27,262 [pool-610-thread-1] INFO  server.RaftServerConfigKeys (ConfUtils.java:logGet(43)) - raft.server.leader.election.timeout = 120s (custom)
2019-09-19 10:43:27,262 [pool-610-thread-1] INFO  server.RaftServerConfigKeys (ConfUtils.java:logGet(43)) - raft.server.log.use.memory = false (default)
2019-09-19 10:43:27,262 [pool-610-thread-1] INFO  server.RaftServerConfigKeys (ConfUtils.java:logGet(43)) - raft.server.log.purge.gap = 1000000 (custom)
2019-09-19 10:43:27,262 [pool-610-thread-1] INFO  server.RaftServerConfigKeys (ConfUtils.java:logGet(43)) - raft.server.log.appender.buffer.byte-limit = 33554432 (custom)
2019-09-19 10:43:27,263 [pool-610-thread-1] INFO  server.RaftServerConfigKeys (ConfUtils.java:logGet(43)) - raft.server.log.segment.size.max = 1048576 (custom)
2019-09-19 10:43:27,263 [pool-610-thread-1] INFO  server.RaftServerConfigKeys (ConfUtils.java:logGet(43)) - raft.server.log.segment.cache.num.max = 2 (custom)
2019-09-19 10:43:27,263 [pool-610-thread-1] INFO  segmented.SegmentedRaftLogWorker (SegmentedRaftLogWorker.java:<init>(172)) - new cc46da0f-c3d0-4319-b020-352cb15300cf-SegmentedRaftLogWorker:Storage Directory /workdir/hadoop-ozone/ozonefs/target/test-dir/MiniOzoneClusterImpl-b710d106-2c58-4a4d-8c07-4cf143589938/datanode-0/data/ratis/94dfe92d-ae42-49ac-920d-a0ffb8cc4268 for RaftStorage:Storage Directory /workdir/hadoop-ozone/ozonefs/target/test-dir/MiniOzoneClusterImpl-b710d106-2c58-4a4d-8c07-4cf143589938/datanode-0/data/ratis/94dfe92d-ae42-49ac-920d-a0ffb8cc4268
2019-09-19 10:43:27,263 [pool-610-thread-1] INFO  server.RaftServerConfigKeys (ConfUtils.java:logGet(43)) - raft.server.log.queue.byte-limit = 2147483647 (custom)
2019-09-19 10:43:27,263 [pool-610-thread-1] INFO  server.RaftServerConfigKeys (ConfUtils.java:logGet(43)) - raft.server.log.queue.element-limit = 1024 (custom)
2019-09-19 10:43:27,263 [pool-610-thread-1] INFO  server.RaftServerConfigKeys (ConfUtils.java:logGet(43)) - raft.server.log.segment.size.max = 1048576 (custom)
2019-09-19 10:43:27,264 [pool-610-thread-1] INFO  server.RaftServerConfigKeys (ConfUtils.java:logGet(43)) - raft.server.log.preallocated.size = 16384 (custom)
2019-09-19 10:43:27,264 [pool-610-thread-1] INFO  server.RaftServerConfigKeys (ConfUtils.java:logGet(43)) - raft.server.log.write.buffer.size = 33554432 (custom)
2019-09-19 10:43:27,264 [pool-610-thread-1] INFO  server.RaftServerConfigKeys (ConfUtils.java:logGet(43)) - raft.server.log.force.sync.num = 128 (default)
2019-09-19 10:43:27,264 [pool-610-thread-1] INFO  server.RaftServerConfigKeys (ConfUtils.java:logGet(43)) - raft.server.log.statemachine.data.sync = true (default)
2019-09-19 10:43:27,264 [pool-610-thread-1] INFO  server.RaftServerConfigKeys (ConfUtils.java:logGet(43)) - raft.server.log.statemachine.data.sync.timeout = 10s (default)
2019-09-19 10:43:27,264 [pool-610-thread-1] INFO  server.RaftServerConfigKeys (ConfUtils.java:logGet(43)) - raft.server.log.statemachine.data.sync.timeout.retry = -1 (default)
2019-09-19 10:43:27,264 [pool-610-thread-1] INFO  server.RaftServerConfigKeys (ConfUtils.java:logGet(43)) - raft.server.log.statemachine.data.caching.enabled = true (custom)
2019-09-19 10:43:27,265 [pool-610-thread-1] INFO  segmented.SegmentedRaftLogWorker (SegmentedRaftLogWorker.java:lambda$new$0(132)) - cc46da0f-c3d0-4319-b020-352cb15300cf-SegmentedRaftLogWorker:Storage Directory /workdir/hadoop-ozone/ozonefs/target/test-dir/MiniOzoneClusterImpl-b710d106-2c58-4a4d-8c07-4cf143589938/datanode-0/data/ratis/94dfe92d-ae42-49ac-920d-a0ffb8cc4268: flushIndex: setUnconditionally 0 -> -1
2019-09-19 10:43:27,265 [pool-610-thread-1] INFO  server.RaftServerConfigKeys (ConfUtils.java:logGet(43)) - raft.server.snapshot.auto.trigger.enabled = true (custom)
2019-09-19 10:43:27,265 [pool-610-thread-1] INFO  server.RaftServerConfigKeys (ConfUtils.java:logGet(43)) - raft.server.snapshot.auto.trigger.threshold = 10000 (custom)
2019-09-19 10:43:27,265 [pool-610-thread-1] INFO  server.RaftServerConfigKeys (ConfUtils.java:logGet(43)) - raft.server.retrycache.expirytime = 600000ms (custom)
2019-09-19 10:43:27,266 [pool-610-thread-1] INFO  impl.RaftServerImpl (RaftServerImpl.java:start(180)) - cc46da0f-c3d0-4319-b020-352cb15300cf: start group-A0FFB8CC4268
2019-09-19 10:43:27,266 [pool-610-thread-1] INFO  impl.RaftServerImpl (RaftServerImpl.java:setRole(171)) - cc46da0f-c3d0-4319-b020-352cb15300cf:group-A0FFB8CC4268 changes role from null to FOLLOWER at term 0 for startAsFollower
2019-09-19 10:43:27,266 [pool-610-thread-1] INFO  impl.RoleInfo (RoleInfo.java:updateAndGet(143)) - cc46da0f-c3d0-4319-b020-352cb15300cf: start FollowerState
2019-09-19 10:43:27,266 [pool-610-thread-1] INFO  util.JmxRegister (JmxRegister.java:tryRegister(44)) - Successfully registered JMX Bean with object name Ratis:service=RaftServer,group=group-A0FFB8CC4268,id=cc46da0f-c3d0-4319-b020-352cb15300cf
2019-09-19 10:43:27,271 [RatisPipelineUtilsThread] INFO  pipeline.PipelineStateManager (PipelineStateManager.java:addPipeline(56)) - Created pipeline Pipeline[ Id: 94dfe92d-ae42-49ac-920d-a0ffb8cc4268, Nodes: cc46da0f-c3d0-4319-b020-352cb15300cf{ip: 192.168.157.204, host: pr-hdds-1569-cpgw4-1311585219, networkLocation: /default-rack, certSerialId: null}, Type:RATIS, Factor:ONE, State:OPEN]
2019-09-19 10:43:27,278 [grpc-default-executor-0] INFO  impl.RaftServerProxy (RaftServerProxy.java:addNew(89)) - cc46da0f-c3d0-4319-b020-352cb15300cf: addNew group-8DBD045D7CCD:[cc46da0f-c3d0-4319-b020-352cb15300cf:192.168.157.204:41413] returns group-8DBD045D7CCD:java.util.concurrent.CompletableFuture@80f1ed0[Not completed]
2019-09-19 10:43:27,279 [pool-610-thread-1] INFO  impl.RaftServerImpl (RaftServerImpl.java:<init>(93)) - cc46da0f-c3d0-4319-b020-352cb15300cf: new RaftServerImpl for group-8DBD045D7CCD:[cc46da0f-c3d0-4319-b020-352cb15300cf:192.168.157.204:41413] with ContainerStateMachine:uninitialized
2019-09-19 10:43:27,279 [pool-610-thread-1] INFO  server.RaftServerConfigKeys (ConfUtils.java:logGet(43)) - raft.server.rpc.timeout.min = 5s (custom)
2019-09-19 10:43:27,279 [pool-610-thread-1] INFO  server.RaftServerConfigKeys (ConfUtils.java:logGet(43)) - raft.server.rpc.timeout.max = 5200ms (custom)
2019-09-19 10:43:27,279 [pool-610-thread-1] INFO  server.RaftServerConfigKeys (ConfUtils.java:logGet(43)) - raft.server.rpcslowness.timeout = 120s (custom)
2019-09-19 10:43:27,280 [pool-610-thread-1] INFO  server.RaftServerConfigKeys (ConfUtils.java:logGet(43)) - raft.server.sleep.deviation.threshold = 300 (default)
2019-09-19 10:43:27,280 [pool-610-thread-1] INFO  server.RaftServerConfigKeys (ConfUtils.java:logGet(43)) - raft.server.log.appender.install.snapshot.enabled = false (custom)
2019-09-19 10:43:27,280 [pool-610-thread-1] INFO  impl.RaftServerImpl (ServerState.java:<init>(105)) - cc46da0f-c3d0-4319-b020-352cb15300cf:group-8DBD045D7CCD ConfigurationManager, init=-1: [cc46da0f-c3d0-4319-b020-352cb15300cf:192.168.157.204:41413], old=null, confs=<EMPTY_MAP>
2019-09-19 10:43:27,280 [pool-610-thread-1] INFO  server.RaftServerConfigKeys (ConfUtils.java:logGet(43)) - raft.server.storage.dir = [/workdir/hadoop-ozone/ozonefs/target/test-dir/MiniOzoneClusterImpl-b710d106-2c58-4a4d-8c07-4cf143589938/datanode-0/data/ratis] (custom)
2019-09-19 10:43:27,280 [pool-610-thread-1] INFO  storage.RaftStorageDirectory (RaftStorageDirectory.java:analyzeStorage(246)) - The storage directory /workdir/hadoop-ozone/ozonefs/target/test-dir/MiniOzoneClusterImpl-b710d106-2c58-4a4d-8c07-4cf143589938/datanode-0/data/ratis/d3e65885-7007-4ca1-921b-8dbd045d7ccd does not exist. Creating ...
2019-09-19 10:43:27,294 [pool-610-thread-1] INFO  storage.RaftStorageDirectory (RaftStorageDirectory.java:tryLock(328)) - Lock on /workdir/hadoop-ozone/ozonefs/target/test-dir/MiniOzoneClusterImpl-b710d106-2c58-4a4d-8c07-4cf143589938/datanode-0/data/ratis/d3e65885-7007-4ca1-921b-8dbd045d7ccd/in_use.lock acquired by nodename 10573@pr-hdds-1569-cpgw4-1311585219
2019-09-19 10:43:27,307 [pool-610-thread-1] INFO  storage.RaftStorage (RaftStorage.java:format(72)) - Storage directory /workdir/hadoop-ozone/ozonefs/target/test-dir/MiniOzoneClusterImpl-b710d106-2c58-4a4d-8c07-4cf143589938/datanode-0/data/ratis/d3e65885-7007-4ca1-921b-8dbd045d7ccd has been successfully formatted.
2019-09-19 10:43:27,307 [pool-610-thread-1] INFO  ratis.ContainerStateMachine (ContainerStateMachine.java:loadSnapshot(226)) - group-8DBD045D7CCD: The snapshot info is null. Setting the last applied indexto:(t:0, i:~)
2019-09-19 10:43:27,307 [pool-610-thread-1] INFO  server.RaftServerConfigKeys (ConfUtils.java:logGet(43)) - raft.server.leader.election.timeout = 120s (custom)
2019-09-19 10:43:27,307 [pool-610-thread-1] INFO  server.RaftServerConfigKeys (ConfUtils.java:logGet(43)) - raft.server.log.use.memory = false (default)
2019-09-19 10:43:27,307 [pool-610-thread-1] INFO  server.RaftServerConfigKeys (ConfUtils.java:logGet(43)) - raft.server.log.purge.gap = 1000000 (custom)
2019-09-19 10:43:27,308 [pool-610-thread-1] INFO  server.RaftServerConfigKeys (ConfUtils.java:logGet(43)) - raft.server.log.appender.buffer.byte-limit = 33554432 (custom)
2019-09-19 10:43:27,308 [pool-610-thread-1] INFO  server.RaftServerConfigKeys (ConfUtils.java:logGet(43)) - raft.server.log.segment.size.max = 1048576 (custom)
2019-09-19 10:43:27,308 [pool-610-thread-1] INFO  server.RaftServerConfigKeys (ConfUtils.java:logGet(43)) - raft.server.log.segment.cache.num.max = 2 (custom)
2019-09-19 10:43:27,308 [pool-610-thread-1] INFO  segmented.SegmentedRaftLogWorker (SegmentedRaftLogWorker.java:<init>(172)) - new cc46da0f-c3d0-4319-b020-352cb15300cf-SegmentedRaftLogWorker:Storage Directory /workdir/hadoop-ozone/ozonefs/target/test-dir/MiniOzoneClusterImpl-b710d106-2c58-4a4d-8c07-4cf143589938/datanode-0/data/ratis/d3e65885-7007-4ca1-921b-8dbd045d7ccd for RaftStorage:Storage Directory /workdir/hadoop-ozone/ozonefs/target/test-dir/MiniOzoneClusterImpl-b710d106-2c58-4a4d-8c07-4cf143589938/datanode-0/data/ratis/d3e65885-7007-4ca1-921b-8dbd045d7ccd
2019-09-19 10:43:27,308 [pool-610-thread-1] INFO  server.RaftServerConfigKeys (ConfUtils.java:logGet(43)) - raft.server.log.queue.byte-limit = 2147483647 (custom)
2019-09-19 10:43:27,308 [pool-610-thread-1] INFO  server.RaftServerConfigKeys (ConfUtils.java:logGet(43)) - raft.server.log.queue.element-limit = 1024 (custom)
2019-09-19 10:43:27,308 [pool-610-thread-1] INFO  server.RaftServerConfigKeys (ConfUtils.java:logGet(43)) - raft.server.log.segment.size.max = 1048576 (custom)
2019-09-19 10:43:27,309 [pool-610-thread-1] INFO  server.RaftServerConfigKeys (ConfUtils.java:logGet(43)) - raft.server.log.preallocated.size = 16384 (custom)
2019-09-19 10:43:27,309 [pool-610-thread-1] INFO  server.RaftServerConfigKeys (ConfUtils.java:logGet(43)) - raft.server.log.write.buffer.size = 33554432 (custom)
2019-09-19 10:43:27,309 [pool-610-thread-1] INFO  server.RaftServerConfigKeys (ConfUtils.java:logGet(43)) - raft.server.log.force.sync.num = 128 (default)
2019-09-19 10:43:27,309 [pool-610-thread-1] INFO  server.RaftServerConfigKeys (ConfUtils.java:logGet(43)) - raft.server.log.statemachine.data.sync = true (default)
2019-09-19 10:43:27,309 [pool-610-thread-1] INFO  server.RaftServerConfigKeys (ConfUtils.java:logGet(43)) - raft.server.log.statemachine.data.sync.timeout = 10s (default)
2019-09-19 10:43:27,309 [pool-610-thread-1] INFO  server.RaftServerConfigKeys (ConfUtils.java:logGet(43)) - raft.server.log.statemachine.data.sync.timeout.retry = -1 (default)
2019-09-19 10:43:27,309 [pool-610-thread-1] INFO  server.RaftServerConfigKeys (ConfUtils.java:logGet(43)) - raft.server.log.statemachine.data.caching.enabled = true (custom)
2019-09-19 10:43:27,310 [pool-610-thread-1] INFO  segmented.SegmentedRaftLogWorker (SegmentedRaftLogWorker.java:lambda$new$0(132)) - cc46da0f-c3d0-4319-b020-352cb15300cf-SegmentedRaftLogWorker:Storage Directory /workdir/hadoop-ozone/ozonefs/target/test-dir/MiniOzoneClusterImpl-b710d106-2c58-4a4d-8c07-4cf143589938/datanode-0/data/ratis/d3e65885-7007-4ca1-921b-8dbd045d7ccd: flushIndex: setUnconditionally 0 -> -1
2019-09-19 10:43:27,310 [pool-610-thread-1] INFO  server.RaftServerConfigKeys (ConfUtils.java:logGet(43)) - raft.server.snapshot.auto.trigger.enabled = true (custom)
2019-09-19 10:43:27,310 [pool-610-thread-1] INFO  server.RaftServerConfigKeys (ConfUtils.java:logGet(43)) - raft.server.snapshot.auto.trigger.threshold = 10000 (custom)
2019-09-19 10:43:27,310 [pool-610-thread-1] INFO  server.RaftServerConfigKeys (ConfUtils.java:logGet(43)) - raft.server.retrycache.expirytime = 600000ms (custom)
2019-09-19 10:43:27,310 [pool-610-thread-1] INFO  impl.RaftServerImpl (RaftServerImpl.java:start(180)) - cc46da0f-c3d0-4319-b020-352cb15300cf: start group-8DBD045D7CCD
2019-09-19 10:43:27,311 [pool-610-thread-1] INFO  impl.RaftServerImpl (RaftServerImpl.java:setRole(171)) - cc46da0f-c3d0-4319-b020-352cb15300cf:group-8DBD045D7CCD changes role from null to FOLLOWER at term 0 for startAsFollower
2019-09-19 10:43:27,311 [pool-610-thread-1] INFO  impl.RoleInfo (RoleInfo.java:updateAndGet(143)) - cc46da0f-c3d0-4319-b020-352cb15300cf: start FollowerState
2019-09-19 10:43:27,311 [pool-610-thread-1] INFO  util.JmxRegister (JmxRegister.java:tryRegister(44)) - Successfully registered JMX Bean with object name Ratis:service=RaftServer,group=group-8DBD045D7CCD,id=cc46da0f-c3d0-4319-b020-352cb15300cf
2019-09-19 10:43:27,315 [RatisPipelineUtilsThread] INFO  pipeline.PipelineStateManager (PipelineStateManager.java:addPipeline(56)) - Created pipeline Pipeline[ Id: d3e65885-7007-4ca1-921b-8dbd045d7ccd, Nodes: cc46da0f-c3d0-4319-b020-352cb15300cf{ip: 192.168.157.204, host: pr-hdds-1569-cpgw4-1311585219, networkLocation: /default-rack, certSerialId: null}, Type:RATIS, Factor:ONE, State:OPEN]
2019-09-19 10:43:27,322 [grpc-default-executor-0] INFO  impl.RaftServerProxy (RaftServerProxy.java:addNew(89)) - cc46da0f-c3d0-4319-b020-352cb15300cf: addNew group-1ACA73BF7B67:[cc46da0f-c3d0-4319-b020-352cb15300cf:192.168.157.204:41413] returns group-1ACA73BF7B67:java.util.concurrent.CompletableFuture@52fd345[Not completed]
2019-09-19 10:43:27,323 [pool-610-thread-1] INFO  impl.RaftServerImpl (RaftServerImpl.java:<init>(93)) - cc46da0f-c3d0-4319-b020-352cb15300cf: new RaftServerImpl for group-1ACA73BF7B67:[cc46da0f-c3d0-4319-b020-352cb15300cf:192.168.157.204:41413] with ContainerStateMachine:uninitialized
2019-09-19 10:43:27,323 [pool-610-thread-1] INFO  server.RaftServerConfigKeys (ConfUtils.java:logGet(43)) - raft.server.rpc.timeout.min = 5s (custom)
2019-09-19 10:43:27,323 [pool-610-thread-1] INFO  server.RaftServerConfigKeys (ConfUtils.java:logGet(43)) - raft.server.rpc.timeout.max = 5200ms (custom)
2019-09-19 10:43:27,323 [pool-610-thread-1] INFO  server.RaftServerConfigKeys (ConfUtils.java:logGet(43)) - raft.server.rpcslowness.timeout = 120s (custom)
2019-09-19 10:43:27,323 [pool-610-thread-1] INFO  server.RaftServerConfigKeys (ConfUtils.java:logGet(43)) - raft.server.sleep.deviation.threshold = 300 (default)
2019-09-19 10:43:27,323 [pool-610-thread-1] INFO  server.RaftServerConfigKeys (ConfUtils.java:logGet(43)) - raft.server.log.appender.install.snapshot.enabled = false (custom)
2019-09-19 10:43:27,323 [pool-610-thread-1] INFO  impl.RaftServerImpl (ServerState.java:<init>(105)) - cc46da0f-c3d0-4319-b020-352cb15300cf:group-1ACA73BF7B67 ConfigurationManager, init=-1: [cc46da0f-c3d0-4319-b020-352cb15300cf:192.168.157.204:41413], old=null, confs=<EMPTY_MAP>
2019-09-19 10:43:27,323 [pool-610-thread-1] INFO  server.RaftServerConfigKeys (ConfUtils.java:logGet(43)) - raft.server.storage.dir = [/workdir/hadoop-ozone/ozonefs/target/test-dir/MiniOzoneClusterImpl-b710d106-2c58-4a4d-8c07-4cf143589938/datanode-0/data/ratis] (custom)
2019-09-19 10:43:27,324 [pool-610-thread-1] INFO  storage.RaftStorageDirectory (RaftStorageDirectory.java:analyzeStorage(246)) - The storage directory /workdir/hadoop-ozone/ozonefs/target/test-dir/MiniOzoneClusterImpl-b710d106-2c58-4a4d-8c07-4cf143589938/datanode-0/data/ratis/d789a118-ad01-4f62-b1d7-1aca73bf7b67 does not exist. Creating ...
2019-09-19 10:43:27,337 [pool-610-thread-1] INFO  storage.RaftStorageDirectory (RaftStorageDirectory.java:tryLock(328)) - Lock on /workdir/hadoop-ozone/ozonefs/target/test-dir/MiniOzoneClusterImpl-b710d106-2c58-4a4d-8c07-4cf143589938/datanode-0/data/ratis/d789a118-ad01-4f62-b1d7-1aca73bf7b67/in_use.lock acquired by nodename 10573@pr-hdds-1569-cpgw4-1311585219
2019-09-19 10:43:27,349 [pool-610-thread-1] INFO  storage.RaftStorage (RaftStorage.java:format(72)) - Storage directory /workdir/hadoop-ozone/ozonefs/target/test-dir/MiniOzoneClusterImpl-b710d106-2c58-4a4d-8c07-4cf143589938/datanode-0/data/ratis/d789a118-ad01-4f62-b1d7-1aca73bf7b67 has been successfully formatted.
2019-09-19 10:43:27,350 [pool-610-thread-1] INFO  ratis.ContainerStateMachine (ContainerStateMachine.java:loadSnapshot(226)) - group-1ACA73BF7B67: The snapshot info is null. Setting the last applied indexto:(t:0, i:~)
2019-09-19 10:43:27,350 [pool-610-thread-1] INFO  server.RaftServerConfigKeys (ConfUtils.java:logGet(43)) - raft.server.leader.election.timeout = 120s (custom)
2019-09-19 10:43:27,350 [pool-610-thread-1] INFO  server.RaftServerConfigKeys (ConfUtils.java:logGet(43)) - raft.server.log.use.memory = false (default)
2019-09-19 10:43:27,350 [pool-610-thread-1] INFO  server.RaftServerConfigKeys (ConfUtils.java:logGet(43)) - raft.server.log.purge.gap = 1000000 (custom)
2019-09-19 10:43:27,350 [pool-610-thread-1] INFO  server.RaftServerConfigKeys (ConfUtils.java:logGet(43)) - raft.server.log.appender.buffer.byte-limit = 33554432 (custom)
2019-09-19 10:43:27,350 [pool-610-thread-1] INFO  server.RaftServerConfigKeys (ConfUtils.java:logGet(43)) - raft.server.log.segment.size.max = 1048576 (custom)
2019-09-19 10:43:27,350 [pool-610-thread-1] INFO  server.RaftServerConfigKeys (ConfUtils.java:logGet(43)) - raft.server.log.segment.cache.num.max = 2 (custom)
2019-09-19 10:43:27,350 [pool-610-thread-1] INFO  segmented.SegmentedRaftLogWorker (SegmentedRaftLogWorker.java:<init>(172)) - new cc46da0f-c3d0-4319-b020-352cb15300cf-SegmentedRaftLogWorker:Storage Directory /workdir/hadoop-ozone/ozonefs/target/test-dir/MiniOzoneClusterImpl-b710d106-2c58-4a4d-8c07-4cf143589938/datanode-0/data/ratis/d789a118-ad01-4f62-b1d7-1aca73bf7b67 for RaftStorage:Storage Directory /workdir/hadoop-ozone/ozonefs/target/test-dir/MiniOzoneClusterImpl-b710d106-2c58-4a4d-8c07-4cf143589938/datanode-0/data/ratis/d789a118-ad01-4f62-b1d7-1aca73bf7b67
2019-09-19 10:43:27,351 [pool-610-thread-1] INFO  server.RaftServerConfigKeys (ConfUtils.java:logGet(43)) - raft.server.log.queue.byte-limit = 2147483647 (custom)
2019-09-19 10:43:27,351 [pool-610-thread-1] INFO  server.RaftServerConfigKeys (ConfUtils.java:logGet(43)) - raft.server.log.queue.element-limit = 1024 (custom)
2019-09-19 10:43:27,351 [pool-610-thread-1] INFO  server.RaftServerConfigKeys (ConfUtils.java:logGet(43)) - raft.server.log.segment.size.max = 1048576 (custom)
2019-09-19 10:43:27,351 [pool-610-thread-1] INFO  server.RaftServerConfigKeys (ConfUtils.java:logGet(43)) - raft.server.log.preallocated.size = 16384 (custom)
2019-09-19 10:43:27,351 [pool-610-thread-1] INFO  server.RaftServerConfigKeys (ConfUtils.java:logGet(43)) - raft.server.log.write.buffer.size = 33554432 (custom)
2019-09-19 10:43:27,351 [pool-610-thread-1] INFO  server.RaftServerConfigKeys (ConfUtils.java:logGet(43)) - raft.server.log.force.sync.num = 128 (default)
2019-09-19 10:43:27,351 [pool-610-thread-1] INFO  server.RaftServerConfigKeys (ConfUtils.java:logGet(43)) - raft.server.log.statemachine.data.sync = true (default)
2019-09-19 10:43:27,351 [pool-610-thread-1] INFO  server.RaftServerConfigKeys (ConfUtils.java:logGet(43)) - raft.server.log.statemachine.data.sync.timeout = 10s (default)
2019-09-19 10:43:27,352 [pool-610-thread-1] INFO  server.RaftServerConfigKeys (ConfUtils.java:logGet(43)) - raft.server.log.statemachine.data.sync.timeout.retry = -1 (default)
2019-09-19 10:43:27,352 [pool-610-thread-1] INFO  server.RaftServerConfigKeys (ConfUtils.java:logGet(43)) - raft.server.log.statemachine.data.caching.enabled = true (custom)
2019-09-19 10:43:27,352 [pool-610-thread-1] INFO  segmented.SegmentedRaftLogWorker (SegmentedRaftLogWorker.java:lambda$new$0(132)) - cc46da0f-c3d0-4319-b020-352cb15300cf-SegmentedRaftLogWorker:Storage Directory /workdir/hadoop-ozone/ozonefs/target/test-dir/MiniOzoneClusterImpl-b710d106-2c58-4a4d-8c07-4cf143589938/datanode-0/data/ratis/d789a118-ad01-4f62-b1d7-1aca73bf7b67: flushIndex: setUnconditionally 0 -> -1
2019-09-19 10:43:27,352 [pool-610-thread-1] INFO  server.RaftServerConfigKeys (ConfUtils.java:logGet(43)) - raft.server.snapshot.auto.trigger.enabled = true (custom)
2019-09-19 10:43:27,352 [pool-610-thread-1] INFO  server.RaftServerConfigKeys (ConfUtils.java:logGet(43)) - raft.server.snapshot.auto.trigger.threshold = 10000 (custom)
2019-09-19 10:43:27,352 [pool-610-thread-1] INFO  server.RaftServerConfigKeys (ConfUtils.java:logGet(43)) - raft.server.retrycache.expirytime = 600000ms (custom)
2019-09-19 10:43:27,353 [pool-610-thread-1] INFO  impl.RaftServerImpl (RaftServerImpl.java:start(180)) - cc46da0f-c3d0-4319-b020-352cb15300cf: start group-1ACA73BF7B67
2019-09-19 10:43:27,353 [pool-610-thread-1] INFO  impl.RaftServerImpl (RaftServerImpl.java:setRole(171)) - cc46da0f-c3d0-4319-b020-352cb15300cf:group-1ACA73BF7B67 changes role from null to FOLLOWER at term 0 for startAsFollower
2019-09-19 10:43:27,353 [pool-610-thread-1] INFO  impl.RoleInfo (RoleInfo.java:updateAndGet(143)) - cc46da0f-c3d0-4319-b020-352cb15300cf: start FollowerState
2019-09-19 10:43:27,353 [pool-610-thread-1] INFO  util.JmxRegister (JmxRegister.java:tryRegister(44)) - Successfully registered JMX Bean with object name Ratis:service=RaftServer,group=group-1ACA73BF7B67,id=cc46da0f-c3d0-4319-b020-352cb15300cf
2019-09-19 10:43:27,357 [RatisPipelineUtilsThread] INFO  pipeline.PipelineStateManager (PipelineStateManager.java:addPipeline(56)) - Created pipeline Pipeline[ Id: d789a118-ad01-4f62-b1d7-1aca73bf7b67, Nodes: cc46da0f-c3d0-4319-b020-352cb15300cf{ip: 192.168.157.204, host: pr-hdds-1569-cpgw4-1311585219, networkLocation: /default-rack, certSerialId: null}, Type:RATIS, Factor:ONE, State:OPEN]
2019-09-19 10:43:27,364 [grpc-default-executor-0] INFO  impl.RaftServerProxy (RaftServerProxy.java:addNew(89)) - 150f2557-af2e-4ff4-a511-15deca74e85e: addNew group-1B340934184D:[150f2557-af2e-4ff4-a511-15deca74e85e:192.168.157.204:43817] returns group-1B340934184D:java.util.concurrent.CompletableFuture@5011ac84[Not completed]
2019-09-19 10:43:27,365 [pool-621-thread-1] INFO  impl.RaftServerImpl (RaftServerImpl.java:<init>(93)) - 150f2557-af2e-4ff4-a511-15deca74e85e: new RaftServerImpl for group-1B340934184D:[150f2557-af2e-4ff4-a511-15deca74e85e:192.168.157.204:43817] with ContainerStateMachine:uninitialized
2019-09-19 10:43:27,365 [pool-621-thread-1] INFO  server.RaftServerConfigKeys (ConfUtils.java:logGet(43)) - raft.server.rpc.timeout.min = 5s (custom)
2019-09-19 10:43:27,365 [pool-621-thread-1] INFO  server.RaftServerConfigKeys (ConfUtils.java:logGet(43)) - raft.server.rpc.timeout.max = 5200ms (custom)
2019-09-19 10:43:27,365 [pool-621-thread-1] INFO  server.RaftServerConfigKeys (ConfUtils.java:logGet(43)) - raft.server.rpcslowness.timeout = 120s (custom)
2019-09-19 10:43:27,366 [pool-621-thread-1] INFO  server.RaftServerConfigKeys (ConfUtils.java:logGet(43)) - raft.server.sleep.deviation.threshold = 300 (default)
2019-09-19 10:43:27,366 [pool-621-thread-1] INFO  server.RaftServerConfigKeys (ConfUtils.java:logGet(43)) - raft.server.log.appender.install.snapshot.enabled = false (custom)
2019-09-19 10:43:27,366 [pool-621-thread-1] INFO  impl.RaftServerImpl (ServerState.java:<init>(105)) - 150f2557-af2e-4ff4-a511-15deca74e85e:group-1B340934184D ConfigurationManager, init=-1: [150f2557-af2e-4ff4-a511-15deca74e85e:192.168.157.204:43817], old=null, confs=<EMPTY_MAP>
2019-09-19 10:43:27,366 [pool-621-thread-1] INFO  server.RaftServerConfigKeys (ConfUtils.java:logGet(43)) - raft.server.storage.dir = [/workdir/hadoop-ozone/ozonefs/target/test-dir/MiniOzoneClusterImpl-b710d106-2c58-4a4d-8c07-4cf143589938/datanode-1/data/ratis] (custom)
2019-09-19 10:43:27,366 [pool-621-thread-1] INFO  storage.RaftStorageDirectory (RaftStorageDirectory.java:analyzeStorage(246)) - The storage directory /workdir/hadoop-ozone/ozonefs/target/test-dir/MiniOzoneClusterImpl-b710d106-2c58-4a4d-8c07-4cf143589938/datanode-1/data/ratis/6c948c50-ad89-45be-a581-1b340934184d does not exist. Creating ...
2019-09-19 10:43:27,379 [pool-621-thread-1] INFO  storage.RaftStorageDirectory (RaftStorageDirectory.java:tryLock(328)) - Lock on /workdir/hadoop-ozone/ozonefs/target/test-dir/MiniOzoneClusterImpl-b710d106-2c58-4a4d-8c07-4cf143589938/datanode-1/data/ratis/6c948c50-ad89-45be-a581-1b340934184d/in_use.lock acquired by nodename 10573@pr-hdds-1569-cpgw4-1311585219
2019-09-19 10:43:27,392 [pool-621-thread-1] INFO  storage.RaftStorage (RaftStorage.java:format(72)) - Storage directory /workdir/hadoop-ozone/ozonefs/target/test-dir/MiniOzoneClusterImpl-b710d106-2c58-4a4d-8c07-4cf143589938/datanode-1/data/ratis/6c948c50-ad89-45be-a581-1b340934184d has been successfully formatted.
2019-09-19 10:43:27,393 [pool-621-thread-1] INFO  ratis.ContainerStateMachine (ContainerStateMachine.java:loadSnapshot(226)) - group-1B340934184D: The snapshot info is null. Setting the last applied indexto:(t:0, i:~)
2019-09-19 10:43:27,393 [pool-621-thread-1] INFO  server.RaftServerConfigKeys (ConfUtils.java:logGet(43)) - raft.server.leader.election.timeout = 120s (custom)
2019-09-19 10:43:27,393 [pool-621-thread-1] INFO  server.RaftServerConfigKeys (ConfUtils.java:logGet(43)) - raft.server.log.use.memory = false (default)
2019-09-19 10:43:27,393 [pool-621-thread-1] INFO  server.RaftServerConfigKeys (ConfUtils.java:logGet(43)) - raft.server.log.purge.gap = 1000000 (custom)
2019-09-19 10:43:27,393 [pool-621-thread-1] INFO  server.RaftServerConfigKeys (ConfUtils.java:logGet(43)) - raft.server.log.appender.buffer.byte-limit = 33554432 (custom)
2019-09-19 10:43:27,393 [pool-621-thread-1] INFO  server.RaftServerConfigKeys (ConfUtils.java:logGet(43)) - raft.server.log.segment.size.max = 1048576 (custom)
2019-09-19 10:43:27,393 [pool-621-thread-1] INFO  server.RaftServerConfigKeys (ConfUtils.java:logGet(43)) - raft.server.log.segment.cache.num.max = 2 (custom)
2019-09-19 10:43:27,394 [pool-621-thread-1] INFO  segmented.SegmentedRaftLogWorker (SegmentedRaftLogWorker.java:<init>(172)) - new 150f2557-af2e-4ff4-a511-15deca74e85e-SegmentedRaftLogWorker:Storage Directory /workdir/hadoop-ozone/ozonefs/target/test-dir/MiniOzoneClusterImpl-b710d106-2c58-4a4d-8c07-4cf143589938/datanode-1/data/ratis/6c948c50-ad89-45be-a581-1b340934184d for RaftStorage:Storage Directory /workdir/hadoop-ozone/ozonefs/target/test-dir/MiniOzoneClusterImpl-b710d106-2c58-4a4d-8c07-4cf143589938/datanode-1/data/ratis/6c948c50-ad89-45be-a581-1b340934184d
2019-09-19 10:43:27,394 [pool-621-thread-1] INFO  server.RaftServerConfigKeys (ConfUtils.java:logGet(43)) - raft.server.log.queue.byte-limit = 2147483647 (custom)
2019-09-19 10:43:27,394 [pool-621-thread-1] INFO  server.RaftServerConfigKeys (ConfUtils.java:logGet(43)) - raft.server.log.queue.element-limit = 1024 (custom)
2019-09-19 10:43:27,394 [pool-621-thread-1] INFO  server.RaftServerConfigKeys (ConfUtils.java:logGet(43)) - raft.server.log.segment.size.max = 1048576 (custom)
2019-09-19 10:43:27,394 [pool-621-thread-1] INFO  server.RaftServerConfigKeys (ConfUtils.java:logGet(43)) - raft.server.log.preallocated.size = 16384 (custom)
2019-09-19 10:43:27,394 [pool-621-thread-1] INFO  server.RaftServerConfigKeys (ConfUtils.java:logGet(43)) - raft.server.log.write.buffer.size = 33554432 (custom)
2019-09-19 10:43:27,394 [pool-621-thread-1] INFO  server.RaftServerConfigKeys (ConfUtils.java:logGet(43)) - raft.server.log.force.sync.num = 128 (default)
2019-09-19 10:43:27,394 [pool-621-thread-1] INFO  server.RaftServerConfigKeys (ConfUtils.java:logGet(43)) - raft.server.log.statemachine.data.sync = true (default)
2019-09-19 10:43:27,395 [pool-621-thread-1] INFO  server.RaftServerConfigKeys (ConfUtils.java:logGet(43)) - raft.server.log.statemachine.data.sync.timeout = 10s (default)
2019-09-19 10:43:27,395 [pool-621-thread-1] INFO  server.RaftServerConfigKeys (ConfUtils.java:logGet(43)) - raft.server.log.statemachine.data.sync.timeout.retry = -1 (default)
2019-09-19 10:43:27,395 [pool-621-thread-1] INFO  server.RaftServerConfigKeys (ConfUtils.java:logGet(43)) - raft.server.log.statemachine.data.caching.enabled = true (custom)
2019-09-19 10:43:27,395 [pool-621-thread-1] INFO  segmented.SegmentedRaftLogWorker (SegmentedRaftLogWorker.java:lambda$new$0(132)) - 150f2557-af2e-4ff4-a511-15deca74e85e-SegmentedRaftLogWorker:Storage Directory /workdir/hadoop-ozone/ozonefs/target/test-dir/MiniOzoneClusterImpl-b710d106-2c58-4a4d-8c07-4cf143589938/datanode-1/data/ratis/6c948c50-ad89-45be-a581-1b340934184d: flushIndex: setUnconditionally 0 -> -1
2019-09-19 10:43:27,396 [pool-621-thread-1] INFO  server.RaftServerConfigKeys (ConfUtils.java:logGet(43)) - raft.server.snapshot.auto.trigger.enabled = true (custom)
2019-09-19 10:43:27,396 [pool-621-thread-1] INFO  server.RaftServerConfigKeys (ConfUtils.java:logGet(43)) - raft.server.snapshot.auto.trigger.threshold = 10000 (custom)
2019-09-19 10:43:27,396 [pool-621-thread-1] INFO  server.RaftServerConfigKeys (ConfUtils.java:logGet(43)) - raft.server.retrycache.expirytime = 600000ms (custom)
2019-09-19 10:43:27,396 [pool-621-thread-1] INFO  impl.RaftServerImpl (RaftServerImpl.java:start(180)) - 150f2557-af2e-4ff4-a511-15deca74e85e: start group-1B340934184D
2019-09-19 10:43:27,396 [pool-621-thread-1] INFO  impl.RaftServerImpl (RaftServerImpl.java:setRole(171)) - 150f2557-af2e-4ff4-a511-15deca74e85e:group-1B340934184D changes role from null to FOLLOWER at term 0 for startAsFollower
2019-09-19 10:43:27,396 [pool-621-thread-1] INFO  impl.RoleInfo (RoleInfo.java:updateAndGet(143)) - 150f2557-af2e-4ff4-a511-15deca74e85e: start FollowerState
2019-09-19 10:43:27,397 [pool-621-thread-1] INFO  util.JmxRegister (JmxRegister.java:tryRegister(44)) - Successfully registered JMX Bean with object name Ratis:service=RaftServer,group=group-1B340934184D,id=150f2557-af2e-4ff4-a511-15deca74e85e
2019-09-19 10:43:27,400 [RatisPipelineUtilsThread] INFO  pipeline.PipelineStateManager (PipelineStateManager.java:addPipeline(56)) - Created pipeline Pipeline[ Id: 6c948c50-ad89-45be-a581-1b340934184d, Nodes: 150f2557-af2e-4ff4-a511-15deca74e85e{ip: 192.168.157.204, host: pr-hdds-1569-cpgw4-1311585219, networkLocation: /default-rack, certSerialId: null}, Type:RATIS, Factor:ONE, State:OPEN]
2019-09-19 10:43:27,407 [grpc-default-executor-0] INFO  impl.RaftServerProxy (RaftServerProxy.java:addNew(89)) - cc46da0f-c3d0-4319-b020-352cb15300cf: addNew group-0EBDB511F200:[cc46da0f-c3d0-4319-b020-352cb15300cf:192.168.157.204:41413] returns group-0EBDB511F200:java.util.concurrent.CompletableFuture@6937dc6b[Not completed]
2019-09-19 10:43:27,408 [pool-610-thread-1] INFO  impl.RaftServerImpl (RaftServerImpl.java:<init>(93)) - cc46da0f-c3d0-4319-b020-352cb15300cf: new RaftServerImpl for group-0EBDB511F200:[cc46da0f-c3d0-4319-b020-352cb15300cf:192.168.157.204:41413] with ContainerStateMachine:uninitialized
2019-09-19 10:43:27,409 [pool-610-thread-1] INFO  server.RaftServerConfigKeys (ConfUtils.java:logGet(43)) - raft.server.rpc.timeout.min = 5s (custom)
2019-09-19 10:43:27,409 [pool-610-thread-1] INFO  server.RaftServerConfigKeys (ConfUtils.java:logGet(43)) - raft.server.rpc.timeout.max = 5200ms (custom)
2019-09-19 10:43:27,409 [pool-610-thread-1] INFO  server.RaftServerConfigKeys (ConfUtils.java:logGet(43)) - raft.server.rpcslowness.timeout = 120s (custom)
2019-09-19 10:43:27,409 [pool-610-thread-1] INFO  server.RaftServerConfigKeys (ConfUtils.java:logGet(43)) - raft.server.sleep.deviation.threshold = 300 (default)
2019-09-19 10:43:27,409 [pool-610-thread-1] INFO  server.RaftServerConfigKeys (ConfUtils.java:logGet(43)) - raft.server.log.appender.install.snapshot.enabled = false (custom)
2019-09-19 10:43:27,409 [pool-610-thread-1] INFO  impl.RaftServerImpl (ServerState.java:<init>(105)) - cc46da0f-c3d0-4319-b020-352cb15300cf:group-0EBDB511F200 ConfigurationManager, init=-1: [cc46da0f-c3d0-4319-b020-352cb15300cf:192.168.157.204:41413], old=null, confs=<EMPTY_MAP>
2019-09-19 10:43:27,409 [pool-610-thread-1] INFO  server.RaftServerConfigKeys (ConfUtils.java:logGet(43)) - raft.server.storage.dir = [/workdir/hadoop-ozone/ozonefs/target/test-dir/MiniOzoneClusterImpl-b710d106-2c58-4a4d-8c07-4cf143589938/datanode-0/data/ratis] (custom)
2019-09-19 10:43:27,410 [pool-610-thread-1] INFO  storage.RaftStorageDirectory (RaftStorageDirectory.java:analyzeStorage(246)) - The storage directory /workdir/hadoop-ozone/ozonefs/target/test-dir/MiniOzoneClusterImpl-b710d106-2c58-4a4d-8c07-4cf143589938/datanode-0/data/ratis/396766b9-3640-4ae7-ae48-0ebdb511f200 does not exist. Creating ...
2019-09-19 10:43:27,416 [main] INFO  ozone.MiniOzoneClusterImpl (MiniOzoneClusterImpl.java:lambda$waitForClusterToBeReady$0(142)) - Waiting for cluster to be ready. Got 2 of 3 DN Heartbeats.
2019-09-19 10:43:27,419 [IPC Server handler 0 on 40132] INFO  net.NetworkTopology (NetworkTopologyImpl.java:add(110)) - Added a new node: /default-rack/bd77eb86-d949-4b39-b9de-a79d79cc61f0
2019-09-19 10:43:27,419 [IPC Server handler 0 on 40132] INFO  node.SCMNodeManager (SCMNodeManager.java:register(273)) - Registered Data node : bd77eb86-d949-4b39-b9de-a79d79cc61f0{ip: 192.168.157.204, host: pr-hdds-1569-cpgw4-1311585219, networkLocation: /default-rack, certSerialId: null}
2019-09-19 10:43:27,419 | INFO  | SCMAudit | user=jenkins1000 | ip=192.168.157.204 | op=REGISTER {datanodeDetails=bd77eb86-d949-4b39-b9de-a79d79cc61f0{ip: 192.168.157.204, host: pr-hdds-1569-cpgw4-1311585219, networkLocation: /default-rack, certSerialId: null}} | ret=SUCCESS |  
2019-09-19 10:43:27,423 [pool-610-thread-1] INFO  storage.RaftStorageDirectory (RaftStorageDirectory.java:tryLock(328)) - Lock on /workdir/hadoop-ozone/ozonefs/target/test-dir/MiniOzoneClusterImpl-b710d106-2c58-4a4d-8c07-4cf143589938/datanode-0/data/ratis/396766b9-3640-4ae7-ae48-0ebdb511f200/in_use.lock acquired by nodename 10573@pr-hdds-1569-cpgw4-1311585219
2019-09-19 10:43:27,435 [pool-610-thread-1] INFO  storage.RaftStorage (RaftStorage.java:format(72)) - Storage directory /workdir/hadoop-ozone/ozonefs/target/test-dir/MiniOzoneClusterImpl-b710d106-2c58-4a4d-8c07-4cf143589938/datanode-0/data/ratis/396766b9-3640-4ae7-ae48-0ebdb511f200 has been successfully formatted.
2019-09-19 10:43:27,436 [pool-610-thread-1] INFO  ratis.ContainerStateMachine (ContainerStateMachine.java:loadSnapshot(226)) - group-0EBDB511F200: The snapshot info is null. Setting the last applied indexto:(t:0, i:~)
2019-09-19 10:43:27,436 [pool-610-thread-1] INFO  server.RaftServerConfigKeys (ConfUtils.java:logGet(43)) - raft.server.leader.election.timeout = 120s (custom)
2019-09-19 10:43:27,436 [pool-610-thread-1] INFO  server.RaftServerConfigKeys (ConfUtils.java:logGet(43)) - raft.server.log.use.memory = false (default)
2019-09-19 10:43:27,436 [pool-610-thread-1] INFO  server.RaftServerConfigKeys (ConfUtils.java:logGet(43)) - raft.server.log.purge.gap = 1000000 (custom)
2019-09-19 10:43:27,436 [pool-610-thread-1] INFO  server.RaftServerConfigKeys (ConfUtils.java:logGet(43)) - raft.server.log.appender.buffer.byte-limit = 33554432 (custom)
2019-09-19 10:43:27,436 [pool-610-thread-1] INFO  server.RaftServerConfigKeys (ConfUtils.java:logGet(43)) - raft.server.log.segment.size.max = 1048576 (custom)
2019-09-19 10:43:27,436 [pool-610-thread-1] INFO  server.RaftServerConfigKeys (ConfUtils.java:logGet(43)) - raft.server.log.segment.cache.num.max = 2 (custom)
2019-09-19 10:43:27,437 [pool-610-thread-1] INFO  segmented.SegmentedRaftLogWorker (SegmentedRaftLogWorker.java:<init>(172)) - new cc46da0f-c3d0-4319-b020-352cb15300cf-SegmentedRaftLogWorker:Storage Directory /workdir/hadoop-ozone/ozonefs/target/test-dir/MiniOzoneClusterImpl-b710d106-2c58-4a4d-8c07-4cf143589938/datanode-0/data/ratis/396766b9-3640-4ae7-ae48-0ebdb511f200 for RaftStorage:Storage Directory /workdir/hadoop-ozone/ozonefs/target/test-dir/MiniOzoneClusterImpl-b710d106-2c58-4a4d-8c07-4cf143589938/datanode-0/data/ratis/396766b9-3640-4ae7-ae48-0ebdb511f200
2019-09-19 10:43:27,437 [pool-610-thread-1] INFO  server.RaftServerConfigKeys (ConfUtils.java:logGet(43)) - raft.server.log.queue.byte-limit = 2147483647 (custom)
2019-09-19 10:43:27,437 [pool-610-thread-1] INFO  server.RaftServerConfigKeys (ConfUtils.java:logGet(43)) - raft.server.log.queue.element-limit = 1024 (custom)
2019-09-19 10:43:27,437 [pool-610-thread-1] INFO  server.RaftServerConfigKeys (ConfUtils.java:logGet(43)) - raft.server.log.segment.size.max = 1048576 (custom)
2019-09-19 10:43:27,437 [pool-610-thread-1] INFO  server.RaftServerConfigKeys (ConfUtils.java:logGet(43)) - raft.server.log.preallocated.size = 16384 (custom)
2019-09-19 10:43:27,437 [pool-610-thread-1] INFO  server.RaftServerConfigKeys (ConfUtils.java:logGet(43)) - raft.server.log.write.buffer.size = 33554432 (custom)
2019-09-19 10:43:27,437 [pool-610-thread-1] INFO  server.RaftServerConfigKeys (ConfUtils.java:logGet(43)) - raft.server.log.force.sync.num = 128 (default)
2019-09-19 10:43:27,437 [pool-610-thread-1] INFO  server.RaftServerConfigKeys (ConfUtils.java:logGet(43)) - raft.server.log.statemachine.data.sync = true (default)
2019-09-19 10:43:27,438 [pool-610-thread-1] INFO  server.RaftServerConfigKeys (ConfUtils.java:logGet(43)) - raft.server.log.statemachine.data.sync.timeout = 10s (default)
2019-09-19 10:43:27,438 [pool-610-thread-1] INFO  server.RaftServerConfigKeys (ConfUtils.java:logGet(43)) - raft.server.log.statemachine.data.sync.timeout.retry = -1 (default)
2019-09-19 10:43:27,438 [pool-610-thread-1] INFO  server.RaftServerConfigKeys (ConfUtils.java:logGet(43)) - raft.server.log.statemachine.data.caching.enabled = true (custom)
2019-09-19 10:43:27,438 [pool-610-thread-1] INFO  segmented.SegmentedRaftLogWorker (SegmentedRaftLogWorker.java:lambda$new$0(132)) - cc46da0f-c3d0-4319-b020-352cb15300cf-SegmentedRaftLogWorker:Storage Directory /workdir/hadoop-ozone/ozonefs/target/test-dir/MiniOzoneClusterImpl-b710d106-2c58-4a4d-8c07-4cf143589938/datanode-0/data/ratis/396766b9-3640-4ae7-ae48-0ebdb511f200: flushIndex: setUnconditionally 0 -> -1
2019-09-19 10:43:27,439 [pool-610-thread-1] INFO  server.RaftServerConfigKeys (ConfUtils.java:logGet(43)) - raft.server.snapshot.auto.trigger.enabled = true (custom)
2019-09-19 10:43:27,439 [pool-610-thread-1] INFO  server.RaftServerConfigKeys (ConfUtils.java:logGet(43)) - raft.server.snapshot.auto.trigger.threshold = 10000 (custom)
2019-09-19 10:43:27,439 [pool-610-thread-1] INFO  server.RaftServerConfigKeys (ConfUtils.java:logGet(43)) - raft.server.retrycache.expirytime = 600000ms (custom)
2019-09-19 10:43:27,439 [pool-610-thread-1] INFO  impl.RaftServerImpl (RaftServerImpl.java:start(180)) - cc46da0f-c3d0-4319-b020-352cb15300cf: start group-0EBDB511F200
2019-09-19 10:43:27,439 [pool-610-thread-1] INFO  impl.RaftServerImpl (RaftServerImpl.java:setRole(171)) - cc46da0f-c3d0-4319-b020-352cb15300cf:group-0EBDB511F200 changes role from null to FOLLOWER at term 0 for startAsFollower
2019-09-19 10:43:27,439 [pool-610-thread-1] INFO  impl.RoleInfo (RoleInfo.java:updateAndGet(143)) - cc46da0f-c3d0-4319-b020-352cb15300cf: start FollowerState
2019-09-19 10:43:27,440 [pool-610-thread-1] INFO  util.JmxRegister (JmxRegister.java:tryRegister(44)) - Successfully registered JMX Bean with object name Ratis:service=RaftServer,group=group-0EBDB511F200,id=cc46da0f-c3d0-4319-b020-352cb15300cf
2019-09-19 10:43:27,443 [RatisPipelineUtilsThread] INFO  pipeline.PipelineStateManager (PipelineStateManager.java:addPipeline(56)) - Created pipeline Pipeline[ Id: 396766b9-3640-4ae7-ae48-0ebdb511f200, Nodes: cc46da0f-c3d0-4319-b020-352cb15300cf{ip: 192.168.157.204, host: pr-hdds-1569-cpgw4-1311585219, networkLocation: /default-rack, certSerialId: null}, Type:RATIS, Factor:ONE, State:OPEN]
2019-09-19 10:43:27,443 [RatisPipelineUtilsThread] ERROR pipeline.PipelinePlacementPolicy (PipelinePlacementPolicy.java:meetCriteria(91)) - Pipeline Placement: Doesn't meet the criteria to be viable node. Heaviness: 6
2019-09-19 10:43:27,450 [grpc-default-executor-0] INFO  impl.RaftServerProxy (RaftServerProxy.java:addNew(89)) - 150f2557-af2e-4ff4-a511-15deca74e85e: addNew group-424AB17D9815:[150f2557-af2e-4ff4-a511-15deca74e85e:192.168.157.204:43817] returns group-424AB17D9815:java.util.concurrent.CompletableFuture@529fd87d[Not completed]
2019-09-19 10:43:27,451 [pool-621-thread-1] INFO  impl.RaftServerImpl (RaftServerImpl.java:<init>(93)) - 150f2557-af2e-4ff4-a511-15deca74e85e: new RaftServerImpl for group-424AB17D9815:[150f2557-af2e-4ff4-a511-15deca74e85e:192.168.157.204:43817] with ContainerStateMachine:uninitialized
2019-09-19 10:43:27,451 [pool-621-thread-1] INFO  server.RaftServerConfigKeys (ConfUtils.java:logGet(43)) - raft.server.rpc.timeout.min = 5s (custom)
2019-09-19 10:43:27,451 [pool-621-thread-1] INFO  server.RaftServerConfigKeys (ConfUtils.java:logGet(43)) - raft.server.rpc.timeout.max = 5200ms (custom)
2019-09-19 10:43:27,451 [pool-621-thread-1] INFO  server.RaftServerConfigKeys (ConfUtils.java:logGet(43)) - raft.server.rpcslowness.timeout = 120s (custom)
2019-09-19 10:43:27,452 [pool-621-thread-1] INFO  server.RaftServerConfigKeys (ConfUtils.java:logGet(43)) - raft.server.sleep.deviation.threshold = 300 (default)
2019-09-19 10:43:27,452 [pool-621-thread-1] INFO  server.RaftServerConfigKeys (ConfUtils.java:logGet(43)) - raft.server.log.appender.install.snapshot.enabled = false (custom)
2019-09-19 10:43:27,452 [pool-621-thread-1] INFO  impl.RaftServerImpl (ServerState.java:<init>(105)) - 150f2557-af2e-4ff4-a511-15deca74e85e:group-424AB17D9815 ConfigurationManager, init=-1: [150f2557-af2e-4ff4-a511-15deca74e85e:192.168.157.204:43817], old=null, confs=<EMPTY_MAP>
2019-09-19 10:43:27,452 [pool-621-thread-1] INFO  server.RaftServerConfigKeys (ConfUtils.java:logGet(43)) - raft.server.storage.dir = [/workdir/hadoop-ozone/ozonefs/target/test-dir/MiniOzoneClusterImpl-b710d106-2c58-4a4d-8c07-4cf143589938/datanode-1/data/ratis] (custom)
2019-09-19 10:43:27,452 [pool-621-thread-1] INFO  storage.RaftStorageDirectory (RaftStorageDirectory.java:analyzeStorage(246)) - The storage directory /workdir/hadoop-ozone/ozonefs/target/test-dir/MiniOzoneClusterImpl-b710d106-2c58-4a4d-8c07-4cf143589938/datanode-1/data/ratis/be2febcd-da62-48c4-adc2-424ab17d9815 does not exist. Creating ...
2019-09-19 10:43:27,465 [pool-621-thread-1] INFO  storage.RaftStorageDirectory (RaftStorageDirectory.java:tryLock(328)) - Lock on /workdir/hadoop-ozone/ozonefs/target/test-dir/MiniOzoneClusterImpl-b710d106-2c58-4a4d-8c07-4cf143589938/datanode-1/data/ratis/be2febcd-da62-48c4-adc2-424ab17d9815/in_use.lock acquired by nodename 10573@pr-hdds-1569-cpgw4-1311585219
2019-09-19 10:43:27,469 [pool-621-thread-1] INFO  storage.RaftStorage (RaftStorage.java:format(72)) - Storage directory /workdir/hadoop-ozone/ozonefs/target/test-dir/MiniOzoneClusterImpl-b710d106-2c58-4a4d-8c07-4cf143589938/datanode-1/data/ratis/be2febcd-da62-48c4-adc2-424ab17d9815 has been successfully formatted.
2019-09-19 10:43:27,469 [pool-621-thread-1] INFO  ratis.ContainerStateMachine (ContainerStateMachine.java:loadSnapshot(226)) - group-424AB17D9815: The snapshot info is null. Setting the last applied indexto:(t:0, i:~)
2019-09-19 10:43:27,469 [pool-621-thread-1] INFO  server.RaftServerConfigKeys (ConfUtils.java:logGet(43)) - raft.server.leader.election.timeout = 120s (custom)
2019-09-19 10:43:27,469 [pool-621-thread-1] INFO  server.RaftServerConfigKeys (ConfUtils.java:logGet(43)) - raft.server.log.use.memory = false (default)
2019-09-19 10:43:27,470 [pool-621-thread-1] INFO  server.RaftServerConfigKeys (ConfUtils.java:logGet(43)) - raft.server.log.purge.gap = 1000000 (custom)
2019-09-19 10:43:27,470 [pool-621-thread-1] INFO  server.RaftServerConfigKeys (ConfUtils.java:logGet(43)) - raft.server.log.appender.buffer.byte-limit = 33554432 (custom)
2019-09-19 10:43:27,470 [pool-621-thread-1] INFO  server.RaftServerConfigKeys (ConfUtils.java:logGet(43)) - raft.server.log.segment.size.max = 1048576 (custom)
2019-09-19 10:43:27,470 [pool-621-thread-1] INFO  server.RaftServerConfigKeys (ConfUtils.java:logGet(43)) - raft.server.log.segment.cache.num.max = 2 (custom)
2019-09-19 10:43:27,470 [pool-621-thread-1] INFO  segmented.SegmentedRaftLogWorker (SegmentedRaftLogWorker.java:<init>(172)) - new 150f2557-af2e-4ff4-a511-15deca74e85e-SegmentedRaftLogWorker:Storage Directory /workdir/hadoop-ozone/ozonefs/target/test-dir/MiniOzoneClusterImpl-b710d106-2c58-4a4d-8c07-4cf143589938/datanode-1/data/ratis/be2febcd-da62-48c4-adc2-424ab17d9815 for RaftStorage:Storage Directory /workdir/hadoop-ozone/ozonefs/target/test-dir/MiniOzoneClusterImpl-b710d106-2c58-4a4d-8c07-4cf143589938/datanode-1/data/ratis/be2febcd-da62-48c4-adc2-424ab17d9815
2019-09-19 10:43:27,470 [pool-621-thread-1] INFO  server.RaftServerConfigKeys (ConfUtils.java:logGet(43)) - raft.server.log.queue.byte-limit = 2147483647 (custom)
2019-09-19 10:43:27,470 [pool-621-thread-1] INFO  server.RaftServerConfigKeys (ConfUtils.java:logGet(43)) - raft.server.log.queue.element-limit = 1024 (custom)
2019-09-19 10:43:27,471 [pool-621-thread-1] INFO  server.RaftServerConfigKeys (ConfUtils.java:logGet(43)) - raft.server.log.segment.size.max = 1048576 (custom)
2019-09-19 10:43:27,471 [pool-621-thread-1] INFO  server.RaftServerConfigKeys (ConfUtils.java:logGet(43)) - raft.server.log.preallocated.size = 16384 (custom)
2019-09-19 10:43:27,471 [pool-621-thread-1] INFO  server.RaftServerConfigKeys (ConfUtils.java:logGet(43)) - raft.server.log.write.buffer.size = 33554432 (custom)
2019-09-19 10:43:27,471 [pool-621-thread-1] INFO  server.RaftServerConfigKeys (ConfUtils.java:logGet(43)) - raft.server.log.force.sync.num = 128 (default)
2019-09-19 10:43:27,471 [pool-621-thread-1] INFO  server.RaftServerConfigKeys (ConfUtils.java:logGet(43)) - raft.server.log.statemachine.data.sync = true (default)
2019-09-19 10:43:27,471 [pool-621-thread-1] INFO  server.RaftServerConfigKeys (ConfUtils.java:logGet(43)) - raft.server.log.statemachine.data.sync.timeout = 10s (default)
2019-09-19 10:43:27,471 [pool-621-thread-1] INFO  server.RaftServerConfigKeys (ConfUtils.java:logGet(43)) - raft.server.log.statemachine.data.sync.timeout.retry = -1 (default)
2019-09-19 10:43:27,472 [pool-621-thread-1] INFO  server.RaftServerConfigKeys (ConfUtils.java:logGet(43)) - raft.server.log.statemachine.data.caching.enabled = true (custom)
2019-09-19 10:43:27,472 [pool-621-thread-1] INFO  segmented.SegmentedRaftLogWorker (SegmentedRaftLogWorker.java:lambda$new$0(132)) - 150f2557-af2e-4ff4-a511-15deca74e85e-SegmentedRaftLogWorker:Storage Directory /workdir/hadoop-ozone/ozonefs/target/test-dir/MiniOzoneClusterImpl-b710d106-2c58-4a4d-8c07-4cf143589938/datanode-1/data/ratis/be2febcd-da62-48c4-adc2-424ab17d9815: flushIndex: setUnconditionally 0 -> -1
2019-09-19 10:43:27,472 [pool-621-thread-1] INFO  server.RaftServerConfigKeys (ConfUtils.java:logGet(43)) - raft.server.snapshot.auto.trigger.enabled = true (custom)
2019-09-19 10:43:27,472 [pool-621-thread-1] INFO  server.RaftServerConfigKeys (ConfUtils.java:logGet(43)) - raft.server.snapshot.auto.trigger.threshold = 10000 (custom)
2019-09-19 10:43:27,473 [pool-621-thread-1] INFO  server.RaftServerConfigKeys (ConfUtils.java:logGet(43)) - raft.server.retrycache.expirytime = 600000ms (custom)
2019-09-19 10:43:27,473 [pool-621-thread-1] INFO  impl.RaftServerImpl (RaftServerImpl.java:start(180)) - 150f2557-af2e-4ff4-a511-15deca74e85e: start group-424AB17D9815
2019-09-19 10:43:27,473 [pool-621-thread-1] INFO  impl.RaftServerImpl (RaftServerImpl.java:setRole(171)) - 150f2557-af2e-4ff4-a511-15deca74e85e:group-424AB17D9815 changes role from null to FOLLOWER at term 0 for startAsFollower
2019-09-19 10:43:27,473 [pool-621-thread-1] INFO  impl.RoleInfo (RoleInfo.java:updateAndGet(143)) - 150f2557-af2e-4ff4-a511-15deca74e85e: start FollowerState
2019-09-19 10:43:27,473 [pool-621-thread-1] INFO  util.JmxRegister (JmxRegister.java:tryRegister(44)) - Successfully registered JMX Bean with object name Ratis:service=RaftServer,group=group-424AB17D9815,id=150f2557-af2e-4ff4-a511-15deca74e85e
2019-09-19 10:43:27,477 [RatisPipelineUtilsThread] INFO  pipeline.PipelineStateManager (PipelineStateManager.java:addPipeline(56)) - Created pipeline Pipeline[ Id: be2febcd-da62-48c4-adc2-424ab17d9815, Nodes: 150f2557-af2e-4ff4-a511-15deca74e85e{ip: 192.168.157.204, host: pr-hdds-1569-cpgw4-1311585219, networkLocation: /default-rack, certSerialId: null}, Type:RATIS, Factor:ONE, State:OPEN]
2019-09-19 10:43:27,477 [RatisPipelineUtilsThread] ERROR pipeline.PipelinePlacementPolicy (PipelinePlacementPolicy.java:meetCriteria(91)) - Pipeline Placement: Doesn't meet the criteria to be viable node. Heaviness: 6
2019-09-19 10:43:27,484 [grpc-default-executor-0] INFO  impl.RaftServerProxy (RaftServerProxy.java:addNew(89)) - 150f2557-af2e-4ff4-a511-15deca74e85e: addNew group-E2651A0494FC:[150f2557-af2e-4ff4-a511-15deca74e85e:192.168.157.204:43817] returns group-E2651A0494FC:java.util.concurrent.CompletableFuture@5bbfae1c[Not completed]
2019-09-19 10:43:27,485 [pool-621-thread-1] INFO  impl.RaftServerImpl (RaftServerImpl.java:<init>(93)) - 150f2557-af2e-4ff4-a511-15deca74e85e: new RaftServerImpl for group-E2651A0494FC:[150f2557-af2e-4ff4-a511-15deca74e85e:192.168.157.204:43817] with ContainerStateMachine:uninitialized
2019-09-19 10:43:27,485 [pool-621-thread-1] INFO  server.RaftServerConfigKeys (ConfUtils.java:logGet(43)) - raft.server.rpc.timeout.min = 5s (custom)
2019-09-19 10:43:27,485 [pool-621-thread-1] INFO  server.RaftServerConfigKeys (ConfUtils.java:logGet(43)) - raft.server.rpc.timeout.max = 5200ms (custom)
2019-09-19 10:43:27,485 [pool-621-thread-1] INFO  server.RaftServerConfigKeys (ConfUtils.java:logGet(43)) - raft.server.rpcslowness.timeout = 120s (custom)
2019-09-19 10:43:27,485 [pool-621-thread-1] INFO  server.RaftServerConfigKeys (ConfUtils.java:logGet(43)) - raft.server.sleep.deviation.threshold = 300 (default)
2019-09-19 10:43:27,485 [pool-621-thread-1] INFO  server.RaftServerConfigKeys (ConfUtils.java:logGet(43)) - raft.server.log.appender.install.snapshot.enabled = false (custom)
2019-09-19 10:43:27,485 [pool-621-thread-1] INFO  impl.RaftServerImpl (ServerState.java:<init>(105)) - 150f2557-af2e-4ff4-a511-15deca74e85e:group-E2651A0494FC ConfigurationManager, init=-1: [150f2557-af2e-4ff4-a511-15deca74e85e:192.168.157.204:43817], old=null, confs=<EMPTY_MAP>
2019-09-19 10:43:27,486 [pool-621-thread-1] INFO  server.RaftServerConfigKeys (ConfUtils.java:logGet(43)) - raft.server.storage.dir = [/workdir/hadoop-ozone/ozonefs/target/test-dir/MiniOzoneClusterImpl-b710d106-2c58-4a4d-8c07-4cf143589938/datanode-1/data/ratis] (custom)
2019-09-19 10:43:27,486 [pool-621-thread-1] INFO  storage.RaftStorageDirectory (RaftStorageDirectory.java:analyzeStorage(246)) - The storage directory /workdir/hadoop-ozone/ozonefs/target/test-dir/MiniOzoneClusterImpl-b710d106-2c58-4a4d-8c07-4cf143589938/datanode-1/data/ratis/c2d1f37c-31cd-4bb9-bcdb-e2651a0494fc does not exist. Creating ...
2019-09-19 10:43:27,496 [pool-621-thread-1] INFO  storage.RaftStorageDirectory (RaftStorageDirectory.java:tryLock(328)) - Lock on /workdir/hadoop-ozone/ozonefs/target/test-dir/MiniOzoneClusterImpl-b710d106-2c58-4a4d-8c07-4cf143589938/datanode-1/data/ratis/c2d1f37c-31cd-4bb9-bcdb-e2651a0494fc/in_use.lock acquired by nodename 10573@pr-hdds-1569-cpgw4-1311585219
2019-09-19 10:43:27,509 [pool-621-thread-1] INFO  storage.RaftStorage (RaftStorage.java:format(72)) - Storage directory /workdir/hadoop-ozone/ozonefs/target/test-dir/MiniOzoneClusterImpl-b710d106-2c58-4a4d-8c07-4cf143589938/datanode-1/data/ratis/c2d1f37c-31cd-4bb9-bcdb-e2651a0494fc has been successfully formatted.
2019-09-19 10:43:27,509 [pool-621-thread-1] INFO  ratis.ContainerStateMachine (ContainerStateMachine.java:loadSnapshot(226)) - group-E2651A0494FC: The snapshot info is null. Setting the last applied indexto:(t:0, i:~)
2019-09-19 10:43:27,509 [pool-621-thread-1] INFO  server.RaftServerConfigKeys (ConfUtils.java:logGet(43)) - raft.server.leader.election.timeout = 120s (custom)
2019-09-19 10:43:27,510 [pool-621-thread-1] INFO  server.RaftServerConfigKeys (ConfUtils.java:logGet(43)) - raft.server.log.use.memory = false (default)
2019-09-19 10:43:27,510 [pool-621-thread-1] INFO  server.RaftServerConfigKeys (ConfUtils.java:logGet(43)) - raft.server.log.purge.gap = 1000000 (custom)
2019-09-19 10:43:27,510 [pool-621-thread-1] INFO  server.RaftServerConfigKeys (ConfUtils.java:logGet(43)) - raft.server.log.appender.buffer.byte-limit = 33554432 (custom)
2019-09-19 10:43:27,510 [pool-621-thread-1] INFO  server.RaftServerConfigKeys (ConfUtils.java:logGet(43)) - raft.server.log.segment.size.max = 1048576 (custom)
2019-09-19 10:43:27,510 [pool-621-thread-1] INFO  server.RaftServerConfigKeys (ConfUtils.java:logGet(43)) - raft.server.log.segment.cache.num.max = 2 (custom)
2019-09-19 10:43:27,510 [pool-621-thread-1] INFO  segmented.SegmentedRaftLogWorker (SegmentedRaftLogWorker.java:<init>(172)) - new 150f2557-af2e-4ff4-a511-15deca74e85e-SegmentedRaftLogWorker:Storage Directory /workdir/hadoop-ozone/ozonefs/target/test-dir/MiniOzoneClusterImpl-b710d106-2c58-4a4d-8c07-4cf143589938/datanode-1/data/ratis/c2d1f37c-31cd-4bb9-bcdb-e2651a0494fc for RaftStorage:Storage Directory /workdir/hadoop-ozone/ozonefs/target/test-dir/MiniOzoneClusterImpl-b710d106-2c58-4a4d-8c07-4cf143589938/datanode-1/data/ratis/c2d1f37c-31cd-4bb9-bcdb-e2651a0494fc
2019-09-19 10:43:27,510 [pool-621-thread-1] INFO  server.RaftServerConfigKeys (ConfUtils.java:logGet(43)) - raft.server.log.queue.byte-limit = 2147483647 (custom)
2019-09-19 10:43:27,511 [pool-621-thread-1] INFO  server.RaftServerConfigKeys (ConfUtils.java:logGet(43)) - raft.server.log.queue.element-limit = 1024 (custom)
2019-09-19 10:43:27,511 [pool-621-thread-1] INFO  server.RaftServerConfigKeys (ConfUtils.java:logGet(43)) - raft.server.log.segment.size.max = 1048576 (custom)
2019-09-19 10:43:27,511 [pool-621-thread-1] INFO  server.RaftServerConfigKeys (ConfUtils.java:logGet(43)) - raft.server.log.preallocated.size = 16384 (custom)
2019-09-19 10:43:27,511 [pool-621-thread-1] INFO  server.RaftServerConfigKeys (ConfUtils.java:logGet(43)) - raft.server.log.write.buffer.size = 33554432 (custom)
2019-09-19 10:43:27,511 [pool-621-thread-1] INFO  server.RaftServerConfigKeys (ConfUtils.java:logGet(43)) - raft.server.log.force.sync.num = 128 (default)
2019-09-19 10:43:27,511 [pool-621-thread-1] INFO  server.RaftServerConfigKeys (ConfUtils.java:logGet(43)) - raft.server.log.statemachine.data.sync = true (default)
2019-09-19 10:43:27,511 [pool-621-thread-1] INFO  server.RaftServerConfigKeys (ConfUtils.java:logGet(43)) - raft.server.log.statemachine.data.sync.timeout = 10s (default)
2019-09-19 10:43:27,512 [pool-621-thread-1] INFO  server.RaftServerConfigKeys (ConfUtils.java:logGet(43)) - raft.server.log.statemachine.data.sync.timeout.retry = -1 (default)
2019-09-19 10:43:27,512 [pool-621-thread-1] INFO  server.RaftServerConfigKeys (ConfUtils.java:logGet(43)) - raft.server.log.statemachine.data.caching.enabled = true (custom)
2019-09-19 10:43:27,512 [pool-621-thread-1] INFO  segmented.SegmentedRaftLogWorker (SegmentedRaftLogWorker.java:lambda$new$0(132)) - 150f2557-af2e-4ff4-a511-15deca74e85e-SegmentedRaftLogWorker:Storage Directory /workdir/hadoop-ozone/ozonefs/target/test-dir/MiniOzoneClusterImpl-b710d106-2c58-4a4d-8c07-4cf143589938/datanode-1/data/ratis/c2d1f37c-31cd-4bb9-bcdb-e2651a0494fc: flushIndex: setUnconditionally 0 -> -1
2019-09-19 10:43:27,512 [pool-621-thread-1] INFO  server.RaftServerConfigKeys (ConfUtils.java:logGet(43)) - raft.server.snapshot.auto.trigger.enabled = true (custom)
2019-09-19 10:43:27,512 [pool-621-thread-1] INFO  server.RaftServerConfigKeys (ConfUtils.java:logGet(43)) - raft.server.snapshot.auto.trigger.threshold = 10000 (custom)
2019-09-19 10:43:27,513 [pool-621-thread-1] INFO  server.RaftServerConfigKeys (ConfUtils.java:logGet(43)) - raft.server.retrycache.expirytime = 600000ms (custom)
2019-09-19 10:43:27,513 [pool-621-thread-1] INFO  impl.RaftServerImpl (RaftServerImpl.java:start(180)) - 150f2557-af2e-4ff4-a511-15deca74e85e: start group-E2651A0494FC
2019-09-19 10:43:27,513 [pool-621-thread-1] INFO  impl.RaftServerImpl (RaftServerImpl.java:setRole(171)) - 150f2557-af2e-4ff4-a511-15deca74e85e:group-E2651A0494FC changes role from null to FOLLOWER at term 0 for startAsFollower
2019-09-19 10:43:27,513 [pool-621-thread-1] INFO  impl.RoleInfo (RoleInfo.java:updateAndGet(143)) - 150f2557-af2e-4ff4-a511-15deca74e85e: start FollowerState
2019-09-19 10:43:27,513 [pool-621-thread-1] INFO  util.JmxRegister (JmxRegister.java:tryRegister(44)) - Successfully registered JMX Bean with object name Ratis:service=RaftServer,group=group-E2651A0494FC,id=150f2557-af2e-4ff4-a511-15deca74e85e
2019-09-19 10:43:27,517 [RatisPipelineUtilsThread] INFO  pipeline.PipelineStateManager (PipelineStateManager.java:addPipeline(56)) - Created pipeline Pipeline[ Id: c2d1f37c-31cd-4bb9-bcdb-e2651a0494fc, Nodes: 150f2557-af2e-4ff4-a511-15deca74e85e{ip: 192.168.157.204, host: pr-hdds-1569-cpgw4-1311585219, networkLocation: /default-rack, certSerialId: null}, Type:RATIS, Factor:ONE, State:OPEN]
2019-09-19 10:43:27,517 [RatisPipelineUtilsThread] ERROR pipeline.PipelinePlacementPolicy (PipelinePlacementPolicy.java:meetCriteria(91)) - Pipeline Placement: Doesn't meet the criteria to be viable node. Heaviness: 6
2019-09-19 10:43:27,524 [grpc-default-executor-0] INFO  impl.RaftServerProxy (RaftServerProxy.java:addNew(89)) - 150f2557-af2e-4ff4-a511-15deca74e85e: addNew group-D88193EC3C03:[150f2557-af2e-4ff4-a511-15deca74e85e:192.168.157.204:43817] returns group-D88193EC3C03:java.util.concurrent.CompletableFuture@414a5faa[Not completed]
2019-09-19 10:43:27,525 [pool-621-thread-1] INFO  impl.RaftServerImpl (RaftServerImpl.java:<init>(93)) - 150f2557-af2e-4ff4-a511-15deca74e85e: new RaftServerImpl for group-D88193EC3C03:[150f2557-af2e-4ff4-a511-15deca74e85e:192.168.157.204:43817] with ContainerStateMachine:uninitialized
2019-09-19 10:43:27,525 [pool-621-thread-1] INFO  server.RaftServerConfigKeys (ConfUtils.java:logGet(43)) - raft.server.rpc.timeout.min = 5s (custom)
2019-09-19 10:43:27,525 [pool-621-thread-1] INFO  server.RaftServerConfigKeys (ConfUtils.java:logGet(43)) - raft.server.rpc.timeout.max = 5200ms (custom)
2019-09-19 10:43:27,525 [pool-621-thread-1] INFO  server.RaftServerConfigKeys (ConfUtils.java:logGet(43)) - raft.server.rpcslowness.timeout = 120s (custom)
2019-09-19 10:43:27,525 [pool-621-thread-1] INFO  server.RaftServerConfigKeys (ConfUtils.java:logGet(43)) - raft.server.sleep.deviation.threshold = 300 (default)
2019-09-19 10:43:27,525 [pool-621-thread-1] INFO  server.RaftServerConfigKeys (ConfUtils.java:logGet(43)) - raft.server.log.appender.install.snapshot.enabled = false (custom)
2019-09-19 10:43:27,526 [pool-621-thread-1] INFO  impl.RaftServerImpl (ServerState.java:<init>(105)) - 150f2557-af2e-4ff4-a511-15deca74e85e:group-D88193EC3C03 ConfigurationManager, init=-1: [150f2557-af2e-4ff4-a511-15deca74e85e:192.168.157.204:43817], old=null, confs=<EMPTY_MAP>
2019-09-19 10:43:27,526 [pool-621-thread-1] INFO  server.RaftServerConfigKeys (ConfUtils.java:logGet(43)) - raft.server.storage.dir = [/workdir/hadoop-ozone/ozonefs/target/test-dir/MiniOzoneClusterImpl-b710d106-2c58-4a4d-8c07-4cf143589938/datanode-1/data/ratis] (custom)
2019-09-19 10:43:27,526 [pool-621-thread-1] INFO  storage.RaftStorageDirectory (RaftStorageDirectory.java:analyzeStorage(246)) - The storage directory /workdir/hadoop-ozone/ozonefs/target/test-dir/MiniOzoneClusterImpl-b710d106-2c58-4a4d-8c07-4cf143589938/datanode-1/data/ratis/ab3ccab6-e743-4c12-a330-d88193ec3c03 does not exist. Creating ...
2019-09-19 10:43:27,539 [pool-621-thread-1] INFO  storage.RaftStorageDirectory (RaftStorageDirectory.java:tryLock(328)) - Lock on /workdir/hadoop-ozone/ozonefs/target/test-dir/MiniOzoneClusterImpl-b710d106-2c58-4a4d-8c07-4cf143589938/datanode-1/data/ratis/ab3ccab6-e743-4c12-a330-d88193ec3c03/in_use.lock acquired by nodename 10573@pr-hdds-1569-cpgw4-1311585219
2019-09-19 10:43:27,551 [pool-621-thread-1] INFO  storage.RaftStorage (RaftStorage.java:format(72)) - Storage directory /workdir/hadoop-ozone/ozonefs/target/test-dir/MiniOzoneClusterImpl-b710d106-2c58-4a4d-8c07-4cf143589938/datanode-1/data/ratis/ab3ccab6-e743-4c12-a330-d88193ec3c03 has been successfully formatted.
2019-09-19 10:43:27,552 [pool-621-thread-1] INFO  ratis.ContainerStateMachine (ContainerStateMachine.java:loadSnapshot(226)) - group-D88193EC3C03: The snapshot info is null. Setting the last applied indexto:(t:0, i:~)
2019-09-19 10:43:27,552 [pool-621-thread-1] INFO  server.RaftServerConfigKeys (ConfUtils.java:logGet(43)) - raft.server.leader.election.timeout = 120s (custom)
2019-09-19 10:43:27,552 [pool-621-thread-1] INFO  server.RaftServerConfigKeys (ConfUtils.java:logGet(43)) - raft.server.log.use.memory = false (default)
2019-09-19 10:43:27,552 [pool-621-thread-1] INFO  server.RaftServerConfigKeys (ConfUtils.java:logGet(43)) - raft.server.log.purge.gap = 1000000 (custom)
2019-09-19 10:43:27,552 [pool-621-thread-1] INFO  server.RaftServerConfigKeys (ConfUtils.java:logGet(43)) - raft.server.log.appender.buffer.byte-limit = 33554432 (custom)
2019-09-19 10:43:27,552 [pool-621-thread-1] INFO  server.RaftServerConfigKeys (ConfUtils.java:logGet(43)) - raft.server.log.segment.size.max = 1048576 (custom)
2019-09-19 10:43:27,552 [pool-621-thread-1] INFO  server.RaftServerConfigKeys (ConfUtils.java:logGet(43)) - raft.server.log.segment.cache.num.max = 2 (custom)
2019-09-19 10:43:27,552 [pool-621-thread-1] INFO  segmented.SegmentedRaftLogWorker (SegmentedRaftLogWorker.java:<init>(172)) - new 150f2557-af2e-4ff4-a511-15deca74e85e-SegmentedRaftLogWorker:Storage Directory /workdir/hadoop-ozone/ozonefs/target/test-dir/MiniOzoneClusterImpl-b710d106-2c58-4a4d-8c07-4cf143589938/datanode-1/data/ratis/ab3ccab6-e743-4c12-a330-d88193ec3c03 for RaftStorage:Storage Directory /workdir/hadoop-ozone/ozonefs/target/test-dir/MiniOzoneClusterImpl-b710d106-2c58-4a4d-8c07-4cf143589938/datanode-1/data/ratis/ab3ccab6-e743-4c12-a330-d88193ec3c03
2019-09-19 10:43:27,553 [pool-621-thread-1] INFO  server.RaftServerConfigKeys (ConfUtils.java:logGet(43)) - raft.server.log.queue.byte-limit = 2147483647 (custom)
2019-09-19 10:43:27,553 [pool-621-thread-1] INFO  server.RaftServerConfigKeys (ConfUtils.java:logGet(43)) - raft.server.log.queue.element-limit = 1024 (custom)
2019-09-19 10:43:27,553 [pool-621-thread-1] INFO  server.RaftServerConfigKeys (ConfUtils.java:logGet(43)) - raft.server.log.segment.size.max = 1048576 (custom)
2019-09-19 10:43:27,553 [pool-621-thread-1] INFO  server.RaftServerConfigKeys (ConfUtils.java:logGet(43)) - raft.server.log.preallocated.size = 16384 (custom)
2019-09-19 10:43:27,553 [pool-621-thread-1] INFO  server.RaftServerConfigKeys (ConfUtils.java:logGet(43)) - raft.server.log.write.buffer.size = 33554432 (custom)
2019-09-19 10:43:27,553 [pool-621-thread-1] INFO  server.RaftServerConfigKeys (ConfUtils.java:logGet(43)) - raft.server.log.force.sync.num = 128 (default)
2019-09-19 10:43:27,553 [pool-621-thread-1] INFO  server.RaftServerConfigKeys (ConfUtils.java:logGet(43)) - raft.server.log.statemachine.data.sync = true (default)
2019-09-19 10:43:27,553 [pool-621-thread-1] INFO  server.RaftServerConfigKeys (ConfUtils.java:logGet(43)) - raft.server.log.statemachine.data.sync.timeout = 10s (default)
2019-09-19 10:43:27,553 [pool-621-thread-1] INFO  server.RaftServerConfigKeys (ConfUtils.java:logGet(43)) - raft.server.log.statemachine.data.sync.timeout.retry = -1 (default)
2019-09-19 10:43:27,554 [pool-621-thread-1] INFO  server.RaftServerConfigKeys (ConfUtils.java:logGet(43)) - raft.server.log.statemachine.data.caching.enabled = true (custom)
2019-09-19 10:43:27,554 [pool-621-thread-1] INFO  segmented.SegmentedRaftLogWorker (SegmentedRaftLogWorker.java:lambda$new$0(132)) - 150f2557-af2e-4ff4-a511-15deca74e85e-SegmentedRaftLogWorker:Storage Directory /workdir/hadoop-ozone/ozonefs/target/test-dir/MiniOzoneClusterImpl-b710d106-2c58-4a4d-8c07-4cf143589938/datanode-1/data/ratis/ab3ccab6-e743-4c12-a330-d88193ec3c03: flushIndex: setUnconditionally 0 -> -1
2019-09-19 10:43:27,554 [pool-621-thread-1] INFO  server.RaftServerConfigKeys (ConfUtils.java:logGet(43)) - raft.server.snapshot.auto.trigger.enabled = true (custom)
2019-09-19 10:43:27,554 [pool-621-thread-1] INFO  server.RaftServerConfigKeys (ConfUtils.java:logGet(43)) - raft.server.snapshot.auto.trigger.threshold = 10000 (custom)
2019-09-19 10:43:27,554 [pool-621-thread-1] INFO  server.RaftServerConfigKeys (ConfUtils.java:logGet(43)) - raft.server.retrycache.expirytime = 600000ms (custom)
2019-09-19 10:43:27,555 [pool-621-thread-1] INFO  impl.RaftServerImpl (RaftServerImpl.java:start(180)) - 150f2557-af2e-4ff4-a511-15deca74e85e: start group-D88193EC3C03
2019-09-19 10:43:27,555 [pool-621-thread-1] INFO  impl.RaftServerImpl (RaftServerImpl.java:setRole(171)) - 150f2557-af2e-4ff4-a511-15deca74e85e:group-D88193EC3C03 changes role from null to FOLLOWER at term 0 for startAsFollower
2019-09-19 10:43:27,555 [pool-621-thread-1] INFO  impl.RoleInfo (RoleInfo.java:updateAndGet(143)) - 150f2557-af2e-4ff4-a511-15deca74e85e: start FollowerState
2019-09-19 10:43:27,555 [pool-621-thread-1] INFO  util.JmxRegister (JmxRegister.java:tryRegister(44)) - Successfully registered JMX Bean with object name Ratis:service=RaftServer,group=group-D88193EC3C03,id=150f2557-af2e-4ff4-a511-15deca74e85e
2019-09-19 10:43:27,559 [RatisPipelineUtilsThread] INFO  pipeline.PipelineStateManager (PipelineStateManager.java:addPipeline(56)) - Created pipeline Pipeline[ Id: ab3ccab6-e743-4c12-a330-d88193ec3c03, Nodes: 150f2557-af2e-4ff4-a511-15deca74e85e{ip: 192.168.157.204, host: pr-hdds-1569-cpgw4-1311585219, networkLocation: /default-rack, certSerialId: null}, Type:RATIS, Factor:ONE, State:OPEN]
2019-09-19 10:43:27,559 [RatisPipelineUtilsThread] ERROR pipeline.PipelinePlacementPolicy (PipelinePlacementPolicy.java:meetCriteria(91)) - Pipeline Placement: Doesn't meet the criteria to be viable node. Heaviness: 6
2019-09-19 10:43:27,566 [grpc-default-executor-0] INFO  impl.RaftServerProxy (RaftServerProxy.java:addNew(89)) - 150f2557-af2e-4ff4-a511-15deca74e85e: addNew group-3DC4B712305D:[150f2557-af2e-4ff4-a511-15deca74e85e:192.168.157.204:43817] returns group-3DC4B712305D:java.util.concurrent.CompletableFuture@c8fdba6[Not completed]
2019-09-19 10:43:27,567 [pool-621-thread-1] INFO  impl.RaftServerImpl (RaftServerImpl.java:<init>(93)) - 150f2557-af2e-4ff4-a511-15deca74e85e: new RaftServerImpl for group-3DC4B712305D:[150f2557-af2e-4ff4-a511-15deca74e85e:192.168.157.204:43817] with ContainerStateMachine:uninitialized
2019-09-19 10:43:27,568 [pool-621-thread-1] INFO  server.RaftServerConfigKeys (ConfUtils.java:logGet(43)) - raft.server.rpc.timeout.min = 5s (custom)
2019-09-19 10:43:27,568 [pool-621-thread-1] INFO  server.RaftServerConfigKeys (ConfUtils.java:logGet(43)) - raft.server.rpc.timeout.max = 5200ms (custom)
2019-09-19 10:43:27,568 [pool-621-thread-1] INFO  server.RaftServerConfigKeys (ConfUtils.java:logGet(43)) - raft.server.rpcslowness.timeout = 120s (custom)
2019-09-19 10:43:27,568 [pool-621-thread-1] INFO  server.RaftServerConfigKeys (ConfUtils.java:logGet(43)) - raft.server.sleep.deviation.threshold = 300 (default)
2019-09-19 10:43:27,568 [pool-621-thread-1] INFO  server.RaftServerConfigKeys (ConfUtils.java:logGet(43)) - raft.server.log.appender.install.snapshot.enabled = false (custom)
2019-09-19 10:43:27,568 [pool-621-thread-1] INFO  impl.RaftServerImpl (ServerState.java:<init>(105)) - 150f2557-af2e-4ff4-a511-15deca74e85e:group-3DC4B712305D ConfigurationManager, init=-1: [150f2557-af2e-4ff4-a511-15deca74e85e:192.168.157.204:43817], old=null, confs=<EMPTY_MAP>
2019-09-19 10:43:27,569 [pool-621-thread-1] INFO  server.RaftServerConfigKeys (ConfUtils.java:logGet(43)) - raft.server.storage.dir = [/workdir/hadoop-ozone/ozonefs/target/test-dir/MiniOzoneClusterImpl-b710d106-2c58-4a4d-8c07-4cf143589938/datanode-1/data/ratis] (custom)
2019-09-19 10:43:27,569 [pool-621-thread-1] INFO  storage.RaftStorageDirectory (RaftStorageDirectory.java:analyzeStorage(246)) - The storage directory /workdir/hadoop-ozone/ozonefs/target/test-dir/MiniOzoneClusterImpl-b710d106-2c58-4a4d-8c07-4cf143589938/datanode-1/data/ratis/b5ec4db7-e5f8-4431-8aa0-3dc4b712305d does not exist. Creating ...
2019-09-19 10:43:27,582 [pool-621-thread-1] INFO  storage.RaftStorageDirectory (RaftStorageDirectory.java:tryLock(328)) - Lock on /workdir/hadoop-ozone/ozonefs/target/test-dir/MiniOzoneClusterImpl-b710d106-2c58-4a4d-8c07-4cf143589938/datanode-1/data/ratis/b5ec4db7-e5f8-4431-8aa0-3dc4b712305d/in_use.lock acquired by nodename 10573@pr-hdds-1569-cpgw4-1311585219
2019-09-19 10:43:27,595 [pool-621-thread-1] INFO  storage.RaftStorage (RaftStorage.java:format(72)) - Storage directory /workdir/hadoop-ozone/ozonefs/target/test-dir/MiniOzoneClusterImpl-b710d106-2c58-4a4d-8c07-4cf143589938/datanode-1/data/ratis/b5ec4db7-e5f8-4431-8aa0-3dc4b712305d has been successfully formatted.
2019-09-19 10:43:27,595 [pool-621-thread-1] INFO  ratis.ContainerStateMachine (ContainerStateMachine.java:loadSnapshot(226)) - group-3DC4B712305D: The snapshot info is null. Setting the last applied indexto:(t:0, i:~)
2019-09-19 10:43:27,596 [pool-621-thread-1] INFO  server.RaftServerConfigKeys (ConfUtils.java:logGet(43)) - raft.server.leader.election.timeout = 120s (custom)
2019-09-19 10:43:27,596 [pool-621-thread-1] INFO  server.RaftServerConfigKeys (ConfUtils.java:logGet(43)) - raft.server.log.use.memory = false (default)
2019-09-19 10:43:27,596 [pool-621-thread-1] INFO  server.RaftServerConfigKeys (ConfUtils.java:logGet(43)) - raft.server.log.purge.gap = 1000000 (custom)
2019-09-19 10:43:27,596 [pool-621-thread-1] INFO  server.RaftServerConfigKeys (ConfUtils.java:logGet(43)) - raft.server.log.appender.buffer.byte-limit = 33554432 (custom)
2019-09-19 10:43:27,596 [pool-621-thread-1] INFO  server.RaftServerConfigKeys (ConfUtils.java:logGet(43)) - raft.server.log.segment.size.max = 1048576 (custom)
2019-09-19 10:43:27,596 [pool-621-thread-1] INFO  server.RaftServerConfigKeys (ConfUtils.java:logGet(43)) - raft.server.log.segment.cache.num.max = 2 (custom)
2019-09-19 10:43:27,596 [pool-621-thread-1] INFO  segmented.SegmentedRaftLogWorker (SegmentedRaftLogWorker.java:<init>(172)) - new 150f2557-af2e-4ff4-a511-15deca74e85e-SegmentedRaftLogWorker:Storage Directory /workdir/hadoop-ozone/ozonefs/target/test-dir/MiniOzoneClusterImpl-b710d106-2c58-4a4d-8c07-4cf143589938/datanode-1/data/ratis/b5ec4db7-e5f8-4431-8aa0-3dc4b712305d for RaftStorage:Storage Directory /workdir/hadoop-ozone/ozonefs/target/test-dir/MiniOzoneClusterImpl-b710d106-2c58-4a4d-8c07-4cf143589938/datanode-1/data/ratis/b5ec4db7-e5f8-4431-8aa0-3dc4b712305d
2019-09-19 10:43:27,597 [pool-621-thread-1] INFO  server.RaftServerConfigKeys (ConfUtils.java:logGet(43)) - raft.server.log.queue.byte-limit = 2147483647 (custom)
2019-09-19 10:43:27,597 [pool-621-thread-1] INFO  server.RaftServerConfigKeys (ConfUtils.java:logGet(43)) - raft.server.log.queue.element-limit = 1024 (custom)
2019-09-19 10:43:27,597 [pool-621-thread-1] INFO  server.RaftServerConfigKeys (ConfUtils.java:logGet(43)) - raft.server.log.segment.size.max = 1048576 (custom)
2019-09-19 10:43:27,597 [pool-621-thread-1] INFO  server.RaftServerConfigKeys (ConfUtils.java:logGet(43)) - raft.server.log.preallocated.size = 16384 (custom)
2019-09-19 10:43:27,597 [pool-621-thread-1] INFO  server.RaftServerConfigKeys (ConfUtils.java:logGet(43)) - raft.server.log.write.buffer.size = 33554432 (custom)
2019-09-19 10:43:27,597 [pool-621-thread-1] INFO  server.RaftServerConfigKeys (ConfUtils.java:logGet(43)) - raft.server.log.force.sync.num = 128 (default)
2019-09-19 10:43:27,598 [pool-621-thread-1] INFO  server.RaftServerConfigKeys (ConfUtils.java:logGet(43)) - raft.server.log.statemachine.data.sync = true (default)
2019-09-19 10:43:27,598 [pool-621-thread-1] INFO  server.RaftServerConfigKeys (ConfUtils.java:logGet(43)) - raft.server.log.statemachine.data.sync.timeout = 10s (default)
2019-09-19 10:43:27,598 [pool-621-thread-1] INFO  server.RaftServerConfigKeys (ConfUtils.java:logGet(43)) - raft.server.log.statemachine.data.sync.timeout.retry = -1 (default)
2019-09-19 10:43:27,598 [pool-621-thread-1] INFO  server.RaftServerConfigKeys (ConfUtils.java:logGet(43)) - raft.server.log.statemachine.data.caching.enabled = true (custom)
2019-09-19 10:43:27,598 [pool-621-thread-1] INFO  segmented.SegmentedRaftLogWorker (SegmentedRaftLogWorker.java:lambda$new$0(132)) - 150f2557-af2e-4ff4-a511-15deca74e85e-SegmentedRaftLogWorker:Storage Directory /workdir/hadoop-ozone/ozonefs/target/test-dir/MiniOzoneClusterImpl-b710d106-2c58-4a4d-8c07-4cf143589938/datanode-1/data/ratis/b5ec4db7-e5f8-4431-8aa0-3dc4b712305d: flushIndex: setUnconditionally 0 -> -1
2019-09-19 10:43:27,599 [pool-621-thread-1] INFO  server.RaftServerConfigKeys (ConfUtils.java:logGet(43)) - raft.server.snapshot.auto.trigger.enabled = true (custom)
2019-09-19 10:43:27,599 [pool-621-thread-1] INFO  server.RaftServerConfigKeys (ConfUtils.java:logGet(43)) - raft.server.snapshot.auto.trigger.threshold = 10000 (custom)
2019-09-19 10:43:27,599 [pool-621-thread-1] INFO  server.RaftServerConfigKeys (ConfUtils.java:logGet(43)) - raft.server.retrycache.expirytime = 600000ms (custom)
2019-09-19 10:43:27,599 [pool-621-thread-1] INFO  impl.RaftServerImpl (RaftServerImpl.java:start(180)) - 150f2557-af2e-4ff4-a511-15deca74e85e: start group-3DC4B712305D
2019-09-19 10:43:27,599 [pool-621-thread-1] INFO  impl.RaftServerImpl (RaftServerImpl.java:setRole(171)) - 150f2557-af2e-4ff4-a511-15deca74e85e:group-3DC4B712305D changes role from null to FOLLOWER at term 0 for startAsFollower
2019-09-19 10:43:27,600 [pool-621-thread-1] INFO  impl.RoleInfo (RoleInfo.java:updateAndGet(143)) - 150f2557-af2e-4ff4-a511-15deca74e85e: start FollowerState
2019-09-19 10:43:27,600 [pool-621-thread-1] INFO  util.JmxRegister (JmxRegister.java:tryRegister(44)) - Successfully registered JMX Bean with object name Ratis:service=RaftServer,group=group-3DC4B712305D,id=150f2557-af2e-4ff4-a511-15deca74e85e
2019-09-19 10:43:27,604 [RatisPipelineUtilsThread] INFO  pipeline.PipelineStateManager (PipelineStateManager.java:addPipeline(56)) - Created pipeline Pipeline[ Id: b5ec4db7-e5f8-4431-8aa0-3dc4b712305d, Nodes: 150f2557-af2e-4ff4-a511-15deca74e85e{ip: 192.168.157.204, host: pr-hdds-1569-cpgw4-1311585219, networkLocation: /default-rack, certSerialId: null}, Type:RATIS, Factor:ONE, State:OPEN]
2019-09-19 10:43:27,604 [RatisPipelineUtilsThread] ERROR pipeline.PipelinePlacementPolicy (PipelinePlacementPolicy.java:meetCriteria(91)) - Pipeline Placement: Doesn't meet the criteria to be viable node. Heaviness: 6
2019-09-19 10:43:27,604 [RatisPipelineUtilsThread] ERROR pipeline.PipelinePlacementPolicy (PipelinePlacementPolicy.java:meetCriteria(91)) - Pipeline Placement: Doesn't meet the criteria to be viable node. Heaviness: 6
2019-09-19 10:43:27,612 [grpc-default-executor-0] INFO  impl.RaftServerProxy (RaftServerProxy.java:addNew(89)) - bd77eb86-d949-4b39-b9de-a79d79cc61f0: addNew group-3C554CAD1B5A:[bd77eb86-d949-4b39-b9de-a79d79cc61f0:192.168.157.204:36361] returns group-3C554CAD1B5A:java.util.concurrent.CompletableFuture@3bdc92bf[Not completed]
2019-09-19 10:43:27,613 [pool-632-thread-1] INFO  impl.RaftServerImpl (RaftServerImpl.java:<init>(93)) - bd77eb86-d949-4b39-b9de-a79d79cc61f0: new RaftServerImpl for group-3C554CAD1B5A:[bd77eb86-d949-4b39-b9de-a79d79cc61f0:192.168.157.204:36361] with ContainerStateMachine:uninitialized
2019-09-19 10:43:27,615 [pool-632-thread-1] INFO  server.RaftServerConfigKeys (ConfUtils.java:logGet(43)) - raft.server.rpc.timeout.min = 5s (custom)
2019-09-19 10:43:27,615 [pool-632-thread-1] INFO  server.RaftServerConfigKeys (ConfUtils.java:logGet(43)) - raft.server.rpc.timeout.max = 5200ms (custom)
2019-09-19 10:43:27,615 [pool-632-thread-1] INFO  server.RaftServerConfigKeys (ConfUtils.java:logGet(43)) - raft.server.rpcslowness.timeout = 120s (custom)
2019-09-19 10:43:27,615 [pool-632-thread-1] INFO  server.RaftServerConfigKeys (ConfUtils.java:logGet(43)) - raft.server.sleep.deviation.threshold = 300 (default)
2019-09-19 10:43:27,615 [pool-632-thread-1] INFO  server.RaftServerConfigKeys (ConfUtils.java:logGet(43)) - raft.server.log.appender.install.snapshot.enabled = false (custom)
2019-09-19 10:43:27,616 [pool-632-thread-1] INFO  impl.RaftServerImpl (ServerState.java:<init>(105)) - bd77eb86-d949-4b39-b9de-a79d79cc61f0:group-3C554CAD1B5A ConfigurationManager, init=-1: [bd77eb86-d949-4b39-b9de-a79d79cc61f0:192.168.157.204:36361], old=null, confs=<EMPTY_MAP>
2019-09-19 10:43:27,616 [pool-632-thread-1] INFO  server.RaftServerConfigKeys (ConfUtils.java:logGet(43)) - raft.server.storage.dir = [/workdir/hadoop-ozone/ozonefs/target/test-dir/MiniOzoneClusterImpl-b710d106-2c58-4a4d-8c07-4cf143589938/datanode-2/data/ratis] (custom)
2019-09-19 10:43:27,616 [pool-632-thread-1] INFO  storage.RaftStorageDirectory (RaftStorageDirectory.java:analyzeStorage(246)) - The storage directory /workdir/hadoop-ozone/ozonefs/target/test-dir/MiniOzoneClusterImpl-b710d106-2c58-4a4d-8c07-4cf143589938/datanode-2/data/ratis/8c73681a-a300-4cf3-97a0-3c554cad1b5a does not exist. Creating ...
2019-09-19 10:43:27,629 [pool-632-thread-1] INFO  storage.RaftStorageDirectory (RaftStorageDirectory.java:tryLock(328)) - Lock on /workdir/hadoop-ozone/ozonefs/target/test-dir/MiniOzoneClusterImpl-b710d106-2c58-4a4d-8c07-4cf143589938/datanode-2/data/ratis/8c73681a-a300-4cf3-97a0-3c554cad1b5a/in_use.lock acquired by nodename 10573@pr-hdds-1569-cpgw4-1311585219
2019-09-19 10:43:27,641 [pool-632-thread-1] INFO  storage.RaftStorage (RaftStorage.java:format(72)) - Storage directory /workdir/hadoop-ozone/ozonefs/target/test-dir/MiniOzoneClusterImpl-b710d106-2c58-4a4d-8c07-4cf143589938/datanode-2/data/ratis/8c73681a-a300-4cf3-97a0-3c554cad1b5a has been successfully formatted.
2019-09-19 10:43:27,641 [pool-632-thread-1] INFO  ratis.ContainerStateMachine (ContainerStateMachine.java:loadSnapshot(226)) - group-3C554CAD1B5A: The snapshot info is null. Setting the last applied indexto:(t:0, i:~)
2019-09-19 10:43:27,642 [pool-632-thread-1] INFO  server.RaftServerConfigKeys (ConfUtils.java:logGet(43)) - raft.server.leader.election.timeout = 120s (custom)
2019-09-19 10:43:27,642 [pool-632-thread-1] INFO  server.RaftServerConfigKeys (ConfUtils.java:logGet(43)) - raft.server.log.use.memory = false (default)
2019-09-19 10:43:27,642 [pool-632-thread-1] INFO  server.RaftServerConfigKeys (ConfUtils.java:logGet(43)) - raft.server.log.purge.gap = 1000000 (custom)
2019-09-19 10:43:27,642 [pool-632-thread-1] INFO  server.RaftServerConfigKeys (ConfUtils.java:logGet(43)) - raft.server.log.appender.buffer.byte-limit = 33554432 (custom)
2019-09-19 10:43:27,642 [pool-632-thread-1] INFO  server.RaftServerConfigKeys (ConfUtils.java:logGet(43)) - raft.server.log.segment.size.max = 1048576 (custom)
2019-09-19 10:43:27,642 [pool-632-thread-1] INFO  server.RaftServerConfigKeys (ConfUtils.java:logGet(43)) - raft.server.log.segment.cache.num.max = 2 (custom)
2019-09-19 10:43:27,643 [pool-632-thread-1] INFO  segmented.SegmentedRaftLogWorker (SegmentedRaftLogWorker.java:<init>(172)) - new bd77eb86-d949-4b39-b9de-a79d79cc61f0-SegmentedRaftLogWorker:Storage Directory /workdir/hadoop-ozone/ozonefs/target/test-dir/MiniOzoneClusterImpl-b710d106-2c58-4a4d-8c07-4cf143589938/datanode-2/data/ratis/8c73681a-a300-4cf3-97a0-3c554cad1b5a for RaftStorage:Storage Directory /workdir/hadoop-ozone/ozonefs/target/test-dir/MiniOzoneClusterImpl-b710d106-2c58-4a4d-8c07-4cf143589938/datanode-2/data/ratis/8c73681a-a300-4cf3-97a0-3c554cad1b5a
2019-09-19 10:43:27,643 [pool-632-thread-1] INFO  server.RaftServerConfigKeys (ConfUtils.java:logGet(43)) - raft.server.log.queue.byte-limit = 2147483647 (custom)
2019-09-19 10:43:27,643 [pool-632-thread-1] INFO  server.RaftServerConfigKeys (ConfUtils.java:logGet(43)) - raft.server.log.queue.element-limit = 1024 (custom)
2019-09-19 10:43:27,643 [pool-632-thread-1] INFO  server.RaftServerConfigKeys (ConfUtils.java:logGet(43)) - raft.server.log.segment.size.max = 1048576 (custom)
2019-09-19 10:43:27,643 [pool-632-thread-1] INFO  server.RaftServerConfigKeys (ConfUtils.java:logGet(43)) - raft.server.log.preallocated.size = 16384 (custom)
2019-09-19 10:43:27,644 [pool-632-thread-1] INFO  server.RaftServerConfigKeys (ConfUtils.java:logGet(43)) - raft.server.log.write.buffer.size = 33554432 (custom)
2019-09-19 10:43:27,644 [pool-632-thread-1] INFO  server.RaftServerConfigKeys (ConfUtils.java:logGet(43)) - raft.server.log.force.sync.num = 128 (default)
2019-09-19 10:43:27,644 [pool-632-thread-1] INFO  server.RaftServerConfigKeys (ConfUtils.java:logGet(43)) - raft.server.log.statemachine.data.sync = true (default)
2019-09-19 10:43:27,644 [pool-632-thread-1] INFO  server.RaftServerConfigKeys (ConfUtils.java:logGet(43)) - raft.server.log.statemachine.data.sync.timeout = 10s (default)
2019-09-19 10:43:27,644 [pool-632-thread-1] INFO  server.RaftServerConfigKeys (ConfUtils.java:logGet(43)) - raft.server.log.statemachine.data.sync.timeout.retry = -1 (default)
2019-09-19 10:43:27,644 [pool-632-thread-1] INFO  server.RaftServerConfigKeys (ConfUtils.java:logGet(43)) - raft.server.log.statemachine.data.caching.enabled = true (custom)
2019-09-19 10:43:27,645 [pool-632-thread-1] INFO  segmented.SegmentedRaftLogWorker (SegmentedRaftLogWorker.java:lambda$new$0(132)) - bd77eb86-d949-4b39-b9de-a79d79cc61f0-SegmentedRaftLogWorker:Storage Directory /workdir/hadoop-ozone/ozonefs/target/test-dir/MiniOzoneClusterImpl-b710d106-2c58-4a4d-8c07-4cf143589938/datanode-2/data/ratis/8c73681a-a300-4cf3-97a0-3c554cad1b5a: flushIndex: setUnconditionally 0 -> -1
2019-09-19 10:43:27,645 [pool-632-thread-1] INFO  server.RaftServerConfigKeys (ConfUtils.java:logGet(43)) - raft.server.snapshot.auto.trigger.enabled = true (custom)
2019-09-19 10:43:27,645 [pool-632-thread-1] INFO  server.RaftServerConfigKeys (ConfUtils.java:logGet(43)) - raft.server.snapshot.auto.trigger.threshold = 10000 (custom)
2019-09-19 10:43:27,645 [pool-632-thread-1] INFO  server.RaftServerConfigKeys (ConfUtils.java:logGet(43)) - raft.server.retrycache.expirytime = 600000ms (custom)
2019-09-19 10:43:27,646 [pool-632-thread-1] INFO  impl.RaftServerImpl (RaftServerImpl.java:start(180)) - bd77eb86-d949-4b39-b9de-a79d79cc61f0: start group-3C554CAD1B5A
2019-09-19 10:43:27,646 [pool-632-thread-1] INFO  impl.RaftServerImpl (RaftServerImpl.java:setRole(171)) - bd77eb86-d949-4b39-b9de-a79d79cc61f0:group-3C554CAD1B5A changes role from null to FOLLOWER at term 0 for startAsFollower
2019-09-19 10:43:27,646 [pool-632-thread-1] INFO  impl.RoleInfo (RoleInfo.java:updateAndGet(143)) - bd77eb86-d949-4b39-b9de-a79d79cc61f0: start FollowerState
2019-09-19 10:43:27,646 [pool-632-thread-1] INFO  util.JmxRegister (JmxRegister.java:tryRegister(44)) - Successfully registered JMX Bean with object name Ratis:service=RaftServer,group=group-3C554CAD1B5A,id=bd77eb86-d949-4b39-b9de-a79d79cc61f0
2019-09-19 10:43:27,650 [RatisPipelineUtilsThread] INFO  pipeline.PipelineStateManager (PipelineStateManager.java:addPipeline(56)) - Created pipeline Pipeline[ Id: 8c73681a-a300-4cf3-97a0-3c554cad1b5a, Nodes: bd77eb86-d949-4b39-b9de-a79d79cc61f0{ip: 192.168.157.204, host: pr-hdds-1569-cpgw4-1311585219, networkLocation: /default-rack, certSerialId: null}, Type:RATIS, Factor:ONE, State:OPEN]
2019-09-19 10:43:27,650 [RatisPipelineUtilsThread] ERROR pipeline.PipelinePlacementPolicy (PipelinePlacementPolicy.java:meetCriteria(91)) - Pipeline Placement: Doesn't meet the criteria to be viable node. Heaviness: 6
2019-09-19 10:43:27,651 [RatisPipelineUtilsThread] ERROR pipeline.PipelinePlacementPolicy (PipelinePlacementPolicy.java:meetCriteria(91)) - Pipeline Placement: Doesn't meet the criteria to be viable node. Heaviness: 6
2019-09-19 10:43:27,657 [grpc-default-executor-0] INFO  impl.RaftServerProxy (RaftServerProxy.java:addNew(89)) - bd77eb86-d949-4b39-b9de-a79d79cc61f0: addNew group-19A34944805E:[bd77eb86-d949-4b39-b9de-a79d79cc61f0:192.168.157.204:36361] returns group-19A34944805E:java.util.concurrent.CompletableFuture@200cd89b[Not completed]
2019-09-19 10:43:27,659 [pool-632-thread-1] INFO  impl.RaftServerImpl (RaftServerImpl.java:<init>(93)) - bd77eb86-d949-4b39-b9de-a79d79cc61f0: new RaftServerImpl for group-19A34944805E:[bd77eb86-d949-4b39-b9de-a79d79cc61f0:192.168.157.204:36361] with ContainerStateMachine:uninitialized
2019-09-19 10:43:27,659 [pool-632-thread-1] INFO  server.RaftServerConfigKeys (ConfUtils.java:logGet(43)) - raft.server.rpc.timeout.min = 5s (custom)
2019-09-19 10:43:27,659 [pool-632-thread-1] INFO  server.RaftServerConfigKeys (ConfUtils.java:logGet(43)) - raft.server.rpc.timeout.max = 5200ms (custom)
2019-09-19 10:43:27,659 [pool-632-thread-1] INFO  server.RaftServerConfigKeys (ConfUtils.java:logGet(43)) - raft.server.rpcslowness.timeout = 120s (custom)
2019-09-19 10:43:27,659 [pool-632-thread-1] INFO  server.RaftServerConfigKeys (ConfUtils.java:logGet(43)) - raft.server.sleep.deviation.threshold = 300 (default)
2019-09-19 10:43:27,659 [pool-632-thread-1] INFO  server.RaftServerConfigKeys (ConfUtils.java:logGet(43)) - raft.server.log.appender.install.snapshot.enabled = false (custom)
2019-09-19 10:43:27,659 [pool-632-thread-1] INFO  impl.RaftServerImpl (ServerState.java:<init>(105)) - bd77eb86-d949-4b39-b9de-a79d79cc61f0:group-19A34944805E ConfigurationManager, init=-1: [bd77eb86-d949-4b39-b9de-a79d79cc61f0:192.168.157.204:36361], old=null, confs=<EMPTY_MAP>
2019-09-19 10:43:27,660 [pool-632-thread-1] INFO  server.RaftServerConfigKeys (ConfUtils.java:logGet(43)) - raft.server.storage.dir = [/workdir/hadoop-ozone/ozonefs/target/test-dir/MiniOzoneClusterImpl-b710d106-2c58-4a4d-8c07-4cf143589938/datanode-2/data/ratis] (custom)
2019-09-19 10:43:27,660 [pool-632-thread-1] INFO  storage.RaftStorageDirectory (RaftStorageDirectory.java:analyzeStorage(246)) - The storage directory /workdir/hadoop-ozone/ozonefs/target/test-dir/MiniOzoneClusterImpl-b710d106-2c58-4a4d-8c07-4cf143589938/datanode-2/data/ratis/854ff3f3-7fc9-4fdf-bc71-19a34944805e does not exist. Creating ...
2019-09-19 10:43:27,672 [pool-632-thread-1] INFO  storage.RaftStorageDirectory (RaftStorageDirectory.java:tryLock(328)) - Lock on /workdir/hadoop-ozone/ozonefs/target/test-dir/MiniOzoneClusterImpl-b710d106-2c58-4a4d-8c07-4cf143589938/datanode-2/data/ratis/854ff3f3-7fc9-4fdf-bc71-19a34944805e/in_use.lock acquired by nodename 10573@pr-hdds-1569-cpgw4-1311585219
2019-09-19 10:43:27,685 [pool-632-thread-1] INFO  storage.RaftStorage (RaftStorage.java:format(72)) - Storage directory /workdir/hadoop-ozone/ozonefs/target/test-dir/MiniOzoneClusterImpl-b710d106-2c58-4a4d-8c07-4cf143589938/datanode-2/data/ratis/854ff3f3-7fc9-4fdf-bc71-19a34944805e has been successfully formatted.
2019-09-19 10:43:27,685 [pool-632-thread-1] INFO  ratis.ContainerStateMachine (ContainerStateMachine.java:loadSnapshot(226)) - group-19A34944805E: The snapshot info is null. Setting the last applied indexto:(t:0, i:~)
2019-09-19 10:43:27,685 [pool-632-thread-1] INFO  server.RaftServerConfigKeys (ConfUtils.java:logGet(43)) - raft.server.leader.election.timeout = 120s (custom)
2019-09-19 10:43:27,685 [pool-632-thread-1] INFO  server.RaftServerConfigKeys (ConfUtils.java:logGet(43)) - raft.server.log.use.memory = false (default)
2019-09-19 10:43:27,685 [pool-632-thread-1] INFO  server.RaftServerConfigKeys (ConfUtils.java:logGet(43)) - raft.server.log.purge.gap = 1000000 (custom)
2019-09-19 10:43:27,686 [pool-632-thread-1] INFO  server.RaftServerConfigKeys (ConfUtils.java:logGet(43)) - raft.server.log.appender.buffer.byte-limit = 33554432 (custom)
2019-09-19 10:43:27,686 [pool-632-thread-1] INFO  server.RaftServerConfigKeys (ConfUtils.java:logGet(43)) - raft.server.log.segment.size.max = 1048576 (custom)
2019-09-19 10:43:27,686 [pool-632-thread-1] INFO  server.RaftServerConfigKeys (ConfUtils.java:logGet(43)) - raft.server.log.segment.cache.num.max = 2 (custom)
2019-09-19 10:43:27,686 [pool-632-thread-1] INFO  segmented.SegmentedRaftLogWorker (SegmentedRaftLogWorker.java:<init>(172)) - new bd77eb86-d949-4b39-b9de-a79d79cc61f0-SegmentedRaftLogWorker:Storage Directory /workdir/hadoop-ozone/ozonefs/target/test-dir/MiniOzoneClusterImpl-b710d106-2c58-4a4d-8c07-4cf143589938/datanode-2/data/ratis/854ff3f3-7fc9-4fdf-bc71-19a34944805e for RaftStorage:Storage Directory /workdir/hadoop-ozone/ozonefs/target/test-dir/MiniOzoneClusterImpl-b710d106-2c58-4a4d-8c07-4cf143589938/datanode-2/data/ratis/854ff3f3-7fc9-4fdf-bc71-19a34944805e
2019-09-19 10:43:27,686 [pool-632-thread-1] INFO  server.RaftServerConfigKeys (ConfUtils.java:logGet(43)) - raft.server.log.queue.byte-limit = 2147483647 (custom)
2019-09-19 10:43:27,686 [pool-632-thread-1] INFO  server.RaftServerConfigKeys (ConfUtils.java:logGet(43)) - raft.server.log.queue.element-limit = 1024 (custom)
2019-09-19 10:43:27,687 [pool-632-thread-1] INFO  server.RaftServerConfigKeys (ConfUtils.java:logGet(43)) - raft.server.log.segment.size.max = 1048576 (custom)
2019-09-19 10:43:27,687 [pool-632-thread-1] INFO  server.RaftServerConfigKeys (ConfUtils.java:logGet(43)) - raft.server.log.preallocated.size = 16384 (custom)
2019-09-19 10:43:27,687 [pool-632-thread-1] INFO  server.RaftServerConfigKeys (ConfUtils.java:logGet(43)) - raft.server.log.write.buffer.size = 33554432 (custom)
2019-09-19 10:43:27,687 [pool-632-thread-1] INFO  server.RaftServerConfigKeys (ConfUtils.java:logGet(43)) - raft.server.log.force.sync.num = 128 (default)
2019-09-19 10:43:27,687 [pool-632-thread-1] INFO  server.RaftServerConfigKeys (ConfUtils.java:logGet(43)) - raft.server.log.statemachine.data.sync = true (default)
2019-09-19 10:43:27,687 [pool-632-thread-1] INFO  server.RaftServerConfigKeys (ConfUtils.java:logGet(43)) - raft.server.log.statemachine.data.sync.timeout = 10s (default)
2019-09-19 10:43:27,687 [pool-632-thread-1] INFO  server.RaftServerConfigKeys (ConfUtils.java:logGet(43)) - raft.server.log.statemachine.data.sync.timeout.retry = -1 (default)
2019-09-19 10:43:27,688 [pool-632-thread-1] INFO  server.RaftServerConfigKeys (ConfUtils.java:logGet(43)) - raft.server.log.statemachine.data.caching.enabled = true (custom)
2019-09-19 10:43:27,688 [pool-632-thread-1] INFO  segmented.SegmentedRaftLogWorker (SegmentedRaftLogWorker.java:lambda$new$0(132)) - bd77eb86-d949-4b39-b9de-a79d79cc61f0-SegmentedRaftLogWorker:Storage Directory /workdir/hadoop-ozone/ozonefs/target/test-dir/MiniOzoneClusterImpl-b710d106-2c58-4a4d-8c07-4cf143589938/datanode-2/data/ratis/854ff3f3-7fc9-4fdf-bc71-19a34944805e: flushIndex: setUnconditionally 0 -> -1
2019-09-19 10:43:27,688 [pool-632-thread-1] INFO  server.RaftServerConfigKeys (ConfUtils.java:logGet(43)) - raft.server.snapshot.auto.trigger.enabled = true (custom)
2019-09-19 10:43:27,688 [pool-632-thread-1] INFO  server.RaftServerConfigKeys (ConfUtils.java:logGet(43)) - raft.server.snapshot.auto.trigger.threshold = 10000 (custom)
2019-09-19 10:43:27,689 [pool-632-thread-1] INFO  server.RaftServerConfigKeys (ConfUtils.java:logGet(43)) - raft.server.retrycache.expirytime = 600000ms (custom)
2019-09-19 10:43:27,689 [pool-632-thread-1] INFO  impl.RaftServerImpl (RaftServerImpl.java:start(180)) - bd77eb86-d949-4b39-b9de-a79d79cc61f0: start group-19A34944805E
2019-09-19 10:43:27,689 [pool-632-thread-1] INFO  impl.RaftServerImpl (RaftServerImpl.java:setRole(171)) - bd77eb86-d949-4b39-b9de-a79d79cc61f0:group-19A34944805E changes role from null to FOLLOWER at term 0 for startAsFollower
2019-09-19 10:43:27,689 [pool-632-thread-1] INFO  impl.RoleInfo (RoleInfo.java:updateAndGet(143)) - bd77eb86-d949-4b39-b9de-a79d79cc61f0: start FollowerState
2019-09-19 10:43:27,689 [pool-632-thread-1] INFO  util.JmxRegister (JmxRegister.java:tryRegister(44)) - Successfully registered JMX Bean with object name Ratis:service=RaftServer,group=group-19A34944805E,id=bd77eb86-d949-4b39-b9de-a79d79cc61f0
2019-09-19 10:43:27,693 [RatisPipelineUtilsThread] INFO  pipeline.PipelineStateManager (PipelineStateManager.java:addPipeline(56)) - Created pipeline Pipeline[ Id: 854ff3f3-7fc9-4fdf-bc71-19a34944805e, Nodes: bd77eb86-d949-4b39-b9de-a79d79cc61f0{ip: 192.168.157.204, host: pr-hdds-1569-cpgw4-1311585219, networkLocation: /default-rack, certSerialId: null}, Type:RATIS, Factor:ONE, State:OPEN]
2019-09-19 10:43:27,694 [RatisPipelineUtilsThread] ERROR pipeline.PipelinePlacementPolicy (PipelinePlacementPolicy.java:meetCriteria(91)) - Pipeline Placement: Doesn't meet the criteria to be viable node. Heaviness: 6
2019-09-19 10:43:27,694 [RatisPipelineUtilsThread] ERROR pipeline.PipelinePlacementPolicy (PipelinePlacementPolicy.java:meetCriteria(91)) - Pipeline Placement: Doesn't meet the criteria to be viable node. Heaviness: 6
2019-09-19 10:43:27,701 [grpc-default-executor-0] INFO  impl.RaftServerProxy (RaftServerProxy.java:addNew(89)) - bd77eb86-d949-4b39-b9de-a79d79cc61f0: addNew group-A51A3BD27FFB:[bd77eb86-d949-4b39-b9de-a79d79cc61f0:192.168.157.204:36361] returns group-A51A3BD27FFB:java.util.concurrent.CompletableFuture@200da245[Not completed]
2019-09-19 10:43:27,702 [pool-632-thread-1] INFO  impl.RaftServerImpl (RaftServerImpl.java:<init>(93)) - bd77eb86-d949-4b39-b9de-a79d79cc61f0: new RaftServerImpl for group-A51A3BD27FFB:[bd77eb86-d949-4b39-b9de-a79d79cc61f0:192.168.157.204:36361] with ContainerStateMachine:uninitialized
2019-09-19 10:43:27,702 [pool-632-thread-1] INFO  server.RaftServerConfigKeys (ConfUtils.java:logGet(43)) - raft.server.rpc.timeout.min = 5s (custom)
2019-09-19 10:43:27,702 [pool-632-thread-1] INFO  server.RaftServerConfigKeys (ConfUtils.java:logGet(43)) - raft.server.rpc.timeout.max = 5200ms (custom)
2019-09-19 10:43:27,702 [pool-632-thread-1] INFO  server.RaftServerConfigKeys (ConfUtils.java:logGet(43)) - raft.server.rpcslowness.timeout = 120s (custom)
2019-09-19 10:43:27,702 [pool-632-thread-1] INFO  server.RaftServerConfigKeys (ConfUtils.java:logGet(43)) - raft.server.sleep.deviation.threshold = 300 (default)
2019-09-19 10:43:27,702 [pool-632-thread-1] INFO  server.RaftServerConfigKeys (ConfUtils.java:logGet(43)) - raft.server.log.appender.install.snapshot.enabled = false (custom)
2019-09-19 10:43:27,703 [pool-632-thread-1] INFO  impl.RaftServerImpl (ServerState.java:<init>(105)) - bd77eb86-d949-4b39-b9de-a79d79cc61f0:group-A51A3BD27FFB ConfigurationManager, init=-1: [bd77eb86-d949-4b39-b9de-a79d79cc61f0:192.168.157.204:36361], old=null, confs=<EMPTY_MAP>
2019-09-19 10:43:27,703 [pool-632-thread-1] INFO  server.RaftServerConfigKeys (ConfUtils.java:logGet(43)) - raft.server.storage.dir = [/workdir/hadoop-ozone/ozonefs/target/test-dir/MiniOzoneClusterImpl-b710d106-2c58-4a4d-8c07-4cf143589938/datanode-2/data/ratis] (custom)
2019-09-19 10:43:27,703 [pool-632-thread-1] INFO  storage.RaftStorageDirectory (RaftStorageDirectory.java:analyzeStorage(246)) - The storage directory /workdir/hadoop-ozone/ozonefs/target/test-dir/MiniOzoneClusterImpl-b710d106-2c58-4a4d-8c07-4cf143589938/datanode-2/data/ratis/4eba7ca6-cda3-40a7-83ff-a51a3bd27ffb does not exist. Creating ...
2019-09-19 10:43:27,716 [pool-632-thread-1] INFO  storage.RaftStorageDirectory (RaftStorageDirectory.java:tryLock(328)) - Lock on /workdir/hadoop-ozone/ozonefs/target/test-dir/MiniOzoneClusterImpl-b710d106-2c58-4a4d-8c07-4cf143589938/datanode-2/data/ratis/4eba7ca6-cda3-40a7-83ff-a51a3bd27ffb/in_use.lock acquired by nodename 10573@pr-hdds-1569-cpgw4-1311585219
2019-09-19 10:43:27,719 [pool-632-thread-1] INFO  storage.RaftStorage (RaftStorage.java:format(72)) - Storage directory /workdir/hadoop-ozone/ozonefs/target/test-dir/MiniOzoneClusterImpl-b710d106-2c58-4a4d-8c07-4cf143589938/datanode-2/data/ratis/4eba7ca6-cda3-40a7-83ff-a51a3bd27ffb has been successfully formatted.
2019-09-19 10:43:27,719 [pool-632-thread-1] INFO  ratis.ContainerStateMachine (ContainerStateMachine.java:loadSnapshot(226)) - group-A51A3BD27FFB: The snapshot info is null. Setting the last applied indexto:(t:0, i:~)
2019-09-19 10:43:27,720 [pool-632-thread-1] INFO  server.RaftServerConfigKeys (ConfUtils.java:logGet(43)) - raft.server.leader.election.timeout = 120s (custom)
2019-09-19 10:43:27,720 [pool-632-thread-1] INFO  server.RaftServerConfigKeys (ConfUtils.java:logGet(43)) - raft.server.log.use.memory = false (default)
2019-09-19 10:43:27,720 [pool-632-thread-1] INFO  server.RaftServerConfigKeys (ConfUtils.java:logGet(43)) - raft.server.log.purge.gap = 1000000 (custom)
2019-09-19 10:43:27,720 [pool-632-thread-1] INFO  server.RaftServerConfigKeys (ConfUtils.java:logGet(43)) - raft.server.log.appender.buffer.byte-limit = 33554432 (custom)
2019-09-19 10:43:27,720 [pool-632-thread-1] INFO  server.RaftServerConfigKeys (ConfUtils.java:logGet(43)) - raft.server.log.segment.size.max = 1048576 (custom)
2019-09-19 10:43:27,720 [pool-632-thread-1] INFO  server.RaftServerConfigKeys (ConfUtils.java:logGet(43)) - raft.server.log.segment.cache.num.max = 2 (custom)
2019-09-19 10:43:27,720 [pool-632-thread-1] INFO  segmented.SegmentedRaftLogWorker (SegmentedRaftLogWorker.java:<init>(172)) - new bd77eb86-d949-4b39-b9de-a79d79cc61f0-SegmentedRaftLogWorker:Storage Directory /workdir/hadoop-ozone/ozonefs/target/test-dir/MiniOzoneClusterImpl-b710d106-2c58-4a4d-8c07-4cf143589938/datanode-2/data/ratis/4eba7ca6-cda3-40a7-83ff-a51a3bd27ffb for RaftStorage:Storage Directory /workdir/hadoop-ozone/ozonefs/target/test-dir/MiniOzoneClusterImpl-b710d106-2c58-4a4d-8c07-4cf143589938/datanode-2/data/ratis/4eba7ca6-cda3-40a7-83ff-a51a3bd27ffb
2019-09-19 10:43:27,721 [pool-632-thread-1] INFO  server.RaftServerConfigKeys (ConfUtils.java:logGet(43)) - raft.server.log.queue.byte-limit = 2147483647 (custom)
2019-09-19 10:43:27,721 [pool-632-thread-1] INFO  server.RaftServerConfigKeys (ConfUtils.java:logGet(43)) - raft.server.log.queue.element-limit = 1024 (custom)
2019-09-19 10:43:27,721 [pool-632-thread-1] INFO  server.RaftServerConfigKeys (ConfUtils.java:logGet(43)) - raft.server.log.segment.size.max = 1048576 (custom)
2019-09-19 10:43:27,721 [pool-632-thread-1] INFO  server.RaftServerConfigKeys (ConfUtils.java:logGet(43)) - raft.server.log.preallocated.size = 16384 (custom)
2019-09-19 10:43:27,721 [pool-632-thread-1] INFO  server.RaftServerConfigKeys (ConfUtils.java:logGet(43)) - raft.server.log.write.buffer.size = 33554432 (custom)
2019-09-19 10:43:27,721 [pool-632-thread-1] INFO  server.RaftServerConfigKeys (ConfUtils.java:logGet(43)) - raft.server.log.force.sync.num = 128 (default)
2019-09-19 10:43:27,722 [pool-632-thread-1] INFO  server.RaftServerConfigKeys (ConfUtils.java:logGet(43)) - raft.server.log.statemachine.data.sync = true (default)
2019-09-19 10:43:27,722 [pool-632-thread-1] INFO  server.RaftServerConfigKeys (ConfUtils.java:logGet(43)) - raft.server.log.statemachine.data.sync.timeout = 10s (default)
2019-09-19 10:43:27,722 [pool-632-thread-1] INFO  server.RaftServerConfigKeys (ConfUtils.java:logGet(43)) - raft.server.log.statemachine.data.sync.timeout.retry = -1 (default)
2019-09-19 10:43:27,722 [pool-632-thread-1] INFO  server.RaftServerConfigKeys (ConfUtils.java:logGet(43)) - raft.server.log.statemachine.data.caching.enabled = true (custom)
2019-09-19 10:43:27,722 [pool-632-thread-1] INFO  segmented.SegmentedRaftLogWorker (SegmentedRaftLogWorker.java:lambda$new$0(132)) - bd77eb86-d949-4b39-b9de-a79d79cc61f0-SegmentedRaftLogWorker:Storage Directory /workdir/hadoop-ozone/ozonefs/target/test-dir/MiniOzoneClusterImpl-b710d106-2c58-4a4d-8c07-4cf143589938/datanode-2/data/ratis/4eba7ca6-cda3-40a7-83ff-a51a3bd27ffb: flushIndex: setUnconditionally 0 -> -1
2019-09-19 10:43:27,723 [pool-632-thread-1] INFO  server.RaftServerConfigKeys (ConfUtils.java:logGet(43)) - raft.server.snapshot.auto.trigger.enabled = true (custom)
2019-09-19 10:43:27,723 [pool-632-thread-1] INFO  server.RaftServerConfigKeys (ConfUtils.java:logGet(43)) - raft.server.snapshot.auto.trigger.threshold = 10000 (custom)
2019-09-19 10:43:27,723 [pool-632-thread-1] INFO  server.RaftServerConfigKeys (ConfUtils.java:logGet(43)) - raft.server.retrycache.expirytime = 600000ms (custom)
2019-09-19 10:43:27,723 [pool-632-thread-1] INFO  impl.RaftServerImpl (RaftServerImpl.java:start(180)) - bd77eb86-d949-4b39-b9de-a79d79cc61f0: start group-A51A3BD27FFB
2019-09-19 10:43:27,723 [pool-632-thread-1] INFO  impl.RaftServerImpl (RaftServerImpl.java:setRole(171)) - bd77eb86-d949-4b39-b9de-a79d79cc61f0:group-A51A3BD27FFB changes role from null to FOLLOWER at term 0 for startAsFollower
2019-09-19 10:43:27,723 [pool-632-thread-1] INFO  impl.RoleInfo (RoleInfo.java:updateAndGet(143)) - bd77eb86-d949-4b39-b9de-a79d79cc61f0: start FollowerState
2019-09-19 10:43:27,724 [pool-632-thread-1] INFO  util.JmxRegister (JmxRegister.java:tryRegister(44)) - Successfully registered JMX Bean with object name Ratis:service=RaftServer,group=group-A51A3BD27FFB,id=bd77eb86-d949-4b39-b9de-a79d79cc61f0
2019-09-19 10:43:27,728 [RatisPipelineUtilsThread] INFO  pipeline.PipelineStateManager (PipelineStateManager.java:addPipeline(56)) - Created pipeline Pipeline[ Id: 4eba7ca6-cda3-40a7-83ff-a51a3bd27ffb, Nodes: bd77eb86-d949-4b39-b9de-a79d79cc61f0{ip: 192.168.157.204, host: pr-hdds-1569-cpgw4-1311585219, networkLocation: /default-rack, certSerialId: null}, Type:RATIS, Factor:ONE, State:OPEN]
2019-09-19 10:43:27,728 [RatisPipelineUtilsThread] ERROR pipeline.PipelinePlacementPolicy (PipelinePlacementPolicy.java:meetCriteria(91)) - Pipeline Placement: Doesn't meet the criteria to be viable node. Heaviness: 6
2019-09-19 10:43:27,728 [RatisPipelineUtilsThread] ERROR pipeline.PipelinePlacementPolicy (PipelinePlacementPolicy.java:meetCriteria(91)) - Pipeline Placement: Doesn't meet the criteria to be viable node. Heaviness: 6
2019-09-19 10:43:27,735 [grpc-default-executor-0] INFO  impl.RaftServerProxy (RaftServerProxy.java:addNew(89)) - bd77eb86-d949-4b39-b9de-a79d79cc61f0: addNew group-1B2C056C3871:[bd77eb86-d949-4b39-b9de-a79d79cc61f0:192.168.157.204:36361] returns group-1B2C056C3871:java.util.concurrent.CompletableFuture@4e330325[Not completed]
2019-09-19 10:43:27,736 [pool-632-thread-1] INFO  impl.RaftServerImpl (RaftServerImpl.java:<init>(93)) - bd77eb86-d949-4b39-b9de-a79d79cc61f0: new RaftServerImpl for group-1B2C056C3871:[bd77eb86-d949-4b39-b9de-a79d79cc61f0:192.168.157.204:36361] with ContainerStateMachine:uninitialized
2019-09-19 10:43:27,736 [pool-632-thread-1] INFO  server.RaftServerConfigKeys (ConfUtils.java:logGet(43)) - raft.server.rpc.timeout.min = 5s (custom)
2019-09-19 10:43:27,736 [pool-632-thread-1] INFO  server.RaftServerConfigKeys (ConfUtils.java:logGet(43)) - raft.server.rpc.timeout.max = 5200ms (custom)
2019-09-19 10:43:27,736 [pool-632-thread-1] INFO  server.RaftServerConfigKeys (ConfUtils.java:logGet(43)) - raft.server.rpcslowness.timeout = 120s (custom)
2019-09-19 10:43:27,736 [pool-632-thread-1] INFO  server.RaftServerConfigKeys (ConfUtils.java:logGet(43)) - raft.server.sleep.deviation.threshold = 300 (default)
2019-09-19 10:43:27,736 [pool-632-thread-1] INFO  server.RaftServerConfigKeys (ConfUtils.java:logGet(43)) - raft.server.log.appender.install.snapshot.enabled = false (custom)
2019-09-19 10:43:27,736 [pool-632-thread-1] INFO  impl.RaftServerImpl (ServerState.java:<init>(105)) - bd77eb86-d949-4b39-b9de-a79d79cc61f0:group-1B2C056C3871 ConfigurationManager, init=-1: [bd77eb86-d949-4b39-b9de-a79d79cc61f0:192.168.157.204:36361], old=null, confs=<EMPTY_MAP>
2019-09-19 10:43:27,737 [pool-632-thread-1] INFO  server.RaftServerConfigKeys (ConfUtils.java:logGet(43)) - raft.server.storage.dir = [/workdir/hadoop-ozone/ozonefs/target/test-dir/MiniOzoneClusterImpl-b710d106-2c58-4a4d-8c07-4cf143589938/datanode-2/data/ratis] (custom)
2019-09-19 10:43:27,737 [pool-632-thread-1] INFO  storage.RaftStorageDirectory (RaftStorageDirectory.java:analyzeStorage(246)) - The storage directory /workdir/hadoop-ozone/ozonefs/target/test-dir/MiniOzoneClusterImpl-b710d106-2c58-4a4d-8c07-4cf143589938/datanode-2/data/ratis/52c39b1b-40a4-468f-943e-1b2c056c3871 does not exist. Creating ...
2019-09-19 10:43:27,746 [pool-632-thread-1] INFO  storage.RaftStorageDirectory (RaftStorageDirectory.java:tryLock(328)) - Lock on /workdir/hadoop-ozone/ozonefs/target/test-dir/MiniOzoneClusterImpl-b710d106-2c58-4a4d-8c07-4cf143589938/datanode-2/data/ratis/52c39b1b-40a4-468f-943e-1b2c056c3871/in_use.lock acquired by nodename 10573@pr-hdds-1569-cpgw4-1311585219
2019-09-19 10:43:27,759 [pool-632-thread-1] INFO  storage.RaftStorage (RaftStorage.java:format(72)) - Storage directory /workdir/hadoop-ozone/ozonefs/target/test-dir/MiniOzoneClusterImpl-b710d106-2c58-4a4d-8c07-4cf143589938/datanode-2/data/ratis/52c39b1b-40a4-468f-943e-1b2c056c3871 has been successfully formatted.
2019-09-19 10:43:27,760 [pool-632-thread-1] INFO  ratis.ContainerStateMachine (ContainerStateMachine.java:loadSnapshot(226)) - group-1B2C056C3871: The snapshot info is null. Setting the last applied indexto:(t:0, i:~)
2019-09-19 10:43:27,760 [pool-632-thread-1] INFO  server.RaftServerConfigKeys (ConfUtils.java:logGet(43)) - raft.server.leader.election.timeout = 120s (custom)
2019-09-19 10:43:27,760 [pool-632-thread-1] INFO  server.RaftServerConfigKeys (ConfUtils.java:logGet(43)) - raft.server.log.use.memory = false (default)
2019-09-19 10:43:27,760 [pool-632-thread-1] INFO  server.RaftServerConfigKeys (ConfUtils.java:logGet(43)) - raft.server.log.purge.gap = 1000000 (custom)
2019-09-19 10:43:27,760 [pool-632-thread-1] INFO  server.RaftServerConfigKeys (ConfUtils.java:logGet(43)) - raft.server.log.appender.buffer.byte-limit = 33554432 (custom)
2019-09-19 10:43:27,760 [pool-632-thread-1] INFO  server.RaftServerConfigKeys (ConfUtils.java:logGet(43)) - raft.server.log.segment.size.max = 1048576 (custom)
2019-09-19 10:43:27,760 [pool-632-thread-1] INFO  server.RaftServerConfigKeys (ConfUtils.java:logGet(43)) - raft.server.log.segment.cache.num.max = 2 (custom)
2019-09-19 10:43:27,761 [pool-632-thread-1] INFO  segmented.SegmentedRaftLogWorker (SegmentedRaftLogWorker.java:<init>(172)) - new bd77eb86-d949-4b39-b9de-a79d79cc61f0-SegmentedRaftLogWorker:Storage Directory /workdir/hadoop-ozone/ozonefs/target/test-dir/MiniOzoneClusterImpl-b710d106-2c58-4a4d-8c07-4cf143589938/datanode-2/data/ratis/52c39b1b-40a4-468f-943e-1b2c056c3871 for RaftStorage:Storage Directory /workdir/hadoop-ozone/ozonefs/target/test-dir/MiniOzoneClusterImpl-b710d106-2c58-4a4d-8c07-4cf143589938/datanode-2/data/ratis/52c39b1b-40a4-468f-943e-1b2c056c3871
2019-09-19 10:43:27,761 [pool-632-thread-1] INFO  server.RaftServerConfigKeys (ConfUtils.java:logGet(43)) - raft.server.log.queue.byte-limit = 2147483647 (custom)
2019-09-19 10:43:27,761 [pool-632-thread-1] INFO  server.RaftServerConfigKeys (ConfUtils.java:logGet(43)) - raft.server.log.queue.element-limit = 1024 (custom)
2019-09-19 10:43:27,761 [pool-632-thread-1] INFO  server.RaftServerConfigKeys (ConfUtils.java:logGet(43)) - raft.server.log.segment.size.max = 1048576 (custom)
2019-09-19 10:43:27,761 [pool-632-thread-1] INFO  server.RaftServerConfigKeys (ConfUtils.java:logGet(43)) - raft.server.log.preallocated.size = 16384 (custom)
2019-09-19 10:43:27,761 [pool-632-thread-1] INFO  server.RaftServerConfigKeys (ConfUtils.java:logGet(43)) - raft.server.log.write.buffer.size = 33554432 (custom)
2019-09-19 10:43:27,761 [pool-632-thread-1] INFO  server.RaftServerConfigKeys (ConfUtils.java:logGet(43)) - raft.server.log.force.sync.num = 128 (default)
2019-09-19 10:43:27,762 [pool-632-thread-1] INFO  server.RaftServerConfigKeys (ConfUtils.java:logGet(43)) - raft.server.log.statemachine.data.sync = true (default)
2019-09-19 10:43:27,762 [pool-632-thread-1] INFO  server.RaftServerConfigKeys (ConfUtils.java:logGet(43)) - raft.server.log.statemachine.data.sync.timeout = 10s (default)
2019-09-19 10:43:27,762 [pool-632-thread-1] INFO  server.RaftServerConfigKeys (ConfUtils.java:logGet(43)) - raft.server.log.statemachine.data.sync.timeout.retry = -1 (default)
2019-09-19 10:43:27,762 [pool-632-thread-1] INFO  server.RaftServerConfigKeys (ConfUtils.java:logGet(43)) - raft.server.log.statemachine.data.caching.enabled = true (custom)
2019-09-19 10:43:27,762 [pool-632-thread-1] INFO  segmented.SegmentedRaftLogWorker (SegmentedRaftLogWorker.java:lambda$new$0(132)) - bd77eb86-d949-4b39-b9de-a79d79cc61f0-SegmentedRaftLogWorker:Storage Directory /workdir/hadoop-ozone/ozonefs/target/test-dir/MiniOzoneClusterImpl-b710d106-2c58-4a4d-8c07-4cf143589938/datanode-2/data/ratis/52c39b1b-40a4-468f-943e-1b2c056c3871: flushIndex: setUnconditionally 0 -> -1
2019-09-19 10:43:27,763 [pool-632-thread-1] INFO  server.RaftServerConfigKeys (ConfUtils.java:logGet(43)) - raft.server.snapshot.auto.trigger.enabled = true (custom)
2019-09-19 10:43:27,763 [pool-632-thread-1] INFO  server.RaftServerConfigKeys (ConfUtils.java:logGet(43)) - raft.server.snapshot.auto.trigger.threshold = 10000 (custom)
2019-09-19 10:43:27,763 [pool-632-thread-1] INFO  server.RaftServerConfigKeys (ConfUtils.java:logGet(43)) - raft.server.retrycache.expirytime = 600000ms (custom)
2019-09-19 10:43:27,763 [pool-632-thread-1] INFO  impl.RaftServerImpl (RaftServerImpl.java:start(180)) - bd77eb86-d949-4b39-b9de-a79d79cc61f0: start group-1B2C056C3871
2019-09-19 10:43:27,763 [pool-632-thread-1] INFO  impl.RaftServerImpl (RaftServerImpl.java:setRole(171)) - bd77eb86-d949-4b39-b9de-a79d79cc61f0:group-1B2C056C3871 changes role from null to FOLLOWER at term 0 for startAsFollower
2019-09-19 10:43:27,763 [pool-632-thread-1] INFO  impl.RoleInfo (RoleInfo.java:updateAndGet(143)) - bd77eb86-d949-4b39-b9de-a79d79cc61f0: start FollowerState
2019-09-19 10:43:27,764 [pool-632-thread-1] INFO  util.JmxRegister (JmxRegister.java:tryRegister(44)) - Successfully registered JMX Bean with object name Ratis:service=RaftServer,group=group-1B2C056C3871,id=bd77eb86-d949-4b39-b9de-a79d79cc61f0
2019-09-19 10:43:27,767 [RatisPipelineUtilsThread] INFO  pipeline.PipelineStateManager (PipelineStateManager.java:addPipeline(56)) - Created pipeline Pipeline[ Id: 52c39b1b-40a4-468f-943e-1b2c056c3871, Nodes: bd77eb86-d949-4b39-b9de-a79d79cc61f0{ip: 192.168.157.204, host: pr-hdds-1569-cpgw4-1311585219, networkLocation: /default-rack, certSerialId: null}, Type:RATIS, Factor:ONE, State:OPEN]
2019-09-19 10:43:27,768 [RatisPipelineUtilsThread] ERROR pipeline.PipelinePlacementPolicy (PipelinePlacementPolicy.java:meetCriteria(91)) - Pipeline Placement: Doesn't meet the criteria to be viable node. Heaviness: 6
2019-09-19 10:43:27,768 [RatisPipelineUtilsThread] ERROR pipeline.PipelinePlacementPolicy (PipelinePlacementPolicy.java:meetCriteria(91)) - Pipeline Placement: Doesn't meet the criteria to be viable node. Heaviness: 6
2019-09-19 10:43:27,777 [grpc-default-executor-0] INFO  impl.RaftServerProxy (RaftServerProxy.java:addNew(89)) - bd77eb86-d949-4b39-b9de-a79d79cc61f0: addNew group-21AFABF4BA9C:[bd77eb86-d949-4b39-b9de-a79d79cc61f0:192.168.157.204:36361] returns group-21AFABF4BA9C:java.util.concurrent.CompletableFuture@202a7ce6[Not completed]
2019-09-19 10:43:27,778 [pool-632-thread-1] INFO  impl.RaftServerImpl (RaftServerImpl.java:<init>(93)) - bd77eb86-d949-4b39-b9de-a79d79cc61f0: new RaftServerImpl for group-21AFABF4BA9C:[bd77eb86-d949-4b39-b9de-a79d79cc61f0:192.168.157.204:36361] with ContainerStateMachine:uninitialized
2019-09-19 10:43:27,778 [pool-632-thread-1] INFO  server.RaftServerConfigKeys (ConfUtils.java:logGet(43)) - raft.server.rpc.timeout.min = 5s (custom)
2019-09-19 10:43:27,778 [pool-632-thread-1] INFO  server.RaftServerConfigKeys (ConfUtils.java:logGet(43)) - raft.server.rpc.timeout.max = 5200ms (custom)
2019-09-19 10:43:27,778 [pool-632-thread-1] INFO  server.RaftServerConfigKeys (ConfUtils.java:logGet(43)) - raft.server.rpcslowness.timeout = 120s (custom)
2019-09-19 10:43:27,778 [pool-632-thread-1] INFO  server.RaftServerConfigKeys (ConfUtils.java:logGet(43)) - raft.server.sleep.deviation.threshold = 300 (default)
2019-09-19 10:43:27,778 [pool-632-thread-1] INFO  server.RaftServerConfigKeys (ConfUtils.java:logGet(43)) - raft.server.log.appender.install.snapshot.enabled = false (custom)
2019-09-19 10:43:27,778 [pool-632-thread-1] INFO  impl.RaftServerImpl (ServerState.java:<init>(105)) - bd77eb86-d949-4b39-b9de-a79d79cc61f0:group-21AFABF4BA9C ConfigurationManager, init=-1: [bd77eb86-d949-4b39-b9de-a79d79cc61f0:192.168.157.204:36361], old=null, confs=<EMPTY_MAP>
2019-09-19 10:43:27,779 [pool-632-thread-1] INFO  server.RaftServerConfigKeys (ConfUtils.java:logGet(43)) - raft.server.storage.dir = [/workdir/hadoop-ozone/ozonefs/target/test-dir/MiniOzoneClusterImpl-b710d106-2c58-4a4d-8c07-4cf143589938/datanode-2/data/ratis] (custom)
2019-09-19 10:43:27,779 [pool-632-thread-1] INFO  storage.RaftStorageDirectory (RaftStorageDirectory.java:analyzeStorage(246)) - The storage directory /workdir/hadoop-ozone/ozonefs/target/test-dir/MiniOzoneClusterImpl-b710d106-2c58-4a4d-8c07-4cf143589938/datanode-2/data/ratis/56ec8361-3ef3-4e67-9e29-21afabf4ba9c does not exist. Creating ...
2019-09-19 10:43:27,791 [pool-632-thread-1] INFO  storage.RaftStorageDirectory (RaftStorageDirectory.java:tryLock(328)) - Lock on /workdir/hadoop-ozone/ozonefs/target/test-dir/MiniOzoneClusterImpl-b710d106-2c58-4a4d-8c07-4cf143589938/datanode-2/data/ratis/56ec8361-3ef3-4e67-9e29-21afabf4ba9c/in_use.lock acquired by nodename 10573@pr-hdds-1569-cpgw4-1311585219
2019-09-19 10:43:27,804 [pool-632-thread-1] INFO  storage.RaftStorage (RaftStorage.java:format(72)) - Storage directory /workdir/hadoop-ozone/ozonefs/target/test-dir/MiniOzoneClusterImpl-b710d106-2c58-4a4d-8c07-4cf143589938/datanode-2/data/ratis/56ec8361-3ef3-4e67-9e29-21afabf4ba9c has been successfully formatted.
2019-09-19 10:43:27,804 [pool-632-thread-1] INFO  ratis.ContainerStateMachine (ContainerStateMachine.java:loadSnapshot(226)) - group-21AFABF4BA9C: The snapshot info is null. Setting the last applied indexto:(t:0, i:~)
2019-09-19 10:43:27,804 [pool-632-thread-1] INFO  server.RaftServerConfigKeys (ConfUtils.java:logGet(43)) - raft.server.leader.election.timeout = 120s (custom)
2019-09-19 10:43:27,804 [pool-632-thread-1] INFO  server.RaftServerConfigKeys (ConfUtils.java:logGet(43)) - raft.server.log.use.memory = false (default)
2019-09-19 10:43:27,805 [pool-632-thread-1] INFO  server.RaftServerConfigKeys (ConfUtils.java:logGet(43)) - raft.server.log.purge.gap = 1000000 (custom)
2019-09-19 10:43:27,805 [pool-632-thread-1] INFO  server.RaftServerConfigKeys (ConfUtils.java:logGet(43)) - raft.server.log.appender.buffer.byte-limit = 33554432 (custom)
2019-09-19 10:43:27,805 [pool-632-thread-1] INFO  server.RaftServerConfigKeys (ConfUtils.java:logGet(43)) - raft.server.log.segment.size.max = 1048576 (custom)
2019-09-19 10:43:27,805 [pool-632-thread-1] INFO  server.RaftServerConfigKeys (ConfUtils.java:logGet(43)) - raft.server.log.segment.cache.num.max = 2 (custom)
2019-09-19 10:43:27,805 [pool-632-thread-1] INFO  segmented.SegmentedRaftLogWorker (SegmentedRaftLogWorker.java:<init>(172)) - new bd77eb86-d949-4b39-b9de-a79d79cc61f0-SegmentedRaftLogWorker:Storage Directory /workdir/hadoop-ozone/ozonefs/target/test-dir/MiniOzoneClusterImpl-b710d106-2c58-4a4d-8c07-4cf143589938/datanode-2/data/ratis/56ec8361-3ef3-4e67-9e29-21afabf4ba9c for RaftStorage:Storage Directory /workdir/hadoop-ozone/ozonefs/target/test-dir/MiniOzoneClusterImpl-b710d106-2c58-4a4d-8c07-4cf143589938/datanode-2/data/ratis/56ec8361-3ef3-4e67-9e29-21afabf4ba9c
2019-09-19 10:43:27,805 [pool-632-thread-1] INFO  server.RaftServerConfigKeys (ConfUtils.java:logGet(43)) - raft.server.log.queue.byte-limit = 2147483647 (custom)
2019-09-19 10:43:27,806 [pool-632-thread-1] INFO  server.RaftServerConfigKeys (ConfUtils.java:logGet(43)) - raft.server.log.queue.element-limit = 1024 (custom)
2019-09-19 10:43:27,806 [pool-632-thread-1] INFO  server.RaftServerConfigKeys (ConfUtils.java:logGet(43)) - raft.server.log.segment.size.max = 1048576 (custom)
2019-09-19 10:43:27,806 [pool-632-thread-1] INFO  server.RaftServerConfigKeys (ConfUtils.java:logGet(43)) - raft.server.log.preallocated.size = 16384 (custom)
2019-09-19 10:43:27,806 [pool-632-thread-1] INFO  server.RaftServerConfigKeys (ConfUtils.java:logGet(43)) - raft.server.log.write.buffer.size = 33554432 (custom)
2019-09-19 10:43:27,806 [pool-632-thread-1] INFO  server.RaftServerConfigKeys (ConfUtils.java:logGet(43)) - raft.server.log.force.sync.num = 128 (default)
2019-09-19 10:43:27,806 [pool-632-thread-1] INFO  server.RaftServerConfigKeys (ConfUtils.java:logGet(43)) - raft.server.log.statemachine.data.sync = true (default)
2019-09-19 10:43:27,806 [pool-632-thread-1] INFO  server.RaftServerConfigKeys (ConfUtils.java:logGet(43)) - raft.server.log.statemachine.data.sync.timeout = 10s (default)
2019-09-19 10:43:27,806 [pool-632-thread-1] INFO  server.RaftServerConfigKeys (ConfUtils.java:logGet(43)) - raft.server.log.statemachine.data.sync.timeout.retry = -1 (default)
2019-09-19 10:43:27,807 [pool-632-thread-1] INFO  server.RaftServerConfigKeys (ConfUtils.java:logGet(43)) - raft.server.log.statemachine.data.caching.enabled = true (custom)
2019-09-19 10:43:27,807 [pool-632-thread-1] INFO  segmented.SegmentedRaftLogWorker (SegmentedRaftLogWorker.java:lambda$new$0(132)) - bd77eb86-d949-4b39-b9de-a79d79cc61f0-SegmentedRaftLogWorker:Storage Directory /workdir/hadoop-ozone/ozonefs/target/test-dir/MiniOzoneClusterImpl-b710d106-2c58-4a4d-8c07-4cf143589938/datanode-2/data/ratis/56ec8361-3ef3-4e67-9e29-21afabf4ba9c: flushIndex: setUnconditionally 0 -> -1
2019-09-19 10:43:27,807 [pool-632-thread-1] INFO  server.RaftServerConfigKeys (ConfUtils.java:logGet(43)) - raft.server.snapshot.auto.trigger.enabled = true (custom)
2019-09-19 10:43:27,807 [pool-632-thread-1] INFO  server.RaftServerConfigKeys (ConfUtils.java:logGet(43)) - raft.server.snapshot.auto.trigger.threshold = 10000 (custom)
2019-09-19 10:43:27,807 [pool-632-thread-1] INFO  server.RaftServerConfigKeys (ConfUtils.java:logGet(43)) - raft.server.retrycache.expirytime = 600000ms (custom)
2019-09-19 10:43:27,808 [pool-632-thread-1] INFO  impl.RaftServerImpl (RaftServerImpl.java:start(180)) - bd77eb86-d949-4b39-b9de-a79d79cc61f0: start group-21AFABF4BA9C
2019-09-19 10:43:27,808 [pool-632-thread-1] INFO  impl.RaftServerImpl (RaftServerImpl.java:setRole(171)) - bd77eb86-d949-4b39-b9de-a79d79cc61f0:group-21AFABF4BA9C changes role from null to FOLLOWER at term 0 for startAsFollower
2019-09-19 10:43:27,808 [pool-632-thread-1] INFO  impl.RoleInfo (RoleInfo.java:updateAndGet(143)) - bd77eb86-d949-4b39-b9de-a79d79cc61f0: start FollowerState
2019-09-19 10:43:27,808 [pool-632-thread-1] INFO  util.JmxRegister (JmxRegister.java:tryRegister(44)) - Successfully registered JMX Bean with object name Ratis:service=RaftServer,group=group-21AFABF4BA9C,id=bd77eb86-d949-4b39-b9de-a79d79cc61f0
2019-09-19 10:43:27,812 [RatisPipelineUtilsThread] INFO  pipeline.PipelineStateManager (PipelineStateManager.java:addPipeline(56)) - Created pipeline Pipeline[ Id: 56ec8361-3ef3-4e67-9e29-21afabf4ba9c, Nodes: bd77eb86-d949-4b39-b9de-a79d79cc61f0{ip: 192.168.157.204, host: pr-hdds-1569-cpgw4-1311585219, networkLocation: /default-rack, certSerialId: null}, Type:RATIS, Factor:ONE, State:OPEN]
2019-09-19 10:43:27,812 [RatisPipelineUtilsThread] ERROR pipeline.PipelinePlacementPolicy (PipelinePlacementPolicy.java:meetCriteria(91)) - Pipeline Placement: Doesn't meet the criteria to be viable node. Heaviness: 6
2019-09-19 10:43:27,812 [RatisPipelineUtilsThread] ERROR pipeline.PipelinePlacementPolicy (PipelinePlacementPolicy.java:meetCriteria(91)) - Pipeline Placement: Doesn't meet the criteria to be viable node. Heaviness: 6
2019-09-19 10:43:27,819 [grpc-default-executor-0] INFO  impl.RaftServerProxy (RaftServerProxy.java:addNew(89)) - bd77eb86-d949-4b39-b9de-a79d79cc61f0: addNew group-B0853C7630E8:[bd77eb86-d949-4b39-b9de-a79d79cc61f0:192.168.157.204:36361] returns group-B0853C7630E8:java.util.concurrent.CompletableFuture@10588b92[Not completed]
2019-09-19 10:43:27,820 [pool-632-thread-1] INFO  impl.RaftServerImpl (RaftServerImpl.java:<init>(93)) - bd77eb86-d949-4b39-b9de-a79d79cc61f0: new RaftServerImpl for group-B0853C7630E8:[bd77eb86-d949-4b39-b9de-a79d79cc61f0:192.168.157.204:36361] with ContainerStateMachine:uninitialized
2019-09-19 10:43:27,820 [pool-632-thread-1] INFO  server.RaftServerConfigKeys (ConfUtils.java:logGet(43)) - raft.server.rpc.timeout.min = 5s (custom)
2019-09-19 10:43:27,820 [pool-632-thread-1] INFO  server.RaftServerConfigKeys (ConfUtils.java:logGet(43)) - raft.server.rpc.timeout.max = 5200ms (custom)
2019-09-19 10:43:27,820 [pool-632-thread-1] INFO  server.RaftServerConfigKeys (ConfUtils.java:logGet(43)) - raft.server.rpcslowness.timeout = 120s (custom)
2019-09-19 10:43:27,820 [pool-632-thread-1] INFO  server.RaftServerConfigKeys (ConfUtils.java:logGet(43)) - raft.server.sleep.deviation.threshold = 300 (default)
2019-09-19 10:43:27,821 [pool-632-thread-1] INFO  server.RaftServerConfigKeys (ConfUtils.java:logGet(43)) - raft.server.log.appender.install.snapshot.enabled = false (custom)
2019-09-19 10:43:27,821 [pool-632-thread-1] INFO  impl.RaftServerImpl (ServerState.java:<init>(105)) - bd77eb86-d949-4b39-b9de-a79d79cc61f0:group-B0853C7630E8 ConfigurationManager, init=-1: [bd77eb86-d949-4b39-b9de-a79d79cc61f0:192.168.157.204:36361], old=null, confs=<EMPTY_MAP>
2019-09-19 10:43:27,821 [pool-632-thread-1] INFO  server.RaftServerConfigKeys (ConfUtils.java:logGet(43)) - raft.server.storage.dir = [/workdir/hadoop-ozone/ozonefs/target/test-dir/MiniOzoneClusterImpl-b710d106-2c58-4a4d-8c07-4cf143589938/datanode-2/data/ratis] (custom)
2019-09-19 10:43:27,821 [pool-632-thread-1] INFO  storage.RaftStorageDirectory (RaftStorageDirectory.java:analyzeStorage(246)) - The storage directory /workdir/hadoop-ozone/ozonefs/target/test-dir/MiniOzoneClusterImpl-b710d106-2c58-4a4d-8c07-4cf143589938/datanode-2/data/ratis/f4e69e6b-a42e-47c0-9144-b0853c7630e8 does not exist. Creating ...
2019-09-19 10:43:27,827 [pool-632-thread-1] INFO  storage.RaftStorageDirectory (RaftStorageDirectory.java:tryLock(328)) - Lock on /workdir/hadoop-ozone/ozonefs/target/test-dir/MiniOzoneClusterImpl-b710d106-2c58-4a4d-8c07-4cf143589938/datanode-2/data/ratis/f4e69e6b-a42e-47c0-9144-b0853c7630e8/in_use.lock acquired by nodename 10573@pr-hdds-1569-cpgw4-1311585219
2019-09-19 10:43:27,840 [pool-632-thread-1] INFO  storage.RaftStorage (RaftStorage.java:format(72)) - Storage directory /workdir/hadoop-ozone/ozonefs/target/test-dir/MiniOzoneClusterImpl-b710d106-2c58-4a4d-8c07-4cf143589938/datanode-2/data/ratis/f4e69e6b-a42e-47c0-9144-b0853c7630e8 has been successfully formatted.
2019-09-19 10:43:27,840 [pool-632-thread-1] INFO  ratis.ContainerStateMachine (ContainerStateMachine.java:loadSnapshot(226)) - group-B0853C7630E8: The snapshot info is null. Setting the last applied indexto:(t:0, i:~)
2019-09-19 10:43:27,841 [pool-632-thread-1] INFO  server.RaftServerConfigKeys (ConfUtils.java:logGet(43)) - raft.server.leader.election.timeout = 120s (custom)
2019-09-19 10:43:27,841 [pool-632-thread-1] INFO  server.RaftServerConfigKeys (ConfUtils.java:logGet(43)) - raft.server.log.use.memory = false (default)
2019-09-19 10:43:27,841 [pool-632-thread-1] INFO  server.RaftServerConfigKeys (ConfUtils.java:logGet(43)) - raft.server.log.purge.gap = 1000000 (custom)
2019-09-19 10:43:27,841 [pool-632-thread-1] INFO  server.RaftServerConfigKeys (ConfUtils.java:logGet(43)) - raft.server.log.appender.buffer.byte-limit = 33554432 (custom)
2019-09-19 10:43:27,841 [pool-632-thread-1] INFO  server.RaftServerConfigKeys (ConfUtils.java:logGet(43)) - raft.server.log.segment.size.max = 1048576 (custom)
2019-09-19 10:43:27,841 [pool-632-thread-1] INFO  server.RaftServerConfigKeys (ConfUtils.java:logGet(43)) - raft.server.log.segment.cache.num.max = 2 (custom)
2019-09-19 10:43:27,841 [pool-632-thread-1] INFO  segmented.SegmentedRaftLogWorker (SegmentedRaftLogWorker.java:<init>(172)) - new bd77eb86-d949-4b39-b9de-a79d79cc61f0-SegmentedRaftLogWorker:Storage Directory /workdir/hadoop-ozone/ozonefs/target/test-dir/MiniOzoneClusterImpl-b710d106-2c58-4a4d-8c07-4cf143589938/datanode-2/data/ratis/f4e69e6b-a42e-47c0-9144-b0853c7630e8 for RaftStorage:Storage Directory /workdir/hadoop-ozone/ozonefs/target/test-dir/MiniOzoneClusterImpl-b710d106-2c58-4a4d-8c07-4cf143589938/datanode-2/data/ratis/f4e69e6b-a42e-47c0-9144-b0853c7630e8
2019-09-19 10:43:27,842 [pool-632-thread-1] INFO  server.RaftServerConfigKeys (ConfUtils.java:logGet(43)) - raft.server.log.queue.byte-limit = 2147483647 (custom)
2019-09-19 10:43:27,842 [pool-632-thread-1] INFO  server.RaftServerConfigKeys (ConfUtils.java:logGet(43)) - raft.server.log.queue.element-limit = 1024 (custom)
2019-09-19 10:43:27,842 [pool-632-thread-1] INFO  server.RaftServerConfigKeys (ConfUtils.java:logGet(43)) - raft.server.log.segment.size.max = 1048576 (custom)
2019-09-19 10:43:27,842 [pool-632-thread-1] INFO  server.RaftServerConfigKeys (ConfUtils.java:logGet(43)) - raft.server.log.preallocated.size = 16384 (custom)
2019-09-19 10:43:27,842 [pool-632-thread-1] INFO  server.RaftServerConfigKeys (ConfUtils.java:logGet(43)) - raft.server.log.write.buffer.size = 33554432 (custom)
2019-09-19 10:43:27,842 [pool-632-thread-1] INFO  server.RaftServerConfigKeys (ConfUtils.java:logGet(43)) - raft.server.log.force.sync.num = 128 (default)
2019-09-19 10:43:27,842 [pool-632-thread-1] INFO  server.RaftServerConfigKeys (ConfUtils.java:logGet(43)) - raft.server.log.statemachine.data.sync = true (default)
2019-09-19 10:43:27,843 [pool-632-thread-1] INFO  server.RaftServerConfigKeys (ConfUtils.java:logGet(43)) - raft.server.log.statemachine.data.sync.timeout = 10s (default)
2019-09-19 10:43:27,843 [pool-632-thread-1] INFO  server.RaftServerConfigKeys (ConfUtils.java:logGet(43)) - raft.server.log.statemachine.data.sync.timeout.retry = -1 (default)
2019-09-19 10:43:27,843 [pool-632-thread-1] INFO  server.RaftServerConfigKeys (ConfUtils.java:logGet(43)) - raft.server.log.statemachine.data.caching.enabled = true (custom)
2019-09-19 10:43:27,843 [pool-632-thread-1] INFO  segmented.SegmentedRaftLogWorker (SegmentedRaftLogWorker.java:lambda$new$0(132)) - bd77eb86-d949-4b39-b9de-a79d79cc61f0-SegmentedRaftLogWorker:Storage Directory /workdir/hadoop-ozone/ozonefs/target/test-dir/MiniOzoneClusterImpl-b710d106-2c58-4a4d-8c07-4cf143589938/datanode-2/data/ratis/f4e69e6b-a42e-47c0-9144-b0853c7630e8: flushIndex: setUnconditionally 0 -> -1
2019-09-19 10:43:27,844 [pool-632-thread-1] INFO  server.RaftServerConfigKeys (ConfUtils.java:logGet(43)) - raft.server.snapshot.auto.trigger.enabled = true (custom)
2019-09-19 10:43:27,844 [pool-632-thread-1] INFO  server.RaftServerConfigKeys (ConfUtils.java:logGet(43)) - raft.server.snapshot.auto.trigger.threshold = 10000 (custom)
2019-09-19 10:43:27,844 [pool-632-thread-1] INFO  server.RaftServerConfigKeys (ConfUtils.java:logGet(43)) - raft.server.retrycache.expirytime = 600000ms (custom)
2019-09-19 10:43:27,844 [pool-632-thread-1] INFO  impl.RaftServerImpl (RaftServerImpl.java:start(180)) - bd77eb86-d949-4b39-b9de-a79d79cc61f0: start group-B0853C7630E8
2019-09-19 10:43:27,844 [pool-632-thread-1] INFO  impl.RaftServerImpl (RaftServerImpl.java:setRole(171)) - bd77eb86-d949-4b39-b9de-a79d79cc61f0:group-B0853C7630E8 changes role from null to FOLLOWER at term 0 for startAsFollower
2019-09-19 10:43:27,844 [pool-632-thread-1] INFO  impl.RoleInfo (RoleInfo.java:updateAndGet(143)) - bd77eb86-d949-4b39-b9de-a79d79cc61f0: start FollowerState
2019-09-19 10:43:27,845 [pool-632-thread-1] INFO  util.JmxRegister (JmxRegister.java:tryRegister(44)) - Successfully registered JMX Bean with object name Ratis:service=RaftServer,group=group-B0853C7630E8,id=bd77eb86-d949-4b39-b9de-a79d79cc61f0
2019-09-19 10:43:27,849 [RatisPipelineUtilsThread] INFO  pipeline.PipelineStateManager (PipelineStateManager.java:addPipeline(56)) - Created pipeline Pipeline[ Id: f4e69e6b-a42e-47c0-9144-b0853c7630e8, Nodes: bd77eb86-d949-4b39-b9de-a79d79cc61f0{ip: 192.168.157.204, host: pr-hdds-1569-cpgw4-1311585219, networkLocation: /default-rack, certSerialId: null}, Type:RATIS, Factor:ONE, State:OPEN]
2019-09-19 10:43:27,849 [RatisPipelineUtilsThread] ERROR pipeline.PipelinePlacementPolicy (PipelinePlacementPolicy.java:meetCriteria(91)) - Pipeline Placement: Doesn't meet the criteria to be viable node. Heaviness: 6
2019-09-19 10:43:27,849 [RatisPipelineUtilsThread] ERROR pipeline.PipelinePlacementPolicy (PipelinePlacementPolicy.java:meetCriteria(91)) - Pipeline Placement: Doesn't meet the criteria to be viable node. Heaviness: 6
2019-09-19 10:43:27,849 [RatisPipelineUtilsThread] ERROR pipeline.PipelinePlacementPolicy (PipelinePlacementPolicy.java:meetCriteria(91)) - Pipeline Placement: Doesn't meet the criteria to be viable node. Heaviness: 6
2019-09-19 10:43:27,850 [RatisPipelineUtilsThread] ERROR pipeline.PipelinePlacementPolicy (PipelinePlacementPolicy.java:filterViableNodes(146)) - Unable to find enough nodes that meet the criteria that cannot engage in more than 5 pipelines. Nodes required: 1 Found: 0, healthy nodes count inNodeManager: 3.
2019-09-19 10:43:27,850 [RatisPipelineUtilsThread] ERROR pipeline.SCMPipelineManager (SCMPipelineManager.java:createPipeline(161)) - Pipeline creation failed due to exception: Unable to find enough nodes that meet the criteria that cannot engage in more than 5 pipelines. Nodes required: 1 Found: 0, healthy nodes count inNodeManager: 3.
2019-09-19 10:43:27,850 [RatisPipelineUtilsThread] ERROR pipeline.PipelinePlacementPolicy (PipelinePlacementPolicy.java:meetCriteria(91)) - Pipeline Placement: Doesn't meet the criteria to be viable node. Heaviness: 6
2019-09-19 10:43:27,850 [RatisPipelineUtilsThread] ERROR pipeline.PipelinePlacementPolicy (PipelinePlacementPolicy.java:meetCriteria(91)) - Pipeline Placement: Doesn't meet the criteria to be viable node. Heaviness: 6
2019-09-19 10:43:27,850 [RatisPipelineUtilsThread] ERROR pipeline.PipelinePlacementPolicy (PipelinePlacementPolicy.java:meetCriteria(91)) - Pipeline Placement: Doesn't meet the criteria to be viable node. Heaviness: 6
2019-09-19 10:43:27,851 [RatisPipelineUtilsThread] ERROR pipeline.PipelinePlacementPolicy (PipelinePlacementPolicy.java:filterViableNodes(146)) - Unable to find enough nodes that meet the criteria that cannot engage in more than 5 pipelines. Nodes required: 3 Found: 0, healthy nodes count inNodeManager: 3.
2019-09-19 10:43:27,851 [RatisPipelineUtilsThread] ERROR pipeline.SCMPipelineManager (SCMPipelineManager.java:createPipeline(161)) - Pipeline creation failed due to exception: Unable to find enough nodes that meet the criteria that cannot engage in more than 5 pipelines. Nodes required: 3 Found: 0, healthy nodes count inNodeManager: 3.
2019-09-19 10:43:27,851 [RatisPipelineUtilsThread] ERROR pipeline.PipelinePlacementPolicy (PipelinePlacementPolicy.java:meetCriteria(91)) - Pipeline Placement: Doesn't meet the criteria to be viable node. Heaviness: 6
2019-09-19 10:43:27,851 [RatisPipelineUtilsThread] ERROR pipeline.PipelinePlacementPolicy (PipelinePlacementPolicy.java:meetCriteria(91)) - Pipeline Placement: Doesn't meet the criteria to be viable node. Heaviness: 6
2019-09-19 10:43:27,851 [RatisPipelineUtilsThread] ERROR pipeline.PipelinePlacementPolicy (PipelinePlacementPolicy.java:meetCriteria(91)) - Pipeline Placement: Doesn't meet the criteria to be viable node. Heaviness: 6
2019-09-19 10:43:27,851 [RatisPipelineUtilsThread] ERROR pipeline.PipelinePlacementPolicy (PipelinePlacementPolicy.java:filterViableNodes(146)) - Unable to find enough nodes that meet the criteria that cannot engage in more than 5 pipelines. Nodes required: 1 Found: 0, healthy nodes count inNodeManager: 3.
2019-09-19 10:43:27,852 [RatisPipelineUtilsThread] ERROR pipeline.SCMPipelineManager (SCMPipelineManager.java:createPipeline(161)) - Pipeline creation failed due to exception: Unable to find enough nodes that meet the criteria that cannot engage in more than 5 pipelines. Nodes required: 1 Found: 0, healthy nodes count inNodeManager: 3.
2019-09-19 10:43:27,852 [RatisPipelineUtilsThread] ERROR pipeline.PipelinePlacementPolicy (PipelinePlacementPolicy.java:meetCriteria(91)) - Pipeline Placement: Doesn't meet the criteria to be viable node. Heaviness: 6
2019-09-19 10:43:27,852 [RatisPipelineUtilsThread] ERROR pipeline.PipelinePlacementPolicy (PipelinePlacementPolicy.java:meetCriteria(91)) - Pipeline Placement: Doesn't meet the criteria to be viable node. Heaviness: 6
2019-09-19 10:43:27,852 [RatisPipelineUtilsThread] ERROR pipeline.PipelinePlacementPolicy (PipelinePlacementPolicy.java:meetCriteria(91)) - Pipeline Placement: Doesn't meet the criteria to be viable node. Heaviness: 6
2019-09-19 10:43:27,852 [RatisPipelineUtilsThread] ERROR pipeline.PipelinePlacementPolicy (PipelinePlacementPolicy.java:filterViableNodes(146)) - Unable to find enough nodes that meet the criteria that cannot engage in more than 5 pipelines. Nodes required: 3 Found: 0, healthy nodes count inNodeManager: 3.
2019-09-19 10:43:27,852 [RatisPipelineUtilsThread] ERROR pipeline.SCMPipelineManager (SCMPipelineManager.java:createPipeline(161)) - Pipeline creation failed due to exception: Unable to find enough nodes that meet the criteria that cannot engage in more than 5 pipelines. Nodes required: 3 Found: 0, healthy nodes count inNodeManager: 3.
2019-09-19 10:43:28,416 [main] INFO  ozone.MiniOzoneClusterImpl (MiniOzoneClusterImpl.java:lambda$waitForClusterToBeReady$0(142)) - Cluster is ready. Got 3 of 3 DN Heartbeats.
2019-09-19 10:43:28,561 | INFO  | OMAudit | user=jenkins1000 | ip=127.0.0.1 | op=CREATE_VOLUME {admin=admin73462, owner=user49721, volume=volume13321, creationTime=1568889808560, quotaInBytes=1152921504606846976} | ret=SUCCESS |  
2019-09-19 10:43:28,571 | INFO  | OMAudit | user=jenkins1000 | ip=127.0.0.1 | op=CREATE_BUCKET {volume=volume13321, bucket=bucket80740, acls=[], isVersionEnabled=false, storageType=DISK, creationTime=0} | ret=SUCCESS |  
2019-09-19 10:43:28,591 | INFO  | OMAudit | user=jenkins1000 | ip=127.0.0.1 | op=READ_VOLUME {volume=volume13321} | ret=SUCCESS |  
2019-09-19 10:43:28,593 | INFO  | OMAudit | user=jenkins1000 | ip=127.0.0.1 | op=READ_BUCKET {volume=volume13321, bucket=bucket80740} | ret=SUCCESS |  
2019-09-19 10:43:28,616 [IPC Server handler 1 on 38775] ERROR pipeline.PipelinePlacementPolicy (PipelinePlacementPolicy.java:meetCriteria(91)) - Pipeline Placement: Doesn't meet the criteria to be viable node. Heaviness: 6
2019-09-19 10:43:28,616 [IPC Server handler 1 on 38775] ERROR pipeline.PipelinePlacementPolicy (PipelinePlacementPolicy.java:meetCriteria(91)) - Pipeline Placement: Doesn't meet the criteria to be viable node. Heaviness: 6
2019-09-19 10:43:28,616 [IPC Server handler 1 on 38775] ERROR pipeline.PipelinePlacementPolicy (PipelinePlacementPolicy.java:meetCriteria(91)) - Pipeline Placement: Doesn't meet the criteria to be viable node. Heaviness: 6
2019-09-19 10:43:28,617 [IPC Server handler 1 on 38775] ERROR pipeline.PipelinePlacementPolicy (PipelinePlacementPolicy.java:filterViableNodes(146)) - Unable to find enough nodes that meet the criteria that cannot engage in more than 5 pipelines. Nodes required: 3 Found: 0, healthy nodes count inNodeManager: 3.
2019-09-19 10:43:28,617 [IPC Server handler 1 on 38775] ERROR pipeline.SCMPipelineManager (SCMPipelineManager.java:createPipeline(161)) - Pipeline creation failed due to exception: Unable to find enough nodes that meet the criteria that cannot engage in more than 5 pipelines. Nodes required: 3 Found: 0, healthy nodes count inNodeManager: 3.
2019-09-19 10:43:28,617 [IPC Server handler 1 on 38775] WARN  block.BlockManagerImpl (BlockManagerImpl.java:allocateBlock(192)) - Pipeline creation failed for type:RATIS factor:THREE. Retrying get pipelines call once.
org.apache.hadoop.hdds.scm.exceptions.SCMException: Unable to find enough nodes that meet the criteria that cannot engage in more than 5 pipelines. Nodes required: 3 Found: 0, healthy nodes count inNodeManager: 3.
	at org.apache.hadoop.hdds.scm.pipeline.PipelinePlacementPolicy.filterViableNodes(PipelinePlacementPolicy.java:147)
	at org.apache.hadoop.hdds.scm.pipeline.PipelinePlacementPolicy.chooseDatanodes(PipelinePlacementPolicy.java:170)
	at org.apache.hadoop.hdds.scm.pipeline.RatisPipelineProvider.create(RatisPipelineProvider.java:92)
	at org.apache.hadoop.hdds.scm.pipeline.PipelineFactory.create(PipelineFactory.java:57)
	at org.apache.hadoop.hdds.scm.pipeline.SCMPipelineManager.createPipeline(SCMPipelineManager.java:149)
	at org.apache.hadoop.hdds.scm.block.BlockManagerImpl.allocateBlock(BlockManagerImpl.java:190)
	at org.apache.hadoop.hdds.scm.server.SCMBlockProtocolServer.allocateBlock(SCMBlockProtocolServer.java:175)
	at org.apache.hadoop.ozone.protocolPB.ScmBlockLocationProtocolServerSideTranslatorPB.allocateScmBlock(ScmBlockLocationProtocolServerSideTranslatorPB.java:153)
	at org.apache.hadoop.ozone.protocolPB.ScmBlockLocationProtocolServerSideTranslatorPB.send(ScmBlockLocationProtocolServerSideTranslatorPB.java:112)
	at org.apache.hadoop.hdds.protocol.proto.ScmBlockLocationProtocolProtos$ScmBlockLocationProtocolService$2.callBlockingMethod(ScmBlockLocationProtocolProtos.java:13157)
	at org.apache.hadoop.ipc.ProtobufRpcEngine$Server$ProtoBufRpcInvoker.call(ProtobufRpcEngine.java:524)
	at org.apache.hadoop.ipc.RPC$Server.call(RPC.java:1025)
	at org.apache.hadoop.ipc.Server$RpcCall.run(Server.java:876)
	at org.apache.hadoop.ipc.Server$RpcCall.run(Server.java:822)
	at java.security.AccessController.doPrivileged(Native Method)
	at javax.security.auth.Subject.doAs(Subject.java:422)
	at org.apache.hadoop.security.UserGroupInformation.doAs(UserGroupInformation.java:1730)
	at org.apache.hadoop.ipc.Server$Handler.run(Server.java:2682)
2019-09-19 10:43:28,619 [IPC Server handler 1 on 38775] INFO  block.BlockManagerImpl (BlockManagerImpl.java:allocateBlock(198)) - Could not find available pipeline of type:RATIS and factor:THREE even after retrying
2019-09-19 10:43:28,619 [IPC Server handler 1 on 38775] ERROR block.BlockManagerImpl (BlockManagerImpl.java:allocateBlock(222)) - Unable to allocate a block for the size: 4194304, type: RATIS, factor: THREE
2019-09-19 10:43:28,619 | INFO  | SCMAudit | user=jenkins1000 | ip=192.168.157.204 | op=ALLOCATE_BLOCK {owner=c9f5df78-d11b-4a32-9224-754fd642ffe9, size=4194304, type=RATIS, factor=THREE} | ret=SUCCESS |  
2019-09-19 10:43:28,620 | ERROR | OMAudit | user=jenkins1000 | ip=127.0.0.1 | op=CREATE_FILE {volume=volume13321, bucket=bucket80740, key=ABaGs, dataSize=0, replicationType=RATIS, replicationFactor=THREE, keyLocationInfo=null} | ret=FAILURE | org.apache.hadoop.hdds.scm.exceptions.SCMException: Allocated 0 blocks. Requested 1 blocks
	at org.apache.hadoop.hdds.scm.protocolPB.ScmBlockLocationProtocolClientSideTranslatorPB.handleError(ScmBlockLocationProtocolClientSideTranslatorPB.java:118)
	at org.apache.hadoop.hdds.scm.protocolPB.ScmBlockLocationProtocolClientSideTranslatorPB.allocateBlock(ScmBlockLocationProtocolClientSideTranslatorPB.java:156) 
2019-09-19 10:43:28,623 [main] INFO  ozone.MiniOzoneClusterImpl (MiniOzoneClusterImpl.java:shutdown(321)) - Shutting down the Mini Ozone Cluster
2019-09-19 10:43:28,623 | INFO  | SCMAudit | user=null | ip=null | op=GET_SCM_INFO null | ret=SUCCESS |  
2019-09-19 10:43:28,623 [main] INFO  ozone.MiniOzoneClusterImpl (MiniOzoneClusterImpl.java:stop(336)) - Stopping the Mini Ozone Cluster
2019-09-19 10:43:28,623 [main] INFO  ozone.MiniOzoneClusterImpl (MiniOzoneClusterImpl.java:stop(338)) - Stopping the OzoneManager
2019-09-19 10:43:28,623 [main] INFO  ipc.Server (Server.java:stop(3082)) - Stopping server on 36346
2019-09-19 10:43:28,627 [IPC Server listener on 36346] INFO  ipc.Server (Server.java:run(1185)) - Stopping IPC Server listener on 36346
2019-09-19 10:43:28,627 [main] INFO  ratis.OzoneManagerDoubleBuffer (OzoneManagerDoubleBuffer.java:stop(248)) - Stopping OMDoubleBuffer flush thread
2019-09-19 10:43:28,627 [IPC Server Responder] INFO  ipc.Server (Server.java:run(1319)) - Stopping IPC Server Responder
2019-09-19 10:43:28,633 [OMDoubleBufferFlushThread] INFO  ratis.OzoneManagerDoubleBuffer (OzoneManagerDoubleBuffer.java:flushTransactions(191)) - OMDoubleBuffer flush thread OMDoubleBufferFlushThread is interrupted and will exit. OMDoubleBufferFlushThread
2019-09-19 10:43:28,633 [main] INFO  utils.BackgroundService (BackgroundService.java:shutdown(148)) - Shutting down service KeyDeletingService
2019-09-19 10:43:28,634 [main] INFO  handler.ContextHandler (ContextHandler.java:doStop(910)) - Stopped o.e.j.w.WebAppContext@2554bfa{/,null,UNAVAILABLE}{/ozoneManager}
2019-09-19 10:43:28,635 [main] INFO  server.AbstractConnector (AbstractConnector.java:doStop(318)) - Stopped ServerConnector@a6a7c4f{HTTP/1.1,[http/1.1]}{0.0.0.0:0}
2019-09-19 10:43:28,635 [main] INFO  handler.ContextHandler (ContextHandler.java:doStop(910)) - Stopped o.e.j.s.ServletContextHandler@72e259ca{/static,jar:file:/home/user/.m2/repository/org/apache/hadoop/hadoop-ozone-ozone-manager/0.5.0-SNAPSHOT/hadoop-ozone-ozone-manager-0.5.0-SNAPSHOT.jar!/webapps/static,UNAVAILABLE}
2019-09-19 10:43:28,635 [main] INFO  handler.ContextHandler (ContextHandler.java:doStop(910)) - Stopped o.e.j.s.ServletContextHandler@4d5196fd{/logs,file:///workdir/hadoop-ozone/ozonefs/target/log,UNAVAILABLE}
2019-09-19 10:43:28,637 [main] INFO  ozone.MiniOzoneClusterImpl (MiniOzoneClusterImpl.java:stop(344)) - Shutting the HddsDatanodes
2019-09-19 10:43:28,637 [main] INFO  datanode.ObjectStoreHandler (ObjectStoreHandler.java:close(155)) - Closing ObjectStoreHandler.
2019-09-19 10:43:28,637 [ForkJoinPool.commonPool-worker-0] INFO  datanode.ObjectStoreHandler (ObjectStoreHandler.java:close(155)) - Closing ObjectStoreHandler.
2019-09-19 10:43:28,638 [main] INFO  ozone.HddsDatanodeService (HddsDatanodeService.java:stop(451)) - Stopped plug-in org.apache.hadoop.ozone.web.OzoneHddsDatanodeService@62a1bc26
2019-09-19 10:43:28,638 [ForkJoinPool.commonPool-worker-0] INFO  ozone.HddsDatanodeService (HddsDatanodeService.java:stop(451)) - Stopped plug-in org.apache.hadoop.ozone.web.OzoneHddsDatanodeService@25eadfe6
2019-09-19 10:43:28,924 [Datanode State Machine Thread - 0] INFO  statemachine.DatanodeStateMachine (DatanodeStateMachine.java:lambda$startDaemon$0(350)) - Ozone container server started.
2019-09-19 10:43:29,160 [Datanode State Machine Thread - 0] INFO  statemachine.DatanodeStateMachine (DatanodeStateMachine.java:lambda$startDaemon$0(350)) - Ozone container server started.
2019-09-19 10:43:29,419 | INFO  | SCMAudit | user=jenkins1000 | ip=192.168.157.204 | op=SEND_HEARTBEAT {datanodeUUID=bd77eb86-d949-4b39-b9de-a79d79cc61f0, command=[]} | ret=SUCCESS |  
2019-09-19 10:43:29,935 [Thread-3034] INFO  container.ReplicationManager (ReplicationManager.java:start(151)) - Starting Replication Monitor Thread.
2019-09-19 10:43:29,938 [ReplicationMonitor] INFO  container.ReplicationManager (ReplicationManager.java:run(214)) - Replication Monitor Thread took 0 milliseconds for processing 0 containers.
2019-09-19 10:43:30,419 | INFO  | SCMAudit | user=jenkins1000 | ip=192.168.157.204 | op=SEND_HEARTBEAT {datanodeUUID=bd77eb86-d949-4b39-b9de-a79d79cc61f0, command=[]} | ret=SUCCESS |  
2019-09-19 10:43:31,419 | INFO  | SCMAudit | user=jenkins1000 | ip=192.168.157.204 | op=SEND_HEARTBEAT {datanodeUUID=bd77eb86-d949-4b39-b9de-a79d79cc61f0, command=[]} | ret=SUCCESS |  
2019-09-19 10:43:32,028 [Thread-3036] INFO  impl.FollowerState (FollowerState.java:run(106)) - cc46da0f-c3d0-4319-b020-352cb15300cf:group-37703A01CCB1 changes to CANDIDATE, lastRpcTime:5046, electionTimeout:5046ms
2019-09-19 10:43:32,029 [Thread-3036] INFO  impl.RoleInfo (RoleInfo.java:shutdownFollowerState(121)) - cc46da0f-c3d0-4319-b020-352cb15300cf: shutdown FollowerState
2019-09-19 10:43:32,029 [Thread-3036] INFO  impl.RaftServerImpl (RaftServerImpl.java:setRole(171)) - cc46da0f-c3d0-4319-b020-352cb15300cf:group-37703A01CCB1 changes role from FOLLOWER to CANDIDATE at term 0 for changeToCandidate
2019-09-19 10:43:32,029 [Thread-3036] INFO  impl.RoleInfo (RoleInfo.java:updateAndGet(143)) - cc46da0f-c3d0-4319-b020-352cb15300cf: start LeaderElection
2019-09-19 10:43:32,047 [cc46da0f-c3d0-4319-b020-352cb15300cf:group-37703A01CCB1:LeaderElection170] INFO  impl.LeaderElection (LeaderElection.java:askForVotes(181)) - cc46da0f-c3d0-4319-b020-352cb15300cf:group-37703A01CCB1:LeaderElection170: begin an election at term 1 for -1: [cc46da0f-c3d0-4319-b020-352cb15300cf:192.168.157.204:41413], old=null
2019-09-19 10:43:32,047 [cc46da0f-c3d0-4319-b020-352cb15300cf:group-37703A01CCB1:LeaderElection170] INFO  impl.RoleInfo (RoleInfo.java:shutdownLeaderElection(134)) - cc46da0f-c3d0-4319-b020-352cb15300cf: shutdown LeaderElection
2019-09-19 10:43:32,047 [cc46da0f-c3d0-4319-b020-352cb15300cf:group-37703A01CCB1:LeaderElection170] INFO  impl.RaftServerImpl (RaftServerImpl.java:setRole(171)) - cc46da0f-c3d0-4319-b020-352cb15300cf:group-37703A01CCB1 changes role from CANDIDATE to LEADER at term 1 for changeToLeader
2019-09-19 10:43:32,047 [cc46da0f-c3d0-4319-b020-352cb15300cf:group-37703A01CCB1:LeaderElection170] INFO  impl.RaftServerImpl (ServerState.java:setLeader(263)) - cc46da0f-c3d0-4319-b020-352cb15300cf:group-37703A01CCB1 change Leader from null to cc46da0f-c3d0-4319-b020-352cb15300cf at term 1 for becomeLeader, leader elected after 5069ms
2019-09-19 10:43:32,048 [cc46da0f-c3d0-4319-b020-352cb15300cf:group-37703A01CCB1:LeaderElection170] INFO  server.RaftServerConfigKeys (ConfUtils.java:logGet(43)) - raft.server.staging.catchup.gap = 1000 (default)
2019-09-19 10:43:32,048 [cc46da0f-c3d0-4319-b020-352cb15300cf:group-37703A01CCB1:LeaderElection170] INFO  server.RaftServerConfigKeys (ConfUtils.java:logGet(43)) - raft.server.rpc.sleep.time = 25ms (default)
2019-09-19 10:43:32,048 [cc46da0f-c3d0-4319-b020-352cb15300cf:group-37703A01CCB1:LeaderElection170] INFO  server.RaftServerConfigKeys (ConfUtils.java:logGet(43)) - raft.server.write.element-limit = 4096 (default)
2019-09-19 10:43:32,048 [cc46da0f-c3d0-4319-b020-352cb15300cf:group-37703A01CCB1:LeaderElection170] INFO  server.RaftServerConfigKeys (ConfUtils.java:logGet(43)) - raft.server.watch.timeout = 10s (default)
2019-09-19 10:43:32,049 [cc46da0f-c3d0-4319-b020-352cb15300cf:group-37703A01CCB1:LeaderElection170] INFO  server.RaftServerConfigKeys (ConfUtils.java:logGet(43)) - raft.server.watch.timeout.denomination = 1s (default)
2019-09-19 10:43:32,049 [cc46da0f-c3d0-4319-b020-352cb15300cf:group-37703A01CCB1:LeaderElection170] INFO  server.RaftServerConfigKeys (ConfUtils.java:logGet(43)) - raft.server.watch.element-limit = 65536 (default)
2019-09-19 10:43:32,049 [cc46da0f-c3d0-4319-b020-352cb15300cf:group-37703A01CCB1:LeaderElection170] INFO  impl.RoleInfo (RoleInfo.java:updateAndGet(143)) - cc46da0f-c3d0-4319-b020-352cb15300cf: start LeaderState
2019-09-19 10:43:32,049 [cc46da0f-c3d0-4319-b020-352cb15300cf:group-37703A01CCB1:LeaderElection170] INFO  segmented.SegmentedRaftLogWorker (SegmentedRaftLogWorker.java:startLogSegment(380)) - cc46da0f-c3d0-4319-b020-352cb15300cf-SegmentedRaftLogWorker:Storage Directory /workdir/hadoop-ozone/ozonefs/target/test-dir/MiniOzoneClusterImpl-b710d106-2c58-4a4d-8c07-4cf143589938/datanode-0/data/ratis/4df3e448-cd46-480c-9d6c-37703a01ccb1: Starting segment from index:0
2019-09-19 10:43:32,049 [cc46da0f-c3d0-4319-b020-352cb15300cf:group-37703A01CCB1:LeaderElection170] INFO  impl.RaftServerImpl (ServerState.java:setRaftConf(361)) - cc46da0f-c3d0-4319-b020-352cb15300cf:group-37703A01CCB1 set configuration 0: [cc46da0f-c3d0-4319-b020-352cb15300cf:192.168.157.204:41413], old=null at 0
2019-09-19 10:43:32,092 [cc46da0f-c3d0-4319-b020-352cb15300cf-SegmentedRaftLogWorker:Storage Directory /workdir/hadoop-ozone/ozonefs/target/test-dir/MiniOzoneClusterImpl-b710d106-2c58-4a4d-8c07-4cf143589938/datanode-0/data/ratis/4df3e448-cd46-480c-9d6c-37703a01ccb1] INFO  segmented.SegmentedRaftLogWorker (SegmentedRaftLogWorker.java:execute(569)) - cc46da0f-c3d0-4319-b020-352cb15300cf-SegmentedRaftLogWorker:Storage Directory /workdir/hadoop-ozone/ozonefs/target/test-dir/MiniOzoneClusterImpl-b710d106-2c58-4a4d-8c07-4cf143589938/datanode-0/data/ratis/4df3e448-cd46-480c-9d6c-37703a01ccb1: created new log segment /workdir/hadoop-ozone/ozonefs/target/test-dir/MiniOzoneClusterImpl-b710d106-2c58-4a4d-8c07-4cf143589938/datanode-0/data/ratis/4df3e448-cd46-480c-9d6c-37703a01ccb1/current/log_inprogress_0
2019-09-19 10:43:32,241 [Thread-3042] INFO  impl.FollowerState (FollowerState.java:run(106)) - 150f2557-af2e-4ff4-a511-15deca74e85e:group-B69E451D2532 changes to CANDIDATE, lastRpcTime:5030, electionTimeout:5030ms
2019-09-19 10:43:32,241 [Thread-3042] INFO  impl.RoleInfo (RoleInfo.java:shutdownFollowerState(121)) - 150f2557-af2e-4ff4-a511-15deca74e85e: shutdown FollowerState
2019-09-19 10:43:32,241 [Thread-3042] INFO  impl.RaftServerImpl (RaftServerImpl.java:setRole(171)) - 150f2557-af2e-4ff4-a511-15deca74e85e:group-B69E451D2532 changes role from FOLLOWER to CANDIDATE at term 0 for changeToCandidate
2019-09-19 10:43:32,241 [Thread-3042] INFO  impl.RoleInfo (RoleInfo.java:updateAndGet(143)) - 150f2557-af2e-4ff4-a511-15deca74e85e: start LeaderElection
2019-09-19 10:43:32,269 [150f2557-af2e-4ff4-a511-15deca74e85e:group-B69E451D2532:LeaderElection171] INFO  impl.LeaderElection (LeaderElection.java:askForVotes(181)) - 150f2557-af2e-4ff4-a511-15deca74e85e:group-B69E451D2532:LeaderElection171: begin an election at term 1 for -1: [150f2557-af2e-4ff4-a511-15deca74e85e:192.168.157.204:43817], old=null
2019-09-19 10:43:32,269 [150f2557-af2e-4ff4-a511-15deca74e85e:group-B69E451D2532:LeaderElection171] INFO  impl.RoleInfo (RoleInfo.java:shutdownLeaderElection(134)) - 150f2557-af2e-4ff4-a511-15deca74e85e: shutdown LeaderElection
2019-09-19 10:43:32,269 [150f2557-af2e-4ff4-a511-15deca74e85e:group-B69E451D2532:LeaderElection171] INFO  impl.RaftServerImpl (RaftServerImpl.java:setRole(171)) - 150f2557-af2e-4ff4-a511-15deca74e85e:group-B69E451D2532 changes role from CANDIDATE to LEADER at term 1 for changeToLeader
2019-09-19 10:43:32,269 [150f2557-af2e-4ff4-a511-15deca74e85e:group-B69E451D2532:LeaderElection171] INFO  impl.RaftServerImpl (ServerState.java:setLeader(263)) - 150f2557-af2e-4ff4-a511-15deca74e85e:group-B69E451D2532 change Leader from null to 150f2557-af2e-4ff4-a511-15deca74e85e at term 1 for becomeLeader, leader elected after 5063ms
2019-09-19 10:43:32,270 [150f2557-af2e-4ff4-a511-15deca74e85e:group-B69E451D2532:LeaderElection171] INFO  server.RaftServerConfigKeys (ConfUtils.java:logGet(43)) - raft.server.staging.catchup.gap = 1000 (default)
2019-09-19 10:43:32,270 [150f2557-af2e-4ff4-a511-15deca74e85e:group-B69E451D2532:LeaderElection171] INFO  server.RaftServerConfigKeys (ConfUtils.java:logGet(43)) - raft.server.rpc.sleep.time = 25ms (default)
2019-09-19 10:43:32,270 [150f2557-af2e-4ff4-a511-15deca74e85e:group-B69E451D2532:LeaderElection171] INFO  server.RaftServerConfigKeys (ConfUtils.java:logGet(43)) - raft.server.write.element-limit = 4096 (default)
2019-09-19 10:43:32,270 [150f2557-af2e-4ff4-a511-15deca74e85e:group-B69E451D2532:LeaderElection171] INFO  server.RaftServerConfigKeys (ConfUtils.java:logGet(43)) - raft.server.watch.timeout = 10s (default)
2019-09-19 10:43:32,270 [150f2557-af2e-4ff4-a511-15deca74e85e:group-B69E451D2532:LeaderElection171] INFO  server.RaftServerConfigKeys (ConfUtils.java:logGet(43)) - raft.server.watch.timeout.denomination = 1s (default)
2019-09-19 10:43:32,270 [150f2557-af2e-4ff4-a511-15deca74e85e:group-B69E451D2532:LeaderElection171] INFO  server.RaftServerConfigKeys (ConfUtils.java:logGet(43)) - raft.server.watch.element-limit = 65536 (default)
2019-09-19 10:43:32,270 [150f2557-af2e-4ff4-a511-15deca74e85e:group-B69E451D2532:LeaderElection171] INFO  impl.RoleInfo (RoleInfo.java:updateAndGet(143)) - 150f2557-af2e-4ff4-a511-15deca74e85e: start LeaderState
2019-09-19 10:43:32,271 [150f2557-af2e-4ff4-a511-15deca74e85e:group-B69E451D2532:LeaderElection171] INFO  segmented.SegmentedRaftLogWorker (SegmentedRaftLogWorker.java:startLogSegment(380)) - 150f2557-af2e-4ff4-a511-15deca74e85e-SegmentedRaftLogWorker:Storage Directory /workdir/hadoop-ozone/ozonefs/target/test-dir/MiniOzoneClusterImpl-b710d106-2c58-4a4d-8c07-4cf143589938/datanode-1/data/ratis/79889deb-d992-4c72-be74-b69e451d2532: Starting segment from index:0
2019-09-19 10:43:32,271 [150f2557-af2e-4ff4-a511-15deca74e85e:group-B69E451D2532:LeaderElection171] INFO  impl.RaftServerImpl (ServerState.java:setRaftConf(361)) - 150f2557-af2e-4ff4-a511-15deca74e85e:group-B69E451D2532 set configuration 0: [150f2557-af2e-4ff4-a511-15deca74e85e:192.168.157.204:43817], old=null at 0
2019-09-19 10:43:32,309 [Thread-3039] INFO  impl.FollowerState (FollowerState.java:run(106)) - cc46da0f-c3d0-4319-b020-352cb15300cf:group-FF0ECE897138 changes to CANDIDATE, lastRpcTime:5158, electionTimeout:5158ms
2019-09-19 10:43:32,309 [Thread-3039] INFO  impl.RoleInfo (RoleInfo.java:shutdownFollowerState(121)) - cc46da0f-c3d0-4319-b020-352cb15300cf: shutdown FollowerState
2019-09-19 10:43:32,309 [Thread-3039] INFO  impl.RaftServerImpl (RaftServerImpl.java:setRole(171)) - cc46da0f-c3d0-4319-b020-352cb15300cf:group-FF0ECE897138 changes role from FOLLOWER to CANDIDATE at term 0 for changeToCandidate
2019-09-19 10:43:32,309 [Thread-3039] INFO  impl.RoleInfo (RoleInfo.java:updateAndGet(143)) - cc46da0f-c3d0-4319-b020-352cb15300cf: start LeaderElection
2019-09-19 10:43:32,325 [150f2557-af2e-4ff4-a511-15deca74e85e-SegmentedRaftLogWorker:Storage Directory /workdir/hadoop-ozone/ozonefs/target/test-dir/MiniOzoneClusterImpl-b710d106-2c58-4a4d-8c07-4cf143589938/datanode-1/data/ratis/79889deb-d992-4c72-be74-b69e451d2532] INFO  segmented.SegmentedRaftLogWorker (SegmentedRaftLogWorker.java:execute(569)) - 150f2557-af2e-4ff4-a511-15deca74e85e-SegmentedRaftLogWorker:Storage Directory /workdir/hadoop-ozone/ozonefs/target/test-dir/MiniOzoneClusterImpl-b710d106-2c58-4a4d-8c07-4cf143589938/datanode-1/data/ratis/79889deb-d992-4c72-be74-b69e451d2532: created new log segment /workdir/hadoop-ozone/ozonefs/target/test-dir/MiniOzoneClusterImpl-b710d106-2c58-4a4d-8c07-4cf143589938/datanode-1/data/ratis/79889deb-d992-4c72-be74-b69e451d2532/current/log_inprogress_0
2019-09-19 10:43:32,325 [cc46da0f-c3d0-4319-b020-352cb15300cf:group-FF0ECE897138:LeaderElection172] INFO  impl.LeaderElection (LeaderElection.java:askForVotes(181)) - cc46da0f-c3d0-4319-b020-352cb15300cf:group-FF0ECE897138:LeaderElection172: begin an election at term 1 for -1: [cc46da0f-c3d0-4319-b020-352cb15300cf:192.168.157.204:41413], old=null
2019-09-19 10:43:32,325 [cc46da0f-c3d0-4319-b020-352cb15300cf:group-FF0ECE897138:LeaderElection172] INFO  impl.RoleInfo (RoleInfo.java:shutdownLeaderElection(134)) - cc46da0f-c3d0-4319-b020-352cb15300cf: shutdown LeaderElection
2019-09-19 10:43:32,325 [cc46da0f-c3d0-4319-b020-352cb15300cf:group-FF0ECE897138:LeaderElection172] INFO  impl.RaftServerImpl (RaftServerImpl.java:setRole(171)) - cc46da0f-c3d0-4319-b020-352cb15300cf:group-FF0ECE897138 changes role from CANDIDATE to LEADER at term 1 for changeToLeader
2019-09-19 10:43:32,325 [cc46da0f-c3d0-4319-b020-352cb15300cf:group-FF0ECE897138:LeaderElection172] INFO  impl.RaftServerImpl (ServerState.java:setLeader(263)) - cc46da0f-c3d0-4319-b020-352cb15300cf:group-FF0ECE897138 change Leader from null to cc46da0f-c3d0-4319-b020-352cb15300cf at term 1 for becomeLeader, leader elected after 5178ms
2019-09-19 10:43:32,325 [cc46da0f-c3d0-4319-b020-352cb15300cf:group-FF0ECE897138:LeaderElection172] INFO  server.RaftServerConfigKeys (ConfUtils.java:logGet(43)) - raft.server.staging.catchup.gap = 1000 (default)
2019-09-19 10:43:32,325 [cc46da0f-c3d0-4319-b020-352cb15300cf:group-FF0ECE897138:LeaderElection172] INFO  server.RaftServerConfigKeys (ConfUtils.java:logGet(43)) - raft.server.rpc.sleep.time = 25ms (default)
2019-09-19 10:43:32,326 [cc46da0f-c3d0-4319-b020-352cb15300cf:group-FF0ECE897138:LeaderElection172] INFO  server.RaftServerConfigKeys (ConfUtils.java:logGet(43)) - raft.server.write.element-limit = 4096 (default)
2019-09-19 10:43:32,326 [cc46da0f-c3d0-4319-b020-352cb15300cf:group-FF0ECE897138:LeaderElection172] INFO  server.RaftServerConfigKeys (ConfUtils.java:logGet(43)) - raft.server.watch.timeout = 10s (default)
2019-09-19 10:43:32,326 [cc46da0f-c3d0-4319-b020-352cb15300cf:group-FF0ECE897138:LeaderElection172] INFO  server.RaftServerConfigKeys (ConfUtils.java:logGet(43)) - raft.server.watch.timeout.denomination = 1s (default)
2019-09-19 10:43:32,326 [cc46da0f-c3d0-4319-b020-352cb15300cf:group-FF0ECE897138:LeaderElection172] INFO  server.RaftServerConfigKeys (ConfUtils.java:logGet(43)) - raft.server.watch.element-limit = 65536 (default)
2019-09-19 10:43:32,326 [cc46da0f-c3d0-4319-b020-352cb15300cf:group-FF0ECE897138:LeaderElection172] INFO  impl.RoleInfo (RoleInfo.java:updateAndGet(143)) - cc46da0f-c3d0-4319-b020-352cb15300cf: start LeaderState
2019-09-19 10:43:32,326 [cc46da0f-c3d0-4319-b020-352cb15300cf:group-FF0ECE897138:LeaderElection172] INFO  segmented.SegmentedRaftLogWorker (SegmentedRaftLogWorker.java:startLogSegment(380)) - cc46da0f-c3d0-4319-b020-352cb15300cf-SegmentedRaftLogWorker:Storage Directory /workdir/hadoop-ozone/ozonefs/target/test-dir/MiniOzoneClusterImpl-b710d106-2c58-4a4d-8c07-4cf143589938/datanode-0/data/ratis/6bfbbbcc-e2b5-4f0b-8524-ff0ece897138: Starting segment from index:0
2019-09-19 10:43:32,327 [cc46da0f-c3d0-4319-b020-352cb15300cf:group-FF0ECE897138:LeaderElection172] INFO  impl.RaftServerImpl (ServerState.java:setRaftConf(361)) - cc46da0f-c3d0-4319-b020-352cb15300cf:group-FF0ECE897138 set configuration 0: [cc46da0f-c3d0-4319-b020-352cb15300cf:192.168.157.204:41413], old=null at 0
2019-09-19 10:43:32,374 [cc46da0f-c3d0-4319-b020-352cb15300cf-SegmentedRaftLogWorker:Storage Directory /workdir/hadoop-ozone/ozonefs/target/test-dir/MiniOzoneClusterImpl-b710d106-2c58-4a4d-8c07-4cf143589938/datanode-0/data/ratis/6bfbbbcc-e2b5-4f0b-8524-ff0ece897138] INFO  segmented.SegmentedRaftLogWorker (SegmentedRaftLogWorker.java:execute(569)) - cc46da0f-c3d0-4319-b020-352cb15300cf-SegmentedRaftLogWorker:Storage Directory /workdir/hadoop-ozone/ozonefs/target/test-dir/MiniOzoneClusterImpl-b710d106-2c58-4a4d-8c07-4cf143589938/datanode-0/data/ratis/6bfbbbcc-e2b5-4f0b-8524-ff0ece897138: created new log segment /workdir/hadoop-ozone/ozonefs/target/test-dir/MiniOzoneClusterImpl-b710d106-2c58-4a4d-8c07-4cf143589938/datanode-0/data/ratis/6bfbbbcc-e2b5-4f0b-8524-ff0ece897138/current/log_inprogress_0
2019-09-19 10:43:32,405 [Thread-3048] INFO  impl.FollowerState (FollowerState.java:run(106)) - cc46da0f-c3d0-4319-b020-352cb15300cf:group-8DBD045D7CCD changes to CANDIDATE, lastRpcTime:5094, electionTimeout:5094ms
2019-09-19 10:43:32,405 [Thread-3048] INFO  impl.RoleInfo (RoleInfo.java:shutdownFollowerState(121)) - cc46da0f-c3d0-4319-b020-352cb15300cf: shutdown FollowerState
2019-09-19 10:43:32,405 [Thread-3048] INFO  impl.RaftServerImpl (RaftServerImpl.java:setRole(171)) - cc46da0f-c3d0-4319-b020-352cb15300cf:group-8DBD045D7CCD changes role from FOLLOWER to CANDIDATE at term 0 for changeToCandidate
2019-09-19 10:43:32,405 [Thread-3048] INFO  impl.RoleInfo (RoleInfo.java:updateAndGet(143)) - cc46da0f-c3d0-4319-b020-352cb15300cf: start LeaderElection
2019-09-19 10:43:32,418 | INFO  | SCMAudit | user=jenkins1000 | ip=192.168.157.204 | op=SEND_HEARTBEAT {datanodeUUID=bd77eb86-d949-4b39-b9de-a79d79cc61f0, command=[]} | ret=SUCCESS |  
2019-09-19 10:43:32,421 [cc46da0f-c3d0-4319-b020-352cb15300cf:group-8DBD045D7CCD:LeaderElection173] INFO  impl.LeaderElection (LeaderElection.java:askForVotes(181)) - cc46da0f-c3d0-4319-b020-352cb15300cf:group-8DBD045D7CCD:LeaderElection173: begin an election at term 1 for -1: [cc46da0f-c3d0-4319-b020-352cb15300cf:192.168.157.204:41413], old=null
2019-09-19 10:43:32,421 [cc46da0f-c3d0-4319-b020-352cb15300cf:group-8DBD045D7CCD:LeaderElection173] INFO  impl.RoleInfo (RoleInfo.java:shutdownLeaderElection(134)) - cc46da0f-c3d0-4319-b020-352cb15300cf: shutdown LeaderElection
2019-09-19 10:43:32,421 [cc46da0f-c3d0-4319-b020-352cb15300cf:group-8DBD045D7CCD:LeaderElection173] INFO  impl.RaftServerImpl (RaftServerImpl.java:setRole(171)) - cc46da0f-c3d0-4319-b020-352cb15300cf:group-8DBD045D7CCD changes role from CANDIDATE to LEADER at term 1 for changeToLeader
2019-09-19 10:43:32,421 [cc46da0f-c3d0-4319-b020-352cb15300cf:group-8DBD045D7CCD:LeaderElection173] INFO  impl.RaftServerImpl (ServerState.java:setLeader(263)) - cc46da0f-c3d0-4319-b020-352cb15300cf:group-8DBD045D7CCD change Leader from null to cc46da0f-c3d0-4319-b020-352cb15300cf at term 1 for becomeLeader, leader elected after 5113ms
2019-09-19 10:43:32,421 [cc46da0f-c3d0-4319-b020-352cb15300cf:group-8DBD045D7CCD:LeaderElection173] INFO  server.RaftServerConfigKeys (ConfUtils.java:logGet(43)) - raft.server.staging.catchup.gap = 1000 (default)
2019-09-19 10:43:32,421 [cc46da0f-c3d0-4319-b020-352cb15300cf:group-8DBD045D7CCD:LeaderElection173] INFO  server.RaftServerConfigKeys (ConfUtils.java:logGet(43)) - raft.server.rpc.sleep.time = 25ms (default)
2019-09-19 10:43:32,421 [cc46da0f-c3d0-4319-b020-352cb15300cf:group-8DBD045D7CCD:LeaderElection173] INFO  server.RaftServerConfigKeys (ConfUtils.java:logGet(43)) - raft.server.write.element-limit = 4096 (default)
2019-09-19 10:43:32,422 [cc46da0f-c3d0-4319-b020-352cb15300cf:group-8DBD045D7CCD:LeaderElection173] INFO  server.RaftServerConfigKeys (ConfUtils.java:logGet(43)) - raft.server.watch.timeout = 10s (default)
2019-09-19 10:43:32,422 [cc46da0f-c3d0-4319-b020-352cb15300cf:group-8DBD045D7CCD:LeaderElection173] INFO  server.RaftServerConfigKeys (ConfUtils.java:logGet(43)) - raft.server.watch.timeout.denomination = 1s (default)
2019-09-19 10:43:32,422 [cc46da0f-c3d0-4319-b020-352cb15300cf:group-8DBD045D7CCD:LeaderElection173] INFO  server.RaftServerConfigKeys (ConfUtils.java:logGet(43)) - raft.server.watch.element-limit = 65536 (default)
2019-09-19 10:43:32,422 [cc46da0f-c3d0-4319-b020-352cb15300cf:group-8DBD045D7CCD:LeaderElection173] INFO  impl.RoleInfo (RoleInfo.java:updateAndGet(143)) - cc46da0f-c3d0-4319-b020-352cb15300cf: start LeaderState
2019-09-19 10:43:32,422 [cc46da0f-c3d0-4319-b020-352cb15300cf:group-8DBD045D7CCD:LeaderElection173] INFO  segmented.SegmentedRaftLogWorker (SegmentedRaftLogWorker.java:startLogSegment(380)) - cc46da0f-c3d0-4319-b020-352cb15300cf-SegmentedRaftLogWorker:Storage Directory /workdir/hadoop-ozone/ozonefs/target/test-dir/MiniOzoneClusterImpl-b710d106-2c58-4a4d-8c07-4cf143589938/datanode-0/data/ratis/d3e65885-7007-4ca1-921b-8dbd045d7ccd: Starting segment from index:0
2019-09-19 10:43:32,422 [cc46da0f-c3d0-4319-b020-352cb15300cf:group-8DBD045D7CCD:LeaderElection173] INFO  impl.RaftServerImpl (ServerState.java:setRaftConf(361)) - cc46da0f-c3d0-4319-b020-352cb15300cf:group-8DBD045D7CCD set configuration 0: [cc46da0f-c3d0-4319-b020-352cb15300cf:192.168.157.204:41413], old=null at 0
2019-09-19 10:43:32,452 [Thread-3054] INFO  impl.FollowerState (FollowerState.java:run(106)) - 150f2557-af2e-4ff4-a511-15deca74e85e:group-1B340934184D changes to CANDIDATE, lastRpcTime:5055, electionTimeout:5055ms
2019-09-19 10:43:32,452 [Thread-3054] INFO  impl.RoleInfo (RoleInfo.java:shutdownFollowerState(121)) - 150f2557-af2e-4ff4-a511-15deca74e85e: shutdown FollowerState
2019-09-19 10:43:32,452 [Thread-3054] INFO  impl.RaftServerImpl (RaftServerImpl.java:setRole(171)) - 150f2557-af2e-4ff4-a511-15deca74e85e:group-1B340934184D changes role from FOLLOWER to CANDIDATE at term 0 for changeToCandidate
2019-09-19 10:43:32,452 [Thread-3054] INFO  impl.RoleInfo (RoleInfo.java:updateAndGet(143)) - 150f2557-af2e-4ff4-a511-15deca74e85e: start LeaderElection
2019-09-19 10:43:32,458 [Thread-3045] INFO  impl.FollowerState (FollowerState.java:run(106)) - cc46da0f-c3d0-4319-b020-352cb15300cf:group-A0FFB8CC4268 changes to CANDIDATE, lastRpcTime:5192, electionTimeout:5192ms
2019-09-19 10:43:32,459 [Thread-3045] INFO  impl.RoleInfo (RoleInfo.java:shutdownFollowerState(121)) - cc46da0f-c3d0-4319-b020-352cb15300cf: shutdown FollowerState
2019-09-19 10:43:32,459 [Thread-3045] INFO  impl.RaftServerImpl (RaftServerImpl.java:setRole(171)) - cc46da0f-c3d0-4319-b020-352cb15300cf:group-A0FFB8CC4268 changes role from FOLLOWER to CANDIDATE at term 0 for changeToCandidate
2019-09-19 10:43:32,459 [Thread-3045] INFO  impl.RoleInfo (RoleInfo.java:updateAndGet(143)) - cc46da0f-c3d0-4319-b020-352cb15300cf: start LeaderElection
2019-09-19 10:43:32,462 [cc46da0f-c3d0-4319-b020-352cb15300cf-SegmentedRaftLogWorker:Storage Directory /workdir/hadoop-ozone/ozonefs/target/test-dir/MiniOzoneClusterImpl-b710d106-2c58-4a4d-8c07-4cf143589938/datanode-0/data/ratis/d3e65885-7007-4ca1-921b-8dbd045d7ccd] INFO  segmented.SegmentedRaftLogWorker (SegmentedRaftLogWorker.java:execute(569)) - cc46da0f-c3d0-4319-b020-352cb15300cf-SegmentedRaftLogWorker:Storage Directory /workdir/hadoop-ozone/ozonefs/target/test-dir/MiniOzoneClusterImpl-b710d106-2c58-4a4d-8c07-4cf143589938/datanode-0/data/ratis/d3e65885-7007-4ca1-921b-8dbd045d7ccd: created new log segment /workdir/hadoop-ozone/ozonefs/target/test-dir/MiniOzoneClusterImpl-b710d106-2c58-4a4d-8c07-4cf143589938/datanode-0/data/ratis/d3e65885-7007-4ca1-921b-8dbd045d7ccd/current/log_inprogress_0
2019-09-19 10:43:32,462 [150f2557-af2e-4ff4-a511-15deca74e85e:group-1B340934184D:LeaderElection174] INFO  impl.LeaderElection (LeaderElection.java:askForVotes(181)) - 150f2557-af2e-4ff4-a511-15deca74e85e:group-1B340934184D:LeaderElection174: begin an election at term 1 for -1: [150f2557-af2e-4ff4-a511-15deca74e85e:192.168.157.204:43817], old=null
2019-09-19 10:43:32,463 [150f2557-af2e-4ff4-a511-15deca74e85e:group-1B340934184D:LeaderElection174] INFO  impl.RoleInfo (RoleInfo.java:shutdownLeaderElection(134)) - 150f2557-af2e-4ff4-a511-15deca74e85e: shutdown LeaderElection
2019-09-19 10:43:32,463 [150f2557-af2e-4ff4-a511-15deca74e85e:group-1B340934184D:LeaderElection174] INFO  impl.RaftServerImpl (RaftServerImpl.java:setRole(171)) - 150f2557-af2e-4ff4-a511-15deca74e85e:group-1B340934184D changes role from CANDIDATE to LEADER at term 1 for changeToLeader
2019-09-19 10:43:32,463 [150f2557-af2e-4ff4-a511-15deca74e85e:group-1B340934184D:LeaderElection174] INFO  impl.RaftServerImpl (ServerState.java:setLeader(263)) - 150f2557-af2e-4ff4-a511-15deca74e85e:group-1B340934184D change Leader from null to 150f2557-af2e-4ff4-a511-15deca74e85e at term 1 for becomeLeader, leader elected after 5070ms
2019-09-19 10:43:32,463 [150f2557-af2e-4ff4-a511-15deca74e85e:group-1B340934184D:LeaderElection174] INFO  server.RaftServerConfigKeys (ConfUtils.java:logGet(43)) - raft.server.staging.catchup.gap = 1000 (default)
2019-09-19 10:43:32,463 [150f2557-af2e-4ff4-a511-15deca74e85e:group-1B340934184D:LeaderElection174] INFO  server.RaftServerConfigKeys (ConfUtils.java:logGet(43)) - raft.server.rpc.sleep.time = 25ms (default)
2019-09-19 10:43:32,463 [150f2557-af2e-4ff4-a511-15deca74e85e:group-1B340934184D:LeaderElection174] INFO  server.RaftServerConfigKeys (ConfUtils.java:logGet(43)) - raft.server.write.element-limit = 4096 (default)
2019-09-19 10:43:32,463 [150f2557-af2e-4ff4-a511-15deca74e85e:group-1B340934184D:LeaderElection174] INFO  server.RaftServerConfigKeys (ConfUtils.java:logGet(43)) - raft.server.watch.timeout = 10s (default)
2019-09-19 10:43:32,463 [150f2557-af2e-4ff4-a511-15deca74e85e:group-1B340934184D:LeaderElection174] INFO  server.RaftServerConfigKeys (ConfUtils.java:logGet(43)) - raft.server.watch.timeout.denomination = 1s (default)
2019-09-19 10:43:32,464 [150f2557-af2e-4ff4-a511-15deca74e85e:group-1B340934184D:LeaderElection174] INFO  server.RaftServerConfigKeys (ConfUtils.java:logGet(43)) - raft.server.watch.element-limit = 65536 (default)
2019-09-19 10:43:32,464 [150f2557-af2e-4ff4-a511-15deca74e85e:group-1B340934184D:LeaderElection174] INFO  impl.RoleInfo (RoleInfo.java:updateAndGet(143)) - 150f2557-af2e-4ff4-a511-15deca74e85e: start LeaderState
2019-09-19 10:43:32,464 [150f2557-af2e-4ff4-a511-15deca74e85e:group-1B340934184D:LeaderElection174] INFO  segmented.SegmentedRaftLogWorker (SegmentedRaftLogWorker.java:startLogSegment(380)) - 150f2557-af2e-4ff4-a511-15deca74e85e-SegmentedRaftLogWorker:Storage Directory /workdir/hadoop-ozone/ozonefs/target/test-dir/MiniOzoneClusterImpl-b710d106-2c58-4a4d-8c07-4cf143589938/datanode-1/data/ratis/6c948c50-ad89-45be-a581-1b340934184d: Starting segment from index:0
2019-09-19 10:43:32,464 [150f2557-af2e-4ff4-a511-15deca74e85e:group-1B340934184D:LeaderElection174] INFO  impl.RaftServerImpl (ServerState.java:setRaftConf(361)) - 150f2557-af2e-4ff4-a511-15deca74e85e:group-1B340934184D set configuration 0: [150f2557-af2e-4ff4-a511-15deca74e85e:192.168.157.204:43817], old=null at 0
2019-09-19 10:43:32,466 [cc46da0f-c3d0-4319-b020-352cb15300cf:group-A0FFB8CC4268:LeaderElection175] INFO  impl.LeaderElection (LeaderElection.java:askForVotes(181)) - cc46da0f-c3d0-4319-b020-352cb15300cf:group-A0FFB8CC4268:LeaderElection175: begin an election at term 1 for -1: [cc46da0f-c3d0-4319-b020-352cb15300cf:192.168.157.204:41413], old=null
2019-09-19 10:43:32,466 [cc46da0f-c3d0-4319-b020-352cb15300cf:group-A0FFB8CC4268:LeaderElection175] INFO  impl.RoleInfo (RoleInfo.java:shutdownLeaderElection(134)) - cc46da0f-c3d0-4319-b020-352cb15300cf: shutdown LeaderElection
2019-09-19 10:43:32,466 [cc46da0f-c3d0-4319-b020-352cb15300cf:group-A0FFB8CC4268:LeaderElection175] INFO  impl.RaftServerImpl (RaftServerImpl.java:setRole(171)) - cc46da0f-c3d0-4319-b020-352cb15300cf:group-A0FFB8CC4268 changes role from CANDIDATE to LEADER at term 1 for changeToLeader
2019-09-19 10:43:32,466 [cc46da0f-c3d0-4319-b020-352cb15300cf:group-A0FFB8CC4268:LeaderElection175] INFO  impl.RaftServerImpl (ServerState.java:setLeader(263)) - cc46da0f-c3d0-4319-b020-352cb15300cf:group-A0FFB8CC4268 change Leader from null to cc46da0f-c3d0-4319-b020-352cb15300cf at term 1 for becomeLeader, leader elected after 5204ms
2019-09-19 10:43:32,466 [cc46da0f-c3d0-4319-b020-352cb15300cf:group-A0FFB8CC4268:LeaderElection175] INFO  server.RaftServerConfigKeys (ConfUtils.java:logGet(43)) - raft.server.staging.catchup.gap = 1000 (default)
2019-09-19 10:43:32,466 [cc46da0f-c3d0-4319-b020-352cb15300cf:group-A0FFB8CC4268:LeaderElection175] INFO  server.RaftServerConfigKeys (ConfUtils.java:logGet(43)) - raft.server.rpc.sleep.time = 25ms (default)
2019-09-19 10:43:32,466 [cc46da0f-c3d0-4319-b020-352cb15300cf:group-A0FFB8CC4268:LeaderElection175] INFO  server.RaftServerConfigKeys (ConfUtils.java:logGet(43)) - raft.server.write.element-limit = 4096 (default)
2019-09-19 10:43:32,467 [cc46da0f-c3d0-4319-b020-352cb15300cf:group-A0FFB8CC4268:LeaderElection175] INFO  server.RaftServerConfigKeys (ConfUtils.java:logGet(43)) - raft.server.watch.timeout = 10s (default)
2019-09-19 10:43:32,467 [cc46da0f-c3d0-4319-b020-352cb15300cf:group-A0FFB8CC4268:LeaderElection175] INFO  server.RaftServerConfigKeys (ConfUtils.java:logGet(43)) - raft.server.watch.timeout.denomination = 1s (default)
2019-09-19 10:43:32,467 [cc46da0f-c3d0-4319-b020-352cb15300cf:group-A0FFB8CC4268:LeaderElection175] INFO  server.RaftServerConfigKeys (ConfUtils.java:logGet(43)) - raft.server.watch.element-limit = 65536 (default)
2019-09-19 10:43:32,467 [cc46da0f-c3d0-4319-b020-352cb15300cf:group-A0FFB8CC4268:LeaderElection175] INFO  impl.RoleInfo (RoleInfo.java:updateAndGet(143)) - cc46da0f-c3d0-4319-b020-352cb15300cf: start LeaderState
2019-09-19 10:43:32,467 [cc46da0f-c3d0-4319-b020-352cb15300cf:group-A0FFB8CC4268:LeaderElection175] INFO  segmented.SegmentedRaftLogWorker (SegmentedRaftLogWorker.java:startLogSegment(380)) - cc46da0f-c3d0-4319-b020-352cb15300cf-SegmentedRaftLogWorker:Storage Directory /workdir/hadoop-ozone/ozonefs/target/test-dir/MiniOzoneClusterImpl-b710d106-2c58-4a4d-8c07-4cf143589938/datanode-0/data/ratis/94dfe92d-ae42-49ac-920d-a0ffb8cc4268: Starting segment from index:0
2019-09-19 10:43:32,467 [cc46da0f-c3d0-4319-b020-352cb15300cf:group-A0FFB8CC4268:LeaderElection175] INFO  impl.RaftServerImpl (ServerState.java:setRaftConf(361)) - cc46da0f-c3d0-4319-b020-352cb15300cf:group-A0FFB8CC4268 set configuration 0: [cc46da0f-c3d0-4319-b020-352cb15300cf:192.168.157.204:41413], old=null at 0
2019-09-19 10:43:32,503 [Thread-3051] INFO  impl.FollowerState (FollowerState.java:run(106)) - cc46da0f-c3d0-4319-b020-352cb15300cf:group-1ACA73BF7B67 changes to CANDIDATE, lastRpcTime:5150, electionTimeout:5137ms
2019-09-19 10:43:32,503 [Thread-3057] INFO  impl.FollowerState (FollowerState.java:run(106)) - cc46da0f-c3d0-4319-b020-352cb15300cf:group-0EBDB511F200 changes to CANDIDATE, lastRpcTime:5063, electionTimeout:5043ms
2019-09-19 10:43:32,503 [Thread-3051] INFO  impl.RoleInfo (RoleInfo.java:shutdownFollowerState(121)) - cc46da0f-c3d0-4319-b020-352cb15300cf: shutdown FollowerState
2019-09-19 10:43:32,503 [Thread-3057] INFO  impl.RoleInfo (RoleInfo.java:shutdownFollowerState(121)) - cc46da0f-c3d0-4319-b020-352cb15300cf: shutdown FollowerState
2019-09-19 10:43:32,503 [Thread-3051] INFO  impl.RaftServerImpl (RaftServerImpl.java:setRole(171)) - cc46da0f-c3d0-4319-b020-352cb15300cf:group-1ACA73BF7B67 changes role from FOLLOWER to CANDIDATE at term 0 for changeToCandidate
2019-09-19 10:43:32,503 [Thread-3057] INFO  impl.RaftServerImpl (RaftServerImpl.java:setRole(171)) - cc46da0f-c3d0-4319-b020-352cb15300cf:group-0EBDB511F200 changes role from FOLLOWER to CANDIDATE at term 0 for changeToCandidate
2019-09-19 10:43:32,504 [Thread-3051] INFO  impl.RoleInfo (RoleInfo.java:updateAndGet(143)) - cc46da0f-c3d0-4319-b020-352cb15300cf: start LeaderElection
2019-09-19 10:43:32,504 [Thread-3057] INFO  impl.RoleInfo (RoleInfo.java:updateAndGet(143)) - cc46da0f-c3d0-4319-b020-352cb15300cf: start LeaderElection
2019-09-19 10:43:32,516 [cc46da0f-c3d0-4319-b020-352cb15300cf-SegmentedRaftLogWorker:Storage Directory /workdir/hadoop-ozone/ozonefs/target/test-dir/MiniOzoneClusterImpl-b710d106-2c58-4a4d-8c07-4cf143589938/datanode-0/data/ratis/94dfe92d-ae42-49ac-920d-a0ffb8cc4268] INFO  segmented.SegmentedRaftLogWorker (SegmentedRaftLogWorker.java:execute(569)) - cc46da0f-c3d0-4319-b020-352cb15300cf-SegmentedRaftLogWorker:Storage Directory /workdir/hadoop-ozone/ozonefs/target/test-dir/MiniOzoneClusterImpl-b710d106-2c58-4a4d-8c07-4cf143589938/datanode-0/data/ratis/94dfe92d-ae42-49ac-920d-a0ffb8cc4268: created new log segment /workdir/hadoop-ozone/ozonefs/target/test-dir/MiniOzoneClusterImpl-b710d106-2c58-4a4d-8c07-4cf143589938/datanode-0/data/ratis/94dfe92d-ae42-49ac-920d-a0ffb8cc4268/current/log_inprogress_0
2019-09-19 10:43:32,516 [cc46da0f-c3d0-4319-b020-352cb15300cf:group-0EBDB511F200:LeaderElection177] INFO  impl.LeaderElection (LeaderElection.java:askForVotes(181)) - cc46da0f-c3d0-4319-b020-352cb15300cf:group-0EBDB511F200:LeaderElection177: begin an election at term 1 for -1: [cc46da0f-c3d0-4319-b020-352cb15300cf:192.168.157.204:41413], old=null
2019-09-19 10:43:32,516 [cc46da0f-c3d0-4319-b020-352cb15300cf:group-1ACA73BF7B67:LeaderElection176] INFO  impl.LeaderElection (LeaderElection.java:askForVotes(181)) - cc46da0f-c3d0-4319-b020-352cb15300cf:group-1ACA73BF7B67:LeaderElection176: begin an election at term 1 for -1: [cc46da0f-c3d0-4319-b020-352cb15300cf:192.168.157.204:41413], old=null
2019-09-19 10:43:32,516 [150f2557-af2e-4ff4-a511-15deca74e85e-SegmentedRaftLogWorker:Storage Directory /workdir/hadoop-ozone/ozonefs/target/test-dir/MiniOzoneClusterImpl-b710d106-2c58-4a4d-8c07-4cf143589938/datanode-1/data/ratis/6c948c50-ad89-45be-a581-1b340934184d] INFO  segmented.SegmentedRaftLogWorker (SegmentedRaftLogWorker.java:execute(569)) - 150f2557-af2e-4ff4-a511-15deca74e85e-SegmentedRaftLogWorker:Storage Directory /workdir/hadoop-ozone/ozonefs/target/test-dir/MiniOzoneClusterImpl-b710d106-2c58-4a4d-8c07-4cf143589938/datanode-1/data/ratis/6c948c50-ad89-45be-a581-1b340934184d: created new log segment /workdir/hadoop-ozone/ozonefs/target/test-dir/MiniOzoneClusterImpl-b710d106-2c58-4a4d-8c07-4cf143589938/datanode-1/data/ratis/6c948c50-ad89-45be-a581-1b340934184d/current/log_inprogress_0
2019-09-19 10:43:32,516 [cc46da0f-c3d0-4319-b020-352cb15300cf:group-1ACA73BF7B67:LeaderElection176] INFO  impl.RoleInfo (RoleInfo.java:shutdownLeaderElection(134)) - cc46da0f-c3d0-4319-b020-352cb15300cf: shutdown LeaderElection
2019-09-19 10:43:32,516 [cc46da0f-c3d0-4319-b020-352cb15300cf:group-0EBDB511F200:LeaderElection177] INFO  impl.RoleInfo (RoleInfo.java:shutdownLeaderElection(134)) - cc46da0f-c3d0-4319-b020-352cb15300cf: shutdown LeaderElection
2019-09-19 10:43:32,516 [cc46da0f-c3d0-4319-b020-352cb15300cf:group-1ACA73BF7B67:LeaderElection176] INFO  impl.RaftServerImpl (RaftServerImpl.java:setRole(171)) - cc46da0f-c3d0-4319-b020-352cb15300cf:group-1ACA73BF7B67 changes role from CANDIDATE to LEADER at term 1 for changeToLeader
2019-09-19 10:43:32,517 [cc46da0f-c3d0-4319-b020-352cb15300cf:group-0EBDB511F200:LeaderElection177] INFO  impl.RaftServerImpl (RaftServerImpl.java:setRole(171)) - cc46da0f-c3d0-4319-b020-352cb15300cf:group-0EBDB511F200 changes role from CANDIDATE to LEADER at term 1 for changeToLeader
2019-09-19 10:43:32,517 [cc46da0f-c3d0-4319-b020-352cb15300cf:group-1ACA73BF7B67:LeaderElection176] INFO  impl.RaftServerImpl (ServerState.java:setLeader(263)) - cc46da0f-c3d0-4319-b020-352cb15300cf:group-1ACA73BF7B67 change Leader from null to cc46da0f-c3d0-4319-b020-352cb15300cf at term 1 for becomeLeader, leader elected after 5166ms
2019-09-19 10:43:32,517 [cc46da0f-c3d0-4319-b020-352cb15300cf:group-0EBDB511F200:LeaderElection177] INFO  impl.RaftServerImpl (ServerState.java:setLeader(263)) - cc46da0f-c3d0-4319-b020-352cb15300cf:group-0EBDB511F200 change Leader from null to cc46da0f-c3d0-4319-b020-352cb15300cf at term 1 for becomeLeader, leader elected after 5080ms
2019-09-19 10:43:32,517 [cc46da0f-c3d0-4319-b020-352cb15300cf:group-1ACA73BF7B67:LeaderElection176] INFO  server.RaftServerConfigKeys (ConfUtils.java:logGet(43)) - raft.server.staging.catchup.gap = 1000 (default)
2019-09-19 10:43:32,517 [cc46da0f-c3d0-4319-b020-352cb15300cf:group-0EBDB511F200:LeaderElection177] INFO  server.RaftServerConfigKeys (ConfUtils.java:logGet(43)) - raft.server.staging.catchup.gap = 1000 (default)
2019-09-19 10:43:32,517 [cc46da0f-c3d0-4319-b020-352cb15300cf:group-1ACA73BF7B67:LeaderElection176] INFO  server.RaftServerConfigKeys (ConfUtils.java:logGet(43)) - raft.server.rpc.sleep.time = 25ms (default)
2019-09-19 10:43:32,517 [cc46da0f-c3d0-4319-b020-352cb15300cf:group-0EBDB511F200:LeaderElection177] INFO  server.RaftServerConfigKeys (ConfUtils.java:logGet(43)) - raft.server.rpc.sleep.time = 25ms (default)
2019-09-19 10:43:32,517 [cc46da0f-c3d0-4319-b020-352cb15300cf:group-1ACA73BF7B67:LeaderElection176] INFO  server.RaftServerConfigKeys (ConfUtils.java:logGet(43)) - raft.server.write.element-limit = 4096 (default)
2019-09-19 10:43:32,517 [cc46da0f-c3d0-4319-b020-352cb15300cf:group-0EBDB511F200:LeaderElection177] INFO  server.RaftServerConfigKeys (ConfUtils.java:logGet(43)) - raft.server.write.element-limit = 4096 (default)
2019-09-19 10:43:32,518 [cc46da0f-c3d0-4319-b020-352cb15300cf:group-1ACA73BF7B67:LeaderElection176] INFO  server.RaftServerConfigKeys (ConfUtils.java:logGet(43)) - raft.server.watch.timeout = 10s (default)
2019-09-19 10:43:32,518 [cc46da0f-c3d0-4319-b020-352cb15300cf:group-0EBDB511F200:LeaderElection177] INFO  server.RaftServerConfigKeys (ConfUtils.java:logGet(43)) - raft.server.watch.timeout = 10s (default)
2019-09-19 10:43:32,518 [cc46da0f-c3d0-4319-b020-352cb15300cf:group-1ACA73BF7B67:LeaderElection176] INFO  server.RaftServerConfigKeys (ConfUtils.java:logGet(43)) - raft.server.watch.timeout.denomination = 1s (default)
2019-09-19 10:43:32,518 [cc46da0f-c3d0-4319-b020-352cb15300cf:group-0EBDB511F200:LeaderElection177] INFO  server.RaftServerConfigKeys (ConfUtils.java:logGet(43)) - raft.server.watch.timeout.denomination = 1s (default)
2019-09-19 10:43:32,518 [cc46da0f-c3d0-4319-b020-352cb15300cf:group-1ACA73BF7B67:LeaderElection176] INFO  server.RaftServerConfigKeys (ConfUtils.java:logGet(43)) - raft.server.watch.element-limit = 65536 (default)
2019-09-19 10:43:32,518 [cc46da0f-c3d0-4319-b020-352cb15300cf:group-0EBDB511F200:LeaderElection177] INFO  server.RaftServerConfigKeys (ConfUtils.java:logGet(43)) - raft.server.watch.element-limit = 65536 (default)
2019-09-19 10:43:32,518 [cc46da0f-c3d0-4319-b020-352cb15300cf:group-1ACA73BF7B67:LeaderElection176] INFO  impl.RoleInfo (RoleInfo.java:updateAndGet(143)) - cc46da0f-c3d0-4319-b020-352cb15300cf: start LeaderState
2019-09-19 10:43:32,518 [cc46da0f-c3d0-4319-b020-352cb15300cf:group-0EBDB511F200:LeaderElection177] INFO  impl.RoleInfo (RoleInfo.java:updateAndGet(143)) - cc46da0f-c3d0-4319-b020-352cb15300cf: start LeaderState
2019-09-19 10:43:32,519 [cc46da0f-c3d0-4319-b020-352cb15300cf:group-1ACA73BF7B67:LeaderElection176] INFO  segmented.SegmentedRaftLogWorker (SegmentedRaftLogWorker.java:startLogSegment(380)) - cc46da0f-c3d0-4319-b020-352cb15300cf-SegmentedRaftLogWorker:Storage Directory /workdir/hadoop-ozone/ozonefs/target/test-dir/MiniOzoneClusterImpl-b710d106-2c58-4a4d-8c07-4cf143589938/datanode-0/data/ratis/d789a118-ad01-4f62-b1d7-1aca73bf7b67: Starting segment from index:0
2019-09-19 10:43:32,519 [cc46da0f-c3d0-4319-b020-352cb15300cf:group-0EBDB511F200:LeaderElection177] INFO  segmented.SegmentedRaftLogWorker (SegmentedRaftLogWorker.java:startLogSegment(380)) - cc46da0f-c3d0-4319-b020-352cb15300cf-SegmentedRaftLogWorker:Storage Directory /workdir/hadoop-ozone/ozonefs/target/test-dir/MiniOzoneClusterImpl-b710d106-2c58-4a4d-8c07-4cf143589938/datanode-0/data/ratis/396766b9-3640-4ae7-ae48-0ebdb511f200: Starting segment from index:0
2019-09-19 10:43:32,519 [cc46da0f-c3d0-4319-b020-352cb15300cf:group-1ACA73BF7B67:LeaderElection176] INFO  impl.RaftServerImpl (ServerState.java:setRaftConf(361)) - cc46da0f-c3d0-4319-b020-352cb15300cf:group-1ACA73BF7B67 set configuration 0: [cc46da0f-c3d0-4319-b020-352cb15300cf:192.168.157.204:41413], old=null at 0
2019-09-19 10:43:32,551 [cc46da0f-c3d0-4319-b020-352cb15300cf:group-0EBDB511F200:LeaderElection177] INFO  impl.RaftServerImpl (ServerState.java:setRaftConf(361)) - cc46da0f-c3d0-4319-b020-352cb15300cf:group-0EBDB511F200 set configuration 0: [cc46da0f-c3d0-4319-b020-352cb15300cf:192.168.157.204:41413], old=null at 0
2019-09-19 10:43:32,554 [Thread-3060] INFO  impl.FollowerState (FollowerState.java:run(106)) - 150f2557-af2e-4ff4-a511-15deca74e85e:group-424AB17D9815 changes to CANDIDATE, lastRpcTime:5081, electionTimeout:5081ms
2019-09-19 10:43:32,555 [Thread-3060] INFO  impl.RoleInfo (RoleInfo.java:shutdownFollowerState(121)) - 150f2557-af2e-4ff4-a511-15deca74e85e: shutdown FollowerState
2019-09-19 10:43:32,555 [Thread-3060] INFO  impl.RaftServerImpl (RaftServerImpl.java:setRole(171)) - 150f2557-af2e-4ff4-a511-15deca74e85e:group-424AB17D9815 changes role from FOLLOWER to CANDIDATE at term 0 for changeToCandidate
2019-09-19 10:43:32,555 [Thread-3060] INFO  impl.RoleInfo (RoleInfo.java:updateAndGet(143)) - 150f2557-af2e-4ff4-a511-15deca74e85e: start LeaderElection
2019-09-19 10:43:32,564 [cc46da0f-c3d0-4319-b020-352cb15300cf-SegmentedRaftLogWorker:Storage Directory /workdir/hadoop-ozone/ozonefs/target/test-dir/MiniOzoneClusterImpl-b710d106-2c58-4a4d-8c07-4cf143589938/datanode-0/data/ratis/d789a118-ad01-4f62-b1d7-1aca73bf7b67] INFO  segmented.SegmentedRaftLogWorker (SegmentedRaftLogWorker.java:execute(569)) - cc46da0f-c3d0-4319-b020-352cb15300cf-SegmentedRaftLogWorker:Storage Directory /workdir/hadoop-ozone/ozonefs/target/test-dir/MiniOzoneClusterImpl-b710d106-2c58-4a4d-8c07-4cf143589938/datanode-0/data/ratis/d789a118-ad01-4f62-b1d7-1aca73bf7b67: created new log segment /workdir/hadoop-ozone/ozonefs/target/test-dir/MiniOzoneClusterImpl-b710d106-2c58-4a4d-8c07-4cf143589938/datanode-0/data/ratis/d789a118-ad01-4f62-b1d7-1aca73bf7b67/current/log_inprogress_0
2019-09-19 10:43:32,564 [150f2557-af2e-4ff4-a511-15deca74e85e:group-424AB17D9815:LeaderElection178] INFO  impl.LeaderElection (LeaderElection.java:askForVotes(181)) - 150f2557-af2e-4ff4-a511-15deca74e85e:group-424AB17D9815:LeaderElection178: begin an election at term 1 for -1: [150f2557-af2e-4ff4-a511-15deca74e85e:192.168.157.204:43817], old=null
2019-09-19 10:43:32,564 [cc46da0f-c3d0-4319-b020-352cb15300cf-SegmentedRaftLogWorker:Storage Directory /workdir/hadoop-ozone/ozonefs/target/test-dir/MiniOzoneClusterImpl-b710d106-2c58-4a4d-8c07-4cf143589938/datanode-0/data/ratis/396766b9-3640-4ae7-ae48-0ebdb511f200] INFO  segmented.SegmentedRaftLogWorker (SegmentedRaftLogWorker.java:execute(569)) - cc46da0f-c3d0-4319-b020-352cb15300cf-SegmentedRaftLogWorker:Storage Directory /workdir/hadoop-ozone/ozonefs/target/test-dir/MiniOzoneClusterImpl-b710d106-2c58-4a4d-8c07-4cf143589938/datanode-0/data/ratis/396766b9-3640-4ae7-ae48-0ebdb511f200: created new log segment /workdir/hadoop-ozone/ozonefs/target/test-dir/MiniOzoneClusterImpl-b710d106-2c58-4a4d-8c07-4cf143589938/datanode-0/data/ratis/396766b9-3640-4ae7-ae48-0ebdb511f200/current/log_inprogress_0
2019-09-19 10:43:32,564 [150f2557-af2e-4ff4-a511-15deca74e85e:group-424AB17D9815:LeaderElection178] INFO  impl.RoleInfo (RoleInfo.java:shutdownLeaderElection(134)) - 150f2557-af2e-4ff4-a511-15deca74e85e: shutdown LeaderElection
2019-09-19 10:43:32,564 [150f2557-af2e-4ff4-a511-15deca74e85e:group-424AB17D9815:LeaderElection178] INFO  impl.RaftServerImpl (RaftServerImpl.java:setRole(171)) - 150f2557-af2e-4ff4-a511-15deca74e85e:group-424AB17D9815 changes role from CANDIDATE to LEADER at term 1 for changeToLeader
2019-09-19 10:43:32,565 [150f2557-af2e-4ff4-a511-15deca74e85e:group-424AB17D9815:LeaderElection178] INFO  impl.RaftServerImpl (ServerState.java:setLeader(263)) - 150f2557-af2e-4ff4-a511-15deca74e85e:group-424AB17D9815 change Leader from null to 150f2557-af2e-4ff4-a511-15deca74e85e at term 1 for becomeLeader, leader elected after 5095ms
2019-09-19 10:43:32,565 [150f2557-af2e-4ff4-a511-15deca74e85e:group-424AB17D9815:LeaderElection178] INFO  server.RaftServerConfigKeys (ConfUtils.java:logGet(43)) - raft.server.staging.catchup.gap = 1000 (default)
2019-09-19 10:43:32,565 [150f2557-af2e-4ff4-a511-15deca74e85e:group-424AB17D9815:LeaderElection178] INFO  server.RaftServerConfigKeys (ConfUtils.java:logGet(43)) - raft.server.rpc.sleep.time = 25ms (default)
2019-09-19 10:43:32,565 [150f2557-af2e-4ff4-a511-15deca74e85e:group-424AB17D9815:LeaderElection178] INFO  server.RaftServerConfigKeys (ConfUtils.java:logGet(43)) - raft.server.write.element-limit = 4096 (default)
2019-09-19 10:43:32,565 [150f2557-af2e-4ff4-a511-15deca74e85e:group-424AB17D9815:LeaderElection178] INFO  server.RaftServerConfigKeys (ConfUtils.java:logGet(43)) - raft.server.watch.timeout = 10s (default)
2019-09-19 10:43:32,565 [150f2557-af2e-4ff4-a511-15deca74e85e:group-424AB17D9815:LeaderElection178] INFO  server.RaftServerConfigKeys (ConfUtils.java:logGet(43)) - raft.server.watch.timeout.denomination = 1s (default)
2019-09-19 10:43:32,566 [150f2557-af2e-4ff4-a511-15deca74e85e:group-424AB17D9815:LeaderElection178] INFO  server.RaftServerConfigKeys (ConfUtils.java:logGet(43)) - raft.server.watch.element-limit = 65536 (default)
2019-09-19 10:43:32,566 [150f2557-af2e-4ff4-a511-15deca74e85e:group-424AB17D9815:LeaderElection178] INFO  impl.RoleInfo (RoleInfo.java:updateAndGet(143)) - 150f2557-af2e-4ff4-a511-15deca74e85e: start LeaderState
2019-09-19 10:43:32,566 [150f2557-af2e-4ff4-a511-15deca74e85e:group-424AB17D9815:LeaderElection178] INFO  segmented.SegmentedRaftLogWorker (SegmentedRaftLogWorker.java:startLogSegment(380)) - 150f2557-af2e-4ff4-a511-15deca74e85e-SegmentedRaftLogWorker:Storage Directory /workdir/hadoop-ozone/ozonefs/target/test-dir/MiniOzoneClusterImpl-b710d106-2c58-4a4d-8c07-4cf143589938/datanode-1/data/ratis/be2febcd-da62-48c4-adc2-424ab17d9815: Starting segment from index:0
2019-09-19 10:43:32,567 [150f2557-af2e-4ff4-a511-15deca74e85e:group-424AB17D9815:LeaderElection178] INFO  impl.RaftServerImpl (ServerState.java:setRaftConf(361)) - 150f2557-af2e-4ff4-a511-15deca74e85e:group-424AB17D9815 set configuration 0: [150f2557-af2e-4ff4-a511-15deca74e85e:192.168.157.204:43817], old=null at 0
2019-09-19 10:43:32,611 [150f2557-af2e-4ff4-a511-15deca74e85e-SegmentedRaftLogWorker:Storage Directory /workdir/hadoop-ozone/ozonefs/target/test-dir/MiniOzoneClusterImpl-b710d106-2c58-4a4d-8c07-4cf143589938/datanode-1/data/ratis/be2febcd-da62-48c4-adc2-424ab17d9815] INFO  segmented.SegmentedRaftLogWorker (SegmentedRaftLogWorker.java:execute(569)) - 150f2557-af2e-4ff4-a511-15deca74e85e-SegmentedRaftLogWorker:Storage Directory /workdir/hadoop-ozone/ozonefs/target/test-dir/MiniOzoneClusterImpl-b710d106-2c58-4a4d-8c07-4cf143589938/datanode-1/data/ratis/be2febcd-da62-48c4-adc2-424ab17d9815: created new log segment /workdir/hadoop-ozone/ozonefs/target/test-dir/MiniOzoneClusterImpl-b710d106-2c58-4a4d-8c07-4cf143589938/datanode-1/data/ratis/be2febcd-da62-48c4-adc2-424ab17d9815/current/log_inprogress_0
2019-09-19 10:43:32,631 [Thread-3063] INFO  impl.FollowerState (FollowerState.java:run(106)) - 150f2557-af2e-4ff4-a511-15deca74e85e:group-E2651A0494FC changes to CANDIDATE, lastRpcTime:5118, electionTimeout:5118ms
2019-09-19 10:43:32,632 [Thread-3063] INFO  impl.RoleInfo (RoleInfo.java:shutdownFollowerState(121)) - 150f2557-af2e-4ff4-a511-15deca74e85e: shutdown FollowerState
2019-09-19 10:43:32,632 [Thread-3063] INFO  impl.RaftServerImpl (RaftServerImpl.java:setRole(171)) - 150f2557-af2e-4ff4-a511-15deca74e85e:group-E2651A0494FC changes role from FOLLOWER to CANDIDATE at term 0 for changeToCandidate
2019-09-19 10:43:32,632 [Thread-3063] INFO  impl.RoleInfo (RoleInfo.java:updateAndGet(143)) - 150f2557-af2e-4ff4-a511-15deca74e85e: start LeaderElection
2019-09-19 10:43:32,643 [Thread-3069] INFO  impl.FollowerState (FollowerState.java:run(106)) - 150f2557-af2e-4ff4-a511-15deca74e85e:group-3DC4B712305D changes to CANDIDATE, lastRpcTime:5043, electionTimeout:5043ms
2019-09-19 10:43:32,643 [Thread-3069] INFO  impl.RoleInfo (RoleInfo.java:shutdownFollowerState(121)) - 150f2557-af2e-4ff4-a511-15deca74e85e: shutdown FollowerState
2019-09-19 10:43:32,644 [Thread-3069] INFO  impl.RaftServerImpl (RaftServerImpl.java:setRole(171)) - 150f2557-af2e-4ff4-a511-15deca74e85e:group-3DC4B712305D changes role from FOLLOWER to CANDIDATE at term 0 for changeToCandidate
2019-09-19 10:43:32,644 [Thread-3069] INFO  impl.RoleInfo (RoleInfo.java:updateAndGet(143)) - 150f2557-af2e-4ff4-a511-15deca74e85e: start LeaderElection
2019-09-19 10:43:32,644 [150f2557-af2e-4ff4-a511-15deca74e85e:group-E2651A0494FC:LeaderElection179] INFO  impl.LeaderElection (LeaderElection.java:askForVotes(181)) - 150f2557-af2e-4ff4-a511-15deca74e85e:group-E2651A0494FC:LeaderElection179: begin an election at term 1 for -1: [150f2557-af2e-4ff4-a511-15deca74e85e:192.168.157.204:43817], old=null
2019-09-19 10:43:32,644 [150f2557-af2e-4ff4-a511-15deca74e85e:group-E2651A0494FC:LeaderElection179] INFO  impl.RoleInfo (RoleInfo.java:shutdownLeaderElection(134)) - 150f2557-af2e-4ff4-a511-15deca74e85e: shutdown LeaderElection
2019-09-19 10:43:32,644 [150f2557-af2e-4ff4-a511-15deca74e85e:group-E2651A0494FC:LeaderElection179] INFO  impl.RaftServerImpl (RaftServerImpl.java:setRole(171)) - 150f2557-af2e-4ff4-a511-15deca74e85e:group-E2651A0494FC changes role from CANDIDATE to LEADER at term 1 for changeToLeader
2019-09-19 10:43:32,645 [150f2557-af2e-4ff4-a511-15deca74e85e:group-E2651A0494FC:LeaderElection179] INFO  impl.RaftServerImpl (ServerState.java:setLeader(263)) - 150f2557-af2e-4ff4-a511-15deca74e85e:group-E2651A0494FC change Leader from null to 150f2557-af2e-4ff4-a511-15deca74e85e at term 1 for becomeLeader, leader elected after 5135ms
2019-09-19 10:43:32,645 [150f2557-af2e-4ff4-a511-15deca74e85e:group-E2651A0494FC:LeaderElection179] INFO  server.RaftServerConfigKeys (ConfUtils.java:logGet(43)) - raft.server.staging.catchup.gap = 1000 (default)
2019-09-19 10:43:32,645 [150f2557-af2e-4ff4-a511-15deca74e85e:group-E2651A0494FC:LeaderElection179] INFO  server.RaftServerConfigKeys (ConfUtils.java:logGet(43)) - raft.server.rpc.sleep.time = 25ms (default)
2019-09-19 10:43:32,651 [Thread-3066] INFO  impl.FollowerState (FollowerState.java:run(106)) - 150f2557-af2e-4ff4-a511-15deca74e85e:group-D88193EC3C03 changes to CANDIDATE, lastRpcTime:5096, electionTimeout:5096ms
2019-09-19 10:43:32,652 [Thread-3066] INFO  impl.RoleInfo (RoleInfo.java:shutdownFollowerState(121)) - 150f2557-af2e-4ff4-a511-15deca74e85e: shutdown FollowerState
2019-09-19 10:43:32,652 [Thread-3066] INFO  impl.RaftServerImpl (RaftServerImpl.java:setRole(171)) - 150f2557-af2e-4ff4-a511-15deca74e85e:group-D88193EC3C03 changes role from FOLLOWER to CANDIDATE at term 0 for changeToCandidate
2019-09-19 10:43:32,686 [Thread-3072] INFO  impl.FollowerState (FollowerState.java:run(106)) - bd77eb86-d949-4b39-b9de-a79d79cc61f0:group-3C554CAD1B5A changes to CANDIDATE, lastRpcTime:5039, electionTimeout:5039ms
2019-09-19 10:43:32,686 [Thread-3072] INFO  impl.RoleInfo (RoleInfo.java:shutdownFollowerState(121)) - bd77eb86-d949-4b39-b9de-a79d79cc61f0: shutdown FollowerState
2019-09-19 10:43:32,686 [Thread-3072] INFO  impl.RaftServerImpl (RaftServerImpl.java:setRole(171)) - bd77eb86-d949-4b39-b9de-a79d79cc61f0:group-3C554CAD1B5A changes role from FOLLOWER to CANDIDATE at term 0 for changeToCandidate
2019-09-19 10:43:32,770 [Thread-3081] INFO  impl.FollowerState (FollowerState.java:run(106)) - bd77eb86-d949-4b39-b9de-a79d79cc61f0:group-1B2C056C3871 changes to CANDIDATE, lastRpcTime:5006, electionTimeout:5006ms
2019-09-19 10:43:32,770 [Thread-3081] INFO  impl.RoleInfo (RoleInfo.java:shutdownFollowerState(121)) - bd77eb86-d949-4b39-b9de-a79d79cc61f0: shutdown FollowerState
2019-09-19 10:43:32,770 [Thread-3081] INFO  impl.RaftServerImpl (RaftServerImpl.java:setRole(171)) - bd77eb86-d949-4b39-b9de-a79d79cc61f0:group-1B2C056C3871 changes role from FOLLOWER to CANDIDATE at term 0 for changeToCandidate
2019-09-19 10:43:32,821 [Thread-3081] INFO  impl.RoleInfo (RoleInfo.java:updateAndGet(143)) - bd77eb86-d949-4b39-b9de-a79d79cc61f0: start LeaderElection
2019-09-19 10:43:32,821 [150f2557-af2e-4ff4-a511-15deca74e85e:group-E2651A0494FC:LeaderElection179] INFO  server.RaftServerConfigKeys (ConfUtils.java:logGet(43)) - raft.server.write.element-limit = 4096 (default)
2019-09-19 10:43:32,821 [Thread-3066] INFO  impl.RoleInfo (RoleInfo.java:updateAndGet(143)) - 150f2557-af2e-4ff4-a511-15deca74e85e: start LeaderElection
2019-09-19 10:43:32,821 [Thread-3072] INFO  impl.RoleInfo (RoleInfo.java:updateAndGet(143)) - bd77eb86-d949-4b39-b9de-a79d79cc61f0: start LeaderElection
2019-09-19 10:43:32,825 [150f2557-af2e-4ff4-a511-15deca74e85e:group-E2651A0494FC:LeaderElection179] INFO  server.RaftServerConfigKeys (ConfUtils.java:logGet(43)) - raft.server.watch.timeout = 10s (default)
2019-09-19 10:43:32,828 [150f2557-af2e-4ff4-a511-15deca74e85e:group-E2651A0494FC:LeaderElection179] INFO  server.RaftServerConfigKeys (ConfUtils.java:logGet(43)) - raft.server.watch.timeout.denomination = 1s (default)
2019-09-19 10:43:32,828 [150f2557-af2e-4ff4-a511-15deca74e85e:group-E2651A0494FC:LeaderElection179] INFO  server.RaftServerConfigKeys (ConfUtils.java:logGet(43)) - raft.server.watch.element-limit = 65536 (default)
2019-09-19 10:43:32,828 [150f2557-af2e-4ff4-a511-15deca74e85e:group-E2651A0494FC:LeaderElection179] INFO  impl.RoleInfo (RoleInfo.java:updateAndGet(143)) - 150f2557-af2e-4ff4-a511-15deca74e85e: start LeaderState
2019-09-19 10:43:32,828 [150f2557-af2e-4ff4-a511-15deca74e85e:group-E2651A0494FC:LeaderElection179] INFO  segmented.SegmentedRaftLogWorker (SegmentedRaftLogWorker.java:startLogSegment(380)) - 150f2557-af2e-4ff4-a511-15deca74e85e-SegmentedRaftLogWorker:Storage Directory /workdir/hadoop-ozone/ozonefs/target/test-dir/MiniOzoneClusterImpl-b710d106-2c58-4a4d-8c07-4cf143589938/datanode-1/data/ratis/c2d1f37c-31cd-4bb9-bcdb-e2651a0494fc: Starting segment from index:0
2019-09-19 10:43:32,828 [150f2557-af2e-4ff4-a511-15deca74e85e:group-E2651A0494FC:LeaderElection179] INFO  impl.RaftServerImpl (ServerState.java:setRaftConf(361)) - 150f2557-af2e-4ff4-a511-15deca74e85e:group-E2651A0494FC set configuration 0: [150f2557-af2e-4ff4-a511-15deca74e85e:192.168.157.204:43817], old=null at 0
2019-09-19 10:43:32,853 [Thread-3078] INFO  impl.FollowerState (FollowerState.java:run(106)) - bd77eb86-d949-4b39-b9de-a79d79cc61f0:group-A51A3BD27FFB changes to CANDIDATE, lastRpcTime:5130, electionTimeout:5112ms
2019-09-19 10:43:32,853 [150f2557-af2e-4ff4-a511-15deca74e85e:group-D88193EC3C03:LeaderElection181] INFO  impl.LeaderElection (LeaderElection.java:askForVotes(181)) - 150f2557-af2e-4ff4-a511-15deca74e85e:group-D88193EC3C03:LeaderElection181: begin an election at term 1 for -1: [150f2557-af2e-4ff4-a511-15deca74e85e:192.168.157.204:43817], old=null
2019-09-19 10:43:32,853 [150f2557-af2e-4ff4-a511-15deca74e85e:group-3DC4B712305D:LeaderElection180] INFO  impl.LeaderElection (LeaderElection.java:askForVotes(181)) - 150f2557-af2e-4ff4-a511-15deca74e85e:group-3DC4B712305D:LeaderElection180: begin an election at term 1 for -1: [150f2557-af2e-4ff4-a511-15deca74e85e:192.168.157.204:43817], old=null
2019-09-19 10:43:32,853 [bd77eb86-d949-4b39-b9de-a79d79cc61f0:group-3C554CAD1B5A:LeaderElection182] INFO  impl.LeaderElection (LeaderElection.java:askForVotes(181)) - bd77eb86-d949-4b39-b9de-a79d79cc61f0:group-3C554CAD1B5A:LeaderElection182: begin an election at term 1 for -1: [bd77eb86-d949-4b39-b9de-a79d79cc61f0:192.168.157.204:36361], old=null
2019-09-19 10:43:32,853 [bd77eb86-d949-4b39-b9de-a79d79cc61f0:group-1B2C056C3871:LeaderElection183] INFO  impl.LeaderElection (LeaderElection.java:askForVotes(181)) - bd77eb86-d949-4b39-b9de-a79d79cc61f0:group-1B2C056C3871:LeaderElection183: begin an election at term 1 for -1: [bd77eb86-d949-4b39-b9de-a79d79cc61f0:192.168.157.204:36361], old=null
2019-09-19 10:43:32,854 [bd77eb86-d949-4b39-b9de-a79d79cc61f0:group-3C554CAD1B5A:LeaderElection182] INFO  impl.RoleInfo (RoleInfo.java:shutdownLeaderElection(134)) - bd77eb86-d949-4b39-b9de-a79d79cc61f0: shutdown LeaderElection
2019-09-19 10:43:32,854 [150f2557-af2e-4ff4-a511-15deca74e85e:group-3DC4B712305D:LeaderElection180] INFO  impl.RoleInfo (RoleInfo.java:shutdownLeaderElection(134)) - 150f2557-af2e-4ff4-a511-15deca74e85e: shutdown LeaderElection
2019-09-19 10:43:32,854 [150f2557-af2e-4ff4-a511-15deca74e85e:group-D88193EC3C03:LeaderElection181] INFO  impl.RoleInfo (RoleInfo.java:shutdownLeaderElection(134)) - 150f2557-af2e-4ff4-a511-15deca74e85e: shutdown LeaderElection
2019-09-19 10:43:32,854 [150f2557-af2e-4ff4-a511-15deca74e85e:group-D88193EC3C03:LeaderElection181] INFO  impl.RaftServerImpl (RaftServerImpl.java:setRole(171)) - 150f2557-af2e-4ff4-a511-15deca74e85e:group-D88193EC3C03 changes role from CANDIDATE to LEADER at term 1 for changeToLeader
2019-09-19 10:43:32,854 [Thread-3078] INFO  impl.RoleInfo (RoleInfo.java:shutdownFollowerState(121)) - bd77eb86-d949-4b39-b9de-a79d79cc61f0: shutdown FollowerState
2019-09-19 10:43:32,854 [150f2557-af2e-4ff4-a511-15deca74e85e:group-D88193EC3C03:LeaderElection181] INFO  impl.RaftServerImpl (ServerState.java:setLeader(263)) - 150f2557-af2e-4ff4-a511-15deca74e85e:group-D88193EC3C03 change Leader from null to 150f2557-af2e-4ff4-a511-15deca74e85e at term 1 for becomeLeader, leader elected after 5302ms
2019-09-19 10:43:32,854 [150f2557-af2e-4ff4-a511-15deca74e85e:group-3DC4B712305D:LeaderElection180] INFO  impl.RaftServerImpl (RaftServerImpl.java:setRole(171)) - 150f2557-af2e-4ff4-a511-15deca74e85e:group-3DC4B712305D changes role from CANDIDATE to LEADER at term 1 for changeToLeader
2019-09-19 10:43:32,854 [150f2557-af2e-4ff4-a511-15deca74e85e:group-D88193EC3C03:LeaderElection181] INFO  server.RaftServerConfigKeys (ConfUtils.java:logGet(43)) - raft.server.staging.catchup.gap = 1000 (default)
2019-09-19 10:43:32,854 [bd77eb86-d949-4b39-b9de-a79d79cc61f0:group-3C554CAD1B5A:LeaderElection182] INFO  impl.RaftServerImpl (RaftServerImpl.java:setRole(171)) - bd77eb86-d949-4b39-b9de-a79d79cc61f0:group-3C554CAD1B5A changes role from CANDIDATE to LEADER at term 1 for changeToLeader
2019-09-19 10:43:32,854 [bd77eb86-d949-4b39-b9de-a79d79cc61f0:group-3C554CAD1B5A:LeaderElection182] INFO  impl.RaftServerImpl (ServerState.java:setLeader(263)) - bd77eb86-d949-4b39-b9de-a79d79cc61f0:group-3C554CAD1B5A change Leader from null to bd77eb86-d949-4b39-b9de-a79d79cc61f0 at term 1 for becomeLeader, leader elected after 5212ms
2019-09-19 10:43:32,854 [bd77eb86-d949-4b39-b9de-a79d79cc61f0:group-1B2C056C3871:LeaderElection183] INFO  impl.RoleInfo (RoleInfo.java:shutdownLeaderElection(134)) - bd77eb86-d949-4b39-b9de-a79d79cc61f0: shutdown LeaderElection
2019-09-19 10:43:32,855 [bd77eb86-d949-4b39-b9de-a79d79cc61f0:group-3C554CAD1B5A:LeaderElection182] INFO  server.RaftServerConfigKeys (ConfUtils.java:logGet(43)) - raft.server.staging.catchup.gap = 1000 (default)
2019-09-19 10:43:32,854 [150f2557-af2e-4ff4-a511-15deca74e85e:group-D88193EC3C03:LeaderElection181] INFO  server.RaftServerConfigKeys (ConfUtils.java:logGet(43)) - raft.server.rpc.sleep.time = 25ms (default)
2019-09-19 10:43:32,854 [150f2557-af2e-4ff4-a511-15deca74e85e:group-3DC4B712305D:LeaderElection180] INFO  impl.RaftServerImpl (ServerState.java:setLeader(263)) - 150f2557-af2e-4ff4-a511-15deca74e85e:group-3DC4B712305D change Leader from null to 150f2557-af2e-4ff4-a511-15deca74e85e at term 1 for becomeLeader, leader elected after 5258ms
2019-09-19 10:43:32,854 [Thread-3078] INFO  impl.RaftServerImpl (RaftServerImpl.java:setRole(171)) - bd77eb86-d949-4b39-b9de-a79d79cc61f0:group-A51A3BD27FFB changes role from FOLLOWER to CANDIDATE at term 0 for changeToCandidate
2019-09-19 10:43:32,855 [150f2557-af2e-4ff4-a511-15deca74e85e:group-3DC4B712305D:LeaderElection180] INFO  server.RaftServerConfigKeys (ConfUtils.java:logGet(43)) - raft.server.staging.catchup.gap = 1000 (default)
2019-09-19 10:43:32,855 [150f2557-af2e-4ff4-a511-15deca74e85e:group-D88193EC3C03:LeaderElection181] INFO  server.RaftServerConfigKeys (ConfUtils.java:logGet(43)) - raft.server.write.element-limit = 4096 (default)
2019-09-19 10:43:32,855 [bd77eb86-d949-4b39-b9de-a79d79cc61f0:group-3C554CAD1B5A:LeaderElection182] INFO  server.RaftServerConfigKeys (ConfUtils.java:logGet(43)) - raft.server.rpc.sleep.time = 25ms (default)
2019-09-19 10:43:32,855 [bd77eb86-d949-4b39-b9de-a79d79cc61f0:group-1B2C056C3871:LeaderElection183] INFO  impl.RaftServerImpl (RaftServerImpl.java:setRole(171)) - bd77eb86-d949-4b39-b9de-a79d79cc61f0:group-1B2C056C3871 changes role from CANDIDATE to LEADER at term 1 for changeToLeader
2019-09-19 10:43:32,855 [bd77eb86-d949-4b39-b9de-a79d79cc61f0:group-3C554CAD1B5A:LeaderElection182] INFO  server.RaftServerConfigKeys (ConfUtils.java:logGet(43)) - raft.server.write.element-limit = 4096 (default)
2019-09-19 10:43:32,855 [150f2557-af2e-4ff4-a511-15deca74e85e:group-D88193EC3C03:LeaderElection181] INFO  server.RaftServerConfigKeys (ConfUtils.java:logGet(43)) - raft.server.watch.timeout = 10s (default)
2019-09-19 10:43:32,855 [150f2557-af2e-4ff4-a511-15deca74e85e:group-3DC4B712305D:LeaderElection180] INFO  server.RaftServerConfigKeys (ConfUtils.java:logGet(43)) - raft.server.rpc.sleep.time = 25ms (default)
2019-09-19 10:43:32,855 [Thread-3078] INFO  impl.RoleInfo (RoleInfo.java:updateAndGet(143)) - bd77eb86-d949-4b39-b9de-a79d79cc61f0: start LeaderElection
2019-09-19 10:43:32,855 [150f2557-af2e-4ff4-a511-15deca74e85e:group-3DC4B712305D:LeaderElection180] INFO  server.RaftServerConfigKeys (ConfUtils.java:logGet(43)) - raft.server.write.element-limit = 4096 (default)
2019-09-19 10:43:32,855 [150f2557-af2e-4ff4-a511-15deca74e85e:group-D88193EC3C03:LeaderElection181] INFO  server.RaftServerConfigKeys (ConfUtils.java:logGet(43)) - raft.server.watch.timeout.denomination = 1s (default)
2019-09-19 10:43:32,855 [bd77eb86-d949-4b39-b9de-a79d79cc61f0:group-3C554CAD1B5A:LeaderElection182] INFO  server.RaftServerConfigKeys (ConfUtils.java:logGet(43)) - raft.server.watch.timeout = 10s (default)
2019-09-19 10:43:32,855 [bd77eb86-d949-4b39-b9de-a79d79cc61f0:group-1B2C056C3871:LeaderElection183] INFO  impl.RaftServerImpl (ServerState.java:setLeader(263)) - bd77eb86-d949-4b39-b9de-a79d79cc61f0:group-1B2C056C3871 change Leader from null to bd77eb86-d949-4b39-b9de-a79d79cc61f0 at term 1 for becomeLeader, leader elected after 5095ms
2019-09-19 10:43:32,856 [bd77eb86-d949-4b39-b9de-a79d79cc61f0:group-3C554CAD1B5A:LeaderElection182] INFO  server.RaftServerConfigKeys (ConfUtils.java:logGet(43)) - raft.server.watch.timeout.denomination = 1s (default)
2019-09-19 10:43:32,856 [150f2557-af2e-4ff4-a511-15deca74e85e:group-D88193EC3C03:LeaderElection181] INFO  server.RaftServerConfigKeys (ConfUtils.java:logGet(43)) - raft.server.watch.element-limit = 65536 (default)
2019-09-19 10:43:32,856 [150f2557-af2e-4ff4-a511-15deca74e85e:group-3DC4B712305D:LeaderElection180] INFO  server.RaftServerConfigKeys (ConfUtils.java:logGet(43)) - raft.server.watch.timeout = 10s (default)
2019-09-19 10:43:32,857 [150f2557-af2e-4ff4-a511-15deca74e85e:group-D88193EC3C03:LeaderElection181] INFO  impl.RoleInfo (RoleInfo.java:updateAndGet(143)) - 150f2557-af2e-4ff4-a511-15deca74e85e: start LeaderState
2019-09-19 10:43:32,857 [bd77eb86-d949-4b39-b9de-a79d79cc61f0:group-3C554CAD1B5A:LeaderElection182] INFO  server.RaftServerConfigKeys (ConfUtils.java:logGet(43)) - raft.server.watch.element-limit = 65536 (default)
2019-09-19 10:43:32,857 [bd77eb86-d949-4b39-b9de-a79d79cc61f0:group-1B2C056C3871:LeaderElection183] INFO  server.RaftServerConfigKeys (ConfUtils.java:logGet(43)) - raft.server.staging.catchup.gap = 1000 (default)
2019-09-19 10:43:32,858 [bd77eb86-d949-4b39-b9de-a79d79cc61f0:group-3C554CAD1B5A:LeaderElection182] INFO  impl.RoleInfo (RoleInfo.java:updateAndGet(143)) - bd77eb86-d949-4b39-b9de-a79d79cc61f0: start LeaderState
2019-09-19 10:43:32,858 [150f2557-af2e-4ff4-a511-15deca74e85e:group-D88193EC3C03:LeaderElection181] INFO  segmented.SegmentedRaftLogWorker (SegmentedRaftLogWorker.java:startLogSegment(380)) - 150f2557-af2e-4ff4-a511-15deca74e85e-SegmentedRaftLogWorker:Storage Directory /workdir/hadoop-ozone/ozonefs/target/test-dir/MiniOzoneClusterImpl-b710d106-2c58-4a4d-8c07-4cf143589938/datanode-1/data/ratis/ab3ccab6-e743-4c12-a330-d88193ec3c03: Starting segment from index:0
2019-09-19 10:43:32,858 [150f2557-af2e-4ff4-a511-15deca74e85e:group-3DC4B712305D:LeaderElection180] INFO  server.RaftServerConfigKeys (ConfUtils.java:logGet(43)) - raft.server.watch.timeout.denomination = 1s (default)
2019-09-19 10:43:32,858 [bd77eb86-d949-4b39-b9de-a79d79cc61f0:group-3C554CAD1B5A:LeaderElection182] INFO  segmented.SegmentedRaftLogWorker (SegmentedRaftLogWorker.java:startLogSegment(380)) - bd77eb86-d949-4b39-b9de-a79d79cc61f0-SegmentedRaftLogWorker:Storage Directory /workdir/hadoop-ozone/ozonefs/target/test-dir/MiniOzoneClusterImpl-b710d106-2c58-4a4d-8c07-4cf143589938/datanode-2/data/ratis/8c73681a-a300-4cf3-97a0-3c554cad1b5a: Starting segment from index:0
2019-09-19 10:43:32,858 [bd77eb86-d949-4b39-b9de-a79d79cc61f0:group-1B2C056C3871:LeaderElection183] INFO  server.RaftServerConfigKeys (ConfUtils.java:logGet(43)) - raft.server.rpc.sleep.time = 25ms (default)
2019-09-19 10:43:32,858 [150f2557-af2e-4ff4-a511-15deca74e85e:group-D88193EC3C03:LeaderElection181] INFO  impl.RaftServerImpl (ServerState.java:setRaftConf(361)) - 150f2557-af2e-4ff4-a511-15deca74e85e:group-D88193EC3C03 set configuration 0: [150f2557-af2e-4ff4-a511-15deca74e85e:192.168.157.204:43817], old=null at 0
2019-09-19 10:43:32,858 [150f2557-af2e-4ff4-a511-15deca74e85e:group-3DC4B712305D:LeaderElection180] INFO  server.RaftServerConfigKeys (ConfUtils.java:logGet(43)) - raft.server.watch.element-limit = 65536 (default)
2019-09-19 10:43:32,858 [bd77eb86-d949-4b39-b9de-a79d79cc61f0:group-1B2C056C3871:LeaderElection183] INFO  server.RaftServerConfigKeys (ConfUtils.java:logGet(43)) - raft.server.write.element-limit = 4096 (default)
2019-09-19 10:43:32,858 [bd77eb86-d949-4b39-b9de-a79d79cc61f0:group-3C554CAD1B5A:LeaderElection182] INFO  impl.RaftServerImpl (ServerState.java:setRaftConf(361)) - bd77eb86-d949-4b39-b9de-a79d79cc61f0:group-3C554CAD1B5A set configuration 0: [bd77eb86-d949-4b39-b9de-a79d79cc61f0:192.168.157.204:36361], old=null at 0
2019-09-19 10:43:32,860 [bd77eb86-d949-4b39-b9de-a79d79cc61f0:group-1B2C056C3871:LeaderElection183] INFO  server.RaftServerConfigKeys (ConfUtils.java:logGet(43)) - raft.server.watch.timeout = 10s (default)
2019-09-19 10:43:32,860 [150f2557-af2e-4ff4-a511-15deca74e85e:group-3DC4B712305D:LeaderElection180] INFO  impl.RoleInfo (RoleInfo.java:updateAndGet(143)) - 150f2557-af2e-4ff4-a511-15deca74e85e: start LeaderState
2019-09-19 10:43:32,886 [bd77eb86-d949-4b39-b9de-a79d79cc61f0:group-1B2C056C3871:LeaderElection183] INFO  server.RaftServerConfigKeys (ConfUtils.java:logGet(43)) - raft.server.watch.timeout.denomination = 1s (default)
2019-09-19 10:43:32,886 [bd77eb86-d949-4b39-b9de-a79d79cc61f0:group-1B2C056C3871:LeaderElection183] INFO  server.RaftServerConfigKeys (ConfUtils.java:logGet(43)) - raft.server.watch.element-limit = 65536 (default)
2019-09-19 10:43:32,886 [bd77eb86-d949-4b39-b9de-a79d79cc61f0:group-A51A3BD27FFB:LeaderElection184] INFO  impl.LeaderElection (LeaderElection.java:askForVotes(181)) - bd77eb86-d949-4b39-b9de-a79d79cc61f0:group-A51A3BD27FFB:LeaderElection184: begin an election at term 1 for -1: [bd77eb86-d949-4b39-b9de-a79d79cc61f0:192.168.157.204:36361], old=null
2019-09-19 10:43:32,885 [Thread-3075] INFO  impl.FollowerState (FollowerState.java:run(106)) - bd77eb86-d949-4b39-b9de-a79d79cc61f0:group-19A34944805E changes to CANDIDATE, lastRpcTime:5196, electionTimeout:5173ms
2019-09-19 10:43:32,885 [150f2557-af2e-4ff4-a511-15deca74e85e-SegmentedRaftLogWorker:Storage Directory /workdir/hadoop-ozone/ozonefs/target/test-dir/MiniOzoneClusterImpl-b710d106-2c58-4a4d-8c07-4cf143589938/datanode-1/data/ratis/c2d1f37c-31cd-4bb9-bcdb-e2651a0494fc] INFO  segmented.SegmentedRaftLogWorker (SegmentedRaftLogWorker.java:execute(569)) - 150f2557-af2e-4ff4-a511-15deca74e85e-SegmentedRaftLogWorker:Storage Directory /workdir/hadoop-ozone/ozonefs/target/test-dir/MiniOzoneClusterImpl-b710d106-2c58-4a4d-8c07-4cf143589938/datanode-1/data/ratis/c2d1f37c-31cd-4bb9-bcdb-e2651a0494fc: created new log segment /workdir/hadoop-ozone/ozonefs/target/test-dir/MiniOzoneClusterImpl-b710d106-2c58-4a4d-8c07-4cf143589938/datanode-1/data/ratis/c2d1f37c-31cd-4bb9-bcdb-e2651a0494fc/current/log_inprogress_0
2019-09-19 10:43:32,886 [Thread-3075] INFO  impl.RoleInfo (RoleInfo.java:shutdownFollowerState(121)) - bd77eb86-d949-4b39-b9de-a79d79cc61f0: shutdown FollowerState
2019-09-19 10:43:32,886 [Thread-3075] INFO  impl.RaftServerImpl (RaftServerImpl.java:setRole(171)) - bd77eb86-d949-4b39-b9de-a79d79cc61f0:group-19A34944805E changes role from FOLLOWER to CANDIDATE at term 0 for changeToCandidate
2019-09-19 10:43:32,886 [bd77eb86-d949-4b39-b9de-a79d79cc61f0:group-A51A3BD27FFB:LeaderElection184] INFO  impl.RoleInfo (RoleInfo.java:shutdownLeaderElection(134)) - bd77eb86-d949-4b39-b9de-a79d79cc61f0: shutdown LeaderElection
2019-09-19 10:43:32,886 [bd77eb86-d949-4b39-b9de-a79d79cc61f0:group-1B2C056C3871:LeaderElection183] INFO  impl.RoleInfo (RoleInfo.java:updateAndGet(143)) - bd77eb86-d949-4b39-b9de-a79d79cc61f0: start LeaderState
2019-09-19 10:43:32,886 [150f2557-af2e-4ff4-a511-15deca74e85e:group-3DC4B712305D:LeaderElection180] INFO  segmented.SegmentedRaftLogWorker (SegmentedRaftLogWorker.java:startLogSegment(380)) - 150f2557-af2e-4ff4-a511-15deca74e85e-SegmentedRaftLogWorker:Storage Directory /workdir/hadoop-ozone/ozonefs/target/test-dir/MiniOzoneClusterImpl-b710d106-2c58-4a4d-8c07-4cf143589938/datanode-1/data/ratis/b5ec4db7-e5f8-4431-8aa0-3dc4b712305d: Starting segment from index:0
2019-09-19 10:43:32,887 [bd77eb86-d949-4b39-b9de-a79d79cc61f0:group-A51A3BD27FFB:LeaderElection184] INFO  impl.RaftServerImpl (RaftServerImpl.java:setRole(171)) - bd77eb86-d949-4b39-b9de-a79d79cc61f0:group-A51A3BD27FFB changes role from CANDIDATE to LEADER at term 1 for changeToLeader
2019-09-19 10:43:32,887 [Thread-3075] INFO  impl.RoleInfo (RoleInfo.java:updateAndGet(143)) - bd77eb86-d949-4b39-b9de-a79d79cc61f0: start LeaderElection
2019-09-19 10:43:32,887 [bd77eb86-d949-4b39-b9de-a79d79cc61f0:group-A51A3BD27FFB:LeaderElection184] INFO  impl.RaftServerImpl (ServerState.java:setLeader(263)) - bd77eb86-d949-4b39-b9de-a79d79cc61f0:group-A51A3BD27FFB change Leader from null to bd77eb86-d949-4b39-b9de-a79d79cc61f0 at term 1 for becomeLeader, leader elected after 5167ms
2019-09-19 10:43:32,887 [bd77eb86-d949-4b39-b9de-a79d79cc61f0:group-1B2C056C3871:LeaderElection183] INFO  segmented.SegmentedRaftLogWorker (SegmentedRaftLogWorker.java:startLogSegment(380)) - bd77eb86-d949-4b39-b9de-a79d79cc61f0-SegmentedRaftLogWorker:Storage Directory /workdir/hadoop-ozone/ozonefs/target/test-dir/MiniOzoneClusterImpl-b710d106-2c58-4a4d-8c07-4cf143589938/datanode-2/data/ratis/52c39b1b-40a4-468f-943e-1b2c056c3871: Starting segment from index:0
2019-09-19 10:43:32,887 [bd77eb86-d949-4b39-b9de-a79d79cc61f0:group-A51A3BD27FFB:LeaderElection184] INFO  server.RaftServerConfigKeys (ConfUtils.java:logGet(43)) - raft.server.staging.catchup.gap = 1000 (default)
2019-09-19 10:43:32,912 [bd77eb86-d949-4b39-b9de-a79d79cc61f0:group-1B2C056C3871:LeaderElection183] INFO  impl.RaftServerImpl (ServerState.java:setRaftConf(361)) - bd77eb86-d949-4b39-b9de-a79d79cc61f0:group-1B2C056C3871 set configuration 0: [bd77eb86-d949-4b39-b9de-a79d79cc61f0:192.168.157.204:36361], old=null at 0
2019-09-19 10:43:32,887 [150f2557-af2e-4ff4-a511-15deca74e85e:group-3DC4B712305D:LeaderElection180] INFO  impl.RaftServerImpl (ServerState.java:setRaftConf(361)) - 150f2557-af2e-4ff4-a511-15deca74e85e:group-3DC4B712305D set configuration 0: [150f2557-af2e-4ff4-a511-15deca74e85e:192.168.157.204:43817], old=null at 0
2019-09-19 10:43:32,940 [Thread-3087] INFO  impl.FollowerState (FollowerState.java:run(106)) - bd77eb86-d949-4b39-b9de-a79d79cc61f0:group-B0853C7630E8 changes to CANDIDATE, lastRpcTime:5095, electionTimeout:5078ms
2019-09-19 10:43:32,940 [150f2557-af2e-4ff4-a511-15deca74e85e-SegmentedRaftLogWorker:Storage Directory /workdir/hadoop-ozone/ozonefs/target/test-dir/MiniOzoneClusterImpl-b710d106-2c58-4a4d-8c07-4cf143589938/datanode-1/data/ratis/b5ec4db7-e5f8-4431-8aa0-3dc4b712305d] INFO  segmented.SegmentedRaftLogWorker (SegmentedRaftLogWorker.java:execute(569)) - 150f2557-af2e-4ff4-a511-15deca74e85e-SegmentedRaftLogWorker:Storage Directory /workdir/hadoop-ozone/ozonefs/target/test-dir/MiniOzoneClusterImpl-b710d106-2c58-4a4d-8c07-4cf143589938/datanode-1/data/ratis/b5ec4db7-e5f8-4431-8aa0-3dc4b712305d: created new log segment /workdir/hadoop-ozone/ozonefs/target/test-dir/MiniOzoneClusterImpl-b710d106-2c58-4a4d-8c07-4cf143589938/datanode-1/data/ratis/b5ec4db7-e5f8-4431-8aa0-3dc4b712305d/current/log_inprogress_0
2019-09-19 10:43:32,912 [bd77eb86-d949-4b39-b9de-a79d79cc61f0:group-A51A3BD27FFB:LeaderElection184] INFO  server.RaftServerConfigKeys (ConfUtils.java:logGet(43)) - raft.server.rpc.sleep.time = 25ms (default)
2019-09-19 10:43:32,912 [bd77eb86-d949-4b39-b9de-a79d79cc61f0-SegmentedRaftLogWorker:Storage Directory /workdir/hadoop-ozone/ozonefs/target/test-dir/MiniOzoneClusterImpl-b710d106-2c58-4a4d-8c07-4cf143589938/datanode-2/data/ratis/8c73681a-a300-4cf3-97a0-3c554cad1b5a] INFO  segmented.SegmentedRaftLogWorker (SegmentedRaftLogWorker.java:execute(569)) - bd77eb86-d949-4b39-b9de-a79d79cc61f0-SegmentedRaftLogWorker:Storage Directory /workdir/hadoop-ozone/ozonefs/target/test-dir/MiniOzoneClusterImpl-b710d106-2c58-4a4d-8c07-4cf143589938/datanode-2/data/ratis/8c73681a-a300-4cf3-97a0-3c554cad1b5a: created new log segment /workdir/hadoop-ozone/ozonefs/target/test-dir/MiniOzoneClusterImpl-b710d106-2c58-4a4d-8c07-4cf143589938/datanode-2/data/ratis/8c73681a-a300-4cf3-97a0-3c554cad1b5a/current/log_inprogress_0
2019-09-19 10:43:32,942 [bd77eb86-d949-4b39-b9de-a79d79cc61f0:group-A51A3BD27FFB:LeaderElection184] INFO  server.RaftServerConfigKeys (ConfUtils.java:logGet(43)) - raft.server.write.element-limit = 4096 (default)
2019-09-19 10:43:32,912 [150f2557-af2e-4ff4-a511-15deca74e85e-SegmentedRaftLogWorker:Storage Directory /workdir/hadoop-ozone/ozonefs/target/test-dir/MiniOzoneClusterImpl-b710d106-2c58-4a4d-8c07-4cf143589938/datanode-1/data/ratis/ab3ccab6-e743-4c12-a330-d88193ec3c03] INFO  segmented.SegmentedRaftLogWorker (SegmentedRaftLogWorker.java:execute(569)) - 150f2557-af2e-4ff4-a511-15deca74e85e-SegmentedRaftLogWorker:Storage Directory /workdir/hadoop-ozone/ozonefs/target/test-dir/MiniOzoneClusterImpl-b710d106-2c58-4a4d-8c07-4cf143589938/datanode-1/data/ratis/ab3ccab6-e743-4c12-a330-d88193ec3c03: created new log segment /workdir/hadoop-ozone/ozonefs/target/test-dir/MiniOzoneClusterImpl-b710d106-2c58-4a4d-8c07-4cf143589938/datanode-1/data/ratis/ab3ccab6-e743-4c12-a330-d88193ec3c03/current/log_inprogress_0
2019-09-19 10:43:32,942 [bd77eb86-d949-4b39-b9de-a79d79cc61f0:group-A51A3BD27FFB:LeaderElection184] INFO  server.RaftServerConfigKeys (ConfUtils.java:logGet(43)) - raft.server.watch.timeout = 10s (default)
2019-09-19 10:43:32,943 [bd77eb86-d949-4b39-b9de-a79d79cc61f0:group-A51A3BD27FFB:LeaderElection184] INFO  server.RaftServerConfigKeys (ConfUtils.java:logGet(43)) - raft.server.watch.timeout.denomination = 1s (default)
2019-09-19 10:43:32,942 [Thread-3087] INFO  impl.RoleInfo (RoleInfo.java:shutdownFollowerState(121)) - bd77eb86-d949-4b39-b9de-a79d79cc61f0: shutdown FollowerState
2019-09-19 10:43:32,943 [bd77eb86-d949-4b39-b9de-a79d79cc61f0:group-A51A3BD27FFB:LeaderElection184] INFO  server.RaftServerConfigKeys (ConfUtils.java:logGet(43)) - raft.server.watch.element-limit = 65536 (default)
2019-09-19 10:43:32,943 [Thread-3087] INFO  impl.RaftServerImpl (RaftServerImpl.java:setRole(171)) - bd77eb86-d949-4b39-b9de-a79d79cc61f0:group-B0853C7630E8 changes role from FOLLOWER to CANDIDATE at term 0 for changeToCandidate
2019-09-19 10:43:32,943 [Thread-3087] INFO  impl.RoleInfo (RoleInfo.java:updateAndGet(143)) - bd77eb86-d949-4b39-b9de-a79d79cc61f0: start LeaderElection
2019-09-19 10:43:32,943 [bd77eb86-d949-4b39-b9de-a79d79cc61f0:group-A51A3BD27FFB:LeaderElection184] INFO  impl.RoleInfo (RoleInfo.java:updateAndGet(143)) - bd77eb86-d949-4b39-b9de-a79d79cc61f0: start LeaderState
2019-09-19 10:43:32,944 [bd77eb86-d949-4b39-b9de-a79d79cc61f0:group-A51A3BD27FFB:LeaderElection184] INFO  segmented.SegmentedRaftLogWorker (SegmentedRaftLogWorker.java:startLogSegment(380)) - bd77eb86-d949-4b39-b9de-a79d79cc61f0-SegmentedRaftLogWorker:Storage Directory /workdir/hadoop-ozone/ozonefs/target/test-dir/MiniOzoneClusterImpl-b710d106-2c58-4a4d-8c07-4cf143589938/datanode-2/data/ratis/4eba7ca6-cda3-40a7-83ff-a51a3bd27ffb: Starting segment from index:0
2019-09-19 10:43:32,945 [bd77eb86-d949-4b39-b9de-a79d79cc61f0:group-A51A3BD27FFB:LeaderElection184] INFO  impl.RaftServerImpl (ServerState.java:setRaftConf(361)) - bd77eb86-d949-4b39-b9de-a79d79cc61f0:group-A51A3BD27FFB set configuration 0: [bd77eb86-d949-4b39-b9de-a79d79cc61f0:192.168.157.204:36361], old=null at 0
2019-09-19 10:43:32,974 [bd77eb86-d949-4b39-b9de-a79d79cc61f0-SegmentedRaftLogWorker:Storage Directory /workdir/hadoop-ozone/ozonefs/target/test-dir/MiniOzoneClusterImpl-b710d106-2c58-4a4d-8c07-4cf143589938/datanode-2/data/ratis/52c39b1b-40a4-468f-943e-1b2c056c3871] INFO  segmented.SegmentedRaftLogWorker (SegmentedRaftLogWorker.java:execute(569)) - bd77eb86-d949-4b39-b9de-a79d79cc61f0-SegmentedRaftLogWorker:Storage Directory /workdir/hadoop-ozone/ozonefs/target/test-dir/MiniOzoneClusterImpl-b710d106-2c58-4a4d-8c07-4cf143589938/datanode-2/data/ratis/52c39b1b-40a4-468f-943e-1b2c056c3871: created new log segment /workdir/hadoop-ozone/ozonefs/target/test-dir/MiniOzoneClusterImpl-b710d106-2c58-4a4d-8c07-4cf143589938/datanode-2/data/ratis/52c39b1b-40a4-468f-943e-1b2c056c3871/current/log_inprogress_0
2019-09-19 10:43:32,974 [bd77eb86-d949-4b39-b9de-a79d79cc61f0:group-19A34944805E:LeaderElection185] INFO  impl.LeaderElection (LeaderElection.java:askForVotes(181)) - bd77eb86-d949-4b39-b9de-a79d79cc61f0:group-19A34944805E:LeaderElection185: begin an election at term 1 for -1: [bd77eb86-d949-4b39-b9de-a79d79cc61f0:192.168.157.204:36361], old=null
2019-09-19 10:43:32,975 [bd77eb86-d949-4b39-b9de-a79d79cc61f0:group-19A34944805E:LeaderElection185] INFO  impl.RoleInfo (RoleInfo.java:shutdownLeaderElection(134)) - bd77eb86-d949-4b39-b9de-a79d79cc61f0: shutdown LeaderElection
2019-09-19 10:43:32,975 [bd77eb86-d949-4b39-b9de-a79d79cc61f0:group-19A34944805E:LeaderElection185] INFO  impl.RaftServerImpl (RaftServerImpl.java:setRole(171)) - bd77eb86-d949-4b39-b9de-a79d79cc61f0:group-19A34944805E changes role from CANDIDATE to LEADER at term 1 for changeToLeader
2019-09-19 10:43:32,975 [bd77eb86-d949-4b39-b9de-a79d79cc61f0:group-19A34944805E:LeaderElection185] INFO  impl.RaftServerImpl (ServerState.java:setLeader(263)) - bd77eb86-d949-4b39-b9de-a79d79cc61f0:group-19A34944805E change Leader from null to bd77eb86-d949-4b39-b9de-a79d79cc61f0 at term 1 for becomeLeader, leader elected after 5289ms
2019-09-19 10:43:32,975 [bd77eb86-d949-4b39-b9de-a79d79cc61f0:group-19A34944805E:LeaderElection185] INFO  server.RaftServerConfigKeys (ConfUtils.java:logGet(43)) - raft.server.staging.catchup.gap = 1000 (default)
2019-09-19 10:43:32,975 [bd77eb86-d949-4b39-b9de-a79d79cc61f0:group-19A34944805E:LeaderElection185] INFO  server.RaftServerConfigKeys (ConfUtils.java:logGet(43)) - raft.server.rpc.sleep.time = 25ms (default)
2019-09-19 10:43:32,975 [bd77eb86-d949-4b39-b9de-a79d79cc61f0:group-19A34944805E:LeaderElection185] INFO  server.RaftServerConfigKeys (ConfUtils.java:logGet(43)) - raft.server.write.element-limit = 4096 (default)
2019-09-19 10:43:32,975 [bd77eb86-d949-4b39-b9de-a79d79cc61f0:group-19A34944805E:LeaderElection185] INFO  server.RaftServerConfigKeys (ConfUtils.java:logGet(43)) - raft.server.watch.timeout = 10s (default)
2019-09-19 10:43:32,976 [bd77eb86-d949-4b39-b9de-a79d79cc61f0:group-19A34944805E:LeaderElection185] INFO  server.RaftServerConfigKeys (ConfUtils.java:logGet(43)) - raft.server.watch.timeout.denomination = 1s (default)
2019-09-19 10:43:32,976 [bd77eb86-d949-4b39-b9de-a79d79cc61f0:group-19A34944805E:LeaderElection185] INFO  server.RaftServerConfigKeys (ConfUtils.java:logGet(43)) - raft.server.watch.element-limit = 65536 (default)
2019-09-19 10:43:32,976 [bd77eb86-d949-4b39-b9de-a79d79cc61f0:group-19A34944805E:LeaderElection185] INFO  impl.RoleInfo (RoleInfo.java:updateAndGet(143)) - bd77eb86-d949-4b39-b9de-a79d79cc61f0: start LeaderState
2019-09-19 10:43:32,976 [bd77eb86-d949-4b39-b9de-a79d79cc61f0:group-19A34944805E:LeaderElection185] INFO  segmented.SegmentedRaftLogWorker (SegmentedRaftLogWorker.java:startLogSegment(380)) - bd77eb86-d949-4b39-b9de-a79d79cc61f0-SegmentedRaftLogWorker:Storage Directory /workdir/hadoop-ozone/ozonefs/target/test-dir/MiniOzoneClusterImpl-b710d106-2c58-4a4d-8c07-4cf143589938/datanode-2/data/ratis/854ff3f3-7fc9-4fdf-bc71-19a34944805e: Starting segment from index:0
2019-09-19 10:43:32,977 [bd77eb86-d949-4b39-b9de-a79d79cc61f0:group-19A34944805E:LeaderElection185] INFO  impl.RaftServerImpl (ServerState.java:setRaftConf(361)) - bd77eb86-d949-4b39-b9de-a79d79cc61f0:group-19A34944805E set configuration 0: [bd77eb86-d949-4b39-b9de-a79d79cc61f0:192.168.157.204:36361], old=null at 0
2019-09-19 10:43:33,003 [Thread-3084] INFO  impl.FollowerState (FollowerState.java:run(106)) - bd77eb86-d949-4b39-b9de-a79d79cc61f0:group-21AFABF4BA9C changes to CANDIDATE, lastRpcTime:5195, electionTimeout:5192ms
2019-09-19 10:43:33,004 [bd77eb86-d949-4b39-b9de-a79d79cc61f0:group-B0853C7630E8:LeaderElection186] INFO  impl.LeaderElection (LeaderElection.java:askForVotes(181)) - bd77eb86-d949-4b39-b9de-a79d79cc61f0:group-B0853C7630E8:LeaderElection186: begin an election at term 1 for -1: [bd77eb86-d949-4b39-b9de-a79d79cc61f0:192.168.157.204:36361], old=null
2019-09-19 10:43:33,004 [bd77eb86-d949-4b39-b9de-a79d79cc61f0:group-B0853C7630E8:LeaderElection186] INFO  impl.RoleInfo (RoleInfo.java:shutdownLeaderElection(134)) - bd77eb86-d949-4b39-b9de-a79d79cc61f0: shutdown LeaderElection
2019-09-19 10:43:33,004 [bd77eb86-d949-4b39-b9de-a79d79cc61f0:group-B0853C7630E8:LeaderElection186] INFO  impl.RaftServerImpl (RaftServerImpl.java:setRole(171)) - bd77eb86-d949-4b39-b9de-a79d79cc61f0:group-B0853C7630E8 changes role from CANDIDATE to LEADER at term 1 for changeToLeader
2019-09-19 10:43:33,004 [bd77eb86-d949-4b39-b9de-a79d79cc61f0:group-B0853C7630E8:LeaderElection186] INFO  impl.RaftServerImpl (ServerState.java:setLeader(263)) - bd77eb86-d949-4b39-b9de-a79d79cc61f0:group-B0853C7630E8 change Leader from null to bd77eb86-d949-4b39-b9de-a79d79cc61f0 at term 1 for becomeLeader, leader elected after 5163ms
2019-09-19 10:43:33,004 [Thread-3084] INFO  impl.RoleInfo (RoleInfo.java:shutdownFollowerState(121)) - bd77eb86-d949-4b39-b9de-a79d79cc61f0: shutdown FollowerState
2019-09-19 10:43:33,003 [bd77eb86-d949-4b39-b9de-a79d79cc61f0-SegmentedRaftLogWorker:Storage Directory /workdir/hadoop-ozone/ozonefs/target/test-dir/MiniOzoneClusterImpl-b710d106-2c58-4a4d-8c07-4cf143589938/datanode-2/data/ratis/4eba7ca6-cda3-40a7-83ff-a51a3bd27ffb] INFO  segmented.SegmentedRaftLogWorker (SegmentedRaftLogWorker.java:execute(569)) - bd77eb86-d949-4b39-b9de-a79d79cc61f0-SegmentedRaftLogWorker:Storage Directory /workdir/hadoop-ozone/ozonefs/target/test-dir/MiniOzoneClusterImpl-b710d106-2c58-4a4d-8c07-4cf143589938/datanode-2/data/ratis/4eba7ca6-cda3-40a7-83ff-a51a3bd27ffb: created new log segment /workdir/hadoop-ozone/ozonefs/target/test-dir/MiniOzoneClusterImpl-b710d106-2c58-4a4d-8c07-4cf143589938/datanode-2/data/ratis/4eba7ca6-cda3-40a7-83ff-a51a3bd27ffb/current/log_inprogress_0
2019-09-19 10:43:33,004 [Thread-3084] INFO  impl.RaftServerImpl (RaftServerImpl.java:setRole(171)) - bd77eb86-d949-4b39-b9de-a79d79cc61f0:group-21AFABF4BA9C changes role from FOLLOWER to CANDIDATE at term 0 for changeToCandidate
2019-09-19 10:43:33,004 [bd77eb86-d949-4b39-b9de-a79d79cc61f0:group-B0853C7630E8:LeaderElection186] INFO  server.RaftServerConfigKeys (ConfUtils.java:logGet(43)) - raft.server.staging.catchup.gap = 1000 (default)
2019-09-19 10:43:33,005 [Thread-3084] INFO  impl.RoleInfo (RoleInfo.java:updateAndGet(143)) - bd77eb86-d949-4b39-b9de-a79d79cc61f0: start LeaderElection
2019-09-19 10:43:33,005 [bd77eb86-d949-4b39-b9de-a79d79cc61f0:group-B0853C7630E8:LeaderElection186] INFO  server.RaftServerConfigKeys (ConfUtils.java:logGet(43)) - raft.server.rpc.sleep.time = 25ms (default)
2019-09-19 10:43:33,016 [bd77eb86-d949-4b39-b9de-a79d79cc61f0-SegmentedRaftLogWorker:Storage Directory /workdir/hadoop-ozone/ozonefs/target/test-dir/MiniOzoneClusterImpl-b710d106-2c58-4a4d-8c07-4cf143589938/datanode-2/data/ratis/854ff3f3-7fc9-4fdf-bc71-19a34944805e] INFO  segmented.SegmentedRaftLogWorker (SegmentedRaftLogWorker.java:execute(569)) - bd77eb86-d949-4b39-b9de-a79d79cc61f0-SegmentedRaftLogWorker:Storage Directory /workdir/hadoop-ozone/ozonefs/target/test-dir/MiniOzoneClusterImpl-b710d106-2c58-4a4d-8c07-4cf143589938/datanode-2/data/ratis/854ff3f3-7fc9-4fdf-bc71-19a34944805e: created new log segment /workdir/hadoop-ozone/ozonefs/target/test-dir/MiniOzoneClusterImpl-b710d106-2c58-4a4d-8c07-4cf143589938/datanode-2/data/ratis/854ff3f3-7fc9-4fdf-bc71-19a34944805e/current/log_inprogress_0
2019-09-19 10:43:33,236 [bd77eb86-d949-4b39-b9de-a79d79cc61f0:group-B0853C7630E8:LeaderElection186] INFO  server.RaftServerConfigKeys (ConfUtils.java:logGet(43)) - raft.server.write.element-limit = 4096 (default)
2019-09-19 10:43:33,238 [bd77eb86-d949-4b39-b9de-a79d79cc61f0:group-B0853C7630E8:LeaderElection186] INFO  server.RaftServerConfigKeys (ConfUtils.java:logGet(43)) - raft.server.watch.timeout = 10s (default)
2019-09-19 10:43:33,238 [bd77eb86-d949-4b39-b9de-a79d79cc61f0:group-B0853C7630E8:LeaderElection186] INFO  server.RaftServerConfigKeys (ConfUtils.java:logGet(43)) - raft.server.watch.timeout.denomination = 1s (default)
2019-09-19 10:43:33,238 [bd77eb86-d949-4b39-b9de-a79d79cc61f0:group-B0853C7630E8:LeaderElection186] INFO  server.RaftServerConfigKeys (ConfUtils.java:logGet(43)) - raft.server.watch.element-limit = 65536 (default)
2019-09-19 10:43:33,238 [bd77eb86-d949-4b39-b9de-a79d79cc61f0:group-B0853C7630E8:LeaderElection186] INFO  impl.RoleInfo (RoleInfo.java:updateAndGet(143)) - bd77eb86-d949-4b39-b9de-a79d79cc61f0: start LeaderState
2019-09-19 10:43:33,239 [bd77eb86-d949-4b39-b9de-a79d79cc61f0:group-B0853C7630E8:LeaderElection186] INFO  segmented.SegmentedRaftLogWorker (SegmentedRaftLogWorker.java:startLogSegment(380)) - bd77eb86-d949-4b39-b9de-a79d79cc61f0-SegmentedRaftLogWorker:Storage Directory /workdir/hadoop-ozone/ozonefs/target/test-dir/MiniOzoneClusterImpl-b710d106-2c58-4a4d-8c07-4cf143589938/datanode-2/data/ratis/f4e69e6b-a42e-47c0-9144-b0853c7630e8: Starting segment from index:0
2019-09-19 10:43:33,239 [bd77eb86-d949-4b39-b9de-a79d79cc61f0:group-B0853C7630E8:LeaderElection186] INFO  impl.RaftServerImpl (ServerState.java:setRaftConf(361)) - bd77eb86-d949-4b39-b9de-a79d79cc61f0:group-B0853C7630E8 set configuration 0: [bd77eb86-d949-4b39-b9de-a79d79cc61f0:192.168.157.204:36361], old=null at 0
2019-09-19 10:43:33,271 [bd77eb86-d949-4b39-b9de-a79d79cc61f0:group-21AFABF4BA9C:LeaderElection187] INFO  impl.LeaderElection (LeaderElection.java:askForVotes(181)) - bd77eb86-d949-4b39-b9de-a79d79cc61f0:group-21AFABF4BA9C:LeaderElection187: begin an election at term 1 for -1: [bd77eb86-d949-4b39-b9de-a79d79cc61f0:192.168.157.204:36361], old=null
2019-09-19 10:43:33,271 [bd77eb86-d949-4b39-b9de-a79d79cc61f0:group-21AFABF4BA9C:LeaderElection187] INFO  impl.RoleInfo (RoleInfo.java:shutdownLeaderElection(134)) - bd77eb86-d949-4b39-b9de-a79d79cc61f0: shutdown LeaderElection
2019-09-19 10:43:33,271 [bd77eb86-d949-4b39-b9de-a79d79cc61f0:group-21AFABF4BA9C:LeaderElection187] INFO  impl.RaftServerImpl (RaftServerImpl.java:setRole(171)) - bd77eb86-d949-4b39-b9de-a79d79cc61f0:group-21AFABF4BA9C changes role from CANDIDATE to LEADER at term 1 for changeToLeader
2019-09-19 10:43:33,271 [bd77eb86-d949-4b39-b9de-a79d79cc61f0:group-21AFABF4BA9C:LeaderElection187] INFO  impl.RaftServerImpl (ServerState.java:setLeader(263)) - bd77eb86-d949-4b39-b9de-a79d79cc61f0:group-21AFABF4BA9C change Leader from null to bd77eb86-d949-4b39-b9de-a79d79cc61f0 at term 1 for becomeLeader, leader elected after 5466ms
2019-09-19 10:43:33,271 [bd77eb86-d949-4b39-b9de-a79d79cc61f0:group-21AFABF4BA9C:LeaderElection187] INFO  server.RaftServerConfigKeys (ConfUtils.java:logGet(43)) - raft.server.staging.catchup.gap = 1000 (default)
2019-09-19 10:43:33,272 [bd77eb86-d949-4b39-b9de-a79d79cc61f0:group-21AFABF4BA9C:LeaderElection187] INFO  server.RaftServerConfigKeys (ConfUtils.java:logGet(43)) - raft.server.rpc.sleep.time = 25ms (default)
2019-09-19 10:43:33,272 [bd77eb86-d949-4b39-b9de-a79d79cc61f0:group-21AFABF4BA9C:LeaderElection187] INFO  server.RaftServerConfigKeys (ConfUtils.java:logGet(43)) - raft.server.write.element-limit = 4096 (default)
2019-09-19 10:43:33,272 [bd77eb86-d949-4b39-b9de-a79d79cc61f0:group-21AFABF4BA9C:LeaderElection187] INFO  server.RaftServerConfigKeys (ConfUtils.java:logGet(43)) - raft.server.watch.timeout = 10s (default)
2019-09-19 10:43:33,272 [bd77eb86-d949-4b39-b9de-a79d79cc61f0:group-21AFABF4BA9C:LeaderElection187] INFO  server.RaftServerConfigKeys (ConfUtils.java:logGet(43)) - raft.server.watch.timeout.denomination = 1s (default)
2019-09-19 10:43:33,272 [bd77eb86-d949-4b39-b9de-a79d79cc61f0:group-21AFABF4BA9C:LeaderElection187] INFO  server.RaftServerConfigKeys (ConfUtils.java:logGet(43)) - raft.server.watch.element-limit = 65536 (default)
2019-09-19 10:43:33,272 [bd77eb86-d949-4b39-b9de-a79d79cc61f0:group-21AFABF4BA9C:LeaderElection187] INFO  impl.RoleInfo (RoleInfo.java:updateAndGet(143)) - bd77eb86-d949-4b39-b9de-a79d79cc61f0: start LeaderState
2019-09-19 10:43:33,273 [bd77eb86-d949-4b39-b9de-a79d79cc61f0:group-21AFABF4BA9C:LeaderElection187] INFO  segmented.SegmentedRaftLogWorker (SegmentedRaftLogWorker.java:startLogSegment(380)) - bd77eb86-d949-4b39-b9de-a79d79cc61f0-SegmentedRaftLogWorker:Storage Directory /workdir/hadoop-ozone/ozonefs/target/test-dir/MiniOzoneClusterImpl-b710d106-2c58-4a4d-8c07-4cf143589938/datanode-2/data/ratis/56ec8361-3ef3-4e67-9e29-21afabf4ba9c: Starting segment from index:0
2019-09-19 10:43:33,273 [bd77eb86-d949-4b39-b9de-a79d79cc61f0:group-21AFABF4BA9C:LeaderElection187] INFO  impl.RaftServerImpl (ServerState.java:setRaftConf(361)) - bd77eb86-d949-4b39-b9de-a79d79cc61f0:group-21AFABF4BA9C set configuration 0: [bd77eb86-d949-4b39-b9de-a79d79cc61f0:192.168.157.204:36361], old=null at 0
2019-09-19 10:43:33,298 [bd77eb86-d949-4b39-b9de-a79d79cc61f0-SegmentedRaftLogWorker:Storage Directory /workdir/hadoop-ozone/ozonefs/target/test-dir/MiniOzoneClusterImpl-b710d106-2c58-4a4d-8c07-4cf143589938/datanode-2/data/ratis/f4e69e6b-a42e-47c0-9144-b0853c7630e8] INFO  segmented.SegmentedRaftLogWorker (SegmentedRaftLogWorker.java:execute(569)) - bd77eb86-d949-4b39-b9de-a79d79cc61f0-SegmentedRaftLogWorker:Storage Directory /workdir/hadoop-ozone/ozonefs/target/test-dir/MiniOzoneClusterImpl-b710d106-2c58-4a4d-8c07-4cf143589938/datanode-2/data/ratis/f4e69e6b-a42e-47c0-9144-b0853c7630e8: created new log segment /workdir/hadoop-ozone/ozonefs/target/test-dir/MiniOzoneClusterImpl-b710d106-2c58-4a4d-8c07-4cf143589938/datanode-2/data/ratis/f4e69e6b-a42e-47c0-9144-b0853c7630e8/current/log_inprogress_0
2019-09-19 10:43:33,311 [bd77eb86-d949-4b39-b9de-a79d79cc61f0-SegmentedRaftLogWorker:Storage Directory /workdir/hadoop-ozone/ozonefs/target/test-dir/MiniOzoneClusterImpl-b710d106-2c58-4a4d-8c07-4cf143589938/datanode-2/data/ratis/56ec8361-3ef3-4e67-9e29-21afabf4ba9c] INFO  segmented.SegmentedRaftLogWorker (SegmentedRaftLogWorker.java:execute(569)) - bd77eb86-d949-4b39-b9de-a79d79cc61f0-SegmentedRaftLogWorker:Storage Directory /workdir/hadoop-ozone/ozonefs/target/test-dir/MiniOzoneClusterImpl-b710d106-2c58-4a4d-8c07-4cf143589938/datanode-2/data/ratis/56ec8361-3ef3-4e67-9e29-21afabf4ba9c: created new log segment /workdir/hadoop-ozone/ozonefs/target/test-dir/MiniOzoneClusterImpl-b710d106-2c58-4a4d-8c07-4cf143589938/datanode-2/data/ratis/56ec8361-3ef3-4e67-9e29-21afabf4ba9c/current/log_inprogress_0
2019-09-19 10:43:33,418 | INFO  | SCMAudit | user=jenkins1000 | ip=192.168.157.204 | op=SEND_HEARTBEAT {datanodeUUID=bd77eb86-d949-4b39-b9de-a79d79cc61f0, command=[]} | ret=SUCCESS |  
2019-09-19 10:43:33,638 [main] INFO  ozoneimpl.OzoneContainer (OzoneContainer.java:stop(199)) - Attempting to stop container services.
2019-09-19 10:43:33,638 [ForkJoinPool.commonPool-worker-0] INFO  ozoneimpl.OzoneContainer (OzoneContainer.java:stop(199)) - Attempting to stop container services.
2019-09-19 10:43:33,639 [main] INFO  impl.RaftServerProxy (RaftServerProxy.java:lambda$close$4(314)) - 150f2557-af2e-4ff4-a511-15deca74e85e: close
2019-09-19 10:43:33,639 [ForkJoinPool.commonPool-worker-0] INFO  impl.RaftServerProxy (RaftServerProxy.java:lambda$close$4(314)) - cc46da0f-c3d0-4319-b020-352cb15300cf: close
2019-09-19 10:43:33,640 [main] INFO  impl.RaftServerImpl (RaftServerImpl.java:lambda$shutdown$3(245)) - 150f2557-af2e-4ff4-a511-15deca74e85e: shutdown group-424AB17D9815
2019-09-19 10:43:33,640 [ForkJoinPool.commonPool-worker-0] INFO  impl.RaftServerImpl (RaftServerImpl.java:lambda$shutdown$3(245)) - cc46da0f-c3d0-4319-b020-352cb15300cf: shutdown group-1ACA73BF7B67
2019-09-19 10:43:33,640 [main] INFO  util.JmxRegister (JmxRegister.java:unregister(73)) - Successfully un-registered JMX Bean with object name Ratis:service=RaftServer,group=group-424AB17D9815,id=150f2557-af2e-4ff4-a511-15deca74e85e
2019-09-19 10:43:33,641 [main] INFO  impl.RoleInfo (RoleInfo.java:shutdownLeaderState(104)) - 150f2557-af2e-4ff4-a511-15deca74e85e: shutdown LeaderState
2019-09-19 10:43:33,640 [ForkJoinPool.commonPool-worker-0] INFO  util.JmxRegister (JmxRegister.java:unregister(73)) - Successfully un-registered JMX Bean with object name Ratis:service=RaftServer,group=group-1ACA73BF7B67,id=cc46da0f-c3d0-4319-b020-352cb15300cf
2019-09-19 10:43:33,641 [main] INFO  impl.PendingRequests (PendingRequests.java:sendNotLeaderResponses(202)) - 150f2557-af2e-4ff4-a511-15deca74e85e-PendingRequests: sendNotLeaderResponses
2019-09-19 10:43:33,641 [ForkJoinPool.commonPool-worker-0] INFO  impl.RoleInfo (RoleInfo.java:shutdownLeaderState(104)) - cc46da0f-c3d0-4319-b020-352cb15300cf: shutdown LeaderState
2019-09-19 10:43:33,642 [main] INFO  impl.StateMachineUpdater (StateMachineUpdater.java:stopAndJoin(115)) - StateMachineUpdater:150f2557-af2e-4ff4-a511-15deca74e85e:group-424AB17D9815: set stopIndex = 0
2019-09-19 10:43:33,642 [ForkJoinPool.commonPool-worker-0] INFO  impl.PendingRequests (PendingRequests.java:sendNotLeaderResponses(202)) - cc46da0f-c3d0-4319-b020-352cb15300cf-PendingRequests: sendNotLeaderResponses
2019-09-19 10:43:33,642 [main] INFO  impl.RaftServerImpl (ServerState.java:close(394)) - 150f2557-af2e-4ff4-a511-15deca74e85e:group-424AB17D9815 closes. The last applied log index is 0
2019-09-19 10:43:33,643 [ForkJoinPool.commonPool-worker-0] INFO  impl.StateMachineUpdater (StateMachineUpdater.java:stopAndJoin(115)) - StateMachineUpdater:cc46da0f-c3d0-4319-b020-352cb15300cf:group-1ACA73BF7B67: set stopIndex = 0
2019-09-19 10:43:33,643 [150f2557-af2e-4ff4-a511-15deca74e85e-SegmentedRaftLogWorker:Storage Directory /workdir/hadoop-ozone/ozonefs/target/test-dir/MiniOzoneClusterImpl-b710d106-2c58-4a4d-8c07-4cf143589938/datanode-1/data/ratis/be2febcd-da62-48c4-adc2-424ab17d9815] INFO  segmented.SegmentedRaftLogWorker (SegmentedRaftLogWorker.java:run(313)) - 150f2557-af2e-4ff4-a511-15deca74e85e-SegmentedRaftLogWorker:Storage Directory /workdir/hadoop-ozone/ozonefs/target/test-dir/MiniOzoneClusterImpl-b710d106-2c58-4a4d-8c07-4cf143589938/datanode-1/data/ratis/be2febcd-da62-48c4-adc2-424ab17d9815 was interrupted, exiting. There are 0 tasks remaining in the queue.
2019-09-19 10:43:33,643 [ForkJoinPool.commonPool-worker-0] INFO  impl.RaftServerImpl (ServerState.java:close(394)) - cc46da0f-c3d0-4319-b020-352cb15300cf:group-1ACA73BF7B67 closes. The last applied log index is 0
2019-09-19 10:43:33,644 [cc46da0f-c3d0-4319-b020-352cb15300cf-SegmentedRaftLogWorker:Storage Directory /workdir/hadoop-ozone/ozonefs/target/test-dir/MiniOzoneClusterImpl-b710d106-2c58-4a4d-8c07-4cf143589938/datanode-0/data/ratis/d789a118-ad01-4f62-b1d7-1aca73bf7b67] INFO  segmented.SegmentedRaftLogWorker (SegmentedRaftLogWorker.java:run(313)) - cc46da0f-c3d0-4319-b020-352cb15300cf-SegmentedRaftLogWorker:Storage Directory /workdir/hadoop-ozone/ozonefs/target/test-dir/MiniOzoneClusterImpl-b710d106-2c58-4a4d-8c07-4cf143589938/datanode-0/data/ratis/d789a118-ad01-4f62-b1d7-1aca73bf7b67 was interrupted, exiting. There are 0 tasks remaining in the queue.
2019-09-19 10:43:33,644 [main] INFO  segmented.SegmentedRaftLogWorker (SegmentedRaftLogWorker.java:close(228)) - 150f2557-af2e-4ff4-a511-15deca74e85e-SegmentedRaftLogWorker:Storage Directory /workdir/hadoop-ozone/ozonefs/target/test-dir/MiniOzoneClusterImpl-b710d106-2c58-4a4d-8c07-4cf143589938/datanode-1/data/ratis/be2febcd-da62-48c4-adc2-424ab17d9815 close()
2019-09-19 10:43:33,644 [ForkJoinPool.commonPool-worker-0] INFO  segmented.SegmentedRaftLogWorker (SegmentedRaftLogWorker.java:close(228)) - cc46da0f-c3d0-4319-b020-352cb15300cf-SegmentedRaftLogWorker:Storage Directory /workdir/hadoop-ozone/ozonefs/target/test-dir/MiniOzoneClusterImpl-b710d106-2c58-4a4d-8c07-4cf143589938/datanode-0/data/ratis/d789a118-ad01-4f62-b1d7-1aca73bf7b67 close()
2019-09-19 10:43:33,646 [main] INFO  impl.RaftServerImpl (RaftServerImpl.java:lambda$shutdown$3(245)) - 150f2557-af2e-4ff4-a511-15deca74e85e: shutdown group-D88193EC3C03
2019-09-19 10:43:33,652 [ForkJoinPool.commonPool-worker-0] INFO  impl.RaftServerImpl (RaftServerImpl.java:lambda$shutdown$3(245)) - cc46da0f-c3d0-4319-b020-352cb15300cf: shutdown group-FF0ECE897138
2019-09-19 10:43:33,652 [main] INFO  util.JmxRegister (JmxRegister.java:unregister(73)) - Successfully un-registered JMX Bean with object name Ratis:service=RaftServer,group=group-D88193EC3C03,id=150f2557-af2e-4ff4-a511-15deca74e85e
2019-09-19 10:43:33,653 [ForkJoinPool.commonPool-worker-0] INFO  util.JmxRegister (JmxRegister.java:unregister(73)) - Successfully un-registered JMX Bean with object name Ratis:service=RaftServer,group=group-FF0ECE897138,id=cc46da0f-c3d0-4319-b020-352cb15300cf
2019-09-19 10:43:33,653 [main] INFO  impl.RoleInfo (RoleInfo.java:shutdownLeaderState(104)) - 150f2557-af2e-4ff4-a511-15deca74e85e: shutdown LeaderState
2019-09-19 10:43:33,653 [ForkJoinPool.commonPool-worker-0] INFO  impl.RoleInfo (RoleInfo.java:shutdownLeaderState(104)) - cc46da0f-c3d0-4319-b020-352cb15300cf: shutdown LeaderState
2019-09-19 10:43:33,653 [main] INFO  impl.PendingRequests (PendingRequests.java:sendNotLeaderResponses(202)) - 150f2557-af2e-4ff4-a511-15deca74e85e-PendingRequests: sendNotLeaderResponses
2019-09-19 10:43:33,653 [ForkJoinPool.commonPool-worker-0] INFO  impl.PendingRequests (PendingRequests.java:sendNotLeaderResponses(202)) - cc46da0f-c3d0-4319-b020-352cb15300cf-PendingRequests: sendNotLeaderResponses
2019-09-19 10:43:33,654 [main] INFO  impl.StateMachineUpdater (StateMachineUpdater.java:stopAndJoin(115)) - StateMachineUpdater:150f2557-af2e-4ff4-a511-15deca74e85e:group-D88193EC3C03: set stopIndex = 0
2019-09-19 10:43:33,654 [ForkJoinPool.commonPool-worker-0] INFO  impl.StateMachineUpdater (StateMachineUpdater.java:stopAndJoin(115)) - StateMachineUpdater:cc46da0f-c3d0-4319-b020-352cb15300cf:group-FF0ECE897138: set stopIndex = 0
2019-09-19 10:43:33,654 [main] INFO  impl.RaftServerImpl (ServerState.java:close(394)) - 150f2557-af2e-4ff4-a511-15deca74e85e:group-D88193EC3C03 closes. The last applied log index is 0
2019-09-19 10:43:33,654 [ForkJoinPool.commonPool-worker-0] INFO  impl.RaftServerImpl (ServerState.java:close(394)) - cc46da0f-c3d0-4319-b020-352cb15300cf:group-FF0ECE897138 closes. The last applied log index is 0
2019-09-19 10:43:33,655 [150f2557-af2e-4ff4-a511-15deca74e85e-SegmentedRaftLogWorker:Storage Directory /workdir/hadoop-ozone/ozonefs/target/test-dir/MiniOzoneClusterImpl-b710d106-2c58-4a4d-8c07-4cf143589938/datanode-1/data/ratis/ab3ccab6-e743-4c12-a330-d88193ec3c03] INFO  segmented.SegmentedRaftLogWorker (SegmentedRaftLogWorker.java:run(313)) - 150f2557-af2e-4ff4-a511-15deca74e85e-SegmentedRaftLogWorker:Storage Directory /workdir/hadoop-ozone/ozonefs/target/test-dir/MiniOzoneClusterImpl-b710d106-2c58-4a4d-8c07-4cf143589938/datanode-1/data/ratis/ab3ccab6-e743-4c12-a330-d88193ec3c03 was interrupted, exiting. There are 0 tasks remaining in the queue.
2019-09-19 10:43:33,655 [cc46da0f-c3d0-4319-b020-352cb15300cf-SegmentedRaftLogWorker:Storage Directory /workdir/hadoop-ozone/ozonefs/target/test-dir/MiniOzoneClusterImpl-b710d106-2c58-4a4d-8c07-4cf143589938/datanode-0/data/ratis/6bfbbbcc-e2b5-4f0b-8524-ff0ece897138] INFO  segmented.SegmentedRaftLogWorker (SegmentedRaftLogWorker.java:run(313)) - cc46da0f-c3d0-4319-b020-352cb15300cf-SegmentedRaftLogWorker:Storage Directory /workdir/hadoop-ozone/ozonefs/target/test-dir/MiniOzoneClusterImpl-b710d106-2c58-4a4d-8c07-4cf143589938/datanode-0/data/ratis/6bfbbbcc-e2b5-4f0b-8524-ff0ece897138 was interrupted, exiting. There are 0 tasks remaining in the queue.
2019-09-19 10:43:33,655 [main] INFO  segmented.SegmentedRaftLogWorker (SegmentedRaftLogWorker.java:close(228)) - 150f2557-af2e-4ff4-a511-15deca74e85e-SegmentedRaftLogWorker:Storage Directory /workdir/hadoop-ozone/ozonefs/target/test-dir/MiniOzoneClusterImpl-b710d106-2c58-4a4d-8c07-4cf143589938/datanode-1/data/ratis/ab3ccab6-e743-4c12-a330-d88193ec3c03 close()
2019-09-19 10:43:33,655 [ForkJoinPool.commonPool-worker-0] INFO  segmented.SegmentedRaftLogWorker (SegmentedRaftLogWorker.java:close(228)) - cc46da0f-c3d0-4319-b020-352cb15300cf-SegmentedRaftLogWorker:Storage Directory /workdir/hadoop-ozone/ozonefs/target/test-dir/MiniOzoneClusterImpl-b710d106-2c58-4a4d-8c07-4cf143589938/datanode-0/data/ratis/6bfbbbcc-e2b5-4f0b-8524-ff0ece897138 close()
2019-09-19 10:43:33,655 [main] INFO  impl.RaftServerImpl (RaftServerImpl.java:lambda$shutdown$3(245)) - 150f2557-af2e-4ff4-a511-15deca74e85e: shutdown group-B69E451D2532
2019-09-19 10:43:33,656 [ForkJoinPool.commonPool-worker-0] INFO  impl.RaftServerImpl (RaftServerImpl.java:lambda$shutdown$3(245)) - cc46da0f-c3d0-4319-b020-352cb15300cf: shutdown group-8DBD045D7CCD
2019-09-19 10:43:33,656 [main] INFO  util.JmxRegister (JmxRegister.java:unregister(73)) - Successfully un-registered JMX Bean with object name Ratis:service=RaftServer,group=group-B69E451D2532,id=150f2557-af2e-4ff4-a511-15deca74e85e
2019-09-19 10:43:33,656 [main] INFO  impl.RoleInfo (RoleInfo.java:shutdownLeaderState(104)) - 150f2557-af2e-4ff4-a511-15deca74e85e: shutdown LeaderState
2019-09-19 10:43:33,656 [ForkJoinPool.commonPool-worker-0] INFO  util.JmxRegister (JmxRegister.java:unregister(73)) - Successfully un-registered JMX Bean with object name Ratis:service=RaftServer,group=group-8DBD045D7CCD,id=cc46da0f-c3d0-4319-b020-352cb15300cf
2019-09-19 10:43:33,657 [main] INFO  impl.PendingRequests (PendingRequests.java:sendNotLeaderResponses(202)) - 150f2557-af2e-4ff4-a511-15deca74e85e-PendingRequests: sendNotLeaderResponses
2019-09-19 10:43:33,657 [ForkJoinPool.commonPool-worker-0] INFO  impl.RoleInfo (RoleInfo.java:shutdownLeaderState(104)) - cc46da0f-c3d0-4319-b020-352cb15300cf: shutdown LeaderState
2019-09-19 10:43:33,657 [main] INFO  impl.StateMachineUpdater (StateMachineUpdater.java:stopAndJoin(115)) - StateMachineUpdater:150f2557-af2e-4ff4-a511-15deca74e85e:group-B69E451D2532: set stopIndex = 0
2019-09-19 10:43:33,658 [main] INFO  impl.RaftServerImpl (ServerState.java:close(394)) - 150f2557-af2e-4ff4-a511-15deca74e85e:group-B69E451D2532 closes. The last applied log index is 0
2019-09-19 10:43:33,657 [ForkJoinPool.commonPool-worker-0] INFO  impl.PendingRequests (PendingRequests.java:sendNotLeaderResponses(202)) - cc46da0f-c3d0-4319-b020-352cb15300cf-PendingRequests: sendNotLeaderResponses
2019-09-19 10:43:33,658 [150f2557-af2e-4ff4-a511-15deca74e85e-SegmentedRaftLogWorker:Storage Directory /workdir/hadoop-ozone/ozonefs/target/test-dir/MiniOzoneClusterImpl-b710d106-2c58-4a4d-8c07-4cf143589938/datanode-1/data/ratis/79889deb-d992-4c72-be74-b69e451d2532] INFO  segmented.SegmentedRaftLogWorker (SegmentedRaftLogWorker.java:run(313)) - 150f2557-af2e-4ff4-a511-15deca74e85e-SegmentedRaftLogWorker:Storage Directory /workdir/hadoop-ozone/ozonefs/target/test-dir/MiniOzoneClusterImpl-b710d106-2c58-4a4d-8c07-4cf143589938/datanode-1/data/ratis/79889deb-d992-4c72-be74-b69e451d2532 was interrupted, exiting. There are 0 tasks remaining in the queue.
2019-09-19 10:43:33,658 [ForkJoinPool.commonPool-worker-0] INFO  impl.StateMachineUpdater (StateMachineUpdater.java:stopAndJoin(115)) - StateMachineUpdater:cc46da0f-c3d0-4319-b020-352cb15300cf:group-8DBD045D7CCD: set stopIndex = 0
2019-09-19 10:43:33,658 [main] INFO  segmented.SegmentedRaftLogWorker (SegmentedRaftLogWorker.java:close(228)) - 150f2557-af2e-4ff4-a511-15deca74e85e-SegmentedRaftLogWorker:Storage Directory /workdir/hadoop-ozone/ozonefs/target/test-dir/MiniOzoneClusterImpl-b710d106-2c58-4a4d-8c07-4cf143589938/datanode-1/data/ratis/79889deb-d992-4c72-be74-b69e451d2532 close()
2019-09-19 10:43:33,658 [ForkJoinPool.commonPool-worker-0] INFO  impl.RaftServerImpl (ServerState.java:close(394)) - cc46da0f-c3d0-4319-b020-352cb15300cf:group-8DBD045D7CCD closes. The last applied log index is 0
2019-09-19 10:43:33,659 [main] INFO  impl.RaftServerImpl (RaftServerImpl.java:lambda$shutdown$3(245)) - 150f2557-af2e-4ff4-a511-15deca74e85e: shutdown group-3DC4B712305D
2019-09-19 10:43:33,659 [cc46da0f-c3d0-4319-b020-352cb15300cf-SegmentedRaftLogWorker:Storage Directory /workdir/hadoop-ozone/ozonefs/target/test-dir/MiniOzoneClusterImpl-b710d106-2c58-4a4d-8c07-4cf143589938/datanode-0/data/ratis/d3e65885-7007-4ca1-921b-8dbd045d7ccd] INFO  segmented.SegmentedRaftLogWorker (SegmentedRaftLogWorker.java:run(313)) - cc46da0f-c3d0-4319-b020-352cb15300cf-SegmentedRaftLogWorker:Storage Directory /workdir/hadoop-ozone/ozonefs/target/test-dir/MiniOzoneClusterImpl-b710d106-2c58-4a4d-8c07-4cf143589938/datanode-0/data/ratis/d3e65885-7007-4ca1-921b-8dbd045d7ccd was interrupted, exiting. There are 0 tasks remaining in the queue.
2019-09-19 10:43:33,659 [main] INFO  util.JmxRegister (JmxRegister.java:unregister(73)) - Successfully un-registered JMX Bean with object name Ratis:service=RaftServer,group=group-3DC4B712305D,id=150f2557-af2e-4ff4-a511-15deca74e85e
2019-09-19 10:43:33,659 [main] INFO  impl.RoleInfo (RoleInfo.java:shutdownLeaderState(104)) - 150f2557-af2e-4ff4-a511-15deca74e85e: shutdown LeaderState
2019-09-19 10:43:33,659 [ForkJoinPool.commonPool-worker-0] INFO  segmented.SegmentedRaftLogWorker (SegmentedRaftLogWorker.java:close(228)) - cc46da0f-c3d0-4319-b020-352cb15300cf-SegmentedRaftLogWorker:Storage Directory /workdir/hadoop-ozone/ozonefs/target/test-dir/MiniOzoneClusterImpl-b710d106-2c58-4a4d-8c07-4cf143589938/datanode-0/data/ratis/d3e65885-7007-4ca1-921b-8dbd045d7ccd close()
2019-09-19 10:43:33,660 [main] INFO  impl.PendingRequests (PendingRequests.java:sendNotLeaderResponses(202)) - 150f2557-af2e-4ff4-a511-15deca74e85e-PendingRequests: sendNotLeaderResponses
2019-09-19 10:43:33,660 [ForkJoinPool.commonPool-worker-0] INFO  impl.RaftServerImpl (RaftServerImpl.java:lambda$shutdown$3(245)) - cc46da0f-c3d0-4319-b020-352cb15300cf: shutdown group-A0FFB8CC4268
2019-09-19 10:43:33,660 [main] INFO  impl.StateMachineUpdater (StateMachineUpdater.java:stopAndJoin(115)) - StateMachineUpdater:150f2557-af2e-4ff4-a511-15deca74e85e:group-3DC4B712305D: set stopIndex = 0
2019-09-19 10:43:33,661 [main] INFO  impl.RaftServerImpl (ServerState.java:close(394)) - 150f2557-af2e-4ff4-a511-15deca74e85e:group-3DC4B712305D closes. The last applied log index is 0
2019-09-19 10:43:33,660 [ForkJoinPool.commonPool-worker-0] INFO  util.JmxRegister (JmxRegister.java:unregister(73)) - Successfully un-registered JMX Bean with object name Ratis:service=RaftServer,group=group-A0FFB8CC4268,id=cc46da0f-c3d0-4319-b020-352cb15300cf
2019-09-19 10:43:33,661 [150f2557-af2e-4ff4-a511-15deca74e85e-SegmentedRaftLogWorker:Storage Directory /workdir/hadoop-ozone/ozonefs/target/test-dir/MiniOzoneClusterImpl-b710d106-2c58-4a4d-8c07-4cf143589938/datanode-1/data/ratis/b5ec4db7-e5f8-4431-8aa0-3dc4b712305d] INFO  segmented.SegmentedRaftLogWorker (SegmentedRaftLogWorker.java:run(313)) - 150f2557-af2e-4ff4-a511-15deca74e85e-SegmentedRaftLogWorker:Storage Directory /workdir/hadoop-ozone/ozonefs/target/test-dir/MiniOzoneClusterImpl-b710d106-2c58-4a4d-8c07-4cf143589938/datanode-1/data/ratis/b5ec4db7-e5f8-4431-8aa0-3dc4b712305d was interrupted, exiting. There are 0 tasks remaining in the queue.
2019-09-19 10:43:33,661 [ForkJoinPool.commonPool-worker-0] INFO  impl.RoleInfo (RoleInfo.java:shutdownLeaderState(104)) - cc46da0f-c3d0-4319-b020-352cb15300cf: shutdown LeaderState
2019-09-19 10:43:33,661 [main] INFO  segmented.SegmentedRaftLogWorker (SegmentedRaftLogWorker.java:close(228)) - 150f2557-af2e-4ff4-a511-15deca74e85e-SegmentedRaftLogWorker:Storage Directory /workdir/hadoop-ozone/ozonefs/target/test-dir/MiniOzoneClusterImpl-b710d106-2c58-4a4d-8c07-4cf143589938/datanode-1/data/ratis/b5ec4db7-e5f8-4431-8aa0-3dc4b712305d close()
2019-09-19 10:43:33,662 [ForkJoinPool.commonPool-worker-0] INFO  impl.PendingRequests (PendingRequests.java:sendNotLeaderResponses(202)) - cc46da0f-c3d0-4319-b020-352cb15300cf-PendingRequests: sendNotLeaderResponses
2019-09-19 10:43:33,662 [main] INFO  impl.RaftServerImpl (RaftServerImpl.java:lambda$shutdown$3(245)) - 150f2557-af2e-4ff4-a511-15deca74e85e: shutdown group-1B340934184D
2019-09-19 10:43:33,662 [ForkJoinPool.commonPool-worker-0] INFO  impl.StateMachineUpdater (StateMachineUpdater.java:stopAndJoin(115)) - StateMachineUpdater:cc46da0f-c3d0-4319-b020-352cb15300cf:group-A0FFB8CC4268: set stopIndex = 0
2019-09-19 10:43:33,662 [main] INFO  util.JmxRegister (JmxRegister.java:unregister(73)) - Successfully un-registered JMX Bean with object name Ratis:service=RaftServer,group=group-1B340934184D,id=150f2557-af2e-4ff4-a511-15deca74e85e
2019-09-19 10:43:33,663 [main] INFO  impl.RoleInfo (RoleInfo.java:shutdownLeaderState(104)) - 150f2557-af2e-4ff4-a511-15deca74e85e: shutdown LeaderState
2019-09-19 10:43:33,663 [ForkJoinPool.commonPool-worker-0] INFO  impl.RaftServerImpl (ServerState.java:close(394)) - cc46da0f-c3d0-4319-b020-352cb15300cf:group-A0FFB8CC4268 closes. The last applied log index is 0
2019-09-19 10:43:33,663 [main] INFO  impl.PendingRequests (PendingRequests.java:sendNotLeaderResponses(202)) - 150f2557-af2e-4ff4-a511-15deca74e85e-PendingRequests: sendNotLeaderResponses
2019-09-19 10:43:33,663 [cc46da0f-c3d0-4319-b020-352cb15300cf-SegmentedRaftLogWorker:Storage Directory /workdir/hadoop-ozone/ozonefs/target/test-dir/MiniOzoneClusterImpl-b710d106-2c58-4a4d-8c07-4cf143589938/datanode-0/data/ratis/94dfe92d-ae42-49ac-920d-a0ffb8cc4268] INFO  segmented.SegmentedRaftLogWorker (SegmentedRaftLogWorker.java:run(313)) - cc46da0f-c3d0-4319-b020-352cb15300cf-SegmentedRaftLogWorker:Storage Directory /workdir/hadoop-ozone/ozonefs/target/test-dir/MiniOzoneClusterImpl-b710d106-2c58-4a4d-8c07-4cf143589938/datanode-0/data/ratis/94dfe92d-ae42-49ac-920d-a0ffb8cc4268 was interrupted, exiting. There are 0 tasks remaining in the queue.
2019-09-19 10:43:33,664 [main] INFO  impl.StateMachineUpdater (StateMachineUpdater.java:stopAndJoin(115)) - StateMachineUpdater:150f2557-af2e-4ff4-a511-15deca74e85e:group-1B340934184D: set stopIndex = 0
2019-09-19 10:43:33,664 [main] INFO  impl.RaftServerImpl (ServerState.java:close(394)) - 150f2557-af2e-4ff4-a511-15deca74e85e:group-1B340934184D closes. The last applied log index is 0
2019-09-19 10:43:33,664 [ForkJoinPool.commonPool-worker-0] INFO  segmented.SegmentedRaftLogWorker (SegmentedRaftLogWorker.java:close(228)) - cc46da0f-c3d0-4319-b020-352cb15300cf-SegmentedRaftLogWorker:Storage Directory /workdir/hadoop-ozone/ozonefs/target/test-dir/MiniOzoneClusterImpl-b710d106-2c58-4a4d-8c07-4cf143589938/datanode-0/data/ratis/94dfe92d-ae42-49ac-920d-a0ffb8cc4268 close()
2019-09-19 10:43:33,664 [150f2557-af2e-4ff4-a511-15deca74e85e-SegmentedRaftLogWorker:Storage Directory /workdir/hadoop-ozone/ozonefs/target/test-dir/MiniOzoneClusterImpl-b710d106-2c58-4a4d-8c07-4cf143589938/datanode-1/data/ratis/6c948c50-ad89-45be-a581-1b340934184d] INFO  segmented.SegmentedRaftLogWorker (SegmentedRaftLogWorker.java:run(313)) - 150f2557-af2e-4ff4-a511-15deca74e85e-SegmentedRaftLogWorker:Storage Directory /workdir/hadoop-ozone/ozonefs/target/test-dir/MiniOzoneClusterImpl-b710d106-2c58-4a4d-8c07-4cf143589938/datanode-1/data/ratis/6c948c50-ad89-45be-a581-1b340934184d was interrupted, exiting. There are 0 tasks remaining in the queue.
2019-09-19 10:43:33,664 [ForkJoinPool.commonPool-worker-0] INFO  impl.RaftServerImpl (RaftServerImpl.java:lambda$shutdown$3(245)) - cc46da0f-c3d0-4319-b020-352cb15300cf: shutdown group-37703A01CCB1
2019-09-19 10:43:33,665 [main] INFO  segmented.SegmentedRaftLogWorker (SegmentedRaftLogWorker.java:close(228)) - 150f2557-af2e-4ff4-a511-15deca74e85e-SegmentedRaftLogWorker:Storage Directory /workdir/hadoop-ozone/ozonefs/target/test-dir/MiniOzoneClusterImpl-b710d106-2c58-4a4d-8c07-4cf143589938/datanode-1/data/ratis/6c948c50-ad89-45be-a581-1b340934184d close()
2019-09-19 10:43:33,665 [ForkJoinPool.commonPool-worker-0] INFO  util.JmxRegister (JmxRegister.java:unregister(73)) - Successfully un-registered JMX Bean with object name Ratis:service=RaftServer,group=group-37703A01CCB1,id=cc46da0f-c3d0-4319-b020-352cb15300cf
2019-09-19 10:43:33,665 [main] INFO  impl.RaftServerImpl (RaftServerImpl.java:lambda$shutdown$3(245)) - 150f2557-af2e-4ff4-a511-15deca74e85e: shutdown group-E2651A0494FC
2019-09-19 10:43:33,665 [ForkJoinPool.commonPool-worker-0] INFO  impl.RoleInfo (RoleInfo.java:shutdownLeaderState(104)) - cc46da0f-c3d0-4319-b020-352cb15300cf: shutdown LeaderState
2019-09-19 10:43:33,665 [main] INFO  util.JmxRegister (JmxRegister.java:unregister(73)) - Successfully un-registered JMX Bean with object name Ratis:service=RaftServer,group=group-E2651A0494FC,id=150f2557-af2e-4ff4-a511-15deca74e85e
2019-09-19 10:43:33,666 [main] INFO  impl.RoleInfo (RoleInfo.java:shutdownLeaderState(104)) - 150f2557-af2e-4ff4-a511-15deca74e85e: shutdown LeaderState
2019-09-19 10:43:33,666 [ForkJoinPool.commonPool-worker-0] INFO  impl.PendingRequests (PendingRequests.java:sendNotLeaderResponses(202)) - cc46da0f-c3d0-4319-b020-352cb15300cf-PendingRequests: sendNotLeaderResponses
2019-09-19 10:43:33,666 [main] INFO  impl.PendingRequests (PendingRequests.java:sendNotLeaderResponses(202)) - 150f2557-af2e-4ff4-a511-15deca74e85e-PendingRequests: sendNotLeaderResponses
2019-09-19 10:43:33,666 [ForkJoinPool.commonPool-worker-0] INFO  impl.StateMachineUpdater (StateMachineUpdater.java:stopAndJoin(115)) - StateMachineUpdater:cc46da0f-c3d0-4319-b020-352cb15300cf:group-37703A01CCB1: set stopIndex = 0
2019-09-19 10:43:33,667 [main] INFO  impl.StateMachineUpdater (StateMachineUpdater.java:stopAndJoin(115)) - StateMachineUpdater:150f2557-af2e-4ff4-a511-15deca74e85e:group-E2651A0494FC: set stopIndex = 0
2019-09-19 10:43:33,667 [main] INFO  impl.RaftServerImpl (ServerState.java:close(394)) - 150f2557-af2e-4ff4-a511-15deca74e85e:group-E2651A0494FC closes. The last applied log index is 0
2019-09-19 10:43:33,667 [ForkJoinPool.commonPool-worker-0] INFO  impl.RaftServerImpl (ServerState.java:close(394)) - cc46da0f-c3d0-4319-b020-352cb15300cf:group-37703A01CCB1 closes. The last applied log index is 0
2019-09-19 10:43:33,667 [150f2557-af2e-4ff4-a511-15deca74e85e-SegmentedRaftLogWorker:Storage Directory /workdir/hadoop-ozone/ozonefs/target/test-dir/MiniOzoneClusterImpl-b710d106-2c58-4a4d-8c07-4cf143589938/datanode-1/data/ratis/c2d1f37c-31cd-4bb9-bcdb-e2651a0494fc] INFO  segmented.SegmentedRaftLogWorker (SegmentedRaftLogWorker.java:run(313)) - 150f2557-af2e-4ff4-a511-15deca74e85e-SegmentedRaftLogWorker:Storage Directory /workdir/hadoop-ozone/ozonefs/target/test-dir/MiniOzoneClusterImpl-b710d106-2c58-4a4d-8c07-4cf143589938/datanode-1/data/ratis/c2d1f37c-31cd-4bb9-bcdb-e2651a0494fc was interrupted, exiting. There are 0 tasks remaining in the queue.
2019-09-19 10:43:33,668 [cc46da0f-c3d0-4319-b020-352cb15300cf-SegmentedRaftLogWorker:Storage Directory /workdir/hadoop-ozone/ozonefs/target/test-dir/MiniOzoneClusterImpl-b710d106-2c58-4a4d-8c07-4cf143589938/datanode-0/data/ratis/4df3e448-cd46-480c-9d6c-37703a01ccb1] INFO  segmented.SegmentedRaftLogWorker (SegmentedRaftLogWorker.java:run(313)) - cc46da0f-c3d0-4319-b020-352cb15300cf-SegmentedRaftLogWorker:Storage Directory /workdir/hadoop-ozone/ozonefs/target/test-dir/MiniOzoneClusterImpl-b710d106-2c58-4a4d-8c07-4cf143589938/datanode-0/data/ratis/4df3e448-cd46-480c-9d6c-37703a01ccb1 was interrupted, exiting. There are 0 tasks remaining in the queue.
2019-09-19 10:43:33,668 [main] INFO  segmented.SegmentedRaftLogWorker (SegmentedRaftLogWorker.java:close(228)) - 150f2557-af2e-4ff4-a511-15deca74e85e-SegmentedRaftLogWorker:Storage Directory /workdir/hadoop-ozone/ozonefs/target/test-dir/MiniOzoneClusterImpl-b710d106-2c58-4a4d-8c07-4cf143589938/datanode-1/data/ratis/c2d1f37c-31cd-4bb9-bcdb-e2651a0494fc close()
2019-09-19 10:43:33,668 [ForkJoinPool.commonPool-worker-0] INFO  segmented.SegmentedRaftLogWorker (SegmentedRaftLogWorker.java:close(228)) - cc46da0f-c3d0-4319-b020-352cb15300cf-SegmentedRaftLogWorker:Storage Directory /workdir/hadoop-ozone/ozonefs/target/test-dir/MiniOzoneClusterImpl-b710d106-2c58-4a4d-8c07-4cf143589938/datanode-0/data/ratis/4df3e448-cd46-480c-9d6c-37703a01ccb1 close()
2019-09-19 10:43:33,668 [main] INFO  server.GrpcService (GrpcService.java:closeImpl(155)) - 150f2557-af2e-4ff4-a511-15deca74e85e: shutdown server with port 43817 now
2019-09-19 10:43:33,668 [ForkJoinPool.commonPool-worker-0] INFO  impl.RaftServerImpl (RaftServerImpl.java:lambda$shutdown$3(245)) - cc46da0f-c3d0-4319-b020-352cb15300cf: shutdown group-0EBDB511F200
2019-09-19 10:43:33,668 [ForkJoinPool.commonPool-worker-0] INFO  util.JmxRegister (JmxRegister.java:unregister(73)) - Successfully un-registered JMX Bean with object name Ratis:service=RaftServer,group=group-0EBDB511F200,id=cc46da0f-c3d0-4319-b020-352cb15300cf
2019-09-19 10:43:33,669 [ForkJoinPool.commonPool-worker-0] INFO  impl.RoleInfo (RoleInfo.java:shutdownLeaderState(104)) - cc46da0f-c3d0-4319-b020-352cb15300cf: shutdown LeaderState
2019-09-19 10:43:33,669 [ForkJoinPool.commonPool-worker-0] INFO  impl.PendingRequests (PendingRequests.java:sendNotLeaderResponses(202)) - cc46da0f-c3d0-4319-b020-352cb15300cf-PendingRequests: sendNotLeaderResponses
2019-09-19 10:43:33,670 [main] INFO  server.GrpcService (GrpcService.java:closeImpl(163)) - 150f2557-af2e-4ff4-a511-15deca74e85e: shutdown server with port 43817 successfully
2019-09-19 10:43:33,670 [ForkJoinPool.commonPool-worker-0] INFO  impl.StateMachineUpdater (StateMachineUpdater.java:stopAndJoin(115)) - StateMachineUpdater:cc46da0f-c3d0-4319-b020-352cb15300cf:group-0EBDB511F200: set stopIndex = 0
2019-09-19 10:43:33,670 [ForkJoinPool.commonPool-worker-0] INFO  impl.RaftServerImpl (ServerState.java:close(394)) - cc46da0f-c3d0-4319-b020-352cb15300cf:group-0EBDB511F200 closes. The last applied log index is 0
2019-09-19 10:43:33,671 [cc46da0f-c3d0-4319-b020-352cb15300cf-SegmentedRaftLogWorker:Storage Directory /workdir/hadoop-ozone/ozonefs/target/test-dir/MiniOzoneClusterImpl-b710d106-2c58-4a4d-8c07-4cf143589938/datanode-0/data/ratis/396766b9-3640-4ae7-ae48-0ebdb511f200] INFO  segmented.SegmentedRaftLogWorker (SegmentedRaftLogWorker.java:run(313)) - cc46da0f-c3d0-4319-b020-352cb15300cf-SegmentedRaftLogWorker:Storage Directory /workdir/hadoop-ozone/ozonefs/target/test-dir/MiniOzoneClusterImpl-b710d106-2c58-4a4d-8c07-4cf143589938/datanode-0/data/ratis/396766b9-3640-4ae7-ae48-0ebdb511f200 was interrupted, exiting. There are 0 tasks remaining in the queue.
2019-09-19 10:43:33,671 [ForkJoinPool.commonPool-worker-0] INFO  segmented.SegmentedRaftLogWorker (SegmentedRaftLogWorker.java:close(228)) - cc46da0f-c3d0-4319-b020-352cb15300cf-SegmentedRaftLogWorker:Storage Directory /workdir/hadoop-ozone/ozonefs/target/test-dir/MiniOzoneClusterImpl-b710d106-2c58-4a4d-8c07-4cf143589938/datanode-0/data/ratis/396766b9-3640-4ae7-ae48-0ebdb511f200 close()
2019-09-19 10:43:33,671 [ForkJoinPool.commonPool-worker-0] INFO  server.GrpcService (GrpcService.java:closeImpl(155)) - cc46da0f-c3d0-4319-b020-352cb15300cf: shutdown server with port 41413 now
2019-09-19 10:43:33,672 [ForkJoinPool.commonPool-worker-0] INFO  server.GrpcService (GrpcService.java:closeImpl(163)) - cc46da0f-c3d0-4319-b020-352cb15300cf: shutdown server with port 41413 successfully
2019-09-19 10:43:33,674 [main] INFO  utils.BackgroundService (BackgroundService.java:shutdown(148)) - Shutting down service BlockDeletingService
2019-09-19 10:43:33,677 [refreshUsed-/workdir/hadoop-ozone/ozonefs/target/test-dir/MiniOzoneClusterImpl-b710d106-2c58-4a4d-8c07-4cf143589938/datanode-1/data/containers] WARN  fs.CachingGetSpaceUsed (CachingGetSpaceUsed.java:run(183)) - Thread Interrupted waiting to refresh disk information: sleep interrupted
2019-09-19 10:43:33,677 [ForkJoinPool.commonPool-worker-0] INFO  utils.BackgroundService (BackgroundService.java:shutdown(148)) - Shutting down service BlockDeletingService
2019-09-19 10:43:33,679 [refreshUsed-/workdir/hadoop-ozone/ozonefs/target/test-dir/MiniOzoneClusterImpl-b710d106-2c58-4a4d-8c07-4cf143589938/datanode-0/data/containers] WARN  fs.CachingGetSpaceUsed (CachingGetSpaceUsed.java:run(183)) - Thread Interrupted waiting to refresh disk information: sleep interrupted
2019-09-19 10:43:33,696 [ForkJoinPool.commonPool-worker-0] INFO  statemachine.DatanodeStateMachine (DatanodeStateMachine.java:stopDaemon(395)) - Ozone container server stopped.
2019-09-19 10:43:33,699 [ForkJoinPool.commonPool-worker-0] INFO  handler.ContextHandler (ContextHandler.java:doStop(910)) - Stopped o.e.j.w.WebAppContext@568cc1c5{/,null,UNAVAILABLE}{/hddsDatanode}
2019-09-19 10:43:33,700 [ForkJoinPool.commonPool-worker-0] INFO  server.AbstractConnector (AbstractConnector.java:doStop(318)) - Stopped ServerConnector@536e3aab{HTTP/1.1,[http/1.1]}{0.0.0.0:0}
2019-09-19 10:43:33,700 [ForkJoinPool.commonPool-worker-0] INFO  handler.ContextHandler (ContextHandler.java:doStop(910)) - Stopped o.e.j.s.ServletContextHandler@7a970f{/static,jar:file:/home/user/.m2/repository/org/apache/hadoop/hadoop-hdds-container-service/0.5.0-SNAPSHOT/hadoop-hdds-container-service-0.5.0-SNAPSHOT.jar!/webapps/static,UNAVAILABLE}
2019-09-19 10:43:33,701 [ForkJoinPool.commonPool-worker-0] INFO  handler.ContextHandler (ContextHandler.java:doStop(910)) - Stopped o.e.j.s.ServletContextHandler@50dcc20a{/logs,file:///workdir/hadoop-ozone/ozonefs/target/log,UNAVAILABLE}
2019-09-19 10:43:33,702 [ForkJoinPool.commonPool-worker-0] INFO  datanode.ObjectStoreHandler (ObjectStoreHandler.java:close(155)) - Closing ObjectStoreHandler.
2019-09-19 10:43:33,702 [ForkJoinPool.commonPool-worker-0] INFO  ozone.HddsDatanodeService (HddsDatanodeService.java:stop(451)) - Stopped plug-in org.apache.hadoop.ozone.web.OzoneHddsDatanodeService@787239f5
2019-09-19 10:43:33,705 [main] INFO  statemachine.DatanodeStateMachine (DatanodeStateMachine.java:stopDaemon(395)) - Ozone container server stopped.
2019-09-19 10:43:33,706 [main] INFO  handler.ContextHandler (ContextHandler.java:doStop(910)) - Stopped o.e.j.w.WebAppContext@6845dfcc{/,null,UNAVAILABLE}{/hddsDatanode}
2019-09-19 10:43:33,706 [main] INFO  server.AbstractConnector (AbstractConnector.java:doStop(318)) - Stopped ServerConnector@5415ed48{HTTP/1.1,[http/1.1]}{0.0.0.0:0}
2019-09-19 10:43:33,707 [main] INFO  handler.ContextHandler (ContextHandler.java:doStop(910)) - Stopped o.e.j.s.ServletContextHandler@7f62fa28{/static,jar:file:/home/user/.m2/repository/org/apache/hadoop/hadoop-hdds-container-service/0.5.0-SNAPSHOT/hadoop-hdds-container-service-0.5.0-SNAPSHOT.jar!/webapps/static,UNAVAILABLE}
2019-09-19 10:43:33,707 [main] INFO  handler.ContextHandler (ContextHandler.java:doStop(910)) - Stopped o.e.j.s.ServletContextHandler@129204bf{/logs,file:///workdir/hadoop-ozone/ozonefs/target/log,UNAVAILABLE}
2019-09-19 10:43:34,418 [Datanode State Machine Thread - 0] INFO  statemachine.DatanodeStateMachine (DatanodeStateMachine.java:lambda$startDaemon$0(350)) - Ozone container server started.
2019-09-19 10:43:38,703 [ForkJoinPool.commonPool-worker-0] INFO  ozoneimpl.OzoneContainer (OzoneContainer.java:stop(199)) - Attempting to stop container services.
2019-09-19 10:43:38,703 [ForkJoinPool.commonPool-worker-0] INFO  impl.RaftServerProxy (RaftServerProxy.java:lambda$close$4(314)) - bd77eb86-d949-4b39-b9de-a79d79cc61f0: close
2019-09-19 10:43:38,703 [ForkJoinPool.commonPool-worker-0] INFO  impl.RaftServerImpl (RaftServerImpl.java:lambda$shutdown$3(245)) - bd77eb86-d949-4b39-b9de-a79d79cc61f0: shutdown group-A51A3BD27FFB
2019-09-19 10:43:38,703 [ForkJoinPool.commonPool-worker-0] INFO  util.JmxRegister (JmxRegister.java:unregister(73)) - Successfully un-registered JMX Bean with object name Ratis:service=RaftServer,group=group-A51A3BD27FFB,id=bd77eb86-d949-4b39-b9de-a79d79cc61f0
2019-09-19 10:43:38,704 [ForkJoinPool.commonPool-worker-0] INFO  impl.RoleInfo (RoleInfo.java:shutdownLeaderState(104)) - bd77eb86-d949-4b39-b9de-a79d79cc61f0: shutdown LeaderState
2019-09-19 10:43:38,704 [ForkJoinPool.commonPool-worker-0] INFO  impl.PendingRequests (PendingRequests.java:sendNotLeaderResponses(202)) - bd77eb86-d949-4b39-b9de-a79d79cc61f0-PendingRequests: sendNotLeaderResponses
2019-09-19 10:43:38,704 [ForkJoinPool.commonPool-worker-0] INFO  impl.StateMachineUpdater (StateMachineUpdater.java:stopAndJoin(115)) - StateMachineUpdater:bd77eb86-d949-4b39-b9de-a79d79cc61f0:group-A51A3BD27FFB: set stopIndex = 0
2019-09-19 10:43:38,704 [ForkJoinPool.commonPool-worker-0] INFO  impl.RaftServerImpl (ServerState.java:close(394)) - bd77eb86-d949-4b39-b9de-a79d79cc61f0:group-A51A3BD27FFB closes. The last applied log index is 0
2019-09-19 10:43:38,704 [bd77eb86-d949-4b39-b9de-a79d79cc61f0-SegmentedRaftLogWorker:Storage Directory /workdir/hadoop-ozone/ozonefs/target/test-dir/MiniOzoneClusterImpl-b710d106-2c58-4a4d-8c07-4cf143589938/datanode-2/data/ratis/4eba7ca6-cda3-40a7-83ff-a51a3bd27ffb] INFO  segmented.SegmentedRaftLogWorker (SegmentedRaftLogWorker.java:run(313)) - bd77eb86-d949-4b39-b9de-a79d79cc61f0-SegmentedRaftLogWorker:Storage Directory /workdir/hadoop-ozone/ozonefs/target/test-dir/MiniOzoneClusterImpl-b710d106-2c58-4a4d-8c07-4cf143589938/datanode-2/data/ratis/4eba7ca6-cda3-40a7-83ff-a51a3bd27ffb was interrupted, exiting. There are 0 tasks remaining in the queue.
2019-09-19 10:43:38,705 [ForkJoinPool.commonPool-worker-0] INFO  segmented.SegmentedRaftLogWorker (SegmentedRaftLogWorker.java:close(228)) - bd77eb86-d949-4b39-b9de-a79d79cc61f0-SegmentedRaftLogWorker:Storage Directory /workdir/hadoop-ozone/ozonefs/target/test-dir/MiniOzoneClusterImpl-b710d106-2c58-4a4d-8c07-4cf143589938/datanode-2/data/ratis/4eba7ca6-cda3-40a7-83ff-a51a3bd27ffb close()
2019-09-19 10:43:38,705 [ForkJoinPool.commonPool-worker-0] INFO  impl.RaftServerImpl (RaftServerImpl.java:lambda$shutdown$3(245)) - bd77eb86-d949-4b39-b9de-a79d79cc61f0: shutdown group-21AFABF4BA9C
2019-09-19 10:43:38,705 [ForkJoinPool.commonPool-worker-0] INFO  util.JmxRegister (JmxRegister.java:unregister(73)) - Successfully un-registered JMX Bean with object name Ratis:service=RaftServer,group=group-21AFABF4BA9C,id=bd77eb86-d949-4b39-b9de-a79d79cc61f0
2019-09-19 10:43:38,705 [ForkJoinPool.commonPool-worker-0] INFO  impl.RoleInfo (RoleInfo.java:shutdownLeaderState(104)) - bd77eb86-d949-4b39-b9de-a79d79cc61f0: shutdown LeaderState
2019-09-19 10:43:38,705 [ForkJoinPool.commonPool-worker-0] INFO  impl.PendingRequests (PendingRequests.java:sendNotLeaderResponses(202)) - bd77eb86-d949-4b39-b9de-a79d79cc61f0-PendingRequests: sendNotLeaderResponses
2019-09-19 10:43:38,706 [ForkJoinPool.commonPool-worker-0] INFO  impl.StateMachineUpdater (StateMachineUpdater.java:stopAndJoin(115)) - StateMachineUpdater:bd77eb86-d949-4b39-b9de-a79d79cc61f0:group-21AFABF4BA9C: set stopIndex = 0
2019-09-19 10:43:38,706 [ForkJoinPool.commonPool-worker-0] INFO  impl.RaftServerImpl (ServerState.java:close(394)) - bd77eb86-d949-4b39-b9de-a79d79cc61f0:group-21AFABF4BA9C closes. The last applied log index is 0
2019-09-19 10:43:38,706 [bd77eb86-d949-4b39-b9de-a79d79cc61f0-SegmentedRaftLogWorker:Storage Directory /workdir/hadoop-ozone/ozonefs/target/test-dir/MiniOzoneClusterImpl-b710d106-2c58-4a4d-8c07-4cf143589938/datanode-2/data/ratis/56ec8361-3ef3-4e67-9e29-21afabf4ba9c] INFO  segmented.SegmentedRaftLogWorker (SegmentedRaftLogWorker.java:run(313)) - bd77eb86-d949-4b39-b9de-a79d79cc61f0-SegmentedRaftLogWorker:Storage Directory /workdir/hadoop-ozone/ozonefs/target/test-dir/MiniOzoneClusterImpl-b710d106-2c58-4a4d-8c07-4cf143589938/datanode-2/data/ratis/56ec8361-3ef3-4e67-9e29-21afabf4ba9c was interrupted, exiting. There are 0 tasks remaining in the queue.
2019-09-19 10:43:38,706 [ForkJoinPool.commonPool-worker-0] INFO  segmented.SegmentedRaftLogWorker (SegmentedRaftLogWorker.java:close(228)) - bd77eb86-d949-4b39-b9de-a79d79cc61f0-SegmentedRaftLogWorker:Storage Directory /workdir/hadoop-ozone/ozonefs/target/test-dir/MiniOzoneClusterImpl-b710d106-2c58-4a4d-8c07-4cf143589938/datanode-2/data/ratis/56ec8361-3ef3-4e67-9e29-21afabf4ba9c close()
2019-09-19 10:43:38,707 [ForkJoinPool.commonPool-worker-0] INFO  impl.RaftServerImpl (RaftServerImpl.java:lambda$shutdown$3(245)) - bd77eb86-d949-4b39-b9de-a79d79cc61f0: shutdown group-19A34944805E
2019-09-19 10:43:38,707 [ForkJoinPool.commonPool-worker-0] INFO  util.JmxRegister (JmxRegister.java:unregister(73)) - Successfully un-registered JMX Bean with object name Ratis:service=RaftServer,group=group-19A34944805E,id=bd77eb86-d949-4b39-b9de-a79d79cc61f0
2019-09-19 10:43:38,707 [ForkJoinPool.commonPool-worker-0] INFO  impl.RoleInfo (RoleInfo.java:shutdownLeaderState(104)) - bd77eb86-d949-4b39-b9de-a79d79cc61f0: shutdown LeaderState
2019-09-19 10:43:38,707 [ForkJoinPool.commonPool-worker-0] INFO  impl.PendingRequests (PendingRequests.java:sendNotLeaderResponses(202)) - bd77eb86-d949-4b39-b9de-a79d79cc61f0-PendingRequests: sendNotLeaderResponses
2019-09-19 10:43:38,707 [ForkJoinPool.commonPool-worker-0] INFO  impl.StateMachineUpdater (StateMachineUpdater.java:stopAndJoin(115)) - StateMachineUpdater:bd77eb86-d949-4b39-b9de-a79d79cc61f0:group-19A34944805E: set stopIndex = 0
2019-09-19 10:43:38,707 [ForkJoinPool.commonPool-worker-0] INFO  impl.RaftServerImpl (ServerState.java:close(394)) - bd77eb86-d949-4b39-b9de-a79d79cc61f0:group-19A34944805E closes. The last applied log index is 0
2019-09-19 10:43:38,708 [bd77eb86-d949-4b39-b9de-a79d79cc61f0-SegmentedRaftLogWorker:Storage Directory /workdir/hadoop-ozone/ozonefs/target/test-dir/MiniOzoneClusterImpl-b710d106-2c58-4a4d-8c07-4cf143589938/datanode-2/data/ratis/854ff3f3-7fc9-4fdf-bc71-19a34944805e] INFO  segmented.SegmentedRaftLogWorker (SegmentedRaftLogWorker.java:run(313)) - bd77eb86-d949-4b39-b9de-a79d79cc61f0-SegmentedRaftLogWorker:Storage Directory /workdir/hadoop-ozone/ozonefs/target/test-dir/MiniOzoneClusterImpl-b710d106-2c58-4a4d-8c07-4cf143589938/datanode-2/data/ratis/854ff3f3-7fc9-4fdf-bc71-19a34944805e was interrupted, exiting. There are 0 tasks remaining in the queue.
2019-09-19 10:43:38,708 [ForkJoinPool.commonPool-worker-0] INFO  segmented.SegmentedRaftLogWorker (SegmentedRaftLogWorker.java:close(228)) - bd77eb86-d949-4b39-b9de-a79d79cc61f0-SegmentedRaftLogWorker:Storage Directory /workdir/hadoop-ozone/ozonefs/target/test-dir/MiniOzoneClusterImpl-b710d106-2c58-4a4d-8c07-4cf143589938/datanode-2/data/ratis/854ff3f3-7fc9-4fdf-bc71-19a34944805e close()
2019-09-19 10:43:38,708 [ForkJoinPool.commonPool-worker-0] INFO  impl.RaftServerImpl (RaftServerImpl.java:lambda$shutdown$3(245)) - bd77eb86-d949-4b39-b9de-a79d79cc61f0: shutdown group-3C554CAD1B5A
2019-09-19 10:43:38,708 [ForkJoinPool.commonPool-worker-0] INFO  util.JmxRegister (JmxRegister.java:unregister(73)) - Successfully un-registered JMX Bean with object name Ratis:service=RaftServer,group=group-3C554CAD1B5A,id=bd77eb86-d949-4b39-b9de-a79d79cc61f0
2019-09-19 10:43:38,708 [ForkJoinPool.commonPool-worker-0] INFO  impl.RoleInfo (RoleInfo.java:shutdownLeaderState(104)) - bd77eb86-d949-4b39-b9de-a79d79cc61f0: shutdown LeaderState
2019-09-19 10:43:38,709 [ForkJoinPool.commonPool-worker-0] INFO  impl.PendingRequests (PendingRequests.java:sendNotLeaderResponses(202)) - bd77eb86-d949-4b39-b9de-a79d79cc61f0-PendingRequests: sendNotLeaderResponses
2019-09-19 10:43:38,709 [ForkJoinPool.commonPool-worker-0] INFO  impl.StateMachineUpdater (StateMachineUpdater.java:stopAndJoin(115)) - StateMachineUpdater:bd77eb86-d949-4b39-b9de-a79d79cc61f0:group-3C554CAD1B5A: set stopIndex = 0
2019-09-19 10:43:38,709 [ForkJoinPool.commonPool-worker-0] INFO  impl.RaftServerImpl (ServerState.java:close(394)) - bd77eb86-d949-4b39-b9de-a79d79cc61f0:group-3C554CAD1B5A closes. The last applied log index is 0
2019-09-19 10:43:38,709 [bd77eb86-d949-4b39-b9de-a79d79cc61f0-SegmentedRaftLogWorker:Storage Directory /workdir/hadoop-ozone/ozonefs/target/test-dir/MiniOzoneClusterImpl-b710d106-2c58-4a4d-8c07-4cf143589938/datanode-2/data/ratis/8c73681a-a300-4cf3-97a0-3c554cad1b5a] INFO  segmented.SegmentedRaftLogWorker (SegmentedRaftLogWorker.java:run(313)) - bd77eb86-d949-4b39-b9de-a79d79cc61f0-SegmentedRaftLogWorker:Storage Directory /workdir/hadoop-ozone/ozonefs/target/test-dir/MiniOzoneClusterImpl-b710d106-2c58-4a4d-8c07-4cf143589938/datanode-2/data/ratis/8c73681a-a300-4cf3-97a0-3c554cad1b5a was interrupted, exiting. There are 0 tasks remaining in the queue.
2019-09-19 10:43:38,709 [ForkJoinPool.commonPool-worker-0] INFO  segmented.SegmentedRaftLogWorker (SegmentedRaftLogWorker.java:close(228)) - bd77eb86-d949-4b39-b9de-a79d79cc61f0-SegmentedRaftLogWorker:Storage Directory /workdir/hadoop-ozone/ozonefs/target/test-dir/MiniOzoneClusterImpl-b710d106-2c58-4a4d-8c07-4cf143589938/datanode-2/data/ratis/8c73681a-a300-4cf3-97a0-3c554cad1b5a close()
2019-09-19 10:43:38,710 [ForkJoinPool.commonPool-worker-0] INFO  impl.RaftServerImpl (RaftServerImpl.java:lambda$shutdown$3(245)) - bd77eb86-d949-4b39-b9de-a79d79cc61f0: shutdown group-1B2C056C3871
2019-09-19 10:43:38,710 [ForkJoinPool.commonPool-worker-0] INFO  util.JmxRegister (JmxRegister.java:unregister(73)) - Successfully un-registered JMX Bean with object name Ratis:service=RaftServer,group=group-1B2C056C3871,id=bd77eb86-d949-4b39-b9de-a79d79cc61f0
2019-09-19 10:43:38,710 [ForkJoinPool.commonPool-worker-0] INFO  impl.RoleInfo (RoleInfo.java:shutdownLeaderState(104)) - bd77eb86-d949-4b39-b9de-a79d79cc61f0: shutdown LeaderState
2019-09-19 10:43:38,710 [ForkJoinPool.commonPool-worker-0] INFO  impl.PendingRequests (PendingRequests.java:sendNotLeaderResponses(202)) - bd77eb86-d949-4b39-b9de-a79d79cc61f0-PendingRequests: sendNotLeaderResponses
2019-09-19 10:43:38,710 [ForkJoinPool.commonPool-worker-0] INFO  impl.StateMachineUpdater (StateMachineUpdater.java:stopAndJoin(115)) - StateMachineUpdater:bd77eb86-d949-4b39-b9de-a79d79cc61f0:group-1B2C056C3871: set stopIndex = 0
2019-09-19 10:43:38,710 [ForkJoinPool.commonPool-worker-0] INFO  impl.RaftServerImpl (ServerState.java:close(394)) - bd77eb86-d949-4b39-b9de-a79d79cc61f0:group-1B2C056C3871 closes. The last applied log index is 0
2019-09-19 10:43:38,711 [bd77eb86-d949-4b39-b9de-a79d79cc61f0-SegmentedRaftLogWorker:Storage Directory /workdir/hadoop-ozone/ozonefs/target/test-dir/MiniOzoneClusterImpl-b710d106-2c58-4a4d-8c07-4cf143589938/datanode-2/data/ratis/52c39b1b-40a4-468f-943e-1b2c056c3871] INFO  segmented.SegmentedRaftLogWorker (SegmentedRaftLogWorker.java:run(313)) - bd77eb86-d949-4b39-b9de-a79d79cc61f0-SegmentedRaftLogWorker:Storage Directory /workdir/hadoop-ozone/ozonefs/target/test-dir/MiniOzoneClusterImpl-b710d106-2c58-4a4d-8c07-4cf143589938/datanode-2/data/ratis/52c39b1b-40a4-468f-943e-1b2c056c3871 was interrupted, exiting. There are 0 tasks remaining in the queue.
2019-09-19 10:43:38,711 [ForkJoinPool.commonPool-worker-0] INFO  segmented.SegmentedRaftLogWorker (SegmentedRaftLogWorker.java:close(228)) - bd77eb86-d949-4b39-b9de-a79d79cc61f0-SegmentedRaftLogWorker:Storage Directory /workdir/hadoop-ozone/ozonefs/target/test-dir/MiniOzoneClusterImpl-b710d106-2c58-4a4d-8c07-4cf143589938/datanode-2/data/ratis/52c39b1b-40a4-468f-943e-1b2c056c3871 close()
2019-09-19 10:43:38,711 [ForkJoinPool.commonPool-worker-0] INFO  impl.RaftServerImpl (RaftServerImpl.java:lambda$shutdown$3(245)) - bd77eb86-d949-4b39-b9de-a79d79cc61f0: shutdown group-B0853C7630E8
2019-09-19 10:43:38,711 [ForkJoinPool.commonPool-worker-0] INFO  util.JmxRegister (JmxRegister.java:unregister(73)) - Successfully un-registered JMX Bean with object name Ratis:service=RaftServer,group=group-B0853C7630E8,id=bd77eb86-d949-4b39-b9de-a79d79cc61f0
2019-09-19 10:43:38,711 [ForkJoinPool.commonPool-worker-0] INFO  impl.RoleInfo (RoleInfo.java:shutdownLeaderState(104)) - bd77eb86-d949-4b39-b9de-a79d79cc61f0: shutdown LeaderState
2019-09-19 10:43:38,712 [ForkJoinPool.commonPool-worker-0] INFO  impl.PendingRequests (PendingRequests.java:sendNotLeaderResponses(202)) - bd77eb86-d949-4b39-b9de-a79d79cc61f0-PendingRequests: sendNotLeaderResponses
2019-09-19 10:43:38,712 [ForkJoinPool.commonPool-worker-0] INFO  impl.StateMachineUpdater (StateMachineUpdater.java:stopAndJoin(115)) - StateMachineUpdater:bd77eb86-d949-4b39-b9de-a79d79cc61f0:group-B0853C7630E8: set stopIndex = 0
2019-09-19 10:43:38,712 [ForkJoinPool.commonPool-worker-0] INFO  impl.RaftServerImpl (ServerState.java:close(394)) - bd77eb86-d949-4b39-b9de-a79d79cc61f0:group-B0853C7630E8 closes. The last applied log index is 0
2019-09-19 10:43:38,712 [bd77eb86-d949-4b39-b9de-a79d79cc61f0-SegmentedRaftLogWorker:Storage Directory /workdir/hadoop-ozone/ozonefs/target/test-dir/MiniOzoneClusterImpl-b710d106-2c58-4a4d-8c07-4cf143589938/datanode-2/data/ratis/f4e69e6b-a42e-47c0-9144-b0853c7630e8] INFO  segmented.SegmentedRaftLogWorker (SegmentedRaftLogWorker.java:run(313)) - bd77eb86-d949-4b39-b9de-a79d79cc61f0-SegmentedRaftLogWorker:Storage Directory /workdir/hadoop-ozone/ozonefs/target/test-dir/MiniOzoneClusterImpl-b710d106-2c58-4a4d-8c07-4cf143589938/datanode-2/data/ratis/f4e69e6b-a42e-47c0-9144-b0853c7630e8 was interrupted, exiting. There are 0 tasks remaining in the queue.
2019-09-19 10:43:38,712 [ForkJoinPool.commonPool-worker-0] INFO  segmented.SegmentedRaftLogWorker (SegmentedRaftLogWorker.java:close(228)) - bd77eb86-d949-4b39-b9de-a79d79cc61f0-SegmentedRaftLogWorker:Storage Directory /workdir/hadoop-ozone/ozonefs/target/test-dir/MiniOzoneClusterImpl-b710d106-2c58-4a4d-8c07-4cf143589938/datanode-2/data/ratis/f4e69e6b-a42e-47c0-9144-b0853c7630e8 close()
2019-09-19 10:43:38,713 [ForkJoinPool.commonPool-worker-0] INFO  server.GrpcService (GrpcService.java:closeImpl(155)) - bd77eb86-d949-4b39-b9de-a79d79cc61f0: shutdown server with port 36361 now
2019-09-19 10:43:38,714 [ForkJoinPool.commonPool-worker-0] INFO  server.GrpcService (GrpcService.java:closeImpl(163)) - bd77eb86-d949-4b39-b9de-a79d79cc61f0: shutdown server with port 36361 successfully
2019-09-19 10:43:38,719 [ForkJoinPool.commonPool-worker-0] INFO  utils.BackgroundService (BackgroundService.java:shutdown(148)) - Shutting down service BlockDeletingService
2019-09-19 10:43:38,719 [refreshUsed-/workdir/hadoop-ozone/ozonefs/target/test-dir/MiniOzoneClusterImpl-b710d106-2c58-4a4d-8c07-4cf143589938/datanode-2/data/containers] WARN  fs.CachingGetSpaceUsed (CachingGetSpaceUsed.java:run(183)) - Thread Interrupted waiting to refresh disk information: sleep interrupted
2019-09-19 10:43:38,736 [ForkJoinPool.commonPool-worker-0] INFO  statemachine.DatanodeStateMachine (DatanodeStateMachine.java:stopDaemon(395)) - Ozone container server stopped.
2019-09-19 10:43:38,740 [ForkJoinPool.commonPool-worker-0] INFO  handler.ContextHandler (ContextHandler.java:doStop(910)) - Stopped o.e.j.w.WebAppContext@787073b3{/,null,UNAVAILABLE}{/hddsDatanode}
2019-09-19 10:43:38,741 [ForkJoinPool.commonPool-worker-0] INFO  server.AbstractConnector (AbstractConnector.java:doStop(318)) - Stopped ServerConnector@53a52b3f{HTTP/1.1,[http/1.1]}{0.0.0.0:0}
2019-09-19 10:43:38,741 [ForkJoinPool.commonPool-worker-0] INFO  handler.ContextHandler (ContextHandler.java:doStop(910)) - Stopped o.e.j.s.ServletContextHandler@205c0b1a{/static,jar:file:/home/user/.m2/repository/org/apache/hadoop/hadoop-hdds-container-service/0.5.0-SNAPSHOT/hadoop-hdds-container-service-0.5.0-SNAPSHOT.jar!/webapps/static,UNAVAILABLE}
2019-09-19 10:43:38,742 [ForkJoinPool.commonPool-worker-0] INFO  handler.ContextHandler (ContextHandler.java:doStop(910)) - Stopped o.e.j.s.ServletContextHandler@13485e82{/logs,file:///workdir/hadoop-ozone/ozonefs/target/log,UNAVAILABLE}
2019-09-19 10:43:38,743 [main] INFO  ozone.MiniOzoneClusterImpl (MiniOzoneClusterImpl.java:stop(353)) - Stopping the StorageContainerManager
2019-09-19 10:43:38,743 [main] INFO  server.StorageContainerManager (StorageContainerManager.java:stop(797)) - Stopping Replication Manager Service.
2019-09-19 10:43:38,743 [main] INFO  container.ReplicationManager (ReplicationManager.java:stop(192)) - Stopping Replication Monitor Thread.
2019-09-19 10:43:38,743 [main] INFO  server.StorageContainerManager (StorageContainerManager.java:stop(804)) - Stopping Lease Manager of the command watchers
2019-09-19 10:43:38,743 [main] INFO  server.StorageContainerManager (StorageContainerManager.java:stop(811)) - Stopping datanode service RPC server
2019-09-19 10:43:38,744 [main] INFO  server.SCMDatanodeProtocolServer (SCMDatanodeProtocolServer.java:stop(367)) - Stopping the RPC server for DataNodes
2019-09-19 10:43:38,744 [main] INFO  ipc.Server (Server.java:stop(3082)) - Stopping server on 40132
2019-09-19 10:43:38,745 [IPC Server Responder] INFO  ipc.Server (Server.java:run(1319)) - Stopping IPC Server Responder
2019-09-19 10:43:38,745 [IPC Server listener on 40132] INFO  ipc.Server (Server.java:run(1185)) - Stopping IPC Server listener on 40132
2019-09-19 10:43:38,819 [SCM Heartbeat Processing Thread - 0] WARN  node.NodeStateManager (NodeStateManager.java:scheduleNextHealthCheck(655)) - Current Thread is interrupted, shutting down HB processing thread for Node Manager.
2019-09-19 10:43:38,819 [main] INFO  server.StorageContainerManager (StorageContainerManager.java:stop(819)) - Stopping block service RPC server
2019-09-19 10:43:38,819 [main] INFO  server.SCMBlockProtocolServer (SCMBlockProtocolServer.java:stop(148)) - Stopping the RPC server for Block Protocol
2019-09-19 10:43:38,819 [main] INFO  ipc.Server (Server.java:stop(3082)) - Stopping server on 38775
2019-09-19 10:43:38,821 [IPC Server listener on 38775] INFO  ipc.Server (Server.java:run(1185)) - Stopping IPC Server listener on 38775
2019-09-19 10:43:38,821 [main] INFO  server.StorageContainerManager (StorageContainerManager.java:stop(826)) - Stopping the StorageContainerLocationProtocol RPC server
2019-09-19 10:43:38,821 [IPC Server Responder] INFO  ipc.Server (Server.java:run(1319)) - Stopping IPC Server Responder
2019-09-19 10:43:38,821 [main] INFO  server.SCMClientProtocolServer (SCMClientProtocolServer.java:stop(159)) - Stopping the RPC server for Client Protocol
2019-09-19 10:43:38,822 [main] INFO  ipc.Server (Server.java:stop(3082)) - Stopping server on 37835
2019-09-19 10:43:38,823 [main] INFO  server.StorageContainerManager (StorageContainerManager.java:stop(833)) - Stopping Storage Container Manager HTTP server.
2019-09-19 10:43:38,824 [IPC Server listener on 37835] INFO  ipc.Server (Server.java:run(1185)) - Stopping IPC Server listener on 37835
2019-09-19 10:43:38,823 [IPC Server Responder] INFO  ipc.Server (Server.java:run(1319)) - Stopping IPC Server Responder
2019-09-19 10:43:38,825 [main] INFO  handler.ContextHandler (ContextHandler.java:doStop(910)) - Stopped o.e.j.w.WebAppContext@52f2d8e8{/,null,UNAVAILABLE}{/scm}
2019-09-19 10:43:38,826 [main] INFO  server.AbstractConnector (AbstractConnector.java:doStop(318)) - Stopped ServerConnector@3e43fb40{HTTP/1.1,[http/1.1]}{0.0.0.0:0}
2019-09-19 10:43:38,826 [main] INFO  handler.ContextHandler (ContextHandler.java:doStop(910)) - Stopped o.e.j.s.ServletContextHandler@504ed038{/static,jar:file:/home/user/.m2/repository/org/apache/hadoop/hadoop-hdds-server-scm/0.5.0-SNAPSHOT/hadoop-hdds-server-scm-0.5.0-SNAPSHOT.jar!/webapps/static,UNAVAILABLE}
2019-09-19 10:43:38,826 [main] INFO  handler.ContextHandler (ContextHandler.java:doStop(910)) - Stopped o.e.j.s.ServletContextHandler@491cceb4{/logs,file:///workdir/hadoop-ozone/ozonefs/target/log,UNAVAILABLE}
2019-09-19 10:43:38,827 [main] INFO  server.StorageContainerManager (StorageContainerManager.java:stop(844)) - Stopping Block Manager Service.
2019-09-19 10:43:38,827 [main] INFO  utils.BackgroundService (BackgroundService.java:shutdown(148)) - Shutting down service SCMBlockDeletingService
2019-09-19 10:43:38,828 [main] INFO  utils.BackgroundService (BackgroundService.java:shutdown(148)) - Shutting down service SCMBlockDeletingService
2019-09-19 10:43:38,828 [main] INFO  server.StorageContainerManager (StorageContainerManager.java:stop(866)) - Stopping SCM Event Queue.
2019-09-19 10:43:38,832 [main] INFO  impl.MetricsSystemImpl (MetricsSystemImpl.java:stop(210)) - Stopping HddsDatanode metrics system...
2019-09-19 10:43:38,843 [main] INFO  impl.MetricsSystemImpl (MetricsSystemImpl.java:stop(216)) - HddsDatanode metrics system stopped.
]]></system-out>
    <system-err><![CDATA[Sep 19, 2019 10:43:22 AM com.sun.jersey.server.impl.application.WebApplicationImpl _initiate
INFO: Initiating Jersey application, version 'Jersey: 1.19 02/11/2015 03:25 AM'
Sep 19, 2019 10:43:23 AM com.sun.jersey.server.impl.application.WebApplicationImpl _initiate
INFO: Initiating Jersey application, version 'Jersey: 1.19 02/11/2015 03:25 AM'
Sep 19, 2019 10:43:23 AM com.sun.jersey.server.impl.application.WebApplicationImpl _initiate
INFO: Initiating Jersey application, version 'Jersey: 1.19 02/11/2015 03:25 AM'
Sep 19, 2019 10:43:28 AM com.sun.jersey.server.impl.application.WebApplicationImpl _initiate
INFO: Initiating Jersey application, version 'Jersey: 1.19 02/11/2015 03:25 AM'
]]></system-err>
  </testcase>
</testsuite>