<?xml version="1.0" encoding="UTF-8"?>
<testsuite xmlns:xsi="http://www.w3.org/2001/XMLSchema-instance" xsi:noNamespaceSchemaLocation="https://maven.apache.org/surefire/maven-surefire-plugin/xsd/surefire-test-report.xsd" name="org.apache.hadoop.fs.ozone.TestOzoneFileSystem" time="171.239" tests="7" errors="4" skipped="0" failures="0">
  <properties>
    <property name="awt.toolkit" value="sun.awt.X11.XToolkit"/>
    <property name="file.encoding.pkg" value="sun.io"/>
    <property name="java.specification.version" value="1.8"/>
    <property name="sun.cpu.isalist" value=""/>
    <property name="sun.jnu.encoding" value="UTF-8"/>
    <property name="java.class.path" value="/workdir/hadoop-ozone/ozonefs/target/test-classes:/workdir/hadoop-ozone/ozonefs/target/classes:/home/user/.m2/repository/org/apache/hadoop/hadoop-common/3.2.0/hadoop-common-3.2.0.jar:/home/user/.m2/repository/org/apache/hadoop/hadoop-annotations/3.2.0/hadoop-annotations-3.2.0.jar:/usr/lib/jvm/java-1.8-openjdk/jre/../lib/tools.jar:/home/user/.m2/repository/com/google/guava/guava/11.0.2/guava-11.0.2.jar:/home/user/.m2/repository/commons-cli/commons-cli/1.2/commons-cli-1.2.jar:/home/user/.m2/repository/org/apache/commons/commons-math3/3.1.1/commons-math3-3.1.1.jar:/home/user/.m2/repository/org/apache/httpcomponents/httpclient/4.5.2/httpclient-4.5.2.jar:/home/user/.m2/repository/org/apache/httpcomponents/httpcore/4.4.4/httpcore-4.4.4.jar:/home/user/.m2/repository/commons-codec/commons-codec/1.11/commons-codec-1.11.jar:/home/user/.m2/repository/commons-io/commons-io/2.5/commons-io-2.5.jar:/home/user/.m2/repository/commons-net/commons-net/3.6/commons-net-3.6.jar:/home/user/.m2/repository/commons-collections/commons-collections/3.2.2/commons-collections-3.2.2.jar:/home/user/.m2/repository/javax/servlet/javax.servlet-api/3.1.0/javax.servlet-api-3.1.0.jar:/home/user/.m2/repository/org/eclipse/jetty/jetty-server/9.3.24.v20180605/jetty-server-9.3.24.v20180605.jar:/home/user/.m2/repository/org/eclipse/jetty/jetty-http/9.3.24.v20180605/jetty-http-9.3.24.v20180605.jar:/home/user/.m2/repository/org/eclipse/jetty/jetty-io/9.3.24.v20180605/jetty-io-9.3.24.v20180605.jar:/home/user/.m2/repository/org/eclipse/jetty/jetty-util/9.3.24.v20180605/jetty-util-9.3.24.v20180605.jar:/home/user/.m2/repository/org/eclipse/jetty/jetty-servlet/9.3.24.v20180605/jetty-servlet-9.3.24.v20180605.jar:/home/user/.m2/repository/org/eclipse/jetty/jetty-security/9.3.24.v20180605/jetty-security-9.3.24.v20180605.jar:/home/user/.m2/repository/org/eclipse/jetty/jetty-webapp/9.3.24.v20180605/jetty-webapp-9.3.24.v20180605.jar:/home/user/.m2/repository/org/eclipse/jetty/jetty-xml/9.3.24.v20180605/jetty-xml-9.3.24.v20180605.jar:/home/user/.m2/repository/javax/servlet/jsp/jsp-api/2.1/jsp-api-2.1.jar:/home/user/.m2/repository/com/sun/jersey/jersey-core/1.19/jersey-core-1.19.jar:/home/user/.m2/repository/javax/ws/rs/jsr311-api/1.1.1/jsr311-api-1.1.1.jar:/home/user/.m2/repository/com/sun/jersey/jersey-servlet/1.19/jersey-servlet-1.19.jar:/home/user/.m2/repository/com/sun/jersey/jersey-json/1.19/jersey-json-1.19.jar:/home/user/.m2/repository/org/codehaus/jettison/jettison/1.1/jettison-1.1.jar:/home/user/.m2/repository/com/sun/xml/bind/jaxb-impl/2.3.0.1/jaxb-impl-2.3.0.1.jar:/home/user/.m2/repository/org/codehaus/jackson/jackson-core-asl/1.9.13/jackson-core-asl-1.9.13.jar:/home/user/.m2/repository/org/codehaus/jackson/jackson-mapper-asl/1.9.13/jackson-mapper-asl-1.9.13.jar:/home/user/.m2/repository/org/codehaus/jackson/jackson-jaxrs/1.9.13/jackson-jaxrs-1.9.13.jar:/home/user/.m2/repository/org/codehaus/jackson/jackson-xc/1.9.13/jackson-xc-1.9.13.jar:/home/user/.m2/repository/com/sun/jersey/jersey-server/1.19/jersey-server-1.19.jar:/home/user/.m2/repository/commons-logging/commons-logging/1.1.3/commons-logging-1.1.3.jar:/home/user/.m2/repository/log4j/log4j/1.2.17/log4j-1.2.17.jar:/home/user/.m2/repository/commons-beanutils/commons-beanutils/1.9.3/commons-beanutils-1.9.3.jar:/home/user/.m2/repository/org/apache/commons/commons-configuration2/2.1.1/commons-configuration2-2.1.1.jar:/home/user/.m2/repository/org/apache/commons/commons-lang3/3.7/commons-lang3-3.7.jar:/home/user/.m2/repository/org/apache/commons/commons-text/1.4/commons-text-1.4.jar:/home/user/.m2/repository/org/slf4j/slf4j-api/1.7.25/slf4j-api-1.7.25.jar:/home/user/.m2/repository/org/slf4j/slf4j-log4j12/1.7.25/slf4j-log4j12-1.7.25.jar:/home/user/.m2/repository/org/apache/avro/avro/1.7.7/avro-1.7.7.jar:/home/user/.m2/repository/com/thoughtworks/paranamer/paranamer/2.3/paranamer-2.3.jar:/home/user/.m2/repository/org/xerial/snappy/snappy-java/1.0.5/snappy-java-1.0.5.jar:/home/user/.m2/repository/com/google/re2j/re2j/1.1/re2j-1.1.jar:/home/user/.m2/repository/com/google/protobuf/protobuf-java/2.5.0/protobuf-java-2.5.0.jar:/home/user/.m2/repository/com/google/code/gson/gson/2.2.4/gson-2.2.4.jar:/home/user/.m2/repository/org/apache/hadoop/hadoop-auth/3.2.0/hadoop-auth-3.2.0.jar:/home/user/.m2/repository/com/nimbusds/nimbus-jose-jwt/4.41.1/nimbus-jose-jwt-4.41.1.jar:/home/user/.m2/repository/com/github/stephenc/jcip/jcip-annotations/1.0-1/jcip-annotations-1.0-1.jar:/home/user/.m2/repository/net/minidev/json-smart/2.3/json-smart-2.3.jar:/home/user/.m2/repository/net/minidev/accessors-smart/1.2/accessors-smart-1.2.jar:/home/user/.m2/repository/org/apache/curator/curator-framework/2.12.0/curator-framework-2.12.0.jar:/home/user/.m2/repository/com/jcraft/jsch/0.1.54/jsch-0.1.54.jar:/home/user/.m2/repository/org/apache/curator/curator-client/2.12.0/curator-client-2.12.0.jar:/home/user/.m2/repository/org/apache/curator/curator-recipes/2.12.0/curator-recipes-2.12.0.jar:/home/user/.m2/repository/com/google/code/findbugs/jsr305/3.0.0/jsr305-3.0.0.jar:/home/user/.m2/repository/org/apache/htrace/htrace-core4/4.1.0-incubating/htrace-core4-4.1.0-incubating.jar:/home/user/.m2/repository/org/apache/zookeeper/zookeeper/3.4.13/zookeeper-3.4.13.jar:/home/user/.m2/repository/org/apache/yetus/audience-annotations/0.5.0/audience-annotations-0.5.0.jar:/home/user/.m2/repository/org/apache/commons/commons-compress/1.4.1/commons-compress-1.4.1.jar:/home/user/.m2/repository/org/tukaani/xz/1.0/xz-1.0.jar:/home/user/.m2/repository/org/apache/kerby/kerb-simplekdc/1.0.1/kerb-simplekdc-1.0.1.jar:/home/user/.m2/repository/org/apache/kerby/kerb-client/1.0.1/kerb-client-1.0.1.jar:/home/user/.m2/repository/org/apache/kerby/kerby-config/1.0.1/kerby-config-1.0.1.jar:/home/user/.m2/repository/org/apache/kerby/kerb-core/1.0.1/kerb-core-1.0.1.jar:/home/user/.m2/repository/org/apache/kerby/kerby-pkix/1.0.1/kerby-pkix-1.0.1.jar:/home/user/.m2/repository/org/apache/kerby/kerby-asn1/1.0.1/kerby-asn1-1.0.1.jar:/home/user/.m2/repository/org/apache/kerby/kerby-util/1.0.1/kerby-util-1.0.1.jar:/home/user/.m2/repository/org/apache/kerby/kerb-common/1.0.1/kerb-common-1.0.1.jar:/home/user/.m2/repository/org/apache/kerby/kerb-crypto/1.0.1/kerb-crypto-1.0.1.jar:/home/user/.m2/repository/org/apache/kerby/kerb-util/1.0.1/kerb-util-1.0.1.jar:/home/user/.m2/repository/org/apache/kerby/token-provider/1.0.1/token-provider-1.0.1.jar:/home/user/.m2/repository/org/apache/kerby/kerb-admin/1.0.1/kerb-admin-1.0.1.jar:/home/user/.m2/repository/org/apache/kerby/kerb-server/1.0.1/kerb-server-1.0.1.jar:/home/user/.m2/repository/org/apache/kerby/kerb-identity/1.0.1/kerb-identity-1.0.1.jar:/home/user/.m2/repository/org/apache/kerby/kerby-xdr/1.0.1/kerby-xdr-1.0.1.jar:/home/user/.m2/repository/com/fasterxml/jackson/core/jackson-databind/2.9.5/jackson-databind-2.9.5.jar:/home/user/.m2/repository/com/fasterxml/jackson/core/jackson-annotations/2.9.5/jackson-annotations-2.9.5.jar:/home/user/.m2/repository/com/fasterxml/jackson/core/jackson-core/2.9.5/jackson-core-2.9.5.jar:/home/user/.m2/repository/org/codehaus/woodstox/stax2-api/3.1.4/stax2-api-3.1.4.jar:/home/user/.m2/repository/com/fasterxml/woodstox/woodstox-core/5.0.3/woodstox-core-5.0.3.jar:/home/user/.m2/repository/dnsjava/dnsjava/2.1.7/dnsjava-2.1.7.jar:/home/user/.m2/repository/org/apache/hadoop/hadoop-hdfs/3.2.0/hadoop-hdfs-3.2.0.jar:/home/user/.m2/repository/org/eclipse/jetty/jetty-util-ajax/9.3.24.v20180605/jetty-util-ajax-9.3.24.v20180605.jar:/home/user/.m2/repository/commons-daemon/commons-daemon/1.0.13/commons-daemon-1.0.13.jar:/home/user/.m2/repository/io/netty/netty/3.10.5.Final/netty-3.10.5.Final.jar:/home/user/.m2/repository/io/netty/netty-all/4.0.52.Final/netty-all-4.0.52.Final.jar:/home/user/.m2/repository/org/fusesource/leveldbjni/leveldbjni-all/1.8/leveldbjni-all-1.8.jar:/home/user/.m2/repository/org/apache/hadoop/hadoop-hdds-common/0.5.0-SNAPSHOT/hadoop-hdds-common-0.5.0-SNAPSHOT.jar:/home/user/.m2/repository/org/apache/hadoop/hadoop-hdds-config/0.5.0-SNAPSHOT/hadoop-hdds-config-0.5.0-SNAPSHOT.jar:/home/user/.m2/repository/javax/annotation/javax.annotation-api/1.2/javax.annotation-api-1.2.jar:/home/user/.m2/repository/org/apache/ratis/ratis-server/0.4.0-2337318-SNAPSHOT/ratis-server-0.4.0-2337318-SNAPSHOT.jar:/home/user/.m2/repository/org/apache/ratis/ratis-thirdparty-misc/0.2.0/ratis-thirdparty-misc-0.2.0.jar:/home/user/.m2/repository/org/apache/ratis/ratis-proto/0.4.0-2337318-SNAPSHOT/ratis-proto-0.4.0-2337318-SNAPSHOT.jar:/home/user/.m2/repository/org/apache/ratis/ratis-common/0.4.0-2337318-SNAPSHOT/ratis-common-0.4.0-2337318-SNAPSHOT.jar:/home/user/.m2/repository/org/apache/ratis/ratis-client/0.4.0-2337318-SNAPSHOT/ratis-client-0.4.0-2337318-SNAPSHOT.jar:/home/user/.m2/repository/org/apache/ratis/ratis-metrics/0.4.0-2337318-SNAPSHOT/ratis-metrics-0.4.0-2337318-SNAPSHOT.jar:/home/user/.m2/repository/org/apache/ratis/ratis-netty/0.4.0-2337318-SNAPSHOT/ratis-netty-0.4.0-2337318-SNAPSHOT.jar:/home/user/.m2/repository/org/apache/ratis/ratis-grpc/0.4.0-2337318-SNAPSHOT/ratis-grpc-0.4.0-2337318-SNAPSHOT.jar:/home/user/.m2/repository/org/rocksdb/rocksdbjni/6.0.1/rocksdbjni-6.0.1.jar:/home/user/.m2/repository/org/apache/logging/log4j/log4j-api/2.11.0/log4j-api-2.11.0.jar:/home/user/.m2/repository/org/apache/logging/log4j/log4j-core/2.11.0/log4j-core-2.11.0.jar:/home/user/.m2/repository/com/lmax/disruptor/3.4.2/disruptor-3.4.2.jar:/home/user/.m2/repository/org/apache/commons/commons-pool2/2.6.0/commons-pool2-2.6.0.jar:/home/user/.m2/repository/org/bouncycastle/bcpkix-jdk15on/1.60/bcpkix-jdk15on-1.60.jar:/home/user/.m2/repository/commons-validator/commons-validator/1.6/commons-validator-1.6.jar:/home/user/.m2/repository/commons-digester/commons-digester/1.8.1/commons-digester-1.8.1.jar:/home/user/.m2/repository/io/jaegertracing/jaeger-client/0.33.1/jaeger-client-0.33.1.jar:/home/user/.m2/repository/io/jaegertracing/jaeger-thrift/0.33.1/jaeger-thrift-0.33.1.jar:/home/user/.m2/repository/org/apache/thrift/libthrift/0.11.0/libthrift-0.11.0.jar:/home/user/.m2/repository/com/squareup/okhttp3/okhttp/3.9.0/okhttp-3.9.0.jar:/home/user/.m2/repository/com/squareup/okio/okio/1.13.0/okio-1.13.0.jar:/home/user/.m2/repository/io/jaegertracing/jaeger-core/0.33.1/jaeger-core-0.33.1.jar:/home/user/.m2/repository/io/jaegertracing/jaeger-tracerresolver/0.33.1/jaeger-tracerresolver-0.33.1.jar:/home/user/.m2/repository/io/opentracing/contrib/opentracing-tracerresolver/0.1.5/opentracing-tracerresolver-0.1.5.jar:/home/user/.m2/repository/io/opentracing/opentracing-util/0.31.0/opentracing-util-0.31.0.jar:/home/user/.m2/repository/io/opentracing/opentracing-api/0.31.0/opentracing-api-0.31.0.jar:/home/user/.m2/repository/io/opentracing/opentracing-noop/0.31.0/opentracing-noop-0.31.0.jar:/home/user/.m2/repository/org/yaml/snakeyaml/1.16/snakeyaml-1.16.jar:/home/user/.m2/repository/org/apache/hadoop/hadoop-hdfs-client/3.2.0/hadoop-hdfs-client-3.2.0.jar:/home/user/.m2/repository/info/picocli/picocli/3.9.6/picocli-3.9.6.jar:/home/user/.m2/repository/org/apache/hadoop/hadoop-hdds-server-scm/0.5.0-SNAPSHOT/hadoop-hdds-server-scm-0.5.0-SNAPSHOT.jar:/home/user/.m2/repository/org/apache/hadoop/hadoop-hdds-docs/0.5.0-SNAPSHOT/hadoop-hdds-docs-0.5.0-SNAPSHOT.jar:/home/user/.m2/repository/io/dropwizard/metrics/metrics-core/3.2.4/metrics-core-3.2.4.jar:/home/user/.m2/repository/org/hamcrest/hamcrest-all/1.3/hamcrest-all-1.3.jar:/home/user/.m2/repository/org/bouncycastle/bcprov-jdk15on/1.60/bcprov-jdk15on-1.60.jar:/home/user/.m2/repository/org/apache/hadoop/hadoop-hdds-server-framework/0.5.0-SNAPSHOT/hadoop-hdds-server-framework-0.5.0-SNAPSHOT.jar:/home/user/.m2/repository/org/apache/hadoop/hadoop-ozone-ozone-manager/0.5.0-SNAPSHOT/hadoop-ozone-ozone-manager-0.5.0-SNAPSHOT.jar:/home/user/.m2/repository/org/apache/hadoop/hadoop-hdds-container-service/0.5.0-SNAPSHOT/hadoop-hdds-container-service-0.5.0-SNAPSHOT.jar:/home/user/.m2/repository/org/apache/hadoop/hadoop-hdds-client/0.5.0-SNAPSHOT/hadoop-hdds-client-0.5.0-SNAPSHOT.jar:/home/user/.m2/repository/org/apache/hadoop/hadoop-ozone-common/0.5.0-SNAPSHOT/hadoop-ozone-common-0.5.0-SNAPSHOT.jar:/home/user/.m2/repository/org/apache/hadoop/hadoop-hdds-tools/0.5.0-SNAPSHOT/hadoop-hdds-tools-0.5.0-SNAPSHOT.jar:/home/user/.m2/repository/org/xerial/sqlite-jdbc/3.25.2/sqlite-jdbc-3.25.2.jar:/home/user/.m2/repository/org/apache/hadoop/hadoop-ozone-objectstore-service/0.5.0-SNAPSHOT/hadoop-ozone-objectstore-service-0.5.0-SNAPSHOT.jar:/home/user/.m2/repository/com/google/code/findbugs/findbugs/3.0.1/findbugs-3.0.1.jar:/home/user/.m2/repository/net/jcip/jcip-annotations/1.0/jcip-annotations-1.0.jar:/home/user/.m2/repository/com/google/code/findbugs/bcel-findbugs/6.0/bcel-findbugs-6.0.jar:/home/user/.m2/repository/com/google/code/findbugs/jFormatString/2.0.1/jFormatString-2.0.1.jar:/home/user/.m2/repository/dom4j/dom4j/1.6.1/dom4j-1.6.1.jar:/home/user/.m2/repository/xml-apis/xml-apis/1.0.b2/xml-apis-1.0.b2.jar:/home/user/.m2/repository/org/ow2/asm/asm-debug-all/5.0.2/asm-debug-all-5.0.2.jar:/home/user/.m2/repository/org/ow2/asm/asm-commons/5.0.2/asm-commons-5.0.2.jar:/home/user/.m2/repository/org/ow2/asm/asm-tree/5.0.2/asm-tree-5.0.2.jar:/home/user/.m2/repository/org/ow2/asm/asm/5.0.4/asm-5.0.4.jar:/home/user/.m2/repository/commons-lang/commons-lang/2.6/commons-lang-2.6.jar:/home/user/.m2/repository/com/apple/AppleJavaExtensions/1.4/AppleJavaExtensions-1.4.jar:/home/user/.m2/repository/jaxen/jaxen/1.1.6/jaxen-1.1.6.jar:/home/user/.m2/repository/org/apache/hadoop/hadoop-common/3.2.0/hadoop-common-3.2.0-tests.jar:/home/user/.m2/repository/org/apache/hadoop/hadoop-ozone-client/0.5.0-SNAPSHOT/hadoop-ozone-client-0.5.0-SNAPSHOT.jar:/home/user/.m2/repository/org/apache/hadoop/hadoop-hdfs/3.2.0/hadoop-hdfs-3.2.0-tests.jar:/workdir/hadoop-ozone/integration-test/target/test-classes:/home/user/.m2/repository/org/apache/hadoop/hadoop-ozone-s3gateway/0.5.0-SNAPSHOT/hadoop-ozone-s3gateway-0.5.0-SNAPSHOT.jar:/home/user/.m2/repository/org/jboss/weld/servlet/weld-servlet/2.4.7.Final/weld-servlet-2.4.7.Final.jar:/home/user/.m2/repository/org/glassfish/jersey/containers/jersey-container-servlet-core/2.27/jersey-container-servlet-core-2.27.jar:/home/user/.m2/repository/org/glassfish/hk2/external/javax.inject/2.5.0-b42/javax.inject-2.5.0-b42.jar:/home/user/.m2/repository/org/glassfish/jersey/core/jersey-common/2.27/jersey-common-2.27.jar:/home/user/.m2/repository/org/glassfish/hk2/osgi-resource-locator/1.0.1/osgi-resource-locator-1.0.1.jar:/home/user/.m2/repository/javax/ws/rs/javax.ws.rs-api/2.1/javax.ws.rs-api-2.1.jar:/home/user/.m2/repository/org/glassfish/jersey/ext/cdi/jersey-cdi1x/2.27/jersey-cdi1x-2.27.jar:/home/user/.m2/repository/org/glassfish/jersey/inject/jersey-hk2/2.27/jersey-hk2-2.27.jar:/home/user/.m2/repository/org/glassfish/hk2/hk2-locator/2.5.0-b42/hk2-locator-2.5.0-b42.jar:/home/user/.m2/repository/org/javassist/javassist/3.22.0-CR2/javassist-3.22.0-CR2.jar:/home/user/.m2/repository/org/glassfish/hk2/hk2-api/2.5.0/hk2-api-2.5.0.jar:/home/user/.m2/repository/org/glassfish/hk2/external/jakarta.inject/2.5.0/jakarta.inject-2.5.0.jar:/home/user/.m2/repository/org/glassfish/hk2/hk2-utils/2.5.0/hk2-utils-2.5.0.jar:/home/user/.m2/repository/jakarta/annotation/jakarta.annotation-api/1.3.4/jakarta.annotation-api-1.3.4.jar:/home/user/.m2/repository/org/glassfish/hk2/external/aopalliance-repackaged/2.5.0/aopalliance-repackaged-2.5.0.jar:/home/user/.m2/repository/com/fasterxml/jackson/dataformat/jackson-dataformat-xml/2.9.0/jackson-dataformat-xml-2.9.0.jar:/home/user/.m2/repository/com/fasterxml/jackson/module/jackson-module-jaxb-annotations/2.9.5/jackson-module-jaxb-annotations-2.9.5.jar:/home/user/.m2/repository/javax/enterprise/cdi-api/1.2/cdi-api-1.2.jar:/home/user/.m2/repository/javax/el/javax.el-api/3.0.0/javax.el-api-3.0.0.jar:/home/user/.m2/repository/javax/interceptor/javax.interceptor-api/1.2/javax.interceptor-api-1.2.jar:/home/user/.m2/repository/javax/inject/javax.inject/1/javax.inject-1.jar:/home/user/.m2/repository/com/sun/xml/bind/jaxb-core/2.3.0.1/jaxb-core-2.3.0.1.jar:/home/user/.m2/repository/javax/xml/bind/jaxb-api/2.3.0/jaxb-api-2.3.0.jar:/home/user/.m2/repository/javax/activation/activation/1.1.1/activation-1.1.1.jar:/home/user/.m2/repository/org/apache/hadoop/hadoop-ozone-csi/0.5.0-SNAPSHOT/hadoop-ozone-csi-0.5.0-SNAPSHOT.jar:/home/user/.m2/repository/com/google/protobuf/protobuf-java-util/3.5.1/protobuf-java-util-3.5.1.jar:/home/user/.m2/repository/io/grpc/grpc-netty/1.17.1/grpc-netty-1.17.1.jar:/home/user/.m2/repository/io/grpc/grpc-core/1.17.1/grpc-core-1.17.1.jar:/home/user/.m2/repository/io/grpc/grpc-context/1.17.1/grpc-context-1.17.1.jar:/home/user/.m2/repository/com/google/errorprone/error_prone_annotations/2.2.0/error_prone_annotations-2.2.0.jar:/home/user/.m2/repository/org/codehaus/mojo/animal-sniffer-annotations/1.17/animal-sniffer-annotations-1.17.jar:/home/user/.m2/repository/io/opencensus/opencensus-api/0.17.0/opencensus-api-0.17.0.jar:/home/user/.m2/repository/io/opencensus/opencensus-contrib-grpc-metrics/0.17.0/opencensus-contrib-grpc-metrics-0.17.0.jar:/home/user/.m2/repository/io/netty/netty-codec-http2/4.1.30.Final/netty-codec-http2-4.1.30.Final.jar:/home/user/.m2/repository/io/netty/netty-codec-http/4.1.30.Final/netty-codec-http-4.1.30.Final.jar:/home/user/.m2/repository/io/netty/netty-codec/4.1.30.Final/netty-codec-4.1.30.Final.jar:/home/user/.m2/repository/io/netty/netty-handler/4.1.30.Final/netty-handler-4.1.30.Final.jar:/home/user/.m2/repository/io/netty/netty-handler-proxy/4.1.30.Final/netty-handler-proxy-4.1.30.Final.jar:/home/user/.m2/repository/io/netty/netty-codec-socks/4.1.30.Final/netty-codec-socks-4.1.30.Final.jar:/home/user/.m2/repository/io/netty/netty-transport-native-epoll/4.1.30.Final/netty-transport-native-epoll-4.1.30.Final.jar:/home/user/.m2/repository/io/netty/netty-common/4.1.30.Final/netty-common-4.1.30.Final.jar:/home/user/.m2/repository/io/netty/netty-buffer/4.1.30.Final/netty-buffer-4.1.30.Final.jar:/home/user/.m2/repository/io/netty/netty-transport/4.1.30.Final/netty-transport-4.1.30.Final.jar:/home/user/.m2/repository/io/netty/netty-resolver/4.1.30.Final/netty-resolver-4.1.30.Final.jar:/home/user/.m2/repository/io/netty/netty-transport-native-unix-common/4.1.30.Final/netty-transport-native-unix-common-4.1.30.Final.jar:/home/user/.m2/repository/io/grpc/grpc-protobuf/1.17.1/grpc-protobuf-1.17.1.jar:/home/user/.m2/repository/com/google/api/grpc/proto-google-common-protos/1.0.0/proto-google-common-protos-1.0.0.jar:/home/user/.m2/repository/io/grpc/grpc-protobuf-lite/1.17.1/grpc-protobuf-lite-1.17.1.jar:/home/user/.m2/repository/io/grpc/grpc-stub/1.17.1/grpc-stub-1.17.1.jar:/home/user/.m2/repository/org/apache/hadoop/hadoop-ozone-recon/0.5.0-SNAPSHOT/hadoop-ozone-recon-0.5.0-SNAPSHOT.jar:/home/user/.m2/repository/org/apache/hadoop/hadoop-ozone-reconcodegen/0.5.0-SNAPSHOT/hadoop-ozone-reconcodegen-0.5.0-SNAPSHOT.jar:/home/user/.m2/repository/com/google/inject/extensions/guice-multibindings/4.0/guice-multibindings-4.0.jar:/home/user/.m2/repository/com/google/inject/guice/4.0/guice-4.0.jar:/home/user/.m2/repository/aopalliance/aopalliance/1.0/aopalliance-1.0.jar:/home/user/.m2/repository/org/glassfish/jersey/containers/jersey-container-servlet/2.27/jersey-container-servlet-2.27.jar:/home/user/.m2/repository/org/glassfish/hk2/guice-bridge/2.5.0/guice-bridge-2.5.0.jar:/home/user/.m2/repository/org/glassfish/jersey/core/jersey-server/2.27/jersey-server-2.27.jar:/home/user/.m2/repository/org/glassfish/jersey/core/jersey-client/2.27/jersey-client-2.27.jar:/home/user/.m2/repository/org/glassfish/jersey/media/jersey-media-jaxb/2.27/jersey-media-jaxb-2.27.jar:/home/user/.m2/repository/javax/validation/validation-api/1.1.0.Final/validation-api-1.1.0.Final.jar:/home/user/.m2/repository/org/glassfish/jersey/media/jersey-media-json-jackson/2.27/jersey-media-json-jackson-2.27.jar:/home/user/.m2/repository/org/glassfish/jersey/ext/jersey-entity-filtering/2.27/jersey-entity-filtering-2.27.jar:/home/user/.m2/repository/com/google/inject/extensions/guice-assistedinject/4.0/guice-assistedinject-4.0.jar:/home/user/.m2/repository/org/jooq/jooq/3.11.10/jooq-3.11.10.jar:/home/user/.m2/repository/org/jooq/jooq-meta/3.11.10/jooq-meta-3.11.10.jar:/home/user/.m2/repository/org/jooq/jooq-codegen/3.11.10/jooq-codegen-3.11.10.jar:/home/user/.m2/repository/com/jolbox/bonecp/0.8.0.RELEASE/bonecp-0.8.0.RELEASE.jar:/home/user/.m2/repository/org/springframework/spring-jdbc/5.1.3.RELEASE/spring-jdbc-5.1.3.RELEASE.jar:/home/user/.m2/repository/org/springframework/spring-beans/5.1.3.RELEASE/spring-beans-5.1.3.RELEASE.jar:/home/user/.m2/repository/org/springframework/spring-core/5.1.3.RELEASE/spring-core-5.1.3.RELEASE.jar:/home/user/.m2/repository/org/springframework/spring-jcl/5.1.3.RELEASE/spring-jcl-5.1.3.RELEASE.jar:/home/user/.m2/repository/org/springframework/spring-tx/5.1.3.RELEASE/spring-tx-5.1.3.RELEASE.jar:/home/user/.m2/repository/org/mockito/mockito-all/1.10.19/mockito-all-1.10.19.jar:/home/user/.m2/repository/junit/junit/4.11/junit-4.11.jar:/home/user/.m2/repository/org/hamcrest/hamcrest-core/1.3/hamcrest-core-1.3.jar:/home/user/.m2/repository/org/apache/hadoop/hadoop-distcp/3.2.0/hadoop-distcp-3.2.0.jar:/home/user/.m2/repository/org/apache/hadoop/hadoop-distcp/3.2.0/hadoop-distcp-3.2.0-tests.jar:/home/user/.m2/repository/org/apache/hadoop/hadoop-mapreduce-client-jobclient/3.2.0/hadoop-mapreduce-client-jobclient-3.2.0.jar:/home/user/.m2/repository/org/apache/hadoop/hadoop-mapreduce-client-common/3.2.0/hadoop-mapreduce-client-common-3.2.0.jar:/home/user/.m2/repository/org/apache/hadoop/hadoop-yarn-common/3.2.0/hadoop-yarn-common-3.2.0.jar:/home/user/.m2/repository/org/apache/hadoop/hadoop-yarn-api/3.2.0/hadoop-yarn-api-3.2.0.jar:/home/user/.m2/repository/com/sun/jersey/jersey-client/1.19/jersey-client-1.19.jar:/home/user/.m2/repository/com/sun/jersey/contribs/jersey-guice/1.19/jersey-guice-1.19.jar:/home/user/.m2/repository/com/fasterxml/jackson/jaxrs/jackson-jaxrs-json-provider/2.9.5/jackson-jaxrs-json-provider-2.9.5.jar:/home/user/.m2/repository/com/fasterxml/jackson/jaxrs/jackson-jaxrs-base/2.9.5/jackson-jaxrs-base-2.9.5.jar:/home/user/.m2/repository/org/apache/hadoop/hadoop-yarn-client/3.2.0/hadoop-yarn-client-3.2.0.jar:/home/user/.m2/repository/org/apache/hadoop/hadoop-mapreduce-client-core/3.2.0/hadoop-mapreduce-client-core-3.2.0.jar:/home/user/.m2/repository/com/google/inject/extensions/guice-servlet/4.0/guice-servlet-4.0.jar:/home/user/.m2/repository/org/powermock/powermock-module-junit4/1.6.5/powermock-module-junit4-1.6.5.jar:/home/user/.m2/repository/org/powermock/powermock-module-junit4-common/1.6.5/powermock-module-junit4-common-1.6.5.jar:/home/user/.m2/repository/org/powermock/powermock-core/1.6.5/powermock-core-1.6.5.jar:/home/user/.m2/repository/org/powermock/powermock-reflect/1.6.5/powermock-reflect-1.6.5.jar:/home/user/.m2/repository/org/powermock/powermock-api-mockito/1.6.5/powermock-api-mockito-1.6.5.jar:/home/user/.m2/repository/org/mockito/mockito-core/1.10.19/mockito-core-1.10.19.jar:/home/user/.m2/repository/org/objenesis/objenesis/1.0/objenesis-1.0.jar:/home/user/.m2/repository/org/powermock/powermock-api-mockito-common/1.6.5/powermock-api-mockito-common-1.6.5.jar:/home/user/.m2/repository/org/powermock/powermock-api-support/1.6.5/powermock-api-support-1.6.5.jar:"/>
    <property name="java.vm.vendor" value="IcedTea"/>
    <property name="sun.arch.data.model" value="64"/>
    <property name="test.build.dir" value="/workdir/hadoop-ozone/ozonefs/target/test-dir"/>
    <property name="test.cache.data" value=""/>
    <property name="java.vendor.url" value="https://icedtea.classpath.org"/>
    <property name="user.timezone" value=""/>
    <property name="java.vm.specification.version" value="1.8"/>
    <property name="os.name" value="Linux"/>
    <property name="test.build.data" value="/workdir/hadoop-ozone/ozonefs/target/test-dir"/>
    <property name="user.country" value="US"/>
    <property name="sun.java.launcher" value="SUN_STANDARD"/>
    <property name="sun.boot.library.path" value="/usr/lib/jvm/java-1.8-openjdk/jre/lib/amd64"/>
    <property name="sun.java.command" value="/workdir/hadoop-ozone/ozonefs/target/surefire/surefirebooter8470624369960969546.jar /workdir/hadoop-ozone/ozonefs/target/surefire 2019-09-19T08-36-14_945-jvmRun1 surefire2304063204488542476tmp surefire_1024032997727897547800tmp"/>
    <property name="test" value="!TestMiniChaosOzoneCluster"/>
    <property name="surefire.test.class.path" value="/workdir/hadoop-ozone/ozonefs/target/test-classes:/workdir/hadoop-ozone/ozonefs/target/classes:/home/user/.m2/repository/org/apache/hadoop/hadoop-common/3.2.0/hadoop-common-3.2.0.jar:/home/user/.m2/repository/org/apache/hadoop/hadoop-annotations/3.2.0/hadoop-annotations-3.2.0.jar:/usr/lib/jvm/java-1.8-openjdk/jre/../lib/tools.jar:/home/user/.m2/repository/com/google/guava/guava/11.0.2/guava-11.0.2.jar:/home/user/.m2/repository/commons-cli/commons-cli/1.2/commons-cli-1.2.jar:/home/user/.m2/repository/org/apache/commons/commons-math3/3.1.1/commons-math3-3.1.1.jar:/home/user/.m2/repository/org/apache/httpcomponents/httpclient/4.5.2/httpclient-4.5.2.jar:/home/user/.m2/repository/org/apache/httpcomponents/httpcore/4.4.4/httpcore-4.4.4.jar:/home/user/.m2/repository/commons-codec/commons-codec/1.11/commons-codec-1.11.jar:/home/user/.m2/repository/commons-io/commons-io/2.5/commons-io-2.5.jar:/home/user/.m2/repository/commons-net/commons-net/3.6/commons-net-3.6.jar:/home/user/.m2/repository/commons-collections/commons-collections/3.2.2/commons-collections-3.2.2.jar:/home/user/.m2/repository/javax/servlet/javax.servlet-api/3.1.0/javax.servlet-api-3.1.0.jar:/home/user/.m2/repository/org/eclipse/jetty/jetty-server/9.3.24.v20180605/jetty-server-9.3.24.v20180605.jar:/home/user/.m2/repository/org/eclipse/jetty/jetty-http/9.3.24.v20180605/jetty-http-9.3.24.v20180605.jar:/home/user/.m2/repository/org/eclipse/jetty/jetty-io/9.3.24.v20180605/jetty-io-9.3.24.v20180605.jar:/home/user/.m2/repository/org/eclipse/jetty/jetty-util/9.3.24.v20180605/jetty-util-9.3.24.v20180605.jar:/home/user/.m2/repository/org/eclipse/jetty/jetty-servlet/9.3.24.v20180605/jetty-servlet-9.3.24.v20180605.jar:/home/user/.m2/repository/org/eclipse/jetty/jetty-security/9.3.24.v20180605/jetty-security-9.3.24.v20180605.jar:/home/user/.m2/repository/org/eclipse/jetty/jetty-webapp/9.3.24.v20180605/jetty-webapp-9.3.24.v20180605.jar:/home/user/.m2/repository/org/eclipse/jetty/jetty-xml/9.3.24.v20180605/jetty-xml-9.3.24.v20180605.jar:/home/user/.m2/repository/javax/servlet/jsp/jsp-api/2.1/jsp-api-2.1.jar:/home/user/.m2/repository/com/sun/jersey/jersey-core/1.19/jersey-core-1.19.jar:/home/user/.m2/repository/javax/ws/rs/jsr311-api/1.1.1/jsr311-api-1.1.1.jar:/home/user/.m2/repository/com/sun/jersey/jersey-servlet/1.19/jersey-servlet-1.19.jar:/home/user/.m2/repository/com/sun/jersey/jersey-json/1.19/jersey-json-1.19.jar:/home/user/.m2/repository/org/codehaus/jettison/jettison/1.1/jettison-1.1.jar:/home/user/.m2/repository/com/sun/xml/bind/jaxb-impl/2.3.0.1/jaxb-impl-2.3.0.1.jar:/home/user/.m2/repository/org/codehaus/jackson/jackson-core-asl/1.9.13/jackson-core-asl-1.9.13.jar:/home/user/.m2/repository/org/codehaus/jackson/jackson-mapper-asl/1.9.13/jackson-mapper-asl-1.9.13.jar:/home/user/.m2/repository/org/codehaus/jackson/jackson-jaxrs/1.9.13/jackson-jaxrs-1.9.13.jar:/home/user/.m2/repository/org/codehaus/jackson/jackson-xc/1.9.13/jackson-xc-1.9.13.jar:/home/user/.m2/repository/com/sun/jersey/jersey-server/1.19/jersey-server-1.19.jar:/home/user/.m2/repository/commons-logging/commons-logging/1.1.3/commons-logging-1.1.3.jar:/home/user/.m2/repository/log4j/log4j/1.2.17/log4j-1.2.17.jar:/home/user/.m2/repository/commons-beanutils/commons-beanutils/1.9.3/commons-beanutils-1.9.3.jar:/home/user/.m2/repository/org/apache/commons/commons-configuration2/2.1.1/commons-configuration2-2.1.1.jar:/home/user/.m2/repository/org/apache/commons/commons-lang3/3.7/commons-lang3-3.7.jar:/home/user/.m2/repository/org/apache/commons/commons-text/1.4/commons-text-1.4.jar:/home/user/.m2/repository/org/slf4j/slf4j-api/1.7.25/slf4j-api-1.7.25.jar:/home/user/.m2/repository/org/slf4j/slf4j-log4j12/1.7.25/slf4j-log4j12-1.7.25.jar:/home/user/.m2/repository/org/apache/avro/avro/1.7.7/avro-1.7.7.jar:/home/user/.m2/repository/com/thoughtworks/paranamer/paranamer/2.3/paranamer-2.3.jar:/home/user/.m2/repository/org/xerial/snappy/snappy-java/1.0.5/snappy-java-1.0.5.jar:/home/user/.m2/repository/com/google/re2j/re2j/1.1/re2j-1.1.jar:/home/user/.m2/repository/com/google/protobuf/protobuf-java/2.5.0/protobuf-java-2.5.0.jar:/home/user/.m2/repository/com/google/code/gson/gson/2.2.4/gson-2.2.4.jar:/home/user/.m2/repository/org/apache/hadoop/hadoop-auth/3.2.0/hadoop-auth-3.2.0.jar:/home/user/.m2/repository/com/nimbusds/nimbus-jose-jwt/4.41.1/nimbus-jose-jwt-4.41.1.jar:/home/user/.m2/repository/com/github/stephenc/jcip/jcip-annotations/1.0-1/jcip-annotations-1.0-1.jar:/home/user/.m2/repository/net/minidev/json-smart/2.3/json-smart-2.3.jar:/home/user/.m2/repository/net/minidev/accessors-smart/1.2/accessors-smart-1.2.jar:/home/user/.m2/repository/org/apache/curator/curator-framework/2.12.0/curator-framework-2.12.0.jar:/home/user/.m2/repository/com/jcraft/jsch/0.1.54/jsch-0.1.54.jar:/home/user/.m2/repository/org/apache/curator/curator-client/2.12.0/curator-client-2.12.0.jar:/home/user/.m2/repository/org/apache/curator/curator-recipes/2.12.0/curator-recipes-2.12.0.jar:/home/user/.m2/repository/com/google/code/findbugs/jsr305/3.0.0/jsr305-3.0.0.jar:/home/user/.m2/repository/org/apache/htrace/htrace-core4/4.1.0-incubating/htrace-core4-4.1.0-incubating.jar:/home/user/.m2/repository/org/apache/zookeeper/zookeeper/3.4.13/zookeeper-3.4.13.jar:/home/user/.m2/repository/org/apache/yetus/audience-annotations/0.5.0/audience-annotations-0.5.0.jar:/home/user/.m2/repository/org/apache/commons/commons-compress/1.4.1/commons-compress-1.4.1.jar:/home/user/.m2/repository/org/tukaani/xz/1.0/xz-1.0.jar:/home/user/.m2/repository/org/apache/kerby/kerb-simplekdc/1.0.1/kerb-simplekdc-1.0.1.jar:/home/user/.m2/repository/org/apache/kerby/kerb-client/1.0.1/kerb-client-1.0.1.jar:/home/user/.m2/repository/org/apache/kerby/kerby-config/1.0.1/kerby-config-1.0.1.jar:/home/user/.m2/repository/org/apache/kerby/kerb-core/1.0.1/kerb-core-1.0.1.jar:/home/user/.m2/repository/org/apache/kerby/kerby-pkix/1.0.1/kerby-pkix-1.0.1.jar:/home/user/.m2/repository/org/apache/kerby/kerby-asn1/1.0.1/kerby-asn1-1.0.1.jar:/home/user/.m2/repository/org/apache/kerby/kerby-util/1.0.1/kerby-util-1.0.1.jar:/home/user/.m2/repository/org/apache/kerby/kerb-common/1.0.1/kerb-common-1.0.1.jar:/home/user/.m2/repository/org/apache/kerby/kerb-crypto/1.0.1/kerb-crypto-1.0.1.jar:/home/user/.m2/repository/org/apache/kerby/kerb-util/1.0.1/kerb-util-1.0.1.jar:/home/user/.m2/repository/org/apache/kerby/token-provider/1.0.1/token-provider-1.0.1.jar:/home/user/.m2/repository/org/apache/kerby/kerb-admin/1.0.1/kerb-admin-1.0.1.jar:/home/user/.m2/repository/org/apache/kerby/kerb-server/1.0.1/kerb-server-1.0.1.jar:/home/user/.m2/repository/org/apache/kerby/kerb-identity/1.0.1/kerb-identity-1.0.1.jar:/home/user/.m2/repository/org/apache/kerby/kerby-xdr/1.0.1/kerby-xdr-1.0.1.jar:/home/user/.m2/repository/com/fasterxml/jackson/core/jackson-databind/2.9.5/jackson-databind-2.9.5.jar:/home/user/.m2/repository/com/fasterxml/jackson/core/jackson-annotations/2.9.5/jackson-annotations-2.9.5.jar:/home/user/.m2/repository/com/fasterxml/jackson/core/jackson-core/2.9.5/jackson-core-2.9.5.jar:/home/user/.m2/repository/org/codehaus/woodstox/stax2-api/3.1.4/stax2-api-3.1.4.jar:/home/user/.m2/repository/com/fasterxml/woodstox/woodstox-core/5.0.3/woodstox-core-5.0.3.jar:/home/user/.m2/repository/dnsjava/dnsjava/2.1.7/dnsjava-2.1.7.jar:/home/user/.m2/repository/org/apache/hadoop/hadoop-hdfs/3.2.0/hadoop-hdfs-3.2.0.jar:/home/user/.m2/repository/org/eclipse/jetty/jetty-util-ajax/9.3.24.v20180605/jetty-util-ajax-9.3.24.v20180605.jar:/home/user/.m2/repository/commons-daemon/commons-daemon/1.0.13/commons-daemon-1.0.13.jar:/home/user/.m2/repository/io/netty/netty/3.10.5.Final/netty-3.10.5.Final.jar:/home/user/.m2/repository/io/netty/netty-all/4.0.52.Final/netty-all-4.0.52.Final.jar:/home/user/.m2/repository/org/fusesource/leveldbjni/leveldbjni-all/1.8/leveldbjni-all-1.8.jar:/home/user/.m2/repository/org/apache/hadoop/hadoop-hdds-common/0.5.0-SNAPSHOT/hadoop-hdds-common-0.5.0-SNAPSHOT.jar:/home/user/.m2/repository/org/apache/hadoop/hadoop-hdds-config/0.5.0-SNAPSHOT/hadoop-hdds-config-0.5.0-SNAPSHOT.jar:/home/user/.m2/repository/javax/annotation/javax.annotation-api/1.2/javax.annotation-api-1.2.jar:/home/user/.m2/repository/org/apache/ratis/ratis-server/0.4.0-2337318-SNAPSHOT/ratis-server-0.4.0-2337318-SNAPSHOT.jar:/home/user/.m2/repository/org/apache/ratis/ratis-thirdparty-misc/0.2.0/ratis-thirdparty-misc-0.2.0.jar:/home/user/.m2/repository/org/apache/ratis/ratis-proto/0.4.0-2337318-SNAPSHOT/ratis-proto-0.4.0-2337318-SNAPSHOT.jar:/home/user/.m2/repository/org/apache/ratis/ratis-common/0.4.0-2337318-SNAPSHOT/ratis-common-0.4.0-2337318-SNAPSHOT.jar:/home/user/.m2/repository/org/apache/ratis/ratis-client/0.4.0-2337318-SNAPSHOT/ratis-client-0.4.0-2337318-SNAPSHOT.jar:/home/user/.m2/repository/org/apache/ratis/ratis-metrics/0.4.0-2337318-SNAPSHOT/ratis-metrics-0.4.0-2337318-SNAPSHOT.jar:/home/user/.m2/repository/org/apache/ratis/ratis-netty/0.4.0-2337318-SNAPSHOT/ratis-netty-0.4.0-2337318-SNAPSHOT.jar:/home/user/.m2/repository/org/apache/ratis/ratis-grpc/0.4.0-2337318-SNAPSHOT/ratis-grpc-0.4.0-2337318-SNAPSHOT.jar:/home/user/.m2/repository/org/rocksdb/rocksdbjni/6.0.1/rocksdbjni-6.0.1.jar:/home/user/.m2/repository/org/apache/logging/log4j/log4j-api/2.11.0/log4j-api-2.11.0.jar:/home/user/.m2/repository/org/apache/logging/log4j/log4j-core/2.11.0/log4j-core-2.11.0.jar:/home/user/.m2/repository/com/lmax/disruptor/3.4.2/disruptor-3.4.2.jar:/home/user/.m2/repository/org/apache/commons/commons-pool2/2.6.0/commons-pool2-2.6.0.jar:/home/user/.m2/repository/org/bouncycastle/bcpkix-jdk15on/1.60/bcpkix-jdk15on-1.60.jar:/home/user/.m2/repository/commons-validator/commons-validator/1.6/commons-validator-1.6.jar:/home/user/.m2/repository/commons-digester/commons-digester/1.8.1/commons-digester-1.8.1.jar:/home/user/.m2/repository/io/jaegertracing/jaeger-client/0.33.1/jaeger-client-0.33.1.jar:/home/user/.m2/repository/io/jaegertracing/jaeger-thrift/0.33.1/jaeger-thrift-0.33.1.jar:/home/user/.m2/repository/org/apache/thrift/libthrift/0.11.0/libthrift-0.11.0.jar:/home/user/.m2/repository/com/squareup/okhttp3/okhttp/3.9.0/okhttp-3.9.0.jar:/home/user/.m2/repository/com/squareup/okio/okio/1.13.0/okio-1.13.0.jar:/home/user/.m2/repository/io/jaegertracing/jaeger-core/0.33.1/jaeger-core-0.33.1.jar:/home/user/.m2/repository/io/jaegertracing/jaeger-tracerresolver/0.33.1/jaeger-tracerresolver-0.33.1.jar:/home/user/.m2/repository/io/opentracing/contrib/opentracing-tracerresolver/0.1.5/opentracing-tracerresolver-0.1.5.jar:/home/user/.m2/repository/io/opentracing/opentracing-util/0.31.0/opentracing-util-0.31.0.jar:/home/user/.m2/repository/io/opentracing/opentracing-api/0.31.0/opentracing-api-0.31.0.jar:/home/user/.m2/repository/io/opentracing/opentracing-noop/0.31.0/opentracing-noop-0.31.0.jar:/home/user/.m2/repository/org/yaml/snakeyaml/1.16/snakeyaml-1.16.jar:/home/user/.m2/repository/org/apache/hadoop/hadoop-hdfs-client/3.2.0/hadoop-hdfs-client-3.2.0.jar:/home/user/.m2/repository/info/picocli/picocli/3.9.6/picocli-3.9.6.jar:/home/user/.m2/repository/org/apache/hadoop/hadoop-hdds-server-scm/0.5.0-SNAPSHOT/hadoop-hdds-server-scm-0.5.0-SNAPSHOT.jar:/home/user/.m2/repository/org/apache/hadoop/hadoop-hdds-docs/0.5.0-SNAPSHOT/hadoop-hdds-docs-0.5.0-SNAPSHOT.jar:/home/user/.m2/repository/io/dropwizard/metrics/metrics-core/3.2.4/metrics-core-3.2.4.jar:/home/user/.m2/repository/org/hamcrest/hamcrest-all/1.3/hamcrest-all-1.3.jar:/home/user/.m2/repository/org/bouncycastle/bcprov-jdk15on/1.60/bcprov-jdk15on-1.60.jar:/home/user/.m2/repository/org/apache/hadoop/hadoop-hdds-server-framework/0.5.0-SNAPSHOT/hadoop-hdds-server-framework-0.5.0-SNAPSHOT.jar:/home/user/.m2/repository/org/apache/hadoop/hadoop-ozone-ozone-manager/0.5.0-SNAPSHOT/hadoop-ozone-ozone-manager-0.5.0-SNAPSHOT.jar:/home/user/.m2/repository/org/apache/hadoop/hadoop-hdds-container-service/0.5.0-SNAPSHOT/hadoop-hdds-container-service-0.5.0-SNAPSHOT.jar:/home/user/.m2/repository/org/apache/hadoop/hadoop-hdds-client/0.5.0-SNAPSHOT/hadoop-hdds-client-0.5.0-SNAPSHOT.jar:/home/user/.m2/repository/org/apache/hadoop/hadoop-ozone-common/0.5.0-SNAPSHOT/hadoop-ozone-common-0.5.0-SNAPSHOT.jar:/home/user/.m2/repository/org/apache/hadoop/hadoop-hdds-tools/0.5.0-SNAPSHOT/hadoop-hdds-tools-0.5.0-SNAPSHOT.jar:/home/user/.m2/repository/org/xerial/sqlite-jdbc/3.25.2/sqlite-jdbc-3.25.2.jar:/home/user/.m2/repository/org/apache/hadoop/hadoop-ozone-objectstore-service/0.5.0-SNAPSHOT/hadoop-ozone-objectstore-service-0.5.0-SNAPSHOT.jar:/home/user/.m2/repository/com/google/code/findbugs/findbugs/3.0.1/findbugs-3.0.1.jar:/home/user/.m2/repository/net/jcip/jcip-annotations/1.0/jcip-annotations-1.0.jar:/home/user/.m2/repository/com/google/code/findbugs/bcel-findbugs/6.0/bcel-findbugs-6.0.jar:/home/user/.m2/repository/com/google/code/findbugs/jFormatString/2.0.1/jFormatString-2.0.1.jar:/home/user/.m2/repository/dom4j/dom4j/1.6.1/dom4j-1.6.1.jar:/home/user/.m2/repository/xml-apis/xml-apis/1.0.b2/xml-apis-1.0.b2.jar:/home/user/.m2/repository/org/ow2/asm/asm-debug-all/5.0.2/asm-debug-all-5.0.2.jar:/home/user/.m2/repository/org/ow2/asm/asm-commons/5.0.2/asm-commons-5.0.2.jar:/home/user/.m2/repository/org/ow2/asm/asm-tree/5.0.2/asm-tree-5.0.2.jar:/home/user/.m2/repository/org/ow2/asm/asm/5.0.4/asm-5.0.4.jar:/home/user/.m2/repository/commons-lang/commons-lang/2.6/commons-lang-2.6.jar:/home/user/.m2/repository/com/apple/AppleJavaExtensions/1.4/AppleJavaExtensions-1.4.jar:/home/user/.m2/repository/jaxen/jaxen/1.1.6/jaxen-1.1.6.jar:/home/user/.m2/repository/org/apache/hadoop/hadoop-common/3.2.0/hadoop-common-3.2.0-tests.jar:/home/user/.m2/repository/org/apache/hadoop/hadoop-ozone-client/0.5.0-SNAPSHOT/hadoop-ozone-client-0.5.0-SNAPSHOT.jar:/home/user/.m2/repository/org/apache/hadoop/hadoop-hdfs/3.2.0/hadoop-hdfs-3.2.0-tests.jar:/workdir/hadoop-ozone/integration-test/target/test-classes:/home/user/.m2/repository/org/apache/hadoop/hadoop-ozone-s3gateway/0.5.0-SNAPSHOT/hadoop-ozone-s3gateway-0.5.0-SNAPSHOT.jar:/home/user/.m2/repository/org/jboss/weld/servlet/weld-servlet/2.4.7.Final/weld-servlet-2.4.7.Final.jar:/home/user/.m2/repository/org/glassfish/jersey/containers/jersey-container-servlet-core/2.27/jersey-container-servlet-core-2.27.jar:/home/user/.m2/repository/org/glassfish/hk2/external/javax.inject/2.5.0-b42/javax.inject-2.5.0-b42.jar:/home/user/.m2/repository/org/glassfish/jersey/core/jersey-common/2.27/jersey-common-2.27.jar:/home/user/.m2/repository/org/glassfish/hk2/osgi-resource-locator/1.0.1/osgi-resource-locator-1.0.1.jar:/home/user/.m2/repository/javax/ws/rs/javax.ws.rs-api/2.1/javax.ws.rs-api-2.1.jar:/home/user/.m2/repository/org/glassfish/jersey/ext/cdi/jersey-cdi1x/2.27/jersey-cdi1x-2.27.jar:/home/user/.m2/repository/org/glassfish/jersey/inject/jersey-hk2/2.27/jersey-hk2-2.27.jar:/home/user/.m2/repository/org/glassfish/hk2/hk2-locator/2.5.0-b42/hk2-locator-2.5.0-b42.jar:/home/user/.m2/repository/org/javassist/javassist/3.22.0-CR2/javassist-3.22.0-CR2.jar:/home/user/.m2/repository/org/glassfish/hk2/hk2-api/2.5.0/hk2-api-2.5.0.jar:/home/user/.m2/repository/org/glassfish/hk2/external/jakarta.inject/2.5.0/jakarta.inject-2.5.0.jar:/home/user/.m2/repository/org/glassfish/hk2/hk2-utils/2.5.0/hk2-utils-2.5.0.jar:/home/user/.m2/repository/jakarta/annotation/jakarta.annotation-api/1.3.4/jakarta.annotation-api-1.3.4.jar:/home/user/.m2/repository/org/glassfish/hk2/external/aopalliance-repackaged/2.5.0/aopalliance-repackaged-2.5.0.jar:/home/user/.m2/repository/com/fasterxml/jackson/dataformat/jackson-dataformat-xml/2.9.0/jackson-dataformat-xml-2.9.0.jar:/home/user/.m2/repository/com/fasterxml/jackson/module/jackson-module-jaxb-annotations/2.9.5/jackson-module-jaxb-annotations-2.9.5.jar:/home/user/.m2/repository/javax/enterprise/cdi-api/1.2/cdi-api-1.2.jar:/home/user/.m2/repository/javax/el/javax.el-api/3.0.0/javax.el-api-3.0.0.jar:/home/user/.m2/repository/javax/interceptor/javax.interceptor-api/1.2/javax.interceptor-api-1.2.jar:/home/user/.m2/repository/javax/inject/javax.inject/1/javax.inject-1.jar:/home/user/.m2/repository/com/sun/xml/bind/jaxb-core/2.3.0.1/jaxb-core-2.3.0.1.jar:/home/user/.m2/repository/javax/xml/bind/jaxb-api/2.3.0/jaxb-api-2.3.0.jar:/home/user/.m2/repository/javax/activation/activation/1.1.1/activation-1.1.1.jar:/home/user/.m2/repository/org/apache/hadoop/hadoop-ozone-csi/0.5.0-SNAPSHOT/hadoop-ozone-csi-0.5.0-SNAPSHOT.jar:/home/user/.m2/repository/com/google/protobuf/protobuf-java-util/3.5.1/protobuf-java-util-3.5.1.jar:/home/user/.m2/repository/io/grpc/grpc-netty/1.17.1/grpc-netty-1.17.1.jar:/home/user/.m2/repository/io/grpc/grpc-core/1.17.1/grpc-core-1.17.1.jar:/home/user/.m2/repository/io/grpc/grpc-context/1.17.1/grpc-context-1.17.1.jar:/home/user/.m2/repository/com/google/errorprone/error_prone_annotations/2.2.0/error_prone_annotations-2.2.0.jar:/home/user/.m2/repository/org/codehaus/mojo/animal-sniffer-annotations/1.17/animal-sniffer-annotations-1.17.jar:/home/user/.m2/repository/io/opencensus/opencensus-api/0.17.0/opencensus-api-0.17.0.jar:/home/user/.m2/repository/io/opencensus/opencensus-contrib-grpc-metrics/0.17.0/opencensus-contrib-grpc-metrics-0.17.0.jar:/home/user/.m2/repository/io/netty/netty-codec-http2/4.1.30.Final/netty-codec-http2-4.1.30.Final.jar:/home/user/.m2/repository/io/netty/netty-codec-http/4.1.30.Final/netty-codec-http-4.1.30.Final.jar:/home/user/.m2/repository/io/netty/netty-codec/4.1.30.Final/netty-codec-4.1.30.Final.jar:/home/user/.m2/repository/io/netty/netty-handler/4.1.30.Final/netty-handler-4.1.30.Final.jar:/home/user/.m2/repository/io/netty/netty-handler-proxy/4.1.30.Final/netty-handler-proxy-4.1.30.Final.jar:/home/user/.m2/repository/io/netty/netty-codec-socks/4.1.30.Final/netty-codec-socks-4.1.30.Final.jar:/home/user/.m2/repository/io/netty/netty-transport-native-epoll/4.1.30.Final/netty-transport-native-epoll-4.1.30.Final.jar:/home/user/.m2/repository/io/netty/netty-common/4.1.30.Final/netty-common-4.1.30.Final.jar:/home/user/.m2/repository/io/netty/netty-buffer/4.1.30.Final/netty-buffer-4.1.30.Final.jar:/home/user/.m2/repository/io/netty/netty-transport/4.1.30.Final/netty-transport-4.1.30.Final.jar:/home/user/.m2/repository/io/netty/netty-resolver/4.1.30.Final/netty-resolver-4.1.30.Final.jar:/home/user/.m2/repository/io/netty/netty-transport-native-unix-common/4.1.30.Final/netty-transport-native-unix-common-4.1.30.Final.jar:/home/user/.m2/repository/io/grpc/grpc-protobuf/1.17.1/grpc-protobuf-1.17.1.jar:/home/user/.m2/repository/com/google/api/grpc/proto-google-common-protos/1.0.0/proto-google-common-protos-1.0.0.jar:/home/user/.m2/repository/io/grpc/grpc-protobuf-lite/1.17.1/grpc-protobuf-lite-1.17.1.jar:/home/user/.m2/repository/io/grpc/grpc-stub/1.17.1/grpc-stub-1.17.1.jar:/home/user/.m2/repository/org/apache/hadoop/hadoop-ozone-recon/0.5.0-SNAPSHOT/hadoop-ozone-recon-0.5.0-SNAPSHOT.jar:/home/user/.m2/repository/org/apache/hadoop/hadoop-ozone-reconcodegen/0.5.0-SNAPSHOT/hadoop-ozone-reconcodegen-0.5.0-SNAPSHOT.jar:/home/user/.m2/repository/com/google/inject/extensions/guice-multibindings/4.0/guice-multibindings-4.0.jar:/home/user/.m2/repository/com/google/inject/guice/4.0/guice-4.0.jar:/home/user/.m2/repository/aopalliance/aopalliance/1.0/aopalliance-1.0.jar:/home/user/.m2/repository/org/glassfish/jersey/containers/jersey-container-servlet/2.27/jersey-container-servlet-2.27.jar:/home/user/.m2/repository/org/glassfish/hk2/guice-bridge/2.5.0/guice-bridge-2.5.0.jar:/home/user/.m2/repository/org/glassfish/jersey/core/jersey-server/2.27/jersey-server-2.27.jar:/home/user/.m2/repository/org/glassfish/jersey/core/jersey-client/2.27/jersey-client-2.27.jar:/home/user/.m2/repository/org/glassfish/jersey/media/jersey-media-jaxb/2.27/jersey-media-jaxb-2.27.jar:/home/user/.m2/repository/javax/validation/validation-api/1.1.0.Final/validation-api-1.1.0.Final.jar:/home/user/.m2/repository/org/glassfish/jersey/media/jersey-media-json-jackson/2.27/jersey-media-json-jackson-2.27.jar:/home/user/.m2/repository/org/glassfish/jersey/ext/jersey-entity-filtering/2.27/jersey-entity-filtering-2.27.jar:/home/user/.m2/repository/com/google/inject/extensions/guice-assistedinject/4.0/guice-assistedinject-4.0.jar:/home/user/.m2/repository/org/jooq/jooq/3.11.10/jooq-3.11.10.jar:/home/user/.m2/repository/org/jooq/jooq-meta/3.11.10/jooq-meta-3.11.10.jar:/home/user/.m2/repository/org/jooq/jooq-codegen/3.11.10/jooq-codegen-3.11.10.jar:/home/user/.m2/repository/com/jolbox/bonecp/0.8.0.RELEASE/bonecp-0.8.0.RELEASE.jar:/home/user/.m2/repository/org/springframework/spring-jdbc/5.1.3.RELEASE/spring-jdbc-5.1.3.RELEASE.jar:/home/user/.m2/repository/org/springframework/spring-beans/5.1.3.RELEASE/spring-beans-5.1.3.RELEASE.jar:/home/user/.m2/repository/org/springframework/spring-core/5.1.3.RELEASE/spring-core-5.1.3.RELEASE.jar:/home/user/.m2/repository/org/springframework/spring-jcl/5.1.3.RELEASE/spring-jcl-5.1.3.RELEASE.jar:/home/user/.m2/repository/org/springframework/spring-tx/5.1.3.RELEASE/spring-tx-5.1.3.RELEASE.jar:/home/user/.m2/repository/org/mockito/mockito-all/1.10.19/mockito-all-1.10.19.jar:/home/user/.m2/repository/junit/junit/4.11/junit-4.11.jar:/home/user/.m2/repository/org/hamcrest/hamcrest-core/1.3/hamcrest-core-1.3.jar:/home/user/.m2/repository/org/apache/hadoop/hadoop-distcp/3.2.0/hadoop-distcp-3.2.0.jar:/home/user/.m2/repository/org/apache/hadoop/hadoop-distcp/3.2.0/hadoop-distcp-3.2.0-tests.jar:/home/user/.m2/repository/org/apache/hadoop/hadoop-mapreduce-client-jobclient/3.2.0/hadoop-mapreduce-client-jobclient-3.2.0.jar:/home/user/.m2/repository/org/apache/hadoop/hadoop-mapreduce-client-common/3.2.0/hadoop-mapreduce-client-common-3.2.0.jar:/home/user/.m2/repository/org/apache/hadoop/hadoop-yarn-common/3.2.0/hadoop-yarn-common-3.2.0.jar:/home/user/.m2/repository/org/apache/hadoop/hadoop-yarn-api/3.2.0/hadoop-yarn-api-3.2.0.jar:/home/user/.m2/repository/com/sun/jersey/jersey-client/1.19/jersey-client-1.19.jar:/home/user/.m2/repository/com/sun/jersey/contribs/jersey-guice/1.19/jersey-guice-1.19.jar:/home/user/.m2/repository/com/fasterxml/jackson/jaxrs/jackson-jaxrs-json-provider/2.9.5/jackson-jaxrs-json-provider-2.9.5.jar:/home/user/.m2/repository/com/fasterxml/jackson/jaxrs/jackson-jaxrs-base/2.9.5/jackson-jaxrs-base-2.9.5.jar:/home/user/.m2/repository/org/apache/hadoop/hadoop-yarn-client/3.2.0/hadoop-yarn-client-3.2.0.jar:/home/user/.m2/repository/org/apache/hadoop/hadoop-mapreduce-client-core/3.2.0/hadoop-mapreduce-client-core-3.2.0.jar:/home/user/.m2/repository/com/google/inject/extensions/guice-servlet/4.0/guice-servlet-4.0.jar:/home/user/.m2/repository/org/powermock/powermock-module-junit4/1.6.5/powermock-module-junit4-1.6.5.jar:/home/user/.m2/repository/org/powermock/powermock-module-junit4-common/1.6.5/powermock-module-junit4-common-1.6.5.jar:/home/user/.m2/repository/org/powermock/powermock-core/1.6.5/powermock-core-1.6.5.jar:/home/user/.m2/repository/org/powermock/powermock-reflect/1.6.5/powermock-reflect-1.6.5.jar:/home/user/.m2/repository/org/powermock/powermock-api-mockito/1.6.5/powermock-api-mockito-1.6.5.jar:/home/user/.m2/repository/org/mockito/mockito-core/1.10.19/mockito-core-1.10.19.jar:/home/user/.m2/repository/org/objenesis/objenesis/1.0/objenesis-1.0.jar:/home/user/.m2/repository/org/powermock/powermock-api-mockito-common/1.6.5/powermock-api-mockito-common-1.6.5.jar:/home/user/.m2/repository/org/powermock/powermock-api-support/1.6.5/powermock-api-support-1.6.5.jar:"/>
    <property name="sun.cpu.endian" value="little"/>
    <property name="user.home" value="/home/user"/>
    <property name="user.language" value="en"/>
    <property name="java.specification.vendor" value="Oracle Corporation"/>
    <property name="java.home" value="/usr/lib/jvm/java-1.8-openjdk/jre"/>
    <property name="java.security.krb5.conf" value="/workdir/hadoop-ozone/ozonefs/target/test-classes/krb5.conf"/>
    <property name="basedir" value="/workdir/hadoop-ozone/ozonefs"/>
    <property name="file.separator" value="/"/>
    <property name="line.separator" value="&#10;"/>
    <property name="java.vm.specification.vendor" value="Oracle Corporation"/>
    <property name="java.specification.name" value="Java Platform API Specification"/>
    <property name="java.awt.graphicsenv" value="sun.awt.X11GraphicsEnvironment"/>
    <property name="surefire.real.class.path" value="/workdir/hadoop-ozone/ozonefs/target/surefire/surefirebooter8470624369960969546.jar"/>
    <property name="hadoop.log.dir" value="/workdir/hadoop-ozone/ozonefs/target/log"/>
    <property name="sun.boot.class.path" value="/usr/lib/jvm/java-1.8-openjdk/jre/lib/resources.jar:/usr/lib/jvm/java-1.8-openjdk/jre/lib/rt.jar:/usr/lib/jvm/java-1.8-openjdk/jre/lib/sunrsasign.jar:/usr/lib/jvm/java-1.8-openjdk/jre/lib/jsse.jar:/usr/lib/jvm/java-1.8-openjdk/jre/lib/jce.jar:/usr/lib/jvm/java-1.8-openjdk/jre/lib/charsets.jar:/usr/lib/jvm/java-1.8-openjdk/jre/lib/jfr.jar:/usr/lib/jvm/java-1.8-openjdk/jre/classes"/>
    <property name="sun.management.compiler" value="HotSpot 64-Bit Tiered Compilers"/>
    <property name="java.runtime.version" value="1.8.0_212-b04"/>
    <property name="java.net.preferIPv4Stack" value="true"/>
    <property name="user.name" value="jenkins1000"/>
    <property name="path.separator" value=":"/>
    <property name="java.security.egd" value="file:///dev/urandom"/>
    <property name="os.version" value="3.10.0-957.12.2.el7.x86_64"/>
    <property name="java.endorsed.dirs" value="/usr/lib/jvm/java-1.8-openjdk/jre/lib/endorsed"/>
    <property name="java.runtime.name" value="OpenJDK Runtime Environment"/>
    <property name="file.encoding" value="UTF-8"/>
    <property name="java.vm.name" value="OpenJDK 64-Bit Server VM"/>
    <property name="test.build.webapps" value=""/>
    <property name="localRepository" value="/home/user/.m2/repository"/>
    <property name="java.vendor.url.bug" value="https://icedtea.classpath.org/bugzilla"/>
    <property name="java.io.tmpdir" value="/tmp"/>
    <property name="require.test.libhadoop" value=""/>
    <property name="java.version" value="1.8.0_212"/>
    <property name="user.dir" value="/workdir/hadoop-ozone/ozonefs"/>
    <property name="os.arch" value="amd64"/>
    <property name="java.vm.specification.name" value="Java Virtual Machine Specification"/>
    <property name="test.build.classes" value="/workdir/hadoop-ozone/ozonefs/target/test-classes"/>
    <property name="java.awt.printerjob" value="sun.print.PSPrinterJob"/>
    <property name="sun.os.patch.level" value="unknown"/>
    <property name="hadoop.tmp.dir" value="/workdir/hadoop-ozone/ozonefs/target/tmp"/>
    <property name="java.library.path" value="/usr/lib/jvm/java-1.8-openjdk/jre/lib/amd64/server:/usr/lib/jvm/java-1.8-openjdk/jre/lib/amd64:/usr/lib/jvm/java-1.8-openjdk/jre/../lib/amd64:/workdir/hadoop-ozone/ozonefs/target/native/target/usr/local/lib:/workdir/hadoop-ozone/ozonefs/../../hadoop-common-project/hadoop-common/target/native/target/usr/local/lib:/usr/java/packages/lib/amd64:/usr/lib64:/lib64:/lib:/usr/lib"/>
    <property name="java.vm.info" value="mixed mode"/>
    <property name="java.vendor" value="IcedTea"/>
    <property name="java.vm.version" value="25.212-b04"/>
    <property name="java.ext.dirs" value="/usr/lib/jvm/java-1.8-openjdk/jre/lib/ext:/usr/java/packages/lib/ext"/>
    <property name="sun.io.unicode.encoding" value="UnicodeLittle"/>
    <property name="java.class.version" value="52.0"/>
  </properties>
  <testcase name="testOzoneFsServiceLoader" classname="org.apache.hadoop.fs.ozone.TestOzoneFileSystem" time="28.88"/>
  <testcase name="testListStatusOnRoot" classname="org.apache.hadoop.fs.ozone.TestOzoneFileSystem" time="21.386"/>
  <testcase name="testListStatusOnSubDirs" classname="org.apache.hadoop.fs.ozone.TestOzoneFileSystem" time="23.2">
    <error message="Allocated 0 blocks. Requested 1 blocks" type="INTERNAL_ERROR org.apache.hadoop.ozone.om.exceptions.OMException">INTERNAL_ERROR org.apache.hadoop.ozone.om.exceptions.OMException: Allocated 0 blocks. Requested 1 blocks
	at org.apache.hadoop.ozone.om.protocolPB.OzoneManagerProtocolClientSideTranslatorPB.handleError(OzoneManagerProtocolClientSideTranslatorPB.java:725)
	at org.apache.hadoop.ozone.om.protocolPB.OzoneManagerProtocolClientSideTranslatorPB.createFile(OzoneManagerProtocolClientSideTranslatorPB.java:1474)
	at org.apache.hadoop.ozone.client.rpc.RpcClient.createFile(RpcClient.java:984)
	at org.apache.hadoop.ozone.client.OzoneBucket.createFile(OzoneBucket.java:535)
	at org.apache.hadoop.fs.ozone.BasicOzoneClientAdapterImpl.createFile(BasicOzoneClientAdapterImpl.java:181)
	at org.apache.hadoop.fs.ozone.BasicOzoneFileSystem.createOutputStream(BasicOzoneFileSystem.java:249)
	at org.apache.hadoop.fs.ozone.BasicOzoneFileSystem.create(BasicOzoneFileSystem.java:230)
	at org.apache.hadoop.fs.FileSystem.create(FileSystem.java:1118)
	at org.apache.hadoop.fs.FileSystem.create(FileSystem.java:1098)
	at org.apache.hadoop.fs.FileSystem.create(FileSystem.java:987)
	at org.apache.hadoop.fs.contract.ContractTestUtils.createFile(ContractTestUtils.java:633)
	at org.apache.hadoop.fs.contract.ContractTestUtils.touch(ContractTestUtils.java:669)
	at org.apache.hadoop.fs.ozone.TestOzoneFileSystem.testListStatusOnSubDirs(TestOzoneFileSystem.java:271)
	at sun.reflect.NativeMethodAccessorImpl.invoke0(Native Method)
	at sun.reflect.NativeMethodAccessorImpl.invoke(NativeMethodAccessorImpl.java:62)
	at sun.reflect.DelegatingMethodAccessorImpl.invoke(DelegatingMethodAccessorImpl.java:43)
	at java.lang.reflect.Method.invoke(Method.java:498)
	at org.junit.runners.model.FrameworkMethod$1.runReflectiveCall(FrameworkMethod.java:47)
	at org.junit.internal.runners.model.ReflectiveCallable.run(ReflectiveCallable.java:12)
	at org.junit.runners.model.FrameworkMethod.invokeExplosively(FrameworkMethod.java:44)
	at org.junit.internal.runners.statements.InvokeMethod.evaluate(InvokeMethod.java:17)
	at org.junit.internal.runners.statements.RunBefores.evaluate(RunBefores.java:26)
	at org.junit.internal.runners.statements.RunAfters.evaluate(RunAfters.java:27)
	at org.junit.internal.runners.statements.FailOnTimeout$StatementThread.run(FailOnTimeout.java:74)
</error>
    <system-out><![CDATA[2019-09-19 10:28:19,648 [Thread-540] WARN  server.ServerUtils (ServerUtils.java:getScmDbDir(145)) - ozone.scm.db.dirs is not configured. We recommend adding this setting. Falling back to ozone.metadata.dirs instead.
2019-09-19 10:28:19,666 [Thread-540] WARN  server.ServerUtils (ServerUtils.java:getScmDbDir(145)) - ozone.scm.db.dirs is not configured. We recommend adding this setting. Falling back to ozone.metadata.dirs instead.
2019-09-19 10:28:19,666 [Thread-540] WARN  server.ServerUtils (ServerUtils.java:getScmDbDir(145)) - ozone.scm.db.dirs is not configured. We recommend adding this setting. Falling back to ozone.metadata.dirs instead.
2019-09-19 10:28:19,667 [Thread-540] INFO  db.DBStoreBuilder (DBStoreBuilder.java:addTable(110)) - using custom profile for table: deletedBlocks
2019-09-19 10:28:19,667 [Thread-540] INFO  db.DBStoreBuilder (DBStoreBuilder.java:processTables(161)) - Using default column profile:DBProfile.DISK for Table:deletedBlocks
2019-09-19 10:28:19,667 [Thread-540] INFO  db.DBStoreBuilder (DBStoreBuilder.java:addTable(110)) - using custom profile for table: validCerts
2019-09-19 10:28:19,668 [Thread-540] INFO  db.DBStoreBuilder (DBStoreBuilder.java:processTables(161)) - Using default column profile:DBProfile.DISK for Table:validCerts
2019-09-19 10:28:19,668 [Thread-540] INFO  db.DBStoreBuilder (DBStoreBuilder.java:addTable(110)) - using custom profile for table: revokedCerts
2019-09-19 10:28:19,668 [Thread-540] INFO  db.DBStoreBuilder (DBStoreBuilder.java:processTables(161)) - Using default column profile:DBProfile.DISK for Table:revokedCerts
2019-09-19 10:28:19,668 [Thread-540] INFO  db.DBStoreBuilder (DBStoreBuilder.java:addTable(110)) - using custom profile for table: default
2019-09-19 10:28:19,668 [Thread-540] INFO  db.DBStoreBuilder (DBStoreBuilder.java:processTables(167)) - Using default column profile:DBProfile.DISK for Table:default
2019-09-19 10:28:19,669 [Thread-540] INFO  db.DBStoreBuilder (DBStoreBuilder.java:getDbProfile(198)) - Using default options. DBProfile.DISK
2019-09-19 10:28:22,823 [Thread-540] INFO  net.NodeSchemaLoader (NodeSchemaLoader.java:loadSchemaFromFile(125)) - Loading file from sun.misc.CompoundEnumeration@364dcd0c
2019-09-19 10:28:22,823 [Thread-540] INFO  net.NodeSchemaLoader (NodeSchemaLoader.java:loadSchema(171)) - Loading network topology layer schema file
2019-09-19 10:28:22,827 [Thread-540] WARN  server.ServerUtils (ServerUtils.java:sanitizeUserArgs(70)) - ozone.scm.stale.node.interval value = 300000 is larger than max = 100000 based on the key value of ozone.scm.heartbeat.thread.interval, reset to the max value 100000.
2019-09-19 10:28:22,827 [Thread-540] WARN  server.ServerUtils (ServerUtils.java:sanitizeUserArgs(70)) - ozone.scm.stale.node.interval value = 300000 is larger than max = 100000 based on the key value of ozone.scm.heartbeat.thread.interval, reset to the max value 100000.
2019-09-19 10:28:22,827 [Thread-540] INFO  node.SCMNodeManager (SCMNodeManager.java:<init>(121)) - Entering startup safe mode.
2019-09-19 10:28:22,828 [Thread-540] INFO  algorithms.ContainerPlacementPolicyFactory (ContainerPlacementPolicyFactory.java:getPolicy(56)) - Create container placement policy of type org.apache.hadoop.hdds.scm.container.placement.algorithms.SCMContainerPlacementRandom
2019-09-19 10:28:22,828 [Thread-540] WARN  server.ServerUtils (ServerUtils.java:getScmDbDir(145)) - ozone.scm.db.dirs is not configured. We recommend adding this setting. Falling back to ozone.metadata.dirs instead.
2019-09-19 10:28:23,405 [Thread-540] INFO  pipeline.SCMPipelineManager (SCMPipelineManager.java:initializePipelineState(126)) - No pipeline exists in current db
2019-09-19 10:28:23,405 [Thread-540] WARN  server.ServerUtils (ServerUtils.java:getScmDbDir(145)) - ozone.scm.db.dirs is not configured. We recommend adding this setting. Falling back to ozone.metadata.dirs instead.
2019-09-19 10:28:23,800 [Thread-540] WARN  events.EventQueue (EventQueue.java:fireEvent(175)) - No event handler registered for event TypedEvent{payloadType=SafeModeStatus, name='SafeModeStatus'}
2019-09-19 10:28:23,802 [Thread-540] INFO  ipc.CallQueueManager (CallQueueManager.java:<init>(84)) - Using callQueue: class java.util.concurrent.LinkedBlockingQueue, queueCapacity: 2000, scheduler: class org.apache.hadoop.ipc.DefaultRpcScheduler, ipcBackoff: false.
2019-09-19 10:28:23,804 [Socket Reader #1 for port 40610] INFO  ipc.Server (Server.java:run(1074)) - Starting Socket Reader #1 for port 40610
2019-09-19 10:28:23,806 [Thread-540] INFO  ipc.CallQueueManager (CallQueueManager.java:<init>(84)) - Using callQueue: class java.util.concurrent.LinkedBlockingQueue, queueCapacity: 2000, scheduler: class org.apache.hadoop.ipc.DefaultRpcScheduler, ipcBackoff: false.
2019-09-19 10:28:23,807 [Socket Reader #1 for port 34509] INFO  ipc.Server (Server.java:run(1074)) - Starting Socket Reader #1 for port 34509
2019-09-19 10:28:23,809 [Thread-540] INFO  ipc.CallQueueManager (CallQueueManager.java:<init>(84)) - Using callQueue: class java.util.concurrent.LinkedBlockingQueue, queueCapacity: 2000, scheduler: class org.apache.hadoop.ipc.DefaultRpcScheduler, ipcBackoff: false.
2019-09-19 10:28:23,810 [Socket Reader #1 for port 40234] INFO  ipc.Server (Server.java:run(1074)) - Starting Socket Reader #1 for port 40234
2019-09-19 10:28:23,812 [Thread-540] INFO  hdfs.DFSUtil (DFSUtil.java:httpServerTemplateForNNAndJN(1641)) - Starting Web-server for scm at: http://0.0.0.0:0
2019-09-19 10:28:23,815 [Thread-540] INFO  server.AuthenticationFilter (AuthenticationFilter.java:constructSecretProvider(240)) - Unable to initialize FileSignerSecretProvider, falling back to use random secrets.
2019-09-19 10:28:23,816 [Thread-540] WARN  http.HttpRequestLog (HttpRequestLog.java:getRequestLog(97)) - Jetty request log can only be enabled using Log4j
2019-09-19 10:28:23,820 [Thread-540] INFO  http.HttpServer2 (HttpServer2.java:addGlobalFilter(975)) - Added global filter 'safety' (class=org.apache.hadoop.http.HttpServer2$QuotingInputFilter)
2019-09-19 10:28:23,821 [Thread-540] INFO  http.HttpServer2 (HttpServer2.java:addFilter(948)) - Added filter static_user_filter (class=org.apache.hadoop.http.lib.StaticUserWebFilter$StaticUserFilter) to context scm
2019-09-19 10:28:23,821 [Thread-540] INFO  http.HttpServer2 (HttpServer2.java:addFilter(958)) - Added filter static_user_filter (class=org.apache.hadoop.http.lib.StaticUserWebFilter$StaticUserFilter) to context logs
2019-09-19 10:28:23,821 [Thread-540] INFO  http.HttpServer2 (HttpServer2.java:addFilter(958)) - Added filter static_user_filter (class=org.apache.hadoop.http.lib.StaticUserWebFilter$StaticUserFilter) to context static
2019-09-19 10:28:23,824 [Thread-540] INFO  server.StorageContainerManager (StorageContainerManager.java:start(759)) - StorageContainerLocationProtocol RPC server is listening at /0.0.0.0:40234
2019-09-19 10:28:23,826 [Thread-540] WARN  impl.MetricsConfig (MetricsConfig.java:loadFirst(134)) - Cannot locate configuration: tried hadoop-metrics2-storagecontainermanager.properties,hadoop-metrics2.properties
2019-09-19 10:28:23,828 [Thread-540] INFO  impl.MetricsSystemImpl (MetricsSystemImpl.java:startTimer(374)) - Scheduled Metric snapshot period at 10 second(s).
2019-09-19 10:28:23,828 [Thread-540] INFO  impl.MetricsSystemImpl (MetricsSystemImpl.java:start(191)) - StorageContainerManager metrics system started
2019-09-19 10:28:23,896 [Thread-540] INFO  server.SCMClientProtocolServer (SCMClientProtocolServer.java:start(151)) - RPC server for Client  is listening at /0.0.0.0:40234
2019-09-19 10:28:23,896 [IPC Server Responder] INFO  ipc.Server (Server.java:run(1314)) - IPC Server Responder: starting
2019-09-19 10:28:23,896 [IPC Server listener on 40234] INFO  ipc.Server (Server.java:run(1153)) - IPC Server listener on 40234: starting
2019-09-19 10:28:23,900 [Thread-540] INFO  server.StorageContainerManager (StorageContainerManager.java:start(769)) - ScmBlockLocationProtocol RPC server is listening at /0.0.0.0:34509
2019-09-19 10:28:23,900 [Thread-540] INFO  server.SCMBlockProtocolServer (SCMBlockProtocolServer.java:start(140)) - RPC server for Block Protocol is listening at /0.0.0.0:34509
2019-09-19 10:28:23,900 [IPC Server Responder] INFO  ipc.Server (Server.java:run(1314)) - IPC Server Responder: starting
2019-09-19 10:28:23,900 [IPC Server listener on 34509] INFO  ipc.Server (Server.java:run(1153)) - IPC Server listener on 34509: starting
2019-09-19 10:28:23,903 [Thread-540] INFO  server.StorageContainerManager (StorageContainerManager.java:start(773)) - ScmDatanodeProtocl RPC server is listening at /0.0.0.0:40610
2019-09-19 10:28:23,904 [Thread-540] INFO  server.SCMDatanodeProtocolServer (SCMDatanodeProtocolServer.java:start(191)) - RPC server for DataNodes is listening at /0.0.0.0:40610
2019-09-19 10:28:23,904 [IPC Server Responder] INFO  ipc.Server (Server.java:run(1314)) - IPC Server Responder: starting
2019-09-19 10:28:23,904 [IPC Server listener on 40610] INFO  ipc.Server (Server.java:run(1153)) - IPC Server listener on 40610: starting
2019-09-19 10:28:23,908 [Thread-540] INFO  http.HttpServer2 (HttpServer2.java:bindListener(1191)) - Jetty bound to port 33773
2019-09-19 10:28:23,908 [Thread-540] INFO  server.Server (Server.java:doStart(351)) - jetty-9.3.24.v20180605, build timestamp: 2018-06-05T17:11:56Z, git hash: 84205aa28f11a4f31f2a3b86d1bba2cc8ab69827
2019-09-19 10:28:23,911 [Thread-540] INFO  handler.ContextHandler (ContextHandler.java:doStart(781)) - Started o.e.j.s.ServletContextHandler@5af8b365{/logs,file:///workdir/hadoop-ozone/ozonefs/target/log,AVAILABLE}
2019-09-19 10:28:23,911 [Thread-540] INFO  handler.ContextHandler (ContextHandler.java:doStart(781)) - Started o.e.j.s.ServletContextHandler@4e6ae417{/static,jar:file:/home/user/.m2/repository/org/apache/hadoop/hadoop-hdds-server-scm/0.5.0-SNAPSHOT/hadoop-hdds-server-scm-0.5.0-SNAPSHOT.jar!/webapps/static,AVAILABLE}
2019-09-19 10:28:23,968 [Thread-540] INFO  handler.ContextHandler (ContextHandler.java:doStart(781)) - Started o.e.j.w.WebAppContext@6bbf4fdd{/,file:///tmp/jetty-0.0.0.0-33773-scm-_-any-6283000211202903215.dir/webapp/,AVAILABLE}{/scm}
2019-09-19 10:28:23,968 [Thread-540] INFO  server.AbstractConnector (AbstractConnector.java:doStart(278)) - Started ServerConnector@50bb4b0c{HTTP/1.1,[http/1.1]}{0.0.0.0:33773}
2019-09-19 10:28:23,969 [Thread-540] INFO  server.Server (Server.java:doStart(419)) - Started @55079ms
2019-09-19 10:28:23,970 [Thread-540] INFO  server.BaseHttpServer (BaseHttpServer.java:updateConnectorAddress(213)) - HTTP server of SCM is listening at http://0.0.0.0:33773
2019-09-19 10:28:23,971 [Thread-540] WARN  server.ServerUtils (ServerUtils.java:getDBPath(222)) - ozone.om.db.dirs is not configured. We recommend adding this setting. Falling back to ozone.metadata.dirs instead.
2019-09-19 10:28:23,972 [org.apache.hadoop.util.JvmPauseMonitor$Monitor@7c7c49d9] INFO  util.JvmPauseMonitor (JvmPauseMonitor.java:run(188)) - Starting JVM pause monitor
2019-09-19 10:28:23,985 [Thread-540] WARN  server.ServerUtils (ServerUtils.java:getDBPath(222)) - ozone.om.db.dirs is not configured. We recommend adding this setting. Falling back to ozone.metadata.dirs instead.
2019-09-19 10:28:23,985 [Thread-540] WARN  server.ServerUtils (ServerUtils.java:getDBPath(222)) - ozone.om.db.dirs is not configured. We recommend adding this setting. Falling back to ozone.metadata.dirs instead.
2019-09-19 10:28:23,985 [Thread-540] INFO  om.OzoneManager (OzoneManager.java:setOMNodeDetails(645)) - OM Service ID is not set. Setting it to the default ID: omServiceIdDefault
2019-09-19 10:28:23,986 [Thread-540] INFO  om.OzoneManager (OzoneManager.java:setOMNodeDetails(651)) - OM Node ID is not set. Setting it to the OmStorage's OmID: 28505eb9-d05a-44e6-9073-8f38304f2aeb
2019-09-19 10:28:23,986 [Thread-540] INFO  om.OzoneManager (OzoneManager.java:loadOMHAConfigs(602)) - Found matching OM address with OMServiceId: null, OMNodeId: null, RPC Address: localhost:0 and Ratis port: 9872
2019-09-19 10:28:23,991 | INFO  | SCMAudit | user=jenkins1000 | ip=192.168.157.204 | op=GET_SCM_INFO null | ret=SUCCESS |  
2019-09-19 10:28:23,993 [Thread-540] WARN  server.ServerUtils (ServerUtils.java:getDBPath(222)) - ozone.om.db.dirs is not configured. We recommend adding this setting. Falling back to ozone.metadata.dirs instead.
2019-09-19 10:28:23,994 [Thread-540] INFO  db.DBStoreBuilder (DBStoreBuilder.java:addTable(110)) - using custom profile for table: userTable
2019-09-19 10:28:23,994 [Thread-540] INFO  db.DBStoreBuilder (DBStoreBuilder.java:processTables(161)) - Using default column profile:DBProfile.DISK for Table:userTable
2019-09-19 10:28:23,994 [Thread-540] INFO  db.DBStoreBuilder (DBStoreBuilder.java:addTable(110)) - using custom profile for table: volumeTable
2019-09-19 10:28:23,994 [Thread-540] INFO  db.DBStoreBuilder (DBStoreBuilder.java:processTables(161)) - Using default column profile:DBProfile.DISK for Table:volumeTable
2019-09-19 10:28:23,994 [Thread-540] INFO  db.DBStoreBuilder (DBStoreBuilder.java:addTable(110)) - using custom profile for table: bucketTable
2019-09-19 10:28:23,994 [Thread-540] INFO  db.DBStoreBuilder (DBStoreBuilder.java:processTables(161)) - Using default column profile:DBProfile.DISK for Table:bucketTable
2019-09-19 10:28:23,995 [Thread-540] INFO  db.DBStoreBuilder (DBStoreBuilder.java:addTable(110)) - using custom profile for table: keyTable
2019-09-19 10:28:23,995 [Thread-540] INFO  db.DBStoreBuilder (DBStoreBuilder.java:processTables(161)) - Using default column profile:DBProfile.DISK for Table:keyTable
2019-09-19 10:28:23,995 [Thread-540] INFO  db.DBStoreBuilder (DBStoreBuilder.java:addTable(110)) - using custom profile for table: deletedTable
2019-09-19 10:28:23,995 [Thread-540] INFO  db.DBStoreBuilder (DBStoreBuilder.java:processTables(161)) - Using default column profile:DBProfile.DISK for Table:deletedTable
2019-09-19 10:28:23,995 [Thread-540] INFO  db.DBStoreBuilder (DBStoreBuilder.java:addTable(110)) - using custom profile for table: openKeyTable
2019-09-19 10:28:23,995 [Thread-540] INFO  db.DBStoreBuilder (DBStoreBuilder.java:processTables(161)) - Using default column profile:DBProfile.DISK for Table:openKeyTable
2019-09-19 10:28:23,996 [Thread-540] INFO  db.DBStoreBuilder (DBStoreBuilder.java:addTable(110)) - using custom profile for table: s3Table
2019-09-19 10:28:23,996 [Thread-540] INFO  db.DBStoreBuilder (DBStoreBuilder.java:processTables(161)) - Using default column profile:DBProfile.DISK for Table:s3Table
2019-09-19 10:28:23,996 [Thread-540] INFO  db.DBStoreBuilder (DBStoreBuilder.java:addTable(110)) - using custom profile for table: multipartInfoTable
2019-09-19 10:28:23,996 [Thread-540] INFO  db.DBStoreBuilder (DBStoreBuilder.java:processTables(161)) - Using default column profile:DBProfile.DISK for Table:multipartInfoTable
2019-09-19 10:28:23,996 [Thread-540] INFO  db.DBStoreBuilder (DBStoreBuilder.java:addTable(110)) - using custom profile for table: dTokenTable
2019-09-19 10:28:23,996 [Thread-540] INFO  db.DBStoreBuilder (DBStoreBuilder.java:processTables(161)) - Using default column profile:DBProfile.DISK for Table:dTokenTable
2019-09-19 10:28:23,996 [Thread-540] INFO  db.DBStoreBuilder (DBStoreBuilder.java:addTable(110)) - using custom profile for table: s3SecretTable
2019-09-19 10:28:23,997 [Thread-540] INFO  db.DBStoreBuilder (DBStoreBuilder.java:processTables(161)) - Using default column profile:DBProfile.DISK for Table:s3SecretTable
2019-09-19 10:28:23,997 [Thread-540] INFO  db.DBStoreBuilder (DBStoreBuilder.java:addTable(110)) - using custom profile for table: prefixTable
2019-09-19 10:28:23,997 [Thread-540] INFO  db.DBStoreBuilder (DBStoreBuilder.java:processTables(161)) - Using default column profile:DBProfile.DISK for Table:prefixTable
2019-09-19 10:28:23,997 [Thread-540] INFO  db.DBStoreBuilder (DBStoreBuilder.java:addTable(110)) - using custom profile for table: default
2019-09-19 10:28:23,997 [Thread-540] INFO  db.DBStoreBuilder (DBStoreBuilder.java:processTables(167)) - Using default column profile:DBProfile.DISK for Table:default
2019-09-19 10:28:23,997 [Thread-540] INFO  db.DBStoreBuilder (DBStoreBuilder.java:getDbProfile(198)) - Using default options. DBProfile.DISK
2019-09-19 10:28:26,403 [Thread-540] INFO  ipc.CallQueueManager (CallQueueManager.java:<init>(84)) - Using callQueue: class java.util.concurrent.LinkedBlockingQueue, queueCapacity: 2000, scheduler: class org.apache.hadoop.ipc.DefaultRpcScheduler, ipcBackoff: false.
2019-09-19 10:28:26,404 [Socket Reader #1 for port 45055] INFO  ipc.Server (Server.java:run(1074)) - Starting Socket Reader #1 for port 45055
2019-09-19 10:28:26,429 [Thread-540] INFO  om.OzoneManager (OzoneManager.java:start(1256)) - OzoneManager RPC server is listening at localhost/127.0.0.1:45055
2019-09-19 10:28:26,430 [Thread-540] INFO  impl.MetricsSystemImpl (MetricsSystemImpl.java:init(158)) - OzoneManager metrics system started (again)
2019-09-19 10:28:26,430 [IPC Server Responder] INFO  ipc.Server (Server.java:run(1314)) - IPC Server Responder: starting
2019-09-19 10:28:26,431 [IPC Server listener on 45055] INFO  ipc.Server (Server.java:run(1153)) - IPC Server listener on 45055: starting
2019-09-19 10:28:26,435 [Thread-540] INFO  hdfs.DFSUtil (DFSUtil.java:httpServerTemplateForNNAndJN(1641)) - Starting Web-server for ozoneManager at: http://0.0.0.0:0
2019-09-19 10:28:26,438 [Thread-540] INFO  server.AuthenticationFilter (AuthenticationFilter.java:constructSecretProvider(240)) - Unable to initialize FileSignerSecretProvider, falling back to use random secrets.
2019-09-19 10:28:26,439 [Thread-540] WARN  http.HttpRequestLog (HttpRequestLog.java:getRequestLog(97)) - Jetty request log can only be enabled using Log4j
2019-09-19 10:28:26,442 [Thread-540] INFO  http.HttpServer2 (HttpServer2.java:addGlobalFilter(975)) - Added global filter 'safety' (class=org.apache.hadoop.http.HttpServer2$QuotingInputFilter)
2019-09-19 10:28:26,443 [Thread-540] INFO  http.HttpServer2 (HttpServer2.java:addFilter(948)) - Added filter static_user_filter (class=org.apache.hadoop.http.lib.StaticUserWebFilter$StaticUserFilter) to context ozoneManager
2019-09-19 10:28:26,443 [Thread-540] INFO  http.HttpServer2 (HttpServer2.java:addFilter(958)) - Added filter static_user_filter (class=org.apache.hadoop.http.lib.StaticUserWebFilter$StaticUserFilter) to context logs
2019-09-19 10:28:26,443 [Thread-540] INFO  http.HttpServer2 (HttpServer2.java:addFilter(958)) - Added filter static_user_filter (class=org.apache.hadoop.http.lib.StaticUserWebFilter$StaticUserFilter) to context static
2019-09-19 10:28:26,444 [Thread-540] INFO  http.HttpServer2 (HttpServer2.java:bindListener(1191)) - Jetty bound to port 41857
2019-09-19 10:28:26,444 [Thread-540] INFO  server.Server (Server.java:doStart(351)) - jetty-9.3.24.v20180605, build timestamp: 2018-06-05T17:11:56Z, git hash: 84205aa28f11a4f31f2a3b86d1bba2cc8ab69827
2019-09-19 10:28:26,447 [Thread-540] INFO  handler.ContextHandler (ContextHandler.java:doStart(781)) - Started o.e.j.s.ServletContextHandler@27893c2d{/logs,file:///workdir/hadoop-ozone/ozonefs/target/log,AVAILABLE}
2019-09-19 10:28:26,447 [Thread-540] INFO  handler.ContextHandler (ContextHandler.java:doStart(781)) - Started o.e.j.s.ServletContextHandler@20a27dc8{/static,jar:file:/home/user/.m2/repository/org/apache/hadoop/hadoop-ozone-ozone-manager/0.5.0-SNAPSHOT/hadoop-ozone-ozone-manager-0.5.0-SNAPSHOT.jar!/webapps/static,AVAILABLE}
2019-09-19 10:28:26,521 [Thread-540] INFO  handler.ContextHandler (ContextHandler.java:doStart(781)) - Started o.e.j.w.WebAppContext@3ae3f622{/,file:///tmp/jetty-0.0.0.0-41857-ozoneManager-_-any-4735818212923322794.dir/webapp/,AVAILABLE}{/ozoneManager}
2019-09-19 10:28:26,523 [Thread-540] INFO  server.AbstractConnector (AbstractConnector.java:doStart(278)) - Started ServerConnector@cd15032{HTTP/1.1,[http/1.1]}{0.0.0.0:41857}
2019-09-19 10:28:26,523 [Thread-540] INFO  server.Server (Server.java:doStart(419)) - Started @57632ms
2019-09-19 10:28:26,524 [Thread-540] INFO  server.BaseHttpServer (BaseHttpServer.java:updateConnectorAddress(213)) - HTTP server of OZONEMANAGER is listening at http://0.0.0.0:41857
2019-09-19 10:28:26,540 [Thread-540] INFO  impl.MetricsSystemImpl (MetricsSystemImpl.java:init(158)) - HddsDatanode metrics system started (again)
2019-09-19 10:28:26,542 [Thread-540] INFO  ozone.HddsDatanodeService (HddsDatanodeService.java:start(184)) - HddsDatanodeService host:pr-hdds-1569-cpgw4-1311585219 ip:192.168.157.204
2019-09-19 10:28:26,551 [Thread-540] INFO  volume.HddsVolume (HddsVolume.java:<init>(176)) - Creating Volume: /workdir/hadoop-ozone/ozonefs/target/test-dir/MiniOzoneClusterImpl-e7cad2d7-1ecb-4c95-8765-1dbadc3630b8/datanode-0/data/containers/hdds of  storage type : DISK and capacity : 1482555576320
2019-09-19 10:28:26,553 [Thread-540] INFO  volume.VolumeSet (VolumeSet.java:initializeVolumeSet(170)) - Added Volume : /workdir/hadoop-ozone/ozonefs/target/test-dir/MiniOzoneClusterImpl-e7cad2d7-1ecb-4c95-8765-1dbadc3630b8/datanode-0/data/containers/hdds to VolumeSet
2019-09-19 10:28:26,553 [Thread-540] INFO  volume.ThrottledAsyncChecker (ThrottledAsyncChecker.java:schedule(140)) - Scheduling a check for org.apache.hadoop.ozone.container.common.volume.HddsVolume@683ad648
2019-09-19 10:28:26,555 [Thread-540] INFO  volume.HddsVolumeChecker (HddsVolumeChecker.java:checkAllVolumes(203)) - Scheduled health check for volume org.apache.hadoop.ozone.container.common.volume.HddsVolume@683ad648
2019-09-19 10:28:26,587 [Thread-540] INFO  impl.RaftServerProxy (ConfUtils.java:logGet(43)) - raft.rpc.type = GRPC (default)
2019-09-19 10:28:26,587 [Thread-540] INFO  grpc.GrpcFactory (GrpcFactory.java:checkPooledByteBufAllocatorUseCacheForAllThreads(45)) - PERFORMANCE WARNING: useCacheForAllThreads is true that may cause Netty to create a lot garbage objects and, as a result, trigger GC.
	It is recommended to disable useCacheForAllThreads by setting -Dorg.apache.ratis.thirdparty.io.netty.allocator.useCacheForAllThreads=false in command line.
2019-09-19 10:28:26,588 [Thread-540] INFO  grpc.GrpcConfigKeys$Server (ConfUtils.java:logGet(43)) - raft.grpc.server.port = 0 (default)
2019-09-19 10:28:26,589 [Thread-540] INFO  server.GrpcService (ConfUtils.java:logGet(43)) - raft.grpc.message.size.max = 33570816 (custom)
2019-09-19 10:28:26,589 [Thread-540] INFO  server.RaftServerConfigKeys (ConfUtils.java:logGet(43)) - raft.server.log.appender.buffer.byte-limit = 33554432 (custom)
2019-09-19 10:28:26,589 [Thread-540] INFO  server.GrpcService (ConfUtils.java:logGet(43)) - raft.grpc.flow.control.window = 1MB (=1048576) (default)
2019-09-19 10:28:26,589 [Thread-540] INFO  server.RaftServerConfigKeys (ConfUtils.java:logGet(43)) - raft.server.rpc.request.timeout = 3000ms (default)
2019-09-19 10:28:26,590 [Thread-540] INFO  server.RaftServerConfigKeys (ConfUtils.java:logGet(43)) - raft.server.storage.dir = [/workdir/hadoop-ozone/ozonefs/target/test-dir/MiniOzoneClusterImpl-e7cad2d7-1ecb-4c95-8765-1dbadc3630b8/datanode-0/data/ratis] (custom)
2019-09-19 10:28:26,591 [Thread-540] INFO  replication.SimpleContainerDownloader (SimpleContainerDownloader.java:<init>(72)) - Starting container downloader service to copy containers to replicate.
2019-09-19 10:28:26,595 [Thread-540] INFO  hdfs.DFSUtil (DFSUtil.java:httpServerTemplateForNNAndJN(1641)) - Starting Web-server for hddsDatanode at: http://0.0.0.0:0
2019-09-19 10:28:26,597 [Thread-540] INFO  server.AuthenticationFilter (AuthenticationFilter.java:constructSecretProvider(240)) - Unable to initialize FileSignerSecretProvider, falling back to use random secrets.
2019-09-19 10:28:26,598 [Thread-540] WARN  http.HttpRequestLog (HttpRequestLog.java:getRequestLog(97)) - Jetty request log can only be enabled using Log4j
2019-09-19 10:28:26,601 [Thread-540] INFO  http.HttpServer2 (HttpServer2.java:addGlobalFilter(975)) - Added global filter 'safety' (class=org.apache.hadoop.http.HttpServer2$QuotingInputFilter)
2019-09-19 10:28:26,602 [Thread-540] INFO  http.HttpServer2 (HttpServer2.java:addFilter(948)) - Added filter static_user_filter (class=org.apache.hadoop.http.lib.StaticUserWebFilter$StaticUserFilter) to context hddsDatanode
2019-09-19 10:28:26,602 [Thread-540] INFO  http.HttpServer2 (HttpServer2.java:addFilter(958)) - Added filter static_user_filter (class=org.apache.hadoop.http.lib.StaticUserWebFilter$StaticUserFilter) to context static
2019-09-19 10:28:26,602 [Thread-540] INFO  http.HttpServer2 (HttpServer2.java:addFilter(958)) - Added filter static_user_filter (class=org.apache.hadoop.http.lib.StaticUserWebFilter$StaticUserFilter) to context logs
2019-09-19 10:28:26,603 [Thread-540] INFO  http.HttpServer2 (HttpServer2.java:bindListener(1191)) - Jetty bound to port 36229
2019-09-19 10:28:26,603 [Thread-540] INFO  server.Server (Server.java:doStart(351)) - jetty-9.3.24.v20180605, build timestamp: 2018-06-05T17:11:56Z, git hash: 84205aa28f11a4f31f2a3b86d1bba2cc8ab69827
2019-09-19 10:28:26,605 [Thread-540] INFO  handler.ContextHandler (ContextHandler.java:doStart(781)) - Started o.e.j.s.ServletContextHandler@4c298c95{/logs,file:///workdir/hadoop-ozone/ozonefs/target/log,AVAILABLE}
2019-09-19 10:28:26,606 [Thread-540] INFO  handler.ContextHandler (ContextHandler.java:doStart(781)) - Started o.e.j.s.ServletContextHandler@5cf3a970{/static,jar:file:/home/user/.m2/repository/org/apache/hadoop/hadoop-hdds-container-service/0.5.0-SNAPSHOT/hadoop-hdds-container-service-0.5.0-SNAPSHOT.jar!/webapps/static,AVAILABLE}
2019-09-19 10:28:26,647 [Thread-540] INFO  handler.ContextHandler (ContextHandler.java:doStart(781)) - Started o.e.j.w.WebAppContext@1e39a8f3{/,file:///tmp/jetty-0.0.0.0-36229-hddsDatanode-_-any-3556001477973462791.dir/webapp/,AVAILABLE}{/hddsDatanode}
2019-09-19 10:28:26,648 [Thread-540] INFO  server.AbstractConnector (AbstractConnector.java:doStart(278)) - Started ServerConnector@26966aa9{HTTP/1.1,[http/1.1]}{0.0.0.0:36229}
2019-09-19 10:28:26,649 [Thread-540] INFO  server.Server (Server.java:doStart(419)) - Started @57759ms
2019-09-19 10:28:26,650 [Thread-540] INFO  server.BaseHttpServer (BaseHttpServer.java:updateConnectorAddress(213)) - HTTP server of HDDSDATANODE is listening at http://0.0.0.0:36229
2019-09-19 10:28:26,788 | INFO  | ObjectStoreRestHttpServer | Listening HDDS REST traffic on /0.0.0.0:38515 |  
2019-09-19 10:28:26,789 [Thread-540] INFO  ozone.HddsDatanodeService (HddsDatanodeService.java:startPlugins(395)) - Started plug-in org.apache.hadoop.ozone.web.OzoneHddsDatanodeService@57a377e3
2019-09-19 10:28:26,789 [Thread-540] INFO  impl.MetricsSystemImpl (MetricsSystemImpl.java:init(158)) - HddsDatanode metrics system started (again)
2019-09-19 10:28:26,792 [org.apache.hadoop.util.JvmPauseMonitor$Monitor@41de3948] INFO  util.JvmPauseMonitor (JvmPauseMonitor.java:run(188)) - Starting JVM pause monitor
2019-09-19 10:28:26,792 [Thread-540] INFO  ozone.HddsDatanodeService (HddsDatanodeService.java:start(184)) - HddsDatanodeService host:pr-hdds-1569-cpgw4-1311585219 ip:192.168.157.204
2019-09-19 10:28:26,795 [Datanode State Machine Thread - 0] INFO  datanode.InitDatanodeState (InitDatanodeState.java:persistContainerDatanodeDetails(140)) - DatanodeDetails is persisted to /workdir/hadoop-ozone/ozonefs/target/test-dir/MiniOzoneClusterImpl-e7cad2d7-1ecb-4c95-8765-1dbadc3630b8/datanode-0/meta/datanode.id
2019-09-19 10:28:26,799 [Thread-540] INFO  volume.HddsVolume (HddsVolume.java:<init>(176)) - Creating Volume: /workdir/hadoop-ozone/ozonefs/target/test-dir/MiniOzoneClusterImpl-e7cad2d7-1ecb-4c95-8765-1dbadc3630b8/datanode-1/data/containers/hdds of  storage type : DISK and capacity : 1482555576320
2019-09-19 10:28:26,799 [Thread-540] INFO  volume.VolumeSet (VolumeSet.java:initializeVolumeSet(170)) - Added Volume : /workdir/hadoop-ozone/ozonefs/target/test-dir/MiniOzoneClusterImpl-e7cad2d7-1ecb-4c95-8765-1dbadc3630b8/datanode-1/data/containers/hdds to VolumeSet
2019-09-19 10:28:26,800 [Thread-540] INFO  volume.ThrottledAsyncChecker (ThrottledAsyncChecker.java:schedule(140)) - Scheduling a check for org.apache.hadoop.ozone.container.common.volume.HddsVolume@81ae065
2019-09-19 10:28:26,800 [Thread-540] INFO  volume.HddsVolumeChecker (HddsVolumeChecker.java:checkAllVolumes(203)) - Scheduled health check for volume org.apache.hadoop.ozone.container.common.volume.HddsVolume@81ae065
2019-09-19 10:28:26,821 [Thread-540] INFO  impl.RaftServerProxy (ConfUtils.java:logGet(43)) - raft.rpc.type = GRPC (default)
2019-09-19 10:28:26,822 [Thread-540] INFO  grpc.GrpcFactory (GrpcFactory.java:checkPooledByteBufAllocatorUseCacheForAllThreads(45)) - PERFORMANCE WARNING: useCacheForAllThreads is true that may cause Netty to create a lot garbage objects and, as a result, trigger GC.
	It is recommended to disable useCacheForAllThreads by setting -Dorg.apache.ratis.thirdparty.io.netty.allocator.useCacheForAllThreads=false in command line.
2019-09-19 10:28:26,822 [Thread-540] INFO  grpc.GrpcConfigKeys$Server (ConfUtils.java:logGet(43)) - raft.grpc.server.port = 0 (default)
2019-09-19 10:28:26,822 [Thread-540] INFO  server.GrpcService (ConfUtils.java:logGet(43)) - raft.grpc.message.size.max = 33570816 (custom)
2019-09-19 10:28:26,822 [Thread-540] INFO  server.RaftServerConfigKeys (ConfUtils.java:logGet(43)) - raft.server.log.appender.buffer.byte-limit = 33554432 (custom)
2019-09-19 10:28:26,822 [Thread-540] INFO  server.GrpcService (ConfUtils.java:logGet(43)) - raft.grpc.flow.control.window = 1MB (=1048576) (default)
2019-09-19 10:28:26,822 [Thread-540] INFO  server.RaftServerConfigKeys (ConfUtils.java:logGet(43)) - raft.server.rpc.request.timeout = 3000ms (default)
2019-09-19 10:28:26,823 [Thread-540] INFO  server.RaftServerConfigKeys (ConfUtils.java:logGet(43)) - raft.server.storage.dir = [/workdir/hadoop-ozone/ozonefs/target/test-dir/MiniOzoneClusterImpl-e7cad2d7-1ecb-4c95-8765-1dbadc3630b8/datanode-1/data/ratis] (custom)
2019-09-19 10:28:26,823 [Thread-540] INFO  replication.SimpleContainerDownloader (SimpleContainerDownloader.java:<init>(72)) - Starting container downloader service to copy containers to replicate.
2019-09-19 10:28:26,825 [Thread-540] INFO  hdfs.DFSUtil (DFSUtil.java:httpServerTemplateForNNAndJN(1641)) - Starting Web-server for hddsDatanode at: http://0.0.0.0:0
2019-09-19 10:28:26,826 [Thread-540] INFO  server.AuthenticationFilter (AuthenticationFilter.java:constructSecretProvider(240)) - Unable to initialize FileSignerSecretProvider, falling back to use random secrets.
2019-09-19 10:28:26,827 [Thread-540] WARN  http.HttpRequestLog (HttpRequestLog.java:getRequestLog(97)) - Jetty request log can only be enabled using Log4j
2019-09-19 10:28:26,829 [Thread-540] INFO  http.HttpServer2 (HttpServer2.java:addGlobalFilter(975)) - Added global filter 'safety' (class=org.apache.hadoop.http.HttpServer2$QuotingInputFilter)
2019-09-19 10:28:26,829 [Thread-540] INFO  http.HttpServer2 (HttpServer2.java:addFilter(948)) - Added filter static_user_filter (class=org.apache.hadoop.http.lib.StaticUserWebFilter$StaticUserFilter) to context hddsDatanode
2019-09-19 10:28:26,829 [Thread-540] INFO  http.HttpServer2 (HttpServer2.java:addFilter(958)) - Added filter static_user_filter (class=org.apache.hadoop.http.lib.StaticUserWebFilter$StaticUserFilter) to context logs
2019-09-19 10:28:26,830 [Thread-540] INFO  http.HttpServer2 (HttpServer2.java:addFilter(958)) - Added filter static_user_filter (class=org.apache.hadoop.http.lib.StaticUserWebFilter$StaticUserFilter) to context static
2019-09-19 10:28:26,830 [Thread-540] INFO  http.HttpServer2 (HttpServer2.java:bindListener(1191)) - Jetty bound to port 41198
2019-09-19 10:28:26,831 [Thread-540] INFO  server.Server (Server.java:doStart(351)) - jetty-9.3.24.v20180605, build timestamp: 2018-06-05T17:11:56Z, git hash: 84205aa28f11a4f31f2a3b86d1bba2cc8ab69827
2019-09-19 10:28:26,832 [Thread-540] INFO  handler.ContextHandler (ContextHandler.java:doStart(781)) - Started o.e.j.s.ServletContextHandler@43233d47{/logs,file:///workdir/hadoop-ozone/ozonefs/target/log,AVAILABLE}
2019-09-19 10:28:26,833 [Thread-540] INFO  handler.ContextHandler (ContextHandler.java:doStart(781)) - Started o.e.j.s.ServletContextHandler@7343ec25{/static,jar:file:/home/user/.m2/repository/org/apache/hadoop/hadoop-hdds-container-service/0.5.0-SNAPSHOT/hadoop-hdds-container-service-0.5.0-SNAPSHOT.jar!/webapps/static,AVAILABLE}
2019-09-19 10:28:26,861 [Thread-540] INFO  handler.ContextHandler (ContextHandler.java:doStart(781)) - Started o.e.j.w.WebAppContext@1ba9cff2{/,file:///tmp/jetty-0.0.0.0-41198-hddsDatanode-_-any-5403056813976727110.dir/webapp/,AVAILABLE}{/hddsDatanode}
2019-09-19 10:28:26,862 [Thread-540] INFO  server.AbstractConnector (AbstractConnector.java:doStart(278)) - Started ServerConnector@7bd43318{HTTP/1.1,[http/1.1]}{0.0.0.0:41198}
2019-09-19 10:28:26,862 [Thread-540] INFO  server.Server (Server.java:doStart(419)) - Started @57971ms
2019-09-19 10:28:26,863 [Thread-540] INFO  server.BaseHttpServer (BaseHttpServer.java:updateConnectorAddress(213)) - HTTP server of HDDSDATANODE is listening at http://0.0.0.0:41198
2019-09-19 10:28:27,052 | INFO  | ObjectStoreRestHttpServer | Listening HDDS REST traffic on /0.0.0.0:35177 |  
2019-09-19 10:28:27,053 [Thread-540] INFO  ozone.HddsDatanodeService (HddsDatanodeService.java:startPlugins(395)) - Started plug-in org.apache.hadoop.ozone.web.OzoneHddsDatanodeService@35317bd4
2019-09-19 10:28:27,053 [Thread-540] INFO  impl.MetricsSystemImpl (MetricsSystemImpl.java:init(158)) - HddsDatanode metrics system started (again)
2019-09-19 10:28:27,057 [org.apache.hadoop.util.JvmPauseMonitor$Monitor@2ab7bafb] INFO  util.JvmPauseMonitor (JvmPauseMonitor.java:run(188)) - Starting JVM pause monitor
2019-09-19 10:28:27,058 [Thread-540] INFO  ozone.HddsDatanodeService (HddsDatanodeService.java:start(184)) - HddsDatanodeService host:pr-hdds-1569-cpgw4-1311585219 ip:192.168.157.204
2019-09-19 10:28:27,061 [Datanode State Machine Thread - 0] INFO  datanode.InitDatanodeState (InitDatanodeState.java:persistContainerDatanodeDetails(140)) - DatanodeDetails is persisted to /workdir/hadoop-ozone/ozonefs/target/test-dir/MiniOzoneClusterImpl-e7cad2d7-1ecb-4c95-8765-1dbadc3630b8/datanode-1/meta/datanode.id
2019-09-19 10:28:27,065 [Thread-540] INFO  volume.HddsVolume (HddsVolume.java:<init>(176)) - Creating Volume: /workdir/hadoop-ozone/ozonefs/target/test-dir/MiniOzoneClusterImpl-e7cad2d7-1ecb-4c95-8765-1dbadc3630b8/datanode-2/data/containers/hdds of  storage type : DISK and capacity : 1482555576320
2019-09-19 10:28:27,065 [Thread-540] INFO  volume.VolumeSet (VolumeSet.java:initializeVolumeSet(170)) - Added Volume : /workdir/hadoop-ozone/ozonefs/target/test-dir/MiniOzoneClusterImpl-e7cad2d7-1ecb-4c95-8765-1dbadc3630b8/datanode-2/data/containers/hdds to VolumeSet
2019-09-19 10:28:27,065 [Thread-540] INFO  volume.ThrottledAsyncChecker (ThrottledAsyncChecker.java:schedule(140)) - Scheduling a check for org.apache.hadoop.ozone.container.common.volume.HddsVolume@257d5b4b
2019-09-19 10:28:27,066 [Thread-540] INFO  volume.HddsVolumeChecker (HddsVolumeChecker.java:checkAllVolumes(203)) - Scheduled health check for volume org.apache.hadoop.ozone.container.common.volume.HddsVolume@257d5b4b
2019-09-19 10:28:27,092 [Thread-540] INFO  impl.RaftServerProxy (ConfUtils.java:logGet(43)) - raft.rpc.type = GRPC (default)
2019-09-19 10:28:27,092 [Thread-540] INFO  grpc.GrpcFactory (GrpcFactory.java:checkPooledByteBufAllocatorUseCacheForAllThreads(45)) - PERFORMANCE WARNING: useCacheForAllThreads is true that may cause Netty to create a lot garbage objects and, as a result, trigger GC.
	It is recommended to disable useCacheForAllThreads by setting -Dorg.apache.ratis.thirdparty.io.netty.allocator.useCacheForAllThreads=false in command line.
2019-09-19 10:28:27,092 [Thread-540] INFO  grpc.GrpcConfigKeys$Server (ConfUtils.java:logGet(43)) - raft.grpc.server.port = 0 (default)
2019-09-19 10:28:27,093 [Thread-540] INFO  server.GrpcService (ConfUtils.java:logGet(43)) - raft.grpc.message.size.max = 33570816 (custom)
2019-09-19 10:28:27,093 [Thread-540] INFO  server.RaftServerConfigKeys (ConfUtils.java:logGet(43)) - raft.server.log.appender.buffer.byte-limit = 33554432 (custom)
2019-09-19 10:28:27,093 [Thread-540] INFO  server.GrpcService (ConfUtils.java:logGet(43)) - raft.grpc.flow.control.window = 1MB (=1048576) (default)
2019-09-19 10:28:27,093 [Thread-540] INFO  server.RaftServerConfigKeys (ConfUtils.java:logGet(43)) - raft.server.rpc.request.timeout = 3000ms (default)
2019-09-19 10:28:27,094 [Thread-540] INFO  server.RaftServerConfigKeys (ConfUtils.java:logGet(43)) - raft.server.storage.dir = [/workdir/hadoop-ozone/ozonefs/target/test-dir/MiniOzoneClusterImpl-e7cad2d7-1ecb-4c95-8765-1dbadc3630b8/datanode-2/data/ratis] (custom)
2019-09-19 10:28:27,095 [Thread-540] INFO  replication.SimpleContainerDownloader (SimpleContainerDownloader.java:<init>(72)) - Starting container downloader service to copy containers to replicate.
2019-09-19 10:28:27,096 [Thread-540] INFO  hdfs.DFSUtil (DFSUtil.java:httpServerTemplateForNNAndJN(1641)) - Starting Web-server for hddsDatanode at: http://0.0.0.0:0
2019-09-19 10:28:27,099 [Thread-540] INFO  server.AuthenticationFilter (AuthenticationFilter.java:constructSecretProvider(240)) - Unable to initialize FileSignerSecretProvider, falling back to use random secrets.
2019-09-19 10:28:27,100 [Thread-540] WARN  http.HttpRequestLog (HttpRequestLog.java:getRequestLog(97)) - Jetty request log can only be enabled using Log4j
2019-09-19 10:28:27,102 [Thread-540] INFO  http.HttpServer2 (HttpServer2.java:addGlobalFilter(975)) - Added global filter 'safety' (class=org.apache.hadoop.http.HttpServer2$QuotingInputFilter)
2019-09-19 10:28:27,102 [Thread-540] INFO  http.HttpServer2 (HttpServer2.java:addFilter(948)) - Added filter static_user_filter (class=org.apache.hadoop.http.lib.StaticUserWebFilter$StaticUserFilter) to context hddsDatanode
2019-09-19 10:28:27,103 [Thread-540] INFO  http.HttpServer2 (HttpServer2.java:addFilter(958)) - Added filter static_user_filter (class=org.apache.hadoop.http.lib.StaticUserWebFilter$StaticUserFilter) to context static
2019-09-19 10:28:27,103 [Thread-540] INFO  http.HttpServer2 (HttpServer2.java:addFilter(958)) - Added filter static_user_filter (class=org.apache.hadoop.http.lib.StaticUserWebFilter$StaticUserFilter) to context logs
2019-09-19 10:28:27,103 [Thread-540] INFO  http.HttpServer2 (HttpServer2.java:bindListener(1191)) - Jetty bound to port 45885
2019-09-19 10:28:27,104 [Thread-540] INFO  server.Server (Server.java:doStart(351)) - jetty-9.3.24.v20180605, build timestamp: 2018-06-05T17:11:56Z, git hash: 84205aa28f11a4f31f2a3b86d1bba2cc8ab69827
2019-09-19 10:28:27,105 [Thread-540] INFO  handler.ContextHandler (ContextHandler.java:doStart(781)) - Started o.e.j.s.ServletContextHandler@21d54fca{/logs,file:///workdir/hadoop-ozone/ozonefs/target/log,AVAILABLE}
2019-09-19 10:28:27,105 [Thread-540] INFO  handler.ContextHandler (ContextHandler.java:doStart(781)) - Started o.e.j.s.ServletContextHandler@33f7b942{/static,jar:file:/home/user/.m2/repository/org/apache/hadoop/hadoop-hdds-container-service/0.5.0-SNAPSHOT/hadoop-hdds-container-service-0.5.0-SNAPSHOT.jar!/webapps/static,AVAILABLE}
2019-09-19 10:28:27,133 [Thread-540] INFO  handler.ContextHandler (ContextHandler.java:doStart(781)) - Started o.e.j.w.WebAppContext@24045f13{/,file:///tmp/jetty-0.0.0.0-45885-hddsDatanode-_-any-5751132973917952214.dir/webapp/,AVAILABLE}{/hddsDatanode}
2019-09-19 10:28:27,133 [Thread-540] INFO  server.AbstractConnector (AbstractConnector.java:doStart(278)) - Started ServerConnector@436135de{HTTP/1.1,[http/1.1]}{0.0.0.0:45885}
2019-09-19 10:28:27,134 [Thread-540] INFO  server.Server (Server.java:doStart(419)) - Started @58244ms
2019-09-19 10:28:27,135 [Thread-540] INFO  server.BaseHttpServer (BaseHttpServer.java:updateConnectorAddress(213)) - HTTP server of HDDSDATANODE is listening at http://0.0.0.0:45885
2019-09-19 10:28:27,301 | INFO  | ObjectStoreRestHttpServer | Listening HDDS REST traffic on /0.0.0.0:33208 |  
2019-09-19 10:28:27,301 [Thread-540] INFO  ozone.HddsDatanodeService (HddsDatanodeService.java:startPlugins(395)) - Started plug-in org.apache.hadoop.ozone.web.OzoneHddsDatanodeService@38d3aaf4
2019-09-19 10:28:27,301 [Thread-540] INFO  ozone.MiniOzoneClusterImpl (MiniOzoneClusterImpl.java:lambda$waitForClusterToBeReady$0(142)) - Waiting for cluster to be ready. Got 0 of 3 DN Heartbeats.
2019-09-19 10:28:27,303 [org.apache.hadoop.util.JvmPauseMonitor$Monitor@7e54598b] INFO  util.JvmPauseMonitor (JvmPauseMonitor.java:run(188)) - Starting JVM pause monitor
2019-09-19 10:28:27,305 [Datanode State Machine Thread - 0] INFO  datanode.InitDatanodeState (InitDatanodeState.java:persistContainerDatanodeDetails(140)) - DatanodeDetails is persisted to /workdir/hadoop-ozone/ozonefs/target/test-dir/MiniOzoneClusterImpl-e7cad2d7-1ecb-4c95-8765-1dbadc3630b8/datanode-2/meta/datanode.id
2019-09-19 10:28:28,302 [Thread-540] INFO  ozone.MiniOzoneClusterImpl (MiniOzoneClusterImpl.java:lambda$waitForClusterToBeReady$0(142)) - Waiting for cluster to be ready. Got 0 of 3 DN Heartbeats.
2019-09-19 10:28:28,796 | INFO  | SCMAudit | user=jenkins1000 | ip=192.168.157.204 | op=GET_VERSION null | ret=SUCCESS |  
2019-09-19 10:28:28,811 [Datanode State Machine Thread - 0] INFO  ozoneimpl.OzoneContainer (OzoneContainer.java:start(186)) - Attempting to start container services.
2019-09-19 10:28:28,811 [Datanode State Machine Thread - 0] INFO  ozoneimpl.OzoneContainer (OzoneContainer.java:startContainerScrub(160)) - Background container scrubber has been disabled by hdds.containerscrub.enabled
2019-09-19 10:28:28,811 [Datanode State Machine Thread - 0] INFO  ratis.XceiverServerRatis (XceiverServerRatis.java:start(404)) - Starting XceiverServerRatis a8d7ae7c-be33-4d4e-8089-c7ad9fcb54a5 at port 0
2019-09-19 10:28:28,817 [Datanode State Machine Thread - 0] INFO  impl.RaftServerProxy (RaftServerProxy.java:lambda$start$3(299)) - a8d7ae7c-be33-4d4e-8089-c7ad9fcb54a5: start RPC server
2019-09-19 10:28:28,819 [Datanode State Machine Thread - 0] INFO  server.GrpcService (GrpcService.java:startImpl(149)) - a8d7ae7c-be33-4d4e-8089-c7ad9fcb54a5: GrpcService started, listening on 0.0.0.0/0.0.0.0:36207
2019-09-19 10:28:28,819 [Datanode State Machine Thread - 0] INFO  ratis.XceiverServerRatis (XceiverServerRatis.java:start(414)) - XceiverServerRatis a8d7ae7c-be33-4d4e-8089-c7ad9fcb54a5 is started using port 36207
2019-09-19 10:28:28,820 [Datanode State Machine Thread - 0] INFO  server.XceiverServerGrpc (XceiverServerGrpc.java:start(163)) - XceiverServerGrpc a8d7ae7c-be33-4d4e-8089-c7ad9fcb54a5 is started using port 35546
2019-09-19 10:28:29,060 | INFO  | SCMAudit | user=jenkins1000 | ip=192.168.157.204 | op=GET_VERSION null | ret=SUCCESS |  
2019-09-19 10:28:29,302 [Thread-540] INFO  ozone.MiniOzoneClusterImpl (MiniOzoneClusterImpl.java:lambda$waitForClusterToBeReady$0(142)) - Waiting for cluster to be ready. Got 0 of 3 DN Heartbeats.
2019-09-19 10:28:29,304 [Datanode State Machine Thread - 0] INFO  ozoneimpl.OzoneContainer (OzoneContainer.java:start(186)) - Attempting to start container services.
2019-09-19 10:28:29,304 [Datanode State Machine Thread - 0] INFO  ozoneimpl.OzoneContainer (OzoneContainer.java:startContainerScrub(160)) - Background container scrubber has been disabled by hdds.containerscrub.enabled
2019-09-19 10:28:29,304 | INFO  | SCMAudit | user=jenkins1000 | ip=192.168.157.204 | op=GET_VERSION null | ret=SUCCESS |  
2019-09-19 10:28:29,304 [Datanode State Machine Thread - 0] INFO  ratis.XceiverServerRatis (XceiverServerRatis.java:start(404)) - Starting XceiverServerRatis 9646113d-e532-4156-a8e1-296dca7fce7b at port 0
2019-09-19 10:28:29,313 [Datanode State Machine Thread - 0] INFO  impl.RaftServerProxy (RaftServerProxy.java:lambda$start$3(299)) - 9646113d-e532-4156-a8e1-296dca7fce7b: start RPC server
2019-09-19 10:28:29,314 [Datanode State Machine Thread - 0] INFO  server.GrpcService (GrpcService.java:startImpl(149)) - 9646113d-e532-4156-a8e1-296dca7fce7b: GrpcService started, listening on 0.0.0.0/0.0.0.0:38753
2019-09-19 10:28:29,314 [Datanode State Machine Thread - 0] INFO  ratis.XceiverServerRatis (XceiverServerRatis.java:start(414)) - XceiverServerRatis 9646113d-e532-4156-a8e1-296dca7fce7b is started using port 38753
2019-09-19 10:28:29,320 [Datanode State Machine Thread - 0] INFO  server.XceiverServerGrpc (XceiverServerGrpc.java:start(163)) - XceiverServerGrpc 9646113d-e532-4156-a8e1-296dca7fce7b is started using port 39485
2019-09-19 10:28:29,517 [Datanode State Machine Thread - 0] INFO  ozoneimpl.OzoneContainer (OzoneContainer.java:start(186)) - Attempting to start container services.
2019-09-19 10:28:29,517 [Datanode State Machine Thread - 0] INFO  ozoneimpl.OzoneContainer (OzoneContainer.java:startContainerScrub(160)) - Background container scrubber has been disabled by hdds.containerscrub.enabled
2019-09-19 10:28:29,517 [Datanode State Machine Thread - 0] INFO  ratis.XceiverServerRatis (XceiverServerRatis.java:start(404)) - Starting XceiverServerRatis a9be3d64-f69e-4a94-baf4-3c0042568077 at port 0
2019-09-19 10:28:29,525 [Datanode State Machine Thread - 0] INFO  impl.RaftServerProxy (RaftServerProxy.java:lambda$start$3(299)) - a9be3d64-f69e-4a94-baf4-3c0042568077: start RPC server
2019-09-19 10:28:29,526 [Datanode State Machine Thread - 0] INFO  server.GrpcService (GrpcService.java:startImpl(149)) - a9be3d64-f69e-4a94-baf4-3c0042568077: GrpcService started, listening on 0.0.0.0/0.0.0.0:36829
2019-09-19 10:28:29,526 [Datanode State Machine Thread - 0] INFO  ratis.XceiverServerRatis (XceiverServerRatis.java:start(414)) - XceiverServerRatis a9be3d64-f69e-4a94-baf4-3c0042568077 is started using port 36829
2019-09-19 10:28:29,527 [Datanode State Machine Thread - 0] INFO  server.XceiverServerGrpc (XceiverServerGrpc.java:start(163)) - XceiverServerGrpc a9be3d64-f69e-4a94-baf4-3c0042568077 is started using port 45849
2019-09-19 10:28:30,303 [Thread-540] INFO  ozone.MiniOzoneClusterImpl (MiniOzoneClusterImpl.java:lambda$waitForClusterToBeReady$0(142)) - Waiting for cluster to be ready. Got 0 of 3 DN Heartbeats.
2019-09-19 10:28:30,796 [IPC Server handler 2 on 40610] INFO  net.NetworkTopology (NetworkTopologyImpl.java:add(110)) - Added a new node: /default-rack/a8d7ae7c-be33-4d4e-8089-c7ad9fcb54a5
2019-09-19 10:28:30,798 [IPC Server handler 2 on 40610] INFO  node.SCMNodeManager (SCMNodeManager.java:register(273)) - Registered Data node : a8d7ae7c-be33-4d4e-8089-c7ad9fcb54a5{ip: 192.168.157.204, host: pr-hdds-1569-cpgw4-1311585219, networkLocation: /default-rack, certSerialId: null}
2019-09-19 10:28:30,799 [EventQueue-NodeRegistrationContainerReportForDataNodeSafeModeRule] INFO  safemode.SCMSafeModeManager (DataNodeSafeModeRule.java:process(71)) - SCM in safe mode. 1 DataNodes registered, 1 required.
2019-09-19 10:28:30,802 [EventQueue-NodeRegistrationContainerReportForDataNodeSafeModeRule] INFO  safemode.SCMSafeModeManager (SCMSafeModeManager.java:validateSafeModeExitRules(177)) - ScmSafeModeManager, all rules are successfully validated
2019-09-19 10:28:30,803 [EventQueue-NodeRegistrationContainerReportForDataNodeSafeModeRule] INFO  safemode.SCMSafeModeManager (SCMSafeModeManager.java:exitSafeMode(193)) - SCM exiting safe mode.
2019-09-19 10:28:30,803 | INFO  | SCMAudit | user=jenkins1000 | ip=192.168.157.204 | op=REGISTER {datanodeDetails=a8d7ae7c-be33-4d4e-8089-c7ad9fcb54a5{ip: 192.168.157.204, host: pr-hdds-1569-cpgw4-1311585219, networkLocation: /default-rack, certSerialId: null}} | ret=SUCCESS |  
2019-09-19 10:28:30,826 [grpc-default-executor-0] INFO  impl.RaftServerProxy (RaftServerProxy.java:addNew(89)) - a8d7ae7c-be33-4d4e-8089-c7ad9fcb54a5: addNew group-957A1C0D4C92:[a8d7ae7c-be33-4d4e-8089-c7ad9fcb54a5:192.168.157.204:36207] returns group-957A1C0D4C92:java.util.concurrent.CompletableFuture@6983e2e0[Not completed]
2019-09-19 10:28:30,828 [pool-133-thread-1] INFO  impl.RaftServerImpl (RaftServerImpl.java:<init>(93)) - a8d7ae7c-be33-4d4e-8089-c7ad9fcb54a5: new RaftServerImpl for group-957A1C0D4C92:[a8d7ae7c-be33-4d4e-8089-c7ad9fcb54a5:192.168.157.204:36207] with ContainerStateMachine:uninitialized
2019-09-19 10:28:30,828 [pool-133-thread-1] INFO  server.RaftServerConfigKeys (ConfUtils.java:logGet(43)) - raft.server.rpc.timeout.min = 5s (custom)
2019-09-19 10:28:30,829 [pool-133-thread-1] INFO  server.RaftServerConfigKeys (ConfUtils.java:logGet(43)) - raft.server.rpc.timeout.max = 5200ms (custom)
2019-09-19 10:28:30,829 [pool-133-thread-1] INFO  server.RaftServerConfigKeys (ConfUtils.java:logGet(43)) - raft.server.rpcslowness.timeout = 120s (custom)
2019-09-19 10:28:30,829 [pool-133-thread-1] INFO  server.RaftServerConfigKeys (ConfUtils.java:logGet(43)) - raft.server.sleep.deviation.threshold = 300 (default)
2019-09-19 10:28:30,829 [pool-133-thread-1] INFO  server.RaftServerConfigKeys (ConfUtils.java:logGet(43)) - raft.server.log.appender.install.snapshot.enabled = false (custom)
2019-09-19 10:28:30,829 [pool-133-thread-1] INFO  impl.RaftServerImpl (ServerState.java:<init>(105)) - a8d7ae7c-be33-4d4e-8089-c7ad9fcb54a5:group-957A1C0D4C92 ConfigurationManager, init=-1: [a8d7ae7c-be33-4d4e-8089-c7ad9fcb54a5:192.168.157.204:36207], old=null, confs=<EMPTY_MAP>
2019-09-19 10:28:30,829 [pool-133-thread-1] INFO  server.RaftServerConfigKeys (ConfUtils.java:logGet(43)) - raft.server.storage.dir = [/workdir/hadoop-ozone/ozonefs/target/test-dir/MiniOzoneClusterImpl-e7cad2d7-1ecb-4c95-8765-1dbadc3630b8/datanode-0/data/ratis] (custom)
2019-09-19 10:28:30,830 [pool-133-thread-1] INFO  storage.RaftStorageDirectory (RaftStorageDirectory.java:analyzeStorage(246)) - The storage directory /workdir/hadoop-ozone/ozonefs/target/test-dir/MiniOzoneClusterImpl-e7cad2d7-1ecb-4c95-8765-1dbadc3630b8/datanode-0/data/ratis/63af8f66-230c-417a-96c5-957a1c0d4c92 does not exist. Creating ...
2019-09-19 10:28:30,843 [pool-133-thread-1] INFO  storage.RaftStorageDirectory (RaftStorageDirectory.java:tryLock(328)) - Lock on /workdir/hadoop-ozone/ozonefs/target/test-dir/MiniOzoneClusterImpl-e7cad2d7-1ecb-4c95-8765-1dbadc3630b8/datanode-0/data/ratis/63af8f66-230c-417a-96c5-957a1c0d4c92/in_use.lock acquired by nodename 28323@pr-hdds-1569-cpgw4-1311585219
2019-09-19 10:28:30,857 [pool-133-thread-1] INFO  storage.RaftStorage (RaftStorage.java:format(72)) - Storage directory /workdir/hadoop-ozone/ozonefs/target/test-dir/MiniOzoneClusterImpl-e7cad2d7-1ecb-4c95-8765-1dbadc3630b8/datanode-0/data/ratis/63af8f66-230c-417a-96c5-957a1c0d4c92 has been successfully formatted.
2019-09-19 10:28:30,858 [pool-133-thread-1] INFO  ratis.ContainerStateMachine (ContainerStateMachine.java:loadSnapshot(226)) - group-957A1C0D4C92: The snapshot info is null. Setting the last applied indexto:(t:0, i:~)
2019-09-19 10:28:30,858 [pool-133-thread-1] INFO  server.RaftServerConfigKeys (ConfUtils.java:logGet(43)) - raft.server.leader.election.timeout = 120s (custom)
2019-09-19 10:28:30,858 [pool-133-thread-1] INFO  server.RaftServerConfigKeys (ConfUtils.java:logGet(43)) - raft.server.log.use.memory = false (default)
2019-09-19 10:28:30,858 [pool-133-thread-1] INFO  server.RaftServerConfigKeys (ConfUtils.java:logGet(43)) - raft.server.log.purge.gap = 1000000 (custom)
2019-09-19 10:28:30,859 [pool-133-thread-1] INFO  server.RaftServerConfigKeys (ConfUtils.java:logGet(43)) - raft.server.log.appender.buffer.byte-limit = 33554432 (custom)
2019-09-19 10:28:30,859 [pool-133-thread-1] INFO  server.RaftServerConfigKeys (ConfUtils.java:logGet(43)) - raft.server.log.segment.size.max = 1048576 (custom)
2019-09-19 10:28:30,859 [pool-133-thread-1] INFO  server.RaftServerConfigKeys (ConfUtils.java:logGet(43)) - raft.server.log.segment.cache.num.max = 2 (custom)
2019-09-19 10:28:30,859 [pool-133-thread-1] INFO  segmented.SegmentedRaftLogWorker (SegmentedRaftLogWorker.java:<init>(172)) - new a8d7ae7c-be33-4d4e-8089-c7ad9fcb54a5-SegmentedRaftLogWorker:Storage Directory /workdir/hadoop-ozone/ozonefs/target/test-dir/MiniOzoneClusterImpl-e7cad2d7-1ecb-4c95-8765-1dbadc3630b8/datanode-0/data/ratis/63af8f66-230c-417a-96c5-957a1c0d4c92 for RaftStorage:Storage Directory /workdir/hadoop-ozone/ozonefs/target/test-dir/MiniOzoneClusterImpl-e7cad2d7-1ecb-4c95-8765-1dbadc3630b8/datanode-0/data/ratis/63af8f66-230c-417a-96c5-957a1c0d4c92
2019-09-19 10:28:30,859 [pool-133-thread-1] INFO  server.RaftServerConfigKeys (ConfUtils.java:logGet(43)) - raft.server.log.queue.byte-limit = 2147483647 (custom)
2019-09-19 10:28:30,859 [pool-133-thread-1] INFO  server.RaftServerConfigKeys (ConfUtils.java:logGet(43)) - raft.server.log.queue.element-limit = 1024 (custom)
2019-09-19 10:28:30,860 [pool-133-thread-1] INFO  server.RaftServerConfigKeys (ConfUtils.java:logGet(43)) - raft.server.log.segment.size.max = 1048576 (custom)
2019-09-19 10:28:30,860 [pool-133-thread-1] INFO  server.RaftServerConfigKeys (ConfUtils.java:logGet(43)) - raft.server.log.preallocated.size = 16384 (custom)
2019-09-19 10:28:30,860 [pool-133-thread-1] INFO  server.RaftServerConfigKeys (ConfUtils.java:logGet(43)) - raft.server.log.write.buffer.size = 33554432 (custom)
2019-09-19 10:28:30,860 [pool-133-thread-1] INFO  server.RaftServerConfigKeys (ConfUtils.java:logGet(43)) - raft.server.log.force.sync.num = 128 (default)
2019-09-19 10:28:30,860 [pool-133-thread-1] INFO  server.RaftServerConfigKeys (ConfUtils.java:logGet(43)) - raft.server.log.statemachine.data.sync = true (default)
2019-09-19 10:28:30,861 [pool-133-thread-1] INFO  server.RaftServerConfigKeys (ConfUtils.java:logGet(43)) - raft.server.log.statemachine.data.sync.timeout = 10s (default)
2019-09-19 10:28:30,861 [pool-133-thread-1] INFO  server.RaftServerConfigKeys (ConfUtils.java:logGet(43)) - raft.server.log.statemachine.data.sync.timeout.retry = -1 (default)
2019-09-19 10:28:30,861 [pool-133-thread-1] INFO  server.RaftServerConfigKeys (ConfUtils.java:logGet(43)) - raft.server.log.statemachine.data.caching.enabled = true (custom)
2019-09-19 10:28:30,861 [pool-133-thread-1] INFO  segmented.SegmentedRaftLogWorker (SegmentedRaftLogWorker.java:lambda$new$0(132)) - a8d7ae7c-be33-4d4e-8089-c7ad9fcb54a5-SegmentedRaftLogWorker:Storage Directory /workdir/hadoop-ozone/ozonefs/target/test-dir/MiniOzoneClusterImpl-e7cad2d7-1ecb-4c95-8765-1dbadc3630b8/datanode-0/data/ratis/63af8f66-230c-417a-96c5-957a1c0d4c92: flushIndex: setUnconditionally 0 -> -1
2019-09-19 10:28:30,862 [pool-133-thread-1] INFO  server.RaftServerConfigKeys (ConfUtils.java:logGet(43)) - raft.server.snapshot.auto.trigger.enabled = true (custom)
2019-09-19 10:28:30,862 [pool-133-thread-1] INFO  server.RaftServerConfigKeys (ConfUtils.java:logGet(43)) - raft.server.snapshot.auto.trigger.threshold = 10000 (custom)
2019-09-19 10:28:30,862 [pool-133-thread-1] INFO  server.RaftServerConfigKeys (ConfUtils.java:logGet(43)) - raft.server.retrycache.expirytime = 600000ms (custom)
2019-09-19 10:28:30,863 [pool-133-thread-1] INFO  impl.RaftServerImpl (RaftServerImpl.java:start(180)) - a8d7ae7c-be33-4d4e-8089-c7ad9fcb54a5: start group-957A1C0D4C92
2019-09-19 10:28:30,863 [pool-133-thread-1] INFO  impl.RaftServerImpl (RaftServerImpl.java:setRole(171)) - a8d7ae7c-be33-4d4e-8089-c7ad9fcb54a5:group-957A1C0D4C92 changes role from null to FOLLOWER at term 0 for startAsFollower
2019-09-19 10:28:30,863 [pool-133-thread-1] INFO  impl.RoleInfo (RoleInfo.java:updateAndGet(143)) - a8d7ae7c-be33-4d4e-8089-c7ad9fcb54a5: start FollowerState
2019-09-19 10:28:30,863 [pool-133-thread-1] INFO  util.JmxRegister (JmxRegister.java:tryRegister(44)) - Successfully registered JMX Bean with object name Ratis:service=RaftServer,group=group-957A1C0D4C92,id=a8d7ae7c-be33-4d4e-8089-c7ad9fcb54a5
2019-09-19 10:28:30,872 [RatisPipelineUtilsThread] INFO  pipeline.PipelineStateManager (PipelineStateManager.java:addPipeline(56)) - Created pipeline Pipeline[ Id: 63af8f66-230c-417a-96c5-957a1c0d4c92, Nodes: a8d7ae7c-be33-4d4e-8089-c7ad9fcb54a5{ip: 192.168.157.204, host: pr-hdds-1569-cpgw4-1311585219, networkLocation: /default-rack, certSerialId: null}, Type:RATIS, Factor:ONE, State:OPEN]
2019-09-19 10:28:30,882 [grpc-default-executor-0] INFO  impl.RaftServerProxy (RaftServerProxy.java:addNew(89)) - a8d7ae7c-be33-4d4e-8089-c7ad9fcb54a5: addNew group-F386F130056B:[a8d7ae7c-be33-4d4e-8089-c7ad9fcb54a5:192.168.157.204:36207] returns group-F386F130056B:java.util.concurrent.CompletableFuture@5820ef9d[Not completed]
2019-09-19 10:28:30,883 [pool-133-thread-1] INFO  impl.RaftServerImpl (RaftServerImpl.java:<init>(93)) - a8d7ae7c-be33-4d4e-8089-c7ad9fcb54a5: new RaftServerImpl for group-F386F130056B:[a8d7ae7c-be33-4d4e-8089-c7ad9fcb54a5:192.168.157.204:36207] with ContainerStateMachine:uninitialized
2019-09-19 10:28:30,883 [pool-133-thread-1] INFO  server.RaftServerConfigKeys (ConfUtils.java:logGet(43)) - raft.server.rpc.timeout.min = 5s (custom)
2019-09-19 10:28:30,884 [pool-133-thread-1] INFO  server.RaftServerConfigKeys (ConfUtils.java:logGet(43)) - raft.server.rpc.timeout.max = 5200ms (custom)
2019-09-19 10:28:30,884 [pool-133-thread-1] INFO  server.RaftServerConfigKeys (ConfUtils.java:logGet(43)) - raft.server.rpcslowness.timeout = 120s (custom)
2019-09-19 10:28:30,884 [pool-133-thread-1] INFO  server.RaftServerConfigKeys (ConfUtils.java:logGet(43)) - raft.server.sleep.deviation.threshold = 300 (default)
2019-09-19 10:28:30,884 [pool-133-thread-1] INFO  server.RaftServerConfigKeys (ConfUtils.java:logGet(43)) - raft.server.log.appender.install.snapshot.enabled = false (custom)
2019-09-19 10:28:30,884 [pool-133-thread-1] INFO  impl.RaftServerImpl (ServerState.java:<init>(105)) - a8d7ae7c-be33-4d4e-8089-c7ad9fcb54a5:group-F386F130056B ConfigurationManager, init=-1: [a8d7ae7c-be33-4d4e-8089-c7ad9fcb54a5:192.168.157.204:36207], old=null, confs=<EMPTY_MAP>
2019-09-19 10:28:30,884 [pool-133-thread-1] INFO  server.RaftServerConfigKeys (ConfUtils.java:logGet(43)) - raft.server.storage.dir = [/workdir/hadoop-ozone/ozonefs/target/test-dir/MiniOzoneClusterImpl-e7cad2d7-1ecb-4c95-8765-1dbadc3630b8/datanode-0/data/ratis] (custom)
2019-09-19 10:28:30,885 [pool-133-thread-1] INFO  storage.RaftStorageDirectory (RaftStorageDirectory.java:analyzeStorage(246)) - The storage directory /workdir/hadoop-ozone/ozonefs/target/test-dir/MiniOzoneClusterImpl-e7cad2d7-1ecb-4c95-8765-1dbadc3630b8/datanode-0/data/ratis/2c15f3ac-9054-442f-82b4-f386f130056b does not exist. Creating ...
2019-09-19 10:28:30,897 [pool-133-thread-1] INFO  storage.RaftStorageDirectory (RaftStorageDirectory.java:tryLock(328)) - Lock on /workdir/hadoop-ozone/ozonefs/target/test-dir/MiniOzoneClusterImpl-e7cad2d7-1ecb-4c95-8765-1dbadc3630b8/datanode-0/data/ratis/2c15f3ac-9054-442f-82b4-f386f130056b/in_use.lock acquired by nodename 28323@pr-hdds-1569-cpgw4-1311585219
2019-09-19 10:28:30,910 [pool-133-thread-1] INFO  storage.RaftStorage (RaftStorage.java:format(72)) - Storage directory /workdir/hadoop-ozone/ozonefs/target/test-dir/MiniOzoneClusterImpl-e7cad2d7-1ecb-4c95-8765-1dbadc3630b8/datanode-0/data/ratis/2c15f3ac-9054-442f-82b4-f386f130056b has been successfully formatted.
2019-09-19 10:28:30,910 [pool-133-thread-1] INFO  ratis.ContainerStateMachine (ContainerStateMachine.java:loadSnapshot(226)) - group-F386F130056B: The snapshot info is null. Setting the last applied indexto:(t:0, i:~)
2019-09-19 10:28:30,910 [pool-133-thread-1] INFO  server.RaftServerConfigKeys (ConfUtils.java:logGet(43)) - raft.server.leader.election.timeout = 120s (custom)
2019-09-19 10:28:30,910 [pool-133-thread-1] INFO  server.RaftServerConfigKeys (ConfUtils.java:logGet(43)) - raft.server.log.use.memory = false (default)
2019-09-19 10:28:30,910 [pool-133-thread-1] INFO  server.RaftServerConfigKeys (ConfUtils.java:logGet(43)) - raft.server.log.purge.gap = 1000000 (custom)
2019-09-19 10:28:30,911 [pool-133-thread-1] INFO  server.RaftServerConfigKeys (ConfUtils.java:logGet(43)) - raft.server.log.appender.buffer.byte-limit = 33554432 (custom)
2019-09-19 10:28:30,911 [pool-133-thread-1] INFO  server.RaftServerConfigKeys (ConfUtils.java:logGet(43)) - raft.server.log.segment.size.max = 1048576 (custom)
2019-09-19 10:28:30,911 [pool-133-thread-1] INFO  server.RaftServerConfigKeys (ConfUtils.java:logGet(43)) - raft.server.log.segment.cache.num.max = 2 (custom)
2019-09-19 10:28:30,911 [pool-133-thread-1] INFO  segmented.SegmentedRaftLogWorker (SegmentedRaftLogWorker.java:<init>(172)) - new a8d7ae7c-be33-4d4e-8089-c7ad9fcb54a5-SegmentedRaftLogWorker:Storage Directory /workdir/hadoop-ozone/ozonefs/target/test-dir/MiniOzoneClusterImpl-e7cad2d7-1ecb-4c95-8765-1dbadc3630b8/datanode-0/data/ratis/2c15f3ac-9054-442f-82b4-f386f130056b for RaftStorage:Storage Directory /workdir/hadoop-ozone/ozonefs/target/test-dir/MiniOzoneClusterImpl-e7cad2d7-1ecb-4c95-8765-1dbadc3630b8/datanode-0/data/ratis/2c15f3ac-9054-442f-82b4-f386f130056b
2019-09-19 10:28:30,911 [pool-133-thread-1] INFO  server.RaftServerConfigKeys (ConfUtils.java:logGet(43)) - raft.server.log.queue.byte-limit = 2147483647 (custom)
2019-09-19 10:28:30,911 [pool-133-thread-1] INFO  server.RaftServerConfigKeys (ConfUtils.java:logGet(43)) - raft.server.log.queue.element-limit = 1024 (custom)
2019-09-19 10:28:30,911 [pool-133-thread-1] INFO  server.RaftServerConfigKeys (ConfUtils.java:logGet(43)) - raft.server.log.segment.size.max = 1048576 (custom)
2019-09-19 10:28:30,911 [pool-133-thread-1] INFO  server.RaftServerConfigKeys (ConfUtils.java:logGet(43)) - raft.server.log.preallocated.size = 16384 (custom)
2019-09-19 10:28:30,912 [pool-133-thread-1] INFO  server.RaftServerConfigKeys (ConfUtils.java:logGet(43)) - raft.server.log.write.buffer.size = 33554432 (custom)
2019-09-19 10:28:30,912 [pool-133-thread-1] INFO  server.RaftServerConfigKeys (ConfUtils.java:logGet(43)) - raft.server.log.force.sync.num = 128 (default)
2019-09-19 10:28:30,912 [pool-133-thread-1] INFO  server.RaftServerConfigKeys (ConfUtils.java:logGet(43)) - raft.server.log.statemachine.data.sync = true (default)
2019-09-19 10:28:30,912 [pool-133-thread-1] INFO  server.RaftServerConfigKeys (ConfUtils.java:logGet(43)) - raft.server.log.statemachine.data.sync.timeout = 10s (default)
2019-09-19 10:28:30,912 [pool-133-thread-1] INFO  server.RaftServerConfigKeys (ConfUtils.java:logGet(43)) - raft.server.log.statemachine.data.sync.timeout.retry = -1 (default)
2019-09-19 10:28:30,912 [pool-133-thread-1] INFO  server.RaftServerConfigKeys (ConfUtils.java:logGet(43)) - raft.server.log.statemachine.data.caching.enabled = true (custom)
2019-09-19 10:28:30,913 [pool-133-thread-1] INFO  segmented.SegmentedRaftLogWorker (SegmentedRaftLogWorker.java:lambda$new$0(132)) - a8d7ae7c-be33-4d4e-8089-c7ad9fcb54a5-SegmentedRaftLogWorker:Storage Directory /workdir/hadoop-ozone/ozonefs/target/test-dir/MiniOzoneClusterImpl-e7cad2d7-1ecb-4c95-8765-1dbadc3630b8/datanode-0/data/ratis/2c15f3ac-9054-442f-82b4-f386f130056b: flushIndex: setUnconditionally 0 -> -1
2019-09-19 10:28:30,913 [pool-133-thread-1] INFO  server.RaftServerConfigKeys (ConfUtils.java:logGet(43)) - raft.server.snapshot.auto.trigger.enabled = true (custom)
2019-09-19 10:28:30,913 [pool-133-thread-1] INFO  server.RaftServerConfigKeys (ConfUtils.java:logGet(43)) - raft.server.snapshot.auto.trigger.threshold = 10000 (custom)
2019-09-19 10:28:30,913 [pool-133-thread-1] INFO  server.RaftServerConfigKeys (ConfUtils.java:logGet(43)) - raft.server.retrycache.expirytime = 600000ms (custom)
2019-09-19 10:28:30,913 [pool-133-thread-1] INFO  impl.RaftServerImpl (RaftServerImpl.java:start(180)) - a8d7ae7c-be33-4d4e-8089-c7ad9fcb54a5: start group-F386F130056B
2019-09-19 10:28:30,913 [pool-133-thread-1] INFO  impl.RaftServerImpl (RaftServerImpl.java:setRole(171)) - a8d7ae7c-be33-4d4e-8089-c7ad9fcb54a5:group-F386F130056B changes role from null to FOLLOWER at term 0 for startAsFollower
2019-09-19 10:28:30,914 [pool-133-thread-1] INFO  impl.RoleInfo (RoleInfo.java:updateAndGet(143)) - a8d7ae7c-be33-4d4e-8089-c7ad9fcb54a5: start FollowerState
2019-09-19 10:28:30,914 [pool-133-thread-1] INFO  util.JmxRegister (JmxRegister.java:tryRegister(44)) - Successfully registered JMX Bean with object name Ratis:service=RaftServer,group=group-F386F130056B,id=a8d7ae7c-be33-4d4e-8089-c7ad9fcb54a5
2019-09-19 10:28:30,918 [RatisPipelineUtilsThread] INFO  pipeline.PipelineStateManager (PipelineStateManager.java:addPipeline(56)) - Created pipeline Pipeline[ Id: 2c15f3ac-9054-442f-82b4-f386f130056b, Nodes: a8d7ae7c-be33-4d4e-8089-c7ad9fcb54a5{ip: 192.168.157.204, host: pr-hdds-1569-cpgw4-1311585219, networkLocation: /default-rack, certSerialId: null}, Type:RATIS, Factor:ONE, State:OPEN]
2019-09-19 10:28:30,931 [grpc-default-executor-0] INFO  impl.RaftServerProxy (RaftServerProxy.java:addNew(89)) - a8d7ae7c-be33-4d4e-8089-c7ad9fcb54a5: addNew group-88F68B35C56A:[a8d7ae7c-be33-4d4e-8089-c7ad9fcb54a5:192.168.157.204:36207] returns group-88F68B35C56A:java.util.concurrent.CompletableFuture@9ac1daf[Not completed]
2019-09-19 10:28:30,932 [pool-133-thread-1] INFO  impl.RaftServerImpl (RaftServerImpl.java:<init>(93)) - a8d7ae7c-be33-4d4e-8089-c7ad9fcb54a5: new RaftServerImpl for group-88F68B35C56A:[a8d7ae7c-be33-4d4e-8089-c7ad9fcb54a5:192.168.157.204:36207] with ContainerStateMachine:uninitialized
2019-09-19 10:28:30,932 [pool-133-thread-1] INFO  server.RaftServerConfigKeys (ConfUtils.java:logGet(43)) - raft.server.rpc.timeout.min = 5s (custom)
2019-09-19 10:28:30,932 [pool-133-thread-1] INFO  server.RaftServerConfigKeys (ConfUtils.java:logGet(43)) - raft.server.rpc.timeout.max = 5200ms (custom)
2019-09-19 10:28:30,932 [pool-133-thread-1] INFO  server.RaftServerConfigKeys (ConfUtils.java:logGet(43)) - raft.server.rpcslowness.timeout = 120s (custom)
2019-09-19 10:28:30,932 [pool-133-thread-1] INFO  server.RaftServerConfigKeys (ConfUtils.java:logGet(43)) - raft.server.sleep.deviation.threshold = 300 (default)
2019-09-19 10:28:30,933 [pool-133-thread-1] INFO  server.RaftServerConfigKeys (ConfUtils.java:logGet(43)) - raft.server.log.appender.install.snapshot.enabled = false (custom)
2019-09-19 10:28:30,933 [pool-133-thread-1] INFO  impl.RaftServerImpl (ServerState.java:<init>(105)) - a8d7ae7c-be33-4d4e-8089-c7ad9fcb54a5:group-88F68B35C56A ConfigurationManager, init=-1: [a8d7ae7c-be33-4d4e-8089-c7ad9fcb54a5:192.168.157.204:36207], old=null, confs=<EMPTY_MAP>
2019-09-19 10:28:30,933 [pool-133-thread-1] INFO  server.RaftServerConfigKeys (ConfUtils.java:logGet(43)) - raft.server.storage.dir = [/workdir/hadoop-ozone/ozonefs/target/test-dir/MiniOzoneClusterImpl-e7cad2d7-1ecb-4c95-8765-1dbadc3630b8/datanode-0/data/ratis] (custom)
2019-09-19 10:28:30,933 [pool-133-thread-1] INFO  storage.RaftStorageDirectory (RaftStorageDirectory.java:analyzeStorage(246)) - The storage directory /workdir/hadoop-ozone/ozonefs/target/test-dir/MiniOzoneClusterImpl-e7cad2d7-1ecb-4c95-8765-1dbadc3630b8/datanode-0/data/ratis/0348f2a7-7160-4e93-9606-88f68b35c56a does not exist. Creating ...
2019-09-19 10:28:30,947 [pool-133-thread-1] INFO  storage.RaftStorageDirectory (RaftStorageDirectory.java:tryLock(328)) - Lock on /workdir/hadoop-ozone/ozonefs/target/test-dir/MiniOzoneClusterImpl-e7cad2d7-1ecb-4c95-8765-1dbadc3630b8/datanode-0/data/ratis/0348f2a7-7160-4e93-9606-88f68b35c56a/in_use.lock acquired by nodename 28323@pr-hdds-1569-cpgw4-1311585219
2019-09-19 10:28:30,959 [pool-133-thread-1] INFO  storage.RaftStorage (RaftStorage.java:format(72)) - Storage directory /workdir/hadoop-ozone/ozonefs/target/test-dir/MiniOzoneClusterImpl-e7cad2d7-1ecb-4c95-8765-1dbadc3630b8/datanode-0/data/ratis/0348f2a7-7160-4e93-9606-88f68b35c56a has been successfully formatted.
2019-09-19 10:28:30,960 [pool-133-thread-1] INFO  ratis.ContainerStateMachine (ContainerStateMachine.java:loadSnapshot(226)) - group-88F68B35C56A: The snapshot info is null. Setting the last applied indexto:(t:0, i:~)
2019-09-19 10:28:30,960 [pool-133-thread-1] INFO  server.RaftServerConfigKeys (ConfUtils.java:logGet(43)) - raft.server.leader.election.timeout = 120s (custom)
2019-09-19 10:28:30,960 [pool-133-thread-1] INFO  server.RaftServerConfigKeys (ConfUtils.java:logGet(43)) - raft.server.log.use.memory = false (default)
2019-09-19 10:28:30,960 [pool-133-thread-1] INFO  server.RaftServerConfigKeys (ConfUtils.java:logGet(43)) - raft.server.log.purge.gap = 1000000 (custom)
2019-09-19 10:28:30,960 [pool-133-thread-1] INFO  server.RaftServerConfigKeys (ConfUtils.java:logGet(43)) - raft.server.log.appender.buffer.byte-limit = 33554432 (custom)
2019-09-19 10:28:30,960 [pool-133-thread-1] INFO  server.RaftServerConfigKeys (ConfUtils.java:logGet(43)) - raft.server.log.segment.size.max = 1048576 (custom)
2019-09-19 10:28:30,960 [pool-133-thread-1] INFO  server.RaftServerConfigKeys (ConfUtils.java:logGet(43)) - raft.server.log.segment.cache.num.max = 2 (custom)
2019-09-19 10:28:30,961 [pool-133-thread-1] INFO  segmented.SegmentedRaftLogWorker (SegmentedRaftLogWorker.java:<init>(172)) - new a8d7ae7c-be33-4d4e-8089-c7ad9fcb54a5-SegmentedRaftLogWorker:Storage Directory /workdir/hadoop-ozone/ozonefs/target/test-dir/MiniOzoneClusterImpl-e7cad2d7-1ecb-4c95-8765-1dbadc3630b8/datanode-0/data/ratis/0348f2a7-7160-4e93-9606-88f68b35c56a for RaftStorage:Storage Directory /workdir/hadoop-ozone/ozonefs/target/test-dir/MiniOzoneClusterImpl-e7cad2d7-1ecb-4c95-8765-1dbadc3630b8/datanode-0/data/ratis/0348f2a7-7160-4e93-9606-88f68b35c56a
2019-09-19 10:28:30,961 [pool-133-thread-1] INFO  server.RaftServerConfigKeys (ConfUtils.java:logGet(43)) - raft.server.log.queue.byte-limit = 2147483647 (custom)
2019-09-19 10:28:30,961 [pool-133-thread-1] INFO  server.RaftServerConfigKeys (ConfUtils.java:logGet(43)) - raft.server.log.queue.element-limit = 1024 (custom)
2019-09-19 10:28:30,961 [pool-133-thread-1] INFO  server.RaftServerConfigKeys (ConfUtils.java:logGet(43)) - raft.server.log.segment.size.max = 1048576 (custom)
2019-09-19 10:28:30,961 [pool-133-thread-1] INFO  server.RaftServerConfigKeys (ConfUtils.java:logGet(43)) - raft.server.log.preallocated.size = 16384 (custom)
2019-09-19 10:28:30,961 [pool-133-thread-1] INFO  server.RaftServerConfigKeys (ConfUtils.java:logGet(43)) - raft.server.log.write.buffer.size = 33554432 (custom)
2019-09-19 10:28:30,961 [pool-133-thread-1] INFO  server.RaftServerConfigKeys (ConfUtils.java:logGet(43)) - raft.server.log.force.sync.num = 128 (default)
2019-09-19 10:28:30,961 [pool-133-thread-1] INFO  server.RaftServerConfigKeys (ConfUtils.java:logGet(43)) - raft.server.log.statemachine.data.sync = true (default)
2019-09-19 10:28:30,962 [pool-133-thread-1] INFO  server.RaftServerConfigKeys (ConfUtils.java:logGet(43)) - raft.server.log.statemachine.data.sync.timeout = 10s (default)
2019-09-19 10:28:30,962 [pool-133-thread-1] INFO  server.RaftServerConfigKeys (ConfUtils.java:logGet(43)) - raft.server.log.statemachine.data.sync.timeout.retry = -1 (default)
2019-09-19 10:28:30,962 [pool-133-thread-1] INFO  server.RaftServerConfigKeys (ConfUtils.java:logGet(43)) - raft.server.log.statemachine.data.caching.enabled = true (custom)
2019-09-19 10:28:30,962 [pool-133-thread-1] INFO  segmented.SegmentedRaftLogWorker (SegmentedRaftLogWorker.java:lambda$new$0(132)) - a8d7ae7c-be33-4d4e-8089-c7ad9fcb54a5-SegmentedRaftLogWorker:Storage Directory /workdir/hadoop-ozone/ozonefs/target/test-dir/MiniOzoneClusterImpl-e7cad2d7-1ecb-4c95-8765-1dbadc3630b8/datanode-0/data/ratis/0348f2a7-7160-4e93-9606-88f68b35c56a: flushIndex: setUnconditionally 0 -> -1
2019-09-19 10:28:30,962 [pool-133-thread-1] INFO  server.RaftServerConfigKeys (ConfUtils.java:logGet(43)) - raft.server.snapshot.auto.trigger.enabled = true (custom)
2019-09-19 10:28:30,963 [pool-133-thread-1] INFO  server.RaftServerConfigKeys (ConfUtils.java:logGet(43)) - raft.server.snapshot.auto.trigger.threshold = 10000 (custom)
2019-09-19 10:28:30,963 [pool-133-thread-1] INFO  server.RaftServerConfigKeys (ConfUtils.java:logGet(43)) - raft.server.retrycache.expirytime = 600000ms (custom)
2019-09-19 10:28:30,963 [pool-133-thread-1] INFO  impl.RaftServerImpl (RaftServerImpl.java:start(180)) - a8d7ae7c-be33-4d4e-8089-c7ad9fcb54a5: start group-88F68B35C56A
2019-09-19 10:28:30,963 [pool-133-thread-1] INFO  impl.RaftServerImpl (RaftServerImpl.java:setRole(171)) - a8d7ae7c-be33-4d4e-8089-c7ad9fcb54a5:group-88F68B35C56A changes role from null to FOLLOWER at term 0 for startAsFollower
2019-09-19 10:28:30,963 [pool-133-thread-1] INFO  impl.RoleInfo (RoleInfo.java:updateAndGet(143)) - a8d7ae7c-be33-4d4e-8089-c7ad9fcb54a5: start FollowerState
2019-09-19 10:28:30,964 [pool-133-thread-1] INFO  util.JmxRegister (JmxRegister.java:tryRegister(44)) - Successfully registered JMX Bean with object name Ratis:service=RaftServer,group=group-88F68B35C56A,id=a8d7ae7c-be33-4d4e-8089-c7ad9fcb54a5
2019-09-19 10:28:30,968 [RatisPipelineUtilsThread] INFO  pipeline.PipelineStateManager (PipelineStateManager.java:addPipeline(56)) - Created pipeline Pipeline[ Id: 0348f2a7-7160-4e93-9606-88f68b35c56a, Nodes: a8d7ae7c-be33-4d4e-8089-c7ad9fcb54a5{ip: 192.168.157.204, host: pr-hdds-1569-cpgw4-1311585219, networkLocation: /default-rack, certSerialId: null}, Type:RATIS, Factor:ONE, State:OPEN]
2019-09-19 10:28:30,987 [grpc-default-executor-0] INFO  impl.RaftServerProxy (RaftServerProxy.java:addNew(89)) - a8d7ae7c-be33-4d4e-8089-c7ad9fcb54a5: addNew group-15D27DE0D5B4:[a8d7ae7c-be33-4d4e-8089-c7ad9fcb54a5:192.168.157.204:36207] returns group-15D27DE0D5B4:java.util.concurrent.CompletableFuture@682aed74[Not completed]
2019-09-19 10:28:30,988 [pool-133-thread-1] INFO  impl.RaftServerImpl (RaftServerImpl.java:<init>(93)) - a8d7ae7c-be33-4d4e-8089-c7ad9fcb54a5: new RaftServerImpl for group-15D27DE0D5B4:[a8d7ae7c-be33-4d4e-8089-c7ad9fcb54a5:192.168.157.204:36207] with ContainerStateMachine:uninitialized
2019-09-19 10:28:30,988 [pool-133-thread-1] INFO  server.RaftServerConfigKeys (ConfUtils.java:logGet(43)) - raft.server.rpc.timeout.min = 5s (custom)
2019-09-19 10:28:30,988 [pool-133-thread-1] INFO  server.RaftServerConfigKeys (ConfUtils.java:logGet(43)) - raft.server.rpc.timeout.max = 5200ms (custom)
2019-09-19 10:28:30,988 [pool-133-thread-1] INFO  server.RaftServerConfigKeys (ConfUtils.java:logGet(43)) - raft.server.rpcslowness.timeout = 120s (custom)
2019-09-19 10:28:30,988 [pool-133-thread-1] INFO  server.RaftServerConfigKeys (ConfUtils.java:logGet(43)) - raft.server.sleep.deviation.threshold = 300 (default)
2019-09-19 10:28:30,988 [pool-133-thread-1] INFO  server.RaftServerConfigKeys (ConfUtils.java:logGet(43)) - raft.server.log.appender.install.snapshot.enabled = false (custom)
2019-09-19 10:28:30,988 [pool-133-thread-1] INFO  impl.RaftServerImpl (ServerState.java:<init>(105)) - a8d7ae7c-be33-4d4e-8089-c7ad9fcb54a5:group-15D27DE0D5B4 ConfigurationManager, init=-1: [a8d7ae7c-be33-4d4e-8089-c7ad9fcb54a5:192.168.157.204:36207], old=null, confs=<EMPTY_MAP>
2019-09-19 10:28:30,989 [pool-133-thread-1] INFO  server.RaftServerConfigKeys (ConfUtils.java:logGet(43)) - raft.server.storage.dir = [/workdir/hadoop-ozone/ozonefs/target/test-dir/MiniOzoneClusterImpl-e7cad2d7-1ecb-4c95-8765-1dbadc3630b8/datanode-0/data/ratis] (custom)
2019-09-19 10:28:30,989 [pool-133-thread-1] INFO  storage.RaftStorageDirectory (RaftStorageDirectory.java:analyzeStorage(246)) - The storage directory /workdir/hadoop-ozone/ozonefs/target/test-dir/MiniOzoneClusterImpl-e7cad2d7-1ecb-4c95-8765-1dbadc3630b8/datanode-0/data/ratis/c0b845a0-a79b-4790-848e-15d27de0d5b4 does not exist. Creating ...
2019-09-19 10:28:31,002 [pool-133-thread-1] INFO  storage.RaftStorageDirectory (RaftStorageDirectory.java:tryLock(328)) - Lock on /workdir/hadoop-ozone/ozonefs/target/test-dir/MiniOzoneClusterImpl-e7cad2d7-1ecb-4c95-8765-1dbadc3630b8/datanode-0/data/ratis/c0b845a0-a79b-4790-848e-15d27de0d5b4/in_use.lock acquired by nodename 28323@pr-hdds-1569-cpgw4-1311585219
2019-09-19 10:28:31,015 [pool-133-thread-1] INFO  storage.RaftStorage (RaftStorage.java:format(72)) - Storage directory /workdir/hadoop-ozone/ozonefs/target/test-dir/MiniOzoneClusterImpl-e7cad2d7-1ecb-4c95-8765-1dbadc3630b8/datanode-0/data/ratis/c0b845a0-a79b-4790-848e-15d27de0d5b4 has been successfully formatted.
2019-09-19 10:28:31,015 [pool-133-thread-1] INFO  ratis.ContainerStateMachine (ContainerStateMachine.java:loadSnapshot(226)) - group-15D27DE0D5B4: The snapshot info is null. Setting the last applied indexto:(t:0, i:~)
2019-09-19 10:28:31,015 [pool-133-thread-1] INFO  server.RaftServerConfigKeys (ConfUtils.java:logGet(43)) - raft.server.leader.election.timeout = 120s (custom)
2019-09-19 10:28:31,015 [pool-133-thread-1] INFO  server.RaftServerConfigKeys (ConfUtils.java:logGet(43)) - raft.server.log.use.memory = false (default)
2019-09-19 10:28:31,016 [pool-133-thread-1] INFO  server.RaftServerConfigKeys (ConfUtils.java:logGet(43)) - raft.server.log.purge.gap = 1000000 (custom)
2019-09-19 10:28:31,016 [pool-133-thread-1] INFO  server.RaftServerConfigKeys (ConfUtils.java:logGet(43)) - raft.server.log.appender.buffer.byte-limit = 33554432 (custom)
2019-09-19 10:28:31,016 [pool-133-thread-1] INFO  server.RaftServerConfigKeys (ConfUtils.java:logGet(43)) - raft.server.log.segment.size.max = 1048576 (custom)
2019-09-19 10:28:31,016 [pool-133-thread-1] INFO  server.RaftServerConfigKeys (ConfUtils.java:logGet(43)) - raft.server.log.segment.cache.num.max = 2 (custom)
2019-09-19 10:28:31,016 [pool-133-thread-1] INFO  segmented.SegmentedRaftLogWorker (SegmentedRaftLogWorker.java:<init>(172)) - new a8d7ae7c-be33-4d4e-8089-c7ad9fcb54a5-SegmentedRaftLogWorker:Storage Directory /workdir/hadoop-ozone/ozonefs/target/test-dir/MiniOzoneClusterImpl-e7cad2d7-1ecb-4c95-8765-1dbadc3630b8/datanode-0/data/ratis/c0b845a0-a79b-4790-848e-15d27de0d5b4 for RaftStorage:Storage Directory /workdir/hadoop-ozone/ozonefs/target/test-dir/MiniOzoneClusterImpl-e7cad2d7-1ecb-4c95-8765-1dbadc3630b8/datanode-0/data/ratis/c0b845a0-a79b-4790-848e-15d27de0d5b4
2019-09-19 10:28:31,016 [pool-133-thread-1] INFO  server.RaftServerConfigKeys (ConfUtils.java:logGet(43)) - raft.server.log.queue.byte-limit = 2147483647 (custom)
2019-09-19 10:28:31,017 [pool-133-thread-1] INFO  server.RaftServerConfigKeys (ConfUtils.java:logGet(43)) - raft.server.log.queue.element-limit = 1024 (custom)
2019-09-19 10:28:31,017 [pool-133-thread-1] INFO  server.RaftServerConfigKeys (ConfUtils.java:logGet(43)) - raft.server.log.segment.size.max = 1048576 (custom)
2019-09-19 10:28:31,017 [pool-133-thread-1] INFO  server.RaftServerConfigKeys (ConfUtils.java:logGet(43)) - raft.server.log.preallocated.size = 16384 (custom)
2019-09-19 10:28:31,017 [pool-133-thread-1] INFO  server.RaftServerConfigKeys (ConfUtils.java:logGet(43)) - raft.server.log.write.buffer.size = 33554432 (custom)
2019-09-19 10:28:31,017 [pool-133-thread-1] INFO  server.RaftServerConfigKeys (ConfUtils.java:logGet(43)) - raft.server.log.force.sync.num = 128 (default)
2019-09-19 10:28:31,017 [pool-133-thread-1] INFO  server.RaftServerConfigKeys (ConfUtils.java:logGet(43)) - raft.server.log.statemachine.data.sync = true (default)
2019-09-19 10:28:31,017 [pool-133-thread-1] INFO  server.RaftServerConfigKeys (ConfUtils.java:logGet(43)) - raft.server.log.statemachine.data.sync.timeout = 10s (default)
2019-09-19 10:28:31,018 [pool-133-thread-1] INFO  server.RaftServerConfigKeys (ConfUtils.java:logGet(43)) - raft.server.log.statemachine.data.sync.timeout.retry = -1 (default)
2019-09-19 10:28:31,018 [pool-133-thread-1] INFO  server.RaftServerConfigKeys (ConfUtils.java:logGet(43)) - raft.server.log.statemachine.data.caching.enabled = true (custom)
2019-09-19 10:28:31,018 [pool-133-thread-1] INFO  segmented.SegmentedRaftLogWorker (SegmentedRaftLogWorker.java:lambda$new$0(132)) - a8d7ae7c-be33-4d4e-8089-c7ad9fcb54a5-SegmentedRaftLogWorker:Storage Directory /workdir/hadoop-ozone/ozonefs/target/test-dir/MiniOzoneClusterImpl-e7cad2d7-1ecb-4c95-8765-1dbadc3630b8/datanode-0/data/ratis/c0b845a0-a79b-4790-848e-15d27de0d5b4: flushIndex: setUnconditionally 0 -> -1
2019-09-19 10:28:31,018 [pool-133-thread-1] INFO  server.RaftServerConfigKeys (ConfUtils.java:logGet(43)) - raft.server.snapshot.auto.trigger.enabled = true (custom)
2019-09-19 10:28:31,019 [pool-133-thread-1] INFO  server.RaftServerConfigKeys (ConfUtils.java:logGet(43)) - raft.server.snapshot.auto.trigger.threshold = 10000 (custom)
2019-09-19 10:28:31,019 [pool-133-thread-1] INFO  server.RaftServerConfigKeys (ConfUtils.java:logGet(43)) - raft.server.retrycache.expirytime = 600000ms (custom)
2019-09-19 10:28:31,019 [pool-133-thread-1] INFO  impl.RaftServerImpl (RaftServerImpl.java:start(180)) - a8d7ae7c-be33-4d4e-8089-c7ad9fcb54a5: start group-15D27DE0D5B4
2019-09-19 10:28:31,019 [pool-133-thread-1] INFO  impl.RaftServerImpl (RaftServerImpl.java:setRole(171)) - a8d7ae7c-be33-4d4e-8089-c7ad9fcb54a5:group-15D27DE0D5B4 changes role from null to FOLLOWER at term 0 for startAsFollower
2019-09-19 10:28:31,019 [pool-133-thread-1] INFO  impl.RoleInfo (RoleInfo.java:updateAndGet(143)) - a8d7ae7c-be33-4d4e-8089-c7ad9fcb54a5: start FollowerState
2019-09-19 10:28:31,024 [pool-133-thread-1] INFO  util.JmxRegister (JmxRegister.java:tryRegister(44)) - Successfully registered JMX Bean with object name Ratis:service=RaftServer,group=group-15D27DE0D5B4,id=a8d7ae7c-be33-4d4e-8089-c7ad9fcb54a5
2019-09-19 10:28:31,033 [RatisPipelineUtilsThread] INFO  pipeline.PipelineStateManager (PipelineStateManager.java:addPipeline(56)) - Created pipeline Pipeline[ Id: c0b845a0-a79b-4790-848e-15d27de0d5b4, Nodes: a8d7ae7c-be33-4d4e-8089-c7ad9fcb54a5{ip: 192.168.157.204, host: pr-hdds-1569-cpgw4-1311585219, networkLocation: /default-rack, certSerialId: null}, Type:RATIS, Factor:ONE, State:OPEN]
2019-09-19 10:28:31,041 [grpc-default-executor-0] INFO  impl.RaftServerProxy (RaftServerProxy.java:addNew(89)) - a8d7ae7c-be33-4d4e-8089-c7ad9fcb54a5: addNew group-603BFC098E98:[a8d7ae7c-be33-4d4e-8089-c7ad9fcb54a5:192.168.157.204:36207] returns group-603BFC098E98:java.util.concurrent.CompletableFuture@de260a2[Not completed]
2019-09-19 10:28:31,042 [pool-133-thread-1] INFO  impl.RaftServerImpl (RaftServerImpl.java:<init>(93)) - a8d7ae7c-be33-4d4e-8089-c7ad9fcb54a5: new RaftServerImpl for group-603BFC098E98:[a8d7ae7c-be33-4d4e-8089-c7ad9fcb54a5:192.168.157.204:36207] with ContainerStateMachine:uninitialized
2019-09-19 10:28:31,042 [pool-133-thread-1] INFO  server.RaftServerConfigKeys (ConfUtils.java:logGet(43)) - raft.server.rpc.timeout.min = 5s (custom)
2019-09-19 10:28:31,043 [pool-133-thread-1] INFO  server.RaftServerConfigKeys (ConfUtils.java:logGet(43)) - raft.server.rpc.timeout.max = 5200ms (custom)
2019-09-19 10:28:31,043 [pool-133-thread-1] INFO  server.RaftServerConfigKeys (ConfUtils.java:logGet(43)) - raft.server.rpcslowness.timeout = 120s (custom)
2019-09-19 10:28:31,043 [pool-133-thread-1] INFO  server.RaftServerConfigKeys (ConfUtils.java:logGet(43)) - raft.server.sleep.deviation.threshold = 300 (default)
2019-09-19 10:28:31,043 [pool-133-thread-1] INFO  server.RaftServerConfigKeys (ConfUtils.java:logGet(43)) - raft.server.log.appender.install.snapshot.enabled = false (custom)
2019-09-19 10:28:31,043 [pool-133-thread-1] INFO  impl.RaftServerImpl (ServerState.java:<init>(105)) - a8d7ae7c-be33-4d4e-8089-c7ad9fcb54a5:group-603BFC098E98 ConfigurationManager, init=-1: [a8d7ae7c-be33-4d4e-8089-c7ad9fcb54a5:192.168.157.204:36207], old=null, confs=<EMPTY_MAP>
2019-09-19 10:28:31,043 [pool-133-thread-1] INFO  server.RaftServerConfigKeys (ConfUtils.java:logGet(43)) - raft.server.storage.dir = [/workdir/hadoop-ozone/ozonefs/target/test-dir/MiniOzoneClusterImpl-e7cad2d7-1ecb-4c95-8765-1dbadc3630b8/datanode-0/data/ratis] (custom)
2019-09-19 10:28:31,044 [pool-133-thread-1] INFO  storage.RaftStorageDirectory (RaftStorageDirectory.java:analyzeStorage(246)) - The storage directory /workdir/hadoop-ozone/ozonefs/target/test-dir/MiniOzoneClusterImpl-e7cad2d7-1ecb-4c95-8765-1dbadc3630b8/datanode-0/data/ratis/113114b8-24a1-4260-80e9-603bfc098e98 does not exist. Creating ...
2019-09-19 10:28:31,056 [pool-133-thread-1] INFO  storage.RaftStorageDirectory (RaftStorageDirectory.java:tryLock(328)) - Lock on /workdir/hadoop-ozone/ozonefs/target/test-dir/MiniOzoneClusterImpl-e7cad2d7-1ecb-4c95-8765-1dbadc3630b8/datanode-0/data/ratis/113114b8-24a1-4260-80e9-603bfc098e98/in_use.lock acquired by nodename 28323@pr-hdds-1569-cpgw4-1311585219
2019-09-19 10:28:31,061 [IPC Server handler 0 on 40610] INFO  net.NetworkTopology (NetworkTopologyImpl.java:add(110)) - Added a new node: /default-rack/9646113d-e532-4156-a8e1-296dca7fce7b
2019-09-19 10:28:31,061 [IPC Server handler 0 on 40610] INFO  node.SCMNodeManager (SCMNodeManager.java:register(273)) - Registered Data node : 9646113d-e532-4156-a8e1-296dca7fce7b{ip: 192.168.157.204, host: pr-hdds-1569-cpgw4-1311585219, networkLocation: /default-rack, certSerialId: null}
2019-09-19 10:28:31,061 | INFO  | SCMAudit | user=jenkins1000 | ip=192.168.157.204 | op=REGISTER {datanodeDetails=9646113d-e532-4156-a8e1-296dca7fce7b{ip: 192.168.157.204, host: pr-hdds-1569-cpgw4-1311585219, networkLocation: /default-rack, certSerialId: null}} | ret=SUCCESS |  
2019-09-19 10:28:31,070 [pool-133-thread-1] INFO  storage.RaftStorage (RaftStorage.java:format(72)) - Storage directory /workdir/hadoop-ozone/ozonefs/target/test-dir/MiniOzoneClusterImpl-e7cad2d7-1ecb-4c95-8765-1dbadc3630b8/datanode-0/data/ratis/113114b8-24a1-4260-80e9-603bfc098e98 has been successfully formatted.
2019-09-19 10:28:31,070 [pool-133-thread-1] INFO  ratis.ContainerStateMachine (ContainerStateMachine.java:loadSnapshot(226)) - group-603BFC098E98: The snapshot info is null. Setting the last applied indexto:(t:0, i:~)
2019-09-19 10:28:31,070 [pool-133-thread-1] INFO  server.RaftServerConfigKeys (ConfUtils.java:logGet(43)) - raft.server.leader.election.timeout = 120s (custom)
2019-09-19 10:28:31,070 [pool-133-thread-1] INFO  server.RaftServerConfigKeys (ConfUtils.java:logGet(43)) - raft.server.log.use.memory = false (default)
2019-09-19 10:28:31,070 [pool-133-thread-1] INFO  server.RaftServerConfigKeys (ConfUtils.java:logGet(43)) - raft.server.log.purge.gap = 1000000 (custom)
2019-09-19 10:28:31,070 [pool-133-thread-1] INFO  server.RaftServerConfigKeys (ConfUtils.java:logGet(43)) - raft.server.log.appender.buffer.byte-limit = 33554432 (custom)
2019-09-19 10:28:31,071 [pool-133-thread-1] INFO  server.RaftServerConfigKeys (ConfUtils.java:logGet(43)) - raft.server.log.segment.size.max = 1048576 (custom)
2019-09-19 10:28:31,071 [pool-133-thread-1] INFO  server.RaftServerConfigKeys (ConfUtils.java:logGet(43)) - raft.server.log.segment.cache.num.max = 2 (custom)
2019-09-19 10:28:31,071 [pool-133-thread-1] INFO  segmented.SegmentedRaftLogWorker (SegmentedRaftLogWorker.java:<init>(172)) - new a8d7ae7c-be33-4d4e-8089-c7ad9fcb54a5-SegmentedRaftLogWorker:Storage Directory /workdir/hadoop-ozone/ozonefs/target/test-dir/MiniOzoneClusterImpl-e7cad2d7-1ecb-4c95-8765-1dbadc3630b8/datanode-0/data/ratis/113114b8-24a1-4260-80e9-603bfc098e98 for RaftStorage:Storage Directory /workdir/hadoop-ozone/ozonefs/target/test-dir/MiniOzoneClusterImpl-e7cad2d7-1ecb-4c95-8765-1dbadc3630b8/datanode-0/data/ratis/113114b8-24a1-4260-80e9-603bfc098e98
2019-09-19 10:28:31,071 [pool-133-thread-1] INFO  server.RaftServerConfigKeys (ConfUtils.java:logGet(43)) - raft.server.log.queue.byte-limit = 2147483647 (custom)
2019-09-19 10:28:31,071 [pool-133-thread-1] INFO  server.RaftServerConfigKeys (ConfUtils.java:logGet(43)) - raft.server.log.queue.element-limit = 1024 (custom)
2019-09-19 10:28:31,071 [pool-133-thread-1] INFO  server.RaftServerConfigKeys (ConfUtils.java:logGet(43)) - raft.server.log.segment.size.max = 1048576 (custom)
2019-09-19 10:28:31,071 [pool-133-thread-1] INFO  server.RaftServerConfigKeys (ConfUtils.java:logGet(43)) - raft.server.log.preallocated.size = 16384 (custom)
2019-09-19 10:28:31,071 [pool-133-thread-1] INFO  server.RaftServerConfigKeys (ConfUtils.java:logGet(43)) - raft.server.log.write.buffer.size = 33554432 (custom)
2019-09-19 10:28:31,071 [pool-133-thread-1] INFO  server.RaftServerConfigKeys (ConfUtils.java:logGet(43)) - raft.server.log.force.sync.num = 128 (default)
2019-09-19 10:28:31,071 [pool-133-thread-1] INFO  server.RaftServerConfigKeys (ConfUtils.java:logGet(43)) - raft.server.log.statemachine.data.sync = true (default)
2019-09-19 10:28:31,072 [pool-133-thread-1] INFO  server.RaftServerConfigKeys (ConfUtils.java:logGet(43)) - raft.server.log.statemachine.data.sync.timeout = 10s (default)
2019-09-19 10:28:31,072 [pool-133-thread-1] INFO  server.RaftServerConfigKeys (ConfUtils.java:logGet(43)) - raft.server.log.statemachine.data.sync.timeout.retry = -1 (default)
2019-09-19 10:28:31,072 [pool-133-thread-1] INFO  server.RaftServerConfigKeys (ConfUtils.java:logGet(43)) - raft.server.log.statemachine.data.caching.enabled = true (custom)
2019-09-19 10:28:31,072 [pool-133-thread-1] INFO  segmented.SegmentedRaftLogWorker (SegmentedRaftLogWorker.java:lambda$new$0(132)) - a8d7ae7c-be33-4d4e-8089-c7ad9fcb54a5-SegmentedRaftLogWorker:Storage Directory /workdir/hadoop-ozone/ozonefs/target/test-dir/MiniOzoneClusterImpl-e7cad2d7-1ecb-4c95-8765-1dbadc3630b8/datanode-0/data/ratis/113114b8-24a1-4260-80e9-603bfc098e98: flushIndex: setUnconditionally 0 -> -1
2019-09-19 10:28:31,072 [pool-133-thread-1] INFO  server.RaftServerConfigKeys (ConfUtils.java:logGet(43)) - raft.server.snapshot.auto.trigger.enabled = true (custom)
2019-09-19 10:28:31,072 [pool-133-thread-1] INFO  server.RaftServerConfigKeys (ConfUtils.java:logGet(43)) - raft.server.snapshot.auto.trigger.threshold = 10000 (custom)
2019-09-19 10:28:31,073 [pool-133-thread-1] INFO  server.RaftServerConfigKeys (ConfUtils.java:logGet(43)) - raft.server.retrycache.expirytime = 600000ms (custom)
2019-09-19 10:28:31,073 [pool-133-thread-1] INFO  impl.RaftServerImpl (RaftServerImpl.java:start(180)) - a8d7ae7c-be33-4d4e-8089-c7ad9fcb54a5: start group-603BFC098E98
2019-09-19 10:28:31,073 [pool-133-thread-1] INFO  impl.RaftServerImpl (RaftServerImpl.java:setRole(171)) - a8d7ae7c-be33-4d4e-8089-c7ad9fcb54a5:group-603BFC098E98 changes role from null to FOLLOWER at term 0 for startAsFollower
2019-09-19 10:28:31,073 [pool-133-thread-1] INFO  impl.RoleInfo (RoleInfo.java:updateAndGet(143)) - a8d7ae7c-be33-4d4e-8089-c7ad9fcb54a5: start FollowerState
2019-09-19 10:28:31,073 [pool-133-thread-1] INFO  util.JmxRegister (JmxRegister.java:tryRegister(44)) - Successfully registered JMX Bean with object name Ratis:service=RaftServer,group=group-603BFC098E98,id=a8d7ae7c-be33-4d4e-8089-c7ad9fcb54a5
2019-09-19 10:28:31,077 [RatisPipelineUtilsThread] INFO  pipeline.PipelineStateManager (PipelineStateManager.java:addPipeline(56)) - Created pipeline Pipeline[ Id: 113114b8-24a1-4260-80e9-603bfc098e98, Nodes: a8d7ae7c-be33-4d4e-8089-c7ad9fcb54a5{ip: 192.168.157.204, host: pr-hdds-1569-cpgw4-1311585219, networkLocation: /default-rack, certSerialId: null}, Type:RATIS, Factor:ONE, State:OPEN]
2019-09-19 10:28:31,085 [grpc-default-executor-0] INFO  impl.RaftServerProxy (RaftServerProxy.java:addNew(89)) - 9646113d-e532-4156-a8e1-296dca7fce7b: addNew group-50A1AA15771F:[9646113d-e532-4156-a8e1-296dca7fce7b:192.168.157.204:38753] returns group-50A1AA15771F:java.util.concurrent.CompletableFuture@7ef4e60a[Not completed]
2019-09-19 10:28:31,086 [pool-144-thread-1] INFO  impl.RaftServerImpl (RaftServerImpl.java:<init>(93)) - 9646113d-e532-4156-a8e1-296dca7fce7b: new RaftServerImpl for group-50A1AA15771F:[9646113d-e532-4156-a8e1-296dca7fce7b:192.168.157.204:38753] with ContainerStateMachine:uninitialized
2019-09-19 10:28:31,087 [pool-144-thread-1] INFO  server.RaftServerConfigKeys (ConfUtils.java:logGet(43)) - raft.server.rpc.timeout.min = 5s (custom)
2019-09-19 10:28:31,087 [pool-144-thread-1] INFO  server.RaftServerConfigKeys (ConfUtils.java:logGet(43)) - raft.server.rpc.timeout.max = 5200ms (custom)
2019-09-19 10:28:31,087 [pool-144-thread-1] INFO  server.RaftServerConfigKeys (ConfUtils.java:logGet(43)) - raft.server.rpcslowness.timeout = 120s (custom)
2019-09-19 10:28:31,087 [pool-144-thread-1] INFO  server.RaftServerConfigKeys (ConfUtils.java:logGet(43)) - raft.server.sleep.deviation.threshold = 300 (default)
2019-09-19 10:28:31,087 [pool-144-thread-1] INFO  server.RaftServerConfigKeys (ConfUtils.java:logGet(43)) - raft.server.log.appender.install.snapshot.enabled = false (custom)
2019-09-19 10:28:31,088 [pool-144-thread-1] INFO  impl.RaftServerImpl (ServerState.java:<init>(105)) - 9646113d-e532-4156-a8e1-296dca7fce7b:group-50A1AA15771F ConfigurationManager, init=-1: [9646113d-e532-4156-a8e1-296dca7fce7b:192.168.157.204:38753], old=null, confs=<EMPTY_MAP>
2019-09-19 10:28:31,088 [pool-144-thread-1] INFO  server.RaftServerConfigKeys (ConfUtils.java:logGet(43)) - raft.server.storage.dir = [/workdir/hadoop-ozone/ozonefs/target/test-dir/MiniOzoneClusterImpl-e7cad2d7-1ecb-4c95-8765-1dbadc3630b8/datanode-1/data/ratis] (custom)
2019-09-19 10:28:31,088 [pool-144-thread-1] INFO  storage.RaftStorageDirectory (RaftStorageDirectory.java:analyzeStorage(246)) - The storage directory /workdir/hadoop-ozone/ozonefs/target/test-dir/MiniOzoneClusterImpl-e7cad2d7-1ecb-4c95-8765-1dbadc3630b8/datanode-1/data/ratis/3a7b5216-e620-4f64-a0c8-50a1aa15771f does not exist. Creating ...
2019-09-19 10:28:31,101 [pool-144-thread-1] INFO  storage.RaftStorageDirectory (RaftStorageDirectory.java:tryLock(328)) - Lock on /workdir/hadoop-ozone/ozonefs/target/test-dir/MiniOzoneClusterImpl-e7cad2d7-1ecb-4c95-8765-1dbadc3630b8/datanode-1/data/ratis/3a7b5216-e620-4f64-a0c8-50a1aa15771f/in_use.lock acquired by nodename 28323@pr-hdds-1569-cpgw4-1311585219
2019-09-19 10:28:31,125 [pool-144-thread-1] INFO  storage.RaftStorage (RaftStorage.java:format(72)) - Storage directory /workdir/hadoop-ozone/ozonefs/target/test-dir/MiniOzoneClusterImpl-e7cad2d7-1ecb-4c95-8765-1dbadc3630b8/datanode-1/data/ratis/3a7b5216-e620-4f64-a0c8-50a1aa15771f has been successfully formatted.
2019-09-19 10:28:31,125 [pool-144-thread-1] INFO  ratis.ContainerStateMachine (ContainerStateMachine.java:loadSnapshot(226)) - group-50A1AA15771F: The snapshot info is null. Setting the last applied indexto:(t:0, i:~)
2019-09-19 10:28:31,125 [pool-144-thread-1] INFO  server.RaftServerConfigKeys (ConfUtils.java:logGet(43)) - raft.server.leader.election.timeout = 120s (custom)
2019-09-19 10:28:31,125 [pool-144-thread-1] INFO  server.RaftServerConfigKeys (ConfUtils.java:logGet(43)) - raft.server.log.use.memory = false (default)
2019-09-19 10:28:31,125 [pool-144-thread-1] INFO  server.RaftServerConfigKeys (ConfUtils.java:logGet(43)) - raft.server.log.purge.gap = 1000000 (custom)
2019-09-19 10:28:31,125 [pool-144-thread-1] INFO  server.RaftServerConfigKeys (ConfUtils.java:logGet(43)) - raft.server.log.appender.buffer.byte-limit = 33554432 (custom)
2019-09-19 10:28:31,126 [pool-144-thread-1] INFO  server.RaftServerConfigKeys (ConfUtils.java:logGet(43)) - raft.server.log.segment.size.max = 1048576 (custom)
2019-09-19 10:28:31,126 [pool-144-thread-1] INFO  server.RaftServerConfigKeys (ConfUtils.java:logGet(43)) - raft.server.log.segment.cache.num.max = 2 (custom)
2019-09-19 10:28:31,126 [pool-144-thread-1] INFO  segmented.SegmentedRaftLogWorker (SegmentedRaftLogWorker.java:<init>(172)) - new 9646113d-e532-4156-a8e1-296dca7fce7b-SegmentedRaftLogWorker:Storage Directory /workdir/hadoop-ozone/ozonefs/target/test-dir/MiniOzoneClusterImpl-e7cad2d7-1ecb-4c95-8765-1dbadc3630b8/datanode-1/data/ratis/3a7b5216-e620-4f64-a0c8-50a1aa15771f for RaftStorage:Storage Directory /workdir/hadoop-ozone/ozonefs/target/test-dir/MiniOzoneClusterImpl-e7cad2d7-1ecb-4c95-8765-1dbadc3630b8/datanode-1/data/ratis/3a7b5216-e620-4f64-a0c8-50a1aa15771f
2019-09-19 10:28:31,126 [pool-144-thread-1] INFO  server.RaftServerConfigKeys (ConfUtils.java:logGet(43)) - raft.server.log.queue.byte-limit = 2147483647 (custom)
2019-09-19 10:28:31,126 [pool-144-thread-1] INFO  server.RaftServerConfigKeys (ConfUtils.java:logGet(43)) - raft.server.log.queue.element-limit = 1024 (custom)
2019-09-19 10:28:31,126 [pool-144-thread-1] INFO  server.RaftServerConfigKeys (ConfUtils.java:logGet(43)) - raft.server.log.segment.size.max = 1048576 (custom)
2019-09-19 10:28:31,126 [pool-144-thread-1] INFO  server.RaftServerConfigKeys (ConfUtils.java:logGet(43)) - raft.server.log.preallocated.size = 16384 (custom)
2019-09-19 10:28:31,127 [pool-144-thread-1] INFO  server.RaftServerConfigKeys (ConfUtils.java:logGet(43)) - raft.server.log.write.buffer.size = 33554432 (custom)
2019-09-19 10:28:31,127 [pool-144-thread-1] INFO  server.RaftServerConfigKeys (ConfUtils.java:logGet(43)) - raft.server.log.force.sync.num = 128 (default)
2019-09-19 10:28:31,127 [pool-144-thread-1] INFO  server.RaftServerConfigKeys (ConfUtils.java:logGet(43)) - raft.server.log.statemachine.data.sync = true (default)
2019-09-19 10:28:31,127 [pool-144-thread-1] INFO  server.RaftServerConfigKeys (ConfUtils.java:logGet(43)) - raft.server.log.statemachine.data.sync.timeout = 10s (default)
2019-09-19 10:28:31,127 [pool-144-thread-1] INFO  server.RaftServerConfigKeys (ConfUtils.java:logGet(43)) - raft.server.log.statemachine.data.sync.timeout.retry = -1 (default)
2019-09-19 10:28:31,128 [pool-144-thread-1] INFO  server.RaftServerConfigKeys (ConfUtils.java:logGet(43)) - raft.server.log.statemachine.data.caching.enabled = true (custom)
2019-09-19 10:28:31,128 [pool-144-thread-1] INFO  segmented.SegmentedRaftLogWorker (SegmentedRaftLogWorker.java:lambda$new$0(132)) - 9646113d-e532-4156-a8e1-296dca7fce7b-SegmentedRaftLogWorker:Storage Directory /workdir/hadoop-ozone/ozonefs/target/test-dir/MiniOzoneClusterImpl-e7cad2d7-1ecb-4c95-8765-1dbadc3630b8/datanode-1/data/ratis/3a7b5216-e620-4f64-a0c8-50a1aa15771f: flushIndex: setUnconditionally 0 -> -1
2019-09-19 10:28:31,129 [pool-144-thread-1] INFO  server.RaftServerConfigKeys (ConfUtils.java:logGet(43)) - raft.server.snapshot.auto.trigger.enabled = true (custom)
2019-09-19 10:28:31,129 [pool-144-thread-1] INFO  server.RaftServerConfigKeys (ConfUtils.java:logGet(43)) - raft.server.snapshot.auto.trigger.threshold = 10000 (custom)
2019-09-19 10:28:31,129 [pool-144-thread-1] INFO  server.RaftServerConfigKeys (ConfUtils.java:logGet(43)) - raft.server.retrycache.expirytime = 600000ms (custom)
2019-09-19 10:28:31,129 [pool-144-thread-1] INFO  impl.RaftServerImpl (RaftServerImpl.java:start(180)) - 9646113d-e532-4156-a8e1-296dca7fce7b: start group-50A1AA15771F
2019-09-19 10:28:31,129 [pool-144-thread-1] INFO  impl.RaftServerImpl (RaftServerImpl.java:setRole(171)) - 9646113d-e532-4156-a8e1-296dca7fce7b:group-50A1AA15771F changes role from null to FOLLOWER at term 0 for startAsFollower
2019-09-19 10:28:31,130 [pool-144-thread-1] INFO  impl.RoleInfo (RoleInfo.java:updateAndGet(143)) - 9646113d-e532-4156-a8e1-296dca7fce7b: start FollowerState
2019-09-19 10:28:31,130 [pool-144-thread-1] INFO  util.JmxRegister (JmxRegister.java:tryRegister(44)) - Successfully registered JMX Bean with object name Ratis:service=RaftServer,group=group-50A1AA15771F,id=9646113d-e532-4156-a8e1-296dca7fce7b
2019-09-19 10:28:31,134 [RatisPipelineUtilsThread] INFO  pipeline.PipelineStateManager (PipelineStateManager.java:addPipeline(56)) - Created pipeline Pipeline[ Id: 3a7b5216-e620-4f64-a0c8-50a1aa15771f, Nodes: 9646113d-e532-4156-a8e1-296dca7fce7b{ip: 192.168.157.204, host: pr-hdds-1569-cpgw4-1311585219, networkLocation: /default-rack, certSerialId: null}, Type:RATIS, Factor:ONE, State:OPEN]
2019-09-19 10:28:31,145 [grpc-default-executor-0] INFO  impl.RaftServerProxy (RaftServerProxy.java:addNew(89)) - a8d7ae7c-be33-4d4e-8089-c7ad9fcb54a5: addNew group-4D8DAFA90185:[a8d7ae7c-be33-4d4e-8089-c7ad9fcb54a5:192.168.157.204:36207] returns group-4D8DAFA90185:java.util.concurrent.CompletableFuture@1e450c32[Not completed]
2019-09-19 10:28:31,147 [pool-133-thread-1] INFO  impl.RaftServerImpl (RaftServerImpl.java:<init>(93)) - a8d7ae7c-be33-4d4e-8089-c7ad9fcb54a5: new RaftServerImpl for group-4D8DAFA90185:[a8d7ae7c-be33-4d4e-8089-c7ad9fcb54a5:192.168.157.204:36207] with ContainerStateMachine:uninitialized
2019-09-19 10:28:31,147 [pool-133-thread-1] INFO  server.RaftServerConfigKeys (ConfUtils.java:logGet(43)) - raft.server.rpc.timeout.min = 5s (custom)
2019-09-19 10:28:31,147 [pool-133-thread-1] INFO  server.RaftServerConfigKeys (ConfUtils.java:logGet(43)) - raft.server.rpc.timeout.max = 5200ms (custom)
2019-09-19 10:28:31,147 [pool-133-thread-1] INFO  server.RaftServerConfigKeys (ConfUtils.java:logGet(43)) - raft.server.rpcslowness.timeout = 120s (custom)
2019-09-19 10:28:31,147 [pool-133-thread-1] INFO  server.RaftServerConfigKeys (ConfUtils.java:logGet(43)) - raft.server.sleep.deviation.threshold = 300 (default)
2019-09-19 10:28:31,148 [pool-133-thread-1] INFO  server.RaftServerConfigKeys (ConfUtils.java:logGet(43)) - raft.server.log.appender.install.snapshot.enabled = false (custom)
2019-09-19 10:28:31,148 [pool-133-thread-1] INFO  impl.RaftServerImpl (ServerState.java:<init>(105)) - a8d7ae7c-be33-4d4e-8089-c7ad9fcb54a5:group-4D8DAFA90185 ConfigurationManager, init=-1: [a8d7ae7c-be33-4d4e-8089-c7ad9fcb54a5:192.168.157.204:36207], old=null, confs=<EMPTY_MAP>
2019-09-19 10:28:31,148 [pool-133-thread-1] INFO  server.RaftServerConfigKeys (ConfUtils.java:logGet(43)) - raft.server.storage.dir = [/workdir/hadoop-ozone/ozonefs/target/test-dir/MiniOzoneClusterImpl-e7cad2d7-1ecb-4c95-8765-1dbadc3630b8/datanode-0/data/ratis] (custom)
2019-09-19 10:28:31,148 [pool-133-thread-1] INFO  storage.RaftStorageDirectory (RaftStorageDirectory.java:analyzeStorage(246)) - The storage directory /workdir/hadoop-ozone/ozonefs/target/test-dir/MiniOzoneClusterImpl-e7cad2d7-1ecb-4c95-8765-1dbadc3630b8/datanode-0/data/ratis/e6253dc8-9f8f-49d9-8fc0-4d8dafa90185 does not exist. Creating ...
2019-09-19 10:28:31,161 [pool-133-thread-1] INFO  storage.RaftStorageDirectory (RaftStorageDirectory.java:tryLock(328)) - Lock on /workdir/hadoop-ozone/ozonefs/target/test-dir/MiniOzoneClusterImpl-e7cad2d7-1ecb-4c95-8765-1dbadc3630b8/datanode-0/data/ratis/e6253dc8-9f8f-49d9-8fc0-4d8dafa90185/in_use.lock acquired by nodename 28323@pr-hdds-1569-cpgw4-1311585219
2019-09-19 10:28:31,174 [pool-133-thread-1] INFO  storage.RaftStorage (RaftStorage.java:format(72)) - Storage directory /workdir/hadoop-ozone/ozonefs/target/test-dir/MiniOzoneClusterImpl-e7cad2d7-1ecb-4c95-8765-1dbadc3630b8/datanode-0/data/ratis/e6253dc8-9f8f-49d9-8fc0-4d8dafa90185 has been successfully formatted.
2019-09-19 10:28:31,174 [pool-133-thread-1] INFO  ratis.ContainerStateMachine (ContainerStateMachine.java:loadSnapshot(226)) - group-4D8DAFA90185: The snapshot info is null. Setting the last applied indexto:(t:0, i:~)
2019-09-19 10:28:31,174 [pool-133-thread-1] INFO  server.RaftServerConfigKeys (ConfUtils.java:logGet(43)) - raft.server.leader.election.timeout = 120s (custom)
2019-09-19 10:28:31,174 [pool-133-thread-1] INFO  server.RaftServerConfigKeys (ConfUtils.java:logGet(43)) - raft.server.log.use.memory = false (default)
2019-09-19 10:28:31,175 [pool-133-thread-1] INFO  server.RaftServerConfigKeys (ConfUtils.java:logGet(43)) - raft.server.log.purge.gap = 1000000 (custom)
2019-09-19 10:28:31,175 [pool-133-thread-1] INFO  server.RaftServerConfigKeys (ConfUtils.java:logGet(43)) - raft.server.log.appender.buffer.byte-limit = 33554432 (custom)
2019-09-19 10:28:31,175 [pool-133-thread-1] INFO  server.RaftServerConfigKeys (ConfUtils.java:logGet(43)) - raft.server.log.segment.size.max = 1048576 (custom)
2019-09-19 10:28:31,175 [pool-133-thread-1] INFO  server.RaftServerConfigKeys (ConfUtils.java:logGet(43)) - raft.server.log.segment.cache.num.max = 2 (custom)
2019-09-19 10:28:31,175 [pool-133-thread-1] INFO  segmented.SegmentedRaftLogWorker (SegmentedRaftLogWorker.java:<init>(172)) - new a8d7ae7c-be33-4d4e-8089-c7ad9fcb54a5-SegmentedRaftLogWorker:Storage Directory /workdir/hadoop-ozone/ozonefs/target/test-dir/MiniOzoneClusterImpl-e7cad2d7-1ecb-4c95-8765-1dbadc3630b8/datanode-0/data/ratis/e6253dc8-9f8f-49d9-8fc0-4d8dafa90185 for RaftStorage:Storage Directory /workdir/hadoop-ozone/ozonefs/target/test-dir/MiniOzoneClusterImpl-e7cad2d7-1ecb-4c95-8765-1dbadc3630b8/datanode-0/data/ratis/e6253dc8-9f8f-49d9-8fc0-4d8dafa90185
2019-09-19 10:28:31,175 [pool-133-thread-1] INFO  server.RaftServerConfigKeys (ConfUtils.java:logGet(43)) - raft.server.log.queue.byte-limit = 2147483647 (custom)
2019-09-19 10:28:31,175 [pool-133-thread-1] INFO  server.RaftServerConfigKeys (ConfUtils.java:logGet(43)) - raft.server.log.queue.element-limit = 1024 (custom)
2019-09-19 10:28:31,176 [pool-133-thread-1] INFO  server.RaftServerConfigKeys (ConfUtils.java:logGet(43)) - raft.server.log.segment.size.max = 1048576 (custom)
2019-09-19 10:28:31,176 [pool-133-thread-1] INFO  server.RaftServerConfigKeys (ConfUtils.java:logGet(43)) - raft.server.log.preallocated.size = 16384 (custom)
2019-09-19 10:28:31,176 [pool-133-thread-1] INFO  server.RaftServerConfigKeys (ConfUtils.java:logGet(43)) - raft.server.log.write.buffer.size = 33554432 (custom)
2019-09-19 10:28:31,176 [pool-133-thread-1] INFO  server.RaftServerConfigKeys (ConfUtils.java:logGet(43)) - raft.server.log.force.sync.num = 128 (default)
2019-09-19 10:28:31,176 [pool-133-thread-1] INFO  server.RaftServerConfigKeys (ConfUtils.java:logGet(43)) - raft.server.log.statemachine.data.sync = true (default)
2019-09-19 10:28:31,176 [pool-133-thread-1] INFO  server.RaftServerConfigKeys (ConfUtils.java:logGet(43)) - raft.server.log.statemachine.data.sync.timeout = 10s (default)
2019-09-19 10:28:31,176 [pool-133-thread-1] INFO  server.RaftServerConfigKeys (ConfUtils.java:logGet(43)) - raft.server.log.statemachine.data.sync.timeout.retry = -1 (default)
2019-09-19 10:28:31,177 [pool-133-thread-1] INFO  server.RaftServerConfigKeys (ConfUtils.java:logGet(43)) - raft.server.log.statemachine.data.caching.enabled = true (custom)
2019-09-19 10:28:31,177 [pool-133-thread-1] INFO  segmented.SegmentedRaftLogWorker (SegmentedRaftLogWorker.java:lambda$new$0(132)) - a8d7ae7c-be33-4d4e-8089-c7ad9fcb54a5-SegmentedRaftLogWorker:Storage Directory /workdir/hadoop-ozone/ozonefs/target/test-dir/MiniOzoneClusterImpl-e7cad2d7-1ecb-4c95-8765-1dbadc3630b8/datanode-0/data/ratis/e6253dc8-9f8f-49d9-8fc0-4d8dafa90185: flushIndex: setUnconditionally 0 -> -1
2019-09-19 10:28:31,177 [pool-133-thread-1] INFO  server.RaftServerConfigKeys (ConfUtils.java:logGet(43)) - raft.server.snapshot.auto.trigger.enabled = true (custom)
2019-09-19 10:28:31,177 [pool-133-thread-1] INFO  server.RaftServerConfigKeys (ConfUtils.java:logGet(43)) - raft.server.snapshot.auto.trigger.threshold = 10000 (custom)
2019-09-19 10:28:31,178 [pool-133-thread-1] INFO  server.RaftServerConfigKeys (ConfUtils.java:logGet(43)) - raft.server.retrycache.expirytime = 600000ms (custom)
2019-09-19 10:28:31,178 [pool-133-thread-1] INFO  impl.RaftServerImpl (RaftServerImpl.java:start(180)) - a8d7ae7c-be33-4d4e-8089-c7ad9fcb54a5: start group-4D8DAFA90185
2019-09-19 10:28:31,178 [pool-133-thread-1] INFO  impl.RaftServerImpl (RaftServerImpl.java:setRole(171)) - a8d7ae7c-be33-4d4e-8089-c7ad9fcb54a5:group-4D8DAFA90185 changes role from null to FOLLOWER at term 0 for startAsFollower
2019-09-19 10:28:31,178 [pool-133-thread-1] INFO  impl.RoleInfo (RoleInfo.java:updateAndGet(143)) - a8d7ae7c-be33-4d4e-8089-c7ad9fcb54a5: start FollowerState
2019-09-19 10:28:31,179 [pool-133-thread-1] INFO  util.JmxRegister (JmxRegister.java:tryRegister(44)) - Successfully registered JMX Bean with object name Ratis:service=RaftServer,group=group-4D8DAFA90185,id=a8d7ae7c-be33-4d4e-8089-c7ad9fcb54a5
2019-09-19 10:28:31,182 [RatisPipelineUtilsThread] INFO  pipeline.PipelineStateManager (PipelineStateManager.java:addPipeline(56)) - Created pipeline Pipeline[ Id: e6253dc8-9f8f-49d9-8fc0-4d8dafa90185, Nodes: a8d7ae7c-be33-4d4e-8089-c7ad9fcb54a5{ip: 192.168.157.204, host: pr-hdds-1569-cpgw4-1311585219, networkLocation: /default-rack, certSerialId: null}, Type:RATIS, Factor:ONE, State:OPEN]
2019-09-19 10:28:31,183 [RatisPipelineUtilsThread] ERROR pipeline.PipelinePlacementPolicy (PipelinePlacementPolicy.java:meetCriteria(91)) - Pipeline Placement: Doesn't meet the criteria to be viable node. Heaviness: 6
2019-09-19 10:28:31,188 [grpc-default-executor-0] INFO  impl.RaftServerProxy (RaftServerProxy.java:addNew(89)) - 9646113d-e532-4156-a8e1-296dca7fce7b: addNew group-83750CFBB8DC:[9646113d-e532-4156-a8e1-296dca7fce7b:192.168.157.204:38753] returns group-83750CFBB8DC:java.util.concurrent.CompletableFuture@76b704a3[Not completed]
2019-09-19 10:28:31,190 [pool-144-thread-1] INFO  impl.RaftServerImpl (RaftServerImpl.java:<init>(93)) - 9646113d-e532-4156-a8e1-296dca7fce7b: new RaftServerImpl for group-83750CFBB8DC:[9646113d-e532-4156-a8e1-296dca7fce7b:192.168.157.204:38753] with ContainerStateMachine:uninitialized
2019-09-19 10:28:31,190 [pool-144-thread-1] INFO  server.RaftServerConfigKeys (ConfUtils.java:logGet(43)) - raft.server.rpc.timeout.min = 5s (custom)
2019-09-19 10:28:31,190 [pool-144-thread-1] INFO  server.RaftServerConfigKeys (ConfUtils.java:logGet(43)) - raft.server.rpc.timeout.max = 5200ms (custom)
2019-09-19 10:28:31,190 [pool-144-thread-1] INFO  server.RaftServerConfigKeys (ConfUtils.java:logGet(43)) - raft.server.rpcslowness.timeout = 120s (custom)
2019-09-19 10:28:31,190 [pool-144-thread-1] INFO  server.RaftServerConfigKeys (ConfUtils.java:logGet(43)) - raft.server.sleep.deviation.threshold = 300 (default)
2019-09-19 10:28:31,191 [pool-144-thread-1] INFO  server.RaftServerConfigKeys (ConfUtils.java:logGet(43)) - raft.server.log.appender.install.snapshot.enabled = false (custom)
2019-09-19 10:28:31,191 [pool-144-thread-1] INFO  impl.RaftServerImpl (ServerState.java:<init>(105)) - 9646113d-e532-4156-a8e1-296dca7fce7b:group-83750CFBB8DC ConfigurationManager, init=-1: [9646113d-e532-4156-a8e1-296dca7fce7b:192.168.157.204:38753], old=null, confs=<EMPTY_MAP>
2019-09-19 10:28:31,191 [pool-144-thread-1] INFO  server.RaftServerConfigKeys (ConfUtils.java:logGet(43)) - raft.server.storage.dir = [/workdir/hadoop-ozone/ozonefs/target/test-dir/MiniOzoneClusterImpl-e7cad2d7-1ecb-4c95-8765-1dbadc3630b8/datanode-1/data/ratis] (custom)
2019-09-19 10:28:31,191 [pool-144-thread-1] INFO  storage.RaftStorageDirectory (RaftStorageDirectory.java:analyzeStorage(246)) - The storage directory /workdir/hadoop-ozone/ozonefs/target/test-dir/MiniOzoneClusterImpl-e7cad2d7-1ecb-4c95-8765-1dbadc3630b8/datanode-1/data/ratis/0705c1a2-a372-4061-a9a7-83750cfbb8dc does not exist. Creating ...
2019-09-19 10:28:31,205 [pool-144-thread-1] INFO  storage.RaftStorageDirectory (RaftStorageDirectory.java:tryLock(328)) - Lock on /workdir/hadoop-ozone/ozonefs/target/test-dir/MiniOzoneClusterImpl-e7cad2d7-1ecb-4c95-8765-1dbadc3630b8/datanode-1/data/ratis/0705c1a2-a372-4061-a9a7-83750cfbb8dc/in_use.lock acquired by nodename 28323@pr-hdds-1569-cpgw4-1311585219
2019-09-19 10:28:31,219 [pool-144-thread-1] INFO  storage.RaftStorage (RaftStorage.java:format(72)) - Storage directory /workdir/hadoop-ozone/ozonefs/target/test-dir/MiniOzoneClusterImpl-e7cad2d7-1ecb-4c95-8765-1dbadc3630b8/datanode-1/data/ratis/0705c1a2-a372-4061-a9a7-83750cfbb8dc has been successfully formatted.
2019-09-19 10:28:31,219 [pool-144-thread-1] INFO  ratis.ContainerStateMachine (ContainerStateMachine.java:loadSnapshot(226)) - group-83750CFBB8DC: The snapshot info is null. Setting the last applied indexto:(t:0, i:~)
2019-09-19 10:28:31,219 [pool-144-thread-1] INFO  server.RaftServerConfigKeys (ConfUtils.java:logGet(43)) - raft.server.leader.election.timeout = 120s (custom)
2019-09-19 10:28:31,219 [pool-144-thread-1] INFO  server.RaftServerConfigKeys (ConfUtils.java:logGet(43)) - raft.server.log.use.memory = false (default)
2019-09-19 10:28:31,220 [pool-144-thread-1] INFO  server.RaftServerConfigKeys (ConfUtils.java:logGet(43)) - raft.server.log.purge.gap = 1000000 (custom)
2019-09-19 10:28:31,220 [pool-144-thread-1] INFO  server.RaftServerConfigKeys (ConfUtils.java:logGet(43)) - raft.server.log.appender.buffer.byte-limit = 33554432 (custom)
2019-09-19 10:28:31,220 [pool-144-thread-1] INFO  server.RaftServerConfigKeys (ConfUtils.java:logGet(43)) - raft.server.log.segment.size.max = 1048576 (custom)
2019-09-19 10:28:31,220 [pool-144-thread-1] INFO  server.RaftServerConfigKeys (ConfUtils.java:logGet(43)) - raft.server.log.segment.cache.num.max = 2 (custom)
2019-09-19 10:28:31,220 [pool-144-thread-1] INFO  segmented.SegmentedRaftLogWorker (SegmentedRaftLogWorker.java:<init>(172)) - new 9646113d-e532-4156-a8e1-296dca7fce7b-SegmentedRaftLogWorker:Storage Directory /workdir/hadoop-ozone/ozonefs/target/test-dir/MiniOzoneClusterImpl-e7cad2d7-1ecb-4c95-8765-1dbadc3630b8/datanode-1/data/ratis/0705c1a2-a372-4061-a9a7-83750cfbb8dc for RaftStorage:Storage Directory /workdir/hadoop-ozone/ozonefs/target/test-dir/MiniOzoneClusterImpl-e7cad2d7-1ecb-4c95-8765-1dbadc3630b8/datanode-1/data/ratis/0705c1a2-a372-4061-a9a7-83750cfbb8dc
2019-09-19 10:28:31,221 [pool-144-thread-1] INFO  server.RaftServerConfigKeys (ConfUtils.java:logGet(43)) - raft.server.log.queue.byte-limit = 2147483647 (custom)
2019-09-19 10:28:31,221 [pool-144-thread-1] INFO  server.RaftServerConfigKeys (ConfUtils.java:logGet(43)) - raft.server.log.queue.element-limit = 1024 (custom)
2019-09-19 10:28:31,221 [pool-144-thread-1] INFO  server.RaftServerConfigKeys (ConfUtils.java:logGet(43)) - raft.server.log.segment.size.max = 1048576 (custom)
2019-09-19 10:28:31,221 [pool-144-thread-1] INFO  server.RaftServerConfigKeys (ConfUtils.java:logGet(43)) - raft.server.log.preallocated.size = 16384 (custom)
2019-09-19 10:28:31,221 [pool-144-thread-1] INFO  server.RaftServerConfigKeys (ConfUtils.java:logGet(43)) - raft.server.log.write.buffer.size = 33554432 (custom)
2019-09-19 10:28:31,221 [pool-144-thread-1] INFO  server.RaftServerConfigKeys (ConfUtils.java:logGet(43)) - raft.server.log.force.sync.num = 128 (default)
2019-09-19 10:28:31,221 [pool-144-thread-1] INFO  server.RaftServerConfigKeys (ConfUtils.java:logGet(43)) - raft.server.log.statemachine.data.sync = true (default)
2019-09-19 10:28:31,222 [pool-144-thread-1] INFO  server.RaftServerConfigKeys (ConfUtils.java:logGet(43)) - raft.server.log.statemachine.data.sync.timeout = 10s (default)
2019-09-19 10:28:31,222 [pool-144-thread-1] INFO  server.RaftServerConfigKeys (ConfUtils.java:logGet(43)) - raft.server.log.statemachine.data.sync.timeout.retry = -1 (default)
2019-09-19 10:28:31,222 [pool-144-thread-1] INFO  server.RaftServerConfigKeys (ConfUtils.java:logGet(43)) - raft.server.log.statemachine.data.caching.enabled = true (custom)
2019-09-19 10:28:31,222 [pool-144-thread-1] INFO  segmented.SegmentedRaftLogWorker (SegmentedRaftLogWorker.java:lambda$new$0(132)) - 9646113d-e532-4156-a8e1-296dca7fce7b-SegmentedRaftLogWorker:Storage Directory /workdir/hadoop-ozone/ozonefs/target/test-dir/MiniOzoneClusterImpl-e7cad2d7-1ecb-4c95-8765-1dbadc3630b8/datanode-1/data/ratis/0705c1a2-a372-4061-a9a7-83750cfbb8dc: flushIndex: setUnconditionally 0 -> -1
2019-09-19 10:28:31,223 [pool-144-thread-1] INFO  server.RaftServerConfigKeys (ConfUtils.java:logGet(43)) - raft.server.snapshot.auto.trigger.enabled = true (custom)
2019-09-19 10:28:31,223 [pool-144-thread-1] INFO  server.RaftServerConfigKeys (ConfUtils.java:logGet(43)) - raft.server.snapshot.auto.trigger.threshold = 10000 (custom)
2019-09-19 10:28:31,223 [pool-144-thread-1] INFO  server.RaftServerConfigKeys (ConfUtils.java:logGet(43)) - raft.server.retrycache.expirytime = 600000ms (custom)
2019-09-19 10:28:31,223 [pool-144-thread-1] INFO  impl.RaftServerImpl (RaftServerImpl.java:start(180)) - 9646113d-e532-4156-a8e1-296dca7fce7b: start group-83750CFBB8DC
2019-09-19 10:28:31,224 [pool-144-thread-1] INFO  impl.RaftServerImpl (RaftServerImpl.java:setRole(171)) - 9646113d-e532-4156-a8e1-296dca7fce7b:group-83750CFBB8DC changes role from null to FOLLOWER at term 0 for startAsFollower
2019-09-19 10:28:31,224 [pool-144-thread-1] INFO  impl.RoleInfo (RoleInfo.java:updateAndGet(143)) - 9646113d-e532-4156-a8e1-296dca7fce7b: start FollowerState
2019-09-19 10:28:31,224 [pool-144-thread-1] INFO  util.JmxRegister (JmxRegister.java:tryRegister(44)) - Successfully registered JMX Bean with object name Ratis:service=RaftServer,group=group-83750CFBB8DC,id=9646113d-e532-4156-a8e1-296dca7fce7b
2019-09-19 10:28:31,230 [RatisPipelineUtilsThread] INFO  pipeline.PipelineStateManager (PipelineStateManager.java:addPipeline(56)) - Created pipeline Pipeline[ Id: 0705c1a2-a372-4061-a9a7-83750cfbb8dc, Nodes: 9646113d-e532-4156-a8e1-296dca7fce7b{ip: 192.168.157.204, host: pr-hdds-1569-cpgw4-1311585219, networkLocation: /default-rack, certSerialId: null}, Type:RATIS, Factor:ONE, State:OPEN]
2019-09-19 10:28:31,231 [RatisPipelineUtilsThread] ERROR pipeline.PipelinePlacementPolicy (PipelinePlacementPolicy.java:meetCriteria(91)) - Pipeline Placement: Doesn't meet the criteria to be viable node. Heaviness: 6
2019-09-19 10:28:31,236 [grpc-default-executor-0] INFO  impl.RaftServerProxy (RaftServerProxy.java:addNew(89)) - 9646113d-e532-4156-a8e1-296dca7fce7b: addNew group-6FB26D1A30F6:[9646113d-e532-4156-a8e1-296dca7fce7b:192.168.157.204:38753] returns group-6FB26D1A30F6:java.util.concurrent.CompletableFuture@4bd39e3b[Not completed]
2019-09-19 10:28:31,238 [pool-144-thread-1] INFO  impl.RaftServerImpl (RaftServerImpl.java:<init>(93)) - 9646113d-e532-4156-a8e1-296dca7fce7b: new RaftServerImpl for group-6FB26D1A30F6:[9646113d-e532-4156-a8e1-296dca7fce7b:192.168.157.204:38753] with ContainerStateMachine:uninitialized
2019-09-19 10:28:31,238 [pool-144-thread-1] INFO  server.RaftServerConfigKeys (ConfUtils.java:logGet(43)) - raft.server.rpc.timeout.min = 5s (custom)
2019-09-19 10:28:31,238 [pool-144-thread-1] INFO  server.RaftServerConfigKeys (ConfUtils.java:logGet(43)) - raft.server.rpc.timeout.max = 5200ms (custom)
2019-09-19 10:28:31,238 [pool-144-thread-1] INFO  server.RaftServerConfigKeys (ConfUtils.java:logGet(43)) - raft.server.rpcslowness.timeout = 120s (custom)
2019-09-19 10:28:31,239 [pool-144-thread-1] INFO  server.RaftServerConfigKeys (ConfUtils.java:logGet(43)) - raft.server.sleep.deviation.threshold = 300 (default)
2019-09-19 10:28:31,239 [pool-144-thread-1] INFO  server.RaftServerConfigKeys (ConfUtils.java:logGet(43)) - raft.server.log.appender.install.snapshot.enabled = false (custom)
2019-09-19 10:28:31,239 [pool-144-thread-1] INFO  impl.RaftServerImpl (ServerState.java:<init>(105)) - 9646113d-e532-4156-a8e1-296dca7fce7b:group-6FB26D1A30F6 ConfigurationManager, init=-1: [9646113d-e532-4156-a8e1-296dca7fce7b:192.168.157.204:38753], old=null, confs=<EMPTY_MAP>
2019-09-19 10:28:31,239 [pool-144-thread-1] INFO  server.RaftServerConfigKeys (ConfUtils.java:logGet(43)) - raft.server.storage.dir = [/workdir/hadoop-ozone/ozonefs/target/test-dir/MiniOzoneClusterImpl-e7cad2d7-1ecb-4c95-8765-1dbadc3630b8/datanode-1/data/ratis] (custom)
2019-09-19 10:28:31,239 [pool-144-thread-1] INFO  storage.RaftStorageDirectory (RaftStorageDirectory.java:analyzeStorage(246)) - The storage directory /workdir/hadoop-ozone/ozonefs/target/test-dir/MiniOzoneClusterImpl-e7cad2d7-1ecb-4c95-8765-1dbadc3630b8/datanode-1/data/ratis/08df3e9f-cd58-4777-8072-6fb26d1a30f6 does not exist. Creating ...
2019-09-19 10:28:31,253 [pool-144-thread-1] INFO  storage.RaftStorageDirectory (RaftStorageDirectory.java:tryLock(328)) - Lock on /workdir/hadoop-ozone/ozonefs/target/test-dir/MiniOzoneClusterImpl-e7cad2d7-1ecb-4c95-8765-1dbadc3630b8/datanode-1/data/ratis/08df3e9f-cd58-4777-8072-6fb26d1a30f6/in_use.lock acquired by nodename 28323@pr-hdds-1569-cpgw4-1311585219
2019-09-19 10:28:31,266 [pool-144-thread-1] INFO  storage.RaftStorage (RaftStorage.java:format(72)) - Storage directory /workdir/hadoop-ozone/ozonefs/target/test-dir/MiniOzoneClusterImpl-e7cad2d7-1ecb-4c95-8765-1dbadc3630b8/datanode-1/data/ratis/08df3e9f-cd58-4777-8072-6fb26d1a30f6 has been successfully formatted.
2019-09-19 10:28:31,267 [pool-144-thread-1] INFO  ratis.ContainerStateMachine (ContainerStateMachine.java:loadSnapshot(226)) - group-6FB26D1A30F6: The snapshot info is null. Setting the last applied indexto:(t:0, i:~)
2019-09-19 10:28:31,267 [pool-144-thread-1] INFO  server.RaftServerConfigKeys (ConfUtils.java:logGet(43)) - raft.server.leader.election.timeout = 120s (custom)
2019-09-19 10:28:31,267 [pool-144-thread-1] INFO  server.RaftServerConfigKeys (ConfUtils.java:logGet(43)) - raft.server.log.use.memory = false (default)
2019-09-19 10:28:31,267 [pool-144-thread-1] INFO  server.RaftServerConfigKeys (ConfUtils.java:logGet(43)) - raft.server.log.purge.gap = 1000000 (custom)
2019-09-19 10:28:31,267 [pool-144-thread-1] INFO  server.RaftServerConfigKeys (ConfUtils.java:logGet(43)) - raft.server.log.appender.buffer.byte-limit = 33554432 (custom)
2019-09-19 10:28:31,268 [pool-144-thread-1] INFO  server.RaftServerConfigKeys (ConfUtils.java:logGet(43)) - raft.server.log.segment.size.max = 1048576 (custom)
2019-09-19 10:28:31,268 [pool-144-thread-1] INFO  server.RaftServerConfigKeys (ConfUtils.java:logGet(43)) - raft.server.log.segment.cache.num.max = 2 (custom)
2019-09-19 10:28:31,268 [pool-144-thread-1] INFO  segmented.SegmentedRaftLogWorker (SegmentedRaftLogWorker.java:<init>(172)) - new 9646113d-e532-4156-a8e1-296dca7fce7b-SegmentedRaftLogWorker:Storage Directory /workdir/hadoop-ozone/ozonefs/target/test-dir/MiniOzoneClusterImpl-e7cad2d7-1ecb-4c95-8765-1dbadc3630b8/datanode-1/data/ratis/08df3e9f-cd58-4777-8072-6fb26d1a30f6 for RaftStorage:Storage Directory /workdir/hadoop-ozone/ozonefs/target/test-dir/MiniOzoneClusterImpl-e7cad2d7-1ecb-4c95-8765-1dbadc3630b8/datanode-1/data/ratis/08df3e9f-cd58-4777-8072-6fb26d1a30f6
2019-09-19 10:28:31,268 [pool-144-thread-1] INFO  server.RaftServerConfigKeys (ConfUtils.java:logGet(43)) - raft.server.log.queue.byte-limit = 2147483647 (custom)
2019-09-19 10:28:31,269 [pool-144-thread-1] INFO  server.RaftServerConfigKeys (ConfUtils.java:logGet(43)) - raft.server.log.queue.element-limit = 1024 (custom)
2019-09-19 10:28:31,269 [pool-144-thread-1] INFO  server.RaftServerConfigKeys (ConfUtils.java:logGet(43)) - raft.server.log.segment.size.max = 1048576 (custom)
2019-09-19 10:28:31,269 [pool-144-thread-1] INFO  server.RaftServerConfigKeys (ConfUtils.java:logGet(43)) - raft.server.log.preallocated.size = 16384 (custom)
2019-09-19 10:28:31,269 [pool-144-thread-1] INFO  server.RaftServerConfigKeys (ConfUtils.java:logGet(43)) - raft.server.log.write.buffer.size = 33554432 (custom)
2019-09-19 10:28:31,269 [pool-144-thread-1] INFO  server.RaftServerConfigKeys (ConfUtils.java:logGet(43)) - raft.server.log.force.sync.num = 128 (default)
2019-09-19 10:28:31,269 [pool-144-thread-1] INFO  server.RaftServerConfigKeys (ConfUtils.java:logGet(43)) - raft.server.log.statemachine.data.sync = true (default)
2019-09-19 10:28:31,270 [pool-144-thread-1] INFO  server.RaftServerConfigKeys (ConfUtils.java:logGet(43)) - raft.server.log.statemachine.data.sync.timeout = 10s (default)
2019-09-19 10:28:31,270 [pool-144-thread-1] INFO  server.RaftServerConfigKeys (ConfUtils.java:logGet(43)) - raft.server.log.statemachine.data.sync.timeout.retry = -1 (default)
2019-09-19 10:28:31,270 [pool-144-thread-1] INFO  server.RaftServerConfigKeys (ConfUtils.java:logGet(43)) - raft.server.log.statemachine.data.caching.enabled = true (custom)
2019-09-19 10:28:31,271 [pool-144-thread-1] INFO  segmented.SegmentedRaftLogWorker (SegmentedRaftLogWorker.java:lambda$new$0(132)) - 9646113d-e532-4156-a8e1-296dca7fce7b-SegmentedRaftLogWorker:Storage Directory /workdir/hadoop-ozone/ozonefs/target/test-dir/MiniOzoneClusterImpl-e7cad2d7-1ecb-4c95-8765-1dbadc3630b8/datanode-1/data/ratis/08df3e9f-cd58-4777-8072-6fb26d1a30f6: flushIndex: setUnconditionally 0 -> -1
2019-09-19 10:28:31,271 [pool-144-thread-1] INFO  server.RaftServerConfigKeys (ConfUtils.java:logGet(43)) - raft.server.snapshot.auto.trigger.enabled = true (custom)
2019-09-19 10:28:31,271 [pool-144-thread-1] INFO  server.RaftServerConfigKeys (ConfUtils.java:logGet(43)) - raft.server.snapshot.auto.trigger.threshold = 10000 (custom)
2019-09-19 10:28:31,272 [pool-144-thread-1] INFO  server.RaftServerConfigKeys (ConfUtils.java:logGet(43)) - raft.server.retrycache.expirytime = 600000ms (custom)
2019-09-19 10:28:31,272 [pool-144-thread-1] INFO  impl.RaftServerImpl (RaftServerImpl.java:start(180)) - 9646113d-e532-4156-a8e1-296dca7fce7b: start group-6FB26D1A30F6
2019-09-19 10:28:31,272 [pool-144-thread-1] INFO  impl.RaftServerImpl (RaftServerImpl.java:setRole(171)) - 9646113d-e532-4156-a8e1-296dca7fce7b:group-6FB26D1A30F6 changes role from null to FOLLOWER at term 0 for startAsFollower
2019-09-19 10:28:31,272 [pool-144-thread-1] INFO  impl.RoleInfo (RoleInfo.java:updateAndGet(143)) - 9646113d-e532-4156-a8e1-296dca7fce7b: start FollowerState
2019-09-19 10:28:31,273 [pool-144-thread-1] INFO  util.JmxRegister (JmxRegister.java:tryRegister(44)) - Successfully registered JMX Bean with object name Ratis:service=RaftServer,group=group-6FB26D1A30F6,id=9646113d-e532-4156-a8e1-296dca7fce7b
2019-09-19 10:28:31,278 [RatisPipelineUtilsThread] INFO  pipeline.PipelineStateManager (PipelineStateManager.java:addPipeline(56)) - Created pipeline Pipeline[ Id: 08df3e9f-cd58-4777-8072-6fb26d1a30f6, Nodes: 9646113d-e532-4156-a8e1-296dca7fce7b{ip: 192.168.157.204, host: pr-hdds-1569-cpgw4-1311585219, networkLocation: /default-rack, certSerialId: null}, Type:RATIS, Factor:ONE, State:OPEN]
2019-09-19 10:28:31,278 [RatisPipelineUtilsThread] ERROR pipeline.PipelinePlacementPolicy (PipelinePlacementPolicy.java:meetCriteria(91)) - Pipeline Placement: Doesn't meet the criteria to be viable node. Heaviness: 6
2019-09-19 10:28:31,286 [grpc-default-executor-0] INFO  impl.RaftServerProxy (RaftServerProxy.java:addNew(89)) - 9646113d-e532-4156-a8e1-296dca7fce7b: addNew group-7804032FCA4A:[9646113d-e532-4156-a8e1-296dca7fce7b:192.168.157.204:38753] returns group-7804032FCA4A:java.util.concurrent.CompletableFuture@794609c4[Not completed]
2019-09-19 10:28:31,288 [pool-144-thread-1] INFO  impl.RaftServerImpl (RaftServerImpl.java:<init>(93)) - 9646113d-e532-4156-a8e1-296dca7fce7b: new RaftServerImpl for group-7804032FCA4A:[9646113d-e532-4156-a8e1-296dca7fce7b:192.168.157.204:38753] with ContainerStateMachine:uninitialized
2019-09-19 10:28:31,288 [pool-144-thread-1] INFO  server.RaftServerConfigKeys (ConfUtils.java:logGet(43)) - raft.server.rpc.timeout.min = 5s (custom)
2019-09-19 10:28:31,288 [pool-144-thread-1] INFO  server.RaftServerConfigKeys (ConfUtils.java:logGet(43)) - raft.server.rpc.timeout.max = 5200ms (custom)
2019-09-19 10:28:31,288 [pool-144-thread-1] INFO  server.RaftServerConfigKeys (ConfUtils.java:logGet(43)) - raft.server.rpcslowness.timeout = 120s (custom)
2019-09-19 10:28:31,288 [pool-144-thread-1] INFO  server.RaftServerConfigKeys (ConfUtils.java:logGet(43)) - raft.server.sleep.deviation.threshold = 300 (default)
2019-09-19 10:28:31,289 [pool-144-thread-1] INFO  server.RaftServerConfigKeys (ConfUtils.java:logGet(43)) - raft.server.log.appender.install.snapshot.enabled = false (custom)
2019-09-19 10:28:31,289 [pool-144-thread-1] INFO  impl.RaftServerImpl (ServerState.java:<init>(105)) - 9646113d-e532-4156-a8e1-296dca7fce7b:group-7804032FCA4A ConfigurationManager, init=-1: [9646113d-e532-4156-a8e1-296dca7fce7b:192.168.157.204:38753], old=null, confs=<EMPTY_MAP>
2019-09-19 10:28:31,289 [pool-144-thread-1] INFO  server.RaftServerConfigKeys (ConfUtils.java:logGet(43)) - raft.server.storage.dir = [/workdir/hadoop-ozone/ozonefs/target/test-dir/MiniOzoneClusterImpl-e7cad2d7-1ecb-4c95-8765-1dbadc3630b8/datanode-1/data/ratis] (custom)
2019-09-19 10:28:31,289 [pool-144-thread-1] INFO  storage.RaftStorageDirectory (RaftStorageDirectory.java:analyzeStorage(246)) - The storage directory /workdir/hadoop-ozone/ozonefs/target/test-dir/MiniOzoneClusterImpl-e7cad2d7-1ecb-4c95-8765-1dbadc3630b8/datanode-1/data/ratis/18b40408-2d1c-49d0-ae20-7804032fca4a does not exist. Creating ...
2019-09-19 10:28:31,302 [pool-144-thread-1] INFO  storage.RaftStorageDirectory (RaftStorageDirectory.java:tryLock(328)) - Lock on /workdir/hadoop-ozone/ozonefs/target/test-dir/MiniOzoneClusterImpl-e7cad2d7-1ecb-4c95-8765-1dbadc3630b8/datanode-1/data/ratis/18b40408-2d1c-49d0-ae20-7804032fca4a/in_use.lock acquired by nodename 28323@pr-hdds-1569-cpgw4-1311585219
2019-09-19 10:28:31,303 [Thread-540] INFO  ozone.MiniOzoneClusterImpl (MiniOzoneClusterImpl.java:lambda$waitForClusterToBeReady$0(142)) - Waiting for cluster to be ready. Got 2 of 3 DN Heartbeats.
2019-09-19 10:28:31,305 [IPC Server handler 1 on 40610] INFO  net.NetworkTopology (NetworkTopologyImpl.java:add(110)) - Added a new node: /default-rack/a9be3d64-f69e-4a94-baf4-3c0042568077
2019-09-19 10:28:31,306 [IPC Server handler 1 on 40610] INFO  node.SCMNodeManager (SCMNodeManager.java:register(273)) - Registered Data node : a9be3d64-f69e-4a94-baf4-3c0042568077{ip: 192.168.157.204, host: pr-hdds-1569-cpgw4-1311585219, networkLocation: /default-rack, certSerialId: null}
2019-09-19 10:28:31,306 | INFO  | SCMAudit | user=jenkins1000 | ip=192.168.157.204 | op=REGISTER {datanodeDetails=a9be3d64-f69e-4a94-baf4-3c0042568077{ip: 192.168.157.204, host: pr-hdds-1569-cpgw4-1311585219, networkLocation: /default-rack, certSerialId: null}} | ret=SUCCESS |  
2019-09-19 10:28:31,315 [pool-144-thread-1] INFO  storage.RaftStorage (RaftStorage.java:format(72)) - Storage directory /workdir/hadoop-ozone/ozonefs/target/test-dir/MiniOzoneClusterImpl-e7cad2d7-1ecb-4c95-8765-1dbadc3630b8/datanode-1/data/ratis/18b40408-2d1c-49d0-ae20-7804032fca4a has been successfully formatted.
2019-09-19 10:28:31,315 [pool-144-thread-1] INFO  ratis.ContainerStateMachine (ContainerStateMachine.java:loadSnapshot(226)) - group-7804032FCA4A: The snapshot info is null. Setting the last applied indexto:(t:0, i:~)
2019-09-19 10:28:31,315 [pool-144-thread-1] INFO  server.RaftServerConfigKeys (ConfUtils.java:logGet(43)) - raft.server.leader.election.timeout = 120s (custom)
2019-09-19 10:28:31,316 [pool-144-thread-1] INFO  server.RaftServerConfigKeys (ConfUtils.java:logGet(43)) - raft.server.log.use.memory = false (default)
2019-09-19 10:28:31,316 [pool-144-thread-1] INFO  server.RaftServerConfigKeys (ConfUtils.java:logGet(43)) - raft.server.log.purge.gap = 1000000 (custom)
2019-09-19 10:28:31,316 [pool-144-thread-1] INFO  server.RaftServerConfigKeys (ConfUtils.java:logGet(43)) - raft.server.log.appender.buffer.byte-limit = 33554432 (custom)
2019-09-19 10:28:31,316 [pool-144-thread-1] INFO  server.RaftServerConfigKeys (ConfUtils.java:logGet(43)) - raft.server.log.segment.size.max = 1048576 (custom)
2019-09-19 10:28:31,316 [pool-144-thread-1] INFO  server.RaftServerConfigKeys (ConfUtils.java:logGet(43)) - raft.server.log.segment.cache.num.max = 2 (custom)
2019-09-19 10:28:31,316 [pool-144-thread-1] INFO  segmented.SegmentedRaftLogWorker (SegmentedRaftLogWorker.java:<init>(172)) - new 9646113d-e532-4156-a8e1-296dca7fce7b-SegmentedRaftLogWorker:Storage Directory /workdir/hadoop-ozone/ozonefs/target/test-dir/MiniOzoneClusterImpl-e7cad2d7-1ecb-4c95-8765-1dbadc3630b8/datanode-1/data/ratis/18b40408-2d1c-49d0-ae20-7804032fca4a for RaftStorage:Storage Directory /workdir/hadoop-ozone/ozonefs/target/test-dir/MiniOzoneClusterImpl-e7cad2d7-1ecb-4c95-8765-1dbadc3630b8/datanode-1/data/ratis/18b40408-2d1c-49d0-ae20-7804032fca4a
2019-09-19 10:28:31,316 [pool-144-thread-1] INFO  server.RaftServerConfigKeys (ConfUtils.java:logGet(43)) - raft.server.log.queue.byte-limit = 2147483647 (custom)
2019-09-19 10:28:31,317 [pool-144-thread-1] INFO  server.RaftServerConfigKeys (ConfUtils.java:logGet(43)) - raft.server.log.queue.element-limit = 1024 (custom)
2019-09-19 10:28:31,317 [pool-144-thread-1] INFO  server.RaftServerConfigKeys (ConfUtils.java:logGet(43)) - raft.server.log.segment.size.max = 1048576 (custom)
2019-09-19 10:28:31,317 [pool-144-thread-1] INFO  server.RaftServerConfigKeys (ConfUtils.java:logGet(43)) - raft.server.log.preallocated.size = 16384 (custom)
2019-09-19 10:28:31,317 [pool-144-thread-1] INFO  server.RaftServerConfigKeys (ConfUtils.java:logGet(43)) - raft.server.log.write.buffer.size = 33554432 (custom)
2019-09-19 10:28:31,317 [pool-144-thread-1] INFO  server.RaftServerConfigKeys (ConfUtils.java:logGet(43)) - raft.server.log.force.sync.num = 128 (default)
2019-09-19 10:28:31,317 [pool-144-thread-1] INFO  server.RaftServerConfigKeys (ConfUtils.java:logGet(43)) - raft.server.log.statemachine.data.sync = true (default)
2019-09-19 10:28:31,317 [pool-144-thread-1] INFO  server.RaftServerConfigKeys (ConfUtils.java:logGet(43)) - raft.server.log.statemachine.data.sync.timeout = 10s (default)
2019-09-19 10:28:31,318 [pool-144-thread-1] INFO  server.RaftServerConfigKeys (ConfUtils.java:logGet(43)) - raft.server.log.statemachine.data.sync.timeout.retry = -1 (default)
2019-09-19 10:28:31,318 [pool-144-thread-1] INFO  server.RaftServerConfigKeys (ConfUtils.java:logGet(43)) - raft.server.log.statemachine.data.caching.enabled = true (custom)
2019-09-19 10:28:31,318 [pool-144-thread-1] INFO  segmented.SegmentedRaftLogWorker (SegmentedRaftLogWorker.java:lambda$new$0(132)) - 9646113d-e532-4156-a8e1-296dca7fce7b-SegmentedRaftLogWorker:Storage Directory /workdir/hadoop-ozone/ozonefs/target/test-dir/MiniOzoneClusterImpl-e7cad2d7-1ecb-4c95-8765-1dbadc3630b8/datanode-1/data/ratis/18b40408-2d1c-49d0-ae20-7804032fca4a: flushIndex: setUnconditionally 0 -> -1
2019-09-19 10:28:31,318 [pool-144-thread-1] INFO  server.RaftServerConfigKeys (ConfUtils.java:logGet(43)) - raft.server.snapshot.auto.trigger.enabled = true (custom)
2019-09-19 10:28:31,318 [pool-144-thread-1] INFO  server.RaftServerConfigKeys (ConfUtils.java:logGet(43)) - raft.server.snapshot.auto.trigger.threshold = 10000 (custom)
2019-09-19 10:28:31,319 [pool-144-thread-1] INFO  server.RaftServerConfigKeys (ConfUtils.java:logGet(43)) - raft.server.retrycache.expirytime = 600000ms (custom)
2019-09-19 10:28:31,319 [pool-144-thread-1] INFO  impl.RaftServerImpl (RaftServerImpl.java:start(180)) - 9646113d-e532-4156-a8e1-296dca7fce7b: start group-7804032FCA4A
2019-09-19 10:28:31,319 [pool-144-thread-1] INFO  impl.RaftServerImpl (RaftServerImpl.java:setRole(171)) - 9646113d-e532-4156-a8e1-296dca7fce7b:group-7804032FCA4A changes role from null to FOLLOWER at term 0 for startAsFollower
2019-09-19 10:28:31,319 [pool-144-thread-1] INFO  impl.RoleInfo (RoleInfo.java:updateAndGet(143)) - 9646113d-e532-4156-a8e1-296dca7fce7b: start FollowerState
2019-09-19 10:28:31,319 [pool-144-thread-1] INFO  util.JmxRegister (JmxRegister.java:tryRegister(44)) - Successfully registered JMX Bean with object name Ratis:service=RaftServer,group=group-7804032FCA4A,id=9646113d-e532-4156-a8e1-296dca7fce7b
2019-09-19 10:28:31,322 [RatisPipelineUtilsThread] INFO  pipeline.PipelineStateManager (PipelineStateManager.java:addPipeline(56)) - Created pipeline Pipeline[ Id: 18b40408-2d1c-49d0-ae20-7804032fca4a, Nodes: 9646113d-e532-4156-a8e1-296dca7fce7b{ip: 192.168.157.204, host: pr-hdds-1569-cpgw4-1311585219, networkLocation: /default-rack, certSerialId: null}, Type:RATIS, Factor:ONE, State:OPEN]
2019-09-19 10:28:31,322 [RatisPipelineUtilsThread] ERROR pipeline.PipelinePlacementPolicy (PipelinePlacementPolicy.java:meetCriteria(91)) - Pipeline Placement: Doesn't meet the criteria to be viable node. Heaviness: 6
2019-09-19 10:28:31,329 [grpc-default-executor-0] INFO  impl.RaftServerProxy (RaftServerProxy.java:addNew(89)) - 9646113d-e532-4156-a8e1-296dca7fce7b: addNew group-0B8ECEEDC484:[9646113d-e532-4156-a8e1-296dca7fce7b:192.168.157.204:38753] returns group-0B8ECEEDC484:java.util.concurrent.CompletableFuture@5a4faaca[Not completed]
2019-09-19 10:28:31,330 [pool-144-thread-1] INFO  impl.RaftServerImpl (RaftServerImpl.java:<init>(93)) - 9646113d-e532-4156-a8e1-296dca7fce7b: new RaftServerImpl for group-0B8ECEEDC484:[9646113d-e532-4156-a8e1-296dca7fce7b:192.168.157.204:38753] with ContainerStateMachine:uninitialized
2019-09-19 10:28:31,330 [pool-144-thread-1] INFO  server.RaftServerConfigKeys (ConfUtils.java:logGet(43)) - raft.server.rpc.timeout.min = 5s (custom)
2019-09-19 10:28:31,330 [pool-144-thread-1] INFO  server.RaftServerConfigKeys (ConfUtils.java:logGet(43)) - raft.server.rpc.timeout.max = 5200ms (custom)
2019-09-19 10:28:31,330 [pool-144-thread-1] INFO  server.RaftServerConfigKeys (ConfUtils.java:logGet(43)) - raft.server.rpcslowness.timeout = 120s (custom)
2019-09-19 10:28:31,331 [pool-144-thread-1] INFO  server.RaftServerConfigKeys (ConfUtils.java:logGet(43)) - raft.server.sleep.deviation.threshold = 300 (default)
2019-09-19 10:28:31,331 [pool-144-thread-1] INFO  server.RaftServerConfigKeys (ConfUtils.java:logGet(43)) - raft.server.log.appender.install.snapshot.enabled = false (custom)
2019-09-19 10:28:31,331 [pool-144-thread-1] INFO  impl.RaftServerImpl (ServerState.java:<init>(105)) - 9646113d-e532-4156-a8e1-296dca7fce7b:group-0B8ECEEDC484 ConfigurationManager, init=-1: [9646113d-e532-4156-a8e1-296dca7fce7b:192.168.157.204:38753], old=null, confs=<EMPTY_MAP>
2019-09-19 10:28:31,331 [pool-144-thread-1] INFO  server.RaftServerConfigKeys (ConfUtils.java:logGet(43)) - raft.server.storage.dir = [/workdir/hadoop-ozone/ozonefs/target/test-dir/MiniOzoneClusterImpl-e7cad2d7-1ecb-4c95-8765-1dbadc3630b8/datanode-1/data/ratis] (custom)
2019-09-19 10:28:31,331 [pool-144-thread-1] INFO  storage.RaftStorageDirectory (RaftStorageDirectory.java:analyzeStorage(246)) - The storage directory /workdir/hadoop-ozone/ozonefs/target/test-dir/MiniOzoneClusterImpl-e7cad2d7-1ecb-4c95-8765-1dbadc3630b8/datanode-1/data/ratis/7b271ee2-5eca-40be-85df-0b8eceedc484 does not exist. Creating ...
2019-09-19 10:28:31,344 [pool-144-thread-1] INFO  storage.RaftStorageDirectory (RaftStorageDirectory.java:tryLock(328)) - Lock on /workdir/hadoop-ozone/ozonefs/target/test-dir/MiniOzoneClusterImpl-e7cad2d7-1ecb-4c95-8765-1dbadc3630b8/datanode-1/data/ratis/7b271ee2-5eca-40be-85df-0b8eceedc484/in_use.lock acquired by nodename 28323@pr-hdds-1569-cpgw4-1311585219
2019-09-19 10:28:31,358 [pool-144-thread-1] INFO  storage.RaftStorage (RaftStorage.java:format(72)) - Storage directory /workdir/hadoop-ozone/ozonefs/target/test-dir/MiniOzoneClusterImpl-e7cad2d7-1ecb-4c95-8765-1dbadc3630b8/datanode-1/data/ratis/7b271ee2-5eca-40be-85df-0b8eceedc484 has been successfully formatted.
2019-09-19 10:28:31,358 [pool-144-thread-1] INFO  ratis.ContainerStateMachine (ContainerStateMachine.java:loadSnapshot(226)) - group-0B8ECEEDC484: The snapshot info is null. Setting the last applied indexto:(t:0, i:~)
2019-09-19 10:28:31,358 [pool-144-thread-1] INFO  server.RaftServerConfigKeys (ConfUtils.java:logGet(43)) - raft.server.leader.election.timeout = 120s (custom)
2019-09-19 10:28:31,358 [pool-144-thread-1] INFO  server.RaftServerConfigKeys (ConfUtils.java:logGet(43)) - raft.server.log.use.memory = false (default)
2019-09-19 10:28:31,358 [pool-144-thread-1] INFO  server.RaftServerConfigKeys (ConfUtils.java:logGet(43)) - raft.server.log.purge.gap = 1000000 (custom)
2019-09-19 10:28:31,358 [pool-144-thread-1] INFO  server.RaftServerConfigKeys (ConfUtils.java:logGet(43)) - raft.server.log.appender.buffer.byte-limit = 33554432 (custom)
2019-09-19 10:28:31,359 [pool-144-thread-1] INFO  server.RaftServerConfigKeys (ConfUtils.java:logGet(43)) - raft.server.log.segment.size.max = 1048576 (custom)
2019-09-19 10:28:31,359 [pool-144-thread-1] INFO  server.RaftServerConfigKeys (ConfUtils.java:logGet(43)) - raft.server.log.segment.cache.num.max = 2 (custom)
2019-09-19 10:28:31,359 [pool-144-thread-1] INFO  segmented.SegmentedRaftLogWorker (SegmentedRaftLogWorker.java:<init>(172)) - new 9646113d-e532-4156-a8e1-296dca7fce7b-SegmentedRaftLogWorker:Storage Directory /workdir/hadoop-ozone/ozonefs/target/test-dir/MiniOzoneClusterImpl-e7cad2d7-1ecb-4c95-8765-1dbadc3630b8/datanode-1/data/ratis/7b271ee2-5eca-40be-85df-0b8eceedc484 for RaftStorage:Storage Directory /workdir/hadoop-ozone/ozonefs/target/test-dir/MiniOzoneClusterImpl-e7cad2d7-1ecb-4c95-8765-1dbadc3630b8/datanode-1/data/ratis/7b271ee2-5eca-40be-85df-0b8eceedc484
2019-09-19 10:28:31,359 [pool-144-thread-1] INFO  server.RaftServerConfigKeys (ConfUtils.java:logGet(43)) - raft.server.log.queue.byte-limit = 2147483647 (custom)
2019-09-19 10:28:31,359 [pool-144-thread-1] INFO  server.RaftServerConfigKeys (ConfUtils.java:logGet(43)) - raft.server.log.queue.element-limit = 1024 (custom)
2019-09-19 10:28:31,359 [pool-144-thread-1] INFO  server.RaftServerConfigKeys (ConfUtils.java:logGet(43)) - raft.server.log.segment.size.max = 1048576 (custom)
2019-09-19 10:28:31,359 [pool-144-thread-1] INFO  server.RaftServerConfigKeys (ConfUtils.java:logGet(43)) - raft.server.log.preallocated.size = 16384 (custom)
2019-09-19 10:28:31,359 [pool-144-thread-1] INFO  server.RaftServerConfigKeys (ConfUtils.java:logGet(43)) - raft.server.log.write.buffer.size = 33554432 (custom)
2019-09-19 10:28:31,360 [pool-144-thread-1] INFO  server.RaftServerConfigKeys (ConfUtils.java:logGet(43)) - raft.server.log.force.sync.num = 128 (default)
2019-09-19 10:28:31,360 [pool-144-thread-1] INFO  server.RaftServerConfigKeys (ConfUtils.java:logGet(43)) - raft.server.log.statemachine.data.sync = true (default)
2019-09-19 10:28:31,360 [pool-144-thread-1] INFO  server.RaftServerConfigKeys (ConfUtils.java:logGet(43)) - raft.server.log.statemachine.data.sync.timeout = 10s (default)
2019-09-19 10:28:31,360 [pool-144-thread-1] INFO  server.RaftServerConfigKeys (ConfUtils.java:logGet(43)) - raft.server.log.statemachine.data.sync.timeout.retry = -1 (default)
2019-09-19 10:28:31,360 [pool-144-thread-1] INFO  server.RaftServerConfigKeys (ConfUtils.java:logGet(43)) - raft.server.log.statemachine.data.caching.enabled = true (custom)
2019-09-19 10:28:31,360 [pool-144-thread-1] INFO  segmented.SegmentedRaftLogWorker (SegmentedRaftLogWorker.java:lambda$new$0(132)) - 9646113d-e532-4156-a8e1-296dca7fce7b-SegmentedRaftLogWorker:Storage Directory /workdir/hadoop-ozone/ozonefs/target/test-dir/MiniOzoneClusterImpl-e7cad2d7-1ecb-4c95-8765-1dbadc3630b8/datanode-1/data/ratis/7b271ee2-5eca-40be-85df-0b8eceedc484: flushIndex: setUnconditionally 0 -> -1
2019-09-19 10:28:31,361 [pool-144-thread-1] INFO  server.RaftServerConfigKeys (ConfUtils.java:logGet(43)) - raft.server.snapshot.auto.trigger.enabled = true (custom)
2019-09-19 10:28:31,361 [pool-144-thread-1] INFO  server.RaftServerConfigKeys (ConfUtils.java:logGet(43)) - raft.server.snapshot.auto.trigger.threshold = 10000 (custom)
2019-09-19 10:28:31,361 [pool-144-thread-1] INFO  server.RaftServerConfigKeys (ConfUtils.java:logGet(43)) - raft.server.retrycache.expirytime = 600000ms (custom)
2019-09-19 10:28:31,361 [pool-144-thread-1] INFO  impl.RaftServerImpl (RaftServerImpl.java:start(180)) - 9646113d-e532-4156-a8e1-296dca7fce7b: start group-0B8ECEEDC484
2019-09-19 10:28:31,361 [pool-144-thread-1] INFO  impl.RaftServerImpl (RaftServerImpl.java:setRole(171)) - 9646113d-e532-4156-a8e1-296dca7fce7b:group-0B8ECEEDC484 changes role from null to FOLLOWER at term 0 for startAsFollower
2019-09-19 10:28:31,361 [pool-144-thread-1] INFO  impl.RoleInfo (RoleInfo.java:updateAndGet(143)) - 9646113d-e532-4156-a8e1-296dca7fce7b: start FollowerState
2019-09-19 10:28:31,362 [pool-144-thread-1] INFO  util.JmxRegister (JmxRegister.java:tryRegister(44)) - Successfully registered JMX Bean with object name Ratis:service=RaftServer,group=group-0B8ECEEDC484,id=9646113d-e532-4156-a8e1-296dca7fce7b
2019-09-19 10:28:31,365 [RatisPipelineUtilsThread] INFO  pipeline.PipelineStateManager (PipelineStateManager.java:addPipeline(56)) - Created pipeline Pipeline[ Id: 7b271ee2-5eca-40be-85df-0b8eceedc484, Nodes: 9646113d-e532-4156-a8e1-296dca7fce7b{ip: 192.168.157.204, host: pr-hdds-1569-cpgw4-1311585219, networkLocation: /default-rack, certSerialId: null}, Type:RATIS, Factor:ONE, State:OPEN]
2019-09-19 10:28:31,365 [RatisPipelineUtilsThread] ERROR pipeline.PipelinePlacementPolicy (PipelinePlacementPolicy.java:meetCriteria(91)) - Pipeline Placement: Doesn't meet the criteria to be viable node. Heaviness: 6
2019-09-19 10:28:31,370 [grpc-default-executor-0] INFO  impl.RaftServerProxy (RaftServerProxy.java:addNew(89)) - 9646113d-e532-4156-a8e1-296dca7fce7b: addNew group-DBC443767EEF:[9646113d-e532-4156-a8e1-296dca7fce7b:192.168.157.204:38753] returns group-DBC443767EEF:java.util.concurrent.CompletableFuture@70fb4010[Not completed]
2019-09-19 10:28:31,371 [pool-144-thread-1] INFO  impl.RaftServerImpl (RaftServerImpl.java:<init>(93)) - 9646113d-e532-4156-a8e1-296dca7fce7b: new RaftServerImpl for group-DBC443767EEF:[9646113d-e532-4156-a8e1-296dca7fce7b:192.168.157.204:38753] with ContainerStateMachine:uninitialized
2019-09-19 10:28:31,372 [pool-144-thread-1] INFO  server.RaftServerConfigKeys (ConfUtils.java:logGet(43)) - raft.server.rpc.timeout.min = 5s (custom)
2019-09-19 10:28:31,372 [pool-144-thread-1] INFO  server.RaftServerConfigKeys (ConfUtils.java:logGet(43)) - raft.server.rpc.timeout.max = 5200ms (custom)
2019-09-19 10:28:31,372 [pool-144-thread-1] INFO  server.RaftServerConfigKeys (ConfUtils.java:logGet(43)) - raft.server.rpcslowness.timeout = 120s (custom)
2019-09-19 10:28:31,372 [pool-144-thread-1] INFO  server.RaftServerConfigKeys (ConfUtils.java:logGet(43)) - raft.server.sleep.deviation.threshold = 300 (default)
2019-09-19 10:28:31,372 [pool-144-thread-1] INFO  server.RaftServerConfigKeys (ConfUtils.java:logGet(43)) - raft.server.log.appender.install.snapshot.enabled = false (custom)
2019-09-19 10:28:31,372 [pool-144-thread-1] INFO  impl.RaftServerImpl (ServerState.java:<init>(105)) - 9646113d-e532-4156-a8e1-296dca7fce7b:group-DBC443767EEF ConfigurationManager, init=-1: [9646113d-e532-4156-a8e1-296dca7fce7b:192.168.157.204:38753], old=null, confs=<EMPTY_MAP>
2019-09-19 10:28:31,372 [pool-144-thread-1] INFO  server.RaftServerConfigKeys (ConfUtils.java:logGet(43)) - raft.server.storage.dir = [/workdir/hadoop-ozone/ozonefs/target/test-dir/MiniOzoneClusterImpl-e7cad2d7-1ecb-4c95-8765-1dbadc3630b8/datanode-1/data/ratis] (custom)
2019-09-19 10:28:31,373 [pool-144-thread-1] INFO  storage.RaftStorageDirectory (RaftStorageDirectory.java:analyzeStorage(246)) - The storage directory /workdir/hadoop-ozone/ozonefs/target/test-dir/MiniOzoneClusterImpl-e7cad2d7-1ecb-4c95-8765-1dbadc3630b8/datanode-1/data/ratis/e13d0b87-6d6e-4ccd-afed-dbc443767eef does not exist. Creating ...
2019-09-19 10:28:31,381 [pool-144-thread-1] INFO  storage.RaftStorageDirectory (RaftStorageDirectory.java:tryLock(328)) - Lock on /workdir/hadoop-ozone/ozonefs/target/test-dir/MiniOzoneClusterImpl-e7cad2d7-1ecb-4c95-8765-1dbadc3630b8/datanode-1/data/ratis/e13d0b87-6d6e-4ccd-afed-dbc443767eef/in_use.lock acquired by nodename 28323@pr-hdds-1569-cpgw4-1311585219
2019-09-19 10:28:31,395 [pool-144-thread-1] INFO  storage.RaftStorage (RaftStorage.java:format(72)) - Storage directory /workdir/hadoop-ozone/ozonefs/target/test-dir/MiniOzoneClusterImpl-e7cad2d7-1ecb-4c95-8765-1dbadc3630b8/datanode-1/data/ratis/e13d0b87-6d6e-4ccd-afed-dbc443767eef has been successfully formatted.
2019-09-19 10:28:31,395 [pool-144-thread-1] INFO  ratis.ContainerStateMachine (ContainerStateMachine.java:loadSnapshot(226)) - group-DBC443767EEF: The snapshot info is null. Setting the last applied indexto:(t:0, i:~)
2019-09-19 10:28:31,395 [pool-144-thread-1] INFO  server.RaftServerConfigKeys (ConfUtils.java:logGet(43)) - raft.server.leader.election.timeout = 120s (custom)
2019-09-19 10:28:31,395 [pool-144-thread-1] INFO  server.RaftServerConfigKeys (ConfUtils.java:logGet(43)) - raft.server.log.use.memory = false (default)
2019-09-19 10:28:31,395 [pool-144-thread-1] INFO  server.RaftServerConfigKeys (ConfUtils.java:logGet(43)) - raft.server.log.purge.gap = 1000000 (custom)
2019-09-19 10:28:31,396 [pool-144-thread-1] INFO  server.RaftServerConfigKeys (ConfUtils.java:logGet(43)) - raft.server.log.appender.buffer.byte-limit = 33554432 (custom)
2019-09-19 10:28:31,396 [pool-144-thread-1] INFO  server.RaftServerConfigKeys (ConfUtils.java:logGet(43)) - raft.server.log.segment.size.max = 1048576 (custom)
2019-09-19 10:28:31,396 [pool-144-thread-1] INFO  server.RaftServerConfigKeys (ConfUtils.java:logGet(43)) - raft.server.log.segment.cache.num.max = 2 (custom)
2019-09-19 10:28:31,396 [pool-144-thread-1] INFO  segmented.SegmentedRaftLogWorker (SegmentedRaftLogWorker.java:<init>(172)) - new 9646113d-e532-4156-a8e1-296dca7fce7b-SegmentedRaftLogWorker:Storage Directory /workdir/hadoop-ozone/ozonefs/target/test-dir/MiniOzoneClusterImpl-e7cad2d7-1ecb-4c95-8765-1dbadc3630b8/datanode-1/data/ratis/e13d0b87-6d6e-4ccd-afed-dbc443767eef for RaftStorage:Storage Directory /workdir/hadoop-ozone/ozonefs/target/test-dir/MiniOzoneClusterImpl-e7cad2d7-1ecb-4c95-8765-1dbadc3630b8/datanode-1/data/ratis/e13d0b87-6d6e-4ccd-afed-dbc443767eef
2019-09-19 10:28:31,396 [pool-144-thread-1] INFO  server.RaftServerConfigKeys (ConfUtils.java:logGet(43)) - raft.server.log.queue.byte-limit = 2147483647 (custom)
2019-09-19 10:28:31,396 [pool-144-thread-1] INFO  server.RaftServerConfigKeys (ConfUtils.java:logGet(43)) - raft.server.log.queue.element-limit = 1024 (custom)
2019-09-19 10:28:31,397 [pool-144-thread-1] INFO  server.RaftServerConfigKeys (ConfUtils.java:logGet(43)) - raft.server.log.segment.size.max = 1048576 (custom)
2019-09-19 10:28:31,397 [pool-144-thread-1] INFO  server.RaftServerConfigKeys (ConfUtils.java:logGet(43)) - raft.server.log.preallocated.size = 16384 (custom)
2019-09-19 10:28:31,397 [pool-144-thread-1] INFO  server.RaftServerConfigKeys (ConfUtils.java:logGet(43)) - raft.server.log.write.buffer.size = 33554432 (custom)
2019-09-19 10:28:31,397 [pool-144-thread-1] INFO  server.RaftServerConfigKeys (ConfUtils.java:logGet(43)) - raft.server.log.force.sync.num = 128 (default)
2019-09-19 10:28:31,397 [pool-144-thread-1] INFO  server.RaftServerConfigKeys (ConfUtils.java:logGet(43)) - raft.server.log.statemachine.data.sync = true (default)
2019-09-19 10:28:31,397 [pool-144-thread-1] INFO  server.RaftServerConfigKeys (ConfUtils.java:logGet(43)) - raft.server.log.statemachine.data.sync.timeout = 10s (default)
2019-09-19 10:28:31,398 [pool-144-thread-1] INFO  server.RaftServerConfigKeys (ConfUtils.java:logGet(43)) - raft.server.log.statemachine.data.sync.timeout.retry = -1 (default)
2019-09-19 10:28:31,398 [pool-144-thread-1] INFO  server.RaftServerConfigKeys (ConfUtils.java:logGet(43)) - raft.server.log.statemachine.data.caching.enabled = true (custom)
2019-09-19 10:28:31,398 [pool-144-thread-1] INFO  segmented.SegmentedRaftLogWorker (SegmentedRaftLogWorker.java:lambda$new$0(132)) - 9646113d-e532-4156-a8e1-296dca7fce7b-SegmentedRaftLogWorker:Storage Directory /workdir/hadoop-ozone/ozonefs/target/test-dir/MiniOzoneClusterImpl-e7cad2d7-1ecb-4c95-8765-1dbadc3630b8/datanode-1/data/ratis/e13d0b87-6d6e-4ccd-afed-dbc443767eef: flushIndex: setUnconditionally 0 -> -1
2019-09-19 10:28:31,399 [pool-144-thread-1] INFO  server.RaftServerConfigKeys (ConfUtils.java:logGet(43)) - raft.server.snapshot.auto.trigger.enabled = true (custom)
2019-09-19 10:28:31,399 [pool-144-thread-1] INFO  server.RaftServerConfigKeys (ConfUtils.java:logGet(43)) - raft.server.snapshot.auto.trigger.threshold = 10000 (custom)
2019-09-19 10:28:31,399 [pool-144-thread-1] INFO  server.RaftServerConfigKeys (ConfUtils.java:logGet(43)) - raft.server.retrycache.expirytime = 600000ms (custom)
2019-09-19 10:28:31,399 [pool-144-thread-1] INFO  impl.RaftServerImpl (RaftServerImpl.java:start(180)) - 9646113d-e532-4156-a8e1-296dca7fce7b: start group-DBC443767EEF
2019-09-19 10:28:31,399 [pool-144-thread-1] INFO  impl.RaftServerImpl (RaftServerImpl.java:setRole(171)) - 9646113d-e532-4156-a8e1-296dca7fce7b:group-DBC443767EEF changes role from null to FOLLOWER at term 0 for startAsFollower
2019-09-19 10:28:31,399 [pool-144-thread-1] INFO  impl.RoleInfo (RoleInfo.java:updateAndGet(143)) - 9646113d-e532-4156-a8e1-296dca7fce7b: start FollowerState
2019-09-19 10:28:31,400 [pool-144-thread-1] INFO  util.JmxRegister (JmxRegister.java:tryRegister(44)) - Successfully registered JMX Bean with object name Ratis:service=RaftServer,group=group-DBC443767EEF,id=9646113d-e532-4156-a8e1-296dca7fce7b
2019-09-19 10:28:31,403 [RatisPipelineUtilsThread] INFO  pipeline.PipelineStateManager (PipelineStateManager.java:addPipeline(56)) - Created pipeline Pipeline[ Id: e13d0b87-6d6e-4ccd-afed-dbc443767eef, Nodes: 9646113d-e532-4156-a8e1-296dca7fce7b{ip: 192.168.157.204, host: pr-hdds-1569-cpgw4-1311585219, networkLocation: /default-rack, certSerialId: null}, Type:RATIS, Factor:ONE, State:OPEN]
2019-09-19 10:28:31,403 [RatisPipelineUtilsThread] ERROR pipeline.PipelinePlacementPolicy (PipelinePlacementPolicy.java:meetCriteria(91)) - Pipeline Placement: Doesn't meet the criteria to be viable node. Heaviness: 6
2019-09-19 10:28:31,403 [RatisPipelineUtilsThread] ERROR pipeline.PipelinePlacementPolicy (PipelinePlacementPolicy.java:meetCriteria(91)) - Pipeline Placement: Doesn't meet the criteria to be viable node. Heaviness: 6
2019-09-19 10:28:31,414 [grpc-default-executor-0] INFO  impl.RaftServerProxy (RaftServerProxy.java:addNew(89)) - a9be3d64-f69e-4a94-baf4-3c0042568077: addNew group-27229A3003CF:[a9be3d64-f69e-4a94-baf4-3c0042568077:192.168.157.204:36829] returns group-27229A3003CF:java.util.concurrent.CompletableFuture@663a0efb[Not completed]
2019-09-19 10:28:31,416 [pool-155-thread-1] INFO  impl.RaftServerImpl (RaftServerImpl.java:<init>(93)) - a9be3d64-f69e-4a94-baf4-3c0042568077: new RaftServerImpl for group-27229A3003CF:[a9be3d64-f69e-4a94-baf4-3c0042568077:192.168.157.204:36829] with ContainerStateMachine:uninitialized
2019-09-19 10:28:31,416 [pool-155-thread-1] INFO  server.RaftServerConfigKeys (ConfUtils.java:logGet(43)) - raft.server.rpc.timeout.min = 5s (custom)
2019-09-19 10:28:31,416 [pool-155-thread-1] INFO  server.RaftServerConfigKeys (ConfUtils.java:logGet(43)) - raft.server.rpc.timeout.max = 5200ms (custom)
2019-09-19 10:28:31,416 [pool-155-thread-1] INFO  server.RaftServerConfigKeys (ConfUtils.java:logGet(43)) - raft.server.rpcslowness.timeout = 120s (custom)
2019-09-19 10:28:31,416 [pool-155-thread-1] INFO  server.RaftServerConfigKeys (ConfUtils.java:logGet(43)) - raft.server.sleep.deviation.threshold = 300 (default)
2019-09-19 10:28:31,416 [pool-155-thread-1] INFO  server.RaftServerConfigKeys (ConfUtils.java:logGet(43)) - raft.server.log.appender.install.snapshot.enabled = false (custom)
2019-09-19 10:28:31,416 [pool-155-thread-1] INFO  impl.RaftServerImpl (ServerState.java:<init>(105)) - a9be3d64-f69e-4a94-baf4-3c0042568077:group-27229A3003CF ConfigurationManager, init=-1: [a9be3d64-f69e-4a94-baf4-3c0042568077:192.168.157.204:36829], old=null, confs=<EMPTY_MAP>
2019-09-19 10:28:31,416 [pool-155-thread-1] INFO  server.RaftServerConfigKeys (ConfUtils.java:logGet(43)) - raft.server.storage.dir = [/workdir/hadoop-ozone/ozonefs/target/test-dir/MiniOzoneClusterImpl-e7cad2d7-1ecb-4c95-8765-1dbadc3630b8/datanode-2/data/ratis] (custom)
2019-09-19 10:28:31,417 [pool-155-thread-1] INFO  storage.RaftStorageDirectory (RaftStorageDirectory.java:analyzeStorage(246)) - The storage directory /workdir/hadoop-ozone/ozonefs/target/test-dir/MiniOzoneClusterImpl-e7cad2d7-1ecb-4c95-8765-1dbadc3630b8/datanode-2/data/ratis/bc50a956-f2f9-423f-bff9-27229a3003cf does not exist. Creating ...
2019-09-19 10:28:31,427 [pool-155-thread-1] INFO  storage.RaftStorageDirectory (RaftStorageDirectory.java:tryLock(328)) - Lock on /workdir/hadoop-ozone/ozonefs/target/test-dir/MiniOzoneClusterImpl-e7cad2d7-1ecb-4c95-8765-1dbadc3630b8/datanode-2/data/ratis/bc50a956-f2f9-423f-bff9-27229a3003cf/in_use.lock acquired by nodename 28323@pr-hdds-1569-cpgw4-1311585219
2019-09-19 10:28:31,440 [pool-155-thread-1] INFO  storage.RaftStorage (RaftStorage.java:format(72)) - Storage directory /workdir/hadoop-ozone/ozonefs/target/test-dir/MiniOzoneClusterImpl-e7cad2d7-1ecb-4c95-8765-1dbadc3630b8/datanode-2/data/ratis/bc50a956-f2f9-423f-bff9-27229a3003cf has been successfully formatted.
2019-09-19 10:28:31,441 [pool-155-thread-1] INFO  ratis.ContainerStateMachine (ContainerStateMachine.java:loadSnapshot(226)) - group-27229A3003CF: The snapshot info is null. Setting the last applied indexto:(t:0, i:~)
2019-09-19 10:28:31,441 [pool-155-thread-1] INFO  server.RaftServerConfigKeys (ConfUtils.java:logGet(43)) - raft.server.leader.election.timeout = 120s (custom)
2019-09-19 10:28:31,441 [pool-155-thread-1] INFO  server.RaftServerConfigKeys (ConfUtils.java:logGet(43)) - raft.server.log.use.memory = false (default)
2019-09-19 10:28:31,441 [pool-155-thread-1] INFO  server.RaftServerConfigKeys (ConfUtils.java:logGet(43)) - raft.server.log.purge.gap = 1000000 (custom)
2019-09-19 10:28:31,441 [pool-155-thread-1] INFO  server.RaftServerConfigKeys (ConfUtils.java:logGet(43)) - raft.server.log.appender.buffer.byte-limit = 33554432 (custom)
2019-09-19 10:28:31,442 [pool-155-thread-1] INFO  server.RaftServerConfigKeys (ConfUtils.java:logGet(43)) - raft.server.log.segment.size.max = 1048576 (custom)
2019-09-19 10:28:31,442 [pool-155-thread-1] INFO  server.RaftServerConfigKeys (ConfUtils.java:logGet(43)) - raft.server.log.segment.cache.num.max = 2 (custom)
2019-09-19 10:28:31,442 [pool-155-thread-1] INFO  segmented.SegmentedRaftLogWorker (SegmentedRaftLogWorker.java:<init>(172)) - new a9be3d64-f69e-4a94-baf4-3c0042568077-SegmentedRaftLogWorker:Storage Directory /workdir/hadoop-ozone/ozonefs/target/test-dir/MiniOzoneClusterImpl-e7cad2d7-1ecb-4c95-8765-1dbadc3630b8/datanode-2/data/ratis/bc50a956-f2f9-423f-bff9-27229a3003cf for RaftStorage:Storage Directory /workdir/hadoop-ozone/ozonefs/target/test-dir/MiniOzoneClusterImpl-e7cad2d7-1ecb-4c95-8765-1dbadc3630b8/datanode-2/data/ratis/bc50a956-f2f9-423f-bff9-27229a3003cf
2019-09-19 10:28:31,442 [pool-155-thread-1] INFO  server.RaftServerConfigKeys (ConfUtils.java:logGet(43)) - raft.server.log.queue.byte-limit = 2147483647 (custom)
2019-09-19 10:28:31,442 [pool-155-thread-1] INFO  server.RaftServerConfigKeys (ConfUtils.java:logGet(43)) - raft.server.log.queue.element-limit = 1024 (custom)
2019-09-19 10:28:31,443 [pool-155-thread-1] INFO  server.RaftServerConfigKeys (ConfUtils.java:logGet(43)) - raft.server.log.segment.size.max = 1048576 (custom)
2019-09-19 10:28:31,443 [pool-155-thread-1] INFO  server.RaftServerConfigKeys (ConfUtils.java:logGet(43)) - raft.server.log.preallocated.size = 16384 (custom)
2019-09-19 10:28:31,443 [pool-155-thread-1] INFO  server.RaftServerConfigKeys (ConfUtils.java:logGet(43)) - raft.server.log.write.buffer.size = 33554432 (custom)
2019-09-19 10:28:31,443 [pool-155-thread-1] INFO  server.RaftServerConfigKeys (ConfUtils.java:logGet(43)) - raft.server.log.force.sync.num = 128 (default)
2019-09-19 10:28:31,443 [pool-155-thread-1] INFO  server.RaftServerConfigKeys (ConfUtils.java:logGet(43)) - raft.server.log.statemachine.data.sync = true (default)
2019-09-19 10:28:31,444 [pool-155-thread-1] INFO  server.RaftServerConfigKeys (ConfUtils.java:logGet(43)) - raft.server.log.statemachine.data.sync.timeout = 10s (default)
2019-09-19 10:28:31,444 [pool-155-thread-1] INFO  server.RaftServerConfigKeys (ConfUtils.java:logGet(43)) - raft.server.log.statemachine.data.sync.timeout.retry = -1 (default)
2019-09-19 10:28:31,444 [pool-155-thread-1] INFO  server.RaftServerConfigKeys (ConfUtils.java:logGet(43)) - raft.server.log.statemachine.data.caching.enabled = true (custom)
2019-09-19 10:28:31,445 [pool-155-thread-1] INFO  segmented.SegmentedRaftLogWorker (SegmentedRaftLogWorker.java:lambda$new$0(132)) - a9be3d64-f69e-4a94-baf4-3c0042568077-SegmentedRaftLogWorker:Storage Directory /workdir/hadoop-ozone/ozonefs/target/test-dir/MiniOzoneClusterImpl-e7cad2d7-1ecb-4c95-8765-1dbadc3630b8/datanode-2/data/ratis/bc50a956-f2f9-423f-bff9-27229a3003cf: flushIndex: setUnconditionally 0 -> -1
2019-09-19 10:28:31,445 [pool-155-thread-1] INFO  server.RaftServerConfigKeys (ConfUtils.java:logGet(43)) - raft.server.snapshot.auto.trigger.enabled = true (custom)
2019-09-19 10:28:31,445 [pool-155-thread-1] INFO  server.RaftServerConfigKeys (ConfUtils.java:logGet(43)) - raft.server.snapshot.auto.trigger.threshold = 10000 (custom)
2019-09-19 10:28:31,445 [pool-155-thread-1] INFO  server.RaftServerConfigKeys (ConfUtils.java:logGet(43)) - raft.server.retrycache.expirytime = 600000ms (custom)
2019-09-19 10:28:31,446 [pool-155-thread-1] INFO  impl.RaftServerImpl (RaftServerImpl.java:start(180)) - a9be3d64-f69e-4a94-baf4-3c0042568077: start group-27229A3003CF
2019-09-19 10:28:31,446 [pool-155-thread-1] INFO  impl.RaftServerImpl (RaftServerImpl.java:setRole(171)) - a9be3d64-f69e-4a94-baf4-3c0042568077:group-27229A3003CF changes role from null to FOLLOWER at term 0 for startAsFollower
2019-09-19 10:28:31,446 [pool-155-thread-1] INFO  impl.RoleInfo (RoleInfo.java:updateAndGet(143)) - a9be3d64-f69e-4a94-baf4-3c0042568077: start FollowerState
2019-09-19 10:28:31,446 [pool-155-thread-1] INFO  util.JmxRegister (JmxRegister.java:tryRegister(44)) - Successfully registered JMX Bean with object name Ratis:service=RaftServer,group=group-27229A3003CF,id=a9be3d64-f69e-4a94-baf4-3c0042568077
2019-09-19 10:28:31,449 [RatisPipelineUtilsThread] INFO  pipeline.PipelineStateManager (PipelineStateManager.java:addPipeline(56)) - Created pipeline Pipeline[ Id: bc50a956-f2f9-423f-bff9-27229a3003cf, Nodes: a9be3d64-f69e-4a94-baf4-3c0042568077{ip: 192.168.157.204, host: pr-hdds-1569-cpgw4-1311585219, networkLocation: /default-rack, certSerialId: null}, Type:RATIS, Factor:ONE, State:OPEN]
2019-09-19 10:28:31,449 [RatisPipelineUtilsThread] ERROR pipeline.PipelinePlacementPolicy (PipelinePlacementPolicy.java:meetCriteria(91)) - Pipeline Placement: Doesn't meet the criteria to be viable node. Heaviness: 6
2019-09-19 10:28:31,449 [RatisPipelineUtilsThread] ERROR pipeline.PipelinePlacementPolicy (PipelinePlacementPolicy.java:meetCriteria(91)) - Pipeline Placement: Doesn't meet the criteria to be viable node. Heaviness: 6
2019-09-19 10:28:31,454 [grpc-default-executor-0] INFO  impl.RaftServerProxy (RaftServerProxy.java:addNew(89)) - a9be3d64-f69e-4a94-baf4-3c0042568077: addNew group-B53A79B5A6DF:[a9be3d64-f69e-4a94-baf4-3c0042568077:192.168.157.204:36829] returns group-B53A79B5A6DF:java.util.concurrent.CompletableFuture@71ae0bf2[Not completed]
2019-09-19 10:28:31,456 [pool-155-thread-1] INFO  impl.RaftServerImpl (RaftServerImpl.java:<init>(93)) - a9be3d64-f69e-4a94-baf4-3c0042568077: new RaftServerImpl for group-B53A79B5A6DF:[a9be3d64-f69e-4a94-baf4-3c0042568077:192.168.157.204:36829] with ContainerStateMachine:uninitialized
2019-09-19 10:28:31,456 [pool-155-thread-1] INFO  server.RaftServerConfigKeys (ConfUtils.java:logGet(43)) - raft.server.rpc.timeout.min = 5s (custom)
2019-09-19 10:28:31,456 [pool-155-thread-1] INFO  server.RaftServerConfigKeys (ConfUtils.java:logGet(43)) - raft.server.rpc.timeout.max = 5200ms (custom)
2019-09-19 10:28:31,456 [pool-155-thread-1] INFO  server.RaftServerConfigKeys (ConfUtils.java:logGet(43)) - raft.server.rpcslowness.timeout = 120s (custom)
2019-09-19 10:28:31,456 [pool-155-thread-1] INFO  server.RaftServerConfigKeys (ConfUtils.java:logGet(43)) - raft.server.sleep.deviation.threshold = 300 (default)
2019-09-19 10:28:31,456 [pool-155-thread-1] INFO  server.RaftServerConfigKeys (ConfUtils.java:logGet(43)) - raft.server.log.appender.install.snapshot.enabled = false (custom)
2019-09-19 10:28:31,456 [pool-155-thread-1] INFO  impl.RaftServerImpl (ServerState.java:<init>(105)) - a9be3d64-f69e-4a94-baf4-3c0042568077:group-B53A79B5A6DF ConfigurationManager, init=-1: [a9be3d64-f69e-4a94-baf4-3c0042568077:192.168.157.204:36829], old=null, confs=<EMPTY_MAP>
2019-09-19 10:28:31,457 [pool-155-thread-1] INFO  server.RaftServerConfigKeys (ConfUtils.java:logGet(43)) - raft.server.storage.dir = [/workdir/hadoop-ozone/ozonefs/target/test-dir/MiniOzoneClusterImpl-e7cad2d7-1ecb-4c95-8765-1dbadc3630b8/datanode-2/data/ratis] (custom)
2019-09-19 10:28:31,457 [pool-155-thread-1] INFO  storage.RaftStorageDirectory (RaftStorageDirectory.java:analyzeStorage(246)) - The storage directory /workdir/hadoop-ozone/ozonefs/target/test-dir/MiniOzoneClusterImpl-e7cad2d7-1ecb-4c95-8765-1dbadc3630b8/datanode-2/data/ratis/5cd06731-e4c8-4fab-b455-b53a79b5a6df does not exist. Creating ...
2019-09-19 10:28:31,470 [pool-155-thread-1] INFO  storage.RaftStorageDirectory (RaftStorageDirectory.java:tryLock(328)) - Lock on /workdir/hadoop-ozone/ozonefs/target/test-dir/MiniOzoneClusterImpl-e7cad2d7-1ecb-4c95-8765-1dbadc3630b8/datanode-2/data/ratis/5cd06731-e4c8-4fab-b455-b53a79b5a6df/in_use.lock acquired by nodename 28323@pr-hdds-1569-cpgw4-1311585219
2019-09-19 10:28:31,483 [pool-155-thread-1] INFO  storage.RaftStorage (RaftStorage.java:format(72)) - Storage directory /workdir/hadoop-ozone/ozonefs/target/test-dir/MiniOzoneClusterImpl-e7cad2d7-1ecb-4c95-8765-1dbadc3630b8/datanode-2/data/ratis/5cd06731-e4c8-4fab-b455-b53a79b5a6df has been successfully formatted.
2019-09-19 10:28:31,483 [pool-155-thread-1] INFO  ratis.ContainerStateMachine (ContainerStateMachine.java:loadSnapshot(226)) - group-B53A79B5A6DF: The snapshot info is null. Setting the last applied indexto:(t:0, i:~)
2019-09-19 10:28:31,483 [pool-155-thread-1] INFO  server.RaftServerConfigKeys (ConfUtils.java:logGet(43)) - raft.server.leader.election.timeout = 120s (custom)
2019-09-19 10:28:31,484 [pool-155-thread-1] INFO  server.RaftServerConfigKeys (ConfUtils.java:logGet(43)) - raft.server.log.use.memory = false (default)
2019-09-19 10:28:31,484 [pool-155-thread-1] INFO  server.RaftServerConfigKeys (ConfUtils.java:logGet(43)) - raft.server.log.purge.gap = 1000000 (custom)
2019-09-19 10:28:31,484 [pool-155-thread-1] INFO  server.RaftServerConfigKeys (ConfUtils.java:logGet(43)) - raft.server.log.appender.buffer.byte-limit = 33554432 (custom)
2019-09-19 10:28:31,484 [pool-155-thread-1] INFO  server.RaftServerConfigKeys (ConfUtils.java:logGet(43)) - raft.server.log.segment.size.max = 1048576 (custom)
2019-09-19 10:28:31,484 [pool-155-thread-1] INFO  server.RaftServerConfigKeys (ConfUtils.java:logGet(43)) - raft.server.log.segment.cache.num.max = 2 (custom)
2019-09-19 10:28:31,484 [pool-155-thread-1] INFO  segmented.SegmentedRaftLogWorker (SegmentedRaftLogWorker.java:<init>(172)) - new a9be3d64-f69e-4a94-baf4-3c0042568077-SegmentedRaftLogWorker:Storage Directory /workdir/hadoop-ozone/ozonefs/target/test-dir/MiniOzoneClusterImpl-e7cad2d7-1ecb-4c95-8765-1dbadc3630b8/datanode-2/data/ratis/5cd06731-e4c8-4fab-b455-b53a79b5a6df for RaftStorage:Storage Directory /workdir/hadoop-ozone/ozonefs/target/test-dir/MiniOzoneClusterImpl-e7cad2d7-1ecb-4c95-8765-1dbadc3630b8/datanode-2/data/ratis/5cd06731-e4c8-4fab-b455-b53a79b5a6df
2019-09-19 10:28:31,485 [pool-155-thread-1] INFO  server.RaftServerConfigKeys (ConfUtils.java:logGet(43)) - raft.server.log.queue.byte-limit = 2147483647 (custom)
2019-09-19 10:28:31,485 [pool-155-thread-1] INFO  server.RaftServerConfigKeys (ConfUtils.java:logGet(43)) - raft.server.log.queue.element-limit = 1024 (custom)
2019-09-19 10:28:31,485 [pool-155-thread-1] INFO  server.RaftServerConfigKeys (ConfUtils.java:logGet(43)) - raft.server.log.segment.size.max = 1048576 (custom)
2019-09-19 10:28:31,485 [pool-155-thread-1] INFO  server.RaftServerConfigKeys (ConfUtils.java:logGet(43)) - raft.server.log.preallocated.size = 16384 (custom)
2019-09-19 10:28:31,485 [pool-155-thread-1] INFO  server.RaftServerConfigKeys (ConfUtils.java:logGet(43)) - raft.server.log.write.buffer.size = 33554432 (custom)
2019-09-19 10:28:31,485 [pool-155-thread-1] INFO  server.RaftServerConfigKeys (ConfUtils.java:logGet(43)) - raft.server.log.force.sync.num = 128 (default)
2019-09-19 10:28:31,485 [pool-155-thread-1] INFO  server.RaftServerConfigKeys (ConfUtils.java:logGet(43)) - raft.server.log.statemachine.data.sync = true (default)
2019-09-19 10:28:31,486 [pool-155-thread-1] INFO  server.RaftServerConfigKeys (ConfUtils.java:logGet(43)) - raft.server.log.statemachine.data.sync.timeout = 10s (default)
2019-09-19 10:28:31,486 [pool-155-thread-1] INFO  server.RaftServerConfigKeys (ConfUtils.java:logGet(43)) - raft.server.log.statemachine.data.sync.timeout.retry = -1 (default)
2019-09-19 10:28:31,486 [pool-155-thread-1] INFO  server.RaftServerConfigKeys (ConfUtils.java:logGet(43)) - raft.server.log.statemachine.data.caching.enabled = true (custom)
2019-09-19 10:28:31,486 [pool-155-thread-1] INFO  segmented.SegmentedRaftLogWorker (SegmentedRaftLogWorker.java:lambda$new$0(132)) - a9be3d64-f69e-4a94-baf4-3c0042568077-SegmentedRaftLogWorker:Storage Directory /workdir/hadoop-ozone/ozonefs/target/test-dir/MiniOzoneClusterImpl-e7cad2d7-1ecb-4c95-8765-1dbadc3630b8/datanode-2/data/ratis/5cd06731-e4c8-4fab-b455-b53a79b5a6df: flushIndex: setUnconditionally 0 -> -1
2019-09-19 10:28:31,487 [pool-155-thread-1] INFO  server.RaftServerConfigKeys (ConfUtils.java:logGet(43)) - raft.server.snapshot.auto.trigger.enabled = true (custom)
2019-09-19 10:28:31,487 [pool-155-thread-1] INFO  server.RaftServerConfigKeys (ConfUtils.java:logGet(43)) - raft.server.snapshot.auto.trigger.threshold = 10000 (custom)
2019-09-19 10:28:31,487 [pool-155-thread-1] INFO  server.RaftServerConfigKeys (ConfUtils.java:logGet(43)) - raft.server.retrycache.expirytime = 600000ms (custom)
2019-09-19 10:28:31,487 [pool-155-thread-1] INFO  impl.RaftServerImpl (RaftServerImpl.java:start(180)) - a9be3d64-f69e-4a94-baf4-3c0042568077: start group-B53A79B5A6DF
2019-09-19 10:28:31,487 [pool-155-thread-1] INFO  impl.RaftServerImpl (RaftServerImpl.java:setRole(171)) - a9be3d64-f69e-4a94-baf4-3c0042568077:group-B53A79B5A6DF changes role from null to FOLLOWER at term 0 for startAsFollower
2019-09-19 10:28:31,488 [pool-155-thread-1] INFO  impl.RoleInfo (RoleInfo.java:updateAndGet(143)) - a9be3d64-f69e-4a94-baf4-3c0042568077: start FollowerState
2019-09-19 10:28:31,488 [pool-155-thread-1] INFO  util.JmxRegister (JmxRegister.java:tryRegister(44)) - Successfully registered JMX Bean with object name Ratis:service=RaftServer,group=group-B53A79B5A6DF,id=a9be3d64-f69e-4a94-baf4-3c0042568077
2019-09-19 10:28:31,491 [RatisPipelineUtilsThread] INFO  pipeline.PipelineStateManager (PipelineStateManager.java:addPipeline(56)) - Created pipeline Pipeline[ Id: 5cd06731-e4c8-4fab-b455-b53a79b5a6df, Nodes: a9be3d64-f69e-4a94-baf4-3c0042568077{ip: 192.168.157.204, host: pr-hdds-1569-cpgw4-1311585219, networkLocation: /default-rack, certSerialId: null}, Type:RATIS, Factor:ONE, State:OPEN]
2019-09-19 10:28:31,491 [RatisPipelineUtilsThread] ERROR pipeline.PipelinePlacementPolicy (PipelinePlacementPolicy.java:meetCriteria(91)) - Pipeline Placement: Doesn't meet the criteria to be viable node. Heaviness: 6
2019-09-19 10:28:31,492 [RatisPipelineUtilsThread] ERROR pipeline.PipelinePlacementPolicy (PipelinePlacementPolicy.java:meetCriteria(91)) - Pipeline Placement: Doesn't meet the criteria to be viable node. Heaviness: 6
2019-09-19 10:28:31,498 [grpc-default-executor-0] INFO  impl.RaftServerProxy (RaftServerProxy.java:addNew(89)) - a9be3d64-f69e-4a94-baf4-3c0042568077: addNew group-1F08D8C60A15:[a9be3d64-f69e-4a94-baf4-3c0042568077:192.168.157.204:36829] returns group-1F08D8C60A15:java.util.concurrent.CompletableFuture@2acc3cb5[Not completed]
2019-09-19 10:28:31,499 [pool-155-thread-1] INFO  impl.RaftServerImpl (RaftServerImpl.java:<init>(93)) - a9be3d64-f69e-4a94-baf4-3c0042568077: new RaftServerImpl for group-1F08D8C60A15:[a9be3d64-f69e-4a94-baf4-3c0042568077:192.168.157.204:36829] with ContainerStateMachine:uninitialized
2019-09-19 10:28:31,499 [pool-155-thread-1] INFO  server.RaftServerConfigKeys (ConfUtils.java:logGet(43)) - raft.server.rpc.timeout.min = 5s (custom)
2019-09-19 10:28:31,500 [pool-155-thread-1] INFO  server.RaftServerConfigKeys (ConfUtils.java:logGet(43)) - raft.server.rpc.timeout.max = 5200ms (custom)
2019-09-19 10:28:31,500 [pool-155-thread-1] INFO  server.RaftServerConfigKeys (ConfUtils.java:logGet(43)) - raft.server.rpcslowness.timeout = 120s (custom)
2019-09-19 10:28:31,500 [pool-155-thread-1] INFO  server.RaftServerConfigKeys (ConfUtils.java:logGet(43)) - raft.server.sleep.deviation.threshold = 300 (default)
2019-09-19 10:28:31,500 [pool-155-thread-1] INFO  server.RaftServerConfigKeys (ConfUtils.java:logGet(43)) - raft.server.log.appender.install.snapshot.enabled = false (custom)
2019-09-19 10:28:31,500 [pool-155-thread-1] INFO  impl.RaftServerImpl (ServerState.java:<init>(105)) - a9be3d64-f69e-4a94-baf4-3c0042568077:group-1F08D8C60A15 ConfigurationManager, init=-1: [a9be3d64-f69e-4a94-baf4-3c0042568077:192.168.157.204:36829], old=null, confs=<EMPTY_MAP>
2019-09-19 10:28:31,500 [pool-155-thread-1] INFO  server.RaftServerConfigKeys (ConfUtils.java:logGet(43)) - raft.server.storage.dir = [/workdir/hadoop-ozone/ozonefs/target/test-dir/MiniOzoneClusterImpl-e7cad2d7-1ecb-4c95-8765-1dbadc3630b8/datanode-2/data/ratis] (custom)
2019-09-19 10:28:31,501 [pool-155-thread-1] INFO  storage.RaftStorageDirectory (RaftStorageDirectory.java:analyzeStorage(246)) - The storage directory /workdir/hadoop-ozone/ozonefs/target/test-dir/MiniOzoneClusterImpl-e7cad2d7-1ecb-4c95-8765-1dbadc3630b8/datanode-2/data/ratis/136fb739-5d1b-40ec-adb0-1f08d8c60a15 does not exist. Creating ...
2019-09-19 10:28:31,514 [pool-155-thread-1] INFO  storage.RaftStorageDirectory (RaftStorageDirectory.java:tryLock(328)) - Lock on /workdir/hadoop-ozone/ozonefs/target/test-dir/MiniOzoneClusterImpl-e7cad2d7-1ecb-4c95-8765-1dbadc3630b8/datanode-2/data/ratis/136fb739-5d1b-40ec-adb0-1f08d8c60a15/in_use.lock acquired by nodename 28323@pr-hdds-1569-cpgw4-1311585219
2019-09-19 10:28:31,526 [pool-155-thread-1] INFO  storage.RaftStorage (RaftStorage.java:format(72)) - Storage directory /workdir/hadoop-ozone/ozonefs/target/test-dir/MiniOzoneClusterImpl-e7cad2d7-1ecb-4c95-8765-1dbadc3630b8/datanode-2/data/ratis/136fb739-5d1b-40ec-adb0-1f08d8c60a15 has been successfully formatted.
2019-09-19 10:28:31,527 [pool-155-thread-1] INFO  ratis.ContainerStateMachine (ContainerStateMachine.java:loadSnapshot(226)) - group-1F08D8C60A15: The snapshot info is null. Setting the last applied indexto:(t:0, i:~)
2019-09-19 10:28:31,527 [pool-155-thread-1] INFO  server.RaftServerConfigKeys (ConfUtils.java:logGet(43)) - raft.server.leader.election.timeout = 120s (custom)
2019-09-19 10:28:31,527 [pool-155-thread-1] INFO  server.RaftServerConfigKeys (ConfUtils.java:logGet(43)) - raft.server.log.use.memory = false (default)
2019-09-19 10:28:31,527 [pool-155-thread-1] INFO  server.RaftServerConfigKeys (ConfUtils.java:logGet(43)) - raft.server.log.purge.gap = 1000000 (custom)
2019-09-19 10:28:31,527 [pool-155-thread-1] INFO  server.RaftServerConfigKeys (ConfUtils.java:logGet(43)) - raft.server.log.appender.buffer.byte-limit = 33554432 (custom)
2019-09-19 10:28:31,528 [pool-155-thread-1] INFO  server.RaftServerConfigKeys (ConfUtils.java:logGet(43)) - raft.server.log.segment.size.max = 1048576 (custom)
2019-09-19 10:28:31,528 [pool-155-thread-1] INFO  server.RaftServerConfigKeys (ConfUtils.java:logGet(43)) - raft.server.log.segment.cache.num.max = 2 (custom)
2019-09-19 10:28:31,528 [pool-155-thread-1] INFO  segmented.SegmentedRaftLogWorker (SegmentedRaftLogWorker.java:<init>(172)) - new a9be3d64-f69e-4a94-baf4-3c0042568077-SegmentedRaftLogWorker:Storage Directory /workdir/hadoop-ozone/ozonefs/target/test-dir/MiniOzoneClusterImpl-e7cad2d7-1ecb-4c95-8765-1dbadc3630b8/datanode-2/data/ratis/136fb739-5d1b-40ec-adb0-1f08d8c60a15 for RaftStorage:Storage Directory /workdir/hadoop-ozone/ozonefs/target/test-dir/MiniOzoneClusterImpl-e7cad2d7-1ecb-4c95-8765-1dbadc3630b8/datanode-2/data/ratis/136fb739-5d1b-40ec-adb0-1f08d8c60a15
2019-09-19 10:28:31,528 [pool-155-thread-1] INFO  server.RaftServerConfigKeys (ConfUtils.java:logGet(43)) - raft.server.log.queue.byte-limit = 2147483647 (custom)
2019-09-19 10:28:31,528 [pool-155-thread-1] INFO  server.RaftServerConfigKeys (ConfUtils.java:logGet(43)) - raft.server.log.queue.element-limit = 1024 (custom)
2019-09-19 10:28:31,528 [pool-155-thread-1] INFO  server.RaftServerConfigKeys (ConfUtils.java:logGet(43)) - raft.server.log.segment.size.max = 1048576 (custom)
2019-09-19 10:28:31,529 [pool-155-thread-1] INFO  server.RaftServerConfigKeys (ConfUtils.java:logGet(43)) - raft.server.log.preallocated.size = 16384 (custom)
2019-09-19 10:28:31,529 [pool-155-thread-1] INFO  server.RaftServerConfigKeys (ConfUtils.java:logGet(43)) - raft.server.log.write.buffer.size = 33554432 (custom)
2019-09-19 10:28:31,529 [pool-155-thread-1] INFO  server.RaftServerConfigKeys (ConfUtils.java:logGet(43)) - raft.server.log.force.sync.num = 128 (default)
2019-09-19 10:28:31,529 [pool-155-thread-1] INFO  server.RaftServerConfigKeys (ConfUtils.java:logGet(43)) - raft.server.log.statemachine.data.sync = true (default)
2019-09-19 10:28:31,529 [pool-155-thread-1] INFO  server.RaftServerConfigKeys (ConfUtils.java:logGet(43)) - raft.server.log.statemachine.data.sync.timeout = 10s (default)
2019-09-19 10:28:31,529 [pool-155-thread-1] INFO  server.RaftServerConfigKeys (ConfUtils.java:logGet(43)) - raft.server.log.statemachine.data.sync.timeout.retry = -1 (default)
2019-09-19 10:28:31,529 [pool-155-thread-1] INFO  server.RaftServerConfigKeys (ConfUtils.java:logGet(43)) - raft.server.log.statemachine.data.caching.enabled = true (custom)
2019-09-19 10:28:31,530 [pool-155-thread-1] INFO  segmented.SegmentedRaftLogWorker (SegmentedRaftLogWorker.java:lambda$new$0(132)) - a9be3d64-f69e-4a94-baf4-3c0042568077-SegmentedRaftLogWorker:Storage Directory /workdir/hadoop-ozone/ozonefs/target/test-dir/MiniOzoneClusterImpl-e7cad2d7-1ecb-4c95-8765-1dbadc3630b8/datanode-2/data/ratis/136fb739-5d1b-40ec-adb0-1f08d8c60a15: flushIndex: setUnconditionally 0 -> -1
2019-09-19 10:28:31,530 [pool-155-thread-1] INFO  server.RaftServerConfigKeys (ConfUtils.java:logGet(43)) - raft.server.snapshot.auto.trigger.enabled = true (custom)
2019-09-19 10:28:31,530 [pool-155-thread-1] INFO  server.RaftServerConfigKeys (ConfUtils.java:logGet(43)) - raft.server.snapshot.auto.trigger.threshold = 10000 (custom)
2019-09-19 10:28:31,530 [pool-155-thread-1] INFO  server.RaftServerConfigKeys (ConfUtils.java:logGet(43)) - raft.server.retrycache.expirytime = 600000ms (custom)
2019-09-19 10:28:31,531 [pool-155-thread-1] INFO  impl.RaftServerImpl (RaftServerImpl.java:start(180)) - a9be3d64-f69e-4a94-baf4-3c0042568077: start group-1F08D8C60A15
2019-09-19 10:28:31,531 [pool-155-thread-1] INFO  impl.RaftServerImpl (RaftServerImpl.java:setRole(171)) - a9be3d64-f69e-4a94-baf4-3c0042568077:group-1F08D8C60A15 changes role from null to FOLLOWER at term 0 for startAsFollower
2019-09-19 10:28:31,531 [pool-155-thread-1] INFO  impl.RoleInfo (RoleInfo.java:updateAndGet(143)) - a9be3d64-f69e-4a94-baf4-3c0042568077: start FollowerState
2019-09-19 10:28:31,531 [pool-155-thread-1] INFO  util.JmxRegister (JmxRegister.java:tryRegister(44)) - Successfully registered JMX Bean with object name Ratis:service=RaftServer,group=group-1F08D8C60A15,id=a9be3d64-f69e-4a94-baf4-3c0042568077
2019-09-19 10:28:31,535 [RatisPipelineUtilsThread] INFO  pipeline.PipelineStateManager (PipelineStateManager.java:addPipeline(56)) - Created pipeline Pipeline[ Id: 136fb739-5d1b-40ec-adb0-1f08d8c60a15, Nodes: a9be3d64-f69e-4a94-baf4-3c0042568077{ip: 192.168.157.204, host: pr-hdds-1569-cpgw4-1311585219, networkLocation: /default-rack, certSerialId: null}, Type:RATIS, Factor:ONE, State:OPEN]
2019-09-19 10:28:31,535 [RatisPipelineUtilsThread] ERROR pipeline.PipelinePlacementPolicy (PipelinePlacementPolicy.java:meetCriteria(91)) - Pipeline Placement: Doesn't meet the criteria to be viable node. Heaviness: 6
2019-09-19 10:28:31,535 [RatisPipelineUtilsThread] ERROR pipeline.PipelinePlacementPolicy (PipelinePlacementPolicy.java:meetCriteria(91)) - Pipeline Placement: Doesn't meet the criteria to be viable node. Heaviness: 6
2019-09-19 10:28:31,542 [grpc-default-executor-0] INFO  impl.RaftServerProxy (RaftServerProxy.java:addNew(89)) - a9be3d64-f69e-4a94-baf4-3c0042568077: addNew group-5D2BCAB2B6DD:[a9be3d64-f69e-4a94-baf4-3c0042568077:192.168.157.204:36829] returns group-5D2BCAB2B6DD:java.util.concurrent.CompletableFuture@3e0d39df[Not completed]
2019-09-19 10:28:31,543 [pool-155-thread-1] INFO  impl.RaftServerImpl (RaftServerImpl.java:<init>(93)) - a9be3d64-f69e-4a94-baf4-3c0042568077: new RaftServerImpl for group-5D2BCAB2B6DD:[a9be3d64-f69e-4a94-baf4-3c0042568077:192.168.157.204:36829] with ContainerStateMachine:uninitialized
2019-09-19 10:28:31,543 [pool-155-thread-1] INFO  server.RaftServerConfigKeys (ConfUtils.java:logGet(43)) - raft.server.rpc.timeout.min = 5s (custom)
2019-09-19 10:28:31,544 [pool-155-thread-1] INFO  server.RaftServerConfigKeys (ConfUtils.java:logGet(43)) - raft.server.rpc.timeout.max = 5200ms (custom)
2019-09-19 10:28:31,544 [pool-155-thread-1] INFO  server.RaftServerConfigKeys (ConfUtils.java:logGet(43)) - raft.server.rpcslowness.timeout = 120s (custom)
2019-09-19 10:28:31,544 [pool-155-thread-1] INFO  server.RaftServerConfigKeys (ConfUtils.java:logGet(43)) - raft.server.sleep.deviation.threshold = 300 (default)
2019-09-19 10:28:31,544 [pool-155-thread-1] INFO  server.RaftServerConfigKeys (ConfUtils.java:logGet(43)) - raft.server.log.appender.install.snapshot.enabled = false (custom)
2019-09-19 10:28:31,544 [pool-155-thread-1] INFO  impl.RaftServerImpl (ServerState.java:<init>(105)) - a9be3d64-f69e-4a94-baf4-3c0042568077:group-5D2BCAB2B6DD ConfigurationManager, init=-1: [a9be3d64-f69e-4a94-baf4-3c0042568077:192.168.157.204:36829], old=null, confs=<EMPTY_MAP>
2019-09-19 10:28:31,544 [pool-155-thread-1] INFO  server.RaftServerConfigKeys (ConfUtils.java:logGet(43)) - raft.server.storage.dir = [/workdir/hadoop-ozone/ozonefs/target/test-dir/MiniOzoneClusterImpl-e7cad2d7-1ecb-4c95-8765-1dbadc3630b8/datanode-2/data/ratis] (custom)
2019-09-19 10:28:31,545 [pool-155-thread-1] INFO  storage.RaftStorageDirectory (RaftStorageDirectory.java:analyzeStorage(246)) - The storage directory /workdir/hadoop-ozone/ozonefs/target/test-dir/MiniOzoneClusterImpl-e7cad2d7-1ecb-4c95-8765-1dbadc3630b8/datanode-2/data/ratis/99a211e3-917d-4e44-a057-5d2bcab2b6dd does not exist. Creating ...
2019-09-19 10:28:31,558 [pool-155-thread-1] INFO  storage.RaftStorageDirectory (RaftStorageDirectory.java:tryLock(328)) - Lock on /workdir/hadoop-ozone/ozonefs/target/test-dir/MiniOzoneClusterImpl-e7cad2d7-1ecb-4c95-8765-1dbadc3630b8/datanode-2/data/ratis/99a211e3-917d-4e44-a057-5d2bcab2b6dd/in_use.lock acquired by nodename 28323@pr-hdds-1569-cpgw4-1311585219
2019-09-19 10:28:31,571 [pool-155-thread-1] INFO  storage.RaftStorage (RaftStorage.java:format(72)) - Storage directory /workdir/hadoop-ozone/ozonefs/target/test-dir/MiniOzoneClusterImpl-e7cad2d7-1ecb-4c95-8765-1dbadc3630b8/datanode-2/data/ratis/99a211e3-917d-4e44-a057-5d2bcab2b6dd has been successfully formatted.
2019-09-19 10:28:31,571 [pool-155-thread-1] INFO  ratis.ContainerStateMachine (ContainerStateMachine.java:loadSnapshot(226)) - group-5D2BCAB2B6DD: The snapshot info is null. Setting the last applied indexto:(t:0, i:~)
2019-09-19 10:28:31,572 [pool-155-thread-1] INFO  server.RaftServerConfigKeys (ConfUtils.java:logGet(43)) - raft.server.leader.election.timeout = 120s (custom)
2019-09-19 10:28:31,572 [pool-155-thread-1] INFO  server.RaftServerConfigKeys (ConfUtils.java:logGet(43)) - raft.server.log.use.memory = false (default)
2019-09-19 10:28:31,572 [pool-155-thread-1] INFO  server.RaftServerConfigKeys (ConfUtils.java:logGet(43)) - raft.server.log.purge.gap = 1000000 (custom)
2019-09-19 10:28:31,572 [pool-155-thread-1] INFO  server.RaftServerConfigKeys (ConfUtils.java:logGet(43)) - raft.server.log.appender.buffer.byte-limit = 33554432 (custom)
2019-09-19 10:28:31,572 [pool-155-thread-1] INFO  server.RaftServerConfigKeys (ConfUtils.java:logGet(43)) - raft.server.log.segment.size.max = 1048576 (custom)
2019-09-19 10:28:31,572 [pool-155-thread-1] INFO  server.RaftServerConfigKeys (ConfUtils.java:logGet(43)) - raft.server.log.segment.cache.num.max = 2 (custom)
2019-09-19 10:28:31,573 [pool-155-thread-1] INFO  segmented.SegmentedRaftLogWorker (SegmentedRaftLogWorker.java:<init>(172)) - new a9be3d64-f69e-4a94-baf4-3c0042568077-SegmentedRaftLogWorker:Storage Directory /workdir/hadoop-ozone/ozonefs/target/test-dir/MiniOzoneClusterImpl-e7cad2d7-1ecb-4c95-8765-1dbadc3630b8/datanode-2/data/ratis/99a211e3-917d-4e44-a057-5d2bcab2b6dd for RaftStorage:Storage Directory /workdir/hadoop-ozone/ozonefs/target/test-dir/MiniOzoneClusterImpl-e7cad2d7-1ecb-4c95-8765-1dbadc3630b8/datanode-2/data/ratis/99a211e3-917d-4e44-a057-5d2bcab2b6dd
2019-09-19 10:28:31,573 [pool-155-thread-1] INFO  server.RaftServerConfigKeys (ConfUtils.java:logGet(43)) - raft.server.log.queue.byte-limit = 2147483647 (custom)
2019-09-19 10:28:31,573 [pool-155-thread-1] INFO  server.RaftServerConfigKeys (ConfUtils.java:logGet(43)) - raft.server.log.queue.element-limit = 1024 (custom)
2019-09-19 10:28:31,573 [pool-155-thread-1] INFO  server.RaftServerConfigKeys (ConfUtils.java:logGet(43)) - raft.server.log.segment.size.max = 1048576 (custom)
2019-09-19 10:28:31,573 [pool-155-thread-1] INFO  server.RaftServerConfigKeys (ConfUtils.java:logGet(43)) - raft.server.log.preallocated.size = 16384 (custom)
2019-09-19 10:28:31,573 [pool-155-thread-1] INFO  server.RaftServerConfigKeys (ConfUtils.java:logGet(43)) - raft.server.log.write.buffer.size = 33554432 (custom)
2019-09-19 10:28:31,573 [pool-155-thread-1] INFO  server.RaftServerConfigKeys (ConfUtils.java:logGet(43)) - raft.server.log.force.sync.num = 128 (default)
2019-09-19 10:28:31,573 [pool-155-thread-1] INFO  server.RaftServerConfigKeys (ConfUtils.java:logGet(43)) - raft.server.log.statemachine.data.sync = true (default)
2019-09-19 10:28:31,574 [pool-155-thread-1] INFO  server.RaftServerConfigKeys (ConfUtils.java:logGet(43)) - raft.server.log.statemachine.data.sync.timeout = 10s (default)
2019-09-19 10:28:31,574 [pool-155-thread-1] INFO  server.RaftServerConfigKeys (ConfUtils.java:logGet(43)) - raft.server.log.statemachine.data.sync.timeout.retry = -1 (default)
2019-09-19 10:28:31,574 [pool-155-thread-1] INFO  server.RaftServerConfigKeys (ConfUtils.java:logGet(43)) - raft.server.log.statemachine.data.caching.enabled = true (custom)
2019-09-19 10:28:31,574 [pool-155-thread-1] INFO  segmented.SegmentedRaftLogWorker (SegmentedRaftLogWorker.java:lambda$new$0(132)) - a9be3d64-f69e-4a94-baf4-3c0042568077-SegmentedRaftLogWorker:Storage Directory /workdir/hadoop-ozone/ozonefs/target/test-dir/MiniOzoneClusterImpl-e7cad2d7-1ecb-4c95-8765-1dbadc3630b8/datanode-2/data/ratis/99a211e3-917d-4e44-a057-5d2bcab2b6dd: flushIndex: setUnconditionally 0 -> -1
2019-09-19 10:28:31,575 [pool-155-thread-1] INFO  server.RaftServerConfigKeys (ConfUtils.java:logGet(43)) - raft.server.snapshot.auto.trigger.enabled = true (custom)
2019-09-19 10:28:31,575 [pool-155-thread-1] INFO  server.RaftServerConfigKeys (ConfUtils.java:logGet(43)) - raft.server.snapshot.auto.trigger.threshold = 10000 (custom)
2019-09-19 10:28:31,575 [pool-155-thread-1] INFO  server.RaftServerConfigKeys (ConfUtils.java:logGet(43)) - raft.server.retrycache.expirytime = 600000ms (custom)
2019-09-19 10:28:31,575 [pool-155-thread-1] INFO  impl.RaftServerImpl (RaftServerImpl.java:start(180)) - a9be3d64-f69e-4a94-baf4-3c0042568077: start group-5D2BCAB2B6DD
2019-09-19 10:28:31,575 [pool-155-thread-1] INFO  impl.RaftServerImpl (RaftServerImpl.java:setRole(171)) - a9be3d64-f69e-4a94-baf4-3c0042568077:group-5D2BCAB2B6DD changes role from null to FOLLOWER at term 0 for startAsFollower
2019-09-19 10:28:31,576 [pool-155-thread-1] INFO  impl.RoleInfo (RoleInfo.java:updateAndGet(143)) - a9be3d64-f69e-4a94-baf4-3c0042568077: start FollowerState
2019-09-19 10:28:31,576 [pool-155-thread-1] INFO  util.JmxRegister (JmxRegister.java:tryRegister(44)) - Successfully registered JMX Bean with object name Ratis:service=RaftServer,group=group-5D2BCAB2B6DD,id=a9be3d64-f69e-4a94-baf4-3c0042568077
2019-09-19 10:28:31,579 [RatisPipelineUtilsThread] INFO  pipeline.PipelineStateManager (PipelineStateManager.java:addPipeline(56)) - Created pipeline Pipeline[ Id: 99a211e3-917d-4e44-a057-5d2bcab2b6dd, Nodes: a9be3d64-f69e-4a94-baf4-3c0042568077{ip: 192.168.157.204, host: pr-hdds-1569-cpgw4-1311585219, networkLocation: /default-rack, certSerialId: null}, Type:RATIS, Factor:ONE, State:OPEN]
2019-09-19 10:28:31,579 [RatisPipelineUtilsThread] ERROR pipeline.PipelinePlacementPolicy (PipelinePlacementPolicy.java:meetCriteria(91)) - Pipeline Placement: Doesn't meet the criteria to be viable node. Heaviness: 6
2019-09-19 10:28:31,580 [RatisPipelineUtilsThread] ERROR pipeline.PipelinePlacementPolicy (PipelinePlacementPolicy.java:meetCriteria(91)) - Pipeline Placement: Doesn't meet the criteria to be viable node. Heaviness: 6
2019-09-19 10:28:31,585 [grpc-default-executor-0] INFO  impl.RaftServerProxy (RaftServerProxy.java:addNew(89)) - a9be3d64-f69e-4a94-baf4-3c0042568077: addNew group-540F31873C60:[a9be3d64-f69e-4a94-baf4-3c0042568077:192.168.157.204:36829] returns group-540F31873C60:java.util.concurrent.CompletableFuture@5459d302[Not completed]
2019-09-19 10:28:31,586 [pool-155-thread-1] INFO  impl.RaftServerImpl (RaftServerImpl.java:<init>(93)) - a9be3d64-f69e-4a94-baf4-3c0042568077: new RaftServerImpl for group-540F31873C60:[a9be3d64-f69e-4a94-baf4-3c0042568077:192.168.157.204:36829] with ContainerStateMachine:uninitialized
2019-09-19 10:28:31,586 [pool-155-thread-1] INFO  server.RaftServerConfigKeys (ConfUtils.java:logGet(43)) - raft.server.rpc.timeout.min = 5s (custom)
2019-09-19 10:28:31,587 [pool-155-thread-1] INFO  server.RaftServerConfigKeys (ConfUtils.java:logGet(43)) - raft.server.rpc.timeout.max = 5200ms (custom)
2019-09-19 10:28:31,587 [pool-155-thread-1] INFO  server.RaftServerConfigKeys (ConfUtils.java:logGet(43)) - raft.server.rpcslowness.timeout = 120s (custom)
2019-09-19 10:28:31,587 [pool-155-thread-1] INFO  server.RaftServerConfigKeys (ConfUtils.java:logGet(43)) - raft.server.sleep.deviation.threshold = 300 (default)
2019-09-19 10:28:31,587 [pool-155-thread-1] INFO  server.RaftServerConfigKeys (ConfUtils.java:logGet(43)) - raft.server.log.appender.install.snapshot.enabled = false (custom)
2019-09-19 10:28:31,587 [pool-155-thread-1] INFO  impl.RaftServerImpl (ServerState.java:<init>(105)) - a9be3d64-f69e-4a94-baf4-3c0042568077:group-540F31873C60 ConfigurationManager, init=-1: [a9be3d64-f69e-4a94-baf4-3c0042568077:192.168.157.204:36829], old=null, confs=<EMPTY_MAP>
2019-09-19 10:28:31,587 [pool-155-thread-1] INFO  server.RaftServerConfigKeys (ConfUtils.java:logGet(43)) - raft.server.storage.dir = [/workdir/hadoop-ozone/ozonefs/target/test-dir/MiniOzoneClusterImpl-e7cad2d7-1ecb-4c95-8765-1dbadc3630b8/datanode-2/data/ratis] (custom)
2019-09-19 10:28:31,588 [pool-155-thread-1] INFO  storage.RaftStorageDirectory (RaftStorageDirectory.java:analyzeStorage(246)) - The storage directory /workdir/hadoop-ozone/ozonefs/target/test-dir/MiniOzoneClusterImpl-e7cad2d7-1ecb-4c95-8765-1dbadc3630b8/datanode-2/data/ratis/d9114e04-4b64-4489-9185-540f31873c60 does not exist. Creating ...
2019-09-19 10:28:31,601 [pool-155-thread-1] INFO  storage.RaftStorageDirectory (RaftStorageDirectory.java:tryLock(328)) - Lock on /workdir/hadoop-ozone/ozonefs/target/test-dir/MiniOzoneClusterImpl-e7cad2d7-1ecb-4c95-8765-1dbadc3630b8/datanode-2/data/ratis/d9114e04-4b64-4489-9185-540f31873c60/in_use.lock acquired by nodename 28323@pr-hdds-1569-cpgw4-1311585219
2019-09-19 10:28:31,614 [pool-155-thread-1] INFO  storage.RaftStorage (RaftStorage.java:format(72)) - Storage directory /workdir/hadoop-ozone/ozonefs/target/test-dir/MiniOzoneClusterImpl-e7cad2d7-1ecb-4c95-8765-1dbadc3630b8/datanode-2/data/ratis/d9114e04-4b64-4489-9185-540f31873c60 has been successfully formatted.
2019-09-19 10:28:31,615 [pool-155-thread-1] INFO  ratis.ContainerStateMachine (ContainerStateMachine.java:loadSnapshot(226)) - group-540F31873C60: The snapshot info is null. Setting the last applied indexto:(t:0, i:~)
2019-09-19 10:28:31,615 [pool-155-thread-1] INFO  server.RaftServerConfigKeys (ConfUtils.java:logGet(43)) - raft.server.leader.election.timeout = 120s (custom)
2019-09-19 10:28:31,615 [pool-155-thread-1] INFO  server.RaftServerConfigKeys (ConfUtils.java:logGet(43)) - raft.server.log.use.memory = false (default)
2019-09-19 10:28:31,615 [pool-155-thread-1] INFO  server.RaftServerConfigKeys (ConfUtils.java:logGet(43)) - raft.server.log.purge.gap = 1000000 (custom)
2019-09-19 10:28:31,615 [pool-155-thread-1] INFO  server.RaftServerConfigKeys (ConfUtils.java:logGet(43)) - raft.server.log.appender.buffer.byte-limit = 33554432 (custom)
2019-09-19 10:28:31,615 [pool-155-thread-1] INFO  server.RaftServerConfigKeys (ConfUtils.java:logGet(43)) - raft.server.log.segment.size.max = 1048576 (custom)
2019-09-19 10:28:31,616 [pool-155-thread-1] INFO  server.RaftServerConfigKeys (ConfUtils.java:logGet(43)) - raft.server.log.segment.cache.num.max = 2 (custom)
2019-09-19 10:28:31,616 [pool-155-thread-1] INFO  segmented.SegmentedRaftLogWorker (SegmentedRaftLogWorker.java:<init>(172)) - new a9be3d64-f69e-4a94-baf4-3c0042568077-SegmentedRaftLogWorker:Storage Directory /workdir/hadoop-ozone/ozonefs/target/test-dir/MiniOzoneClusterImpl-e7cad2d7-1ecb-4c95-8765-1dbadc3630b8/datanode-2/data/ratis/d9114e04-4b64-4489-9185-540f31873c60 for RaftStorage:Storage Directory /workdir/hadoop-ozone/ozonefs/target/test-dir/MiniOzoneClusterImpl-e7cad2d7-1ecb-4c95-8765-1dbadc3630b8/datanode-2/data/ratis/d9114e04-4b64-4489-9185-540f31873c60
2019-09-19 10:28:31,616 [pool-155-thread-1] INFO  server.RaftServerConfigKeys (ConfUtils.java:logGet(43)) - raft.server.log.queue.byte-limit = 2147483647 (custom)
2019-09-19 10:28:31,616 [pool-155-thread-1] INFO  server.RaftServerConfigKeys (ConfUtils.java:logGet(43)) - raft.server.log.queue.element-limit = 1024 (custom)
2019-09-19 10:28:31,616 [pool-155-thread-1] INFO  server.RaftServerConfigKeys (ConfUtils.java:logGet(43)) - raft.server.log.segment.size.max = 1048576 (custom)
2019-09-19 10:28:31,616 [pool-155-thread-1] INFO  server.RaftServerConfigKeys (ConfUtils.java:logGet(43)) - raft.server.log.preallocated.size = 16384 (custom)
2019-09-19 10:28:31,616 [pool-155-thread-1] INFO  server.RaftServerConfigKeys (ConfUtils.java:logGet(43)) - raft.server.log.write.buffer.size = 33554432 (custom)
2019-09-19 10:28:31,617 [pool-155-thread-1] INFO  server.RaftServerConfigKeys (ConfUtils.java:logGet(43)) - raft.server.log.force.sync.num = 128 (default)
2019-09-19 10:28:31,617 [pool-155-thread-1] INFO  server.RaftServerConfigKeys (ConfUtils.java:logGet(43)) - raft.server.log.statemachine.data.sync = true (default)
2019-09-19 10:28:31,617 [pool-155-thread-1] INFO  server.RaftServerConfigKeys (ConfUtils.java:logGet(43)) - raft.server.log.statemachine.data.sync.timeout = 10s (default)
2019-09-19 10:28:31,617 [pool-155-thread-1] INFO  server.RaftServerConfigKeys (ConfUtils.java:logGet(43)) - raft.server.log.statemachine.data.sync.timeout.retry = -1 (default)
2019-09-19 10:28:31,617 [pool-155-thread-1] INFO  server.RaftServerConfigKeys (ConfUtils.java:logGet(43)) - raft.server.log.statemachine.data.caching.enabled = true (custom)
2019-09-19 10:28:31,618 [pool-155-thread-1] INFO  segmented.SegmentedRaftLogWorker (SegmentedRaftLogWorker.java:lambda$new$0(132)) - a9be3d64-f69e-4a94-baf4-3c0042568077-SegmentedRaftLogWorker:Storage Directory /workdir/hadoop-ozone/ozonefs/target/test-dir/MiniOzoneClusterImpl-e7cad2d7-1ecb-4c95-8765-1dbadc3630b8/datanode-2/data/ratis/d9114e04-4b64-4489-9185-540f31873c60: flushIndex: setUnconditionally 0 -> -1
2019-09-19 10:28:31,618 [pool-155-thread-1] INFO  server.RaftServerConfigKeys (ConfUtils.java:logGet(43)) - raft.server.snapshot.auto.trigger.enabled = true (custom)
2019-09-19 10:28:31,618 [pool-155-thread-1] INFO  server.RaftServerConfigKeys (ConfUtils.java:logGet(43)) - raft.server.snapshot.auto.trigger.threshold = 10000 (custom)
2019-09-19 10:28:31,618 [pool-155-thread-1] INFO  server.RaftServerConfigKeys (ConfUtils.java:logGet(43)) - raft.server.retrycache.expirytime = 600000ms (custom)
2019-09-19 10:28:31,619 [pool-155-thread-1] INFO  impl.RaftServerImpl (RaftServerImpl.java:start(180)) - a9be3d64-f69e-4a94-baf4-3c0042568077: start group-540F31873C60
2019-09-19 10:28:31,619 [pool-155-thread-1] INFO  impl.RaftServerImpl (RaftServerImpl.java:setRole(171)) - a9be3d64-f69e-4a94-baf4-3c0042568077:group-540F31873C60 changes role from null to FOLLOWER at term 0 for startAsFollower
2019-09-19 10:28:31,619 [pool-155-thread-1] INFO  impl.RoleInfo (RoleInfo.java:updateAndGet(143)) - a9be3d64-f69e-4a94-baf4-3c0042568077: start FollowerState
2019-09-19 10:28:31,619 [pool-155-thread-1] INFO  util.JmxRegister (JmxRegister.java:tryRegister(44)) - Successfully registered JMX Bean with object name Ratis:service=RaftServer,group=group-540F31873C60,id=a9be3d64-f69e-4a94-baf4-3c0042568077
2019-09-19 10:28:31,622 [RatisPipelineUtilsThread] INFO  pipeline.PipelineStateManager (PipelineStateManager.java:addPipeline(56)) - Created pipeline Pipeline[ Id: d9114e04-4b64-4489-9185-540f31873c60, Nodes: a9be3d64-f69e-4a94-baf4-3c0042568077{ip: 192.168.157.204, host: pr-hdds-1569-cpgw4-1311585219, networkLocation: /default-rack, certSerialId: null}, Type:RATIS, Factor:ONE, State:OPEN]
2019-09-19 10:28:31,623 [RatisPipelineUtilsThread] ERROR pipeline.PipelinePlacementPolicy (PipelinePlacementPolicy.java:meetCriteria(91)) - Pipeline Placement: Doesn't meet the criteria to be viable node. Heaviness: 6
2019-09-19 10:28:31,623 [RatisPipelineUtilsThread] ERROR pipeline.PipelinePlacementPolicy (PipelinePlacementPolicy.java:meetCriteria(91)) - Pipeline Placement: Doesn't meet the criteria to be viable node. Heaviness: 6
2019-09-19 10:28:31,628 [grpc-default-executor-0] INFO  impl.RaftServerProxy (RaftServerProxy.java:addNew(89)) - a9be3d64-f69e-4a94-baf4-3c0042568077: addNew group-EEC0CA02C91F:[a9be3d64-f69e-4a94-baf4-3c0042568077:192.168.157.204:36829] returns group-EEC0CA02C91F:java.util.concurrent.CompletableFuture@564788f8[Not completed]
2019-09-19 10:28:31,630 [pool-155-thread-1] INFO  impl.RaftServerImpl (RaftServerImpl.java:<init>(93)) - a9be3d64-f69e-4a94-baf4-3c0042568077: new RaftServerImpl for group-EEC0CA02C91F:[a9be3d64-f69e-4a94-baf4-3c0042568077:192.168.157.204:36829] with ContainerStateMachine:uninitialized
2019-09-19 10:28:31,630 [pool-155-thread-1] INFO  server.RaftServerConfigKeys (ConfUtils.java:logGet(43)) - raft.server.rpc.timeout.min = 5s (custom)
2019-09-19 10:28:31,630 [pool-155-thread-1] INFO  server.RaftServerConfigKeys (ConfUtils.java:logGet(43)) - raft.server.rpc.timeout.max = 5200ms (custom)
2019-09-19 10:28:31,630 [pool-155-thread-1] INFO  server.RaftServerConfigKeys (ConfUtils.java:logGet(43)) - raft.server.rpcslowness.timeout = 120s (custom)
2019-09-19 10:28:31,630 [pool-155-thread-1] INFO  server.RaftServerConfigKeys (ConfUtils.java:logGet(43)) - raft.server.sleep.deviation.threshold = 300 (default)
2019-09-19 10:28:31,630 [pool-155-thread-1] INFO  server.RaftServerConfigKeys (ConfUtils.java:logGet(43)) - raft.server.log.appender.install.snapshot.enabled = false (custom)
2019-09-19 10:28:31,631 [pool-155-thread-1] INFO  impl.RaftServerImpl (ServerState.java:<init>(105)) - a9be3d64-f69e-4a94-baf4-3c0042568077:group-EEC0CA02C91F ConfigurationManager, init=-1: [a9be3d64-f69e-4a94-baf4-3c0042568077:192.168.157.204:36829], old=null, confs=<EMPTY_MAP>
2019-09-19 10:28:31,631 [pool-155-thread-1] INFO  server.RaftServerConfigKeys (ConfUtils.java:logGet(43)) - raft.server.storage.dir = [/workdir/hadoop-ozone/ozonefs/target/test-dir/MiniOzoneClusterImpl-e7cad2d7-1ecb-4c95-8765-1dbadc3630b8/datanode-2/data/ratis] (custom)
2019-09-19 10:28:31,631 [pool-155-thread-1] INFO  storage.RaftStorageDirectory (RaftStorageDirectory.java:analyzeStorage(246)) - The storage directory /workdir/hadoop-ozone/ozonefs/target/test-dir/MiniOzoneClusterImpl-e7cad2d7-1ecb-4c95-8765-1dbadc3630b8/datanode-2/data/ratis/8f587536-ab35-4ab8-a2d4-eec0ca02c91f does not exist. Creating ...
2019-09-19 10:28:31,637 [pool-155-thread-1] INFO  storage.RaftStorageDirectory (RaftStorageDirectory.java:tryLock(328)) - Lock on /workdir/hadoop-ozone/ozonefs/target/test-dir/MiniOzoneClusterImpl-e7cad2d7-1ecb-4c95-8765-1dbadc3630b8/datanode-2/data/ratis/8f587536-ab35-4ab8-a2d4-eec0ca02c91f/in_use.lock acquired by nodename 28323@pr-hdds-1569-cpgw4-1311585219
2019-09-19 10:28:31,650 [pool-155-thread-1] INFO  storage.RaftStorage (RaftStorage.java:format(72)) - Storage directory /workdir/hadoop-ozone/ozonefs/target/test-dir/MiniOzoneClusterImpl-e7cad2d7-1ecb-4c95-8765-1dbadc3630b8/datanode-2/data/ratis/8f587536-ab35-4ab8-a2d4-eec0ca02c91f has been successfully formatted.
2019-09-19 10:28:31,650 [pool-155-thread-1] INFO  ratis.ContainerStateMachine (ContainerStateMachine.java:loadSnapshot(226)) - group-EEC0CA02C91F: The snapshot info is null. Setting the last applied indexto:(t:0, i:~)
2019-09-19 10:28:31,651 [pool-155-thread-1] INFO  server.RaftServerConfigKeys (ConfUtils.java:logGet(43)) - raft.server.leader.election.timeout = 120s (custom)
2019-09-19 10:28:31,651 [pool-155-thread-1] INFO  server.RaftServerConfigKeys (ConfUtils.java:logGet(43)) - raft.server.log.use.memory = false (default)
2019-09-19 10:28:31,651 [pool-155-thread-1] INFO  server.RaftServerConfigKeys (ConfUtils.java:logGet(43)) - raft.server.log.purge.gap = 1000000 (custom)
2019-09-19 10:28:31,651 [pool-155-thread-1] INFO  server.RaftServerConfigKeys (ConfUtils.java:logGet(43)) - raft.server.log.appender.buffer.byte-limit = 33554432 (custom)
2019-09-19 10:28:31,651 [pool-155-thread-1] INFO  server.RaftServerConfigKeys (ConfUtils.java:logGet(43)) - raft.server.log.segment.size.max = 1048576 (custom)
2019-09-19 10:28:31,651 [pool-155-thread-1] INFO  server.RaftServerConfigKeys (ConfUtils.java:logGet(43)) - raft.server.log.segment.cache.num.max = 2 (custom)
2019-09-19 10:28:31,651 [pool-155-thread-1] INFO  segmented.SegmentedRaftLogWorker (SegmentedRaftLogWorker.java:<init>(172)) - new a9be3d64-f69e-4a94-baf4-3c0042568077-SegmentedRaftLogWorker:Storage Directory /workdir/hadoop-ozone/ozonefs/target/test-dir/MiniOzoneClusterImpl-e7cad2d7-1ecb-4c95-8765-1dbadc3630b8/datanode-2/data/ratis/8f587536-ab35-4ab8-a2d4-eec0ca02c91f for RaftStorage:Storage Directory /workdir/hadoop-ozone/ozonefs/target/test-dir/MiniOzoneClusterImpl-e7cad2d7-1ecb-4c95-8765-1dbadc3630b8/datanode-2/data/ratis/8f587536-ab35-4ab8-a2d4-eec0ca02c91f
2019-09-19 10:28:31,652 [pool-155-thread-1] INFO  server.RaftServerConfigKeys (ConfUtils.java:logGet(43)) - raft.server.log.queue.byte-limit = 2147483647 (custom)
2019-09-19 10:28:31,652 [pool-155-thread-1] INFO  server.RaftServerConfigKeys (ConfUtils.java:logGet(43)) - raft.server.log.queue.element-limit = 1024 (custom)
2019-09-19 10:28:31,652 [pool-155-thread-1] INFO  server.RaftServerConfigKeys (ConfUtils.java:logGet(43)) - raft.server.log.segment.size.max = 1048576 (custom)
2019-09-19 10:28:31,652 [pool-155-thread-1] INFO  server.RaftServerConfigKeys (ConfUtils.java:logGet(43)) - raft.server.log.preallocated.size = 16384 (custom)
2019-09-19 10:28:31,652 [pool-155-thread-1] INFO  server.RaftServerConfigKeys (ConfUtils.java:logGet(43)) - raft.server.log.write.buffer.size = 33554432 (custom)
2019-09-19 10:28:31,652 [pool-155-thread-1] INFO  server.RaftServerConfigKeys (ConfUtils.java:logGet(43)) - raft.server.log.force.sync.num = 128 (default)
2019-09-19 10:28:31,652 [pool-155-thread-1] INFO  server.RaftServerConfigKeys (ConfUtils.java:logGet(43)) - raft.server.log.statemachine.data.sync = true (default)
2019-09-19 10:28:31,653 [pool-155-thread-1] INFO  server.RaftServerConfigKeys (ConfUtils.java:logGet(43)) - raft.server.log.statemachine.data.sync.timeout = 10s (default)
2019-09-19 10:28:31,653 [pool-155-thread-1] INFO  server.RaftServerConfigKeys (ConfUtils.java:logGet(43)) - raft.server.log.statemachine.data.sync.timeout.retry = -1 (default)
2019-09-19 10:28:31,653 [pool-155-thread-1] INFO  server.RaftServerConfigKeys (ConfUtils.java:logGet(43)) - raft.server.log.statemachine.data.caching.enabled = true (custom)
2019-09-19 10:28:31,653 [pool-155-thread-1] INFO  segmented.SegmentedRaftLogWorker (SegmentedRaftLogWorker.java:lambda$new$0(132)) - a9be3d64-f69e-4a94-baf4-3c0042568077-SegmentedRaftLogWorker:Storage Directory /workdir/hadoop-ozone/ozonefs/target/test-dir/MiniOzoneClusterImpl-e7cad2d7-1ecb-4c95-8765-1dbadc3630b8/datanode-2/data/ratis/8f587536-ab35-4ab8-a2d4-eec0ca02c91f: flushIndex: setUnconditionally 0 -> -1
2019-09-19 10:28:31,654 [pool-155-thread-1] INFO  server.RaftServerConfigKeys (ConfUtils.java:logGet(43)) - raft.server.snapshot.auto.trigger.enabled = true (custom)
2019-09-19 10:28:31,654 [pool-155-thread-1] INFO  server.RaftServerConfigKeys (ConfUtils.java:logGet(43)) - raft.server.snapshot.auto.trigger.threshold = 10000 (custom)
2019-09-19 10:28:31,654 [pool-155-thread-1] INFO  server.RaftServerConfigKeys (ConfUtils.java:logGet(43)) - raft.server.retrycache.expirytime = 600000ms (custom)
2019-09-19 10:28:31,654 [pool-155-thread-1] INFO  impl.RaftServerImpl (RaftServerImpl.java:start(180)) - a9be3d64-f69e-4a94-baf4-3c0042568077: start group-EEC0CA02C91F
2019-09-19 10:28:31,654 [pool-155-thread-1] INFO  impl.RaftServerImpl (RaftServerImpl.java:setRole(171)) - a9be3d64-f69e-4a94-baf4-3c0042568077:group-EEC0CA02C91F changes role from null to FOLLOWER at term 0 for startAsFollower
2019-09-19 10:28:31,654 [pool-155-thread-1] INFO  impl.RoleInfo (RoleInfo.java:updateAndGet(143)) - a9be3d64-f69e-4a94-baf4-3c0042568077: start FollowerState
2019-09-19 10:28:31,655 [pool-155-thread-1] INFO  util.JmxRegister (JmxRegister.java:tryRegister(44)) - Successfully registered JMX Bean with object name Ratis:service=RaftServer,group=group-EEC0CA02C91F,id=a9be3d64-f69e-4a94-baf4-3c0042568077
2019-09-19 10:28:31,658 [RatisPipelineUtilsThread] INFO  pipeline.PipelineStateManager (PipelineStateManager.java:addPipeline(56)) - Created pipeline Pipeline[ Id: 8f587536-ab35-4ab8-a2d4-eec0ca02c91f, Nodes: a9be3d64-f69e-4a94-baf4-3c0042568077{ip: 192.168.157.204, host: pr-hdds-1569-cpgw4-1311585219, networkLocation: /default-rack, certSerialId: null}, Type:RATIS, Factor:ONE, State:OPEN]
2019-09-19 10:28:31,658 [RatisPipelineUtilsThread] ERROR pipeline.PipelinePlacementPolicy (PipelinePlacementPolicy.java:meetCriteria(91)) - Pipeline Placement: Doesn't meet the criteria to be viable node. Heaviness: 6
2019-09-19 10:28:31,658 [RatisPipelineUtilsThread] ERROR pipeline.PipelinePlacementPolicy (PipelinePlacementPolicy.java:meetCriteria(91)) - Pipeline Placement: Doesn't meet the criteria to be viable node. Heaviness: 6
2019-09-19 10:28:31,659 [RatisPipelineUtilsThread] ERROR pipeline.PipelinePlacementPolicy (PipelinePlacementPolicy.java:meetCriteria(91)) - Pipeline Placement: Doesn't meet the criteria to be viable node. Heaviness: 6
2019-09-19 10:28:31,659 [RatisPipelineUtilsThread] ERROR pipeline.PipelinePlacementPolicy (PipelinePlacementPolicy.java:filterViableNodes(146)) - Unable to find enough nodes that meet the criteria that cannot engage in more than 5 pipelines. Nodes required: 1 Found: 0, healthy nodes count inNodeManager: 3.
2019-09-19 10:28:31,659 [RatisPipelineUtilsThread] ERROR pipeline.SCMPipelineManager (SCMPipelineManager.java:createPipeline(161)) - Pipeline creation failed due to exception: Unable to find enough nodes that meet the criteria that cannot engage in more than 5 pipelines. Nodes required: 1 Found: 0, healthy nodes count inNodeManager: 3.
2019-09-19 10:28:31,659 [RatisPipelineUtilsThread] ERROR pipeline.PipelinePlacementPolicy (PipelinePlacementPolicy.java:meetCriteria(91)) - Pipeline Placement: Doesn't meet the criteria to be viable node. Heaviness: 6
2019-09-19 10:28:31,659 [RatisPipelineUtilsThread] ERROR pipeline.PipelinePlacementPolicy (PipelinePlacementPolicy.java:meetCriteria(91)) - Pipeline Placement: Doesn't meet the criteria to be viable node. Heaviness: 6
2019-09-19 10:28:31,659 [RatisPipelineUtilsThread] ERROR pipeline.PipelinePlacementPolicy (PipelinePlacementPolicy.java:meetCriteria(91)) - Pipeline Placement: Doesn't meet the criteria to be viable node. Heaviness: 6
2019-09-19 10:28:31,659 [RatisPipelineUtilsThread] ERROR pipeline.PipelinePlacementPolicy (PipelinePlacementPolicy.java:filterViableNodes(146)) - Unable to find enough nodes that meet the criteria that cannot engage in more than 5 pipelines. Nodes required: 3 Found: 0, healthy nodes count inNodeManager: 3.
2019-09-19 10:28:31,659 [RatisPipelineUtilsThread] ERROR pipeline.SCMPipelineManager (SCMPipelineManager.java:createPipeline(161)) - Pipeline creation failed due to exception: Unable to find enough nodes that meet the criteria that cannot engage in more than 5 pipelines. Nodes required: 3 Found: 0, healthy nodes count inNodeManager: 3.
2019-09-19 10:28:31,660 [RatisPipelineUtilsThread] ERROR pipeline.PipelinePlacementPolicy (PipelinePlacementPolicy.java:meetCriteria(91)) - Pipeline Placement: Doesn't meet the criteria to be viable node. Heaviness: 6
2019-09-19 10:28:31,660 [RatisPipelineUtilsThread] ERROR pipeline.PipelinePlacementPolicy (PipelinePlacementPolicy.java:meetCriteria(91)) - Pipeline Placement: Doesn't meet the criteria to be viable node. Heaviness: 6
2019-09-19 10:28:31,660 [RatisPipelineUtilsThread] ERROR pipeline.PipelinePlacementPolicy (PipelinePlacementPolicy.java:meetCriteria(91)) - Pipeline Placement: Doesn't meet the criteria to be viable node. Heaviness: 6
2019-09-19 10:28:31,660 [RatisPipelineUtilsThread] ERROR pipeline.PipelinePlacementPolicy (PipelinePlacementPolicy.java:filterViableNodes(146)) - Unable to find enough nodes that meet the criteria that cannot engage in more than 5 pipelines. Nodes required: 1 Found: 0, healthy nodes count inNodeManager: 3.
2019-09-19 10:28:31,660 [RatisPipelineUtilsThread] ERROR pipeline.SCMPipelineManager (SCMPipelineManager.java:createPipeline(161)) - Pipeline creation failed due to exception: Unable to find enough nodes that meet the criteria that cannot engage in more than 5 pipelines. Nodes required: 1 Found: 0, healthy nodes count inNodeManager: 3.
2019-09-19 10:28:31,660 [RatisPipelineUtilsThread] ERROR pipeline.PipelinePlacementPolicy (PipelinePlacementPolicy.java:meetCriteria(91)) - Pipeline Placement: Doesn't meet the criteria to be viable node. Heaviness: 6
2019-09-19 10:28:31,660 [RatisPipelineUtilsThread] ERROR pipeline.PipelinePlacementPolicy (PipelinePlacementPolicy.java:meetCriteria(91)) - Pipeline Placement: Doesn't meet the criteria to be viable node. Heaviness: 6
2019-09-19 10:28:31,660 [RatisPipelineUtilsThread] ERROR pipeline.PipelinePlacementPolicy (PipelinePlacementPolicy.java:meetCriteria(91)) - Pipeline Placement: Doesn't meet the criteria to be viable node. Heaviness: 6
2019-09-19 10:28:31,660 [RatisPipelineUtilsThread] ERROR pipeline.PipelinePlacementPolicy (PipelinePlacementPolicy.java:filterViableNodes(146)) - Unable to find enough nodes that meet the criteria that cannot engage in more than 5 pipelines. Nodes required: 3 Found: 0, healthy nodes count inNodeManager: 3.
2019-09-19 10:28:31,661 [RatisPipelineUtilsThread] ERROR pipeline.SCMPipelineManager (SCMPipelineManager.java:createPipeline(161)) - Pipeline creation failed due to exception: Unable to find enough nodes that meet the criteria that cannot engage in more than 5 pipelines. Nodes required: 3 Found: 0, healthy nodes count inNodeManager: 3.
2019-09-19 10:28:32,304 [Thread-540] INFO  ozone.MiniOzoneClusterImpl (MiniOzoneClusterImpl.java:lambda$waitForClusterToBeReady$0(142)) - Cluster is ready. Got 3 of 3 DN Heartbeats.
2019-09-19 10:28:32,463 | INFO  | OMAudit | user=jenkins1000 | ip=127.0.0.1 | op=CREATE_VOLUME {admin=admin63479, owner=user87318, volume=volume91460, creationTime=1568888912462, quotaInBytes=1152921504606846976} | ret=SUCCESS |  
2019-09-19 10:28:32,470 | INFO  | OMAudit | user=jenkins1000 | ip=127.0.0.1 | op=CREATE_BUCKET {volume=volume91460, bucket=bucket44077, acls=[], isVersionEnabled=false, storageType=DISK, creationTime=0} | ret=SUCCESS |  
2019-09-19 10:28:32,489 | INFO  | OMAudit | user=jenkins1000 | ip=127.0.0.1 | op=READ_VOLUME {volume=volume91460} | ret=SUCCESS |  
2019-09-19 10:28:32,491 | INFO  | OMAudit | user=jenkins1000 | ip=127.0.0.1 | op=READ_BUCKET {volume=volume91460, bucket=bucket44077} | ret=SUCCESS |  
2019-09-19 10:28:32,525 | INFO  | OMAudit | user=jenkins1000 | ip=127.0.0.1 | op=CREATE_DIRECTORY {volume=volume91460, bucket=bucket44077, key=dir1/dir11/dir111, dataSize=0, replicationType=null, replicationFactor=null, keyLocationInfo=null} | ret=SUCCESS |  
2019-09-19 10:28:32,528 | INFO  | OMAudit | user=jenkins1000 | ip=127.0.0.1 | op=CREATE_DIRECTORY {volume=volume91460, bucket=bucket44077, key=dir1/dir12, dataSize=0, replicationType=null, replicationFactor=null, keyLocationInfo=null} | ret=SUCCESS |  
2019-09-19 10:28:32,561 [IPC Server handler 1 on 34509] ERROR pipeline.PipelinePlacementPolicy (PipelinePlacementPolicy.java:meetCriteria(91)) - Pipeline Placement: Doesn't meet the criteria to be viable node. Heaviness: 6
2019-09-19 10:28:32,562 [IPC Server handler 1 on 34509] ERROR pipeline.PipelinePlacementPolicy (PipelinePlacementPolicy.java:meetCriteria(91)) - Pipeline Placement: Doesn't meet the criteria to be viable node. Heaviness: 6
2019-09-19 10:28:32,562 [IPC Server handler 1 on 34509] ERROR pipeline.PipelinePlacementPolicy (PipelinePlacementPolicy.java:meetCriteria(91)) - Pipeline Placement: Doesn't meet the criteria to be viable node. Heaviness: 6
2019-09-19 10:28:32,562 [IPC Server handler 1 on 34509] ERROR pipeline.PipelinePlacementPolicy (PipelinePlacementPolicy.java:filterViableNodes(146)) - Unable to find enough nodes that meet the criteria that cannot engage in more than 5 pipelines. Nodes required: 3 Found: 0, healthy nodes count inNodeManager: 3.
2019-09-19 10:28:32,563 [IPC Server handler 1 on 34509] ERROR pipeline.SCMPipelineManager (SCMPipelineManager.java:createPipeline(161)) - Pipeline creation failed due to exception: Unable to find enough nodes that meet the criteria that cannot engage in more than 5 pipelines. Nodes required: 3 Found: 0, healthy nodes count inNodeManager: 3.
2019-09-19 10:28:32,563 [IPC Server handler 1 on 34509] WARN  block.BlockManagerImpl (BlockManagerImpl.java:allocateBlock(192)) - Pipeline creation failed for type:RATIS factor:THREE. Retrying get pipelines call once.
org.apache.hadoop.hdds.scm.exceptions.SCMException: Unable to find enough nodes that meet the criteria that cannot engage in more than 5 pipelines. Nodes required: 3 Found: 0, healthy nodes count inNodeManager: 3.
	at org.apache.hadoop.hdds.scm.pipeline.PipelinePlacementPolicy.filterViableNodes(PipelinePlacementPolicy.java:147)
	at org.apache.hadoop.hdds.scm.pipeline.PipelinePlacementPolicy.chooseDatanodes(PipelinePlacementPolicy.java:170)
	at org.apache.hadoop.hdds.scm.pipeline.RatisPipelineProvider.create(RatisPipelineProvider.java:92)
	at org.apache.hadoop.hdds.scm.pipeline.PipelineFactory.create(PipelineFactory.java:57)
	at org.apache.hadoop.hdds.scm.pipeline.SCMPipelineManager.createPipeline(SCMPipelineManager.java:149)
	at org.apache.hadoop.hdds.scm.block.BlockManagerImpl.allocateBlock(BlockManagerImpl.java:190)
	at org.apache.hadoop.hdds.scm.server.SCMBlockProtocolServer.allocateBlock(SCMBlockProtocolServer.java:175)
	at org.apache.hadoop.ozone.protocolPB.ScmBlockLocationProtocolServerSideTranslatorPB.allocateScmBlock(ScmBlockLocationProtocolServerSideTranslatorPB.java:153)
	at org.apache.hadoop.ozone.protocolPB.ScmBlockLocationProtocolServerSideTranslatorPB.send(ScmBlockLocationProtocolServerSideTranslatorPB.java:112)
	at org.apache.hadoop.hdds.protocol.proto.ScmBlockLocationProtocolProtos$ScmBlockLocationProtocolService$2.callBlockingMethod(ScmBlockLocationProtocolProtos.java:13157)
	at org.apache.hadoop.ipc.ProtobufRpcEngine$Server$ProtoBufRpcInvoker.call(ProtobufRpcEngine.java:524)
	at org.apache.hadoop.ipc.RPC$Server.call(RPC.java:1025)
	at org.apache.hadoop.ipc.Server$RpcCall.run(Server.java:876)
	at org.apache.hadoop.ipc.Server$RpcCall.run(Server.java:822)
	at java.security.AccessController.doPrivileged(Native Method)
	at javax.security.auth.Subject.doAs(Subject.java:422)
	at org.apache.hadoop.security.UserGroupInformation.doAs(UserGroupInformation.java:1730)
	at org.apache.hadoop.ipc.Server$Handler.run(Server.java:2682)
2019-09-19 10:28:32,564 [IPC Server handler 1 on 34509] INFO  block.BlockManagerImpl (BlockManagerImpl.java:allocateBlock(198)) - Could not find available pipeline of type:RATIS and factor:THREE even after retrying
2019-09-19 10:28:32,564 [IPC Server handler 1 on 34509] ERROR block.BlockManagerImpl (BlockManagerImpl.java:allocateBlock(222)) - Unable to allocate a block for the size: 4194304, type: RATIS, factor: THREE
2019-09-19 10:28:32,564 | INFO  | SCMAudit | user=jenkins1000 | ip=192.168.157.204 | op=ALLOCATE_BLOCK {owner=28505eb9-d05a-44e6-9073-8f38304f2aeb, size=4194304, type=RATIS, factor=THREE} | ret=SUCCESS |  
2019-09-19 10:28:32,573 | ERROR | OMAudit | user=jenkins1000 | ip=127.0.0.1 | op=CREATE_FILE {volume=volume91460, bucket=bucket44077, key=dir1/dir12/file121, dataSize=0, replicationType=RATIS, replicationFactor=THREE, keyLocationInfo=null} | ret=FAILURE | org.apache.hadoop.hdds.scm.exceptions.SCMException: Allocated 0 blocks. Requested 1 blocks
	at org.apache.hadoop.hdds.scm.protocolPB.ScmBlockLocationProtocolClientSideTranslatorPB.handleError(ScmBlockLocationProtocolClientSideTranslatorPB.java:118)
	at org.apache.hadoop.hdds.scm.protocolPB.ScmBlockLocationProtocolClientSideTranslatorPB.allocateBlock(ScmBlockLocationProtocolClientSideTranslatorPB.java:156) 
2019-09-19 10:28:32,576 [Thread-540] INFO  ozone.MiniOzoneClusterImpl (MiniOzoneClusterImpl.java:shutdown(321)) - Shutting down the Mini Ozone Cluster
2019-09-19 10:28:32,576 | INFO  | SCMAudit | user=null | ip=null | op=GET_SCM_INFO null | ret=SUCCESS |  
2019-09-19 10:28:32,576 [Thread-540] INFO  ozone.MiniOzoneClusterImpl (MiniOzoneClusterImpl.java:stop(336)) - Stopping the Mini Ozone Cluster
2019-09-19 10:28:32,576 [Thread-540] INFO  ozone.MiniOzoneClusterImpl (MiniOzoneClusterImpl.java:stop(338)) - Stopping the OzoneManager
2019-09-19 10:28:32,576 [Thread-540] INFO  ipc.Server (Server.java:stop(3082)) - Stopping server on 45055
2019-09-19 10:28:32,580 [IPC Server listener on 45055] INFO  ipc.Server (Server.java:run(1185)) - Stopping IPC Server listener on 45055
2019-09-19 10:28:32,580 [IPC Server Responder] INFO  ipc.Server (Server.java:run(1319)) - Stopping IPC Server Responder
2019-09-19 10:28:32,580 [Thread-540] INFO  ratis.OzoneManagerDoubleBuffer (OzoneManagerDoubleBuffer.java:stop(248)) - Stopping OMDoubleBuffer flush thread
2019-09-19 10:28:32,582 [OMDoubleBufferFlushThread] INFO  ratis.OzoneManagerDoubleBuffer (OzoneManagerDoubleBuffer.java:flushTransactions(191)) - OMDoubleBuffer flush thread OMDoubleBufferFlushThread is interrupted and will exit. OMDoubleBufferFlushThread
2019-09-19 10:28:32,583 [Thread-540] INFO  utils.BackgroundService (BackgroundService.java:shutdown(148)) - Shutting down service KeyDeletingService
2019-09-19 10:28:32,584 [Thread-540] INFO  handler.ContextHandler (ContextHandler.java:doStop(910)) - Stopped o.e.j.w.WebAppContext@3ae3f622{/,null,UNAVAILABLE}{/ozoneManager}
2019-09-19 10:28:32,585 [Thread-540] INFO  server.AbstractConnector (AbstractConnector.java:doStop(318)) - Stopped ServerConnector@cd15032{HTTP/1.1,[http/1.1]}{0.0.0.0:0}
2019-09-19 10:28:32,586 [Thread-540] INFO  handler.ContextHandler (ContextHandler.java:doStop(910)) - Stopped o.e.j.s.ServletContextHandler@20a27dc8{/static,jar:file:/home/user/.m2/repository/org/apache/hadoop/hadoop-ozone-ozone-manager/0.5.0-SNAPSHOT/hadoop-ozone-ozone-manager-0.5.0-SNAPSHOT.jar!/webapps/static,UNAVAILABLE}
2019-09-19 10:28:32,586 [Thread-540] INFO  handler.ContextHandler (ContextHandler.java:doStop(910)) - Stopped o.e.j.s.ServletContextHandler@27893c2d{/logs,file:///workdir/hadoop-ozone/ozonefs/target/log,UNAVAILABLE}
2019-09-19 10:28:32,588 [Thread-540] INFO  ozone.MiniOzoneClusterImpl (MiniOzoneClusterImpl.java:stop(344)) - Shutting the HddsDatanodes
2019-09-19 10:28:32,589 [Thread-540] INFO  datanode.ObjectStoreHandler (ObjectStoreHandler.java:close(155)) - Closing ObjectStoreHandler.
2019-09-19 10:28:32,589 [ForkJoinPool.commonPool-worker-0] INFO  datanode.ObjectStoreHandler (ObjectStoreHandler.java:close(155)) - Closing ObjectStoreHandler.
2019-09-19 10:28:32,590 [Thread-540] INFO  ozone.HddsDatanodeService (HddsDatanodeService.java:stop(451)) - Stopped plug-in org.apache.hadoop.ozone.web.OzoneHddsDatanodeService@35317bd4
2019-09-19 10:28:32,590 [ForkJoinPool.commonPool-worker-0] INFO  ozone.HddsDatanodeService (HddsDatanodeService.java:stop(451)) - Stopped plug-in org.apache.hadoop.ozone.web.OzoneHddsDatanodeService@57a377e3
2019-09-19 10:28:32,792 [Datanode State Machine Thread - 0] INFO  statemachine.DatanodeStateMachine (DatanodeStateMachine.java:lambda$startDaemon$0(350)) - Ozone container server started.
2019-09-19 10:28:33,059 [Datanode State Machine Thread - 0] INFO  statemachine.DatanodeStateMachine (DatanodeStateMachine.java:lambda$startDaemon$0(350)) - Ozone container server started.
2019-09-19 10:28:33,306 | INFO  | SCMAudit | user=jenkins1000 | ip=192.168.157.204 | op=SEND_HEARTBEAT {datanodeUUID=a9be3d64-f69e-4a94-baf4-3c0042568077, command=[]} | ret=SUCCESS |  
2019-09-19 10:28:33,804 [Thread-712] INFO  container.ReplicationManager (ReplicationManager.java:start(151)) - Starting Replication Monitor Thread.
2019-09-19 10:28:33,806 [ReplicationMonitor] INFO  container.ReplicationManager (ReplicationManager.java:run(214)) - Replication Monitor Thread took 0 milliseconds for processing 0 containers.
2019-09-19 10:28:34,305 | INFO  | SCMAudit | user=jenkins1000 | ip=192.168.157.204 | op=SEND_HEARTBEAT {datanodeUUID=a9be3d64-f69e-4a94-baf4-3c0042568077, command=[]} | ret=SUCCESS |  
2019-09-19 10:28:35,305 | INFO  | SCMAudit | user=jenkins1000 | ip=192.168.157.204 | op=SEND_HEARTBEAT {datanodeUUID=a9be3d64-f69e-4a94-baf4-3c0042568077, command=[]} | ret=SUCCESS |  
2019-09-19 10:28:35,913 [Thread-714] INFO  impl.FollowerState (FollowerState.java:run(106)) - a8d7ae7c-be33-4d4e-8089-c7ad9fcb54a5:group-957A1C0D4C92 changes to CANDIDATE, lastRpcTime:5049, electionTimeout:5049ms
2019-09-19 10:28:35,913 [Thread-714] INFO  impl.RoleInfo (RoleInfo.java:shutdownFollowerState(121)) - a8d7ae7c-be33-4d4e-8089-c7ad9fcb54a5: shutdown FollowerState
2019-09-19 10:28:35,913 [Thread-714] INFO  impl.RaftServerImpl (RaftServerImpl.java:setRole(171)) - a8d7ae7c-be33-4d4e-8089-c7ad9fcb54a5:group-957A1C0D4C92 changes role from FOLLOWER to CANDIDATE at term 0 for changeToCandidate
2019-09-19 10:28:35,913 [Thread-714] INFO  impl.RoleInfo (RoleInfo.java:updateAndGet(143)) - a8d7ae7c-be33-4d4e-8089-c7ad9fcb54a5: start LeaderElection
2019-09-19 10:28:35,988 [Thread-720] INFO  impl.FollowerState (FollowerState.java:run(106)) - a8d7ae7c-be33-4d4e-8089-c7ad9fcb54a5:group-88F68B35C56A changes to CANDIDATE, lastRpcTime:5024, electionTimeout:5024ms
2019-09-19 10:28:35,988 [Thread-720] INFO  impl.RoleInfo (RoleInfo.java:shutdownFollowerState(121)) - a8d7ae7c-be33-4d4e-8089-c7ad9fcb54a5: shutdown FollowerState
2019-09-19 10:28:35,988 [Thread-720] INFO  impl.RaftServerImpl (RaftServerImpl.java:setRole(171)) - a8d7ae7c-be33-4d4e-8089-c7ad9fcb54a5:group-88F68B35C56A changes role from FOLLOWER to CANDIDATE at term 0 for changeToCandidate
2019-09-19 10:28:35,988 [Thread-720] INFO  impl.RoleInfo (RoleInfo.java:updateAndGet(143)) - a8d7ae7c-be33-4d4e-8089-c7ad9fcb54a5: start LeaderElection
2019-09-19 10:28:36,072 [Thread-717] INFO  impl.FollowerState (FollowerState.java:run(106)) - a8d7ae7c-be33-4d4e-8089-c7ad9fcb54a5:group-F386F130056B changes to CANDIDATE, lastRpcTime:5158, electionTimeout:5158ms
2019-09-19 10:28:36,073 [Thread-717] INFO  impl.RoleInfo (RoleInfo.java:shutdownFollowerState(121)) - a8d7ae7c-be33-4d4e-8089-c7ad9fcb54a5: shutdown FollowerState
2019-09-19 10:28:36,073 [Thread-717] INFO  impl.RaftServerImpl (RaftServerImpl.java:setRole(171)) - a8d7ae7c-be33-4d4e-8089-c7ad9fcb54a5:group-F386F130056B changes role from FOLLOWER to CANDIDATE at term 0 for changeToCandidate
2019-09-19 10:28:36,073 [Thread-717] INFO  impl.RoleInfo (RoleInfo.java:updateAndGet(143)) - a8d7ae7c-be33-4d4e-8089-c7ad9fcb54a5: start LeaderElection
2019-09-19 10:28:36,201 [Thread-723] INFO  impl.FollowerState (FollowerState.java:run(106)) - a8d7ae7c-be33-4d4e-8089-c7ad9fcb54a5:group-15D27DE0D5B4 changes to CANDIDATE, lastRpcTime:5181, electionTimeout:5181ms
2019-09-19 10:28:36,201 [Thread-723] INFO  impl.RoleInfo (RoleInfo.java:shutdownFollowerState(121)) - a8d7ae7c-be33-4d4e-8089-c7ad9fcb54a5: shutdown FollowerState
2019-09-19 10:28:36,201 [Thread-723] INFO  impl.RaftServerImpl (RaftServerImpl.java:setRole(171)) - a8d7ae7c-be33-4d4e-8089-c7ad9fcb54a5:group-15D27DE0D5B4 changes role from FOLLOWER to CANDIDATE at term 0 for changeToCandidate
2019-09-19 10:28:36,201 [Thread-723] INFO  impl.RoleInfo (RoleInfo.java:updateAndGet(143)) - a8d7ae7c-be33-4d4e-8089-c7ad9fcb54a5: start LeaderElection
2019-09-19 10:28:36,234 [Thread-729] INFO  impl.FollowerState (FollowerState.java:run(106)) - 9646113d-e532-4156-a8e1-296dca7fce7b:group-50A1AA15771F changes to CANDIDATE, lastRpcTime:5104, electionTimeout:5104ms
2019-09-19 10:28:36,234 [Thread-729] INFO  impl.RoleInfo (RoleInfo.java:shutdownFollowerState(121)) - 9646113d-e532-4156-a8e1-296dca7fce7b: shutdown FollowerState
2019-09-19 10:28:36,234 [Thread-729] INFO  impl.RaftServerImpl (RaftServerImpl.java:setRole(171)) - 9646113d-e532-4156-a8e1-296dca7fce7b:group-50A1AA15771F changes role from FOLLOWER to CANDIDATE at term 0 for changeToCandidate
2019-09-19 10:28:36,235 [Thread-729] INFO  impl.RoleInfo (RoleInfo.java:updateAndGet(143)) - 9646113d-e532-4156-a8e1-296dca7fce7b: start LeaderElection
2019-09-19 10:28:36,265 [Thread-726] INFO  impl.FollowerState (FollowerState.java:run(106)) - a8d7ae7c-be33-4d4e-8089-c7ad9fcb54a5:group-603BFC098E98 changes to CANDIDATE, lastRpcTime:5192, electionTimeout:5192ms
2019-09-19 10:28:36,266 [Thread-726] INFO  impl.RoleInfo (RoleInfo.java:shutdownFollowerState(121)) - a8d7ae7c-be33-4d4e-8089-c7ad9fcb54a5: shutdown FollowerState
2019-09-19 10:28:36,266 [Thread-726] INFO  impl.RaftServerImpl (RaftServerImpl.java:setRole(171)) - a8d7ae7c-be33-4d4e-8089-c7ad9fcb54a5:group-603BFC098E98 changes role from FOLLOWER to CANDIDATE at term 0 for changeToCandidate
2019-09-19 10:28:36,266 [Thread-726] INFO  impl.RoleInfo (RoleInfo.java:updateAndGet(143)) - a8d7ae7c-be33-4d4e-8089-c7ad9fcb54a5: start LeaderElection
2019-09-19 10:28:36,274 [Thread-732] INFO  impl.FollowerState (FollowerState.java:run(106)) - a8d7ae7c-be33-4d4e-8089-c7ad9fcb54a5:group-4D8DAFA90185 changes to CANDIDATE, lastRpcTime:5095, electionTimeout:5095ms
2019-09-19 10:28:36,274 [Thread-732] INFO  impl.RoleInfo (RoleInfo.java:shutdownFollowerState(121)) - a8d7ae7c-be33-4d4e-8089-c7ad9fcb54a5: shutdown FollowerState
2019-09-19 10:28:36,274 [Thread-732] INFO  impl.RaftServerImpl (RaftServerImpl.java:setRole(171)) - a8d7ae7c-be33-4d4e-8089-c7ad9fcb54a5:group-4D8DAFA90185 changes role from FOLLOWER to CANDIDATE at term 0 for changeToCandidate
2019-09-19 10:28:36,274 [Thread-732] INFO  impl.RoleInfo (RoleInfo.java:updateAndGet(143)) - a8d7ae7c-be33-4d4e-8089-c7ad9fcb54a5: start LeaderElection
2019-09-19 10:28:36,305 | INFO  | SCMAudit | user=jenkins1000 | ip=192.168.157.204 | op=SEND_HEARTBEAT {datanodeUUID=a9be3d64-f69e-4a94-baf4-3c0042568077, command=[]} | ret=SUCCESS |  
2019-09-19 10:28:36,350 [a8d7ae7c-be33-4d4e-8089-c7ad9fcb54a5:group-957A1C0D4C92:LeaderElection37] INFO  impl.LeaderElection (LeaderElection.java:askForVotes(181)) - a8d7ae7c-be33-4d4e-8089-c7ad9fcb54a5:group-957A1C0D4C92:LeaderElection37: begin an election at term 1 for -1: [a8d7ae7c-be33-4d4e-8089-c7ad9fcb54a5:192.168.157.204:36207], old=null
2019-09-19 10:28:36,350 [a8d7ae7c-be33-4d4e-8089-c7ad9fcb54a5:group-957A1C0D4C92:LeaderElection37] INFO  impl.RoleInfo (RoleInfo.java:shutdownLeaderElection(134)) - a8d7ae7c-be33-4d4e-8089-c7ad9fcb54a5: shutdown LeaderElection
2019-09-19 10:28:36,350 [a8d7ae7c-be33-4d4e-8089-c7ad9fcb54a5:group-957A1C0D4C92:LeaderElection37] INFO  impl.RaftServerImpl (RaftServerImpl.java:setRole(171)) - a8d7ae7c-be33-4d4e-8089-c7ad9fcb54a5:group-957A1C0D4C92 changes role from CANDIDATE to LEADER at term 1 for changeToLeader
2019-09-19 10:28:36,351 [a8d7ae7c-be33-4d4e-8089-c7ad9fcb54a5:group-957A1C0D4C92:LeaderElection37] INFO  impl.RaftServerImpl (ServerState.java:setLeader(263)) - a8d7ae7c-be33-4d4e-8089-c7ad9fcb54a5:group-957A1C0D4C92 change Leader from null to a8d7ae7c-be33-4d4e-8089-c7ad9fcb54a5 at term 1 for becomeLeader, leader elected after 5492ms
2019-09-19 10:28:36,351 [a8d7ae7c-be33-4d4e-8089-c7ad9fcb54a5:group-603BFC098E98:LeaderElection42] INFO  impl.LeaderElection (LeaderElection.java:askForVotes(181)) - a8d7ae7c-be33-4d4e-8089-c7ad9fcb54a5:group-603BFC098E98:LeaderElection42: begin an election at term 1 for -1: [a8d7ae7c-be33-4d4e-8089-c7ad9fcb54a5:192.168.157.204:36207], old=null
2019-09-19 10:28:36,351 [a8d7ae7c-be33-4d4e-8089-c7ad9fcb54a5:group-957A1C0D4C92:LeaderElection37] INFO  server.RaftServerConfigKeys (ConfUtils.java:logGet(43)) - raft.server.staging.catchup.gap = 1000 (default)
2019-09-19 10:28:36,351 [a8d7ae7c-be33-4d4e-8089-c7ad9fcb54a5:group-F386F130056B:LeaderElection39] INFO  impl.LeaderElection (LeaderElection.java:askForVotes(181)) - a8d7ae7c-be33-4d4e-8089-c7ad9fcb54a5:group-F386F130056B:LeaderElection39: begin an election at term 1 for -1: [a8d7ae7c-be33-4d4e-8089-c7ad9fcb54a5:192.168.157.204:36207], old=null
2019-09-19 10:28:36,351 [a8d7ae7c-be33-4d4e-8089-c7ad9fcb54a5:group-4D8DAFA90185:LeaderElection43] INFO  impl.LeaderElection (LeaderElection.java:askForVotes(181)) - a8d7ae7c-be33-4d4e-8089-c7ad9fcb54a5:group-4D8DAFA90185:LeaderElection43: begin an election at term 1 for -1: [a8d7ae7c-be33-4d4e-8089-c7ad9fcb54a5:192.168.157.204:36207], old=null
2019-09-19 10:28:36,351 [a8d7ae7c-be33-4d4e-8089-c7ad9fcb54a5:group-88F68B35C56A:LeaderElection38] INFO  impl.LeaderElection (LeaderElection.java:askForVotes(181)) - a8d7ae7c-be33-4d4e-8089-c7ad9fcb54a5:group-88F68B35C56A:LeaderElection38: begin an election at term 1 for -1: [a8d7ae7c-be33-4d4e-8089-c7ad9fcb54a5:192.168.157.204:36207], old=null
2019-09-19 10:28:36,351 [9646113d-e532-4156-a8e1-296dca7fce7b:group-50A1AA15771F:LeaderElection41] INFO  impl.LeaderElection (LeaderElection.java:askForVotes(181)) - 9646113d-e532-4156-a8e1-296dca7fce7b:group-50A1AA15771F:LeaderElection41: begin an election at term 1 for -1: [9646113d-e532-4156-a8e1-296dca7fce7b:192.168.157.204:38753], old=null
2019-09-19 10:28:36,351 [a8d7ae7c-be33-4d4e-8089-c7ad9fcb54a5:group-15D27DE0D5B4:LeaderElection40] INFO  impl.LeaderElection (LeaderElection.java:askForVotes(181)) - a8d7ae7c-be33-4d4e-8089-c7ad9fcb54a5:group-15D27DE0D5B4:LeaderElection40: begin an election at term 1 for -1: [a8d7ae7c-be33-4d4e-8089-c7ad9fcb54a5:192.168.157.204:36207], old=null
2019-09-19 10:28:36,352 [9646113d-e532-4156-a8e1-296dca7fce7b:group-50A1AA15771F:LeaderElection41] INFO  impl.RoleInfo (RoleInfo.java:shutdownLeaderElection(134)) - 9646113d-e532-4156-a8e1-296dca7fce7b: shutdown LeaderElection
2019-09-19 10:28:36,352 [a8d7ae7c-be33-4d4e-8089-c7ad9fcb54a5:group-88F68B35C56A:LeaderElection38] INFO  impl.RoleInfo (RoleInfo.java:shutdownLeaderElection(134)) - a8d7ae7c-be33-4d4e-8089-c7ad9fcb54a5: shutdown LeaderElection
2019-09-19 10:28:36,352 [a8d7ae7c-be33-4d4e-8089-c7ad9fcb54a5:group-4D8DAFA90185:LeaderElection43] INFO  impl.RoleInfo (RoleInfo.java:shutdownLeaderElection(134)) - a8d7ae7c-be33-4d4e-8089-c7ad9fcb54a5: shutdown LeaderElection
2019-09-19 10:28:36,353 [a8d7ae7c-be33-4d4e-8089-c7ad9fcb54a5:group-4D8DAFA90185:LeaderElection43] INFO  impl.RaftServerImpl (RaftServerImpl.java:setRole(171)) - a8d7ae7c-be33-4d4e-8089-c7ad9fcb54a5:group-4D8DAFA90185 changes role from CANDIDATE to LEADER at term 1 for changeToLeader
2019-09-19 10:28:36,351 [a8d7ae7c-be33-4d4e-8089-c7ad9fcb54a5:group-F386F130056B:LeaderElection39] INFO  impl.RoleInfo (RoleInfo.java:shutdownLeaderElection(134)) - a8d7ae7c-be33-4d4e-8089-c7ad9fcb54a5: shutdown LeaderElection
2019-09-19 10:28:36,351 [a8d7ae7c-be33-4d4e-8089-c7ad9fcb54a5:group-957A1C0D4C92:LeaderElection37] INFO  server.RaftServerConfigKeys (ConfUtils.java:logGet(43)) - raft.server.rpc.sleep.time = 25ms (default)
2019-09-19 10:28:36,351 [a8d7ae7c-be33-4d4e-8089-c7ad9fcb54a5:group-603BFC098E98:LeaderElection42] INFO  impl.RoleInfo (RoleInfo.java:shutdownLeaderElection(134)) - a8d7ae7c-be33-4d4e-8089-c7ad9fcb54a5: shutdown LeaderElection
2019-09-19 10:28:36,353 [a8d7ae7c-be33-4d4e-8089-c7ad9fcb54a5:group-957A1C0D4C92:LeaderElection37] INFO  server.RaftServerConfigKeys (ConfUtils.java:logGet(43)) - raft.server.write.element-limit = 4096 (default)
2019-09-19 10:28:36,353 [a8d7ae7c-be33-4d4e-8089-c7ad9fcb54a5:group-F386F130056B:LeaderElection39] INFO  impl.RaftServerImpl (RaftServerImpl.java:setRole(171)) - a8d7ae7c-be33-4d4e-8089-c7ad9fcb54a5:group-F386F130056B changes role from CANDIDATE to LEADER at term 1 for changeToLeader
2019-09-19 10:28:36,353 [a8d7ae7c-be33-4d4e-8089-c7ad9fcb54a5:group-4D8DAFA90185:LeaderElection43] INFO  impl.RaftServerImpl (ServerState.java:setLeader(263)) - a8d7ae7c-be33-4d4e-8089-c7ad9fcb54a5:group-4D8DAFA90185 change Leader from null to a8d7ae7c-be33-4d4e-8089-c7ad9fcb54a5 at term 1 for becomeLeader, leader elected after 5178ms
2019-09-19 10:28:36,353 [a8d7ae7c-be33-4d4e-8089-c7ad9fcb54a5:group-88F68B35C56A:LeaderElection38] INFO  impl.RaftServerImpl (RaftServerImpl.java:setRole(171)) - a8d7ae7c-be33-4d4e-8089-c7ad9fcb54a5:group-88F68B35C56A changes role from CANDIDATE to LEADER at term 1 for changeToLeader
2019-09-19 10:28:36,354 [a8d7ae7c-be33-4d4e-8089-c7ad9fcb54a5:group-88F68B35C56A:LeaderElection38] INFO  impl.RaftServerImpl (ServerState.java:setLeader(263)) - a8d7ae7c-be33-4d4e-8089-c7ad9fcb54a5:group-88F68B35C56A change Leader from null to a8d7ae7c-be33-4d4e-8089-c7ad9fcb54a5 at term 1 for becomeLeader, leader elected after 5394ms
2019-09-19 10:28:36,352 [9646113d-e532-4156-a8e1-296dca7fce7b:group-50A1AA15771F:LeaderElection41] INFO  impl.RaftServerImpl (RaftServerImpl.java:setRole(171)) - 9646113d-e532-4156-a8e1-296dca7fce7b:group-50A1AA15771F changes role from CANDIDATE to LEADER at term 1 for changeToLeader
2019-09-19 10:28:36,355 [9646113d-e532-4156-a8e1-296dca7fce7b:group-50A1AA15771F:LeaderElection41] INFO  impl.RaftServerImpl (ServerState.java:setLeader(263)) - 9646113d-e532-4156-a8e1-296dca7fce7b:group-50A1AA15771F change Leader from null to 9646113d-e532-4156-a8e1-296dca7fce7b at term 1 for becomeLeader, leader elected after 5229ms
2019-09-19 10:28:36,352 [a8d7ae7c-be33-4d4e-8089-c7ad9fcb54a5:group-15D27DE0D5B4:LeaderElection40] INFO  impl.RoleInfo (RoleInfo.java:shutdownLeaderElection(134)) - a8d7ae7c-be33-4d4e-8089-c7ad9fcb54a5: shutdown LeaderElection
2019-09-19 10:28:36,355 [9646113d-e532-4156-a8e1-296dca7fce7b:group-50A1AA15771F:LeaderElection41] INFO  server.RaftServerConfigKeys (ConfUtils.java:logGet(43)) - raft.server.staging.catchup.gap = 1000 (default)
2019-09-19 10:28:36,355 [9646113d-e532-4156-a8e1-296dca7fce7b:group-50A1AA15771F:LeaderElection41] INFO  server.RaftServerConfigKeys (ConfUtils.java:logGet(43)) - raft.server.rpc.sleep.time = 25ms (default)
2019-09-19 10:28:36,355 [a8d7ae7c-be33-4d4e-8089-c7ad9fcb54a5:group-88F68B35C56A:LeaderElection38] INFO  server.RaftServerConfigKeys (ConfUtils.java:logGet(43)) - raft.server.staging.catchup.gap = 1000 (default)
2019-09-19 10:28:36,354 [a8d7ae7c-be33-4d4e-8089-c7ad9fcb54a5:group-4D8DAFA90185:LeaderElection43] INFO  server.RaftServerConfigKeys (ConfUtils.java:logGet(43)) - raft.server.staging.catchup.gap = 1000 (default)
2019-09-19 10:28:36,354 [a8d7ae7c-be33-4d4e-8089-c7ad9fcb54a5:group-F386F130056B:LeaderElection39] INFO  impl.RaftServerImpl (ServerState.java:setLeader(263)) - a8d7ae7c-be33-4d4e-8089-c7ad9fcb54a5:group-F386F130056B change Leader from null to a8d7ae7c-be33-4d4e-8089-c7ad9fcb54a5 at term 1 for becomeLeader, leader elected after 5443ms
2019-09-19 10:28:36,354 [a8d7ae7c-be33-4d4e-8089-c7ad9fcb54a5:group-957A1C0D4C92:LeaderElection37] INFO  server.RaftServerConfigKeys (ConfUtils.java:logGet(43)) - raft.server.watch.timeout = 10s (default)
2019-09-19 10:28:36,354 [a8d7ae7c-be33-4d4e-8089-c7ad9fcb54a5:group-603BFC098E98:LeaderElection42] INFO  impl.RaftServerImpl (RaftServerImpl.java:setRole(171)) - a8d7ae7c-be33-4d4e-8089-c7ad9fcb54a5:group-603BFC098E98 changes role from CANDIDATE to LEADER at term 1 for changeToLeader
2019-09-19 10:28:36,356 [a8d7ae7c-be33-4d4e-8089-c7ad9fcb54a5:group-957A1C0D4C92:LeaderElection37] INFO  server.RaftServerConfigKeys (ConfUtils.java:logGet(43)) - raft.server.watch.timeout.denomination = 1s (default)
2019-09-19 10:28:36,356 [a8d7ae7c-be33-4d4e-8089-c7ad9fcb54a5:group-F386F130056B:LeaderElection39] INFO  server.RaftServerConfigKeys (ConfUtils.java:logGet(43)) - raft.server.staging.catchup.gap = 1000 (default)
2019-09-19 10:28:36,356 [a8d7ae7c-be33-4d4e-8089-c7ad9fcb54a5:group-4D8DAFA90185:LeaderElection43] INFO  server.RaftServerConfigKeys (ConfUtils.java:logGet(43)) - raft.server.rpc.sleep.time = 25ms (default)
2019-09-19 10:28:36,356 [a8d7ae7c-be33-4d4e-8089-c7ad9fcb54a5:group-88F68B35C56A:LeaderElection38] INFO  server.RaftServerConfigKeys (ConfUtils.java:logGet(43)) - raft.server.rpc.sleep.time = 25ms (default)
2019-09-19 10:28:36,356 [9646113d-e532-4156-a8e1-296dca7fce7b:group-50A1AA15771F:LeaderElection41] INFO  server.RaftServerConfigKeys (ConfUtils.java:logGet(43)) - raft.server.write.element-limit = 4096 (default)
2019-09-19 10:28:36,355 [a8d7ae7c-be33-4d4e-8089-c7ad9fcb54a5:group-15D27DE0D5B4:LeaderElection40] INFO  impl.RaftServerImpl (RaftServerImpl.java:setRole(171)) - a8d7ae7c-be33-4d4e-8089-c7ad9fcb54a5:group-15D27DE0D5B4 changes role from CANDIDATE to LEADER at term 1 for changeToLeader
2019-09-19 10:28:36,358 [a8d7ae7c-be33-4d4e-8089-c7ad9fcb54a5:group-88F68B35C56A:LeaderElection38] INFO  server.RaftServerConfigKeys (ConfUtils.java:logGet(43)) - raft.server.write.element-limit = 4096 (default)
2019-09-19 10:28:36,357 [a8d7ae7c-be33-4d4e-8089-c7ad9fcb54a5:group-4D8DAFA90185:LeaderElection43] INFO  server.RaftServerConfigKeys (ConfUtils.java:logGet(43)) - raft.server.write.element-limit = 4096 (default)
2019-09-19 10:28:36,357 [a8d7ae7c-be33-4d4e-8089-c7ad9fcb54a5:group-F386F130056B:LeaderElection39] INFO  server.RaftServerConfigKeys (ConfUtils.java:logGet(43)) - raft.server.rpc.sleep.time = 25ms (default)
2019-09-19 10:28:36,357 [a8d7ae7c-be33-4d4e-8089-c7ad9fcb54a5:group-957A1C0D4C92:LeaderElection37] INFO  server.RaftServerConfigKeys (ConfUtils.java:logGet(43)) - raft.server.watch.element-limit = 65536 (default)
2019-09-19 10:28:36,357 [a8d7ae7c-be33-4d4e-8089-c7ad9fcb54a5:group-603BFC098E98:LeaderElection42] INFO  impl.RaftServerImpl (ServerState.java:setLeader(263)) - a8d7ae7c-be33-4d4e-8089-c7ad9fcb54a5:group-603BFC098E98 change Leader from null to a8d7ae7c-be33-4d4e-8089-c7ad9fcb54a5 at term 1 for becomeLeader, leader elected after 5286ms
2019-09-19 10:28:36,359 [a8d7ae7c-be33-4d4e-8089-c7ad9fcb54a5:group-957A1C0D4C92:LeaderElection37] INFO  impl.RoleInfo (RoleInfo.java:updateAndGet(143)) - a8d7ae7c-be33-4d4e-8089-c7ad9fcb54a5: start LeaderState
2019-09-19 10:28:36,359 [a8d7ae7c-be33-4d4e-8089-c7ad9fcb54a5:group-F386F130056B:LeaderElection39] INFO  server.RaftServerConfigKeys (ConfUtils.java:logGet(43)) - raft.server.write.element-limit = 4096 (default)
2019-09-19 10:28:36,359 [a8d7ae7c-be33-4d4e-8089-c7ad9fcb54a5:group-4D8DAFA90185:LeaderElection43] INFO  server.RaftServerConfigKeys (ConfUtils.java:logGet(43)) - raft.server.watch.timeout = 10s (default)
2019-09-19 10:28:36,358 [a8d7ae7c-be33-4d4e-8089-c7ad9fcb54a5:group-88F68B35C56A:LeaderElection38] INFO  server.RaftServerConfigKeys (ConfUtils.java:logGet(43)) - raft.server.watch.timeout = 10s (default)
2019-09-19 10:28:36,360 [a8d7ae7c-be33-4d4e-8089-c7ad9fcb54a5:group-88F68B35C56A:LeaderElection38] INFO  server.RaftServerConfigKeys (ConfUtils.java:logGet(43)) - raft.server.watch.timeout.denomination = 1s (default)
2019-09-19 10:28:36,358 [Thread-735] INFO  impl.FollowerState (FollowerState.java:run(106)) - 9646113d-e532-4156-a8e1-296dca7fce7b:group-83750CFBB8DC changes to CANDIDATE, lastRpcTime:5134, electionTimeout:5134ms
2019-09-19 10:28:36,360 [Thread-735] INFO  impl.RoleInfo (RoleInfo.java:shutdownFollowerState(121)) - 9646113d-e532-4156-a8e1-296dca7fce7b: shutdown FollowerState
2019-09-19 10:28:36,358 [9646113d-e532-4156-a8e1-296dca7fce7b:group-50A1AA15771F:LeaderElection41] INFO  server.RaftServerConfigKeys (ConfUtils.java:logGet(43)) - raft.server.watch.timeout = 10s (default)
2019-09-19 10:28:36,358 [a8d7ae7c-be33-4d4e-8089-c7ad9fcb54a5:group-15D27DE0D5B4:LeaderElection40] INFO  impl.RaftServerImpl (ServerState.java:setLeader(263)) - a8d7ae7c-be33-4d4e-8089-c7ad9fcb54a5:group-15D27DE0D5B4 change Leader from null to a8d7ae7c-be33-4d4e-8089-c7ad9fcb54a5 at term 1 for becomeLeader, leader elected after 5342ms
2019-09-19 10:28:36,361 [9646113d-e532-4156-a8e1-296dca7fce7b:group-50A1AA15771F:LeaderElection41] INFO  server.RaftServerConfigKeys (ConfUtils.java:logGet(43)) - raft.server.watch.timeout.denomination = 1s (default)
2019-09-19 10:28:36,361 [9646113d-e532-4156-a8e1-296dca7fce7b:group-50A1AA15771F:LeaderElection41] INFO  server.RaftServerConfigKeys (ConfUtils.java:logGet(43)) - raft.server.watch.element-limit = 65536 (default)
2019-09-19 10:28:36,361 [Thread-735] INFO  impl.RaftServerImpl (RaftServerImpl.java:setRole(171)) - 9646113d-e532-4156-a8e1-296dca7fce7b:group-83750CFBB8DC changes role from FOLLOWER to CANDIDATE at term 0 for changeToCandidate
2019-09-19 10:28:36,360 [a8d7ae7c-be33-4d4e-8089-c7ad9fcb54a5:group-88F68B35C56A:LeaderElection38] INFO  server.RaftServerConfigKeys (ConfUtils.java:logGet(43)) - raft.server.watch.element-limit = 65536 (default)
2019-09-19 10:28:36,360 [a8d7ae7c-be33-4d4e-8089-c7ad9fcb54a5:group-4D8DAFA90185:LeaderElection43] INFO  server.RaftServerConfigKeys (ConfUtils.java:logGet(43)) - raft.server.watch.timeout.denomination = 1s (default)
2019-09-19 10:28:36,360 [a8d7ae7c-be33-4d4e-8089-c7ad9fcb54a5:group-F386F130056B:LeaderElection39] INFO  server.RaftServerConfigKeys (ConfUtils.java:logGet(43)) - raft.server.watch.timeout = 10s (default)
2019-09-19 10:28:36,360 [a8d7ae7c-be33-4d4e-8089-c7ad9fcb54a5:group-957A1C0D4C92:LeaderElection37] INFO  segmented.SegmentedRaftLogWorker (SegmentedRaftLogWorker.java:startLogSegment(380)) - a8d7ae7c-be33-4d4e-8089-c7ad9fcb54a5-SegmentedRaftLogWorker:Storage Directory /workdir/hadoop-ozone/ozonefs/target/test-dir/MiniOzoneClusterImpl-e7cad2d7-1ecb-4c95-8765-1dbadc3630b8/datanode-0/data/ratis/63af8f66-230c-417a-96c5-957a1c0d4c92: Starting segment from index:0
2019-09-19 10:28:36,359 [a8d7ae7c-be33-4d4e-8089-c7ad9fcb54a5:group-603BFC098E98:LeaderElection42] INFO  server.RaftServerConfigKeys (ConfUtils.java:logGet(43)) - raft.server.staging.catchup.gap = 1000 (default)
2019-09-19 10:28:36,363 [a8d7ae7c-be33-4d4e-8089-c7ad9fcb54a5:group-603BFC098E98:LeaderElection42] INFO  server.RaftServerConfigKeys (ConfUtils.java:logGet(43)) - raft.server.rpc.sleep.time = 25ms (default)
2019-09-19 10:28:36,362 [a8d7ae7c-be33-4d4e-8089-c7ad9fcb54a5:group-F386F130056B:LeaderElection39] INFO  server.RaftServerConfigKeys (ConfUtils.java:logGet(43)) - raft.server.watch.timeout.denomination = 1s (default)
2019-09-19 10:28:36,363 [a8d7ae7c-be33-4d4e-8089-c7ad9fcb54a5:group-957A1C0D4C92:LeaderElection37] INFO  impl.RaftServerImpl (ServerState.java:setRaftConf(361)) - a8d7ae7c-be33-4d4e-8089-c7ad9fcb54a5:group-957A1C0D4C92 set configuration 0: [a8d7ae7c-be33-4d4e-8089-c7ad9fcb54a5:192.168.157.204:36207], old=null at 0
2019-09-19 10:28:36,362 [a8d7ae7c-be33-4d4e-8089-c7ad9fcb54a5:group-4D8DAFA90185:LeaderElection43] INFO  server.RaftServerConfigKeys (ConfUtils.java:logGet(43)) - raft.server.watch.element-limit = 65536 (default)
2019-09-19 10:28:36,362 [a8d7ae7c-be33-4d4e-8089-c7ad9fcb54a5:group-88F68B35C56A:LeaderElection38] INFO  impl.RoleInfo (RoleInfo.java:updateAndGet(143)) - a8d7ae7c-be33-4d4e-8089-c7ad9fcb54a5: start LeaderState
2019-09-19 10:28:36,364 [a8d7ae7c-be33-4d4e-8089-c7ad9fcb54a5:group-4D8DAFA90185:LeaderElection43] INFO  impl.RoleInfo (RoleInfo.java:updateAndGet(143)) - a8d7ae7c-be33-4d4e-8089-c7ad9fcb54a5: start LeaderState
2019-09-19 10:28:36,362 [Thread-735] INFO  impl.RoleInfo (RoleInfo.java:updateAndGet(143)) - 9646113d-e532-4156-a8e1-296dca7fce7b: start LeaderElection
2019-09-19 10:28:36,361 [9646113d-e532-4156-a8e1-296dca7fce7b:group-50A1AA15771F:LeaderElection41] INFO  impl.RoleInfo (RoleInfo.java:updateAndGet(143)) - 9646113d-e532-4156-a8e1-296dca7fce7b: start LeaderState
2019-09-19 10:28:36,361 [a8d7ae7c-be33-4d4e-8089-c7ad9fcb54a5:group-15D27DE0D5B4:LeaderElection40] INFO  server.RaftServerConfigKeys (ConfUtils.java:logGet(43)) - raft.server.staging.catchup.gap = 1000 (default)
2019-09-19 10:28:36,405 [9646113d-e532-4156-a8e1-296dca7fce7b:group-50A1AA15771F:LeaderElection41] INFO  segmented.SegmentedRaftLogWorker (SegmentedRaftLogWorker.java:startLogSegment(380)) - 9646113d-e532-4156-a8e1-296dca7fce7b-SegmentedRaftLogWorker:Storage Directory /workdir/hadoop-ozone/ozonefs/target/test-dir/MiniOzoneClusterImpl-e7cad2d7-1ecb-4c95-8765-1dbadc3630b8/datanode-1/data/ratis/3a7b5216-e620-4f64-a0c8-50a1aa15771f: Starting segment from index:0
2019-09-19 10:28:36,404 [Thread-744] INFO  impl.FollowerState (FollowerState.java:run(106)) - 9646113d-e532-4156-a8e1-296dca7fce7b:group-0B8ECEEDC484 changes to CANDIDATE, lastRpcTime:5042, electionTimeout:5036ms
2019-09-19 10:28:36,405 [Thread-744] INFO  impl.RoleInfo (RoleInfo.java:shutdownFollowerState(121)) - 9646113d-e532-4156-a8e1-296dca7fce7b: shutdown FollowerState
2019-09-19 10:28:36,364 [a8d7ae7c-be33-4d4e-8089-c7ad9fcb54a5:group-4D8DAFA90185:LeaderElection43] INFO  segmented.SegmentedRaftLogWorker (SegmentedRaftLogWorker.java:startLogSegment(380)) - a8d7ae7c-be33-4d4e-8089-c7ad9fcb54a5-SegmentedRaftLogWorker:Storage Directory /workdir/hadoop-ozone/ozonefs/target/test-dir/MiniOzoneClusterImpl-e7cad2d7-1ecb-4c95-8765-1dbadc3630b8/datanode-0/data/ratis/e6253dc8-9f8f-49d9-8fc0-4d8dafa90185: Starting segment from index:0
2019-09-19 10:28:36,406 [9646113d-e532-4156-a8e1-296dca7fce7b:group-50A1AA15771F:LeaderElection41] INFO  impl.RaftServerImpl (ServerState.java:setRaftConf(361)) - 9646113d-e532-4156-a8e1-296dca7fce7b:group-50A1AA15771F set configuration 0: [9646113d-e532-4156-a8e1-296dca7fce7b:192.168.157.204:38753], old=null at 0
2019-09-19 10:28:36,364 [a8d7ae7c-be33-4d4e-8089-c7ad9fcb54a5:group-88F68B35C56A:LeaderElection38] INFO  segmented.SegmentedRaftLogWorker (SegmentedRaftLogWorker.java:startLogSegment(380)) - a8d7ae7c-be33-4d4e-8089-c7ad9fcb54a5-SegmentedRaftLogWorker:Storage Directory /workdir/hadoop-ozone/ozonefs/target/test-dir/MiniOzoneClusterImpl-e7cad2d7-1ecb-4c95-8765-1dbadc3630b8/datanode-0/data/ratis/0348f2a7-7160-4e93-9606-88f68b35c56a: Starting segment from index:0
2019-09-19 10:28:36,363 [a8d7ae7c-be33-4d4e-8089-c7ad9fcb54a5:group-F386F130056B:LeaderElection39] INFO  server.RaftServerConfigKeys (ConfUtils.java:logGet(43)) - raft.server.watch.element-limit = 65536 (default)
2019-09-19 10:28:36,406 [a8d7ae7c-be33-4d4e-8089-c7ad9fcb54a5:group-4D8DAFA90185:LeaderElection43] INFO  impl.RaftServerImpl (ServerState.java:setRaftConf(361)) - a8d7ae7c-be33-4d4e-8089-c7ad9fcb54a5:group-4D8DAFA90185 set configuration 0: [a8d7ae7c-be33-4d4e-8089-c7ad9fcb54a5:192.168.157.204:36207], old=null at 0
2019-09-19 10:28:36,407 [a8d7ae7c-be33-4d4e-8089-c7ad9fcb54a5:group-88F68B35C56A:LeaderElection38] INFO  impl.RaftServerImpl (ServerState.java:setRaftConf(361)) - a8d7ae7c-be33-4d4e-8089-c7ad9fcb54a5:group-88F68B35C56A set configuration 0: [a8d7ae7c-be33-4d4e-8089-c7ad9fcb54a5:192.168.157.204:36207], old=null at 0
2019-09-19 10:28:36,363 [a8d7ae7c-be33-4d4e-8089-c7ad9fcb54a5:group-603BFC098E98:LeaderElection42] INFO  server.RaftServerConfigKeys (ConfUtils.java:logGet(43)) - raft.server.write.element-limit = 4096 (default)
2019-09-19 10:28:36,407 [a8d7ae7c-be33-4d4e-8089-c7ad9fcb54a5:group-F386F130056B:LeaderElection39] INFO  impl.RoleInfo (RoleInfo.java:updateAndGet(143)) - a8d7ae7c-be33-4d4e-8089-c7ad9fcb54a5: start LeaderState
2019-09-19 10:28:36,405 [Thread-744] INFO  impl.RaftServerImpl (RaftServerImpl.java:setRole(171)) - 9646113d-e532-4156-a8e1-296dca7fce7b:group-0B8ECEEDC484 changes role from FOLLOWER to CANDIDATE at term 0 for changeToCandidate
2019-09-19 10:28:36,405 [a8d7ae7c-be33-4d4e-8089-c7ad9fcb54a5:group-15D27DE0D5B4:LeaderElection40] INFO  server.RaftServerConfigKeys (ConfUtils.java:logGet(43)) - raft.server.rpc.sleep.time = 25ms (default)
2019-09-19 10:28:36,408 [a8d7ae7c-be33-4d4e-8089-c7ad9fcb54a5:group-F386F130056B:LeaderElection39] INFO  segmented.SegmentedRaftLogWorker (SegmentedRaftLogWorker.java:startLogSegment(380)) - a8d7ae7c-be33-4d4e-8089-c7ad9fcb54a5-SegmentedRaftLogWorker:Storage Directory /workdir/hadoop-ozone/ozonefs/target/test-dir/MiniOzoneClusterImpl-e7cad2d7-1ecb-4c95-8765-1dbadc3630b8/datanode-0/data/ratis/2c15f3ac-9054-442f-82b4-f386f130056b: Starting segment from index:0
2019-09-19 10:28:36,408 [Thread-744] INFO  impl.RoleInfo (RoleInfo.java:updateAndGet(143)) - 9646113d-e532-4156-a8e1-296dca7fce7b: start LeaderElection
2019-09-19 10:28:36,407 [a8d7ae7c-be33-4d4e-8089-c7ad9fcb54a5:group-603BFC098E98:LeaderElection42] INFO  server.RaftServerConfigKeys (ConfUtils.java:logGet(43)) - raft.server.watch.timeout = 10s (default)
2019-09-19 10:28:36,408 [a8d7ae7c-be33-4d4e-8089-c7ad9fcb54a5:group-603BFC098E98:LeaderElection42] INFO  server.RaftServerConfigKeys (ConfUtils.java:logGet(43)) - raft.server.watch.timeout.denomination = 1s (default)
2019-09-19 10:28:36,408 [a8d7ae7c-be33-4d4e-8089-c7ad9fcb54a5:group-15D27DE0D5B4:LeaderElection40] INFO  server.RaftServerConfigKeys (ConfUtils.java:logGet(43)) - raft.server.write.element-limit = 4096 (default)
2019-09-19 10:28:36,452 [a8d7ae7c-be33-4d4e-8089-c7ad9fcb54a5:group-F386F130056B:LeaderElection39] INFO  impl.RaftServerImpl (ServerState.java:setRaftConf(361)) - a8d7ae7c-be33-4d4e-8089-c7ad9fcb54a5:group-F386F130056B set configuration 0: [a8d7ae7c-be33-4d4e-8089-c7ad9fcb54a5:192.168.157.204:36207], old=null at 0
2019-09-19 10:28:36,452 [a8d7ae7c-be33-4d4e-8089-c7ad9fcb54a5:group-603BFC098E98:LeaderElection42] INFO  server.RaftServerConfigKeys (ConfUtils.java:logGet(43)) - raft.server.watch.element-limit = 65536 (default)
2019-09-19 10:28:36,452 [9646113d-e532-4156-a8e1-296dca7fce7b:group-83750CFBB8DC:LeaderElection44] INFO  impl.LeaderElection (LeaderElection.java:askForVotes(181)) - 9646113d-e532-4156-a8e1-296dca7fce7b:group-83750CFBB8DC:LeaderElection44: begin an election at term 1 for -1: [9646113d-e532-4156-a8e1-296dca7fce7b:192.168.157.204:38753], old=null
2019-09-19 10:28:36,452 [a8d7ae7c-be33-4d4e-8089-c7ad9fcb54a5-SegmentedRaftLogWorker:Storage Directory /workdir/hadoop-ozone/ozonefs/target/test-dir/MiniOzoneClusterImpl-e7cad2d7-1ecb-4c95-8765-1dbadc3630b8/datanode-0/data/ratis/63af8f66-230c-417a-96c5-957a1c0d4c92] INFO  segmented.SegmentedRaftLogWorker (SegmentedRaftLogWorker.java:execute(569)) - a8d7ae7c-be33-4d4e-8089-c7ad9fcb54a5-SegmentedRaftLogWorker:Storage Directory /workdir/hadoop-ozone/ozonefs/target/test-dir/MiniOzoneClusterImpl-e7cad2d7-1ecb-4c95-8765-1dbadc3630b8/datanode-0/data/ratis/63af8f66-230c-417a-96c5-957a1c0d4c92: created new log segment /workdir/hadoop-ozone/ozonefs/target/test-dir/MiniOzoneClusterImpl-e7cad2d7-1ecb-4c95-8765-1dbadc3630b8/datanode-0/data/ratis/63af8f66-230c-417a-96c5-957a1c0d4c92/current/log_inprogress_0
2019-09-19 10:28:36,452 [Thread-741] INFO  impl.FollowerState (FollowerState.java:run(106)) - 9646113d-e532-4156-a8e1-296dca7fce7b:group-7804032FCA4A changes to CANDIDATE, lastRpcTime:5132, electionTimeout:5095ms
2019-09-19 10:28:36,452 [Thread-738] INFO  impl.FollowerState (FollowerState.java:run(106)) - 9646113d-e532-4156-a8e1-296dca7fce7b:group-6FB26D1A30F6 changes to CANDIDATE, lastRpcTime:5179, electionTimeout:5150ms
2019-09-19 10:28:36,453 [Thread-741] INFO  impl.RoleInfo (RoleInfo.java:shutdownFollowerState(121)) - 9646113d-e532-4156-a8e1-296dca7fce7b: shutdown FollowerState
2019-09-19 10:28:36,454 [Thread-741] INFO  impl.RaftServerImpl (RaftServerImpl.java:setRole(171)) - 9646113d-e532-4156-a8e1-296dca7fce7b:group-7804032FCA4A changes role from FOLLOWER to CANDIDATE at term 0 for changeToCandidate
2019-09-19 10:28:36,453 [a8d7ae7c-be33-4d4e-8089-c7ad9fcb54a5:group-603BFC098E98:LeaderElection42] INFO  impl.RoleInfo (RoleInfo.java:updateAndGet(143)) - a8d7ae7c-be33-4d4e-8089-c7ad9fcb54a5: start LeaderState
2019-09-19 10:28:36,453 [9646113d-e532-4156-a8e1-296dca7fce7b:group-83750CFBB8DC:LeaderElection44] INFO  impl.RoleInfo (RoleInfo.java:shutdownLeaderElection(134)) - 9646113d-e532-4156-a8e1-296dca7fce7b: shutdown LeaderElection
2019-09-19 10:28:36,453 [a8d7ae7c-be33-4d4e-8089-c7ad9fcb54a5:group-15D27DE0D5B4:LeaderElection40] INFO  server.RaftServerConfigKeys (ConfUtils.java:logGet(43)) - raft.server.watch.timeout = 10s (default)
2019-09-19 10:28:36,454 [a8d7ae7c-be33-4d4e-8089-c7ad9fcb54a5:group-603BFC098E98:LeaderElection42] INFO  segmented.SegmentedRaftLogWorker (SegmentedRaftLogWorker.java:startLogSegment(380)) - a8d7ae7c-be33-4d4e-8089-c7ad9fcb54a5-SegmentedRaftLogWorker:Storage Directory /workdir/hadoop-ozone/ozonefs/target/test-dir/MiniOzoneClusterImpl-e7cad2d7-1ecb-4c95-8765-1dbadc3630b8/datanode-0/data/ratis/113114b8-24a1-4260-80e9-603bfc098e98: Starting segment from index:0
2019-09-19 10:28:36,454 [9646113d-e532-4156-a8e1-296dca7fce7b:group-83750CFBB8DC:LeaderElection44] INFO  impl.RaftServerImpl (RaftServerImpl.java:setRole(171)) - 9646113d-e532-4156-a8e1-296dca7fce7b:group-83750CFBB8DC changes role from CANDIDATE to LEADER at term 1 for changeToLeader
2019-09-19 10:28:36,454 [Thread-741] INFO  impl.RoleInfo (RoleInfo.java:updateAndGet(143)) - 9646113d-e532-4156-a8e1-296dca7fce7b: start LeaderElection
2019-09-19 10:28:36,454 [Thread-738] INFO  impl.RoleInfo (RoleInfo.java:shutdownFollowerState(121)) - 9646113d-e532-4156-a8e1-296dca7fce7b: shutdown FollowerState
2019-09-19 10:28:36,455 [a8d7ae7c-be33-4d4e-8089-c7ad9fcb54a5:group-603BFC098E98:LeaderElection42] INFO  impl.RaftServerImpl (ServerState.java:setRaftConf(361)) - a8d7ae7c-be33-4d4e-8089-c7ad9fcb54a5:group-603BFC098E98 set configuration 0: [a8d7ae7c-be33-4d4e-8089-c7ad9fcb54a5:192.168.157.204:36207], old=null at 0
2019-09-19 10:28:36,455 [9646113d-e532-4156-a8e1-296dca7fce7b:group-83750CFBB8DC:LeaderElection44] INFO  impl.RaftServerImpl (ServerState.java:setLeader(263)) - 9646113d-e532-4156-a8e1-296dca7fce7b:group-83750CFBB8DC change Leader from null to 9646113d-e532-4156-a8e1-296dca7fce7b at term 1 for becomeLeader, leader elected after 5235ms
2019-09-19 10:28:36,454 [a8d7ae7c-be33-4d4e-8089-c7ad9fcb54a5:group-15D27DE0D5B4:LeaderElection40] INFO  server.RaftServerConfigKeys (ConfUtils.java:logGet(43)) - raft.server.watch.timeout.denomination = 1s (default)
2019-09-19 10:28:36,495 [9646113d-e532-4156-a8e1-296dca7fce7b:group-83750CFBB8DC:LeaderElection44] INFO  server.RaftServerConfigKeys (ConfUtils.java:logGet(43)) - raft.server.staging.catchup.gap = 1000 (default)
2019-09-19 10:28:36,455 [Thread-738] INFO  impl.RaftServerImpl (RaftServerImpl.java:setRole(171)) - 9646113d-e532-4156-a8e1-296dca7fce7b:group-6FB26D1A30F6 changes role from FOLLOWER to CANDIDATE at term 0 for changeToCandidate
2019-09-19 10:28:36,495 [9646113d-e532-4156-a8e1-296dca7fce7b:group-0B8ECEEDC484:LeaderElection45] INFO  impl.LeaderElection (LeaderElection.java:askForVotes(181)) - 9646113d-e532-4156-a8e1-296dca7fce7b:group-0B8ECEEDC484:LeaderElection45: begin an election at term 1 for -1: [9646113d-e532-4156-a8e1-296dca7fce7b:192.168.157.204:38753], old=null
2019-09-19 10:28:36,495 [9646113d-e532-4156-a8e1-296dca7fce7b-SegmentedRaftLogWorker:Storage Directory /workdir/hadoop-ozone/ozonefs/target/test-dir/MiniOzoneClusterImpl-e7cad2d7-1ecb-4c95-8765-1dbadc3630b8/datanode-1/data/ratis/3a7b5216-e620-4f64-a0c8-50a1aa15771f] INFO  segmented.SegmentedRaftLogWorker (SegmentedRaftLogWorker.java:execute(569)) - 9646113d-e532-4156-a8e1-296dca7fce7b-SegmentedRaftLogWorker:Storage Directory /workdir/hadoop-ozone/ozonefs/target/test-dir/MiniOzoneClusterImpl-e7cad2d7-1ecb-4c95-8765-1dbadc3630b8/datanode-1/data/ratis/3a7b5216-e620-4f64-a0c8-50a1aa15771f: created new log segment /workdir/hadoop-ozone/ozonefs/target/test-dir/MiniOzoneClusterImpl-e7cad2d7-1ecb-4c95-8765-1dbadc3630b8/datanode-1/data/ratis/3a7b5216-e620-4f64-a0c8-50a1aa15771f/current/log_inprogress_0
2019-09-19 10:28:36,495 [a8d7ae7c-be33-4d4e-8089-c7ad9fcb54a5-SegmentedRaftLogWorker:Storage Directory /workdir/hadoop-ozone/ozonefs/target/test-dir/MiniOzoneClusterImpl-e7cad2d7-1ecb-4c95-8765-1dbadc3630b8/datanode-0/data/ratis/0348f2a7-7160-4e93-9606-88f68b35c56a] INFO  segmented.SegmentedRaftLogWorker (SegmentedRaftLogWorker.java:execute(569)) - a8d7ae7c-be33-4d4e-8089-c7ad9fcb54a5-SegmentedRaftLogWorker:Storage Directory /workdir/hadoop-ozone/ozonefs/target/test-dir/MiniOzoneClusterImpl-e7cad2d7-1ecb-4c95-8765-1dbadc3630b8/datanode-0/data/ratis/0348f2a7-7160-4e93-9606-88f68b35c56a: created new log segment /workdir/hadoop-ozone/ozonefs/target/test-dir/MiniOzoneClusterImpl-e7cad2d7-1ecb-4c95-8765-1dbadc3630b8/datanode-0/data/ratis/0348f2a7-7160-4e93-9606-88f68b35c56a/current/log_inprogress_0
2019-09-19 10:28:36,495 [a8d7ae7c-be33-4d4e-8089-c7ad9fcb54a5-SegmentedRaftLogWorker:Storage Directory /workdir/hadoop-ozone/ozonefs/target/test-dir/MiniOzoneClusterImpl-e7cad2d7-1ecb-4c95-8765-1dbadc3630b8/datanode-0/data/ratis/e6253dc8-9f8f-49d9-8fc0-4d8dafa90185] INFO  segmented.SegmentedRaftLogWorker (SegmentedRaftLogWorker.java:execute(569)) - a8d7ae7c-be33-4d4e-8089-c7ad9fcb54a5-SegmentedRaftLogWorker:Storage Directory /workdir/hadoop-ozone/ozonefs/target/test-dir/MiniOzoneClusterImpl-e7cad2d7-1ecb-4c95-8765-1dbadc3630b8/datanode-0/data/ratis/e6253dc8-9f8f-49d9-8fc0-4d8dafa90185: created new log segment /workdir/hadoop-ozone/ozonefs/target/test-dir/MiniOzoneClusterImpl-e7cad2d7-1ecb-4c95-8765-1dbadc3630b8/datanode-0/data/ratis/e6253dc8-9f8f-49d9-8fc0-4d8dafa90185/current/log_inprogress_0
2019-09-19 10:28:36,496 [9646113d-e532-4156-a8e1-296dca7fce7b:group-0B8ECEEDC484:LeaderElection45] INFO  impl.RoleInfo (RoleInfo.java:shutdownLeaderElection(134)) - 9646113d-e532-4156-a8e1-296dca7fce7b: shutdown LeaderElection
2019-09-19 10:28:36,496 [Thread-738] INFO  impl.RoleInfo (RoleInfo.java:updateAndGet(143)) - 9646113d-e532-4156-a8e1-296dca7fce7b: start LeaderElection
2019-09-19 10:28:36,496 [9646113d-e532-4156-a8e1-296dca7fce7b:group-83750CFBB8DC:LeaderElection44] INFO  server.RaftServerConfigKeys (ConfUtils.java:logGet(43)) - raft.server.rpc.sleep.time = 25ms (default)
2019-09-19 10:28:36,496 [a8d7ae7c-be33-4d4e-8089-c7ad9fcb54a5:group-15D27DE0D5B4:LeaderElection40] INFO  server.RaftServerConfigKeys (ConfUtils.java:logGet(43)) - raft.server.watch.element-limit = 65536 (default)
2019-09-19 10:28:36,499 [9646113d-e532-4156-a8e1-296dca7fce7b:group-83750CFBB8DC:LeaderElection44] INFO  server.RaftServerConfigKeys (ConfUtils.java:logGet(43)) - raft.server.write.element-limit = 4096 (default)
2019-09-19 10:28:36,499 [a8d7ae7c-be33-4d4e-8089-c7ad9fcb54a5:group-15D27DE0D5B4:LeaderElection40] INFO  impl.RoleInfo (RoleInfo.java:updateAndGet(143)) - a8d7ae7c-be33-4d4e-8089-c7ad9fcb54a5: start LeaderState
2019-09-19 10:28:36,497 [9646113d-e532-4156-a8e1-296dca7fce7b:group-0B8ECEEDC484:LeaderElection45] INFO  impl.RaftServerImpl (RaftServerImpl.java:setRole(171)) - 9646113d-e532-4156-a8e1-296dca7fce7b:group-0B8ECEEDC484 changes role from CANDIDATE to LEADER at term 1 for changeToLeader
2019-09-19 10:28:36,500 [a8d7ae7c-be33-4d4e-8089-c7ad9fcb54a5:group-15D27DE0D5B4:LeaderElection40] INFO  segmented.SegmentedRaftLogWorker (SegmentedRaftLogWorker.java:startLogSegment(380)) - a8d7ae7c-be33-4d4e-8089-c7ad9fcb54a5-SegmentedRaftLogWorker:Storage Directory /workdir/hadoop-ozone/ozonefs/target/test-dir/MiniOzoneClusterImpl-e7cad2d7-1ecb-4c95-8765-1dbadc3630b8/datanode-0/data/ratis/c0b845a0-a79b-4790-848e-15d27de0d5b4: Starting segment from index:0
2019-09-19 10:28:36,499 [9646113d-e532-4156-a8e1-296dca7fce7b:group-83750CFBB8DC:LeaderElection44] INFO  server.RaftServerConfigKeys (ConfUtils.java:logGet(43)) - raft.server.watch.timeout = 10s (default)
2019-09-19 10:28:36,500 [9646113d-e532-4156-a8e1-296dca7fce7b:group-0B8ECEEDC484:LeaderElection45] INFO  impl.RaftServerImpl (ServerState.java:setLeader(263)) - 9646113d-e532-4156-a8e1-296dca7fce7b:group-0B8ECEEDC484 change Leader from null to 9646113d-e532-4156-a8e1-296dca7fce7b at term 1 for becomeLeader, leader elected after 5141ms
2019-09-19 10:28:36,500 [9646113d-e532-4156-a8e1-296dca7fce7b:group-83750CFBB8DC:LeaderElection44] INFO  server.RaftServerConfigKeys (ConfUtils.java:logGet(43)) - raft.server.watch.timeout.denomination = 1s (default)
2019-09-19 10:28:36,501 [9646113d-e532-4156-a8e1-296dca7fce7b:group-0B8ECEEDC484:LeaderElection45] INFO  server.RaftServerConfigKeys (ConfUtils.java:logGet(43)) - raft.server.staging.catchup.gap = 1000 (default)
2019-09-19 10:28:36,500 [a8d7ae7c-be33-4d4e-8089-c7ad9fcb54a5:group-15D27DE0D5B4:LeaderElection40] INFO  impl.RaftServerImpl (ServerState.java:setRaftConf(361)) - a8d7ae7c-be33-4d4e-8089-c7ad9fcb54a5:group-15D27DE0D5B4 set configuration 0: [a8d7ae7c-be33-4d4e-8089-c7ad9fcb54a5:192.168.157.204:36207], old=null at 0
2019-09-19 10:28:36,501 [9646113d-e532-4156-a8e1-296dca7fce7b:group-0B8ECEEDC484:LeaderElection45] INFO  server.RaftServerConfigKeys (ConfUtils.java:logGet(43)) - raft.server.rpc.sleep.time = 25ms (default)
2019-09-19 10:28:36,501 [9646113d-e532-4156-a8e1-296dca7fce7b:group-83750CFBB8DC:LeaderElection44] INFO  server.RaftServerConfigKeys (ConfUtils.java:logGet(43)) - raft.server.watch.element-limit = 65536 (default)
2019-09-19 10:28:36,501 [9646113d-e532-4156-a8e1-296dca7fce7b:group-0B8ECEEDC484:LeaderElection45] INFO  server.RaftServerConfigKeys (ConfUtils.java:logGet(43)) - raft.server.write.element-limit = 4096 (default)
2019-09-19 10:28:36,501 [9646113d-e532-4156-a8e1-296dca7fce7b:group-83750CFBB8DC:LeaderElection44] INFO  impl.RoleInfo (RoleInfo.java:updateAndGet(143)) - 9646113d-e532-4156-a8e1-296dca7fce7b: start LeaderState
2019-09-19 10:28:36,501 [9646113d-e532-4156-a8e1-296dca7fce7b:group-0B8ECEEDC484:LeaderElection45] INFO  server.RaftServerConfigKeys (ConfUtils.java:logGet(43)) - raft.server.watch.timeout = 10s (default)
2019-09-19 10:28:36,502 [9646113d-e532-4156-a8e1-296dca7fce7b:group-83750CFBB8DC:LeaderElection44] INFO  segmented.SegmentedRaftLogWorker (SegmentedRaftLogWorker.java:startLogSegment(380)) - 9646113d-e532-4156-a8e1-296dca7fce7b-SegmentedRaftLogWorker:Storage Directory /workdir/hadoop-ozone/ozonefs/target/test-dir/MiniOzoneClusterImpl-e7cad2d7-1ecb-4c95-8765-1dbadc3630b8/datanode-1/data/ratis/0705c1a2-a372-4061-a9a7-83750cfbb8dc: Starting segment from index:0
2019-09-19 10:28:36,502 [9646113d-e532-4156-a8e1-296dca7fce7b:group-0B8ECEEDC484:LeaderElection45] INFO  server.RaftServerConfigKeys (ConfUtils.java:logGet(43)) - raft.server.watch.timeout.denomination = 1s (default)
2019-09-19 10:28:36,502 [9646113d-e532-4156-a8e1-296dca7fce7b:group-0B8ECEEDC484:LeaderElection45] INFO  server.RaftServerConfigKeys (ConfUtils.java:logGet(43)) - raft.server.watch.element-limit = 65536 (default)
2019-09-19 10:28:36,502 [9646113d-e532-4156-a8e1-296dca7fce7b:group-83750CFBB8DC:LeaderElection44] INFO  impl.RaftServerImpl (ServerState.java:setRaftConf(361)) - 9646113d-e532-4156-a8e1-296dca7fce7b:group-83750CFBB8DC set configuration 0: [9646113d-e532-4156-a8e1-296dca7fce7b:192.168.157.204:38753], old=null at 0
2019-09-19 10:28:36,502 [9646113d-e532-4156-a8e1-296dca7fce7b:group-0B8ECEEDC484:LeaderElection45] INFO  impl.RoleInfo (RoleInfo.java:updateAndGet(143)) - 9646113d-e532-4156-a8e1-296dca7fce7b: start LeaderState
2019-09-19 10:28:36,503 [9646113d-e532-4156-a8e1-296dca7fce7b:group-0B8ECEEDC484:LeaderElection45] INFO  segmented.SegmentedRaftLogWorker (SegmentedRaftLogWorker.java:startLogSegment(380)) - 9646113d-e532-4156-a8e1-296dca7fce7b-SegmentedRaftLogWorker:Storage Directory /workdir/hadoop-ozone/ozonefs/target/test-dir/MiniOzoneClusterImpl-e7cad2d7-1ecb-4c95-8765-1dbadc3630b8/datanode-1/data/ratis/7b271ee2-5eca-40be-85df-0b8eceedc484: Starting segment from index:0
2019-09-19 10:28:36,503 [9646113d-e532-4156-a8e1-296dca7fce7b:group-0B8ECEEDC484:LeaderElection45] INFO  impl.RaftServerImpl (ServerState.java:setRaftConf(361)) - 9646113d-e532-4156-a8e1-296dca7fce7b:group-0B8ECEEDC484 set configuration 0: [9646113d-e532-4156-a8e1-296dca7fce7b:192.168.157.204:38753], old=null at 0
2019-09-19 10:28:36,520 [a8d7ae7c-be33-4d4e-8089-c7ad9fcb54a5-SegmentedRaftLogWorker:Storage Directory /workdir/hadoop-ozone/ozonefs/target/test-dir/MiniOzoneClusterImpl-e7cad2d7-1ecb-4c95-8765-1dbadc3630b8/datanode-0/data/ratis/2c15f3ac-9054-442f-82b4-f386f130056b] INFO  segmented.SegmentedRaftLogWorker (SegmentedRaftLogWorker.java:execute(569)) - a8d7ae7c-be33-4d4e-8089-c7ad9fcb54a5-SegmentedRaftLogWorker:Storage Directory /workdir/hadoop-ozone/ozonefs/target/test-dir/MiniOzoneClusterImpl-e7cad2d7-1ecb-4c95-8765-1dbadc3630b8/datanode-0/data/ratis/2c15f3ac-9054-442f-82b4-f386f130056b: created new log segment /workdir/hadoop-ozone/ozonefs/target/test-dir/MiniOzoneClusterImpl-e7cad2d7-1ecb-4c95-8765-1dbadc3630b8/datanode-0/data/ratis/2c15f3ac-9054-442f-82b4-f386f130056b/current/log_inprogress_0
2019-09-19 10:28:36,520 [9646113d-e532-4156-a8e1-296dca7fce7b:group-7804032FCA4A:LeaderElection46] INFO  impl.LeaderElection (LeaderElection.java:askForVotes(181)) - 9646113d-e532-4156-a8e1-296dca7fce7b:group-7804032FCA4A:LeaderElection46: begin an election at term 1 for -1: [9646113d-e532-4156-a8e1-296dca7fce7b:192.168.157.204:38753], old=null
2019-09-19 10:28:36,520 [9646113d-e532-4156-a8e1-296dca7fce7b:group-6FB26D1A30F6:LeaderElection47] INFO  impl.LeaderElection (LeaderElection.java:askForVotes(181)) - 9646113d-e532-4156-a8e1-296dca7fce7b:group-6FB26D1A30F6:LeaderElection47: begin an election at term 1 for -1: [9646113d-e532-4156-a8e1-296dca7fce7b:192.168.157.204:38753], old=null
2019-09-19 10:28:36,520 [a8d7ae7c-be33-4d4e-8089-c7ad9fcb54a5-SegmentedRaftLogWorker:Storage Directory /workdir/hadoop-ozone/ozonefs/target/test-dir/MiniOzoneClusterImpl-e7cad2d7-1ecb-4c95-8765-1dbadc3630b8/datanode-0/data/ratis/113114b8-24a1-4260-80e9-603bfc098e98] INFO  segmented.SegmentedRaftLogWorker (SegmentedRaftLogWorker.java:execute(569)) - a8d7ae7c-be33-4d4e-8089-c7ad9fcb54a5-SegmentedRaftLogWorker:Storage Directory /workdir/hadoop-ozone/ozonefs/target/test-dir/MiniOzoneClusterImpl-e7cad2d7-1ecb-4c95-8765-1dbadc3630b8/datanode-0/data/ratis/113114b8-24a1-4260-80e9-603bfc098e98: created new log segment /workdir/hadoop-ozone/ozonefs/target/test-dir/MiniOzoneClusterImpl-e7cad2d7-1ecb-4c95-8765-1dbadc3630b8/datanode-0/data/ratis/113114b8-24a1-4260-80e9-603bfc098e98/current/log_inprogress_0
2019-09-19 10:28:36,521 [9646113d-e532-4156-a8e1-296dca7fce7b:group-6FB26D1A30F6:LeaderElection47] INFO  impl.RoleInfo (RoleInfo.java:shutdownLeaderElection(134)) - 9646113d-e532-4156-a8e1-296dca7fce7b: shutdown LeaderElection
2019-09-19 10:28:36,521 [9646113d-e532-4156-a8e1-296dca7fce7b:group-7804032FCA4A:LeaderElection46] INFO  impl.RoleInfo (RoleInfo.java:shutdownLeaderElection(134)) - 9646113d-e532-4156-a8e1-296dca7fce7b: shutdown LeaderElection
2019-09-19 10:28:36,521 [9646113d-e532-4156-a8e1-296dca7fce7b:group-6FB26D1A30F6:LeaderElection47] INFO  impl.RaftServerImpl (RaftServerImpl.java:setRole(171)) - 9646113d-e532-4156-a8e1-296dca7fce7b:group-6FB26D1A30F6 changes role from CANDIDATE to LEADER at term 1 for changeToLeader
2019-09-19 10:28:36,521 [9646113d-e532-4156-a8e1-296dca7fce7b:group-7804032FCA4A:LeaderElection46] INFO  impl.RaftServerImpl (RaftServerImpl.java:setRole(171)) - 9646113d-e532-4156-a8e1-296dca7fce7b:group-7804032FCA4A changes role from CANDIDATE to LEADER at term 1 for changeToLeader
2019-09-19 10:28:36,521 [9646113d-e532-4156-a8e1-296dca7fce7b:group-6FB26D1A30F6:LeaderElection47] INFO  impl.RaftServerImpl (ServerState.java:setLeader(263)) - 9646113d-e532-4156-a8e1-296dca7fce7b:group-6FB26D1A30F6 change Leader from null to 9646113d-e532-4156-a8e1-296dca7fce7b at term 1 for becomeLeader, leader elected after 5254ms
2019-09-19 10:28:36,522 [9646113d-e532-4156-a8e1-296dca7fce7b:group-7804032FCA4A:LeaderElection46] INFO  impl.RaftServerImpl (ServerState.java:setLeader(263)) - 9646113d-e532-4156-a8e1-296dca7fce7b:group-7804032FCA4A change Leader from null to 9646113d-e532-4156-a8e1-296dca7fce7b at term 1 for becomeLeader, leader elected after 5206ms
2019-09-19 10:28:36,522 [9646113d-e532-4156-a8e1-296dca7fce7b:group-6FB26D1A30F6:LeaderElection47] INFO  server.RaftServerConfigKeys (ConfUtils.java:logGet(43)) - raft.server.staging.catchup.gap = 1000 (default)
2019-09-19 10:28:36,522 [9646113d-e532-4156-a8e1-296dca7fce7b:group-7804032FCA4A:LeaderElection46] INFO  server.RaftServerConfigKeys (ConfUtils.java:logGet(43)) - raft.server.staging.catchup.gap = 1000 (default)
2019-09-19 10:28:36,522 [9646113d-e532-4156-a8e1-296dca7fce7b:group-6FB26D1A30F6:LeaderElection47] INFO  server.RaftServerConfigKeys (ConfUtils.java:logGet(43)) - raft.server.rpc.sleep.time = 25ms (default)
2019-09-19 10:28:36,522 [9646113d-e532-4156-a8e1-296dca7fce7b:group-7804032FCA4A:LeaderElection46] INFO  server.RaftServerConfigKeys (ConfUtils.java:logGet(43)) - raft.server.rpc.sleep.time = 25ms (default)
2019-09-19 10:28:36,522 [9646113d-e532-4156-a8e1-296dca7fce7b:group-6FB26D1A30F6:LeaderElection47] INFO  server.RaftServerConfigKeys (ConfUtils.java:logGet(43)) - raft.server.write.element-limit = 4096 (default)
2019-09-19 10:28:36,523 [9646113d-e532-4156-a8e1-296dca7fce7b:group-7804032FCA4A:LeaderElection46] INFO  server.RaftServerConfigKeys (ConfUtils.java:logGet(43)) - raft.server.write.element-limit = 4096 (default)
2019-09-19 10:28:36,523 [9646113d-e532-4156-a8e1-296dca7fce7b:group-6FB26D1A30F6:LeaderElection47] INFO  server.RaftServerConfigKeys (ConfUtils.java:logGet(43)) - raft.server.watch.timeout = 10s (default)
2019-09-19 10:28:36,523 [9646113d-e532-4156-a8e1-296dca7fce7b:group-7804032FCA4A:LeaderElection46] INFO  server.RaftServerConfigKeys (ConfUtils.java:logGet(43)) - raft.server.watch.timeout = 10s (default)
2019-09-19 10:28:36,523 [9646113d-e532-4156-a8e1-296dca7fce7b:group-6FB26D1A30F6:LeaderElection47] INFO  server.RaftServerConfigKeys (ConfUtils.java:logGet(43)) - raft.server.watch.timeout.denomination = 1s (default)
2019-09-19 10:28:36,523 [9646113d-e532-4156-a8e1-296dca7fce7b:group-7804032FCA4A:LeaderElection46] INFO  server.RaftServerConfigKeys (ConfUtils.java:logGet(43)) - raft.server.watch.timeout.denomination = 1s (default)
2019-09-19 10:28:36,523 [9646113d-e532-4156-a8e1-296dca7fce7b:group-6FB26D1A30F6:LeaderElection47] INFO  server.RaftServerConfigKeys (ConfUtils.java:logGet(43)) - raft.server.watch.element-limit = 65536 (default)
2019-09-19 10:28:36,524 [9646113d-e532-4156-a8e1-296dca7fce7b:group-7804032FCA4A:LeaderElection46] INFO  server.RaftServerConfigKeys (ConfUtils.java:logGet(43)) - raft.server.watch.element-limit = 65536 (default)
2019-09-19 10:28:36,524 [9646113d-e532-4156-a8e1-296dca7fce7b:group-6FB26D1A30F6:LeaderElection47] INFO  impl.RoleInfo (RoleInfo.java:updateAndGet(143)) - 9646113d-e532-4156-a8e1-296dca7fce7b: start LeaderState
2019-09-19 10:28:36,524 [9646113d-e532-4156-a8e1-296dca7fce7b:group-7804032FCA4A:LeaderElection46] INFO  impl.RoleInfo (RoleInfo.java:updateAndGet(143)) - 9646113d-e532-4156-a8e1-296dca7fce7b: start LeaderState
2019-09-19 10:28:36,524 [9646113d-e532-4156-a8e1-296dca7fce7b:group-6FB26D1A30F6:LeaderElection47] INFO  segmented.SegmentedRaftLogWorker (SegmentedRaftLogWorker.java:startLogSegment(380)) - 9646113d-e532-4156-a8e1-296dca7fce7b-SegmentedRaftLogWorker:Storage Directory /workdir/hadoop-ozone/ozonefs/target/test-dir/MiniOzoneClusterImpl-e7cad2d7-1ecb-4c95-8765-1dbadc3630b8/datanode-1/data/ratis/08df3e9f-cd58-4777-8072-6fb26d1a30f6: Starting segment from index:0
2019-09-19 10:28:36,525 [9646113d-e532-4156-a8e1-296dca7fce7b:group-7804032FCA4A:LeaderElection46] INFO  segmented.SegmentedRaftLogWorker (SegmentedRaftLogWorker.java:startLogSegment(380)) - 9646113d-e532-4156-a8e1-296dca7fce7b-SegmentedRaftLogWorker:Storage Directory /workdir/hadoop-ozone/ozonefs/target/test-dir/MiniOzoneClusterImpl-e7cad2d7-1ecb-4c95-8765-1dbadc3630b8/datanode-1/data/ratis/18b40408-2d1c-49d0-ae20-7804032fca4a: Starting segment from index:0
2019-09-19 10:28:36,525 [9646113d-e532-4156-a8e1-296dca7fce7b:group-6FB26D1A30F6:LeaderElection47] INFO  impl.RaftServerImpl (ServerState.java:setRaftConf(361)) - 9646113d-e532-4156-a8e1-296dca7fce7b:group-6FB26D1A30F6 set configuration 0: [9646113d-e532-4156-a8e1-296dca7fce7b:192.168.157.204:38753], old=null at 0
2019-09-19 10:28:36,526 [9646113d-e532-4156-a8e1-296dca7fce7b:group-7804032FCA4A:LeaderElection46] INFO  impl.RaftServerImpl (ServerState.java:setRaftConf(361)) - 9646113d-e532-4156-a8e1-296dca7fce7b:group-7804032FCA4A set configuration 0: [9646113d-e532-4156-a8e1-296dca7fce7b:192.168.157.204:38753], old=null at 0
2019-09-19 10:28:36,551 [9646113d-e532-4156-a8e1-296dca7fce7b-SegmentedRaftLogWorker:Storage Directory /workdir/hadoop-ozone/ozonefs/target/test-dir/MiniOzoneClusterImpl-e7cad2d7-1ecb-4c95-8765-1dbadc3630b8/datanode-1/data/ratis/0705c1a2-a372-4061-a9a7-83750cfbb8dc] INFO  segmented.SegmentedRaftLogWorker (SegmentedRaftLogWorker.java:execute(569)) - 9646113d-e532-4156-a8e1-296dca7fce7b-SegmentedRaftLogWorker:Storage Directory /workdir/hadoop-ozone/ozonefs/target/test-dir/MiniOzoneClusterImpl-e7cad2d7-1ecb-4c95-8765-1dbadc3630b8/datanode-1/data/ratis/0705c1a2-a372-4061-a9a7-83750cfbb8dc: created new log segment /workdir/hadoop-ozone/ozonefs/target/test-dir/MiniOzoneClusterImpl-e7cad2d7-1ecb-4c95-8765-1dbadc3630b8/datanode-1/data/ratis/0705c1a2-a372-4061-a9a7-83750cfbb8dc/current/log_inprogress_0
2019-09-19 10:28:36,551 [9646113d-e532-4156-a8e1-296dca7fce7b-SegmentedRaftLogWorker:Storage Directory /workdir/hadoop-ozone/ozonefs/target/test-dir/MiniOzoneClusterImpl-e7cad2d7-1ecb-4c95-8765-1dbadc3630b8/datanode-1/data/ratis/7b271ee2-5eca-40be-85df-0b8eceedc484] INFO  segmented.SegmentedRaftLogWorker (SegmentedRaftLogWorker.java:execute(569)) - 9646113d-e532-4156-a8e1-296dca7fce7b-SegmentedRaftLogWorker:Storage Directory /workdir/hadoop-ozone/ozonefs/target/test-dir/MiniOzoneClusterImpl-e7cad2d7-1ecb-4c95-8765-1dbadc3630b8/datanode-1/data/ratis/7b271ee2-5eca-40be-85df-0b8eceedc484: created new log segment /workdir/hadoop-ozone/ozonefs/target/test-dir/MiniOzoneClusterImpl-e7cad2d7-1ecb-4c95-8765-1dbadc3630b8/datanode-1/data/ratis/7b271ee2-5eca-40be-85df-0b8eceedc484/current/log_inprogress_0
2019-09-19 10:28:36,551 [a8d7ae7c-be33-4d4e-8089-c7ad9fcb54a5-SegmentedRaftLogWorker:Storage Directory /workdir/hadoop-ozone/ozonefs/target/test-dir/MiniOzoneClusterImpl-e7cad2d7-1ecb-4c95-8765-1dbadc3630b8/datanode-0/data/ratis/c0b845a0-a79b-4790-848e-15d27de0d5b4] INFO  segmented.SegmentedRaftLogWorker (SegmentedRaftLogWorker.java:execute(569)) - a8d7ae7c-be33-4d4e-8089-c7ad9fcb54a5-SegmentedRaftLogWorker:Storage Directory /workdir/hadoop-ozone/ozonefs/target/test-dir/MiniOzoneClusterImpl-e7cad2d7-1ecb-4c95-8765-1dbadc3630b8/datanode-0/data/ratis/c0b845a0-a79b-4790-848e-15d27de0d5b4: created new log segment /workdir/hadoop-ozone/ozonefs/target/test-dir/MiniOzoneClusterImpl-e7cad2d7-1ecb-4c95-8765-1dbadc3630b8/datanode-0/data/ratis/c0b845a0-a79b-4790-848e-15d27de0d5b4/current/log_inprogress_0
2019-09-19 10:28:36,552 [Thread-747] INFO  impl.FollowerState (FollowerState.java:run(106)) - 9646113d-e532-4156-a8e1-296dca7fce7b:group-DBC443767EEF changes to CANDIDATE, lastRpcTime:5152, electionTimeout:5152ms
2019-09-19 10:28:36,552 [Thread-747] INFO  impl.RoleInfo (RoleInfo.java:shutdownFollowerState(121)) - 9646113d-e532-4156-a8e1-296dca7fce7b: shutdown FollowerState
2019-09-19 10:28:36,552 [Thread-747] INFO  impl.RaftServerImpl (RaftServerImpl.java:setRole(171)) - 9646113d-e532-4156-a8e1-296dca7fce7b:group-DBC443767EEF changes role from FOLLOWER to CANDIDATE at term 0 for changeToCandidate
2019-09-19 10:28:36,553 [Thread-747] INFO  impl.RoleInfo (RoleInfo.java:updateAndGet(143)) - 9646113d-e532-4156-a8e1-296dca7fce7b: start LeaderElection
2019-09-19 10:28:36,579 [9646113d-e532-4156-a8e1-296dca7fce7b-SegmentedRaftLogWorker:Storage Directory /workdir/hadoop-ozone/ozonefs/target/test-dir/MiniOzoneClusterImpl-e7cad2d7-1ecb-4c95-8765-1dbadc3630b8/datanode-1/data/ratis/18b40408-2d1c-49d0-ae20-7804032fca4a] INFO  segmented.SegmentedRaftLogWorker (SegmentedRaftLogWorker.java:execute(569)) - 9646113d-e532-4156-a8e1-296dca7fce7b-SegmentedRaftLogWorker:Storage Directory /workdir/hadoop-ozone/ozonefs/target/test-dir/MiniOzoneClusterImpl-e7cad2d7-1ecb-4c95-8765-1dbadc3630b8/datanode-1/data/ratis/18b40408-2d1c-49d0-ae20-7804032fca4a: created new log segment /workdir/hadoop-ozone/ozonefs/target/test-dir/MiniOzoneClusterImpl-e7cad2d7-1ecb-4c95-8765-1dbadc3630b8/datanode-1/data/ratis/18b40408-2d1c-49d0-ae20-7804032fca4a/current/log_inprogress_0
2019-09-19 10:28:36,579 [9646113d-e532-4156-a8e1-296dca7fce7b:group-DBC443767EEF:LeaderElection48] INFO  impl.LeaderElection (LeaderElection.java:askForVotes(181)) - 9646113d-e532-4156-a8e1-296dca7fce7b:group-DBC443767EEF:LeaderElection48: begin an election at term 1 for -1: [9646113d-e532-4156-a8e1-296dca7fce7b:192.168.157.204:38753], old=null
2019-09-19 10:28:36,579 [9646113d-e532-4156-a8e1-296dca7fce7b-SegmentedRaftLogWorker:Storage Directory /workdir/hadoop-ozone/ozonefs/target/test-dir/MiniOzoneClusterImpl-e7cad2d7-1ecb-4c95-8765-1dbadc3630b8/datanode-1/data/ratis/08df3e9f-cd58-4777-8072-6fb26d1a30f6] INFO  segmented.SegmentedRaftLogWorker (SegmentedRaftLogWorker.java:execute(569)) - 9646113d-e532-4156-a8e1-296dca7fce7b-SegmentedRaftLogWorker:Storage Directory /workdir/hadoop-ozone/ozonefs/target/test-dir/MiniOzoneClusterImpl-e7cad2d7-1ecb-4c95-8765-1dbadc3630b8/datanode-1/data/ratis/08df3e9f-cd58-4777-8072-6fb26d1a30f6: created new log segment /workdir/hadoop-ozone/ozonefs/target/test-dir/MiniOzoneClusterImpl-e7cad2d7-1ecb-4c95-8765-1dbadc3630b8/datanode-1/data/ratis/08df3e9f-cd58-4777-8072-6fb26d1a30f6/current/log_inprogress_0
2019-09-19 10:28:36,579 [9646113d-e532-4156-a8e1-296dca7fce7b:group-DBC443767EEF:LeaderElection48] INFO  impl.RoleInfo (RoleInfo.java:shutdownLeaderElection(134)) - 9646113d-e532-4156-a8e1-296dca7fce7b: shutdown LeaderElection
2019-09-19 10:28:36,579 [9646113d-e532-4156-a8e1-296dca7fce7b:group-DBC443767EEF:LeaderElection48] INFO  impl.RaftServerImpl (RaftServerImpl.java:setRole(171)) - 9646113d-e532-4156-a8e1-296dca7fce7b:group-DBC443767EEF changes role from CANDIDATE to LEADER at term 1 for changeToLeader
2019-09-19 10:28:36,580 [9646113d-e532-4156-a8e1-296dca7fce7b:group-DBC443767EEF:LeaderElection48] INFO  impl.RaftServerImpl (ServerState.java:setLeader(263)) - 9646113d-e532-4156-a8e1-296dca7fce7b:group-DBC443767EEF change Leader from null to 9646113d-e532-4156-a8e1-296dca7fce7b at term 1 for becomeLeader, leader elected after 5184ms
2019-09-19 10:28:36,580 [9646113d-e532-4156-a8e1-296dca7fce7b:group-DBC443767EEF:LeaderElection48] INFO  server.RaftServerConfigKeys (ConfUtils.java:logGet(43)) - raft.server.staging.catchup.gap = 1000 (default)
2019-09-19 10:28:36,580 [9646113d-e532-4156-a8e1-296dca7fce7b:group-DBC443767EEF:LeaderElection48] INFO  server.RaftServerConfigKeys (ConfUtils.java:logGet(43)) - raft.server.rpc.sleep.time = 25ms (default)
2019-09-19 10:28:36,580 [9646113d-e532-4156-a8e1-296dca7fce7b:group-DBC443767EEF:LeaderElection48] INFO  server.RaftServerConfigKeys (ConfUtils.java:logGet(43)) - raft.server.write.element-limit = 4096 (default)
2019-09-19 10:28:36,580 [9646113d-e532-4156-a8e1-296dca7fce7b:group-DBC443767EEF:LeaderElection48] INFO  server.RaftServerConfigKeys (ConfUtils.java:logGet(43)) - raft.server.watch.timeout = 10s (default)
2019-09-19 10:28:36,580 [9646113d-e532-4156-a8e1-296dca7fce7b:group-DBC443767EEF:LeaderElection48] INFO  server.RaftServerConfigKeys (ConfUtils.java:logGet(43)) - raft.server.watch.timeout.denomination = 1s (default)
2019-09-19 10:28:36,581 [9646113d-e532-4156-a8e1-296dca7fce7b:group-DBC443767EEF:LeaderElection48] INFO  server.RaftServerConfigKeys (ConfUtils.java:logGet(43)) - raft.server.watch.element-limit = 65536 (default)
2019-09-19 10:28:36,581 [9646113d-e532-4156-a8e1-296dca7fce7b:group-DBC443767EEF:LeaderElection48] INFO  impl.RoleInfo (RoleInfo.java:updateAndGet(143)) - 9646113d-e532-4156-a8e1-296dca7fce7b: start LeaderState
2019-09-19 10:28:36,581 [9646113d-e532-4156-a8e1-296dca7fce7b:group-DBC443767EEF:LeaderElection48] INFO  segmented.SegmentedRaftLogWorker (SegmentedRaftLogWorker.java:startLogSegment(380)) - 9646113d-e532-4156-a8e1-296dca7fce7b-SegmentedRaftLogWorker:Storage Directory /workdir/hadoop-ozone/ozonefs/target/test-dir/MiniOzoneClusterImpl-e7cad2d7-1ecb-4c95-8765-1dbadc3630b8/datanode-1/data/ratis/e13d0b87-6d6e-4ccd-afed-dbc443767eef: Starting segment from index:0
2019-09-19 10:28:36,582 [9646113d-e532-4156-a8e1-296dca7fce7b:group-DBC443767EEF:LeaderElection48] INFO  impl.RaftServerImpl (ServerState.java:setRaftConf(361)) - 9646113d-e532-4156-a8e1-296dca7fce7b:group-DBC443767EEF set configuration 0: [9646113d-e532-4156-a8e1-296dca7fce7b:192.168.157.204:38753], old=null at 0
2019-09-19 10:28:36,583 [Thread-753] INFO  impl.FollowerState (FollowerState.java:run(106)) - a9be3d64-f69e-4a94-baf4-3c0042568077:group-B53A79B5A6DF changes to CANDIDATE, lastRpcTime:5095, electionTimeout:5095ms
2019-09-19 10:28:36,583 [Thread-753] INFO  impl.RoleInfo (RoleInfo.java:shutdownFollowerState(121)) - a9be3d64-f69e-4a94-baf4-3c0042568077: shutdown FollowerState
2019-09-19 10:28:36,583 [Thread-753] INFO  impl.RaftServerImpl (RaftServerImpl.java:setRole(171)) - a9be3d64-f69e-4a94-baf4-3c0042568077:group-B53A79B5A6DF changes role from FOLLOWER to CANDIDATE at term 0 for changeToCandidate
2019-09-19 10:28:36,583 [Thread-753] INFO  impl.RoleInfo (RoleInfo.java:updateAndGet(143)) - a9be3d64-f69e-4a94-baf4-3c0042568077: start LeaderElection
2019-09-19 10:28:36,609 [Thread-750] INFO  impl.FollowerState (FollowerState.java:run(106)) - a9be3d64-f69e-4a94-baf4-3c0042568077:group-27229A3003CF changes to CANDIDATE, lastRpcTime:5163, electionTimeout:5142ms
2019-09-19 10:28:36,609 [Thread-750] INFO  impl.RoleInfo (RoleInfo.java:shutdownFollowerState(121)) - a9be3d64-f69e-4a94-baf4-3c0042568077: shutdown FollowerState
2019-09-19 10:28:36,609 [Thread-750] INFO  impl.RaftServerImpl (RaftServerImpl.java:setRole(171)) - a9be3d64-f69e-4a94-baf4-3c0042568077:group-27229A3003CF changes role from FOLLOWER to CANDIDATE at term 0 for changeToCandidate
2019-09-19 10:28:36,609 [Thread-750] INFO  impl.RoleInfo (RoleInfo.java:updateAndGet(143)) - a9be3d64-f69e-4a94-baf4-3c0042568077: start LeaderElection
2019-09-19 10:28:36,622 [9646113d-e532-4156-a8e1-296dca7fce7b-SegmentedRaftLogWorker:Storage Directory /workdir/hadoop-ozone/ozonefs/target/test-dir/MiniOzoneClusterImpl-e7cad2d7-1ecb-4c95-8765-1dbadc3630b8/datanode-1/data/ratis/e13d0b87-6d6e-4ccd-afed-dbc443767eef] INFO  segmented.SegmentedRaftLogWorker (SegmentedRaftLogWorker.java:execute(569)) - 9646113d-e532-4156-a8e1-296dca7fce7b-SegmentedRaftLogWorker:Storage Directory /workdir/hadoop-ozone/ozonefs/target/test-dir/MiniOzoneClusterImpl-e7cad2d7-1ecb-4c95-8765-1dbadc3630b8/datanode-1/data/ratis/e13d0b87-6d6e-4ccd-afed-dbc443767eef: created new log segment /workdir/hadoop-ozone/ozonefs/target/test-dir/MiniOzoneClusterImpl-e7cad2d7-1ecb-4c95-8765-1dbadc3630b8/datanode-1/data/ratis/e13d0b87-6d6e-4ccd-afed-dbc443767eef/current/log_inprogress_0
2019-09-19 10:28:36,622 [a9be3d64-f69e-4a94-baf4-3c0042568077:group-27229A3003CF:LeaderElection50] INFO  impl.LeaderElection (LeaderElection.java:askForVotes(181)) - a9be3d64-f69e-4a94-baf4-3c0042568077:group-27229A3003CF:LeaderElection50: begin an election at term 1 for -1: [a9be3d64-f69e-4a94-baf4-3c0042568077:192.168.157.204:36829], old=null
2019-09-19 10:28:36,622 [a9be3d64-f69e-4a94-baf4-3c0042568077:group-B53A79B5A6DF:LeaderElection49] INFO  impl.LeaderElection (LeaderElection.java:askForVotes(181)) - a9be3d64-f69e-4a94-baf4-3c0042568077:group-B53A79B5A6DF:LeaderElection49: begin an election at term 1 for -1: [a9be3d64-f69e-4a94-baf4-3c0042568077:192.168.157.204:36829], old=null
2019-09-19 10:28:36,622 [a9be3d64-f69e-4a94-baf4-3c0042568077:group-27229A3003CF:LeaderElection50] INFO  impl.RoleInfo (RoleInfo.java:shutdownLeaderElection(134)) - a9be3d64-f69e-4a94-baf4-3c0042568077: shutdown LeaderElection
2019-09-19 10:28:36,622 [a9be3d64-f69e-4a94-baf4-3c0042568077:group-B53A79B5A6DF:LeaderElection49] INFO  impl.RoleInfo (RoleInfo.java:shutdownLeaderElection(134)) - a9be3d64-f69e-4a94-baf4-3c0042568077: shutdown LeaderElection
2019-09-19 10:28:36,622 [a9be3d64-f69e-4a94-baf4-3c0042568077:group-27229A3003CF:LeaderElection50] INFO  impl.RaftServerImpl (RaftServerImpl.java:setRole(171)) - a9be3d64-f69e-4a94-baf4-3c0042568077:group-27229A3003CF changes role from CANDIDATE to LEADER at term 1 for changeToLeader
2019-09-19 10:28:36,623 [a9be3d64-f69e-4a94-baf4-3c0042568077:group-B53A79B5A6DF:LeaderElection49] INFO  impl.RaftServerImpl (RaftServerImpl.java:setRole(171)) - a9be3d64-f69e-4a94-baf4-3c0042568077:group-B53A79B5A6DF changes role from CANDIDATE to LEADER at term 1 for changeToLeader
2019-09-19 10:28:36,623 [a9be3d64-f69e-4a94-baf4-3c0042568077:group-27229A3003CF:LeaderElection50] INFO  impl.RaftServerImpl (ServerState.java:setLeader(263)) - a9be3d64-f69e-4a94-baf4-3c0042568077:group-27229A3003CF change Leader from null to a9be3d64-f69e-4a94-baf4-3c0042568077 at term 1 for becomeLeader, leader elected after 5181ms
2019-09-19 10:28:36,623 [a9be3d64-f69e-4a94-baf4-3c0042568077:group-B53A79B5A6DF:LeaderElection49] INFO  impl.RaftServerImpl (ServerState.java:setLeader(263)) - a9be3d64-f69e-4a94-baf4-3c0042568077:group-B53A79B5A6DF change Leader from null to a9be3d64-f69e-4a94-baf4-3c0042568077 at term 1 for becomeLeader, leader elected after 5139ms
2019-09-19 10:28:36,623 [a9be3d64-f69e-4a94-baf4-3c0042568077:group-27229A3003CF:LeaderElection50] INFO  server.RaftServerConfigKeys (ConfUtils.java:logGet(43)) - raft.server.staging.catchup.gap = 1000 (default)
2019-09-19 10:28:36,623 [a9be3d64-f69e-4a94-baf4-3c0042568077:group-B53A79B5A6DF:LeaderElection49] INFO  server.RaftServerConfigKeys (ConfUtils.java:logGet(43)) - raft.server.staging.catchup.gap = 1000 (default)
2019-09-19 10:28:36,623 [a9be3d64-f69e-4a94-baf4-3c0042568077:group-27229A3003CF:LeaderElection50] INFO  server.RaftServerConfigKeys (ConfUtils.java:logGet(43)) - raft.server.rpc.sleep.time = 25ms (default)
2019-09-19 10:28:36,623 [a9be3d64-f69e-4a94-baf4-3c0042568077:group-B53A79B5A6DF:LeaderElection49] INFO  server.RaftServerConfigKeys (ConfUtils.java:logGet(43)) - raft.server.rpc.sleep.time = 25ms (default)
2019-09-19 10:28:36,623 [a9be3d64-f69e-4a94-baf4-3c0042568077:group-27229A3003CF:LeaderElection50] INFO  server.RaftServerConfigKeys (ConfUtils.java:logGet(43)) - raft.server.write.element-limit = 4096 (default)
2019-09-19 10:28:36,623 [a9be3d64-f69e-4a94-baf4-3c0042568077:group-B53A79B5A6DF:LeaderElection49] INFO  server.RaftServerConfigKeys (ConfUtils.java:logGet(43)) - raft.server.write.element-limit = 4096 (default)
2019-09-19 10:28:36,623 [a9be3d64-f69e-4a94-baf4-3c0042568077:group-27229A3003CF:LeaderElection50] INFO  server.RaftServerConfigKeys (ConfUtils.java:logGet(43)) - raft.server.watch.timeout = 10s (default)
2019-09-19 10:28:36,624 [a9be3d64-f69e-4a94-baf4-3c0042568077:group-B53A79B5A6DF:LeaderElection49] INFO  server.RaftServerConfigKeys (ConfUtils.java:logGet(43)) - raft.server.watch.timeout = 10s (default)
2019-09-19 10:28:36,624 [a9be3d64-f69e-4a94-baf4-3c0042568077:group-27229A3003CF:LeaderElection50] INFO  server.RaftServerConfigKeys (ConfUtils.java:logGet(43)) - raft.server.watch.timeout.denomination = 1s (default)
2019-09-19 10:28:36,624 [a9be3d64-f69e-4a94-baf4-3c0042568077:group-B53A79B5A6DF:LeaderElection49] INFO  server.RaftServerConfigKeys (ConfUtils.java:logGet(43)) - raft.server.watch.timeout.denomination = 1s (default)
2019-09-19 10:28:36,624 [a9be3d64-f69e-4a94-baf4-3c0042568077:group-27229A3003CF:LeaderElection50] INFO  server.RaftServerConfigKeys (ConfUtils.java:logGet(43)) - raft.server.watch.element-limit = 65536 (default)
2019-09-19 10:28:36,624 [a9be3d64-f69e-4a94-baf4-3c0042568077:group-B53A79B5A6DF:LeaderElection49] INFO  server.RaftServerConfigKeys (ConfUtils.java:logGet(43)) - raft.server.watch.element-limit = 65536 (default)
2019-09-19 10:28:36,624 [a9be3d64-f69e-4a94-baf4-3c0042568077:group-27229A3003CF:LeaderElection50] INFO  impl.RoleInfo (RoleInfo.java:updateAndGet(143)) - a9be3d64-f69e-4a94-baf4-3c0042568077: start LeaderState
2019-09-19 10:28:36,624 [a9be3d64-f69e-4a94-baf4-3c0042568077:group-B53A79B5A6DF:LeaderElection49] INFO  impl.RoleInfo (RoleInfo.java:updateAndGet(143)) - a9be3d64-f69e-4a94-baf4-3c0042568077: start LeaderState
2019-09-19 10:28:36,624 [a9be3d64-f69e-4a94-baf4-3c0042568077:group-27229A3003CF:LeaderElection50] INFO  segmented.SegmentedRaftLogWorker (SegmentedRaftLogWorker.java:startLogSegment(380)) - a9be3d64-f69e-4a94-baf4-3c0042568077-SegmentedRaftLogWorker:Storage Directory /workdir/hadoop-ozone/ozonefs/target/test-dir/MiniOzoneClusterImpl-e7cad2d7-1ecb-4c95-8765-1dbadc3630b8/datanode-2/data/ratis/bc50a956-f2f9-423f-bff9-27229a3003cf: Starting segment from index:0
2019-09-19 10:28:36,625 [a9be3d64-f69e-4a94-baf4-3c0042568077:group-B53A79B5A6DF:LeaderElection49] INFO  segmented.SegmentedRaftLogWorker (SegmentedRaftLogWorker.java:startLogSegment(380)) - a9be3d64-f69e-4a94-baf4-3c0042568077-SegmentedRaftLogWorker:Storage Directory /workdir/hadoop-ozone/ozonefs/target/test-dir/MiniOzoneClusterImpl-e7cad2d7-1ecb-4c95-8765-1dbadc3630b8/datanode-2/data/ratis/5cd06731-e4c8-4fab-b455-b53a79b5a6df: Starting segment from index:0
2019-09-19 10:28:36,625 [a9be3d64-f69e-4a94-baf4-3c0042568077:group-27229A3003CF:LeaderElection50] INFO  impl.RaftServerImpl (ServerState.java:setRaftConf(361)) - a9be3d64-f69e-4a94-baf4-3c0042568077:group-27229A3003CF set configuration 0: [a9be3d64-f69e-4a94-baf4-3c0042568077:192.168.157.204:36829], old=null at 0
2019-09-19 10:28:36,625 [a9be3d64-f69e-4a94-baf4-3c0042568077:group-B53A79B5A6DF:LeaderElection49] INFO  impl.RaftServerImpl (ServerState.java:setRaftConf(361)) - a9be3d64-f69e-4a94-baf4-3c0042568077:group-B53A79B5A6DF set configuration 0: [a9be3d64-f69e-4a94-baf4-3c0042568077:192.168.157.204:36829], old=null at 0
2019-09-19 10:28:36,663 [Thread-762] INFO  impl.FollowerState (FollowerState.java:run(106)) - a9be3d64-f69e-4a94-baf4-3c0042568077:group-540F31873C60 changes to CANDIDATE, lastRpcTime:5044, electionTimeout:5044ms
2019-09-19 10:28:36,664 [Thread-762] INFO  impl.RoleInfo (RoleInfo.java:shutdownFollowerState(121)) - a9be3d64-f69e-4a94-baf4-3c0042568077: shutdown FollowerState
2019-09-19 10:28:36,664 [Thread-762] INFO  impl.RaftServerImpl (RaftServerImpl.java:setRole(171)) - a9be3d64-f69e-4a94-baf4-3c0042568077:group-540F31873C60 changes role from FOLLOWER to CANDIDATE at term 0 for changeToCandidate
2019-09-19 10:28:36,664 [Thread-762] INFO  impl.RoleInfo (RoleInfo.java:updateAndGet(143)) - a9be3d64-f69e-4a94-baf4-3c0042568077: start LeaderElection
2019-09-19 10:28:36,671 [a9be3d64-f69e-4a94-baf4-3c0042568077-SegmentedRaftLogWorker:Storage Directory /workdir/hadoop-ozone/ozonefs/target/test-dir/MiniOzoneClusterImpl-e7cad2d7-1ecb-4c95-8765-1dbadc3630b8/datanode-2/data/ratis/bc50a956-f2f9-423f-bff9-27229a3003cf] INFO  segmented.SegmentedRaftLogWorker (SegmentedRaftLogWorker.java:execute(569)) - a9be3d64-f69e-4a94-baf4-3c0042568077-SegmentedRaftLogWorker:Storage Directory /workdir/hadoop-ozone/ozonefs/target/test-dir/MiniOzoneClusterImpl-e7cad2d7-1ecb-4c95-8765-1dbadc3630b8/datanode-2/data/ratis/bc50a956-f2f9-423f-bff9-27229a3003cf: created new log segment /workdir/hadoop-ozone/ozonefs/target/test-dir/MiniOzoneClusterImpl-e7cad2d7-1ecb-4c95-8765-1dbadc3630b8/datanode-2/data/ratis/bc50a956-f2f9-423f-bff9-27229a3003cf/current/log_inprogress_0
2019-09-19 10:28:36,671 [a9be3d64-f69e-4a94-baf4-3c0042568077:group-540F31873C60:LeaderElection51] INFO  impl.LeaderElection (LeaderElection.java:askForVotes(181)) - a9be3d64-f69e-4a94-baf4-3c0042568077:group-540F31873C60:LeaderElection51: begin an election at term 1 for -1: [a9be3d64-f69e-4a94-baf4-3c0042568077:192.168.157.204:36829], old=null
2019-09-19 10:28:36,671 [a9be3d64-f69e-4a94-baf4-3c0042568077-SegmentedRaftLogWorker:Storage Directory /workdir/hadoop-ozone/ozonefs/target/test-dir/MiniOzoneClusterImpl-e7cad2d7-1ecb-4c95-8765-1dbadc3630b8/datanode-2/data/ratis/5cd06731-e4c8-4fab-b455-b53a79b5a6df] INFO  segmented.SegmentedRaftLogWorker (SegmentedRaftLogWorker.java:execute(569)) - a9be3d64-f69e-4a94-baf4-3c0042568077-SegmentedRaftLogWorker:Storage Directory /workdir/hadoop-ozone/ozonefs/target/test-dir/MiniOzoneClusterImpl-e7cad2d7-1ecb-4c95-8765-1dbadc3630b8/datanode-2/data/ratis/5cd06731-e4c8-4fab-b455-b53a79b5a6df: created new log segment /workdir/hadoop-ozone/ozonefs/target/test-dir/MiniOzoneClusterImpl-e7cad2d7-1ecb-4c95-8765-1dbadc3630b8/datanode-2/data/ratis/5cd06731-e4c8-4fab-b455-b53a79b5a6df/current/log_inprogress_0
2019-09-19 10:28:36,671 [a9be3d64-f69e-4a94-baf4-3c0042568077:group-540F31873C60:LeaderElection51] INFO  impl.RoleInfo (RoleInfo.java:shutdownLeaderElection(134)) - a9be3d64-f69e-4a94-baf4-3c0042568077: shutdown LeaderElection
2019-09-19 10:28:36,671 [a9be3d64-f69e-4a94-baf4-3c0042568077:group-540F31873C60:LeaderElection51] INFO  impl.RaftServerImpl (RaftServerImpl.java:setRole(171)) - a9be3d64-f69e-4a94-baf4-3c0042568077:group-540F31873C60 changes role from CANDIDATE to LEADER at term 1 for changeToLeader
2019-09-19 10:28:36,672 [a9be3d64-f69e-4a94-baf4-3c0042568077:group-540F31873C60:LeaderElection51] INFO  impl.RaftServerImpl (ServerState.java:setLeader(263)) - a9be3d64-f69e-4a94-baf4-3c0042568077:group-540F31873C60 change Leader from null to a9be3d64-f69e-4a94-baf4-3c0042568077 at term 1 for becomeLeader, leader elected after 5056ms
2019-09-19 10:28:36,672 [a9be3d64-f69e-4a94-baf4-3c0042568077:group-540F31873C60:LeaderElection51] INFO  server.RaftServerConfigKeys (ConfUtils.java:logGet(43)) - raft.server.staging.catchup.gap = 1000 (default)
2019-09-19 10:28:36,672 [a9be3d64-f69e-4a94-baf4-3c0042568077:group-540F31873C60:LeaderElection51] INFO  server.RaftServerConfigKeys (ConfUtils.java:logGet(43)) - raft.server.rpc.sleep.time = 25ms (default)
2019-09-19 10:28:36,672 [a9be3d64-f69e-4a94-baf4-3c0042568077:group-540F31873C60:LeaderElection51] INFO  server.RaftServerConfigKeys (ConfUtils.java:logGet(43)) - raft.server.write.element-limit = 4096 (default)
2019-09-19 10:28:36,672 [a9be3d64-f69e-4a94-baf4-3c0042568077:group-540F31873C60:LeaderElection51] INFO  server.RaftServerConfigKeys (ConfUtils.java:logGet(43)) - raft.server.watch.timeout = 10s (default)
2019-09-19 10:28:36,672 [a9be3d64-f69e-4a94-baf4-3c0042568077:group-540F31873C60:LeaderElection51] INFO  server.RaftServerConfigKeys (ConfUtils.java:logGet(43)) - raft.server.watch.timeout.denomination = 1s (default)
2019-09-19 10:28:36,672 [a9be3d64-f69e-4a94-baf4-3c0042568077:group-540F31873C60:LeaderElection51] INFO  server.RaftServerConfigKeys (ConfUtils.java:logGet(43)) - raft.server.watch.element-limit = 65536 (default)
2019-09-19 10:28:36,673 [a9be3d64-f69e-4a94-baf4-3c0042568077:group-540F31873C60:LeaderElection51] INFO  impl.RoleInfo (RoleInfo.java:updateAndGet(143)) - a9be3d64-f69e-4a94-baf4-3c0042568077: start LeaderState
2019-09-19 10:28:36,673 [a9be3d64-f69e-4a94-baf4-3c0042568077:group-540F31873C60:LeaderElection51] INFO  segmented.SegmentedRaftLogWorker (SegmentedRaftLogWorker.java:startLogSegment(380)) - a9be3d64-f69e-4a94-baf4-3c0042568077-SegmentedRaftLogWorker:Storage Directory /workdir/hadoop-ozone/ozonefs/target/test-dir/MiniOzoneClusterImpl-e7cad2d7-1ecb-4c95-8765-1dbadc3630b8/datanode-2/data/ratis/d9114e04-4b64-4489-9185-540f31873c60: Starting segment from index:0
2019-09-19 10:28:36,673 [a9be3d64-f69e-4a94-baf4-3c0042568077:group-540F31873C60:LeaderElection51] INFO  impl.RaftServerImpl (ServerState.java:setRaftConf(361)) - a9be3d64-f69e-4a94-baf4-3c0042568077:group-540F31873C60 set configuration 0: [a9be3d64-f69e-4a94-baf4-3c0042568077:192.168.157.204:36829], old=null at 0
2019-09-19 10:28:36,693 [Thread-759] INFO  impl.FollowerState (FollowerState.java:run(106)) - a9be3d64-f69e-4a94-baf4-3c0042568077:group-5D2BCAB2B6DD changes to CANDIDATE, lastRpcTime:5117, electionTimeout:5117ms
2019-09-19 10:28:36,693 [Thread-759] INFO  impl.RoleInfo (RoleInfo.java:shutdownFollowerState(121)) - a9be3d64-f69e-4a94-baf4-3c0042568077: shutdown FollowerState
2019-09-19 10:28:36,693 [Thread-759] INFO  impl.RaftServerImpl (RaftServerImpl.java:setRole(171)) - a9be3d64-f69e-4a94-baf4-3c0042568077:group-5D2BCAB2B6DD changes role from FOLLOWER to CANDIDATE at term 0 for changeToCandidate
2019-09-19 10:28:36,693 [Thread-759] INFO  impl.RoleInfo (RoleInfo.java:updateAndGet(143)) - a9be3d64-f69e-4a94-baf4-3c0042568077: start LeaderElection
2019-09-19 10:28:36,715 [a9be3d64-f69e-4a94-baf4-3c0042568077-SegmentedRaftLogWorker:Storage Directory /workdir/hadoop-ozone/ozonefs/target/test-dir/MiniOzoneClusterImpl-e7cad2d7-1ecb-4c95-8765-1dbadc3630b8/datanode-2/data/ratis/d9114e04-4b64-4489-9185-540f31873c60] INFO  segmented.SegmentedRaftLogWorker (SegmentedRaftLogWorker.java:execute(569)) - a9be3d64-f69e-4a94-baf4-3c0042568077-SegmentedRaftLogWorker:Storage Directory /workdir/hadoop-ozone/ozonefs/target/test-dir/MiniOzoneClusterImpl-e7cad2d7-1ecb-4c95-8765-1dbadc3630b8/datanode-2/data/ratis/d9114e04-4b64-4489-9185-540f31873c60: created new log segment /workdir/hadoop-ozone/ozonefs/target/test-dir/MiniOzoneClusterImpl-e7cad2d7-1ecb-4c95-8765-1dbadc3630b8/datanode-2/data/ratis/d9114e04-4b64-4489-9185-540f31873c60/current/log_inprogress_0
2019-09-19 10:28:36,715 [a9be3d64-f69e-4a94-baf4-3c0042568077:group-5D2BCAB2B6DD:LeaderElection52] INFO  impl.LeaderElection (LeaderElection.java:askForVotes(181)) - a9be3d64-f69e-4a94-baf4-3c0042568077:group-5D2BCAB2B6DD:LeaderElection52: begin an election at term 1 for -1: [a9be3d64-f69e-4a94-baf4-3c0042568077:192.168.157.204:36829], old=null
2019-09-19 10:28:36,715 [a9be3d64-f69e-4a94-baf4-3c0042568077:group-5D2BCAB2B6DD:LeaderElection52] INFO  impl.RoleInfo (RoleInfo.java:shutdownLeaderElection(134)) - a9be3d64-f69e-4a94-baf4-3c0042568077: shutdown LeaderElection
2019-09-19 10:28:36,715 [a9be3d64-f69e-4a94-baf4-3c0042568077:group-5D2BCAB2B6DD:LeaderElection52] INFO  impl.RaftServerImpl (RaftServerImpl.java:setRole(171)) - a9be3d64-f69e-4a94-baf4-3c0042568077:group-5D2BCAB2B6DD changes role from CANDIDATE to LEADER at term 1 for changeToLeader
2019-09-19 10:28:36,715 [a9be3d64-f69e-4a94-baf4-3c0042568077:group-5D2BCAB2B6DD:LeaderElection52] INFO  impl.RaftServerImpl (ServerState.java:setLeader(263)) - a9be3d64-f69e-4a94-baf4-3c0042568077:group-5D2BCAB2B6DD change Leader from null to a9be3d64-f69e-4a94-baf4-3c0042568077 at term 1 for becomeLeader, leader elected after 5143ms
2019-09-19 10:28:36,716 [a9be3d64-f69e-4a94-baf4-3c0042568077:group-5D2BCAB2B6DD:LeaderElection52] INFO  server.RaftServerConfigKeys (ConfUtils.java:logGet(43)) - raft.server.staging.catchup.gap = 1000 (default)
2019-09-19 10:28:36,716 [a9be3d64-f69e-4a94-baf4-3c0042568077:group-5D2BCAB2B6DD:LeaderElection52] INFO  server.RaftServerConfigKeys (ConfUtils.java:logGet(43)) - raft.server.rpc.sleep.time = 25ms (default)
2019-09-19 10:28:36,716 [a9be3d64-f69e-4a94-baf4-3c0042568077:group-5D2BCAB2B6DD:LeaderElection52] INFO  server.RaftServerConfigKeys (ConfUtils.java:logGet(43)) - raft.server.write.element-limit = 4096 (default)
2019-09-19 10:28:36,716 [a9be3d64-f69e-4a94-baf4-3c0042568077:group-5D2BCAB2B6DD:LeaderElection52] INFO  server.RaftServerConfigKeys (ConfUtils.java:logGet(43)) - raft.server.watch.timeout = 10s (default)
2019-09-19 10:28:36,716 [a9be3d64-f69e-4a94-baf4-3c0042568077:group-5D2BCAB2B6DD:LeaderElection52] INFO  server.RaftServerConfigKeys (ConfUtils.java:logGet(43)) - raft.server.watch.timeout.denomination = 1s (default)
2019-09-19 10:28:36,716 [a9be3d64-f69e-4a94-baf4-3c0042568077:group-5D2BCAB2B6DD:LeaderElection52] INFO  server.RaftServerConfigKeys (ConfUtils.java:logGet(43)) - raft.server.watch.element-limit = 65536 (default)
2019-09-19 10:28:36,717 [a9be3d64-f69e-4a94-baf4-3c0042568077:group-5D2BCAB2B6DD:LeaderElection52] INFO  impl.RoleInfo (RoleInfo.java:updateAndGet(143)) - a9be3d64-f69e-4a94-baf4-3c0042568077: start LeaderState
2019-09-19 10:28:36,717 [a9be3d64-f69e-4a94-baf4-3c0042568077:group-5D2BCAB2B6DD:LeaderElection52] INFO  segmented.SegmentedRaftLogWorker (SegmentedRaftLogWorker.java:startLogSegment(380)) - a9be3d64-f69e-4a94-baf4-3c0042568077-SegmentedRaftLogWorker:Storage Directory /workdir/hadoop-ozone/ozonefs/target/test-dir/MiniOzoneClusterImpl-e7cad2d7-1ecb-4c95-8765-1dbadc3630b8/datanode-2/data/ratis/99a211e3-917d-4e44-a057-5d2bcab2b6dd: Starting segment from index:0
2019-09-19 10:28:36,718 [a9be3d64-f69e-4a94-baf4-3c0042568077:group-5D2BCAB2B6DD:LeaderElection52] INFO  impl.RaftServerImpl (ServerState.java:setRaftConf(361)) - a9be3d64-f69e-4a94-baf4-3c0042568077:group-5D2BCAB2B6DD set configuration 0: [a9be3d64-f69e-4a94-baf4-3c0042568077:192.168.157.204:36829], old=null at 0
2019-09-19 10:28:36,729 [Thread-756] INFO  impl.FollowerState (FollowerState.java:run(106)) - a9be3d64-f69e-4a94-baf4-3c0042568077:group-1F08D8C60A15 changes to CANDIDATE, lastRpcTime:5197, electionTimeout:5197ms
2019-09-19 10:28:36,729 [Thread-756] INFO  impl.RoleInfo (RoleInfo.java:shutdownFollowerState(121)) - a9be3d64-f69e-4a94-baf4-3c0042568077: shutdown FollowerState
2019-09-19 10:28:36,729 [Thread-756] INFO  impl.RaftServerImpl (RaftServerImpl.java:setRole(171)) - a9be3d64-f69e-4a94-baf4-3c0042568077:group-1F08D8C60A15 changes role from FOLLOWER to CANDIDATE at term 0 for changeToCandidate
2019-09-19 10:28:36,729 [Thread-756] INFO  impl.RoleInfo (RoleInfo.java:updateAndGet(143)) - a9be3d64-f69e-4a94-baf4-3c0042568077: start LeaderElection
2019-09-19 10:28:36,756 [a9be3d64-f69e-4a94-baf4-3c0042568077-SegmentedRaftLogWorker:Storage Directory /workdir/hadoop-ozone/ozonefs/target/test-dir/MiniOzoneClusterImpl-e7cad2d7-1ecb-4c95-8765-1dbadc3630b8/datanode-2/data/ratis/99a211e3-917d-4e44-a057-5d2bcab2b6dd] INFO  segmented.SegmentedRaftLogWorker (SegmentedRaftLogWorker.java:execute(569)) - a9be3d64-f69e-4a94-baf4-3c0042568077-SegmentedRaftLogWorker:Storage Directory /workdir/hadoop-ozone/ozonefs/target/test-dir/MiniOzoneClusterImpl-e7cad2d7-1ecb-4c95-8765-1dbadc3630b8/datanode-2/data/ratis/99a211e3-917d-4e44-a057-5d2bcab2b6dd: created new log segment /workdir/hadoop-ozone/ozonefs/target/test-dir/MiniOzoneClusterImpl-e7cad2d7-1ecb-4c95-8765-1dbadc3630b8/datanode-2/data/ratis/99a211e3-917d-4e44-a057-5d2bcab2b6dd/current/log_inprogress_0
2019-09-19 10:28:36,756 [a9be3d64-f69e-4a94-baf4-3c0042568077:group-1F08D8C60A15:LeaderElection53] INFO  impl.LeaderElection (LeaderElection.java:askForVotes(181)) - a9be3d64-f69e-4a94-baf4-3c0042568077:group-1F08D8C60A15:LeaderElection53: begin an election at term 1 for -1: [a9be3d64-f69e-4a94-baf4-3c0042568077:192.168.157.204:36829], old=null
2019-09-19 10:28:36,756 [a9be3d64-f69e-4a94-baf4-3c0042568077:group-1F08D8C60A15:LeaderElection53] INFO  impl.RoleInfo (RoleInfo.java:shutdownLeaderElection(134)) - a9be3d64-f69e-4a94-baf4-3c0042568077: shutdown LeaderElection
2019-09-19 10:28:36,757 [a9be3d64-f69e-4a94-baf4-3c0042568077:group-1F08D8C60A15:LeaderElection53] INFO  impl.RaftServerImpl (RaftServerImpl.java:setRole(171)) - a9be3d64-f69e-4a94-baf4-3c0042568077:group-1F08D8C60A15 changes role from CANDIDATE to LEADER at term 1 for changeToLeader
2019-09-19 10:28:36,757 [a9be3d64-f69e-4a94-baf4-3c0042568077:group-1F08D8C60A15:LeaderElection53] INFO  impl.RaftServerImpl (ServerState.java:setLeader(263)) - a9be3d64-f69e-4a94-baf4-3c0042568077:group-1F08D8C60A15 change Leader from null to a9be3d64-f69e-4a94-baf4-3c0042568077 at term 1 for becomeLeader, leader elected after 5229ms
2019-09-19 10:28:36,757 [a9be3d64-f69e-4a94-baf4-3c0042568077:group-1F08D8C60A15:LeaderElection53] INFO  server.RaftServerConfigKeys (ConfUtils.java:logGet(43)) - raft.server.staging.catchup.gap = 1000 (default)
2019-09-19 10:28:36,757 [a9be3d64-f69e-4a94-baf4-3c0042568077:group-1F08D8C60A15:LeaderElection53] INFO  server.RaftServerConfigKeys (ConfUtils.java:logGet(43)) - raft.server.rpc.sleep.time = 25ms (default)
2019-09-19 10:28:36,757 [a9be3d64-f69e-4a94-baf4-3c0042568077:group-1F08D8C60A15:LeaderElection53] INFO  server.RaftServerConfigKeys (ConfUtils.java:logGet(43)) - raft.server.write.element-limit = 4096 (default)
2019-09-19 10:28:36,757 [a9be3d64-f69e-4a94-baf4-3c0042568077:group-1F08D8C60A15:LeaderElection53] INFO  server.RaftServerConfigKeys (ConfUtils.java:logGet(43)) - raft.server.watch.timeout = 10s (default)
2019-09-19 10:28:36,758 [a9be3d64-f69e-4a94-baf4-3c0042568077:group-1F08D8C60A15:LeaderElection53] INFO  server.RaftServerConfigKeys (ConfUtils.java:logGet(43)) - raft.server.watch.timeout.denomination = 1s (default)
2019-09-19 10:28:36,758 [a9be3d64-f69e-4a94-baf4-3c0042568077:group-1F08D8C60A15:LeaderElection53] INFO  server.RaftServerConfigKeys (ConfUtils.java:logGet(43)) - raft.server.watch.element-limit = 65536 (default)
2019-09-19 10:28:36,758 [a9be3d64-f69e-4a94-baf4-3c0042568077:group-1F08D8C60A15:LeaderElection53] INFO  impl.RoleInfo (RoleInfo.java:updateAndGet(143)) - a9be3d64-f69e-4a94-baf4-3c0042568077: start LeaderState
2019-09-19 10:28:36,758 [a9be3d64-f69e-4a94-baf4-3c0042568077:group-1F08D8C60A15:LeaderElection53] INFO  segmented.SegmentedRaftLogWorker (SegmentedRaftLogWorker.java:startLogSegment(380)) - a9be3d64-f69e-4a94-baf4-3c0042568077-SegmentedRaftLogWorker:Storage Directory /workdir/hadoop-ozone/ozonefs/target/test-dir/MiniOzoneClusterImpl-e7cad2d7-1ecb-4c95-8765-1dbadc3630b8/datanode-2/data/ratis/136fb739-5d1b-40ec-adb0-1f08d8c60a15: Starting segment from index:0
2019-09-19 10:28:36,759 [a9be3d64-f69e-4a94-baf4-3c0042568077:group-1F08D8C60A15:LeaderElection53] INFO  impl.RaftServerImpl (ServerState.java:setRaftConf(361)) - a9be3d64-f69e-4a94-baf4-3c0042568077:group-1F08D8C60A15 set configuration 0: [a9be3d64-f69e-4a94-baf4-3c0042568077:192.168.157.204:36829], old=null at 0
2019-09-19 10:28:36,790 [a9be3d64-f69e-4a94-baf4-3c0042568077-SegmentedRaftLogWorker:Storage Directory /workdir/hadoop-ozone/ozonefs/target/test-dir/MiniOzoneClusterImpl-e7cad2d7-1ecb-4c95-8765-1dbadc3630b8/datanode-2/data/ratis/136fb739-5d1b-40ec-adb0-1f08d8c60a15] INFO  segmented.SegmentedRaftLogWorker (SegmentedRaftLogWorker.java:execute(569)) - a9be3d64-f69e-4a94-baf4-3c0042568077-SegmentedRaftLogWorker:Storage Directory /workdir/hadoop-ozone/ozonefs/target/test-dir/MiniOzoneClusterImpl-e7cad2d7-1ecb-4c95-8765-1dbadc3630b8/datanode-2/data/ratis/136fb739-5d1b-40ec-adb0-1f08d8c60a15: created new log segment /workdir/hadoop-ozone/ozonefs/target/test-dir/MiniOzoneClusterImpl-e7cad2d7-1ecb-4c95-8765-1dbadc3630b8/datanode-2/data/ratis/136fb739-5d1b-40ec-adb0-1f08d8c60a15/current/log_inprogress_0
2019-09-19 10:28:36,842 [Thread-765] INFO  impl.FollowerState (FollowerState.java:run(106)) - a9be3d64-f69e-4a94-baf4-3c0042568077:group-EEC0CA02C91F changes to CANDIDATE, lastRpcTime:5187, electionTimeout:5187ms
2019-09-19 10:28:36,842 [Thread-765] INFO  impl.RoleInfo (RoleInfo.java:shutdownFollowerState(121)) - a9be3d64-f69e-4a94-baf4-3c0042568077: shutdown FollowerState
2019-09-19 10:28:36,842 [Thread-765] INFO  impl.RaftServerImpl (RaftServerImpl.java:setRole(171)) - a9be3d64-f69e-4a94-baf4-3c0042568077:group-EEC0CA02C91F changes role from FOLLOWER to CANDIDATE at term 0 for changeToCandidate
2019-09-19 10:28:36,842 [Thread-765] INFO  impl.RoleInfo (RoleInfo.java:updateAndGet(143)) - a9be3d64-f69e-4a94-baf4-3c0042568077: start LeaderElection
2019-09-19 10:28:36,858 [a9be3d64-f69e-4a94-baf4-3c0042568077:group-EEC0CA02C91F:LeaderElection54] INFO  impl.LeaderElection (LeaderElection.java:askForVotes(181)) - a9be3d64-f69e-4a94-baf4-3c0042568077:group-EEC0CA02C91F:LeaderElection54: begin an election at term 1 for -1: [a9be3d64-f69e-4a94-baf4-3c0042568077:192.168.157.204:36829], old=null
2019-09-19 10:28:36,858 [a9be3d64-f69e-4a94-baf4-3c0042568077:group-EEC0CA02C91F:LeaderElection54] INFO  impl.RoleInfo (RoleInfo.java:shutdownLeaderElection(134)) - a9be3d64-f69e-4a94-baf4-3c0042568077: shutdown LeaderElection
2019-09-19 10:28:36,858 [a9be3d64-f69e-4a94-baf4-3c0042568077:group-EEC0CA02C91F:LeaderElection54] INFO  impl.RaftServerImpl (RaftServerImpl.java:setRole(171)) - a9be3d64-f69e-4a94-baf4-3c0042568077:group-EEC0CA02C91F changes role from CANDIDATE to LEADER at term 1 for changeToLeader
2019-09-19 10:28:36,859 [a9be3d64-f69e-4a94-baf4-3c0042568077:group-EEC0CA02C91F:LeaderElection54] INFO  impl.RaftServerImpl (ServerState.java:setLeader(263)) - a9be3d64-f69e-4a94-baf4-3c0042568077:group-EEC0CA02C91F change Leader from null to a9be3d64-f69e-4a94-baf4-3c0042568077 at term 1 for becomeLeader, leader elected after 5207ms
2019-09-19 10:28:36,859 [a9be3d64-f69e-4a94-baf4-3c0042568077:group-EEC0CA02C91F:LeaderElection54] INFO  server.RaftServerConfigKeys (ConfUtils.java:logGet(43)) - raft.server.staging.catchup.gap = 1000 (default)
2019-09-19 10:28:36,859 [a9be3d64-f69e-4a94-baf4-3c0042568077:group-EEC0CA02C91F:LeaderElection54] INFO  server.RaftServerConfigKeys (ConfUtils.java:logGet(43)) - raft.server.rpc.sleep.time = 25ms (default)
2019-09-19 10:28:36,859 [a9be3d64-f69e-4a94-baf4-3c0042568077:group-EEC0CA02C91F:LeaderElection54] INFO  server.RaftServerConfigKeys (ConfUtils.java:logGet(43)) - raft.server.write.element-limit = 4096 (default)
2019-09-19 10:28:36,859 [a9be3d64-f69e-4a94-baf4-3c0042568077:group-EEC0CA02C91F:LeaderElection54] INFO  server.RaftServerConfigKeys (ConfUtils.java:logGet(43)) - raft.server.watch.timeout = 10s (default)
2019-09-19 10:28:36,860 [a9be3d64-f69e-4a94-baf4-3c0042568077:group-EEC0CA02C91F:LeaderElection54] INFO  server.RaftServerConfigKeys (ConfUtils.java:logGet(43)) - raft.server.watch.timeout.denomination = 1s (default)
2019-09-19 10:28:36,860 [a9be3d64-f69e-4a94-baf4-3c0042568077:group-EEC0CA02C91F:LeaderElection54] INFO  server.RaftServerConfigKeys (ConfUtils.java:logGet(43)) - raft.server.watch.element-limit = 65536 (default)
2019-09-19 10:28:36,860 [a9be3d64-f69e-4a94-baf4-3c0042568077:group-EEC0CA02C91F:LeaderElection54] INFO  impl.RoleInfo (RoleInfo.java:updateAndGet(143)) - a9be3d64-f69e-4a94-baf4-3c0042568077: start LeaderState
2019-09-19 10:28:36,860 [a9be3d64-f69e-4a94-baf4-3c0042568077:group-EEC0CA02C91F:LeaderElection54] INFO  segmented.SegmentedRaftLogWorker (SegmentedRaftLogWorker.java:startLogSegment(380)) - a9be3d64-f69e-4a94-baf4-3c0042568077-SegmentedRaftLogWorker:Storage Directory /workdir/hadoop-ozone/ozonefs/target/test-dir/MiniOzoneClusterImpl-e7cad2d7-1ecb-4c95-8765-1dbadc3630b8/datanode-2/data/ratis/8f587536-ab35-4ab8-a2d4-eec0ca02c91f: Starting segment from index:0
2019-09-19 10:28:36,861 [a9be3d64-f69e-4a94-baf4-3c0042568077:group-EEC0CA02C91F:LeaderElection54] INFO  impl.RaftServerImpl (ServerState.java:setRaftConf(361)) - a9be3d64-f69e-4a94-baf4-3c0042568077:group-EEC0CA02C91F set configuration 0: [a9be3d64-f69e-4a94-baf4-3c0042568077:192.168.157.204:36829], old=null at 0
2019-09-19 10:28:36,908 [a9be3d64-f69e-4a94-baf4-3c0042568077-SegmentedRaftLogWorker:Storage Directory /workdir/hadoop-ozone/ozonefs/target/test-dir/MiniOzoneClusterImpl-e7cad2d7-1ecb-4c95-8765-1dbadc3630b8/datanode-2/data/ratis/8f587536-ab35-4ab8-a2d4-eec0ca02c91f] INFO  segmented.SegmentedRaftLogWorker (SegmentedRaftLogWorker.java:execute(569)) - a9be3d64-f69e-4a94-baf4-3c0042568077-SegmentedRaftLogWorker:Storage Directory /workdir/hadoop-ozone/ozonefs/target/test-dir/MiniOzoneClusterImpl-e7cad2d7-1ecb-4c95-8765-1dbadc3630b8/datanode-2/data/ratis/8f587536-ab35-4ab8-a2d4-eec0ca02c91f: created new log segment /workdir/hadoop-ozone/ozonefs/target/test-dir/MiniOzoneClusterImpl-e7cad2d7-1ecb-4c95-8765-1dbadc3630b8/datanode-2/data/ratis/8f587536-ab35-4ab8-a2d4-eec0ca02c91f/current/log_inprogress_0
2019-09-19 10:28:37,305 | INFO  | SCMAudit | user=jenkins1000 | ip=192.168.157.204 | op=SEND_HEARTBEAT {datanodeUUID=a9be3d64-f69e-4a94-baf4-3c0042568077, command=[]} | ret=SUCCESS |  
2019-09-19 10:28:37,591 [ForkJoinPool.commonPool-worker-0] INFO  ozoneimpl.OzoneContainer (OzoneContainer.java:stop(199)) - Attempting to stop container services.
2019-09-19 10:28:37,591 [Thread-540] INFO  ozoneimpl.OzoneContainer (OzoneContainer.java:stop(199)) - Attempting to stop container services.
2019-09-19 10:28:37,591 [ForkJoinPool.commonPool-worker-0] INFO  impl.RaftServerProxy (RaftServerProxy.java:lambda$close$4(314)) - a8d7ae7c-be33-4d4e-8089-c7ad9fcb54a5: close
2019-09-19 10:28:37,591 [Thread-540] INFO  impl.RaftServerProxy (RaftServerProxy.java:lambda$close$4(314)) - 9646113d-e532-4156-a8e1-296dca7fce7b: close
2019-09-19 10:28:37,591 [ForkJoinPool.commonPool-worker-0] INFO  impl.RaftServerImpl (RaftServerImpl.java:lambda$shutdown$3(245)) - a8d7ae7c-be33-4d4e-8089-c7ad9fcb54a5: shutdown group-88F68B35C56A
2019-09-19 10:28:37,592 [Thread-540] INFO  impl.RaftServerImpl (RaftServerImpl.java:lambda$shutdown$3(245)) - 9646113d-e532-4156-a8e1-296dca7fce7b: shutdown group-83750CFBB8DC
2019-09-19 10:28:37,592 [ForkJoinPool.commonPool-worker-0] INFO  util.JmxRegister (JmxRegister.java:unregister(73)) - Successfully un-registered JMX Bean with object name Ratis:service=RaftServer,group=group-88F68B35C56A,id=a8d7ae7c-be33-4d4e-8089-c7ad9fcb54a5
2019-09-19 10:28:37,592 [Thread-540] INFO  util.JmxRegister (JmxRegister.java:unregister(73)) - Successfully un-registered JMX Bean with object name Ratis:service=RaftServer,group=group-83750CFBB8DC,id=9646113d-e532-4156-a8e1-296dca7fce7b
2019-09-19 10:28:37,592 [ForkJoinPool.commonPool-worker-0] INFO  impl.RoleInfo (RoleInfo.java:shutdownLeaderState(104)) - a8d7ae7c-be33-4d4e-8089-c7ad9fcb54a5: shutdown LeaderState
2019-09-19 10:28:37,592 [Thread-540] INFO  impl.RoleInfo (RoleInfo.java:shutdownLeaderState(104)) - 9646113d-e532-4156-a8e1-296dca7fce7b: shutdown LeaderState
2019-09-19 10:28:37,593 [ForkJoinPool.commonPool-worker-0] INFO  impl.PendingRequests (PendingRequests.java:sendNotLeaderResponses(202)) - a8d7ae7c-be33-4d4e-8089-c7ad9fcb54a5-PendingRequests: sendNotLeaderResponses
2019-09-19 10:28:37,593 [Thread-540] INFO  impl.PendingRequests (PendingRequests.java:sendNotLeaderResponses(202)) - 9646113d-e532-4156-a8e1-296dca7fce7b-PendingRequests: sendNotLeaderResponses
2019-09-19 10:28:37,593 [ForkJoinPool.commonPool-worker-0] INFO  impl.StateMachineUpdater (StateMachineUpdater.java:stopAndJoin(115)) - StateMachineUpdater:a8d7ae7c-be33-4d4e-8089-c7ad9fcb54a5:group-88F68B35C56A: set stopIndex = 0
2019-09-19 10:28:37,593 [Thread-540] INFO  impl.StateMachineUpdater (StateMachineUpdater.java:stopAndJoin(115)) - StateMachineUpdater:9646113d-e532-4156-a8e1-296dca7fce7b:group-83750CFBB8DC: set stopIndex = 0
2019-09-19 10:28:37,593 [ForkJoinPool.commonPool-worker-0] INFO  impl.RaftServerImpl (ServerState.java:close(394)) - a8d7ae7c-be33-4d4e-8089-c7ad9fcb54a5:group-88F68B35C56A closes. The last applied log index is 0
2019-09-19 10:28:37,593 [Thread-540] INFO  impl.RaftServerImpl (ServerState.java:close(394)) - 9646113d-e532-4156-a8e1-296dca7fce7b:group-83750CFBB8DC closes. The last applied log index is 0
2019-09-19 10:28:37,594 [a8d7ae7c-be33-4d4e-8089-c7ad9fcb54a5-SegmentedRaftLogWorker:Storage Directory /workdir/hadoop-ozone/ozonefs/target/test-dir/MiniOzoneClusterImpl-e7cad2d7-1ecb-4c95-8765-1dbadc3630b8/datanode-0/data/ratis/0348f2a7-7160-4e93-9606-88f68b35c56a] INFO  segmented.SegmentedRaftLogWorker (SegmentedRaftLogWorker.java:run(313)) - a8d7ae7c-be33-4d4e-8089-c7ad9fcb54a5-SegmentedRaftLogWorker:Storage Directory /workdir/hadoop-ozone/ozonefs/target/test-dir/MiniOzoneClusterImpl-e7cad2d7-1ecb-4c95-8765-1dbadc3630b8/datanode-0/data/ratis/0348f2a7-7160-4e93-9606-88f68b35c56a was interrupted, exiting. There are 0 tasks remaining in the queue.
2019-09-19 10:28:37,594 [9646113d-e532-4156-a8e1-296dca7fce7b-SegmentedRaftLogWorker:Storage Directory /workdir/hadoop-ozone/ozonefs/target/test-dir/MiniOzoneClusterImpl-e7cad2d7-1ecb-4c95-8765-1dbadc3630b8/datanode-1/data/ratis/0705c1a2-a372-4061-a9a7-83750cfbb8dc] INFO  segmented.SegmentedRaftLogWorker (SegmentedRaftLogWorker.java:run(313)) - 9646113d-e532-4156-a8e1-296dca7fce7b-SegmentedRaftLogWorker:Storage Directory /workdir/hadoop-ozone/ozonefs/target/test-dir/MiniOzoneClusterImpl-e7cad2d7-1ecb-4c95-8765-1dbadc3630b8/datanode-1/data/ratis/0705c1a2-a372-4061-a9a7-83750cfbb8dc was interrupted, exiting. There are 0 tasks remaining in the queue.
2019-09-19 10:28:37,594 [ForkJoinPool.commonPool-worker-0] INFO  segmented.SegmentedRaftLogWorker (SegmentedRaftLogWorker.java:close(228)) - a8d7ae7c-be33-4d4e-8089-c7ad9fcb54a5-SegmentedRaftLogWorker:Storage Directory /workdir/hadoop-ozone/ozonefs/target/test-dir/MiniOzoneClusterImpl-e7cad2d7-1ecb-4c95-8765-1dbadc3630b8/datanode-0/data/ratis/0348f2a7-7160-4e93-9606-88f68b35c56a close()
2019-09-19 10:28:37,594 [Thread-540] INFO  segmented.SegmentedRaftLogWorker (SegmentedRaftLogWorker.java:close(228)) - 9646113d-e532-4156-a8e1-296dca7fce7b-SegmentedRaftLogWorker:Storage Directory /workdir/hadoop-ozone/ozonefs/target/test-dir/MiniOzoneClusterImpl-e7cad2d7-1ecb-4c95-8765-1dbadc3630b8/datanode-1/data/ratis/0705c1a2-a372-4061-a9a7-83750cfbb8dc close()
2019-09-19 10:28:37,596 [ForkJoinPool.commonPool-worker-0] INFO  impl.RaftServerImpl (RaftServerImpl.java:lambda$shutdown$3(245)) - a8d7ae7c-be33-4d4e-8089-c7ad9fcb54a5: shutdown group-4D8DAFA90185
2019-09-19 10:28:37,597 [Thread-540] INFO  impl.RaftServerImpl (RaftServerImpl.java:lambda$shutdown$3(245)) - 9646113d-e532-4156-a8e1-296dca7fce7b: shutdown group-7804032FCA4A
2019-09-19 10:28:37,597 [ForkJoinPool.commonPool-worker-0] INFO  util.JmxRegister (JmxRegister.java:unregister(73)) - Successfully un-registered JMX Bean with object name Ratis:service=RaftServer,group=group-4D8DAFA90185,id=a8d7ae7c-be33-4d4e-8089-c7ad9fcb54a5
2019-09-19 10:28:37,597 [ForkJoinPool.commonPool-worker-0] INFO  impl.RoleInfo (RoleInfo.java:shutdownLeaderState(104)) - a8d7ae7c-be33-4d4e-8089-c7ad9fcb54a5: shutdown LeaderState
2019-09-19 10:28:37,597 [Thread-540] INFO  util.JmxRegister (JmxRegister.java:unregister(73)) - Successfully un-registered JMX Bean with object name Ratis:service=RaftServer,group=group-7804032FCA4A,id=9646113d-e532-4156-a8e1-296dca7fce7b
2019-09-19 10:28:37,598 [ForkJoinPool.commonPool-worker-0] INFO  impl.PendingRequests (PendingRequests.java:sendNotLeaderResponses(202)) - a8d7ae7c-be33-4d4e-8089-c7ad9fcb54a5-PendingRequests: sendNotLeaderResponses
2019-09-19 10:28:37,598 [Thread-540] INFO  impl.RoleInfo (RoleInfo.java:shutdownLeaderState(104)) - 9646113d-e532-4156-a8e1-296dca7fce7b: shutdown LeaderState
2019-09-19 10:28:37,598 [ForkJoinPool.commonPool-worker-0] INFO  impl.StateMachineUpdater (StateMachineUpdater.java:stopAndJoin(115)) - StateMachineUpdater:a8d7ae7c-be33-4d4e-8089-c7ad9fcb54a5:group-4D8DAFA90185: set stopIndex = 0
2019-09-19 10:28:37,598 [Thread-540] INFO  impl.PendingRequests (PendingRequests.java:sendNotLeaderResponses(202)) - 9646113d-e532-4156-a8e1-296dca7fce7b-PendingRequests: sendNotLeaderResponses
2019-09-19 10:28:37,598 [ForkJoinPool.commonPool-worker-0] INFO  impl.RaftServerImpl (ServerState.java:close(394)) - a8d7ae7c-be33-4d4e-8089-c7ad9fcb54a5:group-4D8DAFA90185 closes. The last applied log index is 0
2019-09-19 10:28:37,599 [Thread-540] INFO  impl.StateMachineUpdater (StateMachineUpdater.java:stopAndJoin(115)) - StateMachineUpdater:9646113d-e532-4156-a8e1-296dca7fce7b:group-7804032FCA4A: set stopIndex = 0
2019-09-19 10:28:37,599 [a8d7ae7c-be33-4d4e-8089-c7ad9fcb54a5-SegmentedRaftLogWorker:Storage Directory /workdir/hadoop-ozone/ozonefs/target/test-dir/MiniOzoneClusterImpl-e7cad2d7-1ecb-4c95-8765-1dbadc3630b8/datanode-0/data/ratis/e6253dc8-9f8f-49d9-8fc0-4d8dafa90185] INFO  segmented.SegmentedRaftLogWorker (SegmentedRaftLogWorker.java:run(313)) - a8d7ae7c-be33-4d4e-8089-c7ad9fcb54a5-SegmentedRaftLogWorker:Storage Directory /workdir/hadoop-ozone/ozonefs/target/test-dir/MiniOzoneClusterImpl-e7cad2d7-1ecb-4c95-8765-1dbadc3630b8/datanode-0/data/ratis/e6253dc8-9f8f-49d9-8fc0-4d8dafa90185 was interrupted, exiting. There are 0 tasks remaining in the queue.
2019-09-19 10:28:37,599 [Thread-540] INFO  impl.RaftServerImpl (ServerState.java:close(394)) - 9646113d-e532-4156-a8e1-296dca7fce7b:group-7804032FCA4A closes. The last applied log index is 0
2019-09-19 10:28:37,599 [ForkJoinPool.commonPool-worker-0] INFO  segmented.SegmentedRaftLogWorker (SegmentedRaftLogWorker.java:close(228)) - a8d7ae7c-be33-4d4e-8089-c7ad9fcb54a5-SegmentedRaftLogWorker:Storage Directory /workdir/hadoop-ozone/ozonefs/target/test-dir/MiniOzoneClusterImpl-e7cad2d7-1ecb-4c95-8765-1dbadc3630b8/datanode-0/data/ratis/e6253dc8-9f8f-49d9-8fc0-4d8dafa90185 close()
2019-09-19 10:28:37,599 [9646113d-e532-4156-a8e1-296dca7fce7b-SegmentedRaftLogWorker:Storage Directory /workdir/hadoop-ozone/ozonefs/target/test-dir/MiniOzoneClusterImpl-e7cad2d7-1ecb-4c95-8765-1dbadc3630b8/datanode-1/data/ratis/18b40408-2d1c-49d0-ae20-7804032fca4a] INFO  segmented.SegmentedRaftLogWorker (SegmentedRaftLogWorker.java:run(313)) - 9646113d-e532-4156-a8e1-296dca7fce7b-SegmentedRaftLogWorker:Storage Directory /workdir/hadoop-ozone/ozonefs/target/test-dir/MiniOzoneClusterImpl-e7cad2d7-1ecb-4c95-8765-1dbadc3630b8/datanode-1/data/ratis/18b40408-2d1c-49d0-ae20-7804032fca4a was interrupted, exiting. There are 0 tasks remaining in the queue.
2019-09-19 10:28:37,600 [ForkJoinPool.commonPool-worker-0] INFO  impl.RaftServerImpl (RaftServerImpl.java:lambda$shutdown$3(245)) - a8d7ae7c-be33-4d4e-8089-c7ad9fcb54a5: shutdown group-F386F130056B
2019-09-19 10:28:37,601 [Thread-540] INFO  segmented.SegmentedRaftLogWorker (SegmentedRaftLogWorker.java:close(228)) - 9646113d-e532-4156-a8e1-296dca7fce7b-SegmentedRaftLogWorker:Storage Directory /workdir/hadoop-ozone/ozonefs/target/test-dir/MiniOzoneClusterImpl-e7cad2d7-1ecb-4c95-8765-1dbadc3630b8/datanode-1/data/ratis/18b40408-2d1c-49d0-ae20-7804032fca4a close()
2019-09-19 10:28:37,601 [ForkJoinPool.commonPool-worker-0] INFO  util.JmxRegister (JmxRegister.java:unregister(73)) - Successfully un-registered JMX Bean with object name Ratis:service=RaftServer,group=group-F386F130056B,id=a8d7ae7c-be33-4d4e-8089-c7ad9fcb54a5
2019-09-19 10:28:37,602 [Thread-540] INFO  impl.RaftServerImpl (RaftServerImpl.java:lambda$shutdown$3(245)) - 9646113d-e532-4156-a8e1-296dca7fce7b: shutdown group-6FB26D1A30F6
2019-09-19 10:28:37,602 [ForkJoinPool.commonPool-worker-0] INFO  impl.RoleInfo (RoleInfo.java:shutdownLeaderState(104)) - a8d7ae7c-be33-4d4e-8089-c7ad9fcb54a5: shutdown LeaderState
2019-09-19 10:28:37,602 [Thread-540] INFO  util.JmxRegister (JmxRegister.java:unregister(73)) - Successfully un-registered JMX Bean with object name Ratis:service=RaftServer,group=group-6FB26D1A30F6,id=9646113d-e532-4156-a8e1-296dca7fce7b
2019-09-19 10:28:37,602 [ForkJoinPool.commonPool-worker-0] INFO  impl.PendingRequests (PendingRequests.java:sendNotLeaderResponses(202)) - a8d7ae7c-be33-4d4e-8089-c7ad9fcb54a5-PendingRequests: sendNotLeaderResponses
2019-09-19 10:28:37,602 [Thread-540] INFO  impl.RoleInfo (RoleInfo.java:shutdownLeaderState(104)) - 9646113d-e532-4156-a8e1-296dca7fce7b: shutdown LeaderState
2019-09-19 10:28:37,603 [ForkJoinPool.commonPool-worker-0] INFO  impl.StateMachineUpdater (StateMachineUpdater.java:stopAndJoin(115)) - StateMachineUpdater:a8d7ae7c-be33-4d4e-8089-c7ad9fcb54a5:group-F386F130056B: set stopIndex = 0
2019-09-19 10:28:37,603 [Thread-540] INFO  impl.PendingRequests (PendingRequests.java:sendNotLeaderResponses(202)) - 9646113d-e532-4156-a8e1-296dca7fce7b-PendingRequests: sendNotLeaderResponses
2019-09-19 10:28:37,603 [ForkJoinPool.commonPool-worker-0] INFO  impl.RaftServerImpl (ServerState.java:close(394)) - a8d7ae7c-be33-4d4e-8089-c7ad9fcb54a5:group-F386F130056B closes. The last applied log index is 0
2019-09-19 10:28:37,603 [Thread-540] INFO  impl.StateMachineUpdater (StateMachineUpdater.java:stopAndJoin(115)) - StateMachineUpdater:9646113d-e532-4156-a8e1-296dca7fce7b:group-6FB26D1A30F6: set stopIndex = 0
2019-09-19 10:28:37,603 [Thread-540] INFO  impl.RaftServerImpl (ServerState.java:close(394)) - 9646113d-e532-4156-a8e1-296dca7fce7b:group-6FB26D1A30F6 closes. The last applied log index is 0
2019-09-19 10:28:37,603 [a8d7ae7c-be33-4d4e-8089-c7ad9fcb54a5-SegmentedRaftLogWorker:Storage Directory /workdir/hadoop-ozone/ozonefs/target/test-dir/MiniOzoneClusterImpl-e7cad2d7-1ecb-4c95-8765-1dbadc3630b8/datanode-0/data/ratis/2c15f3ac-9054-442f-82b4-f386f130056b] INFO  segmented.SegmentedRaftLogWorker (SegmentedRaftLogWorker.java:run(313)) - a8d7ae7c-be33-4d4e-8089-c7ad9fcb54a5-SegmentedRaftLogWorker:Storage Directory /workdir/hadoop-ozone/ozonefs/target/test-dir/MiniOzoneClusterImpl-e7cad2d7-1ecb-4c95-8765-1dbadc3630b8/datanode-0/data/ratis/2c15f3ac-9054-442f-82b4-f386f130056b was interrupted, exiting. There are 0 tasks remaining in the queue.
2019-09-19 10:28:37,604 [9646113d-e532-4156-a8e1-296dca7fce7b-SegmentedRaftLogWorker:Storage Directory /workdir/hadoop-ozone/ozonefs/target/test-dir/MiniOzoneClusterImpl-e7cad2d7-1ecb-4c95-8765-1dbadc3630b8/datanode-1/data/ratis/08df3e9f-cd58-4777-8072-6fb26d1a30f6] INFO  segmented.SegmentedRaftLogWorker (SegmentedRaftLogWorker.java:run(313)) - 9646113d-e532-4156-a8e1-296dca7fce7b-SegmentedRaftLogWorker:Storage Directory /workdir/hadoop-ozone/ozonefs/target/test-dir/MiniOzoneClusterImpl-e7cad2d7-1ecb-4c95-8765-1dbadc3630b8/datanode-1/data/ratis/08df3e9f-cd58-4777-8072-6fb26d1a30f6 was interrupted, exiting. There are 0 tasks remaining in the queue.
2019-09-19 10:28:37,604 [ForkJoinPool.commonPool-worker-0] INFO  segmented.SegmentedRaftLogWorker (SegmentedRaftLogWorker.java:close(228)) - a8d7ae7c-be33-4d4e-8089-c7ad9fcb54a5-SegmentedRaftLogWorker:Storage Directory /workdir/hadoop-ozone/ozonefs/target/test-dir/MiniOzoneClusterImpl-e7cad2d7-1ecb-4c95-8765-1dbadc3630b8/datanode-0/data/ratis/2c15f3ac-9054-442f-82b4-f386f130056b close()
2019-09-19 10:28:37,604 [Thread-540] INFO  segmented.SegmentedRaftLogWorker (SegmentedRaftLogWorker.java:close(228)) - 9646113d-e532-4156-a8e1-296dca7fce7b-SegmentedRaftLogWorker:Storage Directory /workdir/hadoop-ozone/ozonefs/target/test-dir/MiniOzoneClusterImpl-e7cad2d7-1ecb-4c95-8765-1dbadc3630b8/datanode-1/data/ratis/08df3e9f-cd58-4777-8072-6fb26d1a30f6 close()
2019-09-19 10:28:37,605 [ForkJoinPool.commonPool-worker-0] INFO  impl.RaftServerImpl (RaftServerImpl.java:lambda$shutdown$3(245)) - a8d7ae7c-be33-4d4e-8089-c7ad9fcb54a5: shutdown group-15D27DE0D5B4
2019-09-19 10:28:37,606 [Thread-540] INFO  impl.RaftServerImpl (RaftServerImpl.java:lambda$shutdown$3(245)) - 9646113d-e532-4156-a8e1-296dca7fce7b: shutdown group-0B8ECEEDC484
2019-09-19 10:28:37,606 [ForkJoinPool.commonPool-worker-0] INFO  util.JmxRegister (JmxRegister.java:unregister(73)) - Successfully un-registered JMX Bean with object name Ratis:service=RaftServer,group=group-15D27DE0D5B4,id=a8d7ae7c-be33-4d4e-8089-c7ad9fcb54a5
2019-09-19 10:28:37,606 [Thread-540] INFO  util.JmxRegister (JmxRegister.java:unregister(73)) - Successfully un-registered JMX Bean with object name Ratis:service=RaftServer,group=group-0B8ECEEDC484,id=9646113d-e532-4156-a8e1-296dca7fce7b
2019-09-19 10:28:37,607 [ForkJoinPool.commonPool-worker-0] INFO  impl.RoleInfo (RoleInfo.java:shutdownLeaderState(104)) - a8d7ae7c-be33-4d4e-8089-c7ad9fcb54a5: shutdown LeaderState
2019-09-19 10:28:37,607 [Thread-540] INFO  impl.RoleInfo (RoleInfo.java:shutdownLeaderState(104)) - 9646113d-e532-4156-a8e1-296dca7fce7b: shutdown LeaderState
2019-09-19 10:28:37,607 [ForkJoinPool.commonPool-worker-0] INFO  impl.PendingRequests (PendingRequests.java:sendNotLeaderResponses(202)) - a8d7ae7c-be33-4d4e-8089-c7ad9fcb54a5-PendingRequests: sendNotLeaderResponses
2019-09-19 10:28:37,607 [Thread-540] INFO  impl.PendingRequests (PendingRequests.java:sendNotLeaderResponses(202)) - 9646113d-e532-4156-a8e1-296dca7fce7b-PendingRequests: sendNotLeaderResponses
2019-09-19 10:28:37,607 [ForkJoinPool.commonPool-worker-0] INFO  impl.StateMachineUpdater (StateMachineUpdater.java:stopAndJoin(115)) - StateMachineUpdater:a8d7ae7c-be33-4d4e-8089-c7ad9fcb54a5:group-15D27DE0D5B4: set stopIndex = 0
2019-09-19 10:28:37,608 [ForkJoinPool.commonPool-worker-0] INFO  impl.RaftServerImpl (ServerState.java:close(394)) - a8d7ae7c-be33-4d4e-8089-c7ad9fcb54a5:group-15D27DE0D5B4 closes. The last applied log index is 0
2019-09-19 10:28:37,608 [Thread-540] INFO  impl.StateMachineUpdater (StateMachineUpdater.java:stopAndJoin(115)) - StateMachineUpdater:9646113d-e532-4156-a8e1-296dca7fce7b:group-0B8ECEEDC484: set stopIndex = 0
2019-09-19 10:28:37,608 [a8d7ae7c-be33-4d4e-8089-c7ad9fcb54a5-SegmentedRaftLogWorker:Storage Directory /workdir/hadoop-ozone/ozonefs/target/test-dir/MiniOzoneClusterImpl-e7cad2d7-1ecb-4c95-8765-1dbadc3630b8/datanode-0/data/ratis/c0b845a0-a79b-4790-848e-15d27de0d5b4] INFO  segmented.SegmentedRaftLogWorker (SegmentedRaftLogWorker.java:run(313)) - a8d7ae7c-be33-4d4e-8089-c7ad9fcb54a5-SegmentedRaftLogWorker:Storage Directory /workdir/hadoop-ozone/ozonefs/target/test-dir/MiniOzoneClusterImpl-e7cad2d7-1ecb-4c95-8765-1dbadc3630b8/datanode-0/data/ratis/c0b845a0-a79b-4790-848e-15d27de0d5b4 was interrupted, exiting. There are 0 tasks remaining in the queue.
2019-09-19 10:28:37,608 [Thread-540] INFO  impl.RaftServerImpl (ServerState.java:close(394)) - 9646113d-e532-4156-a8e1-296dca7fce7b:group-0B8ECEEDC484 closes. The last applied log index is 0
2019-09-19 10:28:37,608 [ForkJoinPool.commonPool-worker-0] INFO  segmented.SegmentedRaftLogWorker (SegmentedRaftLogWorker.java:close(228)) - a8d7ae7c-be33-4d4e-8089-c7ad9fcb54a5-SegmentedRaftLogWorker:Storage Directory /workdir/hadoop-ozone/ozonefs/target/test-dir/MiniOzoneClusterImpl-e7cad2d7-1ecb-4c95-8765-1dbadc3630b8/datanode-0/data/ratis/c0b845a0-a79b-4790-848e-15d27de0d5b4 close()
2019-09-19 10:28:37,609 [9646113d-e532-4156-a8e1-296dca7fce7b-SegmentedRaftLogWorker:Storage Directory /workdir/hadoop-ozone/ozonefs/target/test-dir/MiniOzoneClusterImpl-e7cad2d7-1ecb-4c95-8765-1dbadc3630b8/datanode-1/data/ratis/7b271ee2-5eca-40be-85df-0b8eceedc484] INFO  segmented.SegmentedRaftLogWorker (SegmentedRaftLogWorker.java:run(313)) - 9646113d-e532-4156-a8e1-296dca7fce7b-SegmentedRaftLogWorker:Storage Directory /workdir/hadoop-ozone/ozonefs/target/test-dir/MiniOzoneClusterImpl-e7cad2d7-1ecb-4c95-8765-1dbadc3630b8/datanode-1/data/ratis/7b271ee2-5eca-40be-85df-0b8eceedc484 was interrupted, exiting. There are 0 tasks remaining in the queue.
2019-09-19 10:28:37,609 [ForkJoinPool.commonPool-worker-0] INFO  impl.RaftServerImpl (RaftServerImpl.java:lambda$shutdown$3(245)) - a8d7ae7c-be33-4d4e-8089-c7ad9fcb54a5: shutdown group-603BFC098E98
2019-09-19 10:28:37,610 [Thread-540] INFO  segmented.SegmentedRaftLogWorker (SegmentedRaftLogWorker.java:close(228)) - 9646113d-e532-4156-a8e1-296dca7fce7b-SegmentedRaftLogWorker:Storage Directory /workdir/hadoop-ozone/ozonefs/target/test-dir/MiniOzoneClusterImpl-e7cad2d7-1ecb-4c95-8765-1dbadc3630b8/datanode-1/data/ratis/7b271ee2-5eca-40be-85df-0b8eceedc484 close()
2019-09-19 10:28:37,610 [ForkJoinPool.commonPool-worker-0] INFO  util.JmxRegister (JmxRegister.java:unregister(73)) - Successfully un-registered JMX Bean with object name Ratis:service=RaftServer,group=group-603BFC098E98,id=a8d7ae7c-be33-4d4e-8089-c7ad9fcb54a5
2019-09-19 10:28:37,611 [Thread-540] INFO  impl.RaftServerImpl (RaftServerImpl.java:lambda$shutdown$3(245)) - 9646113d-e532-4156-a8e1-296dca7fce7b: shutdown group-DBC443767EEF
2019-09-19 10:28:37,611 [ForkJoinPool.commonPool-worker-0] INFO  impl.RoleInfo (RoleInfo.java:shutdownLeaderState(104)) - a8d7ae7c-be33-4d4e-8089-c7ad9fcb54a5: shutdown LeaderState
2019-09-19 10:28:37,611 [Thread-540] INFO  util.JmxRegister (JmxRegister.java:unregister(73)) - Successfully un-registered JMX Bean with object name Ratis:service=RaftServer,group=group-DBC443767EEF,id=9646113d-e532-4156-a8e1-296dca7fce7b
2019-09-19 10:28:37,611 [ForkJoinPool.commonPool-worker-0] INFO  impl.PendingRequests (PendingRequests.java:sendNotLeaderResponses(202)) - a8d7ae7c-be33-4d4e-8089-c7ad9fcb54a5-PendingRequests: sendNotLeaderResponses
2019-09-19 10:28:37,612 [Thread-540] INFO  impl.RoleInfo (RoleInfo.java:shutdownLeaderState(104)) - 9646113d-e532-4156-a8e1-296dca7fce7b: shutdown LeaderState
2019-09-19 10:28:37,612 [ForkJoinPool.commonPool-worker-0] INFO  impl.StateMachineUpdater (StateMachineUpdater.java:stopAndJoin(115)) - StateMachineUpdater:a8d7ae7c-be33-4d4e-8089-c7ad9fcb54a5:group-603BFC098E98: set stopIndex = 0
2019-09-19 10:28:37,612 [Thread-540] INFO  impl.PendingRequests (PendingRequests.java:sendNotLeaderResponses(202)) - 9646113d-e532-4156-a8e1-296dca7fce7b-PendingRequests: sendNotLeaderResponses
2019-09-19 10:28:37,612 [ForkJoinPool.commonPool-worker-0] INFO  impl.RaftServerImpl (ServerState.java:close(394)) - a8d7ae7c-be33-4d4e-8089-c7ad9fcb54a5:group-603BFC098E98 closes. The last applied log index is 0
2019-09-19 10:28:37,612 [Thread-540] INFO  impl.StateMachineUpdater (StateMachineUpdater.java:stopAndJoin(115)) - StateMachineUpdater:9646113d-e532-4156-a8e1-296dca7fce7b:group-DBC443767EEF: set stopIndex = 0
2019-09-19 10:28:37,613 [Thread-540] INFO  impl.RaftServerImpl (ServerState.java:close(394)) - 9646113d-e532-4156-a8e1-296dca7fce7b:group-DBC443767EEF closes. The last applied log index is 0
2019-09-19 10:28:37,613 [a8d7ae7c-be33-4d4e-8089-c7ad9fcb54a5-SegmentedRaftLogWorker:Storage Directory /workdir/hadoop-ozone/ozonefs/target/test-dir/MiniOzoneClusterImpl-e7cad2d7-1ecb-4c95-8765-1dbadc3630b8/datanode-0/data/ratis/113114b8-24a1-4260-80e9-603bfc098e98] INFO  segmented.SegmentedRaftLogWorker (SegmentedRaftLogWorker.java:run(313)) - a8d7ae7c-be33-4d4e-8089-c7ad9fcb54a5-SegmentedRaftLogWorker:Storage Directory /workdir/hadoop-ozone/ozonefs/target/test-dir/MiniOzoneClusterImpl-e7cad2d7-1ecb-4c95-8765-1dbadc3630b8/datanode-0/data/ratis/113114b8-24a1-4260-80e9-603bfc098e98 was interrupted, exiting. There are 0 tasks remaining in the queue.
2019-09-19 10:28:37,613 [9646113d-e532-4156-a8e1-296dca7fce7b-SegmentedRaftLogWorker:Storage Directory /workdir/hadoop-ozone/ozonefs/target/test-dir/MiniOzoneClusterImpl-e7cad2d7-1ecb-4c95-8765-1dbadc3630b8/datanode-1/data/ratis/e13d0b87-6d6e-4ccd-afed-dbc443767eef] INFO  segmented.SegmentedRaftLogWorker (SegmentedRaftLogWorker.java:run(313)) - 9646113d-e532-4156-a8e1-296dca7fce7b-SegmentedRaftLogWorker:Storage Directory /workdir/hadoop-ozone/ozonefs/target/test-dir/MiniOzoneClusterImpl-e7cad2d7-1ecb-4c95-8765-1dbadc3630b8/datanode-1/data/ratis/e13d0b87-6d6e-4ccd-afed-dbc443767eef was interrupted, exiting. There are 0 tasks remaining in the queue.
2019-09-19 10:28:37,613 [ForkJoinPool.commonPool-worker-0] INFO  segmented.SegmentedRaftLogWorker (SegmentedRaftLogWorker.java:close(228)) - a8d7ae7c-be33-4d4e-8089-c7ad9fcb54a5-SegmentedRaftLogWorker:Storage Directory /workdir/hadoop-ozone/ozonefs/target/test-dir/MiniOzoneClusterImpl-e7cad2d7-1ecb-4c95-8765-1dbadc3630b8/datanode-0/data/ratis/113114b8-24a1-4260-80e9-603bfc098e98 close()
2019-09-19 10:28:37,613 [Thread-540] INFO  segmented.SegmentedRaftLogWorker (SegmentedRaftLogWorker.java:close(228)) - 9646113d-e532-4156-a8e1-296dca7fce7b-SegmentedRaftLogWorker:Storage Directory /workdir/hadoop-ozone/ozonefs/target/test-dir/MiniOzoneClusterImpl-e7cad2d7-1ecb-4c95-8765-1dbadc3630b8/datanode-1/data/ratis/e13d0b87-6d6e-4ccd-afed-dbc443767eef close()
2019-09-19 10:28:37,614 [ForkJoinPool.commonPool-worker-0] INFO  impl.RaftServerImpl (RaftServerImpl.java:lambda$shutdown$3(245)) - a8d7ae7c-be33-4d4e-8089-c7ad9fcb54a5: shutdown group-957A1C0D4C92
2019-09-19 10:28:37,615 [Thread-540] INFO  impl.RaftServerImpl (RaftServerImpl.java:lambda$shutdown$3(245)) - 9646113d-e532-4156-a8e1-296dca7fce7b: shutdown group-50A1AA15771F
2019-09-19 10:28:37,615 [ForkJoinPool.commonPool-worker-0] INFO  util.JmxRegister (JmxRegister.java:unregister(73)) - Successfully un-registered JMX Bean with object name Ratis:service=RaftServer,group=group-957A1C0D4C92,id=a8d7ae7c-be33-4d4e-8089-c7ad9fcb54a5
2019-09-19 10:28:37,615 [Thread-540] INFO  util.JmxRegister (JmxRegister.java:unregister(73)) - Successfully un-registered JMX Bean with object name Ratis:service=RaftServer,group=group-50A1AA15771F,id=9646113d-e532-4156-a8e1-296dca7fce7b
2019-09-19 10:28:37,616 [ForkJoinPool.commonPool-worker-0] INFO  impl.RoleInfo (RoleInfo.java:shutdownLeaderState(104)) - a8d7ae7c-be33-4d4e-8089-c7ad9fcb54a5: shutdown LeaderState
2019-09-19 10:28:37,616 [Thread-540] INFO  impl.RoleInfo (RoleInfo.java:shutdownLeaderState(104)) - 9646113d-e532-4156-a8e1-296dca7fce7b: shutdown LeaderState
2019-09-19 10:28:37,616 [ForkJoinPool.commonPool-worker-0] INFO  impl.PendingRequests (PendingRequests.java:sendNotLeaderResponses(202)) - a8d7ae7c-be33-4d4e-8089-c7ad9fcb54a5-PendingRequests: sendNotLeaderResponses
2019-09-19 10:28:37,616 [Thread-540] INFO  impl.PendingRequests (PendingRequests.java:sendNotLeaderResponses(202)) - 9646113d-e532-4156-a8e1-296dca7fce7b-PendingRequests: sendNotLeaderResponses
2019-09-19 10:28:37,616 [ForkJoinPool.commonPool-worker-0] INFO  impl.StateMachineUpdater (StateMachineUpdater.java:stopAndJoin(115)) - StateMachineUpdater:a8d7ae7c-be33-4d4e-8089-c7ad9fcb54a5:group-957A1C0D4C92: set stopIndex = 0
2019-09-19 10:28:37,617 [Thread-540] INFO  impl.StateMachineUpdater (StateMachineUpdater.java:stopAndJoin(115)) - StateMachineUpdater:9646113d-e532-4156-a8e1-296dca7fce7b:group-50A1AA15771F: set stopIndex = 0
2019-09-19 10:28:37,617 [ForkJoinPool.commonPool-worker-0] INFO  impl.RaftServerImpl (ServerState.java:close(394)) - a8d7ae7c-be33-4d4e-8089-c7ad9fcb54a5:group-957A1C0D4C92 closes. The last applied log index is 0
2019-09-19 10:28:37,617 [Thread-540] INFO  impl.RaftServerImpl (ServerState.java:close(394)) - 9646113d-e532-4156-a8e1-296dca7fce7b:group-50A1AA15771F closes. The last applied log index is 0
2019-09-19 10:28:37,617 [a8d7ae7c-be33-4d4e-8089-c7ad9fcb54a5-SegmentedRaftLogWorker:Storage Directory /workdir/hadoop-ozone/ozonefs/target/test-dir/MiniOzoneClusterImpl-e7cad2d7-1ecb-4c95-8765-1dbadc3630b8/datanode-0/data/ratis/63af8f66-230c-417a-96c5-957a1c0d4c92] INFO  segmented.SegmentedRaftLogWorker (SegmentedRaftLogWorker.java:run(313)) - a8d7ae7c-be33-4d4e-8089-c7ad9fcb54a5-SegmentedRaftLogWorker:Storage Directory /workdir/hadoop-ozone/ozonefs/target/test-dir/MiniOzoneClusterImpl-e7cad2d7-1ecb-4c95-8765-1dbadc3630b8/datanode-0/data/ratis/63af8f66-230c-417a-96c5-957a1c0d4c92 was interrupted, exiting. There are 0 tasks remaining in the queue.
2019-09-19 10:28:37,617 [9646113d-e532-4156-a8e1-296dca7fce7b-SegmentedRaftLogWorker:Storage Directory /workdir/hadoop-ozone/ozonefs/target/test-dir/MiniOzoneClusterImpl-e7cad2d7-1ecb-4c95-8765-1dbadc3630b8/datanode-1/data/ratis/3a7b5216-e620-4f64-a0c8-50a1aa15771f] INFO  segmented.SegmentedRaftLogWorker (SegmentedRaftLogWorker.java:run(313)) - 9646113d-e532-4156-a8e1-296dca7fce7b-SegmentedRaftLogWorker:Storage Directory /workdir/hadoop-ozone/ozonefs/target/test-dir/MiniOzoneClusterImpl-e7cad2d7-1ecb-4c95-8765-1dbadc3630b8/datanode-1/data/ratis/3a7b5216-e620-4f64-a0c8-50a1aa15771f was interrupted, exiting. There are 0 tasks remaining in the queue.
2019-09-19 10:28:37,617 [ForkJoinPool.commonPool-worker-0] INFO  segmented.SegmentedRaftLogWorker (SegmentedRaftLogWorker.java:close(228)) - a8d7ae7c-be33-4d4e-8089-c7ad9fcb54a5-SegmentedRaftLogWorker:Storage Directory /workdir/hadoop-ozone/ozonefs/target/test-dir/MiniOzoneClusterImpl-e7cad2d7-1ecb-4c95-8765-1dbadc3630b8/datanode-0/data/ratis/63af8f66-230c-417a-96c5-957a1c0d4c92 close()
2019-09-19 10:28:37,618 [Thread-540] INFO  segmented.SegmentedRaftLogWorker (SegmentedRaftLogWorker.java:close(228)) - 9646113d-e532-4156-a8e1-296dca7fce7b-SegmentedRaftLogWorker:Storage Directory /workdir/hadoop-ozone/ozonefs/target/test-dir/MiniOzoneClusterImpl-e7cad2d7-1ecb-4c95-8765-1dbadc3630b8/datanode-1/data/ratis/3a7b5216-e620-4f64-a0c8-50a1aa15771f close()
2019-09-19 10:28:37,619 [ForkJoinPool.commonPool-worker-0] INFO  server.GrpcService (GrpcService.java:closeImpl(155)) - a8d7ae7c-be33-4d4e-8089-c7ad9fcb54a5: shutdown server with port 36207 now
2019-09-19 10:28:37,619 [Thread-540] INFO  server.GrpcService (GrpcService.java:closeImpl(155)) - 9646113d-e532-4156-a8e1-296dca7fce7b: shutdown server with port 38753 now
2019-09-19 10:28:37,621 [ForkJoinPool.commonPool-worker-0] INFO  server.GrpcService (GrpcService.java:closeImpl(163)) - a8d7ae7c-be33-4d4e-8089-c7ad9fcb54a5: shutdown server with port 36207 successfully
2019-09-19 10:28:37,621 [Thread-540] INFO  server.GrpcService (GrpcService.java:closeImpl(163)) - 9646113d-e532-4156-a8e1-296dca7fce7b: shutdown server with port 38753 successfully
2019-09-19 10:28:37,623 [ForkJoinPool.commonPool-worker-0] INFO  utils.BackgroundService (BackgroundService.java:shutdown(148)) - Shutting down service BlockDeletingService
2019-09-19 10:28:37,623 [Thread-540] INFO  utils.BackgroundService (BackgroundService.java:shutdown(148)) - Shutting down service BlockDeletingService
2019-09-19 10:28:37,624 [refreshUsed-/workdir/hadoop-ozone/ozonefs/target/test-dir/MiniOzoneClusterImpl-e7cad2d7-1ecb-4c95-8765-1dbadc3630b8/datanode-0/data/containers] WARN  fs.CachingGetSpaceUsed (CachingGetSpaceUsed.java:run(183)) - Thread Interrupted waiting to refresh disk information: sleep interrupted
2019-09-19 10:28:37,625 [refreshUsed-/workdir/hadoop-ozone/ozonefs/target/test-dir/MiniOzoneClusterImpl-e7cad2d7-1ecb-4c95-8765-1dbadc3630b8/datanode-1/data/containers] WARN  fs.CachingGetSpaceUsed (CachingGetSpaceUsed.java:run(183)) - Thread Interrupted waiting to refresh disk information: sleep interrupted
2019-09-19 10:28:37,647 [ForkJoinPool.commonPool-worker-0] INFO  statemachine.DatanodeStateMachine (DatanodeStateMachine.java:stopDaemon(395)) - Ozone container server stopped.
2019-09-19 10:28:37,650 [ForkJoinPool.commonPool-worker-0] INFO  handler.ContextHandler (ContextHandler.java:doStop(910)) - Stopped o.e.j.w.WebAppContext@1e39a8f3{/,null,UNAVAILABLE}{/hddsDatanode}
2019-09-19 10:28:37,650 [ForkJoinPool.commonPool-worker-0] INFO  server.AbstractConnector (AbstractConnector.java:doStop(318)) - Stopped ServerConnector@26966aa9{HTTP/1.1,[http/1.1]}{0.0.0.0:0}
2019-09-19 10:28:37,651 [ForkJoinPool.commonPool-worker-0] INFO  handler.ContextHandler (ContextHandler.java:doStop(910)) - Stopped o.e.j.s.ServletContextHandler@5cf3a970{/static,jar:file:/home/user/.m2/repository/org/apache/hadoop/hadoop-hdds-container-service/0.5.0-SNAPSHOT/hadoop-hdds-container-service-0.5.0-SNAPSHOT.jar!/webapps/static,UNAVAILABLE}
2019-09-19 10:28:37,652 [ForkJoinPool.commonPool-worker-0] INFO  handler.ContextHandler (ContextHandler.java:doStop(910)) - Stopped o.e.j.s.ServletContextHandler@4c298c95{/logs,file:///workdir/hadoop-ozone/ozonefs/target/log,UNAVAILABLE}
2019-09-19 10:28:37,652 [ForkJoinPool.commonPool-worker-0] INFO  datanode.ObjectStoreHandler (ObjectStoreHandler.java:close(155)) - Closing ObjectStoreHandler.
2019-09-19 10:28:37,652 [ForkJoinPool.commonPool-worker-0] INFO  ozone.HddsDatanodeService (HddsDatanodeService.java:stop(451)) - Stopped plug-in org.apache.hadoop.ozone.web.OzoneHddsDatanodeService@38d3aaf4
2019-09-19 10:28:37,659 [Thread-540] INFO  statemachine.DatanodeStateMachine (DatanodeStateMachine.java:stopDaemon(395)) - Ozone container server stopped.
2019-09-19 10:28:37,660 [Thread-540] INFO  handler.ContextHandler (ContextHandler.java:doStop(910)) - Stopped o.e.j.w.WebAppContext@1ba9cff2{/,null,UNAVAILABLE}{/hddsDatanode}
2019-09-19 10:28:37,661 [Thread-540] INFO  server.AbstractConnector (AbstractConnector.java:doStop(318)) - Stopped ServerConnector@7bd43318{HTTP/1.1,[http/1.1]}{0.0.0.0:0}
2019-09-19 10:28:37,661 [Thread-540] INFO  handler.ContextHandler (ContextHandler.java:doStop(910)) - Stopped o.e.j.s.ServletContextHandler@7343ec25{/static,jar:file:/home/user/.m2/repository/org/apache/hadoop/hadoop-hdds-container-service/0.5.0-SNAPSHOT/hadoop-hdds-container-service-0.5.0-SNAPSHOT.jar!/webapps/static,UNAVAILABLE}
2019-09-19 10:28:37,662 [Thread-540] INFO  handler.ContextHandler (ContextHandler.java:doStop(910)) - Stopped o.e.j.s.ServletContextHandler@43233d47{/logs,file:///workdir/hadoop-ozone/ozonefs/target/log,UNAVAILABLE}
2019-09-19 10:28:38,303 [Datanode State Machine Thread - 0] INFO  statemachine.DatanodeStateMachine (DatanodeStateMachine.java:lambda$startDaemon$0(350)) - Ozone container server started.
2019-09-19 10:28:42,653 [ForkJoinPool.commonPool-worker-0] INFO  ozoneimpl.OzoneContainer (OzoneContainer.java:stop(199)) - Attempting to stop container services.
2019-09-19 10:28:42,654 [ForkJoinPool.commonPool-worker-0] INFO  impl.RaftServerProxy (RaftServerProxy.java:lambda$close$4(314)) - a9be3d64-f69e-4a94-baf4-3c0042568077: close
2019-09-19 10:28:42,654 [ForkJoinPool.commonPool-worker-0] INFO  impl.RaftServerImpl (RaftServerImpl.java:lambda$shutdown$3(245)) - a9be3d64-f69e-4a94-baf4-3c0042568077: shutdown group-27229A3003CF
2019-09-19 10:28:42,654 [ForkJoinPool.commonPool-worker-0] INFO  util.JmxRegister (JmxRegister.java:unregister(73)) - Successfully un-registered JMX Bean with object name Ratis:service=RaftServer,group=group-27229A3003CF,id=a9be3d64-f69e-4a94-baf4-3c0042568077
2019-09-19 10:28:42,655 [ForkJoinPool.commonPool-worker-0] INFO  impl.RoleInfo (RoleInfo.java:shutdownLeaderState(104)) - a9be3d64-f69e-4a94-baf4-3c0042568077: shutdown LeaderState
2019-09-19 10:28:42,655 [ForkJoinPool.commonPool-worker-0] INFO  impl.PendingRequests (PendingRequests.java:sendNotLeaderResponses(202)) - a9be3d64-f69e-4a94-baf4-3c0042568077-PendingRequests: sendNotLeaderResponses
2019-09-19 10:28:42,655 [ForkJoinPool.commonPool-worker-0] INFO  impl.StateMachineUpdater (StateMachineUpdater.java:stopAndJoin(115)) - StateMachineUpdater:a9be3d64-f69e-4a94-baf4-3c0042568077:group-27229A3003CF: set stopIndex = 0
2019-09-19 10:28:42,656 [ForkJoinPool.commonPool-worker-0] INFO  impl.RaftServerImpl (ServerState.java:close(394)) - a9be3d64-f69e-4a94-baf4-3c0042568077:group-27229A3003CF closes. The last applied log index is 0
2019-09-19 10:28:42,656 [a9be3d64-f69e-4a94-baf4-3c0042568077-SegmentedRaftLogWorker:Storage Directory /workdir/hadoop-ozone/ozonefs/target/test-dir/MiniOzoneClusterImpl-e7cad2d7-1ecb-4c95-8765-1dbadc3630b8/datanode-2/data/ratis/bc50a956-f2f9-423f-bff9-27229a3003cf] INFO  segmented.SegmentedRaftLogWorker (SegmentedRaftLogWorker.java:run(313)) - a9be3d64-f69e-4a94-baf4-3c0042568077-SegmentedRaftLogWorker:Storage Directory /workdir/hadoop-ozone/ozonefs/target/test-dir/MiniOzoneClusterImpl-e7cad2d7-1ecb-4c95-8765-1dbadc3630b8/datanode-2/data/ratis/bc50a956-f2f9-423f-bff9-27229a3003cf was interrupted, exiting. There are 0 tasks remaining in the queue.
2019-09-19 10:28:42,656 [ForkJoinPool.commonPool-worker-0] INFO  segmented.SegmentedRaftLogWorker (SegmentedRaftLogWorker.java:close(228)) - a9be3d64-f69e-4a94-baf4-3c0042568077-SegmentedRaftLogWorker:Storage Directory /workdir/hadoop-ozone/ozonefs/target/test-dir/MiniOzoneClusterImpl-e7cad2d7-1ecb-4c95-8765-1dbadc3630b8/datanode-2/data/ratis/bc50a956-f2f9-423f-bff9-27229a3003cf close()
2019-09-19 10:28:42,658 [ForkJoinPool.commonPool-worker-0] INFO  impl.RaftServerImpl (RaftServerImpl.java:lambda$shutdown$3(245)) - a9be3d64-f69e-4a94-baf4-3c0042568077: shutdown group-540F31873C60
2019-09-19 10:28:42,658 [ForkJoinPool.commonPool-worker-0] INFO  util.JmxRegister (JmxRegister.java:unregister(73)) - Successfully un-registered JMX Bean with object name Ratis:service=RaftServer,group=group-540F31873C60,id=a9be3d64-f69e-4a94-baf4-3c0042568077
2019-09-19 10:28:42,659 [ForkJoinPool.commonPool-worker-0] INFO  impl.RoleInfo (RoleInfo.java:shutdownLeaderState(104)) - a9be3d64-f69e-4a94-baf4-3c0042568077: shutdown LeaderState
2019-09-19 10:28:42,659 [ForkJoinPool.commonPool-worker-0] INFO  impl.PendingRequests (PendingRequests.java:sendNotLeaderResponses(202)) - a9be3d64-f69e-4a94-baf4-3c0042568077-PendingRequests: sendNotLeaderResponses
2019-09-19 10:28:42,659 [ForkJoinPool.commonPool-worker-0] INFO  impl.StateMachineUpdater (StateMachineUpdater.java:stopAndJoin(115)) - StateMachineUpdater:a9be3d64-f69e-4a94-baf4-3c0042568077:group-540F31873C60: set stopIndex = 0
2019-09-19 10:28:42,660 [ForkJoinPool.commonPool-worker-0] INFO  impl.RaftServerImpl (ServerState.java:close(394)) - a9be3d64-f69e-4a94-baf4-3c0042568077:group-540F31873C60 closes. The last applied log index is 0
2019-09-19 10:28:42,660 [a9be3d64-f69e-4a94-baf4-3c0042568077-SegmentedRaftLogWorker:Storage Directory /workdir/hadoop-ozone/ozonefs/target/test-dir/MiniOzoneClusterImpl-e7cad2d7-1ecb-4c95-8765-1dbadc3630b8/datanode-2/data/ratis/d9114e04-4b64-4489-9185-540f31873c60] INFO  segmented.SegmentedRaftLogWorker (SegmentedRaftLogWorker.java:run(313)) - a9be3d64-f69e-4a94-baf4-3c0042568077-SegmentedRaftLogWorker:Storage Directory /workdir/hadoop-ozone/ozonefs/target/test-dir/MiniOzoneClusterImpl-e7cad2d7-1ecb-4c95-8765-1dbadc3630b8/datanode-2/data/ratis/d9114e04-4b64-4489-9185-540f31873c60 was interrupted, exiting. There are 0 tasks remaining in the queue.
2019-09-19 10:28:42,660 [ForkJoinPool.commonPool-worker-0] INFO  segmented.SegmentedRaftLogWorker (SegmentedRaftLogWorker.java:close(228)) - a9be3d64-f69e-4a94-baf4-3c0042568077-SegmentedRaftLogWorker:Storage Directory /workdir/hadoop-ozone/ozonefs/target/test-dir/MiniOzoneClusterImpl-e7cad2d7-1ecb-4c95-8765-1dbadc3630b8/datanode-2/data/ratis/d9114e04-4b64-4489-9185-540f31873c60 close()
2019-09-19 10:28:42,662 [ForkJoinPool.commonPool-worker-0] INFO  impl.RaftServerImpl (RaftServerImpl.java:lambda$shutdown$3(245)) - a9be3d64-f69e-4a94-baf4-3c0042568077: shutdown group-B53A79B5A6DF
2019-09-19 10:28:42,662 [ForkJoinPool.commonPool-worker-0] INFO  util.JmxRegister (JmxRegister.java:unregister(73)) - Successfully un-registered JMX Bean with object name Ratis:service=RaftServer,group=group-B53A79B5A6DF,id=a9be3d64-f69e-4a94-baf4-3c0042568077
2019-09-19 10:28:42,662 [ForkJoinPool.commonPool-worker-0] INFO  impl.RoleInfo (RoleInfo.java:shutdownLeaderState(104)) - a9be3d64-f69e-4a94-baf4-3c0042568077: shutdown LeaderState
2019-09-19 10:28:42,662 [ForkJoinPool.commonPool-worker-0] INFO  impl.PendingRequests (PendingRequests.java:sendNotLeaderResponses(202)) - a9be3d64-f69e-4a94-baf4-3c0042568077-PendingRequests: sendNotLeaderResponses
2019-09-19 10:28:42,663 [ForkJoinPool.commonPool-worker-0] INFO  impl.StateMachineUpdater (StateMachineUpdater.java:stopAndJoin(115)) - StateMachineUpdater:a9be3d64-f69e-4a94-baf4-3c0042568077:group-B53A79B5A6DF: set stopIndex = 0
2019-09-19 10:28:42,663 [ForkJoinPool.commonPool-worker-0] INFO  impl.RaftServerImpl (ServerState.java:close(394)) - a9be3d64-f69e-4a94-baf4-3c0042568077:group-B53A79B5A6DF closes. The last applied log index is 0
2019-09-19 10:28:42,663 [a9be3d64-f69e-4a94-baf4-3c0042568077-SegmentedRaftLogWorker:Storage Directory /workdir/hadoop-ozone/ozonefs/target/test-dir/MiniOzoneClusterImpl-e7cad2d7-1ecb-4c95-8765-1dbadc3630b8/datanode-2/data/ratis/5cd06731-e4c8-4fab-b455-b53a79b5a6df] INFO  segmented.SegmentedRaftLogWorker (SegmentedRaftLogWorker.java:run(313)) - a9be3d64-f69e-4a94-baf4-3c0042568077-SegmentedRaftLogWorker:Storage Directory /workdir/hadoop-ozone/ozonefs/target/test-dir/MiniOzoneClusterImpl-e7cad2d7-1ecb-4c95-8765-1dbadc3630b8/datanode-2/data/ratis/5cd06731-e4c8-4fab-b455-b53a79b5a6df was interrupted, exiting. There are 0 tasks remaining in the queue.
2019-09-19 10:28:42,664 [ForkJoinPool.commonPool-worker-0] INFO  segmented.SegmentedRaftLogWorker (SegmentedRaftLogWorker.java:close(228)) - a9be3d64-f69e-4a94-baf4-3c0042568077-SegmentedRaftLogWorker:Storage Directory /workdir/hadoop-ozone/ozonefs/target/test-dir/MiniOzoneClusterImpl-e7cad2d7-1ecb-4c95-8765-1dbadc3630b8/datanode-2/data/ratis/5cd06731-e4c8-4fab-b455-b53a79b5a6df close()
2019-09-19 10:28:42,665 [ForkJoinPool.commonPool-worker-0] INFO  impl.RaftServerImpl (RaftServerImpl.java:lambda$shutdown$3(245)) - a9be3d64-f69e-4a94-baf4-3c0042568077: shutdown group-1F08D8C60A15
2019-09-19 10:28:42,665 [ForkJoinPool.commonPool-worker-0] INFO  util.JmxRegister (JmxRegister.java:unregister(73)) - Successfully un-registered JMX Bean with object name Ratis:service=RaftServer,group=group-1F08D8C60A15,id=a9be3d64-f69e-4a94-baf4-3c0042568077
2019-09-19 10:28:42,665 [ForkJoinPool.commonPool-worker-0] INFO  impl.RoleInfo (RoleInfo.java:shutdownLeaderState(104)) - a9be3d64-f69e-4a94-baf4-3c0042568077: shutdown LeaderState
2019-09-19 10:28:42,666 [ForkJoinPool.commonPool-worker-0] INFO  impl.PendingRequests (PendingRequests.java:sendNotLeaderResponses(202)) - a9be3d64-f69e-4a94-baf4-3c0042568077-PendingRequests: sendNotLeaderResponses
2019-09-19 10:28:42,666 [ForkJoinPool.commonPool-worker-0] INFO  impl.StateMachineUpdater (StateMachineUpdater.java:stopAndJoin(115)) - StateMachineUpdater:a9be3d64-f69e-4a94-baf4-3c0042568077:group-1F08D8C60A15: set stopIndex = 0
2019-09-19 10:28:42,666 [ForkJoinPool.commonPool-worker-0] INFO  impl.RaftServerImpl (ServerState.java:close(394)) - a9be3d64-f69e-4a94-baf4-3c0042568077:group-1F08D8C60A15 closes. The last applied log index is 0
2019-09-19 10:28:42,667 [a9be3d64-f69e-4a94-baf4-3c0042568077-SegmentedRaftLogWorker:Storage Directory /workdir/hadoop-ozone/ozonefs/target/test-dir/MiniOzoneClusterImpl-e7cad2d7-1ecb-4c95-8765-1dbadc3630b8/datanode-2/data/ratis/136fb739-5d1b-40ec-adb0-1f08d8c60a15] INFO  segmented.SegmentedRaftLogWorker (SegmentedRaftLogWorker.java:run(313)) - a9be3d64-f69e-4a94-baf4-3c0042568077-SegmentedRaftLogWorker:Storage Directory /workdir/hadoop-ozone/ozonefs/target/test-dir/MiniOzoneClusterImpl-e7cad2d7-1ecb-4c95-8765-1dbadc3630b8/datanode-2/data/ratis/136fb739-5d1b-40ec-adb0-1f08d8c60a15 was interrupted, exiting. There are 0 tasks remaining in the queue.
2019-09-19 10:28:42,667 [ForkJoinPool.commonPool-worker-0] INFO  segmented.SegmentedRaftLogWorker (SegmentedRaftLogWorker.java:close(228)) - a9be3d64-f69e-4a94-baf4-3c0042568077-SegmentedRaftLogWorker:Storage Directory /workdir/hadoop-ozone/ozonefs/target/test-dir/MiniOzoneClusterImpl-e7cad2d7-1ecb-4c95-8765-1dbadc3630b8/datanode-2/data/ratis/136fb739-5d1b-40ec-adb0-1f08d8c60a15 close()
2019-09-19 10:28:42,668 [ForkJoinPool.commonPool-worker-0] INFO  impl.RaftServerImpl (RaftServerImpl.java:lambda$shutdown$3(245)) - a9be3d64-f69e-4a94-baf4-3c0042568077: shutdown group-EEC0CA02C91F
2019-09-19 10:28:42,669 [ForkJoinPool.commonPool-worker-0] INFO  util.JmxRegister (JmxRegister.java:unregister(73)) - Successfully un-registered JMX Bean with object name Ratis:service=RaftServer,group=group-EEC0CA02C91F,id=a9be3d64-f69e-4a94-baf4-3c0042568077
2019-09-19 10:28:42,669 [ForkJoinPool.commonPool-worker-0] INFO  impl.RoleInfo (RoleInfo.java:shutdownLeaderState(104)) - a9be3d64-f69e-4a94-baf4-3c0042568077: shutdown LeaderState
2019-09-19 10:28:42,669 [ForkJoinPool.commonPool-worker-0] INFO  impl.PendingRequests (PendingRequests.java:sendNotLeaderResponses(202)) - a9be3d64-f69e-4a94-baf4-3c0042568077-PendingRequests: sendNotLeaderResponses
2019-09-19 10:28:42,669 [ForkJoinPool.commonPool-worker-0] INFO  impl.StateMachineUpdater (StateMachineUpdater.java:stopAndJoin(115)) - StateMachineUpdater:a9be3d64-f69e-4a94-baf4-3c0042568077:group-EEC0CA02C91F: set stopIndex = 0
2019-09-19 10:28:42,670 [ForkJoinPool.commonPool-worker-0] INFO  impl.RaftServerImpl (ServerState.java:close(394)) - a9be3d64-f69e-4a94-baf4-3c0042568077:group-EEC0CA02C91F closes. The last applied log index is 0
2019-09-19 10:28:42,670 [a9be3d64-f69e-4a94-baf4-3c0042568077-SegmentedRaftLogWorker:Storage Directory /workdir/hadoop-ozone/ozonefs/target/test-dir/MiniOzoneClusterImpl-e7cad2d7-1ecb-4c95-8765-1dbadc3630b8/datanode-2/data/ratis/8f587536-ab35-4ab8-a2d4-eec0ca02c91f] INFO  segmented.SegmentedRaftLogWorker (SegmentedRaftLogWorker.java:run(313)) - a9be3d64-f69e-4a94-baf4-3c0042568077-SegmentedRaftLogWorker:Storage Directory /workdir/hadoop-ozone/ozonefs/target/test-dir/MiniOzoneClusterImpl-e7cad2d7-1ecb-4c95-8765-1dbadc3630b8/datanode-2/data/ratis/8f587536-ab35-4ab8-a2d4-eec0ca02c91f was interrupted, exiting. There are 0 tasks remaining in the queue.
2019-09-19 10:28:42,670 [ForkJoinPool.commonPool-worker-0] INFO  segmented.SegmentedRaftLogWorker (SegmentedRaftLogWorker.java:close(228)) - a9be3d64-f69e-4a94-baf4-3c0042568077-SegmentedRaftLogWorker:Storage Directory /workdir/hadoop-ozone/ozonefs/target/test-dir/MiniOzoneClusterImpl-e7cad2d7-1ecb-4c95-8765-1dbadc3630b8/datanode-2/data/ratis/8f587536-ab35-4ab8-a2d4-eec0ca02c91f close()
2019-09-19 10:28:42,672 [ForkJoinPool.commonPool-worker-0] INFO  impl.RaftServerImpl (RaftServerImpl.java:lambda$shutdown$3(245)) - a9be3d64-f69e-4a94-baf4-3c0042568077: shutdown group-5D2BCAB2B6DD
2019-09-19 10:28:42,672 [ForkJoinPool.commonPool-worker-0] INFO  util.JmxRegister (JmxRegister.java:unregister(73)) - Successfully un-registered JMX Bean with object name Ratis:service=RaftServer,group=group-5D2BCAB2B6DD,id=a9be3d64-f69e-4a94-baf4-3c0042568077
2019-09-19 10:28:42,672 [ForkJoinPool.commonPool-worker-0] INFO  impl.RoleInfo (RoleInfo.java:shutdownLeaderState(104)) - a9be3d64-f69e-4a94-baf4-3c0042568077: shutdown LeaderState
2019-09-19 10:28:42,672 [ForkJoinPool.commonPool-worker-0] INFO  impl.PendingRequests (PendingRequests.java:sendNotLeaderResponses(202)) - a9be3d64-f69e-4a94-baf4-3c0042568077-PendingRequests: sendNotLeaderResponses
2019-09-19 10:28:42,673 [ForkJoinPool.commonPool-worker-0] INFO  impl.StateMachineUpdater (StateMachineUpdater.java:stopAndJoin(115)) - StateMachineUpdater:a9be3d64-f69e-4a94-baf4-3c0042568077:group-5D2BCAB2B6DD: set stopIndex = 0
2019-09-19 10:28:42,673 [ForkJoinPool.commonPool-worker-0] INFO  impl.RaftServerImpl (ServerState.java:close(394)) - a9be3d64-f69e-4a94-baf4-3c0042568077:group-5D2BCAB2B6DD closes. The last applied log index is 0
2019-09-19 10:28:42,673 [a9be3d64-f69e-4a94-baf4-3c0042568077-SegmentedRaftLogWorker:Storage Directory /workdir/hadoop-ozone/ozonefs/target/test-dir/MiniOzoneClusterImpl-e7cad2d7-1ecb-4c95-8765-1dbadc3630b8/datanode-2/data/ratis/99a211e3-917d-4e44-a057-5d2bcab2b6dd] INFO  segmented.SegmentedRaftLogWorker (SegmentedRaftLogWorker.java:run(313)) - a9be3d64-f69e-4a94-baf4-3c0042568077-SegmentedRaftLogWorker:Storage Directory /workdir/hadoop-ozone/ozonefs/target/test-dir/MiniOzoneClusterImpl-e7cad2d7-1ecb-4c95-8765-1dbadc3630b8/datanode-2/data/ratis/99a211e3-917d-4e44-a057-5d2bcab2b6dd was interrupted, exiting. There are 0 tasks remaining in the queue.
2019-09-19 10:28:42,674 [ForkJoinPool.commonPool-worker-0] INFO  segmented.SegmentedRaftLogWorker (SegmentedRaftLogWorker.java:close(228)) - a9be3d64-f69e-4a94-baf4-3c0042568077-SegmentedRaftLogWorker:Storage Directory /workdir/hadoop-ozone/ozonefs/target/test-dir/MiniOzoneClusterImpl-e7cad2d7-1ecb-4c95-8765-1dbadc3630b8/datanode-2/data/ratis/99a211e3-917d-4e44-a057-5d2bcab2b6dd close()
2019-09-19 10:28:42,675 [ForkJoinPool.commonPool-worker-0] INFO  server.GrpcService (GrpcService.java:closeImpl(155)) - a9be3d64-f69e-4a94-baf4-3c0042568077: shutdown server with port 36829 now
2019-09-19 10:28:42,676 [ForkJoinPool.commonPool-worker-0] INFO  server.GrpcService (GrpcService.java:closeImpl(163)) - a9be3d64-f69e-4a94-baf4-3c0042568077: shutdown server with port 36829 successfully
2019-09-19 10:28:42,677 [ForkJoinPool.commonPool-worker-0] INFO  utils.BackgroundService (BackgroundService.java:shutdown(148)) - Shutting down service BlockDeletingService
2019-09-19 10:28:42,679 [refreshUsed-/workdir/hadoop-ozone/ozonefs/target/test-dir/MiniOzoneClusterImpl-e7cad2d7-1ecb-4c95-8765-1dbadc3630b8/datanode-2/data/containers] WARN  fs.CachingGetSpaceUsed (CachingGetSpaceUsed.java:run(183)) - Thread Interrupted waiting to refresh disk information: sleep interrupted
2019-09-19 10:28:42,708 [ForkJoinPool.commonPool-worker-0] INFO  statemachine.DatanodeStateMachine (DatanodeStateMachine.java:stopDaemon(395)) - Ozone container server stopped.
2019-09-19 10:28:42,711 [ForkJoinPool.commonPool-worker-0] INFO  handler.ContextHandler (ContextHandler.java:doStop(910)) - Stopped o.e.j.w.WebAppContext@24045f13{/,null,UNAVAILABLE}{/hddsDatanode}
2019-09-19 10:28:42,711 [ForkJoinPool.commonPool-worker-0] INFO  server.AbstractConnector (AbstractConnector.java:doStop(318)) - Stopped ServerConnector@436135de{HTTP/1.1,[http/1.1]}{0.0.0.0:0}
2019-09-19 10:28:42,712 [ForkJoinPool.commonPool-worker-0] INFO  handler.ContextHandler (ContextHandler.java:doStop(910)) - Stopped o.e.j.s.ServletContextHandler@33f7b942{/static,jar:file:/home/user/.m2/repository/org/apache/hadoop/hadoop-hdds-container-service/0.5.0-SNAPSHOT/hadoop-hdds-container-service-0.5.0-SNAPSHOT.jar!/webapps/static,UNAVAILABLE}
2019-09-19 10:28:42,713 [ForkJoinPool.commonPool-worker-0] INFO  handler.ContextHandler (ContextHandler.java:doStop(910)) - Stopped o.e.j.s.ServletContextHandler@21d54fca{/logs,file:///workdir/hadoop-ozone/ozonefs/target/log,UNAVAILABLE}
2019-09-19 10:28:42,714 [Thread-540] INFO  ozone.MiniOzoneClusterImpl (MiniOzoneClusterImpl.java:stop(353)) - Stopping the StorageContainerManager
2019-09-19 10:28:42,714 [Thread-540] INFO  server.StorageContainerManager (StorageContainerManager.java:stop(797)) - Stopping Replication Manager Service.
2019-09-19 10:28:42,714 [Thread-540] INFO  container.ReplicationManager (ReplicationManager.java:stop(192)) - Stopping Replication Monitor Thread.
2019-09-19 10:28:42,714 [Thread-540] INFO  server.StorageContainerManager (StorageContainerManager.java:stop(804)) - Stopping Lease Manager of the command watchers
2019-09-19 10:28:42,714 [Thread-540] INFO  server.StorageContainerManager (StorageContainerManager.java:stop(811)) - Stopping datanode service RPC server
2019-09-19 10:28:42,714 [Thread-540] INFO  server.SCMDatanodeProtocolServer (SCMDatanodeProtocolServer.java:stop(367)) - Stopping the RPC server for DataNodes
2019-09-19 10:28:42,715 [Thread-540] INFO  ipc.Server (Server.java:stop(3082)) - Stopping server on 40610
2019-09-19 10:28:42,716 [IPC Server listener on 40610] INFO  ipc.Server (Server.java:run(1185)) - Stopping IPC Server listener on 40610
2019-09-19 10:28:42,717 [IPC Server Responder] INFO  ipc.Server (Server.java:run(1319)) - Stopping IPC Server Responder
2019-09-19 10:28:42,764 [SCM Heartbeat Processing Thread - 0] WARN  node.NodeStateManager (NodeStateManager.java:scheduleNextHealthCheck(655)) - Current Thread is interrupted, shutting down HB processing thread for Node Manager.
2019-09-19 10:28:42,764 [Thread-540] INFO  server.StorageContainerManager (StorageContainerManager.java:stop(819)) - Stopping block service RPC server
2019-09-19 10:28:42,764 [Thread-540] INFO  server.SCMBlockProtocolServer (SCMBlockProtocolServer.java:stop(148)) - Stopping the RPC server for Block Protocol
2019-09-19 10:28:42,764 [Thread-540] INFO  ipc.Server (Server.java:stop(3082)) - Stopping server on 34509
2019-09-19 10:28:42,766 [IPC Server listener on 34509] INFO  ipc.Server (Server.java:run(1185)) - Stopping IPC Server listener on 34509
2019-09-19 10:28:42,767 [IPC Server Responder] INFO  ipc.Server (Server.java:run(1319)) - Stopping IPC Server Responder
2019-09-19 10:28:42,766 [Thread-540] INFO  server.StorageContainerManager (StorageContainerManager.java:stop(826)) - Stopping the StorageContainerLocationProtocol RPC server
2019-09-19 10:28:42,768 [Thread-540] INFO  server.SCMClientProtocolServer (SCMClientProtocolServer.java:stop(159)) - Stopping the RPC server for Client Protocol
2019-09-19 10:28:42,768 [Thread-540] INFO  ipc.Server (Server.java:stop(3082)) - Stopping server on 40234
2019-09-19 10:28:42,769 [IPC Server listener on 40234] INFO  ipc.Server (Server.java:run(1185)) - Stopping IPC Server listener on 40234
2019-09-19 10:28:42,770 [Thread-540] INFO  server.StorageContainerManager (StorageContainerManager.java:stop(833)) - Stopping Storage Container Manager HTTP server.
2019-09-19 10:28:42,770 [IPC Server Responder] INFO  ipc.Server (Server.java:run(1319)) - Stopping IPC Server Responder
2019-09-19 10:28:42,773 [Thread-540] INFO  handler.ContextHandler (ContextHandler.java:doStop(910)) - Stopped o.e.j.w.WebAppContext@6bbf4fdd{/,null,UNAVAILABLE}{/scm}
2019-09-19 10:28:42,773 [Thread-540] INFO  server.AbstractConnector (AbstractConnector.java:doStop(318)) - Stopped ServerConnector@50bb4b0c{HTTP/1.1,[http/1.1]}{0.0.0.0:0}
2019-09-19 10:28:42,774 [Thread-540] INFO  handler.ContextHandler (ContextHandler.java:doStop(910)) - Stopped o.e.j.s.ServletContextHandler@4e6ae417{/static,jar:file:/home/user/.m2/repository/org/apache/hadoop/hadoop-hdds-server-scm/0.5.0-SNAPSHOT/hadoop-hdds-server-scm-0.5.0-SNAPSHOT.jar!/webapps/static,UNAVAILABLE}
2019-09-19 10:28:42,774 [Thread-540] INFO  handler.ContextHandler (ContextHandler.java:doStop(910)) - Stopped o.e.j.s.ServletContextHandler@5af8b365{/logs,file:///workdir/hadoop-ozone/ozonefs/target/log,UNAVAILABLE}
2019-09-19 10:28:42,775 [Thread-540] INFO  server.StorageContainerManager (StorageContainerManager.java:stop(844)) - Stopping Block Manager Service.
2019-09-19 10:28:42,775 [Thread-540] INFO  utils.BackgroundService (BackgroundService.java:shutdown(148)) - Shutting down service SCMBlockDeletingService
2019-09-19 10:28:42,776 [Thread-540] INFO  utils.BackgroundService (BackgroundService.java:shutdown(148)) - Shutting down service SCMBlockDeletingService
2019-09-19 10:28:42,776 [Thread-540] INFO  server.StorageContainerManager (StorageContainerManager.java:stop(866)) - Stopping SCM Event Queue.
2019-09-19 10:28:42,780 [Thread-540] INFO  impl.MetricsSystemImpl (MetricsSystemImpl.java:stop(210)) - Stopping HddsDatanode metrics system...
2019-09-19 10:28:42,790 [Thread-540] INFO  impl.MetricsSystemImpl (MetricsSystemImpl.java:stop(216)) - HddsDatanode metrics system stopped.
]]></system-out>
    <system-err><![CDATA[Sep 19, 2019 10:28:26 AM com.sun.jersey.server.impl.application.WebApplicationImpl _initiate
INFO: Initiating Jersey application, version 'Jersey: 1.19 02/11/2015 03:25 AM'
Sep 19, 2019 10:28:26 AM com.sun.jersey.server.impl.application.WebApplicationImpl _initiate
INFO: Initiating Jersey application, version 'Jersey: 1.19 02/11/2015 03:25 AM'
Sep 19, 2019 10:28:27 AM com.sun.jersey.server.impl.application.WebApplicationImpl _initiate
INFO: Initiating Jersey application, version 'Jersey: 1.19 02/11/2015 03:25 AM'
Sep 19, 2019 10:28:32 AM com.sun.jersey.server.impl.application.WebApplicationImpl _initiate
INFO: Initiating Jersey application, version 'Jersey: 1.19 02/11/2015 03:25 AM'
]]></system-err>
  </testcase>
  <testcase name="testListStatus" classname="org.apache.hadoop.fs.ozone.TestOzoneFileSystem" time="22.366">
    <error message="Allocated 0 blocks. Requested 1 blocks" type="INTERNAL_ERROR org.apache.hadoop.ozone.om.exceptions.OMException">INTERNAL_ERROR org.apache.hadoop.ozone.om.exceptions.OMException: Allocated 0 blocks. Requested 1 blocks
	at org.apache.hadoop.ozone.om.protocolPB.OzoneManagerProtocolClientSideTranslatorPB.handleError(OzoneManagerProtocolClientSideTranslatorPB.java:725)
	at org.apache.hadoop.ozone.om.protocolPB.OzoneManagerProtocolClientSideTranslatorPB.createFile(OzoneManagerProtocolClientSideTranslatorPB.java:1474)
	at org.apache.hadoop.ozone.client.rpc.RpcClient.createFile(RpcClient.java:984)
	at org.apache.hadoop.ozone.client.OzoneBucket.createFile(OzoneBucket.java:535)
	at org.apache.hadoop.fs.ozone.BasicOzoneClientAdapterImpl.createFile(BasicOzoneClientAdapterImpl.java:181)
	at org.apache.hadoop.fs.ozone.BasicOzoneFileSystem.createOutputStream(BasicOzoneFileSystem.java:249)
	at org.apache.hadoop.fs.ozone.BasicOzoneFileSystem.create(BasicOzoneFileSystem.java:230)
	at org.apache.hadoop.fs.FileSystem.create(FileSystem.java:1118)
	at org.apache.hadoop.fs.FileSystem.create(FileSystem.java:1098)
	at org.apache.hadoop.fs.FileSystem.create(FileSystem.java:987)
	at org.apache.hadoop.fs.contract.ContractTestUtils.createFile(ContractTestUtils.java:633)
	at org.apache.hadoop.fs.contract.ContractTestUtils.touch(ContractTestUtils.java:669)
	at org.apache.hadoop.fs.ozone.TestOzoneFileSystem.testListStatus(TestOzoneFileSystem.java:179)
	at sun.reflect.NativeMethodAccessorImpl.invoke0(Native Method)
	at sun.reflect.NativeMethodAccessorImpl.invoke(NativeMethodAccessorImpl.java:62)
	at sun.reflect.DelegatingMethodAccessorImpl.invoke(DelegatingMethodAccessorImpl.java:43)
	at java.lang.reflect.Method.invoke(Method.java:498)
	at org.junit.runners.model.FrameworkMethod$1.runReflectiveCall(FrameworkMethod.java:47)
	at org.junit.internal.runners.model.ReflectiveCallable.run(ReflectiveCallable.java:12)
	at org.junit.runners.model.FrameworkMethod.invokeExplosively(FrameworkMethod.java:44)
	at org.junit.internal.runners.statements.InvokeMethod.evaluate(InvokeMethod.java:17)
	at org.junit.internal.runners.statements.RunBefores.evaluate(RunBefores.java:26)
	at org.junit.internal.runners.statements.RunAfters.evaluate(RunAfters.java:27)
	at org.junit.internal.runners.statements.FailOnTimeout$StatementThread.run(FailOnTimeout.java:74)
</error>
    <system-out><![CDATA[2019-09-19 10:28:42,858 [Thread-806] WARN  server.ServerUtils (ServerUtils.java:getScmDbDir(145)) - ozone.scm.db.dirs is not configured. We recommend adding this setting. Falling back to ozone.metadata.dirs instead.
2019-09-19 10:28:42,899 [Thread-806] WARN  server.ServerUtils (ServerUtils.java:getScmDbDir(145)) - ozone.scm.db.dirs is not configured. We recommend adding this setting. Falling back to ozone.metadata.dirs instead.
2019-09-19 10:28:42,900 [Thread-806] WARN  server.ServerUtils (ServerUtils.java:getScmDbDir(145)) - ozone.scm.db.dirs is not configured. We recommend adding this setting. Falling back to ozone.metadata.dirs instead.
2019-09-19 10:28:42,900 [Thread-806] INFO  db.DBStoreBuilder (DBStoreBuilder.java:addTable(110)) - using custom profile for table: deletedBlocks
2019-09-19 10:28:42,900 [Thread-806] INFO  db.DBStoreBuilder (DBStoreBuilder.java:processTables(161)) - Using default column profile:DBProfile.DISK for Table:deletedBlocks
2019-09-19 10:28:42,901 [Thread-806] INFO  db.DBStoreBuilder (DBStoreBuilder.java:addTable(110)) - using custom profile for table: validCerts
2019-09-19 10:28:42,901 [Thread-806] INFO  db.DBStoreBuilder (DBStoreBuilder.java:processTables(161)) - Using default column profile:DBProfile.DISK for Table:validCerts
2019-09-19 10:28:42,901 [Thread-806] INFO  db.DBStoreBuilder (DBStoreBuilder.java:addTable(110)) - using custom profile for table: revokedCerts
2019-09-19 10:28:42,901 [Thread-806] INFO  db.DBStoreBuilder (DBStoreBuilder.java:processTables(161)) - Using default column profile:DBProfile.DISK for Table:revokedCerts
2019-09-19 10:28:42,902 [Thread-806] INFO  db.DBStoreBuilder (DBStoreBuilder.java:addTable(110)) - using custom profile for table: default
2019-09-19 10:28:42,902 [Thread-806] INFO  db.DBStoreBuilder (DBStoreBuilder.java:processTables(167)) - Using default column profile:DBProfile.DISK for Table:default
2019-09-19 10:28:42,902 [Thread-806] INFO  db.DBStoreBuilder (DBStoreBuilder.java:getDbProfile(198)) - Using default options. DBProfile.DISK
2019-09-19 10:28:44,422 [Thread-806] INFO  net.NodeSchemaLoader (NodeSchemaLoader.java:loadSchemaFromFile(125)) - Loading file from sun.misc.CompoundEnumeration@78c20702
2019-09-19 10:28:44,423 [Thread-806] INFO  net.NodeSchemaLoader (NodeSchemaLoader.java:loadSchema(171)) - Loading network topology layer schema file
2019-09-19 10:28:44,428 [Thread-806] WARN  server.ServerUtils (ServerUtils.java:sanitizeUserArgs(70)) - ozone.scm.stale.node.interval value = 300000 is larger than max = 100000 based on the key value of ozone.scm.heartbeat.thread.interval, reset to the max value 100000.
2019-09-19 10:28:44,428 [Thread-806] WARN  server.ServerUtils (ServerUtils.java:sanitizeUserArgs(70)) - ozone.scm.stale.node.interval value = 300000 is larger than max = 100000 based on the key value of ozone.scm.heartbeat.thread.interval, reset to the max value 100000.
2019-09-19 10:28:44,429 [Thread-806] INFO  node.SCMNodeManager (SCMNodeManager.java:<init>(121)) - Entering startup safe mode.
2019-09-19 10:28:44,429 [Thread-806] INFO  algorithms.ContainerPlacementPolicyFactory (ContainerPlacementPolicyFactory.java:getPolicy(56)) - Create container placement policy of type org.apache.hadoop.hdds.scm.container.placement.algorithms.SCMContainerPlacementRandom
2019-09-19 10:28:44,430 [Thread-806] WARN  server.ServerUtils (ServerUtils.java:getScmDbDir(145)) - ozone.scm.db.dirs is not configured. We recommend adding this setting. Falling back to ozone.metadata.dirs instead.
2019-09-19 10:28:44,891 [Thread-806] INFO  pipeline.SCMPipelineManager (SCMPipelineManager.java:initializePipelineState(126)) - No pipeline exists in current db
2019-09-19 10:28:44,891 [Thread-806] WARN  server.ServerUtils (ServerUtils.java:getScmDbDir(145)) - ozone.scm.db.dirs is not configured. We recommend adding this setting. Falling back to ozone.metadata.dirs instead.
2019-09-19 10:28:45,410 [Thread-806] WARN  events.EventQueue (EventQueue.java:fireEvent(175)) - No event handler registered for event TypedEvent{payloadType=SafeModeStatus, name='SafeModeStatus'}
2019-09-19 10:28:45,411 [Thread-806] INFO  ipc.CallQueueManager (CallQueueManager.java:<init>(84)) - Using callQueue: class java.util.concurrent.LinkedBlockingQueue, queueCapacity: 2000, scheduler: class org.apache.hadoop.ipc.DefaultRpcScheduler, ipcBackoff: false.
2019-09-19 10:28:45,412 [Socket Reader #1 for port 35635] INFO  ipc.Server (Server.java:run(1074)) - Starting Socket Reader #1 for port 35635
2019-09-19 10:28:45,414 [Thread-806] INFO  ipc.CallQueueManager (CallQueueManager.java:<init>(84)) - Using callQueue: class java.util.concurrent.LinkedBlockingQueue, queueCapacity: 2000, scheduler: class org.apache.hadoop.ipc.DefaultRpcScheduler, ipcBackoff: false.
2019-09-19 10:28:45,415 [Socket Reader #1 for port 33023] INFO  ipc.Server (Server.java:run(1074)) - Starting Socket Reader #1 for port 33023
2019-09-19 10:28:45,416 [Thread-806] INFO  ipc.CallQueueManager (CallQueueManager.java:<init>(84)) - Using callQueue: class java.util.concurrent.LinkedBlockingQueue, queueCapacity: 2000, scheduler: class org.apache.hadoop.ipc.DefaultRpcScheduler, ipcBackoff: false.
2019-09-19 10:28:45,417 [Socket Reader #1 for port 37996] INFO  ipc.Server (Server.java:run(1074)) - Starting Socket Reader #1 for port 37996
2019-09-19 10:28:45,419 [Thread-806] INFO  hdfs.DFSUtil (DFSUtil.java:httpServerTemplateForNNAndJN(1641)) - Starting Web-server for scm at: http://0.0.0.0:0
2019-09-19 10:28:45,423 [Thread-806] INFO  server.AuthenticationFilter (AuthenticationFilter.java:constructSecretProvider(240)) - Unable to initialize FileSignerSecretProvider, falling back to use random secrets.
2019-09-19 10:28:45,424 [Thread-806] WARN  http.HttpRequestLog (HttpRequestLog.java:getRequestLog(97)) - Jetty request log can only be enabled using Log4j
2019-09-19 10:28:45,426 [Thread-806] INFO  http.HttpServer2 (HttpServer2.java:addGlobalFilter(975)) - Added global filter 'safety' (class=org.apache.hadoop.http.HttpServer2$QuotingInputFilter)
2019-09-19 10:28:45,428 [Thread-806] INFO  http.HttpServer2 (HttpServer2.java:addFilter(948)) - Added filter static_user_filter (class=org.apache.hadoop.http.lib.StaticUserWebFilter$StaticUserFilter) to context scm
2019-09-19 10:28:45,428 [Thread-806] INFO  http.HttpServer2 (HttpServer2.java:addFilter(958)) - Added filter static_user_filter (class=org.apache.hadoop.http.lib.StaticUserWebFilter$StaticUserFilter) to context logs
2019-09-19 10:28:45,428 [Thread-806] INFO  http.HttpServer2 (HttpServer2.java:addFilter(958)) - Added filter static_user_filter (class=org.apache.hadoop.http.lib.StaticUserWebFilter$StaticUserFilter) to context static
2019-09-19 10:28:45,431 [Thread-806] INFO  server.StorageContainerManager (StorageContainerManager.java:start(759)) - StorageContainerLocationProtocol RPC server is listening at /0.0.0.0:37996
2019-09-19 10:28:45,434 [Thread-806] WARN  impl.MetricsConfig (MetricsConfig.java:loadFirst(134)) - Cannot locate configuration: tried hadoop-metrics2-storagecontainermanager.properties,hadoop-metrics2.properties
2019-09-19 10:28:45,435 [Thread-806] INFO  impl.MetricsSystemImpl (MetricsSystemImpl.java:startTimer(374)) - Scheduled Metric snapshot period at 10 second(s).
2019-09-19 10:28:45,435 [Thread-806] INFO  impl.MetricsSystemImpl (MetricsSystemImpl.java:start(191)) - StorageContainerManager metrics system started
2019-09-19 10:28:45,489 [Thread-806] INFO  server.SCMClientProtocolServer (SCMClientProtocolServer.java:start(151)) - RPC server for Client  is listening at /0.0.0.0:37996
2019-09-19 10:28:45,489 [IPC Server Responder] INFO  ipc.Server (Server.java:run(1314)) - IPC Server Responder: starting
2019-09-19 10:28:45,490 [IPC Server listener on 37996] INFO  ipc.Server (Server.java:run(1153)) - IPC Server listener on 37996: starting
2019-09-19 10:28:45,493 [Thread-806] INFO  server.StorageContainerManager (StorageContainerManager.java:start(769)) - ScmBlockLocationProtocol RPC server is listening at /0.0.0.0:33023
2019-09-19 10:28:45,494 [Thread-806] INFO  server.SCMBlockProtocolServer (SCMBlockProtocolServer.java:start(140)) - RPC server for Block Protocol is listening at /0.0.0.0:33023
2019-09-19 10:28:45,494 [IPC Server Responder] INFO  ipc.Server (Server.java:run(1314)) - IPC Server Responder: starting
2019-09-19 10:28:45,494 [IPC Server listener on 33023] INFO  ipc.Server (Server.java:run(1153)) - IPC Server listener on 33023: starting
2019-09-19 10:28:45,498 [Thread-806] INFO  server.StorageContainerManager (StorageContainerManager.java:start(773)) - ScmDatanodeProtocl RPC server is listening at /0.0.0.0:35635
2019-09-19 10:28:45,498 [Thread-806] INFO  server.SCMDatanodeProtocolServer (SCMDatanodeProtocolServer.java:start(191)) - RPC server for DataNodes is listening at /0.0.0.0:35635
2019-09-19 10:28:45,499 [IPC Server Responder] INFO  ipc.Server (Server.java:run(1314)) - IPC Server Responder: starting
2019-09-19 10:28:45,499 [IPC Server listener on 35635] INFO  ipc.Server (Server.java:run(1153)) - IPC Server listener on 35635: starting
2019-09-19 10:28:45,503 [Thread-806] INFO  http.HttpServer2 (HttpServer2.java:bindListener(1191)) - Jetty bound to port 36619
2019-09-19 10:28:45,503 [Thread-806] INFO  server.Server (Server.java:doStart(351)) - jetty-9.3.24.v20180605, build timestamp: 2018-06-05T17:11:56Z, git hash: 84205aa28f11a4f31f2a3b86d1bba2cc8ab69827
2019-09-19 10:28:45,506 [Thread-806] INFO  handler.ContextHandler (ContextHandler.java:doStart(781)) - Started o.e.j.s.ServletContextHandler@48def09f{/logs,file:///workdir/hadoop-ozone/ozonefs/target/log,AVAILABLE}
2019-09-19 10:28:45,506 [Thread-806] INFO  handler.ContextHandler (ContextHandler.java:doStart(781)) - Started o.e.j.s.ServletContextHandler@1a445eb8{/static,jar:file:/home/user/.m2/repository/org/apache/hadoop/hadoop-hdds-server-scm/0.5.0-SNAPSHOT/hadoop-hdds-server-scm-0.5.0-SNAPSHOT.jar!/webapps/static,AVAILABLE}
2019-09-19 10:28:45,568 [Thread-806] INFO  handler.ContextHandler (ContextHandler.java:doStart(781)) - Started o.e.j.w.WebAppContext@1aaa29e0{/,file:///tmp/jetty-0.0.0.0-36619-scm-_-any-8257607353751173096.dir/webapp/,AVAILABLE}{/scm}
2019-09-19 10:28:45,569 [Thread-806] INFO  server.AbstractConnector (AbstractConnector.java:doStart(278)) - Started ServerConnector@256650be{HTTP/1.1,[http/1.1]}{0.0.0.0:36619}
2019-09-19 10:28:45,570 [Thread-806] INFO  server.Server (Server.java:doStart(419)) - Started @76679ms
2019-09-19 10:28:45,571 [Thread-806] INFO  server.BaseHttpServer (BaseHttpServer.java:updateConnectorAddress(213)) - HTTP server of SCM is listening at http://0.0.0.0:36619
2019-09-19 10:28:45,572 [Thread-806] WARN  server.ServerUtils (ServerUtils.java:getDBPath(222)) - ozone.om.db.dirs is not configured. We recommend adding this setting. Falling back to ozone.metadata.dirs instead.
2019-09-19 10:28:45,572 [org.apache.hadoop.util.JvmPauseMonitor$Monitor@2b656fa] INFO  util.JvmPauseMonitor (JvmPauseMonitor.java:run(188)) - Starting JVM pause monitor
2019-09-19 10:28:45,586 [Thread-806] WARN  server.ServerUtils (ServerUtils.java:getDBPath(222)) - ozone.om.db.dirs is not configured. We recommend adding this setting. Falling back to ozone.metadata.dirs instead.
2019-09-19 10:28:45,586 [Thread-806] WARN  server.ServerUtils (ServerUtils.java:getDBPath(222)) - ozone.om.db.dirs is not configured. We recommend adding this setting. Falling back to ozone.metadata.dirs instead.
2019-09-19 10:28:45,587 [Thread-806] INFO  om.OzoneManager (OzoneManager.java:setOMNodeDetails(645)) - OM Service ID is not set. Setting it to the default ID: omServiceIdDefault
2019-09-19 10:28:45,587 [Thread-806] INFO  om.OzoneManager (OzoneManager.java:setOMNodeDetails(651)) - OM Node ID is not set. Setting it to the OmStorage's OmID: 8dfdfb5a-160d-4e9e-a518-127dcf8504f4
2019-09-19 10:28:45,587 [Thread-806] INFO  om.OzoneManager (OzoneManager.java:loadOMHAConfigs(602)) - Found matching OM address with OMServiceId: null, OMNodeId: null, RPC Address: localhost:0 and Ratis port: 9872
2019-09-19 10:28:45,592 | INFO  | SCMAudit | user=jenkins1000 | ip=192.168.157.204 | op=GET_SCM_INFO null | ret=SUCCESS |  
2019-09-19 10:28:45,594 [Thread-806] WARN  server.ServerUtils (ServerUtils.java:getDBPath(222)) - ozone.om.db.dirs is not configured. We recommend adding this setting. Falling back to ozone.metadata.dirs instead.
2019-09-19 10:28:45,594 [Thread-806] INFO  db.DBStoreBuilder (DBStoreBuilder.java:addTable(110)) - using custom profile for table: userTable
2019-09-19 10:28:45,595 [Thread-806] INFO  db.DBStoreBuilder (DBStoreBuilder.java:processTables(161)) - Using default column profile:DBProfile.DISK for Table:userTable
2019-09-19 10:28:45,595 [Thread-806] INFO  db.DBStoreBuilder (DBStoreBuilder.java:addTable(110)) - using custom profile for table: volumeTable
2019-09-19 10:28:45,595 [Thread-806] INFO  db.DBStoreBuilder (DBStoreBuilder.java:processTables(161)) - Using default column profile:DBProfile.DISK for Table:volumeTable
2019-09-19 10:28:45,595 [Thread-806] INFO  db.DBStoreBuilder (DBStoreBuilder.java:addTable(110)) - using custom profile for table: bucketTable
2019-09-19 10:28:45,595 [Thread-806] INFO  db.DBStoreBuilder (DBStoreBuilder.java:processTables(161)) - Using default column profile:DBProfile.DISK for Table:bucketTable
2019-09-19 10:28:45,596 [Thread-806] INFO  db.DBStoreBuilder (DBStoreBuilder.java:addTable(110)) - using custom profile for table: keyTable
2019-09-19 10:28:45,596 [Thread-806] INFO  db.DBStoreBuilder (DBStoreBuilder.java:processTables(161)) - Using default column profile:DBProfile.DISK for Table:keyTable
2019-09-19 10:28:45,596 [Thread-806] INFO  db.DBStoreBuilder (DBStoreBuilder.java:addTable(110)) - using custom profile for table: deletedTable
2019-09-19 10:28:45,596 [Thread-806] INFO  db.DBStoreBuilder (DBStoreBuilder.java:processTables(161)) - Using default column profile:DBProfile.DISK for Table:deletedTable
2019-09-19 10:28:45,596 [Thread-806] INFO  db.DBStoreBuilder (DBStoreBuilder.java:addTable(110)) - using custom profile for table: openKeyTable
2019-09-19 10:28:45,597 [Thread-806] INFO  db.DBStoreBuilder (DBStoreBuilder.java:processTables(161)) - Using default column profile:DBProfile.DISK for Table:openKeyTable
2019-09-19 10:28:45,597 [Thread-806] INFO  db.DBStoreBuilder (DBStoreBuilder.java:addTable(110)) - using custom profile for table: s3Table
2019-09-19 10:28:45,597 [Thread-806] INFO  db.DBStoreBuilder (DBStoreBuilder.java:processTables(161)) - Using default column profile:DBProfile.DISK for Table:s3Table
2019-09-19 10:28:45,597 [Thread-806] INFO  db.DBStoreBuilder (DBStoreBuilder.java:addTable(110)) - using custom profile for table: multipartInfoTable
2019-09-19 10:28:45,597 [Thread-806] INFO  db.DBStoreBuilder (DBStoreBuilder.java:processTables(161)) - Using default column profile:DBProfile.DISK for Table:multipartInfoTable
2019-09-19 10:28:45,598 [Thread-806] INFO  db.DBStoreBuilder (DBStoreBuilder.java:addTable(110)) - using custom profile for table: dTokenTable
2019-09-19 10:28:45,598 [Thread-806] INFO  db.DBStoreBuilder (DBStoreBuilder.java:processTables(161)) - Using default column profile:DBProfile.DISK for Table:dTokenTable
2019-09-19 10:28:45,598 [Thread-806] INFO  db.DBStoreBuilder (DBStoreBuilder.java:addTable(110)) - using custom profile for table: s3SecretTable
2019-09-19 10:28:45,598 [Thread-806] INFO  db.DBStoreBuilder (DBStoreBuilder.java:processTables(161)) - Using default column profile:DBProfile.DISK for Table:s3SecretTable
2019-09-19 10:28:45,599 [Thread-806] INFO  db.DBStoreBuilder (DBStoreBuilder.java:addTable(110)) - using custom profile for table: prefixTable
2019-09-19 10:28:45,599 [Thread-806] INFO  db.DBStoreBuilder (DBStoreBuilder.java:processTables(161)) - Using default column profile:DBProfile.DISK for Table:prefixTable
2019-09-19 10:28:45,599 [Thread-806] INFO  db.DBStoreBuilder (DBStoreBuilder.java:addTable(110)) - using custom profile for table: default
2019-09-19 10:28:45,599 [Thread-806] INFO  db.DBStoreBuilder (DBStoreBuilder.java:processTables(167)) - Using default column profile:DBProfile.DISK for Table:default
2019-09-19 10:28:45,599 [Thread-806] INFO  db.DBStoreBuilder (DBStoreBuilder.java:getDbProfile(198)) - Using default options. DBProfile.DISK
2019-09-19 10:28:48,794 [Thread-806] INFO  ipc.CallQueueManager (CallQueueManager.java:<init>(84)) - Using callQueue: class java.util.concurrent.LinkedBlockingQueue, queueCapacity: 2000, scheduler: class org.apache.hadoop.ipc.DefaultRpcScheduler, ipcBackoff: false.
2019-09-19 10:28:48,796 [Socket Reader #1 for port 35321] INFO  ipc.Server (Server.java:run(1074)) - Starting Socket Reader #1 for port 35321
2019-09-19 10:28:48,816 [Thread-806] INFO  om.OzoneManager (OzoneManager.java:start(1256)) - OzoneManager RPC server is listening at localhost/127.0.0.1:35321
2019-09-19 10:28:48,816 [Thread-806] INFO  impl.MetricsSystemImpl (MetricsSystemImpl.java:init(158)) - OzoneManager metrics system started (again)
2019-09-19 10:28:48,817 [IPC Server Responder] INFO  ipc.Server (Server.java:run(1314)) - IPC Server Responder: starting
2019-09-19 10:28:48,817 [IPC Server listener on 35321] INFO  ipc.Server (Server.java:run(1153)) - IPC Server listener on 35321: starting
2019-09-19 10:28:48,823 [Thread-806] INFO  hdfs.DFSUtil (DFSUtil.java:httpServerTemplateForNNAndJN(1641)) - Starting Web-server for ozoneManager at: http://0.0.0.0:0
2019-09-19 10:28:48,826 [Thread-806] INFO  server.AuthenticationFilter (AuthenticationFilter.java:constructSecretProvider(240)) - Unable to initialize FileSignerSecretProvider, falling back to use random secrets.
2019-09-19 10:28:48,826 [Thread-806] WARN  http.HttpRequestLog (HttpRequestLog.java:getRequestLog(97)) - Jetty request log can only be enabled using Log4j
2019-09-19 10:28:48,828 [Thread-806] INFO  http.HttpServer2 (HttpServer2.java:addGlobalFilter(975)) - Added global filter 'safety' (class=org.apache.hadoop.http.HttpServer2$QuotingInputFilter)
2019-09-19 10:28:48,829 [Thread-806] INFO  http.HttpServer2 (HttpServer2.java:addFilter(948)) - Added filter static_user_filter (class=org.apache.hadoop.http.lib.StaticUserWebFilter$StaticUserFilter) to context ozoneManager
2019-09-19 10:28:48,829 [Thread-806] INFO  http.HttpServer2 (HttpServer2.java:addFilter(958)) - Added filter static_user_filter (class=org.apache.hadoop.http.lib.StaticUserWebFilter$StaticUserFilter) to context logs
2019-09-19 10:28:48,829 [Thread-806] INFO  http.HttpServer2 (HttpServer2.java:addFilter(958)) - Added filter static_user_filter (class=org.apache.hadoop.http.lib.StaticUserWebFilter$StaticUserFilter) to context static
2019-09-19 10:28:48,830 [Thread-806] INFO  http.HttpServer2 (HttpServer2.java:bindListener(1191)) - Jetty bound to port 37834
2019-09-19 10:28:48,830 [Thread-806] INFO  server.Server (Server.java:doStart(351)) - jetty-9.3.24.v20180605, build timestamp: 2018-06-05T17:11:56Z, git hash: 84205aa28f11a4f31f2a3b86d1bba2cc8ab69827
2019-09-19 10:28:48,832 [Thread-806] INFO  handler.ContextHandler (ContextHandler.java:doStart(781)) - Started o.e.j.s.ServletContextHandler@75b17671{/logs,file:///workdir/hadoop-ozone/ozonefs/target/log,AVAILABLE}
2019-09-19 10:28:48,832 [Thread-806] INFO  handler.ContextHandler (ContextHandler.java:doStart(781)) - Started o.e.j.s.ServletContextHandler@5e889d7b{/static,jar:file:/home/user/.m2/repository/org/apache/hadoop/hadoop-ozone-ozone-manager/0.5.0-SNAPSHOT/hadoop-ozone-ozone-manager-0.5.0-SNAPSHOT.jar!/webapps/static,AVAILABLE}
2019-09-19 10:28:48,879 [Thread-806] INFO  handler.ContextHandler (ContextHandler.java:doStart(781)) - Started o.e.j.w.WebAppContext@60fae4c1{/,file:///tmp/jetty-0.0.0.0-37834-ozoneManager-_-any-2511789651849916492.dir/webapp/,AVAILABLE}{/ozoneManager}
2019-09-19 10:28:48,880 [Thread-806] INFO  server.AbstractConnector (AbstractConnector.java:doStart(278)) - Started ServerConnector@2acb0ea3{HTTP/1.1,[http/1.1]}{0.0.0.0:37834}
2019-09-19 10:28:48,881 [Thread-806] INFO  server.Server (Server.java:doStart(419)) - Started @79990ms
2019-09-19 10:28:48,881 [Thread-806] INFO  server.BaseHttpServer (BaseHttpServer.java:updateConnectorAddress(213)) - HTTP server of OZONEMANAGER is listening at http://0.0.0.0:37834
2019-09-19 10:28:48,889 [Thread-806] INFO  impl.MetricsSystemImpl (MetricsSystemImpl.java:init(158)) - HddsDatanode metrics system started (again)
2019-09-19 10:28:48,891 [Thread-806] INFO  ozone.HddsDatanodeService (HddsDatanodeService.java:start(184)) - HddsDatanodeService host:pr-hdds-1569-cpgw4-1311585219 ip:192.168.157.204
2019-09-19 10:28:48,897 [Thread-806] INFO  volume.HddsVolume (HddsVolume.java:<init>(176)) - Creating Volume: /workdir/hadoop-ozone/ozonefs/target/test-dir/MiniOzoneClusterImpl-4dc1f89a-70ec-4312-8322-55acd7e6c345/datanode-0/data/containers/hdds of  storage type : DISK and capacity : 1482555576320
2019-09-19 10:28:48,898 [Thread-806] INFO  volume.VolumeSet (VolumeSet.java:initializeVolumeSet(170)) - Added Volume : /workdir/hadoop-ozone/ozonefs/target/test-dir/MiniOzoneClusterImpl-4dc1f89a-70ec-4312-8322-55acd7e6c345/datanode-0/data/containers/hdds to VolumeSet
2019-09-19 10:28:48,898 [Thread-806] INFO  volume.ThrottledAsyncChecker (ThrottledAsyncChecker.java:schedule(140)) - Scheduling a check for org.apache.hadoop.ozone.container.common.volume.HddsVolume@609e34a3
2019-09-19 10:28:48,898 [Thread-806] INFO  volume.HddsVolumeChecker (HddsVolumeChecker.java:checkAllVolumes(203)) - Scheduled health check for volume org.apache.hadoop.ozone.container.common.volume.HddsVolume@609e34a3
2019-09-19 10:28:48,920 [Thread-806] INFO  impl.RaftServerProxy (ConfUtils.java:logGet(43)) - raft.rpc.type = GRPC (default)
2019-09-19 10:28:48,920 [Thread-806] INFO  grpc.GrpcFactory (GrpcFactory.java:checkPooledByteBufAllocatorUseCacheForAllThreads(45)) - PERFORMANCE WARNING: useCacheForAllThreads is true that may cause Netty to create a lot garbage objects and, as a result, trigger GC.
	It is recommended to disable useCacheForAllThreads by setting -Dorg.apache.ratis.thirdparty.io.netty.allocator.useCacheForAllThreads=false in command line.
2019-09-19 10:28:48,920 [Thread-806] INFO  grpc.GrpcConfigKeys$Server (ConfUtils.java:logGet(43)) - raft.grpc.server.port = 0 (default)
2019-09-19 10:28:48,920 [Thread-806] INFO  server.GrpcService (ConfUtils.java:logGet(43)) - raft.grpc.message.size.max = 33570816 (custom)
2019-09-19 10:28:48,920 [Thread-806] INFO  server.RaftServerConfigKeys (ConfUtils.java:logGet(43)) - raft.server.log.appender.buffer.byte-limit = 33554432 (custom)
2019-09-19 10:28:48,921 [Thread-806] INFO  server.GrpcService (ConfUtils.java:logGet(43)) - raft.grpc.flow.control.window = 1MB (=1048576) (default)
2019-09-19 10:28:48,921 [Thread-806] INFO  server.RaftServerConfigKeys (ConfUtils.java:logGet(43)) - raft.server.rpc.request.timeout = 3000ms (default)
2019-09-19 10:28:48,921 [Thread-806] INFO  server.RaftServerConfigKeys (ConfUtils.java:logGet(43)) - raft.server.storage.dir = [/workdir/hadoop-ozone/ozonefs/target/test-dir/MiniOzoneClusterImpl-4dc1f89a-70ec-4312-8322-55acd7e6c345/datanode-0/data/ratis] (custom)
2019-09-19 10:28:48,922 [Thread-806] INFO  replication.SimpleContainerDownloader (SimpleContainerDownloader.java:<init>(72)) - Starting container downloader service to copy containers to replicate.
2019-09-19 10:28:48,923 [Thread-806] INFO  hdfs.DFSUtil (DFSUtil.java:httpServerTemplateForNNAndJN(1641)) - Starting Web-server for hddsDatanode at: http://0.0.0.0:0
2019-09-19 10:28:48,925 [Thread-806] INFO  server.AuthenticationFilter (AuthenticationFilter.java:constructSecretProvider(240)) - Unable to initialize FileSignerSecretProvider, falling back to use random secrets.
2019-09-19 10:28:48,925 [Thread-806] WARN  http.HttpRequestLog (HttpRequestLog.java:getRequestLog(97)) - Jetty request log can only be enabled using Log4j
2019-09-19 10:28:48,928 [Thread-806] INFO  http.HttpServer2 (HttpServer2.java:addGlobalFilter(975)) - Added global filter 'safety' (class=org.apache.hadoop.http.HttpServer2$QuotingInputFilter)
2019-09-19 10:28:48,929 [Thread-806] INFO  http.HttpServer2 (HttpServer2.java:addFilter(948)) - Added filter static_user_filter (class=org.apache.hadoop.http.lib.StaticUserWebFilter$StaticUserFilter) to context hddsDatanode
2019-09-19 10:28:48,929 [Thread-806] INFO  http.HttpServer2 (HttpServer2.java:addFilter(958)) - Added filter static_user_filter (class=org.apache.hadoop.http.lib.StaticUserWebFilter$StaticUserFilter) to context logs
2019-09-19 10:28:48,929 [Thread-806] INFO  http.HttpServer2 (HttpServer2.java:addFilter(958)) - Added filter static_user_filter (class=org.apache.hadoop.http.lib.StaticUserWebFilter$StaticUserFilter) to context static
2019-09-19 10:28:48,930 [Thread-806] INFO  http.HttpServer2 (HttpServer2.java:bindListener(1191)) - Jetty bound to port 39768
2019-09-19 10:28:48,930 [Thread-806] INFO  server.Server (Server.java:doStart(351)) - jetty-9.3.24.v20180605, build timestamp: 2018-06-05T17:11:56Z, git hash: 84205aa28f11a4f31f2a3b86d1bba2cc8ab69827
2019-09-19 10:28:48,932 [Thread-806] INFO  handler.ContextHandler (ContextHandler.java:doStart(781)) - Started o.e.j.s.ServletContextHandler@29cabed4{/logs,file:///workdir/hadoop-ozone/ozonefs/target/log,AVAILABLE}
2019-09-19 10:28:48,933 [Thread-806] INFO  handler.ContextHandler (ContextHandler.java:doStart(781)) - Started o.e.j.s.ServletContextHandler@79f4feca{/static,jar:file:/home/user/.m2/repository/org/apache/hadoop/hadoop-hdds-container-service/0.5.0-SNAPSHOT/hadoop-hdds-container-service-0.5.0-SNAPSHOT.jar!/webapps/static,AVAILABLE}
2019-09-19 10:28:48,966 [Thread-806] INFO  handler.ContextHandler (ContextHandler.java:doStart(781)) - Started o.e.j.w.WebAppContext@51ca32ff{/,file:///tmp/jetty-0.0.0.0-39768-hddsDatanode-_-any-5137691354234687202.dir/webapp/,AVAILABLE}{/hddsDatanode}
2019-09-19 10:28:48,967 [Thread-806] INFO  server.AbstractConnector (AbstractConnector.java:doStart(278)) - Started ServerConnector@4de99629{HTTP/1.1,[http/1.1]}{0.0.0.0:39768}
2019-09-19 10:28:48,968 [Thread-806] INFO  server.Server (Server.java:doStart(419)) - Started @80077ms
2019-09-19 10:28:48,969 [Thread-806] INFO  server.BaseHttpServer (BaseHttpServer.java:updateConnectorAddress(213)) - HTTP server of HDDSDATANODE is listening at http://0.0.0.0:39768
2019-09-19 10:28:49,143 | INFO  | ObjectStoreRestHttpServer | Listening HDDS REST traffic on /0.0.0.0:37798 |  
2019-09-19 10:28:49,143 [Thread-806] INFO  ozone.HddsDatanodeService (HddsDatanodeService.java:startPlugins(395)) - Started plug-in org.apache.hadoop.ozone.web.OzoneHddsDatanodeService@24ecdf68
2019-09-19 10:28:49,144 [Thread-806] INFO  impl.MetricsSystemImpl (MetricsSystemImpl.java:init(158)) - HddsDatanode metrics system started (again)
2019-09-19 10:28:49,147 [org.apache.hadoop.util.JvmPauseMonitor$Monitor@64c0463f] INFO  util.JvmPauseMonitor (JvmPauseMonitor.java:run(188)) - Starting JVM pause monitor
2019-09-19 10:28:49,148 [Thread-806] INFO  ozone.HddsDatanodeService (HddsDatanodeService.java:start(184)) - HddsDatanodeService host:pr-hdds-1569-cpgw4-1311585219 ip:192.168.157.204
2019-09-19 10:28:49,152 [Datanode State Machine Thread - 0] INFO  datanode.InitDatanodeState (InitDatanodeState.java:persistContainerDatanodeDetails(140)) - DatanodeDetails is persisted to /workdir/hadoop-ozone/ozonefs/target/test-dir/MiniOzoneClusterImpl-4dc1f89a-70ec-4312-8322-55acd7e6c345/datanode-0/meta/datanode.id
2019-09-19 10:28:49,157 [Thread-806] INFO  volume.HddsVolume (HddsVolume.java:<init>(176)) - Creating Volume: /workdir/hadoop-ozone/ozonefs/target/test-dir/MiniOzoneClusterImpl-4dc1f89a-70ec-4312-8322-55acd7e6c345/datanode-1/data/containers/hdds of  storage type : DISK and capacity : 1482555576320
2019-09-19 10:28:49,158 [Thread-806] INFO  volume.VolumeSet (VolumeSet.java:initializeVolumeSet(170)) - Added Volume : /workdir/hadoop-ozone/ozonefs/target/test-dir/MiniOzoneClusterImpl-4dc1f89a-70ec-4312-8322-55acd7e6c345/datanode-1/data/containers/hdds to VolumeSet
2019-09-19 10:28:49,158 [Thread-806] INFO  volume.ThrottledAsyncChecker (ThrottledAsyncChecker.java:schedule(140)) - Scheduling a check for org.apache.hadoop.ozone.container.common.volume.HddsVolume@3627e598
2019-09-19 10:28:49,158 [Thread-806] INFO  volume.HddsVolumeChecker (HddsVolumeChecker.java:checkAllVolumes(203)) - Scheduled health check for volume org.apache.hadoop.ozone.container.common.volume.HddsVolume@3627e598
2019-09-19 10:28:49,185 [Thread-806] INFO  impl.RaftServerProxy (ConfUtils.java:logGet(43)) - raft.rpc.type = GRPC (default)
2019-09-19 10:28:49,186 [Thread-806] INFO  grpc.GrpcFactory (GrpcFactory.java:checkPooledByteBufAllocatorUseCacheForAllThreads(45)) - PERFORMANCE WARNING: useCacheForAllThreads is true that may cause Netty to create a lot garbage objects and, as a result, trigger GC.
	It is recommended to disable useCacheForAllThreads by setting -Dorg.apache.ratis.thirdparty.io.netty.allocator.useCacheForAllThreads=false in command line.
2019-09-19 10:28:49,186 [Thread-806] INFO  grpc.GrpcConfigKeys$Server (ConfUtils.java:logGet(43)) - raft.grpc.server.port = 0 (default)
2019-09-19 10:28:49,186 [Thread-806] INFO  server.GrpcService (ConfUtils.java:logGet(43)) - raft.grpc.message.size.max = 33570816 (custom)
2019-09-19 10:28:49,186 [Thread-806] INFO  server.RaftServerConfigKeys (ConfUtils.java:logGet(43)) - raft.server.log.appender.buffer.byte-limit = 33554432 (custom)
2019-09-19 10:28:49,187 [Thread-806] INFO  server.GrpcService (ConfUtils.java:logGet(43)) - raft.grpc.flow.control.window = 1MB (=1048576) (default)
2019-09-19 10:28:49,187 [Thread-806] INFO  server.RaftServerConfigKeys (ConfUtils.java:logGet(43)) - raft.server.rpc.request.timeout = 3000ms (default)
2019-09-19 10:28:49,187 [Thread-806] INFO  server.RaftServerConfigKeys (ConfUtils.java:logGet(43)) - raft.server.storage.dir = [/workdir/hadoop-ozone/ozonefs/target/test-dir/MiniOzoneClusterImpl-4dc1f89a-70ec-4312-8322-55acd7e6c345/datanode-1/data/ratis] (custom)
2019-09-19 10:28:49,188 [Thread-806] INFO  replication.SimpleContainerDownloader (SimpleContainerDownloader.java:<init>(72)) - Starting container downloader service to copy containers to replicate.
2019-09-19 10:28:49,189 [Thread-806] INFO  hdfs.DFSUtil (DFSUtil.java:httpServerTemplateForNNAndJN(1641)) - Starting Web-server for hddsDatanode at: http://0.0.0.0:0
2019-09-19 10:28:49,193 [Thread-806] INFO  server.AuthenticationFilter (AuthenticationFilter.java:constructSecretProvider(240)) - Unable to initialize FileSignerSecretProvider, falling back to use random secrets.
2019-09-19 10:28:49,194 [Thread-806] WARN  http.HttpRequestLog (HttpRequestLog.java:getRequestLog(97)) - Jetty request log can only be enabled using Log4j
2019-09-19 10:28:49,198 [Thread-806] INFO  http.HttpServer2 (HttpServer2.java:addGlobalFilter(975)) - Added global filter 'safety' (class=org.apache.hadoop.http.HttpServer2$QuotingInputFilter)
2019-09-19 10:28:49,199 [Thread-806] INFO  http.HttpServer2 (HttpServer2.java:addFilter(948)) - Added filter static_user_filter (class=org.apache.hadoop.http.lib.StaticUserWebFilter$StaticUserFilter) to context hddsDatanode
2019-09-19 10:28:49,199 [Thread-806] INFO  http.HttpServer2 (HttpServer2.java:addFilter(958)) - Added filter static_user_filter (class=org.apache.hadoop.http.lib.StaticUserWebFilter$StaticUserFilter) to context logs
2019-09-19 10:28:49,200 [Thread-806] INFO  http.HttpServer2 (HttpServer2.java:addFilter(958)) - Added filter static_user_filter (class=org.apache.hadoop.http.lib.StaticUserWebFilter$StaticUserFilter) to context static
2019-09-19 10:28:49,201 [Thread-806] INFO  http.HttpServer2 (HttpServer2.java:bindListener(1191)) - Jetty bound to port 41534
2019-09-19 10:28:49,201 [Thread-806] INFO  server.Server (Server.java:doStart(351)) - jetty-9.3.24.v20180605, build timestamp: 2018-06-05T17:11:56Z, git hash: 84205aa28f11a4f31f2a3b86d1bba2cc8ab69827
2019-09-19 10:28:49,205 [Thread-806] INFO  handler.ContextHandler (ContextHandler.java:doStart(781)) - Started o.e.j.s.ServletContextHandler@2e25dfb{/logs,file:///workdir/hadoop-ozone/ozonefs/target/log,AVAILABLE}
2019-09-19 10:28:49,206 [Thread-806] INFO  handler.ContextHandler (ContextHandler.java:doStart(781)) - Started o.e.j.s.ServletContextHandler@2d00678a{/static,jar:file:/home/user/.m2/repository/org/apache/hadoop/hadoop-hdds-container-service/0.5.0-SNAPSHOT/hadoop-hdds-container-service-0.5.0-SNAPSHOT.jar!/webapps/static,AVAILABLE}
2019-09-19 10:28:49,251 [Thread-806] INFO  handler.ContextHandler (ContextHandler.java:doStart(781)) - Started o.e.j.w.WebAppContext@11cfd9db{/,file:///tmp/jetty-0.0.0.0-41534-hddsDatanode-_-any-28486891912366226.dir/webapp/,AVAILABLE}{/hddsDatanode}
2019-09-19 10:28:49,252 [Thread-806] INFO  server.AbstractConnector (AbstractConnector.java:doStart(278)) - Started ServerConnector@55f8dd32{HTTP/1.1,[http/1.1]}{0.0.0.0:41534}
2019-09-19 10:28:49,253 [Thread-806] INFO  server.Server (Server.java:doStart(419)) - Started @80362ms
2019-09-19 10:28:49,254 [Thread-806] INFO  server.BaseHttpServer (BaseHttpServer.java:updateConnectorAddress(213)) - HTTP server of HDDSDATANODE is listening at http://0.0.0.0:41534
2019-09-19 10:28:49,409 | INFO  | ObjectStoreRestHttpServer | Listening HDDS REST traffic on /0.0.0.0:46845 |  
2019-09-19 10:28:49,410 [Thread-806] INFO  ozone.HddsDatanodeService (HddsDatanodeService.java:startPlugins(395)) - Started plug-in org.apache.hadoop.ozone.web.OzoneHddsDatanodeService@655347c5
2019-09-19 10:28:49,410 [Thread-806] INFO  impl.MetricsSystemImpl (MetricsSystemImpl.java:init(158)) - HddsDatanode metrics system started (again)
2019-09-19 10:28:49,413 [org.apache.hadoop.util.JvmPauseMonitor$Monitor@6c085e8c] INFO  util.JvmPauseMonitor (JvmPauseMonitor.java:run(188)) - Starting JVM pause monitor
2019-09-19 10:28:49,415 [Thread-806] INFO  ozone.HddsDatanodeService (HddsDatanodeService.java:start(184)) - HddsDatanodeService host:pr-hdds-1569-cpgw4-1311585219 ip:192.168.157.204
2019-09-19 10:28:49,416 [Datanode State Machine Thread - 0] INFO  datanode.InitDatanodeState (InitDatanodeState.java:persistContainerDatanodeDetails(140)) - DatanodeDetails is persisted to /workdir/hadoop-ozone/ozonefs/target/test-dir/MiniOzoneClusterImpl-4dc1f89a-70ec-4312-8322-55acd7e6c345/datanode-1/meta/datanode.id
2019-09-19 10:28:49,425 [Thread-806] INFO  volume.HddsVolume (HddsVolume.java:<init>(176)) - Creating Volume: /workdir/hadoop-ozone/ozonefs/target/test-dir/MiniOzoneClusterImpl-4dc1f89a-70ec-4312-8322-55acd7e6c345/datanode-2/data/containers/hdds of  storage type : DISK and capacity : 1482555576320
2019-09-19 10:28:49,425 [Thread-806] INFO  volume.VolumeSet (VolumeSet.java:initializeVolumeSet(170)) - Added Volume : /workdir/hadoop-ozone/ozonefs/target/test-dir/MiniOzoneClusterImpl-4dc1f89a-70ec-4312-8322-55acd7e6c345/datanode-2/data/containers/hdds to VolumeSet
2019-09-19 10:28:49,425 [Thread-806] INFO  volume.ThrottledAsyncChecker (ThrottledAsyncChecker.java:schedule(140)) - Scheduling a check for org.apache.hadoop.ozone.container.common.volume.HddsVolume@7fcc05f6
2019-09-19 10:28:49,426 [Thread-806] INFO  volume.HddsVolumeChecker (HddsVolumeChecker.java:checkAllVolumes(203)) - Scheduled health check for volume org.apache.hadoop.ozone.container.common.volume.HddsVolume@7fcc05f6
2019-09-19 10:28:49,458 [Thread-806] INFO  impl.RaftServerProxy (ConfUtils.java:logGet(43)) - raft.rpc.type = GRPC (default)
2019-09-19 10:28:49,459 [Thread-806] INFO  grpc.GrpcFactory (GrpcFactory.java:checkPooledByteBufAllocatorUseCacheForAllThreads(45)) - PERFORMANCE WARNING: useCacheForAllThreads is true that may cause Netty to create a lot garbage objects and, as a result, trigger GC.
	It is recommended to disable useCacheForAllThreads by setting -Dorg.apache.ratis.thirdparty.io.netty.allocator.useCacheForAllThreads=false in command line.
2019-09-19 10:28:49,459 [Thread-806] INFO  grpc.GrpcConfigKeys$Server (ConfUtils.java:logGet(43)) - raft.grpc.server.port = 0 (default)
2019-09-19 10:28:49,459 [Thread-806] INFO  server.GrpcService (ConfUtils.java:logGet(43)) - raft.grpc.message.size.max = 33570816 (custom)
2019-09-19 10:28:49,459 [Thread-806] INFO  server.RaftServerConfigKeys (ConfUtils.java:logGet(43)) - raft.server.log.appender.buffer.byte-limit = 33554432 (custom)
2019-09-19 10:28:49,460 [Thread-806] INFO  server.GrpcService (ConfUtils.java:logGet(43)) - raft.grpc.flow.control.window = 1MB (=1048576) (default)
2019-09-19 10:28:49,460 [Thread-806] INFO  server.RaftServerConfigKeys (ConfUtils.java:logGet(43)) - raft.server.rpc.request.timeout = 3000ms (default)
2019-09-19 10:28:49,461 [Thread-806] INFO  server.RaftServerConfigKeys (ConfUtils.java:logGet(43)) - raft.server.storage.dir = [/workdir/hadoop-ozone/ozonefs/target/test-dir/MiniOzoneClusterImpl-4dc1f89a-70ec-4312-8322-55acd7e6c345/datanode-2/data/ratis] (custom)
2019-09-19 10:28:49,462 [Thread-806] INFO  replication.SimpleContainerDownloader (SimpleContainerDownloader.java:<init>(72)) - Starting container downloader service to copy containers to replicate.
2019-09-19 10:28:49,463 [Thread-806] INFO  hdfs.DFSUtil (DFSUtil.java:httpServerTemplateForNNAndJN(1641)) - Starting Web-server for hddsDatanode at: http://0.0.0.0:0
2019-09-19 10:28:49,468 [Thread-806] INFO  server.AuthenticationFilter (AuthenticationFilter.java:constructSecretProvider(240)) - Unable to initialize FileSignerSecretProvider, falling back to use random secrets.
2019-09-19 10:28:49,469 [Thread-806] WARN  http.HttpRequestLog (HttpRequestLog.java:getRequestLog(97)) - Jetty request log can only be enabled using Log4j
2019-09-19 10:28:49,473 [Thread-806] INFO  http.HttpServer2 (HttpServer2.java:addGlobalFilter(975)) - Added global filter 'safety' (class=org.apache.hadoop.http.HttpServer2$QuotingInputFilter)
2019-09-19 10:28:49,474 [Thread-806] INFO  http.HttpServer2 (HttpServer2.java:addFilter(948)) - Added filter static_user_filter (class=org.apache.hadoop.http.lib.StaticUserWebFilter$StaticUserFilter) to context hddsDatanode
2019-09-19 10:28:49,474 [Thread-806] INFO  http.HttpServer2 (HttpServer2.java:addFilter(958)) - Added filter static_user_filter (class=org.apache.hadoop.http.lib.StaticUserWebFilter$StaticUserFilter) to context static
2019-09-19 10:28:49,474 [Thread-806] INFO  http.HttpServer2 (HttpServer2.java:addFilter(958)) - Added filter static_user_filter (class=org.apache.hadoop.http.lib.StaticUserWebFilter$StaticUserFilter) to context logs
2019-09-19 10:28:49,475 [Thread-806] INFO  http.HttpServer2 (HttpServer2.java:bindListener(1191)) - Jetty bound to port 43733
2019-09-19 10:28:49,475 [Thread-806] INFO  server.Server (Server.java:doStart(351)) - jetty-9.3.24.v20180605, build timestamp: 2018-06-05T17:11:56Z, git hash: 84205aa28f11a4f31f2a3b86d1bba2cc8ab69827
2019-09-19 10:28:49,478 [Thread-806] INFO  handler.ContextHandler (ContextHandler.java:doStart(781)) - Started o.e.j.s.ServletContextHandler@217cbea3{/logs,file:///workdir/hadoop-ozone/ozonefs/target/log,AVAILABLE}
2019-09-19 10:28:49,478 [Thread-806] INFO  handler.ContextHandler (ContextHandler.java:doStart(781)) - Started o.e.j.s.ServletContextHandler@744da2cf{/static,jar:file:/home/user/.m2/repository/org/apache/hadoop/hadoop-hdds-container-service/0.5.0-SNAPSHOT/hadoop-hdds-container-service-0.5.0-SNAPSHOT.jar!/webapps/static,AVAILABLE}
2019-09-19 10:28:49,513 [Thread-806] INFO  handler.ContextHandler (ContextHandler.java:doStart(781)) - Started o.e.j.w.WebAppContext@50e9adf1{/,file:///tmp/jetty-0.0.0.0-43733-hddsDatanode-_-any-4379380238624468873.dir/webapp/,AVAILABLE}{/hddsDatanode}
2019-09-19 10:28:49,514 [Thread-806] INFO  server.AbstractConnector (AbstractConnector.java:doStart(278)) - Started ServerConnector@66a5194a{HTTP/1.1,[http/1.1]}{0.0.0.0:43733}
2019-09-19 10:28:49,516 [Thread-806] INFO  server.Server (Server.java:doStart(419)) - Started @80626ms
2019-09-19 10:28:49,517 [Thread-806] INFO  server.BaseHttpServer (BaseHttpServer.java:updateConnectorAddress(213)) - HTTP server of HDDSDATANODE is listening at http://0.0.0.0:43733
2019-09-19 10:28:49,671 | INFO  | ObjectStoreRestHttpServer | Listening HDDS REST traffic on /0.0.0.0:43636 |  
2019-09-19 10:28:49,671 [Thread-806] INFO  ozone.HddsDatanodeService (HddsDatanodeService.java:startPlugins(395)) - Started plug-in org.apache.hadoop.ozone.web.OzoneHddsDatanodeService@2c0b666c
2019-09-19 10:28:49,672 [Thread-806] INFO  ozone.MiniOzoneClusterImpl (MiniOzoneClusterImpl.java:lambda$waitForClusterToBeReady$0(142)) - Waiting for cluster to be ready. Got 0 of 3 DN Heartbeats.
2019-09-19 10:28:49,673 [org.apache.hadoop.util.JvmPauseMonitor$Monitor@1318d897] INFO  util.JvmPauseMonitor (JvmPauseMonitor.java:run(188)) - Starting JVM pause monitor
2019-09-19 10:28:49,676 [Datanode State Machine Thread - 0] INFO  datanode.InitDatanodeState (InitDatanodeState.java:persistContainerDatanodeDetails(140)) - DatanodeDetails is persisted to /workdir/hadoop-ozone/ozonefs/target/test-dir/MiniOzoneClusterImpl-4dc1f89a-70ec-4312-8322-55acd7e6c345/datanode-2/meta/datanode.id
2019-09-19 10:28:50,672 [Thread-806] INFO  ozone.MiniOzoneClusterImpl (MiniOzoneClusterImpl.java:lambda$waitForClusterToBeReady$0(142)) - Waiting for cluster to be ready. Got 0 of 3 DN Heartbeats.
2019-09-19 10:28:51,151 | INFO  | SCMAudit | user=jenkins1000 | ip=192.168.157.204 | op=GET_VERSION null | ret=SUCCESS |  
2019-09-19 10:28:51,160 [Datanode State Machine Thread - 0] INFO  ozoneimpl.OzoneContainer (OzoneContainer.java:start(186)) - Attempting to start container services.
2019-09-19 10:28:51,161 [Datanode State Machine Thread - 0] INFO  ozoneimpl.OzoneContainer (OzoneContainer.java:startContainerScrub(160)) - Background container scrubber has been disabled by hdds.containerscrub.enabled
2019-09-19 10:28:51,161 [Datanode State Machine Thread - 0] INFO  ratis.XceiverServerRatis (XceiverServerRatis.java:start(404)) - Starting XceiverServerRatis 1ac47008-d118-41b5-aeaa-37dce42fedf0 at port 0
2019-09-19 10:28:51,165 [Datanode State Machine Thread - 0] INFO  impl.RaftServerProxy (RaftServerProxy.java:lambda$start$3(299)) - 1ac47008-d118-41b5-aeaa-37dce42fedf0: start RPC server
2019-09-19 10:28:51,168 [Datanode State Machine Thread - 0] INFO  server.GrpcService (GrpcService.java:startImpl(149)) - 1ac47008-d118-41b5-aeaa-37dce42fedf0: GrpcService started, listening on 0.0.0.0/0.0.0.0:34156
2019-09-19 10:28:51,168 [Datanode State Machine Thread - 0] INFO  ratis.XceiverServerRatis (XceiverServerRatis.java:start(414)) - XceiverServerRatis 1ac47008-d118-41b5-aeaa-37dce42fedf0 is started using port 34156
2019-09-19 10:28:51,172 [Datanode State Machine Thread - 0] INFO  server.XceiverServerGrpc (XceiverServerGrpc.java:start(163)) - XceiverServerGrpc 1ac47008-d118-41b5-aeaa-37dce42fedf0 is started using port 34452
2019-09-19 10:28:51,414 | INFO  | SCMAudit | user=jenkins1000 | ip=192.168.157.204 | op=GET_VERSION null | ret=SUCCESS |  
2019-09-19 10:28:51,430 [Datanode State Machine Thread - 0] INFO  ozoneimpl.OzoneContainer (OzoneContainer.java:start(186)) - Attempting to start container services.
2019-09-19 10:28:51,430 [Datanode State Machine Thread - 0] INFO  ozoneimpl.OzoneContainer (OzoneContainer.java:startContainerScrub(160)) - Background container scrubber has been disabled by hdds.containerscrub.enabled
2019-09-19 10:28:51,430 [Datanode State Machine Thread - 0] INFO  ratis.XceiverServerRatis (XceiverServerRatis.java:start(404)) - Starting XceiverServerRatis 4e4d4400-67d5-4c42-accf-0c5056f48c19 at port 0
2019-09-19 10:28:51,435 [Datanode State Machine Thread - 0] INFO  impl.RaftServerProxy (RaftServerProxy.java:lambda$start$3(299)) - 4e4d4400-67d5-4c42-accf-0c5056f48c19: start RPC server
2019-09-19 10:28:51,436 [Datanode State Machine Thread - 0] INFO  server.GrpcService (GrpcService.java:startImpl(149)) - 4e4d4400-67d5-4c42-accf-0c5056f48c19: GrpcService started, listening on 0.0.0.0/0.0.0.0:44591
2019-09-19 10:28:51,436 [Datanode State Machine Thread - 0] INFO  ratis.XceiverServerRatis (XceiverServerRatis.java:start(414)) - XceiverServerRatis 4e4d4400-67d5-4c42-accf-0c5056f48c19 is started using port 44591
2019-09-19 10:28:51,437 [Datanode State Machine Thread - 0] INFO  server.XceiverServerGrpc (XceiverServerGrpc.java:start(163)) - XceiverServerGrpc 4e4d4400-67d5-4c42-accf-0c5056f48c19 is started using port 36717
2019-09-19 10:28:51,673 [Thread-806] INFO  ozone.MiniOzoneClusterImpl (MiniOzoneClusterImpl.java:lambda$waitForClusterToBeReady$0(142)) - Waiting for cluster to be ready. Got 0 of 3 DN Heartbeats.
2019-09-19 10:28:51,674 | INFO  | SCMAudit | user=jenkins1000 | ip=192.168.157.204 | op=GET_VERSION null | ret=SUCCESS |  
2019-09-19 10:28:51,688 [Datanode State Machine Thread - 0] INFO  ozoneimpl.OzoneContainer (OzoneContainer.java:start(186)) - Attempting to start container services.
2019-09-19 10:28:51,688 [Datanode State Machine Thread - 0] INFO  ozoneimpl.OzoneContainer (OzoneContainer.java:startContainerScrub(160)) - Background container scrubber has been disabled by hdds.containerscrub.enabled
2019-09-19 10:28:51,688 [Datanode State Machine Thread - 0] INFO  ratis.XceiverServerRatis (XceiverServerRatis.java:start(404)) - Starting XceiverServerRatis bd7a2d95-c10b-4afb-bf2e-edb35f4c5c67 at port 0
2019-09-19 10:28:51,694 [Datanode State Machine Thread - 0] INFO  impl.RaftServerProxy (RaftServerProxy.java:lambda$start$3(299)) - bd7a2d95-c10b-4afb-bf2e-edb35f4c5c67: start RPC server
2019-09-19 10:28:51,695 [Datanode State Machine Thread - 0] INFO  server.GrpcService (GrpcService.java:startImpl(149)) - bd7a2d95-c10b-4afb-bf2e-edb35f4c5c67: GrpcService started, listening on 0.0.0.0/0.0.0.0:36843
2019-09-19 10:28:51,695 [Datanode State Machine Thread - 0] INFO  ratis.XceiverServerRatis (XceiverServerRatis.java:start(414)) - XceiverServerRatis bd7a2d95-c10b-4afb-bf2e-edb35f4c5c67 is started using port 36843
2019-09-19 10:28:51,695 [Datanode State Machine Thread - 0] INFO  server.XceiverServerGrpc (XceiverServerGrpc.java:start(163)) - XceiverServerGrpc bd7a2d95-c10b-4afb-bf2e-edb35f4c5c67 is started using port 46842
2019-09-19 10:28:52,673 [Thread-806] INFO  ozone.MiniOzoneClusterImpl (MiniOzoneClusterImpl.java:lambda$waitForClusterToBeReady$0(142)) - Waiting for cluster to be ready. Got 0 of 3 DN Heartbeats.
2019-09-19 10:28:53,153 [IPC Server handler 1 on 35635] INFO  net.NetworkTopology (NetworkTopologyImpl.java:add(110)) - Added a new node: /default-rack/1ac47008-d118-41b5-aeaa-37dce42fedf0
2019-09-19 10:28:53,157 [IPC Server handler 1 on 35635] INFO  node.SCMNodeManager (SCMNodeManager.java:register(273)) - Registered Data node : 1ac47008-d118-41b5-aeaa-37dce42fedf0{ip: 192.168.157.204, host: pr-hdds-1569-cpgw4-1311585219, networkLocation: /default-rack, certSerialId: null}
2019-09-19 10:28:53,161 [EventQueue-NodeRegistrationContainerReportForDataNodeSafeModeRule] INFO  safemode.SCMSafeModeManager (DataNodeSafeModeRule.java:process(71)) - SCM in safe mode. 1 DataNodes registered, 1 required.
2019-09-19 10:28:53,161 | INFO  | SCMAudit | user=jenkins1000 | ip=192.168.157.204 | op=REGISTER {datanodeDetails=1ac47008-d118-41b5-aeaa-37dce42fedf0{ip: 192.168.157.204, host: pr-hdds-1569-cpgw4-1311585219, networkLocation: /default-rack, certSerialId: null}} | ret=SUCCESS |  
2019-09-19 10:28:53,170 [EventQueue-NodeRegistrationContainerReportForDataNodeSafeModeRule] INFO  safemode.SCMSafeModeManager (SCMSafeModeManager.java:validateSafeModeExitRules(177)) - ScmSafeModeManager, all rules are successfully validated
2019-09-19 10:28:53,170 [EventQueue-NodeRegistrationContainerReportForDataNodeSafeModeRule] INFO  safemode.SCMSafeModeManager (SCMSafeModeManager.java:exitSafeMode(193)) - SCM exiting safe mode.
2019-09-19 10:28:53,182 [grpc-default-executor-0] INFO  impl.RaftServerProxy (RaftServerProxy.java:addNew(89)) - 1ac47008-d118-41b5-aeaa-37dce42fedf0: addNew group-200252B81DB8:[1ac47008-d118-41b5-aeaa-37dce42fedf0:192.168.157.204:34156] returns group-200252B81DB8:java.util.concurrent.CompletableFuture@3b6cea89[Not completed]
2019-09-19 10:28:53,183 [pool-186-thread-1] INFO  impl.RaftServerImpl (RaftServerImpl.java:<init>(93)) - 1ac47008-d118-41b5-aeaa-37dce42fedf0: new RaftServerImpl for group-200252B81DB8:[1ac47008-d118-41b5-aeaa-37dce42fedf0:192.168.157.204:34156] with ContainerStateMachine:uninitialized
2019-09-19 10:28:53,183 [pool-186-thread-1] INFO  server.RaftServerConfigKeys (ConfUtils.java:logGet(43)) - raft.server.rpc.timeout.min = 5s (custom)
2019-09-19 10:28:53,183 [pool-186-thread-1] INFO  server.RaftServerConfigKeys (ConfUtils.java:logGet(43)) - raft.server.rpc.timeout.max = 5200ms (custom)
2019-09-19 10:28:53,184 [pool-186-thread-1] INFO  server.RaftServerConfigKeys (ConfUtils.java:logGet(43)) - raft.server.rpcslowness.timeout = 120s (custom)
2019-09-19 10:28:53,184 [pool-186-thread-1] INFO  server.RaftServerConfigKeys (ConfUtils.java:logGet(43)) - raft.server.sleep.deviation.threshold = 300 (default)
2019-09-19 10:28:53,184 [pool-186-thread-1] INFO  server.RaftServerConfigKeys (ConfUtils.java:logGet(43)) - raft.server.log.appender.install.snapshot.enabled = false (custom)
2019-09-19 10:28:53,184 [pool-186-thread-1] INFO  impl.RaftServerImpl (ServerState.java:<init>(105)) - 1ac47008-d118-41b5-aeaa-37dce42fedf0:group-200252B81DB8 ConfigurationManager, init=-1: [1ac47008-d118-41b5-aeaa-37dce42fedf0:192.168.157.204:34156], old=null, confs=<EMPTY_MAP>
2019-09-19 10:28:53,184 [pool-186-thread-1] INFO  server.RaftServerConfigKeys (ConfUtils.java:logGet(43)) - raft.server.storage.dir = [/workdir/hadoop-ozone/ozonefs/target/test-dir/MiniOzoneClusterImpl-4dc1f89a-70ec-4312-8322-55acd7e6c345/datanode-0/data/ratis] (custom)
2019-09-19 10:28:53,185 [pool-186-thread-1] INFO  storage.RaftStorageDirectory (RaftStorageDirectory.java:analyzeStorage(246)) - The storage directory /workdir/hadoop-ozone/ozonefs/target/test-dir/MiniOzoneClusterImpl-4dc1f89a-70ec-4312-8322-55acd7e6c345/datanode-0/data/ratis/4a5ec0cd-0da5-4cab-9578-200252b81db8 does not exist. Creating ...
2019-09-19 10:28:53,198 [pool-186-thread-1] INFO  storage.RaftStorageDirectory (RaftStorageDirectory.java:tryLock(328)) - Lock on /workdir/hadoop-ozone/ozonefs/target/test-dir/MiniOzoneClusterImpl-4dc1f89a-70ec-4312-8322-55acd7e6c345/datanode-0/data/ratis/4a5ec0cd-0da5-4cab-9578-200252b81db8/in_use.lock acquired by nodename 28323@pr-hdds-1569-cpgw4-1311585219
2019-09-19 10:28:53,211 [pool-186-thread-1] INFO  storage.RaftStorage (RaftStorage.java:format(72)) - Storage directory /workdir/hadoop-ozone/ozonefs/target/test-dir/MiniOzoneClusterImpl-4dc1f89a-70ec-4312-8322-55acd7e6c345/datanode-0/data/ratis/4a5ec0cd-0da5-4cab-9578-200252b81db8 has been successfully formatted.
2019-09-19 10:28:53,212 [pool-186-thread-1] INFO  ratis.ContainerStateMachine (ContainerStateMachine.java:loadSnapshot(226)) - group-200252B81DB8: The snapshot info is null. Setting the last applied indexto:(t:0, i:~)
2019-09-19 10:28:53,212 [pool-186-thread-1] INFO  server.RaftServerConfigKeys (ConfUtils.java:logGet(43)) - raft.server.leader.election.timeout = 120s (custom)
2019-09-19 10:28:53,212 [pool-186-thread-1] INFO  server.RaftServerConfigKeys (ConfUtils.java:logGet(43)) - raft.server.log.use.memory = false (default)
2019-09-19 10:28:53,212 [pool-186-thread-1] INFO  server.RaftServerConfigKeys (ConfUtils.java:logGet(43)) - raft.server.log.purge.gap = 1000000 (custom)
2019-09-19 10:28:53,212 [pool-186-thread-1] INFO  server.RaftServerConfigKeys (ConfUtils.java:logGet(43)) - raft.server.log.appender.buffer.byte-limit = 33554432 (custom)
2019-09-19 10:28:53,212 [pool-186-thread-1] INFO  server.RaftServerConfigKeys (ConfUtils.java:logGet(43)) - raft.server.log.segment.size.max = 1048576 (custom)
2019-09-19 10:28:53,213 [pool-186-thread-1] INFO  server.RaftServerConfigKeys (ConfUtils.java:logGet(43)) - raft.server.log.segment.cache.num.max = 2 (custom)
2019-09-19 10:28:53,213 [pool-186-thread-1] INFO  segmented.SegmentedRaftLogWorker (SegmentedRaftLogWorker.java:<init>(172)) - new 1ac47008-d118-41b5-aeaa-37dce42fedf0-SegmentedRaftLogWorker:Storage Directory /workdir/hadoop-ozone/ozonefs/target/test-dir/MiniOzoneClusterImpl-4dc1f89a-70ec-4312-8322-55acd7e6c345/datanode-0/data/ratis/4a5ec0cd-0da5-4cab-9578-200252b81db8 for RaftStorage:Storage Directory /workdir/hadoop-ozone/ozonefs/target/test-dir/MiniOzoneClusterImpl-4dc1f89a-70ec-4312-8322-55acd7e6c345/datanode-0/data/ratis/4a5ec0cd-0da5-4cab-9578-200252b81db8
2019-09-19 10:28:53,213 [pool-186-thread-1] INFO  server.RaftServerConfigKeys (ConfUtils.java:logGet(43)) - raft.server.log.queue.byte-limit = 2147483647 (custom)
2019-09-19 10:28:53,213 [pool-186-thread-1] INFO  server.RaftServerConfigKeys (ConfUtils.java:logGet(43)) - raft.server.log.queue.element-limit = 1024 (custom)
2019-09-19 10:28:53,213 [pool-186-thread-1] INFO  server.RaftServerConfigKeys (ConfUtils.java:logGet(43)) - raft.server.log.segment.size.max = 1048576 (custom)
2019-09-19 10:28:53,214 [pool-186-thread-1] INFO  server.RaftServerConfigKeys (ConfUtils.java:logGet(43)) - raft.server.log.preallocated.size = 16384 (custom)
2019-09-19 10:28:53,214 [pool-186-thread-1] INFO  server.RaftServerConfigKeys (ConfUtils.java:logGet(43)) - raft.server.log.write.buffer.size = 33554432 (custom)
2019-09-19 10:28:53,214 [pool-186-thread-1] INFO  server.RaftServerConfigKeys (ConfUtils.java:logGet(43)) - raft.server.log.force.sync.num = 128 (default)
2019-09-19 10:28:53,214 [pool-186-thread-1] INFO  server.RaftServerConfigKeys (ConfUtils.java:logGet(43)) - raft.server.log.statemachine.data.sync = true (default)
2019-09-19 10:28:53,214 [pool-186-thread-1] INFO  server.RaftServerConfigKeys (ConfUtils.java:logGet(43)) - raft.server.log.statemachine.data.sync.timeout = 10s (default)
2019-09-19 10:28:53,214 [pool-186-thread-1] INFO  server.RaftServerConfigKeys (ConfUtils.java:logGet(43)) - raft.server.log.statemachine.data.sync.timeout.retry = -1 (default)
2019-09-19 10:28:53,214 [pool-186-thread-1] INFO  server.RaftServerConfigKeys (ConfUtils.java:logGet(43)) - raft.server.log.statemachine.data.caching.enabled = true (custom)
2019-09-19 10:28:53,215 [pool-186-thread-1] INFO  segmented.SegmentedRaftLogWorker (SegmentedRaftLogWorker.java:lambda$new$0(132)) - 1ac47008-d118-41b5-aeaa-37dce42fedf0-SegmentedRaftLogWorker:Storage Directory /workdir/hadoop-ozone/ozonefs/target/test-dir/MiniOzoneClusterImpl-4dc1f89a-70ec-4312-8322-55acd7e6c345/datanode-0/data/ratis/4a5ec0cd-0da5-4cab-9578-200252b81db8: flushIndex: setUnconditionally 0 -> -1
2019-09-19 10:28:53,215 [pool-186-thread-1] INFO  server.RaftServerConfigKeys (ConfUtils.java:logGet(43)) - raft.server.snapshot.auto.trigger.enabled = true (custom)
2019-09-19 10:28:53,215 [pool-186-thread-1] INFO  server.RaftServerConfigKeys (ConfUtils.java:logGet(43)) - raft.server.snapshot.auto.trigger.threshold = 10000 (custom)
2019-09-19 10:28:53,216 [pool-186-thread-1] INFO  server.RaftServerConfigKeys (ConfUtils.java:logGet(43)) - raft.server.retrycache.expirytime = 600000ms (custom)
2019-09-19 10:28:53,216 [pool-186-thread-1] INFO  impl.RaftServerImpl (RaftServerImpl.java:start(180)) - 1ac47008-d118-41b5-aeaa-37dce42fedf0: start group-200252B81DB8
2019-09-19 10:28:53,216 [pool-186-thread-1] INFO  impl.RaftServerImpl (RaftServerImpl.java:setRole(171)) - 1ac47008-d118-41b5-aeaa-37dce42fedf0:group-200252B81DB8 changes role from null to FOLLOWER at term 0 for startAsFollower
2019-09-19 10:28:53,216 [pool-186-thread-1] INFO  impl.RoleInfo (RoleInfo.java:updateAndGet(143)) - 1ac47008-d118-41b5-aeaa-37dce42fedf0: start FollowerState
2019-09-19 10:28:53,217 [pool-186-thread-1] INFO  util.JmxRegister (JmxRegister.java:tryRegister(44)) - Successfully registered JMX Bean with object name Ratis:service=RaftServer,group=group-200252B81DB8,id=1ac47008-d118-41b5-aeaa-37dce42fedf0
2019-09-19 10:28:53,220 [RatisPipelineUtilsThread] INFO  pipeline.PipelineStateManager (PipelineStateManager.java:addPipeline(56)) - Created pipeline Pipeline[ Id: 4a5ec0cd-0da5-4cab-9578-200252b81db8, Nodes: 1ac47008-d118-41b5-aeaa-37dce42fedf0{ip: 192.168.157.204, host: pr-hdds-1569-cpgw4-1311585219, networkLocation: /default-rack, certSerialId: null}, Type:RATIS, Factor:ONE, State:OPEN]
2019-09-19 10:28:53,225 [grpc-default-executor-0] INFO  impl.RaftServerProxy (RaftServerProxy.java:addNew(89)) - 1ac47008-d118-41b5-aeaa-37dce42fedf0: addNew group-C53379AC1D45:[1ac47008-d118-41b5-aeaa-37dce42fedf0:192.168.157.204:34156] returns group-C53379AC1D45:java.util.concurrent.CompletableFuture@a9d5211[Not completed]
2019-09-19 10:28:53,226 [pool-186-thread-1] INFO  impl.RaftServerImpl (RaftServerImpl.java:<init>(93)) - 1ac47008-d118-41b5-aeaa-37dce42fedf0: new RaftServerImpl for group-C53379AC1D45:[1ac47008-d118-41b5-aeaa-37dce42fedf0:192.168.157.204:34156] with ContainerStateMachine:uninitialized
2019-09-19 10:28:53,226 [pool-186-thread-1] INFO  server.RaftServerConfigKeys (ConfUtils.java:logGet(43)) - raft.server.rpc.timeout.min = 5s (custom)
2019-09-19 10:28:53,226 [pool-186-thread-1] INFO  server.RaftServerConfigKeys (ConfUtils.java:logGet(43)) - raft.server.rpc.timeout.max = 5200ms (custom)
2019-09-19 10:28:53,227 [pool-186-thread-1] INFO  server.RaftServerConfigKeys (ConfUtils.java:logGet(43)) - raft.server.rpcslowness.timeout = 120s (custom)
2019-09-19 10:28:53,227 [pool-186-thread-1] INFO  server.RaftServerConfigKeys (ConfUtils.java:logGet(43)) - raft.server.sleep.deviation.threshold = 300 (default)
2019-09-19 10:28:53,227 [pool-186-thread-1] INFO  server.RaftServerConfigKeys (ConfUtils.java:logGet(43)) - raft.server.log.appender.install.snapshot.enabled = false (custom)
2019-09-19 10:28:53,227 [pool-186-thread-1] INFO  impl.RaftServerImpl (ServerState.java:<init>(105)) - 1ac47008-d118-41b5-aeaa-37dce42fedf0:group-C53379AC1D45 ConfigurationManager, init=-1: [1ac47008-d118-41b5-aeaa-37dce42fedf0:192.168.157.204:34156], old=null, confs=<EMPTY_MAP>
2019-09-19 10:28:53,227 [pool-186-thread-1] INFO  server.RaftServerConfigKeys (ConfUtils.java:logGet(43)) - raft.server.storage.dir = [/workdir/hadoop-ozone/ozonefs/target/test-dir/MiniOzoneClusterImpl-4dc1f89a-70ec-4312-8322-55acd7e6c345/datanode-0/data/ratis] (custom)
2019-09-19 10:28:53,227 [pool-186-thread-1] INFO  storage.RaftStorageDirectory (RaftStorageDirectory.java:analyzeStorage(246)) - The storage directory /workdir/hadoop-ozone/ozonefs/target/test-dir/MiniOzoneClusterImpl-4dc1f89a-70ec-4312-8322-55acd7e6c345/datanode-0/data/ratis/194276a8-fa04-4dd1-a169-c53379ac1d45 does not exist. Creating ...
2019-09-19 10:28:53,231 [pool-186-thread-1] INFO  storage.RaftStorageDirectory (RaftStorageDirectory.java:tryLock(328)) - Lock on /workdir/hadoop-ozone/ozonefs/target/test-dir/MiniOzoneClusterImpl-4dc1f89a-70ec-4312-8322-55acd7e6c345/datanode-0/data/ratis/194276a8-fa04-4dd1-a169-c53379ac1d45/in_use.lock acquired by nodename 28323@pr-hdds-1569-cpgw4-1311585219
2019-09-19 10:28:53,235 [pool-186-thread-1] INFO  storage.RaftStorage (RaftStorage.java:format(72)) - Storage directory /workdir/hadoop-ozone/ozonefs/target/test-dir/MiniOzoneClusterImpl-4dc1f89a-70ec-4312-8322-55acd7e6c345/datanode-0/data/ratis/194276a8-fa04-4dd1-a169-c53379ac1d45 has been successfully formatted.
2019-09-19 10:28:53,235 [pool-186-thread-1] INFO  ratis.ContainerStateMachine (ContainerStateMachine.java:loadSnapshot(226)) - group-C53379AC1D45: The snapshot info is null. Setting the last applied indexto:(t:0, i:~)
2019-09-19 10:28:53,235 [pool-186-thread-1] INFO  server.RaftServerConfigKeys (ConfUtils.java:logGet(43)) - raft.server.leader.election.timeout = 120s (custom)
2019-09-19 10:28:53,235 [pool-186-thread-1] INFO  server.RaftServerConfigKeys (ConfUtils.java:logGet(43)) - raft.server.log.use.memory = false (default)
2019-09-19 10:28:53,235 [pool-186-thread-1] INFO  server.RaftServerConfigKeys (ConfUtils.java:logGet(43)) - raft.server.log.purge.gap = 1000000 (custom)
2019-09-19 10:28:53,236 [pool-186-thread-1] INFO  server.RaftServerConfigKeys (ConfUtils.java:logGet(43)) - raft.server.log.appender.buffer.byte-limit = 33554432 (custom)
2019-09-19 10:28:53,236 [pool-186-thread-1] INFO  server.RaftServerConfigKeys (ConfUtils.java:logGet(43)) - raft.server.log.segment.size.max = 1048576 (custom)
2019-09-19 10:28:53,236 [pool-186-thread-1] INFO  server.RaftServerConfigKeys (ConfUtils.java:logGet(43)) - raft.server.log.segment.cache.num.max = 2 (custom)
2019-09-19 10:28:53,236 [pool-186-thread-1] INFO  segmented.SegmentedRaftLogWorker (SegmentedRaftLogWorker.java:<init>(172)) - new 1ac47008-d118-41b5-aeaa-37dce42fedf0-SegmentedRaftLogWorker:Storage Directory /workdir/hadoop-ozone/ozonefs/target/test-dir/MiniOzoneClusterImpl-4dc1f89a-70ec-4312-8322-55acd7e6c345/datanode-0/data/ratis/194276a8-fa04-4dd1-a169-c53379ac1d45 for RaftStorage:Storage Directory /workdir/hadoop-ozone/ozonefs/target/test-dir/MiniOzoneClusterImpl-4dc1f89a-70ec-4312-8322-55acd7e6c345/datanode-0/data/ratis/194276a8-fa04-4dd1-a169-c53379ac1d45
2019-09-19 10:28:53,236 [pool-186-thread-1] INFO  server.RaftServerConfigKeys (ConfUtils.java:logGet(43)) - raft.server.log.queue.byte-limit = 2147483647 (custom)
2019-09-19 10:28:53,237 [pool-186-thread-1] INFO  server.RaftServerConfigKeys (ConfUtils.java:logGet(43)) - raft.server.log.queue.element-limit = 1024 (custom)
2019-09-19 10:28:53,237 [pool-186-thread-1] INFO  server.RaftServerConfigKeys (ConfUtils.java:logGet(43)) - raft.server.log.segment.size.max = 1048576 (custom)
2019-09-19 10:28:53,237 [pool-186-thread-1] INFO  server.RaftServerConfigKeys (ConfUtils.java:logGet(43)) - raft.server.log.preallocated.size = 16384 (custom)
2019-09-19 10:28:53,237 [pool-186-thread-1] INFO  server.RaftServerConfigKeys (ConfUtils.java:logGet(43)) - raft.server.log.write.buffer.size = 33554432 (custom)
2019-09-19 10:28:53,237 [pool-186-thread-1] INFO  server.RaftServerConfigKeys (ConfUtils.java:logGet(43)) - raft.server.log.force.sync.num = 128 (default)
2019-09-19 10:28:53,237 [pool-186-thread-1] INFO  server.RaftServerConfigKeys (ConfUtils.java:logGet(43)) - raft.server.log.statemachine.data.sync = true (default)
2019-09-19 10:28:53,237 [pool-186-thread-1] INFO  server.RaftServerConfigKeys (ConfUtils.java:logGet(43)) - raft.server.log.statemachine.data.sync.timeout = 10s (default)
2019-09-19 10:28:53,237 [pool-186-thread-1] INFO  server.RaftServerConfigKeys (ConfUtils.java:logGet(43)) - raft.server.log.statemachine.data.sync.timeout.retry = -1 (default)
2019-09-19 10:28:53,238 [pool-186-thread-1] INFO  server.RaftServerConfigKeys (ConfUtils.java:logGet(43)) - raft.server.log.statemachine.data.caching.enabled = true (custom)
2019-09-19 10:28:53,238 [pool-186-thread-1] INFO  segmented.SegmentedRaftLogWorker (SegmentedRaftLogWorker.java:lambda$new$0(132)) - 1ac47008-d118-41b5-aeaa-37dce42fedf0-SegmentedRaftLogWorker:Storage Directory /workdir/hadoop-ozone/ozonefs/target/test-dir/MiniOzoneClusterImpl-4dc1f89a-70ec-4312-8322-55acd7e6c345/datanode-0/data/ratis/194276a8-fa04-4dd1-a169-c53379ac1d45: flushIndex: setUnconditionally 0 -> -1
2019-09-19 10:28:53,238 [pool-186-thread-1] INFO  server.RaftServerConfigKeys (ConfUtils.java:logGet(43)) - raft.server.snapshot.auto.trigger.enabled = true (custom)
2019-09-19 10:28:53,238 [pool-186-thread-1] INFO  server.RaftServerConfigKeys (ConfUtils.java:logGet(43)) - raft.server.snapshot.auto.trigger.threshold = 10000 (custom)
2019-09-19 10:28:53,238 [pool-186-thread-1] INFO  server.RaftServerConfigKeys (ConfUtils.java:logGet(43)) - raft.server.retrycache.expirytime = 600000ms (custom)
2019-09-19 10:28:53,239 [pool-186-thread-1] INFO  impl.RaftServerImpl (RaftServerImpl.java:start(180)) - 1ac47008-d118-41b5-aeaa-37dce42fedf0: start group-C53379AC1D45
2019-09-19 10:28:53,239 [pool-186-thread-1] INFO  impl.RaftServerImpl (RaftServerImpl.java:setRole(171)) - 1ac47008-d118-41b5-aeaa-37dce42fedf0:group-C53379AC1D45 changes role from null to FOLLOWER at term 0 for startAsFollower
2019-09-19 10:28:53,239 [pool-186-thread-1] INFO  impl.RoleInfo (RoleInfo.java:updateAndGet(143)) - 1ac47008-d118-41b5-aeaa-37dce42fedf0: start FollowerState
2019-09-19 10:28:53,239 [pool-186-thread-1] INFO  util.JmxRegister (JmxRegister.java:tryRegister(44)) - Successfully registered JMX Bean with object name Ratis:service=RaftServer,group=group-C53379AC1D45,id=1ac47008-d118-41b5-aeaa-37dce42fedf0
2019-09-19 10:28:53,242 [RatisPipelineUtilsThread] INFO  pipeline.PipelineStateManager (PipelineStateManager.java:addPipeline(56)) - Created pipeline Pipeline[ Id: 194276a8-fa04-4dd1-a169-c53379ac1d45, Nodes: 1ac47008-d118-41b5-aeaa-37dce42fedf0{ip: 192.168.157.204, host: pr-hdds-1569-cpgw4-1311585219, networkLocation: /default-rack, certSerialId: null}, Type:RATIS, Factor:ONE, State:OPEN]
2019-09-19 10:28:53,247 [grpc-default-executor-0] INFO  impl.RaftServerProxy (RaftServerProxy.java:addNew(89)) - 1ac47008-d118-41b5-aeaa-37dce42fedf0: addNew group-2388FF1113AE:[1ac47008-d118-41b5-aeaa-37dce42fedf0:192.168.157.204:34156] returns group-2388FF1113AE:java.util.concurrent.CompletableFuture@5b4315c6[Not completed]
2019-09-19 10:28:53,248 [pool-186-thread-1] INFO  impl.RaftServerImpl (RaftServerImpl.java:<init>(93)) - 1ac47008-d118-41b5-aeaa-37dce42fedf0: new RaftServerImpl for group-2388FF1113AE:[1ac47008-d118-41b5-aeaa-37dce42fedf0:192.168.157.204:34156] with ContainerStateMachine:uninitialized
2019-09-19 10:28:53,248 [pool-186-thread-1] INFO  server.RaftServerConfigKeys (ConfUtils.java:logGet(43)) - raft.server.rpc.timeout.min = 5s (custom)
2019-09-19 10:28:53,248 [pool-186-thread-1] INFO  server.RaftServerConfigKeys (ConfUtils.java:logGet(43)) - raft.server.rpc.timeout.max = 5200ms (custom)
2019-09-19 10:28:53,248 [pool-186-thread-1] INFO  server.RaftServerConfigKeys (ConfUtils.java:logGet(43)) - raft.server.rpcslowness.timeout = 120s (custom)
2019-09-19 10:28:53,249 [pool-186-thread-1] INFO  server.RaftServerConfigKeys (ConfUtils.java:logGet(43)) - raft.server.sleep.deviation.threshold = 300 (default)
2019-09-19 10:28:53,249 [pool-186-thread-1] INFO  server.RaftServerConfigKeys (ConfUtils.java:logGet(43)) - raft.server.log.appender.install.snapshot.enabled = false (custom)
2019-09-19 10:28:53,249 [pool-186-thread-1] INFO  impl.RaftServerImpl (ServerState.java:<init>(105)) - 1ac47008-d118-41b5-aeaa-37dce42fedf0:group-2388FF1113AE ConfigurationManager, init=-1: [1ac47008-d118-41b5-aeaa-37dce42fedf0:192.168.157.204:34156], old=null, confs=<EMPTY_MAP>
2019-09-19 10:28:53,249 [pool-186-thread-1] INFO  server.RaftServerConfigKeys (ConfUtils.java:logGet(43)) - raft.server.storage.dir = [/workdir/hadoop-ozone/ozonefs/target/test-dir/MiniOzoneClusterImpl-4dc1f89a-70ec-4312-8322-55acd7e6c345/datanode-0/data/ratis] (custom)
2019-09-19 10:28:53,249 [pool-186-thread-1] INFO  storage.RaftStorageDirectory (RaftStorageDirectory.java:analyzeStorage(246)) - The storage directory /workdir/hadoop-ozone/ozonefs/target/test-dir/MiniOzoneClusterImpl-4dc1f89a-70ec-4312-8322-55acd7e6c345/datanode-0/data/ratis/a401c260-7d85-45dd-93f5-2388ff1113ae does not exist. Creating ...
2019-09-19 10:28:53,262 [pool-186-thread-1] INFO  storage.RaftStorageDirectory (RaftStorageDirectory.java:tryLock(328)) - Lock on /workdir/hadoop-ozone/ozonefs/target/test-dir/MiniOzoneClusterImpl-4dc1f89a-70ec-4312-8322-55acd7e6c345/datanode-0/data/ratis/a401c260-7d85-45dd-93f5-2388ff1113ae/in_use.lock acquired by nodename 28323@pr-hdds-1569-cpgw4-1311585219
2019-09-19 10:28:53,275 [pool-186-thread-1] INFO  storage.RaftStorage (RaftStorage.java:format(72)) - Storage directory /workdir/hadoop-ozone/ozonefs/target/test-dir/MiniOzoneClusterImpl-4dc1f89a-70ec-4312-8322-55acd7e6c345/datanode-0/data/ratis/a401c260-7d85-45dd-93f5-2388ff1113ae has been successfully formatted.
2019-09-19 10:28:53,275 [pool-186-thread-1] INFO  ratis.ContainerStateMachine (ContainerStateMachine.java:loadSnapshot(226)) - group-2388FF1113AE: The snapshot info is null. Setting the last applied indexto:(t:0, i:~)
2019-09-19 10:28:53,275 [pool-186-thread-1] INFO  server.RaftServerConfigKeys (ConfUtils.java:logGet(43)) - raft.server.leader.election.timeout = 120s (custom)
2019-09-19 10:28:53,275 [pool-186-thread-1] INFO  server.RaftServerConfigKeys (ConfUtils.java:logGet(43)) - raft.server.log.use.memory = false (default)
2019-09-19 10:28:53,276 [pool-186-thread-1] INFO  server.RaftServerConfigKeys (ConfUtils.java:logGet(43)) - raft.server.log.purge.gap = 1000000 (custom)
2019-09-19 10:28:53,276 [pool-186-thread-1] INFO  server.RaftServerConfigKeys (ConfUtils.java:logGet(43)) - raft.server.log.appender.buffer.byte-limit = 33554432 (custom)
2019-09-19 10:28:53,276 [pool-186-thread-1] INFO  server.RaftServerConfigKeys (ConfUtils.java:logGet(43)) - raft.server.log.segment.size.max = 1048576 (custom)
2019-09-19 10:28:53,276 [pool-186-thread-1] INFO  server.RaftServerConfigKeys (ConfUtils.java:logGet(43)) - raft.server.log.segment.cache.num.max = 2 (custom)
2019-09-19 10:28:53,276 [pool-186-thread-1] INFO  segmented.SegmentedRaftLogWorker (SegmentedRaftLogWorker.java:<init>(172)) - new 1ac47008-d118-41b5-aeaa-37dce42fedf0-SegmentedRaftLogWorker:Storage Directory /workdir/hadoop-ozone/ozonefs/target/test-dir/MiniOzoneClusterImpl-4dc1f89a-70ec-4312-8322-55acd7e6c345/datanode-0/data/ratis/a401c260-7d85-45dd-93f5-2388ff1113ae for RaftStorage:Storage Directory /workdir/hadoop-ozone/ozonefs/target/test-dir/MiniOzoneClusterImpl-4dc1f89a-70ec-4312-8322-55acd7e6c345/datanode-0/data/ratis/a401c260-7d85-45dd-93f5-2388ff1113ae
2019-09-19 10:28:53,276 [pool-186-thread-1] INFO  server.RaftServerConfigKeys (ConfUtils.java:logGet(43)) - raft.server.log.queue.byte-limit = 2147483647 (custom)
2019-09-19 10:28:53,276 [pool-186-thread-1] INFO  server.RaftServerConfigKeys (ConfUtils.java:logGet(43)) - raft.server.log.queue.element-limit = 1024 (custom)
2019-09-19 10:28:53,276 [pool-186-thread-1] INFO  server.RaftServerConfigKeys (ConfUtils.java:logGet(43)) - raft.server.log.segment.size.max = 1048576 (custom)
2019-09-19 10:28:53,276 [pool-186-thread-1] INFO  server.RaftServerConfigKeys (ConfUtils.java:logGet(43)) - raft.server.log.preallocated.size = 16384 (custom)
2019-09-19 10:28:53,277 [pool-186-thread-1] INFO  server.RaftServerConfigKeys (ConfUtils.java:logGet(43)) - raft.server.log.write.buffer.size = 33554432 (custom)
2019-09-19 10:28:53,277 [pool-186-thread-1] INFO  server.RaftServerConfigKeys (ConfUtils.java:logGet(43)) - raft.server.log.force.sync.num = 128 (default)
2019-09-19 10:28:53,277 [pool-186-thread-1] INFO  server.RaftServerConfigKeys (ConfUtils.java:logGet(43)) - raft.server.log.statemachine.data.sync = true (default)
2019-09-19 10:28:53,277 [pool-186-thread-1] INFO  server.RaftServerConfigKeys (ConfUtils.java:logGet(43)) - raft.server.log.statemachine.data.sync.timeout = 10s (default)
2019-09-19 10:28:53,277 [pool-186-thread-1] INFO  server.RaftServerConfigKeys (ConfUtils.java:logGet(43)) - raft.server.log.statemachine.data.sync.timeout.retry = -1 (default)
2019-09-19 10:28:53,277 [pool-186-thread-1] INFO  server.RaftServerConfigKeys (ConfUtils.java:logGet(43)) - raft.server.log.statemachine.data.caching.enabled = true (custom)
2019-09-19 10:28:53,277 [pool-186-thread-1] INFO  segmented.SegmentedRaftLogWorker (SegmentedRaftLogWorker.java:lambda$new$0(132)) - 1ac47008-d118-41b5-aeaa-37dce42fedf0-SegmentedRaftLogWorker:Storage Directory /workdir/hadoop-ozone/ozonefs/target/test-dir/MiniOzoneClusterImpl-4dc1f89a-70ec-4312-8322-55acd7e6c345/datanode-0/data/ratis/a401c260-7d85-45dd-93f5-2388ff1113ae: flushIndex: setUnconditionally 0 -> -1
2019-09-19 10:28:53,278 [pool-186-thread-1] INFO  server.RaftServerConfigKeys (ConfUtils.java:logGet(43)) - raft.server.snapshot.auto.trigger.enabled = true (custom)
2019-09-19 10:28:53,278 [pool-186-thread-1] INFO  server.RaftServerConfigKeys (ConfUtils.java:logGet(43)) - raft.server.snapshot.auto.trigger.threshold = 10000 (custom)
2019-09-19 10:28:53,278 [pool-186-thread-1] INFO  server.RaftServerConfigKeys (ConfUtils.java:logGet(43)) - raft.server.retrycache.expirytime = 600000ms (custom)
2019-09-19 10:28:53,278 [pool-186-thread-1] INFO  impl.RaftServerImpl (RaftServerImpl.java:start(180)) - 1ac47008-d118-41b5-aeaa-37dce42fedf0: start group-2388FF1113AE
2019-09-19 10:28:53,278 [pool-186-thread-1] INFO  impl.RaftServerImpl (RaftServerImpl.java:setRole(171)) - 1ac47008-d118-41b5-aeaa-37dce42fedf0:group-2388FF1113AE changes role from null to FOLLOWER at term 0 for startAsFollower
2019-09-19 10:28:53,278 [pool-186-thread-1] INFO  impl.RoleInfo (RoleInfo.java:updateAndGet(143)) - 1ac47008-d118-41b5-aeaa-37dce42fedf0: start FollowerState
2019-09-19 10:28:53,279 [pool-186-thread-1] INFO  util.JmxRegister (JmxRegister.java:tryRegister(44)) - Successfully registered JMX Bean with object name Ratis:service=RaftServer,group=group-2388FF1113AE,id=1ac47008-d118-41b5-aeaa-37dce42fedf0
2019-09-19 10:28:53,282 [RatisPipelineUtilsThread] INFO  pipeline.PipelineStateManager (PipelineStateManager.java:addPipeline(56)) - Created pipeline Pipeline[ Id: a401c260-7d85-45dd-93f5-2388ff1113ae, Nodes: 1ac47008-d118-41b5-aeaa-37dce42fedf0{ip: 192.168.157.204, host: pr-hdds-1569-cpgw4-1311585219, networkLocation: /default-rack, certSerialId: null}, Type:RATIS, Factor:ONE, State:OPEN]
2019-09-19 10:28:53,288 [grpc-default-executor-0] INFO  impl.RaftServerProxy (RaftServerProxy.java:addNew(89)) - 1ac47008-d118-41b5-aeaa-37dce42fedf0: addNew group-535EEE15B8F2:[1ac47008-d118-41b5-aeaa-37dce42fedf0:192.168.157.204:34156] returns group-535EEE15B8F2:java.util.concurrent.CompletableFuture@2747fded[Not completed]
2019-09-19 10:28:53,289 [pool-186-thread-1] INFO  impl.RaftServerImpl (RaftServerImpl.java:<init>(93)) - 1ac47008-d118-41b5-aeaa-37dce42fedf0: new RaftServerImpl for group-535EEE15B8F2:[1ac47008-d118-41b5-aeaa-37dce42fedf0:192.168.157.204:34156] with ContainerStateMachine:uninitialized
2019-09-19 10:28:53,289 [pool-186-thread-1] INFO  server.RaftServerConfigKeys (ConfUtils.java:logGet(43)) - raft.server.rpc.timeout.min = 5s (custom)
2019-09-19 10:28:53,289 [pool-186-thread-1] INFO  server.RaftServerConfigKeys (ConfUtils.java:logGet(43)) - raft.server.rpc.timeout.max = 5200ms (custom)
2019-09-19 10:28:53,289 [pool-186-thread-1] INFO  server.RaftServerConfigKeys (ConfUtils.java:logGet(43)) - raft.server.rpcslowness.timeout = 120s (custom)
2019-09-19 10:28:53,289 [pool-186-thread-1] INFO  server.RaftServerConfigKeys (ConfUtils.java:logGet(43)) - raft.server.sleep.deviation.threshold = 300 (default)
2019-09-19 10:28:53,289 [pool-186-thread-1] INFO  server.RaftServerConfigKeys (ConfUtils.java:logGet(43)) - raft.server.log.appender.install.snapshot.enabled = false (custom)
2019-09-19 10:28:53,289 [pool-186-thread-1] INFO  impl.RaftServerImpl (ServerState.java:<init>(105)) - 1ac47008-d118-41b5-aeaa-37dce42fedf0:group-535EEE15B8F2 ConfigurationManager, init=-1: [1ac47008-d118-41b5-aeaa-37dce42fedf0:192.168.157.204:34156], old=null, confs=<EMPTY_MAP>
2019-09-19 10:28:53,289 [pool-186-thread-1] INFO  server.RaftServerConfigKeys (ConfUtils.java:logGet(43)) - raft.server.storage.dir = [/workdir/hadoop-ozone/ozonefs/target/test-dir/MiniOzoneClusterImpl-4dc1f89a-70ec-4312-8322-55acd7e6c345/datanode-0/data/ratis] (custom)
2019-09-19 10:28:53,290 [pool-186-thread-1] INFO  storage.RaftStorageDirectory (RaftStorageDirectory.java:analyzeStorage(246)) - The storage directory /workdir/hadoop-ozone/ozonefs/target/test-dir/MiniOzoneClusterImpl-4dc1f89a-70ec-4312-8322-55acd7e6c345/datanode-0/data/ratis/610aee58-0037-4db4-9415-535eee15b8f2 does not exist. Creating ...
2019-09-19 10:28:53,298 [pool-186-thread-1] INFO  storage.RaftStorageDirectory (RaftStorageDirectory.java:tryLock(328)) - Lock on /workdir/hadoop-ozone/ozonefs/target/test-dir/MiniOzoneClusterImpl-4dc1f89a-70ec-4312-8322-55acd7e6c345/datanode-0/data/ratis/610aee58-0037-4db4-9415-535eee15b8f2/in_use.lock acquired by nodename 28323@pr-hdds-1569-cpgw4-1311585219
2019-09-19 10:28:53,311 [pool-186-thread-1] INFO  storage.RaftStorage (RaftStorage.java:format(72)) - Storage directory /workdir/hadoop-ozone/ozonefs/target/test-dir/MiniOzoneClusterImpl-4dc1f89a-70ec-4312-8322-55acd7e6c345/datanode-0/data/ratis/610aee58-0037-4db4-9415-535eee15b8f2 has been successfully formatted.
2019-09-19 10:28:53,311 [pool-186-thread-1] INFO  ratis.ContainerStateMachine (ContainerStateMachine.java:loadSnapshot(226)) - group-535EEE15B8F2: The snapshot info is null. Setting the last applied indexto:(t:0, i:~)
2019-09-19 10:28:53,311 [pool-186-thread-1] INFO  server.RaftServerConfigKeys (ConfUtils.java:logGet(43)) - raft.server.leader.election.timeout = 120s (custom)
2019-09-19 10:28:53,311 [pool-186-thread-1] INFO  server.RaftServerConfigKeys (ConfUtils.java:logGet(43)) - raft.server.log.use.memory = false (default)
2019-09-19 10:28:53,311 [pool-186-thread-1] INFO  server.RaftServerConfigKeys (ConfUtils.java:logGet(43)) - raft.server.log.purge.gap = 1000000 (custom)
2019-09-19 10:28:53,311 [pool-186-thread-1] INFO  server.RaftServerConfigKeys (ConfUtils.java:logGet(43)) - raft.server.log.appender.buffer.byte-limit = 33554432 (custom)
2019-09-19 10:28:53,312 [pool-186-thread-1] INFO  server.RaftServerConfigKeys (ConfUtils.java:logGet(43)) - raft.server.log.segment.size.max = 1048576 (custom)
2019-09-19 10:28:53,312 [pool-186-thread-1] INFO  server.RaftServerConfigKeys (ConfUtils.java:logGet(43)) - raft.server.log.segment.cache.num.max = 2 (custom)
2019-09-19 10:28:53,312 [pool-186-thread-1] INFO  segmented.SegmentedRaftLogWorker (SegmentedRaftLogWorker.java:<init>(172)) - new 1ac47008-d118-41b5-aeaa-37dce42fedf0-SegmentedRaftLogWorker:Storage Directory /workdir/hadoop-ozone/ozonefs/target/test-dir/MiniOzoneClusterImpl-4dc1f89a-70ec-4312-8322-55acd7e6c345/datanode-0/data/ratis/610aee58-0037-4db4-9415-535eee15b8f2 for RaftStorage:Storage Directory /workdir/hadoop-ozone/ozonefs/target/test-dir/MiniOzoneClusterImpl-4dc1f89a-70ec-4312-8322-55acd7e6c345/datanode-0/data/ratis/610aee58-0037-4db4-9415-535eee15b8f2
2019-09-19 10:28:53,312 [pool-186-thread-1] INFO  server.RaftServerConfigKeys (ConfUtils.java:logGet(43)) - raft.server.log.queue.byte-limit = 2147483647 (custom)
2019-09-19 10:28:53,312 [pool-186-thread-1] INFO  server.RaftServerConfigKeys (ConfUtils.java:logGet(43)) - raft.server.log.queue.element-limit = 1024 (custom)
2019-09-19 10:28:53,312 [pool-186-thread-1] INFO  server.RaftServerConfigKeys (ConfUtils.java:logGet(43)) - raft.server.log.segment.size.max = 1048576 (custom)
2019-09-19 10:28:53,312 [pool-186-thread-1] INFO  server.RaftServerConfigKeys (ConfUtils.java:logGet(43)) - raft.server.log.preallocated.size = 16384 (custom)
2019-09-19 10:28:53,312 [pool-186-thread-1] INFO  server.RaftServerConfigKeys (ConfUtils.java:logGet(43)) - raft.server.log.write.buffer.size = 33554432 (custom)
2019-09-19 10:28:53,312 [pool-186-thread-1] INFO  server.RaftServerConfigKeys (ConfUtils.java:logGet(43)) - raft.server.log.force.sync.num = 128 (default)
2019-09-19 10:28:53,312 [pool-186-thread-1] INFO  server.RaftServerConfigKeys (ConfUtils.java:logGet(43)) - raft.server.log.statemachine.data.sync = true (default)
2019-09-19 10:28:53,313 [pool-186-thread-1] INFO  server.RaftServerConfigKeys (ConfUtils.java:logGet(43)) - raft.server.log.statemachine.data.sync.timeout = 10s (default)
2019-09-19 10:28:53,313 [pool-186-thread-1] INFO  server.RaftServerConfigKeys (ConfUtils.java:logGet(43)) - raft.server.log.statemachine.data.sync.timeout.retry = -1 (default)
2019-09-19 10:28:53,313 [pool-186-thread-1] INFO  server.RaftServerConfigKeys (ConfUtils.java:logGet(43)) - raft.server.log.statemachine.data.caching.enabled = true (custom)
2019-09-19 10:28:53,313 [pool-186-thread-1] INFO  segmented.SegmentedRaftLogWorker (SegmentedRaftLogWorker.java:lambda$new$0(132)) - 1ac47008-d118-41b5-aeaa-37dce42fedf0-SegmentedRaftLogWorker:Storage Directory /workdir/hadoop-ozone/ozonefs/target/test-dir/MiniOzoneClusterImpl-4dc1f89a-70ec-4312-8322-55acd7e6c345/datanode-0/data/ratis/610aee58-0037-4db4-9415-535eee15b8f2: flushIndex: setUnconditionally 0 -> -1
2019-09-19 10:28:53,313 [pool-186-thread-1] INFO  server.RaftServerConfigKeys (ConfUtils.java:logGet(43)) - raft.server.snapshot.auto.trigger.enabled = true (custom)
2019-09-19 10:28:53,313 [pool-186-thread-1] INFO  server.RaftServerConfigKeys (ConfUtils.java:logGet(43)) - raft.server.snapshot.auto.trigger.threshold = 10000 (custom)
2019-09-19 10:28:53,314 [pool-186-thread-1] INFO  server.RaftServerConfigKeys (ConfUtils.java:logGet(43)) - raft.server.retrycache.expirytime = 600000ms (custom)
2019-09-19 10:28:53,314 [pool-186-thread-1] INFO  impl.RaftServerImpl (RaftServerImpl.java:start(180)) - 1ac47008-d118-41b5-aeaa-37dce42fedf0: start group-535EEE15B8F2
2019-09-19 10:28:53,314 [pool-186-thread-1] INFO  impl.RaftServerImpl (RaftServerImpl.java:setRole(171)) - 1ac47008-d118-41b5-aeaa-37dce42fedf0:group-535EEE15B8F2 changes role from null to FOLLOWER at term 0 for startAsFollower
2019-09-19 10:28:53,314 [pool-186-thread-1] INFO  impl.RoleInfo (RoleInfo.java:updateAndGet(143)) - 1ac47008-d118-41b5-aeaa-37dce42fedf0: start FollowerState
2019-09-19 10:28:53,314 [pool-186-thread-1] INFO  util.JmxRegister (JmxRegister.java:tryRegister(44)) - Successfully registered JMX Bean with object name Ratis:service=RaftServer,group=group-535EEE15B8F2,id=1ac47008-d118-41b5-aeaa-37dce42fedf0
2019-09-19 10:28:53,317 [RatisPipelineUtilsThread] INFO  pipeline.PipelineStateManager (PipelineStateManager.java:addPipeline(56)) - Created pipeline Pipeline[ Id: 610aee58-0037-4db4-9415-535eee15b8f2, Nodes: 1ac47008-d118-41b5-aeaa-37dce42fedf0{ip: 192.168.157.204, host: pr-hdds-1569-cpgw4-1311585219, networkLocation: /default-rack, certSerialId: null}, Type:RATIS, Factor:ONE, State:OPEN]
2019-09-19 10:28:53,322 [grpc-default-executor-0] INFO  impl.RaftServerProxy (RaftServerProxy.java:addNew(89)) - 1ac47008-d118-41b5-aeaa-37dce42fedf0: addNew group-E3CB9917AA6D:[1ac47008-d118-41b5-aeaa-37dce42fedf0:192.168.157.204:34156] returns group-E3CB9917AA6D:java.util.concurrent.CompletableFuture@5f0d2a3c[Not completed]
2019-09-19 10:28:53,323 [pool-186-thread-1] INFO  impl.RaftServerImpl (RaftServerImpl.java:<init>(93)) - 1ac47008-d118-41b5-aeaa-37dce42fedf0: new RaftServerImpl for group-E3CB9917AA6D:[1ac47008-d118-41b5-aeaa-37dce42fedf0:192.168.157.204:34156] with ContainerStateMachine:uninitialized
2019-09-19 10:28:53,323 [pool-186-thread-1] INFO  server.RaftServerConfigKeys (ConfUtils.java:logGet(43)) - raft.server.rpc.timeout.min = 5s (custom)
2019-09-19 10:28:53,324 [pool-186-thread-1] INFO  server.RaftServerConfigKeys (ConfUtils.java:logGet(43)) - raft.server.rpc.timeout.max = 5200ms (custom)
2019-09-19 10:28:53,324 [pool-186-thread-1] INFO  server.RaftServerConfigKeys (ConfUtils.java:logGet(43)) - raft.server.rpcslowness.timeout = 120s (custom)
2019-09-19 10:28:53,324 [pool-186-thread-1] INFO  server.RaftServerConfigKeys (ConfUtils.java:logGet(43)) - raft.server.sleep.deviation.threshold = 300 (default)
2019-09-19 10:28:53,324 [pool-186-thread-1] INFO  server.RaftServerConfigKeys (ConfUtils.java:logGet(43)) - raft.server.log.appender.install.snapshot.enabled = false (custom)
2019-09-19 10:28:53,324 [pool-186-thread-1] INFO  impl.RaftServerImpl (ServerState.java:<init>(105)) - 1ac47008-d118-41b5-aeaa-37dce42fedf0:group-E3CB9917AA6D ConfigurationManager, init=-1: [1ac47008-d118-41b5-aeaa-37dce42fedf0:192.168.157.204:34156], old=null, confs=<EMPTY_MAP>
2019-09-19 10:28:53,324 [pool-186-thread-1] INFO  server.RaftServerConfigKeys (ConfUtils.java:logGet(43)) - raft.server.storage.dir = [/workdir/hadoop-ozone/ozonefs/target/test-dir/MiniOzoneClusterImpl-4dc1f89a-70ec-4312-8322-55acd7e6c345/datanode-0/data/ratis] (custom)
2019-09-19 10:28:53,324 [pool-186-thread-1] INFO  storage.RaftStorageDirectory (RaftStorageDirectory.java:analyzeStorage(246)) - The storage directory /workdir/hadoop-ozone/ozonefs/target/test-dir/MiniOzoneClusterImpl-4dc1f89a-70ec-4312-8322-55acd7e6c345/datanode-0/data/ratis/a93807c3-8d6b-41f9-9b0f-e3cb9917aa6d does not exist. Creating ...
2019-09-19 10:28:53,337 [pool-186-thread-1] INFO  storage.RaftStorageDirectory (RaftStorageDirectory.java:tryLock(328)) - Lock on /workdir/hadoop-ozone/ozonefs/target/test-dir/MiniOzoneClusterImpl-4dc1f89a-70ec-4312-8322-55acd7e6c345/datanode-0/data/ratis/a93807c3-8d6b-41f9-9b0f-e3cb9917aa6d/in_use.lock acquired by nodename 28323@pr-hdds-1569-cpgw4-1311585219
2019-09-19 10:28:53,350 [pool-186-thread-1] INFO  storage.RaftStorage (RaftStorage.java:format(72)) - Storage directory /workdir/hadoop-ozone/ozonefs/target/test-dir/MiniOzoneClusterImpl-4dc1f89a-70ec-4312-8322-55acd7e6c345/datanode-0/data/ratis/a93807c3-8d6b-41f9-9b0f-e3cb9917aa6d has been successfully formatted.
2019-09-19 10:28:53,350 [pool-186-thread-1] INFO  ratis.ContainerStateMachine (ContainerStateMachine.java:loadSnapshot(226)) - group-E3CB9917AA6D: The snapshot info is null. Setting the last applied indexto:(t:0, i:~)
2019-09-19 10:28:53,350 [pool-186-thread-1] INFO  server.RaftServerConfigKeys (ConfUtils.java:logGet(43)) - raft.server.leader.election.timeout = 120s (custom)
2019-09-19 10:28:53,351 [pool-186-thread-1] INFO  server.RaftServerConfigKeys (ConfUtils.java:logGet(43)) - raft.server.log.use.memory = false (default)
2019-09-19 10:28:53,351 [pool-186-thread-1] INFO  server.RaftServerConfigKeys (ConfUtils.java:logGet(43)) - raft.server.log.purge.gap = 1000000 (custom)
2019-09-19 10:28:53,351 [pool-186-thread-1] INFO  server.RaftServerConfigKeys (ConfUtils.java:logGet(43)) - raft.server.log.appender.buffer.byte-limit = 33554432 (custom)
2019-09-19 10:28:53,351 [pool-186-thread-1] INFO  server.RaftServerConfigKeys (ConfUtils.java:logGet(43)) - raft.server.log.segment.size.max = 1048576 (custom)
2019-09-19 10:28:53,351 [pool-186-thread-1] INFO  server.RaftServerConfigKeys (ConfUtils.java:logGet(43)) - raft.server.log.segment.cache.num.max = 2 (custom)
2019-09-19 10:28:53,351 [pool-186-thread-1] INFO  segmented.SegmentedRaftLogWorker (SegmentedRaftLogWorker.java:<init>(172)) - new 1ac47008-d118-41b5-aeaa-37dce42fedf0-SegmentedRaftLogWorker:Storage Directory /workdir/hadoop-ozone/ozonefs/target/test-dir/MiniOzoneClusterImpl-4dc1f89a-70ec-4312-8322-55acd7e6c345/datanode-0/data/ratis/a93807c3-8d6b-41f9-9b0f-e3cb9917aa6d for RaftStorage:Storage Directory /workdir/hadoop-ozone/ozonefs/target/test-dir/MiniOzoneClusterImpl-4dc1f89a-70ec-4312-8322-55acd7e6c345/datanode-0/data/ratis/a93807c3-8d6b-41f9-9b0f-e3cb9917aa6d
2019-09-19 10:28:53,351 [pool-186-thread-1] INFO  server.RaftServerConfigKeys (ConfUtils.java:logGet(43)) - raft.server.log.queue.byte-limit = 2147483647 (custom)
2019-09-19 10:28:53,351 [pool-186-thread-1] INFO  server.RaftServerConfigKeys (ConfUtils.java:logGet(43)) - raft.server.log.queue.element-limit = 1024 (custom)
2019-09-19 10:28:53,351 [pool-186-thread-1] INFO  server.RaftServerConfigKeys (ConfUtils.java:logGet(43)) - raft.server.log.segment.size.max = 1048576 (custom)
2019-09-19 10:28:53,352 [pool-186-thread-1] INFO  server.RaftServerConfigKeys (ConfUtils.java:logGet(43)) - raft.server.log.preallocated.size = 16384 (custom)
2019-09-19 10:28:53,352 [pool-186-thread-1] INFO  server.RaftServerConfigKeys (ConfUtils.java:logGet(43)) - raft.server.log.write.buffer.size = 33554432 (custom)
2019-09-19 10:28:53,352 [pool-186-thread-1] INFO  server.RaftServerConfigKeys (ConfUtils.java:logGet(43)) - raft.server.log.force.sync.num = 128 (default)
2019-09-19 10:28:53,352 [pool-186-thread-1] INFO  server.RaftServerConfigKeys (ConfUtils.java:logGet(43)) - raft.server.log.statemachine.data.sync = true (default)
2019-09-19 10:28:53,352 [pool-186-thread-1] INFO  server.RaftServerConfigKeys (ConfUtils.java:logGet(43)) - raft.server.log.statemachine.data.sync.timeout = 10s (default)
2019-09-19 10:28:53,352 [pool-186-thread-1] INFO  server.RaftServerConfigKeys (ConfUtils.java:logGet(43)) - raft.server.log.statemachine.data.sync.timeout.retry = -1 (default)
2019-09-19 10:28:53,352 [pool-186-thread-1] INFO  server.RaftServerConfigKeys (ConfUtils.java:logGet(43)) - raft.server.log.statemachine.data.caching.enabled = true (custom)
2019-09-19 10:28:53,352 [pool-186-thread-1] INFO  segmented.SegmentedRaftLogWorker (SegmentedRaftLogWorker.java:lambda$new$0(132)) - 1ac47008-d118-41b5-aeaa-37dce42fedf0-SegmentedRaftLogWorker:Storage Directory /workdir/hadoop-ozone/ozonefs/target/test-dir/MiniOzoneClusterImpl-4dc1f89a-70ec-4312-8322-55acd7e6c345/datanode-0/data/ratis/a93807c3-8d6b-41f9-9b0f-e3cb9917aa6d: flushIndex: setUnconditionally 0 -> -1
2019-09-19 10:28:53,353 [pool-186-thread-1] INFO  server.RaftServerConfigKeys (ConfUtils.java:logGet(43)) - raft.server.snapshot.auto.trigger.enabled = true (custom)
2019-09-19 10:28:53,353 [pool-186-thread-1] INFO  server.RaftServerConfigKeys (ConfUtils.java:logGet(43)) - raft.server.snapshot.auto.trigger.threshold = 10000 (custom)
2019-09-19 10:28:53,353 [pool-186-thread-1] INFO  server.RaftServerConfigKeys (ConfUtils.java:logGet(43)) - raft.server.retrycache.expirytime = 600000ms (custom)
2019-09-19 10:28:53,353 [pool-186-thread-1] INFO  impl.RaftServerImpl (RaftServerImpl.java:start(180)) - 1ac47008-d118-41b5-aeaa-37dce42fedf0: start group-E3CB9917AA6D
2019-09-19 10:28:53,353 [pool-186-thread-1] INFO  impl.RaftServerImpl (RaftServerImpl.java:setRole(171)) - 1ac47008-d118-41b5-aeaa-37dce42fedf0:group-E3CB9917AA6D changes role from null to FOLLOWER at term 0 for startAsFollower
2019-09-19 10:28:53,353 [pool-186-thread-1] INFO  impl.RoleInfo (RoleInfo.java:updateAndGet(143)) - 1ac47008-d118-41b5-aeaa-37dce42fedf0: start FollowerState
2019-09-19 10:28:53,354 [pool-186-thread-1] INFO  util.JmxRegister (JmxRegister.java:tryRegister(44)) - Successfully registered JMX Bean with object name Ratis:service=RaftServer,group=group-E3CB9917AA6D,id=1ac47008-d118-41b5-aeaa-37dce42fedf0
2019-09-19 10:28:53,356 [RatisPipelineUtilsThread] INFO  pipeline.PipelineStateManager (PipelineStateManager.java:addPipeline(56)) - Created pipeline Pipeline[ Id: a93807c3-8d6b-41f9-9b0f-e3cb9917aa6d, Nodes: 1ac47008-d118-41b5-aeaa-37dce42fedf0{ip: 192.168.157.204, host: pr-hdds-1569-cpgw4-1311585219, networkLocation: /default-rack, certSerialId: null}, Type:RATIS, Factor:ONE, State:OPEN]
2019-09-19 10:28:53,361 [grpc-default-executor-0] INFO  impl.RaftServerProxy (RaftServerProxy.java:addNew(89)) - 1ac47008-d118-41b5-aeaa-37dce42fedf0: addNew group-8BB4BD1D3DF6:[1ac47008-d118-41b5-aeaa-37dce42fedf0:192.168.157.204:34156] returns group-8BB4BD1D3DF6:java.util.concurrent.CompletableFuture@511793e8[Not completed]
2019-09-19 10:28:53,362 [pool-186-thread-1] INFO  impl.RaftServerImpl (RaftServerImpl.java:<init>(93)) - 1ac47008-d118-41b5-aeaa-37dce42fedf0: new RaftServerImpl for group-8BB4BD1D3DF6:[1ac47008-d118-41b5-aeaa-37dce42fedf0:192.168.157.204:34156] with ContainerStateMachine:uninitialized
2019-09-19 10:28:53,362 [pool-186-thread-1] INFO  server.RaftServerConfigKeys (ConfUtils.java:logGet(43)) - raft.server.rpc.timeout.min = 5s (custom)
2019-09-19 10:28:53,363 [pool-186-thread-1] INFO  server.RaftServerConfigKeys (ConfUtils.java:logGet(43)) - raft.server.rpc.timeout.max = 5200ms (custom)
2019-09-19 10:28:53,363 [pool-186-thread-1] INFO  server.RaftServerConfigKeys (ConfUtils.java:logGet(43)) - raft.server.rpcslowness.timeout = 120s (custom)
2019-09-19 10:28:53,363 [pool-186-thread-1] INFO  server.RaftServerConfigKeys (ConfUtils.java:logGet(43)) - raft.server.sleep.deviation.threshold = 300 (default)
2019-09-19 10:28:53,363 [pool-186-thread-1] INFO  server.RaftServerConfigKeys (ConfUtils.java:logGet(43)) - raft.server.log.appender.install.snapshot.enabled = false (custom)
2019-09-19 10:28:53,363 [pool-186-thread-1] INFO  impl.RaftServerImpl (ServerState.java:<init>(105)) - 1ac47008-d118-41b5-aeaa-37dce42fedf0:group-8BB4BD1D3DF6 ConfigurationManager, init=-1: [1ac47008-d118-41b5-aeaa-37dce42fedf0:192.168.157.204:34156], old=null, confs=<EMPTY_MAP>
2019-09-19 10:28:53,363 [pool-186-thread-1] INFO  server.RaftServerConfigKeys (ConfUtils.java:logGet(43)) - raft.server.storage.dir = [/workdir/hadoop-ozone/ozonefs/target/test-dir/MiniOzoneClusterImpl-4dc1f89a-70ec-4312-8322-55acd7e6c345/datanode-0/data/ratis] (custom)
2019-09-19 10:28:53,363 [pool-186-thread-1] INFO  storage.RaftStorageDirectory (RaftStorageDirectory.java:analyzeStorage(246)) - The storage directory /workdir/hadoop-ozone/ozonefs/target/test-dir/MiniOzoneClusterImpl-4dc1f89a-70ec-4312-8322-55acd7e6c345/datanode-0/data/ratis/0139f1b2-c0a1-462e-898c-8bb4bd1d3df6 does not exist. Creating ...
2019-09-19 10:28:53,376 [pool-186-thread-1] INFO  storage.RaftStorageDirectory (RaftStorageDirectory.java:tryLock(328)) - Lock on /workdir/hadoop-ozone/ozonefs/target/test-dir/MiniOzoneClusterImpl-4dc1f89a-70ec-4312-8322-55acd7e6c345/datanode-0/data/ratis/0139f1b2-c0a1-462e-898c-8bb4bd1d3df6/in_use.lock acquired by nodename 28323@pr-hdds-1569-cpgw4-1311585219
2019-09-19 10:28:53,389 [pool-186-thread-1] INFO  storage.RaftStorage (RaftStorage.java:format(72)) - Storage directory /workdir/hadoop-ozone/ozonefs/target/test-dir/MiniOzoneClusterImpl-4dc1f89a-70ec-4312-8322-55acd7e6c345/datanode-0/data/ratis/0139f1b2-c0a1-462e-898c-8bb4bd1d3df6 has been successfully formatted.
2019-09-19 10:28:53,390 [pool-186-thread-1] INFO  ratis.ContainerStateMachine (ContainerStateMachine.java:loadSnapshot(226)) - group-8BB4BD1D3DF6: The snapshot info is null. Setting the last applied indexto:(t:0, i:~)
2019-09-19 10:28:53,390 [pool-186-thread-1] INFO  server.RaftServerConfigKeys (ConfUtils.java:logGet(43)) - raft.server.leader.election.timeout = 120s (custom)
2019-09-19 10:28:53,390 [pool-186-thread-1] INFO  server.RaftServerConfigKeys (ConfUtils.java:logGet(43)) - raft.server.log.use.memory = false (default)
2019-09-19 10:28:53,390 [pool-186-thread-1] INFO  server.RaftServerConfigKeys (ConfUtils.java:logGet(43)) - raft.server.log.purge.gap = 1000000 (custom)
2019-09-19 10:28:53,390 [pool-186-thread-1] INFO  server.RaftServerConfigKeys (ConfUtils.java:logGet(43)) - raft.server.log.appender.buffer.byte-limit = 33554432 (custom)
2019-09-19 10:28:53,390 [pool-186-thread-1] INFO  server.RaftServerConfigKeys (ConfUtils.java:logGet(43)) - raft.server.log.segment.size.max = 1048576 (custom)
2019-09-19 10:28:53,391 [pool-186-thread-1] INFO  server.RaftServerConfigKeys (ConfUtils.java:logGet(43)) - raft.server.log.segment.cache.num.max = 2 (custom)
2019-09-19 10:28:53,391 [pool-186-thread-1] INFO  segmented.SegmentedRaftLogWorker (SegmentedRaftLogWorker.java:<init>(172)) - new 1ac47008-d118-41b5-aeaa-37dce42fedf0-SegmentedRaftLogWorker:Storage Directory /workdir/hadoop-ozone/ozonefs/target/test-dir/MiniOzoneClusterImpl-4dc1f89a-70ec-4312-8322-55acd7e6c345/datanode-0/data/ratis/0139f1b2-c0a1-462e-898c-8bb4bd1d3df6 for RaftStorage:Storage Directory /workdir/hadoop-ozone/ozonefs/target/test-dir/MiniOzoneClusterImpl-4dc1f89a-70ec-4312-8322-55acd7e6c345/datanode-0/data/ratis/0139f1b2-c0a1-462e-898c-8bb4bd1d3df6
2019-09-19 10:28:53,391 [pool-186-thread-1] INFO  server.RaftServerConfigKeys (ConfUtils.java:logGet(43)) - raft.server.log.queue.byte-limit = 2147483647 (custom)
2019-09-19 10:28:53,391 [pool-186-thread-1] INFO  server.RaftServerConfigKeys (ConfUtils.java:logGet(43)) - raft.server.log.queue.element-limit = 1024 (custom)
2019-09-19 10:28:53,391 [pool-186-thread-1] INFO  server.RaftServerConfigKeys (ConfUtils.java:logGet(43)) - raft.server.log.segment.size.max = 1048576 (custom)
2019-09-19 10:28:53,391 [pool-186-thread-1] INFO  server.RaftServerConfigKeys (ConfUtils.java:logGet(43)) - raft.server.log.preallocated.size = 16384 (custom)
2019-09-19 10:28:53,391 [pool-186-thread-1] INFO  server.RaftServerConfigKeys (ConfUtils.java:logGet(43)) - raft.server.log.write.buffer.size = 33554432 (custom)
2019-09-19 10:28:53,391 [pool-186-thread-1] INFO  server.RaftServerConfigKeys (ConfUtils.java:logGet(43)) - raft.server.log.force.sync.num = 128 (default)
2019-09-19 10:28:53,391 [pool-186-thread-1] INFO  server.RaftServerConfigKeys (ConfUtils.java:logGet(43)) - raft.server.log.statemachine.data.sync = true (default)
2019-09-19 10:28:53,392 [pool-186-thread-1] INFO  server.RaftServerConfigKeys (ConfUtils.java:logGet(43)) - raft.server.log.statemachine.data.sync.timeout = 10s (default)
2019-09-19 10:28:53,392 [pool-186-thread-1] INFO  server.RaftServerConfigKeys (ConfUtils.java:logGet(43)) - raft.server.log.statemachine.data.sync.timeout.retry = -1 (default)
2019-09-19 10:28:53,392 [pool-186-thread-1] INFO  server.RaftServerConfigKeys (ConfUtils.java:logGet(43)) - raft.server.log.statemachine.data.caching.enabled = true (custom)
2019-09-19 10:28:53,392 [pool-186-thread-1] INFO  segmented.SegmentedRaftLogWorker (SegmentedRaftLogWorker.java:lambda$new$0(132)) - 1ac47008-d118-41b5-aeaa-37dce42fedf0-SegmentedRaftLogWorker:Storage Directory /workdir/hadoop-ozone/ozonefs/target/test-dir/MiniOzoneClusterImpl-4dc1f89a-70ec-4312-8322-55acd7e6c345/datanode-0/data/ratis/0139f1b2-c0a1-462e-898c-8bb4bd1d3df6: flushIndex: setUnconditionally 0 -> -1
2019-09-19 10:28:53,392 [pool-186-thread-1] INFO  server.RaftServerConfigKeys (ConfUtils.java:logGet(43)) - raft.server.snapshot.auto.trigger.enabled = true (custom)
2019-09-19 10:28:53,393 [pool-186-thread-1] INFO  server.RaftServerConfigKeys (ConfUtils.java:logGet(43)) - raft.server.snapshot.auto.trigger.threshold = 10000 (custom)
2019-09-19 10:28:53,393 [pool-186-thread-1] INFO  server.RaftServerConfigKeys (ConfUtils.java:logGet(43)) - raft.server.retrycache.expirytime = 600000ms (custom)
2019-09-19 10:28:53,393 [pool-186-thread-1] INFO  impl.RaftServerImpl (RaftServerImpl.java:start(180)) - 1ac47008-d118-41b5-aeaa-37dce42fedf0: start group-8BB4BD1D3DF6
2019-09-19 10:28:53,393 [pool-186-thread-1] INFO  impl.RaftServerImpl (RaftServerImpl.java:setRole(171)) - 1ac47008-d118-41b5-aeaa-37dce42fedf0:group-8BB4BD1D3DF6 changes role from null to FOLLOWER at term 0 for startAsFollower
2019-09-19 10:28:53,393 [pool-186-thread-1] INFO  impl.RoleInfo (RoleInfo.java:updateAndGet(143)) - 1ac47008-d118-41b5-aeaa-37dce42fedf0: start FollowerState
2019-09-19 10:28:53,393 [pool-186-thread-1] INFO  util.JmxRegister (JmxRegister.java:tryRegister(44)) - Successfully registered JMX Bean with object name Ratis:service=RaftServer,group=group-8BB4BD1D3DF6,id=1ac47008-d118-41b5-aeaa-37dce42fedf0
2019-09-19 10:28:53,396 [RatisPipelineUtilsThread] INFO  pipeline.PipelineStateManager (PipelineStateManager.java:addPipeline(56)) - Created pipeline Pipeline[ Id: 0139f1b2-c0a1-462e-898c-8bb4bd1d3df6, Nodes: 1ac47008-d118-41b5-aeaa-37dce42fedf0{ip: 192.168.157.204, host: pr-hdds-1569-cpgw4-1311585219, networkLocation: /default-rack, certSerialId: null}, Type:RATIS, Factor:ONE, State:OPEN]
2019-09-19 10:28:53,397 [RatisPipelineUtilsThread] ERROR pipeline.PipelinePlacementPolicy (PipelinePlacementPolicy.java:meetCriteria(91)) - Pipeline Placement: Doesn't meet the criteria to be viable node. Heaviness: 6
2019-09-19 10:28:53,397 [RatisPipelineUtilsThread] ERROR pipeline.PipelinePlacementPolicy (PipelinePlacementPolicy.java:filterViableNodes(146)) - Unable to find enough nodes that meet the criteria that cannot engage in more than 5 pipelines. Nodes required: 1 Found: 0, healthy nodes count inNodeManager: 1.
2019-09-19 10:28:53,397 [RatisPipelineUtilsThread] ERROR pipeline.SCMPipelineManager (SCMPipelineManager.java:createPipeline(161)) - Pipeline creation failed due to exception: Unable to find enough nodes that meet the criteria that cannot engage in more than 5 pipelines. Nodes required: 1 Found: 0, healthy nodes count inNodeManager: 1.
2019-09-19 10:28:53,397 [RatisPipelineUtilsThread] ERROR pipeline.PipelinePlacementPolicy (PipelinePlacementPolicy.java:filterViableNodes(129)) - Not enough healthy nodes to allocate pipeline. 3  datanodes required. Found 1
2019-09-19 10:28:53,397 [RatisPipelineUtilsThread] ERROR pipeline.SCMPipelineManager (SCMPipelineManager.java:createPipeline(161)) - Pipeline creation failed due to exception: Not enough healthy nodes to allocate pipeline. 3  datanodes required. Found 1
2019-09-19 10:28:53,397 [RatisPipelineUtilsThread] ERROR pipeline.PipelinePlacementPolicy (PipelinePlacementPolicy.java:meetCriteria(91)) - Pipeline Placement: Doesn't meet the criteria to be viable node. Heaviness: 6
2019-09-19 10:28:53,397 [RatisPipelineUtilsThread] ERROR pipeline.PipelinePlacementPolicy (PipelinePlacementPolicy.java:filterViableNodes(146)) - Unable to find enough nodes that meet the criteria that cannot engage in more than 5 pipelines. Nodes required: 1 Found: 0, healthy nodes count inNodeManager: 1.
2019-09-19 10:28:53,398 [RatisPipelineUtilsThread] ERROR pipeline.SCMPipelineManager (SCMPipelineManager.java:createPipeline(161)) - Pipeline creation failed due to exception: Unable to find enough nodes that meet the criteria that cannot engage in more than 5 pipelines. Nodes required: 1 Found: 0, healthy nodes count inNodeManager: 1.
2019-09-19 10:28:53,398 [RatisPipelineUtilsThread] ERROR pipeline.PipelinePlacementPolicy (PipelinePlacementPolicy.java:filterViableNodes(129)) - Not enough healthy nodes to allocate pipeline. 3  datanodes required. Found 1
2019-09-19 10:28:53,398 [RatisPipelineUtilsThread] ERROR pipeline.SCMPipelineManager (SCMPipelineManager.java:createPipeline(161)) - Pipeline creation failed due to exception: Not enough healthy nodes to allocate pipeline. 3  datanodes required. Found 1
2019-09-19 10:28:53,415 [IPC Server handler 3 on 35635] INFO  net.NetworkTopology (NetworkTopologyImpl.java:add(110)) - Added a new node: /default-rack/4e4d4400-67d5-4c42-accf-0c5056f48c19
2019-09-19 10:28:53,415 [RatisPipelineUtilsThread] ERROR pipeline.PipelinePlacementPolicy (PipelinePlacementPolicy.java:meetCriteria(91)) - Pipeline Placement: Doesn't meet the criteria to be viable node. Heaviness: 6
2019-09-19 10:28:53,415 [IPC Server handler 3 on 35635] INFO  node.SCMNodeManager (SCMNodeManager.java:register(273)) - Registered Data node : 4e4d4400-67d5-4c42-accf-0c5056f48c19{ip: 192.168.157.204, host: pr-hdds-1569-cpgw4-1311585219, networkLocation: /default-rack, certSerialId: null}
2019-09-19 10:28:53,416 | INFO  | SCMAudit | user=jenkins1000 | ip=192.168.157.204 | op=REGISTER {datanodeDetails=4e4d4400-67d5-4c42-accf-0c5056f48c19{ip: 192.168.157.204, host: pr-hdds-1569-cpgw4-1311585219, networkLocation: /default-rack, certSerialId: null}} | ret=SUCCESS |  
2019-09-19 10:28:53,423 [grpc-default-executor-0] INFO  impl.RaftServerProxy (RaftServerProxy.java:addNew(89)) - 4e4d4400-67d5-4c42-accf-0c5056f48c19: addNew group-4A4A9CE19584:[4e4d4400-67d5-4c42-accf-0c5056f48c19:192.168.157.204:44591] returns group-4A4A9CE19584:java.util.concurrent.CompletableFuture@10b98420[Not completed]
2019-09-19 10:28:53,424 [pool-197-thread-1] INFO  impl.RaftServerImpl (RaftServerImpl.java:<init>(93)) - 4e4d4400-67d5-4c42-accf-0c5056f48c19: new RaftServerImpl for group-4A4A9CE19584:[4e4d4400-67d5-4c42-accf-0c5056f48c19:192.168.157.204:44591] with ContainerStateMachine:uninitialized
2019-09-19 10:28:53,424 [pool-197-thread-1] INFO  server.RaftServerConfigKeys (ConfUtils.java:logGet(43)) - raft.server.rpc.timeout.min = 5s (custom)
2019-09-19 10:28:53,424 [pool-197-thread-1] INFO  server.RaftServerConfigKeys (ConfUtils.java:logGet(43)) - raft.server.rpc.timeout.max = 5200ms (custom)
2019-09-19 10:28:53,424 [pool-197-thread-1] INFO  server.RaftServerConfigKeys (ConfUtils.java:logGet(43)) - raft.server.rpcslowness.timeout = 120s (custom)
2019-09-19 10:28:53,424 [pool-197-thread-1] INFO  server.RaftServerConfigKeys (ConfUtils.java:logGet(43)) - raft.server.sleep.deviation.threshold = 300 (default)
2019-09-19 10:28:53,424 [pool-197-thread-1] INFO  server.RaftServerConfigKeys (ConfUtils.java:logGet(43)) - raft.server.log.appender.install.snapshot.enabled = false (custom)
2019-09-19 10:28:53,425 [pool-197-thread-1] INFO  impl.RaftServerImpl (ServerState.java:<init>(105)) - 4e4d4400-67d5-4c42-accf-0c5056f48c19:group-4A4A9CE19584 ConfigurationManager, init=-1: [4e4d4400-67d5-4c42-accf-0c5056f48c19:192.168.157.204:44591], old=null, confs=<EMPTY_MAP>
2019-09-19 10:28:53,425 [pool-197-thread-1] INFO  server.RaftServerConfigKeys (ConfUtils.java:logGet(43)) - raft.server.storage.dir = [/workdir/hadoop-ozone/ozonefs/target/test-dir/MiniOzoneClusterImpl-4dc1f89a-70ec-4312-8322-55acd7e6c345/datanode-1/data/ratis] (custom)
2019-09-19 10:28:53,425 [pool-197-thread-1] INFO  storage.RaftStorageDirectory (RaftStorageDirectory.java:analyzeStorage(246)) - The storage directory /workdir/hadoop-ozone/ozonefs/target/test-dir/MiniOzoneClusterImpl-4dc1f89a-70ec-4312-8322-55acd7e6c345/datanode-1/data/ratis/cf2caf8d-0369-43c0-8658-4a4a9ce19584 does not exist. Creating ...
2019-09-19 10:28:53,438 [pool-197-thread-1] INFO  storage.RaftStorageDirectory (RaftStorageDirectory.java:tryLock(328)) - Lock on /workdir/hadoop-ozone/ozonefs/target/test-dir/MiniOzoneClusterImpl-4dc1f89a-70ec-4312-8322-55acd7e6c345/datanode-1/data/ratis/cf2caf8d-0369-43c0-8658-4a4a9ce19584/in_use.lock acquired by nodename 28323@pr-hdds-1569-cpgw4-1311585219
2019-09-19 10:28:53,451 [pool-197-thread-1] INFO  storage.RaftStorage (RaftStorage.java:format(72)) - Storage directory /workdir/hadoop-ozone/ozonefs/target/test-dir/MiniOzoneClusterImpl-4dc1f89a-70ec-4312-8322-55acd7e6c345/datanode-1/data/ratis/cf2caf8d-0369-43c0-8658-4a4a9ce19584 has been successfully formatted.
2019-09-19 10:28:53,451 [pool-197-thread-1] INFO  ratis.ContainerStateMachine (ContainerStateMachine.java:loadSnapshot(226)) - group-4A4A9CE19584: The snapshot info is null. Setting the last applied indexto:(t:0, i:~)
2019-09-19 10:28:53,451 [pool-197-thread-1] INFO  server.RaftServerConfigKeys (ConfUtils.java:logGet(43)) - raft.server.leader.election.timeout = 120s (custom)
2019-09-19 10:28:53,451 [pool-197-thread-1] INFO  server.RaftServerConfigKeys (ConfUtils.java:logGet(43)) - raft.server.log.use.memory = false (default)
2019-09-19 10:28:53,452 [pool-197-thread-1] INFO  server.RaftServerConfigKeys (ConfUtils.java:logGet(43)) - raft.server.log.purge.gap = 1000000 (custom)
2019-09-19 10:28:53,452 [pool-197-thread-1] INFO  server.RaftServerConfigKeys (ConfUtils.java:logGet(43)) - raft.server.log.appender.buffer.byte-limit = 33554432 (custom)
2019-09-19 10:28:53,452 [pool-197-thread-1] INFO  server.RaftServerConfigKeys (ConfUtils.java:logGet(43)) - raft.server.log.segment.size.max = 1048576 (custom)
2019-09-19 10:28:53,452 [pool-197-thread-1] INFO  server.RaftServerConfigKeys (ConfUtils.java:logGet(43)) - raft.server.log.segment.cache.num.max = 2 (custom)
2019-09-19 10:28:53,452 [pool-197-thread-1] INFO  segmented.SegmentedRaftLogWorker (SegmentedRaftLogWorker.java:<init>(172)) - new 4e4d4400-67d5-4c42-accf-0c5056f48c19-SegmentedRaftLogWorker:Storage Directory /workdir/hadoop-ozone/ozonefs/target/test-dir/MiniOzoneClusterImpl-4dc1f89a-70ec-4312-8322-55acd7e6c345/datanode-1/data/ratis/cf2caf8d-0369-43c0-8658-4a4a9ce19584 for RaftStorage:Storage Directory /workdir/hadoop-ozone/ozonefs/target/test-dir/MiniOzoneClusterImpl-4dc1f89a-70ec-4312-8322-55acd7e6c345/datanode-1/data/ratis/cf2caf8d-0369-43c0-8658-4a4a9ce19584
2019-09-19 10:28:53,452 [pool-197-thread-1] INFO  server.RaftServerConfigKeys (ConfUtils.java:logGet(43)) - raft.server.log.queue.byte-limit = 2147483647 (custom)
2019-09-19 10:28:53,452 [pool-197-thread-1] INFO  server.RaftServerConfigKeys (ConfUtils.java:logGet(43)) - raft.server.log.queue.element-limit = 1024 (custom)
2019-09-19 10:28:53,452 [pool-197-thread-1] INFO  server.RaftServerConfigKeys (ConfUtils.java:logGet(43)) - raft.server.log.segment.size.max = 1048576 (custom)
2019-09-19 10:28:53,452 [pool-197-thread-1] INFO  server.RaftServerConfigKeys (ConfUtils.java:logGet(43)) - raft.server.log.preallocated.size = 16384 (custom)
2019-09-19 10:28:53,453 [pool-197-thread-1] INFO  server.RaftServerConfigKeys (ConfUtils.java:logGet(43)) - raft.server.log.write.buffer.size = 33554432 (custom)
2019-09-19 10:28:53,453 [pool-197-thread-1] INFO  server.RaftServerConfigKeys (ConfUtils.java:logGet(43)) - raft.server.log.force.sync.num = 128 (default)
2019-09-19 10:28:53,453 [pool-197-thread-1] INFO  server.RaftServerConfigKeys (ConfUtils.java:logGet(43)) - raft.server.log.statemachine.data.sync = true (default)
2019-09-19 10:28:53,453 [pool-197-thread-1] INFO  server.RaftServerConfigKeys (ConfUtils.java:logGet(43)) - raft.server.log.statemachine.data.sync.timeout = 10s (default)
2019-09-19 10:28:53,453 [pool-197-thread-1] INFO  server.RaftServerConfigKeys (ConfUtils.java:logGet(43)) - raft.server.log.statemachine.data.sync.timeout.retry = -1 (default)
2019-09-19 10:28:53,453 [pool-197-thread-1] INFO  server.RaftServerConfigKeys (ConfUtils.java:logGet(43)) - raft.server.log.statemachine.data.caching.enabled = true (custom)
2019-09-19 10:28:53,453 [pool-197-thread-1] INFO  segmented.SegmentedRaftLogWorker (SegmentedRaftLogWorker.java:lambda$new$0(132)) - 4e4d4400-67d5-4c42-accf-0c5056f48c19-SegmentedRaftLogWorker:Storage Directory /workdir/hadoop-ozone/ozonefs/target/test-dir/MiniOzoneClusterImpl-4dc1f89a-70ec-4312-8322-55acd7e6c345/datanode-1/data/ratis/cf2caf8d-0369-43c0-8658-4a4a9ce19584: flushIndex: setUnconditionally 0 -> -1
2019-09-19 10:28:53,454 [pool-197-thread-1] INFO  server.RaftServerConfigKeys (ConfUtils.java:logGet(43)) - raft.server.snapshot.auto.trigger.enabled = true (custom)
2019-09-19 10:28:53,454 [pool-197-thread-1] INFO  server.RaftServerConfigKeys (ConfUtils.java:logGet(43)) - raft.server.snapshot.auto.trigger.threshold = 10000 (custom)
2019-09-19 10:28:53,454 [pool-197-thread-1] INFO  server.RaftServerConfigKeys (ConfUtils.java:logGet(43)) - raft.server.retrycache.expirytime = 600000ms (custom)
2019-09-19 10:28:53,454 [pool-197-thread-1] INFO  impl.RaftServerImpl (RaftServerImpl.java:start(180)) - 4e4d4400-67d5-4c42-accf-0c5056f48c19: start group-4A4A9CE19584
2019-09-19 10:28:53,454 [pool-197-thread-1] INFO  impl.RaftServerImpl (RaftServerImpl.java:setRole(171)) - 4e4d4400-67d5-4c42-accf-0c5056f48c19:group-4A4A9CE19584 changes role from null to FOLLOWER at term 0 for startAsFollower
2019-09-19 10:28:53,454 [pool-197-thread-1] INFO  impl.RoleInfo (RoleInfo.java:updateAndGet(143)) - 4e4d4400-67d5-4c42-accf-0c5056f48c19: start FollowerState
2019-09-19 10:28:53,455 [pool-197-thread-1] INFO  util.JmxRegister (JmxRegister.java:tryRegister(44)) - Successfully registered JMX Bean with object name Ratis:service=RaftServer,group=group-4A4A9CE19584,id=4e4d4400-67d5-4c42-accf-0c5056f48c19
2019-09-19 10:28:53,457 [RatisPipelineUtilsThread] INFO  pipeline.PipelineStateManager (PipelineStateManager.java:addPipeline(56)) - Created pipeline Pipeline[ Id: cf2caf8d-0369-43c0-8658-4a4a9ce19584, Nodes: 4e4d4400-67d5-4c42-accf-0c5056f48c19{ip: 192.168.157.204, host: pr-hdds-1569-cpgw4-1311585219, networkLocation: /default-rack, certSerialId: null}, Type:RATIS, Factor:ONE, State:OPEN]
2019-09-19 10:28:53,458 [RatisPipelineUtilsThread] ERROR pipeline.PipelinePlacementPolicy (PipelinePlacementPolicy.java:meetCriteria(91)) - Pipeline Placement: Doesn't meet the criteria to be viable node. Heaviness: 6
2019-09-19 10:28:53,462 [grpc-default-executor-0] INFO  impl.RaftServerProxy (RaftServerProxy.java:addNew(89)) - 4e4d4400-67d5-4c42-accf-0c5056f48c19: addNew group-4E8D34BB4EED:[4e4d4400-67d5-4c42-accf-0c5056f48c19:192.168.157.204:44591] returns group-4E8D34BB4EED:java.util.concurrent.CompletableFuture@4792efc6[Not completed]
2019-09-19 10:28:53,463 [pool-197-thread-1] INFO  impl.RaftServerImpl (RaftServerImpl.java:<init>(93)) - 4e4d4400-67d5-4c42-accf-0c5056f48c19: new RaftServerImpl for group-4E8D34BB4EED:[4e4d4400-67d5-4c42-accf-0c5056f48c19:192.168.157.204:44591] with ContainerStateMachine:uninitialized
2019-09-19 10:28:53,463 [pool-197-thread-1] INFO  server.RaftServerConfigKeys (ConfUtils.java:logGet(43)) - raft.server.rpc.timeout.min = 5s (custom)
2019-09-19 10:28:53,463 [pool-197-thread-1] INFO  server.RaftServerConfigKeys (ConfUtils.java:logGet(43)) - raft.server.rpc.timeout.max = 5200ms (custom)
2019-09-19 10:28:53,463 [pool-197-thread-1] INFO  server.RaftServerConfigKeys (ConfUtils.java:logGet(43)) - raft.server.rpcslowness.timeout = 120s (custom)
2019-09-19 10:28:53,463 [pool-197-thread-1] INFO  server.RaftServerConfigKeys (ConfUtils.java:logGet(43)) - raft.server.sleep.deviation.threshold = 300 (default)
2019-09-19 10:28:53,463 [pool-197-thread-1] INFO  server.RaftServerConfigKeys (ConfUtils.java:logGet(43)) - raft.server.log.appender.install.snapshot.enabled = false (custom)
2019-09-19 10:28:53,464 [pool-197-thread-1] INFO  impl.RaftServerImpl (ServerState.java:<init>(105)) - 4e4d4400-67d5-4c42-accf-0c5056f48c19:group-4E8D34BB4EED ConfigurationManager, init=-1: [4e4d4400-67d5-4c42-accf-0c5056f48c19:192.168.157.204:44591], old=null, confs=<EMPTY_MAP>
2019-09-19 10:28:53,464 [pool-197-thread-1] INFO  server.RaftServerConfigKeys (ConfUtils.java:logGet(43)) - raft.server.storage.dir = [/workdir/hadoop-ozone/ozonefs/target/test-dir/MiniOzoneClusterImpl-4dc1f89a-70ec-4312-8322-55acd7e6c345/datanode-1/data/ratis] (custom)
2019-09-19 10:28:53,464 [pool-197-thread-1] INFO  storage.RaftStorageDirectory (RaftStorageDirectory.java:analyzeStorage(246)) - The storage directory /workdir/hadoop-ozone/ozonefs/target/test-dir/MiniOzoneClusterImpl-4dc1f89a-70ec-4312-8322-55acd7e6c345/datanode-1/data/ratis/1a35708b-1781-43f1-8bdd-4e8d34bb4eed does not exist. Creating ...
2019-09-19 10:28:53,476 [pool-197-thread-1] INFO  storage.RaftStorageDirectory (RaftStorageDirectory.java:tryLock(328)) - Lock on /workdir/hadoop-ozone/ozonefs/target/test-dir/MiniOzoneClusterImpl-4dc1f89a-70ec-4312-8322-55acd7e6c345/datanode-1/data/ratis/1a35708b-1781-43f1-8bdd-4e8d34bb4eed/in_use.lock acquired by nodename 28323@pr-hdds-1569-cpgw4-1311585219
2019-09-19 10:28:53,489 [pool-197-thread-1] INFO  storage.RaftStorage (RaftStorage.java:format(72)) - Storage directory /workdir/hadoop-ozone/ozonefs/target/test-dir/MiniOzoneClusterImpl-4dc1f89a-70ec-4312-8322-55acd7e6c345/datanode-1/data/ratis/1a35708b-1781-43f1-8bdd-4e8d34bb4eed has been successfully formatted.
2019-09-19 10:28:53,489 [pool-197-thread-1] INFO  ratis.ContainerStateMachine (ContainerStateMachine.java:loadSnapshot(226)) - group-4E8D34BB4EED: The snapshot info is null. Setting the last applied indexto:(t:0, i:~)
2019-09-19 10:28:53,489 [pool-197-thread-1] INFO  server.RaftServerConfigKeys (ConfUtils.java:logGet(43)) - raft.server.leader.election.timeout = 120s (custom)
2019-09-19 10:28:53,490 [pool-197-thread-1] INFO  server.RaftServerConfigKeys (ConfUtils.java:logGet(43)) - raft.server.log.use.memory = false (default)
2019-09-19 10:28:53,490 [pool-197-thread-1] INFO  server.RaftServerConfigKeys (ConfUtils.java:logGet(43)) - raft.server.log.purge.gap = 1000000 (custom)
2019-09-19 10:28:53,490 [pool-197-thread-1] INFO  server.RaftServerConfigKeys (ConfUtils.java:logGet(43)) - raft.server.log.appender.buffer.byte-limit = 33554432 (custom)
2019-09-19 10:28:53,490 [pool-197-thread-1] INFO  server.RaftServerConfigKeys (ConfUtils.java:logGet(43)) - raft.server.log.segment.size.max = 1048576 (custom)
2019-09-19 10:28:53,490 [pool-197-thread-1] INFO  server.RaftServerConfigKeys (ConfUtils.java:logGet(43)) - raft.server.log.segment.cache.num.max = 2 (custom)
2019-09-19 10:28:53,490 [pool-197-thread-1] INFO  segmented.SegmentedRaftLogWorker (SegmentedRaftLogWorker.java:<init>(172)) - new 4e4d4400-67d5-4c42-accf-0c5056f48c19-SegmentedRaftLogWorker:Storage Directory /workdir/hadoop-ozone/ozonefs/target/test-dir/MiniOzoneClusterImpl-4dc1f89a-70ec-4312-8322-55acd7e6c345/datanode-1/data/ratis/1a35708b-1781-43f1-8bdd-4e8d34bb4eed for RaftStorage:Storage Directory /workdir/hadoop-ozone/ozonefs/target/test-dir/MiniOzoneClusterImpl-4dc1f89a-70ec-4312-8322-55acd7e6c345/datanode-1/data/ratis/1a35708b-1781-43f1-8bdd-4e8d34bb4eed
2019-09-19 10:28:53,490 [pool-197-thread-1] INFO  server.RaftServerConfigKeys (ConfUtils.java:logGet(43)) - raft.server.log.queue.byte-limit = 2147483647 (custom)
2019-09-19 10:28:53,490 [pool-197-thread-1] INFO  server.RaftServerConfigKeys (ConfUtils.java:logGet(43)) - raft.server.log.queue.element-limit = 1024 (custom)
2019-09-19 10:28:53,491 [pool-197-thread-1] INFO  server.RaftServerConfigKeys (ConfUtils.java:logGet(43)) - raft.server.log.segment.size.max = 1048576 (custom)
2019-09-19 10:28:53,491 [pool-197-thread-1] INFO  server.RaftServerConfigKeys (ConfUtils.java:logGet(43)) - raft.server.log.preallocated.size = 16384 (custom)
2019-09-19 10:28:53,491 [pool-197-thread-1] INFO  server.RaftServerConfigKeys (ConfUtils.java:logGet(43)) - raft.server.log.write.buffer.size = 33554432 (custom)
2019-09-19 10:28:53,491 [pool-197-thread-1] INFO  server.RaftServerConfigKeys (ConfUtils.java:logGet(43)) - raft.server.log.force.sync.num = 128 (default)
2019-09-19 10:28:53,491 [pool-197-thread-1] INFO  server.RaftServerConfigKeys (ConfUtils.java:logGet(43)) - raft.server.log.statemachine.data.sync = true (default)
2019-09-19 10:28:53,491 [pool-197-thread-1] INFO  server.RaftServerConfigKeys (ConfUtils.java:logGet(43)) - raft.server.log.statemachine.data.sync.timeout = 10s (default)
2019-09-19 10:28:53,491 [pool-197-thread-1] INFO  server.RaftServerConfigKeys (ConfUtils.java:logGet(43)) - raft.server.log.statemachine.data.sync.timeout.retry = -1 (default)
2019-09-19 10:28:53,491 [pool-197-thread-1] INFO  server.RaftServerConfigKeys (ConfUtils.java:logGet(43)) - raft.server.log.statemachine.data.caching.enabled = true (custom)
2019-09-19 10:28:53,492 [pool-197-thread-1] INFO  segmented.SegmentedRaftLogWorker (SegmentedRaftLogWorker.java:lambda$new$0(132)) - 4e4d4400-67d5-4c42-accf-0c5056f48c19-SegmentedRaftLogWorker:Storage Directory /workdir/hadoop-ozone/ozonefs/target/test-dir/MiniOzoneClusterImpl-4dc1f89a-70ec-4312-8322-55acd7e6c345/datanode-1/data/ratis/1a35708b-1781-43f1-8bdd-4e8d34bb4eed: flushIndex: setUnconditionally 0 -> -1
2019-09-19 10:28:53,492 [pool-197-thread-1] INFO  server.RaftServerConfigKeys (ConfUtils.java:logGet(43)) - raft.server.snapshot.auto.trigger.enabled = true (custom)
2019-09-19 10:28:53,492 [pool-197-thread-1] INFO  server.RaftServerConfigKeys (ConfUtils.java:logGet(43)) - raft.server.snapshot.auto.trigger.threshold = 10000 (custom)
2019-09-19 10:28:53,492 [pool-197-thread-1] INFO  server.RaftServerConfigKeys (ConfUtils.java:logGet(43)) - raft.server.retrycache.expirytime = 600000ms (custom)
2019-09-19 10:28:53,492 [pool-197-thread-1] INFO  impl.RaftServerImpl (RaftServerImpl.java:start(180)) - 4e4d4400-67d5-4c42-accf-0c5056f48c19: start group-4E8D34BB4EED
2019-09-19 10:28:53,492 [pool-197-thread-1] INFO  impl.RaftServerImpl (RaftServerImpl.java:setRole(171)) - 4e4d4400-67d5-4c42-accf-0c5056f48c19:group-4E8D34BB4EED changes role from null to FOLLOWER at term 0 for startAsFollower
2019-09-19 10:28:53,492 [pool-197-thread-1] INFO  impl.RoleInfo (RoleInfo.java:updateAndGet(143)) - 4e4d4400-67d5-4c42-accf-0c5056f48c19: start FollowerState
2019-09-19 10:28:53,493 [pool-197-thread-1] INFO  util.JmxRegister (JmxRegister.java:tryRegister(44)) - Successfully registered JMX Bean with object name Ratis:service=RaftServer,group=group-4E8D34BB4EED,id=4e4d4400-67d5-4c42-accf-0c5056f48c19
2019-09-19 10:28:53,495 [RatisPipelineUtilsThread] INFO  pipeline.PipelineStateManager (PipelineStateManager.java:addPipeline(56)) - Created pipeline Pipeline[ Id: 1a35708b-1781-43f1-8bdd-4e8d34bb4eed, Nodes: 4e4d4400-67d5-4c42-accf-0c5056f48c19{ip: 192.168.157.204, host: pr-hdds-1569-cpgw4-1311585219, networkLocation: /default-rack, certSerialId: null}, Type:RATIS, Factor:ONE, State:OPEN]
2019-09-19 10:28:53,495 [RatisPipelineUtilsThread] ERROR pipeline.PipelinePlacementPolicy (PipelinePlacementPolicy.java:meetCriteria(91)) - Pipeline Placement: Doesn't meet the criteria to be viable node. Heaviness: 6
2019-09-19 10:28:53,499 [grpc-default-executor-0] INFO  impl.RaftServerProxy (RaftServerProxy.java:addNew(89)) - 4e4d4400-67d5-4c42-accf-0c5056f48c19: addNew group-996CD007BAB8:[4e4d4400-67d5-4c42-accf-0c5056f48c19:192.168.157.204:44591] returns group-996CD007BAB8:java.util.concurrent.CompletableFuture@43f5ce32[Not completed]
2019-09-19 10:28:53,500 [pool-197-thread-1] INFO  impl.RaftServerImpl (RaftServerImpl.java:<init>(93)) - 4e4d4400-67d5-4c42-accf-0c5056f48c19: new RaftServerImpl for group-996CD007BAB8:[4e4d4400-67d5-4c42-accf-0c5056f48c19:192.168.157.204:44591] with ContainerStateMachine:uninitialized
2019-09-19 10:28:53,501 [pool-197-thread-1] INFO  server.RaftServerConfigKeys (ConfUtils.java:logGet(43)) - raft.server.rpc.timeout.min = 5s (custom)
2019-09-19 10:28:53,501 [pool-197-thread-1] INFO  server.RaftServerConfigKeys (ConfUtils.java:logGet(43)) - raft.server.rpc.timeout.max = 5200ms (custom)
2019-09-19 10:28:53,501 [pool-197-thread-1] INFO  server.RaftServerConfigKeys (ConfUtils.java:logGet(43)) - raft.server.rpcslowness.timeout = 120s (custom)
2019-09-19 10:28:53,501 [pool-197-thread-1] INFO  server.RaftServerConfigKeys (ConfUtils.java:logGet(43)) - raft.server.sleep.deviation.threshold = 300 (default)
2019-09-19 10:28:53,501 [pool-197-thread-1] INFO  server.RaftServerConfigKeys (ConfUtils.java:logGet(43)) - raft.server.log.appender.install.snapshot.enabled = false (custom)
2019-09-19 10:28:53,501 [pool-197-thread-1] INFO  impl.RaftServerImpl (ServerState.java:<init>(105)) - 4e4d4400-67d5-4c42-accf-0c5056f48c19:group-996CD007BAB8 ConfigurationManager, init=-1: [4e4d4400-67d5-4c42-accf-0c5056f48c19:192.168.157.204:44591], old=null, confs=<EMPTY_MAP>
2019-09-19 10:28:53,501 [pool-197-thread-1] INFO  server.RaftServerConfigKeys (ConfUtils.java:logGet(43)) - raft.server.storage.dir = [/workdir/hadoop-ozone/ozonefs/target/test-dir/MiniOzoneClusterImpl-4dc1f89a-70ec-4312-8322-55acd7e6c345/datanode-1/data/ratis] (custom)
2019-09-19 10:28:53,501 [pool-197-thread-1] INFO  storage.RaftStorageDirectory (RaftStorageDirectory.java:analyzeStorage(246)) - The storage directory /workdir/hadoop-ozone/ozonefs/target/test-dir/MiniOzoneClusterImpl-4dc1f89a-70ec-4312-8322-55acd7e6c345/datanode-1/data/ratis/07da75ee-acb5-4ef8-a89c-996cd007bab8 does not exist. Creating ...
2019-09-19 10:28:53,514 [pool-197-thread-1] INFO  storage.RaftStorageDirectory (RaftStorageDirectory.java:tryLock(328)) - Lock on /workdir/hadoop-ozone/ozonefs/target/test-dir/MiniOzoneClusterImpl-4dc1f89a-70ec-4312-8322-55acd7e6c345/datanode-1/data/ratis/07da75ee-acb5-4ef8-a89c-996cd007bab8/in_use.lock acquired by nodename 28323@pr-hdds-1569-cpgw4-1311585219
2019-09-19 10:28:53,527 [pool-197-thread-1] INFO  storage.RaftStorage (RaftStorage.java:format(72)) - Storage directory /workdir/hadoop-ozone/ozonefs/target/test-dir/MiniOzoneClusterImpl-4dc1f89a-70ec-4312-8322-55acd7e6c345/datanode-1/data/ratis/07da75ee-acb5-4ef8-a89c-996cd007bab8 has been successfully formatted.
2019-09-19 10:28:53,527 [pool-197-thread-1] INFO  ratis.ContainerStateMachine (ContainerStateMachine.java:loadSnapshot(226)) - group-996CD007BAB8: The snapshot info is null. Setting the last applied indexto:(t:0, i:~)
2019-09-19 10:28:53,528 [pool-197-thread-1] INFO  server.RaftServerConfigKeys (ConfUtils.java:logGet(43)) - raft.server.leader.election.timeout = 120s (custom)
2019-09-19 10:28:53,528 [pool-197-thread-1] INFO  server.RaftServerConfigKeys (ConfUtils.java:logGet(43)) - raft.server.log.use.memory = false (default)
2019-09-19 10:28:53,528 [pool-197-thread-1] INFO  server.RaftServerConfigKeys (ConfUtils.java:logGet(43)) - raft.server.log.purge.gap = 1000000 (custom)
2019-09-19 10:28:53,528 [pool-197-thread-1] INFO  server.RaftServerConfigKeys (ConfUtils.java:logGet(43)) - raft.server.log.appender.buffer.byte-limit = 33554432 (custom)
2019-09-19 10:28:53,528 [pool-197-thread-1] INFO  server.RaftServerConfigKeys (ConfUtils.java:logGet(43)) - raft.server.log.segment.size.max = 1048576 (custom)
2019-09-19 10:28:53,528 [pool-197-thread-1] INFO  server.RaftServerConfigKeys (ConfUtils.java:logGet(43)) - raft.server.log.segment.cache.num.max = 2 (custom)
2019-09-19 10:28:53,528 [pool-197-thread-1] INFO  segmented.SegmentedRaftLogWorker (SegmentedRaftLogWorker.java:<init>(172)) - new 4e4d4400-67d5-4c42-accf-0c5056f48c19-SegmentedRaftLogWorker:Storage Directory /workdir/hadoop-ozone/ozonefs/target/test-dir/MiniOzoneClusterImpl-4dc1f89a-70ec-4312-8322-55acd7e6c345/datanode-1/data/ratis/07da75ee-acb5-4ef8-a89c-996cd007bab8 for RaftStorage:Storage Directory /workdir/hadoop-ozone/ozonefs/target/test-dir/MiniOzoneClusterImpl-4dc1f89a-70ec-4312-8322-55acd7e6c345/datanode-1/data/ratis/07da75ee-acb5-4ef8-a89c-996cd007bab8
2019-09-19 10:28:53,529 [pool-197-thread-1] INFO  server.RaftServerConfigKeys (ConfUtils.java:logGet(43)) - raft.server.log.queue.byte-limit = 2147483647 (custom)
2019-09-19 10:28:53,529 [pool-197-thread-1] INFO  server.RaftServerConfigKeys (ConfUtils.java:logGet(43)) - raft.server.log.queue.element-limit = 1024 (custom)
2019-09-19 10:28:53,529 [pool-197-thread-1] INFO  server.RaftServerConfigKeys (ConfUtils.java:logGet(43)) - raft.server.log.segment.size.max = 1048576 (custom)
2019-09-19 10:28:53,529 [pool-197-thread-1] INFO  server.RaftServerConfigKeys (ConfUtils.java:logGet(43)) - raft.server.log.preallocated.size = 16384 (custom)
2019-09-19 10:28:53,529 [pool-197-thread-1] INFO  server.RaftServerConfigKeys (ConfUtils.java:logGet(43)) - raft.server.log.write.buffer.size = 33554432 (custom)
2019-09-19 10:28:53,529 [pool-197-thread-1] INFO  server.RaftServerConfigKeys (ConfUtils.java:logGet(43)) - raft.server.log.force.sync.num = 128 (default)
2019-09-19 10:28:53,529 [pool-197-thread-1] INFO  server.RaftServerConfigKeys (ConfUtils.java:logGet(43)) - raft.server.log.statemachine.data.sync = true (default)
2019-09-19 10:28:53,529 [pool-197-thread-1] INFO  server.RaftServerConfigKeys (ConfUtils.java:logGet(43)) - raft.server.log.statemachine.data.sync.timeout = 10s (default)
2019-09-19 10:28:53,529 [pool-197-thread-1] INFO  server.RaftServerConfigKeys (ConfUtils.java:logGet(43)) - raft.server.log.statemachine.data.sync.timeout.retry = -1 (default)
2019-09-19 10:28:53,530 [pool-197-thread-1] INFO  server.RaftServerConfigKeys (ConfUtils.java:logGet(43)) - raft.server.log.statemachine.data.caching.enabled = true (custom)
2019-09-19 10:28:53,530 [pool-197-thread-1] INFO  segmented.SegmentedRaftLogWorker (SegmentedRaftLogWorker.java:lambda$new$0(132)) - 4e4d4400-67d5-4c42-accf-0c5056f48c19-SegmentedRaftLogWorker:Storage Directory /workdir/hadoop-ozone/ozonefs/target/test-dir/MiniOzoneClusterImpl-4dc1f89a-70ec-4312-8322-55acd7e6c345/datanode-1/data/ratis/07da75ee-acb5-4ef8-a89c-996cd007bab8: flushIndex: setUnconditionally 0 -> -1
2019-09-19 10:28:53,530 [pool-197-thread-1] INFO  server.RaftServerConfigKeys (ConfUtils.java:logGet(43)) - raft.server.snapshot.auto.trigger.enabled = true (custom)
2019-09-19 10:28:53,530 [pool-197-thread-1] INFO  server.RaftServerConfigKeys (ConfUtils.java:logGet(43)) - raft.server.snapshot.auto.trigger.threshold = 10000 (custom)
2019-09-19 10:28:53,530 [pool-197-thread-1] INFO  server.RaftServerConfigKeys (ConfUtils.java:logGet(43)) - raft.server.retrycache.expirytime = 600000ms (custom)
2019-09-19 10:28:53,531 [pool-197-thread-1] INFO  impl.RaftServerImpl (RaftServerImpl.java:start(180)) - 4e4d4400-67d5-4c42-accf-0c5056f48c19: start group-996CD007BAB8
2019-09-19 10:28:53,531 [pool-197-thread-1] INFO  impl.RaftServerImpl (RaftServerImpl.java:setRole(171)) - 4e4d4400-67d5-4c42-accf-0c5056f48c19:group-996CD007BAB8 changes role from null to FOLLOWER at term 0 for startAsFollower
2019-09-19 10:28:53,531 [pool-197-thread-1] INFO  impl.RoleInfo (RoleInfo.java:updateAndGet(143)) - 4e4d4400-67d5-4c42-accf-0c5056f48c19: start FollowerState
2019-09-19 10:28:53,531 [pool-197-thread-1] INFO  util.JmxRegister (JmxRegister.java:tryRegister(44)) - Successfully registered JMX Bean with object name Ratis:service=RaftServer,group=group-996CD007BAB8,id=4e4d4400-67d5-4c42-accf-0c5056f48c19
2019-09-19 10:28:53,533 [RatisPipelineUtilsThread] INFO  pipeline.PipelineStateManager (PipelineStateManager.java:addPipeline(56)) - Created pipeline Pipeline[ Id: 07da75ee-acb5-4ef8-a89c-996cd007bab8, Nodes: 4e4d4400-67d5-4c42-accf-0c5056f48c19{ip: 192.168.157.204, host: pr-hdds-1569-cpgw4-1311585219, networkLocation: /default-rack, certSerialId: null}, Type:RATIS, Factor:ONE, State:OPEN]
2019-09-19 10:28:53,534 [RatisPipelineUtilsThread] ERROR pipeline.PipelinePlacementPolicy (PipelinePlacementPolicy.java:meetCriteria(91)) - Pipeline Placement: Doesn't meet the criteria to be viable node. Heaviness: 6
2019-09-19 10:28:53,540 [grpc-default-executor-0] INFO  impl.RaftServerProxy (RaftServerProxy.java:addNew(89)) - 4e4d4400-67d5-4c42-accf-0c5056f48c19: addNew group-7D77C81087AD:[4e4d4400-67d5-4c42-accf-0c5056f48c19:192.168.157.204:44591] returns group-7D77C81087AD:java.util.concurrent.CompletableFuture@86677ff[Not completed]
2019-09-19 10:28:53,541 [pool-197-thread-1] INFO  impl.RaftServerImpl (RaftServerImpl.java:<init>(93)) - 4e4d4400-67d5-4c42-accf-0c5056f48c19: new RaftServerImpl for group-7D77C81087AD:[4e4d4400-67d5-4c42-accf-0c5056f48c19:192.168.157.204:44591] with ContainerStateMachine:uninitialized
2019-09-19 10:28:53,541 [pool-197-thread-1] INFO  server.RaftServerConfigKeys (ConfUtils.java:logGet(43)) - raft.server.rpc.timeout.min = 5s (custom)
2019-09-19 10:28:53,541 [pool-197-thread-1] INFO  server.RaftServerConfigKeys (ConfUtils.java:logGet(43)) - raft.server.rpc.timeout.max = 5200ms (custom)
2019-09-19 10:28:53,541 [pool-197-thread-1] INFO  server.RaftServerConfigKeys (ConfUtils.java:logGet(43)) - raft.server.rpcslowness.timeout = 120s (custom)
2019-09-19 10:28:53,541 [pool-197-thread-1] INFO  server.RaftServerConfigKeys (ConfUtils.java:logGet(43)) - raft.server.sleep.deviation.threshold = 300 (default)
2019-09-19 10:28:53,541 [pool-197-thread-1] INFO  server.RaftServerConfigKeys (ConfUtils.java:logGet(43)) - raft.server.log.appender.install.snapshot.enabled = false (custom)
2019-09-19 10:28:53,541 [pool-197-thread-1] INFO  impl.RaftServerImpl (ServerState.java:<init>(105)) - 4e4d4400-67d5-4c42-accf-0c5056f48c19:group-7D77C81087AD ConfigurationManager, init=-1: [4e4d4400-67d5-4c42-accf-0c5056f48c19:192.168.157.204:44591], old=null, confs=<EMPTY_MAP>
2019-09-19 10:28:53,542 [pool-197-thread-1] INFO  server.RaftServerConfigKeys (ConfUtils.java:logGet(43)) - raft.server.storage.dir = [/workdir/hadoop-ozone/ozonefs/target/test-dir/MiniOzoneClusterImpl-4dc1f89a-70ec-4312-8322-55acd7e6c345/datanode-1/data/ratis] (custom)
2019-09-19 10:28:53,542 [pool-197-thread-1] INFO  storage.RaftStorageDirectory (RaftStorageDirectory.java:analyzeStorage(246)) - The storage directory /workdir/hadoop-ozone/ozonefs/target/test-dir/MiniOzoneClusterImpl-4dc1f89a-70ec-4312-8322-55acd7e6c345/datanode-1/data/ratis/2f531887-2bd2-42ef-858d-7d77c81087ad does not exist. Creating ...
2019-09-19 10:28:53,548 [pool-197-thread-1] INFO  storage.RaftStorageDirectory (RaftStorageDirectory.java:tryLock(328)) - Lock on /workdir/hadoop-ozone/ozonefs/target/test-dir/MiniOzoneClusterImpl-4dc1f89a-70ec-4312-8322-55acd7e6c345/datanode-1/data/ratis/2f531887-2bd2-42ef-858d-7d77c81087ad/in_use.lock acquired by nodename 28323@pr-hdds-1569-cpgw4-1311585219
2019-09-19 10:28:53,561 [pool-197-thread-1] INFO  storage.RaftStorage (RaftStorage.java:format(72)) - Storage directory /workdir/hadoop-ozone/ozonefs/target/test-dir/MiniOzoneClusterImpl-4dc1f89a-70ec-4312-8322-55acd7e6c345/datanode-1/data/ratis/2f531887-2bd2-42ef-858d-7d77c81087ad has been successfully formatted.
2019-09-19 10:28:53,561 [pool-197-thread-1] INFO  ratis.ContainerStateMachine (ContainerStateMachine.java:loadSnapshot(226)) - group-7D77C81087AD: The snapshot info is null. Setting the last applied indexto:(t:0, i:~)
2019-09-19 10:28:53,561 [pool-197-thread-1] INFO  server.RaftServerConfigKeys (ConfUtils.java:logGet(43)) - raft.server.leader.election.timeout = 120s (custom)
2019-09-19 10:28:53,561 [pool-197-thread-1] INFO  server.RaftServerConfigKeys (ConfUtils.java:logGet(43)) - raft.server.log.use.memory = false (default)
2019-09-19 10:28:53,561 [pool-197-thread-1] INFO  server.RaftServerConfigKeys (ConfUtils.java:logGet(43)) - raft.server.log.purge.gap = 1000000 (custom)
2019-09-19 10:28:53,561 [pool-197-thread-1] INFO  server.RaftServerConfigKeys (ConfUtils.java:logGet(43)) - raft.server.log.appender.buffer.byte-limit = 33554432 (custom)
2019-09-19 10:28:53,562 [pool-197-thread-1] INFO  server.RaftServerConfigKeys (ConfUtils.java:logGet(43)) - raft.server.log.segment.size.max = 1048576 (custom)
2019-09-19 10:28:53,562 [pool-197-thread-1] INFO  server.RaftServerConfigKeys (ConfUtils.java:logGet(43)) - raft.server.log.segment.cache.num.max = 2 (custom)
2019-09-19 10:28:53,562 [pool-197-thread-1] INFO  segmented.SegmentedRaftLogWorker (SegmentedRaftLogWorker.java:<init>(172)) - new 4e4d4400-67d5-4c42-accf-0c5056f48c19-SegmentedRaftLogWorker:Storage Directory /workdir/hadoop-ozone/ozonefs/target/test-dir/MiniOzoneClusterImpl-4dc1f89a-70ec-4312-8322-55acd7e6c345/datanode-1/data/ratis/2f531887-2bd2-42ef-858d-7d77c81087ad for RaftStorage:Storage Directory /workdir/hadoop-ozone/ozonefs/target/test-dir/MiniOzoneClusterImpl-4dc1f89a-70ec-4312-8322-55acd7e6c345/datanode-1/data/ratis/2f531887-2bd2-42ef-858d-7d77c81087ad
2019-09-19 10:28:53,562 [pool-197-thread-1] INFO  server.RaftServerConfigKeys (ConfUtils.java:logGet(43)) - raft.server.log.queue.byte-limit = 2147483647 (custom)
2019-09-19 10:28:53,562 [pool-197-thread-1] INFO  server.RaftServerConfigKeys (ConfUtils.java:logGet(43)) - raft.server.log.queue.element-limit = 1024 (custom)
2019-09-19 10:28:53,562 [pool-197-thread-1] INFO  server.RaftServerConfigKeys (ConfUtils.java:logGet(43)) - raft.server.log.segment.size.max = 1048576 (custom)
2019-09-19 10:28:53,562 [pool-197-thread-1] INFO  server.RaftServerConfigKeys (ConfUtils.java:logGet(43)) - raft.server.log.preallocated.size = 16384 (custom)
2019-09-19 10:28:53,562 [pool-197-thread-1] INFO  server.RaftServerConfigKeys (ConfUtils.java:logGet(43)) - raft.server.log.write.buffer.size = 33554432 (custom)
2019-09-19 10:28:53,562 [pool-197-thread-1] INFO  server.RaftServerConfigKeys (ConfUtils.java:logGet(43)) - raft.server.log.force.sync.num = 128 (default)
2019-09-19 10:28:53,563 [pool-197-thread-1] INFO  server.RaftServerConfigKeys (ConfUtils.java:logGet(43)) - raft.server.log.statemachine.data.sync = true (default)
2019-09-19 10:28:53,563 [pool-197-thread-1] INFO  server.RaftServerConfigKeys (ConfUtils.java:logGet(43)) - raft.server.log.statemachine.data.sync.timeout = 10s (default)
2019-09-19 10:28:53,563 [pool-197-thread-1] INFO  server.RaftServerConfigKeys (ConfUtils.java:logGet(43)) - raft.server.log.statemachine.data.sync.timeout.retry = -1 (default)
2019-09-19 10:28:53,563 [pool-197-thread-1] INFO  server.RaftServerConfigKeys (ConfUtils.java:logGet(43)) - raft.server.log.statemachine.data.caching.enabled = true (custom)
2019-09-19 10:28:53,563 [pool-197-thread-1] INFO  segmented.SegmentedRaftLogWorker (SegmentedRaftLogWorker.java:lambda$new$0(132)) - 4e4d4400-67d5-4c42-accf-0c5056f48c19-SegmentedRaftLogWorker:Storage Directory /workdir/hadoop-ozone/ozonefs/target/test-dir/MiniOzoneClusterImpl-4dc1f89a-70ec-4312-8322-55acd7e6c345/datanode-1/data/ratis/2f531887-2bd2-42ef-858d-7d77c81087ad: flushIndex: setUnconditionally 0 -> -1
2019-09-19 10:28:53,563 [pool-197-thread-1] INFO  server.RaftServerConfigKeys (ConfUtils.java:logGet(43)) - raft.server.snapshot.auto.trigger.enabled = true (custom)
2019-09-19 10:28:53,564 [pool-197-thread-1] INFO  server.RaftServerConfigKeys (ConfUtils.java:logGet(43)) - raft.server.snapshot.auto.trigger.threshold = 10000 (custom)
2019-09-19 10:28:53,564 [pool-197-thread-1] INFO  server.RaftServerConfigKeys (ConfUtils.java:logGet(43)) - raft.server.retrycache.expirytime = 600000ms (custom)
2019-09-19 10:28:53,564 [pool-197-thread-1] INFO  impl.RaftServerImpl (RaftServerImpl.java:start(180)) - 4e4d4400-67d5-4c42-accf-0c5056f48c19: start group-7D77C81087AD
2019-09-19 10:28:53,564 [pool-197-thread-1] INFO  impl.RaftServerImpl (RaftServerImpl.java:setRole(171)) - 4e4d4400-67d5-4c42-accf-0c5056f48c19:group-7D77C81087AD changes role from null to FOLLOWER at term 0 for startAsFollower
2019-09-19 10:28:53,564 [pool-197-thread-1] INFO  impl.RoleInfo (RoleInfo.java:updateAndGet(143)) - 4e4d4400-67d5-4c42-accf-0c5056f48c19: start FollowerState
2019-09-19 10:28:53,564 [pool-197-thread-1] INFO  util.JmxRegister (JmxRegister.java:tryRegister(44)) - Successfully registered JMX Bean with object name Ratis:service=RaftServer,group=group-7D77C81087AD,id=4e4d4400-67d5-4c42-accf-0c5056f48c19
2019-09-19 10:28:53,568 [RatisPipelineUtilsThread] INFO  pipeline.PipelineStateManager (PipelineStateManager.java:addPipeline(56)) - Created pipeline Pipeline[ Id: 2f531887-2bd2-42ef-858d-7d77c81087ad, Nodes: 4e4d4400-67d5-4c42-accf-0c5056f48c19{ip: 192.168.157.204, host: pr-hdds-1569-cpgw4-1311585219, networkLocation: /default-rack, certSerialId: null}, Type:RATIS, Factor:ONE, State:OPEN]
2019-09-19 10:28:53,568 [RatisPipelineUtilsThread] ERROR pipeline.PipelinePlacementPolicy (PipelinePlacementPolicy.java:meetCriteria(91)) - Pipeline Placement: Doesn't meet the criteria to be viable node. Heaviness: 6
2019-09-19 10:28:53,573 [grpc-default-executor-0] INFO  impl.RaftServerProxy (RaftServerProxy.java:addNew(89)) - 4e4d4400-67d5-4c42-accf-0c5056f48c19: addNew group-1914F3727033:[4e4d4400-67d5-4c42-accf-0c5056f48c19:192.168.157.204:44591] returns group-1914F3727033:java.util.concurrent.CompletableFuture@74245417[Not completed]
2019-09-19 10:28:53,574 [pool-197-thread-1] INFO  impl.RaftServerImpl (RaftServerImpl.java:<init>(93)) - 4e4d4400-67d5-4c42-accf-0c5056f48c19: new RaftServerImpl for group-1914F3727033:[4e4d4400-67d5-4c42-accf-0c5056f48c19:192.168.157.204:44591] with ContainerStateMachine:uninitialized
2019-09-19 10:28:53,574 [pool-197-thread-1] INFO  server.RaftServerConfigKeys (ConfUtils.java:logGet(43)) - raft.server.rpc.timeout.min = 5s (custom)
2019-09-19 10:28:53,574 [pool-197-thread-1] INFO  server.RaftServerConfigKeys (ConfUtils.java:logGet(43)) - raft.server.rpc.timeout.max = 5200ms (custom)
2019-09-19 10:28:53,574 [pool-197-thread-1] INFO  server.RaftServerConfigKeys (ConfUtils.java:logGet(43)) - raft.server.rpcslowness.timeout = 120s (custom)
2019-09-19 10:28:53,575 [pool-197-thread-1] INFO  server.RaftServerConfigKeys (ConfUtils.java:logGet(43)) - raft.server.sleep.deviation.threshold = 300 (default)
2019-09-19 10:28:53,575 [pool-197-thread-1] INFO  server.RaftServerConfigKeys (ConfUtils.java:logGet(43)) - raft.server.log.appender.install.snapshot.enabled = false (custom)
2019-09-19 10:28:53,575 [pool-197-thread-1] INFO  impl.RaftServerImpl (ServerState.java:<init>(105)) - 4e4d4400-67d5-4c42-accf-0c5056f48c19:group-1914F3727033 ConfigurationManager, init=-1: [4e4d4400-67d5-4c42-accf-0c5056f48c19:192.168.157.204:44591], old=null, confs=<EMPTY_MAP>
2019-09-19 10:28:53,575 [pool-197-thread-1] INFO  server.RaftServerConfigKeys (ConfUtils.java:logGet(43)) - raft.server.storage.dir = [/workdir/hadoop-ozone/ozonefs/target/test-dir/MiniOzoneClusterImpl-4dc1f89a-70ec-4312-8322-55acd7e6c345/datanode-1/data/ratis] (custom)
2019-09-19 10:28:53,575 [pool-197-thread-1] INFO  storage.RaftStorageDirectory (RaftStorageDirectory.java:analyzeStorage(246)) - The storage directory /workdir/hadoop-ozone/ozonefs/target/test-dir/MiniOzoneClusterImpl-4dc1f89a-70ec-4312-8322-55acd7e6c345/datanode-1/data/ratis/5a559fa5-db55-4a70-b233-1914f3727033 does not exist. Creating ...
2019-09-19 10:28:53,588 [pool-197-thread-1] INFO  storage.RaftStorageDirectory (RaftStorageDirectory.java:tryLock(328)) - Lock on /workdir/hadoop-ozone/ozonefs/target/test-dir/MiniOzoneClusterImpl-4dc1f89a-70ec-4312-8322-55acd7e6c345/datanode-1/data/ratis/5a559fa5-db55-4a70-b233-1914f3727033/in_use.lock acquired by nodename 28323@pr-hdds-1569-cpgw4-1311585219
2019-09-19 10:28:53,601 [pool-197-thread-1] INFO  storage.RaftStorage (RaftStorage.java:format(72)) - Storage directory /workdir/hadoop-ozone/ozonefs/target/test-dir/MiniOzoneClusterImpl-4dc1f89a-70ec-4312-8322-55acd7e6c345/datanode-1/data/ratis/5a559fa5-db55-4a70-b233-1914f3727033 has been successfully formatted.
2019-09-19 10:28:53,601 [pool-197-thread-1] INFO  ratis.ContainerStateMachine (ContainerStateMachine.java:loadSnapshot(226)) - group-1914F3727033: The snapshot info is null. Setting the last applied indexto:(t:0, i:~)
2019-09-19 10:28:53,602 [pool-197-thread-1] INFO  server.RaftServerConfigKeys (ConfUtils.java:logGet(43)) - raft.server.leader.election.timeout = 120s (custom)
2019-09-19 10:28:53,602 [pool-197-thread-1] INFO  server.RaftServerConfigKeys (ConfUtils.java:logGet(43)) - raft.server.log.use.memory = false (default)
2019-09-19 10:28:53,602 [pool-197-thread-1] INFO  server.RaftServerConfigKeys (ConfUtils.java:logGet(43)) - raft.server.log.purge.gap = 1000000 (custom)
2019-09-19 10:28:53,602 [pool-197-thread-1] INFO  server.RaftServerConfigKeys (ConfUtils.java:logGet(43)) - raft.server.log.appender.buffer.byte-limit = 33554432 (custom)
2019-09-19 10:28:53,602 [pool-197-thread-1] INFO  server.RaftServerConfigKeys (ConfUtils.java:logGet(43)) - raft.server.log.segment.size.max = 1048576 (custom)
2019-09-19 10:28:53,602 [pool-197-thread-1] INFO  server.RaftServerConfigKeys (ConfUtils.java:logGet(43)) - raft.server.log.segment.cache.num.max = 2 (custom)
2019-09-19 10:28:53,603 [pool-197-thread-1] INFO  segmented.SegmentedRaftLogWorker (SegmentedRaftLogWorker.java:<init>(172)) - new 4e4d4400-67d5-4c42-accf-0c5056f48c19-SegmentedRaftLogWorker:Storage Directory /workdir/hadoop-ozone/ozonefs/target/test-dir/MiniOzoneClusterImpl-4dc1f89a-70ec-4312-8322-55acd7e6c345/datanode-1/data/ratis/5a559fa5-db55-4a70-b233-1914f3727033 for RaftStorage:Storage Directory /workdir/hadoop-ozone/ozonefs/target/test-dir/MiniOzoneClusterImpl-4dc1f89a-70ec-4312-8322-55acd7e6c345/datanode-1/data/ratis/5a559fa5-db55-4a70-b233-1914f3727033
2019-09-19 10:28:53,603 [pool-197-thread-1] INFO  server.RaftServerConfigKeys (ConfUtils.java:logGet(43)) - raft.server.log.queue.byte-limit = 2147483647 (custom)
2019-09-19 10:28:53,603 [pool-197-thread-1] INFO  server.RaftServerConfigKeys (ConfUtils.java:logGet(43)) - raft.server.log.queue.element-limit = 1024 (custom)
2019-09-19 10:28:53,603 [pool-197-thread-1] INFO  server.RaftServerConfigKeys (ConfUtils.java:logGet(43)) - raft.server.log.segment.size.max = 1048576 (custom)
2019-09-19 10:28:53,603 [pool-197-thread-1] INFO  server.RaftServerConfigKeys (ConfUtils.java:logGet(43)) - raft.server.log.preallocated.size = 16384 (custom)
2019-09-19 10:28:53,604 [pool-197-thread-1] INFO  server.RaftServerConfigKeys (ConfUtils.java:logGet(43)) - raft.server.log.write.buffer.size = 33554432 (custom)
2019-09-19 10:28:53,604 [pool-197-thread-1] INFO  server.RaftServerConfigKeys (ConfUtils.java:logGet(43)) - raft.server.log.force.sync.num = 128 (default)
2019-09-19 10:28:53,604 [pool-197-thread-1] INFO  server.RaftServerConfigKeys (ConfUtils.java:logGet(43)) - raft.server.log.statemachine.data.sync = true (default)
2019-09-19 10:28:53,604 [pool-197-thread-1] INFO  server.RaftServerConfigKeys (ConfUtils.java:logGet(43)) - raft.server.log.statemachine.data.sync.timeout = 10s (default)
2019-09-19 10:28:53,604 [pool-197-thread-1] INFO  server.RaftServerConfigKeys (ConfUtils.java:logGet(43)) - raft.server.log.statemachine.data.sync.timeout.retry = -1 (default)
2019-09-19 10:28:53,605 [pool-197-thread-1] INFO  server.RaftServerConfigKeys (ConfUtils.java:logGet(43)) - raft.server.log.statemachine.data.caching.enabled = true (custom)
2019-09-19 10:28:53,605 [pool-197-thread-1] INFO  segmented.SegmentedRaftLogWorker (SegmentedRaftLogWorker.java:lambda$new$0(132)) - 4e4d4400-67d5-4c42-accf-0c5056f48c19-SegmentedRaftLogWorker:Storage Directory /workdir/hadoop-ozone/ozonefs/target/test-dir/MiniOzoneClusterImpl-4dc1f89a-70ec-4312-8322-55acd7e6c345/datanode-1/data/ratis/5a559fa5-db55-4a70-b233-1914f3727033: flushIndex: setUnconditionally 0 -> -1
2019-09-19 10:28:53,605 [pool-197-thread-1] INFO  server.RaftServerConfigKeys (ConfUtils.java:logGet(43)) - raft.server.snapshot.auto.trigger.enabled = true (custom)
2019-09-19 10:28:53,606 [pool-197-thread-1] INFO  server.RaftServerConfigKeys (ConfUtils.java:logGet(43)) - raft.server.snapshot.auto.trigger.threshold = 10000 (custom)
2019-09-19 10:28:53,606 [pool-197-thread-1] INFO  server.RaftServerConfigKeys (ConfUtils.java:logGet(43)) - raft.server.retrycache.expirytime = 600000ms (custom)
2019-09-19 10:28:53,606 [pool-197-thread-1] INFO  impl.RaftServerImpl (RaftServerImpl.java:start(180)) - 4e4d4400-67d5-4c42-accf-0c5056f48c19: start group-1914F3727033
2019-09-19 10:28:53,606 [pool-197-thread-1] INFO  impl.RaftServerImpl (RaftServerImpl.java:setRole(171)) - 4e4d4400-67d5-4c42-accf-0c5056f48c19:group-1914F3727033 changes role from null to FOLLOWER at term 0 for startAsFollower
2019-09-19 10:28:53,606 [pool-197-thread-1] INFO  impl.RoleInfo (RoleInfo.java:updateAndGet(143)) - 4e4d4400-67d5-4c42-accf-0c5056f48c19: start FollowerState
2019-09-19 10:28:53,610 [pool-197-thread-1] INFO  util.JmxRegister (JmxRegister.java:tryRegister(44)) - Successfully registered JMX Bean with object name Ratis:service=RaftServer,group=group-1914F3727033,id=4e4d4400-67d5-4c42-accf-0c5056f48c19
2019-09-19 10:28:53,614 [RatisPipelineUtilsThread] INFO  pipeline.PipelineStateManager (PipelineStateManager.java:addPipeline(56)) - Created pipeline Pipeline[ Id: 5a559fa5-db55-4a70-b233-1914f3727033, Nodes: 4e4d4400-67d5-4c42-accf-0c5056f48c19{ip: 192.168.157.204, host: pr-hdds-1569-cpgw4-1311585219, networkLocation: /default-rack, certSerialId: null}, Type:RATIS, Factor:ONE, State:OPEN]
2019-09-19 10:28:53,615 [RatisPipelineUtilsThread] ERROR pipeline.PipelinePlacementPolicy (PipelinePlacementPolicy.java:meetCriteria(91)) - Pipeline Placement: Doesn't meet the criteria to be viable node. Heaviness: 6
2019-09-19 10:28:53,620 [grpc-default-executor-0] INFO  impl.RaftServerProxy (RaftServerProxy.java:addNew(89)) - 4e4d4400-67d5-4c42-accf-0c5056f48c19: addNew group-BD7FE6CB91D0:[4e4d4400-67d5-4c42-accf-0c5056f48c19:192.168.157.204:44591] returns group-BD7FE6CB91D0:java.util.concurrent.CompletableFuture@45699168[Not completed]
2019-09-19 10:28:53,621 [pool-197-thread-1] INFO  impl.RaftServerImpl (RaftServerImpl.java:<init>(93)) - 4e4d4400-67d5-4c42-accf-0c5056f48c19: new RaftServerImpl for group-BD7FE6CB91D0:[4e4d4400-67d5-4c42-accf-0c5056f48c19:192.168.157.204:44591] with ContainerStateMachine:uninitialized
2019-09-19 10:28:53,622 [pool-197-thread-1] INFO  server.RaftServerConfigKeys (ConfUtils.java:logGet(43)) - raft.server.rpc.timeout.min = 5s (custom)
2019-09-19 10:28:53,622 [pool-197-thread-1] INFO  server.RaftServerConfigKeys (ConfUtils.java:logGet(43)) - raft.server.rpc.timeout.max = 5200ms (custom)
2019-09-19 10:28:53,622 [pool-197-thread-1] INFO  server.RaftServerConfigKeys (ConfUtils.java:logGet(43)) - raft.server.rpcslowness.timeout = 120s (custom)
2019-09-19 10:28:53,622 [pool-197-thread-1] INFO  server.RaftServerConfigKeys (ConfUtils.java:logGet(43)) - raft.server.sleep.deviation.threshold = 300 (default)
2019-09-19 10:28:53,622 [pool-197-thread-1] INFO  server.RaftServerConfigKeys (ConfUtils.java:logGet(43)) - raft.server.log.appender.install.snapshot.enabled = false (custom)
2019-09-19 10:28:53,622 [pool-197-thread-1] INFO  impl.RaftServerImpl (ServerState.java:<init>(105)) - 4e4d4400-67d5-4c42-accf-0c5056f48c19:group-BD7FE6CB91D0 ConfigurationManager, init=-1: [4e4d4400-67d5-4c42-accf-0c5056f48c19:192.168.157.204:44591], old=null, confs=<EMPTY_MAP>
2019-09-19 10:28:53,623 [pool-197-thread-1] INFO  server.RaftServerConfigKeys (ConfUtils.java:logGet(43)) - raft.server.storage.dir = [/workdir/hadoop-ozone/ozonefs/target/test-dir/MiniOzoneClusterImpl-4dc1f89a-70ec-4312-8322-55acd7e6c345/datanode-1/data/ratis] (custom)
2019-09-19 10:28:53,623 [pool-197-thread-1] INFO  storage.RaftStorageDirectory (RaftStorageDirectory.java:analyzeStorage(246)) - The storage directory /workdir/hadoop-ozone/ozonefs/target/test-dir/MiniOzoneClusterImpl-4dc1f89a-70ec-4312-8322-55acd7e6c345/datanode-1/data/ratis/152076cb-8a1e-4b96-a99e-bd7fe6cb91d0 does not exist. Creating ...
2019-09-19 10:28:53,636 [pool-197-thread-1] INFO  storage.RaftStorageDirectory (RaftStorageDirectory.java:tryLock(328)) - Lock on /workdir/hadoop-ozone/ozonefs/target/test-dir/MiniOzoneClusterImpl-4dc1f89a-70ec-4312-8322-55acd7e6c345/datanode-1/data/ratis/152076cb-8a1e-4b96-a99e-bd7fe6cb91d0/in_use.lock acquired by nodename 28323@pr-hdds-1569-cpgw4-1311585219
2019-09-19 10:28:53,649 [pool-197-thread-1] INFO  storage.RaftStorage (RaftStorage.java:format(72)) - Storage directory /workdir/hadoop-ozone/ozonefs/target/test-dir/MiniOzoneClusterImpl-4dc1f89a-70ec-4312-8322-55acd7e6c345/datanode-1/data/ratis/152076cb-8a1e-4b96-a99e-bd7fe6cb91d0 has been successfully formatted.
2019-09-19 10:28:53,649 [pool-197-thread-1] INFO  ratis.ContainerStateMachine (ContainerStateMachine.java:loadSnapshot(226)) - group-BD7FE6CB91D0: The snapshot info is null. Setting the last applied indexto:(t:0, i:~)
2019-09-19 10:28:53,649 [pool-197-thread-1] INFO  server.RaftServerConfigKeys (ConfUtils.java:logGet(43)) - raft.server.leader.election.timeout = 120s (custom)
2019-09-19 10:28:53,649 [pool-197-thread-1] INFO  server.RaftServerConfigKeys (ConfUtils.java:logGet(43)) - raft.server.log.use.memory = false (default)
2019-09-19 10:28:53,649 [pool-197-thread-1] INFO  server.RaftServerConfigKeys (ConfUtils.java:logGet(43)) - raft.server.log.purge.gap = 1000000 (custom)
2019-09-19 10:28:53,650 [pool-197-thread-1] INFO  server.RaftServerConfigKeys (ConfUtils.java:logGet(43)) - raft.server.log.appender.buffer.byte-limit = 33554432 (custom)
2019-09-19 10:28:53,650 [pool-197-thread-1] INFO  server.RaftServerConfigKeys (ConfUtils.java:logGet(43)) - raft.server.log.segment.size.max = 1048576 (custom)
2019-09-19 10:28:53,650 [pool-197-thread-1] INFO  server.RaftServerConfigKeys (ConfUtils.java:logGet(43)) - raft.server.log.segment.cache.num.max = 2 (custom)
2019-09-19 10:28:53,650 [pool-197-thread-1] INFO  segmented.SegmentedRaftLogWorker (SegmentedRaftLogWorker.java:<init>(172)) - new 4e4d4400-67d5-4c42-accf-0c5056f48c19-SegmentedRaftLogWorker:Storage Directory /workdir/hadoop-ozone/ozonefs/target/test-dir/MiniOzoneClusterImpl-4dc1f89a-70ec-4312-8322-55acd7e6c345/datanode-1/data/ratis/152076cb-8a1e-4b96-a99e-bd7fe6cb91d0 for RaftStorage:Storage Directory /workdir/hadoop-ozone/ozonefs/target/test-dir/MiniOzoneClusterImpl-4dc1f89a-70ec-4312-8322-55acd7e6c345/datanode-1/data/ratis/152076cb-8a1e-4b96-a99e-bd7fe6cb91d0
2019-09-19 10:28:53,650 [pool-197-thread-1] INFO  server.RaftServerConfigKeys (ConfUtils.java:logGet(43)) - raft.server.log.queue.byte-limit = 2147483647 (custom)
2019-09-19 10:28:53,650 [pool-197-thread-1] INFO  server.RaftServerConfigKeys (ConfUtils.java:logGet(43)) - raft.server.log.queue.element-limit = 1024 (custom)
2019-09-19 10:28:53,650 [pool-197-thread-1] INFO  server.RaftServerConfigKeys (ConfUtils.java:logGet(43)) - raft.server.log.segment.size.max = 1048576 (custom)
2019-09-19 10:28:53,650 [pool-197-thread-1] INFO  server.RaftServerConfigKeys (ConfUtils.java:logGet(43)) - raft.server.log.preallocated.size = 16384 (custom)
2019-09-19 10:28:53,650 [pool-197-thread-1] INFO  server.RaftServerConfigKeys (ConfUtils.java:logGet(43)) - raft.server.log.write.buffer.size = 33554432 (custom)
2019-09-19 10:28:53,651 [pool-197-thread-1] INFO  server.RaftServerConfigKeys (ConfUtils.java:logGet(43)) - raft.server.log.force.sync.num = 128 (default)
2019-09-19 10:28:53,651 [pool-197-thread-1] INFO  server.RaftServerConfigKeys (ConfUtils.java:logGet(43)) - raft.server.log.statemachine.data.sync = true (default)
2019-09-19 10:28:53,651 [pool-197-thread-1] INFO  server.RaftServerConfigKeys (ConfUtils.java:logGet(43)) - raft.server.log.statemachine.data.sync.timeout = 10s (default)
2019-09-19 10:28:53,651 [pool-197-thread-1] INFO  server.RaftServerConfigKeys (ConfUtils.java:logGet(43)) - raft.server.log.statemachine.data.sync.timeout.retry = -1 (default)
2019-09-19 10:28:53,651 [pool-197-thread-1] INFO  server.RaftServerConfigKeys (ConfUtils.java:logGet(43)) - raft.server.log.statemachine.data.caching.enabled = true (custom)
2019-09-19 10:28:53,651 [pool-197-thread-1] INFO  segmented.SegmentedRaftLogWorker (SegmentedRaftLogWorker.java:lambda$new$0(132)) - 4e4d4400-67d5-4c42-accf-0c5056f48c19-SegmentedRaftLogWorker:Storage Directory /workdir/hadoop-ozone/ozonefs/target/test-dir/MiniOzoneClusterImpl-4dc1f89a-70ec-4312-8322-55acd7e6c345/datanode-1/data/ratis/152076cb-8a1e-4b96-a99e-bd7fe6cb91d0: flushIndex: setUnconditionally 0 -> -1
2019-09-19 10:28:53,651 [pool-197-thread-1] INFO  server.RaftServerConfigKeys (ConfUtils.java:logGet(43)) - raft.server.snapshot.auto.trigger.enabled = true (custom)
2019-09-19 10:28:53,652 [pool-197-thread-1] INFO  server.RaftServerConfigKeys (ConfUtils.java:logGet(43)) - raft.server.snapshot.auto.trigger.threshold = 10000 (custom)
2019-09-19 10:28:53,652 [pool-197-thread-1] INFO  server.RaftServerConfigKeys (ConfUtils.java:logGet(43)) - raft.server.retrycache.expirytime = 600000ms (custom)
2019-09-19 10:28:53,652 [pool-197-thread-1] INFO  impl.RaftServerImpl (RaftServerImpl.java:start(180)) - 4e4d4400-67d5-4c42-accf-0c5056f48c19: start group-BD7FE6CB91D0
2019-09-19 10:28:53,652 [pool-197-thread-1] INFO  impl.RaftServerImpl (RaftServerImpl.java:setRole(171)) - 4e4d4400-67d5-4c42-accf-0c5056f48c19:group-BD7FE6CB91D0 changes role from null to FOLLOWER at term 0 for startAsFollower
2019-09-19 10:28:53,652 [pool-197-thread-1] INFO  impl.RoleInfo (RoleInfo.java:updateAndGet(143)) - 4e4d4400-67d5-4c42-accf-0c5056f48c19: start FollowerState
2019-09-19 10:28:53,652 [pool-197-thread-1] INFO  util.JmxRegister (JmxRegister.java:tryRegister(44)) - Successfully registered JMX Bean with object name Ratis:service=RaftServer,group=group-BD7FE6CB91D0,id=4e4d4400-67d5-4c42-accf-0c5056f48c19
2019-09-19 10:28:53,655 [RatisPipelineUtilsThread] INFO  pipeline.PipelineStateManager (PipelineStateManager.java:addPipeline(56)) - Created pipeline Pipeline[ Id: 152076cb-8a1e-4b96-a99e-bd7fe6cb91d0, Nodes: 4e4d4400-67d5-4c42-accf-0c5056f48c19{ip: 192.168.157.204, host: pr-hdds-1569-cpgw4-1311585219, networkLocation: /default-rack, certSerialId: null}, Type:RATIS, Factor:ONE, State:OPEN]
2019-09-19 10:28:53,655 [RatisPipelineUtilsThread] ERROR pipeline.PipelinePlacementPolicy (PipelinePlacementPolicy.java:meetCriteria(91)) - Pipeline Placement: Doesn't meet the criteria to be viable node. Heaviness: 6
2019-09-19 10:28:53,656 [RatisPipelineUtilsThread] ERROR pipeline.PipelinePlacementPolicy (PipelinePlacementPolicy.java:meetCriteria(91)) - Pipeline Placement: Doesn't meet the criteria to be viable node. Heaviness: 6
2019-09-19 10:28:53,656 [RatisPipelineUtilsThread] ERROR pipeline.PipelinePlacementPolicy (PipelinePlacementPolicy.java:filterViableNodes(146)) - Unable to find enough nodes that meet the criteria that cannot engage in more than 5 pipelines. Nodes required: 1 Found: 0, healthy nodes count inNodeManager: 2.
2019-09-19 10:28:53,656 [RatisPipelineUtilsThread] ERROR pipeline.SCMPipelineManager (SCMPipelineManager.java:createPipeline(161)) - Pipeline creation failed due to exception: Unable to find enough nodes that meet the criteria that cannot engage in more than 5 pipelines. Nodes required: 1 Found: 0, healthy nodes count inNodeManager: 2.
2019-09-19 10:28:53,656 [RatisPipelineUtilsThread] ERROR pipeline.PipelinePlacementPolicy (PipelinePlacementPolicy.java:filterViableNodes(129)) - Not enough healthy nodes to allocate pipeline. 3  datanodes required. Found 2
2019-09-19 10:28:53,656 [RatisPipelineUtilsThread] ERROR pipeline.SCMPipelineManager (SCMPipelineManager.java:createPipeline(161)) - Pipeline creation failed due to exception: Not enough healthy nodes to allocate pipeline. 3  datanodes required. Found 2
2019-09-19 10:28:53,674 [Thread-806] INFO  ozone.MiniOzoneClusterImpl (MiniOzoneClusterImpl.java:lambda$waitForClusterToBeReady$0(142)) - Waiting for cluster to be ready. Got 2 of 3 DN Heartbeats.
2019-09-19 10:28:53,675 [IPC Server handler 1 on 35635] INFO  net.NetworkTopology (NetworkTopologyImpl.java:add(110)) - Added a new node: /default-rack/bd7a2d95-c10b-4afb-bf2e-edb35f4c5c67
2019-09-19 10:28:53,676 [RatisPipelineUtilsThread] ERROR pipeline.PipelinePlacementPolicy (PipelinePlacementPolicy.java:meetCriteria(91)) - Pipeline Placement: Doesn't meet the criteria to be viable node. Heaviness: 6
2019-09-19 10:28:53,676 [RatisPipelineUtilsThread] ERROR pipeline.PipelinePlacementPolicy (PipelinePlacementPolicy.java:meetCriteria(91)) - Pipeline Placement: Doesn't meet the criteria to be viable node. Heaviness: 6
2019-09-19 10:28:53,676 [IPC Server handler 1 on 35635] INFO  node.SCMNodeManager (SCMNodeManager.java:register(273)) - Registered Data node : bd7a2d95-c10b-4afb-bf2e-edb35f4c5c67{ip: 192.168.157.204, host: pr-hdds-1569-cpgw4-1311585219, networkLocation: /default-rack, certSerialId: null}
2019-09-19 10:28:53,676 | INFO  | SCMAudit | user=jenkins1000 | ip=192.168.157.204 | op=REGISTER {datanodeDetails=bd7a2d95-c10b-4afb-bf2e-edb35f4c5c67{ip: 192.168.157.204, host: pr-hdds-1569-cpgw4-1311585219, networkLocation: /default-rack, certSerialId: null}} | ret=SUCCESS |  
2019-09-19 10:28:53,684 [grpc-default-executor-0] INFO  impl.RaftServerProxy (RaftServerProxy.java:addNew(89)) - bd7a2d95-c10b-4afb-bf2e-edb35f4c5c67: addNew group-B6F40CE66816:[bd7a2d95-c10b-4afb-bf2e-edb35f4c5c67:192.168.157.204:36843] returns group-B6F40CE66816:java.util.concurrent.CompletableFuture@46049ce2[Not completed]
2019-09-19 10:28:53,686 [pool-208-thread-1] INFO  impl.RaftServerImpl (RaftServerImpl.java:<init>(93)) - bd7a2d95-c10b-4afb-bf2e-edb35f4c5c67: new RaftServerImpl for group-B6F40CE66816:[bd7a2d95-c10b-4afb-bf2e-edb35f4c5c67:192.168.157.204:36843] with ContainerStateMachine:uninitialized
2019-09-19 10:28:53,686 [pool-208-thread-1] INFO  server.RaftServerConfigKeys (ConfUtils.java:logGet(43)) - raft.server.rpc.timeout.min = 5s (custom)
2019-09-19 10:28:53,686 [pool-208-thread-1] INFO  server.RaftServerConfigKeys (ConfUtils.java:logGet(43)) - raft.server.rpc.timeout.max = 5200ms (custom)
2019-09-19 10:28:53,686 [pool-208-thread-1] INFO  server.RaftServerConfigKeys (ConfUtils.java:logGet(43)) - raft.server.rpcslowness.timeout = 120s (custom)
2019-09-19 10:28:53,686 [pool-208-thread-1] INFO  server.RaftServerConfigKeys (ConfUtils.java:logGet(43)) - raft.server.sleep.deviation.threshold = 300 (default)
2019-09-19 10:28:53,686 [pool-208-thread-1] INFO  server.RaftServerConfigKeys (ConfUtils.java:logGet(43)) - raft.server.log.appender.install.snapshot.enabled = false (custom)
2019-09-19 10:28:53,687 [pool-208-thread-1] INFO  impl.RaftServerImpl (ServerState.java:<init>(105)) - bd7a2d95-c10b-4afb-bf2e-edb35f4c5c67:group-B6F40CE66816 ConfigurationManager, init=-1: [bd7a2d95-c10b-4afb-bf2e-edb35f4c5c67:192.168.157.204:36843], old=null, confs=<EMPTY_MAP>
2019-09-19 10:28:53,687 [pool-208-thread-1] INFO  server.RaftServerConfigKeys (ConfUtils.java:logGet(43)) - raft.server.storage.dir = [/workdir/hadoop-ozone/ozonefs/target/test-dir/MiniOzoneClusterImpl-4dc1f89a-70ec-4312-8322-55acd7e6c345/datanode-2/data/ratis] (custom)
2019-09-19 10:28:53,687 [pool-208-thread-1] INFO  storage.RaftStorageDirectory (RaftStorageDirectory.java:analyzeStorage(246)) - The storage directory /workdir/hadoop-ozone/ozonefs/target/test-dir/MiniOzoneClusterImpl-4dc1f89a-70ec-4312-8322-55acd7e6c345/datanode-2/data/ratis/e807d508-ec07-454f-add1-b6f40ce66816 does not exist. Creating ...
2019-09-19 10:28:53,701 [pool-208-thread-1] INFO  storage.RaftStorageDirectory (RaftStorageDirectory.java:tryLock(328)) - Lock on /workdir/hadoop-ozone/ozonefs/target/test-dir/MiniOzoneClusterImpl-4dc1f89a-70ec-4312-8322-55acd7e6c345/datanode-2/data/ratis/e807d508-ec07-454f-add1-b6f40ce66816/in_use.lock acquired by nodename 28323@pr-hdds-1569-cpgw4-1311585219
2019-09-19 10:28:53,713 [pool-208-thread-1] INFO  storage.RaftStorage (RaftStorage.java:format(72)) - Storage directory /workdir/hadoop-ozone/ozonefs/target/test-dir/MiniOzoneClusterImpl-4dc1f89a-70ec-4312-8322-55acd7e6c345/datanode-2/data/ratis/e807d508-ec07-454f-add1-b6f40ce66816 has been successfully formatted.
2019-09-19 10:28:53,714 [pool-208-thread-1] INFO  ratis.ContainerStateMachine (ContainerStateMachine.java:loadSnapshot(226)) - group-B6F40CE66816: The snapshot info is null. Setting the last applied indexto:(t:0, i:~)
2019-09-19 10:28:53,714 [pool-208-thread-1] INFO  server.RaftServerConfigKeys (ConfUtils.java:logGet(43)) - raft.server.leader.election.timeout = 120s (custom)
2019-09-19 10:28:53,714 [pool-208-thread-1] INFO  server.RaftServerConfigKeys (ConfUtils.java:logGet(43)) - raft.server.log.use.memory = false (default)
2019-09-19 10:28:53,714 [pool-208-thread-1] INFO  server.RaftServerConfigKeys (ConfUtils.java:logGet(43)) - raft.server.log.purge.gap = 1000000 (custom)
2019-09-19 10:28:53,714 [pool-208-thread-1] INFO  server.RaftServerConfigKeys (ConfUtils.java:logGet(43)) - raft.server.log.appender.buffer.byte-limit = 33554432 (custom)
2019-09-19 10:28:53,714 [pool-208-thread-1] INFO  server.RaftServerConfigKeys (ConfUtils.java:logGet(43)) - raft.server.log.segment.size.max = 1048576 (custom)
2019-09-19 10:28:53,715 [pool-208-thread-1] INFO  server.RaftServerConfigKeys (ConfUtils.java:logGet(43)) - raft.server.log.segment.cache.num.max = 2 (custom)
2019-09-19 10:28:53,715 [pool-208-thread-1] INFO  segmented.SegmentedRaftLogWorker (SegmentedRaftLogWorker.java:<init>(172)) - new bd7a2d95-c10b-4afb-bf2e-edb35f4c5c67-SegmentedRaftLogWorker:Storage Directory /workdir/hadoop-ozone/ozonefs/target/test-dir/MiniOzoneClusterImpl-4dc1f89a-70ec-4312-8322-55acd7e6c345/datanode-2/data/ratis/e807d508-ec07-454f-add1-b6f40ce66816 for RaftStorage:Storage Directory /workdir/hadoop-ozone/ozonefs/target/test-dir/MiniOzoneClusterImpl-4dc1f89a-70ec-4312-8322-55acd7e6c345/datanode-2/data/ratis/e807d508-ec07-454f-add1-b6f40ce66816
2019-09-19 10:28:53,715 [pool-208-thread-1] INFO  server.RaftServerConfigKeys (ConfUtils.java:logGet(43)) - raft.server.log.queue.byte-limit = 2147483647 (custom)
2019-09-19 10:28:53,715 [pool-208-thread-1] INFO  server.RaftServerConfigKeys (ConfUtils.java:logGet(43)) - raft.server.log.queue.element-limit = 1024 (custom)
2019-09-19 10:28:53,715 [pool-208-thread-1] INFO  server.RaftServerConfigKeys (ConfUtils.java:logGet(43)) - raft.server.log.segment.size.max = 1048576 (custom)
2019-09-19 10:28:53,716 [pool-208-thread-1] INFO  server.RaftServerConfigKeys (ConfUtils.java:logGet(43)) - raft.server.log.preallocated.size = 16384 (custom)
2019-09-19 10:28:53,716 [pool-208-thread-1] INFO  server.RaftServerConfigKeys (ConfUtils.java:logGet(43)) - raft.server.log.write.buffer.size = 33554432 (custom)
2019-09-19 10:28:53,716 [pool-208-thread-1] INFO  server.RaftServerConfigKeys (ConfUtils.java:logGet(43)) - raft.server.log.force.sync.num = 128 (default)
2019-09-19 10:28:53,716 [pool-208-thread-1] INFO  server.RaftServerConfigKeys (ConfUtils.java:logGet(43)) - raft.server.log.statemachine.data.sync = true (default)
2019-09-19 10:28:53,716 [pool-208-thread-1] INFO  server.RaftServerConfigKeys (ConfUtils.java:logGet(43)) - raft.server.log.statemachine.data.sync.timeout = 10s (default)
2019-09-19 10:28:53,716 [pool-208-thread-1] INFO  server.RaftServerConfigKeys (ConfUtils.java:logGet(43)) - raft.server.log.statemachine.data.sync.timeout.retry = -1 (default)
2019-09-19 10:28:53,717 [pool-208-thread-1] INFO  server.RaftServerConfigKeys (ConfUtils.java:logGet(43)) - raft.server.log.statemachine.data.caching.enabled = true (custom)
2019-09-19 10:28:53,717 [pool-208-thread-1] INFO  segmented.SegmentedRaftLogWorker (SegmentedRaftLogWorker.java:lambda$new$0(132)) - bd7a2d95-c10b-4afb-bf2e-edb35f4c5c67-SegmentedRaftLogWorker:Storage Directory /workdir/hadoop-ozone/ozonefs/target/test-dir/MiniOzoneClusterImpl-4dc1f89a-70ec-4312-8322-55acd7e6c345/datanode-2/data/ratis/e807d508-ec07-454f-add1-b6f40ce66816: flushIndex: setUnconditionally 0 -> -1
2019-09-19 10:28:53,717 [pool-208-thread-1] INFO  server.RaftServerConfigKeys (ConfUtils.java:logGet(43)) - raft.server.snapshot.auto.trigger.enabled = true (custom)
2019-09-19 10:28:53,718 [pool-208-thread-1] INFO  server.RaftServerConfigKeys (ConfUtils.java:logGet(43)) - raft.server.snapshot.auto.trigger.threshold = 10000 (custom)
2019-09-19 10:28:53,718 [pool-208-thread-1] INFO  server.RaftServerConfigKeys (ConfUtils.java:logGet(43)) - raft.server.retrycache.expirytime = 600000ms (custom)
2019-09-19 10:28:53,718 [pool-208-thread-1] INFO  impl.RaftServerImpl (RaftServerImpl.java:start(180)) - bd7a2d95-c10b-4afb-bf2e-edb35f4c5c67: start group-B6F40CE66816
2019-09-19 10:28:53,718 [pool-208-thread-1] INFO  impl.RaftServerImpl (RaftServerImpl.java:setRole(171)) - bd7a2d95-c10b-4afb-bf2e-edb35f4c5c67:group-B6F40CE66816 changes role from null to FOLLOWER at term 0 for startAsFollower
2019-09-19 10:28:53,718 [pool-208-thread-1] INFO  impl.RoleInfo (RoleInfo.java:updateAndGet(143)) - bd7a2d95-c10b-4afb-bf2e-edb35f4c5c67: start FollowerState
2019-09-19 10:28:53,719 [pool-208-thread-1] INFO  util.JmxRegister (JmxRegister.java:tryRegister(44)) - Successfully registered JMX Bean with object name Ratis:service=RaftServer,group=group-B6F40CE66816,id=bd7a2d95-c10b-4afb-bf2e-edb35f4c5c67
2019-09-19 10:28:53,721 [RatisPipelineUtilsThread] INFO  pipeline.PipelineStateManager (PipelineStateManager.java:addPipeline(56)) - Created pipeline Pipeline[ Id: e807d508-ec07-454f-add1-b6f40ce66816, Nodes: bd7a2d95-c10b-4afb-bf2e-edb35f4c5c67{ip: 192.168.157.204, host: pr-hdds-1569-cpgw4-1311585219, networkLocation: /default-rack, certSerialId: null}, Type:RATIS, Factor:ONE, State:OPEN]
2019-09-19 10:28:53,722 [RatisPipelineUtilsThread] ERROR pipeline.PipelinePlacementPolicy (PipelinePlacementPolicy.java:meetCriteria(91)) - Pipeline Placement: Doesn't meet the criteria to be viable node. Heaviness: 6
2019-09-19 10:28:53,722 [RatisPipelineUtilsThread] ERROR pipeline.PipelinePlacementPolicy (PipelinePlacementPolicy.java:meetCriteria(91)) - Pipeline Placement: Doesn't meet the criteria to be viable node. Heaviness: 6
2019-09-19 10:28:53,727 [grpc-default-executor-0] INFO  impl.RaftServerProxy (RaftServerProxy.java:addNew(89)) - bd7a2d95-c10b-4afb-bf2e-edb35f4c5c67: addNew group-1FF0080CA675:[bd7a2d95-c10b-4afb-bf2e-edb35f4c5c67:192.168.157.204:36843] returns group-1FF0080CA675:java.util.concurrent.CompletableFuture@2221fe0f[Not completed]
2019-09-19 10:28:53,728 [pool-208-thread-1] INFO  impl.RaftServerImpl (RaftServerImpl.java:<init>(93)) - bd7a2d95-c10b-4afb-bf2e-edb35f4c5c67: new RaftServerImpl for group-1FF0080CA675:[bd7a2d95-c10b-4afb-bf2e-edb35f4c5c67:192.168.157.204:36843] with ContainerStateMachine:uninitialized
2019-09-19 10:28:53,728 [pool-208-thread-1] INFO  server.RaftServerConfigKeys (ConfUtils.java:logGet(43)) - raft.server.rpc.timeout.min = 5s (custom)
2019-09-19 10:28:53,728 [pool-208-thread-1] INFO  server.RaftServerConfigKeys (ConfUtils.java:logGet(43)) - raft.server.rpc.timeout.max = 5200ms (custom)
2019-09-19 10:28:53,729 [pool-208-thread-1] INFO  server.RaftServerConfigKeys (ConfUtils.java:logGet(43)) - raft.server.rpcslowness.timeout = 120s (custom)
2019-09-19 10:28:53,729 [pool-208-thread-1] INFO  server.RaftServerConfigKeys (ConfUtils.java:logGet(43)) - raft.server.sleep.deviation.threshold = 300 (default)
2019-09-19 10:28:53,729 [pool-208-thread-1] INFO  server.RaftServerConfigKeys (ConfUtils.java:logGet(43)) - raft.server.log.appender.install.snapshot.enabled = false (custom)
2019-09-19 10:28:53,729 [pool-208-thread-1] INFO  impl.RaftServerImpl (ServerState.java:<init>(105)) - bd7a2d95-c10b-4afb-bf2e-edb35f4c5c67:group-1FF0080CA675 ConfigurationManager, init=-1: [bd7a2d95-c10b-4afb-bf2e-edb35f4c5c67:192.168.157.204:36843], old=null, confs=<EMPTY_MAP>
2019-09-19 10:28:53,729 [pool-208-thread-1] INFO  server.RaftServerConfigKeys (ConfUtils.java:logGet(43)) - raft.server.storage.dir = [/workdir/hadoop-ozone/ozonefs/target/test-dir/MiniOzoneClusterImpl-4dc1f89a-70ec-4312-8322-55acd7e6c345/datanode-2/data/ratis] (custom)
2019-09-19 10:28:53,730 [pool-208-thread-1] INFO  storage.RaftStorageDirectory (RaftStorageDirectory.java:analyzeStorage(246)) - The storage directory /workdir/hadoop-ozone/ozonefs/target/test-dir/MiniOzoneClusterImpl-4dc1f89a-70ec-4312-8322-55acd7e6c345/datanode-2/data/ratis/9efe9419-6d2d-4b8a-95b5-1ff0080ca675 does not exist. Creating ...
2019-09-19 10:28:53,742 [pool-208-thread-1] INFO  storage.RaftStorageDirectory (RaftStorageDirectory.java:tryLock(328)) - Lock on /workdir/hadoop-ozone/ozonefs/target/test-dir/MiniOzoneClusterImpl-4dc1f89a-70ec-4312-8322-55acd7e6c345/datanode-2/data/ratis/9efe9419-6d2d-4b8a-95b5-1ff0080ca675/in_use.lock acquired by nodename 28323@pr-hdds-1569-cpgw4-1311585219
2019-09-19 10:28:53,755 [pool-208-thread-1] INFO  storage.RaftStorage (RaftStorage.java:format(72)) - Storage directory /workdir/hadoop-ozone/ozonefs/target/test-dir/MiniOzoneClusterImpl-4dc1f89a-70ec-4312-8322-55acd7e6c345/datanode-2/data/ratis/9efe9419-6d2d-4b8a-95b5-1ff0080ca675 has been successfully formatted.
2019-09-19 10:28:53,756 [pool-208-thread-1] INFO  ratis.ContainerStateMachine (ContainerStateMachine.java:loadSnapshot(226)) - group-1FF0080CA675: The snapshot info is null. Setting the last applied indexto:(t:0, i:~)
2019-09-19 10:28:53,756 [pool-208-thread-1] INFO  server.RaftServerConfigKeys (ConfUtils.java:logGet(43)) - raft.server.leader.election.timeout = 120s (custom)
2019-09-19 10:28:53,756 [pool-208-thread-1] INFO  server.RaftServerConfigKeys (ConfUtils.java:logGet(43)) - raft.server.log.use.memory = false (default)
2019-09-19 10:28:53,756 [pool-208-thread-1] INFO  server.RaftServerConfigKeys (ConfUtils.java:logGet(43)) - raft.server.log.purge.gap = 1000000 (custom)
2019-09-19 10:28:53,756 [pool-208-thread-1] INFO  server.RaftServerConfigKeys (ConfUtils.java:logGet(43)) - raft.server.log.appender.buffer.byte-limit = 33554432 (custom)
2019-09-19 10:28:53,756 [pool-208-thread-1] INFO  server.RaftServerConfigKeys (ConfUtils.java:logGet(43)) - raft.server.log.segment.size.max = 1048576 (custom)
2019-09-19 10:28:53,756 [pool-208-thread-1] INFO  server.RaftServerConfigKeys (ConfUtils.java:logGet(43)) - raft.server.log.segment.cache.num.max = 2 (custom)
2019-09-19 10:28:53,756 [pool-208-thread-1] INFO  segmented.SegmentedRaftLogWorker (SegmentedRaftLogWorker.java:<init>(172)) - new bd7a2d95-c10b-4afb-bf2e-edb35f4c5c67-SegmentedRaftLogWorker:Storage Directory /workdir/hadoop-ozone/ozonefs/target/test-dir/MiniOzoneClusterImpl-4dc1f89a-70ec-4312-8322-55acd7e6c345/datanode-2/data/ratis/9efe9419-6d2d-4b8a-95b5-1ff0080ca675 for RaftStorage:Storage Directory /workdir/hadoop-ozone/ozonefs/target/test-dir/MiniOzoneClusterImpl-4dc1f89a-70ec-4312-8322-55acd7e6c345/datanode-2/data/ratis/9efe9419-6d2d-4b8a-95b5-1ff0080ca675
2019-09-19 10:28:53,757 [pool-208-thread-1] INFO  server.RaftServerConfigKeys (ConfUtils.java:logGet(43)) - raft.server.log.queue.byte-limit = 2147483647 (custom)
2019-09-19 10:28:53,757 [pool-208-thread-1] INFO  server.RaftServerConfigKeys (ConfUtils.java:logGet(43)) - raft.server.log.queue.element-limit = 1024 (custom)
2019-09-19 10:28:53,757 [pool-208-thread-1] INFO  server.RaftServerConfigKeys (ConfUtils.java:logGet(43)) - raft.server.log.segment.size.max = 1048576 (custom)
2019-09-19 10:28:53,757 [pool-208-thread-1] INFO  server.RaftServerConfigKeys (ConfUtils.java:logGet(43)) - raft.server.log.preallocated.size = 16384 (custom)
2019-09-19 10:28:53,757 [pool-208-thread-1] INFO  server.RaftServerConfigKeys (ConfUtils.java:logGet(43)) - raft.server.log.write.buffer.size = 33554432 (custom)
2019-09-19 10:28:53,757 [pool-208-thread-1] INFO  server.RaftServerConfigKeys (ConfUtils.java:logGet(43)) - raft.server.log.force.sync.num = 128 (default)
2019-09-19 10:28:53,757 [pool-208-thread-1] INFO  server.RaftServerConfigKeys (ConfUtils.java:logGet(43)) - raft.server.log.statemachine.data.sync = true (default)
2019-09-19 10:28:53,757 [pool-208-thread-1] INFO  server.RaftServerConfigKeys (ConfUtils.java:logGet(43)) - raft.server.log.statemachine.data.sync.timeout = 10s (default)
2019-09-19 10:28:53,758 [pool-208-thread-1] INFO  server.RaftServerConfigKeys (ConfUtils.java:logGet(43)) - raft.server.log.statemachine.data.sync.timeout.retry = -1 (default)
2019-09-19 10:28:53,758 [pool-208-thread-1] INFO  server.RaftServerConfigKeys (ConfUtils.java:logGet(43)) - raft.server.log.statemachine.data.caching.enabled = true (custom)
2019-09-19 10:28:53,758 [pool-208-thread-1] INFO  segmented.SegmentedRaftLogWorker (SegmentedRaftLogWorker.java:lambda$new$0(132)) - bd7a2d95-c10b-4afb-bf2e-edb35f4c5c67-SegmentedRaftLogWorker:Storage Directory /workdir/hadoop-ozone/ozonefs/target/test-dir/MiniOzoneClusterImpl-4dc1f89a-70ec-4312-8322-55acd7e6c345/datanode-2/data/ratis/9efe9419-6d2d-4b8a-95b5-1ff0080ca675: flushIndex: setUnconditionally 0 -> -1
2019-09-19 10:28:53,758 [pool-208-thread-1] INFO  server.RaftServerConfigKeys (ConfUtils.java:logGet(43)) - raft.server.snapshot.auto.trigger.enabled = true (custom)
2019-09-19 10:28:53,758 [pool-208-thread-1] INFO  server.RaftServerConfigKeys (ConfUtils.java:logGet(43)) - raft.server.snapshot.auto.trigger.threshold = 10000 (custom)
2019-09-19 10:28:53,758 [pool-208-thread-1] INFO  server.RaftServerConfigKeys (ConfUtils.java:logGet(43)) - raft.server.retrycache.expirytime = 600000ms (custom)
2019-09-19 10:28:53,759 [pool-208-thread-1] INFO  impl.RaftServerImpl (RaftServerImpl.java:start(180)) - bd7a2d95-c10b-4afb-bf2e-edb35f4c5c67: start group-1FF0080CA675
2019-09-19 10:28:53,759 [pool-208-thread-1] INFO  impl.RaftServerImpl (RaftServerImpl.java:setRole(171)) - bd7a2d95-c10b-4afb-bf2e-edb35f4c5c67:group-1FF0080CA675 changes role from null to FOLLOWER at term 0 for startAsFollower
2019-09-19 10:28:53,759 [pool-208-thread-1] INFO  impl.RoleInfo (RoleInfo.java:updateAndGet(143)) - bd7a2d95-c10b-4afb-bf2e-edb35f4c5c67: start FollowerState
2019-09-19 10:28:53,759 [pool-208-thread-1] INFO  util.JmxRegister (JmxRegister.java:tryRegister(44)) - Successfully registered JMX Bean with object name Ratis:service=RaftServer,group=group-1FF0080CA675,id=bd7a2d95-c10b-4afb-bf2e-edb35f4c5c67
2019-09-19 10:28:53,762 [RatisPipelineUtilsThread] INFO  pipeline.PipelineStateManager (PipelineStateManager.java:addPipeline(56)) - Created pipeline Pipeline[ Id: 9efe9419-6d2d-4b8a-95b5-1ff0080ca675, Nodes: bd7a2d95-c10b-4afb-bf2e-edb35f4c5c67{ip: 192.168.157.204, host: pr-hdds-1569-cpgw4-1311585219, networkLocation: /default-rack, certSerialId: null}, Type:RATIS, Factor:ONE, State:OPEN]
2019-09-19 10:28:53,762 [RatisPipelineUtilsThread] ERROR pipeline.PipelinePlacementPolicy (PipelinePlacementPolicy.java:meetCriteria(91)) - Pipeline Placement: Doesn't meet the criteria to be viable node. Heaviness: 6
2019-09-19 10:28:53,762 [RatisPipelineUtilsThread] ERROR pipeline.PipelinePlacementPolicy (PipelinePlacementPolicy.java:meetCriteria(91)) - Pipeline Placement: Doesn't meet the criteria to be viable node. Heaviness: 6
2019-09-19 10:28:53,767 [grpc-default-executor-0] INFO  impl.RaftServerProxy (RaftServerProxy.java:addNew(89)) - bd7a2d95-c10b-4afb-bf2e-edb35f4c5c67: addNew group-D99F4F7A2D81:[bd7a2d95-c10b-4afb-bf2e-edb35f4c5c67:192.168.157.204:36843] returns group-D99F4F7A2D81:java.util.concurrent.CompletableFuture@688effff[Not completed]
2019-09-19 10:28:53,768 [pool-208-thread-1] INFO  impl.RaftServerImpl (RaftServerImpl.java:<init>(93)) - bd7a2d95-c10b-4afb-bf2e-edb35f4c5c67: new RaftServerImpl for group-D99F4F7A2D81:[bd7a2d95-c10b-4afb-bf2e-edb35f4c5c67:192.168.157.204:36843] with ContainerStateMachine:uninitialized
2019-09-19 10:28:53,768 [pool-208-thread-1] INFO  server.RaftServerConfigKeys (ConfUtils.java:logGet(43)) - raft.server.rpc.timeout.min = 5s (custom)
2019-09-19 10:28:53,769 [pool-208-thread-1] INFO  server.RaftServerConfigKeys (ConfUtils.java:logGet(43)) - raft.server.rpc.timeout.max = 5200ms (custom)
2019-09-19 10:28:53,769 [pool-208-thread-1] INFO  server.RaftServerConfigKeys (ConfUtils.java:logGet(43)) - raft.server.rpcslowness.timeout = 120s (custom)
2019-09-19 10:28:53,769 [pool-208-thread-1] INFO  server.RaftServerConfigKeys (ConfUtils.java:logGet(43)) - raft.server.sleep.deviation.threshold = 300 (default)
2019-09-19 10:28:53,769 [pool-208-thread-1] INFO  server.RaftServerConfigKeys (ConfUtils.java:logGet(43)) - raft.server.log.appender.install.snapshot.enabled = false (custom)
2019-09-19 10:28:53,769 [pool-208-thread-1] INFO  impl.RaftServerImpl (ServerState.java:<init>(105)) - bd7a2d95-c10b-4afb-bf2e-edb35f4c5c67:group-D99F4F7A2D81 ConfigurationManager, init=-1: [bd7a2d95-c10b-4afb-bf2e-edb35f4c5c67:192.168.157.204:36843], old=null, confs=<EMPTY_MAP>
2019-09-19 10:28:53,769 [pool-208-thread-1] INFO  server.RaftServerConfigKeys (ConfUtils.java:logGet(43)) - raft.server.storage.dir = [/workdir/hadoop-ozone/ozonefs/target/test-dir/MiniOzoneClusterImpl-4dc1f89a-70ec-4312-8322-55acd7e6c345/datanode-2/data/ratis] (custom)
2019-09-19 10:28:53,769 [pool-208-thread-1] INFO  storage.RaftStorageDirectory (RaftStorageDirectory.java:analyzeStorage(246)) - The storage directory /workdir/hadoop-ozone/ozonefs/target/test-dir/MiniOzoneClusterImpl-4dc1f89a-70ec-4312-8322-55acd7e6c345/datanode-2/data/ratis/7ed7a756-a721-41bd-90d8-d99f4f7a2d81 does not exist. Creating ...
2019-09-19 10:28:53,782 [pool-208-thread-1] INFO  storage.RaftStorageDirectory (RaftStorageDirectory.java:tryLock(328)) - Lock on /workdir/hadoop-ozone/ozonefs/target/test-dir/MiniOzoneClusterImpl-4dc1f89a-70ec-4312-8322-55acd7e6c345/datanode-2/data/ratis/7ed7a756-a721-41bd-90d8-d99f4f7a2d81/in_use.lock acquired by nodename 28323@pr-hdds-1569-cpgw4-1311585219
2019-09-19 10:28:53,820 [pool-208-thread-1] INFO  storage.RaftStorage (RaftStorage.java:format(72)) - Storage directory /workdir/hadoop-ozone/ozonefs/target/test-dir/MiniOzoneClusterImpl-4dc1f89a-70ec-4312-8322-55acd7e6c345/datanode-2/data/ratis/7ed7a756-a721-41bd-90d8-d99f4f7a2d81 has been successfully formatted.
2019-09-19 10:28:53,820 [pool-208-thread-1] INFO  ratis.ContainerStateMachine (ContainerStateMachine.java:loadSnapshot(226)) - group-D99F4F7A2D81: The snapshot info is null. Setting the last applied indexto:(t:0, i:~)
2019-09-19 10:28:53,820 [pool-208-thread-1] INFO  server.RaftServerConfigKeys (ConfUtils.java:logGet(43)) - raft.server.leader.election.timeout = 120s (custom)
2019-09-19 10:28:53,820 [pool-208-thread-1] INFO  server.RaftServerConfigKeys (ConfUtils.java:logGet(43)) - raft.server.log.use.memory = false (default)
2019-09-19 10:28:53,821 [pool-208-thread-1] INFO  server.RaftServerConfigKeys (ConfUtils.java:logGet(43)) - raft.server.log.purge.gap = 1000000 (custom)
2019-09-19 10:28:53,821 [pool-208-thread-1] INFO  server.RaftServerConfigKeys (ConfUtils.java:logGet(43)) - raft.server.log.appender.buffer.byte-limit = 33554432 (custom)
2019-09-19 10:28:53,821 [pool-208-thread-1] INFO  server.RaftServerConfigKeys (ConfUtils.java:logGet(43)) - raft.server.log.segment.size.max = 1048576 (custom)
2019-09-19 10:28:53,821 [pool-208-thread-1] INFO  server.RaftServerConfigKeys (ConfUtils.java:logGet(43)) - raft.server.log.segment.cache.num.max = 2 (custom)
2019-09-19 10:28:53,821 [pool-208-thread-1] INFO  segmented.SegmentedRaftLogWorker (SegmentedRaftLogWorker.java:<init>(172)) - new bd7a2d95-c10b-4afb-bf2e-edb35f4c5c67-SegmentedRaftLogWorker:Storage Directory /workdir/hadoop-ozone/ozonefs/target/test-dir/MiniOzoneClusterImpl-4dc1f89a-70ec-4312-8322-55acd7e6c345/datanode-2/data/ratis/7ed7a756-a721-41bd-90d8-d99f4f7a2d81 for RaftStorage:Storage Directory /workdir/hadoop-ozone/ozonefs/target/test-dir/MiniOzoneClusterImpl-4dc1f89a-70ec-4312-8322-55acd7e6c345/datanode-2/data/ratis/7ed7a756-a721-41bd-90d8-d99f4f7a2d81
2019-09-19 10:28:53,821 [pool-208-thread-1] INFO  server.RaftServerConfigKeys (ConfUtils.java:logGet(43)) - raft.server.log.queue.byte-limit = 2147483647 (custom)
2019-09-19 10:28:53,822 [pool-208-thread-1] INFO  server.RaftServerConfigKeys (ConfUtils.java:logGet(43)) - raft.server.log.queue.element-limit = 1024 (custom)
2019-09-19 10:28:53,822 [pool-208-thread-1] INFO  server.RaftServerConfigKeys (ConfUtils.java:logGet(43)) - raft.server.log.segment.size.max = 1048576 (custom)
2019-09-19 10:28:53,822 [pool-208-thread-1] INFO  server.RaftServerConfigKeys (ConfUtils.java:logGet(43)) - raft.server.log.preallocated.size = 16384 (custom)
2019-09-19 10:28:53,822 [pool-208-thread-1] INFO  server.RaftServerConfigKeys (ConfUtils.java:logGet(43)) - raft.server.log.write.buffer.size = 33554432 (custom)
2019-09-19 10:28:53,822 [pool-208-thread-1] INFO  server.RaftServerConfigKeys (ConfUtils.java:logGet(43)) - raft.server.log.force.sync.num = 128 (default)
2019-09-19 10:28:53,822 [pool-208-thread-1] INFO  server.RaftServerConfigKeys (ConfUtils.java:logGet(43)) - raft.server.log.statemachine.data.sync = true (default)
2019-09-19 10:28:53,822 [pool-208-thread-1] INFO  server.RaftServerConfigKeys (ConfUtils.java:logGet(43)) - raft.server.log.statemachine.data.sync.timeout = 10s (default)
2019-09-19 10:28:53,823 [pool-208-thread-1] INFO  server.RaftServerConfigKeys (ConfUtils.java:logGet(43)) - raft.server.log.statemachine.data.sync.timeout.retry = -1 (default)
2019-09-19 10:28:53,823 [pool-208-thread-1] INFO  server.RaftServerConfigKeys (ConfUtils.java:logGet(43)) - raft.server.log.statemachine.data.caching.enabled = true (custom)
2019-09-19 10:28:53,823 [pool-208-thread-1] INFO  segmented.SegmentedRaftLogWorker (SegmentedRaftLogWorker.java:lambda$new$0(132)) - bd7a2d95-c10b-4afb-bf2e-edb35f4c5c67-SegmentedRaftLogWorker:Storage Directory /workdir/hadoop-ozone/ozonefs/target/test-dir/MiniOzoneClusterImpl-4dc1f89a-70ec-4312-8322-55acd7e6c345/datanode-2/data/ratis/7ed7a756-a721-41bd-90d8-d99f4f7a2d81: flushIndex: setUnconditionally 0 -> -1
2019-09-19 10:28:53,824 [pool-208-thread-1] INFO  server.RaftServerConfigKeys (ConfUtils.java:logGet(43)) - raft.server.snapshot.auto.trigger.enabled = true (custom)
2019-09-19 10:28:53,824 [pool-208-thread-1] INFO  server.RaftServerConfigKeys (ConfUtils.java:logGet(43)) - raft.server.snapshot.auto.trigger.threshold = 10000 (custom)
2019-09-19 10:28:53,824 [pool-208-thread-1] INFO  server.RaftServerConfigKeys (ConfUtils.java:logGet(43)) - raft.server.retrycache.expirytime = 600000ms (custom)
2019-09-19 10:28:53,824 [pool-208-thread-1] INFO  impl.RaftServerImpl (RaftServerImpl.java:start(180)) - bd7a2d95-c10b-4afb-bf2e-edb35f4c5c67: start group-D99F4F7A2D81
2019-09-19 10:28:53,824 [pool-208-thread-1] INFO  impl.RaftServerImpl (RaftServerImpl.java:setRole(171)) - bd7a2d95-c10b-4afb-bf2e-edb35f4c5c67:group-D99F4F7A2D81 changes role from null to FOLLOWER at term 0 for startAsFollower
2019-09-19 10:28:53,824 [pool-208-thread-1] INFO  impl.RoleInfo (RoleInfo.java:updateAndGet(143)) - bd7a2d95-c10b-4afb-bf2e-edb35f4c5c67: start FollowerState
2019-09-19 10:28:53,825 [pool-208-thread-1] INFO  util.JmxRegister (JmxRegister.java:tryRegister(44)) - Successfully registered JMX Bean with object name Ratis:service=RaftServer,group=group-D99F4F7A2D81,id=bd7a2d95-c10b-4afb-bf2e-edb35f4c5c67
2019-09-19 10:28:53,828 [RatisPipelineUtilsThread] INFO  pipeline.PipelineStateManager (PipelineStateManager.java:addPipeline(56)) - Created pipeline Pipeline[ Id: 7ed7a756-a721-41bd-90d8-d99f4f7a2d81, Nodes: bd7a2d95-c10b-4afb-bf2e-edb35f4c5c67{ip: 192.168.157.204, host: pr-hdds-1569-cpgw4-1311585219, networkLocation: /default-rack, certSerialId: null}, Type:RATIS, Factor:ONE, State:OPEN]
2019-09-19 10:28:53,828 [RatisPipelineUtilsThread] ERROR pipeline.PipelinePlacementPolicy (PipelinePlacementPolicy.java:meetCriteria(91)) - Pipeline Placement: Doesn't meet the criteria to be viable node. Heaviness: 6
2019-09-19 10:28:53,828 [RatisPipelineUtilsThread] ERROR pipeline.PipelinePlacementPolicy (PipelinePlacementPolicy.java:meetCriteria(91)) - Pipeline Placement: Doesn't meet the criteria to be viable node. Heaviness: 6
2019-09-19 10:28:53,834 [grpc-default-executor-0] INFO  impl.RaftServerProxy (RaftServerProxy.java:addNew(89)) - bd7a2d95-c10b-4afb-bf2e-edb35f4c5c67: addNew group-362AF125E5DD:[bd7a2d95-c10b-4afb-bf2e-edb35f4c5c67:192.168.157.204:36843] returns group-362AF125E5DD:java.util.concurrent.CompletableFuture@779312de[Not completed]
2019-09-19 10:28:53,835 [pool-208-thread-1] INFO  impl.RaftServerImpl (RaftServerImpl.java:<init>(93)) - bd7a2d95-c10b-4afb-bf2e-edb35f4c5c67: new RaftServerImpl for group-362AF125E5DD:[bd7a2d95-c10b-4afb-bf2e-edb35f4c5c67:192.168.157.204:36843] with ContainerStateMachine:uninitialized
2019-09-19 10:28:53,835 [pool-208-thread-1] INFO  server.RaftServerConfigKeys (ConfUtils.java:logGet(43)) - raft.server.rpc.timeout.min = 5s (custom)
2019-09-19 10:28:53,835 [pool-208-thread-1] INFO  server.RaftServerConfigKeys (ConfUtils.java:logGet(43)) - raft.server.rpc.timeout.max = 5200ms (custom)
2019-09-19 10:28:53,836 [pool-208-thread-1] INFO  server.RaftServerConfigKeys (ConfUtils.java:logGet(43)) - raft.server.rpcslowness.timeout = 120s (custom)
2019-09-19 10:28:53,836 [pool-208-thread-1] INFO  server.RaftServerConfigKeys (ConfUtils.java:logGet(43)) - raft.server.sleep.deviation.threshold = 300 (default)
2019-09-19 10:28:53,836 [pool-208-thread-1] INFO  server.RaftServerConfigKeys (ConfUtils.java:logGet(43)) - raft.server.log.appender.install.snapshot.enabled = false (custom)
2019-09-19 10:28:53,836 [pool-208-thread-1] INFO  impl.RaftServerImpl (ServerState.java:<init>(105)) - bd7a2d95-c10b-4afb-bf2e-edb35f4c5c67:group-362AF125E5DD ConfigurationManager, init=-1: [bd7a2d95-c10b-4afb-bf2e-edb35f4c5c67:192.168.157.204:36843], old=null, confs=<EMPTY_MAP>
2019-09-19 10:28:53,836 [pool-208-thread-1] INFO  server.RaftServerConfigKeys (ConfUtils.java:logGet(43)) - raft.server.storage.dir = [/workdir/hadoop-ozone/ozonefs/target/test-dir/MiniOzoneClusterImpl-4dc1f89a-70ec-4312-8322-55acd7e6c345/datanode-2/data/ratis] (custom)
2019-09-19 10:28:53,837 [pool-208-thread-1] INFO  storage.RaftStorageDirectory (RaftStorageDirectory.java:analyzeStorage(246)) - The storage directory /workdir/hadoop-ozone/ozonefs/target/test-dir/MiniOzoneClusterImpl-4dc1f89a-70ec-4312-8322-55acd7e6c345/datanode-2/data/ratis/28d91158-260e-4a19-babd-362af125e5dd does not exist. Creating ...
2019-09-19 10:28:53,857 [pool-208-thread-1] INFO  storage.RaftStorageDirectory (RaftStorageDirectory.java:tryLock(328)) - Lock on /workdir/hadoop-ozone/ozonefs/target/test-dir/MiniOzoneClusterImpl-4dc1f89a-70ec-4312-8322-55acd7e6c345/datanode-2/data/ratis/28d91158-260e-4a19-babd-362af125e5dd/in_use.lock acquired by nodename 28323@pr-hdds-1569-cpgw4-1311585219
2019-09-19 10:28:53,879 [pool-208-thread-1] INFO  storage.RaftStorage (RaftStorage.java:format(72)) - Storage directory /workdir/hadoop-ozone/ozonefs/target/test-dir/MiniOzoneClusterImpl-4dc1f89a-70ec-4312-8322-55acd7e6c345/datanode-2/data/ratis/28d91158-260e-4a19-babd-362af125e5dd has been successfully formatted.
2019-09-19 10:28:53,880 [pool-208-thread-1] INFO  ratis.ContainerStateMachine (ContainerStateMachine.java:loadSnapshot(226)) - group-362AF125E5DD: The snapshot info is null. Setting the last applied indexto:(t:0, i:~)
2019-09-19 10:28:53,880 [pool-208-thread-1] INFO  server.RaftServerConfigKeys (ConfUtils.java:logGet(43)) - raft.server.leader.election.timeout = 120s (custom)
2019-09-19 10:28:53,880 [pool-208-thread-1] INFO  server.RaftServerConfigKeys (ConfUtils.java:logGet(43)) - raft.server.log.use.memory = false (default)
2019-09-19 10:28:53,880 [pool-208-thread-1] INFO  server.RaftServerConfigKeys (ConfUtils.java:logGet(43)) - raft.server.log.purge.gap = 1000000 (custom)
2019-09-19 10:28:53,880 [pool-208-thread-1] INFO  server.RaftServerConfigKeys (ConfUtils.java:logGet(43)) - raft.server.log.appender.buffer.byte-limit = 33554432 (custom)
2019-09-19 10:28:53,881 [pool-208-thread-1] INFO  server.RaftServerConfigKeys (ConfUtils.java:logGet(43)) - raft.server.log.segment.size.max = 1048576 (custom)
2019-09-19 10:28:53,881 [pool-208-thread-1] INFO  server.RaftServerConfigKeys (ConfUtils.java:logGet(43)) - raft.server.log.segment.cache.num.max = 2 (custom)
2019-09-19 10:28:53,881 [pool-208-thread-1] INFO  segmented.SegmentedRaftLogWorker (SegmentedRaftLogWorker.java:<init>(172)) - new bd7a2d95-c10b-4afb-bf2e-edb35f4c5c67-SegmentedRaftLogWorker:Storage Directory /workdir/hadoop-ozone/ozonefs/target/test-dir/MiniOzoneClusterImpl-4dc1f89a-70ec-4312-8322-55acd7e6c345/datanode-2/data/ratis/28d91158-260e-4a19-babd-362af125e5dd for RaftStorage:Storage Directory /workdir/hadoop-ozone/ozonefs/target/test-dir/MiniOzoneClusterImpl-4dc1f89a-70ec-4312-8322-55acd7e6c345/datanode-2/data/ratis/28d91158-260e-4a19-babd-362af125e5dd
2019-09-19 10:28:53,881 [pool-208-thread-1] INFO  server.RaftServerConfigKeys (ConfUtils.java:logGet(43)) - raft.server.log.queue.byte-limit = 2147483647 (custom)
2019-09-19 10:28:53,881 [pool-208-thread-1] INFO  server.RaftServerConfigKeys (ConfUtils.java:logGet(43)) - raft.server.log.queue.element-limit = 1024 (custom)
2019-09-19 10:28:53,881 [pool-208-thread-1] INFO  server.RaftServerConfigKeys (ConfUtils.java:logGet(43)) - raft.server.log.segment.size.max = 1048576 (custom)
2019-09-19 10:28:53,881 [pool-208-thread-1] INFO  server.RaftServerConfigKeys (ConfUtils.java:logGet(43)) - raft.server.log.preallocated.size = 16384 (custom)
2019-09-19 10:28:53,882 [pool-208-thread-1] INFO  server.RaftServerConfigKeys (ConfUtils.java:logGet(43)) - raft.server.log.write.buffer.size = 33554432 (custom)
2019-09-19 10:28:53,882 [pool-208-thread-1] INFO  server.RaftServerConfigKeys (ConfUtils.java:logGet(43)) - raft.server.log.force.sync.num = 128 (default)
2019-09-19 10:28:53,882 [pool-208-thread-1] INFO  server.RaftServerConfigKeys (ConfUtils.java:logGet(43)) - raft.server.log.statemachine.data.sync = true (default)
2019-09-19 10:28:53,882 [pool-208-thread-1] INFO  server.RaftServerConfigKeys (ConfUtils.java:logGet(43)) - raft.server.log.statemachine.data.sync.timeout = 10s (default)
2019-09-19 10:28:53,882 [pool-208-thread-1] INFO  server.RaftServerConfigKeys (ConfUtils.java:logGet(43)) - raft.server.log.statemachine.data.sync.timeout.retry = -1 (default)
2019-09-19 10:28:53,882 [pool-208-thread-1] INFO  server.RaftServerConfigKeys (ConfUtils.java:logGet(43)) - raft.server.log.statemachine.data.caching.enabled = true (custom)
2019-09-19 10:28:53,883 [pool-208-thread-1] INFO  segmented.SegmentedRaftLogWorker (SegmentedRaftLogWorker.java:lambda$new$0(132)) - bd7a2d95-c10b-4afb-bf2e-edb35f4c5c67-SegmentedRaftLogWorker:Storage Directory /workdir/hadoop-ozone/ozonefs/target/test-dir/MiniOzoneClusterImpl-4dc1f89a-70ec-4312-8322-55acd7e6c345/datanode-2/data/ratis/28d91158-260e-4a19-babd-362af125e5dd: flushIndex: setUnconditionally 0 -> -1
2019-09-19 10:28:53,883 [pool-208-thread-1] INFO  server.RaftServerConfigKeys (ConfUtils.java:logGet(43)) - raft.server.snapshot.auto.trigger.enabled = true (custom)
2019-09-19 10:28:53,883 [pool-208-thread-1] INFO  server.RaftServerConfigKeys (ConfUtils.java:logGet(43)) - raft.server.snapshot.auto.trigger.threshold = 10000 (custom)
2019-09-19 10:28:53,883 [pool-208-thread-1] INFO  server.RaftServerConfigKeys (ConfUtils.java:logGet(43)) - raft.server.retrycache.expirytime = 600000ms (custom)
2019-09-19 10:28:53,883 [pool-208-thread-1] INFO  impl.RaftServerImpl (RaftServerImpl.java:start(180)) - bd7a2d95-c10b-4afb-bf2e-edb35f4c5c67: start group-362AF125E5DD
2019-09-19 10:28:53,884 [pool-208-thread-1] INFO  impl.RaftServerImpl (RaftServerImpl.java:setRole(171)) - bd7a2d95-c10b-4afb-bf2e-edb35f4c5c67:group-362AF125E5DD changes role from null to FOLLOWER at term 0 for startAsFollower
2019-09-19 10:28:53,884 [pool-208-thread-1] INFO  impl.RoleInfo (RoleInfo.java:updateAndGet(143)) - bd7a2d95-c10b-4afb-bf2e-edb35f4c5c67: start FollowerState
2019-09-19 10:28:53,884 [pool-208-thread-1] INFO  util.JmxRegister (JmxRegister.java:tryRegister(44)) - Successfully registered JMX Bean with object name Ratis:service=RaftServer,group=group-362AF125E5DD,id=bd7a2d95-c10b-4afb-bf2e-edb35f4c5c67
2019-09-19 10:28:53,887 [RatisPipelineUtilsThread] INFO  pipeline.PipelineStateManager (PipelineStateManager.java:addPipeline(56)) - Created pipeline Pipeline[ Id: 28d91158-260e-4a19-babd-362af125e5dd, Nodes: bd7a2d95-c10b-4afb-bf2e-edb35f4c5c67{ip: 192.168.157.204, host: pr-hdds-1569-cpgw4-1311585219, networkLocation: /default-rack, certSerialId: null}, Type:RATIS, Factor:ONE, State:OPEN]
2019-09-19 10:28:53,887 [RatisPipelineUtilsThread] ERROR pipeline.PipelinePlacementPolicy (PipelinePlacementPolicy.java:meetCriteria(91)) - Pipeline Placement: Doesn't meet the criteria to be viable node. Heaviness: 6
2019-09-19 10:28:53,887 [RatisPipelineUtilsThread] ERROR pipeline.PipelinePlacementPolicy (PipelinePlacementPolicy.java:meetCriteria(91)) - Pipeline Placement: Doesn't meet the criteria to be viable node. Heaviness: 6
2019-09-19 10:28:53,892 [grpc-default-executor-0] INFO  impl.RaftServerProxy (RaftServerProxy.java:addNew(89)) - bd7a2d95-c10b-4afb-bf2e-edb35f4c5c67: addNew group-A4070632B8D1:[bd7a2d95-c10b-4afb-bf2e-edb35f4c5c67:192.168.157.204:36843] returns group-A4070632B8D1:java.util.concurrent.CompletableFuture@1e8a7aa9[Not completed]
2019-09-19 10:28:53,894 [pool-208-thread-1] INFO  impl.RaftServerImpl (RaftServerImpl.java:<init>(93)) - bd7a2d95-c10b-4afb-bf2e-edb35f4c5c67: new RaftServerImpl for group-A4070632B8D1:[bd7a2d95-c10b-4afb-bf2e-edb35f4c5c67:192.168.157.204:36843] with ContainerStateMachine:uninitialized
2019-09-19 10:28:53,894 [pool-208-thread-1] INFO  server.RaftServerConfigKeys (ConfUtils.java:logGet(43)) - raft.server.rpc.timeout.min = 5s (custom)
2019-09-19 10:28:53,894 [pool-208-thread-1] INFO  server.RaftServerConfigKeys (ConfUtils.java:logGet(43)) - raft.server.rpc.timeout.max = 5200ms (custom)
2019-09-19 10:28:53,894 [pool-208-thread-1] INFO  server.RaftServerConfigKeys (ConfUtils.java:logGet(43)) - raft.server.rpcslowness.timeout = 120s (custom)
2019-09-19 10:28:53,894 [pool-208-thread-1] INFO  server.RaftServerConfigKeys (ConfUtils.java:logGet(43)) - raft.server.sleep.deviation.threshold = 300 (default)
2019-09-19 10:28:53,894 [pool-208-thread-1] INFO  server.RaftServerConfigKeys (ConfUtils.java:logGet(43)) - raft.server.log.appender.install.snapshot.enabled = false (custom)
2019-09-19 10:28:53,894 [pool-208-thread-1] INFO  impl.RaftServerImpl (ServerState.java:<init>(105)) - bd7a2d95-c10b-4afb-bf2e-edb35f4c5c67:group-A4070632B8D1 ConfigurationManager, init=-1: [bd7a2d95-c10b-4afb-bf2e-edb35f4c5c67:192.168.157.204:36843], old=null, confs=<EMPTY_MAP>
2019-09-19 10:28:53,895 [pool-208-thread-1] INFO  server.RaftServerConfigKeys (ConfUtils.java:logGet(43)) - raft.server.storage.dir = [/workdir/hadoop-ozone/ozonefs/target/test-dir/MiniOzoneClusterImpl-4dc1f89a-70ec-4312-8322-55acd7e6c345/datanode-2/data/ratis] (custom)
2019-09-19 10:28:53,895 [pool-208-thread-1] INFO  storage.RaftStorageDirectory (RaftStorageDirectory.java:analyzeStorage(246)) - The storage directory /workdir/hadoop-ozone/ozonefs/target/test-dir/MiniOzoneClusterImpl-4dc1f89a-70ec-4312-8322-55acd7e6c345/datanode-2/data/ratis/2108f02a-156b-4c31-a0d3-a4070632b8d1 does not exist. Creating ...
2019-09-19 10:28:53,908 [pool-208-thread-1] INFO  storage.RaftStorageDirectory (RaftStorageDirectory.java:tryLock(328)) - Lock on /workdir/hadoop-ozone/ozonefs/target/test-dir/MiniOzoneClusterImpl-4dc1f89a-70ec-4312-8322-55acd7e6c345/datanode-2/data/ratis/2108f02a-156b-4c31-a0d3-a4070632b8d1/in_use.lock acquired by nodename 28323@pr-hdds-1569-cpgw4-1311585219
2019-09-19 10:28:53,921 [pool-208-thread-1] INFO  storage.RaftStorage (RaftStorage.java:format(72)) - Storage directory /workdir/hadoop-ozone/ozonefs/target/test-dir/MiniOzoneClusterImpl-4dc1f89a-70ec-4312-8322-55acd7e6c345/datanode-2/data/ratis/2108f02a-156b-4c31-a0d3-a4070632b8d1 has been successfully formatted.
2019-09-19 10:28:53,922 [pool-208-thread-1] INFO  ratis.ContainerStateMachine (ContainerStateMachine.java:loadSnapshot(226)) - group-A4070632B8D1: The snapshot info is null. Setting the last applied indexto:(t:0, i:~)
2019-09-19 10:28:53,922 [pool-208-thread-1] INFO  server.RaftServerConfigKeys (ConfUtils.java:logGet(43)) - raft.server.leader.election.timeout = 120s (custom)
2019-09-19 10:28:53,922 [pool-208-thread-1] INFO  server.RaftServerConfigKeys (ConfUtils.java:logGet(43)) - raft.server.log.use.memory = false (default)
2019-09-19 10:28:53,922 [pool-208-thread-1] INFO  server.RaftServerConfigKeys (ConfUtils.java:logGet(43)) - raft.server.log.purge.gap = 1000000 (custom)
2019-09-19 10:28:53,922 [pool-208-thread-1] INFO  server.RaftServerConfigKeys (ConfUtils.java:logGet(43)) - raft.server.log.appender.buffer.byte-limit = 33554432 (custom)
2019-09-19 10:28:53,922 [pool-208-thread-1] INFO  server.RaftServerConfigKeys (ConfUtils.java:logGet(43)) - raft.server.log.segment.size.max = 1048576 (custom)
2019-09-19 10:28:53,923 [pool-208-thread-1] INFO  server.RaftServerConfigKeys (ConfUtils.java:logGet(43)) - raft.server.log.segment.cache.num.max = 2 (custom)
2019-09-19 10:28:53,923 [pool-208-thread-1] INFO  segmented.SegmentedRaftLogWorker (SegmentedRaftLogWorker.java:<init>(172)) - new bd7a2d95-c10b-4afb-bf2e-edb35f4c5c67-SegmentedRaftLogWorker:Storage Directory /workdir/hadoop-ozone/ozonefs/target/test-dir/MiniOzoneClusterImpl-4dc1f89a-70ec-4312-8322-55acd7e6c345/datanode-2/data/ratis/2108f02a-156b-4c31-a0d3-a4070632b8d1 for RaftStorage:Storage Directory /workdir/hadoop-ozone/ozonefs/target/test-dir/MiniOzoneClusterImpl-4dc1f89a-70ec-4312-8322-55acd7e6c345/datanode-2/data/ratis/2108f02a-156b-4c31-a0d3-a4070632b8d1
2019-09-19 10:28:53,923 [pool-208-thread-1] INFO  server.RaftServerConfigKeys (ConfUtils.java:logGet(43)) - raft.server.log.queue.byte-limit = 2147483647 (custom)
2019-09-19 10:28:53,923 [pool-208-thread-1] INFO  server.RaftServerConfigKeys (ConfUtils.java:logGet(43)) - raft.server.log.queue.element-limit = 1024 (custom)
2019-09-19 10:28:53,923 [pool-208-thread-1] INFO  server.RaftServerConfigKeys (ConfUtils.java:logGet(43)) - raft.server.log.segment.size.max = 1048576 (custom)
2019-09-19 10:28:53,923 [pool-208-thread-1] INFO  server.RaftServerConfigKeys (ConfUtils.java:logGet(43)) - raft.server.log.preallocated.size = 16384 (custom)
2019-09-19 10:28:53,923 [pool-208-thread-1] INFO  server.RaftServerConfigKeys (ConfUtils.java:logGet(43)) - raft.server.log.write.buffer.size = 33554432 (custom)
2019-09-19 10:28:53,924 [pool-208-thread-1] INFO  server.RaftServerConfigKeys (ConfUtils.java:logGet(43)) - raft.server.log.force.sync.num = 128 (default)
2019-09-19 10:28:53,924 [pool-208-thread-1] INFO  server.RaftServerConfigKeys (ConfUtils.java:logGet(43)) - raft.server.log.statemachine.data.sync = true (default)
2019-09-19 10:28:53,924 [pool-208-thread-1] INFO  server.RaftServerConfigKeys (ConfUtils.java:logGet(43)) - raft.server.log.statemachine.data.sync.timeout = 10s (default)
2019-09-19 10:28:53,924 [pool-208-thread-1] INFO  server.RaftServerConfigKeys (ConfUtils.java:logGet(43)) - raft.server.log.statemachine.data.sync.timeout.retry = -1 (default)
2019-09-19 10:28:53,924 [pool-208-thread-1] INFO  server.RaftServerConfigKeys (ConfUtils.java:logGet(43)) - raft.server.log.statemachine.data.caching.enabled = true (custom)
2019-09-19 10:28:53,925 [pool-208-thread-1] INFO  segmented.SegmentedRaftLogWorker (SegmentedRaftLogWorker.java:lambda$new$0(132)) - bd7a2d95-c10b-4afb-bf2e-edb35f4c5c67-SegmentedRaftLogWorker:Storage Directory /workdir/hadoop-ozone/ozonefs/target/test-dir/MiniOzoneClusterImpl-4dc1f89a-70ec-4312-8322-55acd7e6c345/datanode-2/data/ratis/2108f02a-156b-4c31-a0d3-a4070632b8d1: flushIndex: setUnconditionally 0 -> -1
2019-09-19 10:28:53,925 [pool-208-thread-1] INFO  server.RaftServerConfigKeys (ConfUtils.java:logGet(43)) - raft.server.snapshot.auto.trigger.enabled = true (custom)
2019-09-19 10:28:53,925 [pool-208-thread-1] INFO  server.RaftServerConfigKeys (ConfUtils.java:logGet(43)) - raft.server.snapshot.auto.trigger.threshold = 10000 (custom)
2019-09-19 10:28:53,925 [pool-208-thread-1] INFO  server.RaftServerConfigKeys (ConfUtils.java:logGet(43)) - raft.server.retrycache.expirytime = 600000ms (custom)
2019-09-19 10:28:53,925 [pool-208-thread-1] INFO  impl.RaftServerImpl (RaftServerImpl.java:start(180)) - bd7a2d95-c10b-4afb-bf2e-edb35f4c5c67: start group-A4070632B8D1
2019-09-19 10:28:53,925 [pool-208-thread-1] INFO  impl.RaftServerImpl (RaftServerImpl.java:setRole(171)) - bd7a2d95-c10b-4afb-bf2e-edb35f4c5c67:group-A4070632B8D1 changes role from null to FOLLOWER at term 0 for startAsFollower
2019-09-19 10:28:53,926 [pool-208-thread-1] INFO  impl.RoleInfo (RoleInfo.java:updateAndGet(143)) - bd7a2d95-c10b-4afb-bf2e-edb35f4c5c67: start FollowerState
2019-09-19 10:28:53,926 [pool-208-thread-1] INFO  util.JmxRegister (JmxRegister.java:tryRegister(44)) - Successfully registered JMX Bean with object name Ratis:service=RaftServer,group=group-A4070632B8D1,id=bd7a2d95-c10b-4afb-bf2e-edb35f4c5c67
2019-09-19 10:28:53,929 [RatisPipelineUtilsThread] INFO  pipeline.PipelineStateManager (PipelineStateManager.java:addPipeline(56)) - Created pipeline Pipeline[ Id: 2108f02a-156b-4c31-a0d3-a4070632b8d1, Nodes: bd7a2d95-c10b-4afb-bf2e-edb35f4c5c67{ip: 192.168.157.204, host: pr-hdds-1569-cpgw4-1311585219, networkLocation: /default-rack, certSerialId: null}, Type:RATIS, Factor:ONE, State:OPEN]
2019-09-19 10:28:53,929 [RatisPipelineUtilsThread] ERROR pipeline.PipelinePlacementPolicy (PipelinePlacementPolicy.java:meetCriteria(91)) - Pipeline Placement: Doesn't meet the criteria to be viable node. Heaviness: 6
2019-09-19 10:28:53,929 [RatisPipelineUtilsThread] ERROR pipeline.PipelinePlacementPolicy (PipelinePlacementPolicy.java:meetCriteria(91)) - Pipeline Placement: Doesn't meet the criteria to be viable node. Heaviness: 6
2019-09-19 10:28:53,934 [grpc-default-executor-0] INFO  impl.RaftServerProxy (RaftServerProxy.java:addNew(89)) - bd7a2d95-c10b-4afb-bf2e-edb35f4c5c67: addNew group-AC81C74404BC:[bd7a2d95-c10b-4afb-bf2e-edb35f4c5c67:192.168.157.204:36843] returns group-AC81C74404BC:java.util.concurrent.CompletableFuture@515f1816[Not completed]
2019-09-19 10:28:53,935 [pool-208-thread-1] INFO  impl.RaftServerImpl (RaftServerImpl.java:<init>(93)) - bd7a2d95-c10b-4afb-bf2e-edb35f4c5c67: new RaftServerImpl for group-AC81C74404BC:[bd7a2d95-c10b-4afb-bf2e-edb35f4c5c67:192.168.157.204:36843] with ContainerStateMachine:uninitialized
2019-09-19 10:28:53,935 [pool-208-thread-1] INFO  server.RaftServerConfigKeys (ConfUtils.java:logGet(43)) - raft.server.rpc.timeout.min = 5s (custom)
2019-09-19 10:28:53,936 [pool-208-thread-1] INFO  server.RaftServerConfigKeys (ConfUtils.java:logGet(43)) - raft.server.rpc.timeout.max = 5200ms (custom)
2019-09-19 10:28:53,936 [pool-208-thread-1] INFO  server.RaftServerConfigKeys (ConfUtils.java:logGet(43)) - raft.server.rpcslowness.timeout = 120s (custom)
2019-09-19 10:28:53,936 [pool-208-thread-1] INFO  server.RaftServerConfigKeys (ConfUtils.java:logGet(43)) - raft.server.sleep.deviation.threshold = 300 (default)
2019-09-19 10:28:53,936 [pool-208-thread-1] INFO  server.RaftServerConfigKeys (ConfUtils.java:logGet(43)) - raft.server.log.appender.install.snapshot.enabled = false (custom)
2019-09-19 10:28:53,936 [pool-208-thread-1] INFO  impl.RaftServerImpl (ServerState.java:<init>(105)) - bd7a2d95-c10b-4afb-bf2e-edb35f4c5c67:group-AC81C74404BC ConfigurationManager, init=-1: [bd7a2d95-c10b-4afb-bf2e-edb35f4c5c67:192.168.157.204:36843], old=null, confs=<EMPTY_MAP>
2019-09-19 10:28:53,936 [pool-208-thread-1] INFO  server.RaftServerConfigKeys (ConfUtils.java:logGet(43)) - raft.server.storage.dir = [/workdir/hadoop-ozone/ozonefs/target/test-dir/MiniOzoneClusterImpl-4dc1f89a-70ec-4312-8322-55acd7e6c345/datanode-2/data/ratis] (custom)
2019-09-19 10:28:53,937 [pool-208-thread-1] INFO  storage.RaftStorageDirectory (RaftStorageDirectory.java:analyzeStorage(246)) - The storage directory /workdir/hadoop-ozone/ozonefs/target/test-dir/MiniOzoneClusterImpl-4dc1f89a-70ec-4312-8322-55acd7e6c345/datanode-2/data/ratis/48f0c4d8-344a-4fff-ae22-ac81c74404bc does not exist. Creating ...
2019-09-19 10:28:53,949 [pool-208-thread-1] INFO  storage.RaftStorageDirectory (RaftStorageDirectory.java:tryLock(328)) - Lock on /workdir/hadoop-ozone/ozonefs/target/test-dir/MiniOzoneClusterImpl-4dc1f89a-70ec-4312-8322-55acd7e6c345/datanode-2/data/ratis/48f0c4d8-344a-4fff-ae22-ac81c74404bc/in_use.lock acquired by nodename 28323@pr-hdds-1569-cpgw4-1311585219
2019-09-19 10:28:53,962 [pool-208-thread-1] INFO  storage.RaftStorage (RaftStorage.java:format(72)) - Storage directory /workdir/hadoop-ozone/ozonefs/target/test-dir/MiniOzoneClusterImpl-4dc1f89a-70ec-4312-8322-55acd7e6c345/datanode-2/data/ratis/48f0c4d8-344a-4fff-ae22-ac81c74404bc has been successfully formatted.
2019-09-19 10:28:53,962 [pool-208-thread-1] INFO  ratis.ContainerStateMachine (ContainerStateMachine.java:loadSnapshot(226)) - group-AC81C74404BC: The snapshot info is null. Setting the last applied indexto:(t:0, i:~)
2019-09-19 10:28:53,962 [pool-208-thread-1] INFO  server.RaftServerConfigKeys (ConfUtils.java:logGet(43)) - raft.server.leader.election.timeout = 120s (custom)
2019-09-19 10:28:53,962 [pool-208-thread-1] INFO  server.RaftServerConfigKeys (ConfUtils.java:logGet(43)) - raft.server.log.use.memory = false (default)
2019-09-19 10:28:53,963 [pool-208-thread-1] INFO  server.RaftServerConfigKeys (ConfUtils.java:logGet(43)) - raft.server.log.purge.gap = 1000000 (custom)
2019-09-19 10:28:53,963 [pool-208-thread-1] INFO  server.RaftServerConfigKeys (ConfUtils.java:logGet(43)) - raft.server.log.appender.buffer.byte-limit = 33554432 (custom)
2019-09-19 10:28:53,963 [pool-208-thread-1] INFO  server.RaftServerConfigKeys (ConfUtils.java:logGet(43)) - raft.server.log.segment.size.max = 1048576 (custom)
2019-09-19 10:28:53,963 [pool-208-thread-1] INFO  server.RaftServerConfigKeys (ConfUtils.java:logGet(43)) - raft.server.log.segment.cache.num.max = 2 (custom)
2019-09-19 10:28:53,963 [pool-208-thread-1] INFO  segmented.SegmentedRaftLogWorker (SegmentedRaftLogWorker.java:<init>(172)) - new bd7a2d95-c10b-4afb-bf2e-edb35f4c5c67-SegmentedRaftLogWorker:Storage Directory /workdir/hadoop-ozone/ozonefs/target/test-dir/MiniOzoneClusterImpl-4dc1f89a-70ec-4312-8322-55acd7e6c345/datanode-2/data/ratis/48f0c4d8-344a-4fff-ae22-ac81c74404bc for RaftStorage:Storage Directory /workdir/hadoop-ozone/ozonefs/target/test-dir/MiniOzoneClusterImpl-4dc1f89a-70ec-4312-8322-55acd7e6c345/datanode-2/data/ratis/48f0c4d8-344a-4fff-ae22-ac81c74404bc
2019-09-19 10:28:53,963 [pool-208-thread-1] INFO  server.RaftServerConfigKeys (ConfUtils.java:logGet(43)) - raft.server.log.queue.byte-limit = 2147483647 (custom)
2019-09-19 10:28:53,963 [pool-208-thread-1] INFO  server.RaftServerConfigKeys (ConfUtils.java:logGet(43)) - raft.server.log.queue.element-limit = 1024 (custom)
2019-09-19 10:28:53,964 [pool-208-thread-1] INFO  server.RaftServerConfigKeys (ConfUtils.java:logGet(43)) - raft.server.log.segment.size.max = 1048576 (custom)
2019-09-19 10:28:53,964 [pool-208-thread-1] INFO  server.RaftServerConfigKeys (ConfUtils.java:logGet(43)) - raft.server.log.preallocated.size = 16384 (custom)
2019-09-19 10:28:53,964 [pool-208-thread-1] INFO  server.RaftServerConfigKeys (ConfUtils.java:logGet(43)) - raft.server.log.write.buffer.size = 33554432 (custom)
2019-09-19 10:28:53,964 [pool-208-thread-1] INFO  server.RaftServerConfigKeys (ConfUtils.java:logGet(43)) - raft.server.log.force.sync.num = 128 (default)
2019-09-19 10:28:53,964 [pool-208-thread-1] INFO  server.RaftServerConfigKeys (ConfUtils.java:logGet(43)) - raft.server.log.statemachine.data.sync = true (default)
2019-09-19 10:28:53,964 [pool-208-thread-1] INFO  server.RaftServerConfigKeys (ConfUtils.java:logGet(43)) - raft.server.log.statemachine.data.sync.timeout = 10s (default)
2019-09-19 10:28:53,964 [pool-208-thread-1] INFO  server.RaftServerConfigKeys (ConfUtils.java:logGet(43)) - raft.server.log.statemachine.data.sync.timeout.retry = -1 (default)
2019-09-19 10:28:53,965 [pool-208-thread-1] INFO  server.RaftServerConfigKeys (ConfUtils.java:logGet(43)) - raft.server.log.statemachine.data.caching.enabled = true (custom)
2019-09-19 10:28:53,965 [pool-208-thread-1] INFO  segmented.SegmentedRaftLogWorker (SegmentedRaftLogWorker.java:lambda$new$0(132)) - bd7a2d95-c10b-4afb-bf2e-edb35f4c5c67-SegmentedRaftLogWorker:Storage Directory /workdir/hadoop-ozone/ozonefs/target/test-dir/MiniOzoneClusterImpl-4dc1f89a-70ec-4312-8322-55acd7e6c345/datanode-2/data/ratis/48f0c4d8-344a-4fff-ae22-ac81c74404bc: flushIndex: setUnconditionally 0 -> -1
2019-09-19 10:28:53,965 [pool-208-thread-1] INFO  server.RaftServerConfigKeys (ConfUtils.java:logGet(43)) - raft.server.snapshot.auto.trigger.enabled = true (custom)
2019-09-19 10:28:53,965 [pool-208-thread-1] INFO  server.RaftServerConfigKeys (ConfUtils.java:logGet(43)) - raft.server.snapshot.auto.trigger.threshold = 10000 (custom)
2019-09-19 10:28:53,965 [pool-208-thread-1] INFO  server.RaftServerConfigKeys (ConfUtils.java:logGet(43)) - raft.server.retrycache.expirytime = 600000ms (custom)
2019-09-19 10:28:53,966 [pool-208-thread-1] INFO  impl.RaftServerImpl (RaftServerImpl.java:start(180)) - bd7a2d95-c10b-4afb-bf2e-edb35f4c5c67: start group-AC81C74404BC
2019-09-19 10:28:53,966 [pool-208-thread-1] INFO  impl.RaftServerImpl (RaftServerImpl.java:setRole(171)) - bd7a2d95-c10b-4afb-bf2e-edb35f4c5c67:group-AC81C74404BC changes role from null to FOLLOWER at term 0 for startAsFollower
2019-09-19 10:28:53,966 [pool-208-thread-1] INFO  impl.RoleInfo (RoleInfo.java:updateAndGet(143)) - bd7a2d95-c10b-4afb-bf2e-edb35f4c5c67: start FollowerState
2019-09-19 10:28:53,966 [pool-208-thread-1] INFO  util.JmxRegister (JmxRegister.java:tryRegister(44)) - Successfully registered JMX Bean with object name Ratis:service=RaftServer,group=group-AC81C74404BC,id=bd7a2d95-c10b-4afb-bf2e-edb35f4c5c67
2019-09-19 10:28:53,969 [RatisPipelineUtilsThread] INFO  pipeline.PipelineStateManager (PipelineStateManager.java:addPipeline(56)) - Created pipeline Pipeline[ Id: 48f0c4d8-344a-4fff-ae22-ac81c74404bc, Nodes: bd7a2d95-c10b-4afb-bf2e-edb35f4c5c67{ip: 192.168.157.204, host: pr-hdds-1569-cpgw4-1311585219, networkLocation: /default-rack, certSerialId: null}, Type:RATIS, Factor:ONE, State:OPEN]
2019-09-19 10:28:53,969 [RatisPipelineUtilsThread] ERROR pipeline.PipelinePlacementPolicy (PipelinePlacementPolicy.java:meetCriteria(91)) - Pipeline Placement: Doesn't meet the criteria to be viable node. Heaviness: 6
2019-09-19 10:28:53,969 [RatisPipelineUtilsThread] ERROR pipeline.PipelinePlacementPolicy (PipelinePlacementPolicy.java:meetCriteria(91)) - Pipeline Placement: Doesn't meet the criteria to be viable node. Heaviness: 6
2019-09-19 10:28:53,969 [RatisPipelineUtilsThread] ERROR pipeline.PipelinePlacementPolicy (PipelinePlacementPolicy.java:meetCriteria(91)) - Pipeline Placement: Doesn't meet the criteria to be viable node. Heaviness: 6
2019-09-19 10:28:53,969 [RatisPipelineUtilsThread] ERROR pipeline.PipelinePlacementPolicy (PipelinePlacementPolicy.java:filterViableNodes(146)) - Unable to find enough nodes that meet the criteria that cannot engage in more than 5 pipelines. Nodes required: 1 Found: 0, healthy nodes count inNodeManager: 3.
2019-09-19 10:28:53,970 [RatisPipelineUtilsThread] ERROR pipeline.SCMPipelineManager (SCMPipelineManager.java:createPipeline(161)) - Pipeline creation failed due to exception: Unable to find enough nodes that meet the criteria that cannot engage in more than 5 pipelines. Nodes required: 1 Found: 0, healthy nodes count inNodeManager: 3.
2019-09-19 10:28:53,970 [RatisPipelineUtilsThread] ERROR pipeline.PipelinePlacementPolicy (PipelinePlacementPolicy.java:meetCriteria(91)) - Pipeline Placement: Doesn't meet the criteria to be viable node. Heaviness: 6
2019-09-19 10:28:53,970 [RatisPipelineUtilsThread] ERROR pipeline.PipelinePlacementPolicy (PipelinePlacementPolicy.java:meetCriteria(91)) - Pipeline Placement: Doesn't meet the criteria to be viable node. Heaviness: 6
2019-09-19 10:28:53,970 [RatisPipelineUtilsThread] ERROR pipeline.PipelinePlacementPolicy (PipelinePlacementPolicy.java:meetCriteria(91)) - Pipeline Placement: Doesn't meet the criteria to be viable node. Heaviness: 6
2019-09-19 10:28:53,970 [RatisPipelineUtilsThread] ERROR pipeline.PipelinePlacementPolicy (PipelinePlacementPolicy.java:filterViableNodes(146)) - Unable to find enough nodes that meet the criteria that cannot engage in more than 5 pipelines. Nodes required: 3 Found: 0, healthy nodes count inNodeManager: 3.
2019-09-19 10:28:53,970 [RatisPipelineUtilsThread] ERROR pipeline.SCMPipelineManager (SCMPipelineManager.java:createPipeline(161)) - Pipeline creation failed due to exception: Unable to find enough nodes that meet the criteria that cannot engage in more than 5 pipelines. Nodes required: 3 Found: 0, healthy nodes count inNodeManager: 3.
2019-09-19 10:28:54,674 [Thread-806] INFO  ozone.MiniOzoneClusterImpl (MiniOzoneClusterImpl.java:lambda$waitForClusterToBeReady$0(142)) - Cluster is ready. Got 3 of 3 DN Heartbeats.
2019-09-19 10:28:54,881 | INFO  | OMAudit | user=jenkins1000 | ip=127.0.0.1 | op=CREATE_VOLUME {admin=admin19332, owner=user48488, volume=volume72910, creationTime=1568888934880, quotaInBytes=1152921504606846976} | ret=SUCCESS |  
2019-09-19 10:28:54,889 | INFO  | OMAudit | user=jenkins1000 | ip=127.0.0.1 | op=CREATE_BUCKET {volume=volume72910, bucket=bucket86738, acls=[], isVersionEnabled=false, storageType=DISK, creationTime=0} | ret=SUCCESS |  
2019-09-19 10:28:54,908 | INFO  | OMAudit | user=jenkins1000 | ip=127.0.0.1 | op=READ_VOLUME {volume=volume72910} | ret=SUCCESS |  
2019-09-19 10:28:54,910 | INFO  | OMAudit | user=jenkins1000 | ip=127.0.0.1 | op=READ_BUCKET {volume=volume72910, bucket=bucket86738} | ret=SUCCESS |  
2019-09-19 10:28:54,953 [IPC Server handler 3 on 33023] ERROR pipeline.PipelinePlacementPolicy (PipelinePlacementPolicy.java:meetCriteria(91)) - Pipeline Placement: Doesn't meet the criteria to be viable node. Heaviness: 6
2019-09-19 10:28:54,953 [IPC Server handler 3 on 33023] ERROR pipeline.PipelinePlacementPolicy (PipelinePlacementPolicy.java:meetCriteria(91)) - Pipeline Placement: Doesn't meet the criteria to be viable node. Heaviness: 6
2019-09-19 10:28:54,953 [IPC Server handler 3 on 33023] ERROR pipeline.PipelinePlacementPolicy (PipelinePlacementPolicy.java:meetCriteria(91)) - Pipeline Placement: Doesn't meet the criteria to be viable node. Heaviness: 6
2019-09-19 10:28:54,953 [IPC Server handler 3 on 33023] ERROR pipeline.PipelinePlacementPolicy (PipelinePlacementPolicy.java:filterViableNodes(146)) - Unable to find enough nodes that meet the criteria that cannot engage in more than 5 pipelines. Nodes required: 3 Found: 0, healthy nodes count inNodeManager: 3.
2019-09-19 10:28:54,953 [IPC Server handler 3 on 33023] ERROR pipeline.SCMPipelineManager (SCMPipelineManager.java:createPipeline(161)) - Pipeline creation failed due to exception: Unable to find enough nodes that meet the criteria that cannot engage in more than 5 pipelines. Nodes required: 3 Found: 0, healthy nodes count inNodeManager: 3.
2019-09-19 10:28:54,953 [IPC Server handler 3 on 33023] WARN  block.BlockManagerImpl (BlockManagerImpl.java:allocateBlock(192)) - Pipeline creation failed for type:RATIS factor:THREE. Retrying get pipelines call once.
org.apache.hadoop.hdds.scm.exceptions.SCMException: Unable to find enough nodes that meet the criteria that cannot engage in more than 5 pipelines. Nodes required: 3 Found: 0, healthy nodes count inNodeManager: 3.
	at org.apache.hadoop.hdds.scm.pipeline.PipelinePlacementPolicy.filterViableNodes(PipelinePlacementPolicy.java:147)
	at org.apache.hadoop.hdds.scm.pipeline.PipelinePlacementPolicy.chooseDatanodes(PipelinePlacementPolicy.java:170)
	at org.apache.hadoop.hdds.scm.pipeline.RatisPipelineProvider.create(RatisPipelineProvider.java:92)
	at org.apache.hadoop.hdds.scm.pipeline.PipelineFactory.create(PipelineFactory.java:57)
	at org.apache.hadoop.hdds.scm.pipeline.SCMPipelineManager.createPipeline(SCMPipelineManager.java:149)
	at org.apache.hadoop.hdds.scm.block.BlockManagerImpl.allocateBlock(BlockManagerImpl.java:190)
	at org.apache.hadoop.hdds.scm.server.SCMBlockProtocolServer.allocateBlock(SCMBlockProtocolServer.java:175)
	at org.apache.hadoop.ozone.protocolPB.ScmBlockLocationProtocolServerSideTranslatorPB.allocateScmBlock(ScmBlockLocationProtocolServerSideTranslatorPB.java:153)
	at org.apache.hadoop.ozone.protocolPB.ScmBlockLocationProtocolServerSideTranslatorPB.send(ScmBlockLocationProtocolServerSideTranslatorPB.java:112)
	at org.apache.hadoop.hdds.protocol.proto.ScmBlockLocationProtocolProtos$ScmBlockLocationProtocolService$2.callBlockingMethod(ScmBlockLocationProtocolProtos.java:13157)
	at org.apache.hadoop.ipc.ProtobufRpcEngine$Server$ProtoBufRpcInvoker.call(ProtobufRpcEngine.java:524)
	at org.apache.hadoop.ipc.RPC$Server.call(RPC.java:1025)
	at org.apache.hadoop.ipc.Server$RpcCall.run(Server.java:876)
	at org.apache.hadoop.ipc.Server$RpcCall.run(Server.java:822)
	at java.security.AccessController.doPrivileged(Native Method)
	at javax.security.auth.Subject.doAs(Subject.java:422)
	at org.apache.hadoop.security.UserGroupInformation.doAs(UserGroupInformation.java:1730)
	at org.apache.hadoop.ipc.Server$Handler.run(Server.java:2682)
2019-09-19 10:28:54,954 [IPC Server handler 3 on 33023] INFO  block.BlockManagerImpl (BlockManagerImpl.java:allocateBlock(198)) - Could not find available pipeline of type:RATIS and factor:THREE even after retrying
2019-09-19 10:28:54,955 [IPC Server handler 3 on 33023] ERROR block.BlockManagerImpl (BlockManagerImpl.java:allocateBlock(222)) - Unable to allocate a block for the size: 4194304, type: RATIS, factor: THREE
2019-09-19 10:28:54,955 | INFO  | SCMAudit | user=jenkins1000 | ip=192.168.157.204 | op=ALLOCATE_BLOCK {owner=8dfdfb5a-160d-4e9e-a518-127dcf8504f4, size=4194304, type=RATIS, factor=THREE} | ret=SUCCESS |  
2019-09-19 10:28:54,955 | ERROR | OMAudit | user=jenkins1000 | ip=127.0.0.1 | op=CREATE_FILE {volume=volume72910, bucket=bucket86738, key=testListStatus/key1, dataSize=0, replicationType=RATIS, replicationFactor=THREE, keyLocationInfo=null} | ret=FAILURE | org.apache.hadoop.hdds.scm.exceptions.SCMException: Allocated 0 blocks. Requested 1 blocks
	at org.apache.hadoop.hdds.scm.protocolPB.ScmBlockLocationProtocolClientSideTranslatorPB.handleError(ScmBlockLocationProtocolClientSideTranslatorPB.java:118)
	at org.apache.hadoop.hdds.scm.protocolPB.ScmBlockLocationProtocolClientSideTranslatorPB.allocateBlock(ScmBlockLocationProtocolClientSideTranslatorPB.java:156) 
2019-09-19 10:28:54,957 [Thread-806] INFO  ozone.MiniOzoneClusterImpl (MiniOzoneClusterImpl.java:shutdown(321)) - Shutting down the Mini Ozone Cluster
2019-09-19 10:28:54,957 | INFO  | SCMAudit | user=null | ip=null | op=GET_SCM_INFO null | ret=SUCCESS |  
2019-09-19 10:28:54,958 [Thread-806] INFO  ozone.MiniOzoneClusterImpl (MiniOzoneClusterImpl.java:stop(336)) - Stopping the Mini Ozone Cluster
2019-09-19 10:28:54,958 [Thread-806] INFO  ozone.MiniOzoneClusterImpl (MiniOzoneClusterImpl.java:stop(338)) - Stopping the OzoneManager
2019-09-19 10:28:54,958 [Thread-806] INFO  ipc.Server (Server.java:stop(3082)) - Stopping server on 35321
2019-09-19 10:28:54,960 [IPC Server listener on 35321] INFO  ipc.Server (Server.java:run(1185)) - Stopping IPC Server listener on 35321
2019-09-19 10:28:54,961 [IPC Server Responder] INFO  ipc.Server (Server.java:run(1319)) - Stopping IPC Server Responder
2019-09-19 10:28:54,961 [Thread-806] INFO  ratis.OzoneManagerDoubleBuffer (OzoneManagerDoubleBuffer.java:stop(248)) - Stopping OMDoubleBuffer flush thread
2019-09-19 10:28:54,970 [OMDoubleBufferFlushThread] INFO  ratis.OzoneManagerDoubleBuffer (OzoneManagerDoubleBuffer.java:flushTransactions(191)) - OMDoubleBuffer flush thread OMDoubleBufferFlushThread is interrupted and will exit. OMDoubleBufferFlushThread
2019-09-19 10:28:54,970 [Thread-806] INFO  utils.BackgroundService (BackgroundService.java:shutdown(148)) - Shutting down service KeyDeletingService
2019-09-19 10:28:54,971 [Thread-806] INFO  handler.ContextHandler (ContextHandler.java:doStop(910)) - Stopped o.e.j.w.WebAppContext@60fae4c1{/,null,UNAVAILABLE}{/ozoneManager}
2019-09-19 10:28:54,972 [Thread-806] INFO  server.AbstractConnector (AbstractConnector.java:doStop(318)) - Stopped ServerConnector@2acb0ea3{HTTP/1.1,[http/1.1]}{0.0.0.0:0}
2019-09-19 10:28:54,972 [Thread-806] INFO  handler.ContextHandler (ContextHandler.java:doStop(910)) - Stopped o.e.j.s.ServletContextHandler@5e889d7b{/static,jar:file:/home/user/.m2/repository/org/apache/hadoop/hadoop-ozone-ozone-manager/0.5.0-SNAPSHOT/hadoop-ozone-ozone-manager-0.5.0-SNAPSHOT.jar!/webapps/static,UNAVAILABLE}
2019-09-19 10:28:54,972 [Thread-806] INFO  handler.ContextHandler (ContextHandler.java:doStop(910)) - Stopped o.e.j.s.ServletContextHandler@75b17671{/logs,file:///workdir/hadoop-ozone/ozonefs/target/log,UNAVAILABLE}
2019-09-19 10:28:54,974 [Thread-806] INFO  ozone.MiniOzoneClusterImpl (MiniOzoneClusterImpl.java:stop(344)) - Shutting the HddsDatanodes
2019-09-19 10:28:54,974 [Thread-806] INFO  datanode.ObjectStoreHandler (ObjectStoreHandler.java:close(155)) - Closing ObjectStoreHandler.
2019-09-19 10:28:54,975 [ForkJoinPool.commonPool-worker-1] INFO  datanode.ObjectStoreHandler (ObjectStoreHandler.java:close(155)) - Closing ObjectStoreHandler.
2019-09-19 10:28:54,975 [Thread-806] INFO  ozone.HddsDatanodeService (HddsDatanodeService.java:stop(451)) - Stopped plug-in org.apache.hadoop.ozone.web.OzoneHddsDatanodeService@655347c5
2019-09-19 10:28:54,975 [ForkJoinPool.commonPool-worker-1] INFO  ozone.HddsDatanodeService (HddsDatanodeService.java:stop(451)) - Stopped plug-in org.apache.hadoop.ozone.web.OzoneHddsDatanodeService@24ecdf68
2019-09-19 10:28:55,146 [Datanode State Machine Thread - 0] INFO  statemachine.DatanodeStateMachine (DatanodeStateMachine.java:lambda$startDaemon$0(350)) - Ozone container server started.
2019-09-19 10:28:55,413 [Datanode State Machine Thread - 0] INFO  statemachine.DatanodeStateMachine (DatanodeStateMachine.java:lambda$startDaemon$0(350)) - Ozone container server started.
2019-09-19 10:28:55,675 | INFO  | SCMAudit | user=jenkins1000 | ip=192.168.157.204 | op=SEND_HEARTBEAT {datanodeUUID=bd7a2d95-c10b-4afb-bf2e-edb35f4c5c67, command=[]} | ret=SUCCESS |  
2019-09-19 10:28:56,171 [Thread-978] INFO  container.ReplicationManager (ReplicationManager.java:start(151)) - Starting Replication Monitor Thread.
2019-09-19 10:28:56,174 [ReplicationMonitor] INFO  container.ReplicationManager (ReplicationManager.java:run(214)) - Replication Monitor Thread took 0 milliseconds for processing 0 containers.
2019-09-19 10:28:56,675 | INFO  | SCMAudit | user=jenkins1000 | ip=192.168.157.204 | op=SEND_HEARTBEAT {datanodeUUID=bd7a2d95-c10b-4afb-bf2e-edb35f4c5c67, command=[]} | ret=SUCCESS |  
2019-09-19 10:28:57,675 | INFO  | SCMAudit | user=jenkins1000 | ip=192.168.157.204 | op=SEND_HEARTBEAT {datanodeUUID=bd7a2d95-c10b-4afb-bf2e-edb35f4c5c67, command=[]} | ret=SUCCESS |  
2019-09-19 10:28:58,291 [Thread-980] INFO  impl.FollowerState (FollowerState.java:run(106)) - 1ac47008-d118-41b5-aeaa-37dce42fedf0:group-200252B81DB8 changes to CANDIDATE, lastRpcTime:5074, electionTimeout:5074ms
2019-09-19 10:28:58,291 [Thread-980] INFO  impl.RoleInfo (RoleInfo.java:shutdownFollowerState(121)) - 1ac47008-d118-41b5-aeaa-37dce42fedf0: shutdown FollowerState
2019-09-19 10:28:58,291 [Thread-980] INFO  impl.RaftServerImpl (RaftServerImpl.java:setRole(171)) - 1ac47008-d118-41b5-aeaa-37dce42fedf0:group-200252B81DB8 changes role from FOLLOWER to CANDIDATE at term 0 for changeToCandidate
2019-09-19 10:28:58,291 [Thread-980] INFO  impl.RoleInfo (RoleInfo.java:updateAndGet(143)) - 1ac47008-d118-41b5-aeaa-37dce42fedf0: start LeaderElection
2019-09-19 10:28:58,308 [1ac47008-d118-41b5-aeaa-37dce42fedf0:group-200252B81DB8:LeaderElection55] INFO  impl.LeaderElection (LeaderElection.java:askForVotes(181)) - 1ac47008-d118-41b5-aeaa-37dce42fedf0:group-200252B81DB8:LeaderElection55: begin an election at term 1 for -1: [1ac47008-d118-41b5-aeaa-37dce42fedf0:192.168.157.204:34156], old=null
2019-09-19 10:28:58,309 [1ac47008-d118-41b5-aeaa-37dce42fedf0:group-200252B81DB8:LeaderElection55] INFO  impl.RoleInfo (RoleInfo.java:shutdownLeaderElection(134)) - 1ac47008-d118-41b5-aeaa-37dce42fedf0: shutdown LeaderElection
2019-09-19 10:28:58,309 [1ac47008-d118-41b5-aeaa-37dce42fedf0:group-200252B81DB8:LeaderElection55] INFO  impl.RaftServerImpl (RaftServerImpl.java:setRole(171)) - 1ac47008-d118-41b5-aeaa-37dce42fedf0:group-200252B81DB8 changes role from CANDIDATE to LEADER at term 1 for changeToLeader
2019-09-19 10:28:58,309 [1ac47008-d118-41b5-aeaa-37dce42fedf0:group-200252B81DB8:LeaderElection55] INFO  impl.RaftServerImpl (ServerState.java:setLeader(263)) - 1ac47008-d118-41b5-aeaa-37dce42fedf0:group-200252B81DB8 change Leader from null to 1ac47008-d118-41b5-aeaa-37dce42fedf0 at term 1 for becomeLeader, leader elected after 5097ms
2019-09-19 10:28:58,309 [1ac47008-d118-41b5-aeaa-37dce42fedf0:group-200252B81DB8:LeaderElection55] INFO  server.RaftServerConfigKeys (ConfUtils.java:logGet(43)) - raft.server.staging.catchup.gap = 1000 (default)
2019-09-19 10:28:58,309 [1ac47008-d118-41b5-aeaa-37dce42fedf0:group-200252B81DB8:LeaderElection55] INFO  server.RaftServerConfigKeys (ConfUtils.java:logGet(43)) - raft.server.rpc.sleep.time = 25ms (default)
2019-09-19 10:28:58,309 [1ac47008-d118-41b5-aeaa-37dce42fedf0:group-200252B81DB8:LeaderElection55] INFO  server.RaftServerConfigKeys (ConfUtils.java:logGet(43)) - raft.server.write.element-limit = 4096 (default)
2019-09-19 10:28:58,310 [1ac47008-d118-41b5-aeaa-37dce42fedf0:group-200252B81DB8:LeaderElection55] INFO  server.RaftServerConfigKeys (ConfUtils.java:logGet(43)) - raft.server.watch.timeout = 10s (default)
2019-09-19 10:28:58,310 [1ac47008-d118-41b5-aeaa-37dce42fedf0:group-200252B81DB8:LeaderElection55] INFO  server.RaftServerConfigKeys (ConfUtils.java:logGet(43)) - raft.server.watch.timeout.denomination = 1s (default)
2019-09-19 10:28:58,310 [1ac47008-d118-41b5-aeaa-37dce42fedf0:group-200252B81DB8:LeaderElection55] INFO  server.RaftServerConfigKeys (ConfUtils.java:logGet(43)) - raft.server.watch.element-limit = 65536 (default)
2019-09-19 10:28:58,310 [1ac47008-d118-41b5-aeaa-37dce42fedf0:group-200252B81DB8:LeaderElection55] INFO  impl.RoleInfo (RoleInfo.java:updateAndGet(143)) - 1ac47008-d118-41b5-aeaa-37dce42fedf0: start LeaderState
2019-09-19 10:28:58,310 [1ac47008-d118-41b5-aeaa-37dce42fedf0:group-200252B81DB8:LeaderElection55] INFO  segmented.SegmentedRaftLogWorker (SegmentedRaftLogWorker.java:startLogSegment(380)) - 1ac47008-d118-41b5-aeaa-37dce42fedf0-SegmentedRaftLogWorker:Storage Directory /workdir/hadoop-ozone/ozonefs/target/test-dir/MiniOzoneClusterImpl-4dc1f89a-70ec-4312-8322-55acd7e6c345/datanode-0/data/ratis/4a5ec0cd-0da5-4cab-9578-200252b81db8: Starting segment from index:0
2019-09-19 10:28:58,311 [1ac47008-d118-41b5-aeaa-37dce42fedf0:group-200252B81DB8:LeaderElection55] INFO  impl.RaftServerImpl (ServerState.java:setRaftConf(361)) - 1ac47008-d118-41b5-aeaa-37dce42fedf0:group-200252B81DB8 set configuration 0: [1ac47008-d118-41b5-aeaa-37dce42fedf0:192.168.157.204:34156], old=null at 0
2019-09-19 10:28:58,343 [Thread-983] INFO  impl.FollowerState (FollowerState.java:run(106)) - 1ac47008-d118-41b5-aeaa-37dce42fedf0:group-C53379AC1D45 changes to CANDIDATE, lastRpcTime:5104, electionTimeout:5104ms
2019-09-19 10:28:58,344 [Thread-983] INFO  impl.RoleInfo (RoleInfo.java:shutdownFollowerState(121)) - 1ac47008-d118-41b5-aeaa-37dce42fedf0: shutdown FollowerState
2019-09-19 10:28:58,344 [Thread-983] INFO  impl.RaftServerImpl (RaftServerImpl.java:setRole(171)) - 1ac47008-d118-41b5-aeaa-37dce42fedf0:group-C53379AC1D45 changes role from FOLLOWER to CANDIDATE at term 0 for changeToCandidate
2019-09-19 10:28:58,344 [Thread-983] INFO  impl.RoleInfo (RoleInfo.java:updateAndGet(143)) - 1ac47008-d118-41b5-aeaa-37dce42fedf0: start LeaderElection
2019-09-19 10:28:58,346 [1ac47008-d118-41b5-aeaa-37dce42fedf0-SegmentedRaftLogWorker:Storage Directory /workdir/hadoop-ozone/ozonefs/target/test-dir/MiniOzoneClusterImpl-4dc1f89a-70ec-4312-8322-55acd7e6c345/datanode-0/data/ratis/4a5ec0cd-0da5-4cab-9578-200252b81db8] INFO  segmented.SegmentedRaftLogWorker (SegmentedRaftLogWorker.java:execute(569)) - 1ac47008-d118-41b5-aeaa-37dce42fedf0-SegmentedRaftLogWorker:Storage Directory /workdir/hadoop-ozone/ozonefs/target/test-dir/MiniOzoneClusterImpl-4dc1f89a-70ec-4312-8322-55acd7e6c345/datanode-0/data/ratis/4a5ec0cd-0da5-4cab-9578-200252b81db8: created new log segment /workdir/hadoop-ozone/ozonefs/target/test-dir/MiniOzoneClusterImpl-4dc1f89a-70ec-4312-8322-55acd7e6c345/datanode-0/data/ratis/4a5ec0cd-0da5-4cab-9578-200252b81db8/current/log_inprogress_0
2019-09-19 10:28:58,360 [1ac47008-d118-41b5-aeaa-37dce42fedf0:group-C53379AC1D45:LeaderElection56] INFO  impl.LeaderElection (LeaderElection.java:askForVotes(181)) - 1ac47008-d118-41b5-aeaa-37dce42fedf0:group-C53379AC1D45:LeaderElection56: begin an election at term 1 for -1: [1ac47008-d118-41b5-aeaa-37dce42fedf0:192.168.157.204:34156], old=null
2019-09-19 10:28:58,360 [1ac47008-d118-41b5-aeaa-37dce42fedf0:group-C53379AC1D45:LeaderElection56] INFO  impl.RoleInfo (RoleInfo.java:shutdownLeaderElection(134)) - 1ac47008-d118-41b5-aeaa-37dce42fedf0: shutdown LeaderElection
2019-09-19 10:28:58,360 [1ac47008-d118-41b5-aeaa-37dce42fedf0:group-C53379AC1D45:LeaderElection56] INFO  impl.RaftServerImpl (RaftServerImpl.java:setRole(171)) - 1ac47008-d118-41b5-aeaa-37dce42fedf0:group-C53379AC1D45 changes role from CANDIDATE to LEADER at term 1 for changeToLeader
2019-09-19 10:28:58,360 [1ac47008-d118-41b5-aeaa-37dce42fedf0:group-C53379AC1D45:LeaderElection56] INFO  impl.RaftServerImpl (ServerState.java:setLeader(263)) - 1ac47008-d118-41b5-aeaa-37dce42fedf0:group-C53379AC1D45 change Leader from null to 1ac47008-d118-41b5-aeaa-37dce42fedf0 at term 1 for becomeLeader, leader elected after 5124ms
2019-09-19 10:28:58,360 [1ac47008-d118-41b5-aeaa-37dce42fedf0:group-C53379AC1D45:LeaderElection56] INFO  server.RaftServerConfigKeys (ConfUtils.java:logGet(43)) - raft.server.staging.catchup.gap = 1000 (default)
2019-09-19 10:28:58,360 [1ac47008-d118-41b5-aeaa-37dce42fedf0:group-C53379AC1D45:LeaderElection56] INFO  server.RaftServerConfigKeys (ConfUtils.java:logGet(43)) - raft.server.rpc.sleep.time = 25ms (default)
2019-09-19 10:28:58,361 [1ac47008-d118-41b5-aeaa-37dce42fedf0:group-C53379AC1D45:LeaderElection56] INFO  server.RaftServerConfigKeys (ConfUtils.java:logGet(43)) - raft.server.write.element-limit = 4096 (default)
2019-09-19 10:28:58,361 [1ac47008-d118-41b5-aeaa-37dce42fedf0:group-C53379AC1D45:LeaderElection56] INFO  server.RaftServerConfigKeys (ConfUtils.java:logGet(43)) - raft.server.watch.timeout = 10s (default)
2019-09-19 10:28:58,361 [1ac47008-d118-41b5-aeaa-37dce42fedf0:group-C53379AC1D45:LeaderElection56] INFO  server.RaftServerConfigKeys (ConfUtils.java:logGet(43)) - raft.server.watch.timeout.denomination = 1s (default)
2019-09-19 10:28:58,361 [1ac47008-d118-41b5-aeaa-37dce42fedf0:group-C53379AC1D45:LeaderElection56] INFO  server.RaftServerConfigKeys (ConfUtils.java:logGet(43)) - raft.server.watch.element-limit = 65536 (default)
2019-09-19 10:28:58,361 [1ac47008-d118-41b5-aeaa-37dce42fedf0:group-C53379AC1D45:LeaderElection56] INFO  impl.RoleInfo (RoleInfo.java:updateAndGet(143)) - 1ac47008-d118-41b5-aeaa-37dce42fedf0: start LeaderState
2019-09-19 10:28:58,362 [1ac47008-d118-41b5-aeaa-37dce42fedf0:group-C53379AC1D45:LeaderElection56] INFO  segmented.SegmentedRaftLogWorker (SegmentedRaftLogWorker.java:startLogSegment(380)) - 1ac47008-d118-41b5-aeaa-37dce42fedf0-SegmentedRaftLogWorker:Storage Directory /workdir/hadoop-ozone/ozonefs/target/test-dir/MiniOzoneClusterImpl-4dc1f89a-70ec-4312-8322-55acd7e6c345/datanode-0/data/ratis/194276a8-fa04-4dd1-a169-c53379ac1d45: Starting segment from index:0
2019-09-19 10:28:58,362 [1ac47008-d118-41b5-aeaa-37dce42fedf0:group-C53379AC1D45:LeaderElection56] INFO  impl.RaftServerImpl (ServerState.java:setRaftConf(361)) - 1ac47008-d118-41b5-aeaa-37dce42fedf0:group-C53379AC1D45 set configuration 0: [1ac47008-d118-41b5-aeaa-37dce42fedf0:192.168.157.204:34156], old=null at 0
2019-09-19 10:28:58,408 [1ac47008-d118-41b5-aeaa-37dce42fedf0-SegmentedRaftLogWorker:Storage Directory /workdir/hadoop-ozone/ozonefs/target/test-dir/MiniOzoneClusterImpl-4dc1f89a-70ec-4312-8322-55acd7e6c345/datanode-0/data/ratis/194276a8-fa04-4dd1-a169-c53379ac1d45] INFO  segmented.SegmentedRaftLogWorker (SegmentedRaftLogWorker.java:execute(569)) - 1ac47008-d118-41b5-aeaa-37dce42fedf0-SegmentedRaftLogWorker:Storage Directory /workdir/hadoop-ozone/ozonefs/target/test-dir/MiniOzoneClusterImpl-4dc1f89a-70ec-4312-8322-55acd7e6c345/datanode-0/data/ratis/194276a8-fa04-4dd1-a169-c53379ac1d45: created new log segment /workdir/hadoop-ozone/ozonefs/target/test-dir/MiniOzoneClusterImpl-4dc1f89a-70ec-4312-8322-55acd7e6c345/datanode-0/data/ratis/194276a8-fa04-4dd1-a169-c53379ac1d45/current/log_inprogress_0
2019-09-19 10:28:58,432 [Thread-986] INFO  impl.FollowerState (FollowerState.java:run(106)) - 1ac47008-d118-41b5-aeaa-37dce42fedf0:group-2388FF1113AE changes to CANDIDATE, lastRpcTime:5153, electionTimeout:5153ms
2019-09-19 10:28:58,432 [Thread-986] INFO  impl.RoleInfo (RoleInfo.java:shutdownFollowerState(121)) - 1ac47008-d118-41b5-aeaa-37dce42fedf0: shutdown FollowerState
2019-09-19 10:28:58,432 [Thread-986] INFO  impl.RaftServerImpl (RaftServerImpl.java:setRole(171)) - 1ac47008-d118-41b5-aeaa-37dce42fedf0:group-2388FF1113AE changes role from FOLLOWER to CANDIDATE at term 0 for changeToCandidate
2019-09-19 10:28:58,432 [Thread-986] INFO  impl.RoleInfo (RoleInfo.java:updateAndGet(143)) - 1ac47008-d118-41b5-aeaa-37dce42fedf0: start LeaderElection
2019-09-19 10:28:58,447 [1ac47008-d118-41b5-aeaa-37dce42fedf0:group-2388FF1113AE:LeaderElection57] INFO  impl.LeaderElection (LeaderElection.java:askForVotes(181)) - 1ac47008-d118-41b5-aeaa-37dce42fedf0:group-2388FF1113AE:LeaderElection57: begin an election at term 1 for -1: [1ac47008-d118-41b5-aeaa-37dce42fedf0:192.168.157.204:34156], old=null
2019-09-19 10:28:58,447 [1ac47008-d118-41b5-aeaa-37dce42fedf0:group-2388FF1113AE:LeaderElection57] INFO  impl.RoleInfo (RoleInfo.java:shutdownLeaderElection(134)) - 1ac47008-d118-41b5-aeaa-37dce42fedf0: shutdown LeaderElection
2019-09-19 10:28:58,447 [1ac47008-d118-41b5-aeaa-37dce42fedf0:group-2388FF1113AE:LeaderElection57] INFO  impl.RaftServerImpl (RaftServerImpl.java:setRole(171)) - 1ac47008-d118-41b5-aeaa-37dce42fedf0:group-2388FF1113AE changes role from CANDIDATE to LEADER at term 1 for changeToLeader
2019-09-19 10:28:58,447 [1ac47008-d118-41b5-aeaa-37dce42fedf0:group-2388FF1113AE:LeaderElection57] INFO  impl.RaftServerImpl (ServerState.java:setLeader(263)) - 1ac47008-d118-41b5-aeaa-37dce42fedf0:group-2388FF1113AE change Leader from null to 1ac47008-d118-41b5-aeaa-37dce42fedf0 at term 1 for becomeLeader, leader elected after 5172ms
2019-09-19 10:28:58,448 [1ac47008-d118-41b5-aeaa-37dce42fedf0:group-2388FF1113AE:LeaderElection57] INFO  server.RaftServerConfigKeys (ConfUtils.java:logGet(43)) - raft.server.staging.catchup.gap = 1000 (default)
2019-09-19 10:28:58,448 [1ac47008-d118-41b5-aeaa-37dce42fedf0:group-2388FF1113AE:LeaderElection57] INFO  server.RaftServerConfigKeys (ConfUtils.java:logGet(43)) - raft.server.rpc.sleep.time = 25ms (default)
2019-09-19 10:28:58,448 [1ac47008-d118-41b5-aeaa-37dce42fedf0:group-2388FF1113AE:LeaderElection57] INFO  server.RaftServerConfigKeys (ConfUtils.java:logGet(43)) - raft.server.write.element-limit = 4096 (default)
2019-09-19 10:28:58,448 [1ac47008-d118-41b5-aeaa-37dce42fedf0:group-2388FF1113AE:LeaderElection57] INFO  server.RaftServerConfigKeys (ConfUtils.java:logGet(43)) - raft.server.watch.timeout = 10s (default)
2019-09-19 10:28:58,448 [1ac47008-d118-41b5-aeaa-37dce42fedf0:group-2388FF1113AE:LeaderElection57] INFO  server.RaftServerConfigKeys (ConfUtils.java:logGet(43)) - raft.server.watch.timeout.denomination = 1s (default)
2019-09-19 10:28:58,448 [1ac47008-d118-41b5-aeaa-37dce42fedf0:group-2388FF1113AE:LeaderElection57] INFO  server.RaftServerConfigKeys (ConfUtils.java:logGet(43)) - raft.server.watch.element-limit = 65536 (default)
2019-09-19 10:28:58,449 [1ac47008-d118-41b5-aeaa-37dce42fedf0:group-2388FF1113AE:LeaderElection57] INFO  impl.RoleInfo (RoleInfo.java:updateAndGet(143)) - 1ac47008-d118-41b5-aeaa-37dce42fedf0: start LeaderState
2019-09-19 10:28:58,449 [1ac47008-d118-41b5-aeaa-37dce42fedf0:group-2388FF1113AE:LeaderElection57] INFO  segmented.SegmentedRaftLogWorker (SegmentedRaftLogWorker.java:startLogSegment(380)) - 1ac47008-d118-41b5-aeaa-37dce42fedf0-SegmentedRaftLogWorker:Storage Directory /workdir/hadoop-ozone/ozonefs/target/test-dir/MiniOzoneClusterImpl-4dc1f89a-70ec-4312-8322-55acd7e6c345/datanode-0/data/ratis/a401c260-7d85-45dd-93f5-2388ff1113ae: Starting segment from index:0
2019-09-19 10:28:58,450 [1ac47008-d118-41b5-aeaa-37dce42fedf0:group-2388FF1113AE:LeaderElection57] INFO  impl.RaftServerImpl (ServerState.java:setRaftConf(361)) - 1ac47008-d118-41b5-aeaa-37dce42fedf0:group-2388FF1113AE set configuration 0: [1ac47008-d118-41b5-aeaa-37dce42fedf0:192.168.157.204:34156], old=null at 0
2019-09-19 10:28:58,472 [Thread-989] INFO  impl.FollowerState (FollowerState.java:run(106)) - 1ac47008-d118-41b5-aeaa-37dce42fedf0:group-535EEE15B8F2 changes to CANDIDATE, lastRpcTime:5158, electionTimeout:5158ms
2019-09-19 10:28:58,473 [Thread-989] INFO  impl.RoleInfo (RoleInfo.java:shutdownFollowerState(121)) - 1ac47008-d118-41b5-aeaa-37dce42fedf0: shutdown FollowerState
2019-09-19 10:28:58,473 [Thread-989] INFO  impl.RaftServerImpl (RaftServerImpl.java:setRole(171)) - 1ac47008-d118-41b5-aeaa-37dce42fedf0:group-535EEE15B8F2 changes role from FOLLOWER to CANDIDATE at term 0 for changeToCandidate
2019-09-19 10:28:58,473 [Thread-989] INFO  impl.RoleInfo (RoleInfo.java:updateAndGet(143)) - 1ac47008-d118-41b5-aeaa-37dce42fedf0: start LeaderElection
2019-09-19 10:28:58,497 [1ac47008-d118-41b5-aeaa-37dce42fedf0-SegmentedRaftLogWorker:Storage Directory /workdir/hadoop-ozone/ozonefs/target/test-dir/MiniOzoneClusterImpl-4dc1f89a-70ec-4312-8322-55acd7e6c345/datanode-0/data/ratis/a401c260-7d85-45dd-93f5-2388ff1113ae] INFO  segmented.SegmentedRaftLogWorker (SegmentedRaftLogWorker.java:execute(569)) - 1ac47008-d118-41b5-aeaa-37dce42fedf0-SegmentedRaftLogWorker:Storage Directory /workdir/hadoop-ozone/ozonefs/target/test-dir/MiniOzoneClusterImpl-4dc1f89a-70ec-4312-8322-55acd7e6c345/datanode-0/data/ratis/a401c260-7d85-45dd-93f5-2388ff1113ae: created new log segment /workdir/hadoop-ozone/ozonefs/target/test-dir/MiniOzoneClusterImpl-4dc1f89a-70ec-4312-8322-55acd7e6c345/datanode-0/data/ratis/a401c260-7d85-45dd-93f5-2388ff1113ae/current/log_inprogress_0
2019-09-19 10:28:58,497 [1ac47008-d118-41b5-aeaa-37dce42fedf0:group-535EEE15B8F2:LeaderElection58] INFO  impl.LeaderElection (LeaderElection.java:askForVotes(181)) - 1ac47008-d118-41b5-aeaa-37dce42fedf0:group-535EEE15B8F2:LeaderElection58: begin an election at term 1 for -1: [1ac47008-d118-41b5-aeaa-37dce42fedf0:192.168.157.204:34156], old=null
2019-09-19 10:28:58,498 [1ac47008-d118-41b5-aeaa-37dce42fedf0:group-535EEE15B8F2:LeaderElection58] INFO  impl.RoleInfo (RoleInfo.java:shutdownLeaderElection(134)) - 1ac47008-d118-41b5-aeaa-37dce42fedf0: shutdown LeaderElection
2019-09-19 10:28:58,498 [1ac47008-d118-41b5-aeaa-37dce42fedf0:group-535EEE15B8F2:LeaderElection58] INFO  impl.RaftServerImpl (RaftServerImpl.java:setRole(171)) - 1ac47008-d118-41b5-aeaa-37dce42fedf0:group-535EEE15B8F2 changes role from CANDIDATE to LEADER at term 1 for changeToLeader
2019-09-19 10:28:58,498 [1ac47008-d118-41b5-aeaa-37dce42fedf0:group-535EEE15B8F2:LeaderElection58] INFO  impl.RaftServerImpl (ServerState.java:setLeader(263)) - 1ac47008-d118-41b5-aeaa-37dce42fedf0:group-535EEE15B8F2 change Leader from null to 1ac47008-d118-41b5-aeaa-37dce42fedf0 at term 1 for becomeLeader, leader elected after 5186ms
2019-09-19 10:28:58,498 [1ac47008-d118-41b5-aeaa-37dce42fedf0:group-535EEE15B8F2:LeaderElection58] INFO  server.RaftServerConfigKeys (ConfUtils.java:logGet(43)) - raft.server.staging.catchup.gap = 1000 (default)
2019-09-19 10:28:58,498 [1ac47008-d118-41b5-aeaa-37dce42fedf0:group-535EEE15B8F2:LeaderElection58] INFO  server.RaftServerConfigKeys (ConfUtils.java:logGet(43)) - raft.server.rpc.sleep.time = 25ms (default)
2019-09-19 10:28:58,498 [1ac47008-d118-41b5-aeaa-37dce42fedf0:group-535EEE15B8F2:LeaderElection58] INFO  server.RaftServerConfigKeys (ConfUtils.java:logGet(43)) - raft.server.write.element-limit = 4096 (default)
2019-09-19 10:28:58,498 [1ac47008-d118-41b5-aeaa-37dce42fedf0:group-535EEE15B8F2:LeaderElection58] INFO  server.RaftServerConfigKeys (ConfUtils.java:logGet(43)) - raft.server.watch.timeout = 10s (default)
2019-09-19 10:28:58,499 [1ac47008-d118-41b5-aeaa-37dce42fedf0:group-535EEE15B8F2:LeaderElection58] INFO  server.RaftServerConfigKeys (ConfUtils.java:logGet(43)) - raft.server.watch.timeout.denomination = 1s (default)
2019-09-19 10:28:58,499 [1ac47008-d118-41b5-aeaa-37dce42fedf0:group-535EEE15B8F2:LeaderElection58] INFO  server.RaftServerConfigKeys (ConfUtils.java:logGet(43)) - raft.server.watch.element-limit = 65536 (default)
2019-09-19 10:28:58,499 [1ac47008-d118-41b5-aeaa-37dce42fedf0:group-535EEE15B8F2:LeaderElection58] INFO  impl.RoleInfo (RoleInfo.java:updateAndGet(143)) - 1ac47008-d118-41b5-aeaa-37dce42fedf0: start LeaderState
2019-09-19 10:28:58,499 [1ac47008-d118-41b5-aeaa-37dce42fedf0:group-535EEE15B8F2:LeaderElection58] INFO  segmented.SegmentedRaftLogWorker (SegmentedRaftLogWorker.java:startLogSegment(380)) - 1ac47008-d118-41b5-aeaa-37dce42fedf0-SegmentedRaftLogWorker:Storage Directory /workdir/hadoop-ozone/ozonefs/target/test-dir/MiniOzoneClusterImpl-4dc1f89a-70ec-4312-8322-55acd7e6c345/datanode-0/data/ratis/610aee58-0037-4db4-9415-535eee15b8f2: Starting segment from index:0
2019-09-19 10:28:58,500 [1ac47008-d118-41b5-aeaa-37dce42fedf0:group-535EEE15B8F2:LeaderElection58] INFO  impl.RaftServerImpl (ServerState.java:setRaftConf(361)) - 1ac47008-d118-41b5-aeaa-37dce42fedf0:group-535EEE15B8F2 set configuration 0: [1ac47008-d118-41b5-aeaa-37dce42fedf0:192.168.157.204:34156], old=null at 0
2019-09-19 10:28:58,535 [Thread-992] INFO  impl.FollowerState (FollowerState.java:run(106)) - 1ac47008-d118-41b5-aeaa-37dce42fedf0:group-E3CB9917AA6D changes to CANDIDATE, lastRpcTime:5181, electionTimeout:5181ms
2019-09-19 10:28:58,535 [Thread-992] INFO  impl.RoleInfo (RoleInfo.java:shutdownFollowerState(121)) - 1ac47008-d118-41b5-aeaa-37dce42fedf0: shutdown FollowerState
2019-09-19 10:28:58,535 [Thread-992] INFO  impl.RaftServerImpl (RaftServerImpl.java:setRole(171)) - 1ac47008-d118-41b5-aeaa-37dce42fedf0:group-E3CB9917AA6D changes role from FOLLOWER to CANDIDATE at term 0 for changeToCandidate
2019-09-19 10:28:58,535 [Thread-992] INFO  impl.RoleInfo (RoleInfo.java:updateAndGet(143)) - 1ac47008-d118-41b5-aeaa-37dce42fedf0: start LeaderElection
2019-09-19 10:28:58,541 [1ac47008-d118-41b5-aeaa-37dce42fedf0-SegmentedRaftLogWorker:Storage Directory /workdir/hadoop-ozone/ozonefs/target/test-dir/MiniOzoneClusterImpl-4dc1f89a-70ec-4312-8322-55acd7e6c345/datanode-0/data/ratis/610aee58-0037-4db4-9415-535eee15b8f2] INFO  segmented.SegmentedRaftLogWorker (SegmentedRaftLogWorker.java:execute(569)) - 1ac47008-d118-41b5-aeaa-37dce42fedf0-SegmentedRaftLogWorker:Storage Directory /workdir/hadoop-ozone/ozonefs/target/test-dir/MiniOzoneClusterImpl-4dc1f89a-70ec-4312-8322-55acd7e6c345/datanode-0/data/ratis/610aee58-0037-4db4-9415-535eee15b8f2: created new log segment /workdir/hadoop-ozone/ozonefs/target/test-dir/MiniOzoneClusterImpl-4dc1f89a-70ec-4312-8322-55acd7e6c345/datanode-0/data/ratis/610aee58-0037-4db4-9415-535eee15b8f2/current/log_inprogress_0
2019-09-19 10:28:58,541 [1ac47008-d118-41b5-aeaa-37dce42fedf0:group-E3CB9917AA6D:LeaderElection59] INFO  impl.LeaderElection (LeaderElection.java:askForVotes(181)) - 1ac47008-d118-41b5-aeaa-37dce42fedf0:group-E3CB9917AA6D:LeaderElection59: begin an election at term 1 for -1: [1ac47008-d118-41b5-aeaa-37dce42fedf0:192.168.157.204:34156], old=null
2019-09-19 10:28:58,542 [1ac47008-d118-41b5-aeaa-37dce42fedf0:group-E3CB9917AA6D:LeaderElection59] INFO  impl.RoleInfo (RoleInfo.java:shutdownLeaderElection(134)) - 1ac47008-d118-41b5-aeaa-37dce42fedf0: shutdown LeaderElection
2019-09-19 10:28:58,542 [1ac47008-d118-41b5-aeaa-37dce42fedf0:group-E3CB9917AA6D:LeaderElection59] INFO  impl.RaftServerImpl (RaftServerImpl.java:setRole(171)) - 1ac47008-d118-41b5-aeaa-37dce42fedf0:group-E3CB9917AA6D changes role from CANDIDATE to LEADER at term 1 for changeToLeader
2019-09-19 10:28:58,542 [1ac47008-d118-41b5-aeaa-37dce42fedf0:group-E3CB9917AA6D:LeaderElection59] INFO  impl.RaftServerImpl (ServerState.java:setLeader(263)) - 1ac47008-d118-41b5-aeaa-37dce42fedf0:group-E3CB9917AA6D change Leader from null to 1ac47008-d118-41b5-aeaa-37dce42fedf0 at term 1 for becomeLeader, leader elected after 5191ms
2019-09-19 10:28:58,542 [1ac47008-d118-41b5-aeaa-37dce42fedf0:group-E3CB9917AA6D:LeaderElection59] INFO  server.RaftServerConfigKeys (ConfUtils.java:logGet(43)) - raft.server.staging.catchup.gap = 1000 (default)
2019-09-19 10:28:58,543 [1ac47008-d118-41b5-aeaa-37dce42fedf0:group-E3CB9917AA6D:LeaderElection59] INFO  server.RaftServerConfigKeys (ConfUtils.java:logGet(43)) - raft.server.rpc.sleep.time = 25ms (default)
2019-09-19 10:28:58,543 [1ac47008-d118-41b5-aeaa-37dce42fedf0:group-E3CB9917AA6D:LeaderElection59] INFO  server.RaftServerConfigKeys (ConfUtils.java:logGet(43)) - raft.server.write.element-limit = 4096 (default)
2019-09-19 10:28:58,543 [1ac47008-d118-41b5-aeaa-37dce42fedf0:group-E3CB9917AA6D:LeaderElection59] INFO  server.RaftServerConfigKeys (ConfUtils.java:logGet(43)) - raft.server.watch.timeout = 10s (default)
2019-09-19 10:28:58,543 [1ac47008-d118-41b5-aeaa-37dce42fedf0:group-E3CB9917AA6D:LeaderElection59] INFO  server.RaftServerConfigKeys (ConfUtils.java:logGet(43)) - raft.server.watch.timeout.denomination = 1s (default)
2019-09-19 10:28:58,543 [1ac47008-d118-41b5-aeaa-37dce42fedf0:group-E3CB9917AA6D:LeaderElection59] INFO  server.RaftServerConfigKeys (ConfUtils.java:logGet(43)) - raft.server.watch.element-limit = 65536 (default)
2019-09-19 10:28:58,543 [1ac47008-d118-41b5-aeaa-37dce42fedf0:group-E3CB9917AA6D:LeaderElection59] INFO  impl.RoleInfo (RoleInfo.java:updateAndGet(143)) - 1ac47008-d118-41b5-aeaa-37dce42fedf0: start LeaderState
2019-09-19 10:28:58,544 [1ac47008-d118-41b5-aeaa-37dce42fedf0:group-E3CB9917AA6D:LeaderElection59] INFO  segmented.SegmentedRaftLogWorker (SegmentedRaftLogWorker.java:startLogSegment(380)) - 1ac47008-d118-41b5-aeaa-37dce42fedf0-SegmentedRaftLogWorker:Storage Directory /workdir/hadoop-ozone/ozonefs/target/test-dir/MiniOzoneClusterImpl-4dc1f89a-70ec-4312-8322-55acd7e6c345/datanode-0/data/ratis/a93807c3-8d6b-41f9-9b0f-e3cb9917aa6d: Starting segment from index:0
2019-09-19 10:28:58,544 [1ac47008-d118-41b5-aeaa-37dce42fedf0:group-E3CB9917AA6D:LeaderElection59] INFO  impl.RaftServerImpl (ServerState.java:setRaftConf(361)) - 1ac47008-d118-41b5-aeaa-37dce42fedf0:group-E3CB9917AA6D set configuration 0: [1ac47008-d118-41b5-aeaa-37dce42fedf0:192.168.157.204:34156], old=null at 0
2019-09-19 10:28:58,559 [Thread-1001] INFO  impl.FollowerState (FollowerState.java:run(106)) - 4e4d4400-67d5-4c42-accf-0c5056f48c19:group-4E8D34BB4EED changes to CANDIDATE, lastRpcTime:5066, electionTimeout:5066ms
2019-09-19 10:28:58,559 [Thread-1001] INFO  impl.RoleInfo (RoleInfo.java:shutdownFollowerState(121)) - 4e4d4400-67d5-4c42-accf-0c5056f48c19: shutdown FollowerState
2019-09-19 10:28:58,559 [Thread-1001] INFO  impl.RaftServerImpl (RaftServerImpl.java:setRole(171)) - 4e4d4400-67d5-4c42-accf-0c5056f48c19:group-4E8D34BB4EED changes role from FOLLOWER to CANDIDATE at term 0 for changeToCandidate
2019-09-19 10:28:58,559 [Thread-1001] INFO  impl.RoleInfo (RoleInfo.java:updateAndGet(143)) - 4e4d4400-67d5-4c42-accf-0c5056f48c19: start LeaderElection
2019-09-19 10:28:58,583 [Thread-995] INFO  impl.FollowerState (FollowerState.java:run(106)) - 1ac47008-d118-41b5-aeaa-37dce42fedf0:group-8BB4BD1D3DF6 changes to CANDIDATE, lastRpcTime:5190, electionTimeout:5187ms
2019-09-19 10:28:58,583 [Thread-995] INFO  impl.RoleInfo (RoleInfo.java:shutdownFollowerState(121)) - 1ac47008-d118-41b5-aeaa-37dce42fedf0: shutdown FollowerState
2019-09-19 10:28:58,584 [Thread-995] INFO  impl.RaftServerImpl (RaftServerImpl.java:setRole(171)) - 1ac47008-d118-41b5-aeaa-37dce42fedf0:group-8BB4BD1D3DF6 changes role from FOLLOWER to CANDIDATE at term 0 for changeToCandidate
2019-09-19 10:28:58,584 [Thread-995] INFO  impl.RoleInfo (RoleInfo.java:updateAndGet(143)) - 1ac47008-d118-41b5-aeaa-37dce42fedf0: start LeaderElection
2019-09-19 10:28:58,596 [1ac47008-d118-41b5-aeaa-37dce42fedf0-SegmentedRaftLogWorker:Storage Directory /workdir/hadoop-ozone/ozonefs/target/test-dir/MiniOzoneClusterImpl-4dc1f89a-70ec-4312-8322-55acd7e6c345/datanode-0/data/ratis/a93807c3-8d6b-41f9-9b0f-e3cb9917aa6d] INFO  segmented.SegmentedRaftLogWorker (SegmentedRaftLogWorker.java:execute(569)) - 1ac47008-d118-41b5-aeaa-37dce42fedf0-SegmentedRaftLogWorker:Storage Directory /workdir/hadoop-ozone/ozonefs/target/test-dir/MiniOzoneClusterImpl-4dc1f89a-70ec-4312-8322-55acd7e6c345/datanode-0/data/ratis/a93807c3-8d6b-41f9-9b0f-e3cb9917aa6d: created new log segment /workdir/hadoop-ozone/ozonefs/target/test-dir/MiniOzoneClusterImpl-4dc1f89a-70ec-4312-8322-55acd7e6c345/datanode-0/data/ratis/a93807c3-8d6b-41f9-9b0f-e3cb9917aa6d/current/log_inprogress_0
2019-09-19 10:28:58,597 [4e4d4400-67d5-4c42-accf-0c5056f48c19:group-4E8D34BB4EED:LeaderElection60] INFO  impl.LeaderElection (LeaderElection.java:askForVotes(181)) - 4e4d4400-67d5-4c42-accf-0c5056f48c19:group-4E8D34BB4EED:LeaderElection60: begin an election at term 1 for -1: [4e4d4400-67d5-4c42-accf-0c5056f48c19:192.168.157.204:44591], old=null
2019-09-19 10:28:58,596 [1ac47008-d118-41b5-aeaa-37dce42fedf0:group-8BB4BD1D3DF6:LeaderElection61] INFO  impl.LeaderElection (LeaderElection.java:askForVotes(181)) - 1ac47008-d118-41b5-aeaa-37dce42fedf0:group-8BB4BD1D3DF6:LeaderElection61: begin an election at term 1 for -1: [1ac47008-d118-41b5-aeaa-37dce42fedf0:192.168.157.204:34156], old=null
2019-09-19 10:28:58,597 [4e4d4400-67d5-4c42-accf-0c5056f48c19:group-4E8D34BB4EED:LeaderElection60] INFO  impl.RoleInfo (RoleInfo.java:shutdownLeaderElection(134)) - 4e4d4400-67d5-4c42-accf-0c5056f48c19: shutdown LeaderElection
2019-09-19 10:28:58,597 [1ac47008-d118-41b5-aeaa-37dce42fedf0:group-8BB4BD1D3DF6:LeaderElection61] INFO  impl.RoleInfo (RoleInfo.java:shutdownLeaderElection(134)) - 1ac47008-d118-41b5-aeaa-37dce42fedf0: shutdown LeaderElection
2019-09-19 10:28:58,597 [4e4d4400-67d5-4c42-accf-0c5056f48c19:group-4E8D34BB4EED:LeaderElection60] INFO  impl.RaftServerImpl (RaftServerImpl.java:setRole(171)) - 4e4d4400-67d5-4c42-accf-0c5056f48c19:group-4E8D34BB4EED changes role from CANDIDATE to LEADER at term 1 for changeToLeader
2019-09-19 10:28:58,597 [1ac47008-d118-41b5-aeaa-37dce42fedf0:group-8BB4BD1D3DF6:LeaderElection61] INFO  impl.RaftServerImpl (RaftServerImpl.java:setRole(171)) - 1ac47008-d118-41b5-aeaa-37dce42fedf0:group-8BB4BD1D3DF6 changes role from CANDIDATE to LEADER at term 1 for changeToLeader
2019-09-19 10:28:58,597 [4e4d4400-67d5-4c42-accf-0c5056f48c19:group-4E8D34BB4EED:LeaderElection60] INFO  impl.RaftServerImpl (ServerState.java:setLeader(263)) - 4e4d4400-67d5-4c42-accf-0c5056f48c19:group-4E8D34BB4EED change Leader from null to 4e4d4400-67d5-4c42-accf-0c5056f48c19 at term 1 for becomeLeader, leader elected after 5108ms
2019-09-19 10:28:58,598 [1ac47008-d118-41b5-aeaa-37dce42fedf0:group-8BB4BD1D3DF6:LeaderElection61] INFO  impl.RaftServerImpl (ServerState.java:setLeader(263)) - 1ac47008-d118-41b5-aeaa-37dce42fedf0:group-8BB4BD1D3DF6 change Leader from null to 1ac47008-d118-41b5-aeaa-37dce42fedf0 at term 1 for becomeLeader, leader elected after 5207ms
2019-09-19 10:28:58,598 [4e4d4400-67d5-4c42-accf-0c5056f48c19:group-4E8D34BB4EED:LeaderElection60] INFO  server.RaftServerConfigKeys (ConfUtils.java:logGet(43)) - raft.server.staging.catchup.gap = 1000 (default)
2019-09-19 10:28:58,598 [1ac47008-d118-41b5-aeaa-37dce42fedf0:group-8BB4BD1D3DF6:LeaderElection61] INFO  server.RaftServerConfigKeys (ConfUtils.java:logGet(43)) - raft.server.staging.catchup.gap = 1000 (default)
2019-09-19 10:28:58,598 [4e4d4400-67d5-4c42-accf-0c5056f48c19:group-4E8D34BB4EED:LeaderElection60] INFO  server.RaftServerConfigKeys (ConfUtils.java:logGet(43)) - raft.server.rpc.sleep.time = 25ms (default)
2019-09-19 10:28:58,598 [1ac47008-d118-41b5-aeaa-37dce42fedf0:group-8BB4BD1D3DF6:LeaderElection61] INFO  server.RaftServerConfigKeys (ConfUtils.java:logGet(43)) - raft.server.rpc.sleep.time = 25ms (default)
2019-09-19 10:28:58,598 [4e4d4400-67d5-4c42-accf-0c5056f48c19:group-4E8D34BB4EED:LeaderElection60] INFO  server.RaftServerConfigKeys (ConfUtils.java:logGet(43)) - raft.server.write.element-limit = 4096 (default)
2019-09-19 10:28:58,599 [1ac47008-d118-41b5-aeaa-37dce42fedf0:group-8BB4BD1D3DF6:LeaderElection61] INFO  server.RaftServerConfigKeys (ConfUtils.java:logGet(43)) - raft.server.write.element-limit = 4096 (default)
2019-09-19 10:28:58,599 [4e4d4400-67d5-4c42-accf-0c5056f48c19:group-4E8D34BB4EED:LeaderElection60] INFO  server.RaftServerConfigKeys (ConfUtils.java:logGet(43)) - raft.server.watch.timeout = 10s (default)
2019-09-19 10:28:58,599 [1ac47008-d118-41b5-aeaa-37dce42fedf0:group-8BB4BD1D3DF6:LeaderElection61] INFO  server.RaftServerConfigKeys (ConfUtils.java:logGet(43)) - raft.server.watch.timeout = 10s (default)
2019-09-19 10:28:58,599 [4e4d4400-67d5-4c42-accf-0c5056f48c19:group-4E8D34BB4EED:LeaderElection60] INFO  server.RaftServerConfigKeys (ConfUtils.java:logGet(43)) - raft.server.watch.timeout.denomination = 1s (default)
2019-09-19 10:28:58,599 [1ac47008-d118-41b5-aeaa-37dce42fedf0:group-8BB4BD1D3DF6:LeaderElection61] INFO  server.RaftServerConfigKeys (ConfUtils.java:logGet(43)) - raft.server.watch.timeout.denomination = 1s (default)
2019-09-19 10:28:58,599 [4e4d4400-67d5-4c42-accf-0c5056f48c19:group-4E8D34BB4EED:LeaderElection60] INFO  server.RaftServerConfigKeys (ConfUtils.java:logGet(43)) - raft.server.watch.element-limit = 65536 (default)
2019-09-19 10:28:58,599 [1ac47008-d118-41b5-aeaa-37dce42fedf0:group-8BB4BD1D3DF6:LeaderElection61] INFO  server.RaftServerConfigKeys (ConfUtils.java:logGet(43)) - raft.server.watch.element-limit = 65536 (default)
2019-09-19 10:28:58,600 [4e4d4400-67d5-4c42-accf-0c5056f48c19:group-4E8D34BB4EED:LeaderElection60] INFO  impl.RoleInfo (RoleInfo.java:updateAndGet(143)) - 4e4d4400-67d5-4c42-accf-0c5056f48c19: start LeaderState
2019-09-19 10:28:58,600 [1ac47008-d118-41b5-aeaa-37dce42fedf0:group-8BB4BD1D3DF6:LeaderElection61] INFO  impl.RoleInfo (RoleInfo.java:updateAndGet(143)) - 1ac47008-d118-41b5-aeaa-37dce42fedf0: start LeaderState
2019-09-19 10:28:58,600 [4e4d4400-67d5-4c42-accf-0c5056f48c19:group-4E8D34BB4EED:LeaderElection60] INFO  segmented.SegmentedRaftLogWorker (SegmentedRaftLogWorker.java:startLogSegment(380)) - 4e4d4400-67d5-4c42-accf-0c5056f48c19-SegmentedRaftLogWorker:Storage Directory /workdir/hadoop-ozone/ozonefs/target/test-dir/MiniOzoneClusterImpl-4dc1f89a-70ec-4312-8322-55acd7e6c345/datanode-1/data/ratis/1a35708b-1781-43f1-8bdd-4e8d34bb4eed: Starting segment from index:0
2019-09-19 10:28:58,600 [1ac47008-d118-41b5-aeaa-37dce42fedf0:group-8BB4BD1D3DF6:LeaderElection61] INFO  segmented.SegmentedRaftLogWorker (SegmentedRaftLogWorker.java:startLogSegment(380)) - 1ac47008-d118-41b5-aeaa-37dce42fedf0-SegmentedRaftLogWorker:Storage Directory /workdir/hadoop-ozone/ozonefs/target/test-dir/MiniOzoneClusterImpl-4dc1f89a-70ec-4312-8322-55acd7e6c345/datanode-0/data/ratis/0139f1b2-c0a1-462e-898c-8bb4bd1d3df6: Starting segment from index:0
2019-09-19 10:28:58,601 [4e4d4400-67d5-4c42-accf-0c5056f48c19:group-4E8D34BB4EED:LeaderElection60] INFO  impl.RaftServerImpl (ServerState.java:setRaftConf(361)) - 4e4d4400-67d5-4c42-accf-0c5056f48c19:group-4E8D34BB4EED set configuration 0: [4e4d4400-67d5-4c42-accf-0c5056f48c19:192.168.157.204:44591], old=null at 0
2019-09-19 10:28:58,601 [1ac47008-d118-41b5-aeaa-37dce42fedf0:group-8BB4BD1D3DF6:LeaderElection61] INFO  impl.RaftServerImpl (ServerState.java:setRaftConf(361)) - 1ac47008-d118-41b5-aeaa-37dce42fedf0:group-8BB4BD1D3DF6 set configuration 0: [1ac47008-d118-41b5-aeaa-37dce42fedf0:192.168.157.204:34156], old=null at 0
2019-09-19 10:28:58,601 [Thread-1004] INFO  impl.FollowerState (FollowerState.java:run(106)) - 4e4d4400-67d5-4c42-accf-0c5056f48c19:group-996CD007BAB8 changes to CANDIDATE, lastRpcTime:5070, electionTimeout:5070ms
2019-09-19 10:28:58,601 [Thread-1004] INFO  impl.RoleInfo (RoleInfo.java:shutdownFollowerState(121)) - 4e4d4400-67d5-4c42-accf-0c5056f48c19: shutdown FollowerState
2019-09-19 10:28:58,602 [Thread-1004] INFO  impl.RaftServerImpl (RaftServerImpl.java:setRole(171)) - 4e4d4400-67d5-4c42-accf-0c5056f48c19:group-996CD007BAB8 changes role from FOLLOWER to CANDIDATE at term 0 for changeToCandidate
2019-09-19 10:28:58,602 [Thread-1004] INFO  impl.RoleInfo (RoleInfo.java:updateAndGet(143)) - 4e4d4400-67d5-4c42-accf-0c5056f48c19: start LeaderElection
2019-09-19 10:28:58,637 [Thread-998] INFO  impl.FollowerState (FollowerState.java:run(106)) - 4e4d4400-67d5-4c42-accf-0c5056f48c19:group-4A4A9CE19584 changes to CANDIDATE, lastRpcTime:5182, electionTimeout:5167ms
2019-09-19 10:28:58,637 [Thread-998] INFO  impl.RoleInfo (RoleInfo.java:shutdownFollowerState(121)) - 4e4d4400-67d5-4c42-accf-0c5056f48c19: shutdown FollowerState
2019-09-19 10:28:58,637 [Thread-998] INFO  impl.RaftServerImpl (RaftServerImpl.java:setRole(171)) - 4e4d4400-67d5-4c42-accf-0c5056f48c19:group-4A4A9CE19584 changes role from FOLLOWER to CANDIDATE at term 0 for changeToCandidate
2019-09-19 10:28:58,637 [Thread-998] INFO  impl.RoleInfo (RoleInfo.java:updateAndGet(143)) - 4e4d4400-67d5-4c42-accf-0c5056f48c19: start LeaderElection
2019-09-19 10:28:58,638 [Thread-1010] INFO  impl.FollowerState (FollowerState.java:run(106)) - 4e4d4400-67d5-4c42-accf-0c5056f48c19:group-1914F3727033 changes to CANDIDATE, lastRpcTime:5032, electionTimeout:5027ms
2019-09-19 10:28:58,639 [Thread-1010] INFO  impl.RoleInfo (RoleInfo.java:shutdownFollowerState(121)) - 4e4d4400-67d5-4c42-accf-0c5056f48c19: shutdown FollowerState
2019-09-19 10:28:58,639 [Thread-1010] INFO  impl.RaftServerImpl (RaftServerImpl.java:setRole(171)) - 4e4d4400-67d5-4c42-accf-0c5056f48c19:group-1914F3727033 changes role from FOLLOWER to CANDIDATE at term 0 for changeToCandidate
2019-09-19 10:28:58,639 [Thread-1010] INFO  impl.RoleInfo (RoleInfo.java:updateAndGet(143)) - 4e4d4400-67d5-4c42-accf-0c5056f48c19: start LeaderElection
2019-09-19 10:28:58,662 [1ac47008-d118-41b5-aeaa-37dce42fedf0-SegmentedRaftLogWorker:Storage Directory /workdir/hadoop-ozone/ozonefs/target/test-dir/MiniOzoneClusterImpl-4dc1f89a-70ec-4312-8322-55acd7e6c345/datanode-0/data/ratis/0139f1b2-c0a1-462e-898c-8bb4bd1d3df6] INFO  segmented.SegmentedRaftLogWorker (SegmentedRaftLogWorker.java:execute(569)) - 1ac47008-d118-41b5-aeaa-37dce42fedf0-SegmentedRaftLogWorker:Storage Directory /workdir/hadoop-ozone/ozonefs/target/test-dir/MiniOzoneClusterImpl-4dc1f89a-70ec-4312-8322-55acd7e6c345/datanode-0/data/ratis/0139f1b2-c0a1-462e-898c-8bb4bd1d3df6: created new log segment /workdir/hadoop-ozone/ozonefs/target/test-dir/MiniOzoneClusterImpl-4dc1f89a-70ec-4312-8322-55acd7e6c345/datanode-0/data/ratis/0139f1b2-c0a1-462e-898c-8bb4bd1d3df6/current/log_inprogress_0
2019-09-19 10:28:58,662 [4e4d4400-67d5-4c42-accf-0c5056f48c19-SegmentedRaftLogWorker:Storage Directory /workdir/hadoop-ozone/ozonefs/target/test-dir/MiniOzoneClusterImpl-4dc1f89a-70ec-4312-8322-55acd7e6c345/datanode-1/data/ratis/1a35708b-1781-43f1-8bdd-4e8d34bb4eed] INFO  segmented.SegmentedRaftLogWorker (SegmentedRaftLogWorker.java:execute(569)) - 4e4d4400-67d5-4c42-accf-0c5056f48c19-SegmentedRaftLogWorker:Storage Directory /workdir/hadoop-ozone/ozonefs/target/test-dir/MiniOzoneClusterImpl-4dc1f89a-70ec-4312-8322-55acd7e6c345/datanode-1/data/ratis/1a35708b-1781-43f1-8bdd-4e8d34bb4eed: created new log segment /workdir/hadoop-ozone/ozonefs/target/test-dir/MiniOzoneClusterImpl-4dc1f89a-70ec-4312-8322-55acd7e6c345/datanode-1/data/ratis/1a35708b-1781-43f1-8bdd-4e8d34bb4eed/current/log_inprogress_0
2019-09-19 10:28:58,662 [4e4d4400-67d5-4c42-accf-0c5056f48c19:group-1914F3727033:LeaderElection64] INFO  impl.LeaderElection (LeaderElection.java:askForVotes(181)) - 4e4d4400-67d5-4c42-accf-0c5056f48c19:group-1914F3727033:LeaderElection64: begin an election at term 1 for -1: [4e4d4400-67d5-4c42-accf-0c5056f48c19:192.168.157.204:44591], old=null
2019-09-19 10:28:58,662 [4e4d4400-67d5-4c42-accf-0c5056f48c19:group-996CD007BAB8:LeaderElection62] INFO  impl.LeaderElection (LeaderElection.java:askForVotes(181)) - 4e4d4400-67d5-4c42-accf-0c5056f48c19:group-996CD007BAB8:LeaderElection62: begin an election at term 1 for -1: [4e4d4400-67d5-4c42-accf-0c5056f48c19:192.168.157.204:44591], old=null
2019-09-19 10:28:58,662 [4e4d4400-67d5-4c42-accf-0c5056f48c19:group-4A4A9CE19584:LeaderElection63] INFO  impl.LeaderElection (LeaderElection.java:askForVotes(181)) - 4e4d4400-67d5-4c42-accf-0c5056f48c19:group-4A4A9CE19584:LeaderElection63: begin an election at term 1 for -1: [4e4d4400-67d5-4c42-accf-0c5056f48c19:192.168.157.204:44591], old=null
2019-09-19 10:28:58,663 [4e4d4400-67d5-4c42-accf-0c5056f48c19:group-996CD007BAB8:LeaderElection62] INFO  impl.RoleInfo (RoleInfo.java:shutdownLeaderElection(134)) - 4e4d4400-67d5-4c42-accf-0c5056f48c19: shutdown LeaderElection
2019-09-19 10:28:58,663 [4e4d4400-67d5-4c42-accf-0c5056f48c19:group-1914F3727033:LeaderElection64] INFO  impl.RoleInfo (RoleInfo.java:shutdownLeaderElection(134)) - 4e4d4400-67d5-4c42-accf-0c5056f48c19: shutdown LeaderElection
2019-09-19 10:28:58,664 [4e4d4400-67d5-4c42-accf-0c5056f48c19:group-996CD007BAB8:LeaderElection62] INFO  impl.RaftServerImpl (RaftServerImpl.java:setRole(171)) - 4e4d4400-67d5-4c42-accf-0c5056f48c19:group-996CD007BAB8 changes role from CANDIDATE to LEADER at term 1 for changeToLeader
2019-09-19 10:28:58,663 [4e4d4400-67d5-4c42-accf-0c5056f48c19:group-4A4A9CE19584:LeaderElection63] INFO  impl.RoleInfo (RoleInfo.java:shutdownLeaderElection(134)) - 4e4d4400-67d5-4c42-accf-0c5056f48c19: shutdown LeaderElection
2019-09-19 10:28:58,664 [4e4d4400-67d5-4c42-accf-0c5056f48c19:group-996CD007BAB8:LeaderElection62] INFO  impl.RaftServerImpl (ServerState.java:setLeader(263)) - 4e4d4400-67d5-4c42-accf-0c5056f48c19:group-996CD007BAB8 change Leader from null to 4e4d4400-67d5-4c42-accf-0c5056f48c19 at term 1 for becomeLeader, leader elected after 5136ms
2019-09-19 10:28:58,664 [4e4d4400-67d5-4c42-accf-0c5056f48c19:group-1914F3727033:LeaderElection64] INFO  impl.RaftServerImpl (RaftServerImpl.java:setRole(171)) - 4e4d4400-67d5-4c42-accf-0c5056f48c19:group-1914F3727033 changes role from CANDIDATE to LEADER at term 1 for changeToLeader
2019-09-19 10:28:58,664 [4e4d4400-67d5-4c42-accf-0c5056f48c19:group-996CD007BAB8:LeaderElection62] INFO  server.RaftServerConfigKeys (ConfUtils.java:logGet(43)) - raft.server.staging.catchup.gap = 1000 (default)
2019-09-19 10:28:58,664 [4e4d4400-67d5-4c42-accf-0c5056f48c19:group-4A4A9CE19584:LeaderElection63] INFO  impl.RaftServerImpl (RaftServerImpl.java:setRole(171)) - 4e4d4400-67d5-4c42-accf-0c5056f48c19:group-4A4A9CE19584 changes role from CANDIDATE to LEADER at term 1 for changeToLeader
2019-09-19 10:28:58,664 [4e4d4400-67d5-4c42-accf-0c5056f48c19:group-996CD007BAB8:LeaderElection62] INFO  server.RaftServerConfigKeys (ConfUtils.java:logGet(43)) - raft.server.rpc.sleep.time = 25ms (default)
2019-09-19 10:28:58,664 [4e4d4400-67d5-4c42-accf-0c5056f48c19:group-1914F3727033:LeaderElection64] INFO  impl.RaftServerImpl (ServerState.java:setLeader(263)) - 4e4d4400-67d5-4c42-accf-0c5056f48c19:group-1914F3727033 change Leader from null to 4e4d4400-67d5-4c42-accf-0c5056f48c19 at term 1 for becomeLeader, leader elected after 5062ms
2019-09-19 10:28:58,664 [4e4d4400-67d5-4c42-accf-0c5056f48c19:group-996CD007BAB8:LeaderElection62] INFO  server.RaftServerConfigKeys (ConfUtils.java:logGet(43)) - raft.server.write.element-limit = 4096 (default)
2019-09-19 10:28:58,664 [4e4d4400-67d5-4c42-accf-0c5056f48c19:group-4A4A9CE19584:LeaderElection63] INFO  impl.RaftServerImpl (ServerState.java:setLeader(263)) - 4e4d4400-67d5-4c42-accf-0c5056f48c19:group-4A4A9CE19584 change Leader from null to 4e4d4400-67d5-4c42-accf-0c5056f48c19 at term 1 for becomeLeader, leader elected after 5212ms
2019-09-19 10:28:58,664 [4e4d4400-67d5-4c42-accf-0c5056f48c19:group-996CD007BAB8:LeaderElection62] INFO  server.RaftServerConfigKeys (ConfUtils.java:logGet(43)) - raft.server.watch.timeout = 10s (default)
2019-09-19 10:28:58,664 [4e4d4400-67d5-4c42-accf-0c5056f48c19:group-1914F3727033:LeaderElection64] INFO  server.RaftServerConfigKeys (ConfUtils.java:logGet(43)) - raft.server.staging.catchup.gap = 1000 (default)
2019-09-19 10:28:58,665 [4e4d4400-67d5-4c42-accf-0c5056f48c19:group-996CD007BAB8:LeaderElection62] INFO  server.RaftServerConfigKeys (ConfUtils.java:logGet(43)) - raft.server.watch.timeout.denomination = 1s (default)
2019-09-19 10:28:58,665 [4e4d4400-67d5-4c42-accf-0c5056f48c19:group-4A4A9CE19584:LeaderElection63] INFO  server.RaftServerConfigKeys (ConfUtils.java:logGet(43)) - raft.server.staging.catchup.gap = 1000 (default)
2019-09-19 10:28:58,665 [4e4d4400-67d5-4c42-accf-0c5056f48c19:group-996CD007BAB8:LeaderElection62] INFO  server.RaftServerConfigKeys (ConfUtils.java:logGet(43)) - raft.server.watch.element-limit = 65536 (default)
2019-09-19 10:28:58,665 [4e4d4400-67d5-4c42-accf-0c5056f48c19:group-1914F3727033:LeaderElection64] INFO  server.RaftServerConfigKeys (ConfUtils.java:logGet(43)) - raft.server.rpc.sleep.time = 25ms (default)
2019-09-19 10:28:58,665 [4e4d4400-67d5-4c42-accf-0c5056f48c19:group-4A4A9CE19584:LeaderElection63] INFO  server.RaftServerConfigKeys (ConfUtils.java:logGet(43)) - raft.server.rpc.sleep.time = 25ms (default)
2019-09-19 10:28:58,665 [4e4d4400-67d5-4c42-accf-0c5056f48c19:group-1914F3727033:LeaderElection64] INFO  server.RaftServerConfigKeys (ConfUtils.java:logGet(43)) - raft.server.write.element-limit = 4096 (default)
2019-09-19 10:28:58,665 [4e4d4400-67d5-4c42-accf-0c5056f48c19:group-996CD007BAB8:LeaderElection62] INFO  impl.RoleInfo (RoleInfo.java:updateAndGet(143)) - 4e4d4400-67d5-4c42-accf-0c5056f48c19: start LeaderState
2019-09-19 10:28:58,665 [4e4d4400-67d5-4c42-accf-0c5056f48c19:group-1914F3727033:LeaderElection64] INFO  server.RaftServerConfigKeys (ConfUtils.java:logGet(43)) - raft.server.watch.timeout = 10s (default)
2019-09-19 10:28:58,665 [4e4d4400-67d5-4c42-accf-0c5056f48c19:group-4A4A9CE19584:LeaderElection63] INFO  server.RaftServerConfigKeys (ConfUtils.java:logGet(43)) - raft.server.write.element-limit = 4096 (default)
2019-09-19 10:28:58,666 [4e4d4400-67d5-4c42-accf-0c5056f48c19:group-996CD007BAB8:LeaderElection62] INFO  segmented.SegmentedRaftLogWorker (SegmentedRaftLogWorker.java:startLogSegment(380)) - 4e4d4400-67d5-4c42-accf-0c5056f48c19-SegmentedRaftLogWorker:Storage Directory /workdir/hadoop-ozone/ozonefs/target/test-dir/MiniOzoneClusterImpl-4dc1f89a-70ec-4312-8322-55acd7e6c345/datanode-1/data/ratis/07da75ee-acb5-4ef8-a89c-996cd007bab8: Starting segment from index:0
2019-09-19 10:28:58,665 [4e4d4400-67d5-4c42-accf-0c5056f48c19:group-1914F3727033:LeaderElection64] INFO  server.RaftServerConfigKeys (ConfUtils.java:logGet(43)) - raft.server.watch.timeout.denomination = 1s (default)
2019-09-19 10:28:58,666 [4e4d4400-67d5-4c42-accf-0c5056f48c19:group-4A4A9CE19584:LeaderElection63] INFO  server.RaftServerConfigKeys (ConfUtils.java:logGet(43)) - raft.server.watch.timeout = 10s (default)
2019-09-19 10:28:58,666 [4e4d4400-67d5-4c42-accf-0c5056f48c19:group-1914F3727033:LeaderElection64] INFO  server.RaftServerConfigKeys (ConfUtils.java:logGet(43)) - raft.server.watch.element-limit = 65536 (default)
2019-09-19 10:28:58,666 [4e4d4400-67d5-4c42-accf-0c5056f48c19:group-4A4A9CE19584:LeaderElection63] INFO  server.RaftServerConfigKeys (ConfUtils.java:logGet(43)) - raft.server.watch.timeout.denomination = 1s (default)
2019-09-19 10:28:58,666 [4e4d4400-67d5-4c42-accf-0c5056f48c19:group-996CD007BAB8:LeaderElection62] INFO  impl.RaftServerImpl (ServerState.java:setRaftConf(361)) - 4e4d4400-67d5-4c42-accf-0c5056f48c19:group-996CD007BAB8 set configuration 0: [4e4d4400-67d5-4c42-accf-0c5056f48c19:192.168.157.204:44591], old=null at 0
2019-09-19 10:28:58,666 [4e4d4400-67d5-4c42-accf-0c5056f48c19:group-4A4A9CE19584:LeaderElection63] INFO  server.RaftServerConfigKeys (ConfUtils.java:logGet(43)) - raft.server.watch.element-limit = 65536 (default)
2019-09-19 10:28:58,666 [4e4d4400-67d5-4c42-accf-0c5056f48c19:group-1914F3727033:LeaderElection64] INFO  impl.RoleInfo (RoleInfo.java:updateAndGet(143)) - 4e4d4400-67d5-4c42-accf-0c5056f48c19: start LeaderState
2019-09-19 10:28:58,666 [4e4d4400-67d5-4c42-accf-0c5056f48c19:group-4A4A9CE19584:LeaderElection63] INFO  impl.RoleInfo (RoleInfo.java:updateAndGet(143)) - 4e4d4400-67d5-4c42-accf-0c5056f48c19: start LeaderState
2019-09-19 10:28:58,666 [4e4d4400-67d5-4c42-accf-0c5056f48c19:group-1914F3727033:LeaderElection64] INFO  segmented.SegmentedRaftLogWorker (SegmentedRaftLogWorker.java:startLogSegment(380)) - 4e4d4400-67d5-4c42-accf-0c5056f48c19-SegmentedRaftLogWorker:Storage Directory /workdir/hadoop-ozone/ozonefs/target/test-dir/MiniOzoneClusterImpl-4dc1f89a-70ec-4312-8322-55acd7e6c345/datanode-1/data/ratis/5a559fa5-db55-4a70-b233-1914f3727033: Starting segment from index:0
2019-09-19 10:28:58,667 [4e4d4400-67d5-4c42-accf-0c5056f48c19:group-4A4A9CE19584:LeaderElection63] INFO  segmented.SegmentedRaftLogWorker (SegmentedRaftLogWorker.java:startLogSegment(380)) - 4e4d4400-67d5-4c42-accf-0c5056f48c19-SegmentedRaftLogWorker:Storage Directory /workdir/hadoop-ozone/ozonefs/target/test-dir/MiniOzoneClusterImpl-4dc1f89a-70ec-4312-8322-55acd7e6c345/datanode-1/data/ratis/cf2caf8d-0369-43c0-8658-4a4a9ce19584: Starting segment from index:0
2019-09-19 10:28:58,667 [4e4d4400-67d5-4c42-accf-0c5056f48c19:group-1914F3727033:LeaderElection64] INFO  impl.RaftServerImpl (ServerState.java:setRaftConf(361)) - 4e4d4400-67d5-4c42-accf-0c5056f48c19:group-1914F3727033 set configuration 0: [4e4d4400-67d5-4c42-accf-0c5056f48c19:192.168.157.204:44591], old=null at 0
2019-09-19 10:28:58,667 [4e4d4400-67d5-4c42-accf-0c5056f48c19:group-4A4A9CE19584:LeaderElection63] INFO  impl.RaftServerImpl (ServerState.java:setRaftConf(361)) - 4e4d4400-67d5-4c42-accf-0c5056f48c19:group-4A4A9CE19584 set configuration 0: [4e4d4400-67d5-4c42-accf-0c5056f48c19:192.168.157.204:44591], old=null at 0
2019-09-19 10:28:58,675 | INFO  | SCMAudit | user=jenkins1000 | ip=192.168.157.204 | op=SEND_HEARTBEAT {datanodeUUID=bd7a2d95-c10b-4afb-bf2e-edb35f4c5c67, command=[]} | ret=SUCCESS |  
2019-09-19 10:28:58,708 [4e4d4400-67d5-4c42-accf-0c5056f48c19-SegmentedRaftLogWorker:Storage Directory /workdir/hadoop-ozone/ozonefs/target/test-dir/MiniOzoneClusterImpl-4dc1f89a-70ec-4312-8322-55acd7e6c345/datanode-1/data/ratis/07da75ee-acb5-4ef8-a89c-996cd007bab8] INFO  segmented.SegmentedRaftLogWorker (SegmentedRaftLogWorker.java:execute(569)) - 4e4d4400-67d5-4c42-accf-0c5056f48c19-SegmentedRaftLogWorker:Storage Directory /workdir/hadoop-ozone/ozonefs/target/test-dir/MiniOzoneClusterImpl-4dc1f89a-70ec-4312-8322-55acd7e6c345/datanode-1/data/ratis/07da75ee-acb5-4ef8-a89c-996cd007bab8: created new log segment /workdir/hadoop-ozone/ozonefs/target/test-dir/MiniOzoneClusterImpl-4dc1f89a-70ec-4312-8322-55acd7e6c345/datanode-1/data/ratis/07da75ee-acb5-4ef8-a89c-996cd007bab8/current/log_inprogress_0
2019-09-19 10:28:58,708 [4e4d4400-67d5-4c42-accf-0c5056f48c19-SegmentedRaftLogWorker:Storage Directory /workdir/hadoop-ozone/ozonefs/target/test-dir/MiniOzoneClusterImpl-4dc1f89a-70ec-4312-8322-55acd7e6c345/datanode-1/data/ratis/5a559fa5-db55-4a70-b233-1914f3727033] INFO  segmented.SegmentedRaftLogWorker (SegmentedRaftLogWorker.java:execute(569)) - 4e4d4400-67d5-4c42-accf-0c5056f48c19-SegmentedRaftLogWorker:Storage Directory /workdir/hadoop-ozone/ozonefs/target/test-dir/MiniOzoneClusterImpl-4dc1f89a-70ec-4312-8322-55acd7e6c345/datanode-1/data/ratis/5a559fa5-db55-4a70-b233-1914f3727033: created new log segment /workdir/hadoop-ozone/ozonefs/target/test-dir/MiniOzoneClusterImpl-4dc1f89a-70ec-4312-8322-55acd7e6c345/datanode-1/data/ratis/5a559fa5-db55-4a70-b233-1914f3727033/current/log_inprogress_0
2019-09-19 10:28:58,708 [4e4d4400-67d5-4c42-accf-0c5056f48c19-SegmentedRaftLogWorker:Storage Directory /workdir/hadoop-ozone/ozonefs/target/test-dir/MiniOzoneClusterImpl-4dc1f89a-70ec-4312-8322-55acd7e6c345/datanode-1/data/ratis/cf2caf8d-0369-43c0-8658-4a4a9ce19584] INFO  segmented.SegmentedRaftLogWorker (SegmentedRaftLogWorker.java:execute(569)) - 4e4d4400-67d5-4c42-accf-0c5056f48c19-SegmentedRaftLogWorker:Storage Directory /workdir/hadoop-ozone/ozonefs/target/test-dir/MiniOzoneClusterImpl-4dc1f89a-70ec-4312-8322-55acd7e6c345/datanode-1/data/ratis/cf2caf8d-0369-43c0-8658-4a4a9ce19584: created new log segment /workdir/hadoop-ozone/ozonefs/target/test-dir/MiniOzoneClusterImpl-4dc1f89a-70ec-4312-8322-55acd7e6c345/datanode-1/data/ratis/cf2caf8d-0369-43c0-8658-4a4a9ce19584/current/log_inprogress_0
2019-09-19 10:28:58,724 [Thread-1007] INFO  impl.FollowerState (FollowerState.java:run(106)) - 4e4d4400-67d5-4c42-accf-0c5056f48c19:group-7D77C81087AD changes to CANDIDATE, lastRpcTime:5159, electionTimeout:5159ms
2019-09-19 10:28:58,724 [Thread-1007] INFO  impl.RoleInfo (RoleInfo.java:shutdownFollowerState(121)) - 4e4d4400-67d5-4c42-accf-0c5056f48c19: shutdown FollowerState
2019-09-19 10:28:58,724 [Thread-1007] INFO  impl.RaftServerImpl (RaftServerImpl.java:setRole(171)) - 4e4d4400-67d5-4c42-accf-0c5056f48c19:group-7D77C81087AD changes role from FOLLOWER to CANDIDATE at term 0 for changeToCandidate
2019-09-19 10:28:58,724 [Thread-1007] INFO  impl.RoleInfo (RoleInfo.java:updateAndGet(143)) - 4e4d4400-67d5-4c42-accf-0c5056f48c19: start LeaderElection
2019-09-19 10:28:58,736 [Thread-1013] INFO  impl.FollowerState (FollowerState.java:run(106)) - 4e4d4400-67d5-4c42-accf-0c5056f48c19:group-BD7FE6CB91D0 changes to CANDIDATE, lastRpcTime:5083, electionTimeout:5083ms
2019-09-19 10:28:58,736 [Thread-1013] INFO  impl.RoleInfo (RoleInfo.java:shutdownFollowerState(121)) - 4e4d4400-67d5-4c42-accf-0c5056f48c19: shutdown FollowerState
2019-09-19 10:28:58,736 [Thread-1013] INFO  impl.RaftServerImpl (RaftServerImpl.java:setRole(171)) - 4e4d4400-67d5-4c42-accf-0c5056f48c19:group-BD7FE6CB91D0 changes role from FOLLOWER to CANDIDATE at term 0 for changeToCandidate
2019-09-19 10:28:58,736 [Thread-1013] INFO  impl.RoleInfo (RoleInfo.java:updateAndGet(143)) - 4e4d4400-67d5-4c42-accf-0c5056f48c19: start LeaderElection
2019-09-19 10:28:58,739 [4e4d4400-67d5-4c42-accf-0c5056f48c19:group-7D77C81087AD:LeaderElection65] INFO  impl.LeaderElection (LeaderElection.java:askForVotes(181)) - 4e4d4400-67d5-4c42-accf-0c5056f48c19:group-7D77C81087AD:LeaderElection65: begin an election at term 1 for -1: [4e4d4400-67d5-4c42-accf-0c5056f48c19:192.168.157.204:44591], old=null
2019-09-19 10:28:58,739 [4e4d4400-67d5-4c42-accf-0c5056f48c19:group-7D77C81087AD:LeaderElection65] INFO  impl.RoleInfo (RoleInfo.java:shutdownLeaderElection(134)) - 4e4d4400-67d5-4c42-accf-0c5056f48c19: shutdown LeaderElection
2019-09-19 10:28:58,739 [4e4d4400-67d5-4c42-accf-0c5056f48c19:group-7D77C81087AD:LeaderElection65] INFO  impl.RaftServerImpl (RaftServerImpl.java:setRole(171)) - 4e4d4400-67d5-4c42-accf-0c5056f48c19:group-7D77C81087AD changes role from CANDIDATE to LEADER at term 1 for changeToLeader
2019-09-19 10:28:58,739 [4e4d4400-67d5-4c42-accf-0c5056f48c19:group-7D77C81087AD:LeaderElection65] INFO  impl.RaftServerImpl (ServerState.java:setLeader(263)) - 4e4d4400-67d5-4c42-accf-0c5056f48c19:group-7D77C81087AD change Leader from null to 4e4d4400-67d5-4c42-accf-0c5056f48c19 at term 1 for becomeLeader, leader elected after 5177ms
2019-09-19 10:28:58,739 [4e4d4400-67d5-4c42-accf-0c5056f48c19:group-7D77C81087AD:LeaderElection65] INFO  server.RaftServerConfigKeys (ConfUtils.java:logGet(43)) - raft.server.staging.catchup.gap = 1000 (default)
2019-09-19 10:28:58,739 [4e4d4400-67d5-4c42-accf-0c5056f48c19:group-7D77C81087AD:LeaderElection65] INFO  server.RaftServerConfigKeys (ConfUtils.java:logGet(43)) - raft.server.rpc.sleep.time = 25ms (default)
2019-09-19 10:28:58,739 [4e4d4400-67d5-4c42-accf-0c5056f48c19:group-7D77C81087AD:LeaderElection65] INFO  server.RaftServerConfigKeys (ConfUtils.java:logGet(43)) - raft.server.write.element-limit = 4096 (default)
2019-09-19 10:28:58,739 [4e4d4400-67d5-4c42-accf-0c5056f48c19:group-7D77C81087AD:LeaderElection65] INFO  server.RaftServerConfigKeys (ConfUtils.java:logGet(43)) - raft.server.watch.timeout = 10s (default)
2019-09-19 10:28:58,739 [4e4d4400-67d5-4c42-accf-0c5056f48c19:group-7D77C81087AD:LeaderElection65] INFO  server.RaftServerConfigKeys (ConfUtils.java:logGet(43)) - raft.server.watch.timeout.denomination = 1s (default)
2019-09-19 10:28:58,740 [4e4d4400-67d5-4c42-accf-0c5056f48c19:group-7D77C81087AD:LeaderElection65] INFO  server.RaftServerConfigKeys (ConfUtils.java:logGet(43)) - raft.server.watch.element-limit = 65536 (default)
2019-09-19 10:28:58,740 [4e4d4400-67d5-4c42-accf-0c5056f48c19:group-7D77C81087AD:LeaderElection65] INFO  impl.RoleInfo (RoleInfo.java:updateAndGet(143)) - 4e4d4400-67d5-4c42-accf-0c5056f48c19: start LeaderState
2019-09-19 10:28:58,740 [4e4d4400-67d5-4c42-accf-0c5056f48c19:group-7D77C81087AD:LeaderElection65] INFO  segmented.SegmentedRaftLogWorker (SegmentedRaftLogWorker.java:startLogSegment(380)) - 4e4d4400-67d5-4c42-accf-0c5056f48c19-SegmentedRaftLogWorker:Storage Directory /workdir/hadoop-ozone/ozonefs/target/test-dir/MiniOzoneClusterImpl-4dc1f89a-70ec-4312-8322-55acd7e6c345/datanode-1/data/ratis/2f531887-2bd2-42ef-858d-7d77c81087ad: Starting segment from index:0
2019-09-19 10:28:58,740 [4e4d4400-67d5-4c42-accf-0c5056f48c19:group-7D77C81087AD:LeaderElection65] INFO  impl.RaftServerImpl (ServerState.java:setRaftConf(361)) - 4e4d4400-67d5-4c42-accf-0c5056f48c19:group-7D77C81087AD set configuration 0: [4e4d4400-67d5-4c42-accf-0c5056f48c19:192.168.157.204:44591], old=null at 0
2019-09-19 10:28:58,741 [4e4d4400-67d5-4c42-accf-0c5056f48c19:group-BD7FE6CB91D0:LeaderElection66] INFO  impl.LeaderElection (LeaderElection.java:askForVotes(181)) - 4e4d4400-67d5-4c42-accf-0c5056f48c19:group-BD7FE6CB91D0:LeaderElection66: begin an election at term 1 for -1: [4e4d4400-67d5-4c42-accf-0c5056f48c19:192.168.157.204:44591], old=null
2019-09-19 10:28:58,741 [4e4d4400-67d5-4c42-accf-0c5056f48c19:group-BD7FE6CB91D0:LeaderElection66] INFO  impl.RoleInfo (RoleInfo.java:shutdownLeaderElection(134)) - 4e4d4400-67d5-4c42-accf-0c5056f48c19: shutdown LeaderElection
2019-09-19 10:28:58,741 [4e4d4400-67d5-4c42-accf-0c5056f48c19:group-BD7FE6CB91D0:LeaderElection66] INFO  impl.RaftServerImpl (RaftServerImpl.java:setRole(171)) - 4e4d4400-67d5-4c42-accf-0c5056f48c19:group-BD7FE6CB91D0 changes role from CANDIDATE to LEADER at term 1 for changeToLeader
2019-09-19 10:28:58,741 [4e4d4400-67d5-4c42-accf-0c5056f48c19:group-BD7FE6CB91D0:LeaderElection66] INFO  impl.RaftServerImpl (ServerState.java:setLeader(263)) - 4e4d4400-67d5-4c42-accf-0c5056f48c19:group-BD7FE6CB91D0 change Leader from null to 4e4d4400-67d5-4c42-accf-0c5056f48c19 at term 1 for becomeLeader, leader elected after 5091ms
2019-09-19 10:28:58,741 [4e4d4400-67d5-4c42-accf-0c5056f48c19:group-BD7FE6CB91D0:LeaderElection66] INFO  server.RaftServerConfigKeys (ConfUtils.java:logGet(43)) - raft.server.staging.catchup.gap = 1000 (default)
2019-09-19 10:28:58,741 [4e4d4400-67d5-4c42-accf-0c5056f48c19:group-BD7FE6CB91D0:LeaderElection66] INFO  server.RaftServerConfigKeys (ConfUtils.java:logGet(43)) - raft.server.rpc.sleep.time = 25ms (default)
2019-09-19 10:28:58,742 [4e4d4400-67d5-4c42-accf-0c5056f48c19:group-BD7FE6CB91D0:LeaderElection66] INFO  server.RaftServerConfigKeys (ConfUtils.java:logGet(43)) - raft.server.write.element-limit = 4096 (default)
2019-09-19 10:28:58,742 [4e4d4400-67d5-4c42-accf-0c5056f48c19:group-BD7FE6CB91D0:LeaderElection66] INFO  server.RaftServerConfigKeys (ConfUtils.java:logGet(43)) - raft.server.watch.timeout = 10s (default)
2019-09-19 10:28:58,742 [4e4d4400-67d5-4c42-accf-0c5056f48c19:group-BD7FE6CB91D0:LeaderElection66] INFO  server.RaftServerConfigKeys (ConfUtils.java:logGet(43)) - raft.server.watch.timeout.denomination = 1s (default)
2019-09-19 10:28:58,742 [4e4d4400-67d5-4c42-accf-0c5056f48c19:group-BD7FE6CB91D0:LeaderElection66] INFO  server.RaftServerConfigKeys (ConfUtils.java:logGet(43)) - raft.server.watch.element-limit = 65536 (default)
2019-09-19 10:28:58,742 [4e4d4400-67d5-4c42-accf-0c5056f48c19:group-BD7FE6CB91D0:LeaderElection66] INFO  impl.RoleInfo (RoleInfo.java:updateAndGet(143)) - 4e4d4400-67d5-4c42-accf-0c5056f48c19: start LeaderState
2019-09-19 10:28:58,742 [4e4d4400-67d5-4c42-accf-0c5056f48c19:group-BD7FE6CB91D0:LeaderElection66] INFO  segmented.SegmentedRaftLogWorker (SegmentedRaftLogWorker.java:startLogSegment(380)) - 4e4d4400-67d5-4c42-accf-0c5056f48c19-SegmentedRaftLogWorker:Storage Directory /workdir/hadoop-ozone/ozonefs/target/test-dir/MiniOzoneClusterImpl-4dc1f89a-70ec-4312-8322-55acd7e6c345/datanode-1/data/ratis/152076cb-8a1e-4b96-a99e-bd7fe6cb91d0: Starting segment from index:0
2019-09-19 10:28:58,743 [4e4d4400-67d5-4c42-accf-0c5056f48c19:group-BD7FE6CB91D0:LeaderElection66] INFO  impl.RaftServerImpl (ServerState.java:setRaftConf(361)) - 4e4d4400-67d5-4c42-accf-0c5056f48c19:group-BD7FE6CB91D0 set configuration 0: [4e4d4400-67d5-4c42-accf-0c5056f48c19:192.168.157.204:44591], old=null at 0
2019-09-19 10:28:58,757 [Thread-1016] INFO  impl.FollowerState (FollowerState.java:run(106)) - bd7a2d95-c10b-4afb-bf2e-edb35f4c5c67:group-B6F40CE66816 changes to CANDIDATE, lastRpcTime:5038, electionTimeout:5038ms
2019-09-19 10:28:58,757 [Thread-1016] INFO  impl.RoleInfo (RoleInfo.java:shutdownFollowerState(121)) - bd7a2d95-c10b-4afb-bf2e-edb35f4c5c67: shutdown FollowerState
2019-09-19 10:28:58,757 [Thread-1016] INFO  impl.RaftServerImpl (RaftServerImpl.java:setRole(171)) - bd7a2d95-c10b-4afb-bf2e-edb35f4c5c67:group-B6F40CE66816 changes role from FOLLOWER to CANDIDATE at term 0 for changeToCandidate
2019-09-19 10:28:58,757 [Thread-1016] INFO  impl.RoleInfo (RoleInfo.java:updateAndGet(143)) - bd7a2d95-c10b-4afb-bf2e-edb35f4c5c67: start LeaderElection
2019-09-19 10:28:58,771 [Thread-1019] INFO  impl.FollowerState (FollowerState.java:run(106)) - bd7a2d95-c10b-4afb-bf2e-edb35f4c5c67:group-1FF0080CA675 changes to CANDIDATE, lastRpcTime:5012, electionTimeout:5005ms
2019-09-19 10:28:58,772 [Thread-1019] INFO  impl.RoleInfo (RoleInfo.java:shutdownFollowerState(121)) - bd7a2d95-c10b-4afb-bf2e-edb35f4c5c67: shutdown FollowerState
2019-09-19 10:28:58,772 [Thread-1019] INFO  impl.RaftServerImpl (RaftServerImpl.java:setRole(171)) - bd7a2d95-c10b-4afb-bf2e-edb35f4c5c67:group-1FF0080CA675 changes role from FOLLOWER to CANDIDATE at term 0 for changeToCandidate
2019-09-19 10:28:58,772 [Thread-1019] INFO  impl.RoleInfo (RoleInfo.java:updateAndGet(143)) - bd7a2d95-c10b-4afb-bf2e-edb35f4c5c67: start LeaderElection
2019-09-19 10:28:58,785 [4e4d4400-67d5-4c42-accf-0c5056f48c19-SegmentedRaftLogWorker:Storage Directory /workdir/hadoop-ozone/ozonefs/target/test-dir/MiniOzoneClusterImpl-4dc1f89a-70ec-4312-8322-55acd7e6c345/datanode-1/data/ratis/152076cb-8a1e-4b96-a99e-bd7fe6cb91d0] INFO  segmented.SegmentedRaftLogWorker (SegmentedRaftLogWorker.java:execute(569)) - 4e4d4400-67d5-4c42-accf-0c5056f48c19-SegmentedRaftLogWorker:Storage Directory /workdir/hadoop-ozone/ozonefs/target/test-dir/MiniOzoneClusterImpl-4dc1f89a-70ec-4312-8322-55acd7e6c345/datanode-1/data/ratis/152076cb-8a1e-4b96-a99e-bd7fe6cb91d0: created new log segment /workdir/hadoop-ozone/ozonefs/target/test-dir/MiniOzoneClusterImpl-4dc1f89a-70ec-4312-8322-55acd7e6c345/datanode-1/data/ratis/152076cb-8a1e-4b96-a99e-bd7fe6cb91d0/current/log_inprogress_0
2019-09-19 10:28:58,785 [bd7a2d95-c10b-4afb-bf2e-edb35f4c5c67:group-B6F40CE66816:LeaderElection67] INFO  impl.LeaderElection (LeaderElection.java:askForVotes(181)) - bd7a2d95-c10b-4afb-bf2e-edb35f4c5c67:group-B6F40CE66816:LeaderElection67: begin an election at term 1 for -1: [bd7a2d95-c10b-4afb-bf2e-edb35f4c5c67:192.168.157.204:36843], old=null
2019-09-19 10:28:58,785 [4e4d4400-67d5-4c42-accf-0c5056f48c19-SegmentedRaftLogWorker:Storage Directory /workdir/hadoop-ozone/ozonefs/target/test-dir/MiniOzoneClusterImpl-4dc1f89a-70ec-4312-8322-55acd7e6c345/datanode-1/data/ratis/2f531887-2bd2-42ef-858d-7d77c81087ad] INFO  segmented.SegmentedRaftLogWorker (SegmentedRaftLogWorker.java:execute(569)) - 4e4d4400-67d5-4c42-accf-0c5056f48c19-SegmentedRaftLogWorker:Storage Directory /workdir/hadoop-ozone/ozonefs/target/test-dir/MiniOzoneClusterImpl-4dc1f89a-70ec-4312-8322-55acd7e6c345/datanode-1/data/ratis/2f531887-2bd2-42ef-858d-7d77c81087ad: created new log segment /workdir/hadoop-ozone/ozonefs/target/test-dir/MiniOzoneClusterImpl-4dc1f89a-70ec-4312-8322-55acd7e6c345/datanode-1/data/ratis/2f531887-2bd2-42ef-858d-7d77c81087ad/current/log_inprogress_0
2019-09-19 10:28:58,785 [bd7a2d95-c10b-4afb-bf2e-edb35f4c5c67:group-1FF0080CA675:LeaderElection68] INFO  impl.LeaderElection (LeaderElection.java:askForVotes(181)) - bd7a2d95-c10b-4afb-bf2e-edb35f4c5c67:group-1FF0080CA675:LeaderElection68: begin an election at term 1 for -1: [bd7a2d95-c10b-4afb-bf2e-edb35f4c5c67:192.168.157.204:36843], old=null
2019-09-19 10:28:58,785 [bd7a2d95-c10b-4afb-bf2e-edb35f4c5c67:group-B6F40CE66816:LeaderElection67] INFO  impl.RoleInfo (RoleInfo.java:shutdownLeaderElection(134)) - bd7a2d95-c10b-4afb-bf2e-edb35f4c5c67: shutdown LeaderElection
2019-09-19 10:28:58,785 [bd7a2d95-c10b-4afb-bf2e-edb35f4c5c67:group-1FF0080CA675:LeaderElection68] INFO  impl.RoleInfo (RoleInfo.java:shutdownLeaderElection(134)) - bd7a2d95-c10b-4afb-bf2e-edb35f4c5c67: shutdown LeaderElection
2019-09-19 10:28:58,785 [bd7a2d95-c10b-4afb-bf2e-edb35f4c5c67:group-B6F40CE66816:LeaderElection67] INFO  impl.RaftServerImpl (RaftServerImpl.java:setRole(171)) - bd7a2d95-c10b-4afb-bf2e-edb35f4c5c67:group-B6F40CE66816 changes role from CANDIDATE to LEADER at term 1 for changeToLeader
2019-09-19 10:28:58,786 [bd7a2d95-c10b-4afb-bf2e-edb35f4c5c67:group-1FF0080CA675:LeaderElection68] INFO  impl.RaftServerImpl (RaftServerImpl.java:setRole(171)) - bd7a2d95-c10b-4afb-bf2e-edb35f4c5c67:group-1FF0080CA675 changes role from CANDIDATE to LEADER at term 1 for changeToLeader
2019-09-19 10:28:58,786 [bd7a2d95-c10b-4afb-bf2e-edb35f4c5c67:group-B6F40CE66816:LeaderElection67] INFO  impl.RaftServerImpl (ServerState.java:setLeader(263)) - bd7a2d95-c10b-4afb-bf2e-edb35f4c5c67:group-B6F40CE66816 change Leader from null to bd7a2d95-c10b-4afb-bf2e-edb35f4c5c67 at term 1 for becomeLeader, leader elected after 5071ms
2019-09-19 10:28:58,786 [bd7a2d95-c10b-4afb-bf2e-edb35f4c5c67:group-1FF0080CA675:LeaderElection68] INFO  impl.RaftServerImpl (ServerState.java:setLeader(263)) - bd7a2d95-c10b-4afb-bf2e-edb35f4c5c67:group-1FF0080CA675 change Leader from null to bd7a2d95-c10b-4afb-bf2e-edb35f4c5c67 at term 1 for becomeLeader, leader elected after 5030ms
2019-09-19 10:28:58,786 [bd7a2d95-c10b-4afb-bf2e-edb35f4c5c67:group-B6F40CE66816:LeaderElection67] INFO  server.RaftServerConfigKeys (ConfUtils.java:logGet(43)) - raft.server.staging.catchup.gap = 1000 (default)
2019-09-19 10:28:58,786 [bd7a2d95-c10b-4afb-bf2e-edb35f4c5c67:group-1FF0080CA675:LeaderElection68] INFO  server.RaftServerConfigKeys (ConfUtils.java:logGet(43)) - raft.server.staging.catchup.gap = 1000 (default)
2019-09-19 10:28:58,786 [bd7a2d95-c10b-4afb-bf2e-edb35f4c5c67:group-B6F40CE66816:LeaderElection67] INFO  server.RaftServerConfigKeys (ConfUtils.java:logGet(43)) - raft.server.rpc.sleep.time = 25ms (default)
2019-09-19 10:28:58,786 [bd7a2d95-c10b-4afb-bf2e-edb35f4c5c67:group-1FF0080CA675:LeaderElection68] INFO  server.RaftServerConfigKeys (ConfUtils.java:logGet(43)) - raft.server.rpc.sleep.time = 25ms (default)
2019-09-19 10:28:58,786 [bd7a2d95-c10b-4afb-bf2e-edb35f4c5c67:group-B6F40CE66816:LeaderElection67] INFO  server.RaftServerConfigKeys (ConfUtils.java:logGet(43)) - raft.server.write.element-limit = 4096 (default)
2019-09-19 10:28:58,787 [bd7a2d95-c10b-4afb-bf2e-edb35f4c5c67:group-1FF0080CA675:LeaderElection68] INFO  server.RaftServerConfigKeys (ConfUtils.java:logGet(43)) - raft.server.write.element-limit = 4096 (default)
2019-09-19 10:28:58,787 [bd7a2d95-c10b-4afb-bf2e-edb35f4c5c67:group-B6F40CE66816:LeaderElection67] INFO  server.RaftServerConfigKeys (ConfUtils.java:logGet(43)) - raft.server.watch.timeout = 10s (default)
2019-09-19 10:28:58,787 [bd7a2d95-c10b-4afb-bf2e-edb35f4c5c67:group-1FF0080CA675:LeaderElection68] INFO  server.RaftServerConfigKeys (ConfUtils.java:logGet(43)) - raft.server.watch.timeout = 10s (default)
2019-09-19 10:28:58,787 [bd7a2d95-c10b-4afb-bf2e-edb35f4c5c67:group-B6F40CE66816:LeaderElection67] INFO  server.RaftServerConfigKeys (ConfUtils.java:logGet(43)) - raft.server.watch.timeout.denomination = 1s (default)
2019-09-19 10:28:58,787 [bd7a2d95-c10b-4afb-bf2e-edb35f4c5c67:group-1FF0080CA675:LeaderElection68] INFO  server.RaftServerConfigKeys (ConfUtils.java:logGet(43)) - raft.server.watch.timeout.denomination = 1s (default)
2019-09-19 10:28:58,787 [bd7a2d95-c10b-4afb-bf2e-edb35f4c5c67:group-B6F40CE66816:LeaderElection67] INFO  server.RaftServerConfigKeys (ConfUtils.java:logGet(43)) - raft.server.watch.element-limit = 65536 (default)
2019-09-19 10:28:58,787 [bd7a2d95-c10b-4afb-bf2e-edb35f4c5c67:group-1FF0080CA675:LeaderElection68] INFO  server.RaftServerConfigKeys (ConfUtils.java:logGet(43)) - raft.server.watch.element-limit = 65536 (default)
2019-09-19 10:28:58,787 [bd7a2d95-c10b-4afb-bf2e-edb35f4c5c67:group-B6F40CE66816:LeaderElection67] INFO  impl.RoleInfo (RoleInfo.java:updateAndGet(143)) - bd7a2d95-c10b-4afb-bf2e-edb35f4c5c67: start LeaderState
2019-09-19 10:28:58,787 [bd7a2d95-c10b-4afb-bf2e-edb35f4c5c67:group-1FF0080CA675:LeaderElection68] INFO  impl.RoleInfo (RoleInfo.java:updateAndGet(143)) - bd7a2d95-c10b-4afb-bf2e-edb35f4c5c67: start LeaderState
2019-09-19 10:28:58,787 [bd7a2d95-c10b-4afb-bf2e-edb35f4c5c67:group-B6F40CE66816:LeaderElection67] INFO  segmented.SegmentedRaftLogWorker (SegmentedRaftLogWorker.java:startLogSegment(380)) - bd7a2d95-c10b-4afb-bf2e-edb35f4c5c67-SegmentedRaftLogWorker:Storage Directory /workdir/hadoop-ozone/ozonefs/target/test-dir/MiniOzoneClusterImpl-4dc1f89a-70ec-4312-8322-55acd7e6c345/datanode-2/data/ratis/e807d508-ec07-454f-add1-b6f40ce66816: Starting segment from index:0
2019-09-19 10:28:58,788 [bd7a2d95-c10b-4afb-bf2e-edb35f4c5c67:group-1FF0080CA675:LeaderElection68] INFO  segmented.SegmentedRaftLogWorker (SegmentedRaftLogWorker.java:startLogSegment(380)) - bd7a2d95-c10b-4afb-bf2e-edb35f4c5c67-SegmentedRaftLogWorker:Storage Directory /workdir/hadoop-ozone/ozonefs/target/test-dir/MiniOzoneClusterImpl-4dc1f89a-70ec-4312-8322-55acd7e6c345/datanode-2/data/ratis/9efe9419-6d2d-4b8a-95b5-1ff0080ca675: Starting segment from index:0
2019-09-19 10:28:58,788 [bd7a2d95-c10b-4afb-bf2e-edb35f4c5c67:group-B6F40CE66816:LeaderElection67] INFO  impl.RaftServerImpl (ServerState.java:setRaftConf(361)) - bd7a2d95-c10b-4afb-bf2e-edb35f4c5c67:group-B6F40CE66816 set configuration 0: [bd7a2d95-c10b-4afb-bf2e-edb35f4c5c67:192.168.157.204:36843], old=null at 0
2019-09-19 10:28:58,788 [bd7a2d95-c10b-4afb-bf2e-edb35f4c5c67:group-1FF0080CA675:LeaderElection68] INFO  impl.RaftServerImpl (ServerState.java:setRaftConf(361)) - bd7a2d95-c10b-4afb-bf2e-edb35f4c5c67:group-1FF0080CA675 set configuration 0: [bd7a2d95-c10b-4afb-bf2e-edb35f4c5c67:192.168.157.204:36843], old=null at 0
2019-09-19 10:28:58,847 [bd7a2d95-c10b-4afb-bf2e-edb35f4c5c67-SegmentedRaftLogWorker:Storage Directory /workdir/hadoop-ozone/ozonefs/target/test-dir/MiniOzoneClusterImpl-4dc1f89a-70ec-4312-8322-55acd7e6c345/datanode-2/data/ratis/e807d508-ec07-454f-add1-b6f40ce66816] INFO  segmented.SegmentedRaftLogWorker (SegmentedRaftLogWorker.java:execute(569)) - bd7a2d95-c10b-4afb-bf2e-edb35f4c5c67-SegmentedRaftLogWorker:Storage Directory /workdir/hadoop-ozone/ozonefs/target/test-dir/MiniOzoneClusterImpl-4dc1f89a-70ec-4312-8322-55acd7e6c345/datanode-2/data/ratis/e807d508-ec07-454f-add1-b6f40ce66816: created new log segment /workdir/hadoop-ozone/ozonefs/target/test-dir/MiniOzoneClusterImpl-4dc1f89a-70ec-4312-8322-55acd7e6c345/datanode-2/data/ratis/e807d508-ec07-454f-add1-b6f40ce66816/current/log_inprogress_0
2019-09-19 10:28:58,847 [bd7a2d95-c10b-4afb-bf2e-edb35f4c5c67-SegmentedRaftLogWorker:Storage Directory /workdir/hadoop-ozone/ozonefs/target/test-dir/MiniOzoneClusterImpl-4dc1f89a-70ec-4312-8322-55acd7e6c345/datanode-2/data/ratis/9efe9419-6d2d-4b8a-95b5-1ff0080ca675] INFO  segmented.SegmentedRaftLogWorker (SegmentedRaftLogWorker.java:execute(569)) - bd7a2d95-c10b-4afb-bf2e-edb35f4c5c67-SegmentedRaftLogWorker:Storage Directory /workdir/hadoop-ozone/ozonefs/target/test-dir/MiniOzoneClusterImpl-4dc1f89a-70ec-4312-8322-55acd7e6c345/datanode-2/data/ratis/9efe9419-6d2d-4b8a-95b5-1ff0080ca675: created new log segment /workdir/hadoop-ozone/ozonefs/target/test-dir/MiniOzoneClusterImpl-4dc1f89a-70ec-4312-8322-55acd7e6c345/datanode-2/data/ratis/9efe9419-6d2d-4b8a-95b5-1ff0080ca675/current/log_inprogress_0
2019-09-19 10:28:58,876 [Thread-1022] INFO  impl.FollowerState (FollowerState.java:run(106)) - bd7a2d95-c10b-4afb-bf2e-edb35f4c5c67:group-D99F4F7A2D81 changes to CANDIDATE, lastRpcTime:5051, electionTimeout:5051ms
2019-09-19 10:28:58,876 [Thread-1022] INFO  impl.RoleInfo (RoleInfo.java:shutdownFollowerState(121)) - bd7a2d95-c10b-4afb-bf2e-edb35f4c5c67: shutdown FollowerState
2019-09-19 10:28:58,876 [Thread-1022] INFO  impl.RaftServerImpl (RaftServerImpl.java:setRole(171)) - bd7a2d95-c10b-4afb-bf2e-edb35f4c5c67:group-D99F4F7A2D81 changes role from FOLLOWER to CANDIDATE at term 0 for changeToCandidate
2019-09-19 10:28:58,876 [Thread-1022] INFO  impl.RoleInfo (RoleInfo.java:updateAndGet(143)) - bd7a2d95-c10b-4afb-bf2e-edb35f4c5c67: start LeaderElection
2019-09-19 10:28:58,892 [bd7a2d95-c10b-4afb-bf2e-edb35f4c5c67:group-D99F4F7A2D81:LeaderElection69] INFO  impl.LeaderElection (LeaderElection.java:askForVotes(181)) - bd7a2d95-c10b-4afb-bf2e-edb35f4c5c67:group-D99F4F7A2D81:LeaderElection69: begin an election at term 1 for -1: [bd7a2d95-c10b-4afb-bf2e-edb35f4c5c67:192.168.157.204:36843], old=null
2019-09-19 10:28:58,892 [bd7a2d95-c10b-4afb-bf2e-edb35f4c5c67:group-D99F4F7A2D81:LeaderElection69] INFO  impl.RoleInfo (RoleInfo.java:shutdownLeaderElection(134)) - bd7a2d95-c10b-4afb-bf2e-edb35f4c5c67: shutdown LeaderElection
2019-09-19 10:28:58,892 [bd7a2d95-c10b-4afb-bf2e-edb35f4c5c67:group-D99F4F7A2D81:LeaderElection69] INFO  impl.RaftServerImpl (RaftServerImpl.java:setRole(171)) - bd7a2d95-c10b-4afb-bf2e-edb35f4c5c67:group-D99F4F7A2D81 changes role from CANDIDATE to LEADER at term 1 for changeToLeader
2019-09-19 10:28:58,892 [bd7a2d95-c10b-4afb-bf2e-edb35f4c5c67:group-D99F4F7A2D81:LeaderElection69] INFO  impl.RaftServerImpl (ServerState.java:setLeader(263)) - bd7a2d95-c10b-4afb-bf2e-edb35f4c5c67:group-D99F4F7A2D81 change Leader from null to bd7a2d95-c10b-4afb-bf2e-edb35f4c5c67 at term 1 for becomeLeader, leader elected after 5071ms
2019-09-19 10:28:58,892 [bd7a2d95-c10b-4afb-bf2e-edb35f4c5c67:group-D99F4F7A2D81:LeaderElection69] INFO  server.RaftServerConfigKeys (ConfUtils.java:logGet(43)) - raft.server.staging.catchup.gap = 1000 (default)
2019-09-19 10:28:58,893 [bd7a2d95-c10b-4afb-bf2e-edb35f4c5c67:group-D99F4F7A2D81:LeaderElection69] INFO  server.RaftServerConfigKeys (ConfUtils.java:logGet(43)) - raft.server.rpc.sleep.time = 25ms (default)
2019-09-19 10:28:58,893 [bd7a2d95-c10b-4afb-bf2e-edb35f4c5c67:group-D99F4F7A2D81:LeaderElection69] INFO  server.RaftServerConfigKeys (ConfUtils.java:logGet(43)) - raft.server.write.element-limit = 4096 (default)
2019-09-19 10:28:58,893 [bd7a2d95-c10b-4afb-bf2e-edb35f4c5c67:group-D99F4F7A2D81:LeaderElection69] INFO  server.RaftServerConfigKeys (ConfUtils.java:logGet(43)) - raft.server.watch.timeout = 10s (default)
2019-09-19 10:28:58,893 [bd7a2d95-c10b-4afb-bf2e-edb35f4c5c67:group-D99F4F7A2D81:LeaderElection69] INFO  server.RaftServerConfigKeys (ConfUtils.java:logGet(43)) - raft.server.watch.timeout.denomination = 1s (default)
2019-09-19 10:28:58,893 [bd7a2d95-c10b-4afb-bf2e-edb35f4c5c67:group-D99F4F7A2D81:LeaderElection69] INFO  server.RaftServerConfigKeys (ConfUtils.java:logGet(43)) - raft.server.watch.element-limit = 65536 (default)
2019-09-19 10:28:58,893 [bd7a2d95-c10b-4afb-bf2e-edb35f4c5c67:group-D99F4F7A2D81:LeaderElection69] INFO  impl.RoleInfo (RoleInfo.java:updateAndGet(143)) - bd7a2d95-c10b-4afb-bf2e-edb35f4c5c67: start LeaderState
2019-09-19 10:28:58,894 [bd7a2d95-c10b-4afb-bf2e-edb35f4c5c67:group-D99F4F7A2D81:LeaderElection69] INFO  segmented.SegmentedRaftLogWorker (SegmentedRaftLogWorker.java:startLogSegment(380)) - bd7a2d95-c10b-4afb-bf2e-edb35f4c5c67-SegmentedRaftLogWorker:Storage Directory /workdir/hadoop-ozone/ozonefs/target/test-dir/MiniOzoneClusterImpl-4dc1f89a-70ec-4312-8322-55acd7e6c345/datanode-2/data/ratis/7ed7a756-a721-41bd-90d8-d99f4f7a2d81: Starting segment from index:0
2019-09-19 10:28:58,894 [bd7a2d95-c10b-4afb-bf2e-edb35f4c5c67:group-D99F4F7A2D81:LeaderElection69] INFO  impl.RaftServerImpl (ServerState.java:setRaftConf(361)) - bd7a2d95-c10b-4afb-bf2e-edb35f4c5c67:group-D99F4F7A2D81 set configuration 0: [bd7a2d95-c10b-4afb-bf2e-edb35f4c5c67:192.168.157.204:36843], old=null at 0
2019-09-19 10:28:58,898 [Thread-1025] INFO  impl.FollowerState (FollowerState.java:run(106)) - bd7a2d95-c10b-4afb-bf2e-edb35f4c5c67:group-362AF125E5DD changes to CANDIDATE, lastRpcTime:5014, electionTimeout:5014ms
2019-09-19 10:28:58,898 [Thread-1025] INFO  impl.RoleInfo (RoleInfo.java:shutdownFollowerState(121)) - bd7a2d95-c10b-4afb-bf2e-edb35f4c5c67: shutdown FollowerState
2019-09-19 10:28:58,898 [Thread-1025] INFO  impl.RaftServerImpl (RaftServerImpl.java:setRole(171)) - bd7a2d95-c10b-4afb-bf2e-edb35f4c5c67:group-362AF125E5DD changes role from FOLLOWER to CANDIDATE at term 0 for changeToCandidate
2019-09-19 10:28:58,898 [Thread-1025] INFO  impl.RoleInfo (RoleInfo.java:updateAndGet(143)) - bd7a2d95-c10b-4afb-bf2e-edb35f4c5c67: start LeaderElection
2019-09-19 10:28:58,949 [bd7a2d95-c10b-4afb-bf2e-edb35f4c5c67-SegmentedRaftLogWorker:Storage Directory /workdir/hadoop-ozone/ozonefs/target/test-dir/MiniOzoneClusterImpl-4dc1f89a-70ec-4312-8322-55acd7e6c345/datanode-2/data/ratis/7ed7a756-a721-41bd-90d8-d99f4f7a2d81] INFO  segmented.SegmentedRaftLogWorker (SegmentedRaftLogWorker.java:execute(569)) - bd7a2d95-c10b-4afb-bf2e-edb35f4c5c67-SegmentedRaftLogWorker:Storage Directory /workdir/hadoop-ozone/ozonefs/target/test-dir/MiniOzoneClusterImpl-4dc1f89a-70ec-4312-8322-55acd7e6c345/datanode-2/data/ratis/7ed7a756-a721-41bd-90d8-d99f4f7a2d81: created new log segment /workdir/hadoop-ozone/ozonefs/target/test-dir/MiniOzoneClusterImpl-4dc1f89a-70ec-4312-8322-55acd7e6c345/datanode-2/data/ratis/7ed7a756-a721-41bd-90d8-d99f4f7a2d81/current/log_inprogress_0
2019-09-19 10:28:58,949 [bd7a2d95-c10b-4afb-bf2e-edb35f4c5c67:group-362AF125E5DD:LeaderElection70] INFO  impl.LeaderElection (LeaderElection.java:askForVotes(181)) - bd7a2d95-c10b-4afb-bf2e-edb35f4c5c67:group-362AF125E5DD:LeaderElection70: begin an election at term 1 for -1: [bd7a2d95-c10b-4afb-bf2e-edb35f4c5c67:192.168.157.204:36843], old=null
2019-09-19 10:28:58,949 [bd7a2d95-c10b-4afb-bf2e-edb35f4c5c67:group-362AF125E5DD:LeaderElection70] INFO  impl.RoleInfo (RoleInfo.java:shutdownLeaderElection(134)) - bd7a2d95-c10b-4afb-bf2e-edb35f4c5c67: shutdown LeaderElection
2019-09-19 10:28:58,949 [bd7a2d95-c10b-4afb-bf2e-edb35f4c5c67:group-362AF125E5DD:LeaderElection70] INFO  impl.RaftServerImpl (RaftServerImpl.java:setRole(171)) - bd7a2d95-c10b-4afb-bf2e-edb35f4c5c67:group-362AF125E5DD changes role from CANDIDATE to LEADER at term 1 for changeToLeader
2019-09-19 10:28:58,949 [bd7a2d95-c10b-4afb-bf2e-edb35f4c5c67:group-362AF125E5DD:LeaderElection70] INFO  impl.RaftServerImpl (ServerState.java:setLeader(263)) - bd7a2d95-c10b-4afb-bf2e-edb35f4c5c67:group-362AF125E5DD change Leader from null to bd7a2d95-c10b-4afb-bf2e-edb35f4c5c67 at term 1 for becomeLeader, leader elected after 5069ms
2019-09-19 10:28:58,950 [bd7a2d95-c10b-4afb-bf2e-edb35f4c5c67:group-362AF125E5DD:LeaderElection70] INFO  server.RaftServerConfigKeys (ConfUtils.java:logGet(43)) - raft.server.staging.catchup.gap = 1000 (default)
2019-09-19 10:28:58,950 [bd7a2d95-c10b-4afb-bf2e-edb35f4c5c67:group-362AF125E5DD:LeaderElection70] INFO  server.RaftServerConfigKeys (ConfUtils.java:logGet(43)) - raft.server.rpc.sleep.time = 25ms (default)
2019-09-19 10:28:58,950 [bd7a2d95-c10b-4afb-bf2e-edb35f4c5c67:group-362AF125E5DD:LeaderElection70] INFO  server.RaftServerConfigKeys (ConfUtils.java:logGet(43)) - raft.server.write.element-limit = 4096 (default)
2019-09-19 10:28:58,950 [bd7a2d95-c10b-4afb-bf2e-edb35f4c5c67:group-362AF125E5DD:LeaderElection70] INFO  server.RaftServerConfigKeys (ConfUtils.java:logGet(43)) - raft.server.watch.timeout = 10s (default)
2019-09-19 10:28:58,950 [bd7a2d95-c10b-4afb-bf2e-edb35f4c5c67:group-362AF125E5DD:LeaderElection70] INFO  server.RaftServerConfigKeys (ConfUtils.java:logGet(43)) - raft.server.watch.timeout.denomination = 1s (default)
2019-09-19 10:28:58,950 [bd7a2d95-c10b-4afb-bf2e-edb35f4c5c67:group-362AF125E5DD:LeaderElection70] INFO  server.RaftServerConfigKeys (ConfUtils.java:logGet(43)) - raft.server.watch.element-limit = 65536 (default)
2019-09-19 10:28:58,950 [bd7a2d95-c10b-4afb-bf2e-edb35f4c5c67:group-362AF125E5DD:LeaderElection70] INFO  impl.RoleInfo (RoleInfo.java:updateAndGet(143)) - bd7a2d95-c10b-4afb-bf2e-edb35f4c5c67: start LeaderState
2019-09-19 10:28:58,951 [bd7a2d95-c10b-4afb-bf2e-edb35f4c5c67:group-362AF125E5DD:LeaderElection70] INFO  segmented.SegmentedRaftLogWorker (SegmentedRaftLogWorker.java:startLogSegment(380)) - bd7a2d95-c10b-4afb-bf2e-edb35f4c5c67-SegmentedRaftLogWorker:Storage Directory /workdir/hadoop-ozone/ozonefs/target/test-dir/MiniOzoneClusterImpl-4dc1f89a-70ec-4312-8322-55acd7e6c345/datanode-2/data/ratis/28d91158-260e-4a19-babd-362af125e5dd: Starting segment from index:0
2019-09-19 10:28:58,951 [bd7a2d95-c10b-4afb-bf2e-edb35f4c5c67:group-362AF125E5DD:LeaderElection70] INFO  impl.RaftServerImpl (ServerState.java:setRaftConf(361)) - bd7a2d95-c10b-4afb-bf2e-edb35f4c5c67:group-362AF125E5DD set configuration 0: [bd7a2d95-c10b-4afb-bf2e-edb35f4c5c67:192.168.157.204:36843], old=null at 0
2019-09-19 10:28:58,978 [Thread-1031] INFO  impl.FollowerState (FollowerState.java:run(106)) - bd7a2d95-c10b-4afb-bf2e-edb35f4c5c67:group-AC81C74404BC changes to CANDIDATE, lastRpcTime:5012, electionTimeout:5012ms
2019-09-19 10:28:58,978 [Thread-1031] INFO  impl.RoleInfo (RoleInfo.java:shutdownFollowerState(121)) - bd7a2d95-c10b-4afb-bf2e-edb35f4c5c67: shutdown FollowerState
2019-09-19 10:28:58,979 [Thread-1031] INFO  impl.RaftServerImpl (RaftServerImpl.java:setRole(171)) - bd7a2d95-c10b-4afb-bf2e-edb35f4c5c67:group-AC81C74404BC changes role from FOLLOWER to CANDIDATE at term 0 for changeToCandidate
2019-09-19 10:28:58,979 [Thread-1031] INFO  impl.RoleInfo (RoleInfo.java:updateAndGet(143)) - bd7a2d95-c10b-4afb-bf2e-edb35f4c5c67: start LeaderElection
2019-09-19 10:28:59,001 [bd7a2d95-c10b-4afb-bf2e-edb35f4c5c67-SegmentedRaftLogWorker:Storage Directory /workdir/hadoop-ozone/ozonefs/target/test-dir/MiniOzoneClusterImpl-4dc1f89a-70ec-4312-8322-55acd7e6c345/datanode-2/data/ratis/28d91158-260e-4a19-babd-362af125e5dd] INFO  segmented.SegmentedRaftLogWorker (SegmentedRaftLogWorker.java:execute(569)) - bd7a2d95-c10b-4afb-bf2e-edb35f4c5c67-SegmentedRaftLogWorker:Storage Directory /workdir/hadoop-ozone/ozonefs/target/test-dir/MiniOzoneClusterImpl-4dc1f89a-70ec-4312-8322-55acd7e6c345/datanode-2/data/ratis/28d91158-260e-4a19-babd-362af125e5dd: created new log segment /workdir/hadoop-ozone/ozonefs/target/test-dir/MiniOzoneClusterImpl-4dc1f89a-70ec-4312-8322-55acd7e6c345/datanode-2/data/ratis/28d91158-260e-4a19-babd-362af125e5dd/current/log_inprogress_0
2019-09-19 10:28:59,001 [bd7a2d95-c10b-4afb-bf2e-edb35f4c5c67:group-AC81C74404BC:LeaderElection71] INFO  impl.LeaderElection (LeaderElection.java:askForVotes(181)) - bd7a2d95-c10b-4afb-bf2e-edb35f4c5c67:group-AC81C74404BC:LeaderElection71: begin an election at term 1 for -1: [bd7a2d95-c10b-4afb-bf2e-edb35f4c5c67:192.168.157.204:36843], old=null
2019-09-19 10:28:59,001 [bd7a2d95-c10b-4afb-bf2e-edb35f4c5c67:group-AC81C74404BC:LeaderElection71] INFO  impl.RoleInfo (RoleInfo.java:shutdownLeaderElection(134)) - bd7a2d95-c10b-4afb-bf2e-edb35f4c5c67: shutdown LeaderElection
2019-09-19 10:28:59,001 [bd7a2d95-c10b-4afb-bf2e-edb35f4c5c67:group-AC81C74404BC:LeaderElection71] INFO  impl.RaftServerImpl (RaftServerImpl.java:setRole(171)) - bd7a2d95-c10b-4afb-bf2e-edb35f4c5c67:group-AC81C74404BC changes role from CANDIDATE to LEADER at term 1 for changeToLeader
2019-09-19 10:28:59,001 [bd7a2d95-c10b-4afb-bf2e-edb35f4c5c67:group-AC81C74404BC:LeaderElection71] INFO  impl.RaftServerImpl (ServerState.java:setLeader(263)) - bd7a2d95-c10b-4afb-bf2e-edb35f4c5c67:group-AC81C74404BC change Leader from null to bd7a2d95-c10b-4afb-bf2e-edb35f4c5c67 at term 1 for becomeLeader, leader elected after 5039ms
2019-09-19 10:28:59,002 [bd7a2d95-c10b-4afb-bf2e-edb35f4c5c67:group-AC81C74404BC:LeaderElection71] INFO  server.RaftServerConfigKeys (ConfUtils.java:logGet(43)) - raft.server.staging.catchup.gap = 1000 (default)
2019-09-19 10:28:59,002 [bd7a2d95-c10b-4afb-bf2e-edb35f4c5c67:group-AC81C74404BC:LeaderElection71] INFO  server.RaftServerConfigKeys (ConfUtils.java:logGet(43)) - raft.server.rpc.sleep.time = 25ms (default)
2019-09-19 10:28:59,002 [bd7a2d95-c10b-4afb-bf2e-edb35f4c5c67:group-AC81C74404BC:LeaderElection71] INFO  server.RaftServerConfigKeys (ConfUtils.java:logGet(43)) - raft.server.write.element-limit = 4096 (default)
2019-09-19 10:28:59,002 [bd7a2d95-c10b-4afb-bf2e-edb35f4c5c67:group-AC81C74404BC:LeaderElection71] INFO  server.RaftServerConfigKeys (ConfUtils.java:logGet(43)) - raft.server.watch.timeout = 10s (default)
2019-09-19 10:28:59,002 [bd7a2d95-c10b-4afb-bf2e-edb35f4c5c67:group-AC81C74404BC:LeaderElection71] INFO  server.RaftServerConfigKeys (ConfUtils.java:logGet(43)) - raft.server.watch.timeout.denomination = 1s (default)
2019-09-19 10:28:59,002 [bd7a2d95-c10b-4afb-bf2e-edb35f4c5c67:group-AC81C74404BC:LeaderElection71] INFO  server.RaftServerConfigKeys (ConfUtils.java:logGet(43)) - raft.server.watch.element-limit = 65536 (default)
2019-09-19 10:28:59,003 [bd7a2d95-c10b-4afb-bf2e-edb35f4c5c67:group-AC81C74404BC:LeaderElection71] INFO  impl.RoleInfo (RoleInfo.java:updateAndGet(143)) - bd7a2d95-c10b-4afb-bf2e-edb35f4c5c67: start LeaderState
2019-09-19 10:28:59,003 [bd7a2d95-c10b-4afb-bf2e-edb35f4c5c67:group-AC81C74404BC:LeaderElection71] INFO  segmented.SegmentedRaftLogWorker (SegmentedRaftLogWorker.java:startLogSegment(380)) - bd7a2d95-c10b-4afb-bf2e-edb35f4c5c67-SegmentedRaftLogWorker:Storage Directory /workdir/hadoop-ozone/ozonefs/target/test-dir/MiniOzoneClusterImpl-4dc1f89a-70ec-4312-8322-55acd7e6c345/datanode-2/data/ratis/48f0c4d8-344a-4fff-ae22-ac81c74404bc: Starting segment from index:0
2019-09-19 10:28:59,003 [bd7a2d95-c10b-4afb-bf2e-edb35f4c5c67:group-AC81C74404BC:LeaderElection71] INFO  impl.RaftServerImpl (ServerState.java:setRaftConf(361)) - bd7a2d95-c10b-4afb-bf2e-edb35f4c5c67:group-AC81C74404BC set configuration 0: [bd7a2d95-c10b-4afb-bf2e-edb35f4c5c67:192.168.157.204:36843], old=null at 0
2019-09-19 10:28:59,041 [Thread-1028] INFO  impl.FollowerState (FollowerState.java:run(106)) - bd7a2d95-c10b-4afb-bf2e-edb35f4c5c67:group-A4070632B8D1 changes to CANDIDATE, lastRpcTime:5115, electionTimeout:5115ms
2019-09-19 10:28:59,041 [Thread-1028] INFO  impl.RoleInfo (RoleInfo.java:shutdownFollowerState(121)) - bd7a2d95-c10b-4afb-bf2e-edb35f4c5c67: shutdown FollowerState
2019-09-19 10:28:59,041 [Thread-1028] INFO  impl.RaftServerImpl (RaftServerImpl.java:setRole(171)) - bd7a2d95-c10b-4afb-bf2e-edb35f4c5c67:group-A4070632B8D1 changes role from FOLLOWER to CANDIDATE at term 0 for changeToCandidate
2019-09-19 10:28:59,041 [Thread-1028] INFO  impl.RoleInfo (RoleInfo.java:updateAndGet(143)) - bd7a2d95-c10b-4afb-bf2e-edb35f4c5c67: start LeaderElection
2019-09-19 10:28:59,053 [bd7a2d95-c10b-4afb-bf2e-edb35f4c5c67-SegmentedRaftLogWorker:Storage Directory /workdir/hadoop-ozone/ozonefs/target/test-dir/MiniOzoneClusterImpl-4dc1f89a-70ec-4312-8322-55acd7e6c345/datanode-2/data/ratis/48f0c4d8-344a-4fff-ae22-ac81c74404bc] INFO  segmented.SegmentedRaftLogWorker (SegmentedRaftLogWorker.java:execute(569)) - bd7a2d95-c10b-4afb-bf2e-edb35f4c5c67-SegmentedRaftLogWorker:Storage Directory /workdir/hadoop-ozone/ozonefs/target/test-dir/MiniOzoneClusterImpl-4dc1f89a-70ec-4312-8322-55acd7e6c345/datanode-2/data/ratis/48f0c4d8-344a-4fff-ae22-ac81c74404bc: created new log segment /workdir/hadoop-ozone/ozonefs/target/test-dir/MiniOzoneClusterImpl-4dc1f89a-70ec-4312-8322-55acd7e6c345/datanode-2/data/ratis/48f0c4d8-344a-4fff-ae22-ac81c74404bc/current/log_inprogress_0
2019-09-19 10:28:59,053 [bd7a2d95-c10b-4afb-bf2e-edb35f4c5c67:group-A4070632B8D1:LeaderElection72] INFO  impl.LeaderElection (LeaderElection.java:askForVotes(181)) - bd7a2d95-c10b-4afb-bf2e-edb35f4c5c67:group-A4070632B8D1:LeaderElection72: begin an election at term 1 for -1: [bd7a2d95-c10b-4afb-bf2e-edb35f4c5c67:192.168.157.204:36843], old=null
2019-09-19 10:28:59,053 [bd7a2d95-c10b-4afb-bf2e-edb35f4c5c67:group-A4070632B8D1:LeaderElection72] INFO  impl.RoleInfo (RoleInfo.java:shutdownLeaderElection(134)) - bd7a2d95-c10b-4afb-bf2e-edb35f4c5c67: shutdown LeaderElection
2019-09-19 10:28:59,053 [bd7a2d95-c10b-4afb-bf2e-edb35f4c5c67:group-A4070632B8D1:LeaderElection72] INFO  impl.RaftServerImpl (RaftServerImpl.java:setRole(171)) - bd7a2d95-c10b-4afb-bf2e-edb35f4c5c67:group-A4070632B8D1 changes role from CANDIDATE to LEADER at term 1 for changeToLeader
2019-09-19 10:28:59,053 [bd7a2d95-c10b-4afb-bf2e-edb35f4c5c67:group-A4070632B8D1:LeaderElection72] INFO  impl.RaftServerImpl (ServerState.java:setLeader(263)) - bd7a2d95-c10b-4afb-bf2e-edb35f4c5c67:group-A4070632B8D1 change Leader from null to bd7a2d95-c10b-4afb-bf2e-edb35f4c5c67 at term 1 for becomeLeader, leader elected after 5131ms
2019-09-19 10:28:59,054 [bd7a2d95-c10b-4afb-bf2e-edb35f4c5c67:group-A4070632B8D1:LeaderElection72] INFO  server.RaftServerConfigKeys (ConfUtils.java:logGet(43)) - raft.server.staging.catchup.gap = 1000 (default)
2019-09-19 10:28:59,054 [bd7a2d95-c10b-4afb-bf2e-edb35f4c5c67:group-A4070632B8D1:LeaderElection72] INFO  server.RaftServerConfigKeys (ConfUtils.java:logGet(43)) - raft.server.rpc.sleep.time = 25ms (default)
2019-09-19 10:28:59,054 [bd7a2d95-c10b-4afb-bf2e-edb35f4c5c67:group-A4070632B8D1:LeaderElection72] INFO  server.RaftServerConfigKeys (ConfUtils.java:logGet(43)) - raft.server.write.element-limit = 4096 (default)
2019-09-19 10:28:59,054 [bd7a2d95-c10b-4afb-bf2e-edb35f4c5c67:group-A4070632B8D1:LeaderElection72] INFO  server.RaftServerConfigKeys (ConfUtils.java:logGet(43)) - raft.server.watch.timeout = 10s (default)
2019-09-19 10:28:59,054 [bd7a2d95-c10b-4afb-bf2e-edb35f4c5c67:group-A4070632B8D1:LeaderElection72] INFO  server.RaftServerConfigKeys (ConfUtils.java:logGet(43)) - raft.server.watch.timeout.denomination = 1s (default)
2019-09-19 10:28:59,054 [bd7a2d95-c10b-4afb-bf2e-edb35f4c5c67:group-A4070632B8D1:LeaderElection72] INFO  server.RaftServerConfigKeys (ConfUtils.java:logGet(43)) - raft.server.watch.element-limit = 65536 (default)
2019-09-19 10:28:59,055 [bd7a2d95-c10b-4afb-bf2e-edb35f4c5c67:group-A4070632B8D1:LeaderElection72] INFO  impl.RoleInfo (RoleInfo.java:updateAndGet(143)) - bd7a2d95-c10b-4afb-bf2e-edb35f4c5c67: start LeaderState
2019-09-19 10:28:59,055 [bd7a2d95-c10b-4afb-bf2e-edb35f4c5c67:group-A4070632B8D1:LeaderElection72] INFO  segmented.SegmentedRaftLogWorker (SegmentedRaftLogWorker.java:startLogSegment(380)) - bd7a2d95-c10b-4afb-bf2e-edb35f4c5c67-SegmentedRaftLogWorker:Storage Directory /workdir/hadoop-ozone/ozonefs/target/test-dir/MiniOzoneClusterImpl-4dc1f89a-70ec-4312-8322-55acd7e6c345/datanode-2/data/ratis/2108f02a-156b-4c31-a0d3-a4070632b8d1: Starting segment from index:0
2019-09-19 10:28:59,055 [bd7a2d95-c10b-4afb-bf2e-edb35f4c5c67:group-A4070632B8D1:LeaderElection72] INFO  impl.RaftServerImpl (ServerState.java:setRaftConf(361)) - bd7a2d95-c10b-4afb-bf2e-edb35f4c5c67:group-A4070632B8D1 set configuration 0: [bd7a2d95-c10b-4afb-bf2e-edb35f4c5c67:192.168.157.204:36843], old=null at 0
2019-09-19 10:28:59,099 [bd7a2d95-c10b-4afb-bf2e-edb35f4c5c67-SegmentedRaftLogWorker:Storage Directory /workdir/hadoop-ozone/ozonefs/target/test-dir/MiniOzoneClusterImpl-4dc1f89a-70ec-4312-8322-55acd7e6c345/datanode-2/data/ratis/2108f02a-156b-4c31-a0d3-a4070632b8d1] INFO  segmented.SegmentedRaftLogWorker (SegmentedRaftLogWorker.java:execute(569)) - bd7a2d95-c10b-4afb-bf2e-edb35f4c5c67-SegmentedRaftLogWorker:Storage Directory /workdir/hadoop-ozone/ozonefs/target/test-dir/MiniOzoneClusterImpl-4dc1f89a-70ec-4312-8322-55acd7e6c345/datanode-2/data/ratis/2108f02a-156b-4c31-a0d3-a4070632b8d1: created new log segment /workdir/hadoop-ozone/ozonefs/target/test-dir/MiniOzoneClusterImpl-4dc1f89a-70ec-4312-8322-55acd7e6c345/datanode-2/data/ratis/2108f02a-156b-4c31-a0d3-a4070632b8d1/current/log_inprogress_0
2019-09-19 10:28:59,674 | INFO  | SCMAudit | user=jenkins1000 | ip=192.168.157.204 | op=SEND_HEARTBEAT {datanodeUUID=bd7a2d95-c10b-4afb-bf2e-edb35f4c5c67, command=[]} | ret=SUCCESS |  
2019-09-19 10:28:59,976 [Thread-806] INFO  ozoneimpl.OzoneContainer (OzoneContainer.java:stop(199)) - Attempting to stop container services.
2019-09-19 10:28:59,976 [ForkJoinPool.commonPool-worker-1] INFO  ozoneimpl.OzoneContainer (OzoneContainer.java:stop(199)) - Attempting to stop container services.
2019-09-19 10:28:59,976 [Thread-806] INFO  impl.RaftServerProxy (RaftServerProxy.java:lambda$close$4(314)) - 4e4d4400-67d5-4c42-accf-0c5056f48c19: close
2019-09-19 10:28:59,976 [ForkJoinPool.commonPool-worker-1] INFO  impl.RaftServerProxy (RaftServerProxy.java:lambda$close$4(314)) - 1ac47008-d118-41b5-aeaa-37dce42fedf0: close
2019-09-19 10:28:59,977 [Thread-806] INFO  impl.RaftServerImpl (RaftServerImpl.java:lambda$shutdown$3(245)) - 4e4d4400-67d5-4c42-accf-0c5056f48c19: shutdown group-996CD007BAB8
2019-09-19 10:28:59,977 [ForkJoinPool.commonPool-worker-1] INFO  impl.RaftServerImpl (RaftServerImpl.java:lambda$shutdown$3(245)) - 1ac47008-d118-41b5-aeaa-37dce42fedf0: shutdown group-200252B81DB8
2019-09-19 10:28:59,977 [Thread-806] INFO  util.JmxRegister (JmxRegister.java:unregister(73)) - Successfully un-registered JMX Bean with object name Ratis:service=RaftServer,group=group-996CD007BAB8,id=4e4d4400-67d5-4c42-accf-0c5056f48c19
2019-09-19 10:28:59,977 [ForkJoinPool.commonPool-worker-1] INFO  util.JmxRegister (JmxRegister.java:unregister(73)) - Successfully un-registered JMX Bean with object name Ratis:service=RaftServer,group=group-200252B81DB8,id=1ac47008-d118-41b5-aeaa-37dce42fedf0
2019-09-19 10:28:59,977 [Thread-806] INFO  impl.RoleInfo (RoleInfo.java:shutdownLeaderState(104)) - 4e4d4400-67d5-4c42-accf-0c5056f48c19: shutdown LeaderState
2019-09-19 10:28:59,978 [ForkJoinPool.commonPool-worker-1] INFO  impl.RoleInfo (RoleInfo.java:shutdownLeaderState(104)) - 1ac47008-d118-41b5-aeaa-37dce42fedf0: shutdown LeaderState
2019-09-19 10:28:59,978 [Thread-806] INFO  impl.PendingRequests (PendingRequests.java:sendNotLeaderResponses(202)) - 4e4d4400-67d5-4c42-accf-0c5056f48c19-PendingRequests: sendNotLeaderResponses
2019-09-19 10:28:59,978 [ForkJoinPool.commonPool-worker-1] INFO  impl.PendingRequests (PendingRequests.java:sendNotLeaderResponses(202)) - 1ac47008-d118-41b5-aeaa-37dce42fedf0-PendingRequests: sendNotLeaderResponses
2019-09-19 10:28:59,978 [Thread-806] INFO  impl.StateMachineUpdater (StateMachineUpdater.java:stopAndJoin(115)) - StateMachineUpdater:4e4d4400-67d5-4c42-accf-0c5056f48c19:group-996CD007BAB8: set stopIndex = 0
2019-09-19 10:28:59,979 [ForkJoinPool.commonPool-worker-1] INFO  impl.StateMachineUpdater (StateMachineUpdater.java:stopAndJoin(115)) - StateMachineUpdater:1ac47008-d118-41b5-aeaa-37dce42fedf0:group-200252B81DB8: set stopIndex = 0
2019-09-19 10:28:59,979 [Thread-806] INFO  impl.RaftServerImpl (ServerState.java:close(394)) - 4e4d4400-67d5-4c42-accf-0c5056f48c19:group-996CD007BAB8 closes. The last applied log index is 0
2019-09-19 10:28:59,979 [ForkJoinPool.commonPool-worker-1] INFO  impl.RaftServerImpl (ServerState.java:close(394)) - 1ac47008-d118-41b5-aeaa-37dce42fedf0:group-200252B81DB8 closes. The last applied log index is 0
2019-09-19 10:28:59,979 [4e4d4400-67d5-4c42-accf-0c5056f48c19-SegmentedRaftLogWorker:Storage Directory /workdir/hadoop-ozone/ozonefs/target/test-dir/MiniOzoneClusterImpl-4dc1f89a-70ec-4312-8322-55acd7e6c345/datanode-1/data/ratis/07da75ee-acb5-4ef8-a89c-996cd007bab8] INFO  segmented.SegmentedRaftLogWorker (SegmentedRaftLogWorker.java:run(313)) - 4e4d4400-67d5-4c42-accf-0c5056f48c19-SegmentedRaftLogWorker:Storage Directory /workdir/hadoop-ozone/ozonefs/target/test-dir/MiniOzoneClusterImpl-4dc1f89a-70ec-4312-8322-55acd7e6c345/datanode-1/data/ratis/07da75ee-acb5-4ef8-a89c-996cd007bab8 was interrupted, exiting. There are 0 tasks remaining in the queue.
2019-09-19 10:28:59,979 [1ac47008-d118-41b5-aeaa-37dce42fedf0-SegmentedRaftLogWorker:Storage Directory /workdir/hadoop-ozone/ozonefs/target/test-dir/MiniOzoneClusterImpl-4dc1f89a-70ec-4312-8322-55acd7e6c345/datanode-0/data/ratis/4a5ec0cd-0da5-4cab-9578-200252b81db8] INFO  segmented.SegmentedRaftLogWorker (SegmentedRaftLogWorker.java:run(313)) - 1ac47008-d118-41b5-aeaa-37dce42fedf0-SegmentedRaftLogWorker:Storage Directory /workdir/hadoop-ozone/ozonefs/target/test-dir/MiniOzoneClusterImpl-4dc1f89a-70ec-4312-8322-55acd7e6c345/datanode-0/data/ratis/4a5ec0cd-0da5-4cab-9578-200252b81db8 was interrupted, exiting. There are 0 tasks remaining in the queue.
2019-09-19 10:28:59,979 [Thread-806] INFO  segmented.SegmentedRaftLogWorker (SegmentedRaftLogWorker.java:close(228)) - 4e4d4400-67d5-4c42-accf-0c5056f48c19-SegmentedRaftLogWorker:Storage Directory /workdir/hadoop-ozone/ozonefs/target/test-dir/MiniOzoneClusterImpl-4dc1f89a-70ec-4312-8322-55acd7e6c345/datanode-1/data/ratis/07da75ee-acb5-4ef8-a89c-996cd007bab8 close()
2019-09-19 10:28:59,980 [ForkJoinPool.commonPool-worker-1] INFO  segmented.SegmentedRaftLogWorker (SegmentedRaftLogWorker.java:close(228)) - 1ac47008-d118-41b5-aeaa-37dce42fedf0-SegmentedRaftLogWorker:Storage Directory /workdir/hadoop-ozone/ozonefs/target/test-dir/MiniOzoneClusterImpl-4dc1f89a-70ec-4312-8322-55acd7e6c345/datanode-0/data/ratis/4a5ec0cd-0da5-4cab-9578-200252b81db8 close()
2019-09-19 10:28:59,981 [Thread-806] INFO  impl.RaftServerImpl (RaftServerImpl.java:lambda$shutdown$3(245)) - 4e4d4400-67d5-4c42-accf-0c5056f48c19: shutdown group-1914F3727033
2019-09-19 10:28:59,982 [ForkJoinPool.commonPool-worker-1] INFO  impl.RaftServerImpl (RaftServerImpl.java:lambda$shutdown$3(245)) - 1ac47008-d118-41b5-aeaa-37dce42fedf0: shutdown group-E3CB9917AA6D
2019-09-19 10:28:59,982 [Thread-806] INFO  util.JmxRegister (JmxRegister.java:unregister(73)) - Successfully un-registered JMX Bean with object name Ratis:service=RaftServer,group=group-1914F3727033,id=4e4d4400-67d5-4c42-accf-0c5056f48c19
2019-09-19 10:28:59,982 [ForkJoinPool.commonPool-worker-1] INFO  util.JmxRegister (JmxRegister.java:unregister(73)) - Successfully un-registered JMX Bean with object name Ratis:service=RaftServer,group=group-E3CB9917AA6D,id=1ac47008-d118-41b5-aeaa-37dce42fedf0
2019-09-19 10:28:59,982 [Thread-806] INFO  impl.RoleInfo (RoleInfo.java:shutdownLeaderState(104)) - 4e4d4400-67d5-4c42-accf-0c5056f48c19: shutdown LeaderState
2019-09-19 10:28:59,982 [ForkJoinPool.commonPool-worker-1] INFO  impl.RoleInfo (RoleInfo.java:shutdownLeaderState(104)) - 1ac47008-d118-41b5-aeaa-37dce42fedf0: shutdown LeaderState
2019-09-19 10:28:59,982 [Thread-806] INFO  impl.PendingRequests (PendingRequests.java:sendNotLeaderResponses(202)) - 4e4d4400-67d5-4c42-accf-0c5056f48c19-PendingRequests: sendNotLeaderResponses
2019-09-19 10:28:59,983 [ForkJoinPool.commonPool-worker-1] INFO  impl.PendingRequests (PendingRequests.java:sendNotLeaderResponses(202)) - 1ac47008-d118-41b5-aeaa-37dce42fedf0-PendingRequests: sendNotLeaderResponses
2019-09-19 10:28:59,983 [Thread-806] INFO  impl.StateMachineUpdater (StateMachineUpdater.java:stopAndJoin(115)) - StateMachineUpdater:4e4d4400-67d5-4c42-accf-0c5056f48c19:group-1914F3727033: set stopIndex = 0
2019-09-19 10:28:59,983 [ForkJoinPool.commonPool-worker-1] INFO  impl.StateMachineUpdater (StateMachineUpdater.java:stopAndJoin(115)) - StateMachineUpdater:1ac47008-d118-41b5-aeaa-37dce42fedf0:group-E3CB9917AA6D: set stopIndex = 0
2019-09-19 10:28:59,983 [Thread-806] INFO  impl.RaftServerImpl (ServerState.java:close(394)) - 4e4d4400-67d5-4c42-accf-0c5056f48c19:group-1914F3727033 closes. The last applied log index is 0
2019-09-19 10:28:59,984 [ForkJoinPool.commonPool-worker-1] INFO  impl.RaftServerImpl (ServerState.java:close(394)) - 1ac47008-d118-41b5-aeaa-37dce42fedf0:group-E3CB9917AA6D closes. The last applied log index is 0
2019-09-19 10:28:59,984 [4e4d4400-67d5-4c42-accf-0c5056f48c19-SegmentedRaftLogWorker:Storage Directory /workdir/hadoop-ozone/ozonefs/target/test-dir/MiniOzoneClusterImpl-4dc1f89a-70ec-4312-8322-55acd7e6c345/datanode-1/data/ratis/5a559fa5-db55-4a70-b233-1914f3727033] INFO  segmented.SegmentedRaftLogWorker (SegmentedRaftLogWorker.java:run(313)) - 4e4d4400-67d5-4c42-accf-0c5056f48c19-SegmentedRaftLogWorker:Storage Directory /workdir/hadoop-ozone/ozonefs/target/test-dir/MiniOzoneClusterImpl-4dc1f89a-70ec-4312-8322-55acd7e6c345/datanode-1/data/ratis/5a559fa5-db55-4a70-b233-1914f3727033 was interrupted, exiting. There are 0 tasks remaining in the queue.
2019-09-19 10:28:59,984 [1ac47008-d118-41b5-aeaa-37dce42fedf0-SegmentedRaftLogWorker:Storage Directory /workdir/hadoop-ozone/ozonefs/target/test-dir/MiniOzoneClusterImpl-4dc1f89a-70ec-4312-8322-55acd7e6c345/datanode-0/data/ratis/a93807c3-8d6b-41f9-9b0f-e3cb9917aa6d] INFO  segmented.SegmentedRaftLogWorker (SegmentedRaftLogWorker.java:run(313)) - 1ac47008-d118-41b5-aeaa-37dce42fedf0-SegmentedRaftLogWorker:Storage Directory /workdir/hadoop-ozone/ozonefs/target/test-dir/MiniOzoneClusterImpl-4dc1f89a-70ec-4312-8322-55acd7e6c345/datanode-0/data/ratis/a93807c3-8d6b-41f9-9b0f-e3cb9917aa6d was interrupted, exiting. There are 0 tasks remaining in the queue.
2019-09-19 10:28:59,984 [Thread-806] INFO  segmented.SegmentedRaftLogWorker (SegmentedRaftLogWorker.java:close(228)) - 4e4d4400-67d5-4c42-accf-0c5056f48c19-SegmentedRaftLogWorker:Storage Directory /workdir/hadoop-ozone/ozonefs/target/test-dir/MiniOzoneClusterImpl-4dc1f89a-70ec-4312-8322-55acd7e6c345/datanode-1/data/ratis/5a559fa5-db55-4a70-b233-1914f3727033 close()
2019-09-19 10:28:59,984 [ForkJoinPool.commonPool-worker-1] INFO  segmented.SegmentedRaftLogWorker (SegmentedRaftLogWorker.java:close(228)) - 1ac47008-d118-41b5-aeaa-37dce42fedf0-SegmentedRaftLogWorker:Storage Directory /workdir/hadoop-ozone/ozonefs/target/test-dir/MiniOzoneClusterImpl-4dc1f89a-70ec-4312-8322-55acd7e6c345/datanode-0/data/ratis/a93807c3-8d6b-41f9-9b0f-e3cb9917aa6d close()
2019-09-19 10:28:59,985 [Thread-806] INFO  impl.RaftServerImpl (RaftServerImpl.java:lambda$shutdown$3(245)) - 4e4d4400-67d5-4c42-accf-0c5056f48c19: shutdown group-4E8D34BB4EED
2019-09-19 10:28:59,986 [ForkJoinPool.commonPool-worker-1] INFO  impl.RaftServerImpl (RaftServerImpl.java:lambda$shutdown$3(245)) - 1ac47008-d118-41b5-aeaa-37dce42fedf0: shutdown group-8BB4BD1D3DF6
2019-09-19 10:28:59,986 [Thread-806] INFO  util.JmxRegister (JmxRegister.java:unregister(73)) - Successfully un-registered JMX Bean with object name Ratis:service=RaftServer,group=group-4E8D34BB4EED,id=4e4d4400-67d5-4c42-accf-0c5056f48c19
2019-09-19 10:28:59,987 [ForkJoinPool.commonPool-worker-1] INFO  util.JmxRegister (JmxRegister.java:unregister(73)) - Successfully un-registered JMX Bean with object name Ratis:service=RaftServer,group=group-8BB4BD1D3DF6,id=1ac47008-d118-41b5-aeaa-37dce42fedf0
2019-09-19 10:28:59,987 [Thread-806] INFO  impl.RoleInfo (RoleInfo.java:shutdownLeaderState(104)) - 4e4d4400-67d5-4c42-accf-0c5056f48c19: shutdown LeaderState
2019-09-19 10:28:59,987 [ForkJoinPool.commonPool-worker-1] INFO  impl.RoleInfo (RoleInfo.java:shutdownLeaderState(104)) - 1ac47008-d118-41b5-aeaa-37dce42fedf0: shutdown LeaderState
2019-09-19 10:28:59,987 [Thread-806] INFO  impl.PendingRequests (PendingRequests.java:sendNotLeaderResponses(202)) - 4e4d4400-67d5-4c42-accf-0c5056f48c19-PendingRequests: sendNotLeaderResponses
2019-09-19 10:28:59,988 [ForkJoinPool.commonPool-worker-1] INFO  impl.PendingRequests (PendingRequests.java:sendNotLeaderResponses(202)) - 1ac47008-d118-41b5-aeaa-37dce42fedf0-PendingRequests: sendNotLeaderResponses
2019-09-19 10:28:59,988 [Thread-806] INFO  impl.StateMachineUpdater (StateMachineUpdater.java:stopAndJoin(115)) - StateMachineUpdater:4e4d4400-67d5-4c42-accf-0c5056f48c19:group-4E8D34BB4EED: set stopIndex = 0
2019-09-19 10:28:59,988 [ForkJoinPool.commonPool-worker-1] INFO  impl.StateMachineUpdater (StateMachineUpdater.java:stopAndJoin(115)) - StateMachineUpdater:1ac47008-d118-41b5-aeaa-37dce42fedf0:group-8BB4BD1D3DF6: set stopIndex = 0
2019-09-19 10:28:59,989 [ForkJoinPool.commonPool-worker-1] INFO  impl.RaftServerImpl (ServerState.java:close(394)) - 1ac47008-d118-41b5-aeaa-37dce42fedf0:group-8BB4BD1D3DF6 closes. The last applied log index is 0
2019-09-19 10:28:59,988 [Thread-806] INFO  impl.RaftServerImpl (ServerState.java:close(394)) - 4e4d4400-67d5-4c42-accf-0c5056f48c19:group-4E8D34BB4EED closes. The last applied log index is 0
2019-09-19 10:28:59,989 [1ac47008-d118-41b5-aeaa-37dce42fedf0-SegmentedRaftLogWorker:Storage Directory /workdir/hadoop-ozone/ozonefs/target/test-dir/MiniOzoneClusterImpl-4dc1f89a-70ec-4312-8322-55acd7e6c345/datanode-0/data/ratis/0139f1b2-c0a1-462e-898c-8bb4bd1d3df6] INFO  segmented.SegmentedRaftLogWorker (SegmentedRaftLogWorker.java:run(313)) - 1ac47008-d118-41b5-aeaa-37dce42fedf0-SegmentedRaftLogWorker:Storage Directory /workdir/hadoop-ozone/ozonefs/target/test-dir/MiniOzoneClusterImpl-4dc1f89a-70ec-4312-8322-55acd7e6c345/datanode-0/data/ratis/0139f1b2-c0a1-462e-898c-8bb4bd1d3df6 was interrupted, exiting. There are 0 tasks remaining in the queue.
2019-09-19 10:28:59,989 [4e4d4400-67d5-4c42-accf-0c5056f48c19-SegmentedRaftLogWorker:Storage Directory /workdir/hadoop-ozone/ozonefs/target/test-dir/MiniOzoneClusterImpl-4dc1f89a-70ec-4312-8322-55acd7e6c345/datanode-1/data/ratis/1a35708b-1781-43f1-8bdd-4e8d34bb4eed] INFO  segmented.SegmentedRaftLogWorker (SegmentedRaftLogWorker.java:run(313)) - 4e4d4400-67d5-4c42-accf-0c5056f48c19-SegmentedRaftLogWorker:Storage Directory /workdir/hadoop-ozone/ozonefs/target/test-dir/MiniOzoneClusterImpl-4dc1f89a-70ec-4312-8322-55acd7e6c345/datanode-1/data/ratis/1a35708b-1781-43f1-8bdd-4e8d34bb4eed was interrupted, exiting. There are 0 tasks remaining in the queue.
2019-09-19 10:28:59,989 [ForkJoinPool.commonPool-worker-1] INFO  segmented.SegmentedRaftLogWorker (SegmentedRaftLogWorker.java:close(228)) - 1ac47008-d118-41b5-aeaa-37dce42fedf0-SegmentedRaftLogWorker:Storage Directory /workdir/hadoop-ozone/ozonefs/target/test-dir/MiniOzoneClusterImpl-4dc1f89a-70ec-4312-8322-55acd7e6c345/datanode-0/data/ratis/0139f1b2-c0a1-462e-898c-8bb4bd1d3df6 close()
2019-09-19 10:28:59,989 [Thread-806] INFO  segmented.SegmentedRaftLogWorker (SegmentedRaftLogWorker.java:close(228)) - 4e4d4400-67d5-4c42-accf-0c5056f48c19-SegmentedRaftLogWorker:Storage Directory /workdir/hadoop-ozone/ozonefs/target/test-dir/MiniOzoneClusterImpl-4dc1f89a-70ec-4312-8322-55acd7e6c345/datanode-1/data/ratis/1a35708b-1781-43f1-8bdd-4e8d34bb4eed close()
2019-09-19 10:28:59,991 [ForkJoinPool.commonPool-worker-1] INFO  impl.RaftServerImpl (RaftServerImpl.java:lambda$shutdown$3(245)) - 1ac47008-d118-41b5-aeaa-37dce42fedf0: shutdown group-2388FF1113AE
2019-09-19 10:28:59,992 [Thread-806] INFO  impl.RaftServerImpl (RaftServerImpl.java:lambda$shutdown$3(245)) - 4e4d4400-67d5-4c42-accf-0c5056f48c19: shutdown group-BD7FE6CB91D0
2019-09-19 10:28:59,992 [ForkJoinPool.commonPool-worker-1] INFO  util.JmxRegister (JmxRegister.java:unregister(73)) - Successfully un-registered JMX Bean with object name Ratis:service=RaftServer,group=group-2388FF1113AE,id=1ac47008-d118-41b5-aeaa-37dce42fedf0
2019-09-19 10:28:59,992 [Thread-806] INFO  util.JmxRegister (JmxRegister.java:unregister(73)) - Successfully un-registered JMX Bean with object name Ratis:service=RaftServer,group=group-BD7FE6CB91D0,id=4e4d4400-67d5-4c42-accf-0c5056f48c19
2019-09-19 10:28:59,992 [ForkJoinPool.commonPool-worker-1] INFO  impl.RoleInfo (RoleInfo.java:shutdownLeaderState(104)) - 1ac47008-d118-41b5-aeaa-37dce42fedf0: shutdown LeaderState
2019-09-19 10:28:59,992 [Thread-806] INFO  impl.RoleInfo (RoleInfo.java:shutdownLeaderState(104)) - 4e4d4400-67d5-4c42-accf-0c5056f48c19: shutdown LeaderState
2019-09-19 10:28:59,993 [ForkJoinPool.commonPool-worker-1] INFO  impl.PendingRequests (PendingRequests.java:sendNotLeaderResponses(202)) - 1ac47008-d118-41b5-aeaa-37dce42fedf0-PendingRequests: sendNotLeaderResponses
2019-09-19 10:28:59,993 [Thread-806] INFO  impl.PendingRequests (PendingRequests.java:sendNotLeaderResponses(202)) - 4e4d4400-67d5-4c42-accf-0c5056f48c19-PendingRequests: sendNotLeaderResponses
2019-09-19 10:28:59,993 [ForkJoinPool.commonPool-worker-1] INFO  impl.StateMachineUpdater (StateMachineUpdater.java:stopAndJoin(115)) - StateMachineUpdater:1ac47008-d118-41b5-aeaa-37dce42fedf0:group-2388FF1113AE: set stopIndex = 0
2019-09-19 10:28:59,993 [Thread-806] INFO  impl.StateMachineUpdater (StateMachineUpdater.java:stopAndJoin(115)) - StateMachineUpdater:4e4d4400-67d5-4c42-accf-0c5056f48c19:group-BD7FE6CB91D0: set stopIndex = 0
2019-09-19 10:28:59,993 [ForkJoinPool.commonPool-worker-1] INFO  impl.RaftServerImpl (ServerState.java:close(394)) - 1ac47008-d118-41b5-aeaa-37dce42fedf0:group-2388FF1113AE closes. The last applied log index is 0
2019-09-19 10:28:59,994 [Thread-806] INFO  impl.RaftServerImpl (ServerState.java:close(394)) - 4e4d4400-67d5-4c42-accf-0c5056f48c19:group-BD7FE6CB91D0 closes. The last applied log index is 0
2019-09-19 10:28:59,994 [1ac47008-d118-41b5-aeaa-37dce42fedf0-SegmentedRaftLogWorker:Storage Directory /workdir/hadoop-ozone/ozonefs/target/test-dir/MiniOzoneClusterImpl-4dc1f89a-70ec-4312-8322-55acd7e6c345/datanode-0/data/ratis/a401c260-7d85-45dd-93f5-2388ff1113ae] INFO  segmented.SegmentedRaftLogWorker (SegmentedRaftLogWorker.java:run(313)) - 1ac47008-d118-41b5-aeaa-37dce42fedf0-SegmentedRaftLogWorker:Storage Directory /workdir/hadoop-ozone/ozonefs/target/test-dir/MiniOzoneClusterImpl-4dc1f89a-70ec-4312-8322-55acd7e6c345/datanode-0/data/ratis/a401c260-7d85-45dd-93f5-2388ff1113ae was interrupted, exiting. There are 0 tasks remaining in the queue.
2019-09-19 10:28:59,994 [4e4d4400-67d5-4c42-accf-0c5056f48c19-SegmentedRaftLogWorker:Storage Directory /workdir/hadoop-ozone/ozonefs/target/test-dir/MiniOzoneClusterImpl-4dc1f89a-70ec-4312-8322-55acd7e6c345/datanode-1/data/ratis/152076cb-8a1e-4b96-a99e-bd7fe6cb91d0] INFO  segmented.SegmentedRaftLogWorker (SegmentedRaftLogWorker.java:run(313)) - 4e4d4400-67d5-4c42-accf-0c5056f48c19-SegmentedRaftLogWorker:Storage Directory /workdir/hadoop-ozone/ozonefs/target/test-dir/MiniOzoneClusterImpl-4dc1f89a-70ec-4312-8322-55acd7e6c345/datanode-1/data/ratis/152076cb-8a1e-4b96-a99e-bd7fe6cb91d0 was interrupted, exiting. There are 0 tasks remaining in the queue.
2019-09-19 10:28:59,994 [ForkJoinPool.commonPool-worker-1] INFO  segmented.SegmentedRaftLogWorker (SegmentedRaftLogWorker.java:close(228)) - 1ac47008-d118-41b5-aeaa-37dce42fedf0-SegmentedRaftLogWorker:Storage Directory /workdir/hadoop-ozone/ozonefs/target/test-dir/MiniOzoneClusterImpl-4dc1f89a-70ec-4312-8322-55acd7e6c345/datanode-0/data/ratis/a401c260-7d85-45dd-93f5-2388ff1113ae close()
2019-09-19 10:28:59,994 [Thread-806] INFO  segmented.SegmentedRaftLogWorker (SegmentedRaftLogWorker.java:close(228)) - 4e4d4400-67d5-4c42-accf-0c5056f48c19-SegmentedRaftLogWorker:Storage Directory /workdir/hadoop-ozone/ozonefs/target/test-dir/MiniOzoneClusterImpl-4dc1f89a-70ec-4312-8322-55acd7e6c345/datanode-1/data/ratis/152076cb-8a1e-4b96-a99e-bd7fe6cb91d0 close()
2019-09-19 10:28:59,995 [ForkJoinPool.commonPool-worker-1] INFO  impl.RaftServerImpl (RaftServerImpl.java:lambda$shutdown$3(245)) - 1ac47008-d118-41b5-aeaa-37dce42fedf0: shutdown group-C53379AC1D45
2019-09-19 10:28:59,996 [Thread-806] INFO  impl.RaftServerImpl (RaftServerImpl.java:lambda$shutdown$3(245)) - 4e4d4400-67d5-4c42-accf-0c5056f48c19: shutdown group-7D77C81087AD
2019-09-19 10:28:59,996 [ForkJoinPool.commonPool-worker-1] INFO  util.JmxRegister (JmxRegister.java:unregister(73)) - Successfully un-registered JMX Bean with object name Ratis:service=RaftServer,group=group-C53379AC1D45,id=1ac47008-d118-41b5-aeaa-37dce42fedf0
2019-09-19 10:28:59,996 [Thread-806] INFO  util.JmxRegister (JmxRegister.java:unregister(73)) - Successfully un-registered JMX Bean with object name Ratis:service=RaftServer,group=group-7D77C81087AD,id=4e4d4400-67d5-4c42-accf-0c5056f48c19
2019-09-19 10:28:59,997 [ForkJoinPool.commonPool-worker-1] INFO  impl.RoleInfo (RoleInfo.java:shutdownLeaderState(104)) - 1ac47008-d118-41b5-aeaa-37dce42fedf0: shutdown LeaderState
2019-09-19 10:28:59,997 [Thread-806] INFO  impl.RoleInfo (RoleInfo.java:shutdownLeaderState(104)) - 4e4d4400-67d5-4c42-accf-0c5056f48c19: shutdown LeaderState
2019-09-19 10:28:59,997 [ForkJoinPool.commonPool-worker-1] INFO  impl.PendingRequests (PendingRequests.java:sendNotLeaderResponses(202)) - 1ac47008-d118-41b5-aeaa-37dce42fedf0-PendingRequests: sendNotLeaderResponses
2019-09-19 10:28:59,997 [Thread-806] INFO  impl.PendingRequests (PendingRequests.java:sendNotLeaderResponses(202)) - 4e4d4400-67d5-4c42-accf-0c5056f48c19-PendingRequests: sendNotLeaderResponses
2019-09-19 10:28:59,997 [ForkJoinPool.commonPool-worker-1] INFO  impl.StateMachineUpdater (StateMachineUpdater.java:stopAndJoin(115)) - StateMachineUpdater:1ac47008-d118-41b5-aeaa-37dce42fedf0:group-C53379AC1D45: set stopIndex = 0
2019-09-19 10:28:59,998 [Thread-806] INFO  impl.StateMachineUpdater (StateMachineUpdater.java:stopAndJoin(115)) - StateMachineUpdater:4e4d4400-67d5-4c42-accf-0c5056f48c19:group-7D77C81087AD: set stopIndex = 0
2019-09-19 10:28:59,998 [ForkJoinPool.commonPool-worker-1] INFO  impl.RaftServerImpl (ServerState.java:close(394)) - 1ac47008-d118-41b5-aeaa-37dce42fedf0:group-C53379AC1D45 closes. The last applied log index is 0
2019-09-19 10:28:59,998 [Thread-806] INFO  impl.RaftServerImpl (ServerState.java:close(394)) - 4e4d4400-67d5-4c42-accf-0c5056f48c19:group-7D77C81087AD closes. The last applied log index is 0
2019-09-19 10:28:59,998 [1ac47008-d118-41b5-aeaa-37dce42fedf0-SegmentedRaftLogWorker:Storage Directory /workdir/hadoop-ozone/ozonefs/target/test-dir/MiniOzoneClusterImpl-4dc1f89a-70ec-4312-8322-55acd7e6c345/datanode-0/data/ratis/194276a8-fa04-4dd1-a169-c53379ac1d45] INFO  segmented.SegmentedRaftLogWorker (SegmentedRaftLogWorker.java:run(313)) - 1ac47008-d118-41b5-aeaa-37dce42fedf0-SegmentedRaftLogWorker:Storage Directory /workdir/hadoop-ozone/ozonefs/target/test-dir/MiniOzoneClusterImpl-4dc1f89a-70ec-4312-8322-55acd7e6c345/datanode-0/data/ratis/194276a8-fa04-4dd1-a169-c53379ac1d45 was interrupted, exiting. There are 0 tasks remaining in the queue.
2019-09-19 10:28:59,998 [4e4d4400-67d5-4c42-accf-0c5056f48c19-SegmentedRaftLogWorker:Storage Directory /workdir/hadoop-ozone/ozonefs/target/test-dir/MiniOzoneClusterImpl-4dc1f89a-70ec-4312-8322-55acd7e6c345/datanode-1/data/ratis/2f531887-2bd2-42ef-858d-7d77c81087ad] INFO  segmented.SegmentedRaftLogWorker (SegmentedRaftLogWorker.java:run(313)) - 4e4d4400-67d5-4c42-accf-0c5056f48c19-SegmentedRaftLogWorker:Storage Directory /workdir/hadoop-ozone/ozonefs/target/test-dir/MiniOzoneClusterImpl-4dc1f89a-70ec-4312-8322-55acd7e6c345/datanode-1/data/ratis/2f531887-2bd2-42ef-858d-7d77c81087ad was interrupted, exiting. There are 0 tasks remaining in the queue.
2019-09-19 10:28:59,999 [ForkJoinPool.commonPool-worker-1] INFO  segmented.SegmentedRaftLogWorker (SegmentedRaftLogWorker.java:close(228)) - 1ac47008-d118-41b5-aeaa-37dce42fedf0-SegmentedRaftLogWorker:Storage Directory /workdir/hadoop-ozone/ozonefs/target/test-dir/MiniOzoneClusterImpl-4dc1f89a-70ec-4312-8322-55acd7e6c345/datanode-0/data/ratis/194276a8-fa04-4dd1-a169-c53379ac1d45 close()
2019-09-19 10:28:59,999 [Thread-806] INFO  segmented.SegmentedRaftLogWorker (SegmentedRaftLogWorker.java:close(228)) - 4e4d4400-67d5-4c42-accf-0c5056f48c19-SegmentedRaftLogWorker:Storage Directory /workdir/hadoop-ozone/ozonefs/target/test-dir/MiniOzoneClusterImpl-4dc1f89a-70ec-4312-8322-55acd7e6c345/datanode-1/data/ratis/2f531887-2bd2-42ef-858d-7d77c81087ad close()
2019-09-19 10:29:00,000 [ForkJoinPool.commonPool-worker-1] INFO  impl.RaftServerImpl (RaftServerImpl.java:lambda$shutdown$3(245)) - 1ac47008-d118-41b5-aeaa-37dce42fedf0: shutdown group-535EEE15B8F2
2019-09-19 10:29:00,000 [Thread-806] INFO  impl.RaftServerImpl (RaftServerImpl.java:lambda$shutdown$3(245)) - 4e4d4400-67d5-4c42-accf-0c5056f48c19: shutdown group-4A4A9CE19584
2019-09-19 10:29:00,001 [ForkJoinPool.commonPool-worker-1] INFO  util.JmxRegister (JmxRegister.java:unregister(73)) - Successfully un-registered JMX Bean with object name Ratis:service=RaftServer,group=group-535EEE15B8F2,id=1ac47008-d118-41b5-aeaa-37dce42fedf0
2019-09-19 10:29:00,001 [Thread-806] INFO  util.JmxRegister (JmxRegister.java:unregister(73)) - Successfully un-registered JMX Bean with object name Ratis:service=RaftServer,group=group-4A4A9CE19584,id=4e4d4400-67d5-4c42-accf-0c5056f48c19
2019-09-19 10:29:00,001 [ForkJoinPool.commonPool-worker-1] INFO  impl.RoleInfo (RoleInfo.java:shutdownLeaderState(104)) - 1ac47008-d118-41b5-aeaa-37dce42fedf0: shutdown LeaderState
2019-09-19 10:29:00,001 [Thread-806] INFO  impl.RoleInfo (RoleInfo.java:shutdownLeaderState(104)) - 4e4d4400-67d5-4c42-accf-0c5056f48c19: shutdown LeaderState
2019-09-19 10:29:00,001 [ForkJoinPool.commonPool-worker-1] INFO  impl.PendingRequests (PendingRequests.java:sendNotLeaderResponses(202)) - 1ac47008-d118-41b5-aeaa-37dce42fedf0-PendingRequests: sendNotLeaderResponses
2019-09-19 10:29:00,002 [Thread-806] INFO  impl.PendingRequests (PendingRequests.java:sendNotLeaderResponses(202)) - 4e4d4400-67d5-4c42-accf-0c5056f48c19-PendingRequests: sendNotLeaderResponses
2019-09-19 10:29:00,002 [ForkJoinPool.commonPool-worker-1] INFO  impl.StateMachineUpdater (StateMachineUpdater.java:stopAndJoin(115)) - StateMachineUpdater:1ac47008-d118-41b5-aeaa-37dce42fedf0:group-535EEE15B8F2: set stopIndex = 0
2019-09-19 10:29:00,002 [Thread-806] INFO  impl.StateMachineUpdater (StateMachineUpdater.java:stopAndJoin(115)) - StateMachineUpdater:4e4d4400-67d5-4c42-accf-0c5056f48c19:group-4A4A9CE19584: set stopIndex = 0
2019-09-19 10:29:00,002 [ForkJoinPool.commonPool-worker-1] INFO  impl.RaftServerImpl (ServerState.java:close(394)) - 1ac47008-d118-41b5-aeaa-37dce42fedf0:group-535EEE15B8F2 closes. The last applied log index is 0
2019-09-19 10:29:00,002 [Thread-806] INFO  impl.RaftServerImpl (ServerState.java:close(394)) - 4e4d4400-67d5-4c42-accf-0c5056f48c19:group-4A4A9CE19584 closes. The last applied log index is 0
2019-09-19 10:29:00,003 [1ac47008-d118-41b5-aeaa-37dce42fedf0-SegmentedRaftLogWorker:Storage Directory /workdir/hadoop-ozone/ozonefs/target/test-dir/MiniOzoneClusterImpl-4dc1f89a-70ec-4312-8322-55acd7e6c345/datanode-0/data/ratis/610aee58-0037-4db4-9415-535eee15b8f2] INFO  segmented.SegmentedRaftLogWorker (SegmentedRaftLogWorker.java:run(313)) - 1ac47008-d118-41b5-aeaa-37dce42fedf0-SegmentedRaftLogWorker:Storage Directory /workdir/hadoop-ozone/ozonefs/target/test-dir/MiniOzoneClusterImpl-4dc1f89a-70ec-4312-8322-55acd7e6c345/datanode-0/data/ratis/610aee58-0037-4db4-9415-535eee15b8f2 was interrupted, exiting. There are 0 tasks remaining in the queue.
2019-09-19 10:29:00,003 [4e4d4400-67d5-4c42-accf-0c5056f48c19-SegmentedRaftLogWorker:Storage Directory /workdir/hadoop-ozone/ozonefs/target/test-dir/MiniOzoneClusterImpl-4dc1f89a-70ec-4312-8322-55acd7e6c345/datanode-1/data/ratis/cf2caf8d-0369-43c0-8658-4a4a9ce19584] INFO  segmented.SegmentedRaftLogWorker (SegmentedRaftLogWorker.java:run(313)) - 4e4d4400-67d5-4c42-accf-0c5056f48c19-SegmentedRaftLogWorker:Storage Directory /workdir/hadoop-ozone/ozonefs/target/test-dir/MiniOzoneClusterImpl-4dc1f89a-70ec-4312-8322-55acd7e6c345/datanode-1/data/ratis/cf2caf8d-0369-43c0-8658-4a4a9ce19584 was interrupted, exiting. There are 0 tasks remaining in the queue.
2019-09-19 10:29:00,003 [ForkJoinPool.commonPool-worker-1] INFO  segmented.SegmentedRaftLogWorker (SegmentedRaftLogWorker.java:close(228)) - 1ac47008-d118-41b5-aeaa-37dce42fedf0-SegmentedRaftLogWorker:Storage Directory /workdir/hadoop-ozone/ozonefs/target/test-dir/MiniOzoneClusterImpl-4dc1f89a-70ec-4312-8322-55acd7e6c345/datanode-0/data/ratis/610aee58-0037-4db4-9415-535eee15b8f2 close()
2019-09-19 10:29:00,003 [Thread-806] INFO  segmented.SegmentedRaftLogWorker (SegmentedRaftLogWorker.java:close(228)) - 4e4d4400-67d5-4c42-accf-0c5056f48c19-SegmentedRaftLogWorker:Storage Directory /workdir/hadoop-ozone/ozonefs/target/test-dir/MiniOzoneClusterImpl-4dc1f89a-70ec-4312-8322-55acd7e6c345/datanode-1/data/ratis/cf2caf8d-0369-43c0-8658-4a4a9ce19584 close()
2019-09-19 10:29:00,004 [ForkJoinPool.commonPool-worker-1] INFO  server.GrpcService (GrpcService.java:closeImpl(155)) - 1ac47008-d118-41b5-aeaa-37dce42fedf0: shutdown server with port 34156 now
2019-09-19 10:29:00,005 [Thread-806] INFO  server.GrpcService (GrpcService.java:closeImpl(155)) - 4e4d4400-67d5-4c42-accf-0c5056f48c19: shutdown server with port 44591 now
2019-09-19 10:29:00,006 [ForkJoinPool.commonPool-worker-1] INFO  server.GrpcService (GrpcService.java:closeImpl(163)) - 1ac47008-d118-41b5-aeaa-37dce42fedf0: shutdown server with port 34156 successfully
2019-09-19 10:29:00,007 [Thread-806] INFO  server.GrpcService (GrpcService.java:closeImpl(163)) - 4e4d4400-67d5-4c42-accf-0c5056f48c19: shutdown server with port 44591 successfully
2019-09-19 10:29:00,008 [Thread-806] INFO  utils.BackgroundService (BackgroundService.java:shutdown(148)) - Shutting down service BlockDeletingService
2019-09-19 10:29:00,009 [refreshUsed-/workdir/hadoop-ozone/ozonefs/target/test-dir/MiniOzoneClusterImpl-4dc1f89a-70ec-4312-8322-55acd7e6c345/datanode-1/data/containers] WARN  fs.CachingGetSpaceUsed (CachingGetSpaceUsed.java:run(183)) - Thread Interrupted waiting to refresh disk information: sleep interrupted
2019-09-19 10:29:00,012 [ForkJoinPool.commonPool-worker-1] INFO  utils.BackgroundService (BackgroundService.java:shutdown(148)) - Shutting down service BlockDeletingService
2019-09-19 10:29:00,013 [refreshUsed-/workdir/hadoop-ozone/ozonefs/target/test-dir/MiniOzoneClusterImpl-4dc1f89a-70ec-4312-8322-55acd7e6c345/datanode-0/data/containers] WARN  fs.CachingGetSpaceUsed (CachingGetSpaceUsed.java:run(183)) - Thread Interrupted waiting to refresh disk information: sleep interrupted
2019-09-19 10:29:00,030 [Thread-806] INFO  statemachine.DatanodeStateMachine (DatanodeStateMachine.java:stopDaemon(395)) - Ozone container server stopped.
2019-09-19 10:29:00,031 [Thread-806] INFO  handler.ContextHandler (ContextHandler.java:doStop(910)) - Stopped o.e.j.w.WebAppContext@11cfd9db{/,null,UNAVAILABLE}{/hddsDatanode}
2019-09-19 10:29:00,031 [Thread-806] INFO  server.AbstractConnector (AbstractConnector.java:doStop(318)) - Stopped ServerConnector@55f8dd32{HTTP/1.1,[http/1.1]}{0.0.0.0:0}
2019-09-19 10:29:00,032 [Thread-806] INFO  handler.ContextHandler (ContextHandler.java:doStop(910)) - Stopped o.e.j.s.ServletContextHandler@2d00678a{/static,jar:file:/home/user/.m2/repository/org/apache/hadoop/hadoop-hdds-container-service/0.5.0-SNAPSHOT/hadoop-hdds-container-service-0.5.0-SNAPSHOT.jar!/webapps/static,UNAVAILABLE}
2019-09-19 10:29:00,032 [Thread-806] INFO  handler.ContextHandler (ContextHandler.java:doStop(910)) - Stopped o.e.j.s.ServletContextHandler@2e25dfb{/logs,file:///workdir/hadoop-ozone/ozonefs/target/log,UNAVAILABLE}
2019-09-19 10:29:00,032 [Thread-806] INFO  datanode.ObjectStoreHandler (ObjectStoreHandler.java:close(155)) - Closing ObjectStoreHandler.
2019-09-19 10:29:00,033 [Thread-806] INFO  ozone.HddsDatanodeService (HddsDatanodeService.java:stop(451)) - Stopped plug-in org.apache.hadoop.ozone.web.OzoneHddsDatanodeService@2c0b666c
2019-09-19 10:29:00,036 [ForkJoinPool.commonPool-worker-1] INFO  statemachine.DatanodeStateMachine (DatanodeStateMachine.java:stopDaemon(395)) - Ozone container server stopped.
2019-09-19 10:29:00,039 [ForkJoinPool.commonPool-worker-1] INFO  handler.ContextHandler (ContextHandler.java:doStop(910)) - Stopped o.e.j.w.WebAppContext@51ca32ff{/,null,UNAVAILABLE}{/hddsDatanode}
2019-09-19 10:29:00,039 [ForkJoinPool.commonPool-worker-1] INFO  server.AbstractConnector (AbstractConnector.java:doStop(318)) - Stopped ServerConnector@4de99629{HTTP/1.1,[http/1.1]}{0.0.0.0:0}
2019-09-19 10:29:00,040 [ForkJoinPool.commonPool-worker-1] INFO  handler.ContextHandler (ContextHandler.java:doStop(910)) - Stopped o.e.j.s.ServletContextHandler@79f4feca{/static,jar:file:/home/user/.m2/repository/org/apache/hadoop/hadoop-hdds-container-service/0.5.0-SNAPSHOT/hadoop-hdds-container-service-0.5.0-SNAPSHOT.jar!/webapps/static,UNAVAILABLE}
2019-09-19 10:29:00,041 [ForkJoinPool.commonPool-worker-1] INFO  handler.ContextHandler (ContextHandler.java:doStop(910)) - Stopped o.e.j.s.ServletContextHandler@29cabed4{/logs,file:///workdir/hadoop-ozone/ozonefs/target/log,UNAVAILABLE}
2019-09-19 10:29:00,674 [Datanode State Machine Thread - 0] INFO  statemachine.DatanodeStateMachine (DatanodeStateMachine.java:lambda$startDaemon$0(350)) - Ozone container server started.
2019-09-19 10:29:05,033 [Thread-806] INFO  ozoneimpl.OzoneContainer (OzoneContainer.java:stop(199)) - Attempting to stop container services.
2019-09-19 10:29:05,034 [Thread-806] INFO  impl.RaftServerProxy (RaftServerProxy.java:lambda$close$4(314)) - bd7a2d95-c10b-4afb-bf2e-edb35f4c5c67: close
2019-09-19 10:29:05,034 [Thread-806] INFO  impl.RaftServerImpl (RaftServerImpl.java:lambda$shutdown$3(245)) - bd7a2d95-c10b-4afb-bf2e-edb35f4c5c67: shutdown group-AC81C74404BC
2019-09-19 10:29:05,035 [ForkJoinPool.commonPool-worker-0] INFO  impl.RaftServerImpl (RaftServerImpl.java:lambda$shutdown$3(245)) - bd7a2d95-c10b-4afb-bf2e-edb35f4c5c67: shutdown group-362AF125E5DD
2019-09-19 10:29:05,035 [Thread-806] INFO  util.JmxRegister (JmxRegister.java:unregister(73)) - Successfully un-registered JMX Bean with object name Ratis:service=RaftServer,group=group-AC81C74404BC,id=bd7a2d95-c10b-4afb-bf2e-edb35f4c5c67
2019-09-19 10:29:05,035 [ForkJoinPool.commonPool-worker-0] INFO  util.JmxRegister (JmxRegister.java:unregister(73)) - Successfully un-registered JMX Bean with object name Ratis:service=RaftServer,group=group-362AF125E5DD,id=bd7a2d95-c10b-4afb-bf2e-edb35f4c5c67
2019-09-19 10:29:05,035 [Thread-806] INFO  impl.RoleInfo (RoleInfo.java:shutdownLeaderState(104)) - bd7a2d95-c10b-4afb-bf2e-edb35f4c5c67: shutdown LeaderState
2019-09-19 10:29:05,035 [ForkJoinPool.commonPool-worker-0] INFO  impl.RoleInfo (RoleInfo.java:shutdownLeaderState(104)) - bd7a2d95-c10b-4afb-bf2e-edb35f4c5c67: shutdown LeaderState
2019-09-19 10:29:05,036 [Thread-806] INFO  impl.PendingRequests (PendingRequests.java:sendNotLeaderResponses(202)) - bd7a2d95-c10b-4afb-bf2e-edb35f4c5c67-PendingRequests: sendNotLeaderResponses
2019-09-19 10:29:05,036 [ForkJoinPool.commonPool-worker-0] INFO  impl.PendingRequests (PendingRequests.java:sendNotLeaderResponses(202)) - bd7a2d95-c10b-4afb-bf2e-edb35f4c5c67-PendingRequests: sendNotLeaderResponses
2019-09-19 10:29:05,036 [Thread-806] INFO  impl.StateMachineUpdater (StateMachineUpdater.java:stopAndJoin(115)) - StateMachineUpdater:bd7a2d95-c10b-4afb-bf2e-edb35f4c5c67:group-AC81C74404BC: set stopIndex = 0
2019-09-19 10:29:05,036 [ForkJoinPool.commonPool-worker-0] INFO  impl.StateMachineUpdater (StateMachineUpdater.java:stopAndJoin(115)) - StateMachineUpdater:bd7a2d95-c10b-4afb-bf2e-edb35f4c5c67:group-362AF125E5DD: set stopIndex = 0
2019-09-19 10:29:05,036 [Thread-806] INFO  impl.RaftServerImpl (ServerState.java:close(394)) - bd7a2d95-c10b-4afb-bf2e-edb35f4c5c67:group-AC81C74404BC closes. The last applied log index is 0
2019-09-19 10:29:05,037 [ForkJoinPool.commonPool-worker-0] INFO  impl.RaftServerImpl (ServerState.java:close(394)) - bd7a2d95-c10b-4afb-bf2e-edb35f4c5c67:group-362AF125E5DD closes. The last applied log index is 0
2019-09-19 10:29:05,037 [bd7a2d95-c10b-4afb-bf2e-edb35f4c5c67-SegmentedRaftLogWorker:Storage Directory /workdir/hadoop-ozone/ozonefs/target/test-dir/MiniOzoneClusterImpl-4dc1f89a-70ec-4312-8322-55acd7e6c345/datanode-2/data/ratis/48f0c4d8-344a-4fff-ae22-ac81c74404bc] INFO  segmented.SegmentedRaftLogWorker (SegmentedRaftLogWorker.java:run(313)) - bd7a2d95-c10b-4afb-bf2e-edb35f4c5c67-SegmentedRaftLogWorker:Storage Directory /workdir/hadoop-ozone/ozonefs/target/test-dir/MiniOzoneClusterImpl-4dc1f89a-70ec-4312-8322-55acd7e6c345/datanode-2/data/ratis/48f0c4d8-344a-4fff-ae22-ac81c74404bc was interrupted, exiting. There are 0 tasks remaining in the queue.
2019-09-19 10:29:05,037 [bd7a2d95-c10b-4afb-bf2e-edb35f4c5c67-SegmentedRaftLogWorker:Storage Directory /workdir/hadoop-ozone/ozonefs/target/test-dir/MiniOzoneClusterImpl-4dc1f89a-70ec-4312-8322-55acd7e6c345/datanode-2/data/ratis/28d91158-260e-4a19-babd-362af125e5dd] INFO  segmented.SegmentedRaftLogWorker (SegmentedRaftLogWorker.java:run(313)) - bd7a2d95-c10b-4afb-bf2e-edb35f4c5c67-SegmentedRaftLogWorker:Storage Directory /workdir/hadoop-ozone/ozonefs/target/test-dir/MiniOzoneClusterImpl-4dc1f89a-70ec-4312-8322-55acd7e6c345/datanode-2/data/ratis/28d91158-260e-4a19-babd-362af125e5dd was interrupted, exiting. There are 0 tasks remaining in the queue.
2019-09-19 10:29:05,037 [Thread-806] INFO  segmented.SegmentedRaftLogWorker (SegmentedRaftLogWorker.java:close(228)) - bd7a2d95-c10b-4afb-bf2e-edb35f4c5c67-SegmentedRaftLogWorker:Storage Directory /workdir/hadoop-ozone/ozonefs/target/test-dir/MiniOzoneClusterImpl-4dc1f89a-70ec-4312-8322-55acd7e6c345/datanode-2/data/ratis/48f0c4d8-344a-4fff-ae22-ac81c74404bc close()
2019-09-19 10:29:05,037 [ForkJoinPool.commonPool-worker-0] INFO  segmented.SegmentedRaftLogWorker (SegmentedRaftLogWorker.java:close(228)) - bd7a2d95-c10b-4afb-bf2e-edb35f4c5c67-SegmentedRaftLogWorker:Storage Directory /workdir/hadoop-ozone/ozonefs/target/test-dir/MiniOzoneClusterImpl-4dc1f89a-70ec-4312-8322-55acd7e6c345/datanode-2/data/ratis/28d91158-260e-4a19-babd-362af125e5dd close()
2019-09-19 10:29:05,038 [Thread-806] INFO  impl.RaftServerImpl (RaftServerImpl.java:lambda$shutdown$3(245)) - bd7a2d95-c10b-4afb-bf2e-edb35f4c5c67: shutdown group-D99F4F7A2D81
2019-09-19 10:29:05,041 [ForkJoinPool.commonPool-worker-0] INFO  impl.RaftServerImpl (RaftServerImpl.java:lambda$shutdown$3(245)) - bd7a2d95-c10b-4afb-bf2e-edb35f4c5c67: shutdown group-1FF0080CA675
2019-09-19 10:29:05,041 [Thread-806] INFO  util.JmxRegister (JmxRegister.java:unregister(73)) - Successfully un-registered JMX Bean with object name Ratis:service=RaftServer,group=group-D99F4F7A2D81,id=bd7a2d95-c10b-4afb-bf2e-edb35f4c5c67
2019-09-19 10:29:05,041 [ForkJoinPool.commonPool-worker-0] INFO  util.JmxRegister (JmxRegister.java:unregister(73)) - Successfully un-registered JMX Bean with object name Ratis:service=RaftServer,group=group-1FF0080CA675,id=bd7a2d95-c10b-4afb-bf2e-edb35f4c5c67
2019-09-19 10:29:05,041 [Thread-806] INFO  impl.RoleInfo (RoleInfo.java:shutdownLeaderState(104)) - bd7a2d95-c10b-4afb-bf2e-edb35f4c5c67: shutdown LeaderState
2019-09-19 10:29:05,042 [ForkJoinPool.commonPool-worker-0] INFO  impl.RoleInfo (RoleInfo.java:shutdownLeaderState(104)) - bd7a2d95-c10b-4afb-bf2e-edb35f4c5c67: shutdown LeaderState
2019-09-19 10:29:05,042 [Thread-806] INFO  impl.PendingRequests (PendingRequests.java:sendNotLeaderResponses(202)) - bd7a2d95-c10b-4afb-bf2e-edb35f4c5c67-PendingRequests: sendNotLeaderResponses
2019-09-19 10:29:05,042 [ForkJoinPool.commonPool-worker-0] INFO  impl.PendingRequests (PendingRequests.java:sendNotLeaderResponses(202)) - bd7a2d95-c10b-4afb-bf2e-edb35f4c5c67-PendingRequests: sendNotLeaderResponses
2019-09-19 10:29:05,042 [Thread-806] INFO  impl.StateMachineUpdater (StateMachineUpdater.java:stopAndJoin(115)) - StateMachineUpdater:bd7a2d95-c10b-4afb-bf2e-edb35f4c5c67:group-D99F4F7A2D81: set stopIndex = 0
2019-09-19 10:29:05,043 [ForkJoinPool.commonPool-worker-0] INFO  impl.StateMachineUpdater (StateMachineUpdater.java:stopAndJoin(115)) - StateMachineUpdater:bd7a2d95-c10b-4afb-bf2e-edb35f4c5c67:group-1FF0080CA675: set stopIndex = 0
2019-09-19 10:29:05,043 [Thread-806] INFO  impl.RaftServerImpl (ServerState.java:close(394)) - bd7a2d95-c10b-4afb-bf2e-edb35f4c5c67:group-D99F4F7A2D81 closes. The last applied log index is 0
2019-09-19 10:29:05,043 [ForkJoinPool.commonPool-worker-0] INFO  impl.RaftServerImpl (ServerState.java:close(394)) - bd7a2d95-c10b-4afb-bf2e-edb35f4c5c67:group-1FF0080CA675 closes. The last applied log index is 0
2019-09-19 10:29:05,043 [bd7a2d95-c10b-4afb-bf2e-edb35f4c5c67-SegmentedRaftLogWorker:Storage Directory /workdir/hadoop-ozone/ozonefs/target/test-dir/MiniOzoneClusterImpl-4dc1f89a-70ec-4312-8322-55acd7e6c345/datanode-2/data/ratis/7ed7a756-a721-41bd-90d8-d99f4f7a2d81] INFO  segmented.SegmentedRaftLogWorker (SegmentedRaftLogWorker.java:run(313)) - bd7a2d95-c10b-4afb-bf2e-edb35f4c5c67-SegmentedRaftLogWorker:Storage Directory /workdir/hadoop-ozone/ozonefs/target/test-dir/MiniOzoneClusterImpl-4dc1f89a-70ec-4312-8322-55acd7e6c345/datanode-2/data/ratis/7ed7a756-a721-41bd-90d8-d99f4f7a2d81 was interrupted, exiting. There are 0 tasks remaining in the queue.
2019-09-19 10:29:05,043 [bd7a2d95-c10b-4afb-bf2e-edb35f4c5c67-SegmentedRaftLogWorker:Storage Directory /workdir/hadoop-ozone/ozonefs/target/test-dir/MiniOzoneClusterImpl-4dc1f89a-70ec-4312-8322-55acd7e6c345/datanode-2/data/ratis/9efe9419-6d2d-4b8a-95b5-1ff0080ca675] INFO  segmented.SegmentedRaftLogWorker (SegmentedRaftLogWorker.java:run(313)) - bd7a2d95-c10b-4afb-bf2e-edb35f4c5c67-SegmentedRaftLogWorker:Storage Directory /workdir/hadoop-ozone/ozonefs/target/test-dir/MiniOzoneClusterImpl-4dc1f89a-70ec-4312-8322-55acd7e6c345/datanode-2/data/ratis/9efe9419-6d2d-4b8a-95b5-1ff0080ca675 was interrupted, exiting. There are 0 tasks remaining in the queue.
2019-09-19 10:29:05,044 [Thread-806] INFO  segmented.SegmentedRaftLogWorker (SegmentedRaftLogWorker.java:close(228)) - bd7a2d95-c10b-4afb-bf2e-edb35f4c5c67-SegmentedRaftLogWorker:Storage Directory /workdir/hadoop-ozone/ozonefs/target/test-dir/MiniOzoneClusterImpl-4dc1f89a-70ec-4312-8322-55acd7e6c345/datanode-2/data/ratis/7ed7a756-a721-41bd-90d8-d99f4f7a2d81 close()
2019-09-19 10:29:05,044 [ForkJoinPool.commonPool-worker-0] INFO  segmented.SegmentedRaftLogWorker (SegmentedRaftLogWorker.java:close(228)) - bd7a2d95-c10b-4afb-bf2e-edb35f4c5c67-SegmentedRaftLogWorker:Storage Directory /workdir/hadoop-ozone/ozonefs/target/test-dir/MiniOzoneClusterImpl-4dc1f89a-70ec-4312-8322-55acd7e6c345/datanode-2/data/ratis/9efe9419-6d2d-4b8a-95b5-1ff0080ca675 close()
2019-09-19 10:29:05,044 [Thread-806] INFO  impl.RaftServerImpl (RaftServerImpl.java:lambda$shutdown$3(245)) - bd7a2d95-c10b-4afb-bf2e-edb35f4c5c67: shutdown group-B6F40CE66816
2019-09-19 10:29:05,044 [ForkJoinPool.commonPool-worker-0] INFO  impl.RaftServerImpl (RaftServerImpl.java:lambda$shutdown$3(245)) - bd7a2d95-c10b-4afb-bf2e-edb35f4c5c67: shutdown group-A4070632B8D1
2019-09-19 10:29:05,044 [Thread-806] INFO  util.JmxRegister (JmxRegister.java:unregister(73)) - Successfully un-registered JMX Bean with object name Ratis:service=RaftServer,group=group-B6F40CE66816,id=bd7a2d95-c10b-4afb-bf2e-edb35f4c5c67
2019-09-19 10:29:05,044 [ForkJoinPool.commonPool-worker-0] INFO  util.JmxRegister (JmxRegister.java:unregister(73)) - Successfully un-registered JMX Bean with object name Ratis:service=RaftServer,group=group-A4070632B8D1,id=bd7a2d95-c10b-4afb-bf2e-edb35f4c5c67
2019-09-19 10:29:05,045 [Thread-806] INFO  impl.RoleInfo (RoleInfo.java:shutdownLeaderState(104)) - bd7a2d95-c10b-4afb-bf2e-edb35f4c5c67: shutdown LeaderState
2019-09-19 10:29:05,045 [ForkJoinPool.commonPool-worker-0] INFO  impl.RoleInfo (RoleInfo.java:shutdownLeaderState(104)) - bd7a2d95-c10b-4afb-bf2e-edb35f4c5c67: shutdown LeaderState
2019-09-19 10:29:05,045 [Thread-806] INFO  impl.PendingRequests (PendingRequests.java:sendNotLeaderResponses(202)) - bd7a2d95-c10b-4afb-bf2e-edb35f4c5c67-PendingRequests: sendNotLeaderResponses
2019-09-19 10:29:05,045 [ForkJoinPool.commonPool-worker-0] INFO  impl.PendingRequests (PendingRequests.java:sendNotLeaderResponses(202)) - bd7a2d95-c10b-4afb-bf2e-edb35f4c5c67-PendingRequests: sendNotLeaderResponses
2019-09-19 10:29:05,045 [Thread-806] INFO  impl.StateMachineUpdater (StateMachineUpdater.java:stopAndJoin(115)) - StateMachineUpdater:bd7a2d95-c10b-4afb-bf2e-edb35f4c5c67:group-B6F40CE66816: set stopIndex = 0
2019-09-19 10:29:05,046 [ForkJoinPool.commonPool-worker-0] INFO  impl.StateMachineUpdater (StateMachineUpdater.java:stopAndJoin(115)) - StateMachineUpdater:bd7a2d95-c10b-4afb-bf2e-edb35f4c5c67:group-A4070632B8D1: set stopIndex = 0
2019-09-19 10:29:05,046 [Thread-806] INFO  impl.RaftServerImpl (ServerState.java:close(394)) - bd7a2d95-c10b-4afb-bf2e-edb35f4c5c67:group-B6F40CE66816 closes. The last applied log index is 0
2019-09-19 10:29:05,046 [ForkJoinPool.commonPool-worker-0] INFO  impl.RaftServerImpl (ServerState.java:close(394)) - bd7a2d95-c10b-4afb-bf2e-edb35f4c5c67:group-A4070632B8D1 closes. The last applied log index is 0
2019-09-19 10:29:05,046 [bd7a2d95-c10b-4afb-bf2e-edb35f4c5c67-SegmentedRaftLogWorker:Storage Directory /workdir/hadoop-ozone/ozonefs/target/test-dir/MiniOzoneClusterImpl-4dc1f89a-70ec-4312-8322-55acd7e6c345/datanode-2/data/ratis/e807d508-ec07-454f-add1-b6f40ce66816] INFO  segmented.SegmentedRaftLogWorker (SegmentedRaftLogWorker.java:run(313)) - bd7a2d95-c10b-4afb-bf2e-edb35f4c5c67-SegmentedRaftLogWorker:Storage Directory /workdir/hadoop-ozone/ozonefs/target/test-dir/MiniOzoneClusterImpl-4dc1f89a-70ec-4312-8322-55acd7e6c345/datanode-2/data/ratis/e807d508-ec07-454f-add1-b6f40ce66816 was interrupted, exiting. There are 0 tasks remaining in the queue.
2019-09-19 10:29:05,046 [bd7a2d95-c10b-4afb-bf2e-edb35f4c5c67-SegmentedRaftLogWorker:Storage Directory /workdir/hadoop-ozone/ozonefs/target/test-dir/MiniOzoneClusterImpl-4dc1f89a-70ec-4312-8322-55acd7e6c345/datanode-2/data/ratis/2108f02a-156b-4c31-a0d3-a4070632b8d1] INFO  segmented.SegmentedRaftLogWorker (SegmentedRaftLogWorker.java:run(313)) - bd7a2d95-c10b-4afb-bf2e-edb35f4c5c67-SegmentedRaftLogWorker:Storage Directory /workdir/hadoop-ozone/ozonefs/target/test-dir/MiniOzoneClusterImpl-4dc1f89a-70ec-4312-8322-55acd7e6c345/datanode-2/data/ratis/2108f02a-156b-4c31-a0d3-a4070632b8d1 was interrupted, exiting. There are 0 tasks remaining in the queue.
2019-09-19 10:29:05,047 [Thread-806] INFO  segmented.SegmentedRaftLogWorker (SegmentedRaftLogWorker.java:close(228)) - bd7a2d95-c10b-4afb-bf2e-edb35f4c5c67-SegmentedRaftLogWorker:Storage Directory /workdir/hadoop-ozone/ozonefs/target/test-dir/MiniOzoneClusterImpl-4dc1f89a-70ec-4312-8322-55acd7e6c345/datanode-2/data/ratis/e807d508-ec07-454f-add1-b6f40ce66816 close()
2019-09-19 10:29:05,047 [ForkJoinPool.commonPool-worker-0] INFO  segmented.SegmentedRaftLogWorker (SegmentedRaftLogWorker.java:close(228)) - bd7a2d95-c10b-4afb-bf2e-edb35f4c5c67-SegmentedRaftLogWorker:Storage Directory /workdir/hadoop-ozone/ozonefs/target/test-dir/MiniOzoneClusterImpl-4dc1f89a-70ec-4312-8322-55acd7e6c345/datanode-2/data/ratis/2108f02a-156b-4c31-a0d3-a4070632b8d1 close()
2019-09-19 10:29:05,048 [Thread-806] INFO  server.GrpcService (GrpcService.java:closeImpl(155)) - bd7a2d95-c10b-4afb-bf2e-edb35f4c5c67: shutdown server with port 36843 now
2019-09-19 10:29:05,049 [Thread-806] INFO  server.GrpcService (GrpcService.java:closeImpl(163)) - bd7a2d95-c10b-4afb-bf2e-edb35f4c5c67: shutdown server with port 36843 successfully
2019-09-19 10:29:05,050 [Thread-806] INFO  utils.BackgroundService (BackgroundService.java:shutdown(148)) - Shutting down service BlockDeletingService
2019-09-19 10:29:05,053 [refreshUsed-/workdir/hadoop-ozone/ozonefs/target/test-dir/MiniOzoneClusterImpl-4dc1f89a-70ec-4312-8322-55acd7e6c345/datanode-2/data/containers] WARN  fs.CachingGetSpaceUsed (CachingGetSpaceUsed.java:run(183)) - Thread Interrupted waiting to refresh disk information: sleep interrupted
2019-09-19 10:29:05,073 [Thread-806] INFO  statemachine.DatanodeStateMachine (DatanodeStateMachine.java:stopDaemon(395)) - Ozone container server stopped.
2019-09-19 10:29:05,074 [Thread-806] INFO  handler.ContextHandler (ContextHandler.java:doStop(910)) - Stopped o.e.j.w.WebAppContext@50e9adf1{/,null,UNAVAILABLE}{/hddsDatanode}
2019-09-19 10:29:05,075 [Thread-806] INFO  server.AbstractConnector (AbstractConnector.java:doStop(318)) - Stopped ServerConnector@66a5194a{HTTP/1.1,[http/1.1]}{0.0.0.0:0}
2019-09-19 10:29:05,075 [Thread-806] INFO  handler.ContextHandler (ContextHandler.java:doStop(910)) - Stopped o.e.j.s.ServletContextHandler@744da2cf{/static,jar:file:/home/user/.m2/repository/org/apache/hadoop/hadoop-hdds-container-service/0.5.0-SNAPSHOT/hadoop-hdds-container-service-0.5.0-SNAPSHOT.jar!/webapps/static,UNAVAILABLE}
2019-09-19 10:29:05,075 [Thread-806] INFO  handler.ContextHandler (ContextHandler.java:doStop(910)) - Stopped o.e.j.s.ServletContextHandler@217cbea3{/logs,file:///workdir/hadoop-ozone/ozonefs/target/log,UNAVAILABLE}
2019-09-19 10:29:05,076 [Thread-806] INFO  ozone.MiniOzoneClusterImpl (MiniOzoneClusterImpl.java:stop(353)) - Stopping the StorageContainerManager
2019-09-19 10:29:05,076 [Thread-806] INFO  server.StorageContainerManager (StorageContainerManager.java:stop(797)) - Stopping Replication Manager Service.
2019-09-19 10:29:05,076 [Thread-806] INFO  container.ReplicationManager (ReplicationManager.java:stop(192)) - Stopping Replication Monitor Thread.
2019-09-19 10:29:05,076 [Thread-806] INFO  server.StorageContainerManager (StorageContainerManager.java:stop(804)) - Stopping Lease Manager of the command watchers
2019-09-19 10:29:05,076 [Thread-806] INFO  server.StorageContainerManager (StorageContainerManager.java:stop(811)) - Stopping datanode service RPC server
2019-09-19 10:29:05,076 [Thread-806] INFO  server.SCMDatanodeProtocolServer (SCMDatanodeProtocolServer.java:stop(367)) - Stopping the RPC server for DataNodes
2019-09-19 10:29:05,076 [Thread-806] INFO  ipc.Server (Server.java:stop(3082)) - Stopping server on 35635
2019-09-19 10:29:05,077 [IPC Server listener on 35635] INFO  ipc.Server (Server.java:run(1185)) - Stopping IPC Server listener on 35635
2019-09-19 10:29:05,077 [IPC Server Responder] INFO  ipc.Server (Server.java:run(1319)) - Stopping IPC Server Responder
2019-09-19 10:29:05,158 [SCM Heartbeat Processing Thread - 0] WARN  node.NodeStateManager (NodeStateManager.java:scheduleNextHealthCheck(655)) - Current Thread is interrupted, shutting down HB processing thread for Node Manager.
2019-09-19 10:29:05,158 [Thread-806] INFO  server.StorageContainerManager (StorageContainerManager.java:stop(819)) - Stopping block service RPC server
2019-09-19 10:29:05,158 [Thread-806] INFO  server.SCMBlockProtocolServer (SCMBlockProtocolServer.java:stop(148)) - Stopping the RPC server for Block Protocol
2019-09-19 10:29:05,159 [Thread-806] INFO  ipc.Server (Server.java:stop(3082)) - Stopping server on 33023
2019-09-19 10:29:05,161 [Thread-806] INFO  server.StorageContainerManager (StorageContainerManager.java:stop(826)) - Stopping the StorageContainerLocationProtocol RPC server
2019-09-19 10:29:05,161 [IPC Server listener on 33023] INFO  ipc.Server (Server.java:run(1185)) - Stopping IPC Server listener on 33023
2019-09-19 10:29:05,161 [Thread-806] INFO  server.SCMClientProtocolServer (SCMClientProtocolServer.java:stop(159)) - Stopping the RPC server for Client Protocol
2019-09-19 10:29:05,161 [Thread-806] INFO  ipc.Server (Server.java:stop(3082)) - Stopping server on 37996
2019-09-19 10:29:05,161 [IPC Server Responder] INFO  ipc.Server (Server.java:run(1319)) - Stopping IPC Server Responder
2019-09-19 10:29:05,162 [IPC Server listener on 37996] INFO  ipc.Server (Server.java:run(1185)) - Stopping IPC Server listener on 37996
2019-09-19 10:29:05,162 [Thread-806] INFO  server.StorageContainerManager (StorageContainerManager.java:stop(833)) - Stopping Storage Container Manager HTTP server.
2019-09-19 10:29:05,163 [IPC Server Responder] INFO  ipc.Server (Server.java:run(1319)) - Stopping IPC Server Responder
2019-09-19 10:29:05,164 [Thread-806] INFO  handler.ContextHandler (ContextHandler.java:doStop(910)) - Stopped o.e.j.w.WebAppContext@1aaa29e0{/,null,UNAVAILABLE}{/scm}
2019-09-19 10:29:05,165 [Thread-806] INFO  server.AbstractConnector (AbstractConnector.java:doStop(318)) - Stopped ServerConnector@256650be{HTTP/1.1,[http/1.1]}{0.0.0.0:0}
2019-09-19 10:29:05,165 [Thread-806] INFO  handler.ContextHandler (ContextHandler.java:doStop(910)) - Stopped o.e.j.s.ServletContextHandler@1a445eb8{/static,jar:file:/home/user/.m2/repository/org/apache/hadoop/hadoop-hdds-server-scm/0.5.0-SNAPSHOT/hadoop-hdds-server-scm-0.5.0-SNAPSHOT.jar!/webapps/static,UNAVAILABLE}
2019-09-19 10:29:05,165 [Thread-806] INFO  handler.ContextHandler (ContextHandler.java:doStop(910)) - Stopped o.e.j.s.ServletContextHandler@48def09f{/logs,file:///workdir/hadoop-ozone/ozonefs/target/log,UNAVAILABLE}
2019-09-19 10:29:05,166 [Thread-806] INFO  server.StorageContainerManager (StorageContainerManager.java:stop(844)) - Stopping Block Manager Service.
2019-09-19 10:29:05,166 [Thread-806] INFO  utils.BackgroundService (BackgroundService.java:shutdown(148)) - Shutting down service SCMBlockDeletingService
2019-09-19 10:29:05,167 [Thread-806] INFO  utils.BackgroundService (BackgroundService.java:shutdown(148)) - Shutting down service SCMBlockDeletingService
2019-09-19 10:29:05,167 [Thread-806] INFO  server.StorageContainerManager (StorageContainerManager.java:stop(866)) - Stopping SCM Event Queue.
2019-09-19 10:29:05,170 [Thread-806] INFO  impl.MetricsSystemImpl (MetricsSystemImpl.java:stop(210)) - Stopping HddsDatanode metrics system...
2019-09-19 10:29:05,177 [Thread-806] INFO  impl.MetricsSystemImpl (MetricsSystemImpl.java:stop(216)) - HddsDatanode metrics system stopped.
]]></system-out>
    <system-err><![CDATA[Sep 19, 2019 10:28:48 AM com.sun.jersey.server.impl.application.WebApplicationImpl _initiate
INFO: Initiating Jersey application, version 'Jersey: 1.19 02/11/2015 03:25 AM'
Sep 19, 2019 10:28:49 AM com.sun.jersey.server.impl.application.WebApplicationImpl _initiate
INFO: Initiating Jersey application, version 'Jersey: 1.19 02/11/2015 03:25 AM'
Sep 19, 2019 10:28:49 AM com.sun.jersey.server.impl.application.WebApplicationImpl _initiate
INFO: Initiating Jersey application, version 'Jersey: 1.19 02/11/2015 03:25 AM'
Sep 19, 2019 10:28:54 AM com.sun.jersey.server.impl.application.WebApplicationImpl _initiate
INFO: Initiating Jersey application, version 'Jersey: 1.19 02/11/2015 03:25 AM'
]]></system-err>
  </testcase>
  <testcase name="testCreateDoesNotAddParentDirKeys" classname="org.apache.hadoop.fs.ozone.TestOzoneFileSystem" time="24.319">
    <error message="Allocated 0 blocks. Requested 1 blocks" type="INTERNAL_ERROR org.apache.hadoop.ozone.om.exceptions.OMException">INTERNAL_ERROR org.apache.hadoop.ozone.om.exceptions.OMException: Allocated 0 blocks. Requested 1 blocks
	at org.apache.hadoop.ozone.om.protocolPB.OzoneManagerProtocolClientSideTranslatorPB.handleError(OzoneManagerProtocolClientSideTranslatorPB.java:725)
	at org.apache.hadoop.ozone.om.protocolPB.OzoneManagerProtocolClientSideTranslatorPB.createFile(OzoneManagerProtocolClientSideTranslatorPB.java:1474)
	at org.apache.hadoop.ozone.client.rpc.RpcClient.createFile(RpcClient.java:984)
	at org.apache.hadoop.ozone.client.OzoneBucket.createFile(OzoneBucket.java:535)
	at org.apache.hadoop.fs.ozone.BasicOzoneClientAdapterImpl.createFile(BasicOzoneClientAdapterImpl.java:181)
	at org.apache.hadoop.fs.ozone.BasicOzoneFileSystem.createOutputStream(BasicOzoneFileSystem.java:249)
	at org.apache.hadoop.fs.ozone.BasicOzoneFileSystem.create(BasicOzoneFileSystem.java:230)
	at org.apache.hadoop.fs.FileSystem.create(FileSystem.java:1118)
	at org.apache.hadoop.fs.FileSystem.create(FileSystem.java:1098)
	at org.apache.hadoop.fs.FileSystem.create(FileSystem.java:987)
	at org.apache.hadoop.fs.contract.ContractTestUtils.createFile(ContractTestUtils.java:633)
	at org.apache.hadoop.fs.contract.ContractTestUtils.touch(ContractTestUtils.java:669)
	at org.apache.hadoop.fs.ozone.TestOzoneFileSystem.testCreateDoesNotAddParentDirKeys(TestOzoneFileSystem.java:130)
	at sun.reflect.NativeMethodAccessorImpl.invoke0(Native Method)
	at sun.reflect.NativeMethodAccessorImpl.invoke(NativeMethodAccessorImpl.java:62)
	at sun.reflect.DelegatingMethodAccessorImpl.invoke(DelegatingMethodAccessorImpl.java:43)
	at java.lang.reflect.Method.invoke(Method.java:498)
	at org.junit.runners.model.FrameworkMethod$1.runReflectiveCall(FrameworkMethod.java:47)
	at org.junit.internal.runners.model.ReflectiveCallable.run(ReflectiveCallable.java:12)
	at org.junit.runners.model.FrameworkMethod.invokeExplosively(FrameworkMethod.java:44)
	at org.junit.internal.runners.statements.InvokeMethod.evaluate(InvokeMethod.java:17)
	at org.junit.internal.runners.statements.RunBefores.evaluate(RunBefores.java:26)
	at org.junit.internal.runners.statements.RunAfters.evaluate(RunAfters.java:27)
	at org.junit.internal.runners.statements.FailOnTimeout$StatementThread.run(FailOnTimeout.java:74)
</error>
    <system-out><![CDATA[2019-09-19 10:29:05,213 [Thread-1072] WARN  server.ServerUtils (ServerUtils.java:getScmDbDir(145)) - ozone.scm.db.dirs is not configured. We recommend adding this setting. Falling back to ozone.metadata.dirs instead.
2019-09-19 10:29:05,249 [Thread-1072] WARN  server.ServerUtils (ServerUtils.java:getScmDbDir(145)) - ozone.scm.db.dirs is not configured. We recommend adding this setting. Falling back to ozone.metadata.dirs instead.
2019-09-19 10:29:05,250 [Thread-1072] WARN  server.ServerUtils (ServerUtils.java:getScmDbDir(145)) - ozone.scm.db.dirs is not configured. We recommend adding this setting. Falling back to ozone.metadata.dirs instead.
2019-09-19 10:29:05,250 [Thread-1072] INFO  db.DBStoreBuilder (DBStoreBuilder.java:addTable(110)) - using custom profile for table: deletedBlocks
2019-09-19 10:29:05,250 [Thread-1072] INFO  db.DBStoreBuilder (DBStoreBuilder.java:processTables(161)) - Using default column profile:DBProfile.DISK for Table:deletedBlocks
2019-09-19 10:29:05,251 [Thread-1072] INFO  db.DBStoreBuilder (DBStoreBuilder.java:addTable(110)) - using custom profile for table: validCerts
2019-09-19 10:29:05,251 [Thread-1072] INFO  db.DBStoreBuilder (DBStoreBuilder.java:processTables(161)) - Using default column profile:DBProfile.DISK for Table:validCerts
2019-09-19 10:29:05,251 [Thread-1072] INFO  db.DBStoreBuilder (DBStoreBuilder.java:addTable(110)) - using custom profile for table: revokedCerts
2019-09-19 10:29:05,251 [Thread-1072] INFO  db.DBStoreBuilder (DBStoreBuilder.java:processTables(161)) - Using default column profile:DBProfile.DISK for Table:revokedCerts
2019-09-19 10:29:05,252 [Thread-1072] INFO  db.DBStoreBuilder (DBStoreBuilder.java:addTable(110)) - using custom profile for table: default
2019-09-19 10:29:05,252 [Thread-1072] INFO  db.DBStoreBuilder (DBStoreBuilder.java:processTables(167)) - Using default column profile:DBProfile.DISK for Table:default
2019-09-19 10:29:05,252 [Thread-1072] INFO  db.DBStoreBuilder (DBStoreBuilder.java:getDbProfile(198)) - Using default options. DBProfile.DISK
2019-09-19 10:29:06,853 [Thread-1072] INFO  net.NodeSchemaLoader (NodeSchemaLoader.java:loadSchemaFromFile(125)) - Loading file from sun.misc.CompoundEnumeration@d238b2
2019-09-19 10:29:06,853 [Thread-1072] INFO  net.NodeSchemaLoader (NodeSchemaLoader.java:loadSchema(171)) - Loading network topology layer schema file
2019-09-19 10:29:06,859 [Thread-1072] WARN  server.ServerUtils (ServerUtils.java:sanitizeUserArgs(70)) - ozone.scm.stale.node.interval value = 300000 is larger than max = 100000 based on the key value of ozone.scm.heartbeat.thread.interval, reset to the max value 100000.
2019-09-19 10:29:06,859 [Thread-1072] WARN  server.ServerUtils (ServerUtils.java:sanitizeUserArgs(70)) - ozone.scm.stale.node.interval value = 300000 is larger than max = 100000 based on the key value of ozone.scm.heartbeat.thread.interval, reset to the max value 100000.
2019-09-19 10:29:06,859 [Thread-1072] INFO  node.SCMNodeManager (SCMNodeManager.java:<init>(121)) - Entering startup safe mode.
2019-09-19 10:29:06,860 [Thread-1072] INFO  algorithms.ContainerPlacementPolicyFactory (ContainerPlacementPolicyFactory.java:getPolicy(56)) - Create container placement policy of type org.apache.hadoop.hdds.scm.container.placement.algorithms.SCMContainerPlacementRandom
2019-09-19 10:29:06,860 [Thread-1072] WARN  server.ServerUtils (ServerUtils.java:getScmDbDir(145)) - ozone.scm.db.dirs is not configured. We recommend adding this setting. Falling back to ozone.metadata.dirs instead.
2019-09-19 10:29:07,675 [Thread-1072] INFO  pipeline.SCMPipelineManager (SCMPipelineManager.java:initializePipelineState(126)) - No pipeline exists in current db
2019-09-19 10:29:07,675 [Thread-1072] WARN  server.ServerUtils (ServerUtils.java:getScmDbDir(145)) - ozone.scm.db.dirs is not configured. We recommend adding this setting. Falling back to ozone.metadata.dirs instead.
2019-09-19 10:29:08,162 [Thread-1072] WARN  events.EventQueue (EventQueue.java:fireEvent(175)) - No event handler registered for event TypedEvent{payloadType=SafeModeStatus, name='SafeModeStatus'}
2019-09-19 10:29:08,164 [Thread-1072] INFO  ipc.CallQueueManager (CallQueueManager.java:<init>(84)) - Using callQueue: class java.util.concurrent.LinkedBlockingQueue, queueCapacity: 2000, scheduler: class org.apache.hadoop.ipc.DefaultRpcScheduler, ipcBackoff: false.
2019-09-19 10:29:08,165 [Socket Reader #1 for port 35262] INFO  ipc.Server (Server.java:run(1074)) - Starting Socket Reader #1 for port 35262
2019-09-19 10:29:08,167 [Thread-1072] INFO  ipc.CallQueueManager (CallQueueManager.java:<init>(84)) - Using callQueue: class java.util.concurrent.LinkedBlockingQueue, queueCapacity: 2000, scheduler: class org.apache.hadoop.ipc.DefaultRpcScheduler, ipcBackoff: false.
2019-09-19 10:29:08,168 [Socket Reader #1 for port 38732] INFO  ipc.Server (Server.java:run(1074)) - Starting Socket Reader #1 for port 38732
2019-09-19 10:29:08,169 [Thread-1072] INFO  ipc.CallQueueManager (CallQueueManager.java:<init>(84)) - Using callQueue: class java.util.concurrent.LinkedBlockingQueue, queueCapacity: 2000, scheduler: class org.apache.hadoop.ipc.DefaultRpcScheduler, ipcBackoff: false.
2019-09-19 10:29:08,170 [Socket Reader #1 for port 45927] INFO  ipc.Server (Server.java:run(1074)) - Starting Socket Reader #1 for port 45927
2019-09-19 10:29:08,172 [Thread-1072] INFO  hdfs.DFSUtil (DFSUtil.java:httpServerTemplateForNNAndJN(1641)) - Starting Web-server for scm at: http://0.0.0.0:0
2019-09-19 10:29:08,175 [Thread-1072] INFO  server.AuthenticationFilter (AuthenticationFilter.java:constructSecretProvider(240)) - Unable to initialize FileSignerSecretProvider, falling back to use random secrets.
2019-09-19 10:29:08,176 [Thread-1072] WARN  http.HttpRequestLog (HttpRequestLog.java:getRequestLog(97)) - Jetty request log can only be enabled using Log4j
2019-09-19 10:29:08,178 [Thread-1072] INFO  http.HttpServer2 (HttpServer2.java:addGlobalFilter(975)) - Added global filter 'safety' (class=org.apache.hadoop.http.HttpServer2$QuotingInputFilter)
2019-09-19 10:29:08,179 [Thread-1072] INFO  http.HttpServer2 (HttpServer2.java:addFilter(948)) - Added filter static_user_filter (class=org.apache.hadoop.http.lib.StaticUserWebFilter$StaticUserFilter) to context scm
2019-09-19 10:29:08,180 [Thread-1072] INFO  http.HttpServer2 (HttpServer2.java:addFilter(958)) - Added filter static_user_filter (class=org.apache.hadoop.http.lib.StaticUserWebFilter$StaticUserFilter) to context logs
2019-09-19 10:29:08,180 [Thread-1072] INFO  http.HttpServer2 (HttpServer2.java:addFilter(958)) - Added filter static_user_filter (class=org.apache.hadoop.http.lib.StaticUserWebFilter$StaticUserFilter) to context static
2019-09-19 10:29:08,182 [Thread-1072] INFO  server.StorageContainerManager (StorageContainerManager.java:start(759)) - StorageContainerLocationProtocol RPC server is listening at /0.0.0.0:45927
2019-09-19 10:29:08,184 [Thread-1072] WARN  impl.MetricsConfig (MetricsConfig.java:loadFirst(134)) - Cannot locate configuration: tried hadoop-metrics2-storagecontainermanager.properties,hadoop-metrics2.properties
2019-09-19 10:29:08,186 [Thread-1072] INFO  impl.MetricsSystemImpl (MetricsSystemImpl.java:startTimer(374)) - Scheduled Metric snapshot period at 10 second(s).
2019-09-19 10:29:08,186 [Thread-1072] INFO  impl.MetricsSystemImpl (MetricsSystemImpl.java:start(191)) - StorageContainerManager metrics system started
2019-09-19 10:29:08,250 [Thread-1072] INFO  server.SCMClientProtocolServer (SCMClientProtocolServer.java:start(151)) - RPC server for Client  is listening at /0.0.0.0:45927
2019-09-19 10:29:08,250 [IPC Server Responder] INFO  ipc.Server (Server.java:run(1314)) - IPC Server Responder: starting
2019-09-19 10:29:08,250 [IPC Server listener on 45927] INFO  ipc.Server (Server.java:run(1153)) - IPC Server listener on 45927: starting
2019-09-19 10:29:08,254 [Thread-1072] INFO  server.StorageContainerManager (StorageContainerManager.java:start(769)) - ScmBlockLocationProtocol RPC server is listening at /0.0.0.0:38732
2019-09-19 10:29:08,254 [Thread-1072] INFO  server.SCMBlockProtocolServer (SCMBlockProtocolServer.java:start(140)) - RPC server for Block Protocol is listening at /0.0.0.0:38732
2019-09-19 10:29:08,254 [IPC Server Responder] INFO  ipc.Server (Server.java:run(1314)) - IPC Server Responder: starting
2019-09-19 10:29:08,255 [IPC Server listener on 38732] INFO  ipc.Server (Server.java:run(1153)) - IPC Server listener on 38732: starting
2019-09-19 10:29:08,257 [Thread-1072] INFO  server.StorageContainerManager (StorageContainerManager.java:start(773)) - ScmDatanodeProtocl RPC server is listening at /0.0.0.0:35262
2019-09-19 10:29:08,258 [Thread-1072] INFO  server.SCMDatanodeProtocolServer (SCMDatanodeProtocolServer.java:start(191)) - RPC server for DataNodes is listening at /0.0.0.0:35262
2019-09-19 10:29:08,258 [IPC Server Responder] INFO  ipc.Server (Server.java:run(1314)) - IPC Server Responder: starting
2019-09-19 10:29:08,258 [IPC Server listener on 35262] INFO  ipc.Server (Server.java:run(1153)) - IPC Server listener on 35262: starting
2019-09-19 10:29:08,521 [Thread-1072] INFO  http.HttpServer2 (HttpServer2.java:bindListener(1191)) - Jetty bound to port 37761
2019-09-19 10:29:08,522 [Thread-1072] INFO  server.Server (Server.java:doStart(351)) - jetty-9.3.24.v20180605, build timestamp: 2018-06-05T17:11:56Z, git hash: 84205aa28f11a4f31f2a3b86d1bba2cc8ab69827
2019-09-19 10:29:08,526 [Thread-1072] INFO  handler.ContextHandler (ContextHandler.java:doStart(781)) - Started o.e.j.s.ServletContextHandler@102c6839{/logs,file:///workdir/hadoop-ozone/ozonefs/target/log,AVAILABLE}
2019-09-19 10:29:08,526 [Thread-1072] INFO  handler.ContextHandler (ContextHandler.java:doStart(781)) - Started o.e.j.s.ServletContextHandler@8eb1ca5{/static,jar:file:/home/user/.m2/repository/org/apache/hadoop/hadoop-hdds-server-scm/0.5.0-SNAPSHOT/hadoop-hdds-server-scm-0.5.0-SNAPSHOT.jar!/webapps/static,AVAILABLE}
2019-09-19 10:29:08,572 [Thread-1072] INFO  handler.ContextHandler (ContextHandler.java:doStart(781)) - Started o.e.j.w.WebAppContext@16ffed13{/,file:///tmp/jetty-0.0.0.0-37761-scm-_-any-5911635707565572048.dir/webapp/,AVAILABLE}{/scm}
2019-09-19 10:29:08,573 [Thread-1072] INFO  server.AbstractConnector (AbstractConnector.java:doStart(278)) - Started ServerConnector@142e7922{HTTP/1.1,[http/1.1]}{0.0.0.0:37761}
2019-09-19 10:29:08,573 [Thread-1072] INFO  server.Server (Server.java:doStart(419)) - Started @99683ms
2019-09-19 10:29:08,574 [Thread-1072] INFO  server.BaseHttpServer (BaseHttpServer.java:updateConnectorAddress(213)) - HTTP server of SCM is listening at http://0.0.0.0:37761
2019-09-19 10:29:08,575 [Thread-1072] WARN  server.ServerUtils (ServerUtils.java:getDBPath(222)) - ozone.om.db.dirs is not configured. We recommend adding this setting. Falling back to ozone.metadata.dirs instead.
2019-09-19 10:29:08,575 [org.apache.hadoop.util.JvmPauseMonitor$Monitor@1c41cb8] INFO  util.JvmPauseMonitor (JvmPauseMonitor.java:run(188)) - Starting JVM pause monitor
2019-09-19 10:29:08,748 [Thread-1072] WARN  server.ServerUtils (ServerUtils.java:getDBPath(222)) - ozone.om.db.dirs is not configured. We recommend adding this setting. Falling back to ozone.metadata.dirs instead.
2019-09-19 10:29:08,749 [Thread-1072] WARN  server.ServerUtils (ServerUtils.java:getDBPath(222)) - ozone.om.db.dirs is not configured. We recommend adding this setting. Falling back to ozone.metadata.dirs instead.
2019-09-19 10:29:08,749 [Thread-1072] INFO  om.OzoneManager (OzoneManager.java:setOMNodeDetails(645)) - OM Service ID is not set. Setting it to the default ID: omServiceIdDefault
2019-09-19 10:29:08,750 [Thread-1072] INFO  om.OzoneManager (OzoneManager.java:setOMNodeDetails(651)) - OM Node ID is not set. Setting it to the OmStorage's OmID: bdcb3872-b6d6-46df-a378-288d3e64a858
2019-09-19 10:29:08,750 [Thread-1072] INFO  om.OzoneManager (OzoneManager.java:loadOMHAConfigs(602)) - Found matching OM address with OMServiceId: null, OMNodeId: null, RPC Address: localhost:0 and Ratis port: 9872
2019-09-19 10:29:08,755 | INFO  | SCMAudit | user=jenkins1000 | ip=192.168.157.204 | op=GET_SCM_INFO null | ret=SUCCESS |  
2019-09-19 10:29:08,757 [Thread-1072] WARN  server.ServerUtils (ServerUtils.java:getDBPath(222)) - ozone.om.db.dirs is not configured. We recommend adding this setting. Falling back to ozone.metadata.dirs instead.
2019-09-19 10:29:08,757 [Thread-1072] INFO  db.DBStoreBuilder (DBStoreBuilder.java:addTable(110)) - using custom profile for table: userTable
2019-09-19 10:29:08,757 [Thread-1072] INFO  db.DBStoreBuilder (DBStoreBuilder.java:processTables(161)) - Using default column profile:DBProfile.DISK for Table:userTable
2019-09-19 10:29:08,758 [Thread-1072] INFO  db.DBStoreBuilder (DBStoreBuilder.java:addTable(110)) - using custom profile for table: volumeTable
2019-09-19 10:29:08,758 [Thread-1072] INFO  db.DBStoreBuilder (DBStoreBuilder.java:processTables(161)) - Using default column profile:DBProfile.DISK for Table:volumeTable
2019-09-19 10:29:08,758 [Thread-1072] INFO  db.DBStoreBuilder (DBStoreBuilder.java:addTable(110)) - using custom profile for table: bucketTable
2019-09-19 10:29:08,758 [Thread-1072] INFO  db.DBStoreBuilder (DBStoreBuilder.java:processTables(161)) - Using default column profile:DBProfile.DISK for Table:bucketTable
2019-09-19 10:29:08,758 [Thread-1072] INFO  db.DBStoreBuilder (DBStoreBuilder.java:addTable(110)) - using custom profile for table: keyTable
2019-09-19 10:29:08,758 [Thread-1072] INFO  db.DBStoreBuilder (DBStoreBuilder.java:processTables(161)) - Using default column profile:DBProfile.DISK for Table:keyTable
2019-09-19 10:29:08,759 [Thread-1072] INFO  db.DBStoreBuilder (DBStoreBuilder.java:addTable(110)) - using custom profile for table: deletedTable
2019-09-19 10:29:08,759 [Thread-1072] INFO  db.DBStoreBuilder (DBStoreBuilder.java:processTables(161)) - Using default column profile:DBProfile.DISK for Table:deletedTable
2019-09-19 10:29:08,759 [Thread-1072] INFO  db.DBStoreBuilder (DBStoreBuilder.java:addTable(110)) - using custom profile for table: openKeyTable
2019-09-19 10:29:08,759 [Thread-1072] INFO  db.DBStoreBuilder (DBStoreBuilder.java:processTables(161)) - Using default column profile:DBProfile.DISK for Table:openKeyTable
2019-09-19 10:29:08,759 [Thread-1072] INFO  db.DBStoreBuilder (DBStoreBuilder.java:addTable(110)) - using custom profile for table: s3Table
2019-09-19 10:29:08,759 [Thread-1072] INFO  db.DBStoreBuilder (DBStoreBuilder.java:processTables(161)) - Using default column profile:DBProfile.DISK for Table:s3Table
2019-09-19 10:29:08,759 [Thread-1072] INFO  db.DBStoreBuilder (DBStoreBuilder.java:addTable(110)) - using custom profile for table: multipartInfoTable
2019-09-19 10:29:08,760 [Thread-1072] INFO  db.DBStoreBuilder (DBStoreBuilder.java:processTables(161)) - Using default column profile:DBProfile.DISK for Table:multipartInfoTable
2019-09-19 10:29:08,760 [Thread-1072] INFO  db.DBStoreBuilder (DBStoreBuilder.java:addTable(110)) - using custom profile for table: dTokenTable
2019-09-19 10:29:08,760 [Thread-1072] INFO  db.DBStoreBuilder (DBStoreBuilder.java:processTables(161)) - Using default column profile:DBProfile.DISK for Table:dTokenTable
2019-09-19 10:29:08,760 [Thread-1072] INFO  db.DBStoreBuilder (DBStoreBuilder.java:addTable(110)) - using custom profile for table: s3SecretTable
2019-09-19 10:29:08,760 [Thread-1072] INFO  db.DBStoreBuilder (DBStoreBuilder.java:processTables(161)) - Using default column profile:DBProfile.DISK for Table:s3SecretTable
2019-09-19 10:29:08,760 [Thread-1072] INFO  db.DBStoreBuilder (DBStoreBuilder.java:addTable(110)) - using custom profile for table: prefixTable
2019-09-19 10:29:08,761 [Thread-1072] INFO  db.DBStoreBuilder (DBStoreBuilder.java:processTables(161)) - Using default column profile:DBProfile.DISK for Table:prefixTable
2019-09-19 10:29:08,761 [Thread-1072] INFO  db.DBStoreBuilder (DBStoreBuilder.java:addTable(110)) - using custom profile for table: default
2019-09-19 10:29:08,761 [Thread-1072] INFO  db.DBStoreBuilder (DBStoreBuilder.java:processTables(167)) - Using default column profile:DBProfile.DISK for Table:default
2019-09-19 10:29:08,761 [Thread-1072] INFO  db.DBStoreBuilder (DBStoreBuilder.java:getDbProfile(198)) - Using default options. DBProfile.DISK
2019-09-19 10:29:13,408 [Thread-1072] INFO  ipc.CallQueueManager (CallQueueManager.java:<init>(84)) - Using callQueue: class java.util.concurrent.LinkedBlockingQueue, queueCapacity: 2000, scheduler: class org.apache.hadoop.ipc.DefaultRpcScheduler, ipcBackoff: false.
2019-09-19 10:29:13,408 [Socket Reader #1 for port 44328] INFO  ipc.Server (Server.java:run(1074)) - Starting Socket Reader #1 for port 44328
2019-09-19 10:29:13,426 [Thread-1072] INFO  om.OzoneManager (OzoneManager.java:start(1256)) - OzoneManager RPC server is listening at localhost/127.0.0.1:44328
2019-09-19 10:29:13,426 [Thread-1072] INFO  impl.MetricsSystemImpl (MetricsSystemImpl.java:init(158)) - OzoneManager metrics system started (again)
2019-09-19 10:29:13,427 [IPC Server Responder] INFO  ipc.Server (Server.java:run(1314)) - IPC Server Responder: starting
2019-09-19 10:29:13,427 [IPC Server listener on 44328] INFO  ipc.Server (Server.java:run(1153)) - IPC Server listener on 44328: starting
2019-09-19 10:29:13,433 [Thread-1072] INFO  hdfs.DFSUtil (DFSUtil.java:httpServerTemplateForNNAndJN(1641)) - Starting Web-server for ozoneManager at: http://0.0.0.0:0
2019-09-19 10:29:13,434 [Thread-1072] INFO  server.AuthenticationFilter (AuthenticationFilter.java:constructSecretProvider(240)) - Unable to initialize FileSignerSecretProvider, falling back to use random secrets.
2019-09-19 10:29:13,435 [Thread-1072] WARN  http.HttpRequestLog (HttpRequestLog.java:getRequestLog(97)) - Jetty request log can only be enabled using Log4j
2019-09-19 10:29:13,436 [Thread-1072] INFO  http.HttpServer2 (HttpServer2.java:addGlobalFilter(975)) - Added global filter 'safety' (class=org.apache.hadoop.http.HttpServer2$QuotingInputFilter)
2019-09-19 10:29:13,437 [Thread-1072] INFO  http.HttpServer2 (HttpServer2.java:addFilter(948)) - Added filter static_user_filter (class=org.apache.hadoop.http.lib.StaticUserWebFilter$StaticUserFilter) to context ozoneManager
2019-09-19 10:29:13,437 [Thread-1072] INFO  http.HttpServer2 (HttpServer2.java:addFilter(958)) - Added filter static_user_filter (class=org.apache.hadoop.http.lib.StaticUserWebFilter$StaticUserFilter) to context logs
2019-09-19 10:29:13,437 [Thread-1072] INFO  http.HttpServer2 (HttpServer2.java:addFilter(958)) - Added filter static_user_filter (class=org.apache.hadoop.http.lib.StaticUserWebFilter$StaticUserFilter) to context static
2019-09-19 10:29:13,437 [Thread-1072] INFO  http.HttpServer2 (HttpServer2.java:bindListener(1191)) - Jetty bound to port 36280
2019-09-19 10:29:13,438 [Thread-1072] INFO  server.Server (Server.java:doStart(351)) - jetty-9.3.24.v20180605, build timestamp: 2018-06-05T17:11:56Z, git hash: 84205aa28f11a4f31f2a3b86d1bba2cc8ab69827
2019-09-19 10:29:13,439 [Thread-1072] INFO  handler.ContextHandler (ContextHandler.java:doStart(781)) - Started o.e.j.s.ServletContextHandler@6e81c9f8{/logs,file:///workdir/hadoop-ozone/ozonefs/target/log,AVAILABLE}
2019-09-19 10:29:13,439 [Thread-1072] INFO  handler.ContextHandler (ContextHandler.java:doStart(781)) - Started o.e.j.s.ServletContextHandler@62b2c94f{/static,jar:file:/home/user/.m2/repository/org/apache/hadoop/hadoop-ozone-ozone-manager/0.5.0-SNAPSHOT/hadoop-ozone-ozone-manager-0.5.0-SNAPSHOT.jar!/webapps/static,AVAILABLE}
2019-09-19 10:29:13,483 [Thread-1072] INFO  handler.ContextHandler (ContextHandler.java:doStart(781)) - Started o.e.j.w.WebAppContext@59239aee{/,file:///tmp/jetty-0.0.0.0-36280-ozoneManager-_-any-7746190149105268120.dir/webapp/,AVAILABLE}{/ozoneManager}
2019-09-19 10:29:13,485 [Thread-1072] INFO  server.AbstractConnector (AbstractConnector.java:doStart(278)) - Started ServerConnector@7a38649b{HTTP/1.1,[http/1.1]}{0.0.0.0:36280}
2019-09-19 10:29:13,485 [Thread-1072] INFO  server.Server (Server.java:doStart(419)) - Started @104595ms
2019-09-19 10:29:13,486 [Thread-1072] INFO  server.BaseHttpServer (BaseHttpServer.java:updateConnectorAddress(213)) - HTTP server of OZONEMANAGER is listening at http://0.0.0.0:36280
2019-09-19 10:29:13,494 [Thread-1072] INFO  impl.MetricsSystemImpl (MetricsSystemImpl.java:init(158)) - HddsDatanode metrics system started (again)
2019-09-19 10:29:13,496 [Thread-1072] INFO  ozone.HddsDatanodeService (HddsDatanodeService.java:start(184)) - HddsDatanodeService host:pr-hdds-1569-cpgw4-1311585219 ip:192.168.157.204
2019-09-19 10:29:13,502 [Thread-1072] INFO  volume.HddsVolume (HddsVolume.java:<init>(176)) - Creating Volume: /workdir/hadoop-ozone/ozonefs/target/test-dir/MiniOzoneClusterImpl-ad08a619-39fc-4bc9-b221-9d2c6ebabba4/datanode-0/data/containers/hdds of  storage type : DISK and capacity : 1482555576320
2019-09-19 10:29:13,502 [Thread-1072] INFO  volume.VolumeSet (VolumeSet.java:initializeVolumeSet(170)) - Added Volume : /workdir/hadoop-ozone/ozonefs/target/test-dir/MiniOzoneClusterImpl-ad08a619-39fc-4bc9-b221-9d2c6ebabba4/datanode-0/data/containers/hdds to VolumeSet
2019-09-19 10:29:13,502 [Thread-1072] INFO  volume.ThrottledAsyncChecker (ThrottledAsyncChecker.java:schedule(140)) - Scheduling a check for org.apache.hadoop.ozone.container.common.volume.HddsVolume@3a05277b
2019-09-19 10:29:13,502 [Thread-1072] INFO  volume.HddsVolumeChecker (HddsVolumeChecker.java:checkAllVolumes(203)) - Scheduled health check for volume org.apache.hadoop.ozone.container.common.volume.HddsVolume@3a05277b
2019-09-19 10:29:13,524 [Thread-1072] INFO  impl.RaftServerProxy (ConfUtils.java:logGet(43)) - raft.rpc.type = GRPC (default)
2019-09-19 10:29:13,525 [Thread-1072] INFO  grpc.GrpcFactory (GrpcFactory.java:checkPooledByteBufAllocatorUseCacheForAllThreads(45)) - PERFORMANCE WARNING: useCacheForAllThreads is true that may cause Netty to create a lot garbage objects and, as a result, trigger GC.
	It is recommended to disable useCacheForAllThreads by setting -Dorg.apache.ratis.thirdparty.io.netty.allocator.useCacheForAllThreads=false in command line.
2019-09-19 10:29:13,525 [Thread-1072] INFO  grpc.GrpcConfigKeys$Server (ConfUtils.java:logGet(43)) - raft.grpc.server.port = 0 (default)
2019-09-19 10:29:13,525 [Thread-1072] INFO  server.GrpcService (ConfUtils.java:logGet(43)) - raft.grpc.message.size.max = 33570816 (custom)
2019-09-19 10:29:13,525 [Thread-1072] INFO  server.RaftServerConfigKeys (ConfUtils.java:logGet(43)) - raft.server.log.appender.buffer.byte-limit = 33554432 (custom)
2019-09-19 10:29:13,526 [Thread-1072] INFO  server.GrpcService (ConfUtils.java:logGet(43)) - raft.grpc.flow.control.window = 1MB (=1048576) (default)
2019-09-19 10:29:13,526 [Thread-1072] INFO  server.RaftServerConfigKeys (ConfUtils.java:logGet(43)) - raft.server.rpc.request.timeout = 3000ms (default)
2019-09-19 10:29:13,528 [Thread-1072] INFO  server.RaftServerConfigKeys (ConfUtils.java:logGet(43)) - raft.server.storage.dir = [/workdir/hadoop-ozone/ozonefs/target/test-dir/MiniOzoneClusterImpl-ad08a619-39fc-4bc9-b221-9d2c6ebabba4/datanode-0/data/ratis] (custom)
2019-09-19 10:29:13,528 [Thread-1072] INFO  replication.SimpleContainerDownloader (SimpleContainerDownloader.java:<init>(72)) - Starting container downloader service to copy containers to replicate.
2019-09-19 10:29:13,530 [Thread-1072] INFO  hdfs.DFSUtil (DFSUtil.java:httpServerTemplateForNNAndJN(1641)) - Starting Web-server for hddsDatanode at: http://0.0.0.0:0
2019-09-19 10:29:13,532 [Thread-1072] INFO  server.AuthenticationFilter (AuthenticationFilter.java:constructSecretProvider(240)) - Unable to initialize FileSignerSecretProvider, falling back to use random secrets.
2019-09-19 10:29:13,532 [Thread-1072] WARN  http.HttpRequestLog (HttpRequestLog.java:getRequestLog(97)) - Jetty request log can only be enabled using Log4j
2019-09-19 10:29:13,535 [Thread-1072] INFO  http.HttpServer2 (HttpServer2.java:addGlobalFilter(975)) - Added global filter 'safety' (class=org.apache.hadoop.http.HttpServer2$QuotingInputFilter)
2019-09-19 10:29:13,536 [Thread-1072] INFO  http.HttpServer2 (HttpServer2.java:addFilter(948)) - Added filter static_user_filter (class=org.apache.hadoop.http.lib.StaticUserWebFilter$StaticUserFilter) to context hddsDatanode
2019-09-19 10:29:13,536 [Thread-1072] INFO  http.HttpServer2 (HttpServer2.java:addFilter(958)) - Added filter static_user_filter (class=org.apache.hadoop.http.lib.StaticUserWebFilter$StaticUserFilter) to context logs
2019-09-19 10:29:13,536 [Thread-1072] INFO  http.HttpServer2 (HttpServer2.java:addFilter(958)) - Added filter static_user_filter (class=org.apache.hadoop.http.lib.StaticUserWebFilter$StaticUserFilter) to context static
2019-09-19 10:29:13,537 [Thread-1072] INFO  http.HttpServer2 (HttpServer2.java:bindListener(1191)) - Jetty bound to port 44537
2019-09-19 10:29:13,537 [Thread-1072] INFO  server.Server (Server.java:doStart(351)) - jetty-9.3.24.v20180605, build timestamp: 2018-06-05T17:11:56Z, git hash: 84205aa28f11a4f31f2a3b86d1bba2cc8ab69827
2019-09-19 10:29:13,539 [Thread-1072] INFO  handler.ContextHandler (ContextHandler.java:doStart(781)) - Started o.e.j.s.ServletContextHandler@26ab156d{/logs,file:///workdir/hadoop-ozone/ozonefs/target/log,AVAILABLE}
2019-09-19 10:29:13,540 [Thread-1072] INFO  handler.ContextHandler (ContextHandler.java:doStart(781)) - Started o.e.j.s.ServletContextHandler@7876bcca{/static,jar:file:/home/user/.m2/repository/org/apache/hadoop/hadoop-hdds-container-service/0.5.0-SNAPSHOT/hadoop-hdds-container-service-0.5.0-SNAPSHOT.jar!/webapps/static,AVAILABLE}
2019-09-19 10:29:13,575 [Thread-1072] INFO  handler.ContextHandler (ContextHandler.java:doStart(781)) - Started o.e.j.w.WebAppContext@2ce1f18d{/,file:///tmp/jetty-0.0.0.0-44537-hddsDatanode-_-any-1186105440251076466.dir/webapp/,AVAILABLE}{/hddsDatanode}
2019-09-19 10:29:13,575 [Thread-1072] INFO  server.AbstractConnector (AbstractConnector.java:doStart(278)) - Started ServerConnector@a830c0f{HTTP/1.1,[http/1.1]}{0.0.0.0:44537}
2019-09-19 10:29:13,576 [Thread-1072] INFO  server.Server (Server.java:doStart(419)) - Started @104685ms
2019-09-19 10:29:13,577 [Thread-1072] INFO  server.BaseHttpServer (BaseHttpServer.java:updateConnectorAddress(213)) - HTTP server of HDDSDATANODE is listening at http://0.0.0.0:44537
2019-09-19 10:29:13,718 | INFO  | ObjectStoreRestHttpServer | Listening HDDS REST traffic on /0.0.0.0:33053 |  
2019-09-19 10:29:13,718 [Thread-1072] INFO  ozone.HddsDatanodeService (HddsDatanodeService.java:startPlugins(395)) - Started plug-in org.apache.hadoop.ozone.web.OzoneHddsDatanodeService@5921110e
2019-09-19 10:29:13,718 [Thread-1072] INFO  impl.MetricsSystemImpl (MetricsSystemImpl.java:init(158)) - HddsDatanode metrics system started (again)
2019-09-19 10:29:13,720 [Thread-1072] INFO  ozone.HddsDatanodeService (HddsDatanodeService.java:start(184)) - HddsDatanodeService host:pr-hdds-1569-cpgw4-1311585219 ip:192.168.157.204
2019-09-19 10:29:13,720 [org.apache.hadoop.util.JvmPauseMonitor$Monitor@80b2a96] INFO  util.JvmPauseMonitor (JvmPauseMonitor.java:run(188)) - Starting JVM pause monitor
2019-09-19 10:29:13,723 [Datanode State Machine Thread - 0] INFO  datanode.InitDatanodeState (InitDatanodeState.java:persistContainerDatanodeDetails(140)) - DatanodeDetails is persisted to /workdir/hadoop-ozone/ozonefs/target/test-dir/MiniOzoneClusterImpl-ad08a619-39fc-4bc9-b221-9d2c6ebabba4/datanode-0/meta/datanode.id
2019-09-19 10:29:13,727 [Thread-1072] INFO  volume.HddsVolume (HddsVolume.java:<init>(176)) - Creating Volume: /workdir/hadoop-ozone/ozonefs/target/test-dir/MiniOzoneClusterImpl-ad08a619-39fc-4bc9-b221-9d2c6ebabba4/datanode-1/data/containers/hdds of  storage type : DISK and capacity : 1482555576320
2019-09-19 10:29:13,727 [Thread-1072] INFO  volume.VolumeSet (VolumeSet.java:initializeVolumeSet(170)) - Added Volume : /workdir/hadoop-ozone/ozonefs/target/test-dir/MiniOzoneClusterImpl-ad08a619-39fc-4bc9-b221-9d2c6ebabba4/datanode-1/data/containers/hdds to VolumeSet
2019-09-19 10:29:13,728 [Thread-1072] INFO  volume.ThrottledAsyncChecker (ThrottledAsyncChecker.java:schedule(140)) - Scheduling a check for org.apache.hadoop.ozone.container.common.volume.HddsVolume@35251675
2019-09-19 10:29:13,728 [Thread-1072] INFO  volume.HddsVolumeChecker (HddsVolumeChecker.java:checkAllVolumes(203)) - Scheduled health check for volume org.apache.hadoop.ozone.container.common.volume.HddsVolume@35251675
2019-09-19 10:29:13,748 [Thread-1072] INFO  impl.RaftServerProxy (ConfUtils.java:logGet(43)) - raft.rpc.type = GRPC (default)
2019-09-19 10:29:13,748 [Thread-1072] INFO  grpc.GrpcFactory (GrpcFactory.java:checkPooledByteBufAllocatorUseCacheForAllThreads(45)) - PERFORMANCE WARNING: useCacheForAllThreads is true that may cause Netty to create a lot garbage objects and, as a result, trigger GC.
	It is recommended to disable useCacheForAllThreads by setting -Dorg.apache.ratis.thirdparty.io.netty.allocator.useCacheForAllThreads=false in command line.
2019-09-19 10:29:13,748 [Thread-1072] INFO  grpc.GrpcConfigKeys$Server (ConfUtils.java:logGet(43)) - raft.grpc.server.port = 0 (default)
2019-09-19 10:29:13,748 [Thread-1072] INFO  server.GrpcService (ConfUtils.java:logGet(43)) - raft.grpc.message.size.max = 33570816 (custom)
2019-09-19 10:29:13,748 [Thread-1072] INFO  server.RaftServerConfigKeys (ConfUtils.java:logGet(43)) - raft.server.log.appender.buffer.byte-limit = 33554432 (custom)
2019-09-19 10:29:13,748 [Thread-1072] INFO  server.GrpcService (ConfUtils.java:logGet(43)) - raft.grpc.flow.control.window = 1MB (=1048576) (default)
2019-09-19 10:29:13,748 [Thread-1072] INFO  server.RaftServerConfigKeys (ConfUtils.java:logGet(43)) - raft.server.rpc.request.timeout = 3000ms (default)
2019-09-19 10:29:13,749 [Thread-1072] INFO  server.RaftServerConfigKeys (ConfUtils.java:logGet(43)) - raft.server.storage.dir = [/workdir/hadoop-ozone/ozonefs/target/test-dir/MiniOzoneClusterImpl-ad08a619-39fc-4bc9-b221-9d2c6ebabba4/datanode-1/data/ratis] (custom)
2019-09-19 10:29:13,750 [Thread-1072] INFO  replication.SimpleContainerDownloader (SimpleContainerDownloader.java:<init>(72)) - Starting container downloader service to copy containers to replicate.
2019-09-19 10:29:13,751 [Thread-1072] INFO  hdfs.DFSUtil (DFSUtil.java:httpServerTemplateForNNAndJN(1641)) - Starting Web-server for hddsDatanode at: http://0.0.0.0:0
2019-09-19 10:29:13,754 [Thread-1072] INFO  server.AuthenticationFilter (AuthenticationFilter.java:constructSecretProvider(240)) - Unable to initialize FileSignerSecretProvider, falling back to use random secrets.
2019-09-19 10:29:13,754 [Thread-1072] WARN  http.HttpRequestLog (HttpRequestLog.java:getRequestLog(97)) - Jetty request log can only be enabled using Log4j
2019-09-19 10:29:13,757 [Thread-1072] INFO  http.HttpServer2 (HttpServer2.java:addGlobalFilter(975)) - Added global filter 'safety' (class=org.apache.hadoop.http.HttpServer2$QuotingInputFilter)
2019-09-19 10:29:13,758 [Thread-1072] INFO  http.HttpServer2 (HttpServer2.java:addFilter(948)) - Added filter static_user_filter (class=org.apache.hadoop.http.lib.StaticUserWebFilter$StaticUserFilter) to context hddsDatanode
2019-09-19 10:29:13,758 [Thread-1072] INFO  http.HttpServer2 (HttpServer2.java:addFilter(958)) - Added filter static_user_filter (class=org.apache.hadoop.http.lib.StaticUserWebFilter$StaticUserFilter) to context logs
2019-09-19 10:29:13,758 [Thread-1072] INFO  http.HttpServer2 (HttpServer2.java:addFilter(958)) - Added filter static_user_filter (class=org.apache.hadoop.http.lib.StaticUserWebFilter$StaticUserFilter) to context static
2019-09-19 10:29:13,759 [Thread-1072] INFO  http.HttpServer2 (HttpServer2.java:bindListener(1191)) - Jetty bound to port 35440
2019-09-19 10:29:13,759 [Thread-1072] INFO  server.Server (Server.java:doStart(351)) - jetty-9.3.24.v20180605, build timestamp: 2018-06-05T17:11:56Z, git hash: 84205aa28f11a4f31f2a3b86d1bba2cc8ab69827
2019-09-19 10:29:13,761 [Thread-1072] INFO  handler.ContextHandler (ContextHandler.java:doStart(781)) - Started o.e.j.s.ServletContextHandler@8f03af3{/logs,file:///workdir/hadoop-ozone/ozonefs/target/log,AVAILABLE}
2019-09-19 10:29:13,761 [Thread-1072] INFO  handler.ContextHandler (ContextHandler.java:doStart(781)) - Started o.e.j.s.ServletContextHandler@7517c59f{/static,jar:file:/home/user/.m2/repository/org/apache/hadoop/hadoop-hdds-container-service/0.5.0-SNAPSHOT/hadoop-hdds-container-service-0.5.0-SNAPSHOT.jar!/webapps/static,AVAILABLE}
2019-09-19 10:29:13,793 [Thread-1072] INFO  handler.ContextHandler (ContextHandler.java:doStart(781)) - Started o.e.j.w.WebAppContext@16e75513{/,file:///tmp/jetty-0.0.0.0-35440-hddsDatanode-_-any-7471685202617311265.dir/webapp/,AVAILABLE}{/hddsDatanode}
2019-09-19 10:29:13,794 [Thread-1072] INFO  server.AbstractConnector (AbstractConnector.java:doStart(278)) - Started ServerConnector@59513aee{HTTP/1.1,[http/1.1]}{0.0.0.0:35440}
2019-09-19 10:29:13,794 [Thread-1072] INFO  server.Server (Server.java:doStart(419)) - Started @104903ms
2019-09-19 10:29:13,794 [Thread-1072] INFO  server.BaseHttpServer (BaseHttpServer.java:updateConnectorAddress(213)) - HTTP server of HDDSDATANODE is listening at http://0.0.0.0:35440
2019-09-19 10:29:13,907 | INFO  | ObjectStoreRestHttpServer | Listening HDDS REST traffic on /0.0.0.0:46510 |  
2019-09-19 10:29:13,907 [Thread-1072] INFO  ozone.HddsDatanodeService (HddsDatanodeService.java:startPlugins(395)) - Started plug-in org.apache.hadoop.ozone.web.OzoneHddsDatanodeService@30786dff
2019-09-19 10:29:13,908 [Thread-1072] INFO  impl.MetricsSystemImpl (MetricsSystemImpl.java:init(158)) - HddsDatanode metrics system started (again)
2019-09-19 10:29:13,909 [org.apache.hadoop.util.JvmPauseMonitor$Monitor@168c29b9] INFO  util.JvmPauseMonitor (JvmPauseMonitor.java:run(188)) - Starting JVM pause monitor
2019-09-19 10:29:13,909 [Thread-1072] INFO  ozone.HddsDatanodeService (HddsDatanodeService.java:start(184)) - HddsDatanodeService host:pr-hdds-1569-cpgw4-1311585219 ip:192.168.157.204
2019-09-19 10:29:13,911 [Datanode State Machine Thread - 0] INFO  datanode.InitDatanodeState (InitDatanodeState.java:persistContainerDatanodeDetails(140)) - DatanodeDetails is persisted to /workdir/hadoop-ozone/ozonefs/target/test-dir/MiniOzoneClusterImpl-ad08a619-39fc-4bc9-b221-9d2c6ebabba4/datanode-1/meta/datanode.id
2019-09-19 10:29:13,915 [Thread-1072] INFO  volume.HddsVolume (HddsVolume.java:<init>(176)) - Creating Volume: /workdir/hadoop-ozone/ozonefs/target/test-dir/MiniOzoneClusterImpl-ad08a619-39fc-4bc9-b221-9d2c6ebabba4/datanode-2/data/containers/hdds of  storage type : DISK and capacity : 1482555576320
2019-09-19 10:29:13,916 [Thread-1072] INFO  volume.VolumeSet (VolumeSet.java:initializeVolumeSet(170)) - Added Volume : /workdir/hadoop-ozone/ozonefs/target/test-dir/MiniOzoneClusterImpl-ad08a619-39fc-4bc9-b221-9d2c6ebabba4/datanode-2/data/containers/hdds to VolumeSet
2019-09-19 10:29:13,916 [Thread-1072] INFO  volume.ThrottledAsyncChecker (ThrottledAsyncChecker.java:schedule(140)) - Scheduling a check for org.apache.hadoop.ozone.container.common.volume.HddsVolume@2e1089c
2019-09-19 10:29:13,916 [Thread-1072] INFO  volume.HddsVolumeChecker (HddsVolumeChecker.java:checkAllVolumes(203)) - Scheduled health check for volume org.apache.hadoop.ozone.container.common.volume.HddsVolume@2e1089c
2019-09-19 10:29:13,933 [Thread-1072] INFO  impl.RaftServerProxy (ConfUtils.java:logGet(43)) - raft.rpc.type = GRPC (default)
2019-09-19 10:29:13,934 [Thread-1072] INFO  grpc.GrpcFactory (GrpcFactory.java:checkPooledByteBufAllocatorUseCacheForAllThreads(45)) - PERFORMANCE WARNING: useCacheForAllThreads is true that may cause Netty to create a lot garbage objects and, as a result, trigger GC.
	It is recommended to disable useCacheForAllThreads by setting -Dorg.apache.ratis.thirdparty.io.netty.allocator.useCacheForAllThreads=false in command line.
2019-09-19 10:29:13,934 [Thread-1072] INFO  grpc.GrpcConfigKeys$Server (ConfUtils.java:logGet(43)) - raft.grpc.server.port = 0 (default)
2019-09-19 10:29:13,934 [Thread-1072] INFO  server.GrpcService (ConfUtils.java:logGet(43)) - raft.grpc.message.size.max = 33570816 (custom)
2019-09-19 10:29:13,934 [Thread-1072] INFO  server.RaftServerConfigKeys (ConfUtils.java:logGet(43)) - raft.server.log.appender.buffer.byte-limit = 33554432 (custom)
2019-09-19 10:29:13,934 [Thread-1072] INFO  server.GrpcService (ConfUtils.java:logGet(43)) - raft.grpc.flow.control.window = 1MB (=1048576) (default)
2019-09-19 10:29:13,934 [Thread-1072] INFO  server.RaftServerConfigKeys (ConfUtils.java:logGet(43)) - raft.server.rpc.request.timeout = 3000ms (default)
2019-09-19 10:29:13,935 [Thread-1072] INFO  server.RaftServerConfigKeys (ConfUtils.java:logGet(43)) - raft.server.storage.dir = [/workdir/hadoop-ozone/ozonefs/target/test-dir/MiniOzoneClusterImpl-ad08a619-39fc-4bc9-b221-9d2c6ebabba4/datanode-2/data/ratis] (custom)
2019-09-19 10:29:13,935 [Thread-1072] INFO  replication.SimpleContainerDownloader (SimpleContainerDownloader.java:<init>(72)) - Starting container downloader service to copy containers to replicate.
2019-09-19 10:29:13,936 [Thread-1072] INFO  hdfs.DFSUtil (DFSUtil.java:httpServerTemplateForNNAndJN(1641)) - Starting Web-server for hddsDatanode at: http://0.0.0.0:0
2019-09-19 10:29:13,937 [Thread-1072] INFO  server.AuthenticationFilter (AuthenticationFilter.java:constructSecretProvider(240)) - Unable to initialize FileSignerSecretProvider, falling back to use random secrets.
2019-09-19 10:29:13,938 [Thread-1072] WARN  http.HttpRequestLog (HttpRequestLog.java:getRequestLog(97)) - Jetty request log can only be enabled using Log4j
2019-09-19 10:29:13,939 [Thread-1072] INFO  http.HttpServer2 (HttpServer2.java:addGlobalFilter(975)) - Added global filter 'safety' (class=org.apache.hadoop.http.HttpServer2$QuotingInputFilter)
2019-09-19 10:29:13,940 [Thread-1072] INFO  http.HttpServer2 (HttpServer2.java:addFilter(948)) - Added filter static_user_filter (class=org.apache.hadoop.http.lib.StaticUserWebFilter$StaticUserFilter) to context hddsDatanode
2019-09-19 10:29:13,940 [Thread-1072] INFO  http.HttpServer2 (HttpServer2.java:addFilter(958)) - Added filter static_user_filter (class=org.apache.hadoop.http.lib.StaticUserWebFilter$StaticUserFilter) to context static
2019-09-19 10:29:13,940 [Thread-1072] INFO  http.HttpServer2 (HttpServer2.java:addFilter(958)) - Added filter static_user_filter (class=org.apache.hadoop.http.lib.StaticUserWebFilter$StaticUserFilter) to context logs
2019-09-19 10:29:13,940 [Thread-1072] INFO  http.HttpServer2 (HttpServer2.java:bindListener(1191)) - Jetty bound to port 45980
2019-09-19 10:29:13,941 [Thread-1072] INFO  server.Server (Server.java:doStart(351)) - jetty-9.3.24.v20180605, build timestamp: 2018-06-05T17:11:56Z, git hash: 84205aa28f11a4f31f2a3b86d1bba2cc8ab69827
2019-09-19 10:29:13,942 [Thread-1072] INFO  handler.ContextHandler (ContextHandler.java:doStart(781)) - Started o.e.j.s.ServletContextHandler@75ac9ff1{/logs,file:///workdir/hadoop-ozone/ozonefs/target/log,AVAILABLE}
2019-09-19 10:29:13,942 [Thread-1072] INFO  handler.ContextHandler (ContextHandler.java:doStart(781)) - Started o.e.j.s.ServletContextHandler@2f2ea97c{/static,jar:file:/home/user/.m2/repository/org/apache/hadoop/hadoop-hdds-container-service/0.5.0-SNAPSHOT/hadoop-hdds-container-service-0.5.0-SNAPSHOT.jar!/webapps/static,AVAILABLE}
2019-09-19 10:29:13,967 [Thread-1072] INFO  handler.ContextHandler (ContextHandler.java:doStart(781)) - Started o.e.j.w.WebAppContext@61bc446e{/,file:///tmp/jetty-0.0.0.0-45980-hddsDatanode-_-any-8482094281788997453.dir/webapp/,AVAILABLE}{/hddsDatanode}
2019-09-19 10:29:13,967 [Thread-1072] INFO  server.AbstractConnector (AbstractConnector.java:doStart(278)) - Started ServerConnector@a65683c{HTTP/1.1,[http/1.1]}{0.0.0.0:45980}
2019-09-19 10:29:13,968 [Thread-1072] INFO  server.Server (Server.java:doStart(419)) - Started @105077ms
2019-09-19 10:29:13,969 [Thread-1072] INFO  server.BaseHttpServer (BaseHttpServer.java:updateConnectorAddress(213)) - HTTP server of HDDSDATANODE is listening at http://0.0.0.0:45980
2019-09-19 10:29:14,078 | INFO  | ObjectStoreRestHttpServer | Listening HDDS REST traffic on /0.0.0.0:42814 |  
2019-09-19 10:29:14,078 [Thread-1072] INFO  ozone.HddsDatanodeService (HddsDatanodeService.java:startPlugins(395)) - Started plug-in org.apache.hadoop.ozone.web.OzoneHddsDatanodeService@809d39f
2019-09-19 10:29:14,078 [Thread-1072] INFO  ozone.MiniOzoneClusterImpl (MiniOzoneClusterImpl.java:lambda$waitForClusterToBeReady$0(142)) - Waiting for cluster to be ready. Got 0 of 3 DN Heartbeats.
2019-09-19 10:29:14,080 [org.apache.hadoop.util.JvmPauseMonitor$Monitor@55ef064d] INFO  util.JvmPauseMonitor (JvmPauseMonitor.java:run(188)) - Starting JVM pause monitor
2019-09-19 10:29:14,082 [Datanode State Machine Thread - 0] INFO  datanode.InitDatanodeState (InitDatanodeState.java:persistContainerDatanodeDetails(140)) - DatanodeDetails is persisted to /workdir/hadoop-ozone/ozonefs/target/test-dir/MiniOzoneClusterImpl-ad08a619-39fc-4bc9-b221-9d2c6ebabba4/datanode-2/meta/datanode.id
2019-09-19 10:29:15,079 [Thread-1072] INFO  ozone.MiniOzoneClusterImpl (MiniOzoneClusterImpl.java:lambda$waitForClusterToBeReady$0(142)) - Waiting for cluster to be ready. Got 0 of 3 DN Heartbeats.
2019-09-19 10:29:15,726 | INFO  | SCMAudit | user=jenkins1000 | ip=192.168.157.204 | op=GET_VERSION null | ret=SUCCESS |  
2019-09-19 10:29:15,741 [Datanode State Machine Thread - 0] INFO  ozoneimpl.OzoneContainer (OzoneContainer.java:start(186)) - Attempting to start container services.
2019-09-19 10:29:15,741 [Datanode State Machine Thread - 0] INFO  ozoneimpl.OzoneContainer (OzoneContainer.java:startContainerScrub(160)) - Background container scrubber has been disabled by hdds.containerscrub.enabled
2019-09-19 10:29:15,741 [Datanode State Machine Thread - 0] INFO  ratis.XceiverServerRatis (XceiverServerRatis.java:start(404)) - Starting XceiverServerRatis 6a95ede2-7a61-476d-865e-bbd6dad7bd6d at port 0
2019-09-19 10:29:15,747 [Datanode State Machine Thread - 0] INFO  impl.RaftServerProxy (RaftServerProxy.java:lambda$start$3(299)) - 6a95ede2-7a61-476d-865e-bbd6dad7bd6d: start RPC server
2019-09-19 10:29:15,750 [Datanode State Machine Thread - 0] INFO  server.GrpcService (GrpcService.java:startImpl(149)) - 6a95ede2-7a61-476d-865e-bbd6dad7bd6d: GrpcService started, listening on 0.0.0.0/0.0.0.0:32777
2019-09-19 10:29:15,750 [Datanode State Machine Thread - 0] INFO  ratis.XceiverServerRatis (XceiverServerRatis.java:start(414)) - XceiverServerRatis 6a95ede2-7a61-476d-865e-bbd6dad7bd6d is started using port 32777
2019-09-19 10:29:15,751 [Datanode State Machine Thread - 0] INFO  server.XceiverServerGrpc (XceiverServerGrpc.java:start(163)) - XceiverServerGrpc 6a95ede2-7a61-476d-865e-bbd6dad7bd6d is started using port 37647
2019-09-19 10:29:15,911 | INFO  | SCMAudit | user=jenkins1000 | ip=192.168.157.204 | op=GET_VERSION null | ret=SUCCESS |  
2019-09-19 10:29:15,926 [Datanode State Machine Thread - 0] INFO  ozoneimpl.OzoneContainer (OzoneContainer.java:start(186)) - Attempting to start container services.
2019-09-19 10:29:15,926 [Datanode State Machine Thread - 0] INFO  ozoneimpl.OzoneContainer (OzoneContainer.java:startContainerScrub(160)) - Background container scrubber has been disabled by hdds.containerscrub.enabled
2019-09-19 10:29:15,926 [Datanode State Machine Thread - 0] INFO  ratis.XceiverServerRatis (XceiverServerRatis.java:start(404)) - Starting XceiverServerRatis 2dc4f242-a089-4bf0-b8a0-2b386513388d at port 0
2019-09-19 10:29:15,933 [Datanode State Machine Thread - 0] INFO  impl.RaftServerProxy (RaftServerProxy.java:lambda$start$3(299)) - 2dc4f242-a089-4bf0-b8a0-2b386513388d: start RPC server
2019-09-19 10:29:15,933 [Datanode State Machine Thread - 0] INFO  server.GrpcService (GrpcService.java:startImpl(149)) - 2dc4f242-a089-4bf0-b8a0-2b386513388d: GrpcService started, listening on 0.0.0.0/0.0.0.0:33647
2019-09-19 10:29:15,934 [Datanode State Machine Thread - 0] INFO  ratis.XceiverServerRatis (XceiverServerRatis.java:start(414)) - XceiverServerRatis 2dc4f242-a089-4bf0-b8a0-2b386513388d is started using port 33647
2019-09-19 10:29:15,934 [Datanode State Machine Thread - 0] INFO  server.XceiverServerGrpc (XceiverServerGrpc.java:start(163)) - XceiverServerGrpc 2dc4f242-a089-4bf0-b8a0-2b386513388d is started using port 34061
2019-09-19 10:29:16,079 [Thread-1072] INFO  ozone.MiniOzoneClusterImpl (MiniOzoneClusterImpl.java:lambda$waitForClusterToBeReady$0(142)) - Waiting for cluster to be ready. Got 0 of 3 DN Heartbeats.
2019-09-19 10:29:16,080 | INFO  | SCMAudit | user=jenkins1000 | ip=192.168.157.204 | op=GET_VERSION null | ret=SUCCESS |  
2019-09-19 10:29:16,095 [Datanode State Machine Thread - 0] INFO  ozoneimpl.OzoneContainer (OzoneContainer.java:start(186)) - Attempting to start container services.
2019-09-19 10:29:16,095 [Datanode State Machine Thread - 0] INFO  ozoneimpl.OzoneContainer (OzoneContainer.java:startContainerScrub(160)) - Background container scrubber has been disabled by hdds.containerscrub.enabled
2019-09-19 10:29:16,095 [Datanode State Machine Thread - 0] INFO  ratis.XceiverServerRatis (XceiverServerRatis.java:start(404)) - Starting XceiverServerRatis 89ed85b1-8176-4dfc-9ccd-1d09931ed65a at port 0
2019-09-19 10:29:16,100 [Datanode State Machine Thread - 0] INFO  impl.RaftServerProxy (RaftServerProxy.java:lambda$start$3(299)) - 89ed85b1-8176-4dfc-9ccd-1d09931ed65a: start RPC server
2019-09-19 10:29:16,100 [Datanode State Machine Thread - 0] INFO  server.GrpcService (GrpcService.java:startImpl(149)) - 89ed85b1-8176-4dfc-9ccd-1d09931ed65a: GrpcService started, listening on 0.0.0.0/0.0.0.0:41845
2019-09-19 10:29:16,100 [Datanode State Machine Thread - 0] INFO  ratis.XceiverServerRatis (XceiverServerRatis.java:start(414)) - XceiverServerRatis 89ed85b1-8176-4dfc-9ccd-1d09931ed65a is started using port 41845
2019-09-19 10:29:16,101 [Datanode State Machine Thread - 0] INFO  server.XceiverServerGrpc (XceiverServerGrpc.java:start(163)) - XceiverServerGrpc 89ed85b1-8176-4dfc-9ccd-1d09931ed65a is started using port 42057
2019-09-19 10:29:17,079 [Thread-1072] INFO  ozone.MiniOzoneClusterImpl (MiniOzoneClusterImpl.java:lambda$waitForClusterToBeReady$0(142)) - Waiting for cluster to be ready. Got 0 of 3 DN Heartbeats.
2019-09-19 10:29:17,725 [IPC Server handler 1 on 35262] INFO  net.NetworkTopology (NetworkTopologyImpl.java:add(110)) - Added a new node: /default-rack/6a95ede2-7a61-476d-865e-bbd6dad7bd6d
2019-09-19 10:29:17,726 [IPC Server handler 1 on 35262] INFO  node.SCMNodeManager (SCMNodeManager.java:register(273)) - Registered Data node : 6a95ede2-7a61-476d-865e-bbd6dad7bd6d{ip: 192.168.157.204, host: pr-hdds-1569-cpgw4-1311585219, networkLocation: /default-rack, certSerialId: null}
2019-09-19 10:29:17,727 [EventQueue-NodeRegistrationContainerReportForDataNodeSafeModeRule] INFO  safemode.SCMSafeModeManager (DataNodeSafeModeRule.java:process(71)) - SCM in safe mode. 1 DataNodes registered, 1 required.
2019-09-19 10:29:17,727 | INFO  | SCMAudit | user=jenkins1000 | ip=192.168.157.204 | op=REGISTER {datanodeDetails=6a95ede2-7a61-476d-865e-bbd6dad7bd6d{ip: 192.168.157.204, host: pr-hdds-1569-cpgw4-1311585219, networkLocation: /default-rack, certSerialId: null}} | ret=SUCCESS |  
2019-09-19 10:29:17,728 [EventQueue-NodeRegistrationContainerReportForDataNodeSafeModeRule] INFO  safemode.SCMSafeModeManager (SCMSafeModeManager.java:validateSafeModeExitRules(177)) - ScmSafeModeManager, all rules are successfully validated
2019-09-19 10:29:17,728 [EventQueue-NodeRegistrationContainerReportForDataNodeSafeModeRule] INFO  safemode.SCMSafeModeManager (SCMSafeModeManager.java:exitSafeMode(193)) - SCM exiting safe mode.
2019-09-19 10:29:17,742 [grpc-default-executor-0] INFO  impl.RaftServerProxy (RaftServerProxy.java:addNew(89)) - 6a95ede2-7a61-476d-865e-bbd6dad7bd6d: addNew group-4B782F2AE591:[6a95ede2-7a61-476d-865e-bbd6dad7bd6d:192.168.157.204:32777] returns group-4B782F2AE591:java.util.concurrent.CompletableFuture@30c0fbce[Not completed]
2019-09-19 10:29:17,744 [pool-239-thread-1] INFO  impl.RaftServerImpl (RaftServerImpl.java:<init>(93)) - 6a95ede2-7a61-476d-865e-bbd6dad7bd6d: new RaftServerImpl for group-4B782F2AE591:[6a95ede2-7a61-476d-865e-bbd6dad7bd6d:192.168.157.204:32777] with ContainerStateMachine:uninitialized
2019-09-19 10:29:17,744 [pool-239-thread-1] INFO  server.RaftServerConfigKeys (ConfUtils.java:logGet(43)) - raft.server.rpc.timeout.min = 5s (custom)
2019-09-19 10:29:17,744 [pool-239-thread-1] INFO  server.RaftServerConfigKeys (ConfUtils.java:logGet(43)) - raft.server.rpc.timeout.max = 5200ms (custom)
2019-09-19 10:29:17,744 [pool-239-thread-1] INFO  server.RaftServerConfigKeys (ConfUtils.java:logGet(43)) - raft.server.rpcslowness.timeout = 120s (custom)
2019-09-19 10:29:17,744 [pool-239-thread-1] INFO  server.RaftServerConfigKeys (ConfUtils.java:logGet(43)) - raft.server.sleep.deviation.threshold = 300 (default)
2019-09-19 10:29:17,744 [pool-239-thread-1] INFO  server.RaftServerConfigKeys (ConfUtils.java:logGet(43)) - raft.server.log.appender.install.snapshot.enabled = false (custom)
2019-09-19 10:29:17,744 [pool-239-thread-1] INFO  impl.RaftServerImpl (ServerState.java:<init>(105)) - 6a95ede2-7a61-476d-865e-bbd6dad7bd6d:group-4B782F2AE591 ConfigurationManager, init=-1: [6a95ede2-7a61-476d-865e-bbd6dad7bd6d:192.168.157.204:32777], old=null, confs=<EMPTY_MAP>
2019-09-19 10:29:17,745 [pool-239-thread-1] INFO  server.RaftServerConfigKeys (ConfUtils.java:logGet(43)) - raft.server.storage.dir = [/workdir/hadoop-ozone/ozonefs/target/test-dir/MiniOzoneClusterImpl-ad08a619-39fc-4bc9-b221-9d2c6ebabba4/datanode-0/data/ratis] (custom)
2019-09-19 10:29:17,745 [pool-239-thread-1] INFO  storage.RaftStorageDirectory (RaftStorageDirectory.java:analyzeStorage(246)) - The storage directory /workdir/hadoop-ozone/ozonefs/target/test-dir/MiniOzoneClusterImpl-ad08a619-39fc-4bc9-b221-9d2c6ebabba4/datanode-0/data/ratis/7332fb2b-7d56-496d-a198-4b782f2ae591 does not exist. Creating ...
2019-09-19 10:29:17,759 [pool-239-thread-1] INFO  storage.RaftStorageDirectory (RaftStorageDirectory.java:tryLock(328)) - Lock on /workdir/hadoop-ozone/ozonefs/target/test-dir/MiniOzoneClusterImpl-ad08a619-39fc-4bc9-b221-9d2c6ebabba4/datanode-0/data/ratis/7332fb2b-7d56-496d-a198-4b782f2ae591/in_use.lock acquired by nodename 28323@pr-hdds-1569-cpgw4-1311585219
2019-09-19 10:29:17,784 [pool-239-thread-1] INFO  storage.RaftStorage (RaftStorage.java:format(72)) - Storage directory /workdir/hadoop-ozone/ozonefs/target/test-dir/MiniOzoneClusterImpl-ad08a619-39fc-4bc9-b221-9d2c6ebabba4/datanode-0/data/ratis/7332fb2b-7d56-496d-a198-4b782f2ae591 has been successfully formatted.
2019-09-19 10:29:17,784 [pool-239-thread-1] INFO  ratis.ContainerStateMachine (ContainerStateMachine.java:loadSnapshot(226)) - group-4B782F2AE591: The snapshot info is null. Setting the last applied indexto:(t:0, i:~)
2019-09-19 10:29:17,784 [pool-239-thread-1] INFO  server.RaftServerConfigKeys (ConfUtils.java:logGet(43)) - raft.server.leader.election.timeout = 120s (custom)
2019-09-19 10:29:17,784 [pool-239-thread-1] INFO  server.RaftServerConfigKeys (ConfUtils.java:logGet(43)) - raft.server.log.use.memory = false (default)
2019-09-19 10:29:17,785 [pool-239-thread-1] INFO  server.RaftServerConfigKeys (ConfUtils.java:logGet(43)) - raft.server.log.purge.gap = 1000000 (custom)
2019-09-19 10:29:17,785 [pool-239-thread-1] INFO  server.RaftServerConfigKeys (ConfUtils.java:logGet(43)) - raft.server.log.appender.buffer.byte-limit = 33554432 (custom)
2019-09-19 10:29:17,785 [pool-239-thread-1] INFO  server.RaftServerConfigKeys (ConfUtils.java:logGet(43)) - raft.server.log.segment.size.max = 1048576 (custom)
2019-09-19 10:29:17,785 [pool-239-thread-1] INFO  server.RaftServerConfigKeys (ConfUtils.java:logGet(43)) - raft.server.log.segment.cache.num.max = 2 (custom)
2019-09-19 10:29:17,785 [pool-239-thread-1] INFO  segmented.SegmentedRaftLogWorker (SegmentedRaftLogWorker.java:<init>(172)) - new 6a95ede2-7a61-476d-865e-bbd6dad7bd6d-SegmentedRaftLogWorker:Storage Directory /workdir/hadoop-ozone/ozonefs/target/test-dir/MiniOzoneClusterImpl-ad08a619-39fc-4bc9-b221-9d2c6ebabba4/datanode-0/data/ratis/7332fb2b-7d56-496d-a198-4b782f2ae591 for RaftStorage:Storage Directory /workdir/hadoop-ozone/ozonefs/target/test-dir/MiniOzoneClusterImpl-ad08a619-39fc-4bc9-b221-9d2c6ebabba4/datanode-0/data/ratis/7332fb2b-7d56-496d-a198-4b782f2ae591
2019-09-19 10:29:17,785 [pool-239-thread-1] INFO  server.RaftServerConfigKeys (ConfUtils.java:logGet(43)) - raft.server.log.queue.byte-limit = 2147483647 (custom)
2019-09-19 10:29:17,785 [pool-239-thread-1] INFO  server.RaftServerConfigKeys (ConfUtils.java:logGet(43)) - raft.server.log.queue.element-limit = 1024 (custom)
2019-09-19 10:29:17,786 [pool-239-thread-1] INFO  server.RaftServerConfigKeys (ConfUtils.java:logGet(43)) - raft.server.log.segment.size.max = 1048576 (custom)
2019-09-19 10:29:17,786 [pool-239-thread-1] INFO  server.RaftServerConfigKeys (ConfUtils.java:logGet(43)) - raft.server.log.preallocated.size = 16384 (custom)
2019-09-19 10:29:17,786 [pool-239-thread-1] INFO  server.RaftServerConfigKeys (ConfUtils.java:logGet(43)) - raft.server.log.write.buffer.size = 33554432 (custom)
2019-09-19 10:29:17,786 [pool-239-thread-1] INFO  server.RaftServerConfigKeys (ConfUtils.java:logGet(43)) - raft.server.log.force.sync.num = 128 (default)
2019-09-19 10:29:17,786 [pool-239-thread-1] INFO  server.RaftServerConfigKeys (ConfUtils.java:logGet(43)) - raft.server.log.statemachine.data.sync = true (default)
2019-09-19 10:29:17,786 [pool-239-thread-1] INFO  server.RaftServerConfigKeys (ConfUtils.java:logGet(43)) - raft.server.log.statemachine.data.sync.timeout = 10s (default)
2019-09-19 10:29:17,786 [pool-239-thread-1] INFO  server.RaftServerConfigKeys (ConfUtils.java:logGet(43)) - raft.server.log.statemachine.data.sync.timeout.retry = -1 (default)
2019-09-19 10:29:17,786 [pool-239-thread-1] INFO  server.RaftServerConfigKeys (ConfUtils.java:logGet(43)) - raft.server.log.statemachine.data.caching.enabled = true (custom)
2019-09-19 10:29:17,787 [pool-239-thread-1] INFO  segmented.SegmentedRaftLogWorker (SegmentedRaftLogWorker.java:lambda$new$0(132)) - 6a95ede2-7a61-476d-865e-bbd6dad7bd6d-SegmentedRaftLogWorker:Storage Directory /workdir/hadoop-ozone/ozonefs/target/test-dir/MiniOzoneClusterImpl-ad08a619-39fc-4bc9-b221-9d2c6ebabba4/datanode-0/data/ratis/7332fb2b-7d56-496d-a198-4b782f2ae591: flushIndex: setUnconditionally 0 -> -1
2019-09-19 10:29:17,787 [pool-239-thread-1] INFO  server.RaftServerConfigKeys (ConfUtils.java:logGet(43)) - raft.server.snapshot.auto.trigger.enabled = true (custom)
2019-09-19 10:29:17,787 [pool-239-thread-1] INFO  server.RaftServerConfigKeys (ConfUtils.java:logGet(43)) - raft.server.snapshot.auto.trigger.threshold = 10000 (custom)
2019-09-19 10:29:17,787 [pool-239-thread-1] INFO  server.RaftServerConfigKeys (ConfUtils.java:logGet(43)) - raft.server.retrycache.expirytime = 600000ms (custom)
2019-09-19 10:29:17,787 [pool-239-thread-1] INFO  impl.RaftServerImpl (RaftServerImpl.java:start(180)) - 6a95ede2-7a61-476d-865e-bbd6dad7bd6d: start group-4B782F2AE591
2019-09-19 10:29:17,787 [pool-239-thread-1] INFO  impl.RaftServerImpl (RaftServerImpl.java:setRole(171)) - 6a95ede2-7a61-476d-865e-bbd6dad7bd6d:group-4B782F2AE591 changes role from null to FOLLOWER at term 0 for startAsFollower
2019-09-19 10:29:17,788 [pool-239-thread-1] INFO  impl.RoleInfo (RoleInfo.java:updateAndGet(143)) - 6a95ede2-7a61-476d-865e-bbd6dad7bd6d: start FollowerState
2019-09-19 10:29:17,788 [pool-239-thread-1] INFO  util.JmxRegister (JmxRegister.java:tryRegister(44)) - Successfully registered JMX Bean with object name Ratis:service=RaftServer,group=group-4B782F2AE591,id=6a95ede2-7a61-476d-865e-bbd6dad7bd6d
2019-09-19 10:29:17,791 [RatisPipelineUtilsThread] INFO  pipeline.PipelineStateManager (PipelineStateManager.java:addPipeline(56)) - Created pipeline Pipeline[ Id: 7332fb2b-7d56-496d-a198-4b782f2ae591, Nodes: 6a95ede2-7a61-476d-865e-bbd6dad7bd6d{ip: 192.168.157.204, host: pr-hdds-1569-cpgw4-1311585219, networkLocation: /default-rack, certSerialId: null}, Type:RATIS, Factor:ONE, State:OPEN]
2019-09-19 10:29:17,796 [grpc-default-executor-0] INFO  impl.RaftServerProxy (RaftServerProxy.java:addNew(89)) - 6a95ede2-7a61-476d-865e-bbd6dad7bd6d: addNew group-90B254DFCD1D:[6a95ede2-7a61-476d-865e-bbd6dad7bd6d:192.168.157.204:32777] returns group-90B254DFCD1D:java.util.concurrent.CompletableFuture@1ba6cf2[Not completed]
2019-09-19 10:29:17,797 [pool-239-thread-1] INFO  impl.RaftServerImpl (RaftServerImpl.java:<init>(93)) - 6a95ede2-7a61-476d-865e-bbd6dad7bd6d: new RaftServerImpl for group-90B254DFCD1D:[6a95ede2-7a61-476d-865e-bbd6dad7bd6d:192.168.157.204:32777] with ContainerStateMachine:uninitialized
2019-09-19 10:29:17,797 [pool-239-thread-1] INFO  server.RaftServerConfigKeys (ConfUtils.java:logGet(43)) - raft.server.rpc.timeout.min = 5s (custom)
2019-09-19 10:29:17,797 [pool-239-thread-1] INFO  server.RaftServerConfigKeys (ConfUtils.java:logGet(43)) - raft.server.rpc.timeout.max = 5200ms (custom)
2019-09-19 10:29:17,797 [pool-239-thread-1] INFO  server.RaftServerConfigKeys (ConfUtils.java:logGet(43)) - raft.server.rpcslowness.timeout = 120s (custom)
2019-09-19 10:29:17,798 [pool-239-thread-1] INFO  server.RaftServerConfigKeys (ConfUtils.java:logGet(43)) - raft.server.sleep.deviation.threshold = 300 (default)
2019-09-19 10:29:17,798 [pool-239-thread-1] INFO  server.RaftServerConfigKeys (ConfUtils.java:logGet(43)) - raft.server.log.appender.install.snapshot.enabled = false (custom)
2019-09-19 10:29:17,798 [pool-239-thread-1] INFO  impl.RaftServerImpl (ServerState.java:<init>(105)) - 6a95ede2-7a61-476d-865e-bbd6dad7bd6d:group-90B254DFCD1D ConfigurationManager, init=-1: [6a95ede2-7a61-476d-865e-bbd6dad7bd6d:192.168.157.204:32777], old=null, confs=<EMPTY_MAP>
2019-09-19 10:29:17,798 [pool-239-thread-1] INFO  server.RaftServerConfigKeys (ConfUtils.java:logGet(43)) - raft.server.storage.dir = [/workdir/hadoop-ozone/ozonefs/target/test-dir/MiniOzoneClusterImpl-ad08a619-39fc-4bc9-b221-9d2c6ebabba4/datanode-0/data/ratis] (custom)
2019-09-19 10:29:17,798 [pool-239-thread-1] INFO  storage.RaftStorageDirectory (RaftStorageDirectory.java:analyzeStorage(246)) - The storage directory /workdir/hadoop-ozone/ozonefs/target/test-dir/MiniOzoneClusterImpl-ad08a619-39fc-4bc9-b221-9d2c6ebabba4/datanode-0/data/ratis/4aa91f24-743e-4213-a047-90b254dfcd1d does not exist. Creating ...
2019-09-19 10:29:17,811 [pool-239-thread-1] INFO  storage.RaftStorageDirectory (RaftStorageDirectory.java:tryLock(328)) - Lock on /workdir/hadoop-ozone/ozonefs/target/test-dir/MiniOzoneClusterImpl-ad08a619-39fc-4bc9-b221-9d2c6ebabba4/datanode-0/data/ratis/4aa91f24-743e-4213-a047-90b254dfcd1d/in_use.lock acquired by nodename 28323@pr-hdds-1569-cpgw4-1311585219
2019-09-19 10:29:17,824 [pool-239-thread-1] INFO  storage.RaftStorage (RaftStorage.java:format(72)) - Storage directory /workdir/hadoop-ozone/ozonefs/target/test-dir/MiniOzoneClusterImpl-ad08a619-39fc-4bc9-b221-9d2c6ebabba4/datanode-0/data/ratis/4aa91f24-743e-4213-a047-90b254dfcd1d has been successfully formatted.
2019-09-19 10:29:17,824 [pool-239-thread-1] INFO  ratis.ContainerStateMachine (ContainerStateMachine.java:loadSnapshot(226)) - group-90B254DFCD1D: The snapshot info is null. Setting the last applied indexto:(t:0, i:~)
2019-09-19 10:29:17,824 [pool-239-thread-1] INFO  server.RaftServerConfigKeys (ConfUtils.java:logGet(43)) - raft.server.leader.election.timeout = 120s (custom)
2019-09-19 10:29:17,824 [pool-239-thread-1] INFO  server.RaftServerConfigKeys (ConfUtils.java:logGet(43)) - raft.server.log.use.memory = false (default)
2019-09-19 10:29:17,824 [pool-239-thread-1] INFO  server.RaftServerConfigKeys (ConfUtils.java:logGet(43)) - raft.server.log.purge.gap = 1000000 (custom)
2019-09-19 10:29:17,824 [pool-239-thread-1] INFO  server.RaftServerConfigKeys (ConfUtils.java:logGet(43)) - raft.server.log.appender.buffer.byte-limit = 33554432 (custom)
2019-09-19 10:29:17,824 [pool-239-thread-1] INFO  server.RaftServerConfigKeys (ConfUtils.java:logGet(43)) - raft.server.log.segment.size.max = 1048576 (custom)
2019-09-19 10:29:17,825 [pool-239-thread-1] INFO  server.RaftServerConfigKeys (ConfUtils.java:logGet(43)) - raft.server.log.segment.cache.num.max = 2 (custom)
2019-09-19 10:29:17,825 [pool-239-thread-1] INFO  segmented.SegmentedRaftLogWorker (SegmentedRaftLogWorker.java:<init>(172)) - new 6a95ede2-7a61-476d-865e-bbd6dad7bd6d-SegmentedRaftLogWorker:Storage Directory /workdir/hadoop-ozone/ozonefs/target/test-dir/MiniOzoneClusterImpl-ad08a619-39fc-4bc9-b221-9d2c6ebabba4/datanode-0/data/ratis/4aa91f24-743e-4213-a047-90b254dfcd1d for RaftStorage:Storage Directory /workdir/hadoop-ozone/ozonefs/target/test-dir/MiniOzoneClusterImpl-ad08a619-39fc-4bc9-b221-9d2c6ebabba4/datanode-0/data/ratis/4aa91f24-743e-4213-a047-90b254dfcd1d
2019-09-19 10:29:17,825 [pool-239-thread-1] INFO  server.RaftServerConfigKeys (ConfUtils.java:logGet(43)) - raft.server.log.queue.byte-limit = 2147483647 (custom)
2019-09-19 10:29:17,825 [pool-239-thread-1] INFO  server.RaftServerConfigKeys (ConfUtils.java:logGet(43)) - raft.server.log.queue.element-limit = 1024 (custom)
2019-09-19 10:29:17,825 [pool-239-thread-1] INFO  server.RaftServerConfigKeys (ConfUtils.java:logGet(43)) - raft.server.log.segment.size.max = 1048576 (custom)
2019-09-19 10:29:17,825 [pool-239-thread-1] INFO  server.RaftServerConfigKeys (ConfUtils.java:logGet(43)) - raft.server.log.preallocated.size = 16384 (custom)
2019-09-19 10:29:17,825 [pool-239-thread-1] INFO  server.RaftServerConfigKeys (ConfUtils.java:logGet(43)) - raft.server.log.write.buffer.size = 33554432 (custom)
2019-09-19 10:29:17,825 [pool-239-thread-1] INFO  server.RaftServerConfigKeys (ConfUtils.java:logGet(43)) - raft.server.log.force.sync.num = 128 (default)
2019-09-19 10:29:17,826 [pool-239-thread-1] INFO  server.RaftServerConfigKeys (ConfUtils.java:logGet(43)) - raft.server.log.statemachine.data.sync = true (default)
2019-09-19 10:29:17,826 [pool-239-thread-1] INFO  server.RaftServerConfigKeys (ConfUtils.java:logGet(43)) - raft.server.log.statemachine.data.sync.timeout = 10s (default)
2019-09-19 10:29:17,826 [pool-239-thread-1] INFO  server.RaftServerConfigKeys (ConfUtils.java:logGet(43)) - raft.server.log.statemachine.data.sync.timeout.retry = -1 (default)
2019-09-19 10:29:17,826 [pool-239-thread-1] INFO  server.RaftServerConfigKeys (ConfUtils.java:logGet(43)) - raft.server.log.statemachine.data.caching.enabled = true (custom)
2019-09-19 10:29:17,826 [pool-239-thread-1] INFO  segmented.SegmentedRaftLogWorker (SegmentedRaftLogWorker.java:lambda$new$0(132)) - 6a95ede2-7a61-476d-865e-bbd6dad7bd6d-SegmentedRaftLogWorker:Storage Directory /workdir/hadoop-ozone/ozonefs/target/test-dir/MiniOzoneClusterImpl-ad08a619-39fc-4bc9-b221-9d2c6ebabba4/datanode-0/data/ratis/4aa91f24-743e-4213-a047-90b254dfcd1d: flushIndex: setUnconditionally 0 -> -1
2019-09-19 10:29:17,826 [pool-239-thread-1] INFO  server.RaftServerConfigKeys (ConfUtils.java:logGet(43)) - raft.server.snapshot.auto.trigger.enabled = true (custom)
2019-09-19 10:29:17,827 [pool-239-thread-1] INFO  server.RaftServerConfigKeys (ConfUtils.java:logGet(43)) - raft.server.snapshot.auto.trigger.threshold = 10000 (custom)
2019-09-19 10:29:17,827 [pool-239-thread-1] INFO  server.RaftServerConfigKeys (ConfUtils.java:logGet(43)) - raft.server.retrycache.expirytime = 600000ms (custom)
2019-09-19 10:29:17,827 [pool-239-thread-1] INFO  impl.RaftServerImpl (RaftServerImpl.java:start(180)) - 6a95ede2-7a61-476d-865e-bbd6dad7bd6d: start group-90B254DFCD1D
2019-09-19 10:29:17,827 [pool-239-thread-1] INFO  impl.RaftServerImpl (RaftServerImpl.java:setRole(171)) - 6a95ede2-7a61-476d-865e-bbd6dad7bd6d:group-90B254DFCD1D changes role from null to FOLLOWER at term 0 for startAsFollower
2019-09-19 10:29:17,827 [pool-239-thread-1] INFO  impl.RoleInfo (RoleInfo.java:updateAndGet(143)) - 6a95ede2-7a61-476d-865e-bbd6dad7bd6d: start FollowerState
2019-09-19 10:29:17,827 [pool-239-thread-1] INFO  util.JmxRegister (JmxRegister.java:tryRegister(44)) - Successfully registered JMX Bean with object name Ratis:service=RaftServer,group=group-90B254DFCD1D,id=6a95ede2-7a61-476d-865e-bbd6dad7bd6d
2019-09-19 10:29:17,829 [RatisPipelineUtilsThread] INFO  pipeline.PipelineStateManager (PipelineStateManager.java:addPipeline(56)) - Created pipeline Pipeline[ Id: 4aa91f24-743e-4213-a047-90b254dfcd1d, Nodes: 6a95ede2-7a61-476d-865e-bbd6dad7bd6d{ip: 192.168.157.204, host: pr-hdds-1569-cpgw4-1311585219, networkLocation: /default-rack, certSerialId: null}, Type:RATIS, Factor:ONE, State:OPEN]
2019-09-19 10:29:17,833 [grpc-default-executor-0] INFO  impl.RaftServerProxy (RaftServerProxy.java:addNew(89)) - 6a95ede2-7a61-476d-865e-bbd6dad7bd6d: addNew group-B4EF01BE7CA7:[6a95ede2-7a61-476d-865e-bbd6dad7bd6d:192.168.157.204:32777] returns group-B4EF01BE7CA7:java.util.concurrent.CompletableFuture@50ef0481[Not completed]
2019-09-19 10:29:17,834 [pool-239-thread-1] INFO  impl.RaftServerImpl (RaftServerImpl.java:<init>(93)) - 6a95ede2-7a61-476d-865e-bbd6dad7bd6d: new RaftServerImpl for group-B4EF01BE7CA7:[6a95ede2-7a61-476d-865e-bbd6dad7bd6d:192.168.157.204:32777] with ContainerStateMachine:uninitialized
2019-09-19 10:29:17,834 [pool-239-thread-1] INFO  server.RaftServerConfigKeys (ConfUtils.java:logGet(43)) - raft.server.rpc.timeout.min = 5s (custom)
2019-09-19 10:29:17,834 [pool-239-thread-1] INFO  server.RaftServerConfigKeys (ConfUtils.java:logGet(43)) - raft.server.rpc.timeout.max = 5200ms (custom)
2019-09-19 10:29:17,834 [pool-239-thread-1] INFO  server.RaftServerConfigKeys (ConfUtils.java:logGet(43)) - raft.server.rpcslowness.timeout = 120s (custom)
2019-09-19 10:29:17,834 [pool-239-thread-1] INFO  server.RaftServerConfigKeys (ConfUtils.java:logGet(43)) - raft.server.sleep.deviation.threshold = 300 (default)
2019-09-19 10:29:17,834 [pool-239-thread-1] INFO  server.RaftServerConfigKeys (ConfUtils.java:logGet(43)) - raft.server.log.appender.install.snapshot.enabled = false (custom)
2019-09-19 10:29:17,834 [pool-239-thread-1] INFO  impl.RaftServerImpl (ServerState.java:<init>(105)) - 6a95ede2-7a61-476d-865e-bbd6dad7bd6d:group-B4EF01BE7CA7 ConfigurationManager, init=-1: [6a95ede2-7a61-476d-865e-bbd6dad7bd6d:192.168.157.204:32777], old=null, confs=<EMPTY_MAP>
2019-09-19 10:29:17,834 [pool-239-thread-1] INFO  server.RaftServerConfigKeys (ConfUtils.java:logGet(43)) - raft.server.storage.dir = [/workdir/hadoop-ozone/ozonefs/target/test-dir/MiniOzoneClusterImpl-ad08a619-39fc-4bc9-b221-9d2c6ebabba4/datanode-0/data/ratis] (custom)
2019-09-19 10:29:17,835 [pool-239-thread-1] INFO  storage.RaftStorageDirectory (RaftStorageDirectory.java:analyzeStorage(246)) - The storage directory /workdir/hadoop-ozone/ozonefs/target/test-dir/MiniOzoneClusterImpl-ad08a619-39fc-4bc9-b221-9d2c6ebabba4/datanode-0/data/ratis/4b20fc24-80ac-4346-bbc5-b4ef01be7ca7 does not exist. Creating ...
2019-09-19 10:29:17,847 [pool-239-thread-1] INFO  storage.RaftStorageDirectory (RaftStorageDirectory.java:tryLock(328)) - Lock on /workdir/hadoop-ozone/ozonefs/target/test-dir/MiniOzoneClusterImpl-ad08a619-39fc-4bc9-b221-9d2c6ebabba4/datanode-0/data/ratis/4b20fc24-80ac-4346-bbc5-b4ef01be7ca7/in_use.lock acquired by nodename 28323@pr-hdds-1569-cpgw4-1311585219
2019-09-19 10:29:17,850 [pool-239-thread-1] INFO  storage.RaftStorage (RaftStorage.java:format(72)) - Storage directory /workdir/hadoop-ozone/ozonefs/target/test-dir/MiniOzoneClusterImpl-ad08a619-39fc-4bc9-b221-9d2c6ebabba4/datanode-0/data/ratis/4b20fc24-80ac-4346-bbc5-b4ef01be7ca7 has been successfully formatted.
2019-09-19 10:29:17,850 [pool-239-thread-1] INFO  ratis.ContainerStateMachine (ContainerStateMachine.java:loadSnapshot(226)) - group-B4EF01BE7CA7: The snapshot info is null. Setting the last applied indexto:(t:0, i:~)
2019-09-19 10:29:17,850 [pool-239-thread-1] INFO  server.RaftServerConfigKeys (ConfUtils.java:logGet(43)) - raft.server.leader.election.timeout = 120s (custom)
2019-09-19 10:29:17,851 [pool-239-thread-1] INFO  server.RaftServerConfigKeys (ConfUtils.java:logGet(43)) - raft.server.log.use.memory = false (default)
2019-09-19 10:29:17,851 [pool-239-thread-1] INFO  server.RaftServerConfigKeys (ConfUtils.java:logGet(43)) - raft.server.log.purge.gap = 1000000 (custom)
2019-09-19 10:29:17,851 [pool-239-thread-1] INFO  server.RaftServerConfigKeys (ConfUtils.java:logGet(43)) - raft.server.log.appender.buffer.byte-limit = 33554432 (custom)
2019-09-19 10:29:17,851 [pool-239-thread-1] INFO  server.RaftServerConfigKeys (ConfUtils.java:logGet(43)) - raft.server.log.segment.size.max = 1048576 (custom)
2019-09-19 10:29:17,851 [pool-239-thread-1] INFO  server.RaftServerConfigKeys (ConfUtils.java:logGet(43)) - raft.server.log.segment.cache.num.max = 2 (custom)
2019-09-19 10:29:17,851 [pool-239-thread-1] INFO  segmented.SegmentedRaftLogWorker (SegmentedRaftLogWorker.java:<init>(172)) - new 6a95ede2-7a61-476d-865e-bbd6dad7bd6d-SegmentedRaftLogWorker:Storage Directory /workdir/hadoop-ozone/ozonefs/target/test-dir/MiniOzoneClusterImpl-ad08a619-39fc-4bc9-b221-9d2c6ebabba4/datanode-0/data/ratis/4b20fc24-80ac-4346-bbc5-b4ef01be7ca7 for RaftStorage:Storage Directory /workdir/hadoop-ozone/ozonefs/target/test-dir/MiniOzoneClusterImpl-ad08a619-39fc-4bc9-b221-9d2c6ebabba4/datanode-0/data/ratis/4b20fc24-80ac-4346-bbc5-b4ef01be7ca7
2019-09-19 10:29:17,851 [pool-239-thread-1] INFO  server.RaftServerConfigKeys (ConfUtils.java:logGet(43)) - raft.server.log.queue.byte-limit = 2147483647 (custom)
2019-09-19 10:29:17,851 [pool-239-thread-1] INFO  server.RaftServerConfigKeys (ConfUtils.java:logGet(43)) - raft.server.log.queue.element-limit = 1024 (custom)
2019-09-19 10:29:17,851 [pool-239-thread-1] INFO  server.RaftServerConfigKeys (ConfUtils.java:logGet(43)) - raft.server.log.segment.size.max = 1048576 (custom)
2019-09-19 10:29:17,851 [pool-239-thread-1] INFO  server.RaftServerConfigKeys (ConfUtils.java:logGet(43)) - raft.server.log.preallocated.size = 16384 (custom)
2019-09-19 10:29:17,852 [pool-239-thread-1] INFO  server.RaftServerConfigKeys (ConfUtils.java:logGet(43)) - raft.server.log.write.buffer.size = 33554432 (custom)
2019-09-19 10:29:17,852 [pool-239-thread-1] INFO  server.RaftServerConfigKeys (ConfUtils.java:logGet(43)) - raft.server.log.force.sync.num = 128 (default)
2019-09-19 10:29:17,852 [pool-239-thread-1] INFO  server.RaftServerConfigKeys (ConfUtils.java:logGet(43)) - raft.server.log.statemachine.data.sync = true (default)
2019-09-19 10:29:17,852 [pool-239-thread-1] INFO  server.RaftServerConfigKeys (ConfUtils.java:logGet(43)) - raft.server.log.statemachine.data.sync.timeout = 10s (default)
2019-09-19 10:29:17,852 [pool-239-thread-1] INFO  server.RaftServerConfigKeys (ConfUtils.java:logGet(43)) - raft.server.log.statemachine.data.sync.timeout.retry = -1 (default)
2019-09-19 10:29:17,852 [pool-239-thread-1] INFO  server.RaftServerConfigKeys (ConfUtils.java:logGet(43)) - raft.server.log.statemachine.data.caching.enabled = true (custom)
2019-09-19 10:29:17,852 [pool-239-thread-1] INFO  segmented.SegmentedRaftLogWorker (SegmentedRaftLogWorker.java:lambda$new$0(132)) - 6a95ede2-7a61-476d-865e-bbd6dad7bd6d-SegmentedRaftLogWorker:Storage Directory /workdir/hadoop-ozone/ozonefs/target/test-dir/MiniOzoneClusterImpl-ad08a619-39fc-4bc9-b221-9d2c6ebabba4/datanode-0/data/ratis/4b20fc24-80ac-4346-bbc5-b4ef01be7ca7: flushIndex: setUnconditionally 0 -> -1
2019-09-19 10:29:17,852 [pool-239-thread-1] INFO  server.RaftServerConfigKeys (ConfUtils.java:logGet(43)) - raft.server.snapshot.auto.trigger.enabled = true (custom)
2019-09-19 10:29:17,853 [pool-239-thread-1] INFO  server.RaftServerConfigKeys (ConfUtils.java:logGet(43)) - raft.server.snapshot.auto.trigger.threshold = 10000 (custom)
2019-09-19 10:29:17,853 [pool-239-thread-1] INFO  server.RaftServerConfigKeys (ConfUtils.java:logGet(43)) - raft.server.retrycache.expirytime = 600000ms (custom)
2019-09-19 10:29:17,853 [pool-239-thread-1] INFO  impl.RaftServerImpl (RaftServerImpl.java:start(180)) - 6a95ede2-7a61-476d-865e-bbd6dad7bd6d: start group-B4EF01BE7CA7
2019-09-19 10:29:17,853 [pool-239-thread-1] INFO  impl.RaftServerImpl (RaftServerImpl.java:setRole(171)) - 6a95ede2-7a61-476d-865e-bbd6dad7bd6d:group-B4EF01BE7CA7 changes role from null to FOLLOWER at term 0 for startAsFollower
2019-09-19 10:29:17,853 [pool-239-thread-1] INFO  impl.RoleInfo (RoleInfo.java:updateAndGet(143)) - 6a95ede2-7a61-476d-865e-bbd6dad7bd6d: start FollowerState
2019-09-19 10:29:17,853 [pool-239-thread-1] INFO  util.JmxRegister (JmxRegister.java:tryRegister(44)) - Successfully registered JMX Bean with object name Ratis:service=RaftServer,group=group-B4EF01BE7CA7,id=6a95ede2-7a61-476d-865e-bbd6dad7bd6d
2019-09-19 10:29:17,855 [RatisPipelineUtilsThread] INFO  pipeline.PipelineStateManager (PipelineStateManager.java:addPipeline(56)) - Created pipeline Pipeline[ Id: 4b20fc24-80ac-4346-bbc5-b4ef01be7ca7, Nodes: 6a95ede2-7a61-476d-865e-bbd6dad7bd6d{ip: 192.168.157.204, host: pr-hdds-1569-cpgw4-1311585219, networkLocation: /default-rack, certSerialId: null}, Type:RATIS, Factor:ONE, State:OPEN]
2019-09-19 10:29:17,858 [grpc-default-executor-0] INFO  impl.RaftServerProxy (RaftServerProxy.java:addNew(89)) - 6a95ede2-7a61-476d-865e-bbd6dad7bd6d: addNew group-AA6FE60E57A1:[6a95ede2-7a61-476d-865e-bbd6dad7bd6d:192.168.157.204:32777] returns group-AA6FE60E57A1:java.util.concurrent.CompletableFuture@2fbea764[Not completed]
2019-09-19 10:29:17,859 [pool-239-thread-1] INFO  impl.RaftServerImpl (RaftServerImpl.java:<init>(93)) - 6a95ede2-7a61-476d-865e-bbd6dad7bd6d: new RaftServerImpl for group-AA6FE60E57A1:[6a95ede2-7a61-476d-865e-bbd6dad7bd6d:192.168.157.204:32777] with ContainerStateMachine:uninitialized
2019-09-19 10:29:17,859 [pool-239-thread-1] INFO  server.RaftServerConfigKeys (ConfUtils.java:logGet(43)) - raft.server.rpc.timeout.min = 5s (custom)
2019-09-19 10:29:17,859 [pool-239-thread-1] INFO  server.RaftServerConfigKeys (ConfUtils.java:logGet(43)) - raft.server.rpc.timeout.max = 5200ms (custom)
2019-09-19 10:29:17,859 [pool-239-thread-1] INFO  server.RaftServerConfigKeys (ConfUtils.java:logGet(43)) - raft.server.rpcslowness.timeout = 120s (custom)
2019-09-19 10:29:17,859 [pool-239-thread-1] INFO  server.RaftServerConfigKeys (ConfUtils.java:logGet(43)) - raft.server.sleep.deviation.threshold = 300 (default)
2019-09-19 10:29:17,859 [pool-239-thread-1] INFO  server.RaftServerConfigKeys (ConfUtils.java:logGet(43)) - raft.server.log.appender.install.snapshot.enabled = false (custom)
2019-09-19 10:29:17,859 [pool-239-thread-1] INFO  impl.RaftServerImpl (ServerState.java:<init>(105)) - 6a95ede2-7a61-476d-865e-bbd6dad7bd6d:group-AA6FE60E57A1 ConfigurationManager, init=-1: [6a95ede2-7a61-476d-865e-bbd6dad7bd6d:192.168.157.204:32777], old=null, confs=<EMPTY_MAP>
2019-09-19 10:29:17,860 [pool-239-thread-1] INFO  server.RaftServerConfigKeys (ConfUtils.java:logGet(43)) - raft.server.storage.dir = [/workdir/hadoop-ozone/ozonefs/target/test-dir/MiniOzoneClusterImpl-ad08a619-39fc-4bc9-b221-9d2c6ebabba4/datanode-0/data/ratis] (custom)
2019-09-19 10:29:17,860 [pool-239-thread-1] INFO  storage.RaftStorageDirectory (RaftStorageDirectory.java:analyzeStorage(246)) - The storage directory /workdir/hadoop-ozone/ozonefs/target/test-dir/MiniOzoneClusterImpl-ad08a619-39fc-4bc9-b221-9d2c6ebabba4/datanode-0/data/ratis/d1c21e08-868c-44cc-8767-aa6fe60e57a1 does not exist. Creating ...
2019-09-19 10:29:17,863 [pool-239-thread-1] INFO  storage.RaftStorageDirectory (RaftStorageDirectory.java:tryLock(328)) - Lock on /workdir/hadoop-ozone/ozonefs/target/test-dir/MiniOzoneClusterImpl-ad08a619-39fc-4bc9-b221-9d2c6ebabba4/datanode-0/data/ratis/d1c21e08-868c-44cc-8767-aa6fe60e57a1/in_use.lock acquired by nodename 28323@pr-hdds-1569-cpgw4-1311585219
2019-09-19 10:29:17,866 [pool-239-thread-1] INFO  storage.RaftStorage (RaftStorage.java:format(72)) - Storage directory /workdir/hadoop-ozone/ozonefs/target/test-dir/MiniOzoneClusterImpl-ad08a619-39fc-4bc9-b221-9d2c6ebabba4/datanode-0/data/ratis/d1c21e08-868c-44cc-8767-aa6fe60e57a1 has been successfully formatted.
2019-09-19 10:29:17,866 [pool-239-thread-1] INFO  ratis.ContainerStateMachine (ContainerStateMachine.java:loadSnapshot(226)) - group-AA6FE60E57A1: The snapshot info is null. Setting the last applied indexto:(t:0, i:~)
2019-09-19 10:29:17,866 [pool-239-thread-1] INFO  server.RaftServerConfigKeys (ConfUtils.java:logGet(43)) - raft.server.leader.election.timeout = 120s (custom)
2019-09-19 10:29:17,866 [pool-239-thread-1] INFO  server.RaftServerConfigKeys (ConfUtils.java:logGet(43)) - raft.server.log.use.memory = false (default)
2019-09-19 10:29:17,866 [pool-239-thread-1] INFO  server.RaftServerConfigKeys (ConfUtils.java:logGet(43)) - raft.server.log.purge.gap = 1000000 (custom)
2019-09-19 10:29:17,866 [pool-239-thread-1] INFO  server.RaftServerConfigKeys (ConfUtils.java:logGet(43)) - raft.server.log.appender.buffer.byte-limit = 33554432 (custom)
2019-09-19 10:29:17,867 [pool-239-thread-1] INFO  server.RaftServerConfigKeys (ConfUtils.java:logGet(43)) - raft.server.log.segment.size.max = 1048576 (custom)
2019-09-19 10:29:17,867 [pool-239-thread-1] INFO  server.RaftServerConfigKeys (ConfUtils.java:logGet(43)) - raft.server.log.segment.cache.num.max = 2 (custom)
2019-09-19 10:29:17,867 [pool-239-thread-1] INFO  segmented.SegmentedRaftLogWorker (SegmentedRaftLogWorker.java:<init>(172)) - new 6a95ede2-7a61-476d-865e-bbd6dad7bd6d-SegmentedRaftLogWorker:Storage Directory /workdir/hadoop-ozone/ozonefs/target/test-dir/MiniOzoneClusterImpl-ad08a619-39fc-4bc9-b221-9d2c6ebabba4/datanode-0/data/ratis/d1c21e08-868c-44cc-8767-aa6fe60e57a1 for RaftStorage:Storage Directory /workdir/hadoop-ozone/ozonefs/target/test-dir/MiniOzoneClusterImpl-ad08a619-39fc-4bc9-b221-9d2c6ebabba4/datanode-0/data/ratis/d1c21e08-868c-44cc-8767-aa6fe60e57a1
2019-09-19 10:29:17,867 [pool-239-thread-1] INFO  server.RaftServerConfigKeys (ConfUtils.java:logGet(43)) - raft.server.log.queue.byte-limit = 2147483647 (custom)
2019-09-19 10:29:17,867 [pool-239-thread-1] INFO  server.RaftServerConfigKeys (ConfUtils.java:logGet(43)) - raft.server.log.queue.element-limit = 1024 (custom)
2019-09-19 10:29:17,867 [pool-239-thread-1] INFO  server.RaftServerConfigKeys (ConfUtils.java:logGet(43)) - raft.server.log.segment.size.max = 1048576 (custom)
2019-09-19 10:29:17,867 [pool-239-thread-1] INFO  server.RaftServerConfigKeys (ConfUtils.java:logGet(43)) - raft.server.log.preallocated.size = 16384 (custom)
2019-09-19 10:29:17,867 [pool-239-thread-1] INFO  server.RaftServerConfigKeys (ConfUtils.java:logGet(43)) - raft.server.log.write.buffer.size = 33554432 (custom)
2019-09-19 10:29:17,868 [pool-239-thread-1] INFO  server.RaftServerConfigKeys (ConfUtils.java:logGet(43)) - raft.server.log.force.sync.num = 128 (default)
2019-09-19 10:29:17,868 [pool-239-thread-1] INFO  server.RaftServerConfigKeys (ConfUtils.java:logGet(43)) - raft.server.log.statemachine.data.sync = true (default)
2019-09-19 10:29:17,868 [pool-239-thread-1] INFO  server.RaftServerConfigKeys (ConfUtils.java:logGet(43)) - raft.server.log.statemachine.data.sync.timeout = 10s (default)
2019-09-19 10:29:17,868 [pool-239-thread-1] INFO  server.RaftServerConfigKeys (ConfUtils.java:logGet(43)) - raft.server.log.statemachine.data.sync.timeout.retry = -1 (default)
2019-09-19 10:29:17,868 [pool-239-thread-1] INFO  server.RaftServerConfigKeys (ConfUtils.java:logGet(43)) - raft.server.log.statemachine.data.caching.enabled = true (custom)
2019-09-19 10:29:17,868 [pool-239-thread-1] INFO  segmented.SegmentedRaftLogWorker (SegmentedRaftLogWorker.java:lambda$new$0(132)) - 6a95ede2-7a61-476d-865e-bbd6dad7bd6d-SegmentedRaftLogWorker:Storage Directory /workdir/hadoop-ozone/ozonefs/target/test-dir/MiniOzoneClusterImpl-ad08a619-39fc-4bc9-b221-9d2c6ebabba4/datanode-0/data/ratis/d1c21e08-868c-44cc-8767-aa6fe60e57a1: flushIndex: setUnconditionally 0 -> -1
2019-09-19 10:29:17,868 [pool-239-thread-1] INFO  server.RaftServerConfigKeys (ConfUtils.java:logGet(43)) - raft.server.snapshot.auto.trigger.enabled = true (custom)
2019-09-19 10:29:17,869 [pool-239-thread-1] INFO  server.RaftServerConfigKeys (ConfUtils.java:logGet(43)) - raft.server.snapshot.auto.trigger.threshold = 10000 (custom)
2019-09-19 10:29:17,869 [pool-239-thread-1] INFO  server.RaftServerConfigKeys (ConfUtils.java:logGet(43)) - raft.server.retrycache.expirytime = 600000ms (custom)
2019-09-19 10:29:17,869 [pool-239-thread-1] INFO  impl.RaftServerImpl (RaftServerImpl.java:start(180)) - 6a95ede2-7a61-476d-865e-bbd6dad7bd6d: start group-AA6FE60E57A1
2019-09-19 10:29:17,869 [pool-239-thread-1] INFO  impl.RaftServerImpl (RaftServerImpl.java:setRole(171)) - 6a95ede2-7a61-476d-865e-bbd6dad7bd6d:group-AA6FE60E57A1 changes role from null to FOLLOWER at term 0 for startAsFollower
2019-09-19 10:29:17,869 [pool-239-thread-1] INFO  impl.RoleInfo (RoleInfo.java:updateAndGet(143)) - 6a95ede2-7a61-476d-865e-bbd6dad7bd6d: start FollowerState
2019-09-19 10:29:17,869 [pool-239-thread-1] INFO  util.JmxRegister (JmxRegister.java:tryRegister(44)) - Successfully registered JMX Bean with object name Ratis:service=RaftServer,group=group-AA6FE60E57A1,id=6a95ede2-7a61-476d-865e-bbd6dad7bd6d
2019-09-19 10:29:17,871 [RatisPipelineUtilsThread] INFO  pipeline.PipelineStateManager (PipelineStateManager.java:addPipeline(56)) - Created pipeline Pipeline[ Id: d1c21e08-868c-44cc-8767-aa6fe60e57a1, Nodes: 6a95ede2-7a61-476d-865e-bbd6dad7bd6d{ip: 192.168.157.204, host: pr-hdds-1569-cpgw4-1311585219, networkLocation: /default-rack, certSerialId: null}, Type:RATIS, Factor:ONE, State:OPEN]
2019-09-19 10:29:17,874 [grpc-default-executor-0] INFO  impl.RaftServerProxy (RaftServerProxy.java:addNew(89)) - 6a95ede2-7a61-476d-865e-bbd6dad7bd6d: addNew group-7C3ECD07EA8A:[6a95ede2-7a61-476d-865e-bbd6dad7bd6d:192.168.157.204:32777] returns group-7C3ECD07EA8A:java.util.concurrent.CompletableFuture@54a1b8d7[Not completed]
2019-09-19 10:29:17,875 [pool-239-thread-1] INFO  impl.RaftServerImpl (RaftServerImpl.java:<init>(93)) - 6a95ede2-7a61-476d-865e-bbd6dad7bd6d: new RaftServerImpl for group-7C3ECD07EA8A:[6a95ede2-7a61-476d-865e-bbd6dad7bd6d:192.168.157.204:32777] with ContainerStateMachine:uninitialized
2019-09-19 10:29:17,875 [pool-239-thread-1] INFO  server.RaftServerConfigKeys (ConfUtils.java:logGet(43)) - raft.server.rpc.timeout.min = 5s (custom)
2019-09-19 10:29:17,875 [pool-239-thread-1] INFO  server.RaftServerConfigKeys (ConfUtils.java:logGet(43)) - raft.server.rpc.timeout.max = 5200ms (custom)
2019-09-19 10:29:17,875 [pool-239-thread-1] INFO  server.RaftServerConfigKeys (ConfUtils.java:logGet(43)) - raft.server.rpcslowness.timeout = 120s (custom)
2019-09-19 10:29:17,875 [pool-239-thread-1] INFO  server.RaftServerConfigKeys (ConfUtils.java:logGet(43)) - raft.server.sleep.deviation.threshold = 300 (default)
2019-09-19 10:29:17,875 [pool-239-thread-1] INFO  server.RaftServerConfigKeys (ConfUtils.java:logGet(43)) - raft.server.log.appender.install.snapshot.enabled = false (custom)
2019-09-19 10:29:17,875 [pool-239-thread-1] INFO  impl.RaftServerImpl (ServerState.java:<init>(105)) - 6a95ede2-7a61-476d-865e-bbd6dad7bd6d:group-7C3ECD07EA8A ConfigurationManager, init=-1: [6a95ede2-7a61-476d-865e-bbd6dad7bd6d:192.168.157.204:32777], old=null, confs=<EMPTY_MAP>
2019-09-19 10:29:17,876 [pool-239-thread-1] INFO  server.RaftServerConfigKeys (ConfUtils.java:logGet(43)) - raft.server.storage.dir = [/workdir/hadoop-ozone/ozonefs/target/test-dir/MiniOzoneClusterImpl-ad08a619-39fc-4bc9-b221-9d2c6ebabba4/datanode-0/data/ratis] (custom)
2019-09-19 10:29:17,876 [pool-239-thread-1] INFO  storage.RaftStorageDirectory (RaftStorageDirectory.java:analyzeStorage(246)) - The storage directory /workdir/hadoop-ozone/ozonefs/target/test-dir/MiniOzoneClusterImpl-ad08a619-39fc-4bc9-b221-9d2c6ebabba4/datanode-0/data/ratis/2482a164-078e-48a6-afea-7c3ecd07ea8a does not exist. Creating ...
2019-09-19 10:29:17,880 [pool-239-thread-1] INFO  storage.RaftStorageDirectory (RaftStorageDirectory.java:tryLock(328)) - Lock on /workdir/hadoop-ozone/ozonefs/target/test-dir/MiniOzoneClusterImpl-ad08a619-39fc-4bc9-b221-9d2c6ebabba4/datanode-0/data/ratis/2482a164-078e-48a6-afea-7c3ecd07ea8a/in_use.lock acquired by nodename 28323@pr-hdds-1569-cpgw4-1311585219
2019-09-19 10:29:17,885 [pool-239-thread-1] INFO  storage.RaftStorage (RaftStorage.java:format(72)) - Storage directory /workdir/hadoop-ozone/ozonefs/target/test-dir/MiniOzoneClusterImpl-ad08a619-39fc-4bc9-b221-9d2c6ebabba4/datanode-0/data/ratis/2482a164-078e-48a6-afea-7c3ecd07ea8a has been successfully formatted.
2019-09-19 10:29:17,885 [pool-239-thread-1] INFO  ratis.ContainerStateMachine (ContainerStateMachine.java:loadSnapshot(226)) - group-7C3ECD07EA8A: The snapshot info is null. Setting the last applied indexto:(t:0, i:~)
2019-09-19 10:29:17,885 [pool-239-thread-1] INFO  server.RaftServerConfigKeys (ConfUtils.java:logGet(43)) - raft.server.leader.election.timeout = 120s (custom)
2019-09-19 10:29:17,885 [pool-239-thread-1] INFO  server.RaftServerConfigKeys (ConfUtils.java:logGet(43)) - raft.server.log.use.memory = false (default)
2019-09-19 10:29:17,886 [pool-239-thread-1] INFO  server.RaftServerConfigKeys (ConfUtils.java:logGet(43)) - raft.server.log.purge.gap = 1000000 (custom)
2019-09-19 10:29:17,886 [pool-239-thread-1] INFO  server.RaftServerConfigKeys (ConfUtils.java:logGet(43)) - raft.server.log.appender.buffer.byte-limit = 33554432 (custom)
2019-09-19 10:29:17,886 [pool-239-thread-1] INFO  server.RaftServerConfigKeys (ConfUtils.java:logGet(43)) - raft.server.log.segment.size.max = 1048576 (custom)
2019-09-19 10:29:17,886 [pool-239-thread-1] INFO  server.RaftServerConfigKeys (ConfUtils.java:logGet(43)) - raft.server.log.segment.cache.num.max = 2 (custom)
2019-09-19 10:29:17,886 [pool-239-thread-1] INFO  segmented.SegmentedRaftLogWorker (SegmentedRaftLogWorker.java:<init>(172)) - new 6a95ede2-7a61-476d-865e-bbd6dad7bd6d-SegmentedRaftLogWorker:Storage Directory /workdir/hadoop-ozone/ozonefs/target/test-dir/MiniOzoneClusterImpl-ad08a619-39fc-4bc9-b221-9d2c6ebabba4/datanode-0/data/ratis/2482a164-078e-48a6-afea-7c3ecd07ea8a for RaftStorage:Storage Directory /workdir/hadoop-ozone/ozonefs/target/test-dir/MiniOzoneClusterImpl-ad08a619-39fc-4bc9-b221-9d2c6ebabba4/datanode-0/data/ratis/2482a164-078e-48a6-afea-7c3ecd07ea8a
2019-09-19 10:29:17,886 [pool-239-thread-1] INFO  server.RaftServerConfigKeys (ConfUtils.java:logGet(43)) - raft.server.log.queue.byte-limit = 2147483647 (custom)
2019-09-19 10:29:17,886 [pool-239-thread-1] INFO  server.RaftServerConfigKeys (ConfUtils.java:logGet(43)) - raft.server.log.queue.element-limit = 1024 (custom)
2019-09-19 10:29:17,886 [pool-239-thread-1] INFO  server.RaftServerConfigKeys (ConfUtils.java:logGet(43)) - raft.server.log.segment.size.max = 1048576 (custom)
2019-09-19 10:29:17,886 [pool-239-thread-1] INFO  server.RaftServerConfigKeys (ConfUtils.java:logGet(43)) - raft.server.log.preallocated.size = 16384 (custom)
2019-09-19 10:29:17,886 [pool-239-thread-1] INFO  server.RaftServerConfigKeys (ConfUtils.java:logGet(43)) - raft.server.log.write.buffer.size = 33554432 (custom)
2019-09-19 10:29:17,886 [pool-239-thread-1] INFO  server.RaftServerConfigKeys (ConfUtils.java:logGet(43)) - raft.server.log.force.sync.num = 128 (default)
2019-09-19 10:29:17,886 [pool-239-thread-1] INFO  server.RaftServerConfigKeys (ConfUtils.java:logGet(43)) - raft.server.log.statemachine.data.sync = true (default)
2019-09-19 10:29:17,887 [pool-239-thread-1] INFO  server.RaftServerConfigKeys (ConfUtils.java:logGet(43)) - raft.server.log.statemachine.data.sync.timeout = 10s (default)
2019-09-19 10:29:17,887 [pool-239-thread-1] INFO  server.RaftServerConfigKeys (ConfUtils.java:logGet(43)) - raft.server.log.statemachine.data.sync.timeout.retry = -1 (default)
2019-09-19 10:29:17,887 [pool-239-thread-1] INFO  server.RaftServerConfigKeys (ConfUtils.java:logGet(43)) - raft.server.log.statemachine.data.caching.enabled = true (custom)
2019-09-19 10:29:17,887 [pool-239-thread-1] INFO  segmented.SegmentedRaftLogWorker (SegmentedRaftLogWorker.java:lambda$new$0(132)) - 6a95ede2-7a61-476d-865e-bbd6dad7bd6d-SegmentedRaftLogWorker:Storage Directory /workdir/hadoop-ozone/ozonefs/target/test-dir/MiniOzoneClusterImpl-ad08a619-39fc-4bc9-b221-9d2c6ebabba4/datanode-0/data/ratis/2482a164-078e-48a6-afea-7c3ecd07ea8a: flushIndex: setUnconditionally 0 -> -1
2019-09-19 10:29:17,887 [pool-239-thread-1] INFO  server.RaftServerConfigKeys (ConfUtils.java:logGet(43)) - raft.server.snapshot.auto.trigger.enabled = true (custom)
2019-09-19 10:29:17,887 [pool-239-thread-1] INFO  server.RaftServerConfigKeys (ConfUtils.java:logGet(43)) - raft.server.snapshot.auto.trigger.threshold = 10000 (custom)
2019-09-19 10:29:17,887 [pool-239-thread-1] INFO  server.RaftServerConfigKeys (ConfUtils.java:logGet(43)) - raft.server.retrycache.expirytime = 600000ms (custom)
2019-09-19 10:29:17,887 [pool-239-thread-1] INFO  impl.RaftServerImpl (RaftServerImpl.java:start(180)) - 6a95ede2-7a61-476d-865e-bbd6dad7bd6d: start group-7C3ECD07EA8A
2019-09-19 10:29:17,887 [pool-239-thread-1] INFO  impl.RaftServerImpl (RaftServerImpl.java:setRole(171)) - 6a95ede2-7a61-476d-865e-bbd6dad7bd6d:group-7C3ECD07EA8A changes role from null to FOLLOWER at term 0 for startAsFollower
2019-09-19 10:29:17,888 [pool-239-thread-1] INFO  impl.RoleInfo (RoleInfo.java:updateAndGet(143)) - 6a95ede2-7a61-476d-865e-bbd6dad7bd6d: start FollowerState
2019-09-19 10:29:17,888 [pool-239-thread-1] INFO  util.JmxRegister (JmxRegister.java:tryRegister(44)) - Successfully registered JMX Bean with object name Ratis:service=RaftServer,group=group-7C3ECD07EA8A,id=6a95ede2-7a61-476d-865e-bbd6dad7bd6d
2019-09-19 10:29:17,889 [RatisPipelineUtilsThread] INFO  pipeline.PipelineStateManager (PipelineStateManager.java:addPipeline(56)) - Created pipeline Pipeline[ Id: 2482a164-078e-48a6-afea-7c3ecd07ea8a, Nodes: 6a95ede2-7a61-476d-865e-bbd6dad7bd6d{ip: 192.168.157.204, host: pr-hdds-1569-cpgw4-1311585219, networkLocation: /default-rack, certSerialId: null}, Type:RATIS, Factor:ONE, State:OPEN]
2019-09-19 10:29:17,892 [grpc-default-executor-0] INFO  impl.RaftServerProxy (RaftServerProxy.java:addNew(89)) - 6a95ede2-7a61-476d-865e-bbd6dad7bd6d: addNew group-B32A61E6453E:[6a95ede2-7a61-476d-865e-bbd6dad7bd6d:192.168.157.204:32777] returns group-B32A61E6453E:java.util.concurrent.CompletableFuture@7f703220[Not completed]
2019-09-19 10:29:17,893 [pool-239-thread-1] INFO  impl.RaftServerImpl (RaftServerImpl.java:<init>(93)) - 6a95ede2-7a61-476d-865e-bbd6dad7bd6d: new RaftServerImpl for group-B32A61E6453E:[6a95ede2-7a61-476d-865e-bbd6dad7bd6d:192.168.157.204:32777] with ContainerStateMachine:uninitialized
2019-09-19 10:29:17,893 [pool-239-thread-1] INFO  server.RaftServerConfigKeys (ConfUtils.java:logGet(43)) - raft.server.rpc.timeout.min = 5s (custom)
2019-09-19 10:29:17,893 [pool-239-thread-1] INFO  server.RaftServerConfigKeys (ConfUtils.java:logGet(43)) - raft.server.rpc.timeout.max = 5200ms (custom)
2019-09-19 10:29:17,893 [pool-239-thread-1] INFO  server.RaftServerConfigKeys (ConfUtils.java:logGet(43)) - raft.server.rpcslowness.timeout = 120s (custom)
2019-09-19 10:29:17,893 [pool-239-thread-1] INFO  server.RaftServerConfigKeys (ConfUtils.java:logGet(43)) - raft.server.sleep.deviation.threshold = 300 (default)
2019-09-19 10:29:17,893 [pool-239-thread-1] INFO  server.RaftServerConfigKeys (ConfUtils.java:logGet(43)) - raft.server.log.appender.install.snapshot.enabled = false (custom)
2019-09-19 10:29:17,894 [pool-239-thread-1] INFO  impl.RaftServerImpl (ServerState.java:<init>(105)) - 6a95ede2-7a61-476d-865e-bbd6dad7bd6d:group-B32A61E6453E ConfigurationManager, init=-1: [6a95ede2-7a61-476d-865e-bbd6dad7bd6d:192.168.157.204:32777], old=null, confs=<EMPTY_MAP>
2019-09-19 10:29:17,894 [pool-239-thread-1] INFO  server.RaftServerConfigKeys (ConfUtils.java:logGet(43)) - raft.server.storage.dir = [/workdir/hadoop-ozone/ozonefs/target/test-dir/MiniOzoneClusterImpl-ad08a619-39fc-4bc9-b221-9d2c6ebabba4/datanode-0/data/ratis] (custom)
2019-09-19 10:29:17,894 [pool-239-thread-1] INFO  storage.RaftStorageDirectory (RaftStorageDirectory.java:analyzeStorage(246)) - The storage directory /workdir/hadoop-ozone/ozonefs/target/test-dir/MiniOzoneClusterImpl-ad08a619-39fc-4bc9-b221-9d2c6ebabba4/datanode-0/data/ratis/b06e8456-0dff-4fa3-9caa-b32a61e6453e does not exist. Creating ...
2019-09-19 10:29:17,896 [pool-239-thread-1] INFO  storage.RaftStorageDirectory (RaftStorageDirectory.java:tryLock(328)) - Lock on /workdir/hadoop-ozone/ozonefs/target/test-dir/MiniOzoneClusterImpl-ad08a619-39fc-4bc9-b221-9d2c6ebabba4/datanode-0/data/ratis/b06e8456-0dff-4fa3-9caa-b32a61e6453e/in_use.lock acquired by nodename 28323@pr-hdds-1569-cpgw4-1311585219
2019-09-19 10:29:17,899 [pool-239-thread-1] INFO  storage.RaftStorage (RaftStorage.java:format(72)) - Storage directory /workdir/hadoop-ozone/ozonefs/target/test-dir/MiniOzoneClusterImpl-ad08a619-39fc-4bc9-b221-9d2c6ebabba4/datanode-0/data/ratis/b06e8456-0dff-4fa3-9caa-b32a61e6453e has been successfully formatted.
2019-09-19 10:29:17,899 [pool-239-thread-1] INFO  ratis.ContainerStateMachine (ContainerStateMachine.java:loadSnapshot(226)) - group-B32A61E6453E: The snapshot info is null. Setting the last applied indexto:(t:0, i:~)
2019-09-19 10:29:17,899 [pool-239-thread-1] INFO  server.RaftServerConfigKeys (ConfUtils.java:logGet(43)) - raft.server.leader.election.timeout = 120s (custom)
2019-09-19 10:29:17,899 [pool-239-thread-1] INFO  server.RaftServerConfigKeys (ConfUtils.java:logGet(43)) - raft.server.log.use.memory = false (default)
2019-09-19 10:29:17,899 [pool-239-thread-1] INFO  server.RaftServerConfigKeys (ConfUtils.java:logGet(43)) - raft.server.log.purge.gap = 1000000 (custom)
2019-09-19 10:29:17,899 [pool-239-thread-1] INFO  server.RaftServerConfigKeys (ConfUtils.java:logGet(43)) - raft.server.log.appender.buffer.byte-limit = 33554432 (custom)
2019-09-19 10:29:17,899 [pool-239-thread-1] INFO  server.RaftServerConfigKeys (ConfUtils.java:logGet(43)) - raft.server.log.segment.size.max = 1048576 (custom)
2019-09-19 10:29:17,899 [pool-239-thread-1] INFO  server.RaftServerConfigKeys (ConfUtils.java:logGet(43)) - raft.server.log.segment.cache.num.max = 2 (custom)
2019-09-19 10:29:17,899 [pool-239-thread-1] INFO  segmented.SegmentedRaftLogWorker (SegmentedRaftLogWorker.java:<init>(172)) - new 6a95ede2-7a61-476d-865e-bbd6dad7bd6d-SegmentedRaftLogWorker:Storage Directory /workdir/hadoop-ozone/ozonefs/target/test-dir/MiniOzoneClusterImpl-ad08a619-39fc-4bc9-b221-9d2c6ebabba4/datanode-0/data/ratis/b06e8456-0dff-4fa3-9caa-b32a61e6453e for RaftStorage:Storage Directory /workdir/hadoop-ozone/ozonefs/target/test-dir/MiniOzoneClusterImpl-ad08a619-39fc-4bc9-b221-9d2c6ebabba4/datanode-0/data/ratis/b06e8456-0dff-4fa3-9caa-b32a61e6453e
2019-09-19 10:29:17,899 [pool-239-thread-1] INFO  server.RaftServerConfigKeys (ConfUtils.java:logGet(43)) - raft.server.log.queue.byte-limit = 2147483647 (custom)
2019-09-19 10:29:17,899 [pool-239-thread-1] INFO  server.RaftServerConfigKeys (ConfUtils.java:logGet(43)) - raft.server.log.queue.element-limit = 1024 (custom)
2019-09-19 10:29:17,900 [pool-239-thread-1] INFO  server.RaftServerConfigKeys (ConfUtils.java:logGet(43)) - raft.server.log.segment.size.max = 1048576 (custom)
2019-09-19 10:29:17,900 [pool-239-thread-1] INFO  server.RaftServerConfigKeys (ConfUtils.java:logGet(43)) - raft.server.log.preallocated.size = 16384 (custom)
2019-09-19 10:29:17,900 [pool-239-thread-1] INFO  server.RaftServerConfigKeys (ConfUtils.java:logGet(43)) - raft.server.log.write.buffer.size = 33554432 (custom)
2019-09-19 10:29:17,900 [pool-239-thread-1] INFO  server.RaftServerConfigKeys (ConfUtils.java:logGet(43)) - raft.server.log.force.sync.num = 128 (default)
2019-09-19 10:29:17,900 [pool-239-thread-1] INFO  server.RaftServerConfigKeys (ConfUtils.java:logGet(43)) - raft.server.log.statemachine.data.sync = true (default)
2019-09-19 10:29:17,900 [pool-239-thread-1] INFO  server.RaftServerConfigKeys (ConfUtils.java:logGet(43)) - raft.server.log.statemachine.data.sync.timeout = 10s (default)
2019-09-19 10:29:17,900 [pool-239-thread-1] INFO  server.RaftServerConfigKeys (ConfUtils.java:logGet(43)) - raft.server.log.statemachine.data.sync.timeout.retry = -1 (default)
2019-09-19 10:29:17,900 [pool-239-thread-1] INFO  server.RaftServerConfigKeys (ConfUtils.java:logGet(43)) - raft.server.log.statemachine.data.caching.enabled = true (custom)
2019-09-19 10:29:17,900 [pool-239-thread-1] INFO  segmented.SegmentedRaftLogWorker (SegmentedRaftLogWorker.java:lambda$new$0(132)) - 6a95ede2-7a61-476d-865e-bbd6dad7bd6d-SegmentedRaftLogWorker:Storage Directory /workdir/hadoop-ozone/ozonefs/target/test-dir/MiniOzoneClusterImpl-ad08a619-39fc-4bc9-b221-9d2c6ebabba4/datanode-0/data/ratis/b06e8456-0dff-4fa3-9caa-b32a61e6453e: flushIndex: setUnconditionally 0 -> -1
2019-09-19 10:29:17,900 [pool-239-thread-1] INFO  server.RaftServerConfigKeys (ConfUtils.java:logGet(43)) - raft.server.snapshot.auto.trigger.enabled = true (custom)
2019-09-19 10:29:17,901 [pool-239-thread-1] INFO  server.RaftServerConfigKeys (ConfUtils.java:logGet(43)) - raft.server.snapshot.auto.trigger.threshold = 10000 (custom)
2019-09-19 10:29:17,901 [pool-239-thread-1] INFO  server.RaftServerConfigKeys (ConfUtils.java:logGet(43)) - raft.server.retrycache.expirytime = 600000ms (custom)
2019-09-19 10:29:17,901 [pool-239-thread-1] INFO  impl.RaftServerImpl (RaftServerImpl.java:start(180)) - 6a95ede2-7a61-476d-865e-bbd6dad7bd6d: start group-B32A61E6453E
2019-09-19 10:29:17,901 [pool-239-thread-1] INFO  impl.RaftServerImpl (RaftServerImpl.java:setRole(171)) - 6a95ede2-7a61-476d-865e-bbd6dad7bd6d:group-B32A61E6453E changes role from null to FOLLOWER at term 0 for startAsFollower
2019-09-19 10:29:17,901 [pool-239-thread-1] INFO  impl.RoleInfo (RoleInfo.java:updateAndGet(143)) - 6a95ede2-7a61-476d-865e-bbd6dad7bd6d: start FollowerState
2019-09-19 10:29:17,901 [pool-239-thread-1] INFO  util.JmxRegister (JmxRegister.java:tryRegister(44)) - Successfully registered JMX Bean with object name Ratis:service=RaftServer,group=group-B32A61E6453E,id=6a95ede2-7a61-476d-865e-bbd6dad7bd6d
2019-09-19 10:29:17,903 [RatisPipelineUtilsThread] INFO  pipeline.PipelineStateManager (PipelineStateManager.java:addPipeline(56)) - Created pipeline Pipeline[ Id: b06e8456-0dff-4fa3-9caa-b32a61e6453e, Nodes: 6a95ede2-7a61-476d-865e-bbd6dad7bd6d{ip: 192.168.157.204, host: pr-hdds-1569-cpgw4-1311585219, networkLocation: /default-rack, certSerialId: null}, Type:RATIS, Factor:ONE, State:OPEN]
2019-09-19 10:29:17,903 [RatisPipelineUtilsThread] ERROR pipeline.PipelinePlacementPolicy (PipelinePlacementPolicy.java:meetCriteria(91)) - Pipeline Placement: Doesn't meet the criteria to be viable node. Heaviness: 6
2019-09-19 10:29:17,903 [RatisPipelineUtilsThread] ERROR pipeline.PipelinePlacementPolicy (PipelinePlacementPolicy.java:filterViableNodes(146)) - Unable to find enough nodes that meet the criteria that cannot engage in more than 5 pipelines. Nodes required: 1 Found: 0, healthy nodes count inNodeManager: 1.
2019-09-19 10:29:17,903 [RatisPipelineUtilsThread] ERROR pipeline.SCMPipelineManager (SCMPipelineManager.java:createPipeline(161)) - Pipeline creation failed due to exception: Unable to find enough nodes that meet the criteria that cannot engage in more than 5 pipelines. Nodes required: 1 Found: 0, healthy nodes count inNodeManager: 1.
2019-09-19 10:29:17,903 [RatisPipelineUtilsThread] ERROR pipeline.PipelinePlacementPolicy (PipelinePlacementPolicy.java:filterViableNodes(129)) - Not enough healthy nodes to allocate pipeline. 3  datanodes required. Found 1
2019-09-19 10:29:17,903 [RatisPipelineUtilsThread] ERROR pipeline.SCMPipelineManager (SCMPipelineManager.java:createPipeline(161)) - Pipeline creation failed due to exception: Not enough healthy nodes to allocate pipeline. 3  datanodes required. Found 1
2019-09-19 10:29:17,904 [RatisPipelineUtilsThread] ERROR pipeline.PipelinePlacementPolicy (PipelinePlacementPolicy.java:meetCriteria(91)) - Pipeline Placement: Doesn't meet the criteria to be viable node. Heaviness: 6
2019-09-19 10:29:17,904 [RatisPipelineUtilsThread] ERROR pipeline.PipelinePlacementPolicy (PipelinePlacementPolicy.java:filterViableNodes(146)) - Unable to find enough nodes that meet the criteria that cannot engage in more than 5 pipelines. Nodes required: 1 Found: 0, healthy nodes count inNodeManager: 1.
2019-09-19 10:29:17,904 [RatisPipelineUtilsThread] ERROR pipeline.SCMPipelineManager (SCMPipelineManager.java:createPipeline(161)) - Pipeline creation failed due to exception: Unable to find enough nodes that meet the criteria that cannot engage in more than 5 pipelines. Nodes required: 1 Found: 0, healthy nodes count inNodeManager: 1.
2019-09-19 10:29:17,904 [RatisPipelineUtilsThread] ERROR pipeline.PipelinePlacementPolicy (PipelinePlacementPolicy.java:filterViableNodes(129)) - Not enough healthy nodes to allocate pipeline. 3  datanodes required. Found 1
2019-09-19 10:29:17,904 [RatisPipelineUtilsThread] ERROR pipeline.SCMPipelineManager (SCMPipelineManager.java:createPipeline(161)) - Pipeline creation failed due to exception: Not enough healthy nodes to allocate pipeline. 3  datanodes required. Found 1
2019-09-19 10:29:17,911 [IPC Server handler 0 on 35262] INFO  net.NetworkTopology (NetworkTopologyImpl.java:add(110)) - Added a new node: /default-rack/2dc4f242-a089-4bf0-b8a0-2b386513388d
2019-09-19 10:29:17,912 [RatisPipelineUtilsThread] ERROR pipeline.PipelinePlacementPolicy (PipelinePlacementPolicy.java:meetCriteria(91)) - Pipeline Placement: Doesn't meet the criteria to be viable node. Heaviness: 6
2019-09-19 10:29:17,912 [IPC Server handler 0 on 35262] INFO  node.SCMNodeManager (SCMNodeManager.java:register(273)) - Registered Data node : 2dc4f242-a089-4bf0-b8a0-2b386513388d{ip: 192.168.157.204, host: pr-hdds-1569-cpgw4-1311585219, networkLocation: /default-rack, certSerialId: null}
2019-09-19 10:29:17,912 | INFO  | SCMAudit | user=jenkins1000 | ip=192.168.157.204 | op=REGISTER {datanodeDetails=2dc4f242-a089-4bf0-b8a0-2b386513388d{ip: 192.168.157.204, host: pr-hdds-1569-cpgw4-1311585219, networkLocation: /default-rack, certSerialId: null}} | ret=SUCCESS |  
2019-09-19 10:29:17,916 [grpc-default-executor-0] INFO  impl.RaftServerProxy (RaftServerProxy.java:addNew(89)) - 2dc4f242-a089-4bf0-b8a0-2b386513388d: addNew group-882757155166:[2dc4f242-a089-4bf0-b8a0-2b386513388d:192.168.157.204:33647] returns group-882757155166:java.util.concurrent.CompletableFuture@15b5fdfe[Not completed]
2019-09-19 10:29:17,917 [pool-250-thread-1] INFO  impl.RaftServerImpl (RaftServerImpl.java:<init>(93)) - 2dc4f242-a089-4bf0-b8a0-2b386513388d: new RaftServerImpl for group-882757155166:[2dc4f242-a089-4bf0-b8a0-2b386513388d:192.168.157.204:33647] with ContainerStateMachine:uninitialized
2019-09-19 10:29:17,917 [pool-250-thread-1] INFO  server.RaftServerConfigKeys (ConfUtils.java:logGet(43)) - raft.server.rpc.timeout.min = 5s (custom)
2019-09-19 10:29:17,917 [pool-250-thread-1] INFO  server.RaftServerConfigKeys (ConfUtils.java:logGet(43)) - raft.server.rpc.timeout.max = 5200ms (custom)
2019-09-19 10:29:17,917 [pool-250-thread-1] INFO  server.RaftServerConfigKeys (ConfUtils.java:logGet(43)) - raft.server.rpcslowness.timeout = 120s (custom)
2019-09-19 10:29:17,917 [pool-250-thread-1] INFO  server.RaftServerConfigKeys (ConfUtils.java:logGet(43)) - raft.server.sleep.deviation.threshold = 300 (default)
2019-09-19 10:29:17,917 [pool-250-thread-1] INFO  server.RaftServerConfigKeys (ConfUtils.java:logGet(43)) - raft.server.log.appender.install.snapshot.enabled = false (custom)
2019-09-19 10:29:17,917 [pool-250-thread-1] INFO  impl.RaftServerImpl (ServerState.java:<init>(105)) - 2dc4f242-a089-4bf0-b8a0-2b386513388d:group-882757155166 ConfigurationManager, init=-1: [2dc4f242-a089-4bf0-b8a0-2b386513388d:192.168.157.204:33647], old=null, confs=<EMPTY_MAP>
2019-09-19 10:29:17,917 [pool-250-thread-1] INFO  server.RaftServerConfigKeys (ConfUtils.java:logGet(43)) - raft.server.storage.dir = [/workdir/hadoop-ozone/ozonefs/target/test-dir/MiniOzoneClusterImpl-ad08a619-39fc-4bc9-b221-9d2c6ebabba4/datanode-1/data/ratis] (custom)
2019-09-19 10:29:17,917 [pool-250-thread-1] INFO  storage.RaftStorageDirectory (RaftStorageDirectory.java:analyzeStorage(246)) - The storage directory /workdir/hadoop-ozone/ozonefs/target/test-dir/MiniOzoneClusterImpl-ad08a619-39fc-4bc9-b221-9d2c6ebabba4/datanode-1/data/ratis/d8b977d9-598a-4642-9a58-882757155166 does not exist. Creating ...
2019-09-19 10:29:17,920 [pool-250-thread-1] INFO  storage.RaftStorageDirectory (RaftStorageDirectory.java:tryLock(328)) - Lock on /workdir/hadoop-ozone/ozonefs/target/test-dir/MiniOzoneClusterImpl-ad08a619-39fc-4bc9-b221-9d2c6ebabba4/datanode-1/data/ratis/d8b977d9-598a-4642-9a58-882757155166/in_use.lock acquired by nodename 28323@pr-hdds-1569-cpgw4-1311585219
2019-09-19 10:29:17,923 [pool-250-thread-1] INFO  storage.RaftStorage (RaftStorage.java:format(72)) - Storage directory /workdir/hadoop-ozone/ozonefs/target/test-dir/MiniOzoneClusterImpl-ad08a619-39fc-4bc9-b221-9d2c6ebabba4/datanode-1/data/ratis/d8b977d9-598a-4642-9a58-882757155166 has been successfully formatted.
2019-09-19 10:29:17,923 [pool-250-thread-1] INFO  ratis.ContainerStateMachine (ContainerStateMachine.java:loadSnapshot(226)) - group-882757155166: The snapshot info is null. Setting the last applied indexto:(t:0, i:~)
2019-09-19 10:29:17,923 [pool-250-thread-1] INFO  server.RaftServerConfigKeys (ConfUtils.java:logGet(43)) - raft.server.leader.election.timeout = 120s (custom)
2019-09-19 10:29:17,924 [pool-250-thread-1] INFO  server.RaftServerConfigKeys (ConfUtils.java:logGet(43)) - raft.server.log.use.memory = false (default)
2019-09-19 10:29:17,924 [pool-250-thread-1] INFO  server.RaftServerConfigKeys (ConfUtils.java:logGet(43)) - raft.server.log.purge.gap = 1000000 (custom)
2019-09-19 10:29:17,924 [pool-250-thread-1] INFO  server.RaftServerConfigKeys (ConfUtils.java:logGet(43)) - raft.server.log.appender.buffer.byte-limit = 33554432 (custom)
2019-09-19 10:29:17,924 [pool-250-thread-1] INFO  server.RaftServerConfigKeys (ConfUtils.java:logGet(43)) - raft.server.log.segment.size.max = 1048576 (custom)
2019-09-19 10:29:17,924 [pool-250-thread-1] INFO  server.RaftServerConfigKeys (ConfUtils.java:logGet(43)) - raft.server.log.segment.cache.num.max = 2 (custom)
2019-09-19 10:29:17,924 [pool-250-thread-1] INFO  segmented.SegmentedRaftLogWorker (SegmentedRaftLogWorker.java:<init>(172)) - new 2dc4f242-a089-4bf0-b8a0-2b386513388d-SegmentedRaftLogWorker:Storage Directory /workdir/hadoop-ozone/ozonefs/target/test-dir/MiniOzoneClusterImpl-ad08a619-39fc-4bc9-b221-9d2c6ebabba4/datanode-1/data/ratis/d8b977d9-598a-4642-9a58-882757155166 for RaftStorage:Storage Directory /workdir/hadoop-ozone/ozonefs/target/test-dir/MiniOzoneClusterImpl-ad08a619-39fc-4bc9-b221-9d2c6ebabba4/datanode-1/data/ratis/d8b977d9-598a-4642-9a58-882757155166
2019-09-19 10:29:17,924 [pool-250-thread-1] INFO  server.RaftServerConfigKeys (ConfUtils.java:logGet(43)) - raft.server.log.queue.byte-limit = 2147483647 (custom)
2019-09-19 10:29:17,924 [pool-250-thread-1] INFO  server.RaftServerConfigKeys (ConfUtils.java:logGet(43)) - raft.server.log.queue.element-limit = 1024 (custom)
2019-09-19 10:29:17,924 [pool-250-thread-1] INFO  server.RaftServerConfigKeys (ConfUtils.java:logGet(43)) - raft.server.log.segment.size.max = 1048576 (custom)
2019-09-19 10:29:17,924 [pool-250-thread-1] INFO  server.RaftServerConfigKeys (ConfUtils.java:logGet(43)) - raft.server.log.preallocated.size = 16384 (custom)
2019-09-19 10:29:17,924 [pool-250-thread-1] INFO  server.RaftServerConfigKeys (ConfUtils.java:logGet(43)) - raft.server.log.write.buffer.size = 33554432 (custom)
2019-09-19 10:29:17,925 [pool-250-thread-1] INFO  server.RaftServerConfigKeys (ConfUtils.java:logGet(43)) - raft.server.log.force.sync.num = 128 (default)
2019-09-19 10:29:17,925 [pool-250-thread-1] INFO  server.RaftServerConfigKeys (ConfUtils.java:logGet(43)) - raft.server.log.statemachine.data.sync = true (default)
2019-09-19 10:29:17,925 [pool-250-thread-1] INFO  server.RaftServerConfigKeys (ConfUtils.java:logGet(43)) - raft.server.log.statemachine.data.sync.timeout = 10s (default)
2019-09-19 10:29:17,925 [pool-250-thread-1] INFO  server.RaftServerConfigKeys (ConfUtils.java:logGet(43)) - raft.server.log.statemachine.data.sync.timeout.retry = -1 (default)
2019-09-19 10:29:17,925 [pool-250-thread-1] INFO  server.RaftServerConfigKeys (ConfUtils.java:logGet(43)) - raft.server.log.statemachine.data.caching.enabled = true (custom)
2019-09-19 10:29:17,925 [pool-250-thread-1] INFO  segmented.SegmentedRaftLogWorker (SegmentedRaftLogWorker.java:lambda$new$0(132)) - 2dc4f242-a089-4bf0-b8a0-2b386513388d-SegmentedRaftLogWorker:Storage Directory /workdir/hadoop-ozone/ozonefs/target/test-dir/MiniOzoneClusterImpl-ad08a619-39fc-4bc9-b221-9d2c6ebabba4/datanode-1/data/ratis/d8b977d9-598a-4642-9a58-882757155166: flushIndex: setUnconditionally 0 -> -1
2019-09-19 10:29:17,925 [pool-250-thread-1] INFO  server.RaftServerConfigKeys (ConfUtils.java:logGet(43)) - raft.server.snapshot.auto.trigger.enabled = true (custom)
2019-09-19 10:29:17,925 [pool-250-thread-1] INFO  server.RaftServerConfigKeys (ConfUtils.java:logGet(43)) - raft.server.snapshot.auto.trigger.threshold = 10000 (custom)
2019-09-19 10:29:17,925 [pool-250-thread-1] INFO  server.RaftServerConfigKeys (ConfUtils.java:logGet(43)) - raft.server.retrycache.expirytime = 600000ms (custom)
2019-09-19 10:29:17,926 [pool-250-thread-1] INFO  impl.RaftServerImpl (RaftServerImpl.java:start(180)) - 2dc4f242-a089-4bf0-b8a0-2b386513388d: start group-882757155166
2019-09-19 10:29:17,926 [pool-250-thread-1] INFO  impl.RaftServerImpl (RaftServerImpl.java:setRole(171)) - 2dc4f242-a089-4bf0-b8a0-2b386513388d:group-882757155166 changes role from null to FOLLOWER at term 0 for startAsFollower
2019-09-19 10:29:17,926 [pool-250-thread-1] INFO  impl.RoleInfo (RoleInfo.java:updateAndGet(143)) - 2dc4f242-a089-4bf0-b8a0-2b386513388d: start FollowerState
2019-09-19 10:29:17,926 [pool-250-thread-1] INFO  util.JmxRegister (JmxRegister.java:tryRegister(44)) - Successfully registered JMX Bean with object name Ratis:service=RaftServer,group=group-882757155166,id=2dc4f242-a089-4bf0-b8a0-2b386513388d
2019-09-19 10:29:17,927 [RatisPipelineUtilsThread] INFO  pipeline.PipelineStateManager (PipelineStateManager.java:addPipeline(56)) - Created pipeline Pipeline[ Id: d8b977d9-598a-4642-9a58-882757155166, Nodes: 2dc4f242-a089-4bf0-b8a0-2b386513388d{ip: 192.168.157.204, host: pr-hdds-1569-cpgw4-1311585219, networkLocation: /default-rack, certSerialId: null}, Type:RATIS, Factor:ONE, State:OPEN]
2019-09-19 10:29:17,928 [RatisPipelineUtilsThread] ERROR pipeline.PipelinePlacementPolicy (PipelinePlacementPolicy.java:meetCriteria(91)) - Pipeline Placement: Doesn't meet the criteria to be viable node. Heaviness: 6
2019-09-19 10:29:17,930 [grpc-default-executor-0] INFO  impl.RaftServerProxy (RaftServerProxy.java:addNew(89)) - 2dc4f242-a089-4bf0-b8a0-2b386513388d: addNew group-782735B1AE85:[2dc4f242-a089-4bf0-b8a0-2b386513388d:192.168.157.204:33647] returns group-782735B1AE85:java.util.concurrent.CompletableFuture@27f6483a[Not completed]
2019-09-19 10:29:17,931 [pool-250-thread-1] INFO  impl.RaftServerImpl (RaftServerImpl.java:<init>(93)) - 2dc4f242-a089-4bf0-b8a0-2b386513388d: new RaftServerImpl for group-782735B1AE85:[2dc4f242-a089-4bf0-b8a0-2b386513388d:192.168.157.204:33647] with ContainerStateMachine:uninitialized
2019-09-19 10:29:17,931 [pool-250-thread-1] INFO  server.RaftServerConfigKeys (ConfUtils.java:logGet(43)) - raft.server.rpc.timeout.min = 5s (custom)
2019-09-19 10:29:17,931 [pool-250-thread-1] INFO  server.RaftServerConfigKeys (ConfUtils.java:logGet(43)) - raft.server.rpc.timeout.max = 5200ms (custom)
2019-09-19 10:29:17,932 [pool-250-thread-1] INFO  server.RaftServerConfigKeys (ConfUtils.java:logGet(43)) - raft.server.rpcslowness.timeout = 120s (custom)
2019-09-19 10:29:17,932 [pool-250-thread-1] INFO  server.RaftServerConfigKeys (ConfUtils.java:logGet(43)) - raft.server.sleep.deviation.threshold = 300 (default)
2019-09-19 10:29:17,932 [pool-250-thread-1] INFO  server.RaftServerConfigKeys (ConfUtils.java:logGet(43)) - raft.server.log.appender.install.snapshot.enabled = false (custom)
2019-09-19 10:29:17,932 [pool-250-thread-1] INFO  impl.RaftServerImpl (ServerState.java:<init>(105)) - 2dc4f242-a089-4bf0-b8a0-2b386513388d:group-782735B1AE85 ConfigurationManager, init=-1: [2dc4f242-a089-4bf0-b8a0-2b386513388d:192.168.157.204:33647], old=null, confs=<EMPTY_MAP>
2019-09-19 10:29:17,932 [pool-250-thread-1] INFO  server.RaftServerConfigKeys (ConfUtils.java:logGet(43)) - raft.server.storage.dir = [/workdir/hadoop-ozone/ozonefs/target/test-dir/MiniOzoneClusterImpl-ad08a619-39fc-4bc9-b221-9d2c6ebabba4/datanode-1/data/ratis] (custom)
2019-09-19 10:29:17,932 [pool-250-thread-1] INFO  storage.RaftStorageDirectory (RaftStorageDirectory.java:analyzeStorage(246)) - The storage directory /workdir/hadoop-ozone/ozonefs/target/test-dir/MiniOzoneClusterImpl-ad08a619-39fc-4bc9-b221-9d2c6ebabba4/datanode-1/data/ratis/5726e142-ec71-40f9-b1a7-782735b1ae85 does not exist. Creating ...
2019-09-19 10:29:17,936 [pool-250-thread-1] INFO  storage.RaftStorageDirectory (RaftStorageDirectory.java:tryLock(328)) - Lock on /workdir/hadoop-ozone/ozonefs/target/test-dir/MiniOzoneClusterImpl-ad08a619-39fc-4bc9-b221-9d2c6ebabba4/datanode-1/data/ratis/5726e142-ec71-40f9-b1a7-782735b1ae85/in_use.lock acquired by nodename 28323@pr-hdds-1569-cpgw4-1311585219
2019-09-19 10:29:17,940 [pool-250-thread-1] INFO  storage.RaftStorage (RaftStorage.java:format(72)) - Storage directory /workdir/hadoop-ozone/ozonefs/target/test-dir/MiniOzoneClusterImpl-ad08a619-39fc-4bc9-b221-9d2c6ebabba4/datanode-1/data/ratis/5726e142-ec71-40f9-b1a7-782735b1ae85 has been successfully formatted.
2019-09-19 10:29:17,941 [pool-250-thread-1] INFO  ratis.ContainerStateMachine (ContainerStateMachine.java:loadSnapshot(226)) - group-782735B1AE85: The snapshot info is null. Setting the last applied indexto:(t:0, i:~)
2019-09-19 10:29:17,941 [pool-250-thread-1] INFO  server.RaftServerConfigKeys (ConfUtils.java:logGet(43)) - raft.server.leader.election.timeout = 120s (custom)
2019-09-19 10:29:17,941 [pool-250-thread-1] INFO  server.RaftServerConfigKeys (ConfUtils.java:logGet(43)) - raft.server.log.use.memory = false (default)
2019-09-19 10:29:17,941 [pool-250-thread-1] INFO  server.RaftServerConfigKeys (ConfUtils.java:logGet(43)) - raft.server.log.purge.gap = 1000000 (custom)
2019-09-19 10:29:17,941 [pool-250-thread-1] INFO  server.RaftServerConfigKeys (ConfUtils.java:logGet(43)) - raft.server.log.appender.buffer.byte-limit = 33554432 (custom)
2019-09-19 10:29:17,941 [pool-250-thread-1] INFO  server.RaftServerConfigKeys (ConfUtils.java:logGet(43)) - raft.server.log.segment.size.max = 1048576 (custom)
2019-09-19 10:29:17,941 [pool-250-thread-1] INFO  server.RaftServerConfigKeys (ConfUtils.java:logGet(43)) - raft.server.log.segment.cache.num.max = 2 (custom)
2019-09-19 10:29:17,941 [pool-250-thread-1] INFO  segmented.SegmentedRaftLogWorker (SegmentedRaftLogWorker.java:<init>(172)) - new 2dc4f242-a089-4bf0-b8a0-2b386513388d-SegmentedRaftLogWorker:Storage Directory /workdir/hadoop-ozone/ozonefs/target/test-dir/MiniOzoneClusterImpl-ad08a619-39fc-4bc9-b221-9d2c6ebabba4/datanode-1/data/ratis/5726e142-ec71-40f9-b1a7-782735b1ae85 for RaftStorage:Storage Directory /workdir/hadoop-ozone/ozonefs/target/test-dir/MiniOzoneClusterImpl-ad08a619-39fc-4bc9-b221-9d2c6ebabba4/datanode-1/data/ratis/5726e142-ec71-40f9-b1a7-782735b1ae85
2019-09-19 10:29:17,942 [pool-250-thread-1] INFO  server.RaftServerConfigKeys (ConfUtils.java:logGet(43)) - raft.server.log.queue.byte-limit = 2147483647 (custom)
2019-09-19 10:29:17,942 [pool-250-thread-1] INFO  server.RaftServerConfigKeys (ConfUtils.java:logGet(43)) - raft.server.log.queue.element-limit = 1024 (custom)
2019-09-19 10:29:17,942 [pool-250-thread-1] INFO  server.RaftServerConfigKeys (ConfUtils.java:logGet(43)) - raft.server.log.segment.size.max = 1048576 (custom)
2019-09-19 10:29:17,942 [pool-250-thread-1] INFO  server.RaftServerConfigKeys (ConfUtils.java:logGet(43)) - raft.server.log.preallocated.size = 16384 (custom)
2019-09-19 10:29:17,942 [pool-250-thread-1] INFO  server.RaftServerConfigKeys (ConfUtils.java:logGet(43)) - raft.server.log.write.buffer.size = 33554432 (custom)
2019-09-19 10:29:17,942 [pool-250-thread-1] INFO  server.RaftServerConfigKeys (ConfUtils.java:logGet(43)) - raft.server.log.force.sync.num = 128 (default)
2019-09-19 10:29:17,942 [pool-250-thread-1] INFO  server.RaftServerConfigKeys (ConfUtils.java:logGet(43)) - raft.server.log.statemachine.data.sync = true (default)
2019-09-19 10:29:17,942 [pool-250-thread-1] INFO  server.RaftServerConfigKeys (ConfUtils.java:logGet(43)) - raft.server.log.statemachine.data.sync.timeout = 10s (default)
2019-09-19 10:29:17,943 [pool-250-thread-1] INFO  server.RaftServerConfigKeys (ConfUtils.java:logGet(43)) - raft.server.log.statemachine.data.sync.timeout.retry = -1 (default)
2019-09-19 10:29:17,943 [pool-250-thread-1] INFO  server.RaftServerConfigKeys (ConfUtils.java:logGet(43)) - raft.server.log.statemachine.data.caching.enabled = true (custom)
2019-09-19 10:29:17,943 [pool-250-thread-1] INFO  segmented.SegmentedRaftLogWorker (SegmentedRaftLogWorker.java:lambda$new$0(132)) - 2dc4f242-a089-4bf0-b8a0-2b386513388d-SegmentedRaftLogWorker:Storage Directory /workdir/hadoop-ozone/ozonefs/target/test-dir/MiniOzoneClusterImpl-ad08a619-39fc-4bc9-b221-9d2c6ebabba4/datanode-1/data/ratis/5726e142-ec71-40f9-b1a7-782735b1ae85: flushIndex: setUnconditionally 0 -> -1
2019-09-19 10:29:17,943 [pool-250-thread-1] INFO  server.RaftServerConfigKeys (ConfUtils.java:logGet(43)) - raft.server.snapshot.auto.trigger.enabled = true (custom)
2019-09-19 10:29:17,943 [pool-250-thread-1] INFO  server.RaftServerConfigKeys (ConfUtils.java:logGet(43)) - raft.server.snapshot.auto.trigger.threshold = 10000 (custom)
2019-09-19 10:29:17,943 [pool-250-thread-1] INFO  server.RaftServerConfigKeys (ConfUtils.java:logGet(43)) - raft.server.retrycache.expirytime = 600000ms (custom)
2019-09-19 10:29:17,943 [pool-250-thread-1] INFO  impl.RaftServerImpl (RaftServerImpl.java:start(180)) - 2dc4f242-a089-4bf0-b8a0-2b386513388d: start group-782735B1AE85
2019-09-19 10:29:17,943 [pool-250-thread-1] INFO  impl.RaftServerImpl (RaftServerImpl.java:setRole(171)) - 2dc4f242-a089-4bf0-b8a0-2b386513388d:group-782735B1AE85 changes role from null to FOLLOWER at term 0 for startAsFollower
2019-09-19 10:29:17,943 [pool-250-thread-1] INFO  impl.RoleInfo (RoleInfo.java:updateAndGet(143)) - 2dc4f242-a089-4bf0-b8a0-2b386513388d: start FollowerState
2019-09-19 10:29:17,944 [pool-250-thread-1] INFO  util.JmxRegister (JmxRegister.java:tryRegister(44)) - Successfully registered JMX Bean with object name Ratis:service=RaftServer,group=group-782735B1AE85,id=2dc4f242-a089-4bf0-b8a0-2b386513388d
2019-09-19 10:29:17,945 [RatisPipelineUtilsThread] INFO  pipeline.PipelineStateManager (PipelineStateManager.java:addPipeline(56)) - Created pipeline Pipeline[ Id: 5726e142-ec71-40f9-b1a7-782735b1ae85, Nodes: 2dc4f242-a089-4bf0-b8a0-2b386513388d{ip: 192.168.157.204, host: pr-hdds-1569-cpgw4-1311585219, networkLocation: /default-rack, certSerialId: null}, Type:RATIS, Factor:ONE, State:OPEN]
2019-09-19 10:29:17,945 [RatisPipelineUtilsThread] ERROR pipeline.PipelinePlacementPolicy (PipelinePlacementPolicy.java:meetCriteria(91)) - Pipeline Placement: Doesn't meet the criteria to be viable node. Heaviness: 6
2019-09-19 10:29:17,948 [grpc-default-executor-0] INFO  impl.RaftServerProxy (RaftServerProxy.java:addNew(89)) - 2dc4f242-a089-4bf0-b8a0-2b386513388d: addNew group-5E9B26ADBBAA:[2dc4f242-a089-4bf0-b8a0-2b386513388d:192.168.157.204:33647] returns group-5E9B26ADBBAA:java.util.concurrent.CompletableFuture@7b707f59[Not completed]
2019-09-19 10:29:17,949 [pool-250-thread-1] INFO  impl.RaftServerImpl (RaftServerImpl.java:<init>(93)) - 2dc4f242-a089-4bf0-b8a0-2b386513388d: new RaftServerImpl for group-5E9B26ADBBAA:[2dc4f242-a089-4bf0-b8a0-2b386513388d:192.168.157.204:33647] with ContainerStateMachine:uninitialized
2019-09-19 10:29:17,949 [pool-250-thread-1] INFO  server.RaftServerConfigKeys (ConfUtils.java:logGet(43)) - raft.server.rpc.timeout.min = 5s (custom)
2019-09-19 10:29:17,949 [pool-250-thread-1] INFO  server.RaftServerConfigKeys (ConfUtils.java:logGet(43)) - raft.server.rpc.timeout.max = 5200ms (custom)
2019-09-19 10:29:17,949 [pool-250-thread-1] INFO  server.RaftServerConfigKeys (ConfUtils.java:logGet(43)) - raft.server.rpcslowness.timeout = 120s (custom)
2019-09-19 10:29:17,949 [pool-250-thread-1] INFO  server.RaftServerConfigKeys (ConfUtils.java:logGet(43)) - raft.server.sleep.deviation.threshold = 300 (default)
2019-09-19 10:29:17,949 [pool-250-thread-1] INFO  server.RaftServerConfigKeys (ConfUtils.java:logGet(43)) - raft.server.log.appender.install.snapshot.enabled = false (custom)
2019-09-19 10:29:17,949 [pool-250-thread-1] INFO  impl.RaftServerImpl (ServerState.java:<init>(105)) - 2dc4f242-a089-4bf0-b8a0-2b386513388d:group-5E9B26ADBBAA ConfigurationManager, init=-1: [2dc4f242-a089-4bf0-b8a0-2b386513388d:192.168.157.204:33647], old=null, confs=<EMPTY_MAP>
2019-09-19 10:29:17,949 [pool-250-thread-1] INFO  server.RaftServerConfigKeys (ConfUtils.java:logGet(43)) - raft.server.storage.dir = [/workdir/hadoop-ozone/ozonefs/target/test-dir/MiniOzoneClusterImpl-ad08a619-39fc-4bc9-b221-9d2c6ebabba4/datanode-1/data/ratis] (custom)
2019-09-19 10:29:17,950 [pool-250-thread-1] INFO  storage.RaftStorageDirectory (RaftStorageDirectory.java:analyzeStorage(246)) - The storage directory /workdir/hadoop-ozone/ozonefs/target/test-dir/MiniOzoneClusterImpl-ad08a619-39fc-4bc9-b221-9d2c6ebabba4/datanode-1/data/ratis/4d5f9fc5-a3e1-40d9-9b3c-5e9b26adbbaa does not exist. Creating ...
2019-09-19 10:29:17,952 [pool-250-thread-1] INFO  storage.RaftStorageDirectory (RaftStorageDirectory.java:tryLock(328)) - Lock on /workdir/hadoop-ozone/ozonefs/target/test-dir/MiniOzoneClusterImpl-ad08a619-39fc-4bc9-b221-9d2c6ebabba4/datanode-1/data/ratis/4d5f9fc5-a3e1-40d9-9b3c-5e9b26adbbaa/in_use.lock acquired by nodename 28323@pr-hdds-1569-cpgw4-1311585219
2019-09-19 10:29:17,954 [pool-250-thread-1] INFO  storage.RaftStorage (RaftStorage.java:format(72)) - Storage directory /workdir/hadoop-ozone/ozonefs/target/test-dir/MiniOzoneClusterImpl-ad08a619-39fc-4bc9-b221-9d2c6ebabba4/datanode-1/data/ratis/4d5f9fc5-a3e1-40d9-9b3c-5e9b26adbbaa has been successfully formatted.
2019-09-19 10:29:17,955 [pool-250-thread-1] INFO  ratis.ContainerStateMachine (ContainerStateMachine.java:loadSnapshot(226)) - group-5E9B26ADBBAA: The snapshot info is null. Setting the last applied indexto:(t:0, i:~)
2019-09-19 10:29:17,955 [pool-250-thread-1] INFO  server.RaftServerConfigKeys (ConfUtils.java:logGet(43)) - raft.server.leader.election.timeout = 120s (custom)
2019-09-19 10:29:17,955 [pool-250-thread-1] INFO  server.RaftServerConfigKeys (ConfUtils.java:logGet(43)) - raft.server.log.use.memory = false (default)
2019-09-19 10:29:17,955 [pool-250-thread-1] INFO  server.RaftServerConfigKeys (ConfUtils.java:logGet(43)) - raft.server.log.purge.gap = 1000000 (custom)
2019-09-19 10:29:17,955 [pool-250-thread-1] INFO  server.RaftServerConfigKeys (ConfUtils.java:logGet(43)) - raft.server.log.appender.buffer.byte-limit = 33554432 (custom)
2019-09-19 10:29:17,955 [pool-250-thread-1] INFO  server.RaftServerConfigKeys (ConfUtils.java:logGet(43)) - raft.server.log.segment.size.max = 1048576 (custom)
2019-09-19 10:29:17,955 [pool-250-thread-1] INFO  server.RaftServerConfigKeys (ConfUtils.java:logGet(43)) - raft.server.log.segment.cache.num.max = 2 (custom)
2019-09-19 10:29:17,956 [pool-250-thread-1] INFO  segmented.SegmentedRaftLogWorker (SegmentedRaftLogWorker.java:<init>(172)) - new 2dc4f242-a089-4bf0-b8a0-2b386513388d-SegmentedRaftLogWorker:Storage Directory /workdir/hadoop-ozone/ozonefs/target/test-dir/MiniOzoneClusterImpl-ad08a619-39fc-4bc9-b221-9d2c6ebabba4/datanode-1/data/ratis/4d5f9fc5-a3e1-40d9-9b3c-5e9b26adbbaa for RaftStorage:Storage Directory /workdir/hadoop-ozone/ozonefs/target/test-dir/MiniOzoneClusterImpl-ad08a619-39fc-4bc9-b221-9d2c6ebabba4/datanode-1/data/ratis/4d5f9fc5-a3e1-40d9-9b3c-5e9b26adbbaa
2019-09-19 10:29:17,956 [pool-250-thread-1] INFO  server.RaftServerConfigKeys (ConfUtils.java:logGet(43)) - raft.server.log.queue.byte-limit = 2147483647 (custom)
2019-09-19 10:29:17,956 [pool-250-thread-1] INFO  server.RaftServerConfigKeys (ConfUtils.java:logGet(43)) - raft.server.log.queue.element-limit = 1024 (custom)
2019-09-19 10:29:17,956 [pool-250-thread-1] INFO  server.RaftServerConfigKeys (ConfUtils.java:logGet(43)) - raft.server.log.segment.size.max = 1048576 (custom)
2019-09-19 10:29:17,956 [pool-250-thread-1] INFO  server.RaftServerConfigKeys (ConfUtils.java:logGet(43)) - raft.server.log.preallocated.size = 16384 (custom)
2019-09-19 10:29:17,956 [pool-250-thread-1] INFO  server.RaftServerConfigKeys (ConfUtils.java:logGet(43)) - raft.server.log.write.buffer.size = 33554432 (custom)
2019-09-19 10:29:17,956 [pool-250-thread-1] INFO  server.RaftServerConfigKeys (ConfUtils.java:logGet(43)) - raft.server.log.force.sync.num = 128 (default)
2019-09-19 10:29:17,956 [pool-250-thread-1] INFO  server.RaftServerConfigKeys (ConfUtils.java:logGet(43)) - raft.server.log.statemachine.data.sync = true (default)
2019-09-19 10:29:17,957 [pool-250-thread-1] INFO  server.RaftServerConfigKeys (ConfUtils.java:logGet(43)) - raft.server.log.statemachine.data.sync.timeout = 10s (default)
2019-09-19 10:29:17,957 [pool-250-thread-1] INFO  server.RaftServerConfigKeys (ConfUtils.java:logGet(43)) - raft.server.log.statemachine.data.sync.timeout.retry = -1 (default)
2019-09-19 10:29:17,957 [pool-250-thread-1] INFO  server.RaftServerConfigKeys (ConfUtils.java:logGet(43)) - raft.server.log.statemachine.data.caching.enabled = true (custom)
2019-09-19 10:29:17,957 [pool-250-thread-1] INFO  segmented.SegmentedRaftLogWorker (SegmentedRaftLogWorker.java:lambda$new$0(132)) - 2dc4f242-a089-4bf0-b8a0-2b386513388d-SegmentedRaftLogWorker:Storage Directory /workdir/hadoop-ozone/ozonefs/target/test-dir/MiniOzoneClusterImpl-ad08a619-39fc-4bc9-b221-9d2c6ebabba4/datanode-1/data/ratis/4d5f9fc5-a3e1-40d9-9b3c-5e9b26adbbaa: flushIndex: setUnconditionally 0 -> -1
2019-09-19 10:29:17,957 [pool-250-thread-1] INFO  server.RaftServerConfigKeys (ConfUtils.java:logGet(43)) - raft.server.snapshot.auto.trigger.enabled = true (custom)
2019-09-19 10:29:17,957 [pool-250-thread-1] INFO  server.RaftServerConfigKeys (ConfUtils.java:logGet(43)) - raft.server.snapshot.auto.trigger.threshold = 10000 (custom)
2019-09-19 10:29:17,958 [pool-250-thread-1] INFO  server.RaftServerConfigKeys (ConfUtils.java:logGet(43)) - raft.server.retrycache.expirytime = 600000ms (custom)
2019-09-19 10:29:17,958 [pool-250-thread-1] INFO  impl.RaftServerImpl (RaftServerImpl.java:start(180)) - 2dc4f242-a089-4bf0-b8a0-2b386513388d: start group-5E9B26ADBBAA
2019-09-19 10:29:17,958 [pool-250-thread-1] INFO  impl.RaftServerImpl (RaftServerImpl.java:setRole(171)) - 2dc4f242-a089-4bf0-b8a0-2b386513388d:group-5E9B26ADBBAA changes role from null to FOLLOWER at term 0 for startAsFollower
2019-09-19 10:29:17,958 [pool-250-thread-1] INFO  impl.RoleInfo (RoleInfo.java:updateAndGet(143)) - 2dc4f242-a089-4bf0-b8a0-2b386513388d: start FollowerState
2019-09-19 10:29:17,958 [pool-250-thread-1] INFO  util.JmxRegister (JmxRegister.java:tryRegister(44)) - Successfully registered JMX Bean with object name Ratis:service=RaftServer,group=group-5E9B26ADBBAA,id=2dc4f242-a089-4bf0-b8a0-2b386513388d
2019-09-19 10:29:17,960 [RatisPipelineUtilsThread] INFO  pipeline.PipelineStateManager (PipelineStateManager.java:addPipeline(56)) - Created pipeline Pipeline[ Id: 4d5f9fc5-a3e1-40d9-9b3c-5e9b26adbbaa, Nodes: 2dc4f242-a089-4bf0-b8a0-2b386513388d{ip: 192.168.157.204, host: pr-hdds-1569-cpgw4-1311585219, networkLocation: /default-rack, certSerialId: null}, Type:RATIS, Factor:ONE, State:OPEN]
2019-09-19 10:29:17,960 [RatisPipelineUtilsThread] ERROR pipeline.PipelinePlacementPolicy (PipelinePlacementPolicy.java:meetCriteria(91)) - Pipeline Placement: Doesn't meet the criteria to be viable node. Heaviness: 6
2019-09-19 10:29:17,963 [grpc-default-executor-0] INFO  impl.RaftServerProxy (RaftServerProxy.java:addNew(89)) - 2dc4f242-a089-4bf0-b8a0-2b386513388d: addNew group-8C31F5095C8E:[2dc4f242-a089-4bf0-b8a0-2b386513388d:192.168.157.204:33647] returns group-8C31F5095C8E:java.util.concurrent.CompletableFuture@54a07313[Not completed]
2019-09-19 10:29:17,964 [pool-250-thread-1] INFO  impl.RaftServerImpl (RaftServerImpl.java:<init>(93)) - 2dc4f242-a089-4bf0-b8a0-2b386513388d: new RaftServerImpl for group-8C31F5095C8E:[2dc4f242-a089-4bf0-b8a0-2b386513388d:192.168.157.204:33647] with ContainerStateMachine:uninitialized
2019-09-19 10:29:17,964 [pool-250-thread-1] INFO  server.RaftServerConfigKeys (ConfUtils.java:logGet(43)) - raft.server.rpc.timeout.min = 5s (custom)
2019-09-19 10:29:17,964 [pool-250-thread-1] INFO  server.RaftServerConfigKeys (ConfUtils.java:logGet(43)) - raft.server.rpc.timeout.max = 5200ms (custom)
2019-09-19 10:29:17,964 [pool-250-thread-1] INFO  server.RaftServerConfigKeys (ConfUtils.java:logGet(43)) - raft.server.rpcslowness.timeout = 120s (custom)
2019-09-19 10:29:17,964 [pool-250-thread-1] INFO  server.RaftServerConfigKeys (ConfUtils.java:logGet(43)) - raft.server.sleep.deviation.threshold = 300 (default)
2019-09-19 10:29:17,964 [pool-250-thread-1] INFO  server.RaftServerConfigKeys (ConfUtils.java:logGet(43)) - raft.server.log.appender.install.snapshot.enabled = false (custom)
2019-09-19 10:29:17,964 [pool-250-thread-1] INFO  impl.RaftServerImpl (ServerState.java:<init>(105)) - 2dc4f242-a089-4bf0-b8a0-2b386513388d:group-8C31F5095C8E ConfigurationManager, init=-1: [2dc4f242-a089-4bf0-b8a0-2b386513388d:192.168.157.204:33647], old=null, confs=<EMPTY_MAP>
2019-09-19 10:29:17,965 [pool-250-thread-1] INFO  server.RaftServerConfigKeys (ConfUtils.java:logGet(43)) - raft.server.storage.dir = [/workdir/hadoop-ozone/ozonefs/target/test-dir/MiniOzoneClusterImpl-ad08a619-39fc-4bc9-b221-9d2c6ebabba4/datanode-1/data/ratis] (custom)
2019-09-19 10:29:17,965 [pool-250-thread-1] INFO  storage.RaftStorageDirectory (RaftStorageDirectory.java:analyzeStorage(246)) - The storage directory /workdir/hadoop-ozone/ozonefs/target/test-dir/MiniOzoneClusterImpl-ad08a619-39fc-4bc9-b221-9d2c6ebabba4/datanode-1/data/ratis/f6f3ea98-fa19-4202-991c-8c31f5095c8e does not exist. Creating ...
2019-09-19 10:29:17,974 [pool-250-thread-1] INFO  storage.RaftStorageDirectory (RaftStorageDirectory.java:tryLock(328)) - Lock on /workdir/hadoop-ozone/ozonefs/target/test-dir/MiniOzoneClusterImpl-ad08a619-39fc-4bc9-b221-9d2c6ebabba4/datanode-1/data/ratis/f6f3ea98-fa19-4202-991c-8c31f5095c8e/in_use.lock acquired by nodename 28323@pr-hdds-1569-cpgw4-1311585219
2019-09-19 10:29:17,987 [pool-250-thread-1] INFO  storage.RaftStorage (RaftStorage.java:format(72)) - Storage directory /workdir/hadoop-ozone/ozonefs/target/test-dir/MiniOzoneClusterImpl-ad08a619-39fc-4bc9-b221-9d2c6ebabba4/datanode-1/data/ratis/f6f3ea98-fa19-4202-991c-8c31f5095c8e has been successfully formatted.
2019-09-19 10:29:17,987 [pool-250-thread-1] INFO  ratis.ContainerStateMachine (ContainerStateMachine.java:loadSnapshot(226)) - group-8C31F5095C8E: The snapshot info is null. Setting the last applied indexto:(t:0, i:~)
2019-09-19 10:29:17,987 [pool-250-thread-1] INFO  server.RaftServerConfigKeys (ConfUtils.java:logGet(43)) - raft.server.leader.election.timeout = 120s (custom)
2019-09-19 10:29:17,987 [pool-250-thread-1] INFO  server.RaftServerConfigKeys (ConfUtils.java:logGet(43)) - raft.server.log.use.memory = false (default)
2019-09-19 10:29:17,987 [pool-250-thread-1] INFO  server.RaftServerConfigKeys (ConfUtils.java:logGet(43)) - raft.server.log.purge.gap = 1000000 (custom)
2019-09-19 10:29:17,987 [pool-250-thread-1] INFO  server.RaftServerConfigKeys (ConfUtils.java:logGet(43)) - raft.server.log.appender.buffer.byte-limit = 33554432 (custom)
2019-09-19 10:29:17,988 [pool-250-thread-1] INFO  server.RaftServerConfigKeys (ConfUtils.java:logGet(43)) - raft.server.log.segment.size.max = 1048576 (custom)
2019-09-19 10:29:17,988 [pool-250-thread-1] INFO  server.RaftServerConfigKeys (ConfUtils.java:logGet(43)) - raft.server.log.segment.cache.num.max = 2 (custom)
2019-09-19 10:29:17,988 [pool-250-thread-1] INFO  segmented.SegmentedRaftLogWorker (SegmentedRaftLogWorker.java:<init>(172)) - new 2dc4f242-a089-4bf0-b8a0-2b386513388d-SegmentedRaftLogWorker:Storage Directory /workdir/hadoop-ozone/ozonefs/target/test-dir/MiniOzoneClusterImpl-ad08a619-39fc-4bc9-b221-9d2c6ebabba4/datanode-1/data/ratis/f6f3ea98-fa19-4202-991c-8c31f5095c8e for RaftStorage:Storage Directory /workdir/hadoop-ozone/ozonefs/target/test-dir/MiniOzoneClusterImpl-ad08a619-39fc-4bc9-b221-9d2c6ebabba4/datanode-1/data/ratis/f6f3ea98-fa19-4202-991c-8c31f5095c8e
2019-09-19 10:29:17,988 [pool-250-thread-1] INFO  server.RaftServerConfigKeys (ConfUtils.java:logGet(43)) - raft.server.log.queue.byte-limit = 2147483647 (custom)
2019-09-19 10:29:17,988 [pool-250-thread-1] INFO  server.RaftServerConfigKeys (ConfUtils.java:logGet(43)) - raft.server.log.queue.element-limit = 1024 (custom)
2019-09-19 10:29:17,988 [pool-250-thread-1] INFO  server.RaftServerConfigKeys (ConfUtils.java:logGet(43)) - raft.server.log.segment.size.max = 1048576 (custom)
2019-09-19 10:29:17,988 [pool-250-thread-1] INFO  server.RaftServerConfigKeys (ConfUtils.java:logGet(43)) - raft.server.log.preallocated.size = 16384 (custom)
2019-09-19 10:29:17,988 [pool-250-thread-1] INFO  server.RaftServerConfigKeys (ConfUtils.java:logGet(43)) - raft.server.log.write.buffer.size = 33554432 (custom)
2019-09-19 10:29:17,989 [pool-250-thread-1] INFO  server.RaftServerConfigKeys (ConfUtils.java:logGet(43)) - raft.server.log.force.sync.num = 128 (default)
2019-09-19 10:29:17,989 [pool-250-thread-1] INFO  server.RaftServerConfigKeys (ConfUtils.java:logGet(43)) - raft.server.log.statemachine.data.sync = true (default)
2019-09-19 10:29:17,989 [pool-250-thread-1] INFO  server.RaftServerConfigKeys (ConfUtils.java:logGet(43)) - raft.server.log.statemachine.data.sync.timeout = 10s (default)
2019-09-19 10:29:17,989 [pool-250-thread-1] INFO  server.RaftServerConfigKeys (ConfUtils.java:logGet(43)) - raft.server.log.statemachine.data.sync.timeout.retry = -1 (default)
2019-09-19 10:29:17,989 [pool-250-thread-1] INFO  server.RaftServerConfigKeys (ConfUtils.java:logGet(43)) - raft.server.log.statemachine.data.caching.enabled = true (custom)
2019-09-19 10:29:17,989 [pool-250-thread-1] INFO  segmented.SegmentedRaftLogWorker (SegmentedRaftLogWorker.java:lambda$new$0(132)) - 2dc4f242-a089-4bf0-b8a0-2b386513388d-SegmentedRaftLogWorker:Storage Directory /workdir/hadoop-ozone/ozonefs/target/test-dir/MiniOzoneClusterImpl-ad08a619-39fc-4bc9-b221-9d2c6ebabba4/datanode-1/data/ratis/f6f3ea98-fa19-4202-991c-8c31f5095c8e: flushIndex: setUnconditionally 0 -> -1
2019-09-19 10:29:17,990 [pool-250-thread-1] INFO  server.RaftServerConfigKeys (ConfUtils.java:logGet(43)) - raft.server.snapshot.auto.trigger.enabled = true (custom)
2019-09-19 10:29:17,990 [pool-250-thread-1] INFO  server.RaftServerConfigKeys (ConfUtils.java:logGet(43)) - raft.server.snapshot.auto.trigger.threshold = 10000 (custom)
2019-09-19 10:29:17,990 [pool-250-thread-1] INFO  server.RaftServerConfigKeys (ConfUtils.java:logGet(43)) - raft.server.retrycache.expirytime = 600000ms (custom)
2019-09-19 10:29:17,990 [pool-250-thread-1] INFO  impl.RaftServerImpl (RaftServerImpl.java:start(180)) - 2dc4f242-a089-4bf0-b8a0-2b386513388d: start group-8C31F5095C8E
2019-09-19 10:29:17,990 [pool-250-thread-1] INFO  impl.RaftServerImpl (RaftServerImpl.java:setRole(171)) - 2dc4f242-a089-4bf0-b8a0-2b386513388d:group-8C31F5095C8E changes role from null to FOLLOWER at term 0 for startAsFollower
2019-09-19 10:29:17,990 [pool-250-thread-1] INFO  impl.RoleInfo (RoleInfo.java:updateAndGet(143)) - 2dc4f242-a089-4bf0-b8a0-2b386513388d: start FollowerState
2019-09-19 10:29:17,991 [pool-250-thread-1] INFO  util.JmxRegister (JmxRegister.java:tryRegister(44)) - Successfully registered JMX Bean with object name Ratis:service=RaftServer,group=group-8C31F5095C8E,id=2dc4f242-a089-4bf0-b8a0-2b386513388d
2019-09-19 10:29:17,992 [RatisPipelineUtilsThread] INFO  pipeline.PipelineStateManager (PipelineStateManager.java:addPipeline(56)) - Created pipeline Pipeline[ Id: f6f3ea98-fa19-4202-991c-8c31f5095c8e, Nodes: 2dc4f242-a089-4bf0-b8a0-2b386513388d{ip: 192.168.157.204, host: pr-hdds-1569-cpgw4-1311585219, networkLocation: /default-rack, certSerialId: null}, Type:RATIS, Factor:ONE, State:OPEN]
2019-09-19 10:29:17,993 [RatisPipelineUtilsThread] ERROR pipeline.PipelinePlacementPolicy (PipelinePlacementPolicy.java:meetCriteria(91)) - Pipeline Placement: Doesn't meet the criteria to be viable node. Heaviness: 6
2019-09-19 10:29:17,996 [grpc-default-executor-0] INFO  impl.RaftServerProxy (RaftServerProxy.java:addNew(89)) - 2dc4f242-a089-4bf0-b8a0-2b386513388d: addNew group-AEF0F034D98D:[2dc4f242-a089-4bf0-b8a0-2b386513388d:192.168.157.204:33647] returns group-AEF0F034D98D:java.util.concurrent.CompletableFuture@6c06228f[Not completed]
2019-09-19 10:29:17,997 [pool-250-thread-1] INFO  impl.RaftServerImpl (RaftServerImpl.java:<init>(93)) - 2dc4f242-a089-4bf0-b8a0-2b386513388d: new RaftServerImpl for group-AEF0F034D98D:[2dc4f242-a089-4bf0-b8a0-2b386513388d:192.168.157.204:33647] with ContainerStateMachine:uninitialized
2019-09-19 10:29:17,997 [pool-250-thread-1] INFO  server.RaftServerConfigKeys (ConfUtils.java:logGet(43)) - raft.server.rpc.timeout.min = 5s (custom)
2019-09-19 10:29:17,997 [pool-250-thread-1] INFO  server.RaftServerConfigKeys (ConfUtils.java:logGet(43)) - raft.server.rpc.timeout.max = 5200ms (custom)
2019-09-19 10:29:17,997 [pool-250-thread-1] INFO  server.RaftServerConfigKeys (ConfUtils.java:logGet(43)) - raft.server.rpcslowness.timeout = 120s (custom)
2019-09-19 10:29:17,997 [pool-250-thread-1] INFO  server.RaftServerConfigKeys (ConfUtils.java:logGet(43)) - raft.server.sleep.deviation.threshold = 300 (default)
2019-09-19 10:29:17,997 [pool-250-thread-1] INFO  server.RaftServerConfigKeys (ConfUtils.java:logGet(43)) - raft.server.log.appender.install.snapshot.enabled = false (custom)
2019-09-19 10:29:17,997 [pool-250-thread-1] INFO  impl.RaftServerImpl (ServerState.java:<init>(105)) - 2dc4f242-a089-4bf0-b8a0-2b386513388d:group-AEF0F034D98D ConfigurationManager, init=-1: [2dc4f242-a089-4bf0-b8a0-2b386513388d:192.168.157.204:33647], old=null, confs=<EMPTY_MAP>
2019-09-19 10:29:17,998 [pool-250-thread-1] INFO  server.RaftServerConfigKeys (ConfUtils.java:logGet(43)) - raft.server.storage.dir = [/workdir/hadoop-ozone/ozonefs/target/test-dir/MiniOzoneClusterImpl-ad08a619-39fc-4bc9-b221-9d2c6ebabba4/datanode-1/data/ratis] (custom)
2019-09-19 10:29:17,998 [pool-250-thread-1] INFO  storage.RaftStorageDirectory (RaftStorageDirectory.java:analyzeStorage(246)) - The storage directory /workdir/hadoop-ozone/ozonefs/target/test-dir/MiniOzoneClusterImpl-ad08a619-39fc-4bc9-b221-9d2c6ebabba4/datanode-1/data/ratis/70f8cd18-466d-4499-bae7-aef0f034d98d does not exist. Creating ...
2019-09-19 10:29:18,008 [pool-250-thread-1] INFO  storage.RaftStorageDirectory (RaftStorageDirectory.java:tryLock(328)) - Lock on /workdir/hadoop-ozone/ozonefs/target/test-dir/MiniOzoneClusterImpl-ad08a619-39fc-4bc9-b221-9d2c6ebabba4/datanode-1/data/ratis/70f8cd18-466d-4499-bae7-aef0f034d98d/in_use.lock acquired by nodename 28323@pr-hdds-1569-cpgw4-1311585219
2019-09-19 10:29:18,021 [pool-250-thread-1] INFO  storage.RaftStorage (RaftStorage.java:format(72)) - Storage directory /workdir/hadoop-ozone/ozonefs/target/test-dir/MiniOzoneClusterImpl-ad08a619-39fc-4bc9-b221-9d2c6ebabba4/datanode-1/data/ratis/70f8cd18-466d-4499-bae7-aef0f034d98d has been successfully formatted.
2019-09-19 10:29:18,021 [pool-250-thread-1] INFO  ratis.ContainerStateMachine (ContainerStateMachine.java:loadSnapshot(226)) - group-AEF0F034D98D: The snapshot info is null. Setting the last applied indexto:(t:0, i:~)
2019-09-19 10:29:18,021 [pool-250-thread-1] INFO  server.RaftServerConfigKeys (ConfUtils.java:logGet(43)) - raft.server.leader.election.timeout = 120s (custom)
2019-09-19 10:29:18,021 [pool-250-thread-1] INFO  server.RaftServerConfigKeys (ConfUtils.java:logGet(43)) - raft.server.log.use.memory = false (default)
2019-09-19 10:29:18,021 [pool-250-thread-1] INFO  server.RaftServerConfigKeys (ConfUtils.java:logGet(43)) - raft.server.log.purge.gap = 1000000 (custom)
2019-09-19 10:29:18,021 [pool-250-thread-1] INFO  server.RaftServerConfigKeys (ConfUtils.java:logGet(43)) - raft.server.log.appender.buffer.byte-limit = 33554432 (custom)
2019-09-19 10:29:18,022 [pool-250-thread-1] INFO  server.RaftServerConfigKeys (ConfUtils.java:logGet(43)) - raft.server.log.segment.size.max = 1048576 (custom)
2019-09-19 10:29:18,022 [pool-250-thread-1] INFO  server.RaftServerConfigKeys (ConfUtils.java:logGet(43)) - raft.server.log.segment.cache.num.max = 2 (custom)
2019-09-19 10:29:18,022 [pool-250-thread-1] INFO  segmented.SegmentedRaftLogWorker (SegmentedRaftLogWorker.java:<init>(172)) - new 2dc4f242-a089-4bf0-b8a0-2b386513388d-SegmentedRaftLogWorker:Storage Directory /workdir/hadoop-ozone/ozonefs/target/test-dir/MiniOzoneClusterImpl-ad08a619-39fc-4bc9-b221-9d2c6ebabba4/datanode-1/data/ratis/70f8cd18-466d-4499-bae7-aef0f034d98d for RaftStorage:Storage Directory /workdir/hadoop-ozone/ozonefs/target/test-dir/MiniOzoneClusterImpl-ad08a619-39fc-4bc9-b221-9d2c6ebabba4/datanode-1/data/ratis/70f8cd18-466d-4499-bae7-aef0f034d98d
2019-09-19 10:29:18,022 [pool-250-thread-1] INFO  server.RaftServerConfigKeys (ConfUtils.java:logGet(43)) - raft.server.log.queue.byte-limit = 2147483647 (custom)
2019-09-19 10:29:18,022 [pool-250-thread-1] INFO  server.RaftServerConfigKeys (ConfUtils.java:logGet(43)) - raft.server.log.queue.element-limit = 1024 (custom)
2019-09-19 10:29:18,022 [pool-250-thread-1] INFO  server.RaftServerConfigKeys (ConfUtils.java:logGet(43)) - raft.server.log.segment.size.max = 1048576 (custom)
2019-09-19 10:29:18,022 [pool-250-thread-1] INFO  server.RaftServerConfigKeys (ConfUtils.java:logGet(43)) - raft.server.log.preallocated.size = 16384 (custom)
2019-09-19 10:29:18,023 [pool-250-thread-1] INFO  server.RaftServerConfigKeys (ConfUtils.java:logGet(43)) - raft.server.log.write.buffer.size = 33554432 (custom)
2019-09-19 10:29:18,023 [pool-250-thread-1] INFO  server.RaftServerConfigKeys (ConfUtils.java:logGet(43)) - raft.server.log.force.sync.num = 128 (default)
2019-09-19 10:29:18,023 [pool-250-thread-1] INFO  server.RaftServerConfigKeys (ConfUtils.java:logGet(43)) - raft.server.log.statemachine.data.sync = true (default)
2019-09-19 10:29:18,023 [pool-250-thread-1] INFO  server.RaftServerConfigKeys (ConfUtils.java:logGet(43)) - raft.server.log.statemachine.data.sync.timeout = 10s (default)
2019-09-19 10:29:18,023 [pool-250-thread-1] INFO  server.RaftServerConfigKeys (ConfUtils.java:logGet(43)) - raft.server.log.statemachine.data.sync.timeout.retry = -1 (default)
2019-09-19 10:29:18,023 [pool-250-thread-1] INFO  server.RaftServerConfigKeys (ConfUtils.java:logGet(43)) - raft.server.log.statemachine.data.caching.enabled = true (custom)
2019-09-19 10:29:18,023 [pool-250-thread-1] INFO  segmented.SegmentedRaftLogWorker (SegmentedRaftLogWorker.java:lambda$new$0(132)) - 2dc4f242-a089-4bf0-b8a0-2b386513388d-SegmentedRaftLogWorker:Storage Directory /workdir/hadoop-ozone/ozonefs/target/test-dir/MiniOzoneClusterImpl-ad08a619-39fc-4bc9-b221-9d2c6ebabba4/datanode-1/data/ratis/70f8cd18-466d-4499-bae7-aef0f034d98d: flushIndex: setUnconditionally 0 -> -1
2019-09-19 10:29:18,024 [pool-250-thread-1] INFO  server.RaftServerConfigKeys (ConfUtils.java:logGet(43)) - raft.server.snapshot.auto.trigger.enabled = true (custom)
2019-09-19 10:29:18,024 [pool-250-thread-1] INFO  server.RaftServerConfigKeys (ConfUtils.java:logGet(43)) - raft.server.snapshot.auto.trigger.threshold = 10000 (custom)
2019-09-19 10:29:18,024 [pool-250-thread-1] INFO  server.RaftServerConfigKeys (ConfUtils.java:logGet(43)) - raft.server.retrycache.expirytime = 600000ms (custom)
2019-09-19 10:29:18,024 [pool-250-thread-1] INFO  impl.RaftServerImpl (RaftServerImpl.java:start(180)) - 2dc4f242-a089-4bf0-b8a0-2b386513388d: start group-AEF0F034D98D
2019-09-19 10:29:18,024 [pool-250-thread-1] INFO  impl.RaftServerImpl (RaftServerImpl.java:setRole(171)) - 2dc4f242-a089-4bf0-b8a0-2b386513388d:group-AEF0F034D98D changes role from null to FOLLOWER at term 0 for startAsFollower
2019-09-19 10:29:18,024 [pool-250-thread-1] INFO  impl.RoleInfo (RoleInfo.java:updateAndGet(143)) - 2dc4f242-a089-4bf0-b8a0-2b386513388d: start FollowerState
2019-09-19 10:29:18,025 [pool-250-thread-1] INFO  util.JmxRegister (JmxRegister.java:tryRegister(44)) - Successfully registered JMX Bean with object name Ratis:service=RaftServer,group=group-AEF0F034D98D,id=2dc4f242-a089-4bf0-b8a0-2b386513388d
2019-09-19 10:29:18,026 [RatisPipelineUtilsThread] INFO  pipeline.PipelineStateManager (PipelineStateManager.java:addPipeline(56)) - Created pipeline Pipeline[ Id: 70f8cd18-466d-4499-bae7-aef0f034d98d, Nodes: 2dc4f242-a089-4bf0-b8a0-2b386513388d{ip: 192.168.157.204, host: pr-hdds-1569-cpgw4-1311585219, networkLocation: /default-rack, certSerialId: null}, Type:RATIS, Factor:ONE, State:OPEN]
2019-09-19 10:29:18,026 [RatisPipelineUtilsThread] ERROR pipeline.PipelinePlacementPolicy (PipelinePlacementPolicy.java:meetCriteria(91)) - Pipeline Placement: Doesn't meet the criteria to be viable node. Heaviness: 6
2019-09-19 10:29:18,030 [grpc-default-executor-0] INFO  impl.RaftServerProxy (RaftServerProxy.java:addNew(89)) - 2dc4f242-a089-4bf0-b8a0-2b386513388d: addNew group-89C21E9D48F1:[2dc4f242-a089-4bf0-b8a0-2b386513388d:192.168.157.204:33647] returns group-89C21E9D48F1:java.util.concurrent.CompletableFuture@689c8144[Not completed]
2019-09-19 10:29:18,031 [pool-250-thread-1] INFO  impl.RaftServerImpl (RaftServerImpl.java:<init>(93)) - 2dc4f242-a089-4bf0-b8a0-2b386513388d: new RaftServerImpl for group-89C21E9D48F1:[2dc4f242-a089-4bf0-b8a0-2b386513388d:192.168.157.204:33647] with ContainerStateMachine:uninitialized
2019-09-19 10:29:18,031 [pool-250-thread-1] INFO  server.RaftServerConfigKeys (ConfUtils.java:logGet(43)) - raft.server.rpc.timeout.min = 5s (custom)
2019-09-19 10:29:18,031 [pool-250-thread-1] INFO  server.RaftServerConfigKeys (ConfUtils.java:logGet(43)) - raft.server.rpc.timeout.max = 5200ms (custom)
2019-09-19 10:29:18,031 [pool-250-thread-1] INFO  server.RaftServerConfigKeys (ConfUtils.java:logGet(43)) - raft.server.rpcslowness.timeout = 120s (custom)
2019-09-19 10:29:18,031 [pool-250-thread-1] INFO  server.RaftServerConfigKeys (ConfUtils.java:logGet(43)) - raft.server.sleep.deviation.threshold = 300 (default)
2019-09-19 10:29:18,031 [pool-250-thread-1] INFO  server.RaftServerConfigKeys (ConfUtils.java:logGet(43)) - raft.server.log.appender.install.snapshot.enabled = false (custom)
2019-09-19 10:29:18,031 [pool-250-thread-1] INFO  impl.RaftServerImpl (ServerState.java:<init>(105)) - 2dc4f242-a089-4bf0-b8a0-2b386513388d:group-89C21E9D48F1 ConfigurationManager, init=-1: [2dc4f242-a089-4bf0-b8a0-2b386513388d:192.168.157.204:33647], old=null, confs=<EMPTY_MAP>
2019-09-19 10:29:18,031 [pool-250-thread-1] INFO  server.RaftServerConfigKeys (ConfUtils.java:logGet(43)) - raft.server.storage.dir = [/workdir/hadoop-ozone/ozonefs/target/test-dir/MiniOzoneClusterImpl-ad08a619-39fc-4bc9-b221-9d2c6ebabba4/datanode-1/data/ratis] (custom)
2019-09-19 10:29:18,032 [pool-250-thread-1] INFO  storage.RaftStorageDirectory (RaftStorageDirectory.java:analyzeStorage(246)) - The storage directory /workdir/hadoop-ozone/ozonefs/target/test-dir/MiniOzoneClusterImpl-ad08a619-39fc-4bc9-b221-9d2c6ebabba4/datanode-1/data/ratis/2e7e663b-3cd8-44a2-8b6d-89c21e9d48f1 does not exist. Creating ...
2019-09-19 10:29:18,044 [pool-250-thread-1] INFO  storage.RaftStorageDirectory (RaftStorageDirectory.java:tryLock(328)) - Lock on /workdir/hadoop-ozone/ozonefs/target/test-dir/MiniOzoneClusterImpl-ad08a619-39fc-4bc9-b221-9d2c6ebabba4/datanode-1/data/ratis/2e7e663b-3cd8-44a2-8b6d-89c21e9d48f1/in_use.lock acquired by nodename 28323@pr-hdds-1569-cpgw4-1311585219
2019-09-19 10:29:18,057 [pool-250-thread-1] INFO  storage.RaftStorage (RaftStorage.java:format(72)) - Storage directory /workdir/hadoop-ozone/ozonefs/target/test-dir/MiniOzoneClusterImpl-ad08a619-39fc-4bc9-b221-9d2c6ebabba4/datanode-1/data/ratis/2e7e663b-3cd8-44a2-8b6d-89c21e9d48f1 has been successfully formatted.
2019-09-19 10:29:18,057 [pool-250-thread-1] INFO  ratis.ContainerStateMachine (ContainerStateMachine.java:loadSnapshot(226)) - group-89C21E9D48F1: The snapshot info is null. Setting the last applied indexto:(t:0, i:~)
2019-09-19 10:29:18,057 [pool-250-thread-1] INFO  server.RaftServerConfigKeys (ConfUtils.java:logGet(43)) - raft.server.leader.election.timeout = 120s (custom)
2019-09-19 10:29:18,057 [pool-250-thread-1] INFO  server.RaftServerConfigKeys (ConfUtils.java:logGet(43)) - raft.server.log.use.memory = false (default)
2019-09-19 10:29:18,057 [pool-250-thread-1] INFO  server.RaftServerConfigKeys (ConfUtils.java:logGet(43)) - raft.server.log.purge.gap = 1000000 (custom)
2019-09-19 10:29:18,057 [pool-250-thread-1] INFO  server.RaftServerConfigKeys (ConfUtils.java:logGet(43)) - raft.server.log.appender.buffer.byte-limit = 33554432 (custom)
2019-09-19 10:29:18,058 [pool-250-thread-1] INFO  server.RaftServerConfigKeys (ConfUtils.java:logGet(43)) - raft.server.log.segment.size.max = 1048576 (custom)
2019-09-19 10:29:18,058 [pool-250-thread-1] INFO  server.RaftServerConfigKeys (ConfUtils.java:logGet(43)) - raft.server.log.segment.cache.num.max = 2 (custom)
2019-09-19 10:29:18,058 [pool-250-thread-1] INFO  segmented.SegmentedRaftLogWorker (SegmentedRaftLogWorker.java:<init>(172)) - new 2dc4f242-a089-4bf0-b8a0-2b386513388d-SegmentedRaftLogWorker:Storage Directory /workdir/hadoop-ozone/ozonefs/target/test-dir/MiniOzoneClusterImpl-ad08a619-39fc-4bc9-b221-9d2c6ebabba4/datanode-1/data/ratis/2e7e663b-3cd8-44a2-8b6d-89c21e9d48f1 for RaftStorage:Storage Directory /workdir/hadoop-ozone/ozonefs/target/test-dir/MiniOzoneClusterImpl-ad08a619-39fc-4bc9-b221-9d2c6ebabba4/datanode-1/data/ratis/2e7e663b-3cd8-44a2-8b6d-89c21e9d48f1
2019-09-19 10:29:18,058 [pool-250-thread-1] INFO  server.RaftServerConfigKeys (ConfUtils.java:logGet(43)) - raft.server.log.queue.byte-limit = 2147483647 (custom)
2019-09-19 10:29:18,058 [pool-250-thread-1] INFO  server.RaftServerConfigKeys (ConfUtils.java:logGet(43)) - raft.server.log.queue.element-limit = 1024 (custom)
2019-09-19 10:29:18,058 [pool-250-thread-1] INFO  server.RaftServerConfigKeys (ConfUtils.java:logGet(43)) - raft.server.log.segment.size.max = 1048576 (custom)
2019-09-19 10:29:18,058 [pool-250-thread-1] INFO  server.RaftServerConfigKeys (ConfUtils.java:logGet(43)) - raft.server.log.preallocated.size = 16384 (custom)
2019-09-19 10:29:18,059 [pool-250-thread-1] INFO  server.RaftServerConfigKeys (ConfUtils.java:logGet(43)) - raft.server.log.write.buffer.size = 33554432 (custom)
2019-09-19 10:29:18,059 [pool-250-thread-1] INFO  server.RaftServerConfigKeys (ConfUtils.java:logGet(43)) - raft.server.log.force.sync.num = 128 (default)
2019-09-19 10:29:18,059 [pool-250-thread-1] INFO  server.RaftServerConfigKeys (ConfUtils.java:logGet(43)) - raft.server.log.statemachine.data.sync = true (default)
2019-09-19 10:29:18,059 [pool-250-thread-1] INFO  server.RaftServerConfigKeys (ConfUtils.java:logGet(43)) - raft.server.log.statemachine.data.sync.timeout = 10s (default)
2019-09-19 10:29:18,059 [pool-250-thread-1] INFO  server.RaftServerConfigKeys (ConfUtils.java:logGet(43)) - raft.server.log.statemachine.data.sync.timeout.retry = -1 (default)
2019-09-19 10:29:18,059 [pool-250-thread-1] INFO  server.RaftServerConfigKeys (ConfUtils.java:logGet(43)) - raft.server.log.statemachine.data.caching.enabled = true (custom)
2019-09-19 10:29:18,059 [pool-250-thread-1] INFO  segmented.SegmentedRaftLogWorker (SegmentedRaftLogWorker.java:lambda$new$0(132)) - 2dc4f242-a089-4bf0-b8a0-2b386513388d-SegmentedRaftLogWorker:Storage Directory /workdir/hadoop-ozone/ozonefs/target/test-dir/MiniOzoneClusterImpl-ad08a619-39fc-4bc9-b221-9d2c6ebabba4/datanode-1/data/ratis/2e7e663b-3cd8-44a2-8b6d-89c21e9d48f1: flushIndex: setUnconditionally 0 -> -1
2019-09-19 10:29:18,060 [pool-250-thread-1] INFO  server.RaftServerConfigKeys (ConfUtils.java:logGet(43)) - raft.server.snapshot.auto.trigger.enabled = true (custom)
2019-09-19 10:29:18,060 [pool-250-thread-1] INFO  server.RaftServerConfigKeys (ConfUtils.java:logGet(43)) - raft.server.snapshot.auto.trigger.threshold = 10000 (custom)
2019-09-19 10:29:18,060 [pool-250-thread-1] INFO  server.RaftServerConfigKeys (ConfUtils.java:logGet(43)) - raft.server.retrycache.expirytime = 600000ms (custom)
2019-09-19 10:29:18,060 [pool-250-thread-1] INFO  impl.RaftServerImpl (RaftServerImpl.java:start(180)) - 2dc4f242-a089-4bf0-b8a0-2b386513388d: start group-89C21E9D48F1
2019-09-19 10:29:18,060 [pool-250-thread-1] INFO  impl.RaftServerImpl (RaftServerImpl.java:setRole(171)) - 2dc4f242-a089-4bf0-b8a0-2b386513388d:group-89C21E9D48F1 changes role from null to FOLLOWER at term 0 for startAsFollower
2019-09-19 10:29:18,060 [pool-250-thread-1] INFO  impl.RoleInfo (RoleInfo.java:updateAndGet(143)) - 2dc4f242-a089-4bf0-b8a0-2b386513388d: start FollowerState
2019-09-19 10:29:18,061 [pool-250-thread-1] INFO  util.JmxRegister (JmxRegister.java:tryRegister(44)) - Successfully registered JMX Bean with object name Ratis:service=RaftServer,group=group-89C21E9D48F1,id=2dc4f242-a089-4bf0-b8a0-2b386513388d
2019-09-19 10:29:18,063 [RatisPipelineUtilsThread] INFO  pipeline.PipelineStateManager (PipelineStateManager.java:addPipeline(56)) - Created pipeline Pipeline[ Id: 2e7e663b-3cd8-44a2-8b6d-89c21e9d48f1, Nodes: 2dc4f242-a089-4bf0-b8a0-2b386513388d{ip: 192.168.157.204, host: pr-hdds-1569-cpgw4-1311585219, networkLocation: /default-rack, certSerialId: null}, Type:RATIS, Factor:ONE, State:OPEN]
2019-09-19 10:29:18,063 [RatisPipelineUtilsThread] ERROR pipeline.PipelinePlacementPolicy (PipelinePlacementPolicy.java:meetCriteria(91)) - Pipeline Placement: Doesn't meet the criteria to be viable node. Heaviness: 6
2019-09-19 10:29:18,063 [RatisPipelineUtilsThread] ERROR pipeline.PipelinePlacementPolicy (PipelinePlacementPolicy.java:meetCriteria(91)) - Pipeline Placement: Doesn't meet the criteria to be viable node. Heaviness: 6
2019-09-19 10:29:18,063 [RatisPipelineUtilsThread] ERROR pipeline.PipelinePlacementPolicy (PipelinePlacementPolicy.java:filterViableNodes(146)) - Unable to find enough nodes that meet the criteria that cannot engage in more than 5 pipelines. Nodes required: 1 Found: 0, healthy nodes count inNodeManager: 2.
2019-09-19 10:29:18,063 [RatisPipelineUtilsThread] ERROR pipeline.SCMPipelineManager (SCMPipelineManager.java:createPipeline(161)) - Pipeline creation failed due to exception: Unable to find enough nodes that meet the criteria that cannot engage in more than 5 pipelines. Nodes required: 1 Found: 0, healthy nodes count inNodeManager: 2.
2019-09-19 10:29:18,064 [RatisPipelineUtilsThread] ERROR pipeline.PipelinePlacementPolicy (PipelinePlacementPolicy.java:filterViableNodes(129)) - Not enough healthy nodes to allocate pipeline. 3  datanodes required. Found 2
2019-09-19 10:29:18,064 [RatisPipelineUtilsThread] ERROR pipeline.SCMPipelineManager (SCMPipelineManager.java:createPipeline(161)) - Pipeline creation failed due to exception: Not enough healthy nodes to allocate pipeline. 3  datanodes required. Found 2
2019-09-19 10:29:18,080 [Thread-1072] INFO  ozone.MiniOzoneClusterImpl (MiniOzoneClusterImpl.java:lambda$waitForClusterToBeReady$0(142)) - Waiting for cluster to be ready. Got 2 of 3 DN Heartbeats.
2019-09-19 10:29:18,081 [IPC Server handler 3 on 35262] INFO  net.NetworkTopology (NetworkTopologyImpl.java:add(110)) - Added a new node: /default-rack/89ed85b1-8176-4dfc-9ccd-1d09931ed65a
2019-09-19 10:29:18,081 [RatisPipelineUtilsThread] ERROR pipeline.PipelinePlacementPolicy (PipelinePlacementPolicy.java:meetCriteria(91)) - Pipeline Placement: Doesn't meet the criteria to be viable node. Heaviness: 6
2019-09-19 10:29:18,081 [IPC Server handler 3 on 35262] INFO  node.SCMNodeManager (SCMNodeManager.java:register(273)) - Registered Data node : 89ed85b1-8176-4dfc-9ccd-1d09931ed65a{ip: 192.168.157.204, host: pr-hdds-1569-cpgw4-1311585219, networkLocation: /default-rack, certSerialId: null}
2019-09-19 10:29:18,082 [RatisPipelineUtilsThread] ERROR pipeline.PipelinePlacementPolicy (PipelinePlacementPolicy.java:meetCriteria(91)) - Pipeline Placement: Doesn't meet the criteria to be viable node. Heaviness: 6
2019-09-19 10:29:18,082 | INFO  | SCMAudit | user=jenkins1000 | ip=192.168.157.204 | op=REGISTER {datanodeDetails=89ed85b1-8176-4dfc-9ccd-1d09931ed65a{ip: 192.168.157.204, host: pr-hdds-1569-cpgw4-1311585219, networkLocation: /default-rack, certSerialId: null}} | ret=SUCCESS |  
2019-09-19 10:29:18,087 [grpc-default-executor-0] INFO  impl.RaftServerProxy (RaftServerProxy.java:addNew(89)) - 89ed85b1-8176-4dfc-9ccd-1d09931ed65a: addNew group-28F02B806AA1:[89ed85b1-8176-4dfc-9ccd-1d09931ed65a:192.168.157.204:41845] returns group-28F02B806AA1:java.util.concurrent.CompletableFuture@24002d26[Not completed]
2019-09-19 10:29:18,089 [pool-261-thread-1] INFO  impl.RaftServerImpl (RaftServerImpl.java:<init>(93)) - 89ed85b1-8176-4dfc-9ccd-1d09931ed65a: new RaftServerImpl for group-28F02B806AA1:[89ed85b1-8176-4dfc-9ccd-1d09931ed65a:192.168.157.204:41845] with ContainerStateMachine:uninitialized
2019-09-19 10:29:18,089 [pool-261-thread-1] INFO  server.RaftServerConfigKeys (ConfUtils.java:logGet(43)) - raft.server.rpc.timeout.min = 5s (custom)
2019-09-19 10:29:18,089 [pool-261-thread-1] INFO  server.RaftServerConfigKeys (ConfUtils.java:logGet(43)) - raft.server.rpc.timeout.max = 5200ms (custom)
2019-09-19 10:29:18,089 [pool-261-thread-1] INFO  server.RaftServerConfigKeys (ConfUtils.java:logGet(43)) - raft.server.rpcslowness.timeout = 120s (custom)
2019-09-19 10:29:18,089 [pool-261-thread-1] INFO  server.RaftServerConfigKeys (ConfUtils.java:logGet(43)) - raft.server.sleep.deviation.threshold = 300 (default)
2019-09-19 10:29:18,089 [pool-261-thread-1] INFO  server.RaftServerConfigKeys (ConfUtils.java:logGet(43)) - raft.server.log.appender.install.snapshot.enabled = false (custom)
2019-09-19 10:29:18,089 [pool-261-thread-1] INFO  impl.RaftServerImpl (ServerState.java:<init>(105)) - 89ed85b1-8176-4dfc-9ccd-1d09931ed65a:group-28F02B806AA1 ConfigurationManager, init=-1: [89ed85b1-8176-4dfc-9ccd-1d09931ed65a:192.168.157.204:41845], old=null, confs=<EMPTY_MAP>
2019-09-19 10:29:18,089 [pool-261-thread-1] INFO  server.RaftServerConfigKeys (ConfUtils.java:logGet(43)) - raft.server.storage.dir = [/workdir/hadoop-ozone/ozonefs/target/test-dir/MiniOzoneClusterImpl-ad08a619-39fc-4bc9-b221-9d2c6ebabba4/datanode-2/data/ratis] (custom)
2019-09-19 10:29:18,090 [pool-261-thread-1] INFO  storage.RaftStorageDirectory (RaftStorageDirectory.java:analyzeStorage(246)) - The storage directory /workdir/hadoop-ozone/ozonefs/target/test-dir/MiniOzoneClusterImpl-ad08a619-39fc-4bc9-b221-9d2c6ebabba4/datanode-2/data/ratis/644132d4-4cd5-48b0-b9b4-28f02b806aa1 does not exist. Creating ...
2019-09-19 10:29:18,102 [pool-261-thread-1] INFO  storage.RaftStorageDirectory (RaftStorageDirectory.java:tryLock(328)) - Lock on /workdir/hadoop-ozone/ozonefs/target/test-dir/MiniOzoneClusterImpl-ad08a619-39fc-4bc9-b221-9d2c6ebabba4/datanode-2/data/ratis/644132d4-4cd5-48b0-b9b4-28f02b806aa1/in_use.lock acquired by nodename 28323@pr-hdds-1569-cpgw4-1311585219
2019-09-19 10:29:18,115 [pool-261-thread-1] INFO  storage.RaftStorage (RaftStorage.java:format(72)) - Storage directory /workdir/hadoop-ozone/ozonefs/target/test-dir/MiniOzoneClusterImpl-ad08a619-39fc-4bc9-b221-9d2c6ebabba4/datanode-2/data/ratis/644132d4-4cd5-48b0-b9b4-28f02b806aa1 has been successfully formatted.
2019-09-19 10:29:18,115 [pool-261-thread-1] INFO  ratis.ContainerStateMachine (ContainerStateMachine.java:loadSnapshot(226)) - group-28F02B806AA1: The snapshot info is null. Setting the last applied indexto:(t:0, i:~)
2019-09-19 10:29:18,115 [pool-261-thread-1] INFO  server.RaftServerConfigKeys (ConfUtils.java:logGet(43)) - raft.server.leader.election.timeout = 120s (custom)
2019-09-19 10:29:18,115 [pool-261-thread-1] INFO  server.RaftServerConfigKeys (ConfUtils.java:logGet(43)) - raft.server.log.use.memory = false (default)
2019-09-19 10:29:18,115 [pool-261-thread-1] INFO  server.RaftServerConfigKeys (ConfUtils.java:logGet(43)) - raft.server.log.purge.gap = 1000000 (custom)
2019-09-19 10:29:18,115 [pool-261-thread-1] INFO  server.RaftServerConfigKeys (ConfUtils.java:logGet(43)) - raft.server.log.appender.buffer.byte-limit = 33554432 (custom)
2019-09-19 10:29:18,116 [pool-261-thread-1] INFO  server.RaftServerConfigKeys (ConfUtils.java:logGet(43)) - raft.server.log.segment.size.max = 1048576 (custom)
2019-09-19 10:29:18,116 [pool-261-thread-1] INFO  server.RaftServerConfigKeys (ConfUtils.java:logGet(43)) - raft.server.log.segment.cache.num.max = 2 (custom)
2019-09-19 10:29:18,116 [pool-261-thread-1] INFO  segmented.SegmentedRaftLogWorker (SegmentedRaftLogWorker.java:<init>(172)) - new 89ed85b1-8176-4dfc-9ccd-1d09931ed65a-SegmentedRaftLogWorker:Storage Directory /workdir/hadoop-ozone/ozonefs/target/test-dir/MiniOzoneClusterImpl-ad08a619-39fc-4bc9-b221-9d2c6ebabba4/datanode-2/data/ratis/644132d4-4cd5-48b0-b9b4-28f02b806aa1 for RaftStorage:Storage Directory /workdir/hadoop-ozone/ozonefs/target/test-dir/MiniOzoneClusterImpl-ad08a619-39fc-4bc9-b221-9d2c6ebabba4/datanode-2/data/ratis/644132d4-4cd5-48b0-b9b4-28f02b806aa1
2019-09-19 10:29:18,116 [pool-261-thread-1] INFO  server.RaftServerConfigKeys (ConfUtils.java:logGet(43)) - raft.server.log.queue.byte-limit = 2147483647 (custom)
2019-09-19 10:29:18,116 [pool-261-thread-1] INFO  server.RaftServerConfigKeys (ConfUtils.java:logGet(43)) - raft.server.log.queue.element-limit = 1024 (custom)
2019-09-19 10:29:18,116 [pool-261-thread-1] INFO  server.RaftServerConfigKeys (ConfUtils.java:logGet(43)) - raft.server.log.segment.size.max = 1048576 (custom)
2019-09-19 10:29:18,116 [pool-261-thread-1] INFO  server.RaftServerConfigKeys (ConfUtils.java:logGet(43)) - raft.server.log.preallocated.size = 16384 (custom)
2019-09-19 10:29:18,117 [pool-261-thread-1] INFO  server.RaftServerConfigKeys (ConfUtils.java:logGet(43)) - raft.server.log.write.buffer.size = 33554432 (custom)
2019-09-19 10:29:18,117 [pool-261-thread-1] INFO  server.RaftServerConfigKeys (ConfUtils.java:logGet(43)) - raft.server.log.force.sync.num = 128 (default)
2019-09-19 10:29:18,117 [pool-261-thread-1] INFO  server.RaftServerConfigKeys (ConfUtils.java:logGet(43)) - raft.server.log.statemachine.data.sync = true (default)
2019-09-19 10:29:18,117 [pool-261-thread-1] INFO  server.RaftServerConfigKeys (ConfUtils.java:logGet(43)) - raft.server.log.statemachine.data.sync.timeout = 10s (default)
2019-09-19 10:29:18,117 [pool-261-thread-1] INFO  server.RaftServerConfigKeys (ConfUtils.java:logGet(43)) - raft.server.log.statemachine.data.sync.timeout.retry = -1 (default)
2019-09-19 10:29:18,117 [pool-261-thread-1] INFO  server.RaftServerConfigKeys (ConfUtils.java:logGet(43)) - raft.server.log.statemachine.data.caching.enabled = true (custom)
2019-09-19 10:29:18,117 [pool-261-thread-1] INFO  segmented.SegmentedRaftLogWorker (SegmentedRaftLogWorker.java:lambda$new$0(132)) - 89ed85b1-8176-4dfc-9ccd-1d09931ed65a-SegmentedRaftLogWorker:Storage Directory /workdir/hadoop-ozone/ozonefs/target/test-dir/MiniOzoneClusterImpl-ad08a619-39fc-4bc9-b221-9d2c6ebabba4/datanode-2/data/ratis/644132d4-4cd5-48b0-b9b4-28f02b806aa1: flushIndex: setUnconditionally 0 -> -1
2019-09-19 10:29:18,118 [pool-261-thread-1] INFO  server.RaftServerConfigKeys (ConfUtils.java:logGet(43)) - raft.server.snapshot.auto.trigger.enabled = true (custom)
2019-09-19 10:29:18,118 [pool-261-thread-1] INFO  server.RaftServerConfigKeys (ConfUtils.java:logGet(43)) - raft.server.snapshot.auto.trigger.threshold = 10000 (custom)
2019-09-19 10:29:18,118 [pool-261-thread-1] INFO  server.RaftServerConfigKeys (ConfUtils.java:logGet(43)) - raft.server.retrycache.expirytime = 600000ms (custom)
2019-09-19 10:29:18,118 [pool-261-thread-1] INFO  impl.RaftServerImpl (RaftServerImpl.java:start(180)) - 89ed85b1-8176-4dfc-9ccd-1d09931ed65a: start group-28F02B806AA1
2019-09-19 10:29:18,118 [pool-261-thread-1] INFO  impl.RaftServerImpl (RaftServerImpl.java:setRole(171)) - 89ed85b1-8176-4dfc-9ccd-1d09931ed65a:group-28F02B806AA1 changes role from null to FOLLOWER at term 0 for startAsFollower
2019-09-19 10:29:18,118 [pool-261-thread-1] INFO  impl.RoleInfo (RoleInfo.java:updateAndGet(143)) - 89ed85b1-8176-4dfc-9ccd-1d09931ed65a: start FollowerState
2019-09-19 10:29:18,118 [pool-261-thread-1] INFO  util.JmxRegister (JmxRegister.java:tryRegister(44)) - Successfully registered JMX Bean with object name Ratis:service=RaftServer,group=group-28F02B806AA1,id=89ed85b1-8176-4dfc-9ccd-1d09931ed65a
2019-09-19 10:29:18,120 [RatisPipelineUtilsThread] INFO  pipeline.PipelineStateManager (PipelineStateManager.java:addPipeline(56)) - Created pipeline Pipeline[ Id: 644132d4-4cd5-48b0-b9b4-28f02b806aa1, Nodes: 89ed85b1-8176-4dfc-9ccd-1d09931ed65a{ip: 192.168.157.204, host: pr-hdds-1569-cpgw4-1311585219, networkLocation: /default-rack, certSerialId: null}, Type:RATIS, Factor:ONE, State:OPEN]
2019-09-19 10:29:18,120 [RatisPipelineUtilsThread] ERROR pipeline.PipelinePlacementPolicy (PipelinePlacementPolicy.java:meetCriteria(91)) - Pipeline Placement: Doesn't meet the criteria to be viable node. Heaviness: 6
2019-09-19 10:29:18,121 [RatisPipelineUtilsThread] ERROR pipeline.PipelinePlacementPolicy (PipelinePlacementPolicy.java:meetCriteria(91)) - Pipeline Placement: Doesn't meet the criteria to be viable node. Heaviness: 6
2019-09-19 10:29:18,125 [grpc-default-executor-0] INFO  impl.RaftServerProxy (RaftServerProxy.java:addNew(89)) - 89ed85b1-8176-4dfc-9ccd-1d09931ed65a: addNew group-D854E8024F81:[89ed85b1-8176-4dfc-9ccd-1d09931ed65a:192.168.157.204:41845] returns group-D854E8024F81:java.util.concurrent.CompletableFuture@6b78a017[Not completed]
2019-09-19 10:29:18,125 [pool-261-thread-1] INFO  impl.RaftServerImpl (RaftServerImpl.java:<init>(93)) - 89ed85b1-8176-4dfc-9ccd-1d09931ed65a: new RaftServerImpl for group-D854E8024F81:[89ed85b1-8176-4dfc-9ccd-1d09931ed65a:192.168.157.204:41845] with ContainerStateMachine:uninitialized
2019-09-19 10:29:18,125 [pool-261-thread-1] INFO  server.RaftServerConfigKeys (ConfUtils.java:logGet(43)) - raft.server.rpc.timeout.min = 5s (custom)
2019-09-19 10:29:18,125 [pool-261-thread-1] INFO  server.RaftServerConfigKeys (ConfUtils.java:logGet(43)) - raft.server.rpc.timeout.max = 5200ms (custom)
2019-09-19 10:29:18,125 [pool-261-thread-1] INFO  server.RaftServerConfigKeys (ConfUtils.java:logGet(43)) - raft.server.rpcslowness.timeout = 120s (custom)
2019-09-19 10:29:18,126 [pool-261-thread-1] INFO  server.RaftServerConfigKeys (ConfUtils.java:logGet(43)) - raft.server.sleep.deviation.threshold = 300 (default)
2019-09-19 10:29:18,126 [pool-261-thread-1] INFO  server.RaftServerConfigKeys (ConfUtils.java:logGet(43)) - raft.server.log.appender.install.snapshot.enabled = false (custom)
2019-09-19 10:29:18,126 [pool-261-thread-1] INFO  impl.RaftServerImpl (ServerState.java:<init>(105)) - 89ed85b1-8176-4dfc-9ccd-1d09931ed65a:group-D854E8024F81 ConfigurationManager, init=-1: [89ed85b1-8176-4dfc-9ccd-1d09931ed65a:192.168.157.204:41845], old=null, confs=<EMPTY_MAP>
2019-09-19 10:29:18,126 [pool-261-thread-1] INFO  server.RaftServerConfigKeys (ConfUtils.java:logGet(43)) - raft.server.storage.dir = [/workdir/hadoop-ozone/ozonefs/target/test-dir/MiniOzoneClusterImpl-ad08a619-39fc-4bc9-b221-9d2c6ebabba4/datanode-2/data/ratis] (custom)
2019-09-19 10:29:18,126 [pool-261-thread-1] INFO  storage.RaftStorageDirectory (RaftStorageDirectory.java:analyzeStorage(246)) - The storage directory /workdir/hadoop-ozone/ozonefs/target/test-dir/MiniOzoneClusterImpl-ad08a619-39fc-4bc9-b221-9d2c6ebabba4/datanode-2/data/ratis/4149014e-a56c-4212-80a4-d854e8024f81 does not exist. Creating ...
2019-09-19 10:29:18,138 [pool-261-thread-1] INFO  storage.RaftStorageDirectory (RaftStorageDirectory.java:tryLock(328)) - Lock on /workdir/hadoop-ozone/ozonefs/target/test-dir/MiniOzoneClusterImpl-ad08a619-39fc-4bc9-b221-9d2c6ebabba4/datanode-2/data/ratis/4149014e-a56c-4212-80a4-d854e8024f81/in_use.lock acquired by nodename 28323@pr-hdds-1569-cpgw4-1311585219
2019-09-19 10:29:18,151 [pool-261-thread-1] INFO  storage.RaftStorage (RaftStorage.java:format(72)) - Storage directory /workdir/hadoop-ozone/ozonefs/target/test-dir/MiniOzoneClusterImpl-ad08a619-39fc-4bc9-b221-9d2c6ebabba4/datanode-2/data/ratis/4149014e-a56c-4212-80a4-d854e8024f81 has been successfully formatted.
2019-09-19 10:29:18,151 [pool-261-thread-1] INFO  ratis.ContainerStateMachine (ContainerStateMachine.java:loadSnapshot(226)) - group-D854E8024F81: The snapshot info is null. Setting the last applied indexto:(t:0, i:~)
2019-09-19 10:29:18,151 [pool-261-thread-1] INFO  server.RaftServerConfigKeys (ConfUtils.java:logGet(43)) - raft.server.leader.election.timeout = 120s (custom)
2019-09-19 10:29:18,151 [pool-261-thread-1] INFO  server.RaftServerConfigKeys (ConfUtils.java:logGet(43)) - raft.server.log.use.memory = false (default)
2019-09-19 10:29:18,151 [pool-261-thread-1] INFO  server.RaftServerConfigKeys (ConfUtils.java:logGet(43)) - raft.server.log.purge.gap = 1000000 (custom)
2019-09-19 10:29:18,151 [pool-261-thread-1] INFO  server.RaftServerConfigKeys (ConfUtils.java:logGet(43)) - raft.server.log.appender.buffer.byte-limit = 33554432 (custom)
2019-09-19 10:29:18,152 [pool-261-thread-1] INFO  server.RaftServerConfigKeys (ConfUtils.java:logGet(43)) - raft.server.log.segment.size.max = 1048576 (custom)
2019-09-19 10:29:18,152 [pool-261-thread-1] INFO  server.RaftServerConfigKeys (ConfUtils.java:logGet(43)) - raft.server.log.segment.cache.num.max = 2 (custom)
2019-09-19 10:29:18,152 [pool-261-thread-1] INFO  segmented.SegmentedRaftLogWorker (SegmentedRaftLogWorker.java:<init>(172)) - new 89ed85b1-8176-4dfc-9ccd-1d09931ed65a-SegmentedRaftLogWorker:Storage Directory /workdir/hadoop-ozone/ozonefs/target/test-dir/MiniOzoneClusterImpl-ad08a619-39fc-4bc9-b221-9d2c6ebabba4/datanode-2/data/ratis/4149014e-a56c-4212-80a4-d854e8024f81 for RaftStorage:Storage Directory /workdir/hadoop-ozone/ozonefs/target/test-dir/MiniOzoneClusterImpl-ad08a619-39fc-4bc9-b221-9d2c6ebabba4/datanode-2/data/ratis/4149014e-a56c-4212-80a4-d854e8024f81
2019-09-19 10:29:18,152 [pool-261-thread-1] INFO  server.RaftServerConfigKeys (ConfUtils.java:logGet(43)) - raft.server.log.queue.byte-limit = 2147483647 (custom)
2019-09-19 10:29:18,152 [pool-261-thread-1] INFO  server.RaftServerConfigKeys (ConfUtils.java:logGet(43)) - raft.server.log.queue.element-limit = 1024 (custom)
2019-09-19 10:29:18,152 [pool-261-thread-1] INFO  server.RaftServerConfigKeys (ConfUtils.java:logGet(43)) - raft.server.log.segment.size.max = 1048576 (custom)
2019-09-19 10:29:18,152 [pool-261-thread-1] INFO  server.RaftServerConfigKeys (ConfUtils.java:logGet(43)) - raft.server.log.preallocated.size = 16384 (custom)
2019-09-19 10:29:18,152 [pool-261-thread-1] INFO  server.RaftServerConfigKeys (ConfUtils.java:logGet(43)) - raft.server.log.write.buffer.size = 33554432 (custom)
2019-09-19 10:29:18,152 [pool-261-thread-1] INFO  server.RaftServerConfigKeys (ConfUtils.java:logGet(43)) - raft.server.log.force.sync.num = 128 (default)
2019-09-19 10:29:18,152 [pool-261-thread-1] INFO  server.RaftServerConfigKeys (ConfUtils.java:logGet(43)) - raft.server.log.statemachine.data.sync = true (default)
2019-09-19 10:29:18,153 [pool-261-thread-1] INFO  server.RaftServerConfigKeys (ConfUtils.java:logGet(43)) - raft.server.log.statemachine.data.sync.timeout = 10s (default)
2019-09-19 10:29:18,153 [pool-261-thread-1] INFO  server.RaftServerConfigKeys (ConfUtils.java:logGet(43)) - raft.server.log.statemachine.data.sync.timeout.retry = -1 (default)
2019-09-19 10:29:18,153 [pool-261-thread-1] INFO  server.RaftServerConfigKeys (ConfUtils.java:logGet(43)) - raft.server.log.statemachine.data.caching.enabled = true (custom)
2019-09-19 10:29:18,153 [pool-261-thread-1] INFO  segmented.SegmentedRaftLogWorker (SegmentedRaftLogWorker.java:lambda$new$0(132)) - 89ed85b1-8176-4dfc-9ccd-1d09931ed65a-SegmentedRaftLogWorker:Storage Directory /workdir/hadoop-ozone/ozonefs/target/test-dir/MiniOzoneClusterImpl-ad08a619-39fc-4bc9-b221-9d2c6ebabba4/datanode-2/data/ratis/4149014e-a56c-4212-80a4-d854e8024f81: flushIndex: setUnconditionally 0 -> -1
2019-09-19 10:29:18,153 [pool-261-thread-1] INFO  server.RaftServerConfigKeys (ConfUtils.java:logGet(43)) - raft.server.snapshot.auto.trigger.enabled = true (custom)
2019-09-19 10:29:18,153 [pool-261-thread-1] INFO  server.RaftServerConfigKeys (ConfUtils.java:logGet(43)) - raft.server.snapshot.auto.trigger.threshold = 10000 (custom)
2019-09-19 10:29:18,153 [pool-261-thread-1] INFO  server.RaftServerConfigKeys (ConfUtils.java:logGet(43)) - raft.server.retrycache.expirytime = 600000ms (custom)
2019-09-19 10:29:18,153 [pool-261-thread-1] INFO  impl.RaftServerImpl (RaftServerImpl.java:start(180)) - 89ed85b1-8176-4dfc-9ccd-1d09931ed65a: start group-D854E8024F81
2019-09-19 10:29:18,154 [pool-261-thread-1] INFO  impl.RaftServerImpl (RaftServerImpl.java:setRole(171)) - 89ed85b1-8176-4dfc-9ccd-1d09931ed65a:group-D854E8024F81 changes role from null to FOLLOWER at term 0 for startAsFollower
2019-09-19 10:29:18,154 [pool-261-thread-1] INFO  impl.RoleInfo (RoleInfo.java:updateAndGet(143)) - 89ed85b1-8176-4dfc-9ccd-1d09931ed65a: start FollowerState
2019-09-19 10:29:18,154 [pool-261-thread-1] INFO  util.JmxRegister (JmxRegister.java:tryRegister(44)) - Successfully registered JMX Bean with object name Ratis:service=RaftServer,group=group-D854E8024F81,id=89ed85b1-8176-4dfc-9ccd-1d09931ed65a
2019-09-19 10:29:18,156 [RatisPipelineUtilsThread] INFO  pipeline.PipelineStateManager (PipelineStateManager.java:addPipeline(56)) - Created pipeline Pipeline[ Id: 4149014e-a56c-4212-80a4-d854e8024f81, Nodes: 89ed85b1-8176-4dfc-9ccd-1d09931ed65a{ip: 192.168.157.204, host: pr-hdds-1569-cpgw4-1311585219, networkLocation: /default-rack, certSerialId: null}, Type:RATIS, Factor:ONE, State:OPEN]
2019-09-19 10:29:18,156 [RatisPipelineUtilsThread] ERROR pipeline.PipelinePlacementPolicy (PipelinePlacementPolicy.java:meetCriteria(91)) - Pipeline Placement: Doesn't meet the criteria to be viable node. Heaviness: 6
2019-09-19 10:29:18,156 [RatisPipelineUtilsThread] ERROR pipeline.PipelinePlacementPolicy (PipelinePlacementPolicy.java:meetCriteria(91)) - Pipeline Placement: Doesn't meet the criteria to be viable node. Heaviness: 6
2019-09-19 10:29:18,159 [grpc-default-executor-0] INFO  impl.RaftServerProxy (RaftServerProxy.java:addNew(89)) - 89ed85b1-8176-4dfc-9ccd-1d09931ed65a: addNew group-9BEA1DFDE8A1:[89ed85b1-8176-4dfc-9ccd-1d09931ed65a:192.168.157.204:41845] returns group-9BEA1DFDE8A1:java.util.concurrent.CompletableFuture@2a24ed71[Not completed]
2019-09-19 10:29:18,160 [pool-261-thread-1] INFO  impl.RaftServerImpl (RaftServerImpl.java:<init>(93)) - 89ed85b1-8176-4dfc-9ccd-1d09931ed65a: new RaftServerImpl for group-9BEA1DFDE8A1:[89ed85b1-8176-4dfc-9ccd-1d09931ed65a:192.168.157.204:41845] with ContainerStateMachine:uninitialized
2019-09-19 10:29:18,160 [pool-261-thread-1] INFO  server.RaftServerConfigKeys (ConfUtils.java:logGet(43)) - raft.server.rpc.timeout.min = 5s (custom)
2019-09-19 10:29:18,160 [pool-261-thread-1] INFO  server.RaftServerConfigKeys (ConfUtils.java:logGet(43)) - raft.server.rpc.timeout.max = 5200ms (custom)
2019-09-19 10:29:18,160 [pool-261-thread-1] INFO  server.RaftServerConfigKeys (ConfUtils.java:logGet(43)) - raft.server.rpcslowness.timeout = 120s (custom)
2019-09-19 10:29:18,161 [pool-261-thread-1] INFO  server.RaftServerConfigKeys (ConfUtils.java:logGet(43)) - raft.server.sleep.deviation.threshold = 300 (default)
2019-09-19 10:29:18,161 [pool-261-thread-1] INFO  server.RaftServerConfigKeys (ConfUtils.java:logGet(43)) - raft.server.log.appender.install.snapshot.enabled = false (custom)
2019-09-19 10:29:18,161 [pool-261-thread-1] INFO  impl.RaftServerImpl (ServerState.java:<init>(105)) - 89ed85b1-8176-4dfc-9ccd-1d09931ed65a:group-9BEA1DFDE8A1 ConfigurationManager, init=-1: [89ed85b1-8176-4dfc-9ccd-1d09931ed65a:192.168.157.204:41845], old=null, confs=<EMPTY_MAP>
2019-09-19 10:29:18,161 [pool-261-thread-1] INFO  server.RaftServerConfigKeys (ConfUtils.java:logGet(43)) - raft.server.storage.dir = [/workdir/hadoop-ozone/ozonefs/target/test-dir/MiniOzoneClusterImpl-ad08a619-39fc-4bc9-b221-9d2c6ebabba4/datanode-2/data/ratis] (custom)
2019-09-19 10:29:18,161 [pool-261-thread-1] INFO  storage.RaftStorageDirectory (RaftStorageDirectory.java:analyzeStorage(246)) - The storage directory /workdir/hadoop-ozone/ozonefs/target/test-dir/MiniOzoneClusterImpl-ad08a619-39fc-4bc9-b221-9d2c6ebabba4/datanode-2/data/ratis/3fff2ac6-f98a-47e7-ad4a-9bea1dfde8a1 does not exist. Creating ...
2019-09-19 10:29:18,173 [pool-261-thread-1] INFO  storage.RaftStorageDirectory (RaftStorageDirectory.java:tryLock(328)) - Lock on /workdir/hadoop-ozone/ozonefs/target/test-dir/MiniOzoneClusterImpl-ad08a619-39fc-4bc9-b221-9d2c6ebabba4/datanode-2/data/ratis/3fff2ac6-f98a-47e7-ad4a-9bea1dfde8a1/in_use.lock acquired by nodename 28323@pr-hdds-1569-cpgw4-1311585219
2019-09-19 10:29:18,186 [pool-261-thread-1] INFO  storage.RaftStorage (RaftStorage.java:format(72)) - Storage directory /workdir/hadoop-ozone/ozonefs/target/test-dir/MiniOzoneClusterImpl-ad08a619-39fc-4bc9-b221-9d2c6ebabba4/datanode-2/data/ratis/3fff2ac6-f98a-47e7-ad4a-9bea1dfde8a1 has been successfully formatted.
2019-09-19 10:29:18,186 [pool-261-thread-1] INFO  ratis.ContainerStateMachine (ContainerStateMachine.java:loadSnapshot(226)) - group-9BEA1DFDE8A1: The snapshot info is null. Setting the last applied indexto:(t:0, i:~)
2019-09-19 10:29:18,186 [pool-261-thread-1] INFO  server.RaftServerConfigKeys (ConfUtils.java:logGet(43)) - raft.server.leader.election.timeout = 120s (custom)
2019-09-19 10:29:18,186 [pool-261-thread-1] INFO  server.RaftServerConfigKeys (ConfUtils.java:logGet(43)) - raft.server.log.use.memory = false (default)
2019-09-19 10:29:18,186 [pool-261-thread-1] INFO  server.RaftServerConfigKeys (ConfUtils.java:logGet(43)) - raft.server.log.purge.gap = 1000000 (custom)
2019-09-19 10:29:18,187 [pool-261-thread-1] INFO  server.RaftServerConfigKeys (ConfUtils.java:logGet(43)) - raft.server.log.appender.buffer.byte-limit = 33554432 (custom)
2019-09-19 10:29:18,187 [pool-261-thread-1] INFO  server.RaftServerConfigKeys (ConfUtils.java:logGet(43)) - raft.server.log.segment.size.max = 1048576 (custom)
2019-09-19 10:29:18,187 [pool-261-thread-1] INFO  server.RaftServerConfigKeys (ConfUtils.java:logGet(43)) - raft.server.log.segment.cache.num.max = 2 (custom)
2019-09-19 10:29:18,187 [pool-261-thread-1] INFO  segmented.SegmentedRaftLogWorker (SegmentedRaftLogWorker.java:<init>(172)) - new 89ed85b1-8176-4dfc-9ccd-1d09931ed65a-SegmentedRaftLogWorker:Storage Directory /workdir/hadoop-ozone/ozonefs/target/test-dir/MiniOzoneClusterImpl-ad08a619-39fc-4bc9-b221-9d2c6ebabba4/datanode-2/data/ratis/3fff2ac6-f98a-47e7-ad4a-9bea1dfde8a1 for RaftStorage:Storage Directory /workdir/hadoop-ozone/ozonefs/target/test-dir/MiniOzoneClusterImpl-ad08a619-39fc-4bc9-b221-9d2c6ebabba4/datanode-2/data/ratis/3fff2ac6-f98a-47e7-ad4a-9bea1dfde8a1
2019-09-19 10:29:18,187 [pool-261-thread-1] INFO  server.RaftServerConfigKeys (ConfUtils.java:logGet(43)) - raft.server.log.queue.byte-limit = 2147483647 (custom)
2019-09-19 10:29:18,187 [pool-261-thread-1] INFO  server.RaftServerConfigKeys (ConfUtils.java:logGet(43)) - raft.server.log.queue.element-limit = 1024 (custom)
2019-09-19 10:29:18,187 [pool-261-thread-1] INFO  server.RaftServerConfigKeys (ConfUtils.java:logGet(43)) - raft.server.log.segment.size.max = 1048576 (custom)
2019-09-19 10:29:18,188 [pool-261-thread-1] INFO  server.RaftServerConfigKeys (ConfUtils.java:logGet(43)) - raft.server.log.preallocated.size = 16384 (custom)
2019-09-19 10:29:18,188 [pool-261-thread-1] INFO  server.RaftServerConfigKeys (ConfUtils.java:logGet(43)) - raft.server.log.write.buffer.size = 33554432 (custom)
2019-09-19 10:29:18,188 [pool-261-thread-1] INFO  server.RaftServerConfigKeys (ConfUtils.java:logGet(43)) - raft.server.log.force.sync.num = 128 (default)
2019-09-19 10:29:18,188 [pool-261-thread-1] INFO  server.RaftServerConfigKeys (ConfUtils.java:logGet(43)) - raft.server.log.statemachine.data.sync = true (default)
2019-09-19 10:29:18,188 [pool-261-thread-1] INFO  server.RaftServerConfigKeys (ConfUtils.java:logGet(43)) - raft.server.log.statemachine.data.sync.timeout = 10s (default)
2019-09-19 10:29:18,188 [pool-261-thread-1] INFO  server.RaftServerConfigKeys (ConfUtils.java:logGet(43)) - raft.server.log.statemachine.data.sync.timeout.retry = -1 (default)
2019-09-19 10:29:18,188 [pool-261-thread-1] INFO  server.RaftServerConfigKeys (ConfUtils.java:logGet(43)) - raft.server.log.statemachine.data.caching.enabled = true (custom)
2019-09-19 10:29:18,188 [pool-261-thread-1] INFO  segmented.SegmentedRaftLogWorker (SegmentedRaftLogWorker.java:lambda$new$0(132)) - 89ed85b1-8176-4dfc-9ccd-1d09931ed65a-SegmentedRaftLogWorker:Storage Directory /workdir/hadoop-ozone/ozonefs/target/test-dir/MiniOzoneClusterImpl-ad08a619-39fc-4bc9-b221-9d2c6ebabba4/datanode-2/data/ratis/3fff2ac6-f98a-47e7-ad4a-9bea1dfde8a1: flushIndex: setUnconditionally 0 -> -1
2019-09-19 10:29:18,189 [pool-261-thread-1] INFO  server.RaftServerConfigKeys (ConfUtils.java:logGet(43)) - raft.server.snapshot.auto.trigger.enabled = true (custom)
2019-09-19 10:29:18,189 [pool-261-thread-1] INFO  server.RaftServerConfigKeys (ConfUtils.java:logGet(43)) - raft.server.snapshot.auto.trigger.threshold = 10000 (custom)
2019-09-19 10:29:18,189 [pool-261-thread-1] INFO  server.RaftServerConfigKeys (ConfUtils.java:logGet(43)) - raft.server.retrycache.expirytime = 600000ms (custom)
2019-09-19 10:29:18,189 [pool-261-thread-1] INFO  impl.RaftServerImpl (RaftServerImpl.java:start(180)) - 89ed85b1-8176-4dfc-9ccd-1d09931ed65a: start group-9BEA1DFDE8A1
2019-09-19 10:29:18,189 [pool-261-thread-1] INFO  impl.RaftServerImpl (RaftServerImpl.java:setRole(171)) - 89ed85b1-8176-4dfc-9ccd-1d09931ed65a:group-9BEA1DFDE8A1 changes role from null to FOLLOWER at term 0 for startAsFollower
2019-09-19 10:29:18,189 [pool-261-thread-1] INFO  impl.RoleInfo (RoleInfo.java:updateAndGet(143)) - 89ed85b1-8176-4dfc-9ccd-1d09931ed65a: start FollowerState
2019-09-19 10:29:18,189 [pool-261-thread-1] INFO  util.JmxRegister (JmxRegister.java:tryRegister(44)) - Successfully registered JMX Bean with object name Ratis:service=RaftServer,group=group-9BEA1DFDE8A1,id=89ed85b1-8176-4dfc-9ccd-1d09931ed65a
2019-09-19 10:29:18,192 [RatisPipelineUtilsThread] INFO  pipeline.PipelineStateManager (PipelineStateManager.java:addPipeline(56)) - Created pipeline Pipeline[ Id: 3fff2ac6-f98a-47e7-ad4a-9bea1dfde8a1, Nodes: 89ed85b1-8176-4dfc-9ccd-1d09931ed65a{ip: 192.168.157.204, host: pr-hdds-1569-cpgw4-1311585219, networkLocation: /default-rack, certSerialId: null}, Type:RATIS, Factor:ONE, State:OPEN]
2019-09-19 10:29:18,192 [RatisPipelineUtilsThread] ERROR pipeline.PipelinePlacementPolicy (PipelinePlacementPolicy.java:meetCriteria(91)) - Pipeline Placement: Doesn't meet the criteria to be viable node. Heaviness: 6
2019-09-19 10:29:18,192 [RatisPipelineUtilsThread] ERROR pipeline.PipelinePlacementPolicy (PipelinePlacementPolicy.java:meetCriteria(91)) - Pipeline Placement: Doesn't meet the criteria to be viable node. Heaviness: 6
2019-09-19 10:29:18,195 [grpc-default-executor-0] INFO  impl.RaftServerProxy (RaftServerProxy.java:addNew(89)) - 89ed85b1-8176-4dfc-9ccd-1d09931ed65a: addNew group-691D5BBB0B45:[89ed85b1-8176-4dfc-9ccd-1d09931ed65a:192.168.157.204:41845] returns group-691D5BBB0B45:java.util.concurrent.CompletableFuture@7c62fc29[Not completed]
2019-09-19 10:29:18,196 [pool-261-thread-1] INFO  impl.RaftServerImpl (RaftServerImpl.java:<init>(93)) - 89ed85b1-8176-4dfc-9ccd-1d09931ed65a: new RaftServerImpl for group-691D5BBB0B45:[89ed85b1-8176-4dfc-9ccd-1d09931ed65a:192.168.157.204:41845] with ContainerStateMachine:uninitialized
2019-09-19 10:29:18,196 [pool-261-thread-1] INFO  server.RaftServerConfigKeys (ConfUtils.java:logGet(43)) - raft.server.rpc.timeout.min = 5s (custom)
2019-09-19 10:29:18,197 [pool-261-thread-1] INFO  server.RaftServerConfigKeys (ConfUtils.java:logGet(43)) - raft.server.rpc.timeout.max = 5200ms (custom)
2019-09-19 10:29:18,197 [pool-261-thread-1] INFO  server.RaftServerConfigKeys (ConfUtils.java:logGet(43)) - raft.server.rpcslowness.timeout = 120s (custom)
2019-09-19 10:29:18,197 [pool-261-thread-1] INFO  server.RaftServerConfigKeys (ConfUtils.java:logGet(43)) - raft.server.sleep.deviation.threshold = 300 (default)
2019-09-19 10:29:18,197 [pool-261-thread-1] INFO  server.RaftServerConfigKeys (ConfUtils.java:logGet(43)) - raft.server.log.appender.install.snapshot.enabled = false (custom)
2019-09-19 10:29:18,197 [pool-261-thread-1] INFO  impl.RaftServerImpl (ServerState.java:<init>(105)) - 89ed85b1-8176-4dfc-9ccd-1d09931ed65a:group-691D5BBB0B45 ConfigurationManager, init=-1: [89ed85b1-8176-4dfc-9ccd-1d09931ed65a:192.168.157.204:41845], old=null, confs=<EMPTY_MAP>
2019-09-19 10:29:18,197 [pool-261-thread-1] INFO  server.RaftServerConfigKeys (ConfUtils.java:logGet(43)) - raft.server.storage.dir = [/workdir/hadoop-ozone/ozonefs/target/test-dir/MiniOzoneClusterImpl-ad08a619-39fc-4bc9-b221-9d2c6ebabba4/datanode-2/data/ratis] (custom)
2019-09-19 10:29:18,197 [pool-261-thread-1] INFO  storage.RaftStorageDirectory (RaftStorageDirectory.java:analyzeStorage(246)) - The storage directory /workdir/hadoop-ozone/ozonefs/target/test-dir/MiniOzoneClusterImpl-ad08a619-39fc-4bc9-b221-9d2c6ebabba4/datanode-2/data/ratis/a86bdc63-94e1-40a5-9942-691d5bbb0b45 does not exist. Creating ...
2019-09-19 10:29:18,210 [pool-261-thread-1] INFO  storage.RaftStorageDirectory (RaftStorageDirectory.java:tryLock(328)) - Lock on /workdir/hadoop-ozone/ozonefs/target/test-dir/MiniOzoneClusterImpl-ad08a619-39fc-4bc9-b221-9d2c6ebabba4/datanode-2/data/ratis/a86bdc63-94e1-40a5-9942-691d5bbb0b45/in_use.lock acquired by nodename 28323@pr-hdds-1569-cpgw4-1311585219
2019-09-19 10:29:18,212 [pool-261-thread-1] INFO  storage.RaftStorage (RaftStorage.java:format(72)) - Storage directory /workdir/hadoop-ozone/ozonefs/target/test-dir/MiniOzoneClusterImpl-ad08a619-39fc-4bc9-b221-9d2c6ebabba4/datanode-2/data/ratis/a86bdc63-94e1-40a5-9942-691d5bbb0b45 has been successfully formatted.
2019-09-19 10:29:18,213 [pool-261-thread-1] INFO  ratis.ContainerStateMachine (ContainerStateMachine.java:loadSnapshot(226)) - group-691D5BBB0B45: The snapshot info is null. Setting the last applied indexto:(t:0, i:~)
2019-09-19 10:29:18,213 [pool-261-thread-1] INFO  server.RaftServerConfigKeys (ConfUtils.java:logGet(43)) - raft.server.leader.election.timeout = 120s (custom)
2019-09-19 10:29:18,213 [pool-261-thread-1] INFO  server.RaftServerConfigKeys (ConfUtils.java:logGet(43)) - raft.server.log.use.memory = false (default)
2019-09-19 10:29:18,213 [pool-261-thread-1] INFO  server.RaftServerConfigKeys (ConfUtils.java:logGet(43)) - raft.server.log.purge.gap = 1000000 (custom)
2019-09-19 10:29:18,213 [pool-261-thread-1] INFO  server.RaftServerConfigKeys (ConfUtils.java:logGet(43)) - raft.server.log.appender.buffer.byte-limit = 33554432 (custom)
2019-09-19 10:29:18,213 [pool-261-thread-1] INFO  server.RaftServerConfigKeys (ConfUtils.java:logGet(43)) - raft.server.log.segment.size.max = 1048576 (custom)
2019-09-19 10:29:18,213 [pool-261-thread-1] INFO  server.RaftServerConfigKeys (ConfUtils.java:logGet(43)) - raft.server.log.segment.cache.num.max = 2 (custom)
2019-09-19 10:29:18,213 [pool-261-thread-1] INFO  segmented.SegmentedRaftLogWorker (SegmentedRaftLogWorker.java:<init>(172)) - new 89ed85b1-8176-4dfc-9ccd-1d09931ed65a-SegmentedRaftLogWorker:Storage Directory /workdir/hadoop-ozone/ozonefs/target/test-dir/MiniOzoneClusterImpl-ad08a619-39fc-4bc9-b221-9d2c6ebabba4/datanode-2/data/ratis/a86bdc63-94e1-40a5-9942-691d5bbb0b45 for RaftStorage:Storage Directory /workdir/hadoop-ozone/ozonefs/target/test-dir/MiniOzoneClusterImpl-ad08a619-39fc-4bc9-b221-9d2c6ebabba4/datanode-2/data/ratis/a86bdc63-94e1-40a5-9942-691d5bbb0b45
2019-09-19 10:29:18,213 [pool-261-thread-1] INFO  server.RaftServerConfigKeys (ConfUtils.java:logGet(43)) - raft.server.log.queue.byte-limit = 2147483647 (custom)
2019-09-19 10:29:18,213 [pool-261-thread-1] INFO  server.RaftServerConfigKeys (ConfUtils.java:logGet(43)) - raft.server.log.queue.element-limit = 1024 (custom)
2019-09-19 10:29:18,214 [pool-261-thread-1] INFO  server.RaftServerConfigKeys (ConfUtils.java:logGet(43)) - raft.server.log.segment.size.max = 1048576 (custom)
2019-09-19 10:29:18,214 [pool-261-thread-1] INFO  server.RaftServerConfigKeys (ConfUtils.java:logGet(43)) - raft.server.log.preallocated.size = 16384 (custom)
2019-09-19 10:29:18,214 [pool-261-thread-1] INFO  server.RaftServerConfigKeys (ConfUtils.java:logGet(43)) - raft.server.log.write.buffer.size = 33554432 (custom)
2019-09-19 10:29:18,214 [pool-261-thread-1] INFO  server.RaftServerConfigKeys (ConfUtils.java:logGet(43)) - raft.server.log.force.sync.num = 128 (default)
2019-09-19 10:29:18,214 [pool-261-thread-1] INFO  server.RaftServerConfigKeys (ConfUtils.java:logGet(43)) - raft.server.log.statemachine.data.sync = true (default)
2019-09-19 10:29:18,214 [pool-261-thread-1] INFO  server.RaftServerConfigKeys (ConfUtils.java:logGet(43)) - raft.server.log.statemachine.data.sync.timeout = 10s (default)
2019-09-19 10:29:18,214 [pool-261-thread-1] INFO  server.RaftServerConfigKeys (ConfUtils.java:logGet(43)) - raft.server.log.statemachine.data.sync.timeout.retry = -1 (default)
2019-09-19 10:29:18,214 [pool-261-thread-1] INFO  server.RaftServerConfigKeys (ConfUtils.java:logGet(43)) - raft.server.log.statemachine.data.caching.enabled = true (custom)
2019-09-19 10:29:18,215 [pool-261-thread-1] INFO  segmented.SegmentedRaftLogWorker (SegmentedRaftLogWorker.java:lambda$new$0(132)) - 89ed85b1-8176-4dfc-9ccd-1d09931ed65a-SegmentedRaftLogWorker:Storage Directory /workdir/hadoop-ozone/ozonefs/target/test-dir/MiniOzoneClusterImpl-ad08a619-39fc-4bc9-b221-9d2c6ebabba4/datanode-2/data/ratis/a86bdc63-94e1-40a5-9942-691d5bbb0b45: flushIndex: setUnconditionally 0 -> -1
2019-09-19 10:29:18,215 [pool-261-thread-1] INFO  server.RaftServerConfigKeys (ConfUtils.java:logGet(43)) - raft.server.snapshot.auto.trigger.enabled = true (custom)
2019-09-19 10:29:18,215 [pool-261-thread-1] INFO  server.RaftServerConfigKeys (ConfUtils.java:logGet(43)) - raft.server.snapshot.auto.trigger.threshold = 10000 (custom)
2019-09-19 10:29:18,215 [pool-261-thread-1] INFO  server.RaftServerConfigKeys (ConfUtils.java:logGet(43)) - raft.server.retrycache.expirytime = 600000ms (custom)
2019-09-19 10:29:18,215 [pool-261-thread-1] INFO  impl.RaftServerImpl (RaftServerImpl.java:start(180)) - 89ed85b1-8176-4dfc-9ccd-1d09931ed65a: start group-691D5BBB0B45
2019-09-19 10:29:18,215 [pool-261-thread-1] INFO  impl.RaftServerImpl (RaftServerImpl.java:setRole(171)) - 89ed85b1-8176-4dfc-9ccd-1d09931ed65a:group-691D5BBB0B45 changes role from null to FOLLOWER at term 0 for startAsFollower
2019-09-19 10:29:18,215 [pool-261-thread-1] INFO  impl.RoleInfo (RoleInfo.java:updateAndGet(143)) - 89ed85b1-8176-4dfc-9ccd-1d09931ed65a: start FollowerState
2019-09-19 10:29:18,216 [pool-261-thread-1] INFO  util.JmxRegister (JmxRegister.java:tryRegister(44)) - Successfully registered JMX Bean with object name Ratis:service=RaftServer,group=group-691D5BBB0B45,id=89ed85b1-8176-4dfc-9ccd-1d09931ed65a
2019-09-19 10:29:18,217 [RatisPipelineUtilsThread] INFO  pipeline.PipelineStateManager (PipelineStateManager.java:addPipeline(56)) - Created pipeline Pipeline[ Id: a86bdc63-94e1-40a5-9942-691d5bbb0b45, Nodes: 89ed85b1-8176-4dfc-9ccd-1d09931ed65a{ip: 192.168.157.204, host: pr-hdds-1569-cpgw4-1311585219, networkLocation: /default-rack, certSerialId: null}, Type:RATIS, Factor:ONE, State:OPEN]
2019-09-19 10:29:18,218 [RatisPipelineUtilsThread] ERROR pipeline.PipelinePlacementPolicy (PipelinePlacementPolicy.java:meetCriteria(91)) - Pipeline Placement: Doesn't meet the criteria to be viable node. Heaviness: 6
2019-09-19 10:29:18,218 [RatisPipelineUtilsThread] ERROR pipeline.PipelinePlacementPolicy (PipelinePlacementPolicy.java:meetCriteria(91)) - Pipeline Placement: Doesn't meet the criteria to be viable node. Heaviness: 6
2019-09-19 10:29:18,221 [grpc-default-executor-0] INFO  impl.RaftServerProxy (RaftServerProxy.java:addNew(89)) - 89ed85b1-8176-4dfc-9ccd-1d09931ed65a: addNew group-35B5EDC4FD5C:[89ed85b1-8176-4dfc-9ccd-1d09931ed65a:192.168.157.204:41845] returns group-35B5EDC4FD5C:java.util.concurrent.CompletableFuture@3a465256[Not completed]
2019-09-19 10:29:18,222 [pool-261-thread-1] INFO  impl.RaftServerImpl (RaftServerImpl.java:<init>(93)) - 89ed85b1-8176-4dfc-9ccd-1d09931ed65a: new RaftServerImpl for group-35B5EDC4FD5C:[89ed85b1-8176-4dfc-9ccd-1d09931ed65a:192.168.157.204:41845] with ContainerStateMachine:uninitialized
2019-09-19 10:29:18,222 [pool-261-thread-1] INFO  server.RaftServerConfigKeys (ConfUtils.java:logGet(43)) - raft.server.rpc.timeout.min = 5s (custom)
2019-09-19 10:29:18,222 [pool-261-thread-1] INFO  server.RaftServerConfigKeys (ConfUtils.java:logGet(43)) - raft.server.rpc.timeout.max = 5200ms (custom)
2019-09-19 10:29:18,222 [pool-261-thread-1] INFO  server.RaftServerConfigKeys (ConfUtils.java:logGet(43)) - raft.server.rpcslowness.timeout = 120s (custom)
2019-09-19 10:29:18,222 [pool-261-thread-1] INFO  server.RaftServerConfigKeys (ConfUtils.java:logGet(43)) - raft.server.sleep.deviation.threshold = 300 (default)
2019-09-19 10:29:18,222 [pool-261-thread-1] INFO  server.RaftServerConfigKeys (ConfUtils.java:logGet(43)) - raft.server.log.appender.install.snapshot.enabled = false (custom)
2019-09-19 10:29:18,222 [pool-261-thread-1] INFO  impl.RaftServerImpl (ServerState.java:<init>(105)) - 89ed85b1-8176-4dfc-9ccd-1d09931ed65a:group-35B5EDC4FD5C ConfigurationManager, init=-1: [89ed85b1-8176-4dfc-9ccd-1d09931ed65a:192.168.157.204:41845], old=null, confs=<EMPTY_MAP>
2019-09-19 10:29:18,222 [pool-261-thread-1] INFO  server.RaftServerConfigKeys (ConfUtils.java:logGet(43)) - raft.server.storage.dir = [/workdir/hadoop-ozone/ozonefs/target/test-dir/MiniOzoneClusterImpl-ad08a619-39fc-4bc9-b221-9d2c6ebabba4/datanode-2/data/ratis] (custom)
2019-09-19 10:29:18,223 [pool-261-thread-1] INFO  storage.RaftStorageDirectory (RaftStorageDirectory.java:analyzeStorage(246)) - The storage directory /workdir/hadoop-ozone/ozonefs/target/test-dir/MiniOzoneClusterImpl-ad08a619-39fc-4bc9-b221-9d2c6ebabba4/datanode-2/data/ratis/9d812379-36fc-448b-b4d0-35b5edc4fd5c does not exist. Creating ...
2019-09-19 10:29:18,238 [pool-261-thread-1] INFO  storage.RaftStorageDirectory (RaftStorageDirectory.java:tryLock(328)) - Lock on /workdir/hadoop-ozone/ozonefs/target/test-dir/MiniOzoneClusterImpl-ad08a619-39fc-4bc9-b221-9d2c6ebabba4/datanode-2/data/ratis/9d812379-36fc-448b-b4d0-35b5edc4fd5c/in_use.lock acquired by nodename 28323@pr-hdds-1569-cpgw4-1311585219
2019-09-19 10:29:18,259 [pool-261-thread-1] INFO  storage.RaftStorage (RaftStorage.java:format(72)) - Storage directory /workdir/hadoop-ozone/ozonefs/target/test-dir/MiniOzoneClusterImpl-ad08a619-39fc-4bc9-b221-9d2c6ebabba4/datanode-2/data/ratis/9d812379-36fc-448b-b4d0-35b5edc4fd5c has been successfully formatted.
2019-09-19 10:29:18,259 [pool-261-thread-1] INFO  ratis.ContainerStateMachine (ContainerStateMachine.java:loadSnapshot(226)) - group-35B5EDC4FD5C: The snapshot info is null. Setting the last applied indexto:(t:0, i:~)
2019-09-19 10:29:18,259 [pool-261-thread-1] INFO  server.RaftServerConfigKeys (ConfUtils.java:logGet(43)) - raft.server.leader.election.timeout = 120s (custom)
2019-09-19 10:29:18,259 [pool-261-thread-1] INFO  server.RaftServerConfigKeys (ConfUtils.java:logGet(43)) - raft.server.log.use.memory = false (default)
2019-09-19 10:29:18,259 [pool-261-thread-1] INFO  server.RaftServerConfigKeys (ConfUtils.java:logGet(43)) - raft.server.log.purge.gap = 1000000 (custom)
2019-09-19 10:29:18,259 [pool-261-thread-1] INFO  server.RaftServerConfigKeys (ConfUtils.java:logGet(43)) - raft.server.log.appender.buffer.byte-limit = 33554432 (custom)
2019-09-19 10:29:18,259 [pool-261-thread-1] INFO  server.RaftServerConfigKeys (ConfUtils.java:logGet(43)) - raft.server.log.segment.size.max = 1048576 (custom)
2019-09-19 10:29:18,260 [pool-261-thread-1] INFO  server.RaftServerConfigKeys (ConfUtils.java:logGet(43)) - raft.server.log.segment.cache.num.max = 2 (custom)
2019-09-19 10:29:18,260 [pool-261-thread-1] INFO  segmented.SegmentedRaftLogWorker (SegmentedRaftLogWorker.java:<init>(172)) - new 89ed85b1-8176-4dfc-9ccd-1d09931ed65a-SegmentedRaftLogWorker:Storage Directory /workdir/hadoop-ozone/ozonefs/target/test-dir/MiniOzoneClusterImpl-ad08a619-39fc-4bc9-b221-9d2c6ebabba4/datanode-2/data/ratis/9d812379-36fc-448b-b4d0-35b5edc4fd5c for RaftStorage:Storage Directory /workdir/hadoop-ozone/ozonefs/target/test-dir/MiniOzoneClusterImpl-ad08a619-39fc-4bc9-b221-9d2c6ebabba4/datanode-2/data/ratis/9d812379-36fc-448b-b4d0-35b5edc4fd5c
2019-09-19 10:29:18,260 [pool-261-thread-1] INFO  server.RaftServerConfigKeys (ConfUtils.java:logGet(43)) - raft.server.log.queue.byte-limit = 2147483647 (custom)
2019-09-19 10:29:18,260 [pool-261-thread-1] INFO  server.RaftServerConfigKeys (ConfUtils.java:logGet(43)) - raft.server.log.queue.element-limit = 1024 (custom)
2019-09-19 10:29:18,260 [pool-261-thread-1] INFO  server.RaftServerConfigKeys (ConfUtils.java:logGet(43)) - raft.server.log.segment.size.max = 1048576 (custom)
2019-09-19 10:29:18,260 [pool-261-thread-1] INFO  server.RaftServerConfigKeys (ConfUtils.java:logGet(43)) - raft.server.log.preallocated.size = 16384 (custom)
2019-09-19 10:29:18,260 [pool-261-thread-1] INFO  server.RaftServerConfigKeys (ConfUtils.java:logGet(43)) - raft.server.log.write.buffer.size = 33554432 (custom)
2019-09-19 10:29:18,260 [pool-261-thread-1] INFO  server.RaftServerConfigKeys (ConfUtils.java:logGet(43)) - raft.server.log.force.sync.num = 128 (default)
2019-09-19 10:29:18,260 [pool-261-thread-1] INFO  server.RaftServerConfigKeys (ConfUtils.java:logGet(43)) - raft.server.log.statemachine.data.sync = true (default)
2019-09-19 10:29:18,260 [pool-261-thread-1] INFO  server.RaftServerConfigKeys (ConfUtils.java:logGet(43)) - raft.server.log.statemachine.data.sync.timeout = 10s (default)
2019-09-19 10:29:18,260 [pool-261-thread-1] INFO  server.RaftServerConfigKeys (ConfUtils.java:logGet(43)) - raft.server.log.statemachine.data.sync.timeout.retry = -1 (default)
2019-09-19 10:29:18,260 [pool-261-thread-1] INFO  server.RaftServerConfigKeys (ConfUtils.java:logGet(43)) - raft.server.log.statemachine.data.caching.enabled = true (custom)
2019-09-19 10:29:18,261 [pool-261-thread-1] INFO  segmented.SegmentedRaftLogWorker (SegmentedRaftLogWorker.java:lambda$new$0(132)) - 89ed85b1-8176-4dfc-9ccd-1d09931ed65a-SegmentedRaftLogWorker:Storage Directory /workdir/hadoop-ozone/ozonefs/target/test-dir/MiniOzoneClusterImpl-ad08a619-39fc-4bc9-b221-9d2c6ebabba4/datanode-2/data/ratis/9d812379-36fc-448b-b4d0-35b5edc4fd5c: flushIndex: setUnconditionally 0 -> -1
2019-09-19 10:29:18,261 [pool-261-thread-1] INFO  server.RaftServerConfigKeys (ConfUtils.java:logGet(43)) - raft.server.snapshot.auto.trigger.enabled = true (custom)
2019-09-19 10:29:18,261 [pool-261-thread-1] INFO  server.RaftServerConfigKeys (ConfUtils.java:logGet(43)) - raft.server.snapshot.auto.trigger.threshold = 10000 (custom)
2019-09-19 10:29:18,261 [pool-261-thread-1] INFO  server.RaftServerConfigKeys (ConfUtils.java:logGet(43)) - raft.server.retrycache.expirytime = 600000ms (custom)
2019-09-19 10:29:18,261 [pool-261-thread-1] INFO  impl.RaftServerImpl (RaftServerImpl.java:start(180)) - 89ed85b1-8176-4dfc-9ccd-1d09931ed65a: start group-35B5EDC4FD5C
2019-09-19 10:29:18,261 [pool-261-thread-1] INFO  impl.RaftServerImpl (RaftServerImpl.java:setRole(171)) - 89ed85b1-8176-4dfc-9ccd-1d09931ed65a:group-35B5EDC4FD5C changes role from null to FOLLOWER at term 0 for startAsFollower
2019-09-19 10:29:18,261 [pool-261-thread-1] INFO  impl.RoleInfo (RoleInfo.java:updateAndGet(143)) - 89ed85b1-8176-4dfc-9ccd-1d09931ed65a: start FollowerState
2019-09-19 10:29:18,262 [pool-261-thread-1] INFO  util.JmxRegister (JmxRegister.java:tryRegister(44)) - Successfully registered JMX Bean with object name Ratis:service=RaftServer,group=group-35B5EDC4FD5C,id=89ed85b1-8176-4dfc-9ccd-1d09931ed65a
2019-09-19 10:29:18,264 [RatisPipelineUtilsThread] INFO  pipeline.PipelineStateManager (PipelineStateManager.java:addPipeline(56)) - Created pipeline Pipeline[ Id: 9d812379-36fc-448b-b4d0-35b5edc4fd5c, Nodes: 89ed85b1-8176-4dfc-9ccd-1d09931ed65a{ip: 192.168.157.204, host: pr-hdds-1569-cpgw4-1311585219, networkLocation: /default-rack, certSerialId: null}, Type:RATIS, Factor:ONE, State:OPEN]
2019-09-19 10:29:18,264 [RatisPipelineUtilsThread] ERROR pipeline.PipelinePlacementPolicy (PipelinePlacementPolicy.java:meetCriteria(91)) - Pipeline Placement: Doesn't meet the criteria to be viable node. Heaviness: 6
2019-09-19 10:29:18,264 [RatisPipelineUtilsThread] ERROR pipeline.PipelinePlacementPolicy (PipelinePlacementPolicy.java:meetCriteria(91)) - Pipeline Placement: Doesn't meet the criteria to be viable node. Heaviness: 6
2019-09-19 10:29:18,267 [grpc-default-executor-0] INFO  impl.RaftServerProxy (RaftServerProxy.java:addNew(89)) - 89ed85b1-8176-4dfc-9ccd-1d09931ed65a: addNew group-B64CE79C0201:[89ed85b1-8176-4dfc-9ccd-1d09931ed65a:192.168.157.204:41845] returns group-B64CE79C0201:java.util.concurrent.CompletableFuture@27df6a73[Not completed]
2019-09-19 10:29:18,268 [pool-261-thread-1] INFO  impl.RaftServerImpl (RaftServerImpl.java:<init>(93)) - 89ed85b1-8176-4dfc-9ccd-1d09931ed65a: new RaftServerImpl for group-B64CE79C0201:[89ed85b1-8176-4dfc-9ccd-1d09931ed65a:192.168.157.204:41845] with ContainerStateMachine:uninitialized
2019-09-19 10:29:18,268 [pool-261-thread-1] INFO  server.RaftServerConfigKeys (ConfUtils.java:logGet(43)) - raft.server.rpc.timeout.min = 5s (custom)
2019-09-19 10:29:18,268 [pool-261-thread-1] INFO  server.RaftServerConfigKeys (ConfUtils.java:logGet(43)) - raft.server.rpc.timeout.max = 5200ms (custom)
2019-09-19 10:29:18,268 [pool-261-thread-1] INFO  server.RaftServerConfigKeys (ConfUtils.java:logGet(43)) - raft.server.rpcslowness.timeout = 120s (custom)
2019-09-19 10:29:18,268 [pool-261-thread-1] INFO  server.RaftServerConfigKeys (ConfUtils.java:logGet(43)) - raft.server.sleep.deviation.threshold = 300 (default)
2019-09-19 10:29:18,268 [pool-261-thread-1] INFO  server.RaftServerConfigKeys (ConfUtils.java:logGet(43)) - raft.server.log.appender.install.snapshot.enabled = false (custom)
2019-09-19 10:29:18,269 [pool-261-thread-1] INFO  impl.RaftServerImpl (ServerState.java:<init>(105)) - 89ed85b1-8176-4dfc-9ccd-1d09931ed65a:group-B64CE79C0201 ConfigurationManager, init=-1: [89ed85b1-8176-4dfc-9ccd-1d09931ed65a:192.168.157.204:41845], old=null, confs=<EMPTY_MAP>
2019-09-19 10:29:18,269 [pool-261-thread-1] INFO  server.RaftServerConfigKeys (ConfUtils.java:logGet(43)) - raft.server.storage.dir = [/workdir/hadoop-ozone/ozonefs/target/test-dir/MiniOzoneClusterImpl-ad08a619-39fc-4bc9-b221-9d2c6ebabba4/datanode-2/data/ratis] (custom)
2019-09-19 10:29:18,269 [pool-261-thread-1] INFO  storage.RaftStorageDirectory (RaftStorageDirectory.java:analyzeStorage(246)) - The storage directory /workdir/hadoop-ozone/ozonefs/target/test-dir/MiniOzoneClusterImpl-ad08a619-39fc-4bc9-b221-9d2c6ebabba4/datanode-2/data/ratis/409c8a9c-c80f-485e-98c5-b64ce79c0201 does not exist. Creating ...
2019-09-19 10:29:18,282 [pool-261-thread-1] INFO  storage.RaftStorageDirectory (RaftStorageDirectory.java:tryLock(328)) - Lock on /workdir/hadoop-ozone/ozonefs/target/test-dir/MiniOzoneClusterImpl-ad08a619-39fc-4bc9-b221-9d2c6ebabba4/datanode-2/data/ratis/409c8a9c-c80f-485e-98c5-b64ce79c0201/in_use.lock acquired by nodename 28323@pr-hdds-1569-cpgw4-1311585219
2019-09-19 10:29:18,296 [pool-261-thread-1] INFO  storage.RaftStorage (RaftStorage.java:format(72)) - Storage directory /workdir/hadoop-ozone/ozonefs/target/test-dir/MiniOzoneClusterImpl-ad08a619-39fc-4bc9-b221-9d2c6ebabba4/datanode-2/data/ratis/409c8a9c-c80f-485e-98c5-b64ce79c0201 has been successfully formatted.
2019-09-19 10:29:18,296 [pool-261-thread-1] INFO  ratis.ContainerStateMachine (ContainerStateMachine.java:loadSnapshot(226)) - group-B64CE79C0201: The snapshot info is null. Setting the last applied indexto:(t:0, i:~)
2019-09-19 10:29:18,296 [pool-261-thread-1] INFO  server.RaftServerConfigKeys (ConfUtils.java:logGet(43)) - raft.server.leader.election.timeout = 120s (custom)
2019-09-19 10:29:18,296 [pool-261-thread-1] INFO  server.RaftServerConfigKeys (ConfUtils.java:logGet(43)) - raft.server.log.use.memory = false (default)
2019-09-19 10:29:18,296 [pool-261-thread-1] INFO  server.RaftServerConfigKeys (ConfUtils.java:logGet(43)) - raft.server.log.purge.gap = 1000000 (custom)
2019-09-19 10:29:18,296 [pool-261-thread-1] INFO  server.RaftServerConfigKeys (ConfUtils.java:logGet(43)) - raft.server.log.appender.buffer.byte-limit = 33554432 (custom)
2019-09-19 10:29:18,296 [pool-261-thread-1] INFO  server.RaftServerConfigKeys (ConfUtils.java:logGet(43)) - raft.server.log.segment.size.max = 1048576 (custom)
2019-09-19 10:29:18,297 [pool-261-thread-1] INFO  server.RaftServerConfigKeys (ConfUtils.java:logGet(43)) - raft.server.log.segment.cache.num.max = 2 (custom)
2019-09-19 10:29:18,297 [pool-261-thread-1] INFO  segmented.SegmentedRaftLogWorker (SegmentedRaftLogWorker.java:<init>(172)) - new 89ed85b1-8176-4dfc-9ccd-1d09931ed65a-SegmentedRaftLogWorker:Storage Directory /workdir/hadoop-ozone/ozonefs/target/test-dir/MiniOzoneClusterImpl-ad08a619-39fc-4bc9-b221-9d2c6ebabba4/datanode-2/data/ratis/409c8a9c-c80f-485e-98c5-b64ce79c0201 for RaftStorage:Storage Directory /workdir/hadoop-ozone/ozonefs/target/test-dir/MiniOzoneClusterImpl-ad08a619-39fc-4bc9-b221-9d2c6ebabba4/datanode-2/data/ratis/409c8a9c-c80f-485e-98c5-b64ce79c0201
2019-09-19 10:29:18,297 [pool-261-thread-1] INFO  server.RaftServerConfigKeys (ConfUtils.java:logGet(43)) - raft.server.log.queue.byte-limit = 2147483647 (custom)
2019-09-19 10:29:18,297 [pool-261-thread-1] INFO  server.RaftServerConfigKeys (ConfUtils.java:logGet(43)) - raft.server.log.queue.element-limit = 1024 (custom)
2019-09-19 10:29:18,297 [pool-261-thread-1] INFO  server.RaftServerConfigKeys (ConfUtils.java:logGet(43)) - raft.server.log.segment.size.max = 1048576 (custom)
2019-09-19 10:29:18,297 [pool-261-thread-1] INFO  server.RaftServerConfigKeys (ConfUtils.java:logGet(43)) - raft.server.log.preallocated.size = 16384 (custom)
2019-09-19 10:29:18,298 [pool-261-thread-1] INFO  server.RaftServerConfigKeys (ConfUtils.java:logGet(43)) - raft.server.log.write.buffer.size = 33554432 (custom)
2019-09-19 10:29:18,298 [pool-261-thread-1] INFO  server.RaftServerConfigKeys (ConfUtils.java:logGet(43)) - raft.server.log.force.sync.num = 128 (default)
2019-09-19 10:29:18,298 [pool-261-thread-1] INFO  server.RaftServerConfigKeys (ConfUtils.java:logGet(43)) - raft.server.log.statemachine.data.sync = true (default)
2019-09-19 10:29:18,298 [pool-261-thread-1] INFO  server.RaftServerConfigKeys (ConfUtils.java:logGet(43)) - raft.server.log.statemachine.data.sync.timeout = 10s (default)
2019-09-19 10:29:18,298 [pool-261-thread-1] INFO  server.RaftServerConfigKeys (ConfUtils.java:logGet(43)) - raft.server.log.statemachine.data.sync.timeout.retry = -1 (default)
2019-09-19 10:29:18,298 [pool-261-thread-1] INFO  server.RaftServerConfigKeys (ConfUtils.java:logGet(43)) - raft.server.log.statemachine.data.caching.enabled = true (custom)
2019-09-19 10:29:18,299 [pool-261-thread-1] INFO  segmented.SegmentedRaftLogWorker (SegmentedRaftLogWorker.java:lambda$new$0(132)) - 89ed85b1-8176-4dfc-9ccd-1d09931ed65a-SegmentedRaftLogWorker:Storage Directory /workdir/hadoop-ozone/ozonefs/target/test-dir/MiniOzoneClusterImpl-ad08a619-39fc-4bc9-b221-9d2c6ebabba4/datanode-2/data/ratis/409c8a9c-c80f-485e-98c5-b64ce79c0201: flushIndex: setUnconditionally 0 -> -1
2019-09-19 10:29:18,299 [pool-261-thread-1] INFO  server.RaftServerConfigKeys (ConfUtils.java:logGet(43)) - raft.server.snapshot.auto.trigger.enabled = true (custom)
2019-09-19 10:29:18,299 [pool-261-thread-1] INFO  server.RaftServerConfigKeys (ConfUtils.java:logGet(43)) - raft.server.snapshot.auto.trigger.threshold = 10000 (custom)
2019-09-19 10:29:18,299 [pool-261-thread-1] INFO  server.RaftServerConfigKeys (ConfUtils.java:logGet(43)) - raft.server.retrycache.expirytime = 600000ms (custom)
2019-09-19 10:29:18,299 [pool-261-thread-1] INFO  impl.RaftServerImpl (RaftServerImpl.java:start(180)) - 89ed85b1-8176-4dfc-9ccd-1d09931ed65a: start group-B64CE79C0201
2019-09-19 10:29:18,300 [pool-261-thread-1] INFO  impl.RaftServerImpl (RaftServerImpl.java:setRole(171)) - 89ed85b1-8176-4dfc-9ccd-1d09931ed65a:group-B64CE79C0201 changes role from null to FOLLOWER at term 0 for startAsFollower
2019-09-19 10:29:18,300 [pool-261-thread-1] INFO  impl.RoleInfo (RoleInfo.java:updateAndGet(143)) - 89ed85b1-8176-4dfc-9ccd-1d09931ed65a: start FollowerState
2019-09-19 10:29:18,300 [pool-261-thread-1] INFO  util.JmxRegister (JmxRegister.java:tryRegister(44)) - Successfully registered JMX Bean with object name Ratis:service=RaftServer,group=group-B64CE79C0201,id=89ed85b1-8176-4dfc-9ccd-1d09931ed65a
2019-09-19 10:29:18,302 [RatisPipelineUtilsThread] INFO  pipeline.PipelineStateManager (PipelineStateManager.java:addPipeline(56)) - Created pipeline Pipeline[ Id: 409c8a9c-c80f-485e-98c5-b64ce79c0201, Nodes: 89ed85b1-8176-4dfc-9ccd-1d09931ed65a{ip: 192.168.157.204, host: pr-hdds-1569-cpgw4-1311585219, networkLocation: /default-rack, certSerialId: null}, Type:RATIS, Factor:ONE, State:OPEN]
2019-09-19 10:29:18,302 [RatisPipelineUtilsThread] ERROR pipeline.PipelinePlacementPolicy (PipelinePlacementPolicy.java:meetCriteria(91)) - Pipeline Placement: Doesn't meet the criteria to be viable node. Heaviness: 6
2019-09-19 10:29:18,303 [RatisPipelineUtilsThread] ERROR pipeline.PipelinePlacementPolicy (PipelinePlacementPolicy.java:meetCriteria(91)) - Pipeline Placement: Doesn't meet the criteria to be viable node. Heaviness: 6
2019-09-19 10:29:18,303 [RatisPipelineUtilsThread] ERROR pipeline.PipelinePlacementPolicy (PipelinePlacementPolicy.java:meetCriteria(91)) - Pipeline Placement: Doesn't meet the criteria to be viable node. Heaviness: 6
2019-09-19 10:29:18,303 [RatisPipelineUtilsThread] ERROR pipeline.PipelinePlacementPolicy (PipelinePlacementPolicy.java:filterViableNodes(146)) - Unable to find enough nodes that meet the criteria that cannot engage in more than 5 pipelines. Nodes required: 1 Found: 0, healthy nodes count inNodeManager: 3.
2019-09-19 10:29:18,303 [RatisPipelineUtilsThread] ERROR pipeline.SCMPipelineManager (SCMPipelineManager.java:createPipeline(161)) - Pipeline creation failed due to exception: Unable to find enough nodes that meet the criteria that cannot engage in more than 5 pipelines. Nodes required: 1 Found: 0, healthy nodes count inNodeManager: 3.
2019-09-19 10:29:18,303 [RatisPipelineUtilsThread] ERROR pipeline.PipelinePlacementPolicy (PipelinePlacementPolicy.java:meetCriteria(91)) - Pipeline Placement: Doesn't meet the criteria to be viable node. Heaviness: 6
2019-09-19 10:29:18,303 [RatisPipelineUtilsThread] ERROR pipeline.PipelinePlacementPolicy (PipelinePlacementPolicy.java:meetCriteria(91)) - Pipeline Placement: Doesn't meet the criteria to be viable node. Heaviness: 6
2019-09-19 10:29:18,303 [RatisPipelineUtilsThread] ERROR pipeline.PipelinePlacementPolicy (PipelinePlacementPolicy.java:meetCriteria(91)) - Pipeline Placement: Doesn't meet the criteria to be viable node. Heaviness: 6
2019-09-19 10:29:18,304 [RatisPipelineUtilsThread] ERROR pipeline.PipelinePlacementPolicy (PipelinePlacementPolicy.java:filterViableNodes(146)) - Unable to find enough nodes that meet the criteria that cannot engage in more than 5 pipelines. Nodes required: 3 Found: 0, healthy nodes count inNodeManager: 3.
2019-09-19 10:29:18,304 [RatisPipelineUtilsThread] ERROR pipeline.SCMPipelineManager (SCMPipelineManager.java:createPipeline(161)) - Pipeline creation failed due to exception: Unable to find enough nodes that meet the criteria that cannot engage in more than 5 pipelines. Nodes required: 3 Found: 0, healthy nodes count inNodeManager: 3.
2019-09-19 10:29:19,080 [Thread-1072] INFO  ozone.MiniOzoneClusterImpl (MiniOzoneClusterImpl.java:lambda$waitForClusterToBeReady$0(142)) - Cluster is ready. Got 3 of 3 DN Heartbeats.
2019-09-19 10:29:19,199 | INFO  | OMAudit | user=jenkins1000 | ip=127.0.0.1 | op=CREATE_VOLUME {admin=admin91808, owner=user07079, volume=volume93543, creationTime=1568888959199, quotaInBytes=1152921504606846976} | ret=SUCCESS |  
2019-09-19 10:29:19,205 | INFO  | OMAudit | user=jenkins1000 | ip=127.0.0.1 | op=CREATE_BUCKET {volume=volume93543, bucket=bucket20397, acls=[], isVersionEnabled=false, storageType=DISK, creationTime=0} | ret=SUCCESS |  
2019-09-19 10:29:19,227 | INFO  | OMAudit | user=jenkins1000 | ip=127.0.0.1 | op=READ_VOLUME {volume=volume93543} | ret=SUCCESS |  
2019-09-19 10:29:19,228 | INFO  | OMAudit | user=jenkins1000 | ip=127.0.0.1 | op=READ_BUCKET {volume=volume93543, bucket=bucket20397} | ret=SUCCESS |  
2019-09-19 10:29:19,251 [IPC Server handler 1 on 38732] ERROR pipeline.PipelinePlacementPolicy (PipelinePlacementPolicy.java:meetCriteria(91)) - Pipeline Placement: Doesn't meet the criteria to be viable node. Heaviness: 6
2019-09-19 10:29:19,251 [IPC Server handler 1 on 38732] ERROR pipeline.PipelinePlacementPolicy (PipelinePlacementPolicy.java:meetCriteria(91)) - Pipeline Placement: Doesn't meet the criteria to be viable node. Heaviness: 6
2019-09-19 10:29:19,251 [IPC Server handler 1 on 38732] ERROR pipeline.PipelinePlacementPolicy (PipelinePlacementPolicy.java:meetCriteria(91)) - Pipeline Placement: Doesn't meet the criteria to be viable node. Heaviness: 6
2019-09-19 10:29:19,251 [IPC Server handler 1 on 38732] ERROR pipeline.PipelinePlacementPolicy (PipelinePlacementPolicy.java:filterViableNodes(146)) - Unable to find enough nodes that meet the criteria that cannot engage in more than 5 pipelines. Nodes required: 3 Found: 0, healthy nodes count inNodeManager: 3.
2019-09-19 10:29:19,252 [IPC Server handler 1 on 38732] ERROR pipeline.SCMPipelineManager (SCMPipelineManager.java:createPipeline(161)) - Pipeline creation failed due to exception: Unable to find enough nodes that meet the criteria that cannot engage in more than 5 pipelines. Nodes required: 3 Found: 0, healthy nodes count inNodeManager: 3.
2019-09-19 10:29:19,252 [IPC Server handler 1 on 38732] WARN  block.BlockManagerImpl (BlockManagerImpl.java:allocateBlock(192)) - Pipeline creation failed for type:RATIS factor:THREE. Retrying get pipelines call once.
org.apache.hadoop.hdds.scm.exceptions.SCMException: Unable to find enough nodes that meet the criteria that cannot engage in more than 5 pipelines. Nodes required: 3 Found: 0, healthy nodes count inNodeManager: 3.
	at org.apache.hadoop.hdds.scm.pipeline.PipelinePlacementPolicy.filterViableNodes(PipelinePlacementPolicy.java:147)
	at org.apache.hadoop.hdds.scm.pipeline.PipelinePlacementPolicy.chooseDatanodes(PipelinePlacementPolicy.java:170)
	at org.apache.hadoop.hdds.scm.pipeline.RatisPipelineProvider.create(RatisPipelineProvider.java:92)
	at org.apache.hadoop.hdds.scm.pipeline.PipelineFactory.create(PipelineFactory.java:57)
	at org.apache.hadoop.hdds.scm.pipeline.SCMPipelineManager.createPipeline(SCMPipelineManager.java:149)
	at org.apache.hadoop.hdds.scm.block.BlockManagerImpl.allocateBlock(BlockManagerImpl.java:190)
	at org.apache.hadoop.hdds.scm.server.SCMBlockProtocolServer.allocateBlock(SCMBlockProtocolServer.java:175)
	at org.apache.hadoop.ozone.protocolPB.ScmBlockLocationProtocolServerSideTranslatorPB.allocateScmBlock(ScmBlockLocationProtocolServerSideTranslatorPB.java:153)
	at org.apache.hadoop.ozone.protocolPB.ScmBlockLocationProtocolServerSideTranslatorPB.send(ScmBlockLocationProtocolServerSideTranslatorPB.java:112)
	at org.apache.hadoop.hdds.protocol.proto.ScmBlockLocationProtocolProtos$ScmBlockLocationProtocolService$2.callBlockingMethod(ScmBlockLocationProtocolProtos.java:13157)
	at org.apache.hadoop.ipc.ProtobufRpcEngine$Server$ProtoBufRpcInvoker.call(ProtobufRpcEngine.java:524)
	at org.apache.hadoop.ipc.RPC$Server.call(RPC.java:1025)
	at org.apache.hadoop.ipc.Server$RpcCall.run(Server.java:876)
	at org.apache.hadoop.ipc.Server$RpcCall.run(Server.java:822)
	at java.security.AccessController.doPrivileged(Native Method)
	at javax.security.auth.Subject.doAs(Subject.java:422)
	at org.apache.hadoop.security.UserGroupInformation.doAs(UserGroupInformation.java:1730)
	at org.apache.hadoop.ipc.Server$Handler.run(Server.java:2682)
2019-09-19 10:29:19,252 [IPC Server handler 1 on 38732] INFO  block.BlockManagerImpl (BlockManagerImpl.java:allocateBlock(198)) - Could not find available pipeline of type:RATIS and factor:THREE even after retrying
2019-09-19 10:29:19,252 [IPC Server handler 1 on 38732] ERROR block.BlockManagerImpl (BlockManagerImpl.java:allocateBlock(222)) - Unable to allocate a block for the size: 4194304, type: RATIS, factor: THREE
2019-09-19 10:29:19,253 | INFO  | SCMAudit | user=jenkins1000 | ip=192.168.157.204 | op=ALLOCATE_BLOCK {owner=bdcb3872-b6d6-46df-a378-288d3e64a858, size=4194304, type=RATIS, factor=THREE} | ret=SUCCESS |  
2019-09-19 10:29:19,253 | ERROR | OMAudit | user=jenkins1000 | ip=127.0.0.1 | op=CREATE_FILE {volume=volume93543, bucket=bucket20397, key=testCreateDoesNotAddParentDirKeys/parent/child, dataSize=0, replicationType=RATIS, replicationFactor=THREE, keyLocationInfo=null} | ret=FAILURE | org.apache.hadoop.hdds.scm.exceptions.SCMException: Allocated 0 blocks. Requested 1 blocks
	at org.apache.hadoop.hdds.scm.protocolPB.ScmBlockLocationProtocolClientSideTranslatorPB.handleError(ScmBlockLocationProtocolClientSideTranslatorPB.java:118)
	at org.apache.hadoop.hdds.scm.protocolPB.ScmBlockLocationProtocolClientSideTranslatorPB.allocateBlock(ScmBlockLocationProtocolClientSideTranslatorPB.java:156) 
2019-09-19 10:29:19,255 [Thread-1072] INFO  ozone.MiniOzoneClusterImpl (MiniOzoneClusterImpl.java:shutdown(321)) - Shutting down the Mini Ozone Cluster
2019-09-19 10:29:19,255 | INFO  | SCMAudit | user=null | ip=null | op=GET_SCM_INFO null | ret=SUCCESS |  
2019-09-19 10:29:19,255 [Thread-1072] INFO  ozone.MiniOzoneClusterImpl (MiniOzoneClusterImpl.java:stop(336)) - Stopping the Mini Ozone Cluster
2019-09-19 10:29:19,256 [Thread-1072] INFO  ozone.MiniOzoneClusterImpl (MiniOzoneClusterImpl.java:stop(338)) - Stopping the OzoneManager
2019-09-19 10:29:19,256 [Thread-1072] INFO  ipc.Server (Server.java:stop(3082)) - Stopping server on 44328
2019-09-19 10:29:19,259 [IPC Server listener on 44328] INFO  ipc.Server (Server.java:run(1185)) - Stopping IPC Server listener on 44328
2019-09-19 10:29:19,261 [Thread-1072] INFO  ratis.OzoneManagerDoubleBuffer (OzoneManagerDoubleBuffer.java:stop(248)) - Stopping OMDoubleBuffer flush thread
2019-09-19 10:29:19,262 [OMDoubleBufferFlushThread] INFO  ratis.OzoneManagerDoubleBuffer (OzoneManagerDoubleBuffer.java:flushTransactions(191)) - OMDoubleBuffer flush thread OMDoubleBufferFlushThread is interrupted and will exit. OMDoubleBufferFlushThread
2019-09-19 10:29:19,262 [IPC Server Responder] INFO  ipc.Server (Server.java:run(1319)) - Stopping IPC Server Responder
2019-09-19 10:29:19,264 [Thread-1072] INFO  utils.BackgroundService (BackgroundService.java:shutdown(148)) - Shutting down service KeyDeletingService
2019-09-19 10:29:19,265 [Thread-1072] INFO  handler.ContextHandler (ContextHandler.java:doStop(910)) - Stopped o.e.j.w.WebAppContext@59239aee{/,null,UNAVAILABLE}{/ozoneManager}
2019-09-19 10:29:19,265 [Thread-1072] INFO  server.AbstractConnector (AbstractConnector.java:doStop(318)) - Stopped ServerConnector@7a38649b{HTTP/1.1,[http/1.1]}{0.0.0.0:0}
2019-09-19 10:29:19,266 [Thread-1072] INFO  handler.ContextHandler (ContextHandler.java:doStop(910)) - Stopped o.e.j.s.ServletContextHandler@62b2c94f{/static,jar:file:/home/user/.m2/repository/org/apache/hadoop/hadoop-ozone-ozone-manager/0.5.0-SNAPSHOT/hadoop-ozone-ozone-manager-0.5.0-SNAPSHOT.jar!/webapps/static,UNAVAILABLE}
2019-09-19 10:29:19,266 [Thread-1072] INFO  handler.ContextHandler (ContextHandler.java:doStop(910)) - Stopped o.e.j.s.ServletContextHandler@6e81c9f8{/logs,file:///workdir/hadoop-ozone/ozonefs/target/log,UNAVAILABLE}
2019-09-19 10:29:19,267 [Thread-1072] INFO  ozone.MiniOzoneClusterImpl (MiniOzoneClusterImpl.java:stop(344)) - Shutting the HddsDatanodes
2019-09-19 10:29:19,267 [Thread-1072] INFO  datanode.ObjectStoreHandler (ObjectStoreHandler.java:close(155)) - Closing ObjectStoreHandler.
2019-09-19 10:29:19,268 [ForkJoinPool.commonPool-worker-1] INFO  datanode.ObjectStoreHandler (ObjectStoreHandler.java:close(155)) - Closing ObjectStoreHandler.
2019-09-19 10:29:19,268 [Thread-1072] INFO  ozone.HddsDatanodeService (HddsDatanodeService.java:stop(451)) - Stopped plug-in org.apache.hadoop.ozone.web.OzoneHddsDatanodeService@30786dff
2019-09-19 10:29:19,268 [ForkJoinPool.commonPool-worker-1] INFO  ozone.HddsDatanodeService (HddsDatanodeService.java:stop(451)) - Stopped plug-in org.apache.hadoop.ozone.web.OzoneHddsDatanodeService@5921110e
2019-09-19 10:29:19,720 [Datanode State Machine Thread - 0] INFO  statemachine.DatanodeStateMachine (DatanodeStateMachine.java:lambda$startDaemon$0(350)) - Ozone container server started.
2019-09-19 10:29:19,910 [Datanode State Machine Thread - 0] INFO  statemachine.DatanodeStateMachine (DatanodeStateMachine.java:lambda$startDaemon$0(350)) - Ozone container server started.
2019-09-19 10:29:20,082 | INFO  | SCMAudit | user=jenkins1000 | ip=192.168.157.204 | op=SEND_HEARTBEAT {datanodeUUID=89ed85b1-8176-4dfc-9ccd-1d09931ed65a, command=[]} | ret=SUCCESS |  
2019-09-19 10:29:20,729 [Thread-1244] INFO  container.ReplicationManager (ReplicationManager.java:start(151)) - Starting Replication Monitor Thread.
2019-09-19 10:29:20,732 [ReplicationMonitor] INFO  container.ReplicationManager (ReplicationManager.java:run(214)) - Replication Monitor Thread took 0 milliseconds for processing 0 containers.
2019-09-19 10:29:21,082 | INFO  | SCMAudit | user=jenkins1000 | ip=192.168.157.204 | op=SEND_HEARTBEAT {datanodeUUID=89ed85b1-8176-4dfc-9ccd-1d09931ed65a, command=[]} | ret=SUCCESS |  
2019-09-19 10:29:22,082 | INFO  | SCMAudit | user=jenkins1000 | ip=192.168.157.204 | op=SEND_HEARTBEAT {datanodeUUID=89ed85b1-8176-4dfc-9ccd-1d09931ed65a, command=[]} | ret=SUCCESS |  
2019-09-19 10:29:22,808 [Thread-1246] INFO  impl.FollowerState (FollowerState.java:run(106)) - 6a95ede2-7a61-476d-865e-bbd6dad7bd6d:group-4B782F2AE591 changes to CANDIDATE, lastRpcTime:5020, electionTimeout:5020ms
2019-09-19 10:29:22,808 [Thread-1246] INFO  impl.RoleInfo (RoleInfo.java:shutdownFollowerState(121)) - 6a95ede2-7a61-476d-865e-bbd6dad7bd6d: shutdown FollowerState
2019-09-19 10:29:22,808 [Thread-1246] INFO  impl.RaftServerImpl (RaftServerImpl.java:setRole(171)) - 6a95ede2-7a61-476d-865e-bbd6dad7bd6d:group-4B782F2AE591 changes role from FOLLOWER to CANDIDATE at term 0 for changeToCandidate
2019-09-19 10:29:22,808 [Thread-1246] INFO  impl.RoleInfo (RoleInfo.java:updateAndGet(143)) - 6a95ede2-7a61-476d-865e-bbd6dad7bd6d: start LeaderElection
2019-09-19 10:29:22,838 [Thread-1249] INFO  impl.FollowerState (FollowerState.java:run(106)) - 6a95ede2-7a61-476d-865e-bbd6dad7bd6d:group-90B254DFCD1D changes to CANDIDATE, lastRpcTime:5010, electionTimeout:5010ms
2019-09-19 10:29:22,838 [Thread-1249] INFO  impl.RoleInfo (RoleInfo.java:shutdownFollowerState(121)) - 6a95ede2-7a61-476d-865e-bbd6dad7bd6d: shutdown FollowerState
2019-09-19 10:29:22,838 [Thread-1249] INFO  impl.RaftServerImpl (RaftServerImpl.java:setRole(171)) - 6a95ede2-7a61-476d-865e-bbd6dad7bd6d:group-90B254DFCD1D changes role from FOLLOWER to CANDIDATE at term 0 for changeToCandidate
2019-09-19 10:29:22,838 [Thread-1249] INFO  impl.RoleInfo (RoleInfo.java:updateAndGet(143)) - 6a95ede2-7a61-476d-865e-bbd6dad7bd6d: start LeaderElection
2019-09-19 10:29:22,884 [6a95ede2-7a61-476d-865e-bbd6dad7bd6d:group-90B254DFCD1D:LeaderElection74] INFO  impl.LeaderElection (LeaderElection.java:askForVotes(181)) - 6a95ede2-7a61-476d-865e-bbd6dad7bd6d:group-90B254DFCD1D:LeaderElection74: begin an election at term 1 for -1: [6a95ede2-7a61-476d-865e-bbd6dad7bd6d:192.168.157.204:32777], old=null
2019-09-19 10:29:22,884 [6a95ede2-7a61-476d-865e-bbd6dad7bd6d:group-4B782F2AE591:LeaderElection73] INFO  impl.LeaderElection (LeaderElection.java:askForVotes(181)) - 6a95ede2-7a61-476d-865e-bbd6dad7bd6d:group-4B782F2AE591:LeaderElection73: begin an election at term 1 for -1: [6a95ede2-7a61-476d-865e-bbd6dad7bd6d:192.168.157.204:32777], old=null
2019-09-19 10:29:22,885 [6a95ede2-7a61-476d-865e-bbd6dad7bd6d:group-90B254DFCD1D:LeaderElection74] INFO  impl.RoleInfo (RoleInfo.java:shutdownLeaderElection(134)) - 6a95ede2-7a61-476d-865e-bbd6dad7bd6d: shutdown LeaderElection
2019-09-19 10:29:22,885 [6a95ede2-7a61-476d-865e-bbd6dad7bd6d:group-4B782F2AE591:LeaderElection73] INFO  impl.RoleInfo (RoleInfo.java:shutdownLeaderElection(134)) - 6a95ede2-7a61-476d-865e-bbd6dad7bd6d: shutdown LeaderElection
2019-09-19 10:29:22,885 [6a95ede2-7a61-476d-865e-bbd6dad7bd6d:group-90B254DFCD1D:LeaderElection74] INFO  impl.RaftServerImpl (RaftServerImpl.java:setRole(171)) - 6a95ede2-7a61-476d-865e-bbd6dad7bd6d:group-90B254DFCD1D changes role from CANDIDATE to LEADER at term 1 for changeToLeader
2019-09-19 10:29:22,885 [6a95ede2-7a61-476d-865e-bbd6dad7bd6d:group-4B782F2AE591:LeaderElection73] INFO  impl.RaftServerImpl (RaftServerImpl.java:setRole(171)) - 6a95ede2-7a61-476d-865e-bbd6dad7bd6d:group-4B782F2AE591 changes role from CANDIDATE to LEADER at term 1 for changeToLeader
2019-09-19 10:29:22,885 [6a95ede2-7a61-476d-865e-bbd6dad7bd6d:group-90B254DFCD1D:LeaderElection74] INFO  impl.RaftServerImpl (ServerState.java:setLeader(263)) - 6a95ede2-7a61-476d-865e-bbd6dad7bd6d:group-90B254DFCD1D change Leader from null to 6a95ede2-7a61-476d-865e-bbd6dad7bd6d at term 1 for becomeLeader, leader elected after 5061ms
2019-09-19 10:29:22,885 [6a95ede2-7a61-476d-865e-bbd6dad7bd6d:group-4B782F2AE591:LeaderElection73] INFO  impl.RaftServerImpl (ServerState.java:setLeader(263)) - 6a95ede2-7a61-476d-865e-bbd6dad7bd6d:group-4B782F2AE591 change Leader from null to 6a95ede2-7a61-476d-865e-bbd6dad7bd6d at term 1 for becomeLeader, leader elected after 5100ms
2019-09-19 10:29:22,885 [6a95ede2-7a61-476d-865e-bbd6dad7bd6d:group-90B254DFCD1D:LeaderElection74] INFO  server.RaftServerConfigKeys (ConfUtils.java:logGet(43)) - raft.server.staging.catchup.gap = 1000 (default)
2019-09-19 10:29:22,885 [6a95ede2-7a61-476d-865e-bbd6dad7bd6d:group-4B782F2AE591:LeaderElection73] INFO  server.RaftServerConfigKeys (ConfUtils.java:logGet(43)) - raft.server.staging.catchup.gap = 1000 (default)
2019-09-19 10:29:22,885 [6a95ede2-7a61-476d-865e-bbd6dad7bd6d:group-90B254DFCD1D:LeaderElection74] INFO  server.RaftServerConfigKeys (ConfUtils.java:logGet(43)) - raft.server.rpc.sleep.time = 25ms (default)
2019-09-19 10:29:22,886 [6a95ede2-7a61-476d-865e-bbd6dad7bd6d:group-4B782F2AE591:LeaderElection73] INFO  server.RaftServerConfigKeys (ConfUtils.java:logGet(43)) - raft.server.rpc.sleep.time = 25ms (default)
2019-09-19 10:29:22,886 [6a95ede2-7a61-476d-865e-bbd6dad7bd6d:group-90B254DFCD1D:LeaderElection74] INFO  server.RaftServerConfigKeys (ConfUtils.java:logGet(43)) - raft.server.write.element-limit = 4096 (default)
2019-09-19 10:29:22,886 [6a95ede2-7a61-476d-865e-bbd6dad7bd6d:group-4B782F2AE591:LeaderElection73] INFO  server.RaftServerConfigKeys (ConfUtils.java:logGet(43)) - raft.server.write.element-limit = 4096 (default)
2019-09-19 10:29:22,886 [6a95ede2-7a61-476d-865e-bbd6dad7bd6d:group-90B254DFCD1D:LeaderElection74] INFO  server.RaftServerConfigKeys (ConfUtils.java:logGet(43)) - raft.server.watch.timeout = 10s (default)
2019-09-19 10:29:22,886 [6a95ede2-7a61-476d-865e-bbd6dad7bd6d:group-4B782F2AE591:LeaderElection73] INFO  server.RaftServerConfigKeys (ConfUtils.java:logGet(43)) - raft.server.watch.timeout = 10s (default)
2019-09-19 10:29:22,886 [6a95ede2-7a61-476d-865e-bbd6dad7bd6d:group-90B254DFCD1D:LeaderElection74] INFO  server.RaftServerConfigKeys (ConfUtils.java:logGet(43)) - raft.server.watch.timeout.denomination = 1s (default)
2019-09-19 10:29:22,886 [6a95ede2-7a61-476d-865e-bbd6dad7bd6d:group-4B782F2AE591:LeaderElection73] INFO  server.RaftServerConfigKeys (ConfUtils.java:logGet(43)) - raft.server.watch.timeout.denomination = 1s (default)
2019-09-19 10:29:22,886 [6a95ede2-7a61-476d-865e-bbd6dad7bd6d:group-90B254DFCD1D:LeaderElection74] INFO  server.RaftServerConfigKeys (ConfUtils.java:logGet(43)) - raft.server.watch.element-limit = 65536 (default)
2019-09-19 10:29:22,886 [6a95ede2-7a61-476d-865e-bbd6dad7bd6d:group-4B782F2AE591:LeaderElection73] INFO  server.RaftServerConfigKeys (ConfUtils.java:logGet(43)) - raft.server.watch.element-limit = 65536 (default)
2019-09-19 10:29:22,887 [6a95ede2-7a61-476d-865e-bbd6dad7bd6d:group-90B254DFCD1D:LeaderElection74] INFO  impl.RoleInfo (RoleInfo.java:updateAndGet(143)) - 6a95ede2-7a61-476d-865e-bbd6dad7bd6d: start LeaderState
2019-09-19 10:29:22,887 [6a95ede2-7a61-476d-865e-bbd6dad7bd6d:group-4B782F2AE591:LeaderElection73] INFO  impl.RoleInfo (RoleInfo.java:updateAndGet(143)) - 6a95ede2-7a61-476d-865e-bbd6dad7bd6d: start LeaderState
2019-09-19 10:29:22,887 [6a95ede2-7a61-476d-865e-bbd6dad7bd6d:group-4B782F2AE591:LeaderElection73] INFO  segmented.SegmentedRaftLogWorker (SegmentedRaftLogWorker.java:startLogSegment(380)) - 6a95ede2-7a61-476d-865e-bbd6dad7bd6d-SegmentedRaftLogWorker:Storage Directory /workdir/hadoop-ozone/ozonefs/target/test-dir/MiniOzoneClusterImpl-ad08a619-39fc-4bc9-b221-9d2c6ebabba4/datanode-0/data/ratis/7332fb2b-7d56-496d-a198-4b782f2ae591: Starting segment from index:0
2019-09-19 10:29:22,887 [6a95ede2-7a61-476d-865e-bbd6dad7bd6d:group-90B254DFCD1D:LeaderElection74] INFO  segmented.SegmentedRaftLogWorker (SegmentedRaftLogWorker.java:startLogSegment(380)) - 6a95ede2-7a61-476d-865e-bbd6dad7bd6d-SegmentedRaftLogWorker:Storage Directory /workdir/hadoop-ozone/ozonefs/target/test-dir/MiniOzoneClusterImpl-ad08a619-39fc-4bc9-b221-9d2c6ebabba4/datanode-0/data/ratis/4aa91f24-743e-4213-a047-90b254dfcd1d: Starting segment from index:0
2019-09-19 10:29:22,887 [6a95ede2-7a61-476d-865e-bbd6dad7bd6d:group-4B782F2AE591:LeaderElection73] INFO  impl.RaftServerImpl (ServerState.java:setRaftConf(361)) - 6a95ede2-7a61-476d-865e-bbd6dad7bd6d:group-4B782F2AE591 set configuration 0: [6a95ede2-7a61-476d-865e-bbd6dad7bd6d:192.168.157.204:32777], old=null at 0
2019-09-19 10:29:22,888 [6a95ede2-7a61-476d-865e-bbd6dad7bd6d:group-90B254DFCD1D:LeaderElection74] INFO  impl.RaftServerImpl (ServerState.java:setRaftConf(361)) - 6a95ede2-7a61-476d-865e-bbd6dad7bd6d:group-90B254DFCD1D set configuration 0: [6a95ede2-7a61-476d-865e-bbd6dad7bd6d:192.168.157.204:32777], old=null at 0
2019-09-19 10:29:22,907 [Thread-1261] INFO  impl.FollowerState (FollowerState.java:run(106)) - 6a95ede2-7a61-476d-865e-bbd6dad7bd6d:group-B32A61E6453E changes to CANDIDATE, lastRpcTime:5006, electionTimeout:5006ms
2019-09-19 10:29:22,907 [Thread-1261] INFO  impl.RoleInfo (RoleInfo.java:shutdownFollowerState(121)) - 6a95ede2-7a61-476d-865e-bbd6dad7bd6d: shutdown FollowerState
2019-09-19 10:29:22,908 [Thread-1261] INFO  impl.RaftServerImpl (RaftServerImpl.java:setRole(171)) - 6a95ede2-7a61-476d-865e-bbd6dad7bd6d:group-B32A61E6453E changes role from FOLLOWER to CANDIDATE at term 0 for changeToCandidate
2019-09-19 10:29:22,908 [Thread-1261] INFO  impl.RoleInfo (RoleInfo.java:updateAndGet(143)) - 6a95ede2-7a61-476d-865e-bbd6dad7bd6d: start LeaderElection
2019-09-19 10:29:22,915 [6a95ede2-7a61-476d-865e-bbd6dad7bd6d-SegmentedRaftLogWorker:Storage Directory /workdir/hadoop-ozone/ozonefs/target/test-dir/MiniOzoneClusterImpl-ad08a619-39fc-4bc9-b221-9d2c6ebabba4/datanode-0/data/ratis/7332fb2b-7d56-496d-a198-4b782f2ae591] INFO  segmented.SegmentedRaftLogWorker (SegmentedRaftLogWorker.java:execute(569)) - 6a95ede2-7a61-476d-865e-bbd6dad7bd6d-SegmentedRaftLogWorker:Storage Directory /workdir/hadoop-ozone/ozonefs/target/test-dir/MiniOzoneClusterImpl-ad08a619-39fc-4bc9-b221-9d2c6ebabba4/datanode-0/data/ratis/7332fb2b-7d56-496d-a198-4b782f2ae591: created new log segment /workdir/hadoop-ozone/ozonefs/target/test-dir/MiniOzoneClusterImpl-ad08a619-39fc-4bc9-b221-9d2c6ebabba4/datanode-0/data/ratis/7332fb2b-7d56-496d-a198-4b782f2ae591/current/log_inprogress_0
2019-09-19 10:29:22,915 [6a95ede2-7a61-476d-865e-bbd6dad7bd6d:group-B32A61E6453E:LeaderElection75] INFO  impl.LeaderElection (LeaderElection.java:askForVotes(181)) - 6a95ede2-7a61-476d-865e-bbd6dad7bd6d:group-B32A61E6453E:LeaderElection75: begin an election at term 1 for -1: [6a95ede2-7a61-476d-865e-bbd6dad7bd6d:192.168.157.204:32777], old=null
2019-09-19 10:29:22,915 [6a95ede2-7a61-476d-865e-bbd6dad7bd6d:group-B32A61E6453E:LeaderElection75] INFO  impl.RoleInfo (RoleInfo.java:shutdownLeaderElection(134)) - 6a95ede2-7a61-476d-865e-bbd6dad7bd6d: shutdown LeaderElection
2019-09-19 10:29:22,915 [6a95ede2-7a61-476d-865e-bbd6dad7bd6d:group-B32A61E6453E:LeaderElection75] INFO  impl.RaftServerImpl (RaftServerImpl.java:setRole(171)) - 6a95ede2-7a61-476d-865e-bbd6dad7bd6d:group-B32A61E6453E changes role from CANDIDATE to LEADER at term 1 for changeToLeader
2019-09-19 10:29:22,915 [6a95ede2-7a61-476d-865e-bbd6dad7bd6d:group-B32A61E6453E:LeaderElection75] INFO  impl.RaftServerImpl (ServerState.java:setLeader(263)) - 6a95ede2-7a61-476d-865e-bbd6dad7bd6d:group-B32A61E6453E change Leader from null to 6a95ede2-7a61-476d-865e-bbd6dad7bd6d at term 1 for becomeLeader, leader elected after 5016ms
2019-09-19 10:29:22,916 [6a95ede2-7a61-476d-865e-bbd6dad7bd6d:group-B32A61E6453E:LeaderElection75] INFO  server.RaftServerConfigKeys (ConfUtils.java:logGet(43)) - raft.server.staging.catchup.gap = 1000 (default)
2019-09-19 10:29:22,916 [6a95ede2-7a61-476d-865e-bbd6dad7bd6d:group-B32A61E6453E:LeaderElection75] INFO  server.RaftServerConfigKeys (ConfUtils.java:logGet(43)) - raft.server.rpc.sleep.time = 25ms (default)
2019-09-19 10:29:22,916 [6a95ede2-7a61-476d-865e-bbd6dad7bd6d:group-B32A61E6453E:LeaderElection75] INFO  server.RaftServerConfigKeys (ConfUtils.java:logGet(43)) - raft.server.write.element-limit = 4096 (default)
2019-09-19 10:29:22,916 [6a95ede2-7a61-476d-865e-bbd6dad7bd6d:group-B32A61E6453E:LeaderElection75] INFO  server.RaftServerConfigKeys (ConfUtils.java:logGet(43)) - raft.server.watch.timeout = 10s (default)
2019-09-19 10:29:22,916 [6a95ede2-7a61-476d-865e-bbd6dad7bd6d:group-B32A61E6453E:LeaderElection75] INFO  server.RaftServerConfigKeys (ConfUtils.java:logGet(43)) - raft.server.watch.timeout.denomination = 1s (default)
2019-09-19 10:29:22,916 [6a95ede2-7a61-476d-865e-bbd6dad7bd6d:group-B32A61E6453E:LeaderElection75] INFO  server.RaftServerConfigKeys (ConfUtils.java:logGet(43)) - raft.server.watch.element-limit = 65536 (default)
2019-09-19 10:29:22,916 [6a95ede2-7a61-476d-865e-bbd6dad7bd6d:group-B32A61E6453E:LeaderElection75] INFO  impl.RoleInfo (RoleInfo.java:updateAndGet(143)) - 6a95ede2-7a61-476d-865e-bbd6dad7bd6d: start LeaderState
2019-09-19 10:29:22,916 [6a95ede2-7a61-476d-865e-bbd6dad7bd6d-SegmentedRaftLogWorker:Storage Directory /workdir/hadoop-ozone/ozonefs/target/test-dir/MiniOzoneClusterImpl-ad08a619-39fc-4bc9-b221-9d2c6ebabba4/datanode-0/data/ratis/4aa91f24-743e-4213-a047-90b254dfcd1d] INFO  segmented.SegmentedRaftLogWorker (SegmentedRaftLogWorker.java:execute(569)) - 6a95ede2-7a61-476d-865e-bbd6dad7bd6d-SegmentedRaftLogWorker:Storage Directory /workdir/hadoop-ozone/ozonefs/target/test-dir/MiniOzoneClusterImpl-ad08a619-39fc-4bc9-b221-9d2c6ebabba4/datanode-0/data/ratis/4aa91f24-743e-4213-a047-90b254dfcd1d: created new log segment /workdir/hadoop-ozone/ozonefs/target/test-dir/MiniOzoneClusterImpl-ad08a619-39fc-4bc9-b221-9d2c6ebabba4/datanode-0/data/ratis/4aa91f24-743e-4213-a047-90b254dfcd1d/current/log_inprogress_0
2019-09-19 10:29:22,916 [6a95ede2-7a61-476d-865e-bbd6dad7bd6d:group-B32A61E6453E:LeaderElection75] INFO  segmented.SegmentedRaftLogWorker (SegmentedRaftLogWorker.java:startLogSegment(380)) - 6a95ede2-7a61-476d-865e-bbd6dad7bd6d-SegmentedRaftLogWorker:Storage Directory /workdir/hadoop-ozone/ozonefs/target/test-dir/MiniOzoneClusterImpl-ad08a619-39fc-4bc9-b221-9d2c6ebabba4/datanode-0/data/ratis/b06e8456-0dff-4fa3-9caa-b32a61e6453e: Starting segment from index:0
2019-09-19 10:29:22,917 [6a95ede2-7a61-476d-865e-bbd6dad7bd6d:group-B32A61E6453E:LeaderElection75] INFO  impl.RaftServerImpl (ServerState.java:setRaftConf(361)) - 6a95ede2-7a61-476d-865e-bbd6dad7bd6d:group-B32A61E6453E set configuration 0: [6a95ede2-7a61-476d-865e-bbd6dad7bd6d:192.168.157.204:32777], old=null at 0
2019-09-19 10:29:22,955 [6a95ede2-7a61-476d-865e-bbd6dad7bd6d-SegmentedRaftLogWorker:Storage Directory /workdir/hadoop-ozone/ozonefs/target/test-dir/MiniOzoneClusterImpl-ad08a619-39fc-4bc9-b221-9d2c6ebabba4/datanode-0/data/ratis/b06e8456-0dff-4fa3-9caa-b32a61e6453e] INFO  segmented.SegmentedRaftLogWorker (SegmentedRaftLogWorker.java:execute(569)) - 6a95ede2-7a61-476d-865e-bbd6dad7bd6d-SegmentedRaftLogWorker:Storage Directory /workdir/hadoop-ozone/ozonefs/target/test-dir/MiniOzoneClusterImpl-ad08a619-39fc-4bc9-b221-9d2c6ebabba4/datanode-0/data/ratis/b06e8456-0dff-4fa3-9caa-b32a61e6453e: created new log segment /workdir/hadoop-ozone/ozonefs/target/test-dir/MiniOzoneClusterImpl-ad08a619-39fc-4bc9-b221-9d2c6ebabba4/datanode-0/data/ratis/b06e8456-0dff-4fa3-9caa-b32a61e6453e/current/log_inprogress_0
2019-09-19 10:29:22,958 [Thread-1255] INFO  impl.FollowerState (FollowerState.java:run(106)) - 6a95ede2-7a61-476d-865e-bbd6dad7bd6d:group-AA6FE60E57A1 changes to CANDIDATE, lastRpcTime:5089, electionTimeout:5089ms
2019-09-19 10:29:22,959 [Thread-1255] INFO  impl.RoleInfo (RoleInfo.java:shutdownFollowerState(121)) - 6a95ede2-7a61-476d-865e-bbd6dad7bd6d: shutdown FollowerState
2019-09-19 10:29:22,959 [Thread-1255] INFO  impl.RaftServerImpl (RaftServerImpl.java:setRole(171)) - 6a95ede2-7a61-476d-865e-bbd6dad7bd6d:group-AA6FE60E57A1 changes role from FOLLOWER to CANDIDATE at term 0 for changeToCandidate
2019-09-19 10:29:22,959 [Thread-1255] INFO  impl.RoleInfo (RoleInfo.java:updateAndGet(143)) - 6a95ede2-7a61-476d-865e-bbd6dad7bd6d: start LeaderElection
2019-09-19 10:29:22,972 [6a95ede2-7a61-476d-865e-bbd6dad7bd6d:group-AA6FE60E57A1:LeaderElection76] INFO  impl.LeaderElection (LeaderElection.java:askForVotes(181)) - 6a95ede2-7a61-476d-865e-bbd6dad7bd6d:group-AA6FE60E57A1:LeaderElection76: begin an election at term 1 for -1: [6a95ede2-7a61-476d-865e-bbd6dad7bd6d:192.168.157.204:32777], old=null
2019-09-19 10:29:22,972 [6a95ede2-7a61-476d-865e-bbd6dad7bd6d:group-AA6FE60E57A1:LeaderElection76] INFO  impl.RoleInfo (RoleInfo.java:shutdownLeaderElection(134)) - 6a95ede2-7a61-476d-865e-bbd6dad7bd6d: shutdown LeaderElection
2019-09-19 10:29:22,972 [6a95ede2-7a61-476d-865e-bbd6dad7bd6d:group-AA6FE60E57A1:LeaderElection76] INFO  impl.RaftServerImpl (RaftServerImpl.java:setRole(171)) - 6a95ede2-7a61-476d-865e-bbd6dad7bd6d:group-AA6FE60E57A1 changes role from CANDIDATE to LEADER at term 1 for changeToLeader
2019-09-19 10:29:22,972 [6a95ede2-7a61-476d-865e-bbd6dad7bd6d:group-AA6FE60E57A1:LeaderElection76] INFO  impl.RaftServerImpl (ServerState.java:setLeader(263)) - 6a95ede2-7a61-476d-865e-bbd6dad7bd6d:group-AA6FE60E57A1 change Leader from null to 6a95ede2-7a61-476d-865e-bbd6dad7bd6d at term 1 for becomeLeader, leader elected after 5106ms
2019-09-19 10:29:22,972 [6a95ede2-7a61-476d-865e-bbd6dad7bd6d:group-AA6FE60E57A1:LeaderElection76] INFO  server.RaftServerConfigKeys (ConfUtils.java:logGet(43)) - raft.server.staging.catchup.gap = 1000 (default)
2019-09-19 10:29:22,972 [6a95ede2-7a61-476d-865e-bbd6dad7bd6d:group-AA6FE60E57A1:LeaderElection76] INFO  server.RaftServerConfigKeys (ConfUtils.java:logGet(43)) - raft.server.rpc.sleep.time = 25ms (default)
2019-09-19 10:29:22,972 [6a95ede2-7a61-476d-865e-bbd6dad7bd6d:group-AA6FE60E57A1:LeaderElection76] INFO  server.RaftServerConfigKeys (ConfUtils.java:logGet(43)) - raft.server.write.element-limit = 4096 (default)
2019-09-19 10:29:22,972 [6a95ede2-7a61-476d-865e-bbd6dad7bd6d:group-AA6FE60E57A1:LeaderElection76] INFO  server.RaftServerConfigKeys (ConfUtils.java:logGet(43)) - raft.server.watch.timeout = 10s (default)
2019-09-19 10:29:22,973 [6a95ede2-7a61-476d-865e-bbd6dad7bd6d:group-AA6FE60E57A1:LeaderElection76] INFO  server.RaftServerConfigKeys (ConfUtils.java:logGet(43)) - raft.server.watch.timeout.denomination = 1s (default)
2019-09-19 10:29:22,973 [6a95ede2-7a61-476d-865e-bbd6dad7bd6d:group-AA6FE60E57A1:LeaderElection76] INFO  server.RaftServerConfigKeys (ConfUtils.java:logGet(43)) - raft.server.watch.element-limit = 65536 (default)
2019-09-19 10:29:22,973 [6a95ede2-7a61-476d-865e-bbd6dad7bd6d:group-AA6FE60E57A1:LeaderElection76] INFO  impl.RoleInfo (RoleInfo.java:updateAndGet(143)) - 6a95ede2-7a61-476d-865e-bbd6dad7bd6d: start LeaderState
2019-09-19 10:29:22,973 [6a95ede2-7a61-476d-865e-bbd6dad7bd6d:group-AA6FE60E57A1:LeaderElection76] INFO  segmented.SegmentedRaftLogWorker (SegmentedRaftLogWorker.java:startLogSegment(380)) - 6a95ede2-7a61-476d-865e-bbd6dad7bd6d-SegmentedRaftLogWorker:Storage Directory /workdir/hadoop-ozone/ozonefs/target/test-dir/MiniOzoneClusterImpl-ad08a619-39fc-4bc9-b221-9d2c6ebabba4/datanode-0/data/ratis/d1c21e08-868c-44cc-8767-aa6fe60e57a1: Starting segment from index:0
2019-09-19 10:29:22,973 [6a95ede2-7a61-476d-865e-bbd6dad7bd6d:group-AA6FE60E57A1:LeaderElection76] INFO  impl.RaftServerImpl (ServerState.java:setRaftConf(361)) - 6a95ede2-7a61-476d-865e-bbd6dad7bd6d:group-AA6FE60E57A1 set configuration 0: [6a95ede2-7a61-476d-865e-bbd6dad7bd6d:192.168.157.204:32777], old=null at 0
2019-09-19 10:29:23,009 [Thread-1258] INFO  impl.FollowerState (FollowerState.java:run(106)) - 6a95ede2-7a61-476d-865e-bbd6dad7bd6d:group-7C3ECD07EA8A changes to CANDIDATE, lastRpcTime:5121, electionTimeout:5121ms
2019-09-19 10:29:23,009 [Thread-1258] INFO  impl.RoleInfo (RoleInfo.java:shutdownFollowerState(121)) - 6a95ede2-7a61-476d-865e-bbd6dad7bd6d: shutdown FollowerState
2019-09-19 10:29:23,009 [Thread-1258] INFO  impl.RaftServerImpl (RaftServerImpl.java:setRole(171)) - 6a95ede2-7a61-476d-865e-bbd6dad7bd6d:group-7C3ECD07EA8A changes role from FOLLOWER to CANDIDATE at term 0 for changeToCandidate
2019-09-19 10:29:23,009 [Thread-1258] INFO  impl.RoleInfo (RoleInfo.java:updateAndGet(143)) - 6a95ede2-7a61-476d-865e-bbd6dad7bd6d: start LeaderElection
2019-09-19 10:29:23,010 [Thread-1267] INFO  impl.FollowerState (FollowerState.java:run(106)) - 2dc4f242-a089-4bf0-b8a0-2b386513388d:group-782735B1AE85 changes to CANDIDATE, lastRpcTime:5066, electionTimeout:5066ms
2019-09-19 10:29:23,010 [Thread-1267] INFO  impl.RoleInfo (RoleInfo.java:shutdownFollowerState(121)) - 2dc4f242-a089-4bf0-b8a0-2b386513388d: shutdown FollowerState
2019-09-19 10:29:23,010 [Thread-1267] INFO  impl.RaftServerImpl (RaftServerImpl.java:setRole(171)) - 2dc4f242-a089-4bf0-b8a0-2b386513388d:group-782735B1AE85 changes role from FOLLOWER to CANDIDATE at term 0 for changeToCandidate
2019-09-19 10:29:23,010 [Thread-1267] INFO  impl.RoleInfo (RoleInfo.java:updateAndGet(143)) - 2dc4f242-a089-4bf0-b8a0-2b386513388d: start LeaderElection
2019-09-19 10:29:23,033 [6a95ede2-7a61-476d-865e-bbd6dad7bd6d-SegmentedRaftLogWorker:Storage Directory /workdir/hadoop-ozone/ozonefs/target/test-dir/MiniOzoneClusterImpl-ad08a619-39fc-4bc9-b221-9d2c6ebabba4/datanode-0/data/ratis/d1c21e08-868c-44cc-8767-aa6fe60e57a1] INFO  segmented.SegmentedRaftLogWorker (SegmentedRaftLogWorker.java:execute(569)) - 6a95ede2-7a61-476d-865e-bbd6dad7bd6d-SegmentedRaftLogWorker:Storage Directory /workdir/hadoop-ozone/ozonefs/target/test-dir/MiniOzoneClusterImpl-ad08a619-39fc-4bc9-b221-9d2c6ebabba4/datanode-0/data/ratis/d1c21e08-868c-44cc-8767-aa6fe60e57a1: created new log segment /workdir/hadoop-ozone/ozonefs/target/test-dir/MiniOzoneClusterImpl-ad08a619-39fc-4bc9-b221-9d2c6ebabba4/datanode-0/data/ratis/d1c21e08-868c-44cc-8767-aa6fe60e57a1/current/log_inprogress_0
2019-09-19 10:29:23,033 [2dc4f242-a089-4bf0-b8a0-2b386513388d:group-782735B1AE85:LeaderElection78] INFO  impl.LeaderElection (LeaderElection.java:askForVotes(181)) - 2dc4f242-a089-4bf0-b8a0-2b386513388d:group-782735B1AE85:LeaderElection78: begin an election at term 1 for -1: [2dc4f242-a089-4bf0-b8a0-2b386513388d:192.168.157.204:33647], old=null
2019-09-19 10:29:23,033 [6a95ede2-7a61-476d-865e-bbd6dad7bd6d:group-7C3ECD07EA8A:LeaderElection77] INFO  impl.LeaderElection (LeaderElection.java:askForVotes(181)) - 6a95ede2-7a61-476d-865e-bbd6dad7bd6d:group-7C3ECD07EA8A:LeaderElection77: begin an election at term 1 for -1: [6a95ede2-7a61-476d-865e-bbd6dad7bd6d:192.168.157.204:32777], old=null
2019-09-19 10:29:23,033 [2dc4f242-a089-4bf0-b8a0-2b386513388d:group-782735B1AE85:LeaderElection78] INFO  impl.RoleInfo (RoleInfo.java:shutdownLeaderElection(134)) - 2dc4f242-a089-4bf0-b8a0-2b386513388d: shutdown LeaderElection
2019-09-19 10:29:23,033 [6a95ede2-7a61-476d-865e-bbd6dad7bd6d:group-7C3ECD07EA8A:LeaderElection77] INFO  impl.RoleInfo (RoleInfo.java:shutdownLeaderElection(134)) - 6a95ede2-7a61-476d-865e-bbd6dad7bd6d: shutdown LeaderElection
2019-09-19 10:29:23,033 [2dc4f242-a089-4bf0-b8a0-2b386513388d:group-782735B1AE85:LeaderElection78] INFO  impl.RaftServerImpl (RaftServerImpl.java:setRole(171)) - 2dc4f242-a089-4bf0-b8a0-2b386513388d:group-782735B1AE85 changes role from CANDIDATE to LEADER at term 1 for changeToLeader
2019-09-19 10:29:23,033 [6a95ede2-7a61-476d-865e-bbd6dad7bd6d:group-7C3ECD07EA8A:LeaderElection77] INFO  impl.RaftServerImpl (RaftServerImpl.java:setRole(171)) - 6a95ede2-7a61-476d-865e-bbd6dad7bd6d:group-7C3ECD07EA8A changes role from CANDIDATE to LEADER at term 1 for changeToLeader
2019-09-19 10:29:23,033 [2dc4f242-a089-4bf0-b8a0-2b386513388d:group-782735B1AE85:LeaderElection78] INFO  impl.RaftServerImpl (ServerState.java:setLeader(263)) - 2dc4f242-a089-4bf0-b8a0-2b386513388d:group-782735B1AE85 change Leader from null to 2dc4f242-a089-4bf0-b8a0-2b386513388d at term 1 for becomeLeader, leader elected after 5092ms
2019-09-19 10:29:23,033 [6a95ede2-7a61-476d-865e-bbd6dad7bd6d:group-7C3ECD07EA8A:LeaderElection77] INFO  impl.RaftServerImpl (ServerState.java:setLeader(263)) - 6a95ede2-7a61-476d-865e-bbd6dad7bd6d:group-7C3ECD07EA8A change Leader from null to 6a95ede2-7a61-476d-865e-bbd6dad7bd6d at term 1 for becomeLeader, leader elected after 5147ms
2019-09-19 10:29:23,033 [2dc4f242-a089-4bf0-b8a0-2b386513388d:group-782735B1AE85:LeaderElection78] INFO  server.RaftServerConfigKeys (ConfUtils.java:logGet(43)) - raft.server.staging.catchup.gap = 1000 (default)
2019-09-19 10:29:23,033 [6a95ede2-7a61-476d-865e-bbd6dad7bd6d:group-7C3ECD07EA8A:LeaderElection77] INFO  server.RaftServerConfigKeys (ConfUtils.java:logGet(43)) - raft.server.staging.catchup.gap = 1000 (default)
2019-09-19 10:29:23,034 [2dc4f242-a089-4bf0-b8a0-2b386513388d:group-782735B1AE85:LeaderElection78] INFO  server.RaftServerConfigKeys (ConfUtils.java:logGet(43)) - raft.server.rpc.sleep.time = 25ms (default)
2019-09-19 10:29:23,034 [6a95ede2-7a61-476d-865e-bbd6dad7bd6d:group-7C3ECD07EA8A:LeaderElection77] INFO  server.RaftServerConfigKeys (ConfUtils.java:logGet(43)) - raft.server.rpc.sleep.time = 25ms (default)
2019-09-19 10:29:23,034 [2dc4f242-a089-4bf0-b8a0-2b386513388d:group-782735B1AE85:LeaderElection78] INFO  server.RaftServerConfigKeys (ConfUtils.java:logGet(43)) - raft.server.write.element-limit = 4096 (default)
2019-09-19 10:29:23,034 [6a95ede2-7a61-476d-865e-bbd6dad7bd6d:group-7C3ECD07EA8A:LeaderElection77] INFO  server.RaftServerConfigKeys (ConfUtils.java:logGet(43)) - raft.server.write.element-limit = 4096 (default)
2019-09-19 10:29:23,034 [2dc4f242-a089-4bf0-b8a0-2b386513388d:group-782735B1AE85:LeaderElection78] INFO  server.RaftServerConfigKeys (ConfUtils.java:logGet(43)) - raft.server.watch.timeout = 10s (default)
2019-09-19 10:29:23,034 [6a95ede2-7a61-476d-865e-bbd6dad7bd6d:group-7C3ECD07EA8A:LeaderElection77] INFO  server.RaftServerConfigKeys (ConfUtils.java:logGet(43)) - raft.server.watch.timeout = 10s (default)
2019-09-19 10:29:23,034 [2dc4f242-a089-4bf0-b8a0-2b386513388d:group-782735B1AE85:LeaderElection78] INFO  server.RaftServerConfigKeys (ConfUtils.java:logGet(43)) - raft.server.watch.timeout.denomination = 1s (default)
2019-09-19 10:29:23,034 [6a95ede2-7a61-476d-865e-bbd6dad7bd6d:group-7C3ECD07EA8A:LeaderElection77] INFO  server.RaftServerConfigKeys (ConfUtils.java:logGet(43)) - raft.server.watch.timeout.denomination = 1s (default)
2019-09-19 10:29:23,034 [2dc4f242-a089-4bf0-b8a0-2b386513388d:group-782735B1AE85:LeaderElection78] INFO  server.RaftServerConfigKeys (ConfUtils.java:logGet(43)) - raft.server.watch.element-limit = 65536 (default)
2019-09-19 10:29:23,034 [6a95ede2-7a61-476d-865e-bbd6dad7bd6d:group-7C3ECD07EA8A:LeaderElection77] INFO  server.RaftServerConfigKeys (ConfUtils.java:logGet(43)) - raft.server.watch.element-limit = 65536 (default)
2019-09-19 10:29:23,034 [Thread-1252] INFO  impl.FollowerState (FollowerState.java:run(106)) - 6a95ede2-7a61-476d-865e-bbd6dad7bd6d:group-B4EF01BE7CA7 changes to CANDIDATE, lastRpcTime:5181, electionTimeout:5181ms
2019-09-19 10:29:23,034 [6a95ede2-7a61-476d-865e-bbd6dad7bd6d:group-7C3ECD07EA8A:LeaderElection77] INFO  impl.RoleInfo (RoleInfo.java:updateAndGet(143)) - 6a95ede2-7a61-476d-865e-bbd6dad7bd6d: start LeaderState
2019-09-19 10:29:23,034 [2dc4f242-a089-4bf0-b8a0-2b386513388d:group-782735B1AE85:LeaderElection78] INFO  impl.RoleInfo (RoleInfo.java:updateAndGet(143)) - 2dc4f242-a089-4bf0-b8a0-2b386513388d: start LeaderState
2019-09-19 10:29:23,034 [Thread-1252] INFO  impl.RoleInfo (RoleInfo.java:shutdownFollowerState(121)) - 6a95ede2-7a61-476d-865e-bbd6dad7bd6d: shutdown FollowerState
2019-09-19 10:29:23,035 [2dc4f242-a089-4bf0-b8a0-2b386513388d:group-782735B1AE85:LeaderElection78] INFO  segmented.SegmentedRaftLogWorker (SegmentedRaftLogWorker.java:startLogSegment(380)) - 2dc4f242-a089-4bf0-b8a0-2b386513388d-SegmentedRaftLogWorker:Storage Directory /workdir/hadoop-ozone/ozonefs/target/test-dir/MiniOzoneClusterImpl-ad08a619-39fc-4bc9-b221-9d2c6ebabba4/datanode-1/data/ratis/5726e142-ec71-40f9-b1a7-782735b1ae85: Starting segment from index:0
2019-09-19 10:29:23,035 [6a95ede2-7a61-476d-865e-bbd6dad7bd6d:group-7C3ECD07EA8A:LeaderElection77] INFO  segmented.SegmentedRaftLogWorker (SegmentedRaftLogWorker.java:startLogSegment(380)) - 6a95ede2-7a61-476d-865e-bbd6dad7bd6d-SegmentedRaftLogWorker:Storage Directory /workdir/hadoop-ozone/ozonefs/target/test-dir/MiniOzoneClusterImpl-ad08a619-39fc-4bc9-b221-9d2c6ebabba4/datanode-0/data/ratis/2482a164-078e-48a6-afea-7c3ecd07ea8a: Starting segment from index:0
2019-09-19 10:29:23,035 [Thread-1252] INFO  impl.RaftServerImpl (RaftServerImpl.java:setRole(171)) - 6a95ede2-7a61-476d-865e-bbd6dad7bd6d:group-B4EF01BE7CA7 changes role from FOLLOWER to CANDIDATE at term 0 for changeToCandidate
2019-09-19 10:29:23,035 [2dc4f242-a089-4bf0-b8a0-2b386513388d:group-782735B1AE85:LeaderElection78] INFO  impl.RaftServerImpl (ServerState.java:setRaftConf(361)) - 2dc4f242-a089-4bf0-b8a0-2b386513388d:group-782735B1AE85 set configuration 0: [2dc4f242-a089-4bf0-b8a0-2b386513388d:192.168.157.204:33647], old=null at 0
2019-09-19 10:29:23,035 [Thread-1252] INFO  impl.RoleInfo (RoleInfo.java:updateAndGet(143)) - 6a95ede2-7a61-476d-865e-bbd6dad7bd6d: start LeaderElection
2019-09-19 10:29:23,035 [6a95ede2-7a61-476d-865e-bbd6dad7bd6d:group-7C3ECD07EA8A:LeaderElection77] INFO  impl.RaftServerImpl (ServerState.java:setRaftConf(361)) - 6a95ede2-7a61-476d-865e-bbd6dad7bd6d:group-7C3ECD07EA8A set configuration 0: [6a95ede2-7a61-476d-865e-bbd6dad7bd6d:192.168.157.204:32777], old=null at 0
2019-09-19 10:29:23,049 [6a95ede2-7a61-476d-865e-bbd6dad7bd6d:group-B4EF01BE7CA7:LeaderElection79] INFO  impl.LeaderElection (LeaderElection.java:askForVotes(181)) - 6a95ede2-7a61-476d-865e-bbd6dad7bd6d:group-B4EF01BE7CA7:LeaderElection79: begin an election at term 1 for -1: [6a95ede2-7a61-476d-865e-bbd6dad7bd6d:192.168.157.204:32777], old=null
2019-09-19 10:29:23,049 [6a95ede2-7a61-476d-865e-bbd6dad7bd6d:group-B4EF01BE7CA7:LeaderElection79] INFO  impl.RoleInfo (RoleInfo.java:shutdownLeaderElection(134)) - 6a95ede2-7a61-476d-865e-bbd6dad7bd6d: shutdown LeaderElection
2019-09-19 10:29:23,049 [6a95ede2-7a61-476d-865e-bbd6dad7bd6d:group-B4EF01BE7CA7:LeaderElection79] INFO  impl.RaftServerImpl (RaftServerImpl.java:setRole(171)) - 6a95ede2-7a61-476d-865e-bbd6dad7bd6d:group-B4EF01BE7CA7 changes role from CANDIDATE to LEADER at term 1 for changeToLeader
2019-09-19 10:29:23,049 [6a95ede2-7a61-476d-865e-bbd6dad7bd6d:group-B4EF01BE7CA7:LeaderElection79] INFO  impl.RaftServerImpl (ServerState.java:setLeader(263)) - 6a95ede2-7a61-476d-865e-bbd6dad7bd6d:group-B4EF01BE7CA7 change Leader from null to 6a95ede2-7a61-476d-865e-bbd6dad7bd6d at term 1 for becomeLeader, leader elected after 5198ms
2019-09-19 10:29:23,049 [6a95ede2-7a61-476d-865e-bbd6dad7bd6d:group-B4EF01BE7CA7:LeaderElection79] INFO  server.RaftServerConfigKeys (ConfUtils.java:logGet(43)) - raft.server.staging.catchup.gap = 1000 (default)
2019-09-19 10:29:23,049 [6a95ede2-7a61-476d-865e-bbd6dad7bd6d:group-B4EF01BE7CA7:LeaderElection79] INFO  server.RaftServerConfigKeys (ConfUtils.java:logGet(43)) - raft.server.rpc.sleep.time = 25ms (default)
2019-09-19 10:29:23,049 [6a95ede2-7a61-476d-865e-bbd6dad7bd6d:group-B4EF01BE7CA7:LeaderElection79] INFO  server.RaftServerConfigKeys (ConfUtils.java:logGet(43)) - raft.server.write.element-limit = 4096 (default)
2019-09-19 10:29:23,050 [6a95ede2-7a61-476d-865e-bbd6dad7bd6d:group-B4EF01BE7CA7:LeaderElection79] INFO  server.RaftServerConfigKeys (ConfUtils.java:logGet(43)) - raft.server.watch.timeout = 10s (default)
2019-09-19 10:29:23,050 [6a95ede2-7a61-476d-865e-bbd6dad7bd6d:group-B4EF01BE7CA7:LeaderElection79] INFO  server.RaftServerConfigKeys (ConfUtils.java:logGet(43)) - raft.server.watch.timeout.denomination = 1s (default)
2019-09-19 10:29:23,050 [6a95ede2-7a61-476d-865e-bbd6dad7bd6d:group-B4EF01BE7CA7:LeaderElection79] INFO  server.RaftServerConfigKeys (ConfUtils.java:logGet(43)) - raft.server.watch.element-limit = 65536 (default)
2019-09-19 10:29:23,050 [6a95ede2-7a61-476d-865e-bbd6dad7bd6d:group-B4EF01BE7CA7:LeaderElection79] INFO  impl.RoleInfo (RoleInfo.java:updateAndGet(143)) - 6a95ede2-7a61-476d-865e-bbd6dad7bd6d: start LeaderState
2019-09-19 10:29:23,050 [6a95ede2-7a61-476d-865e-bbd6dad7bd6d:group-B4EF01BE7CA7:LeaderElection79] INFO  segmented.SegmentedRaftLogWorker (SegmentedRaftLogWorker.java:startLogSegment(380)) - 6a95ede2-7a61-476d-865e-bbd6dad7bd6d-SegmentedRaftLogWorker:Storage Directory /workdir/hadoop-ozone/ozonefs/target/test-dir/MiniOzoneClusterImpl-ad08a619-39fc-4bc9-b221-9d2c6ebabba4/datanode-0/data/ratis/4b20fc24-80ac-4346-bbc5-b4ef01be7ca7: Starting segment from index:0
2019-09-19 10:29:23,051 [6a95ede2-7a61-476d-865e-bbd6dad7bd6d:group-B4EF01BE7CA7:LeaderElection79] INFO  impl.RaftServerImpl (ServerState.java:setRaftConf(361)) - 6a95ede2-7a61-476d-865e-bbd6dad7bd6d:group-B4EF01BE7CA7 set configuration 0: [6a95ede2-7a61-476d-865e-bbd6dad7bd6d:192.168.157.204:32777], old=null at 0
2019-09-19 10:29:23,060 [Thread-1264] INFO  impl.FollowerState (FollowerState.java:run(106)) - 2dc4f242-a089-4bf0-b8a0-2b386513388d:group-882757155166 changes to CANDIDATE, lastRpcTime:5134, electionTimeout:5134ms
2019-09-19 10:29:23,060 [Thread-1264] INFO  impl.RoleInfo (RoleInfo.java:shutdownFollowerState(121)) - 2dc4f242-a089-4bf0-b8a0-2b386513388d: shutdown FollowerState
2019-09-19 10:29:23,060 [Thread-1264] INFO  impl.RaftServerImpl (RaftServerImpl.java:setRole(171)) - 2dc4f242-a089-4bf0-b8a0-2b386513388d:group-882757155166 changes role from FOLLOWER to CANDIDATE at term 0 for changeToCandidate
2019-09-19 10:29:23,060 [Thread-1264] INFO  impl.RoleInfo (RoleInfo.java:updateAndGet(143)) - 2dc4f242-a089-4bf0-b8a0-2b386513388d: start LeaderElection
2019-09-19 10:29:23,068 [Thread-1270] INFO  impl.FollowerState (FollowerState.java:run(106)) - 2dc4f242-a089-4bf0-b8a0-2b386513388d:group-5E9B26ADBBAA changes to CANDIDATE, lastRpcTime:5110, electionTimeout:5110ms
2019-09-19 10:29:23,068 [Thread-1270] INFO  impl.RoleInfo (RoleInfo.java:shutdownFollowerState(121)) - 2dc4f242-a089-4bf0-b8a0-2b386513388d: shutdown FollowerState
2019-09-19 10:29:23,068 [Thread-1270] INFO  impl.RaftServerImpl (RaftServerImpl.java:setRole(171)) - 2dc4f242-a089-4bf0-b8a0-2b386513388d:group-5E9B26ADBBAA changes role from FOLLOWER to CANDIDATE at term 0 for changeToCandidate
2019-09-19 10:29:23,069 [Thread-1270] INFO  impl.RoleInfo (RoleInfo.java:updateAndGet(143)) - 2dc4f242-a089-4bf0-b8a0-2b386513388d: start LeaderElection
2019-09-19 10:29:23,082 | INFO  | SCMAudit | user=jenkins1000 | ip=192.168.157.204 | op=SEND_HEARTBEAT {datanodeUUID=89ed85b1-8176-4dfc-9ccd-1d09931ed65a, command=[]} | ret=SUCCESS |  
2019-09-19 10:29:23,086 [6a95ede2-7a61-476d-865e-bbd6dad7bd6d-SegmentedRaftLogWorker:Storage Directory /workdir/hadoop-ozone/ozonefs/target/test-dir/MiniOzoneClusterImpl-ad08a619-39fc-4bc9-b221-9d2c6ebabba4/datanode-0/data/ratis/2482a164-078e-48a6-afea-7c3ecd07ea8a] INFO  segmented.SegmentedRaftLogWorker (SegmentedRaftLogWorker.java:execute(569)) - 6a95ede2-7a61-476d-865e-bbd6dad7bd6d-SegmentedRaftLogWorker:Storage Directory /workdir/hadoop-ozone/ozonefs/target/test-dir/MiniOzoneClusterImpl-ad08a619-39fc-4bc9-b221-9d2c6ebabba4/datanode-0/data/ratis/2482a164-078e-48a6-afea-7c3ecd07ea8a: created new log segment /workdir/hadoop-ozone/ozonefs/target/test-dir/MiniOzoneClusterImpl-ad08a619-39fc-4bc9-b221-9d2c6ebabba4/datanode-0/data/ratis/2482a164-078e-48a6-afea-7c3ecd07ea8a/current/log_inprogress_0
2019-09-19 10:29:23,086 [2dc4f242-a089-4bf0-b8a0-2b386513388d-SegmentedRaftLogWorker:Storage Directory /workdir/hadoop-ozone/ozonefs/target/test-dir/MiniOzoneClusterImpl-ad08a619-39fc-4bc9-b221-9d2c6ebabba4/datanode-1/data/ratis/5726e142-ec71-40f9-b1a7-782735b1ae85] INFO  segmented.SegmentedRaftLogWorker (SegmentedRaftLogWorker.java:execute(569)) - 2dc4f242-a089-4bf0-b8a0-2b386513388d-SegmentedRaftLogWorker:Storage Directory /workdir/hadoop-ozone/ozonefs/target/test-dir/MiniOzoneClusterImpl-ad08a619-39fc-4bc9-b221-9d2c6ebabba4/datanode-1/data/ratis/5726e142-ec71-40f9-b1a7-782735b1ae85: created new log segment /workdir/hadoop-ozone/ozonefs/target/test-dir/MiniOzoneClusterImpl-ad08a619-39fc-4bc9-b221-9d2c6ebabba4/datanode-1/data/ratis/5726e142-ec71-40f9-b1a7-782735b1ae85/current/log_inprogress_0
2019-09-19 10:29:23,087 [2dc4f242-a089-4bf0-b8a0-2b386513388d:group-5E9B26ADBBAA:LeaderElection81] INFO  impl.LeaderElection (LeaderElection.java:askForVotes(181)) - 2dc4f242-a089-4bf0-b8a0-2b386513388d:group-5E9B26ADBBAA:LeaderElection81: begin an election at term 1 for -1: [2dc4f242-a089-4bf0-b8a0-2b386513388d:192.168.157.204:33647], old=null
2019-09-19 10:29:23,087 [2dc4f242-a089-4bf0-b8a0-2b386513388d:group-882757155166:LeaderElection80] INFO  impl.LeaderElection (LeaderElection.java:askForVotes(181)) - 2dc4f242-a089-4bf0-b8a0-2b386513388d:group-882757155166:LeaderElection80: begin an election at term 1 for -1: [2dc4f242-a089-4bf0-b8a0-2b386513388d:192.168.157.204:33647], old=null
2019-09-19 10:29:23,087 [2dc4f242-a089-4bf0-b8a0-2b386513388d:group-5E9B26ADBBAA:LeaderElection81] INFO  impl.RoleInfo (RoleInfo.java:shutdownLeaderElection(134)) - 2dc4f242-a089-4bf0-b8a0-2b386513388d: shutdown LeaderElection
2019-09-19 10:29:23,087 [2dc4f242-a089-4bf0-b8a0-2b386513388d:group-882757155166:LeaderElection80] INFO  impl.RoleInfo (RoleInfo.java:shutdownLeaderElection(134)) - 2dc4f242-a089-4bf0-b8a0-2b386513388d: shutdown LeaderElection
2019-09-19 10:29:23,087 [2dc4f242-a089-4bf0-b8a0-2b386513388d:group-5E9B26ADBBAA:LeaderElection81] INFO  impl.RaftServerImpl (RaftServerImpl.java:setRole(171)) - 2dc4f242-a089-4bf0-b8a0-2b386513388d:group-5E9B26ADBBAA changes role from CANDIDATE to LEADER at term 1 for changeToLeader
2019-09-19 10:29:23,087 [2dc4f242-a089-4bf0-b8a0-2b386513388d:group-882757155166:LeaderElection80] INFO  impl.RaftServerImpl (RaftServerImpl.java:setRole(171)) - 2dc4f242-a089-4bf0-b8a0-2b386513388d:group-882757155166 changes role from CANDIDATE to LEADER at term 1 for changeToLeader
2019-09-19 10:29:23,087 [2dc4f242-a089-4bf0-b8a0-2b386513388d:group-5E9B26ADBBAA:LeaderElection81] INFO  impl.RaftServerImpl (ServerState.java:setLeader(263)) - 2dc4f242-a089-4bf0-b8a0-2b386513388d:group-5E9B26ADBBAA change Leader from null to 2dc4f242-a089-4bf0-b8a0-2b386513388d at term 1 for becomeLeader, leader elected after 5132ms
2019-09-19 10:29:23,087 [2dc4f242-a089-4bf0-b8a0-2b386513388d:group-882757155166:LeaderElection80] INFO  impl.RaftServerImpl (ServerState.java:setLeader(263)) - 2dc4f242-a089-4bf0-b8a0-2b386513388d:group-882757155166 change Leader from null to 2dc4f242-a089-4bf0-b8a0-2b386513388d at term 1 for becomeLeader, leader elected after 5163ms
2019-09-19 10:29:23,087 [2dc4f242-a089-4bf0-b8a0-2b386513388d:group-5E9B26ADBBAA:LeaderElection81] INFO  server.RaftServerConfigKeys (ConfUtils.java:logGet(43)) - raft.server.staging.catchup.gap = 1000 (default)
2019-09-19 10:29:23,088 [2dc4f242-a089-4bf0-b8a0-2b386513388d:group-882757155166:LeaderElection80] INFO  server.RaftServerConfigKeys (ConfUtils.java:logGet(43)) - raft.server.staging.catchup.gap = 1000 (default)
2019-09-19 10:29:23,088 [6a95ede2-7a61-476d-865e-bbd6dad7bd6d-SegmentedRaftLogWorker:Storage Directory /workdir/hadoop-ozone/ozonefs/target/test-dir/MiniOzoneClusterImpl-ad08a619-39fc-4bc9-b221-9d2c6ebabba4/datanode-0/data/ratis/4b20fc24-80ac-4346-bbc5-b4ef01be7ca7] INFO  segmented.SegmentedRaftLogWorker (SegmentedRaftLogWorker.java:execute(569)) - 6a95ede2-7a61-476d-865e-bbd6dad7bd6d-SegmentedRaftLogWorker:Storage Directory /workdir/hadoop-ozone/ozonefs/target/test-dir/MiniOzoneClusterImpl-ad08a619-39fc-4bc9-b221-9d2c6ebabba4/datanode-0/data/ratis/4b20fc24-80ac-4346-bbc5-b4ef01be7ca7: created new log segment /workdir/hadoop-ozone/ozonefs/target/test-dir/MiniOzoneClusterImpl-ad08a619-39fc-4bc9-b221-9d2c6ebabba4/datanode-0/data/ratis/4b20fc24-80ac-4346-bbc5-b4ef01be7ca7/current/log_inprogress_0
2019-09-19 10:29:23,088 [2dc4f242-a089-4bf0-b8a0-2b386513388d:group-5E9B26ADBBAA:LeaderElection81] INFO  server.RaftServerConfigKeys (ConfUtils.java:logGet(43)) - raft.server.rpc.sleep.time = 25ms (default)
2019-09-19 10:29:23,088 [2dc4f242-a089-4bf0-b8a0-2b386513388d:group-882757155166:LeaderElection80] INFO  server.RaftServerConfigKeys (ConfUtils.java:logGet(43)) - raft.server.rpc.sleep.time = 25ms (default)
2019-09-19 10:29:23,088 [2dc4f242-a089-4bf0-b8a0-2b386513388d:group-5E9B26ADBBAA:LeaderElection81] INFO  server.RaftServerConfigKeys (ConfUtils.java:logGet(43)) - raft.server.write.element-limit = 4096 (default)
2019-09-19 10:29:23,088 [2dc4f242-a089-4bf0-b8a0-2b386513388d:group-882757155166:LeaderElection80] INFO  server.RaftServerConfigKeys (ConfUtils.java:logGet(43)) - raft.server.write.element-limit = 4096 (default)
2019-09-19 10:29:23,088 [2dc4f242-a089-4bf0-b8a0-2b386513388d:group-5E9B26ADBBAA:LeaderElection81] INFO  server.RaftServerConfigKeys (ConfUtils.java:logGet(43)) - raft.server.watch.timeout = 10s (default)
2019-09-19 10:29:23,089 [2dc4f242-a089-4bf0-b8a0-2b386513388d:group-882757155166:LeaderElection80] INFO  server.RaftServerConfigKeys (ConfUtils.java:logGet(43)) - raft.server.watch.timeout = 10s (default)
2019-09-19 10:29:23,089 [2dc4f242-a089-4bf0-b8a0-2b386513388d:group-5E9B26ADBBAA:LeaderElection81] INFO  server.RaftServerConfigKeys (ConfUtils.java:logGet(43)) - raft.server.watch.timeout.denomination = 1s (default)
2019-09-19 10:29:23,089 [2dc4f242-a089-4bf0-b8a0-2b386513388d:group-882757155166:LeaderElection80] INFO  server.RaftServerConfigKeys (ConfUtils.java:logGet(43)) - raft.server.watch.timeout.denomination = 1s (default)
2019-09-19 10:29:23,089 [2dc4f242-a089-4bf0-b8a0-2b386513388d:group-5E9B26ADBBAA:LeaderElection81] INFO  server.RaftServerConfigKeys (ConfUtils.java:logGet(43)) - raft.server.watch.element-limit = 65536 (default)
2019-09-19 10:29:23,089 [2dc4f242-a089-4bf0-b8a0-2b386513388d:group-882757155166:LeaderElection80] INFO  server.RaftServerConfigKeys (ConfUtils.java:logGet(43)) - raft.server.watch.element-limit = 65536 (default)
2019-09-19 10:29:23,089 [2dc4f242-a089-4bf0-b8a0-2b386513388d:group-5E9B26ADBBAA:LeaderElection81] INFO  impl.RoleInfo (RoleInfo.java:updateAndGet(143)) - 2dc4f242-a089-4bf0-b8a0-2b386513388d: start LeaderState
2019-09-19 10:29:23,089 [2dc4f242-a089-4bf0-b8a0-2b386513388d:group-882757155166:LeaderElection80] INFO  impl.RoleInfo (RoleInfo.java:updateAndGet(143)) - 2dc4f242-a089-4bf0-b8a0-2b386513388d: start LeaderState
2019-09-19 10:29:23,089 [2dc4f242-a089-4bf0-b8a0-2b386513388d:group-5E9B26ADBBAA:LeaderElection81] INFO  segmented.SegmentedRaftLogWorker (SegmentedRaftLogWorker.java:startLogSegment(380)) - 2dc4f242-a089-4bf0-b8a0-2b386513388d-SegmentedRaftLogWorker:Storage Directory /workdir/hadoop-ozone/ozonefs/target/test-dir/MiniOzoneClusterImpl-ad08a619-39fc-4bc9-b221-9d2c6ebabba4/datanode-1/data/ratis/4d5f9fc5-a3e1-40d9-9b3c-5e9b26adbbaa: Starting segment from index:0
2019-09-19 10:29:23,089 [2dc4f242-a089-4bf0-b8a0-2b386513388d:group-882757155166:LeaderElection80] INFO  segmented.SegmentedRaftLogWorker (SegmentedRaftLogWorker.java:startLogSegment(380)) - 2dc4f242-a089-4bf0-b8a0-2b386513388d-SegmentedRaftLogWorker:Storage Directory /workdir/hadoop-ozone/ozonefs/target/test-dir/MiniOzoneClusterImpl-ad08a619-39fc-4bc9-b221-9d2c6ebabba4/datanode-1/data/ratis/d8b977d9-598a-4642-9a58-882757155166: Starting segment from index:0
2019-09-19 10:29:23,090 [2dc4f242-a089-4bf0-b8a0-2b386513388d:group-5E9B26ADBBAA:LeaderElection81] INFO  impl.RaftServerImpl (ServerState.java:setRaftConf(361)) - 2dc4f242-a089-4bf0-b8a0-2b386513388d:group-5E9B26ADBBAA set configuration 0: [2dc4f242-a089-4bf0-b8a0-2b386513388d:192.168.157.204:33647], old=null at 0
2019-09-19 10:29:23,090 [2dc4f242-a089-4bf0-b8a0-2b386513388d:group-882757155166:LeaderElection80] INFO  impl.RaftServerImpl (ServerState.java:setRaftConf(361)) - 2dc4f242-a089-4bf0-b8a0-2b386513388d:group-882757155166 set configuration 0: [2dc4f242-a089-4bf0-b8a0-2b386513388d:192.168.157.204:33647], old=null at 0
2019-09-19 10:29:23,104 [Thread-1273] INFO  impl.FollowerState (FollowerState.java:run(106)) - 2dc4f242-a089-4bf0-b8a0-2b386513388d:group-8C31F5095C8E changes to CANDIDATE, lastRpcTime:5113, electionTimeout:5113ms
2019-09-19 10:29:23,104 [Thread-1273] INFO  impl.RoleInfo (RoleInfo.java:shutdownFollowerState(121)) - 2dc4f242-a089-4bf0-b8a0-2b386513388d: shutdown FollowerState
2019-09-19 10:29:23,104 [Thread-1273] INFO  impl.RaftServerImpl (RaftServerImpl.java:setRole(171)) - 2dc4f242-a089-4bf0-b8a0-2b386513388d:group-8C31F5095C8E changes role from FOLLOWER to CANDIDATE at term 0 for changeToCandidate
2019-09-19 10:29:23,104 [Thread-1273] INFO  impl.RoleInfo (RoleInfo.java:updateAndGet(143)) - 2dc4f242-a089-4bf0-b8a0-2b386513388d: start LeaderElection
2019-09-19 10:29:23,112 [2dc4f242-a089-4bf0-b8a0-2b386513388d:group-8C31F5095C8E:LeaderElection82] INFO  impl.LeaderElection (LeaderElection.java:askForVotes(181)) - 2dc4f242-a089-4bf0-b8a0-2b386513388d:group-8C31F5095C8E:LeaderElection82: begin an election at term 1 for -1: [2dc4f242-a089-4bf0-b8a0-2b386513388d:192.168.157.204:33647], old=null
2019-09-19 10:29:23,112 [2dc4f242-a089-4bf0-b8a0-2b386513388d:group-8C31F5095C8E:LeaderElection82] INFO  impl.RoleInfo (RoleInfo.java:shutdownLeaderElection(134)) - 2dc4f242-a089-4bf0-b8a0-2b386513388d: shutdown LeaderElection
2019-09-19 10:29:23,113 [2dc4f242-a089-4bf0-b8a0-2b386513388d:group-8C31F5095C8E:LeaderElection82] INFO  impl.RaftServerImpl (RaftServerImpl.java:setRole(171)) - 2dc4f242-a089-4bf0-b8a0-2b386513388d:group-8C31F5095C8E changes role from CANDIDATE to LEADER at term 1 for changeToLeader
2019-09-19 10:29:23,113 [2dc4f242-a089-4bf0-b8a0-2b386513388d:group-8C31F5095C8E:LeaderElection82] INFO  impl.RaftServerImpl (ServerState.java:setLeader(263)) - 2dc4f242-a089-4bf0-b8a0-2b386513388d:group-8C31F5095C8E change Leader from null to 2dc4f242-a089-4bf0-b8a0-2b386513388d at term 1 for becomeLeader, leader elected after 5125ms
2019-09-19 10:29:23,113 [2dc4f242-a089-4bf0-b8a0-2b386513388d:group-8C31F5095C8E:LeaderElection82] INFO  server.RaftServerConfigKeys (ConfUtils.java:logGet(43)) - raft.server.staging.catchup.gap = 1000 (default)
2019-09-19 10:29:23,113 [2dc4f242-a089-4bf0-b8a0-2b386513388d:group-8C31F5095C8E:LeaderElection82] INFO  server.RaftServerConfigKeys (ConfUtils.java:logGet(43)) - raft.server.rpc.sleep.time = 25ms (default)
2019-09-19 10:29:23,113 [2dc4f242-a089-4bf0-b8a0-2b386513388d:group-8C31F5095C8E:LeaderElection82] INFO  server.RaftServerConfigKeys (ConfUtils.java:logGet(43)) - raft.server.write.element-limit = 4096 (default)
2019-09-19 10:29:23,113 [2dc4f242-a089-4bf0-b8a0-2b386513388d:group-8C31F5095C8E:LeaderElection82] INFO  server.RaftServerConfigKeys (ConfUtils.java:logGet(43)) - raft.server.watch.timeout = 10s (default)
2019-09-19 10:29:23,113 [2dc4f242-a089-4bf0-b8a0-2b386513388d:group-8C31F5095C8E:LeaderElection82] INFO  server.RaftServerConfigKeys (ConfUtils.java:logGet(43)) - raft.server.watch.timeout.denomination = 1s (default)
2019-09-19 10:29:23,113 [2dc4f242-a089-4bf0-b8a0-2b386513388d:group-8C31F5095C8E:LeaderElection82] INFO  server.RaftServerConfigKeys (ConfUtils.java:logGet(43)) - raft.server.watch.element-limit = 65536 (default)
2019-09-19 10:29:23,113 [2dc4f242-a089-4bf0-b8a0-2b386513388d:group-8C31F5095C8E:LeaderElection82] INFO  impl.RoleInfo (RoleInfo.java:updateAndGet(143)) - 2dc4f242-a089-4bf0-b8a0-2b386513388d: start LeaderState
2019-09-19 10:29:23,113 [2dc4f242-a089-4bf0-b8a0-2b386513388d:group-8C31F5095C8E:LeaderElection82] INFO  segmented.SegmentedRaftLogWorker (SegmentedRaftLogWorker.java:startLogSegment(380)) - 2dc4f242-a089-4bf0-b8a0-2b386513388d-SegmentedRaftLogWorker:Storage Directory /workdir/hadoop-ozone/ozonefs/target/test-dir/MiniOzoneClusterImpl-ad08a619-39fc-4bc9-b221-9d2c6ebabba4/datanode-1/data/ratis/f6f3ea98-fa19-4202-991c-8c31f5095c8e: Starting segment from index:0
2019-09-19 10:29:23,114 [2dc4f242-a089-4bf0-b8a0-2b386513388d:group-8C31F5095C8E:LeaderElection82] INFO  impl.RaftServerImpl (ServerState.java:setRaftConf(361)) - 2dc4f242-a089-4bf0-b8a0-2b386513388d:group-8C31F5095C8E set configuration 0: [2dc4f242-a089-4bf0-b8a0-2b386513388d:192.168.157.204:33647], old=null at 0
2019-09-19 10:29:23,132 [2dc4f242-a089-4bf0-b8a0-2b386513388d-SegmentedRaftLogWorker:Storage Directory /workdir/hadoop-ozone/ozonefs/target/test-dir/MiniOzoneClusterImpl-ad08a619-39fc-4bc9-b221-9d2c6ebabba4/datanode-1/data/ratis/d8b977d9-598a-4642-9a58-882757155166] INFO  segmented.SegmentedRaftLogWorker (SegmentedRaftLogWorker.java:execute(569)) - 2dc4f242-a089-4bf0-b8a0-2b386513388d-SegmentedRaftLogWorker:Storage Directory /workdir/hadoop-ozone/ozonefs/target/test-dir/MiniOzoneClusterImpl-ad08a619-39fc-4bc9-b221-9d2c6ebabba4/datanode-1/data/ratis/d8b977d9-598a-4642-9a58-882757155166: created new log segment /workdir/hadoop-ozone/ozonefs/target/test-dir/MiniOzoneClusterImpl-ad08a619-39fc-4bc9-b221-9d2c6ebabba4/datanode-1/data/ratis/d8b977d9-598a-4642-9a58-882757155166/current/log_inprogress_0
2019-09-19 10:29:23,132 [2dc4f242-a089-4bf0-b8a0-2b386513388d-SegmentedRaftLogWorker:Storage Directory /workdir/hadoop-ozone/ozonefs/target/test-dir/MiniOzoneClusterImpl-ad08a619-39fc-4bc9-b221-9d2c6ebabba4/datanode-1/data/ratis/4d5f9fc5-a3e1-40d9-9b3c-5e9b26adbbaa] INFO  segmented.SegmentedRaftLogWorker (SegmentedRaftLogWorker.java:execute(569)) - 2dc4f242-a089-4bf0-b8a0-2b386513388d-SegmentedRaftLogWorker:Storage Directory /workdir/hadoop-ozone/ozonefs/target/test-dir/MiniOzoneClusterImpl-ad08a619-39fc-4bc9-b221-9d2c6ebabba4/datanode-1/data/ratis/4d5f9fc5-a3e1-40d9-9b3c-5e9b26adbbaa: created new log segment /workdir/hadoop-ozone/ozonefs/target/test-dir/MiniOzoneClusterImpl-ad08a619-39fc-4bc9-b221-9d2c6ebabba4/datanode-1/data/ratis/4d5f9fc5-a3e1-40d9-9b3c-5e9b26adbbaa/current/log_inprogress_0
2019-09-19 10:29:23,144 [2dc4f242-a089-4bf0-b8a0-2b386513388d-SegmentedRaftLogWorker:Storage Directory /workdir/hadoop-ozone/ozonefs/target/test-dir/MiniOzoneClusterImpl-ad08a619-39fc-4bc9-b221-9d2c6ebabba4/datanode-1/data/ratis/f6f3ea98-fa19-4202-991c-8c31f5095c8e] INFO  segmented.SegmentedRaftLogWorker (SegmentedRaftLogWorker.java:execute(569)) - 2dc4f242-a089-4bf0-b8a0-2b386513388d-SegmentedRaftLogWorker:Storage Directory /workdir/hadoop-ozone/ozonefs/target/test-dir/MiniOzoneClusterImpl-ad08a619-39fc-4bc9-b221-9d2c6ebabba4/datanode-1/data/ratis/f6f3ea98-fa19-4202-991c-8c31f5095c8e: created new log segment /workdir/hadoop-ozone/ozonefs/target/test-dir/MiniOzoneClusterImpl-ad08a619-39fc-4bc9-b221-9d2c6ebabba4/datanode-1/data/ratis/f6f3ea98-fa19-4202-991c-8c31f5095c8e/current/log_inprogress_0
2019-09-19 10:29:23,146 [Thread-1276] INFO  impl.FollowerState (FollowerState.java:run(106)) - 2dc4f242-a089-4bf0-b8a0-2b386513388d:group-AEF0F034D98D changes to CANDIDATE, lastRpcTime:5121, electionTimeout:5121ms
2019-09-19 10:29:23,146 [Thread-1276] INFO  impl.RoleInfo (RoleInfo.java:shutdownFollowerState(121)) - 2dc4f242-a089-4bf0-b8a0-2b386513388d: shutdown FollowerState
2019-09-19 10:29:23,146 [Thread-1276] INFO  impl.RaftServerImpl (RaftServerImpl.java:setRole(171)) - 2dc4f242-a089-4bf0-b8a0-2b386513388d:group-AEF0F034D98D changes role from FOLLOWER to CANDIDATE at term 0 for changeToCandidate
2019-09-19 10:29:23,146 [Thread-1276] INFO  impl.RoleInfo (RoleInfo.java:updateAndGet(143)) - 2dc4f242-a089-4bf0-b8a0-2b386513388d: start LeaderElection
2019-09-19 10:29:23,160 [2dc4f242-a089-4bf0-b8a0-2b386513388d:group-AEF0F034D98D:LeaderElection83] INFO  impl.LeaderElection (LeaderElection.java:askForVotes(181)) - 2dc4f242-a089-4bf0-b8a0-2b386513388d:group-AEF0F034D98D:LeaderElection83: begin an election at term 1 for -1: [2dc4f242-a089-4bf0-b8a0-2b386513388d:192.168.157.204:33647], old=null
2019-09-19 10:29:23,160 [2dc4f242-a089-4bf0-b8a0-2b386513388d:group-AEF0F034D98D:LeaderElection83] INFO  impl.RoleInfo (RoleInfo.java:shutdownLeaderElection(134)) - 2dc4f242-a089-4bf0-b8a0-2b386513388d: shutdown LeaderElection
2019-09-19 10:29:23,161 [2dc4f242-a089-4bf0-b8a0-2b386513388d:group-AEF0F034D98D:LeaderElection83] INFO  impl.RaftServerImpl (RaftServerImpl.java:setRole(171)) - 2dc4f242-a089-4bf0-b8a0-2b386513388d:group-AEF0F034D98D changes role from CANDIDATE to LEADER at term 1 for changeToLeader
2019-09-19 10:29:23,161 [2dc4f242-a089-4bf0-b8a0-2b386513388d:group-AEF0F034D98D:LeaderElection83] INFO  impl.RaftServerImpl (ServerState.java:setLeader(263)) - 2dc4f242-a089-4bf0-b8a0-2b386513388d:group-AEF0F034D98D change Leader from null to 2dc4f242-a089-4bf0-b8a0-2b386513388d at term 1 for becomeLeader, leader elected after 5139ms
2019-09-19 10:29:23,161 [2dc4f242-a089-4bf0-b8a0-2b386513388d:group-AEF0F034D98D:LeaderElection83] INFO  server.RaftServerConfigKeys (ConfUtils.java:logGet(43)) - raft.server.staging.catchup.gap = 1000 (default)
2019-09-19 10:29:23,161 [2dc4f242-a089-4bf0-b8a0-2b386513388d:group-AEF0F034D98D:LeaderElection83] INFO  server.RaftServerConfigKeys (ConfUtils.java:logGet(43)) - raft.server.rpc.sleep.time = 25ms (default)
2019-09-19 10:29:23,161 [2dc4f242-a089-4bf0-b8a0-2b386513388d:group-AEF0F034D98D:LeaderElection83] INFO  server.RaftServerConfigKeys (ConfUtils.java:logGet(43)) - raft.server.write.element-limit = 4096 (default)
2019-09-19 10:29:23,161 [2dc4f242-a089-4bf0-b8a0-2b386513388d:group-AEF0F034D98D:LeaderElection83] INFO  server.RaftServerConfigKeys (ConfUtils.java:logGet(43)) - raft.server.watch.timeout = 10s (default)
2019-09-19 10:29:23,161 [2dc4f242-a089-4bf0-b8a0-2b386513388d:group-AEF0F034D98D:LeaderElection83] INFO  server.RaftServerConfigKeys (ConfUtils.java:logGet(43)) - raft.server.watch.timeout.denomination = 1s (default)
2019-09-19 10:29:23,161 [2dc4f242-a089-4bf0-b8a0-2b386513388d:group-AEF0F034D98D:LeaderElection83] INFO  server.RaftServerConfigKeys (ConfUtils.java:logGet(43)) - raft.server.watch.element-limit = 65536 (default)
2019-09-19 10:29:23,161 [2dc4f242-a089-4bf0-b8a0-2b386513388d:group-AEF0F034D98D:LeaderElection83] INFO  impl.RoleInfo (RoleInfo.java:updateAndGet(143)) - 2dc4f242-a089-4bf0-b8a0-2b386513388d: start LeaderState
2019-09-19 10:29:23,162 [2dc4f242-a089-4bf0-b8a0-2b386513388d:group-AEF0F034D98D:LeaderElection83] INFO  segmented.SegmentedRaftLogWorker (SegmentedRaftLogWorker.java:startLogSegment(380)) - 2dc4f242-a089-4bf0-b8a0-2b386513388d-SegmentedRaftLogWorker:Storage Directory /workdir/hadoop-ozone/ozonefs/target/test-dir/MiniOzoneClusterImpl-ad08a619-39fc-4bc9-b221-9d2c6ebabba4/datanode-1/data/ratis/70f8cd18-466d-4499-bae7-aef0f034d98d: Starting segment from index:0
2019-09-19 10:29:23,162 [2dc4f242-a089-4bf0-b8a0-2b386513388d:group-AEF0F034D98D:LeaderElection83] INFO  impl.RaftServerImpl (ServerState.java:setRaftConf(361)) - 2dc4f242-a089-4bf0-b8a0-2b386513388d:group-AEF0F034D98D set configuration 0: [2dc4f242-a089-4bf0-b8a0-2b386513388d:192.168.157.204:33647], old=null at 0
2019-09-19 10:29:23,202 [2dc4f242-a089-4bf0-b8a0-2b386513388d-SegmentedRaftLogWorker:Storage Directory /workdir/hadoop-ozone/ozonefs/target/test-dir/MiniOzoneClusterImpl-ad08a619-39fc-4bc9-b221-9d2c6ebabba4/datanode-1/data/ratis/70f8cd18-466d-4499-bae7-aef0f034d98d] INFO  segmented.SegmentedRaftLogWorker (SegmentedRaftLogWorker.java:execute(569)) - 2dc4f242-a089-4bf0-b8a0-2b386513388d-SegmentedRaftLogWorker:Storage Directory /workdir/hadoop-ozone/ozonefs/target/test-dir/MiniOzoneClusterImpl-ad08a619-39fc-4bc9-b221-9d2c6ebabba4/datanode-1/data/ratis/70f8cd18-466d-4499-bae7-aef0f034d98d: created new log segment /workdir/hadoop-ozone/ozonefs/target/test-dir/MiniOzoneClusterImpl-ad08a619-39fc-4bc9-b221-9d2c6ebabba4/datanode-1/data/ratis/70f8cd18-466d-4499-bae7-aef0f034d98d/current/log_inprogress_0
2019-09-19 10:29:23,228 [Thread-1279] INFO  impl.FollowerState (FollowerState.java:run(106)) - 2dc4f242-a089-4bf0-b8a0-2b386513388d:group-89C21E9D48F1 changes to CANDIDATE, lastRpcTime:5167, electionTimeout:5167ms
2019-09-19 10:29:23,228 [Thread-1279] INFO  impl.RoleInfo (RoleInfo.java:shutdownFollowerState(121)) - 2dc4f242-a089-4bf0-b8a0-2b386513388d: shutdown FollowerState
2019-09-19 10:29:23,228 [Thread-1279] INFO  impl.RaftServerImpl (RaftServerImpl.java:setRole(171)) - 2dc4f242-a089-4bf0-b8a0-2b386513388d:group-89C21E9D48F1 changes role from FOLLOWER to CANDIDATE at term 0 for changeToCandidate
2019-09-19 10:29:23,228 [Thread-1279] INFO  impl.RoleInfo (RoleInfo.java:updateAndGet(143)) - 2dc4f242-a089-4bf0-b8a0-2b386513388d: start LeaderElection
2019-09-19 10:29:23,240 [Thread-1282] INFO  impl.FollowerState (FollowerState.java:run(106)) - 89ed85b1-8176-4dfc-9ccd-1d09931ed65a:group-28F02B806AA1 changes to CANDIDATE, lastRpcTime:5122, electionTimeout:5122ms
2019-09-19 10:29:23,241 [Thread-1282] INFO  impl.RoleInfo (RoleInfo.java:shutdownFollowerState(121)) - 89ed85b1-8176-4dfc-9ccd-1d09931ed65a: shutdown FollowerState
2019-09-19 10:29:23,241 [Thread-1282] INFO  impl.RaftServerImpl (RaftServerImpl.java:setRole(171)) - 89ed85b1-8176-4dfc-9ccd-1d09931ed65a:group-28F02B806AA1 changes role from FOLLOWER to CANDIDATE at term 0 for changeToCandidate
2019-09-19 10:29:23,241 [Thread-1282] INFO  impl.RoleInfo (RoleInfo.java:updateAndGet(143)) - 89ed85b1-8176-4dfc-9ccd-1d09931ed65a: start LeaderElection
2019-09-19 10:29:23,241 [Thread-1285] INFO  impl.FollowerState (FollowerState.java:run(106)) - 89ed85b1-8176-4dfc-9ccd-1d09931ed65a:group-D854E8024F81 changes to CANDIDATE, lastRpcTime:5087, electionTimeout:5087ms
2019-09-19 10:29:23,241 [Thread-1285] INFO  impl.RoleInfo (RoleInfo.java:shutdownFollowerState(121)) - 89ed85b1-8176-4dfc-9ccd-1d09931ed65a: shutdown FollowerState
2019-09-19 10:29:23,241 [Thread-1285] INFO  impl.RaftServerImpl (RaftServerImpl.java:setRole(171)) - 89ed85b1-8176-4dfc-9ccd-1d09931ed65a:group-D854E8024F81 changes role from FOLLOWER to CANDIDATE at term 0 for changeToCandidate
2019-09-19 10:29:23,242 [Thread-1285] INFO  impl.RoleInfo (RoleInfo.java:updateAndGet(143)) - 89ed85b1-8176-4dfc-9ccd-1d09931ed65a: start LeaderElection
2019-09-19 10:29:23,242 [2dc4f242-a089-4bf0-b8a0-2b386513388d:group-89C21E9D48F1:LeaderElection84] INFO  impl.LeaderElection (LeaderElection.java:askForVotes(181)) - 2dc4f242-a089-4bf0-b8a0-2b386513388d:group-89C21E9D48F1:LeaderElection84: begin an election at term 1 for -1: [2dc4f242-a089-4bf0-b8a0-2b386513388d:192.168.157.204:33647], old=null
2019-09-19 10:29:23,242 [2dc4f242-a089-4bf0-b8a0-2b386513388d:group-89C21E9D48F1:LeaderElection84] INFO  impl.RoleInfo (RoleInfo.java:shutdownLeaderElection(134)) - 2dc4f242-a089-4bf0-b8a0-2b386513388d: shutdown LeaderElection
2019-09-19 10:29:23,242 [2dc4f242-a089-4bf0-b8a0-2b386513388d:group-89C21E9D48F1:LeaderElection84] INFO  impl.RaftServerImpl (RaftServerImpl.java:setRole(171)) - 2dc4f242-a089-4bf0-b8a0-2b386513388d:group-89C21E9D48F1 changes role from CANDIDATE to LEADER at term 1 for changeToLeader
2019-09-19 10:29:23,242 [2dc4f242-a089-4bf0-b8a0-2b386513388d:group-89C21E9D48F1:LeaderElection84] INFO  impl.RaftServerImpl (ServerState.java:setLeader(263)) - 2dc4f242-a089-4bf0-b8a0-2b386513388d:group-89C21E9D48F1 change Leader from null to 2dc4f242-a089-4bf0-b8a0-2b386513388d at term 1 for becomeLeader, leader elected after 5184ms
2019-09-19 10:29:23,242 [2dc4f242-a089-4bf0-b8a0-2b386513388d:group-89C21E9D48F1:LeaderElection84] INFO  server.RaftServerConfigKeys (ConfUtils.java:logGet(43)) - raft.server.staging.catchup.gap = 1000 (default)
2019-09-19 10:29:23,242 [2dc4f242-a089-4bf0-b8a0-2b386513388d:group-89C21E9D48F1:LeaderElection84] INFO  server.RaftServerConfigKeys (ConfUtils.java:logGet(43)) - raft.server.rpc.sleep.time = 25ms (default)
2019-09-19 10:29:23,242 [2dc4f242-a089-4bf0-b8a0-2b386513388d:group-89C21E9D48F1:LeaderElection84] INFO  server.RaftServerConfigKeys (ConfUtils.java:logGet(43)) - raft.server.write.element-limit = 4096 (default)
2019-09-19 10:29:23,243 [2dc4f242-a089-4bf0-b8a0-2b386513388d:group-89C21E9D48F1:LeaderElection84] INFO  server.RaftServerConfigKeys (ConfUtils.java:logGet(43)) - raft.server.watch.timeout = 10s (default)
2019-09-19 10:29:23,243 [2dc4f242-a089-4bf0-b8a0-2b386513388d:group-89C21E9D48F1:LeaderElection84] INFO  server.RaftServerConfigKeys (ConfUtils.java:logGet(43)) - raft.server.watch.timeout.denomination = 1s (default)
2019-09-19 10:29:23,243 [2dc4f242-a089-4bf0-b8a0-2b386513388d:group-89C21E9D48F1:LeaderElection84] INFO  server.RaftServerConfigKeys (ConfUtils.java:logGet(43)) - raft.server.watch.element-limit = 65536 (default)
2019-09-19 10:29:23,243 [2dc4f242-a089-4bf0-b8a0-2b386513388d:group-89C21E9D48F1:LeaderElection84] INFO  impl.RoleInfo (RoleInfo.java:updateAndGet(143)) - 2dc4f242-a089-4bf0-b8a0-2b386513388d: start LeaderState
2019-09-19 10:29:23,243 [2dc4f242-a089-4bf0-b8a0-2b386513388d:group-89C21E9D48F1:LeaderElection84] INFO  segmented.SegmentedRaftLogWorker (SegmentedRaftLogWorker.java:startLogSegment(380)) - 2dc4f242-a089-4bf0-b8a0-2b386513388d-SegmentedRaftLogWorker:Storage Directory /workdir/hadoop-ozone/ozonefs/target/test-dir/MiniOzoneClusterImpl-ad08a619-39fc-4bc9-b221-9d2c6ebabba4/datanode-1/data/ratis/2e7e663b-3cd8-44a2-8b6d-89c21e9d48f1: Starting segment from index:0
2019-09-19 10:29:23,244 [2dc4f242-a089-4bf0-b8a0-2b386513388d:group-89C21E9D48F1:LeaderElection84] INFO  impl.RaftServerImpl (ServerState.java:setRaftConf(361)) - 2dc4f242-a089-4bf0-b8a0-2b386513388d:group-89C21E9D48F1 set configuration 0: [2dc4f242-a089-4bf0-b8a0-2b386513388d:192.168.157.204:33647], old=null at 0
2019-09-19 10:29:23,245 [89ed85b1-8176-4dfc-9ccd-1d09931ed65a:group-28F02B806AA1:LeaderElection85] INFO  impl.LeaderElection (LeaderElection.java:askForVotes(181)) - 89ed85b1-8176-4dfc-9ccd-1d09931ed65a:group-28F02B806AA1:LeaderElection85: begin an election at term 1 for -1: [89ed85b1-8176-4dfc-9ccd-1d09931ed65a:192.168.157.204:41845], old=null
2019-09-19 10:29:23,245 [89ed85b1-8176-4dfc-9ccd-1d09931ed65a:group-28F02B806AA1:LeaderElection85] INFO  impl.RoleInfo (RoleInfo.java:shutdownLeaderElection(134)) - 89ed85b1-8176-4dfc-9ccd-1d09931ed65a: shutdown LeaderElection
2019-09-19 10:29:23,245 [89ed85b1-8176-4dfc-9ccd-1d09931ed65a:group-28F02B806AA1:LeaderElection85] INFO  impl.RaftServerImpl (RaftServerImpl.java:setRole(171)) - 89ed85b1-8176-4dfc-9ccd-1d09931ed65a:group-28F02B806AA1 changes role from CANDIDATE to LEADER at term 1 for changeToLeader
2019-09-19 10:29:23,246 [89ed85b1-8176-4dfc-9ccd-1d09931ed65a:group-28F02B806AA1:LeaderElection85] INFO  impl.RaftServerImpl (ServerState.java:setLeader(263)) - 89ed85b1-8176-4dfc-9ccd-1d09931ed65a:group-28F02B806AA1 change Leader from null to 89ed85b1-8176-4dfc-9ccd-1d09931ed65a at term 1 for becomeLeader, leader elected after 5130ms
2019-09-19 10:29:23,246 [89ed85b1-8176-4dfc-9ccd-1d09931ed65a:group-D854E8024F81:LeaderElection86] INFO  impl.LeaderElection (LeaderElection.java:askForVotes(181)) - 89ed85b1-8176-4dfc-9ccd-1d09931ed65a:group-D854E8024F81:LeaderElection86: begin an election at term 1 for -1: [89ed85b1-8176-4dfc-9ccd-1d09931ed65a:192.168.157.204:41845], old=null
2019-09-19 10:29:23,246 [89ed85b1-8176-4dfc-9ccd-1d09931ed65a:group-28F02B806AA1:LeaderElection85] INFO  server.RaftServerConfigKeys (ConfUtils.java:logGet(43)) - raft.server.staging.catchup.gap = 1000 (default)
2019-09-19 10:29:23,246 [89ed85b1-8176-4dfc-9ccd-1d09931ed65a:group-D854E8024F81:LeaderElection86] INFO  impl.RoleInfo (RoleInfo.java:shutdownLeaderElection(134)) - 89ed85b1-8176-4dfc-9ccd-1d09931ed65a: shutdown LeaderElection
2019-09-19 10:29:23,246 [89ed85b1-8176-4dfc-9ccd-1d09931ed65a:group-28F02B806AA1:LeaderElection85] INFO  server.RaftServerConfigKeys (ConfUtils.java:logGet(43)) - raft.server.rpc.sleep.time = 25ms (default)
2019-09-19 10:29:23,246 [89ed85b1-8176-4dfc-9ccd-1d09931ed65a:group-D854E8024F81:LeaderElection86] INFO  impl.RaftServerImpl (RaftServerImpl.java:setRole(171)) - 89ed85b1-8176-4dfc-9ccd-1d09931ed65a:group-D854E8024F81 changes role from CANDIDATE to LEADER at term 1 for changeToLeader
2019-09-19 10:29:23,246 [89ed85b1-8176-4dfc-9ccd-1d09931ed65a:group-28F02B806AA1:LeaderElection85] INFO  server.RaftServerConfigKeys (ConfUtils.java:logGet(43)) - raft.server.write.element-limit = 4096 (default)
2019-09-19 10:29:23,246 [89ed85b1-8176-4dfc-9ccd-1d09931ed65a:group-D854E8024F81:LeaderElection86] INFO  impl.RaftServerImpl (ServerState.java:setLeader(263)) - 89ed85b1-8176-4dfc-9ccd-1d09931ed65a:group-D854E8024F81 change Leader from null to 89ed85b1-8176-4dfc-9ccd-1d09931ed65a at term 1 for becomeLeader, leader elected after 5095ms
2019-09-19 10:29:23,246 [89ed85b1-8176-4dfc-9ccd-1d09931ed65a:group-28F02B806AA1:LeaderElection85] INFO  server.RaftServerConfigKeys (ConfUtils.java:logGet(43)) - raft.server.watch.timeout = 10s (default)
2019-09-19 10:29:23,247 [89ed85b1-8176-4dfc-9ccd-1d09931ed65a:group-D854E8024F81:LeaderElection86] INFO  server.RaftServerConfigKeys (ConfUtils.java:logGet(43)) - raft.server.staging.catchup.gap = 1000 (default)
2019-09-19 10:29:23,247 [89ed85b1-8176-4dfc-9ccd-1d09931ed65a:group-28F02B806AA1:LeaderElection85] INFO  server.RaftServerConfigKeys (ConfUtils.java:logGet(43)) - raft.server.watch.timeout.denomination = 1s (default)
2019-09-19 10:29:23,247 [89ed85b1-8176-4dfc-9ccd-1d09931ed65a:group-D854E8024F81:LeaderElection86] INFO  server.RaftServerConfigKeys (ConfUtils.java:logGet(43)) - raft.server.rpc.sleep.time = 25ms (default)
2019-09-19 10:29:23,247 [89ed85b1-8176-4dfc-9ccd-1d09931ed65a:group-28F02B806AA1:LeaderElection85] INFO  server.RaftServerConfigKeys (ConfUtils.java:logGet(43)) - raft.server.watch.element-limit = 65536 (default)
2019-09-19 10:29:23,247 [89ed85b1-8176-4dfc-9ccd-1d09931ed65a:group-D854E8024F81:LeaderElection86] INFO  server.RaftServerConfigKeys (ConfUtils.java:logGet(43)) - raft.server.write.element-limit = 4096 (default)
2019-09-19 10:29:23,247 [89ed85b1-8176-4dfc-9ccd-1d09931ed65a:group-28F02B806AA1:LeaderElection85] INFO  impl.RoleInfo (RoleInfo.java:updateAndGet(143)) - 89ed85b1-8176-4dfc-9ccd-1d09931ed65a: start LeaderState
2019-09-19 10:29:23,247 [89ed85b1-8176-4dfc-9ccd-1d09931ed65a:group-D854E8024F81:LeaderElection86] INFO  server.RaftServerConfigKeys (ConfUtils.java:logGet(43)) - raft.server.watch.timeout = 10s (default)
2019-09-19 10:29:23,248 [89ed85b1-8176-4dfc-9ccd-1d09931ed65a:group-28F02B806AA1:LeaderElection85] INFO  segmented.SegmentedRaftLogWorker (SegmentedRaftLogWorker.java:startLogSegment(380)) - 89ed85b1-8176-4dfc-9ccd-1d09931ed65a-SegmentedRaftLogWorker:Storage Directory /workdir/hadoop-ozone/ozonefs/target/test-dir/MiniOzoneClusterImpl-ad08a619-39fc-4bc9-b221-9d2c6ebabba4/datanode-2/data/ratis/644132d4-4cd5-48b0-b9b4-28f02b806aa1: Starting segment from index:0
2019-09-19 10:29:23,248 [89ed85b1-8176-4dfc-9ccd-1d09931ed65a:group-D854E8024F81:LeaderElection86] INFO  server.RaftServerConfigKeys (ConfUtils.java:logGet(43)) - raft.server.watch.timeout.denomination = 1s (default)
2019-09-19 10:29:23,248 [89ed85b1-8176-4dfc-9ccd-1d09931ed65a:group-D854E8024F81:LeaderElection86] INFO  server.RaftServerConfigKeys (ConfUtils.java:logGet(43)) - raft.server.watch.element-limit = 65536 (default)
2019-09-19 10:29:23,248 [89ed85b1-8176-4dfc-9ccd-1d09931ed65a:group-D854E8024F81:LeaderElection86] INFO  impl.RoleInfo (RoleInfo.java:updateAndGet(143)) - 89ed85b1-8176-4dfc-9ccd-1d09931ed65a: start LeaderState
2019-09-19 10:29:23,248 [89ed85b1-8176-4dfc-9ccd-1d09931ed65a:group-28F02B806AA1:LeaderElection85] INFO  impl.RaftServerImpl (ServerState.java:setRaftConf(361)) - 89ed85b1-8176-4dfc-9ccd-1d09931ed65a:group-28F02B806AA1 set configuration 0: [89ed85b1-8176-4dfc-9ccd-1d09931ed65a:192.168.157.204:41845], old=null at 0
2019-09-19 10:29:23,248 [89ed85b1-8176-4dfc-9ccd-1d09931ed65a:group-D854E8024F81:LeaderElection86] INFO  segmented.SegmentedRaftLogWorker (SegmentedRaftLogWorker.java:startLogSegment(380)) - 89ed85b1-8176-4dfc-9ccd-1d09931ed65a-SegmentedRaftLogWorker:Storage Directory /workdir/hadoop-ozone/ozonefs/target/test-dir/MiniOzoneClusterImpl-ad08a619-39fc-4bc9-b221-9d2c6ebabba4/datanode-2/data/ratis/4149014e-a56c-4212-80a4-d854e8024f81: Starting segment from index:0
2019-09-19 10:29:23,249 [89ed85b1-8176-4dfc-9ccd-1d09931ed65a:group-D854E8024F81:LeaderElection86] INFO  impl.RaftServerImpl (ServerState.java:setRaftConf(361)) - 89ed85b1-8176-4dfc-9ccd-1d09931ed65a:group-D854E8024F81 set configuration 0: [89ed85b1-8176-4dfc-9ccd-1d09931ed65a:192.168.157.204:41845], old=null at 0
2019-09-19 10:29:23,293 [89ed85b1-8176-4dfc-9ccd-1d09931ed65a-SegmentedRaftLogWorker:Storage Directory /workdir/hadoop-ozone/ozonefs/target/test-dir/MiniOzoneClusterImpl-ad08a619-39fc-4bc9-b221-9d2c6ebabba4/datanode-2/data/ratis/644132d4-4cd5-48b0-b9b4-28f02b806aa1] INFO  segmented.SegmentedRaftLogWorker (SegmentedRaftLogWorker.java:execute(569)) - 89ed85b1-8176-4dfc-9ccd-1d09931ed65a-SegmentedRaftLogWorker:Storage Directory /workdir/hadoop-ozone/ozonefs/target/test-dir/MiniOzoneClusterImpl-ad08a619-39fc-4bc9-b221-9d2c6ebabba4/datanode-2/data/ratis/644132d4-4cd5-48b0-b9b4-28f02b806aa1: created new log segment /workdir/hadoop-ozone/ozonefs/target/test-dir/MiniOzoneClusterImpl-ad08a619-39fc-4bc9-b221-9d2c6ebabba4/datanode-2/data/ratis/644132d4-4cd5-48b0-b9b4-28f02b806aa1/current/log_inprogress_0
2019-09-19 10:29:23,293 [2dc4f242-a089-4bf0-b8a0-2b386513388d-SegmentedRaftLogWorker:Storage Directory /workdir/hadoop-ozone/ozonefs/target/test-dir/MiniOzoneClusterImpl-ad08a619-39fc-4bc9-b221-9d2c6ebabba4/datanode-1/data/ratis/2e7e663b-3cd8-44a2-8b6d-89c21e9d48f1] INFO  segmented.SegmentedRaftLogWorker (SegmentedRaftLogWorker.java:execute(569)) - 2dc4f242-a089-4bf0-b8a0-2b386513388d-SegmentedRaftLogWorker:Storage Directory /workdir/hadoop-ozone/ozonefs/target/test-dir/MiniOzoneClusterImpl-ad08a619-39fc-4bc9-b221-9d2c6ebabba4/datanode-1/data/ratis/2e7e663b-3cd8-44a2-8b6d-89c21e9d48f1: created new log segment /workdir/hadoop-ozone/ozonefs/target/test-dir/MiniOzoneClusterImpl-ad08a619-39fc-4bc9-b221-9d2c6ebabba4/datanode-1/data/ratis/2e7e663b-3cd8-44a2-8b6d-89c21e9d48f1/current/log_inprogress_0
2019-09-19 10:29:23,293 [89ed85b1-8176-4dfc-9ccd-1d09931ed65a-SegmentedRaftLogWorker:Storage Directory /workdir/hadoop-ozone/ozonefs/target/test-dir/MiniOzoneClusterImpl-ad08a619-39fc-4bc9-b221-9d2c6ebabba4/datanode-2/data/ratis/4149014e-a56c-4212-80a4-d854e8024f81] INFO  segmented.SegmentedRaftLogWorker (SegmentedRaftLogWorker.java:execute(569)) - 89ed85b1-8176-4dfc-9ccd-1d09931ed65a-SegmentedRaftLogWorker:Storage Directory /workdir/hadoop-ozone/ozonefs/target/test-dir/MiniOzoneClusterImpl-ad08a619-39fc-4bc9-b221-9d2c6ebabba4/datanode-2/data/ratis/4149014e-a56c-4212-80a4-d854e8024f81: created new log segment /workdir/hadoop-ozone/ozonefs/target/test-dir/MiniOzoneClusterImpl-ad08a619-39fc-4bc9-b221-9d2c6ebabba4/datanode-2/data/ratis/4149014e-a56c-4212-80a4-d854e8024f81/current/log_inprogress_0
2019-09-19 10:29:23,302 [Thread-1288] INFO  impl.FollowerState (FollowerState.java:run(106)) - 89ed85b1-8176-4dfc-9ccd-1d09931ed65a:group-9BEA1DFDE8A1 changes to CANDIDATE, lastRpcTime:5112, electionTimeout:5112ms
2019-09-19 10:29:23,302 [Thread-1288] INFO  impl.RoleInfo (RoleInfo.java:shutdownFollowerState(121)) - 89ed85b1-8176-4dfc-9ccd-1d09931ed65a: shutdown FollowerState
2019-09-19 10:29:23,302 [Thread-1288] INFO  impl.RaftServerImpl (RaftServerImpl.java:setRole(171)) - 89ed85b1-8176-4dfc-9ccd-1d09931ed65a:group-9BEA1DFDE8A1 changes role from FOLLOWER to CANDIDATE at term 0 for changeToCandidate
2019-09-19 10:29:23,302 [Thread-1288] INFO  impl.RoleInfo (RoleInfo.java:updateAndGet(143)) - 89ed85b1-8176-4dfc-9ccd-1d09931ed65a: start LeaderElection
2019-09-19 10:29:23,307 [89ed85b1-8176-4dfc-9ccd-1d09931ed65a:group-9BEA1DFDE8A1:LeaderElection87] INFO  impl.LeaderElection (LeaderElection.java:askForVotes(181)) - 89ed85b1-8176-4dfc-9ccd-1d09931ed65a:group-9BEA1DFDE8A1:LeaderElection87: begin an election at term 1 for -1: [89ed85b1-8176-4dfc-9ccd-1d09931ed65a:192.168.157.204:41845], old=null
2019-09-19 10:29:23,307 [89ed85b1-8176-4dfc-9ccd-1d09931ed65a:group-9BEA1DFDE8A1:LeaderElection87] INFO  impl.RoleInfo (RoleInfo.java:shutdownLeaderElection(134)) - 89ed85b1-8176-4dfc-9ccd-1d09931ed65a: shutdown LeaderElection
2019-09-19 10:29:23,307 [89ed85b1-8176-4dfc-9ccd-1d09931ed65a:group-9BEA1DFDE8A1:LeaderElection87] INFO  impl.RaftServerImpl (RaftServerImpl.java:setRole(171)) - 89ed85b1-8176-4dfc-9ccd-1d09931ed65a:group-9BEA1DFDE8A1 changes role from CANDIDATE to LEADER at term 1 for changeToLeader
2019-09-19 10:29:23,307 [89ed85b1-8176-4dfc-9ccd-1d09931ed65a:group-9BEA1DFDE8A1:LeaderElection87] INFO  impl.RaftServerImpl (ServerState.java:setLeader(263)) - 89ed85b1-8176-4dfc-9ccd-1d09931ed65a:group-9BEA1DFDE8A1 change Leader from null to 89ed85b1-8176-4dfc-9ccd-1d09931ed65a at term 1 for becomeLeader, leader elected after 5120ms
2019-09-19 10:29:23,307 [89ed85b1-8176-4dfc-9ccd-1d09931ed65a:group-9BEA1DFDE8A1:LeaderElection87] INFO  server.RaftServerConfigKeys (ConfUtils.java:logGet(43)) - raft.server.staging.catchup.gap = 1000 (default)
2019-09-19 10:29:23,307 [89ed85b1-8176-4dfc-9ccd-1d09931ed65a:group-9BEA1DFDE8A1:LeaderElection87] INFO  server.RaftServerConfigKeys (ConfUtils.java:logGet(43)) - raft.server.rpc.sleep.time = 25ms (default)
2019-09-19 10:29:23,307 [89ed85b1-8176-4dfc-9ccd-1d09931ed65a:group-9BEA1DFDE8A1:LeaderElection87] INFO  server.RaftServerConfigKeys (ConfUtils.java:logGet(43)) - raft.server.write.element-limit = 4096 (default)
2019-09-19 10:29:23,308 [89ed85b1-8176-4dfc-9ccd-1d09931ed65a:group-9BEA1DFDE8A1:LeaderElection87] INFO  server.RaftServerConfigKeys (ConfUtils.java:logGet(43)) - raft.server.watch.timeout = 10s (default)
2019-09-19 10:29:23,308 [89ed85b1-8176-4dfc-9ccd-1d09931ed65a:group-9BEA1DFDE8A1:LeaderElection87] INFO  server.RaftServerConfigKeys (ConfUtils.java:logGet(43)) - raft.server.watch.timeout.denomination = 1s (default)
2019-09-19 10:29:23,308 [89ed85b1-8176-4dfc-9ccd-1d09931ed65a:group-9BEA1DFDE8A1:LeaderElection87] INFO  server.RaftServerConfigKeys (ConfUtils.java:logGet(43)) - raft.server.watch.element-limit = 65536 (default)
2019-09-19 10:29:23,308 [89ed85b1-8176-4dfc-9ccd-1d09931ed65a:group-9BEA1DFDE8A1:LeaderElection87] INFO  impl.RoleInfo (RoleInfo.java:updateAndGet(143)) - 89ed85b1-8176-4dfc-9ccd-1d09931ed65a: start LeaderState
2019-09-19 10:29:23,308 [89ed85b1-8176-4dfc-9ccd-1d09931ed65a:group-9BEA1DFDE8A1:LeaderElection87] INFO  segmented.SegmentedRaftLogWorker (SegmentedRaftLogWorker.java:startLogSegment(380)) - 89ed85b1-8176-4dfc-9ccd-1d09931ed65a-SegmentedRaftLogWorker:Storage Directory /workdir/hadoop-ozone/ozonefs/target/test-dir/MiniOzoneClusterImpl-ad08a619-39fc-4bc9-b221-9d2c6ebabba4/datanode-2/data/ratis/3fff2ac6-f98a-47e7-ad4a-9bea1dfde8a1: Starting segment from index:0
2019-09-19 10:29:23,309 [89ed85b1-8176-4dfc-9ccd-1d09931ed65a:group-9BEA1DFDE8A1:LeaderElection87] INFO  impl.RaftServerImpl (ServerState.java:setRaftConf(361)) - 89ed85b1-8176-4dfc-9ccd-1d09931ed65a:group-9BEA1DFDE8A1 set configuration 0: [89ed85b1-8176-4dfc-9ccd-1d09931ed65a:192.168.157.204:41845], old=null at 0
2019-09-19 10:29:23,322 [Thread-1294] INFO  impl.FollowerState (FollowerState.java:run(106)) - 89ed85b1-8176-4dfc-9ccd-1d09931ed65a:group-35B5EDC4FD5C changes to CANDIDATE, lastRpcTime:5060, electionTimeout:5060ms
2019-09-19 10:29:23,322 [Thread-1294] INFO  impl.RoleInfo (RoleInfo.java:shutdownFollowerState(121)) - 89ed85b1-8176-4dfc-9ccd-1d09931ed65a: shutdown FollowerState
2019-09-19 10:29:23,322 [Thread-1294] INFO  impl.RaftServerImpl (RaftServerImpl.java:setRole(171)) - 89ed85b1-8176-4dfc-9ccd-1d09931ed65a:group-35B5EDC4FD5C changes role from FOLLOWER to CANDIDATE at term 0 for changeToCandidate
2019-09-19 10:29:23,322 [Thread-1294] INFO  impl.RoleInfo (RoleInfo.java:updateAndGet(143)) - 89ed85b1-8176-4dfc-9ccd-1d09931ed65a: start LeaderElection
2019-09-19 10:29:23,337 [89ed85b1-8176-4dfc-9ccd-1d09931ed65a:group-35B5EDC4FD5C:LeaderElection88] INFO  impl.LeaderElection (LeaderElection.java:askForVotes(181)) - 89ed85b1-8176-4dfc-9ccd-1d09931ed65a:group-35B5EDC4FD5C:LeaderElection88: begin an election at term 1 for -1: [89ed85b1-8176-4dfc-9ccd-1d09931ed65a:192.168.157.204:41845], old=null
2019-09-19 10:29:23,337 [89ed85b1-8176-4dfc-9ccd-1d09931ed65a:group-35B5EDC4FD5C:LeaderElection88] INFO  impl.RoleInfo (RoleInfo.java:shutdownLeaderElection(134)) - 89ed85b1-8176-4dfc-9ccd-1d09931ed65a: shutdown LeaderElection
2019-09-19 10:29:23,337 [89ed85b1-8176-4dfc-9ccd-1d09931ed65a:group-35B5EDC4FD5C:LeaderElection88] INFO  impl.RaftServerImpl (RaftServerImpl.java:setRole(171)) - 89ed85b1-8176-4dfc-9ccd-1d09931ed65a:group-35B5EDC4FD5C changes role from CANDIDATE to LEADER at term 1 for changeToLeader
2019-09-19 10:29:23,337 [89ed85b1-8176-4dfc-9ccd-1d09931ed65a:group-35B5EDC4FD5C:LeaderElection88] INFO  impl.RaftServerImpl (ServerState.java:setLeader(263)) - 89ed85b1-8176-4dfc-9ccd-1d09931ed65a:group-35B5EDC4FD5C change Leader from null to 89ed85b1-8176-4dfc-9ccd-1d09931ed65a at term 1 for becomeLeader, leader elected after 5077ms
2019-09-19 10:29:23,337 [89ed85b1-8176-4dfc-9ccd-1d09931ed65a:group-35B5EDC4FD5C:LeaderElection88] INFO  server.RaftServerConfigKeys (ConfUtils.java:logGet(43)) - raft.server.staging.catchup.gap = 1000 (default)
2019-09-19 10:29:23,337 [89ed85b1-8176-4dfc-9ccd-1d09931ed65a:group-35B5EDC4FD5C:LeaderElection88] INFO  server.RaftServerConfigKeys (ConfUtils.java:logGet(43)) - raft.server.rpc.sleep.time = 25ms (default)
2019-09-19 10:29:23,338 [89ed85b1-8176-4dfc-9ccd-1d09931ed65a:group-35B5EDC4FD5C:LeaderElection88] INFO  server.RaftServerConfigKeys (ConfUtils.java:logGet(43)) - raft.server.write.element-limit = 4096 (default)
2019-09-19 10:29:23,338 [89ed85b1-8176-4dfc-9ccd-1d09931ed65a:group-35B5EDC4FD5C:LeaderElection88] INFO  server.RaftServerConfigKeys (ConfUtils.java:logGet(43)) - raft.server.watch.timeout = 10s (default)
2019-09-19 10:29:23,338 [89ed85b1-8176-4dfc-9ccd-1d09931ed65a:group-35B5EDC4FD5C:LeaderElection88] INFO  server.RaftServerConfigKeys (ConfUtils.java:logGet(43)) - raft.server.watch.timeout.denomination = 1s (default)
2019-09-19 10:29:23,338 [89ed85b1-8176-4dfc-9ccd-1d09931ed65a:group-35B5EDC4FD5C:LeaderElection88] INFO  server.RaftServerConfigKeys (ConfUtils.java:logGet(43)) - raft.server.watch.element-limit = 65536 (default)
2019-09-19 10:29:23,338 [89ed85b1-8176-4dfc-9ccd-1d09931ed65a:group-35B5EDC4FD5C:LeaderElection88] INFO  impl.RoleInfo (RoleInfo.java:updateAndGet(143)) - 89ed85b1-8176-4dfc-9ccd-1d09931ed65a: start LeaderState
2019-09-19 10:29:23,338 [89ed85b1-8176-4dfc-9ccd-1d09931ed65a:group-35B5EDC4FD5C:LeaderElection88] INFO  segmented.SegmentedRaftLogWorker (SegmentedRaftLogWorker.java:startLogSegment(380)) - 89ed85b1-8176-4dfc-9ccd-1d09931ed65a-SegmentedRaftLogWorker:Storage Directory /workdir/hadoop-ozone/ozonefs/target/test-dir/MiniOzoneClusterImpl-ad08a619-39fc-4bc9-b221-9d2c6ebabba4/datanode-2/data/ratis/9d812379-36fc-448b-b4d0-35b5edc4fd5c: Starting segment from index:0
2019-09-19 10:29:23,339 [89ed85b1-8176-4dfc-9ccd-1d09931ed65a:group-35B5EDC4FD5C:LeaderElection88] INFO  impl.RaftServerImpl (ServerState.java:setRaftConf(361)) - 89ed85b1-8176-4dfc-9ccd-1d09931ed65a:group-35B5EDC4FD5C set configuration 0: [89ed85b1-8176-4dfc-9ccd-1d09931ed65a:192.168.157.204:41845], old=null at 0
2019-09-19 10:29:23,359 [Thread-1291] INFO  impl.FollowerState (FollowerState.java:run(106)) - 89ed85b1-8176-4dfc-9ccd-1d09931ed65a:group-691D5BBB0B45 changes to CANDIDATE, lastRpcTime:5143, electionTimeout:5143ms
2019-09-19 10:29:23,359 [Thread-1291] INFO  impl.RoleInfo (RoleInfo.java:shutdownFollowerState(121)) - 89ed85b1-8176-4dfc-9ccd-1d09931ed65a: shutdown FollowerState
2019-09-19 10:29:23,359 [Thread-1291] INFO  impl.RaftServerImpl (RaftServerImpl.java:setRole(171)) - 89ed85b1-8176-4dfc-9ccd-1d09931ed65a:group-691D5BBB0B45 changes role from FOLLOWER to CANDIDATE at term 0 for changeToCandidate
2019-09-19 10:29:23,359 [Thread-1291] INFO  impl.RoleInfo (RoleInfo.java:updateAndGet(143)) - 89ed85b1-8176-4dfc-9ccd-1d09931ed65a: start LeaderElection
2019-09-19 10:29:23,361 [89ed85b1-8176-4dfc-9ccd-1d09931ed65a-SegmentedRaftLogWorker:Storage Directory /workdir/hadoop-ozone/ozonefs/target/test-dir/MiniOzoneClusterImpl-ad08a619-39fc-4bc9-b221-9d2c6ebabba4/datanode-2/data/ratis/3fff2ac6-f98a-47e7-ad4a-9bea1dfde8a1] INFO  segmented.SegmentedRaftLogWorker (SegmentedRaftLogWorker.java:execute(569)) - 89ed85b1-8176-4dfc-9ccd-1d09931ed65a-SegmentedRaftLogWorker:Storage Directory /workdir/hadoop-ozone/ozonefs/target/test-dir/MiniOzoneClusterImpl-ad08a619-39fc-4bc9-b221-9d2c6ebabba4/datanode-2/data/ratis/3fff2ac6-f98a-47e7-ad4a-9bea1dfde8a1: created new log segment /workdir/hadoop-ozone/ozonefs/target/test-dir/MiniOzoneClusterImpl-ad08a619-39fc-4bc9-b221-9d2c6ebabba4/datanode-2/data/ratis/3fff2ac6-f98a-47e7-ad4a-9bea1dfde8a1/current/log_inprogress_0
2019-09-19 10:29:23,365 [89ed85b1-8176-4dfc-9ccd-1d09931ed65a:group-691D5BBB0B45:LeaderElection89] INFO  impl.LeaderElection (LeaderElection.java:askForVotes(181)) - 89ed85b1-8176-4dfc-9ccd-1d09931ed65a:group-691D5BBB0B45:LeaderElection89: begin an election at term 1 for -1: [89ed85b1-8176-4dfc-9ccd-1d09931ed65a:192.168.157.204:41845], old=null
2019-09-19 10:29:23,365 [89ed85b1-8176-4dfc-9ccd-1d09931ed65a:group-691D5BBB0B45:LeaderElection89] INFO  impl.RoleInfo (RoleInfo.java:shutdownLeaderElection(134)) - 89ed85b1-8176-4dfc-9ccd-1d09931ed65a: shutdown LeaderElection
2019-09-19 10:29:23,365 [89ed85b1-8176-4dfc-9ccd-1d09931ed65a:group-691D5BBB0B45:LeaderElection89] INFO  impl.RaftServerImpl (RaftServerImpl.java:setRole(171)) - 89ed85b1-8176-4dfc-9ccd-1d09931ed65a:group-691D5BBB0B45 changes role from CANDIDATE to LEADER at term 1 for changeToLeader
2019-09-19 10:29:23,365 [89ed85b1-8176-4dfc-9ccd-1d09931ed65a:group-691D5BBB0B45:LeaderElection89] INFO  impl.RaftServerImpl (ServerState.java:setLeader(263)) - 89ed85b1-8176-4dfc-9ccd-1d09931ed65a:group-691D5BBB0B45 change Leader from null to 89ed85b1-8176-4dfc-9ccd-1d09931ed65a at term 1 for becomeLeader, leader elected after 5152ms
2019-09-19 10:29:23,366 [89ed85b1-8176-4dfc-9ccd-1d09931ed65a:group-691D5BBB0B45:LeaderElection89] INFO  server.RaftServerConfigKeys (ConfUtils.java:logGet(43)) - raft.server.staging.catchup.gap = 1000 (default)
2019-09-19 10:29:23,366 [89ed85b1-8176-4dfc-9ccd-1d09931ed65a-SegmentedRaftLogWorker:Storage Directory /workdir/hadoop-ozone/ozonefs/target/test-dir/MiniOzoneClusterImpl-ad08a619-39fc-4bc9-b221-9d2c6ebabba4/datanode-2/data/ratis/9d812379-36fc-448b-b4d0-35b5edc4fd5c] INFO  segmented.SegmentedRaftLogWorker (SegmentedRaftLogWorker.java:execute(569)) - 89ed85b1-8176-4dfc-9ccd-1d09931ed65a-SegmentedRaftLogWorker:Storage Directory /workdir/hadoop-ozone/ozonefs/target/test-dir/MiniOzoneClusterImpl-ad08a619-39fc-4bc9-b221-9d2c6ebabba4/datanode-2/data/ratis/9d812379-36fc-448b-b4d0-35b5edc4fd5c: created new log segment /workdir/hadoop-ozone/ozonefs/target/test-dir/MiniOzoneClusterImpl-ad08a619-39fc-4bc9-b221-9d2c6ebabba4/datanode-2/data/ratis/9d812379-36fc-448b-b4d0-35b5edc4fd5c/current/log_inprogress_0
2019-09-19 10:29:23,366 [89ed85b1-8176-4dfc-9ccd-1d09931ed65a:group-691D5BBB0B45:LeaderElection89] INFO  server.RaftServerConfigKeys (ConfUtils.java:logGet(43)) - raft.server.rpc.sleep.time = 25ms (default)
2019-09-19 10:29:23,366 [89ed85b1-8176-4dfc-9ccd-1d09931ed65a:group-691D5BBB0B45:LeaderElection89] INFO  server.RaftServerConfigKeys (ConfUtils.java:logGet(43)) - raft.server.write.element-limit = 4096 (default)
2019-09-19 10:29:23,366 [89ed85b1-8176-4dfc-9ccd-1d09931ed65a:group-691D5BBB0B45:LeaderElection89] INFO  server.RaftServerConfigKeys (ConfUtils.java:logGet(43)) - raft.server.watch.timeout = 10s (default)
2019-09-19 10:29:23,366 [89ed85b1-8176-4dfc-9ccd-1d09931ed65a:group-691D5BBB0B45:LeaderElection89] INFO  server.RaftServerConfigKeys (ConfUtils.java:logGet(43)) - raft.server.watch.timeout.denomination = 1s (default)
2019-09-19 10:29:23,366 [89ed85b1-8176-4dfc-9ccd-1d09931ed65a:group-691D5BBB0B45:LeaderElection89] INFO  server.RaftServerConfigKeys (ConfUtils.java:logGet(43)) - raft.server.watch.element-limit = 65536 (default)
2019-09-19 10:29:23,367 [89ed85b1-8176-4dfc-9ccd-1d09931ed65a:group-691D5BBB0B45:LeaderElection89] INFO  impl.RoleInfo (RoleInfo.java:updateAndGet(143)) - 89ed85b1-8176-4dfc-9ccd-1d09931ed65a: start LeaderState
2019-09-19 10:29:23,367 [89ed85b1-8176-4dfc-9ccd-1d09931ed65a:group-691D5BBB0B45:LeaderElection89] INFO  segmented.SegmentedRaftLogWorker (SegmentedRaftLogWorker.java:startLogSegment(380)) - 89ed85b1-8176-4dfc-9ccd-1d09931ed65a-SegmentedRaftLogWorker:Storage Directory /workdir/hadoop-ozone/ozonefs/target/test-dir/MiniOzoneClusterImpl-ad08a619-39fc-4bc9-b221-9d2c6ebabba4/datanode-2/data/ratis/a86bdc63-94e1-40a5-9942-691d5bbb0b45: Starting segment from index:0
2019-09-19 10:29:23,368 [89ed85b1-8176-4dfc-9ccd-1d09931ed65a:group-691D5BBB0B45:LeaderElection89] INFO  impl.RaftServerImpl (ServerState.java:setRaftConf(361)) - 89ed85b1-8176-4dfc-9ccd-1d09931ed65a:group-691D5BBB0B45 set configuration 0: [89ed85b1-8176-4dfc-9ccd-1d09931ed65a:192.168.157.204:41845], old=null at 0
2019-09-19 10:29:23,423 [89ed85b1-8176-4dfc-9ccd-1d09931ed65a-SegmentedRaftLogWorker:Storage Directory /workdir/hadoop-ozone/ozonefs/target/test-dir/MiniOzoneClusterImpl-ad08a619-39fc-4bc9-b221-9d2c6ebabba4/datanode-2/data/ratis/a86bdc63-94e1-40a5-9942-691d5bbb0b45] INFO  segmented.SegmentedRaftLogWorker (SegmentedRaftLogWorker.java:execute(569)) - 89ed85b1-8176-4dfc-9ccd-1d09931ed65a-SegmentedRaftLogWorker:Storage Directory /workdir/hadoop-ozone/ozonefs/target/test-dir/MiniOzoneClusterImpl-ad08a619-39fc-4bc9-b221-9d2c6ebabba4/datanode-2/data/ratis/a86bdc63-94e1-40a5-9942-691d5bbb0b45: created new log segment /workdir/hadoop-ozone/ozonefs/target/test-dir/MiniOzoneClusterImpl-ad08a619-39fc-4bc9-b221-9d2c6ebabba4/datanode-2/data/ratis/a86bdc63-94e1-40a5-9942-691d5bbb0b45/current/log_inprogress_0
2019-09-19 10:29:23,459 [Thread-1297] INFO  impl.FollowerState (FollowerState.java:run(106)) - 89ed85b1-8176-4dfc-9ccd-1d09931ed65a:group-B64CE79C0201 changes to CANDIDATE, lastRpcTime:5159, electionTimeout:5159ms
2019-09-19 10:29:23,459 [Thread-1297] INFO  impl.RoleInfo (RoleInfo.java:shutdownFollowerState(121)) - 89ed85b1-8176-4dfc-9ccd-1d09931ed65a: shutdown FollowerState
2019-09-19 10:29:23,459 [Thread-1297] INFO  impl.RaftServerImpl (RaftServerImpl.java:setRole(171)) - 89ed85b1-8176-4dfc-9ccd-1d09931ed65a:group-B64CE79C0201 changes role from FOLLOWER to CANDIDATE at term 0 for changeToCandidate
2019-09-19 10:29:23,460 [Thread-1297] INFO  impl.RoleInfo (RoleInfo.java:updateAndGet(143)) - 89ed85b1-8176-4dfc-9ccd-1d09931ed65a: start LeaderElection
2019-09-19 10:29:23,473 [89ed85b1-8176-4dfc-9ccd-1d09931ed65a:group-B64CE79C0201:LeaderElection90] INFO  impl.LeaderElection (LeaderElection.java:askForVotes(181)) - 89ed85b1-8176-4dfc-9ccd-1d09931ed65a:group-B64CE79C0201:LeaderElection90: begin an election at term 1 for -1: [89ed85b1-8176-4dfc-9ccd-1d09931ed65a:192.168.157.204:41845], old=null
2019-09-19 10:29:23,473 [89ed85b1-8176-4dfc-9ccd-1d09931ed65a:group-B64CE79C0201:LeaderElection90] INFO  impl.RoleInfo (RoleInfo.java:shutdownLeaderElection(134)) - 89ed85b1-8176-4dfc-9ccd-1d09931ed65a: shutdown LeaderElection
2019-09-19 10:29:23,473 [89ed85b1-8176-4dfc-9ccd-1d09931ed65a:group-B64CE79C0201:LeaderElection90] INFO  impl.RaftServerImpl (RaftServerImpl.java:setRole(171)) - 89ed85b1-8176-4dfc-9ccd-1d09931ed65a:group-B64CE79C0201 changes role from CANDIDATE to LEADER at term 1 for changeToLeader
2019-09-19 10:29:23,473 [89ed85b1-8176-4dfc-9ccd-1d09931ed65a:group-B64CE79C0201:LeaderElection90] INFO  impl.RaftServerImpl (ServerState.java:setLeader(263)) - 89ed85b1-8176-4dfc-9ccd-1d09931ed65a:group-B64CE79C0201 change Leader from null to 89ed85b1-8176-4dfc-9ccd-1d09931ed65a at term 1 for becomeLeader, leader elected after 5177ms
2019-09-19 10:29:23,474 [89ed85b1-8176-4dfc-9ccd-1d09931ed65a:group-B64CE79C0201:LeaderElection90] INFO  server.RaftServerConfigKeys (ConfUtils.java:logGet(43)) - raft.server.staging.catchup.gap = 1000 (default)
2019-09-19 10:29:23,474 [89ed85b1-8176-4dfc-9ccd-1d09931ed65a:group-B64CE79C0201:LeaderElection90] INFO  server.RaftServerConfigKeys (ConfUtils.java:logGet(43)) - raft.server.rpc.sleep.time = 25ms (default)
2019-09-19 10:29:23,474 [89ed85b1-8176-4dfc-9ccd-1d09931ed65a:group-B64CE79C0201:LeaderElection90] INFO  server.RaftServerConfigKeys (ConfUtils.java:logGet(43)) - raft.server.write.element-limit = 4096 (default)
2019-09-19 10:29:23,474 [89ed85b1-8176-4dfc-9ccd-1d09931ed65a:group-B64CE79C0201:LeaderElection90] INFO  server.RaftServerConfigKeys (ConfUtils.java:logGet(43)) - raft.server.watch.timeout = 10s (default)
2019-09-19 10:29:23,474 [89ed85b1-8176-4dfc-9ccd-1d09931ed65a:group-B64CE79C0201:LeaderElection90] INFO  server.RaftServerConfigKeys (ConfUtils.java:logGet(43)) - raft.server.watch.timeout.denomination = 1s (default)
2019-09-19 10:29:23,474 [89ed85b1-8176-4dfc-9ccd-1d09931ed65a:group-B64CE79C0201:LeaderElection90] INFO  server.RaftServerConfigKeys (ConfUtils.java:logGet(43)) - raft.server.watch.element-limit = 65536 (default)
2019-09-19 10:29:23,474 [89ed85b1-8176-4dfc-9ccd-1d09931ed65a:group-B64CE79C0201:LeaderElection90] INFO  impl.RoleInfo (RoleInfo.java:updateAndGet(143)) - 89ed85b1-8176-4dfc-9ccd-1d09931ed65a: start LeaderState
2019-09-19 10:29:23,475 [89ed85b1-8176-4dfc-9ccd-1d09931ed65a:group-B64CE79C0201:LeaderElection90] INFO  segmented.SegmentedRaftLogWorker (SegmentedRaftLogWorker.java:startLogSegment(380)) - 89ed85b1-8176-4dfc-9ccd-1d09931ed65a-SegmentedRaftLogWorker:Storage Directory /workdir/hadoop-ozone/ozonefs/target/test-dir/MiniOzoneClusterImpl-ad08a619-39fc-4bc9-b221-9d2c6ebabba4/datanode-2/data/ratis/409c8a9c-c80f-485e-98c5-b64ce79c0201: Starting segment from index:0
2019-09-19 10:29:23,475 [89ed85b1-8176-4dfc-9ccd-1d09931ed65a:group-B64CE79C0201:LeaderElection90] INFO  impl.RaftServerImpl (ServerState.java:setRaftConf(361)) - 89ed85b1-8176-4dfc-9ccd-1d09931ed65a:group-B64CE79C0201 set configuration 0: [89ed85b1-8176-4dfc-9ccd-1d09931ed65a:192.168.157.204:41845], old=null at 0
2019-09-19 10:29:23,524 [89ed85b1-8176-4dfc-9ccd-1d09931ed65a-SegmentedRaftLogWorker:Storage Directory /workdir/hadoop-ozone/ozonefs/target/test-dir/MiniOzoneClusterImpl-ad08a619-39fc-4bc9-b221-9d2c6ebabba4/datanode-2/data/ratis/409c8a9c-c80f-485e-98c5-b64ce79c0201] INFO  segmented.SegmentedRaftLogWorker (SegmentedRaftLogWorker.java:execute(569)) - 89ed85b1-8176-4dfc-9ccd-1d09931ed65a-SegmentedRaftLogWorker:Storage Directory /workdir/hadoop-ozone/ozonefs/target/test-dir/MiniOzoneClusterImpl-ad08a619-39fc-4bc9-b221-9d2c6ebabba4/datanode-2/data/ratis/409c8a9c-c80f-485e-98c5-b64ce79c0201: created new log segment /workdir/hadoop-ozone/ozonefs/target/test-dir/MiniOzoneClusterImpl-ad08a619-39fc-4bc9-b221-9d2c6ebabba4/datanode-2/data/ratis/409c8a9c-c80f-485e-98c5-b64ce79c0201/current/log_inprogress_0
2019-09-19 10:29:24,082 | INFO  | SCMAudit | user=jenkins1000 | ip=192.168.157.204 | op=SEND_HEARTBEAT {datanodeUUID=89ed85b1-8176-4dfc-9ccd-1d09931ed65a, command=[]} | ret=SUCCESS |  
2019-09-19 10:29:24,268 [ForkJoinPool.commonPool-worker-1] INFO  ozoneimpl.OzoneContainer (OzoneContainer.java:stop(199)) - Attempting to stop container services.
2019-09-19 10:29:24,269 [Thread-1072] INFO  ozoneimpl.OzoneContainer (OzoneContainer.java:stop(199)) - Attempting to stop container services.
2019-09-19 10:29:24,269 [ForkJoinPool.commonPool-worker-1] INFO  impl.RaftServerProxy (RaftServerProxy.java:lambda$close$4(314)) - 6a95ede2-7a61-476d-865e-bbd6dad7bd6d: close
2019-09-19 10:29:24,269 [Thread-1072] INFO  impl.RaftServerProxy (RaftServerProxy.java:lambda$close$4(314)) - 2dc4f242-a089-4bf0-b8a0-2b386513388d: close
2019-09-19 10:29:24,269 [ForkJoinPool.commonPool-worker-1] INFO  impl.RaftServerImpl (RaftServerImpl.java:lambda$shutdown$3(245)) - 6a95ede2-7a61-476d-865e-bbd6dad7bd6d: shutdown group-90B254DFCD1D
2019-09-19 10:29:24,269 [Thread-1072] INFO  impl.RaftServerImpl (RaftServerImpl.java:lambda$shutdown$3(245)) - 2dc4f242-a089-4bf0-b8a0-2b386513388d: shutdown group-882757155166
2019-09-19 10:29:24,270 [ForkJoinPool.commonPool-worker-1] INFO  util.JmxRegister (JmxRegister.java:unregister(73)) - Successfully un-registered JMX Bean with object name Ratis:service=RaftServer,group=group-90B254DFCD1D,id=6a95ede2-7a61-476d-865e-bbd6dad7bd6d
2019-09-19 10:29:24,270 [Thread-1072] INFO  util.JmxRegister (JmxRegister.java:unregister(73)) - Successfully un-registered JMX Bean with object name Ratis:service=RaftServer,group=group-882757155166,id=2dc4f242-a089-4bf0-b8a0-2b386513388d
2019-09-19 10:29:24,270 [ForkJoinPool.commonPool-worker-1] INFO  impl.RoleInfo (RoleInfo.java:shutdownLeaderState(104)) - 6a95ede2-7a61-476d-865e-bbd6dad7bd6d: shutdown LeaderState
2019-09-19 10:29:24,270 [Thread-1072] INFO  impl.RoleInfo (RoleInfo.java:shutdownLeaderState(104)) - 2dc4f242-a089-4bf0-b8a0-2b386513388d: shutdown LeaderState
2019-09-19 10:29:24,270 [ForkJoinPool.commonPool-worker-1] INFO  impl.PendingRequests (PendingRequests.java:sendNotLeaderResponses(202)) - 6a95ede2-7a61-476d-865e-bbd6dad7bd6d-PendingRequests: sendNotLeaderResponses
2019-09-19 10:29:24,270 [Thread-1072] INFO  impl.PendingRequests (PendingRequests.java:sendNotLeaderResponses(202)) - 2dc4f242-a089-4bf0-b8a0-2b386513388d-PendingRequests: sendNotLeaderResponses
2019-09-19 10:29:24,271 [ForkJoinPool.commonPool-worker-1] INFO  impl.StateMachineUpdater (StateMachineUpdater.java:stopAndJoin(115)) - StateMachineUpdater:6a95ede2-7a61-476d-865e-bbd6dad7bd6d:group-90B254DFCD1D: set stopIndex = 0
2019-09-19 10:29:24,271 [Thread-1072] INFO  impl.StateMachineUpdater (StateMachineUpdater.java:stopAndJoin(115)) - StateMachineUpdater:2dc4f242-a089-4bf0-b8a0-2b386513388d:group-882757155166: set stopIndex = 0
2019-09-19 10:29:24,271 [ForkJoinPool.commonPool-worker-1] INFO  impl.RaftServerImpl (ServerState.java:close(394)) - 6a95ede2-7a61-476d-865e-bbd6dad7bd6d:group-90B254DFCD1D closes. The last applied log index is 0
2019-09-19 10:29:24,271 [Thread-1072] INFO  impl.RaftServerImpl (ServerState.java:close(394)) - 2dc4f242-a089-4bf0-b8a0-2b386513388d:group-882757155166 closes. The last applied log index is 0
2019-09-19 10:29:24,271 [6a95ede2-7a61-476d-865e-bbd6dad7bd6d-SegmentedRaftLogWorker:Storage Directory /workdir/hadoop-ozone/ozonefs/target/test-dir/MiniOzoneClusterImpl-ad08a619-39fc-4bc9-b221-9d2c6ebabba4/datanode-0/data/ratis/4aa91f24-743e-4213-a047-90b254dfcd1d] INFO  segmented.SegmentedRaftLogWorker (SegmentedRaftLogWorker.java:run(313)) - 6a95ede2-7a61-476d-865e-bbd6dad7bd6d-SegmentedRaftLogWorker:Storage Directory /workdir/hadoop-ozone/ozonefs/target/test-dir/MiniOzoneClusterImpl-ad08a619-39fc-4bc9-b221-9d2c6ebabba4/datanode-0/data/ratis/4aa91f24-743e-4213-a047-90b254dfcd1d was interrupted, exiting. There are 0 tasks remaining in the queue.
2019-09-19 10:29:24,272 [2dc4f242-a089-4bf0-b8a0-2b386513388d-SegmentedRaftLogWorker:Storage Directory /workdir/hadoop-ozone/ozonefs/target/test-dir/MiniOzoneClusterImpl-ad08a619-39fc-4bc9-b221-9d2c6ebabba4/datanode-1/data/ratis/d8b977d9-598a-4642-9a58-882757155166] INFO  segmented.SegmentedRaftLogWorker (SegmentedRaftLogWorker.java:run(313)) - 2dc4f242-a089-4bf0-b8a0-2b386513388d-SegmentedRaftLogWorker:Storage Directory /workdir/hadoop-ozone/ozonefs/target/test-dir/MiniOzoneClusterImpl-ad08a619-39fc-4bc9-b221-9d2c6ebabba4/datanode-1/data/ratis/d8b977d9-598a-4642-9a58-882757155166 was interrupted, exiting. There are 0 tasks remaining in the queue.
2019-09-19 10:29:24,272 [ForkJoinPool.commonPool-worker-1] INFO  segmented.SegmentedRaftLogWorker (SegmentedRaftLogWorker.java:close(228)) - 6a95ede2-7a61-476d-865e-bbd6dad7bd6d-SegmentedRaftLogWorker:Storage Directory /workdir/hadoop-ozone/ozonefs/target/test-dir/MiniOzoneClusterImpl-ad08a619-39fc-4bc9-b221-9d2c6ebabba4/datanode-0/data/ratis/4aa91f24-743e-4213-a047-90b254dfcd1d close()
2019-09-19 10:29:24,272 [Thread-1072] INFO  segmented.SegmentedRaftLogWorker (SegmentedRaftLogWorker.java:close(228)) - 2dc4f242-a089-4bf0-b8a0-2b386513388d-SegmentedRaftLogWorker:Storage Directory /workdir/hadoop-ozone/ozonefs/target/test-dir/MiniOzoneClusterImpl-ad08a619-39fc-4bc9-b221-9d2c6ebabba4/datanode-1/data/ratis/d8b977d9-598a-4642-9a58-882757155166 close()
2019-09-19 10:29:24,274 [ForkJoinPool.commonPool-worker-1] INFO  impl.RaftServerImpl (RaftServerImpl.java:lambda$shutdown$3(245)) - 6a95ede2-7a61-476d-865e-bbd6dad7bd6d: shutdown group-7C3ECD07EA8A
2019-09-19 10:29:24,275 [Thread-1072] INFO  impl.RaftServerImpl (RaftServerImpl.java:lambda$shutdown$3(245)) - 2dc4f242-a089-4bf0-b8a0-2b386513388d: shutdown group-5E9B26ADBBAA
2019-09-19 10:29:24,275 [ForkJoinPool.commonPool-worker-1] INFO  util.JmxRegister (JmxRegister.java:unregister(73)) - Successfully un-registered JMX Bean with object name Ratis:service=RaftServer,group=group-7C3ECD07EA8A,id=6a95ede2-7a61-476d-865e-bbd6dad7bd6d
2019-09-19 10:29:24,275 [Thread-1072] INFO  util.JmxRegister (JmxRegister.java:unregister(73)) - Successfully un-registered JMX Bean with object name Ratis:service=RaftServer,group=group-5E9B26ADBBAA,id=2dc4f242-a089-4bf0-b8a0-2b386513388d
2019-09-19 10:29:24,275 [ForkJoinPool.commonPool-worker-1] INFO  impl.RoleInfo (RoleInfo.java:shutdownLeaderState(104)) - 6a95ede2-7a61-476d-865e-bbd6dad7bd6d: shutdown LeaderState
2019-09-19 10:29:24,276 [Thread-1072] INFO  impl.RoleInfo (RoleInfo.java:shutdownLeaderState(104)) - 2dc4f242-a089-4bf0-b8a0-2b386513388d: shutdown LeaderState
2019-09-19 10:29:24,276 [ForkJoinPool.commonPool-worker-1] INFO  impl.PendingRequests (PendingRequests.java:sendNotLeaderResponses(202)) - 6a95ede2-7a61-476d-865e-bbd6dad7bd6d-PendingRequests: sendNotLeaderResponses
2019-09-19 10:29:24,276 [Thread-1072] INFO  impl.PendingRequests (PendingRequests.java:sendNotLeaderResponses(202)) - 2dc4f242-a089-4bf0-b8a0-2b386513388d-PendingRequests: sendNotLeaderResponses
2019-09-19 10:29:24,276 [ForkJoinPool.commonPool-worker-1] INFO  impl.StateMachineUpdater (StateMachineUpdater.java:stopAndJoin(115)) - StateMachineUpdater:6a95ede2-7a61-476d-865e-bbd6dad7bd6d:group-7C3ECD07EA8A: set stopIndex = 0
2019-09-19 10:29:24,276 [Thread-1072] INFO  impl.StateMachineUpdater (StateMachineUpdater.java:stopAndJoin(115)) - StateMachineUpdater:2dc4f242-a089-4bf0-b8a0-2b386513388d:group-5E9B26ADBBAA: set stopIndex = 0
2019-09-19 10:29:24,276 [ForkJoinPool.commonPool-worker-1] INFO  impl.RaftServerImpl (ServerState.java:close(394)) - 6a95ede2-7a61-476d-865e-bbd6dad7bd6d:group-7C3ECD07EA8A closes. The last applied log index is 0
2019-09-19 10:29:24,277 [Thread-1072] INFO  impl.RaftServerImpl (ServerState.java:close(394)) - 2dc4f242-a089-4bf0-b8a0-2b386513388d:group-5E9B26ADBBAA closes. The last applied log index is 0
2019-09-19 10:29:24,277 [6a95ede2-7a61-476d-865e-bbd6dad7bd6d-SegmentedRaftLogWorker:Storage Directory /workdir/hadoop-ozone/ozonefs/target/test-dir/MiniOzoneClusterImpl-ad08a619-39fc-4bc9-b221-9d2c6ebabba4/datanode-0/data/ratis/2482a164-078e-48a6-afea-7c3ecd07ea8a] INFO  segmented.SegmentedRaftLogWorker (SegmentedRaftLogWorker.java:run(313)) - 6a95ede2-7a61-476d-865e-bbd6dad7bd6d-SegmentedRaftLogWorker:Storage Directory /workdir/hadoop-ozone/ozonefs/target/test-dir/MiniOzoneClusterImpl-ad08a619-39fc-4bc9-b221-9d2c6ebabba4/datanode-0/data/ratis/2482a164-078e-48a6-afea-7c3ecd07ea8a was interrupted, exiting. There are 0 tasks remaining in the queue.
2019-09-19 10:29:24,277 [ForkJoinPool.commonPool-worker-1] INFO  segmented.SegmentedRaftLogWorker (SegmentedRaftLogWorker.java:close(228)) - 6a95ede2-7a61-476d-865e-bbd6dad7bd6d-SegmentedRaftLogWorker:Storage Directory /workdir/hadoop-ozone/ozonefs/target/test-dir/MiniOzoneClusterImpl-ad08a619-39fc-4bc9-b221-9d2c6ebabba4/datanode-0/data/ratis/2482a164-078e-48a6-afea-7c3ecd07ea8a close()
2019-09-19 10:29:24,277 [2dc4f242-a089-4bf0-b8a0-2b386513388d-SegmentedRaftLogWorker:Storage Directory /workdir/hadoop-ozone/ozonefs/target/test-dir/MiniOzoneClusterImpl-ad08a619-39fc-4bc9-b221-9d2c6ebabba4/datanode-1/data/ratis/4d5f9fc5-a3e1-40d9-9b3c-5e9b26adbbaa] INFO  segmented.SegmentedRaftLogWorker (SegmentedRaftLogWorker.java:run(313)) - 2dc4f242-a089-4bf0-b8a0-2b386513388d-SegmentedRaftLogWorker:Storage Directory /workdir/hadoop-ozone/ozonefs/target/test-dir/MiniOzoneClusterImpl-ad08a619-39fc-4bc9-b221-9d2c6ebabba4/datanode-1/data/ratis/4d5f9fc5-a3e1-40d9-9b3c-5e9b26adbbaa was interrupted, exiting. There are 0 tasks remaining in the queue.
2019-09-19 10:29:24,278 [ForkJoinPool.commonPool-worker-1] INFO  impl.RaftServerImpl (RaftServerImpl.java:lambda$shutdown$3(245)) - 6a95ede2-7a61-476d-865e-bbd6dad7bd6d: shutdown group-4B782F2AE591
2019-09-19 10:29:24,279 [Thread-1072] INFO  segmented.SegmentedRaftLogWorker (SegmentedRaftLogWorker.java:close(228)) - 2dc4f242-a089-4bf0-b8a0-2b386513388d-SegmentedRaftLogWorker:Storage Directory /workdir/hadoop-ozone/ozonefs/target/test-dir/MiniOzoneClusterImpl-ad08a619-39fc-4bc9-b221-9d2c6ebabba4/datanode-1/data/ratis/4d5f9fc5-a3e1-40d9-9b3c-5e9b26adbbaa close()
2019-09-19 10:29:24,279 [ForkJoinPool.commonPool-worker-1] INFO  util.JmxRegister (JmxRegister.java:unregister(73)) - Successfully un-registered JMX Bean with object name Ratis:service=RaftServer,group=group-4B782F2AE591,id=6a95ede2-7a61-476d-865e-bbd6dad7bd6d
2019-09-19 10:29:24,280 [Thread-1072] INFO  impl.RaftServerImpl (RaftServerImpl.java:lambda$shutdown$3(245)) - 2dc4f242-a089-4bf0-b8a0-2b386513388d: shutdown group-782735B1AE85
2019-09-19 10:29:24,280 [ForkJoinPool.commonPool-worker-1] INFO  impl.RoleInfo (RoleInfo.java:shutdownLeaderState(104)) - 6a95ede2-7a61-476d-865e-bbd6dad7bd6d: shutdown LeaderState
2019-09-19 10:29:24,280 [Thread-1072] INFO  util.JmxRegister (JmxRegister.java:unregister(73)) - Successfully un-registered JMX Bean with object name Ratis:service=RaftServer,group=group-782735B1AE85,id=2dc4f242-a089-4bf0-b8a0-2b386513388d
2019-09-19 10:29:24,281 [ForkJoinPool.commonPool-worker-1] INFO  impl.PendingRequests (PendingRequests.java:sendNotLeaderResponses(202)) - 6a95ede2-7a61-476d-865e-bbd6dad7bd6d-PendingRequests: sendNotLeaderResponses
2019-09-19 10:29:24,281 [Thread-1072] INFO  impl.RoleInfo (RoleInfo.java:shutdownLeaderState(104)) - 2dc4f242-a089-4bf0-b8a0-2b386513388d: shutdown LeaderState
2019-09-19 10:29:24,281 [ForkJoinPool.commonPool-worker-1] INFO  impl.StateMachineUpdater (StateMachineUpdater.java:stopAndJoin(115)) - StateMachineUpdater:6a95ede2-7a61-476d-865e-bbd6dad7bd6d:group-4B782F2AE591: set stopIndex = 0
2019-09-19 10:29:24,281 [Thread-1072] INFO  impl.PendingRequests (PendingRequests.java:sendNotLeaderResponses(202)) - 2dc4f242-a089-4bf0-b8a0-2b386513388d-PendingRequests: sendNotLeaderResponses
2019-09-19 10:29:24,281 [ForkJoinPool.commonPool-worker-1] INFO  impl.RaftServerImpl (ServerState.java:close(394)) - 6a95ede2-7a61-476d-865e-bbd6dad7bd6d:group-4B782F2AE591 closes. The last applied log index is 0
2019-09-19 10:29:24,281 [Thread-1072] INFO  impl.StateMachineUpdater (StateMachineUpdater.java:stopAndJoin(115)) - StateMachineUpdater:2dc4f242-a089-4bf0-b8a0-2b386513388d:group-782735B1AE85: set stopIndex = 0
2019-09-19 10:29:24,282 [6a95ede2-7a61-476d-865e-bbd6dad7bd6d-SegmentedRaftLogWorker:Storage Directory /workdir/hadoop-ozone/ozonefs/target/test-dir/MiniOzoneClusterImpl-ad08a619-39fc-4bc9-b221-9d2c6ebabba4/datanode-0/data/ratis/7332fb2b-7d56-496d-a198-4b782f2ae591] INFO  segmented.SegmentedRaftLogWorker (SegmentedRaftLogWorker.java:run(313)) - 6a95ede2-7a61-476d-865e-bbd6dad7bd6d-SegmentedRaftLogWorker:Storage Directory /workdir/hadoop-ozone/ozonefs/target/test-dir/MiniOzoneClusterImpl-ad08a619-39fc-4bc9-b221-9d2c6ebabba4/datanode-0/data/ratis/7332fb2b-7d56-496d-a198-4b782f2ae591 was interrupted, exiting. There are 0 tasks remaining in the queue.
2019-09-19 10:29:24,282 [Thread-1072] INFO  impl.RaftServerImpl (ServerState.java:close(394)) - 2dc4f242-a089-4bf0-b8a0-2b386513388d:group-782735B1AE85 closes. The last applied log index is 0
2019-09-19 10:29:24,282 [ForkJoinPool.commonPool-worker-1] INFO  segmented.SegmentedRaftLogWorker (SegmentedRaftLogWorker.java:close(228)) - 6a95ede2-7a61-476d-865e-bbd6dad7bd6d-SegmentedRaftLogWorker:Storage Directory /workdir/hadoop-ozone/ozonefs/target/test-dir/MiniOzoneClusterImpl-ad08a619-39fc-4bc9-b221-9d2c6ebabba4/datanode-0/data/ratis/7332fb2b-7d56-496d-a198-4b782f2ae591 close()
2019-09-19 10:29:24,282 [2dc4f242-a089-4bf0-b8a0-2b386513388d-SegmentedRaftLogWorker:Storage Directory /workdir/hadoop-ozone/ozonefs/target/test-dir/MiniOzoneClusterImpl-ad08a619-39fc-4bc9-b221-9d2c6ebabba4/datanode-1/data/ratis/5726e142-ec71-40f9-b1a7-782735b1ae85] INFO  segmented.SegmentedRaftLogWorker (SegmentedRaftLogWorker.java:run(313)) - 2dc4f242-a089-4bf0-b8a0-2b386513388d-SegmentedRaftLogWorker:Storage Directory /workdir/hadoop-ozone/ozonefs/target/test-dir/MiniOzoneClusterImpl-ad08a619-39fc-4bc9-b221-9d2c6ebabba4/datanode-1/data/ratis/5726e142-ec71-40f9-b1a7-782735b1ae85 was interrupted, exiting. There are 0 tasks remaining in the queue.
2019-09-19 10:29:24,283 [ForkJoinPool.commonPool-worker-1] INFO  impl.RaftServerImpl (RaftServerImpl.java:lambda$shutdown$3(245)) - 6a95ede2-7a61-476d-865e-bbd6dad7bd6d: shutdown group-B32A61E6453E
2019-09-19 10:29:24,283 [Thread-1072] INFO  segmented.SegmentedRaftLogWorker (SegmentedRaftLogWorker.java:close(228)) - 2dc4f242-a089-4bf0-b8a0-2b386513388d-SegmentedRaftLogWorker:Storage Directory /workdir/hadoop-ozone/ozonefs/target/test-dir/MiniOzoneClusterImpl-ad08a619-39fc-4bc9-b221-9d2c6ebabba4/datanode-1/data/ratis/5726e142-ec71-40f9-b1a7-782735b1ae85 close()
2019-09-19 10:29:24,283 [ForkJoinPool.commonPool-worker-1] INFO  util.JmxRegister (JmxRegister.java:unregister(73)) - Successfully un-registered JMX Bean with object name Ratis:service=RaftServer,group=group-B32A61E6453E,id=6a95ede2-7a61-476d-865e-bbd6dad7bd6d
2019-09-19 10:29:24,284 [Thread-1072] INFO  impl.RaftServerImpl (RaftServerImpl.java:lambda$shutdown$3(245)) - 2dc4f242-a089-4bf0-b8a0-2b386513388d: shutdown group-8C31F5095C8E
2019-09-19 10:29:24,284 [ForkJoinPool.commonPool-worker-1] INFO  impl.RoleInfo (RoleInfo.java:shutdownLeaderState(104)) - 6a95ede2-7a61-476d-865e-bbd6dad7bd6d: shutdown LeaderState
2019-09-19 10:29:24,285 [Thread-1072] INFO  util.JmxRegister (JmxRegister.java:unregister(73)) - Successfully un-registered JMX Bean with object name Ratis:service=RaftServer,group=group-8C31F5095C8E,id=2dc4f242-a089-4bf0-b8a0-2b386513388d
2019-09-19 10:29:24,285 [ForkJoinPool.commonPool-worker-1] INFO  impl.PendingRequests (PendingRequests.java:sendNotLeaderResponses(202)) - 6a95ede2-7a61-476d-865e-bbd6dad7bd6d-PendingRequests: sendNotLeaderResponses
2019-09-19 10:29:24,285 [Thread-1072] INFO  impl.RoleInfo (RoleInfo.java:shutdownLeaderState(104)) - 2dc4f242-a089-4bf0-b8a0-2b386513388d: shutdown LeaderState
2019-09-19 10:29:24,285 [ForkJoinPool.commonPool-worker-1] INFO  impl.StateMachineUpdater (StateMachineUpdater.java:stopAndJoin(115)) - StateMachineUpdater:6a95ede2-7a61-476d-865e-bbd6dad7bd6d:group-B32A61E6453E: set stopIndex = 0
2019-09-19 10:29:24,285 [Thread-1072] INFO  impl.PendingRequests (PendingRequests.java:sendNotLeaderResponses(202)) - 2dc4f242-a089-4bf0-b8a0-2b386513388d-PendingRequests: sendNotLeaderResponses
2019-09-19 10:29:24,285 [ForkJoinPool.commonPool-worker-1] INFO  impl.RaftServerImpl (ServerState.java:close(394)) - 6a95ede2-7a61-476d-865e-bbd6dad7bd6d:group-B32A61E6453E closes. The last applied log index is 0
2019-09-19 10:29:24,286 [Thread-1072] INFO  impl.StateMachineUpdater (StateMachineUpdater.java:stopAndJoin(115)) - StateMachineUpdater:2dc4f242-a089-4bf0-b8a0-2b386513388d:group-8C31F5095C8E: set stopIndex = 0
2019-09-19 10:29:24,286 [6a95ede2-7a61-476d-865e-bbd6dad7bd6d-SegmentedRaftLogWorker:Storage Directory /workdir/hadoop-ozone/ozonefs/target/test-dir/MiniOzoneClusterImpl-ad08a619-39fc-4bc9-b221-9d2c6ebabba4/datanode-0/data/ratis/b06e8456-0dff-4fa3-9caa-b32a61e6453e] INFO  segmented.SegmentedRaftLogWorker (SegmentedRaftLogWorker.java:run(313)) - 6a95ede2-7a61-476d-865e-bbd6dad7bd6d-SegmentedRaftLogWorker:Storage Directory /workdir/hadoop-ozone/ozonefs/target/test-dir/MiniOzoneClusterImpl-ad08a619-39fc-4bc9-b221-9d2c6ebabba4/datanode-0/data/ratis/b06e8456-0dff-4fa3-9caa-b32a61e6453e was interrupted, exiting. There are 0 tasks remaining in the queue.
2019-09-19 10:29:24,286 [Thread-1072] INFO  impl.RaftServerImpl (ServerState.java:close(394)) - 2dc4f242-a089-4bf0-b8a0-2b386513388d:group-8C31F5095C8E closes. The last applied log index is 0
2019-09-19 10:29:24,286 [ForkJoinPool.commonPool-worker-1] INFO  segmented.SegmentedRaftLogWorker (SegmentedRaftLogWorker.java:close(228)) - 6a95ede2-7a61-476d-865e-bbd6dad7bd6d-SegmentedRaftLogWorker:Storage Directory /workdir/hadoop-ozone/ozonefs/target/test-dir/MiniOzoneClusterImpl-ad08a619-39fc-4bc9-b221-9d2c6ebabba4/datanode-0/data/ratis/b06e8456-0dff-4fa3-9caa-b32a61e6453e close()
2019-09-19 10:29:24,286 [2dc4f242-a089-4bf0-b8a0-2b386513388d-SegmentedRaftLogWorker:Storage Directory /workdir/hadoop-ozone/ozonefs/target/test-dir/MiniOzoneClusterImpl-ad08a619-39fc-4bc9-b221-9d2c6ebabba4/datanode-1/data/ratis/f6f3ea98-fa19-4202-991c-8c31f5095c8e] INFO  segmented.SegmentedRaftLogWorker (SegmentedRaftLogWorker.java:run(313)) - 2dc4f242-a089-4bf0-b8a0-2b386513388d-SegmentedRaftLogWorker:Storage Directory /workdir/hadoop-ozone/ozonefs/target/test-dir/MiniOzoneClusterImpl-ad08a619-39fc-4bc9-b221-9d2c6ebabba4/datanode-1/data/ratis/f6f3ea98-fa19-4202-991c-8c31f5095c8e was interrupted, exiting. There are 0 tasks remaining in the queue.
2019-09-19 10:29:24,287 [ForkJoinPool.commonPool-worker-1] INFO  impl.RaftServerImpl (RaftServerImpl.java:lambda$shutdown$3(245)) - 6a95ede2-7a61-476d-865e-bbd6dad7bd6d: shutdown group-B4EF01BE7CA7
2019-09-19 10:29:24,287 [Thread-1072] INFO  segmented.SegmentedRaftLogWorker (SegmentedRaftLogWorker.java:close(228)) - 2dc4f242-a089-4bf0-b8a0-2b386513388d-SegmentedRaftLogWorker:Storage Directory /workdir/hadoop-ozone/ozonefs/target/test-dir/MiniOzoneClusterImpl-ad08a619-39fc-4bc9-b221-9d2c6ebabba4/datanode-1/data/ratis/f6f3ea98-fa19-4202-991c-8c31f5095c8e close()
2019-09-19 10:29:24,288 [ForkJoinPool.commonPool-worker-1] INFO  util.JmxRegister (JmxRegister.java:unregister(73)) - Successfully un-registered JMX Bean with object name Ratis:service=RaftServer,group=group-B4EF01BE7CA7,id=6a95ede2-7a61-476d-865e-bbd6dad7bd6d
2019-09-19 10:29:24,288 [Thread-1072] INFO  impl.RaftServerImpl (RaftServerImpl.java:lambda$shutdown$3(245)) - 2dc4f242-a089-4bf0-b8a0-2b386513388d: shutdown group-AEF0F034D98D
2019-09-19 10:29:24,289 [ForkJoinPool.commonPool-worker-1] INFO  impl.RoleInfo (RoleInfo.java:shutdownLeaderState(104)) - 6a95ede2-7a61-476d-865e-bbd6dad7bd6d: shutdown LeaderState
2019-09-19 10:29:24,289 [Thread-1072] INFO  util.JmxRegister (JmxRegister.java:unregister(73)) - Successfully un-registered JMX Bean with object name Ratis:service=RaftServer,group=group-AEF0F034D98D,id=2dc4f242-a089-4bf0-b8a0-2b386513388d
2019-09-19 10:29:24,289 [ForkJoinPool.commonPool-worker-1] INFO  impl.PendingRequests (PendingRequests.java:sendNotLeaderResponses(202)) - 6a95ede2-7a61-476d-865e-bbd6dad7bd6d-PendingRequests: sendNotLeaderResponses
2019-09-19 10:29:24,289 [Thread-1072] INFO  impl.RoleInfo (RoleInfo.java:shutdownLeaderState(104)) - 2dc4f242-a089-4bf0-b8a0-2b386513388d: shutdown LeaderState
2019-09-19 10:29:24,289 [ForkJoinPool.commonPool-worker-1] INFO  impl.StateMachineUpdater (StateMachineUpdater.java:stopAndJoin(115)) - StateMachineUpdater:6a95ede2-7a61-476d-865e-bbd6dad7bd6d:group-B4EF01BE7CA7: set stopIndex = 0
2019-09-19 10:29:24,289 [Thread-1072] INFO  impl.PendingRequests (PendingRequests.java:sendNotLeaderResponses(202)) - 2dc4f242-a089-4bf0-b8a0-2b386513388d-PendingRequests: sendNotLeaderResponses
2019-09-19 10:29:24,290 [ForkJoinPool.commonPool-worker-1] INFO  impl.RaftServerImpl (ServerState.java:close(394)) - 6a95ede2-7a61-476d-865e-bbd6dad7bd6d:group-B4EF01BE7CA7 closes. The last applied log index is 0
2019-09-19 10:29:24,290 [Thread-1072] INFO  impl.StateMachineUpdater (StateMachineUpdater.java:stopAndJoin(115)) - StateMachineUpdater:2dc4f242-a089-4bf0-b8a0-2b386513388d:group-AEF0F034D98D: set stopIndex = 0
2019-09-19 10:29:24,290 [6a95ede2-7a61-476d-865e-bbd6dad7bd6d-SegmentedRaftLogWorker:Storage Directory /workdir/hadoop-ozone/ozonefs/target/test-dir/MiniOzoneClusterImpl-ad08a619-39fc-4bc9-b221-9d2c6ebabba4/datanode-0/data/ratis/4b20fc24-80ac-4346-bbc5-b4ef01be7ca7] INFO  segmented.SegmentedRaftLogWorker (SegmentedRaftLogWorker.java:run(313)) - 6a95ede2-7a61-476d-865e-bbd6dad7bd6d-SegmentedRaftLogWorker:Storage Directory /workdir/hadoop-ozone/ozonefs/target/test-dir/MiniOzoneClusterImpl-ad08a619-39fc-4bc9-b221-9d2c6ebabba4/datanode-0/data/ratis/4b20fc24-80ac-4346-bbc5-b4ef01be7ca7 was interrupted, exiting. There are 0 tasks remaining in the queue.
2019-09-19 10:29:24,290 [Thread-1072] INFO  impl.RaftServerImpl (ServerState.java:close(394)) - 2dc4f242-a089-4bf0-b8a0-2b386513388d:group-AEF0F034D98D closes. The last applied log index is 0
2019-09-19 10:29:24,290 [ForkJoinPool.commonPool-worker-1] INFO  segmented.SegmentedRaftLogWorker (SegmentedRaftLogWorker.java:close(228)) - 6a95ede2-7a61-476d-865e-bbd6dad7bd6d-SegmentedRaftLogWorker:Storage Directory /workdir/hadoop-ozone/ozonefs/target/test-dir/MiniOzoneClusterImpl-ad08a619-39fc-4bc9-b221-9d2c6ebabba4/datanode-0/data/ratis/4b20fc24-80ac-4346-bbc5-b4ef01be7ca7 close()
2019-09-19 10:29:24,291 [2dc4f242-a089-4bf0-b8a0-2b386513388d-SegmentedRaftLogWorker:Storage Directory /workdir/hadoop-ozone/ozonefs/target/test-dir/MiniOzoneClusterImpl-ad08a619-39fc-4bc9-b221-9d2c6ebabba4/datanode-1/data/ratis/70f8cd18-466d-4499-bae7-aef0f034d98d] INFO  segmented.SegmentedRaftLogWorker (SegmentedRaftLogWorker.java:run(313)) - 2dc4f242-a089-4bf0-b8a0-2b386513388d-SegmentedRaftLogWorker:Storage Directory /workdir/hadoop-ozone/ozonefs/target/test-dir/MiniOzoneClusterImpl-ad08a619-39fc-4bc9-b221-9d2c6ebabba4/datanode-1/data/ratis/70f8cd18-466d-4499-bae7-aef0f034d98d was interrupted, exiting. There are 0 tasks remaining in the queue.
2019-09-19 10:29:24,291 [ForkJoinPool.commonPool-worker-1] INFO  impl.RaftServerImpl (RaftServerImpl.java:lambda$shutdown$3(245)) - 6a95ede2-7a61-476d-865e-bbd6dad7bd6d: shutdown group-AA6FE60E57A1
2019-09-19 10:29:24,292 [Thread-1072] INFO  segmented.SegmentedRaftLogWorker (SegmentedRaftLogWorker.java:close(228)) - 2dc4f242-a089-4bf0-b8a0-2b386513388d-SegmentedRaftLogWorker:Storage Directory /workdir/hadoop-ozone/ozonefs/target/test-dir/MiniOzoneClusterImpl-ad08a619-39fc-4bc9-b221-9d2c6ebabba4/datanode-1/data/ratis/70f8cd18-466d-4499-bae7-aef0f034d98d close()
2019-09-19 10:29:24,292 [ForkJoinPool.commonPool-worker-1] INFO  util.JmxRegister (JmxRegister.java:unregister(73)) - Successfully un-registered JMX Bean with object name Ratis:service=RaftServer,group=group-AA6FE60E57A1,id=6a95ede2-7a61-476d-865e-bbd6dad7bd6d
2019-09-19 10:29:24,293 [Thread-1072] INFO  impl.RaftServerImpl (RaftServerImpl.java:lambda$shutdown$3(245)) - 2dc4f242-a089-4bf0-b8a0-2b386513388d: shutdown group-89C21E9D48F1
2019-09-19 10:29:24,293 [ForkJoinPool.commonPool-worker-1] INFO  impl.RoleInfo (RoleInfo.java:shutdownLeaderState(104)) - 6a95ede2-7a61-476d-865e-bbd6dad7bd6d: shutdown LeaderState
2019-09-19 10:29:24,293 [Thread-1072] INFO  util.JmxRegister (JmxRegister.java:unregister(73)) - Successfully un-registered JMX Bean with object name Ratis:service=RaftServer,group=group-89C21E9D48F1,id=2dc4f242-a089-4bf0-b8a0-2b386513388d
2019-09-19 10:29:24,293 [ForkJoinPool.commonPool-worker-1] INFO  impl.PendingRequests (PendingRequests.java:sendNotLeaderResponses(202)) - 6a95ede2-7a61-476d-865e-bbd6dad7bd6d-PendingRequests: sendNotLeaderResponses
2019-09-19 10:29:24,293 [Thread-1072] INFO  impl.RoleInfo (RoleInfo.java:shutdownLeaderState(104)) - 2dc4f242-a089-4bf0-b8a0-2b386513388d: shutdown LeaderState
2019-09-19 10:29:24,293 [ForkJoinPool.commonPool-worker-1] INFO  impl.StateMachineUpdater (StateMachineUpdater.java:stopAndJoin(115)) - StateMachineUpdater:6a95ede2-7a61-476d-865e-bbd6dad7bd6d:group-AA6FE60E57A1: set stopIndex = 0
2019-09-19 10:29:24,294 [Thread-1072] INFO  impl.PendingRequests (PendingRequests.java:sendNotLeaderResponses(202)) - 2dc4f242-a089-4bf0-b8a0-2b386513388d-PendingRequests: sendNotLeaderResponses
2019-09-19 10:29:24,294 [ForkJoinPool.commonPool-worker-1] INFO  impl.RaftServerImpl (ServerState.java:close(394)) - 6a95ede2-7a61-476d-865e-bbd6dad7bd6d:group-AA6FE60E57A1 closes. The last applied log index is 0
2019-09-19 10:29:24,294 [Thread-1072] INFO  impl.StateMachineUpdater (StateMachineUpdater.java:stopAndJoin(115)) - StateMachineUpdater:2dc4f242-a089-4bf0-b8a0-2b386513388d:group-89C21E9D48F1: set stopIndex = 0
2019-09-19 10:29:24,294 [Thread-1072] INFO  impl.RaftServerImpl (ServerState.java:close(394)) - 2dc4f242-a089-4bf0-b8a0-2b386513388d:group-89C21E9D48F1 closes. The last applied log index is 0
2019-09-19 10:29:24,294 [6a95ede2-7a61-476d-865e-bbd6dad7bd6d-SegmentedRaftLogWorker:Storage Directory /workdir/hadoop-ozone/ozonefs/target/test-dir/MiniOzoneClusterImpl-ad08a619-39fc-4bc9-b221-9d2c6ebabba4/datanode-0/data/ratis/d1c21e08-868c-44cc-8767-aa6fe60e57a1] INFO  segmented.SegmentedRaftLogWorker (SegmentedRaftLogWorker.java:run(313)) - 6a95ede2-7a61-476d-865e-bbd6dad7bd6d-SegmentedRaftLogWorker:Storage Directory /workdir/hadoop-ozone/ozonefs/target/test-dir/MiniOzoneClusterImpl-ad08a619-39fc-4bc9-b221-9d2c6ebabba4/datanode-0/data/ratis/d1c21e08-868c-44cc-8767-aa6fe60e57a1 was interrupted, exiting. There are 0 tasks remaining in the queue.
2019-09-19 10:29:24,294 [2dc4f242-a089-4bf0-b8a0-2b386513388d-SegmentedRaftLogWorker:Storage Directory /workdir/hadoop-ozone/ozonefs/target/test-dir/MiniOzoneClusterImpl-ad08a619-39fc-4bc9-b221-9d2c6ebabba4/datanode-1/data/ratis/2e7e663b-3cd8-44a2-8b6d-89c21e9d48f1] INFO  segmented.SegmentedRaftLogWorker (SegmentedRaftLogWorker.java:run(313)) - 2dc4f242-a089-4bf0-b8a0-2b386513388d-SegmentedRaftLogWorker:Storage Directory /workdir/hadoop-ozone/ozonefs/target/test-dir/MiniOzoneClusterImpl-ad08a619-39fc-4bc9-b221-9d2c6ebabba4/datanode-1/data/ratis/2e7e663b-3cd8-44a2-8b6d-89c21e9d48f1 was interrupted, exiting. There are 0 tasks remaining in the queue.
2019-09-19 10:29:24,295 [ForkJoinPool.commonPool-worker-1] INFO  segmented.SegmentedRaftLogWorker (SegmentedRaftLogWorker.java:close(228)) - 6a95ede2-7a61-476d-865e-bbd6dad7bd6d-SegmentedRaftLogWorker:Storage Directory /workdir/hadoop-ozone/ozonefs/target/test-dir/MiniOzoneClusterImpl-ad08a619-39fc-4bc9-b221-9d2c6ebabba4/datanode-0/data/ratis/d1c21e08-868c-44cc-8767-aa6fe60e57a1 close()
2019-09-19 10:29:24,295 [Thread-1072] INFO  segmented.SegmentedRaftLogWorker (SegmentedRaftLogWorker.java:close(228)) - 2dc4f242-a089-4bf0-b8a0-2b386513388d-SegmentedRaftLogWorker:Storage Directory /workdir/hadoop-ozone/ozonefs/target/test-dir/MiniOzoneClusterImpl-ad08a619-39fc-4bc9-b221-9d2c6ebabba4/datanode-1/data/ratis/2e7e663b-3cd8-44a2-8b6d-89c21e9d48f1 close()
2019-09-19 10:29:24,296 [ForkJoinPool.commonPool-worker-1] INFO  server.GrpcService (GrpcService.java:closeImpl(155)) - 6a95ede2-7a61-476d-865e-bbd6dad7bd6d: shutdown server with port 32777 now
2019-09-19 10:29:24,296 [Thread-1072] INFO  server.GrpcService (GrpcService.java:closeImpl(155)) - 2dc4f242-a089-4bf0-b8a0-2b386513388d: shutdown server with port 33647 now
2019-09-19 10:29:24,297 [ForkJoinPool.commonPool-worker-1] INFO  server.GrpcService (GrpcService.java:closeImpl(163)) - 6a95ede2-7a61-476d-865e-bbd6dad7bd6d: shutdown server with port 32777 successfully
2019-09-19 10:29:24,298 [Thread-1072] INFO  server.GrpcService (GrpcService.java:closeImpl(163)) - 2dc4f242-a089-4bf0-b8a0-2b386513388d: shutdown server with port 33647 successfully
2019-09-19 10:29:24,299 [ForkJoinPool.commonPool-worker-1] INFO  utils.BackgroundService (BackgroundService.java:shutdown(148)) - Shutting down service BlockDeletingService
2019-09-19 10:29:24,300 [Thread-1072] INFO  utils.BackgroundService (BackgroundService.java:shutdown(148)) - Shutting down service BlockDeletingService
2019-09-19 10:29:24,302 [refreshUsed-/workdir/hadoop-ozone/ozonefs/target/test-dir/MiniOzoneClusterImpl-ad08a619-39fc-4bc9-b221-9d2c6ebabba4/datanode-1/data/containers] WARN  fs.CachingGetSpaceUsed (CachingGetSpaceUsed.java:run(183)) - Thread Interrupted waiting to refresh disk information: sleep interrupted
2019-09-19 10:29:24,302 [refreshUsed-/workdir/hadoop-ozone/ozonefs/target/test-dir/MiniOzoneClusterImpl-ad08a619-39fc-4bc9-b221-9d2c6ebabba4/datanode-0/data/containers] WARN  fs.CachingGetSpaceUsed (CachingGetSpaceUsed.java:run(183)) - Thread Interrupted waiting to refresh disk information: sleep interrupted
2019-09-19 10:29:24,326 [Thread-1072] INFO  statemachine.DatanodeStateMachine (DatanodeStateMachine.java:stopDaemon(395)) - Ozone container server stopped.
2019-09-19 10:29:24,326 [Thread-1072] INFO  handler.ContextHandler (ContextHandler.java:doStop(910)) - Stopped o.e.j.w.WebAppContext@16e75513{/,null,UNAVAILABLE}{/hddsDatanode}
2019-09-19 10:29:24,327 [Thread-1072] INFO  server.AbstractConnector (AbstractConnector.java:doStop(318)) - Stopped ServerConnector@59513aee{HTTP/1.1,[http/1.1]}{0.0.0.0:0}
2019-09-19 10:29:24,327 [Thread-1072] INFO  handler.ContextHandler (ContextHandler.java:doStop(910)) - Stopped o.e.j.s.ServletContextHandler@7517c59f{/static,jar:file:/home/user/.m2/repository/org/apache/hadoop/hadoop-hdds-container-service/0.5.0-SNAPSHOT/hadoop-hdds-container-service-0.5.0-SNAPSHOT.jar!/webapps/static,UNAVAILABLE}
2019-09-19 10:29:24,328 [Thread-1072] INFO  handler.ContextHandler (ContextHandler.java:doStop(910)) - Stopped o.e.j.s.ServletContextHandler@8f03af3{/logs,file:///workdir/hadoop-ozone/ozonefs/target/log,UNAVAILABLE}
2019-09-19 10:29:24,328 [Thread-1072] INFO  datanode.ObjectStoreHandler (ObjectStoreHandler.java:close(155)) - Closing ObjectStoreHandler.
2019-09-19 10:29:24,329 [Thread-1072] INFO  ozone.HddsDatanodeService (HddsDatanodeService.java:stop(451)) - Stopped plug-in org.apache.hadoop.ozone.web.OzoneHddsDatanodeService@809d39f
2019-09-19 10:29:24,332 [ForkJoinPool.commonPool-worker-1] INFO  statemachine.DatanodeStateMachine (DatanodeStateMachine.java:stopDaemon(395)) - Ozone container server stopped.
2019-09-19 10:29:24,334 [ForkJoinPool.commonPool-worker-1] INFO  handler.ContextHandler (ContextHandler.java:doStop(910)) - Stopped o.e.j.w.WebAppContext@2ce1f18d{/,null,UNAVAILABLE}{/hddsDatanode}
2019-09-19 10:29:24,334 [ForkJoinPool.commonPool-worker-1] INFO  server.AbstractConnector (AbstractConnector.java:doStop(318)) - Stopped ServerConnector@a830c0f{HTTP/1.1,[http/1.1]}{0.0.0.0:0}
2019-09-19 10:29:24,337 [ForkJoinPool.commonPool-worker-1] INFO  handler.ContextHandler (ContextHandler.java:doStop(910)) - Stopped o.e.j.s.ServletContextHandler@7876bcca{/static,jar:file:/home/user/.m2/repository/org/apache/hadoop/hadoop-hdds-container-service/0.5.0-SNAPSHOT/hadoop-hdds-container-service-0.5.0-SNAPSHOT.jar!/webapps/static,UNAVAILABLE}
2019-09-19 10:29:24,337 [ForkJoinPool.commonPool-worker-1] INFO  handler.ContextHandler (ContextHandler.java:doStop(910)) - Stopped o.e.j.s.ServletContextHandler@26ab156d{/logs,file:///workdir/hadoop-ozone/ozonefs/target/log,UNAVAILABLE}
2019-09-19 10:29:25,080 [Datanode State Machine Thread - 0] INFO  statemachine.DatanodeStateMachine (DatanodeStateMachine.java:lambda$startDaemon$0(350)) - Ozone container server started.
2019-09-19 10:29:29,329 [Thread-1072] INFO  ozoneimpl.OzoneContainer (OzoneContainer.java:stop(199)) - Attempting to stop container services.
2019-09-19 10:29:29,330 [Thread-1072] INFO  impl.RaftServerProxy (RaftServerProxy.java:lambda$close$4(314)) - 89ed85b1-8176-4dfc-9ccd-1d09931ed65a: close
2019-09-19 10:29:29,331 [Thread-1072] INFO  impl.RaftServerImpl (RaftServerImpl.java:lambda$shutdown$3(245)) - 89ed85b1-8176-4dfc-9ccd-1d09931ed65a: shutdown group-28F02B806AA1
2019-09-19 10:29:29,331 [ForkJoinPool.commonPool-worker-0] INFO  impl.RaftServerImpl (RaftServerImpl.java:lambda$shutdown$3(245)) - 89ed85b1-8176-4dfc-9ccd-1d09931ed65a: shutdown group-9BEA1DFDE8A1
2019-09-19 10:29:29,331 [Thread-1072] INFO  util.JmxRegister (JmxRegister.java:unregister(73)) - Successfully un-registered JMX Bean with object name Ratis:service=RaftServer,group=group-28F02B806AA1,id=89ed85b1-8176-4dfc-9ccd-1d09931ed65a
2019-09-19 10:29:29,331 [ForkJoinPool.commonPool-worker-0] INFO  util.JmxRegister (JmxRegister.java:unregister(73)) - Successfully un-registered JMX Bean with object name Ratis:service=RaftServer,group=group-9BEA1DFDE8A1,id=89ed85b1-8176-4dfc-9ccd-1d09931ed65a
2019-09-19 10:29:29,332 [Thread-1072] INFO  impl.RoleInfo (RoleInfo.java:shutdownLeaderState(104)) - 89ed85b1-8176-4dfc-9ccd-1d09931ed65a: shutdown LeaderState
2019-09-19 10:29:29,332 [ForkJoinPool.commonPool-worker-0] INFO  impl.RoleInfo (RoleInfo.java:shutdownLeaderState(104)) - 89ed85b1-8176-4dfc-9ccd-1d09931ed65a: shutdown LeaderState
2019-09-19 10:29:29,332 [Thread-1072] INFO  impl.PendingRequests (PendingRequests.java:sendNotLeaderResponses(202)) - 89ed85b1-8176-4dfc-9ccd-1d09931ed65a-PendingRequests: sendNotLeaderResponses
2019-09-19 10:29:29,333 [ForkJoinPool.commonPool-worker-0] INFO  impl.PendingRequests (PendingRequests.java:sendNotLeaderResponses(202)) - 89ed85b1-8176-4dfc-9ccd-1d09931ed65a-PendingRequests: sendNotLeaderResponses
2019-09-19 10:29:29,333 [Thread-1072] INFO  impl.StateMachineUpdater (StateMachineUpdater.java:stopAndJoin(115)) - StateMachineUpdater:89ed85b1-8176-4dfc-9ccd-1d09931ed65a:group-28F02B806AA1: set stopIndex = 0
2019-09-19 10:29:29,333 [ForkJoinPool.commonPool-worker-0] INFO  impl.StateMachineUpdater (StateMachineUpdater.java:stopAndJoin(115)) - StateMachineUpdater:89ed85b1-8176-4dfc-9ccd-1d09931ed65a:group-9BEA1DFDE8A1: set stopIndex = 0
2019-09-19 10:29:29,334 [Thread-1072] INFO  impl.RaftServerImpl (ServerState.java:close(394)) - 89ed85b1-8176-4dfc-9ccd-1d09931ed65a:group-28F02B806AA1 closes. The last applied log index is 0
2019-09-19 10:29:29,334 [ForkJoinPool.commonPool-worker-0] INFO  impl.RaftServerImpl (ServerState.java:close(394)) - 89ed85b1-8176-4dfc-9ccd-1d09931ed65a:group-9BEA1DFDE8A1 closes. The last applied log index is 0
2019-09-19 10:29:29,334 [89ed85b1-8176-4dfc-9ccd-1d09931ed65a-SegmentedRaftLogWorker:Storage Directory /workdir/hadoop-ozone/ozonefs/target/test-dir/MiniOzoneClusterImpl-ad08a619-39fc-4bc9-b221-9d2c6ebabba4/datanode-2/data/ratis/644132d4-4cd5-48b0-b9b4-28f02b806aa1] INFO  segmented.SegmentedRaftLogWorker (SegmentedRaftLogWorker.java:run(313)) - 89ed85b1-8176-4dfc-9ccd-1d09931ed65a-SegmentedRaftLogWorker:Storage Directory /workdir/hadoop-ozone/ozonefs/target/test-dir/MiniOzoneClusterImpl-ad08a619-39fc-4bc9-b221-9d2c6ebabba4/datanode-2/data/ratis/644132d4-4cd5-48b0-b9b4-28f02b806aa1 was interrupted, exiting. There are 0 tasks remaining in the queue.
2019-09-19 10:29:29,334 [89ed85b1-8176-4dfc-9ccd-1d09931ed65a-SegmentedRaftLogWorker:Storage Directory /workdir/hadoop-ozone/ozonefs/target/test-dir/MiniOzoneClusterImpl-ad08a619-39fc-4bc9-b221-9d2c6ebabba4/datanode-2/data/ratis/3fff2ac6-f98a-47e7-ad4a-9bea1dfde8a1] INFO  segmented.SegmentedRaftLogWorker (SegmentedRaftLogWorker.java:run(313)) - 89ed85b1-8176-4dfc-9ccd-1d09931ed65a-SegmentedRaftLogWorker:Storage Directory /workdir/hadoop-ozone/ozonefs/target/test-dir/MiniOzoneClusterImpl-ad08a619-39fc-4bc9-b221-9d2c6ebabba4/datanode-2/data/ratis/3fff2ac6-f98a-47e7-ad4a-9bea1dfde8a1 was interrupted, exiting. There are 0 tasks remaining in the queue.
2019-09-19 10:29:29,335 [Thread-1072] INFO  segmented.SegmentedRaftLogWorker (SegmentedRaftLogWorker.java:close(228)) - 89ed85b1-8176-4dfc-9ccd-1d09931ed65a-SegmentedRaftLogWorker:Storage Directory /workdir/hadoop-ozone/ozonefs/target/test-dir/MiniOzoneClusterImpl-ad08a619-39fc-4bc9-b221-9d2c6ebabba4/datanode-2/data/ratis/644132d4-4cd5-48b0-b9b4-28f02b806aa1 close()
2019-09-19 10:29:29,335 [ForkJoinPool.commonPool-worker-0] INFO  segmented.SegmentedRaftLogWorker (SegmentedRaftLogWorker.java:close(228)) - 89ed85b1-8176-4dfc-9ccd-1d09931ed65a-SegmentedRaftLogWorker:Storage Directory /workdir/hadoop-ozone/ozonefs/target/test-dir/MiniOzoneClusterImpl-ad08a619-39fc-4bc9-b221-9d2c6ebabba4/datanode-2/data/ratis/3fff2ac6-f98a-47e7-ad4a-9bea1dfde8a1 close()
2019-09-19 10:29:29,337 [Thread-1072] INFO  impl.RaftServerImpl (RaftServerImpl.java:lambda$shutdown$3(245)) - 89ed85b1-8176-4dfc-9ccd-1d09931ed65a: shutdown group-B64CE79C0201
2019-09-19 10:29:29,339 [ForkJoinPool.commonPool-worker-0] INFO  impl.RaftServerImpl (RaftServerImpl.java:lambda$shutdown$3(245)) - 89ed85b1-8176-4dfc-9ccd-1d09931ed65a: shutdown group-D854E8024F81
2019-09-19 10:29:29,339 [Thread-1072] INFO  util.JmxRegister (JmxRegister.java:unregister(73)) - Successfully un-registered JMX Bean with object name Ratis:service=RaftServer,group=group-B64CE79C0201,id=89ed85b1-8176-4dfc-9ccd-1d09931ed65a
2019-09-19 10:29:29,339 [ForkJoinPool.commonPool-worker-0] INFO  util.JmxRegister (JmxRegister.java:unregister(73)) - Successfully un-registered JMX Bean with object name Ratis:service=RaftServer,group=group-D854E8024F81,id=89ed85b1-8176-4dfc-9ccd-1d09931ed65a
2019-09-19 10:29:29,339 [Thread-1072] INFO  impl.RoleInfo (RoleInfo.java:shutdownLeaderState(104)) - 89ed85b1-8176-4dfc-9ccd-1d09931ed65a: shutdown LeaderState
2019-09-19 10:29:29,340 [ForkJoinPool.commonPool-worker-0] INFO  impl.RoleInfo (RoleInfo.java:shutdownLeaderState(104)) - 89ed85b1-8176-4dfc-9ccd-1d09931ed65a: shutdown LeaderState
2019-09-19 10:29:29,340 [Thread-1072] INFO  impl.PendingRequests (PendingRequests.java:sendNotLeaderResponses(202)) - 89ed85b1-8176-4dfc-9ccd-1d09931ed65a-PendingRequests: sendNotLeaderResponses
2019-09-19 10:29:29,341 [ForkJoinPool.commonPool-worker-0] INFO  impl.PendingRequests (PendingRequests.java:sendNotLeaderResponses(202)) - 89ed85b1-8176-4dfc-9ccd-1d09931ed65a-PendingRequests: sendNotLeaderResponses
2019-09-19 10:29:29,341 [Thread-1072] INFO  impl.StateMachineUpdater (StateMachineUpdater.java:stopAndJoin(115)) - StateMachineUpdater:89ed85b1-8176-4dfc-9ccd-1d09931ed65a:group-B64CE79C0201: set stopIndex = 0
2019-09-19 10:29:29,342 [Thread-1072] INFO  impl.RaftServerImpl (ServerState.java:close(394)) - 89ed85b1-8176-4dfc-9ccd-1d09931ed65a:group-B64CE79C0201 closes. The last applied log index is 0
2019-09-19 10:29:29,341 [ForkJoinPool.commonPool-worker-0] INFO  impl.StateMachineUpdater (StateMachineUpdater.java:stopAndJoin(115)) - StateMachineUpdater:89ed85b1-8176-4dfc-9ccd-1d09931ed65a:group-D854E8024F81: set stopIndex = 0
2019-09-19 10:29:29,343 [ForkJoinPool.commonPool-worker-0] INFO  impl.RaftServerImpl (ServerState.java:close(394)) - 89ed85b1-8176-4dfc-9ccd-1d09931ed65a:group-D854E8024F81 closes. The last applied log index is 0
2019-09-19 10:29:29,343 [89ed85b1-8176-4dfc-9ccd-1d09931ed65a-SegmentedRaftLogWorker:Storage Directory /workdir/hadoop-ozone/ozonefs/target/test-dir/MiniOzoneClusterImpl-ad08a619-39fc-4bc9-b221-9d2c6ebabba4/datanode-2/data/ratis/409c8a9c-c80f-485e-98c5-b64ce79c0201] INFO  segmented.SegmentedRaftLogWorker (SegmentedRaftLogWorker.java:run(313)) - 89ed85b1-8176-4dfc-9ccd-1d09931ed65a-SegmentedRaftLogWorker:Storage Directory /workdir/hadoop-ozone/ozonefs/target/test-dir/MiniOzoneClusterImpl-ad08a619-39fc-4bc9-b221-9d2c6ebabba4/datanode-2/data/ratis/409c8a9c-c80f-485e-98c5-b64ce79c0201 was interrupted, exiting. There are 0 tasks remaining in the queue.
2019-09-19 10:29:29,343 [89ed85b1-8176-4dfc-9ccd-1d09931ed65a-SegmentedRaftLogWorker:Storage Directory /workdir/hadoop-ozone/ozonefs/target/test-dir/MiniOzoneClusterImpl-ad08a619-39fc-4bc9-b221-9d2c6ebabba4/datanode-2/data/ratis/4149014e-a56c-4212-80a4-d854e8024f81] INFO  segmented.SegmentedRaftLogWorker (SegmentedRaftLogWorker.java:run(313)) - 89ed85b1-8176-4dfc-9ccd-1d09931ed65a-SegmentedRaftLogWorker:Storage Directory /workdir/hadoop-ozone/ozonefs/target/test-dir/MiniOzoneClusterImpl-ad08a619-39fc-4bc9-b221-9d2c6ebabba4/datanode-2/data/ratis/4149014e-a56c-4212-80a4-d854e8024f81 was interrupted, exiting. There are 0 tasks remaining in the queue.
2019-09-19 10:29:29,343 [Thread-1072] INFO  segmented.SegmentedRaftLogWorker (SegmentedRaftLogWorker.java:close(228)) - 89ed85b1-8176-4dfc-9ccd-1d09931ed65a-SegmentedRaftLogWorker:Storage Directory /workdir/hadoop-ozone/ozonefs/target/test-dir/MiniOzoneClusterImpl-ad08a619-39fc-4bc9-b221-9d2c6ebabba4/datanode-2/data/ratis/409c8a9c-c80f-485e-98c5-b64ce79c0201 close()
2019-09-19 10:29:29,343 [ForkJoinPool.commonPool-worker-0] INFO  segmented.SegmentedRaftLogWorker (SegmentedRaftLogWorker.java:close(228)) - 89ed85b1-8176-4dfc-9ccd-1d09931ed65a-SegmentedRaftLogWorker:Storage Directory /workdir/hadoop-ozone/ozonefs/target/test-dir/MiniOzoneClusterImpl-ad08a619-39fc-4bc9-b221-9d2c6ebabba4/datanode-2/data/ratis/4149014e-a56c-4212-80a4-d854e8024f81 close()
2019-09-19 10:29:29,345 [Thread-1072] INFO  impl.RaftServerImpl (RaftServerImpl.java:lambda$shutdown$3(245)) - 89ed85b1-8176-4dfc-9ccd-1d09931ed65a: shutdown group-35B5EDC4FD5C
2019-09-19 10:29:29,346 [ForkJoinPool.commonPool-worker-0] INFO  impl.RaftServerImpl (RaftServerImpl.java:lambda$shutdown$3(245)) - 89ed85b1-8176-4dfc-9ccd-1d09931ed65a: shutdown group-691D5BBB0B45
2019-09-19 10:29:29,346 [Thread-1072] INFO  util.JmxRegister (JmxRegister.java:unregister(73)) - Successfully un-registered JMX Bean with object name Ratis:service=RaftServer,group=group-35B5EDC4FD5C,id=89ed85b1-8176-4dfc-9ccd-1d09931ed65a
2019-09-19 10:29:29,346 [ForkJoinPool.commonPool-worker-0] INFO  util.JmxRegister (JmxRegister.java:unregister(73)) - Successfully un-registered JMX Bean with object name Ratis:service=RaftServer,group=group-691D5BBB0B45,id=89ed85b1-8176-4dfc-9ccd-1d09931ed65a
2019-09-19 10:29:29,346 [Thread-1072] INFO  impl.RoleInfo (RoleInfo.java:shutdownLeaderState(104)) - 89ed85b1-8176-4dfc-9ccd-1d09931ed65a: shutdown LeaderState
2019-09-19 10:29:29,347 [ForkJoinPool.commonPool-worker-0] INFO  impl.RoleInfo (RoleInfo.java:shutdownLeaderState(104)) - 89ed85b1-8176-4dfc-9ccd-1d09931ed65a: shutdown LeaderState
2019-09-19 10:29:29,347 [Thread-1072] INFO  impl.PendingRequests (PendingRequests.java:sendNotLeaderResponses(202)) - 89ed85b1-8176-4dfc-9ccd-1d09931ed65a-PendingRequests: sendNotLeaderResponses
2019-09-19 10:29:29,347 [ForkJoinPool.commonPool-worker-0] INFO  impl.PendingRequests (PendingRequests.java:sendNotLeaderResponses(202)) - 89ed85b1-8176-4dfc-9ccd-1d09931ed65a-PendingRequests: sendNotLeaderResponses
2019-09-19 10:29:29,347 [Thread-1072] INFO  impl.StateMachineUpdater (StateMachineUpdater.java:stopAndJoin(115)) - StateMachineUpdater:89ed85b1-8176-4dfc-9ccd-1d09931ed65a:group-35B5EDC4FD5C: set stopIndex = 0
2019-09-19 10:29:29,348 [ForkJoinPool.commonPool-worker-0] INFO  impl.StateMachineUpdater (StateMachineUpdater.java:stopAndJoin(115)) - StateMachineUpdater:89ed85b1-8176-4dfc-9ccd-1d09931ed65a:group-691D5BBB0B45: set stopIndex = 0
2019-09-19 10:29:29,348 [Thread-1072] INFO  impl.RaftServerImpl (ServerState.java:close(394)) - 89ed85b1-8176-4dfc-9ccd-1d09931ed65a:group-35B5EDC4FD5C closes. The last applied log index is 0
2019-09-19 10:29:29,348 [ForkJoinPool.commonPool-worker-0] INFO  impl.RaftServerImpl (ServerState.java:close(394)) - 89ed85b1-8176-4dfc-9ccd-1d09931ed65a:group-691D5BBB0B45 closes. The last applied log index is 0
2019-09-19 10:29:29,348 [89ed85b1-8176-4dfc-9ccd-1d09931ed65a-SegmentedRaftLogWorker:Storage Directory /workdir/hadoop-ozone/ozonefs/target/test-dir/MiniOzoneClusterImpl-ad08a619-39fc-4bc9-b221-9d2c6ebabba4/datanode-2/data/ratis/9d812379-36fc-448b-b4d0-35b5edc4fd5c] INFO  segmented.SegmentedRaftLogWorker (SegmentedRaftLogWorker.java:run(313)) - 89ed85b1-8176-4dfc-9ccd-1d09931ed65a-SegmentedRaftLogWorker:Storage Directory /workdir/hadoop-ozone/ozonefs/target/test-dir/MiniOzoneClusterImpl-ad08a619-39fc-4bc9-b221-9d2c6ebabba4/datanode-2/data/ratis/9d812379-36fc-448b-b4d0-35b5edc4fd5c was interrupted, exiting. There are 0 tasks remaining in the queue.
2019-09-19 10:29:29,349 [89ed85b1-8176-4dfc-9ccd-1d09931ed65a-SegmentedRaftLogWorker:Storage Directory /workdir/hadoop-ozone/ozonefs/target/test-dir/MiniOzoneClusterImpl-ad08a619-39fc-4bc9-b221-9d2c6ebabba4/datanode-2/data/ratis/a86bdc63-94e1-40a5-9942-691d5bbb0b45] INFO  segmented.SegmentedRaftLogWorker (SegmentedRaftLogWorker.java:run(313)) - 89ed85b1-8176-4dfc-9ccd-1d09931ed65a-SegmentedRaftLogWorker:Storage Directory /workdir/hadoop-ozone/ozonefs/target/test-dir/MiniOzoneClusterImpl-ad08a619-39fc-4bc9-b221-9d2c6ebabba4/datanode-2/data/ratis/a86bdc63-94e1-40a5-9942-691d5bbb0b45 was interrupted, exiting. There are 0 tasks remaining in the queue.
2019-09-19 10:29:29,349 [Thread-1072] INFO  segmented.SegmentedRaftLogWorker (SegmentedRaftLogWorker.java:close(228)) - 89ed85b1-8176-4dfc-9ccd-1d09931ed65a-SegmentedRaftLogWorker:Storage Directory /workdir/hadoop-ozone/ozonefs/target/test-dir/MiniOzoneClusterImpl-ad08a619-39fc-4bc9-b221-9d2c6ebabba4/datanode-2/data/ratis/9d812379-36fc-448b-b4d0-35b5edc4fd5c close()
2019-09-19 10:29:29,349 [ForkJoinPool.commonPool-worker-0] INFO  segmented.SegmentedRaftLogWorker (SegmentedRaftLogWorker.java:close(228)) - 89ed85b1-8176-4dfc-9ccd-1d09931ed65a-SegmentedRaftLogWorker:Storage Directory /workdir/hadoop-ozone/ozonefs/target/test-dir/MiniOzoneClusterImpl-ad08a619-39fc-4bc9-b221-9d2c6ebabba4/datanode-2/data/ratis/a86bdc63-94e1-40a5-9942-691d5bbb0b45 close()
2019-09-19 10:29:29,351 [Thread-1072] INFO  server.GrpcService (GrpcService.java:closeImpl(155)) - 89ed85b1-8176-4dfc-9ccd-1d09931ed65a: shutdown server with port 41845 now
2019-09-19 10:29:29,352 [Thread-1072] INFO  server.GrpcService (GrpcService.java:closeImpl(163)) - 89ed85b1-8176-4dfc-9ccd-1d09931ed65a: shutdown server with port 41845 successfully
2019-09-19 10:29:29,357 [Thread-1072] INFO  utils.BackgroundService (BackgroundService.java:shutdown(148)) - Shutting down service BlockDeletingService
2019-09-19 10:29:29,361 [refreshUsed-/workdir/hadoop-ozone/ozonefs/target/test-dir/MiniOzoneClusterImpl-ad08a619-39fc-4bc9-b221-9d2c6ebabba4/datanode-2/data/containers] WARN  fs.CachingGetSpaceUsed (CachingGetSpaceUsed.java:run(183)) - Thread Interrupted waiting to refresh disk information: sleep interrupted
2019-09-19 10:29:29,386 [Thread-1072] INFO  statemachine.DatanodeStateMachine (DatanodeStateMachine.java:stopDaemon(395)) - Ozone container server stopped.
2019-09-19 10:29:29,388 [Thread-1072] INFO  handler.ContextHandler (ContextHandler.java:doStop(910)) - Stopped o.e.j.w.WebAppContext@61bc446e{/,null,UNAVAILABLE}{/hddsDatanode}
2019-09-19 10:29:29,389 [Thread-1072] INFO  server.AbstractConnector (AbstractConnector.java:doStop(318)) - Stopped ServerConnector@a65683c{HTTP/1.1,[http/1.1]}{0.0.0.0:0}
2019-09-19 10:29:29,389 [Thread-1072] INFO  handler.ContextHandler (ContextHandler.java:doStop(910)) - Stopped o.e.j.s.ServletContextHandler@2f2ea97c{/static,jar:file:/home/user/.m2/repository/org/apache/hadoop/hadoop-hdds-container-service/0.5.0-SNAPSHOT/hadoop-hdds-container-service-0.5.0-SNAPSHOT.jar!/webapps/static,UNAVAILABLE}
2019-09-19 10:29:29,390 [Thread-1072] INFO  handler.ContextHandler (ContextHandler.java:doStop(910)) - Stopped o.e.j.s.ServletContextHandler@75ac9ff1{/logs,file:///workdir/hadoop-ozone/ozonefs/target/log,UNAVAILABLE}
2019-09-19 10:29:29,391 [Thread-1072] INFO  ozone.MiniOzoneClusterImpl (MiniOzoneClusterImpl.java:stop(353)) - Stopping the StorageContainerManager
2019-09-19 10:29:29,391 [Thread-1072] INFO  server.StorageContainerManager (StorageContainerManager.java:stop(797)) - Stopping Replication Manager Service.
2019-09-19 10:29:29,391 [Thread-1072] INFO  container.ReplicationManager (ReplicationManager.java:stop(192)) - Stopping Replication Monitor Thread.
2019-09-19 10:29:29,391 [Thread-1072] INFO  server.StorageContainerManager (StorageContainerManager.java:stop(804)) - Stopping Lease Manager of the command watchers
2019-09-19 10:29:29,392 [Thread-1072] INFO  server.StorageContainerManager (StorageContainerManager.java:stop(811)) - Stopping datanode service RPC server
2019-09-19 10:29:29,392 [Thread-1072] INFO  server.SCMDatanodeProtocolServer (SCMDatanodeProtocolServer.java:stop(367)) - Stopping the RPC server for DataNodes
2019-09-19 10:29:29,392 [Thread-1072] INFO  ipc.Server (Server.java:stop(3082)) - Stopping server on 35262
2019-09-19 10:29:29,394 [IPC Server listener on 35262] INFO  ipc.Server (Server.java:run(1185)) - Stopping IPC Server listener on 35262
2019-09-19 10:29:29,396 [IPC Server Responder] INFO  ipc.Server (Server.java:run(1319)) - Stopping IPC Server Responder
2019-09-19 10:29:29,473 [SCM Heartbeat Processing Thread - 0] WARN  node.NodeStateManager (NodeStateManager.java:scheduleNextHealthCheck(655)) - Current Thread is interrupted, shutting down HB processing thread for Node Manager.
2019-09-19 10:29:29,473 [Thread-1072] INFO  server.StorageContainerManager (StorageContainerManager.java:stop(819)) - Stopping block service RPC server
2019-09-19 10:29:29,473 [Thread-1072] INFO  server.SCMBlockProtocolServer (SCMBlockProtocolServer.java:stop(148)) - Stopping the RPC server for Block Protocol
2019-09-19 10:29:29,474 [Thread-1072] INFO  ipc.Server (Server.java:stop(3082)) - Stopping server on 38732
2019-09-19 10:29:29,475 [IPC Server listener on 38732] INFO  ipc.Server (Server.java:run(1185)) - Stopping IPC Server listener on 38732
2019-09-19 10:29:29,476 [Thread-1072] INFO  server.StorageContainerManager (StorageContainerManager.java:stop(826)) - Stopping the StorageContainerLocationProtocol RPC server
2019-09-19 10:29:29,477 [Thread-1072] INFO  server.SCMClientProtocolServer (SCMClientProtocolServer.java:stop(159)) - Stopping the RPC server for Client Protocol
2019-09-19 10:29:29,477 [Thread-1072] INFO  ipc.Server (Server.java:stop(3082)) - Stopping server on 45927
2019-09-19 10:29:29,477 [IPC Server Responder] INFO  ipc.Server (Server.java:run(1319)) - Stopping IPC Server Responder
2019-09-19 10:29:29,478 [IPC Server listener on 45927] INFO  ipc.Server (Server.java:run(1185)) - Stopping IPC Server listener on 45927
2019-09-19 10:29:29,480 [Thread-1072] INFO  server.StorageContainerManager (StorageContainerManager.java:stop(833)) - Stopping Storage Container Manager HTTP server.
2019-09-19 10:29:29,481 [IPC Server Responder] INFO  ipc.Server (Server.java:run(1319)) - Stopping IPC Server Responder
2019-09-19 10:29:29,482 [Thread-1072] INFO  handler.ContextHandler (ContextHandler.java:doStop(910)) - Stopped o.e.j.w.WebAppContext@16ffed13{/,null,UNAVAILABLE}{/scm}
2019-09-19 10:29:29,483 [Thread-1072] INFO  server.AbstractConnector (AbstractConnector.java:doStop(318)) - Stopped ServerConnector@142e7922{HTTP/1.1,[http/1.1]}{0.0.0.0:0}
2019-09-19 10:29:29,484 [Thread-1072] INFO  handler.ContextHandler (ContextHandler.java:doStop(910)) - Stopped o.e.j.s.ServletContextHandler@8eb1ca5{/static,jar:file:/home/user/.m2/repository/org/apache/hadoop/hadoop-hdds-server-scm/0.5.0-SNAPSHOT/hadoop-hdds-server-scm-0.5.0-SNAPSHOT.jar!/webapps/static,UNAVAILABLE}
2019-09-19 10:29:29,484 [Thread-1072] INFO  handler.ContextHandler (ContextHandler.java:doStop(910)) - Stopped o.e.j.s.ServletContextHandler@102c6839{/logs,file:///workdir/hadoop-ozone/ozonefs/target/log,UNAVAILABLE}
2019-09-19 10:29:29,485 [Thread-1072] INFO  server.StorageContainerManager (StorageContainerManager.java:stop(844)) - Stopping Block Manager Service.
2019-09-19 10:29:29,485 [Thread-1072] INFO  utils.BackgroundService (BackgroundService.java:shutdown(148)) - Shutting down service SCMBlockDeletingService
2019-09-19 10:29:29,486 [Thread-1072] INFO  utils.BackgroundService (BackgroundService.java:shutdown(148)) - Shutting down service SCMBlockDeletingService
2019-09-19 10:29:29,486 [Thread-1072] INFO  server.StorageContainerManager (StorageContainerManager.java:stop(866)) - Stopping SCM Event Queue.
2019-09-19 10:29:29,490 [Thread-1072] INFO  impl.MetricsSystemImpl (MetricsSystemImpl.java:stop(210)) - Stopping HddsDatanode metrics system...
2019-09-19 10:29:29,494 [Thread-1072] INFO  impl.MetricsSystemImpl (MetricsSystemImpl.java:stop(216)) - HddsDatanode metrics system stopped.
]]></system-out>
    <system-err><![CDATA[Sep 19, 2019 10:29:13 AM com.sun.jersey.server.impl.application.WebApplicationImpl _initiate
INFO: Initiating Jersey application, version 'Jersey: 1.19 02/11/2015 03:25 AM'
Sep 19, 2019 10:29:13 AM com.sun.jersey.server.impl.application.WebApplicationImpl _initiate
INFO: Initiating Jersey application, version 'Jersey: 1.19 02/11/2015 03:25 AM'
Sep 19, 2019 10:29:13 AM com.sun.jersey.server.impl.application.WebApplicationImpl _initiate
INFO: Initiating Jersey application, version 'Jersey: 1.19 02/11/2015 03:25 AM'
Sep 19, 2019 10:29:19 AM com.sun.jersey.server.impl.application.WebApplicationImpl _initiate
INFO: Initiating Jersey application, version 'Jersey: 1.19 02/11/2015 03:25 AM'
]]></system-err>
  </testcase>
  <testcase name="testDeleteCreatesFakeParentDir" classname="org.apache.hadoop.fs.ozone.TestOzoneFileSystem" time="22.326">
    <error message="Allocated 0 blocks. Requested 1 blocks" type="INTERNAL_ERROR org.apache.hadoop.ozone.om.exceptions.OMException">INTERNAL_ERROR org.apache.hadoop.ozone.om.exceptions.OMException: Allocated 0 blocks. Requested 1 blocks
	at org.apache.hadoop.ozone.om.protocolPB.OzoneManagerProtocolClientSideTranslatorPB.handleError(OzoneManagerProtocolClientSideTranslatorPB.java:725)
	at org.apache.hadoop.ozone.om.protocolPB.OzoneManagerProtocolClientSideTranslatorPB.createFile(OzoneManagerProtocolClientSideTranslatorPB.java:1474)
	at org.apache.hadoop.ozone.client.rpc.RpcClient.createFile(RpcClient.java:984)
	at org.apache.hadoop.ozone.client.OzoneBucket.createFile(OzoneBucket.java:535)
	at org.apache.hadoop.fs.ozone.BasicOzoneClientAdapterImpl.createFile(BasicOzoneClientAdapterImpl.java:181)
	at org.apache.hadoop.fs.ozone.BasicOzoneFileSystem.createOutputStream(BasicOzoneFileSystem.java:249)
	at org.apache.hadoop.fs.ozone.BasicOzoneFileSystem.create(BasicOzoneFileSystem.java:230)
	at org.apache.hadoop.fs.FileSystem.create(FileSystem.java:1118)
	at org.apache.hadoop.fs.FileSystem.create(FileSystem.java:1098)
	at org.apache.hadoop.fs.FileSystem.create(FileSystem.java:987)
	at org.apache.hadoop.fs.contract.ContractTestUtils.createFile(ContractTestUtils.java:633)
	at org.apache.hadoop.fs.contract.ContractTestUtils.touch(ContractTestUtils.java:669)
	at org.apache.hadoop.fs.ozone.TestOzoneFileSystem.testDeleteCreatesFakeParentDir(TestOzoneFileSystem.java:154)
	at sun.reflect.NativeMethodAccessorImpl.invoke0(Native Method)
	at sun.reflect.NativeMethodAccessorImpl.invoke(NativeMethodAccessorImpl.java:62)
	at sun.reflect.DelegatingMethodAccessorImpl.invoke(DelegatingMethodAccessorImpl.java:43)
	at java.lang.reflect.Method.invoke(Method.java:498)
	at org.junit.runners.model.FrameworkMethod$1.runReflectiveCall(FrameworkMethod.java:47)
	at org.junit.internal.runners.model.ReflectiveCallable.run(ReflectiveCallable.java:12)
	at org.junit.runners.model.FrameworkMethod.invokeExplosively(FrameworkMethod.java:44)
	at org.junit.internal.runners.statements.InvokeMethod.evaluate(InvokeMethod.java:17)
	at org.junit.internal.runners.statements.RunBefores.evaluate(RunBefores.java:26)
	at org.junit.internal.runners.statements.RunAfters.evaluate(RunAfters.java:27)
	at org.junit.internal.runners.statements.FailOnTimeout$StatementThread.run(FailOnTimeout.java:74)
</error>
    <system-out><![CDATA[2019-09-19 10:29:29,535 [Thread-1340] WARN  server.ServerUtils (ServerUtils.java:getScmDbDir(145)) - ozone.scm.db.dirs is not configured. We recommend adding this setting. Falling back to ozone.metadata.dirs instead.
2019-09-19 10:29:29,569 [Thread-1340] WARN  server.ServerUtils (ServerUtils.java:getScmDbDir(145)) - ozone.scm.db.dirs is not configured. We recommend adding this setting. Falling back to ozone.metadata.dirs instead.
2019-09-19 10:29:29,569 [Thread-1340] WARN  server.ServerUtils (ServerUtils.java:getScmDbDir(145)) - ozone.scm.db.dirs is not configured. We recommend adding this setting. Falling back to ozone.metadata.dirs instead.
2019-09-19 10:29:29,570 [Thread-1340] INFO  db.DBStoreBuilder (DBStoreBuilder.java:addTable(110)) - using custom profile for table: deletedBlocks
2019-09-19 10:29:29,570 [Thread-1340] INFO  db.DBStoreBuilder (DBStoreBuilder.java:processTables(161)) - Using default column profile:DBProfile.DISK for Table:deletedBlocks
2019-09-19 10:29:29,570 [Thread-1340] INFO  db.DBStoreBuilder (DBStoreBuilder.java:addTable(110)) - using custom profile for table: validCerts
2019-09-19 10:29:29,570 [Thread-1340] INFO  db.DBStoreBuilder (DBStoreBuilder.java:processTables(161)) - Using default column profile:DBProfile.DISK for Table:validCerts
2019-09-19 10:29:29,570 [Thread-1340] INFO  db.DBStoreBuilder (DBStoreBuilder.java:addTable(110)) - using custom profile for table: revokedCerts
2019-09-19 10:29:29,570 [Thread-1340] INFO  db.DBStoreBuilder (DBStoreBuilder.java:processTables(161)) - Using default column profile:DBProfile.DISK for Table:revokedCerts
2019-09-19 10:29:29,570 [Thread-1340] INFO  db.DBStoreBuilder (DBStoreBuilder.java:addTable(110)) - using custom profile for table: default
2019-09-19 10:29:29,571 [Thread-1340] INFO  db.DBStoreBuilder (DBStoreBuilder.java:processTables(167)) - Using default column profile:DBProfile.DISK for Table:default
2019-09-19 10:29:29,571 [Thread-1340] INFO  db.DBStoreBuilder (DBStoreBuilder.java:getDbProfile(198)) - Using default options. DBProfile.DISK
2019-09-19 10:29:32,008 [Thread-1340] INFO  net.NodeSchemaLoader (NodeSchemaLoader.java:loadSchemaFromFile(125)) - Loading file from sun.misc.CompoundEnumeration@5e32198c
2019-09-19 10:29:32,009 [Thread-1340] INFO  net.NodeSchemaLoader (NodeSchemaLoader.java:loadSchema(171)) - Loading network topology layer schema file
2019-09-19 10:29:32,015 [Thread-1340] WARN  server.ServerUtils (ServerUtils.java:sanitizeUserArgs(70)) - ozone.scm.stale.node.interval value = 300000 is larger than max = 100000 based on the key value of ozone.scm.heartbeat.thread.interval, reset to the max value 100000.
2019-09-19 10:29:32,016 [Thread-1340] WARN  server.ServerUtils (ServerUtils.java:sanitizeUserArgs(70)) - ozone.scm.stale.node.interval value = 300000 is larger than max = 100000 based on the key value of ozone.scm.heartbeat.thread.interval, reset to the max value 100000.
2019-09-19 10:29:32,016 [Thread-1340] INFO  node.SCMNodeManager (SCMNodeManager.java:<init>(121)) - Entering startup safe mode.
2019-09-19 10:29:32,017 [Thread-1340] INFO  algorithms.ContainerPlacementPolicyFactory (ContainerPlacementPolicyFactory.java:getPolicy(56)) - Create container placement policy of type org.apache.hadoop.hdds.scm.container.placement.algorithms.SCMContainerPlacementRandom
2019-09-19 10:29:32,017 [Thread-1340] WARN  server.ServerUtils (ServerUtils.java:getScmDbDir(145)) - ozone.scm.db.dirs is not configured. We recommend adding this setting. Falling back to ozone.metadata.dirs instead.
2019-09-19 10:29:32,574 [Thread-1340] INFO  pipeline.SCMPipelineManager (SCMPipelineManager.java:initializePipelineState(126)) - No pipeline exists in current db
2019-09-19 10:29:32,574 [Thread-1340] WARN  server.ServerUtils (ServerUtils.java:getScmDbDir(145)) - ozone.scm.db.dirs is not configured. We recommend adding this setting. Falling back to ozone.metadata.dirs instead.
2019-09-19 10:29:33,147 [Thread-1340] WARN  events.EventQueue (EventQueue.java:fireEvent(175)) - No event handler registered for event TypedEvent{payloadType=SafeModeStatus, name='SafeModeStatus'}
2019-09-19 10:29:33,148 [Thread-1340] INFO  ipc.CallQueueManager (CallQueueManager.java:<init>(84)) - Using callQueue: class java.util.concurrent.LinkedBlockingQueue, queueCapacity: 2000, scheduler: class org.apache.hadoop.ipc.DefaultRpcScheduler, ipcBackoff: false.
2019-09-19 10:29:33,148 [Socket Reader #1 for port 33860] INFO  ipc.Server (Server.java:run(1074)) - Starting Socket Reader #1 for port 33860
2019-09-19 10:29:33,150 [Thread-1340] INFO  ipc.CallQueueManager (CallQueueManager.java:<init>(84)) - Using callQueue: class java.util.concurrent.LinkedBlockingQueue, queueCapacity: 2000, scheduler: class org.apache.hadoop.ipc.DefaultRpcScheduler, ipcBackoff: false.
2019-09-19 10:29:33,150 [Socket Reader #1 for port 44736] INFO  ipc.Server (Server.java:run(1074)) - Starting Socket Reader #1 for port 44736
2019-09-19 10:29:33,152 [Thread-1340] INFO  ipc.CallQueueManager (CallQueueManager.java:<init>(84)) - Using callQueue: class java.util.concurrent.LinkedBlockingQueue, queueCapacity: 2000, scheduler: class org.apache.hadoop.ipc.DefaultRpcScheduler, ipcBackoff: false.
2019-09-19 10:29:33,152 [Socket Reader #1 for port 33631] INFO  ipc.Server (Server.java:run(1074)) - Starting Socket Reader #1 for port 33631
2019-09-19 10:29:33,154 [Thread-1340] INFO  hdfs.DFSUtil (DFSUtil.java:httpServerTemplateForNNAndJN(1641)) - Starting Web-server for scm at: http://0.0.0.0:0
2019-09-19 10:29:33,157 [Thread-1340] INFO  server.AuthenticationFilter (AuthenticationFilter.java:constructSecretProvider(240)) - Unable to initialize FileSignerSecretProvider, falling back to use random secrets.
2019-09-19 10:29:33,158 [Thread-1340] WARN  http.HttpRequestLog (HttpRequestLog.java:getRequestLog(97)) - Jetty request log can only be enabled using Log4j
2019-09-19 10:29:33,161 [Thread-1340] INFO  http.HttpServer2 (HttpServer2.java:addGlobalFilter(975)) - Added global filter 'safety' (class=org.apache.hadoop.http.HttpServer2$QuotingInputFilter)
2019-09-19 10:29:33,162 [Thread-1340] INFO  http.HttpServer2 (HttpServer2.java:addFilter(948)) - Added filter static_user_filter (class=org.apache.hadoop.http.lib.StaticUserWebFilter$StaticUserFilter) to context scm
2019-09-19 10:29:33,162 [Thread-1340] INFO  http.HttpServer2 (HttpServer2.java:addFilter(958)) - Added filter static_user_filter (class=org.apache.hadoop.http.lib.StaticUserWebFilter$StaticUserFilter) to context logs
2019-09-19 10:29:33,162 [Thread-1340] INFO  http.HttpServer2 (HttpServer2.java:addFilter(958)) - Added filter static_user_filter (class=org.apache.hadoop.http.lib.StaticUserWebFilter$StaticUserFilter) to context static
2019-09-19 10:29:33,164 [Thread-1340] INFO  server.StorageContainerManager (StorageContainerManager.java:start(759)) - StorageContainerLocationProtocol RPC server is listening at /0.0.0.0:33631
2019-09-19 10:29:33,167 [Thread-1340] WARN  impl.MetricsConfig (MetricsConfig.java:loadFirst(134)) - Cannot locate configuration: tried hadoop-metrics2-storagecontainermanager.properties,hadoop-metrics2.properties
2019-09-19 10:29:33,168 [Thread-1340] INFO  impl.MetricsSystemImpl (MetricsSystemImpl.java:startTimer(374)) - Scheduled Metric snapshot period at 10 second(s).
2019-09-19 10:29:33,168 [Thread-1340] INFO  impl.MetricsSystemImpl (MetricsSystemImpl.java:start(191)) - StorageContainerManager metrics system started
2019-09-19 10:29:33,228 [Thread-1340] INFO  server.SCMClientProtocolServer (SCMClientProtocolServer.java:start(151)) - RPC server for Client  is listening at /0.0.0.0:33631
2019-09-19 10:29:33,229 [IPC Server Responder] INFO  ipc.Server (Server.java:run(1314)) - IPC Server Responder: starting
2019-09-19 10:29:33,229 [IPC Server listener on 33631] INFO  ipc.Server (Server.java:run(1153)) - IPC Server listener on 33631: starting
2019-09-19 10:29:33,232 [Thread-1340] INFO  server.StorageContainerManager (StorageContainerManager.java:start(769)) - ScmBlockLocationProtocol RPC server is listening at /0.0.0.0:44736
2019-09-19 10:29:33,232 [Thread-1340] INFO  server.SCMBlockProtocolServer (SCMBlockProtocolServer.java:start(140)) - RPC server for Block Protocol is listening at /0.0.0.0:44736
2019-09-19 10:29:33,233 [IPC Server Responder] INFO  ipc.Server (Server.java:run(1314)) - IPC Server Responder: starting
2019-09-19 10:29:33,233 [IPC Server listener on 44736] INFO  ipc.Server (Server.java:run(1153)) - IPC Server listener on 44736: starting
2019-09-19 10:29:33,236 [Thread-1340] INFO  server.StorageContainerManager (StorageContainerManager.java:start(773)) - ScmDatanodeProtocl RPC server is listening at /0.0.0.0:33860
2019-09-19 10:29:33,236 [Thread-1340] INFO  server.SCMDatanodeProtocolServer (SCMDatanodeProtocolServer.java:start(191)) - RPC server for DataNodes is listening at /0.0.0.0:33860
2019-09-19 10:29:33,237 [IPC Server Responder] INFO  ipc.Server (Server.java:run(1314)) - IPC Server Responder: starting
2019-09-19 10:29:33,238 [IPC Server listener on 33860] INFO  ipc.Server (Server.java:run(1153)) - IPC Server listener on 33860: starting
2019-09-19 10:29:33,241 [Thread-1340] INFO  http.HttpServer2 (HttpServer2.java:bindListener(1191)) - Jetty bound to port 35442
2019-09-19 10:29:33,241 [Thread-1340] INFO  server.Server (Server.java:doStart(351)) - jetty-9.3.24.v20180605, build timestamp: 2018-06-05T17:11:56Z, git hash: 84205aa28f11a4f31f2a3b86d1bba2cc8ab69827
2019-09-19 10:29:33,243 [Thread-1340] INFO  handler.ContextHandler (ContextHandler.java:doStart(781)) - Started o.e.j.s.ServletContextHandler@29857d26{/logs,file:///workdir/hadoop-ozone/ozonefs/target/log,AVAILABLE}
2019-09-19 10:29:33,244 [Thread-1340] INFO  handler.ContextHandler (ContextHandler.java:doStart(781)) - Started o.e.j.s.ServletContextHandler@69a2324f{/static,jar:file:/home/user/.m2/repository/org/apache/hadoop/hadoop-hdds-server-scm/0.5.0-SNAPSHOT/hadoop-hdds-server-scm-0.5.0-SNAPSHOT.jar!/webapps/static,AVAILABLE}
2019-09-19 10:29:33,364 [Thread-1340] INFO  handler.ContextHandler (ContextHandler.java:doStart(781)) - Started o.e.j.w.WebAppContext@7f26a85f{/,file:///tmp/jetty-0.0.0.0-35442-scm-_-any-8178360783302284962.dir/webapp/,AVAILABLE}{/scm}
2019-09-19 10:29:33,365 [Thread-1340] INFO  server.AbstractConnector (AbstractConnector.java:doStart(278)) - Started ServerConnector@2b20de76{HTTP/1.1,[http/1.1]}{0.0.0.0:35442}
2019-09-19 10:29:33,366 [Thread-1340] INFO  server.Server (Server.java:doStart(419)) - Started @124475ms
2019-09-19 10:29:33,368 [Thread-1340] INFO  server.BaseHttpServer (BaseHttpServer.java:updateConnectorAddress(213)) - HTTP server of SCM is listening at http://0.0.0.0:35442
2019-09-19 10:29:33,369 [Thread-1340] WARN  server.ServerUtils (ServerUtils.java:getDBPath(222)) - ozone.om.db.dirs is not configured. We recommend adding this setting. Falling back to ozone.metadata.dirs instead.
2019-09-19 10:29:33,370 [org.apache.hadoop.util.JvmPauseMonitor$Monitor@49a1ce85] INFO  util.JvmPauseMonitor (JvmPauseMonitor.java:run(188)) - Starting JVM pause monitor
2019-09-19 10:29:33,391 [Thread-1340] WARN  server.ServerUtils (ServerUtils.java:getDBPath(222)) - ozone.om.db.dirs is not configured. We recommend adding this setting. Falling back to ozone.metadata.dirs instead.
2019-09-19 10:29:33,391 [Thread-1340] WARN  server.ServerUtils (ServerUtils.java:getDBPath(222)) - ozone.om.db.dirs is not configured. We recommend adding this setting. Falling back to ozone.metadata.dirs instead.
2019-09-19 10:29:33,392 [Thread-1340] INFO  om.OzoneManager (OzoneManager.java:setOMNodeDetails(645)) - OM Service ID is not set. Setting it to the default ID: omServiceIdDefault
2019-09-19 10:29:33,392 [Thread-1340] INFO  om.OzoneManager (OzoneManager.java:setOMNodeDetails(651)) - OM Node ID is not set. Setting it to the OmStorage's OmID: ebc62f77-8d1f-49ad-a12d-d258e9128bfd
2019-09-19 10:29:33,392 [Thread-1340] INFO  om.OzoneManager (OzoneManager.java:loadOMHAConfigs(602)) - Found matching OM address with OMServiceId: null, OMNodeId: null, RPC Address: localhost:0 and Ratis port: 9872
2019-09-19 10:29:33,397 | INFO  | SCMAudit | user=jenkins1000 | ip=192.168.157.204 | op=GET_SCM_INFO null | ret=SUCCESS |  
2019-09-19 10:29:33,399 [Thread-1340] WARN  server.ServerUtils (ServerUtils.java:getDBPath(222)) - ozone.om.db.dirs is not configured. We recommend adding this setting. Falling back to ozone.metadata.dirs instead.
2019-09-19 10:29:33,400 [Thread-1340] INFO  db.DBStoreBuilder (DBStoreBuilder.java:addTable(110)) - using custom profile for table: userTable
2019-09-19 10:29:33,400 [Thread-1340] INFO  db.DBStoreBuilder (DBStoreBuilder.java:processTables(161)) - Using default column profile:DBProfile.DISK for Table:userTable
2019-09-19 10:29:33,400 [Thread-1340] INFO  db.DBStoreBuilder (DBStoreBuilder.java:addTable(110)) - using custom profile for table: volumeTable
2019-09-19 10:29:33,400 [Thread-1340] INFO  db.DBStoreBuilder (DBStoreBuilder.java:processTables(161)) - Using default column profile:DBProfile.DISK for Table:volumeTable
2019-09-19 10:29:33,400 [Thread-1340] INFO  db.DBStoreBuilder (DBStoreBuilder.java:addTable(110)) - using custom profile for table: bucketTable
2019-09-19 10:29:33,401 [Thread-1340] INFO  db.DBStoreBuilder (DBStoreBuilder.java:processTables(161)) - Using default column profile:DBProfile.DISK for Table:bucketTable
2019-09-19 10:29:33,401 [Thread-1340] INFO  db.DBStoreBuilder (DBStoreBuilder.java:addTable(110)) - using custom profile for table: keyTable
2019-09-19 10:29:33,401 [Thread-1340] INFO  db.DBStoreBuilder (DBStoreBuilder.java:processTables(161)) - Using default column profile:DBProfile.DISK for Table:keyTable
2019-09-19 10:29:33,401 [Thread-1340] INFO  db.DBStoreBuilder (DBStoreBuilder.java:addTable(110)) - using custom profile for table: deletedTable
2019-09-19 10:29:33,401 [Thread-1340] INFO  db.DBStoreBuilder (DBStoreBuilder.java:processTables(161)) - Using default column profile:DBProfile.DISK for Table:deletedTable
2019-09-19 10:29:33,401 [Thread-1340] INFO  db.DBStoreBuilder (DBStoreBuilder.java:addTable(110)) - using custom profile for table: openKeyTable
2019-09-19 10:29:33,402 [Thread-1340] INFO  db.DBStoreBuilder (DBStoreBuilder.java:processTables(161)) - Using default column profile:DBProfile.DISK for Table:openKeyTable
2019-09-19 10:29:33,402 [Thread-1340] INFO  db.DBStoreBuilder (DBStoreBuilder.java:addTable(110)) - using custom profile for table: s3Table
2019-09-19 10:29:33,402 [Thread-1340] INFO  db.DBStoreBuilder (DBStoreBuilder.java:processTables(161)) - Using default column profile:DBProfile.DISK for Table:s3Table
2019-09-19 10:29:33,402 [Thread-1340] INFO  db.DBStoreBuilder (DBStoreBuilder.java:addTable(110)) - using custom profile for table: multipartInfoTable
2019-09-19 10:29:33,402 [Thread-1340] INFO  db.DBStoreBuilder (DBStoreBuilder.java:processTables(161)) - Using default column profile:DBProfile.DISK for Table:multipartInfoTable
2019-09-19 10:29:33,403 [Thread-1340] INFO  db.DBStoreBuilder (DBStoreBuilder.java:addTable(110)) - using custom profile for table: dTokenTable
2019-09-19 10:29:33,403 [Thread-1340] INFO  db.DBStoreBuilder (DBStoreBuilder.java:processTables(161)) - Using default column profile:DBProfile.DISK for Table:dTokenTable
2019-09-19 10:29:33,403 [Thread-1340] INFO  db.DBStoreBuilder (DBStoreBuilder.java:addTable(110)) - using custom profile for table: s3SecretTable
2019-09-19 10:29:33,403 [Thread-1340] INFO  db.DBStoreBuilder (DBStoreBuilder.java:processTables(161)) - Using default column profile:DBProfile.DISK for Table:s3SecretTable
2019-09-19 10:29:33,403 [Thread-1340] INFO  db.DBStoreBuilder (DBStoreBuilder.java:addTable(110)) - using custom profile for table: prefixTable
2019-09-19 10:29:33,403 [Thread-1340] INFO  db.DBStoreBuilder (DBStoreBuilder.java:processTables(161)) - Using default column profile:DBProfile.DISK for Table:prefixTable
2019-09-19 10:29:33,404 [Thread-1340] INFO  db.DBStoreBuilder (DBStoreBuilder.java:addTable(110)) - using custom profile for table: default
2019-09-19 10:29:33,404 [Thread-1340] INFO  db.DBStoreBuilder (DBStoreBuilder.java:processTables(167)) - Using default column profile:DBProfile.DISK for Table:default
2019-09-19 10:29:33,404 [Thread-1340] INFO  db.DBStoreBuilder (DBStoreBuilder.java:getDbProfile(198)) - Using default options. DBProfile.DISK
2019-09-19 10:29:35,626 [Thread-1340] INFO  ipc.CallQueueManager (CallQueueManager.java:<init>(84)) - Using callQueue: class java.util.concurrent.LinkedBlockingQueue, queueCapacity: 2000, scheduler: class org.apache.hadoop.ipc.DefaultRpcScheduler, ipcBackoff: false.
2019-09-19 10:29:35,627 [Socket Reader #1 for port 37335] INFO  ipc.Server (Server.java:run(1074)) - Starting Socket Reader #1 for port 37335
2019-09-19 10:29:35,650 [Thread-1340] INFO  om.OzoneManager (OzoneManager.java:start(1256)) - OzoneManager RPC server is listening at localhost/127.0.0.1:37335
2019-09-19 10:29:35,650 [Thread-1340] INFO  impl.MetricsSystemImpl (MetricsSystemImpl.java:init(158)) - OzoneManager metrics system started (again)
2019-09-19 10:29:35,651 [IPC Server Responder] INFO  ipc.Server (Server.java:run(1314)) - IPC Server Responder: starting
2019-09-19 10:29:35,651 [IPC Server listener on 37335] INFO  ipc.Server (Server.java:run(1153)) - IPC Server listener on 37335: starting
2019-09-19 10:29:35,656 [Thread-1340] INFO  hdfs.DFSUtil (DFSUtil.java:httpServerTemplateForNNAndJN(1641)) - Starting Web-server for ozoneManager at: http://0.0.0.0:0
2019-09-19 10:29:35,658 [Thread-1340] INFO  server.AuthenticationFilter (AuthenticationFilter.java:constructSecretProvider(240)) - Unable to initialize FileSignerSecretProvider, falling back to use random secrets.
2019-09-19 10:29:35,658 [Thread-1340] WARN  http.HttpRequestLog (HttpRequestLog.java:getRequestLog(97)) - Jetty request log can only be enabled using Log4j
2019-09-19 10:29:35,660 [Thread-1340] INFO  http.HttpServer2 (HttpServer2.java:addGlobalFilter(975)) - Added global filter 'safety' (class=org.apache.hadoop.http.HttpServer2$QuotingInputFilter)
2019-09-19 10:29:35,661 [Thread-1340] INFO  http.HttpServer2 (HttpServer2.java:addFilter(948)) - Added filter static_user_filter (class=org.apache.hadoop.http.lib.StaticUserWebFilter$StaticUserFilter) to context ozoneManager
2019-09-19 10:29:35,661 [Thread-1340] INFO  http.HttpServer2 (HttpServer2.java:addFilter(958)) - Added filter static_user_filter (class=org.apache.hadoop.http.lib.StaticUserWebFilter$StaticUserFilter) to context logs
2019-09-19 10:29:35,661 [Thread-1340] INFO  http.HttpServer2 (HttpServer2.java:addFilter(958)) - Added filter static_user_filter (class=org.apache.hadoop.http.lib.StaticUserWebFilter$StaticUserFilter) to context static
2019-09-19 10:29:35,662 [Thread-1340] INFO  http.HttpServer2 (HttpServer2.java:bindListener(1191)) - Jetty bound to port 45835
2019-09-19 10:29:35,662 [Thread-1340] INFO  server.Server (Server.java:doStart(351)) - jetty-9.3.24.v20180605, build timestamp: 2018-06-05T17:11:56Z, git hash: 84205aa28f11a4f31f2a3b86d1bba2cc8ab69827
2019-09-19 10:29:35,664 [Thread-1340] INFO  handler.ContextHandler (ContextHandler.java:doStart(781)) - Started o.e.j.s.ServletContextHandler@6870feb5{/logs,file:///workdir/hadoop-ozone/ozonefs/target/log,AVAILABLE}
2019-09-19 10:29:35,664 [Thread-1340] INFO  handler.ContextHandler (ContextHandler.java:doStart(781)) - Started o.e.j.s.ServletContextHandler@49b370da{/static,jar:file:/home/user/.m2/repository/org/apache/hadoop/hadoop-ozone-ozone-manager/0.5.0-SNAPSHOT/hadoop-ozone-ozone-manager-0.5.0-SNAPSHOT.jar!/webapps/static,AVAILABLE}
2019-09-19 10:29:35,713 [Thread-1340] INFO  handler.ContextHandler (ContextHandler.java:doStart(781)) - Started o.e.j.w.WebAppContext@46064681{/,file:///tmp/jetty-0.0.0.0-45835-ozoneManager-_-any-6001187208936306816.dir/webapp/,AVAILABLE}{/ozoneManager}
2019-09-19 10:29:35,714 [Thread-1340] INFO  server.AbstractConnector (AbstractConnector.java:doStart(278)) - Started ServerConnector@573148b5{HTTP/1.1,[http/1.1]}{0.0.0.0:45835}
2019-09-19 10:29:35,715 [Thread-1340] INFO  server.Server (Server.java:doStart(419)) - Started @126824ms
2019-09-19 10:29:35,715 [Thread-1340] INFO  server.BaseHttpServer (BaseHttpServer.java:updateConnectorAddress(213)) - HTTP server of OZONEMANAGER is listening at http://0.0.0.0:45835
2019-09-19 10:29:35,723 [Thread-1340] INFO  impl.MetricsSystemImpl (MetricsSystemImpl.java:init(158)) - HddsDatanode metrics system started (again)
2019-09-19 10:29:35,725 [Thread-1340] INFO  ozone.HddsDatanodeService (HddsDatanodeService.java:start(184)) - HddsDatanodeService host:pr-hdds-1569-cpgw4-1311585219 ip:192.168.157.204
2019-09-19 10:29:35,733 [Thread-1340] INFO  volume.HddsVolume (HddsVolume.java:<init>(176)) - Creating Volume: /workdir/hadoop-ozone/ozonefs/target/test-dir/MiniOzoneClusterImpl-32add812-2629-4863-a43e-a343e05546f3/datanode-0/data/containers/hdds of  storage type : DISK and capacity : 1482555576320
2019-09-19 10:29:35,733 [Thread-1340] INFO  volume.VolumeSet (VolumeSet.java:initializeVolumeSet(170)) - Added Volume : /workdir/hadoop-ozone/ozonefs/target/test-dir/MiniOzoneClusterImpl-32add812-2629-4863-a43e-a343e05546f3/datanode-0/data/containers/hdds to VolumeSet
2019-09-19 10:29:35,733 [Thread-1340] INFO  volume.ThrottledAsyncChecker (ThrottledAsyncChecker.java:schedule(140)) - Scheduling a check for org.apache.hadoop.ozone.container.common.volume.HddsVolume@71c99e2b
2019-09-19 10:29:35,733 [Thread-1340] INFO  volume.HddsVolumeChecker (HddsVolumeChecker.java:checkAllVolumes(203)) - Scheduled health check for volume org.apache.hadoop.ozone.container.common.volume.HddsVolume@71c99e2b
2019-09-19 10:29:35,753 [Thread-1340] INFO  impl.RaftServerProxy (ConfUtils.java:logGet(43)) - raft.rpc.type = GRPC (default)
2019-09-19 10:29:35,753 [Thread-1340] INFO  grpc.GrpcFactory (GrpcFactory.java:checkPooledByteBufAllocatorUseCacheForAllThreads(45)) - PERFORMANCE WARNING: useCacheForAllThreads is true that may cause Netty to create a lot garbage objects and, as a result, trigger GC.
	It is recommended to disable useCacheForAllThreads by setting -Dorg.apache.ratis.thirdparty.io.netty.allocator.useCacheForAllThreads=false in command line.
2019-09-19 10:29:35,753 [Thread-1340] INFO  grpc.GrpcConfigKeys$Server (ConfUtils.java:logGet(43)) - raft.grpc.server.port = 0 (default)
2019-09-19 10:29:35,753 [Thread-1340] INFO  server.GrpcService (ConfUtils.java:logGet(43)) - raft.grpc.message.size.max = 33570816 (custom)
2019-09-19 10:29:35,753 [Thread-1340] INFO  server.RaftServerConfigKeys (ConfUtils.java:logGet(43)) - raft.server.log.appender.buffer.byte-limit = 33554432 (custom)
2019-09-19 10:29:35,754 [Thread-1340] INFO  server.GrpcService (ConfUtils.java:logGet(43)) - raft.grpc.flow.control.window = 1MB (=1048576) (default)
2019-09-19 10:29:35,754 [Thread-1340] INFO  server.RaftServerConfigKeys (ConfUtils.java:logGet(43)) - raft.server.rpc.request.timeout = 3000ms (default)
2019-09-19 10:29:35,754 [Thread-1340] INFO  server.RaftServerConfigKeys (ConfUtils.java:logGet(43)) - raft.server.storage.dir = [/workdir/hadoop-ozone/ozonefs/target/test-dir/MiniOzoneClusterImpl-32add812-2629-4863-a43e-a343e05546f3/datanode-0/data/ratis] (custom)
2019-09-19 10:29:35,755 [Thread-1340] INFO  replication.SimpleContainerDownloader (SimpleContainerDownloader.java:<init>(72)) - Starting container downloader service to copy containers to replicate.
2019-09-19 10:29:35,756 [Thread-1340] INFO  hdfs.DFSUtil (DFSUtil.java:httpServerTemplateForNNAndJN(1641)) - Starting Web-server for hddsDatanode at: http://0.0.0.0:0
2019-09-19 10:29:35,759 [Thread-1340] INFO  server.AuthenticationFilter (AuthenticationFilter.java:constructSecretProvider(240)) - Unable to initialize FileSignerSecretProvider, falling back to use random secrets.
2019-09-19 10:29:35,759 [Thread-1340] WARN  http.HttpRequestLog (HttpRequestLog.java:getRequestLog(97)) - Jetty request log can only be enabled using Log4j
2019-09-19 10:29:35,761 [Thread-1340] INFO  http.HttpServer2 (HttpServer2.java:addGlobalFilter(975)) - Added global filter 'safety' (class=org.apache.hadoop.http.HttpServer2$QuotingInputFilter)
2019-09-19 10:29:35,762 [Thread-1340] INFO  http.HttpServer2 (HttpServer2.java:addFilter(948)) - Added filter static_user_filter (class=org.apache.hadoop.http.lib.StaticUserWebFilter$StaticUserFilter) to context hddsDatanode
2019-09-19 10:29:35,762 [Thread-1340] INFO  http.HttpServer2 (HttpServer2.java:addFilter(958)) - Added filter static_user_filter (class=org.apache.hadoop.http.lib.StaticUserWebFilter$StaticUserFilter) to context static
2019-09-19 10:29:35,762 [Thread-1340] INFO  http.HttpServer2 (HttpServer2.java:addFilter(958)) - Added filter static_user_filter (class=org.apache.hadoop.http.lib.StaticUserWebFilter$StaticUserFilter) to context logs
2019-09-19 10:29:35,763 [Thread-1340] INFO  http.HttpServer2 (HttpServer2.java:bindListener(1191)) - Jetty bound to port 46699
2019-09-19 10:29:35,763 [Thread-1340] INFO  server.Server (Server.java:doStart(351)) - jetty-9.3.24.v20180605, build timestamp: 2018-06-05T17:11:56Z, git hash: 84205aa28f11a4f31f2a3b86d1bba2cc8ab69827
2019-09-19 10:29:35,764 [Thread-1340] INFO  handler.ContextHandler (ContextHandler.java:doStart(781)) - Started o.e.j.s.ServletContextHandler@5a4197ec{/logs,file:///workdir/hadoop-ozone/ozonefs/target/log,AVAILABLE}
2019-09-19 10:29:35,765 [Thread-1340] INFO  handler.ContextHandler (ContextHandler.java:doStart(781)) - Started o.e.j.s.ServletContextHandler@6f8f94f7{/static,jar:file:/home/user/.m2/repository/org/apache/hadoop/hadoop-hdds-container-service/0.5.0-SNAPSHOT/hadoop-hdds-container-service-0.5.0-SNAPSHOT.jar!/webapps/static,AVAILABLE}
2019-09-19 10:29:35,792 [Thread-1340] INFO  handler.ContextHandler (ContextHandler.java:doStart(781)) - Started o.e.j.w.WebAppContext@3aecf55a{/,file:///tmp/jetty-0.0.0.0-46699-hddsDatanode-_-any-6298785516655348991.dir/webapp/,AVAILABLE}{/hddsDatanode}
2019-09-19 10:29:35,792 [Thread-1340] INFO  server.AbstractConnector (AbstractConnector.java:doStart(278)) - Started ServerConnector@450cd890{HTTP/1.1,[http/1.1]}{0.0.0.0:46699}
2019-09-19 10:29:35,793 [Thread-1340] INFO  server.Server (Server.java:doStart(419)) - Started @126903ms
2019-09-19 10:29:35,794 [Thread-1340] INFO  server.BaseHttpServer (BaseHttpServer.java:updateConnectorAddress(213)) - HTTP server of HDDSDATANODE is listening at http://0.0.0.0:46699
2019-09-19 10:29:35,924 | INFO  | ObjectStoreRestHttpServer | Listening HDDS REST traffic on /0.0.0.0:33870 |  
2019-09-19 10:29:35,924 [Thread-1340] INFO  ozone.HddsDatanodeService (HddsDatanodeService.java:startPlugins(395)) - Started plug-in org.apache.hadoop.ozone.web.OzoneHddsDatanodeService@3f8e3aaa
2019-09-19 10:29:35,925 [Thread-1340] INFO  impl.MetricsSystemImpl (MetricsSystemImpl.java:init(158)) - HddsDatanode metrics system started (again)
2019-09-19 10:29:35,927 [org.apache.hadoop.util.JvmPauseMonitor$Monitor@46e6e629] INFO  util.JvmPauseMonitor (JvmPauseMonitor.java:run(188)) - Starting JVM pause monitor
2019-09-19 10:29:35,927 [Thread-1340] INFO  ozone.HddsDatanodeService (HddsDatanodeService.java:start(184)) - HddsDatanodeService host:pr-hdds-1569-cpgw4-1311585219 ip:192.168.157.204
2019-09-19 10:29:35,931 [Datanode State Machine Thread - 0] INFO  datanode.InitDatanodeState (InitDatanodeState.java:persistContainerDatanodeDetails(140)) - DatanodeDetails is persisted to /workdir/hadoop-ozone/ozonefs/target/test-dir/MiniOzoneClusterImpl-32add812-2629-4863-a43e-a343e05546f3/datanode-0/meta/datanode.id
2019-09-19 10:29:35,935 [Thread-1340] INFO  volume.HddsVolume (HddsVolume.java:<init>(176)) - Creating Volume: /workdir/hadoop-ozone/ozonefs/target/test-dir/MiniOzoneClusterImpl-32add812-2629-4863-a43e-a343e05546f3/datanode-1/data/containers/hdds of  storage type : DISK and capacity : 1482555576320
2019-09-19 10:29:35,936 [Thread-1340] INFO  volume.VolumeSet (VolumeSet.java:initializeVolumeSet(170)) - Added Volume : /workdir/hadoop-ozone/ozonefs/target/test-dir/MiniOzoneClusterImpl-32add812-2629-4863-a43e-a343e05546f3/datanode-1/data/containers/hdds to VolumeSet
2019-09-19 10:29:35,936 [Thread-1340] INFO  volume.ThrottledAsyncChecker (ThrottledAsyncChecker.java:schedule(140)) - Scheduling a check for org.apache.hadoop.ozone.container.common.volume.HddsVolume@b2fa392
2019-09-19 10:29:35,936 [Thread-1340] INFO  volume.HddsVolumeChecker (HddsVolumeChecker.java:checkAllVolumes(203)) - Scheduled health check for volume org.apache.hadoop.ozone.container.common.volume.HddsVolume@b2fa392
2019-09-19 10:29:35,957 [Thread-1340] INFO  impl.RaftServerProxy (ConfUtils.java:logGet(43)) - raft.rpc.type = GRPC (default)
2019-09-19 10:29:35,957 [Thread-1340] INFO  grpc.GrpcFactory (GrpcFactory.java:checkPooledByteBufAllocatorUseCacheForAllThreads(45)) - PERFORMANCE WARNING: useCacheForAllThreads is true that may cause Netty to create a lot garbage objects and, as a result, trigger GC.
	It is recommended to disable useCacheForAllThreads by setting -Dorg.apache.ratis.thirdparty.io.netty.allocator.useCacheForAllThreads=false in command line.
2019-09-19 10:29:35,957 [Thread-1340] INFO  grpc.GrpcConfigKeys$Server (ConfUtils.java:logGet(43)) - raft.grpc.server.port = 0 (default)
2019-09-19 10:29:35,957 [Thread-1340] INFO  server.GrpcService (ConfUtils.java:logGet(43)) - raft.grpc.message.size.max = 33570816 (custom)
2019-09-19 10:29:35,957 [Thread-1340] INFO  server.RaftServerConfigKeys (ConfUtils.java:logGet(43)) - raft.server.log.appender.buffer.byte-limit = 33554432 (custom)
2019-09-19 10:29:35,957 [Thread-1340] INFO  server.GrpcService (ConfUtils.java:logGet(43)) - raft.grpc.flow.control.window = 1MB (=1048576) (default)
2019-09-19 10:29:35,958 [Thread-1340] INFO  server.RaftServerConfigKeys (ConfUtils.java:logGet(43)) - raft.server.rpc.request.timeout = 3000ms (default)
2019-09-19 10:29:35,958 [Thread-1340] INFO  server.RaftServerConfigKeys (ConfUtils.java:logGet(43)) - raft.server.storage.dir = [/workdir/hadoop-ozone/ozonefs/target/test-dir/MiniOzoneClusterImpl-32add812-2629-4863-a43e-a343e05546f3/datanode-1/data/ratis] (custom)
2019-09-19 10:29:35,958 [Thread-1340] INFO  replication.SimpleContainerDownloader (SimpleContainerDownloader.java:<init>(72)) - Starting container downloader service to copy containers to replicate.
2019-09-19 10:29:35,959 [Thread-1340] INFO  hdfs.DFSUtil (DFSUtil.java:httpServerTemplateForNNAndJN(1641)) - Starting Web-server for hddsDatanode at: http://0.0.0.0:0
2019-09-19 10:29:35,961 [Thread-1340] INFO  server.AuthenticationFilter (AuthenticationFilter.java:constructSecretProvider(240)) - Unable to initialize FileSignerSecretProvider, falling back to use random secrets.
2019-09-19 10:29:35,961 [Thread-1340] WARN  http.HttpRequestLog (HttpRequestLog.java:getRequestLog(97)) - Jetty request log can only be enabled using Log4j
2019-09-19 10:29:35,963 [Thread-1340] INFO  http.HttpServer2 (HttpServer2.java:addGlobalFilter(975)) - Added global filter 'safety' (class=org.apache.hadoop.http.HttpServer2$QuotingInputFilter)
2019-09-19 10:29:35,963 [Thread-1340] INFO  http.HttpServer2 (HttpServer2.java:addFilter(948)) - Added filter static_user_filter (class=org.apache.hadoop.http.lib.StaticUserWebFilter$StaticUserFilter) to context hddsDatanode
2019-09-19 10:29:35,963 [Thread-1340] INFO  http.HttpServer2 (HttpServer2.java:addFilter(958)) - Added filter static_user_filter (class=org.apache.hadoop.http.lib.StaticUserWebFilter$StaticUserFilter) to context static
2019-09-19 10:29:35,963 [Thread-1340] INFO  http.HttpServer2 (HttpServer2.java:addFilter(958)) - Added filter static_user_filter (class=org.apache.hadoop.http.lib.StaticUserWebFilter$StaticUserFilter) to context logs
2019-09-19 10:29:35,964 [Thread-1340] INFO  http.HttpServer2 (HttpServer2.java:bindListener(1191)) - Jetty bound to port 33900
2019-09-19 10:29:35,964 [Thread-1340] INFO  server.Server (Server.java:doStart(351)) - jetty-9.3.24.v20180605, build timestamp: 2018-06-05T17:11:56Z, git hash: 84205aa28f11a4f31f2a3b86d1bba2cc8ab69827
2019-09-19 10:29:35,966 [Thread-1340] INFO  handler.ContextHandler (ContextHandler.java:doStart(781)) - Started o.e.j.s.ServletContextHandler@79cab995{/logs,file:///workdir/hadoop-ozone/ozonefs/target/log,AVAILABLE}
2019-09-19 10:29:35,966 [Thread-1340] INFO  handler.ContextHandler (ContextHandler.java:doStart(781)) - Started o.e.j.s.ServletContextHandler@3a2052ac{/static,jar:file:/home/user/.m2/repository/org/apache/hadoop/hadoop-hdds-container-service/0.5.0-SNAPSHOT/hadoop-hdds-container-service-0.5.0-SNAPSHOT.jar!/webapps/static,AVAILABLE}
2019-09-19 10:29:35,993 [Thread-1340] INFO  handler.ContextHandler (ContextHandler.java:doStart(781)) - Started o.e.j.w.WebAppContext@1530caa8{/,file:///tmp/jetty-0.0.0.0-33900-hddsDatanode-_-any-5129864093099049554.dir/webapp/,AVAILABLE}{/hddsDatanode}
2019-09-19 10:29:35,993 [Thread-1340] INFO  server.AbstractConnector (AbstractConnector.java:doStart(278)) - Started ServerConnector@4d91894d{HTTP/1.1,[http/1.1]}{0.0.0.0:33900}
2019-09-19 10:29:35,994 [Thread-1340] INFO  server.Server (Server.java:doStart(419)) - Started @127103ms
2019-09-19 10:29:35,995 [Thread-1340] INFO  server.BaseHttpServer (BaseHttpServer.java:updateConnectorAddress(213)) - HTTP server of HDDSDATANODE is listening at http://0.0.0.0:33900
2019-09-19 10:29:36,114 | INFO  | ObjectStoreRestHttpServer | Listening HDDS REST traffic on /0.0.0.0:34333 |  
2019-09-19 10:29:36,114 [Thread-1340] INFO  ozone.HddsDatanodeService (HddsDatanodeService.java:startPlugins(395)) - Started plug-in org.apache.hadoop.ozone.web.OzoneHddsDatanodeService@289c434c
2019-09-19 10:29:36,115 [Thread-1340] INFO  impl.MetricsSystemImpl (MetricsSystemImpl.java:init(158)) - HddsDatanode metrics system started (again)
2019-09-19 10:29:36,117 [org.apache.hadoop.util.JvmPauseMonitor$Monitor@3c07e75e] INFO  util.JvmPauseMonitor (JvmPauseMonitor.java:run(188)) - Starting JVM pause monitor
2019-09-19 10:29:36,118 [Thread-1340] INFO  ozone.HddsDatanodeService (HddsDatanodeService.java:start(184)) - HddsDatanodeService host:pr-hdds-1569-cpgw4-1311585219 ip:192.168.157.204
2019-09-19 10:29:36,119 [Datanode State Machine Thread - 0] INFO  datanode.InitDatanodeState (InitDatanodeState.java:persistContainerDatanodeDetails(140)) - DatanodeDetails is persisted to /workdir/hadoop-ozone/ozonefs/target/test-dir/MiniOzoneClusterImpl-32add812-2629-4863-a43e-a343e05546f3/datanode-1/meta/datanode.id
2019-09-19 10:29:36,128 [Thread-1340] INFO  volume.HddsVolume (HddsVolume.java:<init>(176)) - Creating Volume: /workdir/hadoop-ozone/ozonefs/target/test-dir/MiniOzoneClusterImpl-32add812-2629-4863-a43e-a343e05546f3/datanode-2/data/containers/hdds of  storage type : DISK and capacity : 1482555576320
2019-09-19 10:29:36,128 [Thread-1340] INFO  volume.VolumeSet (VolumeSet.java:initializeVolumeSet(170)) - Added Volume : /workdir/hadoop-ozone/ozonefs/target/test-dir/MiniOzoneClusterImpl-32add812-2629-4863-a43e-a343e05546f3/datanode-2/data/containers/hdds to VolumeSet
2019-09-19 10:29:36,129 [Thread-1340] INFO  volume.ThrottledAsyncChecker (ThrottledAsyncChecker.java:schedule(140)) - Scheduling a check for org.apache.hadoop.ozone.container.common.volume.HddsVolume@caf55c8
2019-09-19 10:29:36,129 [Thread-1340] INFO  volume.HddsVolumeChecker (HddsVolumeChecker.java:checkAllVolumes(203)) - Scheduled health check for volume org.apache.hadoop.ozone.container.common.volume.HddsVolume@caf55c8
2019-09-19 10:29:36,159 [Thread-1340] INFO  impl.RaftServerProxy (ConfUtils.java:logGet(43)) - raft.rpc.type = GRPC (default)
2019-09-19 10:29:36,159 [Thread-1340] INFO  grpc.GrpcFactory (GrpcFactory.java:checkPooledByteBufAllocatorUseCacheForAllThreads(45)) - PERFORMANCE WARNING: useCacheForAllThreads is true that may cause Netty to create a lot garbage objects and, as a result, trigger GC.
	It is recommended to disable useCacheForAllThreads by setting -Dorg.apache.ratis.thirdparty.io.netty.allocator.useCacheForAllThreads=false in command line.
2019-09-19 10:29:36,159 [Thread-1340] INFO  grpc.GrpcConfigKeys$Server (ConfUtils.java:logGet(43)) - raft.grpc.server.port = 0 (default)
2019-09-19 10:29:36,159 [Thread-1340] INFO  server.GrpcService (ConfUtils.java:logGet(43)) - raft.grpc.message.size.max = 33570816 (custom)
2019-09-19 10:29:36,160 [Thread-1340] INFO  server.RaftServerConfigKeys (ConfUtils.java:logGet(43)) - raft.server.log.appender.buffer.byte-limit = 33554432 (custom)
2019-09-19 10:29:36,160 [Thread-1340] INFO  server.GrpcService (ConfUtils.java:logGet(43)) - raft.grpc.flow.control.window = 1MB (=1048576) (default)
2019-09-19 10:29:36,160 [Thread-1340] INFO  server.RaftServerConfigKeys (ConfUtils.java:logGet(43)) - raft.server.rpc.request.timeout = 3000ms (default)
2019-09-19 10:29:36,161 [Thread-1340] INFO  server.RaftServerConfigKeys (ConfUtils.java:logGet(43)) - raft.server.storage.dir = [/workdir/hadoop-ozone/ozonefs/target/test-dir/MiniOzoneClusterImpl-32add812-2629-4863-a43e-a343e05546f3/datanode-2/data/ratis] (custom)
2019-09-19 10:29:36,161 [Thread-1340] INFO  replication.SimpleContainerDownloader (SimpleContainerDownloader.java:<init>(72)) - Starting container downloader service to copy containers to replicate.
2019-09-19 10:29:36,162 [Thread-1340] INFO  hdfs.DFSUtil (DFSUtil.java:httpServerTemplateForNNAndJN(1641)) - Starting Web-server for hddsDatanode at: http://0.0.0.0:0
2019-09-19 10:29:36,165 [Thread-1340] INFO  server.AuthenticationFilter (AuthenticationFilter.java:constructSecretProvider(240)) - Unable to initialize FileSignerSecretProvider, falling back to use random secrets.
2019-09-19 10:29:36,165 [Thread-1340] WARN  http.HttpRequestLog (HttpRequestLog.java:getRequestLog(97)) - Jetty request log can only be enabled using Log4j
2019-09-19 10:29:36,167 [Thread-1340] INFO  http.HttpServer2 (HttpServer2.java:addGlobalFilter(975)) - Added global filter 'safety' (class=org.apache.hadoop.http.HttpServer2$QuotingInputFilter)
2019-09-19 10:29:36,168 [Thread-1340] INFO  http.HttpServer2 (HttpServer2.java:addFilter(948)) - Added filter static_user_filter (class=org.apache.hadoop.http.lib.StaticUserWebFilter$StaticUserFilter) to context hddsDatanode
2019-09-19 10:29:36,168 [Thread-1340] INFO  http.HttpServer2 (HttpServer2.java:addFilter(958)) - Added filter static_user_filter (class=org.apache.hadoop.http.lib.StaticUserWebFilter$StaticUserFilter) to context static
2019-09-19 10:29:36,169 [Thread-1340] INFO  http.HttpServer2 (HttpServer2.java:addFilter(958)) - Added filter static_user_filter (class=org.apache.hadoop.http.lib.StaticUserWebFilter$StaticUserFilter) to context logs
2019-09-19 10:29:36,169 [Thread-1340] INFO  http.HttpServer2 (HttpServer2.java:bindListener(1191)) - Jetty bound to port 32928
2019-09-19 10:29:36,170 [Thread-1340] INFO  server.Server (Server.java:doStart(351)) - jetty-9.3.24.v20180605, build timestamp: 2018-06-05T17:11:56Z, git hash: 84205aa28f11a4f31f2a3b86d1bba2cc8ab69827
2019-09-19 10:29:36,172 [Thread-1340] INFO  handler.ContextHandler (ContextHandler.java:doStart(781)) - Started o.e.j.s.ServletContextHandler@440df241{/logs,file:///workdir/hadoop-ozone/ozonefs/target/log,AVAILABLE}
2019-09-19 10:29:36,172 [Thread-1340] INFO  handler.ContextHandler (ContextHandler.java:doStart(781)) - Started o.e.j.s.ServletContextHandler@86d505c{/static,jar:file:/home/user/.m2/repository/org/apache/hadoop/hadoop-hdds-container-service/0.5.0-SNAPSHOT/hadoop-hdds-container-service-0.5.0-SNAPSHOT.jar!/webapps/static,AVAILABLE}
2019-09-19 10:29:36,207 [Thread-1340] INFO  handler.ContextHandler (ContextHandler.java:doStart(781)) - Started o.e.j.w.WebAppContext@3ecb67d4{/,file:///tmp/jetty-0.0.0.0-32928-hddsDatanode-_-any-8739441094533073797.dir/webapp/,AVAILABLE}{/hddsDatanode}
2019-09-19 10:29:36,207 [Thread-1340] INFO  server.AbstractConnector (AbstractConnector.java:doStart(278)) - Started ServerConnector@5fad89e1{HTTP/1.1,[http/1.1]}{0.0.0.0:32928}
2019-09-19 10:29:36,208 [Thread-1340] INFO  server.Server (Server.java:doStart(419)) - Started @127317ms
2019-09-19 10:29:36,209 [Thread-1340] INFO  server.BaseHttpServer (BaseHttpServer.java:updateConnectorAddress(213)) - HTTP server of HDDSDATANODE is listening at http://0.0.0.0:32928
2019-09-19 10:29:36,388 | INFO  | ObjectStoreRestHttpServer | Listening HDDS REST traffic on /0.0.0.0:46624 |  
2019-09-19 10:29:36,389 [Thread-1340] INFO  ozone.HddsDatanodeService (HddsDatanodeService.java:startPlugins(395)) - Started plug-in org.apache.hadoop.ozone.web.OzoneHddsDatanodeService@5518e1d0
2019-09-19 10:29:36,389 [Thread-1340] INFO  ozone.MiniOzoneClusterImpl (MiniOzoneClusterImpl.java:lambda$waitForClusterToBeReady$0(142)) - Waiting for cluster to be ready. Got 0 of 3 DN Heartbeats.
2019-09-19 10:29:36,391 [org.apache.hadoop.util.JvmPauseMonitor$Monitor@18435ee6] INFO  util.JvmPauseMonitor (JvmPauseMonitor.java:run(188)) - Starting JVM pause monitor
2019-09-19 10:29:36,393 [Datanode State Machine Thread - 0] INFO  datanode.InitDatanodeState (InitDatanodeState.java:persistContainerDatanodeDetails(140)) - DatanodeDetails is persisted to /workdir/hadoop-ozone/ozonefs/target/test-dir/MiniOzoneClusterImpl-32add812-2629-4863-a43e-a343e05546f3/datanode-2/meta/datanode.id
2019-09-19 10:29:37,389 [Thread-1340] INFO  ozone.MiniOzoneClusterImpl (MiniOzoneClusterImpl.java:lambda$waitForClusterToBeReady$0(142)) - Waiting for cluster to be ready. Got 0 of 3 DN Heartbeats.
2019-09-19 10:29:37,932 | INFO  | SCMAudit | user=jenkins1000 | ip=192.168.157.204 | op=GET_VERSION null | ret=SUCCESS |  
2019-09-19 10:29:37,946 [Datanode State Machine Thread - 0] INFO  ozoneimpl.OzoneContainer (OzoneContainer.java:start(186)) - Attempting to start container services.
2019-09-19 10:29:37,946 [Datanode State Machine Thread - 0] INFO  ozoneimpl.OzoneContainer (OzoneContainer.java:startContainerScrub(160)) - Background container scrubber has been disabled by hdds.containerscrub.enabled
2019-09-19 10:29:37,946 [Datanode State Machine Thread - 0] INFO  ratis.XceiverServerRatis (XceiverServerRatis.java:start(404)) - Starting XceiverServerRatis 92d05276-1016-4158-a152-8ea5a77b5f75 at port 0
2019-09-19 10:29:37,952 [Datanode State Machine Thread - 0] INFO  impl.RaftServerProxy (RaftServerProxy.java:lambda$start$3(299)) - 92d05276-1016-4158-a152-8ea5a77b5f75: start RPC server
2019-09-19 10:29:37,955 [Datanode State Machine Thread - 0] INFO  server.GrpcService (GrpcService.java:startImpl(149)) - 92d05276-1016-4158-a152-8ea5a77b5f75: GrpcService started, listening on 0.0.0.0/0.0.0.0:40285
2019-09-19 10:29:37,955 [Datanode State Machine Thread - 0] INFO  ratis.XceiverServerRatis (XceiverServerRatis.java:start(414)) - XceiverServerRatis 92d05276-1016-4158-a152-8ea5a77b5f75 is started using port 40285
2019-09-19 10:29:37,955 [Datanode State Machine Thread - 0] INFO  server.XceiverServerGrpc (XceiverServerGrpc.java:start(163)) - XceiverServerGrpc 92d05276-1016-4158-a152-8ea5a77b5f75 is started using port 40129
2019-09-19 10:29:38,119 | INFO  | SCMAudit | user=jenkins1000 | ip=192.168.157.204 | op=GET_VERSION null | ret=SUCCESS |  
2019-09-19 10:29:38,135 [Datanode State Machine Thread - 0] INFO  ozoneimpl.OzoneContainer (OzoneContainer.java:start(186)) - Attempting to start container services.
2019-09-19 10:29:38,135 [Datanode State Machine Thread - 0] INFO  ozoneimpl.OzoneContainer (OzoneContainer.java:startContainerScrub(160)) - Background container scrubber has been disabled by hdds.containerscrub.enabled
2019-09-19 10:29:38,135 [Datanode State Machine Thread - 0] INFO  ratis.XceiverServerRatis (XceiverServerRatis.java:start(404)) - Starting XceiverServerRatis 4c16d390-576f-4855-a796-467600b42ac4 at port 0
2019-09-19 10:29:38,142 [Datanode State Machine Thread - 0] INFO  impl.RaftServerProxy (RaftServerProxy.java:lambda$start$3(299)) - 4c16d390-576f-4855-a796-467600b42ac4: start RPC server
2019-09-19 10:29:38,144 [Datanode State Machine Thread - 0] INFO  server.GrpcService (GrpcService.java:startImpl(149)) - 4c16d390-576f-4855-a796-467600b42ac4: GrpcService started, listening on 0.0.0.0/0.0.0.0:46105
2019-09-19 10:29:38,144 [Datanode State Machine Thread - 0] INFO  ratis.XceiverServerRatis (XceiverServerRatis.java:start(414)) - XceiverServerRatis 4c16d390-576f-4855-a796-467600b42ac4 is started using port 46105
2019-09-19 10:29:38,144 [Datanode State Machine Thread - 0] INFO  server.XceiverServerGrpc (XceiverServerGrpc.java:start(163)) - XceiverServerGrpc 4c16d390-576f-4855-a796-467600b42ac4 is started using port 44983
2019-09-19 10:29:38,390 [Thread-1340] INFO  ozone.MiniOzoneClusterImpl (MiniOzoneClusterImpl.java:lambda$waitForClusterToBeReady$0(142)) - Waiting for cluster to be ready. Got 0 of 3 DN Heartbeats.
2019-09-19 10:29:38,392 | INFO  | SCMAudit | user=jenkins1000 | ip=192.168.157.204 | op=GET_VERSION null | ret=SUCCESS |  
2019-09-19 10:29:38,406 [Datanode State Machine Thread - 0] INFO  ozoneimpl.OzoneContainer (OzoneContainer.java:start(186)) - Attempting to start container services.
2019-09-19 10:29:38,406 [Datanode State Machine Thread - 0] INFO  ozoneimpl.OzoneContainer (OzoneContainer.java:startContainerScrub(160)) - Background container scrubber has been disabled by hdds.containerscrub.enabled
2019-09-19 10:29:38,406 [Datanode State Machine Thread - 0] INFO  ratis.XceiverServerRatis (XceiverServerRatis.java:start(404)) - Starting XceiverServerRatis b949f978-e97b-4741-8244-536fe4f5bb8a at port 0
2019-09-19 10:29:38,414 [Datanode State Machine Thread - 0] INFO  impl.RaftServerProxy (RaftServerProxy.java:lambda$start$3(299)) - b949f978-e97b-4741-8244-536fe4f5bb8a: start RPC server
2019-09-19 10:29:38,415 [Datanode State Machine Thread - 0] INFO  server.GrpcService (GrpcService.java:startImpl(149)) - b949f978-e97b-4741-8244-536fe4f5bb8a: GrpcService started, listening on 0.0.0.0/0.0.0.0:35409
2019-09-19 10:29:38,415 [Datanode State Machine Thread - 0] INFO  ratis.XceiverServerRatis (XceiverServerRatis.java:start(414)) - XceiverServerRatis b949f978-e97b-4741-8244-536fe4f5bb8a is started using port 35409
2019-09-19 10:29:38,417 [Datanode State Machine Thread - 0] INFO  server.XceiverServerGrpc (XceiverServerGrpc.java:start(163)) - XceiverServerGrpc b949f978-e97b-4741-8244-536fe4f5bb8a is started using port 44911
2019-09-19 10:29:39,390 [Thread-1340] INFO  ozone.MiniOzoneClusterImpl (MiniOzoneClusterImpl.java:lambda$waitForClusterToBeReady$0(142)) - Waiting for cluster to be ready. Got 0 of 3 DN Heartbeats.
2019-09-19 10:29:39,931 [IPC Server handler 1 on 33860] INFO  net.NetworkTopology (NetworkTopologyImpl.java:add(110)) - Added a new node: /default-rack/92d05276-1016-4158-a152-8ea5a77b5f75
2019-09-19 10:29:39,932 [IPC Server handler 1 on 33860] INFO  node.SCMNodeManager (SCMNodeManager.java:register(273)) - Registered Data node : 92d05276-1016-4158-a152-8ea5a77b5f75{ip: 192.168.157.204, host: pr-hdds-1569-cpgw4-1311585219, networkLocation: /default-rack, certSerialId: null}
2019-09-19 10:29:39,933 [EventQueue-NodeRegistrationContainerReportForDataNodeSafeModeRule] INFO  safemode.SCMSafeModeManager (DataNodeSafeModeRule.java:process(71)) - SCM in safe mode. 1 DataNodes registered, 1 required.
2019-09-19 10:29:39,935 [EventQueue-NodeRegistrationContainerReportForDataNodeSafeModeRule] INFO  safemode.SCMSafeModeManager (SCMSafeModeManager.java:validateSafeModeExitRules(177)) - ScmSafeModeManager, all rules are successfully validated
2019-09-19 10:29:39,935 | INFO  | SCMAudit | user=jenkins1000 | ip=192.168.157.204 | op=REGISTER {datanodeDetails=92d05276-1016-4158-a152-8ea5a77b5f75{ip: 192.168.157.204, host: pr-hdds-1569-cpgw4-1311585219, networkLocation: /default-rack, certSerialId: null}} | ret=SUCCESS |  
2019-09-19 10:29:39,935 [EventQueue-NodeRegistrationContainerReportForDataNodeSafeModeRule] INFO  safemode.SCMSafeModeManager (SCMSafeModeManager.java:exitSafeMode(193)) - SCM exiting safe mode.
2019-09-19 10:29:39,945 [grpc-default-executor-0] INFO  impl.RaftServerProxy (RaftServerProxy.java:addNew(89)) - 92d05276-1016-4158-a152-8ea5a77b5f75: addNew group-B663AA522A15:[92d05276-1016-4158-a152-8ea5a77b5f75:192.168.157.204:40285] returns group-B663AA522A15:java.util.concurrent.CompletableFuture@55062617[Not completed]
2019-09-19 10:29:39,946 [pool-292-thread-1] INFO  impl.RaftServerImpl (RaftServerImpl.java:<init>(93)) - 92d05276-1016-4158-a152-8ea5a77b5f75: new RaftServerImpl for group-B663AA522A15:[92d05276-1016-4158-a152-8ea5a77b5f75:192.168.157.204:40285] with ContainerStateMachine:uninitialized
2019-09-19 10:29:39,946 [pool-292-thread-1] INFO  server.RaftServerConfigKeys (ConfUtils.java:logGet(43)) - raft.server.rpc.timeout.min = 5s (custom)
2019-09-19 10:29:39,946 [pool-292-thread-1] INFO  server.RaftServerConfigKeys (ConfUtils.java:logGet(43)) - raft.server.rpc.timeout.max = 5200ms (custom)
2019-09-19 10:29:39,946 [pool-292-thread-1] INFO  server.RaftServerConfigKeys (ConfUtils.java:logGet(43)) - raft.server.rpcslowness.timeout = 120s (custom)
2019-09-19 10:29:39,947 [pool-292-thread-1] INFO  server.RaftServerConfigKeys (ConfUtils.java:logGet(43)) - raft.server.sleep.deviation.threshold = 300 (default)
2019-09-19 10:29:39,947 [pool-292-thread-1] INFO  server.RaftServerConfigKeys (ConfUtils.java:logGet(43)) - raft.server.log.appender.install.snapshot.enabled = false (custom)
2019-09-19 10:29:39,947 [pool-292-thread-1] INFO  impl.RaftServerImpl (ServerState.java:<init>(105)) - 92d05276-1016-4158-a152-8ea5a77b5f75:group-B663AA522A15 ConfigurationManager, init=-1: [92d05276-1016-4158-a152-8ea5a77b5f75:192.168.157.204:40285], old=null, confs=<EMPTY_MAP>
2019-09-19 10:29:39,947 [pool-292-thread-1] INFO  server.RaftServerConfigKeys (ConfUtils.java:logGet(43)) - raft.server.storage.dir = [/workdir/hadoop-ozone/ozonefs/target/test-dir/MiniOzoneClusterImpl-32add812-2629-4863-a43e-a343e05546f3/datanode-0/data/ratis] (custom)
2019-09-19 10:29:39,948 [pool-292-thread-1] INFO  storage.RaftStorageDirectory (RaftStorageDirectory.java:analyzeStorage(246)) - The storage directory /workdir/hadoop-ozone/ozonefs/target/test-dir/MiniOzoneClusterImpl-32add812-2629-4863-a43e-a343e05546f3/datanode-0/data/ratis/a9930991-8f2c-437d-86c3-b663aa522a15 does not exist. Creating ...
2019-09-19 10:29:39,960 [pool-292-thread-1] INFO  storage.RaftStorageDirectory (RaftStorageDirectory.java:tryLock(328)) - Lock on /workdir/hadoop-ozone/ozonefs/target/test-dir/MiniOzoneClusterImpl-32add812-2629-4863-a43e-a343e05546f3/datanode-0/data/ratis/a9930991-8f2c-437d-86c3-b663aa522a15/in_use.lock acquired by nodename 28323@pr-hdds-1569-cpgw4-1311585219
2019-09-19 10:29:39,973 [pool-292-thread-1] INFO  storage.RaftStorage (RaftStorage.java:format(72)) - Storage directory /workdir/hadoop-ozone/ozonefs/target/test-dir/MiniOzoneClusterImpl-32add812-2629-4863-a43e-a343e05546f3/datanode-0/data/ratis/a9930991-8f2c-437d-86c3-b663aa522a15 has been successfully formatted.
2019-09-19 10:29:39,974 [pool-292-thread-1] INFO  ratis.ContainerStateMachine (ContainerStateMachine.java:loadSnapshot(226)) - group-B663AA522A15: The snapshot info is null. Setting the last applied indexto:(t:0, i:~)
2019-09-19 10:29:39,974 [pool-292-thread-1] INFO  server.RaftServerConfigKeys (ConfUtils.java:logGet(43)) - raft.server.leader.election.timeout = 120s (custom)
2019-09-19 10:29:39,974 [pool-292-thread-1] INFO  server.RaftServerConfigKeys (ConfUtils.java:logGet(43)) - raft.server.log.use.memory = false (default)
2019-09-19 10:29:39,974 [pool-292-thread-1] INFO  server.RaftServerConfigKeys (ConfUtils.java:logGet(43)) - raft.server.log.purge.gap = 1000000 (custom)
2019-09-19 10:29:39,974 [pool-292-thread-1] INFO  server.RaftServerConfigKeys (ConfUtils.java:logGet(43)) - raft.server.log.appender.buffer.byte-limit = 33554432 (custom)
2019-09-19 10:29:39,974 [pool-292-thread-1] INFO  server.RaftServerConfigKeys (ConfUtils.java:logGet(43)) - raft.server.log.segment.size.max = 1048576 (custom)
2019-09-19 10:29:39,975 [pool-292-thread-1] INFO  server.RaftServerConfigKeys (ConfUtils.java:logGet(43)) - raft.server.log.segment.cache.num.max = 2 (custom)
2019-09-19 10:29:39,975 [pool-292-thread-1] INFO  segmented.SegmentedRaftLogWorker (SegmentedRaftLogWorker.java:<init>(172)) - new 92d05276-1016-4158-a152-8ea5a77b5f75-SegmentedRaftLogWorker:Storage Directory /workdir/hadoop-ozone/ozonefs/target/test-dir/MiniOzoneClusterImpl-32add812-2629-4863-a43e-a343e05546f3/datanode-0/data/ratis/a9930991-8f2c-437d-86c3-b663aa522a15 for RaftStorage:Storage Directory /workdir/hadoop-ozone/ozonefs/target/test-dir/MiniOzoneClusterImpl-32add812-2629-4863-a43e-a343e05546f3/datanode-0/data/ratis/a9930991-8f2c-437d-86c3-b663aa522a15
2019-09-19 10:29:39,975 [pool-292-thread-1] INFO  server.RaftServerConfigKeys (ConfUtils.java:logGet(43)) - raft.server.log.queue.byte-limit = 2147483647 (custom)
2019-09-19 10:29:39,975 [pool-292-thread-1] INFO  server.RaftServerConfigKeys (ConfUtils.java:logGet(43)) - raft.server.log.queue.element-limit = 1024 (custom)
2019-09-19 10:29:39,975 [pool-292-thread-1] INFO  server.RaftServerConfigKeys (ConfUtils.java:logGet(43)) - raft.server.log.segment.size.max = 1048576 (custom)
2019-09-19 10:29:39,976 [pool-292-thread-1] INFO  server.RaftServerConfigKeys (ConfUtils.java:logGet(43)) - raft.server.log.preallocated.size = 16384 (custom)
2019-09-19 10:29:39,976 [pool-292-thread-1] INFO  server.RaftServerConfigKeys (ConfUtils.java:logGet(43)) - raft.server.log.write.buffer.size = 33554432 (custom)
2019-09-19 10:29:39,976 [pool-292-thread-1] INFO  server.RaftServerConfigKeys (ConfUtils.java:logGet(43)) - raft.server.log.force.sync.num = 128 (default)
2019-09-19 10:29:39,976 [pool-292-thread-1] INFO  server.RaftServerConfigKeys (ConfUtils.java:logGet(43)) - raft.server.log.statemachine.data.sync = true (default)
2019-09-19 10:29:39,976 [pool-292-thread-1] INFO  server.RaftServerConfigKeys (ConfUtils.java:logGet(43)) - raft.server.log.statemachine.data.sync.timeout = 10s (default)
2019-09-19 10:29:39,976 [pool-292-thread-1] INFO  server.RaftServerConfigKeys (ConfUtils.java:logGet(43)) - raft.server.log.statemachine.data.sync.timeout.retry = -1 (default)
2019-09-19 10:29:39,977 [pool-292-thread-1] INFO  server.RaftServerConfigKeys (ConfUtils.java:logGet(43)) - raft.server.log.statemachine.data.caching.enabled = true (custom)
2019-09-19 10:29:39,977 [pool-292-thread-1] INFO  segmented.SegmentedRaftLogWorker (SegmentedRaftLogWorker.java:lambda$new$0(132)) - 92d05276-1016-4158-a152-8ea5a77b5f75-SegmentedRaftLogWorker:Storage Directory /workdir/hadoop-ozone/ozonefs/target/test-dir/MiniOzoneClusterImpl-32add812-2629-4863-a43e-a343e05546f3/datanode-0/data/ratis/a9930991-8f2c-437d-86c3-b663aa522a15: flushIndex: setUnconditionally 0 -> -1
2019-09-19 10:29:39,977 [pool-292-thread-1] INFO  server.RaftServerConfigKeys (ConfUtils.java:logGet(43)) - raft.server.snapshot.auto.trigger.enabled = true (custom)
2019-09-19 10:29:39,978 [pool-292-thread-1] INFO  server.RaftServerConfigKeys (ConfUtils.java:logGet(43)) - raft.server.snapshot.auto.trigger.threshold = 10000 (custom)
2019-09-19 10:29:39,978 [pool-292-thread-1] INFO  server.RaftServerConfigKeys (ConfUtils.java:logGet(43)) - raft.server.retrycache.expirytime = 600000ms (custom)
2019-09-19 10:29:39,978 [pool-292-thread-1] INFO  impl.RaftServerImpl (RaftServerImpl.java:start(180)) - 92d05276-1016-4158-a152-8ea5a77b5f75: start group-B663AA522A15
2019-09-19 10:29:39,978 [pool-292-thread-1] INFO  impl.RaftServerImpl (RaftServerImpl.java:setRole(171)) - 92d05276-1016-4158-a152-8ea5a77b5f75:group-B663AA522A15 changes role from null to FOLLOWER at term 0 for startAsFollower
2019-09-19 10:29:39,978 [pool-292-thread-1] INFO  impl.RoleInfo (RoleInfo.java:updateAndGet(143)) - 92d05276-1016-4158-a152-8ea5a77b5f75: start FollowerState
2019-09-19 10:29:39,979 [pool-292-thread-1] INFO  util.JmxRegister (JmxRegister.java:tryRegister(44)) - Successfully registered JMX Bean with object name Ratis:service=RaftServer,group=group-B663AA522A15,id=92d05276-1016-4158-a152-8ea5a77b5f75
2019-09-19 10:29:39,982 [RatisPipelineUtilsThread] INFO  pipeline.PipelineStateManager (PipelineStateManager.java:addPipeline(56)) - Created pipeline Pipeline[ Id: a9930991-8f2c-437d-86c3-b663aa522a15, Nodes: 92d05276-1016-4158-a152-8ea5a77b5f75{ip: 192.168.157.204, host: pr-hdds-1569-cpgw4-1311585219, networkLocation: /default-rack, certSerialId: null}, Type:RATIS, Factor:ONE, State:OPEN]
2019-09-19 10:29:39,987 [grpc-default-executor-0] INFO  impl.RaftServerProxy (RaftServerProxy.java:addNew(89)) - 92d05276-1016-4158-a152-8ea5a77b5f75: addNew group-388658781D4A:[92d05276-1016-4158-a152-8ea5a77b5f75:192.168.157.204:40285] returns group-388658781D4A:java.util.concurrent.CompletableFuture@6499922c[Not completed]
2019-09-19 10:29:39,988 [pool-292-thread-1] INFO  impl.RaftServerImpl (RaftServerImpl.java:<init>(93)) - 92d05276-1016-4158-a152-8ea5a77b5f75: new RaftServerImpl for group-388658781D4A:[92d05276-1016-4158-a152-8ea5a77b5f75:192.168.157.204:40285] with ContainerStateMachine:uninitialized
2019-09-19 10:29:39,988 [pool-292-thread-1] INFO  server.RaftServerConfigKeys (ConfUtils.java:logGet(43)) - raft.server.rpc.timeout.min = 5s (custom)
2019-09-19 10:29:39,988 [pool-292-thread-1] INFO  server.RaftServerConfigKeys (ConfUtils.java:logGet(43)) - raft.server.rpc.timeout.max = 5200ms (custom)
2019-09-19 10:29:39,989 [pool-292-thread-1] INFO  server.RaftServerConfigKeys (ConfUtils.java:logGet(43)) - raft.server.rpcslowness.timeout = 120s (custom)
2019-09-19 10:29:39,989 [pool-292-thread-1] INFO  server.RaftServerConfigKeys (ConfUtils.java:logGet(43)) - raft.server.sleep.deviation.threshold = 300 (default)
2019-09-19 10:29:39,989 [pool-292-thread-1] INFO  server.RaftServerConfigKeys (ConfUtils.java:logGet(43)) - raft.server.log.appender.install.snapshot.enabled = false (custom)
2019-09-19 10:29:39,989 [pool-292-thread-1] INFO  impl.RaftServerImpl (ServerState.java:<init>(105)) - 92d05276-1016-4158-a152-8ea5a77b5f75:group-388658781D4A ConfigurationManager, init=-1: [92d05276-1016-4158-a152-8ea5a77b5f75:192.168.157.204:40285], old=null, confs=<EMPTY_MAP>
2019-09-19 10:29:39,989 [pool-292-thread-1] INFO  server.RaftServerConfigKeys (ConfUtils.java:logGet(43)) - raft.server.storage.dir = [/workdir/hadoop-ozone/ozonefs/target/test-dir/MiniOzoneClusterImpl-32add812-2629-4863-a43e-a343e05546f3/datanode-0/data/ratis] (custom)
2019-09-19 10:29:39,989 [pool-292-thread-1] INFO  storage.RaftStorageDirectory (RaftStorageDirectory.java:analyzeStorage(246)) - The storage directory /workdir/hadoop-ozone/ozonefs/target/test-dir/MiniOzoneClusterImpl-32add812-2629-4863-a43e-a343e05546f3/datanode-0/data/ratis/bf2dd088-e27c-40c2-a9ee-388658781d4a does not exist. Creating ...
2019-09-19 10:29:40,003 [pool-292-thread-1] INFO  storage.RaftStorageDirectory (RaftStorageDirectory.java:tryLock(328)) - Lock on /workdir/hadoop-ozone/ozonefs/target/test-dir/MiniOzoneClusterImpl-32add812-2629-4863-a43e-a343e05546f3/datanode-0/data/ratis/bf2dd088-e27c-40c2-a9ee-388658781d4a/in_use.lock acquired by nodename 28323@pr-hdds-1569-cpgw4-1311585219
2019-09-19 10:29:40,015 [pool-292-thread-1] INFO  storage.RaftStorage (RaftStorage.java:format(72)) - Storage directory /workdir/hadoop-ozone/ozonefs/target/test-dir/MiniOzoneClusterImpl-32add812-2629-4863-a43e-a343e05546f3/datanode-0/data/ratis/bf2dd088-e27c-40c2-a9ee-388658781d4a has been successfully formatted.
2019-09-19 10:29:40,016 [pool-292-thread-1] INFO  ratis.ContainerStateMachine (ContainerStateMachine.java:loadSnapshot(226)) - group-388658781D4A: The snapshot info is null. Setting the last applied indexto:(t:0, i:~)
2019-09-19 10:29:40,016 [pool-292-thread-1] INFO  server.RaftServerConfigKeys (ConfUtils.java:logGet(43)) - raft.server.leader.election.timeout = 120s (custom)
2019-09-19 10:29:40,016 [pool-292-thread-1] INFO  server.RaftServerConfigKeys (ConfUtils.java:logGet(43)) - raft.server.log.use.memory = false (default)
2019-09-19 10:29:40,016 [pool-292-thread-1] INFO  server.RaftServerConfigKeys (ConfUtils.java:logGet(43)) - raft.server.log.purge.gap = 1000000 (custom)
2019-09-19 10:29:40,016 [pool-292-thread-1] INFO  server.RaftServerConfigKeys (ConfUtils.java:logGet(43)) - raft.server.log.appender.buffer.byte-limit = 33554432 (custom)
2019-09-19 10:29:40,016 [pool-292-thread-1] INFO  server.RaftServerConfigKeys (ConfUtils.java:logGet(43)) - raft.server.log.segment.size.max = 1048576 (custom)
2019-09-19 10:29:40,016 [pool-292-thread-1] INFO  server.RaftServerConfigKeys (ConfUtils.java:logGet(43)) - raft.server.log.segment.cache.num.max = 2 (custom)
2019-09-19 10:29:40,016 [pool-292-thread-1] INFO  segmented.SegmentedRaftLogWorker (SegmentedRaftLogWorker.java:<init>(172)) - new 92d05276-1016-4158-a152-8ea5a77b5f75-SegmentedRaftLogWorker:Storage Directory /workdir/hadoop-ozone/ozonefs/target/test-dir/MiniOzoneClusterImpl-32add812-2629-4863-a43e-a343e05546f3/datanode-0/data/ratis/bf2dd088-e27c-40c2-a9ee-388658781d4a for RaftStorage:Storage Directory /workdir/hadoop-ozone/ozonefs/target/test-dir/MiniOzoneClusterImpl-32add812-2629-4863-a43e-a343e05546f3/datanode-0/data/ratis/bf2dd088-e27c-40c2-a9ee-388658781d4a
2019-09-19 10:29:40,017 [pool-292-thread-1] INFO  server.RaftServerConfigKeys (ConfUtils.java:logGet(43)) - raft.server.log.queue.byte-limit = 2147483647 (custom)
2019-09-19 10:29:40,017 [pool-292-thread-1] INFO  server.RaftServerConfigKeys (ConfUtils.java:logGet(43)) - raft.server.log.queue.element-limit = 1024 (custom)
2019-09-19 10:29:40,017 [pool-292-thread-1] INFO  server.RaftServerConfigKeys (ConfUtils.java:logGet(43)) - raft.server.log.segment.size.max = 1048576 (custom)
2019-09-19 10:29:40,017 [pool-292-thread-1] INFO  server.RaftServerConfigKeys (ConfUtils.java:logGet(43)) - raft.server.log.preallocated.size = 16384 (custom)
2019-09-19 10:29:40,017 [pool-292-thread-1] INFO  server.RaftServerConfigKeys (ConfUtils.java:logGet(43)) - raft.server.log.write.buffer.size = 33554432 (custom)
2019-09-19 10:29:40,017 [pool-292-thread-1] INFO  server.RaftServerConfigKeys (ConfUtils.java:logGet(43)) - raft.server.log.force.sync.num = 128 (default)
2019-09-19 10:29:40,017 [pool-292-thread-1] INFO  server.RaftServerConfigKeys (ConfUtils.java:logGet(43)) - raft.server.log.statemachine.data.sync = true (default)
2019-09-19 10:29:40,017 [pool-292-thread-1] INFO  server.RaftServerConfigKeys (ConfUtils.java:logGet(43)) - raft.server.log.statemachine.data.sync.timeout = 10s (default)
2019-09-19 10:29:40,017 [pool-292-thread-1] INFO  server.RaftServerConfigKeys (ConfUtils.java:logGet(43)) - raft.server.log.statemachine.data.sync.timeout.retry = -1 (default)
2019-09-19 10:29:40,018 [pool-292-thread-1] INFO  server.RaftServerConfigKeys (ConfUtils.java:logGet(43)) - raft.server.log.statemachine.data.caching.enabled = true (custom)
2019-09-19 10:29:40,018 [pool-292-thread-1] INFO  segmented.SegmentedRaftLogWorker (SegmentedRaftLogWorker.java:lambda$new$0(132)) - 92d05276-1016-4158-a152-8ea5a77b5f75-SegmentedRaftLogWorker:Storage Directory /workdir/hadoop-ozone/ozonefs/target/test-dir/MiniOzoneClusterImpl-32add812-2629-4863-a43e-a343e05546f3/datanode-0/data/ratis/bf2dd088-e27c-40c2-a9ee-388658781d4a: flushIndex: setUnconditionally 0 -> -1
2019-09-19 10:29:40,018 [pool-292-thread-1] INFO  server.RaftServerConfigKeys (ConfUtils.java:logGet(43)) - raft.server.snapshot.auto.trigger.enabled = true (custom)
2019-09-19 10:29:40,018 [pool-292-thread-1] INFO  server.RaftServerConfigKeys (ConfUtils.java:logGet(43)) - raft.server.snapshot.auto.trigger.threshold = 10000 (custom)
2019-09-19 10:29:40,018 [pool-292-thread-1] INFO  server.RaftServerConfigKeys (ConfUtils.java:logGet(43)) - raft.server.retrycache.expirytime = 600000ms (custom)
2019-09-19 10:29:40,019 [pool-292-thread-1] INFO  impl.RaftServerImpl (RaftServerImpl.java:start(180)) - 92d05276-1016-4158-a152-8ea5a77b5f75: start group-388658781D4A
2019-09-19 10:29:40,019 [pool-292-thread-1] INFO  impl.RaftServerImpl (RaftServerImpl.java:setRole(171)) - 92d05276-1016-4158-a152-8ea5a77b5f75:group-388658781D4A changes role from null to FOLLOWER at term 0 for startAsFollower
2019-09-19 10:29:40,019 [pool-292-thread-1] INFO  impl.RoleInfo (RoleInfo.java:updateAndGet(143)) - 92d05276-1016-4158-a152-8ea5a77b5f75: start FollowerState
2019-09-19 10:29:40,019 [pool-292-thread-1] INFO  util.JmxRegister (JmxRegister.java:tryRegister(44)) - Successfully registered JMX Bean with object name Ratis:service=RaftServer,group=group-388658781D4A,id=92d05276-1016-4158-a152-8ea5a77b5f75
2019-09-19 10:29:40,022 [RatisPipelineUtilsThread] INFO  pipeline.PipelineStateManager (PipelineStateManager.java:addPipeline(56)) - Created pipeline Pipeline[ Id: bf2dd088-e27c-40c2-a9ee-388658781d4a, Nodes: 92d05276-1016-4158-a152-8ea5a77b5f75{ip: 192.168.157.204, host: pr-hdds-1569-cpgw4-1311585219, networkLocation: /default-rack, certSerialId: null}, Type:RATIS, Factor:ONE, State:OPEN]
2019-09-19 10:29:40,027 [grpc-default-executor-0] INFO  impl.RaftServerProxy (RaftServerProxy.java:addNew(89)) - 92d05276-1016-4158-a152-8ea5a77b5f75: addNew group-53E89520E79B:[92d05276-1016-4158-a152-8ea5a77b5f75:192.168.157.204:40285] returns group-53E89520E79B:java.util.concurrent.CompletableFuture@3529d958[Not completed]
2019-09-19 10:29:40,028 [pool-292-thread-1] INFO  impl.RaftServerImpl (RaftServerImpl.java:<init>(93)) - 92d05276-1016-4158-a152-8ea5a77b5f75: new RaftServerImpl for group-53E89520E79B:[92d05276-1016-4158-a152-8ea5a77b5f75:192.168.157.204:40285] with ContainerStateMachine:uninitialized
2019-09-19 10:29:40,028 [pool-292-thread-1] INFO  server.RaftServerConfigKeys (ConfUtils.java:logGet(43)) - raft.server.rpc.timeout.min = 5s (custom)
2019-09-19 10:29:40,029 [pool-292-thread-1] INFO  server.RaftServerConfigKeys (ConfUtils.java:logGet(43)) - raft.server.rpc.timeout.max = 5200ms (custom)
2019-09-19 10:29:40,029 [pool-292-thread-1] INFO  server.RaftServerConfigKeys (ConfUtils.java:logGet(43)) - raft.server.rpcslowness.timeout = 120s (custom)
2019-09-19 10:29:40,029 [pool-292-thread-1] INFO  server.RaftServerConfigKeys (ConfUtils.java:logGet(43)) - raft.server.sleep.deviation.threshold = 300 (default)
2019-09-19 10:29:40,029 [pool-292-thread-1] INFO  server.RaftServerConfigKeys (ConfUtils.java:logGet(43)) - raft.server.log.appender.install.snapshot.enabled = false (custom)
2019-09-19 10:29:40,029 [pool-292-thread-1] INFO  impl.RaftServerImpl (ServerState.java:<init>(105)) - 92d05276-1016-4158-a152-8ea5a77b5f75:group-53E89520E79B ConfigurationManager, init=-1: [92d05276-1016-4158-a152-8ea5a77b5f75:192.168.157.204:40285], old=null, confs=<EMPTY_MAP>
2019-09-19 10:29:40,029 [pool-292-thread-1] INFO  server.RaftServerConfigKeys (ConfUtils.java:logGet(43)) - raft.server.storage.dir = [/workdir/hadoop-ozone/ozonefs/target/test-dir/MiniOzoneClusterImpl-32add812-2629-4863-a43e-a343e05546f3/datanode-0/data/ratis] (custom)
2019-09-19 10:29:40,029 [pool-292-thread-1] INFO  storage.RaftStorageDirectory (RaftStorageDirectory.java:analyzeStorage(246)) - The storage directory /workdir/hadoop-ozone/ozonefs/target/test-dir/MiniOzoneClusterImpl-32add812-2629-4863-a43e-a343e05546f3/datanode-0/data/ratis/c57b60b3-e85c-403d-9ebc-53e89520e79b does not exist. Creating ...
2019-09-19 10:29:40,042 [pool-292-thread-1] INFO  storage.RaftStorageDirectory (RaftStorageDirectory.java:tryLock(328)) - Lock on /workdir/hadoop-ozone/ozonefs/target/test-dir/MiniOzoneClusterImpl-32add812-2629-4863-a43e-a343e05546f3/datanode-0/data/ratis/c57b60b3-e85c-403d-9ebc-53e89520e79b/in_use.lock acquired by nodename 28323@pr-hdds-1569-cpgw4-1311585219
2019-09-19 10:29:40,055 [pool-292-thread-1] INFO  storage.RaftStorage (RaftStorage.java:format(72)) - Storage directory /workdir/hadoop-ozone/ozonefs/target/test-dir/MiniOzoneClusterImpl-32add812-2629-4863-a43e-a343e05546f3/datanode-0/data/ratis/c57b60b3-e85c-403d-9ebc-53e89520e79b has been successfully formatted.
2019-09-19 10:29:40,055 [pool-292-thread-1] INFO  ratis.ContainerStateMachine (ContainerStateMachine.java:loadSnapshot(226)) - group-53E89520E79B: The snapshot info is null. Setting the last applied indexto:(t:0, i:~)
2019-09-19 10:29:40,056 [pool-292-thread-1] INFO  server.RaftServerConfigKeys (ConfUtils.java:logGet(43)) - raft.server.leader.election.timeout = 120s (custom)
2019-09-19 10:29:40,056 [pool-292-thread-1] INFO  server.RaftServerConfigKeys (ConfUtils.java:logGet(43)) - raft.server.log.use.memory = false (default)
2019-09-19 10:29:40,056 [pool-292-thread-1] INFO  server.RaftServerConfigKeys (ConfUtils.java:logGet(43)) - raft.server.log.purge.gap = 1000000 (custom)
2019-09-19 10:29:40,056 [pool-292-thread-1] INFO  server.RaftServerConfigKeys (ConfUtils.java:logGet(43)) - raft.server.log.appender.buffer.byte-limit = 33554432 (custom)
2019-09-19 10:29:40,056 [pool-292-thread-1] INFO  server.RaftServerConfigKeys (ConfUtils.java:logGet(43)) - raft.server.log.segment.size.max = 1048576 (custom)
2019-09-19 10:29:40,056 [pool-292-thread-1] INFO  server.RaftServerConfigKeys (ConfUtils.java:logGet(43)) - raft.server.log.segment.cache.num.max = 2 (custom)
2019-09-19 10:29:40,056 [pool-292-thread-1] INFO  segmented.SegmentedRaftLogWorker (SegmentedRaftLogWorker.java:<init>(172)) - new 92d05276-1016-4158-a152-8ea5a77b5f75-SegmentedRaftLogWorker:Storage Directory /workdir/hadoop-ozone/ozonefs/target/test-dir/MiniOzoneClusterImpl-32add812-2629-4863-a43e-a343e05546f3/datanode-0/data/ratis/c57b60b3-e85c-403d-9ebc-53e89520e79b for RaftStorage:Storage Directory /workdir/hadoop-ozone/ozonefs/target/test-dir/MiniOzoneClusterImpl-32add812-2629-4863-a43e-a343e05546f3/datanode-0/data/ratis/c57b60b3-e85c-403d-9ebc-53e89520e79b
2019-09-19 10:29:40,056 [pool-292-thread-1] INFO  server.RaftServerConfigKeys (ConfUtils.java:logGet(43)) - raft.server.log.queue.byte-limit = 2147483647 (custom)
2019-09-19 10:29:40,056 [pool-292-thread-1] INFO  server.RaftServerConfigKeys (ConfUtils.java:logGet(43)) - raft.server.log.queue.element-limit = 1024 (custom)
2019-09-19 10:29:40,057 [pool-292-thread-1] INFO  server.RaftServerConfigKeys (ConfUtils.java:logGet(43)) - raft.server.log.segment.size.max = 1048576 (custom)
2019-09-19 10:29:40,057 [pool-292-thread-1] INFO  server.RaftServerConfigKeys (ConfUtils.java:logGet(43)) - raft.server.log.preallocated.size = 16384 (custom)
2019-09-19 10:29:40,057 [pool-292-thread-1] INFO  server.RaftServerConfigKeys (ConfUtils.java:logGet(43)) - raft.server.log.write.buffer.size = 33554432 (custom)
2019-09-19 10:29:40,057 [pool-292-thread-1] INFO  server.RaftServerConfigKeys (ConfUtils.java:logGet(43)) - raft.server.log.force.sync.num = 128 (default)
2019-09-19 10:29:40,057 [pool-292-thread-1] INFO  server.RaftServerConfigKeys (ConfUtils.java:logGet(43)) - raft.server.log.statemachine.data.sync = true (default)
2019-09-19 10:29:40,057 [pool-292-thread-1] INFO  server.RaftServerConfigKeys (ConfUtils.java:logGet(43)) - raft.server.log.statemachine.data.sync.timeout = 10s (default)
2019-09-19 10:29:40,057 [pool-292-thread-1] INFO  server.RaftServerConfigKeys (ConfUtils.java:logGet(43)) - raft.server.log.statemachine.data.sync.timeout.retry = -1 (default)
2019-09-19 10:29:40,057 [pool-292-thread-1] INFO  server.RaftServerConfigKeys (ConfUtils.java:logGet(43)) - raft.server.log.statemachine.data.caching.enabled = true (custom)
2019-09-19 10:29:40,058 [pool-292-thread-1] INFO  segmented.SegmentedRaftLogWorker (SegmentedRaftLogWorker.java:lambda$new$0(132)) - 92d05276-1016-4158-a152-8ea5a77b5f75-SegmentedRaftLogWorker:Storage Directory /workdir/hadoop-ozone/ozonefs/target/test-dir/MiniOzoneClusterImpl-32add812-2629-4863-a43e-a343e05546f3/datanode-0/data/ratis/c57b60b3-e85c-403d-9ebc-53e89520e79b: flushIndex: setUnconditionally 0 -> -1
2019-09-19 10:29:40,058 [pool-292-thread-1] INFO  server.RaftServerConfigKeys (ConfUtils.java:logGet(43)) - raft.server.snapshot.auto.trigger.enabled = true (custom)
2019-09-19 10:29:40,058 [pool-292-thread-1] INFO  server.RaftServerConfigKeys (ConfUtils.java:logGet(43)) - raft.server.snapshot.auto.trigger.threshold = 10000 (custom)
2019-09-19 10:29:40,058 [pool-292-thread-1] INFO  server.RaftServerConfigKeys (ConfUtils.java:logGet(43)) - raft.server.retrycache.expirytime = 600000ms (custom)
2019-09-19 10:29:40,058 [pool-292-thread-1] INFO  impl.RaftServerImpl (RaftServerImpl.java:start(180)) - 92d05276-1016-4158-a152-8ea5a77b5f75: start group-53E89520E79B
2019-09-19 10:29:40,058 [pool-292-thread-1] INFO  impl.RaftServerImpl (RaftServerImpl.java:setRole(171)) - 92d05276-1016-4158-a152-8ea5a77b5f75:group-53E89520E79B changes role from null to FOLLOWER at term 0 for startAsFollower
2019-09-19 10:29:40,059 [pool-292-thread-1] INFO  impl.RoleInfo (RoleInfo.java:updateAndGet(143)) - 92d05276-1016-4158-a152-8ea5a77b5f75: start FollowerState
2019-09-19 10:29:40,059 [pool-292-thread-1] INFO  util.JmxRegister (JmxRegister.java:tryRegister(44)) - Successfully registered JMX Bean with object name Ratis:service=RaftServer,group=group-53E89520E79B,id=92d05276-1016-4158-a152-8ea5a77b5f75
2019-09-19 10:29:40,061 [RatisPipelineUtilsThread] INFO  pipeline.PipelineStateManager (PipelineStateManager.java:addPipeline(56)) - Created pipeline Pipeline[ Id: c57b60b3-e85c-403d-9ebc-53e89520e79b, Nodes: 92d05276-1016-4158-a152-8ea5a77b5f75{ip: 192.168.157.204, host: pr-hdds-1569-cpgw4-1311585219, networkLocation: /default-rack, certSerialId: null}, Type:RATIS, Factor:ONE, State:OPEN]
2019-09-19 10:29:40,066 [grpc-default-executor-0] INFO  impl.RaftServerProxy (RaftServerProxy.java:addNew(89)) - 92d05276-1016-4158-a152-8ea5a77b5f75: addNew group-C27D58512027:[92d05276-1016-4158-a152-8ea5a77b5f75:192.168.157.204:40285] returns group-C27D58512027:java.util.concurrent.CompletableFuture@4051c429[Not completed]
2019-09-19 10:29:40,067 [pool-292-thread-1] INFO  impl.RaftServerImpl (RaftServerImpl.java:<init>(93)) - 92d05276-1016-4158-a152-8ea5a77b5f75: new RaftServerImpl for group-C27D58512027:[92d05276-1016-4158-a152-8ea5a77b5f75:192.168.157.204:40285] with ContainerStateMachine:uninitialized
2019-09-19 10:29:40,067 [pool-292-thread-1] INFO  server.RaftServerConfigKeys (ConfUtils.java:logGet(43)) - raft.server.rpc.timeout.min = 5s (custom)
2019-09-19 10:29:40,067 [pool-292-thread-1] INFO  server.RaftServerConfigKeys (ConfUtils.java:logGet(43)) - raft.server.rpc.timeout.max = 5200ms (custom)
2019-09-19 10:29:40,067 [pool-292-thread-1] INFO  server.RaftServerConfigKeys (ConfUtils.java:logGet(43)) - raft.server.rpcslowness.timeout = 120s (custom)
2019-09-19 10:29:40,067 [pool-292-thread-1] INFO  server.RaftServerConfigKeys (ConfUtils.java:logGet(43)) - raft.server.sleep.deviation.threshold = 300 (default)
2019-09-19 10:29:40,068 [pool-292-thread-1] INFO  server.RaftServerConfigKeys (ConfUtils.java:logGet(43)) - raft.server.log.appender.install.snapshot.enabled = false (custom)
2019-09-19 10:29:40,068 [pool-292-thread-1] INFO  impl.RaftServerImpl (ServerState.java:<init>(105)) - 92d05276-1016-4158-a152-8ea5a77b5f75:group-C27D58512027 ConfigurationManager, init=-1: [92d05276-1016-4158-a152-8ea5a77b5f75:192.168.157.204:40285], old=null, confs=<EMPTY_MAP>
2019-09-19 10:29:40,068 [pool-292-thread-1] INFO  server.RaftServerConfigKeys (ConfUtils.java:logGet(43)) - raft.server.storage.dir = [/workdir/hadoop-ozone/ozonefs/target/test-dir/MiniOzoneClusterImpl-32add812-2629-4863-a43e-a343e05546f3/datanode-0/data/ratis] (custom)
2019-09-19 10:29:40,068 [pool-292-thread-1] INFO  storage.RaftStorageDirectory (RaftStorageDirectory.java:analyzeStorage(246)) - The storage directory /workdir/hadoop-ozone/ozonefs/target/test-dir/MiniOzoneClusterImpl-32add812-2629-4863-a43e-a343e05546f3/datanode-0/data/ratis/03d1c3a5-fb85-46ac-8893-c27d58512027 does not exist. Creating ...
2019-09-19 10:29:40,081 [pool-292-thread-1] INFO  storage.RaftStorageDirectory (RaftStorageDirectory.java:tryLock(328)) - Lock on /workdir/hadoop-ozone/ozonefs/target/test-dir/MiniOzoneClusterImpl-32add812-2629-4863-a43e-a343e05546f3/datanode-0/data/ratis/03d1c3a5-fb85-46ac-8893-c27d58512027/in_use.lock acquired by nodename 28323@pr-hdds-1569-cpgw4-1311585219
2019-09-19 10:29:40,093 [pool-292-thread-1] INFO  storage.RaftStorage (RaftStorage.java:format(72)) - Storage directory /workdir/hadoop-ozone/ozonefs/target/test-dir/MiniOzoneClusterImpl-32add812-2629-4863-a43e-a343e05546f3/datanode-0/data/ratis/03d1c3a5-fb85-46ac-8893-c27d58512027 has been successfully formatted.
2019-09-19 10:29:40,093 [pool-292-thread-1] INFO  ratis.ContainerStateMachine (ContainerStateMachine.java:loadSnapshot(226)) - group-C27D58512027: The snapshot info is null. Setting the last applied indexto:(t:0, i:~)
2019-09-19 10:29:40,094 [pool-292-thread-1] INFO  server.RaftServerConfigKeys (ConfUtils.java:logGet(43)) - raft.server.leader.election.timeout = 120s (custom)
2019-09-19 10:29:40,094 [pool-292-thread-1] INFO  server.RaftServerConfigKeys (ConfUtils.java:logGet(43)) - raft.server.log.use.memory = false (default)
2019-09-19 10:29:40,094 [pool-292-thread-1] INFO  server.RaftServerConfigKeys (ConfUtils.java:logGet(43)) - raft.server.log.purge.gap = 1000000 (custom)
2019-09-19 10:29:40,094 [pool-292-thread-1] INFO  server.RaftServerConfigKeys (ConfUtils.java:logGet(43)) - raft.server.log.appender.buffer.byte-limit = 33554432 (custom)
2019-09-19 10:29:40,094 [pool-292-thread-1] INFO  server.RaftServerConfigKeys (ConfUtils.java:logGet(43)) - raft.server.log.segment.size.max = 1048576 (custom)
2019-09-19 10:29:40,094 [pool-292-thread-1] INFO  server.RaftServerConfigKeys (ConfUtils.java:logGet(43)) - raft.server.log.segment.cache.num.max = 2 (custom)
2019-09-19 10:29:40,094 [pool-292-thread-1] INFO  segmented.SegmentedRaftLogWorker (SegmentedRaftLogWorker.java:<init>(172)) - new 92d05276-1016-4158-a152-8ea5a77b5f75-SegmentedRaftLogWorker:Storage Directory /workdir/hadoop-ozone/ozonefs/target/test-dir/MiniOzoneClusterImpl-32add812-2629-4863-a43e-a343e05546f3/datanode-0/data/ratis/03d1c3a5-fb85-46ac-8893-c27d58512027 for RaftStorage:Storage Directory /workdir/hadoop-ozone/ozonefs/target/test-dir/MiniOzoneClusterImpl-32add812-2629-4863-a43e-a343e05546f3/datanode-0/data/ratis/03d1c3a5-fb85-46ac-8893-c27d58512027
2019-09-19 10:29:40,094 [pool-292-thread-1] INFO  server.RaftServerConfigKeys (ConfUtils.java:logGet(43)) - raft.server.log.queue.byte-limit = 2147483647 (custom)
2019-09-19 10:29:40,094 [pool-292-thread-1] INFO  server.RaftServerConfigKeys (ConfUtils.java:logGet(43)) - raft.server.log.queue.element-limit = 1024 (custom)
2019-09-19 10:29:40,094 [pool-292-thread-1] INFO  server.RaftServerConfigKeys (ConfUtils.java:logGet(43)) - raft.server.log.segment.size.max = 1048576 (custom)
2019-09-19 10:29:40,094 [pool-292-thread-1] INFO  server.RaftServerConfigKeys (ConfUtils.java:logGet(43)) - raft.server.log.preallocated.size = 16384 (custom)
2019-09-19 10:29:40,095 [pool-292-thread-1] INFO  server.RaftServerConfigKeys (ConfUtils.java:logGet(43)) - raft.server.log.write.buffer.size = 33554432 (custom)
2019-09-19 10:29:40,095 [pool-292-thread-1] INFO  server.RaftServerConfigKeys (ConfUtils.java:logGet(43)) - raft.server.log.force.sync.num = 128 (default)
2019-09-19 10:29:40,095 [pool-292-thread-1] INFO  server.RaftServerConfigKeys (ConfUtils.java:logGet(43)) - raft.server.log.statemachine.data.sync = true (default)
2019-09-19 10:29:40,095 [pool-292-thread-1] INFO  server.RaftServerConfigKeys (ConfUtils.java:logGet(43)) - raft.server.log.statemachine.data.sync.timeout = 10s (default)
2019-09-19 10:29:40,095 [pool-292-thread-1] INFO  server.RaftServerConfigKeys (ConfUtils.java:logGet(43)) - raft.server.log.statemachine.data.sync.timeout.retry = -1 (default)
2019-09-19 10:29:40,095 [pool-292-thread-1] INFO  server.RaftServerConfigKeys (ConfUtils.java:logGet(43)) - raft.server.log.statemachine.data.caching.enabled = true (custom)
2019-09-19 10:29:40,095 [pool-292-thread-1] INFO  segmented.SegmentedRaftLogWorker (SegmentedRaftLogWorker.java:lambda$new$0(132)) - 92d05276-1016-4158-a152-8ea5a77b5f75-SegmentedRaftLogWorker:Storage Directory /workdir/hadoop-ozone/ozonefs/target/test-dir/MiniOzoneClusterImpl-32add812-2629-4863-a43e-a343e05546f3/datanode-0/data/ratis/03d1c3a5-fb85-46ac-8893-c27d58512027: flushIndex: setUnconditionally 0 -> -1
2019-09-19 10:29:40,095 [pool-292-thread-1] INFO  server.RaftServerConfigKeys (ConfUtils.java:logGet(43)) - raft.server.snapshot.auto.trigger.enabled = true (custom)
2019-09-19 10:29:40,096 [pool-292-thread-1] INFO  server.RaftServerConfigKeys (ConfUtils.java:logGet(43)) - raft.server.snapshot.auto.trigger.threshold = 10000 (custom)
2019-09-19 10:29:40,096 [pool-292-thread-1] INFO  server.RaftServerConfigKeys (ConfUtils.java:logGet(43)) - raft.server.retrycache.expirytime = 600000ms (custom)
2019-09-19 10:29:40,096 [pool-292-thread-1] INFO  impl.RaftServerImpl (RaftServerImpl.java:start(180)) - 92d05276-1016-4158-a152-8ea5a77b5f75: start group-C27D58512027
2019-09-19 10:29:40,096 [pool-292-thread-1] INFO  impl.RaftServerImpl (RaftServerImpl.java:setRole(171)) - 92d05276-1016-4158-a152-8ea5a77b5f75:group-C27D58512027 changes role from null to FOLLOWER at term 0 for startAsFollower
2019-09-19 10:29:40,096 [pool-292-thread-1] INFO  impl.RoleInfo (RoleInfo.java:updateAndGet(143)) - 92d05276-1016-4158-a152-8ea5a77b5f75: start FollowerState
2019-09-19 10:29:40,096 [pool-292-thread-1] INFO  util.JmxRegister (JmxRegister.java:tryRegister(44)) - Successfully registered JMX Bean with object name Ratis:service=RaftServer,group=group-C27D58512027,id=92d05276-1016-4158-a152-8ea5a77b5f75
2019-09-19 10:29:40,099 [RatisPipelineUtilsThread] INFO  pipeline.PipelineStateManager (PipelineStateManager.java:addPipeline(56)) - Created pipeline Pipeline[ Id: 03d1c3a5-fb85-46ac-8893-c27d58512027, Nodes: 92d05276-1016-4158-a152-8ea5a77b5f75{ip: 192.168.157.204, host: pr-hdds-1569-cpgw4-1311585219, networkLocation: /default-rack, certSerialId: null}, Type:RATIS, Factor:ONE, State:OPEN]
2019-09-19 10:29:40,103 [grpc-default-executor-0] INFO  impl.RaftServerProxy (RaftServerProxy.java:addNew(89)) - 92d05276-1016-4158-a152-8ea5a77b5f75: addNew group-2325B9D771DD:[92d05276-1016-4158-a152-8ea5a77b5f75:192.168.157.204:40285] returns group-2325B9D771DD:java.util.concurrent.CompletableFuture@316780c8[Not completed]
2019-09-19 10:29:40,104 [pool-292-thread-1] INFO  impl.RaftServerImpl (RaftServerImpl.java:<init>(93)) - 92d05276-1016-4158-a152-8ea5a77b5f75: new RaftServerImpl for group-2325B9D771DD:[92d05276-1016-4158-a152-8ea5a77b5f75:192.168.157.204:40285] with ContainerStateMachine:uninitialized
2019-09-19 10:29:40,104 [pool-292-thread-1] INFO  server.RaftServerConfigKeys (ConfUtils.java:logGet(43)) - raft.server.rpc.timeout.min = 5s (custom)
2019-09-19 10:29:40,104 [pool-292-thread-1] INFO  server.RaftServerConfigKeys (ConfUtils.java:logGet(43)) - raft.server.rpc.timeout.max = 5200ms (custom)
2019-09-19 10:29:40,104 [pool-292-thread-1] INFO  server.RaftServerConfigKeys (ConfUtils.java:logGet(43)) - raft.server.rpcslowness.timeout = 120s (custom)
2019-09-19 10:29:40,104 [pool-292-thread-1] INFO  server.RaftServerConfigKeys (ConfUtils.java:logGet(43)) - raft.server.sleep.deviation.threshold = 300 (default)
2019-09-19 10:29:40,105 [pool-292-thread-1] INFO  server.RaftServerConfigKeys (ConfUtils.java:logGet(43)) - raft.server.log.appender.install.snapshot.enabled = false (custom)
2019-09-19 10:29:40,105 [pool-292-thread-1] INFO  impl.RaftServerImpl (ServerState.java:<init>(105)) - 92d05276-1016-4158-a152-8ea5a77b5f75:group-2325B9D771DD ConfigurationManager, init=-1: [92d05276-1016-4158-a152-8ea5a77b5f75:192.168.157.204:40285], old=null, confs=<EMPTY_MAP>
2019-09-19 10:29:40,105 [pool-292-thread-1] INFO  server.RaftServerConfigKeys (ConfUtils.java:logGet(43)) - raft.server.storage.dir = [/workdir/hadoop-ozone/ozonefs/target/test-dir/MiniOzoneClusterImpl-32add812-2629-4863-a43e-a343e05546f3/datanode-0/data/ratis] (custom)
2019-09-19 10:29:40,105 [pool-292-thread-1] INFO  storage.RaftStorageDirectory (RaftStorageDirectory.java:analyzeStorage(246)) - The storage directory /workdir/hadoop-ozone/ozonefs/target/test-dir/MiniOzoneClusterImpl-32add812-2629-4863-a43e-a343e05546f3/datanode-0/data/ratis/c663280d-cf52-49b6-8745-2325b9d771dd does not exist. Creating ...
2019-09-19 10:29:40,117 [pool-292-thread-1] INFO  storage.RaftStorageDirectory (RaftStorageDirectory.java:tryLock(328)) - Lock on /workdir/hadoop-ozone/ozonefs/target/test-dir/MiniOzoneClusterImpl-32add812-2629-4863-a43e-a343e05546f3/datanode-0/data/ratis/c663280d-cf52-49b6-8745-2325b9d771dd/in_use.lock acquired by nodename 28323@pr-hdds-1569-cpgw4-1311585219
2019-09-19 10:29:40,119 [IPC Server handler 2 on 33860] INFO  net.NetworkTopology (NetworkTopologyImpl.java:add(110)) - Added a new node: /default-rack/4c16d390-576f-4855-a796-467600b42ac4
2019-09-19 10:29:40,120 [IPC Server handler 2 on 33860] INFO  node.SCMNodeManager (SCMNodeManager.java:register(273)) - Registered Data node : 4c16d390-576f-4855-a796-467600b42ac4{ip: 192.168.157.204, host: pr-hdds-1569-cpgw4-1311585219, networkLocation: /default-rack, certSerialId: null}
2019-09-19 10:29:40,120 | INFO  | SCMAudit | user=jenkins1000 | ip=192.168.157.204 | op=REGISTER {datanodeDetails=4c16d390-576f-4855-a796-467600b42ac4{ip: 192.168.157.204, host: pr-hdds-1569-cpgw4-1311585219, networkLocation: /default-rack, certSerialId: null}} | ret=SUCCESS |  
2019-09-19 10:29:40,131 [pool-292-thread-1] INFO  storage.RaftStorage (RaftStorage.java:format(72)) - Storage directory /workdir/hadoop-ozone/ozonefs/target/test-dir/MiniOzoneClusterImpl-32add812-2629-4863-a43e-a343e05546f3/datanode-0/data/ratis/c663280d-cf52-49b6-8745-2325b9d771dd has been successfully formatted.
2019-09-19 10:29:40,131 [pool-292-thread-1] INFO  ratis.ContainerStateMachine (ContainerStateMachine.java:loadSnapshot(226)) - group-2325B9D771DD: The snapshot info is null. Setting the last applied indexto:(t:0, i:~)
2019-09-19 10:29:40,131 [pool-292-thread-1] INFO  server.RaftServerConfigKeys (ConfUtils.java:logGet(43)) - raft.server.leader.election.timeout = 120s (custom)
2019-09-19 10:29:40,131 [pool-292-thread-1] INFO  server.RaftServerConfigKeys (ConfUtils.java:logGet(43)) - raft.server.log.use.memory = false (default)
2019-09-19 10:29:40,131 [pool-292-thread-1] INFO  server.RaftServerConfigKeys (ConfUtils.java:logGet(43)) - raft.server.log.purge.gap = 1000000 (custom)
2019-09-19 10:29:40,131 [pool-292-thread-1] INFO  server.RaftServerConfigKeys (ConfUtils.java:logGet(43)) - raft.server.log.appender.buffer.byte-limit = 33554432 (custom)
2019-09-19 10:29:40,131 [pool-292-thread-1] INFO  server.RaftServerConfigKeys (ConfUtils.java:logGet(43)) - raft.server.log.segment.size.max = 1048576 (custom)
2019-09-19 10:29:40,132 [pool-292-thread-1] INFO  server.RaftServerConfigKeys (ConfUtils.java:logGet(43)) - raft.server.log.segment.cache.num.max = 2 (custom)
2019-09-19 10:29:40,132 [pool-292-thread-1] INFO  segmented.SegmentedRaftLogWorker (SegmentedRaftLogWorker.java:<init>(172)) - new 92d05276-1016-4158-a152-8ea5a77b5f75-SegmentedRaftLogWorker:Storage Directory /workdir/hadoop-ozone/ozonefs/target/test-dir/MiniOzoneClusterImpl-32add812-2629-4863-a43e-a343e05546f3/datanode-0/data/ratis/c663280d-cf52-49b6-8745-2325b9d771dd for RaftStorage:Storage Directory /workdir/hadoop-ozone/ozonefs/target/test-dir/MiniOzoneClusterImpl-32add812-2629-4863-a43e-a343e05546f3/datanode-0/data/ratis/c663280d-cf52-49b6-8745-2325b9d771dd
2019-09-19 10:29:40,132 [pool-292-thread-1] INFO  server.RaftServerConfigKeys (ConfUtils.java:logGet(43)) - raft.server.log.queue.byte-limit = 2147483647 (custom)
2019-09-19 10:29:40,132 [pool-292-thread-1] INFO  server.RaftServerConfigKeys (ConfUtils.java:logGet(43)) - raft.server.log.queue.element-limit = 1024 (custom)
2019-09-19 10:29:40,132 [pool-292-thread-1] INFO  server.RaftServerConfigKeys (ConfUtils.java:logGet(43)) - raft.server.log.segment.size.max = 1048576 (custom)
2019-09-19 10:29:40,132 [pool-292-thread-1] INFO  server.RaftServerConfigKeys (ConfUtils.java:logGet(43)) - raft.server.log.preallocated.size = 16384 (custom)
2019-09-19 10:29:40,132 [pool-292-thread-1] INFO  server.RaftServerConfigKeys (ConfUtils.java:logGet(43)) - raft.server.log.write.buffer.size = 33554432 (custom)
2019-09-19 10:29:40,132 [pool-292-thread-1] INFO  server.RaftServerConfigKeys (ConfUtils.java:logGet(43)) - raft.server.log.force.sync.num = 128 (default)
2019-09-19 10:29:40,132 [pool-292-thread-1] INFO  server.RaftServerConfigKeys (ConfUtils.java:logGet(43)) - raft.server.log.statemachine.data.sync = true (default)
2019-09-19 10:29:40,133 [pool-292-thread-1] INFO  server.RaftServerConfigKeys (ConfUtils.java:logGet(43)) - raft.server.log.statemachine.data.sync.timeout = 10s (default)
2019-09-19 10:29:40,133 [pool-292-thread-1] INFO  server.RaftServerConfigKeys (ConfUtils.java:logGet(43)) - raft.server.log.statemachine.data.sync.timeout.retry = -1 (default)
2019-09-19 10:29:40,133 [pool-292-thread-1] INFO  server.RaftServerConfigKeys (ConfUtils.java:logGet(43)) - raft.server.log.statemachine.data.caching.enabled = true (custom)
2019-09-19 10:29:40,133 [pool-292-thread-1] INFO  segmented.SegmentedRaftLogWorker (SegmentedRaftLogWorker.java:lambda$new$0(132)) - 92d05276-1016-4158-a152-8ea5a77b5f75-SegmentedRaftLogWorker:Storage Directory /workdir/hadoop-ozone/ozonefs/target/test-dir/MiniOzoneClusterImpl-32add812-2629-4863-a43e-a343e05546f3/datanode-0/data/ratis/c663280d-cf52-49b6-8745-2325b9d771dd: flushIndex: setUnconditionally 0 -> -1
2019-09-19 10:29:40,133 [pool-292-thread-1] INFO  server.RaftServerConfigKeys (ConfUtils.java:logGet(43)) - raft.server.snapshot.auto.trigger.enabled = true (custom)
2019-09-19 10:29:40,133 [pool-292-thread-1] INFO  server.RaftServerConfigKeys (ConfUtils.java:logGet(43)) - raft.server.snapshot.auto.trigger.threshold = 10000 (custom)
2019-09-19 10:29:40,134 [pool-292-thread-1] INFO  server.RaftServerConfigKeys (ConfUtils.java:logGet(43)) - raft.server.retrycache.expirytime = 600000ms (custom)
2019-09-19 10:29:40,134 [pool-292-thread-1] INFO  impl.RaftServerImpl (RaftServerImpl.java:start(180)) - 92d05276-1016-4158-a152-8ea5a77b5f75: start group-2325B9D771DD
2019-09-19 10:29:40,134 [pool-292-thread-1] INFO  impl.RaftServerImpl (RaftServerImpl.java:setRole(171)) - 92d05276-1016-4158-a152-8ea5a77b5f75:group-2325B9D771DD changes role from null to FOLLOWER at term 0 for startAsFollower
2019-09-19 10:29:40,134 [pool-292-thread-1] INFO  impl.RoleInfo (RoleInfo.java:updateAndGet(143)) - 92d05276-1016-4158-a152-8ea5a77b5f75: start FollowerState
2019-09-19 10:29:40,134 [pool-292-thread-1] INFO  util.JmxRegister (JmxRegister.java:tryRegister(44)) - Successfully registered JMX Bean with object name Ratis:service=RaftServer,group=group-2325B9D771DD,id=92d05276-1016-4158-a152-8ea5a77b5f75
2019-09-19 10:29:40,137 [RatisPipelineUtilsThread] INFO  pipeline.PipelineStateManager (PipelineStateManager.java:addPipeline(56)) - Created pipeline Pipeline[ Id: c663280d-cf52-49b6-8745-2325b9d771dd, Nodes: 92d05276-1016-4158-a152-8ea5a77b5f75{ip: 192.168.157.204, host: pr-hdds-1569-cpgw4-1311585219, networkLocation: /default-rack, certSerialId: null}, Type:RATIS, Factor:ONE, State:OPEN]
2019-09-19 10:29:40,141 [grpc-default-executor-0] INFO  impl.RaftServerProxy (RaftServerProxy.java:addNew(89)) - 92d05276-1016-4158-a152-8ea5a77b5f75: addNew group-0F79E377BA6D:[92d05276-1016-4158-a152-8ea5a77b5f75:192.168.157.204:40285] returns group-0F79E377BA6D:java.util.concurrent.CompletableFuture@1ed675ce[Not completed]
2019-09-19 10:29:40,142 [pool-292-thread-1] INFO  impl.RaftServerImpl (RaftServerImpl.java:<init>(93)) - 92d05276-1016-4158-a152-8ea5a77b5f75: new RaftServerImpl for group-0F79E377BA6D:[92d05276-1016-4158-a152-8ea5a77b5f75:192.168.157.204:40285] with ContainerStateMachine:uninitialized
2019-09-19 10:29:40,142 [pool-292-thread-1] INFO  server.RaftServerConfigKeys (ConfUtils.java:logGet(43)) - raft.server.rpc.timeout.min = 5s (custom)
2019-09-19 10:29:40,142 [pool-292-thread-1] INFO  server.RaftServerConfigKeys (ConfUtils.java:logGet(43)) - raft.server.rpc.timeout.max = 5200ms (custom)
2019-09-19 10:29:40,142 [pool-292-thread-1] INFO  server.RaftServerConfigKeys (ConfUtils.java:logGet(43)) - raft.server.rpcslowness.timeout = 120s (custom)
2019-09-19 10:29:40,142 [pool-292-thread-1] INFO  server.RaftServerConfigKeys (ConfUtils.java:logGet(43)) - raft.server.sleep.deviation.threshold = 300 (default)
2019-09-19 10:29:40,142 [pool-292-thread-1] INFO  server.RaftServerConfigKeys (ConfUtils.java:logGet(43)) - raft.server.log.appender.install.snapshot.enabled = false (custom)
2019-09-19 10:29:40,143 [pool-292-thread-1] INFO  impl.RaftServerImpl (ServerState.java:<init>(105)) - 92d05276-1016-4158-a152-8ea5a77b5f75:group-0F79E377BA6D ConfigurationManager, init=-1: [92d05276-1016-4158-a152-8ea5a77b5f75:192.168.157.204:40285], old=null, confs=<EMPTY_MAP>
2019-09-19 10:29:40,143 [pool-292-thread-1] INFO  server.RaftServerConfigKeys (ConfUtils.java:logGet(43)) - raft.server.storage.dir = [/workdir/hadoop-ozone/ozonefs/target/test-dir/MiniOzoneClusterImpl-32add812-2629-4863-a43e-a343e05546f3/datanode-0/data/ratis] (custom)
2019-09-19 10:29:40,143 [pool-292-thread-1] INFO  storage.RaftStorageDirectory (RaftStorageDirectory.java:analyzeStorage(246)) - The storage directory /workdir/hadoop-ozone/ozonefs/target/test-dir/MiniOzoneClusterImpl-32add812-2629-4863-a43e-a343e05546f3/datanode-0/data/ratis/62a9125b-3a7e-431b-9f3e-0f79e377ba6d does not exist. Creating ...
2019-09-19 10:29:40,156 [pool-292-thread-1] INFO  storage.RaftStorageDirectory (RaftStorageDirectory.java:tryLock(328)) - Lock on /workdir/hadoop-ozone/ozonefs/target/test-dir/MiniOzoneClusterImpl-32add812-2629-4863-a43e-a343e05546f3/datanode-0/data/ratis/62a9125b-3a7e-431b-9f3e-0f79e377ba6d/in_use.lock acquired by nodename 28323@pr-hdds-1569-cpgw4-1311585219
2019-09-19 10:29:40,160 [pool-292-thread-1] INFO  storage.RaftStorage (RaftStorage.java:format(72)) - Storage directory /workdir/hadoop-ozone/ozonefs/target/test-dir/MiniOzoneClusterImpl-32add812-2629-4863-a43e-a343e05546f3/datanode-0/data/ratis/62a9125b-3a7e-431b-9f3e-0f79e377ba6d has been successfully formatted.
2019-09-19 10:29:40,160 [pool-292-thread-1] INFO  ratis.ContainerStateMachine (ContainerStateMachine.java:loadSnapshot(226)) - group-0F79E377BA6D: The snapshot info is null. Setting the last applied indexto:(t:0, i:~)
2019-09-19 10:29:40,160 [pool-292-thread-1] INFO  server.RaftServerConfigKeys (ConfUtils.java:logGet(43)) - raft.server.leader.election.timeout = 120s (custom)
2019-09-19 10:29:40,160 [pool-292-thread-1] INFO  server.RaftServerConfigKeys (ConfUtils.java:logGet(43)) - raft.server.log.use.memory = false (default)
2019-09-19 10:29:40,161 [pool-292-thread-1] INFO  server.RaftServerConfigKeys (ConfUtils.java:logGet(43)) - raft.server.log.purge.gap = 1000000 (custom)
2019-09-19 10:29:40,161 [pool-292-thread-1] INFO  server.RaftServerConfigKeys (ConfUtils.java:logGet(43)) - raft.server.log.appender.buffer.byte-limit = 33554432 (custom)
2019-09-19 10:29:40,161 [pool-292-thread-1] INFO  server.RaftServerConfigKeys (ConfUtils.java:logGet(43)) - raft.server.log.segment.size.max = 1048576 (custom)
2019-09-19 10:29:40,161 [pool-292-thread-1] INFO  server.RaftServerConfigKeys (ConfUtils.java:logGet(43)) - raft.server.log.segment.cache.num.max = 2 (custom)
2019-09-19 10:29:40,161 [pool-292-thread-1] INFO  segmented.SegmentedRaftLogWorker (SegmentedRaftLogWorker.java:<init>(172)) - new 92d05276-1016-4158-a152-8ea5a77b5f75-SegmentedRaftLogWorker:Storage Directory /workdir/hadoop-ozone/ozonefs/target/test-dir/MiniOzoneClusterImpl-32add812-2629-4863-a43e-a343e05546f3/datanode-0/data/ratis/62a9125b-3a7e-431b-9f3e-0f79e377ba6d for RaftStorage:Storage Directory /workdir/hadoop-ozone/ozonefs/target/test-dir/MiniOzoneClusterImpl-32add812-2629-4863-a43e-a343e05546f3/datanode-0/data/ratis/62a9125b-3a7e-431b-9f3e-0f79e377ba6d
2019-09-19 10:29:40,161 [pool-292-thread-1] INFO  server.RaftServerConfigKeys (ConfUtils.java:logGet(43)) - raft.server.log.queue.byte-limit = 2147483647 (custom)
2019-09-19 10:29:40,161 [pool-292-thread-1] INFO  server.RaftServerConfigKeys (ConfUtils.java:logGet(43)) - raft.server.log.queue.element-limit = 1024 (custom)
2019-09-19 10:29:40,161 [pool-292-thread-1] INFO  server.RaftServerConfigKeys (ConfUtils.java:logGet(43)) - raft.server.log.segment.size.max = 1048576 (custom)
2019-09-19 10:29:40,162 [pool-292-thread-1] INFO  server.RaftServerConfigKeys (ConfUtils.java:logGet(43)) - raft.server.log.preallocated.size = 16384 (custom)
2019-09-19 10:29:40,162 [pool-292-thread-1] INFO  server.RaftServerConfigKeys (ConfUtils.java:logGet(43)) - raft.server.log.write.buffer.size = 33554432 (custom)
2019-09-19 10:29:40,162 [pool-292-thread-1] INFO  server.RaftServerConfigKeys (ConfUtils.java:logGet(43)) - raft.server.log.force.sync.num = 128 (default)
2019-09-19 10:29:40,162 [pool-292-thread-1] INFO  server.RaftServerConfigKeys (ConfUtils.java:logGet(43)) - raft.server.log.statemachine.data.sync = true (default)
2019-09-19 10:29:40,162 [pool-292-thread-1] INFO  server.RaftServerConfigKeys (ConfUtils.java:logGet(43)) - raft.server.log.statemachine.data.sync.timeout = 10s (default)
2019-09-19 10:29:40,162 [pool-292-thread-1] INFO  server.RaftServerConfigKeys (ConfUtils.java:logGet(43)) - raft.server.log.statemachine.data.sync.timeout.retry = -1 (default)
2019-09-19 10:29:40,162 [pool-292-thread-1] INFO  server.RaftServerConfigKeys (ConfUtils.java:logGet(43)) - raft.server.log.statemachine.data.caching.enabled = true (custom)
2019-09-19 10:29:40,163 [pool-292-thread-1] INFO  segmented.SegmentedRaftLogWorker (SegmentedRaftLogWorker.java:lambda$new$0(132)) - 92d05276-1016-4158-a152-8ea5a77b5f75-SegmentedRaftLogWorker:Storage Directory /workdir/hadoop-ozone/ozonefs/target/test-dir/MiniOzoneClusterImpl-32add812-2629-4863-a43e-a343e05546f3/datanode-0/data/ratis/62a9125b-3a7e-431b-9f3e-0f79e377ba6d: flushIndex: setUnconditionally 0 -> -1
2019-09-19 10:29:40,163 [pool-292-thread-1] INFO  server.RaftServerConfigKeys (ConfUtils.java:logGet(43)) - raft.server.snapshot.auto.trigger.enabled = true (custom)
2019-09-19 10:29:40,163 [pool-292-thread-1] INFO  server.RaftServerConfigKeys (ConfUtils.java:logGet(43)) - raft.server.snapshot.auto.trigger.threshold = 10000 (custom)
2019-09-19 10:29:40,163 [pool-292-thread-1] INFO  server.RaftServerConfigKeys (ConfUtils.java:logGet(43)) - raft.server.retrycache.expirytime = 600000ms (custom)
2019-09-19 10:29:40,163 [pool-292-thread-1] INFO  impl.RaftServerImpl (RaftServerImpl.java:start(180)) - 92d05276-1016-4158-a152-8ea5a77b5f75: start group-0F79E377BA6D
2019-09-19 10:29:40,163 [pool-292-thread-1] INFO  impl.RaftServerImpl (RaftServerImpl.java:setRole(171)) - 92d05276-1016-4158-a152-8ea5a77b5f75:group-0F79E377BA6D changes role from null to FOLLOWER at term 0 for startAsFollower
2019-09-19 10:29:40,164 [pool-292-thread-1] INFO  impl.RoleInfo (RoleInfo.java:updateAndGet(143)) - 92d05276-1016-4158-a152-8ea5a77b5f75: start FollowerState
2019-09-19 10:29:40,164 [pool-292-thread-1] INFO  util.JmxRegister (JmxRegister.java:tryRegister(44)) - Successfully registered JMX Bean with object name Ratis:service=RaftServer,group=group-0F79E377BA6D,id=92d05276-1016-4158-a152-8ea5a77b5f75
2019-09-19 10:29:40,167 [RatisPipelineUtilsThread] INFO  pipeline.PipelineStateManager (PipelineStateManager.java:addPipeline(56)) - Created pipeline Pipeline[ Id: 62a9125b-3a7e-431b-9f3e-0f79e377ba6d, Nodes: 92d05276-1016-4158-a152-8ea5a77b5f75{ip: 192.168.157.204, host: pr-hdds-1569-cpgw4-1311585219, networkLocation: /default-rack, certSerialId: null}, Type:RATIS, Factor:ONE, State:OPEN]
2019-09-19 10:29:40,168 [RatisPipelineUtilsThread] ERROR pipeline.PipelinePlacementPolicy (PipelinePlacementPolicy.java:meetCriteria(91)) - Pipeline Placement: Doesn't meet the criteria to be viable node. Heaviness: 6
2019-09-19 10:29:40,175 [grpc-default-executor-0] INFO  impl.RaftServerProxy (RaftServerProxy.java:addNew(89)) - 4c16d390-576f-4855-a796-467600b42ac4: addNew group-1D0504118121:[4c16d390-576f-4855-a796-467600b42ac4:192.168.157.204:46105] returns group-1D0504118121:java.util.concurrent.CompletableFuture@360d34e1[Not completed]
2019-09-19 10:29:40,177 [pool-303-thread-1] INFO  impl.RaftServerImpl (RaftServerImpl.java:<init>(93)) - 4c16d390-576f-4855-a796-467600b42ac4: new RaftServerImpl for group-1D0504118121:[4c16d390-576f-4855-a796-467600b42ac4:192.168.157.204:46105] with ContainerStateMachine:uninitialized
2019-09-19 10:29:40,177 [pool-303-thread-1] INFO  server.RaftServerConfigKeys (ConfUtils.java:logGet(43)) - raft.server.rpc.timeout.min = 5s (custom)
2019-09-19 10:29:40,178 [pool-303-thread-1] INFO  server.RaftServerConfigKeys (ConfUtils.java:logGet(43)) - raft.server.rpc.timeout.max = 5200ms (custom)
2019-09-19 10:29:40,178 [pool-303-thread-1] INFO  server.RaftServerConfigKeys (ConfUtils.java:logGet(43)) - raft.server.rpcslowness.timeout = 120s (custom)
2019-09-19 10:29:40,178 [pool-303-thread-1] INFO  server.RaftServerConfigKeys (ConfUtils.java:logGet(43)) - raft.server.sleep.deviation.threshold = 300 (default)
2019-09-19 10:29:40,178 [pool-303-thread-1] INFO  server.RaftServerConfigKeys (ConfUtils.java:logGet(43)) - raft.server.log.appender.install.snapshot.enabled = false (custom)
2019-09-19 10:29:40,178 [pool-303-thread-1] INFO  impl.RaftServerImpl (ServerState.java:<init>(105)) - 4c16d390-576f-4855-a796-467600b42ac4:group-1D0504118121 ConfigurationManager, init=-1: [4c16d390-576f-4855-a796-467600b42ac4:192.168.157.204:46105], old=null, confs=<EMPTY_MAP>
2019-09-19 10:29:40,178 [pool-303-thread-1] INFO  server.RaftServerConfigKeys (ConfUtils.java:logGet(43)) - raft.server.storage.dir = [/workdir/hadoop-ozone/ozonefs/target/test-dir/MiniOzoneClusterImpl-32add812-2629-4863-a43e-a343e05546f3/datanode-1/data/ratis] (custom)
2019-09-19 10:29:40,179 [pool-303-thread-1] INFO  storage.RaftStorageDirectory (RaftStorageDirectory.java:analyzeStorage(246)) - The storage directory /workdir/hadoop-ozone/ozonefs/target/test-dir/MiniOzoneClusterImpl-32add812-2629-4863-a43e-a343e05546f3/datanode-1/data/ratis/6e30dfd8-a0b1-4f3b-b1f8-1d0504118121 does not exist. Creating ...
2019-09-19 10:29:40,369 [pool-303-thread-1] INFO  storage.RaftStorageDirectory (RaftStorageDirectory.java:tryLock(328)) - Lock on /workdir/hadoop-ozone/ozonefs/target/test-dir/MiniOzoneClusterImpl-32add812-2629-4863-a43e-a343e05546f3/datanode-1/data/ratis/6e30dfd8-a0b1-4f3b-b1f8-1d0504118121/in_use.lock acquired by nodename 28323@pr-hdds-1569-cpgw4-1311585219
2019-09-19 10:29:40,391 [Thread-1340] INFO  ozone.MiniOzoneClusterImpl (MiniOzoneClusterImpl.java:lambda$waitForClusterToBeReady$0(142)) - Waiting for cluster to be ready. Got 2 of 3 DN Heartbeats.
2019-09-19 10:29:40,393 [IPC Server handler 0 on 33860] INFO  net.NetworkTopology (NetworkTopologyImpl.java:add(110)) - Added a new node: /default-rack/b949f978-e97b-4741-8244-536fe4f5bb8a
2019-09-19 10:29:40,393 [IPC Server handler 0 on 33860] INFO  node.SCMNodeManager (SCMNodeManager.java:register(273)) - Registered Data node : b949f978-e97b-4741-8244-536fe4f5bb8a{ip: 192.168.157.204, host: pr-hdds-1569-cpgw4-1311585219, networkLocation: /default-rack, certSerialId: null}
2019-09-19 10:29:40,394 | INFO  | SCMAudit | user=jenkins1000 | ip=192.168.157.204 | op=REGISTER {datanodeDetails=b949f978-e97b-4741-8244-536fe4f5bb8a{ip: 192.168.157.204, host: pr-hdds-1569-cpgw4-1311585219, networkLocation: /default-rack, certSerialId: null}} | ret=SUCCESS |  
2019-09-19 10:29:40,652 [pool-303-thread-1] INFO  storage.RaftStorage (RaftStorage.java:format(72)) - Storage directory /workdir/hadoop-ozone/ozonefs/target/test-dir/MiniOzoneClusterImpl-32add812-2629-4863-a43e-a343e05546f3/datanode-1/data/ratis/6e30dfd8-a0b1-4f3b-b1f8-1d0504118121 has been successfully formatted.
2019-09-19 10:29:40,652 [pool-303-thread-1] INFO  ratis.ContainerStateMachine (ContainerStateMachine.java:loadSnapshot(226)) - group-1D0504118121: The snapshot info is null. Setting the last applied indexto:(t:0, i:~)
2019-09-19 10:29:40,652 [pool-303-thread-1] INFO  server.RaftServerConfigKeys (ConfUtils.java:logGet(43)) - raft.server.leader.election.timeout = 120s (custom)
2019-09-19 10:29:40,652 [pool-303-thread-1] INFO  server.RaftServerConfigKeys (ConfUtils.java:logGet(43)) - raft.server.log.use.memory = false (default)
2019-09-19 10:29:40,653 [pool-303-thread-1] INFO  server.RaftServerConfigKeys (ConfUtils.java:logGet(43)) - raft.server.log.purge.gap = 1000000 (custom)
2019-09-19 10:29:40,653 [pool-303-thread-1] INFO  server.RaftServerConfigKeys (ConfUtils.java:logGet(43)) - raft.server.log.appender.buffer.byte-limit = 33554432 (custom)
2019-09-19 10:29:40,653 [pool-303-thread-1] INFO  server.RaftServerConfigKeys (ConfUtils.java:logGet(43)) - raft.server.log.segment.size.max = 1048576 (custom)
2019-09-19 10:29:40,653 [pool-303-thread-1] INFO  server.RaftServerConfigKeys (ConfUtils.java:logGet(43)) - raft.server.log.segment.cache.num.max = 2 (custom)
2019-09-19 10:29:40,653 [pool-303-thread-1] INFO  segmented.SegmentedRaftLogWorker (SegmentedRaftLogWorker.java:<init>(172)) - new 4c16d390-576f-4855-a796-467600b42ac4-SegmentedRaftLogWorker:Storage Directory /workdir/hadoop-ozone/ozonefs/target/test-dir/MiniOzoneClusterImpl-32add812-2629-4863-a43e-a343e05546f3/datanode-1/data/ratis/6e30dfd8-a0b1-4f3b-b1f8-1d0504118121 for RaftStorage:Storage Directory /workdir/hadoop-ozone/ozonefs/target/test-dir/MiniOzoneClusterImpl-32add812-2629-4863-a43e-a343e05546f3/datanode-1/data/ratis/6e30dfd8-a0b1-4f3b-b1f8-1d0504118121
2019-09-19 10:29:40,653 [pool-303-thread-1] INFO  server.RaftServerConfigKeys (ConfUtils.java:logGet(43)) - raft.server.log.queue.byte-limit = 2147483647 (custom)
2019-09-19 10:29:40,654 [pool-303-thread-1] INFO  server.RaftServerConfigKeys (ConfUtils.java:logGet(43)) - raft.server.log.queue.element-limit = 1024 (custom)
2019-09-19 10:29:40,654 [pool-303-thread-1] INFO  server.RaftServerConfigKeys (ConfUtils.java:logGet(43)) - raft.server.log.segment.size.max = 1048576 (custom)
2019-09-19 10:29:40,654 [pool-303-thread-1] INFO  server.RaftServerConfigKeys (ConfUtils.java:logGet(43)) - raft.server.log.preallocated.size = 16384 (custom)
2019-09-19 10:29:40,654 [pool-303-thread-1] INFO  server.RaftServerConfigKeys (ConfUtils.java:logGet(43)) - raft.server.log.write.buffer.size = 33554432 (custom)
2019-09-19 10:29:40,654 [pool-303-thread-1] INFO  server.RaftServerConfigKeys (ConfUtils.java:logGet(43)) - raft.server.log.force.sync.num = 128 (default)
2019-09-19 10:29:40,655 [pool-303-thread-1] INFO  server.RaftServerConfigKeys (ConfUtils.java:logGet(43)) - raft.server.log.statemachine.data.sync = true (default)
2019-09-19 10:29:40,655 [pool-303-thread-1] INFO  server.RaftServerConfigKeys (ConfUtils.java:logGet(43)) - raft.server.log.statemachine.data.sync.timeout = 10s (default)
2019-09-19 10:29:40,655 [pool-303-thread-1] INFO  server.RaftServerConfigKeys (ConfUtils.java:logGet(43)) - raft.server.log.statemachine.data.sync.timeout.retry = -1 (default)
2019-09-19 10:29:40,655 [pool-303-thread-1] INFO  server.RaftServerConfigKeys (ConfUtils.java:logGet(43)) - raft.server.log.statemachine.data.caching.enabled = true (custom)
2019-09-19 10:29:40,656 [pool-303-thread-1] INFO  segmented.SegmentedRaftLogWorker (SegmentedRaftLogWorker.java:lambda$new$0(132)) - 4c16d390-576f-4855-a796-467600b42ac4-SegmentedRaftLogWorker:Storage Directory /workdir/hadoop-ozone/ozonefs/target/test-dir/MiniOzoneClusterImpl-32add812-2629-4863-a43e-a343e05546f3/datanode-1/data/ratis/6e30dfd8-a0b1-4f3b-b1f8-1d0504118121: flushIndex: setUnconditionally 0 -> -1
2019-09-19 10:29:40,656 [pool-303-thread-1] INFO  server.RaftServerConfigKeys (ConfUtils.java:logGet(43)) - raft.server.snapshot.auto.trigger.enabled = true (custom)
2019-09-19 10:29:40,656 [pool-303-thread-1] INFO  server.RaftServerConfigKeys (ConfUtils.java:logGet(43)) - raft.server.snapshot.auto.trigger.threshold = 10000 (custom)
2019-09-19 10:29:40,656 [pool-303-thread-1] INFO  server.RaftServerConfigKeys (ConfUtils.java:logGet(43)) - raft.server.retrycache.expirytime = 600000ms (custom)
2019-09-19 10:29:40,657 [pool-303-thread-1] INFO  impl.RaftServerImpl (RaftServerImpl.java:start(180)) - 4c16d390-576f-4855-a796-467600b42ac4: start group-1D0504118121
2019-09-19 10:29:40,657 [pool-303-thread-1] INFO  impl.RaftServerImpl (RaftServerImpl.java:setRole(171)) - 4c16d390-576f-4855-a796-467600b42ac4:group-1D0504118121 changes role from null to FOLLOWER at term 0 for startAsFollower
2019-09-19 10:29:40,657 [pool-303-thread-1] INFO  impl.RoleInfo (RoleInfo.java:updateAndGet(143)) - 4c16d390-576f-4855-a796-467600b42ac4: start FollowerState
2019-09-19 10:29:40,657 [pool-303-thread-1] INFO  util.JmxRegister (JmxRegister.java:tryRegister(44)) - Successfully registered JMX Bean with object name Ratis:service=RaftServer,group=group-1D0504118121,id=4c16d390-576f-4855-a796-467600b42ac4
2019-09-19 10:29:40,661 [RatisPipelineUtilsThread] INFO  pipeline.PipelineStateManager (PipelineStateManager.java:addPipeline(56)) - Created pipeline Pipeline[ Id: 6e30dfd8-a0b1-4f3b-b1f8-1d0504118121, Nodes: 4c16d390-576f-4855-a796-467600b42ac4{ip: 192.168.157.204, host: pr-hdds-1569-cpgw4-1311585219, networkLocation: /default-rack, certSerialId: null}, Type:RATIS, Factor:ONE, State:OPEN]
2019-09-19 10:29:40,661 [RatisPipelineUtilsThread] ERROR pipeline.PipelinePlacementPolicy (PipelinePlacementPolicy.java:meetCriteria(91)) - Pipeline Placement: Doesn't meet the criteria to be viable node. Heaviness: 6
2019-09-19 10:29:40,667 [grpc-default-executor-0] INFO  impl.RaftServerProxy (RaftServerProxy.java:addNew(89)) - 4c16d390-576f-4855-a796-467600b42ac4: addNew group-89B5797FCA74:[4c16d390-576f-4855-a796-467600b42ac4:192.168.157.204:46105] returns group-89B5797FCA74:java.util.concurrent.CompletableFuture@6e3b64d[Not completed]
2019-09-19 10:29:40,668 [pool-303-thread-1] INFO  impl.RaftServerImpl (RaftServerImpl.java:<init>(93)) - 4c16d390-576f-4855-a796-467600b42ac4: new RaftServerImpl for group-89B5797FCA74:[4c16d390-576f-4855-a796-467600b42ac4:192.168.157.204:46105] with ContainerStateMachine:uninitialized
2019-09-19 10:29:40,668 [pool-303-thread-1] INFO  server.RaftServerConfigKeys (ConfUtils.java:logGet(43)) - raft.server.rpc.timeout.min = 5s (custom)
2019-09-19 10:29:40,669 [pool-303-thread-1] INFO  server.RaftServerConfigKeys (ConfUtils.java:logGet(43)) - raft.server.rpc.timeout.max = 5200ms (custom)
2019-09-19 10:29:40,669 [pool-303-thread-1] INFO  server.RaftServerConfigKeys (ConfUtils.java:logGet(43)) - raft.server.rpcslowness.timeout = 120s (custom)
2019-09-19 10:29:40,669 [pool-303-thread-1] INFO  server.RaftServerConfigKeys (ConfUtils.java:logGet(43)) - raft.server.sleep.deviation.threshold = 300 (default)
2019-09-19 10:29:40,669 [pool-303-thread-1] INFO  server.RaftServerConfigKeys (ConfUtils.java:logGet(43)) - raft.server.log.appender.install.snapshot.enabled = false (custom)
2019-09-19 10:29:40,669 [pool-303-thread-1] INFO  impl.RaftServerImpl (ServerState.java:<init>(105)) - 4c16d390-576f-4855-a796-467600b42ac4:group-89B5797FCA74 ConfigurationManager, init=-1: [4c16d390-576f-4855-a796-467600b42ac4:192.168.157.204:46105], old=null, confs=<EMPTY_MAP>
2019-09-19 10:29:40,669 [pool-303-thread-1] INFO  server.RaftServerConfigKeys (ConfUtils.java:logGet(43)) - raft.server.storage.dir = [/workdir/hadoop-ozone/ozonefs/target/test-dir/MiniOzoneClusterImpl-32add812-2629-4863-a43e-a343e05546f3/datanode-1/data/ratis] (custom)
2019-09-19 10:29:40,670 [pool-303-thread-1] INFO  storage.RaftStorageDirectory (RaftStorageDirectory.java:analyzeStorage(246)) - The storage directory /workdir/hadoop-ozone/ozonefs/target/test-dir/MiniOzoneClusterImpl-32add812-2629-4863-a43e-a343e05546f3/datanode-1/data/ratis/016762b9-912a-42da-accb-89b5797fca74 does not exist. Creating ...
2019-09-19 10:29:40,943 [pool-303-thread-1] INFO  storage.RaftStorageDirectory (RaftStorageDirectory.java:tryLock(328)) - Lock on /workdir/hadoop-ozone/ozonefs/target/test-dir/MiniOzoneClusterImpl-32add812-2629-4863-a43e-a343e05546f3/datanode-1/data/ratis/016762b9-912a-42da-accb-89b5797fca74/in_use.lock acquired by nodename 28323@pr-hdds-1569-cpgw4-1311585219
2019-09-19 10:29:40,946 [pool-303-thread-1] INFO  storage.RaftStorage (RaftStorage.java:format(72)) - Storage directory /workdir/hadoop-ozone/ozonefs/target/test-dir/MiniOzoneClusterImpl-32add812-2629-4863-a43e-a343e05546f3/datanode-1/data/ratis/016762b9-912a-42da-accb-89b5797fca74 has been successfully formatted.
2019-09-19 10:29:40,947 [pool-303-thread-1] INFO  ratis.ContainerStateMachine (ContainerStateMachine.java:loadSnapshot(226)) - group-89B5797FCA74: The snapshot info is null. Setting the last applied indexto:(t:0, i:~)
2019-09-19 10:29:40,947 [pool-303-thread-1] INFO  server.RaftServerConfigKeys (ConfUtils.java:logGet(43)) - raft.server.leader.election.timeout = 120s (custom)
2019-09-19 10:29:40,947 [pool-303-thread-1] INFO  server.RaftServerConfigKeys (ConfUtils.java:logGet(43)) - raft.server.log.use.memory = false (default)
2019-09-19 10:29:40,947 [pool-303-thread-1] INFO  server.RaftServerConfigKeys (ConfUtils.java:logGet(43)) - raft.server.log.purge.gap = 1000000 (custom)
2019-09-19 10:29:40,947 [pool-303-thread-1] INFO  server.RaftServerConfigKeys (ConfUtils.java:logGet(43)) - raft.server.log.appender.buffer.byte-limit = 33554432 (custom)
2019-09-19 10:29:40,948 [pool-303-thread-1] INFO  server.RaftServerConfigKeys (ConfUtils.java:logGet(43)) - raft.server.log.segment.size.max = 1048576 (custom)
2019-09-19 10:29:40,948 [pool-303-thread-1] INFO  server.RaftServerConfigKeys (ConfUtils.java:logGet(43)) - raft.server.log.segment.cache.num.max = 2 (custom)
2019-09-19 10:29:40,948 [pool-303-thread-1] INFO  segmented.SegmentedRaftLogWorker (SegmentedRaftLogWorker.java:<init>(172)) - new 4c16d390-576f-4855-a796-467600b42ac4-SegmentedRaftLogWorker:Storage Directory /workdir/hadoop-ozone/ozonefs/target/test-dir/MiniOzoneClusterImpl-32add812-2629-4863-a43e-a343e05546f3/datanode-1/data/ratis/016762b9-912a-42da-accb-89b5797fca74 for RaftStorage:Storage Directory /workdir/hadoop-ozone/ozonefs/target/test-dir/MiniOzoneClusterImpl-32add812-2629-4863-a43e-a343e05546f3/datanode-1/data/ratis/016762b9-912a-42da-accb-89b5797fca74
2019-09-19 10:29:40,948 [pool-303-thread-1] INFO  server.RaftServerConfigKeys (ConfUtils.java:logGet(43)) - raft.server.log.queue.byte-limit = 2147483647 (custom)
2019-09-19 10:29:40,948 [pool-303-thread-1] INFO  server.RaftServerConfigKeys (ConfUtils.java:logGet(43)) - raft.server.log.queue.element-limit = 1024 (custom)
2019-09-19 10:29:40,948 [pool-303-thread-1] INFO  server.RaftServerConfigKeys (ConfUtils.java:logGet(43)) - raft.server.log.segment.size.max = 1048576 (custom)
2019-09-19 10:29:40,948 [pool-303-thread-1] INFO  server.RaftServerConfigKeys (ConfUtils.java:logGet(43)) - raft.server.log.preallocated.size = 16384 (custom)
2019-09-19 10:29:40,949 [pool-303-thread-1] INFO  server.RaftServerConfigKeys (ConfUtils.java:logGet(43)) - raft.server.log.write.buffer.size = 33554432 (custom)
2019-09-19 10:29:40,949 [pool-303-thread-1] INFO  server.RaftServerConfigKeys (ConfUtils.java:logGet(43)) - raft.server.log.force.sync.num = 128 (default)
2019-09-19 10:29:40,949 [pool-303-thread-1] INFO  server.RaftServerConfigKeys (ConfUtils.java:logGet(43)) - raft.server.log.statemachine.data.sync = true (default)
2019-09-19 10:29:40,949 [pool-303-thread-1] INFO  server.RaftServerConfigKeys (ConfUtils.java:logGet(43)) - raft.server.log.statemachine.data.sync.timeout = 10s (default)
2019-09-19 10:29:40,949 [pool-303-thread-1] INFO  server.RaftServerConfigKeys (ConfUtils.java:logGet(43)) - raft.server.log.statemachine.data.sync.timeout.retry = -1 (default)
2019-09-19 10:29:40,949 [pool-303-thread-1] INFO  server.RaftServerConfigKeys (ConfUtils.java:logGet(43)) - raft.server.log.statemachine.data.caching.enabled = true (custom)
2019-09-19 10:29:40,950 [pool-303-thread-1] INFO  segmented.SegmentedRaftLogWorker (SegmentedRaftLogWorker.java:lambda$new$0(132)) - 4c16d390-576f-4855-a796-467600b42ac4-SegmentedRaftLogWorker:Storage Directory /workdir/hadoop-ozone/ozonefs/target/test-dir/MiniOzoneClusterImpl-32add812-2629-4863-a43e-a343e05546f3/datanode-1/data/ratis/016762b9-912a-42da-accb-89b5797fca74: flushIndex: setUnconditionally 0 -> -1
2019-09-19 10:29:40,950 [pool-303-thread-1] INFO  server.RaftServerConfigKeys (ConfUtils.java:logGet(43)) - raft.server.snapshot.auto.trigger.enabled = true (custom)
2019-09-19 10:29:40,950 [pool-303-thread-1] INFO  server.RaftServerConfigKeys (ConfUtils.java:logGet(43)) - raft.server.snapshot.auto.trigger.threshold = 10000 (custom)
2019-09-19 10:29:40,951 [pool-303-thread-1] INFO  server.RaftServerConfigKeys (ConfUtils.java:logGet(43)) - raft.server.retrycache.expirytime = 600000ms (custom)
2019-09-19 10:29:40,951 [pool-303-thread-1] INFO  impl.RaftServerImpl (RaftServerImpl.java:start(180)) - 4c16d390-576f-4855-a796-467600b42ac4: start group-89B5797FCA74
2019-09-19 10:29:40,951 [pool-303-thread-1] INFO  impl.RaftServerImpl (RaftServerImpl.java:setRole(171)) - 4c16d390-576f-4855-a796-467600b42ac4:group-89B5797FCA74 changes role from null to FOLLOWER at term 0 for startAsFollower
2019-09-19 10:29:40,951 [pool-303-thread-1] INFO  impl.RoleInfo (RoleInfo.java:updateAndGet(143)) - 4c16d390-576f-4855-a796-467600b42ac4: start FollowerState
2019-09-19 10:29:40,952 [pool-303-thread-1] INFO  util.JmxRegister (JmxRegister.java:tryRegister(44)) - Successfully registered JMX Bean with object name Ratis:service=RaftServer,group=group-89B5797FCA74,id=4c16d390-576f-4855-a796-467600b42ac4
2019-09-19 10:29:40,955 [RatisPipelineUtilsThread] INFO  pipeline.PipelineStateManager (PipelineStateManager.java:addPipeline(56)) - Created pipeline Pipeline[ Id: 016762b9-912a-42da-accb-89b5797fca74, Nodes: 4c16d390-576f-4855-a796-467600b42ac4{ip: 192.168.157.204, host: pr-hdds-1569-cpgw4-1311585219, networkLocation: /default-rack, certSerialId: null}, Type:RATIS, Factor:ONE, State:OPEN]
2019-09-19 10:29:40,955 [RatisPipelineUtilsThread] ERROR pipeline.PipelinePlacementPolicy (PipelinePlacementPolicy.java:meetCriteria(91)) - Pipeline Placement: Doesn't meet the criteria to be viable node. Heaviness: 6
2019-09-19 10:29:40,964 [grpc-default-executor-0] INFO  impl.RaftServerProxy (RaftServerProxy.java:addNew(89)) - b949f978-e97b-4741-8244-536fe4f5bb8a: addNew group-D9DA31F5C371:[b949f978-e97b-4741-8244-536fe4f5bb8a:192.168.157.204:35409] returns group-D9DA31F5C371:java.util.concurrent.CompletableFuture@7570de9f[Not completed]
2019-09-19 10:29:40,966 [pool-314-thread-1] INFO  impl.RaftServerImpl (RaftServerImpl.java:<init>(93)) - b949f978-e97b-4741-8244-536fe4f5bb8a: new RaftServerImpl for group-D9DA31F5C371:[b949f978-e97b-4741-8244-536fe4f5bb8a:192.168.157.204:35409] with ContainerStateMachine:uninitialized
2019-09-19 10:29:40,966 [pool-314-thread-1] INFO  server.RaftServerConfigKeys (ConfUtils.java:logGet(43)) - raft.server.rpc.timeout.min = 5s (custom)
2019-09-19 10:29:40,966 [pool-314-thread-1] INFO  server.RaftServerConfigKeys (ConfUtils.java:logGet(43)) - raft.server.rpc.timeout.max = 5200ms (custom)
2019-09-19 10:29:40,966 [pool-314-thread-1] INFO  server.RaftServerConfigKeys (ConfUtils.java:logGet(43)) - raft.server.rpcslowness.timeout = 120s (custom)
2019-09-19 10:29:40,966 [pool-314-thread-1] INFO  server.RaftServerConfigKeys (ConfUtils.java:logGet(43)) - raft.server.sleep.deviation.threshold = 300 (default)
2019-09-19 10:29:40,966 [pool-314-thread-1] INFO  server.RaftServerConfigKeys (ConfUtils.java:logGet(43)) - raft.server.log.appender.install.snapshot.enabled = false (custom)
2019-09-19 10:29:40,966 [pool-314-thread-1] INFO  impl.RaftServerImpl (ServerState.java:<init>(105)) - b949f978-e97b-4741-8244-536fe4f5bb8a:group-D9DA31F5C371 ConfigurationManager, init=-1: [b949f978-e97b-4741-8244-536fe4f5bb8a:192.168.157.204:35409], old=null, confs=<EMPTY_MAP>
2019-09-19 10:29:40,967 [pool-314-thread-1] INFO  server.RaftServerConfigKeys (ConfUtils.java:logGet(43)) - raft.server.storage.dir = [/workdir/hadoop-ozone/ozonefs/target/test-dir/MiniOzoneClusterImpl-32add812-2629-4863-a43e-a343e05546f3/datanode-2/data/ratis] (custom)
2019-09-19 10:29:40,967 [pool-314-thread-1] INFO  storage.RaftStorageDirectory (RaftStorageDirectory.java:analyzeStorage(246)) - The storage directory /workdir/hadoop-ozone/ozonefs/target/test-dir/MiniOzoneClusterImpl-32add812-2629-4863-a43e-a343e05546f3/datanode-2/data/ratis/020602b7-c5a9-4c7c-bc6e-d9da31f5c371 does not exist. Creating ...
2019-09-19 10:29:40,980 [pool-314-thread-1] INFO  storage.RaftStorageDirectory (RaftStorageDirectory.java:tryLock(328)) - Lock on /workdir/hadoop-ozone/ozonefs/target/test-dir/MiniOzoneClusterImpl-32add812-2629-4863-a43e-a343e05546f3/datanode-2/data/ratis/020602b7-c5a9-4c7c-bc6e-d9da31f5c371/in_use.lock acquired by nodename 28323@pr-hdds-1569-cpgw4-1311585219
2019-09-19 10:29:40,993 [pool-314-thread-1] INFO  storage.RaftStorage (RaftStorage.java:format(72)) - Storage directory /workdir/hadoop-ozone/ozonefs/target/test-dir/MiniOzoneClusterImpl-32add812-2629-4863-a43e-a343e05546f3/datanode-2/data/ratis/020602b7-c5a9-4c7c-bc6e-d9da31f5c371 has been successfully formatted.
2019-09-19 10:29:40,993 [pool-314-thread-1] INFO  ratis.ContainerStateMachine (ContainerStateMachine.java:loadSnapshot(226)) - group-D9DA31F5C371: The snapshot info is null. Setting the last applied indexto:(t:0, i:~)
2019-09-19 10:29:40,994 [pool-314-thread-1] INFO  server.RaftServerConfigKeys (ConfUtils.java:logGet(43)) - raft.server.leader.election.timeout = 120s (custom)
2019-09-19 10:29:40,994 [pool-314-thread-1] INFO  server.RaftServerConfigKeys (ConfUtils.java:logGet(43)) - raft.server.log.use.memory = false (default)
2019-09-19 10:29:40,994 [pool-314-thread-1] INFO  server.RaftServerConfigKeys (ConfUtils.java:logGet(43)) - raft.server.log.purge.gap = 1000000 (custom)
2019-09-19 10:29:40,994 [pool-314-thread-1] INFO  server.RaftServerConfigKeys (ConfUtils.java:logGet(43)) - raft.server.log.appender.buffer.byte-limit = 33554432 (custom)
2019-09-19 10:29:40,994 [pool-314-thread-1] INFO  server.RaftServerConfigKeys (ConfUtils.java:logGet(43)) - raft.server.log.segment.size.max = 1048576 (custom)
2019-09-19 10:29:40,994 [pool-314-thread-1] INFO  server.RaftServerConfigKeys (ConfUtils.java:logGet(43)) - raft.server.log.segment.cache.num.max = 2 (custom)
2019-09-19 10:29:40,994 [pool-314-thread-1] INFO  segmented.SegmentedRaftLogWorker (SegmentedRaftLogWorker.java:<init>(172)) - new b949f978-e97b-4741-8244-536fe4f5bb8a-SegmentedRaftLogWorker:Storage Directory /workdir/hadoop-ozone/ozonefs/target/test-dir/MiniOzoneClusterImpl-32add812-2629-4863-a43e-a343e05546f3/datanode-2/data/ratis/020602b7-c5a9-4c7c-bc6e-d9da31f5c371 for RaftStorage:Storage Directory /workdir/hadoop-ozone/ozonefs/target/test-dir/MiniOzoneClusterImpl-32add812-2629-4863-a43e-a343e05546f3/datanode-2/data/ratis/020602b7-c5a9-4c7c-bc6e-d9da31f5c371
2019-09-19 10:29:40,995 [pool-314-thread-1] INFO  server.RaftServerConfigKeys (ConfUtils.java:logGet(43)) - raft.server.log.queue.byte-limit = 2147483647 (custom)
2019-09-19 10:29:40,995 [pool-314-thread-1] INFO  server.RaftServerConfigKeys (ConfUtils.java:logGet(43)) - raft.server.log.queue.element-limit = 1024 (custom)
2019-09-19 10:29:40,995 [pool-314-thread-1] INFO  server.RaftServerConfigKeys (ConfUtils.java:logGet(43)) - raft.server.log.segment.size.max = 1048576 (custom)
2019-09-19 10:29:40,995 [pool-314-thread-1] INFO  server.RaftServerConfigKeys (ConfUtils.java:logGet(43)) - raft.server.log.preallocated.size = 16384 (custom)
2019-09-19 10:29:40,995 [pool-314-thread-1] INFO  server.RaftServerConfigKeys (ConfUtils.java:logGet(43)) - raft.server.log.write.buffer.size = 33554432 (custom)
2019-09-19 10:29:40,996 [pool-314-thread-1] INFO  server.RaftServerConfigKeys (ConfUtils.java:logGet(43)) - raft.server.log.force.sync.num = 128 (default)
2019-09-19 10:29:40,996 [pool-314-thread-1] INFO  server.RaftServerConfigKeys (ConfUtils.java:logGet(43)) - raft.server.log.statemachine.data.sync = true (default)
2019-09-19 10:29:40,996 [pool-314-thread-1] INFO  server.RaftServerConfigKeys (ConfUtils.java:logGet(43)) - raft.server.log.statemachine.data.sync.timeout = 10s (default)
2019-09-19 10:29:40,996 [pool-314-thread-1] INFO  server.RaftServerConfigKeys (ConfUtils.java:logGet(43)) - raft.server.log.statemachine.data.sync.timeout.retry = -1 (default)
2019-09-19 10:29:40,996 [pool-314-thread-1] INFO  server.RaftServerConfigKeys (ConfUtils.java:logGet(43)) - raft.server.log.statemachine.data.caching.enabled = true (custom)
2019-09-19 10:29:40,997 [pool-314-thread-1] INFO  segmented.SegmentedRaftLogWorker (SegmentedRaftLogWorker.java:lambda$new$0(132)) - b949f978-e97b-4741-8244-536fe4f5bb8a-SegmentedRaftLogWorker:Storage Directory /workdir/hadoop-ozone/ozonefs/target/test-dir/MiniOzoneClusterImpl-32add812-2629-4863-a43e-a343e05546f3/datanode-2/data/ratis/020602b7-c5a9-4c7c-bc6e-d9da31f5c371: flushIndex: setUnconditionally 0 -> -1
2019-09-19 10:29:40,997 [pool-314-thread-1] INFO  server.RaftServerConfigKeys (ConfUtils.java:logGet(43)) - raft.server.snapshot.auto.trigger.enabled = true (custom)
2019-09-19 10:29:40,997 [pool-314-thread-1] INFO  server.RaftServerConfigKeys (ConfUtils.java:logGet(43)) - raft.server.snapshot.auto.trigger.threshold = 10000 (custom)
2019-09-19 10:29:40,997 [pool-314-thread-1] INFO  server.RaftServerConfigKeys (ConfUtils.java:logGet(43)) - raft.server.retrycache.expirytime = 600000ms (custom)
2019-09-19 10:29:40,998 [pool-314-thread-1] INFO  impl.RaftServerImpl (RaftServerImpl.java:start(180)) - b949f978-e97b-4741-8244-536fe4f5bb8a: start group-D9DA31F5C371
2019-09-19 10:29:40,998 [pool-314-thread-1] INFO  impl.RaftServerImpl (RaftServerImpl.java:setRole(171)) - b949f978-e97b-4741-8244-536fe4f5bb8a:group-D9DA31F5C371 changes role from null to FOLLOWER at term 0 for startAsFollower
2019-09-19 10:29:40,998 [pool-314-thread-1] INFO  impl.RoleInfo (RoleInfo.java:updateAndGet(143)) - b949f978-e97b-4741-8244-536fe4f5bb8a: start FollowerState
2019-09-19 10:29:40,998 [pool-314-thread-1] INFO  util.JmxRegister (JmxRegister.java:tryRegister(44)) - Successfully registered JMX Bean with object name Ratis:service=RaftServer,group=group-D9DA31F5C371,id=b949f978-e97b-4741-8244-536fe4f5bb8a
2019-09-19 10:29:41,001 [RatisPipelineUtilsThread] INFO  pipeline.PipelineStateManager (PipelineStateManager.java:addPipeline(56)) - Created pipeline Pipeline[ Id: 020602b7-c5a9-4c7c-bc6e-d9da31f5c371, Nodes: b949f978-e97b-4741-8244-536fe4f5bb8a{ip: 192.168.157.204, host: pr-hdds-1569-cpgw4-1311585219, networkLocation: /default-rack, certSerialId: null}, Type:RATIS, Factor:ONE, State:OPEN]
2019-09-19 10:29:41,002 [RatisPipelineUtilsThread] ERROR pipeline.PipelinePlacementPolicy (PipelinePlacementPolicy.java:meetCriteria(91)) - Pipeline Placement: Doesn't meet the criteria to be viable node. Heaviness: 6
2019-09-19 10:29:41,011 [grpc-default-executor-0] INFO  impl.RaftServerProxy (RaftServerProxy.java:addNew(89)) - 4c16d390-576f-4855-a796-467600b42ac4: addNew group-BAF142061F52:[4c16d390-576f-4855-a796-467600b42ac4:192.168.157.204:46105] returns group-BAF142061F52:java.util.concurrent.CompletableFuture@46734056[Not completed]
2019-09-19 10:29:41,013 [pool-303-thread-1] INFO  impl.RaftServerImpl (RaftServerImpl.java:<init>(93)) - 4c16d390-576f-4855-a796-467600b42ac4: new RaftServerImpl for group-BAF142061F52:[4c16d390-576f-4855-a796-467600b42ac4:192.168.157.204:46105] with ContainerStateMachine:uninitialized
2019-09-19 10:29:41,013 [pool-303-thread-1] INFO  server.RaftServerConfigKeys (ConfUtils.java:logGet(43)) - raft.server.rpc.timeout.min = 5s (custom)
2019-09-19 10:29:41,013 [pool-303-thread-1] INFO  server.RaftServerConfigKeys (ConfUtils.java:logGet(43)) - raft.server.rpc.timeout.max = 5200ms (custom)
2019-09-19 10:29:41,013 [pool-303-thread-1] INFO  server.RaftServerConfigKeys (ConfUtils.java:logGet(43)) - raft.server.rpcslowness.timeout = 120s (custom)
2019-09-19 10:29:41,013 [pool-303-thread-1] INFO  server.RaftServerConfigKeys (ConfUtils.java:logGet(43)) - raft.server.sleep.deviation.threshold = 300 (default)
2019-09-19 10:29:41,014 [pool-303-thread-1] INFO  server.RaftServerConfigKeys (ConfUtils.java:logGet(43)) - raft.server.log.appender.install.snapshot.enabled = false (custom)
2019-09-19 10:29:41,014 [pool-303-thread-1] INFO  impl.RaftServerImpl (ServerState.java:<init>(105)) - 4c16d390-576f-4855-a796-467600b42ac4:group-BAF142061F52 ConfigurationManager, init=-1: [4c16d390-576f-4855-a796-467600b42ac4:192.168.157.204:46105], old=null, confs=<EMPTY_MAP>
2019-09-19 10:29:41,014 [pool-303-thread-1] INFO  server.RaftServerConfigKeys (ConfUtils.java:logGet(43)) - raft.server.storage.dir = [/workdir/hadoop-ozone/ozonefs/target/test-dir/MiniOzoneClusterImpl-32add812-2629-4863-a43e-a343e05546f3/datanode-1/data/ratis] (custom)
2019-09-19 10:29:41,014 [pool-303-thread-1] INFO  storage.RaftStorageDirectory (RaftStorageDirectory.java:analyzeStorage(246)) - The storage directory /workdir/hadoop-ozone/ozonefs/target/test-dir/MiniOzoneClusterImpl-32add812-2629-4863-a43e-a343e05546f3/datanode-1/data/ratis/9aa87725-b5a0-4df2-b722-baf142061f52 does not exist. Creating ...
2019-09-19 10:29:41,028 [pool-303-thread-1] INFO  storage.RaftStorageDirectory (RaftStorageDirectory.java:tryLock(328)) - Lock on /workdir/hadoop-ozone/ozonefs/target/test-dir/MiniOzoneClusterImpl-32add812-2629-4863-a43e-a343e05546f3/datanode-1/data/ratis/9aa87725-b5a0-4df2-b722-baf142061f52/in_use.lock acquired by nodename 28323@pr-hdds-1569-cpgw4-1311585219
2019-09-19 10:29:41,041 [pool-303-thread-1] INFO  storage.RaftStorage (RaftStorage.java:format(72)) - Storage directory /workdir/hadoop-ozone/ozonefs/target/test-dir/MiniOzoneClusterImpl-32add812-2629-4863-a43e-a343e05546f3/datanode-1/data/ratis/9aa87725-b5a0-4df2-b722-baf142061f52 has been successfully formatted.
2019-09-19 10:29:41,041 [pool-303-thread-1] INFO  ratis.ContainerStateMachine (ContainerStateMachine.java:loadSnapshot(226)) - group-BAF142061F52: The snapshot info is null. Setting the last applied indexto:(t:0, i:~)
2019-09-19 10:29:41,041 [pool-303-thread-1] INFO  server.RaftServerConfigKeys (ConfUtils.java:logGet(43)) - raft.server.leader.election.timeout = 120s (custom)
2019-09-19 10:29:41,041 [pool-303-thread-1] INFO  server.RaftServerConfigKeys (ConfUtils.java:logGet(43)) - raft.server.log.use.memory = false (default)
2019-09-19 10:29:41,042 [pool-303-thread-1] INFO  server.RaftServerConfigKeys (ConfUtils.java:logGet(43)) - raft.server.log.purge.gap = 1000000 (custom)
2019-09-19 10:29:41,042 [pool-303-thread-1] INFO  server.RaftServerConfigKeys (ConfUtils.java:logGet(43)) - raft.server.log.appender.buffer.byte-limit = 33554432 (custom)
2019-09-19 10:29:41,042 [pool-303-thread-1] INFO  server.RaftServerConfigKeys (ConfUtils.java:logGet(43)) - raft.server.log.segment.size.max = 1048576 (custom)
2019-09-19 10:29:41,042 [pool-303-thread-1] INFO  server.RaftServerConfigKeys (ConfUtils.java:logGet(43)) - raft.server.log.segment.cache.num.max = 2 (custom)
2019-09-19 10:29:41,042 [pool-303-thread-1] INFO  segmented.SegmentedRaftLogWorker (SegmentedRaftLogWorker.java:<init>(172)) - new 4c16d390-576f-4855-a796-467600b42ac4-SegmentedRaftLogWorker:Storage Directory /workdir/hadoop-ozone/ozonefs/target/test-dir/MiniOzoneClusterImpl-32add812-2629-4863-a43e-a343e05546f3/datanode-1/data/ratis/9aa87725-b5a0-4df2-b722-baf142061f52 for RaftStorage:Storage Directory /workdir/hadoop-ozone/ozonefs/target/test-dir/MiniOzoneClusterImpl-32add812-2629-4863-a43e-a343e05546f3/datanode-1/data/ratis/9aa87725-b5a0-4df2-b722-baf142061f52
2019-09-19 10:29:41,042 [pool-303-thread-1] INFO  server.RaftServerConfigKeys (ConfUtils.java:logGet(43)) - raft.server.log.queue.byte-limit = 2147483647 (custom)
2019-09-19 10:29:41,043 [pool-303-thread-1] INFO  server.RaftServerConfigKeys (ConfUtils.java:logGet(43)) - raft.server.log.queue.element-limit = 1024 (custom)
2019-09-19 10:29:41,043 [pool-303-thread-1] INFO  server.RaftServerConfigKeys (ConfUtils.java:logGet(43)) - raft.server.log.segment.size.max = 1048576 (custom)
2019-09-19 10:29:41,043 [pool-303-thread-1] INFO  server.RaftServerConfigKeys (ConfUtils.java:logGet(43)) - raft.server.log.preallocated.size = 16384 (custom)
2019-09-19 10:29:41,043 [pool-303-thread-1] INFO  server.RaftServerConfigKeys (ConfUtils.java:logGet(43)) - raft.server.log.write.buffer.size = 33554432 (custom)
2019-09-19 10:29:41,043 [pool-303-thread-1] INFO  server.RaftServerConfigKeys (ConfUtils.java:logGet(43)) - raft.server.log.force.sync.num = 128 (default)
2019-09-19 10:29:41,043 [pool-303-thread-1] INFO  server.RaftServerConfigKeys (ConfUtils.java:logGet(43)) - raft.server.log.statemachine.data.sync = true (default)
2019-09-19 10:29:41,044 [pool-303-thread-1] INFO  server.RaftServerConfigKeys (ConfUtils.java:logGet(43)) - raft.server.log.statemachine.data.sync.timeout = 10s (default)
2019-09-19 10:29:41,044 [pool-303-thread-1] INFO  server.RaftServerConfigKeys (ConfUtils.java:logGet(43)) - raft.server.log.statemachine.data.sync.timeout.retry = -1 (default)
2019-09-19 10:29:41,044 [pool-303-thread-1] INFO  server.RaftServerConfigKeys (ConfUtils.java:logGet(43)) - raft.server.log.statemachine.data.caching.enabled = true (custom)
2019-09-19 10:29:41,044 [pool-303-thread-1] INFO  segmented.SegmentedRaftLogWorker (SegmentedRaftLogWorker.java:lambda$new$0(132)) - 4c16d390-576f-4855-a796-467600b42ac4-SegmentedRaftLogWorker:Storage Directory /workdir/hadoop-ozone/ozonefs/target/test-dir/MiniOzoneClusterImpl-32add812-2629-4863-a43e-a343e05546f3/datanode-1/data/ratis/9aa87725-b5a0-4df2-b722-baf142061f52: flushIndex: setUnconditionally 0 -> -1
2019-09-19 10:29:41,045 [pool-303-thread-1] INFO  server.RaftServerConfigKeys (ConfUtils.java:logGet(43)) - raft.server.snapshot.auto.trigger.enabled = true (custom)
2019-09-19 10:29:41,045 [pool-303-thread-1] INFO  server.RaftServerConfigKeys (ConfUtils.java:logGet(43)) - raft.server.snapshot.auto.trigger.threshold = 10000 (custom)
2019-09-19 10:29:41,045 [pool-303-thread-1] INFO  server.RaftServerConfigKeys (ConfUtils.java:logGet(43)) - raft.server.retrycache.expirytime = 600000ms (custom)
2019-09-19 10:29:41,045 [pool-303-thread-1] INFO  impl.RaftServerImpl (RaftServerImpl.java:start(180)) - 4c16d390-576f-4855-a796-467600b42ac4: start group-BAF142061F52
2019-09-19 10:29:41,045 [pool-303-thread-1] INFO  impl.RaftServerImpl (RaftServerImpl.java:setRole(171)) - 4c16d390-576f-4855-a796-467600b42ac4:group-BAF142061F52 changes role from null to FOLLOWER at term 0 for startAsFollower
2019-09-19 10:29:41,046 [pool-303-thread-1] INFO  impl.RoleInfo (RoleInfo.java:updateAndGet(143)) - 4c16d390-576f-4855-a796-467600b42ac4: start FollowerState
2019-09-19 10:29:41,046 [pool-303-thread-1] INFO  util.JmxRegister (JmxRegister.java:tryRegister(44)) - Successfully registered JMX Bean with object name Ratis:service=RaftServer,group=group-BAF142061F52,id=4c16d390-576f-4855-a796-467600b42ac4
2019-09-19 10:29:41,049 [RatisPipelineUtilsThread] INFO  pipeline.PipelineStateManager (PipelineStateManager.java:addPipeline(56)) - Created pipeline Pipeline[ Id: 9aa87725-b5a0-4df2-b722-baf142061f52, Nodes: 4c16d390-576f-4855-a796-467600b42ac4{ip: 192.168.157.204, host: pr-hdds-1569-cpgw4-1311585219, networkLocation: /default-rack, certSerialId: null}, Type:RATIS, Factor:ONE, State:OPEN]
2019-09-19 10:29:41,049 [RatisPipelineUtilsThread] ERROR pipeline.PipelinePlacementPolicy (PipelinePlacementPolicy.java:meetCriteria(91)) - Pipeline Placement: Doesn't meet the criteria to be viable node. Heaviness: 6
2019-09-19 10:29:41,055 [grpc-default-executor-0] INFO  impl.RaftServerProxy (RaftServerProxy.java:addNew(89)) - b949f978-e97b-4741-8244-536fe4f5bb8a: addNew group-41C7D42CE711:[b949f978-e97b-4741-8244-536fe4f5bb8a:192.168.157.204:35409] returns group-41C7D42CE711:java.util.concurrent.CompletableFuture@6e8e5387[Not completed]
2019-09-19 10:29:41,056 [pool-314-thread-1] INFO  impl.RaftServerImpl (RaftServerImpl.java:<init>(93)) - b949f978-e97b-4741-8244-536fe4f5bb8a: new RaftServerImpl for group-41C7D42CE711:[b949f978-e97b-4741-8244-536fe4f5bb8a:192.168.157.204:35409] with ContainerStateMachine:uninitialized
2019-09-19 10:29:41,056 [pool-314-thread-1] INFO  server.RaftServerConfigKeys (ConfUtils.java:logGet(43)) - raft.server.rpc.timeout.min = 5s (custom)
2019-09-19 10:29:41,057 [pool-314-thread-1] INFO  server.RaftServerConfigKeys (ConfUtils.java:logGet(43)) - raft.server.rpc.timeout.max = 5200ms (custom)
2019-09-19 10:29:41,057 [pool-314-thread-1] INFO  server.RaftServerConfigKeys (ConfUtils.java:logGet(43)) - raft.server.rpcslowness.timeout = 120s (custom)
2019-09-19 10:29:41,057 [pool-314-thread-1] INFO  server.RaftServerConfigKeys (ConfUtils.java:logGet(43)) - raft.server.sleep.deviation.threshold = 300 (default)
2019-09-19 10:29:41,057 [pool-314-thread-1] INFO  server.RaftServerConfigKeys (ConfUtils.java:logGet(43)) - raft.server.log.appender.install.snapshot.enabled = false (custom)
2019-09-19 10:29:41,057 [pool-314-thread-1] INFO  impl.RaftServerImpl (ServerState.java:<init>(105)) - b949f978-e97b-4741-8244-536fe4f5bb8a:group-41C7D42CE711 ConfigurationManager, init=-1: [b949f978-e97b-4741-8244-536fe4f5bb8a:192.168.157.204:35409], old=null, confs=<EMPTY_MAP>
2019-09-19 10:29:41,057 [pool-314-thread-1] INFO  server.RaftServerConfigKeys (ConfUtils.java:logGet(43)) - raft.server.storage.dir = [/workdir/hadoop-ozone/ozonefs/target/test-dir/MiniOzoneClusterImpl-32add812-2629-4863-a43e-a343e05546f3/datanode-2/data/ratis] (custom)
2019-09-19 10:29:41,057 [pool-314-thread-1] INFO  storage.RaftStorageDirectory (RaftStorageDirectory.java:analyzeStorage(246)) - The storage directory /workdir/hadoop-ozone/ozonefs/target/test-dir/MiniOzoneClusterImpl-32add812-2629-4863-a43e-a343e05546f3/datanode-2/data/ratis/98507e2f-8c3f-4503-9ec3-41c7d42ce711 does not exist. Creating ...
2019-09-19 10:29:41,070 [pool-314-thread-1] INFO  storage.RaftStorageDirectory (RaftStorageDirectory.java:tryLock(328)) - Lock on /workdir/hadoop-ozone/ozonefs/target/test-dir/MiniOzoneClusterImpl-32add812-2629-4863-a43e-a343e05546f3/datanode-2/data/ratis/98507e2f-8c3f-4503-9ec3-41c7d42ce711/in_use.lock acquired by nodename 28323@pr-hdds-1569-cpgw4-1311585219
2019-09-19 10:29:41,090 [pool-314-thread-1] INFO  storage.RaftStorage (RaftStorage.java:format(72)) - Storage directory /workdir/hadoop-ozone/ozonefs/target/test-dir/MiniOzoneClusterImpl-32add812-2629-4863-a43e-a343e05546f3/datanode-2/data/ratis/98507e2f-8c3f-4503-9ec3-41c7d42ce711 has been successfully formatted.
2019-09-19 10:29:41,091 [pool-314-thread-1] INFO  ratis.ContainerStateMachine (ContainerStateMachine.java:loadSnapshot(226)) - group-41C7D42CE711: The snapshot info is null. Setting the last applied indexto:(t:0, i:~)
2019-09-19 10:29:41,091 [pool-314-thread-1] INFO  server.RaftServerConfigKeys (ConfUtils.java:logGet(43)) - raft.server.leader.election.timeout = 120s (custom)
2019-09-19 10:29:41,091 [pool-314-thread-1] INFO  server.RaftServerConfigKeys (ConfUtils.java:logGet(43)) - raft.server.log.use.memory = false (default)
2019-09-19 10:29:41,091 [pool-314-thread-1] INFO  server.RaftServerConfigKeys (ConfUtils.java:logGet(43)) - raft.server.log.purge.gap = 1000000 (custom)
2019-09-19 10:29:41,091 [pool-314-thread-1] INFO  server.RaftServerConfigKeys (ConfUtils.java:logGet(43)) - raft.server.log.appender.buffer.byte-limit = 33554432 (custom)
2019-09-19 10:29:41,091 [pool-314-thread-1] INFO  server.RaftServerConfigKeys (ConfUtils.java:logGet(43)) - raft.server.log.segment.size.max = 1048576 (custom)
2019-09-19 10:29:41,091 [pool-314-thread-1] INFO  server.RaftServerConfigKeys (ConfUtils.java:logGet(43)) - raft.server.log.segment.cache.num.max = 2 (custom)
2019-09-19 10:29:41,091 [pool-314-thread-1] INFO  segmented.SegmentedRaftLogWorker (SegmentedRaftLogWorker.java:<init>(172)) - new b949f978-e97b-4741-8244-536fe4f5bb8a-SegmentedRaftLogWorker:Storage Directory /workdir/hadoop-ozone/ozonefs/target/test-dir/MiniOzoneClusterImpl-32add812-2629-4863-a43e-a343e05546f3/datanode-2/data/ratis/98507e2f-8c3f-4503-9ec3-41c7d42ce711 for RaftStorage:Storage Directory /workdir/hadoop-ozone/ozonefs/target/test-dir/MiniOzoneClusterImpl-32add812-2629-4863-a43e-a343e05546f3/datanode-2/data/ratis/98507e2f-8c3f-4503-9ec3-41c7d42ce711
2019-09-19 10:29:41,091 [pool-314-thread-1] INFO  server.RaftServerConfigKeys (ConfUtils.java:logGet(43)) - raft.server.log.queue.byte-limit = 2147483647 (custom)
2019-09-19 10:29:41,092 [pool-314-thread-1] INFO  server.RaftServerConfigKeys (ConfUtils.java:logGet(43)) - raft.server.log.queue.element-limit = 1024 (custom)
2019-09-19 10:29:41,092 [pool-314-thread-1] INFO  server.RaftServerConfigKeys (ConfUtils.java:logGet(43)) - raft.server.log.segment.size.max = 1048576 (custom)
2019-09-19 10:29:41,092 [pool-314-thread-1] INFO  server.RaftServerConfigKeys (ConfUtils.java:logGet(43)) - raft.server.log.preallocated.size = 16384 (custom)
2019-09-19 10:29:41,092 [pool-314-thread-1] INFO  server.RaftServerConfigKeys (ConfUtils.java:logGet(43)) - raft.server.log.write.buffer.size = 33554432 (custom)
2019-09-19 10:29:41,092 [pool-314-thread-1] INFO  server.RaftServerConfigKeys (ConfUtils.java:logGet(43)) - raft.server.log.force.sync.num = 128 (default)
2019-09-19 10:29:41,092 [pool-314-thread-1] INFO  server.RaftServerConfigKeys (ConfUtils.java:logGet(43)) - raft.server.log.statemachine.data.sync = true (default)
2019-09-19 10:29:41,092 [pool-314-thread-1] INFO  server.RaftServerConfigKeys (ConfUtils.java:logGet(43)) - raft.server.log.statemachine.data.sync.timeout = 10s (default)
2019-09-19 10:29:41,092 [pool-314-thread-1] INFO  server.RaftServerConfigKeys (ConfUtils.java:logGet(43)) - raft.server.log.statemachine.data.sync.timeout.retry = -1 (default)
2019-09-19 10:29:41,092 [pool-314-thread-1] INFO  server.RaftServerConfigKeys (ConfUtils.java:logGet(43)) - raft.server.log.statemachine.data.caching.enabled = true (custom)
2019-09-19 10:29:41,093 [pool-314-thread-1] INFO  segmented.SegmentedRaftLogWorker (SegmentedRaftLogWorker.java:lambda$new$0(132)) - b949f978-e97b-4741-8244-536fe4f5bb8a-SegmentedRaftLogWorker:Storage Directory /workdir/hadoop-ozone/ozonefs/target/test-dir/MiniOzoneClusterImpl-32add812-2629-4863-a43e-a343e05546f3/datanode-2/data/ratis/98507e2f-8c3f-4503-9ec3-41c7d42ce711: flushIndex: setUnconditionally 0 -> -1
2019-09-19 10:29:41,093 [pool-314-thread-1] INFO  server.RaftServerConfigKeys (ConfUtils.java:logGet(43)) - raft.server.snapshot.auto.trigger.enabled = true (custom)
2019-09-19 10:29:41,093 [pool-314-thread-1] INFO  server.RaftServerConfigKeys (ConfUtils.java:logGet(43)) - raft.server.snapshot.auto.trigger.threshold = 10000 (custom)
2019-09-19 10:29:41,093 [pool-314-thread-1] INFO  server.RaftServerConfigKeys (ConfUtils.java:logGet(43)) - raft.server.retrycache.expirytime = 600000ms (custom)
2019-09-19 10:29:41,093 [pool-314-thread-1] INFO  impl.RaftServerImpl (RaftServerImpl.java:start(180)) - b949f978-e97b-4741-8244-536fe4f5bb8a: start group-41C7D42CE711
2019-09-19 10:29:41,093 [pool-314-thread-1] INFO  impl.RaftServerImpl (RaftServerImpl.java:setRole(171)) - b949f978-e97b-4741-8244-536fe4f5bb8a:group-41C7D42CE711 changes role from null to FOLLOWER at term 0 for startAsFollower
2019-09-19 10:29:41,093 [pool-314-thread-1] INFO  impl.RoleInfo (RoleInfo.java:updateAndGet(143)) - b949f978-e97b-4741-8244-536fe4f5bb8a: start FollowerState
2019-09-19 10:29:41,094 [pool-314-thread-1] INFO  util.JmxRegister (JmxRegister.java:tryRegister(44)) - Successfully registered JMX Bean with object name Ratis:service=RaftServer,group=group-41C7D42CE711,id=b949f978-e97b-4741-8244-536fe4f5bb8a
2019-09-19 10:29:41,096 [RatisPipelineUtilsThread] INFO  pipeline.PipelineStateManager (PipelineStateManager.java:addPipeline(56)) - Created pipeline Pipeline[ Id: 98507e2f-8c3f-4503-9ec3-41c7d42ce711, Nodes: b949f978-e97b-4741-8244-536fe4f5bb8a{ip: 192.168.157.204, host: pr-hdds-1569-cpgw4-1311585219, networkLocation: /default-rack, certSerialId: null}, Type:RATIS, Factor:ONE, State:OPEN]
2019-09-19 10:29:41,097 [RatisPipelineUtilsThread] ERROR pipeline.PipelinePlacementPolicy (PipelinePlacementPolicy.java:meetCriteria(91)) - Pipeline Placement: Doesn't meet the criteria to be viable node. Heaviness: 6
2019-09-19 10:29:41,102 [grpc-default-executor-0] INFO  impl.RaftServerProxy (RaftServerProxy.java:addNew(89)) - b949f978-e97b-4741-8244-536fe4f5bb8a: addNew group-2601D720E65F:[b949f978-e97b-4741-8244-536fe4f5bb8a:192.168.157.204:35409] returns group-2601D720E65F:java.util.concurrent.CompletableFuture@ed8cd53[Not completed]
2019-09-19 10:29:41,103 [pool-314-thread-1] INFO  impl.RaftServerImpl (RaftServerImpl.java:<init>(93)) - b949f978-e97b-4741-8244-536fe4f5bb8a: new RaftServerImpl for group-2601D720E65F:[b949f978-e97b-4741-8244-536fe4f5bb8a:192.168.157.204:35409] with ContainerStateMachine:uninitialized
2019-09-19 10:29:41,103 [pool-314-thread-1] INFO  server.RaftServerConfigKeys (ConfUtils.java:logGet(43)) - raft.server.rpc.timeout.min = 5s (custom)
2019-09-19 10:29:41,103 [pool-314-thread-1] INFO  server.RaftServerConfigKeys (ConfUtils.java:logGet(43)) - raft.server.rpc.timeout.max = 5200ms (custom)
2019-09-19 10:29:41,103 [pool-314-thread-1] INFO  server.RaftServerConfigKeys (ConfUtils.java:logGet(43)) - raft.server.rpcslowness.timeout = 120s (custom)
2019-09-19 10:29:41,103 [pool-314-thread-1] INFO  server.RaftServerConfigKeys (ConfUtils.java:logGet(43)) - raft.server.sleep.deviation.threshold = 300 (default)
2019-09-19 10:29:41,104 [pool-314-thread-1] INFO  server.RaftServerConfigKeys (ConfUtils.java:logGet(43)) - raft.server.log.appender.install.snapshot.enabled = false (custom)
2019-09-19 10:29:41,104 [pool-314-thread-1] INFO  impl.RaftServerImpl (ServerState.java:<init>(105)) - b949f978-e97b-4741-8244-536fe4f5bb8a:group-2601D720E65F ConfigurationManager, init=-1: [b949f978-e97b-4741-8244-536fe4f5bb8a:192.168.157.204:35409], old=null, confs=<EMPTY_MAP>
2019-09-19 10:29:41,104 [pool-314-thread-1] INFO  server.RaftServerConfigKeys (ConfUtils.java:logGet(43)) - raft.server.storage.dir = [/workdir/hadoop-ozone/ozonefs/target/test-dir/MiniOzoneClusterImpl-32add812-2629-4863-a43e-a343e05546f3/datanode-2/data/ratis] (custom)
2019-09-19 10:29:41,104 [pool-314-thread-1] INFO  storage.RaftStorageDirectory (RaftStorageDirectory.java:analyzeStorage(246)) - The storage directory /workdir/hadoop-ozone/ozonefs/target/test-dir/MiniOzoneClusterImpl-32add812-2629-4863-a43e-a343e05546f3/datanode-2/data/ratis/d5b82556-2ad1-4c86-b1de-2601d720e65f does not exist. Creating ...
2019-09-19 10:29:41,117 [pool-314-thread-1] INFO  storage.RaftStorageDirectory (RaftStorageDirectory.java:tryLock(328)) - Lock on /workdir/hadoop-ozone/ozonefs/target/test-dir/MiniOzoneClusterImpl-32add812-2629-4863-a43e-a343e05546f3/datanode-2/data/ratis/d5b82556-2ad1-4c86-b1de-2601d720e65f/in_use.lock acquired by nodename 28323@pr-hdds-1569-cpgw4-1311585219
2019-09-19 10:29:41,130 [pool-314-thread-1] INFO  storage.RaftStorage (RaftStorage.java:format(72)) - Storage directory /workdir/hadoop-ozone/ozonefs/target/test-dir/MiniOzoneClusterImpl-32add812-2629-4863-a43e-a343e05546f3/datanode-2/data/ratis/d5b82556-2ad1-4c86-b1de-2601d720e65f has been successfully formatted.
2019-09-19 10:29:41,130 [pool-314-thread-1] INFO  ratis.ContainerStateMachine (ContainerStateMachine.java:loadSnapshot(226)) - group-2601D720E65F: The snapshot info is null. Setting the last applied indexto:(t:0, i:~)
2019-09-19 10:29:41,131 [pool-314-thread-1] INFO  server.RaftServerConfigKeys (ConfUtils.java:logGet(43)) - raft.server.leader.election.timeout = 120s (custom)
2019-09-19 10:29:41,131 [pool-314-thread-1] INFO  server.RaftServerConfigKeys (ConfUtils.java:logGet(43)) - raft.server.log.use.memory = false (default)
2019-09-19 10:29:41,131 [pool-314-thread-1] INFO  server.RaftServerConfigKeys (ConfUtils.java:logGet(43)) - raft.server.log.purge.gap = 1000000 (custom)
2019-09-19 10:29:41,131 [pool-314-thread-1] INFO  server.RaftServerConfigKeys (ConfUtils.java:logGet(43)) - raft.server.log.appender.buffer.byte-limit = 33554432 (custom)
2019-09-19 10:29:41,131 [pool-314-thread-1] INFO  server.RaftServerConfigKeys (ConfUtils.java:logGet(43)) - raft.server.log.segment.size.max = 1048576 (custom)
2019-09-19 10:29:41,131 [pool-314-thread-1] INFO  server.RaftServerConfigKeys (ConfUtils.java:logGet(43)) - raft.server.log.segment.cache.num.max = 2 (custom)
2019-09-19 10:29:41,131 [pool-314-thread-1] INFO  segmented.SegmentedRaftLogWorker (SegmentedRaftLogWorker.java:<init>(172)) - new b949f978-e97b-4741-8244-536fe4f5bb8a-SegmentedRaftLogWorker:Storage Directory /workdir/hadoop-ozone/ozonefs/target/test-dir/MiniOzoneClusterImpl-32add812-2629-4863-a43e-a343e05546f3/datanode-2/data/ratis/d5b82556-2ad1-4c86-b1de-2601d720e65f for RaftStorage:Storage Directory /workdir/hadoop-ozone/ozonefs/target/test-dir/MiniOzoneClusterImpl-32add812-2629-4863-a43e-a343e05546f3/datanode-2/data/ratis/d5b82556-2ad1-4c86-b1de-2601d720e65f
2019-09-19 10:29:41,131 [pool-314-thread-1] INFO  server.RaftServerConfigKeys (ConfUtils.java:logGet(43)) - raft.server.log.queue.byte-limit = 2147483647 (custom)
2019-09-19 10:29:41,131 [pool-314-thread-1] INFO  server.RaftServerConfigKeys (ConfUtils.java:logGet(43)) - raft.server.log.queue.element-limit = 1024 (custom)
2019-09-19 10:29:41,131 [pool-314-thread-1] INFO  server.RaftServerConfigKeys (ConfUtils.java:logGet(43)) - raft.server.log.segment.size.max = 1048576 (custom)
2019-09-19 10:29:41,132 [pool-314-thread-1] INFO  server.RaftServerConfigKeys (ConfUtils.java:logGet(43)) - raft.server.log.preallocated.size = 16384 (custom)
2019-09-19 10:29:41,132 [pool-314-thread-1] INFO  server.RaftServerConfigKeys (ConfUtils.java:logGet(43)) - raft.server.log.write.buffer.size = 33554432 (custom)
2019-09-19 10:29:41,132 [pool-314-thread-1] INFO  server.RaftServerConfigKeys (ConfUtils.java:logGet(43)) - raft.server.log.force.sync.num = 128 (default)
2019-09-19 10:29:41,132 [pool-314-thread-1] INFO  server.RaftServerConfigKeys (ConfUtils.java:logGet(43)) - raft.server.log.statemachine.data.sync = true (default)
2019-09-19 10:29:41,132 [pool-314-thread-1] INFO  server.RaftServerConfigKeys (ConfUtils.java:logGet(43)) - raft.server.log.statemachine.data.sync.timeout = 10s (default)
2019-09-19 10:29:41,132 [pool-314-thread-1] INFO  server.RaftServerConfigKeys (ConfUtils.java:logGet(43)) - raft.server.log.statemachine.data.sync.timeout.retry = -1 (default)
2019-09-19 10:29:41,132 [pool-314-thread-1] INFO  server.RaftServerConfigKeys (ConfUtils.java:logGet(43)) - raft.server.log.statemachine.data.caching.enabled = true (custom)
2019-09-19 10:29:41,132 [pool-314-thread-1] INFO  segmented.SegmentedRaftLogWorker (SegmentedRaftLogWorker.java:lambda$new$0(132)) - b949f978-e97b-4741-8244-536fe4f5bb8a-SegmentedRaftLogWorker:Storage Directory /workdir/hadoop-ozone/ozonefs/target/test-dir/MiniOzoneClusterImpl-32add812-2629-4863-a43e-a343e05546f3/datanode-2/data/ratis/d5b82556-2ad1-4c86-b1de-2601d720e65f: flushIndex: setUnconditionally 0 -> -1
2019-09-19 10:29:41,133 [pool-314-thread-1] INFO  server.RaftServerConfigKeys (ConfUtils.java:logGet(43)) - raft.server.snapshot.auto.trigger.enabled = true (custom)
2019-09-19 10:29:41,133 [pool-314-thread-1] INFO  server.RaftServerConfigKeys (ConfUtils.java:logGet(43)) - raft.server.snapshot.auto.trigger.threshold = 10000 (custom)
2019-09-19 10:29:41,133 [pool-314-thread-1] INFO  server.RaftServerConfigKeys (ConfUtils.java:logGet(43)) - raft.server.retrycache.expirytime = 600000ms (custom)
2019-09-19 10:29:41,133 [pool-314-thread-1] INFO  impl.RaftServerImpl (RaftServerImpl.java:start(180)) - b949f978-e97b-4741-8244-536fe4f5bb8a: start group-2601D720E65F
2019-09-19 10:29:41,133 [pool-314-thread-1] INFO  impl.RaftServerImpl (RaftServerImpl.java:setRole(171)) - b949f978-e97b-4741-8244-536fe4f5bb8a:group-2601D720E65F changes role from null to FOLLOWER at term 0 for startAsFollower
2019-09-19 10:29:41,133 [pool-314-thread-1] INFO  impl.RoleInfo (RoleInfo.java:updateAndGet(143)) - b949f978-e97b-4741-8244-536fe4f5bb8a: start FollowerState
2019-09-19 10:29:41,133 [pool-314-thread-1] INFO  util.JmxRegister (JmxRegister.java:tryRegister(44)) - Successfully registered JMX Bean with object name Ratis:service=RaftServer,group=group-2601D720E65F,id=b949f978-e97b-4741-8244-536fe4f5bb8a
2019-09-19 10:29:41,136 [RatisPipelineUtilsThread] INFO  pipeline.PipelineStateManager (PipelineStateManager.java:addPipeline(56)) - Created pipeline Pipeline[ Id: d5b82556-2ad1-4c86-b1de-2601d720e65f, Nodes: b949f978-e97b-4741-8244-536fe4f5bb8a{ip: 192.168.157.204, host: pr-hdds-1569-cpgw4-1311585219, networkLocation: /default-rack, certSerialId: null}, Type:RATIS, Factor:ONE, State:OPEN]
2019-09-19 10:29:41,137 [RatisPipelineUtilsThread] ERROR pipeline.PipelinePlacementPolicy (PipelinePlacementPolicy.java:meetCriteria(91)) - Pipeline Placement: Doesn't meet the criteria to be viable node. Heaviness: 6
2019-09-19 10:29:41,143 [grpc-default-executor-0] INFO  impl.RaftServerProxy (RaftServerProxy.java:addNew(89)) - b949f978-e97b-4741-8244-536fe4f5bb8a: addNew group-85B86B5D373F:[b949f978-e97b-4741-8244-536fe4f5bb8a:192.168.157.204:35409] returns group-85B86B5D373F:java.util.concurrent.CompletableFuture@4069b903[Not completed]
2019-09-19 10:29:41,143 [pool-314-thread-1] INFO  impl.RaftServerImpl (RaftServerImpl.java:<init>(93)) - b949f978-e97b-4741-8244-536fe4f5bb8a: new RaftServerImpl for group-85B86B5D373F:[b949f978-e97b-4741-8244-536fe4f5bb8a:192.168.157.204:35409] with ContainerStateMachine:uninitialized
2019-09-19 10:29:41,143 [pool-314-thread-1] INFO  server.RaftServerConfigKeys (ConfUtils.java:logGet(43)) - raft.server.rpc.timeout.min = 5s (custom)
2019-09-19 10:29:41,144 [pool-314-thread-1] INFO  server.RaftServerConfigKeys (ConfUtils.java:logGet(43)) - raft.server.rpc.timeout.max = 5200ms (custom)
2019-09-19 10:29:41,144 [pool-314-thread-1] INFO  server.RaftServerConfigKeys (ConfUtils.java:logGet(43)) - raft.server.rpcslowness.timeout = 120s (custom)
2019-09-19 10:29:41,144 [pool-314-thread-1] INFO  server.RaftServerConfigKeys (ConfUtils.java:logGet(43)) - raft.server.sleep.deviation.threshold = 300 (default)
2019-09-19 10:29:41,144 [pool-314-thread-1] INFO  server.RaftServerConfigKeys (ConfUtils.java:logGet(43)) - raft.server.log.appender.install.snapshot.enabled = false (custom)
2019-09-19 10:29:41,144 [pool-314-thread-1] INFO  impl.RaftServerImpl (ServerState.java:<init>(105)) - b949f978-e97b-4741-8244-536fe4f5bb8a:group-85B86B5D373F ConfigurationManager, init=-1: [b949f978-e97b-4741-8244-536fe4f5bb8a:192.168.157.204:35409], old=null, confs=<EMPTY_MAP>
2019-09-19 10:29:41,144 [pool-314-thread-1] INFO  server.RaftServerConfigKeys (ConfUtils.java:logGet(43)) - raft.server.storage.dir = [/workdir/hadoop-ozone/ozonefs/target/test-dir/MiniOzoneClusterImpl-32add812-2629-4863-a43e-a343e05546f3/datanode-2/data/ratis] (custom)
2019-09-19 10:29:41,144 [pool-314-thread-1] INFO  storage.RaftStorageDirectory (RaftStorageDirectory.java:analyzeStorage(246)) - The storage directory /workdir/hadoop-ozone/ozonefs/target/test-dir/MiniOzoneClusterImpl-32add812-2629-4863-a43e-a343e05546f3/datanode-2/data/ratis/c33c8df5-3a5a-409e-aaa2-85b86b5d373f does not exist. Creating ...
2019-09-19 10:29:41,158 [pool-314-thread-1] INFO  storage.RaftStorageDirectory (RaftStorageDirectory.java:tryLock(328)) - Lock on /workdir/hadoop-ozone/ozonefs/target/test-dir/MiniOzoneClusterImpl-32add812-2629-4863-a43e-a343e05546f3/datanode-2/data/ratis/c33c8df5-3a5a-409e-aaa2-85b86b5d373f/in_use.lock acquired by nodename 28323@pr-hdds-1569-cpgw4-1311585219
2019-09-19 10:29:41,170 [pool-314-thread-1] INFO  storage.RaftStorage (RaftStorage.java:format(72)) - Storage directory /workdir/hadoop-ozone/ozonefs/target/test-dir/MiniOzoneClusterImpl-32add812-2629-4863-a43e-a343e05546f3/datanode-2/data/ratis/c33c8df5-3a5a-409e-aaa2-85b86b5d373f has been successfully formatted.
2019-09-19 10:29:41,171 [pool-314-thread-1] INFO  ratis.ContainerStateMachine (ContainerStateMachine.java:loadSnapshot(226)) - group-85B86B5D373F: The snapshot info is null. Setting the last applied indexto:(t:0, i:~)
2019-09-19 10:29:41,171 [pool-314-thread-1] INFO  server.RaftServerConfigKeys (ConfUtils.java:logGet(43)) - raft.server.leader.election.timeout = 120s (custom)
2019-09-19 10:29:41,171 [pool-314-thread-1] INFO  server.RaftServerConfigKeys (ConfUtils.java:logGet(43)) - raft.server.log.use.memory = false (default)
2019-09-19 10:29:41,171 [pool-314-thread-1] INFO  server.RaftServerConfigKeys (ConfUtils.java:logGet(43)) - raft.server.log.purge.gap = 1000000 (custom)
2019-09-19 10:29:41,171 [pool-314-thread-1] INFO  server.RaftServerConfigKeys (ConfUtils.java:logGet(43)) - raft.server.log.appender.buffer.byte-limit = 33554432 (custom)
2019-09-19 10:29:41,171 [pool-314-thread-1] INFO  server.RaftServerConfigKeys (ConfUtils.java:logGet(43)) - raft.server.log.segment.size.max = 1048576 (custom)
2019-09-19 10:29:41,171 [pool-314-thread-1] INFO  server.RaftServerConfigKeys (ConfUtils.java:logGet(43)) - raft.server.log.segment.cache.num.max = 2 (custom)
2019-09-19 10:29:41,171 [pool-314-thread-1] INFO  segmented.SegmentedRaftLogWorker (SegmentedRaftLogWorker.java:<init>(172)) - new b949f978-e97b-4741-8244-536fe4f5bb8a-SegmentedRaftLogWorker:Storage Directory /workdir/hadoop-ozone/ozonefs/target/test-dir/MiniOzoneClusterImpl-32add812-2629-4863-a43e-a343e05546f3/datanode-2/data/ratis/c33c8df5-3a5a-409e-aaa2-85b86b5d373f for RaftStorage:Storage Directory /workdir/hadoop-ozone/ozonefs/target/test-dir/MiniOzoneClusterImpl-32add812-2629-4863-a43e-a343e05546f3/datanode-2/data/ratis/c33c8df5-3a5a-409e-aaa2-85b86b5d373f
2019-09-19 10:29:41,171 [pool-314-thread-1] INFO  server.RaftServerConfigKeys (ConfUtils.java:logGet(43)) - raft.server.log.queue.byte-limit = 2147483647 (custom)
2019-09-19 10:29:41,172 [pool-314-thread-1] INFO  server.RaftServerConfigKeys (ConfUtils.java:logGet(43)) - raft.server.log.queue.element-limit = 1024 (custom)
2019-09-19 10:29:41,172 [pool-314-thread-1] INFO  server.RaftServerConfigKeys (ConfUtils.java:logGet(43)) - raft.server.log.segment.size.max = 1048576 (custom)
2019-09-19 10:29:41,172 [pool-314-thread-1] INFO  server.RaftServerConfigKeys (ConfUtils.java:logGet(43)) - raft.server.log.preallocated.size = 16384 (custom)
2019-09-19 10:29:41,172 [pool-314-thread-1] INFO  server.RaftServerConfigKeys (ConfUtils.java:logGet(43)) - raft.server.log.write.buffer.size = 33554432 (custom)
2019-09-19 10:29:41,172 [pool-314-thread-1] INFO  server.RaftServerConfigKeys (ConfUtils.java:logGet(43)) - raft.server.log.force.sync.num = 128 (default)
2019-09-19 10:29:41,172 [pool-314-thread-1] INFO  server.RaftServerConfigKeys (ConfUtils.java:logGet(43)) - raft.server.log.statemachine.data.sync = true (default)
2019-09-19 10:29:41,172 [pool-314-thread-1] INFO  server.RaftServerConfigKeys (ConfUtils.java:logGet(43)) - raft.server.log.statemachine.data.sync.timeout = 10s (default)
2019-09-19 10:29:41,172 [pool-314-thread-1] INFO  server.RaftServerConfigKeys (ConfUtils.java:logGet(43)) - raft.server.log.statemachine.data.sync.timeout.retry = -1 (default)
2019-09-19 10:29:41,172 [pool-314-thread-1] INFO  server.RaftServerConfigKeys (ConfUtils.java:logGet(43)) - raft.server.log.statemachine.data.caching.enabled = true (custom)
2019-09-19 10:29:41,173 [pool-314-thread-1] INFO  segmented.SegmentedRaftLogWorker (SegmentedRaftLogWorker.java:lambda$new$0(132)) - b949f978-e97b-4741-8244-536fe4f5bb8a-SegmentedRaftLogWorker:Storage Directory /workdir/hadoop-ozone/ozonefs/target/test-dir/MiniOzoneClusterImpl-32add812-2629-4863-a43e-a343e05546f3/datanode-2/data/ratis/c33c8df5-3a5a-409e-aaa2-85b86b5d373f: flushIndex: setUnconditionally 0 -> -1
2019-09-19 10:29:41,173 [pool-314-thread-1] INFO  server.RaftServerConfigKeys (ConfUtils.java:logGet(43)) - raft.server.snapshot.auto.trigger.enabled = true (custom)
2019-09-19 10:29:41,173 [pool-314-thread-1] INFO  server.RaftServerConfigKeys (ConfUtils.java:logGet(43)) - raft.server.snapshot.auto.trigger.threshold = 10000 (custom)
2019-09-19 10:29:41,173 [pool-314-thread-1] INFO  server.RaftServerConfigKeys (ConfUtils.java:logGet(43)) - raft.server.retrycache.expirytime = 600000ms (custom)
2019-09-19 10:29:41,173 [pool-314-thread-1] INFO  impl.RaftServerImpl (RaftServerImpl.java:start(180)) - b949f978-e97b-4741-8244-536fe4f5bb8a: start group-85B86B5D373F
2019-09-19 10:29:41,173 [pool-314-thread-1] INFO  impl.RaftServerImpl (RaftServerImpl.java:setRole(171)) - b949f978-e97b-4741-8244-536fe4f5bb8a:group-85B86B5D373F changes role from null to FOLLOWER at term 0 for startAsFollower
2019-09-19 10:29:41,173 [pool-314-thread-1] INFO  impl.RoleInfo (RoleInfo.java:updateAndGet(143)) - b949f978-e97b-4741-8244-536fe4f5bb8a: start FollowerState
2019-09-19 10:29:41,174 [pool-314-thread-1] INFO  util.JmxRegister (JmxRegister.java:tryRegister(44)) - Successfully registered JMX Bean with object name Ratis:service=RaftServer,group=group-85B86B5D373F,id=b949f978-e97b-4741-8244-536fe4f5bb8a
2019-09-19 10:29:41,177 [RatisPipelineUtilsThread] INFO  pipeline.PipelineStateManager (PipelineStateManager.java:addPipeline(56)) - Created pipeline Pipeline[ Id: c33c8df5-3a5a-409e-aaa2-85b86b5d373f, Nodes: b949f978-e97b-4741-8244-536fe4f5bb8a{ip: 192.168.157.204, host: pr-hdds-1569-cpgw4-1311585219, networkLocation: /default-rack, certSerialId: null}, Type:RATIS, Factor:ONE, State:OPEN]
2019-09-19 10:29:41,177 [RatisPipelineUtilsThread] ERROR pipeline.PipelinePlacementPolicy (PipelinePlacementPolicy.java:meetCriteria(91)) - Pipeline Placement: Doesn't meet the criteria to be viable node. Heaviness: 6
2019-09-19 10:29:41,183 [grpc-default-executor-0] INFO  impl.RaftServerProxy (RaftServerProxy.java:addNew(89)) - 4c16d390-576f-4855-a796-467600b42ac4: addNew group-DCA09A2A5ACE:[4c16d390-576f-4855-a796-467600b42ac4:192.168.157.204:46105] returns group-DCA09A2A5ACE:java.util.concurrent.CompletableFuture@70ab1fa7[Not completed]
2019-09-19 10:29:41,184 [pool-303-thread-1] INFO  impl.RaftServerImpl (RaftServerImpl.java:<init>(93)) - 4c16d390-576f-4855-a796-467600b42ac4: new RaftServerImpl for group-DCA09A2A5ACE:[4c16d390-576f-4855-a796-467600b42ac4:192.168.157.204:46105] with ContainerStateMachine:uninitialized
2019-09-19 10:29:41,184 [pool-303-thread-1] INFO  server.RaftServerConfigKeys (ConfUtils.java:logGet(43)) - raft.server.rpc.timeout.min = 5s (custom)
2019-09-19 10:29:41,184 [pool-303-thread-1] INFO  server.RaftServerConfigKeys (ConfUtils.java:logGet(43)) - raft.server.rpc.timeout.max = 5200ms (custom)
2019-09-19 10:29:41,184 [pool-303-thread-1] INFO  server.RaftServerConfigKeys (ConfUtils.java:logGet(43)) - raft.server.rpcslowness.timeout = 120s (custom)
2019-09-19 10:29:41,184 [pool-303-thread-1] INFO  server.RaftServerConfigKeys (ConfUtils.java:logGet(43)) - raft.server.sleep.deviation.threshold = 300 (default)
2019-09-19 10:29:41,184 [pool-303-thread-1] INFO  server.RaftServerConfigKeys (ConfUtils.java:logGet(43)) - raft.server.log.appender.install.snapshot.enabled = false (custom)
2019-09-19 10:29:41,185 [pool-303-thread-1] INFO  impl.RaftServerImpl (ServerState.java:<init>(105)) - 4c16d390-576f-4855-a796-467600b42ac4:group-DCA09A2A5ACE ConfigurationManager, init=-1: [4c16d390-576f-4855-a796-467600b42ac4:192.168.157.204:46105], old=null, confs=<EMPTY_MAP>
2019-09-19 10:29:41,185 [pool-303-thread-1] INFO  server.RaftServerConfigKeys (ConfUtils.java:logGet(43)) - raft.server.storage.dir = [/workdir/hadoop-ozone/ozonefs/target/test-dir/MiniOzoneClusterImpl-32add812-2629-4863-a43e-a343e05546f3/datanode-1/data/ratis] (custom)
2019-09-19 10:29:41,185 [pool-303-thread-1] INFO  storage.RaftStorageDirectory (RaftStorageDirectory.java:analyzeStorage(246)) - The storage directory /workdir/hadoop-ozone/ozonefs/target/test-dir/MiniOzoneClusterImpl-32add812-2629-4863-a43e-a343e05546f3/datanode-1/data/ratis/45a52f54-df3f-460b-b9af-dca09a2a5ace does not exist. Creating ...
2019-09-19 10:29:41,199 [pool-303-thread-1] INFO  storage.RaftStorageDirectory (RaftStorageDirectory.java:tryLock(328)) - Lock on /workdir/hadoop-ozone/ozonefs/target/test-dir/MiniOzoneClusterImpl-32add812-2629-4863-a43e-a343e05546f3/datanode-1/data/ratis/45a52f54-df3f-460b-b9af-dca09a2a5ace/in_use.lock acquired by nodename 28323@pr-hdds-1569-cpgw4-1311585219
2019-09-19 10:29:41,212 [pool-303-thread-1] INFO  storage.RaftStorage (RaftStorage.java:format(72)) - Storage directory /workdir/hadoop-ozone/ozonefs/target/test-dir/MiniOzoneClusterImpl-32add812-2629-4863-a43e-a343e05546f3/datanode-1/data/ratis/45a52f54-df3f-460b-b9af-dca09a2a5ace has been successfully formatted.
2019-09-19 10:29:41,213 [pool-303-thread-1] INFO  ratis.ContainerStateMachine (ContainerStateMachine.java:loadSnapshot(226)) - group-DCA09A2A5ACE: The snapshot info is null. Setting the last applied indexto:(t:0, i:~)
2019-09-19 10:29:41,213 [pool-303-thread-1] INFO  server.RaftServerConfigKeys (ConfUtils.java:logGet(43)) - raft.server.leader.election.timeout = 120s (custom)
2019-09-19 10:29:41,213 [pool-303-thread-1] INFO  server.RaftServerConfigKeys (ConfUtils.java:logGet(43)) - raft.server.log.use.memory = false (default)
2019-09-19 10:29:41,213 [pool-303-thread-1] INFO  server.RaftServerConfigKeys (ConfUtils.java:logGet(43)) - raft.server.log.purge.gap = 1000000 (custom)
2019-09-19 10:29:41,213 [pool-303-thread-1] INFO  server.RaftServerConfigKeys (ConfUtils.java:logGet(43)) - raft.server.log.appender.buffer.byte-limit = 33554432 (custom)
2019-09-19 10:29:41,213 [pool-303-thread-1] INFO  server.RaftServerConfigKeys (ConfUtils.java:logGet(43)) - raft.server.log.segment.size.max = 1048576 (custom)
2019-09-19 10:29:41,213 [pool-303-thread-1] INFO  server.RaftServerConfigKeys (ConfUtils.java:logGet(43)) - raft.server.log.segment.cache.num.max = 2 (custom)
2019-09-19 10:29:41,214 [pool-303-thread-1] INFO  segmented.SegmentedRaftLogWorker (SegmentedRaftLogWorker.java:<init>(172)) - new 4c16d390-576f-4855-a796-467600b42ac4-SegmentedRaftLogWorker:Storage Directory /workdir/hadoop-ozone/ozonefs/target/test-dir/MiniOzoneClusterImpl-32add812-2629-4863-a43e-a343e05546f3/datanode-1/data/ratis/45a52f54-df3f-460b-b9af-dca09a2a5ace for RaftStorage:Storage Directory /workdir/hadoop-ozone/ozonefs/target/test-dir/MiniOzoneClusterImpl-32add812-2629-4863-a43e-a343e05546f3/datanode-1/data/ratis/45a52f54-df3f-460b-b9af-dca09a2a5ace
2019-09-19 10:29:41,214 [pool-303-thread-1] INFO  server.RaftServerConfigKeys (ConfUtils.java:logGet(43)) - raft.server.log.queue.byte-limit = 2147483647 (custom)
2019-09-19 10:29:41,214 [pool-303-thread-1] INFO  server.RaftServerConfigKeys (ConfUtils.java:logGet(43)) - raft.server.log.queue.element-limit = 1024 (custom)
2019-09-19 10:29:41,214 [pool-303-thread-1] INFO  server.RaftServerConfigKeys (ConfUtils.java:logGet(43)) - raft.server.log.segment.size.max = 1048576 (custom)
2019-09-19 10:29:41,214 [pool-303-thread-1] INFO  server.RaftServerConfigKeys (ConfUtils.java:logGet(43)) - raft.server.log.preallocated.size = 16384 (custom)
2019-09-19 10:29:41,214 [pool-303-thread-1] INFO  server.RaftServerConfigKeys (ConfUtils.java:logGet(43)) - raft.server.log.write.buffer.size = 33554432 (custom)
2019-09-19 10:29:41,214 [pool-303-thread-1] INFO  server.RaftServerConfigKeys (ConfUtils.java:logGet(43)) - raft.server.log.force.sync.num = 128 (default)
2019-09-19 10:29:41,214 [pool-303-thread-1] INFO  server.RaftServerConfigKeys (ConfUtils.java:logGet(43)) - raft.server.log.statemachine.data.sync = true (default)
2019-09-19 10:29:41,214 [pool-303-thread-1] INFO  server.RaftServerConfigKeys (ConfUtils.java:logGet(43)) - raft.server.log.statemachine.data.sync.timeout = 10s (default)
2019-09-19 10:29:41,215 [pool-303-thread-1] INFO  server.RaftServerConfigKeys (ConfUtils.java:logGet(43)) - raft.server.log.statemachine.data.sync.timeout.retry = -1 (default)
2019-09-19 10:29:41,215 [pool-303-thread-1] INFO  server.RaftServerConfigKeys (ConfUtils.java:logGet(43)) - raft.server.log.statemachine.data.caching.enabled = true (custom)
2019-09-19 10:29:41,215 [pool-303-thread-1] INFO  segmented.SegmentedRaftLogWorker (SegmentedRaftLogWorker.java:lambda$new$0(132)) - 4c16d390-576f-4855-a796-467600b42ac4-SegmentedRaftLogWorker:Storage Directory /workdir/hadoop-ozone/ozonefs/target/test-dir/MiniOzoneClusterImpl-32add812-2629-4863-a43e-a343e05546f3/datanode-1/data/ratis/45a52f54-df3f-460b-b9af-dca09a2a5ace: flushIndex: setUnconditionally 0 -> -1
2019-09-19 10:29:41,215 [pool-303-thread-1] INFO  server.RaftServerConfigKeys (ConfUtils.java:logGet(43)) - raft.server.snapshot.auto.trigger.enabled = true (custom)
2019-09-19 10:29:41,215 [pool-303-thread-1] INFO  server.RaftServerConfigKeys (ConfUtils.java:logGet(43)) - raft.server.snapshot.auto.trigger.threshold = 10000 (custom)
2019-09-19 10:29:41,215 [pool-303-thread-1] INFO  server.RaftServerConfigKeys (ConfUtils.java:logGet(43)) - raft.server.retrycache.expirytime = 600000ms (custom)
2019-09-19 10:29:41,216 [pool-303-thread-1] INFO  impl.RaftServerImpl (RaftServerImpl.java:start(180)) - 4c16d390-576f-4855-a796-467600b42ac4: start group-DCA09A2A5ACE
2019-09-19 10:29:41,216 [pool-303-thread-1] INFO  impl.RaftServerImpl (RaftServerImpl.java:setRole(171)) - 4c16d390-576f-4855-a796-467600b42ac4:group-DCA09A2A5ACE changes role from null to FOLLOWER at term 0 for startAsFollower
2019-09-19 10:29:41,216 [pool-303-thread-1] INFO  impl.RoleInfo (RoleInfo.java:updateAndGet(143)) - 4c16d390-576f-4855-a796-467600b42ac4: start FollowerState
2019-09-19 10:29:41,216 [pool-303-thread-1] INFO  util.JmxRegister (JmxRegister.java:tryRegister(44)) - Successfully registered JMX Bean with object name Ratis:service=RaftServer,group=group-DCA09A2A5ACE,id=4c16d390-576f-4855-a796-467600b42ac4
2019-09-19 10:29:41,219 [RatisPipelineUtilsThread] INFO  pipeline.PipelineStateManager (PipelineStateManager.java:addPipeline(56)) - Created pipeline Pipeline[ Id: 45a52f54-df3f-460b-b9af-dca09a2a5ace, Nodes: 4c16d390-576f-4855-a796-467600b42ac4{ip: 192.168.157.204, host: pr-hdds-1569-cpgw4-1311585219, networkLocation: /default-rack, certSerialId: null}, Type:RATIS, Factor:ONE, State:OPEN]
2019-09-19 10:29:41,219 [RatisPipelineUtilsThread] ERROR pipeline.PipelinePlacementPolicy (PipelinePlacementPolicy.java:meetCriteria(91)) - Pipeline Placement: Doesn't meet the criteria to be viable node. Heaviness: 6
2019-09-19 10:29:41,225 [grpc-default-executor-0] INFO  impl.RaftServerProxy (RaftServerProxy.java:addNew(89)) - b949f978-e97b-4741-8244-536fe4f5bb8a: addNew group-E32FE6F18630:[b949f978-e97b-4741-8244-536fe4f5bb8a:192.168.157.204:35409] returns group-E32FE6F18630:java.util.concurrent.CompletableFuture@1fd97c6e[Not completed]
2019-09-19 10:29:41,226 [pool-314-thread-1] INFO  impl.RaftServerImpl (RaftServerImpl.java:<init>(93)) - b949f978-e97b-4741-8244-536fe4f5bb8a: new RaftServerImpl for group-E32FE6F18630:[b949f978-e97b-4741-8244-536fe4f5bb8a:192.168.157.204:35409] with ContainerStateMachine:uninitialized
2019-09-19 10:29:41,226 [pool-314-thread-1] INFO  server.RaftServerConfigKeys (ConfUtils.java:logGet(43)) - raft.server.rpc.timeout.min = 5s (custom)
2019-09-19 10:29:41,226 [pool-314-thread-1] INFO  server.RaftServerConfigKeys (ConfUtils.java:logGet(43)) - raft.server.rpc.timeout.max = 5200ms (custom)
2019-09-19 10:29:41,226 [pool-314-thread-1] INFO  server.RaftServerConfigKeys (ConfUtils.java:logGet(43)) - raft.server.rpcslowness.timeout = 120s (custom)
2019-09-19 10:29:41,226 [pool-314-thread-1] INFO  server.RaftServerConfigKeys (ConfUtils.java:logGet(43)) - raft.server.sleep.deviation.threshold = 300 (default)
2019-09-19 10:29:41,226 [pool-314-thread-1] INFO  server.RaftServerConfigKeys (ConfUtils.java:logGet(43)) - raft.server.log.appender.install.snapshot.enabled = false (custom)
2019-09-19 10:29:41,226 [pool-314-thread-1] INFO  impl.RaftServerImpl (ServerState.java:<init>(105)) - b949f978-e97b-4741-8244-536fe4f5bb8a:group-E32FE6F18630 ConfigurationManager, init=-1: [b949f978-e97b-4741-8244-536fe4f5bb8a:192.168.157.204:35409], old=null, confs=<EMPTY_MAP>
2019-09-19 10:29:41,226 [pool-314-thread-1] INFO  server.RaftServerConfigKeys (ConfUtils.java:logGet(43)) - raft.server.storage.dir = [/workdir/hadoop-ozone/ozonefs/target/test-dir/MiniOzoneClusterImpl-32add812-2629-4863-a43e-a343e05546f3/datanode-2/data/ratis] (custom)
2019-09-19 10:29:41,227 [pool-314-thread-1] INFO  storage.RaftStorageDirectory (RaftStorageDirectory.java:analyzeStorage(246)) - The storage directory /workdir/hadoop-ozone/ozonefs/target/test-dir/MiniOzoneClusterImpl-32add812-2629-4863-a43e-a343e05546f3/datanode-2/data/ratis/290ac972-4fbf-40a9-9bdc-e32fe6f18630 does not exist. Creating ...
2019-09-19 10:29:41,236 [pool-314-thread-1] INFO  storage.RaftStorageDirectory (RaftStorageDirectory.java:tryLock(328)) - Lock on /workdir/hadoop-ozone/ozonefs/target/test-dir/MiniOzoneClusterImpl-32add812-2629-4863-a43e-a343e05546f3/datanode-2/data/ratis/290ac972-4fbf-40a9-9bdc-e32fe6f18630/in_use.lock acquired by nodename 28323@pr-hdds-1569-cpgw4-1311585219
2019-09-19 10:29:41,249 [pool-314-thread-1] INFO  storage.RaftStorage (RaftStorage.java:format(72)) - Storage directory /workdir/hadoop-ozone/ozonefs/target/test-dir/MiniOzoneClusterImpl-32add812-2629-4863-a43e-a343e05546f3/datanode-2/data/ratis/290ac972-4fbf-40a9-9bdc-e32fe6f18630 has been successfully formatted.
2019-09-19 10:29:41,249 [pool-314-thread-1] INFO  ratis.ContainerStateMachine (ContainerStateMachine.java:loadSnapshot(226)) - group-E32FE6F18630: The snapshot info is null. Setting the last applied indexto:(t:0, i:~)
2019-09-19 10:29:41,250 [pool-314-thread-1] INFO  server.RaftServerConfigKeys (ConfUtils.java:logGet(43)) - raft.server.leader.election.timeout = 120s (custom)
2019-09-19 10:29:41,250 [pool-314-thread-1] INFO  server.RaftServerConfigKeys (ConfUtils.java:logGet(43)) - raft.server.log.use.memory = false (default)
2019-09-19 10:29:41,250 [pool-314-thread-1] INFO  server.RaftServerConfigKeys (ConfUtils.java:logGet(43)) - raft.server.log.purge.gap = 1000000 (custom)
2019-09-19 10:29:41,250 [pool-314-thread-1] INFO  server.RaftServerConfigKeys (ConfUtils.java:logGet(43)) - raft.server.log.appender.buffer.byte-limit = 33554432 (custom)
2019-09-19 10:29:41,250 [pool-314-thread-1] INFO  server.RaftServerConfigKeys (ConfUtils.java:logGet(43)) - raft.server.log.segment.size.max = 1048576 (custom)
2019-09-19 10:29:41,250 [pool-314-thread-1] INFO  server.RaftServerConfigKeys (ConfUtils.java:logGet(43)) - raft.server.log.segment.cache.num.max = 2 (custom)
2019-09-19 10:29:41,250 [pool-314-thread-1] INFO  segmented.SegmentedRaftLogWorker (SegmentedRaftLogWorker.java:<init>(172)) - new b949f978-e97b-4741-8244-536fe4f5bb8a-SegmentedRaftLogWorker:Storage Directory /workdir/hadoop-ozone/ozonefs/target/test-dir/MiniOzoneClusterImpl-32add812-2629-4863-a43e-a343e05546f3/datanode-2/data/ratis/290ac972-4fbf-40a9-9bdc-e32fe6f18630 for RaftStorage:Storage Directory /workdir/hadoop-ozone/ozonefs/target/test-dir/MiniOzoneClusterImpl-32add812-2629-4863-a43e-a343e05546f3/datanode-2/data/ratis/290ac972-4fbf-40a9-9bdc-e32fe6f18630
2019-09-19 10:29:41,250 [pool-314-thread-1] INFO  server.RaftServerConfigKeys (ConfUtils.java:logGet(43)) - raft.server.log.queue.byte-limit = 2147483647 (custom)
2019-09-19 10:29:41,250 [pool-314-thread-1] INFO  server.RaftServerConfigKeys (ConfUtils.java:logGet(43)) - raft.server.log.queue.element-limit = 1024 (custom)
2019-09-19 10:29:41,251 [pool-314-thread-1] INFO  server.RaftServerConfigKeys (ConfUtils.java:logGet(43)) - raft.server.log.segment.size.max = 1048576 (custom)
2019-09-19 10:29:41,251 [pool-314-thread-1] INFO  server.RaftServerConfigKeys (ConfUtils.java:logGet(43)) - raft.server.log.preallocated.size = 16384 (custom)
2019-09-19 10:29:41,251 [pool-314-thread-1] INFO  server.RaftServerConfigKeys (ConfUtils.java:logGet(43)) - raft.server.log.write.buffer.size = 33554432 (custom)
2019-09-19 10:29:41,251 [pool-314-thread-1] INFO  server.RaftServerConfigKeys (ConfUtils.java:logGet(43)) - raft.server.log.force.sync.num = 128 (default)
2019-09-19 10:29:41,251 [pool-314-thread-1] INFO  server.RaftServerConfigKeys (ConfUtils.java:logGet(43)) - raft.server.log.statemachine.data.sync = true (default)
2019-09-19 10:29:41,251 [pool-314-thread-1] INFO  server.RaftServerConfigKeys (ConfUtils.java:logGet(43)) - raft.server.log.statemachine.data.sync.timeout = 10s (default)
2019-09-19 10:29:41,251 [pool-314-thread-1] INFO  server.RaftServerConfigKeys (ConfUtils.java:logGet(43)) - raft.server.log.statemachine.data.sync.timeout.retry = -1 (default)
2019-09-19 10:29:41,251 [pool-314-thread-1] INFO  server.RaftServerConfigKeys (ConfUtils.java:logGet(43)) - raft.server.log.statemachine.data.caching.enabled = true (custom)
2019-09-19 10:29:41,251 [pool-314-thread-1] INFO  segmented.SegmentedRaftLogWorker (SegmentedRaftLogWorker.java:lambda$new$0(132)) - b949f978-e97b-4741-8244-536fe4f5bb8a-SegmentedRaftLogWorker:Storage Directory /workdir/hadoop-ozone/ozonefs/target/test-dir/MiniOzoneClusterImpl-32add812-2629-4863-a43e-a343e05546f3/datanode-2/data/ratis/290ac972-4fbf-40a9-9bdc-e32fe6f18630: flushIndex: setUnconditionally 0 -> -1
2019-09-19 10:29:41,252 [pool-314-thread-1] INFO  server.RaftServerConfigKeys (ConfUtils.java:logGet(43)) - raft.server.snapshot.auto.trigger.enabled = true (custom)
2019-09-19 10:29:41,252 [pool-314-thread-1] INFO  server.RaftServerConfigKeys (ConfUtils.java:logGet(43)) - raft.server.snapshot.auto.trigger.threshold = 10000 (custom)
2019-09-19 10:29:41,252 [pool-314-thread-1] INFO  server.RaftServerConfigKeys (ConfUtils.java:logGet(43)) - raft.server.retrycache.expirytime = 600000ms (custom)
2019-09-19 10:29:41,252 [pool-314-thread-1] INFO  impl.RaftServerImpl (RaftServerImpl.java:start(180)) - b949f978-e97b-4741-8244-536fe4f5bb8a: start group-E32FE6F18630
2019-09-19 10:29:41,252 [pool-314-thread-1] INFO  impl.RaftServerImpl (RaftServerImpl.java:setRole(171)) - b949f978-e97b-4741-8244-536fe4f5bb8a:group-E32FE6F18630 changes role from null to FOLLOWER at term 0 for startAsFollower
2019-09-19 10:29:41,252 [pool-314-thread-1] INFO  impl.RoleInfo (RoleInfo.java:updateAndGet(143)) - b949f978-e97b-4741-8244-536fe4f5bb8a: start FollowerState
2019-09-19 10:29:41,252 [pool-314-thread-1] INFO  util.JmxRegister (JmxRegister.java:tryRegister(44)) - Successfully registered JMX Bean with object name Ratis:service=RaftServer,group=group-E32FE6F18630,id=b949f978-e97b-4741-8244-536fe4f5bb8a
2019-09-19 10:29:41,255 [RatisPipelineUtilsThread] INFO  pipeline.PipelineStateManager (PipelineStateManager.java:addPipeline(56)) - Created pipeline Pipeline[ Id: 290ac972-4fbf-40a9-9bdc-e32fe6f18630, Nodes: b949f978-e97b-4741-8244-536fe4f5bb8a{ip: 192.168.157.204, host: pr-hdds-1569-cpgw4-1311585219, networkLocation: /default-rack, certSerialId: null}, Type:RATIS, Factor:ONE, State:OPEN]
2019-09-19 10:29:41,255 [RatisPipelineUtilsThread] ERROR pipeline.PipelinePlacementPolicy (PipelinePlacementPolicy.java:meetCriteria(91)) - Pipeline Placement: Doesn't meet the criteria to be viable node. Heaviness: 6
2019-09-19 10:29:41,260 [grpc-default-executor-0] INFO  impl.RaftServerProxy (RaftServerProxy.java:addNew(89)) - b949f978-e97b-4741-8244-536fe4f5bb8a: addNew group-C20FBC962338:[b949f978-e97b-4741-8244-536fe4f5bb8a:192.168.157.204:35409] returns group-C20FBC962338:java.util.concurrent.CompletableFuture@bc1001[Not completed]
2019-09-19 10:29:41,261 [pool-314-thread-1] INFO  impl.RaftServerImpl (RaftServerImpl.java:<init>(93)) - b949f978-e97b-4741-8244-536fe4f5bb8a: new RaftServerImpl for group-C20FBC962338:[b949f978-e97b-4741-8244-536fe4f5bb8a:192.168.157.204:35409] with ContainerStateMachine:uninitialized
2019-09-19 10:29:41,261 [pool-314-thread-1] INFO  server.RaftServerConfigKeys (ConfUtils.java:logGet(43)) - raft.server.rpc.timeout.min = 5s (custom)
2019-09-19 10:29:41,261 [pool-314-thread-1] INFO  server.RaftServerConfigKeys (ConfUtils.java:logGet(43)) - raft.server.rpc.timeout.max = 5200ms (custom)
2019-09-19 10:29:41,261 [pool-314-thread-1] INFO  server.RaftServerConfigKeys (ConfUtils.java:logGet(43)) - raft.server.rpcslowness.timeout = 120s (custom)
2019-09-19 10:29:41,261 [pool-314-thread-1] INFO  server.RaftServerConfigKeys (ConfUtils.java:logGet(43)) - raft.server.sleep.deviation.threshold = 300 (default)
2019-09-19 10:29:41,261 [pool-314-thread-1] INFO  server.RaftServerConfigKeys (ConfUtils.java:logGet(43)) - raft.server.log.appender.install.snapshot.enabled = false (custom)
2019-09-19 10:29:41,262 [pool-314-thread-1] INFO  impl.RaftServerImpl (ServerState.java:<init>(105)) - b949f978-e97b-4741-8244-536fe4f5bb8a:group-C20FBC962338 ConfigurationManager, init=-1: [b949f978-e97b-4741-8244-536fe4f5bb8a:192.168.157.204:35409], old=null, confs=<EMPTY_MAP>
2019-09-19 10:29:41,262 [pool-314-thread-1] INFO  server.RaftServerConfigKeys (ConfUtils.java:logGet(43)) - raft.server.storage.dir = [/workdir/hadoop-ozone/ozonefs/target/test-dir/MiniOzoneClusterImpl-32add812-2629-4863-a43e-a343e05546f3/datanode-2/data/ratis] (custom)
2019-09-19 10:29:41,262 [pool-314-thread-1] INFO  storage.RaftStorageDirectory (RaftStorageDirectory.java:analyzeStorage(246)) - The storage directory /workdir/hadoop-ozone/ozonefs/target/test-dir/MiniOzoneClusterImpl-32add812-2629-4863-a43e-a343e05546f3/datanode-2/data/ratis/0cf08d5c-f9cc-4f38-a8ee-c20fbc962338 does not exist. Creating ...
2019-09-19 10:29:41,265 [pool-314-thread-1] INFO  storage.RaftStorageDirectory (RaftStorageDirectory.java:tryLock(328)) - Lock on /workdir/hadoop-ozone/ozonefs/target/test-dir/MiniOzoneClusterImpl-32add812-2629-4863-a43e-a343e05546f3/datanode-2/data/ratis/0cf08d5c-f9cc-4f38-a8ee-c20fbc962338/in_use.lock acquired by nodename 28323@pr-hdds-1569-cpgw4-1311585219
2019-09-19 10:29:41,268 [pool-314-thread-1] INFO  storage.RaftStorage (RaftStorage.java:format(72)) - Storage directory /workdir/hadoop-ozone/ozonefs/target/test-dir/MiniOzoneClusterImpl-32add812-2629-4863-a43e-a343e05546f3/datanode-2/data/ratis/0cf08d5c-f9cc-4f38-a8ee-c20fbc962338 has been successfully formatted.
2019-09-19 10:29:41,268 [pool-314-thread-1] INFO  ratis.ContainerStateMachine (ContainerStateMachine.java:loadSnapshot(226)) - group-C20FBC962338: The snapshot info is null. Setting the last applied indexto:(t:0, i:~)
2019-09-19 10:29:41,268 [pool-314-thread-1] INFO  server.RaftServerConfigKeys (ConfUtils.java:logGet(43)) - raft.server.leader.election.timeout = 120s (custom)
2019-09-19 10:29:41,268 [pool-314-thread-1] INFO  server.RaftServerConfigKeys (ConfUtils.java:logGet(43)) - raft.server.log.use.memory = false (default)
2019-09-19 10:29:41,268 [pool-314-thread-1] INFO  server.RaftServerConfigKeys (ConfUtils.java:logGet(43)) - raft.server.log.purge.gap = 1000000 (custom)
2019-09-19 10:29:41,269 [pool-314-thread-1] INFO  server.RaftServerConfigKeys (ConfUtils.java:logGet(43)) - raft.server.log.appender.buffer.byte-limit = 33554432 (custom)
2019-09-19 10:29:41,269 [pool-314-thread-1] INFO  server.RaftServerConfigKeys (ConfUtils.java:logGet(43)) - raft.server.log.segment.size.max = 1048576 (custom)
2019-09-19 10:29:41,269 [pool-314-thread-1] INFO  server.RaftServerConfigKeys (ConfUtils.java:logGet(43)) - raft.server.log.segment.cache.num.max = 2 (custom)
2019-09-19 10:29:41,269 [pool-314-thread-1] INFO  segmented.SegmentedRaftLogWorker (SegmentedRaftLogWorker.java:<init>(172)) - new b949f978-e97b-4741-8244-536fe4f5bb8a-SegmentedRaftLogWorker:Storage Directory /workdir/hadoop-ozone/ozonefs/target/test-dir/MiniOzoneClusterImpl-32add812-2629-4863-a43e-a343e05546f3/datanode-2/data/ratis/0cf08d5c-f9cc-4f38-a8ee-c20fbc962338 for RaftStorage:Storage Directory /workdir/hadoop-ozone/ozonefs/target/test-dir/MiniOzoneClusterImpl-32add812-2629-4863-a43e-a343e05546f3/datanode-2/data/ratis/0cf08d5c-f9cc-4f38-a8ee-c20fbc962338
2019-09-19 10:29:41,269 [pool-314-thread-1] INFO  server.RaftServerConfigKeys (ConfUtils.java:logGet(43)) - raft.server.log.queue.byte-limit = 2147483647 (custom)
2019-09-19 10:29:41,269 [pool-314-thread-1] INFO  server.RaftServerConfigKeys (ConfUtils.java:logGet(43)) - raft.server.log.queue.element-limit = 1024 (custom)
2019-09-19 10:29:41,269 [pool-314-thread-1] INFO  server.RaftServerConfigKeys (ConfUtils.java:logGet(43)) - raft.server.log.segment.size.max = 1048576 (custom)
2019-09-19 10:29:41,270 [pool-314-thread-1] INFO  server.RaftServerConfigKeys (ConfUtils.java:logGet(43)) - raft.server.log.preallocated.size = 16384 (custom)
2019-09-19 10:29:41,270 [pool-314-thread-1] INFO  server.RaftServerConfigKeys (ConfUtils.java:logGet(43)) - raft.server.log.write.buffer.size = 33554432 (custom)
2019-09-19 10:29:41,270 [pool-314-thread-1] INFO  server.RaftServerConfigKeys (ConfUtils.java:logGet(43)) - raft.server.log.force.sync.num = 128 (default)
2019-09-19 10:29:41,270 [pool-314-thread-1] INFO  server.RaftServerConfigKeys (ConfUtils.java:logGet(43)) - raft.server.log.statemachine.data.sync = true (default)
2019-09-19 10:29:41,270 [pool-314-thread-1] INFO  server.RaftServerConfigKeys (ConfUtils.java:logGet(43)) - raft.server.log.statemachine.data.sync.timeout = 10s (default)
2019-09-19 10:29:41,270 [pool-314-thread-1] INFO  server.RaftServerConfigKeys (ConfUtils.java:logGet(43)) - raft.server.log.statemachine.data.sync.timeout.retry = -1 (default)
2019-09-19 10:29:41,270 [pool-314-thread-1] INFO  server.RaftServerConfigKeys (ConfUtils.java:logGet(43)) - raft.server.log.statemachine.data.caching.enabled = true (custom)
2019-09-19 10:29:41,271 [pool-314-thread-1] INFO  segmented.SegmentedRaftLogWorker (SegmentedRaftLogWorker.java:lambda$new$0(132)) - b949f978-e97b-4741-8244-536fe4f5bb8a-SegmentedRaftLogWorker:Storage Directory /workdir/hadoop-ozone/ozonefs/target/test-dir/MiniOzoneClusterImpl-32add812-2629-4863-a43e-a343e05546f3/datanode-2/data/ratis/0cf08d5c-f9cc-4f38-a8ee-c20fbc962338: flushIndex: setUnconditionally 0 -> -1
2019-09-19 10:29:41,271 [pool-314-thread-1] INFO  server.RaftServerConfigKeys (ConfUtils.java:logGet(43)) - raft.server.snapshot.auto.trigger.enabled = true (custom)
2019-09-19 10:29:41,271 [pool-314-thread-1] INFO  server.RaftServerConfigKeys (ConfUtils.java:logGet(43)) - raft.server.snapshot.auto.trigger.threshold = 10000 (custom)
2019-09-19 10:29:41,271 [pool-314-thread-1] INFO  server.RaftServerConfigKeys (ConfUtils.java:logGet(43)) - raft.server.retrycache.expirytime = 600000ms (custom)
2019-09-19 10:29:41,271 [pool-314-thread-1] INFO  impl.RaftServerImpl (RaftServerImpl.java:start(180)) - b949f978-e97b-4741-8244-536fe4f5bb8a: start group-C20FBC962338
2019-09-19 10:29:41,271 [pool-314-thread-1] INFO  impl.RaftServerImpl (RaftServerImpl.java:setRole(171)) - b949f978-e97b-4741-8244-536fe4f5bb8a:group-C20FBC962338 changes role from null to FOLLOWER at term 0 for startAsFollower
2019-09-19 10:29:41,271 [pool-314-thread-1] INFO  impl.RoleInfo (RoleInfo.java:updateAndGet(143)) - b949f978-e97b-4741-8244-536fe4f5bb8a: start FollowerState
2019-09-19 10:29:41,272 [pool-314-thread-1] INFO  util.JmxRegister (JmxRegister.java:tryRegister(44)) - Successfully registered JMX Bean with object name Ratis:service=RaftServer,group=group-C20FBC962338,id=b949f978-e97b-4741-8244-536fe4f5bb8a
2019-09-19 10:29:41,274 [RatisPipelineUtilsThread] INFO  pipeline.PipelineStateManager (PipelineStateManager.java:addPipeline(56)) - Created pipeline Pipeline[ Id: 0cf08d5c-f9cc-4f38-a8ee-c20fbc962338, Nodes: b949f978-e97b-4741-8244-536fe4f5bb8a{ip: 192.168.157.204, host: pr-hdds-1569-cpgw4-1311585219, networkLocation: /default-rack, certSerialId: null}, Type:RATIS, Factor:ONE, State:OPEN]
2019-09-19 10:29:41,274 [RatisPipelineUtilsThread] ERROR pipeline.PipelinePlacementPolicy (PipelinePlacementPolicy.java:meetCriteria(91)) - Pipeline Placement: Doesn't meet the criteria to be viable node. Heaviness: 6
2019-09-19 10:29:41,274 [RatisPipelineUtilsThread] ERROR pipeline.PipelinePlacementPolicy (PipelinePlacementPolicy.java:meetCriteria(91)) - Pipeline Placement: Doesn't meet the criteria to be viable node. Heaviness: 6
2019-09-19 10:29:41,279 [grpc-default-executor-0] INFO  impl.RaftServerProxy (RaftServerProxy.java:addNew(89)) - 4c16d390-576f-4855-a796-467600b42ac4: addNew group-19DD1C60FE20:[4c16d390-576f-4855-a796-467600b42ac4:192.168.157.204:46105] returns group-19DD1C60FE20:java.util.concurrent.CompletableFuture@6dea5eb8[Not completed]
2019-09-19 10:29:41,281 [pool-303-thread-1] INFO  impl.RaftServerImpl (RaftServerImpl.java:<init>(93)) - 4c16d390-576f-4855-a796-467600b42ac4: new RaftServerImpl for group-19DD1C60FE20:[4c16d390-576f-4855-a796-467600b42ac4:192.168.157.204:46105] with ContainerStateMachine:uninitialized
2019-09-19 10:29:41,281 [pool-303-thread-1] INFO  server.RaftServerConfigKeys (ConfUtils.java:logGet(43)) - raft.server.rpc.timeout.min = 5s (custom)
2019-09-19 10:29:41,281 [pool-303-thread-1] INFO  server.RaftServerConfigKeys (ConfUtils.java:logGet(43)) - raft.server.rpc.timeout.max = 5200ms (custom)
2019-09-19 10:29:41,281 [pool-303-thread-1] INFO  server.RaftServerConfigKeys (ConfUtils.java:logGet(43)) - raft.server.rpcslowness.timeout = 120s (custom)
2019-09-19 10:29:41,281 [pool-303-thread-1] INFO  server.RaftServerConfigKeys (ConfUtils.java:logGet(43)) - raft.server.sleep.deviation.threshold = 300 (default)
2019-09-19 10:29:41,281 [pool-303-thread-1] INFO  server.RaftServerConfigKeys (ConfUtils.java:logGet(43)) - raft.server.log.appender.install.snapshot.enabled = false (custom)
2019-09-19 10:29:41,282 [pool-303-thread-1] INFO  impl.RaftServerImpl (ServerState.java:<init>(105)) - 4c16d390-576f-4855-a796-467600b42ac4:group-19DD1C60FE20 ConfigurationManager, init=-1: [4c16d390-576f-4855-a796-467600b42ac4:192.168.157.204:46105], old=null, confs=<EMPTY_MAP>
2019-09-19 10:29:41,282 [pool-303-thread-1] INFO  server.RaftServerConfigKeys (ConfUtils.java:logGet(43)) - raft.server.storage.dir = [/workdir/hadoop-ozone/ozonefs/target/test-dir/MiniOzoneClusterImpl-32add812-2629-4863-a43e-a343e05546f3/datanode-1/data/ratis] (custom)
2019-09-19 10:29:41,282 [pool-303-thread-1] INFO  storage.RaftStorageDirectory (RaftStorageDirectory.java:analyzeStorage(246)) - The storage directory /workdir/hadoop-ozone/ozonefs/target/test-dir/MiniOzoneClusterImpl-32add812-2629-4863-a43e-a343e05546f3/datanode-1/data/ratis/c0f25587-0f4f-4693-bd76-19dd1c60fe20 does not exist. Creating ...
2019-09-19 10:29:41,295 [pool-303-thread-1] INFO  storage.RaftStorageDirectory (RaftStorageDirectory.java:tryLock(328)) - Lock on /workdir/hadoop-ozone/ozonefs/target/test-dir/MiniOzoneClusterImpl-32add812-2629-4863-a43e-a343e05546f3/datanode-1/data/ratis/c0f25587-0f4f-4693-bd76-19dd1c60fe20/in_use.lock acquired by nodename 28323@pr-hdds-1569-cpgw4-1311585219
2019-09-19 10:29:41,298 [pool-303-thread-1] INFO  storage.RaftStorage (RaftStorage.java:format(72)) - Storage directory /workdir/hadoop-ozone/ozonefs/target/test-dir/MiniOzoneClusterImpl-32add812-2629-4863-a43e-a343e05546f3/datanode-1/data/ratis/c0f25587-0f4f-4693-bd76-19dd1c60fe20 has been successfully formatted.
2019-09-19 10:29:41,298 [pool-303-thread-1] INFO  ratis.ContainerStateMachine (ContainerStateMachine.java:loadSnapshot(226)) - group-19DD1C60FE20: The snapshot info is null. Setting the last applied indexto:(t:0, i:~)
2019-09-19 10:29:41,298 [pool-303-thread-1] INFO  server.RaftServerConfigKeys (ConfUtils.java:logGet(43)) - raft.server.leader.election.timeout = 120s (custom)
2019-09-19 10:29:41,298 [pool-303-thread-1] INFO  server.RaftServerConfigKeys (ConfUtils.java:logGet(43)) - raft.server.log.use.memory = false (default)
2019-09-19 10:29:41,299 [pool-303-thread-1] INFO  server.RaftServerConfigKeys (ConfUtils.java:logGet(43)) - raft.server.log.purge.gap = 1000000 (custom)
2019-09-19 10:29:41,299 [pool-303-thread-1] INFO  server.RaftServerConfigKeys (ConfUtils.java:logGet(43)) - raft.server.log.appender.buffer.byte-limit = 33554432 (custom)
2019-09-19 10:29:41,299 [pool-303-thread-1] INFO  server.RaftServerConfigKeys (ConfUtils.java:logGet(43)) - raft.server.log.segment.size.max = 1048576 (custom)
2019-09-19 10:29:41,299 [pool-303-thread-1] INFO  server.RaftServerConfigKeys (ConfUtils.java:logGet(43)) - raft.server.log.segment.cache.num.max = 2 (custom)
2019-09-19 10:29:41,299 [pool-303-thread-1] INFO  segmented.SegmentedRaftLogWorker (SegmentedRaftLogWorker.java:<init>(172)) - new 4c16d390-576f-4855-a796-467600b42ac4-SegmentedRaftLogWorker:Storage Directory /workdir/hadoop-ozone/ozonefs/target/test-dir/MiniOzoneClusterImpl-32add812-2629-4863-a43e-a343e05546f3/datanode-1/data/ratis/c0f25587-0f4f-4693-bd76-19dd1c60fe20 for RaftStorage:Storage Directory /workdir/hadoop-ozone/ozonefs/target/test-dir/MiniOzoneClusterImpl-32add812-2629-4863-a43e-a343e05546f3/datanode-1/data/ratis/c0f25587-0f4f-4693-bd76-19dd1c60fe20
2019-09-19 10:29:41,299 [pool-303-thread-1] INFO  server.RaftServerConfigKeys (ConfUtils.java:logGet(43)) - raft.server.log.queue.byte-limit = 2147483647 (custom)
2019-09-19 10:29:41,299 [pool-303-thread-1] INFO  server.RaftServerConfigKeys (ConfUtils.java:logGet(43)) - raft.server.log.queue.element-limit = 1024 (custom)
2019-09-19 10:29:41,299 [pool-303-thread-1] INFO  server.RaftServerConfigKeys (ConfUtils.java:logGet(43)) - raft.server.log.segment.size.max = 1048576 (custom)
2019-09-19 10:29:41,299 [pool-303-thread-1] INFO  server.RaftServerConfigKeys (ConfUtils.java:logGet(43)) - raft.server.log.preallocated.size = 16384 (custom)
2019-09-19 10:29:41,300 [pool-303-thread-1] INFO  server.RaftServerConfigKeys (ConfUtils.java:logGet(43)) - raft.server.log.write.buffer.size = 33554432 (custom)
2019-09-19 10:29:41,300 [pool-303-thread-1] INFO  server.RaftServerConfigKeys (ConfUtils.java:logGet(43)) - raft.server.log.force.sync.num = 128 (default)
2019-09-19 10:29:41,300 [pool-303-thread-1] INFO  server.RaftServerConfigKeys (ConfUtils.java:logGet(43)) - raft.server.log.statemachine.data.sync = true (default)
2019-09-19 10:29:41,300 [pool-303-thread-1] INFO  server.RaftServerConfigKeys (ConfUtils.java:logGet(43)) - raft.server.log.statemachine.data.sync.timeout = 10s (default)
2019-09-19 10:29:41,300 [pool-303-thread-1] INFO  server.RaftServerConfigKeys (ConfUtils.java:logGet(43)) - raft.server.log.statemachine.data.sync.timeout.retry = -1 (default)
2019-09-19 10:29:41,300 [pool-303-thread-1] INFO  server.RaftServerConfigKeys (ConfUtils.java:logGet(43)) - raft.server.log.statemachine.data.caching.enabled = true (custom)
2019-09-19 10:29:41,301 [pool-303-thread-1] INFO  segmented.SegmentedRaftLogWorker (SegmentedRaftLogWorker.java:lambda$new$0(132)) - 4c16d390-576f-4855-a796-467600b42ac4-SegmentedRaftLogWorker:Storage Directory /workdir/hadoop-ozone/ozonefs/target/test-dir/MiniOzoneClusterImpl-32add812-2629-4863-a43e-a343e05546f3/datanode-1/data/ratis/c0f25587-0f4f-4693-bd76-19dd1c60fe20: flushIndex: setUnconditionally 0 -> -1
2019-09-19 10:29:41,301 [pool-303-thread-1] INFO  server.RaftServerConfigKeys (ConfUtils.java:logGet(43)) - raft.server.snapshot.auto.trigger.enabled = true (custom)
2019-09-19 10:29:41,301 [pool-303-thread-1] INFO  server.RaftServerConfigKeys (ConfUtils.java:logGet(43)) - raft.server.snapshot.auto.trigger.threshold = 10000 (custom)
2019-09-19 10:29:41,301 [pool-303-thread-1] INFO  server.RaftServerConfigKeys (ConfUtils.java:logGet(43)) - raft.server.retrycache.expirytime = 600000ms (custom)
2019-09-19 10:29:41,301 [pool-303-thread-1] INFO  impl.RaftServerImpl (RaftServerImpl.java:start(180)) - 4c16d390-576f-4855-a796-467600b42ac4: start group-19DD1C60FE20
2019-09-19 10:29:41,301 [pool-303-thread-1] INFO  impl.RaftServerImpl (RaftServerImpl.java:setRole(171)) - 4c16d390-576f-4855-a796-467600b42ac4:group-19DD1C60FE20 changes role from null to FOLLOWER at term 0 for startAsFollower
2019-09-19 10:29:41,301 [pool-303-thread-1] INFO  impl.RoleInfo (RoleInfo.java:updateAndGet(143)) - 4c16d390-576f-4855-a796-467600b42ac4: start FollowerState
2019-09-19 10:29:41,302 [pool-303-thread-1] INFO  util.JmxRegister (JmxRegister.java:tryRegister(44)) - Successfully registered JMX Bean with object name Ratis:service=RaftServer,group=group-19DD1C60FE20,id=4c16d390-576f-4855-a796-467600b42ac4
2019-09-19 10:29:41,304 [RatisPipelineUtilsThread] INFO  pipeline.PipelineStateManager (PipelineStateManager.java:addPipeline(56)) - Created pipeline Pipeline[ Id: c0f25587-0f4f-4693-bd76-19dd1c60fe20, Nodes: 4c16d390-576f-4855-a796-467600b42ac4{ip: 192.168.157.204, host: pr-hdds-1569-cpgw4-1311585219, networkLocation: /default-rack, certSerialId: null}, Type:RATIS, Factor:ONE, State:OPEN]
2019-09-19 10:29:41,305 [RatisPipelineUtilsThread] ERROR pipeline.PipelinePlacementPolicy (PipelinePlacementPolicy.java:meetCriteria(91)) - Pipeline Placement: Doesn't meet the criteria to be viable node. Heaviness: 6
2019-09-19 10:29:41,305 [RatisPipelineUtilsThread] ERROR pipeline.PipelinePlacementPolicy (PipelinePlacementPolicy.java:meetCriteria(91)) - Pipeline Placement: Doesn't meet the criteria to be viable node. Heaviness: 6
2019-09-19 10:29:41,310 [grpc-default-executor-0] INFO  impl.RaftServerProxy (RaftServerProxy.java:addNew(89)) - 4c16d390-576f-4855-a796-467600b42ac4: addNew group-90203D911A82:[4c16d390-576f-4855-a796-467600b42ac4:192.168.157.204:46105] returns group-90203D911A82:java.util.concurrent.CompletableFuture@36eb37ef[Not completed]
2019-09-19 10:29:41,311 [pool-303-thread-1] INFO  impl.RaftServerImpl (RaftServerImpl.java:<init>(93)) - 4c16d390-576f-4855-a796-467600b42ac4: new RaftServerImpl for group-90203D911A82:[4c16d390-576f-4855-a796-467600b42ac4:192.168.157.204:46105] with ContainerStateMachine:uninitialized
2019-09-19 10:29:41,311 [pool-303-thread-1] INFO  server.RaftServerConfigKeys (ConfUtils.java:logGet(43)) - raft.server.rpc.timeout.min = 5s (custom)
2019-09-19 10:29:41,311 [pool-303-thread-1] INFO  server.RaftServerConfigKeys (ConfUtils.java:logGet(43)) - raft.server.rpc.timeout.max = 5200ms (custom)
2019-09-19 10:29:41,311 [pool-303-thread-1] INFO  server.RaftServerConfigKeys (ConfUtils.java:logGet(43)) - raft.server.rpcslowness.timeout = 120s (custom)
2019-09-19 10:29:41,311 [pool-303-thread-1] INFO  server.RaftServerConfigKeys (ConfUtils.java:logGet(43)) - raft.server.sleep.deviation.threshold = 300 (default)
2019-09-19 10:29:41,311 [pool-303-thread-1] INFO  server.RaftServerConfigKeys (ConfUtils.java:logGet(43)) - raft.server.log.appender.install.snapshot.enabled = false (custom)
2019-09-19 10:29:41,311 [pool-303-thread-1] INFO  impl.RaftServerImpl (ServerState.java:<init>(105)) - 4c16d390-576f-4855-a796-467600b42ac4:group-90203D911A82 ConfigurationManager, init=-1: [4c16d390-576f-4855-a796-467600b42ac4:192.168.157.204:46105], old=null, confs=<EMPTY_MAP>
2019-09-19 10:29:41,312 [pool-303-thread-1] INFO  server.RaftServerConfigKeys (ConfUtils.java:logGet(43)) - raft.server.storage.dir = [/workdir/hadoop-ozone/ozonefs/target/test-dir/MiniOzoneClusterImpl-32add812-2629-4863-a43e-a343e05546f3/datanode-1/data/ratis] (custom)
2019-09-19 10:29:41,312 [pool-303-thread-1] INFO  storage.RaftStorageDirectory (RaftStorageDirectory.java:analyzeStorage(246)) - The storage directory /workdir/hadoop-ozone/ozonefs/target/test-dir/MiniOzoneClusterImpl-32add812-2629-4863-a43e-a343e05546f3/datanode-1/data/ratis/98ddf62f-99cf-4fba-a30f-90203d911a82 does not exist. Creating ...
2019-09-19 10:29:41,316 [pool-303-thread-1] INFO  storage.RaftStorageDirectory (RaftStorageDirectory.java:tryLock(328)) - Lock on /workdir/hadoop-ozone/ozonefs/target/test-dir/MiniOzoneClusterImpl-32add812-2629-4863-a43e-a343e05546f3/datanode-1/data/ratis/98ddf62f-99cf-4fba-a30f-90203d911a82/in_use.lock acquired by nodename 28323@pr-hdds-1569-cpgw4-1311585219
2019-09-19 10:29:41,319 [pool-303-thread-1] INFO  storage.RaftStorage (RaftStorage.java:format(72)) - Storage directory /workdir/hadoop-ozone/ozonefs/target/test-dir/MiniOzoneClusterImpl-32add812-2629-4863-a43e-a343e05546f3/datanode-1/data/ratis/98ddf62f-99cf-4fba-a30f-90203d911a82 has been successfully formatted.
2019-09-19 10:29:41,320 [pool-303-thread-1] INFO  ratis.ContainerStateMachine (ContainerStateMachine.java:loadSnapshot(226)) - group-90203D911A82: The snapshot info is null. Setting the last applied indexto:(t:0, i:~)
2019-09-19 10:29:41,320 [pool-303-thread-1] INFO  server.RaftServerConfigKeys (ConfUtils.java:logGet(43)) - raft.server.leader.election.timeout = 120s (custom)
2019-09-19 10:29:41,320 [pool-303-thread-1] INFO  server.RaftServerConfigKeys (ConfUtils.java:logGet(43)) - raft.server.log.use.memory = false (default)
2019-09-19 10:29:41,320 [pool-303-thread-1] INFO  server.RaftServerConfigKeys (ConfUtils.java:logGet(43)) - raft.server.log.purge.gap = 1000000 (custom)
2019-09-19 10:29:41,320 [pool-303-thread-1] INFO  server.RaftServerConfigKeys (ConfUtils.java:logGet(43)) - raft.server.log.appender.buffer.byte-limit = 33554432 (custom)
2019-09-19 10:29:41,320 [pool-303-thread-1] INFO  server.RaftServerConfigKeys (ConfUtils.java:logGet(43)) - raft.server.log.segment.size.max = 1048576 (custom)
2019-09-19 10:29:41,320 [pool-303-thread-1] INFO  server.RaftServerConfigKeys (ConfUtils.java:logGet(43)) - raft.server.log.segment.cache.num.max = 2 (custom)
2019-09-19 10:29:41,320 [pool-303-thread-1] INFO  segmented.SegmentedRaftLogWorker (SegmentedRaftLogWorker.java:<init>(172)) - new 4c16d390-576f-4855-a796-467600b42ac4-SegmentedRaftLogWorker:Storage Directory /workdir/hadoop-ozone/ozonefs/target/test-dir/MiniOzoneClusterImpl-32add812-2629-4863-a43e-a343e05546f3/datanode-1/data/ratis/98ddf62f-99cf-4fba-a30f-90203d911a82 for RaftStorage:Storage Directory /workdir/hadoop-ozone/ozonefs/target/test-dir/MiniOzoneClusterImpl-32add812-2629-4863-a43e-a343e05546f3/datanode-1/data/ratis/98ddf62f-99cf-4fba-a30f-90203d911a82
2019-09-19 10:29:41,321 [pool-303-thread-1] INFO  server.RaftServerConfigKeys (ConfUtils.java:logGet(43)) - raft.server.log.queue.byte-limit = 2147483647 (custom)
2019-09-19 10:29:41,321 [pool-303-thread-1] INFO  server.RaftServerConfigKeys (ConfUtils.java:logGet(43)) - raft.server.log.queue.element-limit = 1024 (custom)
2019-09-19 10:29:41,321 [pool-303-thread-1] INFO  server.RaftServerConfigKeys (ConfUtils.java:logGet(43)) - raft.server.log.segment.size.max = 1048576 (custom)
2019-09-19 10:29:41,321 [pool-303-thread-1] INFO  server.RaftServerConfigKeys (ConfUtils.java:logGet(43)) - raft.server.log.preallocated.size = 16384 (custom)
2019-09-19 10:29:41,321 [pool-303-thread-1] INFO  server.RaftServerConfigKeys (ConfUtils.java:logGet(43)) - raft.server.log.write.buffer.size = 33554432 (custom)
2019-09-19 10:29:41,321 [pool-303-thread-1] INFO  server.RaftServerConfigKeys (ConfUtils.java:logGet(43)) - raft.server.log.force.sync.num = 128 (default)
2019-09-19 10:29:41,321 [pool-303-thread-1] INFO  server.RaftServerConfigKeys (ConfUtils.java:logGet(43)) - raft.server.log.statemachine.data.sync = true (default)
2019-09-19 10:29:41,322 [pool-303-thread-1] INFO  server.RaftServerConfigKeys (ConfUtils.java:logGet(43)) - raft.server.log.statemachine.data.sync.timeout = 10s (default)
2019-09-19 10:29:41,322 [pool-303-thread-1] INFO  server.RaftServerConfigKeys (ConfUtils.java:logGet(43)) - raft.server.log.statemachine.data.sync.timeout.retry = -1 (default)
2019-09-19 10:29:41,322 [pool-303-thread-1] INFO  server.RaftServerConfigKeys (ConfUtils.java:logGet(43)) - raft.server.log.statemachine.data.caching.enabled = true (custom)
2019-09-19 10:29:41,322 [pool-303-thread-1] INFO  segmented.SegmentedRaftLogWorker (SegmentedRaftLogWorker.java:lambda$new$0(132)) - 4c16d390-576f-4855-a796-467600b42ac4-SegmentedRaftLogWorker:Storage Directory /workdir/hadoop-ozone/ozonefs/target/test-dir/MiniOzoneClusterImpl-32add812-2629-4863-a43e-a343e05546f3/datanode-1/data/ratis/98ddf62f-99cf-4fba-a30f-90203d911a82: flushIndex: setUnconditionally 0 -> -1
2019-09-19 10:29:41,322 [pool-303-thread-1] INFO  server.RaftServerConfigKeys (ConfUtils.java:logGet(43)) - raft.server.snapshot.auto.trigger.enabled = true (custom)
2019-09-19 10:29:41,322 [pool-303-thread-1] INFO  server.RaftServerConfigKeys (ConfUtils.java:logGet(43)) - raft.server.snapshot.auto.trigger.threshold = 10000 (custom)
2019-09-19 10:29:41,323 [pool-303-thread-1] INFO  server.RaftServerConfigKeys (ConfUtils.java:logGet(43)) - raft.server.retrycache.expirytime = 600000ms (custom)
2019-09-19 10:29:41,323 [pool-303-thread-1] INFO  impl.RaftServerImpl (RaftServerImpl.java:start(180)) - 4c16d390-576f-4855-a796-467600b42ac4: start group-90203D911A82
2019-09-19 10:29:41,323 [pool-303-thread-1] INFO  impl.RaftServerImpl (RaftServerImpl.java:setRole(171)) - 4c16d390-576f-4855-a796-467600b42ac4:group-90203D911A82 changes role from null to FOLLOWER at term 0 for startAsFollower
2019-09-19 10:29:41,323 [pool-303-thread-1] INFO  impl.RoleInfo (RoleInfo.java:updateAndGet(143)) - 4c16d390-576f-4855-a796-467600b42ac4: start FollowerState
2019-09-19 10:29:41,323 [pool-303-thread-1] INFO  util.JmxRegister (JmxRegister.java:tryRegister(44)) - Successfully registered JMX Bean with object name Ratis:service=RaftServer,group=group-90203D911A82,id=4c16d390-576f-4855-a796-467600b42ac4
2019-09-19 10:29:41,326 [RatisPipelineUtilsThread] INFO  pipeline.PipelineStateManager (PipelineStateManager.java:addPipeline(56)) - Created pipeline Pipeline[ Id: 98ddf62f-99cf-4fba-a30f-90203d911a82, Nodes: 4c16d390-576f-4855-a796-467600b42ac4{ip: 192.168.157.204, host: pr-hdds-1569-cpgw4-1311585219, networkLocation: /default-rack, certSerialId: null}, Type:RATIS, Factor:ONE, State:OPEN]
2019-09-19 10:29:41,326 [RatisPipelineUtilsThread] ERROR pipeline.PipelinePlacementPolicy (PipelinePlacementPolicy.java:meetCriteria(91)) - Pipeline Placement: Doesn't meet the criteria to be viable node. Heaviness: 6
2019-09-19 10:29:41,326 [RatisPipelineUtilsThread] ERROR pipeline.PipelinePlacementPolicy (PipelinePlacementPolicy.java:meetCriteria(91)) - Pipeline Placement: Doesn't meet the criteria to be viable node. Heaviness: 6
2019-09-19 10:29:41,326 [RatisPipelineUtilsThread] ERROR pipeline.PipelinePlacementPolicy (PipelinePlacementPolicy.java:meetCriteria(91)) - Pipeline Placement: Doesn't meet the criteria to be viable node. Heaviness: 6
2019-09-19 10:29:41,326 [RatisPipelineUtilsThread] ERROR pipeline.PipelinePlacementPolicy (PipelinePlacementPolicy.java:filterViableNodes(146)) - Unable to find enough nodes that meet the criteria that cannot engage in more than 5 pipelines. Nodes required: 1 Found: 0, healthy nodes count inNodeManager: 3.
2019-09-19 10:29:41,327 [RatisPipelineUtilsThread] ERROR pipeline.SCMPipelineManager (SCMPipelineManager.java:createPipeline(161)) - Pipeline creation failed due to exception: Unable to find enough nodes that meet the criteria that cannot engage in more than 5 pipelines. Nodes required: 1 Found: 0, healthy nodes count inNodeManager: 3.
2019-09-19 10:29:41,327 [RatisPipelineUtilsThread] ERROR pipeline.PipelinePlacementPolicy (PipelinePlacementPolicy.java:meetCriteria(91)) - Pipeline Placement: Doesn't meet the criteria to be viable node. Heaviness: 6
2019-09-19 10:29:41,327 [RatisPipelineUtilsThread] ERROR pipeline.PipelinePlacementPolicy (PipelinePlacementPolicy.java:meetCriteria(91)) - Pipeline Placement: Doesn't meet the criteria to be viable node. Heaviness: 6
2019-09-19 10:29:41,327 [RatisPipelineUtilsThread] ERROR pipeline.PipelinePlacementPolicy (PipelinePlacementPolicy.java:meetCriteria(91)) - Pipeline Placement: Doesn't meet the criteria to be viable node. Heaviness: 6
2019-09-19 10:29:41,327 [RatisPipelineUtilsThread] ERROR pipeline.PipelinePlacementPolicy (PipelinePlacementPolicy.java:filterViableNodes(146)) - Unable to find enough nodes that meet the criteria that cannot engage in more than 5 pipelines. Nodes required: 3 Found: 0, healthy nodes count inNodeManager: 3.
2019-09-19 10:29:41,327 [RatisPipelineUtilsThread] ERROR pipeline.SCMPipelineManager (SCMPipelineManager.java:createPipeline(161)) - Pipeline creation failed due to exception: Unable to find enough nodes that meet the criteria that cannot engage in more than 5 pipelines. Nodes required: 3 Found: 0, healthy nodes count inNodeManager: 3.
2019-09-19 10:29:41,327 [RatisPipelineUtilsThread] ERROR pipeline.PipelinePlacementPolicy (PipelinePlacementPolicy.java:meetCriteria(91)) - Pipeline Placement: Doesn't meet the criteria to be viable node. Heaviness: 6
2019-09-19 10:29:41,328 [RatisPipelineUtilsThread] ERROR pipeline.PipelinePlacementPolicy (PipelinePlacementPolicy.java:meetCriteria(91)) - Pipeline Placement: Doesn't meet the criteria to be viable node. Heaviness: 6
2019-09-19 10:29:41,328 [RatisPipelineUtilsThread] ERROR pipeline.PipelinePlacementPolicy (PipelinePlacementPolicy.java:meetCriteria(91)) - Pipeline Placement: Doesn't meet the criteria to be viable node. Heaviness: 6
2019-09-19 10:29:41,328 [RatisPipelineUtilsThread] ERROR pipeline.PipelinePlacementPolicy (PipelinePlacementPolicy.java:filterViableNodes(146)) - Unable to find enough nodes that meet the criteria that cannot engage in more than 5 pipelines. Nodes required: 1 Found: 0, healthy nodes count inNodeManager: 3.
2019-09-19 10:29:41,328 [RatisPipelineUtilsThread] ERROR pipeline.SCMPipelineManager (SCMPipelineManager.java:createPipeline(161)) - Pipeline creation failed due to exception: Unable to find enough nodes that meet the criteria that cannot engage in more than 5 pipelines. Nodes required: 1 Found: 0, healthy nodes count inNodeManager: 3.
2019-09-19 10:29:41,328 [RatisPipelineUtilsThread] ERROR pipeline.PipelinePlacementPolicy (PipelinePlacementPolicy.java:meetCriteria(91)) - Pipeline Placement: Doesn't meet the criteria to be viable node. Heaviness: 6
2019-09-19 10:29:41,328 [RatisPipelineUtilsThread] ERROR pipeline.PipelinePlacementPolicy (PipelinePlacementPolicy.java:meetCriteria(91)) - Pipeline Placement: Doesn't meet the criteria to be viable node. Heaviness: 6
2019-09-19 10:29:41,329 [RatisPipelineUtilsThread] ERROR pipeline.PipelinePlacementPolicy (PipelinePlacementPolicy.java:meetCriteria(91)) - Pipeline Placement: Doesn't meet the criteria to be viable node. Heaviness: 6
2019-09-19 10:29:41,329 [RatisPipelineUtilsThread] ERROR pipeline.PipelinePlacementPolicy (PipelinePlacementPolicy.java:filterViableNodes(146)) - Unable to find enough nodes that meet the criteria that cannot engage in more than 5 pipelines. Nodes required: 3 Found: 0, healthy nodes count inNodeManager: 3.
2019-09-19 10:29:41,329 [RatisPipelineUtilsThread] ERROR pipeline.SCMPipelineManager (SCMPipelineManager.java:createPipeline(161)) - Pipeline creation failed due to exception: Unable to find enough nodes that meet the criteria that cannot engage in more than 5 pipelines. Nodes required: 3 Found: 0, healthy nodes count inNodeManager: 3.
2019-09-19 10:29:41,391 [Thread-1340] INFO  ozone.MiniOzoneClusterImpl (MiniOzoneClusterImpl.java:lambda$waitForClusterToBeReady$0(142)) - Cluster is ready. Got 3 of 3 DN Heartbeats.
2019-09-19 10:29:41,531 | INFO  | OMAudit | user=jenkins1000 | ip=127.0.0.1 | op=CREATE_VOLUME {admin=admin11286, owner=user80454, volume=volume27714, creationTime=1568888981530, quotaInBytes=1152921504606846976} | ret=SUCCESS |  
2019-09-19 10:29:41,536 | INFO  | OMAudit | user=jenkins1000 | ip=127.0.0.1 | op=CREATE_BUCKET {volume=volume27714, bucket=bucket00633, acls=[], isVersionEnabled=false, storageType=DISK, creationTime=0} | ret=SUCCESS |  
2019-09-19 10:29:41,553 | INFO  | OMAudit | user=jenkins1000 | ip=127.0.0.1 | op=READ_VOLUME {volume=volume27714} | ret=SUCCESS |  
2019-09-19 10:29:41,554 | INFO  | OMAudit | user=jenkins1000 | ip=127.0.0.1 | op=READ_BUCKET {volume=volume27714, bucket=bucket00633} | ret=SUCCESS |  
2019-09-19 10:29:41,575 [IPC Server handler 3 on 44736] ERROR pipeline.PipelinePlacementPolicy (PipelinePlacementPolicy.java:meetCriteria(91)) - Pipeline Placement: Doesn't meet the criteria to be viable node. Heaviness: 6
2019-09-19 10:29:41,575 [IPC Server handler 3 on 44736] ERROR pipeline.PipelinePlacementPolicy (PipelinePlacementPolicy.java:meetCriteria(91)) - Pipeline Placement: Doesn't meet the criteria to be viable node. Heaviness: 6
2019-09-19 10:29:41,575 [IPC Server handler 3 on 44736] ERROR pipeline.PipelinePlacementPolicy (PipelinePlacementPolicy.java:meetCriteria(91)) - Pipeline Placement: Doesn't meet the criteria to be viable node. Heaviness: 6
2019-09-19 10:29:41,575 [IPC Server handler 3 on 44736] ERROR pipeline.PipelinePlacementPolicy (PipelinePlacementPolicy.java:filterViableNodes(146)) - Unable to find enough nodes that meet the criteria that cannot engage in more than 5 pipelines. Nodes required: 3 Found: 0, healthy nodes count inNodeManager: 3.
2019-09-19 10:29:41,576 [IPC Server handler 3 on 44736] ERROR pipeline.SCMPipelineManager (SCMPipelineManager.java:createPipeline(161)) - Pipeline creation failed due to exception: Unable to find enough nodes that meet the criteria that cannot engage in more than 5 pipelines. Nodes required: 3 Found: 0, healthy nodes count inNodeManager: 3.
2019-09-19 10:29:41,576 [IPC Server handler 3 on 44736] WARN  block.BlockManagerImpl (BlockManagerImpl.java:allocateBlock(192)) - Pipeline creation failed for type:RATIS factor:THREE. Retrying get pipelines call once.
org.apache.hadoop.hdds.scm.exceptions.SCMException: Unable to find enough nodes that meet the criteria that cannot engage in more than 5 pipelines. Nodes required: 3 Found: 0, healthy nodes count inNodeManager: 3.
	at org.apache.hadoop.hdds.scm.pipeline.PipelinePlacementPolicy.filterViableNodes(PipelinePlacementPolicy.java:147)
	at org.apache.hadoop.hdds.scm.pipeline.PipelinePlacementPolicy.chooseDatanodes(PipelinePlacementPolicy.java:170)
	at org.apache.hadoop.hdds.scm.pipeline.RatisPipelineProvider.create(RatisPipelineProvider.java:92)
	at org.apache.hadoop.hdds.scm.pipeline.PipelineFactory.create(PipelineFactory.java:57)
	at org.apache.hadoop.hdds.scm.pipeline.SCMPipelineManager.createPipeline(SCMPipelineManager.java:149)
	at org.apache.hadoop.hdds.scm.block.BlockManagerImpl.allocateBlock(BlockManagerImpl.java:190)
	at org.apache.hadoop.hdds.scm.server.SCMBlockProtocolServer.allocateBlock(SCMBlockProtocolServer.java:175)
	at org.apache.hadoop.ozone.protocolPB.ScmBlockLocationProtocolServerSideTranslatorPB.allocateScmBlock(ScmBlockLocationProtocolServerSideTranslatorPB.java:153)
	at org.apache.hadoop.ozone.protocolPB.ScmBlockLocationProtocolServerSideTranslatorPB.send(ScmBlockLocationProtocolServerSideTranslatorPB.java:112)
	at org.apache.hadoop.hdds.protocol.proto.ScmBlockLocationProtocolProtos$ScmBlockLocationProtocolService$2.callBlockingMethod(ScmBlockLocationProtocolProtos.java:13157)
	at org.apache.hadoop.ipc.ProtobufRpcEngine$Server$ProtoBufRpcInvoker.call(ProtobufRpcEngine.java:524)
	at org.apache.hadoop.ipc.RPC$Server.call(RPC.java:1025)
	at org.apache.hadoop.ipc.Server$RpcCall.run(Server.java:876)
	at org.apache.hadoop.ipc.Server$RpcCall.run(Server.java:822)
	at java.security.AccessController.doPrivileged(Native Method)
	at javax.security.auth.Subject.doAs(Subject.java:422)
	at org.apache.hadoop.security.UserGroupInformation.doAs(UserGroupInformation.java:1730)
	at org.apache.hadoop.ipc.Server$Handler.run(Server.java:2682)
2019-09-19 10:29:41,576 [IPC Server handler 3 on 44736] INFO  block.BlockManagerImpl (BlockManagerImpl.java:allocateBlock(198)) - Could not find available pipeline of type:RATIS and factor:THREE even after retrying
2019-09-19 10:29:41,576 [IPC Server handler 3 on 44736] ERROR block.BlockManagerImpl (BlockManagerImpl.java:allocateBlock(222)) - Unable to allocate a block for the size: 4194304, type: RATIS, factor: THREE
2019-09-19 10:29:41,577 | INFO  | SCMAudit | user=jenkins1000 | ip=192.168.157.204 | op=ALLOCATE_BLOCK {owner=ebc62f77-8d1f-49ad-a12d-d258e9128bfd, size=4194304, type=RATIS, factor=THREE} | ret=SUCCESS |  
2019-09-19 10:29:41,579 | ERROR | OMAudit | user=jenkins1000 | ip=127.0.0.1 | op=CREATE_FILE {volume=volume27714, bucket=bucket00633, key=testDeleteCreatesFakeParentDir/parent/child, dataSize=0, replicationType=RATIS, replicationFactor=THREE, keyLocationInfo=null} | ret=FAILURE | org.apache.hadoop.hdds.scm.exceptions.SCMException: Allocated 0 blocks. Requested 1 blocks
	at org.apache.hadoop.hdds.scm.protocolPB.ScmBlockLocationProtocolClientSideTranslatorPB.handleError(ScmBlockLocationProtocolClientSideTranslatorPB.java:118)
	at org.apache.hadoop.hdds.scm.protocolPB.ScmBlockLocationProtocolClientSideTranslatorPB.allocateBlock(ScmBlockLocationProtocolClientSideTranslatorPB.java:156) 
2019-09-19 10:29:41,581 [Thread-1340] INFO  ozone.MiniOzoneClusterImpl (MiniOzoneClusterImpl.java:shutdown(321)) - Shutting down the Mini Ozone Cluster
2019-09-19 10:29:41,581 | INFO  | SCMAudit | user=null | ip=null | op=GET_SCM_INFO null | ret=SUCCESS |  
2019-09-19 10:29:41,581 [Thread-1340] INFO  ozone.MiniOzoneClusterImpl (MiniOzoneClusterImpl.java:stop(336)) - Stopping the Mini Ozone Cluster
2019-09-19 10:29:41,581 [Thread-1340] INFO  ozone.MiniOzoneClusterImpl (MiniOzoneClusterImpl.java:stop(338)) - Stopping the OzoneManager
2019-09-19 10:29:41,581 [Thread-1340] INFO  ipc.Server (Server.java:stop(3082)) - Stopping server on 37335
2019-09-19 10:29:41,585 [IPC Server listener on 37335] INFO  ipc.Server (Server.java:run(1185)) - Stopping IPC Server listener on 37335
2019-09-19 10:29:41,585 [Thread-1340] INFO  ratis.OzoneManagerDoubleBuffer (OzoneManagerDoubleBuffer.java:stop(248)) - Stopping OMDoubleBuffer flush thread
2019-09-19 10:29:41,585 [IPC Server Responder] INFO  ipc.Server (Server.java:run(1319)) - Stopping IPC Server Responder
2019-09-19 10:29:41,587 [OMDoubleBufferFlushThread] INFO  ratis.OzoneManagerDoubleBuffer (OzoneManagerDoubleBuffer.java:flushTransactions(191)) - OMDoubleBuffer flush thread OMDoubleBufferFlushThread is interrupted and will exit. OMDoubleBufferFlushThread
2019-09-19 10:29:41,587 [Thread-1340] INFO  utils.BackgroundService (BackgroundService.java:shutdown(148)) - Shutting down service KeyDeletingService
2019-09-19 10:29:41,589 [Thread-1340] INFO  handler.ContextHandler (ContextHandler.java:doStop(910)) - Stopped o.e.j.w.WebAppContext@46064681{/,null,UNAVAILABLE}{/ozoneManager}
2019-09-19 10:29:41,589 [Thread-1340] INFO  server.AbstractConnector (AbstractConnector.java:doStop(318)) - Stopped ServerConnector@573148b5{HTTP/1.1,[http/1.1]}{0.0.0.0:0}
2019-09-19 10:29:41,590 [Thread-1340] INFO  handler.ContextHandler (ContextHandler.java:doStop(910)) - Stopped o.e.j.s.ServletContextHandler@49b370da{/static,jar:file:/home/user/.m2/repository/org/apache/hadoop/hadoop-ozone-ozone-manager/0.5.0-SNAPSHOT/hadoop-ozone-ozone-manager-0.5.0-SNAPSHOT.jar!/webapps/static,UNAVAILABLE}
2019-09-19 10:29:41,590 [Thread-1340] INFO  handler.ContextHandler (ContextHandler.java:doStop(910)) - Stopped o.e.j.s.ServletContextHandler@6870feb5{/logs,file:///workdir/hadoop-ozone/ozonefs/target/log,UNAVAILABLE}
2019-09-19 10:29:41,597 [Thread-1340] INFO  ozone.MiniOzoneClusterImpl (MiniOzoneClusterImpl.java:stop(344)) - Shutting the HddsDatanodes
2019-09-19 10:29:41,597 [Thread-1340] INFO  datanode.ObjectStoreHandler (ObjectStoreHandler.java:close(155)) - Closing ObjectStoreHandler.
2019-09-19 10:29:41,598 [ForkJoinPool.commonPool-worker-1] INFO  datanode.ObjectStoreHandler (ObjectStoreHandler.java:close(155)) - Closing ObjectStoreHandler.
2019-09-19 10:29:41,598 [Thread-1340] INFO  ozone.HddsDatanodeService (HddsDatanodeService.java:stop(451)) - Stopped plug-in org.apache.hadoop.ozone.web.OzoneHddsDatanodeService@289c434c
2019-09-19 10:29:41,598 [ForkJoinPool.commonPool-worker-1] INFO  ozone.HddsDatanodeService (HddsDatanodeService.java:stop(451)) - Stopped plug-in org.apache.hadoop.ozone.web.OzoneHddsDatanodeService@3f8e3aaa
2019-09-19 10:29:41,926 [Datanode State Machine Thread - 0] INFO  statemachine.DatanodeStateMachine (DatanodeStateMachine.java:lambda$startDaemon$0(350)) - Ozone container server started.
2019-09-19 10:29:42,117 [Datanode State Machine Thread - 0] INFO  statemachine.DatanodeStateMachine (DatanodeStateMachine.java:lambda$startDaemon$0(350)) - Ozone container server started.
2019-09-19 10:29:42,392 | INFO  | SCMAudit | user=jenkins1000 | ip=192.168.157.204 | op=SEND_HEARTBEAT {datanodeUUID=b949f978-e97b-4741-8244-536fe4f5bb8a, command=[]} | ret=SUCCESS |  
2019-09-19 10:29:42,936 [Thread-1512] INFO  container.ReplicationManager (ReplicationManager.java:start(151)) - Starting Replication Monitor Thread.
2019-09-19 10:29:42,940 [ReplicationMonitor] INFO  container.ReplicationManager (ReplicationManager.java:run(214)) - Replication Monitor Thread took 0 milliseconds for processing 0 containers.
2019-09-19 10:29:43,392 | INFO  | SCMAudit | user=jenkins1000 | ip=192.168.157.204 | op=SEND_HEARTBEAT {datanodeUUID=b949f978-e97b-4741-8244-536fe4f5bb8a, command=[]} | ret=SUCCESS |  
2019-09-19 10:29:44,392 | INFO  | SCMAudit | user=jenkins1000 | ip=192.168.157.204 | op=SEND_HEARTBEAT {datanodeUUID=b949f978-e97b-4741-8244-536fe4f5bb8a, command=[]} | ret=SUCCESS |  
2019-09-19 10:29:45,046 [Thread-1517] INFO  impl.FollowerState (FollowerState.java:run(106)) - 92d05276-1016-4158-a152-8ea5a77b5f75:group-388658781D4A changes to CANDIDATE, lastRpcTime:5027, electionTimeout:5027ms
2019-09-19 10:29:45,047 [Thread-1517] INFO  impl.RoleInfo (RoleInfo.java:shutdownFollowerState(121)) - 92d05276-1016-4158-a152-8ea5a77b5f75: shutdown FollowerState
2019-09-19 10:29:45,047 [Thread-1517] INFO  impl.RaftServerImpl (RaftServerImpl.java:setRole(171)) - 92d05276-1016-4158-a152-8ea5a77b5f75:group-388658781D4A changes role from FOLLOWER to CANDIDATE at term 0 for changeToCandidate
2019-09-19 10:29:45,047 [Thread-1517] INFO  impl.RoleInfo (RoleInfo.java:updateAndGet(143)) - 92d05276-1016-4158-a152-8ea5a77b5f75: start LeaderElection
2019-09-19 10:29:45,134 [Thread-1514] INFO  impl.FollowerState (FollowerState.java:run(106)) - 92d05276-1016-4158-a152-8ea5a77b5f75:group-B663AA522A15 changes to CANDIDATE, lastRpcTime:5155, electionTimeout:5155ms
2019-09-19 10:29:45,134 [Thread-1514] INFO  impl.RoleInfo (RoleInfo.java:shutdownFollowerState(121)) - 92d05276-1016-4158-a152-8ea5a77b5f75: shutdown FollowerState
2019-09-19 10:29:45,134 [Thread-1514] INFO  impl.RaftServerImpl (RaftServerImpl.java:setRole(171)) - 92d05276-1016-4158-a152-8ea5a77b5f75:group-B663AA522A15 changes role from FOLLOWER to CANDIDATE at term 0 for changeToCandidate
2019-09-19 10:29:45,134 [Thread-1514] INFO  impl.RoleInfo (RoleInfo.java:updateAndGet(143)) - 92d05276-1016-4158-a152-8ea5a77b5f75: start LeaderElection
2019-09-19 10:29:45,160 [Thread-1523] INFO  impl.FollowerState (FollowerState.java:run(106)) - 92d05276-1016-4158-a152-8ea5a77b5f75:group-C27D58512027 changes to CANDIDATE, lastRpcTime:5064, electionTimeout:5064ms
2019-09-19 10:29:45,161 [Thread-1523] INFO  impl.RoleInfo (RoleInfo.java:shutdownFollowerState(121)) - 92d05276-1016-4158-a152-8ea5a77b5f75: shutdown FollowerState
2019-09-19 10:29:45,161 [Thread-1523] INFO  impl.RaftServerImpl (RaftServerImpl.java:setRole(171)) - 92d05276-1016-4158-a152-8ea5a77b5f75:group-C27D58512027 changes role from FOLLOWER to CANDIDATE at term 0 for changeToCandidate
2019-09-19 10:29:45,161 [Thread-1523] INFO  impl.RoleInfo (RoleInfo.java:updateAndGet(143)) - 92d05276-1016-4158-a152-8ea5a77b5f75: start LeaderElection
2019-09-19 10:29:45,179 [Thread-1520] INFO  impl.FollowerState (FollowerState.java:run(106)) - 92d05276-1016-4158-a152-8ea5a77b5f75:group-53E89520E79B changes to CANDIDATE, lastRpcTime:5120, electionTimeout:5120ms
2019-09-19 10:29:45,179 [Thread-1520] INFO  impl.RoleInfo (RoleInfo.java:shutdownFollowerState(121)) - 92d05276-1016-4158-a152-8ea5a77b5f75: shutdown FollowerState
2019-09-19 10:29:45,179 [Thread-1520] INFO  impl.RaftServerImpl (RaftServerImpl.java:setRole(171)) - 92d05276-1016-4158-a152-8ea5a77b5f75:group-53E89520E79B changes role from FOLLOWER to CANDIDATE at term 0 for changeToCandidate
2019-09-19 10:29:45,180 [Thread-1520] INFO  impl.RoleInfo (RoleInfo.java:updateAndGet(143)) - 92d05276-1016-4158-a152-8ea5a77b5f75: start LeaderElection
2019-09-19 10:29:45,264 [92d05276-1016-4158-a152-8ea5a77b5f75:group-53E89520E79B:LeaderElection94] INFO  impl.LeaderElection (LeaderElection.java:askForVotes(181)) - 92d05276-1016-4158-a152-8ea5a77b5f75:group-53E89520E79B:LeaderElection94: begin an election at term 1 for -1: [92d05276-1016-4158-a152-8ea5a77b5f75:192.168.157.204:40285], old=null
2019-09-19 10:29:45,264 [92d05276-1016-4158-a152-8ea5a77b5f75:group-C27D58512027:LeaderElection93] INFO  impl.LeaderElection (LeaderElection.java:askForVotes(181)) - 92d05276-1016-4158-a152-8ea5a77b5f75:group-C27D58512027:LeaderElection93: begin an election at term 1 for -1: [92d05276-1016-4158-a152-8ea5a77b5f75:192.168.157.204:40285], old=null
2019-09-19 10:29:45,264 [92d05276-1016-4158-a152-8ea5a77b5f75:group-388658781D4A:LeaderElection91] INFO  impl.LeaderElection (LeaderElection.java:askForVotes(181)) - 92d05276-1016-4158-a152-8ea5a77b5f75:group-388658781D4A:LeaderElection91: begin an election at term 1 for -1: [92d05276-1016-4158-a152-8ea5a77b5f75:192.168.157.204:40285], old=null
2019-09-19 10:29:45,264 [92d05276-1016-4158-a152-8ea5a77b5f75:group-B663AA522A15:LeaderElection92] INFO  impl.LeaderElection (LeaderElection.java:askForVotes(181)) - 92d05276-1016-4158-a152-8ea5a77b5f75:group-B663AA522A15:LeaderElection92: begin an election at term 1 for -1: [92d05276-1016-4158-a152-8ea5a77b5f75:192.168.157.204:40285], old=null
2019-09-19 10:29:45,265 [92d05276-1016-4158-a152-8ea5a77b5f75:group-388658781D4A:LeaderElection91] INFO  impl.RoleInfo (RoleInfo.java:shutdownLeaderElection(134)) - 92d05276-1016-4158-a152-8ea5a77b5f75: shutdown LeaderElection
2019-09-19 10:29:45,264 [92d05276-1016-4158-a152-8ea5a77b5f75:group-C27D58512027:LeaderElection93] INFO  impl.RoleInfo (RoleInfo.java:shutdownLeaderElection(134)) - 92d05276-1016-4158-a152-8ea5a77b5f75: shutdown LeaderElection
2019-09-19 10:29:45,264 [92d05276-1016-4158-a152-8ea5a77b5f75:group-53E89520E79B:LeaderElection94] INFO  impl.RoleInfo (RoleInfo.java:shutdownLeaderElection(134)) - 92d05276-1016-4158-a152-8ea5a77b5f75: shutdown LeaderElection
2019-09-19 10:29:45,265 [92d05276-1016-4158-a152-8ea5a77b5f75:group-C27D58512027:LeaderElection93] INFO  impl.RaftServerImpl (RaftServerImpl.java:setRole(171)) - 92d05276-1016-4158-a152-8ea5a77b5f75:group-C27D58512027 changes role from CANDIDATE to LEADER at term 1 for changeToLeader
2019-09-19 10:29:45,265 [92d05276-1016-4158-a152-8ea5a77b5f75:group-388658781D4A:LeaderElection91] INFO  impl.RaftServerImpl (RaftServerImpl.java:setRole(171)) - 92d05276-1016-4158-a152-8ea5a77b5f75:group-388658781D4A changes role from CANDIDATE to LEADER at term 1 for changeToLeader
2019-09-19 10:29:45,265 [92d05276-1016-4158-a152-8ea5a77b5f75:group-388658781D4A:LeaderElection91] INFO  impl.RaftServerImpl (ServerState.java:setLeader(263)) - 92d05276-1016-4158-a152-8ea5a77b5f75:group-388658781D4A change Leader from null to 92d05276-1016-4158-a152-8ea5a77b5f75 at term 1 for becomeLeader, leader elected after 5249ms
2019-09-19 10:29:45,265 [92d05276-1016-4158-a152-8ea5a77b5f75:group-B663AA522A15:LeaderElection92] INFO  impl.RoleInfo (RoleInfo.java:shutdownLeaderElection(134)) - 92d05276-1016-4158-a152-8ea5a77b5f75: shutdown LeaderElection
2019-09-19 10:29:45,266 [92d05276-1016-4158-a152-8ea5a77b5f75:group-388658781D4A:LeaderElection91] INFO  server.RaftServerConfigKeys (ConfUtils.java:logGet(43)) - raft.server.staging.catchup.gap = 1000 (default)
2019-09-19 10:29:45,265 [92d05276-1016-4158-a152-8ea5a77b5f75:group-C27D58512027:LeaderElection93] INFO  impl.RaftServerImpl (ServerState.java:setLeader(263)) - 92d05276-1016-4158-a152-8ea5a77b5f75:group-C27D58512027 change Leader from null to 92d05276-1016-4158-a152-8ea5a77b5f75 at term 1 for becomeLeader, leader elected after 5171ms
2019-09-19 10:29:45,265 [92d05276-1016-4158-a152-8ea5a77b5f75:group-53E89520E79B:LeaderElection94] INFO  impl.RaftServerImpl (RaftServerImpl.java:setRole(171)) - 92d05276-1016-4158-a152-8ea5a77b5f75:group-53E89520E79B changes role from CANDIDATE to LEADER at term 1 for changeToLeader
2019-09-19 10:29:45,266 [92d05276-1016-4158-a152-8ea5a77b5f75:group-C27D58512027:LeaderElection93] INFO  server.RaftServerConfigKeys (ConfUtils.java:logGet(43)) - raft.server.staging.catchup.gap = 1000 (default)
2019-09-19 10:29:45,266 [92d05276-1016-4158-a152-8ea5a77b5f75:group-388658781D4A:LeaderElection91] INFO  server.RaftServerConfigKeys (ConfUtils.java:logGet(43)) - raft.server.rpc.sleep.time = 25ms (default)
2019-09-19 10:29:45,266 [92d05276-1016-4158-a152-8ea5a77b5f75:group-B663AA522A15:LeaderElection92] INFO  impl.RaftServerImpl (RaftServerImpl.java:setRole(171)) - 92d05276-1016-4158-a152-8ea5a77b5f75:group-B663AA522A15 changes role from CANDIDATE to LEADER at term 1 for changeToLeader
2019-09-19 10:29:45,267 [92d05276-1016-4158-a152-8ea5a77b5f75:group-388658781D4A:LeaderElection91] INFO  server.RaftServerConfigKeys (ConfUtils.java:logGet(43)) - raft.server.write.element-limit = 4096 (default)
2019-09-19 10:29:45,266 [92d05276-1016-4158-a152-8ea5a77b5f75:group-C27D58512027:LeaderElection93] INFO  server.RaftServerConfigKeys (ConfUtils.java:logGet(43)) - raft.server.rpc.sleep.time = 25ms (default)
2019-09-19 10:29:45,266 [92d05276-1016-4158-a152-8ea5a77b5f75:group-53E89520E79B:LeaderElection94] INFO  impl.RaftServerImpl (ServerState.java:setLeader(263)) - 92d05276-1016-4158-a152-8ea5a77b5f75:group-53E89520E79B change Leader from null to 92d05276-1016-4158-a152-8ea5a77b5f75 at term 1 for becomeLeader, leader elected after 5210ms
2019-09-19 10:29:45,267 [92d05276-1016-4158-a152-8ea5a77b5f75:group-C27D58512027:LeaderElection93] INFO  server.RaftServerConfigKeys (ConfUtils.java:logGet(43)) - raft.server.write.element-limit = 4096 (default)
2019-09-19 10:29:45,267 [92d05276-1016-4158-a152-8ea5a77b5f75:group-388658781D4A:LeaderElection91] INFO  server.RaftServerConfigKeys (ConfUtils.java:logGet(43)) - raft.server.watch.timeout = 10s (default)
2019-09-19 10:29:45,268 [92d05276-1016-4158-a152-8ea5a77b5f75:group-388658781D4A:LeaderElection91] INFO  server.RaftServerConfigKeys (ConfUtils.java:logGet(43)) - raft.server.watch.timeout.denomination = 1s (default)
2019-09-19 10:29:45,267 [92d05276-1016-4158-a152-8ea5a77b5f75:group-B663AA522A15:LeaderElection92] INFO  impl.RaftServerImpl (ServerState.java:setLeader(263)) - 92d05276-1016-4158-a152-8ea5a77b5f75:group-B663AA522A15 change Leader from null to 92d05276-1016-4158-a152-8ea5a77b5f75 at term 1 for becomeLeader, leader elected after 5292ms
2019-09-19 10:29:45,268 [92d05276-1016-4158-a152-8ea5a77b5f75:group-388658781D4A:LeaderElection91] INFO  server.RaftServerConfigKeys (ConfUtils.java:logGet(43)) - raft.server.watch.element-limit = 65536 (default)
2019-09-19 10:29:45,267 [92d05276-1016-4158-a152-8ea5a77b5f75:group-C27D58512027:LeaderElection93] INFO  server.RaftServerConfigKeys (ConfUtils.java:logGet(43)) - raft.server.watch.timeout = 10s (default)
2019-09-19 10:29:45,268 [92d05276-1016-4158-a152-8ea5a77b5f75:group-C27D58512027:LeaderElection93] INFO  server.RaftServerConfigKeys (ConfUtils.java:logGet(43)) - raft.server.watch.timeout.denomination = 1s (default)
2019-09-19 10:29:45,267 [92d05276-1016-4158-a152-8ea5a77b5f75:group-53E89520E79B:LeaderElection94] INFO  server.RaftServerConfigKeys (ConfUtils.java:logGet(43)) - raft.server.staging.catchup.gap = 1000 (default)
2019-09-19 10:29:45,268 [92d05276-1016-4158-a152-8ea5a77b5f75:group-C27D58512027:LeaderElection93] INFO  server.RaftServerConfigKeys (ConfUtils.java:logGet(43)) - raft.server.watch.element-limit = 65536 (default)
2019-09-19 10:29:45,268 [92d05276-1016-4158-a152-8ea5a77b5f75:group-388658781D4A:LeaderElection91] INFO  impl.RoleInfo (RoleInfo.java:updateAndGet(143)) - 92d05276-1016-4158-a152-8ea5a77b5f75: start LeaderState
2019-09-19 10:29:45,268 [92d05276-1016-4158-a152-8ea5a77b5f75:group-B663AA522A15:LeaderElection92] INFO  server.RaftServerConfigKeys (ConfUtils.java:logGet(43)) - raft.server.staging.catchup.gap = 1000 (default)
2019-09-19 10:29:45,269 [92d05276-1016-4158-a152-8ea5a77b5f75:group-C27D58512027:LeaderElection93] INFO  impl.RoleInfo (RoleInfo.java:updateAndGet(143)) - 92d05276-1016-4158-a152-8ea5a77b5f75: start LeaderState
2019-09-19 10:29:45,269 [92d05276-1016-4158-a152-8ea5a77b5f75:group-53E89520E79B:LeaderElection94] INFO  server.RaftServerConfigKeys (ConfUtils.java:logGet(43)) - raft.server.rpc.sleep.time = 25ms (default)
2019-09-19 10:29:45,269 [92d05276-1016-4158-a152-8ea5a77b5f75:group-C27D58512027:LeaderElection93] INFO  segmented.SegmentedRaftLogWorker (SegmentedRaftLogWorker.java:startLogSegment(380)) - 92d05276-1016-4158-a152-8ea5a77b5f75-SegmentedRaftLogWorker:Storage Directory /workdir/hadoop-ozone/ozonefs/target/test-dir/MiniOzoneClusterImpl-32add812-2629-4863-a43e-a343e05546f3/datanode-0/data/ratis/03d1c3a5-fb85-46ac-8893-c27d58512027: Starting segment from index:0
2019-09-19 10:29:45,269 [92d05276-1016-4158-a152-8ea5a77b5f75:group-388658781D4A:LeaderElection91] INFO  segmented.SegmentedRaftLogWorker (SegmentedRaftLogWorker.java:startLogSegment(380)) - 92d05276-1016-4158-a152-8ea5a77b5f75-SegmentedRaftLogWorker:Storage Directory /workdir/hadoop-ozone/ozonefs/target/test-dir/MiniOzoneClusterImpl-32add812-2629-4863-a43e-a343e05546f3/datanode-0/data/ratis/bf2dd088-e27c-40c2-a9ee-388658781d4a: Starting segment from index:0
2019-09-19 10:29:45,269 [92d05276-1016-4158-a152-8ea5a77b5f75:group-B663AA522A15:LeaderElection92] INFO  server.RaftServerConfigKeys (ConfUtils.java:logGet(43)) - raft.server.rpc.sleep.time = 25ms (default)
2019-09-19 10:29:45,269 [92d05276-1016-4158-a152-8ea5a77b5f75:group-53E89520E79B:LeaderElection94] INFO  server.RaftServerConfigKeys (ConfUtils.java:logGet(43)) - raft.server.write.element-limit = 4096 (default)
2019-09-19 10:29:45,270 [92d05276-1016-4158-a152-8ea5a77b5f75:group-B663AA522A15:LeaderElection92] INFO  server.RaftServerConfigKeys (ConfUtils.java:logGet(43)) - raft.server.write.element-limit = 4096 (default)
2019-09-19 10:29:45,270 [92d05276-1016-4158-a152-8ea5a77b5f75:group-388658781D4A:LeaderElection91] INFO  impl.RaftServerImpl (ServerState.java:setRaftConf(361)) - 92d05276-1016-4158-a152-8ea5a77b5f75:group-388658781D4A set configuration 0: [92d05276-1016-4158-a152-8ea5a77b5f75:192.168.157.204:40285], old=null at 0
2019-09-19 10:29:45,270 [92d05276-1016-4158-a152-8ea5a77b5f75:group-C27D58512027:LeaderElection93] INFO  impl.RaftServerImpl (ServerState.java:setRaftConf(361)) - 92d05276-1016-4158-a152-8ea5a77b5f75:group-C27D58512027 set configuration 0: [92d05276-1016-4158-a152-8ea5a77b5f75:192.168.157.204:40285], old=null at 0
2019-09-19 10:29:45,270 [92d05276-1016-4158-a152-8ea5a77b5f75:group-53E89520E79B:LeaderElection94] INFO  server.RaftServerConfigKeys (ConfUtils.java:logGet(43)) - raft.server.watch.timeout = 10s (default)
2019-09-19 10:29:45,270 [92d05276-1016-4158-a152-8ea5a77b5f75:group-B663AA522A15:LeaderElection92] INFO  server.RaftServerConfigKeys (ConfUtils.java:logGet(43)) - raft.server.watch.timeout = 10s (default)
2019-09-19 10:29:45,271 [92d05276-1016-4158-a152-8ea5a77b5f75:group-53E89520E79B:LeaderElection94] INFO  server.RaftServerConfigKeys (ConfUtils.java:logGet(43)) - raft.server.watch.timeout.denomination = 1s (default)
2019-09-19 10:29:45,271 [92d05276-1016-4158-a152-8ea5a77b5f75:group-B663AA522A15:LeaderElection92] INFO  server.RaftServerConfigKeys (ConfUtils.java:logGet(43)) - raft.server.watch.timeout.denomination = 1s (default)
2019-09-19 10:29:45,271 [92d05276-1016-4158-a152-8ea5a77b5f75:group-53E89520E79B:LeaderElection94] INFO  server.RaftServerConfigKeys (ConfUtils.java:logGet(43)) - raft.server.watch.element-limit = 65536 (default)
2019-09-19 10:29:45,271 [92d05276-1016-4158-a152-8ea5a77b5f75:group-B663AA522A15:LeaderElection92] INFO  server.RaftServerConfigKeys (ConfUtils.java:logGet(43)) - raft.server.watch.element-limit = 65536 (default)
2019-09-19 10:29:45,271 [92d05276-1016-4158-a152-8ea5a77b5f75:group-53E89520E79B:LeaderElection94] INFO  impl.RoleInfo (RoleInfo.java:updateAndGet(143)) - 92d05276-1016-4158-a152-8ea5a77b5f75: start LeaderState
2019-09-19 10:29:45,272 [92d05276-1016-4158-a152-8ea5a77b5f75:group-B663AA522A15:LeaderElection92] INFO  impl.RoleInfo (RoleInfo.java:updateAndGet(143)) - 92d05276-1016-4158-a152-8ea5a77b5f75: start LeaderState
2019-09-19 10:29:45,272 [92d05276-1016-4158-a152-8ea5a77b5f75:group-53E89520E79B:LeaderElection94] INFO  segmented.SegmentedRaftLogWorker (SegmentedRaftLogWorker.java:startLogSegment(380)) - 92d05276-1016-4158-a152-8ea5a77b5f75-SegmentedRaftLogWorker:Storage Directory /workdir/hadoop-ozone/ozonefs/target/test-dir/MiniOzoneClusterImpl-32add812-2629-4863-a43e-a343e05546f3/datanode-0/data/ratis/c57b60b3-e85c-403d-9ebc-53e89520e79b: Starting segment from index:0
2019-09-19 10:29:45,272 [92d05276-1016-4158-a152-8ea5a77b5f75:group-B663AA522A15:LeaderElection92] INFO  segmented.SegmentedRaftLogWorker (SegmentedRaftLogWorker.java:startLogSegment(380)) - 92d05276-1016-4158-a152-8ea5a77b5f75-SegmentedRaftLogWorker:Storage Directory /workdir/hadoop-ozone/ozonefs/target/test-dir/MiniOzoneClusterImpl-32add812-2629-4863-a43e-a343e05546f3/datanode-0/data/ratis/a9930991-8f2c-437d-86c3-b663aa522a15: Starting segment from index:0
2019-09-19 10:29:45,274 [92d05276-1016-4158-a152-8ea5a77b5f75:group-53E89520E79B:LeaderElection94] INFO  impl.RaftServerImpl (ServerState.java:setRaftConf(361)) - 92d05276-1016-4158-a152-8ea5a77b5f75:group-53E89520E79B set configuration 0: [92d05276-1016-4158-a152-8ea5a77b5f75:192.168.157.204:40285], old=null at 0
2019-09-19 10:29:45,274 [92d05276-1016-4158-a152-8ea5a77b5f75:group-B663AA522A15:LeaderElection92] INFO  impl.RaftServerImpl (ServerState.java:setRaftConf(361)) - 92d05276-1016-4158-a152-8ea5a77b5f75:group-B663AA522A15 set configuration 0: [92d05276-1016-4158-a152-8ea5a77b5f75:192.168.157.204:40285], old=null at 0
2019-09-19 10:29:45,308 [Thread-1526] INFO  impl.FollowerState (FollowerState.java:run(106)) - 92d05276-1016-4158-a152-8ea5a77b5f75:group-2325B9D771DD changes to CANDIDATE, lastRpcTime:5174, electionTimeout:5174ms
2019-09-19 10:29:45,309 [Thread-1526] INFO  impl.RoleInfo (RoleInfo.java:shutdownFollowerState(121)) - 92d05276-1016-4158-a152-8ea5a77b5f75: shutdown FollowerState
2019-09-19 10:29:45,309 [Thread-1526] INFO  impl.RaftServerImpl (RaftServerImpl.java:setRole(171)) - 92d05276-1016-4158-a152-8ea5a77b5f75:group-2325B9D771DD changes role from FOLLOWER to CANDIDATE at term 0 for changeToCandidate
2019-09-19 10:29:45,309 [Thread-1526] INFO  impl.RoleInfo (RoleInfo.java:updateAndGet(143)) - 92d05276-1016-4158-a152-8ea5a77b5f75: start LeaderElection
2019-09-19 10:29:45,319 [92d05276-1016-4158-a152-8ea5a77b5f75-SegmentedRaftLogWorker:Storage Directory /workdir/hadoop-ozone/ozonefs/target/test-dir/MiniOzoneClusterImpl-32add812-2629-4863-a43e-a343e05546f3/datanode-0/data/ratis/03d1c3a5-fb85-46ac-8893-c27d58512027] INFO  segmented.SegmentedRaftLogWorker (SegmentedRaftLogWorker.java:execute(569)) - 92d05276-1016-4158-a152-8ea5a77b5f75-SegmentedRaftLogWorker:Storage Directory /workdir/hadoop-ozone/ozonefs/target/test-dir/MiniOzoneClusterImpl-32add812-2629-4863-a43e-a343e05546f3/datanode-0/data/ratis/03d1c3a5-fb85-46ac-8893-c27d58512027: created new log segment /workdir/hadoop-ozone/ozonefs/target/test-dir/MiniOzoneClusterImpl-32add812-2629-4863-a43e-a343e05546f3/datanode-0/data/ratis/03d1c3a5-fb85-46ac-8893-c27d58512027/current/log_inprogress_0
2019-09-19 10:29:45,324 [92d05276-1016-4158-a152-8ea5a77b5f75-SegmentedRaftLogWorker:Storage Directory /workdir/hadoop-ozone/ozonefs/target/test-dir/MiniOzoneClusterImpl-32add812-2629-4863-a43e-a343e05546f3/datanode-0/data/ratis/c57b60b3-e85c-403d-9ebc-53e89520e79b] INFO  segmented.SegmentedRaftLogWorker (SegmentedRaftLogWorker.java:execute(569)) - 92d05276-1016-4158-a152-8ea5a77b5f75-SegmentedRaftLogWorker:Storage Directory /workdir/hadoop-ozone/ozonefs/target/test-dir/MiniOzoneClusterImpl-32add812-2629-4863-a43e-a343e05546f3/datanode-0/data/ratis/c57b60b3-e85c-403d-9ebc-53e89520e79b: created new log segment /workdir/hadoop-ozone/ozonefs/target/test-dir/MiniOzoneClusterImpl-32add812-2629-4863-a43e-a343e05546f3/datanode-0/data/ratis/c57b60b3-e85c-403d-9ebc-53e89520e79b/current/log_inprogress_0
2019-09-19 10:29:45,324 [92d05276-1016-4158-a152-8ea5a77b5f75-SegmentedRaftLogWorker:Storage Directory /workdir/hadoop-ozone/ozonefs/target/test-dir/MiniOzoneClusterImpl-32add812-2629-4863-a43e-a343e05546f3/datanode-0/data/ratis/a9930991-8f2c-437d-86c3-b663aa522a15] INFO  segmented.SegmentedRaftLogWorker (SegmentedRaftLogWorker.java:execute(569)) - 92d05276-1016-4158-a152-8ea5a77b5f75-SegmentedRaftLogWorker:Storage Directory /workdir/hadoop-ozone/ozonefs/target/test-dir/MiniOzoneClusterImpl-32add812-2629-4863-a43e-a343e05546f3/datanode-0/data/ratis/a9930991-8f2c-437d-86c3-b663aa522a15: created new log segment /workdir/hadoop-ozone/ozonefs/target/test-dir/MiniOzoneClusterImpl-32add812-2629-4863-a43e-a343e05546f3/datanode-0/data/ratis/a9930991-8f2c-437d-86c3-b663aa522a15/current/log_inprogress_0
2019-09-19 10:29:45,324 [Thread-1529] INFO  impl.FollowerState (FollowerState.java:run(106)) - 92d05276-1016-4158-a152-8ea5a77b5f75:group-0F79E377BA6D changes to CANDIDATE, lastRpcTime:5160, electionTimeout:5160ms
2019-09-19 10:29:45,324 [92d05276-1016-4158-a152-8ea5a77b5f75:group-2325B9D771DD:LeaderElection95] INFO  impl.LeaderElection (LeaderElection.java:askForVotes(181)) - 92d05276-1016-4158-a152-8ea5a77b5f75:group-2325B9D771DD:LeaderElection95: begin an election at term 1 for -1: [92d05276-1016-4158-a152-8ea5a77b5f75:192.168.157.204:40285], old=null
2019-09-19 10:29:45,324 [92d05276-1016-4158-a152-8ea5a77b5f75-SegmentedRaftLogWorker:Storage Directory /workdir/hadoop-ozone/ozonefs/target/test-dir/MiniOzoneClusterImpl-32add812-2629-4863-a43e-a343e05546f3/datanode-0/data/ratis/bf2dd088-e27c-40c2-a9ee-388658781d4a] INFO  segmented.SegmentedRaftLogWorker (SegmentedRaftLogWorker.java:execute(569)) - 92d05276-1016-4158-a152-8ea5a77b5f75-SegmentedRaftLogWorker:Storage Directory /workdir/hadoop-ozone/ozonefs/target/test-dir/MiniOzoneClusterImpl-32add812-2629-4863-a43e-a343e05546f3/datanode-0/data/ratis/bf2dd088-e27c-40c2-a9ee-388658781d4a: created new log segment /workdir/hadoop-ozone/ozonefs/target/test-dir/MiniOzoneClusterImpl-32add812-2629-4863-a43e-a343e05546f3/datanode-0/data/ratis/bf2dd088-e27c-40c2-a9ee-388658781d4a/current/log_inprogress_0
2019-09-19 10:29:45,324 [92d05276-1016-4158-a152-8ea5a77b5f75:group-2325B9D771DD:LeaderElection95] INFO  impl.RoleInfo (RoleInfo.java:shutdownLeaderElection(134)) - 92d05276-1016-4158-a152-8ea5a77b5f75: shutdown LeaderElection
2019-09-19 10:29:45,324 [Thread-1529] INFO  impl.RoleInfo (RoleInfo.java:shutdownFollowerState(121)) - 92d05276-1016-4158-a152-8ea5a77b5f75: shutdown FollowerState
2019-09-19 10:29:45,325 [92d05276-1016-4158-a152-8ea5a77b5f75:group-2325B9D771DD:LeaderElection95] INFO  impl.RaftServerImpl (RaftServerImpl.java:setRole(171)) - 92d05276-1016-4158-a152-8ea5a77b5f75:group-2325B9D771DD changes role from CANDIDATE to LEADER at term 1 for changeToLeader
2019-09-19 10:29:45,325 [Thread-1529] INFO  impl.RaftServerImpl (RaftServerImpl.java:setRole(171)) - 92d05276-1016-4158-a152-8ea5a77b5f75:group-0F79E377BA6D changes role from FOLLOWER to CANDIDATE at term 0 for changeToCandidate
2019-09-19 10:29:45,325 [92d05276-1016-4158-a152-8ea5a77b5f75:group-2325B9D771DD:LeaderElection95] INFO  impl.RaftServerImpl (ServerState.java:setLeader(263)) - 92d05276-1016-4158-a152-8ea5a77b5f75:group-2325B9D771DD change Leader from null to 92d05276-1016-4158-a152-8ea5a77b5f75 at term 1 for becomeLeader, leader elected after 5193ms
2019-09-19 10:29:45,325 [Thread-1529] INFO  impl.RoleInfo (RoleInfo.java:updateAndGet(143)) - 92d05276-1016-4158-a152-8ea5a77b5f75: start LeaderElection
2019-09-19 10:29:45,325 [92d05276-1016-4158-a152-8ea5a77b5f75:group-2325B9D771DD:LeaderElection95] INFO  server.RaftServerConfigKeys (ConfUtils.java:logGet(43)) - raft.server.staging.catchup.gap = 1000 (default)
2019-09-19 10:29:45,327 [92d05276-1016-4158-a152-8ea5a77b5f75:group-2325B9D771DD:LeaderElection95] INFO  server.RaftServerConfigKeys (ConfUtils.java:logGet(43)) - raft.server.rpc.sleep.time = 25ms (default)
2019-09-19 10:29:45,327 [92d05276-1016-4158-a152-8ea5a77b5f75:group-2325B9D771DD:LeaderElection95] INFO  server.RaftServerConfigKeys (ConfUtils.java:logGet(43)) - raft.server.write.element-limit = 4096 (default)
2019-09-19 10:29:45,327 [92d05276-1016-4158-a152-8ea5a77b5f75:group-2325B9D771DD:LeaderElection95] INFO  server.RaftServerConfigKeys (ConfUtils.java:logGet(43)) - raft.server.watch.timeout = 10s (default)
2019-09-19 10:29:45,327 [92d05276-1016-4158-a152-8ea5a77b5f75:group-2325B9D771DD:LeaderElection95] INFO  server.RaftServerConfigKeys (ConfUtils.java:logGet(43)) - raft.server.watch.timeout.denomination = 1s (default)
2019-09-19 10:29:45,327 [92d05276-1016-4158-a152-8ea5a77b5f75:group-2325B9D771DD:LeaderElection95] INFO  server.RaftServerConfigKeys (ConfUtils.java:logGet(43)) - raft.server.watch.element-limit = 65536 (default)
2019-09-19 10:29:45,328 [92d05276-1016-4158-a152-8ea5a77b5f75:group-2325B9D771DD:LeaderElection95] INFO  impl.RoleInfo (RoleInfo.java:updateAndGet(143)) - 92d05276-1016-4158-a152-8ea5a77b5f75: start LeaderState
2019-09-19 10:29:45,328 [92d05276-1016-4158-a152-8ea5a77b5f75:group-2325B9D771DD:LeaderElection95] INFO  segmented.SegmentedRaftLogWorker (SegmentedRaftLogWorker.java:startLogSegment(380)) - 92d05276-1016-4158-a152-8ea5a77b5f75-SegmentedRaftLogWorker:Storage Directory /workdir/hadoop-ozone/ozonefs/target/test-dir/MiniOzoneClusterImpl-32add812-2629-4863-a43e-a343e05546f3/datanode-0/data/ratis/c663280d-cf52-49b6-8745-2325b9d771dd: Starting segment from index:0
2019-09-19 10:29:45,329 [92d05276-1016-4158-a152-8ea5a77b5f75:group-2325B9D771DD:LeaderElection95] INFO  impl.RaftServerImpl (ServerState.java:setRaftConf(361)) - 92d05276-1016-4158-a152-8ea5a77b5f75:group-2325B9D771DD set configuration 0: [92d05276-1016-4158-a152-8ea5a77b5f75:192.168.157.204:40285], old=null at 0
2019-09-19 10:29:45,330 [92d05276-1016-4158-a152-8ea5a77b5f75:group-0F79E377BA6D:LeaderElection96] INFO  impl.LeaderElection (LeaderElection.java:askForVotes(181)) - 92d05276-1016-4158-a152-8ea5a77b5f75:group-0F79E377BA6D:LeaderElection96: begin an election at term 1 for -1: [92d05276-1016-4158-a152-8ea5a77b5f75:192.168.157.204:40285], old=null
2019-09-19 10:29:45,330 [92d05276-1016-4158-a152-8ea5a77b5f75:group-0F79E377BA6D:LeaderElection96] INFO  impl.RoleInfo (RoleInfo.java:shutdownLeaderElection(134)) - 92d05276-1016-4158-a152-8ea5a77b5f75: shutdown LeaderElection
2019-09-19 10:29:45,331 [92d05276-1016-4158-a152-8ea5a77b5f75:group-0F79E377BA6D:LeaderElection96] INFO  impl.RaftServerImpl (RaftServerImpl.java:setRole(171)) - 92d05276-1016-4158-a152-8ea5a77b5f75:group-0F79E377BA6D changes role from CANDIDATE to LEADER at term 1 for changeToLeader
2019-09-19 10:29:45,331 [92d05276-1016-4158-a152-8ea5a77b5f75:group-0F79E377BA6D:LeaderElection96] INFO  impl.RaftServerImpl (ServerState.java:setLeader(263)) - 92d05276-1016-4158-a152-8ea5a77b5f75:group-0F79E377BA6D change Leader from null to 92d05276-1016-4158-a152-8ea5a77b5f75 at term 1 for becomeLeader, leader elected after 5170ms
2019-09-19 10:29:45,331 [92d05276-1016-4158-a152-8ea5a77b5f75:group-0F79E377BA6D:LeaderElection96] INFO  server.RaftServerConfigKeys (ConfUtils.java:logGet(43)) - raft.server.staging.catchup.gap = 1000 (default)
2019-09-19 10:29:45,331 [92d05276-1016-4158-a152-8ea5a77b5f75:group-0F79E377BA6D:LeaderElection96] INFO  server.RaftServerConfigKeys (ConfUtils.java:logGet(43)) - raft.server.rpc.sleep.time = 25ms (default)
2019-09-19 10:29:45,331 [92d05276-1016-4158-a152-8ea5a77b5f75:group-0F79E377BA6D:LeaderElection96] INFO  server.RaftServerConfigKeys (ConfUtils.java:logGet(43)) - raft.server.write.element-limit = 4096 (default)
2019-09-19 10:29:45,331 [92d05276-1016-4158-a152-8ea5a77b5f75:group-0F79E377BA6D:LeaderElection96] INFO  server.RaftServerConfigKeys (ConfUtils.java:logGet(43)) - raft.server.watch.timeout = 10s (default)
2019-09-19 10:29:45,331 [92d05276-1016-4158-a152-8ea5a77b5f75:group-0F79E377BA6D:LeaderElection96] INFO  server.RaftServerConfigKeys (ConfUtils.java:logGet(43)) - raft.server.watch.timeout.denomination = 1s (default)
2019-09-19 10:29:45,331 [92d05276-1016-4158-a152-8ea5a77b5f75:group-0F79E377BA6D:LeaderElection96] INFO  server.RaftServerConfigKeys (ConfUtils.java:logGet(43)) - raft.server.watch.element-limit = 65536 (default)
2019-09-19 10:29:45,331 [92d05276-1016-4158-a152-8ea5a77b5f75:group-0F79E377BA6D:LeaderElection96] INFO  impl.RoleInfo (RoleInfo.java:updateAndGet(143)) - 92d05276-1016-4158-a152-8ea5a77b5f75: start LeaderState
2019-09-19 10:29:45,332 [92d05276-1016-4158-a152-8ea5a77b5f75:group-0F79E377BA6D:LeaderElection96] INFO  segmented.SegmentedRaftLogWorker (SegmentedRaftLogWorker.java:startLogSegment(380)) - 92d05276-1016-4158-a152-8ea5a77b5f75-SegmentedRaftLogWorker:Storage Directory /workdir/hadoop-ozone/ozonefs/target/test-dir/MiniOzoneClusterImpl-32add812-2629-4863-a43e-a343e05546f3/datanode-0/data/ratis/62a9125b-3a7e-431b-9f3e-0f79e377ba6d: Starting segment from index:0
2019-09-19 10:29:45,332 [92d05276-1016-4158-a152-8ea5a77b5f75:group-0F79E377BA6D:LeaderElection96] INFO  impl.RaftServerImpl (ServerState.java:setRaftConf(361)) - 92d05276-1016-4158-a152-8ea5a77b5f75:group-0F79E377BA6D set configuration 0: [92d05276-1016-4158-a152-8ea5a77b5f75:192.168.157.204:40285], old=null at 0
2019-09-19 10:29:45,376 [92d05276-1016-4158-a152-8ea5a77b5f75-SegmentedRaftLogWorker:Storage Directory /workdir/hadoop-ozone/ozonefs/target/test-dir/MiniOzoneClusterImpl-32add812-2629-4863-a43e-a343e05546f3/datanode-0/data/ratis/62a9125b-3a7e-431b-9f3e-0f79e377ba6d] INFO  segmented.SegmentedRaftLogWorker (SegmentedRaftLogWorker.java:execute(569)) - 92d05276-1016-4158-a152-8ea5a77b5f75-SegmentedRaftLogWorker:Storage Directory /workdir/hadoop-ozone/ozonefs/target/test-dir/MiniOzoneClusterImpl-32add812-2629-4863-a43e-a343e05546f3/datanode-0/data/ratis/62a9125b-3a7e-431b-9f3e-0f79e377ba6d: created new log segment /workdir/hadoop-ozone/ozonefs/target/test-dir/MiniOzoneClusterImpl-32add812-2629-4863-a43e-a343e05546f3/datanode-0/data/ratis/62a9125b-3a7e-431b-9f3e-0f79e377ba6d/current/log_inprogress_0
2019-09-19 10:29:45,376 [92d05276-1016-4158-a152-8ea5a77b5f75-SegmentedRaftLogWorker:Storage Directory /workdir/hadoop-ozone/ozonefs/target/test-dir/MiniOzoneClusterImpl-32add812-2629-4863-a43e-a343e05546f3/datanode-0/data/ratis/c663280d-cf52-49b6-8745-2325b9d771dd] INFO  segmented.SegmentedRaftLogWorker (SegmentedRaftLogWorker.java:execute(569)) - 92d05276-1016-4158-a152-8ea5a77b5f75-SegmentedRaftLogWorker:Storage Directory /workdir/hadoop-ozone/ozonefs/target/test-dir/MiniOzoneClusterImpl-32add812-2629-4863-a43e-a343e05546f3/datanode-0/data/ratis/c663280d-cf52-49b6-8745-2325b9d771dd: created new log segment /workdir/hadoop-ozone/ozonefs/target/test-dir/MiniOzoneClusterImpl-32add812-2629-4863-a43e-a343e05546f3/datanode-0/data/ratis/c663280d-cf52-49b6-8745-2325b9d771dd/current/log_inprogress_0
2019-09-19 10:29:45,392 | INFO  | SCMAudit | user=jenkins1000 | ip=192.168.157.204 | op=SEND_HEARTBEAT {datanodeUUID=b949f978-e97b-4741-8244-536fe4f5bb8a, command=[]} | ret=SUCCESS |  
2019-09-19 10:29:45,668 [Thread-1532] INFO  impl.FollowerState (FollowerState.java:run(106)) - 4c16d390-576f-4855-a796-467600b42ac4:group-1D0504118121 changes to CANDIDATE, lastRpcTime:5010, electionTimeout:5010ms
2019-09-19 10:29:45,668 [Thread-1532] INFO  impl.RoleInfo (RoleInfo.java:shutdownFollowerState(121)) - 4c16d390-576f-4855-a796-467600b42ac4: shutdown FollowerState
2019-09-19 10:29:45,668 [Thread-1532] INFO  impl.RaftServerImpl (RaftServerImpl.java:setRole(171)) - 4c16d390-576f-4855-a796-467600b42ac4:group-1D0504118121 changes role from FOLLOWER to CANDIDATE at term 0 for changeToCandidate
2019-09-19 10:29:45,668 [Thread-1532] INFO  impl.RoleInfo (RoleInfo.java:updateAndGet(143)) - 4c16d390-576f-4855-a796-467600b42ac4: start LeaderElection
2019-09-19 10:29:45,684 [4c16d390-576f-4855-a796-467600b42ac4:group-1D0504118121:LeaderElection97] INFO  impl.LeaderElection (LeaderElection.java:askForVotes(181)) - 4c16d390-576f-4855-a796-467600b42ac4:group-1D0504118121:LeaderElection97: begin an election at term 1 for -1: [4c16d390-576f-4855-a796-467600b42ac4:192.168.157.204:46105], old=null
2019-09-19 10:29:45,684 [4c16d390-576f-4855-a796-467600b42ac4:group-1D0504118121:LeaderElection97] INFO  impl.RoleInfo (RoleInfo.java:shutdownLeaderElection(134)) - 4c16d390-576f-4855-a796-467600b42ac4: shutdown LeaderElection
2019-09-19 10:29:45,684 [4c16d390-576f-4855-a796-467600b42ac4:group-1D0504118121:LeaderElection97] INFO  impl.RaftServerImpl (RaftServerImpl.java:setRole(171)) - 4c16d390-576f-4855-a796-467600b42ac4:group-1D0504118121 changes role from CANDIDATE to LEADER at term 1 for changeToLeader
2019-09-19 10:29:45,684 [4c16d390-576f-4855-a796-467600b42ac4:group-1D0504118121:LeaderElection97] INFO  impl.RaftServerImpl (ServerState.java:setLeader(263)) - 4c16d390-576f-4855-a796-467600b42ac4:group-1D0504118121 change Leader from null to 4c16d390-576f-4855-a796-467600b42ac4 at term 1 for becomeLeader, leader elected after 5032ms
2019-09-19 10:29:45,685 [4c16d390-576f-4855-a796-467600b42ac4:group-1D0504118121:LeaderElection97] INFO  server.RaftServerConfigKeys (ConfUtils.java:logGet(43)) - raft.server.staging.catchup.gap = 1000 (default)
2019-09-19 10:29:45,685 [4c16d390-576f-4855-a796-467600b42ac4:group-1D0504118121:LeaderElection97] INFO  server.RaftServerConfigKeys (ConfUtils.java:logGet(43)) - raft.server.rpc.sleep.time = 25ms (default)
2019-09-19 10:29:45,685 [4c16d390-576f-4855-a796-467600b42ac4:group-1D0504118121:LeaderElection97] INFO  server.RaftServerConfigKeys (ConfUtils.java:logGet(43)) - raft.server.write.element-limit = 4096 (default)
2019-09-19 10:29:45,685 [4c16d390-576f-4855-a796-467600b42ac4:group-1D0504118121:LeaderElection97] INFO  server.RaftServerConfigKeys (ConfUtils.java:logGet(43)) - raft.server.watch.timeout = 10s (default)
2019-09-19 10:29:45,685 [4c16d390-576f-4855-a796-467600b42ac4:group-1D0504118121:LeaderElection97] INFO  server.RaftServerConfigKeys (ConfUtils.java:logGet(43)) - raft.server.watch.timeout.denomination = 1s (default)
2019-09-19 10:29:45,685 [4c16d390-576f-4855-a796-467600b42ac4:group-1D0504118121:LeaderElection97] INFO  server.RaftServerConfigKeys (ConfUtils.java:logGet(43)) - raft.server.watch.element-limit = 65536 (default)
2019-09-19 10:29:45,686 [4c16d390-576f-4855-a796-467600b42ac4:group-1D0504118121:LeaderElection97] INFO  impl.RoleInfo (RoleInfo.java:updateAndGet(143)) - 4c16d390-576f-4855-a796-467600b42ac4: start LeaderState
2019-09-19 10:29:45,686 [4c16d390-576f-4855-a796-467600b42ac4:group-1D0504118121:LeaderElection97] INFO  segmented.SegmentedRaftLogWorker (SegmentedRaftLogWorker.java:startLogSegment(380)) - 4c16d390-576f-4855-a796-467600b42ac4-SegmentedRaftLogWorker:Storage Directory /workdir/hadoop-ozone/ozonefs/target/test-dir/MiniOzoneClusterImpl-32add812-2629-4863-a43e-a343e05546f3/datanode-1/data/ratis/6e30dfd8-a0b1-4f3b-b1f8-1d0504118121: Starting segment from index:0
2019-09-19 10:29:45,687 [4c16d390-576f-4855-a796-467600b42ac4:group-1D0504118121:LeaderElection97] INFO  impl.RaftServerImpl (ServerState.java:setRaftConf(361)) - 4c16d390-576f-4855-a796-467600b42ac4:group-1D0504118121 set configuration 0: [4c16d390-576f-4855-a796-467600b42ac4:192.168.157.204:46105], old=null at 0
2019-09-19 10:29:45,736 [4c16d390-576f-4855-a796-467600b42ac4-SegmentedRaftLogWorker:Storage Directory /workdir/hadoop-ozone/ozonefs/target/test-dir/MiniOzoneClusterImpl-32add812-2629-4863-a43e-a343e05546f3/datanode-1/data/ratis/6e30dfd8-a0b1-4f3b-b1f8-1d0504118121] INFO  segmented.SegmentedRaftLogWorker (SegmentedRaftLogWorker.java:execute(569)) - 4c16d390-576f-4855-a796-467600b42ac4-SegmentedRaftLogWorker:Storage Directory /workdir/hadoop-ozone/ozonefs/target/test-dir/MiniOzoneClusterImpl-32add812-2629-4863-a43e-a343e05546f3/datanode-1/data/ratis/6e30dfd8-a0b1-4f3b-b1f8-1d0504118121: created new log segment /workdir/hadoop-ozone/ozonefs/target/test-dir/MiniOzoneClusterImpl-32add812-2629-4863-a43e-a343e05546f3/datanode-1/data/ratis/6e30dfd8-a0b1-4f3b-b1f8-1d0504118121/current/log_inprogress_0
2019-09-19 10:29:46,108 [Thread-1535] INFO  impl.FollowerState (FollowerState.java:run(106)) - 4c16d390-576f-4855-a796-467600b42ac4:group-89B5797FCA74 changes to CANDIDATE, lastRpcTime:5156, electionTimeout:5156ms
2019-09-19 10:29:46,108 [Thread-1535] INFO  impl.RoleInfo (RoleInfo.java:shutdownFollowerState(121)) - 4c16d390-576f-4855-a796-467600b42ac4: shutdown FollowerState
2019-09-19 10:29:46,108 [Thread-1535] INFO  impl.RaftServerImpl (RaftServerImpl.java:setRole(171)) - 4c16d390-576f-4855-a796-467600b42ac4:group-89B5797FCA74 changes role from FOLLOWER to CANDIDATE at term 0 for changeToCandidate
2019-09-19 10:29:46,108 [Thread-1535] INFO  impl.RoleInfo (RoleInfo.java:updateAndGet(143)) - 4c16d390-576f-4855-a796-467600b42ac4: start LeaderElection
2019-09-19 10:29:46,125 [4c16d390-576f-4855-a796-467600b42ac4:group-89B5797FCA74:LeaderElection98] INFO  impl.LeaderElection (LeaderElection.java:askForVotes(181)) - 4c16d390-576f-4855-a796-467600b42ac4:group-89B5797FCA74:LeaderElection98: begin an election at term 1 for -1: [4c16d390-576f-4855-a796-467600b42ac4:192.168.157.204:46105], old=null
2019-09-19 10:29:46,125 [4c16d390-576f-4855-a796-467600b42ac4:group-89B5797FCA74:LeaderElection98] INFO  impl.RoleInfo (RoleInfo.java:shutdownLeaderElection(134)) - 4c16d390-576f-4855-a796-467600b42ac4: shutdown LeaderElection
2019-09-19 10:29:46,125 [4c16d390-576f-4855-a796-467600b42ac4:group-89B5797FCA74:LeaderElection98] INFO  impl.RaftServerImpl (RaftServerImpl.java:setRole(171)) - 4c16d390-576f-4855-a796-467600b42ac4:group-89B5797FCA74 changes role from CANDIDATE to LEADER at term 1 for changeToLeader
2019-09-19 10:29:46,125 [4c16d390-576f-4855-a796-467600b42ac4:group-89B5797FCA74:LeaderElection98] INFO  impl.RaftServerImpl (ServerState.java:setLeader(263)) - 4c16d390-576f-4855-a796-467600b42ac4:group-89B5797FCA74 change Leader from null to 4c16d390-576f-4855-a796-467600b42ac4 at term 1 for becomeLeader, leader elected after 5178ms
2019-09-19 10:29:46,125 [4c16d390-576f-4855-a796-467600b42ac4:group-89B5797FCA74:LeaderElection98] INFO  server.RaftServerConfigKeys (ConfUtils.java:logGet(43)) - raft.server.staging.catchup.gap = 1000 (default)
2019-09-19 10:29:46,126 [4c16d390-576f-4855-a796-467600b42ac4:group-89B5797FCA74:LeaderElection98] INFO  server.RaftServerConfigKeys (ConfUtils.java:logGet(43)) - raft.server.rpc.sleep.time = 25ms (default)
2019-09-19 10:29:46,126 [4c16d390-576f-4855-a796-467600b42ac4:group-89B5797FCA74:LeaderElection98] INFO  server.RaftServerConfigKeys (ConfUtils.java:logGet(43)) - raft.server.write.element-limit = 4096 (default)
2019-09-19 10:29:46,126 [4c16d390-576f-4855-a796-467600b42ac4:group-89B5797FCA74:LeaderElection98] INFO  server.RaftServerConfigKeys (ConfUtils.java:logGet(43)) - raft.server.watch.timeout = 10s (default)
2019-09-19 10:29:46,126 [4c16d390-576f-4855-a796-467600b42ac4:group-89B5797FCA74:LeaderElection98] INFO  server.RaftServerConfigKeys (ConfUtils.java:logGet(43)) - raft.server.watch.timeout.denomination = 1s (default)
2019-09-19 10:29:46,126 [4c16d390-576f-4855-a796-467600b42ac4:group-89B5797FCA74:LeaderElection98] INFO  server.RaftServerConfigKeys (ConfUtils.java:logGet(43)) - raft.server.watch.element-limit = 65536 (default)
2019-09-19 10:29:46,127 [4c16d390-576f-4855-a796-467600b42ac4:group-89B5797FCA74:LeaderElection98] INFO  impl.RoleInfo (RoleInfo.java:updateAndGet(143)) - 4c16d390-576f-4855-a796-467600b42ac4: start LeaderState
2019-09-19 10:29:46,127 [4c16d390-576f-4855-a796-467600b42ac4:group-89B5797FCA74:LeaderElection98] INFO  segmented.SegmentedRaftLogWorker (SegmentedRaftLogWorker.java:startLogSegment(380)) - 4c16d390-576f-4855-a796-467600b42ac4-SegmentedRaftLogWorker:Storage Directory /workdir/hadoop-ozone/ozonefs/target/test-dir/MiniOzoneClusterImpl-32add812-2629-4863-a43e-a343e05546f3/datanode-1/data/ratis/016762b9-912a-42da-accb-89b5797fca74: Starting segment from index:0
2019-09-19 10:29:46,128 [4c16d390-576f-4855-a796-467600b42ac4:group-89B5797FCA74:LeaderElection98] INFO  impl.RaftServerImpl (ServerState.java:setRaftConf(361)) - 4c16d390-576f-4855-a796-467600b42ac4:group-89B5797FCA74 set configuration 0: [4c16d390-576f-4855-a796-467600b42ac4:192.168.157.204:46105], old=null at 0
2019-09-19 10:29:46,129 [Thread-1541] INFO  impl.FollowerState (FollowerState.java:run(106)) - 4c16d390-576f-4855-a796-467600b42ac4:group-BAF142061F52 changes to CANDIDATE, lastRpcTime:5083, electionTimeout:5083ms
2019-09-19 10:29:46,129 [Thread-1541] INFO  impl.RoleInfo (RoleInfo.java:shutdownFollowerState(121)) - 4c16d390-576f-4855-a796-467600b42ac4: shutdown FollowerState
2019-09-19 10:29:46,129 [Thread-1541] INFO  impl.RaftServerImpl (RaftServerImpl.java:setRole(171)) - 4c16d390-576f-4855-a796-467600b42ac4:group-BAF142061F52 changes role from FOLLOWER to CANDIDATE at term 0 for changeToCandidate
2019-09-19 10:29:46,129 [Thread-1541] INFO  impl.RoleInfo (RoleInfo.java:updateAndGet(143)) - 4c16d390-576f-4855-a796-467600b42ac4: start LeaderElection
2019-09-19 10:29:46,176 [Thread-1538] INFO  impl.FollowerState (FollowerState.java:run(106)) - b949f978-e97b-4741-8244-536fe4f5bb8a:group-D9DA31F5C371 changes to CANDIDATE, lastRpcTime:5178, electionTimeout:5178ms
2019-09-19 10:29:46,177 [Thread-1538] INFO  impl.RoleInfo (RoleInfo.java:shutdownFollowerState(121)) - b949f978-e97b-4741-8244-536fe4f5bb8a: shutdown FollowerState
2019-09-19 10:29:46,177 [Thread-1538] INFO  impl.RaftServerImpl (RaftServerImpl.java:setRole(171)) - b949f978-e97b-4741-8244-536fe4f5bb8a:group-D9DA31F5C371 changes role from FOLLOWER to CANDIDATE at term 0 for changeToCandidate
2019-09-19 10:29:46,177 [Thread-1538] INFO  impl.RoleInfo (RoleInfo.java:updateAndGet(143)) - b949f978-e97b-4741-8244-536fe4f5bb8a: start LeaderElection
2019-09-19 10:29:46,181 [4c16d390-576f-4855-a796-467600b42ac4-SegmentedRaftLogWorker:Storage Directory /workdir/hadoop-ozone/ozonefs/target/test-dir/MiniOzoneClusterImpl-32add812-2629-4863-a43e-a343e05546f3/datanode-1/data/ratis/016762b9-912a-42da-accb-89b5797fca74] INFO  segmented.SegmentedRaftLogWorker (SegmentedRaftLogWorker.java:execute(569)) - 4c16d390-576f-4855-a796-467600b42ac4-SegmentedRaftLogWorker:Storage Directory /workdir/hadoop-ozone/ozonefs/target/test-dir/MiniOzoneClusterImpl-32add812-2629-4863-a43e-a343e05546f3/datanode-1/data/ratis/016762b9-912a-42da-accb-89b5797fca74: created new log segment /workdir/hadoop-ozone/ozonefs/target/test-dir/MiniOzoneClusterImpl-32add812-2629-4863-a43e-a343e05546f3/datanode-1/data/ratis/016762b9-912a-42da-accb-89b5797fca74/current/log_inprogress_0
2019-09-19 10:29:46,182 [4c16d390-576f-4855-a796-467600b42ac4:group-BAF142061F52:LeaderElection99] INFO  impl.LeaderElection (LeaderElection.java:askForVotes(181)) - 4c16d390-576f-4855-a796-467600b42ac4:group-BAF142061F52:LeaderElection99: begin an election at term 1 for -1: [4c16d390-576f-4855-a796-467600b42ac4:192.168.157.204:46105], old=null
2019-09-19 10:29:46,182 [4c16d390-576f-4855-a796-467600b42ac4:group-BAF142061F52:LeaderElection99] INFO  impl.RoleInfo (RoleInfo.java:shutdownLeaderElection(134)) - 4c16d390-576f-4855-a796-467600b42ac4: shutdown LeaderElection
2019-09-19 10:29:46,182 [4c16d390-576f-4855-a796-467600b42ac4:group-BAF142061F52:LeaderElection99] INFO  impl.RaftServerImpl (RaftServerImpl.java:setRole(171)) - 4c16d390-576f-4855-a796-467600b42ac4:group-BAF142061F52 changes role from CANDIDATE to LEADER at term 1 for changeToLeader
2019-09-19 10:29:46,182 [4c16d390-576f-4855-a796-467600b42ac4:group-BAF142061F52:LeaderElection99] INFO  impl.RaftServerImpl (ServerState.java:setLeader(263)) - 4c16d390-576f-4855-a796-467600b42ac4:group-BAF142061F52 change Leader from null to 4c16d390-576f-4855-a796-467600b42ac4 at term 1 for becomeLeader, leader elected after 5141ms
2019-09-19 10:29:46,183 [4c16d390-576f-4855-a796-467600b42ac4:group-BAF142061F52:LeaderElection99] INFO  server.RaftServerConfigKeys (ConfUtils.java:logGet(43)) - raft.server.staging.catchup.gap = 1000 (default)
2019-09-19 10:29:46,183 [4c16d390-576f-4855-a796-467600b42ac4:group-BAF142061F52:LeaderElection99] INFO  server.RaftServerConfigKeys (ConfUtils.java:logGet(43)) - raft.server.rpc.sleep.time = 25ms (default)
2019-09-19 10:29:46,183 [4c16d390-576f-4855-a796-467600b42ac4:group-BAF142061F52:LeaderElection99] INFO  server.RaftServerConfigKeys (ConfUtils.java:logGet(43)) - raft.server.write.element-limit = 4096 (default)
2019-09-19 10:29:46,183 [4c16d390-576f-4855-a796-467600b42ac4:group-BAF142061F52:LeaderElection99] INFO  server.RaftServerConfigKeys (ConfUtils.java:logGet(43)) - raft.server.watch.timeout = 10s (default)
2019-09-19 10:29:46,183 [4c16d390-576f-4855-a796-467600b42ac4:group-BAF142061F52:LeaderElection99] INFO  server.RaftServerConfigKeys (ConfUtils.java:logGet(43)) - raft.server.watch.timeout.denomination = 1s (default)
2019-09-19 10:29:46,183 [4c16d390-576f-4855-a796-467600b42ac4:group-BAF142061F52:LeaderElection99] INFO  server.RaftServerConfigKeys (ConfUtils.java:logGet(43)) - raft.server.watch.element-limit = 65536 (default)
2019-09-19 10:29:46,183 [b949f978-e97b-4741-8244-536fe4f5bb8a:group-D9DA31F5C371:LeaderElection100] INFO  impl.LeaderElection (LeaderElection.java:askForVotes(181)) - b949f978-e97b-4741-8244-536fe4f5bb8a:group-D9DA31F5C371:LeaderElection100: begin an election at term 1 for -1: [b949f978-e97b-4741-8244-536fe4f5bb8a:192.168.157.204:35409], old=null
2019-09-19 10:29:46,184 [4c16d390-576f-4855-a796-467600b42ac4:group-BAF142061F52:LeaderElection99] INFO  impl.RoleInfo (RoleInfo.java:updateAndGet(143)) - 4c16d390-576f-4855-a796-467600b42ac4: start LeaderState
2019-09-19 10:29:46,184 [b949f978-e97b-4741-8244-536fe4f5bb8a:group-D9DA31F5C371:LeaderElection100] INFO  impl.RoleInfo (RoleInfo.java:shutdownLeaderElection(134)) - b949f978-e97b-4741-8244-536fe4f5bb8a: shutdown LeaderElection
2019-09-19 10:29:46,184 [b949f978-e97b-4741-8244-536fe4f5bb8a:group-D9DA31F5C371:LeaderElection100] INFO  impl.RaftServerImpl (RaftServerImpl.java:setRole(171)) - b949f978-e97b-4741-8244-536fe4f5bb8a:group-D9DA31F5C371 changes role from CANDIDATE to LEADER at term 1 for changeToLeader
2019-09-19 10:29:46,184 [4c16d390-576f-4855-a796-467600b42ac4:group-BAF142061F52:LeaderElection99] INFO  segmented.SegmentedRaftLogWorker (SegmentedRaftLogWorker.java:startLogSegment(380)) - 4c16d390-576f-4855-a796-467600b42ac4-SegmentedRaftLogWorker:Storage Directory /workdir/hadoop-ozone/ozonefs/target/test-dir/MiniOzoneClusterImpl-32add812-2629-4863-a43e-a343e05546f3/datanode-1/data/ratis/9aa87725-b5a0-4df2-b722-baf142061f52: Starting segment from index:0
2019-09-19 10:29:46,184 [b949f978-e97b-4741-8244-536fe4f5bb8a:group-D9DA31F5C371:LeaderElection100] INFO  impl.RaftServerImpl (ServerState.java:setLeader(263)) - b949f978-e97b-4741-8244-536fe4f5bb8a:group-D9DA31F5C371 change Leader from null to b949f978-e97b-4741-8244-536fe4f5bb8a at term 1 for becomeLeader, leader elected after 5190ms
2019-09-19 10:29:46,184 [b949f978-e97b-4741-8244-536fe4f5bb8a:group-D9DA31F5C371:LeaderElection100] INFO  server.RaftServerConfigKeys (ConfUtils.java:logGet(43)) - raft.server.staging.catchup.gap = 1000 (default)
2019-09-19 10:29:46,184 [4c16d390-576f-4855-a796-467600b42ac4:group-BAF142061F52:LeaderElection99] INFO  impl.RaftServerImpl (ServerState.java:setRaftConf(361)) - 4c16d390-576f-4855-a796-467600b42ac4:group-BAF142061F52 set configuration 0: [4c16d390-576f-4855-a796-467600b42ac4:192.168.157.204:46105], old=null at 0
2019-09-19 10:29:46,184 [b949f978-e97b-4741-8244-536fe4f5bb8a:group-D9DA31F5C371:LeaderElection100] INFO  server.RaftServerConfigKeys (ConfUtils.java:logGet(43)) - raft.server.rpc.sleep.time = 25ms (default)
2019-09-19 10:29:46,185 [b949f978-e97b-4741-8244-536fe4f5bb8a:group-D9DA31F5C371:LeaderElection100] INFO  server.RaftServerConfigKeys (ConfUtils.java:logGet(43)) - raft.server.write.element-limit = 4096 (default)
2019-09-19 10:29:46,185 [b949f978-e97b-4741-8244-536fe4f5bb8a:group-D9DA31F5C371:LeaderElection100] INFO  server.RaftServerConfigKeys (ConfUtils.java:logGet(43)) - raft.server.watch.timeout = 10s (default)
2019-09-19 10:29:46,185 [b949f978-e97b-4741-8244-536fe4f5bb8a:group-D9DA31F5C371:LeaderElection100] INFO  server.RaftServerConfigKeys (ConfUtils.java:logGet(43)) - raft.server.watch.timeout.denomination = 1s (default)
2019-09-19 10:29:46,185 [b949f978-e97b-4741-8244-536fe4f5bb8a:group-D9DA31F5C371:LeaderElection100] INFO  server.RaftServerConfigKeys (ConfUtils.java:logGet(43)) - raft.server.watch.element-limit = 65536 (default)
2019-09-19 10:29:46,185 [b949f978-e97b-4741-8244-536fe4f5bb8a:group-D9DA31F5C371:LeaderElection100] INFO  impl.RoleInfo (RoleInfo.java:updateAndGet(143)) - b949f978-e97b-4741-8244-536fe4f5bb8a: start LeaderState
2019-09-19 10:29:46,186 [b949f978-e97b-4741-8244-536fe4f5bb8a:group-D9DA31F5C371:LeaderElection100] INFO  segmented.SegmentedRaftLogWorker (SegmentedRaftLogWorker.java:startLogSegment(380)) - b949f978-e97b-4741-8244-536fe4f5bb8a-SegmentedRaftLogWorker:Storage Directory /workdir/hadoop-ozone/ozonefs/target/test-dir/MiniOzoneClusterImpl-32add812-2629-4863-a43e-a343e05546f3/datanode-2/data/ratis/020602b7-c5a9-4c7c-bc6e-d9da31f5c371: Starting segment from index:0
2019-09-19 10:29:46,186 [b949f978-e97b-4741-8244-536fe4f5bb8a:group-D9DA31F5C371:LeaderElection100] INFO  impl.RaftServerImpl (ServerState.java:setRaftConf(361)) - b949f978-e97b-4741-8244-536fe4f5bb8a:group-D9DA31F5C371 set configuration 0: [b949f978-e97b-4741-8244-536fe4f5bb8a:192.168.157.204:35409], old=null at 0
2019-09-19 10:29:46,199 [Thread-1544] INFO  impl.FollowerState (FollowerState.java:run(106)) - b949f978-e97b-4741-8244-536fe4f5bb8a:group-41C7D42CE711 changes to CANDIDATE, lastRpcTime:5105, electionTimeout:5105ms
2019-09-19 10:29:46,199 [Thread-1544] INFO  impl.RoleInfo (RoleInfo.java:shutdownFollowerState(121)) - b949f978-e97b-4741-8244-536fe4f5bb8a: shutdown FollowerState
2019-09-19 10:29:46,199 [Thread-1544] INFO  impl.RaftServerImpl (RaftServerImpl.java:setRole(171)) - b949f978-e97b-4741-8244-536fe4f5bb8a:group-41C7D42CE711 changes role from FOLLOWER to CANDIDATE at term 0 for changeToCandidate
2019-09-19 10:29:46,199 [Thread-1544] INFO  impl.RoleInfo (RoleInfo.java:updateAndGet(143)) - b949f978-e97b-4741-8244-536fe4f5bb8a: start LeaderElection
2019-09-19 10:29:46,235 [b949f978-e97b-4741-8244-536fe4f5bb8a-SegmentedRaftLogWorker:Storage Directory /workdir/hadoop-ozone/ozonefs/target/test-dir/MiniOzoneClusterImpl-32add812-2629-4863-a43e-a343e05546f3/datanode-2/data/ratis/020602b7-c5a9-4c7c-bc6e-d9da31f5c371] INFO  segmented.SegmentedRaftLogWorker (SegmentedRaftLogWorker.java:execute(569)) - b949f978-e97b-4741-8244-536fe4f5bb8a-SegmentedRaftLogWorker:Storage Directory /workdir/hadoop-ozone/ozonefs/target/test-dir/MiniOzoneClusterImpl-32add812-2629-4863-a43e-a343e05546f3/datanode-2/data/ratis/020602b7-c5a9-4c7c-bc6e-d9da31f5c371: created new log segment /workdir/hadoop-ozone/ozonefs/target/test-dir/MiniOzoneClusterImpl-32add812-2629-4863-a43e-a343e05546f3/datanode-2/data/ratis/020602b7-c5a9-4c7c-bc6e-d9da31f5c371/current/log_inprogress_0
2019-09-19 10:29:46,235 [b949f978-e97b-4741-8244-536fe4f5bb8a:group-41C7D42CE711:LeaderElection101] INFO  impl.LeaderElection (LeaderElection.java:askForVotes(181)) - b949f978-e97b-4741-8244-536fe4f5bb8a:group-41C7D42CE711:LeaderElection101: begin an election at term 1 for -1: [b949f978-e97b-4741-8244-536fe4f5bb8a:192.168.157.204:35409], old=null
2019-09-19 10:29:46,235 [4c16d390-576f-4855-a796-467600b42ac4-SegmentedRaftLogWorker:Storage Directory /workdir/hadoop-ozone/ozonefs/target/test-dir/MiniOzoneClusterImpl-32add812-2629-4863-a43e-a343e05546f3/datanode-1/data/ratis/9aa87725-b5a0-4df2-b722-baf142061f52] INFO  segmented.SegmentedRaftLogWorker (SegmentedRaftLogWorker.java:execute(569)) - 4c16d390-576f-4855-a796-467600b42ac4-SegmentedRaftLogWorker:Storage Directory /workdir/hadoop-ozone/ozonefs/target/test-dir/MiniOzoneClusterImpl-32add812-2629-4863-a43e-a343e05546f3/datanode-1/data/ratis/9aa87725-b5a0-4df2-b722-baf142061f52: created new log segment /workdir/hadoop-ozone/ozonefs/target/test-dir/MiniOzoneClusterImpl-32add812-2629-4863-a43e-a343e05546f3/datanode-1/data/ratis/9aa87725-b5a0-4df2-b722-baf142061f52/current/log_inprogress_0
2019-09-19 10:29:46,235 [b949f978-e97b-4741-8244-536fe4f5bb8a:group-41C7D42CE711:LeaderElection101] INFO  impl.RoleInfo (RoleInfo.java:shutdownLeaderElection(134)) - b949f978-e97b-4741-8244-536fe4f5bb8a: shutdown LeaderElection
2019-09-19 10:29:46,236 [b949f978-e97b-4741-8244-536fe4f5bb8a:group-41C7D42CE711:LeaderElection101] INFO  impl.RaftServerImpl (RaftServerImpl.java:setRole(171)) - b949f978-e97b-4741-8244-536fe4f5bb8a:group-41C7D42CE711 changes role from CANDIDATE to LEADER at term 1 for changeToLeader
2019-09-19 10:29:46,236 [b949f978-e97b-4741-8244-536fe4f5bb8a:group-41C7D42CE711:LeaderElection101] INFO  impl.RaftServerImpl (ServerState.java:setLeader(263)) - b949f978-e97b-4741-8244-536fe4f5bb8a:group-41C7D42CE711 change Leader from null to b949f978-e97b-4741-8244-536fe4f5bb8a at term 1 for becomeLeader, leader elected after 5145ms
2019-09-19 10:29:46,236 [b949f978-e97b-4741-8244-536fe4f5bb8a:group-41C7D42CE711:LeaderElection101] INFO  server.RaftServerConfigKeys (ConfUtils.java:logGet(43)) - raft.server.staging.catchup.gap = 1000 (default)
2019-09-19 10:29:46,236 [b949f978-e97b-4741-8244-536fe4f5bb8a:group-41C7D42CE711:LeaderElection101] INFO  server.RaftServerConfigKeys (ConfUtils.java:logGet(43)) - raft.server.rpc.sleep.time = 25ms (default)
2019-09-19 10:29:46,236 [b949f978-e97b-4741-8244-536fe4f5bb8a:group-41C7D42CE711:LeaderElection101] INFO  server.RaftServerConfigKeys (ConfUtils.java:logGet(43)) - raft.server.write.element-limit = 4096 (default)
2019-09-19 10:29:46,236 [b949f978-e97b-4741-8244-536fe4f5bb8a:group-41C7D42CE711:LeaderElection101] INFO  server.RaftServerConfigKeys (ConfUtils.java:logGet(43)) - raft.server.watch.timeout = 10s (default)
2019-09-19 10:29:46,236 [b949f978-e97b-4741-8244-536fe4f5bb8a:group-41C7D42CE711:LeaderElection101] INFO  server.RaftServerConfigKeys (ConfUtils.java:logGet(43)) - raft.server.watch.timeout.denomination = 1s (default)
2019-09-19 10:29:46,236 [b949f978-e97b-4741-8244-536fe4f5bb8a:group-41C7D42CE711:LeaderElection101] INFO  server.RaftServerConfigKeys (ConfUtils.java:logGet(43)) - raft.server.watch.element-limit = 65536 (default)
2019-09-19 10:29:46,236 [b949f978-e97b-4741-8244-536fe4f5bb8a:group-41C7D42CE711:LeaderElection101] INFO  impl.RoleInfo (RoleInfo.java:updateAndGet(143)) - b949f978-e97b-4741-8244-536fe4f5bb8a: start LeaderState
2019-09-19 10:29:46,237 [b949f978-e97b-4741-8244-536fe4f5bb8a:group-41C7D42CE711:LeaderElection101] INFO  segmented.SegmentedRaftLogWorker (SegmentedRaftLogWorker.java:startLogSegment(380)) - b949f978-e97b-4741-8244-536fe4f5bb8a-SegmentedRaftLogWorker:Storage Directory /workdir/hadoop-ozone/ozonefs/target/test-dir/MiniOzoneClusterImpl-32add812-2629-4863-a43e-a343e05546f3/datanode-2/data/ratis/98507e2f-8c3f-4503-9ec3-41c7d42ce711: Starting segment from index:0
2019-09-19 10:29:46,237 [b949f978-e97b-4741-8244-536fe4f5bb8a:group-41C7D42CE711:LeaderElection101] INFO  impl.RaftServerImpl (ServerState.java:setRaftConf(361)) - b949f978-e97b-4741-8244-536fe4f5bb8a:group-41C7D42CE711 set configuration 0: [b949f978-e97b-4741-8244-536fe4f5bb8a:192.168.157.204:35409], old=null at 0
2019-09-19 10:29:46,252 [Thread-1550] INFO  impl.FollowerState (FollowerState.java:run(106)) - b949f978-e97b-4741-8244-536fe4f5bb8a:group-85B86B5D373F changes to CANDIDATE, lastRpcTime:5078, electionTimeout:5078ms
2019-09-19 10:29:46,252 [Thread-1550] INFO  impl.RoleInfo (RoleInfo.java:shutdownFollowerState(121)) - b949f978-e97b-4741-8244-536fe4f5bb8a: shutdown FollowerState
2019-09-19 10:29:46,252 [Thread-1550] INFO  impl.RaftServerImpl (RaftServerImpl.java:setRole(171)) - b949f978-e97b-4741-8244-536fe4f5bb8a:group-85B86B5D373F changes role from FOLLOWER to CANDIDATE at term 0 for changeToCandidate
2019-09-19 10:29:46,252 [Thread-1550] INFO  impl.RoleInfo (RoleInfo.java:updateAndGet(143)) - b949f978-e97b-4741-8244-536fe4f5bb8a: start LeaderElection
2019-09-19 10:29:46,288 [b949f978-e97b-4741-8244-536fe4f5bb8a-SegmentedRaftLogWorker:Storage Directory /workdir/hadoop-ozone/ozonefs/target/test-dir/MiniOzoneClusterImpl-32add812-2629-4863-a43e-a343e05546f3/datanode-2/data/ratis/98507e2f-8c3f-4503-9ec3-41c7d42ce711] INFO  segmented.SegmentedRaftLogWorker (SegmentedRaftLogWorker.java:execute(569)) - b949f978-e97b-4741-8244-536fe4f5bb8a-SegmentedRaftLogWorker:Storage Directory /workdir/hadoop-ozone/ozonefs/target/test-dir/MiniOzoneClusterImpl-32add812-2629-4863-a43e-a343e05546f3/datanode-2/data/ratis/98507e2f-8c3f-4503-9ec3-41c7d42ce711: created new log segment /workdir/hadoop-ozone/ozonefs/target/test-dir/MiniOzoneClusterImpl-32add812-2629-4863-a43e-a343e05546f3/datanode-2/data/ratis/98507e2f-8c3f-4503-9ec3-41c7d42ce711/current/log_inprogress_0
2019-09-19 10:29:46,288 [b949f978-e97b-4741-8244-536fe4f5bb8a:group-85B86B5D373F:LeaderElection102] INFO  impl.LeaderElection (LeaderElection.java:askForVotes(181)) - b949f978-e97b-4741-8244-536fe4f5bb8a:group-85B86B5D373F:LeaderElection102: begin an election at term 1 for -1: [b949f978-e97b-4741-8244-536fe4f5bb8a:192.168.157.204:35409], old=null
2019-09-19 10:29:46,289 [b949f978-e97b-4741-8244-536fe4f5bb8a:group-85B86B5D373F:LeaderElection102] INFO  impl.RoleInfo (RoleInfo.java:shutdownLeaderElection(134)) - b949f978-e97b-4741-8244-536fe4f5bb8a: shutdown LeaderElection
2019-09-19 10:29:46,289 [b949f978-e97b-4741-8244-536fe4f5bb8a:group-85B86B5D373F:LeaderElection102] INFO  impl.RaftServerImpl (RaftServerImpl.java:setRole(171)) - b949f978-e97b-4741-8244-536fe4f5bb8a:group-85B86B5D373F changes role from CANDIDATE to LEADER at term 1 for changeToLeader
2019-09-19 10:29:46,289 [b949f978-e97b-4741-8244-536fe4f5bb8a:group-85B86B5D373F:LeaderElection102] INFO  impl.RaftServerImpl (ServerState.java:setLeader(263)) - b949f978-e97b-4741-8244-536fe4f5bb8a:group-85B86B5D373F change Leader from null to b949f978-e97b-4741-8244-536fe4f5bb8a at term 1 for becomeLeader, leader elected after 5118ms
2019-09-19 10:29:46,289 [b949f978-e97b-4741-8244-536fe4f5bb8a:group-85B86B5D373F:LeaderElection102] INFO  server.RaftServerConfigKeys (ConfUtils.java:logGet(43)) - raft.server.staging.catchup.gap = 1000 (default)
2019-09-19 10:29:46,289 [b949f978-e97b-4741-8244-536fe4f5bb8a:group-85B86B5D373F:LeaderElection102] INFO  server.RaftServerConfigKeys (ConfUtils.java:logGet(43)) - raft.server.rpc.sleep.time = 25ms (default)
2019-09-19 10:29:46,289 [b949f978-e97b-4741-8244-536fe4f5bb8a:group-85B86B5D373F:LeaderElection102] INFO  server.RaftServerConfigKeys (ConfUtils.java:logGet(43)) - raft.server.write.element-limit = 4096 (default)
2019-09-19 10:29:46,290 [b949f978-e97b-4741-8244-536fe4f5bb8a:group-85B86B5D373F:LeaderElection102] INFO  server.RaftServerConfigKeys (ConfUtils.java:logGet(43)) - raft.server.watch.timeout = 10s (default)
2019-09-19 10:29:46,290 [b949f978-e97b-4741-8244-536fe4f5bb8a:group-85B86B5D373F:LeaderElection102] INFO  server.RaftServerConfigKeys (ConfUtils.java:logGet(43)) - raft.server.watch.timeout.denomination = 1s (default)
2019-09-19 10:29:46,290 [b949f978-e97b-4741-8244-536fe4f5bb8a:group-85B86B5D373F:LeaderElection102] INFO  server.RaftServerConfigKeys (ConfUtils.java:logGet(43)) - raft.server.watch.element-limit = 65536 (default)
2019-09-19 10:29:46,290 [b949f978-e97b-4741-8244-536fe4f5bb8a:group-85B86B5D373F:LeaderElection102] INFO  impl.RoleInfo (RoleInfo.java:updateAndGet(143)) - b949f978-e97b-4741-8244-536fe4f5bb8a: start LeaderState
2019-09-19 10:29:46,290 [b949f978-e97b-4741-8244-536fe4f5bb8a:group-85B86B5D373F:LeaderElection102] INFO  segmented.SegmentedRaftLogWorker (SegmentedRaftLogWorker.java:startLogSegment(380)) - b949f978-e97b-4741-8244-536fe4f5bb8a-SegmentedRaftLogWorker:Storage Directory /workdir/hadoop-ozone/ozonefs/target/test-dir/MiniOzoneClusterImpl-32add812-2629-4863-a43e-a343e05546f3/datanode-2/data/ratis/c33c8df5-3a5a-409e-aaa2-85b86b5d373f: Starting segment from index:0
2019-09-19 10:29:46,291 [b949f978-e97b-4741-8244-536fe4f5bb8a:group-85B86B5D373F:LeaderElection102] INFO  impl.RaftServerImpl (ServerState.java:setRaftConf(361)) - b949f978-e97b-4741-8244-536fe4f5bb8a:group-85B86B5D373F set configuration 0: [b949f978-e97b-4741-8244-536fe4f5bb8a:192.168.157.204:35409], old=null at 0
2019-09-19 10:29:46,299 [Thread-1547] INFO  impl.FollowerState (FollowerState.java:run(106)) - b949f978-e97b-4741-8244-536fe4f5bb8a:group-2601D720E65F changes to CANDIDATE, lastRpcTime:5165, electionTimeout:5165ms
2019-09-19 10:29:46,299 [Thread-1547] INFO  impl.RoleInfo (RoleInfo.java:shutdownFollowerState(121)) - b949f978-e97b-4741-8244-536fe4f5bb8a: shutdown FollowerState
2019-09-19 10:29:46,299 [Thread-1547] INFO  impl.RaftServerImpl (RaftServerImpl.java:setRole(171)) - b949f978-e97b-4741-8244-536fe4f5bb8a:group-2601D720E65F changes role from FOLLOWER to CANDIDATE at term 0 for changeToCandidate
2019-09-19 10:29:46,299 [Thread-1547] INFO  impl.RoleInfo (RoleInfo.java:updateAndGet(143)) - b949f978-e97b-4741-8244-536fe4f5bb8a: start LeaderElection
2019-09-19 10:29:46,325 [Thread-1553] INFO  impl.FollowerState (FollowerState.java:run(106)) - 4c16d390-576f-4855-a796-467600b42ac4:group-DCA09A2A5ACE changes to CANDIDATE, lastRpcTime:5109, electionTimeout:5093ms
2019-09-19 10:29:46,325 [Thread-1553] INFO  impl.RoleInfo (RoleInfo.java:shutdownFollowerState(121)) - 4c16d390-576f-4855-a796-467600b42ac4: shutdown FollowerState
2019-09-19 10:29:46,325 [Thread-1553] INFO  impl.RaftServerImpl (RaftServerImpl.java:setRole(171)) - 4c16d390-576f-4855-a796-467600b42ac4:group-DCA09A2A5ACE changes role from FOLLOWER to CANDIDATE at term 0 for changeToCandidate
2019-09-19 10:29:46,325 [Thread-1553] INFO  impl.RoleInfo (RoleInfo.java:updateAndGet(143)) - 4c16d390-576f-4855-a796-467600b42ac4: start LeaderElection
2019-09-19 10:29:46,338 [b949f978-e97b-4741-8244-536fe4f5bb8a-SegmentedRaftLogWorker:Storage Directory /workdir/hadoop-ozone/ozonefs/target/test-dir/MiniOzoneClusterImpl-32add812-2629-4863-a43e-a343e05546f3/datanode-2/data/ratis/c33c8df5-3a5a-409e-aaa2-85b86b5d373f] INFO  segmented.SegmentedRaftLogWorker (SegmentedRaftLogWorker.java:execute(569)) - b949f978-e97b-4741-8244-536fe4f5bb8a-SegmentedRaftLogWorker:Storage Directory /workdir/hadoop-ozone/ozonefs/target/test-dir/MiniOzoneClusterImpl-32add812-2629-4863-a43e-a343e05546f3/datanode-2/data/ratis/c33c8df5-3a5a-409e-aaa2-85b86b5d373f: created new log segment /workdir/hadoop-ozone/ozonefs/target/test-dir/MiniOzoneClusterImpl-32add812-2629-4863-a43e-a343e05546f3/datanode-2/data/ratis/c33c8df5-3a5a-409e-aaa2-85b86b5d373f/current/log_inprogress_0
2019-09-19 10:29:46,338 [4c16d390-576f-4855-a796-467600b42ac4:group-DCA09A2A5ACE:LeaderElection104] INFO  impl.LeaderElection (LeaderElection.java:askForVotes(181)) - 4c16d390-576f-4855-a796-467600b42ac4:group-DCA09A2A5ACE:LeaderElection104: begin an election at term 1 for -1: [4c16d390-576f-4855-a796-467600b42ac4:192.168.157.204:46105], old=null
2019-09-19 10:29:46,338 [b949f978-e97b-4741-8244-536fe4f5bb8a:group-2601D720E65F:LeaderElection103] INFO  impl.LeaderElection (LeaderElection.java:askForVotes(181)) - b949f978-e97b-4741-8244-536fe4f5bb8a:group-2601D720E65F:LeaderElection103: begin an election at term 1 for -1: [b949f978-e97b-4741-8244-536fe4f5bb8a:192.168.157.204:35409], old=null
2019-09-19 10:29:46,338 [4c16d390-576f-4855-a796-467600b42ac4:group-DCA09A2A5ACE:LeaderElection104] INFO  impl.RoleInfo (RoleInfo.java:shutdownLeaderElection(134)) - 4c16d390-576f-4855-a796-467600b42ac4: shutdown LeaderElection
2019-09-19 10:29:46,338 [b949f978-e97b-4741-8244-536fe4f5bb8a:group-2601D720E65F:LeaderElection103] INFO  impl.RoleInfo (RoleInfo.java:shutdownLeaderElection(134)) - b949f978-e97b-4741-8244-536fe4f5bb8a: shutdown LeaderElection
2019-09-19 10:29:46,338 [4c16d390-576f-4855-a796-467600b42ac4:group-DCA09A2A5ACE:LeaderElection104] INFO  impl.RaftServerImpl (RaftServerImpl.java:setRole(171)) - 4c16d390-576f-4855-a796-467600b42ac4:group-DCA09A2A5ACE changes role from CANDIDATE to LEADER at term 1 for changeToLeader
2019-09-19 10:29:46,338 [b949f978-e97b-4741-8244-536fe4f5bb8a:group-2601D720E65F:LeaderElection103] INFO  impl.RaftServerImpl (RaftServerImpl.java:setRole(171)) - b949f978-e97b-4741-8244-536fe4f5bb8a:group-2601D720E65F changes role from CANDIDATE to LEADER at term 1 for changeToLeader
2019-09-19 10:29:46,339 [4c16d390-576f-4855-a796-467600b42ac4:group-DCA09A2A5ACE:LeaderElection104] INFO  impl.RaftServerImpl (ServerState.java:setLeader(263)) - 4c16d390-576f-4855-a796-467600b42ac4:group-DCA09A2A5ACE change Leader from null to 4c16d390-576f-4855-a796-467600b42ac4 at term 1 for becomeLeader, leader elected after 5125ms
2019-09-19 10:29:46,339 [b949f978-e97b-4741-8244-536fe4f5bb8a:group-2601D720E65F:LeaderElection103] INFO  impl.RaftServerImpl (ServerState.java:setLeader(263)) - b949f978-e97b-4741-8244-536fe4f5bb8a:group-2601D720E65F change Leader from null to b949f978-e97b-4741-8244-536fe4f5bb8a at term 1 for becomeLeader, leader elected after 5208ms
2019-09-19 10:29:46,339 [4c16d390-576f-4855-a796-467600b42ac4:group-DCA09A2A5ACE:LeaderElection104] INFO  server.RaftServerConfigKeys (ConfUtils.java:logGet(43)) - raft.server.staging.catchup.gap = 1000 (default)
2019-09-19 10:29:46,339 [b949f978-e97b-4741-8244-536fe4f5bb8a:group-2601D720E65F:LeaderElection103] INFO  server.RaftServerConfigKeys (ConfUtils.java:logGet(43)) - raft.server.staging.catchup.gap = 1000 (default)
2019-09-19 10:29:46,339 [4c16d390-576f-4855-a796-467600b42ac4:group-DCA09A2A5ACE:LeaderElection104] INFO  server.RaftServerConfigKeys (ConfUtils.java:logGet(43)) - raft.server.rpc.sleep.time = 25ms (default)
2019-09-19 10:29:46,339 [b949f978-e97b-4741-8244-536fe4f5bb8a:group-2601D720E65F:LeaderElection103] INFO  server.RaftServerConfigKeys (ConfUtils.java:logGet(43)) - raft.server.rpc.sleep.time = 25ms (default)
2019-09-19 10:29:46,339 [4c16d390-576f-4855-a796-467600b42ac4:group-DCA09A2A5ACE:LeaderElection104] INFO  server.RaftServerConfigKeys (ConfUtils.java:logGet(43)) - raft.server.write.element-limit = 4096 (default)
2019-09-19 10:29:46,339 [b949f978-e97b-4741-8244-536fe4f5bb8a:group-2601D720E65F:LeaderElection103] INFO  server.RaftServerConfigKeys (ConfUtils.java:logGet(43)) - raft.server.write.element-limit = 4096 (default)
2019-09-19 10:29:46,339 [4c16d390-576f-4855-a796-467600b42ac4:group-DCA09A2A5ACE:LeaderElection104] INFO  server.RaftServerConfigKeys (ConfUtils.java:logGet(43)) - raft.server.watch.timeout = 10s (default)
2019-09-19 10:29:46,340 [b949f978-e97b-4741-8244-536fe4f5bb8a:group-2601D720E65F:LeaderElection103] INFO  server.RaftServerConfigKeys (ConfUtils.java:logGet(43)) - raft.server.watch.timeout = 10s (default)
2019-09-19 10:29:46,340 [4c16d390-576f-4855-a796-467600b42ac4:group-DCA09A2A5ACE:LeaderElection104] INFO  server.RaftServerConfigKeys (ConfUtils.java:logGet(43)) - raft.server.watch.timeout.denomination = 1s (default)
2019-09-19 10:29:46,340 [b949f978-e97b-4741-8244-536fe4f5bb8a:group-2601D720E65F:LeaderElection103] INFO  server.RaftServerConfigKeys (ConfUtils.java:logGet(43)) - raft.server.watch.timeout.denomination = 1s (default)
2019-09-19 10:29:46,340 [4c16d390-576f-4855-a796-467600b42ac4:group-DCA09A2A5ACE:LeaderElection104] INFO  server.RaftServerConfigKeys (ConfUtils.java:logGet(43)) - raft.server.watch.element-limit = 65536 (default)
2019-09-19 10:29:46,340 [b949f978-e97b-4741-8244-536fe4f5bb8a:group-2601D720E65F:LeaderElection103] INFO  server.RaftServerConfigKeys (ConfUtils.java:logGet(43)) - raft.server.watch.element-limit = 65536 (default)
2019-09-19 10:29:46,340 [4c16d390-576f-4855-a796-467600b42ac4:group-DCA09A2A5ACE:LeaderElection104] INFO  impl.RoleInfo (RoleInfo.java:updateAndGet(143)) - 4c16d390-576f-4855-a796-467600b42ac4: start LeaderState
2019-09-19 10:29:46,340 [b949f978-e97b-4741-8244-536fe4f5bb8a:group-2601D720E65F:LeaderElection103] INFO  impl.RoleInfo (RoleInfo.java:updateAndGet(143)) - b949f978-e97b-4741-8244-536fe4f5bb8a: start LeaderState
2019-09-19 10:29:46,340 [4c16d390-576f-4855-a796-467600b42ac4:group-DCA09A2A5ACE:LeaderElection104] INFO  segmented.SegmentedRaftLogWorker (SegmentedRaftLogWorker.java:startLogSegment(380)) - 4c16d390-576f-4855-a796-467600b42ac4-SegmentedRaftLogWorker:Storage Directory /workdir/hadoop-ozone/ozonefs/target/test-dir/MiniOzoneClusterImpl-32add812-2629-4863-a43e-a343e05546f3/datanode-1/data/ratis/45a52f54-df3f-460b-b9af-dca09a2a5ace: Starting segment from index:0
2019-09-19 10:29:46,341 [b949f978-e97b-4741-8244-536fe4f5bb8a:group-2601D720E65F:LeaderElection103] INFO  segmented.SegmentedRaftLogWorker (SegmentedRaftLogWorker.java:startLogSegment(380)) - b949f978-e97b-4741-8244-536fe4f5bb8a-SegmentedRaftLogWorker:Storage Directory /workdir/hadoop-ozone/ozonefs/target/test-dir/MiniOzoneClusterImpl-32add812-2629-4863-a43e-a343e05546f3/datanode-2/data/ratis/d5b82556-2ad1-4c86-b1de-2601d720e65f: Starting segment from index:0
2019-09-19 10:29:46,341 [4c16d390-576f-4855-a796-467600b42ac4:group-DCA09A2A5ACE:LeaderElection104] INFO  impl.RaftServerImpl (ServerState.java:setRaftConf(361)) - 4c16d390-576f-4855-a796-467600b42ac4:group-DCA09A2A5ACE set configuration 0: [4c16d390-576f-4855-a796-467600b42ac4:192.168.157.204:46105], old=null at 0
2019-09-19 10:29:46,341 [b949f978-e97b-4741-8244-536fe4f5bb8a:group-2601D720E65F:LeaderElection103] INFO  impl.RaftServerImpl (ServerState.java:setRaftConf(361)) - b949f978-e97b-4741-8244-536fe4f5bb8a:group-2601D720E65F set configuration 0: [b949f978-e97b-4741-8244-536fe4f5bb8a:192.168.157.204:35409], old=null at 0
2019-09-19 10:29:46,346 [Thread-1559] INFO  impl.FollowerState (FollowerState.java:run(106)) - b949f978-e97b-4741-8244-536fe4f5bb8a:group-C20FBC962338 changes to CANDIDATE, lastRpcTime:5074, electionTimeout:5074ms
2019-09-19 10:29:46,346 [Thread-1559] INFO  impl.RoleInfo (RoleInfo.java:shutdownFollowerState(121)) - b949f978-e97b-4741-8244-536fe4f5bb8a: shutdown FollowerState
2019-09-19 10:29:46,346 [Thread-1559] INFO  impl.RaftServerImpl (RaftServerImpl.java:setRole(171)) - b949f978-e97b-4741-8244-536fe4f5bb8a:group-C20FBC962338 changes role from FOLLOWER to CANDIDATE at term 0 for changeToCandidate
2019-09-19 10:29:46,346 [Thread-1559] INFO  impl.RoleInfo (RoleInfo.java:updateAndGet(143)) - b949f978-e97b-4741-8244-536fe4f5bb8a: start LeaderElection
2019-09-19 10:29:46,383 [Thread-1556] INFO  impl.FollowerState (FollowerState.java:run(106)) - b949f978-e97b-4741-8244-536fe4f5bb8a:group-E32FE6F18630 changes to CANDIDATE, lastRpcTime:5130, electionTimeout:5113ms
2019-09-19 10:29:46,383 [Thread-1562] INFO  impl.FollowerState (FollowerState.java:run(106)) - 4c16d390-576f-4855-a796-467600b42ac4:group-19DD1C60FE20 changes to CANDIDATE, lastRpcTime:5081, electionTimeout:5057ms
2019-09-19 10:29:46,383 [Thread-1556] INFO  impl.RoleInfo (RoleInfo.java:shutdownFollowerState(121)) - b949f978-e97b-4741-8244-536fe4f5bb8a: shutdown FollowerState
2019-09-19 10:29:46,383 [Thread-1562] INFO  impl.RoleInfo (RoleInfo.java:shutdownFollowerState(121)) - 4c16d390-576f-4855-a796-467600b42ac4: shutdown FollowerState
2019-09-19 10:29:46,383 [Thread-1556] INFO  impl.RaftServerImpl (RaftServerImpl.java:setRole(171)) - b949f978-e97b-4741-8244-536fe4f5bb8a:group-E32FE6F18630 changes role from FOLLOWER to CANDIDATE at term 0 for changeToCandidate
2019-09-19 10:29:46,383 [Thread-1562] INFO  impl.RaftServerImpl (RaftServerImpl.java:setRole(171)) - 4c16d390-576f-4855-a796-467600b42ac4:group-19DD1C60FE20 changes role from FOLLOWER to CANDIDATE at term 0 for changeToCandidate
2019-09-19 10:29:46,383 [Thread-1556] INFO  impl.RoleInfo (RoleInfo.java:updateAndGet(143)) - b949f978-e97b-4741-8244-536fe4f5bb8a: start LeaderElection
2019-09-19 10:29:46,383 [Thread-1562] INFO  impl.RoleInfo (RoleInfo.java:updateAndGet(143)) - 4c16d390-576f-4855-a796-467600b42ac4: start LeaderElection
2019-09-19 10:29:46,392 | INFO  | SCMAudit | user=jenkins1000 | ip=192.168.157.204 | op=SEND_HEARTBEAT {datanodeUUID=b949f978-e97b-4741-8244-536fe4f5bb8a, command=[]} | ret=SUCCESS |  
2019-09-19 10:29:46,403 [b949f978-e97b-4741-8244-536fe4f5bb8a-SegmentedRaftLogWorker:Storage Directory /workdir/hadoop-ozone/ozonefs/target/test-dir/MiniOzoneClusterImpl-32add812-2629-4863-a43e-a343e05546f3/datanode-2/data/ratis/d5b82556-2ad1-4c86-b1de-2601d720e65f] INFO  segmented.SegmentedRaftLogWorker (SegmentedRaftLogWorker.java:execute(569)) - b949f978-e97b-4741-8244-536fe4f5bb8a-SegmentedRaftLogWorker:Storage Directory /workdir/hadoop-ozone/ozonefs/target/test-dir/MiniOzoneClusterImpl-32add812-2629-4863-a43e-a343e05546f3/datanode-2/data/ratis/d5b82556-2ad1-4c86-b1de-2601d720e65f: created new log segment /workdir/hadoop-ozone/ozonefs/target/test-dir/MiniOzoneClusterImpl-32add812-2629-4863-a43e-a343e05546f3/datanode-2/data/ratis/d5b82556-2ad1-4c86-b1de-2601d720e65f/current/log_inprogress_0
2019-09-19 10:29:46,403 [b949f978-e97b-4741-8244-536fe4f5bb8a:group-E32FE6F18630:LeaderElection106] INFO  impl.LeaderElection (LeaderElection.java:askForVotes(181)) - b949f978-e97b-4741-8244-536fe4f5bb8a:group-E32FE6F18630:LeaderElection106: begin an election at term 1 for -1: [b949f978-e97b-4741-8244-536fe4f5bb8a:192.168.157.204:35409], old=null
2019-09-19 10:29:46,403 [4c16d390-576f-4855-a796-467600b42ac4:group-19DD1C60FE20:LeaderElection107] INFO  impl.LeaderElection (LeaderElection.java:askForVotes(181)) - 4c16d390-576f-4855-a796-467600b42ac4:group-19DD1C60FE20:LeaderElection107: begin an election at term 1 for -1: [4c16d390-576f-4855-a796-467600b42ac4:192.168.157.204:46105], old=null
2019-09-19 10:29:46,403 [4c16d390-576f-4855-a796-467600b42ac4-SegmentedRaftLogWorker:Storage Directory /workdir/hadoop-ozone/ozonefs/target/test-dir/MiniOzoneClusterImpl-32add812-2629-4863-a43e-a343e05546f3/datanode-1/data/ratis/45a52f54-df3f-460b-b9af-dca09a2a5ace] INFO  segmented.SegmentedRaftLogWorker (SegmentedRaftLogWorker.java:execute(569)) - 4c16d390-576f-4855-a796-467600b42ac4-SegmentedRaftLogWorker:Storage Directory /workdir/hadoop-ozone/ozonefs/target/test-dir/MiniOzoneClusterImpl-32add812-2629-4863-a43e-a343e05546f3/datanode-1/data/ratis/45a52f54-df3f-460b-b9af-dca09a2a5ace: created new log segment /workdir/hadoop-ozone/ozonefs/target/test-dir/MiniOzoneClusterImpl-32add812-2629-4863-a43e-a343e05546f3/datanode-1/data/ratis/45a52f54-df3f-460b-b9af-dca09a2a5ace/current/log_inprogress_0
2019-09-19 10:29:46,403 [b949f978-e97b-4741-8244-536fe4f5bb8a:group-C20FBC962338:LeaderElection105] INFO  impl.LeaderElection (LeaderElection.java:askForVotes(181)) - b949f978-e97b-4741-8244-536fe4f5bb8a:group-C20FBC962338:LeaderElection105: begin an election at term 1 for -1: [b949f978-e97b-4741-8244-536fe4f5bb8a:192.168.157.204:35409], old=null
2019-09-19 10:29:46,404 [4c16d390-576f-4855-a796-467600b42ac4:group-19DD1C60FE20:LeaderElection107] INFO  impl.RoleInfo (RoleInfo.java:shutdownLeaderElection(134)) - 4c16d390-576f-4855-a796-467600b42ac4: shutdown LeaderElection
2019-09-19 10:29:46,404 [b949f978-e97b-4741-8244-536fe4f5bb8a:group-E32FE6F18630:LeaderElection106] INFO  impl.RoleInfo (RoleInfo.java:shutdownLeaderElection(134)) - b949f978-e97b-4741-8244-536fe4f5bb8a: shutdown LeaderElection
2019-09-19 10:29:46,404 [4c16d390-576f-4855-a796-467600b42ac4:group-19DD1C60FE20:LeaderElection107] INFO  impl.RaftServerImpl (RaftServerImpl.java:setRole(171)) - 4c16d390-576f-4855-a796-467600b42ac4:group-19DD1C60FE20 changes role from CANDIDATE to LEADER at term 1 for changeToLeader
2019-09-19 10:29:46,404 [b949f978-e97b-4741-8244-536fe4f5bb8a:group-C20FBC962338:LeaderElection105] INFO  impl.RoleInfo (RoleInfo.java:shutdownLeaderElection(134)) - b949f978-e97b-4741-8244-536fe4f5bb8a: shutdown LeaderElection
2019-09-19 10:29:46,404 [4c16d390-576f-4855-a796-467600b42ac4:group-19DD1C60FE20:LeaderElection107] INFO  impl.RaftServerImpl (ServerState.java:setLeader(263)) - 4c16d390-576f-4855-a796-467600b42ac4:group-19DD1C60FE20 change Leader from null to 4c16d390-576f-4855-a796-467600b42ac4 at term 1 for becomeLeader, leader elected after 5106ms
2019-09-19 10:29:46,404 [b949f978-e97b-4741-8244-536fe4f5bb8a:group-E32FE6F18630:LeaderElection106] INFO  impl.RaftServerImpl (RaftServerImpl.java:setRole(171)) - b949f978-e97b-4741-8244-536fe4f5bb8a:group-E32FE6F18630 changes role from CANDIDATE to LEADER at term 1 for changeToLeader
2019-09-19 10:29:46,405 [4c16d390-576f-4855-a796-467600b42ac4:group-19DD1C60FE20:LeaderElection107] INFO  server.RaftServerConfigKeys (ConfUtils.java:logGet(43)) - raft.server.staging.catchup.gap = 1000 (default)
2019-09-19 10:29:46,404 [b949f978-e97b-4741-8244-536fe4f5bb8a:group-C20FBC962338:LeaderElection105] INFO  impl.RaftServerImpl (RaftServerImpl.java:setRole(171)) - b949f978-e97b-4741-8244-536fe4f5bb8a:group-C20FBC962338 changes role from CANDIDATE to LEADER at term 1 for changeToLeader
2019-09-19 10:29:46,405 [4c16d390-576f-4855-a796-467600b42ac4:group-19DD1C60FE20:LeaderElection107] INFO  server.RaftServerConfigKeys (ConfUtils.java:logGet(43)) - raft.server.rpc.sleep.time = 25ms (default)
2019-09-19 10:29:46,405 [b949f978-e97b-4741-8244-536fe4f5bb8a:group-E32FE6F18630:LeaderElection106] INFO  impl.RaftServerImpl (ServerState.java:setLeader(263)) - b949f978-e97b-4741-8244-536fe4f5bb8a:group-E32FE6F18630 change Leader from null to b949f978-e97b-4741-8244-536fe4f5bb8a at term 1 for becomeLeader, leader elected after 5155ms
2019-09-19 10:29:46,405 [4c16d390-576f-4855-a796-467600b42ac4:group-19DD1C60FE20:LeaderElection107] INFO  server.RaftServerConfigKeys (ConfUtils.java:logGet(43)) - raft.server.write.element-limit = 4096 (default)
2019-09-19 10:29:46,405 [b949f978-e97b-4741-8244-536fe4f5bb8a:group-C20FBC962338:LeaderElection105] INFO  impl.RaftServerImpl (ServerState.java:setLeader(263)) - b949f978-e97b-4741-8244-536fe4f5bb8a:group-C20FBC962338 change Leader from null to b949f978-e97b-4741-8244-536fe4f5bb8a at term 1 for becomeLeader, leader elected after 5136ms
2019-09-19 10:29:46,406 [4c16d390-576f-4855-a796-467600b42ac4:group-19DD1C60FE20:LeaderElection107] INFO  server.RaftServerConfigKeys (ConfUtils.java:logGet(43)) - raft.server.watch.timeout = 10s (default)
2019-09-19 10:29:46,405 [b949f978-e97b-4741-8244-536fe4f5bb8a:group-E32FE6F18630:LeaderElection106] INFO  server.RaftServerConfigKeys (ConfUtils.java:logGet(43)) - raft.server.staging.catchup.gap = 1000 (default)
2019-09-19 10:29:46,406 [4c16d390-576f-4855-a796-467600b42ac4:group-19DD1C60FE20:LeaderElection107] INFO  server.RaftServerConfigKeys (ConfUtils.java:logGet(43)) - raft.server.watch.timeout.denomination = 1s (default)
2019-09-19 10:29:46,406 [b949f978-e97b-4741-8244-536fe4f5bb8a:group-C20FBC962338:LeaderElection105] INFO  server.RaftServerConfigKeys (ConfUtils.java:logGet(43)) - raft.server.staging.catchup.gap = 1000 (default)
2019-09-19 10:29:46,406 [4c16d390-576f-4855-a796-467600b42ac4:group-19DD1C60FE20:LeaderElection107] INFO  server.RaftServerConfigKeys (ConfUtils.java:logGet(43)) - raft.server.watch.element-limit = 65536 (default)
2019-09-19 10:29:46,406 [b949f978-e97b-4741-8244-536fe4f5bb8a:group-E32FE6F18630:LeaderElection106] INFO  server.RaftServerConfigKeys (ConfUtils.java:logGet(43)) - raft.server.rpc.sleep.time = 25ms (default)
2019-09-19 10:29:46,406 [4c16d390-576f-4855-a796-467600b42ac4:group-19DD1C60FE20:LeaderElection107] INFO  impl.RoleInfo (RoleInfo.java:updateAndGet(143)) - 4c16d390-576f-4855-a796-467600b42ac4: start LeaderState
2019-09-19 10:29:46,406 [b949f978-e97b-4741-8244-536fe4f5bb8a:group-C20FBC962338:LeaderElection105] INFO  server.RaftServerConfigKeys (ConfUtils.java:logGet(43)) - raft.server.rpc.sleep.time = 25ms (default)
2019-09-19 10:29:46,406 [b949f978-e97b-4741-8244-536fe4f5bb8a:group-E32FE6F18630:LeaderElection106] INFO  server.RaftServerConfigKeys (ConfUtils.java:logGet(43)) - raft.server.write.element-limit = 4096 (default)
2019-09-19 10:29:46,407 [4c16d390-576f-4855-a796-467600b42ac4:group-19DD1C60FE20:LeaderElection107] INFO  segmented.SegmentedRaftLogWorker (SegmentedRaftLogWorker.java:startLogSegment(380)) - 4c16d390-576f-4855-a796-467600b42ac4-SegmentedRaftLogWorker:Storage Directory /workdir/hadoop-ozone/ozonefs/target/test-dir/MiniOzoneClusterImpl-32add812-2629-4863-a43e-a343e05546f3/datanode-1/data/ratis/c0f25587-0f4f-4693-bd76-19dd1c60fe20: Starting segment from index:0
2019-09-19 10:29:46,407 [b949f978-e97b-4741-8244-536fe4f5bb8a:group-C20FBC962338:LeaderElection105] INFO  server.RaftServerConfigKeys (ConfUtils.java:logGet(43)) - raft.server.write.element-limit = 4096 (default)
2019-09-19 10:29:46,407 [b949f978-e97b-4741-8244-536fe4f5bb8a:group-E32FE6F18630:LeaderElection106] INFO  server.RaftServerConfigKeys (ConfUtils.java:logGet(43)) - raft.server.watch.timeout = 10s (default)
2019-09-19 10:29:46,407 [b949f978-e97b-4741-8244-536fe4f5bb8a:group-C20FBC962338:LeaderElection105] INFO  server.RaftServerConfigKeys (ConfUtils.java:logGet(43)) - raft.server.watch.timeout = 10s (default)
2019-09-19 10:29:46,407 [b949f978-e97b-4741-8244-536fe4f5bb8a:group-E32FE6F18630:LeaderElection106] INFO  server.RaftServerConfigKeys (ConfUtils.java:logGet(43)) - raft.server.watch.timeout.denomination = 1s (default)
2019-09-19 10:29:46,407 [4c16d390-576f-4855-a796-467600b42ac4:group-19DD1C60FE20:LeaderElection107] INFO  impl.RaftServerImpl (ServerState.java:setRaftConf(361)) - 4c16d390-576f-4855-a796-467600b42ac4:group-19DD1C60FE20 set configuration 0: [4c16d390-576f-4855-a796-467600b42ac4:192.168.157.204:46105], old=null at 0
2019-09-19 10:29:46,407 [b949f978-e97b-4741-8244-536fe4f5bb8a:group-C20FBC962338:LeaderElection105] INFO  server.RaftServerConfigKeys (ConfUtils.java:logGet(43)) - raft.server.watch.timeout.denomination = 1s (default)
2019-09-19 10:29:46,408 [b949f978-e97b-4741-8244-536fe4f5bb8a:group-E32FE6F18630:LeaderElection106] INFO  server.RaftServerConfigKeys (ConfUtils.java:logGet(43)) - raft.server.watch.element-limit = 65536 (default)
2019-09-19 10:29:46,408 [b949f978-e97b-4741-8244-536fe4f5bb8a:group-C20FBC962338:LeaderElection105] INFO  server.RaftServerConfigKeys (ConfUtils.java:logGet(43)) - raft.server.watch.element-limit = 65536 (default)
2019-09-19 10:29:46,408 [b949f978-e97b-4741-8244-536fe4f5bb8a:group-E32FE6F18630:LeaderElection106] INFO  impl.RoleInfo (RoleInfo.java:updateAndGet(143)) - b949f978-e97b-4741-8244-536fe4f5bb8a: start LeaderState
2019-09-19 10:29:46,408 [b949f978-e97b-4741-8244-536fe4f5bb8a:group-C20FBC962338:LeaderElection105] INFO  impl.RoleInfo (RoleInfo.java:updateAndGet(143)) - b949f978-e97b-4741-8244-536fe4f5bb8a: start LeaderState
2019-09-19 10:29:46,408 [b949f978-e97b-4741-8244-536fe4f5bb8a:group-E32FE6F18630:LeaderElection106] INFO  segmented.SegmentedRaftLogWorker (SegmentedRaftLogWorker.java:startLogSegment(380)) - b949f978-e97b-4741-8244-536fe4f5bb8a-SegmentedRaftLogWorker:Storage Directory /workdir/hadoop-ozone/ozonefs/target/test-dir/MiniOzoneClusterImpl-32add812-2629-4863-a43e-a343e05546f3/datanode-2/data/ratis/290ac972-4fbf-40a9-9bdc-e32fe6f18630: Starting segment from index:0
2019-09-19 10:29:46,408 [b949f978-e97b-4741-8244-536fe4f5bb8a:group-C20FBC962338:LeaderElection105] INFO  segmented.SegmentedRaftLogWorker (SegmentedRaftLogWorker.java:startLogSegment(380)) - b949f978-e97b-4741-8244-536fe4f5bb8a-SegmentedRaftLogWorker:Storage Directory /workdir/hadoop-ozone/ozonefs/target/test-dir/MiniOzoneClusterImpl-32add812-2629-4863-a43e-a343e05546f3/datanode-2/data/ratis/0cf08d5c-f9cc-4f38-a8ee-c20fbc962338: Starting segment from index:0
2019-09-19 10:29:46,409 [b949f978-e97b-4741-8244-536fe4f5bb8a:group-E32FE6F18630:LeaderElection106] INFO  impl.RaftServerImpl (ServerState.java:setRaftConf(361)) - b949f978-e97b-4741-8244-536fe4f5bb8a:group-E32FE6F18630 set configuration 0: [b949f978-e97b-4741-8244-536fe4f5bb8a:192.168.157.204:35409], old=null at 0
2019-09-19 10:29:46,409 [b949f978-e97b-4741-8244-536fe4f5bb8a:group-C20FBC962338:LeaderElection105] INFO  impl.RaftServerImpl (ServerState.java:setRaftConf(361)) - b949f978-e97b-4741-8244-536fe4f5bb8a:group-C20FBC962338 set configuration 0: [b949f978-e97b-4741-8244-536fe4f5bb8a:192.168.157.204:35409], old=null at 0
2019-09-19 10:29:46,419 [Thread-1565] INFO  impl.FollowerState (FollowerState.java:run(106)) - 4c16d390-576f-4855-a796-467600b42ac4:group-90203D911A82 changes to CANDIDATE, lastRpcTime:5096, electionTimeout:5096ms
2019-09-19 10:29:46,420 [Thread-1565] INFO  impl.RoleInfo (RoleInfo.java:shutdownFollowerState(121)) - 4c16d390-576f-4855-a796-467600b42ac4: shutdown FollowerState
2019-09-19 10:29:46,420 [Thread-1565] INFO  impl.RaftServerImpl (RaftServerImpl.java:setRole(171)) - 4c16d390-576f-4855-a796-467600b42ac4:group-90203D911A82 changes role from FOLLOWER to CANDIDATE at term 0 for changeToCandidate
2019-09-19 10:29:46,420 [Thread-1565] INFO  impl.RoleInfo (RoleInfo.java:updateAndGet(143)) - 4c16d390-576f-4855-a796-467600b42ac4: start LeaderElection
2019-09-19 10:29:46,464 [4c16d390-576f-4855-a796-467600b42ac4-SegmentedRaftLogWorker:Storage Directory /workdir/hadoop-ozone/ozonefs/target/test-dir/MiniOzoneClusterImpl-32add812-2629-4863-a43e-a343e05546f3/datanode-1/data/ratis/c0f25587-0f4f-4693-bd76-19dd1c60fe20] INFO  segmented.SegmentedRaftLogWorker (SegmentedRaftLogWorker.java:execute(569)) - 4c16d390-576f-4855-a796-467600b42ac4-SegmentedRaftLogWorker:Storage Directory /workdir/hadoop-ozone/ozonefs/target/test-dir/MiniOzoneClusterImpl-32add812-2629-4863-a43e-a343e05546f3/datanode-1/data/ratis/c0f25587-0f4f-4693-bd76-19dd1c60fe20: created new log segment /workdir/hadoop-ozone/ozonefs/target/test-dir/MiniOzoneClusterImpl-32add812-2629-4863-a43e-a343e05546f3/datanode-1/data/ratis/c0f25587-0f4f-4693-bd76-19dd1c60fe20/current/log_inprogress_0
2019-09-19 10:29:46,464 [4c16d390-576f-4855-a796-467600b42ac4:group-90203D911A82:LeaderElection108] INFO  impl.LeaderElection (LeaderElection.java:askForVotes(181)) - 4c16d390-576f-4855-a796-467600b42ac4:group-90203D911A82:LeaderElection108: begin an election at term 1 for -1: [4c16d390-576f-4855-a796-467600b42ac4:192.168.157.204:46105], old=null
2019-09-19 10:29:46,464 [b949f978-e97b-4741-8244-536fe4f5bb8a-SegmentedRaftLogWorker:Storage Directory /workdir/hadoop-ozone/ozonefs/target/test-dir/MiniOzoneClusterImpl-32add812-2629-4863-a43e-a343e05546f3/datanode-2/data/ratis/0cf08d5c-f9cc-4f38-a8ee-c20fbc962338] INFO  segmented.SegmentedRaftLogWorker (SegmentedRaftLogWorker.java:execute(569)) - b949f978-e97b-4741-8244-536fe4f5bb8a-SegmentedRaftLogWorker:Storage Directory /workdir/hadoop-ozone/ozonefs/target/test-dir/MiniOzoneClusterImpl-32add812-2629-4863-a43e-a343e05546f3/datanode-2/data/ratis/0cf08d5c-f9cc-4f38-a8ee-c20fbc962338: created new log segment /workdir/hadoop-ozone/ozonefs/target/test-dir/MiniOzoneClusterImpl-32add812-2629-4863-a43e-a343e05546f3/datanode-2/data/ratis/0cf08d5c-f9cc-4f38-a8ee-c20fbc962338/current/log_inprogress_0
2019-09-19 10:29:46,464 [b949f978-e97b-4741-8244-536fe4f5bb8a-SegmentedRaftLogWorker:Storage Directory /workdir/hadoop-ozone/ozonefs/target/test-dir/MiniOzoneClusterImpl-32add812-2629-4863-a43e-a343e05546f3/datanode-2/data/ratis/290ac972-4fbf-40a9-9bdc-e32fe6f18630] INFO  segmented.SegmentedRaftLogWorker (SegmentedRaftLogWorker.java:execute(569)) - b949f978-e97b-4741-8244-536fe4f5bb8a-SegmentedRaftLogWorker:Storage Directory /workdir/hadoop-ozone/ozonefs/target/test-dir/MiniOzoneClusterImpl-32add812-2629-4863-a43e-a343e05546f3/datanode-2/data/ratis/290ac972-4fbf-40a9-9bdc-e32fe6f18630: created new log segment /workdir/hadoop-ozone/ozonefs/target/test-dir/MiniOzoneClusterImpl-32add812-2629-4863-a43e-a343e05546f3/datanode-2/data/ratis/290ac972-4fbf-40a9-9bdc-e32fe6f18630/current/log_inprogress_0
2019-09-19 10:29:46,465 [4c16d390-576f-4855-a796-467600b42ac4:group-90203D911A82:LeaderElection108] INFO  impl.RoleInfo (RoleInfo.java:shutdownLeaderElection(134)) - 4c16d390-576f-4855-a796-467600b42ac4: shutdown LeaderElection
2019-09-19 10:29:46,465 [4c16d390-576f-4855-a796-467600b42ac4:group-90203D911A82:LeaderElection108] INFO  impl.RaftServerImpl (RaftServerImpl.java:setRole(171)) - 4c16d390-576f-4855-a796-467600b42ac4:group-90203D911A82 changes role from CANDIDATE to LEADER at term 1 for changeToLeader
2019-09-19 10:29:46,465 [4c16d390-576f-4855-a796-467600b42ac4:group-90203D911A82:LeaderElection108] INFO  impl.RaftServerImpl (ServerState.java:setLeader(263)) - 4c16d390-576f-4855-a796-467600b42ac4:group-90203D911A82 change Leader from null to 4c16d390-576f-4855-a796-467600b42ac4 at term 1 for becomeLeader, leader elected after 5145ms
2019-09-19 10:29:46,465 [4c16d390-576f-4855-a796-467600b42ac4:group-90203D911A82:LeaderElection108] INFO  server.RaftServerConfigKeys (ConfUtils.java:logGet(43)) - raft.server.staging.catchup.gap = 1000 (default)
2019-09-19 10:29:46,465 [4c16d390-576f-4855-a796-467600b42ac4:group-90203D911A82:LeaderElection108] INFO  server.RaftServerConfigKeys (ConfUtils.java:logGet(43)) - raft.server.rpc.sleep.time = 25ms (default)
2019-09-19 10:29:46,465 [4c16d390-576f-4855-a796-467600b42ac4:group-90203D911A82:LeaderElection108] INFO  server.RaftServerConfigKeys (ConfUtils.java:logGet(43)) - raft.server.write.element-limit = 4096 (default)
2019-09-19 10:29:46,466 [4c16d390-576f-4855-a796-467600b42ac4:group-90203D911A82:LeaderElection108] INFO  server.RaftServerConfigKeys (ConfUtils.java:logGet(43)) - raft.server.watch.timeout = 10s (default)
2019-09-19 10:29:46,466 [4c16d390-576f-4855-a796-467600b42ac4:group-90203D911A82:LeaderElection108] INFO  server.RaftServerConfigKeys (ConfUtils.java:logGet(43)) - raft.server.watch.timeout.denomination = 1s (default)
2019-09-19 10:29:46,466 [4c16d390-576f-4855-a796-467600b42ac4:group-90203D911A82:LeaderElection108] INFO  server.RaftServerConfigKeys (ConfUtils.java:logGet(43)) - raft.server.watch.element-limit = 65536 (default)
2019-09-19 10:29:46,466 [4c16d390-576f-4855-a796-467600b42ac4:group-90203D911A82:LeaderElection108] INFO  impl.RoleInfo (RoleInfo.java:updateAndGet(143)) - 4c16d390-576f-4855-a796-467600b42ac4: start LeaderState
2019-09-19 10:29:46,466 [4c16d390-576f-4855-a796-467600b42ac4:group-90203D911A82:LeaderElection108] INFO  segmented.SegmentedRaftLogWorker (SegmentedRaftLogWorker.java:startLogSegment(380)) - 4c16d390-576f-4855-a796-467600b42ac4-SegmentedRaftLogWorker:Storage Directory /workdir/hadoop-ozone/ozonefs/target/test-dir/MiniOzoneClusterImpl-32add812-2629-4863-a43e-a343e05546f3/datanode-1/data/ratis/98ddf62f-99cf-4fba-a30f-90203d911a82: Starting segment from index:0
2019-09-19 10:29:46,467 [4c16d390-576f-4855-a796-467600b42ac4:group-90203D911A82:LeaderElection108] INFO  impl.RaftServerImpl (ServerState.java:setRaftConf(361)) - 4c16d390-576f-4855-a796-467600b42ac4:group-90203D911A82 set configuration 0: [4c16d390-576f-4855-a796-467600b42ac4:192.168.157.204:46105], old=null at 0
2019-09-19 10:29:46,502 [4c16d390-576f-4855-a796-467600b42ac4-SegmentedRaftLogWorker:Storage Directory /workdir/hadoop-ozone/ozonefs/target/test-dir/MiniOzoneClusterImpl-32add812-2629-4863-a43e-a343e05546f3/datanode-1/data/ratis/98ddf62f-99cf-4fba-a30f-90203d911a82] INFO  segmented.SegmentedRaftLogWorker (SegmentedRaftLogWorker.java:execute(569)) - 4c16d390-576f-4855-a796-467600b42ac4-SegmentedRaftLogWorker:Storage Directory /workdir/hadoop-ozone/ozonefs/target/test-dir/MiniOzoneClusterImpl-32add812-2629-4863-a43e-a343e05546f3/datanode-1/data/ratis/98ddf62f-99cf-4fba-a30f-90203d911a82: created new log segment /workdir/hadoop-ozone/ozonefs/target/test-dir/MiniOzoneClusterImpl-32add812-2629-4863-a43e-a343e05546f3/datanode-1/data/ratis/98ddf62f-99cf-4fba-a30f-90203d911a82/current/log_inprogress_0
2019-09-19 10:29:46,599 [Thread-1340] INFO  ozoneimpl.OzoneContainer (OzoneContainer.java:stop(199)) - Attempting to stop container services.
2019-09-19 10:29:46,599 [ForkJoinPool.commonPool-worker-1] INFO  ozoneimpl.OzoneContainer (OzoneContainer.java:stop(199)) - Attempting to stop container services.
2019-09-19 10:29:46,600 [Thread-1340] INFO  impl.RaftServerProxy (RaftServerProxy.java:lambda$close$4(314)) - 4c16d390-576f-4855-a796-467600b42ac4: close
2019-09-19 10:29:46,600 [ForkJoinPool.commonPool-worker-1] INFO  impl.RaftServerProxy (RaftServerProxy.java:lambda$close$4(314)) - 92d05276-1016-4158-a152-8ea5a77b5f75: close
2019-09-19 10:29:46,600 [Thread-1340] INFO  impl.RaftServerImpl (RaftServerImpl.java:lambda$shutdown$3(245)) - 4c16d390-576f-4855-a796-467600b42ac4: shutdown group-19DD1C60FE20
2019-09-19 10:29:46,600 [ForkJoinPool.commonPool-worker-1] INFO  impl.RaftServerImpl (RaftServerImpl.java:lambda$shutdown$3(245)) - 92d05276-1016-4158-a152-8ea5a77b5f75: shutdown group-B663AA522A15
2019-09-19 10:29:46,601 [Thread-1340] INFO  util.JmxRegister (JmxRegister.java:unregister(73)) - Successfully un-registered JMX Bean with object name Ratis:service=RaftServer,group=group-19DD1C60FE20,id=4c16d390-576f-4855-a796-467600b42ac4
2019-09-19 10:29:46,601 [ForkJoinPool.commonPool-worker-1] INFO  util.JmxRegister (JmxRegister.java:unregister(73)) - Successfully un-registered JMX Bean with object name Ratis:service=RaftServer,group=group-B663AA522A15,id=92d05276-1016-4158-a152-8ea5a77b5f75
2019-09-19 10:29:46,602 [ForkJoinPool.commonPool-worker-1] INFO  impl.RoleInfo (RoleInfo.java:shutdownLeaderState(104)) - 92d05276-1016-4158-a152-8ea5a77b5f75: shutdown LeaderState
2019-09-19 10:29:46,602 [Thread-1340] INFO  impl.RoleInfo (RoleInfo.java:shutdownLeaderState(104)) - 4c16d390-576f-4855-a796-467600b42ac4: shutdown LeaderState
2019-09-19 10:29:46,603 [ForkJoinPool.commonPool-worker-1] INFO  impl.PendingRequests (PendingRequests.java:sendNotLeaderResponses(202)) - 92d05276-1016-4158-a152-8ea5a77b5f75-PendingRequests: sendNotLeaderResponses
2019-09-19 10:29:46,603 [Thread-1340] INFO  impl.PendingRequests (PendingRequests.java:sendNotLeaderResponses(202)) - 4c16d390-576f-4855-a796-467600b42ac4-PendingRequests: sendNotLeaderResponses
2019-09-19 10:29:46,603 [ForkJoinPool.commonPool-worker-1] INFO  impl.StateMachineUpdater (StateMachineUpdater.java:stopAndJoin(115)) - StateMachineUpdater:92d05276-1016-4158-a152-8ea5a77b5f75:group-B663AA522A15: set stopIndex = 0
2019-09-19 10:29:46,604 [Thread-1340] INFO  impl.StateMachineUpdater (StateMachineUpdater.java:stopAndJoin(115)) - StateMachineUpdater:4c16d390-576f-4855-a796-467600b42ac4:group-19DD1C60FE20: set stopIndex = 0
2019-09-19 10:29:46,604 [ForkJoinPool.commonPool-worker-1] INFO  impl.RaftServerImpl (ServerState.java:close(394)) - 92d05276-1016-4158-a152-8ea5a77b5f75:group-B663AA522A15 closes. The last applied log index is 0
2019-09-19 10:29:46,604 [Thread-1340] INFO  impl.RaftServerImpl (ServerState.java:close(394)) - 4c16d390-576f-4855-a796-467600b42ac4:group-19DD1C60FE20 closes. The last applied log index is 0
2019-09-19 10:29:46,605 [92d05276-1016-4158-a152-8ea5a77b5f75-SegmentedRaftLogWorker:Storage Directory /workdir/hadoop-ozone/ozonefs/target/test-dir/MiniOzoneClusterImpl-32add812-2629-4863-a43e-a343e05546f3/datanode-0/data/ratis/a9930991-8f2c-437d-86c3-b663aa522a15] INFO  segmented.SegmentedRaftLogWorker (SegmentedRaftLogWorker.java:run(313)) - 92d05276-1016-4158-a152-8ea5a77b5f75-SegmentedRaftLogWorker:Storage Directory /workdir/hadoop-ozone/ozonefs/target/test-dir/MiniOzoneClusterImpl-32add812-2629-4863-a43e-a343e05546f3/datanode-0/data/ratis/a9930991-8f2c-437d-86c3-b663aa522a15 was interrupted, exiting. There are 0 tasks remaining in the queue.
2019-09-19 10:29:46,605 [4c16d390-576f-4855-a796-467600b42ac4-SegmentedRaftLogWorker:Storage Directory /workdir/hadoop-ozone/ozonefs/target/test-dir/MiniOzoneClusterImpl-32add812-2629-4863-a43e-a343e05546f3/datanode-1/data/ratis/c0f25587-0f4f-4693-bd76-19dd1c60fe20] INFO  segmented.SegmentedRaftLogWorker (SegmentedRaftLogWorker.java:run(313)) - 4c16d390-576f-4855-a796-467600b42ac4-SegmentedRaftLogWorker:Storage Directory /workdir/hadoop-ozone/ozonefs/target/test-dir/MiniOzoneClusterImpl-32add812-2629-4863-a43e-a343e05546f3/datanode-1/data/ratis/c0f25587-0f4f-4693-bd76-19dd1c60fe20 was interrupted, exiting. There are 0 tasks remaining in the queue.
2019-09-19 10:29:46,605 [ForkJoinPool.commonPool-worker-1] INFO  segmented.SegmentedRaftLogWorker (SegmentedRaftLogWorker.java:close(228)) - 92d05276-1016-4158-a152-8ea5a77b5f75-SegmentedRaftLogWorker:Storage Directory /workdir/hadoop-ozone/ozonefs/target/test-dir/MiniOzoneClusterImpl-32add812-2629-4863-a43e-a343e05546f3/datanode-0/data/ratis/a9930991-8f2c-437d-86c3-b663aa522a15 close()
2019-09-19 10:29:46,606 [Thread-1340] INFO  segmented.SegmentedRaftLogWorker (SegmentedRaftLogWorker.java:close(228)) - 4c16d390-576f-4855-a796-467600b42ac4-SegmentedRaftLogWorker:Storage Directory /workdir/hadoop-ozone/ozonefs/target/test-dir/MiniOzoneClusterImpl-32add812-2629-4863-a43e-a343e05546f3/datanode-1/data/ratis/c0f25587-0f4f-4693-bd76-19dd1c60fe20 close()
2019-09-19 10:29:46,608 [ForkJoinPool.commonPool-worker-1] INFO  impl.RaftServerImpl (RaftServerImpl.java:lambda$shutdown$3(245)) - 92d05276-1016-4158-a152-8ea5a77b5f75: shutdown group-C27D58512027
2019-09-19 10:29:46,610 [Thread-1340] INFO  impl.RaftServerImpl (RaftServerImpl.java:lambda$shutdown$3(245)) - 4c16d390-576f-4855-a796-467600b42ac4: shutdown group-BAF142061F52
2019-09-19 10:29:46,610 [ForkJoinPool.commonPool-worker-1] INFO  util.JmxRegister (JmxRegister.java:unregister(73)) - Successfully un-registered JMX Bean with object name Ratis:service=RaftServer,group=group-C27D58512027,id=92d05276-1016-4158-a152-8ea5a77b5f75
2019-09-19 10:29:46,610 [Thread-1340] INFO  util.JmxRegister (JmxRegister.java:unregister(73)) - Successfully un-registered JMX Bean with object name Ratis:service=RaftServer,group=group-BAF142061F52,id=4c16d390-576f-4855-a796-467600b42ac4
2019-09-19 10:29:46,611 [Thread-1340] INFO  impl.RoleInfo (RoleInfo.java:shutdownLeaderState(104)) - 4c16d390-576f-4855-a796-467600b42ac4: shutdown LeaderState
2019-09-19 10:29:46,610 [ForkJoinPool.commonPool-worker-1] INFO  impl.RoleInfo (RoleInfo.java:shutdownLeaderState(104)) - 92d05276-1016-4158-a152-8ea5a77b5f75: shutdown LeaderState
2019-09-19 10:29:46,611 [Thread-1340] INFO  impl.PendingRequests (PendingRequests.java:sendNotLeaderResponses(202)) - 4c16d390-576f-4855-a796-467600b42ac4-PendingRequests: sendNotLeaderResponses
2019-09-19 10:29:46,611 [ForkJoinPool.commonPool-worker-1] INFO  impl.PendingRequests (PendingRequests.java:sendNotLeaderResponses(202)) - 92d05276-1016-4158-a152-8ea5a77b5f75-PendingRequests: sendNotLeaderResponses
2019-09-19 10:29:46,612 [Thread-1340] INFO  impl.StateMachineUpdater (StateMachineUpdater.java:stopAndJoin(115)) - StateMachineUpdater:4c16d390-576f-4855-a796-467600b42ac4:group-BAF142061F52: set stopIndex = 0
2019-09-19 10:29:46,612 [ForkJoinPool.commonPool-worker-1] INFO  impl.StateMachineUpdater (StateMachineUpdater.java:stopAndJoin(115)) - StateMachineUpdater:92d05276-1016-4158-a152-8ea5a77b5f75:group-C27D58512027: set stopIndex = 0
2019-09-19 10:29:46,612 [Thread-1340] INFO  impl.RaftServerImpl (ServerState.java:close(394)) - 4c16d390-576f-4855-a796-467600b42ac4:group-BAF142061F52 closes. The last applied log index is 0
2019-09-19 10:29:46,613 [ForkJoinPool.commonPool-worker-1] INFO  impl.RaftServerImpl (ServerState.java:close(394)) - 92d05276-1016-4158-a152-8ea5a77b5f75:group-C27D58512027 closes. The last applied log index is 0
2019-09-19 10:29:46,613 [4c16d390-576f-4855-a796-467600b42ac4-SegmentedRaftLogWorker:Storage Directory /workdir/hadoop-ozone/ozonefs/target/test-dir/MiniOzoneClusterImpl-32add812-2629-4863-a43e-a343e05546f3/datanode-1/data/ratis/9aa87725-b5a0-4df2-b722-baf142061f52] INFO  segmented.SegmentedRaftLogWorker (SegmentedRaftLogWorker.java:run(313)) - 4c16d390-576f-4855-a796-467600b42ac4-SegmentedRaftLogWorker:Storage Directory /workdir/hadoop-ozone/ozonefs/target/test-dir/MiniOzoneClusterImpl-32add812-2629-4863-a43e-a343e05546f3/datanode-1/data/ratis/9aa87725-b5a0-4df2-b722-baf142061f52 was interrupted, exiting. There are 0 tasks remaining in the queue.
2019-09-19 10:29:46,613 [92d05276-1016-4158-a152-8ea5a77b5f75-SegmentedRaftLogWorker:Storage Directory /workdir/hadoop-ozone/ozonefs/target/test-dir/MiniOzoneClusterImpl-32add812-2629-4863-a43e-a343e05546f3/datanode-0/data/ratis/03d1c3a5-fb85-46ac-8893-c27d58512027] INFO  segmented.SegmentedRaftLogWorker (SegmentedRaftLogWorker.java:run(313)) - 92d05276-1016-4158-a152-8ea5a77b5f75-SegmentedRaftLogWorker:Storage Directory /workdir/hadoop-ozone/ozonefs/target/test-dir/MiniOzoneClusterImpl-32add812-2629-4863-a43e-a343e05546f3/datanode-0/data/ratis/03d1c3a5-fb85-46ac-8893-c27d58512027 was interrupted, exiting. There are 0 tasks remaining in the queue.
2019-09-19 10:29:46,613 [Thread-1340] INFO  segmented.SegmentedRaftLogWorker (SegmentedRaftLogWorker.java:close(228)) - 4c16d390-576f-4855-a796-467600b42ac4-SegmentedRaftLogWorker:Storage Directory /workdir/hadoop-ozone/ozonefs/target/test-dir/MiniOzoneClusterImpl-32add812-2629-4863-a43e-a343e05546f3/datanode-1/data/ratis/9aa87725-b5a0-4df2-b722-baf142061f52 close()
2019-09-19 10:29:46,614 [ForkJoinPool.commonPool-worker-1] INFO  segmented.SegmentedRaftLogWorker (SegmentedRaftLogWorker.java:close(228)) - 92d05276-1016-4158-a152-8ea5a77b5f75-SegmentedRaftLogWorker:Storage Directory /workdir/hadoop-ozone/ozonefs/target/test-dir/MiniOzoneClusterImpl-32add812-2629-4863-a43e-a343e05546f3/datanode-0/data/ratis/03d1c3a5-fb85-46ac-8893-c27d58512027 close()
2019-09-19 10:29:46,615 [Thread-1340] INFO  impl.RaftServerImpl (RaftServerImpl.java:lambda$shutdown$3(245)) - 4c16d390-576f-4855-a796-467600b42ac4: shutdown group-89B5797FCA74
2019-09-19 10:29:46,617 [ForkJoinPool.commonPool-worker-1] INFO  impl.RaftServerImpl (RaftServerImpl.java:lambda$shutdown$3(245)) - 92d05276-1016-4158-a152-8ea5a77b5f75: shutdown group-53E89520E79B
2019-09-19 10:29:46,617 [Thread-1340] INFO  util.JmxRegister (JmxRegister.java:unregister(73)) - Successfully un-registered JMX Bean with object name Ratis:service=RaftServer,group=group-89B5797FCA74,id=4c16d390-576f-4855-a796-467600b42ac4
2019-09-19 10:29:46,617 [ForkJoinPool.commonPool-worker-1] INFO  util.JmxRegister (JmxRegister.java:unregister(73)) - Successfully un-registered JMX Bean with object name Ratis:service=RaftServer,group=group-53E89520E79B,id=92d05276-1016-4158-a152-8ea5a77b5f75
2019-09-19 10:29:46,618 [Thread-1340] INFO  impl.RoleInfo (RoleInfo.java:shutdownLeaderState(104)) - 4c16d390-576f-4855-a796-467600b42ac4: shutdown LeaderState
2019-09-19 10:29:46,618 [ForkJoinPool.commonPool-worker-1] INFO  impl.RoleInfo (RoleInfo.java:shutdownLeaderState(104)) - 92d05276-1016-4158-a152-8ea5a77b5f75: shutdown LeaderState
2019-09-19 10:29:46,618 [Thread-1340] INFO  impl.PendingRequests (PendingRequests.java:sendNotLeaderResponses(202)) - 4c16d390-576f-4855-a796-467600b42ac4-PendingRequests: sendNotLeaderResponses
2019-09-19 10:29:46,619 [ForkJoinPool.commonPool-worker-1] INFO  impl.PendingRequests (PendingRequests.java:sendNotLeaderResponses(202)) - 92d05276-1016-4158-a152-8ea5a77b5f75-PendingRequests: sendNotLeaderResponses
2019-09-19 10:29:46,619 [Thread-1340] INFO  impl.StateMachineUpdater (StateMachineUpdater.java:stopAndJoin(115)) - StateMachineUpdater:4c16d390-576f-4855-a796-467600b42ac4:group-89B5797FCA74: set stopIndex = 0
2019-09-19 10:29:46,619 [ForkJoinPool.commonPool-worker-1] INFO  impl.StateMachineUpdater (StateMachineUpdater.java:stopAndJoin(115)) - StateMachineUpdater:92d05276-1016-4158-a152-8ea5a77b5f75:group-53E89520E79B: set stopIndex = 0
2019-09-19 10:29:46,620 [ForkJoinPool.commonPool-worker-1] INFO  impl.RaftServerImpl (ServerState.java:close(394)) - 92d05276-1016-4158-a152-8ea5a77b5f75:group-53E89520E79B closes. The last applied log index is 0
2019-09-19 10:29:46,619 [Thread-1340] INFO  impl.RaftServerImpl (ServerState.java:close(394)) - 4c16d390-576f-4855-a796-467600b42ac4:group-89B5797FCA74 closes. The last applied log index is 0
2019-09-19 10:29:46,620 [92d05276-1016-4158-a152-8ea5a77b5f75-SegmentedRaftLogWorker:Storage Directory /workdir/hadoop-ozone/ozonefs/target/test-dir/MiniOzoneClusterImpl-32add812-2629-4863-a43e-a343e05546f3/datanode-0/data/ratis/c57b60b3-e85c-403d-9ebc-53e89520e79b] INFO  segmented.SegmentedRaftLogWorker (SegmentedRaftLogWorker.java:run(313)) - 92d05276-1016-4158-a152-8ea5a77b5f75-SegmentedRaftLogWorker:Storage Directory /workdir/hadoop-ozone/ozonefs/target/test-dir/MiniOzoneClusterImpl-32add812-2629-4863-a43e-a343e05546f3/datanode-0/data/ratis/c57b60b3-e85c-403d-9ebc-53e89520e79b was interrupted, exiting. There are 0 tasks remaining in the queue.
2019-09-19 10:29:46,620 [4c16d390-576f-4855-a796-467600b42ac4-SegmentedRaftLogWorker:Storage Directory /workdir/hadoop-ozone/ozonefs/target/test-dir/MiniOzoneClusterImpl-32add812-2629-4863-a43e-a343e05546f3/datanode-1/data/ratis/016762b9-912a-42da-accb-89b5797fca74] INFO  segmented.SegmentedRaftLogWorker (SegmentedRaftLogWorker.java:run(313)) - 4c16d390-576f-4855-a796-467600b42ac4-SegmentedRaftLogWorker:Storage Directory /workdir/hadoop-ozone/ozonefs/target/test-dir/MiniOzoneClusterImpl-32add812-2629-4863-a43e-a343e05546f3/datanode-1/data/ratis/016762b9-912a-42da-accb-89b5797fca74 was interrupted, exiting. There are 0 tasks remaining in the queue.
2019-09-19 10:29:46,620 [ForkJoinPool.commonPool-worker-1] INFO  segmented.SegmentedRaftLogWorker (SegmentedRaftLogWorker.java:close(228)) - 92d05276-1016-4158-a152-8ea5a77b5f75-SegmentedRaftLogWorker:Storage Directory /workdir/hadoop-ozone/ozonefs/target/test-dir/MiniOzoneClusterImpl-32add812-2629-4863-a43e-a343e05546f3/datanode-0/data/ratis/c57b60b3-e85c-403d-9ebc-53e89520e79b close()
2019-09-19 10:29:46,621 [Thread-1340] INFO  segmented.SegmentedRaftLogWorker (SegmentedRaftLogWorker.java:close(228)) - 4c16d390-576f-4855-a796-467600b42ac4-SegmentedRaftLogWorker:Storage Directory /workdir/hadoop-ozone/ozonefs/target/test-dir/MiniOzoneClusterImpl-32add812-2629-4863-a43e-a343e05546f3/datanode-1/data/ratis/016762b9-912a-42da-accb-89b5797fca74 close()
2019-09-19 10:29:46,622 [ForkJoinPool.commonPool-worker-1] INFO  impl.RaftServerImpl (RaftServerImpl.java:lambda$shutdown$3(245)) - 92d05276-1016-4158-a152-8ea5a77b5f75: shutdown group-2325B9D771DD
2019-09-19 10:29:46,624 [Thread-1340] INFO  impl.RaftServerImpl (RaftServerImpl.java:lambda$shutdown$3(245)) - 4c16d390-576f-4855-a796-467600b42ac4: shutdown group-90203D911A82
2019-09-19 10:29:46,624 [ForkJoinPool.commonPool-worker-1] INFO  util.JmxRegister (JmxRegister.java:unregister(73)) - Successfully un-registered JMX Bean with object name Ratis:service=RaftServer,group=group-2325B9D771DD,id=92d05276-1016-4158-a152-8ea5a77b5f75
2019-09-19 10:29:46,625 [ForkJoinPool.commonPool-worker-1] INFO  impl.RoleInfo (RoleInfo.java:shutdownLeaderState(104)) - 92d05276-1016-4158-a152-8ea5a77b5f75: shutdown LeaderState
2019-09-19 10:29:46,624 [Thread-1340] INFO  util.JmxRegister (JmxRegister.java:unregister(73)) - Successfully un-registered JMX Bean with object name Ratis:service=RaftServer,group=group-90203D911A82,id=4c16d390-576f-4855-a796-467600b42ac4
2019-09-19 10:29:46,625 [ForkJoinPool.commonPool-worker-1] INFO  impl.PendingRequests (PendingRequests.java:sendNotLeaderResponses(202)) - 92d05276-1016-4158-a152-8ea5a77b5f75-PendingRequests: sendNotLeaderResponses
2019-09-19 10:29:46,625 [Thread-1340] INFO  impl.RoleInfo (RoleInfo.java:shutdownLeaderState(104)) - 4c16d390-576f-4855-a796-467600b42ac4: shutdown LeaderState
2019-09-19 10:29:46,626 [ForkJoinPool.commonPool-worker-1] INFO  impl.StateMachineUpdater (StateMachineUpdater.java:stopAndJoin(115)) - StateMachineUpdater:92d05276-1016-4158-a152-8ea5a77b5f75:group-2325B9D771DD: set stopIndex = 0
2019-09-19 10:29:46,626 [Thread-1340] INFO  impl.PendingRequests (PendingRequests.java:sendNotLeaderResponses(202)) - 4c16d390-576f-4855-a796-467600b42ac4-PendingRequests: sendNotLeaderResponses
2019-09-19 10:29:46,626 [ForkJoinPool.commonPool-worker-1] INFO  impl.RaftServerImpl (ServerState.java:close(394)) - 92d05276-1016-4158-a152-8ea5a77b5f75:group-2325B9D771DD closes. The last applied log index is 0
2019-09-19 10:29:46,627 [Thread-1340] INFO  impl.StateMachineUpdater (StateMachineUpdater.java:stopAndJoin(115)) - StateMachineUpdater:4c16d390-576f-4855-a796-467600b42ac4:group-90203D911A82: set stopIndex = 0
2019-09-19 10:29:46,627 [92d05276-1016-4158-a152-8ea5a77b5f75-SegmentedRaftLogWorker:Storage Directory /workdir/hadoop-ozone/ozonefs/target/test-dir/MiniOzoneClusterImpl-32add812-2629-4863-a43e-a343e05546f3/datanode-0/data/ratis/c663280d-cf52-49b6-8745-2325b9d771dd] INFO  segmented.SegmentedRaftLogWorker (SegmentedRaftLogWorker.java:run(313)) - 92d05276-1016-4158-a152-8ea5a77b5f75-SegmentedRaftLogWorker:Storage Directory /workdir/hadoop-ozone/ozonefs/target/test-dir/MiniOzoneClusterImpl-32add812-2629-4863-a43e-a343e05546f3/datanode-0/data/ratis/c663280d-cf52-49b6-8745-2325b9d771dd was interrupted, exiting. There are 0 tasks remaining in the queue.
2019-09-19 10:29:46,627 [Thread-1340] INFO  impl.RaftServerImpl (ServerState.java:close(394)) - 4c16d390-576f-4855-a796-467600b42ac4:group-90203D911A82 closes. The last applied log index is 0
2019-09-19 10:29:46,628 [ForkJoinPool.commonPool-worker-1] INFO  segmented.SegmentedRaftLogWorker (SegmentedRaftLogWorker.java:close(228)) - 92d05276-1016-4158-a152-8ea5a77b5f75-SegmentedRaftLogWorker:Storage Directory /workdir/hadoop-ozone/ozonefs/target/test-dir/MiniOzoneClusterImpl-32add812-2629-4863-a43e-a343e05546f3/datanode-0/data/ratis/c663280d-cf52-49b6-8745-2325b9d771dd close()
2019-09-19 10:29:46,628 [4c16d390-576f-4855-a796-467600b42ac4-SegmentedRaftLogWorker:Storage Directory /workdir/hadoop-ozone/ozonefs/target/test-dir/MiniOzoneClusterImpl-32add812-2629-4863-a43e-a343e05546f3/datanode-1/data/ratis/98ddf62f-99cf-4fba-a30f-90203d911a82] INFO  segmented.SegmentedRaftLogWorker (SegmentedRaftLogWorker.java:run(313)) - 4c16d390-576f-4855-a796-467600b42ac4-SegmentedRaftLogWorker:Storage Directory /workdir/hadoop-ozone/ozonefs/target/test-dir/MiniOzoneClusterImpl-32add812-2629-4863-a43e-a343e05546f3/datanode-1/data/ratis/98ddf62f-99cf-4fba-a30f-90203d911a82 was interrupted, exiting. There are 0 tasks remaining in the queue.
2019-09-19 10:29:46,629 [ForkJoinPool.commonPool-worker-1] INFO  impl.RaftServerImpl (RaftServerImpl.java:lambda$shutdown$3(245)) - 92d05276-1016-4158-a152-8ea5a77b5f75: shutdown group-388658781D4A
2019-09-19 10:29:46,629 [Thread-1340] INFO  segmented.SegmentedRaftLogWorker (SegmentedRaftLogWorker.java:close(228)) - 4c16d390-576f-4855-a796-467600b42ac4-SegmentedRaftLogWorker:Storage Directory /workdir/hadoop-ozone/ozonefs/target/test-dir/MiniOzoneClusterImpl-32add812-2629-4863-a43e-a343e05546f3/datanode-1/data/ratis/98ddf62f-99cf-4fba-a30f-90203d911a82 close()
2019-09-19 10:29:46,630 [ForkJoinPool.commonPool-worker-1] INFO  util.JmxRegister (JmxRegister.java:unregister(73)) - Successfully un-registered JMX Bean with object name Ratis:service=RaftServer,group=group-388658781D4A,id=92d05276-1016-4158-a152-8ea5a77b5f75
2019-09-19 10:29:46,631 [Thread-1340] INFO  impl.RaftServerImpl (RaftServerImpl.java:lambda$shutdown$3(245)) - 4c16d390-576f-4855-a796-467600b42ac4: shutdown group-DCA09A2A5ACE
2019-09-19 10:29:46,631 [ForkJoinPool.commonPool-worker-1] INFO  impl.RoleInfo (RoleInfo.java:shutdownLeaderState(104)) - 92d05276-1016-4158-a152-8ea5a77b5f75: shutdown LeaderState
2019-09-19 10:29:46,632 [Thread-1340] INFO  util.JmxRegister (JmxRegister.java:unregister(73)) - Successfully un-registered JMX Bean with object name Ratis:service=RaftServer,group=group-DCA09A2A5ACE,id=4c16d390-576f-4855-a796-467600b42ac4
2019-09-19 10:29:46,632 [ForkJoinPool.commonPool-worker-1] INFO  impl.PendingRequests (PendingRequests.java:sendNotLeaderResponses(202)) - 92d05276-1016-4158-a152-8ea5a77b5f75-PendingRequests: sendNotLeaderResponses
2019-09-19 10:29:46,632 [Thread-1340] INFO  impl.RoleInfo (RoleInfo.java:shutdownLeaderState(104)) - 4c16d390-576f-4855-a796-467600b42ac4: shutdown LeaderState
2019-09-19 10:29:46,633 [ForkJoinPool.commonPool-worker-1] INFO  impl.StateMachineUpdater (StateMachineUpdater.java:stopAndJoin(115)) - StateMachineUpdater:92d05276-1016-4158-a152-8ea5a77b5f75:group-388658781D4A: set stopIndex = 0
2019-09-19 10:29:46,633 [Thread-1340] INFO  impl.PendingRequests (PendingRequests.java:sendNotLeaderResponses(202)) - 4c16d390-576f-4855-a796-467600b42ac4-PendingRequests: sendNotLeaderResponses
2019-09-19 10:29:46,633 [ForkJoinPool.commonPool-worker-1] INFO  impl.RaftServerImpl (ServerState.java:close(394)) - 92d05276-1016-4158-a152-8ea5a77b5f75:group-388658781D4A closes. The last applied log index is 0
2019-09-19 10:29:46,633 [Thread-1340] INFO  impl.StateMachineUpdater (StateMachineUpdater.java:stopAndJoin(115)) - StateMachineUpdater:4c16d390-576f-4855-a796-467600b42ac4:group-DCA09A2A5ACE: set stopIndex = 0
2019-09-19 10:29:46,634 [92d05276-1016-4158-a152-8ea5a77b5f75-SegmentedRaftLogWorker:Storage Directory /workdir/hadoop-ozone/ozonefs/target/test-dir/MiniOzoneClusterImpl-32add812-2629-4863-a43e-a343e05546f3/datanode-0/data/ratis/bf2dd088-e27c-40c2-a9ee-388658781d4a] INFO  segmented.SegmentedRaftLogWorker (SegmentedRaftLogWorker.java:run(313)) - 92d05276-1016-4158-a152-8ea5a77b5f75-SegmentedRaftLogWorker:Storage Directory /workdir/hadoop-ozone/ozonefs/target/test-dir/MiniOzoneClusterImpl-32add812-2629-4863-a43e-a343e05546f3/datanode-0/data/ratis/bf2dd088-e27c-40c2-a9ee-388658781d4a was interrupted, exiting. There are 0 tasks remaining in the queue.
2019-09-19 10:29:46,634 [Thread-1340] INFO  impl.RaftServerImpl (ServerState.java:close(394)) - 4c16d390-576f-4855-a796-467600b42ac4:group-DCA09A2A5ACE closes. The last applied log index is 0
2019-09-19 10:29:46,634 [ForkJoinPool.commonPool-worker-1] INFO  segmented.SegmentedRaftLogWorker (SegmentedRaftLogWorker.java:close(228)) - 92d05276-1016-4158-a152-8ea5a77b5f75-SegmentedRaftLogWorker:Storage Directory /workdir/hadoop-ozone/ozonefs/target/test-dir/MiniOzoneClusterImpl-32add812-2629-4863-a43e-a343e05546f3/datanode-0/data/ratis/bf2dd088-e27c-40c2-a9ee-388658781d4a close()
2019-09-19 10:29:46,634 [4c16d390-576f-4855-a796-467600b42ac4-SegmentedRaftLogWorker:Storage Directory /workdir/hadoop-ozone/ozonefs/target/test-dir/MiniOzoneClusterImpl-32add812-2629-4863-a43e-a343e05546f3/datanode-1/data/ratis/45a52f54-df3f-460b-b9af-dca09a2a5ace] INFO  segmented.SegmentedRaftLogWorker (SegmentedRaftLogWorker.java:run(313)) - 4c16d390-576f-4855-a796-467600b42ac4-SegmentedRaftLogWorker:Storage Directory /workdir/hadoop-ozone/ozonefs/target/test-dir/MiniOzoneClusterImpl-32add812-2629-4863-a43e-a343e05546f3/datanode-1/data/ratis/45a52f54-df3f-460b-b9af-dca09a2a5ace was interrupted, exiting. There are 0 tasks remaining in the queue.
2019-09-19 10:29:46,636 [ForkJoinPool.commonPool-worker-1] INFO  impl.RaftServerImpl (RaftServerImpl.java:lambda$shutdown$3(245)) - 92d05276-1016-4158-a152-8ea5a77b5f75: shutdown group-0F79E377BA6D
2019-09-19 10:29:46,636 [Thread-1340] INFO  segmented.SegmentedRaftLogWorker (SegmentedRaftLogWorker.java:close(228)) - 4c16d390-576f-4855-a796-467600b42ac4-SegmentedRaftLogWorker:Storage Directory /workdir/hadoop-ozone/ozonefs/target/test-dir/MiniOzoneClusterImpl-32add812-2629-4863-a43e-a343e05546f3/datanode-1/data/ratis/45a52f54-df3f-460b-b9af-dca09a2a5ace close()
2019-09-19 10:29:46,636 [ForkJoinPool.commonPool-worker-1] INFO  util.JmxRegister (JmxRegister.java:unregister(73)) - Successfully un-registered JMX Bean with object name Ratis:service=RaftServer,group=group-0F79E377BA6D,id=92d05276-1016-4158-a152-8ea5a77b5f75
2019-09-19 10:29:46,638 [Thread-1340] INFO  impl.RaftServerImpl (RaftServerImpl.java:lambda$shutdown$3(245)) - 4c16d390-576f-4855-a796-467600b42ac4: shutdown group-1D0504118121
2019-09-19 10:29:46,638 [ForkJoinPool.commonPool-worker-1] INFO  impl.RoleInfo (RoleInfo.java:shutdownLeaderState(104)) - 92d05276-1016-4158-a152-8ea5a77b5f75: shutdown LeaderState
2019-09-19 10:29:46,638 [Thread-1340] INFO  util.JmxRegister (JmxRegister.java:unregister(73)) - Successfully un-registered JMX Bean with object name Ratis:service=RaftServer,group=group-1D0504118121,id=4c16d390-576f-4855-a796-467600b42ac4
2019-09-19 10:29:46,638 [ForkJoinPool.commonPool-worker-1] INFO  impl.PendingRequests (PendingRequests.java:sendNotLeaderResponses(202)) - 92d05276-1016-4158-a152-8ea5a77b5f75-PendingRequests: sendNotLeaderResponses
2019-09-19 10:29:46,639 [Thread-1340] INFO  impl.RoleInfo (RoleInfo.java:shutdownLeaderState(104)) - 4c16d390-576f-4855-a796-467600b42ac4: shutdown LeaderState
2019-09-19 10:29:46,639 [ForkJoinPool.commonPool-worker-1] INFO  impl.StateMachineUpdater (StateMachineUpdater.java:stopAndJoin(115)) - StateMachineUpdater:92d05276-1016-4158-a152-8ea5a77b5f75:group-0F79E377BA6D: set stopIndex = 0
2019-09-19 10:29:46,639 [Thread-1340] INFO  impl.PendingRequests (PendingRequests.java:sendNotLeaderResponses(202)) - 4c16d390-576f-4855-a796-467600b42ac4-PendingRequests: sendNotLeaderResponses
2019-09-19 10:29:46,639 [ForkJoinPool.commonPool-worker-1] INFO  impl.RaftServerImpl (ServerState.java:close(394)) - 92d05276-1016-4158-a152-8ea5a77b5f75:group-0F79E377BA6D closes. The last applied log index is 0
2019-09-19 10:29:46,640 [Thread-1340] INFO  impl.StateMachineUpdater (StateMachineUpdater.java:stopAndJoin(115)) - StateMachineUpdater:4c16d390-576f-4855-a796-467600b42ac4:group-1D0504118121: set stopIndex = 0
2019-09-19 10:29:46,640 [92d05276-1016-4158-a152-8ea5a77b5f75-SegmentedRaftLogWorker:Storage Directory /workdir/hadoop-ozone/ozonefs/target/test-dir/MiniOzoneClusterImpl-32add812-2629-4863-a43e-a343e05546f3/datanode-0/data/ratis/62a9125b-3a7e-431b-9f3e-0f79e377ba6d] INFO  segmented.SegmentedRaftLogWorker (SegmentedRaftLogWorker.java:run(313)) - 92d05276-1016-4158-a152-8ea5a77b5f75-SegmentedRaftLogWorker:Storage Directory /workdir/hadoop-ozone/ozonefs/target/test-dir/MiniOzoneClusterImpl-32add812-2629-4863-a43e-a343e05546f3/datanode-0/data/ratis/62a9125b-3a7e-431b-9f3e-0f79e377ba6d was interrupted, exiting. There are 0 tasks remaining in the queue.
2019-09-19 10:29:46,640 [Thread-1340] INFO  impl.RaftServerImpl (ServerState.java:close(394)) - 4c16d390-576f-4855-a796-467600b42ac4:group-1D0504118121 closes. The last applied log index is 0
2019-09-19 10:29:46,641 [ForkJoinPool.commonPool-worker-1] INFO  segmented.SegmentedRaftLogWorker (SegmentedRaftLogWorker.java:close(228)) - 92d05276-1016-4158-a152-8ea5a77b5f75-SegmentedRaftLogWorker:Storage Directory /workdir/hadoop-ozone/ozonefs/target/test-dir/MiniOzoneClusterImpl-32add812-2629-4863-a43e-a343e05546f3/datanode-0/data/ratis/62a9125b-3a7e-431b-9f3e-0f79e377ba6d close()
2019-09-19 10:29:46,641 [4c16d390-576f-4855-a796-467600b42ac4-SegmentedRaftLogWorker:Storage Directory /workdir/hadoop-ozone/ozonefs/target/test-dir/MiniOzoneClusterImpl-32add812-2629-4863-a43e-a343e05546f3/datanode-1/data/ratis/6e30dfd8-a0b1-4f3b-b1f8-1d0504118121] INFO  segmented.SegmentedRaftLogWorker (SegmentedRaftLogWorker.java:run(313)) - 4c16d390-576f-4855-a796-467600b42ac4-SegmentedRaftLogWorker:Storage Directory /workdir/hadoop-ozone/ozonefs/target/test-dir/MiniOzoneClusterImpl-32add812-2629-4863-a43e-a343e05546f3/datanode-1/data/ratis/6e30dfd8-a0b1-4f3b-b1f8-1d0504118121 was interrupted, exiting. There are 0 tasks remaining in the queue.
2019-09-19 10:29:46,642 [ForkJoinPool.commonPool-worker-1] INFO  server.GrpcService (GrpcService.java:closeImpl(155)) - 92d05276-1016-4158-a152-8ea5a77b5f75: shutdown server with port 40285 now
2019-09-19 10:29:46,642 [Thread-1340] INFO  segmented.SegmentedRaftLogWorker (SegmentedRaftLogWorker.java:close(228)) - 4c16d390-576f-4855-a796-467600b42ac4-SegmentedRaftLogWorker:Storage Directory /workdir/hadoop-ozone/ozonefs/target/test-dir/MiniOzoneClusterImpl-32add812-2629-4863-a43e-a343e05546f3/datanode-1/data/ratis/6e30dfd8-a0b1-4f3b-b1f8-1d0504118121 close()
2019-09-19 10:29:46,645 [Thread-1340] INFO  server.GrpcService (GrpcService.java:closeImpl(155)) - 4c16d390-576f-4855-a796-467600b42ac4: shutdown server with port 46105 now
2019-09-19 10:29:46,646 [ForkJoinPool.commonPool-worker-1] INFO  server.GrpcService (GrpcService.java:closeImpl(163)) - 92d05276-1016-4158-a152-8ea5a77b5f75: shutdown server with port 40285 successfully
2019-09-19 10:29:46,647 [Thread-1340] INFO  server.GrpcService (GrpcService.java:closeImpl(163)) - 4c16d390-576f-4855-a796-467600b42ac4: shutdown server with port 46105 successfully
2019-09-19 10:29:46,649 [ForkJoinPool.commonPool-worker-1] INFO  utils.BackgroundService (BackgroundService.java:shutdown(148)) - Shutting down service BlockDeletingService
2019-09-19 10:29:46,649 [Thread-1340] INFO  utils.BackgroundService (BackgroundService.java:shutdown(148)) - Shutting down service BlockDeletingService
2019-09-19 10:29:46,651 [refreshUsed-/workdir/hadoop-ozone/ozonefs/target/test-dir/MiniOzoneClusterImpl-32add812-2629-4863-a43e-a343e05546f3/datanode-1/data/containers] WARN  fs.CachingGetSpaceUsed (CachingGetSpaceUsed.java:run(183)) - Thread Interrupted waiting to refresh disk information: sleep interrupted
2019-09-19 10:29:46,651 [refreshUsed-/workdir/hadoop-ozone/ozonefs/target/test-dir/MiniOzoneClusterImpl-32add812-2629-4863-a43e-a343e05546f3/datanode-0/data/containers] WARN  fs.CachingGetSpaceUsed (CachingGetSpaceUsed.java:run(183)) - Thread Interrupted waiting to refresh disk information: sleep interrupted
2019-09-19 10:29:46,680 [Thread-1340] INFO  statemachine.DatanodeStateMachine (DatanodeStateMachine.java:stopDaemon(395)) - Ozone container server stopped.
2019-09-19 10:29:46,681 [Thread-1340] INFO  handler.ContextHandler (ContextHandler.java:doStop(910)) - Stopped o.e.j.w.WebAppContext@1530caa8{/,null,UNAVAILABLE}{/hddsDatanode}
2019-09-19 10:29:46,681 [Thread-1340] INFO  server.AbstractConnector (AbstractConnector.java:doStop(318)) - Stopped ServerConnector@4d91894d{HTTP/1.1,[http/1.1]}{0.0.0.0:0}
2019-09-19 10:29:46,681 [Thread-1340] INFO  handler.ContextHandler (ContextHandler.java:doStop(910)) - Stopped o.e.j.s.ServletContextHandler@3a2052ac{/static,jar:file:/home/user/.m2/repository/org/apache/hadoop/hadoop-hdds-container-service/0.5.0-SNAPSHOT/hadoop-hdds-container-service-0.5.0-SNAPSHOT.jar!/webapps/static,UNAVAILABLE}
2019-09-19 10:29:46,682 [Thread-1340] INFO  handler.ContextHandler (ContextHandler.java:doStop(910)) - Stopped o.e.j.s.ServletContextHandler@79cab995{/logs,file:///workdir/hadoop-ozone/ozonefs/target/log,UNAVAILABLE}
2019-09-19 10:29:46,683 [Thread-1340] INFO  datanode.ObjectStoreHandler (ObjectStoreHandler.java:close(155)) - Closing ObjectStoreHandler.
2019-09-19 10:29:46,683 [Thread-1340] INFO  ozone.HddsDatanodeService (HddsDatanodeService.java:stop(451)) - Stopped plug-in org.apache.hadoop.ozone.web.OzoneHddsDatanodeService@5518e1d0
2019-09-19 10:29:46,687 [ForkJoinPool.commonPool-worker-1] INFO  statemachine.DatanodeStateMachine (DatanodeStateMachine.java:stopDaemon(395)) - Ozone container server stopped.
2019-09-19 10:29:46,691 [ForkJoinPool.commonPool-worker-1] INFO  handler.ContextHandler (ContextHandler.java:doStop(910)) - Stopped o.e.j.w.WebAppContext@3aecf55a{/,null,UNAVAILABLE}{/hddsDatanode}
2019-09-19 10:29:46,692 [ForkJoinPool.commonPool-worker-1] INFO  server.AbstractConnector (AbstractConnector.java:doStop(318)) - Stopped ServerConnector@450cd890{HTTP/1.1,[http/1.1]}{0.0.0.0:0}
2019-09-19 10:29:46,693 [ForkJoinPool.commonPool-worker-1] INFO  handler.ContextHandler (ContextHandler.java:doStop(910)) - Stopped o.e.j.s.ServletContextHandler@6f8f94f7{/static,jar:file:/home/user/.m2/repository/org/apache/hadoop/hadoop-hdds-container-service/0.5.0-SNAPSHOT/hadoop-hdds-container-service-0.5.0-SNAPSHOT.jar!/webapps/static,UNAVAILABLE}
2019-09-19 10:29:46,694 [ForkJoinPool.commonPool-worker-1] INFO  handler.ContextHandler (ContextHandler.java:doStop(910)) - Stopped o.e.j.s.ServletContextHandler@5a4197ec{/logs,file:///workdir/hadoop-ozone/ozonefs/target/log,UNAVAILABLE}
2019-09-19 10:29:47,391 [Datanode State Machine Thread - 0] INFO  statemachine.DatanodeStateMachine (DatanodeStateMachine.java:lambda$startDaemon$0(350)) - Ozone container server started.
2019-09-19 10:29:51,684 [Thread-1340] INFO  ozoneimpl.OzoneContainer (OzoneContainer.java:stop(199)) - Attempting to stop container services.
2019-09-19 10:29:51,685 [Thread-1340] INFO  impl.RaftServerProxy (RaftServerProxy.java:lambda$close$4(314)) - b949f978-e97b-4741-8244-536fe4f5bb8a: close
2019-09-19 10:29:51,685 [Thread-1340] INFO  impl.RaftServerImpl (RaftServerImpl.java:lambda$shutdown$3(245)) - b949f978-e97b-4741-8244-536fe4f5bb8a: shutdown group-D9DA31F5C371
2019-09-19 10:29:51,685 [ForkJoinPool.commonPool-worker-0] INFO  impl.RaftServerImpl (RaftServerImpl.java:lambda$shutdown$3(245)) - b949f978-e97b-4741-8244-536fe4f5bb8a: shutdown group-2601D720E65F
2019-09-19 10:29:51,686 [Thread-1340] INFO  util.JmxRegister (JmxRegister.java:unregister(73)) - Successfully un-registered JMX Bean with object name Ratis:service=RaftServer,group=group-D9DA31F5C371,id=b949f978-e97b-4741-8244-536fe4f5bb8a
2019-09-19 10:29:51,686 [ForkJoinPool.commonPool-worker-0] INFO  util.JmxRegister (JmxRegister.java:unregister(73)) - Successfully un-registered JMX Bean with object name Ratis:service=RaftServer,group=group-2601D720E65F,id=b949f978-e97b-4741-8244-536fe4f5bb8a
2019-09-19 10:29:51,686 [Thread-1340] INFO  impl.RoleInfo (RoleInfo.java:shutdownLeaderState(104)) - b949f978-e97b-4741-8244-536fe4f5bb8a: shutdown LeaderState
2019-09-19 10:29:51,686 [ForkJoinPool.commonPool-worker-0] INFO  impl.RoleInfo (RoleInfo.java:shutdownLeaderState(104)) - b949f978-e97b-4741-8244-536fe4f5bb8a: shutdown LeaderState
2019-09-19 10:29:51,687 [Thread-1340] INFO  impl.PendingRequests (PendingRequests.java:sendNotLeaderResponses(202)) - b949f978-e97b-4741-8244-536fe4f5bb8a-PendingRequests: sendNotLeaderResponses
2019-09-19 10:29:51,687 [ForkJoinPool.commonPool-worker-0] INFO  impl.PendingRequests (PendingRequests.java:sendNotLeaderResponses(202)) - b949f978-e97b-4741-8244-536fe4f5bb8a-PendingRequests: sendNotLeaderResponses
2019-09-19 10:29:51,687 [Thread-1340] INFO  impl.StateMachineUpdater (StateMachineUpdater.java:stopAndJoin(115)) - StateMachineUpdater:b949f978-e97b-4741-8244-536fe4f5bb8a:group-D9DA31F5C371: set stopIndex = 0
2019-09-19 10:29:51,688 [ForkJoinPool.commonPool-worker-0] INFO  impl.StateMachineUpdater (StateMachineUpdater.java:stopAndJoin(115)) - StateMachineUpdater:b949f978-e97b-4741-8244-536fe4f5bb8a:group-2601D720E65F: set stopIndex = 0
2019-09-19 10:29:51,688 [Thread-1340] INFO  impl.RaftServerImpl (ServerState.java:close(394)) - b949f978-e97b-4741-8244-536fe4f5bb8a:group-D9DA31F5C371 closes. The last applied log index is 0
2019-09-19 10:29:51,688 [ForkJoinPool.commonPool-worker-0] INFO  impl.RaftServerImpl (ServerState.java:close(394)) - b949f978-e97b-4741-8244-536fe4f5bb8a:group-2601D720E65F closes. The last applied log index is 0
2019-09-19 10:29:51,689 [b949f978-e97b-4741-8244-536fe4f5bb8a-SegmentedRaftLogWorker:Storage Directory /workdir/hadoop-ozone/ozonefs/target/test-dir/MiniOzoneClusterImpl-32add812-2629-4863-a43e-a343e05546f3/datanode-2/data/ratis/020602b7-c5a9-4c7c-bc6e-d9da31f5c371] INFO  segmented.SegmentedRaftLogWorker (SegmentedRaftLogWorker.java:run(313)) - b949f978-e97b-4741-8244-536fe4f5bb8a-SegmentedRaftLogWorker:Storage Directory /workdir/hadoop-ozone/ozonefs/target/test-dir/MiniOzoneClusterImpl-32add812-2629-4863-a43e-a343e05546f3/datanode-2/data/ratis/020602b7-c5a9-4c7c-bc6e-d9da31f5c371 was interrupted, exiting. There are 0 tasks remaining in the queue.
2019-09-19 10:29:51,689 [b949f978-e97b-4741-8244-536fe4f5bb8a-SegmentedRaftLogWorker:Storage Directory /workdir/hadoop-ozone/ozonefs/target/test-dir/MiniOzoneClusterImpl-32add812-2629-4863-a43e-a343e05546f3/datanode-2/data/ratis/d5b82556-2ad1-4c86-b1de-2601d720e65f] INFO  segmented.SegmentedRaftLogWorker (SegmentedRaftLogWorker.java:run(313)) - b949f978-e97b-4741-8244-536fe4f5bb8a-SegmentedRaftLogWorker:Storage Directory /workdir/hadoop-ozone/ozonefs/target/test-dir/MiniOzoneClusterImpl-32add812-2629-4863-a43e-a343e05546f3/datanode-2/data/ratis/d5b82556-2ad1-4c86-b1de-2601d720e65f was interrupted, exiting. There are 0 tasks remaining in the queue.
2019-09-19 10:29:51,689 [Thread-1340] INFO  segmented.SegmentedRaftLogWorker (SegmentedRaftLogWorker.java:close(228)) - b949f978-e97b-4741-8244-536fe4f5bb8a-SegmentedRaftLogWorker:Storage Directory /workdir/hadoop-ozone/ozonefs/target/test-dir/MiniOzoneClusterImpl-32add812-2629-4863-a43e-a343e05546f3/datanode-2/data/ratis/020602b7-c5a9-4c7c-bc6e-d9da31f5c371 close()
2019-09-19 10:29:51,689 [ForkJoinPool.commonPool-worker-0] INFO  segmented.SegmentedRaftLogWorker (SegmentedRaftLogWorker.java:close(228)) - b949f978-e97b-4741-8244-536fe4f5bb8a-SegmentedRaftLogWorker:Storage Directory /workdir/hadoop-ozone/ozonefs/target/test-dir/MiniOzoneClusterImpl-32add812-2629-4863-a43e-a343e05546f3/datanode-2/data/ratis/d5b82556-2ad1-4c86-b1de-2601d720e65f close()
2019-09-19 10:29:51,690 [Thread-1340] INFO  impl.RaftServerImpl (RaftServerImpl.java:lambda$shutdown$3(245)) - b949f978-e97b-4741-8244-536fe4f5bb8a: shutdown group-85B86B5D373F
2019-09-19 10:29:51,691 [ForkJoinPool.commonPool-worker-0] INFO  impl.RaftServerImpl (RaftServerImpl.java:lambda$shutdown$3(245)) - b949f978-e97b-4741-8244-536fe4f5bb8a: shutdown group-41C7D42CE711
2019-09-19 10:29:51,692 [Thread-1340] INFO  util.JmxRegister (JmxRegister.java:unregister(73)) - Successfully un-registered JMX Bean with object name Ratis:service=RaftServer,group=group-85B86B5D373F,id=b949f978-e97b-4741-8244-536fe4f5bb8a
2019-09-19 10:29:51,692 [ForkJoinPool.commonPool-worker-0] INFO  util.JmxRegister (JmxRegister.java:unregister(73)) - Successfully un-registered JMX Bean with object name Ratis:service=RaftServer,group=group-41C7D42CE711,id=b949f978-e97b-4741-8244-536fe4f5bb8a
2019-09-19 10:29:51,692 [Thread-1340] INFO  impl.RoleInfo (RoleInfo.java:shutdownLeaderState(104)) - b949f978-e97b-4741-8244-536fe4f5bb8a: shutdown LeaderState
2019-09-19 10:29:51,692 [ForkJoinPool.commonPool-worker-0] INFO  impl.RoleInfo (RoleInfo.java:shutdownLeaderState(104)) - b949f978-e97b-4741-8244-536fe4f5bb8a: shutdown LeaderState
2019-09-19 10:29:51,693 [Thread-1340] INFO  impl.PendingRequests (PendingRequests.java:sendNotLeaderResponses(202)) - b949f978-e97b-4741-8244-536fe4f5bb8a-PendingRequests: sendNotLeaderResponses
2019-09-19 10:29:51,693 [ForkJoinPool.commonPool-worker-0] INFO  impl.PendingRequests (PendingRequests.java:sendNotLeaderResponses(202)) - b949f978-e97b-4741-8244-536fe4f5bb8a-PendingRequests: sendNotLeaderResponses
2019-09-19 10:29:51,693 [Thread-1340] INFO  impl.StateMachineUpdater (StateMachineUpdater.java:stopAndJoin(115)) - StateMachineUpdater:b949f978-e97b-4741-8244-536fe4f5bb8a:group-85B86B5D373F: set stopIndex = 0
2019-09-19 10:29:51,694 [ForkJoinPool.commonPool-worker-0] INFO  impl.StateMachineUpdater (StateMachineUpdater.java:stopAndJoin(115)) - StateMachineUpdater:b949f978-e97b-4741-8244-536fe4f5bb8a:group-41C7D42CE711: set stopIndex = 0
2019-09-19 10:29:51,694 [Thread-1340] INFO  impl.RaftServerImpl (ServerState.java:close(394)) - b949f978-e97b-4741-8244-536fe4f5bb8a:group-85B86B5D373F closes. The last applied log index is 0
2019-09-19 10:29:51,694 [ForkJoinPool.commonPool-worker-0] INFO  impl.RaftServerImpl (ServerState.java:close(394)) - b949f978-e97b-4741-8244-536fe4f5bb8a:group-41C7D42CE711 closes. The last applied log index is 0
2019-09-19 10:29:51,695 [b949f978-e97b-4741-8244-536fe4f5bb8a-SegmentedRaftLogWorker:Storage Directory /workdir/hadoop-ozone/ozonefs/target/test-dir/MiniOzoneClusterImpl-32add812-2629-4863-a43e-a343e05546f3/datanode-2/data/ratis/c33c8df5-3a5a-409e-aaa2-85b86b5d373f] INFO  segmented.SegmentedRaftLogWorker (SegmentedRaftLogWorker.java:run(313)) - b949f978-e97b-4741-8244-536fe4f5bb8a-SegmentedRaftLogWorker:Storage Directory /workdir/hadoop-ozone/ozonefs/target/test-dir/MiniOzoneClusterImpl-32add812-2629-4863-a43e-a343e05546f3/datanode-2/data/ratis/c33c8df5-3a5a-409e-aaa2-85b86b5d373f was interrupted, exiting. There are 0 tasks remaining in the queue.
2019-09-19 10:29:51,695 [b949f978-e97b-4741-8244-536fe4f5bb8a-SegmentedRaftLogWorker:Storage Directory /workdir/hadoop-ozone/ozonefs/target/test-dir/MiniOzoneClusterImpl-32add812-2629-4863-a43e-a343e05546f3/datanode-2/data/ratis/98507e2f-8c3f-4503-9ec3-41c7d42ce711] INFO  segmented.SegmentedRaftLogWorker (SegmentedRaftLogWorker.java:run(313)) - b949f978-e97b-4741-8244-536fe4f5bb8a-SegmentedRaftLogWorker:Storage Directory /workdir/hadoop-ozone/ozonefs/target/test-dir/MiniOzoneClusterImpl-32add812-2629-4863-a43e-a343e05546f3/datanode-2/data/ratis/98507e2f-8c3f-4503-9ec3-41c7d42ce711 was interrupted, exiting. There are 0 tasks remaining in the queue.
2019-09-19 10:29:51,695 [Thread-1340] INFO  segmented.SegmentedRaftLogWorker (SegmentedRaftLogWorker.java:close(228)) - b949f978-e97b-4741-8244-536fe4f5bb8a-SegmentedRaftLogWorker:Storage Directory /workdir/hadoop-ozone/ozonefs/target/test-dir/MiniOzoneClusterImpl-32add812-2629-4863-a43e-a343e05546f3/datanode-2/data/ratis/c33c8df5-3a5a-409e-aaa2-85b86b5d373f close()
2019-09-19 10:29:51,695 [ForkJoinPool.commonPool-worker-0] INFO  segmented.SegmentedRaftLogWorker (SegmentedRaftLogWorker.java:close(228)) - b949f978-e97b-4741-8244-536fe4f5bb8a-SegmentedRaftLogWorker:Storage Directory /workdir/hadoop-ozone/ozonefs/target/test-dir/MiniOzoneClusterImpl-32add812-2629-4863-a43e-a343e05546f3/datanode-2/data/ratis/98507e2f-8c3f-4503-9ec3-41c7d42ce711 close()
2019-09-19 10:29:51,696 [Thread-1340] INFO  impl.RaftServerImpl (RaftServerImpl.java:lambda$shutdown$3(245)) - b949f978-e97b-4741-8244-536fe4f5bb8a: shutdown group-C20FBC962338
2019-09-19 10:29:51,697 [ForkJoinPool.commonPool-worker-0] INFO  impl.RaftServerImpl (RaftServerImpl.java:lambda$shutdown$3(245)) - b949f978-e97b-4741-8244-536fe4f5bb8a: shutdown group-E32FE6F18630
2019-09-19 10:29:51,698 [Thread-1340] INFO  util.JmxRegister (JmxRegister.java:unregister(73)) - Successfully un-registered JMX Bean with object name Ratis:service=RaftServer,group=group-C20FBC962338,id=b949f978-e97b-4741-8244-536fe4f5bb8a
2019-09-19 10:29:51,698 [ForkJoinPool.commonPool-worker-0] INFO  util.JmxRegister (JmxRegister.java:unregister(73)) - Successfully un-registered JMX Bean with object name Ratis:service=RaftServer,group=group-E32FE6F18630,id=b949f978-e97b-4741-8244-536fe4f5bb8a
2019-09-19 10:29:51,698 [Thread-1340] INFO  impl.RoleInfo (RoleInfo.java:shutdownLeaderState(104)) - b949f978-e97b-4741-8244-536fe4f5bb8a: shutdown LeaderState
2019-09-19 10:29:51,698 [ForkJoinPool.commonPool-worker-0] INFO  impl.RoleInfo (RoleInfo.java:shutdownLeaderState(104)) - b949f978-e97b-4741-8244-536fe4f5bb8a: shutdown LeaderState
2019-09-19 10:29:51,699 [Thread-1340] INFO  impl.PendingRequests (PendingRequests.java:sendNotLeaderResponses(202)) - b949f978-e97b-4741-8244-536fe4f5bb8a-PendingRequests: sendNotLeaderResponses
2019-09-19 10:29:51,699 [ForkJoinPool.commonPool-worker-0] INFO  impl.PendingRequests (PendingRequests.java:sendNotLeaderResponses(202)) - b949f978-e97b-4741-8244-536fe4f5bb8a-PendingRequests: sendNotLeaderResponses
2019-09-19 10:29:51,699 [Thread-1340] INFO  impl.StateMachineUpdater (StateMachineUpdater.java:stopAndJoin(115)) - StateMachineUpdater:b949f978-e97b-4741-8244-536fe4f5bb8a:group-C20FBC962338: set stopIndex = 0
2019-09-19 10:29:51,699 [ForkJoinPool.commonPool-worker-0] INFO  impl.StateMachineUpdater (StateMachineUpdater.java:stopAndJoin(115)) - StateMachineUpdater:b949f978-e97b-4741-8244-536fe4f5bb8a:group-E32FE6F18630: set stopIndex = 0
2019-09-19 10:29:51,700 [Thread-1340] INFO  impl.RaftServerImpl (ServerState.java:close(394)) - b949f978-e97b-4741-8244-536fe4f5bb8a:group-C20FBC962338 closes. The last applied log index is 0
2019-09-19 10:29:51,700 [ForkJoinPool.commonPool-worker-0] INFO  impl.RaftServerImpl (ServerState.java:close(394)) - b949f978-e97b-4741-8244-536fe4f5bb8a:group-E32FE6F18630 closes. The last applied log index is 0
2019-09-19 10:29:51,700 [b949f978-e97b-4741-8244-536fe4f5bb8a-SegmentedRaftLogWorker:Storage Directory /workdir/hadoop-ozone/ozonefs/target/test-dir/MiniOzoneClusterImpl-32add812-2629-4863-a43e-a343e05546f3/datanode-2/data/ratis/0cf08d5c-f9cc-4f38-a8ee-c20fbc962338] INFO  segmented.SegmentedRaftLogWorker (SegmentedRaftLogWorker.java:run(313)) - b949f978-e97b-4741-8244-536fe4f5bb8a-SegmentedRaftLogWorker:Storage Directory /workdir/hadoop-ozone/ozonefs/target/test-dir/MiniOzoneClusterImpl-32add812-2629-4863-a43e-a343e05546f3/datanode-2/data/ratis/0cf08d5c-f9cc-4f38-a8ee-c20fbc962338 was interrupted, exiting. There are 0 tasks remaining in the queue.
2019-09-19 10:29:51,701 [b949f978-e97b-4741-8244-536fe4f5bb8a-SegmentedRaftLogWorker:Storage Directory /workdir/hadoop-ozone/ozonefs/target/test-dir/MiniOzoneClusterImpl-32add812-2629-4863-a43e-a343e05546f3/datanode-2/data/ratis/290ac972-4fbf-40a9-9bdc-e32fe6f18630] INFO  segmented.SegmentedRaftLogWorker (SegmentedRaftLogWorker.java:run(313)) - b949f978-e97b-4741-8244-536fe4f5bb8a-SegmentedRaftLogWorker:Storage Directory /workdir/hadoop-ozone/ozonefs/target/test-dir/MiniOzoneClusterImpl-32add812-2629-4863-a43e-a343e05546f3/datanode-2/data/ratis/290ac972-4fbf-40a9-9bdc-e32fe6f18630 was interrupted, exiting. There are 0 tasks remaining in the queue.
2019-09-19 10:29:51,701 [Thread-1340] INFO  segmented.SegmentedRaftLogWorker (SegmentedRaftLogWorker.java:close(228)) - b949f978-e97b-4741-8244-536fe4f5bb8a-SegmentedRaftLogWorker:Storage Directory /workdir/hadoop-ozone/ozonefs/target/test-dir/MiniOzoneClusterImpl-32add812-2629-4863-a43e-a343e05546f3/datanode-2/data/ratis/0cf08d5c-f9cc-4f38-a8ee-c20fbc962338 close()
2019-09-19 10:29:51,701 [ForkJoinPool.commonPool-worker-0] INFO  segmented.SegmentedRaftLogWorker (SegmentedRaftLogWorker.java:close(228)) - b949f978-e97b-4741-8244-536fe4f5bb8a-SegmentedRaftLogWorker:Storage Directory /workdir/hadoop-ozone/ozonefs/target/test-dir/MiniOzoneClusterImpl-32add812-2629-4863-a43e-a343e05546f3/datanode-2/data/ratis/290ac972-4fbf-40a9-9bdc-e32fe6f18630 close()
2019-09-19 10:29:51,705 [Thread-1340] INFO  server.GrpcService (GrpcService.java:closeImpl(155)) - b949f978-e97b-4741-8244-536fe4f5bb8a: shutdown server with port 35409 now
2019-09-19 10:29:51,708 [Thread-1340] INFO  server.GrpcService (GrpcService.java:closeImpl(163)) - b949f978-e97b-4741-8244-536fe4f5bb8a: shutdown server with port 35409 successfully
2019-09-19 10:29:51,711 [Thread-1340] INFO  utils.BackgroundService (BackgroundService.java:shutdown(148)) - Shutting down service BlockDeletingService
2019-09-19 10:29:51,713 [refreshUsed-/workdir/hadoop-ozone/ozonefs/target/test-dir/MiniOzoneClusterImpl-32add812-2629-4863-a43e-a343e05546f3/datanode-2/data/containers] WARN  fs.CachingGetSpaceUsed (CachingGetSpaceUsed.java:run(183)) - Thread Interrupted waiting to refresh disk information: sleep interrupted
2019-09-19 10:29:51,740 [Thread-1340] INFO  statemachine.DatanodeStateMachine (DatanodeStateMachine.java:stopDaemon(395)) - Ozone container server stopped.
2019-09-19 10:29:51,741 [Thread-1340] INFO  handler.ContextHandler (ContextHandler.java:doStop(910)) - Stopped o.e.j.w.WebAppContext@3ecb67d4{/,null,UNAVAILABLE}{/hddsDatanode}
2019-09-19 10:29:51,742 [Thread-1340] INFO  server.AbstractConnector (AbstractConnector.java:doStop(318)) - Stopped ServerConnector@5fad89e1{HTTP/1.1,[http/1.1]}{0.0.0.0:0}
2019-09-19 10:29:51,742 [Thread-1340] INFO  handler.ContextHandler (ContextHandler.java:doStop(910)) - Stopped o.e.j.s.ServletContextHandler@86d505c{/static,jar:file:/home/user/.m2/repository/org/apache/hadoop/hadoop-hdds-container-service/0.5.0-SNAPSHOT/hadoop-hdds-container-service-0.5.0-SNAPSHOT.jar!/webapps/static,UNAVAILABLE}
2019-09-19 10:29:51,742 [Thread-1340] INFO  handler.ContextHandler (ContextHandler.java:doStop(910)) - Stopped o.e.j.s.ServletContextHandler@440df241{/logs,file:///workdir/hadoop-ozone/ozonefs/target/log,UNAVAILABLE}
2019-09-19 10:29:51,744 [Thread-1340] INFO  ozone.MiniOzoneClusterImpl (MiniOzoneClusterImpl.java:stop(353)) - Stopping the StorageContainerManager
2019-09-19 10:29:51,744 [Thread-1340] INFO  server.StorageContainerManager (StorageContainerManager.java:stop(797)) - Stopping Replication Manager Service.
2019-09-19 10:29:51,744 [Thread-1340] INFO  container.ReplicationManager (ReplicationManager.java:stop(192)) - Stopping Replication Monitor Thread.
2019-09-19 10:29:51,744 [Thread-1340] INFO  server.StorageContainerManager (StorageContainerManager.java:stop(804)) - Stopping Lease Manager of the command watchers
2019-09-19 10:29:51,744 [Thread-1340] INFO  server.StorageContainerManager (StorageContainerManager.java:stop(811)) - Stopping datanode service RPC server
2019-09-19 10:29:51,744 [Thread-1340] INFO  server.SCMDatanodeProtocolServer (SCMDatanodeProtocolServer.java:stop(367)) - Stopping the RPC server for DataNodes
2019-09-19 10:29:51,745 [Thread-1340] INFO  ipc.Server (Server.java:stop(3082)) - Stopping server on 33860
2019-09-19 10:29:51,747 [IPC Server listener on 33860] INFO  ipc.Server (Server.java:run(1185)) - Stopping IPC Server listener on 33860
2019-09-19 10:29:51,747 [IPC Server Responder] INFO  ipc.Server (Server.java:run(1319)) - Stopping IPC Server Responder
2019-09-19 10:29:51,790 [SCM Heartbeat Processing Thread - 0] WARN  node.NodeStateManager (NodeStateManager.java:scheduleNextHealthCheck(655)) - Current Thread is interrupted, shutting down HB processing thread for Node Manager.
2019-09-19 10:29:51,791 [Thread-1340] INFO  server.StorageContainerManager (StorageContainerManager.java:stop(819)) - Stopping block service RPC server
2019-09-19 10:29:51,791 [Thread-1340] INFO  server.SCMBlockProtocolServer (SCMBlockProtocolServer.java:stop(148)) - Stopping the RPC server for Block Protocol
2019-09-19 10:29:51,791 [Thread-1340] INFO  ipc.Server (Server.java:stop(3082)) - Stopping server on 44736
2019-09-19 10:29:51,793 [IPC Server listener on 44736] INFO  ipc.Server (Server.java:run(1185)) - Stopping IPC Server listener on 44736
2019-09-19 10:29:51,793 [Thread-1340] INFO  server.StorageContainerManager (StorageContainerManager.java:stop(826)) - Stopping the StorageContainerLocationProtocol RPC server
2019-09-19 10:29:51,794 [Thread-1340] INFO  server.SCMClientProtocolServer (SCMClientProtocolServer.java:stop(159)) - Stopping the RPC server for Client Protocol
2019-09-19 10:29:51,794 [IPC Server Responder] INFO  ipc.Server (Server.java:run(1319)) - Stopping IPC Server Responder
2019-09-19 10:29:51,794 [Thread-1340] INFO  ipc.Server (Server.java:stop(3082)) - Stopping server on 33631
2019-09-19 10:29:51,797 [IPC Server listener on 33631] INFO  ipc.Server (Server.java:run(1185)) - Stopping IPC Server listener on 33631
2019-09-19 10:29:51,797 [Thread-1340] INFO  server.StorageContainerManager (StorageContainerManager.java:stop(833)) - Stopping Storage Container Manager HTTP server.
2019-09-19 10:29:51,797 [IPC Server Responder] INFO  ipc.Server (Server.java:run(1319)) - Stopping IPC Server Responder
2019-09-19 10:29:51,799 [Thread-1340] INFO  handler.ContextHandler (ContextHandler.java:doStop(910)) - Stopped o.e.j.w.WebAppContext@7f26a85f{/,null,UNAVAILABLE}{/scm}
2019-09-19 10:29:51,800 [Thread-1340] INFO  server.AbstractConnector (AbstractConnector.java:doStop(318)) - Stopped ServerConnector@2b20de76{HTTP/1.1,[http/1.1]}{0.0.0.0:0}
2019-09-19 10:29:51,801 [Thread-1340] INFO  handler.ContextHandler (ContextHandler.java:doStop(910)) - Stopped o.e.j.s.ServletContextHandler@69a2324f{/static,jar:file:/home/user/.m2/repository/org/apache/hadoop/hadoop-hdds-server-scm/0.5.0-SNAPSHOT/hadoop-hdds-server-scm-0.5.0-SNAPSHOT.jar!/webapps/static,UNAVAILABLE}
2019-09-19 10:29:51,801 [Thread-1340] INFO  handler.ContextHandler (ContextHandler.java:doStop(910)) - Stopped o.e.j.s.ServletContextHandler@29857d26{/logs,file:///workdir/hadoop-ozone/ozonefs/target/log,UNAVAILABLE}
2019-09-19 10:29:51,802 [Thread-1340] INFO  server.StorageContainerManager (StorageContainerManager.java:stop(844)) - Stopping Block Manager Service.
2019-09-19 10:29:51,802 [Thread-1340] INFO  utils.BackgroundService (BackgroundService.java:shutdown(148)) - Shutting down service SCMBlockDeletingService
2019-09-19 10:29:51,803 [Thread-1340] INFO  utils.BackgroundService (BackgroundService.java:shutdown(148)) - Shutting down service SCMBlockDeletingService
2019-09-19 10:29:51,803 [Thread-1340] INFO  server.StorageContainerManager (StorageContainerManager.java:stop(866)) - Stopping SCM Event Queue.
2019-09-19 10:29:51,807 [Thread-1340] INFO  impl.MetricsSystemImpl (MetricsSystemImpl.java:stop(210)) - Stopping HddsDatanode metrics system...
2019-09-19 10:29:51,819 [Thread-1340] INFO  impl.MetricsSystemImpl (MetricsSystemImpl.java:stop(216)) - HddsDatanode metrics system stopped.
]]></system-out>
    <system-err><![CDATA[Sep 19, 2019 10:29:35 AM com.sun.jersey.server.impl.application.WebApplicationImpl _initiate
INFO: Initiating Jersey application, version 'Jersey: 1.19 02/11/2015 03:25 AM'
Sep 19, 2019 10:29:35 AM com.sun.jersey.server.impl.application.WebApplicationImpl _initiate
INFO: Initiating Jersey application, version 'Jersey: 1.19 02/11/2015 03:25 AM'
Sep 19, 2019 10:29:36 AM com.sun.jersey.server.impl.application.WebApplicationImpl _initiate
INFO: Initiating Jersey application, version 'Jersey: 1.19 02/11/2015 03:25 AM'
Sep 19, 2019 10:29:41 AM com.sun.jersey.server.impl.application.WebApplicationImpl _initiate
INFO: Initiating Jersey application, version 'Jersey: 1.19 02/11/2015 03:25 AM'
]]></system-err>
  </testcase>
  <testcase name="testListStatusOnLargeDirectory" classname="org.apache.hadoop.fs.ozone.TestOzoneFileSystem" time="28.66"/>
</testsuite>