<?xml version="1.0" encoding="UTF-8"?>
<testsuite xmlns:xsi="http://www.w3.org/2001/XMLSchema-instance" xsi:noNamespaceSchemaLocation="https://maven.apache.org/surefire/maven-surefire-plugin/xsd/surefire-test-report.xsd" name="org.apache.hadoop.ozone.client.rpc.TestBlockOutputStreamWithFailures" time="741.852" tests="8" errors="0" skipped="0" failures="1">
  <properties>
    <property name="awt.toolkit" value="sun.awt.X11.XToolkit"/>
    <property name="file.encoding.pkg" value="sun.io"/>
    <property name="java.specification.version" value="1.8"/>
    <property name="sun.cpu.isalist" value=""/>
    <property name="sun.jnu.encoding" value="UTF-8"/>
    <property name="java.class.path" value="/workdir/hadoop-ozone/integration-test/target/test-classes:/workdir/hadoop-ozone/integration-test/target/classes:/home/user/.m2/repository/org/apache/hadoop/hadoop-ozone-common/0.5.0-SNAPSHOT/hadoop-ozone-common-0.5.0-SNAPSHOT.jar:/home/user/.m2/repository/org/apache/commons/commons-compress/1.4.1/commons-compress-1.4.1.jar:/home/user/.m2/repository/org/tukaani/xz/1.0/xz-1.0.jar:/home/user/.m2/repository/org/apache/hadoop/hadoop-common/3.2.0/hadoop-common-3.2.0.jar:/home/user/.m2/repository/org/apache/hadoop/hadoop-hdfs/3.2.0/hadoop-hdfs-3.2.0.jar:/home/user/.m2/repository/org/apache/hadoop/hadoop-hdfs-client/3.2.0/hadoop-hdfs-client-3.2.0.jar:/home/user/.m2/repository/com/fasterxml/jackson/core/jackson-annotations/2.9.5/jackson-annotations-2.9.5.jar:/home/user/.m2/repository/org/apache/hadoop/hadoop-hdds-common/0.5.0-SNAPSHOT/hadoop-hdds-common-0.5.0-SNAPSHOT.jar:/home/user/.m2/repository/javax/annotation/javax.annotation-api/1.2/javax.annotation-api-1.2.jar:/home/user/.m2/repository/org/apache/ratis/ratis-server/0.4.0-2337318-SNAPSHOT/ratis-server-0.4.0-2337318-SNAPSHOT.jar:/home/user/.m2/repository/org/apache/ratis/ratis-thirdparty-misc/0.2.0/ratis-thirdparty-misc-0.2.0.jar:/home/user/.m2/repository/org/apache/ratis/ratis-proto/0.4.0-2337318-SNAPSHOT/ratis-proto-0.4.0-2337318-SNAPSHOT.jar:/home/user/.m2/repository/org/apache/ratis/ratis-common/0.4.0-2337318-SNAPSHOT/ratis-common-0.4.0-2337318-SNAPSHOT.jar:/home/user/.m2/repository/org/apache/ratis/ratis-client/0.4.0-2337318-SNAPSHOT/ratis-client-0.4.0-2337318-SNAPSHOT.jar:/home/user/.m2/repository/org/apache/ratis/ratis-metrics/0.4.0-2337318-SNAPSHOT/ratis-metrics-0.4.0-2337318-SNAPSHOT.jar:/home/user/.m2/repository/org/apache/ratis/ratis-netty/0.4.0-2337318-SNAPSHOT/ratis-netty-0.4.0-2337318-SNAPSHOT.jar:/home/user/.m2/repository/org/apache/ratis/ratis-grpc/0.4.0-2337318-SNAPSHOT/ratis-grpc-0.4.0-2337318-SNAPSHOT.jar:/home/user/.m2/repository/org/rocksdb/rocksdbjni/6.0.1/rocksdbjni-6.0.1.jar:/home/user/.m2/repository/org/apache/logging/log4j/log4j-api/2.11.0/log4j-api-2.11.0.jar:/home/user/.m2/repository/org/apache/logging/log4j/log4j-core/2.11.0/log4j-core-2.11.0.jar:/home/user/.m2/repository/com/lmax/disruptor/3.4.2/disruptor-3.4.2.jar:/home/user/.m2/repository/org/apache/commons/commons-pool2/2.6.0/commons-pool2-2.6.0.jar:/home/user/.m2/repository/org/bouncycastle/bcpkix-jdk15on/1.60/bcpkix-jdk15on-1.60.jar:/home/user/.m2/repository/commons-validator/commons-validator/1.6/commons-validator-1.6.jar:/home/user/.m2/repository/commons-digester/commons-digester/1.8.1/commons-digester-1.8.1.jar:/home/user/.m2/repository/io/jaegertracing/jaeger-client/0.33.1/jaeger-client-0.33.1.jar:/home/user/.m2/repository/io/jaegertracing/jaeger-thrift/0.33.1/jaeger-thrift-0.33.1.jar:/home/user/.m2/repository/org/apache/thrift/libthrift/0.11.0/libthrift-0.11.0.jar:/home/user/.m2/repository/com/squareup/okhttp3/okhttp/3.9.0/okhttp-3.9.0.jar:/home/user/.m2/repository/com/squareup/okio/okio/1.13.0/okio-1.13.0.jar:/home/user/.m2/repository/io/jaegertracing/jaeger-core/0.33.1/jaeger-core-0.33.1.jar:/home/user/.m2/repository/io/jaegertracing/jaeger-tracerresolver/0.33.1/jaeger-tracerresolver-0.33.1.jar:/home/user/.m2/repository/io/opentracing/contrib/opentracing-tracerresolver/0.1.5/opentracing-tracerresolver-0.1.5.jar:/home/user/.m2/repository/io/opentracing/opentracing-util/0.31.0/opentracing-util-0.31.0.jar:/home/user/.m2/repository/io/opentracing/opentracing-api/0.31.0/opentracing-api-0.31.0.jar:/home/user/.m2/repository/io/opentracing/opentracing-noop/0.31.0/opentracing-noop-0.31.0.jar:/home/user/.m2/repository/org/apache/hadoop/hadoop-hdds-server-framework/0.5.0-SNAPSHOT/hadoop-hdds-server-framework-0.5.0-SNAPSHOT.jar:/home/user/.m2/repository/org/apache/hadoop/hadoop-hdds-container-service/0.5.0-SNAPSHOT/hadoop-hdds-container-service-0.5.0-SNAPSHOT.jar:/home/user/.m2/repository/org/apache/hadoop/hadoop-hdds-client/0.5.0-SNAPSHOT/hadoop-hdds-client-0.5.0-SNAPSHOT.jar:/home/user/.m2/repository/org/apache/hadoop/hadoop-hdds-tools/0.5.0-SNAPSHOT/hadoop-hdds-tools-0.5.0-SNAPSHOT.jar:/home/user/.m2/repository/org/apache/hadoop/hadoop-hdds-server-scm/0.5.0-SNAPSHOT/hadoop-hdds-server-scm-0.5.0-SNAPSHOT.jar:/home/user/.m2/repository/org/apache/hadoop/hadoop-hdds-docs/0.5.0-SNAPSHOT/hadoop-hdds-docs-0.5.0-SNAPSHOT.jar:/home/user/.m2/repository/io/dropwizard/metrics/metrics-core/3.2.4/metrics-core-3.2.4.jar:/home/user/.m2/repository/org/hamcrest/hamcrest-all/1.3/hamcrest-all-1.3.jar:/home/user/.m2/repository/org/bouncycastle/bcprov-jdk15on/1.60/bcprov-jdk15on-1.60.jar:/home/user/.m2/repository/info/picocli/picocli/3.9.6/picocli-3.9.6.jar:/home/user/.m2/repository/com/google/protobuf/protobuf-java/2.5.0/protobuf-java-2.5.0.jar:/home/user/.m2/repository/com/google/guava/guava/11.0.2/guava-11.0.2.jar:/home/user/.m2/repository/org/apache/hadoop/hadoop-ozone-ozone-manager/0.5.0-SNAPSHOT/hadoop-ozone-ozone-manager-0.5.0-SNAPSHOT.jar:/home/user/.m2/repository/org/apache/hadoop/hadoop-minikdc/3.2.0/hadoop-minikdc-3.2.0.jar:/home/user/.m2/repository/commons-io/commons-io/2.5/commons-io-2.5.jar:/home/user/.m2/repository/org/apache/kerby/kerb-simplekdc/1.0.1/kerb-simplekdc-1.0.1.jar:/home/user/.m2/repository/org/apache/kerby/kerb-client/1.0.1/kerb-client-1.0.1.jar:/home/user/.m2/repository/org/apache/kerby/kerby-config/1.0.1/kerby-config-1.0.1.jar:/home/user/.m2/repository/org/apache/kerby/kerb-core/1.0.1/kerb-core-1.0.1.jar:/home/user/.m2/repository/org/apache/kerby/kerby-pkix/1.0.1/kerby-pkix-1.0.1.jar:/home/user/.m2/repository/org/apache/kerby/kerby-asn1/1.0.1/kerby-asn1-1.0.1.jar:/home/user/.m2/repository/org/apache/kerby/kerby-util/1.0.1/kerby-util-1.0.1.jar:/home/user/.m2/repository/org/apache/kerby/kerb-common/1.0.1/kerb-common-1.0.1.jar:/home/user/.m2/repository/org/apache/kerby/kerb-crypto/1.0.1/kerb-crypto-1.0.1.jar:/home/user/.m2/repository/org/apache/kerby/kerb-util/1.0.1/kerb-util-1.0.1.jar:/home/user/.m2/repository/org/apache/kerby/token-provider/1.0.1/token-provider-1.0.1.jar:/home/user/.m2/repository/org/apache/kerby/kerb-admin/1.0.1/kerb-admin-1.0.1.jar:/home/user/.m2/repository/org/apache/kerby/kerb-server/1.0.1/kerb-server-1.0.1.jar:/home/user/.m2/repository/org/apache/kerby/kerb-identity/1.0.1/kerb-identity-1.0.1.jar:/home/user/.m2/repository/org/apache/kerby/kerby-xdr/1.0.1/kerby-xdr-1.0.1.jar:/home/user/.m2/repository/org/slf4j/slf4j-log4j12/1.7.25/slf4j-log4j12-1.7.25.jar:/home/user/.m2/repository/org/apache/hadoop/hadoop-ozone-objectstore-service/0.5.0-SNAPSHOT/hadoop-ozone-objectstore-service-0.5.0-SNAPSHOT.jar:/home/user/.m2/repository/org/apache/hadoop/hadoop-ozone-s3gateway/0.5.0-SNAPSHOT/hadoop-ozone-s3gateway-0.5.0-SNAPSHOT.jar:/home/user/.m2/repository/org/jboss/weld/servlet/weld-servlet/2.4.7.Final/weld-servlet-2.4.7.Final.jar:/home/user/.m2/repository/org/glassfish/jersey/containers/jersey-container-servlet-core/2.27/jersey-container-servlet-core-2.27.jar:/home/user/.m2/repository/org/glassfish/hk2/external/javax.inject/2.5.0-b42/javax.inject-2.5.0-b42.jar:/home/user/.m2/repository/org/glassfish/jersey/core/jersey-common/2.27/jersey-common-2.27.jar:/home/user/.m2/repository/org/glassfish/hk2/osgi-resource-locator/1.0.1/osgi-resource-locator-1.0.1.jar:/home/user/.m2/repository/javax/ws/rs/javax.ws.rs-api/2.1/javax.ws.rs-api-2.1.jar:/home/user/.m2/repository/org/glassfish/jersey/ext/cdi/jersey-cdi1x/2.27/jersey-cdi1x-2.27.jar:/home/user/.m2/repository/org/glassfish/jersey/inject/jersey-hk2/2.27/jersey-hk2-2.27.jar:/home/user/.m2/repository/org/glassfish/hk2/hk2-locator/2.5.0-b42/hk2-locator-2.5.0-b42.jar:/home/user/.m2/repository/org/javassist/javassist/3.22.0-CR2/javassist-3.22.0-CR2.jar:/home/user/.m2/repository/org/glassfish/hk2/hk2-api/2.5.0/hk2-api-2.5.0.jar:/home/user/.m2/repository/org/glassfish/hk2/external/jakarta.inject/2.5.0/jakarta.inject-2.5.0.jar:/home/user/.m2/repository/org/glassfish/hk2/hk2-utils/2.5.0/hk2-utils-2.5.0.jar:/home/user/.m2/repository/jakarta/annotation/jakarta.annotation-api/1.3.4/jakarta.annotation-api-1.3.4.jar:/home/user/.m2/repository/org/glassfish/hk2/external/aopalliance-repackaged/2.5.0/aopalliance-repackaged-2.5.0.jar:/home/user/.m2/repository/com/fasterxml/jackson/dataformat/jackson-dataformat-xml/2.9.0/jackson-dataformat-xml-2.9.0.jar:/home/user/.m2/repository/com/fasterxml/jackson/core/jackson-core/2.9.5/jackson-core-2.9.5.jar:/home/user/.m2/repository/com/fasterxml/jackson/module/jackson-module-jaxb-annotations/2.9.5/jackson-module-jaxb-annotations-2.9.5.jar:/home/user/.m2/repository/javax/enterprise/cdi-api/1.2/cdi-api-1.2.jar:/home/user/.m2/repository/javax/el/javax.el-api/3.0.0/javax.el-api-3.0.0.jar:/home/user/.m2/repository/javax/interceptor/javax.interceptor-api/1.2/javax.interceptor-api-1.2.jar:/home/user/.m2/repository/javax/inject/javax.inject/1/javax.inject-1.jar:/home/user/.m2/repository/com/sun/xml/bind/jaxb-impl/2.3.0.1/jaxb-impl-2.3.0.1.jar:/home/user/.m2/repository/com/sun/xml/bind/jaxb-core/2.3.0.1/jaxb-core-2.3.0.1.jar:/home/user/.m2/repository/javax/xml/bind/jaxb-api/2.3.0/jaxb-api-2.3.0.jar:/home/user/.m2/repository/javax/activation/activation/1.1.1/activation-1.1.1.jar:/home/user/.m2/repository/org/apache/hadoop/hadoop-ozone-csi/0.5.0-SNAPSHOT/hadoop-ozone-csi-0.5.0-SNAPSHOT.jar:/home/user/.m2/repository/com/google/protobuf/protobuf-java-util/3.5.1/protobuf-java-util-3.5.1.jar:/home/user/.m2/repository/org/apache/hadoop/hadoop-hdds-config/0.5.0-SNAPSHOT/hadoop-hdds-config-0.5.0-SNAPSHOT.jar:/home/user/.m2/repository/io/grpc/grpc-netty/1.17.1/grpc-netty-1.17.1.jar:/home/user/.m2/repository/io/grpc/grpc-core/1.17.1/grpc-core-1.17.1.jar:/home/user/.m2/repository/io/grpc/grpc-context/1.17.1/grpc-context-1.17.1.jar:/home/user/.m2/repository/com/google/errorprone/error_prone_annotations/2.2.0/error_prone_annotations-2.2.0.jar:/home/user/.m2/repository/org/codehaus/mojo/animal-sniffer-annotations/1.17/animal-sniffer-annotations-1.17.jar:/home/user/.m2/repository/io/opencensus/opencensus-api/0.17.0/opencensus-api-0.17.0.jar:/home/user/.m2/repository/io/opencensus/opencensus-contrib-grpc-metrics/0.17.0/opencensus-contrib-grpc-metrics-0.17.0.jar:/home/user/.m2/repository/io/netty/netty-codec-http2/4.1.30.Final/netty-codec-http2-4.1.30.Final.jar:/home/user/.m2/repository/io/netty/netty-codec-http/4.1.30.Final/netty-codec-http-4.1.30.Final.jar:/home/user/.m2/repository/io/netty/netty-codec/4.1.30.Final/netty-codec-4.1.30.Final.jar:/home/user/.m2/repository/io/netty/netty-handler/4.1.30.Final/netty-handler-4.1.30.Final.jar:/home/user/.m2/repository/io/netty/netty-handler-proxy/4.1.30.Final/netty-handler-proxy-4.1.30.Final.jar:/home/user/.m2/repository/io/netty/netty-codec-socks/4.1.30.Final/netty-codec-socks-4.1.30.Final.jar:/home/user/.m2/repository/io/netty/netty-transport-native-epoll/4.1.30.Final/netty-transport-native-epoll-4.1.30.Final.jar:/home/user/.m2/repository/io/netty/netty-common/4.1.30.Final/netty-common-4.1.30.Final.jar:/home/user/.m2/repository/io/netty/netty-buffer/4.1.30.Final/netty-buffer-4.1.30.Final.jar:/home/user/.m2/repository/io/netty/netty-transport/4.1.30.Final/netty-transport-4.1.30.Final.jar:/home/user/.m2/repository/io/netty/netty-resolver/4.1.30.Final/netty-resolver-4.1.30.Final.jar:/home/user/.m2/repository/io/netty/netty-transport-native-unix-common/4.1.30.Final/netty-transport-native-unix-common-4.1.30.Final.jar:/home/user/.m2/repository/io/grpc/grpc-protobuf/1.17.1/grpc-protobuf-1.17.1.jar:/home/user/.m2/repository/com/google/api/grpc/proto-google-common-protos/1.0.0/proto-google-common-protos-1.0.0.jar:/home/user/.m2/repository/io/grpc/grpc-protobuf-lite/1.17.1/grpc-protobuf-lite-1.17.1.jar:/home/user/.m2/repository/io/grpc/grpc-stub/1.17.1/grpc-stub-1.17.1.jar:/home/user/.m2/repository/org/apache/hadoop/hadoop-ozone-recon/0.5.0-SNAPSHOT/hadoop-ozone-recon-0.5.0-SNAPSHOT.jar:/home/user/.m2/repository/org/apache/hadoop/hadoop-ozone-reconcodegen/0.5.0-SNAPSHOT/hadoop-ozone-reconcodegen-0.5.0-SNAPSHOT.jar:/home/user/.m2/repository/com/google/inject/extensions/guice-multibindings/4.0/guice-multibindings-4.0.jar:/home/user/.m2/repository/com/google/inject/guice/4.0/guice-4.0.jar:/home/user/.m2/repository/aopalliance/aopalliance/1.0/aopalliance-1.0.jar:/home/user/.m2/repository/com/google/inject/extensions/guice-servlet/4.0/guice-servlet-4.0.jar:/home/user/.m2/repository/org/glassfish/jersey/containers/jersey-container-servlet/2.27/jersey-container-servlet-2.27.jar:/home/user/.m2/repository/org/glassfish/hk2/guice-bridge/2.5.0/guice-bridge-2.5.0.jar:/home/user/.m2/repository/org/glassfish/jersey/core/jersey-server/2.27/jersey-server-2.27.jar:/home/user/.m2/repository/org/glassfish/jersey/core/jersey-client/2.27/jersey-client-2.27.jar:/home/user/.m2/repository/org/glassfish/jersey/media/jersey-media-jaxb/2.27/jersey-media-jaxb-2.27.jar:/home/user/.m2/repository/javax/validation/validation-api/1.1.0.Final/validation-api-1.1.0.Final.jar:/home/user/.m2/repository/org/glassfish/jersey/media/jersey-media-json-jackson/2.27/jersey-media-json-jackson-2.27.jar:/home/user/.m2/repository/org/glassfish/jersey/ext/jersey-entity-filtering/2.27/jersey-entity-filtering-2.27.jar:/home/user/.m2/repository/com/google/inject/extensions/guice-assistedinject/4.0/guice-assistedinject-4.0.jar:/home/user/.m2/repository/org/jooq/jooq/3.11.10/jooq-3.11.10.jar:/home/user/.m2/repository/org/jooq/jooq-meta/3.11.10/jooq-meta-3.11.10.jar:/home/user/.m2/repository/org/jooq/jooq-codegen/3.11.10/jooq-codegen-3.11.10.jar:/home/user/.m2/repository/com/jolbox/bonecp/0.8.0.RELEASE/bonecp-0.8.0.RELEASE.jar:/home/user/.m2/repository/org/xerial/sqlite-jdbc/3.25.2/sqlite-jdbc-3.25.2.jar:/home/user/.m2/repository/org/springframework/spring-jdbc/5.1.3.RELEASE/spring-jdbc-5.1.3.RELEASE.jar:/home/user/.m2/repository/org/springframework/spring-beans/5.1.3.RELEASE/spring-beans-5.1.3.RELEASE.jar:/home/user/.m2/repository/org/springframework/spring-core/5.1.3.RELEASE/spring-core-5.1.3.RELEASE.jar:/home/user/.m2/repository/org/springframework/spring-jcl/5.1.3.RELEASE/spring-jcl-5.1.3.RELEASE.jar:/home/user/.m2/repository/org/springframework/spring-tx/5.1.3.RELEASE/spring-tx-5.1.3.RELEASE.jar:/home/user/.m2/repository/org/apache/hadoop/hadoop-ozone-client/0.5.0-SNAPSHOT/hadoop-ozone-client-0.5.0-SNAPSHOT.jar:/home/user/.m2/repository/commons-lang/commons-lang/2.6/commons-lang-2.6.jar:/home/user/.m2/repository/org/apache/hadoop/hadoop-ozone-ozone-manager/0.5.0-SNAPSHOT/hadoop-ozone-ozone-manager-0.5.0-SNAPSHOT-tests.jar:/home/user/.m2/repository/junit/junit/4.11/junit-4.11.jar:/home/user/.m2/repository/org/hamcrest/hamcrest-core/1.3/hamcrest-core-1.3.jar:/home/user/.m2/repository/org/openjdk/jmh/jmh-core/1.19/jmh-core-1.19.jar:/home/user/.m2/repository/net/sf/jopt-simple/jopt-simple/4.6/jopt-simple-4.6.jar:/home/user/.m2/repository/org/apache/commons/commons-math3/3.1.1/commons-math3-3.1.1.jar:/home/user/.m2/repository/org/openjdk/jmh/jmh-generator-annprocess/1.19/jmh-generator-annprocess-1.19.jar:/home/user/.m2/repository/org/mockito/mockito-all/1.8.5/mockito-all-1.8.5.jar:/home/user/.m2/repository/org/apache/hadoop/hadoop-kms/3.2.0/hadoop-kms-3.2.0.jar:/home/user/.m2/repository/org/apache/hadoop/hadoop-auth/3.2.0/hadoop-auth-3.2.0.jar:/home/user/.m2/repository/com/nimbusds/nimbus-jose-jwt/4.41.1/nimbus-jose-jwt-4.41.1.jar:/home/user/.m2/repository/com/github/stephenc/jcip/jcip-annotations/1.0-1/jcip-annotations-1.0-1.jar:/home/user/.m2/repository/net/minidev/json-smart/2.3/json-smart-2.3.jar:/home/user/.m2/repository/net/minidev/accessors-smart/1.2/accessors-smart-1.2.jar:/home/user/.m2/repository/org/ow2/asm/asm/5.0.4/asm-5.0.4.jar:/home/user/.m2/repository/org/apache/curator/curator-framework/2.12.0/curator-framework-2.12.0.jar:/home/user/.m2/repository/com/sun/jersey/jersey-core/1.19/jersey-core-1.19.jar:/home/user/.m2/repository/javax/ws/rs/jsr311-api/1.1.1/jsr311-api-1.1.1.jar:/home/user/.m2/repository/com/sun/jersey/jersey-server/1.19/jersey-server-1.19.jar:/home/user/.m2/repository/javax/servlet/javax.servlet-api/3.1.0/javax.servlet-api-3.1.0.jar:/home/user/.m2/repository/org/eclipse/jetty/jetty-server/9.3.24.v20180605/jetty-server-9.3.24.v20180605.jar:/home/user/.m2/repository/org/eclipse/jetty/jetty-http/9.3.24.v20180605/jetty-http-9.3.24.v20180605.jar:/home/user/.m2/repository/org/eclipse/jetty/jetty-io/9.3.24.v20180605/jetty-io-9.3.24.v20180605.jar:/home/user/.m2/repository/org/eclipse/jetty/jetty-webapp/9.3.24.v20180605/jetty-webapp-9.3.24.v20180605.jar:/home/user/.m2/repository/org/eclipse/jetty/jetty-xml/9.3.24.v20180605/jetty-xml-9.3.24.v20180605.jar:/home/user/.m2/repository/log4j/log4j/1.2.17/log4j-1.2.17.jar:/home/user/.m2/repository/org/slf4j/slf4j-api/1.7.25/slf4j-api-1.7.25.jar:/home/user/.m2/repository/org/slf4j/jul-to-slf4j/1.7.25/jul-to-slf4j-1.7.25.jar:/home/user/.m2/repository/org/eclipse/jetty/jetty-util/9.3.24.v20180605/jetty-util-9.3.24.v20180605.jar:/home/user/.m2/repository/com/fasterxml/jackson/core/jackson-databind/2.9.5/jackson-databind-2.9.5.jar:/home/user/.m2/repository/org/apache/hadoop/hadoop-kms/3.2.0/hadoop-kms-3.2.0-tests.jar:/home/user/.m2/repository/org/apache/hadoop/hadoop-hdds-server-scm/0.5.0-SNAPSHOT/hadoop-hdds-server-scm-0.5.0-SNAPSHOT-tests.jar:/home/user/.m2/repository/org/apache/hadoop/hadoop-hdds-container-service/0.5.0-SNAPSHOT/hadoop-hdds-container-service-0.5.0-SNAPSHOT-tests.jar:/home/user/.m2/repository/org/yaml/snakeyaml/1.16/snakeyaml-1.16.jar:/home/user/.m2/repository/org/apache/hadoop/hadoop-common/3.2.0/hadoop-common-3.2.0-tests.jar:/home/user/.m2/repository/org/apache/hadoop/hadoop-annotations/3.2.0/hadoop-annotations-3.2.0.jar:/usr/lib/jvm/java-1.8-openjdk/jre/../lib/tools.jar:/home/user/.m2/repository/commons-cli/commons-cli/1.2/commons-cli-1.2.jar:/home/user/.m2/repository/org/apache/httpcomponents/httpclient/4.5.2/httpclient-4.5.2.jar:/home/user/.m2/repository/org/apache/httpcomponents/httpcore/4.4.4/httpcore-4.4.4.jar:/home/user/.m2/repository/commons-codec/commons-codec/1.11/commons-codec-1.11.jar:/home/user/.m2/repository/commons-net/commons-net/3.6/commons-net-3.6.jar:/home/user/.m2/repository/commons-collections/commons-collections/3.2.2/commons-collections-3.2.2.jar:/home/user/.m2/repository/org/eclipse/jetty/jetty-servlet/9.3.24.v20180605/jetty-servlet-9.3.24.v20180605.jar:/home/user/.m2/repository/org/eclipse/jetty/jetty-security/9.3.24.v20180605/jetty-security-9.3.24.v20180605.jar:/home/user/.m2/repository/javax/servlet/jsp/jsp-api/2.1/jsp-api-2.1.jar:/home/user/.m2/repository/com/sun/jersey/jersey-servlet/1.19/jersey-servlet-1.19.jar:/home/user/.m2/repository/com/sun/jersey/jersey-json/1.19/jersey-json-1.19.jar:/home/user/.m2/repository/org/codehaus/jettison/jettison/1.1/jettison-1.1.jar:/home/user/.m2/repository/org/codehaus/jackson/jackson-core-asl/1.9.13/jackson-core-asl-1.9.13.jar:/home/user/.m2/repository/org/codehaus/jackson/jackson-mapper-asl/1.9.13/jackson-mapper-asl-1.9.13.jar:/home/user/.m2/repository/org/codehaus/jackson/jackson-jaxrs/1.9.13/jackson-jaxrs-1.9.13.jar:/home/user/.m2/repository/org/codehaus/jackson/jackson-xc/1.9.13/jackson-xc-1.9.13.jar:/home/user/.m2/repository/commons-logging/commons-logging/1.1.3/commons-logging-1.1.3.jar:/home/user/.m2/repository/commons-beanutils/commons-beanutils/1.9.3/commons-beanutils-1.9.3.jar:/home/user/.m2/repository/org/apache/commons/commons-configuration2/2.1.1/commons-configuration2-2.1.1.jar:/home/user/.m2/repository/org/apache/commons/commons-lang3/3.7/commons-lang3-3.7.jar:/home/user/.m2/repository/org/apache/commons/commons-text/1.4/commons-text-1.4.jar:/home/user/.m2/repository/org/apache/avro/avro/1.7.7/avro-1.7.7.jar:/home/user/.m2/repository/com/thoughtworks/paranamer/paranamer/2.3/paranamer-2.3.jar:/home/user/.m2/repository/org/xerial/snappy/snappy-java/1.0.5/snappy-java-1.0.5.jar:/home/user/.m2/repository/com/google/re2j/re2j/1.1/re2j-1.1.jar:/home/user/.m2/repository/com/google/code/gson/gson/2.2.4/gson-2.2.4.jar:/home/user/.m2/repository/com/jcraft/jsch/0.1.54/jsch-0.1.54.jar:/home/user/.m2/repository/org/apache/curator/curator-client/2.12.0/curator-client-2.12.0.jar:/home/user/.m2/repository/org/apache/curator/curator-recipes/2.12.0/curator-recipes-2.12.0.jar:/home/user/.m2/repository/com/google/code/findbugs/jsr305/3.0.0/jsr305-3.0.0.jar:/home/user/.m2/repository/org/apache/htrace/htrace-core4/4.1.0-incubating/htrace-core4-4.1.0-incubating.jar:/home/user/.m2/repository/org/apache/zookeeper/zookeeper/3.4.13/zookeeper-3.4.13.jar:/home/user/.m2/repository/org/apache/yetus/audience-annotations/0.5.0/audience-annotations-0.5.0.jar:/home/user/.m2/repository/org/codehaus/woodstox/stax2-api/3.1.4/stax2-api-3.1.4.jar:/home/user/.m2/repository/com/fasterxml/woodstox/woodstox-core/5.0.3/woodstox-core-5.0.3.jar:/home/user/.m2/repository/dnsjava/dnsjava/2.1.7/dnsjava-2.1.7.jar:/home/user/.m2/repository/org/apache/hadoop/hadoop-hdfs/3.2.0/hadoop-hdfs-3.2.0-tests.jar:/home/user/.m2/repository/org/eclipse/jetty/jetty-util-ajax/9.3.24.v20180605/jetty-util-ajax-9.3.24.v20180605.jar:/home/user/.m2/repository/commons-daemon/commons-daemon/1.0.13/commons-daemon-1.0.13.jar:/home/user/.m2/repository/io/netty/netty/3.10.5.Final/netty-3.10.5.Final.jar:/home/user/.m2/repository/io/netty/netty-all/4.0.52.Final/netty-all-4.0.52.Final.jar:/home/user/.m2/repository/org/fusesource/leveldbjni/leveldbjni-all/1.8/leveldbjni-all-1.8.jar:"/>
    <property name="java.vm.vendor" value="IcedTea"/>
    <property name="sun.arch.data.model" value="64"/>
    <property name="test.build.dir" value="/workdir/hadoop-ozone/integration-test/target/test-dir"/>
    <property name="test.cache.data" value=""/>
    <property name="java.vendor.url" value="https://icedtea.classpath.org"/>
    <property name="user.timezone" value=""/>
    <property name="java.vm.specification.version" value="1.8"/>
    <property name="os.name" value="Linux"/>
    <property name="test.build.data" value="/workdir/hadoop-ozone/integration-test/target/test-dir"/>
    <property name="user.country" value="US"/>
    <property name="sun.java.launcher" value="SUN_STANDARD"/>
    <property name="sun.boot.library.path" value="/usr/lib/jvm/java-1.8-openjdk/jre/lib/amd64"/>
    <property name="sun.java.command" value="/workdir/hadoop-ozone/integration-test/target/surefire/surefirebooter5630173478689154588.jar /workdir/hadoop-ozone/integration-test/target/surefire 2019-08-24T22-10-04_668-jvmRun1 surefire7476969341191907308tmp surefire_486688308872171144733tmp"/>
    <property name="test" value="!TestMiniChaosOzoneCluster"/>
    <property name="surefire.test.class.path" value="/workdir/hadoop-ozone/integration-test/target/test-classes:/workdir/hadoop-ozone/integration-test/target/classes:/home/user/.m2/repository/org/apache/hadoop/hadoop-ozone-common/0.5.0-SNAPSHOT/hadoop-ozone-common-0.5.0-SNAPSHOT.jar:/home/user/.m2/repository/org/apache/commons/commons-compress/1.4.1/commons-compress-1.4.1.jar:/home/user/.m2/repository/org/tukaani/xz/1.0/xz-1.0.jar:/home/user/.m2/repository/org/apache/hadoop/hadoop-common/3.2.0/hadoop-common-3.2.0.jar:/home/user/.m2/repository/org/apache/hadoop/hadoop-hdfs/3.2.0/hadoop-hdfs-3.2.0.jar:/home/user/.m2/repository/org/apache/hadoop/hadoop-hdfs-client/3.2.0/hadoop-hdfs-client-3.2.0.jar:/home/user/.m2/repository/com/fasterxml/jackson/core/jackson-annotations/2.9.5/jackson-annotations-2.9.5.jar:/home/user/.m2/repository/org/apache/hadoop/hadoop-hdds-common/0.5.0-SNAPSHOT/hadoop-hdds-common-0.5.0-SNAPSHOT.jar:/home/user/.m2/repository/javax/annotation/javax.annotation-api/1.2/javax.annotation-api-1.2.jar:/home/user/.m2/repository/org/apache/ratis/ratis-server/0.4.0-2337318-SNAPSHOT/ratis-server-0.4.0-2337318-SNAPSHOT.jar:/home/user/.m2/repository/org/apache/ratis/ratis-thirdparty-misc/0.2.0/ratis-thirdparty-misc-0.2.0.jar:/home/user/.m2/repository/org/apache/ratis/ratis-proto/0.4.0-2337318-SNAPSHOT/ratis-proto-0.4.0-2337318-SNAPSHOT.jar:/home/user/.m2/repository/org/apache/ratis/ratis-common/0.4.0-2337318-SNAPSHOT/ratis-common-0.4.0-2337318-SNAPSHOT.jar:/home/user/.m2/repository/org/apache/ratis/ratis-client/0.4.0-2337318-SNAPSHOT/ratis-client-0.4.0-2337318-SNAPSHOT.jar:/home/user/.m2/repository/org/apache/ratis/ratis-metrics/0.4.0-2337318-SNAPSHOT/ratis-metrics-0.4.0-2337318-SNAPSHOT.jar:/home/user/.m2/repository/org/apache/ratis/ratis-netty/0.4.0-2337318-SNAPSHOT/ratis-netty-0.4.0-2337318-SNAPSHOT.jar:/home/user/.m2/repository/org/apache/ratis/ratis-grpc/0.4.0-2337318-SNAPSHOT/ratis-grpc-0.4.0-2337318-SNAPSHOT.jar:/home/user/.m2/repository/org/rocksdb/rocksdbjni/6.0.1/rocksdbjni-6.0.1.jar:/home/user/.m2/repository/org/apache/logging/log4j/log4j-api/2.11.0/log4j-api-2.11.0.jar:/home/user/.m2/repository/org/apache/logging/log4j/log4j-core/2.11.0/log4j-core-2.11.0.jar:/home/user/.m2/repository/com/lmax/disruptor/3.4.2/disruptor-3.4.2.jar:/home/user/.m2/repository/org/apache/commons/commons-pool2/2.6.0/commons-pool2-2.6.0.jar:/home/user/.m2/repository/org/bouncycastle/bcpkix-jdk15on/1.60/bcpkix-jdk15on-1.60.jar:/home/user/.m2/repository/commons-validator/commons-validator/1.6/commons-validator-1.6.jar:/home/user/.m2/repository/commons-digester/commons-digester/1.8.1/commons-digester-1.8.1.jar:/home/user/.m2/repository/io/jaegertracing/jaeger-client/0.33.1/jaeger-client-0.33.1.jar:/home/user/.m2/repository/io/jaegertracing/jaeger-thrift/0.33.1/jaeger-thrift-0.33.1.jar:/home/user/.m2/repository/org/apache/thrift/libthrift/0.11.0/libthrift-0.11.0.jar:/home/user/.m2/repository/com/squareup/okhttp3/okhttp/3.9.0/okhttp-3.9.0.jar:/home/user/.m2/repository/com/squareup/okio/okio/1.13.0/okio-1.13.0.jar:/home/user/.m2/repository/io/jaegertracing/jaeger-core/0.33.1/jaeger-core-0.33.1.jar:/home/user/.m2/repository/io/jaegertracing/jaeger-tracerresolver/0.33.1/jaeger-tracerresolver-0.33.1.jar:/home/user/.m2/repository/io/opentracing/contrib/opentracing-tracerresolver/0.1.5/opentracing-tracerresolver-0.1.5.jar:/home/user/.m2/repository/io/opentracing/opentracing-util/0.31.0/opentracing-util-0.31.0.jar:/home/user/.m2/repository/io/opentracing/opentracing-api/0.31.0/opentracing-api-0.31.0.jar:/home/user/.m2/repository/io/opentracing/opentracing-noop/0.31.0/opentracing-noop-0.31.0.jar:/home/user/.m2/repository/org/apache/hadoop/hadoop-hdds-server-framework/0.5.0-SNAPSHOT/hadoop-hdds-server-framework-0.5.0-SNAPSHOT.jar:/home/user/.m2/repository/org/apache/hadoop/hadoop-hdds-container-service/0.5.0-SNAPSHOT/hadoop-hdds-container-service-0.5.0-SNAPSHOT.jar:/home/user/.m2/repository/org/apache/hadoop/hadoop-hdds-client/0.5.0-SNAPSHOT/hadoop-hdds-client-0.5.0-SNAPSHOT.jar:/home/user/.m2/repository/org/apache/hadoop/hadoop-hdds-tools/0.5.0-SNAPSHOT/hadoop-hdds-tools-0.5.0-SNAPSHOT.jar:/home/user/.m2/repository/org/apache/hadoop/hadoop-hdds-server-scm/0.5.0-SNAPSHOT/hadoop-hdds-server-scm-0.5.0-SNAPSHOT.jar:/home/user/.m2/repository/org/apache/hadoop/hadoop-hdds-docs/0.5.0-SNAPSHOT/hadoop-hdds-docs-0.5.0-SNAPSHOT.jar:/home/user/.m2/repository/io/dropwizard/metrics/metrics-core/3.2.4/metrics-core-3.2.4.jar:/home/user/.m2/repository/org/hamcrest/hamcrest-all/1.3/hamcrest-all-1.3.jar:/home/user/.m2/repository/org/bouncycastle/bcprov-jdk15on/1.60/bcprov-jdk15on-1.60.jar:/home/user/.m2/repository/info/picocli/picocli/3.9.6/picocli-3.9.6.jar:/home/user/.m2/repository/com/google/protobuf/protobuf-java/2.5.0/protobuf-java-2.5.0.jar:/home/user/.m2/repository/com/google/guava/guava/11.0.2/guava-11.0.2.jar:/home/user/.m2/repository/org/apache/hadoop/hadoop-ozone-ozone-manager/0.5.0-SNAPSHOT/hadoop-ozone-ozone-manager-0.5.0-SNAPSHOT.jar:/home/user/.m2/repository/org/apache/hadoop/hadoop-minikdc/3.2.0/hadoop-minikdc-3.2.0.jar:/home/user/.m2/repository/commons-io/commons-io/2.5/commons-io-2.5.jar:/home/user/.m2/repository/org/apache/kerby/kerb-simplekdc/1.0.1/kerb-simplekdc-1.0.1.jar:/home/user/.m2/repository/org/apache/kerby/kerb-client/1.0.1/kerb-client-1.0.1.jar:/home/user/.m2/repository/org/apache/kerby/kerby-config/1.0.1/kerby-config-1.0.1.jar:/home/user/.m2/repository/org/apache/kerby/kerb-core/1.0.1/kerb-core-1.0.1.jar:/home/user/.m2/repository/org/apache/kerby/kerby-pkix/1.0.1/kerby-pkix-1.0.1.jar:/home/user/.m2/repository/org/apache/kerby/kerby-asn1/1.0.1/kerby-asn1-1.0.1.jar:/home/user/.m2/repository/org/apache/kerby/kerby-util/1.0.1/kerby-util-1.0.1.jar:/home/user/.m2/repository/org/apache/kerby/kerb-common/1.0.1/kerb-common-1.0.1.jar:/home/user/.m2/repository/org/apache/kerby/kerb-crypto/1.0.1/kerb-crypto-1.0.1.jar:/home/user/.m2/repository/org/apache/kerby/kerb-util/1.0.1/kerb-util-1.0.1.jar:/home/user/.m2/repository/org/apache/kerby/token-provider/1.0.1/token-provider-1.0.1.jar:/home/user/.m2/repository/org/apache/kerby/kerb-admin/1.0.1/kerb-admin-1.0.1.jar:/home/user/.m2/repository/org/apache/kerby/kerb-server/1.0.1/kerb-server-1.0.1.jar:/home/user/.m2/repository/org/apache/kerby/kerb-identity/1.0.1/kerb-identity-1.0.1.jar:/home/user/.m2/repository/org/apache/kerby/kerby-xdr/1.0.1/kerby-xdr-1.0.1.jar:/home/user/.m2/repository/org/slf4j/slf4j-log4j12/1.7.25/slf4j-log4j12-1.7.25.jar:/home/user/.m2/repository/org/apache/hadoop/hadoop-ozone-objectstore-service/0.5.0-SNAPSHOT/hadoop-ozone-objectstore-service-0.5.0-SNAPSHOT.jar:/home/user/.m2/repository/org/apache/hadoop/hadoop-ozone-s3gateway/0.5.0-SNAPSHOT/hadoop-ozone-s3gateway-0.5.0-SNAPSHOT.jar:/home/user/.m2/repository/org/jboss/weld/servlet/weld-servlet/2.4.7.Final/weld-servlet-2.4.7.Final.jar:/home/user/.m2/repository/org/glassfish/jersey/containers/jersey-container-servlet-core/2.27/jersey-container-servlet-core-2.27.jar:/home/user/.m2/repository/org/glassfish/hk2/external/javax.inject/2.5.0-b42/javax.inject-2.5.0-b42.jar:/home/user/.m2/repository/org/glassfish/jersey/core/jersey-common/2.27/jersey-common-2.27.jar:/home/user/.m2/repository/org/glassfish/hk2/osgi-resource-locator/1.0.1/osgi-resource-locator-1.0.1.jar:/home/user/.m2/repository/javax/ws/rs/javax.ws.rs-api/2.1/javax.ws.rs-api-2.1.jar:/home/user/.m2/repository/org/glassfish/jersey/ext/cdi/jersey-cdi1x/2.27/jersey-cdi1x-2.27.jar:/home/user/.m2/repository/org/glassfish/jersey/inject/jersey-hk2/2.27/jersey-hk2-2.27.jar:/home/user/.m2/repository/org/glassfish/hk2/hk2-locator/2.5.0-b42/hk2-locator-2.5.0-b42.jar:/home/user/.m2/repository/org/javassist/javassist/3.22.0-CR2/javassist-3.22.0-CR2.jar:/home/user/.m2/repository/org/glassfish/hk2/hk2-api/2.5.0/hk2-api-2.5.0.jar:/home/user/.m2/repository/org/glassfish/hk2/external/jakarta.inject/2.5.0/jakarta.inject-2.5.0.jar:/home/user/.m2/repository/org/glassfish/hk2/hk2-utils/2.5.0/hk2-utils-2.5.0.jar:/home/user/.m2/repository/jakarta/annotation/jakarta.annotation-api/1.3.4/jakarta.annotation-api-1.3.4.jar:/home/user/.m2/repository/org/glassfish/hk2/external/aopalliance-repackaged/2.5.0/aopalliance-repackaged-2.5.0.jar:/home/user/.m2/repository/com/fasterxml/jackson/dataformat/jackson-dataformat-xml/2.9.0/jackson-dataformat-xml-2.9.0.jar:/home/user/.m2/repository/com/fasterxml/jackson/core/jackson-core/2.9.5/jackson-core-2.9.5.jar:/home/user/.m2/repository/com/fasterxml/jackson/module/jackson-module-jaxb-annotations/2.9.5/jackson-module-jaxb-annotations-2.9.5.jar:/home/user/.m2/repository/javax/enterprise/cdi-api/1.2/cdi-api-1.2.jar:/home/user/.m2/repository/javax/el/javax.el-api/3.0.0/javax.el-api-3.0.0.jar:/home/user/.m2/repository/javax/interceptor/javax.interceptor-api/1.2/javax.interceptor-api-1.2.jar:/home/user/.m2/repository/javax/inject/javax.inject/1/javax.inject-1.jar:/home/user/.m2/repository/com/sun/xml/bind/jaxb-impl/2.3.0.1/jaxb-impl-2.3.0.1.jar:/home/user/.m2/repository/com/sun/xml/bind/jaxb-core/2.3.0.1/jaxb-core-2.3.0.1.jar:/home/user/.m2/repository/javax/xml/bind/jaxb-api/2.3.0/jaxb-api-2.3.0.jar:/home/user/.m2/repository/javax/activation/activation/1.1.1/activation-1.1.1.jar:/home/user/.m2/repository/org/apache/hadoop/hadoop-ozone-csi/0.5.0-SNAPSHOT/hadoop-ozone-csi-0.5.0-SNAPSHOT.jar:/home/user/.m2/repository/com/google/protobuf/protobuf-java-util/3.5.1/protobuf-java-util-3.5.1.jar:/home/user/.m2/repository/org/apache/hadoop/hadoop-hdds-config/0.5.0-SNAPSHOT/hadoop-hdds-config-0.5.0-SNAPSHOT.jar:/home/user/.m2/repository/io/grpc/grpc-netty/1.17.1/grpc-netty-1.17.1.jar:/home/user/.m2/repository/io/grpc/grpc-core/1.17.1/grpc-core-1.17.1.jar:/home/user/.m2/repository/io/grpc/grpc-context/1.17.1/grpc-context-1.17.1.jar:/home/user/.m2/repository/com/google/errorprone/error_prone_annotations/2.2.0/error_prone_annotations-2.2.0.jar:/home/user/.m2/repository/org/codehaus/mojo/animal-sniffer-annotations/1.17/animal-sniffer-annotations-1.17.jar:/home/user/.m2/repository/io/opencensus/opencensus-api/0.17.0/opencensus-api-0.17.0.jar:/home/user/.m2/repository/io/opencensus/opencensus-contrib-grpc-metrics/0.17.0/opencensus-contrib-grpc-metrics-0.17.0.jar:/home/user/.m2/repository/io/netty/netty-codec-http2/4.1.30.Final/netty-codec-http2-4.1.30.Final.jar:/home/user/.m2/repository/io/netty/netty-codec-http/4.1.30.Final/netty-codec-http-4.1.30.Final.jar:/home/user/.m2/repository/io/netty/netty-codec/4.1.30.Final/netty-codec-4.1.30.Final.jar:/home/user/.m2/repository/io/netty/netty-handler/4.1.30.Final/netty-handler-4.1.30.Final.jar:/home/user/.m2/repository/io/netty/netty-handler-proxy/4.1.30.Final/netty-handler-proxy-4.1.30.Final.jar:/home/user/.m2/repository/io/netty/netty-codec-socks/4.1.30.Final/netty-codec-socks-4.1.30.Final.jar:/home/user/.m2/repository/io/netty/netty-transport-native-epoll/4.1.30.Final/netty-transport-native-epoll-4.1.30.Final.jar:/home/user/.m2/repository/io/netty/netty-common/4.1.30.Final/netty-common-4.1.30.Final.jar:/home/user/.m2/repository/io/netty/netty-buffer/4.1.30.Final/netty-buffer-4.1.30.Final.jar:/home/user/.m2/repository/io/netty/netty-transport/4.1.30.Final/netty-transport-4.1.30.Final.jar:/home/user/.m2/repository/io/netty/netty-resolver/4.1.30.Final/netty-resolver-4.1.30.Final.jar:/home/user/.m2/repository/io/netty/netty-transport-native-unix-common/4.1.30.Final/netty-transport-native-unix-common-4.1.30.Final.jar:/home/user/.m2/repository/io/grpc/grpc-protobuf/1.17.1/grpc-protobuf-1.17.1.jar:/home/user/.m2/repository/com/google/api/grpc/proto-google-common-protos/1.0.0/proto-google-common-protos-1.0.0.jar:/home/user/.m2/repository/io/grpc/grpc-protobuf-lite/1.17.1/grpc-protobuf-lite-1.17.1.jar:/home/user/.m2/repository/io/grpc/grpc-stub/1.17.1/grpc-stub-1.17.1.jar:/home/user/.m2/repository/org/apache/hadoop/hadoop-ozone-recon/0.5.0-SNAPSHOT/hadoop-ozone-recon-0.5.0-SNAPSHOT.jar:/home/user/.m2/repository/org/apache/hadoop/hadoop-ozone-reconcodegen/0.5.0-SNAPSHOT/hadoop-ozone-reconcodegen-0.5.0-SNAPSHOT.jar:/home/user/.m2/repository/com/google/inject/extensions/guice-multibindings/4.0/guice-multibindings-4.0.jar:/home/user/.m2/repository/com/google/inject/guice/4.0/guice-4.0.jar:/home/user/.m2/repository/aopalliance/aopalliance/1.0/aopalliance-1.0.jar:/home/user/.m2/repository/com/google/inject/extensions/guice-servlet/4.0/guice-servlet-4.0.jar:/home/user/.m2/repository/org/glassfish/jersey/containers/jersey-container-servlet/2.27/jersey-container-servlet-2.27.jar:/home/user/.m2/repository/org/glassfish/hk2/guice-bridge/2.5.0/guice-bridge-2.5.0.jar:/home/user/.m2/repository/org/glassfish/jersey/core/jersey-server/2.27/jersey-server-2.27.jar:/home/user/.m2/repository/org/glassfish/jersey/core/jersey-client/2.27/jersey-client-2.27.jar:/home/user/.m2/repository/org/glassfish/jersey/media/jersey-media-jaxb/2.27/jersey-media-jaxb-2.27.jar:/home/user/.m2/repository/javax/validation/validation-api/1.1.0.Final/validation-api-1.1.0.Final.jar:/home/user/.m2/repository/org/glassfish/jersey/media/jersey-media-json-jackson/2.27/jersey-media-json-jackson-2.27.jar:/home/user/.m2/repository/org/glassfish/jersey/ext/jersey-entity-filtering/2.27/jersey-entity-filtering-2.27.jar:/home/user/.m2/repository/com/google/inject/extensions/guice-assistedinject/4.0/guice-assistedinject-4.0.jar:/home/user/.m2/repository/org/jooq/jooq/3.11.10/jooq-3.11.10.jar:/home/user/.m2/repository/org/jooq/jooq-meta/3.11.10/jooq-meta-3.11.10.jar:/home/user/.m2/repository/org/jooq/jooq-codegen/3.11.10/jooq-codegen-3.11.10.jar:/home/user/.m2/repository/com/jolbox/bonecp/0.8.0.RELEASE/bonecp-0.8.0.RELEASE.jar:/home/user/.m2/repository/org/xerial/sqlite-jdbc/3.25.2/sqlite-jdbc-3.25.2.jar:/home/user/.m2/repository/org/springframework/spring-jdbc/5.1.3.RELEASE/spring-jdbc-5.1.3.RELEASE.jar:/home/user/.m2/repository/org/springframework/spring-beans/5.1.3.RELEASE/spring-beans-5.1.3.RELEASE.jar:/home/user/.m2/repository/org/springframework/spring-core/5.1.3.RELEASE/spring-core-5.1.3.RELEASE.jar:/home/user/.m2/repository/org/springframework/spring-jcl/5.1.3.RELEASE/spring-jcl-5.1.3.RELEASE.jar:/home/user/.m2/repository/org/springframework/spring-tx/5.1.3.RELEASE/spring-tx-5.1.3.RELEASE.jar:/home/user/.m2/repository/org/apache/hadoop/hadoop-ozone-client/0.5.0-SNAPSHOT/hadoop-ozone-client-0.5.0-SNAPSHOT.jar:/home/user/.m2/repository/commons-lang/commons-lang/2.6/commons-lang-2.6.jar:/home/user/.m2/repository/org/apache/hadoop/hadoop-ozone-ozone-manager/0.5.0-SNAPSHOT/hadoop-ozone-ozone-manager-0.5.0-SNAPSHOT-tests.jar:/home/user/.m2/repository/junit/junit/4.11/junit-4.11.jar:/home/user/.m2/repository/org/hamcrest/hamcrest-core/1.3/hamcrest-core-1.3.jar:/home/user/.m2/repository/org/openjdk/jmh/jmh-core/1.19/jmh-core-1.19.jar:/home/user/.m2/repository/net/sf/jopt-simple/jopt-simple/4.6/jopt-simple-4.6.jar:/home/user/.m2/repository/org/apache/commons/commons-math3/3.1.1/commons-math3-3.1.1.jar:/home/user/.m2/repository/org/openjdk/jmh/jmh-generator-annprocess/1.19/jmh-generator-annprocess-1.19.jar:/home/user/.m2/repository/org/mockito/mockito-all/1.8.5/mockito-all-1.8.5.jar:/home/user/.m2/repository/org/apache/hadoop/hadoop-kms/3.2.0/hadoop-kms-3.2.0.jar:/home/user/.m2/repository/org/apache/hadoop/hadoop-auth/3.2.0/hadoop-auth-3.2.0.jar:/home/user/.m2/repository/com/nimbusds/nimbus-jose-jwt/4.41.1/nimbus-jose-jwt-4.41.1.jar:/home/user/.m2/repository/com/github/stephenc/jcip/jcip-annotations/1.0-1/jcip-annotations-1.0-1.jar:/home/user/.m2/repository/net/minidev/json-smart/2.3/json-smart-2.3.jar:/home/user/.m2/repository/net/minidev/accessors-smart/1.2/accessors-smart-1.2.jar:/home/user/.m2/repository/org/ow2/asm/asm/5.0.4/asm-5.0.4.jar:/home/user/.m2/repository/org/apache/curator/curator-framework/2.12.0/curator-framework-2.12.0.jar:/home/user/.m2/repository/com/sun/jersey/jersey-core/1.19/jersey-core-1.19.jar:/home/user/.m2/repository/javax/ws/rs/jsr311-api/1.1.1/jsr311-api-1.1.1.jar:/home/user/.m2/repository/com/sun/jersey/jersey-server/1.19/jersey-server-1.19.jar:/home/user/.m2/repository/javax/servlet/javax.servlet-api/3.1.0/javax.servlet-api-3.1.0.jar:/home/user/.m2/repository/org/eclipse/jetty/jetty-server/9.3.24.v20180605/jetty-server-9.3.24.v20180605.jar:/home/user/.m2/repository/org/eclipse/jetty/jetty-http/9.3.24.v20180605/jetty-http-9.3.24.v20180605.jar:/home/user/.m2/repository/org/eclipse/jetty/jetty-io/9.3.24.v20180605/jetty-io-9.3.24.v20180605.jar:/home/user/.m2/repository/org/eclipse/jetty/jetty-webapp/9.3.24.v20180605/jetty-webapp-9.3.24.v20180605.jar:/home/user/.m2/repository/org/eclipse/jetty/jetty-xml/9.3.24.v20180605/jetty-xml-9.3.24.v20180605.jar:/home/user/.m2/repository/log4j/log4j/1.2.17/log4j-1.2.17.jar:/home/user/.m2/repository/org/slf4j/slf4j-api/1.7.25/slf4j-api-1.7.25.jar:/home/user/.m2/repository/org/slf4j/jul-to-slf4j/1.7.25/jul-to-slf4j-1.7.25.jar:/home/user/.m2/repository/org/eclipse/jetty/jetty-util/9.3.24.v20180605/jetty-util-9.3.24.v20180605.jar:/home/user/.m2/repository/com/fasterxml/jackson/core/jackson-databind/2.9.5/jackson-databind-2.9.5.jar:/home/user/.m2/repository/org/apache/hadoop/hadoop-kms/3.2.0/hadoop-kms-3.2.0-tests.jar:/home/user/.m2/repository/org/apache/hadoop/hadoop-hdds-server-scm/0.5.0-SNAPSHOT/hadoop-hdds-server-scm-0.5.0-SNAPSHOT-tests.jar:/home/user/.m2/repository/org/apache/hadoop/hadoop-hdds-container-service/0.5.0-SNAPSHOT/hadoop-hdds-container-service-0.5.0-SNAPSHOT-tests.jar:/home/user/.m2/repository/org/yaml/snakeyaml/1.16/snakeyaml-1.16.jar:/home/user/.m2/repository/org/apache/hadoop/hadoop-common/3.2.0/hadoop-common-3.2.0-tests.jar:/home/user/.m2/repository/org/apache/hadoop/hadoop-annotations/3.2.0/hadoop-annotations-3.2.0.jar:/usr/lib/jvm/java-1.8-openjdk/jre/../lib/tools.jar:/home/user/.m2/repository/commons-cli/commons-cli/1.2/commons-cli-1.2.jar:/home/user/.m2/repository/org/apache/httpcomponents/httpclient/4.5.2/httpclient-4.5.2.jar:/home/user/.m2/repository/org/apache/httpcomponents/httpcore/4.4.4/httpcore-4.4.4.jar:/home/user/.m2/repository/commons-codec/commons-codec/1.11/commons-codec-1.11.jar:/home/user/.m2/repository/commons-net/commons-net/3.6/commons-net-3.6.jar:/home/user/.m2/repository/commons-collections/commons-collections/3.2.2/commons-collections-3.2.2.jar:/home/user/.m2/repository/org/eclipse/jetty/jetty-servlet/9.3.24.v20180605/jetty-servlet-9.3.24.v20180605.jar:/home/user/.m2/repository/org/eclipse/jetty/jetty-security/9.3.24.v20180605/jetty-security-9.3.24.v20180605.jar:/home/user/.m2/repository/javax/servlet/jsp/jsp-api/2.1/jsp-api-2.1.jar:/home/user/.m2/repository/com/sun/jersey/jersey-servlet/1.19/jersey-servlet-1.19.jar:/home/user/.m2/repository/com/sun/jersey/jersey-json/1.19/jersey-json-1.19.jar:/home/user/.m2/repository/org/codehaus/jettison/jettison/1.1/jettison-1.1.jar:/home/user/.m2/repository/org/codehaus/jackson/jackson-core-asl/1.9.13/jackson-core-asl-1.9.13.jar:/home/user/.m2/repository/org/codehaus/jackson/jackson-mapper-asl/1.9.13/jackson-mapper-asl-1.9.13.jar:/home/user/.m2/repository/org/codehaus/jackson/jackson-jaxrs/1.9.13/jackson-jaxrs-1.9.13.jar:/home/user/.m2/repository/org/codehaus/jackson/jackson-xc/1.9.13/jackson-xc-1.9.13.jar:/home/user/.m2/repository/commons-logging/commons-logging/1.1.3/commons-logging-1.1.3.jar:/home/user/.m2/repository/commons-beanutils/commons-beanutils/1.9.3/commons-beanutils-1.9.3.jar:/home/user/.m2/repository/org/apache/commons/commons-configuration2/2.1.1/commons-configuration2-2.1.1.jar:/home/user/.m2/repository/org/apache/commons/commons-lang3/3.7/commons-lang3-3.7.jar:/home/user/.m2/repository/org/apache/commons/commons-text/1.4/commons-text-1.4.jar:/home/user/.m2/repository/org/apache/avro/avro/1.7.7/avro-1.7.7.jar:/home/user/.m2/repository/com/thoughtworks/paranamer/paranamer/2.3/paranamer-2.3.jar:/home/user/.m2/repository/org/xerial/snappy/snappy-java/1.0.5/snappy-java-1.0.5.jar:/home/user/.m2/repository/com/google/re2j/re2j/1.1/re2j-1.1.jar:/home/user/.m2/repository/com/google/code/gson/gson/2.2.4/gson-2.2.4.jar:/home/user/.m2/repository/com/jcraft/jsch/0.1.54/jsch-0.1.54.jar:/home/user/.m2/repository/org/apache/curator/curator-client/2.12.0/curator-client-2.12.0.jar:/home/user/.m2/repository/org/apache/curator/curator-recipes/2.12.0/curator-recipes-2.12.0.jar:/home/user/.m2/repository/com/google/code/findbugs/jsr305/3.0.0/jsr305-3.0.0.jar:/home/user/.m2/repository/org/apache/htrace/htrace-core4/4.1.0-incubating/htrace-core4-4.1.0-incubating.jar:/home/user/.m2/repository/org/apache/zookeeper/zookeeper/3.4.13/zookeeper-3.4.13.jar:/home/user/.m2/repository/org/apache/yetus/audience-annotations/0.5.0/audience-annotations-0.5.0.jar:/home/user/.m2/repository/org/codehaus/woodstox/stax2-api/3.1.4/stax2-api-3.1.4.jar:/home/user/.m2/repository/com/fasterxml/woodstox/woodstox-core/5.0.3/woodstox-core-5.0.3.jar:/home/user/.m2/repository/dnsjava/dnsjava/2.1.7/dnsjava-2.1.7.jar:/home/user/.m2/repository/org/apache/hadoop/hadoop-hdfs/3.2.0/hadoop-hdfs-3.2.0-tests.jar:/home/user/.m2/repository/org/eclipse/jetty/jetty-util-ajax/9.3.24.v20180605/jetty-util-ajax-9.3.24.v20180605.jar:/home/user/.m2/repository/commons-daemon/commons-daemon/1.0.13/commons-daemon-1.0.13.jar:/home/user/.m2/repository/io/netty/netty/3.10.5.Final/netty-3.10.5.Final.jar:/home/user/.m2/repository/io/netty/netty-all/4.0.52.Final/netty-all-4.0.52.Final.jar:/home/user/.m2/repository/org/fusesource/leveldbjni/leveldbjni-all/1.8/leveldbjni-all-1.8.jar:"/>
    <property name="sun.cpu.endian" value="little"/>
    <property name="user.home" value="/home/user"/>
    <property name="user.language" value="en"/>
    <property name="java.specification.vendor" value="Oracle Corporation"/>
    <property name="java.home" value="/usr/lib/jvm/java-1.8-openjdk/jre"/>
    <property name="java.security.krb5.conf" value="/workdir/hadoop-ozone/integration-test/target/test-classes/krb5.conf"/>
    <property name="basedir" value="/workdir/hadoop-ozone/integration-test"/>
    <property name="file.separator" value="/"/>
    <property name="line.separator" value="&#10;"/>
    <property name="java.vm.specification.vendor" value="Oracle Corporation"/>
    <property name="java.specification.name" value="Java Platform API Specification"/>
    <property name="java.awt.graphicsenv" value="sun.awt.X11GraphicsEnvironment"/>
    <property name="surefire.real.class.path" value="/workdir/hadoop-ozone/integration-test/target/surefire/surefirebooter5630173478689154588.jar"/>
    <property name="hadoop.log.dir" value="/workdir/hadoop-ozone/integration-test/target/log"/>
    <property name="sun.boot.class.path" value="/usr/lib/jvm/java-1.8-openjdk/jre/lib/resources.jar:/usr/lib/jvm/java-1.8-openjdk/jre/lib/rt.jar:/usr/lib/jvm/java-1.8-openjdk/jre/lib/sunrsasign.jar:/usr/lib/jvm/java-1.8-openjdk/jre/lib/jsse.jar:/usr/lib/jvm/java-1.8-openjdk/jre/lib/jce.jar:/usr/lib/jvm/java-1.8-openjdk/jre/lib/charsets.jar:/usr/lib/jvm/java-1.8-openjdk/jre/lib/jfr.jar:/usr/lib/jvm/java-1.8-openjdk/jre/classes"/>
    <property name="sun.management.compiler" value="HotSpot 64-Bit Tiered Compilers"/>
    <property name="java.runtime.version" value="1.8.0_212-b04"/>
    <property name="java.net.preferIPv4Stack" value="true"/>
    <property name="user.name" value="jenkins1000"/>
    <property name="path.separator" value=":"/>
    <property name="java.security.egd" value="file:///dev/urandom"/>
    <property name="os.version" value="3.10.0-957.12.2.el7.x86_64"/>
    <property name="java.endorsed.dirs" value="/usr/lib/jvm/java-1.8-openjdk/jre/lib/endorsed"/>
    <property name="java.runtime.name" value="OpenJDK Runtime Environment"/>
    <property name="file.encoding" value="UTF-8"/>
    <property name="java.vm.name" value="OpenJDK 64-Bit Server VM"/>
    <property name="test.build.webapps" value=""/>
    <property name="localRepository" value="/home/user/.m2/repository"/>
    <property name="java.vendor.url.bug" value="https://icedtea.classpath.org/bugzilla"/>
    <property name="java.io.tmpdir" value="/tmp"/>
    <property name="require.test.libhadoop" value=""/>
    <property name="java.version" value="1.8.0_212"/>
    <property name="user.dir" value="/workdir/hadoop-ozone/integration-test"/>
    <property name="os.arch" value="amd64"/>
    <property name="java.vm.specification.name" value="Java Virtual Machine Specification"/>
    <property name="test.build.classes" value="/workdir/hadoop-ozone/integration-test/target/test-classes"/>
    <property name="java.awt.printerjob" value="sun.print.PSPrinterJob"/>
    <property name="sun.os.patch.level" value="unknown"/>
    <property name="hadoop.tmp.dir" value="/workdir/hadoop-ozone/integration-test/target/tmp"/>
    <property name="java.library.path" value="/usr/lib/jvm/java-1.8-openjdk/jre/lib/amd64/server:/usr/lib/jvm/java-1.8-openjdk/jre/lib/amd64:/usr/lib/jvm/java-1.8-openjdk/jre/../lib/amd64:/workdir/hadoop-ozone/integration-test/target/native/target/usr/local/lib:/workdir/hadoop-ozone/integration-test/../../hadoop-common-project/hadoop-common/target/native/target/usr/local/lib:/usr/java/packages/lib/amd64:/usr/lib64:/lib64:/lib:/usr/lib"/>
    <property name="java.vm.info" value="mixed mode"/>
    <property name="java.vendor" value="IcedTea"/>
    <property name="java.vm.version" value="25.212-b04"/>
    <property name="java.ext.dirs" value="/usr/lib/jvm/java-1.8-openjdk/jre/lib/ext:/usr/java/packages/lib/ext"/>
    <property name="sun.io.unicode.encoding" value="UnicodeLittle"/>
    <property name="java.class.version" value="52.0"/>
  </properties>
  <testcase name="test2DatanodesFailure" classname="org.apache.hadoop.ozone.client.rpc.TestBlockOutputStreamWithFailures" time="106.569"/>
  <testcase name="testDatanodeFailureWithPreAllocation" classname="org.apache.hadoop.ozone.client.rpc.TestBlockOutputStreamWithFailures" time="227.318"/>
  <testcase name="testDatanodeFailureWithSingleNodeRatis" classname="org.apache.hadoop.ozone.client.rpc.TestBlockOutputStreamWithFailures" time="224.579"/>
  <testcase name="testWatchForCommitWithSingleNodeRatis" classname="org.apache.hadoop.ozone.client.rpc.TestBlockOutputStreamWithFailures" time="35.229"/>
  <testcase name="testWatchForCommitDatanodeFailure" classname="org.apache.hadoop.ozone.client.rpc.TestBlockOutputStreamWithFailures" time="43.432">
    <failure message="expected:&lt;2&gt; but was:&lt;3&gt;" type="java.lang.AssertionError"><![CDATA[java.lang.AssertionError: expected:<2> but was:<3>
	at org.junit.Assert.fail(Assert.java:88)
	at org.junit.Assert.failNotEquals(Assert.java:743)
	at org.junit.Assert.assertEquals(Assert.java:118)
	at org.junit.Assert.assertEquals(Assert.java:555)
	at org.junit.Assert.assertEquals(Assert.java:542)
	at org.apache.hadoop.ozone.client.rpc.TestBlockOutputStreamWithFailures.testWatchForCommitDatanodeFailure(TestBlockOutputStreamWithFailures.java:366)
	at sun.reflect.NativeMethodAccessorImpl.invoke0(Native Method)
	at sun.reflect.NativeMethodAccessorImpl.invoke(NativeMethodAccessorImpl.java:62)
	at sun.reflect.DelegatingMethodAccessorImpl.invoke(DelegatingMethodAccessorImpl.java:43)
	at java.lang.reflect.Method.invoke(Method.java:498)
	at org.junit.runners.model.FrameworkMethod$1.runReflectiveCall(FrameworkMethod.java:47)
	at org.junit.internal.runners.model.ReflectiveCallable.run(ReflectiveCallable.java:12)
	at org.junit.runners.model.FrameworkMethod.invokeExplosively(FrameworkMethod.java:44)
	at org.junit.internal.runners.statements.InvokeMethod.evaluate(InvokeMethod.java:17)
	at org.junit.internal.runners.statements.RunBefores.evaluate(RunBefores.java:26)
	at org.junit.internal.runners.statements.RunAfters.evaluate(RunAfters.java:27)
	at org.junit.runners.ParentRunner.runLeaf(ParentRunner.java:271)
	at org.junit.runners.BlockJUnit4ClassRunner.runChild(BlockJUnit4ClassRunner.java:70)
	at org.junit.runners.BlockJUnit4ClassRunner.runChild(BlockJUnit4ClassRunner.java:50)
	at org.junit.runners.ParentRunner$3.run(ParentRunner.java:238)
	at org.junit.runners.ParentRunner$1.schedule(ParentRunner.java:63)
	at org.junit.runners.ParentRunner.runChildren(ParentRunner.java:236)
	at org.junit.runners.ParentRunner.access$000(ParentRunner.java:53)
	at org.junit.runners.ParentRunner$2.evaluate(ParentRunner.java:229)
	at org.junit.runners.ParentRunner.run(ParentRunner.java:309)
	at org.apache.maven.surefire.junit4.JUnit4Provider.execute(JUnit4Provider.java:365)
	at org.apache.maven.surefire.junit4.JUnit4Provider.executeWithRerun(JUnit4Provider.java:273)
	at org.apache.maven.surefire.junit4.JUnit4Provider.executeTestSet(JUnit4Provider.java:238)
	at org.apache.maven.surefire.junit4.JUnit4Provider.invoke(JUnit4Provider.java:159)
	at org.apache.maven.surefire.booter.ForkedBooter.invokeProviderInSameClassLoader(ForkedBooter.java:384)
	at org.apache.maven.surefire.booter.ForkedBooter.runSuitesInProcess(ForkedBooter.java:345)
	at org.apache.maven.surefire.booter.ForkedBooter.execute(ForkedBooter.java:126)
	at org.apache.maven.surefire.booter.ForkedBooter.main(ForkedBooter.java:418)
]]></failure>
    <system-out><![CDATA[2019-08-24 22:45:13,073 [main] WARN  server.ServerUtils (ServerUtils.java:getScmDbDir(145)) - ozone.scm.db.dirs is not configured. We recommend adding this setting. Falling back to ozone.metadata.dirs instead.
2019-08-24 22:45:13,088 [main] WARN  server.ServerUtils (ServerUtils.java:getScmDbDir(145)) - ozone.scm.db.dirs is not configured. We recommend adding this setting. Falling back to ozone.metadata.dirs instead.
2019-08-24 22:45:13,088 [main] WARN  server.ServerUtils (ServerUtils.java:getScmDbDir(145)) - ozone.scm.db.dirs is not configured. We recommend adding this setting. Falling back to ozone.metadata.dirs instead.
2019-08-24 22:45:13,089 [main] INFO  db.DBStoreBuilder (DBStoreBuilder.java:addTable(110)) - using custom profile for table: deletedBlocks
2019-08-24 22:45:13,089 [main] INFO  db.DBStoreBuilder (DBStoreBuilder.java:processTables(161)) - Using default column profile:DBProfile.DISK for Table:deletedBlocks
2019-08-24 22:45:13,089 [main] INFO  db.DBStoreBuilder (DBStoreBuilder.java:addTable(110)) - using custom profile for table: validCerts
2019-08-24 22:45:13,089 [main] INFO  db.DBStoreBuilder (DBStoreBuilder.java:processTables(161)) - Using default column profile:DBProfile.DISK for Table:validCerts
2019-08-24 22:45:13,089 [main] INFO  db.DBStoreBuilder (DBStoreBuilder.java:addTable(110)) - using custom profile for table: revokedCerts
2019-08-24 22:45:13,090 [main] INFO  db.DBStoreBuilder (DBStoreBuilder.java:processTables(161)) - Using default column profile:DBProfile.DISK for Table:revokedCerts
2019-08-24 22:45:13,090 [main] INFO  db.DBStoreBuilder (DBStoreBuilder.java:addTable(110)) - using custom profile for table: default
2019-08-24 22:45:13,090 [main] INFO  db.DBStoreBuilder (DBStoreBuilder.java:processTables(167)) - Using default column profile:DBProfile.DISK for Table:default
2019-08-24 22:45:13,090 [main] INFO  db.DBStoreBuilder (DBStoreBuilder.java:getDbProfile(198)) - Using default options. DBProfile.DISK
2019-08-24 22:45:13,238 [main] INFO  net.NodeSchemaLoader (NodeSchemaLoader.java:loadSchemaFromFile(125)) - Loading file from sun.misc.CompoundEnumeration@354ff4f6
2019-08-24 22:45:13,239 [main] INFO  net.NodeSchemaLoader (NodeSchemaLoader.java:loadSchema(171)) - Loading network topology layer schema file
2019-08-24 22:45:13,244 [main] INFO  node.SCMNodeManager (SCMNodeManager.java:<init>(121)) - Entering startup safe mode.
2019-08-24 22:45:13,244 [main] INFO  algorithms.ContainerPlacementPolicyFactory (ContainerPlacementPolicyFactory.java:getPolicy(55)) - Create container placement policy of type org.apache.hadoop.hdds.scm.container.placement.algorithms.SCMContainerPlacementRandom
2019-08-24 22:45:13,245 [main] WARN  server.ServerUtils (ServerUtils.java:getScmDbDir(145)) - ozone.scm.db.dirs is not configured. We recommend adding this setting. Falling back to ozone.metadata.dirs instead.
2019-08-24 22:45:13,294 [main] INFO  pipeline.SCMPipelineManager (SCMPipelineManager.java:initializePipelineState(126)) - No pipeline exists in current db
2019-08-24 22:45:13,294 [main] WARN  server.ServerUtils (ServerUtils.java:getScmDbDir(145)) - ozone.scm.db.dirs is not configured. We recommend adding this setting. Falling back to ozone.metadata.dirs instead.
2019-08-24 22:45:13,344 [main] WARN  events.EventQueue (EventQueue.java:fireEvent(175)) - No event handler registered for event TypedEvent{payloadType=SafeModeStatus, name='SafeModeStatus'}
2019-08-24 22:45:13,345 [main] INFO  ipc.CallQueueManager (CallQueueManager.java:<init>(84)) - Using callQueue: class java.util.concurrent.LinkedBlockingQueue, queueCapacity: 2000, scheduler: class org.apache.hadoop.ipc.DefaultRpcScheduler, ipcBackoff: false.
2019-08-24 22:45:13,347 [Socket Reader #1 for port 44456] INFO  ipc.Server (Server.java:run(1074)) - Starting Socket Reader #1 for port 44456
2019-08-24 22:45:13,348 [main] INFO  ipc.CallQueueManager (CallQueueManager.java:<init>(84)) - Using callQueue: class java.util.concurrent.LinkedBlockingQueue, queueCapacity: 2000, scheduler: class org.apache.hadoop.ipc.DefaultRpcScheduler, ipcBackoff: false.
2019-08-24 22:45:13,349 [Socket Reader #1 for port 44418] INFO  ipc.Server (Server.java:run(1074)) - Starting Socket Reader #1 for port 44418
2019-08-24 22:45:13,351 [main] INFO  ipc.CallQueueManager (CallQueueManager.java:<init>(84)) - Using callQueue: class java.util.concurrent.LinkedBlockingQueue, queueCapacity: 2000, scheduler: class org.apache.hadoop.ipc.DefaultRpcScheduler, ipcBackoff: false.
2019-08-24 22:45:13,352 [Socket Reader #1 for port 33301] INFO  ipc.Server (Server.java:run(1074)) - Starting Socket Reader #1 for port 33301
2019-08-24 22:45:13,355 [main] INFO  hdfs.DFSUtil (DFSUtil.java:httpServerTemplateForNNAndJN(1641)) - Starting Web-server for scm at: http://0.0.0.0:0
2019-08-24 22:45:13,357 [main] INFO  server.AuthenticationFilter (AuthenticationFilter.java:constructSecretProvider(240)) - Unable to initialize FileSignerSecretProvider, falling back to use random secrets.
2019-08-24 22:45:13,358 [main] WARN  http.HttpRequestLog (HttpRequestLog.java:getRequestLog(97)) - Jetty request log can only be enabled using Log4j
2019-08-24 22:45:13,360 [main] INFO  http.HttpServer2 (HttpServer2.java:addGlobalFilter(975)) - Added global filter 'safety' (class=org.apache.hadoop.http.HttpServer2$QuotingInputFilter)
2019-08-24 22:45:13,361 [main] INFO  http.HttpServer2 (HttpServer2.java:addFilter(948)) - Added filter static_user_filter (class=org.apache.hadoop.http.lib.StaticUserWebFilter$StaticUserFilter) to context scm
2019-08-24 22:45:13,361 [main] INFO  http.HttpServer2 (HttpServer2.java:addFilter(958)) - Added filter static_user_filter (class=org.apache.hadoop.http.lib.StaticUserWebFilter$StaticUserFilter) to context static
2019-08-24 22:45:13,361 [main] INFO  http.HttpServer2 (HttpServer2.java:addFilter(958)) - Added filter static_user_filter (class=org.apache.hadoop.http.lib.StaticUserWebFilter$StaticUserFilter) to context logs
2019-08-24 22:45:13,363 [main] INFO  server.StorageContainerManager (StorageContainerManager.java:start(759)) - StorageContainerLocationProtocol RPC server is listening at /0.0.0.0:33301
2019-08-24 22:45:13,366 [main] WARN  impl.MetricsConfig (MetricsConfig.java:loadFirst(134)) - Cannot locate configuration: tried hadoop-metrics2-storagecontainermanager.properties,hadoop-metrics2.properties
2019-08-24 22:45:13,367 [main] INFO  impl.MetricsSystemImpl (MetricsSystemImpl.java:startTimer(374)) - Scheduled Metric snapshot period at 10 second(s).
2019-08-24 22:45:13,367 [main] INFO  impl.MetricsSystemImpl (MetricsSystemImpl.java:start(191)) - StorageContainerManager metrics system started
2019-08-24 22:45:13,442 [main] INFO  server.SCMClientProtocolServer (SCMClientProtocolServer.java:start(151)) - RPC server for Client  is listening at /0.0.0.0:33301
2019-08-24 22:45:13,443 [IPC Server Responder] INFO  ipc.Server (Server.java:run(1314)) - IPC Server Responder: starting
2019-08-24 22:45:13,443 [IPC Server listener on 33301] INFO  ipc.Server (Server.java:run(1153)) - IPC Server listener on 33301: starting
2019-08-24 22:45:13,447 [main] INFO  server.StorageContainerManager (StorageContainerManager.java:start(769)) - ScmBlockLocationProtocol RPC server is listening at /0.0.0.0:44418
2019-08-24 22:45:13,447 [main] INFO  server.SCMBlockProtocolServer (SCMBlockProtocolServer.java:start(140)) - RPC server for Block Protocol is listening at /0.0.0.0:44418
2019-08-24 22:45:13,448 [IPC Server Responder] INFO  ipc.Server (Server.java:run(1314)) - IPC Server Responder: starting
2019-08-24 22:45:13,448 [IPC Server listener on 44418] INFO  ipc.Server (Server.java:run(1153)) - IPC Server listener on 44418: starting
2019-08-24 22:45:13,451 [main] INFO  server.StorageContainerManager (StorageContainerManager.java:start(773)) - ScmDatanodeProtocl RPC server is listening at /0.0.0.0:44456
2019-08-24 22:45:13,451 [main] INFO  server.SCMDatanodeProtocolServer (SCMDatanodeProtocolServer.java:start(191)) - RPC server for DataNodes is listening at /0.0.0.0:44456
2019-08-24 22:45:13,452 [IPC Server Responder] INFO  ipc.Server (Server.java:run(1314)) - IPC Server Responder: starting
2019-08-24 22:45:13,452 [IPC Server listener on 44456] INFO  ipc.Server (Server.java:run(1153)) - IPC Server listener on 44456: starting
2019-08-24 22:45:13,456 [main] INFO  http.HttpServer2 (HttpServer2.java:bindListener(1191)) - Jetty bound to port 37312
2019-08-24 22:45:13,456 [main] INFO  server.Server (Server.java:doStart(351)) - jetty-9.3.24.v20180605, build timestamp: 2018-06-05T17:11:56Z, git hash: 84205aa28f11a4f31f2a3b86d1bba2cc8ab69827
2019-08-24 22:45:13,458 [main] INFO  handler.ContextHandler (ContextHandler.java:doStart(781)) - Started o.e.j.s.ServletContextHandler@4cb0e39e{/logs,file:///workdir/hadoop-ozone/integration-test/target/log,AVAILABLE}
2019-08-24 22:45:13,458 [main] INFO  handler.ContextHandler (ContextHandler.java:doStart(781)) - Started o.e.j.s.ServletContextHandler@4a10e65b{/static,file:///workdir/hadoop-ozone/integration-test/target/test-classes/webapps/static,AVAILABLE}
2019-08-24 22:45:13,462 [main] INFO  handler.ContextHandler (ContextHandler.java:doStart(781)) - Started o.e.j.w.WebAppContext@df0b348{/,file:///workdir/hadoop-ozone/integration-test/target/test-classes/webapps/scm/,AVAILABLE}{/scm}
2019-08-24 22:45:13,462 [main] INFO  server.AbstractConnector (AbstractConnector.java:doStart(278)) - Started ServerConnector@441c2d2a{HTTP/1.1,[http/1.1]}{0.0.0.0:37312}
2019-08-24 22:45:13,463 [main] INFO  server.Server (Server.java:doStart(419)) - Started @594675ms
2019-08-24 22:45:13,464 [main] INFO  server.BaseHttpServer (BaseHttpServer.java:updateConnectorAddress(213)) - HTTP server of SCM is listening at http://0.0.0.0:37312
2019-08-24 22:45:13,465 [main] WARN  server.ServerUtils (ServerUtils.java:getDBPath(222)) - ozone.om.db.dirs is not configured. We recommend adding this setting. Falling back to ozone.metadata.dirs instead.
2019-08-24 22:45:13,466 [org.apache.hadoop.util.JvmPauseMonitor$Monitor@18ada4e1] INFO  util.JvmPauseMonitor (JvmPauseMonitor.java:run(188)) - Starting JVM pause monitor
2019-08-24 22:45:13,491 [main] WARN  server.ServerUtils (ServerUtils.java:getDBPath(222)) - ozone.om.db.dirs is not configured. We recommend adding this setting. Falling back to ozone.metadata.dirs instead.
2019-08-24 22:45:13,492 [main] WARN  server.ServerUtils (ServerUtils.java:getDBPath(222)) - ozone.om.db.dirs is not configured. We recommend adding this setting. Falling back to ozone.metadata.dirs instead.
2019-08-24 22:45:13,492 [main] INFO  om.OzoneManager (OzoneManager.java:setOMNodeDetails(648)) - OM Service ID is not set. Setting it to the default ID: omServiceIdDefault
2019-08-24 22:45:13,492 [main] INFO  om.OzoneManager (OzoneManager.java:setOMNodeDetails(654)) - OM Node ID is not set. Setting it to the OmStorage's OmID: 73cc1951-ce41-48aa-8264-bdb7dd678ed4
2019-08-24 22:45:13,492 [main] INFO  om.OzoneManager (OzoneManager.java:loadOMHAConfigs(605)) - Found matching OM address with OMServiceId: null, OMNodeId: null, RPC Address: localhost:0 and Ratis port: 9872
2019-08-24 22:45:13,497 | INFO  | SCMAudit | user=jenkins1000 | ip=192.168.34.50 | op=GET_SCM_INFO null | ret=SUCCESS |  
2019-08-24 22:45:13,499 [main] WARN  server.ServerUtils (ServerUtils.java:getDBPath(222)) - ozone.om.db.dirs is not configured. We recommend adding this setting. Falling back to ozone.metadata.dirs instead.
2019-08-24 22:45:13,499 [main] INFO  db.DBStoreBuilder (DBStoreBuilder.java:addTable(110)) - using custom profile for table: userTable
2019-08-24 22:45:13,500 [main] INFO  db.DBStoreBuilder (DBStoreBuilder.java:processTables(161)) - Using default column profile:DBProfile.DISK for Table:userTable
2019-08-24 22:45:13,500 [main] INFO  db.DBStoreBuilder (DBStoreBuilder.java:addTable(110)) - using custom profile for table: volumeTable
2019-08-24 22:45:13,500 [main] INFO  db.DBStoreBuilder (DBStoreBuilder.java:processTables(161)) - Using default column profile:DBProfile.DISK for Table:volumeTable
2019-08-24 22:45:13,500 [main] INFO  db.DBStoreBuilder (DBStoreBuilder.java:addTable(110)) - using custom profile for table: bucketTable
2019-08-24 22:45:13,500 [main] INFO  db.DBStoreBuilder (DBStoreBuilder.java:processTables(161)) - Using default column profile:DBProfile.DISK for Table:bucketTable
2019-08-24 22:45:13,501 [main] INFO  db.DBStoreBuilder (DBStoreBuilder.java:addTable(110)) - using custom profile for table: keyTable
2019-08-24 22:45:13,501 [main] INFO  db.DBStoreBuilder (DBStoreBuilder.java:processTables(161)) - Using default column profile:DBProfile.DISK for Table:keyTable
2019-08-24 22:45:13,501 [main] INFO  db.DBStoreBuilder (DBStoreBuilder.java:addTable(110)) - using custom profile for table: deletedTable
2019-08-24 22:45:13,501 [main] INFO  db.DBStoreBuilder (DBStoreBuilder.java:processTables(161)) - Using default column profile:DBProfile.DISK for Table:deletedTable
2019-08-24 22:45:13,501 [main] INFO  db.DBStoreBuilder (DBStoreBuilder.java:addTable(110)) - using custom profile for table: openKeyTable
2019-08-24 22:45:13,501 [main] INFO  db.DBStoreBuilder (DBStoreBuilder.java:processTables(161)) - Using default column profile:DBProfile.DISK for Table:openKeyTable
2019-08-24 22:45:13,502 [main] INFO  db.DBStoreBuilder (DBStoreBuilder.java:addTable(110)) - using custom profile for table: s3Table
2019-08-24 22:45:13,502 [main] INFO  db.DBStoreBuilder (DBStoreBuilder.java:processTables(161)) - Using default column profile:DBProfile.DISK for Table:s3Table
2019-08-24 22:45:13,502 [main] INFO  db.DBStoreBuilder (DBStoreBuilder.java:addTable(110)) - using custom profile for table: multipartInfoTable
2019-08-24 22:45:13,502 [main] INFO  db.DBStoreBuilder (DBStoreBuilder.java:processTables(161)) - Using default column profile:DBProfile.DISK for Table:multipartInfoTable
2019-08-24 22:45:13,502 [main] INFO  db.DBStoreBuilder (DBStoreBuilder.java:addTable(110)) - using custom profile for table: dTokenTable
2019-08-24 22:45:13,502 [main] INFO  db.DBStoreBuilder (DBStoreBuilder.java:processTables(161)) - Using default column profile:DBProfile.DISK for Table:dTokenTable
2019-08-24 22:45:13,503 [main] INFO  db.DBStoreBuilder (DBStoreBuilder.java:addTable(110)) - using custom profile for table: s3SecretTable
2019-08-24 22:45:13,503 [main] INFO  db.DBStoreBuilder (DBStoreBuilder.java:processTables(161)) - Using default column profile:DBProfile.DISK for Table:s3SecretTable
2019-08-24 22:45:13,503 [main] INFO  db.DBStoreBuilder (DBStoreBuilder.java:addTable(110)) - using custom profile for table: prefixTable
2019-08-24 22:45:13,503 [main] INFO  db.DBStoreBuilder (DBStoreBuilder.java:processTables(161)) - Using default column profile:DBProfile.DISK for Table:prefixTable
2019-08-24 22:45:13,503 [main] INFO  db.DBStoreBuilder (DBStoreBuilder.java:addTable(110)) - using custom profile for table: default
2019-08-24 22:45:13,503 [main] INFO  db.DBStoreBuilder (DBStoreBuilder.java:processTables(167)) - Using default column profile:DBProfile.DISK for Table:default
2019-08-24 22:45:13,504 [main] INFO  db.DBStoreBuilder (DBStoreBuilder.java:getDbProfile(198)) - Using default options. DBProfile.DISK
2019-08-24 22:45:13,955 [main] INFO  ipc.CallQueueManager (CallQueueManager.java:<init>(84)) - Using callQueue: class java.util.concurrent.LinkedBlockingQueue, queueCapacity: 2000, scheduler: class org.apache.hadoop.ipc.DefaultRpcScheduler, ipcBackoff: false.
2019-08-24 22:45:13,956 [Socket Reader #1 for port 39029] INFO  ipc.Server (Server.java:run(1074)) - Starting Socket Reader #1 for port 39029
2019-08-24 22:45:13,979 [main] INFO  om.OzoneManager (OzoneManager.java:start(1259)) - OzoneManager RPC server is listening at localhost/127.0.0.1:39029
2019-08-24 22:45:13,979 [main] INFO  impl.MetricsSystemImpl (MetricsSystemImpl.java:init(158)) - OzoneManager metrics system started (again)
2019-08-24 22:45:13,980 [IPC Server Responder] INFO  ipc.Server (Server.java:run(1314)) - IPC Server Responder: starting
2019-08-24 22:45:13,980 [IPC Server listener on 39029] INFO  ipc.Server (Server.java:run(1153)) - IPC Server listener on 39029: starting
2019-08-24 22:45:13,985 [main] INFO  hdfs.DFSUtil (DFSUtil.java:httpServerTemplateForNNAndJN(1641)) - Starting Web-server for ozoneManager at: http://0.0.0.0:0
2019-08-24 22:45:13,987 [main] INFO  server.AuthenticationFilter (AuthenticationFilter.java:constructSecretProvider(240)) - Unable to initialize FileSignerSecretProvider, falling back to use random secrets.
2019-08-24 22:45:13,987 [main] WARN  http.HttpRequestLog (HttpRequestLog.java:getRequestLog(97)) - Jetty request log can only be enabled using Log4j
2019-08-24 22:45:13,990 [main] INFO  http.HttpServer2 (HttpServer2.java:addGlobalFilter(975)) - Added global filter 'safety' (class=org.apache.hadoop.http.HttpServer2$QuotingInputFilter)
2019-08-24 22:45:13,990 [main] INFO  http.HttpServer2 (HttpServer2.java:addFilter(948)) - Added filter static_user_filter (class=org.apache.hadoop.http.lib.StaticUserWebFilter$StaticUserFilter) to context ozoneManager
2019-08-24 22:45:13,991 [main] INFO  http.HttpServer2 (HttpServer2.java:addFilter(958)) - Added filter static_user_filter (class=org.apache.hadoop.http.lib.StaticUserWebFilter$StaticUserFilter) to context logs
2019-08-24 22:45:13,991 [main] INFO  http.HttpServer2 (HttpServer2.java:addFilter(958)) - Added filter static_user_filter (class=org.apache.hadoop.http.lib.StaticUserWebFilter$StaticUserFilter) to context static
2019-08-24 22:45:13,992 [main] INFO  http.HttpServer2 (HttpServer2.java:bindListener(1191)) - Jetty bound to port 40732
2019-08-24 22:45:13,992 [main] INFO  server.Server (Server.java:doStart(351)) - jetty-9.3.24.v20180605, build timestamp: 2018-06-05T17:11:56Z, git hash: 84205aa28f11a4f31f2a3b86d1bba2cc8ab69827
2019-08-24 22:45:13,994 [main] INFO  handler.ContextHandler (ContextHandler.java:doStart(781)) - Started o.e.j.s.ServletContextHandler@487f025{/logs,file:///workdir/hadoop-ozone/integration-test/target/log,AVAILABLE}
2019-08-24 22:45:13,995 [main] INFO  handler.ContextHandler (ContextHandler.java:doStart(781)) - Started o.e.j.s.ServletContextHandler@39329d81{/static,file:///workdir/hadoop-ozone/integration-test/target/test-classes/webapps/static,AVAILABLE}
2019-08-24 22:45:14,000 [main] INFO  handler.ContextHandler (ContextHandler.java:doStart(781)) - Started o.e.j.w.WebAppContext@5c168f98{/,file:///workdir/hadoop-ozone/integration-test/target/test-classes/webapps/ozoneManager/,AVAILABLE}{/ozoneManager}
2019-08-24 22:45:14,000 [main] INFO  server.AbstractConnector (AbstractConnector.java:doStart(278)) - Started ServerConnector@2f98859a{HTTP/1.1,[http/1.1]}{0.0.0.0:40732}
2019-08-24 22:45:14,002 [main] INFO  server.Server (Server.java:doStart(419)) - Started @595213ms
2019-08-24 22:45:14,003 [main] INFO  server.BaseHttpServer (BaseHttpServer.java:updateConnectorAddress(213)) - HTTP server of OZONEMANAGER is listening at http://0.0.0.0:40732
2019-08-24 22:45:14,018 [main] INFO  impl.MetricsSystemImpl (MetricsSystemImpl.java:init(158)) - HddsDatanode metrics system started (again)
2019-08-24 22:45:14,020 [main] INFO  ozone.HddsDatanodeService (HddsDatanodeService.java:start(184)) - HddsDatanodeService host:pr-hdds-2030-j7d29-893466226 ip:192.168.34.50
2019-08-24 22:45:14,028 [main] INFO  volume.HddsVolume (HddsVolume.java:<init>(176)) - Creating Volume: /workdir/hadoop-ozone/integration-test/target/test-dir/MiniOzoneClusterImpl-614c102a-29d9-417a-b8c5-0217b2e5181d/datanode-0/data/containers/hdds of  storage type : DISK and capacity : 1482555576320
2019-08-24 22:45:14,029 [main] INFO  volume.VolumeSet (VolumeSet.java:initializeVolumeSet(170)) - Added Volume : /workdir/hadoop-ozone/integration-test/target/test-dir/MiniOzoneClusterImpl-614c102a-29d9-417a-b8c5-0217b2e5181d/datanode-0/data/containers/hdds to VolumeSet
2019-08-24 22:45:14,029 [main] INFO  volume.ThrottledAsyncChecker (ThrottledAsyncChecker.java:schedule(140)) - Scheduling a check for org.apache.hadoop.ozone.container.common.volume.HddsVolume@628d6320
2019-08-24 22:45:14,030 [main] INFO  volume.HddsVolumeChecker (HddsVolumeChecker.java:checkAllVolumes(203)) - Scheduled health check for volume org.apache.hadoop.ozone.container.common.volume.HddsVolume@628d6320
2019-08-24 22:45:14,047 [main] INFO  impl.RaftServerProxy (ConfUtils.java:logGet(43)) - raft.rpc.type = GRPC (default)
2019-08-24 22:45:14,048 [main] INFO  grpc.GrpcFactory (GrpcFactory.java:checkPooledByteBufAllocatorUseCacheForAllThreads(45)) - PERFORMANCE WARNING: useCacheForAllThreads is true that may cause Netty to create a lot garbage objects and, as a result, trigger GC.
	It is recommended to disable useCacheForAllThreads by setting -Dorg.apache.ratis.thirdparty.io.netty.allocator.useCacheForAllThreads=false in command line.
2019-08-24 22:45:14,048 [main] INFO  grpc.GrpcConfigKeys$Server (ConfUtils.java:logGet(43)) - raft.grpc.server.port = 0 (default)
2019-08-24 22:45:14,048 [main] INFO  server.GrpcService (ConfUtils.java:logGet(43)) - raft.grpc.message.size.max = 33570816 (custom)
2019-08-24 22:45:14,048 [main] INFO  server.RaftServerConfigKeys (ConfUtils.java:logGet(43)) - raft.server.log.appender.buffer.byte-limit = 33554432 (custom)
2019-08-24 22:45:14,049 [main] INFO  server.GrpcService (ConfUtils.java:logGet(43)) - raft.grpc.flow.control.window = 1MB (=1048576) (default)
2019-08-24 22:45:14,049 [main] INFO  server.RaftServerConfigKeys (ConfUtils.java:logGet(43)) - raft.server.rpc.request.timeout = 3000ms (default)
2019-08-24 22:45:14,049 [main] INFO  server.RaftServerConfigKeys (ConfUtils.java:logGet(43)) - raft.server.storage.dir = [/workdir/hadoop-ozone/integration-test/target/test-dir/MiniOzoneClusterImpl-614c102a-29d9-417a-b8c5-0217b2e5181d/datanode-0/data/ratis] (custom)
2019-08-24 22:45:14,050 [main] INFO  replication.SimpleContainerDownloader (SimpleContainerDownloader.java:<init>(72)) - Starting container downloader service to copy containers to replicate.
2019-08-24 22:45:14,051 [main] INFO  hdfs.DFSUtil (DFSUtil.java:httpServerTemplateForNNAndJN(1641)) - Starting Web-server for hddsDatanode at: http://0.0.0.0:0
2019-08-24 22:45:14,053 [main] INFO  server.AuthenticationFilter (AuthenticationFilter.java:constructSecretProvider(240)) - Unable to initialize FileSignerSecretProvider, falling back to use random secrets.
2019-08-24 22:45:14,054 [main] WARN  http.HttpRequestLog (HttpRequestLog.java:getRequestLog(97)) - Jetty request log can only be enabled using Log4j
2019-08-24 22:45:14,056 [main] INFO  http.HttpServer2 (HttpServer2.java:addGlobalFilter(975)) - Added global filter 'safety' (class=org.apache.hadoop.http.HttpServer2$QuotingInputFilter)
2019-08-24 22:45:14,057 [main] INFO  http.HttpServer2 (HttpServer2.java:addFilter(948)) - Added filter static_user_filter (class=org.apache.hadoop.http.lib.StaticUserWebFilter$StaticUserFilter) to context hddsDatanode
2019-08-24 22:45:14,057 [main] INFO  http.HttpServer2 (HttpServer2.java:addFilter(958)) - Added filter static_user_filter (class=org.apache.hadoop.http.lib.StaticUserWebFilter$StaticUserFilter) to context logs
2019-08-24 22:45:14,057 [main] INFO  http.HttpServer2 (HttpServer2.java:addFilter(958)) - Added filter static_user_filter (class=org.apache.hadoop.http.lib.StaticUserWebFilter$StaticUserFilter) to context static
2019-08-24 22:45:14,058 [main] INFO  http.HttpServer2 (HttpServer2.java:bindListener(1191)) - Jetty bound to port 33497
2019-08-24 22:45:14,058 [main] INFO  server.Server (Server.java:doStart(351)) - jetty-9.3.24.v20180605, build timestamp: 2018-06-05T17:11:56Z, git hash: 84205aa28f11a4f31f2a3b86d1bba2cc8ab69827
2019-08-24 22:45:14,060 [main] INFO  handler.ContextHandler (ContextHandler.java:doStart(781)) - Started o.e.j.s.ServletContextHandler@7df994ec{/logs,file:///workdir/hadoop-ozone/integration-test/target/log,AVAILABLE}
2019-08-24 22:45:14,061 [main] INFO  handler.ContextHandler (ContextHandler.java:doStart(781)) - Started o.e.j.s.ServletContextHandler@674b9b85{/static,jar:file:/home/user/.m2/repository/org/apache/hadoop/hadoop-hdds-container-service/0.5.0-SNAPSHOT/hadoop-hdds-container-service-0.5.0-SNAPSHOT.jar!/webapps/static,AVAILABLE}
2019-08-24 22:45:14,106 [main] INFO  handler.ContextHandler (ContextHandler.java:doStart(781)) - Started o.e.j.w.WebAppContext@5fdebe73{/,file:///tmp/jetty-0.0.0.0-33497-hddsDatanode-_-any-9046908492044281141.dir/webapp/,AVAILABLE}{/hddsDatanode}
2019-08-24 22:45:14,107 [main] INFO  server.AbstractConnector (AbstractConnector.java:doStart(278)) - Started ServerConnector@6919a8a{HTTP/1.1,[http/1.1]}{0.0.0.0:33497}
2019-08-24 22:45:14,108 [main] INFO  server.Server (Server.java:doStart(419)) - Started @595320ms
2019-08-24 22:45:14,109 [main] INFO  server.BaseHttpServer (BaseHttpServer.java:updateConnectorAddress(213)) - HTTP server of HDDSDATANODE is listening at http://0.0.0.0:33497
2019-08-24 22:45:14,249 | INFO  | ObjectStoreRestHttpServer | Listening HDDS REST traffic on /0.0.0.0:43709 |  
2019-08-24 22:45:14,250 [main] INFO  ozone.HddsDatanodeService (HddsDatanodeService.java:startPlugins(395)) - Started plug-in org.apache.hadoop.ozone.web.OzoneHddsDatanodeService@6592a73b
2019-08-24 22:45:14,250 [main] INFO  impl.MetricsSystemImpl (MetricsSystemImpl.java:init(158)) - HddsDatanode metrics system started (again)
2019-08-24 22:45:14,252 [main] INFO  ozone.HddsDatanodeService (HddsDatanodeService.java:start(184)) - HddsDatanodeService host:pr-hdds-2030-j7d29-893466226 ip:192.168.34.50
2019-08-24 22:45:14,252 [org.apache.hadoop.util.JvmPauseMonitor$Monitor@3c92f3e0] INFO  util.JvmPauseMonitor (JvmPauseMonitor.java:run(188)) - Starting JVM pause monitor
2019-08-24 22:45:14,254 [Datanode State Machine Thread - 0] INFO  datanode.InitDatanodeState (InitDatanodeState.java:persistContainerDatanodeDetails(140)) - DatanodeDetails is persisted to /workdir/hadoop-ozone/integration-test/target/test-dir/MiniOzoneClusterImpl-614c102a-29d9-417a-b8c5-0217b2e5181d/datanode-0/meta/datanode.id
2019-08-24 22:45:14,261 [main] INFO  volume.HddsVolume (HddsVolume.java:<init>(176)) - Creating Volume: /workdir/hadoop-ozone/integration-test/target/test-dir/MiniOzoneClusterImpl-614c102a-29d9-417a-b8c5-0217b2e5181d/datanode-1/data/containers/hdds of  storage type : DISK and capacity : 1482555576320
2019-08-24 22:45:14,261 [main] INFO  volume.VolumeSet (VolumeSet.java:initializeVolumeSet(170)) - Added Volume : /workdir/hadoop-ozone/integration-test/target/test-dir/MiniOzoneClusterImpl-614c102a-29d9-417a-b8c5-0217b2e5181d/datanode-1/data/containers/hdds to VolumeSet
2019-08-24 22:45:14,261 [main] INFO  volume.ThrottledAsyncChecker (ThrottledAsyncChecker.java:schedule(140)) - Scheduling a check for org.apache.hadoop.ozone.container.common.volume.HddsVolume@2357f000
2019-08-24 22:45:14,262 [main] INFO  volume.HddsVolumeChecker (HddsVolumeChecker.java:checkAllVolumes(203)) - Scheduled health check for volume org.apache.hadoop.ozone.container.common.volume.HddsVolume@2357f000
2019-08-24 22:45:14,276 [main] INFO  impl.RaftServerProxy (ConfUtils.java:logGet(43)) - raft.rpc.type = GRPC (default)
2019-08-24 22:45:14,276 [main] INFO  grpc.GrpcFactory (GrpcFactory.java:checkPooledByteBufAllocatorUseCacheForAllThreads(45)) - PERFORMANCE WARNING: useCacheForAllThreads is true that may cause Netty to create a lot garbage objects and, as a result, trigger GC.
	It is recommended to disable useCacheForAllThreads by setting -Dorg.apache.ratis.thirdparty.io.netty.allocator.useCacheForAllThreads=false in command line.
2019-08-24 22:45:14,276 [main] INFO  grpc.GrpcConfigKeys$Server (ConfUtils.java:logGet(43)) - raft.grpc.server.port = 0 (default)
2019-08-24 22:45:14,276 [main] INFO  server.GrpcService (ConfUtils.java:logGet(43)) - raft.grpc.message.size.max = 33570816 (custom)
2019-08-24 22:45:14,277 [main] INFO  server.RaftServerConfigKeys (ConfUtils.java:logGet(43)) - raft.server.log.appender.buffer.byte-limit = 33554432 (custom)
2019-08-24 22:45:14,277 [main] INFO  server.GrpcService (ConfUtils.java:logGet(43)) - raft.grpc.flow.control.window = 1MB (=1048576) (default)
2019-08-24 22:45:14,277 [main] INFO  server.RaftServerConfigKeys (ConfUtils.java:logGet(43)) - raft.server.rpc.request.timeout = 3000ms (default)
2019-08-24 22:45:14,277 [main] INFO  server.RaftServerConfigKeys (ConfUtils.java:logGet(43)) - raft.server.storage.dir = [/workdir/hadoop-ozone/integration-test/target/test-dir/MiniOzoneClusterImpl-614c102a-29d9-417a-b8c5-0217b2e5181d/datanode-1/data/ratis] (custom)
2019-08-24 22:45:14,278 [main] INFO  replication.SimpleContainerDownloader (SimpleContainerDownloader.java:<init>(72)) - Starting container downloader service to copy containers to replicate.
2019-08-24 22:45:14,279 [main] INFO  hdfs.DFSUtil (DFSUtil.java:httpServerTemplateForNNAndJN(1641)) - Starting Web-server for hddsDatanode at: http://0.0.0.0:0
2019-08-24 22:45:14,280 [main] INFO  server.AuthenticationFilter (AuthenticationFilter.java:constructSecretProvider(240)) - Unable to initialize FileSignerSecretProvider, falling back to use random secrets.
2019-08-24 22:45:14,280 [main] WARN  http.HttpRequestLog (HttpRequestLog.java:getRequestLog(97)) - Jetty request log can only be enabled using Log4j
2019-08-24 22:45:14,281 [main] INFO  http.HttpServer2 (HttpServer2.java:addGlobalFilter(975)) - Added global filter 'safety' (class=org.apache.hadoop.http.HttpServer2$QuotingInputFilter)
2019-08-24 22:45:14,282 [main] INFO  http.HttpServer2 (HttpServer2.java:addFilter(948)) - Added filter static_user_filter (class=org.apache.hadoop.http.lib.StaticUserWebFilter$StaticUserFilter) to context hddsDatanode
2019-08-24 22:45:14,282 [main] INFO  http.HttpServer2 (HttpServer2.java:addFilter(958)) - Added filter static_user_filter (class=org.apache.hadoop.http.lib.StaticUserWebFilter$StaticUserFilter) to context logs
2019-08-24 22:45:14,282 [main] INFO  http.HttpServer2 (HttpServer2.java:addFilter(958)) - Added filter static_user_filter (class=org.apache.hadoop.http.lib.StaticUserWebFilter$StaticUserFilter) to context static
2019-08-24 22:45:14,283 [main] INFO  http.HttpServer2 (HttpServer2.java:bindListener(1191)) - Jetty bound to port 45345
2019-08-24 22:45:14,283 [main] INFO  server.Server (Server.java:doStart(351)) - jetty-9.3.24.v20180605, build timestamp: 2018-06-05T17:11:56Z, git hash: 84205aa28f11a4f31f2a3b86d1bba2cc8ab69827
2019-08-24 22:45:14,284 [main] INFO  handler.ContextHandler (ContextHandler.java:doStart(781)) - Started o.e.j.s.ServletContextHandler@324afa73{/logs,file:///workdir/hadoop-ozone/integration-test/target/log,AVAILABLE}
2019-08-24 22:45:14,285 [main] INFO  handler.ContextHandler (ContextHandler.java:doStart(781)) - Started o.e.j.s.ServletContextHandler@7df1fc5a{/static,jar:file:/home/user/.m2/repository/org/apache/hadoop/hadoop-hdds-container-service/0.5.0-SNAPSHOT/hadoop-hdds-container-service-0.5.0-SNAPSHOT.jar!/webapps/static,AVAILABLE}
2019-08-24 22:45:14,311 [main] INFO  handler.ContextHandler (ContextHandler.java:doStart(781)) - Started o.e.j.w.WebAppContext@4f8488ef{/,file:///tmp/jetty-0.0.0.0-45345-hddsDatanode-_-any-2471391388514176332.dir/webapp/,AVAILABLE}{/hddsDatanode}
2019-08-24 22:45:14,311 [main] INFO  server.AbstractConnector (AbstractConnector.java:doStart(278)) - Started ServerConnector@27a8bfa1{HTTP/1.1,[http/1.1]}{0.0.0.0:45345}
2019-08-24 22:45:14,312 [main] INFO  server.Server (Server.java:doStart(419)) - Started @595524ms
2019-08-24 22:45:14,313 [main] INFO  server.BaseHttpServer (BaseHttpServer.java:updateConnectorAddress(213)) - HTTP server of HDDSDATANODE is listening at http://0.0.0.0:45345
2019-08-24 22:45:14,602 | INFO  | ObjectStoreRestHttpServer | Listening HDDS REST traffic on /0.0.0.0:46311 |  
2019-08-24 22:45:14,602 [main] INFO  ozone.HddsDatanodeService (HddsDatanodeService.java:startPlugins(395)) - Started plug-in org.apache.hadoop.ozone.web.OzoneHddsDatanodeService@76dc9569
2019-08-24 22:45:14,602 [main] INFO  impl.MetricsSystemImpl (MetricsSystemImpl.java:init(158)) - HddsDatanode metrics system started (again)
2019-08-24 22:45:14,603 [org.apache.hadoop.util.JvmPauseMonitor$Monitor@d159c43] INFO  util.JvmPauseMonitor (JvmPauseMonitor.java:run(188)) - Starting JVM pause monitor
2019-08-24 22:45:14,605 [Datanode State Machine Thread - 0] INFO  datanode.InitDatanodeState (InitDatanodeState.java:persistContainerDatanodeDetails(140)) - DatanodeDetails is persisted to /workdir/hadoop-ozone/integration-test/target/test-dir/MiniOzoneClusterImpl-614c102a-29d9-417a-b8c5-0217b2e5181d/datanode-1/meta/datanode.id
2019-08-24 22:45:14,682 [main] INFO  ozone.HddsDatanodeService (HddsDatanodeService.java:start(184)) - HddsDatanodeService host:pr-hdds-2030-j7d29-893466226 ip:192.168.34.50
2019-08-24 22:45:14,710 [main] INFO  volume.HddsVolume (HddsVolume.java:<init>(176)) - Creating Volume: /workdir/hadoop-ozone/integration-test/target/test-dir/MiniOzoneClusterImpl-614c102a-29d9-417a-b8c5-0217b2e5181d/datanode-2/data/containers/hdds of  storage type : DISK and capacity : 1482555576320
2019-08-24 22:45:14,710 [main] INFO  volume.VolumeSet (VolumeSet.java:initializeVolumeSet(170)) - Added Volume : /workdir/hadoop-ozone/integration-test/target/test-dir/MiniOzoneClusterImpl-614c102a-29d9-417a-b8c5-0217b2e5181d/datanode-2/data/containers/hdds to VolumeSet
2019-08-24 22:45:14,711 [main] INFO  volume.ThrottledAsyncChecker (ThrottledAsyncChecker.java:schedule(140)) - Scheduling a check for org.apache.hadoop.ozone.container.common.volume.HddsVolume@77c7d3f4
2019-08-24 22:45:14,712 [main] INFO  volume.HddsVolumeChecker (HddsVolumeChecker.java:checkAllVolumes(203)) - Scheduled health check for volume org.apache.hadoop.ozone.container.common.volume.HddsVolume@77c7d3f4
2019-08-24 22:45:14,739 [main] INFO  impl.RaftServerProxy (ConfUtils.java:logGet(43)) - raft.rpc.type = GRPC (default)
2019-08-24 22:45:14,740 [main] INFO  grpc.GrpcFactory (GrpcFactory.java:checkPooledByteBufAllocatorUseCacheForAllThreads(45)) - PERFORMANCE WARNING: useCacheForAllThreads is true that may cause Netty to create a lot garbage objects and, as a result, trigger GC.
	It is recommended to disable useCacheForAllThreads by setting -Dorg.apache.ratis.thirdparty.io.netty.allocator.useCacheForAllThreads=false in command line.
2019-08-24 22:45:14,740 [main] INFO  grpc.GrpcConfigKeys$Server (ConfUtils.java:logGet(43)) - raft.grpc.server.port = 0 (default)
2019-08-24 22:45:14,740 [main] INFO  server.GrpcService (ConfUtils.java:logGet(43)) - raft.grpc.message.size.max = 33570816 (custom)
2019-08-24 22:45:14,741 [main] INFO  server.RaftServerConfigKeys (ConfUtils.java:logGet(43)) - raft.server.log.appender.buffer.byte-limit = 33554432 (custom)
2019-08-24 22:45:14,741 [main] INFO  server.GrpcService (ConfUtils.java:logGet(43)) - raft.grpc.flow.control.window = 1MB (=1048576) (default)
2019-08-24 22:45:14,741 [main] INFO  server.RaftServerConfigKeys (ConfUtils.java:logGet(43)) - raft.server.rpc.request.timeout = 3000ms (default)
2019-08-24 22:45:14,742 [main] INFO  server.RaftServerConfigKeys (ConfUtils.java:logGet(43)) - raft.server.storage.dir = [/workdir/hadoop-ozone/integration-test/target/test-dir/MiniOzoneClusterImpl-614c102a-29d9-417a-b8c5-0217b2e5181d/datanode-2/data/ratis] (custom)
2019-08-24 22:45:14,742 [main] INFO  replication.SimpleContainerDownloader (SimpleContainerDownloader.java:<init>(72)) - Starting container downloader service to copy containers to replicate.
2019-08-24 22:45:14,744 [main] INFO  hdfs.DFSUtil (DFSUtil.java:httpServerTemplateForNNAndJN(1641)) - Starting Web-server for hddsDatanode at: http://0.0.0.0:0
2019-08-24 22:45:14,745 [main] INFO  server.AuthenticationFilter (AuthenticationFilter.java:constructSecretProvider(240)) - Unable to initialize FileSignerSecretProvider, falling back to use random secrets.
2019-08-24 22:45:14,745 [main] WARN  http.HttpRequestLog (HttpRequestLog.java:getRequestLog(97)) - Jetty request log can only be enabled using Log4j
2019-08-24 22:45:14,746 [main] INFO  http.HttpServer2 (HttpServer2.java:addGlobalFilter(975)) - Added global filter 'safety' (class=org.apache.hadoop.http.HttpServer2$QuotingInputFilter)
2019-08-24 22:45:14,747 [main] INFO  http.HttpServer2 (HttpServer2.java:addFilter(948)) - Added filter static_user_filter (class=org.apache.hadoop.http.lib.StaticUserWebFilter$StaticUserFilter) to context hddsDatanode
2019-08-24 22:45:14,747 [main] INFO  http.HttpServer2 (HttpServer2.java:addFilter(958)) - Added filter static_user_filter (class=org.apache.hadoop.http.lib.StaticUserWebFilter$StaticUserFilter) to context static
2019-08-24 22:45:14,747 [main] INFO  http.HttpServer2 (HttpServer2.java:addFilter(958)) - Added filter static_user_filter (class=org.apache.hadoop.http.lib.StaticUserWebFilter$StaticUserFilter) to context logs
2019-08-24 22:45:14,748 [main] INFO  http.HttpServer2 (HttpServer2.java:bindListener(1191)) - Jetty bound to port 37308
2019-08-24 22:45:14,748 [main] INFO  server.Server (Server.java:doStart(351)) - jetty-9.3.24.v20180605, build timestamp: 2018-06-05T17:11:56Z, git hash: 84205aa28f11a4f31f2a3b86d1bba2cc8ab69827
2019-08-24 22:45:14,749 [main] INFO  handler.ContextHandler (ContextHandler.java:doStart(781)) - Started o.e.j.s.ServletContextHandler@46c5747f{/logs,file:///workdir/hadoop-ozone/integration-test/target/log,AVAILABLE}
2019-08-24 22:45:14,750 [main] INFO  handler.ContextHandler (ContextHandler.java:doStart(781)) - Started o.e.j.s.ServletContextHandler@4fe91eed{/static,jar:file:/home/user/.m2/repository/org/apache/hadoop/hadoop-hdds-container-service/0.5.0-SNAPSHOT/hadoop-hdds-container-service-0.5.0-SNAPSHOT.jar!/webapps/static,AVAILABLE}
2019-08-24 22:45:14,776 [main] INFO  handler.ContextHandler (ContextHandler.java:doStart(781)) - Started o.e.j.w.WebAppContext@27e42fe8{/,file:///tmp/jetty-0.0.0.0-37308-hddsDatanode-_-any-1431793610578263092.dir/webapp/,AVAILABLE}{/hddsDatanode}
2019-08-24 22:45:14,776 [main] INFO  server.AbstractConnector (AbstractConnector.java:doStart(278)) - Started ServerConnector@219bad15{HTTP/1.1,[http/1.1]}{0.0.0.0:37308}
2019-08-24 22:45:14,776 [main] INFO  server.Server (Server.java:doStart(419)) - Started @595988ms
2019-08-24 22:45:14,778 [main] INFO  server.BaseHttpServer (BaseHttpServer.java:updateConnectorAddress(213)) - HTTP server of HDDSDATANODE is listening at http://0.0.0.0:37308
2019-08-24 22:45:14,894 | INFO  | ObjectStoreRestHttpServer | Listening HDDS REST traffic on /0.0.0.0:32839 |  
2019-08-24 22:45:14,894 [main] INFO  ozone.HddsDatanodeService (HddsDatanodeService.java:startPlugins(395)) - Started plug-in org.apache.hadoop.ozone.web.OzoneHddsDatanodeService@1a983294
2019-08-24 22:45:14,895 [main] INFO  impl.MetricsSystemImpl (MetricsSystemImpl.java:init(158)) - HddsDatanode metrics system started (again)
2019-08-24 22:45:14,898 [org.apache.hadoop.util.JvmPauseMonitor$Monitor@795b6f8e] INFO  util.JvmPauseMonitor (JvmPauseMonitor.java:run(188)) - Starting JVM pause monitor
2019-08-24 22:45:14,899 [main] INFO  ozone.HddsDatanodeService (HddsDatanodeService.java:start(184)) - HddsDatanodeService host:pr-hdds-2030-j7d29-893466226 ip:192.168.34.50
2019-08-24 22:45:14,900 [Datanode State Machine Thread - 0] INFO  datanode.InitDatanodeState (InitDatanodeState.java:persistContainerDatanodeDetails(140)) - DatanodeDetails is persisted to /workdir/hadoop-ozone/integration-test/target/test-dir/MiniOzoneClusterImpl-614c102a-29d9-417a-b8c5-0217b2e5181d/datanode-2/meta/datanode.id
2019-08-24 22:45:14,910 [main] INFO  volume.HddsVolume (HddsVolume.java:<init>(176)) - Creating Volume: /workdir/hadoop-ozone/integration-test/target/test-dir/MiniOzoneClusterImpl-614c102a-29d9-417a-b8c5-0217b2e5181d/datanode-3/data/containers/hdds of  storage type : DISK and capacity : 1482555576320
2019-08-24 22:45:14,910 [main] INFO  volume.VolumeSet (VolumeSet.java:initializeVolumeSet(170)) - Added Volume : /workdir/hadoop-ozone/integration-test/target/test-dir/MiniOzoneClusterImpl-614c102a-29d9-417a-b8c5-0217b2e5181d/datanode-3/data/containers/hdds to VolumeSet
2019-08-24 22:45:14,911 [main] INFO  volume.ThrottledAsyncChecker (ThrottledAsyncChecker.java:schedule(140)) - Scheduling a check for org.apache.hadoop.ozone.container.common.volume.HddsVolume@37e7e089
2019-08-24 22:45:14,911 [main] INFO  volume.HddsVolumeChecker (HddsVolumeChecker.java:checkAllVolumes(203)) - Scheduled health check for volume org.apache.hadoop.ozone.container.common.volume.HddsVolume@37e7e089
2019-08-24 22:45:14,931 [main] INFO  impl.RaftServerProxy (ConfUtils.java:logGet(43)) - raft.rpc.type = GRPC (default)
2019-08-24 22:45:14,931 [main] INFO  grpc.GrpcFactory (GrpcFactory.java:checkPooledByteBufAllocatorUseCacheForAllThreads(45)) - PERFORMANCE WARNING: useCacheForAllThreads is true that may cause Netty to create a lot garbage objects and, as a result, trigger GC.
	It is recommended to disable useCacheForAllThreads by setting -Dorg.apache.ratis.thirdparty.io.netty.allocator.useCacheForAllThreads=false in command line.
2019-08-24 22:45:14,931 [main] INFO  grpc.GrpcConfigKeys$Server (ConfUtils.java:logGet(43)) - raft.grpc.server.port = 0 (default)
2019-08-24 22:45:14,931 [main] INFO  server.GrpcService (ConfUtils.java:logGet(43)) - raft.grpc.message.size.max = 33570816 (custom)
2019-08-24 22:45:14,932 [main] INFO  server.RaftServerConfigKeys (ConfUtils.java:logGet(43)) - raft.server.log.appender.buffer.byte-limit = 33554432 (custom)
2019-08-24 22:45:14,932 [main] INFO  server.GrpcService (ConfUtils.java:logGet(43)) - raft.grpc.flow.control.window = 1MB (=1048576) (default)
2019-08-24 22:45:14,932 [main] INFO  server.RaftServerConfigKeys (ConfUtils.java:logGet(43)) - raft.server.rpc.request.timeout = 3000ms (default)
2019-08-24 22:45:14,933 [main] INFO  server.RaftServerConfigKeys (ConfUtils.java:logGet(43)) - raft.server.storage.dir = [/workdir/hadoop-ozone/integration-test/target/test-dir/MiniOzoneClusterImpl-614c102a-29d9-417a-b8c5-0217b2e5181d/datanode-3/data/ratis] (custom)
2019-08-24 22:45:14,933 [main] INFO  replication.SimpleContainerDownloader (SimpleContainerDownloader.java:<init>(72)) - Starting container downloader service to copy containers to replicate.
2019-08-24 22:45:14,934 [main] INFO  hdfs.DFSUtil (DFSUtil.java:httpServerTemplateForNNAndJN(1641)) - Starting Web-server for hddsDatanode at: http://0.0.0.0:0
2019-08-24 22:45:14,936 [main] INFO  server.AuthenticationFilter (AuthenticationFilter.java:constructSecretProvider(240)) - Unable to initialize FileSignerSecretProvider, falling back to use random secrets.
2019-08-24 22:45:14,937 [main] WARN  http.HttpRequestLog (HttpRequestLog.java:getRequestLog(97)) - Jetty request log can only be enabled using Log4j
2019-08-24 22:45:14,938 [main] INFO  http.HttpServer2 (HttpServer2.java:addGlobalFilter(975)) - Added global filter 'safety' (class=org.apache.hadoop.http.HttpServer2$QuotingInputFilter)
2019-08-24 22:45:14,939 [main] INFO  http.HttpServer2 (HttpServer2.java:addFilter(948)) - Added filter static_user_filter (class=org.apache.hadoop.http.lib.StaticUserWebFilter$StaticUserFilter) to context hddsDatanode
2019-08-24 22:45:14,939 [main] INFO  http.HttpServer2 (HttpServer2.java:addFilter(958)) - Added filter static_user_filter (class=org.apache.hadoop.http.lib.StaticUserWebFilter$StaticUserFilter) to context static
2019-08-24 22:45:14,939 [main] INFO  http.HttpServer2 (HttpServer2.java:addFilter(958)) - Added filter static_user_filter (class=org.apache.hadoop.http.lib.StaticUserWebFilter$StaticUserFilter) to context logs
2019-08-24 22:45:14,940 [main] INFO  http.HttpServer2 (HttpServer2.java:bindListener(1191)) - Jetty bound to port 39206
2019-08-24 22:45:14,940 [main] INFO  server.Server (Server.java:doStart(351)) - jetty-9.3.24.v20180605, build timestamp: 2018-06-05T17:11:56Z, git hash: 84205aa28f11a4f31f2a3b86d1bba2cc8ab69827
2019-08-24 22:45:14,942 [main] INFO  handler.ContextHandler (ContextHandler.java:doStart(781)) - Started o.e.j.s.ServletContextHandler@4ca50bb9{/logs,file:///workdir/hadoop-ozone/integration-test/target/log,AVAILABLE}
2019-08-24 22:45:14,943 [main] INFO  handler.ContextHandler (ContextHandler.java:doStart(781)) - Started o.e.j.s.ServletContextHandler@301c0aae{/static,jar:file:/home/user/.m2/repository/org/apache/hadoop/hadoop-hdds-container-service/0.5.0-SNAPSHOT/hadoop-hdds-container-service-0.5.0-SNAPSHOT.jar!/webapps/static,AVAILABLE}
2019-08-24 22:45:14,988 [main] INFO  handler.ContextHandler (ContextHandler.java:doStart(781)) - Started o.e.j.w.WebAppContext@6b8f1c62{/,file:///tmp/jetty-0.0.0.0-39206-hddsDatanode-_-any-4176234015544220103.dir/webapp/,AVAILABLE}{/hddsDatanode}
2019-08-24 22:45:14,988 [main] INFO  server.AbstractConnector (AbstractConnector.java:doStart(278)) - Started ServerConnector@67c020c8{HTTP/1.1,[http/1.1]}{0.0.0.0:39206}
2019-08-24 22:45:14,990 [main] INFO  server.Server (Server.java:doStart(419)) - Started @596202ms
2019-08-24 22:45:14,991 [main] INFO  server.BaseHttpServer (BaseHttpServer.java:updateConnectorAddress(213)) - HTTP server of HDDSDATANODE is listening at http://0.0.0.0:39206
2019-08-24 22:45:15,132 | INFO  | ObjectStoreRestHttpServer | Listening HDDS REST traffic on /0.0.0.0:34021 |  
2019-08-24 22:45:15,132 [main] INFO  ozone.HddsDatanodeService (HddsDatanodeService.java:startPlugins(395)) - Started plug-in org.apache.hadoop.ozone.web.OzoneHddsDatanodeService@93fb20b
2019-08-24 22:45:15,133 [main] INFO  impl.MetricsSystemImpl (MetricsSystemImpl.java:init(158)) - HddsDatanode metrics system started (again)
2019-08-24 22:45:15,137 [org.apache.hadoop.util.JvmPauseMonitor$Monitor@4a9fbb84] INFO  util.JvmPauseMonitor (JvmPauseMonitor.java:run(188)) - Starting JVM pause monitor
2019-08-24 22:45:15,138 [main] INFO  ozone.HddsDatanodeService (HddsDatanodeService.java:start(184)) - HddsDatanodeService host:pr-hdds-2030-j7d29-893466226 ip:192.168.34.50
2019-08-24 22:45:15,139 [Datanode State Machine Thread - 0] INFO  datanode.InitDatanodeState (InitDatanodeState.java:persistContainerDatanodeDetails(140)) - DatanodeDetails is persisted to /workdir/hadoop-ozone/integration-test/target/test-dir/MiniOzoneClusterImpl-614c102a-29d9-417a-b8c5-0217b2e5181d/datanode-3/meta/datanode.id
2019-08-24 22:45:15,150 [main] INFO  volume.HddsVolume (HddsVolume.java:<init>(176)) - Creating Volume: /workdir/hadoop-ozone/integration-test/target/test-dir/MiniOzoneClusterImpl-614c102a-29d9-417a-b8c5-0217b2e5181d/datanode-4/data/containers/hdds of  storage type : DISK and capacity : 1482555576320
2019-08-24 22:45:15,150 [main] INFO  volume.VolumeSet (VolumeSet.java:initializeVolumeSet(170)) - Added Volume : /workdir/hadoop-ozone/integration-test/target/test-dir/MiniOzoneClusterImpl-614c102a-29d9-417a-b8c5-0217b2e5181d/datanode-4/data/containers/hdds to VolumeSet
2019-08-24 22:45:15,150 [main] INFO  volume.ThrottledAsyncChecker (ThrottledAsyncChecker.java:schedule(140)) - Scheduling a check for org.apache.hadoop.ozone.container.common.volume.HddsVolume@5854e526
2019-08-24 22:45:15,151 [main] INFO  volume.HddsVolumeChecker (HddsVolumeChecker.java:checkAllVolumes(203)) - Scheduled health check for volume org.apache.hadoop.ozone.container.common.volume.HddsVolume@5854e526
2019-08-24 22:45:15,166 [main] INFO  impl.RaftServerProxy (ConfUtils.java:logGet(43)) - raft.rpc.type = GRPC (default)
2019-08-24 22:45:15,166 [main] INFO  grpc.GrpcFactory (GrpcFactory.java:checkPooledByteBufAllocatorUseCacheForAllThreads(45)) - PERFORMANCE WARNING: useCacheForAllThreads is true that may cause Netty to create a lot garbage objects and, as a result, trigger GC.
	It is recommended to disable useCacheForAllThreads by setting -Dorg.apache.ratis.thirdparty.io.netty.allocator.useCacheForAllThreads=false in command line.
2019-08-24 22:45:15,167 [main] INFO  grpc.GrpcConfigKeys$Server (ConfUtils.java:logGet(43)) - raft.grpc.server.port = 0 (default)
2019-08-24 22:45:15,167 [main] INFO  server.GrpcService (ConfUtils.java:logGet(43)) - raft.grpc.message.size.max = 33570816 (custom)
2019-08-24 22:45:15,167 [main] INFO  server.RaftServerConfigKeys (ConfUtils.java:logGet(43)) - raft.server.log.appender.buffer.byte-limit = 33554432 (custom)
2019-08-24 22:45:15,168 [main] INFO  server.GrpcService (ConfUtils.java:logGet(43)) - raft.grpc.flow.control.window = 1MB (=1048576) (default)
2019-08-24 22:45:15,168 [main] INFO  server.RaftServerConfigKeys (ConfUtils.java:logGet(43)) - raft.server.rpc.request.timeout = 3000ms (default)
2019-08-24 22:45:15,169 [main] INFO  server.RaftServerConfigKeys (ConfUtils.java:logGet(43)) - raft.server.storage.dir = [/workdir/hadoop-ozone/integration-test/target/test-dir/MiniOzoneClusterImpl-614c102a-29d9-417a-b8c5-0217b2e5181d/datanode-4/data/ratis] (custom)
2019-08-24 22:45:15,169 [main] INFO  replication.SimpleContainerDownloader (SimpleContainerDownloader.java:<init>(72)) - Starting container downloader service to copy containers to replicate.
2019-08-24 22:45:15,171 [main] INFO  hdfs.DFSUtil (DFSUtil.java:httpServerTemplateForNNAndJN(1641)) - Starting Web-server for hddsDatanode at: http://0.0.0.0:0
2019-08-24 22:45:15,173 [main] INFO  server.AuthenticationFilter (AuthenticationFilter.java:constructSecretProvider(240)) - Unable to initialize FileSignerSecretProvider, falling back to use random secrets.
2019-08-24 22:45:15,173 [main] WARN  http.HttpRequestLog (HttpRequestLog.java:getRequestLog(97)) - Jetty request log can only be enabled using Log4j
2019-08-24 22:45:15,175 [main] INFO  http.HttpServer2 (HttpServer2.java:addGlobalFilter(975)) - Added global filter 'safety' (class=org.apache.hadoop.http.HttpServer2$QuotingInputFilter)
2019-08-24 22:45:15,176 [main] INFO  http.HttpServer2 (HttpServer2.java:addFilter(948)) - Added filter static_user_filter (class=org.apache.hadoop.http.lib.StaticUserWebFilter$StaticUserFilter) to context hddsDatanode
2019-08-24 22:45:15,176 [main] INFO  http.HttpServer2 (HttpServer2.java:addFilter(958)) - Added filter static_user_filter (class=org.apache.hadoop.http.lib.StaticUserWebFilter$StaticUserFilter) to context logs
2019-08-24 22:45:15,176 [main] INFO  http.HttpServer2 (HttpServer2.java:addFilter(958)) - Added filter static_user_filter (class=org.apache.hadoop.http.lib.StaticUserWebFilter$StaticUserFilter) to context static
2019-08-24 22:45:15,177 [main] INFO  http.HttpServer2 (HttpServer2.java:bindListener(1191)) - Jetty bound to port 33677
2019-08-24 22:45:15,177 [main] INFO  server.Server (Server.java:doStart(351)) - jetty-9.3.24.v20180605, build timestamp: 2018-06-05T17:11:56Z, git hash: 84205aa28f11a4f31f2a3b86d1bba2cc8ab69827
2019-08-24 22:45:15,179 [main] INFO  handler.ContextHandler (ContextHandler.java:doStart(781)) - Started o.e.j.s.ServletContextHandler@30f0b75{/logs,file:///workdir/hadoop-ozone/integration-test/target/log,AVAILABLE}
2019-08-24 22:45:15,180 [main] INFO  handler.ContextHandler (ContextHandler.java:doStart(781)) - Started o.e.j.s.ServletContextHandler@316987c4{/static,jar:file:/home/user/.m2/repository/org/apache/hadoop/hadoop-hdds-container-service/0.5.0-SNAPSHOT/hadoop-hdds-container-service-0.5.0-SNAPSHOT.jar!/webapps/static,AVAILABLE}
2019-08-24 22:45:15,220 [main] INFO  handler.ContextHandler (ContextHandler.java:doStart(781)) - Started o.e.j.w.WebAppContext@4540aade{/,file:///tmp/jetty-0.0.0.0-33677-hddsDatanode-_-any-5944703478460389777.dir/webapp/,AVAILABLE}{/hddsDatanode}
2019-08-24 22:45:15,220 [main] INFO  server.AbstractConnector (AbstractConnector.java:doStart(278)) - Started ServerConnector@697797e4{HTTP/1.1,[http/1.1]}{0.0.0.0:33677}
2019-08-24 22:45:15,220 [main] INFO  server.Server (Server.java:doStart(419)) - Started @596432ms
2019-08-24 22:45:15,222 [main] INFO  server.BaseHttpServer (BaseHttpServer.java:updateConnectorAddress(213)) - HTTP server of HDDSDATANODE is listening at http://0.0.0.0:33677
2019-08-24 22:45:15,347 | INFO  | ObjectStoreRestHttpServer | Listening HDDS REST traffic on /0.0.0.0:39282 |  
2019-08-24 22:45:15,347 [main] INFO  ozone.HddsDatanodeService (HddsDatanodeService.java:startPlugins(395)) - Started plug-in org.apache.hadoop.ozone.web.OzoneHddsDatanodeService@1203c259
2019-08-24 22:45:15,348 [main] INFO  impl.MetricsSystemImpl (MetricsSystemImpl.java:init(158)) - HddsDatanode metrics system started (again)
2019-08-24 22:45:15,351 [org.apache.hadoop.util.JvmPauseMonitor$Monitor@12ac011f] INFO  util.JvmPauseMonitor (JvmPauseMonitor.java:run(188)) - Starting JVM pause monitor
2019-08-24 22:45:15,352 [main] INFO  ozone.HddsDatanodeService (HddsDatanodeService.java:start(184)) - HddsDatanodeService host:pr-hdds-2030-j7d29-893466226 ip:192.168.34.50
2019-08-24 22:45:15,353 [Datanode State Machine Thread - 0] INFO  datanode.InitDatanodeState (InitDatanodeState.java:persistContainerDatanodeDetails(140)) - DatanodeDetails is persisted to /workdir/hadoop-ozone/integration-test/target/test-dir/MiniOzoneClusterImpl-614c102a-29d9-417a-b8c5-0217b2e5181d/datanode-4/meta/datanode.id
2019-08-24 22:45:15,363 [main] INFO  volume.HddsVolume (HddsVolume.java:<init>(176)) - Creating Volume: /workdir/hadoop-ozone/integration-test/target/test-dir/MiniOzoneClusterImpl-614c102a-29d9-417a-b8c5-0217b2e5181d/datanode-5/data/containers/hdds of  storage type : DISK and capacity : 1482555576320
2019-08-24 22:45:15,364 [main] INFO  volume.VolumeSet (VolumeSet.java:initializeVolumeSet(170)) - Added Volume : /workdir/hadoop-ozone/integration-test/target/test-dir/MiniOzoneClusterImpl-614c102a-29d9-417a-b8c5-0217b2e5181d/datanode-5/data/containers/hdds to VolumeSet
2019-08-24 22:45:15,364 [main] INFO  volume.ThrottledAsyncChecker (ThrottledAsyncChecker.java:schedule(140)) - Scheduling a check for org.apache.hadoop.ozone.container.common.volume.HddsVolume@22912968
2019-08-24 22:45:15,364 [main] INFO  volume.HddsVolumeChecker (HddsVolumeChecker.java:checkAllVolumes(203)) - Scheduled health check for volume org.apache.hadoop.ozone.container.common.volume.HddsVolume@22912968
2019-08-24 22:45:15,380 [main] INFO  impl.RaftServerProxy (ConfUtils.java:logGet(43)) - raft.rpc.type = GRPC (default)
2019-08-24 22:45:15,380 [main] INFO  grpc.GrpcFactory (GrpcFactory.java:checkPooledByteBufAllocatorUseCacheForAllThreads(45)) - PERFORMANCE WARNING: useCacheForAllThreads is true that may cause Netty to create a lot garbage objects and, as a result, trigger GC.
	It is recommended to disable useCacheForAllThreads by setting -Dorg.apache.ratis.thirdparty.io.netty.allocator.useCacheForAllThreads=false in command line.
2019-08-24 22:45:15,381 [main] INFO  grpc.GrpcConfigKeys$Server (ConfUtils.java:logGet(43)) - raft.grpc.server.port = 0 (default)
2019-08-24 22:45:15,381 [main] INFO  server.GrpcService (ConfUtils.java:logGet(43)) - raft.grpc.message.size.max = 33570816 (custom)
2019-08-24 22:45:15,381 [main] INFO  server.RaftServerConfigKeys (ConfUtils.java:logGet(43)) - raft.server.log.appender.buffer.byte-limit = 33554432 (custom)
2019-08-24 22:45:15,381 [main] INFO  server.GrpcService (ConfUtils.java:logGet(43)) - raft.grpc.flow.control.window = 1MB (=1048576) (default)
2019-08-24 22:45:15,381 [main] INFO  server.RaftServerConfigKeys (ConfUtils.java:logGet(43)) - raft.server.rpc.request.timeout = 3000ms (default)
2019-08-24 22:45:15,382 [main] INFO  server.RaftServerConfigKeys (ConfUtils.java:logGet(43)) - raft.server.storage.dir = [/workdir/hadoop-ozone/integration-test/target/test-dir/MiniOzoneClusterImpl-614c102a-29d9-417a-b8c5-0217b2e5181d/datanode-5/data/ratis] (custom)
2019-08-24 22:45:15,382 [main] INFO  replication.SimpleContainerDownloader (SimpleContainerDownloader.java:<init>(72)) - Starting container downloader service to copy containers to replicate.
2019-08-24 22:45:15,383 [main] INFO  hdfs.DFSUtil (DFSUtil.java:httpServerTemplateForNNAndJN(1641)) - Starting Web-server for hddsDatanode at: http://0.0.0.0:0
2019-08-24 22:45:15,384 [main] INFO  server.AuthenticationFilter (AuthenticationFilter.java:constructSecretProvider(240)) - Unable to initialize FileSignerSecretProvider, falling back to use random secrets.
2019-08-24 22:45:15,385 [main] WARN  http.HttpRequestLog (HttpRequestLog.java:getRequestLog(97)) - Jetty request log can only be enabled using Log4j
2019-08-24 22:45:15,386 [main] INFO  http.HttpServer2 (HttpServer2.java:addGlobalFilter(975)) - Added global filter 'safety' (class=org.apache.hadoop.http.HttpServer2$QuotingInputFilter)
2019-08-24 22:45:15,386 [main] INFO  http.HttpServer2 (HttpServer2.java:addFilter(948)) - Added filter static_user_filter (class=org.apache.hadoop.http.lib.StaticUserWebFilter$StaticUserFilter) to context hddsDatanode
2019-08-24 22:45:15,387 [main] INFO  http.HttpServer2 (HttpServer2.java:addFilter(958)) - Added filter static_user_filter (class=org.apache.hadoop.http.lib.StaticUserWebFilter$StaticUserFilter) to context static
2019-08-24 22:45:15,387 [main] INFO  http.HttpServer2 (HttpServer2.java:addFilter(958)) - Added filter static_user_filter (class=org.apache.hadoop.http.lib.StaticUserWebFilter$StaticUserFilter) to context logs
2019-08-24 22:45:15,387 [main] INFO  http.HttpServer2 (HttpServer2.java:bindListener(1191)) - Jetty bound to port 45363
2019-08-24 22:45:15,387 [main] INFO  server.Server (Server.java:doStart(351)) - jetty-9.3.24.v20180605, build timestamp: 2018-06-05T17:11:56Z, git hash: 84205aa28f11a4f31f2a3b86d1bba2cc8ab69827
2019-08-24 22:45:15,389 [main] INFO  handler.ContextHandler (ContextHandler.java:doStart(781)) - Started o.e.j.s.ServletContextHandler@58885a2e{/logs,file:///workdir/hadoop-ozone/integration-test/target/log,AVAILABLE}
2019-08-24 22:45:15,389 [main] INFO  handler.ContextHandler (ContextHandler.java:doStart(781)) - Started o.e.j.s.ServletContextHandler@72e806{/static,jar:file:/home/user/.m2/repository/org/apache/hadoop/hadoop-hdds-container-service/0.5.0-SNAPSHOT/hadoop-hdds-container-service-0.5.0-SNAPSHOT.jar!/webapps/static,AVAILABLE}
2019-08-24 22:45:15,420 [main] INFO  handler.ContextHandler (ContextHandler.java:doStart(781)) - Started o.e.j.w.WebAppContext@21f48f6c{/,file:///tmp/jetty-0.0.0.0-45363-hddsDatanode-_-any-4821380655052001345.dir/webapp/,AVAILABLE}{/hddsDatanode}
2019-08-24 22:45:15,420 [main] INFO  server.AbstractConnector (AbstractConnector.java:doStart(278)) - Started ServerConnector@16745ba7{HTTP/1.1,[http/1.1]}{0.0.0.0:45363}
2019-08-24 22:45:15,420 [main] INFO  server.Server (Server.java:doStart(419)) - Started @596632ms
2019-08-24 22:45:15,423 [main] INFO  server.BaseHttpServer (BaseHttpServer.java:updateConnectorAddress(213)) - HTTP server of HDDSDATANODE is listening at http://0.0.0.0:45363
2019-08-24 22:45:15,541 | INFO  | ObjectStoreRestHttpServer | Listening HDDS REST traffic on /0.0.0.0:41931 |  
2019-08-24 22:45:15,541 [main] INFO  ozone.HddsDatanodeService (HddsDatanodeService.java:startPlugins(395)) - Started plug-in org.apache.hadoop.ozone.web.OzoneHddsDatanodeService@5d6d6533
2019-08-24 22:45:15,541 [main] INFO  impl.MetricsSystemImpl (MetricsSystemImpl.java:init(158)) - HddsDatanode metrics system started (again)
2019-08-24 22:45:15,545 [org.apache.hadoop.util.JvmPauseMonitor$Monitor@43ed3fac] INFO  util.JvmPauseMonitor (JvmPauseMonitor.java:run(188)) - Starting JVM pause monitor
2019-08-24 22:45:15,545 [main] INFO  ozone.HddsDatanodeService (HddsDatanodeService.java:start(184)) - HddsDatanodeService host:pr-hdds-2030-j7d29-893466226 ip:192.168.34.50
2019-08-24 22:45:15,547 [Datanode State Machine Thread - 0] INFO  datanode.InitDatanodeState (InitDatanodeState.java:persistContainerDatanodeDetails(140)) - DatanodeDetails is persisted to /workdir/hadoop-ozone/integration-test/target/test-dir/MiniOzoneClusterImpl-614c102a-29d9-417a-b8c5-0217b2e5181d/datanode-5/meta/datanode.id
2019-08-24 22:45:15,556 [main] INFO  volume.HddsVolume (HddsVolume.java:<init>(176)) - Creating Volume: /workdir/hadoop-ozone/integration-test/target/test-dir/MiniOzoneClusterImpl-614c102a-29d9-417a-b8c5-0217b2e5181d/datanode-6/data/containers/hdds of  storage type : DISK and capacity : 1482555576320
2019-08-24 22:45:15,557 [main] INFO  volume.VolumeSet (VolumeSet.java:initializeVolumeSet(170)) - Added Volume : /workdir/hadoop-ozone/integration-test/target/test-dir/MiniOzoneClusterImpl-614c102a-29d9-417a-b8c5-0217b2e5181d/datanode-6/data/containers/hdds to VolumeSet
2019-08-24 22:45:15,557 [main] INFO  volume.ThrottledAsyncChecker (ThrottledAsyncChecker.java:schedule(140)) - Scheduling a check for org.apache.hadoop.ozone.container.common.volume.HddsVolume@407956a5
2019-08-24 22:45:15,557 [main] INFO  volume.HddsVolumeChecker (HddsVolumeChecker.java:checkAllVolumes(203)) - Scheduled health check for volume org.apache.hadoop.ozone.container.common.volume.HddsVolume@407956a5
2019-08-24 22:45:15,576 [main] INFO  impl.RaftServerProxy (ConfUtils.java:logGet(43)) - raft.rpc.type = GRPC (default)
2019-08-24 22:45:15,577 [main] INFO  grpc.GrpcFactory (GrpcFactory.java:checkPooledByteBufAllocatorUseCacheForAllThreads(45)) - PERFORMANCE WARNING: useCacheForAllThreads is true that may cause Netty to create a lot garbage objects and, as a result, trigger GC.
	It is recommended to disable useCacheForAllThreads by setting -Dorg.apache.ratis.thirdparty.io.netty.allocator.useCacheForAllThreads=false in command line.
2019-08-24 22:45:15,577 [main] INFO  grpc.GrpcConfigKeys$Server (ConfUtils.java:logGet(43)) - raft.grpc.server.port = 0 (default)
2019-08-24 22:45:15,577 [main] INFO  server.GrpcService (ConfUtils.java:logGet(43)) - raft.grpc.message.size.max = 33570816 (custom)
2019-08-24 22:45:15,577 [main] INFO  server.RaftServerConfigKeys (ConfUtils.java:logGet(43)) - raft.server.log.appender.buffer.byte-limit = 33554432 (custom)
2019-08-24 22:45:15,577 [main] INFO  server.GrpcService (ConfUtils.java:logGet(43)) - raft.grpc.flow.control.window = 1MB (=1048576) (default)
2019-08-24 22:45:15,578 [main] INFO  server.RaftServerConfigKeys (ConfUtils.java:logGet(43)) - raft.server.rpc.request.timeout = 3000ms (default)
2019-08-24 22:45:15,578 [main] INFO  server.RaftServerConfigKeys (ConfUtils.java:logGet(43)) - raft.server.storage.dir = [/workdir/hadoop-ozone/integration-test/target/test-dir/MiniOzoneClusterImpl-614c102a-29d9-417a-b8c5-0217b2e5181d/datanode-6/data/ratis] (custom)
2019-08-24 22:45:15,578 [main] INFO  replication.SimpleContainerDownloader (SimpleContainerDownloader.java:<init>(72)) - Starting container downloader service to copy containers to replicate.
2019-08-24 22:45:15,579 [main] INFO  hdfs.DFSUtil (DFSUtil.java:httpServerTemplateForNNAndJN(1641)) - Starting Web-server for hddsDatanode at: http://0.0.0.0:0
2019-08-24 22:45:15,580 [main] INFO  server.AuthenticationFilter (AuthenticationFilter.java:constructSecretProvider(240)) - Unable to initialize FileSignerSecretProvider, falling back to use random secrets.
2019-08-24 22:45:15,581 [main] WARN  http.HttpRequestLog (HttpRequestLog.java:getRequestLog(97)) - Jetty request log can only be enabled using Log4j
2019-08-24 22:45:15,582 [main] INFO  http.HttpServer2 (HttpServer2.java:addGlobalFilter(975)) - Added global filter 'safety' (class=org.apache.hadoop.http.HttpServer2$QuotingInputFilter)
2019-08-24 22:45:15,583 [main] INFO  http.HttpServer2 (HttpServer2.java:addFilter(948)) - Added filter static_user_filter (class=org.apache.hadoop.http.lib.StaticUserWebFilter$StaticUserFilter) to context hddsDatanode
2019-08-24 22:45:15,583 [main] INFO  http.HttpServer2 (HttpServer2.java:addFilter(958)) - Added filter static_user_filter (class=org.apache.hadoop.http.lib.StaticUserWebFilter$StaticUserFilter) to context static
2019-08-24 22:45:15,583 [main] INFO  http.HttpServer2 (HttpServer2.java:addFilter(958)) - Added filter static_user_filter (class=org.apache.hadoop.http.lib.StaticUserWebFilter$StaticUserFilter) to context logs
2019-08-24 22:45:15,584 [main] INFO  http.HttpServer2 (HttpServer2.java:bindListener(1191)) - Jetty bound to port 40733
2019-08-24 22:45:15,584 [main] INFO  server.Server (Server.java:doStart(351)) - jetty-9.3.24.v20180605, build timestamp: 2018-06-05T17:11:56Z, git hash: 84205aa28f11a4f31f2a3b86d1bba2cc8ab69827
2019-08-24 22:45:15,585 [main] INFO  handler.ContextHandler (ContextHandler.java:doStart(781)) - Started o.e.j.s.ServletContextHandler@67954d71{/logs,file:///workdir/hadoop-ozone/integration-test/target/log,AVAILABLE}
2019-08-24 22:45:15,586 [main] INFO  handler.ContextHandler (ContextHandler.java:doStart(781)) - Started o.e.j.s.ServletContextHandler@6e774194{/static,jar:file:/home/user/.m2/repository/org/apache/hadoop/hadoop-hdds-container-service/0.5.0-SNAPSHOT/hadoop-hdds-container-service-0.5.0-SNAPSHOT.jar!/webapps/static,AVAILABLE}
2019-08-24 22:45:15,613 [main] INFO  handler.ContextHandler (ContextHandler.java:doStart(781)) - Started o.e.j.w.WebAppContext@182ce25e{/,file:///tmp/jetty-0.0.0.0-40733-hddsDatanode-_-any-1383639331603295332.dir/webapp/,AVAILABLE}{/hddsDatanode}
2019-08-24 22:45:15,613 [main] INFO  server.AbstractConnector (AbstractConnector.java:doStart(278)) - Started ServerConnector@32d11a5c{HTTP/1.1,[http/1.1]}{0.0.0.0:40733}
2019-08-24 22:45:15,617 [main] INFO  server.Server (Server.java:doStart(419)) - Started @596825ms
2019-08-24 22:45:15,618 [main] INFO  server.BaseHttpServer (BaseHttpServer.java:updateConnectorAddress(213)) - HTTP server of HDDSDATANODE is listening at http://0.0.0.0:40733
2019-08-24 22:45:15,739 | INFO  | ObjectStoreRestHttpServer | Listening HDDS REST traffic on /0.0.0.0:46326 |  
2019-08-24 22:45:15,739 [main] INFO  ozone.HddsDatanodeService (HddsDatanodeService.java:startPlugins(395)) - Started plug-in org.apache.hadoop.ozone.web.OzoneHddsDatanodeService@651e3cc9
2019-08-24 22:45:15,740 [main] INFO  ozone.MiniOzoneClusterImpl (MiniOzoneClusterImpl.java:lambda$waitForClusterToBeReady$0(142)) - Waiting for cluster to be ready. Got 0 of 7 DN Heartbeats.
2019-08-24 22:45:15,741 [org.apache.hadoop.util.JvmPauseMonitor$Monitor@153a6a79] INFO  util.JvmPauseMonitor (JvmPauseMonitor.java:run(188)) - Starting JVM pause monitor
2019-08-24 22:45:15,743 [Datanode State Machine Thread - 0] INFO  datanode.InitDatanodeState (InitDatanodeState.java:persistContainerDatanodeDetails(140)) - DatanodeDetails is persisted to /workdir/hadoop-ozone/integration-test/target/test-dir/MiniOzoneClusterImpl-614c102a-29d9-417a-b8c5-0217b2e5181d/datanode-6/meta/datanode.id
2019-08-24 22:45:16,258 | INFO  | SCMAudit | user=jenkins1000 | ip=192.168.34.50 | op=GET_VERSION null | ret=SUCCESS |  
2019-08-24 22:45:16,275 [Datanode State Machine Thread - 0] INFO  ozoneimpl.OzoneContainer (OzoneContainer.java:start(186)) - Attempting to start container services.
2019-08-24 22:45:16,275 [Datanode State Machine Thread - 0] INFO  ozoneimpl.OzoneContainer (OzoneContainer.java:startContainerScrub(160)) - Background container scrubber has been disabled by hdds.containerscrub.enabled
2019-08-24 22:45:16,275 [Datanode State Machine Thread - 0] INFO  ratis.XceiverServerRatis (XceiverServerRatis.java:start(404)) - Starting XceiverServerRatis cba94083-6c60-4013-a5f5-8dfc358213cd at port 0
2019-08-24 22:45:16,283 [Datanode State Machine Thread - 0] INFO  impl.RaftServerProxy (RaftServerProxy.java:lambda$start$3(299)) - cba94083-6c60-4013-a5f5-8dfc358213cd: start RPC server
2019-08-24 22:45:16,291 [Datanode State Machine Thread - 0] INFO  server.GrpcService (GrpcService.java:startImpl(149)) - cba94083-6c60-4013-a5f5-8dfc358213cd: GrpcService started, listening on 0.0.0.0/0.0.0.0:43278
2019-08-24 22:45:16,291 [Datanode State Machine Thread - 0] INFO  ratis.XceiverServerRatis (XceiverServerRatis.java:start(414)) - XceiverServerRatis cba94083-6c60-4013-a5f5-8dfc358213cd is started using port 43278
2019-08-24 22:45:16,292 [Datanode State Machine Thread - 0] INFO  server.XceiverServerGrpc (XceiverServerGrpc.java:start(161)) - XceiverServerGrpc cba94083-6c60-4013-a5f5-8dfc358213cd is started using port 46719
2019-08-24 22:45:16,604 | INFO  | SCMAudit | user=jenkins1000 | ip=192.168.34.50 | op=GET_VERSION null | ret=SUCCESS |  
2019-08-24 22:45:16,618 [Datanode State Machine Thread - 0] INFO  ozoneimpl.OzoneContainer (OzoneContainer.java:start(186)) - Attempting to start container services.
2019-08-24 22:45:16,619 [Datanode State Machine Thread - 0] INFO  ozoneimpl.OzoneContainer (OzoneContainer.java:startContainerScrub(160)) - Background container scrubber has been disabled by hdds.containerscrub.enabled
2019-08-24 22:45:16,619 [Datanode State Machine Thread - 0] INFO  ratis.XceiverServerRatis (XceiverServerRatis.java:start(404)) - Starting XceiverServerRatis fef8ab6f-fb3f-4c85-8a3f-3f5378cc0e9d at port 0
2019-08-24 22:45:16,626 [Datanode State Machine Thread - 0] INFO  impl.RaftServerProxy (RaftServerProxy.java:lambda$start$3(299)) - fef8ab6f-fb3f-4c85-8a3f-3f5378cc0e9d: start RPC server
2019-08-24 22:45:16,627 [Datanode State Machine Thread - 0] INFO  server.GrpcService (GrpcService.java:startImpl(149)) - fef8ab6f-fb3f-4c85-8a3f-3f5378cc0e9d: GrpcService started, listening on 0.0.0.0/0.0.0.0:41380
2019-08-24 22:45:16,627 [Datanode State Machine Thread - 0] INFO  ratis.XceiverServerRatis (XceiverServerRatis.java:start(414)) - XceiverServerRatis fef8ab6f-fb3f-4c85-8a3f-3f5378cc0e9d is started using port 41380
2019-08-24 22:45:16,628 [Datanode State Machine Thread - 0] INFO  server.XceiverServerGrpc (XceiverServerGrpc.java:start(161)) - XceiverServerGrpc fef8ab6f-fb3f-4c85-8a3f-3f5378cc0e9d is started using port 45344
2019-08-24 22:45:16,740 [main] INFO  ozone.MiniOzoneClusterImpl (MiniOzoneClusterImpl.java:lambda$waitForClusterToBeReady$0(142)) - Waiting for cluster to be ready. Got 0 of 7 DN Heartbeats.
2019-08-24 22:45:16,900 | INFO  | SCMAudit | user=jenkins1000 | ip=192.168.34.50 | op=GET_VERSION null | ret=SUCCESS |  
2019-08-24 22:45:16,916 [Datanode State Machine Thread - 0] INFO  ozoneimpl.OzoneContainer (OzoneContainer.java:start(186)) - Attempting to start container services.
2019-08-24 22:45:16,916 [Datanode State Machine Thread - 0] INFO  ozoneimpl.OzoneContainer (OzoneContainer.java:startContainerScrub(160)) - Background container scrubber has been disabled by hdds.containerscrub.enabled
2019-08-24 22:45:16,916 [Datanode State Machine Thread - 0] INFO  ratis.XceiverServerRatis (XceiverServerRatis.java:start(404)) - Starting XceiverServerRatis 64266e81-f89e-4b53-ab01-a599594e3ea3 at port 0
2019-08-24 22:45:16,925 [Datanode State Machine Thread - 0] INFO  impl.RaftServerProxy (RaftServerProxy.java:lambda$start$3(299)) - 64266e81-f89e-4b53-ab01-a599594e3ea3: start RPC server
2019-08-24 22:45:16,930 [Datanode State Machine Thread - 0] INFO  server.GrpcService (GrpcService.java:startImpl(149)) - 64266e81-f89e-4b53-ab01-a599594e3ea3: GrpcService started, listening on 0.0.0.0/0.0.0.0:44853
2019-08-24 22:45:16,930 [Datanode State Machine Thread - 0] INFO  ratis.XceiverServerRatis (XceiverServerRatis.java:start(414)) - XceiverServerRatis 64266e81-f89e-4b53-ab01-a599594e3ea3 is started using port 44853
2019-08-24 22:45:16,931 [Datanode State Machine Thread - 0] INFO  server.XceiverServerGrpc (XceiverServerGrpc.java:start(161)) - XceiverServerGrpc 64266e81-f89e-4b53-ab01-a599594e3ea3 is started using port 38334
2019-08-24 22:45:17,138 | INFO  | SCMAudit | user=jenkins1000 | ip=192.168.34.50 | op=GET_VERSION null | ret=SUCCESS |  
2019-08-24 22:45:17,152 [Datanode State Machine Thread - 0] INFO  ozoneimpl.OzoneContainer (OzoneContainer.java:start(186)) - Attempting to start container services.
2019-08-24 22:45:17,152 [Datanode State Machine Thread - 0] INFO  ozoneimpl.OzoneContainer (OzoneContainer.java:startContainerScrub(160)) - Background container scrubber has been disabled by hdds.containerscrub.enabled
2019-08-24 22:45:17,152 [Datanode State Machine Thread - 0] INFO  ratis.XceiverServerRatis (XceiverServerRatis.java:start(404)) - Starting XceiverServerRatis 76d0d5d6-c2d6-4b53-8535-d18625577ddc at port 0
2019-08-24 22:45:17,159 [Datanode State Machine Thread - 0] INFO  impl.RaftServerProxy (RaftServerProxy.java:lambda$start$3(299)) - 76d0d5d6-c2d6-4b53-8535-d18625577ddc: start RPC server
2019-08-24 22:45:17,162 [Datanode State Machine Thread - 0] INFO  server.GrpcService (GrpcService.java:startImpl(149)) - 76d0d5d6-c2d6-4b53-8535-d18625577ddc: GrpcService started, listening on 0.0.0.0/0.0.0.0:38406
2019-08-24 22:45:17,163 [Datanode State Machine Thread - 0] INFO  ratis.XceiverServerRatis (XceiverServerRatis.java:start(414)) - XceiverServerRatis 76d0d5d6-c2d6-4b53-8535-d18625577ddc is started using port 38406
2019-08-24 22:45:17,163 [Datanode State Machine Thread - 0] INFO  server.XceiverServerGrpc (XceiverServerGrpc.java:start(161)) - XceiverServerGrpc 76d0d5d6-c2d6-4b53-8535-d18625577ddc is started using port 40111
2019-08-24 22:45:17,352 | INFO  | SCMAudit | user=jenkins1000 | ip=192.168.34.50 | op=GET_VERSION null | ret=SUCCESS |  
2019-08-24 22:45:17,366 [Datanode State Machine Thread - 0] INFO  ozoneimpl.OzoneContainer (OzoneContainer.java:start(186)) - Attempting to start container services.
2019-08-24 22:45:17,367 [Datanode State Machine Thread - 0] INFO  ozoneimpl.OzoneContainer (OzoneContainer.java:startContainerScrub(160)) - Background container scrubber has been disabled by hdds.containerscrub.enabled
2019-08-24 22:45:17,367 [Datanode State Machine Thread - 0] INFO  ratis.XceiverServerRatis (XceiverServerRatis.java:start(404)) - Starting XceiverServerRatis f7849cca-8227-4286-beaa-44e6969b61f8 at port 0
2019-08-24 22:45:17,374 [Datanode State Machine Thread - 0] INFO  impl.RaftServerProxy (RaftServerProxy.java:lambda$start$3(299)) - f7849cca-8227-4286-beaa-44e6969b61f8: start RPC server
2019-08-24 22:45:17,378 [Datanode State Machine Thread - 0] INFO  server.GrpcService (GrpcService.java:startImpl(149)) - f7849cca-8227-4286-beaa-44e6969b61f8: GrpcService started, listening on 0.0.0.0/0.0.0.0:44923
2019-08-24 22:45:17,379 [Datanode State Machine Thread - 0] INFO  ratis.XceiverServerRatis (XceiverServerRatis.java:start(414)) - XceiverServerRatis f7849cca-8227-4286-beaa-44e6969b61f8 is started using port 44923
2019-08-24 22:45:17,381 [Datanode State Machine Thread - 0] INFO  server.XceiverServerGrpc (XceiverServerGrpc.java:start(161)) - XceiverServerGrpc f7849cca-8227-4286-beaa-44e6969b61f8 is started using port 35707
2019-08-24 22:45:17,546 | INFO  | SCMAudit | user=jenkins1000 | ip=192.168.34.50 | op=GET_VERSION null | ret=SUCCESS |  
2019-08-24 22:45:17,568 [Datanode State Machine Thread - 0] INFO  ozoneimpl.OzoneContainer (OzoneContainer.java:start(186)) - Attempting to start container services.
2019-08-24 22:45:17,568 [Datanode State Machine Thread - 0] INFO  ozoneimpl.OzoneContainer (OzoneContainer.java:startContainerScrub(160)) - Background container scrubber has been disabled by hdds.containerscrub.enabled
2019-08-24 22:45:17,568 [Datanode State Machine Thread - 0] INFO  ratis.XceiverServerRatis (XceiverServerRatis.java:start(404)) - Starting XceiverServerRatis a1d0d6a6-7e3c-45f4-91cb-df460e9a90a2 at port 0
2019-08-24 22:45:17,576 [Datanode State Machine Thread - 0] INFO  impl.RaftServerProxy (RaftServerProxy.java:lambda$start$3(299)) - a1d0d6a6-7e3c-45f4-91cb-df460e9a90a2: start RPC server
2019-08-24 22:45:17,577 [Datanode State Machine Thread - 0] INFO  server.GrpcService (GrpcService.java:startImpl(149)) - a1d0d6a6-7e3c-45f4-91cb-df460e9a90a2: GrpcService started, listening on 0.0.0.0/0.0.0.0:40053
2019-08-24 22:45:17,577 [Datanode State Machine Thread - 0] INFO  ratis.XceiverServerRatis (XceiverServerRatis.java:start(414)) - XceiverServerRatis a1d0d6a6-7e3c-45f4-91cb-df460e9a90a2 is started using port 40053
2019-08-24 22:45:17,578 [Datanode State Machine Thread - 0] INFO  server.XceiverServerGrpc (XceiverServerGrpc.java:start(161)) - XceiverServerGrpc a1d0d6a6-7e3c-45f4-91cb-df460e9a90a2 is started using port 46567
2019-08-24 22:45:17,741 [main] INFO  ozone.MiniOzoneClusterImpl (MiniOzoneClusterImpl.java:lambda$waitForClusterToBeReady$0(142)) - Waiting for cluster to be ready. Got 0 of 7 DN Heartbeats.
2019-08-24 22:45:17,742 | INFO  | SCMAudit | user=jenkins1000 | ip=192.168.34.50 | op=GET_VERSION null | ret=SUCCESS |  
2019-08-24 22:45:17,755 [Datanode State Machine Thread - 0] INFO  ozoneimpl.OzoneContainer (OzoneContainer.java:start(186)) - Attempting to start container services.
2019-08-24 22:45:17,755 [Datanode State Machine Thread - 0] INFO  ozoneimpl.OzoneContainer (OzoneContainer.java:startContainerScrub(160)) - Background container scrubber has been disabled by hdds.containerscrub.enabled
2019-08-24 22:45:17,756 [Datanode State Machine Thread - 0] INFO  ratis.XceiverServerRatis (XceiverServerRatis.java:start(404)) - Starting XceiverServerRatis eef0b787-ef14-4aa5-bb81-b65459257627 at port 0
2019-08-24 22:45:17,763 [Datanode State Machine Thread - 0] INFO  impl.RaftServerProxy (RaftServerProxy.java:lambda$start$3(299)) - eef0b787-ef14-4aa5-bb81-b65459257627: start RPC server
2019-08-24 22:45:17,764 [Datanode State Machine Thread - 0] INFO  server.GrpcService (GrpcService.java:startImpl(149)) - eef0b787-ef14-4aa5-bb81-b65459257627: GrpcService started, listening on 0.0.0.0/0.0.0.0:45441
2019-08-24 22:45:17,764 [Datanode State Machine Thread - 0] INFO  ratis.XceiverServerRatis (XceiverServerRatis.java:start(414)) - XceiverServerRatis eef0b787-ef14-4aa5-bb81-b65459257627 is started using port 45441
2019-08-24 22:45:17,765 [Datanode State Machine Thread - 0] INFO  server.XceiverServerGrpc (XceiverServerGrpc.java:start(161)) - XceiverServerGrpc eef0b787-ef14-4aa5-bb81-b65459257627 is started using port 40980
2019-08-24 22:45:18,259 [IPC Server handler 16 on 44456] INFO  net.NetworkTopology (NetworkTopologyImpl.java:add(110)) - Added a new node: /default-rack/cba94083-6c60-4013-a5f5-8dfc358213cd
2019-08-24 22:45:18,262 [IPC Server handler 16 on 44456] INFO  node.SCMNodeManager (SCMNodeManager.java:register(273)) - Registered Data node : cba94083-6c60-4013-a5f5-8dfc358213cd{ip: 192.168.34.50, host: pr-hdds-2030-j7d29-893466226, networkLocation: /default-rack, certSerialId: null}
2019-08-24 22:45:18,263 [EventQueue-NodeRegistrationContainerReportForDataNodeSafeModeRule] INFO  safemode.SCMSafeModeManager (DataNodeSafeModeRule.java:process(71)) - SCM in safe mode. 1 DataNodes registered, 1 required.
2019-08-24 22:45:18,263 | INFO  | SCMAudit | user=jenkins1000 | ip=192.168.34.50 | op=REGISTER {datanodeDetails=cba94083-6c60-4013-a5f5-8dfc358213cd{ip: 192.168.34.50, host: pr-hdds-2030-j7d29-893466226, networkLocation: /default-rack, certSerialId: null}} | ret=SUCCESS |  
2019-08-24 22:45:18,265 [EventQueue-NodeRegistrationContainerReportForDataNodeSafeModeRule] INFO  safemode.SCMSafeModeManager (SCMSafeModeManager.java:validateSafeModeExitRules(177)) - ScmSafeModeManager, all rules are successfully validated
2019-08-24 22:45:18,266 [EventQueue-NodeRegistrationContainerReportForDataNodeSafeModeRule] INFO  safemode.SCMSafeModeManager (SCMSafeModeManager.java:exitSafeMode(193)) - SCM exiting safe mode.
2019-08-24 22:45:18,301 [grpc-default-executor-4] INFO  impl.RaftServerProxy (RaftServerProxy.java:addNew(89)) - cba94083-6c60-4013-a5f5-8dfc358213cd: addNew group-864193311AEE:[cba94083-6c60-4013-a5f5-8dfc358213cd:192.168.34.50:43278] returns group-864193311AEE:java.util.concurrent.CompletableFuture@372ee06c[Not completed]
2019-08-24 22:45:18,303 [pool-439-thread-1] INFO  impl.RaftServerImpl (RaftServerImpl.java:<init>(93)) - cba94083-6c60-4013-a5f5-8dfc358213cd: new RaftServerImpl for group-864193311AEE:[cba94083-6c60-4013-a5f5-8dfc358213cd:192.168.34.50:43278] with ContainerStateMachine:uninitialized
2019-08-24 22:45:18,303 [pool-439-thread-1] INFO  server.RaftServerConfigKeys (ConfUtils.java:logGet(43)) - raft.server.rpc.timeout.min = 5s (custom)
2019-08-24 22:45:18,303 [pool-439-thread-1] INFO  server.RaftServerConfigKeys (ConfUtils.java:logGet(43)) - raft.server.rpc.timeout.max = 5200ms (custom)
2019-08-24 22:45:18,303 [pool-439-thread-1] INFO  server.RaftServerConfigKeys (ConfUtils.java:logGet(43)) - raft.server.rpcslowness.timeout = 120s (custom)
2019-08-24 22:45:18,304 [pool-439-thread-1] INFO  server.RaftServerConfigKeys (ConfUtils.java:logGet(43)) - raft.server.sleep.deviation.threshold = 300 (default)
2019-08-24 22:45:18,304 [pool-439-thread-1] INFO  server.RaftServerConfigKeys (ConfUtils.java:logGet(43)) - raft.server.log.appender.install.snapshot.enabled = false (custom)
2019-08-24 22:45:18,304 [pool-439-thread-1] INFO  impl.RaftServerImpl (ServerState.java:<init>(105)) - cba94083-6c60-4013-a5f5-8dfc358213cd:group-864193311AEE ConfigurationManager, init=-1: [cba94083-6c60-4013-a5f5-8dfc358213cd:192.168.34.50:43278], old=null, confs=<EMPTY_MAP>
2019-08-24 22:45:18,304 [pool-439-thread-1] INFO  server.RaftServerConfigKeys (ConfUtils.java:logGet(43)) - raft.server.storage.dir = [/workdir/hadoop-ozone/integration-test/target/test-dir/MiniOzoneClusterImpl-614c102a-29d9-417a-b8c5-0217b2e5181d/datanode-0/data/ratis] (custom)
2019-08-24 22:45:18,305 [pool-439-thread-1] INFO  storage.RaftStorageDirectory (RaftStorageDirectory.java:analyzeStorage(246)) - The storage directory /workdir/hadoop-ozone/integration-test/target/test-dir/MiniOzoneClusterImpl-614c102a-29d9-417a-b8c5-0217b2e5181d/datanode-0/data/ratis/9920488c-06bc-483c-85b1-864193311aee does not exist. Creating ...
2019-08-24 22:45:18,318 [pool-439-thread-1] INFO  storage.RaftStorageDirectory (RaftStorageDirectory.java:tryLock(328)) - Lock on /workdir/hadoop-ozone/integration-test/target/test-dir/MiniOzoneClusterImpl-614c102a-29d9-417a-b8c5-0217b2e5181d/datanode-0/data/ratis/9920488c-06bc-483c-85b1-864193311aee/in_use.lock acquired by nodename 11715@pr-hdds-2030-j7d29-893466226
2019-08-24 22:45:18,331 [pool-439-thread-1] INFO  storage.RaftStorage (RaftStorage.java:format(72)) - Storage directory /workdir/hadoop-ozone/integration-test/target/test-dir/MiniOzoneClusterImpl-614c102a-29d9-417a-b8c5-0217b2e5181d/datanode-0/data/ratis/9920488c-06bc-483c-85b1-864193311aee has been successfully formatted.
2019-08-24 22:45:18,331 [pool-439-thread-1] INFO  ratis.ContainerStateMachine (ContainerStateMachine.java:loadSnapshot(226)) - group-864193311AEE: The snapshot info is null. Setting the last applied indexto:(t:0, i:~)
2019-08-24 22:45:18,331 [pool-439-thread-1] INFO  server.RaftServerConfigKeys (ConfUtils.java:logGet(43)) - raft.server.leader.election.timeout = 120s (custom)
2019-08-24 22:45:18,331 [pool-439-thread-1] INFO  server.RaftServerConfigKeys (ConfUtils.java:logGet(43)) - raft.server.log.use.memory = false (default)
2019-08-24 22:45:18,332 [pool-439-thread-1] INFO  server.RaftServerConfigKeys (ConfUtils.java:logGet(43)) - raft.server.log.purge.gap = 1000000 (custom)
2019-08-24 22:45:18,332 [pool-439-thread-1] INFO  server.RaftServerConfigKeys (ConfUtils.java:logGet(43)) - raft.server.log.appender.buffer.byte-limit = 33554432 (custom)
2019-08-24 22:45:18,332 [pool-439-thread-1] INFO  server.RaftServerConfigKeys (ConfUtils.java:logGet(43)) - raft.server.log.segment.size.max = 1048576 (custom)
2019-08-24 22:45:18,332 [pool-439-thread-1] INFO  server.RaftServerConfigKeys (ConfUtils.java:logGet(43)) - raft.server.log.segment.cache.num.max = 2 (custom)
2019-08-24 22:45:18,332 [pool-439-thread-1] INFO  segmented.SegmentedRaftLogWorker (SegmentedRaftLogWorker.java:<init>(172)) - new cba94083-6c60-4013-a5f5-8dfc358213cd-SegmentedRaftLogWorker:Storage Directory /workdir/hadoop-ozone/integration-test/target/test-dir/MiniOzoneClusterImpl-614c102a-29d9-417a-b8c5-0217b2e5181d/datanode-0/data/ratis/9920488c-06bc-483c-85b1-864193311aee for RaftStorage:Storage Directory /workdir/hadoop-ozone/integration-test/target/test-dir/MiniOzoneClusterImpl-614c102a-29d9-417a-b8c5-0217b2e5181d/datanode-0/data/ratis/9920488c-06bc-483c-85b1-864193311aee
2019-08-24 22:45:18,333 [pool-439-thread-1] INFO  server.RaftServerConfigKeys (ConfUtils.java:logGet(43)) - raft.server.log.queue.byte-limit = 2147483647 (custom)
2019-08-24 22:45:18,333 [pool-439-thread-1] INFO  server.RaftServerConfigKeys (ConfUtils.java:logGet(43)) - raft.server.log.queue.element-limit = 1024 (custom)
2019-08-24 22:45:18,333 [pool-439-thread-1] INFO  server.RaftServerConfigKeys (ConfUtils.java:logGet(43)) - raft.server.log.segment.size.max = 1048576 (custom)
2019-08-24 22:45:18,333 [pool-439-thread-1] INFO  server.RaftServerConfigKeys (ConfUtils.java:logGet(43)) - raft.server.log.preallocated.size = 16384 (custom)
2019-08-24 22:45:18,334 [pool-439-thread-1] INFO  server.RaftServerConfigKeys (ConfUtils.java:logGet(43)) - raft.server.log.write.buffer.size = 33554432 (custom)
2019-08-24 22:45:18,334 [pool-439-thread-1] INFO  server.RaftServerConfigKeys (ConfUtils.java:logGet(43)) - raft.server.log.force.sync.num = 128 (default)
2019-08-24 22:45:18,334 [pool-439-thread-1] INFO  server.RaftServerConfigKeys (ConfUtils.java:logGet(43)) - raft.server.log.statemachine.data.sync = true (default)
2019-08-24 22:45:18,334 [pool-439-thread-1] INFO  server.RaftServerConfigKeys (ConfUtils.java:logGet(43)) - raft.server.log.statemachine.data.sync.timeout = 10s (default)
2019-08-24 22:45:18,334 [pool-439-thread-1] INFO  server.RaftServerConfigKeys (ConfUtils.java:logGet(43)) - raft.server.log.statemachine.data.sync.timeout.retry = -1 (default)
2019-08-24 22:45:18,335 [pool-439-thread-1] INFO  server.RaftServerConfigKeys (ConfUtils.java:logGet(43)) - raft.server.log.statemachine.data.caching.enabled = true (custom)
2019-08-24 22:45:18,335 [pool-439-thread-1] INFO  segmented.SegmentedRaftLogWorker (SegmentedRaftLogWorker.java:lambda$new$0(132)) - cba94083-6c60-4013-a5f5-8dfc358213cd-SegmentedRaftLogWorker:Storage Directory /workdir/hadoop-ozone/integration-test/target/test-dir/MiniOzoneClusterImpl-614c102a-29d9-417a-b8c5-0217b2e5181d/datanode-0/data/ratis/9920488c-06bc-483c-85b1-864193311aee: flushIndex: setUnconditionally 0 -> -1
2019-08-24 22:45:18,336 [pool-439-thread-1] INFO  server.RaftServerConfigKeys (ConfUtils.java:logGet(43)) - raft.server.snapshot.auto.trigger.enabled = true (custom)
2019-08-24 22:45:18,336 [pool-439-thread-1] INFO  server.RaftServerConfigKeys (ConfUtils.java:logGet(43)) - raft.server.snapshot.auto.trigger.threshold = 10000 (custom)
2019-08-24 22:45:18,336 [pool-439-thread-1] INFO  server.RaftServerConfigKeys (ConfUtils.java:logGet(43)) - raft.server.retrycache.expirytime = 600000ms (custom)
2019-08-24 22:45:18,336 [pool-439-thread-1] INFO  impl.RaftServerImpl (RaftServerImpl.java:start(180)) - cba94083-6c60-4013-a5f5-8dfc358213cd: start group-864193311AEE
2019-08-24 22:45:18,336 [pool-439-thread-1] INFO  impl.RaftServerImpl (RaftServerImpl.java:setRole(171)) - cba94083-6c60-4013-a5f5-8dfc358213cd:group-864193311AEE changes role from null to FOLLOWER at term 0 for startAsFollower
2019-08-24 22:45:18,337 [pool-439-thread-1] INFO  impl.RoleInfo (RoleInfo.java:updateAndGet(143)) - cba94083-6c60-4013-a5f5-8dfc358213cd: start FollowerState
2019-08-24 22:45:18,338 [pool-439-thread-1] INFO  util.JmxRegister (JmxRegister.java:tryRegister(44)) - Successfully registered JMX Bean with object name Ratis:service=RaftServer,group=group-864193311AEE,id=cba94083-6c60-4013-a5f5-8dfc358213cd
2019-08-24 22:45:18,345 [RatisPipelineUtilsThread] INFO  pipeline.PipelineStateManager (PipelineStateManager.java:addPipeline(56)) - Created pipeline Pipeline[ Id: 9920488c-06bc-483c-85b1-864193311aee, Nodes: cba94083-6c60-4013-a5f5-8dfc358213cd{ip: 192.168.34.50, host: pr-hdds-2030-j7d29-893466226, networkLocation: /default-rack, certSerialId: null}, Type:RATIS, Factor:ONE, State:OPEN]
2019-08-24 22:45:18,605 [IPC Server handler 17 on 44456] INFO  net.NetworkTopology (NetworkTopologyImpl.java:add(110)) - Added a new node: /default-rack/fef8ab6f-fb3f-4c85-8a3f-3f5378cc0e9d
2019-08-24 22:45:18,606 [IPC Server handler 17 on 44456] INFO  node.SCMNodeManager (SCMNodeManager.java:register(273)) - Registered Data node : fef8ab6f-fb3f-4c85-8a3f-3f5378cc0e9d{ip: 192.168.34.50, host: pr-hdds-2030-j7d29-893466226, networkLocation: /default-rack, certSerialId: null}
2019-08-24 22:45:18,606 | INFO  | SCMAudit | user=jenkins1000 | ip=192.168.34.50 | op=REGISTER {datanodeDetails=fef8ab6f-fb3f-4c85-8a3f-3f5378cc0e9d{ip: 192.168.34.50, host: pr-hdds-2030-j7d29-893466226, networkLocation: /default-rack, certSerialId: null}} | ret=SUCCESS |  
2019-08-24 22:45:18,616 [grpc-default-executor-4] INFO  impl.RaftServerProxy (RaftServerProxy.java:addNew(89)) - fef8ab6f-fb3f-4c85-8a3f-3f5378cc0e9d: addNew group-114184AC07AC:[fef8ab6f-fb3f-4c85-8a3f-3f5378cc0e9d:192.168.34.50:41380] returns group-114184AC07AC:java.util.concurrent.CompletableFuture@7eaa8ed7[Not completed]
2019-08-24 22:45:18,617 [pool-450-thread-1] INFO  impl.RaftServerImpl (RaftServerImpl.java:<init>(93)) - fef8ab6f-fb3f-4c85-8a3f-3f5378cc0e9d: new RaftServerImpl for group-114184AC07AC:[fef8ab6f-fb3f-4c85-8a3f-3f5378cc0e9d:192.168.34.50:41380] with ContainerStateMachine:uninitialized
2019-08-24 22:45:18,618 [pool-450-thread-1] INFO  server.RaftServerConfigKeys (ConfUtils.java:logGet(43)) - raft.server.rpc.timeout.min = 5s (custom)
2019-08-24 22:45:18,618 [pool-450-thread-1] INFO  server.RaftServerConfigKeys (ConfUtils.java:logGet(43)) - raft.server.rpc.timeout.max = 5200ms (custom)
2019-08-24 22:45:18,618 [pool-450-thread-1] INFO  server.RaftServerConfigKeys (ConfUtils.java:logGet(43)) - raft.server.rpcslowness.timeout = 120s (custom)
2019-08-24 22:45:18,618 [pool-450-thread-1] INFO  server.RaftServerConfigKeys (ConfUtils.java:logGet(43)) - raft.server.sleep.deviation.threshold = 300 (default)
2019-08-24 22:45:18,618 [pool-450-thread-1] INFO  server.RaftServerConfigKeys (ConfUtils.java:logGet(43)) - raft.server.log.appender.install.snapshot.enabled = false (custom)
2019-08-24 22:45:18,618 [pool-450-thread-1] INFO  impl.RaftServerImpl (ServerState.java:<init>(105)) - fef8ab6f-fb3f-4c85-8a3f-3f5378cc0e9d:group-114184AC07AC ConfigurationManager, init=-1: [fef8ab6f-fb3f-4c85-8a3f-3f5378cc0e9d:192.168.34.50:41380], old=null, confs=<EMPTY_MAP>
2019-08-24 22:45:18,619 [pool-450-thread-1] INFO  server.RaftServerConfigKeys (ConfUtils.java:logGet(43)) - raft.server.storage.dir = [/workdir/hadoop-ozone/integration-test/target/test-dir/MiniOzoneClusterImpl-614c102a-29d9-417a-b8c5-0217b2e5181d/datanode-1/data/ratis] (custom)
2019-08-24 22:45:18,619 [pool-450-thread-1] INFO  storage.RaftStorageDirectory (RaftStorageDirectory.java:analyzeStorage(246)) - The storage directory /workdir/hadoop-ozone/integration-test/target/test-dir/MiniOzoneClusterImpl-614c102a-29d9-417a-b8c5-0217b2e5181d/datanode-1/data/ratis/e7edaea1-b33c-4cd9-806b-114184ac07ac does not exist. Creating ...
2019-08-24 22:45:18,632 [pool-450-thread-1] INFO  storage.RaftStorageDirectory (RaftStorageDirectory.java:tryLock(328)) - Lock on /workdir/hadoop-ozone/integration-test/target/test-dir/MiniOzoneClusterImpl-614c102a-29d9-417a-b8c5-0217b2e5181d/datanode-1/data/ratis/e7edaea1-b33c-4cd9-806b-114184ac07ac/in_use.lock acquired by nodename 11715@pr-hdds-2030-j7d29-893466226
2019-08-24 22:45:18,646 [pool-450-thread-1] INFO  storage.RaftStorage (RaftStorage.java:format(72)) - Storage directory /workdir/hadoop-ozone/integration-test/target/test-dir/MiniOzoneClusterImpl-614c102a-29d9-417a-b8c5-0217b2e5181d/datanode-1/data/ratis/e7edaea1-b33c-4cd9-806b-114184ac07ac has been successfully formatted.
2019-08-24 22:45:18,646 [pool-450-thread-1] INFO  ratis.ContainerStateMachine (ContainerStateMachine.java:loadSnapshot(226)) - group-114184AC07AC: The snapshot info is null. Setting the last applied indexto:(t:0, i:~)
2019-08-24 22:45:18,647 [pool-450-thread-1] INFO  server.RaftServerConfigKeys (ConfUtils.java:logGet(43)) - raft.server.leader.election.timeout = 120s (custom)
2019-08-24 22:45:18,647 [pool-450-thread-1] INFO  server.RaftServerConfigKeys (ConfUtils.java:logGet(43)) - raft.server.log.use.memory = false (default)
2019-08-24 22:45:18,647 [pool-450-thread-1] INFO  server.RaftServerConfigKeys (ConfUtils.java:logGet(43)) - raft.server.log.purge.gap = 1000000 (custom)
2019-08-24 22:45:18,647 [pool-450-thread-1] INFO  server.RaftServerConfigKeys (ConfUtils.java:logGet(43)) - raft.server.log.appender.buffer.byte-limit = 33554432 (custom)
2019-08-24 22:45:18,647 [pool-450-thread-1] INFO  server.RaftServerConfigKeys (ConfUtils.java:logGet(43)) - raft.server.log.segment.size.max = 1048576 (custom)
2019-08-24 22:45:18,647 [pool-450-thread-1] INFO  server.RaftServerConfigKeys (ConfUtils.java:logGet(43)) - raft.server.log.segment.cache.num.max = 2 (custom)
2019-08-24 22:45:18,647 [pool-450-thread-1] INFO  segmented.SegmentedRaftLogWorker (SegmentedRaftLogWorker.java:<init>(172)) - new fef8ab6f-fb3f-4c85-8a3f-3f5378cc0e9d-SegmentedRaftLogWorker:Storage Directory /workdir/hadoop-ozone/integration-test/target/test-dir/MiniOzoneClusterImpl-614c102a-29d9-417a-b8c5-0217b2e5181d/datanode-1/data/ratis/e7edaea1-b33c-4cd9-806b-114184ac07ac for RaftStorage:Storage Directory /workdir/hadoop-ozone/integration-test/target/test-dir/MiniOzoneClusterImpl-614c102a-29d9-417a-b8c5-0217b2e5181d/datanode-1/data/ratis/e7edaea1-b33c-4cd9-806b-114184ac07ac
2019-08-24 22:45:18,648 [pool-450-thread-1] INFO  server.RaftServerConfigKeys (ConfUtils.java:logGet(43)) - raft.server.log.queue.byte-limit = 2147483647 (custom)
2019-08-24 22:45:18,648 [pool-450-thread-1] INFO  server.RaftServerConfigKeys (ConfUtils.java:logGet(43)) - raft.server.log.queue.element-limit = 1024 (custom)
2019-08-24 22:45:18,648 [pool-450-thread-1] INFO  server.RaftServerConfigKeys (ConfUtils.java:logGet(43)) - raft.server.log.segment.size.max = 1048576 (custom)
2019-08-24 22:45:18,648 [pool-450-thread-1] INFO  server.RaftServerConfigKeys (ConfUtils.java:logGet(43)) - raft.server.log.preallocated.size = 16384 (custom)
2019-08-24 22:45:18,648 [pool-450-thread-1] INFO  server.RaftServerConfigKeys (ConfUtils.java:logGet(43)) - raft.server.log.write.buffer.size = 33554432 (custom)
2019-08-24 22:45:18,648 [pool-450-thread-1] INFO  server.RaftServerConfigKeys (ConfUtils.java:logGet(43)) - raft.server.log.force.sync.num = 128 (default)
2019-08-24 22:45:18,649 [pool-450-thread-1] INFO  server.RaftServerConfigKeys (ConfUtils.java:logGet(43)) - raft.server.log.statemachine.data.sync = true (default)
2019-08-24 22:45:18,649 [pool-450-thread-1] INFO  server.RaftServerConfigKeys (ConfUtils.java:logGet(43)) - raft.server.log.statemachine.data.sync.timeout = 10s (default)
2019-08-24 22:45:18,649 [pool-450-thread-1] INFO  server.RaftServerConfigKeys (ConfUtils.java:logGet(43)) - raft.server.log.statemachine.data.sync.timeout.retry = -1 (default)
2019-08-24 22:45:18,649 [pool-450-thread-1] INFO  server.RaftServerConfigKeys (ConfUtils.java:logGet(43)) - raft.server.log.statemachine.data.caching.enabled = true (custom)
2019-08-24 22:45:18,649 [pool-450-thread-1] INFO  segmented.SegmentedRaftLogWorker (SegmentedRaftLogWorker.java:lambda$new$0(132)) - fef8ab6f-fb3f-4c85-8a3f-3f5378cc0e9d-SegmentedRaftLogWorker:Storage Directory /workdir/hadoop-ozone/integration-test/target/test-dir/MiniOzoneClusterImpl-614c102a-29d9-417a-b8c5-0217b2e5181d/datanode-1/data/ratis/e7edaea1-b33c-4cd9-806b-114184ac07ac: flushIndex: setUnconditionally 0 -> -1
2019-08-24 22:45:18,650 [pool-450-thread-1] INFO  server.RaftServerConfigKeys (ConfUtils.java:logGet(43)) - raft.server.snapshot.auto.trigger.enabled = true (custom)
2019-08-24 22:45:18,650 [pool-450-thread-1] INFO  server.RaftServerConfigKeys (ConfUtils.java:logGet(43)) - raft.server.snapshot.auto.trigger.threshold = 10000 (custom)
2019-08-24 22:45:18,650 [pool-450-thread-1] INFO  server.RaftServerConfigKeys (ConfUtils.java:logGet(43)) - raft.server.retrycache.expirytime = 600000ms (custom)
2019-08-24 22:45:18,650 [pool-450-thread-1] INFO  impl.RaftServerImpl (RaftServerImpl.java:start(180)) - fef8ab6f-fb3f-4c85-8a3f-3f5378cc0e9d: start group-114184AC07AC
2019-08-24 22:45:18,650 [pool-450-thread-1] INFO  impl.RaftServerImpl (RaftServerImpl.java:setRole(171)) - fef8ab6f-fb3f-4c85-8a3f-3f5378cc0e9d:group-114184AC07AC changes role from null to FOLLOWER at term 0 for startAsFollower
2019-08-24 22:45:18,650 [pool-450-thread-1] INFO  impl.RoleInfo (RoleInfo.java:updateAndGet(143)) - fef8ab6f-fb3f-4c85-8a3f-3f5378cc0e9d: start FollowerState
2019-08-24 22:45:18,651 [pool-450-thread-1] INFO  util.JmxRegister (JmxRegister.java:tryRegister(44)) - Successfully registered JMX Bean with object name Ratis:service=RaftServer,group=group-114184AC07AC,id=fef8ab6f-fb3f-4c85-8a3f-3f5378cc0e9d
2019-08-24 22:45:18,655 [RatisPipelineUtilsThread] INFO  pipeline.PipelineStateManager (PipelineStateManager.java:addPipeline(56)) - Created pipeline Pipeline[ Id: e7edaea1-b33c-4cd9-806b-114184ac07ac, Nodes: fef8ab6f-fb3f-4c85-8a3f-3f5378cc0e9d{ip: 192.168.34.50, host: pr-hdds-2030-j7d29-893466226, networkLocation: /default-rack, certSerialId: null}, Type:RATIS, Factor:ONE, State:OPEN]
2019-08-24 22:45:18,741 [main] INFO  ozone.MiniOzoneClusterImpl (MiniOzoneClusterImpl.java:lambda$waitForClusterToBeReady$0(142)) - Waiting for cluster to be ready. Got 2 of 7 DN Heartbeats.
2019-08-24 22:45:18,900 [IPC Server handler 19 on 44456] INFO  net.NetworkTopology (NetworkTopologyImpl.java:add(110)) - Added a new node: /default-rack/64266e81-f89e-4b53-ab01-a599594e3ea3
2019-08-24 22:45:18,900 [IPC Server handler 19 on 44456] INFO  node.SCMNodeManager (SCMNodeManager.java:register(273)) - Registered Data node : 64266e81-f89e-4b53-ab01-a599594e3ea3{ip: 192.168.34.50, host: pr-hdds-2030-j7d29-893466226, networkLocation: /default-rack, certSerialId: null}
2019-08-24 22:45:18,901 | INFO  | SCMAudit | user=jenkins1000 | ip=192.168.34.50 | op=REGISTER {datanodeDetails=64266e81-f89e-4b53-ab01-a599594e3ea3{ip: 192.168.34.50, host: pr-hdds-2030-j7d29-893466226, networkLocation: /default-rack, certSerialId: null}} | ret=SUCCESS |  
2019-08-24 22:45:18,913 [grpc-default-executor-4] INFO  impl.RaftServerProxy (RaftServerProxy.java:addNew(89)) - 64266e81-f89e-4b53-ab01-a599594e3ea3: addNew group-D34E56F378CA:[64266e81-f89e-4b53-ab01-a599594e3ea3:192.168.34.50:44853] returns group-D34E56F378CA:java.util.concurrent.CompletableFuture@2f5c2d2e[Not completed]
2019-08-24 22:45:18,914 [pool-461-thread-1] INFO  impl.RaftServerImpl (RaftServerImpl.java:<init>(93)) - 64266e81-f89e-4b53-ab01-a599594e3ea3: new RaftServerImpl for group-D34E56F378CA:[64266e81-f89e-4b53-ab01-a599594e3ea3:192.168.34.50:44853] with ContainerStateMachine:uninitialized
2019-08-24 22:45:18,914 [pool-461-thread-1] INFO  server.RaftServerConfigKeys (ConfUtils.java:logGet(43)) - raft.server.rpc.timeout.min = 5s (custom)
2019-08-24 22:45:18,914 [pool-461-thread-1] INFO  server.RaftServerConfigKeys (ConfUtils.java:logGet(43)) - raft.server.rpc.timeout.max = 5200ms (custom)
2019-08-24 22:45:18,915 [pool-461-thread-1] INFO  server.RaftServerConfigKeys (ConfUtils.java:logGet(43)) - raft.server.rpcslowness.timeout = 120s (custom)
2019-08-24 22:45:18,915 [pool-461-thread-1] INFO  server.RaftServerConfigKeys (ConfUtils.java:logGet(43)) - raft.server.sleep.deviation.threshold = 300 (default)
2019-08-24 22:45:18,915 [pool-461-thread-1] INFO  server.RaftServerConfigKeys (ConfUtils.java:logGet(43)) - raft.server.log.appender.install.snapshot.enabled = false (custom)
2019-08-24 22:45:18,915 [pool-461-thread-1] INFO  impl.RaftServerImpl (ServerState.java:<init>(105)) - 64266e81-f89e-4b53-ab01-a599594e3ea3:group-D34E56F378CA ConfigurationManager, init=-1: [64266e81-f89e-4b53-ab01-a599594e3ea3:192.168.34.50:44853], old=null, confs=<EMPTY_MAP>
2019-08-24 22:45:18,915 [pool-461-thread-1] INFO  server.RaftServerConfigKeys (ConfUtils.java:logGet(43)) - raft.server.storage.dir = [/workdir/hadoop-ozone/integration-test/target/test-dir/MiniOzoneClusterImpl-614c102a-29d9-417a-b8c5-0217b2e5181d/datanode-2/data/ratis] (custom)
2019-08-24 22:45:18,916 [pool-461-thread-1] INFO  storage.RaftStorageDirectory (RaftStorageDirectory.java:analyzeStorage(246)) - The storage directory /workdir/hadoop-ozone/integration-test/target/test-dir/MiniOzoneClusterImpl-614c102a-29d9-417a-b8c5-0217b2e5181d/datanode-2/data/ratis/ec6d4e73-4cd4-4e01-9738-d34e56f378ca does not exist. Creating ...
2019-08-24 22:45:18,929 [pool-461-thread-1] INFO  storage.RaftStorageDirectory (RaftStorageDirectory.java:tryLock(328)) - Lock on /workdir/hadoop-ozone/integration-test/target/test-dir/MiniOzoneClusterImpl-614c102a-29d9-417a-b8c5-0217b2e5181d/datanode-2/data/ratis/ec6d4e73-4cd4-4e01-9738-d34e56f378ca/in_use.lock acquired by nodename 11715@pr-hdds-2030-j7d29-893466226
2019-08-24 22:45:18,942 [pool-461-thread-1] INFO  storage.RaftStorage (RaftStorage.java:format(72)) - Storage directory /workdir/hadoop-ozone/integration-test/target/test-dir/MiniOzoneClusterImpl-614c102a-29d9-417a-b8c5-0217b2e5181d/datanode-2/data/ratis/ec6d4e73-4cd4-4e01-9738-d34e56f378ca has been successfully formatted.
2019-08-24 22:45:18,942 [pool-461-thread-1] INFO  ratis.ContainerStateMachine (ContainerStateMachine.java:loadSnapshot(226)) - group-D34E56F378CA: The snapshot info is null. Setting the last applied indexto:(t:0, i:~)
2019-08-24 22:45:18,942 [pool-461-thread-1] INFO  server.RaftServerConfigKeys (ConfUtils.java:logGet(43)) - raft.server.leader.election.timeout = 120s (custom)
2019-08-24 22:45:18,943 [pool-461-thread-1] INFO  server.RaftServerConfigKeys (ConfUtils.java:logGet(43)) - raft.server.log.use.memory = false (default)
2019-08-24 22:45:18,943 [pool-461-thread-1] INFO  server.RaftServerConfigKeys (ConfUtils.java:logGet(43)) - raft.server.log.purge.gap = 1000000 (custom)
2019-08-24 22:45:18,943 [pool-461-thread-1] INFO  server.RaftServerConfigKeys (ConfUtils.java:logGet(43)) - raft.server.log.appender.buffer.byte-limit = 33554432 (custom)
2019-08-24 22:45:18,943 [pool-461-thread-1] INFO  server.RaftServerConfigKeys (ConfUtils.java:logGet(43)) - raft.server.log.segment.size.max = 1048576 (custom)
2019-08-24 22:45:18,943 [pool-461-thread-1] INFO  server.RaftServerConfigKeys (ConfUtils.java:logGet(43)) - raft.server.log.segment.cache.num.max = 2 (custom)
2019-08-24 22:45:18,944 [pool-461-thread-1] INFO  segmented.SegmentedRaftLogWorker (SegmentedRaftLogWorker.java:<init>(172)) - new 64266e81-f89e-4b53-ab01-a599594e3ea3-SegmentedRaftLogWorker:Storage Directory /workdir/hadoop-ozone/integration-test/target/test-dir/MiniOzoneClusterImpl-614c102a-29d9-417a-b8c5-0217b2e5181d/datanode-2/data/ratis/ec6d4e73-4cd4-4e01-9738-d34e56f378ca for RaftStorage:Storage Directory /workdir/hadoop-ozone/integration-test/target/test-dir/MiniOzoneClusterImpl-614c102a-29d9-417a-b8c5-0217b2e5181d/datanode-2/data/ratis/ec6d4e73-4cd4-4e01-9738-d34e56f378ca
2019-08-24 22:45:18,944 [pool-461-thread-1] INFO  server.RaftServerConfigKeys (ConfUtils.java:logGet(43)) - raft.server.log.queue.byte-limit = 2147483647 (custom)
2019-08-24 22:45:18,944 [pool-461-thread-1] INFO  server.RaftServerConfigKeys (ConfUtils.java:logGet(43)) - raft.server.log.queue.element-limit = 1024 (custom)
2019-08-24 22:45:18,944 [pool-461-thread-1] INFO  server.RaftServerConfigKeys (ConfUtils.java:logGet(43)) - raft.server.log.segment.size.max = 1048576 (custom)
2019-08-24 22:45:18,944 [pool-461-thread-1] INFO  server.RaftServerConfigKeys (ConfUtils.java:logGet(43)) - raft.server.log.preallocated.size = 16384 (custom)
2019-08-24 22:45:18,945 [pool-461-thread-1] INFO  server.RaftServerConfigKeys (ConfUtils.java:logGet(43)) - raft.server.log.write.buffer.size = 33554432 (custom)
2019-08-24 22:45:18,945 [pool-461-thread-1] INFO  server.RaftServerConfigKeys (ConfUtils.java:logGet(43)) - raft.server.log.force.sync.num = 128 (default)
2019-08-24 22:45:18,945 [pool-461-thread-1] INFO  server.RaftServerConfigKeys (ConfUtils.java:logGet(43)) - raft.server.log.statemachine.data.sync = true (default)
2019-08-24 22:45:18,945 [pool-461-thread-1] INFO  server.RaftServerConfigKeys (ConfUtils.java:logGet(43)) - raft.server.log.statemachine.data.sync.timeout = 10s (default)
2019-08-24 22:45:18,945 [pool-461-thread-1] INFO  server.RaftServerConfigKeys (ConfUtils.java:logGet(43)) - raft.server.log.statemachine.data.sync.timeout.retry = -1 (default)
2019-08-24 22:45:18,946 [pool-461-thread-1] INFO  server.RaftServerConfigKeys (ConfUtils.java:logGet(43)) - raft.server.log.statemachine.data.caching.enabled = true (custom)
2019-08-24 22:45:18,946 [pool-461-thread-1] INFO  segmented.SegmentedRaftLogWorker (SegmentedRaftLogWorker.java:lambda$new$0(132)) - 64266e81-f89e-4b53-ab01-a599594e3ea3-SegmentedRaftLogWorker:Storage Directory /workdir/hadoop-ozone/integration-test/target/test-dir/MiniOzoneClusterImpl-614c102a-29d9-417a-b8c5-0217b2e5181d/datanode-2/data/ratis/ec6d4e73-4cd4-4e01-9738-d34e56f378ca: flushIndex: setUnconditionally 0 -> -1
2019-08-24 22:45:18,946 [pool-461-thread-1] INFO  server.RaftServerConfigKeys (ConfUtils.java:logGet(43)) - raft.server.snapshot.auto.trigger.enabled = true (custom)
2019-08-24 22:45:18,947 [pool-461-thread-1] INFO  server.RaftServerConfigKeys (ConfUtils.java:logGet(43)) - raft.server.snapshot.auto.trigger.threshold = 10000 (custom)
2019-08-24 22:45:18,947 [pool-461-thread-1] INFO  server.RaftServerConfigKeys (ConfUtils.java:logGet(43)) - raft.server.retrycache.expirytime = 600000ms (custom)
2019-08-24 22:45:18,947 [pool-461-thread-1] INFO  impl.RaftServerImpl (RaftServerImpl.java:start(180)) - 64266e81-f89e-4b53-ab01-a599594e3ea3: start group-D34E56F378CA
2019-08-24 22:45:18,947 [pool-461-thread-1] INFO  impl.RaftServerImpl (RaftServerImpl.java:setRole(171)) - 64266e81-f89e-4b53-ab01-a599594e3ea3:group-D34E56F378CA changes role from null to FOLLOWER at term 0 for startAsFollower
2019-08-24 22:45:18,947 [pool-461-thread-1] INFO  impl.RoleInfo (RoleInfo.java:updateAndGet(143)) - 64266e81-f89e-4b53-ab01-a599594e3ea3: start FollowerState
2019-08-24 22:45:18,948 [pool-461-thread-1] INFO  util.JmxRegister (JmxRegister.java:tryRegister(44)) - Successfully registered JMX Bean with object name Ratis:service=RaftServer,group=group-D34E56F378CA,id=64266e81-f89e-4b53-ab01-a599594e3ea3
2019-08-24 22:45:18,953 [RatisPipelineUtilsThread] INFO  pipeline.PipelineStateManager (PipelineStateManager.java:addPipeline(56)) - Created pipeline Pipeline[ Id: ec6d4e73-4cd4-4e01-9738-d34e56f378ca, Nodes: 64266e81-f89e-4b53-ab01-a599594e3ea3{ip: 192.168.34.50, host: pr-hdds-2030-j7d29-893466226, networkLocation: /default-rack, certSerialId: null}, Type:RATIS, Factor:ONE, State:OPEN]
2019-08-24 22:45:18,970 [grpc-default-executor-6] INFO  impl.RaftServerProxy (RaftServerProxy.java:addNew(89)) - cba94083-6c60-4013-a5f5-8dfc358213cd: addNew group-8FA27D7B00F7:[fef8ab6f-fb3f-4c85-8a3f-3f5378cc0e9d:192.168.34.50:41380, 64266e81-f89e-4b53-ab01-a599594e3ea3:192.168.34.50:44853, cba94083-6c60-4013-a5f5-8dfc358213cd:192.168.34.50:43278] returns group-8FA27D7B00F7:java.util.concurrent.CompletableFuture@9b7de93[Not completed]
2019-08-24 22:45:18,970 [grpc-default-executor-4] INFO  impl.RaftServerProxy (RaftServerProxy.java:addNew(89)) - fef8ab6f-fb3f-4c85-8a3f-3f5378cc0e9d: addNew group-8FA27D7B00F7:[fef8ab6f-fb3f-4c85-8a3f-3f5378cc0e9d:192.168.34.50:41380, 64266e81-f89e-4b53-ab01-a599594e3ea3:192.168.34.50:44853, cba94083-6c60-4013-a5f5-8dfc358213cd:192.168.34.50:43278] returns group-8FA27D7B00F7:java.util.concurrent.CompletableFuture@d668e64[Not completed]
2019-08-24 22:45:18,976 [pool-450-thread-1] INFO  impl.RaftServerImpl (RaftServerImpl.java:<init>(93)) - fef8ab6f-fb3f-4c85-8a3f-3f5378cc0e9d: new RaftServerImpl for group-8FA27D7B00F7:[fef8ab6f-fb3f-4c85-8a3f-3f5378cc0e9d:192.168.34.50:41380, 64266e81-f89e-4b53-ab01-a599594e3ea3:192.168.34.50:44853, cba94083-6c60-4013-a5f5-8dfc358213cd:192.168.34.50:43278] with ContainerStateMachine:uninitialized
2019-08-24 22:45:18,974 [pool-461-thread-1] INFO  impl.RaftServerImpl (RaftServerImpl.java:<init>(93)) - 64266e81-f89e-4b53-ab01-a599594e3ea3: new RaftServerImpl for group-8FA27D7B00F7:[fef8ab6f-fb3f-4c85-8a3f-3f5378cc0e9d:192.168.34.50:41380, 64266e81-f89e-4b53-ab01-a599594e3ea3:192.168.34.50:44853, cba94083-6c60-4013-a5f5-8dfc358213cd:192.168.34.50:43278] with ContainerStateMachine:uninitialized
2019-08-24 22:45:18,974 [pool-439-thread-1] INFO  impl.RaftServerImpl (RaftServerImpl.java:<init>(93)) - cba94083-6c60-4013-a5f5-8dfc358213cd: new RaftServerImpl for group-8FA27D7B00F7:[fef8ab6f-fb3f-4c85-8a3f-3f5378cc0e9d:192.168.34.50:41380, 64266e81-f89e-4b53-ab01-a599594e3ea3:192.168.34.50:44853, cba94083-6c60-4013-a5f5-8dfc358213cd:192.168.34.50:43278] with ContainerStateMachine:uninitialized
2019-08-24 22:45:18,972 [grpc-default-executor-7] INFO  impl.RaftServerProxy (RaftServerProxy.java:addNew(89)) - 64266e81-f89e-4b53-ab01-a599594e3ea3: addNew group-8FA27D7B00F7:[fef8ab6f-fb3f-4c85-8a3f-3f5378cc0e9d:192.168.34.50:41380, 64266e81-f89e-4b53-ab01-a599594e3ea3:192.168.34.50:44853, cba94083-6c60-4013-a5f5-8dfc358213cd:192.168.34.50:43278] returns group-8FA27D7B00F7:java.util.concurrent.CompletableFuture@f5fd58[Not completed]
2019-08-24 22:45:18,977 [pool-439-thread-1] INFO  server.RaftServerConfigKeys (ConfUtils.java:logGet(43)) - raft.server.rpc.timeout.min = 5s (custom)
2019-08-24 22:45:18,977 [pool-461-thread-1] INFO  server.RaftServerConfigKeys (ConfUtils.java:logGet(43)) - raft.server.rpc.timeout.min = 5s (custom)
2019-08-24 22:45:18,978 [pool-461-thread-1] INFO  server.RaftServerConfigKeys (ConfUtils.java:logGet(43)) - raft.server.rpc.timeout.max = 5200ms (custom)
2019-08-24 22:45:18,977 [pool-450-thread-1] INFO  server.RaftServerConfigKeys (ConfUtils.java:logGet(43)) - raft.server.rpc.timeout.min = 5s (custom)
2019-08-24 22:45:18,978 [pool-461-thread-1] INFO  server.RaftServerConfigKeys (ConfUtils.java:logGet(43)) - raft.server.rpcslowness.timeout = 120s (custom)
2019-08-24 22:45:18,978 [pool-439-thread-1] INFO  server.RaftServerConfigKeys (ConfUtils.java:logGet(43)) - raft.server.rpc.timeout.max = 5200ms (custom)
2019-08-24 22:45:18,978 [pool-461-thread-1] INFO  server.RaftServerConfigKeys (ConfUtils.java:logGet(43)) - raft.server.sleep.deviation.threshold = 300 (default)
2019-08-24 22:45:18,978 [pool-450-thread-1] INFO  server.RaftServerConfigKeys (ConfUtils.java:logGet(43)) - raft.server.rpc.timeout.max = 5200ms (custom)
2019-08-24 22:45:18,979 [pool-461-thread-1] INFO  server.RaftServerConfigKeys (ConfUtils.java:logGet(43)) - raft.server.log.appender.install.snapshot.enabled = false (custom)
2019-08-24 22:45:18,978 [pool-439-thread-1] INFO  server.RaftServerConfigKeys (ConfUtils.java:logGet(43)) - raft.server.rpcslowness.timeout = 120s (custom)
2019-08-24 22:45:18,979 [pool-461-thread-1] INFO  impl.RaftServerImpl (ServerState.java:<init>(105)) - 64266e81-f89e-4b53-ab01-a599594e3ea3:group-8FA27D7B00F7 ConfigurationManager, init=-1: [fef8ab6f-fb3f-4c85-8a3f-3f5378cc0e9d:192.168.34.50:41380, 64266e81-f89e-4b53-ab01-a599594e3ea3:192.168.34.50:44853, cba94083-6c60-4013-a5f5-8dfc358213cd:192.168.34.50:43278], old=null, confs=<EMPTY_MAP>
2019-08-24 22:45:18,979 [pool-450-thread-1] INFO  server.RaftServerConfigKeys (ConfUtils.java:logGet(43)) - raft.server.rpcslowness.timeout = 120s (custom)
2019-08-24 22:45:18,979 [pool-439-thread-1] INFO  server.RaftServerConfigKeys (ConfUtils.java:logGet(43)) - raft.server.sleep.deviation.threshold = 300 (default)
2019-08-24 22:45:18,980 [pool-461-thread-1] INFO  server.RaftServerConfigKeys (ConfUtils.java:logGet(43)) - raft.server.storage.dir = [/workdir/hadoop-ozone/integration-test/target/test-dir/MiniOzoneClusterImpl-614c102a-29d9-417a-b8c5-0217b2e5181d/datanode-2/data/ratis] (custom)
2019-08-24 22:45:18,980 [pool-450-thread-1] INFO  server.RaftServerConfigKeys (ConfUtils.java:logGet(43)) - raft.server.sleep.deviation.threshold = 300 (default)
2019-08-24 22:45:18,980 [pool-439-thread-1] INFO  server.RaftServerConfigKeys (ConfUtils.java:logGet(43)) - raft.server.log.appender.install.snapshot.enabled = false (custom)
2019-08-24 22:45:18,980 [pool-450-thread-1] INFO  server.RaftServerConfigKeys (ConfUtils.java:logGet(43)) - raft.server.log.appender.install.snapshot.enabled = false (custom)
2019-08-24 22:45:18,980 [pool-461-thread-1] INFO  storage.RaftStorageDirectory (RaftStorageDirectory.java:analyzeStorage(246)) - The storage directory /workdir/hadoop-ozone/integration-test/target/test-dir/MiniOzoneClusterImpl-614c102a-29d9-417a-b8c5-0217b2e5181d/datanode-2/data/ratis/bfb5824f-059b-4a53-aa71-8fa27d7b00f7 does not exist. Creating ...
2019-08-24 22:45:18,980 [pool-439-thread-1] INFO  impl.RaftServerImpl (ServerState.java:<init>(105)) - cba94083-6c60-4013-a5f5-8dfc358213cd:group-8FA27D7B00F7 ConfigurationManager, init=-1: [fef8ab6f-fb3f-4c85-8a3f-3f5378cc0e9d:192.168.34.50:41380, 64266e81-f89e-4b53-ab01-a599594e3ea3:192.168.34.50:44853, cba94083-6c60-4013-a5f5-8dfc358213cd:192.168.34.50:43278], old=null, confs=<EMPTY_MAP>
2019-08-24 22:45:18,980 [pool-450-thread-1] INFO  impl.RaftServerImpl (ServerState.java:<init>(105)) - fef8ab6f-fb3f-4c85-8a3f-3f5378cc0e9d:group-8FA27D7B00F7 ConfigurationManager, init=-1: [fef8ab6f-fb3f-4c85-8a3f-3f5378cc0e9d:192.168.34.50:41380, 64266e81-f89e-4b53-ab01-a599594e3ea3:192.168.34.50:44853, cba94083-6c60-4013-a5f5-8dfc358213cd:192.168.34.50:43278], old=null, confs=<EMPTY_MAP>
2019-08-24 22:45:18,981 [pool-439-thread-1] INFO  server.RaftServerConfigKeys (ConfUtils.java:logGet(43)) - raft.server.storage.dir = [/workdir/hadoop-ozone/integration-test/target/test-dir/MiniOzoneClusterImpl-614c102a-29d9-417a-b8c5-0217b2e5181d/datanode-0/data/ratis] (custom)
2019-08-24 22:45:18,981 [pool-450-thread-1] INFO  server.RaftServerConfigKeys (ConfUtils.java:logGet(43)) - raft.server.storage.dir = [/workdir/hadoop-ozone/integration-test/target/test-dir/MiniOzoneClusterImpl-614c102a-29d9-417a-b8c5-0217b2e5181d/datanode-1/data/ratis] (custom)
2019-08-24 22:45:18,982 [pool-439-thread-1] INFO  storage.RaftStorageDirectory (RaftStorageDirectory.java:analyzeStorage(246)) - The storage directory /workdir/hadoop-ozone/integration-test/target/test-dir/MiniOzoneClusterImpl-614c102a-29d9-417a-b8c5-0217b2e5181d/datanode-0/data/ratis/bfb5824f-059b-4a53-aa71-8fa27d7b00f7 does not exist. Creating ...
2019-08-24 22:45:18,982 [pool-450-thread-1] INFO  storage.RaftStorageDirectory (RaftStorageDirectory.java:analyzeStorage(246)) - The storage directory /workdir/hadoop-ozone/integration-test/target/test-dir/MiniOzoneClusterImpl-614c102a-29d9-417a-b8c5-0217b2e5181d/datanode-1/data/ratis/bfb5824f-059b-4a53-aa71-8fa27d7b00f7 does not exist. Creating ...
2019-08-24 22:45:18,994 [pool-439-thread-1] INFO  storage.RaftStorageDirectory (RaftStorageDirectory.java:tryLock(328)) - Lock on /workdir/hadoop-ozone/integration-test/target/test-dir/MiniOzoneClusterImpl-614c102a-29d9-417a-b8c5-0217b2e5181d/datanode-0/data/ratis/bfb5824f-059b-4a53-aa71-8fa27d7b00f7/in_use.lock acquired by nodename 11715@pr-hdds-2030-j7d29-893466226
2019-08-24 22:45:18,994 [pool-450-thread-1] INFO  storage.RaftStorageDirectory (RaftStorageDirectory.java:tryLock(328)) - Lock on /workdir/hadoop-ozone/integration-test/target/test-dir/MiniOzoneClusterImpl-614c102a-29d9-417a-b8c5-0217b2e5181d/datanode-1/data/ratis/bfb5824f-059b-4a53-aa71-8fa27d7b00f7/in_use.lock acquired by nodename 11715@pr-hdds-2030-j7d29-893466226
2019-08-24 22:45:18,994 [pool-461-thread-1] INFO  storage.RaftStorageDirectory (RaftStorageDirectory.java:tryLock(328)) - Lock on /workdir/hadoop-ozone/integration-test/target/test-dir/MiniOzoneClusterImpl-614c102a-29d9-417a-b8c5-0217b2e5181d/datanode-2/data/ratis/bfb5824f-059b-4a53-aa71-8fa27d7b00f7/in_use.lock acquired by nodename 11715@pr-hdds-2030-j7d29-893466226
2019-08-24 22:45:19,008 [pool-439-thread-1] INFO  storage.RaftStorage (RaftStorage.java:format(72)) - Storage directory /workdir/hadoop-ozone/integration-test/target/test-dir/MiniOzoneClusterImpl-614c102a-29d9-417a-b8c5-0217b2e5181d/datanode-0/data/ratis/bfb5824f-059b-4a53-aa71-8fa27d7b00f7 has been successfully formatted.
2019-08-24 22:45:19,008 [pool-450-thread-1] INFO  storage.RaftStorage (RaftStorage.java:format(72)) - Storage directory /workdir/hadoop-ozone/integration-test/target/test-dir/MiniOzoneClusterImpl-614c102a-29d9-417a-b8c5-0217b2e5181d/datanode-1/data/ratis/bfb5824f-059b-4a53-aa71-8fa27d7b00f7 has been successfully formatted.
2019-08-24 22:45:19,008 [pool-461-thread-1] INFO  storage.RaftStorage (RaftStorage.java:format(72)) - Storage directory /workdir/hadoop-ozone/integration-test/target/test-dir/MiniOzoneClusterImpl-614c102a-29d9-417a-b8c5-0217b2e5181d/datanode-2/data/ratis/bfb5824f-059b-4a53-aa71-8fa27d7b00f7 has been successfully formatted.
2019-08-24 22:45:19,009 [pool-439-thread-1] INFO  ratis.ContainerStateMachine (ContainerStateMachine.java:loadSnapshot(226)) - group-8FA27D7B00F7: The snapshot info is null. Setting the last applied indexto:(t:0, i:~)
2019-08-24 22:45:19,009 [pool-450-thread-1] INFO  ratis.ContainerStateMachine (ContainerStateMachine.java:loadSnapshot(226)) - group-8FA27D7B00F7: The snapshot info is null. Setting the last applied indexto:(t:0, i:~)
2019-08-24 22:45:19,009 [pool-439-thread-1] INFO  server.RaftServerConfigKeys (ConfUtils.java:logGet(43)) - raft.server.leader.election.timeout = 120s (custom)
2019-08-24 22:45:19,009 [pool-461-thread-1] INFO  ratis.ContainerStateMachine (ContainerStateMachine.java:loadSnapshot(226)) - group-8FA27D7B00F7: The snapshot info is null. Setting the last applied indexto:(t:0, i:~)
2019-08-24 22:45:19,009 [pool-439-thread-1] INFO  server.RaftServerConfigKeys (ConfUtils.java:logGet(43)) - raft.server.log.use.memory = false (default)
2019-08-24 22:45:19,009 [pool-450-thread-1] INFO  server.RaftServerConfigKeys (ConfUtils.java:logGet(43)) - raft.server.leader.election.timeout = 120s (custom)
2019-08-24 22:45:19,010 [pool-439-thread-1] INFO  server.RaftServerConfigKeys (ConfUtils.java:logGet(43)) - raft.server.log.purge.gap = 1000000 (custom)
2019-08-24 22:45:19,010 [pool-461-thread-1] INFO  server.RaftServerConfigKeys (ConfUtils.java:logGet(43)) - raft.server.leader.election.timeout = 120s (custom)
2019-08-24 22:45:19,010 [pool-439-thread-1] INFO  server.RaftServerConfigKeys (ConfUtils.java:logGet(43)) - raft.server.log.appender.buffer.byte-limit = 33554432 (custom)
2019-08-24 22:45:19,010 [pool-450-thread-1] INFO  server.RaftServerConfigKeys (ConfUtils.java:logGet(43)) - raft.server.log.use.memory = false (default)
2019-08-24 22:45:19,010 [pool-439-thread-1] INFO  server.RaftServerConfigKeys (ConfUtils.java:logGet(43)) - raft.server.log.segment.size.max = 1048576 (custom)
2019-08-24 22:45:19,010 [pool-461-thread-1] INFO  server.RaftServerConfigKeys (ConfUtils.java:logGet(43)) - raft.server.log.use.memory = false (default)
2019-08-24 22:45:19,011 [pool-439-thread-1] INFO  server.RaftServerConfigKeys (ConfUtils.java:logGet(43)) - raft.server.log.segment.cache.num.max = 2 (custom)
2019-08-24 22:45:19,010 [pool-450-thread-1] INFO  server.RaftServerConfigKeys (ConfUtils.java:logGet(43)) - raft.server.log.purge.gap = 1000000 (custom)
2019-08-24 22:45:19,011 [pool-439-thread-1] INFO  segmented.SegmentedRaftLogWorker (SegmentedRaftLogWorker.java:<init>(172)) - new cba94083-6c60-4013-a5f5-8dfc358213cd-SegmentedRaftLogWorker:Storage Directory /workdir/hadoop-ozone/integration-test/target/test-dir/MiniOzoneClusterImpl-614c102a-29d9-417a-b8c5-0217b2e5181d/datanode-0/data/ratis/bfb5824f-059b-4a53-aa71-8fa27d7b00f7 for RaftStorage:Storage Directory /workdir/hadoop-ozone/integration-test/target/test-dir/MiniOzoneClusterImpl-614c102a-29d9-417a-b8c5-0217b2e5181d/datanode-0/data/ratis/bfb5824f-059b-4a53-aa71-8fa27d7b00f7
2019-08-24 22:45:19,011 [pool-461-thread-1] INFO  server.RaftServerConfigKeys (ConfUtils.java:logGet(43)) - raft.server.log.purge.gap = 1000000 (custom)
2019-08-24 22:45:19,011 [pool-439-thread-1] INFO  server.RaftServerConfigKeys (ConfUtils.java:logGet(43)) - raft.server.log.queue.byte-limit = 2147483647 (custom)
2019-08-24 22:45:19,011 [pool-450-thread-1] INFO  server.RaftServerConfigKeys (ConfUtils.java:logGet(43)) - raft.server.log.appender.buffer.byte-limit = 33554432 (custom)
2019-08-24 22:45:19,011 [pool-439-thread-1] INFO  server.RaftServerConfigKeys (ConfUtils.java:logGet(43)) - raft.server.log.queue.element-limit = 1024 (custom)
2019-08-24 22:45:19,011 [pool-461-thread-1] INFO  server.RaftServerConfigKeys (ConfUtils.java:logGet(43)) - raft.server.log.appender.buffer.byte-limit = 33554432 (custom)
2019-08-24 22:45:19,012 [pool-439-thread-1] INFO  server.RaftServerConfigKeys (ConfUtils.java:logGet(43)) - raft.server.log.segment.size.max = 1048576 (custom)
2019-08-24 22:45:19,012 [pool-450-thread-1] INFO  server.RaftServerConfigKeys (ConfUtils.java:logGet(43)) - raft.server.log.segment.size.max = 1048576 (custom)
2019-08-24 22:45:19,012 [pool-439-thread-1] INFO  server.RaftServerConfigKeys (ConfUtils.java:logGet(43)) - raft.server.log.preallocated.size = 16384 (custom)
2019-08-24 22:45:19,012 [pool-461-thread-1] INFO  server.RaftServerConfigKeys (ConfUtils.java:logGet(43)) - raft.server.log.segment.size.max = 1048576 (custom)
2019-08-24 22:45:19,012 [pool-439-thread-1] INFO  server.RaftServerConfigKeys (ConfUtils.java:logGet(43)) - raft.server.log.write.buffer.size = 33554432 (custom)
2019-08-24 22:45:19,012 [pool-450-thread-1] INFO  server.RaftServerConfigKeys (ConfUtils.java:logGet(43)) - raft.server.log.segment.cache.num.max = 2 (custom)
2019-08-24 22:45:19,013 [pool-439-thread-1] INFO  server.RaftServerConfigKeys (ConfUtils.java:logGet(43)) - raft.server.log.force.sync.num = 128 (default)
2019-08-24 22:45:19,012 [pool-461-thread-1] INFO  server.RaftServerConfigKeys (ConfUtils.java:logGet(43)) - raft.server.log.segment.cache.num.max = 2 (custom)
2019-08-24 22:45:19,013 [pool-439-thread-1] INFO  server.RaftServerConfigKeys (ConfUtils.java:logGet(43)) - raft.server.log.statemachine.data.sync = true (default)
2019-08-24 22:45:19,013 [pool-450-thread-1] INFO  segmented.SegmentedRaftLogWorker (SegmentedRaftLogWorker.java:<init>(172)) - new fef8ab6f-fb3f-4c85-8a3f-3f5378cc0e9d-SegmentedRaftLogWorker:Storage Directory /workdir/hadoop-ozone/integration-test/target/test-dir/MiniOzoneClusterImpl-614c102a-29d9-417a-b8c5-0217b2e5181d/datanode-1/data/ratis/bfb5824f-059b-4a53-aa71-8fa27d7b00f7 for RaftStorage:Storage Directory /workdir/hadoop-ozone/integration-test/target/test-dir/MiniOzoneClusterImpl-614c102a-29d9-417a-b8c5-0217b2e5181d/datanode-1/data/ratis/bfb5824f-059b-4a53-aa71-8fa27d7b00f7
2019-08-24 22:45:19,013 [pool-439-thread-1] INFO  server.RaftServerConfigKeys (ConfUtils.java:logGet(43)) - raft.server.log.statemachine.data.sync.timeout = 10s (default)
2019-08-24 22:45:19,013 [pool-461-thread-1] INFO  segmented.SegmentedRaftLogWorker (SegmentedRaftLogWorker.java:<init>(172)) - new 64266e81-f89e-4b53-ab01-a599594e3ea3-SegmentedRaftLogWorker:Storage Directory /workdir/hadoop-ozone/integration-test/target/test-dir/MiniOzoneClusterImpl-614c102a-29d9-417a-b8c5-0217b2e5181d/datanode-2/data/ratis/bfb5824f-059b-4a53-aa71-8fa27d7b00f7 for RaftStorage:Storage Directory /workdir/hadoop-ozone/integration-test/target/test-dir/MiniOzoneClusterImpl-614c102a-29d9-417a-b8c5-0217b2e5181d/datanode-2/data/ratis/bfb5824f-059b-4a53-aa71-8fa27d7b00f7
2019-08-24 22:45:19,013 [pool-439-thread-1] INFO  server.RaftServerConfigKeys (ConfUtils.java:logGet(43)) - raft.server.log.statemachine.data.sync.timeout.retry = -1 (default)
2019-08-24 22:45:19,013 [pool-450-thread-1] INFO  server.RaftServerConfigKeys (ConfUtils.java:logGet(43)) - raft.server.log.queue.byte-limit = 2147483647 (custom)
2019-08-24 22:45:19,014 [pool-439-thread-1] INFO  server.RaftServerConfigKeys (ConfUtils.java:logGet(43)) - raft.server.log.statemachine.data.caching.enabled = true (custom)
2019-08-24 22:45:19,014 [pool-461-thread-1] INFO  server.RaftServerConfigKeys (ConfUtils.java:logGet(43)) - raft.server.log.queue.byte-limit = 2147483647 (custom)
2019-08-24 22:45:19,014 [pool-450-thread-1] INFO  server.RaftServerConfigKeys (ConfUtils.java:logGet(43)) - raft.server.log.queue.element-limit = 1024 (custom)
2019-08-24 22:45:19,014 [pool-439-thread-1] INFO  segmented.SegmentedRaftLogWorker (SegmentedRaftLogWorker.java:lambda$new$0(132)) - cba94083-6c60-4013-a5f5-8dfc358213cd-SegmentedRaftLogWorker:Storage Directory /workdir/hadoop-ozone/integration-test/target/test-dir/MiniOzoneClusterImpl-614c102a-29d9-417a-b8c5-0217b2e5181d/datanode-0/data/ratis/bfb5824f-059b-4a53-aa71-8fa27d7b00f7: flushIndex: setUnconditionally 0 -> -1
2019-08-24 22:45:19,014 [pool-461-thread-1] INFO  server.RaftServerConfigKeys (ConfUtils.java:logGet(43)) - raft.server.log.queue.element-limit = 1024 (custom)
2019-08-24 22:45:19,014 [pool-450-thread-1] INFO  server.RaftServerConfigKeys (ConfUtils.java:logGet(43)) - raft.server.log.segment.size.max = 1048576 (custom)
2019-08-24 22:45:19,015 [pool-439-thread-1] INFO  server.RaftServerConfigKeys (ConfUtils.java:logGet(43)) - raft.server.snapshot.auto.trigger.enabled = true (custom)
2019-08-24 22:45:19,015 [pool-461-thread-1] INFO  server.RaftServerConfigKeys (ConfUtils.java:logGet(43)) - raft.server.log.segment.size.max = 1048576 (custom)
2019-08-24 22:45:19,015 [pool-439-thread-1] INFO  server.RaftServerConfigKeys (ConfUtils.java:logGet(43)) - raft.server.snapshot.auto.trigger.threshold = 10000 (custom)
2019-08-24 22:45:19,015 [pool-450-thread-1] INFO  server.RaftServerConfigKeys (ConfUtils.java:logGet(43)) - raft.server.log.preallocated.size = 16384 (custom)
2019-08-24 22:45:19,015 [pool-439-thread-1] INFO  server.RaftServerConfigKeys (ConfUtils.java:logGet(43)) - raft.server.retrycache.expirytime = 600000ms (custom)
2019-08-24 22:45:19,015 [pool-461-thread-1] INFO  server.RaftServerConfigKeys (ConfUtils.java:logGet(43)) - raft.server.log.preallocated.size = 16384 (custom)
2019-08-24 22:45:19,016 [pool-439-thread-1] INFO  impl.RaftServerImpl (RaftServerImpl.java:start(180)) - cba94083-6c60-4013-a5f5-8dfc358213cd: start group-8FA27D7B00F7
2019-08-24 22:45:19,015 [pool-450-thread-1] INFO  server.RaftServerConfigKeys (ConfUtils.java:logGet(43)) - raft.server.log.write.buffer.size = 33554432 (custom)
2019-08-24 22:45:19,016 [pool-439-thread-1] INFO  impl.RaftServerImpl (RaftServerImpl.java:setRole(171)) - cba94083-6c60-4013-a5f5-8dfc358213cd:group-8FA27D7B00F7 changes role from null to FOLLOWER at term 0 for startAsFollower
2019-08-24 22:45:19,016 [pool-461-thread-1] INFO  server.RaftServerConfigKeys (ConfUtils.java:logGet(43)) - raft.server.log.write.buffer.size = 33554432 (custom)
2019-08-24 22:45:19,016 [pool-439-thread-1] INFO  impl.RoleInfo (RoleInfo.java:updateAndGet(143)) - cba94083-6c60-4013-a5f5-8dfc358213cd: start FollowerState
2019-08-24 22:45:19,016 [pool-450-thread-1] INFO  server.RaftServerConfigKeys (ConfUtils.java:logGet(43)) - raft.server.log.force.sync.num = 128 (default)
2019-08-24 22:45:19,016 [pool-461-thread-1] INFO  server.RaftServerConfigKeys (ConfUtils.java:logGet(43)) - raft.server.log.force.sync.num = 128 (default)
2019-08-24 22:45:19,016 [pool-450-thread-1] INFO  server.RaftServerConfigKeys (ConfUtils.java:logGet(43)) - raft.server.log.statemachine.data.sync = true (default)
2019-08-24 22:45:19,017 [pool-439-thread-1] INFO  util.JmxRegister (JmxRegister.java:tryRegister(44)) - Successfully registered JMX Bean with object name Ratis:service=RaftServer,group=group-8FA27D7B00F7,id=cba94083-6c60-4013-a5f5-8dfc358213cd
2019-08-24 22:45:19,017 [pool-461-thread-1] INFO  server.RaftServerConfigKeys (ConfUtils.java:logGet(43)) - raft.server.log.statemachine.data.sync = true (default)
2019-08-24 22:45:19,017 [pool-450-thread-1] INFO  server.RaftServerConfigKeys (ConfUtils.java:logGet(43)) - raft.server.log.statemachine.data.sync.timeout = 10s (default)
2019-08-24 22:45:19,017 [pool-461-thread-1] INFO  server.RaftServerConfigKeys (ConfUtils.java:logGet(43)) - raft.server.log.statemachine.data.sync.timeout = 10s (default)
2019-08-24 22:45:19,017 [pool-450-thread-1] INFO  server.RaftServerConfigKeys (ConfUtils.java:logGet(43)) - raft.server.log.statemachine.data.sync.timeout.retry = -1 (default)
2019-08-24 22:45:19,017 [pool-461-thread-1] INFO  server.RaftServerConfigKeys (ConfUtils.java:logGet(43)) - raft.server.log.statemachine.data.sync.timeout.retry = -1 (default)
2019-08-24 22:45:19,018 [pool-450-thread-1] INFO  server.RaftServerConfigKeys (ConfUtils.java:logGet(43)) - raft.server.log.statemachine.data.caching.enabled = true (custom)
2019-08-24 22:45:19,018 [pool-461-thread-1] INFO  server.RaftServerConfigKeys (ConfUtils.java:logGet(43)) - raft.server.log.statemachine.data.caching.enabled = true (custom)
2019-08-24 22:45:19,018 [pool-450-thread-1] INFO  segmented.SegmentedRaftLogWorker (SegmentedRaftLogWorker.java:lambda$new$0(132)) - fef8ab6f-fb3f-4c85-8a3f-3f5378cc0e9d-SegmentedRaftLogWorker:Storage Directory /workdir/hadoop-ozone/integration-test/target/test-dir/MiniOzoneClusterImpl-614c102a-29d9-417a-b8c5-0217b2e5181d/datanode-1/data/ratis/bfb5824f-059b-4a53-aa71-8fa27d7b00f7: flushIndex: setUnconditionally 0 -> -1
2019-08-24 22:45:19,018 [pool-461-thread-1] INFO  segmented.SegmentedRaftLogWorker (SegmentedRaftLogWorker.java:lambda$new$0(132)) - 64266e81-f89e-4b53-ab01-a599594e3ea3-SegmentedRaftLogWorker:Storage Directory /workdir/hadoop-ozone/integration-test/target/test-dir/MiniOzoneClusterImpl-614c102a-29d9-417a-b8c5-0217b2e5181d/datanode-2/data/ratis/bfb5824f-059b-4a53-aa71-8fa27d7b00f7: flushIndex: setUnconditionally 0 -> -1
2019-08-24 22:45:19,019 [pool-450-thread-1] INFO  server.RaftServerConfigKeys (ConfUtils.java:logGet(43)) - raft.server.snapshot.auto.trigger.enabled = true (custom)
2019-08-24 22:45:19,019 [pool-450-thread-1] INFO  server.RaftServerConfigKeys (ConfUtils.java:logGet(43)) - raft.server.snapshot.auto.trigger.threshold = 10000 (custom)
2019-08-24 22:45:19,019 [pool-461-thread-1] INFO  server.RaftServerConfigKeys (ConfUtils.java:logGet(43)) - raft.server.snapshot.auto.trigger.enabled = true (custom)
2019-08-24 22:45:19,019 [pool-450-thread-1] INFO  server.RaftServerConfigKeys (ConfUtils.java:logGet(43)) - raft.server.retrycache.expirytime = 600000ms (custom)
2019-08-24 22:45:19,019 [pool-461-thread-1] INFO  server.RaftServerConfigKeys (ConfUtils.java:logGet(43)) - raft.server.snapshot.auto.trigger.threshold = 10000 (custom)
2019-08-24 22:45:19,027 [pool-450-thread-1] INFO  impl.RaftServerImpl (RaftServerImpl.java:start(180)) - fef8ab6f-fb3f-4c85-8a3f-3f5378cc0e9d: start group-8FA27D7B00F7
2019-08-24 22:45:19,027 [pool-461-thread-1] INFO  server.RaftServerConfigKeys (ConfUtils.java:logGet(43)) - raft.server.retrycache.expirytime = 600000ms (custom)
2019-08-24 22:45:19,027 [pool-450-thread-1] INFO  impl.RaftServerImpl (RaftServerImpl.java:setRole(171)) - fef8ab6f-fb3f-4c85-8a3f-3f5378cc0e9d:group-8FA27D7B00F7 changes role from null to FOLLOWER at term 0 for startAsFollower
2019-08-24 22:45:19,028 [pool-461-thread-1] INFO  impl.RaftServerImpl (RaftServerImpl.java:start(180)) - 64266e81-f89e-4b53-ab01-a599594e3ea3: start group-8FA27D7B00F7
2019-08-24 22:45:19,028 [pool-450-thread-1] INFO  impl.RoleInfo (RoleInfo.java:updateAndGet(143)) - fef8ab6f-fb3f-4c85-8a3f-3f5378cc0e9d: start FollowerState
2019-08-24 22:45:19,028 [pool-461-thread-1] INFO  impl.RaftServerImpl (RaftServerImpl.java:setRole(171)) - 64266e81-f89e-4b53-ab01-a599594e3ea3:group-8FA27D7B00F7 changes role from null to FOLLOWER at term 0 for startAsFollower
2019-08-24 22:45:19,028 [pool-461-thread-1] INFO  impl.RoleInfo (RoleInfo.java:updateAndGet(143)) - 64266e81-f89e-4b53-ab01-a599594e3ea3: start FollowerState
2019-08-24 22:45:19,028 [pool-450-thread-1] INFO  util.JmxRegister (JmxRegister.java:tryRegister(44)) - Successfully registered JMX Bean with object name Ratis:service=RaftServer,group=group-8FA27D7B00F7,id=fef8ab6f-fb3f-4c85-8a3f-3f5378cc0e9d
2019-08-24 22:45:19,029 [pool-461-thread-1] INFO  util.JmxRegister (JmxRegister.java:tryRegister(44)) - Successfully registered JMX Bean with object name Ratis:service=RaftServer,group=group-8FA27D7B00F7,id=64266e81-f89e-4b53-ab01-a599594e3ea3
2019-08-24 22:45:19,033 [RatisPipelineUtilsThread] INFO  pipeline.PipelineStateManager (PipelineStateManager.java:addPipeline(56)) - Created pipeline Pipeline[ Id: bfb5824f-059b-4a53-aa71-8fa27d7b00f7, Nodes: fef8ab6f-fb3f-4c85-8a3f-3f5378cc0e9d{ip: 192.168.34.50, host: pr-hdds-2030-j7d29-893466226, networkLocation: /default-rack, certSerialId: null}cba94083-6c60-4013-a5f5-8dfc358213cd{ip: 192.168.34.50, host: pr-hdds-2030-j7d29-893466226, networkLocation: /default-rack, certSerialId: null}64266e81-f89e-4b53-ab01-a599594e3ea3{ip: 192.168.34.50, host: pr-hdds-2030-j7d29-893466226, networkLocation: /default-rack, certSerialId: null}, Type:RATIS, Factor:THREE, State:OPEN]
2019-08-24 22:45:19,139 [IPC Server handler 16 on 44456] INFO  net.NetworkTopology (NetworkTopologyImpl.java:add(110)) - Added a new node: /default-rack/76d0d5d6-c2d6-4b53-8535-d18625577ddc
2019-08-24 22:45:19,139 [IPC Server handler 16 on 44456] INFO  node.SCMNodeManager (SCMNodeManager.java:register(273)) - Registered Data node : 76d0d5d6-c2d6-4b53-8535-d18625577ddc{ip: 192.168.34.50, host: pr-hdds-2030-j7d29-893466226, networkLocation: /default-rack, certSerialId: null}
2019-08-24 22:45:19,140 | INFO  | SCMAudit | user=jenkins1000 | ip=192.168.34.50 | op=REGISTER {datanodeDetails=76d0d5d6-c2d6-4b53-8535-d18625577ddc{ip: 192.168.34.50, host: pr-hdds-2030-j7d29-893466226, networkLocation: /default-rack, certSerialId: null}} | ret=SUCCESS |  
2019-08-24 22:45:19,152 [grpc-default-executor-7] INFO  impl.RaftServerProxy (RaftServerProxy.java:addNew(89)) - 76d0d5d6-c2d6-4b53-8535-d18625577ddc: addNew group-59B28DBF9102:[76d0d5d6-c2d6-4b53-8535-d18625577ddc:192.168.34.50:38406] returns group-59B28DBF9102:java.util.concurrent.CompletableFuture@37904a84[Not completed]
2019-08-24 22:45:19,153 [pool-472-thread-1] INFO  impl.RaftServerImpl (RaftServerImpl.java:<init>(93)) - 76d0d5d6-c2d6-4b53-8535-d18625577ddc: new RaftServerImpl for group-59B28DBF9102:[76d0d5d6-c2d6-4b53-8535-d18625577ddc:192.168.34.50:38406] with ContainerStateMachine:uninitialized
2019-08-24 22:45:19,153 [pool-472-thread-1] INFO  server.RaftServerConfigKeys (ConfUtils.java:logGet(43)) - raft.server.rpc.timeout.min = 5s (custom)
2019-08-24 22:45:19,154 [pool-472-thread-1] INFO  server.RaftServerConfigKeys (ConfUtils.java:logGet(43)) - raft.server.rpc.timeout.max = 5200ms (custom)
2019-08-24 22:45:19,154 [pool-472-thread-1] INFO  server.RaftServerConfigKeys (ConfUtils.java:logGet(43)) - raft.server.rpcslowness.timeout = 120s (custom)
2019-08-24 22:45:19,154 [pool-472-thread-1] INFO  server.RaftServerConfigKeys (ConfUtils.java:logGet(43)) - raft.server.sleep.deviation.threshold = 300 (default)
2019-08-24 22:45:19,154 [pool-472-thread-1] INFO  server.RaftServerConfigKeys (ConfUtils.java:logGet(43)) - raft.server.log.appender.install.snapshot.enabled = false (custom)
2019-08-24 22:45:19,154 [pool-472-thread-1] INFO  impl.RaftServerImpl (ServerState.java:<init>(105)) - 76d0d5d6-c2d6-4b53-8535-d18625577ddc:group-59B28DBF9102 ConfigurationManager, init=-1: [76d0d5d6-c2d6-4b53-8535-d18625577ddc:192.168.34.50:38406], old=null, confs=<EMPTY_MAP>
2019-08-24 22:45:19,154 [pool-472-thread-1] INFO  server.RaftServerConfigKeys (ConfUtils.java:logGet(43)) - raft.server.storage.dir = [/workdir/hadoop-ozone/integration-test/target/test-dir/MiniOzoneClusterImpl-614c102a-29d9-417a-b8c5-0217b2e5181d/datanode-3/data/ratis] (custom)
2019-08-24 22:45:19,155 [pool-472-thread-1] INFO  storage.RaftStorageDirectory (RaftStorageDirectory.java:analyzeStorage(246)) - The storage directory /workdir/hadoop-ozone/integration-test/target/test-dir/MiniOzoneClusterImpl-614c102a-29d9-417a-b8c5-0217b2e5181d/datanode-3/data/ratis/6156bd1e-c95a-4bdf-94a3-59b28dbf9102 does not exist. Creating ...
2019-08-24 22:45:19,168 [pool-472-thread-1] INFO  storage.RaftStorageDirectory (RaftStorageDirectory.java:tryLock(328)) - Lock on /workdir/hadoop-ozone/integration-test/target/test-dir/MiniOzoneClusterImpl-614c102a-29d9-417a-b8c5-0217b2e5181d/datanode-3/data/ratis/6156bd1e-c95a-4bdf-94a3-59b28dbf9102/in_use.lock acquired by nodename 11715@pr-hdds-2030-j7d29-893466226
2019-08-24 22:45:19,181 [pool-472-thread-1] INFO  storage.RaftStorage (RaftStorage.java:format(72)) - Storage directory /workdir/hadoop-ozone/integration-test/target/test-dir/MiniOzoneClusterImpl-614c102a-29d9-417a-b8c5-0217b2e5181d/datanode-3/data/ratis/6156bd1e-c95a-4bdf-94a3-59b28dbf9102 has been successfully formatted.
2019-08-24 22:45:19,182 [pool-472-thread-1] INFO  ratis.ContainerStateMachine (ContainerStateMachine.java:loadSnapshot(226)) - group-59B28DBF9102: The snapshot info is null. Setting the last applied indexto:(t:0, i:~)
2019-08-24 22:45:19,182 [pool-472-thread-1] INFO  server.RaftServerConfigKeys (ConfUtils.java:logGet(43)) - raft.server.leader.election.timeout = 120s (custom)
2019-08-24 22:45:19,182 [pool-472-thread-1] INFO  server.RaftServerConfigKeys (ConfUtils.java:logGet(43)) - raft.server.log.use.memory = false (default)
2019-08-24 22:45:19,182 [pool-472-thread-1] INFO  server.RaftServerConfigKeys (ConfUtils.java:logGet(43)) - raft.server.log.purge.gap = 1000000 (custom)
2019-08-24 22:45:19,182 [pool-472-thread-1] INFO  server.RaftServerConfigKeys (ConfUtils.java:logGet(43)) - raft.server.log.appender.buffer.byte-limit = 33554432 (custom)
2019-08-24 22:45:19,183 [pool-472-thread-1] INFO  server.RaftServerConfigKeys (ConfUtils.java:logGet(43)) - raft.server.log.segment.size.max = 1048576 (custom)
2019-08-24 22:45:19,183 [pool-472-thread-1] INFO  server.RaftServerConfigKeys (ConfUtils.java:logGet(43)) - raft.server.log.segment.cache.num.max = 2 (custom)
2019-08-24 22:45:19,183 [pool-472-thread-1] INFO  segmented.SegmentedRaftLogWorker (SegmentedRaftLogWorker.java:<init>(172)) - new 76d0d5d6-c2d6-4b53-8535-d18625577ddc-SegmentedRaftLogWorker:Storage Directory /workdir/hadoop-ozone/integration-test/target/test-dir/MiniOzoneClusterImpl-614c102a-29d9-417a-b8c5-0217b2e5181d/datanode-3/data/ratis/6156bd1e-c95a-4bdf-94a3-59b28dbf9102 for RaftStorage:Storage Directory /workdir/hadoop-ozone/integration-test/target/test-dir/MiniOzoneClusterImpl-614c102a-29d9-417a-b8c5-0217b2e5181d/datanode-3/data/ratis/6156bd1e-c95a-4bdf-94a3-59b28dbf9102
2019-08-24 22:45:19,183 [pool-472-thread-1] INFO  server.RaftServerConfigKeys (ConfUtils.java:logGet(43)) - raft.server.log.queue.byte-limit = 2147483647 (custom)
2019-08-24 22:45:19,183 [pool-472-thread-1] INFO  server.RaftServerConfigKeys (ConfUtils.java:logGet(43)) - raft.server.log.queue.element-limit = 1024 (custom)
2019-08-24 22:45:19,184 [pool-472-thread-1] INFO  server.RaftServerConfigKeys (ConfUtils.java:logGet(43)) - raft.server.log.segment.size.max = 1048576 (custom)
2019-08-24 22:45:19,184 [pool-472-thread-1] INFO  server.RaftServerConfigKeys (ConfUtils.java:logGet(43)) - raft.server.log.preallocated.size = 16384 (custom)
2019-08-24 22:45:19,184 [pool-472-thread-1] INFO  server.RaftServerConfigKeys (ConfUtils.java:logGet(43)) - raft.server.log.write.buffer.size = 33554432 (custom)
2019-08-24 22:45:19,184 [pool-472-thread-1] INFO  server.RaftServerConfigKeys (ConfUtils.java:logGet(43)) - raft.server.log.force.sync.num = 128 (default)
2019-08-24 22:45:19,184 [pool-472-thread-1] INFO  server.RaftServerConfigKeys (ConfUtils.java:logGet(43)) - raft.server.log.statemachine.data.sync = true (default)
2019-08-24 22:45:19,184 [pool-472-thread-1] INFO  server.RaftServerConfigKeys (ConfUtils.java:logGet(43)) - raft.server.log.statemachine.data.sync.timeout = 10s (default)
2019-08-24 22:45:19,185 [pool-472-thread-1] INFO  server.RaftServerConfigKeys (ConfUtils.java:logGet(43)) - raft.server.log.statemachine.data.sync.timeout.retry = -1 (default)
2019-08-24 22:45:19,185 [pool-472-thread-1] INFO  server.RaftServerConfigKeys (ConfUtils.java:logGet(43)) - raft.server.log.statemachine.data.caching.enabled = true (custom)
2019-08-24 22:45:19,185 [pool-472-thread-1] INFO  segmented.SegmentedRaftLogWorker (SegmentedRaftLogWorker.java:lambda$new$0(132)) - 76d0d5d6-c2d6-4b53-8535-d18625577ddc-SegmentedRaftLogWorker:Storage Directory /workdir/hadoop-ozone/integration-test/target/test-dir/MiniOzoneClusterImpl-614c102a-29d9-417a-b8c5-0217b2e5181d/datanode-3/data/ratis/6156bd1e-c95a-4bdf-94a3-59b28dbf9102: flushIndex: setUnconditionally 0 -> -1
2019-08-24 22:45:19,186 [pool-472-thread-1] INFO  server.RaftServerConfigKeys (ConfUtils.java:logGet(43)) - raft.server.snapshot.auto.trigger.enabled = true (custom)
2019-08-24 22:45:19,186 [pool-472-thread-1] INFO  server.RaftServerConfigKeys (ConfUtils.java:logGet(43)) - raft.server.snapshot.auto.trigger.threshold = 10000 (custom)
2019-08-24 22:45:19,186 [pool-472-thread-1] INFO  server.RaftServerConfigKeys (ConfUtils.java:logGet(43)) - raft.server.retrycache.expirytime = 600000ms (custom)
2019-08-24 22:45:19,186 [pool-472-thread-1] INFO  impl.RaftServerImpl (RaftServerImpl.java:start(180)) - 76d0d5d6-c2d6-4b53-8535-d18625577ddc: start group-59B28DBF9102
2019-08-24 22:45:19,187 [pool-472-thread-1] INFO  impl.RaftServerImpl (RaftServerImpl.java:setRole(171)) - 76d0d5d6-c2d6-4b53-8535-d18625577ddc:group-59B28DBF9102 changes role from null to FOLLOWER at term 0 for startAsFollower
2019-08-24 22:45:19,187 [pool-472-thread-1] INFO  impl.RoleInfo (RoleInfo.java:updateAndGet(143)) - 76d0d5d6-c2d6-4b53-8535-d18625577ddc: start FollowerState
2019-08-24 22:45:19,213 [pool-472-thread-1] INFO  util.JmxRegister (JmxRegister.java:tryRegister(44)) - Successfully registered JMX Bean with object name Ratis:service=RaftServer,group=group-59B28DBF9102,id=76d0d5d6-c2d6-4b53-8535-d18625577ddc
2019-08-24 22:45:19,224 [RatisPipelineUtilsThread] INFO  pipeline.PipelineStateManager (PipelineStateManager.java:addPipeline(56)) - Created pipeline Pipeline[ Id: 6156bd1e-c95a-4bdf-94a3-59b28dbf9102, Nodes: 76d0d5d6-c2d6-4b53-8535-d18625577ddc{ip: 192.168.34.50, host: pr-hdds-2030-j7d29-893466226, networkLocation: /default-rack, certSerialId: null}, Type:RATIS, Factor:ONE, State:OPEN]
2019-08-24 22:45:19,353 [IPC Server handler 12 on 44456] INFO  net.NetworkTopology (NetworkTopologyImpl.java:add(110)) - Added a new node: /default-rack/f7849cca-8227-4286-beaa-44e6969b61f8
2019-08-24 22:45:19,353 [IPC Server handler 12 on 44456] INFO  node.SCMNodeManager (SCMNodeManager.java:register(273)) - Registered Data node : f7849cca-8227-4286-beaa-44e6969b61f8{ip: 192.168.34.50, host: pr-hdds-2030-j7d29-893466226, networkLocation: /default-rack, certSerialId: null}
2019-08-24 22:45:19,356 | INFO  | SCMAudit | user=jenkins1000 | ip=192.168.34.50 | op=REGISTER {datanodeDetails=f7849cca-8227-4286-beaa-44e6969b61f8{ip: 192.168.34.50, host: pr-hdds-2030-j7d29-893466226, networkLocation: /default-rack, certSerialId: null}} | ret=SUCCESS |  
2019-08-24 22:45:19,366 [grpc-default-executor-7] INFO  impl.RaftServerProxy (RaftServerProxy.java:addNew(89)) - f7849cca-8227-4286-beaa-44e6969b61f8: addNew group-FF3B3F57D75F:[f7849cca-8227-4286-beaa-44e6969b61f8:192.168.34.50:44923] returns group-FF3B3F57D75F:java.util.concurrent.CompletableFuture@3af850ee[Not completed]
2019-08-24 22:45:19,367 [pool-483-thread-1] INFO  impl.RaftServerImpl (RaftServerImpl.java:<init>(93)) - f7849cca-8227-4286-beaa-44e6969b61f8: new RaftServerImpl for group-FF3B3F57D75F:[f7849cca-8227-4286-beaa-44e6969b61f8:192.168.34.50:44923] with ContainerStateMachine:uninitialized
2019-08-24 22:45:19,368 [pool-483-thread-1] INFO  server.RaftServerConfigKeys (ConfUtils.java:logGet(43)) - raft.server.rpc.timeout.min = 5s (custom)
2019-08-24 22:45:19,368 [pool-483-thread-1] INFO  server.RaftServerConfigKeys (ConfUtils.java:logGet(43)) - raft.server.rpc.timeout.max = 5200ms (custom)
2019-08-24 22:45:19,368 [pool-483-thread-1] INFO  server.RaftServerConfigKeys (ConfUtils.java:logGet(43)) - raft.server.rpcslowness.timeout = 120s (custom)
2019-08-24 22:45:19,368 [pool-483-thread-1] INFO  server.RaftServerConfigKeys (ConfUtils.java:logGet(43)) - raft.server.sleep.deviation.threshold = 300 (default)
2019-08-24 22:45:19,368 [pool-483-thread-1] INFO  server.RaftServerConfigKeys (ConfUtils.java:logGet(43)) - raft.server.log.appender.install.snapshot.enabled = false (custom)
2019-08-24 22:45:19,368 [pool-483-thread-1] INFO  impl.RaftServerImpl (ServerState.java:<init>(105)) - f7849cca-8227-4286-beaa-44e6969b61f8:group-FF3B3F57D75F ConfigurationManager, init=-1: [f7849cca-8227-4286-beaa-44e6969b61f8:192.168.34.50:44923], old=null, confs=<EMPTY_MAP>
2019-08-24 22:45:19,369 [pool-483-thread-1] INFO  server.RaftServerConfigKeys (ConfUtils.java:logGet(43)) - raft.server.storage.dir = [/workdir/hadoop-ozone/integration-test/target/test-dir/MiniOzoneClusterImpl-614c102a-29d9-417a-b8c5-0217b2e5181d/datanode-4/data/ratis] (custom)
2019-08-24 22:45:19,369 [pool-483-thread-1] INFO  storage.RaftStorageDirectory (RaftStorageDirectory.java:analyzeStorage(246)) - The storage directory /workdir/hadoop-ozone/integration-test/target/test-dir/MiniOzoneClusterImpl-614c102a-29d9-417a-b8c5-0217b2e5181d/datanode-4/data/ratis/b3271826-f60f-4b50-b7bf-ff3b3f57d75f does not exist. Creating ...
2019-08-24 22:45:19,383 [pool-483-thread-1] INFO  storage.RaftStorageDirectory (RaftStorageDirectory.java:tryLock(328)) - Lock on /workdir/hadoop-ozone/integration-test/target/test-dir/MiniOzoneClusterImpl-614c102a-29d9-417a-b8c5-0217b2e5181d/datanode-4/data/ratis/b3271826-f60f-4b50-b7bf-ff3b3f57d75f/in_use.lock acquired by nodename 11715@pr-hdds-2030-j7d29-893466226
2019-08-24 22:45:19,396 [pool-483-thread-1] INFO  storage.RaftStorage (RaftStorage.java:format(72)) - Storage directory /workdir/hadoop-ozone/integration-test/target/test-dir/MiniOzoneClusterImpl-614c102a-29d9-417a-b8c5-0217b2e5181d/datanode-4/data/ratis/b3271826-f60f-4b50-b7bf-ff3b3f57d75f has been successfully formatted.
2019-08-24 22:45:19,396 [pool-483-thread-1] INFO  ratis.ContainerStateMachine (ContainerStateMachine.java:loadSnapshot(226)) - group-FF3B3F57D75F: The snapshot info is null. Setting the last applied indexto:(t:0, i:~)
2019-08-24 22:45:19,396 [pool-483-thread-1] INFO  server.RaftServerConfigKeys (ConfUtils.java:logGet(43)) - raft.server.leader.election.timeout = 120s (custom)
2019-08-24 22:45:19,396 [pool-483-thread-1] INFO  server.RaftServerConfigKeys (ConfUtils.java:logGet(43)) - raft.server.log.use.memory = false (default)
2019-08-24 22:45:19,397 [pool-483-thread-1] INFO  server.RaftServerConfigKeys (ConfUtils.java:logGet(43)) - raft.server.log.purge.gap = 1000000 (custom)
2019-08-24 22:45:19,397 [pool-483-thread-1] INFO  server.RaftServerConfigKeys (ConfUtils.java:logGet(43)) - raft.server.log.appender.buffer.byte-limit = 33554432 (custom)
2019-08-24 22:45:19,397 [pool-483-thread-1] INFO  server.RaftServerConfigKeys (ConfUtils.java:logGet(43)) - raft.server.log.segment.size.max = 1048576 (custom)
2019-08-24 22:45:19,397 [pool-483-thread-1] INFO  server.RaftServerConfigKeys (ConfUtils.java:logGet(43)) - raft.server.log.segment.cache.num.max = 2 (custom)
2019-08-24 22:45:19,397 [pool-483-thread-1] INFO  segmented.SegmentedRaftLogWorker (SegmentedRaftLogWorker.java:<init>(172)) - new f7849cca-8227-4286-beaa-44e6969b61f8-SegmentedRaftLogWorker:Storage Directory /workdir/hadoop-ozone/integration-test/target/test-dir/MiniOzoneClusterImpl-614c102a-29d9-417a-b8c5-0217b2e5181d/datanode-4/data/ratis/b3271826-f60f-4b50-b7bf-ff3b3f57d75f for RaftStorage:Storage Directory /workdir/hadoop-ozone/integration-test/target/test-dir/MiniOzoneClusterImpl-614c102a-29d9-417a-b8c5-0217b2e5181d/datanode-4/data/ratis/b3271826-f60f-4b50-b7bf-ff3b3f57d75f
2019-08-24 22:45:19,397 [pool-483-thread-1] INFO  server.RaftServerConfigKeys (ConfUtils.java:logGet(43)) - raft.server.log.queue.byte-limit = 2147483647 (custom)
2019-08-24 22:45:19,398 [pool-483-thread-1] INFO  server.RaftServerConfigKeys (ConfUtils.java:logGet(43)) - raft.server.log.queue.element-limit = 1024 (custom)
2019-08-24 22:45:19,398 [pool-483-thread-1] INFO  server.RaftServerConfigKeys (ConfUtils.java:logGet(43)) - raft.server.log.segment.size.max = 1048576 (custom)
2019-08-24 22:45:19,398 [pool-483-thread-1] INFO  server.RaftServerConfigKeys (ConfUtils.java:logGet(43)) - raft.server.log.preallocated.size = 16384 (custom)
2019-08-24 22:45:19,398 [pool-483-thread-1] INFO  server.RaftServerConfigKeys (ConfUtils.java:logGet(43)) - raft.server.log.write.buffer.size = 33554432 (custom)
2019-08-24 22:45:19,398 [pool-483-thread-1] INFO  server.RaftServerConfigKeys (ConfUtils.java:logGet(43)) - raft.server.log.force.sync.num = 128 (default)
2019-08-24 22:45:19,399 [pool-483-thread-1] INFO  server.RaftServerConfigKeys (ConfUtils.java:logGet(43)) - raft.server.log.statemachine.data.sync = true (default)
2019-08-24 22:45:19,399 [pool-483-thread-1] INFO  server.RaftServerConfigKeys (ConfUtils.java:logGet(43)) - raft.server.log.statemachine.data.sync.timeout = 10s (default)
2019-08-24 22:45:19,399 [pool-483-thread-1] INFO  server.RaftServerConfigKeys (ConfUtils.java:logGet(43)) - raft.server.log.statemachine.data.sync.timeout.retry = -1 (default)
2019-08-24 22:45:19,399 [pool-483-thread-1] INFO  server.RaftServerConfigKeys (ConfUtils.java:logGet(43)) - raft.server.log.statemachine.data.caching.enabled = true (custom)
2019-08-24 22:45:19,400 [pool-483-thread-1] INFO  segmented.SegmentedRaftLogWorker (SegmentedRaftLogWorker.java:lambda$new$0(132)) - f7849cca-8227-4286-beaa-44e6969b61f8-SegmentedRaftLogWorker:Storage Directory /workdir/hadoop-ozone/integration-test/target/test-dir/MiniOzoneClusterImpl-614c102a-29d9-417a-b8c5-0217b2e5181d/datanode-4/data/ratis/b3271826-f60f-4b50-b7bf-ff3b3f57d75f: flushIndex: setUnconditionally 0 -> -1
2019-08-24 22:45:19,400 [pool-483-thread-1] INFO  server.RaftServerConfigKeys (ConfUtils.java:logGet(43)) - raft.server.snapshot.auto.trigger.enabled = true (custom)
2019-08-24 22:45:19,400 [pool-483-thread-1] INFO  server.RaftServerConfigKeys (ConfUtils.java:logGet(43)) - raft.server.snapshot.auto.trigger.threshold = 10000 (custom)
2019-08-24 22:45:19,400 [pool-483-thread-1] INFO  server.RaftServerConfigKeys (ConfUtils.java:logGet(43)) - raft.server.retrycache.expirytime = 600000ms (custom)
2019-08-24 22:45:19,401 [pool-483-thread-1] INFO  impl.RaftServerImpl (RaftServerImpl.java:start(180)) - f7849cca-8227-4286-beaa-44e6969b61f8: start group-FF3B3F57D75F
2019-08-24 22:45:19,401 [pool-483-thread-1] INFO  impl.RaftServerImpl (RaftServerImpl.java:setRole(171)) - f7849cca-8227-4286-beaa-44e6969b61f8:group-FF3B3F57D75F changes role from null to FOLLOWER at term 0 for startAsFollower
2019-08-24 22:45:19,401 [pool-483-thread-1] INFO  impl.RoleInfo (RoleInfo.java:updateAndGet(143)) - f7849cca-8227-4286-beaa-44e6969b61f8: start FollowerState
2019-08-24 22:45:19,401 [pool-483-thread-1] INFO  util.JmxRegister (JmxRegister.java:tryRegister(44)) - Successfully registered JMX Bean with object name Ratis:service=RaftServer,group=group-FF3B3F57D75F,id=f7849cca-8227-4286-beaa-44e6969b61f8
2019-08-24 22:45:19,406 [RatisPipelineUtilsThread] INFO  pipeline.PipelineStateManager (PipelineStateManager.java:addPipeline(56)) - Created pipeline Pipeline[ Id: b3271826-f60f-4b50-b7bf-ff3b3f57d75f, Nodes: f7849cca-8227-4286-beaa-44e6969b61f8{ip: 192.168.34.50, host: pr-hdds-2030-j7d29-893466226, networkLocation: /default-rack, certSerialId: null}, Type:RATIS, Factor:ONE, State:OPEN]
2019-08-24 22:45:19,546 [IPC Server handler 13 on 44456] INFO  net.NetworkTopology (NetworkTopologyImpl.java:add(110)) - Added a new node: /default-rack/a1d0d6a6-7e3c-45f4-91cb-df460e9a90a2
2019-08-24 22:45:19,546 [IPC Server handler 13 on 44456] INFO  node.SCMNodeManager (SCMNodeManager.java:register(273)) - Registered Data node : a1d0d6a6-7e3c-45f4-91cb-df460e9a90a2{ip: 192.168.34.50, host: pr-hdds-2030-j7d29-893466226, networkLocation: /default-rack, certSerialId: null}
2019-08-24 22:45:19,549 | INFO  | SCMAudit | user=jenkins1000 | ip=192.168.34.50 | op=REGISTER {datanodeDetails=a1d0d6a6-7e3c-45f4-91cb-df460e9a90a2{ip: 192.168.34.50, host: pr-hdds-2030-j7d29-893466226, networkLocation: /default-rack, certSerialId: null}} | ret=SUCCESS |  
2019-08-24 22:45:19,559 [grpc-default-executor-7] INFO  impl.RaftServerProxy (RaftServerProxy.java:addNew(89)) - a1d0d6a6-7e3c-45f4-91cb-df460e9a90a2: addNew group-DAC357987336:[a1d0d6a6-7e3c-45f4-91cb-df460e9a90a2:192.168.34.50:40053] returns group-DAC357987336:java.util.concurrent.CompletableFuture@1dcde2f5[Not completed]
2019-08-24 22:45:19,560 [pool-494-thread-1] INFO  impl.RaftServerImpl (RaftServerImpl.java:<init>(93)) - a1d0d6a6-7e3c-45f4-91cb-df460e9a90a2: new RaftServerImpl for group-DAC357987336:[a1d0d6a6-7e3c-45f4-91cb-df460e9a90a2:192.168.34.50:40053] with ContainerStateMachine:uninitialized
2019-08-24 22:45:19,561 [pool-494-thread-1] INFO  server.RaftServerConfigKeys (ConfUtils.java:logGet(43)) - raft.server.rpc.timeout.min = 5s (custom)
2019-08-24 22:45:19,561 [pool-494-thread-1] INFO  server.RaftServerConfigKeys (ConfUtils.java:logGet(43)) - raft.server.rpc.timeout.max = 5200ms (custom)
2019-08-24 22:45:19,561 [pool-494-thread-1] INFO  server.RaftServerConfigKeys (ConfUtils.java:logGet(43)) - raft.server.rpcslowness.timeout = 120s (custom)
2019-08-24 22:45:19,561 [pool-494-thread-1] INFO  server.RaftServerConfigKeys (ConfUtils.java:logGet(43)) - raft.server.sleep.deviation.threshold = 300 (default)
2019-08-24 22:45:19,561 [pool-494-thread-1] INFO  server.RaftServerConfigKeys (ConfUtils.java:logGet(43)) - raft.server.log.appender.install.snapshot.enabled = false (custom)
2019-08-24 22:45:19,561 [pool-494-thread-1] INFO  impl.RaftServerImpl (ServerState.java:<init>(105)) - a1d0d6a6-7e3c-45f4-91cb-df460e9a90a2:group-DAC357987336 ConfigurationManager, init=-1: [a1d0d6a6-7e3c-45f4-91cb-df460e9a90a2:192.168.34.50:40053], old=null, confs=<EMPTY_MAP>
2019-08-24 22:45:19,562 [pool-494-thread-1] INFO  server.RaftServerConfigKeys (ConfUtils.java:logGet(43)) - raft.server.storage.dir = [/workdir/hadoop-ozone/integration-test/target/test-dir/MiniOzoneClusterImpl-614c102a-29d9-417a-b8c5-0217b2e5181d/datanode-5/data/ratis] (custom)
2019-08-24 22:45:19,562 [pool-494-thread-1] INFO  storage.RaftStorageDirectory (RaftStorageDirectory.java:analyzeStorage(246)) - The storage directory /workdir/hadoop-ozone/integration-test/target/test-dir/MiniOzoneClusterImpl-614c102a-29d9-417a-b8c5-0217b2e5181d/datanode-5/data/ratis/15afca7d-835d-4525-b10a-dac357987336 does not exist. Creating ...
2019-08-24 22:45:19,576 [pool-494-thread-1] INFO  storage.RaftStorageDirectory (RaftStorageDirectory.java:tryLock(328)) - Lock on /workdir/hadoop-ozone/integration-test/target/test-dir/MiniOzoneClusterImpl-614c102a-29d9-417a-b8c5-0217b2e5181d/datanode-5/data/ratis/15afca7d-835d-4525-b10a-dac357987336/in_use.lock acquired by nodename 11715@pr-hdds-2030-j7d29-893466226
2019-08-24 22:45:19,589 [pool-494-thread-1] INFO  storage.RaftStorage (RaftStorage.java:format(72)) - Storage directory /workdir/hadoop-ozone/integration-test/target/test-dir/MiniOzoneClusterImpl-614c102a-29d9-417a-b8c5-0217b2e5181d/datanode-5/data/ratis/15afca7d-835d-4525-b10a-dac357987336 has been successfully formatted.
2019-08-24 22:45:19,589 [pool-494-thread-1] INFO  ratis.ContainerStateMachine (ContainerStateMachine.java:loadSnapshot(226)) - group-DAC357987336: The snapshot info is null. Setting the last applied indexto:(t:0, i:~)
2019-08-24 22:45:19,589 [pool-494-thread-1] INFO  server.RaftServerConfigKeys (ConfUtils.java:logGet(43)) - raft.server.leader.election.timeout = 120s (custom)
2019-08-24 22:45:19,589 [pool-494-thread-1] INFO  server.RaftServerConfigKeys (ConfUtils.java:logGet(43)) - raft.server.log.use.memory = false (default)
2019-08-24 22:45:19,589 [pool-494-thread-1] INFO  server.RaftServerConfigKeys (ConfUtils.java:logGet(43)) - raft.server.log.purge.gap = 1000000 (custom)
2019-08-24 22:45:19,590 [pool-494-thread-1] INFO  server.RaftServerConfigKeys (ConfUtils.java:logGet(43)) - raft.server.log.appender.buffer.byte-limit = 33554432 (custom)
2019-08-24 22:45:19,590 [pool-494-thread-1] INFO  server.RaftServerConfigKeys (ConfUtils.java:logGet(43)) - raft.server.log.segment.size.max = 1048576 (custom)
2019-08-24 22:45:19,590 [pool-494-thread-1] INFO  server.RaftServerConfigKeys (ConfUtils.java:logGet(43)) - raft.server.log.segment.cache.num.max = 2 (custom)
2019-08-24 22:45:19,590 [pool-494-thread-1] INFO  segmented.SegmentedRaftLogWorker (SegmentedRaftLogWorker.java:<init>(172)) - new a1d0d6a6-7e3c-45f4-91cb-df460e9a90a2-SegmentedRaftLogWorker:Storage Directory /workdir/hadoop-ozone/integration-test/target/test-dir/MiniOzoneClusterImpl-614c102a-29d9-417a-b8c5-0217b2e5181d/datanode-5/data/ratis/15afca7d-835d-4525-b10a-dac357987336 for RaftStorage:Storage Directory /workdir/hadoop-ozone/integration-test/target/test-dir/MiniOzoneClusterImpl-614c102a-29d9-417a-b8c5-0217b2e5181d/datanode-5/data/ratis/15afca7d-835d-4525-b10a-dac357987336
2019-08-24 22:45:19,590 [pool-494-thread-1] INFO  server.RaftServerConfigKeys (ConfUtils.java:logGet(43)) - raft.server.log.queue.byte-limit = 2147483647 (custom)
2019-08-24 22:45:19,590 [pool-494-thread-1] INFO  server.RaftServerConfigKeys (ConfUtils.java:logGet(43)) - raft.server.log.queue.element-limit = 1024 (custom)
2019-08-24 22:45:19,591 [pool-494-thread-1] INFO  server.RaftServerConfigKeys (ConfUtils.java:logGet(43)) - raft.server.log.segment.size.max = 1048576 (custom)
2019-08-24 22:45:19,591 [pool-494-thread-1] INFO  server.RaftServerConfigKeys (ConfUtils.java:logGet(43)) - raft.server.log.preallocated.size = 16384 (custom)
2019-08-24 22:45:19,591 [pool-494-thread-1] INFO  server.RaftServerConfigKeys (ConfUtils.java:logGet(43)) - raft.server.log.write.buffer.size = 33554432 (custom)
2019-08-24 22:45:19,591 [pool-494-thread-1] INFO  server.RaftServerConfigKeys (ConfUtils.java:logGet(43)) - raft.server.log.force.sync.num = 128 (default)
2019-08-24 22:45:19,591 [pool-494-thread-1] INFO  server.RaftServerConfigKeys (ConfUtils.java:logGet(43)) - raft.server.log.statemachine.data.sync = true (default)
2019-08-24 22:45:19,591 [pool-494-thread-1] INFO  server.RaftServerConfigKeys (ConfUtils.java:logGet(43)) - raft.server.log.statemachine.data.sync.timeout = 10s (default)
2019-08-24 22:45:19,592 [pool-494-thread-1] INFO  server.RaftServerConfigKeys (ConfUtils.java:logGet(43)) - raft.server.log.statemachine.data.sync.timeout.retry = -1 (default)
2019-08-24 22:45:19,592 [pool-494-thread-1] INFO  server.RaftServerConfigKeys (ConfUtils.java:logGet(43)) - raft.server.log.statemachine.data.caching.enabled = true (custom)
2019-08-24 22:45:19,592 [pool-494-thread-1] INFO  segmented.SegmentedRaftLogWorker (SegmentedRaftLogWorker.java:lambda$new$0(132)) - a1d0d6a6-7e3c-45f4-91cb-df460e9a90a2-SegmentedRaftLogWorker:Storage Directory /workdir/hadoop-ozone/integration-test/target/test-dir/MiniOzoneClusterImpl-614c102a-29d9-417a-b8c5-0217b2e5181d/datanode-5/data/ratis/15afca7d-835d-4525-b10a-dac357987336: flushIndex: setUnconditionally 0 -> -1
2019-08-24 22:45:19,593 [pool-494-thread-1] INFO  server.RaftServerConfigKeys (ConfUtils.java:logGet(43)) - raft.server.snapshot.auto.trigger.enabled = true (custom)
2019-08-24 22:45:19,593 [pool-494-thread-1] INFO  server.RaftServerConfigKeys (ConfUtils.java:logGet(43)) - raft.server.snapshot.auto.trigger.threshold = 10000 (custom)
2019-08-24 22:45:19,593 [pool-494-thread-1] INFO  server.RaftServerConfigKeys (ConfUtils.java:logGet(43)) - raft.server.retrycache.expirytime = 600000ms (custom)
2019-08-24 22:45:19,593 [pool-494-thread-1] INFO  impl.RaftServerImpl (RaftServerImpl.java:start(180)) - a1d0d6a6-7e3c-45f4-91cb-df460e9a90a2: start group-DAC357987336
2019-08-24 22:45:19,594 [pool-494-thread-1] INFO  impl.RaftServerImpl (RaftServerImpl.java:setRole(171)) - a1d0d6a6-7e3c-45f4-91cb-df460e9a90a2:group-DAC357987336 changes role from null to FOLLOWER at term 0 for startAsFollower
2019-08-24 22:45:19,594 [pool-494-thread-1] INFO  impl.RoleInfo (RoleInfo.java:updateAndGet(143)) - a1d0d6a6-7e3c-45f4-91cb-df460e9a90a2: start FollowerState
2019-08-24 22:45:19,594 [pool-494-thread-1] INFO  util.JmxRegister (JmxRegister.java:tryRegister(44)) - Successfully registered JMX Bean with object name Ratis:service=RaftServer,group=group-DAC357987336,id=a1d0d6a6-7e3c-45f4-91cb-df460e9a90a2
2019-08-24 22:45:19,599 [RatisPipelineUtilsThread] INFO  pipeline.PipelineStateManager (PipelineStateManager.java:addPipeline(56)) - Created pipeline Pipeline[ Id: 15afca7d-835d-4525-b10a-dac357987336, Nodes: a1d0d6a6-7e3c-45f4-91cb-df460e9a90a2{ip: 192.168.34.50, host: pr-hdds-2030-j7d29-893466226, networkLocation: /default-rack, certSerialId: null}, Type:RATIS, Factor:ONE, State:OPEN]
2019-08-24 22:45:19,616 [grpc-default-executor-6] INFO  impl.RaftServerProxy (RaftServerProxy.java:addNew(89)) - f7849cca-8227-4286-beaa-44e6969b61f8: addNew group-01CD8B84C446:[f7849cca-8227-4286-beaa-44e6969b61f8:192.168.34.50:44923, 76d0d5d6-c2d6-4b53-8535-d18625577ddc:192.168.34.50:38406, a1d0d6a6-7e3c-45f4-91cb-df460e9a90a2:192.168.34.50:40053] returns group-01CD8B84C446:java.util.concurrent.CompletableFuture@29782a72[Not completed]
2019-08-24 22:45:19,621 [grpc-default-executor-7] INFO  impl.RaftServerProxy (RaftServerProxy.java:addNew(89)) - 76d0d5d6-c2d6-4b53-8535-d18625577ddc: addNew group-01CD8B84C446:[f7849cca-8227-4286-beaa-44e6969b61f8:192.168.34.50:44923, 76d0d5d6-c2d6-4b53-8535-d18625577ddc:192.168.34.50:38406, a1d0d6a6-7e3c-45f4-91cb-df460e9a90a2:192.168.34.50:40053] returns group-01CD8B84C446:java.util.concurrent.CompletableFuture@25496075[Not completed]
2019-08-24 22:45:19,621 [grpc-default-executor-4] INFO  impl.RaftServerProxy (RaftServerProxy.java:addNew(89)) - a1d0d6a6-7e3c-45f4-91cb-df460e9a90a2: addNew group-01CD8B84C446:[f7849cca-8227-4286-beaa-44e6969b61f8:192.168.34.50:44923, 76d0d5d6-c2d6-4b53-8535-d18625577ddc:192.168.34.50:38406, a1d0d6a6-7e3c-45f4-91cb-df460e9a90a2:192.168.34.50:40053] returns group-01CD8B84C446:java.util.concurrent.CompletableFuture@1075a60e[Not completed]
2019-08-24 22:45:19,622 [pool-483-thread-1] INFO  impl.RaftServerImpl (RaftServerImpl.java:<init>(93)) - f7849cca-8227-4286-beaa-44e6969b61f8: new RaftServerImpl for group-01CD8B84C446:[f7849cca-8227-4286-beaa-44e6969b61f8:192.168.34.50:44923, 76d0d5d6-c2d6-4b53-8535-d18625577ddc:192.168.34.50:38406, a1d0d6a6-7e3c-45f4-91cb-df460e9a90a2:192.168.34.50:40053] with ContainerStateMachine:uninitialized
2019-08-24 22:45:19,622 [pool-483-thread-1] INFO  server.RaftServerConfigKeys (ConfUtils.java:logGet(43)) - raft.server.rpc.timeout.min = 5s (custom)
2019-08-24 22:45:19,622 [pool-483-thread-1] INFO  server.RaftServerConfigKeys (ConfUtils.java:logGet(43)) - raft.server.rpc.timeout.max = 5200ms (custom)
2019-08-24 22:45:19,622 [pool-483-thread-1] INFO  server.RaftServerConfigKeys (ConfUtils.java:logGet(43)) - raft.server.rpcslowness.timeout = 120s (custom)
2019-08-24 22:45:19,622 [pool-483-thread-1] INFO  server.RaftServerConfigKeys (ConfUtils.java:logGet(43)) - raft.server.sleep.deviation.threshold = 300 (default)
2019-08-24 22:45:19,622 [pool-472-thread-1] INFO  impl.RaftServerImpl (RaftServerImpl.java:<init>(93)) - 76d0d5d6-c2d6-4b53-8535-d18625577ddc: new RaftServerImpl for group-01CD8B84C446:[f7849cca-8227-4286-beaa-44e6969b61f8:192.168.34.50:44923, 76d0d5d6-c2d6-4b53-8535-d18625577ddc:192.168.34.50:38406, a1d0d6a6-7e3c-45f4-91cb-df460e9a90a2:192.168.34.50:40053] with ContainerStateMachine:uninitialized
2019-08-24 22:45:19,622 [pool-483-thread-1] INFO  server.RaftServerConfigKeys (ConfUtils.java:logGet(43)) - raft.server.log.appender.install.snapshot.enabled = false (custom)
2019-08-24 22:45:19,622 [pool-472-thread-1] INFO  server.RaftServerConfigKeys (ConfUtils.java:logGet(43)) - raft.server.rpc.timeout.min = 5s (custom)
2019-08-24 22:45:19,622 [pool-483-thread-1] INFO  impl.RaftServerImpl (ServerState.java:<init>(105)) - f7849cca-8227-4286-beaa-44e6969b61f8:group-01CD8B84C446 ConfigurationManager, init=-1: [f7849cca-8227-4286-beaa-44e6969b61f8:192.168.34.50:44923, 76d0d5d6-c2d6-4b53-8535-d18625577ddc:192.168.34.50:38406, a1d0d6a6-7e3c-45f4-91cb-df460e9a90a2:192.168.34.50:40053], old=null, confs=<EMPTY_MAP>
2019-08-24 22:45:19,623 [pool-472-thread-1] INFO  server.RaftServerConfigKeys (ConfUtils.java:logGet(43)) - raft.server.rpc.timeout.max = 5200ms (custom)
2019-08-24 22:45:19,623 [pool-494-thread-1] INFO  impl.RaftServerImpl (RaftServerImpl.java:<init>(93)) - a1d0d6a6-7e3c-45f4-91cb-df460e9a90a2: new RaftServerImpl for group-01CD8B84C446:[f7849cca-8227-4286-beaa-44e6969b61f8:192.168.34.50:44923, 76d0d5d6-c2d6-4b53-8535-d18625577ddc:192.168.34.50:38406, a1d0d6a6-7e3c-45f4-91cb-df460e9a90a2:192.168.34.50:40053] with ContainerStateMachine:uninitialized
2019-08-24 22:45:19,623 [pool-483-thread-1] INFO  server.RaftServerConfigKeys (ConfUtils.java:logGet(43)) - raft.server.storage.dir = [/workdir/hadoop-ozone/integration-test/target/test-dir/MiniOzoneClusterImpl-614c102a-29d9-417a-b8c5-0217b2e5181d/datanode-4/data/ratis] (custom)
2019-08-24 22:45:19,623 [pool-494-thread-1] INFO  server.RaftServerConfigKeys (ConfUtils.java:logGet(43)) - raft.server.rpc.timeout.min = 5s (custom)
2019-08-24 22:45:19,623 [pool-472-thread-1] INFO  server.RaftServerConfigKeys (ConfUtils.java:logGet(43)) - raft.server.rpcslowness.timeout = 120s (custom)
2019-08-24 22:45:19,623 [pool-494-thread-1] INFO  server.RaftServerConfigKeys (ConfUtils.java:logGet(43)) - raft.server.rpc.timeout.max = 5200ms (custom)
2019-08-24 22:45:19,623 [pool-483-thread-1] INFO  storage.RaftStorageDirectory (RaftStorageDirectory.java:analyzeStorage(246)) - The storage directory /workdir/hadoop-ozone/integration-test/target/test-dir/MiniOzoneClusterImpl-614c102a-29d9-417a-b8c5-0217b2e5181d/datanode-4/data/ratis/4ffee836-57b8-43a4-a116-01cd8b84c446 does not exist. Creating ...
2019-08-24 22:45:19,624 [pool-494-thread-1] INFO  server.RaftServerConfigKeys (ConfUtils.java:logGet(43)) - raft.server.rpcslowness.timeout = 120s (custom)
2019-08-24 22:45:19,624 [pool-494-thread-1] INFO  server.RaftServerConfigKeys (ConfUtils.java:logGet(43)) - raft.server.sleep.deviation.threshold = 300 (default)
2019-08-24 22:45:19,623 [pool-472-thread-1] INFO  server.RaftServerConfigKeys (ConfUtils.java:logGet(43)) - raft.server.sleep.deviation.threshold = 300 (default)
2019-08-24 22:45:19,624 [pool-494-thread-1] INFO  server.RaftServerConfigKeys (ConfUtils.java:logGet(43)) - raft.server.log.appender.install.snapshot.enabled = false (custom)
2019-08-24 22:45:19,624 [pool-472-thread-1] INFO  server.RaftServerConfigKeys (ConfUtils.java:logGet(43)) - raft.server.log.appender.install.snapshot.enabled = false (custom)
2019-08-24 22:45:19,624 [pool-494-thread-1] INFO  impl.RaftServerImpl (ServerState.java:<init>(105)) - a1d0d6a6-7e3c-45f4-91cb-df460e9a90a2:group-01CD8B84C446 ConfigurationManager, init=-1: [f7849cca-8227-4286-beaa-44e6969b61f8:192.168.34.50:44923, 76d0d5d6-c2d6-4b53-8535-d18625577ddc:192.168.34.50:38406, a1d0d6a6-7e3c-45f4-91cb-df460e9a90a2:192.168.34.50:40053], old=null, confs=<EMPTY_MAP>
2019-08-24 22:45:19,624 [pool-472-thread-1] INFO  impl.RaftServerImpl (ServerState.java:<init>(105)) - 76d0d5d6-c2d6-4b53-8535-d18625577ddc:group-01CD8B84C446 ConfigurationManager, init=-1: [f7849cca-8227-4286-beaa-44e6969b61f8:192.168.34.50:44923, 76d0d5d6-c2d6-4b53-8535-d18625577ddc:192.168.34.50:38406, a1d0d6a6-7e3c-45f4-91cb-df460e9a90a2:192.168.34.50:40053], old=null, confs=<EMPTY_MAP>
2019-08-24 22:45:19,625 [pool-494-thread-1] INFO  server.RaftServerConfigKeys (ConfUtils.java:logGet(43)) - raft.server.storage.dir = [/workdir/hadoop-ozone/integration-test/target/test-dir/MiniOzoneClusterImpl-614c102a-29d9-417a-b8c5-0217b2e5181d/datanode-5/data/ratis] (custom)
2019-08-24 22:45:19,625 [pool-472-thread-1] INFO  server.RaftServerConfigKeys (ConfUtils.java:logGet(43)) - raft.server.storage.dir = [/workdir/hadoop-ozone/integration-test/target/test-dir/MiniOzoneClusterImpl-614c102a-29d9-417a-b8c5-0217b2e5181d/datanode-3/data/ratis] (custom)
2019-08-24 22:45:19,625 [pool-494-thread-1] INFO  storage.RaftStorageDirectory (RaftStorageDirectory.java:analyzeStorage(246)) - The storage directory /workdir/hadoop-ozone/integration-test/target/test-dir/MiniOzoneClusterImpl-614c102a-29d9-417a-b8c5-0217b2e5181d/datanode-5/data/ratis/4ffee836-57b8-43a4-a116-01cd8b84c446 does not exist. Creating ...
2019-08-24 22:45:19,625 [pool-472-thread-1] INFO  storage.RaftStorageDirectory (RaftStorageDirectory.java:analyzeStorage(246)) - The storage directory /workdir/hadoop-ozone/integration-test/target/test-dir/MiniOzoneClusterImpl-614c102a-29d9-417a-b8c5-0217b2e5181d/datanode-3/data/ratis/4ffee836-57b8-43a4-a116-01cd8b84c446 does not exist. Creating ...
2019-08-24 22:45:19,636 [pool-494-thread-1] INFO  storage.RaftStorageDirectory (RaftStorageDirectory.java:tryLock(328)) - Lock on /workdir/hadoop-ozone/integration-test/target/test-dir/MiniOzoneClusterImpl-614c102a-29d9-417a-b8c5-0217b2e5181d/datanode-5/data/ratis/4ffee836-57b8-43a4-a116-01cd8b84c446/in_use.lock acquired by nodename 11715@pr-hdds-2030-j7d29-893466226
2019-08-24 22:45:19,636 [pool-472-thread-1] INFO  storage.RaftStorageDirectory (RaftStorageDirectory.java:tryLock(328)) - Lock on /workdir/hadoop-ozone/integration-test/target/test-dir/MiniOzoneClusterImpl-614c102a-29d9-417a-b8c5-0217b2e5181d/datanode-3/data/ratis/4ffee836-57b8-43a4-a116-01cd8b84c446/in_use.lock acquired by nodename 11715@pr-hdds-2030-j7d29-893466226
2019-08-24 22:45:19,636 [pool-483-thread-1] INFO  storage.RaftStorageDirectory (RaftStorageDirectory.java:tryLock(328)) - Lock on /workdir/hadoop-ozone/integration-test/target/test-dir/MiniOzoneClusterImpl-614c102a-29d9-417a-b8c5-0217b2e5181d/datanode-4/data/ratis/4ffee836-57b8-43a4-a116-01cd8b84c446/in_use.lock acquired by nodename 11715@pr-hdds-2030-j7d29-893466226
2019-08-24 22:45:19,650 [pool-483-thread-1] INFO  storage.RaftStorage (RaftStorage.java:format(72)) - Storage directory /workdir/hadoop-ozone/integration-test/target/test-dir/MiniOzoneClusterImpl-614c102a-29d9-417a-b8c5-0217b2e5181d/datanode-4/data/ratis/4ffee836-57b8-43a4-a116-01cd8b84c446 has been successfully formatted.
2019-08-24 22:45:19,650 [pool-472-thread-1] INFO  storage.RaftStorage (RaftStorage.java:format(72)) - Storage directory /workdir/hadoop-ozone/integration-test/target/test-dir/MiniOzoneClusterImpl-614c102a-29d9-417a-b8c5-0217b2e5181d/datanode-3/data/ratis/4ffee836-57b8-43a4-a116-01cd8b84c446 has been successfully formatted.
2019-08-24 22:45:19,650 [pool-494-thread-1] INFO  storage.RaftStorage (RaftStorage.java:format(72)) - Storage directory /workdir/hadoop-ozone/integration-test/target/test-dir/MiniOzoneClusterImpl-614c102a-29d9-417a-b8c5-0217b2e5181d/datanode-5/data/ratis/4ffee836-57b8-43a4-a116-01cd8b84c446 has been successfully formatted.
2019-08-24 22:45:19,651 [pool-472-thread-1] INFO  ratis.ContainerStateMachine (ContainerStateMachine.java:loadSnapshot(226)) - group-01CD8B84C446: The snapshot info is null. Setting the last applied indexto:(t:0, i:~)
2019-08-24 22:45:19,650 [pool-483-thread-1] INFO  ratis.ContainerStateMachine (ContainerStateMachine.java:loadSnapshot(226)) - group-01CD8B84C446: The snapshot info is null. Setting the last applied indexto:(t:0, i:~)
2019-08-24 22:45:19,651 [pool-472-thread-1] INFO  server.RaftServerConfigKeys (ConfUtils.java:logGet(43)) - raft.server.leader.election.timeout = 120s (custom)
2019-08-24 22:45:19,651 [pool-483-thread-1] INFO  server.RaftServerConfigKeys (ConfUtils.java:logGet(43)) - raft.server.leader.election.timeout = 120s (custom)
2019-08-24 22:45:19,651 [pool-472-thread-1] INFO  server.RaftServerConfigKeys (ConfUtils.java:logGet(43)) - raft.server.log.use.memory = false (default)
2019-08-24 22:45:19,651 [pool-483-thread-1] INFO  server.RaftServerConfigKeys (ConfUtils.java:logGet(43)) - raft.server.log.use.memory = false (default)
2019-08-24 22:45:19,651 [pool-472-thread-1] INFO  server.RaftServerConfigKeys (ConfUtils.java:logGet(43)) - raft.server.log.purge.gap = 1000000 (custom)
2019-08-24 22:45:19,652 [pool-494-thread-1] INFO  ratis.ContainerStateMachine (ContainerStateMachine.java:loadSnapshot(226)) - group-01CD8B84C446: The snapshot info is null. Setting the last applied indexto:(t:0, i:~)
2019-08-24 22:45:19,652 [pool-483-thread-1] INFO  server.RaftServerConfigKeys (ConfUtils.java:logGet(43)) - raft.server.log.purge.gap = 1000000 (custom)
2019-08-24 22:45:19,652 [pool-494-thread-1] INFO  server.RaftServerConfigKeys (ConfUtils.java:logGet(43)) - raft.server.leader.election.timeout = 120s (custom)
2019-08-24 22:45:19,652 [pool-472-thread-1] INFO  server.RaftServerConfigKeys (ConfUtils.java:logGet(43)) - raft.server.log.appender.buffer.byte-limit = 33554432 (custom)
2019-08-24 22:45:19,652 [pool-494-thread-1] INFO  server.RaftServerConfigKeys (ConfUtils.java:logGet(43)) - raft.server.log.use.memory = false (default)
2019-08-24 22:45:19,652 [pool-483-thread-1] INFO  server.RaftServerConfigKeys (ConfUtils.java:logGet(43)) - raft.server.log.appender.buffer.byte-limit = 33554432 (custom)
2019-08-24 22:45:19,653 [pool-494-thread-1] INFO  server.RaftServerConfigKeys (ConfUtils.java:logGet(43)) - raft.server.log.purge.gap = 1000000 (custom)
2019-08-24 22:45:19,652 [pool-472-thread-1] INFO  server.RaftServerConfigKeys (ConfUtils.java:logGet(43)) - raft.server.log.segment.size.max = 1048576 (custom)
2019-08-24 22:45:19,653 [pool-494-thread-1] INFO  server.RaftServerConfigKeys (ConfUtils.java:logGet(43)) - raft.server.log.appender.buffer.byte-limit = 33554432 (custom)
2019-08-24 22:45:19,653 [pool-483-thread-1] INFO  server.RaftServerConfigKeys (ConfUtils.java:logGet(43)) - raft.server.log.segment.size.max = 1048576 (custom)
2019-08-24 22:45:19,653 [pool-494-thread-1] INFO  server.RaftServerConfigKeys (ConfUtils.java:logGet(43)) - raft.server.log.segment.size.max = 1048576 (custom)
2019-08-24 22:45:19,653 [pool-472-thread-1] INFO  server.RaftServerConfigKeys (ConfUtils.java:logGet(43)) - raft.server.log.segment.cache.num.max = 2 (custom)
2019-08-24 22:45:19,653 [pool-494-thread-1] INFO  server.RaftServerConfigKeys (ConfUtils.java:logGet(43)) - raft.server.log.segment.cache.num.max = 2 (custom)
2019-08-24 22:45:19,653 [pool-483-thread-1] INFO  server.RaftServerConfigKeys (ConfUtils.java:logGet(43)) - raft.server.log.segment.cache.num.max = 2 (custom)
2019-08-24 22:45:19,654 [pool-494-thread-1] INFO  segmented.SegmentedRaftLogWorker (SegmentedRaftLogWorker.java:<init>(172)) - new a1d0d6a6-7e3c-45f4-91cb-df460e9a90a2-SegmentedRaftLogWorker:Storage Directory /workdir/hadoop-ozone/integration-test/target/test-dir/MiniOzoneClusterImpl-614c102a-29d9-417a-b8c5-0217b2e5181d/datanode-5/data/ratis/4ffee836-57b8-43a4-a116-01cd8b84c446 for RaftStorage:Storage Directory /workdir/hadoop-ozone/integration-test/target/test-dir/MiniOzoneClusterImpl-614c102a-29d9-417a-b8c5-0217b2e5181d/datanode-5/data/ratis/4ffee836-57b8-43a4-a116-01cd8b84c446
2019-08-24 22:45:19,654 [pool-472-thread-1] INFO  segmented.SegmentedRaftLogWorker (SegmentedRaftLogWorker.java:<init>(172)) - new 76d0d5d6-c2d6-4b53-8535-d18625577ddc-SegmentedRaftLogWorker:Storage Directory /workdir/hadoop-ozone/integration-test/target/test-dir/MiniOzoneClusterImpl-614c102a-29d9-417a-b8c5-0217b2e5181d/datanode-3/data/ratis/4ffee836-57b8-43a4-a116-01cd8b84c446 for RaftStorage:Storage Directory /workdir/hadoop-ozone/integration-test/target/test-dir/MiniOzoneClusterImpl-614c102a-29d9-417a-b8c5-0217b2e5181d/datanode-3/data/ratis/4ffee836-57b8-43a4-a116-01cd8b84c446
2019-08-24 22:45:19,654 [pool-494-thread-1] INFO  server.RaftServerConfigKeys (ConfUtils.java:logGet(43)) - raft.server.log.queue.byte-limit = 2147483647 (custom)
2019-08-24 22:45:19,654 [pool-494-thread-1] INFO  server.RaftServerConfigKeys (ConfUtils.java:logGet(43)) - raft.server.log.queue.element-limit = 1024 (custom)
2019-08-24 22:45:19,654 [pool-483-thread-1] INFO  segmented.SegmentedRaftLogWorker (SegmentedRaftLogWorker.java:<init>(172)) - new f7849cca-8227-4286-beaa-44e6969b61f8-SegmentedRaftLogWorker:Storage Directory /workdir/hadoop-ozone/integration-test/target/test-dir/MiniOzoneClusterImpl-614c102a-29d9-417a-b8c5-0217b2e5181d/datanode-4/data/ratis/4ffee836-57b8-43a4-a116-01cd8b84c446 for RaftStorage:Storage Directory /workdir/hadoop-ozone/integration-test/target/test-dir/MiniOzoneClusterImpl-614c102a-29d9-417a-b8c5-0217b2e5181d/datanode-4/data/ratis/4ffee836-57b8-43a4-a116-01cd8b84c446
2019-08-24 22:45:19,655 [pool-494-thread-1] INFO  server.RaftServerConfigKeys (ConfUtils.java:logGet(43)) - raft.server.log.segment.size.max = 1048576 (custom)
2019-08-24 22:45:19,654 [pool-472-thread-1] INFO  server.RaftServerConfigKeys (ConfUtils.java:logGet(43)) - raft.server.log.queue.byte-limit = 2147483647 (custom)
2019-08-24 22:45:19,655 [pool-494-thread-1] INFO  server.RaftServerConfigKeys (ConfUtils.java:logGet(43)) - raft.server.log.preallocated.size = 16384 (custom)
2019-08-24 22:45:19,655 [pool-483-thread-1] INFO  server.RaftServerConfigKeys (ConfUtils.java:logGet(43)) - raft.server.log.queue.byte-limit = 2147483647 (custom)
2019-08-24 22:45:19,655 [pool-494-thread-1] INFO  server.RaftServerConfigKeys (ConfUtils.java:logGet(43)) - raft.server.log.write.buffer.size = 33554432 (custom)
2019-08-24 22:45:19,656 [pool-494-thread-1] INFO  server.RaftServerConfigKeys (ConfUtils.java:logGet(43)) - raft.server.log.force.sync.num = 128 (default)
2019-08-24 22:45:19,655 [pool-472-thread-1] INFO  server.RaftServerConfigKeys (ConfUtils.java:logGet(43)) - raft.server.log.queue.element-limit = 1024 (custom)
2019-08-24 22:45:19,656 [pool-494-thread-1] INFO  server.RaftServerConfigKeys (ConfUtils.java:logGet(43)) - raft.server.log.statemachine.data.sync = true (default)
2019-08-24 22:45:19,655 [pool-483-thread-1] INFO  server.RaftServerConfigKeys (ConfUtils.java:logGet(43)) - raft.server.log.queue.element-limit = 1024 (custom)
2019-08-24 22:45:19,656 [pool-494-thread-1] INFO  server.RaftServerConfigKeys (ConfUtils.java:logGet(43)) - raft.server.log.statemachine.data.sync.timeout = 10s (default)
2019-08-24 22:45:19,656 [pool-472-thread-1] INFO  server.RaftServerConfigKeys (ConfUtils.java:logGet(43)) - raft.server.log.segment.size.max = 1048576 (custom)
2019-08-24 22:45:19,656 [pool-494-thread-1] INFO  server.RaftServerConfigKeys (ConfUtils.java:logGet(43)) - raft.server.log.statemachine.data.sync.timeout.retry = -1 (default)
2019-08-24 22:45:19,656 [pool-483-thread-1] INFO  server.RaftServerConfigKeys (ConfUtils.java:logGet(43)) - raft.server.log.segment.size.max = 1048576 (custom)
2019-08-24 22:45:19,657 [pool-494-thread-1] INFO  server.RaftServerConfigKeys (ConfUtils.java:logGet(43)) - raft.server.log.statemachine.data.caching.enabled = true (custom)
2019-08-24 22:45:19,657 [pool-472-thread-1] INFO  server.RaftServerConfigKeys (ConfUtils.java:logGet(43)) - raft.server.log.preallocated.size = 16384 (custom)
2019-08-24 22:45:19,657 [pool-483-thread-1] INFO  server.RaftServerConfigKeys (ConfUtils.java:logGet(43)) - raft.server.log.preallocated.size = 16384 (custom)
2019-08-24 22:45:19,657 [pool-494-thread-1] INFO  segmented.SegmentedRaftLogWorker (SegmentedRaftLogWorker.java:lambda$new$0(132)) - a1d0d6a6-7e3c-45f4-91cb-df460e9a90a2-SegmentedRaftLogWorker:Storage Directory /workdir/hadoop-ozone/integration-test/target/test-dir/MiniOzoneClusterImpl-614c102a-29d9-417a-b8c5-0217b2e5181d/datanode-5/data/ratis/4ffee836-57b8-43a4-a116-01cd8b84c446: flushIndex: setUnconditionally 0 -> -1
2019-08-24 22:45:19,657 [pool-472-thread-1] INFO  server.RaftServerConfigKeys (ConfUtils.java:logGet(43)) - raft.server.log.write.buffer.size = 33554432 (custom)
2019-08-24 22:45:19,657 [pool-483-thread-1] INFO  server.RaftServerConfigKeys (ConfUtils.java:logGet(43)) - raft.server.log.write.buffer.size = 33554432 (custom)
2019-08-24 22:45:19,658 [pool-472-thread-1] INFO  server.RaftServerConfigKeys (ConfUtils.java:logGet(43)) - raft.server.log.force.sync.num = 128 (default)
2019-08-24 22:45:19,658 [pool-494-thread-1] INFO  server.RaftServerConfigKeys (ConfUtils.java:logGet(43)) - raft.server.snapshot.auto.trigger.enabled = true (custom)
2019-08-24 22:45:19,658 [pool-483-thread-1] INFO  server.RaftServerConfigKeys (ConfUtils.java:logGet(43)) - raft.server.log.force.sync.num = 128 (default)
2019-08-24 22:45:19,658 [pool-494-thread-1] INFO  server.RaftServerConfigKeys (ConfUtils.java:logGet(43)) - raft.server.snapshot.auto.trigger.threshold = 10000 (custom)
2019-08-24 22:45:19,658 [pool-472-thread-1] INFO  server.RaftServerConfigKeys (ConfUtils.java:logGet(43)) - raft.server.log.statemachine.data.sync = true (default)
2019-08-24 22:45:19,658 [pool-494-thread-1] INFO  server.RaftServerConfigKeys (ConfUtils.java:logGet(43)) - raft.server.retrycache.expirytime = 600000ms (custom)
2019-08-24 22:45:19,658 [pool-483-thread-1] INFO  server.RaftServerConfigKeys (ConfUtils.java:logGet(43)) - raft.server.log.statemachine.data.sync = true (default)
2019-08-24 22:45:19,659 [pool-494-thread-1] INFO  impl.RaftServerImpl (RaftServerImpl.java:start(180)) - a1d0d6a6-7e3c-45f4-91cb-df460e9a90a2: start group-01CD8B84C446
2019-08-24 22:45:19,659 [pool-472-thread-1] INFO  server.RaftServerConfigKeys (ConfUtils.java:logGet(43)) - raft.server.log.statemachine.data.sync.timeout = 10s (default)
2019-08-24 22:45:19,659 [pool-494-thread-1] INFO  impl.RaftServerImpl (RaftServerImpl.java:setRole(171)) - a1d0d6a6-7e3c-45f4-91cb-df460e9a90a2:group-01CD8B84C446 changes role from null to FOLLOWER at term 0 for startAsFollower
2019-08-24 22:45:19,659 [pool-483-thread-1] INFO  server.RaftServerConfigKeys (ConfUtils.java:logGet(43)) - raft.server.log.statemachine.data.sync.timeout = 10s (default)
2019-08-24 22:45:19,659 [pool-494-thread-1] INFO  impl.RoleInfo (RoleInfo.java:updateAndGet(143)) - a1d0d6a6-7e3c-45f4-91cb-df460e9a90a2: start FollowerState
2019-08-24 22:45:19,659 [pool-472-thread-1] INFO  server.RaftServerConfigKeys (ConfUtils.java:logGet(43)) - raft.server.log.statemachine.data.sync.timeout.retry = -1 (default)
2019-08-24 22:45:19,660 [pool-483-thread-1] INFO  server.RaftServerConfigKeys (ConfUtils.java:logGet(43)) - raft.server.log.statemachine.data.sync.timeout.retry = -1 (default)
2019-08-24 22:45:19,660 [pool-472-thread-1] INFO  server.RaftServerConfigKeys (ConfUtils.java:logGet(43)) - raft.server.log.statemachine.data.caching.enabled = true (custom)
2019-08-24 22:45:19,660 [pool-494-thread-1] INFO  util.JmxRegister (JmxRegister.java:tryRegister(44)) - Successfully registered JMX Bean with object name Ratis:service=RaftServer,group=group-01CD8B84C446,id=a1d0d6a6-7e3c-45f4-91cb-df460e9a90a2
2019-08-24 22:45:19,660 [pool-483-thread-1] INFO  server.RaftServerConfigKeys (ConfUtils.java:logGet(43)) - raft.server.log.statemachine.data.caching.enabled = true (custom)
2019-08-24 22:45:19,660 [pool-472-thread-1] INFO  segmented.SegmentedRaftLogWorker (SegmentedRaftLogWorker.java:lambda$new$0(132)) - 76d0d5d6-c2d6-4b53-8535-d18625577ddc-SegmentedRaftLogWorker:Storage Directory /workdir/hadoop-ozone/integration-test/target/test-dir/MiniOzoneClusterImpl-614c102a-29d9-417a-b8c5-0217b2e5181d/datanode-3/data/ratis/4ffee836-57b8-43a4-a116-01cd8b84c446: flushIndex: setUnconditionally 0 -> -1
2019-08-24 22:45:19,661 [pool-483-thread-1] INFO  segmented.SegmentedRaftLogWorker (SegmentedRaftLogWorker.java:lambda$new$0(132)) - f7849cca-8227-4286-beaa-44e6969b61f8-SegmentedRaftLogWorker:Storage Directory /workdir/hadoop-ozone/integration-test/target/test-dir/MiniOzoneClusterImpl-614c102a-29d9-417a-b8c5-0217b2e5181d/datanode-4/data/ratis/4ffee836-57b8-43a4-a116-01cd8b84c446: flushIndex: setUnconditionally 0 -> -1
2019-08-24 22:45:19,661 [pool-472-thread-1] INFO  server.RaftServerConfigKeys (ConfUtils.java:logGet(43)) - raft.server.snapshot.auto.trigger.enabled = true (custom)
2019-08-24 22:45:19,661 [pool-483-thread-1] INFO  server.RaftServerConfigKeys (ConfUtils.java:logGet(43)) - raft.server.snapshot.auto.trigger.enabled = true (custom)
2019-08-24 22:45:19,661 [pool-472-thread-1] INFO  server.RaftServerConfigKeys (ConfUtils.java:logGet(43)) - raft.server.snapshot.auto.trigger.threshold = 10000 (custom)
2019-08-24 22:45:19,661 [pool-483-thread-1] INFO  server.RaftServerConfigKeys (ConfUtils.java:logGet(43)) - raft.server.snapshot.auto.trigger.threshold = 10000 (custom)
2019-08-24 22:45:19,661 [pool-472-thread-1] INFO  server.RaftServerConfigKeys (ConfUtils.java:logGet(43)) - raft.server.retrycache.expirytime = 600000ms (custom)
2019-08-24 22:45:19,661 [pool-483-thread-1] INFO  server.RaftServerConfigKeys (ConfUtils.java:logGet(43)) - raft.server.retrycache.expirytime = 600000ms (custom)
2019-08-24 22:45:19,662 [pool-472-thread-1] INFO  impl.RaftServerImpl (RaftServerImpl.java:start(180)) - 76d0d5d6-c2d6-4b53-8535-d18625577ddc: start group-01CD8B84C446
2019-08-24 22:45:19,662 [pool-483-thread-1] INFO  impl.RaftServerImpl (RaftServerImpl.java:start(180)) - f7849cca-8227-4286-beaa-44e6969b61f8: start group-01CD8B84C446
2019-08-24 22:45:19,662 [pool-472-thread-1] INFO  impl.RaftServerImpl (RaftServerImpl.java:setRole(171)) - 76d0d5d6-c2d6-4b53-8535-d18625577ddc:group-01CD8B84C446 changes role from null to FOLLOWER at term 0 for startAsFollower
2019-08-24 22:45:19,662 [pool-483-thread-1] INFO  impl.RaftServerImpl (RaftServerImpl.java:setRole(171)) - f7849cca-8227-4286-beaa-44e6969b61f8:group-01CD8B84C446 changes role from null to FOLLOWER at term 0 for startAsFollower
2019-08-24 22:45:19,664 [pool-472-thread-1] INFO  impl.RoleInfo (RoleInfo.java:updateAndGet(143)) - 76d0d5d6-c2d6-4b53-8535-d18625577ddc: start FollowerState
2019-08-24 22:45:19,664 [pool-483-thread-1] INFO  impl.RoleInfo (RoleInfo.java:updateAndGet(143)) - f7849cca-8227-4286-beaa-44e6969b61f8: start FollowerState
2019-08-24 22:45:19,665 [pool-472-thread-1] INFO  util.JmxRegister (JmxRegister.java:tryRegister(44)) - Successfully registered JMX Bean with object name Ratis:service=RaftServer,group=group-01CD8B84C446,id=76d0d5d6-c2d6-4b53-8535-d18625577ddc
2019-08-24 22:45:19,665 [pool-483-thread-1] INFO  util.JmxRegister (JmxRegister.java:tryRegister(44)) - Successfully registered JMX Bean with object name Ratis:service=RaftServer,group=group-01CD8B84C446,id=f7849cca-8227-4286-beaa-44e6969b61f8
2019-08-24 22:45:19,671 [RatisPipelineUtilsThread] INFO  pipeline.PipelineStateManager (PipelineStateManager.java:addPipeline(56)) - Created pipeline Pipeline[ Id: 4ffee836-57b8-43a4-a116-01cd8b84c446, Nodes: f7849cca-8227-4286-beaa-44e6969b61f8{ip: 192.168.34.50, host: pr-hdds-2030-j7d29-893466226, networkLocation: /default-rack, certSerialId: null}76d0d5d6-c2d6-4b53-8535-d18625577ddc{ip: 192.168.34.50, host: pr-hdds-2030-j7d29-893466226, networkLocation: /default-rack, certSerialId: null}a1d0d6a6-7e3c-45f4-91cb-df460e9a90a2{ip: 192.168.34.50, host: pr-hdds-2030-j7d29-893466226, networkLocation: /default-rack, certSerialId: null}, Type:RATIS, Factor:THREE, State:OPEN]
2019-08-24 22:45:19,742 [main] INFO  ozone.MiniOzoneClusterImpl (MiniOzoneClusterImpl.java:lambda$waitForClusterToBeReady$0(142)) - Cluster is ready. Got 7 of 7 DN Heartbeats.
2019-08-24 22:45:19,742 [IPC Server handler 19 on 44456] INFO  net.NetworkTopology (NetworkTopologyImpl.java:add(110)) - Added a new node: /default-rack/eef0b787-ef14-4aa5-bb81-b65459257627
2019-08-24 22:45:19,759 [IPC Server handler 19 on 44456] INFO  node.SCMNodeManager (SCMNodeManager.java:register(273)) - Registered Data node : eef0b787-ef14-4aa5-bb81-b65459257627{ip: 192.168.34.50, host: pr-hdds-2030-j7d29-893466226, networkLocation: /default-rack, certSerialId: null}
2019-08-24 22:45:19,759 | INFO  | SCMAudit | user=jenkins1000 | ip=192.168.34.50 | op=REGISTER {datanodeDetails=eef0b787-ef14-4aa5-bb81-b65459257627{ip: 192.168.34.50, host: pr-hdds-2030-j7d29-893466226, networkLocation: /default-rack, certSerialId: null}} | ret=SUCCESS |  
2019-08-24 22:45:19,787 [grpc-default-executor-4] INFO  impl.RaftServerProxy (RaftServerProxy.java:addNew(89)) - eef0b787-ef14-4aa5-bb81-b65459257627: addNew group-DFEF62F13981:[eef0b787-ef14-4aa5-bb81-b65459257627:192.168.34.50:45441] returns group-DFEF62F13981:java.util.concurrent.CompletableFuture@6ac6cdee[Not completed]
2019-08-24 22:45:19,805 [pool-505-thread-1] INFO  impl.RaftServerImpl (RaftServerImpl.java:<init>(93)) - eef0b787-ef14-4aa5-bb81-b65459257627: new RaftServerImpl for group-DFEF62F13981:[eef0b787-ef14-4aa5-bb81-b65459257627:192.168.34.50:45441] with ContainerStateMachine:uninitialized
2019-08-24 22:45:19,806 [pool-505-thread-1] INFO  server.RaftServerConfigKeys (ConfUtils.java:logGet(43)) - raft.server.rpc.timeout.min = 5s (custom)
2019-08-24 22:45:19,806 [pool-505-thread-1] INFO  server.RaftServerConfigKeys (ConfUtils.java:logGet(43)) - raft.server.rpc.timeout.max = 5200ms (custom)
2019-08-24 22:45:19,806 [pool-505-thread-1] INFO  server.RaftServerConfigKeys (ConfUtils.java:logGet(43)) - raft.server.rpcslowness.timeout = 120s (custom)
2019-08-24 22:45:19,806 [pool-505-thread-1] INFO  server.RaftServerConfigKeys (ConfUtils.java:logGet(43)) - raft.server.sleep.deviation.threshold = 300 (default)
2019-08-24 22:45:19,806 [pool-505-thread-1] INFO  server.RaftServerConfigKeys (ConfUtils.java:logGet(43)) - raft.server.log.appender.install.snapshot.enabled = false (custom)
2019-08-24 22:45:19,806 [pool-505-thread-1] INFO  impl.RaftServerImpl (ServerState.java:<init>(105)) - eef0b787-ef14-4aa5-bb81-b65459257627:group-DFEF62F13981 ConfigurationManager, init=-1: [eef0b787-ef14-4aa5-bb81-b65459257627:192.168.34.50:45441], old=null, confs=<EMPTY_MAP>
2019-08-24 22:45:19,806 [pool-505-thread-1] INFO  server.RaftServerConfigKeys (ConfUtils.java:logGet(43)) - raft.server.storage.dir = [/workdir/hadoop-ozone/integration-test/target/test-dir/MiniOzoneClusterImpl-614c102a-29d9-417a-b8c5-0217b2e5181d/datanode-6/data/ratis] (custom)
2019-08-24 22:45:19,807 [pool-505-thread-1] INFO  storage.RaftStorageDirectory (RaftStorageDirectory.java:analyzeStorage(246)) - The storage directory /workdir/hadoop-ozone/integration-test/target/test-dir/MiniOzoneClusterImpl-614c102a-29d9-417a-b8c5-0217b2e5181d/datanode-6/data/ratis/c8759424-dc9d-49bb-bbf7-dfef62f13981 does not exist. Creating ...
2019-08-24 22:45:19,808 [main] INFO  rpc.RpcClient (RpcClient.java:createVolume(293)) - Creating Volume: testblockoutputstream, with jenkins1000 as owner.
2019-08-24 22:45:19,811 | INFO  | OMAudit | user=jenkins1000 | ip=127.0.0.1 | op=CREATE_VOLUME {admin=jenkins1000, owner=jenkins1000, volume=testblockoutputstream, creationTime=1566686719810, quotaInBytes=1152921504606846976} | ret=SUCCESS |  
2019-08-24 22:45:19,820 [pool-505-thread-1] INFO  storage.RaftStorageDirectory (RaftStorageDirectory.java:tryLock(328)) - Lock on /workdir/hadoop-ozone/integration-test/target/test-dir/MiniOzoneClusterImpl-614c102a-29d9-417a-b8c5-0217b2e5181d/datanode-6/data/ratis/c8759424-dc9d-49bb-bbf7-dfef62f13981/in_use.lock acquired by nodename 11715@pr-hdds-2030-j7d29-893466226
2019-08-24 22:45:19,825 | INFO  | OMAudit | user=jenkins1000 | ip=127.0.0.1 | op=READ_VOLUME {volume=testblockoutputstream} | ret=SUCCESS |  
2019-08-24 22:45:19,826 [main] INFO  rpc.RpcClient (RpcClient.java:createBucket(432)) - Creating Bucket: testblockoutputstream/testblockoutputstream, with Versioning false and Storage Type set to DISK and Encryption set to false 
2019-08-24 22:45:19,830 | INFO  | OMAudit | user=jenkins1000 | ip=127.0.0.1 | op=CREATE_BUCKET {volume=testblockoutputstream, bucket=testblockoutputstream, acls=[user:jenkins1000:a[ACCESS], group:default:a[ACCESS]], isVersionEnabled=false, storageType=DISK, creationTime=0} | ret=SUCCESS |  
2019-08-24 22:45:19,832 | INFO  | OMAudit | user=jenkins1000 | ip=127.0.0.1 | op=READ_VOLUME {volume=testblockoutputstream} | ret=SUCCESS |  
2019-08-24 22:45:19,834 | INFO  | OMAudit | user=jenkins1000 | ip=127.0.0.1 | op=READ_BUCKET {volume=testblockoutputstream, bucket=testblockoutputstream} | ret=SUCCESS |  
2019-08-24 22:45:19,838 [pool-505-thread-1] INFO  storage.RaftStorage (RaftStorage.java:format(72)) - Storage directory /workdir/hadoop-ozone/integration-test/target/test-dir/MiniOzoneClusterImpl-614c102a-29d9-417a-b8c5-0217b2e5181d/datanode-6/data/ratis/c8759424-dc9d-49bb-bbf7-dfef62f13981 has been successfully formatted.
2019-08-24 22:45:19,838 [pool-505-thread-1] INFO  ratis.ContainerStateMachine (ContainerStateMachine.java:loadSnapshot(226)) - group-DFEF62F13981: The snapshot info is null. Setting the last applied indexto:(t:0, i:~)
2019-08-24 22:45:19,838 [pool-505-thread-1] INFO  server.RaftServerConfigKeys (ConfUtils.java:logGet(43)) - raft.server.leader.election.timeout = 120s (custom)
2019-08-24 22:45:19,839 [pool-505-thread-1] INFO  server.RaftServerConfigKeys (ConfUtils.java:logGet(43)) - raft.server.log.use.memory = false (default)
2019-08-24 22:45:19,839 [pool-505-thread-1] INFO  server.RaftServerConfigKeys (ConfUtils.java:logGet(43)) - raft.server.log.purge.gap = 1000000 (custom)
2019-08-24 22:45:19,839 [pool-505-thread-1] INFO  server.RaftServerConfigKeys (ConfUtils.java:logGet(43)) - raft.server.log.appender.buffer.byte-limit = 33554432 (custom)
2019-08-24 22:45:19,839 [pool-505-thread-1] INFO  server.RaftServerConfigKeys (ConfUtils.java:logGet(43)) - raft.server.log.segment.size.max = 1048576 (custom)
2019-08-24 22:45:19,839 [pool-505-thread-1] INFO  server.RaftServerConfigKeys (ConfUtils.java:logGet(43)) - raft.server.log.segment.cache.num.max = 2 (custom)
2019-08-24 22:45:19,839 [pool-505-thread-1] INFO  segmented.SegmentedRaftLogWorker (SegmentedRaftLogWorker.java:<init>(172)) - new eef0b787-ef14-4aa5-bb81-b65459257627-SegmentedRaftLogWorker:Storage Directory /workdir/hadoop-ozone/integration-test/target/test-dir/MiniOzoneClusterImpl-614c102a-29d9-417a-b8c5-0217b2e5181d/datanode-6/data/ratis/c8759424-dc9d-49bb-bbf7-dfef62f13981 for RaftStorage:Storage Directory /workdir/hadoop-ozone/integration-test/target/test-dir/MiniOzoneClusterImpl-614c102a-29d9-417a-b8c5-0217b2e5181d/datanode-6/data/ratis/c8759424-dc9d-49bb-bbf7-dfef62f13981
2019-08-24 22:45:19,840 [pool-505-thread-1] INFO  server.RaftServerConfigKeys (ConfUtils.java:logGet(43)) - raft.server.log.queue.byte-limit = 2147483647 (custom)
2019-08-24 22:45:19,840 [pool-505-thread-1] INFO  server.RaftServerConfigKeys (ConfUtils.java:logGet(43)) - raft.server.log.queue.element-limit = 1024 (custom)
2019-08-24 22:45:19,840 [pool-505-thread-1] INFO  server.RaftServerConfigKeys (ConfUtils.java:logGet(43)) - raft.server.log.segment.size.max = 1048576 (custom)
2019-08-24 22:45:19,840 [pool-505-thread-1] INFO  server.RaftServerConfigKeys (ConfUtils.java:logGet(43)) - raft.server.log.preallocated.size = 16384 (custom)
2019-08-24 22:45:19,840 [pool-505-thread-1] INFO  server.RaftServerConfigKeys (ConfUtils.java:logGet(43)) - raft.server.log.write.buffer.size = 33554432 (custom)
2019-08-24 22:45:19,840 [pool-505-thread-1] INFO  server.RaftServerConfigKeys (ConfUtils.java:logGet(43)) - raft.server.log.force.sync.num = 128 (default)
2019-08-24 22:45:19,840 [pool-505-thread-1] INFO  server.RaftServerConfigKeys (ConfUtils.java:logGet(43)) - raft.server.log.statemachine.data.sync = true (default)
2019-08-24 22:45:19,841 [pool-505-thread-1] INFO  server.RaftServerConfigKeys (ConfUtils.java:logGet(43)) - raft.server.log.statemachine.data.sync.timeout = 10s (default)
2019-08-24 22:45:19,841 [pool-505-thread-1] INFO  server.RaftServerConfigKeys (ConfUtils.java:logGet(43)) - raft.server.log.statemachine.data.sync.timeout.retry = -1 (default)
2019-08-24 22:45:19,841 [pool-505-thread-1] INFO  server.RaftServerConfigKeys (ConfUtils.java:logGet(43)) - raft.server.log.statemachine.data.caching.enabled = true (custom)
2019-08-24 22:45:19,841 [pool-505-thread-1] INFO  segmented.SegmentedRaftLogWorker (SegmentedRaftLogWorker.java:lambda$new$0(132)) - eef0b787-ef14-4aa5-bb81-b65459257627-SegmentedRaftLogWorker:Storage Directory /workdir/hadoop-ozone/integration-test/target/test-dir/MiniOzoneClusterImpl-614c102a-29d9-417a-b8c5-0217b2e5181d/datanode-6/data/ratis/c8759424-dc9d-49bb-bbf7-dfef62f13981: flushIndex: setUnconditionally 0 -> -1
2019-08-24 22:45:19,842 [pool-505-thread-1] INFO  server.RaftServerConfigKeys (ConfUtils.java:logGet(43)) - raft.server.snapshot.auto.trigger.enabled = true (custom)
2019-08-24 22:45:19,842 [pool-505-thread-1] INFO  server.RaftServerConfigKeys (ConfUtils.java:logGet(43)) - raft.server.snapshot.auto.trigger.threshold = 10000 (custom)
2019-08-24 22:45:19,842 [pool-505-thread-1] INFO  server.RaftServerConfigKeys (ConfUtils.java:logGet(43)) - raft.server.retrycache.expirytime = 600000ms (custom)
2019-08-24 22:45:19,842 [pool-505-thread-1] INFO  impl.RaftServerImpl (RaftServerImpl.java:start(180)) - eef0b787-ef14-4aa5-bb81-b65459257627: start group-DFEF62F13981
2019-08-24 22:45:19,843 [pool-505-thread-1] INFO  impl.RaftServerImpl (RaftServerImpl.java:setRole(171)) - eef0b787-ef14-4aa5-bb81-b65459257627:group-DFEF62F13981 changes role from null to FOLLOWER at term 0 for startAsFollower
2019-08-24 22:45:19,843 [pool-505-thread-1] INFO  impl.RoleInfo (RoleInfo.java:updateAndGet(143)) - eef0b787-ef14-4aa5-bb81-b65459257627: start FollowerState
2019-08-24 22:45:19,843 [pool-505-thread-1] INFO  util.JmxRegister (JmxRegister.java:tryRegister(44)) - Successfully registered JMX Bean with object name Ratis:service=RaftServer,group=group-DFEF62F13981,id=eef0b787-ef14-4aa5-bb81-b65459257627
2019-08-24 22:45:19,848 [RatisPipelineUtilsThread] INFO  pipeline.PipelineStateManager (PipelineStateManager.java:addPipeline(56)) - Created pipeline Pipeline[ Id: c8759424-dc9d-49bb-bbf7-dfef62f13981, Nodes: eef0b787-ef14-4aa5-bb81-b65459257627{ip: 192.168.34.50, host: pr-hdds-2030-j7d29-893466226, networkLocation: /default-rack, certSerialId: null}, Type:RATIS, Factor:ONE, State:OPEN]
2019-08-24 22:45:19,852 | INFO  | SCMAudit | user=jenkins1000 | ip=192.168.34.50 | op=ALLOCATE_BLOCK {owner=73cc1951-ce41-48aa-8264-bdb7dd678ed4, size=800, type=RATIS, factor=THREE} | ret=SUCCESS |  
2019-08-24 22:45:19,854 | INFO  | OMAudit | user=jenkins1000 | ip=127.0.0.1 | op=ALLOCATE_KEY {volume=testblockoutputstream, bucket=testblockoutputstream, key=0ebfe67a-0a29-4700-90ae-2bf77f20c939, dataSize=0, replicationType=RATIS, replicationFactor=THREE, keyLocationInfo=null} | ret=SUCCESS |  
2019-08-24 22:45:19,869 [grpc-default-executor-4] INFO  client.GrpcClientProtocolClient (GrpcClientProtocolClient.java:onNext(255)) - client-B9E26FA510DE->f7849cca-8227-4286-beaa-44e6969b61f8: receive RaftClientReply:client-B9E26FA510DE->f7849cca-8227-4286-beaa-44e6969b61f8@group-01CD8B84C446, cid=176, FAILED org.apache.ratis.protocol.NotLeaderException: Server f7849cca-8227-4286-beaa-44e6969b61f8 is not the leader (null). Request must be sent to leader., logIndex=0, commits[f7849cca-8227-4286-beaa-44e6969b61f8:c-1]
2019-08-24 22:45:20,255 | INFO  | SCMAudit | user=jenkins1000 | ip=192.168.34.50 | op=SEND_HEARTBEAT {datanodeUUID=cba94083-6c60-4013-a5f5-8dfc358213cd, command=[]} | ret=SUCCESS |  
2019-08-24 22:45:20,606 | INFO  | SCMAudit | user=jenkins1000 | ip=192.168.34.50 | op=SEND_HEARTBEAT {datanodeUUID=fef8ab6f-fb3f-4c85-8a3f-3f5378cc0e9d, command=[]} | ret=SUCCESS |  
2019-08-24 22:45:20,889 [grpc-default-executor-7] INFO  client.GrpcClientProtocolClient (GrpcClientProtocolClient.java:onNext(255)) - client-B9E26FA510DE->76d0d5d6-c2d6-4b53-8535-d18625577ddc: receive RaftClientReply:client-B9E26FA510DE->76d0d5d6-c2d6-4b53-8535-d18625577ddc@group-01CD8B84C446, cid=176, FAILED org.apache.ratis.protocol.NotLeaderException: Server 76d0d5d6-c2d6-4b53-8535-d18625577ddc is not the leader (null). Request must be sent to leader., logIndex=0, commits[76d0d5d6-c2d6-4b53-8535-d18625577ddc:c-1]
2019-08-24 22:45:20,899 | INFO  | SCMAudit | user=jenkins1000 | ip=192.168.34.50 | op=SEND_HEARTBEAT {datanodeUUID=64266e81-f89e-4b53-ab01-a599594e3ea3, command=[]} | ret=SUCCESS |  
2019-08-24 22:45:21,138 | INFO  | SCMAudit | user=jenkins1000 | ip=192.168.34.50 | op=SEND_HEARTBEAT {datanodeUUID=76d0d5d6-c2d6-4b53-8535-d18625577ddc, command=[]} | ret=SUCCESS |  
2019-08-24 22:45:21,256 | INFO  | SCMAudit | user=jenkins1000 | ip=192.168.34.50 | op=SEND_HEARTBEAT {datanodeUUID=cba94083-6c60-4013-a5f5-8dfc358213cd, command=[]} | ret=SUCCESS |  
2019-08-24 22:45:21,267 [Thread-3512] INFO  container.ReplicationManager (ReplicationManager.java:start(152)) - Starting Replication Monitor Thread.
2019-08-24 22:45:21,271 [ReplicationMonitor] INFO  container.ReplicationManager (ReplicationManager.java:run(215)) - Replication Monitor Thread took 1 milliseconds for processing 1 containers.
2019-08-24 22:45:21,352 | INFO  | SCMAudit | user=jenkins1000 | ip=192.168.34.50 | op=SEND_HEARTBEAT {datanodeUUID=f7849cca-8227-4286-beaa-44e6969b61f8, command=[]} | ret=SUCCESS |  
2019-08-24 22:45:21,546 | INFO  | SCMAudit | user=jenkins1000 | ip=192.168.34.50 | op=SEND_HEARTBEAT {datanodeUUID=a1d0d6a6-7e3c-45f4-91cb-df460e9a90a2, command=[]} | ret=SUCCESS |  
2019-08-24 22:45:21,605 | INFO  | SCMAudit | user=jenkins1000 | ip=192.168.34.50 | op=SEND_HEARTBEAT {datanodeUUID=fef8ab6f-fb3f-4c85-8a3f-3f5378cc0e9d, command=[]} | ret=SUCCESS |  
2019-08-24 22:45:21,742 | INFO  | SCMAudit | user=jenkins1000 | ip=192.168.34.50 | op=SEND_HEARTBEAT {datanodeUUID=eef0b787-ef14-4aa5-bb81-b65459257627, command=[]} | ret=SUCCESS |  
2019-08-24 22:45:21,901 | INFO  | SCMAudit | user=jenkins1000 | ip=192.168.34.50 | op=SEND_HEARTBEAT {datanodeUUID=64266e81-f89e-4b53-ab01-a599594e3ea3, command=[]} | ret=SUCCESS |  
2019-08-24 22:45:21,901 [grpc-default-executor-4] INFO  client.GrpcClientProtocolClient (GrpcClientProtocolClient.java:onNext(255)) - client-B9E26FA510DE->f7849cca-8227-4286-beaa-44e6969b61f8: receive RaftClientReply:client-B9E26FA510DE->f7849cca-8227-4286-beaa-44e6969b61f8@group-01CD8B84C446, cid=176, FAILED org.apache.ratis.protocol.NotLeaderException: Server f7849cca-8227-4286-beaa-44e6969b61f8 is not the leader (null). Request must be sent to leader., logIndex=0, commits[f7849cca-8227-4286-beaa-44e6969b61f8:c-1]
2019-08-24 22:45:22,137 | INFO  | SCMAudit | user=jenkins1000 | ip=192.168.34.50 | op=SEND_HEARTBEAT {datanodeUUID=76d0d5d6-c2d6-4b53-8535-d18625577ddc, command=[]} | ret=SUCCESS |  
2019-08-24 22:45:22,256 | INFO  | SCMAudit | user=jenkins1000 | ip=192.168.34.50 | op=SEND_HEARTBEAT {datanodeUUID=cba94083-6c60-4013-a5f5-8dfc358213cd, command=[]} | ret=SUCCESS |  
2019-08-24 22:45:22,353 | INFO  | SCMAudit | user=jenkins1000 | ip=192.168.34.50 | op=SEND_HEARTBEAT {datanodeUUID=f7849cca-8227-4286-beaa-44e6969b61f8, command=[]} | ret=SUCCESS |  
2019-08-24 22:45:22,545 | INFO  | SCMAudit | user=jenkins1000 | ip=192.168.34.50 | op=SEND_HEARTBEAT {datanodeUUID=a1d0d6a6-7e3c-45f4-91cb-df460e9a90a2, command=[]} | ret=SUCCESS |  
2019-08-24 22:45:22,605 | INFO  | SCMAudit | user=jenkins1000 | ip=192.168.34.50 | op=SEND_HEARTBEAT {datanodeUUID=fef8ab6f-fb3f-4c85-8a3f-3f5378cc0e9d, command=[]} | ret=SUCCESS |  
2019-08-24 22:45:22,742 | INFO  | SCMAudit | user=jenkins1000 | ip=192.168.34.50 | op=SEND_HEARTBEAT {datanodeUUID=eef0b787-ef14-4aa5-bb81-b65459257627, command=[]} | ret=SUCCESS |  
2019-08-24 22:45:22,901 | INFO  | SCMAudit | user=jenkins1000 | ip=192.168.34.50 | op=SEND_HEARTBEAT {datanodeUUID=64266e81-f89e-4b53-ab01-a599594e3ea3, command=[]} | ret=SUCCESS |  
2019-08-24 22:45:22,913 [grpc-default-executor-7] INFO  client.GrpcClientProtocolClient (GrpcClientProtocolClient.java:onNext(255)) - client-B9E26FA510DE->76d0d5d6-c2d6-4b53-8535-d18625577ddc: receive RaftClientReply:client-B9E26FA510DE->76d0d5d6-c2d6-4b53-8535-d18625577ddc@group-01CD8B84C446, cid=176, FAILED org.apache.ratis.protocol.NotLeaderException: Server 76d0d5d6-c2d6-4b53-8535-d18625577ddc is not the leader (null). Request must be sent to leader., logIndex=0, commits[76d0d5d6-c2d6-4b53-8535-d18625577ddc:c-1]
2019-08-24 22:45:23,138 | INFO  | SCMAudit | user=jenkins1000 | ip=192.168.34.50 | op=SEND_HEARTBEAT {datanodeUUID=76d0d5d6-c2d6-4b53-8535-d18625577ddc, command=[]} | ret=SUCCESS |  
2019-08-24 22:45:23,256 | INFO  | SCMAudit | user=jenkins1000 | ip=192.168.34.50 | op=SEND_HEARTBEAT {datanodeUUID=cba94083-6c60-4013-a5f5-8dfc358213cd, command=[]} | ret=SUCCESS |  
2019-08-24 22:45:23,352 | INFO  | SCMAudit | user=jenkins1000 | ip=192.168.34.50 | op=SEND_HEARTBEAT {datanodeUUID=f7849cca-8227-4286-beaa-44e6969b61f8, command=[]} | ret=SUCCESS |  
2019-08-24 22:45:23,466 [Thread-3514] INFO  impl.FollowerState (FollowerState.java:run(106)) - cba94083-6c60-4013-a5f5-8dfc358213cd:group-864193311AEE changes to CANDIDATE, lastRpcTime:5129, electionTimeout:5129ms
2019-08-24 22:45:23,467 [Thread-3514] INFO  impl.RoleInfo (RoleInfo.java:shutdownFollowerState(121)) - cba94083-6c60-4013-a5f5-8dfc358213cd: shutdown FollowerState
2019-08-24 22:45:23,467 [Thread-3514] INFO  impl.RaftServerImpl (RaftServerImpl.java:setRole(171)) - cba94083-6c60-4013-a5f5-8dfc358213cd:group-864193311AEE changes role from FOLLOWER to CANDIDATE at term 0 for changeToCandidate
2019-08-24 22:45:23,467 [Thread-3514] INFO  impl.RoleInfo (RoleInfo.java:updateAndGet(143)) - cba94083-6c60-4013-a5f5-8dfc358213cd: start LeaderElection
2019-08-24 22:45:23,490 [cba94083-6c60-4013-a5f5-8dfc358213cd:group-864193311AEE:LeaderElection61] INFO  impl.LeaderElection (LeaderElection.java:askForVotes(181)) - cba94083-6c60-4013-a5f5-8dfc358213cd:group-864193311AEE:LeaderElection61: begin an election at term 1 for -1: [cba94083-6c60-4013-a5f5-8dfc358213cd:192.168.34.50:43278], old=null
2019-08-24 22:45:23,490 [cba94083-6c60-4013-a5f5-8dfc358213cd:group-864193311AEE:LeaderElection61] INFO  impl.RoleInfo (RoleInfo.java:shutdownLeaderElection(134)) - cba94083-6c60-4013-a5f5-8dfc358213cd: shutdown LeaderElection
2019-08-24 22:45:23,490 [cba94083-6c60-4013-a5f5-8dfc358213cd:group-864193311AEE:LeaderElection61] INFO  impl.RaftServerImpl (RaftServerImpl.java:setRole(171)) - cba94083-6c60-4013-a5f5-8dfc358213cd:group-864193311AEE changes role from CANDIDATE to LEADER at term 1 for changeToLeader
2019-08-24 22:45:23,490 [cba94083-6c60-4013-a5f5-8dfc358213cd:group-864193311AEE:LeaderElection61] INFO  impl.RaftServerImpl (ServerState.java:setLeader(263)) - cba94083-6c60-4013-a5f5-8dfc358213cd:group-864193311AEE change Leader from null to cba94083-6c60-4013-a5f5-8dfc358213cd at term 1 for becomeLeader, leader elected after 5159ms
2019-08-24 22:45:23,491 [cba94083-6c60-4013-a5f5-8dfc358213cd:group-864193311AEE:LeaderElection61] INFO  server.RaftServerConfigKeys (ConfUtils.java:logGet(43)) - raft.server.staging.catchup.gap = 1000 (default)
2019-08-24 22:45:23,491 [cba94083-6c60-4013-a5f5-8dfc358213cd:group-864193311AEE:LeaderElection61] INFO  server.RaftServerConfigKeys (ConfUtils.java:logGet(43)) - raft.server.rpc.sleep.time = 25ms (default)
2019-08-24 22:45:23,491 [cba94083-6c60-4013-a5f5-8dfc358213cd:group-864193311AEE:LeaderElection61] INFO  server.RaftServerConfigKeys (ConfUtils.java:logGet(43)) - raft.server.write.element-limit = 4096 (default)
2019-08-24 22:45:23,491 [cba94083-6c60-4013-a5f5-8dfc358213cd:group-864193311AEE:LeaderElection61] INFO  server.RaftServerConfigKeys (ConfUtils.java:logGet(43)) - raft.server.watch.timeout = 10s (default)
2019-08-24 22:45:23,491 [cba94083-6c60-4013-a5f5-8dfc358213cd:group-864193311AEE:LeaderElection61] INFO  server.RaftServerConfigKeys (ConfUtils.java:logGet(43)) - raft.server.watch.timeout.denomination = 1s (default)
2019-08-24 22:45:23,492 [cba94083-6c60-4013-a5f5-8dfc358213cd:group-864193311AEE:LeaderElection61] INFO  server.RaftServerConfigKeys (ConfUtils.java:logGet(43)) - raft.server.watch.element-limit = 65536 (default)
2019-08-24 22:45:23,492 [cba94083-6c60-4013-a5f5-8dfc358213cd:group-864193311AEE:LeaderElection61] INFO  impl.RoleInfo (RoleInfo.java:updateAndGet(143)) - cba94083-6c60-4013-a5f5-8dfc358213cd: start LeaderState
2019-08-24 22:45:23,493 [cba94083-6c60-4013-a5f5-8dfc358213cd:group-864193311AEE:LeaderElection61] INFO  segmented.SegmentedRaftLogWorker (SegmentedRaftLogWorker.java:startLogSegment(380)) - cba94083-6c60-4013-a5f5-8dfc358213cd-SegmentedRaftLogWorker:Storage Directory /workdir/hadoop-ozone/integration-test/target/test-dir/MiniOzoneClusterImpl-614c102a-29d9-417a-b8c5-0217b2e5181d/datanode-0/data/ratis/9920488c-06bc-483c-85b1-864193311aee: Starting segment from index:0
2019-08-24 22:45:23,493 [cba94083-6c60-4013-a5f5-8dfc358213cd:group-864193311AEE:LeaderElection61] INFO  impl.RaftServerImpl (ServerState.java:setRaftConf(361)) - cba94083-6c60-4013-a5f5-8dfc358213cd:group-864193311AEE set configuration 0: [cba94083-6c60-4013-a5f5-8dfc358213cd:192.168.34.50:43278], old=null at 0
2019-08-24 22:45:23,546 | INFO  | SCMAudit | user=jenkins1000 | ip=192.168.34.50 | op=SEND_HEARTBEAT {datanodeUUID=a1d0d6a6-7e3c-45f4-91cb-df460e9a90a2, command=[]} | ret=SUCCESS |  
2019-08-24 22:45:23,546 [cba94083-6c60-4013-a5f5-8dfc358213cd-SegmentedRaftLogWorker:Storage Directory /workdir/hadoop-ozone/integration-test/target/test-dir/MiniOzoneClusterImpl-614c102a-29d9-417a-b8c5-0217b2e5181d/datanode-0/data/ratis/9920488c-06bc-483c-85b1-864193311aee] INFO  segmented.SegmentedRaftLogWorker (SegmentedRaftLogWorker.java:execute(569)) - cba94083-6c60-4013-a5f5-8dfc358213cd-SegmentedRaftLogWorker:Storage Directory /workdir/hadoop-ozone/integration-test/target/test-dir/MiniOzoneClusterImpl-614c102a-29d9-417a-b8c5-0217b2e5181d/datanode-0/data/ratis/9920488c-06bc-483c-85b1-864193311aee: created new log segment /workdir/hadoop-ozone/integration-test/target/test-dir/MiniOzoneClusterImpl-614c102a-29d9-417a-b8c5-0217b2e5181d/datanode-0/data/ratis/9920488c-06bc-483c-85b1-864193311aee/current/log_inprogress_0
2019-08-24 22:45:23,606 | INFO  | SCMAudit | user=jenkins1000 | ip=192.168.34.50 | op=SEND_HEARTBEAT {datanodeUUID=fef8ab6f-fb3f-4c85-8a3f-3f5378cc0e9d, command=[]} | ret=SUCCESS |  
2019-08-24 22:45:23,742 | INFO  | SCMAudit | user=jenkins1000 | ip=192.168.34.50 | op=SEND_HEARTBEAT {datanodeUUID=eef0b787-ef14-4aa5-bb81-b65459257627, command=[]} | ret=SUCCESS |  
2019-08-24 22:45:23,755 [Thread-3517] INFO  impl.FollowerState (FollowerState.java:run(106)) - fef8ab6f-fb3f-4c85-8a3f-3f5378cc0e9d:group-114184AC07AC changes to CANDIDATE, lastRpcTime:5104, electionTimeout:5104ms
2019-08-24 22:45:23,755 [Thread-3517] INFO  impl.RoleInfo (RoleInfo.java:shutdownFollowerState(121)) - fef8ab6f-fb3f-4c85-8a3f-3f5378cc0e9d: shutdown FollowerState
2019-08-24 22:45:23,755 [Thread-3517] INFO  impl.RaftServerImpl (RaftServerImpl.java:setRole(171)) - fef8ab6f-fb3f-4c85-8a3f-3f5378cc0e9d:group-114184AC07AC changes role from FOLLOWER to CANDIDATE at term 0 for changeToCandidate
2019-08-24 22:45:23,755 [Thread-3517] INFO  impl.RoleInfo (RoleInfo.java:updateAndGet(143)) - fef8ab6f-fb3f-4c85-8a3f-3f5378cc0e9d: start LeaderElection
2019-08-24 22:45:23,779 [fef8ab6f-fb3f-4c85-8a3f-3f5378cc0e9d:group-114184AC07AC:LeaderElection62] INFO  impl.LeaderElection (LeaderElection.java:askForVotes(181)) - fef8ab6f-fb3f-4c85-8a3f-3f5378cc0e9d:group-114184AC07AC:LeaderElection62: begin an election at term 1 for -1: [fef8ab6f-fb3f-4c85-8a3f-3f5378cc0e9d:192.168.34.50:41380], old=null
2019-08-24 22:45:23,779 [fef8ab6f-fb3f-4c85-8a3f-3f5378cc0e9d:group-114184AC07AC:LeaderElection62] INFO  impl.RoleInfo (RoleInfo.java:shutdownLeaderElection(134)) - fef8ab6f-fb3f-4c85-8a3f-3f5378cc0e9d: shutdown LeaderElection
2019-08-24 22:45:23,779 [fef8ab6f-fb3f-4c85-8a3f-3f5378cc0e9d:group-114184AC07AC:LeaderElection62] INFO  impl.RaftServerImpl (RaftServerImpl.java:setRole(171)) - fef8ab6f-fb3f-4c85-8a3f-3f5378cc0e9d:group-114184AC07AC changes role from CANDIDATE to LEADER at term 1 for changeToLeader
2019-08-24 22:45:23,780 [fef8ab6f-fb3f-4c85-8a3f-3f5378cc0e9d:group-114184AC07AC:LeaderElection62] INFO  impl.RaftServerImpl (ServerState.java:setLeader(263)) - fef8ab6f-fb3f-4c85-8a3f-3f5378cc0e9d:group-114184AC07AC change Leader from null to fef8ab6f-fb3f-4c85-8a3f-3f5378cc0e9d at term 1 for becomeLeader, leader elected after 5132ms
2019-08-24 22:45:23,780 [fef8ab6f-fb3f-4c85-8a3f-3f5378cc0e9d:group-114184AC07AC:LeaderElection62] INFO  server.RaftServerConfigKeys (ConfUtils.java:logGet(43)) - raft.server.staging.catchup.gap = 1000 (default)
2019-08-24 22:45:23,780 [fef8ab6f-fb3f-4c85-8a3f-3f5378cc0e9d:group-114184AC07AC:LeaderElection62] INFO  server.RaftServerConfigKeys (ConfUtils.java:logGet(43)) - raft.server.rpc.sleep.time = 25ms (default)
2019-08-24 22:45:23,780 [fef8ab6f-fb3f-4c85-8a3f-3f5378cc0e9d:group-114184AC07AC:LeaderElection62] INFO  server.RaftServerConfigKeys (ConfUtils.java:logGet(43)) - raft.server.write.element-limit = 4096 (default)
2019-08-24 22:45:23,780 [fef8ab6f-fb3f-4c85-8a3f-3f5378cc0e9d:group-114184AC07AC:LeaderElection62] INFO  server.RaftServerConfigKeys (ConfUtils.java:logGet(43)) - raft.server.watch.timeout = 10s (default)
2019-08-24 22:45:23,780 [fef8ab6f-fb3f-4c85-8a3f-3f5378cc0e9d:group-114184AC07AC:LeaderElection62] INFO  server.RaftServerConfigKeys (ConfUtils.java:logGet(43)) - raft.server.watch.timeout.denomination = 1s (default)
2019-08-24 22:45:23,781 [fef8ab6f-fb3f-4c85-8a3f-3f5378cc0e9d:group-114184AC07AC:LeaderElection62] INFO  server.RaftServerConfigKeys (ConfUtils.java:logGet(43)) - raft.server.watch.element-limit = 65536 (default)
2019-08-24 22:45:23,781 [fef8ab6f-fb3f-4c85-8a3f-3f5378cc0e9d:group-114184AC07AC:LeaderElection62] INFO  impl.RoleInfo (RoleInfo.java:updateAndGet(143)) - fef8ab6f-fb3f-4c85-8a3f-3f5378cc0e9d: start LeaderState
2019-08-24 22:45:23,781 [fef8ab6f-fb3f-4c85-8a3f-3f5378cc0e9d:group-114184AC07AC:LeaderElection62] INFO  segmented.SegmentedRaftLogWorker (SegmentedRaftLogWorker.java:startLogSegment(380)) - fef8ab6f-fb3f-4c85-8a3f-3f5378cc0e9d-SegmentedRaftLogWorker:Storage Directory /workdir/hadoop-ozone/integration-test/target/test-dir/MiniOzoneClusterImpl-614c102a-29d9-417a-b8c5-0217b2e5181d/datanode-1/data/ratis/e7edaea1-b33c-4cd9-806b-114184ac07ac: Starting segment from index:0
2019-08-24 22:45:23,782 [fef8ab6f-fb3f-4c85-8a3f-3f5378cc0e9d:group-114184AC07AC:LeaderElection62] INFO  impl.RaftServerImpl (ServerState.java:setRaftConf(361)) - fef8ab6f-fb3f-4c85-8a3f-3f5378cc0e9d:group-114184AC07AC set configuration 0: [fef8ab6f-fb3f-4c85-8a3f-3f5378cc0e9d:192.168.34.50:41380], old=null at 0
2019-08-24 22:45:23,831 [fef8ab6f-fb3f-4c85-8a3f-3f5378cc0e9d-SegmentedRaftLogWorker:Storage Directory /workdir/hadoop-ozone/integration-test/target/test-dir/MiniOzoneClusterImpl-614c102a-29d9-417a-b8c5-0217b2e5181d/datanode-1/data/ratis/e7edaea1-b33c-4cd9-806b-114184ac07ac] INFO  segmented.SegmentedRaftLogWorker (SegmentedRaftLogWorker.java:execute(569)) - fef8ab6f-fb3f-4c85-8a3f-3f5378cc0e9d-SegmentedRaftLogWorker:Storage Directory /workdir/hadoop-ozone/integration-test/target/test-dir/MiniOzoneClusterImpl-614c102a-29d9-417a-b8c5-0217b2e5181d/datanode-1/data/ratis/e7edaea1-b33c-4cd9-806b-114184ac07ac: created new log segment /workdir/hadoop-ozone/integration-test/target/test-dir/MiniOzoneClusterImpl-614c102a-29d9-417a-b8c5-0217b2e5181d/datanode-1/data/ratis/e7edaea1-b33c-4cd9-806b-114184ac07ac/current/log_inprogress_0
2019-08-24 22:45:23,902 | INFO  | SCMAudit | user=jenkins1000 | ip=192.168.34.50 | op=SEND_HEARTBEAT {datanodeUUID=64266e81-f89e-4b53-ab01-a599594e3ea3, command=[]} | ret=SUCCESS |  
2019-08-24 22:45:23,930 [grpc-default-executor-7] INFO  client.GrpcClientProtocolClient (GrpcClientProtocolClient.java:onNext(255)) - client-B9E26FA510DE->a1d0d6a6-7e3c-45f4-91cb-df460e9a90a2: receive RaftClientReply:client-B9E26FA510DE->a1d0d6a6-7e3c-45f4-91cb-df460e9a90a2@group-01CD8B84C446, cid=176, FAILED org.apache.ratis.protocol.NotLeaderException: Server a1d0d6a6-7e3c-45f4-91cb-df460e9a90a2 is not the leader (null). Request must be sent to leader., logIndex=0, commits[a1d0d6a6-7e3c-45f4-91cb-df460e9a90a2:c-1]
2019-08-24 22:45:23,948 [Thread-3520] INFO  impl.FollowerState (FollowerState.java:run(106)) - 64266e81-f89e-4b53-ab01-a599594e3ea3:group-D34E56F378CA changes to CANDIDATE, lastRpcTime:5000, electionTimeout:5000ms
2019-08-24 22:45:23,948 [Thread-3520] INFO  impl.RoleInfo (RoleInfo.java:shutdownFollowerState(121)) - 64266e81-f89e-4b53-ab01-a599594e3ea3: shutdown FollowerState
2019-08-24 22:45:23,948 [Thread-3520] INFO  impl.RaftServerImpl (RaftServerImpl.java:setRole(171)) - 64266e81-f89e-4b53-ab01-a599594e3ea3:group-D34E56F378CA changes role from FOLLOWER to CANDIDATE at term 0 for changeToCandidate
2019-08-24 22:45:23,948 [Thread-3520] INFO  impl.RoleInfo (RoleInfo.java:updateAndGet(143)) - 64266e81-f89e-4b53-ab01-a599594e3ea3: start LeaderElection
2019-08-24 22:45:23,969 [64266e81-f89e-4b53-ab01-a599594e3ea3:group-D34E56F378CA:LeaderElection63] INFO  impl.LeaderElection (LeaderElection.java:askForVotes(181)) - 64266e81-f89e-4b53-ab01-a599594e3ea3:group-D34E56F378CA:LeaderElection63: begin an election at term 1 for -1: [64266e81-f89e-4b53-ab01-a599594e3ea3:192.168.34.50:44853], old=null
2019-08-24 22:45:23,969 [64266e81-f89e-4b53-ab01-a599594e3ea3:group-D34E56F378CA:LeaderElection63] INFO  impl.RoleInfo (RoleInfo.java:shutdownLeaderElection(134)) - 64266e81-f89e-4b53-ab01-a599594e3ea3: shutdown LeaderElection
2019-08-24 22:45:23,969 [64266e81-f89e-4b53-ab01-a599594e3ea3:group-D34E56F378CA:LeaderElection63] INFO  impl.RaftServerImpl (RaftServerImpl.java:setRole(171)) - 64266e81-f89e-4b53-ab01-a599594e3ea3:group-D34E56F378CA changes role from CANDIDATE to LEADER at term 1 for changeToLeader
2019-08-24 22:45:23,969 [64266e81-f89e-4b53-ab01-a599594e3ea3:group-D34E56F378CA:LeaderElection63] INFO  impl.RaftServerImpl (ServerState.java:setLeader(263)) - 64266e81-f89e-4b53-ab01-a599594e3ea3:group-D34E56F378CA change Leader from null to 64266e81-f89e-4b53-ab01-a599594e3ea3 at term 1 for becomeLeader, leader elected after 5026ms
2019-08-24 22:45:23,970 [64266e81-f89e-4b53-ab01-a599594e3ea3:group-D34E56F378CA:LeaderElection63] INFO  server.RaftServerConfigKeys (ConfUtils.java:logGet(43)) - raft.server.staging.catchup.gap = 1000 (default)
2019-08-24 22:45:23,970 [64266e81-f89e-4b53-ab01-a599594e3ea3:group-D34E56F378CA:LeaderElection63] INFO  server.RaftServerConfigKeys (ConfUtils.java:logGet(43)) - raft.server.rpc.sleep.time = 25ms (default)
2019-08-24 22:45:23,970 [64266e81-f89e-4b53-ab01-a599594e3ea3:group-D34E56F378CA:LeaderElection63] INFO  server.RaftServerConfigKeys (ConfUtils.java:logGet(43)) - raft.server.write.element-limit = 4096 (default)
2019-08-24 22:45:23,970 [64266e81-f89e-4b53-ab01-a599594e3ea3:group-D34E56F378CA:LeaderElection63] INFO  server.RaftServerConfigKeys (ConfUtils.java:logGet(43)) - raft.server.watch.timeout = 10s (default)
2019-08-24 22:45:23,970 [64266e81-f89e-4b53-ab01-a599594e3ea3:group-D34E56F378CA:LeaderElection63] INFO  server.RaftServerConfigKeys (ConfUtils.java:logGet(43)) - raft.server.watch.timeout.denomination = 1s (default)
2019-08-24 22:45:23,970 [64266e81-f89e-4b53-ab01-a599594e3ea3:group-D34E56F378CA:LeaderElection63] INFO  server.RaftServerConfigKeys (ConfUtils.java:logGet(43)) - raft.server.watch.element-limit = 65536 (default)
2019-08-24 22:45:23,970 [64266e81-f89e-4b53-ab01-a599594e3ea3:group-D34E56F378CA:LeaderElection63] INFO  impl.RoleInfo (RoleInfo.java:updateAndGet(143)) - 64266e81-f89e-4b53-ab01-a599594e3ea3: start LeaderState
2019-08-24 22:45:23,971 [64266e81-f89e-4b53-ab01-a599594e3ea3:group-D34E56F378CA:LeaderElection63] INFO  segmented.SegmentedRaftLogWorker (SegmentedRaftLogWorker.java:startLogSegment(380)) - 64266e81-f89e-4b53-ab01-a599594e3ea3-SegmentedRaftLogWorker:Storage Directory /workdir/hadoop-ozone/integration-test/target/test-dir/MiniOzoneClusterImpl-614c102a-29d9-417a-b8c5-0217b2e5181d/datanode-2/data/ratis/ec6d4e73-4cd4-4e01-9738-d34e56f378ca: Starting segment from index:0
2019-08-24 22:45:23,971 [64266e81-f89e-4b53-ab01-a599594e3ea3:group-D34E56F378CA:LeaderElection63] INFO  impl.RaftServerImpl (ServerState.java:setRaftConf(361)) - 64266e81-f89e-4b53-ab01-a599594e3ea3:group-D34E56F378CA set configuration 0: [64266e81-f89e-4b53-ab01-a599594e3ea3:192.168.34.50:44853], old=null at 0
2019-08-24 22:45:24,018 [64266e81-f89e-4b53-ab01-a599594e3ea3-SegmentedRaftLogWorker:Storage Directory /workdir/hadoop-ozone/integration-test/target/test-dir/MiniOzoneClusterImpl-614c102a-29d9-417a-b8c5-0217b2e5181d/datanode-2/data/ratis/ec6d4e73-4cd4-4e01-9738-d34e56f378ca] INFO  segmented.SegmentedRaftLogWorker (SegmentedRaftLogWorker.java:execute(569)) - 64266e81-f89e-4b53-ab01-a599594e3ea3-SegmentedRaftLogWorker:Storage Directory /workdir/hadoop-ozone/integration-test/target/test-dir/MiniOzoneClusterImpl-614c102a-29d9-417a-b8c5-0217b2e5181d/datanode-2/data/ratis/ec6d4e73-4cd4-4e01-9738-d34e56f378ca: created new log segment /workdir/hadoop-ozone/integration-test/target/test-dir/MiniOzoneClusterImpl-614c102a-29d9-417a-b8c5-0217b2e5181d/datanode-2/data/ratis/ec6d4e73-4cd4-4e01-9738-d34e56f378ca/current/log_inprogress_0
2019-08-24 22:45:24,040 [Thread-3528] INFO  impl.FollowerState (FollowerState.java:run(106)) - 64266e81-f89e-4b53-ab01-a599594e3ea3:group-8FA27D7B00F7 changes to CANDIDATE, lastRpcTime:5011, electionTimeout:5011ms
2019-08-24 22:45:24,040 [Thread-3528] INFO  impl.RoleInfo (RoleInfo.java:shutdownFollowerState(121)) - 64266e81-f89e-4b53-ab01-a599594e3ea3: shutdown FollowerState
2019-08-24 22:45:24,040 [Thread-3528] INFO  impl.RaftServerImpl (RaftServerImpl.java:setRole(171)) - 64266e81-f89e-4b53-ab01-a599594e3ea3:group-8FA27D7B00F7 changes role from FOLLOWER to CANDIDATE at term 0 for changeToCandidate
2019-08-24 22:45:24,040 [Thread-3528] INFO  impl.RoleInfo (RoleInfo.java:updateAndGet(143)) - 64266e81-f89e-4b53-ab01-a599594e3ea3: start LeaderElection
2019-08-24 22:45:24,072 [64266e81-f89e-4b53-ab01-a599594e3ea3:group-8FA27D7B00F7:LeaderElection64] INFO  impl.LeaderElection (LeaderElection.java:askForVotes(181)) - 64266e81-f89e-4b53-ab01-a599594e3ea3:group-8FA27D7B00F7:LeaderElection64: begin an election at term 1 for -1: [fef8ab6f-fb3f-4c85-8a3f-3f5378cc0e9d:192.168.34.50:41380, 64266e81-f89e-4b53-ab01-a599594e3ea3:192.168.34.50:44853, cba94083-6c60-4013-a5f5-8dfc358213cd:192.168.34.50:43278], old=null
2019-08-24 22:45:24,080 [grpc-default-executor-4] INFO  impl.RaftServerImpl (RaftServerImpl.java:setRole(171)) - fef8ab6f-fb3f-4c85-8a3f-3f5378cc0e9d:group-8FA27D7B00F7 changes role from FOLLOWER to FOLLOWER at term 1 for recognizeCandidate:64266e81-f89e-4b53-ab01-a599594e3ea3
2019-08-24 22:45:24,080 [grpc-default-executor-7] INFO  impl.RaftServerImpl (RaftServerImpl.java:setRole(171)) - cba94083-6c60-4013-a5f5-8dfc358213cd:group-8FA27D7B00F7 changes role from FOLLOWER to FOLLOWER at term 1 for recognizeCandidate:64266e81-f89e-4b53-ab01-a599594e3ea3
2019-08-24 22:45:24,080 [grpc-default-executor-4] INFO  impl.RoleInfo (RoleInfo.java:shutdownFollowerState(121)) - fef8ab6f-fb3f-4c85-8a3f-3f5378cc0e9d: shutdown FollowerState
2019-08-24 22:45:24,080 [grpc-default-executor-7] INFO  impl.RoleInfo (RoleInfo.java:shutdownFollowerState(121)) - cba94083-6c60-4013-a5f5-8dfc358213cd: shutdown FollowerState
2019-08-24 22:45:24,080 [Thread-3527] INFO  impl.FollowerState (FollowerState.java:run(114)) - fef8ab6f-fb3f-4c85-8a3f-3f5378cc0e9d: FollowerState was interrupted: java.lang.InterruptedException: sleep interrupted
2019-08-24 22:45:24,080 [grpc-default-executor-4] INFO  impl.RoleInfo (RoleInfo.java:updateAndGet(143)) - fef8ab6f-fb3f-4c85-8a3f-3f5378cc0e9d: start FollowerState
2019-08-24 22:45:24,082 [Thread-3523] INFO  impl.FollowerState (FollowerState.java:run(114)) - cba94083-6c60-4013-a5f5-8dfc358213cd: FollowerState was interrupted: java.lang.InterruptedException: sleep interrupted
2019-08-24 22:45:24,081 [grpc-default-executor-7] INFO  impl.RoleInfo (RoleInfo.java:updateAndGet(143)) - cba94083-6c60-4013-a5f5-8dfc358213cd: start FollowerState
2019-08-24 22:45:24,106 [64266e81-f89e-4b53-ab01-a599594e3ea3:group-8FA27D7B00F7:LeaderElection64] INFO  impl.LeaderElection (LeaderElection.java:logAndReturn(56)) - 64266e81-f89e-4b53-ab01-a599594e3ea3:group-8FA27D7B00F7:LeaderElection64: Election PASSED; received 1 response(s) [64266e81-f89e-4b53-ab01-a599594e3ea3<-cba94083-6c60-4013-a5f5-8dfc358213cd#0:OK-t1] and 0 exception(s); 64266e81-f89e-4b53-ab01-a599594e3ea3:t1, leader=null, voted=64266e81-f89e-4b53-ab01-a599594e3ea3, raftlog=64266e81-f89e-4b53-ab01-a599594e3ea3-SegmentedRaftLog:OPENED:c-1,f-1,i0, conf=-1: [fef8ab6f-fb3f-4c85-8a3f-3f5378cc0e9d:192.168.34.50:41380, 64266e81-f89e-4b53-ab01-a599594e3ea3:192.168.34.50:44853, cba94083-6c60-4013-a5f5-8dfc358213cd:192.168.34.50:43278], old=null
2019-08-24 22:45:24,106 [64266e81-f89e-4b53-ab01-a599594e3ea3:group-8FA27D7B00F7:LeaderElection64] INFO  impl.RoleInfo (RoleInfo.java:shutdownLeaderElection(134)) - 64266e81-f89e-4b53-ab01-a599594e3ea3: shutdown LeaderElection
2019-08-24 22:45:24,106 [64266e81-f89e-4b53-ab01-a599594e3ea3:group-8FA27D7B00F7:LeaderElection64] INFO  impl.RaftServerImpl (RaftServerImpl.java:setRole(171)) - 64266e81-f89e-4b53-ab01-a599594e3ea3:group-8FA27D7B00F7 changes role from CANDIDATE to LEADER at term 1 for changeToLeader
2019-08-24 22:45:24,106 [64266e81-f89e-4b53-ab01-a599594e3ea3:group-8FA27D7B00F7:LeaderElection64] INFO  impl.RaftServerImpl (ServerState.java:setLeader(263)) - 64266e81-f89e-4b53-ab01-a599594e3ea3:group-8FA27D7B00F7 change Leader from null to 64266e81-f89e-4b53-ab01-a599594e3ea3 at term 1 for becomeLeader, leader elected after 5096ms
2019-08-24 22:45:24,106 [64266e81-f89e-4b53-ab01-a599594e3ea3:group-8FA27D7B00F7:LeaderElection64] INFO  server.RaftServerConfigKeys (ConfUtils.java:logGet(43)) - raft.server.staging.catchup.gap = 1000 (default)
2019-08-24 22:45:24,107 [64266e81-f89e-4b53-ab01-a599594e3ea3:group-8FA27D7B00F7:LeaderElection64] INFO  server.RaftServerConfigKeys (ConfUtils.java:logGet(43)) - raft.server.rpc.sleep.time = 25ms (default)
2019-08-24 22:45:24,107 [64266e81-f89e-4b53-ab01-a599594e3ea3:group-8FA27D7B00F7:LeaderElection64] INFO  server.RaftServerConfigKeys (ConfUtils.java:logGet(43)) - raft.server.write.element-limit = 4096 (default)
2019-08-24 22:45:24,107 [64266e81-f89e-4b53-ab01-a599594e3ea3:group-8FA27D7B00F7:LeaderElection64] INFO  server.RaftServerConfigKeys (ConfUtils.java:logGet(43)) - raft.server.watch.timeout = 10s (default)
2019-08-24 22:45:24,107 [64266e81-f89e-4b53-ab01-a599594e3ea3:group-8FA27D7B00F7:LeaderElection64] INFO  server.RaftServerConfigKeys (ConfUtils.java:logGet(43)) - raft.server.watch.timeout.denomination = 1s (default)
2019-08-24 22:45:24,107 [64266e81-f89e-4b53-ab01-a599594e3ea3:group-8FA27D7B00F7:LeaderElection64] INFO  server.RaftServerConfigKeys (ConfUtils.java:logGet(43)) - raft.server.watch.element-limit = 65536 (default)
2019-08-24 22:45:24,107 [64266e81-f89e-4b53-ab01-a599594e3ea3:group-8FA27D7B00F7:LeaderElection64] INFO  server.RaftServerConfigKeys (ConfUtils.java:logGet(43)) - raft.server.log.appender.snapshot.chunk.size.max = 16MB (=16777216) (default)
2019-08-24 22:45:24,107 [64266e81-f89e-4b53-ab01-a599594e3ea3:group-8FA27D7B00F7:LeaderElection64] INFO  server.RaftServerConfigKeys (ConfUtils.java:logGet(43)) - raft.server.log.appender.buffer.byte-limit = 33554432 (custom)
2019-08-24 22:45:24,108 [64266e81-f89e-4b53-ab01-a599594e3ea3:group-8FA27D7B00F7:LeaderElection64] INFO  server.RaftServerConfigKeys (ConfUtils.java:logGet(43)) - raft.server.log.appender.buffer.element-limit = 1 (custom)
2019-08-24 22:45:24,108 [64266e81-f89e-4b53-ab01-a599594e3ea3:group-8FA27D7B00F7:LeaderElection64] INFO  grpc.GrpcConfigKeys$Server (ConfUtils.java:logGet(43)) - raft.grpc.server.leader.outstanding.appends.max = 128 (default)
2019-08-24 22:45:24,108 [64266e81-f89e-4b53-ab01-a599594e3ea3:group-8FA27D7B00F7:LeaderElection64] INFO  server.RaftServerConfigKeys (ConfUtils.java:logGet(43)) - raft.server.rpc.request.timeout = 3000ms (default)
2019-08-24 22:45:24,108 [64266e81-f89e-4b53-ab01-a599594e3ea3:group-8FA27D7B00F7:LeaderElection64] INFO  server.RaftServerConfigKeys (ConfUtils.java:logGet(43)) - raft.server.log.appender.install.snapshot.enabled = false (custom)
2019-08-24 22:45:24,108 [64266e81-f89e-4b53-ab01-a599594e3ea3:group-8FA27D7B00F7:LeaderElection64] INFO  server.RaftServerConfigKeys (ConfUtils.java:logGet(43)) - raft.server.log.appender.snapshot.chunk.size.max = 16MB (=16777216) (default)
2019-08-24 22:45:24,108 [64266e81-f89e-4b53-ab01-a599594e3ea3:group-8FA27D7B00F7:LeaderElection64] INFO  server.RaftServerConfigKeys (ConfUtils.java:logGet(43)) - raft.server.log.appender.buffer.byte-limit = 33554432 (custom)
2019-08-24 22:45:24,109 [64266e81-f89e-4b53-ab01-a599594e3ea3:group-8FA27D7B00F7:LeaderElection64] INFO  server.RaftServerConfigKeys (ConfUtils.java:logGet(43)) - raft.server.log.appender.buffer.element-limit = 1 (custom)
2019-08-24 22:45:24,109 [64266e81-f89e-4b53-ab01-a599594e3ea3:group-8FA27D7B00F7:LeaderElection64] INFO  grpc.GrpcConfigKeys$Server (ConfUtils.java:logGet(43)) - raft.grpc.server.leader.outstanding.appends.max = 128 (default)
2019-08-24 22:45:24,109 [64266e81-f89e-4b53-ab01-a599594e3ea3:group-8FA27D7B00F7:LeaderElection64] INFO  server.RaftServerConfigKeys (ConfUtils.java:logGet(43)) - raft.server.rpc.request.timeout = 3000ms (default)
2019-08-24 22:45:24,109 [64266e81-f89e-4b53-ab01-a599594e3ea3:group-8FA27D7B00F7:LeaderElection64] INFO  server.RaftServerConfigKeys (ConfUtils.java:logGet(43)) - raft.server.log.appender.install.snapshot.enabled = false (custom)
2019-08-24 22:45:24,109 [64266e81-f89e-4b53-ab01-a599594e3ea3:group-8FA27D7B00F7:LeaderElection64] INFO  impl.RoleInfo (RoleInfo.java:updateAndGet(143)) - 64266e81-f89e-4b53-ab01-a599594e3ea3: start LeaderState
2019-08-24 22:45:24,110 [64266e81-f89e-4b53-ab01-a599594e3ea3:group-8FA27D7B00F7:LeaderElection64] INFO  segmented.SegmentedRaftLogWorker (SegmentedRaftLogWorker.java:startLogSegment(380)) - 64266e81-f89e-4b53-ab01-a599594e3ea3-SegmentedRaftLogWorker:Storage Directory /workdir/hadoop-ozone/integration-test/target/test-dir/MiniOzoneClusterImpl-614c102a-29d9-417a-b8c5-0217b2e5181d/datanode-2/data/ratis/bfb5824f-059b-4a53-aa71-8fa27d7b00f7: Starting segment from index:0
2019-08-24 22:45:24,110 [64266e81-f89e-4b53-ab01-a599594e3ea3:group-8FA27D7B00F7:LeaderElection64] INFO  impl.RaftServerImpl (ServerState.java:setRaftConf(361)) - 64266e81-f89e-4b53-ab01-a599594e3ea3:group-8FA27D7B00F7 set configuration 0: [fef8ab6f-fb3f-4c85-8a3f-3f5378cc0e9d:192.168.34.50:41380, 64266e81-f89e-4b53-ab01-a599594e3ea3:192.168.34.50:44853, cba94083-6c60-4013-a5f5-8dfc358213cd:192.168.34.50:43278], old=null at 0
2019-08-24 22:45:24,148 | INFO  | SCMAudit | user=jenkins1000 | ip=192.168.34.50 | op=SEND_HEARTBEAT {datanodeUUID=76d0d5d6-c2d6-4b53-8535-d18625577ddc, command=[]} | ret=SUCCESS |  
2019-08-24 22:45:24,154 [grpc-default-executor-4] INFO  impl.RaftServerImpl (ServerState.java:setLeader(263)) - cba94083-6c60-4013-a5f5-8dfc358213cd:group-8FA27D7B00F7 change Leader from null to 64266e81-f89e-4b53-ab01-a599594e3ea3 at term 1 for appendEntries, leader elected after 5144ms
2019-08-24 22:45:24,154 [grpc-default-executor-7] INFO  impl.RaftServerImpl (ServerState.java:setLeader(263)) - fef8ab6f-fb3f-4c85-8a3f-3f5378cc0e9d:group-8FA27D7B00F7 change Leader from null to 64266e81-f89e-4b53-ab01-a599594e3ea3 at term 1 for appendEntries, leader elected after 5144ms
2019-08-24 22:45:24,159 [grpc-default-executor-4] INFO  impl.RaftServerImpl (ServerState.java:setRaftConf(361)) - cba94083-6c60-4013-a5f5-8dfc358213cd:group-8FA27D7B00F7 set configuration 0: [fef8ab6f-fb3f-4c85-8a3f-3f5378cc0e9d:192.168.34.50:41380, 64266e81-f89e-4b53-ab01-a599594e3ea3:192.168.34.50:44853, cba94083-6c60-4013-a5f5-8dfc358213cd:192.168.34.50:43278], old=null at 0
2019-08-24 22:45:24,159 [grpc-default-executor-7] INFO  impl.RaftServerImpl (ServerState.java:setRaftConf(361)) - fef8ab6f-fb3f-4c85-8a3f-3f5378cc0e9d:group-8FA27D7B00F7 set configuration 0: [fef8ab6f-fb3f-4c85-8a3f-3f5378cc0e9d:192.168.34.50:41380, 64266e81-f89e-4b53-ab01-a599594e3ea3:192.168.34.50:44853, cba94083-6c60-4013-a5f5-8dfc358213cd:192.168.34.50:43278], old=null at 0
2019-08-24 22:45:24,159 [grpc-default-executor-4] INFO  segmented.SegmentedRaftLogWorker (SegmentedRaftLogWorker.java:startLogSegment(380)) - cba94083-6c60-4013-a5f5-8dfc358213cd-SegmentedRaftLogWorker:Storage Directory /workdir/hadoop-ozone/integration-test/target/test-dir/MiniOzoneClusterImpl-614c102a-29d9-417a-b8c5-0217b2e5181d/datanode-0/data/ratis/bfb5824f-059b-4a53-aa71-8fa27d7b00f7: Starting segment from index:0
2019-08-24 22:45:24,159 [grpc-default-executor-7] INFO  segmented.SegmentedRaftLogWorker (SegmentedRaftLogWorker.java:startLogSegment(380)) - fef8ab6f-fb3f-4c85-8a3f-3f5378cc0e9d-SegmentedRaftLogWorker:Storage Directory /workdir/hadoop-ozone/integration-test/target/test-dir/MiniOzoneClusterImpl-614c102a-29d9-417a-b8c5-0217b2e5181d/datanode-1/data/ratis/bfb5824f-059b-4a53-aa71-8fa27d7b00f7: Starting segment from index:0
2019-08-24 22:45:24,159 [64266e81-f89e-4b53-ab01-a599594e3ea3-SegmentedRaftLogWorker:Storage Directory /workdir/hadoop-ozone/integration-test/target/test-dir/MiniOzoneClusterImpl-614c102a-29d9-417a-b8c5-0217b2e5181d/datanode-2/data/ratis/bfb5824f-059b-4a53-aa71-8fa27d7b00f7] INFO  segmented.SegmentedRaftLogWorker (SegmentedRaftLogWorker.java:execute(569)) - 64266e81-f89e-4b53-ab01-a599594e3ea3-SegmentedRaftLogWorker:Storage Directory /workdir/hadoop-ozone/integration-test/target/test-dir/MiniOzoneClusterImpl-614c102a-29d9-417a-b8c5-0217b2e5181d/datanode-2/data/ratis/bfb5824f-059b-4a53-aa71-8fa27d7b00f7: created new log segment /workdir/hadoop-ozone/integration-test/target/test-dir/MiniOzoneClusterImpl-614c102a-29d9-417a-b8c5-0217b2e5181d/datanode-2/data/ratis/bfb5824f-059b-4a53-aa71-8fa27d7b00f7/current/log_inprogress_0
2019-08-24 22:45:24,199 [fef8ab6f-fb3f-4c85-8a3f-3f5378cc0e9d-SegmentedRaftLogWorker:Storage Directory /workdir/hadoop-ozone/integration-test/target/test-dir/MiniOzoneClusterImpl-614c102a-29d9-417a-b8c5-0217b2e5181d/datanode-1/data/ratis/bfb5824f-059b-4a53-aa71-8fa27d7b00f7] INFO  segmented.SegmentedRaftLogWorker (SegmentedRaftLogWorker.java:execute(569)) - fef8ab6f-fb3f-4c85-8a3f-3f5378cc0e9d-SegmentedRaftLogWorker:Storage Directory /workdir/hadoop-ozone/integration-test/target/test-dir/MiniOzoneClusterImpl-614c102a-29d9-417a-b8c5-0217b2e5181d/datanode-1/data/ratis/bfb5824f-059b-4a53-aa71-8fa27d7b00f7: created new log segment /workdir/hadoop-ozone/integration-test/target/test-dir/MiniOzoneClusterImpl-614c102a-29d9-417a-b8c5-0217b2e5181d/datanode-1/data/ratis/bfb5824f-059b-4a53-aa71-8fa27d7b00f7/current/log_inprogress_0
2019-08-24 22:45:24,199 [cba94083-6c60-4013-a5f5-8dfc358213cd-SegmentedRaftLogWorker:Storage Directory /workdir/hadoop-ozone/integration-test/target/test-dir/MiniOzoneClusterImpl-614c102a-29d9-417a-b8c5-0217b2e5181d/datanode-0/data/ratis/bfb5824f-059b-4a53-aa71-8fa27d7b00f7] INFO  segmented.SegmentedRaftLogWorker (SegmentedRaftLogWorker.java:execute(569)) - cba94083-6c60-4013-a5f5-8dfc358213cd-SegmentedRaftLogWorker:Storage Directory /workdir/hadoop-ozone/integration-test/target/test-dir/MiniOzoneClusterImpl-614c102a-29d9-417a-b8c5-0217b2e5181d/datanode-0/data/ratis/bfb5824f-059b-4a53-aa71-8fa27d7b00f7: created new log segment /workdir/hadoop-ozone/integration-test/target/test-dir/MiniOzoneClusterImpl-614c102a-29d9-417a-b8c5-0217b2e5181d/datanode-0/data/ratis/bfb5824f-059b-4a53-aa71-8fa27d7b00f7/current/log_inprogress_0
2019-08-24 22:45:24,256 | INFO  | SCMAudit | user=jenkins1000 | ip=192.168.34.50 | op=SEND_HEARTBEAT {datanodeUUID=cba94083-6c60-4013-a5f5-8dfc358213cd, command=[]} | ret=SUCCESS |  
2019-08-24 22:45:24,349 [Thread-3532] INFO  impl.FollowerState (FollowerState.java:run(106)) - 76d0d5d6-c2d6-4b53-8535-d18625577ddc:group-59B28DBF9102 changes to CANDIDATE, lastRpcTime:5162, electionTimeout:5162ms
2019-08-24 22:45:24,349 [Thread-3532] INFO  impl.RoleInfo (RoleInfo.java:shutdownFollowerState(121)) - 76d0d5d6-c2d6-4b53-8535-d18625577ddc: shutdown FollowerState
2019-08-24 22:45:24,350 [Thread-3532] INFO  impl.RaftServerImpl (RaftServerImpl.java:setRole(171)) - 76d0d5d6-c2d6-4b53-8535-d18625577ddc:group-59B28DBF9102 changes role from FOLLOWER to CANDIDATE at term 0 for changeToCandidate
2019-08-24 22:45:24,350 [Thread-3532] INFO  impl.RoleInfo (RoleInfo.java:updateAndGet(143)) - 76d0d5d6-c2d6-4b53-8535-d18625577ddc: start LeaderElection
2019-08-24 22:45:24,355 | INFO  | SCMAudit | user=jenkins1000 | ip=192.168.34.50 | op=SEND_HEARTBEAT {datanodeUUID=f7849cca-8227-4286-beaa-44e6969b61f8, command=[]} | ret=SUCCESS |  
2019-08-24 22:45:24,368 [76d0d5d6-c2d6-4b53-8535-d18625577ddc:group-59B28DBF9102:LeaderElection65] INFO  impl.LeaderElection (LeaderElection.java:askForVotes(181)) - 76d0d5d6-c2d6-4b53-8535-d18625577ddc:group-59B28DBF9102:LeaderElection65: begin an election at term 1 for -1: [76d0d5d6-c2d6-4b53-8535-d18625577ddc:192.168.34.50:38406], old=null
2019-08-24 22:45:24,368 [76d0d5d6-c2d6-4b53-8535-d18625577ddc:group-59B28DBF9102:LeaderElection65] INFO  impl.RoleInfo (RoleInfo.java:shutdownLeaderElection(134)) - 76d0d5d6-c2d6-4b53-8535-d18625577ddc: shutdown LeaderElection
2019-08-24 22:45:24,368 [76d0d5d6-c2d6-4b53-8535-d18625577ddc:group-59B28DBF9102:LeaderElection65] INFO  impl.RaftServerImpl (RaftServerImpl.java:setRole(171)) - 76d0d5d6-c2d6-4b53-8535-d18625577ddc:group-59B28DBF9102 changes role from CANDIDATE to LEADER at term 1 for changeToLeader
2019-08-24 22:45:24,369 [76d0d5d6-c2d6-4b53-8535-d18625577ddc:group-59B28DBF9102:LeaderElection65] INFO  impl.RaftServerImpl (ServerState.java:setLeader(263)) - 76d0d5d6-c2d6-4b53-8535-d18625577ddc:group-59B28DBF9102 change Leader from null to 76d0d5d6-c2d6-4b53-8535-d18625577ddc at term 1 for becomeLeader, leader elected after 5186ms
2019-08-24 22:45:24,369 [76d0d5d6-c2d6-4b53-8535-d18625577ddc:group-59B28DBF9102:LeaderElection65] INFO  server.RaftServerConfigKeys (ConfUtils.java:logGet(43)) - raft.server.staging.catchup.gap = 1000 (default)
2019-08-24 22:45:24,369 [76d0d5d6-c2d6-4b53-8535-d18625577ddc:group-59B28DBF9102:LeaderElection65] INFO  server.RaftServerConfigKeys (ConfUtils.java:logGet(43)) - raft.server.rpc.sleep.time = 25ms (default)
2019-08-24 22:45:24,369 [76d0d5d6-c2d6-4b53-8535-d18625577ddc:group-59B28DBF9102:LeaderElection65] INFO  server.RaftServerConfigKeys (ConfUtils.java:logGet(43)) - raft.server.write.element-limit = 4096 (default)
2019-08-24 22:45:24,369 [76d0d5d6-c2d6-4b53-8535-d18625577ddc:group-59B28DBF9102:LeaderElection65] INFO  server.RaftServerConfigKeys (ConfUtils.java:logGet(43)) - raft.server.watch.timeout = 10s (default)
2019-08-24 22:45:24,369 [76d0d5d6-c2d6-4b53-8535-d18625577ddc:group-59B28DBF9102:LeaderElection65] INFO  server.RaftServerConfigKeys (ConfUtils.java:logGet(43)) - raft.server.watch.timeout.denomination = 1s (default)
2019-08-24 22:45:24,370 [76d0d5d6-c2d6-4b53-8535-d18625577ddc:group-59B28DBF9102:LeaderElection65] INFO  server.RaftServerConfigKeys (ConfUtils.java:logGet(43)) - raft.server.watch.element-limit = 65536 (default)
2019-08-24 22:45:24,370 [76d0d5d6-c2d6-4b53-8535-d18625577ddc:group-59B28DBF9102:LeaderElection65] INFO  impl.RoleInfo (RoleInfo.java:updateAndGet(143)) - 76d0d5d6-c2d6-4b53-8535-d18625577ddc: start LeaderState
2019-08-24 22:45:24,370 [76d0d5d6-c2d6-4b53-8535-d18625577ddc:group-59B28DBF9102:LeaderElection65] INFO  segmented.SegmentedRaftLogWorker (SegmentedRaftLogWorker.java:startLogSegment(380)) - 76d0d5d6-c2d6-4b53-8535-d18625577ddc-SegmentedRaftLogWorker:Storage Directory /workdir/hadoop-ozone/integration-test/target/test-dir/MiniOzoneClusterImpl-614c102a-29d9-417a-b8c5-0217b2e5181d/datanode-3/data/ratis/6156bd1e-c95a-4bdf-94a3-59b28dbf9102: Starting segment from index:0
2019-08-24 22:45:24,370 [76d0d5d6-c2d6-4b53-8535-d18625577ddc:group-59B28DBF9102:LeaderElection65] INFO  impl.RaftServerImpl (ServerState.java:setRaftConf(361)) - 76d0d5d6-c2d6-4b53-8535-d18625577ddc:group-59B28DBF9102 set configuration 0: [76d0d5d6-c2d6-4b53-8535-d18625577ddc:192.168.34.50:38406], old=null at 0
2019-08-24 22:45:24,412 [76d0d5d6-c2d6-4b53-8535-d18625577ddc-SegmentedRaftLogWorker:Storage Directory /workdir/hadoop-ozone/integration-test/target/test-dir/MiniOzoneClusterImpl-614c102a-29d9-417a-b8c5-0217b2e5181d/datanode-3/data/ratis/6156bd1e-c95a-4bdf-94a3-59b28dbf9102] INFO  segmented.SegmentedRaftLogWorker (SegmentedRaftLogWorker.java:execute(569)) - 76d0d5d6-c2d6-4b53-8535-d18625577ddc-SegmentedRaftLogWorker:Storage Directory /workdir/hadoop-ozone/integration-test/target/test-dir/MiniOzoneClusterImpl-614c102a-29d9-417a-b8c5-0217b2e5181d/datanode-3/data/ratis/6156bd1e-c95a-4bdf-94a3-59b28dbf9102: created new log segment /workdir/hadoop-ozone/integration-test/target/test-dir/MiniOzoneClusterImpl-614c102a-29d9-417a-b8c5-0217b2e5181d/datanode-3/data/ratis/6156bd1e-c95a-4bdf-94a3-59b28dbf9102/current/log_inprogress_0
2019-08-24 22:45:24,487 [Thread-3535] INFO  impl.FollowerState (FollowerState.java:run(106)) - f7849cca-8227-4286-beaa-44e6969b61f8:group-FF3B3F57D75F changes to CANDIDATE, lastRpcTime:5085, electionTimeout:5085ms
2019-08-24 22:45:24,487 [Thread-3535] INFO  impl.RoleInfo (RoleInfo.java:shutdownFollowerState(121)) - f7849cca-8227-4286-beaa-44e6969b61f8: shutdown FollowerState
2019-08-24 22:45:24,487 [Thread-3535] INFO  impl.RaftServerImpl (RaftServerImpl.java:setRole(171)) - f7849cca-8227-4286-beaa-44e6969b61f8:group-FF3B3F57D75F changes role from FOLLOWER to CANDIDATE at term 0 for changeToCandidate
2019-08-24 22:45:24,487 [Thread-3535] INFO  impl.RoleInfo (RoleInfo.java:updateAndGet(143)) - f7849cca-8227-4286-beaa-44e6969b61f8: start LeaderElection
2019-08-24 22:45:24,507 [f7849cca-8227-4286-beaa-44e6969b61f8:group-FF3B3F57D75F:LeaderElection66] INFO  impl.LeaderElection (LeaderElection.java:askForVotes(181)) - f7849cca-8227-4286-beaa-44e6969b61f8:group-FF3B3F57D75F:LeaderElection66: begin an election at term 1 for -1: [f7849cca-8227-4286-beaa-44e6969b61f8:192.168.34.50:44923], old=null
2019-08-24 22:45:24,507 [f7849cca-8227-4286-beaa-44e6969b61f8:group-FF3B3F57D75F:LeaderElection66] INFO  impl.RoleInfo (RoleInfo.java:shutdownLeaderElection(134)) - f7849cca-8227-4286-beaa-44e6969b61f8: shutdown LeaderElection
2019-08-24 22:45:24,508 [f7849cca-8227-4286-beaa-44e6969b61f8:group-FF3B3F57D75F:LeaderElection66] INFO  impl.RaftServerImpl (RaftServerImpl.java:setRole(171)) - f7849cca-8227-4286-beaa-44e6969b61f8:group-FF3B3F57D75F changes role from CANDIDATE to LEADER at term 1 for changeToLeader
2019-08-24 22:45:24,508 [f7849cca-8227-4286-beaa-44e6969b61f8:group-FF3B3F57D75F:LeaderElection66] INFO  impl.RaftServerImpl (ServerState.java:setLeader(263)) - f7849cca-8227-4286-beaa-44e6969b61f8:group-FF3B3F57D75F change Leader from null to f7849cca-8227-4286-beaa-44e6969b61f8 at term 1 for becomeLeader, leader elected after 5111ms
2019-08-24 22:45:24,508 [f7849cca-8227-4286-beaa-44e6969b61f8:group-FF3B3F57D75F:LeaderElection66] INFO  server.RaftServerConfigKeys (ConfUtils.java:logGet(43)) - raft.server.staging.catchup.gap = 1000 (default)
2019-08-24 22:45:24,508 [f7849cca-8227-4286-beaa-44e6969b61f8:group-FF3B3F57D75F:LeaderElection66] INFO  server.RaftServerConfigKeys (ConfUtils.java:logGet(43)) - raft.server.rpc.sleep.time = 25ms (default)
2019-08-24 22:45:24,508 [f7849cca-8227-4286-beaa-44e6969b61f8:group-FF3B3F57D75F:LeaderElection66] INFO  server.RaftServerConfigKeys (ConfUtils.java:logGet(43)) - raft.server.write.element-limit = 4096 (default)
2019-08-24 22:45:24,508 [f7849cca-8227-4286-beaa-44e6969b61f8:group-FF3B3F57D75F:LeaderElection66] INFO  server.RaftServerConfigKeys (ConfUtils.java:logGet(43)) - raft.server.watch.timeout = 10s (default)
2019-08-24 22:45:24,509 [f7849cca-8227-4286-beaa-44e6969b61f8:group-FF3B3F57D75F:LeaderElection66] INFO  server.RaftServerConfigKeys (ConfUtils.java:logGet(43)) - raft.server.watch.timeout.denomination = 1s (default)
2019-08-24 22:45:24,509 [f7849cca-8227-4286-beaa-44e6969b61f8:group-FF3B3F57D75F:LeaderElection66] INFO  server.RaftServerConfigKeys (ConfUtils.java:logGet(43)) - raft.server.watch.element-limit = 65536 (default)
2019-08-24 22:45:24,509 [f7849cca-8227-4286-beaa-44e6969b61f8:group-FF3B3F57D75F:LeaderElection66] INFO  impl.RoleInfo (RoleInfo.java:updateAndGet(143)) - f7849cca-8227-4286-beaa-44e6969b61f8: start LeaderState
2019-08-24 22:45:24,509 [f7849cca-8227-4286-beaa-44e6969b61f8:group-FF3B3F57D75F:LeaderElection66] INFO  segmented.SegmentedRaftLogWorker (SegmentedRaftLogWorker.java:startLogSegment(380)) - f7849cca-8227-4286-beaa-44e6969b61f8-SegmentedRaftLogWorker:Storage Directory /workdir/hadoop-ozone/integration-test/target/test-dir/MiniOzoneClusterImpl-614c102a-29d9-417a-b8c5-0217b2e5181d/datanode-4/data/ratis/b3271826-f60f-4b50-b7bf-ff3b3f57d75f: Starting segment from index:0
2019-08-24 22:45:24,510 [f7849cca-8227-4286-beaa-44e6969b61f8:group-FF3B3F57D75F:LeaderElection66] INFO  impl.RaftServerImpl (ServerState.java:setRaftConf(361)) - f7849cca-8227-4286-beaa-44e6969b61f8:group-FF3B3F57D75F set configuration 0: [f7849cca-8227-4286-beaa-44e6969b61f8:192.168.34.50:44923], old=null at 0
2019-08-24 22:45:24,554 | INFO  | SCMAudit | user=jenkins1000 | ip=192.168.34.50 | op=SEND_HEARTBEAT {datanodeUUID=a1d0d6a6-7e3c-45f4-91cb-df460e9a90a2, command=[]} | ret=SUCCESS |  
2019-08-24 22:45:24,567 [f7849cca-8227-4286-beaa-44e6969b61f8-SegmentedRaftLogWorker:Storage Directory /workdir/hadoop-ozone/integration-test/target/test-dir/MiniOzoneClusterImpl-614c102a-29d9-417a-b8c5-0217b2e5181d/datanode-4/data/ratis/b3271826-f60f-4b50-b7bf-ff3b3f57d75f] INFO  segmented.SegmentedRaftLogWorker (SegmentedRaftLogWorker.java:execute(569)) - f7849cca-8227-4286-beaa-44e6969b61f8-SegmentedRaftLogWorker:Storage Directory /workdir/hadoop-ozone/integration-test/target/test-dir/MiniOzoneClusterImpl-614c102a-29d9-417a-b8c5-0217b2e5181d/datanode-4/data/ratis/b3271826-f60f-4b50-b7bf-ff3b3f57d75f: created new log segment /workdir/hadoop-ozone/integration-test/target/test-dir/MiniOzoneClusterImpl-614c102a-29d9-417a-b8c5-0217b2e5181d/datanode-4/data/ratis/b3271826-f60f-4b50-b7bf-ff3b3f57d75f/current/log_inprogress_0
2019-08-24 22:45:24,606 | INFO  | SCMAudit | user=jenkins1000 | ip=192.168.34.50 | op=SEND_HEARTBEAT {datanodeUUID=fef8ab6f-fb3f-4c85-8a3f-3f5378cc0e9d, command=[]} | ret=SUCCESS |  
2019-08-24 22:45:24,635 [Thread-3538] INFO  impl.FollowerState (FollowerState.java:run(106)) - a1d0d6a6-7e3c-45f4-91cb-df460e9a90a2:group-DAC357987336 changes to CANDIDATE, lastRpcTime:5041, electionTimeout:5041ms
2019-08-24 22:45:24,636 [Thread-3538] INFO  impl.RoleInfo (RoleInfo.java:shutdownFollowerState(121)) - a1d0d6a6-7e3c-45f4-91cb-df460e9a90a2: shutdown FollowerState
2019-08-24 22:45:24,636 [Thread-3538] INFO  impl.RaftServerImpl (RaftServerImpl.java:setRole(171)) - a1d0d6a6-7e3c-45f4-91cb-df460e9a90a2:group-DAC357987336 changes role from FOLLOWER to CANDIDATE at term 0 for changeToCandidate
2019-08-24 22:45:24,636 [Thread-3538] INFO  impl.RoleInfo (RoleInfo.java:updateAndGet(143)) - a1d0d6a6-7e3c-45f4-91cb-df460e9a90a2: start LeaderElection
2019-08-24 22:45:24,655 [a1d0d6a6-7e3c-45f4-91cb-df460e9a90a2:group-DAC357987336:LeaderElection67] INFO  impl.LeaderElection (LeaderElection.java:askForVotes(181)) - a1d0d6a6-7e3c-45f4-91cb-df460e9a90a2:group-DAC357987336:LeaderElection67: begin an election at term 1 for -1: [a1d0d6a6-7e3c-45f4-91cb-df460e9a90a2:192.168.34.50:40053], old=null
2019-08-24 22:45:24,655 [a1d0d6a6-7e3c-45f4-91cb-df460e9a90a2:group-DAC357987336:LeaderElection67] INFO  impl.RoleInfo (RoleInfo.java:shutdownLeaderElection(134)) - a1d0d6a6-7e3c-45f4-91cb-df460e9a90a2: shutdown LeaderElection
2019-08-24 22:45:24,655 [a1d0d6a6-7e3c-45f4-91cb-df460e9a90a2:group-DAC357987336:LeaderElection67] INFO  impl.RaftServerImpl (RaftServerImpl.java:setRole(171)) - a1d0d6a6-7e3c-45f4-91cb-df460e9a90a2:group-DAC357987336 changes role from CANDIDATE to LEADER at term 1 for changeToLeader
2019-08-24 22:45:24,655 [a1d0d6a6-7e3c-45f4-91cb-df460e9a90a2:group-DAC357987336:LeaderElection67] INFO  impl.RaftServerImpl (ServerState.java:setLeader(263)) - a1d0d6a6-7e3c-45f4-91cb-df460e9a90a2:group-DAC357987336 change Leader from null to a1d0d6a6-7e3c-45f4-91cb-df460e9a90a2 at term 1 for becomeLeader, leader elected after 5066ms
2019-08-24 22:45:24,656 [a1d0d6a6-7e3c-45f4-91cb-df460e9a90a2:group-DAC357987336:LeaderElection67] INFO  server.RaftServerConfigKeys (ConfUtils.java:logGet(43)) - raft.server.staging.catchup.gap = 1000 (default)
2019-08-24 22:45:24,656 [a1d0d6a6-7e3c-45f4-91cb-df460e9a90a2:group-DAC357987336:LeaderElection67] INFO  server.RaftServerConfigKeys (ConfUtils.java:logGet(43)) - raft.server.rpc.sleep.time = 25ms (default)
2019-08-24 22:45:24,656 [a1d0d6a6-7e3c-45f4-91cb-df460e9a90a2:group-DAC357987336:LeaderElection67] INFO  server.RaftServerConfigKeys (ConfUtils.java:logGet(43)) - raft.server.write.element-limit = 4096 (default)
2019-08-24 22:45:24,656 [a1d0d6a6-7e3c-45f4-91cb-df460e9a90a2:group-DAC357987336:LeaderElection67] INFO  server.RaftServerConfigKeys (ConfUtils.java:logGet(43)) - raft.server.watch.timeout = 10s (default)
2019-08-24 22:45:24,656 [a1d0d6a6-7e3c-45f4-91cb-df460e9a90a2:group-DAC357987336:LeaderElection67] INFO  server.RaftServerConfigKeys (ConfUtils.java:logGet(43)) - raft.server.watch.timeout.denomination = 1s (default)
2019-08-24 22:45:24,657 [a1d0d6a6-7e3c-45f4-91cb-df460e9a90a2:group-DAC357987336:LeaderElection67] INFO  server.RaftServerConfigKeys (ConfUtils.java:logGet(43)) - raft.server.watch.element-limit = 65536 (default)
2019-08-24 22:45:24,657 [a1d0d6a6-7e3c-45f4-91cb-df460e9a90a2:group-DAC357987336:LeaderElection67] INFO  impl.RoleInfo (RoleInfo.java:updateAndGet(143)) - a1d0d6a6-7e3c-45f4-91cb-df460e9a90a2: start LeaderState
2019-08-24 22:45:24,657 [a1d0d6a6-7e3c-45f4-91cb-df460e9a90a2:group-DAC357987336:LeaderElection67] INFO  segmented.SegmentedRaftLogWorker (SegmentedRaftLogWorker.java:startLogSegment(380)) - a1d0d6a6-7e3c-45f4-91cb-df460e9a90a2-SegmentedRaftLogWorker:Storage Directory /workdir/hadoop-ozone/integration-test/target/test-dir/MiniOzoneClusterImpl-614c102a-29d9-417a-b8c5-0217b2e5181d/datanode-5/data/ratis/15afca7d-835d-4525-b10a-dac357987336: Starting segment from index:0
2019-08-24 22:45:24,657 [a1d0d6a6-7e3c-45f4-91cb-df460e9a90a2:group-DAC357987336:LeaderElection67] INFO  impl.RaftServerImpl (ServerState.java:setRaftConf(361)) - a1d0d6a6-7e3c-45f4-91cb-df460e9a90a2:group-DAC357987336 set configuration 0: [a1d0d6a6-7e3c-45f4-91cb-df460e9a90a2:192.168.34.50:40053], old=null at 0
2019-08-24 22:45:24,708 [Thread-3546] INFO  impl.FollowerState (FollowerState.java:run(106)) - f7849cca-8227-4286-beaa-44e6969b61f8:group-01CD8B84C446 changes to CANDIDATE, lastRpcTime:5043, electionTimeout:5043ms
2019-08-24 22:45:24,708 [Thread-3546] INFO  impl.RoleInfo (RoleInfo.java:shutdownFollowerState(121)) - f7849cca-8227-4286-beaa-44e6969b61f8: shutdown FollowerState
2019-08-24 22:45:24,708 [Thread-3546] INFO  impl.RaftServerImpl (RaftServerImpl.java:setRole(171)) - f7849cca-8227-4286-beaa-44e6969b61f8:group-01CD8B84C446 changes role from FOLLOWER to CANDIDATE at term 0 for changeToCandidate
2019-08-24 22:45:24,709 [Thread-3546] INFO  impl.RoleInfo (RoleInfo.java:updateAndGet(143)) - f7849cca-8227-4286-beaa-44e6969b61f8: start LeaderElection
2019-08-24 22:45:24,714 [a1d0d6a6-7e3c-45f4-91cb-df460e9a90a2-SegmentedRaftLogWorker:Storage Directory /workdir/hadoop-ozone/integration-test/target/test-dir/MiniOzoneClusterImpl-614c102a-29d9-417a-b8c5-0217b2e5181d/datanode-5/data/ratis/15afca7d-835d-4525-b10a-dac357987336] INFO  segmented.SegmentedRaftLogWorker (SegmentedRaftLogWorker.java:execute(569)) - a1d0d6a6-7e3c-45f4-91cb-df460e9a90a2-SegmentedRaftLogWorker:Storage Directory /workdir/hadoop-ozone/integration-test/target/test-dir/MiniOzoneClusterImpl-614c102a-29d9-417a-b8c5-0217b2e5181d/datanode-5/data/ratis/15afca7d-835d-4525-b10a-dac357987336: created new log segment /workdir/hadoop-ozone/integration-test/target/test-dir/MiniOzoneClusterImpl-614c102a-29d9-417a-b8c5-0217b2e5181d/datanode-5/data/ratis/15afca7d-835d-4525-b10a-dac357987336/current/log_inprogress_0
2019-08-24 22:45:24,727 [f7849cca-8227-4286-beaa-44e6969b61f8:group-01CD8B84C446:LeaderElection68] INFO  impl.LeaderElection (LeaderElection.java:askForVotes(181)) - f7849cca-8227-4286-beaa-44e6969b61f8:group-01CD8B84C446:LeaderElection68: begin an election at term 1 for -1: [f7849cca-8227-4286-beaa-44e6969b61f8:192.168.34.50:44923, 76d0d5d6-c2d6-4b53-8535-d18625577ddc:192.168.34.50:38406, a1d0d6a6-7e3c-45f4-91cb-df460e9a90a2:192.168.34.50:40053], old=null
2019-08-24 22:45:24,744 [grpc-default-executor-7] INFO  impl.RaftServerImpl (RaftServerImpl.java:setRole(171)) - a1d0d6a6-7e3c-45f4-91cb-df460e9a90a2:group-01CD8B84C446 changes role from FOLLOWER to FOLLOWER at term 1 for recognizeCandidate:f7849cca-8227-4286-beaa-44e6969b61f8
2019-08-24 22:45:24,744 [grpc-default-executor-4] INFO  impl.RaftServerImpl (RaftServerImpl.java:setRole(171)) - 76d0d5d6-c2d6-4b53-8535-d18625577ddc:group-01CD8B84C446 changes role from FOLLOWER to FOLLOWER at term 1 for recognizeCandidate:f7849cca-8227-4286-beaa-44e6969b61f8
2019-08-24 22:45:24,744 [grpc-default-executor-7] INFO  impl.RoleInfo (RoleInfo.java:shutdownFollowerState(121)) - a1d0d6a6-7e3c-45f4-91cb-df460e9a90a2: shutdown FollowerState
2019-08-24 22:45:24,744 | INFO  | SCMAudit | user=jenkins1000 | ip=192.168.34.50 | op=SEND_HEARTBEAT {datanodeUUID=eef0b787-ef14-4aa5-bb81-b65459257627, command=[]} | ret=SUCCESS |  
2019-08-24 22:45:24,744 [grpc-default-executor-4] INFO  impl.RoleInfo (RoleInfo.java:shutdownFollowerState(121)) - 76d0d5d6-c2d6-4b53-8535-d18625577ddc: shutdown FollowerState
2019-08-24 22:45:24,745 [Thread-3541] INFO  impl.FollowerState (FollowerState.java:run(114)) - a1d0d6a6-7e3c-45f4-91cb-df460e9a90a2: FollowerState was interrupted: java.lang.InterruptedException: sleep interrupted
2019-08-24 22:45:24,744 [grpc-default-executor-7] INFO  impl.RoleInfo (RoleInfo.java:updateAndGet(143)) - a1d0d6a6-7e3c-45f4-91cb-df460e9a90a2: start FollowerState
2019-08-24 22:45:24,745 [Thread-3545] INFO  impl.FollowerState (FollowerState.java:run(114)) - 76d0d5d6-c2d6-4b53-8535-d18625577ddc: FollowerState was interrupted: java.lang.InterruptedException: sleep interrupted
2019-08-24 22:45:24,745 [grpc-default-executor-4] INFO  impl.RoleInfo (RoleInfo.java:updateAndGet(143)) - 76d0d5d6-c2d6-4b53-8535-d18625577ddc: start FollowerState
2019-08-24 22:45:24,768 [f7849cca-8227-4286-beaa-44e6969b61f8:group-01CD8B84C446:LeaderElection68] INFO  impl.LeaderElection (LeaderElection.java:logAndReturn(56)) - f7849cca-8227-4286-beaa-44e6969b61f8:group-01CD8B84C446:LeaderElection68: Election PASSED; received 1 response(s) [f7849cca-8227-4286-beaa-44e6969b61f8<-76d0d5d6-c2d6-4b53-8535-d18625577ddc#0:OK-t1] and 0 exception(s); f7849cca-8227-4286-beaa-44e6969b61f8:t1, leader=null, voted=f7849cca-8227-4286-beaa-44e6969b61f8, raftlog=f7849cca-8227-4286-beaa-44e6969b61f8-SegmentedRaftLog:OPENED:c-1,f-1,i0, conf=-1: [f7849cca-8227-4286-beaa-44e6969b61f8:192.168.34.50:44923, 76d0d5d6-c2d6-4b53-8535-d18625577ddc:192.168.34.50:38406, a1d0d6a6-7e3c-45f4-91cb-df460e9a90a2:192.168.34.50:40053], old=null
2019-08-24 22:45:24,769 [f7849cca-8227-4286-beaa-44e6969b61f8:group-01CD8B84C446:LeaderElection68] INFO  impl.RoleInfo (RoleInfo.java:shutdownLeaderElection(134)) - f7849cca-8227-4286-beaa-44e6969b61f8: shutdown LeaderElection
2019-08-24 22:45:24,769 [f7849cca-8227-4286-beaa-44e6969b61f8:group-01CD8B84C446:LeaderElection68] INFO  impl.RaftServerImpl (RaftServerImpl.java:setRole(171)) - f7849cca-8227-4286-beaa-44e6969b61f8:group-01CD8B84C446 changes role from CANDIDATE to LEADER at term 1 for changeToLeader
2019-08-24 22:45:24,769 [f7849cca-8227-4286-beaa-44e6969b61f8:group-01CD8B84C446:LeaderElection68] INFO  impl.RaftServerImpl (ServerState.java:setLeader(263)) - f7849cca-8227-4286-beaa-44e6969b61f8:group-01CD8B84C446 change Leader from null to f7849cca-8227-4286-beaa-44e6969b61f8 at term 1 for becomeLeader, leader elected after 5118ms
2019-08-24 22:45:24,769 [f7849cca-8227-4286-beaa-44e6969b61f8:group-01CD8B84C446:LeaderElection68] INFO  server.RaftServerConfigKeys (ConfUtils.java:logGet(43)) - raft.server.staging.catchup.gap = 1000 (default)
2019-08-24 22:45:24,769 [f7849cca-8227-4286-beaa-44e6969b61f8:group-01CD8B84C446:LeaderElection68] INFO  server.RaftServerConfigKeys (ConfUtils.java:logGet(43)) - raft.server.rpc.sleep.time = 25ms (default)
2019-08-24 22:45:24,770 [f7849cca-8227-4286-beaa-44e6969b61f8:group-01CD8B84C446:LeaderElection68] INFO  server.RaftServerConfigKeys (ConfUtils.java:logGet(43)) - raft.server.write.element-limit = 4096 (default)
2019-08-24 22:45:24,770 [f7849cca-8227-4286-beaa-44e6969b61f8:group-01CD8B84C446:LeaderElection68] INFO  server.RaftServerConfigKeys (ConfUtils.java:logGet(43)) - raft.server.watch.timeout = 10s (default)
2019-08-24 22:45:24,770 [f7849cca-8227-4286-beaa-44e6969b61f8:group-01CD8B84C446:LeaderElection68] INFO  server.RaftServerConfigKeys (ConfUtils.java:logGet(43)) - raft.server.watch.timeout.denomination = 1s (default)
2019-08-24 22:45:24,770 [f7849cca-8227-4286-beaa-44e6969b61f8:group-01CD8B84C446:LeaderElection68] INFO  server.RaftServerConfigKeys (ConfUtils.java:logGet(43)) - raft.server.watch.element-limit = 65536 (default)
2019-08-24 22:45:24,770 [f7849cca-8227-4286-beaa-44e6969b61f8:group-01CD8B84C446:LeaderElection68] INFO  server.RaftServerConfigKeys (ConfUtils.java:logGet(43)) - raft.server.log.appender.snapshot.chunk.size.max = 16MB (=16777216) (default)
2019-08-24 22:45:24,771 [f7849cca-8227-4286-beaa-44e6969b61f8:group-01CD8B84C446:LeaderElection68] INFO  server.RaftServerConfigKeys (ConfUtils.java:logGet(43)) - raft.server.log.appender.buffer.byte-limit = 33554432 (custom)
2019-08-24 22:45:24,771 [f7849cca-8227-4286-beaa-44e6969b61f8:group-01CD8B84C446:LeaderElection68] INFO  server.RaftServerConfigKeys (ConfUtils.java:logGet(43)) - raft.server.log.appender.buffer.element-limit = 1 (custom)
2019-08-24 22:45:24,771 [f7849cca-8227-4286-beaa-44e6969b61f8:group-01CD8B84C446:LeaderElection68] INFO  grpc.GrpcConfigKeys$Server (ConfUtils.java:logGet(43)) - raft.grpc.server.leader.outstanding.appends.max = 128 (default)
2019-08-24 22:45:24,771 [f7849cca-8227-4286-beaa-44e6969b61f8:group-01CD8B84C446:LeaderElection68] INFO  server.RaftServerConfigKeys (ConfUtils.java:logGet(43)) - raft.server.rpc.request.timeout = 3000ms (default)
2019-08-24 22:45:24,771 [f7849cca-8227-4286-beaa-44e6969b61f8:group-01CD8B84C446:LeaderElection68] INFO  server.RaftServerConfigKeys (ConfUtils.java:logGet(43)) - raft.server.log.appender.install.snapshot.enabled = false (custom)
2019-08-24 22:45:24,772 [f7849cca-8227-4286-beaa-44e6969b61f8:group-01CD8B84C446:LeaderElection68] INFO  server.RaftServerConfigKeys (ConfUtils.java:logGet(43)) - raft.server.log.appender.snapshot.chunk.size.max = 16MB (=16777216) (default)
2019-08-24 22:45:24,772 [f7849cca-8227-4286-beaa-44e6969b61f8:group-01CD8B84C446:LeaderElection68] INFO  server.RaftServerConfigKeys (ConfUtils.java:logGet(43)) - raft.server.log.appender.buffer.byte-limit = 33554432 (custom)
2019-08-24 22:45:24,772 [f7849cca-8227-4286-beaa-44e6969b61f8:group-01CD8B84C446:LeaderElection68] INFO  server.RaftServerConfigKeys (ConfUtils.java:logGet(43)) - raft.server.log.appender.buffer.element-limit = 1 (custom)
2019-08-24 22:45:24,772 [f7849cca-8227-4286-beaa-44e6969b61f8:group-01CD8B84C446:LeaderElection68] INFO  grpc.GrpcConfigKeys$Server (ConfUtils.java:logGet(43)) - raft.grpc.server.leader.outstanding.appends.max = 128 (default)
2019-08-24 22:45:24,772 [f7849cca-8227-4286-beaa-44e6969b61f8:group-01CD8B84C446:LeaderElection68] INFO  server.RaftServerConfigKeys (ConfUtils.java:logGet(43)) - raft.server.rpc.request.timeout = 3000ms (default)
2019-08-24 22:45:24,772 [f7849cca-8227-4286-beaa-44e6969b61f8:group-01CD8B84C446:LeaderElection68] INFO  server.RaftServerConfigKeys (ConfUtils.java:logGet(43)) - raft.server.log.appender.install.snapshot.enabled = false (custom)
2019-08-24 22:45:24,773 [f7849cca-8227-4286-beaa-44e6969b61f8:group-01CD8B84C446:LeaderElection68] INFO  impl.RoleInfo (RoleInfo.java:updateAndGet(143)) - f7849cca-8227-4286-beaa-44e6969b61f8: start LeaderState
2019-08-24 22:45:24,773 [f7849cca-8227-4286-beaa-44e6969b61f8:group-01CD8B84C446:LeaderElection68] INFO  segmented.SegmentedRaftLogWorker (SegmentedRaftLogWorker.java:startLogSegment(380)) - f7849cca-8227-4286-beaa-44e6969b61f8-SegmentedRaftLogWorker:Storage Directory /workdir/hadoop-ozone/integration-test/target/test-dir/MiniOzoneClusterImpl-614c102a-29d9-417a-b8c5-0217b2e5181d/datanode-4/data/ratis/4ffee836-57b8-43a4-a116-01cd8b84c446: Starting segment from index:0
2019-08-24 22:45:24,774 [f7849cca-8227-4286-beaa-44e6969b61f8:group-01CD8B84C446:LeaderElection68] INFO  impl.RaftServerImpl (ServerState.java:setRaftConf(361)) - f7849cca-8227-4286-beaa-44e6969b61f8:group-01CD8B84C446 set configuration 0: [f7849cca-8227-4286-beaa-44e6969b61f8:192.168.34.50:44923, 76d0d5d6-c2d6-4b53-8535-d18625577ddc:192.168.34.50:38406, a1d0d6a6-7e3c-45f4-91cb-df460e9a90a2:192.168.34.50:40053], old=null at 0
2019-08-24 22:45:24,809 [grpc-default-executor-4] INFO  impl.RaftServerImpl (ServerState.java:setLeader(263)) - a1d0d6a6-7e3c-45f4-91cb-df460e9a90a2:group-01CD8B84C446 change Leader from null to f7849cca-8227-4286-beaa-44e6969b61f8 at term 1 for appendEntries, leader elected after 5157ms
2019-08-24 22:45:24,813 [grpc-default-executor-7] INFO  impl.RaftServerImpl (ServerState.java:setLeader(263)) - 76d0d5d6-c2d6-4b53-8535-d18625577ddc:group-01CD8B84C446 change Leader from null to f7849cca-8227-4286-beaa-44e6969b61f8 at term 1 for appendEntries, leader elected after 5161ms
2019-08-24 22:45:24,815 [grpc-default-executor-7] INFO  impl.RaftServerImpl (ServerState.java:setRaftConf(361)) - a1d0d6a6-7e3c-45f4-91cb-df460e9a90a2:group-01CD8B84C446 set configuration 0: [f7849cca-8227-4286-beaa-44e6969b61f8:192.168.34.50:44923, 76d0d5d6-c2d6-4b53-8535-d18625577ddc:192.168.34.50:38406, a1d0d6a6-7e3c-45f4-91cb-df460e9a90a2:192.168.34.50:40053], old=null at 0
2019-08-24 22:45:24,815 [grpc-default-executor-4] INFO  impl.RaftServerImpl (ServerState.java:setRaftConf(361)) - 76d0d5d6-c2d6-4b53-8535-d18625577ddc:group-01CD8B84C446 set configuration 0: [f7849cca-8227-4286-beaa-44e6969b61f8:192.168.34.50:44923, 76d0d5d6-c2d6-4b53-8535-d18625577ddc:192.168.34.50:38406, a1d0d6a6-7e3c-45f4-91cb-df460e9a90a2:192.168.34.50:40053], old=null at 0
2019-08-24 22:45:24,816 [grpc-default-executor-7] INFO  segmented.SegmentedRaftLogWorker (SegmentedRaftLogWorker.java:startLogSegment(380)) - a1d0d6a6-7e3c-45f4-91cb-df460e9a90a2-SegmentedRaftLogWorker:Storage Directory /workdir/hadoop-ozone/integration-test/target/test-dir/MiniOzoneClusterImpl-614c102a-29d9-417a-b8c5-0217b2e5181d/datanode-5/data/ratis/4ffee836-57b8-43a4-a116-01cd8b84c446: Starting segment from index:0
2019-08-24 22:45:24,816 [grpc-default-executor-4] INFO  segmented.SegmentedRaftLogWorker (SegmentedRaftLogWorker.java:startLogSegment(380)) - 76d0d5d6-c2d6-4b53-8535-d18625577ddc-SegmentedRaftLogWorker:Storage Directory /workdir/hadoop-ozone/integration-test/target/test-dir/MiniOzoneClusterImpl-614c102a-29d9-417a-b8c5-0217b2e5181d/datanode-3/data/ratis/4ffee836-57b8-43a4-a116-01cd8b84c446: Starting segment from index:0
2019-08-24 22:45:24,825 [f7849cca-8227-4286-beaa-44e6969b61f8-SegmentedRaftLogWorker:Storage Directory /workdir/hadoop-ozone/integration-test/target/test-dir/MiniOzoneClusterImpl-614c102a-29d9-417a-b8c5-0217b2e5181d/datanode-4/data/ratis/4ffee836-57b8-43a4-a116-01cd8b84c446] INFO  segmented.SegmentedRaftLogWorker (SegmentedRaftLogWorker.java:execute(569)) - f7849cca-8227-4286-beaa-44e6969b61f8-SegmentedRaftLogWorker:Storage Directory /workdir/hadoop-ozone/integration-test/target/test-dir/MiniOzoneClusterImpl-614c102a-29d9-417a-b8c5-0217b2e5181d/datanode-4/data/ratis/4ffee836-57b8-43a4-a116-01cd8b84c446: created new log segment /workdir/hadoop-ozone/integration-test/target/test-dir/MiniOzoneClusterImpl-614c102a-29d9-417a-b8c5-0217b2e5181d/datanode-4/data/ratis/4ffee836-57b8-43a4-a116-01cd8b84c446/current/log_inprogress_0
2019-08-24 22:45:24,855 [a1d0d6a6-7e3c-45f4-91cb-df460e9a90a2-SegmentedRaftLogWorker:Storage Directory /workdir/hadoop-ozone/integration-test/target/test-dir/MiniOzoneClusterImpl-614c102a-29d9-417a-b8c5-0217b2e5181d/datanode-5/data/ratis/4ffee836-57b8-43a4-a116-01cd8b84c446] INFO  segmented.SegmentedRaftLogWorker (SegmentedRaftLogWorker.java:execute(569)) - a1d0d6a6-7e3c-45f4-91cb-df460e9a90a2-SegmentedRaftLogWorker:Storage Directory /workdir/hadoop-ozone/integration-test/target/test-dir/MiniOzoneClusterImpl-614c102a-29d9-417a-b8c5-0217b2e5181d/datanode-5/data/ratis/4ffee836-57b8-43a4-a116-01cd8b84c446: created new log segment /workdir/hadoop-ozone/integration-test/target/test-dir/MiniOzoneClusterImpl-614c102a-29d9-417a-b8c5-0217b2e5181d/datanode-5/data/ratis/4ffee836-57b8-43a4-a116-01cd8b84c446/current/log_inprogress_0
2019-08-24 22:45:24,858 [76d0d5d6-c2d6-4b53-8535-d18625577ddc-SegmentedRaftLogWorker:Storage Directory /workdir/hadoop-ozone/integration-test/target/test-dir/MiniOzoneClusterImpl-614c102a-29d9-417a-b8c5-0217b2e5181d/datanode-3/data/ratis/4ffee836-57b8-43a4-a116-01cd8b84c446] INFO  segmented.SegmentedRaftLogWorker (SegmentedRaftLogWorker.java:execute(569)) - 76d0d5d6-c2d6-4b53-8535-d18625577ddc-SegmentedRaftLogWorker:Storage Directory /workdir/hadoop-ozone/integration-test/target/test-dir/MiniOzoneClusterImpl-614c102a-29d9-417a-b8c5-0217b2e5181d/datanode-3/data/ratis/4ffee836-57b8-43a4-a116-01cd8b84c446: created new log segment /workdir/hadoop-ozone/integration-test/target/test-dir/MiniOzoneClusterImpl-614c102a-29d9-417a-b8c5-0217b2e5181d/datanode-3/data/ratis/4ffee836-57b8-43a4-a116-01cd8b84c446/current/log_inprogress_0
2019-08-24 22:45:24,902 | INFO  | SCMAudit | user=jenkins1000 | ip=192.168.34.50 | op=SEND_HEARTBEAT {datanodeUUID=64266e81-f89e-4b53-ab01-a599594e3ea3, command=[]} | ret=SUCCESS |  
2019-08-24 22:45:24,943 [grpc-default-executor-4] INFO  client.GrpcClientProtocolClient (GrpcClientProtocolClient.java:onNext(255)) - client-B9E26FA510DE->76d0d5d6-c2d6-4b53-8535-d18625577ddc: receive RaftClientReply:client-B9E26FA510DE->76d0d5d6-c2d6-4b53-8535-d18625577ddc@group-01CD8B84C446, cid=176, FAILED org.apache.ratis.protocol.NotLeaderException: Server 76d0d5d6-c2d6-4b53-8535-d18625577ddc is not the leader (f7849cca-8227-4286-beaa-44e6969b61f8:192.168.34.50:44923). Request must be sent to leader., logIndex=0, commits[76d0d5d6-c2d6-4b53-8535-d18625577ddc:c-1, f7849cca-8227-4286-beaa-44e6969b61f8:c-1, a1d0d6a6-7e3c-45f4-91cb-df460e9a90a2:c-1]
2019-08-24 22:45:24,950 [Thread-3552] INFO  impl.FollowerState (FollowerState.java:run(106)) - eef0b787-ef14-4aa5-bb81-b65459257627:group-DFEF62F13981 changes to CANDIDATE, lastRpcTime:5107, electionTimeout:5107ms
2019-08-24 22:45:24,951 [Thread-3552] INFO  impl.RoleInfo (RoleInfo.java:shutdownFollowerState(121)) - eef0b787-ef14-4aa5-bb81-b65459257627: shutdown FollowerState
2019-08-24 22:45:24,951 [Thread-3552] INFO  impl.RaftServerImpl (RaftServerImpl.java:setRole(171)) - eef0b787-ef14-4aa5-bb81-b65459257627:group-DFEF62F13981 changes role from FOLLOWER to CANDIDATE at term 0 for changeToCandidate
2019-08-24 22:45:24,951 [Thread-3552] INFO  impl.RoleInfo (RoleInfo.java:updateAndGet(143)) - eef0b787-ef14-4aa5-bb81-b65459257627: start LeaderElection
2019-08-24 22:45:24,972 [eef0b787-ef14-4aa5-bb81-b65459257627:group-DFEF62F13981:LeaderElection69] INFO  impl.LeaderElection (LeaderElection.java:askForVotes(181)) - eef0b787-ef14-4aa5-bb81-b65459257627:group-DFEF62F13981:LeaderElection69: begin an election at term 1 for -1: [eef0b787-ef14-4aa5-bb81-b65459257627:192.168.34.50:45441], old=null
2019-08-24 22:45:24,972 [eef0b787-ef14-4aa5-bb81-b65459257627:group-DFEF62F13981:LeaderElection69] INFO  impl.RoleInfo (RoleInfo.java:shutdownLeaderElection(134)) - eef0b787-ef14-4aa5-bb81-b65459257627: shutdown LeaderElection
2019-08-24 22:45:24,972 [eef0b787-ef14-4aa5-bb81-b65459257627:group-DFEF62F13981:LeaderElection69] INFO  impl.RaftServerImpl (RaftServerImpl.java:setRole(171)) - eef0b787-ef14-4aa5-bb81-b65459257627:group-DFEF62F13981 changes role from CANDIDATE to LEADER at term 1 for changeToLeader
2019-08-24 22:45:24,972 [eef0b787-ef14-4aa5-bb81-b65459257627:group-DFEF62F13981:LeaderElection69] INFO  impl.RaftServerImpl (ServerState.java:setLeader(263)) - eef0b787-ef14-4aa5-bb81-b65459257627:group-DFEF62F13981 change Leader from null to eef0b787-ef14-4aa5-bb81-b65459257627 at term 1 for becomeLeader, leader elected after 5133ms
2019-08-24 22:45:24,972 [eef0b787-ef14-4aa5-bb81-b65459257627:group-DFEF62F13981:LeaderElection69] INFO  server.RaftServerConfigKeys (ConfUtils.java:logGet(43)) - raft.server.staging.catchup.gap = 1000 (default)
2019-08-24 22:45:24,973 [eef0b787-ef14-4aa5-bb81-b65459257627:group-DFEF62F13981:LeaderElection69] INFO  server.RaftServerConfigKeys (ConfUtils.java:logGet(43)) - raft.server.rpc.sleep.time = 25ms (default)
2019-08-24 22:45:24,973 [eef0b787-ef14-4aa5-bb81-b65459257627:group-DFEF62F13981:LeaderElection69] INFO  server.RaftServerConfigKeys (ConfUtils.java:logGet(43)) - raft.server.write.element-limit = 4096 (default)
2019-08-24 22:45:24,973 [eef0b787-ef14-4aa5-bb81-b65459257627:group-DFEF62F13981:LeaderElection69] INFO  server.RaftServerConfigKeys (ConfUtils.java:logGet(43)) - raft.server.watch.timeout = 10s (default)
2019-08-24 22:45:24,973 [eef0b787-ef14-4aa5-bb81-b65459257627:group-DFEF62F13981:LeaderElection69] INFO  server.RaftServerConfigKeys (ConfUtils.java:logGet(43)) - raft.server.watch.timeout.denomination = 1s (default)
2019-08-24 22:45:24,973 [eef0b787-ef14-4aa5-bb81-b65459257627:group-DFEF62F13981:LeaderElection69] INFO  server.RaftServerConfigKeys (ConfUtils.java:logGet(43)) - raft.server.watch.element-limit = 65536 (default)
2019-08-24 22:45:24,974 [eef0b787-ef14-4aa5-bb81-b65459257627:group-DFEF62F13981:LeaderElection69] INFO  impl.RoleInfo (RoleInfo.java:updateAndGet(143)) - eef0b787-ef14-4aa5-bb81-b65459257627: start LeaderState
2019-08-24 22:45:24,974 [eef0b787-ef14-4aa5-bb81-b65459257627:group-DFEF62F13981:LeaderElection69] INFO  segmented.SegmentedRaftLogWorker (SegmentedRaftLogWorker.java:startLogSegment(380)) - eef0b787-ef14-4aa5-bb81-b65459257627-SegmentedRaftLogWorker:Storage Directory /workdir/hadoop-ozone/integration-test/target/test-dir/MiniOzoneClusterImpl-614c102a-29d9-417a-b8c5-0217b2e5181d/datanode-6/data/ratis/c8759424-dc9d-49bb-bbf7-dfef62f13981: Starting segment from index:0
2019-08-24 22:45:24,975 [eef0b787-ef14-4aa5-bb81-b65459257627:group-DFEF62F13981:LeaderElection69] INFO  impl.RaftServerImpl (ServerState.java:setRaftConf(361)) - eef0b787-ef14-4aa5-bb81-b65459257627:group-DFEF62F13981 set configuration 0: [eef0b787-ef14-4aa5-bb81-b65459257627:192.168.34.50:45441], old=null at 0
2019-08-24 22:45:25,030 [eef0b787-ef14-4aa5-bb81-b65459257627-SegmentedRaftLogWorker:Storage Directory /workdir/hadoop-ozone/integration-test/target/test-dir/MiniOzoneClusterImpl-614c102a-29d9-417a-b8c5-0217b2e5181d/datanode-6/data/ratis/c8759424-dc9d-49bb-bbf7-dfef62f13981] INFO  segmented.SegmentedRaftLogWorker (SegmentedRaftLogWorker.java:execute(569)) - eef0b787-ef14-4aa5-bb81-b65459257627-SegmentedRaftLogWorker:Storage Directory /workdir/hadoop-ozone/integration-test/target/test-dir/MiniOzoneClusterImpl-614c102a-29d9-417a-b8c5-0217b2e5181d/datanode-6/data/ratis/c8759424-dc9d-49bb-bbf7-dfef62f13981: created new log segment /workdir/hadoop-ozone/integration-test/target/test-dir/MiniOzoneClusterImpl-614c102a-29d9-417a-b8c5-0217b2e5181d/datanode-6/data/ratis/c8759424-dc9d-49bb-bbf7-dfef62f13981/current/log_inprogress_0
2019-08-24 22:45:25,088 | INFO  | DNAudit | user=null | ip=null | op=WRITE_CHUNK {blockData=conID: 1 locID: 102674380872220686 bcsId: 0} | ret=SUCCESS |  
2019-08-24 22:45:25,088 | INFO  | DNAudit | user=null | ip=null | op=WRITE_CHUNK {blockData=conID: 1 locID: 102674380872220686 bcsId: 0} | ret=SUCCESS |  
2019-08-24 22:45:25,088 | INFO  | DNAudit | user=null | ip=null | op=WRITE_CHUNK {blockData=conID: 1 locID: 102674380872220686 bcsId: 0} | ret=SUCCESS |  
2019-08-24 22:45:25,088 | INFO  | SCMAudit | user=jenkins1000 | ip=192.168.34.50 | op=SEND_HEARTBEAT {datanodeUUID=a1d0d6a6-7e3c-45f4-91cb-df460e9a90a2, command=[]} | ret=SUCCESS |  
2019-08-24 22:45:25,088 | INFO  | SCMAudit | user=jenkins1000 | ip=192.168.34.50 | op=SEND_HEARTBEAT {datanodeUUID=76d0d5d6-c2d6-4b53-8535-d18625577ddc, command=[]} | ret=SUCCESS |  
2019-08-24 22:45:25,088 | INFO  | SCMAudit | user=jenkins1000 | ip=192.168.34.50 | op=SEND_HEARTBEAT {datanodeUUID=f7849cca-8227-4286-beaa-44e6969b61f8, command=[]} | ret=SUCCESS |  
2019-08-24 22:45:25,108 | INFO  | DNAudit | user=null | ip=null | op=WRITE_CHUNK {blockData=conID: 1 locID: 102674380872220686 bcsId: 0} | ret=SUCCESS |  
2019-08-24 22:45:25,119 [grpc-default-executor-4] INFO  client.GrpcClientProtocolClient (GrpcClientProtocolClient.java:onNext(255)) - client-B9E26FA510DE->f7849cca-8227-4286-beaa-44e6969b61f8: receive RaftClientReply:client-B9E26FA510DE->f7849cca-8227-4286-beaa-44e6969b61f8@group-01CD8B84C446, cid=176, SUCCESS, logIndex=1, commits[f7849cca-8227-4286-beaa-44e6969b61f8:c1, 76d0d5d6-c2d6-4b53-8535-d18625577ddc:c0, a1d0d6a6-7e3c-45f4-91cb-df460e9a90a2:c0]
2019-08-24 22:45:25,120 | INFO  | DNAudit | user=null | ip=null | op=WRITE_CHUNK {blockData=conID: 1 locID: 102674380872220686 bcsId: 0} | ret=SUCCESS |  
2019-08-24 22:45:25,120 | INFO  | DNAudit | user=null | ip=null | op=WRITE_CHUNK {blockData=conID: 1 locID: 102674380872220686 bcsId: 0} | ret=SUCCESS |  
2019-08-24 22:45:25,124 | INFO  | DNAudit | user=null | ip=null | op=WRITE_CHUNK {blockData=conID: 1 locID: 102674380872220686 bcsId: 0} | ret=SUCCESS |  
2019-08-24 22:45:25,125 | INFO  | DNAudit | user=null | ip=null | op=WRITE_CHUNK {blockData=conID: 1 locID: 102674380872220686 bcsId: 0} | ret=SUCCESS |  
2019-08-24 22:45:25,125 | INFO  | DNAudit | user=null | ip=null | op=WRITE_CHUNK {blockData=conID: 1 locID: 102674380872220686 bcsId: 0} | ret=SUCCESS |  
2019-08-24 22:45:25,125 | INFO  | DNAudit | user=null | ip=null | op=WRITE_CHUNK {blockData=conID: 1 locID: 102674380872220686 bcsId: 0} | ret=SUCCESS |  
2019-08-24 22:45:25,126 | INFO  | DNAudit | user=null | ip=null | op=WRITE_CHUNK {blockData=conID: 1 locID: 102674380872220686 bcsId: 0} | ret=SUCCESS |  
2019-08-24 22:45:25,126 | INFO  | DNAudit | user=null | ip=null | op=WRITE_CHUNK {blockData=conID: 1 locID: 102674380872220686 bcsId: 0} | ret=SUCCESS |  
2019-08-24 22:45:25,127 | INFO  | DNAudit | user=null | ip=null | op=WRITE_CHUNK {blockData=conID: 1 locID: 102674380872220686 bcsId: 0} | ret=SUCCESS |  
2019-08-24 22:45:25,127 | INFO  | DNAudit | user=null | ip=null | op=WRITE_CHUNK {blockData=conID: 1 locID: 102674380872220686 bcsId: 0} | ret=SUCCESS |  
2019-08-24 22:45:25,127 | INFO  | DNAudit | user=null | ip=null | op=WRITE_CHUNK {blockData=conID: 1 locID: 102674380872220686 bcsId: 0} | ret=SUCCESS |  
2019-08-24 22:45:25,137 | INFO  | DNAudit | user=null | ip=null | op=WRITE_CHUNK {blockData=conID: 1 locID: 102674380872220686 bcsId: 0} | ret=SUCCESS |  
2019-08-24 22:45:25,147 | INFO  | DNAudit | user=null | ip=null | op=WRITE_CHUNK {blockData=conID: 1 locID: 102674380872220686 bcsId: 0} | ret=SUCCESS |  
2019-08-24 22:45:25,150 [grpc-default-executor-7] INFO  client.GrpcClientProtocolClient (GrpcClientProtocolClient.java:onNext(255)) - client-B9E26FA510DE->f7849cca-8227-4286-beaa-44e6969b61f8: receive RaftClientReply:client-B9E26FA510DE->f7849cca-8227-4286-beaa-44e6969b61f8@group-01CD8B84C446, cid=177, SUCCESS, logIndex=3, commits[f7849cca-8227-4286-beaa-44e6969b61f8:c4, 76d0d5d6-c2d6-4b53-8535-d18625577ddc:c2, a1d0d6a6-7e3c-45f4-91cb-df460e9a90a2:c2]
2019-08-24 22:45:25,159 | INFO  | DNAudit | user=null | ip=null | op=WRITE_CHUNK {blockData=conID: 1 locID: 102674380872220686 bcsId: 0} | ret=SUCCESS |  
2019-08-24 22:45:25,192 | INFO  | DNAudit | user=null | ip=null | op=PUT_BLOCK {blockData=[blockId=conID: 1 locID: 102674380872220686 bcsId: 0,size=200]} | ret=SUCCESS |  
2019-08-24 22:45:25,193 | INFO  | DNAudit | user=null | ip=null | op=WRITE_CHUNK {blockData=conID: 1 locID: 102674380872220686 bcsId: 0} | ret=SUCCESS |  
2019-08-24 22:45:25,193 | INFO  | DNAudit | user=null | ip=null | op=WRITE_CHUNK {blockData=conID: 1 locID: 102674380872220686 bcsId: 0} | ret=SUCCESS |  
2019-08-24 22:45:25,197 [grpc-default-executor-7] INFO  client.GrpcClientProtocolClient (GrpcClientProtocolClient.java:onNext(255)) - client-B9E26FA510DE->f7849cca-8227-4286-beaa-44e6969b61f8: receive RaftClientReply:client-B9E26FA510DE->f7849cca-8227-4286-beaa-44e6969b61f8@group-01CD8B84C446, cid=178, SUCCESS, logIndex=4, commits[f7849cca-8227-4286-beaa-44e6969b61f8:c12, 76d0d5d6-c2d6-4b53-8535-d18625577ddc:c7, a1d0d6a6-7e3c-45f4-91cb-df460e9a90a2:c7]
2019-08-24 22:45:25,198 [grpc-default-executor-7] INFO  client.GrpcClientProtocolClient (GrpcClientProtocolClient.java:onNext(255)) - client-B9E26FA510DE->f7849cca-8227-4286-beaa-44e6969b61f8: receive RaftClientReply:client-B9E26FA510DE->f7849cca-8227-4286-beaa-44e6969b61f8@group-01CD8B84C446, cid=179, SUCCESS, logIndex=5, commits[f7849cca-8227-4286-beaa-44e6969b61f8:c12, 76d0d5d6-c2d6-4b53-8535-d18625577ddc:c7, a1d0d6a6-7e3c-45f4-91cb-df460e9a90a2:c7]
2019-08-24 22:45:25,198 [grpc-default-executor-7] INFO  client.GrpcClientProtocolClient (GrpcClientProtocolClient.java:onNext(255)) - client-B9E26FA510DE->f7849cca-8227-4286-beaa-44e6969b61f8: receive RaftClientReply:client-B9E26FA510DE->f7849cca-8227-4286-beaa-44e6969b61f8@group-01CD8B84C446, cid=180, SUCCESS, logIndex=6, commits[f7849cca-8227-4286-beaa-44e6969b61f8:c12, 76d0d5d6-c2d6-4b53-8535-d18625577ddc:c7, a1d0d6a6-7e3c-45f4-91cb-df460e9a90a2:c7]
2019-08-24 22:45:25,226 | INFO  | DNAudit | user=null | ip=null | op=PUT_BLOCK {blockData=[blockId=conID: 1 locID: 102674380872220686 bcsId: 0,size=200]} | ret=SUCCESS |  
2019-08-24 22:45:25,226 | INFO  | DNAudit | user=null | ip=null | op=WRITE_CHUNK {blockData=conID: 1 locID: 102674380872220686 bcsId: 0} | ret=SUCCESS |  
2019-08-24 22:45:25,227 | INFO  | DNAudit | user=null | ip=null | op=WRITE_CHUNK {blockData=conID: 1 locID: 102674380872220686 bcsId: 0} | ret=SUCCESS |  
2019-08-24 22:45:25,257 | INFO  | SCMAudit | user=jenkins1000 | ip=192.168.34.50 | op=SEND_HEARTBEAT {datanodeUUID=cba94083-6c60-4013-a5f5-8dfc358213cd, command=[]} | ret=SUCCESS |  
2019-08-24 22:45:25,270 | INFO  | DNAudit | user=null | ip=null | op=PUT_BLOCK {blockData=[blockId=conID: 1 locID: 102674380872220686 bcsId: 0,size=400]} | ret=SUCCESS |  
2019-08-24 22:45:25,270 | INFO  | DNAudit | user=null | ip=null | op=PUT_BLOCK {blockData=[blockId=conID: 1 locID: 102674380872220686 bcsId: 0,size=400]} | ret=SUCCESS |  
2019-08-24 22:45:25,270 | INFO  | DNAudit | user=null | ip=null | op=PUT_BLOCK {blockData=[blockId=conID: 1 locID: 102674380872220686 bcsId: 0,size=200]} | ret=SUCCESS |  
2019-08-24 22:45:25,271 | INFO  | DNAudit | user=null | ip=null | op=WRITE_CHUNK {blockData=conID: 1 locID: 102674380872220686 bcsId: 0} | ret=SUCCESS |  
2019-08-24 22:45:25,271 | INFO  | DNAudit | user=null | ip=null | op=WRITE_CHUNK {blockData=conID: 1 locID: 102674380872220686 bcsId: 0} | ret=SUCCESS |  
2019-08-24 22:45:25,272 | INFO  | DNAudit | user=null | ip=null | op=PUT_BLOCK {blockData=[blockId=conID: 1 locID: 102674380872220686 bcsId: 0,size=400]} | ret=SUCCESS |  
2019-08-24 22:45:25,272 [grpc-default-executor-7] INFO  client.GrpcClientProtocolClient (GrpcClientProtocolClient.java:onNext(255)) - client-B9E26FA510DE->f7849cca-8227-4286-beaa-44e6969b61f8: receive RaftClientReply:client-B9E26FA510DE->f7849cca-8227-4286-beaa-44e6969b61f8@group-01CD8B84C446, cid=181, SUCCESS, logIndex=7, commits[f7849cca-8227-4286-beaa-44e6969b61f8:c12, 76d0d5d6-c2d6-4b53-8535-d18625577ddc:c7, a1d0d6a6-7e3c-45f4-91cb-df460e9a90a2:c7]
2019-08-24 22:45:25,278 | INFO  | DNAudit | user=null | ip=null | op=WRITE_CHUNK {blockData=conID: 1 locID: 102674380872220686 bcsId: 7} | ret=SUCCESS |  
2019-08-24 22:45:25,282 | INFO  | DNAudit | user=null | ip=null | op=WRITE_CHUNK {blockData=conID: 1 locID: 102674380872220686 bcsId: 7} | ret=SUCCESS |  
2019-08-24 22:45:25,282 | INFO  | DNAudit | user=null | ip=null | op=WRITE_CHUNK {blockData=conID: 1 locID: 102674380872220686 bcsId: 7} | ret=SUCCESS |  
2019-08-24 22:45:25,296 | INFO  | DNAudit | user=null | ip=null | op=WRITE_CHUNK {blockData=conID: 1 locID: 102674380872220686 bcsId: 7} | ret=SUCCESS |  
2019-08-24 22:45:25,297 | INFO  | DNAudit | user=null | ip=null | op=PUT_BLOCK {blockData=[blockId=conID: 1 locID: 102674380872220686 bcsId: 0,size=450]} | ret=SUCCESS |  
2019-08-24 22:45:25,297 [grpc-default-executor-7] INFO  client.GrpcClientProtocolClient (GrpcClientProtocolClient.java:onNext(255)) - client-B9E26FA510DE->f7849cca-8227-4286-beaa-44e6969b61f8: receive RaftClientReply:client-B9E26FA510DE->f7849cca-8227-4286-beaa-44e6969b61f8@group-01CD8B84C446, cid=182, SUCCESS, logIndex=13, commits[f7849cca-8227-4286-beaa-44e6969b61f8:c14, 76d0d5d6-c2d6-4b53-8535-d18625577ddc:c12, a1d0d6a6-7e3c-45f4-91cb-df460e9a90a2:c12]
2019-08-24 22:45:25,298 [grpc-default-executor-7] INFO  client.GrpcClientProtocolClient (GrpcClientProtocolClient.java:onNext(255)) - client-B9E26FA510DE->f7849cca-8227-4286-beaa-44e6969b61f8: receive RaftClientReply:client-B9E26FA510DE->f7849cca-8227-4286-beaa-44e6969b61f8@group-01CD8B84C446, cid=183, SUCCESS, logIndex=14, commits[f7849cca-8227-4286-beaa-44e6969b61f8:c14, 76d0d5d6-c2d6-4b53-8535-d18625577ddc:c12, a1d0d6a6-7e3c-45f4-91cb-df460e9a90a2:c12]
2019-08-24 22:45:25,304 | INFO  | DNAudit | user=null | ip=null | op=WRITE_CHUNK {blockData=conID: 1 locID: 102674380872220686 bcsId: 7} | ret=SUCCESS |  
2019-08-24 22:45:25,304 | INFO  | DNAudit | user=null | ip=null | op=WRITE_CHUNK {blockData=conID: 1 locID: 102674380872220686 bcsId: 7} | ret=SUCCESS |  
2019-08-24 22:45:25,307 | INFO  | DNAudit | user=null | ip=null | op=PUT_BLOCK {blockData=[blockId=conID: 1 locID: 102674380872220686 bcsId: 0,size=450]} | ret=SUCCESS |  
2019-08-24 22:45:25,310 | INFO  | DNAudit | user=null | ip=null | op=PUT_BLOCK {blockData=[blockId=conID: 1 locID: 102674380872220686 bcsId: 0,size=450]} | ret=SUCCESS |  
2019-08-24 22:45:25,314 [grpc-default-executor-7] INFO  client.GrpcClientProtocolClient (GrpcClientProtocolClient.java:onNext(255)) - client-B9E26FA510DE->f7849cca-8227-4286-beaa-44e6969b61f8: receive RaftClientReply:client-B9E26FA510DE->f7849cca-8227-4286-beaa-44e6969b61f8@group-01CD8B84C446, cid=184, SUCCESS, logIndex=0, commits[f7849cca-8227-4286-beaa-44e6969b61f8:c15, 76d0d5d6-c2d6-4b53-8535-d18625577ddc:c14, a1d0d6a6-7e3c-45f4-91cb-df460e9a90a2:c14]
2019-08-24 22:45:25,314 [main] INFO  datanode.ObjectStoreHandler (ObjectStoreHandler.java:close(155)) - Closing ObjectStoreHandler.
2019-08-24 22:45:25,315 [main] INFO  ozone.HddsDatanodeService (HddsDatanodeService.java:stop(451)) - Stopped plug-in org.apache.hadoop.ozone.web.OzoneHddsDatanodeService@1203c259
2019-08-24 22:45:25,605 | INFO  | SCMAudit | user=jenkins1000 | ip=192.168.34.50 | op=SEND_HEARTBEAT {datanodeUUID=fef8ab6f-fb3f-4c85-8a3f-3f5378cc0e9d, command=[]} | ret=SUCCESS |  
2019-08-24 22:45:25,744 | INFO  | SCMAudit | user=jenkins1000 | ip=192.168.34.50 | op=SEND_HEARTBEAT {datanodeUUID=eef0b787-ef14-4aa5-bb81-b65459257627, command=[]} | ret=SUCCESS |  
2019-08-24 22:45:25,901 | INFO  | SCMAudit | user=jenkins1000 | ip=192.168.34.50 | op=SEND_HEARTBEAT {datanodeUUID=64266e81-f89e-4b53-ab01-a599594e3ea3, command=[]} | ret=SUCCESS |  
2019-08-24 22:45:26,087 | INFO  | SCMAudit | user=jenkins1000 | ip=192.168.34.50 | op=SEND_HEARTBEAT {datanodeUUID=a1d0d6a6-7e3c-45f4-91cb-df460e9a90a2, command=[]} | ret=SUCCESS |  
2019-08-24 22:45:26,088 [Datanode State Machine Thread - 0] INFO  statemachine.DatanodeStateMachine (DatanodeStateMachine.java:lambda$startDaemon$0(350)) - Ozone container server started.
2019-08-24 22:45:26,088 | INFO  | SCMAudit | user=jenkins1000 | ip=192.168.34.50 | op=SEND_HEARTBEAT {datanodeUUID=76d0d5d6-c2d6-4b53-8535-d18625577ddc, command=[]} | ret=SUCCESS |  
2019-08-24 22:45:26,257 | INFO  | SCMAudit | user=jenkins1000 | ip=192.168.34.50 | op=SEND_HEARTBEAT {datanodeUUID=cba94083-6c60-4013-a5f5-8dfc358213cd, command=[]} | ret=SUCCESS |  
2019-08-24 22:45:26,606 | INFO  | SCMAudit | user=jenkins1000 | ip=192.168.34.50 | op=SEND_HEARTBEAT {datanodeUUID=fef8ab6f-fb3f-4c85-8a3f-3f5378cc0e9d, command=[]} | ret=SUCCESS |  
2019-08-24 22:45:26,744 | INFO  | SCMAudit | user=jenkins1000 | ip=192.168.34.50 | op=SEND_HEARTBEAT {datanodeUUID=eef0b787-ef14-4aa5-bb81-b65459257627, command=[]} | ret=SUCCESS |  
2019-08-24 22:45:26,902 | INFO  | SCMAudit | user=jenkins1000 | ip=192.168.34.50 | op=SEND_HEARTBEAT {datanodeUUID=64266e81-f89e-4b53-ab01-a599594e3ea3, command=[]} | ret=SUCCESS |  
2019-08-24 22:45:27,087 | INFO  | SCMAudit | user=jenkins1000 | ip=192.168.34.50 | op=SEND_HEARTBEAT {datanodeUUID=a1d0d6a6-7e3c-45f4-91cb-df460e9a90a2, command=[]} | ret=SUCCESS |  
2019-08-24 22:45:27,088 | INFO  | SCMAudit | user=jenkins1000 | ip=192.168.34.50 | op=SEND_HEARTBEAT {datanodeUUID=76d0d5d6-c2d6-4b53-8535-d18625577ddc, command=[]} | ret=SUCCESS |  
2019-08-24 22:45:27,258 | INFO  | SCMAudit | user=jenkins1000 | ip=192.168.34.50 | op=SEND_HEARTBEAT {datanodeUUID=cba94083-6c60-4013-a5f5-8dfc358213cd, command=[]} | ret=SUCCESS |  
2019-08-24 22:45:27,606 | INFO  | SCMAudit | user=jenkins1000 | ip=192.168.34.50 | op=SEND_HEARTBEAT {datanodeUUID=fef8ab6f-fb3f-4c85-8a3f-3f5378cc0e9d, command=[]} | ret=SUCCESS |  
2019-08-24 22:45:27,745 | INFO  | SCMAudit | user=jenkins1000 | ip=192.168.34.50 | op=SEND_HEARTBEAT {datanodeUUID=eef0b787-ef14-4aa5-bb81-b65459257627, command=[]} | ret=SUCCESS |  
2019-08-24 22:45:27,901 | INFO  | SCMAudit | user=jenkins1000 | ip=192.168.34.50 | op=SEND_HEARTBEAT {datanodeUUID=64266e81-f89e-4b53-ab01-a599594e3ea3, command=[]} | ret=SUCCESS |  
2019-08-24 22:45:28,088 | INFO  | SCMAudit | user=jenkins1000 | ip=192.168.34.50 | op=SEND_HEARTBEAT {datanodeUUID=a1d0d6a6-7e3c-45f4-91cb-df460e9a90a2, command=[]} | ret=SUCCESS |  
2019-08-24 22:45:28,088 | INFO  | SCMAudit | user=jenkins1000 | ip=192.168.34.50 | op=SEND_HEARTBEAT {datanodeUUID=76d0d5d6-c2d6-4b53-8535-d18625577ddc, command=[]} | ret=SUCCESS |  
2019-08-24 22:45:28,258 | INFO  | SCMAudit | user=jenkins1000 | ip=192.168.34.50 | op=SEND_HEARTBEAT {datanodeUUID=cba94083-6c60-4013-a5f5-8dfc358213cd, command=[]} | ret=SUCCESS |  
2019-08-24 22:45:28,606 | INFO  | SCMAudit | user=jenkins1000 | ip=192.168.34.50 | op=SEND_HEARTBEAT {datanodeUUID=fef8ab6f-fb3f-4c85-8a3f-3f5378cc0e9d, command=[]} | ret=SUCCESS |  
2019-08-24 22:45:28,745 | INFO  | SCMAudit | user=jenkins1000 | ip=192.168.34.50 | op=SEND_HEARTBEAT {datanodeUUID=eef0b787-ef14-4aa5-bb81-b65459257627, command=[]} | ret=SUCCESS |  
2019-08-24 22:45:28,901 | INFO  | SCMAudit | user=jenkins1000 | ip=192.168.34.50 | op=SEND_HEARTBEAT {datanodeUUID=64266e81-f89e-4b53-ab01-a599594e3ea3, command=[]} | ret=SUCCESS |  
2019-08-24 22:45:29,087 | INFO  | SCMAudit | user=jenkins1000 | ip=192.168.34.50 | op=SEND_HEARTBEAT {datanodeUUID=a1d0d6a6-7e3c-45f4-91cb-df460e9a90a2, command=[]} | ret=SUCCESS |  
2019-08-24 22:45:29,088 | INFO  | SCMAudit | user=jenkins1000 | ip=192.168.34.50 | op=SEND_HEARTBEAT {datanodeUUID=76d0d5d6-c2d6-4b53-8535-d18625577ddc, command=[]} | ret=SUCCESS |  
2019-08-24 22:45:29,258 | INFO  | SCMAudit | user=jenkins1000 | ip=192.168.34.50 | op=SEND_HEARTBEAT {datanodeUUID=cba94083-6c60-4013-a5f5-8dfc358213cd, command=[]} | ret=SUCCESS |  
2019-08-24 22:45:29,607 | INFO  | SCMAudit | user=jenkins1000 | ip=192.168.34.50 | op=SEND_HEARTBEAT {datanodeUUID=fef8ab6f-fb3f-4c85-8a3f-3f5378cc0e9d, command=[]} | ret=SUCCESS |  
2019-08-24 22:45:29,744 | INFO  | SCMAudit | user=jenkins1000 | ip=192.168.34.50 | op=SEND_HEARTBEAT {datanodeUUID=eef0b787-ef14-4aa5-bb81-b65459257627, command=[]} | ret=SUCCESS |  
2019-08-24 22:45:29,901 | INFO  | SCMAudit | user=jenkins1000 | ip=192.168.34.50 | op=SEND_HEARTBEAT {datanodeUUID=64266e81-f89e-4b53-ab01-a599594e3ea3, command=[]} | ret=SUCCESS |  
2019-08-24 22:45:30,088 | INFO  | SCMAudit | user=jenkins1000 | ip=192.168.34.50 | op=SEND_HEARTBEAT {datanodeUUID=a1d0d6a6-7e3c-45f4-91cb-df460e9a90a2, command=[]} | ret=SUCCESS |  
2019-08-24 22:45:30,088 | INFO  | SCMAudit | user=jenkins1000 | ip=192.168.34.50 | op=SEND_HEARTBEAT {datanodeUUID=76d0d5d6-c2d6-4b53-8535-d18625577ddc, command=[]} | ret=SUCCESS |  
2019-08-24 22:45:30,173 [EventQueue-StaleNodeForStaleNodeHandler] INFO  node.StaleNodeHandler (StaleNodeHandler.java:onMessage(58)) - Datanode f7849cca-8227-4286-beaa-44e6969b61f8{ip: 192.168.34.50, host: pr-hdds-2030-j7d29-893466226, networkLocation: /default-rack, certSerialId: null} moved to stale state. Finalizing its pipelines [PipelineID=b3271826-f60f-4b50-b7bf-ff3b3f57d75f, PipelineID=4ffee836-57b8-43a4-a116-01cd8b84c446]
2019-08-24 22:45:30,173 [EventQueue-StaleNodeForStaleNodeHandler] INFO  pipeline.SCMPipelineManager (SCMPipelineManager.java:finalizeAndDestroyPipeline(309)) - destroying pipeline:Pipeline[ Id: b3271826-f60f-4b50-b7bf-ff3b3f57d75f, Nodes: f7849cca-8227-4286-beaa-44e6969b61f8{ip: 192.168.34.50, host: pr-hdds-2030-j7d29-893466226, networkLocation: /default-rack, certSerialId: null}, Type:RATIS, Factor:ONE, State:OPEN]
2019-08-24 22:45:30,174 [EventQueue-StaleNodeForStaleNodeHandler] INFO  pipeline.PipelineStateManager (PipelineStateManager.java:finalizePipeline(123)) - Pipeline Pipeline[ Id: b3271826-f60f-4b50-b7bf-ff3b3f57d75f, Nodes: f7849cca-8227-4286-beaa-44e6969b61f8{ip: 192.168.34.50, host: pr-hdds-2030-j7d29-893466226, networkLocation: /default-rack, certSerialId: null}, Type:RATIS, Factor:ONE, State:CLOSED] moved to CLOSED state
2019-08-24 22:45:30,174 [EventQueue-StaleNodeForStaleNodeHandler] INFO  pipeline.SCMPipelineManager (SCMPipelineManager.java:finalizeAndDestroyPipeline(309)) - destroying pipeline:Pipeline[ Id: 4ffee836-57b8-43a4-a116-01cd8b84c446, Nodes: f7849cca-8227-4286-beaa-44e6969b61f8{ip: 192.168.34.50, host: pr-hdds-2030-j7d29-893466226, networkLocation: /default-rack, certSerialId: null}76d0d5d6-c2d6-4b53-8535-d18625577ddc{ip: 192.168.34.50, host: pr-hdds-2030-j7d29-893466226, networkLocation: /default-rack, certSerialId: null}a1d0d6a6-7e3c-45f4-91cb-df460e9a90a2{ip: 192.168.34.50, host: pr-hdds-2030-j7d29-893466226, networkLocation: /default-rack, certSerialId: null}, Type:RATIS, Factor:THREE, State:OPEN]
2019-08-24 22:45:30,174 [EventQueue-StaleNodeForStaleNodeHandler] INFO  pipeline.PipelineStateManager (PipelineStateManager.java:finalizePipeline(123)) - Pipeline Pipeline[ Id: 4ffee836-57b8-43a4-a116-01cd8b84c446, Nodes: f7849cca-8227-4286-beaa-44e6969b61f8{ip: 192.168.34.50, host: pr-hdds-2030-j7d29-893466226, networkLocation: /default-rack, certSerialId: null}76d0d5d6-c2d6-4b53-8535-d18625577ddc{ip: 192.168.34.50, host: pr-hdds-2030-j7d29-893466226, networkLocation: /default-rack, certSerialId: null}a1d0d6a6-7e3c-45f4-91cb-df460e9a90a2{ip: 192.168.34.50, host: pr-hdds-2030-j7d29-893466226, networkLocation: /default-rack, certSerialId: null}, Type:RATIS, Factor:THREE, State:CLOSED] moved to CLOSED state
2019-08-24 22:45:30,175 [EventQueue-CloseContainerForCloseContainerEventHandler] INFO  container.CloseContainerEventHandler (CloseContainerEventHandler.java:onMessage(61)) - Close container Event triggered for container : #1
2019-08-24 22:45:30,259 | INFO  | SCMAudit | user=jenkins1000 | ip=192.168.34.50 | op=SEND_HEARTBEAT {datanodeUUID=cba94083-6c60-4013-a5f5-8dfc358213cd, command=[]} | ret=SUCCESS |  
2019-08-24 22:45:30,316 [main] INFO  ozoneimpl.OzoneContainer (OzoneContainer.java:stop(199)) - Attempting to stop container services.
2019-08-24 22:45:30,317 [main] INFO  impl.RaftServerProxy (RaftServerProxy.java:lambda$close$4(314)) - f7849cca-8227-4286-beaa-44e6969b61f8: close
2019-08-24 22:45:30,318 [main] INFO  impl.RaftServerImpl (RaftServerImpl.java:lambda$shutdown$3(245)) - f7849cca-8227-4286-beaa-44e6969b61f8: shutdown group-FF3B3F57D75F
2019-08-24 22:45:30,318 [ForkJoinPool.commonPool-worker-0] INFO  impl.RaftServerImpl (RaftServerImpl.java:lambda$shutdown$3(245)) - f7849cca-8227-4286-beaa-44e6969b61f8: shutdown group-01CD8B84C446
2019-08-24 22:45:30,318 [main] INFO  util.JmxRegister (JmxRegister.java:unregister(73)) - Successfully un-registered JMX Bean with object name Ratis:service=RaftServer,group=group-FF3B3F57D75F,id=f7849cca-8227-4286-beaa-44e6969b61f8
2019-08-24 22:45:30,318 [ForkJoinPool.commonPool-worker-0] INFO  util.JmxRegister (JmxRegister.java:unregister(73)) - Successfully un-registered JMX Bean with object name Ratis:service=RaftServer,group=group-01CD8B84C446,id=f7849cca-8227-4286-beaa-44e6969b61f8
2019-08-24 22:45:30,319 [main] INFO  impl.RoleInfo (RoleInfo.java:shutdownLeaderState(104)) - f7849cca-8227-4286-beaa-44e6969b61f8: shutdown LeaderState
2019-08-24 22:45:30,319 [ForkJoinPool.commonPool-worker-0] INFO  impl.RoleInfo (RoleInfo.java:shutdownLeaderState(104)) - f7849cca-8227-4286-beaa-44e6969b61f8: shutdown LeaderState
2019-08-24 22:45:30,319 [main] INFO  impl.PendingRequests (PendingRequests.java:sendNotLeaderResponses(202)) - f7849cca-8227-4286-beaa-44e6969b61f8-PendingRequests: sendNotLeaderResponses
2019-08-24 22:45:30,326 [org.apache.ratis.server.impl.LogAppender$AppenderDaemon$$Lambda$508/1800936385@1ea54032] WARN  server.GrpcLogAppender (GrpcLogAppender.java:mayWait(143)) - GrpcLogAppender(f7849cca-8227-4286-beaa-44e6969b61f8->76d0d5d6-c2d6-4b53-8535-d18625577ddc): Wait interrupted by java.lang.InterruptedException
2019-08-24 22:45:30,326 [main] INFO  impl.StateMachineUpdater (StateMachineUpdater.java:stopAndJoin(115)) - StateMachineUpdater:f7849cca-8227-4286-beaa-44e6969b61f8:group-FF3B3F57D75F: set stopIndex = 0
2019-08-24 22:45:30,327 [main] INFO  impl.RaftServerImpl (ServerState.java:close(394)) - f7849cca-8227-4286-beaa-44e6969b61f8:group-FF3B3F57D75F closes. The last applied log index is 0
2019-08-24 22:45:30,326 [org.apache.ratis.server.impl.LogAppender$AppenderDaemon$$Lambda$508/1800936385@5ba7dd82] WARN  server.GrpcLogAppender (GrpcLogAppender.java:mayWait(143)) - GrpcLogAppender(f7849cca-8227-4286-beaa-44e6969b61f8->a1d0d6a6-7e3c-45f4-91cb-df460e9a90a2): Wait interrupted by java.lang.InterruptedException
2019-08-24 22:45:30,326 [ForkJoinPool.commonPool-worker-0] INFO  impl.PendingRequests (PendingRequests.java:sendNotLeaderResponses(202)) - f7849cca-8227-4286-beaa-44e6969b61f8-PendingRequests: sendNotLeaderResponses
2019-08-24 22:45:30,328 [f7849cca-8227-4286-beaa-44e6969b61f8-SegmentedRaftLogWorker:Storage Directory /workdir/hadoop-ozone/integration-test/target/test-dir/MiniOzoneClusterImpl-614c102a-29d9-417a-b8c5-0217b2e5181d/datanode-4/data/ratis/b3271826-f60f-4b50-b7bf-ff3b3f57d75f] INFO  segmented.SegmentedRaftLogWorker (SegmentedRaftLogWorker.java:run(313)) - f7849cca-8227-4286-beaa-44e6969b61f8-SegmentedRaftLogWorker:Storage Directory /workdir/hadoop-ozone/integration-test/target/test-dir/MiniOzoneClusterImpl-614c102a-29d9-417a-b8c5-0217b2e5181d/datanode-4/data/ratis/b3271826-f60f-4b50-b7bf-ff3b3f57d75f was interrupted, exiting. There are 0 tasks remaining in the queue.
2019-08-24 22:45:30,327 [grpc-default-executor-4] INFO  server.GrpcServerProtocolService (GrpcServerProtocolService.java:onCompleted(104)) - 76d0d5d6-c2d6-4b53-8535-d18625577ddc: appendEntries completed
2019-08-24 22:45:30,328 [grpc-default-executor-7] INFO  server.GrpcServerProtocolService (GrpcServerProtocolService.java:onCompleted(104)) - a1d0d6a6-7e3c-45f4-91cb-df460e9a90a2: appendEntries completed
2019-08-24 22:45:30,333 [main] INFO  segmented.SegmentedRaftLogWorker (SegmentedRaftLogWorker.java:close(228)) - f7849cca-8227-4286-beaa-44e6969b61f8-SegmentedRaftLogWorker:Storage Directory /workdir/hadoop-ozone/integration-test/target/test-dir/MiniOzoneClusterImpl-614c102a-29d9-417a-b8c5-0217b2e5181d/datanode-4/data/ratis/b3271826-f60f-4b50-b7bf-ff3b3f57d75f close()
2019-08-24 22:45:30,333 [StateMachineUpdater:f7849cca-8227-4286-beaa-44e6969b61f8:group-01CD8B84C446] INFO  ratis.ContainerStateMachine (ContainerStateMachine.java:takeSnapshot(283)) - group-01CD8B84C446: Taking a snapshot at:(t:1, i:14) file /workdir/hadoop-ozone/integration-test/target/test-dir/MiniOzoneClusterImpl-614c102a-29d9-417a-b8c5-0217b2e5181d/datanode-4/data/ratis/4ffee836-57b8-43a4-a116-01cd8b84c446/sm/snapshot.1_14
2019-08-24 22:45:30,342 [grpc-default-executor-4] INFO  server.GrpcLogAppender (GrpcLogAppender.java:onCompleted(292)) - f7849cca-8227-4286-beaa-44e6969b61f8->a1d0d6a6-7e3c-45f4-91cb-df460e9a90a2: follower responses appendEntries COMPLETED
2019-08-24 22:45:30,333 [ForkJoinPool.commonPool-worker-0] INFO  impl.StateMachineUpdater (StateMachineUpdater.java:stopAndJoin(115)) - StateMachineUpdater:f7849cca-8227-4286-beaa-44e6969b61f8:group-01CD8B84C446: set stopIndex = 16
2019-08-24 22:45:30,342 [grpc-default-executor-4] INFO  impl.FollowerInfo (FollowerInfo.java:lambda$new$0(50)) - f7849cca-8227-4286-beaa-44e6969b61f8->a1d0d6a6-7e3c-45f4-91cb-df460e9a90a2: nextIndex: updateUnconditionally 17 -> 16
2019-08-24 22:45:30,336 [grpc-default-executor-6] INFO  server.GrpcLogAppender (GrpcLogAppender.java:onCompleted(292)) - f7849cca-8227-4286-beaa-44e6969b61f8->76d0d5d6-c2d6-4b53-8535-d18625577ddc: follower responses appendEntries COMPLETED
2019-08-24 22:45:30,343 [grpc-default-executor-6] INFO  impl.FollowerInfo (FollowerInfo.java:lambda$new$0(50)) - f7849cca-8227-4286-beaa-44e6969b61f8->76d0d5d6-c2d6-4b53-8535-d18625577ddc: nextIndex: updateUnconditionally 17 -> 16
2019-08-24 22:45:30,348 [StateMachineUpdater:f7849cca-8227-4286-beaa-44e6969b61f8:group-01CD8B84C446] INFO  ratis.ContainerStateMachine (ContainerStateMachine.java:takeSnapshot(294)) - group-01CD8B84C446: Finished taking a snapshot at:(t:1, i:14) file:/workdir/hadoop-ozone/integration-test/target/test-dir/MiniOzoneClusterImpl-614c102a-29d9-417a-b8c5-0217b2e5181d/datanode-4/data/ratis/4ffee836-57b8-43a4-a116-01cd8b84c446/sm/snapshot.1_14 time:14
2019-08-24 22:45:30,348 [StateMachineUpdater:f7849cca-8227-4286-beaa-44e6969b61f8:group-01CD8B84C446] INFO  impl.StateMachineUpdater (StateMachineUpdater.java:takeSnapshot(242)) - StateMachineUpdater:f7849cca-8227-4286-beaa-44e6969b61f8:group-01CD8B84C446: Took a snapshot at index 14
2019-08-24 22:45:30,348 [StateMachineUpdater:f7849cca-8227-4286-beaa-44e6969b61f8:group-01CD8B84C446] INFO  impl.StateMachineUpdater (StateMachineUpdater.java:lambda$new$0(80)) - StateMachineUpdater:f7849cca-8227-4286-beaa-44e6969b61f8:group-01CD8B84C446: snapshotIndex: updateIncreasingly -1 -> 14
2019-08-24 22:45:30,348 [ForkJoinPool.commonPool-worker-0] INFO  impl.RaftServerImpl (ServerState.java:close(394)) - f7849cca-8227-4286-beaa-44e6969b61f8:group-01CD8B84C446 closes. The last applied log index is 16
2019-08-24 22:45:30,349 [f7849cca-8227-4286-beaa-44e6969b61f8-SegmentedRaftLogWorker:Storage Directory /workdir/hadoop-ozone/integration-test/target/test-dir/MiniOzoneClusterImpl-614c102a-29d9-417a-b8c5-0217b2e5181d/datanode-4/data/ratis/4ffee836-57b8-43a4-a116-01cd8b84c446] INFO  segmented.SegmentedRaftLogWorker (SegmentedRaftLogWorker.java:run(313)) - f7849cca-8227-4286-beaa-44e6969b61f8-SegmentedRaftLogWorker:Storage Directory /workdir/hadoop-ozone/integration-test/target/test-dir/MiniOzoneClusterImpl-614c102a-29d9-417a-b8c5-0217b2e5181d/datanode-4/data/ratis/4ffee836-57b8-43a4-a116-01cd8b84c446 was interrupted, exiting. There are 0 tasks remaining in the queue.
2019-08-24 22:45:30,352 [ForkJoinPool.commonPool-worker-0] INFO  segmented.SegmentedRaftLogWorker (SegmentedRaftLogWorker.java:close(228)) - f7849cca-8227-4286-beaa-44e6969b61f8-SegmentedRaftLogWorker:Storage Directory /workdir/hadoop-ozone/integration-test/target/test-dir/MiniOzoneClusterImpl-614c102a-29d9-417a-b8c5-0217b2e5181d/datanode-4/data/ratis/4ffee836-57b8-43a4-a116-01cd8b84c446 close()
2019-08-24 22:45:30,352 [main] INFO  server.GrpcService (GrpcService.java:closeImpl(155)) - f7849cca-8227-4286-beaa-44e6969b61f8: shutdown server with port 44923 now
2019-08-24 22:45:30,355 [grpc-default-executor-4] WARN  client.GrpcClientProtocolService (LogUtils.java:warn(134)) - 3-UnorderedRequestStreamObserver3: onError: org.apache.ratis.thirdparty.io.grpc.StatusRuntimeException: CANCELLED: cancelled before receiving half close
2019-08-24 22:45:30,356 [main] INFO  server.GrpcService (GrpcService.java:closeImpl(163)) - f7849cca-8227-4286-beaa-44e6969b61f8: shutdown server with port 44923 successfully
2019-08-24 22:45:30,357 [main] INFO  utils.BackgroundService (BackgroundService.java:shutdown(148)) - Shutting down service BlockDeletingService
2019-08-24 22:45:30,362 [refreshUsed-/workdir/hadoop-ozone/integration-test/target/test-dir/MiniOzoneClusterImpl-614c102a-29d9-417a-b8c5-0217b2e5181d/datanode-4/data/containers] WARN  fs.CachingGetSpaceUsed (CachingGetSpaceUsed.java:run(183)) - Thread Interrupted waiting to refresh disk information: sleep interrupted
2019-08-24 22:45:30,385 [main] INFO  statemachine.DatanodeStateMachine (DatanodeStateMachine.java:stopDaemon(395)) - Ozone container server stopped.
2019-08-24 22:45:30,387 [main] INFO  handler.ContextHandler (ContextHandler.java:doStop(910)) - Stopped o.e.j.w.WebAppContext@4540aade{/,null,UNAVAILABLE}{/hddsDatanode}
2019-08-24 22:45:30,388 [main] INFO  server.AbstractConnector (AbstractConnector.java:doStop(318)) - Stopped ServerConnector@697797e4{HTTP/1.1,[http/1.1]}{0.0.0.0:0}
2019-08-24 22:45:30,388 [main] INFO  handler.ContextHandler (ContextHandler.java:doStop(910)) - Stopped o.e.j.s.ServletContextHandler@316987c4{/static,jar:file:/home/user/.m2/repository/org/apache/hadoop/hadoop-hdds-container-service/0.5.0-SNAPSHOT/hadoop-hdds-container-service-0.5.0-SNAPSHOT.jar!/webapps/static,UNAVAILABLE}
2019-08-24 22:45:30,389 [main] INFO  handler.ContextHandler (ContextHandler.java:doStop(910)) - Stopped o.e.j.s.ServletContextHandler@30f0b75{/logs,file:///workdir/hadoop-ozone/integration-test/target/log,UNAVAILABLE}
2019-08-24 22:45:30,606 | INFO  | SCMAudit | user=jenkins1000 | ip=192.168.34.50 | op=SEND_HEARTBEAT {datanodeUUID=fef8ab6f-fb3f-4c85-8a3f-3f5378cc0e9d, command=[]} | ret=SUCCESS |  
2019-08-24 22:45:30,744 | INFO  | SCMAudit | user=jenkins1000 | ip=192.168.34.50 | op=SEND_HEARTBEAT {datanodeUUID=eef0b787-ef14-4aa5-bb81-b65459257627, command=[]} | ret=SUCCESS |  
2019-08-24 22:45:30,902 | INFO  | SCMAudit | user=jenkins1000 | ip=192.168.34.50 | op=SEND_HEARTBEAT {datanodeUUID=64266e81-f89e-4b53-ab01-a599594e3ea3, command=[]} | ret=SUCCESS |  
2019-08-24 22:45:31,089 | INFO  | SCMAudit | user=jenkins1000 | ip=192.168.34.50 | op=SEND_HEARTBEAT {datanodeUUID=76d0d5d6-c2d6-4b53-8535-d18625577ddc, command=[commandType: closeContainerCommand closeContainerCommandProto { containerID: 1 pipelineID { id: "4ffee836-57b8-43a4-a116-01cd8b84c446" } cmdId: 1 force: false } ]} | ret=SUCCESS |  
2019-08-24 22:45:31,089 | INFO  | SCMAudit | user=jenkins1000 | ip=192.168.34.50 | op=SEND_HEARTBEAT {datanodeUUID=a1d0d6a6-7e3c-45f4-91cb-df460e9a90a2, command=[commandType: closeContainerCommand closeContainerCommandProto { containerID: 1 pipelineID { id: "4ffee836-57b8-43a4-a116-01cd8b84c446" } cmdId: 1 force: false } ]} | ret=SUCCESS |  
2019-08-24 22:45:31,259 | INFO  | SCMAudit | user=jenkins1000 | ip=192.168.34.50 | op=SEND_HEARTBEAT {datanodeUUID=cba94083-6c60-4013-a5f5-8dfc358213cd, command=[]} | ret=SUCCESS |  
2019-08-24 22:45:31,607 | INFO  | SCMAudit | user=jenkins1000 | ip=192.168.34.50 | op=SEND_HEARTBEAT {datanodeUUID=fef8ab6f-fb3f-4c85-8a3f-3f5378cc0e9d, command=[]} | ret=SUCCESS |  
2019-08-24 22:45:31,744 | INFO  | SCMAudit | user=jenkins1000 | ip=192.168.34.50 | op=SEND_HEARTBEAT {datanodeUUID=eef0b787-ef14-4aa5-bb81-b65459257627, command=[]} | ret=SUCCESS |  
2019-08-24 22:45:31,901 | INFO  | SCMAudit | user=jenkins1000 | ip=192.168.34.50 | op=SEND_HEARTBEAT {datanodeUUID=64266e81-f89e-4b53-ab01-a599594e3ea3, command=[]} | ret=SUCCESS |  
2019-08-24 22:45:32,088 | INFO  | SCMAudit | user=jenkins1000 | ip=192.168.34.50 | op=SEND_HEARTBEAT {datanodeUUID=a1d0d6a6-7e3c-45f4-91cb-df460e9a90a2, command=[]} | ret=SUCCESS |  
2019-08-24 22:45:32,088 | INFO  | SCMAudit | user=jenkins1000 | ip=192.168.34.50 | op=SEND_HEARTBEAT {datanodeUUID=76d0d5d6-c2d6-4b53-8535-d18625577ddc, command=[]} | ret=SUCCESS |  
2019-08-24 22:45:32,105 | INFO  | SCMAudit | user=jenkins1000 | ip=192.168.34.50 | op=SEND_HEARTBEAT {datanodeUUID=a1d0d6a6-7e3c-45f4-91cb-df460e9a90a2, command=[]} | ret=SUCCESS |  
2019-08-24 22:45:32,105 | INFO  | SCMAudit | user=jenkins1000 | ip=192.168.34.50 | op=SEND_HEARTBEAT {datanodeUUID=76d0d5d6-c2d6-4b53-8535-d18625577ddc, command=[]} | ret=SUCCESS |  
2019-08-24 22:45:32,259 | INFO  | SCMAudit | user=jenkins1000 | ip=192.168.34.50 | op=SEND_HEARTBEAT {datanodeUUID=cba94083-6c60-4013-a5f5-8dfc358213cd, command=[]} | ret=SUCCESS |  
2019-08-24 22:45:32,405 [grpc-default-executor-6] INFO  client.GrpcClientProtocolClient (GrpcClientProtocolClient.java:onNext(255)) - client-B9E26FA510DE->76d0d5d6-c2d6-4b53-8535-d18625577ddc: receive RaftClientReply:client-B9E26FA510DE->76d0d5d6-c2d6-4b53-8535-d18625577ddc@group-01CD8B84C446, cid=185, FAILED org.apache.ratis.protocol.NotLeaderException: Server 76d0d5d6-c2d6-4b53-8535-d18625577ddc is not the leader (f7849cca-8227-4286-beaa-44e6969b61f8:192.168.34.50:44923). Request must be sent to leader., logIndex=0, commits[76d0d5d6-c2d6-4b53-8535-d18625577ddc:c16, f7849cca-8227-4286-beaa-44e6969b61f8:c16, a1d0d6a6-7e3c-45f4-91cb-df460e9a90a2:c16]
2019-08-24 22:45:32,606 | INFO  | SCMAudit | user=jenkins1000 | ip=192.168.34.50 | op=SEND_HEARTBEAT {datanodeUUID=fef8ab6f-fb3f-4c85-8a3f-3f5378cc0e9d, command=[]} | ret=SUCCESS |  
2019-08-24 22:45:32,744 | INFO  | SCMAudit | user=jenkins1000 | ip=192.168.34.50 | op=SEND_HEARTBEAT {datanodeUUID=eef0b787-ef14-4aa5-bb81-b65459257627, command=[]} | ret=SUCCESS |  
2019-08-24 22:45:32,901 | INFO  | SCMAudit | user=jenkins1000 | ip=192.168.34.50 | op=SEND_HEARTBEAT {datanodeUUID=64266e81-f89e-4b53-ab01-a599594e3ea3, command=[]} | ret=SUCCESS |  
2019-08-24 22:45:33,105 | INFO  | SCMAudit | user=jenkins1000 | ip=192.168.34.50 | op=SEND_HEARTBEAT {datanodeUUID=76d0d5d6-c2d6-4b53-8535-d18625577ddc, command=[]} | ret=SUCCESS |  
2019-08-24 22:45:33,105 | INFO  | SCMAudit | user=jenkins1000 | ip=192.168.34.50 | op=SEND_HEARTBEAT {datanodeUUID=a1d0d6a6-7e3c-45f4-91cb-df460e9a90a2, command=[]} | ret=SUCCESS |  
2019-08-24 22:45:33,260 | INFO  | SCMAudit | user=jenkins1000 | ip=192.168.34.50 | op=SEND_HEARTBEAT {datanodeUUID=cba94083-6c60-4013-a5f5-8dfc358213cd, command=[]} | ret=SUCCESS |  
2019-08-24 22:45:33,424 [grpc-default-executor-7] INFO  client.GrpcClientProtocolClient (GrpcClientProtocolClient.java:onNext(255)) - client-B9E26FA510DE->76d0d5d6-c2d6-4b53-8535-d18625577ddc: receive RaftClientReply:client-B9E26FA510DE->76d0d5d6-c2d6-4b53-8535-d18625577ddc@group-01CD8B84C446, cid=185, FAILED org.apache.ratis.protocol.NotLeaderException: Server 76d0d5d6-c2d6-4b53-8535-d18625577ddc is not the leader (f7849cca-8227-4286-beaa-44e6969b61f8:192.168.34.50:44923). Request must be sent to leader., logIndex=0, commits[76d0d5d6-c2d6-4b53-8535-d18625577ddc:c16, f7849cca-8227-4286-beaa-44e6969b61f8:c16, a1d0d6a6-7e3c-45f4-91cb-df460e9a90a2:c16]
2019-08-24 22:45:33,607 | INFO  | SCMAudit | user=jenkins1000 | ip=192.168.34.50 | op=SEND_HEARTBEAT {datanodeUUID=fef8ab6f-fb3f-4c85-8a3f-3f5378cc0e9d, command=[]} | ret=SUCCESS |  
2019-08-24 22:45:33,745 | INFO  | SCMAudit | user=jenkins1000 | ip=192.168.34.50 | op=SEND_HEARTBEAT {datanodeUUID=eef0b787-ef14-4aa5-bb81-b65459257627, command=[]} | ret=SUCCESS |  
2019-08-24 22:45:33,902 | INFO  | SCMAudit | user=jenkins1000 | ip=192.168.34.50 | op=SEND_HEARTBEAT {datanodeUUID=64266e81-f89e-4b53-ab01-a599594e3ea3, command=[]} | ret=SUCCESS |  
2019-08-24 22:45:34,106 | INFO  | SCMAudit | user=jenkins1000 | ip=192.168.34.50 | op=SEND_HEARTBEAT {datanodeUUID=a1d0d6a6-7e3c-45f4-91cb-df460e9a90a2, command=[]} | ret=SUCCESS |  
2019-08-24 22:45:34,106 | INFO  | SCMAudit | user=jenkins1000 | ip=192.168.34.50 | op=SEND_HEARTBEAT {datanodeUUID=76d0d5d6-c2d6-4b53-8535-d18625577ddc, command=[]} | ret=SUCCESS |  
2019-08-24 22:45:34,260 | INFO  | SCMAudit | user=jenkins1000 | ip=192.168.34.50 | op=SEND_HEARTBEAT {datanodeUUID=cba94083-6c60-4013-a5f5-8dfc358213cd, command=[]} | ret=SUCCESS |  
2019-08-24 22:45:34,443 [grpc-default-executor-4] INFO  client.GrpcClientProtocolClient (GrpcClientProtocolClient.java:onNext(255)) - client-B9E26FA510DE->76d0d5d6-c2d6-4b53-8535-d18625577ddc: receive RaftClientReply:client-B9E26FA510DE->76d0d5d6-c2d6-4b53-8535-d18625577ddc@group-01CD8B84C446, cid=185, FAILED org.apache.ratis.protocol.NotLeaderException: Server 76d0d5d6-c2d6-4b53-8535-d18625577ddc is not the leader (f7849cca-8227-4286-beaa-44e6969b61f8:192.168.34.50:44923). Request must be sent to leader., logIndex=0, commits[76d0d5d6-c2d6-4b53-8535-d18625577ddc:c16, f7849cca-8227-4286-beaa-44e6969b61f8:c16, a1d0d6a6-7e3c-45f4-91cb-df460e9a90a2:c16]
2019-08-24 22:45:34,606 | INFO  | SCMAudit | user=jenkins1000 | ip=192.168.34.50 | op=SEND_HEARTBEAT {datanodeUUID=fef8ab6f-fb3f-4c85-8a3f-3f5378cc0e9d, command=[]} | ret=SUCCESS |  
2019-08-24 22:45:34,745 | INFO  | SCMAudit | user=jenkins1000 | ip=192.168.34.50 | op=SEND_HEARTBEAT {datanodeUUID=eef0b787-ef14-4aa5-bb81-b65459257627, command=[]} | ret=SUCCESS |  
2019-08-24 22:45:34,901 | INFO  | SCMAudit | user=jenkins1000 | ip=192.168.34.50 | op=SEND_HEARTBEAT {datanodeUUID=64266e81-f89e-4b53-ab01-a599594e3ea3, command=[]} | ret=SUCCESS |  
2019-08-24 22:45:35,106 | INFO  | SCMAudit | user=jenkins1000 | ip=192.168.34.50 | op=SEND_HEARTBEAT {datanodeUUID=a1d0d6a6-7e3c-45f4-91cb-df460e9a90a2, command=[]} | ret=SUCCESS |  
2019-08-24 22:45:35,106 | INFO  | SCMAudit | user=jenkins1000 | ip=192.168.34.50 | op=SEND_HEARTBEAT {datanodeUUID=76d0d5d6-c2d6-4b53-8535-d18625577ddc, command=[]} | ret=SUCCESS |  
2019-08-24 22:45:35,260 | INFO  | SCMAudit | user=jenkins1000 | ip=192.168.34.50 | op=SEND_HEARTBEAT {datanodeUUID=cba94083-6c60-4013-a5f5-8dfc358213cd, command=[]} | ret=SUCCESS |  
2019-08-24 22:45:35,469 [grpc-default-executor-7] INFO  client.GrpcClientProtocolClient (GrpcClientProtocolClient.java:onNext(255)) - client-B9E26FA510DE->76d0d5d6-c2d6-4b53-8535-d18625577ddc: receive RaftClientReply:client-B9E26FA510DE->76d0d5d6-c2d6-4b53-8535-d18625577ddc@group-01CD8B84C446, cid=185, FAILED org.apache.ratis.protocol.NotLeaderException: Server 76d0d5d6-c2d6-4b53-8535-d18625577ddc is not the leader (f7849cca-8227-4286-beaa-44e6969b61f8:192.168.34.50:44923). Request must be sent to leader., logIndex=0, commits[76d0d5d6-c2d6-4b53-8535-d18625577ddc:c16, f7849cca-8227-4286-beaa-44e6969b61f8:c16, a1d0d6a6-7e3c-45f4-91cb-df460e9a90a2:c16]
2019-08-24 22:45:35,607 | INFO  | SCMAudit | user=jenkins1000 | ip=192.168.34.50 | op=SEND_HEARTBEAT {datanodeUUID=fef8ab6f-fb3f-4c85-8a3f-3f5378cc0e9d, command=[]} | ret=SUCCESS |  
2019-08-24 22:45:35,745 | INFO  | SCMAudit | user=jenkins1000 | ip=192.168.34.50 | op=SEND_HEARTBEAT {datanodeUUID=eef0b787-ef14-4aa5-bb81-b65459257627, command=[]} | ret=SUCCESS |  
2019-08-24 22:45:35,902 | INFO  | SCMAudit | user=jenkins1000 | ip=192.168.34.50 | op=SEND_HEARTBEAT {datanodeUUID=64266e81-f89e-4b53-ab01-a599594e3ea3, command=[]} | ret=SUCCESS |  
2019-08-24 22:45:36,106 | INFO  | SCMAudit | user=jenkins1000 | ip=192.168.34.50 | op=SEND_HEARTBEAT {datanodeUUID=76d0d5d6-c2d6-4b53-8535-d18625577ddc, command=[]} | ret=SUCCESS |  
2019-08-24 22:45:36,106 | INFO  | SCMAudit | user=jenkins1000 | ip=192.168.34.50 | op=SEND_HEARTBEAT {datanodeUUID=a1d0d6a6-7e3c-45f4-91cb-df460e9a90a2, command=[]} | ret=SUCCESS |  
2019-08-24 22:45:36,260 | INFO  | SCMAudit | user=jenkins1000 | ip=192.168.34.50 | op=SEND_HEARTBEAT {datanodeUUID=cba94083-6c60-4013-a5f5-8dfc358213cd, command=[]} | ret=SUCCESS |  
2019-08-24 22:45:36,487 [grpc-default-executor-4] INFO  client.GrpcClientProtocolClient (GrpcClientProtocolClient.java:onNext(255)) - client-B9E26FA510DE->a1d0d6a6-7e3c-45f4-91cb-df460e9a90a2: receive RaftClientReply:client-B9E26FA510DE->a1d0d6a6-7e3c-45f4-91cb-df460e9a90a2@group-01CD8B84C446, cid=185, FAILED org.apache.ratis.protocol.NotLeaderException: Server a1d0d6a6-7e3c-45f4-91cb-df460e9a90a2 is not the leader (f7849cca-8227-4286-beaa-44e6969b61f8:192.168.34.50:44923). Request must be sent to leader., logIndex=0, commits[a1d0d6a6-7e3c-45f4-91cb-df460e9a90a2:c16, f7849cca-8227-4286-beaa-44e6969b61f8:c16, 76d0d5d6-c2d6-4b53-8535-d18625577ddc:c16]
2019-08-24 22:45:36,607 | INFO  | SCMAudit | user=jenkins1000 | ip=192.168.34.50 | op=SEND_HEARTBEAT {datanodeUUID=fef8ab6f-fb3f-4c85-8a3f-3f5378cc0e9d, command=[]} | ret=SUCCESS |  
2019-08-24 22:45:36,745 | INFO  | SCMAudit | user=jenkins1000 | ip=192.168.34.50 | op=SEND_HEARTBEAT {datanodeUUID=eef0b787-ef14-4aa5-bb81-b65459257627, command=[]} | ret=SUCCESS |  
2019-08-24 22:45:36,902 | INFO  | SCMAudit | user=jenkins1000 | ip=192.168.34.50 | op=SEND_HEARTBEAT {datanodeUUID=64266e81-f89e-4b53-ab01-a599594e3ea3, command=[]} | ret=SUCCESS |  
2019-08-24 22:45:37,107 | INFO  | SCMAudit | user=jenkins1000 | ip=192.168.34.50 | op=SEND_HEARTBEAT {datanodeUUID=76d0d5d6-c2d6-4b53-8535-d18625577ddc, command=[]} | ret=SUCCESS |  
2019-08-24 22:45:37,107 | INFO  | SCMAudit | user=jenkins1000 | ip=192.168.34.50 | op=SEND_HEARTBEAT {datanodeUUID=a1d0d6a6-7e3c-45f4-91cb-df460e9a90a2, command=[]} | ret=SUCCESS |  
2019-08-24 22:45:37,260 | INFO  | SCMAudit | user=jenkins1000 | ip=192.168.34.50 | op=SEND_HEARTBEAT {datanodeUUID=cba94083-6c60-4013-a5f5-8dfc358213cd, command=[]} | ret=SUCCESS |  
2019-08-24 22:45:37,505 [grpc-default-executor-6] INFO  client.GrpcClientProtocolClient (GrpcClientProtocolClient.java:onNext(255)) - client-B9E26FA510DE->a1d0d6a6-7e3c-45f4-91cb-df460e9a90a2: receive RaftClientReply:client-B9E26FA510DE->a1d0d6a6-7e3c-45f4-91cb-df460e9a90a2@group-01CD8B84C446, cid=185, FAILED org.apache.ratis.protocol.NotLeaderException: Server a1d0d6a6-7e3c-45f4-91cb-df460e9a90a2 is not the leader (f7849cca-8227-4286-beaa-44e6969b61f8:192.168.34.50:44923). Request must be sent to leader., logIndex=0, commits[a1d0d6a6-7e3c-45f4-91cb-df460e9a90a2:c16, f7849cca-8227-4286-beaa-44e6969b61f8:c16, 76d0d5d6-c2d6-4b53-8535-d18625577ddc:c16]
2019-08-24 22:45:37,607 | INFO  | SCMAudit | user=jenkins1000 | ip=192.168.34.50 | op=SEND_HEARTBEAT {datanodeUUID=fef8ab6f-fb3f-4c85-8a3f-3f5378cc0e9d, command=[]} | ret=SUCCESS |  
2019-08-24 22:45:37,746 | INFO  | SCMAudit | user=jenkins1000 | ip=192.168.34.50 | op=SEND_HEARTBEAT {datanodeUUID=eef0b787-ef14-4aa5-bb81-b65459257627, command=[]} | ret=SUCCESS |  
2019-08-24 22:45:37,902 | INFO  | SCMAudit | user=jenkins1000 | ip=192.168.34.50 | op=SEND_HEARTBEAT {datanodeUUID=64266e81-f89e-4b53-ab01-a599594e3ea3, command=[]} | ret=SUCCESS |  
2019-08-24 22:45:38,107 | INFO  | SCMAudit | user=jenkins1000 | ip=192.168.34.50 | op=SEND_HEARTBEAT {datanodeUUID=a1d0d6a6-7e3c-45f4-91cb-df460e9a90a2, command=[]} | ret=SUCCESS |  
2019-08-24 22:45:38,107 | INFO  | SCMAudit | user=jenkins1000 | ip=192.168.34.50 | op=SEND_HEARTBEAT {datanodeUUID=76d0d5d6-c2d6-4b53-8535-d18625577ddc, command=[]} | ret=SUCCESS |  
2019-08-24 22:45:38,260 | INFO  | SCMAudit | user=jenkins1000 | ip=192.168.34.50 | op=SEND_HEARTBEAT {datanodeUUID=cba94083-6c60-4013-a5f5-8dfc358213cd, command=[]} | ret=SUCCESS |  
2019-08-24 22:45:38,522 [grpc-default-executor-4] INFO  client.GrpcClientProtocolClient (GrpcClientProtocolClient.java:onNext(255)) - client-B9E26FA510DE->a1d0d6a6-7e3c-45f4-91cb-df460e9a90a2: receive RaftClientReply:client-B9E26FA510DE->a1d0d6a6-7e3c-45f4-91cb-df460e9a90a2@group-01CD8B84C446, cid=185, FAILED org.apache.ratis.protocol.NotLeaderException: Server a1d0d6a6-7e3c-45f4-91cb-df460e9a90a2 is not the leader (f7849cca-8227-4286-beaa-44e6969b61f8:192.168.34.50:44923). Request must be sent to leader., logIndex=0, commits[a1d0d6a6-7e3c-45f4-91cb-df460e9a90a2:c16, f7849cca-8227-4286-beaa-44e6969b61f8:c16, 76d0d5d6-c2d6-4b53-8535-d18625577ddc:c16]
2019-08-24 22:45:38,607 | INFO  | SCMAudit | user=jenkins1000 | ip=192.168.34.50 | op=SEND_HEARTBEAT {datanodeUUID=fef8ab6f-fb3f-4c85-8a3f-3f5378cc0e9d, command=[]} | ret=SUCCESS |  
2019-08-24 22:45:38,747 | INFO  | SCMAudit | user=jenkins1000 | ip=192.168.34.50 | op=SEND_HEARTBEAT {datanodeUUID=eef0b787-ef14-4aa5-bb81-b65459257627, command=[]} | ret=SUCCESS |  
2019-08-24 22:45:38,902 | INFO  | SCMAudit | user=jenkins1000 | ip=192.168.34.50 | op=SEND_HEARTBEAT {datanodeUUID=64266e81-f89e-4b53-ab01-a599594e3ea3, command=[]} | ret=SUCCESS |  
2019-08-24 22:45:39,107 | INFO  | SCMAudit | user=jenkins1000 | ip=192.168.34.50 | op=SEND_HEARTBEAT {datanodeUUID=a1d0d6a6-7e3c-45f4-91cb-df460e9a90a2, command=[]} | ret=SUCCESS |  
2019-08-24 22:45:39,107 | INFO  | SCMAudit | user=jenkins1000 | ip=192.168.34.50 | op=SEND_HEARTBEAT {datanodeUUID=76d0d5d6-c2d6-4b53-8535-d18625577ddc, command=[]} | ret=SUCCESS |  
2019-08-24 22:45:39,260 | INFO  | SCMAudit | user=jenkins1000 | ip=192.168.34.50 | op=SEND_HEARTBEAT {datanodeUUID=cba94083-6c60-4013-a5f5-8dfc358213cd, command=[]} | ret=SUCCESS |  
2019-08-24 22:45:39,538 [grpc-default-executor-6] INFO  client.GrpcClientProtocolClient (GrpcClientProtocolClient.java:onNext(255)) - client-B9E26FA510DE->a1d0d6a6-7e3c-45f4-91cb-df460e9a90a2: receive RaftClientReply:client-B9E26FA510DE->a1d0d6a6-7e3c-45f4-91cb-df460e9a90a2@group-01CD8B84C446, cid=185, FAILED org.apache.ratis.protocol.NotLeaderException: Server a1d0d6a6-7e3c-45f4-91cb-df460e9a90a2 is not the leader (f7849cca-8227-4286-beaa-44e6969b61f8:192.168.34.50:44923). Request must be sent to leader., logIndex=0, commits[a1d0d6a6-7e3c-45f4-91cb-df460e9a90a2:c16, f7849cca-8227-4286-beaa-44e6969b61f8:c16, 76d0d5d6-c2d6-4b53-8535-d18625577ddc:c16]
2019-08-24 22:45:39,607 | INFO  | SCMAudit | user=jenkins1000 | ip=192.168.34.50 | op=SEND_HEARTBEAT {datanodeUUID=fef8ab6f-fb3f-4c85-8a3f-3f5378cc0e9d, command=[]} | ret=SUCCESS |  
2019-08-24 22:45:39,747 | INFO  | SCMAudit | user=jenkins1000 | ip=192.168.34.50 | op=SEND_HEARTBEAT {datanodeUUID=eef0b787-ef14-4aa5-bb81-b65459257627, command=[]} | ret=SUCCESS |  
2019-08-24 22:45:39,903 | INFO  | SCMAudit | user=jenkins1000 | ip=192.168.34.50 | op=SEND_HEARTBEAT {datanodeUUID=64266e81-f89e-4b53-ab01-a599594e3ea3, command=[]} | ret=SUCCESS |  
2019-08-24 22:45:40,023 [Thread-3599] INFO  impl.FollowerState (FollowerState.java:run(106)) - a1d0d6a6-7e3c-45f4-91cb-df460e9a90a2:group-01CD8B84C446 changes to CANDIDATE, lastRpcTime:9707, electionTimeout:5142ms
2019-08-24 22:45:40,023 [Thread-3599] INFO  impl.RoleInfo (RoleInfo.java:shutdownFollowerState(121)) - a1d0d6a6-7e3c-45f4-91cb-df460e9a90a2: shutdown FollowerState
2019-08-24 22:45:40,023 [Thread-3599] INFO  impl.RaftServerImpl (RaftServerImpl.java:setRole(171)) - a1d0d6a6-7e3c-45f4-91cb-df460e9a90a2:group-01CD8B84C446 changes role from FOLLOWER to CANDIDATE at term 1 for changeToCandidate
2019-08-24 22:45:40,024 [Thread-3599] INFO  impl.RoleInfo (RoleInfo.java:updateAndGet(143)) - a1d0d6a6-7e3c-45f4-91cb-df460e9a90a2: start LeaderElection
2019-08-24 22:45:40,027 [a1d0d6a6-7e3c-45f4-91cb-df460e9a90a2:group-01CD8B84C446:LeaderElection70] INFO  impl.RaftServerImpl (ServerState.java:setLeader(263)) - a1d0d6a6-7e3c-45f4-91cb-df460e9a90a2:group-01CD8B84C446 change Leader from f7849cca-8227-4286-beaa-44e6969b61f8 to null at term 1 for initElection
2019-08-24 22:45:40,041 [a1d0d6a6-7e3c-45f4-91cb-df460e9a90a2:group-01CD8B84C446:LeaderElection70] INFO  impl.LeaderElection (LeaderElection.java:askForVotes(181)) - a1d0d6a6-7e3c-45f4-91cb-df460e9a90a2:group-01CD8B84C446:LeaderElection70: begin an election at term 2 for 0: [f7849cca-8227-4286-beaa-44e6969b61f8:192.168.34.50:44923, 76d0d5d6-c2d6-4b53-8535-d18625577ddc:192.168.34.50:38406, a1d0d6a6-7e3c-45f4-91cb-df460e9a90a2:192.168.34.50:40053], old=null
2019-08-24 22:45:40,044 [a1d0d6a6-7e3c-45f4-91cb-df460e9a90a2:group-01CD8B84C446:LeaderElection70] INFO  impl.LeaderElection (LogUtils.java:infoOrTrace(149)) - a1d0d6a6-7e3c-45f4-91cb-df460e9a90a2:group-01CD8B84C446:LeaderElection70 got exception when requesting votes: {}
java.util.concurrent.ExecutionException: org.apache.ratis.thirdparty.io.grpc.StatusRuntimeException: UNAVAILABLE: io exception
	at java.util.concurrent.FutureTask.report(FutureTask.java:122)
	at java.util.concurrent.FutureTask.get(FutureTask.java:192)
	at org.apache.ratis.server.impl.LeaderElection.waitForResults(LeaderElection.java:262)
	at org.apache.ratis.server.impl.LeaderElection.askForVotes(LeaderElection.java:200)
	at org.apache.ratis.server.impl.LeaderElection.run(LeaderElection.java:130)
	at java.lang.Thread.run(Thread.java:748)
Caused by: org.apache.ratis.thirdparty.io.grpc.StatusRuntimeException: UNAVAILABLE: io exception
	at org.apache.ratis.thirdparty.io.grpc.stub.ClientCalls.toStatusRuntimeException(ClientCalls.java:233)
	at org.apache.ratis.thirdparty.io.grpc.stub.ClientCalls.getUnchecked(ClientCalls.java:214)
	at org.apache.ratis.thirdparty.io.grpc.stub.ClientCalls.blockingUnaryCall(ClientCalls.java:139)
	at org.apache.ratis.proto.grpc.RaftServerProtocolServiceGrpc$RaftServerProtocolServiceBlockingStub.requestVote(RaftServerProtocolServiceGrpc.java:265)
	at org.apache.ratis.grpc.server.GrpcServerProtocolClient.requestVote(GrpcServerProtocolClient.java:83)
	at org.apache.ratis.grpc.server.GrpcService.requestVote(GrpcService.java:195)
	at org.apache.ratis.server.impl.LeaderElection.lambda$submitRequests$1(LeaderElection.java:237)
	at java.util.concurrent.FutureTask.run(FutureTask.java:266)
	at java.util.concurrent.Executors$RunnableAdapter.call(Executors.java:511)
	at java.util.concurrent.FutureTask.run(FutureTask.java:266)
	at java.util.concurrent.ThreadPoolExecutor.runWorker(ThreadPoolExecutor.java:1149)
	at java.util.concurrent.ThreadPoolExecutor$Worker.run(ThreadPoolExecutor.java:624)
	... 1 more
Caused by: org.apache.ratis.thirdparty.io.netty.channel.AbstractChannel$AnnotatedConnectException: Connection refused: /192.168.34.50:44923
	at sun.nio.ch.SocketChannelImpl.checkConnect(Native Method)
	at sun.nio.ch.SocketChannelImpl.finishConnect(SocketChannelImpl.java:717)
	at org.apache.ratis.thirdparty.io.netty.channel.socket.nio.NioSocketChannel.doFinishConnect(NioSocketChannel.java:327)
	at org.apache.ratis.thirdparty.io.netty.channel.nio.AbstractNioChannel$AbstractNioUnsafe.finishConnect(AbstractNioChannel.java:340)
	at org.apache.ratis.thirdparty.io.netty.channel.nio.NioEventLoop.processSelectedKey(NioEventLoop.java:632)
	at org.apache.ratis.thirdparty.io.netty.channel.nio.NioEventLoop.processSelectedKeysOptimized(NioEventLoop.java:579)
	at org.apache.ratis.thirdparty.io.netty.channel.nio.NioEventLoop.processSelectedKeys(NioEventLoop.java:496)
	at org.apache.ratis.thirdparty.io.netty.channel.nio.NioEventLoop.run(NioEventLoop.java:458)
	at org.apache.ratis.thirdparty.io.netty.util.concurrent.SingleThreadEventExecutor$5.run(SingleThreadEventExecutor.java:897)
	at org.apache.ratis.thirdparty.io.netty.util.concurrent.FastThreadLocalRunnable.run(FastThreadLocalRunnable.java:30)
	... 1 more
Caused by: java.net.ConnectException: Connection refused
	... 11 more
2019-08-24 22:45:40,051 [grpc-default-executor-6] INFO  impl.RaftServerImpl (ServerState.java:setLeader(263)) - 76d0d5d6-c2d6-4b53-8535-d18625577ddc:group-01CD8B84C446 change Leader from f7849cca-8227-4286-beaa-44e6969b61f8 to null at term 2 for updateCurrentTerm
2019-08-24 22:45:40,051 [grpc-default-executor-6] INFO  impl.RaftServerImpl (RaftServerImpl.java:setRole(171)) - 76d0d5d6-c2d6-4b53-8535-d18625577ddc:group-01CD8B84C446 changes role from FOLLOWER to FOLLOWER at term 2 for recognizeCandidate:a1d0d6a6-7e3c-45f4-91cb-df460e9a90a2
2019-08-24 22:45:40,051 [grpc-default-executor-6] INFO  impl.RoleInfo (RoleInfo.java:shutdownFollowerState(121)) - 76d0d5d6-c2d6-4b53-8535-d18625577ddc: shutdown FollowerState
2019-08-24 22:45:40,051 [grpc-default-executor-6] INFO  impl.RoleInfo (RoleInfo.java:updateAndGet(143)) - 76d0d5d6-c2d6-4b53-8535-d18625577ddc: start FollowerState
2019-08-24 22:45:40,052 [Thread-3600] INFO  impl.FollowerState (FollowerState.java:run(114)) - 76d0d5d6-c2d6-4b53-8535-d18625577ddc: FollowerState was interrupted: java.lang.InterruptedException: sleep interrupted
2019-08-24 22:45:40,088 [a1d0d6a6-7e3c-45f4-91cb-df460e9a90a2:group-01CD8B84C446:LeaderElection70] INFO  impl.LeaderElection (LeaderElection.java:logAndReturn(56)) - a1d0d6a6-7e3c-45f4-91cb-df460e9a90a2:group-01CD8B84C446:LeaderElection70: Election PASSED; received 1 response(s) [a1d0d6a6-7e3c-45f4-91cb-df460e9a90a2<-76d0d5d6-c2d6-4b53-8535-d18625577ddc#0:OK-t2] and 1 exception(s); a1d0d6a6-7e3c-45f4-91cb-df460e9a90a2:t2, leader=null, voted=a1d0d6a6-7e3c-45f4-91cb-df460e9a90a2, raftlog=a1d0d6a6-7e3c-45f4-91cb-df460e9a90a2-SegmentedRaftLog:OPENED:c16,f16,i16, conf=0: [f7849cca-8227-4286-beaa-44e6969b61f8:192.168.34.50:44923, 76d0d5d6-c2d6-4b53-8535-d18625577ddc:192.168.34.50:38406, a1d0d6a6-7e3c-45f4-91cb-df460e9a90a2:192.168.34.50:40053], old=null
2019-08-24 22:45:40,088 [a1d0d6a6-7e3c-45f4-91cb-df460e9a90a2:group-01CD8B84C446:LeaderElection70] INFO  impl.LeaderElection (LogUtils.java:infoOrTrace(149)) -   Exception 0: {}
java.util.concurrent.ExecutionException: org.apache.ratis.thirdparty.io.grpc.StatusRuntimeException: UNAVAILABLE: io exception
	at java.util.concurrent.FutureTask.report(FutureTask.java:122)
	at java.util.concurrent.FutureTask.get(FutureTask.java:192)
	at org.apache.ratis.server.impl.LeaderElection.waitForResults(LeaderElection.java:262)
	at org.apache.ratis.server.impl.LeaderElection.askForVotes(LeaderElection.java:200)
	at org.apache.ratis.server.impl.LeaderElection.run(LeaderElection.java:130)
	at java.lang.Thread.run(Thread.java:748)
Caused by: org.apache.ratis.thirdparty.io.grpc.StatusRuntimeException: UNAVAILABLE: io exception
	at org.apache.ratis.thirdparty.io.grpc.stub.ClientCalls.toStatusRuntimeException(ClientCalls.java:233)
	at org.apache.ratis.thirdparty.io.grpc.stub.ClientCalls.getUnchecked(ClientCalls.java:214)
	at org.apache.ratis.thirdparty.io.grpc.stub.ClientCalls.blockingUnaryCall(ClientCalls.java:139)
	at org.apache.ratis.proto.grpc.RaftServerProtocolServiceGrpc$RaftServerProtocolServiceBlockingStub.requestVote(RaftServerProtocolServiceGrpc.java:265)
	at org.apache.ratis.grpc.server.GrpcServerProtocolClient.requestVote(GrpcServerProtocolClient.java:83)
	at org.apache.ratis.grpc.server.GrpcService.requestVote(GrpcService.java:195)
	at org.apache.ratis.server.impl.LeaderElection.lambda$submitRequests$1(LeaderElection.java:237)
	at java.util.concurrent.FutureTask.run(FutureTask.java:266)
	at java.util.concurrent.Executors$RunnableAdapter.call(Executors.java:511)
	at java.util.concurrent.FutureTask.run(FutureTask.java:266)
	at java.util.concurrent.ThreadPoolExecutor.runWorker(ThreadPoolExecutor.java:1149)
	at java.util.concurrent.ThreadPoolExecutor$Worker.run(ThreadPoolExecutor.java:624)
	... 1 more
Caused by: org.apache.ratis.thirdparty.io.netty.channel.AbstractChannel$AnnotatedConnectException: Connection refused: /192.168.34.50:44923
	at sun.nio.ch.SocketChannelImpl.checkConnect(Native Method)
	at sun.nio.ch.SocketChannelImpl.finishConnect(SocketChannelImpl.java:717)
	at org.apache.ratis.thirdparty.io.netty.channel.socket.nio.NioSocketChannel.doFinishConnect(NioSocketChannel.java:327)
	at org.apache.ratis.thirdparty.io.netty.channel.nio.AbstractNioChannel$AbstractNioUnsafe.finishConnect(AbstractNioChannel.java:340)
	at org.apache.ratis.thirdparty.io.netty.channel.nio.NioEventLoop.processSelectedKey(NioEventLoop.java:632)
	at org.apache.ratis.thirdparty.io.netty.channel.nio.NioEventLoop.processSelectedKeysOptimized(NioEventLoop.java:579)
	at org.apache.ratis.thirdparty.io.netty.channel.nio.NioEventLoop.processSelectedKeys(NioEventLoop.java:496)
	at org.apache.ratis.thirdparty.io.netty.channel.nio.NioEventLoop.run(NioEventLoop.java:458)
	at org.apache.ratis.thirdparty.io.netty.util.concurrent.SingleThreadEventExecutor$5.run(SingleThreadEventExecutor.java:897)
	at org.apache.ratis.thirdparty.io.netty.util.concurrent.FastThreadLocalRunnable.run(FastThreadLocalRunnable.java:30)
	... 1 more
Caused by: java.net.ConnectException: Connection refused
	... 11 more
2019-08-24 22:45:40,088 [a1d0d6a6-7e3c-45f4-91cb-df460e9a90a2:group-01CD8B84C446:LeaderElection70] INFO  impl.RoleInfo (RoleInfo.java:shutdownLeaderElection(134)) - a1d0d6a6-7e3c-45f4-91cb-df460e9a90a2: shutdown LeaderElection
2019-08-24 22:45:40,088 [a1d0d6a6-7e3c-45f4-91cb-df460e9a90a2:group-01CD8B84C446:LeaderElection70] INFO  impl.RaftServerImpl (RaftServerImpl.java:setRole(171)) - a1d0d6a6-7e3c-45f4-91cb-df460e9a90a2:group-01CD8B84C446 changes role from CANDIDATE to LEADER at term 2 for changeToLeader
2019-08-24 22:45:40,089 [a1d0d6a6-7e3c-45f4-91cb-df460e9a90a2:group-01CD8B84C446:LeaderElection70] INFO  impl.RaftServerImpl (ServerState.java:setLeader(263)) - a1d0d6a6-7e3c-45f4-91cb-df460e9a90a2:group-01CD8B84C446 change Leader from null to a1d0d6a6-7e3c-45f4-91cb-df460e9a90a2 at term 2 for becomeLeader, leader elected after 61ms
2019-08-24 22:45:40,089 [a1d0d6a6-7e3c-45f4-91cb-df460e9a90a2:group-01CD8B84C446:LeaderElection70] INFO  server.RaftServerConfigKeys (ConfUtils.java:logGet(43)) - raft.server.staging.catchup.gap = 1000 (default)
2019-08-24 22:45:40,089 [a1d0d6a6-7e3c-45f4-91cb-df460e9a90a2:group-01CD8B84C446:LeaderElection70] INFO  server.RaftServerConfigKeys (ConfUtils.java:logGet(43)) - raft.server.rpc.sleep.time = 25ms (default)
2019-08-24 22:45:40,089 [a1d0d6a6-7e3c-45f4-91cb-df460e9a90a2:group-01CD8B84C446:LeaderElection70] INFO  server.RaftServerConfigKeys (ConfUtils.java:logGet(43)) - raft.server.write.element-limit = 4096 (default)
2019-08-24 22:45:40,089 [a1d0d6a6-7e3c-45f4-91cb-df460e9a90a2:group-01CD8B84C446:LeaderElection70] INFO  server.RaftServerConfigKeys (ConfUtils.java:logGet(43)) - raft.server.watch.timeout = 10s (default)
2019-08-24 22:45:40,089 [a1d0d6a6-7e3c-45f4-91cb-df460e9a90a2:group-01CD8B84C446:LeaderElection70] INFO  server.RaftServerConfigKeys (ConfUtils.java:logGet(43)) - raft.server.watch.timeout.denomination = 1s (default)
2019-08-24 22:45:40,090 [a1d0d6a6-7e3c-45f4-91cb-df460e9a90a2:group-01CD8B84C446:LeaderElection70] INFO  server.RaftServerConfigKeys (ConfUtils.java:logGet(43)) - raft.server.watch.element-limit = 65536 (default)
2019-08-24 22:45:40,090 [a1d0d6a6-7e3c-45f4-91cb-df460e9a90a2:group-01CD8B84C446:LeaderElection70] INFO  server.RaftServerConfigKeys (ConfUtils.java:logGet(43)) - raft.server.log.appender.snapshot.chunk.size.max = 16MB (=16777216) (default)
2019-08-24 22:45:40,090 [a1d0d6a6-7e3c-45f4-91cb-df460e9a90a2:group-01CD8B84C446:LeaderElection70] INFO  server.RaftServerConfigKeys (ConfUtils.java:logGet(43)) - raft.server.log.appender.buffer.byte-limit = 33554432 (custom)
2019-08-24 22:45:40,090 [a1d0d6a6-7e3c-45f4-91cb-df460e9a90a2:group-01CD8B84C446:LeaderElection70] INFO  server.RaftServerConfigKeys (ConfUtils.java:logGet(43)) - raft.server.log.appender.buffer.element-limit = 1 (custom)
2019-08-24 22:45:40,091 [a1d0d6a6-7e3c-45f4-91cb-df460e9a90a2:group-01CD8B84C446:LeaderElection70] INFO  grpc.GrpcConfigKeys$Server (ConfUtils.java:logGet(43)) - raft.grpc.server.leader.outstanding.appends.max = 128 (default)
2019-08-24 22:45:40,091 [a1d0d6a6-7e3c-45f4-91cb-df460e9a90a2:group-01CD8B84C446:LeaderElection70] INFO  server.RaftServerConfigKeys (ConfUtils.java:logGet(43)) - raft.server.rpc.request.timeout = 3000ms (default)
2019-08-24 22:45:40,091 [a1d0d6a6-7e3c-45f4-91cb-df460e9a90a2:group-01CD8B84C446:LeaderElection70] INFO  server.RaftServerConfigKeys (ConfUtils.java:logGet(43)) - raft.server.log.appender.install.snapshot.enabled = false (custom)
2019-08-24 22:45:40,091 [a1d0d6a6-7e3c-45f4-91cb-df460e9a90a2:group-01CD8B84C446:LeaderElection70] INFO  server.RaftServerConfigKeys (ConfUtils.java:logGet(43)) - raft.server.log.appender.snapshot.chunk.size.max = 16MB (=16777216) (default)
2019-08-24 22:45:40,091 [a1d0d6a6-7e3c-45f4-91cb-df460e9a90a2:group-01CD8B84C446:LeaderElection70] INFO  server.RaftServerConfigKeys (ConfUtils.java:logGet(43)) - raft.server.log.appender.buffer.byte-limit = 33554432 (custom)
2019-08-24 22:45:40,092 [a1d0d6a6-7e3c-45f4-91cb-df460e9a90a2:group-01CD8B84C446:LeaderElection70] INFO  server.RaftServerConfigKeys (ConfUtils.java:logGet(43)) - raft.server.log.appender.buffer.element-limit = 1 (custom)
2019-08-24 22:45:40,092 [a1d0d6a6-7e3c-45f4-91cb-df460e9a90a2:group-01CD8B84C446:LeaderElection70] INFO  grpc.GrpcConfigKeys$Server (ConfUtils.java:logGet(43)) - raft.grpc.server.leader.outstanding.appends.max = 128 (default)
2019-08-24 22:45:40,092 [a1d0d6a6-7e3c-45f4-91cb-df460e9a90a2:group-01CD8B84C446:LeaderElection70] INFO  server.RaftServerConfigKeys (ConfUtils.java:logGet(43)) - raft.server.rpc.request.timeout = 3000ms (default)
2019-08-24 22:45:40,092 [a1d0d6a6-7e3c-45f4-91cb-df460e9a90a2:group-01CD8B84C446:LeaderElection70] INFO  server.RaftServerConfigKeys (ConfUtils.java:logGet(43)) - raft.server.log.appender.install.snapshot.enabled = false (custom)
2019-08-24 22:45:40,093 [a1d0d6a6-7e3c-45f4-91cb-df460e9a90a2:group-01CD8B84C446:LeaderElection70] INFO  impl.RoleInfo (RoleInfo.java:updateAndGet(143)) - a1d0d6a6-7e3c-45f4-91cb-df460e9a90a2: start LeaderState
2019-08-24 22:45:40,093 [a1d0d6a6-7e3c-45f4-91cb-df460e9a90a2:group-01CD8B84C446:LeaderElection70] INFO  segmented.SegmentedRaftLogWorker (SegmentedRaftLogWorker.java:rollLogSegment(385)) - a1d0d6a6-7e3c-45f4-91cb-df460e9a90a2-SegmentedRaftLogWorker:Storage Directory /workdir/hadoop-ozone/integration-test/target/test-dir/MiniOzoneClusterImpl-614c102a-29d9-417a-b8c5-0217b2e5181d/datanode-5/data/ratis/4ffee836-57b8-43a4-a116-01cd8b84c446: Rolling segment log-0_16 to index:16
2019-08-24 22:45:40,094 [a1d0d6a6-7e3c-45f4-91cb-df460e9a90a2-SegmentedRaftLogWorker:Storage Directory /workdir/hadoop-ozone/integration-test/target/test-dir/MiniOzoneClusterImpl-614c102a-29d9-417a-b8c5-0217b2e5181d/datanode-5/data/ratis/4ffee836-57b8-43a4-a116-01cd8b84c446] INFO  segmented.SegmentedRaftLogWorker (SegmentedRaftLogWorker.java:execute(526)) - a1d0d6a6-7e3c-45f4-91cb-df460e9a90a2-SegmentedRaftLogWorker:Storage Directory /workdir/hadoop-ozone/integration-test/target/test-dir/MiniOzoneClusterImpl-614c102a-29d9-417a-b8c5-0217b2e5181d/datanode-5/data/ratis/4ffee836-57b8-43a4-a116-01cd8b84c446: Rolled log segment from /workdir/hadoop-ozone/integration-test/target/test-dir/MiniOzoneClusterImpl-614c102a-29d9-417a-b8c5-0217b2e5181d/datanode-5/data/ratis/4ffee836-57b8-43a4-a116-01cd8b84c446/current/log_inprogress_0 to /workdir/hadoop-ozone/integration-test/target/test-dir/MiniOzoneClusterImpl-614c102a-29d9-417a-b8c5-0217b2e5181d/datanode-5/data/ratis/4ffee836-57b8-43a4-a116-01cd8b84c446/current/log_0-16
2019-08-24 22:45:40,094 [a1d0d6a6-7e3c-45f4-91cb-df460e9a90a2:group-01CD8B84C446:LeaderElection70] INFO  impl.RaftServerImpl (ServerState.java:setRaftConf(361)) - a1d0d6a6-7e3c-45f4-91cb-df460e9a90a2:group-01CD8B84C446 set configuration 17: [f7849cca-8227-4286-beaa-44e6969b61f8:192.168.34.50:44923, 76d0d5d6-c2d6-4b53-8535-d18625577ddc:192.168.34.50:38406, a1d0d6a6-7e3c-45f4-91cb-df460e9a90a2:192.168.34.50:40053], old=null at 17
2019-08-24 22:45:40,094 [grpc-default-executor-6] WARN  server.GrpcLogAppender (LogUtils.java:warn(134)) - a1d0d6a6-7e3c-45f4-91cb-df460e9a90a2->f7849cca-8227-4286-beaa-44e6969b61f8: Failed appendEntries: org.apache.ratis.thirdparty.io.grpc.StatusRuntimeException: UNAVAILABLE: io exception
2019-08-24 22:45:40,095 [grpc-default-executor-6] INFO  impl.FollowerInfo (FollowerInfo.java:lambda$new$0(50)) - a1d0d6a6-7e3c-45f4-91cb-df460e9a90a2->f7849cca-8227-4286-beaa-44e6969b61f8: nextIndex: updateUnconditionally 17 -> 1
2019-08-24 22:45:40,095 [grpc-default-executor-6] INFO  impl.RaftServerImpl (ServerState.java:setLeader(263)) - 76d0d5d6-c2d6-4b53-8535-d18625577ddc:group-01CD8B84C446 change Leader from null to a1d0d6a6-7e3c-45f4-91cb-df460e9a90a2 at term 2 for appendEntries, leader elected after 44ms
2019-08-24 22:45:40,098 [grpc-default-executor-6] INFO  impl.RaftServerImpl (ServerState.java:setRaftConf(361)) - 76d0d5d6-c2d6-4b53-8535-d18625577ddc:group-01CD8B84C446 set configuration 17: [f7849cca-8227-4286-beaa-44e6969b61f8:192.168.34.50:44923, 76d0d5d6-c2d6-4b53-8535-d18625577ddc:192.168.34.50:38406, a1d0d6a6-7e3c-45f4-91cb-df460e9a90a2:192.168.34.50:40053], old=null at 17
2019-08-24 22:45:40,099 [grpc-default-executor-6] INFO  segmented.SegmentedRaftLogWorker (SegmentedRaftLogWorker.java:rollLogSegment(385)) - 76d0d5d6-c2d6-4b53-8535-d18625577ddc-SegmentedRaftLogWorker:Storage Directory /workdir/hadoop-ozone/integration-test/target/test-dir/MiniOzoneClusterImpl-614c102a-29d9-417a-b8c5-0217b2e5181d/datanode-3/data/ratis/4ffee836-57b8-43a4-a116-01cd8b84c446: Rolling segment log-0_16 to index:16
2019-08-24 22:45:40,099 [76d0d5d6-c2d6-4b53-8535-d18625577ddc-SegmentedRaftLogWorker:Storage Directory /workdir/hadoop-ozone/integration-test/target/test-dir/MiniOzoneClusterImpl-614c102a-29d9-417a-b8c5-0217b2e5181d/datanode-3/data/ratis/4ffee836-57b8-43a4-a116-01cd8b84c446] INFO  segmented.SegmentedRaftLogWorker (SegmentedRaftLogWorker.java:execute(526)) - 76d0d5d6-c2d6-4b53-8535-d18625577ddc-SegmentedRaftLogWorker:Storage Directory /workdir/hadoop-ozone/integration-test/target/test-dir/MiniOzoneClusterImpl-614c102a-29d9-417a-b8c5-0217b2e5181d/datanode-3/data/ratis/4ffee836-57b8-43a4-a116-01cd8b84c446: Rolled log segment from /workdir/hadoop-ozone/integration-test/target/test-dir/MiniOzoneClusterImpl-614c102a-29d9-417a-b8c5-0217b2e5181d/datanode-3/data/ratis/4ffee836-57b8-43a4-a116-01cd8b84c446/current/log_inprogress_0 to /workdir/hadoop-ozone/integration-test/target/test-dir/MiniOzoneClusterImpl-614c102a-29d9-417a-b8c5-0217b2e5181d/datanode-3/data/ratis/4ffee836-57b8-43a4-a116-01cd8b84c446/current/log_0-16
2019-08-24 22:45:40,107 | INFO  | SCMAudit | user=jenkins1000 | ip=192.168.34.50 | op=SEND_HEARTBEAT {datanodeUUID=a1d0d6a6-7e3c-45f4-91cb-df460e9a90a2, command=[]} | ret=SUCCESS |  
2019-08-24 22:45:40,107 | INFO  | SCMAudit | user=jenkins1000 | ip=192.168.34.50 | op=SEND_HEARTBEAT {datanodeUUID=76d0d5d6-c2d6-4b53-8535-d18625577ddc, command=[]} | ret=SUCCESS |  
2019-08-24 22:45:40,149 [a1d0d6a6-7e3c-45f4-91cb-df460e9a90a2-SegmentedRaftLogWorker:Storage Directory /workdir/hadoop-ozone/integration-test/target/test-dir/MiniOzoneClusterImpl-614c102a-29d9-417a-b8c5-0217b2e5181d/datanode-5/data/ratis/4ffee836-57b8-43a4-a116-01cd8b84c446] INFO  segmented.SegmentedRaftLogWorker (SegmentedRaftLogWorker.java:execute(569)) - a1d0d6a6-7e3c-45f4-91cb-df460e9a90a2-SegmentedRaftLogWorker:Storage Directory /workdir/hadoop-ozone/integration-test/target/test-dir/MiniOzoneClusterImpl-614c102a-29d9-417a-b8c5-0217b2e5181d/datanode-5/data/ratis/4ffee836-57b8-43a4-a116-01cd8b84c446: created new log segment /workdir/hadoop-ozone/integration-test/target/test-dir/MiniOzoneClusterImpl-614c102a-29d9-417a-b8c5-0217b2e5181d/datanode-5/data/ratis/4ffee836-57b8-43a4-a116-01cd8b84c446/current/log_inprogress_17
2019-08-24 22:45:40,149 [76d0d5d6-c2d6-4b53-8535-d18625577ddc-SegmentedRaftLogWorker:Storage Directory /workdir/hadoop-ozone/integration-test/target/test-dir/MiniOzoneClusterImpl-614c102a-29d9-417a-b8c5-0217b2e5181d/datanode-3/data/ratis/4ffee836-57b8-43a4-a116-01cd8b84c446] INFO  segmented.SegmentedRaftLogWorker (SegmentedRaftLogWorker.java:execute(569)) - 76d0d5d6-c2d6-4b53-8535-d18625577ddc-SegmentedRaftLogWorker:Storage Directory /workdir/hadoop-ozone/integration-test/target/test-dir/MiniOzoneClusterImpl-614c102a-29d9-417a-b8c5-0217b2e5181d/datanode-3/data/ratis/4ffee836-57b8-43a4-a116-01cd8b84c446: created new log segment /workdir/hadoop-ozone/integration-test/target/test-dir/MiniOzoneClusterImpl-614c102a-29d9-417a-b8c5-0217b2e5181d/datanode-3/data/ratis/4ffee836-57b8-43a4-a116-01cd8b84c446/current/log_inprogress_17
2019-08-24 22:45:40,174 | INFO  | DNAudit | user=null | ip=null | op=READ_CHUNK {blockData=conID: 1 locID: 102674380872220686 bcsId: 0} | ret=SUCCESS |  
2019-08-24 22:45:40,177 [grpc-default-executor-4] WARN  server.GrpcLogAppender (LogUtils.java:warn(134)) - a1d0d6a6-7e3c-45f4-91cb-df460e9a90a2->f7849cca-8227-4286-beaa-44e6969b61f8: Failed appendEntries: org.apache.ratis.thirdparty.io.grpc.StatusRuntimeException: UNAVAILABLE: io exception
2019-08-24 22:45:40,177 [grpc-default-executor-4] INFO  impl.FollowerInfo (FollowerInfo.java:lambda$new$0(50)) - a1d0d6a6-7e3c-45f4-91cb-df460e9a90a2->f7849cca-8227-4286-beaa-44e6969b61f8: nextIndex: updateUnconditionally 2 -> 1
2019-08-24 22:45:40,217 [grpc-default-executor-4] WARN  server.GrpcLogAppender (LogUtils.java:warn(134)) - a1d0d6a6-7e3c-45f4-91cb-df460e9a90a2->f7849cca-8227-4286-beaa-44e6969b61f8: Failed appendEntries: org.apache.ratis.thirdparty.io.grpc.StatusRuntimeException: UNAVAILABLE: io exception
2019-08-24 22:45:40,218 [grpc-default-executor-4] INFO  impl.FollowerInfo (FollowerInfo.java:lambda$new$0(50)) - a1d0d6a6-7e3c-45f4-91cb-df460e9a90a2->f7849cca-8227-4286-beaa-44e6969b61f8: nextIndex: updateUnconditionally 2 -> 1
2019-08-24 22:45:40,261 | INFO  | SCMAudit | user=jenkins1000 | ip=192.168.34.50 | op=SEND_HEARTBEAT {datanodeUUID=cba94083-6c60-4013-a5f5-8dfc358213cd, command=[]} | ret=SUCCESS |  
2019-08-24 22:45:40,550 | ERROR | DNAudit | user=null | ip=null | op=WRITE_CHUNK {blockData=conID: 1 locID: 102674380872220686 bcsId: 14} | ret=FAILURE | org.apache.hadoop.hdds.scm.container.common.helpers.ContainerNotOpenException: Container 1 in CLOSING state
	at org.apache.hadoop.ozone.container.common.impl.HddsDispatcher.validateContainerCommand(HddsDispatcher.java:408)
	at org.apache.hadoop.ozone.container.common.transport.server.ratis.ContainerStateMachine.startTransaction(ContainerStateMachine.java:309) 
2019-08-24 22:45:40,564 [grpc-default-executor-4] INFO  client.GrpcClientProtocolClient (GrpcClientProtocolClient.java:onNext(255)) - client-B9E26FA510DE->a1d0d6a6-7e3c-45f4-91cb-df460e9a90a2: receive RaftClientReply:client-B9E26FA510DE->a1d0d6a6-7e3c-45f4-91cb-df460e9a90a2@group-01CD8B84C446, cid=185, FAILED org.apache.ratis.protocol.StateMachineException: org.apache.hadoop.hdds.scm.container.common.helpers.ContainerNotOpenException from Server a1d0d6a6-7e3c-45f4-91cb-df460e9a90a2: Container 1 in CLOSING state, logIndex=0, commits[a1d0d6a6-7e3c-45f4-91cb-df460e9a90a2:c18, f7849cca-8227-4286-beaa-44e6969b61f8:c16, 76d0d5d6-c2d6-4b53-8535-d18625577ddc:c17]
2019-08-24 22:45:40,565 | ERROR | DNAudit | user=null | ip=null | op=WRITE_CHUNK {blockData=conID: 1 locID: 102674380872220686 bcsId: 14} | ret=FAILURE | org.apache.hadoop.hdds.scm.container.common.helpers.ContainerNotOpenException: Container 1 in CLOSING state
	at org.apache.hadoop.ozone.container.common.impl.HddsDispatcher.validateContainerCommand(HddsDispatcher.java:408)
	at org.apache.hadoop.ozone.container.common.transport.server.ratis.ContainerStateMachine.startTransaction(ContainerStateMachine.java:309) 
2019-08-24 22:45:40,567 | ERROR | DNAudit | user=null | ip=null | op=PUT_BLOCK {blockData=[blockId=conID: 1 locID: 102674380872220686 bcsId: 0,size=650]} | ret=FAILURE | org.apache.hadoop.hdds.scm.container.common.helpers.ContainerNotOpenException: Container 1 in CLOSING state
	at org.apache.hadoop.ozone.container.common.impl.HddsDispatcher.validateContainerCommand(HddsDispatcher.java:408)
	at org.apache.hadoop.ozone.container.common.transport.server.ratis.ContainerStateMachine.startTransaction(ContainerStateMachine.java:309) 
2019-08-24 22:45:40,574 | ERROR | DNAudit | user=null | ip=null | op=WRITE_CHUNK {blockData=conID: 1 locID: 102674380872220686 bcsId: 14} | ret=FAILURE | org.apache.hadoop.hdds.scm.container.common.helpers.ContainerNotOpenException: Container 1 in CLOSING state
	at org.apache.hadoop.ozone.container.common.impl.HddsDispatcher.validateContainerCommand(HddsDispatcher.java:408)
	at org.apache.hadoop.ozone.container.common.transport.server.ratis.ContainerStateMachine.startTransaction(ContainerStateMachine.java:309) 
2019-08-24 22:45:40,578 [grpc-default-executor-4] INFO  client.GrpcClientProtocolClient (GrpcClientProtocolClient.java:onNext(255)) - client-B9E26FA510DE->a1d0d6a6-7e3c-45f4-91cb-df460e9a90a2: receive RaftClientReply:client-B9E26FA510DE->a1d0d6a6-7e3c-45f4-91cb-df460e9a90a2@group-01CD8B84C446, cid=186, FAILED org.apache.ratis.protocol.StateMachineException: org.apache.hadoop.hdds.scm.container.common.helpers.ContainerNotOpenException from Server a1d0d6a6-7e3c-45f4-91cb-df460e9a90a2: Container 1 in CLOSING state, logIndex=0, commits[a1d0d6a6-7e3c-45f4-91cb-df460e9a90a2:c18, f7849cca-8227-4286-beaa-44e6969b61f8:c16, 76d0d5d6-c2d6-4b53-8535-d18625577ddc:c17]
2019-08-24 22:45:40,582 [grpc-default-executor-4] INFO  client.GrpcClientProtocolClient (GrpcClientProtocolClient.java:onNext(255)) - client-B9E26FA510DE->a1d0d6a6-7e3c-45f4-91cb-df460e9a90a2: receive RaftClientReply:client-B9E26FA510DE->a1d0d6a6-7e3c-45f4-91cb-df460e9a90a2@group-01CD8B84C446, cid=187, FAILED org.apache.ratis.protocol.StateMachineException: org.apache.hadoop.hdds.scm.container.common.helpers.ContainerNotOpenException from Server a1d0d6a6-7e3c-45f4-91cb-df460e9a90a2: Container 1 in CLOSING state, logIndex=0, commits[a1d0d6a6-7e3c-45f4-91cb-df460e9a90a2:c18, f7849cca-8227-4286-beaa-44e6969b61f8:c16, 76d0d5d6-c2d6-4b53-8535-d18625577ddc:c17]
2019-08-24 22:45:40,582 | ERROR | DNAudit | user=null | ip=null | op=WRITE_CHUNK {blockData=conID: 1 locID: 102674380872220686 bcsId: 14} | ret=FAILURE | org.apache.hadoop.hdds.scm.container.common.helpers.ContainerNotOpenException: Container 1 in CLOSING state
	at org.apache.hadoop.ozone.container.common.impl.HddsDispatcher.validateContainerCommand(HddsDispatcher.java:408)
	at org.apache.hadoop.ozone.container.common.transport.server.ratis.ContainerStateMachine.startTransaction(ContainerStateMachine.java:309) 
2019-08-24 22:45:40,583 [grpc-default-executor-4] INFO  client.GrpcClientProtocolClient (GrpcClientProtocolClient.java:onNext(255)) - client-B9E26FA510DE->a1d0d6a6-7e3c-45f4-91cb-df460e9a90a2: receive RaftClientReply:client-B9E26FA510DE->a1d0d6a6-7e3c-45f4-91cb-df460e9a90a2@group-01CD8B84C446, cid=188, FAILED org.apache.ratis.protocol.StateMachineException: org.apache.hadoop.hdds.scm.container.common.helpers.ContainerNotOpenException from Server a1d0d6a6-7e3c-45f4-91cb-df460e9a90a2: Container 1 in CLOSING state, logIndex=0, commits[a1d0d6a6-7e3c-45f4-91cb-df460e9a90a2:c18, f7849cca-8227-4286-beaa-44e6969b61f8:c16, 76d0d5d6-c2d6-4b53-8535-d18625577ddc:c17]
2019-08-24 22:45:40,584 | ERROR | DNAudit | user=null | ip=null | op=PUT_BLOCK {blockData=[blockId=conID: 1 locID: 102674380872220686 bcsId: 0,size=800]} | ret=FAILURE | org.apache.hadoop.hdds.scm.container.common.helpers.ContainerNotOpenException: Container 1 in CLOSING state
	at org.apache.hadoop.ozone.container.common.impl.HddsDispatcher.validateContainerCommand(HddsDispatcher.java:408)
	at org.apache.hadoop.ozone.container.common.transport.server.ratis.ContainerStateMachine.startTransaction(ContainerStateMachine.java:309) 
2019-08-24 22:45:40,592 [grpc-default-executor-7] INFO  client.GrpcClientProtocolClient (GrpcClientProtocolClient.java:onNext(255)) - client-B9E26FA510DE->a1d0d6a6-7e3c-45f4-91cb-df460e9a90a2: receive RaftClientReply:client-B9E26FA510DE->a1d0d6a6-7e3c-45f4-91cb-df460e9a90a2@group-01CD8B84C446, cid=189, FAILED org.apache.ratis.protocol.StateMachineException: org.apache.hadoop.hdds.scm.container.common.helpers.ContainerNotOpenException from Server a1d0d6a6-7e3c-45f4-91cb-df460e9a90a2: Container 1 in CLOSING state, logIndex=0, commits[a1d0d6a6-7e3c-45f4-91cb-df460e9a90a2:c18, f7849cca-8227-4286-beaa-44e6969b61f8:c16, 76d0d5d6-c2d6-4b53-8535-d18625577ddc:c17]
2019-08-24 22:45:40,593 [grpc-default-executor-7] INFO  client.GrpcClientProtocolClient (GrpcClientProtocolClient.java:onNext(255)) - client-B9E26FA510DE->a1d0d6a6-7e3c-45f4-91cb-df460e9a90a2: receive RaftClientReply:client-B9E26FA510DE->a1d0d6a6-7e3c-45f4-91cb-df460e9a90a2@group-01CD8B84C446, cid=190, FAILED org.apache.ratis.protocol.StateMachineException: org.apache.hadoop.hdds.scm.container.common.helpers.ContainerNotOpenException from Server a1d0d6a6-7e3c-45f4-91cb-df460e9a90a2: Container 1 in CLOSING state, logIndex=0, commits[a1d0d6a6-7e3c-45f4-91cb-df460e9a90a2:c18, f7849cca-8227-4286-beaa-44e6969b61f8:c16, 76d0d5d6-c2d6-4b53-8535-d18625577ddc:c17]
2019-08-24 22:45:40,611 | INFO  | SCMAudit | user=jenkins1000 | ip=192.168.34.50 | op=SEND_HEARTBEAT {datanodeUUID=fef8ab6f-fb3f-4c85-8a3f-3f5378cc0e9d, command=[]} | ret=SUCCESS |  
2019-08-24 22:45:40,620 | INFO  | SCMAudit | user=jenkins1000 | ip=192.168.34.50 | op=ALLOCATE_BLOCK {owner=73cc1951-ce41-48aa-8264-bdb7dd678ed4, size=800, type=RATIS, factor=THREE} | ret=SUCCESS |  
2019-08-24 22:45:40,622 | INFO  | OMAudit | user=jenkins1000 | ip=127.0.0.1 | op=ALLOCATE_BLOCK {volume=testblockoutputstream, bucket=testblockoutputstream, key=0ebfe67a-0a29-4700-90ae-2bf77f20c939, dataSize=0, replicationType=null, replicationFactor=null, keyLocationInfo=null, clientID=102674380871172109} | ret=SUCCESS |  
2019-08-24 22:45:40,632 [grpc-default-executor-7] INFO  client.GrpcClientProtocolClient (GrpcClientProtocolClient.java:onNext(255)) - client-6D6D340F343A->fef8ab6f-fb3f-4c85-8a3f-3f5378cc0e9d: receive RaftClientReply:client-6D6D340F343A->fef8ab6f-fb3f-4c85-8a3f-3f5378cc0e9d@group-8FA27D7B00F7, cid=191, FAILED org.apache.ratis.protocol.NotLeaderException: Server fef8ab6f-fb3f-4c85-8a3f-3f5378cc0e9d is not the leader (64266e81-f89e-4b53-ab01-a599594e3ea3:192.168.34.50:44853). Request must be sent to leader., logIndex=0, commits[fef8ab6f-fb3f-4c85-8a3f-3f5378cc0e9d:c0, 64266e81-f89e-4b53-ab01-a599594e3ea3:c0, cba94083-6c60-4013-a5f5-8dfc358213cd:c0]
2019-08-24 22:45:40,756 | INFO  | SCMAudit | user=jenkins1000 | ip=192.168.34.50 | op=SEND_HEARTBEAT {datanodeUUID=eef0b787-ef14-4aa5-bb81-b65459257627, command=[]} | ret=SUCCESS |  
2019-08-24 22:45:40,786 | INFO  | DNAudit | user=null | ip=null | op=WRITE_CHUNK {blockData=conID: 2 locID: 102674382233272335 bcsId: 0} | ret=SUCCESS |  
2019-08-24 22:45:40,786 | INFO  | DNAudit | user=null | ip=null | op=WRITE_CHUNK {blockData=conID: 2 locID: 102674382233272335 bcsId: 0} | ret=SUCCESS |  
2019-08-24 22:45:40,786 | INFO  | DNAudit | user=null | ip=null | op=WRITE_CHUNK {blockData=conID: 2 locID: 102674382233272335 bcsId: 0} | ret=SUCCESS |  
2019-08-24 22:45:40,786 | INFO  | SCMAudit | user=jenkins1000 | ip=192.168.34.50 | op=SEND_HEARTBEAT {datanodeUUID=cba94083-6c60-4013-a5f5-8dfc358213cd, command=[]} | ret=SUCCESS |  
2019-08-24 22:45:40,787 | INFO  | SCMAudit | user=jenkins1000 | ip=192.168.34.50 | op=SEND_HEARTBEAT {datanodeUUID=fef8ab6f-fb3f-4c85-8a3f-3f5378cc0e9d, command=[]} | ret=SUCCESS |  
2019-08-24 22:45:40,787 | INFO  | SCMAudit | user=jenkins1000 | ip=192.168.34.50 | op=SEND_HEARTBEAT {datanodeUUID=64266e81-f89e-4b53-ab01-a599594e3ea3, command=[]} | ret=SUCCESS |  
2019-08-24 22:45:40,799 | INFO  | DNAudit | user=null | ip=null | op=WRITE_CHUNK {blockData=conID: 2 locID: 102674382233272335 bcsId: 0} | ret=SUCCESS |  
2019-08-24 22:45:40,805 [grpc-default-executor-4] INFO  client.GrpcClientProtocolClient (GrpcClientProtocolClient.java:onNext(255)) - client-6D6D340F343A->64266e81-f89e-4b53-ab01-a599594e3ea3: receive RaftClientReply:client-6D6D340F343A->64266e81-f89e-4b53-ab01-a599594e3ea3@group-8FA27D7B00F7, cid=191, SUCCESS, logIndex=1, commits[64266e81-f89e-4b53-ab01-a599594e3ea3:c1, fef8ab6f-fb3f-4c85-8a3f-3f5378cc0e9d:c0, cba94083-6c60-4013-a5f5-8dfc358213cd:c0]
2019-08-24 22:45:40,809 | INFO  | DNAudit | user=null | ip=null | op=WRITE_CHUNK {blockData=conID: 2 locID: 102674382233272335 bcsId: 0} | ret=SUCCESS |  
2019-08-24 22:45:40,811 | INFO  | DNAudit | user=null | ip=null | op=WRITE_CHUNK {blockData=conID: 2 locID: 102674382233272335 bcsId: 0} | ret=SUCCESS |  
2019-08-24 22:45:40,811 | INFO  | DNAudit | user=null | ip=null | op=WRITE_CHUNK {blockData=conID: 2 locID: 102674382233272335 bcsId: 0} | ret=SUCCESS |  
2019-08-24 22:45:40,811 | INFO  | DNAudit | user=null | ip=null | op=WRITE_CHUNK {blockData=conID: 2 locID: 102674382233272335 bcsId: 0} | ret=SUCCESS |  
2019-08-24 22:45:40,811 | INFO  | DNAudit | user=null | ip=null | op=WRITE_CHUNK {blockData=conID: 2 locID: 102674382233272335 bcsId: 0} | ret=SUCCESS |  
2019-08-24 22:45:40,811 | INFO  | DNAudit | user=null | ip=null | op=WRITE_CHUNK {blockData=conID: 2 locID: 102674382233272335 bcsId: 0} | ret=SUCCESS |  
2019-08-24 22:45:40,811 | INFO  | DNAudit | user=null | ip=null | op=WRITE_CHUNK {blockData=conID: 2 locID: 102674382233272335 bcsId: 0} | ret=SUCCESS |  
2019-08-24 22:45:40,815 | INFO  | DNAudit | user=null | ip=null | op=WRITE_CHUNK {blockData=conID: 2 locID: 102674382233272335 bcsId: 0} | ret=SUCCESS |  
2019-08-24 22:45:40,815 | INFO  | DNAudit | user=null | ip=null | op=WRITE_CHUNK {blockData=conID: 2 locID: 102674382233272335 bcsId: 0} | ret=SUCCESS |  
2019-08-24 22:45:40,815 | INFO  | DNAudit | user=null | ip=null | op=WRITE_CHUNK {blockData=conID: 2 locID: 102674382233272335 bcsId: 0} | ret=SUCCESS |  
2019-08-24 22:45:40,815 | INFO  | DNAudit | user=null | ip=null | op=WRITE_CHUNK {blockData=conID: 2 locID: 102674382233272335 bcsId: 0} | ret=SUCCESS |  
2019-08-24 22:45:40,825 | INFO  | DNAudit | user=null | ip=null | op=WRITE_CHUNK {blockData=conID: 2 locID: 102674382233272335 bcsId: 0} | ret=SUCCESS |  
2019-08-24 22:45:40,831 [grpc-default-executor-4] INFO  client.GrpcClientProtocolClient (GrpcClientProtocolClient.java:onNext(255)) - client-6D6D340F343A->64266e81-f89e-4b53-ab01-a599594e3ea3: receive RaftClientReply:client-6D6D340F343A->64266e81-f89e-4b53-ab01-a599594e3ea3@group-8FA27D7B00F7, cid=192, SUCCESS, logIndex=3, commits[64266e81-f89e-4b53-ab01-a599594e3ea3:c5, fef8ab6f-fb3f-4c85-8a3f-3f5378cc0e9d:c1, cba94083-6c60-4013-a5f5-8dfc358213cd:c1]
2019-08-24 22:45:40,839 | INFO  | DNAudit | user=null | ip=null | op=WRITE_CHUNK {blockData=conID: 2 locID: 102674382233272335 bcsId: 0} | ret=SUCCESS |  
2019-08-24 22:45:40,839 | INFO  | DNAudit | user=null | ip=null | op=WRITE_CHUNK {blockData=conID: 2 locID: 102674382233272335 bcsId: 0} | ret=SUCCESS |  
2019-08-24 22:45:40,868 | INFO  | DNAudit | user=null | ip=null | op=PUT_BLOCK {blockData=[blockId=conID: 2 locID: 102674382233272335 bcsId: 0,size=200]} | ret=SUCCESS |  
2019-08-24 22:45:40,868 | INFO  | DNAudit | user=null | ip=null | op=WRITE_CHUNK {blockData=conID: 2 locID: 102674382233272335 bcsId: 0} | ret=SUCCESS |  
2019-08-24 22:45:40,869 | INFO  | DNAudit | user=null | ip=null | op=WRITE_CHUNK {blockData=conID: 2 locID: 102674382233272335 bcsId: 0} | ret=SUCCESS |  
2019-08-24 22:45:40,869 [grpc-default-executor-4] INFO  client.GrpcClientProtocolClient (GrpcClientProtocolClient.java:onNext(255)) - client-6D6D340F343A->64266e81-f89e-4b53-ab01-a599594e3ea3: receive RaftClientReply:client-6D6D340F343A->64266e81-f89e-4b53-ab01-a599594e3ea3@group-8FA27D7B00F7, cid=193, SUCCESS, logIndex=4, commits[64266e81-f89e-4b53-ab01-a599594e3ea3:c11, fef8ab6f-fb3f-4c85-8a3f-3f5378cc0e9d:c7, cba94083-6c60-4013-a5f5-8dfc358213cd:c7]
2019-08-24 22:45:40,870 [grpc-default-executor-4] INFO  client.GrpcClientProtocolClient (GrpcClientProtocolClient.java:onNext(255)) - client-6D6D340F343A->64266e81-f89e-4b53-ab01-a599594e3ea3: receive RaftClientReply:client-6D6D340F343A->64266e81-f89e-4b53-ab01-a599594e3ea3@group-8FA27D7B00F7, cid=194, SUCCESS, logIndex=5, commits[64266e81-f89e-4b53-ab01-a599594e3ea3:c11, fef8ab6f-fb3f-4c85-8a3f-3f5378cc0e9d:c7, cba94083-6c60-4013-a5f5-8dfc358213cd:c7]
2019-08-24 22:45:40,871 [grpc-default-executor-4] INFO  client.GrpcClientProtocolClient (GrpcClientProtocolClient.java:onNext(255)) - client-6D6D340F343A->64266e81-f89e-4b53-ab01-a599594e3ea3: receive RaftClientReply:client-6D6D340F343A->64266e81-f89e-4b53-ab01-a599594e3ea3@group-8FA27D7B00F7, cid=195, SUCCESS, logIndex=6, commits[64266e81-f89e-4b53-ab01-a599594e3ea3:c11, fef8ab6f-fb3f-4c85-8a3f-3f5378cc0e9d:c7, cba94083-6c60-4013-a5f5-8dfc358213cd:c7]
2019-08-24 22:45:40,926 | INFO  | DNAudit | user=null | ip=null | op=PUT_BLOCK {blockData=[blockId=conID: 2 locID: 102674382233272335 bcsId: 0,size=200]} | ret=SUCCESS |  
2019-08-24 22:45:40,926 | INFO  | DNAudit | user=null | ip=null | op=WRITE_CHUNK {blockData=conID: 2 locID: 102674382233272335 bcsId: 0} | ret=SUCCESS |  
2019-08-24 22:45:40,927 | INFO  | DNAudit | user=null | ip=null | op=WRITE_CHUNK {blockData=conID: 2 locID: 102674382233272335 bcsId: 0} | ret=SUCCESS |  
2019-08-24 22:45:40,972 | INFO  | DNAudit | user=null | ip=null | op=PUT_BLOCK {blockData=[blockId=conID: 2 locID: 102674382233272335 bcsId: 0,size=200]} | ret=SUCCESS |  
2019-08-24 22:45:40,972 | INFO  | DNAudit | user=null | ip=null | op=PUT_BLOCK {blockData=[blockId=conID: 2 locID: 102674382233272335 bcsId: 0,size=400]} | ret=SUCCESS |  
2019-08-24 22:45:40,972 | INFO  | DNAudit | user=null | ip=null | op=PUT_BLOCK {blockData=[blockId=conID: 2 locID: 102674382233272335 bcsId: 0,size=400]} | ret=SUCCESS |  
2019-08-24 22:45:40,972 | INFO  | DNAudit | user=null | ip=null | op=WRITE_CHUNK {blockData=conID: 2 locID: 102674382233272335 bcsId: 0} | ret=SUCCESS |  
2019-08-24 22:45:40,973 | INFO  | DNAudit | user=null | ip=null | op=WRITE_CHUNK {blockData=conID: 2 locID: 102674382233272335 bcsId: 0} | ret=SUCCESS |  
2019-08-24 22:45:40,974 | INFO  | DNAudit | user=null | ip=null | op=PUT_BLOCK {blockData=[blockId=conID: 2 locID: 102674382233272335 bcsId: 0,size=400]} | ret=SUCCESS |  
2019-08-24 22:45:40,974 [grpc-default-executor-4] INFO  client.GrpcClientProtocolClient (GrpcClientProtocolClient.java:onNext(255)) - client-6D6D340F343A->64266e81-f89e-4b53-ab01-a599594e3ea3: receive RaftClientReply:client-6D6D340F343A->64266e81-f89e-4b53-ab01-a599594e3ea3@group-8FA27D7B00F7, cid=196, SUCCESS, logIndex=7, commits[64266e81-f89e-4b53-ab01-a599594e3ea3:c11, fef8ab6f-fb3f-4c85-8a3f-3f5378cc0e9d:c7, cba94083-6c60-4013-a5f5-8dfc358213cd:c7]
2019-08-24 22:45:40,977 | INFO  | DNAudit | user=null | ip=null | op=WRITE_CHUNK {blockData=conID: 2 locID: 102674382233272335 bcsId: 7} | ret=SUCCESS |  
2019-08-24 22:45:40,979 | INFO  | DNAudit | user=null | ip=null | op=WRITE_CHUNK {blockData=conID: 2 locID: 102674382233272335 bcsId: 7} | ret=SUCCESS |  
2019-08-24 22:45:40,979 | INFO  | DNAudit | user=null | ip=null | op=WRITE_CHUNK {blockData=conID: 2 locID: 102674382233272335 bcsId: 7} | ret=SUCCESS |  
2019-08-24 22:45:40,991 | INFO  | DNAudit | user=null | ip=null | op=WRITE_CHUNK {blockData=conID: 2 locID: 102674382233272335 bcsId: 7} | ret=SUCCESS |  
2019-08-24 22:45:40,992 | INFO  | DNAudit | user=null | ip=null | op=PUT_BLOCK {blockData=[blockId=conID: 2 locID: 102674382233272335 bcsId: 0,size=450]} | ret=SUCCESS |  
2019-08-24 22:45:40,993 [grpc-default-executor-6] INFO  client.GrpcClientProtocolClient (GrpcClientProtocolClient.java:onNext(255)) - client-6D6D340F343A->64266e81-f89e-4b53-ab01-a599594e3ea3: receive RaftClientReply:client-6D6D340F343A->64266e81-f89e-4b53-ab01-a599594e3ea3@group-8FA27D7B00F7, cid=197, SUCCESS, logIndex=12, commits[64266e81-f89e-4b53-ab01-a599594e3ea3:c13, fef8ab6f-fb3f-4c85-8a3f-3f5378cc0e9d:c11, cba94083-6c60-4013-a5f5-8dfc358213cd:c11]
2019-08-24 22:45:40,994 [grpc-default-executor-6] INFO  client.GrpcClientProtocolClient (GrpcClientProtocolClient.java:onNext(255)) - client-6D6D340F343A->64266e81-f89e-4b53-ab01-a599594e3ea3: receive RaftClientReply:client-6D6D340F343A->64266e81-f89e-4b53-ab01-a599594e3ea3@group-8FA27D7B00F7, cid=198, SUCCESS, logIndex=13, commits[64266e81-f89e-4b53-ab01-a599594e3ea3:c13, fef8ab6f-fb3f-4c85-8a3f-3f5378cc0e9d:c11, cba94083-6c60-4013-a5f5-8dfc358213cd:c11]
2019-08-24 22:45:41,003 | INFO  | DNAudit | user=null | ip=null | op=WRITE_CHUNK {blockData=conID: 2 locID: 102674382233272335 bcsId: 7} | ret=SUCCESS |  
2019-08-24 22:45:41,004 | INFO  | DNAudit | user=null | ip=null | op=WRITE_CHUNK {blockData=conID: 2 locID: 102674382233272335 bcsId: 7} | ret=SUCCESS |  
2019-08-24 22:45:41,008 | INFO  | DNAudit | user=null | ip=null | op=PUT_BLOCK {blockData=[blockId=conID: 2 locID: 102674382233272335 bcsId: 0,size=450]} | ret=SUCCESS |  
2019-08-24 22:45:41,009 | INFO  | DNAudit | user=null | ip=null | op=PUT_BLOCK {blockData=[blockId=conID: 2 locID: 102674382233272335 bcsId: 0,size=450]} | ret=SUCCESS |  
2019-08-24 22:45:41,013 [grpc-default-executor-6] INFO  client.GrpcClientProtocolClient (GrpcClientProtocolClient.java:onNext(255)) - client-6D6D340F343A->64266e81-f89e-4b53-ab01-a599594e3ea3: receive RaftClientReply:client-6D6D340F343A->64266e81-f89e-4b53-ab01-a599594e3ea3@group-8FA27D7B00F7, cid=199, SUCCESS, logIndex=0, commits[64266e81-f89e-4b53-ab01-a599594e3ea3:c15, fef8ab6f-fb3f-4c85-8a3f-3f5378cc0e9d:c13, cba94083-6c60-4013-a5f5-8dfc358213cd:c13]
2019-08-24 22:45:41,014 [main] INFO  ozone.MiniOzoneClusterImpl (MiniOzoneClusterImpl.java:shutdown(321)) - Shutting down the Mini Ozone Cluster
2019-08-24 22:45:41,014 | INFO  | SCMAudit | user=null | ip=null | op=GET_SCM_INFO null | ret=SUCCESS |  
2019-08-24 22:45:41,014 [main] INFO  ozone.MiniOzoneClusterImpl (MiniOzoneClusterImpl.java:stop(336)) - Stopping the Mini Ozone Cluster
2019-08-24 22:45:41,014 [main] INFO  ozone.MiniOzoneClusterImpl (MiniOzoneClusterImpl.java:stop(338)) - Stopping the OzoneManager
2019-08-24 22:45:41,015 [main] INFO  ipc.Server (Server.java:stop(3082)) - Stopping server on 39029
2019-08-24 22:45:41,029 [IPC Server listener on 39029] INFO  ipc.Server (Server.java:run(1185)) - Stopping IPC Server listener on 39029
2019-08-24 22:45:41,029 [main] INFO  ratis.OzoneManagerDoubleBuffer (OzoneManagerDoubleBuffer.java:stop(248)) - Stopping OMDoubleBuffer flush thread
2019-08-24 22:45:41,031 [IPC Server Responder] INFO  ipc.Server (Server.java:run(1319)) - Stopping IPC Server Responder
2019-08-24 22:45:41,032 [OMDoubleBufferFlushThread] INFO  ratis.OzoneManagerDoubleBuffer (OzoneManagerDoubleBuffer.java:flushTransactions(191)) - OMDoubleBuffer flush thread OMDoubleBufferFlushThread is interrupted and will exit. OMDoubleBufferFlushThread
2019-08-24 22:45:41,032 [main] INFO  utils.BackgroundService (BackgroundService.java:shutdown(148)) - Shutting down service KeyDeletingService
2019-08-24 22:45:41,033 [main] INFO  handler.ContextHandler (ContextHandler.java:doStop(910)) - Stopped o.e.j.w.WebAppContext@5c168f98{/,null,UNAVAILABLE}{/ozoneManager}
2019-08-24 22:45:41,034 [main] INFO  server.AbstractConnector (AbstractConnector.java:doStop(318)) - Stopped ServerConnector@2f98859a{HTTP/1.1,[http/1.1]}{0.0.0.0:0}
2019-08-24 22:45:41,034 [main] INFO  handler.ContextHandler (ContextHandler.java:doStop(910)) - Stopped o.e.j.s.ServletContextHandler@39329d81{/static,file:///workdir/hadoop-ozone/integration-test/target/test-classes/webapps/static,UNAVAILABLE}
2019-08-24 22:45:41,035 [main] INFO  handler.ContextHandler (ContextHandler.java:doStop(910)) - Stopped o.e.j.s.ServletContextHandler@487f025{/logs,file:///workdir/hadoop-ozone/integration-test/target/log,UNAVAILABLE}
2019-08-24 22:45:41,037 [main] INFO  ozone.MiniOzoneClusterImpl (MiniOzoneClusterImpl.java:stop(344)) - Shutting the HddsDatanodes
2019-08-24 22:45:41,038 [main] INFO  datanode.ObjectStoreHandler (ObjectStoreHandler.java:close(155)) - Closing ObjectStoreHandler.
2019-08-24 22:45:41,038 [ForkJoinPool.commonPool-worker-1] INFO  datanode.ObjectStoreHandler (ObjectStoreHandler.java:close(155)) - Closing ObjectStoreHandler.
2019-08-24 22:45:41,038 [main] INFO  ozone.HddsDatanodeService (HddsDatanodeService.java:stop(451)) - Stopped plug-in org.apache.hadoop.ozone.web.OzoneHddsDatanodeService@93fb20b
2019-08-24 22:45:41,038 [ForkJoinPool.commonPool-worker-1] INFO  ozone.HddsDatanodeService (HddsDatanodeService.java:stop(451)) - Stopped plug-in org.apache.hadoop.ozone.web.OzoneHddsDatanodeService@76dc9569
2019-08-24 22:45:41,107 [Datanode State Machine Thread - 0] INFO  statemachine.DatanodeStateMachine (DatanodeStateMachine.java:lambda$startDaemon$0(350)) - Ozone container server started.
2019-08-24 22:45:41,107 | INFO  | SCMAudit | user=jenkins1000 | ip=192.168.34.50 | op=SEND_HEARTBEAT {datanodeUUID=a1d0d6a6-7e3c-45f4-91cb-df460e9a90a2, command=[]} | ret=SUCCESS |  
2019-08-24 22:45:41,748 | INFO  | SCMAudit | user=jenkins1000 | ip=192.168.34.50 | op=SEND_HEARTBEAT {datanodeUUID=eef0b787-ef14-4aa5-bb81-b65459257627, command=[]} | ret=SUCCESS |  
2019-08-24 22:45:41,783 | INFO  | SCMAudit | user=jenkins1000 | ip=192.168.34.50 | op=SEND_HEARTBEAT {datanodeUUID=cba94083-6c60-4013-a5f5-8dfc358213cd, command=[]} | ret=SUCCESS |  
2019-08-24 22:45:41,783 [Datanode State Machine Thread - 0] INFO  statemachine.DatanodeStateMachine (DatanodeStateMachine.java:lambda$startDaemon$0(350)) - Ozone container server started.
2019-08-24 22:45:41,783 | INFO  | SCMAudit | user=jenkins1000 | ip=192.168.34.50 | op=SEND_HEARTBEAT {datanodeUUID=64266e81-f89e-4b53-ab01-a599594e3ea3, command=[]} | ret=SUCCESS |  
2019-08-24 22:45:42,108 | INFO  | SCMAudit | user=jenkins1000 | ip=192.168.34.50 | op=SEND_HEARTBEAT {datanodeUUID=a1d0d6a6-7e3c-45f4-91cb-df460e9a90a2, command=[]} | ret=SUCCESS |  
2019-08-24 22:45:42,719 [grpc-default-executor-6] WARN  server.GrpcLogAppender (LogUtils.java:warn(134)) - a1d0d6a6-7e3c-45f4-91cb-df460e9a90a2->f7849cca-8227-4286-beaa-44e6969b61f8: Failed appendEntries: org.apache.ratis.thirdparty.io.grpc.StatusRuntimeException: UNAVAILABLE: io exception
2019-08-24 22:45:42,719 [grpc-default-executor-6] INFO  impl.FollowerInfo (FollowerInfo.java:lambda$new$0(50)) - a1d0d6a6-7e3c-45f4-91cb-df460e9a90a2->f7849cca-8227-4286-beaa-44e6969b61f8: nextIndex: updateUnconditionally 1 -> 0
2019-08-24 22:45:42,748 | INFO  | SCMAudit | user=jenkins1000 | ip=192.168.34.50 | op=SEND_HEARTBEAT {datanodeUUID=eef0b787-ef14-4aa5-bb81-b65459257627, command=[]} | ret=SUCCESS |  
2019-08-24 22:45:42,783 | INFO  | SCMAudit | user=jenkins1000 | ip=192.168.34.50 | op=SEND_HEARTBEAT {datanodeUUID=cba94083-6c60-4013-a5f5-8dfc358213cd, command=[]} | ret=SUCCESS |  
2019-08-24 22:45:42,783 | INFO  | SCMAudit | user=jenkins1000 | ip=192.168.34.50 | op=SEND_HEARTBEAT {datanodeUUID=64266e81-f89e-4b53-ab01-a599594e3ea3, command=[]} | ret=SUCCESS |  
2019-08-24 22:45:43,107 | INFO  | SCMAudit | user=jenkins1000 | ip=192.168.34.50 | op=SEND_HEARTBEAT {datanodeUUID=a1d0d6a6-7e3c-45f4-91cb-df460e9a90a2, command=[]} | ret=SUCCESS |  
2019-08-24 22:45:43,748 | INFO  | SCMAudit | user=jenkins1000 | ip=192.168.34.50 | op=SEND_HEARTBEAT {datanodeUUID=eef0b787-ef14-4aa5-bb81-b65459257627, command=[]} | ret=SUCCESS |  
2019-08-24 22:45:43,783 | INFO  | SCMAudit | user=jenkins1000 | ip=192.168.34.50 | op=SEND_HEARTBEAT {datanodeUUID=cba94083-6c60-4013-a5f5-8dfc358213cd, command=[]} | ret=SUCCESS |  
2019-08-24 22:45:43,783 | INFO  | SCMAudit | user=jenkins1000 | ip=192.168.34.50 | op=SEND_HEARTBEAT {datanodeUUID=64266e81-f89e-4b53-ab01-a599594e3ea3, command=[]} | ret=SUCCESS |  
2019-08-24 22:45:44,108 | INFO  | SCMAudit | user=jenkins1000 | ip=192.168.34.50 | op=SEND_HEARTBEAT {datanodeUUID=a1d0d6a6-7e3c-45f4-91cb-df460e9a90a2, command=[]} | ret=SUCCESS |  
2019-08-24 22:45:44,749 | INFO  | SCMAudit | user=jenkins1000 | ip=192.168.34.50 | op=SEND_HEARTBEAT {datanodeUUID=eef0b787-ef14-4aa5-bb81-b65459257627, command=[]} | ret=SUCCESS |  
2019-08-24 22:45:44,783 | INFO  | SCMAudit | user=jenkins1000 | ip=192.168.34.50 | op=SEND_HEARTBEAT {datanodeUUID=cba94083-6c60-4013-a5f5-8dfc358213cd, command=[]} | ret=SUCCESS |  
2019-08-24 22:45:44,783 | INFO  | SCMAudit | user=jenkins1000 | ip=192.168.34.50 | op=SEND_HEARTBEAT {datanodeUUID=64266e81-f89e-4b53-ab01-a599594e3ea3, command=[]} | ret=SUCCESS |  
2019-08-24 22:45:45,107 | INFO  | SCMAudit | user=jenkins1000 | ip=192.168.34.50 | op=SEND_HEARTBEAT {datanodeUUID=a1d0d6a6-7e3c-45f4-91cb-df460e9a90a2, command=[]} | ret=SUCCESS |  
2019-08-24 22:45:45,198 [EventQueue-StaleNodeForStaleNodeHandler] INFO  node.StaleNodeHandler (StaleNodeHandler.java:onMessage(58)) - Datanode 76d0d5d6-c2d6-4b53-8535-d18625577ddc{ip: 192.168.34.50, host: pr-hdds-2030-j7d29-893466226, networkLocation: /default-rack, certSerialId: null} moved to stale state. Finalizing its pipelines [PipelineID=6156bd1e-c95a-4bdf-94a3-59b28dbf9102, PipelineID=4ffee836-57b8-43a4-a116-01cd8b84c446]
2019-08-24 22:45:45,199 [EventQueue-StaleNodeForStaleNodeHandler] INFO  pipeline.SCMPipelineManager (SCMPipelineManager.java:finalizeAndDestroyPipeline(309)) - destroying pipeline:Pipeline[ Id: 6156bd1e-c95a-4bdf-94a3-59b28dbf9102, Nodes: 76d0d5d6-c2d6-4b53-8535-d18625577ddc{ip: 192.168.34.50, host: pr-hdds-2030-j7d29-893466226, networkLocation: /default-rack, certSerialId: null}, Type:RATIS, Factor:ONE, State:OPEN]
2019-08-24 22:45:45,199 [EventQueue-StaleNodeForStaleNodeHandler] INFO  pipeline.PipelineStateManager (PipelineStateManager.java:finalizePipeline(123)) - Pipeline Pipeline[ Id: 6156bd1e-c95a-4bdf-94a3-59b28dbf9102, Nodes: 76d0d5d6-c2d6-4b53-8535-d18625577ddc{ip: 192.168.34.50, host: pr-hdds-2030-j7d29-893466226, networkLocation: /default-rack, certSerialId: null}, Type:RATIS, Factor:ONE, State:CLOSED] moved to CLOSED state
2019-08-24 22:45:45,199 [EventQueue-StaleNodeForStaleNodeHandler] INFO  pipeline.SCMPipelineManager (SCMPipelineManager.java:finalizeAndDestroyPipeline(309)) - destroying pipeline:Pipeline[ Id: 4ffee836-57b8-43a4-a116-01cd8b84c446, Nodes: f7849cca-8227-4286-beaa-44e6969b61f8{ip: 192.168.34.50, host: pr-hdds-2030-j7d29-893466226, networkLocation: /default-rack, certSerialId: null}76d0d5d6-c2d6-4b53-8535-d18625577ddc{ip: 192.168.34.50, host: pr-hdds-2030-j7d29-893466226, networkLocation: /default-rack, certSerialId: null}a1d0d6a6-7e3c-45f4-91cb-df460e9a90a2{ip: 192.168.34.50, host: pr-hdds-2030-j7d29-893466226, networkLocation: /default-rack, certSerialId: null}, Type:RATIS, Factor:THREE, State:CLOSED]
2019-08-24 22:45:45,219 [grpc-default-executor-3] WARN  server.GrpcLogAppender (LogUtils.java:warn(134)) - a1d0d6a6-7e3c-45f4-91cb-df460e9a90a2->f7849cca-8227-4286-beaa-44e6969b61f8: Failed appendEntries: org.apache.ratis.thirdparty.io.grpc.StatusRuntimeException: UNAVAILABLE: io exception
2019-08-24 22:45:45,219 [grpc-default-executor-3] INFO  impl.FollowerInfo (FollowerInfo.java:lambda$new$0(50)) - a1d0d6a6-7e3c-45f4-91cb-df460e9a90a2->f7849cca-8227-4286-beaa-44e6969b61f8: nextIndex: updateUnconditionally 0 -> 0
2019-08-24 22:45:45,749 | INFO  | SCMAudit | user=jenkins1000 | ip=192.168.34.50 | op=SEND_HEARTBEAT {datanodeUUID=eef0b787-ef14-4aa5-bb81-b65459257627, command=[]} | ret=SUCCESS |  
2019-08-24 22:45:45,783 | INFO  | SCMAudit | user=jenkins1000 | ip=192.168.34.50 | op=SEND_HEARTBEAT {datanodeUUID=cba94083-6c60-4013-a5f5-8dfc358213cd, command=[]} | ret=SUCCESS |  
2019-08-24 22:45:45,783 | INFO  | SCMAudit | user=jenkins1000 | ip=192.168.34.50 | op=SEND_HEARTBEAT {datanodeUUID=64266e81-f89e-4b53-ab01-a599594e3ea3, command=[]} | ret=SUCCESS |  
2019-08-24 22:45:45,799 [EventQueue-StaleNodeForStaleNodeHandler] INFO  node.StaleNodeHandler (StaleNodeHandler.java:onMessage(58)) - Datanode fef8ab6f-fb3f-4c85-8a3f-3f5378cc0e9d{ip: 192.168.34.50, host: pr-hdds-2030-j7d29-893466226, networkLocation: /default-rack, certSerialId: null} moved to stale state. Finalizing its pipelines [PipelineID=e7edaea1-b33c-4cd9-806b-114184ac07ac, PipelineID=bfb5824f-059b-4a53-aa71-8fa27d7b00f7]
2019-08-24 22:45:45,799 [EventQueue-StaleNodeForStaleNodeHandler] INFO  pipeline.SCMPipelineManager (SCMPipelineManager.java:finalizeAndDestroyPipeline(309)) - destroying pipeline:Pipeline[ Id: e7edaea1-b33c-4cd9-806b-114184ac07ac, Nodes: fef8ab6f-fb3f-4c85-8a3f-3f5378cc0e9d{ip: 192.168.34.50, host: pr-hdds-2030-j7d29-893466226, networkLocation: /default-rack, certSerialId: null}, Type:RATIS, Factor:ONE, State:OPEN]
2019-08-24 22:45:45,800 [EventQueue-StaleNodeForStaleNodeHandler] INFO  pipeline.PipelineStateManager (PipelineStateManager.java:finalizePipeline(123)) - Pipeline Pipeline[ Id: e7edaea1-b33c-4cd9-806b-114184ac07ac, Nodes: fef8ab6f-fb3f-4c85-8a3f-3f5378cc0e9d{ip: 192.168.34.50, host: pr-hdds-2030-j7d29-893466226, networkLocation: /default-rack, certSerialId: null}, Type:RATIS, Factor:ONE, State:CLOSED] moved to CLOSED state
2019-08-24 22:45:45,800 [EventQueue-StaleNodeForStaleNodeHandler] INFO  pipeline.SCMPipelineManager (SCMPipelineManager.java:finalizeAndDestroyPipeline(309)) - destroying pipeline:Pipeline[ Id: bfb5824f-059b-4a53-aa71-8fa27d7b00f7, Nodes: fef8ab6f-fb3f-4c85-8a3f-3f5378cc0e9d{ip: 192.168.34.50, host: pr-hdds-2030-j7d29-893466226, networkLocation: /default-rack, certSerialId: null}cba94083-6c60-4013-a5f5-8dfc358213cd{ip: 192.168.34.50, host: pr-hdds-2030-j7d29-893466226, networkLocation: /default-rack, certSerialId: null}64266e81-f89e-4b53-ab01-a599594e3ea3{ip: 192.168.34.50, host: pr-hdds-2030-j7d29-893466226, networkLocation: /default-rack, certSerialId: null}, Type:RATIS, Factor:THREE, State:OPEN]
2019-08-24 22:45:45,800 [EventQueue-StaleNodeForStaleNodeHandler] INFO  pipeline.PipelineStateManager (PipelineStateManager.java:finalizePipeline(123)) - Pipeline Pipeline[ Id: bfb5824f-059b-4a53-aa71-8fa27d7b00f7, Nodes: fef8ab6f-fb3f-4c85-8a3f-3f5378cc0e9d{ip: 192.168.34.50, host: pr-hdds-2030-j7d29-893466226, networkLocation: /default-rack, certSerialId: null}cba94083-6c60-4013-a5f5-8dfc358213cd{ip: 192.168.34.50, host: pr-hdds-2030-j7d29-893466226, networkLocation: /default-rack, certSerialId: null}64266e81-f89e-4b53-ab01-a599594e3ea3{ip: 192.168.34.50, host: pr-hdds-2030-j7d29-893466226, networkLocation: /default-rack, certSerialId: null}, Type:RATIS, Factor:THREE, State:CLOSED] moved to CLOSED state
2019-08-24 22:45:45,800 [EventQueue-CloseContainerForCloseContainerEventHandler] INFO  container.CloseContainerEventHandler (CloseContainerEventHandler.java:onMessage(61)) - Close container Event triggered for container : #2
2019-08-24 22:45:46,039 [main] INFO  ozoneimpl.OzoneContainer (OzoneContainer.java:stop(199)) - Attempting to stop container services.
2019-08-24 22:45:46,039 [ForkJoinPool.commonPool-worker-1] INFO  ozoneimpl.OzoneContainer (OzoneContainer.java:stop(199)) - Attempting to stop container services.
2019-08-24 22:45:46,039 [main] INFO  impl.RaftServerProxy (RaftServerProxy.java:lambda$close$4(314)) - 76d0d5d6-c2d6-4b53-8535-d18625577ddc: close
2019-08-24 22:45:46,040 [ForkJoinPool.commonPool-worker-1] INFO  impl.RaftServerProxy (RaftServerProxy.java:lambda$close$4(314)) - fef8ab6f-fb3f-4c85-8a3f-3f5378cc0e9d: close
2019-08-24 22:45:46,040 [main] INFO  impl.RaftServerImpl (RaftServerImpl.java:lambda$shutdown$3(245)) - 76d0d5d6-c2d6-4b53-8535-d18625577ddc: shutdown group-59B28DBF9102
2019-08-24 22:45:46,040 [ForkJoinPool.commonPool-worker-1] INFO  impl.RaftServerImpl (RaftServerImpl.java:lambda$shutdown$3(245)) - fef8ab6f-fb3f-4c85-8a3f-3f5378cc0e9d: shutdown group-114184AC07AC
2019-08-24 22:45:46,041 [main] INFO  util.JmxRegister (JmxRegister.java:unregister(73)) - Successfully un-registered JMX Bean with object name Ratis:service=RaftServer,group=group-59B28DBF9102,id=76d0d5d6-c2d6-4b53-8535-d18625577ddc
2019-08-24 22:45:46,041 [ForkJoinPool.commonPool-worker-1] INFO  util.JmxRegister (JmxRegister.java:unregister(73)) - Successfully un-registered JMX Bean with object name Ratis:service=RaftServer,group=group-114184AC07AC,id=fef8ab6f-fb3f-4c85-8a3f-3f5378cc0e9d
2019-08-24 22:45:46,041 [main] INFO  impl.RoleInfo (RoleInfo.java:shutdownLeaderState(104)) - 76d0d5d6-c2d6-4b53-8535-d18625577ddc: shutdown LeaderState
2019-08-24 22:45:46,042 [ForkJoinPool.commonPool-worker-1] INFO  impl.RoleInfo (RoleInfo.java:shutdownLeaderState(104)) - fef8ab6f-fb3f-4c85-8a3f-3f5378cc0e9d: shutdown LeaderState
2019-08-24 22:45:46,042 [main] INFO  impl.PendingRequests (PendingRequests.java:sendNotLeaderResponses(202)) - 76d0d5d6-c2d6-4b53-8535-d18625577ddc-PendingRequests: sendNotLeaderResponses
2019-08-24 22:45:46,043 [ForkJoinPool.commonPool-worker-1] INFO  impl.PendingRequests (PendingRequests.java:sendNotLeaderResponses(202)) - fef8ab6f-fb3f-4c85-8a3f-3f5378cc0e9d-PendingRequests: sendNotLeaderResponses
2019-08-24 22:45:46,043 [main] INFO  impl.StateMachineUpdater (StateMachineUpdater.java:stopAndJoin(115)) - StateMachineUpdater:76d0d5d6-c2d6-4b53-8535-d18625577ddc:group-59B28DBF9102: set stopIndex = 0
2019-08-24 22:45:46,043 [ForkJoinPool.commonPool-worker-1] INFO  impl.StateMachineUpdater (StateMachineUpdater.java:stopAndJoin(115)) - StateMachineUpdater:fef8ab6f-fb3f-4c85-8a3f-3f5378cc0e9d:group-114184AC07AC: set stopIndex = 0
2019-08-24 22:45:46,044 [main] INFO  impl.RaftServerImpl (ServerState.java:close(394)) - 76d0d5d6-c2d6-4b53-8535-d18625577ddc:group-59B28DBF9102 closes. The last applied log index is 0
2019-08-24 22:45:46,044 [ForkJoinPool.commonPool-worker-1] INFO  impl.RaftServerImpl (ServerState.java:close(394)) - fef8ab6f-fb3f-4c85-8a3f-3f5378cc0e9d:group-114184AC07AC closes. The last applied log index is 0
2019-08-24 22:45:46,045 [76d0d5d6-c2d6-4b53-8535-d18625577ddc-SegmentedRaftLogWorker:Storage Directory /workdir/hadoop-ozone/integration-test/target/test-dir/MiniOzoneClusterImpl-614c102a-29d9-417a-b8c5-0217b2e5181d/datanode-3/data/ratis/6156bd1e-c95a-4bdf-94a3-59b28dbf9102] INFO  segmented.SegmentedRaftLogWorker (SegmentedRaftLogWorker.java:run(313)) - 76d0d5d6-c2d6-4b53-8535-d18625577ddc-SegmentedRaftLogWorker:Storage Directory /workdir/hadoop-ozone/integration-test/target/test-dir/MiniOzoneClusterImpl-614c102a-29d9-417a-b8c5-0217b2e5181d/datanode-3/data/ratis/6156bd1e-c95a-4bdf-94a3-59b28dbf9102 was interrupted, exiting. There are 0 tasks remaining in the queue.
2019-08-24 22:45:46,045 [fef8ab6f-fb3f-4c85-8a3f-3f5378cc0e9d-SegmentedRaftLogWorker:Storage Directory /workdir/hadoop-ozone/integration-test/target/test-dir/MiniOzoneClusterImpl-614c102a-29d9-417a-b8c5-0217b2e5181d/datanode-1/data/ratis/e7edaea1-b33c-4cd9-806b-114184ac07ac] INFO  segmented.SegmentedRaftLogWorker (SegmentedRaftLogWorker.java:run(313)) - fef8ab6f-fb3f-4c85-8a3f-3f5378cc0e9d-SegmentedRaftLogWorker:Storage Directory /workdir/hadoop-ozone/integration-test/target/test-dir/MiniOzoneClusterImpl-614c102a-29d9-417a-b8c5-0217b2e5181d/datanode-1/data/ratis/e7edaea1-b33c-4cd9-806b-114184ac07ac was interrupted, exiting. There are 0 tasks remaining in the queue.
2019-08-24 22:45:46,049 [main] INFO  segmented.SegmentedRaftLogWorker (SegmentedRaftLogWorker.java:close(228)) - 76d0d5d6-c2d6-4b53-8535-d18625577ddc-SegmentedRaftLogWorker:Storage Directory /workdir/hadoop-ozone/integration-test/target/test-dir/MiniOzoneClusterImpl-614c102a-29d9-417a-b8c5-0217b2e5181d/datanode-3/data/ratis/6156bd1e-c95a-4bdf-94a3-59b28dbf9102 close()
2019-08-24 22:45:46,052 [ForkJoinPool.commonPool-worker-1] INFO  segmented.SegmentedRaftLogWorker (SegmentedRaftLogWorker.java:close(228)) - fef8ab6f-fb3f-4c85-8a3f-3f5378cc0e9d-SegmentedRaftLogWorker:Storage Directory /workdir/hadoop-ozone/integration-test/target/test-dir/MiniOzoneClusterImpl-614c102a-29d9-417a-b8c5-0217b2e5181d/datanode-1/data/ratis/e7edaea1-b33c-4cd9-806b-114184ac07ac close()
2019-08-24 22:45:46,057 [main] INFO  impl.RaftServerImpl (RaftServerImpl.java:lambda$shutdown$3(245)) - 76d0d5d6-c2d6-4b53-8535-d18625577ddc: shutdown group-01CD8B84C446
2019-08-24 22:45:46,061 [ForkJoinPool.commonPool-worker-1] INFO  impl.RaftServerImpl (RaftServerImpl.java:lambda$shutdown$3(245)) - fef8ab6f-fb3f-4c85-8a3f-3f5378cc0e9d: shutdown group-8FA27D7B00F7
2019-08-24 22:45:46,061 [main] INFO  util.JmxRegister (JmxRegister.java:unregister(73)) - Successfully un-registered JMX Bean with object name Ratis:service=RaftServer,group=group-01CD8B84C446,id=76d0d5d6-c2d6-4b53-8535-d18625577ddc
2019-08-24 22:45:46,062 [ForkJoinPool.commonPool-worker-1] INFO  util.JmxRegister (JmxRegister.java:unregister(73)) - Successfully un-registered JMX Bean with object name Ratis:service=RaftServer,group=group-8FA27D7B00F7,id=fef8ab6f-fb3f-4c85-8a3f-3f5378cc0e9d
2019-08-24 22:45:46,062 [ForkJoinPool.commonPool-worker-1] INFO  impl.RoleInfo (RoleInfo.java:shutdownFollowerState(121)) - fef8ab6f-fb3f-4c85-8a3f-3f5378cc0e9d: shutdown FollowerState
2019-08-24 22:45:46,062 [main] INFO  impl.RoleInfo (RoleInfo.java:shutdownFollowerState(121)) - 76d0d5d6-c2d6-4b53-8535-d18625577ddc: shutdown FollowerState
2019-08-24 22:45:46,063 [StateMachineUpdater:fef8ab6f-fb3f-4c85-8a3f-3f5378cc0e9d:group-8FA27D7B00F7] INFO  ratis.ContainerStateMachine (ContainerStateMachine.java:takeSnapshot(283)) - group-8FA27D7B00F7: Taking a snapshot at:(t:1, i:13) file /workdir/hadoop-ozone/integration-test/target/test-dir/MiniOzoneClusterImpl-614c102a-29d9-417a-b8c5-0217b2e5181d/datanode-1/data/ratis/bfb5824f-059b-4a53-aa71-8fa27d7b00f7/sm/snapshot.1_13
2019-08-24 22:45:46,063 [Thread-3579] INFO  impl.FollowerState (FollowerState.java:run(114)) - fef8ab6f-fb3f-4c85-8a3f-3f5378cc0e9d: FollowerState was interrupted: java.lang.InterruptedException: sleep interrupted
2019-08-24 22:45:46,063 [ForkJoinPool.commonPool-worker-1] INFO  impl.StateMachineUpdater (StateMachineUpdater.java:stopAndJoin(115)) - StateMachineUpdater:fef8ab6f-fb3f-4c85-8a3f-3f5378cc0e9d:group-8FA27D7B00F7: set stopIndex = 15
2019-08-24 22:45:46,063 [Thread-3727] INFO  impl.FollowerState (FollowerState.java:run(114)) - 76d0d5d6-c2d6-4b53-8535-d18625577ddc: FollowerState was interrupted: java.lang.InterruptedException: sleep interrupted
2019-08-24 22:45:46,063 [StateMachineUpdater:76d0d5d6-c2d6-4b53-8535-d18625577ddc:group-01CD8B84C446] INFO  ratis.ContainerStateMachine (ContainerStateMachine.java:takeSnapshot(283)) - group-01CD8B84C446: Taking a snapshot at:(t:1, i:14) file /workdir/hadoop-ozone/integration-test/target/test-dir/MiniOzoneClusterImpl-614c102a-29d9-417a-b8c5-0217b2e5181d/datanode-3/data/ratis/4ffee836-57b8-43a4-a116-01cd8b84c446/sm/snapshot.1_14
2019-08-24 22:45:46,063 [main] INFO  impl.StateMachineUpdater (StateMachineUpdater.java:stopAndJoin(115)) - StateMachineUpdater:76d0d5d6-c2d6-4b53-8535-d18625577ddc:group-01CD8B84C446: set stopIndex = 18
2019-08-24 22:45:46,090 [StateMachineUpdater:fef8ab6f-fb3f-4c85-8a3f-3f5378cc0e9d:group-8FA27D7B00F7] INFO  ratis.ContainerStateMachine (ContainerStateMachine.java:takeSnapshot(294)) - group-8FA27D7B00F7: Finished taking a snapshot at:(t:1, i:13) file:/workdir/hadoop-ozone/integration-test/target/test-dir/MiniOzoneClusterImpl-614c102a-29d9-417a-b8c5-0217b2e5181d/datanode-1/data/ratis/bfb5824f-059b-4a53-aa71-8fa27d7b00f7/sm/snapshot.1_13 time:27
2019-08-24 22:45:46,090 [StateMachineUpdater:fef8ab6f-fb3f-4c85-8a3f-3f5378cc0e9d:group-8FA27D7B00F7] INFO  impl.StateMachineUpdater (StateMachineUpdater.java:takeSnapshot(242)) - StateMachineUpdater:fef8ab6f-fb3f-4c85-8a3f-3f5378cc0e9d:group-8FA27D7B00F7: Took a snapshot at index 13
2019-08-24 22:45:46,090 [StateMachineUpdater:76d0d5d6-c2d6-4b53-8535-d18625577ddc:group-01CD8B84C446] INFO  ratis.ContainerStateMachine (ContainerStateMachine.java:takeSnapshot(294)) - group-01CD8B84C446: Finished taking a snapshot at:(t:1, i:14) file:/workdir/hadoop-ozone/integration-test/target/test-dir/MiniOzoneClusterImpl-614c102a-29d9-417a-b8c5-0217b2e5181d/datanode-3/data/ratis/4ffee836-57b8-43a4-a116-01cd8b84c446/sm/snapshot.1_14 time:27
2019-08-24 22:45:46,090 [StateMachineUpdater:fef8ab6f-fb3f-4c85-8a3f-3f5378cc0e9d:group-8FA27D7B00F7] INFO  impl.StateMachineUpdater (StateMachineUpdater.java:lambda$new$0(80)) - StateMachineUpdater:fef8ab6f-fb3f-4c85-8a3f-3f5378cc0e9d:group-8FA27D7B00F7: snapshotIndex: updateIncreasingly -1 -> 13
2019-08-24 22:45:46,090 [StateMachineUpdater:76d0d5d6-c2d6-4b53-8535-d18625577ddc:group-01CD8B84C446] INFO  impl.StateMachineUpdater (StateMachineUpdater.java:takeSnapshot(242)) - StateMachineUpdater:76d0d5d6-c2d6-4b53-8535-d18625577ddc:group-01CD8B84C446: Took a snapshot at index 14
2019-08-24 22:45:46,091 [StateMachineUpdater:76d0d5d6-c2d6-4b53-8535-d18625577ddc:group-01CD8B84C446] INFO  impl.StateMachineUpdater (StateMachineUpdater.java:lambda$new$0(80)) - StateMachineUpdater:76d0d5d6-c2d6-4b53-8535-d18625577ddc:group-01CD8B84C446: snapshotIndex: updateIncreasingly -1 -> 14
2019-08-24 22:45:46,091 [ForkJoinPool.commonPool-worker-1] INFO  impl.RaftServerImpl (ServerState.java:close(394)) - fef8ab6f-fb3f-4c85-8a3f-3f5378cc0e9d:group-8FA27D7B00F7 closes. The last applied log index is 15
2019-08-24 22:45:46,091 [main] INFO  impl.RaftServerImpl (ServerState.java:close(394)) - 76d0d5d6-c2d6-4b53-8535-d18625577ddc:group-01CD8B84C446 closes. The last applied log index is 18
2019-08-24 22:45:46,092 [fef8ab6f-fb3f-4c85-8a3f-3f5378cc0e9d-SegmentedRaftLogWorker:Storage Directory /workdir/hadoop-ozone/integration-test/target/test-dir/MiniOzoneClusterImpl-614c102a-29d9-417a-b8c5-0217b2e5181d/datanode-1/data/ratis/bfb5824f-059b-4a53-aa71-8fa27d7b00f7] INFO  segmented.SegmentedRaftLogWorker (SegmentedRaftLogWorker.java:run(313)) - fef8ab6f-fb3f-4c85-8a3f-3f5378cc0e9d-SegmentedRaftLogWorker:Storage Directory /workdir/hadoop-ozone/integration-test/target/test-dir/MiniOzoneClusterImpl-614c102a-29d9-417a-b8c5-0217b2e5181d/datanode-1/data/ratis/bfb5824f-059b-4a53-aa71-8fa27d7b00f7 was interrupted, exiting. There are 0 tasks remaining in the queue.
2019-08-24 22:45:46,092 [76d0d5d6-c2d6-4b53-8535-d18625577ddc-SegmentedRaftLogWorker:Storage Directory /workdir/hadoop-ozone/integration-test/target/test-dir/MiniOzoneClusterImpl-614c102a-29d9-417a-b8c5-0217b2e5181d/datanode-3/data/ratis/4ffee836-57b8-43a4-a116-01cd8b84c446] INFO  segmented.SegmentedRaftLogWorker (SegmentedRaftLogWorker.java:run(313)) - 76d0d5d6-c2d6-4b53-8535-d18625577ddc-SegmentedRaftLogWorker:Storage Directory /workdir/hadoop-ozone/integration-test/target/test-dir/MiniOzoneClusterImpl-614c102a-29d9-417a-b8c5-0217b2e5181d/datanode-3/data/ratis/4ffee836-57b8-43a4-a116-01cd8b84c446 was interrupted, exiting. There are 0 tasks remaining in the queue.
2019-08-24 22:45:46,095 [ForkJoinPool.commonPool-worker-1] INFO  segmented.SegmentedRaftLogWorker (SegmentedRaftLogWorker.java:close(228)) - fef8ab6f-fb3f-4c85-8a3f-3f5378cc0e9d-SegmentedRaftLogWorker:Storage Directory /workdir/hadoop-ozone/integration-test/target/test-dir/MiniOzoneClusterImpl-614c102a-29d9-417a-b8c5-0217b2e5181d/datanode-1/data/ratis/bfb5824f-059b-4a53-aa71-8fa27d7b00f7 close()
2019-08-24 22:45:46,097 [main] INFO  segmented.SegmentedRaftLogWorker (SegmentedRaftLogWorker.java:close(228)) - 76d0d5d6-c2d6-4b53-8535-d18625577ddc-SegmentedRaftLogWorker:Storage Directory /workdir/hadoop-ozone/integration-test/target/test-dir/MiniOzoneClusterImpl-614c102a-29d9-417a-b8c5-0217b2e5181d/datanode-3/data/ratis/4ffee836-57b8-43a4-a116-01cd8b84c446 close()
2019-08-24 22:45:46,102 [ForkJoinPool.commonPool-worker-1] INFO  server.GrpcService (GrpcService.java:closeImpl(155)) - fef8ab6f-fb3f-4c85-8a3f-3f5378cc0e9d: shutdown server with port 41380 now
2019-08-24 22:45:46,106 [main] INFO  server.GrpcService (GrpcService.java:closeImpl(155)) - 76d0d5d6-c2d6-4b53-8535-d18625577ddc: shutdown server with port 38406 now
2019-08-24 22:45:46,107 [grpc-default-executor-3] WARN  server.GrpcServerProtocolService (LogUtils.java:warn(134)) - fef8ab6f-fb3f-4c85-8a3f-3f5378cc0e9d: appendEntries onError: org.apache.ratis.thirdparty.io.grpc.StatusRuntimeException: CANCELLED: cancelled before receiving half close
2019-08-24 22:45:46,112 [grpc-default-executor-7] WARN  server.GrpcServerProtocolService (LogUtils.java:warn(134)) - 76d0d5d6-c2d6-4b53-8535-d18625577ddc: appendEntries onError: org.apache.ratis.thirdparty.io.grpc.StatusRuntimeException: CANCELLED: cancelled before receiving half close
2019-08-24 22:45:46,112 [ForkJoinPool.commonPool-worker-1] INFO  server.GrpcService (GrpcService.java:closeImpl(163)) - fef8ab6f-fb3f-4c85-8a3f-3f5378cc0e9d: shutdown server with port 41380 successfully
2019-08-24 22:45:46,113 | INFO  | SCMAudit | user=jenkins1000 | ip=192.168.34.50 | op=SEND_HEARTBEAT {datanodeUUID=a1d0d6a6-7e3c-45f4-91cb-df460e9a90a2, command=[]} | ret=SUCCESS |  
2019-08-24 22:45:46,112 [main] INFO  server.GrpcService (GrpcService.java:closeImpl(163)) - 76d0d5d6-c2d6-4b53-8535-d18625577ddc: shutdown server with port 38406 successfully
2019-08-24 22:45:46,113 [grpc-default-executor-3] WARN  server.GrpcLogAppender (LogUtils.java:warn(134)) - a1d0d6a6-7e3c-45f4-91cb-df460e9a90a2->76d0d5d6-c2d6-4b53-8535-d18625577ddc: Failed appendEntries: org.apache.ratis.thirdparty.io.grpc.StatusRuntimeException: CANCELLED: HTTP/2 error code: CANCEL
Received Rst Stream
2019-08-24 22:45:46,113 [grpc-default-executor-8] WARN  server.GrpcLogAppender (LogUtils.java:warn(134)) - 64266e81-f89e-4b53-ab01-a599594e3ea3->fef8ab6f-fb3f-4c85-8a3f-3f5378cc0e9d: Failed appendEntries: org.apache.ratis.thirdparty.io.grpc.StatusRuntimeException: CANCELLED: HTTP/2 error code: CANCEL
Received Rst Stream
2019-08-24 22:45:46,114 [grpc-default-executor-3] INFO  impl.FollowerInfo (FollowerInfo.java:lambda$new$0(50)) - a1d0d6a6-7e3c-45f4-91cb-df460e9a90a2->76d0d5d6-c2d6-4b53-8535-d18625577ddc: nextIndex: updateUnconditionally 19 -> 18
2019-08-24 22:45:46,114 [grpc-default-executor-8] INFO  impl.FollowerInfo (FollowerInfo.java:lambda$new$0(50)) - 64266e81-f89e-4b53-ab01-a599594e3ea3->fef8ab6f-fb3f-4c85-8a3f-3f5378cc0e9d: nextIndex: updateUnconditionally 16 -> 15
2019-08-24 22:45:46,115 [ForkJoinPool.commonPool-worker-1] INFO  utils.BackgroundService (BackgroundService.java:shutdown(148)) - Shutting down service BlockDeletingService
2019-08-24 22:45:46,117 [main] INFO  utils.BackgroundService (BackgroundService.java:shutdown(148)) - Shutting down service BlockDeletingService
2019-08-24 22:45:46,117 [refreshUsed-/workdir/hadoop-ozone/integration-test/target/test-dir/MiniOzoneClusterImpl-614c102a-29d9-417a-b8c5-0217b2e5181d/datanode-1/data/containers] WARN  fs.CachingGetSpaceUsed (CachingGetSpaceUsed.java:run(183)) - Thread Interrupted waiting to refresh disk information: sleep interrupted
2019-08-24 22:45:46,119 [refreshUsed-/workdir/hadoop-ozone/integration-test/target/test-dir/MiniOzoneClusterImpl-614c102a-29d9-417a-b8c5-0217b2e5181d/datanode-3/data/containers] WARN  fs.CachingGetSpaceUsed (CachingGetSpaceUsed.java:run(183)) - Thread Interrupted waiting to refresh disk information: sleep interrupted
2019-08-24 22:45:46,146 [ForkJoinPool.commonPool-worker-1] INFO  statemachine.DatanodeStateMachine (DatanodeStateMachine.java:stopDaemon(395)) - Ozone container server stopped.
2019-08-24 22:45:46,147 [main] INFO  statemachine.DatanodeStateMachine (DatanodeStateMachine.java:stopDaemon(395)) - Ozone container server stopped.
2019-08-24 22:45:46,154 [ForkJoinPool.commonPool-worker-1] INFO  handler.ContextHandler (ContextHandler.java:doStop(910)) - Stopped o.e.j.w.WebAppContext@4f8488ef{/,null,UNAVAILABLE}{/hddsDatanode}
2019-08-24 22:45:46,154 [main] INFO  handler.ContextHandler (ContextHandler.java:doStop(910)) - Stopped o.e.j.w.WebAppContext@6b8f1c62{/,null,UNAVAILABLE}{/hddsDatanode}
2019-08-24 22:45:46,155 [ForkJoinPool.commonPool-worker-1] INFO  server.AbstractConnector (AbstractConnector.java:doStop(318)) - Stopped ServerConnector@27a8bfa1{HTTP/1.1,[http/1.1]}{0.0.0.0:0}
2019-08-24 22:45:46,155 [main] INFO  server.AbstractConnector (AbstractConnector.java:doStop(318)) - Stopped ServerConnector@67c020c8{HTTP/1.1,[http/1.1]}{0.0.0.0:0}
2019-08-24 22:45:46,157 [ForkJoinPool.commonPool-worker-1] INFO  handler.ContextHandler (ContextHandler.java:doStop(910)) - Stopped o.e.j.s.ServletContextHandler@7df1fc5a{/static,jar:file:/home/user/.m2/repository/org/apache/hadoop/hadoop-hdds-container-service/0.5.0-SNAPSHOT/hadoop-hdds-container-service-0.5.0-SNAPSHOT.jar!/webapps/static,UNAVAILABLE}
2019-08-24 22:45:46,157 [main] INFO  handler.ContextHandler (ContextHandler.java:doStop(910)) - Stopped o.e.j.s.ServletContextHandler@301c0aae{/static,jar:file:/home/user/.m2/repository/org/apache/hadoop/hadoop-hdds-container-service/0.5.0-SNAPSHOT/hadoop-hdds-container-service-0.5.0-SNAPSHOT.jar!/webapps/static,UNAVAILABLE}
2019-08-24 22:45:46,159 [ForkJoinPool.commonPool-worker-1] INFO  handler.ContextHandler (ContextHandler.java:doStop(910)) - Stopped o.e.j.s.ServletContextHandler@324afa73{/logs,file:///workdir/hadoop-ozone/integration-test/target/log,UNAVAILABLE}
2019-08-24 22:45:46,159 [main] INFO  handler.ContextHandler (ContextHandler.java:doStop(910)) - Stopped o.e.j.s.ServletContextHandler@4ca50bb9{/logs,file:///workdir/hadoop-ozone/integration-test/target/log,UNAVAILABLE}
2019-08-24 22:45:46,161 [ForkJoinPool.commonPool-worker-1] INFO  datanode.ObjectStoreHandler (ObjectStoreHandler.java:close(155)) - Closing ObjectStoreHandler.
2019-08-24 22:45:46,161 [main] INFO  datanode.ObjectStoreHandler (ObjectStoreHandler.java:close(155)) - Closing ObjectStoreHandler.
2019-08-24 22:45:46,162 [ForkJoinPool.commonPool-worker-1] INFO  ozone.HddsDatanodeService (HddsDatanodeService.java:stop(451)) - Stopped plug-in org.apache.hadoop.ozone.web.OzoneHddsDatanodeService@1a983294
2019-08-24 22:45:46,162 [main] INFO  ozone.HddsDatanodeService (HddsDatanodeService.java:stop(451)) - Stopped plug-in org.apache.hadoop.ozone.web.OzoneHddsDatanodeService@651e3cc9
2019-08-24 22:45:46,749 [Datanode State Machine Thread - 0] INFO  statemachine.DatanodeStateMachine (DatanodeStateMachine.java:lambda$startDaemon$0(350)) - Ozone container server started.
2019-08-24 22:45:46,783 [Datanode State Machine Thread - 0] INFO  statemachine.DatanodeStateMachine (DatanodeStateMachine.java:lambda$startDaemon$0(350)) - Ozone container server started.
2019-08-24 22:45:46,784 | INFO  | SCMAudit | user=jenkins1000 | ip=192.168.34.50 | op=SEND_HEARTBEAT {datanodeUUID=cba94083-6c60-4013-a5f5-8dfc358213cd, command=[commandType: closeContainerCommand closeContainerCommandProto { containerID: 2 pipelineID { id: "bfb5824f-059b-4a53-aa71-8fa27d7b00f7" } cmdId: 2 force: false } ]} | ret=SUCCESS |  
2019-08-24 22:45:47,108 | INFO  | SCMAudit | user=jenkins1000 | ip=192.168.34.50 | op=SEND_HEARTBEAT {datanodeUUID=a1d0d6a6-7e3c-45f4-91cb-df460e9a90a2, command=[]} | ret=SUCCESS |  
2019-08-24 22:45:47,711 [grpc-default-executor-7] WARN  server.GrpcLogAppender (LogUtils.java:warn(134)) - a1d0d6a6-7e3c-45f4-91cb-df460e9a90a2->76d0d5d6-c2d6-4b53-8535-d18625577ddc: Failed appendEntries: org.apache.ratis.thirdparty.io.grpc.StatusRuntimeException: UNAVAILABLE: io exception
2019-08-24 22:45:47,712 [grpc-default-executor-7] INFO  impl.FollowerInfo (FollowerInfo.java:lambda$new$0(50)) - a1d0d6a6-7e3c-45f4-91cb-df460e9a90a2->76d0d5d6-c2d6-4b53-8535-d18625577ddc: nextIndex: updateUnconditionally 18 -> 17
2019-08-24 22:45:47,719 [grpc-default-executor-8] WARN  server.GrpcLogAppender (LogUtils.java:warn(134)) - a1d0d6a6-7e3c-45f4-91cb-df460e9a90a2->f7849cca-8227-4286-beaa-44e6969b61f8: Failed appendEntries: org.apache.ratis.thirdparty.io.grpc.StatusRuntimeException: UNAVAILABLE: io exception
2019-08-24 22:45:47,719 [grpc-default-executor-8] INFO  impl.FollowerInfo (FollowerInfo.java:lambda$new$0(50)) - a1d0d6a6-7e3c-45f4-91cb-df460e9a90a2->f7849cca-8227-4286-beaa-44e6969b61f8: nextIndex: updateUnconditionally 0 -> 0
2019-08-24 22:45:47,784 | INFO  | SCMAudit | user=jenkins1000 | ip=192.168.34.50 | op=SEND_HEARTBEAT {datanodeUUID=cba94083-6c60-4013-a5f5-8dfc358213cd, command=[]} | ret=SUCCESS |  
2019-08-24 22:45:48,109 | INFO  | SCMAudit | user=jenkins1000 | ip=192.168.34.50 | op=SEND_HEARTBEAT {datanodeUUID=a1d0d6a6-7e3c-45f4-91cb-df460e9a90a2, command=[]} | ret=SUCCESS |  
2019-08-24 22:45:48,519 [grpc-default-executor-3] WARN  server.GrpcLogAppender (LogUtils.java:warn(134)) - 64266e81-f89e-4b53-ab01-a599594e3ea3->fef8ab6f-fb3f-4c85-8a3f-3f5378cc0e9d: Failed appendEntries: org.apache.ratis.thirdparty.io.grpc.StatusRuntimeException: UNAVAILABLE: io exception
2019-08-24 22:45:48,519 [grpc-default-executor-3] INFO  impl.FollowerInfo (FollowerInfo.java:lambda$new$0(50)) - 64266e81-f89e-4b53-ab01-a599594e3ea3->fef8ab6f-fb3f-4c85-8a3f-3f5378cc0e9d: nextIndex: updateUnconditionally 15 -> 14
2019-08-24 22:45:48,784 | INFO  | SCMAudit | user=jenkins1000 | ip=192.168.34.50 | op=SEND_HEARTBEAT {datanodeUUID=cba94083-6c60-4013-a5f5-8dfc358213cd, command=[]} | ret=SUCCESS |  
2019-08-24 22:45:48,812 | INFO  | SCMAudit | user=jenkins1000 | ip=192.168.34.50 | op=SEND_HEARTBEAT {datanodeUUID=cba94083-6c60-4013-a5f5-8dfc358213cd, command=[]} | ret=SUCCESS |  
2019-08-24 22:45:49,108 | INFO  | SCMAudit | user=jenkins1000 | ip=192.168.34.50 | op=SEND_HEARTBEAT {datanodeUUID=a1d0d6a6-7e3c-45f4-91cb-df460e9a90a2, command=[]} | ret=SUCCESS |  
2019-08-24 22:45:49,811 | INFO  | SCMAudit | user=jenkins1000 | ip=192.168.34.50 | op=SEND_HEARTBEAT {datanodeUUID=cba94083-6c60-4013-a5f5-8dfc358213cd, command=[]} | ret=SUCCESS |  
2019-08-24 22:45:50,109 | INFO  | SCMAudit | user=jenkins1000 | ip=192.168.34.50 | op=SEND_HEARTBEAT {datanodeUUID=a1d0d6a6-7e3c-45f4-91cb-df460e9a90a2, command=[]} | ret=SUCCESS |  
2019-08-24 22:45:50,212 [grpc-default-executor-7] WARN  server.GrpcLogAppender (LogUtils.java:warn(134)) - a1d0d6a6-7e3c-45f4-91cb-df460e9a90a2->76d0d5d6-c2d6-4b53-8535-d18625577ddc: Failed appendEntries: org.apache.ratis.thirdparty.io.grpc.StatusRuntimeException: UNAVAILABLE: io exception
2019-08-24 22:45:50,213 [grpc-default-executor-7] INFO  impl.FollowerInfo (FollowerInfo.java:lambda$new$0(50)) - a1d0d6a6-7e3c-45f4-91cb-df460e9a90a2->76d0d5d6-c2d6-4b53-8535-d18625577ddc: nextIndex: updateUnconditionally 17 -> 16
2019-08-24 22:45:50,219 [grpc-default-executor-3] WARN  server.GrpcLogAppender (LogUtils.java:warn(134)) - a1d0d6a6-7e3c-45f4-91cb-df460e9a90a2->f7849cca-8227-4286-beaa-44e6969b61f8: Failed appendEntries: org.apache.ratis.thirdparty.io.grpc.StatusRuntimeException: UNAVAILABLE: io exception
2019-08-24 22:45:50,220 [grpc-default-executor-3] INFO  impl.FollowerInfo (FollowerInfo.java:lambda$new$0(50)) - a1d0d6a6-7e3c-45f4-91cb-df460e9a90a2->f7849cca-8227-4286-beaa-44e6969b61f8: nextIndex: updateUnconditionally 0 -> 0
2019-08-24 22:45:50,806 [EventQueue-StaleNodeForStaleNodeHandler] INFO  node.StaleNodeHandler (StaleNodeHandler.java:onMessage(58)) - Datanode eef0b787-ef14-4aa5-bb81-b65459257627{ip: 192.168.34.50, host: pr-hdds-2030-j7d29-893466226, networkLocation: /default-rack, certSerialId: null} moved to stale state. Finalizing its pipelines [PipelineID=c8759424-dc9d-49bb-bbf7-dfef62f13981]
2019-08-24 22:45:50,806 [EventQueue-StaleNodeForStaleNodeHandler] INFO  pipeline.SCMPipelineManager (SCMPipelineManager.java:finalizeAndDestroyPipeline(309)) - destroying pipeline:Pipeline[ Id: c8759424-dc9d-49bb-bbf7-dfef62f13981, Nodes: eef0b787-ef14-4aa5-bb81-b65459257627{ip: 192.168.34.50, host: pr-hdds-2030-j7d29-893466226, networkLocation: /default-rack, certSerialId: null}, Type:RATIS, Factor:ONE, State:OPEN]
2019-08-24 22:45:50,806 [EventQueue-StaleNodeForStaleNodeHandler] INFO  pipeline.PipelineStateManager (PipelineStateManager.java:finalizePipeline(123)) - Pipeline Pipeline[ Id: c8759424-dc9d-49bb-bbf7-dfef62f13981, Nodes: eef0b787-ef14-4aa5-bb81-b65459257627{ip: 192.168.34.50, host: pr-hdds-2030-j7d29-893466226, networkLocation: /default-rack, certSerialId: null}, Type:RATIS, Factor:ONE, State:CLOSED] moved to CLOSED state
2019-08-24 22:45:50,807 [EventQueue-StaleNodeForStaleNodeHandler] INFO  node.StaleNodeHandler (StaleNodeHandler.java:onMessage(58)) - Datanode 64266e81-f89e-4b53-ab01-a599594e3ea3{ip: 192.168.34.50, host: pr-hdds-2030-j7d29-893466226, networkLocation: /default-rack, certSerialId: null} moved to stale state. Finalizing its pipelines [PipelineID=ec6d4e73-4cd4-4e01-9738-d34e56f378ca, PipelineID=bfb5824f-059b-4a53-aa71-8fa27d7b00f7]
2019-08-24 22:45:50,807 [EventQueue-StaleNodeForStaleNodeHandler] INFO  pipeline.SCMPipelineManager (SCMPipelineManager.java:finalizeAndDestroyPipeline(309)) - destroying pipeline:Pipeline[ Id: ec6d4e73-4cd4-4e01-9738-d34e56f378ca, Nodes: 64266e81-f89e-4b53-ab01-a599594e3ea3{ip: 192.168.34.50, host: pr-hdds-2030-j7d29-893466226, networkLocation: /default-rack, certSerialId: null}, Type:RATIS, Factor:ONE, State:OPEN]
2019-08-24 22:45:50,807 [EventQueue-StaleNodeForStaleNodeHandler] INFO  pipeline.PipelineStateManager (PipelineStateManager.java:finalizePipeline(123)) - Pipeline Pipeline[ Id: ec6d4e73-4cd4-4e01-9738-d34e56f378ca, Nodes: 64266e81-f89e-4b53-ab01-a599594e3ea3{ip: 192.168.34.50, host: pr-hdds-2030-j7d29-893466226, networkLocation: /default-rack, certSerialId: null}, Type:RATIS, Factor:ONE, State:CLOSED] moved to CLOSED state
2019-08-24 22:45:50,807 [EventQueue-StaleNodeForStaleNodeHandler] INFO  pipeline.SCMPipelineManager (SCMPipelineManager.java:finalizeAndDestroyPipeline(309)) - destroying pipeline:Pipeline[ Id: bfb5824f-059b-4a53-aa71-8fa27d7b00f7, Nodes: fef8ab6f-fb3f-4c85-8a3f-3f5378cc0e9d{ip: 192.168.34.50, host: pr-hdds-2030-j7d29-893466226, networkLocation: /default-rack, certSerialId: null}cba94083-6c60-4013-a5f5-8dfc358213cd{ip: 192.168.34.50, host: pr-hdds-2030-j7d29-893466226, networkLocation: /default-rack, certSerialId: null}64266e81-f89e-4b53-ab01-a599594e3ea3{ip: 192.168.34.50, host: pr-hdds-2030-j7d29-893466226, networkLocation: /default-rack, certSerialId: null}, Type:RATIS, Factor:THREE, State:CLOSED]
2019-08-24 22:45:50,812 | INFO  | SCMAudit | user=jenkins1000 | ip=192.168.34.50 | op=SEND_HEARTBEAT {datanodeUUID=cba94083-6c60-4013-a5f5-8dfc358213cd, command=[]} | ret=SUCCESS |  
2019-08-24 22:45:51,017 [grpc-default-executor-8] WARN  server.GrpcLogAppender (LogUtils.java:warn(134)) - 64266e81-f89e-4b53-ab01-a599594e3ea3->fef8ab6f-fb3f-4c85-8a3f-3f5378cc0e9d: Failed appendEntries: org.apache.ratis.thirdparty.io.grpc.StatusRuntimeException: UNAVAILABLE: io exception
2019-08-24 22:45:51,018 [grpc-default-executor-8] INFO  impl.FollowerInfo (FollowerInfo.java:lambda$new$0(50)) - 64266e81-f89e-4b53-ab01-a599594e3ea3->fef8ab6f-fb3f-4c85-8a3f-3f5378cc0e9d: nextIndex: updateUnconditionally 14 -> 13
2019-08-24 22:45:51,108 | INFO  | SCMAudit | user=jenkins1000 | ip=192.168.34.50 | op=SEND_HEARTBEAT {datanodeUUID=a1d0d6a6-7e3c-45f4-91cb-df460e9a90a2, command=[]} | ret=SUCCESS |  
2019-08-24 22:45:51,163 [ForkJoinPool.commonPool-worker-1] INFO  ozoneimpl.OzoneContainer (OzoneContainer.java:stop(199)) - Attempting to stop container services.
2019-08-24 22:45:51,163 [main] INFO  ozoneimpl.OzoneContainer (OzoneContainer.java:stop(199)) - Attempting to stop container services.
2019-08-24 22:45:51,163 [ForkJoinPool.commonPool-worker-1] INFO  impl.RaftServerProxy (RaftServerProxy.java:lambda$close$4(314)) - 64266e81-f89e-4b53-ab01-a599594e3ea3: close
2019-08-24 22:45:51,164 [main] INFO  impl.RaftServerProxy (RaftServerProxy.java:lambda$close$4(314)) - eef0b787-ef14-4aa5-bb81-b65459257627: close
2019-08-24 22:45:51,164 [ForkJoinPool.commonPool-worker-1] INFO  impl.RaftServerImpl (RaftServerImpl.java:lambda$shutdown$3(245)) - 64266e81-f89e-4b53-ab01-a599594e3ea3: shutdown group-D34E56F378CA
2019-08-24 22:45:51,164 [main] INFO  impl.RaftServerImpl (RaftServerImpl.java:lambda$shutdown$3(245)) - eef0b787-ef14-4aa5-bb81-b65459257627: shutdown group-DFEF62F13981
2019-08-24 22:45:51,165 [ForkJoinPool.commonPool-worker-1] INFO  util.JmxRegister (JmxRegister.java:unregister(73)) - Successfully un-registered JMX Bean with object name Ratis:service=RaftServer,group=group-D34E56F378CA,id=64266e81-f89e-4b53-ab01-a599594e3ea3
2019-08-24 22:45:51,165 [main] INFO  util.JmxRegister (JmxRegister.java:unregister(73)) - Successfully un-registered JMX Bean with object name Ratis:service=RaftServer,group=group-DFEF62F13981,id=eef0b787-ef14-4aa5-bb81-b65459257627
2019-08-24 22:45:51,166 [main] INFO  impl.RoleInfo (RoleInfo.java:shutdownLeaderState(104)) - eef0b787-ef14-4aa5-bb81-b65459257627: shutdown LeaderState
2019-08-24 22:45:51,165 [ForkJoinPool.commonPool-worker-1] INFO  impl.RoleInfo (RoleInfo.java:shutdownLeaderState(104)) - 64266e81-f89e-4b53-ab01-a599594e3ea3: shutdown LeaderState
2019-08-24 22:45:51,166 [main] INFO  impl.PendingRequests (PendingRequests.java:sendNotLeaderResponses(202)) - eef0b787-ef14-4aa5-bb81-b65459257627-PendingRequests: sendNotLeaderResponses
2019-08-24 22:45:51,166 [ForkJoinPool.commonPool-worker-1] INFO  impl.PendingRequests (PendingRequests.java:sendNotLeaderResponses(202)) - 64266e81-f89e-4b53-ab01-a599594e3ea3-PendingRequests: sendNotLeaderResponses
2019-08-24 22:45:51,167 [main] INFO  impl.StateMachineUpdater (StateMachineUpdater.java:stopAndJoin(115)) - StateMachineUpdater:eef0b787-ef14-4aa5-bb81-b65459257627:group-DFEF62F13981: set stopIndex = 0
2019-08-24 22:45:51,167 [ForkJoinPool.commonPool-worker-1] INFO  impl.StateMachineUpdater (StateMachineUpdater.java:stopAndJoin(115)) - StateMachineUpdater:64266e81-f89e-4b53-ab01-a599594e3ea3:group-D34E56F378CA: set stopIndex = 0
2019-08-24 22:45:51,167 [main] INFO  impl.RaftServerImpl (ServerState.java:close(394)) - eef0b787-ef14-4aa5-bb81-b65459257627:group-DFEF62F13981 closes. The last applied log index is 0
2019-08-24 22:45:51,167 [ForkJoinPool.commonPool-worker-1] INFO  impl.RaftServerImpl (ServerState.java:close(394)) - 64266e81-f89e-4b53-ab01-a599594e3ea3:group-D34E56F378CA closes. The last applied log index is 0
2019-08-24 22:45:51,168 [eef0b787-ef14-4aa5-bb81-b65459257627-SegmentedRaftLogWorker:Storage Directory /workdir/hadoop-ozone/integration-test/target/test-dir/MiniOzoneClusterImpl-614c102a-29d9-417a-b8c5-0217b2e5181d/datanode-6/data/ratis/c8759424-dc9d-49bb-bbf7-dfef62f13981] INFO  segmented.SegmentedRaftLogWorker (SegmentedRaftLogWorker.java:run(313)) - eef0b787-ef14-4aa5-bb81-b65459257627-SegmentedRaftLogWorker:Storage Directory /workdir/hadoop-ozone/integration-test/target/test-dir/MiniOzoneClusterImpl-614c102a-29d9-417a-b8c5-0217b2e5181d/datanode-6/data/ratis/c8759424-dc9d-49bb-bbf7-dfef62f13981 was interrupted, exiting. There are 0 tasks remaining in the queue.
2019-08-24 22:45:51,168 [64266e81-f89e-4b53-ab01-a599594e3ea3-SegmentedRaftLogWorker:Storage Directory /workdir/hadoop-ozone/integration-test/target/test-dir/MiniOzoneClusterImpl-614c102a-29d9-417a-b8c5-0217b2e5181d/datanode-2/data/ratis/ec6d4e73-4cd4-4e01-9738-d34e56f378ca] INFO  segmented.SegmentedRaftLogWorker (SegmentedRaftLogWorker.java:run(313)) - 64266e81-f89e-4b53-ab01-a599594e3ea3-SegmentedRaftLogWorker:Storage Directory /workdir/hadoop-ozone/integration-test/target/test-dir/MiniOzoneClusterImpl-614c102a-29d9-417a-b8c5-0217b2e5181d/datanode-2/data/ratis/ec6d4e73-4cd4-4e01-9738-d34e56f378ca was interrupted, exiting. There are 0 tasks remaining in the queue.
2019-08-24 22:45:51,172 [main] INFO  segmented.SegmentedRaftLogWorker (SegmentedRaftLogWorker.java:close(228)) - eef0b787-ef14-4aa5-bb81-b65459257627-SegmentedRaftLogWorker:Storage Directory /workdir/hadoop-ozone/integration-test/target/test-dir/MiniOzoneClusterImpl-614c102a-29d9-417a-b8c5-0217b2e5181d/datanode-6/data/ratis/c8759424-dc9d-49bb-bbf7-dfef62f13981 close()
2019-08-24 22:45:51,172 [ForkJoinPool.commonPool-worker-1] INFO  segmented.SegmentedRaftLogWorker (SegmentedRaftLogWorker.java:close(228)) - 64266e81-f89e-4b53-ab01-a599594e3ea3-SegmentedRaftLogWorker:Storage Directory /workdir/hadoop-ozone/integration-test/target/test-dir/MiniOzoneClusterImpl-614c102a-29d9-417a-b8c5-0217b2e5181d/datanode-2/data/ratis/ec6d4e73-4cd4-4e01-9738-d34e56f378ca close()
2019-08-24 22:45:51,175 [main] INFO  server.GrpcService (GrpcService.java:closeImpl(155)) - eef0b787-ef14-4aa5-bb81-b65459257627: shutdown server with port 45441 now
2019-08-24 22:45:51,178 [ForkJoinPool.commonPool-worker-1] INFO  impl.RaftServerImpl (RaftServerImpl.java:lambda$shutdown$3(245)) - 64266e81-f89e-4b53-ab01-a599594e3ea3: shutdown group-8FA27D7B00F7
2019-08-24 22:45:51,179 [main] INFO  server.GrpcService (GrpcService.java:closeImpl(163)) - eef0b787-ef14-4aa5-bb81-b65459257627: shutdown server with port 45441 successfully
2019-08-24 22:45:51,179 [ForkJoinPool.commonPool-worker-1] INFO  util.JmxRegister (JmxRegister.java:unregister(73)) - Successfully un-registered JMX Bean with object name Ratis:service=RaftServer,group=group-8FA27D7B00F7,id=64266e81-f89e-4b53-ab01-a599594e3ea3
2019-08-24 22:45:51,179 [ForkJoinPool.commonPool-worker-1] INFO  impl.RoleInfo (RoleInfo.java:shutdownLeaderState(104)) - 64266e81-f89e-4b53-ab01-a599594e3ea3: shutdown LeaderState
2019-08-24 22:45:51,181 [org.apache.ratis.server.impl.LogAppender$AppenderDaemon$$Lambda$508/1800936385@17cb45bb] WARN  server.GrpcLogAppender (GrpcLogAppender.java:mayWait(143)) - GrpcLogAppender(64266e81-f89e-4b53-ab01-a599594e3ea3->fef8ab6f-fb3f-4c85-8a3f-3f5378cc0e9d): Wait interrupted by java.lang.InterruptedException
2019-08-24 22:45:51,183 [ForkJoinPool.commonPool-worker-1] INFO  impl.PendingRequests (PendingRequests.java:sendNotLeaderResponses(202)) - 64266e81-f89e-4b53-ab01-a599594e3ea3-PendingRequests: sendNotLeaderResponses
2019-08-24 22:45:51,183 [org.apache.ratis.server.impl.LogAppender$AppenderDaemon$$Lambda$508/1800936385@52c9c926] WARN  server.GrpcLogAppender (GrpcLogAppender.java:mayWait(143)) - GrpcLogAppender(64266e81-f89e-4b53-ab01-a599594e3ea3->cba94083-6c60-4013-a5f5-8dfc358213cd): Wait interrupted by java.lang.InterruptedException
2019-08-24 22:45:51,186 [ForkJoinPool.commonPool-worker-1] INFO  impl.StateMachineUpdater (StateMachineUpdater.java:stopAndJoin(115)) - StateMachineUpdater:64266e81-f89e-4b53-ab01-a599594e3ea3:group-8FA27D7B00F7: set stopIndex = 15
2019-08-24 22:45:51,187 [StateMachineUpdater:64266e81-f89e-4b53-ab01-a599594e3ea3:group-8FA27D7B00F7] INFO  ratis.ContainerStateMachine (ContainerStateMachine.java:takeSnapshot(283)) - group-8FA27D7B00F7: Taking a snapshot at:(t:1, i:13) file /workdir/hadoop-ozone/integration-test/target/test-dir/MiniOzoneClusterImpl-614c102a-29d9-417a-b8c5-0217b2e5181d/datanode-2/data/ratis/bfb5824f-059b-4a53-aa71-8fa27d7b00f7/sm/snapshot.1_13
2019-08-24 22:45:51,187 [grpc-default-executor-8] INFO  server.GrpcServerProtocolService (GrpcServerProtocolService.java:onCompleted(104)) - cba94083-6c60-4013-a5f5-8dfc358213cd: appendEntries completed
2019-08-24 22:45:51,187 [main] INFO  utils.BackgroundService (BackgroundService.java:shutdown(148)) - Shutting down service BlockDeletingService
2019-08-24 22:45:51,189 [grpc-default-executor-8] INFO  server.GrpcLogAppender (GrpcLogAppender.java:onCompleted(292)) - 64266e81-f89e-4b53-ab01-a599594e3ea3->cba94083-6c60-4013-a5f5-8dfc358213cd: follower responses appendEntries COMPLETED
2019-08-24 22:45:51,191 [grpc-default-executor-8] INFO  impl.FollowerInfo (FollowerInfo.java:lambda$new$0(50)) - 64266e81-f89e-4b53-ab01-a599594e3ea3->cba94083-6c60-4013-a5f5-8dfc358213cd: nextIndex: updateUnconditionally 16 -> 15
2019-08-24 22:45:51,193 [refreshUsed-/workdir/hadoop-ozone/integration-test/target/test-dir/MiniOzoneClusterImpl-614c102a-29d9-417a-b8c5-0217b2e5181d/datanode-6/data/containers] WARN  fs.CachingGetSpaceUsed (CachingGetSpaceUsed.java:run(183)) - Thread Interrupted waiting to refresh disk information: sleep interrupted
2019-08-24 22:45:51,202 [StateMachineUpdater:64266e81-f89e-4b53-ab01-a599594e3ea3:group-8FA27D7B00F7] INFO  ratis.ContainerStateMachine (ContainerStateMachine.java:takeSnapshot(294)) - group-8FA27D7B00F7: Finished taking a snapshot at:(t:1, i:13) file:/workdir/hadoop-ozone/integration-test/target/test-dir/MiniOzoneClusterImpl-614c102a-29d9-417a-b8c5-0217b2e5181d/datanode-2/data/ratis/bfb5824f-059b-4a53-aa71-8fa27d7b00f7/sm/snapshot.1_13 time:15
2019-08-24 22:45:51,202 [StateMachineUpdater:64266e81-f89e-4b53-ab01-a599594e3ea3:group-8FA27D7B00F7] INFO  impl.StateMachineUpdater (StateMachineUpdater.java:takeSnapshot(242)) - StateMachineUpdater:64266e81-f89e-4b53-ab01-a599594e3ea3:group-8FA27D7B00F7: Took a snapshot at index 13
2019-08-24 22:45:51,202 [StateMachineUpdater:64266e81-f89e-4b53-ab01-a599594e3ea3:group-8FA27D7B00F7] INFO  impl.StateMachineUpdater (StateMachineUpdater.java:lambda$new$0(80)) - StateMachineUpdater:64266e81-f89e-4b53-ab01-a599594e3ea3:group-8FA27D7B00F7: snapshotIndex: updateIncreasingly -1 -> 13
2019-08-24 22:45:51,202 [ForkJoinPool.commonPool-worker-1] INFO  impl.RaftServerImpl (ServerState.java:close(394)) - 64266e81-f89e-4b53-ab01-a599594e3ea3:group-8FA27D7B00F7 closes. The last applied log index is 15
2019-08-24 22:45:51,203 [64266e81-f89e-4b53-ab01-a599594e3ea3-SegmentedRaftLogWorker:Storage Directory /workdir/hadoop-ozone/integration-test/target/test-dir/MiniOzoneClusterImpl-614c102a-29d9-417a-b8c5-0217b2e5181d/datanode-2/data/ratis/bfb5824f-059b-4a53-aa71-8fa27d7b00f7] INFO  segmented.SegmentedRaftLogWorker (SegmentedRaftLogWorker.java:run(313)) - 64266e81-f89e-4b53-ab01-a599594e3ea3-SegmentedRaftLogWorker:Storage Directory /workdir/hadoop-ozone/integration-test/target/test-dir/MiniOzoneClusterImpl-614c102a-29d9-417a-b8c5-0217b2e5181d/datanode-2/data/ratis/bfb5824f-059b-4a53-aa71-8fa27d7b00f7 was interrupted, exiting. There are 0 tasks remaining in the queue.
2019-08-24 22:45:51,204 [ForkJoinPool.commonPool-worker-1] INFO  segmented.SegmentedRaftLogWorker (SegmentedRaftLogWorker.java:close(228)) - 64266e81-f89e-4b53-ab01-a599594e3ea3-SegmentedRaftLogWorker:Storage Directory /workdir/hadoop-ozone/integration-test/target/test-dir/MiniOzoneClusterImpl-614c102a-29d9-417a-b8c5-0217b2e5181d/datanode-2/data/ratis/bfb5824f-059b-4a53-aa71-8fa27d7b00f7 close()
2019-08-24 22:45:51,206 [ForkJoinPool.commonPool-worker-1] INFO  server.GrpcService (GrpcService.java:closeImpl(155)) - 64266e81-f89e-4b53-ab01-a599594e3ea3: shutdown server with port 44853 now
2019-08-24 22:45:51,209 [grpc-default-executor-3] WARN  client.GrpcClientProtocolService (LogUtils.java:warn(134)) - 1-UnorderedRequestStreamObserver1: onError: org.apache.ratis.thirdparty.io.grpc.StatusRuntimeException: CANCELLED: cancelled before receiving half close
2019-08-24 22:45:51,210 [ForkJoinPool.commonPool-worker-1] INFO  server.GrpcService (GrpcService.java:closeImpl(163)) - 64266e81-f89e-4b53-ab01-a599594e3ea3: shutdown server with port 44853 successfully
2019-08-24 22:45:51,213 [ForkJoinPool.commonPool-worker-1] INFO  utils.BackgroundService (BackgroundService.java:shutdown(148)) - Shutting down service BlockDeletingService
2019-08-24 22:45:51,215 [refreshUsed-/workdir/hadoop-ozone/integration-test/target/test-dir/MiniOzoneClusterImpl-614c102a-29d9-417a-b8c5-0217b2e5181d/datanode-2/data/containers] WARN  fs.CachingGetSpaceUsed (CachingGetSpaceUsed.java:run(183)) - Thread Interrupted waiting to refresh disk information: sleep interrupted
2019-08-24 22:45:51,221 [main] INFO  statemachine.DatanodeStateMachine (DatanodeStateMachine.java:stopDaemon(395)) - Ozone container server stopped.
2019-08-24 22:45:51,222 [main] INFO  handler.ContextHandler (ContextHandler.java:doStop(910)) - Stopped o.e.j.w.WebAppContext@182ce25e{/,null,UNAVAILABLE}{/hddsDatanode}
2019-08-24 22:45:51,224 [main] INFO  server.AbstractConnector (AbstractConnector.java:doStop(318)) - Stopped ServerConnector@32d11a5c{HTTP/1.1,[http/1.1]}{0.0.0.0:0}
2019-08-24 22:45:51,224 [main] INFO  handler.ContextHandler (ContextHandler.java:doStop(910)) - Stopped o.e.j.s.ServletContextHandler@6e774194{/static,jar:file:/home/user/.m2/repository/org/apache/hadoop/hadoop-hdds-container-service/0.5.0-SNAPSHOT/hadoop-hdds-container-service-0.5.0-SNAPSHOT.jar!/webapps/static,UNAVAILABLE}
2019-08-24 22:45:51,225 [main] INFO  handler.ContextHandler (ContextHandler.java:doStop(910)) - Stopped o.e.j.s.ServletContextHandler@67954d71{/logs,file:///workdir/hadoop-ozone/integration-test/target/log,UNAVAILABLE}
2019-08-24 22:45:51,226 [main] INFO  datanode.ObjectStoreHandler (ObjectStoreHandler.java:close(155)) - Closing ObjectStoreHandler.
2019-08-24 22:45:51,226 [main] INFO  ozone.HddsDatanodeService (HddsDatanodeService.java:stop(451)) - Stopped plug-in org.apache.hadoop.ozone.web.OzoneHddsDatanodeService@5d6d6533
2019-08-24 22:45:51,237 [ForkJoinPool.commonPool-worker-1] INFO  statemachine.DatanodeStateMachine (DatanodeStateMachine.java:stopDaemon(395)) - Ozone container server stopped.
2019-08-24 22:45:51,241 [ForkJoinPool.commonPool-worker-1] INFO  handler.ContextHandler (ContextHandler.java:doStop(910)) - Stopped o.e.j.w.WebAppContext@27e42fe8{/,null,UNAVAILABLE}{/hddsDatanode}
2019-08-24 22:45:51,242 [ForkJoinPool.commonPool-worker-1] INFO  server.AbstractConnector (AbstractConnector.java:doStop(318)) - Stopped ServerConnector@219bad15{HTTP/1.1,[http/1.1]}{0.0.0.0:0}
2019-08-24 22:45:51,243 [ForkJoinPool.commonPool-worker-1] INFO  handler.ContextHandler (ContextHandler.java:doStop(910)) - Stopped o.e.j.s.ServletContextHandler@4fe91eed{/static,jar:file:/home/user/.m2/repository/org/apache/hadoop/hadoop-hdds-container-service/0.5.0-SNAPSHOT/hadoop-hdds-container-service-0.5.0-SNAPSHOT.jar!/webapps/static,UNAVAILABLE}
2019-08-24 22:45:51,245 [ForkJoinPool.commonPool-worker-1] INFO  handler.ContextHandler (ContextHandler.java:doStop(910)) - Stopped o.e.j.s.ServletContextHandler@46c5747f{/logs,file:///workdir/hadoop-ozone/integration-test/target/log,UNAVAILABLE}
2019-08-24 22:45:51,246 [ForkJoinPool.commonPool-worker-1] INFO  datanode.ObjectStoreHandler (ObjectStoreHandler.java:close(155)) - Closing ObjectStoreHandler.
2019-08-24 22:45:51,246 [ForkJoinPool.commonPool-worker-1] INFO  ozone.HddsDatanodeService (HddsDatanodeService.java:stop(451)) - Stopped plug-in org.apache.hadoop.ozone.web.OzoneHddsDatanodeService@6592a73b
2019-08-24 22:45:51,811 [Datanode State Machine Thread - 0] INFO  statemachine.DatanodeStateMachine (DatanodeStateMachine.java:lambda$startDaemon$0(350)) - Ozone container server started.
2019-08-24 22:45:52,107 [Datanode State Machine Thread - 0] INFO  statemachine.DatanodeStateMachine (DatanodeStateMachine.java:lambda$startDaemon$0(350)) - Ozone container server started.
2019-08-24 22:45:52,713 [grpc-default-executor-7] WARN  server.GrpcLogAppender (LogUtils.java:warn(134)) - a1d0d6a6-7e3c-45f4-91cb-df460e9a90a2->76d0d5d6-c2d6-4b53-8535-d18625577ddc: Failed appendEntries: org.apache.ratis.thirdparty.io.grpc.StatusRuntimeException: UNAVAILABLE: io exception
2019-08-24 22:45:52,713 [grpc-default-executor-7] INFO  impl.FollowerInfo (FollowerInfo.java:lambda$new$0(50)) - a1d0d6a6-7e3c-45f4-91cb-df460e9a90a2->76d0d5d6-c2d6-4b53-8535-d18625577ddc: nextIndex: updateUnconditionally 16 -> 15
2019-08-24 22:45:52,720 [grpc-default-executor-8] WARN  server.GrpcLogAppender (LogUtils.java:warn(134)) - a1d0d6a6-7e3c-45f4-91cb-df460e9a90a2->f7849cca-8227-4286-beaa-44e6969b61f8: Failed appendEntries: org.apache.ratis.thirdparty.io.grpc.StatusRuntimeException: UNAVAILABLE: io exception
2019-08-24 22:45:52,720 [grpc-default-executor-8] INFO  impl.FollowerInfo (FollowerInfo.java:lambda$new$0(50)) - a1d0d6a6-7e3c-45f4-91cb-df460e9a90a2->f7849cca-8227-4286-beaa-44e6969b61f8: nextIndex: updateUnconditionally 0 -> 0
2019-08-24 22:45:55,214 [grpc-default-executor-3] WARN  server.GrpcLogAppender (LogUtils.java:warn(134)) - a1d0d6a6-7e3c-45f4-91cb-df460e9a90a2->76d0d5d6-c2d6-4b53-8535-d18625577ddc: Failed appendEntries: org.apache.ratis.thirdparty.io.grpc.StatusRuntimeException: UNAVAILABLE: io exception
2019-08-24 22:45:55,214 [grpc-default-executor-3] INFO  impl.FollowerInfo (FollowerInfo.java:lambda$new$0(50)) - a1d0d6a6-7e3c-45f4-91cb-df460e9a90a2->76d0d5d6-c2d6-4b53-8535-d18625577ddc: nextIndex: updateUnconditionally 15 -> 14
2019-08-24 22:45:55,220 [grpc-default-executor-8] WARN  server.GrpcLogAppender (LogUtils.java:warn(134)) - a1d0d6a6-7e3c-45f4-91cb-df460e9a90a2->f7849cca-8227-4286-beaa-44e6969b61f8: Failed appendEntries: org.apache.ratis.thirdparty.io.grpc.StatusRuntimeException: UNAVAILABLE: io exception
2019-08-24 22:45:55,221 [grpc-default-executor-8] INFO  impl.FollowerInfo (FollowerInfo.java:lambda$new$0(50)) - a1d0d6a6-7e3c-45f4-91cb-df460e9a90a2->f7849cca-8227-4286-beaa-44e6969b61f8: nextIndex: updateUnconditionally 0 -> 0
2019-08-24 22:45:55,813 [EventQueue-StaleNodeForStaleNodeHandler] INFO  node.StaleNodeHandler (StaleNodeHandler.java:onMessage(58)) - Datanode cba94083-6c60-4013-a5f5-8dfc358213cd{ip: 192.168.34.50, host: pr-hdds-2030-j7d29-893466226, networkLocation: /default-rack, certSerialId: null} moved to stale state. Finalizing its pipelines [PipelineID=9920488c-06bc-483c-85b1-864193311aee, PipelineID=bfb5824f-059b-4a53-aa71-8fa27d7b00f7]
2019-08-24 22:45:55,813 [EventQueue-StaleNodeForStaleNodeHandler] INFO  pipeline.SCMPipelineManager (SCMPipelineManager.java:finalizeAndDestroyPipeline(309)) - destroying pipeline:Pipeline[ Id: 9920488c-06bc-483c-85b1-864193311aee, Nodes: cba94083-6c60-4013-a5f5-8dfc358213cd{ip: 192.168.34.50, host: pr-hdds-2030-j7d29-893466226, networkLocation: /default-rack, certSerialId: null}, Type:RATIS, Factor:ONE, State:OPEN]
2019-08-24 22:45:55,813 [EventQueue-StaleNodeForStaleNodeHandler] INFO  pipeline.PipelineStateManager (PipelineStateManager.java:finalizePipeline(123)) - Pipeline Pipeline[ Id: 9920488c-06bc-483c-85b1-864193311aee, Nodes: cba94083-6c60-4013-a5f5-8dfc358213cd{ip: 192.168.34.50, host: pr-hdds-2030-j7d29-893466226, networkLocation: /default-rack, certSerialId: null}, Type:RATIS, Factor:ONE, State:CLOSED] moved to CLOSED state
2019-08-24 22:45:55,813 [EventQueue-StaleNodeForStaleNodeHandler] INFO  pipeline.SCMPipelineManager (SCMPipelineManager.java:finalizeAndDestroyPipeline(309)) - destroying pipeline:Pipeline[ Id: bfb5824f-059b-4a53-aa71-8fa27d7b00f7, Nodes: fef8ab6f-fb3f-4c85-8a3f-3f5378cc0e9d{ip: 192.168.34.50, host: pr-hdds-2030-j7d29-893466226, networkLocation: /default-rack, certSerialId: null}cba94083-6c60-4013-a5f5-8dfc358213cd{ip: 192.168.34.50, host: pr-hdds-2030-j7d29-893466226, networkLocation: /default-rack, certSerialId: null}64266e81-f89e-4b53-ab01-a599594e3ea3{ip: 192.168.34.50, host: pr-hdds-2030-j7d29-893466226, networkLocation: /default-rack, certSerialId: null}, Type:RATIS, Factor:THREE, State:CLOSED]
2019-08-24 22:45:56,113 [EventQueue-StaleNodeForStaleNodeHandler] INFO  node.StaleNodeHandler (StaleNodeHandler.java:onMessage(58)) - Datanode a1d0d6a6-7e3c-45f4-91cb-df460e9a90a2{ip: 192.168.34.50, host: pr-hdds-2030-j7d29-893466226, networkLocation: /default-rack, certSerialId: null} moved to stale state. Finalizing its pipelines [PipelineID=15afca7d-835d-4525-b10a-dac357987336, PipelineID=4ffee836-57b8-43a4-a116-01cd8b84c446]
2019-08-24 22:45:56,113 [EventQueue-StaleNodeForStaleNodeHandler] INFO  pipeline.SCMPipelineManager (SCMPipelineManager.java:finalizeAndDestroyPipeline(309)) - destroying pipeline:Pipeline[ Id: 15afca7d-835d-4525-b10a-dac357987336, Nodes: a1d0d6a6-7e3c-45f4-91cb-df460e9a90a2{ip: 192.168.34.50, host: pr-hdds-2030-j7d29-893466226, networkLocation: /default-rack, certSerialId: null}, Type:RATIS, Factor:ONE, State:OPEN]
2019-08-24 22:45:56,114 [EventQueue-StaleNodeForStaleNodeHandler] INFO  pipeline.PipelineStateManager (PipelineStateManager.java:finalizePipeline(123)) - Pipeline Pipeline[ Id: 15afca7d-835d-4525-b10a-dac357987336, Nodes: a1d0d6a6-7e3c-45f4-91cb-df460e9a90a2{ip: 192.168.34.50, host: pr-hdds-2030-j7d29-893466226, networkLocation: /default-rack, certSerialId: null}, Type:RATIS, Factor:ONE, State:CLOSED] moved to CLOSED state
2019-08-24 22:45:56,114 [EventQueue-StaleNodeForStaleNodeHandler] INFO  pipeline.SCMPipelineManager (SCMPipelineManager.java:finalizeAndDestroyPipeline(309)) - destroying pipeline:Pipeline[ Id: 4ffee836-57b8-43a4-a116-01cd8b84c446, Nodes: f7849cca-8227-4286-beaa-44e6969b61f8{ip: 192.168.34.50, host: pr-hdds-2030-j7d29-893466226, networkLocation: /default-rack, certSerialId: null}76d0d5d6-c2d6-4b53-8535-d18625577ddc{ip: 192.168.34.50, host: pr-hdds-2030-j7d29-893466226, networkLocation: /default-rack, certSerialId: null}a1d0d6a6-7e3c-45f4-91cb-df460e9a90a2{ip: 192.168.34.50, host: pr-hdds-2030-j7d29-893466226, networkLocation: /default-rack, certSerialId: null}, Type:RATIS, Factor:THREE, State:CLOSED]
2019-08-24 22:45:56,227 [main] INFO  ozoneimpl.OzoneContainer (OzoneContainer.java:stop(199)) - Attempting to stop container services.
2019-08-24 22:45:56,228 [main] INFO  impl.RaftServerProxy (RaftServerProxy.java:lambda$close$4(314)) - a1d0d6a6-7e3c-45f4-91cb-df460e9a90a2: close
2019-08-24 22:45:56,228 [main] INFO  impl.RaftServerImpl (RaftServerImpl.java:lambda$shutdown$3(245)) - a1d0d6a6-7e3c-45f4-91cb-df460e9a90a2: shutdown group-DAC357987336
2019-08-24 22:45:56,229 [main] INFO  util.JmxRegister (JmxRegister.java:unregister(73)) - Successfully un-registered JMX Bean with object name Ratis:service=RaftServer,group=group-DAC357987336,id=a1d0d6a6-7e3c-45f4-91cb-df460e9a90a2
2019-08-24 22:45:56,229 [main] INFO  impl.RoleInfo (RoleInfo.java:shutdownLeaderState(104)) - a1d0d6a6-7e3c-45f4-91cb-df460e9a90a2: shutdown LeaderState
2019-08-24 22:45:56,230 [main] INFO  impl.PendingRequests (PendingRequests.java:sendNotLeaderResponses(202)) - a1d0d6a6-7e3c-45f4-91cb-df460e9a90a2-PendingRequests: sendNotLeaderResponses
2019-08-24 22:45:56,230 [main] INFO  impl.StateMachineUpdater (StateMachineUpdater.java:stopAndJoin(115)) - StateMachineUpdater:a1d0d6a6-7e3c-45f4-91cb-df460e9a90a2:group-DAC357987336: set stopIndex = 0
2019-08-24 22:45:56,231 [main] INFO  impl.RaftServerImpl (ServerState.java:close(394)) - a1d0d6a6-7e3c-45f4-91cb-df460e9a90a2:group-DAC357987336 closes. The last applied log index is 0
2019-08-24 22:45:56,231 [a1d0d6a6-7e3c-45f4-91cb-df460e9a90a2-SegmentedRaftLogWorker:Storage Directory /workdir/hadoop-ozone/integration-test/target/test-dir/MiniOzoneClusterImpl-614c102a-29d9-417a-b8c5-0217b2e5181d/datanode-5/data/ratis/15afca7d-835d-4525-b10a-dac357987336] INFO  segmented.SegmentedRaftLogWorker (SegmentedRaftLogWorker.java:run(313)) - a1d0d6a6-7e3c-45f4-91cb-df460e9a90a2-SegmentedRaftLogWorker:Storage Directory /workdir/hadoop-ozone/integration-test/target/test-dir/MiniOzoneClusterImpl-614c102a-29d9-417a-b8c5-0217b2e5181d/datanode-5/data/ratis/15afca7d-835d-4525-b10a-dac357987336 was interrupted, exiting. There are 0 tasks remaining in the queue.
2019-08-24 22:45:56,245 [main] INFO  segmented.SegmentedRaftLogWorker (SegmentedRaftLogWorker.java:close(228)) - a1d0d6a6-7e3c-45f4-91cb-df460e9a90a2-SegmentedRaftLogWorker:Storage Directory /workdir/hadoop-ozone/integration-test/target/test-dir/MiniOzoneClusterImpl-614c102a-29d9-417a-b8c5-0217b2e5181d/datanode-5/data/ratis/15afca7d-835d-4525-b10a-dac357987336 close()
2019-08-24 22:45:56,255 [main] INFO  impl.RaftServerImpl (RaftServerImpl.java:lambda$shutdown$3(245)) - a1d0d6a6-7e3c-45f4-91cb-df460e9a90a2: shutdown group-01CD8B84C446
2019-08-24 22:45:56,255 [ForkJoinPool.commonPool-worker-1] INFO  ozoneimpl.OzoneContainer (OzoneContainer.java:stop(199)) - Attempting to stop container services.
2019-08-24 22:45:56,256 [main] INFO  util.JmxRegister (JmxRegister.java:unregister(73)) - Successfully un-registered JMX Bean with object name Ratis:service=RaftServer,group=group-01CD8B84C446,id=a1d0d6a6-7e3c-45f4-91cb-df460e9a90a2
2019-08-24 22:45:56,256 [ForkJoinPool.commonPool-worker-1] INFO  impl.RaftServerProxy (RaftServerProxy.java:lambda$close$4(314)) - cba94083-6c60-4013-a5f5-8dfc358213cd: close
2019-08-24 22:45:56,257 [main] INFO  impl.RoleInfo (RoleInfo.java:shutdownLeaderState(104)) - a1d0d6a6-7e3c-45f4-91cb-df460e9a90a2: shutdown LeaderState
2019-08-24 22:45:56,257 [ForkJoinPool.commonPool-worker-1] INFO  impl.RaftServerImpl (RaftServerImpl.java:lambda$shutdown$3(245)) - cba94083-6c60-4013-a5f5-8dfc358213cd: shutdown group-864193311AEE
2019-08-24 22:45:56,260 [org.apache.ratis.server.impl.LogAppender$AppenderDaemon$$Lambda$508/1800936385@65472683] WARN  server.GrpcLogAppender (GrpcLogAppender.java:mayWait(143)) - GrpcLogAppender(a1d0d6a6-7e3c-45f4-91cb-df460e9a90a2->76d0d5d6-c2d6-4b53-8535-d18625577ddc): Wait interrupted by java.lang.InterruptedException
2019-08-24 22:45:56,260 [org.apache.ratis.server.impl.LogAppender$AppenderDaemon$$Lambda$508/1800936385@52e1c317] WARN  server.GrpcLogAppender (GrpcLogAppender.java:mayWait(143)) - GrpcLogAppender(a1d0d6a6-7e3c-45f4-91cb-df460e9a90a2->f7849cca-8227-4286-beaa-44e6969b61f8): Wait interrupted by java.lang.InterruptedException
2019-08-24 22:45:56,260 [main] INFO  impl.PendingRequests (PendingRequests.java:sendNotLeaderResponses(202)) - a1d0d6a6-7e3c-45f4-91cb-df460e9a90a2-PendingRequests: sendNotLeaderResponses
2019-08-24 22:45:56,260 [ForkJoinPool.commonPool-worker-1] INFO  util.JmxRegister (JmxRegister.java:unregister(73)) - Successfully un-registered JMX Bean with object name Ratis:service=RaftServer,group=group-864193311AEE,id=cba94083-6c60-4013-a5f5-8dfc358213cd
2019-08-24 22:45:56,261 [main] INFO  impl.StateMachineUpdater (StateMachineUpdater.java:stopAndJoin(115)) - StateMachineUpdater:a1d0d6a6-7e3c-45f4-91cb-df460e9a90a2:group-01CD8B84C446: set stopIndex = 18
2019-08-24 22:45:56,261 [StateMachineUpdater:a1d0d6a6-7e3c-45f4-91cb-df460e9a90a2:group-01CD8B84C446] INFO  ratis.ContainerStateMachine (ContainerStateMachine.java:takeSnapshot(283)) - group-01CD8B84C446: Taking a snapshot at:(t:1, i:14) file /workdir/hadoop-ozone/integration-test/target/test-dir/MiniOzoneClusterImpl-614c102a-29d9-417a-b8c5-0217b2e5181d/datanode-5/data/ratis/4ffee836-57b8-43a4-a116-01cd8b84c446/sm/snapshot.1_14
2019-08-24 22:45:56,261 [ForkJoinPool.commonPool-worker-1] INFO  impl.RoleInfo (RoleInfo.java:shutdownLeaderState(104)) - cba94083-6c60-4013-a5f5-8dfc358213cd: shutdown LeaderState
2019-08-24 22:45:56,264 [ForkJoinPool.commonPool-worker-1] INFO  impl.PendingRequests (PendingRequests.java:sendNotLeaderResponses(202)) - cba94083-6c60-4013-a5f5-8dfc358213cd-PendingRequests: sendNotLeaderResponses
2019-08-24 22:45:56,264 [ForkJoinPool.commonPool-worker-1] INFO  impl.StateMachineUpdater (StateMachineUpdater.java:stopAndJoin(115)) - StateMachineUpdater:cba94083-6c60-4013-a5f5-8dfc358213cd:group-864193311AEE: set stopIndex = 0
2019-08-24 22:45:56,264 [ForkJoinPool.commonPool-worker-1] INFO  impl.RaftServerImpl (ServerState.java:close(394)) - cba94083-6c60-4013-a5f5-8dfc358213cd:group-864193311AEE closes. The last applied log index is 0
2019-08-24 22:45:56,265 [cba94083-6c60-4013-a5f5-8dfc358213cd-SegmentedRaftLogWorker:Storage Directory /workdir/hadoop-ozone/integration-test/target/test-dir/MiniOzoneClusterImpl-614c102a-29d9-417a-b8c5-0217b2e5181d/datanode-0/data/ratis/9920488c-06bc-483c-85b1-864193311aee] INFO  segmented.SegmentedRaftLogWorker (SegmentedRaftLogWorker.java:run(313)) - cba94083-6c60-4013-a5f5-8dfc358213cd-SegmentedRaftLogWorker:Storage Directory /workdir/hadoop-ozone/integration-test/target/test-dir/MiniOzoneClusterImpl-614c102a-29d9-417a-b8c5-0217b2e5181d/datanode-0/data/ratis/9920488c-06bc-483c-85b1-864193311aee was interrupted, exiting. There are 0 tasks remaining in the queue.
2019-08-24 22:45:56,265 [ForkJoinPool.commonPool-worker-1] INFO  segmented.SegmentedRaftLogWorker (SegmentedRaftLogWorker.java:close(228)) - cba94083-6c60-4013-a5f5-8dfc358213cd-SegmentedRaftLogWorker:Storage Directory /workdir/hadoop-ozone/integration-test/target/test-dir/MiniOzoneClusterImpl-614c102a-29d9-417a-b8c5-0217b2e5181d/datanode-0/data/ratis/9920488c-06bc-483c-85b1-864193311aee close()
2019-08-24 22:45:56,267 [ForkJoinPool.commonPool-worker-1] INFO  impl.RaftServerImpl (RaftServerImpl.java:lambda$shutdown$3(245)) - cba94083-6c60-4013-a5f5-8dfc358213cd: shutdown group-8FA27D7B00F7
2019-08-24 22:45:56,267 [ForkJoinPool.commonPool-worker-1] INFO  util.JmxRegister (JmxRegister.java:unregister(73)) - Successfully un-registered JMX Bean with object name Ratis:service=RaftServer,group=group-8FA27D7B00F7,id=cba94083-6c60-4013-a5f5-8dfc358213cd
2019-08-24 22:45:56,268 [ForkJoinPool.commonPool-worker-1] INFO  impl.RoleInfo (RoleInfo.java:shutdownFollowerState(121)) - cba94083-6c60-4013-a5f5-8dfc358213cd: shutdown FollowerState
2019-08-24 22:45:56,268 [ForkJoinPool.commonPool-worker-1] INFO  impl.StateMachineUpdater (StateMachineUpdater.java:stopAndJoin(115)) - StateMachineUpdater:cba94083-6c60-4013-a5f5-8dfc358213cd:group-8FA27D7B00F7: set stopIndex = 15
2019-08-24 22:45:56,268 [StateMachineUpdater:cba94083-6c60-4013-a5f5-8dfc358213cd:group-8FA27D7B00F7] INFO  ratis.ContainerStateMachine (ContainerStateMachine.java:takeSnapshot(283)) - group-8FA27D7B00F7: Taking a snapshot at:(t:1, i:13) file /workdir/hadoop-ozone/integration-test/target/test-dir/MiniOzoneClusterImpl-614c102a-29d9-417a-b8c5-0217b2e5181d/datanode-0/data/ratis/bfb5824f-059b-4a53-aa71-8fa27d7b00f7/sm/snapshot.1_13
2019-08-24 22:45:56,268 [Thread-3580] INFO  impl.FollowerState (FollowerState.java:run(114)) - cba94083-6c60-4013-a5f5-8dfc358213cd: FollowerState was interrupted: java.lang.InterruptedException: sleep interrupted
2019-08-24 22:45:56,277 [StateMachineUpdater:cba94083-6c60-4013-a5f5-8dfc358213cd:group-8FA27D7B00F7] INFO  ratis.ContainerStateMachine (ContainerStateMachine.java:takeSnapshot(294)) - group-8FA27D7B00F7: Finished taking a snapshot at:(t:1, i:13) file:/workdir/hadoop-ozone/integration-test/target/test-dir/MiniOzoneClusterImpl-614c102a-29d9-417a-b8c5-0217b2e5181d/datanode-0/data/ratis/bfb5824f-059b-4a53-aa71-8fa27d7b00f7/sm/snapshot.1_13 time:9
2019-08-24 22:45:56,277 [StateMachineUpdater:a1d0d6a6-7e3c-45f4-91cb-df460e9a90a2:group-01CD8B84C446] INFO  ratis.ContainerStateMachine (ContainerStateMachine.java:takeSnapshot(294)) - group-01CD8B84C446: Finished taking a snapshot at:(t:1, i:14) file:/workdir/hadoop-ozone/integration-test/target/test-dir/MiniOzoneClusterImpl-614c102a-29d9-417a-b8c5-0217b2e5181d/datanode-5/data/ratis/4ffee836-57b8-43a4-a116-01cd8b84c446/sm/snapshot.1_14 time:15
2019-08-24 22:45:56,277 [StateMachineUpdater:cba94083-6c60-4013-a5f5-8dfc358213cd:group-8FA27D7B00F7] INFO  impl.StateMachineUpdater (StateMachineUpdater.java:takeSnapshot(242)) - StateMachineUpdater:cba94083-6c60-4013-a5f5-8dfc358213cd:group-8FA27D7B00F7: Took a snapshot at index 13
2019-08-24 22:45:56,277 [StateMachineUpdater:a1d0d6a6-7e3c-45f4-91cb-df460e9a90a2:group-01CD8B84C446] INFO  impl.StateMachineUpdater (StateMachineUpdater.java:takeSnapshot(242)) - StateMachineUpdater:a1d0d6a6-7e3c-45f4-91cb-df460e9a90a2:group-01CD8B84C446: Took a snapshot at index 14
2019-08-24 22:45:56,278 [StateMachineUpdater:cba94083-6c60-4013-a5f5-8dfc358213cd:group-8FA27D7B00F7] INFO  impl.StateMachineUpdater (StateMachineUpdater.java:lambda$new$0(80)) - StateMachineUpdater:cba94083-6c60-4013-a5f5-8dfc358213cd:group-8FA27D7B00F7: snapshotIndex: updateIncreasingly -1 -> 13
2019-08-24 22:45:56,278 [StateMachineUpdater:a1d0d6a6-7e3c-45f4-91cb-df460e9a90a2:group-01CD8B84C446] INFO  impl.StateMachineUpdater (StateMachineUpdater.java:lambda$new$0(80)) - StateMachineUpdater:a1d0d6a6-7e3c-45f4-91cb-df460e9a90a2:group-01CD8B84C446: snapshotIndex: updateIncreasingly -1 -> 14
2019-08-24 22:45:56,278 [ForkJoinPool.commonPool-worker-1] INFO  impl.RaftServerImpl (ServerState.java:close(394)) - cba94083-6c60-4013-a5f5-8dfc358213cd:group-8FA27D7B00F7 closes. The last applied log index is 15
2019-08-24 22:45:56,278 [main] INFO  impl.RaftServerImpl (ServerState.java:close(394)) - a1d0d6a6-7e3c-45f4-91cb-df460e9a90a2:group-01CD8B84C446 closes. The last applied log index is 18
2019-08-24 22:45:56,279 [cba94083-6c60-4013-a5f5-8dfc358213cd-SegmentedRaftLogWorker:Storage Directory /workdir/hadoop-ozone/integration-test/target/test-dir/MiniOzoneClusterImpl-614c102a-29d9-417a-b8c5-0217b2e5181d/datanode-0/data/ratis/bfb5824f-059b-4a53-aa71-8fa27d7b00f7] INFO  segmented.SegmentedRaftLogWorker (SegmentedRaftLogWorker.java:run(313)) - cba94083-6c60-4013-a5f5-8dfc358213cd-SegmentedRaftLogWorker:Storage Directory /workdir/hadoop-ozone/integration-test/target/test-dir/MiniOzoneClusterImpl-614c102a-29d9-417a-b8c5-0217b2e5181d/datanode-0/data/ratis/bfb5824f-059b-4a53-aa71-8fa27d7b00f7 was interrupted, exiting. There are 0 tasks remaining in the queue.
2019-08-24 22:45:56,279 [a1d0d6a6-7e3c-45f4-91cb-df460e9a90a2-SegmentedRaftLogWorker:Storage Directory /workdir/hadoop-ozone/integration-test/target/test-dir/MiniOzoneClusterImpl-614c102a-29d9-417a-b8c5-0217b2e5181d/datanode-5/data/ratis/4ffee836-57b8-43a4-a116-01cd8b84c446] INFO  segmented.SegmentedRaftLogWorker (SegmentedRaftLogWorker.java:run(313)) - a1d0d6a6-7e3c-45f4-91cb-df460e9a90a2-SegmentedRaftLogWorker:Storage Directory /workdir/hadoop-ozone/integration-test/target/test-dir/MiniOzoneClusterImpl-614c102a-29d9-417a-b8c5-0217b2e5181d/datanode-5/data/ratis/4ffee836-57b8-43a4-a116-01cd8b84c446 was interrupted, exiting. There are 0 tasks remaining in the queue.
2019-08-24 22:45:56,279 [ForkJoinPool.commonPool-worker-1] INFO  segmented.SegmentedRaftLogWorker (SegmentedRaftLogWorker.java:close(228)) - cba94083-6c60-4013-a5f5-8dfc358213cd-SegmentedRaftLogWorker:Storage Directory /workdir/hadoop-ozone/integration-test/target/test-dir/MiniOzoneClusterImpl-614c102a-29d9-417a-b8c5-0217b2e5181d/datanode-0/data/ratis/bfb5824f-059b-4a53-aa71-8fa27d7b00f7 close()
2019-08-24 22:45:56,279 [main] INFO  segmented.SegmentedRaftLogWorker (SegmentedRaftLogWorker.java:close(228)) - a1d0d6a6-7e3c-45f4-91cb-df460e9a90a2-SegmentedRaftLogWorker:Storage Directory /workdir/hadoop-ozone/integration-test/target/test-dir/MiniOzoneClusterImpl-614c102a-29d9-417a-b8c5-0217b2e5181d/datanode-5/data/ratis/4ffee836-57b8-43a4-a116-01cd8b84c446 close()
2019-08-24 22:45:56,281 [ForkJoinPool.commonPool-worker-1] INFO  server.GrpcService (GrpcService.java:closeImpl(155)) - cba94083-6c60-4013-a5f5-8dfc358213cd: shutdown server with port 43278 now
2019-08-24 22:45:56,282 [main] INFO  server.GrpcService (GrpcService.java:closeImpl(155)) - a1d0d6a6-7e3c-45f4-91cb-df460e9a90a2: shutdown server with port 40053 now
2019-08-24 22:45:56,283 [ForkJoinPool.commonPool-worker-1] INFO  server.GrpcService (GrpcService.java:closeImpl(163)) - cba94083-6c60-4013-a5f5-8dfc358213cd: shutdown server with port 43278 successfully
2019-08-24 22:45:56,284 [main] INFO  server.GrpcService (GrpcService.java:closeImpl(163)) - a1d0d6a6-7e3c-45f4-91cb-df460e9a90a2: shutdown server with port 40053 successfully
2019-08-24 22:45:56,285 [ForkJoinPool.commonPool-worker-1] INFO  utils.BackgroundService (BackgroundService.java:shutdown(148)) - Shutting down service BlockDeletingService
2019-08-24 22:45:56,287 [main] INFO  utils.BackgroundService (BackgroundService.java:shutdown(148)) - Shutting down service BlockDeletingService
2019-08-24 22:45:56,290 [refreshUsed-/workdir/hadoop-ozone/integration-test/target/test-dir/MiniOzoneClusterImpl-614c102a-29d9-417a-b8c5-0217b2e5181d/datanode-0/data/containers] WARN  fs.CachingGetSpaceUsed (CachingGetSpaceUsed.java:run(183)) - Thread Interrupted waiting to refresh disk information: sleep interrupted
2019-08-24 22:45:56,290 [refreshUsed-/workdir/hadoop-ozone/integration-test/target/test-dir/MiniOzoneClusterImpl-614c102a-29d9-417a-b8c5-0217b2e5181d/datanode-5/data/containers] WARN  fs.CachingGetSpaceUsed (CachingGetSpaceUsed.java:run(183)) - Thread Interrupted waiting to refresh disk information: sleep interrupted
2019-08-24 22:45:56,312 [ForkJoinPool.commonPool-worker-1] INFO  statemachine.DatanodeStateMachine (DatanodeStateMachine.java:stopDaemon(395)) - Ozone container server stopped.
2019-08-24 22:45:56,316 [ForkJoinPool.commonPool-worker-1] INFO  handler.ContextHandler (ContextHandler.java:doStop(910)) - Stopped o.e.j.w.WebAppContext@5fdebe73{/,null,UNAVAILABLE}{/hddsDatanode}
2019-08-24 22:45:56,317 [ForkJoinPool.commonPool-worker-1] INFO  server.AbstractConnector (AbstractConnector.java:doStop(318)) - Stopped ServerConnector@6919a8a{HTTP/1.1,[http/1.1]}{0.0.0.0:0}
2019-08-24 22:45:56,319 [ForkJoinPool.commonPool-worker-1] INFO  handler.ContextHandler (ContextHandler.java:doStop(910)) - Stopped o.e.j.s.ServletContextHandler@674b9b85{/static,jar:file:/home/user/.m2/repository/org/apache/hadoop/hadoop-hdds-container-service/0.5.0-SNAPSHOT/hadoop-hdds-container-service-0.5.0-SNAPSHOT.jar!/webapps/static,UNAVAILABLE}
2019-08-24 22:45:56,320 [main] INFO  statemachine.DatanodeStateMachine (DatanodeStateMachine.java:stopDaemon(395)) - Ozone container server stopped.
2019-08-24 22:45:56,322 [ForkJoinPool.commonPool-worker-1] INFO  handler.ContextHandler (ContextHandler.java:doStop(910)) - Stopped o.e.j.s.ServletContextHandler@7df994ec{/logs,file:///workdir/hadoop-ozone/integration-test/target/log,UNAVAILABLE}
2019-08-24 22:45:56,323 [main] INFO  handler.ContextHandler (ContextHandler.java:doStop(910)) - Stopped o.e.j.w.WebAppContext@21f48f6c{/,null,UNAVAILABLE}{/hddsDatanode}
2019-08-24 22:45:56,323 [main] INFO  server.AbstractConnector (AbstractConnector.java:doStop(318)) - Stopped ServerConnector@16745ba7{HTTP/1.1,[http/1.1]}{0.0.0.0:0}
2019-08-24 22:45:56,324 [main] INFO  handler.ContextHandler (ContextHandler.java:doStop(910)) - Stopped o.e.j.s.ServletContextHandler@72e806{/static,jar:file:/home/user/.m2/repository/org/apache/hadoop/hadoop-hdds-container-service/0.5.0-SNAPSHOT/hadoop-hdds-container-service-0.5.0-SNAPSHOT.jar!/webapps/static,UNAVAILABLE}
2019-08-24 22:45:56,324 [main] INFO  handler.ContextHandler (ContextHandler.java:doStop(910)) - Stopped o.e.j.s.ServletContextHandler@58885a2e{/logs,file:///workdir/hadoop-ozone/integration-test/target/log,UNAVAILABLE}
2019-08-24 22:45:56,325 [main] INFO  ozone.MiniOzoneClusterImpl (MiniOzoneClusterImpl.java:stop(353)) - Stopping the StorageContainerManager
2019-08-24 22:45:56,326 [main] INFO  server.StorageContainerManager (StorageContainerManager.java:stop(797)) - Stopping Replication Manager Service.
2019-08-24 22:45:56,326 [main] INFO  container.ReplicationManager (ReplicationManager.java:stop(193)) - Stopping Replication Monitor Thread.
2019-08-24 22:45:56,326 [main] INFO  server.StorageContainerManager (StorageContainerManager.java:stop(804)) - Stopping Lease Manager of the command watchers
2019-08-24 22:45:56,326 [main] INFO  server.StorageContainerManager (StorageContainerManager.java:stop(811)) - Stopping datanode service RPC server
2019-08-24 22:45:56,327 [main] INFO  server.SCMDatanodeProtocolServer (SCMDatanodeProtocolServer.java:stop(367)) - Stopping the RPC server for DataNodes
2019-08-24 22:45:56,327 [main] INFO  ipc.Server (Server.java:stop(3082)) - Stopping server on 44456
2019-08-24 22:45:56,330 [IPC Server listener on 44456] INFO  ipc.Server (Server.java:run(1185)) - Stopping IPC Server listener on 44456
2019-08-24 22:45:56,330 [IPC Server Responder] INFO  ipc.Server (Server.java:run(1319)) - Stopping IPC Server Responder
2019-08-24 22:45:56,414 [SCM Heartbeat Processing Thread - 0] WARN  node.NodeStateManager (NodeStateManager.java:scheduleNextHealthCheck(646)) - Current Thread is interrupted, shutting down HB processing thread for Node Manager.
2019-08-24 22:45:56,414 [main] INFO  server.StorageContainerManager (StorageContainerManager.java:stop(819)) - Stopping block service RPC server
2019-08-24 22:45:56,414 [main] INFO  server.SCMBlockProtocolServer (SCMBlockProtocolServer.java:stop(148)) - Stopping the RPC server for Block Protocol
2019-08-24 22:45:56,414 [main] INFO  ipc.Server (Server.java:stop(3082)) - Stopping server on 44418
2019-08-24 22:45:56,416 [IPC Server listener on 44418] INFO  ipc.Server (Server.java:run(1185)) - Stopping IPC Server listener on 44418
2019-08-24 22:45:56,417 [main] INFO  server.StorageContainerManager (StorageContainerManager.java:stop(826)) - Stopping the StorageContainerLocationProtocol RPC server
2019-08-24 22:45:56,418 [main] INFO  server.SCMClientProtocolServer (SCMClientProtocolServer.java:stop(159)) - Stopping the RPC server for Client Protocol
2019-08-24 22:45:56,418 [main] INFO  ipc.Server (Server.java:stop(3082)) - Stopping server on 33301
2019-08-24 22:45:56,418 [IPC Server Responder] INFO  ipc.Server (Server.java:run(1319)) - Stopping IPC Server Responder
2019-08-24 22:45:56,420 [main] INFO  server.StorageContainerManager (StorageContainerManager.java:stop(833)) - Stopping Storage Container Manager HTTP server.
2019-08-24 22:45:56,421 [IPC Server listener on 33301] INFO  ipc.Server (Server.java:run(1185)) - Stopping IPC Server listener on 33301
2019-08-24 22:45:56,422 [IPC Server Responder] INFO  ipc.Server (Server.java:run(1319)) - Stopping IPC Server Responder
2019-08-24 22:45:56,423 [main] INFO  handler.ContextHandler (ContextHandler.java:doStop(910)) - Stopped o.e.j.w.WebAppContext@df0b348{/,null,UNAVAILABLE}{/scm}
2019-08-24 22:45:56,424 [main] INFO  server.AbstractConnector (AbstractConnector.java:doStop(318)) - Stopped ServerConnector@441c2d2a{HTTP/1.1,[http/1.1]}{0.0.0.0:0}
2019-08-24 22:45:56,424 [main] INFO  handler.ContextHandler (ContextHandler.java:doStop(910)) - Stopped o.e.j.s.ServletContextHandler@4a10e65b{/static,file:///workdir/hadoop-ozone/integration-test/target/test-classes/webapps/static,UNAVAILABLE}
2019-08-24 22:45:56,425 [main] INFO  handler.ContextHandler (ContextHandler.java:doStop(910)) - Stopped o.e.j.s.ServletContextHandler@4cb0e39e{/logs,file:///workdir/hadoop-ozone/integration-test/target/log,UNAVAILABLE}
2019-08-24 22:45:56,426 [main] INFO  server.StorageContainerManager (StorageContainerManager.java:stop(844)) - Stopping Block Manager Service.
2019-08-24 22:45:56,426 [main] INFO  utils.BackgroundService (BackgroundService.java:shutdown(148)) - Shutting down service SCMBlockDeletingService
2019-08-24 22:45:56,427 [main] INFO  utils.BackgroundService (BackgroundService.java:shutdown(148)) - Shutting down service SCMBlockDeletingService
2019-08-24 22:45:56,427 [main] INFO  server.StorageContainerManager (StorageContainerManager.java:stop(866)) - Stopping SCM Event Queue.
2019-08-24 22:45:56,432 [main] INFO  impl.MetricsSystemImpl (MetricsSystemImpl.java:stop(210)) - Stopping HddsDatanode metrics system...
2019-08-24 22:45:56,445 [main] INFO  impl.MetricsSystemImpl (MetricsSystemImpl.java:stop(216)) - HddsDatanode metrics system stopped.
]]></system-out>
    <system-err><![CDATA[Aug 24, 2019 10:45:14 PM com.sun.jersey.server.impl.application.WebApplicationImpl _initiate
INFO: Initiating Jersey application, version 'Jersey: 1.19 02/11/2015 03:25 AM'
Aug 24, 2019 10:45:14 PM com.sun.jersey.server.impl.application.WebApplicationImpl _initiate
INFO: Initiating Jersey application, version 'Jersey: 1.19 02/11/2015 03:25 AM'
Aug 24, 2019 10:45:14 PM com.sun.jersey.server.impl.application.WebApplicationImpl _initiate
INFO: Initiating Jersey application, version 'Jersey: 1.19 02/11/2015 03:25 AM'
Aug 24, 2019 10:45:14 PM com.sun.jersey.server.impl.application.WebApplicationImpl _initiate
INFO: Initiating Jersey application, version 'Jersey: 1.19 02/11/2015 03:25 AM'
Aug 24, 2019 10:45:15 PM com.sun.jersey.server.impl.application.WebApplicationImpl _initiate
INFO: Initiating Jersey application, version 'Jersey: 1.19 02/11/2015 03:25 AM'
Aug 24, 2019 10:45:15 PM com.sun.jersey.server.impl.application.WebApplicationImpl _initiate
INFO: Initiating Jersey application, version 'Jersey: 1.19 02/11/2015 03:25 AM'
Aug 24, 2019 10:45:15 PM com.sun.jersey.server.impl.application.WebApplicationImpl _initiate
INFO: Initiating Jersey application, version 'Jersey: 1.19 02/11/2015 03:25 AM'
Aug 24, 2019 10:45:18 PM org.apache.ratis.thirdparty.io.grpc.internal.ManagedChannelOrphanWrapper$ManagedChannelReference cleanQueue
SEVERE: *~*~*~ Channel ManagedChannelImpl{logId=2560, target=192.168.34.50:40151} was not shutdown properly!!! ~*~*~*
    Make sure to call shutdown()/shutdownNow() and wait until awaitTermination() returns true.
java.lang.RuntimeException: ManagedChannel allocation site
	at org.apache.ratis.thirdparty.io.grpc.internal.ManagedChannelOrphanWrapper$ManagedChannelReference.<init>(ManagedChannelOrphanWrapper.java:103)
	at org.apache.ratis.thirdparty.io.grpc.internal.ManagedChannelOrphanWrapper.<init>(ManagedChannelOrphanWrapper.java:53)
	at org.apache.ratis.thirdparty.io.grpc.internal.ManagedChannelOrphanWrapper.<init>(ManagedChannelOrphanWrapper.java:44)
	at org.apache.ratis.thirdparty.io.grpc.internal.AbstractManagedChannelImplBuilder.build(AbstractManagedChannelImplBuilder.java:411)
	at org.apache.ratis.grpc.client.GrpcClientProtocolClient.<init>(GrpcClientProtocolClient.java:119)
	at org.apache.ratis.grpc.client.GrpcClientRpc.lambda$new$0(GrpcClientRpc.java:55)
	at org.apache.ratis.util.PeerProxyMap$PeerAndProxy.lambda$getProxy$0(PeerProxyMap.java:61)
	at org.apache.ratis.util.LifeCycle.startAndTransition(LifeCycle.java:202)
	at org.apache.ratis.util.PeerProxyMap$PeerAndProxy.getProxy(PeerProxyMap.java:60)
	at org.apache.ratis.util.PeerProxyMap.getProxy(PeerProxyMap.java:107)
	at org.apache.ratis.grpc.client.GrpcClientRpc.sendRequestAsync(GrpcClientRpc.java:66)
	at org.apache.ratis.client.impl.OrderedAsync.sendRequest(OrderedAsync.java:208)
	at org.apache.ratis.client.impl.OrderedAsync.sendRequestWithRetry(OrderedAsync.java:169)
	at org.apache.ratis.util.SlidingWindow$Client.sendOrDelayRequest(SlidingWindow.java:278)
	at org.apache.ratis.util.SlidingWindow$Client.submitNewRequest(SlidingWindow.java:257)
	at org.apache.ratis.client.impl.OrderedAsync.send(OrderedAsync.java:155)
	at org.apache.ratis.client.impl.RaftClientImpl.sendAsync(RaftClientImpl.java:145)
	at org.apache.ratis.client.impl.RaftClientImpl.sendAsync(RaftClientImpl.java:125)
	at org.apache.hadoop.hdds.scm.XceiverClientRatis.sendRequestAsync(XceiverClientRatis.java:224)
	at org.apache.hadoop.hdds.scm.XceiverClientRatis.sendCommandAsync(XceiverClientRatis.java:302)
	at org.apache.hadoop.hdds.scm.storage.ContainerProtocolCalls.writeChunkAsync(ContainerProtocolCalls.java:310)
	at org.apache.hadoop.hdds.scm.storage.BlockOutputStream.writeChunkToContainer(BlockOutputStream.java:601)
	at org.apache.hadoop.hdds.scm.storage.BlockOutputStream.writeChunk(BlockOutputStream.java:459)
	at org.apache.hadoop.hdds.scm.storage.BlockOutputStream.writeOnRetry(BlockOutputStream.java:285)
	at org.apache.hadoop.ozone.client.io.BlockOutputStreamEntry.writeOnRetry(BlockOutputStreamEntry.java:200)
	at org.apache.hadoop.ozone.client.io.KeyOutputStream.handleWrite(KeyOutputStream.java:209)
	at org.apache.hadoop.ozone.client.io.KeyOutputStream.handleRetry(KeyOutputStream.java:376)
	at org.apache.hadoop.ozone.client.io.KeyOutputStream.handleException(KeyOutputStream.java:325)
	at org.apache.hadoop.ozone.client.io.KeyOutputStream.handleFlushOrClose(KeyOutputStream.java:448)
	at org.apache.hadoop.ozone.client.io.KeyOutputStream.handleWrite(KeyOutputStream.java:235)
	at org.apache.hadoop.ozone.client.io.KeyOutputStream.write(KeyOutputStream.java:193)
	at org.apache.hadoop.ozone.client.io.OzoneOutputStream.write(OzoneOutputStream.java:49)
	at java.io.OutputStream.write(OutputStream.java:75)
	at org.apache.hadoop.ozone.client.rpc.TestBlockOutputStreamWithFailures.testDatanodeFailureWithSingleNodeRatis(TestBlockOutputStreamWithFailures.java:1021)
	at sun.reflect.NativeMethodAccessorImpl.invoke0(Native Method)
	at sun.reflect.NativeMethodAccessorImpl.invoke(NativeMethodAccessorImpl.java:62)
	at sun.reflect.DelegatingMethodAccessorImpl.invoke(DelegatingMethodAccessorImpl.java:43)
	at java.lang.reflect.Method.invoke(Method.java:498)
	at org.junit.runners.model.FrameworkMethod$1.runReflectiveCall(FrameworkMethod.java:47)
	at org.junit.internal.runners.model.ReflectiveCallable.run(ReflectiveCallable.java:12)
	at org.junit.runners.model.FrameworkMethod.invokeExplosively(FrameworkMethod.java:44)
	at org.junit.internal.runners.statements.InvokeMethod.evaluate(InvokeMethod.java:17)
	at org.junit.internal.runners.statements.RunBefores.evaluate(RunBefores.java:26)
	at org.junit.internal.runners.statements.RunAfters.evaluate(RunAfters.java:27)
	at org.junit.runners.ParentRunner.runLeaf(ParentRunner.java:271)
	at org.junit.runners.BlockJUnit4ClassRunner.runChild(BlockJUnit4ClassRunner.java:70)
	at org.junit.runners.BlockJUnit4ClassRunner.runChild(BlockJUnit4ClassRunner.java:50)
	at org.junit.runners.ParentRunner$3.run(ParentRunner.java:238)
	at org.junit.runners.ParentRunner$1.schedule(ParentRunner.java:63)
	at org.junit.runners.ParentRunner.runChildren(ParentRunner.java:236)
	at org.junit.runners.ParentRunner.access$000(ParentRunner.java:53)
	at org.junit.runners.ParentRunner$2.evaluate(ParentRunner.java:229)
	at org.junit.runners.ParentRunner.run(ParentRunner.java:309)
	at org.apache.maven.surefire.junit4.JUnit4Provider.execute(JUnit4Provider.java:365)
	at org.apache.maven.surefire.junit4.JUnit4Provider.executeWithRerun(JUnit4Provider.java:273)
	at org.apache.maven.surefire.junit4.JUnit4Provider.executeTestSet(JUnit4Provider.java:238)
	at org.apache.maven.surefire.junit4.JUnit4Provider.invoke(JUnit4Provider.java:159)
	at org.apache.maven.surefire.booter.ForkedBooter.invokeProviderInSameClassLoader(ForkedBooter.java:384)
	at org.apache.maven.surefire.booter.ForkedBooter.runSuitesInProcess(ForkedBooter.java:345)
	at org.apache.maven.surefire.booter.ForkedBooter.execute(ForkedBooter.java:126)
	at org.apache.maven.surefire.booter.ForkedBooter.main(ForkedBooter.java:418)

Aug 24, 2019 10:45:18 PM org.apache.ratis.thirdparty.io.grpc.internal.ManagedChannelOrphanWrapper$ManagedChannelReference cleanQueue
SEVERE: *~*~*~ Channel ManagedChannelImpl{logId=2595, target=192.168.34.50:38433} was not shutdown properly!!! ~*~*~*
    Make sure to call shutdown()/shutdownNow() and wait until awaitTermination() returns true.
java.lang.RuntimeException: ManagedChannel allocation site
	at org.apache.ratis.thirdparty.io.grpc.internal.ManagedChannelOrphanWrapper$ManagedChannelReference.<init>(ManagedChannelOrphanWrapper.java:103)
	at org.apache.ratis.thirdparty.io.grpc.internal.ManagedChannelOrphanWrapper.<init>(ManagedChannelOrphanWrapper.java:53)
	at org.apache.ratis.thirdparty.io.grpc.internal.ManagedChannelOrphanWrapper.<init>(ManagedChannelOrphanWrapper.java:44)
	at org.apache.ratis.thirdparty.io.grpc.internal.AbstractManagedChannelImplBuilder.build(AbstractManagedChannelImplBuilder.java:411)
	at org.apache.hadoop.hdds.scm.XceiverClientGrpc.connectToDatanode(XceiverClientGrpc.java:174)
	at org.apache.hadoop.hdds.scm.XceiverClientGrpc.reconnect(XceiverClientGrpc.java:422)
	at org.apache.hadoop.hdds.scm.XceiverClientGrpc.sendCommandAsync(XceiverClientGrpc.java:371)
	at org.apache.hadoop.hdds.scm.XceiverClientGrpc.sendCommandWithRetry(XceiverClientGrpc.java:284)
	at org.apache.hadoop.hdds.scm.XceiverClientGrpc.sendCommandWithTraceIDAndRetry(XceiverClientGrpc.java:250)
	at org.apache.hadoop.hdds.scm.XceiverClientGrpc.sendCommand(XceiverClientGrpc.java:233)
	at org.apache.hadoop.hdds.scm.storage.ContainerProtocolCalls.getBlock(ContainerProtocolCalls.java:118)
	at org.apache.hadoop.hdds.scm.storage.BlockInputStream.getChunkInfos(BlockInputStream.java:167)
	at org.apache.hadoop.hdds.scm.storage.BlockInputStream.initialize(BlockInputStream.java:118)
	at org.apache.hadoop.hdds.scm.storage.BlockInputStream.read(BlockInputStream.java:222)
	at org.apache.hadoop.ozone.client.io.KeyInputStream.read(KeyInputStream.java:171)
	at org.apache.hadoop.ozone.client.io.OzoneInputStream.read(OzoneInputStream.java:47)
	at java.io.InputStream.read(InputStream.java:101)
	at org.apache.hadoop.ozone.container.ContainerTestHelper.validateData(ContainerTestHelper.java:713)
	at org.apache.hadoop.ozone.client.rpc.TestBlockOutputStreamWithFailures.validateData(TestBlockOutputStreamWithFailures.java:1216)
	at org.apache.hadoop.ozone.client.rpc.TestBlockOutputStreamWithFailures.testDatanodeFailureWithSingleNodeRatis(TestBlockOutputStreamWithFailures.java:1058)
	at sun.reflect.NativeMethodAccessorImpl.invoke0(Native Method)
	at sun.reflect.NativeMethodAccessorImpl.invoke(NativeMethodAccessorImpl.java:62)
	at sun.reflect.DelegatingMethodAccessorImpl.invoke(DelegatingMethodAccessorImpl.java:43)
	at java.lang.reflect.Method.invoke(Method.java:498)
	at org.junit.runners.model.FrameworkMethod$1.runReflectiveCall(FrameworkMethod.java:47)
	at org.junit.internal.runners.model.ReflectiveCallable.run(ReflectiveCallable.java:12)
	at org.junit.runners.model.FrameworkMethod.invokeExplosively(FrameworkMethod.java:44)
	at org.junit.internal.runners.statements.InvokeMethod.evaluate(InvokeMethod.java:17)
	at org.junit.internal.runners.statements.RunBefores.evaluate(RunBefores.java:26)
	at org.junit.internal.runners.statements.RunAfters.evaluate(RunAfters.java:27)
	at org.junit.runners.ParentRunner.runLeaf(ParentRunner.java:271)
	at org.junit.runners.BlockJUnit4ClassRunner.runChild(BlockJUnit4ClassRunner.java:70)
	at org.junit.runners.BlockJUnit4ClassRunner.runChild(BlockJUnit4ClassRunner.java:50)
	at org.junit.runners.ParentRunner$3.run(ParentRunner.java:238)
	at org.junit.runners.ParentRunner$1.schedule(ParentRunner.java:63)
	at org.junit.runners.ParentRunner.runChildren(ParentRunner.java:236)
	at org.junit.runners.ParentRunner.access$000(ParentRunner.java:53)
	at org.junit.runners.ParentRunner$2.evaluate(ParentRunner.java:229)
	at org.junit.runners.ParentRunner.run(ParentRunner.java:309)
	at org.apache.maven.surefire.junit4.JUnit4Provider.execute(JUnit4Provider.java:365)
	at org.apache.maven.surefire.junit4.JUnit4Provider.executeWithRerun(JUnit4Provider.java:273)
	at org.apache.maven.surefire.junit4.JUnit4Provider.executeTestSet(JUnit4Provider.java:238)
	at org.apache.maven.surefire.junit4.JUnit4Provider.invoke(JUnit4Provider.java:159)
	at org.apache.maven.surefire.booter.ForkedBooter.invokeProviderInSameClassLoader(ForkedBooter.java:384)
	at org.apache.maven.surefire.booter.ForkedBooter.runSuitesInProcess(ForkedBooter.java:345)
	at org.apache.maven.surefire.booter.ForkedBooter.execute(ForkedBooter.java:126)
	at org.apache.maven.surefire.booter.ForkedBooter.main(ForkedBooter.java:418)

Aug 24, 2019 10:45:18 PM org.apache.ratis.thirdparty.io.grpc.internal.ManagedChannelOrphanWrapper$ManagedChannelReference cleanQueue
SEVERE: *~*~*~ Channel ManagedChannelImpl{logId=2801, target=192.168.34.50:35191} was not shutdown properly!!! ~*~*~*
    Make sure to call shutdown()/shutdownNow() and wait until awaitTermination() returns true.
java.lang.RuntimeException: ManagedChannel allocation site
	at org.apache.ratis.thirdparty.io.grpc.internal.ManagedChannelOrphanWrapper$ManagedChannelReference.<init>(ManagedChannelOrphanWrapper.java:103)
	at org.apache.ratis.thirdparty.io.grpc.internal.ManagedChannelOrphanWrapper.<init>(ManagedChannelOrphanWrapper.java:53)
	at org.apache.ratis.thirdparty.io.grpc.internal.ManagedChannelOrphanWrapper.<init>(ManagedChannelOrphanWrapper.java:44)
	at org.apache.ratis.thirdparty.io.grpc.internal.AbstractManagedChannelImplBuilder.build(AbstractManagedChannelImplBuilder.java:411)
	at org.apache.ratis.grpc.client.GrpcClientProtocolClient.<init>(GrpcClientProtocolClient.java:119)
	at org.apache.ratis.grpc.client.GrpcClientRpc.lambda$new$0(GrpcClientRpc.java:55)
	at org.apache.ratis.util.PeerProxyMap$PeerAndProxy.lambda$getProxy$0(PeerProxyMap.java:61)
	at org.apache.ratis.util.LifeCycle.startAndTransition(LifeCycle.java:202)
	at org.apache.ratis.util.PeerProxyMap$PeerAndProxy.getProxy(PeerProxyMap.java:60)
	at org.apache.ratis.util.PeerProxyMap.getProxy(PeerProxyMap.java:107)
	at org.apache.ratis.grpc.client.GrpcClientRpc.sendRequestAsync(GrpcClientRpc.java:66)
	at org.apache.ratis.client.impl.OrderedAsync.sendRequest(OrderedAsync.java:208)
	at org.apache.ratis.client.impl.OrderedAsync.sendRequestWithRetry(OrderedAsync.java:169)
	at org.apache.ratis.util.SlidingWindow$Client.sendOrDelayRequest(SlidingWindow.java:278)
	at org.apache.ratis.util.SlidingWindow$Client.retry(SlidingWindow.java:294)
	at org.apache.ratis.client.impl.OrderedAsync.lambda$scheduleWithTimeout$7(OrderedAsync.java:195)
	at org.apache.ratis.util.TimeoutScheduler.lambda$onTimeout$0(TimeoutScheduler.java:85)
	at org.apache.ratis.util.TimeoutScheduler.lambda$onTimeout$1(TimeoutScheduler.java:104)
	at org.apache.ratis.util.LogUtils.runAndLog(LogUtils.java:50)
	at org.apache.ratis.util.LogUtils$1.run(LogUtils.java:91)
	at java.util.concurrent.Executors$RunnableAdapter.call(Executors.java:511)
	at java.util.concurrent.FutureTask.run(FutureTask.java:266)
	at java.util.concurrent.ScheduledThreadPoolExecutor$ScheduledFutureTask.access$201(ScheduledThreadPoolExecutor.java:180)
	at java.util.concurrent.ScheduledThreadPoolExecutor$ScheduledFutureTask.run(ScheduledThreadPoolExecutor.java:293)
	at java.util.concurrent.ThreadPoolExecutor.runWorker(ThreadPoolExecutor.java:1149)
	at java.util.concurrent.ThreadPoolExecutor$Worker.run(ThreadPoolExecutor.java:624)
	at java.lang.Thread.run(Thread.java:748)

Aug 24, 2019 10:45:18 PM org.apache.ratis.thirdparty.io.grpc.internal.ManagedChannelOrphanWrapper$ManagedChannelReference cleanQueue
SEVERE: *~*~*~ Channel ManagedChannelImpl{logId=2816, target=192.168.34.50:40350} was not shutdown properly!!! ~*~*~*
    Make sure to call shutdown()/shutdownNow() and wait until awaitTermination() returns true.
java.lang.RuntimeException: ManagedChannel allocation site
	at org.apache.ratis.thirdparty.io.grpc.internal.ManagedChannelOrphanWrapper$ManagedChannelReference.<init>(ManagedChannelOrphanWrapper.java:103)
	at org.apache.ratis.thirdparty.io.grpc.internal.ManagedChannelOrphanWrapper.<init>(ManagedChannelOrphanWrapper.java:53)
	at org.apache.ratis.thirdparty.io.grpc.internal.ManagedChannelOrphanWrapper.<init>(ManagedChannelOrphanWrapper.java:44)
	at org.apache.ratis.thirdparty.io.grpc.internal.AbstractManagedChannelImplBuilder.build(AbstractManagedChannelImplBuilder.java:411)
	at org.apache.hadoop.hdds.scm.XceiverClientGrpc.connectToDatanode(XceiverClientGrpc.java:174)
	at org.apache.hadoop.hdds.scm.XceiverClientGrpc.reconnect(XceiverClientGrpc.java:422)
	at org.apache.hadoop.hdds.scm.XceiverClientGrpc.sendCommandAsync(XceiverClientGrpc.java:371)
	at org.apache.hadoop.hdds.scm.XceiverClientGrpc.sendCommandWithRetry(XceiverClientGrpc.java:284)
	at org.apache.hadoop.hdds.scm.XceiverClientGrpc.sendCommandWithTraceIDAndRetry(XceiverClientGrpc.java:250)
	at org.apache.hadoop.hdds.scm.XceiverClientGrpc.sendCommand(XceiverClientGrpc.java:233)
	at org.apache.hadoop.hdds.scm.storage.ContainerProtocolCalls.getBlock(ContainerProtocolCalls.java:118)
	at org.apache.hadoop.hdds.scm.storage.BlockInputStream.getChunkInfos(BlockInputStream.java:167)
	at org.apache.hadoop.hdds.scm.storage.BlockInputStream.initialize(BlockInputStream.java:118)
	at org.apache.hadoop.hdds.scm.storage.BlockInputStream.read(BlockInputStream.java:222)
	at org.apache.hadoop.ozone.client.io.KeyInputStream.read(KeyInputStream.java:171)
	at org.apache.hadoop.ozone.client.io.OzoneInputStream.read(OzoneInputStream.java:47)
	at java.io.InputStream.read(InputStream.java:101)
	at org.apache.hadoop.ozone.container.ContainerTestHelper.validateData(ContainerTestHelper.java:713)
	at org.apache.hadoop.ozone.client.rpc.TestBlockOutputStreamWithFailures.validateData(TestBlockOutputStreamWithFailures.java:1216)
	at org.apache.hadoop.ozone.client.rpc.TestBlockOutputStreamWithFailures.testWatchForCommitWithSingleNodeRatis(TestBlockOutputStreamWithFailures.java:918)
	at sun.reflect.NativeMethodAccessorImpl.invoke0(Native Method)
	at sun.reflect.NativeMethodAccessorImpl.invoke(NativeMethodAccessorImpl.java:62)
	at sun.reflect.DelegatingMethodAccessorImpl.invoke(DelegatingMethodAccessorImpl.java:43)
	at java.lang.reflect.Method.invoke(Method.java:498)
	at org.junit.runners.model.FrameworkMethod$1.runReflectiveCall(FrameworkMethod.java:47)
	at org.junit.internal.runners.model.ReflectiveCallable.run(ReflectiveCallable.java:12)
	at org.junit.runners.model.FrameworkMethod.invokeExplosively(FrameworkMethod.java:44)
	at org.junit.internal.runners.statements.InvokeMethod.evaluate(InvokeMethod.java:17)
	at org.junit.internal.runners.statements.RunBefores.evaluate(RunBefores.java:26)
	at org.junit.internal.runners.statements.RunAfters.evaluate(RunAfters.java:27)
	at org.junit.runners.ParentRunner.runLeaf(ParentRunner.java:271)
	at org.junit.runners.BlockJUnit4ClassRunner.runChild(BlockJUnit4ClassRunner.java:70)
	at org.junit.runners.BlockJUnit4ClassRunner.runChild(BlockJUnit4ClassRunner.java:50)
	at org.junit.runners.ParentRunner$3.run(ParentRunner.java:238)
	at org.junit.runners.ParentRunner$1.schedule(ParentRunner.java:63)
	at org.junit.runners.ParentRunner.runChildren(ParentRunner.java:236)
	at org.junit.runners.ParentRunner.access$000(ParentRunner.java:53)
	at org.junit.runners.ParentRunner$2.evaluate(ParentRunner.java:229)
	at org.junit.runners.ParentRunner.run(ParentRunner.java:309)
	at org.apache.maven.surefire.junit4.JUnit4Provider.execute(JUnit4Provider.java:365)
	at org.apache.maven.surefire.junit4.JUnit4Provider.executeWithRerun(JUnit4Provider.java:273)
	at org.apache.maven.surefire.junit4.JUnit4Provider.executeTestSet(JUnit4Provider.java:238)
	at org.apache.maven.surefire.junit4.JUnit4Provider.invoke(JUnit4Provider.java:159)
	at org.apache.maven.surefire.booter.ForkedBooter.invokeProviderInSameClassLoader(ForkedBooter.java:384)
	at org.apache.maven.surefire.booter.ForkedBooter.runSuitesInProcess(ForkedBooter.java:345)
	at org.apache.maven.surefire.booter.ForkedBooter.execute(ForkedBooter.java:126)
	at org.apache.maven.surefire.booter.ForkedBooter.main(ForkedBooter.java:418)

Aug 24, 2019 10:45:18 PM org.apache.ratis.thirdparty.io.grpc.internal.ManagedChannelOrphanWrapper$ManagedChannelReference cleanQueue
SEVERE: *~*~*~ Channel ManagedChannelImpl{logId=2806, target=192.168.34.50:42574} was not shutdown properly!!! ~*~*~*
    Make sure to call shutdown()/shutdownNow() and wait until awaitTermination() returns true.
java.lang.RuntimeException: ManagedChannel allocation site
	at org.apache.ratis.thirdparty.io.grpc.internal.ManagedChannelOrphanWrapper$ManagedChannelReference.<init>(ManagedChannelOrphanWrapper.java:103)
	at org.apache.ratis.thirdparty.io.grpc.internal.ManagedChannelOrphanWrapper.<init>(ManagedChannelOrphanWrapper.java:53)
	at org.apache.ratis.thirdparty.io.grpc.internal.ManagedChannelOrphanWrapper.<init>(ManagedChannelOrphanWrapper.java:44)
	at org.apache.ratis.thirdparty.io.grpc.internal.AbstractManagedChannelImplBuilder.build(AbstractManagedChannelImplBuilder.java:411)
	at org.apache.ratis.grpc.client.GrpcClientProtocolClient.<init>(GrpcClientProtocolClient.java:119)
	at org.apache.ratis.grpc.client.GrpcClientRpc.lambda$new$0(GrpcClientRpc.java:55)
	at org.apache.ratis.util.PeerProxyMap$PeerAndProxy.lambda$getProxy$0(PeerProxyMap.java:61)
	at org.apache.ratis.util.LifeCycle.startAndTransition(LifeCycle.java:202)
	at org.apache.ratis.util.PeerProxyMap$PeerAndProxy.getProxy(PeerProxyMap.java:60)
	at org.apache.ratis.util.PeerProxyMap.getProxy(PeerProxyMap.java:107)
	at org.apache.ratis.grpc.client.GrpcClientRpc.sendRequestAsync(GrpcClientRpc.java:66)
	at org.apache.ratis.client.impl.OrderedAsync.sendRequest(OrderedAsync.java:208)
	at org.apache.ratis.client.impl.OrderedAsync.sendRequestWithRetry(OrderedAsync.java:169)
	at org.apache.ratis.util.SlidingWindow$Client.sendOrDelayRequest(SlidingWindow.java:278)
	at org.apache.ratis.util.SlidingWindow$Client.submitNewRequest(SlidingWindow.java:257)
	at org.apache.ratis.client.impl.OrderedAsync.send(OrderedAsync.java:155)
	at org.apache.ratis.client.impl.RaftClientImpl.sendAsync(RaftClientImpl.java:145)
	at org.apache.ratis.client.impl.RaftClientImpl.sendAsync(RaftClientImpl.java:125)
	at org.apache.hadoop.hdds.scm.XceiverClientRatis.sendRequestAsync(XceiverClientRatis.java:224)
	at org.apache.hadoop.hdds.scm.XceiverClientRatis.sendCommandAsync(XceiverClientRatis.java:302)
	at org.apache.hadoop.hdds.scm.storage.ContainerProtocolCalls.writeChunkAsync(ContainerProtocolCalls.java:310)
	at org.apache.hadoop.hdds.scm.storage.BlockOutputStream.writeChunkToContainer(BlockOutputStream.java:601)
	at org.apache.hadoop.hdds.scm.storage.BlockOutputStream.writeChunk(BlockOutputStream.java:459)
	at org.apache.hadoop.hdds.scm.storage.BlockOutputStream.writeOnRetry(BlockOutputStream.java:285)
	at org.apache.hadoop.ozone.client.io.BlockOutputStreamEntry.writeOnRetry(BlockOutputStreamEntry.java:200)
	at org.apache.hadoop.ozone.client.io.KeyOutputStream.handleWrite(KeyOutputStream.java:209)
	at org.apache.hadoop.ozone.client.io.KeyOutputStream.handleRetry(KeyOutputStream.java:376)
	at org.apache.hadoop.ozone.client.io.KeyOutputStream.handleException(KeyOutputStream.java:325)
	at org.apache.hadoop.ozone.client.io.KeyOutputStream.handleFlushOrClose(KeyOutputStream.java:448)
	at org.apache.hadoop.ozone.client.io.KeyOutputStream.handleWrite(KeyOutputStream.java:235)
	at org.apache.hadoop.ozone.client.io.KeyOutputStream.write(KeyOutputStream.java:193)
	at org.apache.hadoop.ozone.client.io.OzoneOutputStream.write(OzoneOutputStream.java:49)
	at java.io.OutputStream.write(OutputStream.java:75)
	at org.apache.hadoop.ozone.client.rpc.TestBlockOutputStreamWithFailures.testWatchForCommitWithSingleNodeRatis(TestBlockOutputStreamWithFailures.java:885)
	at sun.reflect.NativeMethodAccessorImpl.invoke0(Native Method)
	at sun.reflect.NativeMethodAccessorImpl.invoke(NativeMethodAccessorImpl.java:62)
	at sun.reflect.DelegatingMethodAccessorImpl.invoke(DelegatingMethodAccessorImpl.java:43)
	at java.lang.reflect.Method.invoke(Method.java:498)
	at org.junit.runners.model.FrameworkMethod$1.runReflectiveCall(FrameworkMethod.java:47)
	at org.junit.internal.runners.model.ReflectiveCallable.run(ReflectiveCallable.java:12)
	at org.junit.runners.model.FrameworkMethod.invokeExplosively(FrameworkMethod.java:44)
	at org.junit.internal.runners.statements.InvokeMethod.evaluate(InvokeMethod.java:17)
	at org.junit.internal.runners.statements.RunBefores.evaluate(RunBefores.java:26)
	at org.junit.internal.runners.statements.RunAfters.evaluate(RunAfters.java:27)
	at org.junit.runners.ParentRunner.runLeaf(ParentRunner.java:271)
	at org.junit.runners.BlockJUnit4ClassRunner.runChild(BlockJUnit4ClassRunner.java:70)
	at org.junit.runners.BlockJUnit4ClassRunner.runChild(BlockJUnit4ClassRunner.java:50)
	at org.junit.runners.ParentRunner$3.run(ParentRunner.java:238)
	at org.junit.runners.ParentRunner$1.schedule(ParentRunner.java:63)
	at org.junit.runners.ParentRunner.runChildren(ParentRunner.java:236)
	at org.junit.runners.ParentRunner.access$000(ParentRunner.java:53)
	at org.junit.runners.ParentRunner$2.evaluate(ParentRunner.java:229)
	at org.junit.runners.ParentRunner.run(ParentRunner.java:309)
	at org.apache.maven.surefire.junit4.JUnit4Provider.execute(JUnit4Provider.java:365)
	at org.apache.maven.surefire.junit4.JUnit4Provider.executeWithRerun(JUnit4Provider.java:273)
	at org.apache.maven.surefire.junit4.JUnit4Provider.executeTestSet(JUnit4Provider.java:238)
	at org.apache.maven.surefire.junit4.JUnit4Provider.invoke(JUnit4Provider.java:159)
	at org.apache.maven.surefire.booter.ForkedBooter.invokeProviderInSameClassLoader(ForkedBooter.java:384)
	at org.apache.maven.surefire.booter.ForkedBooter.runSuitesInProcess(ForkedBooter.java:345)
	at org.apache.maven.surefire.booter.ForkedBooter.execute(ForkedBooter.java:126)
	at org.apache.maven.surefire.booter.ForkedBooter.main(ForkedBooter.java:418)

Aug 24, 2019 10:45:18 PM org.apache.ratis.thirdparty.io.grpc.internal.ManagedChannelOrphanWrapper$ManagedChannelReference cleanQueue
SEVERE: *~*~*~ Channel ManagedChannelImpl{logId=2590, target=192.168.34.50:34966} was not shutdown properly!!! ~*~*~*
    Make sure to call shutdown()/shutdownNow() and wait until awaitTermination() returns true.
java.lang.RuntimeException: ManagedChannel allocation site
	at org.apache.ratis.thirdparty.io.grpc.internal.ManagedChannelOrphanWrapper$ManagedChannelReference.<init>(ManagedChannelOrphanWrapper.java:103)
	at org.apache.ratis.thirdparty.io.grpc.internal.ManagedChannelOrphanWrapper.<init>(ManagedChannelOrphanWrapper.java:53)
	at org.apache.ratis.thirdparty.io.grpc.internal.ManagedChannelOrphanWrapper.<init>(ManagedChannelOrphanWrapper.java:44)
	at org.apache.ratis.thirdparty.io.grpc.internal.AbstractManagedChannelImplBuilder.build(AbstractManagedChannelImplBuilder.java:411)
	at org.apache.hadoop.hdds.scm.XceiverClientGrpc.connectToDatanode(XceiverClientGrpc.java:174)
	at org.apache.hadoop.hdds.scm.XceiverClientGrpc.reconnect(XceiverClientGrpc.java:422)
	at org.apache.hadoop.hdds.scm.XceiverClientGrpc.sendCommandAsync(XceiverClientGrpc.java:371)
	at org.apache.hadoop.hdds.scm.XceiverClientGrpc.sendCommandWithRetry(XceiverClientGrpc.java:284)
	at org.apache.hadoop.hdds.scm.XceiverClientGrpc.sendCommandWithTraceIDAndRetry(XceiverClientGrpc.java:250)
	at org.apache.hadoop.hdds.scm.XceiverClientGrpc.sendCommand(XceiverClientGrpc.java:233)
	at org.apache.hadoop.hdds.scm.storage.ContainerProtocolCalls.getBlock(ContainerProtocolCalls.java:118)
	at org.apache.hadoop.hdds.scm.storage.BlockInputStream.getChunkInfos(BlockInputStream.java:167)
	at org.apache.hadoop.hdds.scm.storage.BlockInputStream.initialize(BlockInputStream.java:118)
	at org.apache.hadoop.hdds.scm.storage.BlockInputStream.read(BlockInputStream.java:222)
	at org.apache.hadoop.ozone.client.io.KeyInputStream.read(KeyInputStream.java:171)
	at org.apache.hadoop.ozone.client.io.OzoneInputStream.read(OzoneInputStream.java:47)
	at java.io.InputStream.read(InputStream.java:101)
	at org.apache.hadoop.ozone.container.ContainerTestHelper.validateData(ContainerTestHelper.java:713)
	at org.apache.hadoop.ozone.client.rpc.TestBlockOutputStreamWithFailures.validateData(TestBlockOutputStreamWithFailures.java:1216)
	at org.apache.hadoop.ozone.client.rpc.TestBlockOutputStreamWithFailures.testDatanodeFailureWithSingleNodeRatis(TestBlockOutputStreamWithFailures.java:1058)
	at sun.reflect.NativeMethodAccessorImpl.invoke0(Native Method)
	at sun.reflect.NativeMethodAccessorImpl.invoke(NativeMethodAccessorImpl.java:62)
	at sun.reflect.DelegatingMethodAccessorImpl.invoke(DelegatingMethodAccessorImpl.java:43)
	at java.lang.reflect.Method.invoke(Method.java:498)
	at org.junit.runners.model.FrameworkMethod$1.runReflectiveCall(FrameworkMethod.java:47)
	at org.junit.internal.runners.model.ReflectiveCallable.run(ReflectiveCallable.java:12)
	at org.junit.runners.model.FrameworkMethod.invokeExplosively(FrameworkMethod.java:44)
	at org.junit.internal.runners.statements.InvokeMethod.evaluate(InvokeMethod.java:17)
	at org.junit.internal.runners.statements.RunBefores.evaluate(RunBefores.java:26)
	at org.junit.internal.runners.statements.RunAfters.evaluate(RunAfters.java:27)
	at org.junit.runners.ParentRunner.runLeaf(ParentRunner.java:271)
	at org.junit.runners.BlockJUnit4ClassRunner.runChild(BlockJUnit4ClassRunner.java:70)
	at org.junit.runners.BlockJUnit4ClassRunner.runChild(BlockJUnit4ClassRunner.java:50)
	at org.junit.runners.ParentRunner$3.run(ParentRunner.java:238)
	at org.junit.runners.ParentRunner$1.schedule(ParentRunner.java:63)
	at org.junit.runners.ParentRunner.runChildren(ParentRunner.java:236)
	at org.junit.runners.ParentRunner.access$000(ParentRunner.java:53)
	at org.junit.runners.ParentRunner$2.evaluate(ParentRunner.java:229)
	at org.junit.runners.ParentRunner.run(ParentRunner.java:309)
	at org.apache.maven.surefire.junit4.JUnit4Provider.execute(JUnit4Provider.java:365)
	at org.apache.maven.surefire.junit4.JUnit4Provider.executeWithRerun(JUnit4Provider.java:273)
	at org.apache.maven.surefire.junit4.JUnit4Provider.executeTestSet(JUnit4Provider.java:238)
	at org.apache.maven.surefire.junit4.JUnit4Provider.invoke(JUnit4Provider.java:159)
	at org.apache.maven.surefire.booter.ForkedBooter.invokeProviderInSameClassLoader(ForkedBooter.java:384)
	at org.apache.maven.surefire.booter.ForkedBooter.runSuitesInProcess(ForkedBooter.java:345)
	at org.apache.maven.surefire.booter.ForkedBooter.execute(ForkedBooter.java:126)
	at org.apache.maven.surefire.booter.ForkedBooter.main(ForkedBooter.java:418)

Aug 24, 2019 10:45:18 PM org.apache.ratis.thirdparty.io.grpc.internal.ManagedChannelOrphanWrapper$ManagedChannelReference cleanQueue
SEVERE: *~*~*~ Channel ManagedChannelImpl{logId=2811, target=192.168.34.50:35430} was not shutdown properly!!! ~*~*~*
    Make sure to call shutdown()/shutdownNow() and wait until awaitTermination() returns true.
java.lang.RuntimeException: ManagedChannel allocation site
	at org.apache.ratis.thirdparty.io.grpc.internal.ManagedChannelOrphanWrapper$ManagedChannelReference.<init>(ManagedChannelOrphanWrapper.java:103)
	at org.apache.ratis.thirdparty.io.grpc.internal.ManagedChannelOrphanWrapper.<init>(ManagedChannelOrphanWrapper.java:53)
	at org.apache.ratis.thirdparty.io.grpc.internal.ManagedChannelOrphanWrapper.<init>(ManagedChannelOrphanWrapper.java:44)
	at org.apache.ratis.thirdparty.io.grpc.internal.AbstractManagedChannelImplBuilder.build(AbstractManagedChannelImplBuilder.java:411)
	at org.apache.hadoop.hdds.scm.XceiverClientGrpc.connectToDatanode(XceiverClientGrpc.java:174)
	at org.apache.hadoop.hdds.scm.XceiverClientGrpc.reconnect(XceiverClientGrpc.java:422)
	at org.apache.hadoop.hdds.scm.XceiverClientGrpc.sendCommandAsync(XceiverClientGrpc.java:371)
	at org.apache.hadoop.hdds.scm.XceiverClientGrpc.sendCommandWithRetry(XceiverClientGrpc.java:284)
	at org.apache.hadoop.hdds.scm.XceiverClientGrpc.sendCommandWithTraceIDAndRetry(XceiverClientGrpc.java:250)
	at org.apache.hadoop.hdds.scm.XceiverClientGrpc.sendCommand(XceiverClientGrpc.java:233)
	at org.apache.hadoop.hdds.scm.storage.ContainerProtocolCalls.getBlock(ContainerProtocolCalls.java:118)
	at org.apache.hadoop.hdds.scm.storage.BlockInputStream.getChunkInfos(BlockInputStream.java:167)
	at org.apache.hadoop.hdds.scm.storage.BlockInputStream.initialize(BlockInputStream.java:118)
	at org.apache.hadoop.hdds.scm.storage.BlockInputStream.read(BlockInputStream.java:222)
	at org.apache.hadoop.ozone.client.io.KeyInputStream.read(KeyInputStream.java:171)
	at org.apache.hadoop.ozone.client.io.OzoneInputStream.read(OzoneInputStream.java:47)
	at java.io.InputStream.read(InputStream.java:101)
	at org.apache.hadoop.ozone.container.ContainerTestHelper.validateData(ContainerTestHelper.java:713)
	at org.apache.hadoop.ozone.client.rpc.TestBlockOutputStreamWithFailures.validateData(TestBlockOutputStreamWithFailures.java:1216)
	at org.apache.hadoop.ozone.client.rpc.TestBlockOutputStreamWithFailures.testWatchForCommitWithSingleNodeRatis(TestBlockOutputStreamWithFailures.java:918)
	at sun.reflect.NativeMethodAccessorImpl.invoke0(Native Method)
	at sun.reflect.NativeMethodAccessorImpl.invoke(NativeMethodAccessorImpl.java:62)
	at sun.reflect.DelegatingMethodAccessorImpl.invoke(DelegatingMethodAccessorImpl.java:43)
	at java.lang.reflect.Method.invoke(Method.java:498)
	at org.junit.runners.model.FrameworkMethod$1.runReflectiveCall(FrameworkMethod.java:47)
	at org.junit.internal.runners.model.ReflectiveCallable.run(ReflectiveCallable.java:12)
	at org.junit.runners.model.FrameworkMethod.invokeExplosively(FrameworkMethod.java:44)
	at org.junit.internal.runners.statements.InvokeMethod.evaluate(InvokeMethod.java:17)
	at org.junit.internal.runners.statements.RunBefores.evaluate(RunBefores.java:26)
	at org.junit.internal.runners.statements.RunAfters.evaluate(RunAfters.java:27)
	at org.junit.runners.ParentRunner.runLeaf(ParentRunner.java:271)
	at org.junit.runners.BlockJUnit4ClassRunner.runChild(BlockJUnit4ClassRunner.java:70)
	at org.junit.runners.BlockJUnit4ClassRunner.runChild(BlockJUnit4ClassRunner.java:50)
	at org.junit.runners.ParentRunner$3.run(ParentRunner.java:238)
	at org.junit.runners.ParentRunner$1.schedule(ParentRunner.java:63)
	at org.junit.runners.ParentRunner.runChildren(ParentRunner.java:236)
	at org.junit.runners.ParentRunner.access$000(ParentRunner.java:53)
	at org.junit.runners.ParentRunner$2.evaluate(ParentRunner.java:229)
	at org.junit.runners.ParentRunner.run(ParentRunner.java:309)
	at org.apache.maven.surefire.junit4.JUnit4Provider.execute(JUnit4Provider.java:365)
	at org.apache.maven.surefire.junit4.JUnit4Provider.executeWithRerun(JUnit4Provider.java:273)
	at org.apache.maven.surefire.junit4.JUnit4Provider.executeTestSet(JUnit4Provider.java:238)
	at org.apache.maven.surefire.junit4.JUnit4Provider.invoke(JUnit4Provider.java:159)
	at org.apache.maven.surefire.booter.ForkedBooter.invokeProviderInSameClassLoader(ForkedBooter.java:384)
	at org.apache.maven.surefire.booter.ForkedBooter.runSuitesInProcess(ForkedBooter.java:345)
	at org.apache.maven.surefire.booter.ForkedBooter.execute(ForkedBooter.java:126)
	at org.apache.maven.surefire.booter.ForkedBooter.main(ForkedBooter.java:418)

]]></system-err>
  </testcase>
  <testcase name="testFailureWithPrimeSizedData" classname="org.apache.hadoop.ozone.client.rpc.TestBlockOutputStreamWithFailures" time="34.413"/>
  <testcase name="testWatchForCommitWithCloseContainerException" classname="org.apache.hadoop.ozone.client.rpc.TestBlockOutputStreamWithFailures" time="34.926"/>
  <testcase name="testExceptionDuringClose" classname="org.apache.hadoop.ozone.client.rpc.TestBlockOutputStreamWithFailures" time="35.137"/>
</testsuite>