<?xml version="1.0" encoding="UTF-8"?>
<testsuite xmlns:xsi="http://www.w3.org/2001/XMLSchema-instance" xsi:noNamespaceSchemaLocation="https://maven.apache.org/surefire/maven-surefire-plugin/xsd/surefire-test-report.xsd" name="org.apache.hadoop.ozone.client.rpc.TestWatchForCommit" time="235.805" tests="5" errors="1" skipped="0" failures="0">
  <properties>
    <property name="awt.toolkit" value="sun.awt.X11.XToolkit"/>
    <property name="file.encoding.pkg" value="sun.io"/>
    <property name="java.specification.version" value="1.8"/>
    <property name="sun.cpu.isalist" value=""/>
    <property name="sun.jnu.encoding" value="UTF-8"/>
    <property name="java.class.path" value="/workdir/hadoop-ozone/integration-test/target/test-classes:/workdir/hadoop-ozone/integration-test/target/classes:/home/user/.m2/repository/org/apache/hadoop/hadoop-ozone-common/0.5.0-SNAPSHOT/hadoop-ozone-common-0.5.0-SNAPSHOT.jar:/home/user/.m2/repository/org/apache/commons/commons-compress/1.4.1/commons-compress-1.4.1.jar:/home/user/.m2/repository/org/tukaani/xz/1.0/xz-1.0.jar:/home/user/.m2/repository/org/apache/hadoop/hadoop-common/3.2.0/hadoop-common-3.2.0.jar:/home/user/.m2/repository/org/apache/hadoop/hadoop-hdfs/3.2.0/hadoop-hdfs-3.2.0.jar:/home/user/.m2/repository/org/apache/hadoop/hadoop-hdfs-client/3.2.0/hadoop-hdfs-client-3.2.0.jar:/home/user/.m2/repository/com/fasterxml/jackson/core/jackson-annotations/2.9.5/jackson-annotations-2.9.5.jar:/home/user/.m2/repository/org/apache/hadoop/hadoop-hdds-common/0.5.0-SNAPSHOT/hadoop-hdds-common-0.5.0-SNAPSHOT.jar:/home/user/.m2/repository/javax/annotation/javax.annotation-api/1.2/javax.annotation-api-1.2.jar:/home/user/.m2/repository/org/apache/ratis/ratis-server/0.4.0-2337318-SNAPSHOT/ratis-server-0.4.0-2337318-SNAPSHOT.jar:/home/user/.m2/repository/org/apache/ratis/ratis-thirdparty-misc/0.2.0/ratis-thirdparty-misc-0.2.0.jar:/home/user/.m2/repository/org/apache/ratis/ratis-proto/0.4.0-2337318-SNAPSHOT/ratis-proto-0.4.0-2337318-SNAPSHOT.jar:/home/user/.m2/repository/org/apache/ratis/ratis-common/0.4.0-2337318-SNAPSHOT/ratis-common-0.4.0-2337318-SNAPSHOT.jar:/home/user/.m2/repository/org/apache/ratis/ratis-client/0.4.0-2337318-SNAPSHOT/ratis-client-0.4.0-2337318-SNAPSHOT.jar:/home/user/.m2/repository/org/apache/ratis/ratis-metrics/0.4.0-2337318-SNAPSHOT/ratis-metrics-0.4.0-2337318-SNAPSHOT.jar:/home/user/.m2/repository/org/apache/ratis/ratis-netty/0.4.0-2337318-SNAPSHOT/ratis-netty-0.4.0-2337318-SNAPSHOT.jar:/home/user/.m2/repository/org/apache/ratis/ratis-grpc/0.4.0-2337318-SNAPSHOT/ratis-grpc-0.4.0-2337318-SNAPSHOT.jar:/home/user/.m2/repository/org/rocksdb/rocksdbjni/6.0.1/rocksdbjni-6.0.1.jar:/home/user/.m2/repository/org/apache/logging/log4j/log4j-api/2.11.0/log4j-api-2.11.0.jar:/home/user/.m2/repository/org/apache/logging/log4j/log4j-core/2.11.0/log4j-core-2.11.0.jar:/home/user/.m2/repository/com/lmax/disruptor/3.4.2/disruptor-3.4.2.jar:/home/user/.m2/repository/org/apache/commons/commons-pool2/2.6.0/commons-pool2-2.6.0.jar:/home/user/.m2/repository/org/bouncycastle/bcpkix-jdk15on/1.60/bcpkix-jdk15on-1.60.jar:/home/user/.m2/repository/commons-validator/commons-validator/1.6/commons-validator-1.6.jar:/home/user/.m2/repository/commons-digester/commons-digester/1.8.1/commons-digester-1.8.1.jar:/home/user/.m2/repository/io/jaegertracing/jaeger-client/0.33.1/jaeger-client-0.33.1.jar:/home/user/.m2/repository/io/jaegertracing/jaeger-thrift/0.33.1/jaeger-thrift-0.33.1.jar:/home/user/.m2/repository/org/apache/thrift/libthrift/0.11.0/libthrift-0.11.0.jar:/home/user/.m2/repository/com/squareup/okhttp3/okhttp/3.9.0/okhttp-3.9.0.jar:/home/user/.m2/repository/com/squareup/okio/okio/1.13.0/okio-1.13.0.jar:/home/user/.m2/repository/io/jaegertracing/jaeger-core/0.33.1/jaeger-core-0.33.1.jar:/home/user/.m2/repository/io/jaegertracing/jaeger-tracerresolver/0.33.1/jaeger-tracerresolver-0.33.1.jar:/home/user/.m2/repository/io/opentracing/contrib/opentracing-tracerresolver/0.1.5/opentracing-tracerresolver-0.1.5.jar:/home/user/.m2/repository/io/opentracing/opentracing-util/0.31.0/opentracing-util-0.31.0.jar:/home/user/.m2/repository/io/opentracing/opentracing-api/0.31.0/opentracing-api-0.31.0.jar:/home/user/.m2/repository/io/opentracing/opentracing-noop/0.31.0/opentracing-noop-0.31.0.jar:/home/user/.m2/repository/org/apache/hadoop/hadoop-hdds-server-framework/0.5.0-SNAPSHOT/hadoop-hdds-server-framework-0.5.0-SNAPSHOT.jar:/home/user/.m2/repository/org/apache/hadoop/hadoop-hdds-container-service/0.5.0-SNAPSHOT/hadoop-hdds-container-service-0.5.0-SNAPSHOT.jar:/home/user/.m2/repository/org/apache/hadoop/hadoop-hdds-client/0.5.0-SNAPSHOT/hadoop-hdds-client-0.5.0-SNAPSHOT.jar:/home/user/.m2/repository/org/apache/hadoop/hadoop-hdds-tools/0.5.0-SNAPSHOT/hadoop-hdds-tools-0.5.0-SNAPSHOT.jar:/home/user/.m2/repository/org/apache/hadoop/hadoop-hdds-server-scm/0.5.0-SNAPSHOT/hadoop-hdds-server-scm-0.5.0-SNAPSHOT.jar:/home/user/.m2/repository/org/apache/hadoop/hadoop-hdds-docs/0.5.0-SNAPSHOT/hadoop-hdds-docs-0.5.0-SNAPSHOT.jar:/home/user/.m2/repository/io/dropwizard/metrics/metrics-core/3.2.4/metrics-core-3.2.4.jar:/home/user/.m2/repository/org/hamcrest/hamcrest-all/1.3/hamcrest-all-1.3.jar:/home/user/.m2/repository/org/bouncycastle/bcprov-jdk15on/1.60/bcprov-jdk15on-1.60.jar:/home/user/.m2/repository/info/picocli/picocli/3.9.6/picocli-3.9.6.jar:/home/user/.m2/repository/com/google/protobuf/protobuf-java/2.5.0/protobuf-java-2.5.0.jar:/home/user/.m2/repository/com/google/guava/guava/11.0.2/guava-11.0.2.jar:/home/user/.m2/repository/org/apache/hadoop/hadoop-ozone-ozone-manager/0.5.0-SNAPSHOT/hadoop-ozone-ozone-manager-0.5.0-SNAPSHOT.jar:/home/user/.m2/repository/org/apache/hadoop/hadoop-minikdc/3.2.0/hadoop-minikdc-3.2.0.jar:/home/user/.m2/repository/commons-io/commons-io/2.5/commons-io-2.5.jar:/home/user/.m2/repository/org/apache/kerby/kerb-simplekdc/1.0.1/kerb-simplekdc-1.0.1.jar:/home/user/.m2/repository/org/apache/kerby/kerb-client/1.0.1/kerb-client-1.0.1.jar:/home/user/.m2/repository/org/apache/kerby/kerby-config/1.0.1/kerby-config-1.0.1.jar:/home/user/.m2/repository/org/apache/kerby/kerb-core/1.0.1/kerb-core-1.0.1.jar:/home/user/.m2/repository/org/apache/kerby/kerby-pkix/1.0.1/kerby-pkix-1.0.1.jar:/home/user/.m2/repository/org/apache/kerby/kerby-asn1/1.0.1/kerby-asn1-1.0.1.jar:/home/user/.m2/repository/org/apache/kerby/kerby-util/1.0.1/kerby-util-1.0.1.jar:/home/user/.m2/repository/org/apache/kerby/kerb-common/1.0.1/kerb-common-1.0.1.jar:/home/user/.m2/repository/org/apache/kerby/kerb-crypto/1.0.1/kerb-crypto-1.0.1.jar:/home/user/.m2/repository/org/apache/kerby/kerb-util/1.0.1/kerb-util-1.0.1.jar:/home/user/.m2/repository/org/apache/kerby/token-provider/1.0.1/token-provider-1.0.1.jar:/home/user/.m2/repository/org/apache/kerby/kerb-admin/1.0.1/kerb-admin-1.0.1.jar:/home/user/.m2/repository/org/apache/kerby/kerb-server/1.0.1/kerb-server-1.0.1.jar:/home/user/.m2/repository/org/apache/kerby/kerb-identity/1.0.1/kerb-identity-1.0.1.jar:/home/user/.m2/repository/org/apache/kerby/kerby-xdr/1.0.1/kerby-xdr-1.0.1.jar:/home/user/.m2/repository/org/slf4j/slf4j-log4j12/1.7.25/slf4j-log4j12-1.7.25.jar:/home/user/.m2/repository/org/apache/hadoop/hadoop-ozone-objectstore-service/0.5.0-SNAPSHOT/hadoop-ozone-objectstore-service-0.5.0-SNAPSHOT.jar:/home/user/.m2/repository/org/apache/hadoop/hadoop-ozone-s3gateway/0.5.0-SNAPSHOT/hadoop-ozone-s3gateway-0.5.0-SNAPSHOT.jar:/home/user/.m2/repository/org/jboss/weld/servlet/weld-servlet/2.4.7.Final/weld-servlet-2.4.7.Final.jar:/home/user/.m2/repository/org/glassfish/jersey/containers/jersey-container-servlet-core/2.27/jersey-container-servlet-core-2.27.jar:/home/user/.m2/repository/org/glassfish/hk2/external/javax.inject/2.5.0-b42/javax.inject-2.5.0-b42.jar:/home/user/.m2/repository/org/glassfish/jersey/core/jersey-common/2.27/jersey-common-2.27.jar:/home/user/.m2/repository/org/glassfish/hk2/osgi-resource-locator/1.0.1/osgi-resource-locator-1.0.1.jar:/home/user/.m2/repository/javax/ws/rs/javax.ws.rs-api/2.1/javax.ws.rs-api-2.1.jar:/home/user/.m2/repository/org/glassfish/jersey/ext/cdi/jersey-cdi1x/2.27/jersey-cdi1x-2.27.jar:/home/user/.m2/repository/org/glassfish/jersey/inject/jersey-hk2/2.27/jersey-hk2-2.27.jar:/home/user/.m2/repository/org/glassfish/hk2/hk2-locator/2.5.0-b42/hk2-locator-2.5.0-b42.jar:/home/user/.m2/repository/org/javassist/javassist/3.22.0-CR2/javassist-3.22.0-CR2.jar:/home/user/.m2/repository/org/glassfish/hk2/hk2-api/2.5.0/hk2-api-2.5.0.jar:/home/user/.m2/repository/org/glassfish/hk2/external/jakarta.inject/2.5.0/jakarta.inject-2.5.0.jar:/home/user/.m2/repository/org/glassfish/hk2/hk2-utils/2.5.0/hk2-utils-2.5.0.jar:/home/user/.m2/repository/jakarta/annotation/jakarta.annotation-api/1.3.4/jakarta.annotation-api-1.3.4.jar:/home/user/.m2/repository/org/glassfish/hk2/external/aopalliance-repackaged/2.5.0/aopalliance-repackaged-2.5.0.jar:/home/user/.m2/repository/com/fasterxml/jackson/dataformat/jackson-dataformat-xml/2.9.0/jackson-dataformat-xml-2.9.0.jar:/home/user/.m2/repository/com/fasterxml/jackson/core/jackson-core/2.9.5/jackson-core-2.9.5.jar:/home/user/.m2/repository/com/fasterxml/jackson/module/jackson-module-jaxb-annotations/2.9.5/jackson-module-jaxb-annotations-2.9.5.jar:/home/user/.m2/repository/javax/enterprise/cdi-api/1.2/cdi-api-1.2.jar:/home/user/.m2/repository/javax/el/javax.el-api/3.0.0/javax.el-api-3.0.0.jar:/home/user/.m2/repository/javax/interceptor/javax.interceptor-api/1.2/javax.interceptor-api-1.2.jar:/home/user/.m2/repository/javax/inject/javax.inject/1/javax.inject-1.jar:/home/user/.m2/repository/com/sun/xml/bind/jaxb-impl/2.3.0.1/jaxb-impl-2.3.0.1.jar:/home/user/.m2/repository/com/sun/xml/bind/jaxb-core/2.3.0.1/jaxb-core-2.3.0.1.jar:/home/user/.m2/repository/javax/xml/bind/jaxb-api/2.3.0/jaxb-api-2.3.0.jar:/home/user/.m2/repository/javax/activation/activation/1.1.1/activation-1.1.1.jar:/home/user/.m2/repository/org/apache/hadoop/hadoop-ozone-csi/0.5.0-SNAPSHOT/hadoop-ozone-csi-0.5.0-SNAPSHOT.jar:/home/user/.m2/repository/com/google/protobuf/protobuf-java-util/3.5.1/protobuf-java-util-3.5.1.jar:/home/user/.m2/repository/org/apache/hadoop/hadoop-hdds-config/0.5.0-SNAPSHOT/hadoop-hdds-config-0.5.0-SNAPSHOT.jar:/home/user/.m2/repository/io/grpc/grpc-netty/1.17.1/grpc-netty-1.17.1.jar:/home/user/.m2/repository/io/grpc/grpc-core/1.17.1/grpc-core-1.17.1.jar:/home/user/.m2/repository/io/grpc/grpc-context/1.17.1/grpc-context-1.17.1.jar:/home/user/.m2/repository/com/google/errorprone/error_prone_annotations/2.2.0/error_prone_annotations-2.2.0.jar:/home/user/.m2/repository/org/codehaus/mojo/animal-sniffer-annotations/1.17/animal-sniffer-annotations-1.17.jar:/home/user/.m2/repository/io/opencensus/opencensus-api/0.17.0/opencensus-api-0.17.0.jar:/home/user/.m2/repository/io/opencensus/opencensus-contrib-grpc-metrics/0.17.0/opencensus-contrib-grpc-metrics-0.17.0.jar:/home/user/.m2/repository/io/netty/netty-codec-http2/4.1.30.Final/netty-codec-http2-4.1.30.Final.jar:/home/user/.m2/repository/io/netty/netty-codec-http/4.1.30.Final/netty-codec-http-4.1.30.Final.jar:/home/user/.m2/repository/io/netty/netty-codec/4.1.30.Final/netty-codec-4.1.30.Final.jar:/home/user/.m2/repository/io/netty/netty-handler/4.1.30.Final/netty-handler-4.1.30.Final.jar:/home/user/.m2/repository/io/netty/netty-handler-proxy/4.1.30.Final/netty-handler-proxy-4.1.30.Final.jar:/home/user/.m2/repository/io/netty/netty-codec-socks/4.1.30.Final/netty-codec-socks-4.1.30.Final.jar:/home/user/.m2/repository/io/netty/netty-transport-native-epoll/4.1.30.Final/netty-transport-native-epoll-4.1.30.Final.jar:/home/user/.m2/repository/io/netty/netty-common/4.1.30.Final/netty-common-4.1.30.Final.jar:/home/user/.m2/repository/io/netty/netty-buffer/4.1.30.Final/netty-buffer-4.1.30.Final.jar:/home/user/.m2/repository/io/netty/netty-transport/4.1.30.Final/netty-transport-4.1.30.Final.jar:/home/user/.m2/repository/io/netty/netty-resolver/4.1.30.Final/netty-resolver-4.1.30.Final.jar:/home/user/.m2/repository/io/netty/netty-transport-native-unix-common/4.1.30.Final/netty-transport-native-unix-common-4.1.30.Final.jar:/home/user/.m2/repository/io/grpc/grpc-protobuf/1.17.1/grpc-protobuf-1.17.1.jar:/home/user/.m2/repository/com/google/api/grpc/proto-google-common-protos/1.0.0/proto-google-common-protos-1.0.0.jar:/home/user/.m2/repository/io/grpc/grpc-protobuf-lite/1.17.1/grpc-protobuf-lite-1.17.1.jar:/home/user/.m2/repository/io/grpc/grpc-stub/1.17.1/grpc-stub-1.17.1.jar:/home/user/.m2/repository/org/apache/hadoop/hadoop-ozone-recon/0.5.0-SNAPSHOT/hadoop-ozone-recon-0.5.0-SNAPSHOT.jar:/home/user/.m2/repository/org/apache/hadoop/hadoop-ozone-reconcodegen/0.5.0-SNAPSHOT/hadoop-ozone-reconcodegen-0.5.0-SNAPSHOT.jar:/home/user/.m2/repository/com/google/inject/extensions/guice-multibindings/4.0/guice-multibindings-4.0.jar:/home/user/.m2/repository/com/google/inject/guice/4.0/guice-4.0.jar:/home/user/.m2/repository/aopalliance/aopalliance/1.0/aopalliance-1.0.jar:/home/user/.m2/repository/com/google/inject/extensions/guice-servlet/4.0/guice-servlet-4.0.jar:/home/user/.m2/repository/org/glassfish/jersey/containers/jersey-container-servlet/2.27/jersey-container-servlet-2.27.jar:/home/user/.m2/repository/org/glassfish/hk2/guice-bridge/2.5.0/guice-bridge-2.5.0.jar:/home/user/.m2/repository/org/glassfish/jersey/core/jersey-server/2.27/jersey-server-2.27.jar:/home/user/.m2/repository/org/glassfish/jersey/core/jersey-client/2.27/jersey-client-2.27.jar:/home/user/.m2/repository/org/glassfish/jersey/media/jersey-media-jaxb/2.27/jersey-media-jaxb-2.27.jar:/home/user/.m2/repository/javax/validation/validation-api/1.1.0.Final/validation-api-1.1.0.Final.jar:/home/user/.m2/repository/org/glassfish/jersey/media/jersey-media-json-jackson/2.27/jersey-media-json-jackson-2.27.jar:/home/user/.m2/repository/org/glassfish/jersey/ext/jersey-entity-filtering/2.27/jersey-entity-filtering-2.27.jar:/home/user/.m2/repository/com/google/inject/extensions/guice-assistedinject/4.0/guice-assistedinject-4.0.jar:/home/user/.m2/repository/org/jooq/jooq/3.11.10/jooq-3.11.10.jar:/home/user/.m2/repository/org/jooq/jooq-meta/3.11.10/jooq-meta-3.11.10.jar:/home/user/.m2/repository/org/jooq/jooq-codegen/3.11.10/jooq-codegen-3.11.10.jar:/home/user/.m2/repository/com/jolbox/bonecp/0.8.0.RELEASE/bonecp-0.8.0.RELEASE.jar:/home/user/.m2/repository/org/xerial/sqlite-jdbc/3.25.2/sqlite-jdbc-3.25.2.jar:/home/user/.m2/repository/org/springframework/spring-jdbc/5.1.3.RELEASE/spring-jdbc-5.1.3.RELEASE.jar:/home/user/.m2/repository/org/springframework/spring-beans/5.1.3.RELEASE/spring-beans-5.1.3.RELEASE.jar:/home/user/.m2/repository/org/springframework/spring-core/5.1.3.RELEASE/spring-core-5.1.3.RELEASE.jar:/home/user/.m2/repository/org/springframework/spring-jcl/5.1.3.RELEASE/spring-jcl-5.1.3.RELEASE.jar:/home/user/.m2/repository/org/springframework/spring-tx/5.1.3.RELEASE/spring-tx-5.1.3.RELEASE.jar:/home/user/.m2/repository/org/apache/hadoop/hadoop-ozone-client/0.5.0-SNAPSHOT/hadoop-ozone-client-0.5.0-SNAPSHOT.jar:/home/user/.m2/repository/commons-lang/commons-lang/2.6/commons-lang-2.6.jar:/home/user/.m2/repository/org/apache/hadoop/hadoop-ozone-ozone-manager/0.5.0-SNAPSHOT/hadoop-ozone-ozone-manager-0.5.0-SNAPSHOT-tests.jar:/home/user/.m2/repository/junit/junit/4.11/junit-4.11.jar:/home/user/.m2/repository/org/hamcrest/hamcrest-core/1.3/hamcrest-core-1.3.jar:/home/user/.m2/repository/org/openjdk/jmh/jmh-core/1.19/jmh-core-1.19.jar:/home/user/.m2/repository/net/sf/jopt-simple/jopt-simple/4.6/jopt-simple-4.6.jar:/home/user/.m2/repository/org/apache/commons/commons-math3/3.1.1/commons-math3-3.1.1.jar:/home/user/.m2/repository/org/openjdk/jmh/jmh-generator-annprocess/1.19/jmh-generator-annprocess-1.19.jar:/home/user/.m2/repository/org/mockito/mockito-all/1.8.5/mockito-all-1.8.5.jar:/home/user/.m2/repository/org/apache/hadoop/hadoop-kms/3.2.0/hadoop-kms-3.2.0.jar:/home/user/.m2/repository/org/apache/hadoop/hadoop-auth/3.2.0/hadoop-auth-3.2.0.jar:/home/user/.m2/repository/com/nimbusds/nimbus-jose-jwt/4.41.1/nimbus-jose-jwt-4.41.1.jar:/home/user/.m2/repository/com/github/stephenc/jcip/jcip-annotations/1.0-1/jcip-annotations-1.0-1.jar:/home/user/.m2/repository/net/minidev/json-smart/2.3/json-smart-2.3.jar:/home/user/.m2/repository/net/minidev/accessors-smart/1.2/accessors-smart-1.2.jar:/home/user/.m2/repository/org/ow2/asm/asm/5.0.4/asm-5.0.4.jar:/home/user/.m2/repository/org/apache/curator/curator-framework/2.12.0/curator-framework-2.12.0.jar:/home/user/.m2/repository/com/sun/jersey/jersey-core/1.19/jersey-core-1.19.jar:/home/user/.m2/repository/javax/ws/rs/jsr311-api/1.1.1/jsr311-api-1.1.1.jar:/home/user/.m2/repository/com/sun/jersey/jersey-server/1.19/jersey-server-1.19.jar:/home/user/.m2/repository/javax/servlet/javax.servlet-api/3.1.0/javax.servlet-api-3.1.0.jar:/home/user/.m2/repository/org/eclipse/jetty/jetty-server/9.3.24.v20180605/jetty-server-9.3.24.v20180605.jar:/home/user/.m2/repository/org/eclipse/jetty/jetty-http/9.3.24.v20180605/jetty-http-9.3.24.v20180605.jar:/home/user/.m2/repository/org/eclipse/jetty/jetty-io/9.3.24.v20180605/jetty-io-9.3.24.v20180605.jar:/home/user/.m2/repository/org/eclipse/jetty/jetty-webapp/9.3.24.v20180605/jetty-webapp-9.3.24.v20180605.jar:/home/user/.m2/repository/org/eclipse/jetty/jetty-xml/9.3.24.v20180605/jetty-xml-9.3.24.v20180605.jar:/home/user/.m2/repository/log4j/log4j/1.2.17/log4j-1.2.17.jar:/home/user/.m2/repository/org/slf4j/slf4j-api/1.7.25/slf4j-api-1.7.25.jar:/home/user/.m2/repository/org/slf4j/jul-to-slf4j/1.7.25/jul-to-slf4j-1.7.25.jar:/home/user/.m2/repository/org/eclipse/jetty/jetty-util/9.3.24.v20180605/jetty-util-9.3.24.v20180605.jar:/home/user/.m2/repository/com/fasterxml/jackson/core/jackson-databind/2.9.5/jackson-databind-2.9.5.jar:/home/user/.m2/repository/org/apache/hadoop/hadoop-kms/3.2.0/hadoop-kms-3.2.0-tests.jar:/home/user/.m2/repository/org/apache/hadoop/hadoop-hdds-server-scm/0.5.0-SNAPSHOT/hadoop-hdds-server-scm-0.5.0-SNAPSHOT-tests.jar:/home/user/.m2/repository/org/apache/hadoop/hadoop-hdds-container-service/0.5.0-SNAPSHOT/hadoop-hdds-container-service-0.5.0-SNAPSHOT-tests.jar:/home/user/.m2/repository/org/yaml/snakeyaml/1.16/snakeyaml-1.16.jar:/home/user/.m2/repository/org/apache/hadoop/hadoop-common/3.2.0/hadoop-common-3.2.0-tests.jar:/home/user/.m2/repository/org/apache/hadoop/hadoop-annotations/3.2.0/hadoop-annotations-3.2.0.jar:/usr/lib/jvm/java-1.8-openjdk/jre/../lib/tools.jar:/home/user/.m2/repository/commons-cli/commons-cli/1.2/commons-cli-1.2.jar:/home/user/.m2/repository/org/apache/httpcomponents/httpclient/4.5.2/httpclient-4.5.2.jar:/home/user/.m2/repository/org/apache/httpcomponents/httpcore/4.4.4/httpcore-4.4.4.jar:/home/user/.m2/repository/commons-codec/commons-codec/1.11/commons-codec-1.11.jar:/home/user/.m2/repository/commons-net/commons-net/3.6/commons-net-3.6.jar:/home/user/.m2/repository/commons-collections/commons-collections/3.2.2/commons-collections-3.2.2.jar:/home/user/.m2/repository/org/eclipse/jetty/jetty-servlet/9.3.24.v20180605/jetty-servlet-9.3.24.v20180605.jar:/home/user/.m2/repository/org/eclipse/jetty/jetty-security/9.3.24.v20180605/jetty-security-9.3.24.v20180605.jar:/home/user/.m2/repository/javax/servlet/jsp/jsp-api/2.1/jsp-api-2.1.jar:/home/user/.m2/repository/com/sun/jersey/jersey-servlet/1.19/jersey-servlet-1.19.jar:/home/user/.m2/repository/com/sun/jersey/jersey-json/1.19/jersey-json-1.19.jar:/home/user/.m2/repository/org/codehaus/jettison/jettison/1.1/jettison-1.1.jar:/home/user/.m2/repository/org/codehaus/jackson/jackson-core-asl/1.9.13/jackson-core-asl-1.9.13.jar:/home/user/.m2/repository/org/codehaus/jackson/jackson-mapper-asl/1.9.13/jackson-mapper-asl-1.9.13.jar:/home/user/.m2/repository/org/codehaus/jackson/jackson-jaxrs/1.9.13/jackson-jaxrs-1.9.13.jar:/home/user/.m2/repository/org/codehaus/jackson/jackson-xc/1.9.13/jackson-xc-1.9.13.jar:/home/user/.m2/repository/commons-logging/commons-logging/1.1.3/commons-logging-1.1.3.jar:/home/user/.m2/repository/commons-beanutils/commons-beanutils/1.9.3/commons-beanutils-1.9.3.jar:/home/user/.m2/repository/org/apache/commons/commons-configuration2/2.1.1/commons-configuration2-2.1.1.jar:/home/user/.m2/repository/org/apache/commons/commons-lang3/3.7/commons-lang3-3.7.jar:/home/user/.m2/repository/org/apache/commons/commons-text/1.4/commons-text-1.4.jar:/home/user/.m2/repository/org/apache/avro/avro/1.7.7/avro-1.7.7.jar:/home/user/.m2/repository/com/thoughtworks/paranamer/paranamer/2.3/paranamer-2.3.jar:/home/user/.m2/repository/org/xerial/snappy/snappy-java/1.0.5/snappy-java-1.0.5.jar:/home/user/.m2/repository/com/google/re2j/re2j/1.1/re2j-1.1.jar:/home/user/.m2/repository/com/google/code/gson/gson/2.2.4/gson-2.2.4.jar:/home/user/.m2/repository/com/jcraft/jsch/0.1.54/jsch-0.1.54.jar:/home/user/.m2/repository/org/apache/curator/curator-client/2.12.0/curator-client-2.12.0.jar:/home/user/.m2/repository/org/apache/curator/curator-recipes/2.12.0/curator-recipes-2.12.0.jar:/home/user/.m2/repository/com/google/code/findbugs/jsr305/3.0.0/jsr305-3.0.0.jar:/home/user/.m2/repository/org/apache/htrace/htrace-core4/4.1.0-incubating/htrace-core4-4.1.0-incubating.jar:/home/user/.m2/repository/org/apache/zookeeper/zookeeper/3.4.13/zookeeper-3.4.13.jar:/home/user/.m2/repository/org/apache/yetus/audience-annotations/0.5.0/audience-annotations-0.5.0.jar:/home/user/.m2/repository/org/codehaus/woodstox/stax2-api/3.1.4/stax2-api-3.1.4.jar:/home/user/.m2/repository/com/fasterxml/woodstox/woodstox-core/5.0.3/woodstox-core-5.0.3.jar:/home/user/.m2/repository/dnsjava/dnsjava/2.1.7/dnsjava-2.1.7.jar:/home/user/.m2/repository/org/apache/hadoop/hadoop-hdfs/3.2.0/hadoop-hdfs-3.2.0-tests.jar:/home/user/.m2/repository/org/eclipse/jetty/jetty-util-ajax/9.3.24.v20180605/jetty-util-ajax-9.3.24.v20180605.jar:/home/user/.m2/repository/commons-daemon/commons-daemon/1.0.13/commons-daemon-1.0.13.jar:/home/user/.m2/repository/io/netty/netty/3.10.5.Final/netty-3.10.5.Final.jar:/home/user/.m2/repository/io/netty/netty-all/4.0.52.Final/netty-all-4.0.52.Final.jar:/home/user/.m2/repository/org/fusesource/leveldbjni/leveldbjni-all/1.8/leveldbjni-all-1.8.jar:"/>
    <property name="java.vm.vendor" value="IcedTea"/>
    <property name="sun.arch.data.model" value="64"/>
    <property name="test.build.dir" value="/workdir/hadoop-ozone/integration-test/target/test-dir"/>
    <property name="test.cache.data" value=""/>
    <property name="java.vendor.url" value="https://icedtea.classpath.org"/>
    <property name="user.timezone" value=""/>
    <property name="java.vm.specification.version" value="1.8"/>
    <property name="os.name" value="Linux"/>
    <property name="test.build.data" value="/workdir/hadoop-ozone/integration-test/target/test-dir"/>
    <property name="user.country" value="US"/>
    <property name="sun.java.launcher" value="SUN_STANDARD"/>
    <property name="sun.boot.library.path" value="/usr/lib/jvm/java-1.8-openjdk/jre/lib/amd64"/>
    <property name="sun.java.command" value="/workdir/hadoop-ozone/integration-test/target/surefire/surefirebooter181664086256281504.jar /workdir/hadoop-ozone/integration-test/target/surefire 2019-09-18T15-45-32_991-jvmRun1 surefire1164699540454916240tmp surefire_192350427398992589116tmp"/>
    <property name="test" value="!TestMiniChaosOzoneCluster"/>
    <property name="surefire.test.class.path" value="/workdir/hadoop-ozone/integration-test/target/test-classes:/workdir/hadoop-ozone/integration-test/target/classes:/home/user/.m2/repository/org/apache/hadoop/hadoop-ozone-common/0.5.0-SNAPSHOT/hadoop-ozone-common-0.5.0-SNAPSHOT.jar:/home/user/.m2/repository/org/apache/commons/commons-compress/1.4.1/commons-compress-1.4.1.jar:/home/user/.m2/repository/org/tukaani/xz/1.0/xz-1.0.jar:/home/user/.m2/repository/org/apache/hadoop/hadoop-common/3.2.0/hadoop-common-3.2.0.jar:/home/user/.m2/repository/org/apache/hadoop/hadoop-hdfs/3.2.0/hadoop-hdfs-3.2.0.jar:/home/user/.m2/repository/org/apache/hadoop/hadoop-hdfs-client/3.2.0/hadoop-hdfs-client-3.2.0.jar:/home/user/.m2/repository/com/fasterxml/jackson/core/jackson-annotations/2.9.5/jackson-annotations-2.9.5.jar:/home/user/.m2/repository/org/apache/hadoop/hadoop-hdds-common/0.5.0-SNAPSHOT/hadoop-hdds-common-0.5.0-SNAPSHOT.jar:/home/user/.m2/repository/javax/annotation/javax.annotation-api/1.2/javax.annotation-api-1.2.jar:/home/user/.m2/repository/org/apache/ratis/ratis-server/0.4.0-2337318-SNAPSHOT/ratis-server-0.4.0-2337318-SNAPSHOT.jar:/home/user/.m2/repository/org/apache/ratis/ratis-thirdparty-misc/0.2.0/ratis-thirdparty-misc-0.2.0.jar:/home/user/.m2/repository/org/apache/ratis/ratis-proto/0.4.0-2337318-SNAPSHOT/ratis-proto-0.4.0-2337318-SNAPSHOT.jar:/home/user/.m2/repository/org/apache/ratis/ratis-common/0.4.0-2337318-SNAPSHOT/ratis-common-0.4.0-2337318-SNAPSHOT.jar:/home/user/.m2/repository/org/apache/ratis/ratis-client/0.4.0-2337318-SNAPSHOT/ratis-client-0.4.0-2337318-SNAPSHOT.jar:/home/user/.m2/repository/org/apache/ratis/ratis-metrics/0.4.0-2337318-SNAPSHOT/ratis-metrics-0.4.0-2337318-SNAPSHOT.jar:/home/user/.m2/repository/org/apache/ratis/ratis-netty/0.4.0-2337318-SNAPSHOT/ratis-netty-0.4.0-2337318-SNAPSHOT.jar:/home/user/.m2/repository/org/apache/ratis/ratis-grpc/0.4.0-2337318-SNAPSHOT/ratis-grpc-0.4.0-2337318-SNAPSHOT.jar:/home/user/.m2/repository/org/rocksdb/rocksdbjni/6.0.1/rocksdbjni-6.0.1.jar:/home/user/.m2/repository/org/apache/logging/log4j/log4j-api/2.11.0/log4j-api-2.11.0.jar:/home/user/.m2/repository/org/apache/logging/log4j/log4j-core/2.11.0/log4j-core-2.11.0.jar:/home/user/.m2/repository/com/lmax/disruptor/3.4.2/disruptor-3.4.2.jar:/home/user/.m2/repository/org/apache/commons/commons-pool2/2.6.0/commons-pool2-2.6.0.jar:/home/user/.m2/repository/org/bouncycastle/bcpkix-jdk15on/1.60/bcpkix-jdk15on-1.60.jar:/home/user/.m2/repository/commons-validator/commons-validator/1.6/commons-validator-1.6.jar:/home/user/.m2/repository/commons-digester/commons-digester/1.8.1/commons-digester-1.8.1.jar:/home/user/.m2/repository/io/jaegertracing/jaeger-client/0.33.1/jaeger-client-0.33.1.jar:/home/user/.m2/repository/io/jaegertracing/jaeger-thrift/0.33.1/jaeger-thrift-0.33.1.jar:/home/user/.m2/repository/org/apache/thrift/libthrift/0.11.0/libthrift-0.11.0.jar:/home/user/.m2/repository/com/squareup/okhttp3/okhttp/3.9.0/okhttp-3.9.0.jar:/home/user/.m2/repository/com/squareup/okio/okio/1.13.0/okio-1.13.0.jar:/home/user/.m2/repository/io/jaegertracing/jaeger-core/0.33.1/jaeger-core-0.33.1.jar:/home/user/.m2/repository/io/jaegertracing/jaeger-tracerresolver/0.33.1/jaeger-tracerresolver-0.33.1.jar:/home/user/.m2/repository/io/opentracing/contrib/opentracing-tracerresolver/0.1.5/opentracing-tracerresolver-0.1.5.jar:/home/user/.m2/repository/io/opentracing/opentracing-util/0.31.0/opentracing-util-0.31.0.jar:/home/user/.m2/repository/io/opentracing/opentracing-api/0.31.0/opentracing-api-0.31.0.jar:/home/user/.m2/repository/io/opentracing/opentracing-noop/0.31.0/opentracing-noop-0.31.0.jar:/home/user/.m2/repository/org/apache/hadoop/hadoop-hdds-server-framework/0.5.0-SNAPSHOT/hadoop-hdds-server-framework-0.5.0-SNAPSHOT.jar:/home/user/.m2/repository/org/apache/hadoop/hadoop-hdds-container-service/0.5.0-SNAPSHOT/hadoop-hdds-container-service-0.5.0-SNAPSHOT.jar:/home/user/.m2/repository/org/apache/hadoop/hadoop-hdds-client/0.5.0-SNAPSHOT/hadoop-hdds-client-0.5.0-SNAPSHOT.jar:/home/user/.m2/repository/org/apache/hadoop/hadoop-hdds-tools/0.5.0-SNAPSHOT/hadoop-hdds-tools-0.5.0-SNAPSHOT.jar:/home/user/.m2/repository/org/apache/hadoop/hadoop-hdds-server-scm/0.5.0-SNAPSHOT/hadoop-hdds-server-scm-0.5.0-SNAPSHOT.jar:/home/user/.m2/repository/org/apache/hadoop/hadoop-hdds-docs/0.5.0-SNAPSHOT/hadoop-hdds-docs-0.5.0-SNAPSHOT.jar:/home/user/.m2/repository/io/dropwizard/metrics/metrics-core/3.2.4/metrics-core-3.2.4.jar:/home/user/.m2/repository/org/hamcrest/hamcrest-all/1.3/hamcrest-all-1.3.jar:/home/user/.m2/repository/org/bouncycastle/bcprov-jdk15on/1.60/bcprov-jdk15on-1.60.jar:/home/user/.m2/repository/info/picocli/picocli/3.9.6/picocli-3.9.6.jar:/home/user/.m2/repository/com/google/protobuf/protobuf-java/2.5.0/protobuf-java-2.5.0.jar:/home/user/.m2/repository/com/google/guava/guava/11.0.2/guava-11.0.2.jar:/home/user/.m2/repository/org/apache/hadoop/hadoop-ozone-ozone-manager/0.5.0-SNAPSHOT/hadoop-ozone-ozone-manager-0.5.0-SNAPSHOT.jar:/home/user/.m2/repository/org/apache/hadoop/hadoop-minikdc/3.2.0/hadoop-minikdc-3.2.0.jar:/home/user/.m2/repository/commons-io/commons-io/2.5/commons-io-2.5.jar:/home/user/.m2/repository/org/apache/kerby/kerb-simplekdc/1.0.1/kerb-simplekdc-1.0.1.jar:/home/user/.m2/repository/org/apache/kerby/kerb-client/1.0.1/kerb-client-1.0.1.jar:/home/user/.m2/repository/org/apache/kerby/kerby-config/1.0.1/kerby-config-1.0.1.jar:/home/user/.m2/repository/org/apache/kerby/kerb-core/1.0.1/kerb-core-1.0.1.jar:/home/user/.m2/repository/org/apache/kerby/kerby-pkix/1.0.1/kerby-pkix-1.0.1.jar:/home/user/.m2/repository/org/apache/kerby/kerby-asn1/1.0.1/kerby-asn1-1.0.1.jar:/home/user/.m2/repository/org/apache/kerby/kerby-util/1.0.1/kerby-util-1.0.1.jar:/home/user/.m2/repository/org/apache/kerby/kerb-common/1.0.1/kerb-common-1.0.1.jar:/home/user/.m2/repository/org/apache/kerby/kerb-crypto/1.0.1/kerb-crypto-1.0.1.jar:/home/user/.m2/repository/org/apache/kerby/kerb-util/1.0.1/kerb-util-1.0.1.jar:/home/user/.m2/repository/org/apache/kerby/token-provider/1.0.1/token-provider-1.0.1.jar:/home/user/.m2/repository/org/apache/kerby/kerb-admin/1.0.1/kerb-admin-1.0.1.jar:/home/user/.m2/repository/org/apache/kerby/kerb-server/1.0.1/kerb-server-1.0.1.jar:/home/user/.m2/repository/org/apache/kerby/kerb-identity/1.0.1/kerb-identity-1.0.1.jar:/home/user/.m2/repository/org/apache/kerby/kerby-xdr/1.0.1/kerby-xdr-1.0.1.jar:/home/user/.m2/repository/org/slf4j/slf4j-log4j12/1.7.25/slf4j-log4j12-1.7.25.jar:/home/user/.m2/repository/org/apache/hadoop/hadoop-ozone-objectstore-service/0.5.0-SNAPSHOT/hadoop-ozone-objectstore-service-0.5.0-SNAPSHOT.jar:/home/user/.m2/repository/org/apache/hadoop/hadoop-ozone-s3gateway/0.5.0-SNAPSHOT/hadoop-ozone-s3gateway-0.5.0-SNAPSHOT.jar:/home/user/.m2/repository/org/jboss/weld/servlet/weld-servlet/2.4.7.Final/weld-servlet-2.4.7.Final.jar:/home/user/.m2/repository/org/glassfish/jersey/containers/jersey-container-servlet-core/2.27/jersey-container-servlet-core-2.27.jar:/home/user/.m2/repository/org/glassfish/hk2/external/javax.inject/2.5.0-b42/javax.inject-2.5.0-b42.jar:/home/user/.m2/repository/org/glassfish/jersey/core/jersey-common/2.27/jersey-common-2.27.jar:/home/user/.m2/repository/org/glassfish/hk2/osgi-resource-locator/1.0.1/osgi-resource-locator-1.0.1.jar:/home/user/.m2/repository/javax/ws/rs/javax.ws.rs-api/2.1/javax.ws.rs-api-2.1.jar:/home/user/.m2/repository/org/glassfish/jersey/ext/cdi/jersey-cdi1x/2.27/jersey-cdi1x-2.27.jar:/home/user/.m2/repository/org/glassfish/jersey/inject/jersey-hk2/2.27/jersey-hk2-2.27.jar:/home/user/.m2/repository/org/glassfish/hk2/hk2-locator/2.5.0-b42/hk2-locator-2.5.0-b42.jar:/home/user/.m2/repository/org/javassist/javassist/3.22.0-CR2/javassist-3.22.0-CR2.jar:/home/user/.m2/repository/org/glassfish/hk2/hk2-api/2.5.0/hk2-api-2.5.0.jar:/home/user/.m2/repository/org/glassfish/hk2/external/jakarta.inject/2.5.0/jakarta.inject-2.5.0.jar:/home/user/.m2/repository/org/glassfish/hk2/hk2-utils/2.5.0/hk2-utils-2.5.0.jar:/home/user/.m2/repository/jakarta/annotation/jakarta.annotation-api/1.3.4/jakarta.annotation-api-1.3.4.jar:/home/user/.m2/repository/org/glassfish/hk2/external/aopalliance-repackaged/2.5.0/aopalliance-repackaged-2.5.0.jar:/home/user/.m2/repository/com/fasterxml/jackson/dataformat/jackson-dataformat-xml/2.9.0/jackson-dataformat-xml-2.9.0.jar:/home/user/.m2/repository/com/fasterxml/jackson/core/jackson-core/2.9.5/jackson-core-2.9.5.jar:/home/user/.m2/repository/com/fasterxml/jackson/module/jackson-module-jaxb-annotations/2.9.5/jackson-module-jaxb-annotations-2.9.5.jar:/home/user/.m2/repository/javax/enterprise/cdi-api/1.2/cdi-api-1.2.jar:/home/user/.m2/repository/javax/el/javax.el-api/3.0.0/javax.el-api-3.0.0.jar:/home/user/.m2/repository/javax/interceptor/javax.interceptor-api/1.2/javax.interceptor-api-1.2.jar:/home/user/.m2/repository/javax/inject/javax.inject/1/javax.inject-1.jar:/home/user/.m2/repository/com/sun/xml/bind/jaxb-impl/2.3.0.1/jaxb-impl-2.3.0.1.jar:/home/user/.m2/repository/com/sun/xml/bind/jaxb-core/2.3.0.1/jaxb-core-2.3.0.1.jar:/home/user/.m2/repository/javax/xml/bind/jaxb-api/2.3.0/jaxb-api-2.3.0.jar:/home/user/.m2/repository/javax/activation/activation/1.1.1/activation-1.1.1.jar:/home/user/.m2/repository/org/apache/hadoop/hadoop-ozone-csi/0.5.0-SNAPSHOT/hadoop-ozone-csi-0.5.0-SNAPSHOT.jar:/home/user/.m2/repository/com/google/protobuf/protobuf-java-util/3.5.1/protobuf-java-util-3.5.1.jar:/home/user/.m2/repository/org/apache/hadoop/hadoop-hdds-config/0.5.0-SNAPSHOT/hadoop-hdds-config-0.5.0-SNAPSHOT.jar:/home/user/.m2/repository/io/grpc/grpc-netty/1.17.1/grpc-netty-1.17.1.jar:/home/user/.m2/repository/io/grpc/grpc-core/1.17.1/grpc-core-1.17.1.jar:/home/user/.m2/repository/io/grpc/grpc-context/1.17.1/grpc-context-1.17.1.jar:/home/user/.m2/repository/com/google/errorprone/error_prone_annotations/2.2.0/error_prone_annotations-2.2.0.jar:/home/user/.m2/repository/org/codehaus/mojo/animal-sniffer-annotations/1.17/animal-sniffer-annotations-1.17.jar:/home/user/.m2/repository/io/opencensus/opencensus-api/0.17.0/opencensus-api-0.17.0.jar:/home/user/.m2/repository/io/opencensus/opencensus-contrib-grpc-metrics/0.17.0/opencensus-contrib-grpc-metrics-0.17.0.jar:/home/user/.m2/repository/io/netty/netty-codec-http2/4.1.30.Final/netty-codec-http2-4.1.30.Final.jar:/home/user/.m2/repository/io/netty/netty-codec-http/4.1.30.Final/netty-codec-http-4.1.30.Final.jar:/home/user/.m2/repository/io/netty/netty-codec/4.1.30.Final/netty-codec-4.1.30.Final.jar:/home/user/.m2/repository/io/netty/netty-handler/4.1.30.Final/netty-handler-4.1.30.Final.jar:/home/user/.m2/repository/io/netty/netty-handler-proxy/4.1.30.Final/netty-handler-proxy-4.1.30.Final.jar:/home/user/.m2/repository/io/netty/netty-codec-socks/4.1.30.Final/netty-codec-socks-4.1.30.Final.jar:/home/user/.m2/repository/io/netty/netty-transport-native-epoll/4.1.30.Final/netty-transport-native-epoll-4.1.30.Final.jar:/home/user/.m2/repository/io/netty/netty-common/4.1.30.Final/netty-common-4.1.30.Final.jar:/home/user/.m2/repository/io/netty/netty-buffer/4.1.30.Final/netty-buffer-4.1.30.Final.jar:/home/user/.m2/repository/io/netty/netty-transport/4.1.30.Final/netty-transport-4.1.30.Final.jar:/home/user/.m2/repository/io/netty/netty-resolver/4.1.30.Final/netty-resolver-4.1.30.Final.jar:/home/user/.m2/repository/io/netty/netty-transport-native-unix-common/4.1.30.Final/netty-transport-native-unix-common-4.1.30.Final.jar:/home/user/.m2/repository/io/grpc/grpc-protobuf/1.17.1/grpc-protobuf-1.17.1.jar:/home/user/.m2/repository/com/google/api/grpc/proto-google-common-protos/1.0.0/proto-google-common-protos-1.0.0.jar:/home/user/.m2/repository/io/grpc/grpc-protobuf-lite/1.17.1/grpc-protobuf-lite-1.17.1.jar:/home/user/.m2/repository/io/grpc/grpc-stub/1.17.1/grpc-stub-1.17.1.jar:/home/user/.m2/repository/org/apache/hadoop/hadoop-ozone-recon/0.5.0-SNAPSHOT/hadoop-ozone-recon-0.5.0-SNAPSHOT.jar:/home/user/.m2/repository/org/apache/hadoop/hadoop-ozone-reconcodegen/0.5.0-SNAPSHOT/hadoop-ozone-reconcodegen-0.5.0-SNAPSHOT.jar:/home/user/.m2/repository/com/google/inject/extensions/guice-multibindings/4.0/guice-multibindings-4.0.jar:/home/user/.m2/repository/com/google/inject/guice/4.0/guice-4.0.jar:/home/user/.m2/repository/aopalliance/aopalliance/1.0/aopalliance-1.0.jar:/home/user/.m2/repository/com/google/inject/extensions/guice-servlet/4.0/guice-servlet-4.0.jar:/home/user/.m2/repository/org/glassfish/jersey/containers/jersey-container-servlet/2.27/jersey-container-servlet-2.27.jar:/home/user/.m2/repository/org/glassfish/hk2/guice-bridge/2.5.0/guice-bridge-2.5.0.jar:/home/user/.m2/repository/org/glassfish/jersey/core/jersey-server/2.27/jersey-server-2.27.jar:/home/user/.m2/repository/org/glassfish/jersey/core/jersey-client/2.27/jersey-client-2.27.jar:/home/user/.m2/repository/org/glassfish/jersey/media/jersey-media-jaxb/2.27/jersey-media-jaxb-2.27.jar:/home/user/.m2/repository/javax/validation/validation-api/1.1.0.Final/validation-api-1.1.0.Final.jar:/home/user/.m2/repository/org/glassfish/jersey/media/jersey-media-json-jackson/2.27/jersey-media-json-jackson-2.27.jar:/home/user/.m2/repository/org/glassfish/jersey/ext/jersey-entity-filtering/2.27/jersey-entity-filtering-2.27.jar:/home/user/.m2/repository/com/google/inject/extensions/guice-assistedinject/4.0/guice-assistedinject-4.0.jar:/home/user/.m2/repository/org/jooq/jooq/3.11.10/jooq-3.11.10.jar:/home/user/.m2/repository/org/jooq/jooq-meta/3.11.10/jooq-meta-3.11.10.jar:/home/user/.m2/repository/org/jooq/jooq-codegen/3.11.10/jooq-codegen-3.11.10.jar:/home/user/.m2/repository/com/jolbox/bonecp/0.8.0.RELEASE/bonecp-0.8.0.RELEASE.jar:/home/user/.m2/repository/org/xerial/sqlite-jdbc/3.25.2/sqlite-jdbc-3.25.2.jar:/home/user/.m2/repository/org/springframework/spring-jdbc/5.1.3.RELEASE/spring-jdbc-5.1.3.RELEASE.jar:/home/user/.m2/repository/org/springframework/spring-beans/5.1.3.RELEASE/spring-beans-5.1.3.RELEASE.jar:/home/user/.m2/repository/org/springframework/spring-core/5.1.3.RELEASE/spring-core-5.1.3.RELEASE.jar:/home/user/.m2/repository/org/springframework/spring-jcl/5.1.3.RELEASE/spring-jcl-5.1.3.RELEASE.jar:/home/user/.m2/repository/org/springframework/spring-tx/5.1.3.RELEASE/spring-tx-5.1.3.RELEASE.jar:/home/user/.m2/repository/org/apache/hadoop/hadoop-ozone-client/0.5.0-SNAPSHOT/hadoop-ozone-client-0.5.0-SNAPSHOT.jar:/home/user/.m2/repository/commons-lang/commons-lang/2.6/commons-lang-2.6.jar:/home/user/.m2/repository/org/apache/hadoop/hadoop-ozone-ozone-manager/0.5.0-SNAPSHOT/hadoop-ozone-ozone-manager-0.5.0-SNAPSHOT-tests.jar:/home/user/.m2/repository/junit/junit/4.11/junit-4.11.jar:/home/user/.m2/repository/org/hamcrest/hamcrest-core/1.3/hamcrest-core-1.3.jar:/home/user/.m2/repository/org/openjdk/jmh/jmh-core/1.19/jmh-core-1.19.jar:/home/user/.m2/repository/net/sf/jopt-simple/jopt-simple/4.6/jopt-simple-4.6.jar:/home/user/.m2/repository/org/apache/commons/commons-math3/3.1.1/commons-math3-3.1.1.jar:/home/user/.m2/repository/org/openjdk/jmh/jmh-generator-annprocess/1.19/jmh-generator-annprocess-1.19.jar:/home/user/.m2/repository/org/mockito/mockito-all/1.8.5/mockito-all-1.8.5.jar:/home/user/.m2/repository/org/apache/hadoop/hadoop-kms/3.2.0/hadoop-kms-3.2.0.jar:/home/user/.m2/repository/org/apache/hadoop/hadoop-auth/3.2.0/hadoop-auth-3.2.0.jar:/home/user/.m2/repository/com/nimbusds/nimbus-jose-jwt/4.41.1/nimbus-jose-jwt-4.41.1.jar:/home/user/.m2/repository/com/github/stephenc/jcip/jcip-annotations/1.0-1/jcip-annotations-1.0-1.jar:/home/user/.m2/repository/net/minidev/json-smart/2.3/json-smart-2.3.jar:/home/user/.m2/repository/net/minidev/accessors-smart/1.2/accessors-smart-1.2.jar:/home/user/.m2/repository/org/ow2/asm/asm/5.0.4/asm-5.0.4.jar:/home/user/.m2/repository/org/apache/curator/curator-framework/2.12.0/curator-framework-2.12.0.jar:/home/user/.m2/repository/com/sun/jersey/jersey-core/1.19/jersey-core-1.19.jar:/home/user/.m2/repository/javax/ws/rs/jsr311-api/1.1.1/jsr311-api-1.1.1.jar:/home/user/.m2/repository/com/sun/jersey/jersey-server/1.19/jersey-server-1.19.jar:/home/user/.m2/repository/javax/servlet/javax.servlet-api/3.1.0/javax.servlet-api-3.1.0.jar:/home/user/.m2/repository/org/eclipse/jetty/jetty-server/9.3.24.v20180605/jetty-server-9.3.24.v20180605.jar:/home/user/.m2/repository/org/eclipse/jetty/jetty-http/9.3.24.v20180605/jetty-http-9.3.24.v20180605.jar:/home/user/.m2/repository/org/eclipse/jetty/jetty-io/9.3.24.v20180605/jetty-io-9.3.24.v20180605.jar:/home/user/.m2/repository/org/eclipse/jetty/jetty-webapp/9.3.24.v20180605/jetty-webapp-9.3.24.v20180605.jar:/home/user/.m2/repository/org/eclipse/jetty/jetty-xml/9.3.24.v20180605/jetty-xml-9.3.24.v20180605.jar:/home/user/.m2/repository/log4j/log4j/1.2.17/log4j-1.2.17.jar:/home/user/.m2/repository/org/slf4j/slf4j-api/1.7.25/slf4j-api-1.7.25.jar:/home/user/.m2/repository/org/slf4j/jul-to-slf4j/1.7.25/jul-to-slf4j-1.7.25.jar:/home/user/.m2/repository/org/eclipse/jetty/jetty-util/9.3.24.v20180605/jetty-util-9.3.24.v20180605.jar:/home/user/.m2/repository/com/fasterxml/jackson/core/jackson-databind/2.9.5/jackson-databind-2.9.5.jar:/home/user/.m2/repository/org/apache/hadoop/hadoop-kms/3.2.0/hadoop-kms-3.2.0-tests.jar:/home/user/.m2/repository/org/apache/hadoop/hadoop-hdds-server-scm/0.5.0-SNAPSHOT/hadoop-hdds-server-scm-0.5.0-SNAPSHOT-tests.jar:/home/user/.m2/repository/org/apache/hadoop/hadoop-hdds-container-service/0.5.0-SNAPSHOT/hadoop-hdds-container-service-0.5.0-SNAPSHOT-tests.jar:/home/user/.m2/repository/org/yaml/snakeyaml/1.16/snakeyaml-1.16.jar:/home/user/.m2/repository/org/apache/hadoop/hadoop-common/3.2.0/hadoop-common-3.2.0-tests.jar:/home/user/.m2/repository/org/apache/hadoop/hadoop-annotations/3.2.0/hadoop-annotations-3.2.0.jar:/usr/lib/jvm/java-1.8-openjdk/jre/../lib/tools.jar:/home/user/.m2/repository/commons-cli/commons-cli/1.2/commons-cli-1.2.jar:/home/user/.m2/repository/org/apache/httpcomponents/httpclient/4.5.2/httpclient-4.5.2.jar:/home/user/.m2/repository/org/apache/httpcomponents/httpcore/4.4.4/httpcore-4.4.4.jar:/home/user/.m2/repository/commons-codec/commons-codec/1.11/commons-codec-1.11.jar:/home/user/.m2/repository/commons-net/commons-net/3.6/commons-net-3.6.jar:/home/user/.m2/repository/commons-collections/commons-collections/3.2.2/commons-collections-3.2.2.jar:/home/user/.m2/repository/org/eclipse/jetty/jetty-servlet/9.3.24.v20180605/jetty-servlet-9.3.24.v20180605.jar:/home/user/.m2/repository/org/eclipse/jetty/jetty-security/9.3.24.v20180605/jetty-security-9.3.24.v20180605.jar:/home/user/.m2/repository/javax/servlet/jsp/jsp-api/2.1/jsp-api-2.1.jar:/home/user/.m2/repository/com/sun/jersey/jersey-servlet/1.19/jersey-servlet-1.19.jar:/home/user/.m2/repository/com/sun/jersey/jersey-json/1.19/jersey-json-1.19.jar:/home/user/.m2/repository/org/codehaus/jettison/jettison/1.1/jettison-1.1.jar:/home/user/.m2/repository/org/codehaus/jackson/jackson-core-asl/1.9.13/jackson-core-asl-1.9.13.jar:/home/user/.m2/repository/org/codehaus/jackson/jackson-mapper-asl/1.9.13/jackson-mapper-asl-1.9.13.jar:/home/user/.m2/repository/org/codehaus/jackson/jackson-jaxrs/1.9.13/jackson-jaxrs-1.9.13.jar:/home/user/.m2/repository/org/codehaus/jackson/jackson-xc/1.9.13/jackson-xc-1.9.13.jar:/home/user/.m2/repository/commons-logging/commons-logging/1.1.3/commons-logging-1.1.3.jar:/home/user/.m2/repository/commons-beanutils/commons-beanutils/1.9.3/commons-beanutils-1.9.3.jar:/home/user/.m2/repository/org/apache/commons/commons-configuration2/2.1.1/commons-configuration2-2.1.1.jar:/home/user/.m2/repository/org/apache/commons/commons-lang3/3.7/commons-lang3-3.7.jar:/home/user/.m2/repository/org/apache/commons/commons-text/1.4/commons-text-1.4.jar:/home/user/.m2/repository/org/apache/avro/avro/1.7.7/avro-1.7.7.jar:/home/user/.m2/repository/com/thoughtworks/paranamer/paranamer/2.3/paranamer-2.3.jar:/home/user/.m2/repository/org/xerial/snappy/snappy-java/1.0.5/snappy-java-1.0.5.jar:/home/user/.m2/repository/com/google/re2j/re2j/1.1/re2j-1.1.jar:/home/user/.m2/repository/com/google/code/gson/gson/2.2.4/gson-2.2.4.jar:/home/user/.m2/repository/com/jcraft/jsch/0.1.54/jsch-0.1.54.jar:/home/user/.m2/repository/org/apache/curator/curator-client/2.12.0/curator-client-2.12.0.jar:/home/user/.m2/repository/org/apache/curator/curator-recipes/2.12.0/curator-recipes-2.12.0.jar:/home/user/.m2/repository/com/google/code/findbugs/jsr305/3.0.0/jsr305-3.0.0.jar:/home/user/.m2/repository/org/apache/htrace/htrace-core4/4.1.0-incubating/htrace-core4-4.1.0-incubating.jar:/home/user/.m2/repository/org/apache/zookeeper/zookeeper/3.4.13/zookeeper-3.4.13.jar:/home/user/.m2/repository/org/apache/yetus/audience-annotations/0.5.0/audience-annotations-0.5.0.jar:/home/user/.m2/repository/org/codehaus/woodstox/stax2-api/3.1.4/stax2-api-3.1.4.jar:/home/user/.m2/repository/com/fasterxml/woodstox/woodstox-core/5.0.3/woodstox-core-5.0.3.jar:/home/user/.m2/repository/dnsjava/dnsjava/2.1.7/dnsjava-2.1.7.jar:/home/user/.m2/repository/org/apache/hadoop/hadoop-hdfs/3.2.0/hadoop-hdfs-3.2.0-tests.jar:/home/user/.m2/repository/org/eclipse/jetty/jetty-util-ajax/9.3.24.v20180605/jetty-util-ajax-9.3.24.v20180605.jar:/home/user/.m2/repository/commons-daemon/commons-daemon/1.0.13/commons-daemon-1.0.13.jar:/home/user/.m2/repository/io/netty/netty/3.10.5.Final/netty-3.10.5.Final.jar:/home/user/.m2/repository/io/netty/netty-all/4.0.52.Final/netty-all-4.0.52.Final.jar:/home/user/.m2/repository/org/fusesource/leveldbjni/leveldbjni-all/1.8/leveldbjni-all-1.8.jar:"/>
    <property name="sun.cpu.endian" value="little"/>
    <property name="user.home" value="/home/user"/>
    <property name="user.language" value="en"/>
    <property name="java.specification.vendor" value="Oracle Corporation"/>
    <property name="java.home" value="/usr/lib/jvm/java-1.8-openjdk/jre"/>
    <property name="java.security.krb5.conf" value="/workdir/hadoop-ozone/integration-test/target/test-classes/krb5.conf"/>
    <property name="basedir" value="/workdir/hadoop-ozone/integration-test"/>
    <property name="file.separator" value="/"/>
    <property name="line.separator" value="&#10;"/>
    <property name="java.vm.specification.vendor" value="Oracle Corporation"/>
    <property name="java.specification.name" value="Java Platform API Specification"/>
    <property name="java.awt.graphicsenv" value="sun.awt.X11GraphicsEnvironment"/>
    <property name="surefire.real.class.path" value="/workdir/hadoop-ozone/integration-test/target/surefire/surefirebooter181664086256281504.jar"/>
    <property name="hadoop.log.dir" value="/workdir/hadoop-ozone/integration-test/target/log"/>
    <property name="sun.boot.class.path" value="/usr/lib/jvm/java-1.8-openjdk/jre/lib/resources.jar:/usr/lib/jvm/java-1.8-openjdk/jre/lib/rt.jar:/usr/lib/jvm/java-1.8-openjdk/jre/lib/sunrsasign.jar:/usr/lib/jvm/java-1.8-openjdk/jre/lib/jsse.jar:/usr/lib/jvm/java-1.8-openjdk/jre/lib/jce.jar:/usr/lib/jvm/java-1.8-openjdk/jre/lib/charsets.jar:/usr/lib/jvm/java-1.8-openjdk/jre/lib/jfr.jar:/usr/lib/jvm/java-1.8-openjdk/jre/classes"/>
    <property name="sun.management.compiler" value="HotSpot 64-Bit Tiered Compilers"/>
    <property name="java.runtime.version" value="1.8.0_212-b04"/>
    <property name="java.net.preferIPv4Stack" value="true"/>
    <property name="user.name" value="jenkins1000"/>
    <property name="path.separator" value=":"/>
    <property name="java.security.egd" value="file:///dev/urandom"/>
    <property name="os.version" value="3.10.0-957.12.2.el7.x86_64"/>
    <property name="java.endorsed.dirs" value="/usr/lib/jvm/java-1.8-openjdk/jre/lib/endorsed"/>
    <property name="java.runtime.name" value="OpenJDK Runtime Environment"/>
    <property name="file.encoding" value="UTF-8"/>
    <property name="java.vm.name" value="OpenJDK 64-Bit Server VM"/>
    <property name="test.build.webapps" value=""/>
    <property name="localRepository" value="/home/user/.m2/repository"/>
    <property name="java.vendor.url.bug" value="https://icedtea.classpath.org/bugzilla"/>
    <property name="java.io.tmpdir" value="/tmp"/>
    <property name="require.test.libhadoop" value=""/>
    <property name="java.version" value="1.8.0_212"/>
    <property name="user.dir" value="/workdir/hadoop-ozone/integration-test"/>
    <property name="os.arch" value="amd64"/>
    <property name="java.vm.specification.name" value="Java Virtual Machine Specification"/>
    <property name="test.build.classes" value="/workdir/hadoop-ozone/integration-test/target/test-classes"/>
    <property name="java.awt.printerjob" value="sun.print.PSPrinterJob"/>
    <property name="sun.os.patch.level" value="unknown"/>
    <property name="hadoop.tmp.dir" value="/workdir/hadoop-ozone/integration-test/target/tmp"/>
    <property name="java.library.path" value="/usr/lib/jvm/java-1.8-openjdk/jre/lib/amd64/server:/usr/lib/jvm/java-1.8-openjdk/jre/lib/amd64:/usr/lib/jvm/java-1.8-openjdk/jre/../lib/amd64:/workdir/hadoop-ozone/integration-test/target/native/target/usr/local/lib:/workdir/hadoop-ozone/integration-test/../../hadoop-common-project/hadoop-common/target/native/target/usr/local/lib:/usr/java/packages/lib/amd64:/usr/lib64:/lib64:/lib:/usr/lib"/>
    <property name="java.vm.info" value="mixed mode"/>
    <property name="java.vendor" value="IcedTea"/>
    <property name="java.vm.version" value="25.212-b04"/>
    <property name="java.ext.dirs" value="/usr/lib/jvm/java-1.8-openjdk/jre/lib/ext:/usr/java/packages/lib/ext"/>
    <property name="sun.io.unicode.encoding" value="UnicodeLittle"/>
    <property name="java.class.version" value="52.0"/>
  </properties>
  <testcase name="testWatchForCommitWithKeyWrite" classname="org.apache.hadoop.ozone.client.rpc.TestWatchForCommit" time="80.12"/>
  <testcase name="testWatchForCommitWithSmallerTimeoutValue" classname="org.apache.hadoop.ozone.client.rpc.TestWatchForCommit" time="46.896"/>
  <testcase name="testWatchForCommitForRetryfailure" classname="org.apache.hadoop.ozone.client.rpc.TestWatchForCommit" time="30.17">
    <error message="org.apache.ratis.protocol.RaftRetryFailureException: Failed RaftClientRequest:client-920598ACECDB-&gt;c3ebd7c4-785c-44df-867b-40d40a93f6b6@group-AA92D0ED21CA, cid=66, seq=1*, RW, org.apache.hadoop.hdds.scm.XceiverClientRatis$$Lambda$1118/1861043945@23fa7340 for 20 attempts with RetryLimited(maxAttempts=20, sleepTime=1000ms)" type="java.util.concurrent.ExecutionException">java.util.concurrent.ExecutionException: org.apache.ratis.protocol.RaftRetryFailureException: Failed RaftClientRequest:client-920598ACECDB->c3ebd7c4-785c-44df-867b-40d40a93f6b6@group-AA92D0ED21CA, cid=66, seq=1*, RW, org.apache.hadoop.hdds.scm.XceiverClientRatis$$Lambda$1118/1861043945@23fa7340 for 20 attempts with RetryLimited(maxAttempts=20, sleepTime=1000ms)
	at java.util.concurrent.CompletableFuture.reportGet(CompletableFuture.java:357)
	at java.util.concurrent.CompletableFuture.get(CompletableFuture.java:1895)
	at org.apache.hadoop.ozone.client.rpc.TestWatchForCommit.testWatchForCommitForRetryfailure(TestWatchForCommit.java:335)
	at sun.reflect.NativeMethodAccessorImpl.invoke0(Native Method)
	at sun.reflect.NativeMethodAccessorImpl.invoke(NativeMethodAccessorImpl.java:62)
	at sun.reflect.DelegatingMethodAccessorImpl.invoke(DelegatingMethodAccessorImpl.java:43)
	at java.lang.reflect.Method.invoke(Method.java:498)
	at org.junit.runners.model.FrameworkMethod$1.runReflectiveCall(FrameworkMethod.java:47)
	at org.junit.internal.runners.model.ReflectiveCallable.run(ReflectiveCallable.java:12)
	at org.junit.runners.model.FrameworkMethod.invokeExplosively(FrameworkMethod.java:44)
	at org.junit.internal.runners.statements.InvokeMethod.evaluate(InvokeMethod.java:17)
	at org.junit.runners.ParentRunner.runLeaf(ParentRunner.java:271)
	at org.junit.runners.BlockJUnit4ClassRunner.runChild(BlockJUnit4ClassRunner.java:70)
	at org.junit.runners.BlockJUnit4ClassRunner.runChild(BlockJUnit4ClassRunner.java:50)
	at org.junit.runners.ParentRunner$3.run(ParentRunner.java:238)
	at org.junit.runners.ParentRunner$1.schedule(ParentRunner.java:63)
	at org.junit.runners.ParentRunner.runChildren(ParentRunner.java:236)
	at org.junit.runners.ParentRunner.access$000(ParentRunner.java:53)
	at org.junit.runners.ParentRunner$2.evaluate(ParentRunner.java:229)
	at org.junit.runners.ParentRunner.run(ParentRunner.java:309)
	at org.apache.maven.surefire.junit4.JUnit4Provider.execute(JUnit4Provider.java:365)
	at org.apache.maven.surefire.junit4.JUnit4Provider.executeWithRerun(JUnit4Provider.java:273)
	at org.apache.maven.surefire.junit4.JUnit4Provider.executeTestSet(JUnit4Provider.java:238)
	at org.apache.maven.surefire.junit4.JUnit4Provider.invoke(JUnit4Provider.java:159)
	at org.apache.maven.surefire.booter.ForkedBooter.invokeProviderInSameClassLoader(ForkedBooter.java:384)
	at org.apache.maven.surefire.booter.ForkedBooter.runSuitesInProcess(ForkedBooter.java:345)
	at org.apache.maven.surefire.booter.ForkedBooter.execute(ForkedBooter.java:126)
	at org.apache.maven.surefire.booter.ForkedBooter.main(ForkedBooter.java:418)
Caused by: org.apache.ratis.protocol.RaftRetryFailureException: Failed RaftClientRequest:client-920598ACECDB->c3ebd7c4-785c-44df-867b-40d40a93f6b6@group-AA92D0ED21CA, cid=66, seq=1*, RW, org.apache.hadoop.hdds.scm.XceiverClientRatis$$Lambda$1118/1861043945@23fa7340 for 20 attempts with RetryLimited(maxAttempts=20, sleepTime=1000ms)
	at org.apache.ratis.client.impl.RaftClientImpl.noMoreRetries(RaftClientImpl.java:272)
	at org.apache.ratis.client.impl.OrderedAsync.handleAsyncRetryFailure(OrderedAsync.java:138)
	at org.apache.ratis.client.impl.OrderedAsync.lambda$sendRequest$10(OrderedAsync.java:230)
	at java.util.concurrent.CompletableFuture.uniExceptionally(CompletableFuture.java:870)
	at java.util.concurrent.CompletableFuture$UniExceptionally.tryFire(CompletableFuture.java:852)
	at java.util.concurrent.CompletableFuture.postComplete(CompletableFuture.java:474)
	at java.util.concurrent.CompletableFuture.completeExceptionally(CompletableFuture.java:1977)
	at org.apache.ratis.grpc.client.GrpcClientProtocolClient$AsyncStreamObservers.completeReplyExceptionally(GrpcClientProtocolClient.java:330)
	at org.apache.ratis.grpc.client.GrpcClientProtocolClient$AsyncStreamObservers.access$000(GrpcClientProtocolClient.java:246)
	at org.apache.ratis.grpc.client.GrpcClientProtocolClient$AsyncStreamObservers$1.onNext(GrpcClientProtocolClient.java:258)
	at org.apache.ratis.grpc.client.GrpcClientProtocolClient$AsyncStreamObservers$1.onNext(GrpcClientProtocolClient.java:249)
	at org.apache.ratis.thirdparty.io.grpc.stub.ClientCalls$StreamObserverToCallListenerAdapter.onMessage(ClientCalls.java:421)
	at org.apache.ratis.thirdparty.io.grpc.ForwardingClientCallListener.onMessage(ForwardingClientCallListener.java:33)
	at org.apache.ratis.thirdparty.io.grpc.ForwardingClientCallListener.onMessage(ForwardingClientCallListener.java:33)
	at org.apache.ratis.thirdparty.io.grpc.internal.ClientCallImpl$ClientStreamListenerImpl$1MessagesAvailable.runInContext(ClientCallImpl.java:519)
	at org.apache.ratis.thirdparty.io.grpc.internal.ContextRunnable.run(ContextRunnable.java:37)
	at org.apache.ratis.thirdparty.io.grpc.internal.SerializingExecutor.run(SerializingExecutor.java:123)
	at java.util.concurrent.ThreadPoolExecutor.runWorker(ThreadPoolExecutor.java:1149)
	at java.util.concurrent.ThreadPoolExecutor$Worker.run(ThreadPoolExecutor.java:624)
	at java.lang.Thread.run(Thread.java:748)
Caused by: org.apache.ratis.protocol.NotLeaderException: Server c3ebd7c4-785c-44df-867b-40d40a93f6b6 is not the leader (b967ad35-fbe7-4f25-8554-0bf78a3d522c:192.168.5.185:40682). Request must be sent to leader.
	at org.apache.ratis.client.impl.ClientProtoUtils.toRaftClientReply(ClientProtoUtils.java:242)
	at org.apache.ratis.grpc.client.GrpcClientProtocolClient$AsyncStreamObservers$1.onNext(GrpcClientProtocolClient.java:254)
	... 10 more
</error>
    <system-out><![CDATA[2019-09-18 16:03:54,409 [main] WARN  server.ServerUtils (ServerUtils.java:getScmDbDir(145)) - ozone.scm.db.dirs is not configured. We recommend adding this setting. Falling back to ozone.metadata.dirs instead.
2019-09-18 16:03:54,442 [main] WARN  server.ServerUtils (ServerUtils.java:getScmDbDir(145)) - ozone.scm.db.dirs is not configured. We recommend adding this setting. Falling back to ozone.metadata.dirs instead.
2019-09-18 16:03:54,442 [main] WARN  server.ServerUtils (ServerUtils.java:getScmDbDir(145)) - ozone.scm.db.dirs is not configured. We recommend adding this setting. Falling back to ozone.metadata.dirs instead.
2019-09-18 16:03:54,443 [main] INFO  db.DBStoreBuilder (DBStoreBuilder.java:addTable(110)) - using custom profile for table: deletedBlocks
2019-09-18 16:03:54,443 [main] INFO  db.DBStoreBuilder (DBStoreBuilder.java:processTables(161)) - Using default column profile:DBProfile.DISK for Table:deletedBlocks
2019-09-18 16:03:54,443 [main] INFO  db.DBStoreBuilder (DBStoreBuilder.java:addTable(110)) - using custom profile for table: validCerts
2019-09-18 16:03:54,443 [main] INFO  db.DBStoreBuilder (DBStoreBuilder.java:processTables(161)) - Using default column profile:DBProfile.DISK for Table:validCerts
2019-09-18 16:03:54,443 [main] INFO  db.DBStoreBuilder (DBStoreBuilder.java:addTable(110)) - using custom profile for table: revokedCerts
2019-09-18 16:03:54,444 [main] INFO  db.DBStoreBuilder (DBStoreBuilder.java:processTables(161)) - Using default column profile:DBProfile.DISK for Table:revokedCerts
2019-09-18 16:03:54,444 [main] INFO  db.DBStoreBuilder (DBStoreBuilder.java:addTable(110)) - using custom profile for table: default
2019-09-18 16:03:54,444 [main] INFO  db.DBStoreBuilder (DBStoreBuilder.java:processTables(167)) - Using default column profile:DBProfile.DISK for Table:default
2019-09-18 16:03:54,444 [main] INFO  db.DBStoreBuilder (DBStoreBuilder.java:getDbProfile(198)) - Using default options. DBProfile.DISK
2019-09-18 16:03:54,810 [main] INFO  net.NodeSchemaLoader (NodeSchemaLoader.java:loadSchemaFromFile(125)) - Loading file from sun.misc.CompoundEnumeration@7a47f0be
2019-09-18 16:03:54,810 [main] INFO  net.NodeSchemaLoader (NodeSchemaLoader.java:loadSchema(171)) - Loading network topology layer schema file
2019-09-18 16:03:54,817 [main] WARN  server.ServerUtils (ServerUtils.java:sanitizeUserArgs(70)) - ozone.scm.stale.node.interval value = 300000 is larger than max = 100000 based on the key value of ozone.scm.heartbeat.thread.interval, reset to the max value 100000.
2019-09-18 16:03:54,817 [main] WARN  server.ServerUtils (ServerUtils.java:sanitizeUserArgs(70)) - ozone.scm.stale.node.interval value = 300000 is larger than max = 100000 based on the key value of ozone.scm.heartbeat.thread.interval, reset to the max value 100000.
2019-09-18 16:03:54,818 [main] INFO  node.SCMNodeManager (SCMNodeManager.java:<init>(121)) - Entering startup safe mode.
2019-09-18 16:03:54,819 [main] INFO  algorithms.ContainerPlacementPolicyFactory (ContainerPlacementPolicyFactory.java:getPolicy(56)) - Create container placement policy of type org.apache.hadoop.hdds.scm.container.placement.algorithms.SCMContainerPlacementRandom
2019-09-18 16:03:54,819 [main] WARN  server.ServerUtils (ServerUtils.java:getScmDbDir(145)) - ozone.scm.db.dirs is not configured. We recommend adding this setting. Falling back to ozone.metadata.dirs instead.
2019-09-18 16:03:54,984 [main] INFO  pipeline.SCMPipelineManager (SCMPipelineManager.java:initializePipelineState(145)) - No pipeline exists in current db
2019-09-18 16:03:54,985 [main] WARN  server.ServerUtils (ServerUtils.java:getScmDbDir(145)) - ozone.scm.db.dirs is not configured. We recommend adding this setting. Falling back to ozone.metadata.dirs instead.
2019-09-18 16:03:55,098 [main] INFO  safemode.HealthyPipelineSafeModeRule (HealthyPipelineSafeModeRule.java:<init>(87)) -  Total pipeline count is 0, healthy pipeline threshold count is 1
2019-09-18 16:03:55,099 [main] INFO  safemode.OneReplicaPipelineSafeModeRule (OneReplicaPipelineSafeModeRule.java:<init>(75)) - Total pipeline count is 0, pipeline's with at least one datanode reported threshold count is 0
2019-09-18 16:03:55,099 [main] WARN  events.EventQueue (EventQueue.java:fireEvent(175)) - No event handler registered for event TypedEvent{payloadType=SafeModeStatus, name='SafeModeStatus'}
2019-09-18 16:03:55,100 [main] INFO  ipc.CallQueueManager (CallQueueManager.java:<init>(84)) - Using callQueue: class java.util.concurrent.LinkedBlockingQueue, queueCapacity: 2000, scheduler: class org.apache.hadoop.ipc.DefaultRpcScheduler, ipcBackoff: false.
2019-09-18 16:03:55,101 [Socket Reader #1 for port 34929] INFO  ipc.Server (Server.java:run(1074)) - Starting Socket Reader #1 for port 34929
2019-09-18 16:03:55,104 [main] INFO  ipc.CallQueueManager (CallQueueManager.java:<init>(84)) - Using callQueue: class java.util.concurrent.LinkedBlockingQueue, queueCapacity: 2000, scheduler: class org.apache.hadoop.ipc.DefaultRpcScheduler, ipcBackoff: false.
2019-09-18 16:03:55,105 [Socket Reader #1 for port 44064] INFO  ipc.Server (Server.java:run(1074)) - Starting Socket Reader #1 for port 44064
2019-09-18 16:03:55,107 [main] INFO  ipc.CallQueueManager (CallQueueManager.java:<init>(84)) - Using callQueue: class java.util.concurrent.LinkedBlockingQueue, queueCapacity: 2000, scheduler: class org.apache.hadoop.ipc.DefaultRpcScheduler, ipcBackoff: false.
2019-09-18 16:03:55,108 [Socket Reader #1 for port 44847] INFO  ipc.Server (Server.java:run(1074)) - Starting Socket Reader #1 for port 44847
2019-09-18 16:03:55,112 [main] INFO  hdfs.DFSUtil (DFSUtil.java:httpServerTemplateForNNAndJN(1641)) - Starting Web-server for scm at: http://0.0.0.0:0
2019-09-18 16:03:55,115 [main] INFO  server.AuthenticationFilter (AuthenticationFilter.java:constructSecretProvider(240)) - Unable to initialize FileSignerSecretProvider, falling back to use random secrets.
2019-09-18 16:03:55,115 [main] WARN  http.HttpRequestLog (HttpRequestLog.java:getRequestLog(97)) - Jetty request log can only be enabled using Log4j
2019-09-18 16:03:55,118 [main] INFO  http.HttpServer2 (HttpServer2.java:addGlobalFilter(975)) - Added global filter 'safety' (class=org.apache.hadoop.http.HttpServer2$QuotingInputFilter)
2019-09-18 16:03:55,119 [main] INFO  http.HttpServer2 (HttpServer2.java:addFilter(948)) - Added filter static_user_filter (class=org.apache.hadoop.http.lib.StaticUserWebFilter$StaticUserFilter) to context scm
2019-09-18 16:03:55,119 [main] INFO  http.HttpServer2 (HttpServer2.java:addFilter(958)) - Added filter static_user_filter (class=org.apache.hadoop.http.lib.StaticUserWebFilter$StaticUserFilter) to context static
2019-09-18 16:03:55,120 [main] INFO  http.HttpServer2 (HttpServer2.java:addFilter(958)) - Added filter static_user_filter (class=org.apache.hadoop.http.lib.StaticUserWebFilter$StaticUserFilter) to context logs
2019-09-18 16:03:55,123 [main] INFO  server.StorageContainerManager (StorageContainerManager.java:start(761)) - StorageContainerLocationProtocol RPC server is listening at /0.0.0.0:44847
2019-09-18 16:03:55,126 [main] WARN  impl.MetricsConfig (MetricsConfig.java:loadFirst(134)) - Cannot locate configuration: tried hadoop-metrics2-storagecontainermanager.properties,hadoop-metrics2.properties
2019-09-18 16:03:55,127 [main] INFO  impl.MetricsSystemImpl (MetricsSystemImpl.java:startTimer(374)) - Scheduled Metric snapshot period at 10 second(s).
2019-09-18 16:03:55,127 [main] INFO  impl.MetricsSystemImpl (MetricsSystemImpl.java:start(191)) - StorageContainerManager metrics system started
2019-09-18 16:03:55,225 [main] INFO  server.SCMClientProtocolServer (SCMClientProtocolServer.java:start(151)) - RPC server for Client  is listening at /0.0.0.0:44847
2019-09-18 16:03:55,226 [IPC Server Responder] INFO  ipc.Server (Server.java:run(1314)) - IPC Server Responder: starting
2019-09-18 16:03:55,226 [IPC Server listener on 44847] INFO  ipc.Server (Server.java:run(1153)) - IPC Server listener on 44847: starting
2019-09-18 16:03:55,231 [main] INFO  server.StorageContainerManager (StorageContainerManager.java:start(771)) - ScmBlockLocationProtocol RPC server is listening at /0.0.0.0:44064
2019-09-18 16:03:55,231 [main] INFO  server.SCMBlockProtocolServer (SCMBlockProtocolServer.java:start(140)) - RPC server for Block Protocol is listening at /0.0.0.0:44064
2019-09-18 16:03:55,231 [IPC Server Responder] INFO  ipc.Server (Server.java:run(1314)) - IPC Server Responder: starting
2019-09-18 16:03:55,231 [IPC Server listener on 44064] INFO  ipc.Server (Server.java:run(1153)) - IPC Server listener on 44064: starting
2019-09-18 16:03:55,236 [main] INFO  server.StorageContainerManager (StorageContainerManager.java:start(775)) - ScmDatanodeProtocl RPC server is listening at /0.0.0.0:34929
2019-09-18 16:03:55,236 [main] INFO  server.SCMDatanodeProtocolServer (SCMDatanodeProtocolServer.java:start(199)) - RPC server for DataNodes is listening at /0.0.0.0:34929
2019-09-18 16:03:55,236 [IPC Server Responder] INFO  ipc.Server (Server.java:run(1314)) - IPC Server Responder: starting
2019-09-18 16:03:55,236 [IPC Server listener on 34929] INFO  ipc.Server (Server.java:run(1153)) - IPC Server listener on 34929: starting
2019-09-18 16:03:55,241 [main] INFO  http.HttpServer2 (HttpServer2.java:bindListener(1191)) - Jetty bound to port 43346
2019-09-18 16:03:55,241 [main] INFO  server.Server (Server.java:doStart(351)) - jetty-9.3.24.v20180605, build timestamp: 2018-06-05T17:11:56Z, git hash: 84205aa28f11a4f31f2a3b86d1bba2cc8ab69827
2019-09-18 16:03:55,243 [main] INFO  handler.ContextHandler (ContextHandler.java:doStart(781)) - Started o.e.j.s.ServletContextHandler@1805ca5c{/logs,file:///workdir/hadoop-ozone/integration-test/target/log,AVAILABLE}
2019-09-18 16:03:55,244 [main] INFO  handler.ContextHandler (ContextHandler.java:doStart(781)) - Started o.e.j.s.ServletContextHandler@3134b261{/static,file:///workdir/hadoop-ozone/integration-test/target/test-classes/webapps/static,AVAILABLE}
2019-09-18 16:03:55,250 [main] INFO  handler.ContextHandler (ContextHandler.java:doStart(781)) - Started o.e.j.w.WebAppContext@77b22b05{/,file:///workdir/hadoop-ozone/integration-test/target/test-classes/webapps/scm/,AVAILABLE}{/scm}
2019-09-18 16:03:55,250 [main] INFO  server.AbstractConnector (AbstractConnector.java:doStart(278)) - Started ServerConnector@4fef5792{HTTP/1.1,[http/1.1]}{0.0.0.0:43346}
2019-09-18 16:03:55,251 [main] INFO  server.Server (Server.java:doStart(419)) - Started @128311ms
2019-09-18 16:03:55,253 [main] INFO  server.BaseHttpServer (BaseHttpServer.java:updateConnectorAddress(213)) - HTTP server of SCM is listening at http://0.0.0.0:43346
2019-09-18 16:03:55,253 [main] WARN  server.ServerUtils (ServerUtils.java:getDBPath(222)) - ozone.om.db.dirs is not configured. We recommend adding this setting. Falling back to ozone.metadata.dirs instead.
2019-09-18 16:03:55,254 [org.apache.hadoop.util.JvmPauseMonitor$Monitor@39004e4f] INFO  util.JvmPauseMonitor (JvmPauseMonitor.java:run(188)) - Starting JVM pause monitor
2019-09-18 16:03:55,276 [main] WARN  server.ServerUtils (ServerUtils.java:getDBPath(222)) - ozone.om.db.dirs is not configured. We recommend adding this setting. Falling back to ozone.metadata.dirs instead.
2019-09-18 16:03:55,277 [main] WARN  server.ServerUtils (ServerUtils.java:getDBPath(222)) - ozone.om.db.dirs is not configured. We recommend adding this setting. Falling back to ozone.metadata.dirs instead.
2019-09-18 16:03:55,277 [main] INFO  om.OzoneManager (OzoneManager.java:setOMNodeDetails(645)) - OM Service ID is not set. Setting it to the default ID: omServiceIdDefault
2019-09-18 16:03:55,277 [main] INFO  om.OzoneManager (OzoneManager.java:setOMNodeDetails(651)) - OM Node ID is not set. Setting it to the OmStorage's OmID: 955aec21-b19b-4fe3-af80-a797db9b4299
2019-09-18 16:03:55,277 [main] INFO  om.OzoneManager (OzoneManager.java:loadOMHAConfigs(602)) - Found matching OM address with OMServiceId: null, OMNodeId: null, RPC Address: localhost:0 and Ratis port: 9872
2019-09-18 16:03:55,281 | INFO  | SCMAudit | user=jenkins1000 | ip=192.168.5.185 | op=GET_SCM_INFO null | ret=SUCCESS |  
2019-09-18 16:03:55,284 [main] WARN  server.ServerUtils (ServerUtils.java:getDBPath(222)) - ozone.om.db.dirs is not configured. We recommend adding this setting. Falling back to ozone.metadata.dirs instead.
2019-09-18 16:03:55,285 [main] INFO  db.DBStoreBuilder (DBStoreBuilder.java:addTable(110)) - using custom profile for table: userTable
2019-09-18 16:03:55,286 [main] INFO  db.DBStoreBuilder (DBStoreBuilder.java:processTables(161)) - Using default column profile:DBProfile.DISK for Table:userTable
2019-09-18 16:03:55,286 [main] INFO  db.DBStoreBuilder (DBStoreBuilder.java:addTable(110)) - using custom profile for table: volumeTable
2019-09-18 16:03:55,286 [main] INFO  db.DBStoreBuilder (DBStoreBuilder.java:processTables(161)) - Using default column profile:DBProfile.DISK for Table:volumeTable
2019-09-18 16:03:55,286 [main] INFO  db.DBStoreBuilder (DBStoreBuilder.java:addTable(110)) - using custom profile for table: bucketTable
2019-09-18 16:03:55,286 [main] INFO  db.DBStoreBuilder (DBStoreBuilder.java:processTables(161)) - Using default column profile:DBProfile.DISK for Table:bucketTable
2019-09-18 16:03:55,287 [main] INFO  db.DBStoreBuilder (DBStoreBuilder.java:addTable(110)) - using custom profile for table: keyTable
2019-09-18 16:03:55,287 [main] INFO  db.DBStoreBuilder (DBStoreBuilder.java:processTables(161)) - Using default column profile:DBProfile.DISK for Table:keyTable
2019-09-18 16:03:55,287 [main] INFO  db.DBStoreBuilder (DBStoreBuilder.java:addTable(110)) - using custom profile for table: deletedTable
2019-09-18 16:03:55,287 [main] INFO  db.DBStoreBuilder (DBStoreBuilder.java:processTables(161)) - Using default column profile:DBProfile.DISK for Table:deletedTable
2019-09-18 16:03:55,287 [main] INFO  db.DBStoreBuilder (DBStoreBuilder.java:addTable(110)) - using custom profile for table: openKeyTable
2019-09-18 16:03:55,287 [main] INFO  db.DBStoreBuilder (DBStoreBuilder.java:processTables(161)) - Using default column profile:DBProfile.DISK for Table:openKeyTable
2019-09-18 16:03:55,288 [main] INFO  db.DBStoreBuilder (DBStoreBuilder.java:addTable(110)) - using custom profile for table: s3Table
2019-09-18 16:03:55,288 [main] INFO  db.DBStoreBuilder (DBStoreBuilder.java:processTables(161)) - Using default column profile:DBProfile.DISK for Table:s3Table
2019-09-18 16:03:55,288 [main] INFO  db.DBStoreBuilder (DBStoreBuilder.java:addTable(110)) - using custom profile for table: multipartInfoTable
2019-09-18 16:03:55,288 [main] INFO  db.DBStoreBuilder (DBStoreBuilder.java:processTables(161)) - Using default column profile:DBProfile.DISK for Table:multipartInfoTable
2019-09-18 16:03:55,288 [main] INFO  db.DBStoreBuilder (DBStoreBuilder.java:addTable(110)) - using custom profile for table: dTokenTable
2019-09-18 16:03:55,289 [main] INFO  db.DBStoreBuilder (DBStoreBuilder.java:processTables(161)) - Using default column profile:DBProfile.DISK for Table:dTokenTable
2019-09-18 16:03:55,289 [main] INFO  db.DBStoreBuilder (DBStoreBuilder.java:addTable(110)) - using custom profile for table: s3SecretTable
2019-09-18 16:03:55,289 [main] INFO  db.DBStoreBuilder (DBStoreBuilder.java:processTables(161)) - Using default column profile:DBProfile.DISK for Table:s3SecretTable
2019-09-18 16:03:55,289 [main] INFO  db.DBStoreBuilder (DBStoreBuilder.java:addTable(110)) - using custom profile for table: prefixTable
2019-09-18 16:03:55,289 [main] INFO  db.DBStoreBuilder (DBStoreBuilder.java:processTables(161)) - Using default column profile:DBProfile.DISK for Table:prefixTable
2019-09-18 16:03:55,289 [main] INFO  db.DBStoreBuilder (DBStoreBuilder.java:addTable(110)) - using custom profile for table: default
2019-09-18 16:03:55,290 [main] INFO  db.DBStoreBuilder (DBStoreBuilder.java:processTables(167)) - Using default column profile:DBProfile.DISK for Table:default
2019-09-18 16:03:55,290 [main] INFO  db.DBStoreBuilder (DBStoreBuilder.java:getDbProfile(198)) - Using default options. DBProfile.DISK
2019-09-18 16:03:56,144 [main] INFO  ipc.CallQueueManager (CallQueueManager.java:<init>(84)) - Using callQueue: class java.util.concurrent.LinkedBlockingQueue, queueCapacity: 2000, scheduler: class org.apache.hadoop.ipc.DefaultRpcScheduler, ipcBackoff: false.
2019-09-18 16:03:56,145 [Socket Reader #1 for port 33592] INFO  ipc.Server (Server.java:run(1074)) - Starting Socket Reader #1 for port 33592
2019-09-18 16:03:56,165 [main] INFO  om.OzoneManager (OzoneManager.java:start(1256)) - OzoneManager RPC server is listening at localhost/127.0.0.1:33592
2019-09-18 16:03:56,165 [main] INFO  impl.MetricsSystemImpl (MetricsSystemImpl.java:init(158)) - OzoneManager metrics system started (again)
2019-09-18 16:03:56,166 [IPC Server Responder] INFO  ipc.Server (Server.java:run(1314)) - IPC Server Responder: starting
2019-09-18 16:03:56,167 [IPC Server listener on 33592] INFO  ipc.Server (Server.java:run(1153)) - IPC Server listener on 33592: starting
2019-09-18 16:03:56,174 [main] INFO  hdfs.DFSUtil (DFSUtil.java:httpServerTemplateForNNAndJN(1641)) - Starting Web-server for ozoneManager at: http://0.0.0.0:0
2019-09-18 16:03:56,176 [main] INFO  server.AuthenticationFilter (AuthenticationFilter.java:constructSecretProvider(240)) - Unable to initialize FileSignerSecretProvider, falling back to use random secrets.
2019-09-18 16:03:56,177 [main] WARN  http.HttpRequestLog (HttpRequestLog.java:getRequestLog(97)) - Jetty request log can only be enabled using Log4j
2019-09-18 16:03:56,180 [main] INFO  http.HttpServer2 (HttpServer2.java:addGlobalFilter(975)) - Added global filter 'safety' (class=org.apache.hadoop.http.HttpServer2$QuotingInputFilter)
2019-09-18 16:03:56,182 [main] INFO  http.HttpServer2 (HttpServer2.java:addFilter(948)) - Added filter static_user_filter (class=org.apache.hadoop.http.lib.StaticUserWebFilter$StaticUserFilter) to context ozoneManager
2019-09-18 16:03:56,182 [main] INFO  http.HttpServer2 (HttpServer2.java:addFilter(958)) - Added filter static_user_filter (class=org.apache.hadoop.http.lib.StaticUserWebFilter$StaticUserFilter) to context static
2019-09-18 16:03:56,182 [main] INFO  http.HttpServer2 (HttpServer2.java:addFilter(958)) - Added filter static_user_filter (class=org.apache.hadoop.http.lib.StaticUserWebFilter$StaticUserFilter) to context logs
2019-09-18 16:03:56,183 [main] INFO  http.HttpServer2 (HttpServer2.java:bindListener(1191)) - Jetty bound to port 45837
2019-09-18 16:03:56,184 [main] INFO  server.Server (Server.java:doStart(351)) - jetty-9.3.24.v20180605, build timestamp: 2018-06-05T17:11:56Z, git hash: 84205aa28f11a4f31f2a3b86d1bba2cc8ab69827
2019-09-18 16:03:56,186 [main] INFO  handler.ContextHandler (ContextHandler.java:doStart(781)) - Started o.e.j.s.ServletContextHandler@64f6dd19{/logs,file:///workdir/hadoop-ozone/integration-test/target/log,AVAILABLE}
2019-09-18 16:03:56,187 [main] INFO  handler.ContextHandler (ContextHandler.java:doStart(781)) - Started o.e.j.s.ServletContextHandler@5151accb{/static,file:///workdir/hadoop-ozone/integration-test/target/test-classes/webapps/static,AVAILABLE}
2019-09-18 16:03:56,194 [main] INFO  handler.ContextHandler (ContextHandler.java:doStart(781)) - Started o.e.j.w.WebAppContext@4e80960a{/,file:///workdir/hadoop-ozone/integration-test/target/test-classes/webapps/ozoneManager/,AVAILABLE}{/ozoneManager}
2019-09-18 16:03:56,194 [main] INFO  server.AbstractConnector (AbstractConnector.java:doStart(278)) - Started ServerConnector@2a0c244e{HTTP/1.1,[http/1.1]}{0.0.0.0:45837}
2019-09-18 16:03:56,195 [main] INFO  server.Server (Server.java:doStart(419)) - Started @129255ms
2019-09-18 16:03:56,196 [main] INFO  server.BaseHttpServer (BaseHttpServer.java:updateConnectorAddress(213)) - HTTP server of OZONEMANAGER is listening at http://0.0.0.0:45837
2019-09-18 16:03:56,219 [main] INFO  impl.MetricsSystemImpl (MetricsSystemImpl.java:init(158)) - HddsDatanode metrics system started (again)
2019-09-18 16:03:56,223 [main] INFO  ozone.HddsDatanodeService (HddsDatanodeService.java:start(184)) - HddsDatanodeService host:pr-hdds-2034-lb7qt-2171347232 ip:192.168.5.185
2019-09-18 16:03:56,233 [main] INFO  volume.HddsVolume (HddsVolume.java:<init>(176)) - Creating Volume: /workdir/hadoop-ozone/integration-test/target/test-dir/MiniOzoneClusterImpl-c717418d-2af0-42af-8782-89586fb16a72/datanode-0/data/containers/hdds of  storage type : DISK and capacity : 1482555576320
2019-09-18 16:03:56,234 [main] INFO  volume.VolumeSet (VolumeSet.java:initializeVolumeSet(170)) - Added Volume : /workdir/hadoop-ozone/integration-test/target/test-dir/MiniOzoneClusterImpl-c717418d-2af0-42af-8782-89586fb16a72/datanode-0/data/containers/hdds to VolumeSet
2019-09-18 16:03:56,234 [main] INFO  volume.ThrottledAsyncChecker (ThrottledAsyncChecker.java:schedule(140)) - Scheduling a check for org.apache.hadoop.ozone.container.common.volume.HddsVolume@2b15ba1a
2019-09-18 16:03:56,235 [main] INFO  volume.HddsVolumeChecker (HddsVolumeChecker.java:checkAllVolumes(203)) - Scheduled health check for volume org.apache.hadoop.ozone.container.common.volume.HddsVolume@2b15ba1a
2019-09-18 16:03:56,260 [main] INFO  impl.RaftServerProxy (ConfUtils.java:logGet(43)) - raft.rpc.type = GRPC (default)
2019-09-18 16:03:56,261 [main] INFO  grpc.GrpcFactory (GrpcFactory.java:checkPooledByteBufAllocatorUseCacheForAllThreads(45)) - PERFORMANCE WARNING: useCacheForAllThreads is true that may cause Netty to create a lot garbage objects and, as a result, trigger GC.
	It is recommended to disable useCacheForAllThreads by setting -Dorg.apache.ratis.thirdparty.io.netty.allocator.useCacheForAllThreads=false in command line.
2019-09-18 16:03:56,261 [main] INFO  grpc.GrpcConfigKeys$Server (ConfUtils.java:logGet(43)) - raft.grpc.server.port = 0 (default)
2019-09-18 16:03:56,261 [main] INFO  server.GrpcService (ConfUtils.java:logGet(43)) - raft.grpc.message.size.max = 33570816 (custom)
2019-09-18 16:03:56,261 [main] INFO  server.RaftServerConfigKeys (ConfUtils.java:logGet(43)) - raft.server.log.appender.buffer.byte-limit = 33554432 (custom)
2019-09-18 16:03:56,262 [main] INFO  server.GrpcService (ConfUtils.java:logGet(43)) - raft.grpc.flow.control.window = 1MB (=1048576) (default)
2019-09-18 16:03:56,262 [main] INFO  server.RaftServerConfigKeys (ConfUtils.java:logGet(43)) - raft.server.rpc.request.timeout = 3000ms (default)
2019-09-18 16:03:56,263 [main] INFO  server.RaftServerConfigKeys (ConfUtils.java:logGet(43)) - raft.server.storage.dir = [/workdir/hadoop-ozone/integration-test/target/test-dir/MiniOzoneClusterImpl-c717418d-2af0-42af-8782-89586fb16a72/datanode-0/data/ratis] (custom)
2019-09-18 16:03:56,263 [main] INFO  replication.SimpleContainerDownloader (SimpleContainerDownloader.java:<init>(72)) - Starting container downloader service to copy containers to replicate.
2019-09-18 16:03:56,265 [main] INFO  hdfs.DFSUtil (DFSUtil.java:httpServerTemplateForNNAndJN(1641)) - Starting Web-server for hddsDatanode at: http://0.0.0.0:0
2019-09-18 16:03:56,270 [main] INFO  server.AuthenticationFilter (AuthenticationFilter.java:constructSecretProvider(240)) - Unable to initialize FileSignerSecretProvider, falling back to use random secrets.
2019-09-18 16:03:56,270 [main] WARN  http.HttpRequestLog (HttpRequestLog.java:getRequestLog(97)) - Jetty request log can only be enabled using Log4j
2019-09-18 16:03:56,272 [main] INFO  http.HttpServer2 (HttpServer2.java:addGlobalFilter(975)) - Added global filter 'safety' (class=org.apache.hadoop.http.HttpServer2$QuotingInputFilter)
2019-09-18 16:03:56,273 [main] INFO  http.HttpServer2 (HttpServer2.java:addFilter(948)) - Added filter static_user_filter (class=org.apache.hadoop.http.lib.StaticUserWebFilter$StaticUserFilter) to context hddsDatanode
2019-09-18 16:03:56,273 [main] INFO  http.HttpServer2 (HttpServer2.java:addFilter(958)) - Added filter static_user_filter (class=org.apache.hadoop.http.lib.StaticUserWebFilter$StaticUserFilter) to context logs
2019-09-18 16:03:56,273 [main] INFO  http.HttpServer2 (HttpServer2.java:addFilter(958)) - Added filter static_user_filter (class=org.apache.hadoop.http.lib.StaticUserWebFilter$StaticUserFilter) to context static
2019-09-18 16:03:56,274 [main] INFO  http.HttpServer2 (HttpServer2.java:bindListener(1191)) - Jetty bound to port 43591
2019-09-18 16:03:56,274 [main] INFO  server.Server (Server.java:doStart(351)) - jetty-9.3.24.v20180605, build timestamp: 2018-06-05T17:11:56Z, git hash: 84205aa28f11a4f31f2a3b86d1bba2cc8ab69827
2019-09-18 16:03:56,276 [main] INFO  handler.ContextHandler (ContextHandler.java:doStart(781)) - Started o.e.j.s.ServletContextHandler@3f033664{/logs,file:///workdir/hadoop-ozone/integration-test/target/log,AVAILABLE}
2019-09-18 16:03:56,277 [main] INFO  handler.ContextHandler (ContextHandler.java:doStart(781)) - Started o.e.j.s.ServletContextHandler@70cd122{/static,jar:file:/home/user/.m2/repository/org/apache/hadoop/hadoop-hdds-container-service/0.5.0-SNAPSHOT/hadoop-hdds-container-service-0.5.0-SNAPSHOT.jar!/webapps/static,AVAILABLE}
2019-09-18 16:03:56,313 [main] INFO  handler.ContextHandler (ContextHandler.java:doStart(781)) - Started o.e.j.w.WebAppContext@58e5fbe5{/,file:///tmp/jetty-0.0.0.0-43591-hddsDatanode-_-any-900019961848321890.dir/webapp/,AVAILABLE}{/hddsDatanode}
2019-09-18 16:03:56,316 [main] INFO  server.AbstractConnector (AbstractConnector.java:doStart(278)) - Started ServerConnector@335896bd{HTTP/1.1,[http/1.1]}{0.0.0.0:43591}
2019-09-18 16:03:56,317 [main] INFO  server.Server (Server.java:doStart(419)) - Started @129377ms
2019-09-18 16:03:56,318 [main] INFO  server.BaseHttpServer (BaseHttpServer.java:updateConnectorAddress(213)) - HTTP server of HDDSDATANODE is listening at http://0.0.0.0:43591
2019-09-18 16:03:56,456 | INFO  | ObjectStoreRestHttpServer | Listening HDDS REST traffic on /0.0.0.0:43898 |  
2019-09-18 16:03:56,456 [main] INFO  ozone.HddsDatanodeService (HddsDatanodeService.java:startPlugins(395)) - Started plug-in org.apache.hadoop.ozone.web.OzoneHddsDatanodeService@5dd6f517
2019-09-18 16:03:56,456 [main] INFO  impl.MetricsSystemImpl (MetricsSystemImpl.java:init(158)) - HddsDatanode metrics system started (again)
2019-09-18 16:03:56,459 [org.apache.hadoop.util.JvmPauseMonitor$Monitor@3821f826] INFO  util.JvmPauseMonitor (JvmPauseMonitor.java:run(188)) - Starting JVM pause monitor
2019-09-18 16:03:56,460 [main] INFO  ozone.HddsDatanodeService (HddsDatanodeService.java:start(184)) - HddsDatanodeService host:pr-hdds-2034-lb7qt-2171347232 ip:192.168.5.185
2019-09-18 16:03:56,462 [Datanode State Machine Thread - 0] INFO  datanode.InitDatanodeState (InitDatanodeState.java:persistContainerDatanodeDetails(140)) - DatanodeDetails is persisted to /workdir/hadoop-ozone/integration-test/target/test-dir/MiniOzoneClusterImpl-c717418d-2af0-42af-8782-89586fb16a72/datanode-0/meta/datanode.id
2019-09-18 16:03:56,469 [main] INFO  volume.HddsVolume (HddsVolume.java:<init>(176)) - Creating Volume: /workdir/hadoop-ozone/integration-test/target/test-dir/MiniOzoneClusterImpl-c717418d-2af0-42af-8782-89586fb16a72/datanode-1/data/containers/hdds of  storage type : DISK and capacity : 1482555576320
2019-09-18 16:03:56,469 [main] INFO  volume.VolumeSet (VolumeSet.java:initializeVolumeSet(170)) - Added Volume : /workdir/hadoop-ozone/integration-test/target/test-dir/MiniOzoneClusterImpl-c717418d-2af0-42af-8782-89586fb16a72/datanode-1/data/containers/hdds to VolumeSet
2019-09-18 16:03:56,469 [main] INFO  volume.ThrottledAsyncChecker (ThrottledAsyncChecker.java:schedule(140)) - Scheduling a check for org.apache.hadoop.ozone.container.common.volume.HddsVolume@4e02f17d
2019-09-18 16:03:56,470 [main] INFO  volume.HddsVolumeChecker (HddsVolumeChecker.java:checkAllVolumes(203)) - Scheduled health check for volume org.apache.hadoop.ozone.container.common.volume.HddsVolume@4e02f17d
2019-09-18 16:03:56,485 [main] INFO  impl.RaftServerProxy (ConfUtils.java:logGet(43)) - raft.rpc.type = GRPC (default)
2019-09-18 16:03:56,486 [main] INFO  grpc.GrpcFactory (GrpcFactory.java:checkPooledByteBufAllocatorUseCacheForAllThreads(45)) - PERFORMANCE WARNING: useCacheForAllThreads is true that may cause Netty to create a lot garbage objects and, as a result, trigger GC.
	It is recommended to disable useCacheForAllThreads by setting -Dorg.apache.ratis.thirdparty.io.netty.allocator.useCacheForAllThreads=false in command line.
2019-09-18 16:03:56,486 [main] INFO  grpc.GrpcConfigKeys$Server (ConfUtils.java:logGet(43)) - raft.grpc.server.port = 0 (default)
2019-09-18 16:03:56,486 [main] INFO  server.GrpcService (ConfUtils.java:logGet(43)) - raft.grpc.message.size.max = 33570816 (custom)
2019-09-18 16:03:56,486 [main] INFO  server.RaftServerConfigKeys (ConfUtils.java:logGet(43)) - raft.server.log.appender.buffer.byte-limit = 33554432 (custom)
2019-09-18 16:03:56,486 [main] INFO  server.GrpcService (ConfUtils.java:logGet(43)) - raft.grpc.flow.control.window = 1MB (=1048576) (default)
2019-09-18 16:03:56,486 [main] INFO  server.RaftServerConfigKeys (ConfUtils.java:logGet(43)) - raft.server.rpc.request.timeout = 3000ms (default)
2019-09-18 16:03:56,487 [main] INFO  server.RaftServerConfigKeys (ConfUtils.java:logGet(43)) - raft.server.storage.dir = [/workdir/hadoop-ozone/integration-test/target/test-dir/MiniOzoneClusterImpl-c717418d-2af0-42af-8782-89586fb16a72/datanode-1/data/ratis] (custom)
2019-09-18 16:03:56,487 [main] INFO  replication.SimpleContainerDownloader (SimpleContainerDownloader.java:<init>(72)) - Starting container downloader service to copy containers to replicate.
2019-09-18 16:03:56,489 [main] INFO  hdfs.DFSUtil (DFSUtil.java:httpServerTemplateForNNAndJN(1641)) - Starting Web-server for hddsDatanode at: http://0.0.0.0:0
2019-09-18 16:03:56,490 [main] INFO  server.AuthenticationFilter (AuthenticationFilter.java:constructSecretProvider(240)) - Unable to initialize FileSignerSecretProvider, falling back to use random secrets.
2019-09-18 16:03:56,491 [main] WARN  http.HttpRequestLog (HttpRequestLog.java:getRequestLog(97)) - Jetty request log can only be enabled using Log4j
2019-09-18 16:03:56,492 [main] INFO  http.HttpServer2 (HttpServer2.java:addGlobalFilter(975)) - Added global filter 'safety' (class=org.apache.hadoop.http.HttpServer2$QuotingInputFilter)
2019-09-18 16:03:56,492 [main] INFO  http.HttpServer2 (HttpServer2.java:addFilter(948)) - Added filter static_user_filter (class=org.apache.hadoop.http.lib.StaticUserWebFilter$StaticUserFilter) to context hddsDatanode
2019-09-18 16:03:56,493 [main] INFO  http.HttpServer2 (HttpServer2.java:addFilter(958)) - Added filter static_user_filter (class=org.apache.hadoop.http.lib.StaticUserWebFilter$StaticUserFilter) to context logs
2019-09-18 16:03:56,493 [main] INFO  http.HttpServer2 (HttpServer2.java:addFilter(958)) - Added filter static_user_filter (class=org.apache.hadoop.http.lib.StaticUserWebFilter$StaticUserFilter) to context static
2019-09-18 16:03:56,493 [main] INFO  http.HttpServer2 (HttpServer2.java:bindListener(1191)) - Jetty bound to port 35299
2019-09-18 16:03:56,493 [main] INFO  server.Server (Server.java:doStart(351)) - jetty-9.3.24.v20180605, build timestamp: 2018-06-05T17:11:56Z, git hash: 84205aa28f11a4f31f2a3b86d1bba2cc8ab69827
2019-09-18 16:03:56,495 [main] INFO  handler.ContextHandler (ContextHandler.java:doStart(781)) - Started o.e.j.s.ServletContextHandler@484876a1{/logs,file:///workdir/hadoop-ozone/integration-test/target/log,AVAILABLE}
2019-09-18 16:03:56,496 [main] INFO  handler.ContextHandler (ContextHandler.java:doStart(781)) - Started o.e.j.s.ServletContextHandler@60ef30b1{/static,jar:file:/home/user/.m2/repository/org/apache/hadoop/hadoop-hdds-container-service/0.5.0-SNAPSHOT/hadoop-hdds-container-service-0.5.0-SNAPSHOT.jar!/webapps/static,AVAILABLE}
2019-09-18 16:03:56,525 [main] INFO  handler.ContextHandler (ContextHandler.java:doStart(781)) - Started o.e.j.w.WebAppContext@206bd7a0{/,file:///tmp/jetty-0.0.0.0-35299-hddsDatanode-_-any-2649604641118807513.dir/webapp/,AVAILABLE}{/hddsDatanode}
2019-09-18 16:03:56,525 [main] INFO  server.AbstractConnector (AbstractConnector.java:doStart(278)) - Started ServerConnector@79fcd194{HTTP/1.1,[http/1.1]}{0.0.0.0:35299}
2019-09-18 16:03:56,526 [main] INFO  server.Server (Server.java:doStart(419)) - Started @129586ms
2019-09-18 16:03:56,527 [main] INFO  server.BaseHttpServer (BaseHttpServer.java:updateConnectorAddress(213)) - HTTP server of HDDSDATANODE is listening at http://0.0.0.0:35299
2019-09-18 16:03:56,695 | INFO  | ObjectStoreRestHttpServer | Listening HDDS REST traffic on /0.0.0.0:45873 |  
2019-09-18 16:03:56,695 [main] INFO  ozone.HddsDatanodeService (HddsDatanodeService.java:startPlugins(395)) - Started plug-in org.apache.hadoop.ozone.web.OzoneHddsDatanodeService@7591cbd1
2019-09-18 16:03:56,695 [main] INFO  impl.MetricsSystemImpl (MetricsSystemImpl.java:init(158)) - HddsDatanode metrics system started (again)
2019-09-18 16:03:56,699 [org.apache.hadoop.util.JvmPauseMonitor$Monitor@55a988e] INFO  util.JvmPauseMonitor (JvmPauseMonitor.java:run(188)) - Starting JVM pause monitor
2019-09-18 16:03:56,700 [main] INFO  ozone.HddsDatanodeService (HddsDatanodeService.java:start(184)) - HddsDatanodeService host:pr-hdds-2034-lb7qt-2171347232 ip:192.168.5.185
2019-09-18 16:03:56,703 [Datanode State Machine Thread - 0] INFO  datanode.InitDatanodeState (InitDatanodeState.java:persistContainerDatanodeDetails(140)) - DatanodeDetails is persisted to /workdir/hadoop-ozone/integration-test/target/test-dir/MiniOzoneClusterImpl-c717418d-2af0-42af-8782-89586fb16a72/datanode-1/meta/datanode.id
2019-09-18 16:03:56,708 [main] INFO  volume.HddsVolume (HddsVolume.java:<init>(176)) - Creating Volume: /workdir/hadoop-ozone/integration-test/target/test-dir/MiniOzoneClusterImpl-c717418d-2af0-42af-8782-89586fb16a72/datanode-2/data/containers/hdds of  storage type : DISK and capacity : 1482555576320
2019-09-18 16:03:56,709 [main] INFO  volume.VolumeSet (VolumeSet.java:initializeVolumeSet(170)) - Added Volume : /workdir/hadoop-ozone/integration-test/target/test-dir/MiniOzoneClusterImpl-c717418d-2af0-42af-8782-89586fb16a72/datanode-2/data/containers/hdds to VolumeSet
2019-09-18 16:03:56,709 [main] INFO  volume.ThrottledAsyncChecker (ThrottledAsyncChecker.java:schedule(140)) - Scheduling a check for org.apache.hadoop.ozone.container.common.volume.HddsVolume@1ad9d5be
2019-09-18 16:03:56,709 [main] INFO  volume.HddsVolumeChecker (HddsVolumeChecker.java:checkAllVolumes(203)) - Scheduled health check for volume org.apache.hadoop.ozone.container.common.volume.HddsVolume@1ad9d5be
2019-09-18 16:03:56,725 [main] INFO  impl.RaftServerProxy (ConfUtils.java:logGet(43)) - raft.rpc.type = GRPC (default)
2019-09-18 16:03:56,725 [main] INFO  grpc.GrpcFactory (GrpcFactory.java:checkPooledByteBufAllocatorUseCacheForAllThreads(45)) - PERFORMANCE WARNING: useCacheForAllThreads is true that may cause Netty to create a lot garbage objects and, as a result, trigger GC.
	It is recommended to disable useCacheForAllThreads by setting -Dorg.apache.ratis.thirdparty.io.netty.allocator.useCacheForAllThreads=false in command line.
2019-09-18 16:03:56,725 [main] INFO  grpc.GrpcConfigKeys$Server (ConfUtils.java:logGet(43)) - raft.grpc.server.port = 0 (default)
2019-09-18 16:03:56,726 [main] INFO  server.GrpcService (ConfUtils.java:logGet(43)) - raft.grpc.message.size.max = 33570816 (custom)
2019-09-18 16:03:56,726 [main] INFO  server.RaftServerConfigKeys (ConfUtils.java:logGet(43)) - raft.server.log.appender.buffer.byte-limit = 33554432 (custom)
2019-09-18 16:03:56,726 [main] INFO  server.GrpcService (ConfUtils.java:logGet(43)) - raft.grpc.flow.control.window = 1MB (=1048576) (default)
2019-09-18 16:03:56,726 [main] INFO  server.RaftServerConfigKeys (ConfUtils.java:logGet(43)) - raft.server.rpc.request.timeout = 3000ms (default)
2019-09-18 16:03:56,727 [main] INFO  server.RaftServerConfigKeys (ConfUtils.java:logGet(43)) - raft.server.storage.dir = [/workdir/hadoop-ozone/integration-test/target/test-dir/MiniOzoneClusterImpl-c717418d-2af0-42af-8782-89586fb16a72/datanode-2/data/ratis] (custom)
2019-09-18 16:03:56,727 [main] INFO  replication.SimpleContainerDownloader (SimpleContainerDownloader.java:<init>(72)) - Starting container downloader service to copy containers to replicate.
2019-09-18 16:03:56,728 [main] INFO  hdfs.DFSUtil (DFSUtil.java:httpServerTemplateForNNAndJN(1641)) - Starting Web-server for hddsDatanode at: http://0.0.0.0:0
2019-09-18 16:03:56,729 [main] INFO  server.AuthenticationFilter (AuthenticationFilter.java:constructSecretProvider(240)) - Unable to initialize FileSignerSecretProvider, falling back to use random secrets.
2019-09-18 16:03:56,730 [main] WARN  http.HttpRequestLog (HttpRequestLog.java:getRequestLog(97)) - Jetty request log can only be enabled using Log4j
2019-09-18 16:03:56,731 [main] INFO  http.HttpServer2 (HttpServer2.java:addGlobalFilter(975)) - Added global filter 'safety' (class=org.apache.hadoop.http.HttpServer2$QuotingInputFilter)
2019-09-18 16:03:56,732 [main] INFO  http.HttpServer2 (HttpServer2.java:addFilter(948)) - Added filter static_user_filter (class=org.apache.hadoop.http.lib.StaticUserWebFilter$StaticUserFilter) to context hddsDatanode
2019-09-18 16:03:56,732 [main] INFO  http.HttpServer2 (HttpServer2.java:addFilter(958)) - Added filter static_user_filter (class=org.apache.hadoop.http.lib.StaticUserWebFilter$StaticUserFilter) to context logs
2019-09-18 16:03:56,732 [main] INFO  http.HttpServer2 (HttpServer2.java:addFilter(958)) - Added filter static_user_filter (class=org.apache.hadoop.http.lib.StaticUserWebFilter$StaticUserFilter) to context static
2019-09-18 16:03:56,733 [main] INFO  http.HttpServer2 (HttpServer2.java:bindListener(1191)) - Jetty bound to port 33441
2019-09-18 16:03:56,733 [main] INFO  server.Server (Server.java:doStart(351)) - jetty-9.3.24.v20180605, build timestamp: 2018-06-05T17:11:56Z, git hash: 84205aa28f11a4f31f2a3b86d1bba2cc8ab69827
2019-09-18 16:03:56,735 [main] INFO  handler.ContextHandler (ContextHandler.java:doStart(781)) - Started o.e.j.s.ServletContextHandler@144dc2f7{/logs,file:///workdir/hadoop-ozone/integration-test/target/log,AVAILABLE}
2019-09-18 16:03:56,735 [main] INFO  handler.ContextHandler (ContextHandler.java:doStart(781)) - Started o.e.j.s.ServletContextHandler@19677add{/static,jar:file:/home/user/.m2/repository/org/apache/hadoop/hadoop-hdds-container-service/0.5.0-SNAPSHOT/hadoop-hdds-container-service-0.5.0-SNAPSHOT.jar!/webapps/static,AVAILABLE}
2019-09-18 16:03:56,763 [main] INFO  handler.ContextHandler (ContextHandler.java:doStart(781)) - Started o.e.j.w.WebAppContext@188ae8d2{/,file:///tmp/jetty-0.0.0.0-33441-hddsDatanode-_-any-2235921106208776614.dir/webapp/,AVAILABLE}{/hddsDatanode}
2019-09-18 16:03:56,764 [main] INFO  server.AbstractConnector (AbstractConnector.java:doStart(278)) - Started ServerConnector@7a522157{HTTP/1.1,[http/1.1]}{0.0.0.0:33441}
2019-09-18 16:03:56,765 [main] INFO  server.Server (Server.java:doStart(419)) - Started @129825ms
2019-09-18 16:03:56,766 [main] INFO  server.BaseHttpServer (BaseHttpServer.java:updateConnectorAddress(213)) - HTTP server of HDDSDATANODE is listening at http://0.0.0.0:33441
2019-09-18 16:03:56,899 | INFO  | ObjectStoreRestHttpServer | Listening HDDS REST traffic on /0.0.0.0:38676 |  
2019-09-18 16:03:56,899 [main] INFO  ozone.HddsDatanodeService (HddsDatanodeService.java:startPlugins(395)) - Started plug-in org.apache.hadoop.ozone.web.OzoneHddsDatanodeService@4a86be01
2019-09-18 16:03:56,900 [main] INFO  impl.MetricsSystemImpl (MetricsSystemImpl.java:init(158)) - HddsDatanode metrics system started (again)
2019-09-18 16:03:56,904 [org.apache.hadoop.util.JvmPauseMonitor$Monitor@cd6470a] INFO  util.JvmPauseMonitor (JvmPauseMonitor.java:run(188)) - Starting JVM pause monitor
2019-09-18 16:03:56,904 [main] INFO  ozone.HddsDatanodeService (HddsDatanodeService.java:start(184)) - HddsDatanodeService host:pr-hdds-2034-lb7qt-2171347232 ip:192.168.5.185
2019-09-18 16:03:56,906 [Datanode State Machine Thread - 0] INFO  datanode.InitDatanodeState (InitDatanodeState.java:persistContainerDatanodeDetails(140)) - DatanodeDetails is persisted to /workdir/hadoop-ozone/integration-test/target/test-dir/MiniOzoneClusterImpl-c717418d-2af0-42af-8782-89586fb16a72/datanode-2/meta/datanode.id
2019-09-18 16:03:56,916 [main] INFO  volume.HddsVolume (HddsVolume.java:<init>(176)) - Creating Volume: /workdir/hadoop-ozone/integration-test/target/test-dir/MiniOzoneClusterImpl-c717418d-2af0-42af-8782-89586fb16a72/datanode-3/data/containers/hdds of  storage type : DISK and capacity : 1482555576320
2019-09-18 16:03:56,916 [main] INFO  volume.VolumeSet (VolumeSet.java:initializeVolumeSet(170)) - Added Volume : /workdir/hadoop-ozone/integration-test/target/test-dir/MiniOzoneClusterImpl-c717418d-2af0-42af-8782-89586fb16a72/datanode-3/data/containers/hdds to VolumeSet
2019-09-18 16:03:56,917 [main] INFO  volume.ThrottledAsyncChecker (ThrottledAsyncChecker.java:schedule(140)) - Scheduling a check for org.apache.hadoop.ozone.container.common.volume.HddsVolume@71d78cac
2019-09-18 16:03:56,918 [main] INFO  volume.HddsVolumeChecker (HddsVolumeChecker.java:checkAllVolumes(203)) - Scheduled health check for volume org.apache.hadoop.ozone.container.common.volume.HddsVolume@71d78cac
2019-09-18 16:03:56,939 [main] INFO  impl.RaftServerProxy (ConfUtils.java:logGet(43)) - raft.rpc.type = GRPC (default)
2019-09-18 16:03:56,939 [main] INFO  grpc.GrpcFactory (GrpcFactory.java:checkPooledByteBufAllocatorUseCacheForAllThreads(45)) - PERFORMANCE WARNING: useCacheForAllThreads is true that may cause Netty to create a lot garbage objects and, as a result, trigger GC.
	It is recommended to disable useCacheForAllThreads by setting -Dorg.apache.ratis.thirdparty.io.netty.allocator.useCacheForAllThreads=false in command line.
2019-09-18 16:03:56,940 [main] INFO  grpc.GrpcConfigKeys$Server (ConfUtils.java:logGet(43)) - raft.grpc.server.port = 0 (default)
2019-09-18 16:03:56,940 [main] INFO  server.GrpcService (ConfUtils.java:logGet(43)) - raft.grpc.message.size.max = 33570816 (custom)
2019-09-18 16:03:56,940 [main] INFO  server.RaftServerConfigKeys (ConfUtils.java:logGet(43)) - raft.server.log.appender.buffer.byte-limit = 33554432 (custom)
2019-09-18 16:03:56,941 [main] INFO  server.GrpcService (ConfUtils.java:logGet(43)) - raft.grpc.flow.control.window = 1MB (=1048576) (default)
2019-09-18 16:03:56,941 [main] INFO  server.RaftServerConfigKeys (ConfUtils.java:logGet(43)) - raft.server.rpc.request.timeout = 3000ms (default)
2019-09-18 16:03:56,942 [main] INFO  server.RaftServerConfigKeys (ConfUtils.java:logGet(43)) - raft.server.storage.dir = [/workdir/hadoop-ozone/integration-test/target/test-dir/MiniOzoneClusterImpl-c717418d-2af0-42af-8782-89586fb16a72/datanode-3/data/ratis] (custom)
2019-09-18 16:03:56,943 [main] INFO  replication.SimpleContainerDownloader (SimpleContainerDownloader.java:<init>(72)) - Starting container downloader service to copy containers to replicate.
2019-09-18 16:03:56,944 [main] INFO  hdfs.DFSUtil (DFSUtil.java:httpServerTemplateForNNAndJN(1641)) - Starting Web-server for hddsDatanode at: http://0.0.0.0:0
2019-09-18 16:03:56,947 [main] INFO  server.AuthenticationFilter (AuthenticationFilter.java:constructSecretProvider(240)) - Unable to initialize FileSignerSecretProvider, falling back to use random secrets.
2019-09-18 16:03:56,948 [main] WARN  http.HttpRequestLog (HttpRequestLog.java:getRequestLog(97)) - Jetty request log can only be enabled using Log4j
2019-09-18 16:03:56,950 [main] INFO  http.HttpServer2 (HttpServer2.java:addGlobalFilter(975)) - Added global filter 'safety' (class=org.apache.hadoop.http.HttpServer2$QuotingInputFilter)
2019-09-18 16:03:56,951 [main] INFO  http.HttpServer2 (HttpServer2.java:addFilter(948)) - Added filter static_user_filter (class=org.apache.hadoop.http.lib.StaticUserWebFilter$StaticUserFilter) to context hddsDatanode
2019-09-18 16:03:56,951 [main] INFO  http.HttpServer2 (HttpServer2.java:addFilter(958)) - Added filter static_user_filter (class=org.apache.hadoop.http.lib.StaticUserWebFilter$StaticUserFilter) to context logs
2019-09-18 16:03:56,951 [main] INFO  http.HttpServer2 (HttpServer2.java:addFilter(958)) - Added filter static_user_filter (class=org.apache.hadoop.http.lib.StaticUserWebFilter$StaticUserFilter) to context static
2019-09-18 16:03:56,953 [main] INFO  http.HttpServer2 (HttpServer2.java:bindListener(1191)) - Jetty bound to port 39700
2019-09-18 16:03:56,953 [main] INFO  server.Server (Server.java:doStart(351)) - jetty-9.3.24.v20180605, build timestamp: 2018-06-05T17:11:56Z, git hash: 84205aa28f11a4f31f2a3b86d1bba2cc8ab69827
2019-09-18 16:03:56,955 [main] INFO  handler.ContextHandler (ContextHandler.java:doStart(781)) - Started o.e.j.s.ServletContextHandler@29431f61{/logs,file:///workdir/hadoop-ozone/integration-test/target/log,AVAILABLE}
2019-09-18 16:03:56,956 [main] INFO  handler.ContextHandler (ContextHandler.java:doStart(781)) - Started o.e.j.s.ServletContextHandler@59c38af5{/static,jar:file:/home/user/.m2/repository/org/apache/hadoop/hadoop-hdds-container-service/0.5.0-SNAPSHOT/hadoop-hdds-container-service-0.5.0-SNAPSHOT.jar!/webapps/static,AVAILABLE}
2019-09-18 16:03:57,001 [main] INFO  handler.ContextHandler (ContextHandler.java:doStart(781)) - Started o.e.j.w.WebAppContext@65021bb4{/,file:///tmp/jetty-0.0.0.0-39700-hddsDatanode-_-any-3591095703441969483.dir/webapp/,AVAILABLE}{/hddsDatanode}
2019-09-18 16:03:57,002 [main] INFO  server.AbstractConnector (AbstractConnector.java:doStart(278)) - Started ServerConnector@630c3af3{HTTP/1.1,[http/1.1]}{0.0.0.0:39700}
2019-09-18 16:03:57,003 [main] INFO  server.Server (Server.java:doStart(419)) - Started @130063ms
2019-09-18 16:03:57,004 [main] INFO  server.BaseHttpServer (BaseHttpServer.java:updateConnectorAddress(213)) - HTTP server of HDDSDATANODE is listening at http://0.0.0.0:39700
2019-09-18 16:03:57,129 | INFO  | ObjectStoreRestHttpServer | Listening HDDS REST traffic on /0.0.0.0:45381 |  
2019-09-18 16:03:57,129 [main] INFO  ozone.HddsDatanodeService (HddsDatanodeService.java:startPlugins(395)) - Started plug-in org.apache.hadoop.ozone.web.OzoneHddsDatanodeService@73ff7a54
2019-09-18 16:03:57,130 [main] INFO  impl.MetricsSystemImpl (MetricsSystemImpl.java:init(158)) - HddsDatanode metrics system started (again)
2019-09-18 16:03:57,134 [org.apache.hadoop.util.JvmPauseMonitor$Monitor@16a7ffb] INFO  util.JvmPauseMonitor (JvmPauseMonitor.java:run(188)) - Starting JVM pause monitor
2019-09-18 16:03:57,134 [main] INFO  ozone.HddsDatanodeService (HddsDatanodeService.java:start(184)) - HddsDatanodeService host:pr-hdds-2034-lb7qt-2171347232 ip:192.168.5.185
2019-09-18 16:03:57,135 [Datanode State Machine Thread - 0] INFO  datanode.InitDatanodeState (InitDatanodeState.java:persistContainerDatanodeDetails(140)) - DatanodeDetails is persisted to /workdir/hadoop-ozone/integration-test/target/test-dir/MiniOzoneClusterImpl-c717418d-2af0-42af-8782-89586fb16a72/datanode-3/meta/datanode.id
2019-09-18 16:03:57,143 [main] INFO  volume.HddsVolume (HddsVolume.java:<init>(176)) - Creating Volume: /workdir/hadoop-ozone/integration-test/target/test-dir/MiniOzoneClusterImpl-c717418d-2af0-42af-8782-89586fb16a72/datanode-4/data/containers/hdds of  storage type : DISK and capacity : 1482555576320
2019-09-18 16:03:57,143 [main] INFO  volume.VolumeSet (VolumeSet.java:initializeVolumeSet(170)) - Added Volume : /workdir/hadoop-ozone/integration-test/target/test-dir/MiniOzoneClusterImpl-c717418d-2af0-42af-8782-89586fb16a72/datanode-4/data/containers/hdds to VolumeSet
2019-09-18 16:03:57,143 [main] INFO  volume.ThrottledAsyncChecker (ThrottledAsyncChecker.java:schedule(140)) - Scheduling a check for org.apache.hadoop.ozone.container.common.volume.HddsVolume@53d15034
2019-09-18 16:03:57,144 [main] INFO  volume.HddsVolumeChecker (HddsVolumeChecker.java:checkAllVolumes(203)) - Scheduled health check for volume org.apache.hadoop.ozone.container.common.volume.HddsVolume@53d15034
2019-09-18 16:03:57,159 [main] INFO  impl.RaftServerProxy (ConfUtils.java:logGet(43)) - raft.rpc.type = GRPC (default)
2019-09-18 16:03:57,159 [main] INFO  grpc.GrpcFactory (GrpcFactory.java:checkPooledByteBufAllocatorUseCacheForAllThreads(45)) - PERFORMANCE WARNING: useCacheForAllThreads is true that may cause Netty to create a lot garbage objects and, as a result, trigger GC.
	It is recommended to disable useCacheForAllThreads by setting -Dorg.apache.ratis.thirdparty.io.netty.allocator.useCacheForAllThreads=false in command line.
2019-09-18 16:03:57,159 [main] INFO  grpc.GrpcConfigKeys$Server (ConfUtils.java:logGet(43)) - raft.grpc.server.port = 0 (default)
2019-09-18 16:03:57,160 [main] INFO  server.GrpcService (ConfUtils.java:logGet(43)) - raft.grpc.message.size.max = 33570816 (custom)
2019-09-18 16:03:57,160 [main] INFO  server.RaftServerConfigKeys (ConfUtils.java:logGet(43)) - raft.server.log.appender.buffer.byte-limit = 33554432 (custom)
2019-09-18 16:03:57,160 [main] INFO  server.GrpcService (ConfUtils.java:logGet(43)) - raft.grpc.flow.control.window = 1MB (=1048576) (default)
2019-09-18 16:03:57,160 [main] INFO  server.RaftServerConfigKeys (ConfUtils.java:logGet(43)) - raft.server.rpc.request.timeout = 3000ms (default)
2019-09-18 16:03:57,161 [main] INFO  server.RaftServerConfigKeys (ConfUtils.java:logGet(43)) - raft.server.storage.dir = [/workdir/hadoop-ozone/integration-test/target/test-dir/MiniOzoneClusterImpl-c717418d-2af0-42af-8782-89586fb16a72/datanode-4/data/ratis] (custom)
2019-09-18 16:03:57,161 [main] INFO  replication.SimpleContainerDownloader (SimpleContainerDownloader.java:<init>(72)) - Starting container downloader service to copy containers to replicate.
2019-09-18 16:03:57,162 [main] INFO  hdfs.DFSUtil (DFSUtil.java:httpServerTemplateForNNAndJN(1641)) - Starting Web-server for hddsDatanode at: http://0.0.0.0:0
2019-09-18 16:03:57,163 [main] INFO  server.AuthenticationFilter (AuthenticationFilter.java:constructSecretProvider(240)) - Unable to initialize FileSignerSecretProvider, falling back to use random secrets.
2019-09-18 16:03:57,163 [main] WARN  http.HttpRequestLog (HttpRequestLog.java:getRequestLog(97)) - Jetty request log can only be enabled using Log4j
2019-09-18 16:03:57,165 [main] INFO  http.HttpServer2 (HttpServer2.java:addGlobalFilter(975)) - Added global filter 'safety' (class=org.apache.hadoop.http.HttpServer2$QuotingInputFilter)
2019-09-18 16:03:57,165 [main] INFO  http.HttpServer2 (HttpServer2.java:addFilter(948)) - Added filter static_user_filter (class=org.apache.hadoop.http.lib.StaticUserWebFilter$StaticUserFilter) to context hddsDatanode
2019-09-18 16:03:57,165 [main] INFO  http.HttpServer2 (HttpServer2.java:addFilter(958)) - Added filter static_user_filter (class=org.apache.hadoop.http.lib.StaticUserWebFilter$StaticUserFilter) to context static
2019-09-18 16:03:57,165 [main] INFO  http.HttpServer2 (HttpServer2.java:addFilter(958)) - Added filter static_user_filter (class=org.apache.hadoop.http.lib.StaticUserWebFilter$StaticUserFilter) to context logs
2019-09-18 16:03:57,166 [main] INFO  http.HttpServer2 (HttpServer2.java:bindListener(1191)) - Jetty bound to port 41126
2019-09-18 16:03:57,166 [main] INFO  server.Server (Server.java:doStart(351)) - jetty-9.3.24.v20180605, build timestamp: 2018-06-05T17:11:56Z, git hash: 84205aa28f11a4f31f2a3b86d1bba2cc8ab69827
2019-09-18 16:03:57,168 [main] INFO  handler.ContextHandler (ContextHandler.java:doStart(781)) - Started o.e.j.s.ServletContextHandler@35d2312f{/logs,file:///workdir/hadoop-ozone/integration-test/target/log,AVAILABLE}
2019-09-18 16:03:57,168 [main] INFO  handler.ContextHandler (ContextHandler.java:doStart(781)) - Started o.e.j.s.ServletContextHandler@54a033b8{/static,jar:file:/home/user/.m2/repository/org/apache/hadoop/hadoop-hdds-container-service/0.5.0-SNAPSHOT/hadoop-hdds-container-service-0.5.0-SNAPSHOT.jar!/webapps/static,AVAILABLE}
2019-09-18 16:03:57,200 [main] INFO  handler.ContextHandler (ContextHandler.java:doStart(781)) - Started o.e.j.w.WebAppContext@2ee1b017{/,file:///tmp/jetty-0.0.0.0-41126-hddsDatanode-_-any-7733532075835844887.dir/webapp/,AVAILABLE}{/hddsDatanode}
2019-09-18 16:03:57,201 [main] INFO  server.AbstractConnector (AbstractConnector.java:doStart(278)) - Started ServerConnector@7f9e6167{HTTP/1.1,[http/1.1]}{0.0.0.0:41126}
2019-09-18 16:03:57,204 [main] INFO  server.Server (Server.java:doStart(419)) - Started @130264ms
2019-09-18 16:03:57,204 [main] INFO  server.BaseHttpServer (BaseHttpServer.java:updateConnectorAddress(213)) - HTTP server of HDDSDATANODE is listening at http://0.0.0.0:41126
2019-09-18 16:03:57,568 | INFO  | ObjectStoreRestHttpServer | Listening HDDS REST traffic on /0.0.0.0:39639 |  
2019-09-18 16:03:57,568 [main] INFO  ozone.HddsDatanodeService (HddsDatanodeService.java:startPlugins(395)) - Started plug-in org.apache.hadoop.ozone.web.OzoneHddsDatanodeService@71098fb3
2019-09-18 16:03:57,569 [main] INFO  impl.MetricsSystemImpl (MetricsSystemImpl.java:init(158)) - HddsDatanode metrics system started (again)
2019-09-18 16:03:57,571 [org.apache.hadoop.util.JvmPauseMonitor$Monitor@1646dc7d] INFO  util.JvmPauseMonitor (JvmPauseMonitor.java:run(188)) - Starting JVM pause monitor
2019-09-18 16:03:57,578 [Datanode State Machine Thread - 0] INFO  datanode.InitDatanodeState (InitDatanodeState.java:persistContainerDatanodeDetails(140)) - DatanodeDetails is persisted to /workdir/hadoop-ozone/integration-test/target/test-dir/MiniOzoneClusterImpl-c717418d-2af0-42af-8782-89586fb16a72/datanode-4/meta/datanode.id
2019-09-18 16:03:57,578 [main] INFO  ozone.HddsDatanodeService (HddsDatanodeService.java:start(184)) - HddsDatanodeService host:pr-hdds-2034-lb7qt-2171347232 ip:192.168.5.185
2019-09-18 16:03:57,591 [main] INFO  volume.HddsVolume (HddsVolume.java:<init>(176)) - Creating Volume: /workdir/hadoop-ozone/integration-test/target/test-dir/MiniOzoneClusterImpl-c717418d-2af0-42af-8782-89586fb16a72/datanode-5/data/containers/hdds of  storage type : DISK and capacity : 1482555576320
2019-09-18 16:03:57,591 [main] INFO  volume.VolumeSet (VolumeSet.java:initializeVolumeSet(170)) - Added Volume : /workdir/hadoop-ozone/integration-test/target/test-dir/MiniOzoneClusterImpl-c717418d-2af0-42af-8782-89586fb16a72/datanode-5/data/containers/hdds to VolumeSet
2019-09-18 16:03:57,591 [main] INFO  volume.ThrottledAsyncChecker (ThrottledAsyncChecker.java:schedule(140)) - Scheduling a check for org.apache.hadoop.ozone.container.common.volume.HddsVolume@14b4ce6f
2019-09-18 16:03:57,592 [main] INFO  volume.HddsVolumeChecker (HddsVolumeChecker.java:checkAllVolumes(203)) - Scheduled health check for volume org.apache.hadoop.ozone.container.common.volume.HddsVolume@14b4ce6f
2019-09-18 16:03:57,615 [main] INFO  impl.RaftServerProxy (ConfUtils.java:logGet(43)) - raft.rpc.type = GRPC (default)
2019-09-18 16:03:57,615 [main] INFO  grpc.GrpcFactory (GrpcFactory.java:checkPooledByteBufAllocatorUseCacheForAllThreads(45)) - PERFORMANCE WARNING: useCacheForAllThreads is true that may cause Netty to create a lot garbage objects and, as a result, trigger GC.
	It is recommended to disable useCacheForAllThreads by setting -Dorg.apache.ratis.thirdparty.io.netty.allocator.useCacheForAllThreads=false in command line.
2019-09-18 16:03:57,616 [main] INFO  grpc.GrpcConfigKeys$Server (ConfUtils.java:logGet(43)) - raft.grpc.server.port = 0 (default)
2019-09-18 16:03:57,616 [main] INFO  server.GrpcService (ConfUtils.java:logGet(43)) - raft.grpc.message.size.max = 33570816 (custom)
2019-09-18 16:03:57,616 [main] INFO  server.RaftServerConfigKeys (ConfUtils.java:logGet(43)) - raft.server.log.appender.buffer.byte-limit = 33554432 (custom)
2019-09-18 16:03:57,617 [main] INFO  server.GrpcService (ConfUtils.java:logGet(43)) - raft.grpc.flow.control.window = 1MB (=1048576) (default)
2019-09-18 16:03:57,617 [main] INFO  server.RaftServerConfigKeys (ConfUtils.java:logGet(43)) - raft.server.rpc.request.timeout = 3000ms (default)
2019-09-18 16:03:57,617 [main] INFO  server.RaftServerConfigKeys (ConfUtils.java:logGet(43)) - raft.server.storage.dir = [/workdir/hadoop-ozone/integration-test/target/test-dir/MiniOzoneClusterImpl-c717418d-2af0-42af-8782-89586fb16a72/datanode-5/data/ratis] (custom)
2019-09-18 16:03:57,618 [main] INFO  replication.SimpleContainerDownloader (SimpleContainerDownloader.java:<init>(72)) - Starting container downloader service to copy containers to replicate.
2019-09-18 16:03:57,619 [main] INFO  hdfs.DFSUtil (DFSUtil.java:httpServerTemplateForNNAndJN(1641)) - Starting Web-server for hddsDatanode at: http://0.0.0.0:0
2019-09-18 16:03:57,621 [main] INFO  server.AuthenticationFilter (AuthenticationFilter.java:constructSecretProvider(240)) - Unable to initialize FileSignerSecretProvider, falling back to use random secrets.
2019-09-18 16:03:57,622 [main] WARN  http.HttpRequestLog (HttpRequestLog.java:getRequestLog(97)) - Jetty request log can only be enabled using Log4j
2019-09-18 16:03:57,624 [main] INFO  http.HttpServer2 (HttpServer2.java:addGlobalFilter(975)) - Added global filter 'safety' (class=org.apache.hadoop.http.HttpServer2$QuotingInputFilter)
2019-09-18 16:03:57,625 [main] INFO  http.HttpServer2 (HttpServer2.java:addFilter(948)) - Added filter static_user_filter (class=org.apache.hadoop.http.lib.StaticUserWebFilter$StaticUserFilter) to context hddsDatanode
2019-09-18 16:03:57,625 [main] INFO  http.HttpServer2 (HttpServer2.java:addFilter(958)) - Added filter static_user_filter (class=org.apache.hadoop.http.lib.StaticUserWebFilter$StaticUserFilter) to context static
2019-09-18 16:03:57,625 [main] INFO  http.HttpServer2 (HttpServer2.java:addFilter(958)) - Added filter static_user_filter (class=org.apache.hadoop.http.lib.StaticUserWebFilter$StaticUserFilter) to context logs
2019-09-18 16:03:57,626 [main] INFO  http.HttpServer2 (HttpServer2.java:bindListener(1191)) - Jetty bound to port 41254
2019-09-18 16:03:57,627 [main] INFO  server.Server (Server.java:doStart(351)) - jetty-9.3.24.v20180605, build timestamp: 2018-06-05T17:11:56Z, git hash: 84205aa28f11a4f31f2a3b86d1bba2cc8ab69827
2019-09-18 16:03:57,629 [main] INFO  handler.ContextHandler (ContextHandler.java:doStart(781)) - Started o.e.j.s.ServletContextHandler@1fab0394{/logs,file:///workdir/hadoop-ozone/integration-test/target/log,AVAILABLE}
2019-09-18 16:03:57,630 [main] INFO  handler.ContextHandler (ContextHandler.java:doStart(781)) - Started o.e.j.s.ServletContextHandler@2ee5c08d{/static,jar:file:/home/user/.m2/repository/org/apache/hadoop/hadoop-hdds-container-service/0.5.0-SNAPSHOT/hadoop-hdds-container-service-0.5.0-SNAPSHOT.jar!/webapps/static,AVAILABLE}
2019-09-18 16:03:57,672 [main] INFO  handler.ContextHandler (ContextHandler.java:doStart(781)) - Started o.e.j.w.WebAppContext@48788853{/,file:///tmp/jetty-0.0.0.0-41254-hddsDatanode-_-any-5346293189739746991.dir/webapp/,AVAILABLE}{/hddsDatanode}
2019-09-18 16:03:57,673 [main] INFO  server.AbstractConnector (AbstractConnector.java:doStart(278)) - Started ServerConnector@4ac77269{HTTP/1.1,[http/1.1]}{0.0.0.0:41254}
2019-09-18 16:03:57,675 [main] INFO  server.Server (Server.java:doStart(419)) - Started @130735ms
2019-09-18 16:03:57,676 [main] INFO  server.BaseHttpServer (BaseHttpServer.java:updateConnectorAddress(213)) - HTTP server of HDDSDATANODE is listening at http://0.0.0.0:41254
2019-09-18 16:03:57,821 | INFO  | ObjectStoreRestHttpServer | Listening HDDS REST traffic on /0.0.0.0:43111 |  
2019-09-18 16:03:57,821 [main] INFO  ozone.HddsDatanodeService (HddsDatanodeService.java:startPlugins(395)) - Started plug-in org.apache.hadoop.ozone.web.OzoneHddsDatanodeService@637c8632
2019-09-18 16:03:57,822 [main] INFO  impl.MetricsSystemImpl (MetricsSystemImpl.java:init(158)) - HddsDatanode metrics system started (again)
2019-09-18 16:03:57,827 [org.apache.hadoop.util.JvmPauseMonitor$Monitor@5fa6b70] INFO  util.JvmPauseMonitor (JvmPauseMonitor.java:run(188)) - Starting JVM pause monitor
2019-09-18 16:03:57,827 [main] INFO  ozone.HddsDatanodeService (HddsDatanodeService.java:start(184)) - HddsDatanodeService host:pr-hdds-2034-lb7qt-2171347232 ip:192.168.5.185
2019-09-18 16:03:57,828 [Datanode State Machine Thread - 0] INFO  datanode.InitDatanodeState (InitDatanodeState.java:persistContainerDatanodeDetails(140)) - DatanodeDetails is persisted to /workdir/hadoop-ozone/integration-test/target/test-dir/MiniOzoneClusterImpl-c717418d-2af0-42af-8782-89586fb16a72/datanode-5/meta/datanode.id
2019-09-18 16:03:57,837 [main] INFO  volume.HddsVolume (HddsVolume.java:<init>(176)) - Creating Volume: /workdir/hadoop-ozone/integration-test/target/test-dir/MiniOzoneClusterImpl-c717418d-2af0-42af-8782-89586fb16a72/datanode-6/data/containers/hdds of  storage type : DISK and capacity : 1482555576320
2019-09-18 16:03:57,837 [main] INFO  volume.VolumeSet (VolumeSet.java:initializeVolumeSet(170)) - Added Volume : /workdir/hadoop-ozone/integration-test/target/test-dir/MiniOzoneClusterImpl-c717418d-2af0-42af-8782-89586fb16a72/datanode-6/data/containers/hdds to VolumeSet
2019-09-18 16:03:57,837 [main] INFO  volume.ThrottledAsyncChecker (ThrottledAsyncChecker.java:schedule(140)) - Scheduling a check for org.apache.hadoop.ozone.container.common.volume.HddsVolume@792b9dd3
2019-09-18 16:03:57,838 [main] INFO  volume.HddsVolumeChecker (HddsVolumeChecker.java:checkAllVolumes(203)) - Scheduled health check for volume org.apache.hadoop.ozone.container.common.volume.HddsVolume@792b9dd3
2019-09-18 16:03:57,855 [main] INFO  impl.RaftServerProxy (ConfUtils.java:logGet(43)) - raft.rpc.type = GRPC (default)
2019-09-18 16:03:57,855 [main] INFO  grpc.GrpcFactory (GrpcFactory.java:checkPooledByteBufAllocatorUseCacheForAllThreads(45)) - PERFORMANCE WARNING: useCacheForAllThreads is true that may cause Netty to create a lot garbage objects and, as a result, trigger GC.
	It is recommended to disable useCacheForAllThreads by setting -Dorg.apache.ratis.thirdparty.io.netty.allocator.useCacheForAllThreads=false in command line.
2019-09-18 16:03:57,856 [main] INFO  grpc.GrpcConfigKeys$Server (ConfUtils.java:logGet(43)) - raft.grpc.server.port = 0 (default)
2019-09-18 16:03:57,856 [main] INFO  server.GrpcService (ConfUtils.java:logGet(43)) - raft.grpc.message.size.max = 33570816 (custom)
2019-09-18 16:03:57,856 [main] INFO  server.RaftServerConfigKeys (ConfUtils.java:logGet(43)) - raft.server.log.appender.buffer.byte-limit = 33554432 (custom)
2019-09-18 16:03:57,856 [main] INFO  server.GrpcService (ConfUtils.java:logGet(43)) - raft.grpc.flow.control.window = 1MB (=1048576) (default)
2019-09-18 16:03:57,856 [main] INFO  server.RaftServerConfigKeys (ConfUtils.java:logGet(43)) - raft.server.rpc.request.timeout = 3000ms (default)
2019-09-18 16:03:57,857 [main] INFO  server.RaftServerConfigKeys (ConfUtils.java:logGet(43)) - raft.server.storage.dir = [/workdir/hadoop-ozone/integration-test/target/test-dir/MiniOzoneClusterImpl-c717418d-2af0-42af-8782-89586fb16a72/datanode-6/data/ratis] (custom)
2019-09-18 16:03:57,857 [main] INFO  replication.SimpleContainerDownloader (SimpleContainerDownloader.java:<init>(72)) - Starting container downloader service to copy containers to replicate.
2019-09-18 16:03:57,858 [main] INFO  hdfs.DFSUtil (DFSUtil.java:httpServerTemplateForNNAndJN(1641)) - Starting Web-server for hddsDatanode at: http://0.0.0.0:0
2019-09-18 16:03:57,859 [main] INFO  server.AuthenticationFilter (AuthenticationFilter.java:constructSecretProvider(240)) - Unable to initialize FileSignerSecretProvider, falling back to use random secrets.
2019-09-18 16:03:57,860 [main] WARN  http.HttpRequestLog (HttpRequestLog.java:getRequestLog(97)) - Jetty request log can only be enabled using Log4j
2019-09-18 16:03:57,861 [main] INFO  http.HttpServer2 (HttpServer2.java:addGlobalFilter(975)) - Added global filter 'safety' (class=org.apache.hadoop.http.HttpServer2$QuotingInputFilter)
2019-09-18 16:03:57,862 [main] INFO  http.HttpServer2 (HttpServer2.java:addFilter(948)) - Added filter static_user_filter (class=org.apache.hadoop.http.lib.StaticUserWebFilter$StaticUserFilter) to context hddsDatanode
2019-09-18 16:03:57,862 [main] INFO  http.HttpServer2 (HttpServer2.java:addFilter(958)) - Added filter static_user_filter (class=org.apache.hadoop.http.lib.StaticUserWebFilter$StaticUserFilter) to context logs
2019-09-18 16:03:57,862 [main] INFO  http.HttpServer2 (HttpServer2.java:addFilter(958)) - Added filter static_user_filter (class=org.apache.hadoop.http.lib.StaticUserWebFilter$StaticUserFilter) to context static
2019-09-18 16:03:57,863 [main] INFO  http.HttpServer2 (HttpServer2.java:bindListener(1191)) - Jetty bound to port 37842
2019-09-18 16:03:57,863 [main] INFO  server.Server (Server.java:doStart(351)) - jetty-9.3.24.v20180605, build timestamp: 2018-06-05T17:11:56Z, git hash: 84205aa28f11a4f31f2a3b86d1bba2cc8ab69827
2019-09-18 16:03:57,865 [main] INFO  handler.ContextHandler (ContextHandler.java:doStart(781)) - Started o.e.j.s.ServletContextHandler@6aa18912{/logs,file:///workdir/hadoop-ozone/integration-test/target/log,AVAILABLE}
2019-09-18 16:03:57,865 [main] INFO  handler.ContextHandler (ContextHandler.java:doStart(781)) - Started o.e.j.s.ServletContextHandler@cce92b5{/static,jar:file:/home/user/.m2/repository/org/apache/hadoop/hadoop-hdds-container-service/0.5.0-SNAPSHOT/hadoop-hdds-container-service-0.5.0-SNAPSHOT.jar!/webapps/static,AVAILABLE}
2019-09-18 16:03:57,893 [main] INFO  handler.ContextHandler (ContextHandler.java:doStart(781)) - Started o.e.j.w.WebAppContext@251e2f4a{/,file:///tmp/jetty-0.0.0.0-37842-hddsDatanode-_-any-638019587770445628.dir/webapp/,AVAILABLE}{/hddsDatanode}
2019-09-18 16:03:57,894 [main] INFO  server.AbstractConnector (AbstractConnector.java:doStart(278)) - Started ServerConnector@1abea1ed{HTTP/1.1,[http/1.1]}{0.0.0.0:37842}
2019-09-18 16:03:57,895 [main] INFO  server.Server (Server.java:doStart(419)) - Started @130955ms
2019-09-18 16:03:57,896 [main] INFO  server.BaseHttpServer (BaseHttpServer.java:updateConnectorAddress(213)) - HTTP server of HDDSDATANODE is listening at http://0.0.0.0:37842
2019-09-18 16:03:58,015 | INFO  | ObjectStoreRestHttpServer | Listening HDDS REST traffic on /0.0.0.0:43249 |  
2019-09-18 16:03:58,015 [main] INFO  ozone.HddsDatanodeService (HddsDatanodeService.java:startPlugins(395)) - Started plug-in org.apache.hadoop.ozone.web.OzoneHddsDatanodeService@578c99ac
2019-09-18 16:03:58,016 [main] INFO  ozone.MiniOzoneClusterImpl (MiniOzoneClusterImpl.java:lambda$waitForClusterToBeReady$0(145)) - Waiting for nodes to be ready. Got 0 of 7 DN Heartbeats.
2019-09-18 16:03:58,016 [main] INFO  ozone.MiniOzoneClusterImpl (MiniOzoneClusterImpl.java:lambda$waitForClusterToBeReady$0(148)) - Waiting for cluster to exit safe mode
2019-09-18 16:03:58,017 [org.apache.hadoop.util.JvmPauseMonitor$Monitor@2c1037ea] INFO  util.JvmPauseMonitor (JvmPauseMonitor.java:run(188)) - Starting JVM pause monitor
2019-09-18 16:03:58,019 [Datanode State Machine Thread - 0] INFO  datanode.InitDatanodeState (InitDatanodeState.java:persistContainerDatanodeDetails(140)) - DatanodeDetails is persisted to /workdir/hadoop-ozone/integration-test/target/test-dir/MiniOzoneClusterImpl-c717418d-2af0-42af-8782-89586fb16a72/datanode-6/meta/datanode.id
2019-09-18 16:03:58,466 | INFO  | SCMAudit | user=jenkins1000 | ip=192.168.5.185 | op=GET_VERSION null | ret=SUCCESS |  
2019-09-18 16:03:58,496 [Datanode State Machine Thread - 0] INFO  ozoneimpl.OzoneContainer (OzoneContainer.java:start(186)) - Attempting to start container services.
2019-09-18 16:03:58,497 [Datanode State Machine Thread - 0] INFO  ozoneimpl.OzoneContainer (OzoneContainer.java:startContainerScrub(160)) - Background container scrubber has been disabled by hdds.containerscrub.enabled
2019-09-18 16:03:58,497 [Datanode State Machine Thread - 0] INFO  ratis.XceiverServerRatis (XceiverServerRatis.java:start(404)) - Starting XceiverServerRatis b967ad35-fbe7-4f25-8554-0bf78a3d522c at port 0
2019-09-18 16:03:58,506 [Datanode State Machine Thread - 0] INFO  impl.RaftServerProxy (RaftServerProxy.java:lambda$start$3(299)) - b967ad35-fbe7-4f25-8554-0bf78a3d522c: start RPC server
2019-09-18 16:03:58,508 [Datanode State Machine Thread - 0] INFO  server.GrpcService (GrpcService.java:startImpl(149)) - b967ad35-fbe7-4f25-8554-0bf78a3d522c: GrpcService started, listening on 0.0.0.0/0.0.0.0:40682
2019-09-18 16:03:58,509 [Datanode State Machine Thread - 0] INFO  ratis.XceiverServerRatis (XceiverServerRatis.java:start(414)) - XceiverServerRatis b967ad35-fbe7-4f25-8554-0bf78a3d522c is started using port 40682
2019-09-18 16:03:58,511 [Datanode State Machine Thread - 0] INFO  server.XceiverServerGrpc (XceiverServerGrpc.java:start(163)) - XceiverServerGrpc b967ad35-fbe7-4f25-8554-0bf78a3d522c is started using port 34682
2019-09-18 16:03:58,701 | INFO  | SCMAudit | user=jenkins1000 | ip=192.168.5.185 | op=GET_VERSION null | ret=SUCCESS |  
2019-09-18 16:03:58,722 [Datanode State Machine Thread - 0] INFO  ozoneimpl.OzoneContainer (OzoneContainer.java:start(186)) - Attempting to start container services.
2019-09-18 16:03:58,722 [Datanode State Machine Thread - 0] INFO  ozoneimpl.OzoneContainer (OzoneContainer.java:startContainerScrub(160)) - Background container scrubber has been disabled by hdds.containerscrub.enabled
2019-09-18 16:03:58,722 [Datanode State Machine Thread - 0] INFO  ratis.XceiverServerRatis (XceiverServerRatis.java:start(404)) - Starting XceiverServerRatis c3ebd7c4-785c-44df-867b-40d40a93f6b6 at port 0
2019-09-18 16:03:58,728 [Datanode State Machine Thread - 0] INFO  impl.RaftServerProxy (RaftServerProxy.java:lambda$start$3(299)) - c3ebd7c4-785c-44df-867b-40d40a93f6b6: start RPC server
2019-09-18 16:03:58,729 [Datanode State Machine Thread - 0] INFO  server.GrpcService (GrpcService.java:startImpl(149)) - c3ebd7c4-785c-44df-867b-40d40a93f6b6: GrpcService started, listening on 0.0.0.0/0.0.0.0:46765
2019-09-18 16:03:58,729 [Datanode State Machine Thread - 0] INFO  ratis.XceiverServerRatis (XceiverServerRatis.java:start(414)) - XceiverServerRatis c3ebd7c4-785c-44df-867b-40d40a93f6b6 is started using port 46765
2019-09-18 16:03:58,729 [Datanode State Machine Thread - 0] INFO  server.XceiverServerGrpc (XceiverServerGrpc.java:start(163)) - XceiverServerGrpc c3ebd7c4-785c-44df-867b-40d40a93f6b6 is started using port 32872
2019-09-18 16:03:58,904 | INFO  | SCMAudit | user=jenkins1000 | ip=192.168.5.185 | op=GET_VERSION null | ret=SUCCESS |  
2019-09-18 16:03:58,930 [Datanode State Machine Thread - 0] INFO  ozoneimpl.OzoneContainer (OzoneContainer.java:start(186)) - Attempting to start container services.
2019-09-18 16:03:58,931 [Datanode State Machine Thread - 0] INFO  ozoneimpl.OzoneContainer (OzoneContainer.java:startContainerScrub(160)) - Background container scrubber has been disabled by hdds.containerscrub.enabled
2019-09-18 16:03:58,931 [Datanode State Machine Thread - 0] INFO  ratis.XceiverServerRatis (XceiverServerRatis.java:start(404)) - Starting XceiverServerRatis 3c1188b2-d9c4-43c4-a064-8074509344be at port 0
2019-09-18 16:03:58,938 [Datanode State Machine Thread - 0] INFO  impl.RaftServerProxy (RaftServerProxy.java:lambda$start$3(299)) - 3c1188b2-d9c4-43c4-a064-8074509344be: start RPC server
2019-09-18 16:03:58,940 [Datanode State Machine Thread - 0] INFO  server.GrpcService (GrpcService.java:startImpl(149)) - 3c1188b2-d9c4-43c4-a064-8074509344be: GrpcService started, listening on 0.0.0.0/0.0.0.0:39492
2019-09-18 16:03:58,940 [Datanode State Machine Thread - 0] INFO  ratis.XceiverServerRatis (XceiverServerRatis.java:start(414)) - XceiverServerRatis 3c1188b2-d9c4-43c4-a064-8074509344be is started using port 39492
2019-09-18 16:03:58,943 [Datanode State Machine Thread - 0] INFO  server.XceiverServerGrpc (XceiverServerGrpc.java:start(163)) - XceiverServerGrpc 3c1188b2-d9c4-43c4-a064-8074509344be is started using port 42762
2019-09-18 16:03:59,016 [main] INFO  ozone.MiniOzoneClusterImpl (MiniOzoneClusterImpl.java:lambda$waitForClusterToBeReady$0(145)) - Waiting for nodes to be ready. Got 0 of 7 DN Heartbeats.
2019-09-18 16:03:59,017 [main] INFO  ozone.MiniOzoneClusterImpl (MiniOzoneClusterImpl.java:lambda$waitForClusterToBeReady$0(148)) - Waiting for cluster to exit safe mode
2019-09-18 16:03:59,135 | INFO  | SCMAudit | user=jenkins1000 | ip=192.168.5.185 | op=GET_VERSION null | ret=SUCCESS |  
2019-09-18 16:03:59,148 [Datanode State Machine Thread - 0] INFO  ozoneimpl.OzoneContainer (OzoneContainer.java:start(186)) - Attempting to start container services.
2019-09-18 16:03:59,149 [Datanode State Machine Thread - 0] INFO  ozoneimpl.OzoneContainer (OzoneContainer.java:startContainerScrub(160)) - Background container scrubber has been disabled by hdds.containerscrub.enabled
2019-09-18 16:03:59,149 [Datanode State Machine Thread - 0] INFO  ratis.XceiverServerRatis (XceiverServerRatis.java:start(404)) - Starting XceiverServerRatis 29fde90f-65f3-4179-b334-ec735bc1e6ab at port 0
2019-09-18 16:03:59,157 [Datanode State Machine Thread - 0] INFO  impl.RaftServerProxy (RaftServerProxy.java:lambda$start$3(299)) - 29fde90f-65f3-4179-b334-ec735bc1e6ab: start RPC server
2019-09-18 16:03:59,161 [Datanode State Machine Thread - 0] INFO  server.GrpcService (GrpcService.java:startImpl(149)) - 29fde90f-65f3-4179-b334-ec735bc1e6ab: GrpcService started, listening on 0.0.0.0/0.0.0.0:42053
2019-09-18 16:03:59,161 [Datanode State Machine Thread - 0] INFO  ratis.XceiverServerRatis (XceiverServerRatis.java:start(414)) - XceiverServerRatis 29fde90f-65f3-4179-b334-ec735bc1e6ab is started using port 42053
2019-09-18 16:03:59,162 [Datanode State Machine Thread - 0] INFO  server.XceiverServerGrpc (XceiverServerGrpc.java:start(163)) - XceiverServerGrpc 29fde90f-65f3-4179-b334-ec735bc1e6ab is started using port 44704
2019-09-18 16:03:59,572 | INFO  | SCMAudit | user=jenkins1000 | ip=192.168.5.185 | op=GET_VERSION null | ret=SUCCESS |  
2019-09-18 16:03:59,596 [Datanode State Machine Thread - 0] INFO  ozoneimpl.OzoneContainer (OzoneContainer.java:start(186)) - Attempting to start container services.
2019-09-18 16:03:59,596 [Datanode State Machine Thread - 0] INFO  ozoneimpl.OzoneContainer (OzoneContainer.java:startContainerScrub(160)) - Background container scrubber has been disabled by hdds.containerscrub.enabled
2019-09-18 16:03:59,596 [Datanode State Machine Thread - 0] INFO  ratis.XceiverServerRatis (XceiverServerRatis.java:start(404)) - Starting XceiverServerRatis 51519769-3f92-4b39-a98d-c9708c58c8a7 at port 0
2019-09-18 16:03:59,603 [Datanode State Machine Thread - 0] INFO  impl.RaftServerProxy (RaftServerProxy.java:lambda$start$3(299)) - 51519769-3f92-4b39-a98d-c9708c58c8a7: start RPC server
2019-09-18 16:03:59,607 [Datanode State Machine Thread - 0] INFO  server.GrpcService (GrpcService.java:startImpl(149)) - 51519769-3f92-4b39-a98d-c9708c58c8a7: GrpcService started, listening on 0.0.0.0/0.0.0.0:45986
2019-09-18 16:03:59,607 [Datanode State Machine Thread - 0] INFO  ratis.XceiverServerRatis (XceiverServerRatis.java:start(414)) - XceiverServerRatis 51519769-3f92-4b39-a98d-c9708c58c8a7 is started using port 45986
2019-09-18 16:03:59,608 [Datanode State Machine Thread - 0] INFO  server.XceiverServerGrpc (XceiverServerGrpc.java:start(163)) - XceiverServerGrpc 51519769-3f92-4b39-a98d-c9708c58c8a7 is started using port 35799
2019-09-18 16:03:59,828 | INFO  | SCMAudit | user=jenkins1000 | ip=192.168.5.185 | op=GET_VERSION null | ret=SUCCESS |  
2019-09-18 16:03:59,852 [Datanode State Machine Thread - 0] INFO  ozoneimpl.OzoneContainer (OzoneContainer.java:start(186)) - Attempting to start container services.
2019-09-18 16:03:59,852 [Datanode State Machine Thread - 0] INFO  ozoneimpl.OzoneContainer (OzoneContainer.java:startContainerScrub(160)) - Background container scrubber has been disabled by hdds.containerscrub.enabled
2019-09-18 16:03:59,852 [Datanode State Machine Thread - 0] INFO  ratis.XceiverServerRatis (XceiverServerRatis.java:start(404)) - Starting XceiverServerRatis af8ef8ac-d9e5-4930-bc45-5cd79380c82c at port 0
2019-09-18 16:03:59,859 [Datanode State Machine Thread - 0] INFO  impl.RaftServerProxy (RaftServerProxy.java:lambda$start$3(299)) - af8ef8ac-d9e5-4930-bc45-5cd79380c82c: start RPC server
2019-09-18 16:03:59,860 [Datanode State Machine Thread - 0] INFO  server.GrpcService (GrpcService.java:startImpl(149)) - af8ef8ac-d9e5-4930-bc45-5cd79380c82c: GrpcService started, listening on 0.0.0.0/0.0.0.0:33737
2019-09-18 16:03:59,860 [Datanode State Machine Thread - 0] INFO  ratis.XceiverServerRatis (XceiverServerRatis.java:start(414)) - XceiverServerRatis af8ef8ac-d9e5-4930-bc45-5cd79380c82c is started using port 33737
2019-09-18 16:03:59,861 [Datanode State Machine Thread - 0] INFO  server.XceiverServerGrpc (XceiverServerGrpc.java:start(163)) - XceiverServerGrpc af8ef8ac-d9e5-4930-bc45-5cd79380c82c is started using port 42128
2019-09-18 16:04:00,017 [main] INFO  ozone.MiniOzoneClusterImpl (MiniOzoneClusterImpl.java:lambda$waitForClusterToBeReady$0(145)) - Waiting for nodes to be ready. Got 0 of 7 DN Heartbeats.
2019-09-18 16:04:00,017 [main] INFO  ozone.MiniOzoneClusterImpl (MiniOzoneClusterImpl.java:lambda$waitForClusterToBeReady$0(148)) - Waiting for cluster to exit safe mode
2019-09-18 16:04:00,018 | INFO  | SCMAudit | user=jenkins1000 | ip=192.168.5.185 | op=GET_VERSION null | ret=SUCCESS |  
2019-09-18 16:04:00,034 [Datanode State Machine Thread - 0] INFO  ozoneimpl.OzoneContainer (OzoneContainer.java:start(186)) - Attempting to start container services.
2019-09-18 16:04:00,034 [Datanode State Machine Thread - 0] INFO  ozoneimpl.OzoneContainer (OzoneContainer.java:startContainerScrub(160)) - Background container scrubber has been disabled by hdds.containerscrub.enabled
2019-09-18 16:04:00,034 [Datanode State Machine Thread - 0] INFO  ratis.XceiverServerRatis (XceiverServerRatis.java:start(404)) - Starting XceiverServerRatis 9b3ecbfa-8029-4b82-b8b0-ff011ceea2cc at port 0
2019-09-18 16:04:00,041 [Datanode State Machine Thread - 0] INFO  impl.RaftServerProxy (RaftServerProxy.java:lambda$start$3(299)) - 9b3ecbfa-8029-4b82-b8b0-ff011ceea2cc: start RPC server
2019-09-18 16:04:00,042 [Datanode State Machine Thread - 0] INFO  server.GrpcService (GrpcService.java:startImpl(149)) - 9b3ecbfa-8029-4b82-b8b0-ff011ceea2cc: GrpcService started, listening on 0.0.0.0/0.0.0.0:42950
2019-09-18 16:04:00,042 [Datanode State Machine Thread - 0] INFO  ratis.XceiverServerRatis (XceiverServerRatis.java:start(414)) - XceiverServerRatis 9b3ecbfa-8029-4b82-b8b0-ff011ceea2cc is started using port 42950
2019-09-18 16:04:00,046 [Datanode State Machine Thread - 0] INFO  server.XceiverServerGrpc (XceiverServerGrpc.java:start(163)) - XceiverServerGrpc 9b3ecbfa-8029-4b82-b8b0-ff011ceea2cc is started using port 37342
2019-09-18 16:04:00,465 [IPC Server handler 0 on 34929] INFO  net.NetworkTopology (NetworkTopologyImpl.java:add(110)) - Added a new node: /default-rack/b967ad35-fbe7-4f25-8554-0bf78a3d522c
2019-09-18 16:04:00,465 [IPC Server handler 0 on 34929] INFO  node.SCMNodeManager (SCMNodeManager.java:register(273)) - Registered Data node : b967ad35-fbe7-4f25-8554-0bf78a3d522c{ip: 192.168.5.185, host: pr-hdds-2034-lb7qt-2171347232, networkLocation: /default-rack, certSerialId: null}
2019-09-18 16:04:00,466 [EventQueue-NodeRegistrationContainerReportForDataNodeSafeModeRule] INFO  safemode.SCMSafeModeManager (DataNodeSafeModeRule.java:process(71)) - SCM in safe mode. 1 DataNodes registered, 1 required.
2019-09-18 16:04:00,468 | INFO  | SCMAudit | user=jenkins1000 | ip=192.168.5.185 | op=REGISTER {datanodeDetails=b967ad35-fbe7-4f25-8554-0bf78a3d522c{ip: 192.168.5.185, host: pr-hdds-2034-lb7qt-2171347232, networkLocation: /default-rack, certSerialId: null}} | ret=SUCCESS |  
2019-09-18 16:04:00,466 [RatisPipelineUtilsThread] INFO  pipeline.RatisPipelineProvider (RatisPipelineProvider.java:lambda$create$4(164)) - Send pipeline:PipelineID=ae9a0b5f-18a8-4677-b6e7-8cc810a298f5 create command to datanode b967ad35-fbe7-4f25-8554-0bf78a3d522c
2019-09-18 16:04:00,701 [IPC Server handler 2 on 34929] INFO  net.NetworkTopology (NetworkTopologyImpl.java:add(110)) - Added a new node: /default-rack/c3ebd7c4-785c-44df-867b-40d40a93f6b6
2019-09-18 16:04:00,701 [IPC Server handler 2 on 34929] INFO  node.SCMNodeManager (SCMNodeManager.java:register(273)) - Registered Data node : c3ebd7c4-785c-44df-867b-40d40a93f6b6{ip: 192.168.5.185, host: pr-hdds-2034-lb7qt-2171347232, networkLocation: /default-rack, certSerialId: null}
2019-09-18 16:04:00,702 | INFO  | SCMAudit | user=jenkins1000 | ip=192.168.5.185 | op=REGISTER {datanodeDetails=c3ebd7c4-785c-44df-867b-40d40a93f6b6{ip: 192.168.5.185, host: pr-hdds-2034-lb7qt-2171347232, networkLocation: /default-rack, certSerialId: null}} | ret=SUCCESS |  
2019-09-18 16:04:00,702 [RatisPipelineUtilsThread] INFO  pipeline.RatisPipelineProvider (RatisPipelineProvider.java:lambda$create$4(164)) - Send pipeline:PipelineID=cc3ead6b-9e75-413a-9899-9f229a982767 create command to datanode c3ebd7c4-785c-44df-867b-40d40a93f6b6
2019-09-18 16:04:00,905 [IPC Server handler 3 on 34929] INFO  net.NetworkTopology (NetworkTopologyImpl.java:add(110)) - Added a new node: /default-rack/3c1188b2-d9c4-43c4-a064-8074509344be
2019-09-18 16:04:00,906 [IPC Server handler 3 on 34929] INFO  node.SCMNodeManager (SCMNodeManager.java:register(273)) - Registered Data node : 3c1188b2-d9c4-43c4-a064-8074509344be{ip: 192.168.5.185, host: pr-hdds-2034-lb7qt-2171347232, networkLocation: /default-rack, certSerialId: null}
2019-09-18 16:04:00,906 [RatisPipelineUtilsThread] INFO  pipeline.RatisPipelineProvider (RatisPipelineProvider.java:lambda$create$4(164)) - Send pipeline:PipelineID=f36b64ef-a378-4e67-9147-86bb392378bd create command to datanode 3c1188b2-d9c4-43c4-a064-8074509344be
2019-09-18 16:04:00,906 | INFO  | SCMAudit | user=jenkins1000 | ip=192.168.5.185 | op=REGISTER {datanodeDetails=3c1188b2-d9c4-43c4-a064-8074509344be{ip: 192.168.5.185, host: pr-hdds-2034-lb7qt-2171347232, networkLocation: /default-rack, certSerialId: null}} | ret=SUCCESS |  
2019-09-18 16:04:00,923 [RatisPipelineUtilsThread] INFO  pipeline.RatisPipelineProvider (RatisPipelineProvider.java:lambda$create$4(164)) - Send pipeline:PipelineID=d0b92187-fd92-4537-9987-aa92d0ed21ca create command to datanode b967ad35-fbe7-4f25-8554-0bf78a3d522c
2019-09-18 16:04:00,923 [RatisPipelineUtilsThread] INFO  pipeline.RatisPipelineProvider (RatisPipelineProvider.java:lambda$create$4(164)) - Send pipeline:PipelineID=d0b92187-fd92-4537-9987-aa92d0ed21ca create command to datanode c3ebd7c4-785c-44df-867b-40d40a93f6b6
2019-09-18 16:04:00,924 [RatisPipelineUtilsThread] INFO  pipeline.RatisPipelineProvider (RatisPipelineProvider.java:lambda$create$4(164)) - Send pipeline:PipelineID=d0b92187-fd92-4537-9987-aa92d0ed21ca create command to datanode 3c1188b2-d9c4-43c4-a064-8074509344be
2019-09-18 16:04:01,018 [main] INFO  ozone.MiniOzoneClusterImpl (MiniOzoneClusterImpl.java:lambda$waitForClusterToBeReady$0(145)) - Waiting for nodes to be ready. Got 3 of 7 DN Heartbeats.
2019-09-18 16:04:01,018 [main] INFO  ozone.MiniOzoneClusterImpl (MiniOzoneClusterImpl.java:lambda$waitForClusterToBeReady$0(148)) - Waiting for cluster to exit safe mode
2019-09-18 16:04:01,136 [IPC Server handler 4 on 34929] INFO  net.NetworkTopology (NetworkTopologyImpl.java:add(110)) - Added a new node: /default-rack/29fde90f-65f3-4179-b334-ec735bc1e6ab
2019-09-18 16:04:01,136 [IPC Server handler 4 on 34929] INFO  node.SCMNodeManager (SCMNodeManager.java:register(273)) - Registered Data node : 29fde90f-65f3-4179-b334-ec735bc1e6ab{ip: 192.168.5.185, host: pr-hdds-2034-lb7qt-2171347232, networkLocation: /default-rack, certSerialId: null}
2019-09-18 16:04:01,136 [RatisPipelineUtilsThread] INFO  pipeline.RatisPipelineProvider (RatisPipelineProvider.java:lambda$create$4(164)) - Send pipeline:PipelineID=276610e5-82c9-45f9-a6f5-a82706b55a33 create command to datanode 29fde90f-65f3-4179-b334-ec735bc1e6ab
2019-09-18 16:04:01,136 | INFO  | SCMAudit | user=jenkins1000 | ip=192.168.5.185 | op=REGISTER {datanodeDetails=29fde90f-65f3-4179-b334-ec735bc1e6ab{ip: 192.168.5.185, host: pr-hdds-2034-lb7qt-2171347232, networkLocation: /default-rack, certSerialId: null}} | ret=SUCCESS |  
2019-09-18 16:04:01,572 [IPC Server handler 1 on 34929] INFO  net.NetworkTopology (NetworkTopologyImpl.java:add(110)) - Added a new node: /default-rack/51519769-3f92-4b39-a98d-c9708c58c8a7
2019-09-18 16:04:01,572 [IPC Server handler 1 on 34929] INFO  node.SCMNodeManager (SCMNodeManager.java:register(273)) - Registered Data node : 51519769-3f92-4b39-a98d-c9708c58c8a7{ip: 192.168.5.185, host: pr-hdds-2034-lb7qt-2171347232, networkLocation: /default-rack, certSerialId: null}
2019-09-18 16:04:01,572 | INFO  | SCMAudit | user=jenkins1000 | ip=192.168.5.185 | op=REGISTER {datanodeDetails=51519769-3f92-4b39-a98d-c9708c58c8a7{ip: 192.168.5.185, host: pr-hdds-2034-lb7qt-2171347232, networkLocation: /default-rack, certSerialId: null}} | ret=SUCCESS |  
2019-09-18 16:04:01,572 [RatisPipelineUtilsThread] INFO  pipeline.RatisPipelineProvider (RatisPipelineProvider.java:lambda$create$4(164)) - Send pipeline:PipelineID=8dfbd8c2-bed5-4394-9e40-1792db16ee99 create command to datanode 51519769-3f92-4b39-a98d-c9708c58c8a7
2019-09-18 16:04:01,827 [IPC Server handler 3 on 34929] INFO  net.NetworkTopology (NetworkTopologyImpl.java:add(110)) - Added a new node: /default-rack/af8ef8ac-d9e5-4930-bc45-5cd79380c82c
2019-09-18 16:04:01,828 [IPC Server handler 3 on 34929] INFO  node.SCMNodeManager (SCMNodeManager.java:register(273)) - Registered Data node : af8ef8ac-d9e5-4930-bc45-5cd79380c82c{ip: 192.168.5.185, host: pr-hdds-2034-lb7qt-2171347232, networkLocation: /default-rack, certSerialId: null}
2019-09-18 16:04:01,828 [RatisPipelineUtilsThread] INFO  pipeline.RatisPipelineProvider (RatisPipelineProvider.java:lambda$create$4(164)) - Send pipeline:PipelineID=f5261716-ef2c-4b7f-8245-84f31272ab22 create command to datanode af8ef8ac-d9e5-4930-bc45-5cd79380c82c
2019-09-18 16:04:01,828 | INFO  | SCMAudit | user=jenkins1000 | ip=192.168.5.185 | op=REGISTER {datanodeDetails=af8ef8ac-d9e5-4930-bc45-5cd79380c82c{ip: 192.168.5.185, host: pr-hdds-2034-lb7qt-2171347232, networkLocation: /default-rack, certSerialId: null}} | ret=SUCCESS |  
2019-09-18 16:04:01,833 [RatisPipelineUtilsThread] INFO  pipeline.RatisPipelineProvider (RatisPipelineProvider.java:lambda$create$4(164)) - Send pipeline:PipelineID=f0ebc8e3-e8de-4b06-b728-7785287a5b5e create command to datanode 51519769-3f92-4b39-a98d-c9708c58c8a7
2019-09-18 16:04:01,833 [RatisPipelineUtilsThread] INFO  pipeline.RatisPipelineProvider (RatisPipelineProvider.java:lambda$create$4(164)) - Send pipeline:PipelineID=f0ebc8e3-e8de-4b06-b728-7785287a5b5e create command to datanode 29fde90f-65f3-4179-b334-ec735bc1e6ab
2019-09-18 16:04:01,833 [RatisPipelineUtilsThread] INFO  pipeline.RatisPipelineProvider (RatisPipelineProvider.java:lambda$create$4(164)) - Send pipeline:PipelineID=f0ebc8e3-e8de-4b06-b728-7785287a5b5e create command to datanode af8ef8ac-d9e5-4930-bc45-5cd79380c82c
2019-09-18 16:04:02,018 [main] INFO  ozone.MiniOzoneClusterImpl (MiniOzoneClusterImpl.java:lambda$waitForClusterToBeReady$0(145)) - Waiting for nodes to be ready. Got 6 of 7 DN Heartbeats.
2019-09-18 16:04:02,019 [main] INFO  ozone.MiniOzoneClusterImpl (MiniOzoneClusterImpl.java:lambda$waitForClusterToBeReady$0(148)) - Waiting for cluster to exit safe mode
2019-09-18 16:04:02,019 [IPC Server handler 4 on 34929] INFO  net.NetworkTopology (NetworkTopologyImpl.java:add(110)) - Added a new node: /default-rack/9b3ecbfa-8029-4b82-b8b0-ff011ceea2cc
2019-09-18 16:04:02,020 [IPC Server handler 4 on 34929] INFO  node.SCMNodeManager (SCMNodeManager.java:register(273)) - Registered Data node : 9b3ecbfa-8029-4b82-b8b0-ff011ceea2cc{ip: 192.168.5.185, host: pr-hdds-2034-lb7qt-2171347232, networkLocation: /default-rack, certSerialId: null}
2019-09-18 16:04:02,024 [RatisPipelineUtilsThread] INFO  pipeline.RatisPipelineProvider (RatisPipelineProvider.java:lambda$create$4(164)) - Send pipeline:PipelineID=bd8df9f9-997f-4aa8-8f2d-aa3127c215d2 create command to datanode 9b3ecbfa-8029-4b82-b8b0-ff011ceea2cc
2019-09-18 16:04:02,024 | INFO  | SCMAudit | user=jenkins1000 | ip=192.168.5.185 | op=REGISTER {datanodeDetails=9b3ecbfa-8029-4b82-b8b0-ff011ceea2cc{ip: 192.168.5.185, host: pr-hdds-2034-lb7qt-2171347232, networkLocation: /default-rack, certSerialId: null}} | ret=SUCCESS |  
2019-09-18 16:04:02,462 | INFO  | SCMAudit | user=jenkins1000 | ip=192.168.5.185 | op=SEND_HEARTBEAT {datanodeUUID=b967ad35-fbe7-4f25-8554-0bf78a3d522c, command=[commandType: createPipelineCommand createPipelineCommandProto { pipelineID { id: "ae9a0b5f-18a8-4677-b6e7-8cc810a298f5" } type: RATIS factor: ONE datanode { uuid: "b967ad35-fbe7-4f25-8554-0bf78a3d522c" ipAddress: "192.168.5.185" hostName: "pr-hdds-2034-lb7qt-2171347232" ports { name: "REST" value: 43898 } ports { name: "RATIS" value: 40682 } ports { name: "STANDALONE" value: 34682 } networkName: "b967ad35-fbe7-4f25-8554-0bf78a3d522c" networkLocation: "/default-rack" } cmdId: 1568822518864 } , commandType: createPipelineCommand createPipelineCommandProto { pipelineID { id: "d0b92187-fd92-4537-9987-aa92d0ed21ca" } type: RATIS factor: THREE datanode { uuid: "b967ad35-fbe7-4f25-8554-0bf78a3d522c" ipAddress: "192.168.5.185" hostName: "pr-hdds-2034-lb7qt-2171347232" ports { name: "REST" value: 43898 } ports { name: "RATIS" value: 40682 } ports { name: "STANDALONE" value: 34682 } networkName: "b967ad35-fbe7-4f25-8554-0bf78a3d522c" networkLocation: "/default-rack" } datanode { uuid: "c3ebd7c4-785c-44df-867b-40d40a93f6b6" ipAddress: "192.168.5.185" hostName: "pr-hdds-2034-lb7qt-2171347232" ports { name: "REST" value: 45873 } ports { name: "RATIS" value: 46765 } ports { name: "STANDALONE" value: 32872 } networkName: "c3ebd7c4-785c-44df-867b-40d40a93f6b6" networkLocation: "/default-rack" } datanode { uuid: "3c1188b2-d9c4-43c4-a064-8074509344be" ipAddress: "192.168.5.185" hostName: "pr-hdds-2034-lb7qt-2171347232" ports { name: "REST" value: 38676 } ports { name: "RATIS" value: 39492 } ports { name: "STANDALONE" value: 42762 } networkName: "3c1188b2-d9c4-43c4-a064-8074509344be" networkLocation: "/default-rack" } cmdId: 1568822518867 } ]} | ret=SUCCESS |  
2019-09-18 16:04:02,701 | INFO  | SCMAudit | user=jenkins1000 | ip=192.168.5.185 | op=SEND_HEARTBEAT {datanodeUUID=c3ebd7c4-785c-44df-867b-40d40a93f6b6, command=[commandType: createPipelineCommand createPipelineCommandProto { pipelineID { id: "cc3ead6b-9e75-413a-9899-9f229a982767" } type: RATIS factor: ONE datanode { uuid: "c3ebd7c4-785c-44df-867b-40d40a93f6b6" ipAddress: "192.168.5.185" hostName: "pr-hdds-2034-lb7qt-2171347232" ports { name: "REST" value: 45873 } ports { name: "RATIS" value: 46765 } ports { name: "STANDALONE" value: 32872 } networkName: "c3ebd7c4-785c-44df-867b-40d40a93f6b6" networkLocation: "/default-rack" } cmdId: 1568822518865 } , commandType: createPipelineCommand createPipelineCommandProto { pipelineID { id: "d0b92187-fd92-4537-9987-aa92d0ed21ca" } type: RATIS factor: THREE datanode { uuid: "b967ad35-fbe7-4f25-8554-0bf78a3d522c" ipAddress: "192.168.5.185" hostName: "pr-hdds-2034-lb7qt-2171347232" ports { name: "REST" value: 43898 } ports { name: "RATIS" value: 40682 } ports { name: "STANDALONE" value: 34682 } networkName: "b967ad35-fbe7-4f25-8554-0bf78a3d522c" networkLocation: "/default-rack" } datanode { uuid: "c3ebd7c4-785c-44df-867b-40d40a93f6b6" ipAddress: "192.168.5.185" hostName: "pr-hdds-2034-lb7qt-2171347232" ports { name: "REST" value: 45873 } ports { name: "RATIS" value: 46765 } ports { name: "STANDALONE" value: 32872 } networkName: "c3ebd7c4-785c-44df-867b-40d40a93f6b6" networkLocation: "/default-rack" } datanode { uuid: "3c1188b2-d9c4-43c4-a064-8074509344be" ipAddress: "192.168.5.185" hostName: "pr-hdds-2034-lb7qt-2171347232" ports { name: "REST" value: 38676 } ports { name: "RATIS" value: 39492 } ports { name: "STANDALONE" value: 42762 } networkName: "3c1188b2-d9c4-43c4-a064-8074509344be" networkLocation: "/default-rack" } cmdId: 1568822518867 } ]} | ret=SUCCESS |  
2019-09-18 16:04:02,905 | INFO  | SCMAudit | user=jenkins1000 | ip=192.168.5.185 | op=SEND_HEARTBEAT {datanodeUUID=3c1188b2-d9c4-43c4-a064-8074509344be, command=[commandType: createPipelineCommand createPipelineCommandProto { pipelineID { id: "f36b64ef-a378-4e67-9147-86bb392378bd" } type: RATIS factor: ONE datanode { uuid: "3c1188b2-d9c4-43c4-a064-8074509344be" ipAddress: "192.168.5.185" hostName: "pr-hdds-2034-lb7qt-2171347232" ports { name: "REST" value: 38676 } ports { name: "RATIS" value: 39492 } ports { name: "STANDALONE" value: 42762 } networkName: "3c1188b2-d9c4-43c4-a064-8074509344be" networkLocation: "/default-rack" } cmdId: 1568822518866 } , commandType: createPipelineCommand createPipelineCommandProto { pipelineID { id: "d0b92187-fd92-4537-9987-aa92d0ed21ca" } type: RATIS factor: THREE datanode { uuid: "b967ad35-fbe7-4f25-8554-0bf78a3d522c" ipAddress: "192.168.5.185" hostName: "pr-hdds-2034-lb7qt-2171347232" ports { name: "REST" value: 43898 } ports { name: "RATIS" value: 40682 } ports { name: "STANDALONE" value: 34682 } networkName: "b967ad35-fbe7-4f25-8554-0bf78a3d522c" networkLocation: "/default-rack" } datanode { uuid: "c3ebd7c4-785c-44df-867b-40d40a93f6b6" ipAddress: "192.168.5.185" hostName: "pr-hdds-2034-lb7qt-2171347232" ports { name: "REST" value: 45873 } ports { name: "RATIS" value: 46765 } ports { name: "STANDALONE" value: 32872 } networkName: "c3ebd7c4-785c-44df-867b-40d40a93f6b6" networkLocation: "/default-rack" } datanode { uuid: "3c1188b2-d9c4-43c4-a064-8074509344be" ipAddress: "192.168.5.185" hostName: "pr-hdds-2034-lb7qt-2171347232" ports { name: "REST" value: 38676 } ports { name: "RATIS" value: 39492 } ports { name: "STANDALONE" value: 42762 } networkName: "3c1188b2-d9c4-43c4-a064-8074509344be" networkLocation: "/default-rack" } cmdId: 1568822518867 } ]} | ret=SUCCESS |  
2019-09-18 16:04:03,019 [main] INFO  ozone.MiniOzoneClusterImpl (MiniOzoneClusterImpl.java:lambda$waitForClusterToBeReady$0(145)) - Nodes are ready. Got 7 of 7 DN Heartbeats.
2019-09-18 16:04:03,020 [main] INFO  ozone.MiniOzoneClusterImpl (MiniOzoneClusterImpl.java:lambda$waitForClusterToBeReady$0(148)) - Waiting for cluster to exit safe mode
2019-09-18 16:04:03,137 | INFO  | SCMAudit | user=jenkins1000 | ip=192.168.5.185 | op=SEND_HEARTBEAT {datanodeUUID=29fde90f-65f3-4179-b334-ec735bc1e6ab, command=[commandType: createPipelineCommand createPipelineCommandProto { pipelineID { id: "276610e5-82c9-45f9-a6f5-a82706b55a33" } type: RATIS factor: ONE datanode { uuid: "29fde90f-65f3-4179-b334-ec735bc1e6ab" ipAddress: "192.168.5.185" hostName: "pr-hdds-2034-lb7qt-2171347232" ports { name: "REST" value: 45381 } ports { name: "RATIS" value: 42053 } ports { name: "STANDALONE" value: 44704 } networkName: "29fde90f-65f3-4179-b334-ec735bc1e6ab" networkLocation: "/default-rack" } cmdId: 1568822518868 } , commandType: createPipelineCommand createPipelineCommandProto { pipelineID { id: "f0ebc8e3-e8de-4b06-b728-7785287a5b5e" } type: RATIS factor: THREE datanode { uuid: "51519769-3f92-4b39-a98d-c9708c58c8a7" ipAddress: "192.168.5.185" hostName: "pr-hdds-2034-lb7qt-2171347232" ports { name: "REST" value: 39639 } ports { name: "RATIS" value: 45986 } ports { name: "STANDALONE" value: 35799 } networkName: "51519769-3f92-4b39-a98d-c9708c58c8a7" networkLocation: "/default-rack" } datanode { uuid: "29fde90f-65f3-4179-b334-ec735bc1e6ab" ipAddress: "192.168.5.185" hostName: "pr-hdds-2034-lb7qt-2171347232" ports { name: "REST" value: 45381 } ports { name: "RATIS" value: 42053 } ports { name: "STANDALONE" value: 44704 } networkName: "29fde90f-65f3-4179-b334-ec735bc1e6ab" networkLocation: "/default-rack" } datanode { uuid: "af8ef8ac-d9e5-4930-bc45-5cd79380c82c" ipAddress: "192.168.5.185" hostName: "pr-hdds-2034-lb7qt-2171347232" ports { name: "REST" value: 43111 } ports { name: "RATIS" value: 33737 } ports { name: "STANDALONE" value: 42128 } networkName: "af8ef8ac-d9e5-4930-bc45-5cd79380c82c" networkLocation: "/default-rack" } cmdId: 1568822518871 } ]} | ret=SUCCESS |  
2019-09-18 16:04:03,460 | INFO  | SCMAudit | user=jenkins1000 | ip=192.168.5.185 | op=SEND_HEARTBEAT {datanodeUUID=b967ad35-fbe7-4f25-8554-0bf78a3d522c, command=[]} | ret=SUCCESS |  
2019-09-18 16:04:03,488 [grpc-default-executor-0] INFO  impl.RaftServerProxy (RaftServerProxy.java:addNew(89)) - b967ad35-fbe7-4f25-8554-0bf78a3d522c: addNew group-8CC810A298F5:[b967ad35-fbe7-4f25-8554-0bf78a3d522c:192.168.5.185:40682] returns group-8CC810A298F5:java.util.concurrent.CompletableFuture@51c270b5[Not completed]
2019-09-18 16:04:03,490 [pool-221-thread-1] INFO  impl.RaftServerImpl (RaftServerImpl.java:<init>(93)) - b967ad35-fbe7-4f25-8554-0bf78a3d522c: new RaftServerImpl for group-8CC810A298F5:[b967ad35-fbe7-4f25-8554-0bf78a3d522c:192.168.5.185:40682] with ContainerStateMachine:uninitialized
2019-09-18 16:04:03,490 [pool-221-thread-1] INFO  server.RaftServerConfigKeys (ConfUtils.java:logGet(43)) - raft.server.rpc.timeout.min = 5s (custom)
2019-09-18 16:04:03,490 [pool-221-thread-1] INFO  server.RaftServerConfigKeys (ConfUtils.java:logGet(43)) - raft.server.rpc.timeout.max = 5200ms (custom)
2019-09-18 16:04:03,491 [pool-221-thread-1] INFO  server.RaftServerConfigKeys (ConfUtils.java:logGet(43)) - raft.server.rpcslowness.timeout = 120s (custom)
2019-09-18 16:04:03,491 [pool-221-thread-1] INFO  server.RaftServerConfigKeys (ConfUtils.java:logGet(43)) - raft.server.sleep.deviation.threshold = 300 (default)
2019-09-18 16:04:03,491 [pool-221-thread-1] INFO  server.RaftServerConfigKeys (ConfUtils.java:logGet(43)) - raft.server.log.appender.install.snapshot.enabled = false (custom)
2019-09-18 16:04:03,491 [pool-221-thread-1] INFO  impl.RaftServerImpl (ServerState.java:<init>(105)) - b967ad35-fbe7-4f25-8554-0bf78a3d522c:group-8CC810A298F5 ConfigurationManager, init=-1: [b967ad35-fbe7-4f25-8554-0bf78a3d522c:192.168.5.185:40682], old=null, confs=<EMPTY_MAP>
2019-09-18 16:04:03,491 [pool-221-thread-1] INFO  server.RaftServerConfigKeys (ConfUtils.java:logGet(43)) - raft.server.storage.dir = [/workdir/hadoop-ozone/integration-test/target/test-dir/MiniOzoneClusterImpl-c717418d-2af0-42af-8782-89586fb16a72/datanode-0/data/ratis] (custom)
2019-09-18 16:04:03,492 [pool-221-thread-1] INFO  storage.RaftStorageDirectory (RaftStorageDirectory.java:analyzeStorage(246)) - The storage directory /workdir/hadoop-ozone/integration-test/target/test-dir/MiniOzoneClusterImpl-c717418d-2af0-42af-8782-89586fb16a72/datanode-0/data/ratis/ae9a0b5f-18a8-4677-b6e7-8cc810a298f5 does not exist. Creating ...
2019-09-18 16:04:03,510 [pool-221-thread-1] INFO  storage.RaftStorageDirectory (RaftStorageDirectory.java:tryLock(328)) - Lock on /workdir/hadoop-ozone/integration-test/target/test-dir/MiniOzoneClusterImpl-c717418d-2af0-42af-8782-89586fb16a72/datanode-0/data/ratis/ae9a0b5f-18a8-4677-b6e7-8cc810a298f5/in_use.lock acquired by nodename 22108@pr-hdds-2034-lb7qt-2171347232
2019-09-18 16:04:03,529 [pool-221-thread-1] INFO  storage.RaftStorage (RaftStorage.java:format(72)) - Storage directory /workdir/hadoop-ozone/integration-test/target/test-dir/MiniOzoneClusterImpl-c717418d-2af0-42af-8782-89586fb16a72/datanode-0/data/ratis/ae9a0b5f-18a8-4677-b6e7-8cc810a298f5 has been successfully formatted.
2019-09-18 16:04:03,530 [pool-221-thread-1] INFO  ratis.ContainerStateMachine (ContainerStateMachine.java:loadSnapshot(226)) - group-8CC810A298F5: The snapshot info is null. Setting the last applied indexto:(t:0, i:~)
2019-09-18 16:04:03,530 [pool-221-thread-1] INFO  server.RaftServerConfigKeys (ConfUtils.java:logGet(43)) - raft.server.leader.election.timeout = 120s (custom)
2019-09-18 16:04:03,530 [pool-221-thread-1] INFO  server.RaftServerConfigKeys (ConfUtils.java:logGet(43)) - raft.server.log.use.memory = false (default)
2019-09-18 16:04:03,530 [pool-221-thread-1] INFO  server.RaftServerConfigKeys (ConfUtils.java:logGet(43)) - raft.server.log.purge.gap = 1000000 (custom)
2019-09-18 16:04:03,531 [pool-221-thread-1] INFO  server.RaftServerConfigKeys (ConfUtils.java:logGet(43)) - raft.server.log.appender.buffer.byte-limit = 33554432 (custom)
2019-09-18 16:04:03,531 [pool-221-thread-1] INFO  server.RaftServerConfigKeys (ConfUtils.java:logGet(43)) - raft.server.log.segment.size.max = 1048576 (custom)
2019-09-18 16:04:03,531 [pool-221-thread-1] INFO  server.RaftServerConfigKeys (ConfUtils.java:logGet(43)) - raft.server.log.segment.cache.num.max = 2 (custom)
2019-09-18 16:04:03,531 [pool-221-thread-1] INFO  segmented.SegmentedRaftLogWorker (SegmentedRaftLogWorker.java:<init>(172)) - new b967ad35-fbe7-4f25-8554-0bf78a3d522c-SegmentedRaftLogWorker:Storage Directory /workdir/hadoop-ozone/integration-test/target/test-dir/MiniOzoneClusterImpl-c717418d-2af0-42af-8782-89586fb16a72/datanode-0/data/ratis/ae9a0b5f-18a8-4677-b6e7-8cc810a298f5 for RaftStorage:Storage Directory /workdir/hadoop-ozone/integration-test/target/test-dir/MiniOzoneClusterImpl-c717418d-2af0-42af-8782-89586fb16a72/datanode-0/data/ratis/ae9a0b5f-18a8-4677-b6e7-8cc810a298f5
2019-09-18 16:04:03,531 [pool-221-thread-1] INFO  server.RaftServerConfigKeys (ConfUtils.java:logGet(43)) - raft.server.log.queue.byte-limit = 2147483647 (custom)
2019-09-18 16:04:03,532 [pool-221-thread-1] INFO  server.RaftServerConfigKeys (ConfUtils.java:logGet(43)) - raft.server.log.queue.element-limit = 1024 (custom)
2019-09-18 16:04:03,532 [pool-221-thread-1] INFO  server.RaftServerConfigKeys (ConfUtils.java:logGet(43)) - raft.server.log.segment.size.max = 1048576 (custom)
2019-09-18 16:04:03,532 [pool-221-thread-1] INFO  server.RaftServerConfigKeys (ConfUtils.java:logGet(43)) - raft.server.log.preallocated.size = 16384 (custom)
2019-09-18 16:04:03,532 [pool-221-thread-1] INFO  server.RaftServerConfigKeys (ConfUtils.java:logGet(43)) - raft.server.log.write.buffer.size = 33554432 (custom)
2019-09-18 16:04:03,532 [pool-221-thread-1] INFO  server.RaftServerConfigKeys (ConfUtils.java:logGet(43)) - raft.server.log.force.sync.num = 128 (default)
2019-09-18 16:04:03,533 [pool-221-thread-1] INFO  server.RaftServerConfigKeys (ConfUtils.java:logGet(43)) - raft.server.log.statemachine.data.sync = true (default)
2019-09-18 16:04:03,533 [pool-221-thread-1] INFO  server.RaftServerConfigKeys (ConfUtils.java:logGet(43)) - raft.server.log.statemachine.data.sync.timeout = 10s (default)
2019-09-18 16:04:03,533 [pool-221-thread-1] INFO  server.RaftServerConfigKeys (ConfUtils.java:logGet(43)) - raft.server.log.statemachine.data.sync.timeout.retry = -1 (default)
2019-09-18 16:04:03,533 [pool-221-thread-1] INFO  server.RaftServerConfigKeys (ConfUtils.java:logGet(43)) - raft.server.log.statemachine.data.caching.enabled = true (custom)
2019-09-18 16:04:03,534 [pool-221-thread-1] INFO  segmented.SegmentedRaftLogWorker (SegmentedRaftLogWorker.java:lambda$new$0(132)) - b967ad35-fbe7-4f25-8554-0bf78a3d522c-SegmentedRaftLogWorker:Storage Directory /workdir/hadoop-ozone/integration-test/target/test-dir/MiniOzoneClusterImpl-c717418d-2af0-42af-8782-89586fb16a72/datanode-0/data/ratis/ae9a0b5f-18a8-4677-b6e7-8cc810a298f5: flushIndex: setUnconditionally 0 -> -1
2019-09-18 16:04:03,534 [pool-221-thread-1] INFO  server.RaftServerConfigKeys (ConfUtils.java:logGet(43)) - raft.server.snapshot.auto.trigger.enabled = true (custom)
2019-09-18 16:04:03,534 [pool-221-thread-1] INFO  server.RaftServerConfigKeys (ConfUtils.java:logGet(43)) - raft.server.snapshot.auto.trigger.threshold = 10000 (custom)
2019-09-18 16:04:03,535 [pool-221-thread-1] INFO  server.RaftServerConfigKeys (ConfUtils.java:logGet(43)) - raft.server.retrycache.expirytime = 600000ms (custom)
2019-09-18 16:04:03,535 [pool-221-thread-1] INFO  impl.RaftServerImpl (RaftServerImpl.java:start(180)) - b967ad35-fbe7-4f25-8554-0bf78a3d522c: start group-8CC810A298F5
2019-09-18 16:04:03,535 [pool-221-thread-1] INFO  impl.RaftServerImpl (RaftServerImpl.java:setRole(171)) - b967ad35-fbe7-4f25-8554-0bf78a3d522c:group-8CC810A298F5 changes role from null to FOLLOWER at term 0 for startAsFollower
2019-09-18 16:04:03,535 [pool-221-thread-1] INFO  impl.RoleInfo (RoleInfo.java:updateAndGet(143)) - b967ad35-fbe7-4f25-8554-0bf78a3d522c: start FollowerState
2019-09-18 16:04:03,536 [pool-221-thread-1] INFO  util.JmxRegister (JmxRegister.java:tryRegister(44)) - Successfully registered JMX Bean with object name Ratis:service=RaftServer,group=group-8CC810A298F5,id=b967ad35-fbe7-4f25-8554-0bf78a3d522c
2019-09-18 16:04:03,542 [Command processor thread] INFO  commandhandler.CreatePipelineCommandHandler (CreatePipelineCommandHandler.java:handle(112)) - Create Pipeline RATIS ONE #PipelineID=ae9a0b5f-18a8-4677-b6e7-8cc810a298f5 command succeed on datanode b967ad35-fbe7-4f25-8554-0bf78a3d522c.
2019-09-18 16:04:03,549 [grpc-default-executor-0] INFO  impl.RaftServerProxy (RaftServerProxy.java:addNew(89)) - b967ad35-fbe7-4f25-8554-0bf78a3d522c: addNew group-AA92D0ED21CA:[3c1188b2-d9c4-43c4-a064-8074509344be:192.168.5.185:39492, b967ad35-fbe7-4f25-8554-0bf78a3d522c:192.168.5.185:40682, c3ebd7c4-785c-44df-867b-40d40a93f6b6:192.168.5.185:46765] returns group-AA92D0ED21CA:java.util.concurrent.CompletableFuture@ddcdd01[Not completed]
2019-09-18 16:04:03,550 [pool-221-thread-1] INFO  impl.RaftServerImpl (RaftServerImpl.java:<init>(93)) - b967ad35-fbe7-4f25-8554-0bf78a3d522c: new RaftServerImpl for group-AA92D0ED21CA:[3c1188b2-d9c4-43c4-a064-8074509344be:192.168.5.185:39492, b967ad35-fbe7-4f25-8554-0bf78a3d522c:192.168.5.185:40682, c3ebd7c4-785c-44df-867b-40d40a93f6b6:192.168.5.185:46765] with ContainerStateMachine:uninitialized
2019-09-18 16:04:03,551 [pool-221-thread-1] INFO  server.RaftServerConfigKeys (ConfUtils.java:logGet(43)) - raft.server.rpc.timeout.min = 5s (custom)
2019-09-18 16:04:03,551 [pool-221-thread-1] INFO  server.RaftServerConfigKeys (ConfUtils.java:logGet(43)) - raft.server.rpc.timeout.max = 5200ms (custom)
2019-09-18 16:04:03,551 [pool-221-thread-1] INFO  server.RaftServerConfigKeys (ConfUtils.java:logGet(43)) - raft.server.rpcslowness.timeout = 120s (custom)
2019-09-18 16:04:03,551 [pool-221-thread-1] INFO  server.RaftServerConfigKeys (ConfUtils.java:logGet(43)) - raft.server.sleep.deviation.threshold = 300 (default)
2019-09-18 16:04:03,551 [pool-221-thread-1] INFO  server.RaftServerConfigKeys (ConfUtils.java:logGet(43)) - raft.server.log.appender.install.snapshot.enabled = false (custom)
2019-09-18 16:04:03,551 [pool-221-thread-1] INFO  impl.RaftServerImpl (ServerState.java:<init>(105)) - b967ad35-fbe7-4f25-8554-0bf78a3d522c:group-AA92D0ED21CA ConfigurationManager, init=-1: [3c1188b2-d9c4-43c4-a064-8074509344be:192.168.5.185:39492, b967ad35-fbe7-4f25-8554-0bf78a3d522c:192.168.5.185:40682, c3ebd7c4-785c-44df-867b-40d40a93f6b6:192.168.5.185:46765], old=null, confs=<EMPTY_MAP>
2019-09-18 16:04:03,552 [pool-221-thread-1] INFO  server.RaftServerConfigKeys (ConfUtils.java:logGet(43)) - raft.server.storage.dir = [/workdir/hadoop-ozone/integration-test/target/test-dir/MiniOzoneClusterImpl-c717418d-2af0-42af-8782-89586fb16a72/datanode-0/data/ratis] (custom)
2019-09-18 16:04:03,552 [pool-221-thread-1] INFO  storage.RaftStorageDirectory (RaftStorageDirectory.java:analyzeStorage(246)) - The storage directory /workdir/hadoop-ozone/integration-test/target/test-dir/MiniOzoneClusterImpl-c717418d-2af0-42af-8782-89586fb16a72/datanode-0/data/ratis/d0b92187-fd92-4537-9987-aa92d0ed21ca does not exist. Creating ...
2019-09-18 16:04:03,572 | INFO  | SCMAudit | user=jenkins1000 | ip=192.168.5.185 | op=SEND_HEARTBEAT {datanodeUUID=51519769-3f92-4b39-a98d-c9708c58c8a7, command=[commandType: createPipelineCommand createPipelineCommandProto { pipelineID { id: "8dfbd8c2-bed5-4394-9e40-1792db16ee99" } type: RATIS factor: ONE datanode { uuid: "51519769-3f92-4b39-a98d-c9708c58c8a7" ipAddress: "192.168.5.185" hostName: "pr-hdds-2034-lb7qt-2171347232" ports { name: "REST" value: 39639 } ports { name: "RATIS" value: 45986 } ports { name: "STANDALONE" value: 35799 } networkName: "51519769-3f92-4b39-a98d-c9708c58c8a7" networkLocation: "/default-rack" } cmdId: 1568822518869 } , commandType: createPipelineCommand createPipelineCommandProto { pipelineID { id: "f0ebc8e3-e8de-4b06-b728-7785287a5b5e" } type: RATIS factor: THREE datanode { uuid: "51519769-3f92-4b39-a98d-c9708c58c8a7" ipAddress: "192.168.5.185" hostName: "pr-hdds-2034-lb7qt-2171347232" ports { name: "REST" value: 39639 } ports { name: "RATIS" value: 45986 } ports { name: "STANDALONE" value: 35799 } networkName: "51519769-3f92-4b39-a98d-c9708c58c8a7" networkLocation: "/default-rack" } datanode { uuid: "29fde90f-65f3-4179-b334-ec735bc1e6ab" ipAddress: "192.168.5.185" hostName: "pr-hdds-2034-lb7qt-2171347232" ports { name: "REST" value: 45381 } ports { name: "RATIS" value: 42053 } ports { name: "STANDALONE" value: 44704 } networkName: "29fde90f-65f3-4179-b334-ec735bc1e6ab" networkLocation: "/default-rack" } datanode { uuid: "af8ef8ac-d9e5-4930-bc45-5cd79380c82c" ipAddress: "192.168.5.185" hostName: "pr-hdds-2034-lb7qt-2171347232" ports { name: "REST" value: 43111 } ports { name: "RATIS" value: 33737 } ports { name: "STANDALONE" value: 42128 } networkName: "af8ef8ac-d9e5-4930-bc45-5cd79380c82c" networkLocation: "/default-rack" } cmdId: 1568822518871 } ]} | ret=SUCCESS |  
2019-09-18 16:04:03,579 [pool-221-thread-1] INFO  storage.RaftStorageDirectory (RaftStorageDirectory.java:tryLock(328)) - Lock on /workdir/hadoop-ozone/integration-test/target/test-dir/MiniOzoneClusterImpl-c717418d-2af0-42af-8782-89586fb16a72/datanode-0/data/ratis/d0b92187-fd92-4537-9987-aa92d0ed21ca/in_use.lock acquired by nodename 22108@pr-hdds-2034-lb7qt-2171347232
2019-09-18 16:04:03,608 [pool-221-thread-1] INFO  storage.RaftStorage (RaftStorage.java:format(72)) - Storage directory /workdir/hadoop-ozone/integration-test/target/test-dir/MiniOzoneClusterImpl-c717418d-2af0-42af-8782-89586fb16a72/datanode-0/data/ratis/d0b92187-fd92-4537-9987-aa92d0ed21ca has been successfully formatted.
2019-09-18 16:04:03,609 [pool-221-thread-1] INFO  ratis.ContainerStateMachine (ContainerStateMachine.java:loadSnapshot(226)) - group-AA92D0ED21CA: The snapshot info is null. Setting the last applied indexto:(t:0, i:~)
2019-09-18 16:04:03,609 [pool-221-thread-1] INFO  server.RaftServerConfigKeys (ConfUtils.java:logGet(43)) - raft.server.leader.election.timeout = 120s (custom)
2019-09-18 16:04:03,609 [pool-221-thread-1] INFO  server.RaftServerConfigKeys (ConfUtils.java:logGet(43)) - raft.server.log.use.memory = false (default)
2019-09-18 16:04:03,609 [pool-221-thread-1] INFO  server.RaftServerConfigKeys (ConfUtils.java:logGet(43)) - raft.server.log.purge.gap = 1000000 (custom)
2019-09-18 16:04:03,609 [pool-221-thread-1] INFO  server.RaftServerConfigKeys (ConfUtils.java:logGet(43)) - raft.server.log.appender.buffer.byte-limit = 33554432 (custom)
2019-09-18 16:04:03,610 [pool-221-thread-1] INFO  server.RaftServerConfigKeys (ConfUtils.java:logGet(43)) - raft.server.log.segment.size.max = 1048576 (custom)
2019-09-18 16:04:03,610 [pool-221-thread-1] INFO  server.RaftServerConfigKeys (ConfUtils.java:logGet(43)) - raft.server.log.segment.cache.num.max = 2 (custom)
2019-09-18 16:04:03,610 [pool-221-thread-1] INFO  segmented.SegmentedRaftLogWorker (SegmentedRaftLogWorker.java:<init>(172)) - new b967ad35-fbe7-4f25-8554-0bf78a3d522c-SegmentedRaftLogWorker:Storage Directory /workdir/hadoop-ozone/integration-test/target/test-dir/MiniOzoneClusterImpl-c717418d-2af0-42af-8782-89586fb16a72/datanode-0/data/ratis/d0b92187-fd92-4537-9987-aa92d0ed21ca for RaftStorage:Storage Directory /workdir/hadoop-ozone/integration-test/target/test-dir/MiniOzoneClusterImpl-c717418d-2af0-42af-8782-89586fb16a72/datanode-0/data/ratis/d0b92187-fd92-4537-9987-aa92d0ed21ca
2019-09-18 16:04:03,610 [pool-221-thread-1] INFO  server.RaftServerConfigKeys (ConfUtils.java:logGet(43)) - raft.server.log.queue.byte-limit = 2147483647 (custom)
2019-09-18 16:04:03,610 [pool-221-thread-1] INFO  server.RaftServerConfigKeys (ConfUtils.java:logGet(43)) - raft.server.log.queue.element-limit = 1024 (custom)
2019-09-18 16:04:03,611 [pool-221-thread-1] INFO  server.RaftServerConfigKeys (ConfUtils.java:logGet(43)) - raft.server.log.segment.size.max = 1048576 (custom)
2019-09-18 16:04:03,611 [pool-221-thread-1] INFO  server.RaftServerConfigKeys (ConfUtils.java:logGet(43)) - raft.server.log.preallocated.size = 16384 (custom)
2019-09-18 16:04:03,611 [pool-221-thread-1] INFO  server.RaftServerConfigKeys (ConfUtils.java:logGet(43)) - raft.server.log.write.buffer.size = 33554432 (custom)
2019-09-18 16:04:03,611 [pool-221-thread-1] INFO  server.RaftServerConfigKeys (ConfUtils.java:logGet(43)) - raft.server.log.force.sync.num = 128 (default)
2019-09-18 16:04:03,611 [pool-221-thread-1] INFO  server.RaftServerConfigKeys (ConfUtils.java:logGet(43)) - raft.server.log.statemachine.data.sync = true (default)
2019-09-18 16:04:03,611 [pool-221-thread-1] INFO  server.RaftServerConfigKeys (ConfUtils.java:logGet(43)) - raft.server.log.statemachine.data.sync.timeout = 10s (default)
2019-09-18 16:04:03,611 [pool-221-thread-1] INFO  server.RaftServerConfigKeys (ConfUtils.java:logGet(43)) - raft.server.log.statemachine.data.sync.timeout.retry = -1 (default)
2019-09-18 16:04:03,612 [pool-221-thread-1] INFO  server.RaftServerConfigKeys (ConfUtils.java:logGet(43)) - raft.server.log.statemachine.data.caching.enabled = true (custom)
2019-09-18 16:04:03,612 [pool-221-thread-1] INFO  segmented.SegmentedRaftLogWorker (SegmentedRaftLogWorker.java:lambda$new$0(132)) - b967ad35-fbe7-4f25-8554-0bf78a3d522c-SegmentedRaftLogWorker:Storage Directory /workdir/hadoop-ozone/integration-test/target/test-dir/MiniOzoneClusterImpl-c717418d-2af0-42af-8782-89586fb16a72/datanode-0/data/ratis/d0b92187-fd92-4537-9987-aa92d0ed21ca: flushIndex: setUnconditionally 0 -> -1
2019-09-18 16:04:03,612 [pool-221-thread-1] INFO  server.RaftServerConfigKeys (ConfUtils.java:logGet(43)) - raft.server.snapshot.auto.trigger.enabled = true (custom)
2019-09-18 16:04:03,612 [pool-221-thread-1] INFO  server.RaftServerConfigKeys (ConfUtils.java:logGet(43)) - raft.server.snapshot.auto.trigger.threshold = 10000 (custom)
2019-09-18 16:04:03,613 [pool-221-thread-1] INFO  server.RaftServerConfigKeys (ConfUtils.java:logGet(43)) - raft.server.retrycache.expirytime = 600000ms (custom)
2019-09-18 16:04:03,613 [pool-221-thread-1] INFO  impl.RaftServerImpl (RaftServerImpl.java:start(180)) - b967ad35-fbe7-4f25-8554-0bf78a3d522c: start group-AA92D0ED21CA
2019-09-18 16:04:03,613 [pool-221-thread-1] INFO  impl.RaftServerImpl (RaftServerImpl.java:setRole(171)) - b967ad35-fbe7-4f25-8554-0bf78a3d522c:group-AA92D0ED21CA changes role from null to FOLLOWER at term 0 for startAsFollower
2019-09-18 16:04:03,613 [pool-221-thread-1] INFO  impl.RoleInfo (RoleInfo.java:updateAndGet(143)) - b967ad35-fbe7-4f25-8554-0bf78a3d522c: start FollowerState
2019-09-18 16:04:03,614 [pool-221-thread-1] INFO  util.JmxRegister (JmxRegister.java:tryRegister(44)) - Successfully registered JMX Bean with object name Ratis:service=RaftServer,group=group-AA92D0ED21CA,id=b967ad35-fbe7-4f25-8554-0bf78a3d522c
2019-09-18 16:04:03,619 [Command processor thread] INFO  commandhandler.CreatePipelineCommandHandler (CreatePipelineCommandHandler.java:handle(112)) - Create Pipeline RATIS THREE #PipelineID=d0b92187-fd92-4537-9987-aa92d0ed21ca command succeed on datanode b967ad35-fbe7-4f25-8554-0bf78a3d522c.
2019-09-18 16:04:03,701 | INFO  | SCMAudit | user=jenkins1000 | ip=192.168.5.185 | op=SEND_HEARTBEAT {datanodeUUID=c3ebd7c4-785c-44df-867b-40d40a93f6b6, command=[]} | ret=SUCCESS |  
2019-09-18 16:04:03,712 [grpc-default-executor-0] INFO  impl.RaftServerProxy (RaftServerProxy.java:addNew(89)) - c3ebd7c4-785c-44df-867b-40d40a93f6b6: addNew group-9F229A982767:[c3ebd7c4-785c-44df-867b-40d40a93f6b6:192.168.5.185:46765] returns group-9F229A982767:java.util.concurrent.CompletableFuture@63b747e5[Not completed]
2019-09-18 16:04:03,713 [pool-232-thread-1] INFO  impl.RaftServerImpl (RaftServerImpl.java:<init>(93)) - c3ebd7c4-785c-44df-867b-40d40a93f6b6: new RaftServerImpl for group-9F229A982767:[c3ebd7c4-785c-44df-867b-40d40a93f6b6:192.168.5.185:46765] with ContainerStateMachine:uninitialized
2019-09-18 16:04:03,713 [pool-232-thread-1] INFO  server.RaftServerConfigKeys (ConfUtils.java:logGet(43)) - raft.server.rpc.timeout.min = 5s (custom)
2019-09-18 16:04:03,714 [pool-232-thread-1] INFO  server.RaftServerConfigKeys (ConfUtils.java:logGet(43)) - raft.server.rpc.timeout.max = 5200ms (custom)
2019-09-18 16:04:03,714 [pool-232-thread-1] INFO  server.RaftServerConfigKeys (ConfUtils.java:logGet(43)) - raft.server.rpcslowness.timeout = 120s (custom)
2019-09-18 16:04:03,714 [pool-232-thread-1] INFO  server.RaftServerConfigKeys (ConfUtils.java:logGet(43)) - raft.server.sleep.deviation.threshold = 300 (default)
2019-09-18 16:04:03,714 [pool-232-thread-1] INFO  server.RaftServerConfigKeys (ConfUtils.java:logGet(43)) - raft.server.log.appender.install.snapshot.enabled = false (custom)
2019-09-18 16:04:03,714 [pool-232-thread-1] INFO  impl.RaftServerImpl (ServerState.java:<init>(105)) - c3ebd7c4-785c-44df-867b-40d40a93f6b6:group-9F229A982767 ConfigurationManager, init=-1: [c3ebd7c4-785c-44df-867b-40d40a93f6b6:192.168.5.185:46765], old=null, confs=<EMPTY_MAP>
2019-09-18 16:04:03,714 [pool-232-thread-1] INFO  server.RaftServerConfigKeys (ConfUtils.java:logGet(43)) - raft.server.storage.dir = [/workdir/hadoop-ozone/integration-test/target/test-dir/MiniOzoneClusterImpl-c717418d-2af0-42af-8782-89586fb16a72/datanode-1/data/ratis] (custom)
2019-09-18 16:04:03,715 [pool-232-thread-1] INFO  storage.RaftStorageDirectory (RaftStorageDirectory.java:analyzeStorage(246)) - The storage directory /workdir/hadoop-ozone/integration-test/target/test-dir/MiniOzoneClusterImpl-c717418d-2af0-42af-8782-89586fb16a72/datanode-1/data/ratis/cc3ead6b-9e75-413a-9899-9f229a982767 does not exist. Creating ...
2019-09-18 16:04:03,735 [pool-232-thread-1] INFO  storage.RaftStorageDirectory (RaftStorageDirectory.java:tryLock(328)) - Lock on /workdir/hadoop-ozone/integration-test/target/test-dir/MiniOzoneClusterImpl-c717418d-2af0-42af-8782-89586fb16a72/datanode-1/data/ratis/cc3ead6b-9e75-413a-9899-9f229a982767/in_use.lock acquired by nodename 22108@pr-hdds-2034-lb7qt-2171347232
2019-09-18 16:04:03,760 [pool-232-thread-1] INFO  storage.RaftStorage (RaftStorage.java:format(72)) - Storage directory /workdir/hadoop-ozone/integration-test/target/test-dir/MiniOzoneClusterImpl-c717418d-2af0-42af-8782-89586fb16a72/datanode-1/data/ratis/cc3ead6b-9e75-413a-9899-9f229a982767 has been successfully formatted.
2019-09-18 16:04:03,761 [pool-232-thread-1] INFO  ratis.ContainerStateMachine (ContainerStateMachine.java:loadSnapshot(226)) - group-9F229A982767: The snapshot info is null. Setting the last applied indexto:(t:0, i:~)
2019-09-18 16:04:03,761 [pool-232-thread-1] INFO  server.RaftServerConfigKeys (ConfUtils.java:logGet(43)) - raft.server.leader.election.timeout = 120s (custom)
2019-09-18 16:04:03,761 [pool-232-thread-1] INFO  server.RaftServerConfigKeys (ConfUtils.java:logGet(43)) - raft.server.log.use.memory = false (default)
2019-09-18 16:04:03,761 [pool-232-thread-1] INFO  server.RaftServerConfigKeys (ConfUtils.java:logGet(43)) - raft.server.log.purge.gap = 1000000 (custom)
2019-09-18 16:04:03,761 [pool-232-thread-1] INFO  server.RaftServerConfigKeys (ConfUtils.java:logGet(43)) - raft.server.log.appender.buffer.byte-limit = 33554432 (custom)
2019-09-18 16:04:03,761 [pool-232-thread-1] INFO  server.RaftServerConfigKeys (ConfUtils.java:logGet(43)) - raft.server.log.segment.size.max = 1048576 (custom)
2019-09-18 16:04:03,762 [pool-232-thread-1] INFO  server.RaftServerConfigKeys (ConfUtils.java:logGet(43)) - raft.server.log.segment.cache.num.max = 2 (custom)
2019-09-18 16:04:03,762 [pool-232-thread-1] INFO  segmented.SegmentedRaftLogWorker (SegmentedRaftLogWorker.java:<init>(172)) - new c3ebd7c4-785c-44df-867b-40d40a93f6b6-SegmentedRaftLogWorker:Storage Directory /workdir/hadoop-ozone/integration-test/target/test-dir/MiniOzoneClusterImpl-c717418d-2af0-42af-8782-89586fb16a72/datanode-1/data/ratis/cc3ead6b-9e75-413a-9899-9f229a982767 for RaftStorage:Storage Directory /workdir/hadoop-ozone/integration-test/target/test-dir/MiniOzoneClusterImpl-c717418d-2af0-42af-8782-89586fb16a72/datanode-1/data/ratis/cc3ead6b-9e75-413a-9899-9f229a982767
2019-09-18 16:04:03,762 [pool-232-thread-1] INFO  server.RaftServerConfigKeys (ConfUtils.java:logGet(43)) - raft.server.log.queue.byte-limit = 2147483647 (custom)
2019-09-18 16:04:03,762 [pool-232-thread-1] INFO  server.RaftServerConfigKeys (ConfUtils.java:logGet(43)) - raft.server.log.queue.element-limit = 1024 (custom)
2019-09-18 16:04:03,762 [pool-232-thread-1] INFO  server.RaftServerConfigKeys (ConfUtils.java:logGet(43)) - raft.server.log.segment.size.max = 1048576 (custom)
2019-09-18 16:04:03,762 [pool-232-thread-1] INFO  server.RaftServerConfigKeys (ConfUtils.java:logGet(43)) - raft.server.log.preallocated.size = 16384 (custom)
2019-09-18 16:04:03,763 [pool-232-thread-1] INFO  server.RaftServerConfigKeys (ConfUtils.java:logGet(43)) - raft.server.log.write.buffer.size = 33554432 (custom)
2019-09-18 16:04:03,763 [pool-232-thread-1] INFO  server.RaftServerConfigKeys (ConfUtils.java:logGet(43)) - raft.server.log.force.sync.num = 128 (default)
2019-09-18 16:04:03,763 [pool-232-thread-1] INFO  server.RaftServerConfigKeys (ConfUtils.java:logGet(43)) - raft.server.log.statemachine.data.sync = true (default)
2019-09-18 16:04:03,763 [pool-232-thread-1] INFO  server.RaftServerConfigKeys (ConfUtils.java:logGet(43)) - raft.server.log.statemachine.data.sync.timeout = 10s (default)
2019-09-18 16:04:03,763 [pool-232-thread-1] INFO  server.RaftServerConfigKeys (ConfUtils.java:logGet(43)) - raft.server.log.statemachine.data.sync.timeout.retry = -1 (default)
2019-09-18 16:04:03,763 [pool-232-thread-1] INFO  server.RaftServerConfigKeys (ConfUtils.java:logGet(43)) - raft.server.log.statemachine.data.caching.enabled = true (custom)
2019-09-18 16:04:03,764 [pool-232-thread-1] INFO  segmented.SegmentedRaftLogWorker (SegmentedRaftLogWorker.java:lambda$new$0(132)) - c3ebd7c4-785c-44df-867b-40d40a93f6b6-SegmentedRaftLogWorker:Storage Directory /workdir/hadoop-ozone/integration-test/target/test-dir/MiniOzoneClusterImpl-c717418d-2af0-42af-8782-89586fb16a72/datanode-1/data/ratis/cc3ead6b-9e75-413a-9899-9f229a982767: flushIndex: setUnconditionally 0 -> -1
2019-09-18 16:04:03,764 [pool-232-thread-1] INFO  server.RaftServerConfigKeys (ConfUtils.java:logGet(43)) - raft.server.snapshot.auto.trigger.enabled = true (custom)
2019-09-18 16:04:03,764 [pool-232-thread-1] INFO  server.RaftServerConfigKeys (ConfUtils.java:logGet(43)) - raft.server.snapshot.auto.trigger.threshold = 10000 (custom)
2019-09-18 16:04:03,764 [pool-232-thread-1] INFO  server.RaftServerConfigKeys (ConfUtils.java:logGet(43)) - raft.server.retrycache.expirytime = 600000ms (custom)
2019-09-18 16:04:03,765 [pool-232-thread-1] INFO  impl.RaftServerImpl (RaftServerImpl.java:start(180)) - c3ebd7c4-785c-44df-867b-40d40a93f6b6: start group-9F229A982767
2019-09-18 16:04:03,765 [pool-232-thread-1] INFO  impl.RaftServerImpl (RaftServerImpl.java:setRole(171)) - c3ebd7c4-785c-44df-867b-40d40a93f6b6:group-9F229A982767 changes role from null to FOLLOWER at term 0 for startAsFollower
2019-09-18 16:04:03,765 [pool-232-thread-1] INFO  impl.RoleInfo (RoleInfo.java:updateAndGet(143)) - c3ebd7c4-785c-44df-867b-40d40a93f6b6: start FollowerState
2019-09-18 16:04:03,765 [pool-232-thread-1] INFO  util.JmxRegister (JmxRegister.java:tryRegister(44)) - Successfully registered JMX Bean with object name Ratis:service=RaftServer,group=group-9F229A982767,id=c3ebd7c4-785c-44df-867b-40d40a93f6b6
2019-09-18 16:04:03,772 [Command processor thread] INFO  commandhandler.CreatePipelineCommandHandler (CreatePipelineCommandHandler.java:handle(112)) - Create Pipeline RATIS ONE #PipelineID=cc3ead6b-9e75-413a-9899-9f229a982767 command succeed on datanode c3ebd7c4-785c-44df-867b-40d40a93f6b6.
2019-09-18 16:04:03,780 [grpc-default-executor-0] INFO  impl.RaftServerProxy (RaftServerProxy.java:addNew(89)) - c3ebd7c4-785c-44df-867b-40d40a93f6b6: addNew group-AA92D0ED21CA:[3c1188b2-d9c4-43c4-a064-8074509344be:192.168.5.185:39492, b967ad35-fbe7-4f25-8554-0bf78a3d522c:192.168.5.185:40682, c3ebd7c4-785c-44df-867b-40d40a93f6b6:192.168.5.185:46765] returns group-AA92D0ED21CA:java.util.concurrent.CompletableFuture@293707f9[Not completed]
2019-09-18 16:04:03,781 [pool-232-thread-1] INFO  impl.RaftServerImpl (RaftServerImpl.java:<init>(93)) - c3ebd7c4-785c-44df-867b-40d40a93f6b6: new RaftServerImpl for group-AA92D0ED21CA:[3c1188b2-d9c4-43c4-a064-8074509344be:192.168.5.185:39492, b967ad35-fbe7-4f25-8554-0bf78a3d522c:192.168.5.185:40682, c3ebd7c4-785c-44df-867b-40d40a93f6b6:192.168.5.185:46765] with ContainerStateMachine:uninitialized
2019-09-18 16:04:03,781 [pool-232-thread-1] INFO  server.RaftServerConfigKeys (ConfUtils.java:logGet(43)) - raft.server.rpc.timeout.min = 5s (custom)
2019-09-18 16:04:03,781 [pool-232-thread-1] INFO  server.RaftServerConfigKeys (ConfUtils.java:logGet(43)) - raft.server.rpc.timeout.max = 5200ms (custom)
2019-09-18 16:04:03,782 [pool-232-thread-1] INFO  server.RaftServerConfigKeys (ConfUtils.java:logGet(43)) - raft.server.rpcslowness.timeout = 120s (custom)
2019-09-18 16:04:03,782 [pool-232-thread-1] INFO  server.RaftServerConfigKeys (ConfUtils.java:logGet(43)) - raft.server.sleep.deviation.threshold = 300 (default)
2019-09-18 16:04:03,782 [pool-232-thread-1] INFO  server.RaftServerConfigKeys (ConfUtils.java:logGet(43)) - raft.server.log.appender.install.snapshot.enabled = false (custom)
2019-09-18 16:04:03,782 [pool-232-thread-1] INFO  impl.RaftServerImpl (ServerState.java:<init>(105)) - c3ebd7c4-785c-44df-867b-40d40a93f6b6:group-AA92D0ED21CA ConfigurationManager, init=-1: [3c1188b2-d9c4-43c4-a064-8074509344be:192.168.5.185:39492, b967ad35-fbe7-4f25-8554-0bf78a3d522c:192.168.5.185:40682, c3ebd7c4-785c-44df-867b-40d40a93f6b6:192.168.5.185:46765], old=null, confs=<EMPTY_MAP>
2019-09-18 16:04:03,782 [pool-232-thread-1] INFO  server.RaftServerConfigKeys (ConfUtils.java:logGet(43)) - raft.server.storage.dir = [/workdir/hadoop-ozone/integration-test/target/test-dir/MiniOzoneClusterImpl-c717418d-2af0-42af-8782-89586fb16a72/datanode-1/data/ratis] (custom)
2019-09-18 16:04:03,782 [pool-232-thread-1] INFO  storage.RaftStorageDirectory (RaftStorageDirectory.java:analyzeStorage(246)) - The storage directory /workdir/hadoop-ozone/integration-test/target/test-dir/MiniOzoneClusterImpl-c717418d-2af0-42af-8782-89586fb16a72/datanode-1/data/ratis/d0b92187-fd92-4537-9987-aa92d0ed21ca does not exist. Creating ...
2019-09-18 16:04:03,802 [pool-232-thread-1] INFO  storage.RaftStorageDirectory (RaftStorageDirectory.java:tryLock(328)) - Lock on /workdir/hadoop-ozone/integration-test/target/test-dir/MiniOzoneClusterImpl-c717418d-2af0-42af-8782-89586fb16a72/datanode-1/data/ratis/d0b92187-fd92-4537-9987-aa92d0ed21ca/in_use.lock acquired by nodename 22108@pr-hdds-2034-lb7qt-2171347232
2019-09-18 16:04:03,819 [pool-232-thread-1] INFO  storage.RaftStorage (RaftStorage.java:format(72)) - Storage directory /workdir/hadoop-ozone/integration-test/target/test-dir/MiniOzoneClusterImpl-c717418d-2af0-42af-8782-89586fb16a72/datanode-1/data/ratis/d0b92187-fd92-4537-9987-aa92d0ed21ca has been successfully formatted.
2019-09-18 16:04:03,820 [pool-232-thread-1] INFO  ratis.ContainerStateMachine (ContainerStateMachine.java:loadSnapshot(226)) - group-AA92D0ED21CA: The snapshot info is null. Setting the last applied indexto:(t:0, i:~)
2019-09-18 16:04:03,820 [pool-232-thread-1] INFO  server.RaftServerConfigKeys (ConfUtils.java:logGet(43)) - raft.server.leader.election.timeout = 120s (custom)
2019-09-18 16:04:03,820 [pool-232-thread-1] INFO  server.RaftServerConfigKeys (ConfUtils.java:logGet(43)) - raft.server.log.use.memory = false (default)
2019-09-18 16:04:03,820 [pool-232-thread-1] INFO  server.RaftServerConfigKeys (ConfUtils.java:logGet(43)) - raft.server.log.purge.gap = 1000000 (custom)
2019-09-18 16:04:03,820 [pool-232-thread-1] INFO  server.RaftServerConfigKeys (ConfUtils.java:logGet(43)) - raft.server.log.appender.buffer.byte-limit = 33554432 (custom)
2019-09-18 16:04:03,820 [pool-232-thread-1] INFO  server.RaftServerConfigKeys (ConfUtils.java:logGet(43)) - raft.server.log.segment.size.max = 1048576 (custom)
2019-09-18 16:04:03,820 [pool-232-thread-1] INFO  server.RaftServerConfigKeys (ConfUtils.java:logGet(43)) - raft.server.log.segment.cache.num.max = 2 (custom)
2019-09-18 16:04:03,820 [pool-232-thread-1] INFO  segmented.SegmentedRaftLogWorker (SegmentedRaftLogWorker.java:<init>(172)) - new c3ebd7c4-785c-44df-867b-40d40a93f6b6-SegmentedRaftLogWorker:Storage Directory /workdir/hadoop-ozone/integration-test/target/test-dir/MiniOzoneClusterImpl-c717418d-2af0-42af-8782-89586fb16a72/datanode-1/data/ratis/d0b92187-fd92-4537-9987-aa92d0ed21ca for RaftStorage:Storage Directory /workdir/hadoop-ozone/integration-test/target/test-dir/MiniOzoneClusterImpl-c717418d-2af0-42af-8782-89586fb16a72/datanode-1/data/ratis/d0b92187-fd92-4537-9987-aa92d0ed21ca
2019-09-18 16:04:03,821 [pool-232-thread-1] INFO  server.RaftServerConfigKeys (ConfUtils.java:logGet(43)) - raft.server.log.queue.byte-limit = 2147483647 (custom)
2019-09-18 16:04:03,821 [pool-232-thread-1] INFO  server.RaftServerConfigKeys (ConfUtils.java:logGet(43)) - raft.server.log.queue.element-limit = 1024 (custom)
2019-09-18 16:04:03,821 [pool-232-thread-1] INFO  server.RaftServerConfigKeys (ConfUtils.java:logGet(43)) - raft.server.log.segment.size.max = 1048576 (custom)
2019-09-18 16:04:03,821 [pool-232-thread-1] INFO  server.RaftServerConfigKeys (ConfUtils.java:logGet(43)) - raft.server.log.preallocated.size = 16384 (custom)
2019-09-18 16:04:03,821 [pool-232-thread-1] INFO  server.RaftServerConfigKeys (ConfUtils.java:logGet(43)) - raft.server.log.write.buffer.size = 33554432 (custom)
2019-09-18 16:04:03,821 [pool-232-thread-1] INFO  server.RaftServerConfigKeys (ConfUtils.java:logGet(43)) - raft.server.log.force.sync.num = 128 (default)
2019-09-18 16:04:03,821 [pool-232-thread-1] INFO  server.RaftServerConfigKeys (ConfUtils.java:logGet(43)) - raft.server.log.statemachine.data.sync = true (default)
2019-09-18 16:04:03,821 [pool-232-thread-1] INFO  server.RaftServerConfigKeys (ConfUtils.java:logGet(43)) - raft.server.log.statemachine.data.sync.timeout = 10s (default)
2019-09-18 16:04:03,821 [pool-232-thread-1] INFO  server.RaftServerConfigKeys (ConfUtils.java:logGet(43)) - raft.server.log.statemachine.data.sync.timeout.retry = -1 (default)
2019-09-18 16:04:03,822 [pool-232-thread-1] INFO  server.RaftServerConfigKeys (ConfUtils.java:logGet(43)) - raft.server.log.statemachine.data.caching.enabled = true (custom)
2019-09-18 16:04:03,822 [pool-232-thread-1] INFO  segmented.SegmentedRaftLogWorker (SegmentedRaftLogWorker.java:lambda$new$0(132)) - c3ebd7c4-785c-44df-867b-40d40a93f6b6-SegmentedRaftLogWorker:Storage Directory /workdir/hadoop-ozone/integration-test/target/test-dir/MiniOzoneClusterImpl-c717418d-2af0-42af-8782-89586fb16a72/datanode-1/data/ratis/d0b92187-fd92-4537-9987-aa92d0ed21ca: flushIndex: setUnconditionally 0 -> -1
2019-09-18 16:04:03,822 [pool-232-thread-1] INFO  server.RaftServerConfigKeys (ConfUtils.java:logGet(43)) - raft.server.snapshot.auto.trigger.enabled = true (custom)
2019-09-18 16:04:03,822 [pool-232-thread-1] INFO  server.RaftServerConfigKeys (ConfUtils.java:logGet(43)) - raft.server.snapshot.auto.trigger.threshold = 10000 (custom)
2019-09-18 16:04:03,822 [pool-232-thread-1] INFO  server.RaftServerConfigKeys (ConfUtils.java:logGet(43)) - raft.server.retrycache.expirytime = 600000ms (custom)
2019-09-18 16:04:03,822 [pool-232-thread-1] INFO  impl.RaftServerImpl (RaftServerImpl.java:start(180)) - c3ebd7c4-785c-44df-867b-40d40a93f6b6: start group-AA92D0ED21CA
2019-09-18 16:04:03,823 [pool-232-thread-1] INFO  impl.RaftServerImpl (RaftServerImpl.java:setRole(171)) - c3ebd7c4-785c-44df-867b-40d40a93f6b6:group-AA92D0ED21CA changes role from null to FOLLOWER at term 0 for startAsFollower
2019-09-18 16:04:03,823 [pool-232-thread-1] INFO  impl.RoleInfo (RoleInfo.java:updateAndGet(143)) - c3ebd7c4-785c-44df-867b-40d40a93f6b6: start FollowerState
2019-09-18 16:04:03,823 [pool-232-thread-1] INFO  util.JmxRegister (JmxRegister.java:tryRegister(44)) - Successfully registered JMX Bean with object name Ratis:service=RaftServer,group=group-AA92D0ED21CA,id=c3ebd7c4-785c-44df-867b-40d40a93f6b6
2019-09-18 16:04:03,828 [Command processor thread] INFO  commandhandler.CreatePipelineCommandHandler (CreatePipelineCommandHandler.java:handle(112)) - Create Pipeline RATIS THREE #PipelineID=d0b92187-fd92-4537-9987-aa92d0ed21ca command succeed on datanode c3ebd7c4-785c-44df-867b-40d40a93f6b6.
2019-09-18 16:04:03,829 | INFO  | SCMAudit | user=jenkins1000 | ip=192.168.5.185 | op=SEND_HEARTBEAT {datanodeUUID=af8ef8ac-d9e5-4930-bc45-5cd79380c82c, command=[commandType: createPipelineCommand createPipelineCommandProto { pipelineID { id: "f5261716-ef2c-4b7f-8245-84f31272ab22" } type: RATIS factor: ONE datanode { uuid: "af8ef8ac-d9e5-4930-bc45-5cd79380c82c" ipAddress: "192.168.5.185" hostName: "pr-hdds-2034-lb7qt-2171347232" ports { name: "REST" value: 43111 } ports { name: "RATIS" value: 33737 } ports { name: "STANDALONE" value: 42128 } networkName: "af8ef8ac-d9e5-4930-bc45-5cd79380c82c" networkLocation: "/default-rack" } cmdId: 1568822518870 } , commandType: createPipelineCommand createPipelineCommandProto { pipelineID { id: "f0ebc8e3-e8de-4b06-b728-7785287a5b5e" } type: RATIS factor: THREE datanode { uuid: "51519769-3f92-4b39-a98d-c9708c58c8a7" ipAddress: "192.168.5.185" hostName: "pr-hdds-2034-lb7qt-2171347232" ports { name: "REST" value: 39639 } ports { name: "RATIS" value: 45986 } ports { name: "STANDALONE" value: 35799 } networkName: "51519769-3f92-4b39-a98d-c9708c58c8a7" networkLocation: "/default-rack" } datanode { uuid: "29fde90f-65f3-4179-b334-ec735bc1e6ab" ipAddress: "192.168.5.185" hostName: "pr-hdds-2034-lb7qt-2171347232" ports { name: "REST" value: 45381 } ports { name: "RATIS" value: 42053 } ports { name: "STANDALONE" value: 44704 } networkName: "29fde90f-65f3-4179-b334-ec735bc1e6ab" networkLocation: "/default-rack" } datanode { uuid: "af8ef8ac-d9e5-4930-bc45-5cd79380c82c" ipAddress: "192.168.5.185" hostName: "pr-hdds-2034-lb7qt-2171347232" ports { name: "REST" value: 43111 } ports { name: "RATIS" value: 33737 } ports { name: "STANDALONE" value: 42128 } networkName: "af8ef8ac-d9e5-4930-bc45-5cd79380c82c" networkLocation: "/default-rack" } cmdId: 1568822518871 } ]} | ret=SUCCESS |  
2019-09-18 16:04:03,905 | INFO  | SCMAudit | user=jenkins1000 | ip=192.168.5.185 | op=SEND_HEARTBEAT {datanodeUUID=3c1188b2-d9c4-43c4-a064-8074509344be, command=[]} | ret=SUCCESS |  
2019-09-18 16:04:03,913 [grpc-default-executor-0] INFO  impl.RaftServerProxy (RaftServerProxy.java:addNew(89)) - 3c1188b2-d9c4-43c4-a064-8074509344be: addNew group-86BB392378BD:[3c1188b2-d9c4-43c4-a064-8074509344be:192.168.5.185:39492] returns group-86BB392378BD:java.util.concurrent.CompletableFuture@729509c7[Not completed]
2019-09-18 16:04:03,914 [pool-243-thread-1] INFO  impl.RaftServerImpl (RaftServerImpl.java:<init>(93)) - 3c1188b2-d9c4-43c4-a064-8074509344be: new RaftServerImpl for group-86BB392378BD:[3c1188b2-d9c4-43c4-a064-8074509344be:192.168.5.185:39492] with ContainerStateMachine:uninitialized
2019-09-18 16:04:03,914 [pool-243-thread-1] INFO  server.RaftServerConfigKeys (ConfUtils.java:logGet(43)) - raft.server.rpc.timeout.min = 5s (custom)
2019-09-18 16:04:03,914 [pool-243-thread-1] INFO  server.RaftServerConfigKeys (ConfUtils.java:logGet(43)) - raft.server.rpc.timeout.max = 5200ms (custom)
2019-09-18 16:04:03,915 [pool-243-thread-1] INFO  server.RaftServerConfigKeys (ConfUtils.java:logGet(43)) - raft.server.rpcslowness.timeout = 120s (custom)
2019-09-18 16:04:03,915 [pool-243-thread-1] INFO  server.RaftServerConfigKeys (ConfUtils.java:logGet(43)) - raft.server.sleep.deviation.threshold = 300 (default)
2019-09-18 16:04:03,915 [pool-243-thread-1] INFO  server.RaftServerConfigKeys (ConfUtils.java:logGet(43)) - raft.server.log.appender.install.snapshot.enabled = false (custom)
2019-09-18 16:04:03,915 [pool-243-thread-1] INFO  impl.RaftServerImpl (ServerState.java:<init>(105)) - 3c1188b2-d9c4-43c4-a064-8074509344be:group-86BB392378BD ConfigurationManager, init=-1: [3c1188b2-d9c4-43c4-a064-8074509344be:192.168.5.185:39492], old=null, confs=<EMPTY_MAP>
2019-09-18 16:04:03,915 [pool-243-thread-1] INFO  server.RaftServerConfigKeys (ConfUtils.java:logGet(43)) - raft.server.storage.dir = [/workdir/hadoop-ozone/integration-test/target/test-dir/MiniOzoneClusterImpl-c717418d-2af0-42af-8782-89586fb16a72/datanode-2/data/ratis] (custom)
2019-09-18 16:04:03,916 [pool-243-thread-1] INFO  storage.RaftStorageDirectory (RaftStorageDirectory.java:analyzeStorage(246)) - The storage directory /workdir/hadoop-ozone/integration-test/target/test-dir/MiniOzoneClusterImpl-c717418d-2af0-42af-8782-89586fb16a72/datanode-2/data/ratis/f36b64ef-a378-4e67-9147-86bb392378bd does not exist. Creating ...
2019-09-18 16:04:03,978 [pool-243-thread-1] INFO  storage.RaftStorageDirectory (RaftStorageDirectory.java:tryLock(328)) - Lock on /workdir/hadoop-ozone/integration-test/target/test-dir/MiniOzoneClusterImpl-c717418d-2af0-42af-8782-89586fb16a72/datanode-2/data/ratis/f36b64ef-a378-4e67-9147-86bb392378bd/in_use.lock acquired by nodename 22108@pr-hdds-2034-lb7qt-2171347232
2019-09-18 16:04:04,020 | INFO  | SCMAudit | user=jenkins1000 | ip=192.168.5.185 | op=SEND_HEARTBEAT {datanodeUUID=9b3ecbfa-8029-4b82-b8b0-ff011ceea2cc, command=[commandType: createPipelineCommand createPipelineCommandProto { pipelineID { id: "bd8df9f9-997f-4aa8-8f2d-aa3127c215d2" } type: RATIS factor: ONE datanode { uuid: "9b3ecbfa-8029-4b82-b8b0-ff011ceea2cc" ipAddress: "192.168.5.185" hostName: "pr-hdds-2034-lb7qt-2171347232" ports { name: "REST" value: 43249 } ports { name: "RATIS" value: 42950 } ports { name: "STANDALONE" value: 37342 } networkName: "9b3ecbfa-8029-4b82-b8b0-ff011ceea2cc" networkLocation: "/default-rack" } cmdId: 1568822518872 } ]} | ret=SUCCESS |  
2019-09-18 16:04:04,020 [main] INFO  ozone.MiniOzoneClusterImpl (MiniOzoneClusterImpl.java:lambda$waitForClusterToBeReady$0(145)) - Nodes are ready. Got 7 of 7 DN Heartbeats.
2019-09-18 16:04:04,020 [main] INFO  ozone.MiniOzoneClusterImpl (MiniOzoneClusterImpl.java:lambda$waitForClusterToBeReady$0(148)) - Waiting for cluster to exit safe mode
2019-09-18 16:04:04,037 [pool-243-thread-1] INFO  storage.RaftStorage (RaftStorage.java:format(72)) - Storage directory /workdir/hadoop-ozone/integration-test/target/test-dir/MiniOzoneClusterImpl-c717418d-2af0-42af-8782-89586fb16a72/datanode-2/data/ratis/f36b64ef-a378-4e67-9147-86bb392378bd has been successfully formatted.
2019-09-18 16:04:04,037 [pool-243-thread-1] INFO  ratis.ContainerStateMachine (ContainerStateMachine.java:loadSnapshot(226)) - group-86BB392378BD: The snapshot info is null. Setting the last applied indexto:(t:0, i:~)
2019-09-18 16:04:04,037 [pool-243-thread-1] INFO  server.RaftServerConfigKeys (ConfUtils.java:logGet(43)) - raft.server.leader.election.timeout = 120s (custom)
2019-09-18 16:04:04,038 [pool-243-thread-1] INFO  server.RaftServerConfigKeys (ConfUtils.java:logGet(43)) - raft.server.log.use.memory = false (default)
2019-09-18 16:04:04,038 [pool-243-thread-1] INFO  server.RaftServerConfigKeys (ConfUtils.java:logGet(43)) - raft.server.log.purge.gap = 1000000 (custom)
2019-09-18 16:04:04,038 [pool-243-thread-1] INFO  server.RaftServerConfigKeys (ConfUtils.java:logGet(43)) - raft.server.log.appender.buffer.byte-limit = 33554432 (custom)
2019-09-18 16:04:04,038 [pool-243-thread-1] INFO  server.RaftServerConfigKeys (ConfUtils.java:logGet(43)) - raft.server.log.segment.size.max = 1048576 (custom)
2019-09-18 16:04:04,038 [pool-243-thread-1] INFO  server.RaftServerConfigKeys (ConfUtils.java:logGet(43)) - raft.server.log.segment.cache.num.max = 2 (custom)
2019-09-18 16:04:04,039 [pool-243-thread-1] INFO  segmented.SegmentedRaftLogWorker (SegmentedRaftLogWorker.java:<init>(172)) - new 3c1188b2-d9c4-43c4-a064-8074509344be-SegmentedRaftLogWorker:Storage Directory /workdir/hadoop-ozone/integration-test/target/test-dir/MiniOzoneClusterImpl-c717418d-2af0-42af-8782-89586fb16a72/datanode-2/data/ratis/f36b64ef-a378-4e67-9147-86bb392378bd for RaftStorage:Storage Directory /workdir/hadoop-ozone/integration-test/target/test-dir/MiniOzoneClusterImpl-c717418d-2af0-42af-8782-89586fb16a72/datanode-2/data/ratis/f36b64ef-a378-4e67-9147-86bb392378bd
2019-09-18 16:04:04,039 [pool-243-thread-1] INFO  server.RaftServerConfigKeys (ConfUtils.java:logGet(43)) - raft.server.log.queue.byte-limit = 2147483647 (custom)
2019-09-18 16:04:04,039 [pool-243-thread-1] INFO  server.RaftServerConfigKeys (ConfUtils.java:logGet(43)) - raft.server.log.queue.element-limit = 1024 (custom)
2019-09-18 16:04:04,039 [pool-243-thread-1] INFO  server.RaftServerConfigKeys (ConfUtils.java:logGet(43)) - raft.server.log.segment.size.max = 1048576 (custom)
2019-09-18 16:04:04,039 [pool-243-thread-1] INFO  server.RaftServerConfigKeys (ConfUtils.java:logGet(43)) - raft.server.log.preallocated.size = 16384 (custom)
2019-09-18 16:04:04,040 [pool-243-thread-1] INFO  server.RaftServerConfigKeys (ConfUtils.java:logGet(43)) - raft.server.log.write.buffer.size = 33554432 (custom)
2019-09-18 16:04:04,040 [pool-243-thread-1] INFO  server.RaftServerConfigKeys (ConfUtils.java:logGet(43)) - raft.server.log.force.sync.num = 128 (default)
2019-09-18 16:04:04,040 [pool-243-thread-1] INFO  server.RaftServerConfigKeys (ConfUtils.java:logGet(43)) - raft.server.log.statemachine.data.sync = true (default)
2019-09-18 16:04:04,040 [pool-243-thread-1] INFO  server.RaftServerConfigKeys (ConfUtils.java:logGet(43)) - raft.server.log.statemachine.data.sync.timeout = 10s (default)
2019-09-18 16:04:04,040 [pool-243-thread-1] INFO  server.RaftServerConfigKeys (ConfUtils.java:logGet(43)) - raft.server.log.statemachine.data.sync.timeout.retry = -1 (default)
2019-09-18 16:04:04,041 [pool-243-thread-1] INFO  server.RaftServerConfigKeys (ConfUtils.java:logGet(43)) - raft.server.log.statemachine.data.caching.enabled = true (custom)
2019-09-18 16:04:04,041 [pool-243-thread-1] INFO  segmented.SegmentedRaftLogWorker (SegmentedRaftLogWorker.java:lambda$new$0(132)) - 3c1188b2-d9c4-43c4-a064-8074509344be-SegmentedRaftLogWorker:Storage Directory /workdir/hadoop-ozone/integration-test/target/test-dir/MiniOzoneClusterImpl-c717418d-2af0-42af-8782-89586fb16a72/datanode-2/data/ratis/f36b64ef-a378-4e67-9147-86bb392378bd: flushIndex: setUnconditionally 0 -> -1
2019-09-18 16:04:04,041 [pool-243-thread-1] INFO  server.RaftServerConfigKeys (ConfUtils.java:logGet(43)) - raft.server.snapshot.auto.trigger.enabled = true (custom)
2019-09-18 16:04:04,041 [pool-243-thread-1] INFO  server.RaftServerConfigKeys (ConfUtils.java:logGet(43)) - raft.server.snapshot.auto.trigger.threshold = 10000 (custom)
2019-09-18 16:04:04,042 [pool-243-thread-1] INFO  server.RaftServerConfigKeys (ConfUtils.java:logGet(43)) - raft.server.retrycache.expirytime = 600000ms (custom)
2019-09-18 16:04:04,042 [pool-243-thread-1] INFO  impl.RaftServerImpl (RaftServerImpl.java:start(180)) - 3c1188b2-d9c4-43c4-a064-8074509344be: start group-86BB392378BD
2019-09-18 16:04:04,042 [pool-243-thread-1] INFO  impl.RaftServerImpl (RaftServerImpl.java:setRole(171)) - 3c1188b2-d9c4-43c4-a064-8074509344be:group-86BB392378BD changes role from null to FOLLOWER at term 0 for startAsFollower
2019-09-18 16:04:04,042 [pool-243-thread-1] INFO  impl.RoleInfo (RoleInfo.java:updateAndGet(143)) - 3c1188b2-d9c4-43c4-a064-8074509344be: start FollowerState
2019-09-18 16:04:04,043 [pool-243-thread-1] INFO  util.JmxRegister (JmxRegister.java:tryRegister(44)) - Successfully registered JMX Bean with object name Ratis:service=RaftServer,group=group-86BB392378BD,id=3c1188b2-d9c4-43c4-a064-8074509344be
2019-09-18 16:04:04,047 [Command processor thread] INFO  commandhandler.CreatePipelineCommandHandler (CreatePipelineCommandHandler.java:handle(112)) - Create Pipeline RATIS ONE #PipelineID=f36b64ef-a378-4e67-9147-86bb392378bd command succeed on datanode 3c1188b2-d9c4-43c4-a064-8074509344be.
2019-09-18 16:04:04,055 [grpc-default-executor-0] INFO  impl.RaftServerProxy (RaftServerProxy.java:addNew(89)) - 3c1188b2-d9c4-43c4-a064-8074509344be: addNew group-AA92D0ED21CA:[3c1188b2-d9c4-43c4-a064-8074509344be:192.168.5.185:39492, b967ad35-fbe7-4f25-8554-0bf78a3d522c:192.168.5.185:40682, c3ebd7c4-785c-44df-867b-40d40a93f6b6:192.168.5.185:46765] returns group-AA92D0ED21CA:java.util.concurrent.CompletableFuture@1baacf3d[Not completed]
2019-09-18 16:04:04,056 [pool-243-thread-1] INFO  impl.RaftServerImpl (RaftServerImpl.java:<init>(93)) - 3c1188b2-d9c4-43c4-a064-8074509344be: new RaftServerImpl for group-AA92D0ED21CA:[3c1188b2-d9c4-43c4-a064-8074509344be:192.168.5.185:39492, b967ad35-fbe7-4f25-8554-0bf78a3d522c:192.168.5.185:40682, c3ebd7c4-785c-44df-867b-40d40a93f6b6:192.168.5.185:46765] with ContainerStateMachine:uninitialized
2019-09-18 16:04:04,057 [pool-243-thread-1] INFO  server.RaftServerConfigKeys (ConfUtils.java:logGet(43)) - raft.server.rpc.timeout.min = 5s (custom)
2019-09-18 16:04:04,057 [pool-243-thread-1] INFO  server.RaftServerConfigKeys (ConfUtils.java:logGet(43)) - raft.server.rpc.timeout.max = 5200ms (custom)
2019-09-18 16:04:04,057 [pool-243-thread-1] INFO  server.RaftServerConfigKeys (ConfUtils.java:logGet(43)) - raft.server.rpcslowness.timeout = 120s (custom)
2019-09-18 16:04:04,057 [pool-243-thread-1] INFO  server.RaftServerConfigKeys (ConfUtils.java:logGet(43)) - raft.server.sleep.deviation.threshold = 300 (default)
2019-09-18 16:04:04,057 [pool-243-thread-1] INFO  server.RaftServerConfigKeys (ConfUtils.java:logGet(43)) - raft.server.log.appender.install.snapshot.enabled = false (custom)
2019-09-18 16:04:04,057 [pool-243-thread-1] INFO  impl.RaftServerImpl (ServerState.java:<init>(105)) - 3c1188b2-d9c4-43c4-a064-8074509344be:group-AA92D0ED21CA ConfigurationManager, init=-1: [3c1188b2-d9c4-43c4-a064-8074509344be:192.168.5.185:39492, b967ad35-fbe7-4f25-8554-0bf78a3d522c:192.168.5.185:40682, c3ebd7c4-785c-44df-867b-40d40a93f6b6:192.168.5.185:46765], old=null, confs=<EMPTY_MAP>
2019-09-18 16:04:04,057 [pool-243-thread-1] INFO  server.RaftServerConfigKeys (ConfUtils.java:logGet(43)) - raft.server.storage.dir = [/workdir/hadoop-ozone/integration-test/target/test-dir/MiniOzoneClusterImpl-c717418d-2af0-42af-8782-89586fb16a72/datanode-2/data/ratis] (custom)
2019-09-18 16:04:04,058 [pool-243-thread-1] INFO  storage.RaftStorageDirectory (RaftStorageDirectory.java:analyzeStorage(246)) - The storage directory /workdir/hadoop-ozone/integration-test/target/test-dir/MiniOzoneClusterImpl-c717418d-2af0-42af-8782-89586fb16a72/datanode-2/data/ratis/d0b92187-fd92-4537-9987-aa92d0ed21ca does not exist. Creating ...
2019-09-18 16:04:04,087 [pool-243-thread-1] INFO  storage.RaftStorageDirectory (RaftStorageDirectory.java:tryLock(328)) - Lock on /workdir/hadoop-ozone/integration-test/target/test-dir/MiniOzoneClusterImpl-c717418d-2af0-42af-8782-89586fb16a72/datanode-2/data/ratis/d0b92187-fd92-4537-9987-aa92d0ed21ca/in_use.lock acquired by nodename 22108@pr-hdds-2034-lb7qt-2171347232
2019-09-18 16:04:04,104 [pool-243-thread-1] INFO  storage.RaftStorage (RaftStorage.java:format(72)) - Storage directory /workdir/hadoop-ozone/integration-test/target/test-dir/MiniOzoneClusterImpl-c717418d-2af0-42af-8782-89586fb16a72/datanode-2/data/ratis/d0b92187-fd92-4537-9987-aa92d0ed21ca has been successfully formatted.
2019-09-18 16:04:04,105 [pool-243-thread-1] INFO  ratis.ContainerStateMachine (ContainerStateMachine.java:loadSnapshot(226)) - group-AA92D0ED21CA: The snapshot info is null. Setting the last applied indexto:(t:0, i:~)
2019-09-18 16:04:04,105 [pool-243-thread-1] INFO  server.RaftServerConfigKeys (ConfUtils.java:logGet(43)) - raft.server.leader.election.timeout = 120s (custom)
2019-09-18 16:04:04,105 [pool-243-thread-1] INFO  server.RaftServerConfigKeys (ConfUtils.java:logGet(43)) - raft.server.log.use.memory = false (default)
2019-09-18 16:04:04,105 [pool-243-thread-1] INFO  server.RaftServerConfigKeys (ConfUtils.java:logGet(43)) - raft.server.log.purge.gap = 1000000 (custom)
2019-09-18 16:04:04,105 [pool-243-thread-1] INFO  server.RaftServerConfigKeys (ConfUtils.java:logGet(43)) - raft.server.log.appender.buffer.byte-limit = 33554432 (custom)
2019-09-18 16:04:04,106 [pool-243-thread-1] INFO  server.RaftServerConfigKeys (ConfUtils.java:logGet(43)) - raft.server.log.segment.size.max = 1048576 (custom)
2019-09-18 16:04:04,106 [pool-243-thread-1] INFO  server.RaftServerConfigKeys (ConfUtils.java:logGet(43)) - raft.server.log.segment.cache.num.max = 2 (custom)
2019-09-18 16:04:04,106 [pool-243-thread-1] INFO  segmented.SegmentedRaftLogWorker (SegmentedRaftLogWorker.java:<init>(172)) - new 3c1188b2-d9c4-43c4-a064-8074509344be-SegmentedRaftLogWorker:Storage Directory /workdir/hadoop-ozone/integration-test/target/test-dir/MiniOzoneClusterImpl-c717418d-2af0-42af-8782-89586fb16a72/datanode-2/data/ratis/d0b92187-fd92-4537-9987-aa92d0ed21ca for RaftStorage:Storage Directory /workdir/hadoop-ozone/integration-test/target/test-dir/MiniOzoneClusterImpl-c717418d-2af0-42af-8782-89586fb16a72/datanode-2/data/ratis/d0b92187-fd92-4537-9987-aa92d0ed21ca
2019-09-18 16:04:04,106 [pool-243-thread-1] INFO  server.RaftServerConfigKeys (ConfUtils.java:logGet(43)) - raft.server.log.queue.byte-limit = 2147483647 (custom)
2019-09-18 16:04:04,106 [pool-243-thread-1] INFO  server.RaftServerConfigKeys (ConfUtils.java:logGet(43)) - raft.server.log.queue.element-limit = 1024 (custom)
2019-09-18 16:04:04,106 [pool-243-thread-1] INFO  server.RaftServerConfigKeys (ConfUtils.java:logGet(43)) - raft.server.log.segment.size.max = 1048576 (custom)
2019-09-18 16:04:04,106 [pool-243-thread-1] INFO  server.RaftServerConfigKeys (ConfUtils.java:logGet(43)) - raft.server.log.preallocated.size = 16384 (custom)
2019-09-18 16:04:04,107 [pool-243-thread-1] INFO  server.RaftServerConfigKeys (ConfUtils.java:logGet(43)) - raft.server.log.write.buffer.size = 33554432 (custom)
2019-09-18 16:04:04,107 [pool-243-thread-1] INFO  server.RaftServerConfigKeys (ConfUtils.java:logGet(43)) - raft.server.log.force.sync.num = 128 (default)
2019-09-18 16:04:04,107 [pool-243-thread-1] INFO  server.RaftServerConfigKeys (ConfUtils.java:logGet(43)) - raft.server.log.statemachine.data.sync = true (default)
2019-09-18 16:04:04,107 [pool-243-thread-1] INFO  server.RaftServerConfigKeys (ConfUtils.java:logGet(43)) - raft.server.log.statemachine.data.sync.timeout = 10s (default)
2019-09-18 16:04:04,107 [pool-243-thread-1] INFO  server.RaftServerConfigKeys (ConfUtils.java:logGet(43)) - raft.server.log.statemachine.data.sync.timeout.retry = -1 (default)
2019-09-18 16:04:04,107 [pool-243-thread-1] INFO  server.RaftServerConfigKeys (ConfUtils.java:logGet(43)) - raft.server.log.statemachine.data.caching.enabled = true (custom)
2019-09-18 16:04:04,108 [pool-243-thread-1] INFO  segmented.SegmentedRaftLogWorker (SegmentedRaftLogWorker.java:lambda$new$0(132)) - 3c1188b2-d9c4-43c4-a064-8074509344be-SegmentedRaftLogWorker:Storage Directory /workdir/hadoop-ozone/integration-test/target/test-dir/MiniOzoneClusterImpl-c717418d-2af0-42af-8782-89586fb16a72/datanode-2/data/ratis/d0b92187-fd92-4537-9987-aa92d0ed21ca: flushIndex: setUnconditionally 0 -> -1
2019-09-18 16:04:04,108 [pool-243-thread-1] INFO  server.RaftServerConfigKeys (ConfUtils.java:logGet(43)) - raft.server.snapshot.auto.trigger.enabled = true (custom)
2019-09-18 16:04:04,108 [pool-243-thread-1] INFO  server.RaftServerConfigKeys (ConfUtils.java:logGet(43)) - raft.server.snapshot.auto.trigger.threshold = 10000 (custom)
2019-09-18 16:04:04,108 [pool-243-thread-1] INFO  server.RaftServerConfigKeys (ConfUtils.java:logGet(43)) - raft.server.retrycache.expirytime = 600000ms (custom)
2019-09-18 16:04:04,109 [pool-243-thread-1] INFO  impl.RaftServerImpl (RaftServerImpl.java:start(180)) - 3c1188b2-d9c4-43c4-a064-8074509344be: start group-AA92D0ED21CA
2019-09-18 16:04:04,109 [pool-243-thread-1] INFO  impl.RaftServerImpl (RaftServerImpl.java:setRole(171)) - 3c1188b2-d9c4-43c4-a064-8074509344be:group-AA92D0ED21CA changes role from null to FOLLOWER at term 0 for startAsFollower
2019-09-18 16:04:04,109 [pool-243-thread-1] INFO  impl.RoleInfo (RoleInfo.java:updateAndGet(143)) - 3c1188b2-d9c4-43c4-a064-8074509344be: start FollowerState
2019-09-18 16:04:04,109 [pool-243-thread-1] INFO  util.JmxRegister (JmxRegister.java:tryRegister(44)) - Successfully registered JMX Bean with object name Ratis:service=RaftServer,group=group-AA92D0ED21CA,id=3c1188b2-d9c4-43c4-a064-8074509344be
2019-09-18 16:04:04,114 [Command processor thread] INFO  commandhandler.CreatePipelineCommandHandler (CreatePipelineCommandHandler.java:handle(112)) - Create Pipeline RATIS THREE #PipelineID=d0b92187-fd92-4537-9987-aa92d0ed21ca command succeed on datanode 3c1188b2-d9c4-43c4-a064-8074509344be.
2019-09-18 16:04:04,135 | INFO  | SCMAudit | user=jenkins1000 | ip=192.168.5.185 | op=SEND_HEARTBEAT {datanodeUUID=29fde90f-65f3-4179-b334-ec735bc1e6ab, command=[]} | ret=SUCCESS |  
2019-09-18 16:04:04,143 [grpc-default-executor-0] INFO  impl.RaftServerProxy (RaftServerProxy.java:addNew(89)) - 29fde90f-65f3-4179-b334-ec735bc1e6ab: addNew group-A82706B55A33:[29fde90f-65f3-4179-b334-ec735bc1e6ab:192.168.5.185:42053] returns group-A82706B55A33:java.util.concurrent.CompletableFuture@6adc7f2d[Not completed]
2019-09-18 16:04:04,145 [pool-254-thread-1] INFO  impl.RaftServerImpl (RaftServerImpl.java:<init>(93)) - 29fde90f-65f3-4179-b334-ec735bc1e6ab: new RaftServerImpl for group-A82706B55A33:[29fde90f-65f3-4179-b334-ec735bc1e6ab:192.168.5.185:42053] with ContainerStateMachine:uninitialized
2019-09-18 16:04:04,145 [pool-254-thread-1] INFO  server.RaftServerConfigKeys (ConfUtils.java:logGet(43)) - raft.server.rpc.timeout.min = 5s (custom)
2019-09-18 16:04:04,145 [pool-254-thread-1] INFO  server.RaftServerConfigKeys (ConfUtils.java:logGet(43)) - raft.server.rpc.timeout.max = 5200ms (custom)
2019-09-18 16:04:04,145 [pool-254-thread-1] INFO  server.RaftServerConfigKeys (ConfUtils.java:logGet(43)) - raft.server.rpcslowness.timeout = 120s (custom)
2019-09-18 16:04:04,145 [pool-254-thread-1] INFO  server.RaftServerConfigKeys (ConfUtils.java:logGet(43)) - raft.server.sleep.deviation.threshold = 300 (default)
2019-09-18 16:04:04,145 [pool-254-thread-1] INFO  server.RaftServerConfigKeys (ConfUtils.java:logGet(43)) - raft.server.log.appender.install.snapshot.enabled = false (custom)
2019-09-18 16:04:04,146 [pool-254-thread-1] INFO  impl.RaftServerImpl (ServerState.java:<init>(105)) - 29fde90f-65f3-4179-b334-ec735bc1e6ab:group-A82706B55A33 ConfigurationManager, init=-1: [29fde90f-65f3-4179-b334-ec735bc1e6ab:192.168.5.185:42053], old=null, confs=<EMPTY_MAP>
2019-09-18 16:04:04,146 [pool-254-thread-1] INFO  server.RaftServerConfigKeys (ConfUtils.java:logGet(43)) - raft.server.storage.dir = [/workdir/hadoop-ozone/integration-test/target/test-dir/MiniOzoneClusterImpl-c717418d-2af0-42af-8782-89586fb16a72/datanode-3/data/ratis] (custom)
2019-09-18 16:04:04,146 [pool-254-thread-1] INFO  storage.RaftStorageDirectory (RaftStorageDirectory.java:analyzeStorage(246)) - The storage directory /workdir/hadoop-ozone/integration-test/target/test-dir/MiniOzoneClusterImpl-c717418d-2af0-42af-8782-89586fb16a72/datanode-3/data/ratis/276610e5-82c9-45f9-a6f5-a82706b55a33 does not exist. Creating ...
2019-09-18 16:04:04,163 [pool-254-thread-1] INFO  storage.RaftStorageDirectory (RaftStorageDirectory.java:tryLock(328)) - Lock on /workdir/hadoop-ozone/integration-test/target/test-dir/MiniOzoneClusterImpl-c717418d-2af0-42af-8782-89586fb16a72/datanode-3/data/ratis/276610e5-82c9-45f9-a6f5-a82706b55a33/in_use.lock acquired by nodename 22108@pr-hdds-2034-lb7qt-2171347232
2019-09-18 16:04:04,180 [pool-254-thread-1] INFO  storage.RaftStorage (RaftStorage.java:format(72)) - Storage directory /workdir/hadoop-ozone/integration-test/target/test-dir/MiniOzoneClusterImpl-c717418d-2af0-42af-8782-89586fb16a72/datanode-3/data/ratis/276610e5-82c9-45f9-a6f5-a82706b55a33 has been successfully formatted.
2019-09-18 16:04:04,180 [pool-254-thread-1] INFO  ratis.ContainerStateMachine (ContainerStateMachine.java:loadSnapshot(226)) - group-A82706B55A33: The snapshot info is null. Setting the last applied indexto:(t:0, i:~)
2019-09-18 16:04:04,180 [pool-254-thread-1] INFO  server.RaftServerConfigKeys (ConfUtils.java:logGet(43)) - raft.server.leader.election.timeout = 120s (custom)
2019-09-18 16:04:04,180 [pool-254-thread-1] INFO  server.RaftServerConfigKeys (ConfUtils.java:logGet(43)) - raft.server.log.use.memory = false (default)
2019-09-18 16:04:04,180 [pool-254-thread-1] INFO  server.RaftServerConfigKeys (ConfUtils.java:logGet(43)) - raft.server.log.purge.gap = 1000000 (custom)
2019-09-18 16:04:04,181 [pool-254-thread-1] INFO  server.RaftServerConfigKeys (ConfUtils.java:logGet(43)) - raft.server.log.appender.buffer.byte-limit = 33554432 (custom)
2019-09-18 16:04:04,181 [pool-254-thread-1] INFO  server.RaftServerConfigKeys (ConfUtils.java:logGet(43)) - raft.server.log.segment.size.max = 1048576 (custom)
2019-09-18 16:04:04,181 [pool-254-thread-1] INFO  server.RaftServerConfigKeys (ConfUtils.java:logGet(43)) - raft.server.log.segment.cache.num.max = 2 (custom)
2019-09-18 16:04:04,181 [pool-254-thread-1] INFO  segmented.SegmentedRaftLogWorker (SegmentedRaftLogWorker.java:<init>(172)) - new 29fde90f-65f3-4179-b334-ec735bc1e6ab-SegmentedRaftLogWorker:Storage Directory /workdir/hadoop-ozone/integration-test/target/test-dir/MiniOzoneClusterImpl-c717418d-2af0-42af-8782-89586fb16a72/datanode-3/data/ratis/276610e5-82c9-45f9-a6f5-a82706b55a33 for RaftStorage:Storage Directory /workdir/hadoop-ozone/integration-test/target/test-dir/MiniOzoneClusterImpl-c717418d-2af0-42af-8782-89586fb16a72/datanode-3/data/ratis/276610e5-82c9-45f9-a6f5-a82706b55a33
2019-09-18 16:04:04,181 [pool-254-thread-1] INFO  server.RaftServerConfigKeys (ConfUtils.java:logGet(43)) - raft.server.log.queue.byte-limit = 2147483647 (custom)
2019-09-18 16:04:04,181 [pool-254-thread-1] INFO  server.RaftServerConfigKeys (ConfUtils.java:logGet(43)) - raft.server.log.queue.element-limit = 1024 (custom)
2019-09-18 16:04:04,181 [pool-254-thread-1] INFO  server.RaftServerConfigKeys (ConfUtils.java:logGet(43)) - raft.server.log.segment.size.max = 1048576 (custom)
2019-09-18 16:04:04,181 [pool-254-thread-1] INFO  server.RaftServerConfigKeys (ConfUtils.java:logGet(43)) - raft.server.log.preallocated.size = 16384 (custom)
2019-09-18 16:04:04,182 [pool-254-thread-1] INFO  server.RaftServerConfigKeys (ConfUtils.java:logGet(43)) - raft.server.log.write.buffer.size = 33554432 (custom)
2019-09-18 16:04:04,182 [pool-254-thread-1] INFO  server.RaftServerConfigKeys (ConfUtils.java:logGet(43)) - raft.server.log.force.sync.num = 128 (default)
2019-09-18 16:04:04,182 [pool-254-thread-1] INFO  server.RaftServerConfigKeys (ConfUtils.java:logGet(43)) - raft.server.log.statemachine.data.sync = true (default)
2019-09-18 16:04:04,182 [pool-254-thread-1] INFO  server.RaftServerConfigKeys (ConfUtils.java:logGet(43)) - raft.server.log.statemachine.data.sync.timeout = 10s (default)
2019-09-18 16:04:04,182 [pool-254-thread-1] INFO  server.RaftServerConfigKeys (ConfUtils.java:logGet(43)) - raft.server.log.statemachine.data.sync.timeout.retry = -1 (default)
2019-09-18 16:04:04,182 [pool-254-thread-1] INFO  server.RaftServerConfigKeys (ConfUtils.java:logGet(43)) - raft.server.log.statemachine.data.caching.enabled = true (custom)
2019-09-18 16:04:04,182 [pool-254-thread-1] INFO  segmented.SegmentedRaftLogWorker (SegmentedRaftLogWorker.java:lambda$new$0(132)) - 29fde90f-65f3-4179-b334-ec735bc1e6ab-SegmentedRaftLogWorker:Storage Directory /workdir/hadoop-ozone/integration-test/target/test-dir/MiniOzoneClusterImpl-c717418d-2af0-42af-8782-89586fb16a72/datanode-3/data/ratis/276610e5-82c9-45f9-a6f5-a82706b55a33: flushIndex: setUnconditionally 0 -> -1
2019-09-18 16:04:04,183 [pool-254-thread-1] INFO  server.RaftServerConfigKeys (ConfUtils.java:logGet(43)) - raft.server.snapshot.auto.trigger.enabled = true (custom)
2019-09-18 16:04:04,183 [pool-254-thread-1] INFO  server.RaftServerConfigKeys (ConfUtils.java:logGet(43)) - raft.server.snapshot.auto.trigger.threshold = 10000 (custom)
2019-09-18 16:04:04,183 [pool-254-thread-1] INFO  server.RaftServerConfigKeys (ConfUtils.java:logGet(43)) - raft.server.retrycache.expirytime = 600000ms (custom)
2019-09-18 16:04:04,183 [pool-254-thread-1] INFO  impl.RaftServerImpl (RaftServerImpl.java:start(180)) - 29fde90f-65f3-4179-b334-ec735bc1e6ab: start group-A82706B55A33
2019-09-18 16:04:04,183 [pool-254-thread-1] INFO  impl.RaftServerImpl (RaftServerImpl.java:setRole(171)) - 29fde90f-65f3-4179-b334-ec735bc1e6ab:group-A82706B55A33 changes role from null to FOLLOWER at term 0 for startAsFollower
2019-09-18 16:04:04,183 [pool-254-thread-1] INFO  impl.RoleInfo (RoleInfo.java:updateAndGet(143)) - 29fde90f-65f3-4179-b334-ec735bc1e6ab: start FollowerState
2019-09-18 16:04:04,184 [pool-254-thread-1] INFO  util.JmxRegister (JmxRegister.java:tryRegister(44)) - Successfully registered JMX Bean with object name Ratis:service=RaftServer,group=group-A82706B55A33,id=29fde90f-65f3-4179-b334-ec735bc1e6ab
2019-09-18 16:04:04,188 [Command processor thread] INFO  commandhandler.CreatePipelineCommandHandler (CreatePipelineCommandHandler.java:handle(112)) - Create Pipeline RATIS ONE #PipelineID=276610e5-82c9-45f9-a6f5-a82706b55a33 command succeed on datanode 29fde90f-65f3-4179-b334-ec735bc1e6ab.
2019-09-18 16:04:04,194 [grpc-default-executor-0] INFO  impl.RaftServerProxy (RaftServerProxy.java:addNew(89)) - 29fde90f-65f3-4179-b334-ec735bc1e6ab: addNew group-7785287A5B5E:[29fde90f-65f3-4179-b334-ec735bc1e6ab:192.168.5.185:42053, 51519769-3f92-4b39-a98d-c9708c58c8a7:192.168.5.185:45986, af8ef8ac-d9e5-4930-bc45-5cd79380c82c:192.168.5.185:33737] returns group-7785287A5B5E:java.util.concurrent.CompletableFuture@1853733b[Not completed]
2019-09-18 16:04:04,195 [pool-254-thread-1] INFO  impl.RaftServerImpl (RaftServerImpl.java:<init>(93)) - 29fde90f-65f3-4179-b334-ec735bc1e6ab: new RaftServerImpl for group-7785287A5B5E:[29fde90f-65f3-4179-b334-ec735bc1e6ab:192.168.5.185:42053, 51519769-3f92-4b39-a98d-c9708c58c8a7:192.168.5.185:45986, af8ef8ac-d9e5-4930-bc45-5cd79380c82c:192.168.5.185:33737] with ContainerStateMachine:uninitialized
2019-09-18 16:04:04,195 [pool-254-thread-1] INFO  server.RaftServerConfigKeys (ConfUtils.java:logGet(43)) - raft.server.rpc.timeout.min = 5s (custom)
2019-09-18 16:04:04,195 [pool-254-thread-1] INFO  server.RaftServerConfigKeys (ConfUtils.java:logGet(43)) - raft.server.rpc.timeout.max = 5200ms (custom)
2019-09-18 16:04:04,195 [pool-254-thread-1] INFO  server.RaftServerConfigKeys (ConfUtils.java:logGet(43)) - raft.server.rpcslowness.timeout = 120s (custom)
2019-09-18 16:04:04,195 [pool-254-thread-1] INFO  server.RaftServerConfigKeys (ConfUtils.java:logGet(43)) - raft.server.sleep.deviation.threshold = 300 (default)
2019-09-18 16:04:04,195 [pool-254-thread-1] INFO  server.RaftServerConfigKeys (ConfUtils.java:logGet(43)) - raft.server.log.appender.install.snapshot.enabled = false (custom)
2019-09-18 16:04:04,196 [pool-254-thread-1] INFO  impl.RaftServerImpl (ServerState.java:<init>(105)) - 29fde90f-65f3-4179-b334-ec735bc1e6ab:group-7785287A5B5E ConfigurationManager, init=-1: [29fde90f-65f3-4179-b334-ec735bc1e6ab:192.168.5.185:42053, 51519769-3f92-4b39-a98d-c9708c58c8a7:192.168.5.185:45986, af8ef8ac-d9e5-4930-bc45-5cd79380c82c:192.168.5.185:33737], old=null, confs=<EMPTY_MAP>
2019-09-18 16:04:04,196 [pool-254-thread-1] INFO  server.RaftServerConfigKeys (ConfUtils.java:logGet(43)) - raft.server.storage.dir = [/workdir/hadoop-ozone/integration-test/target/test-dir/MiniOzoneClusterImpl-c717418d-2af0-42af-8782-89586fb16a72/datanode-3/data/ratis] (custom)
2019-09-18 16:04:04,196 [pool-254-thread-1] INFO  storage.RaftStorageDirectory (RaftStorageDirectory.java:analyzeStorage(246)) - The storage directory /workdir/hadoop-ozone/integration-test/target/test-dir/MiniOzoneClusterImpl-c717418d-2af0-42af-8782-89586fb16a72/datanode-3/data/ratis/f0ebc8e3-e8de-4b06-b728-7785287a5b5e does not exist. Creating ...
2019-09-18 16:04:04,213 [pool-254-thread-1] INFO  storage.RaftStorageDirectory (RaftStorageDirectory.java:tryLock(328)) - Lock on /workdir/hadoop-ozone/integration-test/target/test-dir/MiniOzoneClusterImpl-c717418d-2af0-42af-8782-89586fb16a72/datanode-3/data/ratis/f0ebc8e3-e8de-4b06-b728-7785287a5b5e/in_use.lock acquired by nodename 22108@pr-hdds-2034-lb7qt-2171347232
2019-09-18 16:04:04,239 [pool-254-thread-1] INFO  storage.RaftStorage (RaftStorage.java:format(72)) - Storage directory /workdir/hadoop-ozone/integration-test/target/test-dir/MiniOzoneClusterImpl-c717418d-2af0-42af-8782-89586fb16a72/datanode-3/data/ratis/f0ebc8e3-e8de-4b06-b728-7785287a5b5e has been successfully formatted.
2019-09-18 16:04:04,239 [pool-254-thread-1] INFO  ratis.ContainerStateMachine (ContainerStateMachine.java:loadSnapshot(226)) - group-7785287A5B5E: The snapshot info is null. Setting the last applied indexto:(t:0, i:~)
2019-09-18 16:04:04,239 [pool-254-thread-1] INFO  server.RaftServerConfigKeys (ConfUtils.java:logGet(43)) - raft.server.leader.election.timeout = 120s (custom)
2019-09-18 16:04:04,239 [pool-254-thread-1] INFO  server.RaftServerConfigKeys (ConfUtils.java:logGet(43)) - raft.server.log.use.memory = false (default)
2019-09-18 16:04:04,239 [pool-254-thread-1] INFO  server.RaftServerConfigKeys (ConfUtils.java:logGet(43)) - raft.server.log.purge.gap = 1000000 (custom)
2019-09-18 16:04:04,240 [pool-254-thread-1] INFO  server.RaftServerConfigKeys (ConfUtils.java:logGet(43)) - raft.server.log.appender.buffer.byte-limit = 33554432 (custom)
2019-09-18 16:04:04,240 [pool-254-thread-1] INFO  server.RaftServerConfigKeys (ConfUtils.java:logGet(43)) - raft.server.log.segment.size.max = 1048576 (custom)
2019-09-18 16:04:04,240 [pool-254-thread-1] INFO  server.RaftServerConfigKeys (ConfUtils.java:logGet(43)) - raft.server.log.segment.cache.num.max = 2 (custom)
2019-09-18 16:04:04,240 [pool-254-thread-1] INFO  segmented.SegmentedRaftLogWorker (SegmentedRaftLogWorker.java:<init>(172)) - new 29fde90f-65f3-4179-b334-ec735bc1e6ab-SegmentedRaftLogWorker:Storage Directory /workdir/hadoop-ozone/integration-test/target/test-dir/MiniOzoneClusterImpl-c717418d-2af0-42af-8782-89586fb16a72/datanode-3/data/ratis/f0ebc8e3-e8de-4b06-b728-7785287a5b5e for RaftStorage:Storage Directory /workdir/hadoop-ozone/integration-test/target/test-dir/MiniOzoneClusterImpl-c717418d-2af0-42af-8782-89586fb16a72/datanode-3/data/ratis/f0ebc8e3-e8de-4b06-b728-7785287a5b5e
2019-09-18 16:04:04,240 [pool-254-thread-1] INFO  server.RaftServerConfigKeys (ConfUtils.java:logGet(43)) - raft.server.log.queue.byte-limit = 2147483647 (custom)
2019-09-18 16:04:04,240 [pool-254-thread-1] INFO  server.RaftServerConfigKeys (ConfUtils.java:logGet(43)) - raft.server.log.queue.element-limit = 1024 (custom)
2019-09-18 16:04:04,240 [pool-254-thread-1] INFO  server.RaftServerConfigKeys (ConfUtils.java:logGet(43)) - raft.server.log.segment.size.max = 1048576 (custom)
2019-09-18 16:04:04,240 [pool-254-thread-1] INFO  server.RaftServerConfigKeys (ConfUtils.java:logGet(43)) - raft.server.log.preallocated.size = 16384 (custom)
2019-09-18 16:04:04,240 [pool-254-thread-1] INFO  server.RaftServerConfigKeys (ConfUtils.java:logGet(43)) - raft.server.log.write.buffer.size = 33554432 (custom)
2019-09-18 16:04:04,241 [pool-254-thread-1] INFO  server.RaftServerConfigKeys (ConfUtils.java:logGet(43)) - raft.server.log.force.sync.num = 128 (default)
2019-09-18 16:04:04,241 [pool-254-thread-1] INFO  server.RaftServerConfigKeys (ConfUtils.java:logGet(43)) - raft.server.log.statemachine.data.sync = true (default)
2019-09-18 16:04:04,241 [pool-254-thread-1] INFO  server.RaftServerConfigKeys (ConfUtils.java:logGet(43)) - raft.server.log.statemachine.data.sync.timeout = 10s (default)
2019-09-18 16:04:04,241 [pool-254-thread-1] INFO  server.RaftServerConfigKeys (ConfUtils.java:logGet(43)) - raft.server.log.statemachine.data.sync.timeout.retry = -1 (default)
2019-09-18 16:04:04,241 [pool-254-thread-1] INFO  server.RaftServerConfigKeys (ConfUtils.java:logGet(43)) - raft.server.log.statemachine.data.caching.enabled = true (custom)
2019-09-18 16:04:04,241 [pool-254-thread-1] INFO  segmented.SegmentedRaftLogWorker (SegmentedRaftLogWorker.java:lambda$new$0(132)) - 29fde90f-65f3-4179-b334-ec735bc1e6ab-SegmentedRaftLogWorker:Storage Directory /workdir/hadoop-ozone/integration-test/target/test-dir/MiniOzoneClusterImpl-c717418d-2af0-42af-8782-89586fb16a72/datanode-3/data/ratis/f0ebc8e3-e8de-4b06-b728-7785287a5b5e: flushIndex: setUnconditionally 0 -> -1
2019-09-18 16:04:04,242 [pool-254-thread-1] INFO  server.RaftServerConfigKeys (ConfUtils.java:logGet(43)) - raft.server.snapshot.auto.trigger.enabled = true (custom)
2019-09-18 16:04:04,242 [pool-254-thread-1] INFO  server.RaftServerConfigKeys (ConfUtils.java:logGet(43)) - raft.server.snapshot.auto.trigger.threshold = 10000 (custom)
2019-09-18 16:04:04,242 [pool-254-thread-1] INFO  server.RaftServerConfigKeys (ConfUtils.java:logGet(43)) - raft.server.retrycache.expirytime = 600000ms (custom)
2019-09-18 16:04:04,242 [pool-254-thread-1] INFO  impl.RaftServerImpl (RaftServerImpl.java:start(180)) - 29fde90f-65f3-4179-b334-ec735bc1e6ab: start group-7785287A5B5E
2019-09-18 16:04:04,242 [pool-254-thread-1] INFO  impl.RaftServerImpl (RaftServerImpl.java:setRole(171)) - 29fde90f-65f3-4179-b334-ec735bc1e6ab:group-7785287A5B5E changes role from null to FOLLOWER at term 0 for startAsFollower
2019-09-18 16:04:04,242 [pool-254-thread-1] INFO  impl.RoleInfo (RoleInfo.java:updateAndGet(143)) - 29fde90f-65f3-4179-b334-ec735bc1e6ab: start FollowerState
2019-09-18 16:04:04,243 [pool-254-thread-1] INFO  util.JmxRegister (JmxRegister.java:tryRegister(44)) - Successfully registered JMX Bean with object name Ratis:service=RaftServer,group=group-7785287A5B5E,id=29fde90f-65f3-4179-b334-ec735bc1e6ab
2019-09-18 16:04:04,247 [Command processor thread] INFO  commandhandler.CreatePipelineCommandHandler (CreatePipelineCommandHandler.java:handle(112)) - Create Pipeline RATIS THREE #PipelineID=f0ebc8e3-e8de-4b06-b728-7785287a5b5e command succeed on datanode 29fde90f-65f3-4179-b334-ec735bc1e6ab.
2019-09-18 16:04:04,460 | INFO  | SCMAudit | user=jenkins1000 | ip=192.168.5.185 | op=SEND_HEARTBEAT {datanodeUUID=b967ad35-fbe7-4f25-8554-0bf78a3d522c, command=[]} | ret=SUCCESS |  
2019-09-18 16:04:04,572 | INFO  | SCMAudit | user=jenkins1000 | ip=192.168.5.185 | op=SEND_HEARTBEAT {datanodeUUID=51519769-3f92-4b39-a98d-c9708c58c8a7, command=[]} | ret=SUCCESS |  
2019-09-18 16:04:04,579 [grpc-default-executor-0] INFO  impl.RaftServerProxy (RaftServerProxy.java:addNew(89)) - 51519769-3f92-4b39-a98d-c9708c58c8a7: addNew group-1792DB16EE99:[51519769-3f92-4b39-a98d-c9708c58c8a7:192.168.5.185:45986] returns group-1792DB16EE99:java.util.concurrent.CompletableFuture@481a4a5b[Not completed]
2019-09-18 16:04:04,580 [pool-265-thread-1] INFO  impl.RaftServerImpl (RaftServerImpl.java:<init>(93)) - 51519769-3f92-4b39-a98d-c9708c58c8a7: new RaftServerImpl for group-1792DB16EE99:[51519769-3f92-4b39-a98d-c9708c58c8a7:192.168.5.185:45986] with ContainerStateMachine:uninitialized
2019-09-18 16:04:04,581 [pool-265-thread-1] INFO  server.RaftServerConfigKeys (ConfUtils.java:logGet(43)) - raft.server.rpc.timeout.min = 5s (custom)
2019-09-18 16:04:04,581 [pool-265-thread-1] INFO  server.RaftServerConfigKeys (ConfUtils.java:logGet(43)) - raft.server.rpc.timeout.max = 5200ms (custom)
2019-09-18 16:04:04,581 [pool-265-thread-1] INFO  server.RaftServerConfigKeys (ConfUtils.java:logGet(43)) - raft.server.rpcslowness.timeout = 120s (custom)
2019-09-18 16:04:04,581 [pool-265-thread-1] INFO  server.RaftServerConfigKeys (ConfUtils.java:logGet(43)) - raft.server.sleep.deviation.threshold = 300 (default)
2019-09-18 16:04:04,581 [pool-265-thread-1] INFO  server.RaftServerConfigKeys (ConfUtils.java:logGet(43)) - raft.server.log.appender.install.snapshot.enabled = false (custom)
2019-09-18 16:04:04,581 [pool-265-thread-1] INFO  impl.RaftServerImpl (ServerState.java:<init>(105)) - 51519769-3f92-4b39-a98d-c9708c58c8a7:group-1792DB16EE99 ConfigurationManager, init=-1: [51519769-3f92-4b39-a98d-c9708c58c8a7:192.168.5.185:45986], old=null, confs=<EMPTY_MAP>
2019-09-18 16:04:04,581 [pool-265-thread-1] INFO  server.RaftServerConfigKeys (ConfUtils.java:logGet(43)) - raft.server.storage.dir = [/workdir/hadoop-ozone/integration-test/target/test-dir/MiniOzoneClusterImpl-c717418d-2af0-42af-8782-89586fb16a72/datanode-4/data/ratis] (custom)
2019-09-18 16:04:04,582 [pool-265-thread-1] INFO  storage.RaftStorageDirectory (RaftStorageDirectory.java:analyzeStorage(246)) - The storage directory /workdir/hadoop-ozone/integration-test/target/test-dir/MiniOzoneClusterImpl-c717418d-2af0-42af-8782-89586fb16a72/datanode-4/data/ratis/8dfbd8c2-bed5-4394-9e40-1792db16ee99 does not exist. Creating ...
2019-09-18 16:04:04,614 [pool-265-thread-1] INFO  storage.RaftStorageDirectory (RaftStorageDirectory.java:tryLock(328)) - Lock on /workdir/hadoop-ozone/integration-test/target/test-dir/MiniOzoneClusterImpl-c717418d-2af0-42af-8782-89586fb16a72/datanode-4/data/ratis/8dfbd8c2-bed5-4394-9e40-1792db16ee99/in_use.lock acquired by nodename 22108@pr-hdds-2034-lb7qt-2171347232
2019-09-18 16:04:04,631 [pool-265-thread-1] INFO  storage.RaftStorage (RaftStorage.java:format(72)) - Storage directory /workdir/hadoop-ozone/integration-test/target/test-dir/MiniOzoneClusterImpl-c717418d-2af0-42af-8782-89586fb16a72/datanode-4/data/ratis/8dfbd8c2-bed5-4394-9e40-1792db16ee99 has been successfully formatted.
2019-09-18 16:04:04,632 [pool-265-thread-1] INFO  ratis.ContainerStateMachine (ContainerStateMachine.java:loadSnapshot(226)) - group-1792DB16EE99: The snapshot info is null. Setting the last applied indexto:(t:0, i:~)
2019-09-18 16:04:04,632 [pool-265-thread-1] INFO  server.RaftServerConfigKeys (ConfUtils.java:logGet(43)) - raft.server.leader.election.timeout = 120s (custom)
2019-09-18 16:04:04,632 [pool-265-thread-1] INFO  server.RaftServerConfigKeys (ConfUtils.java:logGet(43)) - raft.server.log.use.memory = false (default)
2019-09-18 16:04:04,632 [pool-265-thread-1] INFO  server.RaftServerConfigKeys (ConfUtils.java:logGet(43)) - raft.server.log.purge.gap = 1000000 (custom)
2019-09-18 16:04:04,632 [pool-265-thread-1] INFO  server.RaftServerConfigKeys (ConfUtils.java:logGet(43)) - raft.server.log.appender.buffer.byte-limit = 33554432 (custom)
2019-09-18 16:04:04,632 [pool-265-thread-1] INFO  server.RaftServerConfigKeys (ConfUtils.java:logGet(43)) - raft.server.log.segment.size.max = 1048576 (custom)
2019-09-18 16:04:04,632 [pool-265-thread-1] INFO  server.RaftServerConfigKeys (ConfUtils.java:logGet(43)) - raft.server.log.segment.cache.num.max = 2 (custom)
2019-09-18 16:04:04,632 [pool-265-thread-1] INFO  segmented.SegmentedRaftLogWorker (SegmentedRaftLogWorker.java:<init>(172)) - new 51519769-3f92-4b39-a98d-c9708c58c8a7-SegmentedRaftLogWorker:Storage Directory /workdir/hadoop-ozone/integration-test/target/test-dir/MiniOzoneClusterImpl-c717418d-2af0-42af-8782-89586fb16a72/datanode-4/data/ratis/8dfbd8c2-bed5-4394-9e40-1792db16ee99 for RaftStorage:Storage Directory /workdir/hadoop-ozone/integration-test/target/test-dir/MiniOzoneClusterImpl-c717418d-2af0-42af-8782-89586fb16a72/datanode-4/data/ratis/8dfbd8c2-bed5-4394-9e40-1792db16ee99
2019-09-18 16:04:04,633 [pool-265-thread-1] INFO  server.RaftServerConfigKeys (ConfUtils.java:logGet(43)) - raft.server.log.queue.byte-limit = 2147483647 (custom)
2019-09-18 16:04:04,633 [pool-265-thread-1] INFO  server.RaftServerConfigKeys (ConfUtils.java:logGet(43)) - raft.server.log.queue.element-limit = 1024 (custom)
2019-09-18 16:04:04,633 [pool-265-thread-1] INFO  server.RaftServerConfigKeys (ConfUtils.java:logGet(43)) - raft.server.log.segment.size.max = 1048576 (custom)
2019-09-18 16:04:04,633 [pool-265-thread-1] INFO  server.RaftServerConfigKeys (ConfUtils.java:logGet(43)) - raft.server.log.preallocated.size = 16384 (custom)
2019-09-18 16:04:04,633 [pool-265-thread-1] INFO  server.RaftServerConfigKeys (ConfUtils.java:logGet(43)) - raft.server.log.write.buffer.size = 33554432 (custom)
2019-09-18 16:04:04,633 [pool-265-thread-1] INFO  server.RaftServerConfigKeys (ConfUtils.java:logGet(43)) - raft.server.log.force.sync.num = 128 (default)
2019-09-18 16:04:04,633 [pool-265-thread-1] INFO  server.RaftServerConfigKeys (ConfUtils.java:logGet(43)) - raft.server.log.statemachine.data.sync = true (default)
2019-09-18 16:04:04,634 [pool-265-thread-1] INFO  server.RaftServerConfigKeys (ConfUtils.java:logGet(43)) - raft.server.log.statemachine.data.sync.timeout = 10s (default)
2019-09-18 16:04:04,634 [pool-265-thread-1] INFO  server.RaftServerConfigKeys (ConfUtils.java:logGet(43)) - raft.server.log.statemachine.data.sync.timeout.retry = -1 (default)
2019-09-18 16:04:04,634 [pool-265-thread-1] INFO  server.RaftServerConfigKeys (ConfUtils.java:logGet(43)) - raft.server.log.statemachine.data.caching.enabled = true (custom)
2019-09-18 16:04:04,635 [pool-265-thread-1] INFO  segmented.SegmentedRaftLogWorker (SegmentedRaftLogWorker.java:lambda$new$0(132)) - 51519769-3f92-4b39-a98d-c9708c58c8a7-SegmentedRaftLogWorker:Storage Directory /workdir/hadoop-ozone/integration-test/target/test-dir/MiniOzoneClusterImpl-c717418d-2af0-42af-8782-89586fb16a72/datanode-4/data/ratis/8dfbd8c2-bed5-4394-9e40-1792db16ee99: flushIndex: setUnconditionally 0 -> -1
2019-09-18 16:04:04,635 [pool-265-thread-1] INFO  server.RaftServerConfigKeys (ConfUtils.java:logGet(43)) - raft.server.snapshot.auto.trigger.enabled = true (custom)
2019-09-18 16:04:04,635 [pool-265-thread-1] INFO  server.RaftServerConfigKeys (ConfUtils.java:logGet(43)) - raft.server.snapshot.auto.trigger.threshold = 10000 (custom)
2019-09-18 16:04:04,635 [pool-265-thread-1] INFO  server.RaftServerConfigKeys (ConfUtils.java:logGet(43)) - raft.server.retrycache.expirytime = 600000ms (custom)
2019-09-18 16:04:04,635 [pool-265-thread-1] INFO  impl.RaftServerImpl (RaftServerImpl.java:start(180)) - 51519769-3f92-4b39-a98d-c9708c58c8a7: start group-1792DB16EE99
2019-09-18 16:04:04,636 [pool-265-thread-1] INFO  impl.RaftServerImpl (RaftServerImpl.java:setRole(171)) - 51519769-3f92-4b39-a98d-c9708c58c8a7:group-1792DB16EE99 changes role from null to FOLLOWER at term 0 for startAsFollower
2019-09-18 16:04:04,636 [pool-265-thread-1] INFO  impl.RoleInfo (RoleInfo.java:updateAndGet(143)) - 51519769-3f92-4b39-a98d-c9708c58c8a7: start FollowerState
2019-09-18 16:04:04,636 [pool-265-thread-1] INFO  util.JmxRegister (JmxRegister.java:tryRegister(44)) - Successfully registered JMX Bean with object name Ratis:service=RaftServer,group=group-1792DB16EE99,id=51519769-3f92-4b39-a98d-c9708c58c8a7
2019-09-18 16:04:04,639 [Command processor thread] INFO  commandhandler.CreatePipelineCommandHandler (CreatePipelineCommandHandler.java:handle(112)) - Create Pipeline RATIS ONE #PipelineID=8dfbd8c2-bed5-4394-9e40-1792db16ee99 command succeed on datanode 51519769-3f92-4b39-a98d-c9708c58c8a7.
2019-09-18 16:04:04,645 [grpc-default-executor-0] INFO  impl.RaftServerProxy (RaftServerProxy.java:addNew(89)) - 51519769-3f92-4b39-a98d-c9708c58c8a7: addNew group-7785287A5B5E:[29fde90f-65f3-4179-b334-ec735bc1e6ab:192.168.5.185:42053, 51519769-3f92-4b39-a98d-c9708c58c8a7:192.168.5.185:45986, af8ef8ac-d9e5-4930-bc45-5cd79380c82c:192.168.5.185:33737] returns group-7785287A5B5E:java.util.concurrent.CompletableFuture@1e842762[Not completed]
2019-09-18 16:04:04,646 [pool-265-thread-1] INFO  impl.RaftServerImpl (RaftServerImpl.java:<init>(93)) - 51519769-3f92-4b39-a98d-c9708c58c8a7: new RaftServerImpl for group-7785287A5B5E:[29fde90f-65f3-4179-b334-ec735bc1e6ab:192.168.5.185:42053, 51519769-3f92-4b39-a98d-c9708c58c8a7:192.168.5.185:45986, af8ef8ac-d9e5-4930-bc45-5cd79380c82c:192.168.5.185:33737] with ContainerStateMachine:uninitialized
2019-09-18 16:04:04,646 [pool-265-thread-1] INFO  server.RaftServerConfigKeys (ConfUtils.java:logGet(43)) - raft.server.rpc.timeout.min = 5s (custom)
2019-09-18 16:04:04,646 [pool-265-thread-1] INFO  server.RaftServerConfigKeys (ConfUtils.java:logGet(43)) - raft.server.rpc.timeout.max = 5200ms (custom)
2019-09-18 16:04:04,646 [pool-265-thread-1] INFO  server.RaftServerConfigKeys (ConfUtils.java:logGet(43)) - raft.server.rpcslowness.timeout = 120s (custom)
2019-09-18 16:04:04,646 [pool-265-thread-1] INFO  server.RaftServerConfigKeys (ConfUtils.java:logGet(43)) - raft.server.sleep.deviation.threshold = 300 (default)
2019-09-18 16:04:04,646 [pool-265-thread-1] INFO  server.RaftServerConfigKeys (ConfUtils.java:logGet(43)) - raft.server.log.appender.install.snapshot.enabled = false (custom)
2019-09-18 16:04:04,646 [pool-265-thread-1] INFO  impl.RaftServerImpl (ServerState.java:<init>(105)) - 51519769-3f92-4b39-a98d-c9708c58c8a7:group-7785287A5B5E ConfigurationManager, init=-1: [29fde90f-65f3-4179-b334-ec735bc1e6ab:192.168.5.185:42053, 51519769-3f92-4b39-a98d-c9708c58c8a7:192.168.5.185:45986, af8ef8ac-d9e5-4930-bc45-5cd79380c82c:192.168.5.185:33737], old=null, confs=<EMPTY_MAP>
2019-09-18 16:04:04,646 [pool-265-thread-1] INFO  server.RaftServerConfigKeys (ConfUtils.java:logGet(43)) - raft.server.storage.dir = [/workdir/hadoop-ozone/integration-test/target/test-dir/MiniOzoneClusterImpl-c717418d-2af0-42af-8782-89586fb16a72/datanode-4/data/ratis] (custom)
2019-09-18 16:04:04,647 [pool-265-thread-1] INFO  storage.RaftStorageDirectory (RaftStorageDirectory.java:analyzeStorage(246)) - The storage directory /workdir/hadoop-ozone/integration-test/target/test-dir/MiniOzoneClusterImpl-c717418d-2af0-42af-8782-89586fb16a72/datanode-4/data/ratis/f0ebc8e3-e8de-4b06-b728-7785287a5b5e does not exist. Creating ...
2019-09-18 16:04:04,673 [pool-265-thread-1] INFO  storage.RaftStorageDirectory (RaftStorageDirectory.java:tryLock(328)) - Lock on /workdir/hadoop-ozone/integration-test/target/test-dir/MiniOzoneClusterImpl-c717418d-2af0-42af-8782-89586fb16a72/datanode-4/data/ratis/f0ebc8e3-e8de-4b06-b728-7785287a5b5e/in_use.lock acquired by nodename 22108@pr-hdds-2034-lb7qt-2171347232
2019-09-18 16:04:04,690 [pool-265-thread-1] INFO  storage.RaftStorage (RaftStorage.java:format(72)) - Storage directory /workdir/hadoop-ozone/integration-test/target/test-dir/MiniOzoneClusterImpl-c717418d-2af0-42af-8782-89586fb16a72/datanode-4/data/ratis/f0ebc8e3-e8de-4b06-b728-7785287a5b5e has been successfully formatted.
2019-09-18 16:04:04,691 [pool-265-thread-1] INFO  ratis.ContainerStateMachine (ContainerStateMachine.java:loadSnapshot(226)) - group-7785287A5B5E: The snapshot info is null. Setting the last applied indexto:(t:0, i:~)
2019-09-18 16:04:04,691 [pool-265-thread-1] INFO  server.RaftServerConfigKeys (ConfUtils.java:logGet(43)) - raft.server.leader.election.timeout = 120s (custom)
2019-09-18 16:04:04,691 [pool-265-thread-1] INFO  server.RaftServerConfigKeys (ConfUtils.java:logGet(43)) - raft.server.log.use.memory = false (default)
2019-09-18 16:04:04,691 [pool-265-thread-1] INFO  server.RaftServerConfigKeys (ConfUtils.java:logGet(43)) - raft.server.log.purge.gap = 1000000 (custom)
2019-09-18 16:04:04,691 [pool-265-thread-1] INFO  server.RaftServerConfigKeys (ConfUtils.java:logGet(43)) - raft.server.log.appender.buffer.byte-limit = 33554432 (custom)
2019-09-18 16:04:04,691 [pool-265-thread-1] INFO  server.RaftServerConfigKeys (ConfUtils.java:logGet(43)) - raft.server.log.segment.size.max = 1048576 (custom)
2019-09-18 16:04:04,691 [pool-265-thread-1] INFO  server.RaftServerConfigKeys (ConfUtils.java:logGet(43)) - raft.server.log.segment.cache.num.max = 2 (custom)
2019-09-18 16:04:04,691 [pool-265-thread-1] INFO  segmented.SegmentedRaftLogWorker (SegmentedRaftLogWorker.java:<init>(172)) - new 51519769-3f92-4b39-a98d-c9708c58c8a7-SegmentedRaftLogWorker:Storage Directory /workdir/hadoop-ozone/integration-test/target/test-dir/MiniOzoneClusterImpl-c717418d-2af0-42af-8782-89586fb16a72/datanode-4/data/ratis/f0ebc8e3-e8de-4b06-b728-7785287a5b5e for RaftStorage:Storage Directory /workdir/hadoop-ozone/integration-test/target/test-dir/MiniOzoneClusterImpl-c717418d-2af0-42af-8782-89586fb16a72/datanode-4/data/ratis/f0ebc8e3-e8de-4b06-b728-7785287a5b5e
2019-09-18 16:04:04,692 [pool-265-thread-1] INFO  server.RaftServerConfigKeys (ConfUtils.java:logGet(43)) - raft.server.log.queue.byte-limit = 2147483647 (custom)
2019-09-18 16:04:04,692 [pool-265-thread-1] INFO  server.RaftServerConfigKeys (ConfUtils.java:logGet(43)) - raft.server.log.queue.element-limit = 1024 (custom)
2019-09-18 16:04:04,692 [pool-265-thread-1] INFO  server.RaftServerConfigKeys (ConfUtils.java:logGet(43)) - raft.server.log.segment.size.max = 1048576 (custom)
2019-09-18 16:04:04,692 [pool-265-thread-1] INFO  server.RaftServerConfigKeys (ConfUtils.java:logGet(43)) - raft.server.log.preallocated.size = 16384 (custom)
2019-09-18 16:04:04,692 [pool-265-thread-1] INFO  server.RaftServerConfigKeys (ConfUtils.java:logGet(43)) - raft.server.log.write.buffer.size = 33554432 (custom)
2019-09-18 16:04:04,692 [pool-265-thread-1] INFO  server.RaftServerConfigKeys (ConfUtils.java:logGet(43)) - raft.server.log.force.sync.num = 128 (default)
2019-09-18 16:04:04,692 [pool-265-thread-1] INFO  server.RaftServerConfigKeys (ConfUtils.java:logGet(43)) - raft.server.log.statemachine.data.sync = true (default)
2019-09-18 16:04:04,692 [pool-265-thread-1] INFO  server.RaftServerConfigKeys (ConfUtils.java:logGet(43)) - raft.server.log.statemachine.data.sync.timeout = 10s (default)
2019-09-18 16:04:04,692 [pool-265-thread-1] INFO  server.RaftServerConfigKeys (ConfUtils.java:logGet(43)) - raft.server.log.statemachine.data.sync.timeout.retry = -1 (default)
2019-09-18 16:04:04,693 [pool-265-thread-1] INFO  server.RaftServerConfigKeys (ConfUtils.java:logGet(43)) - raft.server.log.statemachine.data.caching.enabled = true (custom)
2019-09-18 16:04:04,693 [pool-265-thread-1] INFO  segmented.SegmentedRaftLogWorker (SegmentedRaftLogWorker.java:lambda$new$0(132)) - 51519769-3f92-4b39-a98d-c9708c58c8a7-SegmentedRaftLogWorker:Storage Directory /workdir/hadoop-ozone/integration-test/target/test-dir/MiniOzoneClusterImpl-c717418d-2af0-42af-8782-89586fb16a72/datanode-4/data/ratis/f0ebc8e3-e8de-4b06-b728-7785287a5b5e: flushIndex: setUnconditionally 0 -> -1
2019-09-18 16:04:04,693 [pool-265-thread-1] INFO  server.RaftServerConfigKeys (ConfUtils.java:logGet(43)) - raft.server.snapshot.auto.trigger.enabled = true (custom)
2019-09-18 16:04:04,693 [pool-265-thread-1] INFO  server.RaftServerConfigKeys (ConfUtils.java:logGet(43)) - raft.server.snapshot.auto.trigger.threshold = 10000 (custom)
2019-09-18 16:04:04,693 [pool-265-thread-1] INFO  server.RaftServerConfigKeys (ConfUtils.java:logGet(43)) - raft.server.retrycache.expirytime = 600000ms (custom)
2019-09-18 16:04:04,694 [pool-265-thread-1] INFO  impl.RaftServerImpl (RaftServerImpl.java:start(180)) - 51519769-3f92-4b39-a98d-c9708c58c8a7: start group-7785287A5B5E
2019-09-18 16:04:04,694 [pool-265-thread-1] INFO  impl.RaftServerImpl (RaftServerImpl.java:setRole(171)) - 51519769-3f92-4b39-a98d-c9708c58c8a7:group-7785287A5B5E changes role from null to FOLLOWER at term 0 for startAsFollower
2019-09-18 16:04:04,694 [pool-265-thread-1] INFO  impl.RoleInfo (RoleInfo.java:updateAndGet(143)) - 51519769-3f92-4b39-a98d-c9708c58c8a7: start FollowerState
2019-09-18 16:04:04,694 [pool-265-thread-1] INFO  util.JmxRegister (JmxRegister.java:tryRegister(44)) - Successfully registered JMX Bean with object name Ratis:service=RaftServer,group=group-7785287A5B5E,id=51519769-3f92-4b39-a98d-c9708c58c8a7
2019-09-18 16:04:04,701 [Command processor thread] INFO  commandhandler.CreatePipelineCommandHandler (CreatePipelineCommandHandler.java:handle(112)) - Create Pipeline RATIS THREE #PipelineID=f0ebc8e3-e8de-4b06-b728-7785287a5b5e command succeed on datanode 51519769-3f92-4b39-a98d-c9708c58c8a7.
2019-09-18 16:04:04,702 | INFO  | SCMAudit | user=jenkins1000 | ip=192.168.5.185 | op=SEND_HEARTBEAT {datanodeUUID=c3ebd7c4-785c-44df-867b-40d40a93f6b6, command=[]} | ret=SUCCESS |  
2019-09-18 16:04:04,705 [EventQueue-CreatePipelineStatusForSCMPipelineManager] INFO  pipeline.SCMPipelineManager (SCMPipelineManager.java:onMessage(469)) - receive pipeline PipelineID=d0b92187-fd92-4537-9987-aa92d0ed21ca create status EXECUTED
2019-09-18 16:04:04,705 [EventQueue-CreatePipelineStatusForSCMPipelineManager] INFO  pipeline.PipelineStateManager (PipelineStateManager.java:openPipeline(134)) - Pipeline Pipeline[ Id: d0b92187-fd92-4537-9987-aa92d0ed21ca, Nodes: b967ad35-fbe7-4f25-8554-0bf78a3d522c{ip: 192.168.5.185, host: pr-hdds-2034-lb7qt-2171347232, networkLocation: /default-rack, certSerialId: null}c3ebd7c4-785c-44df-867b-40d40a93f6b6{ip: 192.168.5.185, host: pr-hdds-2034-lb7qt-2171347232, networkLocation: /default-rack, certSerialId: null}3c1188b2-d9c4-43c4-a064-8074509344be{ip: 192.168.5.185, host: pr-hdds-2034-lb7qt-2171347232, networkLocation: /default-rack, certSerialId: null}, Type:RATIS, Factor:THREE, State:ALLOCATED] moved to OPEN state
add pipeline PipelineID=d0b92187-fd92-4537-9987-aa92d0ed21ca to metrics map
2019-09-18 16:04:04,706 [EventQueue-CreatePipelineStatusForSCMPipelineManager] INFO  pipeline.SCMPipelineManager (SCMPipelineManager.java:onMessage(469)) - receive pipeline PipelineID=cc3ead6b-9e75-413a-9899-9f229a982767 create status EXECUTED
2019-09-18 16:04:04,706 [EventQueue-NewOpenPipelineForHealthyPipelineSafeModeRule] INFO  safemode.SCMSafeModeManager (HealthyPipelineSafeModeRule.java:process(120)) - SCM in safe mode. Healthy pipelines reported count is 1, required healthy pipeline reported count is 1
2019-09-18 16:04:04,706 [EventQueue-CreatePipelineStatusForSCMPipelineManager] INFO  pipeline.PipelineStateManager (PipelineStateManager.java:openPipeline(134)) - Pipeline Pipeline[ Id: cc3ead6b-9e75-413a-9899-9f229a982767, Nodes: c3ebd7c4-785c-44df-867b-40d40a93f6b6{ip: 192.168.5.185, host: pr-hdds-2034-lb7qt-2171347232, networkLocation: /default-rack, certSerialId: null}, Type:RATIS, Factor:ONE, State:ALLOCATED] moved to OPEN state
add pipeline PipelineID=cc3ead6b-9e75-413a-9899-9f229a982767 to metrics map
2019-09-18 16:04:04,706 [EventQueue-NewOpenPipelineForHealthyPipelineSafeModeRule] INFO  safemode.SCMSafeModeManager (SCMSafeModeManager.java:validateSafeModeExitRules(177)) - ScmSafeModeManager, all rules are successfully validated
2019-09-18 16:04:04,707 [EventQueue-NewOpenPipelineForHealthyPipelineSafeModeRule] INFO  safemode.SCMSafeModeManager (SCMSafeModeManager.java:exitSafeMode(193)) - SCM exiting safe mode.
2019-09-18 16:04:04,707 [EventQueue-NewOpenPipelineForOneReplicaPipelineSafeModeRule] INFO  safemode.SCMSafeModeManager (SCMSafeModeManager.java:validateSafeModeExitRules(177)) - ScmSafeModeManager, all rules are successfully validated
2019-09-18 16:04:04,707 [EventQueue-NewOpenPipelineForOneReplicaPipelineSafeModeRule] INFO  safemode.SCMSafeModeManager (SCMSafeModeManager.java:exitSafeMode(193)) - SCM exiting safe mode.
2019-09-18 16:04:04,828 | INFO  | SCMAudit | user=jenkins1000 | ip=192.168.5.185 | op=SEND_HEARTBEAT {datanodeUUID=af8ef8ac-d9e5-4930-bc45-5cd79380c82c, command=[]} | ret=SUCCESS |  
2019-09-18 16:04:04,847 [grpc-default-executor-0] INFO  impl.RaftServerProxy (RaftServerProxy.java:addNew(89)) - af8ef8ac-d9e5-4930-bc45-5cd79380c82c: addNew group-84F31272AB22:[af8ef8ac-d9e5-4930-bc45-5cd79380c82c:192.168.5.185:33737] returns group-84F31272AB22:java.util.concurrent.CompletableFuture@6b318533[Not completed]
2019-09-18 16:04:04,849 [pool-276-thread-1] INFO  impl.RaftServerImpl (RaftServerImpl.java:<init>(93)) - af8ef8ac-d9e5-4930-bc45-5cd79380c82c: new RaftServerImpl for group-84F31272AB22:[af8ef8ac-d9e5-4930-bc45-5cd79380c82c:192.168.5.185:33737] with ContainerStateMachine:uninitialized
2019-09-18 16:04:04,849 [pool-276-thread-1] INFO  server.RaftServerConfigKeys (ConfUtils.java:logGet(43)) - raft.server.rpc.timeout.min = 5s (custom)
2019-09-18 16:04:04,849 [pool-276-thread-1] INFO  server.RaftServerConfigKeys (ConfUtils.java:logGet(43)) - raft.server.rpc.timeout.max = 5200ms (custom)
2019-09-18 16:04:04,849 [pool-276-thread-1] INFO  server.RaftServerConfigKeys (ConfUtils.java:logGet(43)) - raft.server.rpcslowness.timeout = 120s (custom)
2019-09-18 16:04:04,849 [pool-276-thread-1] INFO  server.RaftServerConfigKeys (ConfUtils.java:logGet(43)) - raft.server.sleep.deviation.threshold = 300 (default)
2019-09-18 16:04:04,849 [pool-276-thread-1] INFO  server.RaftServerConfigKeys (ConfUtils.java:logGet(43)) - raft.server.log.appender.install.snapshot.enabled = false (custom)
2019-09-18 16:04:04,850 [pool-276-thread-1] INFO  impl.RaftServerImpl (ServerState.java:<init>(105)) - af8ef8ac-d9e5-4930-bc45-5cd79380c82c:group-84F31272AB22 ConfigurationManager, init=-1: [af8ef8ac-d9e5-4930-bc45-5cd79380c82c:192.168.5.185:33737], old=null, confs=<EMPTY_MAP>
2019-09-18 16:04:04,850 [pool-276-thread-1] INFO  server.RaftServerConfigKeys (ConfUtils.java:logGet(43)) - raft.server.storage.dir = [/workdir/hadoop-ozone/integration-test/target/test-dir/MiniOzoneClusterImpl-c717418d-2af0-42af-8782-89586fb16a72/datanode-5/data/ratis] (custom)
2019-09-18 16:04:04,850 [pool-276-thread-1] INFO  storage.RaftStorageDirectory (RaftStorageDirectory.java:analyzeStorage(246)) - The storage directory /workdir/hadoop-ozone/integration-test/target/test-dir/MiniOzoneClusterImpl-c717418d-2af0-42af-8782-89586fb16a72/datanode-5/data/ratis/f5261716-ef2c-4b7f-8245-84f31272ab22 does not exist. Creating ...
2019-09-18 16:04:04,891 [pool-276-thread-1] INFO  storage.RaftStorageDirectory (RaftStorageDirectory.java:tryLock(328)) - Lock on /workdir/hadoop-ozone/integration-test/target/test-dir/MiniOzoneClusterImpl-c717418d-2af0-42af-8782-89586fb16a72/datanode-5/data/ratis/f5261716-ef2c-4b7f-8245-84f31272ab22/in_use.lock acquired by nodename 22108@pr-hdds-2034-lb7qt-2171347232
2019-09-18 16:04:04,911 | INFO  | SCMAudit | user=jenkins1000 | ip=192.168.5.185 | op=SEND_HEARTBEAT {datanodeUUID=3c1188b2-d9c4-43c4-a064-8074509344be, command=[]} | ret=SUCCESS |  
2019-09-18 16:04:04,911 [EventQueue-CreatePipelineStatusForSCMPipelineManager] INFO  pipeline.SCMPipelineManager (SCMPipelineManager.java:onMessage(469)) - receive pipeline PipelineID=f36b64ef-a378-4e67-9147-86bb392378bd create status EXECUTED
2019-09-18 16:04:04,911 [EventQueue-CreatePipelineStatusForSCMPipelineManager] INFO  pipeline.PipelineStateManager (PipelineStateManager.java:openPipeline(134)) - Pipeline Pipeline[ Id: f36b64ef-a378-4e67-9147-86bb392378bd, Nodes: 3c1188b2-d9c4-43c4-a064-8074509344be{ip: 192.168.5.185, host: pr-hdds-2034-lb7qt-2171347232, networkLocation: /default-rack, certSerialId: null}, Type:RATIS, Factor:ONE, State:ALLOCATED] moved to OPEN state
add pipeline PipelineID=f36b64ef-a378-4e67-9147-86bb392378bd to metrics map
2019-09-18 16:04:04,912 [EventQueue-CreatePipelineStatusForSCMPipelineManager] INFO  pipeline.SCMPipelineManager (SCMPipelineManager.java:onMessage(469)) - receive pipeline PipelineID=d0b92187-fd92-4537-9987-aa92d0ed21ca create status EXECUTED
2019-09-18 16:04:04,924 [pool-276-thread-1] INFO  storage.RaftStorage (RaftStorage.java:format(72)) - Storage directory /workdir/hadoop-ozone/integration-test/target/test-dir/MiniOzoneClusterImpl-c717418d-2af0-42af-8782-89586fb16a72/datanode-5/data/ratis/f5261716-ef2c-4b7f-8245-84f31272ab22 has been successfully formatted.
2019-09-18 16:04:04,925 [pool-276-thread-1] INFO  ratis.ContainerStateMachine (ContainerStateMachine.java:loadSnapshot(226)) - group-84F31272AB22: The snapshot info is null. Setting the last applied indexto:(t:0, i:~)
2019-09-18 16:04:04,925 [pool-276-thread-1] INFO  server.RaftServerConfigKeys (ConfUtils.java:logGet(43)) - raft.server.leader.election.timeout = 120s (custom)
2019-09-18 16:04:04,925 [pool-276-thread-1] INFO  server.RaftServerConfigKeys (ConfUtils.java:logGet(43)) - raft.server.log.use.memory = false (default)
2019-09-18 16:04:04,925 [pool-276-thread-1] INFO  server.RaftServerConfigKeys (ConfUtils.java:logGet(43)) - raft.server.log.purge.gap = 1000000 (custom)
2019-09-18 16:04:04,925 [pool-276-thread-1] INFO  server.RaftServerConfigKeys (ConfUtils.java:logGet(43)) - raft.server.log.appender.buffer.byte-limit = 33554432 (custom)
2019-09-18 16:04:04,926 [pool-276-thread-1] INFO  server.RaftServerConfigKeys (ConfUtils.java:logGet(43)) - raft.server.log.segment.size.max = 1048576 (custom)
2019-09-18 16:04:04,926 [pool-276-thread-1] INFO  server.RaftServerConfigKeys (ConfUtils.java:logGet(43)) - raft.server.log.segment.cache.num.max = 2 (custom)
2019-09-18 16:04:04,926 [pool-276-thread-1] INFO  segmented.SegmentedRaftLogWorker (SegmentedRaftLogWorker.java:<init>(172)) - new af8ef8ac-d9e5-4930-bc45-5cd79380c82c-SegmentedRaftLogWorker:Storage Directory /workdir/hadoop-ozone/integration-test/target/test-dir/MiniOzoneClusterImpl-c717418d-2af0-42af-8782-89586fb16a72/datanode-5/data/ratis/f5261716-ef2c-4b7f-8245-84f31272ab22 for RaftStorage:Storage Directory /workdir/hadoop-ozone/integration-test/target/test-dir/MiniOzoneClusterImpl-c717418d-2af0-42af-8782-89586fb16a72/datanode-5/data/ratis/f5261716-ef2c-4b7f-8245-84f31272ab22
2019-09-18 16:04:04,926 [pool-276-thread-1] INFO  server.RaftServerConfigKeys (ConfUtils.java:logGet(43)) - raft.server.log.queue.byte-limit = 2147483647 (custom)
2019-09-18 16:04:04,926 [pool-276-thread-1] INFO  server.RaftServerConfigKeys (ConfUtils.java:logGet(43)) - raft.server.log.queue.element-limit = 1024 (custom)
2019-09-18 16:04:04,926 [pool-276-thread-1] INFO  server.RaftServerConfigKeys (ConfUtils.java:logGet(43)) - raft.server.log.segment.size.max = 1048576 (custom)
2019-09-18 16:04:04,926 [pool-276-thread-1] INFO  server.RaftServerConfigKeys (ConfUtils.java:logGet(43)) - raft.server.log.preallocated.size = 16384 (custom)
2019-09-18 16:04:04,927 [pool-276-thread-1] INFO  server.RaftServerConfigKeys (ConfUtils.java:logGet(43)) - raft.server.log.write.buffer.size = 33554432 (custom)
2019-09-18 16:04:04,927 [pool-276-thread-1] INFO  server.RaftServerConfigKeys (ConfUtils.java:logGet(43)) - raft.server.log.force.sync.num = 128 (default)
2019-09-18 16:04:04,927 [pool-276-thread-1] INFO  server.RaftServerConfigKeys (ConfUtils.java:logGet(43)) - raft.server.log.statemachine.data.sync = true (default)
2019-09-18 16:04:04,927 [pool-276-thread-1] INFO  server.RaftServerConfigKeys (ConfUtils.java:logGet(43)) - raft.server.log.statemachine.data.sync.timeout = 10s (default)
2019-09-18 16:04:04,927 [pool-276-thread-1] INFO  server.RaftServerConfigKeys (ConfUtils.java:logGet(43)) - raft.server.log.statemachine.data.sync.timeout.retry = -1 (default)
2019-09-18 16:04:04,927 [pool-276-thread-1] INFO  server.RaftServerConfigKeys (ConfUtils.java:logGet(43)) - raft.server.log.statemachine.data.caching.enabled = true (custom)
2019-09-18 16:04:04,927 [pool-276-thread-1] INFO  segmented.SegmentedRaftLogWorker (SegmentedRaftLogWorker.java:lambda$new$0(132)) - af8ef8ac-d9e5-4930-bc45-5cd79380c82c-SegmentedRaftLogWorker:Storage Directory /workdir/hadoop-ozone/integration-test/target/test-dir/MiniOzoneClusterImpl-c717418d-2af0-42af-8782-89586fb16a72/datanode-5/data/ratis/f5261716-ef2c-4b7f-8245-84f31272ab22: flushIndex: setUnconditionally 0 -> -1
2019-09-18 16:04:04,928 [pool-276-thread-1] INFO  server.RaftServerConfigKeys (ConfUtils.java:logGet(43)) - raft.server.snapshot.auto.trigger.enabled = true (custom)
2019-09-18 16:04:04,928 [pool-276-thread-1] INFO  server.RaftServerConfigKeys (ConfUtils.java:logGet(43)) - raft.server.snapshot.auto.trigger.threshold = 10000 (custom)
2019-09-18 16:04:04,928 [pool-276-thread-1] INFO  server.RaftServerConfigKeys (ConfUtils.java:logGet(43)) - raft.server.retrycache.expirytime = 600000ms (custom)
2019-09-18 16:04:04,928 [pool-276-thread-1] INFO  impl.RaftServerImpl (RaftServerImpl.java:start(180)) - af8ef8ac-d9e5-4930-bc45-5cd79380c82c: start group-84F31272AB22
2019-09-18 16:04:04,928 [pool-276-thread-1] INFO  impl.RaftServerImpl (RaftServerImpl.java:setRole(171)) - af8ef8ac-d9e5-4930-bc45-5cd79380c82c:group-84F31272AB22 changes role from null to FOLLOWER at term 0 for startAsFollower
2019-09-18 16:04:04,928 [pool-276-thread-1] INFO  impl.RoleInfo (RoleInfo.java:updateAndGet(143)) - af8ef8ac-d9e5-4930-bc45-5cd79380c82c: start FollowerState
2019-09-18 16:04:04,929 [pool-276-thread-1] INFO  util.JmxRegister (JmxRegister.java:tryRegister(44)) - Successfully registered JMX Bean with object name Ratis:service=RaftServer,group=group-84F31272AB22,id=af8ef8ac-d9e5-4930-bc45-5cd79380c82c
2019-09-18 16:04:04,934 [Command processor thread] INFO  commandhandler.CreatePipelineCommandHandler (CreatePipelineCommandHandler.java:handle(112)) - Create Pipeline RATIS ONE #PipelineID=f5261716-ef2c-4b7f-8245-84f31272ab22 command succeed on datanode af8ef8ac-d9e5-4930-bc45-5cd79380c82c.
2019-09-18 16:04:04,942 [grpc-default-executor-0] INFO  impl.RaftServerProxy (RaftServerProxy.java:addNew(89)) - af8ef8ac-d9e5-4930-bc45-5cd79380c82c: addNew group-7785287A5B5E:[29fde90f-65f3-4179-b334-ec735bc1e6ab:192.168.5.185:42053, 51519769-3f92-4b39-a98d-c9708c58c8a7:192.168.5.185:45986, af8ef8ac-d9e5-4930-bc45-5cd79380c82c:192.168.5.185:33737] returns group-7785287A5B5E:java.util.concurrent.CompletableFuture@50191d27[Not completed]
2019-09-18 16:04:04,943 [pool-276-thread-1] INFO  impl.RaftServerImpl (RaftServerImpl.java:<init>(93)) - af8ef8ac-d9e5-4930-bc45-5cd79380c82c: new RaftServerImpl for group-7785287A5B5E:[29fde90f-65f3-4179-b334-ec735bc1e6ab:192.168.5.185:42053, 51519769-3f92-4b39-a98d-c9708c58c8a7:192.168.5.185:45986, af8ef8ac-d9e5-4930-bc45-5cd79380c82c:192.168.5.185:33737] with ContainerStateMachine:uninitialized
2019-09-18 16:04:04,943 [pool-276-thread-1] INFO  server.RaftServerConfigKeys (ConfUtils.java:logGet(43)) - raft.server.rpc.timeout.min = 5s (custom)
2019-09-18 16:04:04,943 [pool-276-thread-1] INFO  server.RaftServerConfigKeys (ConfUtils.java:logGet(43)) - raft.server.rpc.timeout.max = 5200ms (custom)
2019-09-18 16:04:04,943 [pool-276-thread-1] INFO  server.RaftServerConfigKeys (ConfUtils.java:logGet(43)) - raft.server.rpcslowness.timeout = 120s (custom)
2019-09-18 16:04:04,944 [pool-276-thread-1] INFO  server.RaftServerConfigKeys (ConfUtils.java:logGet(43)) - raft.server.sleep.deviation.threshold = 300 (default)
2019-09-18 16:04:04,944 [pool-276-thread-1] INFO  server.RaftServerConfigKeys (ConfUtils.java:logGet(43)) - raft.server.log.appender.install.snapshot.enabled = false (custom)
2019-09-18 16:04:04,944 [pool-276-thread-1] INFO  impl.RaftServerImpl (ServerState.java:<init>(105)) - af8ef8ac-d9e5-4930-bc45-5cd79380c82c:group-7785287A5B5E ConfigurationManager, init=-1: [29fde90f-65f3-4179-b334-ec735bc1e6ab:192.168.5.185:42053, 51519769-3f92-4b39-a98d-c9708c58c8a7:192.168.5.185:45986, af8ef8ac-d9e5-4930-bc45-5cd79380c82c:192.168.5.185:33737], old=null, confs=<EMPTY_MAP>
2019-09-18 16:04:04,944 [pool-276-thread-1] INFO  server.RaftServerConfigKeys (ConfUtils.java:logGet(43)) - raft.server.storage.dir = [/workdir/hadoop-ozone/integration-test/target/test-dir/MiniOzoneClusterImpl-c717418d-2af0-42af-8782-89586fb16a72/datanode-5/data/ratis] (custom)
2019-09-18 16:04:04,944 [pool-276-thread-1] INFO  storage.RaftStorageDirectory (RaftStorageDirectory.java:analyzeStorage(246)) - The storage directory /workdir/hadoop-ozone/integration-test/target/test-dir/MiniOzoneClusterImpl-c717418d-2af0-42af-8782-89586fb16a72/datanode-5/data/ratis/f0ebc8e3-e8de-4b06-b728-7785287a5b5e does not exist. Creating ...
2019-09-18 16:04:04,966 [pool-276-thread-1] INFO  storage.RaftStorageDirectory (RaftStorageDirectory.java:tryLock(328)) - Lock on /workdir/hadoop-ozone/integration-test/target/test-dir/MiniOzoneClusterImpl-c717418d-2af0-42af-8782-89586fb16a72/datanode-5/data/ratis/f0ebc8e3-e8de-4b06-b728-7785287a5b5e/in_use.lock acquired by nodename 22108@pr-hdds-2034-lb7qt-2171347232
2019-09-18 16:04:04,992 [pool-276-thread-1] INFO  storage.RaftStorage (RaftStorage.java:format(72)) - Storage directory /workdir/hadoop-ozone/integration-test/target/test-dir/MiniOzoneClusterImpl-c717418d-2af0-42af-8782-89586fb16a72/datanode-5/data/ratis/f0ebc8e3-e8de-4b06-b728-7785287a5b5e has been successfully formatted.
2019-09-18 16:04:04,992 [pool-276-thread-1] INFO  ratis.ContainerStateMachine (ContainerStateMachine.java:loadSnapshot(226)) - group-7785287A5B5E: The snapshot info is null. Setting the last applied indexto:(t:0, i:~)
2019-09-18 16:04:04,992 [pool-276-thread-1] INFO  server.RaftServerConfigKeys (ConfUtils.java:logGet(43)) - raft.server.leader.election.timeout = 120s (custom)
2019-09-18 16:04:04,992 [pool-276-thread-1] INFO  server.RaftServerConfigKeys (ConfUtils.java:logGet(43)) - raft.server.log.use.memory = false (default)
2019-09-18 16:04:04,993 [pool-276-thread-1] INFO  server.RaftServerConfigKeys (ConfUtils.java:logGet(43)) - raft.server.log.purge.gap = 1000000 (custom)
2019-09-18 16:04:04,993 [pool-276-thread-1] INFO  server.RaftServerConfigKeys (ConfUtils.java:logGet(43)) - raft.server.log.appender.buffer.byte-limit = 33554432 (custom)
2019-09-18 16:04:04,993 [pool-276-thread-1] INFO  server.RaftServerConfigKeys (ConfUtils.java:logGet(43)) - raft.server.log.segment.size.max = 1048576 (custom)
2019-09-18 16:04:04,993 [pool-276-thread-1] INFO  server.RaftServerConfigKeys (ConfUtils.java:logGet(43)) - raft.server.log.segment.cache.num.max = 2 (custom)
2019-09-18 16:04:04,993 [pool-276-thread-1] INFO  segmented.SegmentedRaftLogWorker (SegmentedRaftLogWorker.java:<init>(172)) - new af8ef8ac-d9e5-4930-bc45-5cd79380c82c-SegmentedRaftLogWorker:Storage Directory /workdir/hadoop-ozone/integration-test/target/test-dir/MiniOzoneClusterImpl-c717418d-2af0-42af-8782-89586fb16a72/datanode-5/data/ratis/f0ebc8e3-e8de-4b06-b728-7785287a5b5e for RaftStorage:Storage Directory /workdir/hadoop-ozone/integration-test/target/test-dir/MiniOzoneClusterImpl-c717418d-2af0-42af-8782-89586fb16a72/datanode-5/data/ratis/f0ebc8e3-e8de-4b06-b728-7785287a5b5e
2019-09-18 16:04:04,993 [pool-276-thread-1] INFO  server.RaftServerConfigKeys (ConfUtils.java:logGet(43)) - raft.server.log.queue.byte-limit = 2147483647 (custom)
2019-09-18 16:04:04,993 [pool-276-thread-1] INFO  server.RaftServerConfigKeys (ConfUtils.java:logGet(43)) - raft.server.log.queue.element-limit = 1024 (custom)
2019-09-18 16:04:04,993 [pool-276-thread-1] INFO  server.RaftServerConfigKeys (ConfUtils.java:logGet(43)) - raft.server.log.segment.size.max = 1048576 (custom)
2019-09-18 16:04:04,994 [pool-276-thread-1] INFO  server.RaftServerConfigKeys (ConfUtils.java:logGet(43)) - raft.server.log.preallocated.size = 16384 (custom)
2019-09-18 16:04:04,994 [pool-276-thread-1] INFO  server.RaftServerConfigKeys (ConfUtils.java:logGet(43)) - raft.server.log.write.buffer.size = 33554432 (custom)
2019-09-18 16:04:04,994 [pool-276-thread-1] INFO  server.RaftServerConfigKeys (ConfUtils.java:logGet(43)) - raft.server.log.force.sync.num = 128 (default)
2019-09-18 16:04:04,994 [pool-276-thread-1] INFO  server.RaftServerConfigKeys (ConfUtils.java:logGet(43)) - raft.server.log.statemachine.data.sync = true (default)
2019-09-18 16:04:04,994 [pool-276-thread-1] INFO  server.RaftServerConfigKeys (ConfUtils.java:logGet(43)) - raft.server.log.statemachine.data.sync.timeout = 10s (default)
2019-09-18 16:04:04,994 [pool-276-thread-1] INFO  server.RaftServerConfigKeys (ConfUtils.java:logGet(43)) - raft.server.log.statemachine.data.sync.timeout.retry = -1 (default)
2019-09-18 16:04:04,994 [pool-276-thread-1] INFO  server.RaftServerConfigKeys (ConfUtils.java:logGet(43)) - raft.server.log.statemachine.data.caching.enabled = true (custom)
2019-09-18 16:04:04,994 [pool-276-thread-1] INFO  segmented.SegmentedRaftLogWorker (SegmentedRaftLogWorker.java:lambda$new$0(132)) - af8ef8ac-d9e5-4930-bc45-5cd79380c82c-SegmentedRaftLogWorker:Storage Directory /workdir/hadoop-ozone/integration-test/target/test-dir/MiniOzoneClusterImpl-c717418d-2af0-42af-8782-89586fb16a72/datanode-5/data/ratis/f0ebc8e3-e8de-4b06-b728-7785287a5b5e: flushIndex: setUnconditionally 0 -> -1
2019-09-18 16:04:04,995 [pool-276-thread-1] INFO  server.RaftServerConfigKeys (ConfUtils.java:logGet(43)) - raft.server.snapshot.auto.trigger.enabled = true (custom)
2019-09-18 16:04:04,995 [pool-276-thread-1] INFO  server.RaftServerConfigKeys (ConfUtils.java:logGet(43)) - raft.server.snapshot.auto.trigger.threshold = 10000 (custom)
2019-09-18 16:04:04,995 [pool-276-thread-1] INFO  server.RaftServerConfigKeys (ConfUtils.java:logGet(43)) - raft.server.retrycache.expirytime = 600000ms (custom)
2019-09-18 16:04:04,995 [pool-276-thread-1] INFO  impl.RaftServerImpl (RaftServerImpl.java:start(180)) - af8ef8ac-d9e5-4930-bc45-5cd79380c82c: start group-7785287A5B5E
2019-09-18 16:04:04,995 [pool-276-thread-1] INFO  impl.RaftServerImpl (RaftServerImpl.java:setRole(171)) - af8ef8ac-d9e5-4930-bc45-5cd79380c82c:group-7785287A5B5E changes role from null to FOLLOWER at term 0 for startAsFollower
2019-09-18 16:04:04,995 [pool-276-thread-1] INFO  impl.RoleInfo (RoleInfo.java:updateAndGet(143)) - af8ef8ac-d9e5-4930-bc45-5cd79380c82c: start FollowerState
2019-09-18 16:04:04,996 [pool-276-thread-1] INFO  util.JmxRegister (JmxRegister.java:tryRegister(44)) - Successfully registered JMX Bean with object name Ratis:service=RaftServer,group=group-7785287A5B5E,id=af8ef8ac-d9e5-4930-bc45-5cd79380c82c
2019-09-18 16:04:05,002 [Command processor thread] INFO  commandhandler.CreatePipelineCommandHandler (CreatePipelineCommandHandler.java:handle(112)) - Create Pipeline RATIS THREE #PipelineID=f0ebc8e3-e8de-4b06-b728-7785287a5b5e command succeed on datanode af8ef8ac-d9e5-4930-bc45-5cd79380c82c.
2019-09-18 16:04:05,020 | INFO  | SCMAudit | user=jenkins1000 | ip=192.168.5.185 | op=SEND_HEARTBEAT {datanodeUUID=9b3ecbfa-8029-4b82-b8b0-ff011ceea2cc, command=[]} | ret=SUCCESS |  
2019-09-18 16:04:05,021 [main] INFO  ozone.MiniOzoneClusterImpl (MiniOzoneClusterImpl.java:lambda$waitForClusterToBeReady$0(145)) - Nodes are ready. Got 7 of 7 DN Heartbeats.
2019-09-18 16:04:05,021 [main] INFO  ozone.MiniOzoneClusterImpl (MiniOzoneClusterImpl.java:lambda$waitForClusterToBeReady$0(148)) - Cluster exits safe mode
2019-09-18 16:04:05,028 [grpc-default-executor-0] INFO  impl.RaftServerProxy (RaftServerProxy.java:addNew(89)) - 9b3ecbfa-8029-4b82-b8b0-ff011ceea2cc: addNew group-AA3127C215D2:[9b3ecbfa-8029-4b82-b8b0-ff011ceea2cc:192.168.5.185:42950] returns group-AA3127C215D2:java.util.concurrent.CompletableFuture@6308e985[Not completed]
2019-09-18 16:04:05,035 [pool-287-thread-1] INFO  impl.RaftServerImpl (RaftServerImpl.java:<init>(93)) - 9b3ecbfa-8029-4b82-b8b0-ff011ceea2cc: new RaftServerImpl for group-AA3127C215D2:[9b3ecbfa-8029-4b82-b8b0-ff011ceea2cc:192.168.5.185:42950] with ContainerStateMachine:uninitialized
2019-09-18 16:04:05,035 [pool-287-thread-1] INFO  server.RaftServerConfigKeys (ConfUtils.java:logGet(43)) - raft.server.rpc.timeout.min = 5s (custom)
2019-09-18 16:04:05,035 [pool-287-thread-1] INFO  server.RaftServerConfigKeys (ConfUtils.java:logGet(43)) - raft.server.rpc.timeout.max = 5200ms (custom)
2019-09-18 16:04:05,036 [pool-287-thread-1] INFO  server.RaftServerConfigKeys (ConfUtils.java:logGet(43)) - raft.server.rpcslowness.timeout = 120s (custom)
2019-09-18 16:04:05,036 [pool-287-thread-1] INFO  server.RaftServerConfigKeys (ConfUtils.java:logGet(43)) - raft.server.sleep.deviation.threshold = 300 (default)
2019-09-18 16:04:05,036 [pool-287-thread-1] INFO  server.RaftServerConfigKeys (ConfUtils.java:logGet(43)) - raft.server.log.appender.install.snapshot.enabled = false (custom)
2019-09-18 16:04:05,036 [pool-287-thread-1] INFO  impl.RaftServerImpl (ServerState.java:<init>(105)) - 9b3ecbfa-8029-4b82-b8b0-ff011ceea2cc:group-AA3127C215D2 ConfigurationManager, init=-1: [9b3ecbfa-8029-4b82-b8b0-ff011ceea2cc:192.168.5.185:42950], old=null, confs=<EMPTY_MAP>
2019-09-18 16:04:05,036 [pool-287-thread-1] INFO  server.RaftServerConfigKeys (ConfUtils.java:logGet(43)) - raft.server.storage.dir = [/workdir/hadoop-ozone/integration-test/target/test-dir/MiniOzoneClusterImpl-c717418d-2af0-42af-8782-89586fb16a72/datanode-6/data/ratis] (custom)
2019-09-18 16:04:05,036 [pool-287-thread-1] INFO  storage.RaftStorageDirectory (RaftStorageDirectory.java:analyzeStorage(246)) - The storage directory /workdir/hadoop-ozone/integration-test/target/test-dir/MiniOzoneClusterImpl-c717418d-2af0-42af-8782-89586fb16a72/datanode-6/data/ratis/bd8df9f9-997f-4aa8-8f2d-aa3127c215d2 does not exist. Creating ...
2019-09-18 16:04:05,059 [pool-287-thread-1] INFO  storage.RaftStorageDirectory (RaftStorageDirectory.java:tryLock(328)) - Lock on /workdir/hadoop-ozone/integration-test/target/test-dir/MiniOzoneClusterImpl-c717418d-2af0-42af-8782-89586fb16a72/datanode-6/data/ratis/bd8df9f9-997f-4aa8-8f2d-aa3127c215d2/in_use.lock acquired by nodename 22108@pr-hdds-2034-lb7qt-2171347232
2019-09-18 16:04:05,063 [main] INFO  rpc.RpcClient (RpcClient.java:createVolume(293)) - Creating Volume: watchforcommithandlingtest, with jenkins1000 as owner.
2019-09-18 16:04:05,103 | INFO  | OMAudit | user=jenkins1000 | ip=127.0.0.1 | op=CREATE_VOLUME {admin=jenkins1000, owner=jenkins1000, volume=watchforcommithandlingtest, creationTime=1568822645065, quotaInBytes=1152921504606846976} | ret=SUCCESS |  
2019-09-18 16:04:05,119 | INFO  | OMAudit | user=jenkins1000 | ip=127.0.0.1 | op=READ_VOLUME {volume=watchforcommithandlingtest} | ret=SUCCESS |  
2019-09-18 16:04:05,119 [pool-287-thread-1] INFO  storage.RaftStorage (RaftStorage.java:format(72)) - Storage directory /workdir/hadoop-ozone/integration-test/target/test-dir/MiniOzoneClusterImpl-c717418d-2af0-42af-8782-89586fb16a72/datanode-6/data/ratis/bd8df9f9-997f-4aa8-8f2d-aa3127c215d2 has been successfully formatted.
2019-09-18 16:04:05,120 [pool-287-thread-1] INFO  ratis.ContainerStateMachine (ContainerStateMachine.java:loadSnapshot(226)) - group-AA3127C215D2: The snapshot info is null. Setting the last applied indexto:(t:0, i:~)
2019-09-18 16:04:05,120 [pool-287-thread-1] INFO  server.RaftServerConfigKeys (ConfUtils.java:logGet(43)) - raft.server.leader.election.timeout = 120s (custom)
2019-09-18 16:04:05,120 [pool-287-thread-1] INFO  server.RaftServerConfigKeys (ConfUtils.java:logGet(43)) - raft.server.log.use.memory = false (default)
2019-09-18 16:04:05,120 [pool-287-thread-1] INFO  server.RaftServerConfigKeys (ConfUtils.java:logGet(43)) - raft.server.log.purge.gap = 1000000 (custom)
2019-09-18 16:04:05,120 [pool-287-thread-1] INFO  server.RaftServerConfigKeys (ConfUtils.java:logGet(43)) - raft.server.log.appender.buffer.byte-limit = 33554432 (custom)
2019-09-18 16:04:05,121 [main] INFO  rpc.RpcClient (RpcClient.java:createBucket(432)) - Creating Bucket: watchforcommithandlingtest/watchforcommithandlingtest, with Versioning false and Storage Type set to DISK and Encryption set to false 
2019-09-18 16:04:05,121 [pool-287-thread-1] INFO  server.RaftServerConfigKeys (ConfUtils.java:logGet(43)) - raft.server.log.segment.size.max = 1048576 (custom)
2019-09-18 16:04:05,121 [pool-287-thread-1] INFO  server.RaftServerConfigKeys (ConfUtils.java:logGet(43)) - raft.server.log.segment.cache.num.max = 2 (custom)
2019-09-18 16:04:05,121 [pool-287-thread-1] INFO  segmented.SegmentedRaftLogWorker (SegmentedRaftLogWorker.java:<init>(172)) - new 9b3ecbfa-8029-4b82-b8b0-ff011ceea2cc-SegmentedRaftLogWorker:Storage Directory /workdir/hadoop-ozone/integration-test/target/test-dir/MiniOzoneClusterImpl-c717418d-2af0-42af-8782-89586fb16a72/datanode-6/data/ratis/bd8df9f9-997f-4aa8-8f2d-aa3127c215d2 for RaftStorage:Storage Directory /workdir/hadoop-ozone/integration-test/target/test-dir/MiniOzoneClusterImpl-c717418d-2af0-42af-8782-89586fb16a72/datanode-6/data/ratis/bd8df9f9-997f-4aa8-8f2d-aa3127c215d2
2019-09-18 16:04:05,121 [pool-287-thread-1] INFO  server.RaftServerConfigKeys (ConfUtils.java:logGet(43)) - raft.server.log.queue.byte-limit = 2147483647 (custom)
2019-09-18 16:04:05,122 [pool-287-thread-1] INFO  server.RaftServerConfigKeys (ConfUtils.java:logGet(43)) - raft.server.log.queue.element-limit = 1024 (custom)
2019-09-18 16:04:05,122 [pool-287-thread-1] INFO  server.RaftServerConfigKeys (ConfUtils.java:logGet(43)) - raft.server.log.segment.size.max = 1048576 (custom)
2019-09-18 16:04:05,122 [pool-287-thread-1] INFO  server.RaftServerConfigKeys (ConfUtils.java:logGet(43)) - raft.server.log.preallocated.size = 16384 (custom)
2019-09-18 16:04:05,122 [pool-287-thread-1] INFO  server.RaftServerConfigKeys (ConfUtils.java:logGet(43)) - raft.server.log.write.buffer.size = 33554432 (custom)
2019-09-18 16:04:05,122 [pool-287-thread-1] INFO  server.RaftServerConfigKeys (ConfUtils.java:logGet(43)) - raft.server.log.force.sync.num = 128 (default)
2019-09-18 16:04:05,124 [pool-287-thread-1] INFO  server.RaftServerConfigKeys (ConfUtils.java:logGet(43)) - raft.server.log.statemachine.data.sync = true (default)
2019-09-18 16:04:05,125 [pool-287-thread-1] INFO  server.RaftServerConfigKeys (ConfUtils.java:logGet(43)) - raft.server.log.statemachine.data.sync.timeout = 10s (default)
2019-09-18 16:04:05,125 [pool-287-thread-1] INFO  server.RaftServerConfigKeys (ConfUtils.java:logGet(43)) - raft.server.log.statemachine.data.sync.timeout.retry = -1 (default)
2019-09-18 16:04:05,125 | INFO  | OMAudit | user=jenkins1000 | ip=127.0.0.1 | op=CREATE_BUCKET {volume=watchforcommithandlingtest, bucket=watchforcommithandlingtest, acls=[user:jenkins1000:a[ACCESS], group:default:a[ACCESS]], isVersionEnabled=false, storageType=DISK, creationTime=0} | ret=SUCCESS |  
2019-09-18 16:04:05,125 [pool-287-thread-1] INFO  server.RaftServerConfigKeys (ConfUtils.java:logGet(43)) - raft.server.log.statemachine.data.caching.enabled = true (custom)
2019-09-18 16:04:05,126 [pool-287-thread-1] INFO  segmented.SegmentedRaftLogWorker (SegmentedRaftLogWorker.java:lambda$new$0(132)) - 9b3ecbfa-8029-4b82-b8b0-ff011ceea2cc-SegmentedRaftLogWorker:Storage Directory /workdir/hadoop-ozone/integration-test/target/test-dir/MiniOzoneClusterImpl-c717418d-2af0-42af-8782-89586fb16a72/datanode-6/data/ratis/bd8df9f9-997f-4aa8-8f2d-aa3127c215d2: flushIndex: setUnconditionally 0 -> -1
2019-09-18 16:04:05,126 [main] INFO  ozone.MiniOzoneClusterImpl (MiniOzoneClusterImpl.java:getStorageContainerLocationClient(247)) - Creating StorageContainerLocationProtocol RPC client with address /0.0.0.0:44847
2019-09-18 16:04:05,126 [pool-287-thread-1] INFO  server.RaftServerConfigKeys (ConfUtils.java:logGet(43)) - raft.server.snapshot.auto.trigger.enabled = true (custom)
2019-09-18 16:04:05,126 [pool-287-thread-1] INFO  server.RaftServerConfigKeys (ConfUtils.java:logGet(43)) - raft.server.snapshot.auto.trigger.threshold = 10000 (custom)
2019-09-18 16:04:05,126 [pool-287-thread-1] INFO  server.RaftServerConfigKeys (ConfUtils.java:logGet(43)) - raft.server.retrycache.expirytime = 600000ms (custom)
2019-09-18 16:04:05,127 [pool-287-thread-1] INFO  impl.RaftServerImpl (RaftServerImpl.java:start(180)) - 9b3ecbfa-8029-4b82-b8b0-ff011ceea2cc: start group-AA3127C215D2
2019-09-18 16:04:05,127 [pool-287-thread-1] INFO  impl.RaftServerImpl (RaftServerImpl.java:setRole(171)) - 9b3ecbfa-8029-4b82-b8b0-ff011ceea2cc:group-AA3127C215D2 changes role from null to FOLLOWER at term 0 for startAsFollower
2019-09-18 16:04:05,127 [pool-287-thread-1] INFO  impl.RoleInfo (RoleInfo.java:updateAndGet(143)) - 9b3ecbfa-8029-4b82-b8b0-ff011ceea2cc: start FollowerState
2019-09-18 16:04:05,127 [pool-287-thread-1] INFO  util.JmxRegister (JmxRegister.java:tryRegister(44)) - Successfully registered JMX Bean with object name Ratis:service=RaftServer,group=group-AA3127C215D2,id=9b3ecbfa-8029-4b82-b8b0-ff011ceea2cc
2019-09-18 16:04:05,134 [Command processor thread] INFO  commandhandler.CreatePipelineCommandHandler (CreatePipelineCommandHandler.java:handle(112)) - Create Pipeline RATIS ONE #PipelineID=bd8df9f9-997f-4aa8-8f2d-aa3127c215d2 command succeed on datanode 9b3ecbfa-8029-4b82-b8b0-ff011ceea2cc.
2019-09-18 16:04:05,136 | INFO  | SCMAudit | user=jenkins1000 | ip=192.168.5.185 | op=SEND_HEARTBEAT {datanodeUUID=29fde90f-65f3-4179-b334-ec735bc1e6ab, command=[]} | ret=SUCCESS |  
2019-09-18 16:04:05,136 [EventQueue-CreatePipelineStatusForSCMPipelineManager] INFO  pipeline.SCMPipelineManager (SCMPipelineManager.java:onMessage(469)) - receive pipeline PipelineID=f0ebc8e3-e8de-4b06-b728-7785287a5b5e create status EXECUTED
2019-09-18 16:04:05,136 [EventQueue-CreatePipelineStatusForSCMPipelineManager] INFO  pipeline.PipelineStateManager (PipelineStateManager.java:openPipeline(134)) - Pipeline Pipeline[ Id: f0ebc8e3-e8de-4b06-b728-7785287a5b5e, Nodes: 51519769-3f92-4b39-a98d-c9708c58c8a7{ip: 192.168.5.185, host: pr-hdds-2034-lb7qt-2171347232, networkLocation: /default-rack, certSerialId: null}29fde90f-65f3-4179-b334-ec735bc1e6ab{ip: 192.168.5.185, host: pr-hdds-2034-lb7qt-2171347232, networkLocation: /default-rack, certSerialId: null}af8ef8ac-d9e5-4930-bc45-5cd79380c82c{ip: 192.168.5.185, host: pr-hdds-2034-lb7qt-2171347232, networkLocation: /default-rack, certSerialId: null}, Type:RATIS, Factor:THREE, State:ALLOCATED] moved to OPEN state
add pipeline PipelineID=f0ebc8e3-e8de-4b06-b728-7785287a5b5e to metrics map
2019-09-18 16:04:05,136 [EventQueue-CreatePipelineStatusForSCMPipelineManager] INFO  pipeline.SCMPipelineManager (SCMPipelineManager.java:onMessage(469)) - receive pipeline PipelineID=276610e5-82c9-45f9-a6f5-a82706b55a33 create status EXECUTED
2019-09-18 16:04:05,136 [EventQueue-CreatePipelineStatusForSCMPipelineManager] INFO  pipeline.PipelineStateManager (PipelineStateManager.java:openPipeline(134)) - Pipeline Pipeline[ Id: 276610e5-82c9-45f9-a6f5-a82706b55a33, Nodes: 29fde90f-65f3-4179-b334-ec735bc1e6ab{ip: 192.168.5.185, host: pr-hdds-2034-lb7qt-2171347232, networkLocation: /default-rack, certSerialId: null}, Type:RATIS, Factor:ONE, State:ALLOCATED] moved to OPEN state
add pipeline PipelineID=276610e5-82c9-45f9-a6f5-a82706b55a33 to metrics map
2019-09-18 16:04:05,223 [grpc-default-executor-0] INFO  client.GrpcClientProtocolClient (GrpcClientProtocolClient.java:onNext(255)) - client-920598ACECDB->b967ad35-fbe7-4f25-8554-0bf78a3d522c: receive RaftClientReply:client-920598ACECDB->b967ad35-fbe7-4f25-8554-0bf78a3d522c@group-AA92D0ED21CA, cid=66, FAILED org.apache.ratis.protocol.NotLeaderException: Server b967ad35-fbe7-4f25-8554-0bf78a3d522c is not the leader (null). Request must be sent to leader., logIndex=0, commits[b967ad35-fbe7-4f25-8554-0bf78a3d522c:c-1]
2019-09-18 16:04:05,461 | INFO  | SCMAudit | user=jenkins1000 | ip=192.168.5.185 | op=SEND_HEARTBEAT {datanodeUUID=b967ad35-fbe7-4f25-8554-0bf78a3d522c, command=[]} | ret=SUCCESS |  
2019-09-18 16:04:05,461 [EventQueue-CreatePipelineStatusForSCMPipelineManager] INFO  pipeline.SCMPipelineManager (SCMPipelineManager.java:onMessage(469)) - receive pipeline PipelineID=d0b92187-fd92-4537-9987-aa92d0ed21ca create status EXECUTED
add pipeline PipelineID=d0b92187-fd92-4537-9987-aa92d0ed21ca to metrics map
2019-09-18 16:04:05,462 [EventQueue-CreatePipelineStatusForSCMPipelineManager] INFO  pipeline.SCMPipelineManager (SCMPipelineManager.java:onMessage(469)) - receive pipeline PipelineID=ae9a0b5f-18a8-4677-b6e7-8cc810a298f5 create status EXECUTED
2019-09-18 16:04:05,462 [EventQueue-CreatePipelineStatusForSCMPipelineManager] INFO  pipeline.PipelineStateManager (PipelineStateManager.java:openPipeline(134)) - Pipeline Pipeline[ Id: ae9a0b5f-18a8-4677-b6e7-8cc810a298f5, Nodes: b967ad35-fbe7-4f25-8554-0bf78a3d522c{ip: 192.168.5.185, host: pr-hdds-2034-lb7qt-2171347232, networkLocation: /default-rack, certSerialId: null}, Type:RATIS, Factor:ONE, State:ALLOCATED] moved to OPEN state
add pipeline PipelineID=ae9a0b5f-18a8-4677-b6e7-8cc810a298f5 to metrics map
2019-09-18 16:04:05,576 | INFO  | SCMAudit | user=jenkins1000 | ip=192.168.5.185 | op=SEND_HEARTBEAT {datanodeUUID=51519769-3f92-4b39-a98d-c9708c58c8a7, command=[]} | ret=SUCCESS |  
2019-09-18 16:04:05,701 | INFO  | SCMAudit | user=jenkins1000 | ip=192.168.5.185 | op=SEND_HEARTBEAT {datanodeUUID=c3ebd7c4-785c-44df-867b-40d40a93f6b6, command=[]} | ret=SUCCESS |  
2019-09-18 16:04:05,829 | INFO  | SCMAudit | user=jenkins1000 | ip=192.168.5.185 | op=SEND_HEARTBEAT {datanodeUUID=af8ef8ac-d9e5-4930-bc45-5cd79380c82c, command=[]} | ret=SUCCESS |  
2019-09-18 16:04:05,829 [EventQueue-CreatePipelineStatusForSCMPipelineManager] INFO  pipeline.SCMPipelineManager (SCMPipelineManager.java:onMessage(469)) - receive pipeline PipelineID=f5261716-ef2c-4b7f-8245-84f31272ab22 create status EXECUTED
2019-09-18 16:04:05,829 [EventQueue-CreatePipelineStatusForSCMPipelineManager] INFO  pipeline.PipelineStateManager (PipelineStateManager.java:openPipeline(134)) - Pipeline Pipeline[ Id: f5261716-ef2c-4b7f-8245-84f31272ab22, Nodes: af8ef8ac-d9e5-4930-bc45-5cd79380c82c{ip: 192.168.5.185, host: pr-hdds-2034-lb7qt-2171347232, networkLocation: /default-rack, certSerialId: null}, Type:RATIS, Factor:ONE, State:ALLOCATED] moved to OPEN state
add pipeline PipelineID=f5261716-ef2c-4b7f-8245-84f31272ab22 to metrics map
2019-09-18 16:04:05,830 [EventQueue-CreatePipelineStatusForSCMPipelineManager] INFO  pipeline.SCMPipelineManager (SCMPipelineManager.java:onMessage(469)) - receive pipeline PipelineID=f0ebc8e3-e8de-4b06-b728-7785287a5b5e create status EXECUTED
2019-09-18 16:04:05,910 | INFO  | SCMAudit | user=jenkins1000 | ip=192.168.5.185 | op=SEND_HEARTBEAT {datanodeUUID=3c1188b2-d9c4-43c4-a064-8074509344be, command=[]} | ret=SUCCESS |  
2019-09-18 16:04:06,022 | INFO  | SCMAudit | user=jenkins1000 | ip=192.168.5.185 | op=SEND_HEARTBEAT {datanodeUUID=9b3ecbfa-8029-4b82-b8b0-ff011ceea2cc, command=[]} | ret=SUCCESS |  
2019-09-18 16:04:06,022 [EventQueue-CreatePipelineStatusForSCMPipelineManager] INFO  pipeline.SCMPipelineManager (SCMPipelineManager.java:onMessage(469)) - receive pipeline PipelineID=bd8df9f9-997f-4aa8-8f2d-aa3127c215d2 create status EXECUTED
2019-09-18 16:04:06,023 [EventQueue-CreatePipelineStatusForSCMPipelineManager] INFO  pipeline.PipelineStateManager (PipelineStateManager.java:openPipeline(134)) - Pipeline Pipeline[ Id: bd8df9f9-997f-4aa8-8f2d-aa3127c215d2, Nodes: 9b3ecbfa-8029-4b82-b8b0-ff011ceea2cc{ip: 192.168.5.185, host: pr-hdds-2034-lb7qt-2171347232, networkLocation: /default-rack, certSerialId: null}, Type:RATIS, Factor:ONE, State:ALLOCATED] moved to OPEN state
add pipeline PipelineID=bd8df9f9-997f-4aa8-8f2d-aa3127c215d2 to metrics map
2019-09-18 16:04:06,135 | INFO  | SCMAudit | user=jenkins1000 | ip=192.168.5.185 | op=SEND_HEARTBEAT {datanodeUUID=29fde90f-65f3-4179-b334-ec735bc1e6ab, command=[]} | ret=SUCCESS |  
2019-09-18 16:04:06,245 [grpc-default-executor-5] INFO  client.GrpcClientProtocolClient (GrpcClientProtocolClient.java:onNext(255)) - client-920598ACECDB->c3ebd7c4-785c-44df-867b-40d40a93f6b6: receive RaftClientReply:client-920598ACECDB->c3ebd7c4-785c-44df-867b-40d40a93f6b6@group-AA92D0ED21CA, cid=66, FAILED org.apache.ratis.protocol.NotLeaderException: Server c3ebd7c4-785c-44df-867b-40d40a93f6b6 is not the leader (null). Request must be sent to leader., logIndex=0, commits[c3ebd7c4-785c-44df-867b-40d40a93f6b6:c-1]
2019-09-18 16:04:06,460 | INFO  | SCMAudit | user=jenkins1000 | ip=192.168.5.185 | op=SEND_HEARTBEAT {datanodeUUID=b967ad35-fbe7-4f25-8554-0bf78a3d522c, command=[]} | ret=SUCCESS |  
2019-09-18 16:04:06,572 | INFO  | SCMAudit | user=jenkins1000 | ip=192.168.5.185 | op=SEND_HEARTBEAT {datanodeUUID=51519769-3f92-4b39-a98d-c9708c58c8a7, command=[]} | ret=SUCCESS |  
2019-09-18 16:04:06,572 [EventQueue-CreatePipelineStatusForSCMPipelineManager] INFO  pipeline.SCMPipelineManager (SCMPipelineManager.java:onMessage(469)) - receive pipeline PipelineID=f0ebc8e3-e8de-4b06-b728-7785287a5b5e create status EXECUTED
add pipeline PipelineID=f0ebc8e3-e8de-4b06-b728-7785287a5b5e to metrics map
2019-09-18 16:04:06,572 [EventQueue-CreatePipelineStatusForSCMPipelineManager] INFO  pipeline.SCMPipelineManager (SCMPipelineManager.java:onMessage(469)) - receive pipeline PipelineID=8dfbd8c2-bed5-4394-9e40-1792db16ee99 create status EXECUTED
2019-09-18 16:04:06,572 [EventQueue-CreatePipelineStatusForSCMPipelineManager] INFO  pipeline.PipelineStateManager (PipelineStateManager.java:openPipeline(134)) - Pipeline Pipeline[ Id: 8dfbd8c2-bed5-4394-9e40-1792db16ee99, Nodes: 51519769-3f92-4b39-a98d-c9708c58c8a7{ip: 192.168.5.185, host: pr-hdds-2034-lb7qt-2171347232, networkLocation: /default-rack, certSerialId: null}, Type:RATIS, Factor:ONE, State:ALLOCATED] moved to OPEN state
add pipeline PipelineID=8dfbd8c2-bed5-4394-9e40-1792db16ee99 to metrics map
2019-09-18 16:04:06,701 | INFO  | SCMAudit | user=jenkins1000 | ip=192.168.5.185 | op=SEND_HEARTBEAT {datanodeUUID=c3ebd7c4-785c-44df-867b-40d40a93f6b6, command=[]} | ret=SUCCESS |  
2019-09-18 16:04:06,828 | INFO  | SCMAudit | user=jenkins1000 | ip=192.168.5.185 | op=SEND_HEARTBEAT {datanodeUUID=af8ef8ac-d9e5-4930-bc45-5cd79380c82c, command=[]} | ret=SUCCESS |  
2019-09-18 16:04:06,910 | INFO  | SCMAudit | user=jenkins1000 | ip=192.168.5.185 | op=SEND_HEARTBEAT {datanodeUUID=3c1188b2-d9c4-43c4-a064-8074509344be, command=[]} | ret=SUCCESS |  
2019-09-18 16:04:07,023 | INFO  | SCMAudit | user=jenkins1000 | ip=192.168.5.185 | op=SEND_HEARTBEAT {datanodeUUID=9b3ecbfa-8029-4b82-b8b0-ff011ceea2cc, command=[]} | ret=SUCCESS |  
2019-09-18 16:04:07,135 | INFO  | SCMAudit | user=jenkins1000 | ip=192.168.5.185 | op=SEND_HEARTBEAT {datanodeUUID=29fde90f-65f3-4179-b334-ec735bc1e6ab, command=[]} | ret=SUCCESS |  
2019-09-18 16:04:07,256 [grpc-default-executor-0] INFO  client.GrpcClientProtocolClient (GrpcClientProtocolClient.java:onNext(255)) - client-920598ACECDB->b967ad35-fbe7-4f25-8554-0bf78a3d522c: receive RaftClientReply:client-920598ACECDB->b967ad35-fbe7-4f25-8554-0bf78a3d522c@group-AA92D0ED21CA, cid=66, FAILED org.apache.ratis.protocol.NotLeaderException: Server b967ad35-fbe7-4f25-8554-0bf78a3d522c is not the leader (null). Request must be sent to leader., logIndex=0, commits[b967ad35-fbe7-4f25-8554-0bf78a3d522c:c-1]
2019-09-18 16:04:07,461 | INFO  | SCMAudit | user=jenkins1000 | ip=192.168.5.185 | op=SEND_HEARTBEAT {datanodeUUID=b967ad35-fbe7-4f25-8554-0bf78a3d522c, command=[]} | ret=SUCCESS |  
2019-09-18 16:04:07,571 | INFO  | SCMAudit | user=jenkins1000 | ip=192.168.5.185 | op=SEND_HEARTBEAT {datanodeUUID=51519769-3f92-4b39-a98d-c9708c58c8a7, command=[]} | ret=SUCCESS |  
2019-09-18 16:04:07,701 | INFO  | SCMAudit | user=jenkins1000 | ip=192.168.5.185 | op=SEND_HEARTBEAT {datanodeUUID=c3ebd7c4-785c-44df-867b-40d40a93f6b6, command=[]} | ret=SUCCESS |  
2019-09-18 16:04:07,708 [Thread-1527] INFO  container.ReplicationManager (ReplicationManager.java:start(151)) - Starting Replication Monitor Thread.
2019-09-18 16:04:07,712 [Thread-1528] INFO  container.ReplicationManager (ReplicationManager.java:start(158)) - Replication Monitor Thread is already running.
2019-09-18 16:04:07,713 [ReplicationMonitor] INFO  container.ReplicationManager (ReplicationManager.java:run(214)) - Replication Monitor Thread took 1 milliseconds for processing 1 containers.
2019-09-18 16:04:07,828 | INFO  | SCMAudit | user=jenkins1000 | ip=192.168.5.185 | op=SEND_HEARTBEAT {datanodeUUID=af8ef8ac-d9e5-4930-bc45-5cd79380c82c, command=[]} | ret=SUCCESS |  
2019-09-18 16:04:07,910 | INFO  | SCMAudit | user=jenkins1000 | ip=192.168.5.185 | op=SEND_HEARTBEAT {datanodeUUID=3c1188b2-d9c4-43c4-a064-8074509344be, command=[]} | ret=SUCCESS |  
2019-09-18 16:04:08,024 | INFO  | SCMAudit | user=jenkins1000 | ip=192.168.5.185 | op=SEND_HEARTBEAT {datanodeUUID=9b3ecbfa-8029-4b82-b8b0-ff011ceea2cc, command=[]} | ret=SUCCESS |  
2019-09-18 16:04:08,136 | INFO  | SCMAudit | user=jenkins1000 | ip=192.168.5.185 | op=SEND_HEARTBEAT {datanodeUUID=29fde90f-65f3-4179-b334-ec735bc1e6ab, command=[]} | ret=SUCCESS |  
2019-09-18 16:04:08,277 [grpc-default-executor-5] INFO  client.GrpcClientProtocolClient (GrpcClientProtocolClient.java:onNext(255)) - client-920598ACECDB->3c1188b2-d9c4-43c4-a064-8074509344be: receive RaftClientReply:client-920598ACECDB->3c1188b2-d9c4-43c4-a064-8074509344be@group-AA92D0ED21CA, cid=66, FAILED org.apache.ratis.protocol.NotLeaderException: Server 3c1188b2-d9c4-43c4-a064-8074509344be is not the leader (null). Request must be sent to leader., logIndex=0, commits[3c1188b2-d9c4-43c4-a064-8074509344be:c-1]
2019-09-18 16:04:08,461 | INFO  | SCMAudit | user=jenkins1000 | ip=192.168.5.185 | op=SEND_HEARTBEAT {datanodeUUID=b967ad35-fbe7-4f25-8554-0bf78a3d522c, command=[]} | ret=SUCCESS |  
2019-09-18 16:04:08,571 | INFO  | SCMAudit | user=jenkins1000 | ip=192.168.5.185 | op=SEND_HEARTBEAT {datanodeUUID=51519769-3f92-4b39-a98d-c9708c58c8a7, command=[]} | ret=SUCCESS |  
2019-09-18 16:04:08,585 [Thread-1493] INFO  impl.FollowerState (FollowerState.java:run(106)) - b967ad35-fbe7-4f25-8554-0bf78a3d522c:group-8CC810A298F5 changes to CANDIDATE, lastRpcTime:5049, electionTimeout:5049ms
2019-09-18 16:04:08,585 [Thread-1493] INFO  impl.RoleInfo (RoleInfo.java:shutdownFollowerState(121)) - b967ad35-fbe7-4f25-8554-0bf78a3d522c: shutdown FollowerState
2019-09-18 16:04:08,585 [Thread-1493] INFO  impl.RaftServerImpl (RaftServerImpl.java:setRole(171)) - b967ad35-fbe7-4f25-8554-0bf78a3d522c:group-8CC810A298F5 changes role from FOLLOWER to CANDIDATE at term 0 for changeToCandidate
2019-09-18 16:04:08,585 [Thread-1493] INFO  impl.RoleInfo (RoleInfo.java:updateAndGet(143)) - b967ad35-fbe7-4f25-8554-0bf78a3d522c: start LeaderElection
2019-09-18 16:04:08,628 [b967ad35-fbe7-4f25-8554-0bf78a3d522c:group-8CC810A298F5:LeaderElection26] INFO  impl.LeaderElection (LeaderElection.java:askForVotes(181)) - b967ad35-fbe7-4f25-8554-0bf78a3d522c:group-8CC810A298F5:LeaderElection26: begin an election at term 1 for -1: [b967ad35-fbe7-4f25-8554-0bf78a3d522c:192.168.5.185:40682], old=null
2019-09-18 16:04:08,628 [b967ad35-fbe7-4f25-8554-0bf78a3d522c:group-8CC810A298F5:LeaderElection26] INFO  impl.RoleInfo (RoleInfo.java:shutdownLeaderElection(134)) - b967ad35-fbe7-4f25-8554-0bf78a3d522c: shutdown LeaderElection
2019-09-18 16:04:08,628 [b967ad35-fbe7-4f25-8554-0bf78a3d522c:group-8CC810A298F5:LeaderElection26] INFO  impl.RaftServerImpl (RaftServerImpl.java:setRole(171)) - b967ad35-fbe7-4f25-8554-0bf78a3d522c:group-8CC810A298F5 changes role from CANDIDATE to LEADER at term 1 for changeToLeader
2019-09-18 16:04:08,628 [b967ad35-fbe7-4f25-8554-0bf78a3d522c:group-8CC810A298F5:LeaderElection26] INFO  impl.RaftServerImpl (ServerState.java:setLeader(263)) - b967ad35-fbe7-4f25-8554-0bf78a3d522c:group-8CC810A298F5 change Leader from null to b967ad35-fbe7-4f25-8554-0bf78a3d522c at term 1 for becomeLeader, leader elected after 5098ms
2019-09-18 16:04:08,628 [b967ad35-fbe7-4f25-8554-0bf78a3d522c:group-8CC810A298F5:LeaderElection26] INFO  server.RaftServerConfigKeys (ConfUtils.java:logGet(43)) - raft.server.staging.catchup.gap = 1000 (default)
2019-09-18 16:04:08,628 [b967ad35-fbe7-4f25-8554-0bf78a3d522c:group-8CC810A298F5:LeaderElection26] INFO  server.RaftServerConfigKeys (ConfUtils.java:logGet(43)) - raft.server.rpc.sleep.time = 25ms (default)
2019-09-18 16:04:08,629 [b967ad35-fbe7-4f25-8554-0bf78a3d522c:group-8CC810A298F5:LeaderElection26] INFO  server.RaftServerConfigKeys (ConfUtils.java:logGet(43)) - raft.server.write.element-limit = 4096 (default)
2019-09-18 16:04:08,629 [b967ad35-fbe7-4f25-8554-0bf78a3d522c:group-8CC810A298F5:LeaderElection26] INFO  server.RaftServerConfigKeys (ConfUtils.java:logGet(43)) - raft.server.watch.timeout = 10s (default)
2019-09-18 16:04:08,629 [b967ad35-fbe7-4f25-8554-0bf78a3d522c:group-8CC810A298F5:LeaderElection26] INFO  server.RaftServerConfigKeys (ConfUtils.java:logGet(43)) - raft.server.watch.timeout.denomination = 1s (default)
2019-09-18 16:04:08,629 [b967ad35-fbe7-4f25-8554-0bf78a3d522c:group-8CC810A298F5:LeaderElection26] INFO  server.RaftServerConfigKeys (ConfUtils.java:logGet(43)) - raft.server.watch.element-limit = 65536 (default)
2019-09-18 16:04:08,629 [b967ad35-fbe7-4f25-8554-0bf78a3d522c:group-8CC810A298F5:LeaderElection26] INFO  impl.RoleInfo (RoleInfo.java:updateAndGet(143)) - b967ad35-fbe7-4f25-8554-0bf78a3d522c: start LeaderState
2019-09-18 16:04:08,630 [b967ad35-fbe7-4f25-8554-0bf78a3d522c:group-8CC810A298F5:LeaderElection26] INFO  segmented.SegmentedRaftLogWorker (SegmentedRaftLogWorker.java:startLogSegment(380)) - b967ad35-fbe7-4f25-8554-0bf78a3d522c-SegmentedRaftLogWorker:Storage Directory /workdir/hadoop-ozone/integration-test/target/test-dir/MiniOzoneClusterImpl-c717418d-2af0-42af-8782-89586fb16a72/datanode-0/data/ratis/ae9a0b5f-18a8-4677-b6e7-8cc810a298f5: Starting segment from index:0
2019-09-18 16:04:08,631 [b967ad35-fbe7-4f25-8554-0bf78a3d522c:group-8CC810A298F5:LeaderElection26] INFO  impl.RaftServerImpl (ServerState.java:setRaftConf(361)) - b967ad35-fbe7-4f25-8554-0bf78a3d522c:group-8CC810A298F5 set configuration 0: [b967ad35-fbe7-4f25-8554-0bf78a3d522c:192.168.5.185:40682], old=null at 0
2019-09-18 16:04:08,686 [b967ad35-fbe7-4f25-8554-0bf78a3d522c-SegmentedRaftLogWorker:Storage Directory /workdir/hadoop-ozone/integration-test/target/test-dir/MiniOzoneClusterImpl-c717418d-2af0-42af-8782-89586fb16a72/datanode-0/data/ratis/ae9a0b5f-18a8-4677-b6e7-8cc810a298f5] INFO  segmented.SegmentedRaftLogWorker (SegmentedRaftLogWorker.java:execute(569)) - b967ad35-fbe7-4f25-8554-0bf78a3d522c-SegmentedRaftLogWorker:Storage Directory /workdir/hadoop-ozone/integration-test/target/test-dir/MiniOzoneClusterImpl-c717418d-2af0-42af-8782-89586fb16a72/datanode-0/data/ratis/ae9a0b5f-18a8-4677-b6e7-8cc810a298f5: created new log segment /workdir/hadoop-ozone/integration-test/target/test-dir/MiniOzoneClusterImpl-c717418d-2af0-42af-8782-89586fb16a72/datanode-0/data/ratis/ae9a0b5f-18a8-4677-b6e7-8cc810a298f5/current/log_inprogress_0
2019-09-18 16:04:08,701 | INFO  | SCMAudit | user=jenkins1000 | ip=192.168.5.185 | op=SEND_HEARTBEAT {datanodeUUID=c3ebd7c4-785c-44df-867b-40d40a93f6b6, command=[]} | ret=SUCCESS |  
2019-09-18 16:04:08,794 [Thread-1496] INFO  impl.FollowerState (FollowerState.java:run(106)) - b967ad35-fbe7-4f25-8554-0bf78a3d522c:group-AA92D0ED21CA changes to CANDIDATE, lastRpcTime:5180, electionTimeout:5180ms
2019-09-18 16:04:08,794 [Thread-1496] INFO  impl.RoleInfo (RoleInfo.java:shutdownFollowerState(121)) - b967ad35-fbe7-4f25-8554-0bf78a3d522c: shutdown FollowerState
2019-09-18 16:04:08,794 [Thread-1496] INFO  impl.RaftServerImpl (RaftServerImpl.java:setRole(171)) - b967ad35-fbe7-4f25-8554-0bf78a3d522c:group-AA92D0ED21CA changes role from FOLLOWER to CANDIDATE at term 0 for changeToCandidate
2019-09-18 16:04:08,794 [Thread-1496] INFO  impl.RoleInfo (RoleInfo.java:updateAndGet(143)) - b967ad35-fbe7-4f25-8554-0bf78a3d522c: start LeaderElection
2019-09-18 16:04:08,820 [b967ad35-fbe7-4f25-8554-0bf78a3d522c:group-AA92D0ED21CA:LeaderElection27] INFO  impl.LeaderElection (LeaderElection.java:askForVotes(181)) - b967ad35-fbe7-4f25-8554-0bf78a3d522c:group-AA92D0ED21CA:LeaderElection27: begin an election at term 1 for -1: [3c1188b2-d9c4-43c4-a064-8074509344be:192.168.5.185:39492, b967ad35-fbe7-4f25-8554-0bf78a3d522c:192.168.5.185:40682, c3ebd7c4-785c-44df-867b-40d40a93f6b6:192.168.5.185:46765], old=null
2019-09-18 16:04:08,831 [Thread-1502] INFO  impl.FollowerState (FollowerState.java:run(106)) - c3ebd7c4-785c-44df-867b-40d40a93f6b6:group-AA92D0ED21CA changes to CANDIDATE, lastRpcTime:5008, electionTimeout:5008ms
2019-09-18 16:04:08,831 [grpc-default-executor-5] INFO  impl.RaftServerImpl (RaftServerImpl.java:setRole(171)) - 3c1188b2-d9c4-43c4-a064-8074509344be:group-AA92D0ED21CA changes role from FOLLOWER to FOLLOWER at term 1 for recognizeCandidate:b967ad35-fbe7-4f25-8554-0bf78a3d522c
2019-09-18 16:04:08,834 [Thread-1502] INFO  impl.RoleInfo (RoleInfo.java:shutdownFollowerState(121)) - c3ebd7c4-785c-44df-867b-40d40a93f6b6: shutdown FollowerState
2019-09-18 16:04:08,835 [grpc-default-executor-5] INFO  impl.RoleInfo (RoleInfo.java:shutdownFollowerState(121)) - 3c1188b2-d9c4-43c4-a064-8074509344be: shutdown FollowerState
2019-09-18 16:04:08,835 [Thread-1502] INFO  impl.RaftServerImpl (RaftServerImpl.java:setRole(171)) - c3ebd7c4-785c-44df-867b-40d40a93f6b6:group-AA92D0ED21CA changes role from FOLLOWER to CANDIDATE at term 0 for changeToCandidate
2019-09-18 16:04:08,835 | INFO  | SCMAudit | user=jenkins1000 | ip=192.168.5.185 | op=SEND_HEARTBEAT {datanodeUUID=af8ef8ac-d9e5-4930-bc45-5cd79380c82c, command=[]} | ret=SUCCESS |  
2019-09-18 16:04:08,835 [grpc-default-executor-5] INFO  impl.RoleInfo (RoleInfo.java:updateAndGet(143)) - 3c1188b2-d9c4-43c4-a064-8074509344be: start FollowerState
2019-09-18 16:04:08,835 [Thread-1502] INFO  impl.RoleInfo (RoleInfo.java:updateAndGet(143)) - c3ebd7c4-785c-44df-867b-40d40a93f6b6: start LeaderElection
2019-09-18 16:04:08,835 [Thread-1508] INFO  impl.FollowerState (FollowerState.java:run(114)) - 3c1188b2-d9c4-43c4-a064-8074509344be: FollowerState was interrupted: java.lang.InterruptedException: sleep interrupted
2019-09-18 16:04:08,842 [grpc-default-executor-0] INFO  impl.RaftServerImpl (RaftServerImpl.java:setRole(171)) - c3ebd7c4-785c-44df-867b-40d40a93f6b6:group-AA92D0ED21CA changes role from CANDIDATE to FOLLOWER at term 1 for recognizeCandidate:b967ad35-fbe7-4f25-8554-0bf78a3d522c
2019-09-18 16:04:08,842 [grpc-default-executor-0] INFO  impl.RoleInfo (RoleInfo.java:shutdownLeaderElection(134)) - c3ebd7c4-785c-44df-867b-40d40a93f6b6: shutdown LeaderElection
2019-09-18 16:04:08,842 [grpc-default-executor-0] INFO  impl.RoleInfo (RoleInfo.java:updateAndGet(143)) - c3ebd7c4-785c-44df-867b-40d40a93f6b6: start FollowerState
2019-09-18 16:04:08,867 [b967ad35-fbe7-4f25-8554-0bf78a3d522c:group-AA92D0ED21CA:LeaderElection27] INFO  impl.LeaderElection (LeaderElection.java:logAndReturn(56)) - b967ad35-fbe7-4f25-8554-0bf78a3d522c:group-AA92D0ED21CA:LeaderElection27: Election PASSED; received 2 response(s) [b967ad35-fbe7-4f25-8554-0bf78a3d522c<-3c1188b2-d9c4-43c4-a064-8074509344be#0:OK-t1, b967ad35-fbe7-4f25-8554-0bf78a3d522c<-c3ebd7c4-785c-44df-867b-40d40a93f6b6#0:FAIL-t1] and 0 exception(s); b967ad35-fbe7-4f25-8554-0bf78a3d522c:t1, leader=null, voted=b967ad35-fbe7-4f25-8554-0bf78a3d522c, raftlog=b967ad35-fbe7-4f25-8554-0bf78a3d522c-SegmentedRaftLog:OPENED:c-1,f-1,i0, conf=-1: [3c1188b2-d9c4-43c4-a064-8074509344be:192.168.5.185:39492, b967ad35-fbe7-4f25-8554-0bf78a3d522c:192.168.5.185:40682, c3ebd7c4-785c-44df-867b-40d40a93f6b6:192.168.5.185:46765], old=null
2019-09-18 16:04:08,867 [b967ad35-fbe7-4f25-8554-0bf78a3d522c:group-AA92D0ED21CA:LeaderElection27] INFO  impl.RoleInfo (RoleInfo.java:shutdownLeaderElection(134)) - b967ad35-fbe7-4f25-8554-0bf78a3d522c: shutdown LeaderElection
2019-09-18 16:04:08,867 [b967ad35-fbe7-4f25-8554-0bf78a3d522c:group-AA92D0ED21CA:LeaderElection27] INFO  impl.RaftServerImpl (RaftServerImpl.java:setRole(171)) - b967ad35-fbe7-4f25-8554-0bf78a3d522c:group-AA92D0ED21CA changes role from CANDIDATE to LEADER at term 1 for changeToLeader
2019-09-18 16:04:08,867 [b967ad35-fbe7-4f25-8554-0bf78a3d522c:group-AA92D0ED21CA:LeaderElection27] INFO  impl.RaftServerImpl (ServerState.java:setLeader(263)) - b967ad35-fbe7-4f25-8554-0bf78a3d522c:group-AA92D0ED21CA change Leader from null to b967ad35-fbe7-4f25-8554-0bf78a3d522c at term 1 for becomeLeader, leader elected after 5258ms
2019-09-18 16:04:08,867 [b967ad35-fbe7-4f25-8554-0bf78a3d522c:group-AA92D0ED21CA:LeaderElection27] INFO  server.RaftServerConfigKeys (ConfUtils.java:logGet(43)) - raft.server.staging.catchup.gap = 1000 (default)
2019-09-18 16:04:08,868 [b967ad35-fbe7-4f25-8554-0bf78a3d522c:group-AA92D0ED21CA:LeaderElection27] INFO  server.RaftServerConfigKeys (ConfUtils.java:logGet(43)) - raft.server.rpc.sleep.time = 25ms (default)
2019-09-18 16:04:08,868 [b967ad35-fbe7-4f25-8554-0bf78a3d522c:group-AA92D0ED21CA:LeaderElection27] INFO  server.RaftServerConfigKeys (ConfUtils.java:logGet(43)) - raft.server.write.element-limit = 4096 (default)
2019-09-18 16:04:08,868 [b967ad35-fbe7-4f25-8554-0bf78a3d522c:group-AA92D0ED21CA:LeaderElection27] INFO  server.RaftServerConfigKeys (ConfUtils.java:logGet(43)) - raft.server.watch.timeout = 10s (default)
2019-09-18 16:04:08,868 [b967ad35-fbe7-4f25-8554-0bf78a3d522c:group-AA92D0ED21CA:LeaderElection27] INFO  server.RaftServerConfigKeys (ConfUtils.java:logGet(43)) - raft.server.watch.timeout.denomination = 1s (default)
2019-09-18 16:04:08,868 [b967ad35-fbe7-4f25-8554-0bf78a3d522c:group-AA92D0ED21CA:LeaderElection27] INFO  server.RaftServerConfigKeys (ConfUtils.java:logGet(43)) - raft.server.watch.element-limit = 65536 (default)
2019-09-18 16:04:08,869 [b967ad35-fbe7-4f25-8554-0bf78a3d522c:group-AA92D0ED21CA:LeaderElection27] INFO  server.RaftServerConfigKeys (ConfUtils.java:logGet(43)) - raft.server.log.appender.snapshot.chunk.size.max = 16MB (=16777216) (default)
2019-09-18 16:04:08,869 [b967ad35-fbe7-4f25-8554-0bf78a3d522c:group-AA92D0ED21CA:LeaderElection27] INFO  server.RaftServerConfigKeys (ConfUtils.java:logGet(43)) - raft.server.log.appender.buffer.byte-limit = 33554432 (custom)
2019-09-18 16:04:08,869 [b967ad35-fbe7-4f25-8554-0bf78a3d522c:group-AA92D0ED21CA:LeaderElection27] INFO  server.RaftServerConfigKeys (ConfUtils.java:logGet(43)) - raft.server.log.appender.buffer.element-limit = 1 (custom)
2019-09-18 16:04:08,869 [b967ad35-fbe7-4f25-8554-0bf78a3d522c:group-AA92D0ED21CA:LeaderElection27] INFO  grpc.GrpcConfigKeys$Server (ConfUtils.java:logGet(43)) - raft.grpc.server.leader.outstanding.appends.max = 128 (default)
2019-09-18 16:04:08,870 [b967ad35-fbe7-4f25-8554-0bf78a3d522c:group-AA92D0ED21CA:LeaderElection27] INFO  server.RaftServerConfigKeys (ConfUtils.java:logGet(43)) - raft.server.rpc.request.timeout = 3000ms (default)
2019-09-18 16:04:08,870 [b967ad35-fbe7-4f25-8554-0bf78a3d522c:group-AA92D0ED21CA:LeaderElection27] INFO  server.RaftServerConfigKeys (ConfUtils.java:logGet(43)) - raft.server.log.appender.install.snapshot.enabled = false (custom)
2019-09-18 16:04:08,870 [b967ad35-fbe7-4f25-8554-0bf78a3d522c:group-AA92D0ED21CA:LeaderElection27] INFO  server.RaftServerConfigKeys (ConfUtils.java:logGet(43)) - raft.server.log.appender.snapshot.chunk.size.max = 16MB (=16777216) (default)
2019-09-18 16:04:08,870 [b967ad35-fbe7-4f25-8554-0bf78a3d522c:group-AA92D0ED21CA:LeaderElection27] INFO  server.RaftServerConfigKeys (ConfUtils.java:logGet(43)) - raft.server.log.appender.buffer.byte-limit = 33554432 (custom)
2019-09-18 16:04:08,870 [b967ad35-fbe7-4f25-8554-0bf78a3d522c:group-AA92D0ED21CA:LeaderElection27] INFO  server.RaftServerConfigKeys (ConfUtils.java:logGet(43)) - raft.server.log.appender.buffer.element-limit = 1 (custom)
2019-09-18 16:04:08,871 [b967ad35-fbe7-4f25-8554-0bf78a3d522c:group-AA92D0ED21CA:LeaderElection27] INFO  grpc.GrpcConfigKeys$Server (ConfUtils.java:logGet(43)) - raft.grpc.server.leader.outstanding.appends.max = 128 (default)
2019-09-18 16:04:08,871 [b967ad35-fbe7-4f25-8554-0bf78a3d522c:group-AA92D0ED21CA:LeaderElection27] INFO  server.RaftServerConfigKeys (ConfUtils.java:logGet(43)) - raft.server.rpc.request.timeout = 3000ms (default)
2019-09-18 16:04:08,871 [b967ad35-fbe7-4f25-8554-0bf78a3d522c:group-AA92D0ED21CA:LeaderElection27] INFO  server.RaftServerConfigKeys (ConfUtils.java:logGet(43)) - raft.server.log.appender.install.snapshot.enabled = false (custom)
2019-09-18 16:04:08,871 [b967ad35-fbe7-4f25-8554-0bf78a3d522c:group-AA92D0ED21CA:LeaderElection27] INFO  impl.RoleInfo (RoleInfo.java:updateAndGet(143)) - b967ad35-fbe7-4f25-8554-0bf78a3d522c: start LeaderState
2019-09-18 16:04:08,872 [b967ad35-fbe7-4f25-8554-0bf78a3d522c:group-AA92D0ED21CA:LeaderElection27] INFO  segmented.SegmentedRaftLogWorker (SegmentedRaftLogWorker.java:startLogSegment(380)) - b967ad35-fbe7-4f25-8554-0bf78a3d522c-SegmentedRaftLogWorker:Storage Directory /workdir/hadoop-ozone/integration-test/target/test-dir/MiniOzoneClusterImpl-c717418d-2af0-42af-8782-89586fb16a72/datanode-0/data/ratis/d0b92187-fd92-4537-9987-aa92d0ed21ca: Starting segment from index:0
2019-09-18 16:04:08,872 [b967ad35-fbe7-4f25-8554-0bf78a3d522c:group-AA92D0ED21CA:LeaderElection27] INFO  impl.RaftServerImpl (ServerState.java:setRaftConf(361)) - b967ad35-fbe7-4f25-8554-0bf78a3d522c:group-AA92D0ED21CA set configuration 0: [3c1188b2-d9c4-43c4-a064-8074509344be:192.168.5.185:39492, b967ad35-fbe7-4f25-8554-0bf78a3d522c:192.168.5.185:40682, c3ebd7c4-785c-44df-867b-40d40a93f6b6:192.168.5.185:46765], old=null at 0
2019-09-18 16:04:08,874 [grpc-default-executor-5] INFO  impl.RaftServerImpl (ServerState.java:setLeader(263)) - 3c1188b2-d9c4-43c4-a064-8074509344be:group-AA92D0ED21CA change Leader from null to b967ad35-fbe7-4f25-8554-0bf78a3d522c at term 1 for appendEntries, leader elected after 4769ms
2019-09-18 16:04:08,921 [c3ebd7c4-785c-44df-867b-40d40a93f6b6:group-AA92D0ED21CA:LeaderElection28] INFO  impl.LeaderElection (LeaderElection.java:askForVotes(181)) - c3ebd7c4-785c-44df-867b-40d40a93f6b6:group-AA92D0ED21CA:LeaderElection28: begin an election at term 2 for -1: [3c1188b2-d9c4-43c4-a064-8074509344be:192.168.5.185:39492, b967ad35-fbe7-4f25-8554-0bf78a3d522c:192.168.5.185:40682, c3ebd7c4-785c-44df-867b-40d40a93f6b6:192.168.5.185:46765], old=null
2019-09-18 16:04:08,922 | INFO  | SCMAudit | user=jenkins1000 | ip=192.168.5.185 | op=SEND_HEARTBEAT {datanodeUUID=3c1188b2-d9c4-43c4-a064-8074509344be, command=[]} | ret=SUCCESS |  
2019-09-18 16:04:08,922 [c3ebd7c4-785c-44df-867b-40d40a93f6b6:group-AA92D0ED21CA:LeaderElection28] INFO  impl.LeaderElection (LeaderElection.java:logAndReturn(56)) - c3ebd7c4-785c-44df-867b-40d40a93f6b6:group-AA92D0ED21CA:LeaderElection28: Election REJECTED; received 0 response(s) [] and 0 exception(s); c3ebd7c4-785c-44df-867b-40d40a93f6b6:t2, leader=null, voted=c3ebd7c4-785c-44df-867b-40d40a93f6b6, raftlog=c3ebd7c4-785c-44df-867b-40d40a93f6b6-SegmentedRaftLog:OPENED:c-1,f-1,i0, conf=-1: [3c1188b2-d9c4-43c4-a064-8074509344be:192.168.5.185:39492, b967ad35-fbe7-4f25-8554-0bf78a3d522c:192.168.5.185:40682, c3ebd7c4-785c-44df-867b-40d40a93f6b6:192.168.5.185:46765], old=null
2019-09-18 16:04:08,927 [Thread-1499] INFO  impl.FollowerState (FollowerState.java:run(106)) - c3ebd7c4-785c-44df-867b-40d40a93f6b6:group-9F229A982767 changes to CANDIDATE, lastRpcTime:5161, electionTimeout:5159ms
2019-09-18 16:04:08,927 [Thread-1499] INFO  impl.RoleInfo (RoleInfo.java:shutdownFollowerState(121)) - c3ebd7c4-785c-44df-867b-40d40a93f6b6: shutdown FollowerState
2019-09-18 16:04:08,927 [grpc-default-executor-5] INFO  impl.RaftServerImpl (ServerState.java:setRaftConf(361)) - 3c1188b2-d9c4-43c4-a064-8074509344be:group-AA92D0ED21CA set configuration 0: [3c1188b2-d9c4-43c4-a064-8074509344be:192.168.5.185:39492, b967ad35-fbe7-4f25-8554-0bf78a3d522c:192.168.5.185:40682, c3ebd7c4-785c-44df-867b-40d40a93f6b6:192.168.5.185:46765], old=null at 0
2019-09-18 16:04:08,927 [Thread-1499] INFO  impl.RaftServerImpl (RaftServerImpl.java:setRole(171)) - c3ebd7c4-785c-44df-867b-40d40a93f6b6:group-9F229A982767 changes role from FOLLOWER to CANDIDATE at term 0 for changeToCandidate
2019-09-18 16:04:08,927 [Thread-1561] INFO  impl.RaftServerImpl (ServerState.java:setLeader(263)) - b967ad35-fbe7-4f25-8554-0bf78a3d522c:group-AA92D0ED21CA change Leader from b967ad35-fbe7-4f25-8554-0bf78a3d522c to null at term 2 for updateCurrentTerm
2019-09-18 16:04:08,927 [grpc-default-executor-5] INFO  segmented.SegmentedRaftLogWorker (SegmentedRaftLogWorker.java:startLogSegment(380)) - 3c1188b2-d9c4-43c4-a064-8074509344be-SegmentedRaftLogWorker:Storage Directory /workdir/hadoop-ozone/integration-test/target/test-dir/MiniOzoneClusterImpl-c717418d-2af0-42af-8782-89586fb16a72/datanode-2/data/ratis/d0b92187-fd92-4537-9987-aa92d0ed21ca: Starting segment from index:0
2019-09-18 16:04:08,928 [Thread-1561] INFO  impl.RaftServerImpl (RaftServerImpl.java:setRole(171)) - b967ad35-fbe7-4f25-8554-0bf78a3d522c:group-AA92D0ED21CA changes role from LEADER to FOLLOWER at term 2 for stepDown
2019-09-18 16:04:08,927 [Thread-1499] INFO  impl.RoleInfo (RoleInfo.java:updateAndGet(143)) - c3ebd7c4-785c-44df-867b-40d40a93f6b6: start LeaderElection
2019-09-18 16:04:08,928 [Thread-1561] INFO  impl.RoleInfo (RoleInfo.java:shutdownLeaderState(104)) - b967ad35-fbe7-4f25-8554-0bf78a3d522c: shutdown LeaderState
2019-09-18 16:04:08,972 [Thread-1561] INFO  impl.PendingRequests (PendingRequests.java:sendNotLeaderResponses(202)) - b967ad35-fbe7-4f25-8554-0bf78a3d522c-PendingRequests: sendNotLeaderResponses
2019-09-18 16:04:08,972 [org.apache.ratis.server.impl.LogAppender$AppenderDaemon$$Lambda$811/1090075399@7de787a9] WARN  server.GrpcLogAppender (GrpcLogAppender.java:mayWait(143)) - GrpcLogAppender(b967ad35-fbe7-4f25-8554-0bf78a3d522c->c3ebd7c4-785c-44df-867b-40d40a93f6b6): Wait interrupted by java.lang.InterruptedException
2019-09-18 16:04:08,972 [b967ad35-fbe7-4f25-8554-0bf78a3d522c-SegmentedRaftLogWorker:Storage Directory /workdir/hadoop-ozone/integration-test/target/test-dir/MiniOzoneClusterImpl-c717418d-2af0-42af-8782-89586fb16a72/datanode-0/data/ratis/d0b92187-fd92-4537-9987-aa92d0ed21ca] INFO  segmented.SegmentedRaftLogWorker (SegmentedRaftLogWorker.java:execute(569)) - b967ad35-fbe7-4f25-8554-0bf78a3d522c-SegmentedRaftLogWorker:Storage Directory /workdir/hadoop-ozone/integration-test/target/test-dir/MiniOzoneClusterImpl-c717418d-2af0-42af-8782-89586fb16a72/datanode-0/data/ratis/d0b92187-fd92-4537-9987-aa92d0ed21ca: created new log segment /workdir/hadoop-ozone/integration-test/target/test-dir/MiniOzoneClusterImpl-c717418d-2af0-42af-8782-89586fb16a72/datanode-0/data/ratis/d0b92187-fd92-4537-9987-aa92d0ed21ca/current/log_inprogress_0
2019-09-18 16:04:08,972 [org.apache.ratis.server.impl.LogAppender$AppenderDaemon$$Lambda$811/1090075399@38e51ed1] WARN  server.GrpcLogAppender (GrpcLogAppender.java:mayWait(143)) - GrpcLogAppender(b967ad35-fbe7-4f25-8554-0bf78a3d522c->3c1188b2-d9c4-43c4-a064-8074509344be): Wait interrupted by java.lang.InterruptedException
2019-09-18 16:04:08,972 [Thread-1561] INFO  impl.RoleInfo (RoleInfo.java:updateAndGet(143)) - b967ad35-fbe7-4f25-8554-0bf78a3d522c: start FollowerState
2019-09-18 16:04:08,978 [grpc-default-executor-5] INFO  server.GrpcServerProtocolService (GrpcServerProtocolService.java:onCompleted(104)) - c3ebd7c4-785c-44df-867b-40d40a93f6b6: appendEntries completed
2019-09-18 16:04:08,978 [grpc-default-executor-0] INFO  server.GrpcServerProtocolService (GrpcServerProtocolService.java:onCompleted(104)) - 3c1188b2-d9c4-43c4-a064-8074509344be: appendEntries completed
2019-09-18 16:04:08,995 [grpc-default-executor-0] INFO  server.GrpcLogAppender (GrpcLogAppender.java:onCompleted(292)) - b967ad35-fbe7-4f25-8554-0bf78a3d522c->c3ebd7c4-785c-44df-867b-40d40a93f6b6: follower responses appendEntries COMPLETED
2019-09-18 16:04:08,995 [grpc-default-executor-4] INFO  server.GrpcLogAppender (GrpcLogAppender.java:onCompleted(292)) - b967ad35-fbe7-4f25-8554-0bf78a3d522c->3c1188b2-d9c4-43c4-a064-8074509344be: follower responses appendEntries COMPLETED
2019-09-18 16:04:08,996 [grpc-default-executor-0] INFO  impl.FollowerInfo (FollowerInfo.java:lambda$new$0(50)) - b967ad35-fbe7-4f25-8554-0bf78a3d522c->c3ebd7c4-785c-44df-867b-40d40a93f6b6: nextIndex: updateUnconditionally 0 -> 0
2019-09-18 16:04:08,996 [grpc-default-executor-4] INFO  impl.FollowerInfo (FollowerInfo.java:lambda$new$0(50)) - b967ad35-fbe7-4f25-8554-0bf78a3d522c->3c1188b2-d9c4-43c4-a064-8074509344be: nextIndex: updateUnconditionally 1 -> 0
2019-09-18 16:04:08,997 [c3ebd7c4-785c-44df-867b-40d40a93f6b6:group-9F229A982767:LeaderElection29] INFO  impl.LeaderElection (LeaderElection.java:askForVotes(181)) - c3ebd7c4-785c-44df-867b-40d40a93f6b6:group-9F229A982767:LeaderElection29: begin an election at term 1 for -1: [c3ebd7c4-785c-44df-867b-40d40a93f6b6:192.168.5.185:46765], old=null
2019-09-18 16:04:08,996 [3c1188b2-d9c4-43c4-a064-8074509344be-SegmentedRaftLogWorker:Storage Directory /workdir/hadoop-ozone/integration-test/target/test-dir/MiniOzoneClusterImpl-c717418d-2af0-42af-8782-89586fb16a72/datanode-2/data/ratis/d0b92187-fd92-4537-9987-aa92d0ed21ca] INFO  segmented.SegmentedRaftLogWorker (SegmentedRaftLogWorker.java:execute(569)) - 3c1188b2-d9c4-43c4-a064-8074509344be-SegmentedRaftLogWorker:Storage Directory /workdir/hadoop-ozone/integration-test/target/test-dir/MiniOzoneClusterImpl-c717418d-2af0-42af-8782-89586fb16a72/datanode-2/data/ratis/d0b92187-fd92-4537-9987-aa92d0ed21ca: created new log segment /workdir/hadoop-ozone/integration-test/target/test-dir/MiniOzoneClusterImpl-c717418d-2af0-42af-8782-89586fb16a72/datanode-2/data/ratis/d0b92187-fd92-4537-9987-aa92d0ed21ca/current/log_inprogress_0
2019-09-18 16:04:08,996 [grpc-default-executor-5] INFO  impl.RaftServerImpl (ServerState.java:setLeader(263)) - 3c1188b2-d9c4-43c4-a064-8074509344be:group-AA92D0ED21CA change Leader from b967ad35-fbe7-4f25-8554-0bf78a3d522c to null at term 2 for updateCurrentTerm
2019-09-18 16:04:09,005 [c3ebd7c4-785c-44df-867b-40d40a93f6b6:group-9F229A982767:LeaderElection29] INFO  impl.RoleInfo (RoleInfo.java:shutdownLeaderElection(134)) - c3ebd7c4-785c-44df-867b-40d40a93f6b6: shutdown LeaderElection
2019-09-18 16:04:09,005 [grpc-default-executor-2] INFO  impl.RaftServerImpl (RaftServerImpl.java:setRole(171)) - b967ad35-fbe7-4f25-8554-0bf78a3d522c:group-AA92D0ED21CA changes role from FOLLOWER to FOLLOWER at term 2 for recognizeCandidate:c3ebd7c4-785c-44df-867b-40d40a93f6b6
2019-09-18 16:04:09,006 [c3ebd7c4-785c-44df-867b-40d40a93f6b6:group-9F229A982767:LeaderElection29] INFO  impl.RaftServerImpl (RaftServerImpl.java:setRole(171)) - c3ebd7c4-785c-44df-867b-40d40a93f6b6:group-9F229A982767 changes role from CANDIDATE to LEADER at term 1 for changeToLeader
2019-09-18 16:04:09,006 [grpc-default-executor-5] INFO  impl.RaftServerImpl (RaftServerImpl.java:setRole(171)) - 3c1188b2-d9c4-43c4-a064-8074509344be:group-AA92D0ED21CA changes role from FOLLOWER to FOLLOWER at term 2 for recognizeCandidate:c3ebd7c4-785c-44df-867b-40d40a93f6b6
2019-09-18 16:04:09,006 [c3ebd7c4-785c-44df-867b-40d40a93f6b6:group-9F229A982767:LeaderElection29] INFO  impl.RaftServerImpl (ServerState.java:setLeader(263)) - c3ebd7c4-785c-44df-867b-40d40a93f6b6:group-9F229A982767 change Leader from null to c3ebd7c4-785c-44df-867b-40d40a93f6b6 at term 1 for becomeLeader, leader elected after 5245ms
2019-09-18 16:04:09,006 [grpc-default-executor-2] INFO  impl.RoleInfo (RoleInfo.java:shutdownFollowerState(121)) - b967ad35-fbe7-4f25-8554-0bf78a3d522c: shutdown FollowerState
2019-09-18 16:04:09,007 [c3ebd7c4-785c-44df-867b-40d40a93f6b6:group-9F229A982767:LeaderElection29] INFO  server.RaftServerConfigKeys (ConfUtils.java:logGet(43)) - raft.server.staging.catchup.gap = 1000 (default)
2019-09-18 16:04:09,006 [grpc-default-executor-5] INFO  impl.RoleInfo (RoleInfo.java:shutdownFollowerState(121)) - 3c1188b2-d9c4-43c4-a064-8074509344be: shutdown FollowerState
2019-09-18 16:04:09,007 [c3ebd7c4-785c-44df-867b-40d40a93f6b6:group-9F229A982767:LeaderElection29] INFO  server.RaftServerConfigKeys (ConfUtils.java:logGet(43)) - raft.server.rpc.sleep.time = 25ms (default)
2019-09-18 16:04:09,007 [Thread-1570] INFO  impl.FollowerState (FollowerState.java:run(114)) - b967ad35-fbe7-4f25-8554-0bf78a3d522c: FollowerState was interrupted: java.lang.InterruptedException: sleep interrupted
2019-09-18 16:04:09,007 [grpc-default-executor-2] INFO  impl.RoleInfo (RoleInfo.java:updateAndGet(143)) - b967ad35-fbe7-4f25-8554-0bf78a3d522c: start FollowerState
2019-09-18 16:04:09,008 [c3ebd7c4-785c-44df-867b-40d40a93f6b6:group-9F229A982767:LeaderElection29] INFO  server.RaftServerConfigKeys (ConfUtils.java:logGet(43)) - raft.server.write.element-limit = 4096 (default)
2019-09-18 16:04:09,007 [Thread-1558] INFO  impl.FollowerState (FollowerState.java:run(114)) - 3c1188b2-d9c4-43c4-a064-8074509344be: FollowerState was interrupted: java.lang.InterruptedException: sleep interrupted
2019-09-18 16:04:09,007 [grpc-default-executor-5] INFO  impl.RoleInfo (RoleInfo.java:updateAndGet(143)) - 3c1188b2-d9c4-43c4-a064-8074509344be: start FollowerState
2019-09-18 16:04:09,013 [c3ebd7c4-785c-44df-867b-40d40a93f6b6:group-9F229A982767:LeaderElection29] INFO  server.RaftServerConfigKeys (ConfUtils.java:logGet(43)) - raft.server.watch.timeout = 10s (default)
2019-09-18 16:04:09,017 [c3ebd7c4-785c-44df-867b-40d40a93f6b6:group-9F229A982767:LeaderElection29] INFO  server.RaftServerConfigKeys (ConfUtils.java:logGet(43)) - raft.server.watch.timeout.denomination = 1s (default)
2019-09-18 16:04:09,017 [c3ebd7c4-785c-44df-867b-40d40a93f6b6:group-9F229A982767:LeaderElection29] INFO  server.RaftServerConfigKeys (ConfUtils.java:logGet(43)) - raft.server.watch.element-limit = 65536 (default)
2019-09-18 16:04:09,017 [c3ebd7c4-785c-44df-867b-40d40a93f6b6:group-9F229A982767:LeaderElection29] INFO  impl.RoleInfo (RoleInfo.java:updateAndGet(143)) - c3ebd7c4-785c-44df-867b-40d40a93f6b6: start LeaderState
2019-09-18 16:04:09,020 [c3ebd7c4-785c-44df-867b-40d40a93f6b6:group-9F229A982767:LeaderElection29] INFO  segmented.SegmentedRaftLogWorker (SegmentedRaftLogWorker.java:startLogSegment(380)) - c3ebd7c4-785c-44df-867b-40d40a93f6b6-SegmentedRaftLogWorker:Storage Directory /workdir/hadoop-ozone/integration-test/target/test-dir/MiniOzoneClusterImpl-c717418d-2af0-42af-8782-89586fb16a72/datanode-1/data/ratis/cc3ead6b-9e75-413a-9899-9f229a982767: Starting segment from index:0
2019-09-18 16:04:09,030 [c3ebd7c4-785c-44df-867b-40d40a93f6b6:group-9F229A982767:LeaderElection29] INFO  impl.RaftServerImpl (ServerState.java:setRaftConf(361)) - c3ebd7c4-785c-44df-867b-40d40a93f6b6:group-9F229A982767 set configuration 0: [c3ebd7c4-785c-44df-867b-40d40a93f6b6:192.168.5.185:46765], old=null at 0
2019-09-18 16:04:09,031 | INFO  | SCMAudit | user=jenkins1000 | ip=192.168.5.185 | op=SEND_HEARTBEAT {datanodeUUID=9b3ecbfa-8029-4b82-b8b0-ff011ceea2cc, command=[]} | ret=SUCCESS |  
2019-09-18 16:04:09,081 [c3ebd7c4-785c-44df-867b-40d40a93f6b6-SegmentedRaftLogWorker:Storage Directory /workdir/hadoop-ozone/integration-test/target/test-dir/MiniOzoneClusterImpl-c717418d-2af0-42af-8782-89586fb16a72/datanode-1/data/ratis/cc3ead6b-9e75-413a-9899-9f229a982767] INFO  segmented.SegmentedRaftLogWorker (SegmentedRaftLogWorker.java:execute(569)) - c3ebd7c4-785c-44df-867b-40d40a93f6b6-SegmentedRaftLogWorker:Storage Directory /workdir/hadoop-ozone/integration-test/target/test-dir/MiniOzoneClusterImpl-c717418d-2af0-42af-8782-89586fb16a72/datanode-1/data/ratis/cc3ead6b-9e75-413a-9899-9f229a982767: created new log segment /workdir/hadoop-ozone/integration-test/target/test-dir/MiniOzoneClusterImpl-c717418d-2af0-42af-8782-89586fb16a72/datanode-1/data/ratis/cc3ead6b-9e75-413a-9899-9f229a982767/current/log_inprogress_0
2019-09-18 16:04:09,115 [Thread-1505] INFO  impl.FollowerState (FollowerState.java:run(106)) - 3c1188b2-d9c4-43c4-a064-8074509344be:group-86BB392378BD changes to CANDIDATE, lastRpcTime:5072, electionTimeout:5072ms
2019-09-18 16:04:09,115 [Thread-1505] INFO  impl.RoleInfo (RoleInfo.java:shutdownFollowerState(121)) - 3c1188b2-d9c4-43c4-a064-8074509344be: shutdown FollowerState
2019-09-18 16:04:09,115 [Thread-1505] INFO  impl.RaftServerImpl (RaftServerImpl.java:setRole(171)) - 3c1188b2-d9c4-43c4-a064-8074509344be:group-86BB392378BD changes role from FOLLOWER to CANDIDATE at term 0 for changeToCandidate
2019-09-18 16:04:09,115 [Thread-1505] INFO  impl.RoleInfo (RoleInfo.java:updateAndGet(143)) - 3c1188b2-d9c4-43c4-a064-8074509344be: start LeaderElection
2019-09-18 16:04:09,136 | INFO  | SCMAudit | user=jenkins1000 | ip=192.168.5.185 | op=SEND_HEARTBEAT {datanodeUUID=29fde90f-65f3-4179-b334-ec735bc1e6ab, command=[]} | ret=SUCCESS |  
2019-09-18 16:04:09,156 [3c1188b2-d9c4-43c4-a064-8074509344be:group-86BB392378BD:LeaderElection30] INFO  impl.LeaderElection (LeaderElection.java:askForVotes(181)) - 3c1188b2-d9c4-43c4-a064-8074509344be:group-86BB392378BD:LeaderElection30: begin an election at term 1 for -1: [3c1188b2-d9c4-43c4-a064-8074509344be:192.168.5.185:39492], old=null
2019-09-18 16:04:09,156 [3c1188b2-d9c4-43c4-a064-8074509344be:group-86BB392378BD:LeaderElection30] INFO  impl.RoleInfo (RoleInfo.java:shutdownLeaderElection(134)) - 3c1188b2-d9c4-43c4-a064-8074509344be: shutdown LeaderElection
2019-09-18 16:04:09,156 [3c1188b2-d9c4-43c4-a064-8074509344be:group-86BB392378BD:LeaderElection30] INFO  impl.RaftServerImpl (RaftServerImpl.java:setRole(171)) - 3c1188b2-d9c4-43c4-a064-8074509344be:group-86BB392378BD changes role from CANDIDATE to LEADER at term 1 for changeToLeader
2019-09-18 16:04:09,156 [3c1188b2-d9c4-43c4-a064-8074509344be:group-86BB392378BD:LeaderElection30] INFO  impl.RaftServerImpl (ServerState.java:setLeader(263)) - 3c1188b2-d9c4-43c4-a064-8074509344be:group-86BB392378BD change Leader from null to 3c1188b2-d9c4-43c4-a064-8074509344be at term 1 for becomeLeader, leader elected after 5119ms
2019-09-18 16:04:09,157 [3c1188b2-d9c4-43c4-a064-8074509344be:group-86BB392378BD:LeaderElection30] INFO  server.RaftServerConfigKeys (ConfUtils.java:logGet(43)) - raft.server.staging.catchup.gap = 1000 (default)
2019-09-18 16:04:09,157 [3c1188b2-d9c4-43c4-a064-8074509344be:group-86BB392378BD:LeaderElection30] INFO  server.RaftServerConfigKeys (ConfUtils.java:logGet(43)) - raft.server.rpc.sleep.time = 25ms (default)
2019-09-18 16:04:09,157 [3c1188b2-d9c4-43c4-a064-8074509344be:group-86BB392378BD:LeaderElection30] INFO  server.RaftServerConfigKeys (ConfUtils.java:logGet(43)) - raft.server.write.element-limit = 4096 (default)
2019-09-18 16:04:09,157 [3c1188b2-d9c4-43c4-a064-8074509344be:group-86BB392378BD:LeaderElection30] INFO  server.RaftServerConfigKeys (ConfUtils.java:logGet(43)) - raft.server.watch.timeout = 10s (default)
2019-09-18 16:04:09,157 [3c1188b2-d9c4-43c4-a064-8074509344be:group-86BB392378BD:LeaderElection30] INFO  server.RaftServerConfigKeys (ConfUtils.java:logGet(43)) - raft.server.watch.timeout.denomination = 1s (default)
2019-09-18 16:04:09,157 [3c1188b2-d9c4-43c4-a064-8074509344be:group-86BB392378BD:LeaderElection30] INFO  server.RaftServerConfigKeys (ConfUtils.java:logGet(43)) - raft.server.watch.element-limit = 65536 (default)
2019-09-18 16:04:09,158 [3c1188b2-d9c4-43c4-a064-8074509344be:group-86BB392378BD:LeaderElection30] INFO  impl.RoleInfo (RoleInfo.java:updateAndGet(143)) - 3c1188b2-d9c4-43c4-a064-8074509344be: start LeaderState
2019-09-18 16:04:09,158 [3c1188b2-d9c4-43c4-a064-8074509344be:group-86BB392378BD:LeaderElection30] INFO  segmented.SegmentedRaftLogWorker (SegmentedRaftLogWorker.java:startLogSegment(380)) - 3c1188b2-d9c4-43c4-a064-8074509344be-SegmentedRaftLogWorker:Storage Directory /workdir/hadoop-ozone/integration-test/target/test-dir/MiniOzoneClusterImpl-c717418d-2af0-42af-8782-89586fb16a72/datanode-2/data/ratis/f36b64ef-a378-4e67-9147-86bb392378bd: Starting segment from index:0
2019-09-18 16:04:09,159 [3c1188b2-d9c4-43c4-a064-8074509344be:group-86BB392378BD:LeaderElection30] INFO  impl.RaftServerImpl (ServerState.java:setRaftConf(361)) - 3c1188b2-d9c4-43c4-a064-8074509344be:group-86BB392378BD set configuration 0: [3c1188b2-d9c4-43c4-a064-8074509344be:192.168.5.185:39492], old=null at 0
2019-09-18 16:04:09,213 [3c1188b2-d9c4-43c4-a064-8074509344be-SegmentedRaftLogWorker:Storage Directory /workdir/hadoop-ozone/integration-test/target/test-dir/MiniOzoneClusterImpl-c717418d-2af0-42af-8782-89586fb16a72/datanode-2/data/ratis/f36b64ef-a378-4e67-9147-86bb392378bd] INFO  segmented.SegmentedRaftLogWorker (SegmentedRaftLogWorker.java:execute(569)) - 3c1188b2-d9c4-43c4-a064-8074509344be-SegmentedRaftLogWorker:Storage Directory /workdir/hadoop-ozone/integration-test/target/test-dir/MiniOzoneClusterImpl-c717418d-2af0-42af-8782-89586fb16a72/datanode-2/data/ratis/f36b64ef-a378-4e67-9147-86bb392378bd: created new log segment /workdir/hadoop-ozone/integration-test/target/test-dir/MiniOzoneClusterImpl-c717418d-2af0-42af-8782-89586fb16a72/datanode-2/data/ratis/f36b64ef-a378-4e67-9147-86bb392378bd/current/log_inprogress_0
2019-09-18 16:04:09,290 [grpc-default-executor-5] INFO  client.GrpcClientProtocolClient (GrpcClientProtocolClient.java:onNext(255)) - client-920598ACECDB->b967ad35-fbe7-4f25-8554-0bf78a3d522c: receive RaftClientReply:client-920598ACECDB->b967ad35-fbe7-4f25-8554-0bf78a3d522c@group-AA92D0ED21CA, cid=66, FAILED org.apache.ratis.protocol.NotLeaderException: Server b967ad35-fbe7-4f25-8554-0bf78a3d522c is not the leader (null). Request must be sent to leader., logIndex=0, commits[b967ad35-fbe7-4f25-8554-0bf78a3d522c:c-1, 3c1188b2-d9c4-43c4-a064-8074509344be:c-1, c3ebd7c4-785c-44df-867b-40d40a93f6b6:c-1]
2019-09-18 16:04:09,340 [Thread-1511] INFO  impl.FollowerState (FollowerState.java:run(106)) - 29fde90f-65f3-4179-b334-ec735bc1e6ab:group-A82706B55A33 changes to CANDIDATE, lastRpcTime:5156, electionTimeout:5156ms
2019-09-18 16:04:09,340 [Thread-1511] INFO  impl.RoleInfo (RoleInfo.java:shutdownFollowerState(121)) - 29fde90f-65f3-4179-b334-ec735bc1e6ab: shutdown FollowerState
2019-09-18 16:04:09,340 [Thread-1511] INFO  impl.RaftServerImpl (RaftServerImpl.java:setRole(171)) - 29fde90f-65f3-4179-b334-ec735bc1e6ab:group-A82706B55A33 changes role from FOLLOWER to CANDIDATE at term 0 for changeToCandidate
2019-09-18 16:04:09,340 [Thread-1511] INFO  impl.RoleInfo (RoleInfo.java:updateAndGet(143)) - 29fde90f-65f3-4179-b334-ec735bc1e6ab: start LeaderElection
2019-09-18 16:04:09,348 [Thread-1514] INFO  impl.FollowerState (FollowerState.java:run(106)) - 29fde90f-65f3-4179-b334-ec735bc1e6ab:group-7785287A5B5E changes to CANDIDATE, lastRpcTime:5106, electionTimeout:5104ms
2019-09-18 16:04:09,349 [Thread-1514] INFO  impl.RoleInfo (RoleInfo.java:shutdownFollowerState(121)) - 29fde90f-65f3-4179-b334-ec735bc1e6ab: shutdown FollowerState
2019-09-18 16:04:09,349 [Thread-1514] INFO  impl.RaftServerImpl (RaftServerImpl.java:setRole(171)) - 29fde90f-65f3-4179-b334-ec735bc1e6ab:group-7785287A5B5E changes role from FOLLOWER to CANDIDATE at term 0 for changeToCandidate
2019-09-18 16:04:09,349 [Thread-1514] INFO  impl.RoleInfo (RoleInfo.java:updateAndGet(143)) - 29fde90f-65f3-4179-b334-ec735bc1e6ab: start LeaderElection
2019-09-18 16:04:09,396 [29fde90f-65f3-4179-b334-ec735bc1e6ab:group-7785287A5B5E:LeaderElection32] INFO  impl.LeaderElection (LeaderElection.java:askForVotes(181)) - 29fde90f-65f3-4179-b334-ec735bc1e6ab:group-7785287A5B5E:LeaderElection32: begin an election at term 1 for -1: [29fde90f-65f3-4179-b334-ec735bc1e6ab:192.168.5.185:42053, 51519769-3f92-4b39-a98d-c9708c58c8a7:192.168.5.185:45986, af8ef8ac-d9e5-4930-bc45-5cd79380c82c:192.168.5.185:33737], old=null
2019-09-18 16:04:09,396 [29fde90f-65f3-4179-b334-ec735bc1e6ab:group-A82706B55A33:LeaderElection31] INFO  impl.LeaderElection (LeaderElection.java:askForVotes(181)) - 29fde90f-65f3-4179-b334-ec735bc1e6ab:group-A82706B55A33:LeaderElection31: begin an election at term 1 for -1: [29fde90f-65f3-4179-b334-ec735bc1e6ab:192.168.5.185:42053], old=null
2019-09-18 16:04:09,396 [29fde90f-65f3-4179-b334-ec735bc1e6ab:group-A82706B55A33:LeaderElection31] INFO  impl.RoleInfo (RoleInfo.java:shutdownLeaderElection(134)) - 29fde90f-65f3-4179-b334-ec735bc1e6ab: shutdown LeaderElection
2019-09-18 16:04:09,396 [29fde90f-65f3-4179-b334-ec735bc1e6ab:group-A82706B55A33:LeaderElection31] INFO  impl.RaftServerImpl (RaftServerImpl.java:setRole(171)) - 29fde90f-65f3-4179-b334-ec735bc1e6ab:group-A82706B55A33 changes role from CANDIDATE to LEADER at term 1 for changeToLeader
2019-09-18 16:04:09,396 [29fde90f-65f3-4179-b334-ec735bc1e6ab:group-A82706B55A33:LeaderElection31] INFO  impl.RaftServerImpl (ServerState.java:setLeader(263)) - 29fde90f-65f3-4179-b334-ec735bc1e6ab:group-A82706B55A33 change Leader from null to 29fde90f-65f3-4179-b334-ec735bc1e6ab at term 1 for becomeLeader, leader elected after 5216ms
2019-09-18 16:04:09,397 [29fde90f-65f3-4179-b334-ec735bc1e6ab:group-A82706B55A33:LeaderElection31] INFO  server.RaftServerConfigKeys (ConfUtils.java:logGet(43)) - raft.server.staging.catchup.gap = 1000 (default)
2019-09-18 16:04:09,397 [29fde90f-65f3-4179-b334-ec735bc1e6ab:group-A82706B55A33:LeaderElection31] INFO  server.RaftServerConfigKeys (ConfUtils.java:logGet(43)) - raft.server.rpc.sleep.time = 25ms (default)
2019-09-18 16:04:09,397 [29fde90f-65f3-4179-b334-ec735bc1e6ab:group-A82706B55A33:LeaderElection31] INFO  server.RaftServerConfigKeys (ConfUtils.java:logGet(43)) - raft.server.write.element-limit = 4096 (default)
2019-09-18 16:04:09,397 [29fde90f-65f3-4179-b334-ec735bc1e6ab:group-A82706B55A33:LeaderElection31] INFO  server.RaftServerConfigKeys (ConfUtils.java:logGet(43)) - raft.server.watch.timeout = 10s (default)
2019-09-18 16:04:09,397 [29fde90f-65f3-4179-b334-ec735bc1e6ab:group-A82706B55A33:LeaderElection31] INFO  server.RaftServerConfigKeys (ConfUtils.java:logGet(43)) - raft.server.watch.timeout.denomination = 1s (default)
2019-09-18 16:04:09,398 [29fde90f-65f3-4179-b334-ec735bc1e6ab:group-A82706B55A33:LeaderElection31] INFO  server.RaftServerConfigKeys (ConfUtils.java:logGet(43)) - raft.server.watch.element-limit = 65536 (default)
2019-09-18 16:04:09,398 [29fde90f-65f3-4179-b334-ec735bc1e6ab:group-A82706B55A33:LeaderElection31] INFO  impl.RoleInfo (RoleInfo.java:updateAndGet(143)) - 29fde90f-65f3-4179-b334-ec735bc1e6ab: start LeaderState
2019-09-18 16:04:09,398 [29fde90f-65f3-4179-b334-ec735bc1e6ab:group-A82706B55A33:LeaderElection31] INFO  segmented.SegmentedRaftLogWorker (SegmentedRaftLogWorker.java:startLogSegment(380)) - 29fde90f-65f3-4179-b334-ec735bc1e6ab-SegmentedRaftLogWorker:Storage Directory /workdir/hadoop-ozone/integration-test/target/test-dir/MiniOzoneClusterImpl-c717418d-2af0-42af-8782-89586fb16a72/datanode-3/data/ratis/276610e5-82c9-45f9-a6f5-a82706b55a33: Starting segment from index:0
2019-09-18 16:04:09,402 [29fde90f-65f3-4179-b334-ec735bc1e6ab:group-A82706B55A33:LeaderElection31] INFO  impl.RaftServerImpl (ServerState.java:setRaftConf(361)) - 29fde90f-65f3-4179-b334-ec735bc1e6ab:group-A82706B55A33 set configuration 0: [29fde90f-65f3-4179-b334-ec735bc1e6ab:192.168.5.185:42053], old=null at 0
2019-09-18 16:04:09,446 [grpc-default-executor-5] INFO  impl.RaftServerImpl (RaftServerImpl.java:setRole(171)) - 51519769-3f92-4b39-a98d-c9708c58c8a7:group-7785287A5B5E changes role from FOLLOWER to FOLLOWER at term 1 for recognizeCandidate:29fde90f-65f3-4179-b334-ec735bc1e6ab
2019-09-18 16:04:09,448 [grpc-default-executor-5] INFO  impl.RoleInfo (RoleInfo.java:shutdownFollowerState(121)) - 51519769-3f92-4b39-a98d-c9708c58c8a7: shutdown FollowerState
2019-09-18 16:04:09,449 [grpc-default-executor-5] INFO  impl.RoleInfo (RoleInfo.java:updateAndGet(143)) - 51519769-3f92-4b39-a98d-c9708c58c8a7: start FollowerState
2019-09-18 16:04:09,451 [Thread-1520] INFO  impl.FollowerState (FollowerState.java:run(114)) - 51519769-3f92-4b39-a98d-c9708c58c8a7: FollowerState was interrupted: java.lang.InterruptedException: sleep interrupted
2019-09-18 16:04:09,451 [grpc-default-executor-2] INFO  impl.RaftServerImpl (RaftServerImpl.java:setRole(171)) - af8ef8ac-d9e5-4930-bc45-5cd79380c82c:group-7785287A5B5E changes role from FOLLOWER to FOLLOWER at term 1 for recognizeCandidate:29fde90f-65f3-4179-b334-ec735bc1e6ab
2019-09-18 16:04:09,454 [grpc-default-executor-2] INFO  impl.RoleInfo (RoleInfo.java:shutdownFollowerState(121)) - af8ef8ac-d9e5-4930-bc45-5cd79380c82c: shutdown FollowerState
2019-09-18 16:04:09,455 [grpc-default-executor-2] INFO  impl.RoleInfo (RoleInfo.java:updateAndGet(143)) - af8ef8ac-d9e5-4930-bc45-5cd79380c82c: start FollowerState
2019-09-18 16:04:09,455 [Thread-1533] INFO  impl.FollowerState (FollowerState.java:run(114)) - af8ef8ac-d9e5-4930-bc45-5cd79380c82c: FollowerState was interrupted: java.lang.InterruptedException: sleep interrupted
2019-09-18 16:04:09,461 | INFO  | SCMAudit | user=jenkins1000 | ip=192.168.5.185 | op=SEND_HEARTBEAT {datanodeUUID=b967ad35-fbe7-4f25-8554-0bf78a3d522c, command=[]} | ret=SUCCESS |  
2019-09-18 16:04:09,466 [29fde90f-65f3-4179-b334-ec735bc1e6ab-SegmentedRaftLogWorker:Storage Directory /workdir/hadoop-ozone/integration-test/target/test-dir/MiniOzoneClusterImpl-c717418d-2af0-42af-8782-89586fb16a72/datanode-3/data/ratis/276610e5-82c9-45f9-a6f5-a82706b55a33] INFO  segmented.SegmentedRaftLogWorker (SegmentedRaftLogWorker.java:execute(569)) - 29fde90f-65f3-4179-b334-ec735bc1e6ab-SegmentedRaftLogWorker:Storage Directory /workdir/hadoop-ozone/integration-test/target/test-dir/MiniOzoneClusterImpl-c717418d-2af0-42af-8782-89586fb16a72/datanode-3/data/ratis/276610e5-82c9-45f9-a6f5-a82706b55a33: created new log segment /workdir/hadoop-ozone/integration-test/target/test-dir/MiniOzoneClusterImpl-c717418d-2af0-42af-8782-89586fb16a72/datanode-3/data/ratis/276610e5-82c9-45f9-a6f5-a82706b55a33/current/log_inprogress_0
2019-09-18 16:04:09,486 [29fde90f-65f3-4179-b334-ec735bc1e6ab:group-7785287A5B5E:LeaderElection32] INFO  impl.LeaderElection (LeaderElection.java:logAndReturn(56)) - 29fde90f-65f3-4179-b334-ec735bc1e6ab:group-7785287A5B5E:LeaderElection32: Election PASSED; received 1 response(s) [29fde90f-65f3-4179-b334-ec735bc1e6ab<-af8ef8ac-d9e5-4930-bc45-5cd79380c82c#0:OK-t1] and 0 exception(s); 29fde90f-65f3-4179-b334-ec735bc1e6ab:t1, leader=null, voted=29fde90f-65f3-4179-b334-ec735bc1e6ab, raftlog=29fde90f-65f3-4179-b334-ec735bc1e6ab-SegmentedRaftLog:OPENED:c-1,f-1,i0, conf=-1: [29fde90f-65f3-4179-b334-ec735bc1e6ab:192.168.5.185:42053, 51519769-3f92-4b39-a98d-c9708c58c8a7:192.168.5.185:45986, af8ef8ac-d9e5-4930-bc45-5cd79380c82c:192.168.5.185:33737], old=null
2019-09-18 16:04:09,486 [29fde90f-65f3-4179-b334-ec735bc1e6ab:group-7785287A5B5E:LeaderElection32] INFO  impl.RoleInfo (RoleInfo.java:shutdownLeaderElection(134)) - 29fde90f-65f3-4179-b334-ec735bc1e6ab: shutdown LeaderElection
2019-09-18 16:04:09,486 [29fde90f-65f3-4179-b334-ec735bc1e6ab:group-7785287A5B5E:LeaderElection32] INFO  impl.RaftServerImpl (RaftServerImpl.java:setRole(171)) - 29fde90f-65f3-4179-b334-ec735bc1e6ab:group-7785287A5B5E changes role from CANDIDATE to LEADER at term 1 for changeToLeader
2019-09-18 16:04:09,486 [29fde90f-65f3-4179-b334-ec735bc1e6ab:group-7785287A5B5E:LeaderElection32] INFO  impl.RaftServerImpl (ServerState.java:setLeader(263)) - 29fde90f-65f3-4179-b334-ec735bc1e6ab:group-7785287A5B5E change Leader from null to 29fde90f-65f3-4179-b334-ec735bc1e6ab at term 1 for becomeLeader, leader elected after 5247ms
2019-09-18 16:04:09,487 [29fde90f-65f3-4179-b334-ec735bc1e6ab:group-7785287A5B5E:LeaderElection32] INFO  server.RaftServerConfigKeys (ConfUtils.java:logGet(43)) - raft.server.staging.catchup.gap = 1000 (default)
2019-09-18 16:04:09,487 [29fde90f-65f3-4179-b334-ec735bc1e6ab:group-7785287A5B5E:LeaderElection32] INFO  server.RaftServerConfigKeys (ConfUtils.java:logGet(43)) - raft.server.rpc.sleep.time = 25ms (default)
2019-09-18 16:04:09,487 [29fde90f-65f3-4179-b334-ec735bc1e6ab:group-7785287A5B5E:LeaderElection32] INFO  server.RaftServerConfigKeys (ConfUtils.java:logGet(43)) - raft.server.write.element-limit = 4096 (default)
2019-09-18 16:04:09,487 [29fde90f-65f3-4179-b334-ec735bc1e6ab:group-7785287A5B5E:LeaderElection32] INFO  server.RaftServerConfigKeys (ConfUtils.java:logGet(43)) - raft.server.watch.timeout = 10s (default)
2019-09-18 16:04:09,487 [29fde90f-65f3-4179-b334-ec735bc1e6ab:group-7785287A5B5E:LeaderElection32] INFO  server.RaftServerConfigKeys (ConfUtils.java:logGet(43)) - raft.server.watch.timeout.denomination = 1s (default)
2019-09-18 16:04:09,487 [29fde90f-65f3-4179-b334-ec735bc1e6ab:group-7785287A5B5E:LeaderElection32] INFO  server.RaftServerConfigKeys (ConfUtils.java:logGet(43)) - raft.server.watch.element-limit = 65536 (default)
2019-09-18 16:04:09,487 [29fde90f-65f3-4179-b334-ec735bc1e6ab:group-7785287A5B5E:LeaderElection32] INFO  server.RaftServerConfigKeys (ConfUtils.java:logGet(43)) - raft.server.log.appender.snapshot.chunk.size.max = 16MB (=16777216) (default)
2019-09-18 16:04:09,488 [29fde90f-65f3-4179-b334-ec735bc1e6ab:group-7785287A5B5E:LeaderElection32] INFO  server.RaftServerConfigKeys (ConfUtils.java:logGet(43)) - raft.server.log.appender.buffer.byte-limit = 33554432 (custom)
2019-09-18 16:04:09,488 [29fde90f-65f3-4179-b334-ec735bc1e6ab:group-7785287A5B5E:LeaderElection32] INFO  server.RaftServerConfigKeys (ConfUtils.java:logGet(43)) - raft.server.log.appender.buffer.element-limit = 1 (custom)
2019-09-18 16:04:09,488 [29fde90f-65f3-4179-b334-ec735bc1e6ab:group-7785287A5B5E:LeaderElection32] INFO  grpc.GrpcConfigKeys$Server (ConfUtils.java:logGet(43)) - raft.grpc.server.leader.outstanding.appends.max = 128 (default)
2019-09-18 16:04:09,488 [29fde90f-65f3-4179-b334-ec735bc1e6ab:group-7785287A5B5E:LeaderElection32] INFO  server.RaftServerConfigKeys (ConfUtils.java:logGet(43)) - raft.server.rpc.request.timeout = 3000ms (default)
2019-09-18 16:04:09,489 [29fde90f-65f3-4179-b334-ec735bc1e6ab:group-7785287A5B5E:LeaderElection32] INFO  server.RaftServerConfigKeys (ConfUtils.java:logGet(43)) - raft.server.log.appender.install.snapshot.enabled = false (custom)
2019-09-18 16:04:09,489 [29fde90f-65f3-4179-b334-ec735bc1e6ab:group-7785287A5B5E:LeaderElection32] INFO  server.RaftServerConfigKeys (ConfUtils.java:logGet(43)) - raft.server.log.appender.snapshot.chunk.size.max = 16MB (=16777216) (default)
2019-09-18 16:04:09,489 [29fde90f-65f3-4179-b334-ec735bc1e6ab:group-7785287A5B5E:LeaderElection32] INFO  server.RaftServerConfigKeys (ConfUtils.java:logGet(43)) - raft.server.log.appender.buffer.byte-limit = 33554432 (custom)
2019-09-18 16:04:09,489 [29fde90f-65f3-4179-b334-ec735bc1e6ab:group-7785287A5B5E:LeaderElection32] INFO  server.RaftServerConfigKeys (ConfUtils.java:logGet(43)) - raft.server.log.appender.buffer.element-limit = 1 (custom)
2019-09-18 16:04:09,489 [29fde90f-65f3-4179-b334-ec735bc1e6ab:group-7785287A5B5E:LeaderElection32] INFO  grpc.GrpcConfigKeys$Server (ConfUtils.java:logGet(43)) - raft.grpc.server.leader.outstanding.appends.max = 128 (default)
2019-09-18 16:04:09,489 [29fde90f-65f3-4179-b334-ec735bc1e6ab:group-7785287A5B5E:LeaderElection32] INFO  server.RaftServerConfigKeys (ConfUtils.java:logGet(43)) - raft.server.rpc.request.timeout = 3000ms (default)
2019-09-18 16:04:09,490 [29fde90f-65f3-4179-b334-ec735bc1e6ab:group-7785287A5B5E:LeaderElection32] INFO  server.RaftServerConfigKeys (ConfUtils.java:logGet(43)) - raft.server.log.appender.install.snapshot.enabled = false (custom)
2019-09-18 16:04:09,490 [29fde90f-65f3-4179-b334-ec735bc1e6ab:group-7785287A5B5E:LeaderElection32] INFO  impl.RoleInfo (RoleInfo.java:updateAndGet(143)) - 29fde90f-65f3-4179-b334-ec735bc1e6ab: start LeaderState
2019-09-18 16:04:09,490 [29fde90f-65f3-4179-b334-ec735bc1e6ab:group-7785287A5B5E:LeaderElection32] INFO  segmented.SegmentedRaftLogWorker (SegmentedRaftLogWorker.java:startLogSegment(380)) - 29fde90f-65f3-4179-b334-ec735bc1e6ab-SegmentedRaftLogWorker:Storage Directory /workdir/hadoop-ozone/integration-test/target/test-dir/MiniOzoneClusterImpl-c717418d-2af0-42af-8782-89586fb16a72/datanode-3/data/ratis/f0ebc8e3-e8de-4b06-b728-7785287a5b5e: Starting segment from index:0
2019-09-18 16:04:09,491 [29fde90f-65f3-4179-b334-ec735bc1e6ab:group-7785287A5B5E:LeaderElection32] INFO  impl.RaftServerImpl (ServerState.java:setRaftConf(361)) - 29fde90f-65f3-4179-b334-ec735bc1e6ab:group-7785287A5B5E set configuration 0: [29fde90f-65f3-4179-b334-ec735bc1e6ab:192.168.5.185:42053, 51519769-3f92-4b39-a98d-c9708c58c8a7:192.168.5.185:45986, af8ef8ac-d9e5-4930-bc45-5cd79380c82c:192.168.5.185:33737], old=null at 0
2019-09-18 16:04:09,493 [grpc-default-executor-5] INFO  impl.RaftServerImpl (ServerState.java:setLeader(263)) - 51519769-3f92-4b39-a98d-c9708c58c8a7:group-7785287A5B5E change Leader from null to 29fde90f-65f3-4179-b334-ec735bc1e6ab at term 1 for appendEntries, leader elected after 4801ms
2019-09-18 16:04:09,493 [grpc-default-executor-2] INFO  impl.RaftServerImpl (ServerState.java:setLeader(263)) - af8ef8ac-d9e5-4930-bc45-5cd79380c82c:group-7785287A5B5E change Leader from null to 29fde90f-65f3-4179-b334-ec735bc1e6ab at term 1 for appendEntries, leader elected after 4500ms
2019-09-18 16:04:09,524 [grpc-default-executor-5] INFO  impl.RaftServerImpl (ServerState.java:setRaftConf(361)) - af8ef8ac-d9e5-4930-bc45-5cd79380c82c:group-7785287A5B5E set configuration 0: [29fde90f-65f3-4179-b334-ec735bc1e6ab:192.168.5.185:42053, 51519769-3f92-4b39-a98d-c9708c58c8a7:192.168.5.185:45986, af8ef8ac-d9e5-4930-bc45-5cd79380c82c:192.168.5.185:33737], old=null at 0
2019-09-18 16:04:09,524 [grpc-default-executor-2] INFO  impl.RaftServerImpl (ServerState.java:setRaftConf(361)) - 51519769-3f92-4b39-a98d-c9708c58c8a7:group-7785287A5B5E set configuration 0: [29fde90f-65f3-4179-b334-ec735bc1e6ab:192.168.5.185:42053, 51519769-3f92-4b39-a98d-c9708c58c8a7:192.168.5.185:45986, af8ef8ac-d9e5-4930-bc45-5cd79380c82c:192.168.5.185:33737], old=null at 0
2019-09-18 16:04:09,525 [grpc-default-executor-5] INFO  segmented.SegmentedRaftLogWorker (SegmentedRaftLogWorker.java:startLogSegment(380)) - af8ef8ac-d9e5-4930-bc45-5cd79380c82c-SegmentedRaftLogWorker:Storage Directory /workdir/hadoop-ozone/integration-test/target/test-dir/MiniOzoneClusterImpl-c717418d-2af0-42af-8782-89586fb16a72/datanode-5/data/ratis/f0ebc8e3-e8de-4b06-b728-7785287a5b5e: Starting segment from index:0
2019-09-18 16:04:09,525 [grpc-default-executor-2] INFO  segmented.SegmentedRaftLogWorker (SegmentedRaftLogWorker.java:startLogSegment(380)) - 51519769-3f92-4b39-a98d-c9708c58c8a7-SegmentedRaftLogWorker:Storage Directory /workdir/hadoop-ozone/integration-test/target/test-dir/MiniOzoneClusterImpl-c717418d-2af0-42af-8782-89586fb16a72/datanode-4/data/ratis/f0ebc8e3-e8de-4b06-b728-7785287a5b5e: Starting segment from index:0
2019-09-18 16:04:09,542 [29fde90f-65f3-4179-b334-ec735bc1e6ab-SegmentedRaftLogWorker:Storage Directory /workdir/hadoop-ozone/integration-test/target/test-dir/MiniOzoneClusterImpl-c717418d-2af0-42af-8782-89586fb16a72/datanode-3/data/ratis/f0ebc8e3-e8de-4b06-b728-7785287a5b5e] INFO  segmented.SegmentedRaftLogWorker (SegmentedRaftLogWorker.java:execute(569)) - 29fde90f-65f3-4179-b334-ec735bc1e6ab-SegmentedRaftLogWorker:Storage Directory /workdir/hadoop-ozone/integration-test/target/test-dir/MiniOzoneClusterImpl-c717418d-2af0-42af-8782-89586fb16a72/datanode-3/data/ratis/f0ebc8e3-e8de-4b06-b728-7785287a5b5e: created new log segment /workdir/hadoop-ozone/integration-test/target/test-dir/MiniOzoneClusterImpl-c717418d-2af0-42af-8782-89586fb16a72/datanode-3/data/ratis/f0ebc8e3-e8de-4b06-b728-7785287a5b5e/current/log_inprogress_0
2019-09-18 16:04:09,572 | INFO  | SCMAudit | user=jenkins1000 | ip=192.168.5.185 | op=SEND_HEARTBEAT {datanodeUUID=51519769-3f92-4b39-a98d-c9708c58c8a7, command=[]} | ret=SUCCESS |  
2019-09-18 16:04:09,592 [af8ef8ac-d9e5-4930-bc45-5cd79380c82c-SegmentedRaftLogWorker:Storage Directory /workdir/hadoop-ozone/integration-test/target/test-dir/MiniOzoneClusterImpl-c717418d-2af0-42af-8782-89586fb16a72/datanode-5/data/ratis/f0ebc8e3-e8de-4b06-b728-7785287a5b5e] INFO  segmented.SegmentedRaftLogWorker (SegmentedRaftLogWorker.java:execute(569)) - af8ef8ac-d9e5-4930-bc45-5cd79380c82c-SegmentedRaftLogWorker:Storage Directory /workdir/hadoop-ozone/integration-test/target/test-dir/MiniOzoneClusterImpl-c717418d-2af0-42af-8782-89586fb16a72/datanode-5/data/ratis/f0ebc8e3-e8de-4b06-b728-7785287a5b5e: created new log segment /workdir/hadoop-ozone/integration-test/target/test-dir/MiniOzoneClusterImpl-c717418d-2af0-42af-8782-89586fb16a72/datanode-5/data/ratis/f0ebc8e3-e8de-4b06-b728-7785287a5b5e/current/log_inprogress_0
2019-09-18 16:04:09,592 [51519769-3f92-4b39-a98d-c9708c58c8a7-SegmentedRaftLogWorker:Storage Directory /workdir/hadoop-ozone/integration-test/target/test-dir/MiniOzoneClusterImpl-c717418d-2af0-42af-8782-89586fb16a72/datanode-4/data/ratis/f0ebc8e3-e8de-4b06-b728-7785287a5b5e] INFO  segmented.SegmentedRaftLogWorker (SegmentedRaftLogWorker.java:execute(569)) - 51519769-3f92-4b39-a98d-c9708c58c8a7-SegmentedRaftLogWorker:Storage Directory /workdir/hadoop-ozone/integration-test/target/test-dir/MiniOzoneClusterImpl-c717418d-2af0-42af-8782-89586fb16a72/datanode-4/data/ratis/f0ebc8e3-e8de-4b06-b728-7785287a5b5e: created new log segment /workdir/hadoop-ozone/integration-test/target/test-dir/MiniOzoneClusterImpl-c717418d-2af0-42af-8782-89586fb16a72/datanode-4/data/ratis/f0ebc8e3-e8de-4b06-b728-7785287a5b5e/current/log_inprogress_0
2019-09-18 16:04:09,637 [Thread-1517] INFO  impl.FollowerState (FollowerState.java:run(106)) - 51519769-3f92-4b39-a98d-c9708c58c8a7:group-1792DB16EE99 changes to CANDIDATE, lastRpcTime:5001, electionTimeout:5001ms
2019-09-18 16:04:09,637 [Thread-1517] INFO  impl.RoleInfo (RoleInfo.java:shutdownFollowerState(121)) - 51519769-3f92-4b39-a98d-c9708c58c8a7: shutdown FollowerState
2019-09-18 16:04:09,637 [Thread-1517] INFO  impl.RaftServerImpl (RaftServerImpl.java:setRole(171)) - 51519769-3f92-4b39-a98d-c9708c58c8a7:group-1792DB16EE99 changes role from FOLLOWER to CANDIDATE at term 0 for changeToCandidate
2019-09-18 16:04:09,638 [Thread-1517] INFO  impl.RoleInfo (RoleInfo.java:updateAndGet(143)) - 51519769-3f92-4b39-a98d-c9708c58c8a7: start LeaderElection
2019-09-18 16:04:09,678 [51519769-3f92-4b39-a98d-c9708c58c8a7:group-1792DB16EE99:LeaderElection33] INFO  impl.LeaderElection (LeaderElection.java:askForVotes(181)) - 51519769-3f92-4b39-a98d-c9708c58c8a7:group-1792DB16EE99:LeaderElection33: begin an election at term 1 for -1: [51519769-3f92-4b39-a98d-c9708c58c8a7:192.168.5.185:45986], old=null
2019-09-18 16:04:09,678 [51519769-3f92-4b39-a98d-c9708c58c8a7:group-1792DB16EE99:LeaderElection33] INFO  impl.RoleInfo (RoleInfo.java:shutdownLeaderElection(134)) - 51519769-3f92-4b39-a98d-c9708c58c8a7: shutdown LeaderElection
2019-09-18 16:04:09,678 [51519769-3f92-4b39-a98d-c9708c58c8a7:group-1792DB16EE99:LeaderElection33] INFO  impl.RaftServerImpl (RaftServerImpl.java:setRole(171)) - 51519769-3f92-4b39-a98d-c9708c58c8a7:group-1792DB16EE99 changes role from CANDIDATE to LEADER at term 1 for changeToLeader
2019-09-18 16:04:09,679 [51519769-3f92-4b39-a98d-c9708c58c8a7:group-1792DB16EE99:LeaderElection33] INFO  impl.RaftServerImpl (ServerState.java:setLeader(263)) - 51519769-3f92-4b39-a98d-c9708c58c8a7:group-1792DB16EE99 change Leader from null to 51519769-3f92-4b39-a98d-c9708c58c8a7 at term 1 for becomeLeader, leader elected after 5046ms
2019-09-18 16:04:09,679 [51519769-3f92-4b39-a98d-c9708c58c8a7:group-1792DB16EE99:LeaderElection33] INFO  server.RaftServerConfigKeys (ConfUtils.java:logGet(43)) - raft.server.staging.catchup.gap = 1000 (default)
2019-09-18 16:04:09,679 [51519769-3f92-4b39-a98d-c9708c58c8a7:group-1792DB16EE99:LeaderElection33] INFO  server.RaftServerConfigKeys (ConfUtils.java:logGet(43)) - raft.server.rpc.sleep.time = 25ms (default)
2019-09-18 16:04:09,679 [51519769-3f92-4b39-a98d-c9708c58c8a7:group-1792DB16EE99:LeaderElection33] INFO  server.RaftServerConfigKeys (ConfUtils.java:logGet(43)) - raft.server.write.element-limit = 4096 (default)
2019-09-18 16:04:09,679 [51519769-3f92-4b39-a98d-c9708c58c8a7:group-1792DB16EE99:LeaderElection33] INFO  server.RaftServerConfigKeys (ConfUtils.java:logGet(43)) - raft.server.watch.timeout = 10s (default)
2019-09-18 16:04:09,679 [51519769-3f92-4b39-a98d-c9708c58c8a7:group-1792DB16EE99:LeaderElection33] INFO  server.RaftServerConfigKeys (ConfUtils.java:logGet(43)) - raft.server.watch.timeout.denomination = 1s (default)
2019-09-18 16:04:09,680 [51519769-3f92-4b39-a98d-c9708c58c8a7:group-1792DB16EE99:LeaderElection33] INFO  server.RaftServerConfigKeys (ConfUtils.java:logGet(43)) - raft.server.watch.element-limit = 65536 (default)
2019-09-18 16:04:09,680 [51519769-3f92-4b39-a98d-c9708c58c8a7:group-1792DB16EE99:LeaderElection33] INFO  impl.RoleInfo (RoleInfo.java:updateAndGet(143)) - 51519769-3f92-4b39-a98d-c9708c58c8a7: start LeaderState
2019-09-18 16:04:09,680 [51519769-3f92-4b39-a98d-c9708c58c8a7:group-1792DB16EE99:LeaderElection33] INFO  segmented.SegmentedRaftLogWorker (SegmentedRaftLogWorker.java:startLogSegment(380)) - 51519769-3f92-4b39-a98d-c9708c58c8a7-SegmentedRaftLogWorker:Storage Directory /workdir/hadoop-ozone/integration-test/target/test-dir/MiniOzoneClusterImpl-c717418d-2af0-42af-8782-89586fb16a72/datanode-4/data/ratis/8dfbd8c2-bed5-4394-9e40-1792db16ee99: Starting segment from index:0
2019-09-18 16:04:09,681 [51519769-3f92-4b39-a98d-c9708c58c8a7:group-1792DB16EE99:LeaderElection33] INFO  impl.RaftServerImpl (ServerState.java:setRaftConf(361)) - 51519769-3f92-4b39-a98d-c9708c58c8a7:group-1792DB16EE99 set configuration 0: [51519769-3f92-4b39-a98d-c9708c58c8a7:192.168.5.185:45986], old=null at 0
2019-09-18 16:04:09,702 | INFO  | SCMAudit | user=jenkins1000 | ip=192.168.5.185 | op=SEND_HEARTBEAT {datanodeUUID=c3ebd7c4-785c-44df-867b-40d40a93f6b6, command=[]} | ret=SUCCESS |  
2019-09-18 16:04:09,751 [51519769-3f92-4b39-a98d-c9708c58c8a7-SegmentedRaftLogWorker:Storage Directory /workdir/hadoop-ozone/integration-test/target/test-dir/MiniOzoneClusterImpl-c717418d-2af0-42af-8782-89586fb16a72/datanode-4/data/ratis/8dfbd8c2-bed5-4394-9e40-1792db16ee99] INFO  segmented.SegmentedRaftLogWorker (SegmentedRaftLogWorker.java:execute(569)) - 51519769-3f92-4b39-a98d-c9708c58c8a7-SegmentedRaftLogWorker:Storage Directory /workdir/hadoop-ozone/integration-test/target/test-dir/MiniOzoneClusterImpl-c717418d-2af0-42af-8782-89586fb16a72/datanode-4/data/ratis/8dfbd8c2-bed5-4394-9e40-1792db16ee99: created new log segment /workdir/hadoop-ozone/integration-test/target/test-dir/MiniOzoneClusterImpl-c717418d-2af0-42af-8782-89586fb16a72/datanode-4/data/ratis/8dfbd8c2-bed5-4394-9e40-1792db16ee99/current/log_inprogress_0
2019-09-18 16:04:09,829 | INFO  | SCMAudit | user=jenkins1000 | ip=192.168.5.185 | op=SEND_HEARTBEAT {datanodeUUID=af8ef8ac-d9e5-4930-bc45-5cd79380c82c, command=[]} | ret=SUCCESS |  
2019-09-18 16:04:09,922 | INFO  | SCMAudit | user=jenkins1000 | ip=192.168.5.185 | op=SEND_HEARTBEAT {datanodeUUID=3c1188b2-d9c4-43c4-a064-8074509344be, command=[]} | ret=SUCCESS |  
2019-09-18 16:04:10,030 | INFO  | SCMAudit | user=jenkins1000 | ip=192.168.5.185 | op=SEND_HEARTBEAT {datanodeUUID=9b3ecbfa-8029-4b82-b8b0-ff011ceea2cc, command=[]} | ret=SUCCESS |  
2019-09-18 16:04:10,045 [Thread-1530] INFO  impl.FollowerState (FollowerState.java:run(106)) - af8ef8ac-d9e5-4930-bc45-5cd79380c82c:group-84F31272AB22 changes to CANDIDATE, lastRpcTime:5116, electionTimeout:5116ms
2019-09-18 16:04:10,045 [Thread-1530] INFO  impl.RoleInfo (RoleInfo.java:shutdownFollowerState(121)) - af8ef8ac-d9e5-4930-bc45-5cd79380c82c: shutdown FollowerState
2019-09-18 16:04:10,045 [Thread-1530] INFO  impl.RaftServerImpl (RaftServerImpl.java:setRole(171)) - af8ef8ac-d9e5-4930-bc45-5cd79380c82c:group-84F31272AB22 changes role from FOLLOWER to CANDIDATE at term 0 for changeToCandidate
2019-09-18 16:04:10,046 [Thread-1530] INFO  impl.RoleInfo (RoleInfo.java:updateAndGet(143)) - af8ef8ac-d9e5-4930-bc45-5cd79380c82c: start LeaderElection
2019-09-18 16:04:10,076 [af8ef8ac-d9e5-4930-bc45-5cd79380c82c:group-84F31272AB22:LeaderElection34] INFO  impl.LeaderElection (LeaderElection.java:askForVotes(181)) - af8ef8ac-d9e5-4930-bc45-5cd79380c82c:group-84F31272AB22:LeaderElection34: begin an election at term 1 for -1: [af8ef8ac-d9e5-4930-bc45-5cd79380c82c:192.168.5.185:33737], old=null
2019-09-18 16:04:10,076 [af8ef8ac-d9e5-4930-bc45-5cd79380c82c:group-84F31272AB22:LeaderElection34] INFO  impl.RoleInfo (RoleInfo.java:shutdownLeaderElection(134)) - af8ef8ac-d9e5-4930-bc45-5cd79380c82c: shutdown LeaderElection
2019-09-18 16:04:10,076 [af8ef8ac-d9e5-4930-bc45-5cd79380c82c:group-84F31272AB22:LeaderElection34] INFO  impl.RaftServerImpl (RaftServerImpl.java:setRole(171)) - af8ef8ac-d9e5-4930-bc45-5cd79380c82c:group-84F31272AB22 changes role from CANDIDATE to LEADER at term 1 for changeToLeader
2019-09-18 16:04:10,077 [af8ef8ac-d9e5-4930-bc45-5cd79380c82c:group-84F31272AB22:LeaderElection34] INFO  impl.RaftServerImpl (ServerState.java:setLeader(263)) - af8ef8ac-d9e5-4930-bc45-5cd79380c82c:group-84F31272AB22 change Leader from null to af8ef8ac-d9e5-4930-bc45-5cd79380c82c at term 1 for becomeLeader, leader elected after 5151ms
2019-09-18 16:04:10,077 [af8ef8ac-d9e5-4930-bc45-5cd79380c82c:group-84F31272AB22:LeaderElection34] INFO  server.RaftServerConfigKeys (ConfUtils.java:logGet(43)) - raft.server.staging.catchup.gap = 1000 (default)
2019-09-18 16:04:10,077 [af8ef8ac-d9e5-4930-bc45-5cd79380c82c:group-84F31272AB22:LeaderElection34] INFO  server.RaftServerConfigKeys (ConfUtils.java:logGet(43)) - raft.server.rpc.sleep.time = 25ms (default)
2019-09-18 16:04:10,077 [af8ef8ac-d9e5-4930-bc45-5cd79380c82c:group-84F31272AB22:LeaderElection34] INFO  server.RaftServerConfigKeys (ConfUtils.java:logGet(43)) - raft.server.write.element-limit = 4096 (default)
2019-09-18 16:04:10,077 [af8ef8ac-d9e5-4930-bc45-5cd79380c82c:group-84F31272AB22:LeaderElection34] INFO  server.RaftServerConfigKeys (ConfUtils.java:logGet(43)) - raft.server.watch.timeout = 10s (default)
2019-09-18 16:04:10,077 [af8ef8ac-d9e5-4930-bc45-5cd79380c82c:group-84F31272AB22:LeaderElection34] INFO  server.RaftServerConfigKeys (ConfUtils.java:logGet(43)) - raft.server.watch.timeout.denomination = 1s (default)
2019-09-18 16:04:10,077 [af8ef8ac-d9e5-4930-bc45-5cd79380c82c:group-84F31272AB22:LeaderElection34] INFO  server.RaftServerConfigKeys (ConfUtils.java:logGet(43)) - raft.server.watch.element-limit = 65536 (default)
2019-09-18 16:04:10,078 [af8ef8ac-d9e5-4930-bc45-5cd79380c82c:group-84F31272AB22:LeaderElection34] INFO  impl.RoleInfo (RoleInfo.java:updateAndGet(143)) - af8ef8ac-d9e5-4930-bc45-5cd79380c82c: start LeaderState
2019-09-18 16:04:10,078 [af8ef8ac-d9e5-4930-bc45-5cd79380c82c:group-84F31272AB22:LeaderElection34] INFO  segmented.SegmentedRaftLogWorker (SegmentedRaftLogWorker.java:startLogSegment(380)) - af8ef8ac-d9e5-4930-bc45-5cd79380c82c-SegmentedRaftLogWorker:Storage Directory /workdir/hadoop-ozone/integration-test/target/test-dir/MiniOzoneClusterImpl-c717418d-2af0-42af-8782-89586fb16a72/datanode-5/data/ratis/f5261716-ef2c-4b7f-8245-84f31272ab22: Starting segment from index:0
2019-09-18 16:04:10,078 [af8ef8ac-d9e5-4930-bc45-5cd79380c82c:group-84F31272AB22:LeaderElection34] INFO  impl.RaftServerImpl (ServerState.java:setRaftConf(361)) - af8ef8ac-d9e5-4930-bc45-5cd79380c82c:group-84F31272AB22 set configuration 0: [af8ef8ac-d9e5-4930-bc45-5cd79380c82c:192.168.5.185:33737], old=null at 0
2019-09-18 16:04:10,136 | INFO  | SCMAudit | user=jenkins1000 | ip=192.168.5.185 | op=SEND_HEARTBEAT {datanodeUUID=29fde90f-65f3-4179-b334-ec735bc1e6ab, command=[]} | ret=SUCCESS |  
2019-09-18 16:04:10,143 [af8ef8ac-d9e5-4930-bc45-5cd79380c82c-SegmentedRaftLogWorker:Storage Directory /workdir/hadoop-ozone/integration-test/target/test-dir/MiniOzoneClusterImpl-c717418d-2af0-42af-8782-89586fb16a72/datanode-5/data/ratis/f5261716-ef2c-4b7f-8245-84f31272ab22] INFO  segmented.SegmentedRaftLogWorker (SegmentedRaftLogWorker.java:execute(569)) - af8ef8ac-d9e5-4930-bc45-5cd79380c82c-SegmentedRaftLogWorker:Storage Directory /workdir/hadoop-ozone/integration-test/target/test-dir/MiniOzoneClusterImpl-c717418d-2af0-42af-8782-89586fb16a72/datanode-5/data/ratis/f5261716-ef2c-4b7f-8245-84f31272ab22: created new log segment /workdir/hadoop-ozone/integration-test/target/test-dir/MiniOzoneClusterImpl-c717418d-2af0-42af-8782-89586fb16a72/datanode-5/data/ratis/f5261716-ef2c-4b7f-8245-84f31272ab22/current/log_inprogress_0
2019-09-18 16:04:10,226 [Thread-1538] INFO  impl.FollowerState (FollowerState.java:run(106)) - 9b3ecbfa-8029-4b82-b8b0-ff011ceea2cc:group-AA3127C215D2 changes to CANDIDATE, lastRpcTime:5099, electionTimeout:5099ms
2019-09-18 16:04:10,227 [Thread-1538] INFO  impl.RoleInfo (RoleInfo.java:shutdownFollowerState(121)) - 9b3ecbfa-8029-4b82-b8b0-ff011ceea2cc: shutdown FollowerState
2019-09-18 16:04:10,227 [Thread-1538] INFO  impl.RaftServerImpl (RaftServerImpl.java:setRole(171)) - 9b3ecbfa-8029-4b82-b8b0-ff011ceea2cc:group-AA3127C215D2 changes role from FOLLOWER to CANDIDATE at term 0 for changeToCandidate
2019-09-18 16:04:10,227 [Thread-1538] INFO  impl.RoleInfo (RoleInfo.java:updateAndGet(143)) - 9b3ecbfa-8029-4b82-b8b0-ff011ceea2cc: start LeaderElection
2019-09-18 16:04:10,260 [9b3ecbfa-8029-4b82-b8b0-ff011ceea2cc:group-AA3127C215D2:LeaderElection35] INFO  impl.LeaderElection (LeaderElection.java:askForVotes(181)) - 9b3ecbfa-8029-4b82-b8b0-ff011ceea2cc:group-AA3127C215D2:LeaderElection35: begin an election at term 1 for -1: [9b3ecbfa-8029-4b82-b8b0-ff011ceea2cc:192.168.5.185:42950], old=null
2019-09-18 16:04:10,260 [9b3ecbfa-8029-4b82-b8b0-ff011ceea2cc:group-AA3127C215D2:LeaderElection35] INFO  impl.RoleInfo (RoleInfo.java:shutdownLeaderElection(134)) - 9b3ecbfa-8029-4b82-b8b0-ff011ceea2cc: shutdown LeaderElection
2019-09-18 16:04:10,260 [9b3ecbfa-8029-4b82-b8b0-ff011ceea2cc:group-AA3127C215D2:LeaderElection35] INFO  impl.RaftServerImpl (RaftServerImpl.java:setRole(171)) - 9b3ecbfa-8029-4b82-b8b0-ff011ceea2cc:group-AA3127C215D2 changes role from CANDIDATE to LEADER at term 1 for changeToLeader
2019-09-18 16:04:10,260 [9b3ecbfa-8029-4b82-b8b0-ff011ceea2cc:group-AA3127C215D2:LeaderElection35] INFO  impl.RaftServerImpl (ServerState.java:setLeader(263)) - 9b3ecbfa-8029-4b82-b8b0-ff011ceea2cc:group-AA3127C215D2 change Leader from null to 9b3ecbfa-8029-4b82-b8b0-ff011ceea2cc at term 1 for becomeLeader, leader elected after 5140ms
2019-09-18 16:04:10,261 [9b3ecbfa-8029-4b82-b8b0-ff011ceea2cc:group-AA3127C215D2:LeaderElection35] INFO  server.RaftServerConfigKeys (ConfUtils.java:logGet(43)) - raft.server.staging.catchup.gap = 1000 (default)
2019-09-18 16:04:10,261 [9b3ecbfa-8029-4b82-b8b0-ff011ceea2cc:group-AA3127C215D2:LeaderElection35] INFO  server.RaftServerConfigKeys (ConfUtils.java:logGet(43)) - raft.server.rpc.sleep.time = 25ms (default)
2019-09-18 16:04:10,261 [9b3ecbfa-8029-4b82-b8b0-ff011ceea2cc:group-AA3127C215D2:LeaderElection35] INFO  server.RaftServerConfigKeys (ConfUtils.java:logGet(43)) - raft.server.write.element-limit = 4096 (default)
2019-09-18 16:04:10,261 [9b3ecbfa-8029-4b82-b8b0-ff011ceea2cc:group-AA3127C215D2:LeaderElection35] INFO  server.RaftServerConfigKeys (ConfUtils.java:logGet(43)) - raft.server.watch.timeout = 10s (default)
2019-09-18 16:04:10,261 [9b3ecbfa-8029-4b82-b8b0-ff011ceea2cc:group-AA3127C215D2:LeaderElection35] INFO  server.RaftServerConfigKeys (ConfUtils.java:logGet(43)) - raft.server.watch.timeout.denomination = 1s (default)
2019-09-18 16:04:10,261 [9b3ecbfa-8029-4b82-b8b0-ff011ceea2cc:group-AA3127C215D2:LeaderElection35] INFO  server.RaftServerConfigKeys (ConfUtils.java:logGet(43)) - raft.server.watch.element-limit = 65536 (default)
2019-09-18 16:04:10,261 [9b3ecbfa-8029-4b82-b8b0-ff011ceea2cc:group-AA3127C215D2:LeaderElection35] INFO  impl.RoleInfo (RoleInfo.java:updateAndGet(143)) - 9b3ecbfa-8029-4b82-b8b0-ff011ceea2cc: start LeaderState
2019-09-18 16:04:10,262 [9b3ecbfa-8029-4b82-b8b0-ff011ceea2cc:group-AA3127C215D2:LeaderElection35] INFO  segmented.SegmentedRaftLogWorker (SegmentedRaftLogWorker.java:startLogSegment(380)) - 9b3ecbfa-8029-4b82-b8b0-ff011ceea2cc-SegmentedRaftLogWorker:Storage Directory /workdir/hadoop-ozone/integration-test/target/test-dir/MiniOzoneClusterImpl-c717418d-2af0-42af-8782-89586fb16a72/datanode-6/data/ratis/bd8df9f9-997f-4aa8-8f2d-aa3127c215d2: Starting segment from index:0
2019-09-18 16:04:10,262 [9b3ecbfa-8029-4b82-b8b0-ff011ceea2cc:group-AA3127C215D2:LeaderElection35] INFO  impl.RaftServerImpl (ServerState.java:setRaftConf(361)) - 9b3ecbfa-8029-4b82-b8b0-ff011ceea2cc:group-AA3127C215D2 set configuration 0: [9b3ecbfa-8029-4b82-b8b0-ff011ceea2cc:192.168.5.185:42950], old=null at 0
2019-09-18 16:04:10,306 [grpc-default-executor-2] INFO  client.GrpcClientProtocolClient (GrpcClientProtocolClient.java:onNext(255)) - client-920598ACECDB->c3ebd7c4-785c-44df-867b-40d40a93f6b6: receive RaftClientReply:client-920598ACECDB->c3ebd7c4-785c-44df-867b-40d40a93f6b6@group-AA92D0ED21CA, cid=66, FAILED org.apache.ratis.protocol.NotLeaderException: Server c3ebd7c4-785c-44df-867b-40d40a93f6b6 is not the leader (null). Request must be sent to leader., logIndex=0, commits[c3ebd7c4-785c-44df-867b-40d40a93f6b6:c-1]
2019-09-18 16:04:10,319 [9b3ecbfa-8029-4b82-b8b0-ff011ceea2cc-SegmentedRaftLogWorker:Storage Directory /workdir/hadoop-ozone/integration-test/target/test-dir/MiniOzoneClusterImpl-c717418d-2af0-42af-8782-89586fb16a72/datanode-6/data/ratis/bd8df9f9-997f-4aa8-8f2d-aa3127c215d2] INFO  segmented.SegmentedRaftLogWorker (SegmentedRaftLogWorker.java:execute(569)) - 9b3ecbfa-8029-4b82-b8b0-ff011ceea2cc-SegmentedRaftLogWorker:Storage Directory /workdir/hadoop-ozone/integration-test/target/test-dir/MiniOzoneClusterImpl-c717418d-2af0-42af-8782-89586fb16a72/datanode-6/data/ratis/bd8df9f9-997f-4aa8-8f2d-aa3127c215d2: created new log segment /workdir/hadoop-ozone/integration-test/target/test-dir/MiniOzoneClusterImpl-c717418d-2af0-42af-8782-89586fb16a72/datanode-6/data/ratis/bd8df9f9-997f-4aa8-8f2d-aa3127c215d2/current/log_inprogress_0
2019-09-18 16:04:10,461 | INFO  | SCMAudit | user=jenkins1000 | ip=192.168.5.185 | op=SEND_HEARTBEAT {datanodeUUID=b967ad35-fbe7-4f25-8554-0bf78a3d522c, command=[]} | ret=SUCCESS |  
2019-09-18 16:04:10,571 | INFO  | SCMAudit | user=jenkins1000 | ip=192.168.5.185 | op=SEND_HEARTBEAT {datanodeUUID=51519769-3f92-4b39-a98d-c9708c58c8a7, command=[]} | ret=SUCCESS |  
2019-09-18 16:04:10,702 | INFO  | SCMAudit | user=jenkins1000 | ip=192.168.5.185 | op=SEND_HEARTBEAT {datanodeUUID=c3ebd7c4-785c-44df-867b-40d40a93f6b6, command=[]} | ret=SUCCESS |  
2019-09-18 16:04:10,830 | INFO  | SCMAudit | user=jenkins1000 | ip=192.168.5.185 | op=SEND_HEARTBEAT {datanodeUUID=af8ef8ac-d9e5-4930-bc45-5cd79380c82c, command=[]} | ret=SUCCESS |  
2019-09-18 16:04:10,923 | INFO  | SCMAudit | user=jenkins1000 | ip=192.168.5.185 | op=SEND_HEARTBEAT {datanodeUUID=3c1188b2-d9c4-43c4-a064-8074509344be, command=[]} | ret=SUCCESS |  
2019-09-18 16:04:11,030 | INFO  | SCMAudit | user=jenkins1000 | ip=192.168.5.185 | op=SEND_HEARTBEAT {datanodeUUID=9b3ecbfa-8029-4b82-b8b0-ff011ceea2cc, command=[]} | ret=SUCCESS |  
2019-09-18 16:04:11,137 | INFO  | SCMAudit | user=jenkins1000 | ip=192.168.5.185 | op=SEND_HEARTBEAT {datanodeUUID=29fde90f-65f3-4179-b334-ec735bc1e6ab, command=[]} | ret=SUCCESS |  
2019-09-18 16:04:11,329 [grpc-default-executor-5] INFO  client.GrpcClientProtocolClient (GrpcClientProtocolClient.java:onNext(255)) - client-920598ACECDB->3c1188b2-d9c4-43c4-a064-8074509344be: receive RaftClientReply:client-920598ACECDB->3c1188b2-d9c4-43c4-a064-8074509344be@group-AA92D0ED21CA, cid=66, FAILED org.apache.ratis.protocol.NotLeaderException: Server 3c1188b2-d9c4-43c4-a064-8074509344be is not the leader (null). Request must be sent to leader., logIndex=0, commits[3c1188b2-d9c4-43c4-a064-8074509344be:c-1, b967ad35-fbe7-4f25-8554-0bf78a3d522c:c-1, c3ebd7c4-785c-44df-867b-40d40a93f6b6:c-1]
2019-09-18 16:04:11,461 | INFO  | SCMAudit | user=jenkins1000 | ip=192.168.5.185 | op=SEND_HEARTBEAT {datanodeUUID=b967ad35-fbe7-4f25-8554-0bf78a3d522c, command=[]} | ret=SUCCESS |  
2019-09-18 16:04:11,572 | INFO  | SCMAudit | user=jenkins1000 | ip=192.168.5.185 | op=SEND_HEARTBEAT {datanodeUUID=51519769-3f92-4b39-a98d-c9708c58c8a7, command=[]} | ret=SUCCESS |  
2019-09-18 16:04:11,702 | INFO  | SCMAudit | user=jenkins1000 | ip=192.168.5.185 | op=SEND_HEARTBEAT {datanodeUUID=c3ebd7c4-785c-44df-867b-40d40a93f6b6, command=[]} | ret=SUCCESS |  
2019-09-18 16:04:11,830 | INFO  | SCMAudit | user=jenkins1000 | ip=192.168.5.185 | op=SEND_HEARTBEAT {datanodeUUID=af8ef8ac-d9e5-4930-bc45-5cd79380c82c, command=[]} | ret=SUCCESS |  
2019-09-18 16:04:11,923 | INFO  | SCMAudit | user=jenkins1000 | ip=192.168.5.185 | op=SEND_HEARTBEAT {datanodeUUID=3c1188b2-d9c4-43c4-a064-8074509344be, command=[]} | ret=SUCCESS |  
2019-09-18 16:04:12,030 | INFO  | SCMAudit | user=jenkins1000 | ip=192.168.5.185 | op=SEND_HEARTBEAT {datanodeUUID=9b3ecbfa-8029-4b82-b8b0-ff011ceea2cc, command=[]} | ret=SUCCESS |  
2019-09-18 16:04:12,137 | INFO  | SCMAudit | user=jenkins1000 | ip=192.168.5.185 | op=SEND_HEARTBEAT {datanodeUUID=29fde90f-65f3-4179-b334-ec735bc1e6ab, command=[]} | ret=SUCCESS |  
2019-09-18 16:04:12,342 [grpc-default-executor-5] INFO  client.GrpcClientProtocolClient (GrpcClientProtocolClient.java:onNext(255)) - client-920598ACECDB->b967ad35-fbe7-4f25-8554-0bf78a3d522c: receive RaftClientReply:client-920598ACECDB->b967ad35-fbe7-4f25-8554-0bf78a3d522c@group-AA92D0ED21CA, cid=66, FAILED org.apache.ratis.protocol.NotLeaderException: Server b967ad35-fbe7-4f25-8554-0bf78a3d522c is not the leader (null). Request must be sent to leader., logIndex=0, commits[b967ad35-fbe7-4f25-8554-0bf78a3d522c:c-1, 3c1188b2-d9c4-43c4-a064-8074509344be:c-1, c3ebd7c4-785c-44df-867b-40d40a93f6b6:c-1]
2019-09-18 16:04:12,461 | INFO  | SCMAudit | user=jenkins1000 | ip=192.168.5.185 | op=SEND_HEARTBEAT {datanodeUUID=b967ad35-fbe7-4f25-8554-0bf78a3d522c, command=[]} | ret=SUCCESS |  
2019-09-18 16:04:12,572 | INFO  | SCMAudit | user=jenkins1000 | ip=192.168.5.185 | op=SEND_HEARTBEAT {datanodeUUID=51519769-3f92-4b39-a98d-c9708c58c8a7, command=[]} | ret=SUCCESS |  
2019-09-18 16:04:12,702 | INFO  | SCMAudit | user=jenkins1000 | ip=192.168.5.185 | op=SEND_HEARTBEAT {datanodeUUID=c3ebd7c4-785c-44df-867b-40d40a93f6b6, command=[]} | ret=SUCCESS |  
2019-09-18 16:04:12,829 | INFO  | SCMAudit | user=jenkins1000 | ip=192.168.5.185 | op=SEND_HEARTBEAT {datanodeUUID=af8ef8ac-d9e5-4930-bc45-5cd79380c82c, command=[]} | ret=SUCCESS |  
2019-09-18 16:04:12,922 | INFO  | SCMAudit | user=jenkins1000 | ip=192.168.5.185 | op=SEND_HEARTBEAT {datanodeUUID=3c1188b2-d9c4-43c4-a064-8074509344be, command=[]} | ret=SUCCESS |  
2019-09-18 16:04:13,030 | INFO  | SCMAudit | user=jenkins1000 | ip=192.168.5.185 | op=SEND_HEARTBEAT {datanodeUUID=9b3ecbfa-8029-4b82-b8b0-ff011ceea2cc, command=[]} | ret=SUCCESS |  
2019-09-18 16:04:13,138 | INFO  | SCMAudit | user=jenkins1000 | ip=192.168.5.185 | op=SEND_HEARTBEAT {datanodeUUID=29fde90f-65f3-4179-b334-ec735bc1e6ab, command=[]} | ret=SUCCESS |  
2019-09-18 16:04:13,355 [grpc-default-executor-2] INFO  client.GrpcClientProtocolClient (GrpcClientProtocolClient.java:onNext(255)) - client-920598ACECDB->3c1188b2-d9c4-43c4-a064-8074509344be: receive RaftClientReply:client-920598ACECDB->3c1188b2-d9c4-43c4-a064-8074509344be@group-AA92D0ED21CA, cid=66, FAILED org.apache.ratis.protocol.NotLeaderException: Server 3c1188b2-d9c4-43c4-a064-8074509344be is not the leader (null). Request must be sent to leader., logIndex=0, commits[3c1188b2-d9c4-43c4-a064-8074509344be:c-1, b967ad35-fbe7-4f25-8554-0bf78a3d522c:c-1, c3ebd7c4-785c-44df-867b-40d40a93f6b6:c-1]
2019-09-18 16:04:13,462 | INFO  | SCMAudit | user=jenkins1000 | ip=192.168.5.185 | op=SEND_HEARTBEAT {datanodeUUID=b967ad35-fbe7-4f25-8554-0bf78a3d522c, command=[]} | ret=SUCCESS |  
2019-09-18 16:04:13,571 | INFO  | SCMAudit | user=jenkins1000 | ip=192.168.5.185 | op=SEND_HEARTBEAT {datanodeUUID=51519769-3f92-4b39-a98d-c9708c58c8a7, command=[]} | ret=SUCCESS |  
2019-09-18 16:04:13,702 | INFO  | SCMAudit | user=jenkins1000 | ip=192.168.5.185 | op=SEND_HEARTBEAT {datanodeUUID=c3ebd7c4-785c-44df-867b-40d40a93f6b6, command=[]} | ret=SUCCESS |  
2019-09-18 16:04:13,829 | INFO  | SCMAudit | user=jenkins1000 | ip=192.168.5.185 | op=SEND_HEARTBEAT {datanodeUUID=af8ef8ac-d9e5-4930-bc45-5cd79380c82c, command=[]} | ret=SUCCESS |  
2019-09-18 16:04:13,922 | INFO  | SCMAudit | user=jenkins1000 | ip=192.168.5.185 | op=SEND_HEARTBEAT {datanodeUUID=3c1188b2-d9c4-43c4-a064-8074509344be, command=[]} | ret=SUCCESS |  
2019-09-18 16:04:13,951 [Thread-1560] INFO  impl.FollowerState (FollowerState.java:run(106)) - c3ebd7c4-785c-44df-867b-40d40a93f6b6:group-AA92D0ED21CA changes to CANDIDATE, lastRpcTime:5108, electionTimeout:5108ms
2019-09-18 16:04:13,951 [Thread-1560] INFO  impl.RoleInfo (RoleInfo.java:shutdownFollowerState(121)) - c3ebd7c4-785c-44df-867b-40d40a93f6b6: shutdown FollowerState
2019-09-18 16:04:13,951 [Thread-1560] INFO  impl.RaftServerImpl (RaftServerImpl.java:setRole(171)) - c3ebd7c4-785c-44df-867b-40d40a93f6b6:group-AA92D0ED21CA changes role from FOLLOWER to CANDIDATE at term 2 for changeToCandidate
2019-09-18 16:04:13,952 [Thread-1560] INFO  impl.RoleInfo (RoleInfo.java:updateAndGet(143)) - c3ebd7c4-785c-44df-867b-40d40a93f6b6: start LeaderElection
2019-09-18 16:04:13,987 [c3ebd7c4-785c-44df-867b-40d40a93f6b6:group-AA92D0ED21CA:LeaderElection36] INFO  impl.LeaderElection (LeaderElection.java:askForVotes(181)) - c3ebd7c4-785c-44df-867b-40d40a93f6b6:group-AA92D0ED21CA:LeaderElection36: begin an election at term 3 for -1: [3c1188b2-d9c4-43c4-a064-8074509344be:192.168.5.185:39492, b967ad35-fbe7-4f25-8554-0bf78a3d522c:192.168.5.185:40682, c3ebd7c4-785c-44df-867b-40d40a93f6b6:192.168.5.185:46765], old=null
2019-09-18 16:04:13,995 [grpc-default-executor-2] INFO  impl.RaftServerImpl (RaftServerImpl.java:setRole(171)) - 3c1188b2-d9c4-43c4-a064-8074509344be:group-AA92D0ED21CA changes role from FOLLOWER to FOLLOWER at term 3 for recognizeCandidate:c3ebd7c4-785c-44df-867b-40d40a93f6b6
2019-09-18 16:04:13,995 [grpc-default-executor-5] INFO  impl.RaftServerImpl (RaftServerImpl.java:setRole(171)) - b967ad35-fbe7-4f25-8554-0bf78a3d522c:group-AA92D0ED21CA changes role from FOLLOWER to FOLLOWER at term 3 for recognizeCandidate:c3ebd7c4-785c-44df-867b-40d40a93f6b6
2019-09-18 16:04:13,995 [grpc-default-executor-2] INFO  impl.RoleInfo (RoleInfo.java:shutdownFollowerState(121)) - 3c1188b2-d9c4-43c4-a064-8074509344be: shutdown FollowerState
2019-09-18 16:04:13,996 [grpc-default-executor-5] INFO  impl.RoleInfo (RoleInfo.java:shutdownFollowerState(121)) - b967ad35-fbe7-4f25-8554-0bf78a3d522c: shutdown FollowerState
2019-09-18 16:04:13,996 [Thread-1572] INFO  impl.FollowerState (FollowerState.java:run(114)) - 3c1188b2-d9c4-43c4-a064-8074509344be: FollowerState was interrupted: java.lang.InterruptedException: sleep interrupted
2019-09-18 16:04:13,996 [grpc-default-executor-5] INFO  impl.RoleInfo (RoleInfo.java:updateAndGet(143)) - b967ad35-fbe7-4f25-8554-0bf78a3d522c: start FollowerState
2019-09-18 16:04:13,996 [grpc-default-executor-2] INFO  impl.RoleInfo (RoleInfo.java:updateAndGet(143)) - 3c1188b2-d9c4-43c4-a064-8074509344be: start FollowerState
2019-09-18 16:04:13,996 [Thread-1571] INFO  impl.FollowerState (FollowerState.java:run(114)) - b967ad35-fbe7-4f25-8554-0bf78a3d522c: FollowerState was interrupted: java.lang.InterruptedException: sleep interrupted
2019-09-18 16:04:14,030 | INFO  | SCMAudit | user=jenkins1000 | ip=192.168.5.185 | op=SEND_HEARTBEAT {datanodeUUID=9b3ecbfa-8029-4b82-b8b0-ff011ceea2cc, command=[]} | ret=SUCCESS |  
2019-09-18 16:04:14,073 [c3ebd7c4-785c-44df-867b-40d40a93f6b6:group-AA92D0ED21CA:LeaderElection36] INFO  impl.LeaderElection (LeaderElection.java:logAndReturn(56)) - c3ebd7c4-785c-44df-867b-40d40a93f6b6:group-AA92D0ED21CA:LeaderElection36: Election REJECTED; received 2 response(s) [c3ebd7c4-785c-44df-867b-40d40a93f6b6<-3c1188b2-d9c4-43c4-a064-8074509344be#0:FAIL-t3, c3ebd7c4-785c-44df-867b-40d40a93f6b6<-b967ad35-fbe7-4f25-8554-0bf78a3d522c#0:FAIL-t3] and 0 exception(s); c3ebd7c4-785c-44df-867b-40d40a93f6b6:t3, leader=null, voted=c3ebd7c4-785c-44df-867b-40d40a93f6b6, raftlog=c3ebd7c4-785c-44df-867b-40d40a93f6b6-SegmentedRaftLog:OPENED:c-1,f-1,i0, conf=-1: [3c1188b2-d9c4-43c4-a064-8074509344be:192.168.5.185:39492, b967ad35-fbe7-4f25-8554-0bf78a3d522c:192.168.5.185:40682, c3ebd7c4-785c-44df-867b-40d40a93f6b6:192.168.5.185:46765], old=null
2019-09-18 16:04:14,073 [c3ebd7c4-785c-44df-867b-40d40a93f6b6:group-AA92D0ED21CA:LeaderElection36] INFO  impl.RaftServerImpl (RaftServerImpl.java:setRole(171)) - c3ebd7c4-785c-44df-867b-40d40a93f6b6:group-AA92D0ED21CA changes role from CANDIDATE to FOLLOWER at term 3 for DISCOVERED_A_NEW_TERM
2019-09-18 16:04:14,073 [c3ebd7c4-785c-44df-867b-40d40a93f6b6:group-AA92D0ED21CA:LeaderElection36] INFO  impl.RoleInfo (RoleInfo.java:shutdownLeaderElection(134)) - c3ebd7c4-785c-44df-867b-40d40a93f6b6: shutdown LeaderElection
2019-09-18 16:04:14,073 [c3ebd7c4-785c-44df-867b-40d40a93f6b6:group-AA92D0ED21CA:LeaderElection36] INFO  impl.RoleInfo (RoleInfo.java:updateAndGet(143)) - c3ebd7c4-785c-44df-867b-40d40a93f6b6: start FollowerState
2019-09-18 16:04:14,138 | INFO  | SCMAudit | user=jenkins1000 | ip=192.168.5.185 | op=SEND_HEARTBEAT {datanodeUUID=29fde90f-65f3-4179-b334-ec735bc1e6ab, command=[]} | ret=SUCCESS |  
2019-09-18 16:04:14,370 [grpc-default-executor-5] INFO  client.GrpcClientProtocolClient (GrpcClientProtocolClient.java:onNext(255)) - client-920598ACECDB->b967ad35-fbe7-4f25-8554-0bf78a3d522c: receive RaftClientReply:client-920598ACECDB->b967ad35-fbe7-4f25-8554-0bf78a3d522c@group-AA92D0ED21CA, cid=66, FAILED org.apache.ratis.protocol.NotLeaderException: Server b967ad35-fbe7-4f25-8554-0bf78a3d522c is not the leader (null). Request must be sent to leader., logIndex=0, commits[b967ad35-fbe7-4f25-8554-0bf78a3d522c:c-1, 3c1188b2-d9c4-43c4-a064-8074509344be:c-1, c3ebd7c4-785c-44df-867b-40d40a93f6b6:c-1]
2019-09-18 16:04:14,463 | INFO  | SCMAudit | user=jenkins1000 | ip=192.168.5.185 | op=SEND_HEARTBEAT {datanodeUUID=b967ad35-fbe7-4f25-8554-0bf78a3d522c, command=[]} | ret=SUCCESS |  
2019-09-18 16:04:14,571 | INFO  | SCMAudit | user=jenkins1000 | ip=192.168.5.185 | op=SEND_HEARTBEAT {datanodeUUID=51519769-3f92-4b39-a98d-c9708c58c8a7, command=[]} | ret=SUCCESS |  
2019-09-18 16:04:14,702 | INFO  | SCMAudit | user=jenkins1000 | ip=192.168.5.185 | op=SEND_HEARTBEAT {datanodeUUID=c3ebd7c4-785c-44df-867b-40d40a93f6b6, command=[]} | ret=SUCCESS |  
2019-09-18 16:04:14,829 | INFO  | SCMAudit | user=jenkins1000 | ip=192.168.5.185 | op=SEND_HEARTBEAT {datanodeUUID=af8ef8ac-d9e5-4930-bc45-5cd79380c82c, command=[]} | ret=SUCCESS |  
2019-09-18 16:04:14,923 | INFO  | SCMAudit | user=jenkins1000 | ip=192.168.5.185 | op=SEND_HEARTBEAT {datanodeUUID=3c1188b2-d9c4-43c4-a064-8074509344be, command=[]} | ret=SUCCESS |  
2019-09-18 16:04:15,031 | INFO  | SCMAudit | user=jenkins1000 | ip=192.168.5.185 | op=SEND_HEARTBEAT {datanodeUUID=9b3ecbfa-8029-4b82-b8b0-ff011ceea2cc, command=[]} | ret=SUCCESS |  
2019-09-18 16:04:15,137 | INFO  | SCMAudit | user=jenkins1000 | ip=192.168.5.185 | op=SEND_HEARTBEAT {datanodeUUID=29fde90f-65f3-4179-b334-ec735bc1e6ab, command=[]} | ret=SUCCESS |  
2019-09-18 16:04:15,391 [grpc-default-executor-5] INFO  client.GrpcClientProtocolClient (GrpcClientProtocolClient.java:onNext(255)) - client-920598ACECDB->3c1188b2-d9c4-43c4-a064-8074509344be: receive RaftClientReply:client-920598ACECDB->3c1188b2-d9c4-43c4-a064-8074509344be@group-AA92D0ED21CA, cid=66, FAILED org.apache.ratis.protocol.NotLeaderException: Server 3c1188b2-d9c4-43c4-a064-8074509344be is not the leader (null). Request must be sent to leader., logIndex=0, commits[3c1188b2-d9c4-43c4-a064-8074509344be:c-1, b967ad35-fbe7-4f25-8554-0bf78a3d522c:c-1, c3ebd7c4-785c-44df-867b-40d40a93f6b6:c-1]
2019-09-18 16:04:15,462 | INFO  | SCMAudit | user=jenkins1000 | ip=192.168.5.185 | op=SEND_HEARTBEAT {datanodeUUID=b967ad35-fbe7-4f25-8554-0bf78a3d522c, command=[]} | ret=SUCCESS |  
2019-09-18 16:04:15,572 | INFO  | SCMAudit | user=jenkins1000 | ip=192.168.5.185 | op=SEND_HEARTBEAT {datanodeUUID=51519769-3f92-4b39-a98d-c9708c58c8a7, command=[]} | ret=SUCCESS |  
2019-09-18 16:04:15,703 | INFO  | SCMAudit | user=jenkins1000 | ip=192.168.5.185 | op=SEND_HEARTBEAT {datanodeUUID=c3ebd7c4-785c-44df-867b-40d40a93f6b6, command=[]} | ret=SUCCESS |  
2019-09-18 16:04:15,829 | INFO  | SCMAudit | user=jenkins1000 | ip=192.168.5.185 | op=SEND_HEARTBEAT {datanodeUUID=af8ef8ac-d9e5-4930-bc45-5cd79380c82c, command=[]} | ret=SUCCESS |  
2019-09-18 16:04:15,924 | INFO  | SCMAudit | user=jenkins1000 | ip=192.168.5.185 | op=SEND_HEARTBEAT {datanodeUUID=3c1188b2-d9c4-43c4-a064-8074509344be, command=[]} | ret=SUCCESS |  
2019-09-18 16:04:16,031 | INFO  | SCMAudit | user=jenkins1000 | ip=192.168.5.185 | op=SEND_HEARTBEAT {datanodeUUID=9b3ecbfa-8029-4b82-b8b0-ff011ceea2cc, command=[]} | ret=SUCCESS |  
2019-09-18 16:04:16,138 | INFO  | SCMAudit | user=jenkins1000 | ip=192.168.5.185 | op=SEND_HEARTBEAT {datanodeUUID=29fde90f-65f3-4179-b334-ec735bc1e6ab, command=[]} | ret=SUCCESS |  
2019-09-18 16:04:16,404 [grpc-default-executor-2] INFO  client.GrpcClientProtocolClient (GrpcClientProtocolClient.java:onNext(255)) - client-920598ACECDB->b967ad35-fbe7-4f25-8554-0bf78a3d522c: receive RaftClientReply:client-920598ACECDB->b967ad35-fbe7-4f25-8554-0bf78a3d522c@group-AA92D0ED21CA, cid=66, FAILED org.apache.ratis.protocol.NotLeaderException: Server b967ad35-fbe7-4f25-8554-0bf78a3d522c is not the leader (null). Request must be sent to leader., logIndex=0, commits[b967ad35-fbe7-4f25-8554-0bf78a3d522c:c-1, 3c1188b2-d9c4-43c4-a064-8074509344be:c-1, c3ebd7c4-785c-44df-867b-40d40a93f6b6:c-1]
2019-09-18 16:04:16,462 | INFO  | SCMAudit | user=jenkins1000 | ip=192.168.5.185 | op=SEND_HEARTBEAT {datanodeUUID=b967ad35-fbe7-4f25-8554-0bf78a3d522c, command=[]} | ret=SUCCESS |  
2019-09-18 16:04:16,572 | INFO  | SCMAudit | user=jenkins1000 | ip=192.168.5.185 | op=SEND_HEARTBEAT {datanodeUUID=51519769-3f92-4b39-a98d-c9708c58c8a7, command=[]} | ret=SUCCESS |  
2019-09-18 16:04:16,704 | INFO  | SCMAudit | user=jenkins1000 | ip=192.168.5.185 | op=SEND_HEARTBEAT {datanodeUUID=c3ebd7c4-785c-44df-867b-40d40a93f6b6, command=[]} | ret=SUCCESS |  
2019-09-18 16:04:16,830 | INFO  | SCMAudit | user=jenkins1000 | ip=192.168.5.185 | op=SEND_HEARTBEAT {datanodeUUID=af8ef8ac-d9e5-4930-bc45-5cd79380c82c, command=[]} | ret=SUCCESS |  
2019-09-18 16:04:16,924 | INFO  | SCMAudit | user=jenkins1000 | ip=192.168.5.185 | op=SEND_HEARTBEAT {datanodeUUID=3c1188b2-d9c4-43c4-a064-8074509344be, command=[]} | ret=SUCCESS |  
2019-09-18 16:04:17,030 | INFO  | SCMAudit | user=jenkins1000 | ip=192.168.5.185 | op=SEND_HEARTBEAT {datanodeUUID=9b3ecbfa-8029-4b82-b8b0-ff011ceea2cc, command=[]} | ret=SUCCESS |  
2019-09-18 16:04:17,139 | INFO  | SCMAudit | user=jenkins1000 | ip=192.168.5.185 | op=SEND_HEARTBEAT {datanodeUUID=29fde90f-65f3-4179-b334-ec735bc1e6ab, command=[]} | ret=SUCCESS |  
2019-09-18 16:04:17,421 [grpc-default-executor-5] INFO  client.GrpcClientProtocolClient (GrpcClientProtocolClient.java:onNext(255)) - client-920598ACECDB->c3ebd7c4-785c-44df-867b-40d40a93f6b6: receive RaftClientReply:client-920598ACECDB->c3ebd7c4-785c-44df-867b-40d40a93f6b6@group-AA92D0ED21CA, cid=66, FAILED org.apache.ratis.protocol.NotLeaderException: Server c3ebd7c4-785c-44df-867b-40d40a93f6b6 is not the leader (null). Request must be sent to leader., logIndex=0, commits[c3ebd7c4-785c-44df-867b-40d40a93f6b6:c-1]
2019-09-18 16:04:17,463 | INFO  | SCMAudit | user=jenkins1000 | ip=192.168.5.185 | op=SEND_HEARTBEAT {datanodeUUID=b967ad35-fbe7-4f25-8554-0bf78a3d522c, command=[]} | ret=SUCCESS |  
2019-09-18 16:04:17,572 | INFO  | SCMAudit | user=jenkins1000 | ip=192.168.5.185 | op=SEND_HEARTBEAT {datanodeUUID=51519769-3f92-4b39-a98d-c9708c58c8a7, command=[]} | ret=SUCCESS |  
2019-09-18 16:04:17,703 | INFO  | SCMAudit | user=jenkins1000 | ip=192.168.5.185 | op=SEND_HEARTBEAT {datanodeUUID=c3ebd7c4-785c-44df-867b-40d40a93f6b6, command=[]} | ret=SUCCESS |  
2019-09-18 16:04:17,829 | INFO  | SCMAudit | user=jenkins1000 | ip=192.168.5.185 | op=SEND_HEARTBEAT {datanodeUUID=af8ef8ac-d9e5-4930-bc45-5cd79380c82c, command=[]} | ret=SUCCESS |  
2019-09-18 16:04:17,923 | INFO  | SCMAudit | user=jenkins1000 | ip=192.168.5.185 | op=SEND_HEARTBEAT {datanodeUUID=3c1188b2-d9c4-43c4-a064-8074509344be, command=[]} | ret=SUCCESS |  
2019-09-18 16:04:18,030 | INFO  | SCMAudit | user=jenkins1000 | ip=192.168.5.185 | op=SEND_HEARTBEAT {datanodeUUID=9b3ecbfa-8029-4b82-b8b0-ff011ceea2cc, command=[]} | ret=SUCCESS |  
2019-09-18 16:04:18,138 | INFO  | SCMAudit | user=jenkins1000 | ip=192.168.5.185 | op=SEND_HEARTBEAT {datanodeUUID=29fde90f-65f3-4179-b334-ec735bc1e6ab, command=[]} | ret=SUCCESS |  
2019-09-18 16:04:18,435 [grpc-default-executor-2] INFO  client.GrpcClientProtocolClient (GrpcClientProtocolClient.java:onNext(255)) - client-920598ACECDB->b967ad35-fbe7-4f25-8554-0bf78a3d522c: receive RaftClientReply:client-920598ACECDB->b967ad35-fbe7-4f25-8554-0bf78a3d522c@group-AA92D0ED21CA, cid=66, FAILED org.apache.ratis.protocol.NotLeaderException: Server b967ad35-fbe7-4f25-8554-0bf78a3d522c is not the leader (null). Request must be sent to leader., logIndex=0, commits[b967ad35-fbe7-4f25-8554-0bf78a3d522c:c-1, 3c1188b2-d9c4-43c4-a064-8074509344be:c-1, c3ebd7c4-785c-44df-867b-40d40a93f6b6:c-1]
2019-09-18 16:04:18,463 | INFO  | SCMAudit | user=jenkins1000 | ip=192.168.5.185 | op=SEND_HEARTBEAT {datanodeUUID=b967ad35-fbe7-4f25-8554-0bf78a3d522c, command=[]} | ret=SUCCESS |  
2019-09-18 16:04:18,573 | INFO  | SCMAudit | user=jenkins1000 | ip=192.168.5.185 | op=SEND_HEARTBEAT {datanodeUUID=51519769-3f92-4b39-a98d-c9708c58c8a7, command=[]} | ret=SUCCESS |  
2019-09-18 16:04:18,703 | INFO  | SCMAudit | user=jenkins1000 | ip=192.168.5.185 | op=SEND_HEARTBEAT {datanodeUUID=c3ebd7c4-785c-44df-867b-40d40a93f6b6, command=[]} | ret=SUCCESS |  
2019-09-18 16:04:18,829 | INFO  | SCMAudit | user=jenkins1000 | ip=192.168.5.185 | op=SEND_HEARTBEAT {datanodeUUID=af8ef8ac-d9e5-4930-bc45-5cd79380c82c, command=[]} | ret=SUCCESS |  
2019-09-18 16:04:18,923 | INFO  | SCMAudit | user=jenkins1000 | ip=192.168.5.185 | op=SEND_HEARTBEAT {datanodeUUID=3c1188b2-d9c4-43c4-a064-8074509344be, command=[]} | ret=SUCCESS |  
2019-09-18 16:04:19,030 | INFO  | SCMAudit | user=jenkins1000 | ip=192.168.5.185 | op=SEND_HEARTBEAT {datanodeUUID=9b3ecbfa-8029-4b82-b8b0-ff011ceea2cc, command=[]} | ret=SUCCESS |  
2019-09-18 16:04:19,064 [Thread-1620] INFO  impl.FollowerState (FollowerState.java:run(106)) - b967ad35-fbe7-4f25-8554-0bf78a3d522c:group-AA92D0ED21CA changes to CANDIDATE, lastRpcTime:5067, electionTimeout:5067ms
2019-09-18 16:04:19,064 [Thread-1620] INFO  impl.RoleInfo (RoleInfo.java:shutdownFollowerState(121)) - b967ad35-fbe7-4f25-8554-0bf78a3d522c: shutdown FollowerState
2019-09-18 16:04:19,064 [Thread-1620] INFO  impl.RaftServerImpl (RaftServerImpl.java:setRole(171)) - b967ad35-fbe7-4f25-8554-0bf78a3d522c:group-AA92D0ED21CA changes role from FOLLOWER to CANDIDATE at term 3 for changeToCandidate
2019-09-18 16:04:19,064 [Thread-1620] INFO  impl.RoleInfo (RoleInfo.java:updateAndGet(143)) - b967ad35-fbe7-4f25-8554-0bf78a3d522c: start LeaderElection
2019-09-18 16:04:19,074 [Thread-1621] INFO  impl.FollowerState (FollowerState.java:run(106)) - c3ebd7c4-785c-44df-867b-40d40a93f6b6:group-AA92D0ED21CA changes to CANDIDATE, lastRpcTime:5000, electionTimeout:5000ms
2019-09-18 16:04:19,074 [Thread-1621] INFO  impl.RoleInfo (RoleInfo.java:shutdownFollowerState(121)) - c3ebd7c4-785c-44df-867b-40d40a93f6b6: shutdown FollowerState
2019-09-18 16:04:19,074 [Thread-1621] INFO  impl.RaftServerImpl (RaftServerImpl.java:setRole(171)) - c3ebd7c4-785c-44df-867b-40d40a93f6b6:group-AA92D0ED21CA changes role from FOLLOWER to CANDIDATE at term 3 for changeToCandidate
2019-09-18 16:04:19,075 [Thread-1621] INFO  impl.RoleInfo (RoleInfo.java:updateAndGet(143)) - c3ebd7c4-785c-44df-867b-40d40a93f6b6: start LeaderElection
2019-09-18 16:04:19,103 [Thread-1619] INFO  impl.FollowerState (FollowerState.java:run(106)) - 3c1188b2-d9c4-43c4-a064-8074509344be:group-AA92D0ED21CA changes to CANDIDATE, lastRpcTime:5107, electionTimeout:5106ms
2019-09-18 16:04:19,103 [Thread-1619] INFO  impl.RoleInfo (RoleInfo.java:shutdownFollowerState(121)) - 3c1188b2-d9c4-43c4-a064-8074509344be: shutdown FollowerState
2019-09-18 16:04:19,103 [Thread-1619] INFO  impl.RaftServerImpl (RaftServerImpl.java:setRole(171)) - 3c1188b2-d9c4-43c4-a064-8074509344be:group-AA92D0ED21CA changes role from FOLLOWER to CANDIDATE at term 3 for changeToCandidate
2019-09-18 16:04:19,103 [Thread-1619] INFO  impl.RoleInfo (RoleInfo.java:updateAndGet(143)) - 3c1188b2-d9c4-43c4-a064-8074509344be: start LeaderElection
2019-09-18 16:04:19,107 [b967ad35-fbe7-4f25-8554-0bf78a3d522c:group-AA92D0ED21CA:LeaderElection37] INFO  impl.LeaderElection (LeaderElection.java:askForVotes(181)) - b967ad35-fbe7-4f25-8554-0bf78a3d522c:group-AA92D0ED21CA:LeaderElection37: begin an election at term 4 for 0: [3c1188b2-d9c4-43c4-a064-8074509344be:192.168.5.185:39492, b967ad35-fbe7-4f25-8554-0bf78a3d522c:192.168.5.185:40682, c3ebd7c4-785c-44df-867b-40d40a93f6b6:192.168.5.185:46765], old=null
2019-09-18 16:04:19,116 [c3ebd7c4-785c-44df-867b-40d40a93f6b6:group-AA92D0ED21CA:LeaderElection38] INFO  impl.LeaderElection (LeaderElection.java:askForVotes(181)) - c3ebd7c4-785c-44df-867b-40d40a93f6b6:group-AA92D0ED21CA:LeaderElection38: begin an election at term 4 for -1: [3c1188b2-d9c4-43c4-a064-8074509344be:192.168.5.185:39492, b967ad35-fbe7-4f25-8554-0bf78a3d522c:192.168.5.185:40682, c3ebd7c4-785c-44df-867b-40d40a93f6b6:192.168.5.185:46765], old=null
2019-09-18 16:04:19,131 [3c1188b2-d9c4-43c4-a064-8074509344be:group-AA92D0ED21CA:LeaderElection39] INFO  impl.LeaderElection (LeaderElection.java:askForVotes(181)) - 3c1188b2-d9c4-43c4-a064-8074509344be:group-AA92D0ED21CA:LeaderElection39: begin an election at term 4 for 0: [3c1188b2-d9c4-43c4-a064-8074509344be:192.168.5.185:39492, b967ad35-fbe7-4f25-8554-0bf78a3d522c:192.168.5.185:40682, c3ebd7c4-785c-44df-867b-40d40a93f6b6:192.168.5.185:46765], old=null
2019-09-18 16:04:19,135 [b967ad35-fbe7-4f25-8554-0bf78a3d522c:group-AA92D0ED21CA:LeaderElection37] INFO  impl.LeaderElection (LeaderElection.java:logAndReturn(56)) - b967ad35-fbe7-4f25-8554-0bf78a3d522c:group-AA92D0ED21CA:LeaderElection37: Election REJECTED; received 2 response(s) [b967ad35-fbe7-4f25-8554-0bf78a3d522c<-3c1188b2-d9c4-43c4-a064-8074509344be#0:FAIL-t4, b967ad35-fbe7-4f25-8554-0bf78a3d522c<-c3ebd7c4-785c-44df-867b-40d40a93f6b6#0:FAIL-t4] and 0 exception(s); b967ad35-fbe7-4f25-8554-0bf78a3d522c:t4, leader=null, voted=b967ad35-fbe7-4f25-8554-0bf78a3d522c, raftlog=b967ad35-fbe7-4f25-8554-0bf78a3d522c-SegmentedRaftLog:OPENED:c-1,f0,i0, conf=0: [3c1188b2-d9c4-43c4-a064-8074509344be:192.168.5.185:39492, b967ad35-fbe7-4f25-8554-0bf78a3d522c:192.168.5.185:40682, c3ebd7c4-785c-44df-867b-40d40a93f6b6:192.168.5.185:46765], old=null
2019-09-18 16:04:19,135 [b967ad35-fbe7-4f25-8554-0bf78a3d522c:group-AA92D0ED21CA:LeaderElection37] INFO  impl.RaftServerImpl (RaftServerImpl.java:setRole(171)) - b967ad35-fbe7-4f25-8554-0bf78a3d522c:group-AA92D0ED21CA changes role from CANDIDATE to FOLLOWER at term 4 for DISCOVERED_A_NEW_TERM
2019-09-18 16:04:19,135 [c3ebd7c4-785c-44df-867b-40d40a93f6b6:group-AA92D0ED21CA:LeaderElection38] INFO  impl.LeaderElection (LeaderElection.java:logAndReturn(56)) - c3ebd7c4-785c-44df-867b-40d40a93f6b6:group-AA92D0ED21CA:LeaderElection38: Election REJECTED; received 2 response(s) [c3ebd7c4-785c-44df-867b-40d40a93f6b6<-3c1188b2-d9c4-43c4-a064-8074509344be#0:FAIL-t4, c3ebd7c4-785c-44df-867b-40d40a93f6b6<-b967ad35-fbe7-4f25-8554-0bf78a3d522c#0:FAIL-t4] and 0 exception(s); c3ebd7c4-785c-44df-867b-40d40a93f6b6:t4, leader=null, voted=c3ebd7c4-785c-44df-867b-40d40a93f6b6, raftlog=c3ebd7c4-785c-44df-867b-40d40a93f6b6-SegmentedRaftLog:OPENED:c-1,f-1,i0, conf=-1: [3c1188b2-d9c4-43c4-a064-8074509344be:192.168.5.185:39492, b967ad35-fbe7-4f25-8554-0bf78a3d522c:192.168.5.185:40682, c3ebd7c4-785c-44df-867b-40d40a93f6b6:192.168.5.185:46765], old=null
2019-09-18 16:04:19,135 [b967ad35-fbe7-4f25-8554-0bf78a3d522c:group-AA92D0ED21CA:LeaderElection37] INFO  impl.RoleInfo (RoleInfo.java:shutdownLeaderElection(134)) - b967ad35-fbe7-4f25-8554-0bf78a3d522c: shutdown LeaderElection
2019-09-18 16:04:19,136 [c3ebd7c4-785c-44df-867b-40d40a93f6b6:group-AA92D0ED21CA:LeaderElection38] INFO  impl.RaftServerImpl (RaftServerImpl.java:setRole(171)) - c3ebd7c4-785c-44df-867b-40d40a93f6b6:group-AA92D0ED21CA changes role from CANDIDATE to FOLLOWER at term 4 for DISCOVERED_A_NEW_TERM
2019-09-18 16:04:19,136 [b967ad35-fbe7-4f25-8554-0bf78a3d522c:group-AA92D0ED21CA:LeaderElection37] INFO  impl.RoleInfo (RoleInfo.java:updateAndGet(143)) - b967ad35-fbe7-4f25-8554-0bf78a3d522c: start FollowerState
2019-09-18 16:04:19,136 [c3ebd7c4-785c-44df-867b-40d40a93f6b6:group-AA92D0ED21CA:LeaderElection38] INFO  impl.RoleInfo (RoleInfo.java:shutdownLeaderElection(134)) - c3ebd7c4-785c-44df-867b-40d40a93f6b6: shutdown LeaderElection
2019-09-18 16:04:19,136 [c3ebd7c4-785c-44df-867b-40d40a93f6b6:group-AA92D0ED21CA:LeaderElection38] INFO  impl.RoleInfo (RoleInfo.java:updateAndGet(143)) - c3ebd7c4-785c-44df-867b-40d40a93f6b6: start FollowerState
2019-09-18 16:04:19,138 | INFO  | SCMAudit | user=jenkins1000 | ip=192.168.5.185 | op=SEND_HEARTBEAT {datanodeUUID=29fde90f-65f3-4179-b334-ec735bc1e6ab, command=[]} | ret=SUCCESS |  
2019-09-18 16:04:19,162 [3c1188b2-d9c4-43c4-a064-8074509344be:group-AA92D0ED21CA:LeaderElection39] INFO  impl.LeaderElection (LeaderElection.java:logAndReturn(56)) - 3c1188b2-d9c4-43c4-a064-8074509344be:group-AA92D0ED21CA:LeaderElection39: Election REJECTED; received 2 response(s) [3c1188b2-d9c4-43c4-a064-8074509344be<-c3ebd7c4-785c-44df-867b-40d40a93f6b6#0:FAIL-t4, 3c1188b2-d9c4-43c4-a064-8074509344be<-b967ad35-fbe7-4f25-8554-0bf78a3d522c#0:FAIL-t4] and 0 exception(s); 3c1188b2-d9c4-43c4-a064-8074509344be:t4, leader=null, voted=3c1188b2-d9c4-43c4-a064-8074509344be, raftlog=3c1188b2-d9c4-43c4-a064-8074509344be-SegmentedRaftLog:OPENED:c-1,f0,i0, conf=0: [3c1188b2-d9c4-43c4-a064-8074509344be:192.168.5.185:39492, b967ad35-fbe7-4f25-8554-0bf78a3d522c:192.168.5.185:40682, c3ebd7c4-785c-44df-867b-40d40a93f6b6:192.168.5.185:46765], old=null
2019-09-18 16:04:19,162 [3c1188b2-d9c4-43c4-a064-8074509344be:group-AA92D0ED21CA:LeaderElection39] INFO  impl.RaftServerImpl (RaftServerImpl.java:setRole(171)) - 3c1188b2-d9c4-43c4-a064-8074509344be:group-AA92D0ED21CA changes role from CANDIDATE to FOLLOWER at term 4 for DISCOVERED_A_NEW_TERM
2019-09-18 16:04:19,162 [3c1188b2-d9c4-43c4-a064-8074509344be:group-AA92D0ED21CA:LeaderElection39] INFO  impl.RoleInfo (RoleInfo.java:shutdownLeaderElection(134)) - 3c1188b2-d9c4-43c4-a064-8074509344be: shutdown LeaderElection
2019-09-18 16:04:19,163 [3c1188b2-d9c4-43c4-a064-8074509344be:group-AA92D0ED21CA:LeaderElection39] INFO  impl.RoleInfo (RoleInfo.java:updateAndGet(143)) - 3c1188b2-d9c4-43c4-a064-8074509344be: start FollowerState
2019-09-18 16:04:19,448 [grpc-default-executor-2] INFO  client.GrpcClientProtocolClient (GrpcClientProtocolClient.java:onNext(255)) - client-920598ACECDB->c3ebd7c4-785c-44df-867b-40d40a93f6b6: receive RaftClientReply:client-920598ACECDB->c3ebd7c4-785c-44df-867b-40d40a93f6b6@group-AA92D0ED21CA, cid=66, FAILED org.apache.ratis.protocol.NotLeaderException: Server c3ebd7c4-785c-44df-867b-40d40a93f6b6 is not the leader (null). Request must be sent to leader., logIndex=0, commits[c3ebd7c4-785c-44df-867b-40d40a93f6b6:c-1]
2019-09-18 16:04:19,463 | INFO  | SCMAudit | user=jenkins1000 | ip=192.168.5.185 | op=SEND_HEARTBEAT {datanodeUUID=b967ad35-fbe7-4f25-8554-0bf78a3d522c, command=[]} | ret=SUCCESS |  
2019-09-18 16:04:19,573 | INFO  | SCMAudit | user=jenkins1000 | ip=192.168.5.185 | op=SEND_HEARTBEAT {datanodeUUID=51519769-3f92-4b39-a98d-c9708c58c8a7, command=[]} | ret=SUCCESS |  
2019-09-18 16:04:19,703 | INFO  | SCMAudit | user=jenkins1000 | ip=192.168.5.185 | op=SEND_HEARTBEAT {datanodeUUID=c3ebd7c4-785c-44df-867b-40d40a93f6b6, command=[]} | ret=SUCCESS |  
2019-09-18 16:04:19,829 | INFO  | SCMAudit | user=jenkins1000 | ip=192.168.5.185 | op=SEND_HEARTBEAT {datanodeUUID=af8ef8ac-d9e5-4930-bc45-5cd79380c82c, command=[]} | ret=SUCCESS |  
2019-09-18 16:04:19,923 | INFO  | SCMAudit | user=jenkins1000 | ip=192.168.5.185 | op=SEND_HEARTBEAT {datanodeUUID=3c1188b2-d9c4-43c4-a064-8074509344be, command=[]} | ret=SUCCESS |  
2019-09-18 16:04:20,030 | INFO  | SCMAudit | user=jenkins1000 | ip=192.168.5.185 | op=SEND_HEARTBEAT {datanodeUUID=9b3ecbfa-8029-4b82-b8b0-ff011ceea2cc, command=[]} | ret=SUCCESS |  
2019-09-18 16:04:20,139 | INFO  | SCMAudit | user=jenkins1000 | ip=192.168.5.185 | op=SEND_HEARTBEAT {datanodeUUID=29fde90f-65f3-4179-b334-ec735bc1e6ab, command=[]} | ret=SUCCESS |  
2019-09-18 16:04:20,464 [grpc-default-executor-4] INFO  client.GrpcClientProtocolClient (GrpcClientProtocolClient.java:onNext(255)) - client-920598ACECDB->b967ad35-fbe7-4f25-8554-0bf78a3d522c: receive RaftClientReply:client-920598ACECDB->b967ad35-fbe7-4f25-8554-0bf78a3d522c@group-AA92D0ED21CA, cid=66, FAILED org.apache.ratis.protocol.NotLeaderException: Server b967ad35-fbe7-4f25-8554-0bf78a3d522c is not the leader (null). Request must be sent to leader., logIndex=0, commits[b967ad35-fbe7-4f25-8554-0bf78a3d522c:c-1, 3c1188b2-d9c4-43c4-a064-8074509344be:c-1, c3ebd7c4-785c-44df-867b-40d40a93f6b6:c-1]
2019-09-18 16:04:20,464 | INFO  | SCMAudit | user=jenkins1000 | ip=192.168.5.185 | op=SEND_HEARTBEAT {datanodeUUID=b967ad35-fbe7-4f25-8554-0bf78a3d522c, command=[]} | ret=SUCCESS |  
2019-09-18 16:04:20,574 | INFO  | SCMAudit | user=jenkins1000 | ip=192.168.5.185 | op=SEND_HEARTBEAT {datanodeUUID=51519769-3f92-4b39-a98d-c9708c58c8a7, command=[]} | ret=SUCCESS |  
2019-09-18 16:04:20,703 | INFO  | SCMAudit | user=jenkins1000 | ip=192.168.5.185 | op=SEND_HEARTBEAT {datanodeUUID=c3ebd7c4-785c-44df-867b-40d40a93f6b6, command=[]} | ret=SUCCESS |  
2019-09-18 16:04:20,829 | INFO  | SCMAudit | user=jenkins1000 | ip=192.168.5.185 | op=SEND_HEARTBEAT {datanodeUUID=af8ef8ac-d9e5-4930-bc45-5cd79380c82c, command=[]} | ret=SUCCESS |  
2019-09-18 16:04:20,923 | INFO  | SCMAudit | user=jenkins1000 | ip=192.168.5.185 | op=SEND_HEARTBEAT {datanodeUUID=3c1188b2-d9c4-43c4-a064-8074509344be, command=[]} | ret=SUCCESS |  
2019-09-18 16:04:21,031 | INFO  | SCMAudit | user=jenkins1000 | ip=192.168.5.185 | op=SEND_HEARTBEAT {datanodeUUID=9b3ecbfa-8029-4b82-b8b0-ff011ceea2cc, command=[]} | ret=SUCCESS |  
2019-09-18 16:04:21,138 | INFO  | SCMAudit | user=jenkins1000 | ip=192.168.5.185 | op=SEND_HEARTBEAT {datanodeUUID=29fde90f-65f3-4179-b334-ec735bc1e6ab, command=[]} | ret=SUCCESS |  
2019-09-18 16:04:21,464 | INFO  | SCMAudit | user=jenkins1000 | ip=192.168.5.185 | op=SEND_HEARTBEAT {datanodeUUID=b967ad35-fbe7-4f25-8554-0bf78a3d522c, command=[]} | ret=SUCCESS |  
2019-09-18 16:04:21,478 [grpc-default-executor-4] INFO  client.GrpcClientProtocolClient (GrpcClientProtocolClient.java:onNext(255)) - client-920598ACECDB->c3ebd7c4-785c-44df-867b-40d40a93f6b6: receive RaftClientReply:client-920598ACECDB->c3ebd7c4-785c-44df-867b-40d40a93f6b6@group-AA92D0ED21CA, cid=66, FAILED org.apache.ratis.protocol.NotLeaderException: Server c3ebd7c4-785c-44df-867b-40d40a93f6b6 is not the leader (null). Request must be sent to leader., logIndex=0, commits[c3ebd7c4-785c-44df-867b-40d40a93f6b6:c-1]
2019-09-18 16:04:21,573 | INFO  | SCMAudit | user=jenkins1000 | ip=192.168.5.185 | op=SEND_HEARTBEAT {datanodeUUID=51519769-3f92-4b39-a98d-c9708c58c8a7, command=[]} | ret=SUCCESS |  
2019-09-18 16:04:21,703 | INFO  | SCMAudit | user=jenkins1000 | ip=192.168.5.185 | op=SEND_HEARTBEAT {datanodeUUID=c3ebd7c4-785c-44df-867b-40d40a93f6b6, command=[]} | ret=SUCCESS |  
2019-09-18 16:04:21,829 | INFO  | SCMAudit | user=jenkins1000 | ip=192.168.5.185 | op=SEND_HEARTBEAT {datanodeUUID=af8ef8ac-d9e5-4930-bc45-5cd79380c82c, command=[]} | ret=SUCCESS |  
2019-09-18 16:04:21,923 | INFO  | SCMAudit | user=jenkins1000 | ip=192.168.5.185 | op=SEND_HEARTBEAT {datanodeUUID=3c1188b2-d9c4-43c4-a064-8074509344be, command=[]} | ret=SUCCESS |  
2019-09-18 16:04:22,030 | INFO  | SCMAudit | user=jenkins1000 | ip=192.168.5.185 | op=SEND_HEARTBEAT {datanodeUUID=9b3ecbfa-8029-4b82-b8b0-ff011ceea2cc, command=[]} | ret=SUCCESS |  
2019-09-18 16:04:22,138 | INFO  | SCMAudit | user=jenkins1000 | ip=192.168.5.185 | op=SEND_HEARTBEAT {datanodeUUID=29fde90f-65f3-4179-b334-ec735bc1e6ab, command=[]} | ret=SUCCESS |  
2019-09-18 16:04:22,464 | INFO  | SCMAudit | user=jenkins1000 | ip=192.168.5.185 | op=SEND_HEARTBEAT {datanodeUUID=b967ad35-fbe7-4f25-8554-0bf78a3d522c, command=[]} | ret=SUCCESS |  
2019-09-18 16:04:22,510 [grpc-default-executor-2] INFO  client.GrpcClientProtocolClient (GrpcClientProtocolClient.java:onNext(255)) - client-920598ACECDB->b967ad35-fbe7-4f25-8554-0bf78a3d522c: receive RaftClientReply:client-920598ACECDB->b967ad35-fbe7-4f25-8554-0bf78a3d522c@group-AA92D0ED21CA, cid=66, FAILED org.apache.ratis.protocol.NotLeaderException: Server b967ad35-fbe7-4f25-8554-0bf78a3d522c is not the leader (null). Request must be sent to leader., logIndex=0, commits[b967ad35-fbe7-4f25-8554-0bf78a3d522c:c-1, 3c1188b2-d9c4-43c4-a064-8074509344be:c-1, c3ebd7c4-785c-44df-867b-40d40a93f6b6:c-1]
2019-09-18 16:04:22,573 | INFO  | SCMAudit | user=jenkins1000 | ip=192.168.5.185 | op=SEND_HEARTBEAT {datanodeUUID=51519769-3f92-4b39-a98d-c9708c58c8a7, command=[]} | ret=SUCCESS |  
2019-09-18 16:04:22,703 | INFO  | SCMAudit | user=jenkins1000 | ip=192.168.5.185 | op=SEND_HEARTBEAT {datanodeUUID=c3ebd7c4-785c-44df-867b-40d40a93f6b6, command=[]} | ret=SUCCESS |  
2019-09-18 16:04:22,830 | INFO  | SCMAudit | user=jenkins1000 | ip=192.168.5.185 | op=SEND_HEARTBEAT {datanodeUUID=af8ef8ac-d9e5-4930-bc45-5cd79380c82c, command=[]} | ret=SUCCESS |  
2019-09-18 16:04:22,924 | INFO  | SCMAudit | user=jenkins1000 | ip=192.168.5.185 | op=SEND_HEARTBEAT {datanodeUUID=3c1188b2-d9c4-43c4-a064-8074509344be, command=[]} | ret=SUCCESS |  
2019-09-18 16:04:23,030 | INFO  | SCMAudit | user=jenkins1000 | ip=192.168.5.185 | op=SEND_HEARTBEAT {datanodeUUID=9b3ecbfa-8029-4b82-b8b0-ff011ceea2cc, command=[]} | ret=SUCCESS |  
2019-09-18 16:04:23,138 | INFO  | SCMAudit | user=jenkins1000 | ip=192.168.5.185 | op=SEND_HEARTBEAT {datanodeUUID=29fde90f-65f3-4179-b334-ec735bc1e6ab, command=[]} | ret=SUCCESS |  
2019-09-18 16:04:23,464 | INFO  | SCMAudit | user=jenkins1000 | ip=192.168.5.185 | op=SEND_HEARTBEAT {datanodeUUID=b967ad35-fbe7-4f25-8554-0bf78a3d522c, command=[]} | ret=SUCCESS |  
2019-09-18 16:04:23,523 [grpc-default-executor-4] INFO  client.GrpcClientProtocolClient (GrpcClientProtocolClient.java:onNext(255)) - client-920598ACECDB->3c1188b2-d9c4-43c4-a064-8074509344be: receive RaftClientReply:client-920598ACECDB->3c1188b2-d9c4-43c4-a064-8074509344be@group-AA92D0ED21CA, cid=66, FAILED org.apache.ratis.protocol.NotLeaderException: Server 3c1188b2-d9c4-43c4-a064-8074509344be is not the leader (null). Request must be sent to leader., logIndex=0, commits[3c1188b2-d9c4-43c4-a064-8074509344be:c-1, b967ad35-fbe7-4f25-8554-0bf78a3d522c:c-1, c3ebd7c4-785c-44df-867b-40d40a93f6b6:c-1]
2019-09-18 16:04:23,574 | INFO  | SCMAudit | user=jenkins1000 | ip=192.168.5.185 | op=SEND_HEARTBEAT {datanodeUUID=51519769-3f92-4b39-a98d-c9708c58c8a7, command=[]} | ret=SUCCESS |  
2019-09-18 16:04:23,703 | INFO  | SCMAudit | user=jenkins1000 | ip=192.168.5.185 | op=SEND_HEARTBEAT {datanodeUUID=c3ebd7c4-785c-44df-867b-40d40a93f6b6, command=[]} | ret=SUCCESS |  
2019-09-18 16:04:23,830 | INFO  | SCMAudit | user=jenkins1000 | ip=192.168.5.185 | op=SEND_HEARTBEAT {datanodeUUID=af8ef8ac-d9e5-4930-bc45-5cd79380c82c, command=[]} | ret=SUCCESS |  
2019-09-18 16:04:23,924 | INFO  | SCMAudit | user=jenkins1000 | ip=192.168.5.185 | op=SEND_HEARTBEAT {datanodeUUID=3c1188b2-d9c4-43c4-a064-8074509344be, command=[]} | ret=SUCCESS |  
2019-09-18 16:04:24,030 | INFO  | SCMAudit | user=jenkins1000 | ip=192.168.5.185 | op=SEND_HEARTBEAT {datanodeUUID=9b3ecbfa-8029-4b82-b8b0-ff011ceea2cc, command=[]} | ret=SUCCESS |  
2019-09-18 16:04:24,138 | INFO  | SCMAudit | user=jenkins1000 | ip=192.168.5.185 | op=SEND_HEARTBEAT {datanodeUUID=29fde90f-65f3-4179-b334-ec735bc1e6ab, command=[]} | ret=SUCCESS |  
2019-09-18 16:04:24,304 [Thread-1651] INFO  impl.FollowerState (FollowerState.java:run(106)) - c3ebd7c4-785c-44df-867b-40d40a93f6b6:group-AA92D0ED21CA changes to CANDIDATE, lastRpcTime:5167, electionTimeout:5167ms
2019-09-18 16:04:24,304 [Thread-1651] INFO  impl.RoleInfo (RoleInfo.java:shutdownFollowerState(121)) - c3ebd7c4-785c-44df-867b-40d40a93f6b6: shutdown FollowerState
2019-09-18 16:04:24,304 [Thread-1651] INFO  impl.RaftServerImpl (RaftServerImpl.java:setRole(171)) - c3ebd7c4-785c-44df-867b-40d40a93f6b6:group-AA92D0ED21CA changes role from FOLLOWER to CANDIDATE at term 4 for changeToCandidate
2019-09-18 16:04:24,305 [Thread-1651] INFO  impl.RoleInfo (RoleInfo.java:updateAndGet(143)) - c3ebd7c4-785c-44df-867b-40d40a93f6b6: start LeaderElection
2019-09-18 16:04:24,312 [Thread-1650] INFO  impl.FollowerState (FollowerState.java:run(106)) - b967ad35-fbe7-4f25-8554-0bf78a3d522c:group-AA92D0ED21CA changes to CANDIDATE, lastRpcTime:5175, electionTimeout:5175ms
2019-09-18 16:04:24,312 [Thread-1650] INFO  impl.RoleInfo (RoleInfo.java:shutdownFollowerState(121)) - b967ad35-fbe7-4f25-8554-0bf78a3d522c: shutdown FollowerState
2019-09-18 16:04:24,312 [Thread-1650] INFO  impl.RaftServerImpl (RaftServerImpl.java:setRole(171)) - b967ad35-fbe7-4f25-8554-0bf78a3d522c:group-AA92D0ED21CA changes role from FOLLOWER to CANDIDATE at term 4 for changeToCandidate
2019-09-18 16:04:24,312 [Thread-1650] INFO  impl.RoleInfo (RoleInfo.java:updateAndGet(143)) - b967ad35-fbe7-4f25-8554-0bf78a3d522c: start LeaderElection
2019-09-18 16:04:24,321 [b967ad35-fbe7-4f25-8554-0bf78a3d522c:group-AA92D0ED21CA:LeaderElection41] INFO  impl.LeaderElection (LeaderElection.java:askForVotes(181)) - b967ad35-fbe7-4f25-8554-0bf78a3d522c:group-AA92D0ED21CA:LeaderElection41: begin an election at term 5 for 0: [3c1188b2-d9c4-43c4-a064-8074509344be:192.168.5.185:39492, b967ad35-fbe7-4f25-8554-0bf78a3d522c:192.168.5.185:40682, c3ebd7c4-785c-44df-867b-40d40a93f6b6:192.168.5.185:46765], old=null
2019-09-18 16:04:24,321 [c3ebd7c4-785c-44df-867b-40d40a93f6b6:group-AA92D0ED21CA:LeaderElection40] INFO  impl.LeaderElection (LeaderElection.java:askForVotes(181)) - c3ebd7c4-785c-44df-867b-40d40a93f6b6:group-AA92D0ED21CA:LeaderElection40: begin an election at term 5 for -1: [3c1188b2-d9c4-43c4-a064-8074509344be:192.168.5.185:39492, b967ad35-fbe7-4f25-8554-0bf78a3d522c:192.168.5.185:40682, c3ebd7c4-785c-44df-867b-40d40a93f6b6:192.168.5.185:46765], old=null
2019-09-18 16:04:24,325 [grpc-default-executor-4] INFO  impl.RaftServerImpl (RaftServerImpl.java:setRole(171)) - 3c1188b2-d9c4-43c4-a064-8074509344be:group-AA92D0ED21CA changes role from FOLLOWER to FOLLOWER at term 5 for recognizeCandidate:c3ebd7c4-785c-44df-867b-40d40a93f6b6
2019-09-18 16:04:24,325 [grpc-default-executor-4] INFO  impl.RoleInfo (RoleInfo.java:shutdownFollowerState(121)) - 3c1188b2-d9c4-43c4-a064-8074509344be: shutdown FollowerState
2019-09-18 16:04:24,326 [grpc-default-executor-4] INFO  impl.RoleInfo (RoleInfo.java:updateAndGet(143)) - 3c1188b2-d9c4-43c4-a064-8074509344be: start FollowerState
2019-09-18 16:04:24,326 [Thread-1652] INFO  impl.FollowerState (FollowerState.java:run(114)) - 3c1188b2-d9c4-43c4-a064-8074509344be: FollowerState was interrupted: java.lang.InterruptedException: sleep interrupted
2019-09-18 16:04:24,336 [grpc-default-executor-2] INFO  impl.RaftServerImpl (RaftServerImpl.java:setRole(171)) - 3c1188b2-d9c4-43c4-a064-8074509344be:group-AA92D0ED21CA changes role from FOLLOWER to FOLLOWER at term 5 for recognizeCandidate:b967ad35-fbe7-4f25-8554-0bf78a3d522c
2019-09-18 16:04:24,336 [grpc-default-executor-2] INFO  impl.RoleInfo (RoleInfo.java:shutdownFollowerState(121)) - 3c1188b2-d9c4-43c4-a064-8074509344be: shutdown FollowerState
2019-09-18 16:04:24,336 [grpc-default-executor-2] INFO  impl.RoleInfo (RoleInfo.java:updateAndGet(143)) - 3c1188b2-d9c4-43c4-a064-8074509344be: start FollowerState
2019-09-18 16:04:24,336 [Thread-1678] INFO  impl.FollowerState (FollowerState.java:run(114)) - 3c1188b2-d9c4-43c4-a064-8074509344be: FollowerState was interrupted: java.lang.InterruptedException: sleep interrupted
2019-09-18 16:04:24,339 [c3ebd7c4-785c-44df-867b-40d40a93f6b6:group-AA92D0ED21CA:LeaderElection40] INFO  impl.LeaderElection (LeaderElection.java:logAndReturn(56)) - c3ebd7c4-785c-44df-867b-40d40a93f6b6:group-AA92D0ED21CA:LeaderElection40: Election REJECTED; received 2 response(s) [c3ebd7c4-785c-44df-867b-40d40a93f6b6<-3c1188b2-d9c4-43c4-a064-8074509344be#0:FAIL-t5, c3ebd7c4-785c-44df-867b-40d40a93f6b6<-b967ad35-fbe7-4f25-8554-0bf78a3d522c#0:FAIL-t5] and 0 exception(s); c3ebd7c4-785c-44df-867b-40d40a93f6b6:t5, leader=null, voted=c3ebd7c4-785c-44df-867b-40d40a93f6b6, raftlog=c3ebd7c4-785c-44df-867b-40d40a93f6b6-SegmentedRaftLog:OPENED:c-1,f-1,i0, conf=-1: [3c1188b2-d9c4-43c4-a064-8074509344be:192.168.5.185:39492, b967ad35-fbe7-4f25-8554-0bf78a3d522c:192.168.5.185:40682, c3ebd7c4-785c-44df-867b-40d40a93f6b6:192.168.5.185:46765], old=null
2019-09-18 16:04:24,339 [c3ebd7c4-785c-44df-867b-40d40a93f6b6:group-AA92D0ED21CA:LeaderElection40] INFO  impl.RaftServerImpl (RaftServerImpl.java:setRole(171)) - c3ebd7c4-785c-44df-867b-40d40a93f6b6:group-AA92D0ED21CA changes role from CANDIDATE to FOLLOWER at term 5 for DISCOVERED_A_NEW_TERM
2019-09-18 16:04:24,339 [c3ebd7c4-785c-44df-867b-40d40a93f6b6:group-AA92D0ED21CA:LeaderElection40] INFO  impl.RoleInfo (RoleInfo.java:shutdownLeaderElection(134)) - c3ebd7c4-785c-44df-867b-40d40a93f6b6: shutdown LeaderElection
2019-09-18 16:04:24,340 [c3ebd7c4-785c-44df-867b-40d40a93f6b6:group-AA92D0ED21CA:LeaderElection40] INFO  impl.RoleInfo (RoleInfo.java:updateAndGet(143)) - c3ebd7c4-785c-44df-867b-40d40a93f6b6: start FollowerState
2019-09-18 16:04:24,348 [b967ad35-fbe7-4f25-8554-0bf78a3d522c:group-AA92D0ED21CA:LeaderElection41] INFO  impl.LeaderElection (LeaderElection.java:logAndReturn(56)) - b967ad35-fbe7-4f25-8554-0bf78a3d522c:group-AA92D0ED21CA:LeaderElection41: Election PASSED; received 2 response(s) [b967ad35-fbe7-4f25-8554-0bf78a3d522c<-3c1188b2-d9c4-43c4-a064-8074509344be#0:OK-t5, b967ad35-fbe7-4f25-8554-0bf78a3d522c<-c3ebd7c4-785c-44df-867b-40d40a93f6b6#0:FAIL-t5] and 0 exception(s); b967ad35-fbe7-4f25-8554-0bf78a3d522c:t5, leader=null, voted=b967ad35-fbe7-4f25-8554-0bf78a3d522c, raftlog=b967ad35-fbe7-4f25-8554-0bf78a3d522c-SegmentedRaftLog:OPENED:c-1,f0,i0, conf=0: [3c1188b2-d9c4-43c4-a064-8074509344be:192.168.5.185:39492, b967ad35-fbe7-4f25-8554-0bf78a3d522c:192.168.5.185:40682, c3ebd7c4-785c-44df-867b-40d40a93f6b6:192.168.5.185:46765], old=null
2019-09-18 16:04:24,348 [b967ad35-fbe7-4f25-8554-0bf78a3d522c:group-AA92D0ED21CA:LeaderElection41] INFO  impl.RoleInfo (RoleInfo.java:shutdownLeaderElection(134)) - b967ad35-fbe7-4f25-8554-0bf78a3d522c: shutdown LeaderElection
2019-09-18 16:04:24,348 [b967ad35-fbe7-4f25-8554-0bf78a3d522c:group-AA92D0ED21CA:LeaderElection41] INFO  impl.RaftServerImpl (RaftServerImpl.java:setRole(171)) - b967ad35-fbe7-4f25-8554-0bf78a3d522c:group-AA92D0ED21CA changes role from CANDIDATE to LEADER at term 5 for changeToLeader
2019-09-18 16:04:24,348 [b967ad35-fbe7-4f25-8554-0bf78a3d522c:group-AA92D0ED21CA:LeaderElection41] INFO  impl.RaftServerImpl (ServerState.java:setLeader(263)) - b967ad35-fbe7-4f25-8554-0bf78a3d522c:group-AA92D0ED21CA change Leader from null to b967ad35-fbe7-4f25-8554-0bf78a3d522c at term 5 for becomeLeader, leader elected after 15420ms
2019-09-18 16:04:24,349 [b967ad35-fbe7-4f25-8554-0bf78a3d522c:group-AA92D0ED21CA:LeaderElection41] INFO  server.RaftServerConfigKeys (ConfUtils.java:logGet(43)) - raft.server.staging.catchup.gap = 1000 (default)
2019-09-18 16:04:24,349 [b967ad35-fbe7-4f25-8554-0bf78a3d522c:group-AA92D0ED21CA:LeaderElection41] INFO  server.RaftServerConfigKeys (ConfUtils.java:logGet(43)) - raft.server.rpc.sleep.time = 25ms (default)
2019-09-18 16:04:24,349 [b967ad35-fbe7-4f25-8554-0bf78a3d522c:group-AA92D0ED21CA:LeaderElection41] INFO  server.RaftServerConfigKeys (ConfUtils.java:logGet(43)) - raft.server.write.element-limit = 4096 (default)
2019-09-18 16:04:24,349 [b967ad35-fbe7-4f25-8554-0bf78a3d522c:group-AA92D0ED21CA:LeaderElection41] INFO  server.RaftServerConfigKeys (ConfUtils.java:logGet(43)) - raft.server.watch.timeout = 10s (default)
2019-09-18 16:04:24,349 [b967ad35-fbe7-4f25-8554-0bf78a3d522c:group-AA92D0ED21CA:LeaderElection41] INFO  server.RaftServerConfigKeys (ConfUtils.java:logGet(43)) - raft.server.watch.timeout.denomination = 1s (default)
2019-09-18 16:04:24,349 [b967ad35-fbe7-4f25-8554-0bf78a3d522c:group-AA92D0ED21CA:LeaderElection41] INFO  server.RaftServerConfigKeys (ConfUtils.java:logGet(43)) - raft.server.watch.element-limit = 65536 (default)
2019-09-18 16:04:24,350 [b967ad35-fbe7-4f25-8554-0bf78a3d522c:group-AA92D0ED21CA:LeaderElection41] INFO  server.RaftServerConfigKeys (ConfUtils.java:logGet(43)) - raft.server.log.appender.snapshot.chunk.size.max = 16MB (=16777216) (default)
2019-09-18 16:04:24,350 [b967ad35-fbe7-4f25-8554-0bf78a3d522c:group-AA92D0ED21CA:LeaderElection41] INFO  server.RaftServerConfigKeys (ConfUtils.java:logGet(43)) - raft.server.log.appender.buffer.byte-limit = 33554432 (custom)
2019-09-18 16:04:24,350 [b967ad35-fbe7-4f25-8554-0bf78a3d522c:group-AA92D0ED21CA:LeaderElection41] INFO  server.RaftServerConfigKeys (ConfUtils.java:logGet(43)) - raft.server.log.appender.buffer.element-limit = 1 (custom)
2019-09-18 16:04:24,351 [b967ad35-fbe7-4f25-8554-0bf78a3d522c:group-AA92D0ED21CA:LeaderElection41] INFO  grpc.GrpcConfigKeys$Server (ConfUtils.java:logGet(43)) - raft.grpc.server.leader.outstanding.appends.max = 128 (default)
2019-09-18 16:04:24,351 [b967ad35-fbe7-4f25-8554-0bf78a3d522c:group-AA92D0ED21CA:LeaderElection41] INFO  server.RaftServerConfigKeys (ConfUtils.java:logGet(43)) - raft.server.rpc.request.timeout = 3000ms (default)
2019-09-18 16:04:24,351 [b967ad35-fbe7-4f25-8554-0bf78a3d522c:group-AA92D0ED21CA:LeaderElection41] INFO  server.RaftServerConfigKeys (ConfUtils.java:logGet(43)) - raft.server.log.appender.install.snapshot.enabled = false (custom)
2019-09-18 16:04:24,351 [b967ad35-fbe7-4f25-8554-0bf78a3d522c:group-AA92D0ED21CA:LeaderElection41] INFO  server.RaftServerConfigKeys (ConfUtils.java:logGet(43)) - raft.server.log.appender.snapshot.chunk.size.max = 16MB (=16777216) (default)
2019-09-18 16:04:24,352 [b967ad35-fbe7-4f25-8554-0bf78a3d522c:group-AA92D0ED21CA:LeaderElection41] INFO  server.RaftServerConfigKeys (ConfUtils.java:logGet(43)) - raft.server.log.appender.buffer.byte-limit = 33554432 (custom)
2019-09-18 16:04:24,352 [b967ad35-fbe7-4f25-8554-0bf78a3d522c:group-AA92D0ED21CA:LeaderElection41] INFO  server.RaftServerConfigKeys (ConfUtils.java:logGet(43)) - raft.server.log.appender.buffer.element-limit = 1 (custom)
2019-09-18 16:04:24,352 [b967ad35-fbe7-4f25-8554-0bf78a3d522c:group-AA92D0ED21CA:LeaderElection41] INFO  grpc.GrpcConfigKeys$Server (ConfUtils.java:logGet(43)) - raft.grpc.server.leader.outstanding.appends.max = 128 (default)
2019-09-18 16:04:24,352 [b967ad35-fbe7-4f25-8554-0bf78a3d522c:group-AA92D0ED21CA:LeaderElection41] INFO  server.RaftServerConfigKeys (ConfUtils.java:logGet(43)) - raft.server.rpc.request.timeout = 3000ms (default)
2019-09-18 16:04:24,352 [b967ad35-fbe7-4f25-8554-0bf78a3d522c:group-AA92D0ED21CA:LeaderElection41] INFO  server.RaftServerConfigKeys (ConfUtils.java:logGet(43)) - raft.server.log.appender.install.snapshot.enabled = false (custom)
2019-09-18 16:04:24,353 [b967ad35-fbe7-4f25-8554-0bf78a3d522c:group-AA92D0ED21CA:LeaderElection41] INFO  impl.RoleInfo (RoleInfo.java:updateAndGet(143)) - b967ad35-fbe7-4f25-8554-0bf78a3d522c: start LeaderState
2019-09-18 16:04:24,353 [b967ad35-fbe7-4f25-8554-0bf78a3d522c:group-AA92D0ED21CA:LeaderElection41] INFO  segmented.SegmentedRaftLogWorker (SegmentedRaftLogWorker.java:rollLogSegment(385)) - b967ad35-fbe7-4f25-8554-0bf78a3d522c-SegmentedRaftLogWorker:Storage Directory /workdir/hadoop-ozone/integration-test/target/test-dir/MiniOzoneClusterImpl-c717418d-2af0-42af-8782-89586fb16a72/datanode-0/data/ratis/d0b92187-fd92-4537-9987-aa92d0ed21ca: Rolling segment log-0_0 to index:0
2019-09-18 16:04:24,356 [b967ad35-fbe7-4f25-8554-0bf78a3d522c:group-AA92D0ED21CA:LeaderElection41] INFO  impl.RaftServerImpl (ServerState.java:setRaftConf(361)) - b967ad35-fbe7-4f25-8554-0bf78a3d522c:group-AA92D0ED21CA set configuration 1: [3c1188b2-d9c4-43c4-a064-8074509344be:192.168.5.185:39492, b967ad35-fbe7-4f25-8554-0bf78a3d522c:192.168.5.185:40682, c3ebd7c4-785c-44df-867b-40d40a93f6b6:192.168.5.185:46765], old=null at 1
2019-09-18 16:04:24,357 [b967ad35-fbe7-4f25-8554-0bf78a3d522c-SegmentedRaftLogWorker:Storage Directory /workdir/hadoop-ozone/integration-test/target/test-dir/MiniOzoneClusterImpl-c717418d-2af0-42af-8782-89586fb16a72/datanode-0/data/ratis/d0b92187-fd92-4537-9987-aa92d0ed21ca] INFO  segmented.SegmentedRaftLogWorker (SegmentedRaftLogWorker.java:execute(526)) - b967ad35-fbe7-4f25-8554-0bf78a3d522c-SegmentedRaftLogWorker:Storage Directory /workdir/hadoop-ozone/integration-test/target/test-dir/MiniOzoneClusterImpl-c717418d-2af0-42af-8782-89586fb16a72/datanode-0/data/ratis/d0b92187-fd92-4537-9987-aa92d0ed21ca: Rolled log segment from /workdir/hadoop-ozone/integration-test/target/test-dir/MiniOzoneClusterImpl-c717418d-2af0-42af-8782-89586fb16a72/datanode-0/data/ratis/d0b92187-fd92-4537-9987-aa92d0ed21ca/current/log_inprogress_0 to /workdir/hadoop-ozone/integration-test/target/test-dir/MiniOzoneClusterImpl-c717418d-2af0-42af-8782-89586fb16a72/datanode-0/data/ratis/d0b92187-fd92-4537-9987-aa92d0ed21ca/current/log_0-0
2019-09-18 16:04:24,359 [grpc-default-executor-2] INFO  impl.RaftServerImpl (ServerState.java:setLeader(263)) - 3c1188b2-d9c4-43c4-a064-8074509344be:group-AA92D0ED21CA change Leader from null to b967ad35-fbe7-4f25-8554-0bf78a3d522c at term 5 for appendEntries, leader elected after 15362ms
2019-09-18 16:04:24,360 [grpc-default-executor-2] INFO  impl.RaftServerImpl (ServerState.java:setLeader(263)) - c3ebd7c4-785c-44df-867b-40d40a93f6b6:group-AA92D0ED21CA change Leader from null to b967ad35-fbe7-4f25-8554-0bf78a3d522c at term 5 for appendEntries, leader elected after 20540ms
2019-09-18 16:04:24,361 [grpc-default-executor-2] INFO  impl.RaftServerImpl (RaftServerImpl.java:checkInconsistentAppendEntries(999)) - c3ebd7c4-785c-44df-867b-40d40a93f6b6: Failed appendEntries as previous log entry ((t:1, i:0)) is not found
2019-09-18 16:04:24,361 [grpc-default-executor-2] INFO  impl.RaftServerImpl (RaftServerImpl.java:checkInconsistentAppendEntries(972)) - c3ebd7c4-785c-44df-867b-40d40a93f6b6: inconsistency entries. Reply:b967ad35-fbe7-4f25-8554-0bf78a3d522c<-c3ebd7c4-785c-44df-867b-40d40a93f6b6#0:FAIL,INCONSISTENCY,nextIndex:0,term:5,followerCommit:-1
2019-09-18 16:04:24,362 [grpc-default-executor-4] INFO  impl.RaftServerImpl (ServerState.java:setRaftConf(361)) - 3c1188b2-d9c4-43c4-a064-8074509344be:group-AA92D0ED21CA set configuration 1: [3c1188b2-d9c4-43c4-a064-8074509344be:192.168.5.185:39492, b967ad35-fbe7-4f25-8554-0bf78a3d522c:192.168.5.185:40682, c3ebd7c4-785c-44df-867b-40d40a93f6b6:192.168.5.185:46765], old=null at 1
2019-09-18 16:04:24,362 [grpc-default-executor-4] INFO  segmented.SegmentedRaftLogWorker (SegmentedRaftLogWorker.java:rollLogSegment(385)) - 3c1188b2-d9c4-43c4-a064-8074509344be-SegmentedRaftLogWorker:Storage Directory /workdir/hadoop-ozone/integration-test/target/test-dir/MiniOzoneClusterImpl-c717418d-2af0-42af-8782-89586fb16a72/datanode-2/data/ratis/d0b92187-fd92-4537-9987-aa92d0ed21ca: Rolling segment log-0_0 to index:0
2019-09-18 16:04:24,363 [3c1188b2-d9c4-43c4-a064-8074509344be-SegmentedRaftLogWorker:Storage Directory /workdir/hadoop-ozone/integration-test/target/test-dir/MiniOzoneClusterImpl-c717418d-2af0-42af-8782-89586fb16a72/datanode-2/data/ratis/d0b92187-fd92-4537-9987-aa92d0ed21ca] INFO  segmented.SegmentedRaftLogWorker (SegmentedRaftLogWorker.java:execute(526)) - 3c1188b2-d9c4-43c4-a064-8074509344be-SegmentedRaftLogWorker:Storage Directory /workdir/hadoop-ozone/integration-test/target/test-dir/MiniOzoneClusterImpl-c717418d-2af0-42af-8782-89586fb16a72/datanode-2/data/ratis/d0b92187-fd92-4537-9987-aa92d0ed21ca: Rolled log segment from /workdir/hadoop-ozone/integration-test/target/test-dir/MiniOzoneClusterImpl-c717418d-2af0-42af-8782-89586fb16a72/datanode-2/data/ratis/d0b92187-fd92-4537-9987-aa92d0ed21ca/current/log_inprogress_0 to /workdir/hadoop-ozone/integration-test/target/test-dir/MiniOzoneClusterImpl-c717418d-2af0-42af-8782-89586fb16a72/datanode-2/data/ratis/d0b92187-fd92-4537-9987-aa92d0ed21ca/current/log_0-0
2019-09-18 16:04:24,363 [grpc-default-executor-2] INFO  impl.FollowerInfo (FollowerInfo.java:lambda$new$0(50)) - b967ad35-fbe7-4f25-8554-0bf78a3d522c->c3ebd7c4-785c-44df-867b-40d40a93f6b6: nextIndex: updateUnconditionally 1 -> 0
2019-09-18 16:04:24,365 [grpc-default-executor-2] INFO  impl.RaftServerImpl (ServerState.java:setRaftConf(361)) - c3ebd7c4-785c-44df-867b-40d40a93f6b6:group-AA92D0ED21CA set configuration 0: [3c1188b2-d9c4-43c4-a064-8074509344be:192.168.5.185:39492, b967ad35-fbe7-4f25-8554-0bf78a3d522c:192.168.5.185:40682, c3ebd7c4-785c-44df-867b-40d40a93f6b6:192.168.5.185:46765], old=null at 0
2019-09-18 16:04:24,365 [grpc-default-executor-2] INFO  segmented.SegmentedRaftLogWorker (SegmentedRaftLogWorker.java:startLogSegment(380)) - c3ebd7c4-785c-44df-867b-40d40a93f6b6-SegmentedRaftLogWorker:Storage Directory /workdir/hadoop-ozone/integration-test/target/test-dir/MiniOzoneClusterImpl-c717418d-2af0-42af-8782-89586fb16a72/datanode-1/data/ratis/d0b92187-fd92-4537-9987-aa92d0ed21ca: Starting segment from index:0
2019-09-18 16:04:24,366 [grpc-default-executor-2] INFO  impl.RaftServerImpl (ServerState.java:setRaftConf(361)) - c3ebd7c4-785c-44df-867b-40d40a93f6b6:group-AA92D0ED21CA set configuration 1: [3c1188b2-d9c4-43c4-a064-8074509344be:192.168.5.185:39492, b967ad35-fbe7-4f25-8554-0bf78a3d522c:192.168.5.185:40682, c3ebd7c4-785c-44df-867b-40d40a93f6b6:192.168.5.185:46765], old=null at 1
2019-09-18 16:04:24,367 [grpc-default-executor-2] INFO  segmented.SegmentedRaftLogWorker (SegmentedRaftLogWorker.java:rollLogSegment(385)) - c3ebd7c4-785c-44df-867b-40d40a93f6b6-SegmentedRaftLogWorker:Storage Directory /workdir/hadoop-ozone/integration-test/target/test-dir/MiniOzoneClusterImpl-c717418d-2af0-42af-8782-89586fb16a72/datanode-1/data/ratis/d0b92187-fd92-4537-9987-aa92d0ed21ca: Rolling segment log-0_0 to index:0
2019-09-18 16:04:24,402 [c3ebd7c4-785c-44df-867b-40d40a93f6b6-SegmentedRaftLogWorker:Storage Directory /workdir/hadoop-ozone/integration-test/target/test-dir/MiniOzoneClusterImpl-c717418d-2af0-42af-8782-89586fb16a72/datanode-1/data/ratis/d0b92187-fd92-4537-9987-aa92d0ed21ca] INFO  segmented.SegmentedRaftLogWorker (SegmentedRaftLogWorker.java:execute(569)) - c3ebd7c4-785c-44df-867b-40d40a93f6b6-SegmentedRaftLogWorker:Storage Directory /workdir/hadoop-ozone/integration-test/target/test-dir/MiniOzoneClusterImpl-c717418d-2af0-42af-8782-89586fb16a72/datanode-1/data/ratis/d0b92187-fd92-4537-9987-aa92d0ed21ca: created new log segment /workdir/hadoop-ozone/integration-test/target/test-dir/MiniOzoneClusterImpl-c717418d-2af0-42af-8782-89586fb16a72/datanode-1/data/ratis/d0b92187-fd92-4537-9987-aa92d0ed21ca/current/log_inprogress_0
2019-09-18 16:04:24,402 [b967ad35-fbe7-4f25-8554-0bf78a3d522c-SegmentedRaftLogWorker:Storage Directory /workdir/hadoop-ozone/integration-test/target/test-dir/MiniOzoneClusterImpl-c717418d-2af0-42af-8782-89586fb16a72/datanode-0/data/ratis/d0b92187-fd92-4537-9987-aa92d0ed21ca] INFO  segmented.SegmentedRaftLogWorker (SegmentedRaftLogWorker.java:execute(569)) - b967ad35-fbe7-4f25-8554-0bf78a3d522c-SegmentedRaftLogWorker:Storage Directory /workdir/hadoop-ozone/integration-test/target/test-dir/MiniOzoneClusterImpl-c717418d-2af0-42af-8782-89586fb16a72/datanode-0/data/ratis/d0b92187-fd92-4537-9987-aa92d0ed21ca: created new log segment /workdir/hadoop-ozone/integration-test/target/test-dir/MiniOzoneClusterImpl-c717418d-2af0-42af-8782-89586fb16a72/datanode-0/data/ratis/d0b92187-fd92-4537-9987-aa92d0ed21ca/current/log_inprogress_1
2019-09-18 16:04:24,412 [c3ebd7c4-785c-44df-867b-40d40a93f6b6-SegmentedRaftLogWorker:Storage Directory /workdir/hadoop-ozone/integration-test/target/test-dir/MiniOzoneClusterImpl-c717418d-2af0-42af-8782-89586fb16a72/datanode-1/data/ratis/d0b92187-fd92-4537-9987-aa92d0ed21ca] INFO  segmented.SegmentedRaftLogWorker (SegmentedRaftLogWorker.java:execute(526)) - c3ebd7c4-785c-44df-867b-40d40a93f6b6-SegmentedRaftLogWorker:Storage Directory /workdir/hadoop-ozone/integration-test/target/test-dir/MiniOzoneClusterImpl-c717418d-2af0-42af-8782-89586fb16a72/datanode-1/data/ratis/d0b92187-fd92-4537-9987-aa92d0ed21ca: Rolled log segment from /workdir/hadoop-ozone/integration-test/target/test-dir/MiniOzoneClusterImpl-c717418d-2af0-42af-8782-89586fb16a72/datanode-1/data/ratis/d0b92187-fd92-4537-9987-aa92d0ed21ca/current/log_inprogress_0 to /workdir/hadoop-ozone/integration-test/target/test-dir/MiniOzoneClusterImpl-c717418d-2af0-42af-8782-89586fb16a72/datanode-1/data/ratis/d0b92187-fd92-4537-9987-aa92d0ed21ca/current/log_0-0
2019-09-18 16:04:24,412 [3c1188b2-d9c4-43c4-a064-8074509344be-SegmentedRaftLogWorker:Storage Directory /workdir/hadoop-ozone/integration-test/target/test-dir/MiniOzoneClusterImpl-c717418d-2af0-42af-8782-89586fb16a72/datanode-2/data/ratis/d0b92187-fd92-4537-9987-aa92d0ed21ca] INFO  segmented.SegmentedRaftLogWorker (SegmentedRaftLogWorker.java:execute(569)) - 3c1188b2-d9c4-43c4-a064-8074509344be-SegmentedRaftLogWorker:Storage Directory /workdir/hadoop-ozone/integration-test/target/test-dir/MiniOzoneClusterImpl-c717418d-2af0-42af-8782-89586fb16a72/datanode-2/data/ratis/d0b92187-fd92-4537-9987-aa92d0ed21ca: created new log segment /workdir/hadoop-ozone/integration-test/target/test-dir/MiniOzoneClusterImpl-c717418d-2af0-42af-8782-89586fb16a72/datanode-2/data/ratis/d0b92187-fd92-4537-9987-aa92d0ed21ca/current/log_inprogress_1
2019-09-18 16:04:24,463 [c3ebd7c4-785c-44df-867b-40d40a93f6b6-SegmentedRaftLogWorker:Storage Directory /workdir/hadoop-ozone/integration-test/target/test-dir/MiniOzoneClusterImpl-c717418d-2af0-42af-8782-89586fb16a72/datanode-1/data/ratis/d0b92187-fd92-4537-9987-aa92d0ed21ca] INFO  segmented.SegmentedRaftLogWorker (SegmentedRaftLogWorker.java:execute(569)) - c3ebd7c4-785c-44df-867b-40d40a93f6b6-SegmentedRaftLogWorker:Storage Directory /workdir/hadoop-ozone/integration-test/target/test-dir/MiniOzoneClusterImpl-c717418d-2af0-42af-8782-89586fb16a72/datanode-1/data/ratis/d0b92187-fd92-4537-9987-aa92d0ed21ca: created new log segment /workdir/hadoop-ozone/integration-test/target/test-dir/MiniOzoneClusterImpl-c717418d-2af0-42af-8782-89586fb16a72/datanode-1/data/ratis/d0b92187-fd92-4537-9987-aa92d0ed21ca/current/log_inprogress_1
2019-09-18 16:04:24,464 | INFO  | SCMAudit | user=jenkins1000 | ip=192.168.5.185 | op=SEND_HEARTBEAT {datanodeUUID=b967ad35-fbe7-4f25-8554-0bf78a3d522c, command=[]} | ret=SUCCESS |  
2019-09-18 16:04:24,534 [grpc-default-executor-2] INFO  client.GrpcClientProtocolClient (GrpcClientProtocolClient.java:onNext(255)) - client-920598ACECDB->c3ebd7c4-785c-44df-867b-40d40a93f6b6: receive RaftClientReply:client-920598ACECDB->c3ebd7c4-785c-44df-867b-40d40a93f6b6@group-AA92D0ED21CA, cid=66, FAILED org.apache.ratis.protocol.NotLeaderException: Server c3ebd7c4-785c-44df-867b-40d40a93f6b6 is not the leader (b967ad35-fbe7-4f25-8554-0bf78a3d522c:192.168.5.185:40682). Request must be sent to leader., logIndex=0, commits[c3ebd7c4-785c-44df-867b-40d40a93f6b6:c1, 3c1188b2-d9c4-43c4-a064-8074509344be:c-1, b967ad35-fbe7-4f25-8554-0bf78a3d522c:c1]
]]></system-out>
    <system-err><![CDATA[Sep 18, 2019 4:03:56 PM com.sun.jersey.server.impl.application.WebApplicationImpl _initiate
INFO: Initiating Jersey application, version 'Jersey: 1.19 02/11/2015 03:25 AM'
Sep 18, 2019 4:03:56 PM com.sun.jersey.server.impl.application.WebApplicationImpl _initiate
INFO: Initiating Jersey application, version 'Jersey: 1.19 02/11/2015 03:25 AM'
Sep 18, 2019 4:03:56 PM com.sun.jersey.server.impl.application.WebApplicationImpl _initiate
INFO: Initiating Jersey application, version 'Jersey: 1.19 02/11/2015 03:25 AM'
Sep 18, 2019 4:03:57 PM com.sun.jersey.server.impl.application.WebApplicationImpl _initiate
INFO: Initiating Jersey application, version 'Jersey: 1.19 02/11/2015 03:25 AM'
Sep 18, 2019 4:03:57 PM com.sun.jersey.server.impl.application.WebApplicationImpl _initiate
INFO: Initiating Jersey application, version 'Jersey: 1.19 02/11/2015 03:25 AM'
Sep 18, 2019 4:03:57 PM com.sun.jersey.server.impl.application.WebApplicationImpl _initiate
INFO: Initiating Jersey application, version 'Jersey: 1.19 02/11/2015 03:25 AM'
Sep 18, 2019 4:03:57 PM com.sun.jersey.server.impl.application.WebApplicationImpl _initiate
INFO: Initiating Jersey application, version 'Jersey: 1.19 02/11/2015 03:25 AM'
Sep 18, 2019 4:04:03 PM org.apache.ratis.thirdparty.io.grpc.internal.ManagedChannelOrphanWrapper$ManagedChannelReference cleanQueue
SEVERE: *~*~*~ Channel ManagedChannelImpl{logId=1340, target=192.168.5.185:38099} was not shutdown properly!!! ~*~*~*
    Make sure to call shutdown()/shutdownNow() and wait until awaitTermination() returns true.
java.lang.RuntimeException: ManagedChannel allocation site
	at org.apache.ratis.thirdparty.io.grpc.internal.ManagedChannelOrphanWrapper$ManagedChannelReference.<init>(ManagedChannelOrphanWrapper.java:103)
	at org.apache.ratis.thirdparty.io.grpc.internal.ManagedChannelOrphanWrapper.<init>(ManagedChannelOrphanWrapper.java:53)
	at org.apache.ratis.thirdparty.io.grpc.internal.ManagedChannelOrphanWrapper.<init>(ManagedChannelOrphanWrapper.java:44)
	at org.apache.ratis.thirdparty.io.grpc.internal.AbstractManagedChannelImplBuilder.build(AbstractManagedChannelImplBuilder.java:411)
	at org.apache.ratis.grpc.client.GrpcClientProtocolClient.<init>(GrpcClientProtocolClient.java:119)
	at org.apache.ratis.grpc.client.GrpcClientRpc.lambda$new$0(GrpcClientRpc.java:55)
	at org.apache.ratis.util.PeerProxyMap$PeerAndProxy.lambda$getProxy$0(PeerProxyMap.java:61)
	at org.apache.ratis.util.LifeCycle.startAndTransition(LifeCycle.java:202)
	at org.apache.ratis.util.PeerProxyMap$PeerAndProxy.getProxy(PeerProxyMap.java:60)
	at org.apache.ratis.util.PeerProxyMap.getProxy(PeerProxyMap.java:107)
	at org.apache.ratis.grpc.client.GrpcClientRpc.sendRequestAsyncUnordered(GrpcClientRpc.java:78)
	at org.apache.ratis.client.impl.UnorderedAsync.sendRequestWithRetry(UnorderedAsync.java:75)
	at org.apache.ratis.client.impl.UnorderedAsync.lambda$null$2(UnorderedAsync.java:120)
	at org.apache.ratis.util.TimeoutScheduler.lambda$onTimeout$0(TimeoutScheduler.java:85)
	at org.apache.ratis.util.TimeoutScheduler.lambda$onTimeout$1(TimeoutScheduler.java:104)
	at org.apache.ratis.util.LogUtils.runAndLog(LogUtils.java:50)
	at org.apache.ratis.util.LogUtils$1.run(LogUtils.java:91)
	at java.util.concurrent.Executors$RunnableAdapter.call(Executors.java:511)
	at java.util.concurrent.FutureTask.run(FutureTask.java:266)
	at java.util.concurrent.ScheduledThreadPoolExecutor$ScheduledFutureTask.access$201(ScheduledThreadPoolExecutor.java:180)
	at java.util.concurrent.ScheduledThreadPoolExecutor$ScheduledFutureTask.run(ScheduledThreadPoolExecutor.java:293)
	at java.util.concurrent.ThreadPoolExecutor.runWorker(ThreadPoolExecutor.java:1149)
	at java.util.concurrent.ThreadPoolExecutor$Worker.run(ThreadPoolExecutor.java:624)
	at java.lang.Thread.run(Thread.java:748)

]]></system-err>
  </testcase>
  <testcase name="testWatchForCommitForGroupMismatchException" classname="org.apache.hadoop.ozone.client.rpc.TestWatchForCommit" time="38.649"/>
  <testcase name="test2WayCommitForTimeoutException" classname="org.apache.hadoop.ozone.client.rpc.TestWatchForCommit" time="39.901"/>
</testsuite>