<?xml version="1.0" encoding="UTF-8"?>
<testsuite xmlns:xsi="http://www.w3.org/2001/XMLSchema-instance" xsi:noNamespaceSchemaLocation="https://maven.apache.org/surefire/maven-surefire-plugin/xsd/surefire-test-report.xsd" name="org.apache.hadoop.ozone.client.rpc.TestBlockOutputStreamWithFailures" time="706.723" tests="8" errors="0" skipped="0" failures="1">
  <properties>
    <property name="awt.toolkit" value="sun.awt.X11.XToolkit"/>
    <property name="file.encoding.pkg" value="sun.io"/>
    <property name="java.specification.version" value="1.8"/>
    <property name="sun.cpu.isalist" value=""/>
    <property name="sun.jnu.encoding" value="UTF-8"/>
    <property name="java.class.path" value="/workdir/hadoop-ozone/integration-test/target/test-classes:/workdir/hadoop-ozone/integration-test/target/classes:/home/user/.m2/repository/org/apache/hadoop/hadoop-ozone-common/0.5.0-SNAPSHOT/hadoop-ozone-common-0.5.0-SNAPSHOT.jar:/home/user/.m2/repository/org/apache/commons/commons-compress/1.4.1/commons-compress-1.4.1.jar:/home/user/.m2/repository/org/tukaani/xz/1.0/xz-1.0.jar:/home/user/.m2/repository/org/apache/hadoop/hadoop-common/3.2.0/hadoop-common-3.2.0.jar:/home/user/.m2/repository/org/apache/hadoop/hadoop-hdfs/3.2.0/hadoop-hdfs-3.2.0.jar:/home/user/.m2/repository/org/apache/hadoop/hadoop-hdfs-client/3.2.0/hadoop-hdfs-client-3.2.0.jar:/home/user/.m2/repository/com/fasterxml/jackson/core/jackson-annotations/2.9.5/jackson-annotations-2.9.5.jar:/home/user/.m2/repository/org/apache/hadoop/hadoop-hdds-common/0.5.0-SNAPSHOT/hadoop-hdds-common-0.5.0-SNAPSHOT.jar:/home/user/.m2/repository/javax/annotation/javax.annotation-api/1.2/javax.annotation-api-1.2.jar:/home/user/.m2/repository/org/apache/ratis/ratis-server/0.4.0-2337318-SNAPSHOT/ratis-server-0.4.0-2337318-SNAPSHOT.jar:/home/user/.m2/repository/org/apache/ratis/ratis-thirdparty-misc/0.2.0/ratis-thirdparty-misc-0.2.0.jar:/home/user/.m2/repository/org/apache/ratis/ratis-proto/0.4.0-2337318-SNAPSHOT/ratis-proto-0.4.0-2337318-SNAPSHOT.jar:/home/user/.m2/repository/org/apache/ratis/ratis-common/0.4.0-2337318-SNAPSHOT/ratis-common-0.4.0-2337318-SNAPSHOT.jar:/home/user/.m2/repository/org/apache/ratis/ratis-client/0.4.0-2337318-SNAPSHOT/ratis-client-0.4.0-2337318-SNAPSHOT.jar:/home/user/.m2/repository/org/apache/ratis/ratis-metrics/0.4.0-2337318-SNAPSHOT/ratis-metrics-0.4.0-2337318-SNAPSHOT.jar:/home/user/.m2/repository/org/apache/ratis/ratis-netty/0.4.0-2337318-SNAPSHOT/ratis-netty-0.4.0-2337318-SNAPSHOT.jar:/home/user/.m2/repository/org/apache/ratis/ratis-grpc/0.4.0-2337318-SNAPSHOT/ratis-grpc-0.4.0-2337318-SNAPSHOT.jar:/home/user/.m2/repository/org/rocksdb/rocksdbjni/6.0.1/rocksdbjni-6.0.1.jar:/home/user/.m2/repository/org/apache/logging/log4j/log4j-api/2.11.0/log4j-api-2.11.0.jar:/home/user/.m2/repository/org/apache/logging/log4j/log4j-core/2.11.0/log4j-core-2.11.0.jar:/home/user/.m2/repository/com/lmax/disruptor/3.4.2/disruptor-3.4.2.jar:/home/user/.m2/repository/org/apache/commons/commons-pool2/2.6.0/commons-pool2-2.6.0.jar:/home/user/.m2/repository/org/bouncycastle/bcpkix-jdk15on/1.60/bcpkix-jdk15on-1.60.jar:/home/user/.m2/repository/commons-validator/commons-validator/1.6/commons-validator-1.6.jar:/home/user/.m2/repository/commons-digester/commons-digester/1.8.1/commons-digester-1.8.1.jar:/home/user/.m2/repository/io/jaegertracing/jaeger-client/0.33.1/jaeger-client-0.33.1.jar:/home/user/.m2/repository/io/jaegertracing/jaeger-thrift/0.33.1/jaeger-thrift-0.33.1.jar:/home/user/.m2/repository/org/apache/thrift/libthrift/0.11.0/libthrift-0.11.0.jar:/home/user/.m2/repository/com/squareup/okhttp3/okhttp/3.9.0/okhttp-3.9.0.jar:/home/user/.m2/repository/com/squareup/okio/okio/1.13.0/okio-1.13.0.jar:/home/user/.m2/repository/io/jaegertracing/jaeger-core/0.33.1/jaeger-core-0.33.1.jar:/home/user/.m2/repository/io/jaegertracing/jaeger-tracerresolver/0.33.1/jaeger-tracerresolver-0.33.1.jar:/home/user/.m2/repository/io/opentracing/contrib/opentracing-tracerresolver/0.1.5/opentracing-tracerresolver-0.1.5.jar:/home/user/.m2/repository/io/opentracing/opentracing-util/0.31.0/opentracing-util-0.31.0.jar:/home/user/.m2/repository/io/opentracing/opentracing-api/0.31.0/opentracing-api-0.31.0.jar:/home/user/.m2/repository/io/opentracing/opentracing-noop/0.31.0/opentracing-noop-0.31.0.jar:/home/user/.m2/repository/org/apache/hadoop/hadoop-hdds-server-framework/0.5.0-SNAPSHOT/hadoop-hdds-server-framework-0.5.0-SNAPSHOT.jar:/home/user/.m2/repository/org/apache/hadoop/hadoop-hdds-container-service/0.5.0-SNAPSHOT/hadoop-hdds-container-service-0.5.0-SNAPSHOT.jar:/home/user/.m2/repository/org/apache/hadoop/hadoop-hdds-client/0.5.0-SNAPSHOT/hadoop-hdds-client-0.5.0-SNAPSHOT.jar:/home/user/.m2/repository/org/apache/hadoop/hadoop-hdds-tools/0.5.0-SNAPSHOT/hadoop-hdds-tools-0.5.0-SNAPSHOT.jar:/home/user/.m2/repository/org/apache/hadoop/hadoop-hdds-server-scm/0.5.0-SNAPSHOT/hadoop-hdds-server-scm-0.5.0-SNAPSHOT.jar:/home/user/.m2/repository/org/apache/hadoop/hadoop-hdds-docs/0.5.0-SNAPSHOT/hadoop-hdds-docs-0.5.0-SNAPSHOT.jar:/home/user/.m2/repository/io/dropwizard/metrics/metrics-core/3.2.4/metrics-core-3.2.4.jar:/home/user/.m2/repository/org/hamcrest/hamcrest-all/1.3/hamcrest-all-1.3.jar:/home/user/.m2/repository/org/bouncycastle/bcprov-jdk15on/1.60/bcprov-jdk15on-1.60.jar:/home/user/.m2/repository/info/picocli/picocli/3.9.6/picocli-3.9.6.jar:/home/user/.m2/repository/com/google/protobuf/protobuf-java/2.5.0/protobuf-java-2.5.0.jar:/home/user/.m2/repository/com/google/guava/guava/11.0.2/guava-11.0.2.jar:/home/user/.m2/repository/org/apache/hadoop/hadoop-ozone-ozone-manager/0.5.0-SNAPSHOT/hadoop-ozone-ozone-manager-0.5.0-SNAPSHOT.jar:/home/user/.m2/repository/org/apache/hadoop/hadoop-minikdc/3.2.0/hadoop-minikdc-3.2.0.jar:/home/user/.m2/repository/commons-io/commons-io/2.5/commons-io-2.5.jar:/home/user/.m2/repository/org/apache/kerby/kerb-simplekdc/1.0.1/kerb-simplekdc-1.0.1.jar:/home/user/.m2/repository/org/apache/kerby/kerb-client/1.0.1/kerb-client-1.0.1.jar:/home/user/.m2/repository/org/apache/kerby/kerby-config/1.0.1/kerby-config-1.0.1.jar:/home/user/.m2/repository/org/apache/kerby/kerb-core/1.0.1/kerb-core-1.0.1.jar:/home/user/.m2/repository/org/apache/kerby/kerby-pkix/1.0.1/kerby-pkix-1.0.1.jar:/home/user/.m2/repository/org/apache/kerby/kerby-asn1/1.0.1/kerby-asn1-1.0.1.jar:/home/user/.m2/repository/org/apache/kerby/kerby-util/1.0.1/kerby-util-1.0.1.jar:/home/user/.m2/repository/org/apache/kerby/kerb-common/1.0.1/kerb-common-1.0.1.jar:/home/user/.m2/repository/org/apache/kerby/kerb-crypto/1.0.1/kerb-crypto-1.0.1.jar:/home/user/.m2/repository/org/apache/kerby/kerb-util/1.0.1/kerb-util-1.0.1.jar:/home/user/.m2/repository/org/apache/kerby/token-provider/1.0.1/token-provider-1.0.1.jar:/home/user/.m2/repository/org/apache/kerby/kerb-admin/1.0.1/kerb-admin-1.0.1.jar:/home/user/.m2/repository/org/apache/kerby/kerb-server/1.0.1/kerb-server-1.0.1.jar:/home/user/.m2/repository/org/apache/kerby/kerb-identity/1.0.1/kerb-identity-1.0.1.jar:/home/user/.m2/repository/org/apache/kerby/kerby-xdr/1.0.1/kerby-xdr-1.0.1.jar:/home/user/.m2/repository/org/slf4j/slf4j-log4j12/1.7.25/slf4j-log4j12-1.7.25.jar:/home/user/.m2/repository/org/apache/hadoop/hadoop-ozone-objectstore-service/0.5.0-SNAPSHOT/hadoop-ozone-objectstore-service-0.5.0-SNAPSHOT.jar:/home/user/.m2/repository/org/apache/hadoop/hadoop-ozone-s3gateway/0.5.0-SNAPSHOT/hadoop-ozone-s3gateway-0.5.0-SNAPSHOT.jar:/home/user/.m2/repository/org/jboss/weld/servlet/weld-servlet/2.4.7.Final/weld-servlet-2.4.7.Final.jar:/home/user/.m2/repository/org/glassfish/jersey/containers/jersey-container-servlet-core/2.27/jersey-container-servlet-core-2.27.jar:/home/user/.m2/repository/org/glassfish/hk2/external/javax.inject/2.5.0-b42/javax.inject-2.5.0-b42.jar:/home/user/.m2/repository/org/glassfish/jersey/core/jersey-common/2.27/jersey-common-2.27.jar:/home/user/.m2/repository/org/glassfish/hk2/osgi-resource-locator/1.0.1/osgi-resource-locator-1.0.1.jar:/home/user/.m2/repository/javax/ws/rs/javax.ws.rs-api/2.1/javax.ws.rs-api-2.1.jar:/home/user/.m2/repository/org/glassfish/jersey/ext/cdi/jersey-cdi1x/2.27/jersey-cdi1x-2.27.jar:/home/user/.m2/repository/org/glassfish/jersey/inject/jersey-hk2/2.27/jersey-hk2-2.27.jar:/home/user/.m2/repository/org/glassfish/hk2/hk2-locator/2.5.0-b42/hk2-locator-2.5.0-b42.jar:/home/user/.m2/repository/org/javassist/javassist/3.22.0-CR2/javassist-3.22.0-CR2.jar:/home/user/.m2/repository/org/glassfish/hk2/hk2-api/2.5.0/hk2-api-2.5.0.jar:/home/user/.m2/repository/org/glassfish/hk2/external/jakarta.inject/2.5.0/jakarta.inject-2.5.0.jar:/home/user/.m2/repository/org/glassfish/hk2/hk2-utils/2.5.0/hk2-utils-2.5.0.jar:/home/user/.m2/repository/jakarta/annotation/jakarta.annotation-api/1.3.4/jakarta.annotation-api-1.3.4.jar:/home/user/.m2/repository/org/glassfish/hk2/external/aopalliance-repackaged/2.5.0/aopalliance-repackaged-2.5.0.jar:/home/user/.m2/repository/com/fasterxml/jackson/dataformat/jackson-dataformat-xml/2.9.0/jackson-dataformat-xml-2.9.0.jar:/home/user/.m2/repository/com/fasterxml/jackson/core/jackson-core/2.9.5/jackson-core-2.9.5.jar:/home/user/.m2/repository/com/fasterxml/jackson/module/jackson-module-jaxb-annotations/2.9.5/jackson-module-jaxb-annotations-2.9.5.jar:/home/user/.m2/repository/javax/enterprise/cdi-api/1.2/cdi-api-1.2.jar:/home/user/.m2/repository/javax/el/javax.el-api/3.0.0/javax.el-api-3.0.0.jar:/home/user/.m2/repository/javax/interceptor/javax.interceptor-api/1.2/javax.interceptor-api-1.2.jar:/home/user/.m2/repository/javax/inject/javax.inject/1/javax.inject-1.jar:/home/user/.m2/repository/com/sun/xml/bind/jaxb-impl/2.3.0.1/jaxb-impl-2.3.0.1.jar:/home/user/.m2/repository/com/sun/xml/bind/jaxb-core/2.3.0.1/jaxb-core-2.3.0.1.jar:/home/user/.m2/repository/javax/xml/bind/jaxb-api/2.3.0/jaxb-api-2.3.0.jar:/home/user/.m2/repository/javax/activation/activation/1.1.1/activation-1.1.1.jar:/home/user/.m2/repository/org/apache/hadoop/hadoop-ozone-csi/0.5.0-SNAPSHOT/hadoop-ozone-csi-0.5.0-SNAPSHOT.jar:/home/user/.m2/repository/com/google/protobuf/protobuf-java-util/3.5.1/protobuf-java-util-3.5.1.jar:/home/user/.m2/repository/org/apache/hadoop/hadoop-hdds-config/0.5.0-SNAPSHOT/hadoop-hdds-config-0.5.0-SNAPSHOT.jar:/home/user/.m2/repository/io/grpc/grpc-netty/1.17.1/grpc-netty-1.17.1.jar:/home/user/.m2/repository/io/grpc/grpc-core/1.17.1/grpc-core-1.17.1.jar:/home/user/.m2/repository/io/grpc/grpc-context/1.17.1/grpc-context-1.17.1.jar:/home/user/.m2/repository/com/google/errorprone/error_prone_annotations/2.2.0/error_prone_annotations-2.2.0.jar:/home/user/.m2/repository/org/codehaus/mojo/animal-sniffer-annotations/1.17/animal-sniffer-annotations-1.17.jar:/home/user/.m2/repository/io/opencensus/opencensus-api/0.17.0/opencensus-api-0.17.0.jar:/home/user/.m2/repository/io/opencensus/opencensus-contrib-grpc-metrics/0.17.0/opencensus-contrib-grpc-metrics-0.17.0.jar:/home/user/.m2/repository/io/netty/netty-codec-http2/4.1.30.Final/netty-codec-http2-4.1.30.Final.jar:/home/user/.m2/repository/io/netty/netty-codec-http/4.1.30.Final/netty-codec-http-4.1.30.Final.jar:/home/user/.m2/repository/io/netty/netty-codec/4.1.30.Final/netty-codec-4.1.30.Final.jar:/home/user/.m2/repository/io/netty/netty-handler/4.1.30.Final/netty-handler-4.1.30.Final.jar:/home/user/.m2/repository/io/netty/netty-handler-proxy/4.1.30.Final/netty-handler-proxy-4.1.30.Final.jar:/home/user/.m2/repository/io/netty/netty-codec-socks/4.1.30.Final/netty-codec-socks-4.1.30.Final.jar:/home/user/.m2/repository/io/netty/netty-transport-native-epoll/4.1.30.Final/netty-transport-native-epoll-4.1.30.Final.jar:/home/user/.m2/repository/io/netty/netty-common/4.1.30.Final/netty-common-4.1.30.Final.jar:/home/user/.m2/repository/io/netty/netty-buffer/4.1.30.Final/netty-buffer-4.1.30.Final.jar:/home/user/.m2/repository/io/netty/netty-transport/4.1.30.Final/netty-transport-4.1.30.Final.jar:/home/user/.m2/repository/io/netty/netty-resolver/4.1.30.Final/netty-resolver-4.1.30.Final.jar:/home/user/.m2/repository/io/netty/netty-transport-native-unix-common/4.1.30.Final/netty-transport-native-unix-common-4.1.30.Final.jar:/home/user/.m2/repository/io/grpc/grpc-protobuf/1.17.1/grpc-protobuf-1.17.1.jar:/home/user/.m2/repository/com/google/api/grpc/proto-google-common-protos/1.0.0/proto-google-common-protos-1.0.0.jar:/home/user/.m2/repository/io/grpc/grpc-protobuf-lite/1.17.1/grpc-protobuf-lite-1.17.1.jar:/home/user/.m2/repository/io/grpc/grpc-stub/1.17.1/grpc-stub-1.17.1.jar:/home/user/.m2/repository/org/apache/hadoop/hadoop-ozone-recon/0.5.0-SNAPSHOT/hadoop-ozone-recon-0.5.0-SNAPSHOT.jar:/home/user/.m2/repository/org/apache/hadoop/hadoop-ozone-reconcodegen/0.5.0-SNAPSHOT/hadoop-ozone-reconcodegen-0.5.0-SNAPSHOT.jar:/home/user/.m2/repository/com/google/inject/extensions/guice-multibindings/4.0/guice-multibindings-4.0.jar:/home/user/.m2/repository/com/google/inject/guice/4.0/guice-4.0.jar:/home/user/.m2/repository/aopalliance/aopalliance/1.0/aopalliance-1.0.jar:/home/user/.m2/repository/com/google/inject/extensions/guice-servlet/4.0/guice-servlet-4.0.jar:/home/user/.m2/repository/org/glassfish/jersey/containers/jersey-container-servlet/2.27/jersey-container-servlet-2.27.jar:/home/user/.m2/repository/org/glassfish/hk2/guice-bridge/2.5.0/guice-bridge-2.5.0.jar:/home/user/.m2/repository/org/glassfish/jersey/core/jersey-server/2.27/jersey-server-2.27.jar:/home/user/.m2/repository/org/glassfish/jersey/core/jersey-client/2.27/jersey-client-2.27.jar:/home/user/.m2/repository/org/glassfish/jersey/media/jersey-media-jaxb/2.27/jersey-media-jaxb-2.27.jar:/home/user/.m2/repository/javax/validation/validation-api/1.1.0.Final/validation-api-1.1.0.Final.jar:/home/user/.m2/repository/org/glassfish/jersey/media/jersey-media-json-jackson/2.27/jersey-media-json-jackson-2.27.jar:/home/user/.m2/repository/org/glassfish/jersey/ext/jersey-entity-filtering/2.27/jersey-entity-filtering-2.27.jar:/home/user/.m2/repository/com/google/inject/extensions/guice-assistedinject/4.0/guice-assistedinject-4.0.jar:/home/user/.m2/repository/org/jooq/jooq/3.11.10/jooq-3.11.10.jar:/home/user/.m2/repository/org/jooq/jooq-meta/3.11.10/jooq-meta-3.11.10.jar:/home/user/.m2/repository/org/jooq/jooq-codegen/3.11.10/jooq-codegen-3.11.10.jar:/home/user/.m2/repository/com/jolbox/bonecp/0.8.0.RELEASE/bonecp-0.8.0.RELEASE.jar:/home/user/.m2/repository/org/xerial/sqlite-jdbc/3.25.2/sqlite-jdbc-3.25.2.jar:/home/user/.m2/repository/org/springframework/spring-jdbc/5.1.3.RELEASE/spring-jdbc-5.1.3.RELEASE.jar:/home/user/.m2/repository/org/springframework/spring-beans/5.1.3.RELEASE/spring-beans-5.1.3.RELEASE.jar:/home/user/.m2/repository/org/springframework/spring-core/5.1.3.RELEASE/spring-core-5.1.3.RELEASE.jar:/home/user/.m2/repository/org/springframework/spring-jcl/5.1.3.RELEASE/spring-jcl-5.1.3.RELEASE.jar:/home/user/.m2/repository/org/springframework/spring-tx/5.1.3.RELEASE/spring-tx-5.1.3.RELEASE.jar:/home/user/.m2/repository/org/apache/hadoop/hadoop-ozone-client/0.5.0-SNAPSHOT/hadoop-ozone-client-0.5.0-SNAPSHOT.jar:/home/user/.m2/repository/commons-lang/commons-lang/2.6/commons-lang-2.6.jar:/home/user/.m2/repository/org/apache/hadoop/hadoop-ozone-ozone-manager/0.5.0-SNAPSHOT/hadoop-ozone-ozone-manager-0.5.0-SNAPSHOT-tests.jar:/home/user/.m2/repository/junit/junit/4.11/junit-4.11.jar:/home/user/.m2/repository/org/hamcrest/hamcrest-core/1.3/hamcrest-core-1.3.jar:/home/user/.m2/repository/org/openjdk/jmh/jmh-core/1.19/jmh-core-1.19.jar:/home/user/.m2/repository/net/sf/jopt-simple/jopt-simple/4.6/jopt-simple-4.6.jar:/home/user/.m2/repository/org/apache/commons/commons-math3/3.1.1/commons-math3-3.1.1.jar:/home/user/.m2/repository/org/openjdk/jmh/jmh-generator-annprocess/1.19/jmh-generator-annprocess-1.19.jar:/home/user/.m2/repository/org/mockito/mockito-all/1.8.5/mockito-all-1.8.5.jar:/home/user/.m2/repository/org/apache/hadoop/hadoop-kms/3.2.0/hadoop-kms-3.2.0.jar:/home/user/.m2/repository/org/apache/hadoop/hadoop-auth/3.2.0/hadoop-auth-3.2.0.jar:/home/user/.m2/repository/com/nimbusds/nimbus-jose-jwt/4.41.1/nimbus-jose-jwt-4.41.1.jar:/home/user/.m2/repository/com/github/stephenc/jcip/jcip-annotations/1.0-1/jcip-annotations-1.0-1.jar:/home/user/.m2/repository/net/minidev/json-smart/2.3/json-smart-2.3.jar:/home/user/.m2/repository/net/minidev/accessors-smart/1.2/accessors-smart-1.2.jar:/home/user/.m2/repository/org/ow2/asm/asm/5.0.4/asm-5.0.4.jar:/home/user/.m2/repository/org/apache/curator/curator-framework/2.12.0/curator-framework-2.12.0.jar:/home/user/.m2/repository/com/sun/jersey/jersey-core/1.19/jersey-core-1.19.jar:/home/user/.m2/repository/javax/ws/rs/jsr311-api/1.1.1/jsr311-api-1.1.1.jar:/home/user/.m2/repository/com/sun/jersey/jersey-server/1.19/jersey-server-1.19.jar:/home/user/.m2/repository/javax/servlet/javax.servlet-api/3.1.0/javax.servlet-api-3.1.0.jar:/home/user/.m2/repository/org/eclipse/jetty/jetty-server/9.3.24.v20180605/jetty-server-9.3.24.v20180605.jar:/home/user/.m2/repository/org/eclipse/jetty/jetty-http/9.3.24.v20180605/jetty-http-9.3.24.v20180605.jar:/home/user/.m2/repository/org/eclipse/jetty/jetty-io/9.3.24.v20180605/jetty-io-9.3.24.v20180605.jar:/home/user/.m2/repository/org/eclipse/jetty/jetty-webapp/9.3.24.v20180605/jetty-webapp-9.3.24.v20180605.jar:/home/user/.m2/repository/org/eclipse/jetty/jetty-xml/9.3.24.v20180605/jetty-xml-9.3.24.v20180605.jar:/home/user/.m2/repository/log4j/log4j/1.2.17/log4j-1.2.17.jar:/home/user/.m2/repository/org/slf4j/slf4j-api/1.7.25/slf4j-api-1.7.25.jar:/home/user/.m2/repository/org/slf4j/jul-to-slf4j/1.7.25/jul-to-slf4j-1.7.25.jar:/home/user/.m2/repository/org/eclipse/jetty/jetty-util/9.3.24.v20180605/jetty-util-9.3.24.v20180605.jar:/home/user/.m2/repository/com/fasterxml/jackson/core/jackson-databind/2.9.5/jackson-databind-2.9.5.jar:/home/user/.m2/repository/org/apache/hadoop/hadoop-kms/3.2.0/hadoop-kms-3.2.0-tests.jar:/home/user/.m2/repository/org/apache/hadoop/hadoop-hdds-server-scm/0.5.0-SNAPSHOT/hadoop-hdds-server-scm-0.5.0-SNAPSHOT-tests.jar:/home/user/.m2/repository/org/apache/hadoop/hadoop-hdds-container-service/0.5.0-SNAPSHOT/hadoop-hdds-container-service-0.5.0-SNAPSHOT-tests.jar:/home/user/.m2/repository/org/yaml/snakeyaml/1.16/snakeyaml-1.16.jar:/home/user/.m2/repository/org/apache/hadoop/hadoop-common/3.2.0/hadoop-common-3.2.0-tests.jar:/home/user/.m2/repository/org/apache/hadoop/hadoop-annotations/3.2.0/hadoop-annotations-3.2.0.jar:/usr/lib/jvm/java-1.8-openjdk/jre/../lib/tools.jar:/home/user/.m2/repository/commons-cli/commons-cli/1.2/commons-cli-1.2.jar:/home/user/.m2/repository/org/apache/httpcomponents/httpclient/4.5.2/httpclient-4.5.2.jar:/home/user/.m2/repository/org/apache/httpcomponents/httpcore/4.4.4/httpcore-4.4.4.jar:/home/user/.m2/repository/commons-codec/commons-codec/1.11/commons-codec-1.11.jar:/home/user/.m2/repository/commons-net/commons-net/3.6/commons-net-3.6.jar:/home/user/.m2/repository/commons-collections/commons-collections/3.2.2/commons-collections-3.2.2.jar:/home/user/.m2/repository/org/eclipse/jetty/jetty-servlet/9.3.24.v20180605/jetty-servlet-9.3.24.v20180605.jar:/home/user/.m2/repository/org/eclipse/jetty/jetty-security/9.3.24.v20180605/jetty-security-9.3.24.v20180605.jar:/home/user/.m2/repository/javax/servlet/jsp/jsp-api/2.1/jsp-api-2.1.jar:/home/user/.m2/repository/com/sun/jersey/jersey-servlet/1.19/jersey-servlet-1.19.jar:/home/user/.m2/repository/com/sun/jersey/jersey-json/1.19/jersey-json-1.19.jar:/home/user/.m2/repository/org/codehaus/jettison/jettison/1.1/jettison-1.1.jar:/home/user/.m2/repository/org/codehaus/jackson/jackson-core-asl/1.9.13/jackson-core-asl-1.9.13.jar:/home/user/.m2/repository/org/codehaus/jackson/jackson-mapper-asl/1.9.13/jackson-mapper-asl-1.9.13.jar:/home/user/.m2/repository/org/codehaus/jackson/jackson-jaxrs/1.9.13/jackson-jaxrs-1.9.13.jar:/home/user/.m2/repository/org/codehaus/jackson/jackson-xc/1.9.13/jackson-xc-1.9.13.jar:/home/user/.m2/repository/commons-logging/commons-logging/1.1.3/commons-logging-1.1.3.jar:/home/user/.m2/repository/commons-beanutils/commons-beanutils/1.9.3/commons-beanutils-1.9.3.jar:/home/user/.m2/repository/org/apache/commons/commons-configuration2/2.1.1/commons-configuration2-2.1.1.jar:/home/user/.m2/repository/org/apache/commons/commons-lang3/3.7/commons-lang3-3.7.jar:/home/user/.m2/repository/org/apache/commons/commons-text/1.4/commons-text-1.4.jar:/home/user/.m2/repository/org/apache/avro/avro/1.7.7/avro-1.7.7.jar:/home/user/.m2/repository/com/thoughtworks/paranamer/paranamer/2.3/paranamer-2.3.jar:/home/user/.m2/repository/org/xerial/snappy/snappy-java/1.0.5/snappy-java-1.0.5.jar:/home/user/.m2/repository/com/google/re2j/re2j/1.1/re2j-1.1.jar:/home/user/.m2/repository/com/google/code/gson/gson/2.2.4/gson-2.2.4.jar:/home/user/.m2/repository/com/jcraft/jsch/0.1.54/jsch-0.1.54.jar:/home/user/.m2/repository/org/apache/curator/curator-client/2.12.0/curator-client-2.12.0.jar:/home/user/.m2/repository/org/apache/curator/curator-recipes/2.12.0/curator-recipes-2.12.0.jar:/home/user/.m2/repository/com/google/code/findbugs/jsr305/3.0.0/jsr305-3.0.0.jar:/home/user/.m2/repository/org/apache/htrace/htrace-core4/4.1.0-incubating/htrace-core4-4.1.0-incubating.jar:/home/user/.m2/repository/org/apache/zookeeper/zookeeper/3.4.13/zookeeper-3.4.13.jar:/home/user/.m2/repository/org/apache/yetus/audience-annotations/0.5.0/audience-annotations-0.5.0.jar:/home/user/.m2/repository/org/codehaus/woodstox/stax2-api/3.1.4/stax2-api-3.1.4.jar:/home/user/.m2/repository/com/fasterxml/woodstox/woodstox-core/5.0.3/woodstox-core-5.0.3.jar:/home/user/.m2/repository/dnsjava/dnsjava/2.1.7/dnsjava-2.1.7.jar:/home/user/.m2/repository/org/apache/hadoop/hadoop-hdfs/3.2.0/hadoop-hdfs-3.2.0-tests.jar:/home/user/.m2/repository/org/eclipse/jetty/jetty-util-ajax/9.3.24.v20180605/jetty-util-ajax-9.3.24.v20180605.jar:/home/user/.m2/repository/commons-daemon/commons-daemon/1.0.13/commons-daemon-1.0.13.jar:/home/user/.m2/repository/io/netty/netty/3.10.5.Final/netty-3.10.5.Final.jar:/home/user/.m2/repository/io/netty/netty-all/4.0.52.Final/netty-all-4.0.52.Final.jar:/home/user/.m2/repository/org/fusesource/leveldbjni/leveldbjni-all/1.8/leveldbjni-all-1.8.jar:"/>
    <property name="java.vm.vendor" value="IcedTea"/>
    <property name="sun.arch.data.model" value="64"/>
    <property name="test.build.dir" value="/workdir/hadoop-ozone/integration-test/target/test-dir"/>
    <property name="test.cache.data" value=""/>
    <property name="java.vendor.url" value="https://icedtea.classpath.org"/>
    <property name="user.timezone" value=""/>
    <property name="java.vm.specification.version" value="1.8"/>
    <property name="os.name" value="Linux"/>
    <property name="test.build.data" value="/workdir/hadoop-ozone/integration-test/target/test-dir"/>
    <property name="user.country" value="US"/>
    <property name="sun.java.launcher" value="SUN_STANDARD"/>
    <property name="sun.boot.library.path" value="/usr/lib/jvm/java-1.8-openjdk/jre/lib/amd64"/>
    <property name="sun.java.command" value="/workdir/hadoop-ozone/integration-test/target/surefire/surefirebooter1108849410205922757.jar /workdir/hadoop-ozone/integration-test/target/surefire 2019-09-18T15-45-32_991-jvmRun1 surefire4092756602016455196tmp surefire_204583584726712663124tmp"/>
    <property name="test" value="!TestMiniChaosOzoneCluster"/>
    <property name="surefire.test.class.path" value="/workdir/hadoop-ozone/integration-test/target/test-classes:/workdir/hadoop-ozone/integration-test/target/classes:/home/user/.m2/repository/org/apache/hadoop/hadoop-ozone-common/0.5.0-SNAPSHOT/hadoop-ozone-common-0.5.0-SNAPSHOT.jar:/home/user/.m2/repository/org/apache/commons/commons-compress/1.4.1/commons-compress-1.4.1.jar:/home/user/.m2/repository/org/tukaani/xz/1.0/xz-1.0.jar:/home/user/.m2/repository/org/apache/hadoop/hadoop-common/3.2.0/hadoop-common-3.2.0.jar:/home/user/.m2/repository/org/apache/hadoop/hadoop-hdfs/3.2.0/hadoop-hdfs-3.2.0.jar:/home/user/.m2/repository/org/apache/hadoop/hadoop-hdfs-client/3.2.0/hadoop-hdfs-client-3.2.0.jar:/home/user/.m2/repository/com/fasterxml/jackson/core/jackson-annotations/2.9.5/jackson-annotations-2.9.5.jar:/home/user/.m2/repository/org/apache/hadoop/hadoop-hdds-common/0.5.0-SNAPSHOT/hadoop-hdds-common-0.5.0-SNAPSHOT.jar:/home/user/.m2/repository/javax/annotation/javax.annotation-api/1.2/javax.annotation-api-1.2.jar:/home/user/.m2/repository/org/apache/ratis/ratis-server/0.4.0-2337318-SNAPSHOT/ratis-server-0.4.0-2337318-SNAPSHOT.jar:/home/user/.m2/repository/org/apache/ratis/ratis-thirdparty-misc/0.2.0/ratis-thirdparty-misc-0.2.0.jar:/home/user/.m2/repository/org/apache/ratis/ratis-proto/0.4.0-2337318-SNAPSHOT/ratis-proto-0.4.0-2337318-SNAPSHOT.jar:/home/user/.m2/repository/org/apache/ratis/ratis-common/0.4.0-2337318-SNAPSHOT/ratis-common-0.4.0-2337318-SNAPSHOT.jar:/home/user/.m2/repository/org/apache/ratis/ratis-client/0.4.0-2337318-SNAPSHOT/ratis-client-0.4.0-2337318-SNAPSHOT.jar:/home/user/.m2/repository/org/apache/ratis/ratis-metrics/0.4.0-2337318-SNAPSHOT/ratis-metrics-0.4.0-2337318-SNAPSHOT.jar:/home/user/.m2/repository/org/apache/ratis/ratis-netty/0.4.0-2337318-SNAPSHOT/ratis-netty-0.4.0-2337318-SNAPSHOT.jar:/home/user/.m2/repository/org/apache/ratis/ratis-grpc/0.4.0-2337318-SNAPSHOT/ratis-grpc-0.4.0-2337318-SNAPSHOT.jar:/home/user/.m2/repository/org/rocksdb/rocksdbjni/6.0.1/rocksdbjni-6.0.1.jar:/home/user/.m2/repository/org/apache/logging/log4j/log4j-api/2.11.0/log4j-api-2.11.0.jar:/home/user/.m2/repository/org/apache/logging/log4j/log4j-core/2.11.0/log4j-core-2.11.0.jar:/home/user/.m2/repository/com/lmax/disruptor/3.4.2/disruptor-3.4.2.jar:/home/user/.m2/repository/org/apache/commons/commons-pool2/2.6.0/commons-pool2-2.6.0.jar:/home/user/.m2/repository/org/bouncycastle/bcpkix-jdk15on/1.60/bcpkix-jdk15on-1.60.jar:/home/user/.m2/repository/commons-validator/commons-validator/1.6/commons-validator-1.6.jar:/home/user/.m2/repository/commons-digester/commons-digester/1.8.1/commons-digester-1.8.1.jar:/home/user/.m2/repository/io/jaegertracing/jaeger-client/0.33.1/jaeger-client-0.33.1.jar:/home/user/.m2/repository/io/jaegertracing/jaeger-thrift/0.33.1/jaeger-thrift-0.33.1.jar:/home/user/.m2/repository/org/apache/thrift/libthrift/0.11.0/libthrift-0.11.0.jar:/home/user/.m2/repository/com/squareup/okhttp3/okhttp/3.9.0/okhttp-3.9.0.jar:/home/user/.m2/repository/com/squareup/okio/okio/1.13.0/okio-1.13.0.jar:/home/user/.m2/repository/io/jaegertracing/jaeger-core/0.33.1/jaeger-core-0.33.1.jar:/home/user/.m2/repository/io/jaegertracing/jaeger-tracerresolver/0.33.1/jaeger-tracerresolver-0.33.1.jar:/home/user/.m2/repository/io/opentracing/contrib/opentracing-tracerresolver/0.1.5/opentracing-tracerresolver-0.1.5.jar:/home/user/.m2/repository/io/opentracing/opentracing-util/0.31.0/opentracing-util-0.31.0.jar:/home/user/.m2/repository/io/opentracing/opentracing-api/0.31.0/opentracing-api-0.31.0.jar:/home/user/.m2/repository/io/opentracing/opentracing-noop/0.31.0/opentracing-noop-0.31.0.jar:/home/user/.m2/repository/org/apache/hadoop/hadoop-hdds-server-framework/0.5.0-SNAPSHOT/hadoop-hdds-server-framework-0.5.0-SNAPSHOT.jar:/home/user/.m2/repository/org/apache/hadoop/hadoop-hdds-container-service/0.5.0-SNAPSHOT/hadoop-hdds-container-service-0.5.0-SNAPSHOT.jar:/home/user/.m2/repository/org/apache/hadoop/hadoop-hdds-client/0.5.0-SNAPSHOT/hadoop-hdds-client-0.5.0-SNAPSHOT.jar:/home/user/.m2/repository/org/apache/hadoop/hadoop-hdds-tools/0.5.0-SNAPSHOT/hadoop-hdds-tools-0.5.0-SNAPSHOT.jar:/home/user/.m2/repository/org/apache/hadoop/hadoop-hdds-server-scm/0.5.0-SNAPSHOT/hadoop-hdds-server-scm-0.5.0-SNAPSHOT.jar:/home/user/.m2/repository/org/apache/hadoop/hadoop-hdds-docs/0.5.0-SNAPSHOT/hadoop-hdds-docs-0.5.0-SNAPSHOT.jar:/home/user/.m2/repository/io/dropwizard/metrics/metrics-core/3.2.4/metrics-core-3.2.4.jar:/home/user/.m2/repository/org/hamcrest/hamcrest-all/1.3/hamcrest-all-1.3.jar:/home/user/.m2/repository/org/bouncycastle/bcprov-jdk15on/1.60/bcprov-jdk15on-1.60.jar:/home/user/.m2/repository/info/picocli/picocli/3.9.6/picocli-3.9.6.jar:/home/user/.m2/repository/com/google/protobuf/protobuf-java/2.5.0/protobuf-java-2.5.0.jar:/home/user/.m2/repository/com/google/guava/guava/11.0.2/guava-11.0.2.jar:/home/user/.m2/repository/org/apache/hadoop/hadoop-ozone-ozone-manager/0.5.0-SNAPSHOT/hadoop-ozone-ozone-manager-0.5.0-SNAPSHOT.jar:/home/user/.m2/repository/org/apache/hadoop/hadoop-minikdc/3.2.0/hadoop-minikdc-3.2.0.jar:/home/user/.m2/repository/commons-io/commons-io/2.5/commons-io-2.5.jar:/home/user/.m2/repository/org/apache/kerby/kerb-simplekdc/1.0.1/kerb-simplekdc-1.0.1.jar:/home/user/.m2/repository/org/apache/kerby/kerb-client/1.0.1/kerb-client-1.0.1.jar:/home/user/.m2/repository/org/apache/kerby/kerby-config/1.0.1/kerby-config-1.0.1.jar:/home/user/.m2/repository/org/apache/kerby/kerb-core/1.0.1/kerb-core-1.0.1.jar:/home/user/.m2/repository/org/apache/kerby/kerby-pkix/1.0.1/kerby-pkix-1.0.1.jar:/home/user/.m2/repository/org/apache/kerby/kerby-asn1/1.0.1/kerby-asn1-1.0.1.jar:/home/user/.m2/repository/org/apache/kerby/kerby-util/1.0.1/kerby-util-1.0.1.jar:/home/user/.m2/repository/org/apache/kerby/kerb-common/1.0.1/kerb-common-1.0.1.jar:/home/user/.m2/repository/org/apache/kerby/kerb-crypto/1.0.1/kerb-crypto-1.0.1.jar:/home/user/.m2/repository/org/apache/kerby/kerb-util/1.0.1/kerb-util-1.0.1.jar:/home/user/.m2/repository/org/apache/kerby/token-provider/1.0.1/token-provider-1.0.1.jar:/home/user/.m2/repository/org/apache/kerby/kerb-admin/1.0.1/kerb-admin-1.0.1.jar:/home/user/.m2/repository/org/apache/kerby/kerb-server/1.0.1/kerb-server-1.0.1.jar:/home/user/.m2/repository/org/apache/kerby/kerb-identity/1.0.1/kerb-identity-1.0.1.jar:/home/user/.m2/repository/org/apache/kerby/kerby-xdr/1.0.1/kerby-xdr-1.0.1.jar:/home/user/.m2/repository/org/slf4j/slf4j-log4j12/1.7.25/slf4j-log4j12-1.7.25.jar:/home/user/.m2/repository/org/apache/hadoop/hadoop-ozone-objectstore-service/0.5.0-SNAPSHOT/hadoop-ozone-objectstore-service-0.5.0-SNAPSHOT.jar:/home/user/.m2/repository/org/apache/hadoop/hadoop-ozone-s3gateway/0.5.0-SNAPSHOT/hadoop-ozone-s3gateway-0.5.0-SNAPSHOT.jar:/home/user/.m2/repository/org/jboss/weld/servlet/weld-servlet/2.4.7.Final/weld-servlet-2.4.7.Final.jar:/home/user/.m2/repository/org/glassfish/jersey/containers/jersey-container-servlet-core/2.27/jersey-container-servlet-core-2.27.jar:/home/user/.m2/repository/org/glassfish/hk2/external/javax.inject/2.5.0-b42/javax.inject-2.5.0-b42.jar:/home/user/.m2/repository/org/glassfish/jersey/core/jersey-common/2.27/jersey-common-2.27.jar:/home/user/.m2/repository/org/glassfish/hk2/osgi-resource-locator/1.0.1/osgi-resource-locator-1.0.1.jar:/home/user/.m2/repository/javax/ws/rs/javax.ws.rs-api/2.1/javax.ws.rs-api-2.1.jar:/home/user/.m2/repository/org/glassfish/jersey/ext/cdi/jersey-cdi1x/2.27/jersey-cdi1x-2.27.jar:/home/user/.m2/repository/org/glassfish/jersey/inject/jersey-hk2/2.27/jersey-hk2-2.27.jar:/home/user/.m2/repository/org/glassfish/hk2/hk2-locator/2.5.0-b42/hk2-locator-2.5.0-b42.jar:/home/user/.m2/repository/org/javassist/javassist/3.22.0-CR2/javassist-3.22.0-CR2.jar:/home/user/.m2/repository/org/glassfish/hk2/hk2-api/2.5.0/hk2-api-2.5.0.jar:/home/user/.m2/repository/org/glassfish/hk2/external/jakarta.inject/2.5.0/jakarta.inject-2.5.0.jar:/home/user/.m2/repository/org/glassfish/hk2/hk2-utils/2.5.0/hk2-utils-2.5.0.jar:/home/user/.m2/repository/jakarta/annotation/jakarta.annotation-api/1.3.4/jakarta.annotation-api-1.3.4.jar:/home/user/.m2/repository/org/glassfish/hk2/external/aopalliance-repackaged/2.5.0/aopalliance-repackaged-2.5.0.jar:/home/user/.m2/repository/com/fasterxml/jackson/dataformat/jackson-dataformat-xml/2.9.0/jackson-dataformat-xml-2.9.0.jar:/home/user/.m2/repository/com/fasterxml/jackson/core/jackson-core/2.9.5/jackson-core-2.9.5.jar:/home/user/.m2/repository/com/fasterxml/jackson/module/jackson-module-jaxb-annotations/2.9.5/jackson-module-jaxb-annotations-2.9.5.jar:/home/user/.m2/repository/javax/enterprise/cdi-api/1.2/cdi-api-1.2.jar:/home/user/.m2/repository/javax/el/javax.el-api/3.0.0/javax.el-api-3.0.0.jar:/home/user/.m2/repository/javax/interceptor/javax.interceptor-api/1.2/javax.interceptor-api-1.2.jar:/home/user/.m2/repository/javax/inject/javax.inject/1/javax.inject-1.jar:/home/user/.m2/repository/com/sun/xml/bind/jaxb-impl/2.3.0.1/jaxb-impl-2.3.0.1.jar:/home/user/.m2/repository/com/sun/xml/bind/jaxb-core/2.3.0.1/jaxb-core-2.3.0.1.jar:/home/user/.m2/repository/javax/xml/bind/jaxb-api/2.3.0/jaxb-api-2.3.0.jar:/home/user/.m2/repository/javax/activation/activation/1.1.1/activation-1.1.1.jar:/home/user/.m2/repository/org/apache/hadoop/hadoop-ozone-csi/0.5.0-SNAPSHOT/hadoop-ozone-csi-0.5.0-SNAPSHOT.jar:/home/user/.m2/repository/com/google/protobuf/protobuf-java-util/3.5.1/protobuf-java-util-3.5.1.jar:/home/user/.m2/repository/org/apache/hadoop/hadoop-hdds-config/0.5.0-SNAPSHOT/hadoop-hdds-config-0.5.0-SNAPSHOT.jar:/home/user/.m2/repository/io/grpc/grpc-netty/1.17.1/grpc-netty-1.17.1.jar:/home/user/.m2/repository/io/grpc/grpc-core/1.17.1/grpc-core-1.17.1.jar:/home/user/.m2/repository/io/grpc/grpc-context/1.17.1/grpc-context-1.17.1.jar:/home/user/.m2/repository/com/google/errorprone/error_prone_annotations/2.2.0/error_prone_annotations-2.2.0.jar:/home/user/.m2/repository/org/codehaus/mojo/animal-sniffer-annotations/1.17/animal-sniffer-annotations-1.17.jar:/home/user/.m2/repository/io/opencensus/opencensus-api/0.17.0/opencensus-api-0.17.0.jar:/home/user/.m2/repository/io/opencensus/opencensus-contrib-grpc-metrics/0.17.0/opencensus-contrib-grpc-metrics-0.17.0.jar:/home/user/.m2/repository/io/netty/netty-codec-http2/4.1.30.Final/netty-codec-http2-4.1.30.Final.jar:/home/user/.m2/repository/io/netty/netty-codec-http/4.1.30.Final/netty-codec-http-4.1.30.Final.jar:/home/user/.m2/repository/io/netty/netty-codec/4.1.30.Final/netty-codec-4.1.30.Final.jar:/home/user/.m2/repository/io/netty/netty-handler/4.1.30.Final/netty-handler-4.1.30.Final.jar:/home/user/.m2/repository/io/netty/netty-handler-proxy/4.1.30.Final/netty-handler-proxy-4.1.30.Final.jar:/home/user/.m2/repository/io/netty/netty-codec-socks/4.1.30.Final/netty-codec-socks-4.1.30.Final.jar:/home/user/.m2/repository/io/netty/netty-transport-native-epoll/4.1.30.Final/netty-transport-native-epoll-4.1.30.Final.jar:/home/user/.m2/repository/io/netty/netty-common/4.1.30.Final/netty-common-4.1.30.Final.jar:/home/user/.m2/repository/io/netty/netty-buffer/4.1.30.Final/netty-buffer-4.1.30.Final.jar:/home/user/.m2/repository/io/netty/netty-transport/4.1.30.Final/netty-transport-4.1.30.Final.jar:/home/user/.m2/repository/io/netty/netty-resolver/4.1.30.Final/netty-resolver-4.1.30.Final.jar:/home/user/.m2/repository/io/netty/netty-transport-native-unix-common/4.1.30.Final/netty-transport-native-unix-common-4.1.30.Final.jar:/home/user/.m2/repository/io/grpc/grpc-protobuf/1.17.1/grpc-protobuf-1.17.1.jar:/home/user/.m2/repository/com/google/api/grpc/proto-google-common-protos/1.0.0/proto-google-common-protos-1.0.0.jar:/home/user/.m2/repository/io/grpc/grpc-protobuf-lite/1.17.1/grpc-protobuf-lite-1.17.1.jar:/home/user/.m2/repository/io/grpc/grpc-stub/1.17.1/grpc-stub-1.17.1.jar:/home/user/.m2/repository/org/apache/hadoop/hadoop-ozone-recon/0.5.0-SNAPSHOT/hadoop-ozone-recon-0.5.0-SNAPSHOT.jar:/home/user/.m2/repository/org/apache/hadoop/hadoop-ozone-reconcodegen/0.5.0-SNAPSHOT/hadoop-ozone-reconcodegen-0.5.0-SNAPSHOT.jar:/home/user/.m2/repository/com/google/inject/extensions/guice-multibindings/4.0/guice-multibindings-4.0.jar:/home/user/.m2/repository/com/google/inject/guice/4.0/guice-4.0.jar:/home/user/.m2/repository/aopalliance/aopalliance/1.0/aopalliance-1.0.jar:/home/user/.m2/repository/com/google/inject/extensions/guice-servlet/4.0/guice-servlet-4.0.jar:/home/user/.m2/repository/org/glassfish/jersey/containers/jersey-container-servlet/2.27/jersey-container-servlet-2.27.jar:/home/user/.m2/repository/org/glassfish/hk2/guice-bridge/2.5.0/guice-bridge-2.5.0.jar:/home/user/.m2/repository/org/glassfish/jersey/core/jersey-server/2.27/jersey-server-2.27.jar:/home/user/.m2/repository/org/glassfish/jersey/core/jersey-client/2.27/jersey-client-2.27.jar:/home/user/.m2/repository/org/glassfish/jersey/media/jersey-media-jaxb/2.27/jersey-media-jaxb-2.27.jar:/home/user/.m2/repository/javax/validation/validation-api/1.1.0.Final/validation-api-1.1.0.Final.jar:/home/user/.m2/repository/org/glassfish/jersey/media/jersey-media-json-jackson/2.27/jersey-media-json-jackson-2.27.jar:/home/user/.m2/repository/org/glassfish/jersey/ext/jersey-entity-filtering/2.27/jersey-entity-filtering-2.27.jar:/home/user/.m2/repository/com/google/inject/extensions/guice-assistedinject/4.0/guice-assistedinject-4.0.jar:/home/user/.m2/repository/org/jooq/jooq/3.11.10/jooq-3.11.10.jar:/home/user/.m2/repository/org/jooq/jooq-meta/3.11.10/jooq-meta-3.11.10.jar:/home/user/.m2/repository/org/jooq/jooq-codegen/3.11.10/jooq-codegen-3.11.10.jar:/home/user/.m2/repository/com/jolbox/bonecp/0.8.0.RELEASE/bonecp-0.8.0.RELEASE.jar:/home/user/.m2/repository/org/xerial/sqlite-jdbc/3.25.2/sqlite-jdbc-3.25.2.jar:/home/user/.m2/repository/org/springframework/spring-jdbc/5.1.3.RELEASE/spring-jdbc-5.1.3.RELEASE.jar:/home/user/.m2/repository/org/springframework/spring-beans/5.1.3.RELEASE/spring-beans-5.1.3.RELEASE.jar:/home/user/.m2/repository/org/springframework/spring-core/5.1.3.RELEASE/spring-core-5.1.3.RELEASE.jar:/home/user/.m2/repository/org/springframework/spring-jcl/5.1.3.RELEASE/spring-jcl-5.1.3.RELEASE.jar:/home/user/.m2/repository/org/springframework/spring-tx/5.1.3.RELEASE/spring-tx-5.1.3.RELEASE.jar:/home/user/.m2/repository/org/apache/hadoop/hadoop-ozone-client/0.5.0-SNAPSHOT/hadoop-ozone-client-0.5.0-SNAPSHOT.jar:/home/user/.m2/repository/commons-lang/commons-lang/2.6/commons-lang-2.6.jar:/home/user/.m2/repository/org/apache/hadoop/hadoop-ozone-ozone-manager/0.5.0-SNAPSHOT/hadoop-ozone-ozone-manager-0.5.0-SNAPSHOT-tests.jar:/home/user/.m2/repository/junit/junit/4.11/junit-4.11.jar:/home/user/.m2/repository/org/hamcrest/hamcrest-core/1.3/hamcrest-core-1.3.jar:/home/user/.m2/repository/org/openjdk/jmh/jmh-core/1.19/jmh-core-1.19.jar:/home/user/.m2/repository/net/sf/jopt-simple/jopt-simple/4.6/jopt-simple-4.6.jar:/home/user/.m2/repository/org/apache/commons/commons-math3/3.1.1/commons-math3-3.1.1.jar:/home/user/.m2/repository/org/openjdk/jmh/jmh-generator-annprocess/1.19/jmh-generator-annprocess-1.19.jar:/home/user/.m2/repository/org/mockito/mockito-all/1.8.5/mockito-all-1.8.5.jar:/home/user/.m2/repository/org/apache/hadoop/hadoop-kms/3.2.0/hadoop-kms-3.2.0.jar:/home/user/.m2/repository/org/apache/hadoop/hadoop-auth/3.2.0/hadoop-auth-3.2.0.jar:/home/user/.m2/repository/com/nimbusds/nimbus-jose-jwt/4.41.1/nimbus-jose-jwt-4.41.1.jar:/home/user/.m2/repository/com/github/stephenc/jcip/jcip-annotations/1.0-1/jcip-annotations-1.0-1.jar:/home/user/.m2/repository/net/minidev/json-smart/2.3/json-smart-2.3.jar:/home/user/.m2/repository/net/minidev/accessors-smart/1.2/accessors-smart-1.2.jar:/home/user/.m2/repository/org/ow2/asm/asm/5.0.4/asm-5.0.4.jar:/home/user/.m2/repository/org/apache/curator/curator-framework/2.12.0/curator-framework-2.12.0.jar:/home/user/.m2/repository/com/sun/jersey/jersey-core/1.19/jersey-core-1.19.jar:/home/user/.m2/repository/javax/ws/rs/jsr311-api/1.1.1/jsr311-api-1.1.1.jar:/home/user/.m2/repository/com/sun/jersey/jersey-server/1.19/jersey-server-1.19.jar:/home/user/.m2/repository/javax/servlet/javax.servlet-api/3.1.0/javax.servlet-api-3.1.0.jar:/home/user/.m2/repository/org/eclipse/jetty/jetty-server/9.3.24.v20180605/jetty-server-9.3.24.v20180605.jar:/home/user/.m2/repository/org/eclipse/jetty/jetty-http/9.3.24.v20180605/jetty-http-9.3.24.v20180605.jar:/home/user/.m2/repository/org/eclipse/jetty/jetty-io/9.3.24.v20180605/jetty-io-9.3.24.v20180605.jar:/home/user/.m2/repository/org/eclipse/jetty/jetty-webapp/9.3.24.v20180605/jetty-webapp-9.3.24.v20180605.jar:/home/user/.m2/repository/org/eclipse/jetty/jetty-xml/9.3.24.v20180605/jetty-xml-9.3.24.v20180605.jar:/home/user/.m2/repository/log4j/log4j/1.2.17/log4j-1.2.17.jar:/home/user/.m2/repository/org/slf4j/slf4j-api/1.7.25/slf4j-api-1.7.25.jar:/home/user/.m2/repository/org/slf4j/jul-to-slf4j/1.7.25/jul-to-slf4j-1.7.25.jar:/home/user/.m2/repository/org/eclipse/jetty/jetty-util/9.3.24.v20180605/jetty-util-9.3.24.v20180605.jar:/home/user/.m2/repository/com/fasterxml/jackson/core/jackson-databind/2.9.5/jackson-databind-2.9.5.jar:/home/user/.m2/repository/org/apache/hadoop/hadoop-kms/3.2.0/hadoop-kms-3.2.0-tests.jar:/home/user/.m2/repository/org/apache/hadoop/hadoop-hdds-server-scm/0.5.0-SNAPSHOT/hadoop-hdds-server-scm-0.5.0-SNAPSHOT-tests.jar:/home/user/.m2/repository/org/apache/hadoop/hadoop-hdds-container-service/0.5.0-SNAPSHOT/hadoop-hdds-container-service-0.5.0-SNAPSHOT-tests.jar:/home/user/.m2/repository/org/yaml/snakeyaml/1.16/snakeyaml-1.16.jar:/home/user/.m2/repository/org/apache/hadoop/hadoop-common/3.2.0/hadoop-common-3.2.0-tests.jar:/home/user/.m2/repository/org/apache/hadoop/hadoop-annotations/3.2.0/hadoop-annotations-3.2.0.jar:/usr/lib/jvm/java-1.8-openjdk/jre/../lib/tools.jar:/home/user/.m2/repository/commons-cli/commons-cli/1.2/commons-cli-1.2.jar:/home/user/.m2/repository/org/apache/httpcomponents/httpclient/4.5.2/httpclient-4.5.2.jar:/home/user/.m2/repository/org/apache/httpcomponents/httpcore/4.4.4/httpcore-4.4.4.jar:/home/user/.m2/repository/commons-codec/commons-codec/1.11/commons-codec-1.11.jar:/home/user/.m2/repository/commons-net/commons-net/3.6/commons-net-3.6.jar:/home/user/.m2/repository/commons-collections/commons-collections/3.2.2/commons-collections-3.2.2.jar:/home/user/.m2/repository/org/eclipse/jetty/jetty-servlet/9.3.24.v20180605/jetty-servlet-9.3.24.v20180605.jar:/home/user/.m2/repository/org/eclipse/jetty/jetty-security/9.3.24.v20180605/jetty-security-9.3.24.v20180605.jar:/home/user/.m2/repository/javax/servlet/jsp/jsp-api/2.1/jsp-api-2.1.jar:/home/user/.m2/repository/com/sun/jersey/jersey-servlet/1.19/jersey-servlet-1.19.jar:/home/user/.m2/repository/com/sun/jersey/jersey-json/1.19/jersey-json-1.19.jar:/home/user/.m2/repository/org/codehaus/jettison/jettison/1.1/jettison-1.1.jar:/home/user/.m2/repository/org/codehaus/jackson/jackson-core-asl/1.9.13/jackson-core-asl-1.9.13.jar:/home/user/.m2/repository/org/codehaus/jackson/jackson-mapper-asl/1.9.13/jackson-mapper-asl-1.9.13.jar:/home/user/.m2/repository/org/codehaus/jackson/jackson-jaxrs/1.9.13/jackson-jaxrs-1.9.13.jar:/home/user/.m2/repository/org/codehaus/jackson/jackson-xc/1.9.13/jackson-xc-1.9.13.jar:/home/user/.m2/repository/commons-logging/commons-logging/1.1.3/commons-logging-1.1.3.jar:/home/user/.m2/repository/commons-beanutils/commons-beanutils/1.9.3/commons-beanutils-1.9.3.jar:/home/user/.m2/repository/org/apache/commons/commons-configuration2/2.1.1/commons-configuration2-2.1.1.jar:/home/user/.m2/repository/org/apache/commons/commons-lang3/3.7/commons-lang3-3.7.jar:/home/user/.m2/repository/org/apache/commons/commons-text/1.4/commons-text-1.4.jar:/home/user/.m2/repository/org/apache/avro/avro/1.7.7/avro-1.7.7.jar:/home/user/.m2/repository/com/thoughtworks/paranamer/paranamer/2.3/paranamer-2.3.jar:/home/user/.m2/repository/org/xerial/snappy/snappy-java/1.0.5/snappy-java-1.0.5.jar:/home/user/.m2/repository/com/google/re2j/re2j/1.1/re2j-1.1.jar:/home/user/.m2/repository/com/google/code/gson/gson/2.2.4/gson-2.2.4.jar:/home/user/.m2/repository/com/jcraft/jsch/0.1.54/jsch-0.1.54.jar:/home/user/.m2/repository/org/apache/curator/curator-client/2.12.0/curator-client-2.12.0.jar:/home/user/.m2/repository/org/apache/curator/curator-recipes/2.12.0/curator-recipes-2.12.0.jar:/home/user/.m2/repository/com/google/code/findbugs/jsr305/3.0.0/jsr305-3.0.0.jar:/home/user/.m2/repository/org/apache/htrace/htrace-core4/4.1.0-incubating/htrace-core4-4.1.0-incubating.jar:/home/user/.m2/repository/org/apache/zookeeper/zookeeper/3.4.13/zookeeper-3.4.13.jar:/home/user/.m2/repository/org/apache/yetus/audience-annotations/0.5.0/audience-annotations-0.5.0.jar:/home/user/.m2/repository/org/codehaus/woodstox/stax2-api/3.1.4/stax2-api-3.1.4.jar:/home/user/.m2/repository/com/fasterxml/woodstox/woodstox-core/5.0.3/woodstox-core-5.0.3.jar:/home/user/.m2/repository/dnsjava/dnsjava/2.1.7/dnsjava-2.1.7.jar:/home/user/.m2/repository/org/apache/hadoop/hadoop-hdfs/3.2.0/hadoop-hdfs-3.2.0-tests.jar:/home/user/.m2/repository/org/eclipse/jetty/jetty-util-ajax/9.3.24.v20180605/jetty-util-ajax-9.3.24.v20180605.jar:/home/user/.m2/repository/commons-daemon/commons-daemon/1.0.13/commons-daemon-1.0.13.jar:/home/user/.m2/repository/io/netty/netty/3.10.5.Final/netty-3.10.5.Final.jar:/home/user/.m2/repository/io/netty/netty-all/4.0.52.Final/netty-all-4.0.52.Final.jar:/home/user/.m2/repository/org/fusesource/leveldbjni/leveldbjni-all/1.8/leveldbjni-all-1.8.jar:"/>
    <property name="sun.cpu.endian" value="little"/>
    <property name="user.home" value="/home/user"/>
    <property name="user.language" value="en"/>
    <property name="java.specification.vendor" value="Oracle Corporation"/>
    <property name="java.home" value="/usr/lib/jvm/java-1.8-openjdk/jre"/>
    <property name="java.security.krb5.conf" value="/workdir/hadoop-ozone/integration-test/target/test-classes/krb5.conf"/>
    <property name="basedir" value="/workdir/hadoop-ozone/integration-test"/>
    <property name="file.separator" value="/"/>
    <property name="line.separator" value="&#10;"/>
    <property name="java.vm.specification.vendor" value="Oracle Corporation"/>
    <property name="java.specification.name" value="Java Platform API Specification"/>
    <property name="java.awt.graphicsenv" value="sun.awt.X11GraphicsEnvironment"/>
    <property name="surefire.real.class.path" value="/workdir/hadoop-ozone/integration-test/target/surefire/surefirebooter1108849410205922757.jar"/>
    <property name="hadoop.log.dir" value="/workdir/hadoop-ozone/integration-test/target/log"/>
    <property name="sun.boot.class.path" value="/usr/lib/jvm/java-1.8-openjdk/jre/lib/resources.jar:/usr/lib/jvm/java-1.8-openjdk/jre/lib/rt.jar:/usr/lib/jvm/java-1.8-openjdk/jre/lib/sunrsasign.jar:/usr/lib/jvm/java-1.8-openjdk/jre/lib/jsse.jar:/usr/lib/jvm/java-1.8-openjdk/jre/lib/jce.jar:/usr/lib/jvm/java-1.8-openjdk/jre/lib/charsets.jar:/usr/lib/jvm/java-1.8-openjdk/jre/lib/jfr.jar:/usr/lib/jvm/java-1.8-openjdk/jre/classes"/>
    <property name="sun.management.compiler" value="HotSpot 64-Bit Tiered Compilers"/>
    <property name="java.runtime.version" value="1.8.0_212-b04"/>
    <property name="java.net.preferIPv4Stack" value="true"/>
    <property name="user.name" value="jenkins1000"/>
    <property name="path.separator" value=":"/>
    <property name="java.security.egd" value="file:///dev/urandom"/>
    <property name="os.version" value="3.10.0-957.12.2.el7.x86_64"/>
    <property name="java.endorsed.dirs" value="/usr/lib/jvm/java-1.8-openjdk/jre/lib/endorsed"/>
    <property name="java.runtime.name" value="OpenJDK Runtime Environment"/>
    <property name="file.encoding" value="UTF-8"/>
    <property name="java.vm.name" value="OpenJDK 64-Bit Server VM"/>
    <property name="test.build.webapps" value=""/>
    <property name="localRepository" value="/home/user/.m2/repository"/>
    <property name="java.vendor.url.bug" value="https://icedtea.classpath.org/bugzilla"/>
    <property name="java.io.tmpdir" value="/tmp"/>
    <property name="require.test.libhadoop" value=""/>
    <property name="java.version" value="1.8.0_212"/>
    <property name="user.dir" value="/workdir/hadoop-ozone/integration-test"/>
    <property name="os.arch" value="amd64"/>
    <property name="java.vm.specification.name" value="Java Virtual Machine Specification"/>
    <property name="test.build.classes" value="/workdir/hadoop-ozone/integration-test/target/test-classes"/>
    <property name="java.awt.printerjob" value="sun.print.PSPrinterJob"/>
    <property name="sun.os.patch.level" value="unknown"/>
    <property name="hadoop.tmp.dir" value="/workdir/hadoop-ozone/integration-test/target/tmp"/>
    <property name="java.library.path" value="/usr/lib/jvm/java-1.8-openjdk/jre/lib/amd64/server:/usr/lib/jvm/java-1.8-openjdk/jre/lib/amd64:/usr/lib/jvm/java-1.8-openjdk/jre/../lib/amd64:/workdir/hadoop-ozone/integration-test/target/native/target/usr/local/lib:/workdir/hadoop-ozone/integration-test/../../hadoop-common-project/hadoop-common/target/native/target/usr/local/lib:/usr/java/packages/lib/amd64:/usr/lib64:/lib64:/lib:/usr/lib"/>
    <property name="java.vm.info" value="mixed mode"/>
    <property name="java.vendor" value="IcedTea"/>
    <property name="java.vm.version" value="25.212-b04"/>
    <property name="java.ext.dirs" value="/usr/lib/jvm/java-1.8-openjdk/jre/lib/ext:/usr/java/packages/lib/ext"/>
    <property name="sun.io.unicode.encoding" value="UnicodeLittle"/>
    <property name="java.class.version" value="52.0"/>
  </properties>
  <testcase name="test2DatanodesFailure" classname="org.apache.hadoop.ozone.client.rpc.TestBlockOutputStreamWithFailures" time="48.878"/>
  <testcase name="testDatanodeFailureWithPreAllocation" classname="org.apache.hadoop.ozone.client.rpc.TestBlockOutputStreamWithFailures" time="228.678"/>
  <testcase name="testDatanodeFailureWithSingleNodeRatis" classname="org.apache.hadoop.ozone.client.rpc.TestBlockOutputStreamWithFailures" time="229.548"/>
  <testcase name="testWatchForCommitWithSingleNodeRatis" classname="org.apache.hadoop.ozone.client.rpc.TestBlockOutputStreamWithFailures" time="37.685"/>
  <testcase name="testWatchForCommitDatanodeFailure" classname="org.apache.hadoop.ozone.client.rpc.TestBlockOutputStreamWithFailures" time="37.652"/>
  <testcase name="testFailureWithPrimeSizedData" classname="org.apache.hadoop.ozone.client.rpc.TestBlockOutputStreamWithFailures" time="37.473"/>
  <testcase name="testWatchForCommitWithCloseContainerException" classname="org.apache.hadoop.ozone.client.rpc.TestBlockOutputStreamWithFailures" time="36.939"/>
  <testcase name="testExceptionDuringClose" classname="org.apache.hadoop.ozone.client.rpc.TestBlockOutputStreamWithFailures" time="49.626">
    <failure message="expected:&lt;88&gt; but was:&lt;90&gt;" type="java.lang.AssertionError"><![CDATA[java.lang.AssertionError: expected:<88> but was:<90>
	at org.junit.Assert.fail(Assert.java:88)
	at org.junit.Assert.failNotEquals(Assert.java:743)
	at org.junit.Assert.assertEquals(Assert.java:118)
	at org.junit.Assert.assertEquals(Assert.java:555)
	at org.junit.Assert.assertEquals(Assert.java:542)
	at org.apache.hadoop.ozone.client.rpc.TestBlockOutputStreamWithFailures.testExceptionDuringClose(TestBlockOutputStreamWithFailures.java:726)
	at sun.reflect.NativeMethodAccessorImpl.invoke0(Native Method)
	at sun.reflect.NativeMethodAccessorImpl.invoke(NativeMethodAccessorImpl.java:62)
	at sun.reflect.DelegatingMethodAccessorImpl.invoke(DelegatingMethodAccessorImpl.java:43)
	at java.lang.reflect.Method.invoke(Method.java:498)
	at org.junit.runners.model.FrameworkMethod$1.runReflectiveCall(FrameworkMethod.java:47)
	at org.junit.internal.runners.model.ReflectiveCallable.run(ReflectiveCallable.java:12)
	at org.junit.runners.model.FrameworkMethod.invokeExplosively(FrameworkMethod.java:44)
	at org.junit.internal.runners.statements.InvokeMethod.evaluate(InvokeMethod.java:17)
	at org.junit.internal.runners.statements.RunBefores.evaluate(RunBefores.java:26)
	at org.junit.internal.runners.statements.RunAfters.evaluate(RunAfters.java:27)
	at org.junit.runners.ParentRunner.runLeaf(ParentRunner.java:271)
	at org.junit.runners.BlockJUnit4ClassRunner.runChild(BlockJUnit4ClassRunner.java:70)
	at org.junit.runners.BlockJUnit4ClassRunner.runChild(BlockJUnit4ClassRunner.java:50)
	at org.junit.runners.ParentRunner$3.run(ParentRunner.java:238)
	at org.junit.runners.ParentRunner$1.schedule(ParentRunner.java:63)
	at org.junit.runners.ParentRunner.runChildren(ParentRunner.java:236)
	at org.junit.runners.ParentRunner.access$000(ParentRunner.java:53)
	at org.junit.runners.ParentRunner$2.evaluate(ParentRunner.java:229)
	at org.junit.runners.ParentRunner.run(ParentRunner.java:309)
	at org.apache.maven.surefire.junit4.JUnit4Provider.execute(JUnit4Provider.java:365)
	at org.apache.maven.surefire.junit4.JUnit4Provider.executeWithRerun(JUnit4Provider.java:273)
	at org.apache.maven.surefire.junit4.JUnit4Provider.executeTestSet(JUnit4Provider.java:238)
	at org.apache.maven.surefire.junit4.JUnit4Provider.invoke(JUnit4Provider.java:159)
	at org.apache.maven.surefire.booter.ForkedBooter.invokeProviderInSameClassLoader(ForkedBooter.java:384)
	at org.apache.maven.surefire.booter.ForkedBooter.runSuitesInProcess(ForkedBooter.java:345)
	at org.apache.maven.surefire.booter.ForkedBooter.execute(ForkedBooter.java:126)
	at org.apache.maven.surefire.booter.ForkedBooter.main(ForkedBooter.java:418)
]]></failure>
    <system-out><![CDATA[2019-09-18 16:16:41,308 [main] WARN  server.ServerUtils (ServerUtils.java:getScmDbDir(145)) - ozone.scm.db.dirs is not configured. We recommend adding this setting. Falling back to ozone.metadata.dirs instead.
2019-09-18 16:16:41,331 [main] WARN  server.ServerUtils (ServerUtils.java:getScmDbDir(145)) - ozone.scm.db.dirs is not configured. We recommend adding this setting. Falling back to ozone.metadata.dirs instead.
2019-09-18 16:16:41,331 [main] WARN  server.ServerUtils (ServerUtils.java:getScmDbDir(145)) - ozone.scm.db.dirs is not configured. We recommend adding this setting. Falling back to ozone.metadata.dirs instead.
2019-09-18 16:16:41,331 [main] INFO  db.DBStoreBuilder (DBStoreBuilder.java:addTable(110)) - using custom profile for table: deletedBlocks
2019-09-18 16:16:41,332 [main] INFO  db.DBStoreBuilder (DBStoreBuilder.java:processTables(161)) - Using default column profile:DBProfile.DISK for Table:deletedBlocks
2019-09-18 16:16:41,332 [main] INFO  db.DBStoreBuilder (DBStoreBuilder.java:addTable(110)) - using custom profile for table: validCerts
2019-09-18 16:16:41,332 [main] INFO  db.DBStoreBuilder (DBStoreBuilder.java:processTables(161)) - Using default column profile:DBProfile.DISK for Table:validCerts
2019-09-18 16:16:41,332 [main] INFO  db.DBStoreBuilder (DBStoreBuilder.java:addTable(110)) - using custom profile for table: revokedCerts
2019-09-18 16:16:41,333 [main] INFO  db.DBStoreBuilder (DBStoreBuilder.java:processTables(161)) - Using default column profile:DBProfile.DISK for Table:revokedCerts
2019-09-18 16:16:41,333 [main] INFO  db.DBStoreBuilder (DBStoreBuilder.java:addTable(110)) - using custom profile for table: default
2019-09-18 16:16:41,333 [main] INFO  db.DBStoreBuilder (DBStoreBuilder.java:processTables(167)) - Using default column profile:DBProfile.DISK for Table:default
2019-09-18 16:16:41,333 [main] INFO  db.DBStoreBuilder (DBStoreBuilder.java:getDbProfile(198)) - Using default options. DBProfile.DISK
2019-09-18 16:16:41,564 [main] INFO  net.NodeSchemaLoader (NodeSchemaLoader.java:loadSchemaFromFile(125)) - Loading file from sun.misc.CompoundEnumeration@4041b733
2019-09-18 16:16:41,564 [main] INFO  net.NodeSchemaLoader (NodeSchemaLoader.java:loadSchema(171)) - Loading network topology layer schema file
2019-09-18 16:16:41,570 [main] INFO  node.SCMNodeManager (SCMNodeManager.java:<init>(121)) - Entering startup safe mode.
2019-09-18 16:16:41,571 [main] INFO  algorithms.ContainerPlacementPolicyFactory (ContainerPlacementPolicyFactory.java:getPolicy(56)) - Create container placement policy of type org.apache.hadoop.hdds.scm.container.placement.algorithms.SCMContainerPlacementRandom
2019-09-18 16:16:41,572 [main] WARN  server.ServerUtils (ServerUtils.java:getScmDbDir(145)) - ozone.scm.db.dirs is not configured. We recommend adding this setting. Falling back to ozone.metadata.dirs instead.
2019-09-18 16:16:41,805 [main] INFO  pipeline.SCMPipelineManager (SCMPipelineManager.java:initializePipelineState(145)) - No pipeline exists in current db
2019-09-18 16:16:41,806 [main] WARN  server.ServerUtils (ServerUtils.java:getScmDbDir(145)) - ozone.scm.db.dirs is not configured. We recommend adding this setting. Falling back to ozone.metadata.dirs instead.
2019-09-18 16:16:42,050 [main] INFO  safemode.HealthyPipelineSafeModeRule (HealthyPipelineSafeModeRule.java:<init>(87)) -  Total pipeline count is 0, healthy pipeline threshold count is 1
2019-09-18 16:16:42,050 [main] INFO  safemode.OneReplicaPipelineSafeModeRule (OneReplicaPipelineSafeModeRule.java:<init>(75)) - Total pipeline count is 0, pipeline's with at least one datanode reported threshold count is 0
2019-09-18 16:16:42,050 [main] WARN  events.EventQueue (EventQueue.java:fireEvent(175)) - No event handler registered for event TypedEvent{payloadType=SafeModeStatus, name='SafeModeStatus'}
2019-09-18 16:16:42,051 [main] INFO  ipc.CallQueueManager (CallQueueManager.java:<init>(84)) - Using callQueue: class java.util.concurrent.LinkedBlockingQueue, queueCapacity: 2000, scheduler: class org.apache.hadoop.ipc.DefaultRpcScheduler, ipcBackoff: false.
2019-09-18 16:16:42,052 [Socket Reader #1 for port 43668] INFO  ipc.Server (Server.java:run(1074)) - Starting Socket Reader #1 for port 43668
2019-09-18 16:16:42,055 [main] INFO  ipc.CallQueueManager (CallQueueManager.java:<init>(84)) - Using callQueue: class java.util.concurrent.LinkedBlockingQueue, queueCapacity: 2000, scheduler: class org.apache.hadoop.ipc.DefaultRpcScheduler, ipcBackoff: false.
2019-09-18 16:16:42,056 [Socket Reader #1 for port 43891] INFO  ipc.Server (Server.java:run(1074)) - Starting Socket Reader #1 for port 43891
2019-09-18 16:16:42,062 [main] INFO  ipc.CallQueueManager (CallQueueManager.java:<init>(84)) - Using callQueue: class java.util.concurrent.LinkedBlockingQueue, queueCapacity: 2000, scheduler: class org.apache.hadoop.ipc.DefaultRpcScheduler, ipcBackoff: false.
2019-09-18 16:16:42,063 [Socket Reader #1 for port 40502] INFO  ipc.Server (Server.java:run(1074)) - Starting Socket Reader #1 for port 40502
2019-09-18 16:16:42,066 [main] INFO  hdfs.DFSUtil (DFSUtil.java:httpServerTemplateForNNAndJN(1641)) - Starting Web-server for scm at: http://0.0.0.0:0
2019-09-18 16:16:42,068 [main] INFO  server.AuthenticationFilter (AuthenticationFilter.java:constructSecretProvider(240)) - Unable to initialize FileSignerSecretProvider, falling back to use random secrets.
2019-09-18 16:16:42,069 [main] WARN  http.HttpRequestLog (HttpRequestLog.java:getRequestLog(97)) - Jetty request log can only be enabled using Log4j
2019-09-18 16:16:42,071 [main] INFO  http.HttpServer2 (HttpServer2.java:addGlobalFilter(975)) - Added global filter 'safety' (class=org.apache.hadoop.http.HttpServer2$QuotingInputFilter)
2019-09-18 16:16:42,071 [main] INFO  http.HttpServer2 (HttpServer2.java:addFilter(948)) - Added filter static_user_filter (class=org.apache.hadoop.http.lib.StaticUserWebFilter$StaticUserFilter) to context scm
2019-09-18 16:16:42,072 [main] INFO  http.HttpServer2 (HttpServer2.java:addFilter(958)) - Added filter static_user_filter (class=org.apache.hadoop.http.lib.StaticUserWebFilter$StaticUserFilter) to context static
2019-09-18 16:16:42,072 [main] INFO  http.HttpServer2 (HttpServer2.java:addFilter(958)) - Added filter static_user_filter (class=org.apache.hadoop.http.lib.StaticUserWebFilter$StaticUserFilter) to context logs
2019-09-18 16:16:42,074 [main] INFO  server.StorageContainerManager (StorageContainerManager.java:start(761)) - StorageContainerLocationProtocol RPC server is listening at /0.0.0.0:40502
2019-09-18 16:16:42,077 [main] WARN  impl.MetricsConfig (MetricsConfig.java:loadFirst(134)) - Cannot locate configuration: tried hadoop-metrics2-storagecontainermanager.properties,hadoop-metrics2.properties
2019-09-18 16:16:42,078 [main] INFO  impl.MetricsSystemImpl (MetricsSystemImpl.java:startTimer(374)) - Scheduled Metric snapshot period at 10 second(s).
2019-09-18 16:16:42,079 [main] INFO  impl.MetricsSystemImpl (MetricsSystemImpl.java:start(191)) - StorageContainerManager metrics system started
2019-09-18 16:16:42,299 [main] INFO  server.SCMClientProtocolServer (SCMClientProtocolServer.java:start(151)) - RPC server for Client  is listening at /0.0.0.0:40502
2019-09-18 16:16:42,299 [IPC Server Responder] INFO  ipc.Server (Server.java:run(1314)) - IPC Server Responder: starting
2019-09-18 16:16:42,299 [IPC Server listener on 40502] INFO  ipc.Server (Server.java:run(1153)) - IPC Server listener on 40502: starting
2019-09-18 16:16:42,304 [main] INFO  server.StorageContainerManager (StorageContainerManager.java:start(771)) - ScmBlockLocationProtocol RPC server is listening at /0.0.0.0:43891
2019-09-18 16:16:42,304 [main] INFO  server.SCMBlockProtocolServer (SCMBlockProtocolServer.java:start(140)) - RPC server for Block Protocol is listening at /0.0.0.0:43891
2019-09-18 16:16:42,305 [IPC Server Responder] INFO  ipc.Server (Server.java:run(1314)) - IPC Server Responder: starting
2019-09-18 16:16:42,305 [IPC Server listener on 43891] INFO  ipc.Server (Server.java:run(1153)) - IPC Server listener on 43891: starting
2019-09-18 16:16:42,309 [main] INFO  server.StorageContainerManager (StorageContainerManager.java:start(775)) - ScmDatanodeProtocl RPC server is listening at /0.0.0.0:43668
2019-09-18 16:16:42,310 [main] INFO  server.SCMDatanodeProtocolServer (SCMDatanodeProtocolServer.java:start(199)) - RPC server for DataNodes is listening at /0.0.0.0:43668
2019-09-18 16:16:42,310 [IPC Server Responder] INFO  ipc.Server (Server.java:run(1314)) - IPC Server Responder: starting
2019-09-18 16:16:42,310 [IPC Server listener on 43668] INFO  ipc.Server (Server.java:run(1153)) - IPC Server listener on 43668: starting
2019-09-18 16:16:42,315 [main] INFO  http.HttpServer2 (HttpServer2.java:bindListener(1191)) - Jetty bound to port 34194
2019-09-18 16:16:42,315 [main] INFO  server.Server (Server.java:doStart(351)) - jetty-9.3.24.v20180605, build timestamp: 2018-06-05T17:11:56Z, git hash: 84205aa28f11a4f31f2a3b86d1bba2cc8ab69827
2019-09-18 16:16:42,317 [main] INFO  handler.ContextHandler (ContextHandler.java:doStart(781)) - Started o.e.j.s.ServletContextHandler@69235eea{/logs,file:///workdir/hadoop-ozone/integration-test/target/log,AVAILABLE}
2019-09-18 16:16:42,317 [main] INFO  handler.ContextHandler (ContextHandler.java:doStart(781)) - Started o.e.j.s.ServletContextHandler@40052266{/static,file:///workdir/hadoop-ozone/integration-test/target/test-classes/webapps/static,AVAILABLE}
2019-09-18 16:16:42,321 [main] INFO  handler.ContextHandler (ContextHandler.java:doStart(781)) - Started o.e.j.w.WebAppContext@6eb96567{/,file:///workdir/hadoop-ozone/integration-test/target/test-classes/webapps/scm/,AVAILABLE}{/scm}
2019-09-18 16:16:42,321 [main] INFO  server.AbstractConnector (AbstractConnector.java:doStart(278)) - Started ServerConnector@53309bfd{HTTP/1.1,[http/1.1]}{0.0.0.0:34194}
2019-09-18 16:16:42,325 [main] INFO  server.Server (Server.java:doStart(419)) - Started @658501ms
2019-09-18 16:16:42,326 [main] INFO  server.BaseHttpServer (BaseHttpServer.java:updateConnectorAddress(213)) - HTTP server of SCM is listening at http://0.0.0.0:34194
2019-09-18 16:16:42,332 [main] WARN  server.ServerUtils (ServerUtils.java:getDBPath(222)) - ozone.om.db.dirs is not configured. We recommend adding this setting. Falling back to ozone.metadata.dirs instead.
2019-09-18 16:16:42,332 [org.apache.hadoop.util.JvmPauseMonitor$Monitor@3e3e9f3e] INFO  util.JvmPauseMonitor (JvmPauseMonitor.java:run(188)) - Starting JVM pause monitor
2019-09-18 16:16:42,376 [main] WARN  server.ServerUtils (ServerUtils.java:getDBPath(222)) - ozone.om.db.dirs is not configured. We recommend adding this setting. Falling back to ozone.metadata.dirs instead.
2019-09-18 16:16:42,376 [main] WARN  server.ServerUtils (ServerUtils.java:getDBPath(222)) - ozone.om.db.dirs is not configured. We recommend adding this setting. Falling back to ozone.metadata.dirs instead.
2019-09-18 16:16:42,377 [main] INFO  om.OzoneManager (OzoneManager.java:setOMNodeDetails(645)) - OM Service ID is not set. Setting it to the default ID: omServiceIdDefault
2019-09-18 16:16:42,377 [main] INFO  om.OzoneManager (OzoneManager.java:setOMNodeDetails(651)) - OM Node ID is not set. Setting it to the OmStorage's OmID: 884232ac-975e-4df2-aa3c-76c7de2a67b8
2019-09-18 16:16:42,377 [main] INFO  om.OzoneManager (OzoneManager.java:loadOMHAConfigs(602)) - Found matching OM address with OMServiceId: null, OMNodeId: null, RPC Address: localhost:0 and Ratis port: 9872
2019-09-18 16:16:42,397 | INFO  | SCMAudit | user=jenkins1000 | ip=192.168.5.185 | op=GET_SCM_INFO null | ret=SUCCESS |  
2019-09-18 16:16:42,401 [main] WARN  server.ServerUtils (ServerUtils.java:getDBPath(222)) - ozone.om.db.dirs is not configured. We recommend adding this setting. Falling back to ozone.metadata.dirs instead.
2019-09-18 16:16:42,401 [main] INFO  db.DBStoreBuilder (DBStoreBuilder.java:addTable(110)) - using custom profile for table: userTable
2019-09-18 16:16:42,402 [main] INFO  db.DBStoreBuilder (DBStoreBuilder.java:processTables(161)) - Using default column profile:DBProfile.DISK for Table:userTable
2019-09-18 16:16:42,402 [main] INFO  db.DBStoreBuilder (DBStoreBuilder.java:addTable(110)) - using custom profile for table: volumeTable
2019-09-18 16:16:42,402 [main] INFO  db.DBStoreBuilder (DBStoreBuilder.java:processTables(161)) - Using default column profile:DBProfile.DISK for Table:volumeTable
2019-09-18 16:16:42,402 [main] INFO  db.DBStoreBuilder (DBStoreBuilder.java:addTable(110)) - using custom profile for table: bucketTable
2019-09-18 16:16:42,403 [main] INFO  db.DBStoreBuilder (DBStoreBuilder.java:processTables(161)) - Using default column profile:DBProfile.DISK for Table:bucketTable
2019-09-18 16:16:42,403 [main] INFO  db.DBStoreBuilder (DBStoreBuilder.java:addTable(110)) - using custom profile for table: keyTable
2019-09-18 16:16:42,403 [main] INFO  db.DBStoreBuilder (DBStoreBuilder.java:processTables(161)) - Using default column profile:DBProfile.DISK for Table:keyTable
2019-09-18 16:16:42,403 [main] INFO  db.DBStoreBuilder (DBStoreBuilder.java:addTable(110)) - using custom profile for table: deletedTable
2019-09-18 16:16:42,404 [main] INFO  db.DBStoreBuilder (DBStoreBuilder.java:processTables(161)) - Using default column profile:DBProfile.DISK for Table:deletedTable
2019-09-18 16:16:42,404 [main] INFO  db.DBStoreBuilder (DBStoreBuilder.java:addTable(110)) - using custom profile for table: openKeyTable
2019-09-18 16:16:42,404 [main] INFO  db.DBStoreBuilder (DBStoreBuilder.java:processTables(161)) - Using default column profile:DBProfile.DISK for Table:openKeyTable
2019-09-18 16:16:42,404 [main] INFO  db.DBStoreBuilder (DBStoreBuilder.java:addTable(110)) - using custom profile for table: s3Table
2019-09-18 16:16:42,405 [main] INFO  db.DBStoreBuilder (DBStoreBuilder.java:processTables(161)) - Using default column profile:DBProfile.DISK for Table:s3Table
2019-09-18 16:16:42,405 [main] INFO  db.DBStoreBuilder (DBStoreBuilder.java:addTable(110)) - using custom profile for table: multipartInfoTable
2019-09-18 16:16:42,405 [main] INFO  db.DBStoreBuilder (DBStoreBuilder.java:processTables(161)) - Using default column profile:DBProfile.DISK for Table:multipartInfoTable
2019-09-18 16:16:42,406 [main] INFO  db.DBStoreBuilder (DBStoreBuilder.java:addTable(110)) - using custom profile for table: dTokenTable
2019-09-18 16:16:42,406 [main] INFO  db.DBStoreBuilder (DBStoreBuilder.java:processTables(161)) - Using default column profile:DBProfile.DISK for Table:dTokenTable
2019-09-18 16:16:42,406 [main] INFO  db.DBStoreBuilder (DBStoreBuilder.java:addTable(110)) - using custom profile for table: s3SecretTable
2019-09-18 16:16:42,406 [main] INFO  db.DBStoreBuilder (DBStoreBuilder.java:processTables(161)) - Using default column profile:DBProfile.DISK for Table:s3SecretTable
2019-09-18 16:16:42,407 [main] INFO  db.DBStoreBuilder (DBStoreBuilder.java:addTable(110)) - using custom profile for table: prefixTable
2019-09-18 16:16:42,407 [main] INFO  db.DBStoreBuilder (DBStoreBuilder.java:processTables(161)) - Using default column profile:DBProfile.DISK for Table:prefixTable
2019-09-18 16:16:42,407 [main] INFO  db.DBStoreBuilder (DBStoreBuilder.java:addTable(110)) - using custom profile for table: default
2019-09-18 16:16:42,407 [main] INFO  db.DBStoreBuilder (DBStoreBuilder.java:processTables(167)) - Using default column profile:DBProfile.DISK for Table:default
2019-09-18 16:16:42,408 [main] INFO  db.DBStoreBuilder (DBStoreBuilder.java:getDbProfile(198)) - Using default options. DBProfile.DISK
2019-09-18 16:16:43,443 [main] INFO  ipc.CallQueueManager (CallQueueManager.java:<init>(84)) - Using callQueue: class java.util.concurrent.LinkedBlockingQueue, queueCapacity: 2000, scheduler: class org.apache.hadoop.ipc.DefaultRpcScheduler, ipcBackoff: false.
2019-09-18 16:16:43,445 [Socket Reader #1 for port 44732] INFO  ipc.Server (Server.java:run(1074)) - Starting Socket Reader #1 for port 44732
2019-09-18 16:16:43,466 [main] INFO  om.OzoneManager (OzoneManager.java:start(1256)) - OzoneManager RPC server is listening at localhost/127.0.0.1:44732
2019-09-18 16:16:43,467 [main] INFO  impl.MetricsSystemImpl (MetricsSystemImpl.java:init(158)) - OzoneManager metrics system started (again)
2019-09-18 16:16:43,468 [IPC Server Responder] INFO  ipc.Server (Server.java:run(1314)) - IPC Server Responder: starting
2019-09-18 16:16:43,470 [IPC Server listener on 44732] INFO  ipc.Server (Server.java:run(1153)) - IPC Server listener on 44732: starting
2019-09-18 16:16:43,480 [main] INFO  hdfs.DFSUtil (DFSUtil.java:httpServerTemplateForNNAndJN(1641)) - Starting Web-server for ozoneManager at: http://0.0.0.0:0
2019-09-18 16:16:43,481 [main] INFO  server.AuthenticationFilter (AuthenticationFilter.java:constructSecretProvider(240)) - Unable to initialize FileSignerSecretProvider, falling back to use random secrets.
2019-09-18 16:16:43,482 [main] WARN  http.HttpRequestLog (HttpRequestLog.java:getRequestLog(97)) - Jetty request log can only be enabled using Log4j
2019-09-18 16:16:43,484 [main] INFO  http.HttpServer2 (HttpServer2.java:addGlobalFilter(975)) - Added global filter 'safety' (class=org.apache.hadoop.http.HttpServer2$QuotingInputFilter)
2019-09-18 16:16:43,485 [main] INFO  http.HttpServer2 (HttpServer2.java:addFilter(948)) - Added filter static_user_filter (class=org.apache.hadoop.http.lib.StaticUserWebFilter$StaticUserFilter) to context ozoneManager
2019-09-18 16:16:43,485 [main] INFO  http.HttpServer2 (HttpServer2.java:addFilter(958)) - Added filter static_user_filter (class=org.apache.hadoop.http.lib.StaticUserWebFilter$StaticUserFilter) to context static
2019-09-18 16:16:43,486 [main] INFO  http.HttpServer2 (HttpServer2.java:addFilter(958)) - Added filter static_user_filter (class=org.apache.hadoop.http.lib.StaticUserWebFilter$StaticUserFilter) to context logs
2019-09-18 16:16:43,486 [main] INFO  http.HttpServer2 (HttpServer2.java:bindListener(1191)) - Jetty bound to port 38075
2019-09-18 16:16:43,487 [main] INFO  server.Server (Server.java:doStart(351)) - jetty-9.3.24.v20180605, build timestamp: 2018-06-05T17:11:56Z, git hash: 84205aa28f11a4f31f2a3b86d1bba2cc8ab69827
2019-09-18 16:16:43,489 [main] INFO  handler.ContextHandler (ContextHandler.java:doStart(781)) - Started o.e.j.s.ServletContextHandler@6dcf902{/logs,file:///workdir/hadoop-ozone/integration-test/target/log,AVAILABLE}
2019-09-18 16:16:43,490 [main] INFO  handler.ContextHandler (ContextHandler.java:doStart(781)) - Started o.e.j.s.ServletContextHandler@4f6f6223{/static,file:///workdir/hadoop-ozone/integration-test/target/test-classes/webapps/static,AVAILABLE}
2019-09-18 16:16:43,495 [main] INFO  handler.ContextHandler (ContextHandler.java:doStart(781)) - Started o.e.j.w.WebAppContext@76795a95{/,file:///workdir/hadoop-ozone/integration-test/target/test-classes/webapps/ozoneManager/,AVAILABLE}{/ozoneManager}
2019-09-18 16:16:43,496 [main] INFO  server.AbstractConnector (AbstractConnector.java:doStart(278)) - Started ServerConnector@32d00eea{HTTP/1.1,[http/1.1]}{0.0.0.0:38075}
2019-09-18 16:16:43,498 [main] INFO  server.Server (Server.java:doStart(419)) - Started @659674ms
2019-09-18 16:16:43,498 [main] INFO  server.BaseHttpServer (BaseHttpServer.java:updateConnectorAddress(213)) - HTTP server of OZONEMANAGER is listening at http://0.0.0.0:38075
2019-09-18 16:16:43,517 [main] INFO  impl.MetricsSystemImpl (MetricsSystemImpl.java:init(158)) - HddsDatanode metrics system started (again)
2019-09-18 16:16:43,523 [main] INFO  ozone.HddsDatanodeService (HddsDatanodeService.java:start(184)) - HddsDatanodeService host:pr-hdds-2034-lb7qt-2171347232 ip:192.168.5.185
2019-09-18 16:16:43,537 [main] INFO  volume.HddsVolume (HddsVolume.java:<init>(176)) - Creating Volume: /workdir/hadoop-ozone/integration-test/target/test-dir/MiniOzoneClusterImpl-d91fdf1f-9aec-46f4-8801-046e27073747/datanode-0/data/containers/hdds of  storage type : DISK and capacity : 1482555576320
2019-09-18 16:16:43,537 [main] INFO  volume.VolumeSet (VolumeSet.java:initializeVolumeSet(170)) - Added Volume : /workdir/hadoop-ozone/integration-test/target/test-dir/MiniOzoneClusterImpl-d91fdf1f-9aec-46f4-8801-046e27073747/datanode-0/data/containers/hdds to VolumeSet
2019-09-18 16:16:43,538 [main] INFO  volume.ThrottledAsyncChecker (ThrottledAsyncChecker.java:schedule(140)) - Scheduling a check for org.apache.hadoop.ozone.container.common.volume.HddsVolume@294e4c35
2019-09-18 16:16:43,538 [main] INFO  volume.HddsVolumeChecker (HddsVolumeChecker.java:checkAllVolumes(203)) - Scheduled health check for volume org.apache.hadoop.ozone.container.common.volume.HddsVolume@294e4c35
2019-09-18 16:16:43,558 [main] INFO  impl.RaftServerProxy (ConfUtils.java:logGet(43)) - raft.rpc.type = GRPC (default)
2019-09-18 16:16:43,558 [main] INFO  grpc.GrpcFactory (GrpcFactory.java:checkPooledByteBufAllocatorUseCacheForAllThreads(45)) - PERFORMANCE WARNING: useCacheForAllThreads is true that may cause Netty to create a lot garbage objects and, as a result, trigger GC.
	It is recommended to disable useCacheForAllThreads by setting -Dorg.apache.ratis.thirdparty.io.netty.allocator.useCacheForAllThreads=false in command line.
2019-09-18 16:16:43,558 [main] INFO  grpc.GrpcConfigKeys$Server (ConfUtils.java:logGet(43)) - raft.grpc.server.port = 0 (default)
2019-09-18 16:16:43,558 [main] INFO  server.GrpcService (ConfUtils.java:logGet(43)) - raft.grpc.message.size.max = 33570816 (custom)
2019-09-18 16:16:43,559 [main] INFO  server.RaftServerConfigKeys (ConfUtils.java:logGet(43)) - raft.server.log.appender.buffer.byte-limit = 33554432 (custom)
2019-09-18 16:16:43,559 [main] INFO  server.GrpcService (ConfUtils.java:logGet(43)) - raft.grpc.flow.control.window = 1MB (=1048576) (default)
2019-09-18 16:16:43,559 [main] INFO  server.RaftServerConfigKeys (ConfUtils.java:logGet(43)) - raft.server.rpc.request.timeout = 3000ms (default)
2019-09-18 16:16:43,560 [main] INFO  server.RaftServerConfigKeys (ConfUtils.java:logGet(43)) - raft.server.storage.dir = [/workdir/hadoop-ozone/integration-test/target/test-dir/MiniOzoneClusterImpl-d91fdf1f-9aec-46f4-8801-046e27073747/datanode-0/data/ratis] (custom)
2019-09-18 16:16:43,560 [main] INFO  replication.SimpleContainerDownloader (SimpleContainerDownloader.java:<init>(72)) - Starting container downloader service to copy containers to replicate.
2019-09-18 16:16:43,561 [main] INFO  hdfs.DFSUtil (DFSUtil.java:httpServerTemplateForNNAndJN(1641)) - Starting Web-server for hddsDatanode at: http://0.0.0.0:0
2019-09-18 16:16:43,562 [main] INFO  server.AuthenticationFilter (AuthenticationFilter.java:constructSecretProvider(240)) - Unable to initialize FileSignerSecretProvider, falling back to use random secrets.
2019-09-18 16:16:43,563 [main] WARN  http.HttpRequestLog (HttpRequestLog.java:getRequestLog(97)) - Jetty request log can only be enabled using Log4j
2019-09-18 16:16:43,564 [main] INFO  http.HttpServer2 (HttpServer2.java:addGlobalFilter(975)) - Added global filter 'safety' (class=org.apache.hadoop.http.HttpServer2$QuotingInputFilter)
2019-09-18 16:16:43,565 [main] INFO  http.HttpServer2 (HttpServer2.java:addFilter(948)) - Added filter static_user_filter (class=org.apache.hadoop.http.lib.StaticUserWebFilter$StaticUserFilter) to context hddsDatanode
2019-09-18 16:16:43,565 [main] INFO  http.HttpServer2 (HttpServer2.java:addFilter(958)) - Added filter static_user_filter (class=org.apache.hadoop.http.lib.StaticUserWebFilter$StaticUserFilter) to context static
2019-09-18 16:16:43,565 [main] INFO  http.HttpServer2 (HttpServer2.java:addFilter(958)) - Added filter static_user_filter (class=org.apache.hadoop.http.lib.StaticUserWebFilter$StaticUserFilter) to context logs
2019-09-18 16:16:43,566 [main] INFO  http.HttpServer2 (HttpServer2.java:bindListener(1191)) - Jetty bound to port 33359
2019-09-18 16:16:43,566 [main] INFO  server.Server (Server.java:doStart(351)) - jetty-9.3.24.v20180605, build timestamp: 2018-06-05T17:11:56Z, git hash: 84205aa28f11a4f31f2a3b86d1bba2cc8ab69827
2019-09-18 16:16:43,568 [main] INFO  handler.ContextHandler (ContextHandler.java:doStart(781)) - Started o.e.j.s.ServletContextHandler@5aecd826{/logs,file:///workdir/hadoop-ozone/integration-test/target/log,AVAILABLE}
2019-09-18 16:16:43,568 [main] INFO  handler.ContextHandler (ContextHandler.java:doStart(781)) - Started o.e.j.s.ServletContextHandler@43a65f56{/static,jar:file:/home/user/.m2/repository/org/apache/hadoop/hadoop-hdds-container-service/0.5.0-SNAPSHOT/hadoop-hdds-container-service-0.5.0-SNAPSHOT.jar!/webapps/static,AVAILABLE}
2019-09-18 16:16:43,600 [main] INFO  handler.ContextHandler (ContextHandler.java:doStart(781)) - Started o.e.j.w.WebAppContext@2728e166{/,file:///tmp/jetty-0.0.0.0-33359-hddsDatanode-_-any-4749116381451814745.dir/webapp/,AVAILABLE}{/hddsDatanode}
2019-09-18 16:16:43,601 [main] INFO  server.AbstractConnector (AbstractConnector.java:doStart(278)) - Started ServerConnector@1d81dece{HTTP/1.1,[http/1.1]}{0.0.0.0:33359}
2019-09-18 16:16:43,602 [main] INFO  server.Server (Server.java:doStart(419)) - Started @659778ms
2019-09-18 16:16:43,602 [main] INFO  server.BaseHttpServer (BaseHttpServer.java:updateConnectorAddress(213)) - HTTP server of HDDSDATANODE is listening at http://0.0.0.0:33359
2019-09-18 16:16:43,733 | INFO  | ObjectStoreRestHttpServer | Listening HDDS REST traffic on /0.0.0.0:41606 |  
2019-09-18 16:16:43,733 [main] INFO  ozone.HddsDatanodeService (HddsDatanodeService.java:startPlugins(395)) - Started plug-in org.apache.hadoop.ozone.web.OzoneHddsDatanodeService@408ce324
2019-09-18 16:16:43,733 [main] INFO  impl.MetricsSystemImpl (MetricsSystemImpl.java:init(158)) - HddsDatanode metrics system started (again)
2019-09-18 16:16:43,738 [org.apache.hadoop.util.JvmPauseMonitor$Monitor@2c37e384] INFO  util.JvmPauseMonitor (JvmPauseMonitor.java:run(188)) - Starting JVM pause monitor
2019-09-18 16:16:43,738 [main] INFO  ozone.HddsDatanodeService (HddsDatanodeService.java:start(184)) - HddsDatanodeService host:pr-hdds-2034-lb7qt-2171347232 ip:192.168.5.185
2019-09-18 16:16:43,739 [Datanode State Machine Thread - 0] INFO  datanode.InitDatanodeState (InitDatanodeState.java:persistContainerDatanodeDetails(140)) - DatanodeDetails is persisted to /workdir/hadoop-ozone/integration-test/target/test-dir/MiniOzoneClusterImpl-d91fdf1f-9aec-46f4-8801-046e27073747/datanode-0/meta/datanode.id
2019-09-18 16:16:43,750 [main] INFO  volume.HddsVolume (HddsVolume.java:<init>(176)) - Creating Volume: /workdir/hadoop-ozone/integration-test/target/test-dir/MiniOzoneClusterImpl-d91fdf1f-9aec-46f4-8801-046e27073747/datanode-1/data/containers/hdds of  storage type : DISK and capacity : 1482555576320
2019-09-18 16:16:43,751 [main] INFO  volume.VolumeSet (VolumeSet.java:initializeVolumeSet(170)) - Added Volume : /workdir/hadoop-ozone/integration-test/target/test-dir/MiniOzoneClusterImpl-d91fdf1f-9aec-46f4-8801-046e27073747/datanode-1/data/containers/hdds to VolumeSet
2019-09-18 16:16:43,751 [main] INFO  volume.ThrottledAsyncChecker (ThrottledAsyncChecker.java:schedule(140)) - Scheduling a check for org.apache.hadoop.ozone.container.common.volume.HddsVolume@347042e7
2019-09-18 16:16:43,751 [main] INFO  volume.HddsVolumeChecker (HddsVolumeChecker.java:checkAllVolumes(203)) - Scheduled health check for volume org.apache.hadoop.ozone.container.common.volume.HddsVolume@347042e7
2019-09-18 16:16:43,765 [main] INFO  impl.RaftServerProxy (ConfUtils.java:logGet(43)) - raft.rpc.type = GRPC (default)
2019-09-18 16:16:43,765 [main] INFO  grpc.GrpcFactory (GrpcFactory.java:checkPooledByteBufAllocatorUseCacheForAllThreads(45)) - PERFORMANCE WARNING: useCacheForAllThreads is true that may cause Netty to create a lot garbage objects and, as a result, trigger GC.
	It is recommended to disable useCacheForAllThreads by setting -Dorg.apache.ratis.thirdparty.io.netty.allocator.useCacheForAllThreads=false in command line.
2019-09-18 16:16:43,766 [main] INFO  grpc.GrpcConfigKeys$Server (ConfUtils.java:logGet(43)) - raft.grpc.server.port = 0 (default)
2019-09-18 16:16:43,766 [main] INFO  server.GrpcService (ConfUtils.java:logGet(43)) - raft.grpc.message.size.max = 33570816 (custom)
2019-09-18 16:16:43,766 [main] INFO  server.RaftServerConfigKeys (ConfUtils.java:logGet(43)) - raft.server.log.appender.buffer.byte-limit = 33554432 (custom)
2019-09-18 16:16:43,766 [main] INFO  server.GrpcService (ConfUtils.java:logGet(43)) - raft.grpc.flow.control.window = 1MB (=1048576) (default)
2019-09-18 16:16:43,766 [main] INFO  server.RaftServerConfigKeys (ConfUtils.java:logGet(43)) - raft.server.rpc.request.timeout = 3000ms (default)
2019-09-18 16:16:43,767 [main] INFO  server.RaftServerConfigKeys (ConfUtils.java:logGet(43)) - raft.server.storage.dir = [/workdir/hadoop-ozone/integration-test/target/test-dir/MiniOzoneClusterImpl-d91fdf1f-9aec-46f4-8801-046e27073747/datanode-1/data/ratis] (custom)
2019-09-18 16:16:43,767 [main] INFO  replication.SimpleContainerDownloader (SimpleContainerDownloader.java:<init>(72)) - Starting container downloader service to copy containers to replicate.
2019-09-18 16:16:43,768 [main] INFO  hdfs.DFSUtil (DFSUtil.java:httpServerTemplateForNNAndJN(1641)) - Starting Web-server for hddsDatanode at: http://0.0.0.0:0
2019-09-18 16:16:43,769 [main] INFO  server.AuthenticationFilter (AuthenticationFilter.java:constructSecretProvider(240)) - Unable to initialize FileSignerSecretProvider, falling back to use random secrets.
2019-09-18 16:16:43,769 [main] WARN  http.HttpRequestLog (HttpRequestLog.java:getRequestLog(97)) - Jetty request log can only be enabled using Log4j
2019-09-18 16:16:43,771 [main] INFO  http.HttpServer2 (HttpServer2.java:addGlobalFilter(975)) - Added global filter 'safety' (class=org.apache.hadoop.http.HttpServer2$QuotingInputFilter)
2019-09-18 16:16:43,771 [main] INFO  http.HttpServer2 (HttpServer2.java:addFilter(948)) - Added filter static_user_filter (class=org.apache.hadoop.http.lib.StaticUserWebFilter$StaticUserFilter) to context hddsDatanode
2019-09-18 16:16:43,771 [main] INFO  http.HttpServer2 (HttpServer2.java:addFilter(958)) - Added filter static_user_filter (class=org.apache.hadoop.http.lib.StaticUserWebFilter$StaticUserFilter) to context logs
2019-09-18 16:16:43,771 [main] INFO  http.HttpServer2 (HttpServer2.java:addFilter(958)) - Added filter static_user_filter (class=org.apache.hadoop.http.lib.StaticUserWebFilter$StaticUserFilter) to context static
2019-09-18 16:16:43,772 [main] INFO  http.HttpServer2 (HttpServer2.java:bindListener(1191)) - Jetty bound to port 38175
2019-09-18 16:16:43,772 [main] INFO  server.Server (Server.java:doStart(351)) - jetty-9.3.24.v20180605, build timestamp: 2018-06-05T17:11:56Z, git hash: 84205aa28f11a4f31f2a3b86d1bba2cc8ab69827
2019-09-18 16:16:43,773 [main] INFO  handler.ContextHandler (ContextHandler.java:doStart(781)) - Started o.e.j.s.ServletContextHandler@174bbe8e{/logs,file:///workdir/hadoop-ozone/integration-test/target/log,AVAILABLE}
2019-09-18 16:16:43,774 [main] INFO  handler.ContextHandler (ContextHandler.java:doStart(781)) - Started o.e.j.s.ServletContextHandler@562998d3{/static,jar:file:/home/user/.m2/repository/org/apache/hadoop/hadoop-hdds-container-service/0.5.0-SNAPSHOT/hadoop-hdds-container-service-0.5.0-SNAPSHOT.jar!/webapps/static,AVAILABLE}
2019-09-18 16:16:43,802 [main] INFO  handler.ContextHandler (ContextHandler.java:doStart(781)) - Started o.e.j.w.WebAppContext@59250335{/,file:///tmp/jetty-0.0.0.0-38175-hddsDatanode-_-any-3101394265124781090.dir/webapp/,AVAILABLE}{/hddsDatanode}
2019-09-18 16:16:43,802 [main] INFO  server.AbstractConnector (AbstractConnector.java:doStart(278)) - Started ServerConnector@109fa8e2{HTTP/1.1,[http/1.1]}{0.0.0.0:38175}
2019-09-18 16:16:43,802 [main] INFO  server.Server (Server.java:doStart(419)) - Started @659979ms
2019-09-18 16:16:43,805 [main] INFO  server.BaseHttpServer (BaseHttpServer.java:updateConnectorAddress(213)) - HTTP server of HDDSDATANODE is listening at http://0.0.0.0:38175
2019-09-18 16:16:43,924 | INFO  | ObjectStoreRestHttpServer | Listening HDDS REST traffic on /0.0.0.0:36311 |  
2019-09-18 16:16:43,924 [main] INFO  ozone.HddsDatanodeService (HddsDatanodeService.java:startPlugins(395)) - Started plug-in org.apache.hadoop.ozone.web.OzoneHddsDatanodeService@55be2608
2019-09-18 16:16:43,924 [main] INFO  impl.MetricsSystemImpl (MetricsSystemImpl.java:init(158)) - HddsDatanode metrics system started (again)
2019-09-18 16:16:43,929 [org.apache.hadoop.util.JvmPauseMonitor$Monitor@7cd2670f] INFO  util.JvmPauseMonitor (JvmPauseMonitor.java:run(188)) - Starting JVM pause monitor
2019-09-18 16:16:43,929 [main] INFO  ozone.HddsDatanodeService (HddsDatanodeService.java:start(184)) - HddsDatanodeService host:pr-hdds-2034-lb7qt-2171347232 ip:192.168.5.185
2019-09-18 16:16:43,930 [Datanode State Machine Thread - 0] INFO  datanode.InitDatanodeState (InitDatanodeState.java:persistContainerDatanodeDetails(140)) - DatanodeDetails is persisted to /workdir/hadoop-ozone/integration-test/target/test-dir/MiniOzoneClusterImpl-d91fdf1f-9aec-46f4-8801-046e27073747/datanode-1/meta/datanode.id
2019-09-18 16:16:43,943 [main] INFO  volume.HddsVolume (HddsVolume.java:<init>(176)) - Creating Volume: /workdir/hadoop-ozone/integration-test/target/test-dir/MiniOzoneClusterImpl-d91fdf1f-9aec-46f4-8801-046e27073747/datanode-2/data/containers/hdds of  storage type : DISK and capacity : 1482555576320
2019-09-18 16:16:43,944 [main] INFO  volume.VolumeSet (VolumeSet.java:initializeVolumeSet(170)) - Added Volume : /workdir/hadoop-ozone/integration-test/target/test-dir/MiniOzoneClusterImpl-d91fdf1f-9aec-46f4-8801-046e27073747/datanode-2/data/containers/hdds to VolumeSet
2019-09-18 16:16:43,944 [main] INFO  volume.ThrottledAsyncChecker (ThrottledAsyncChecker.java:schedule(140)) - Scheduling a check for org.apache.hadoop.ozone.container.common.volume.HddsVolume@2f405c13
2019-09-18 16:16:43,944 [main] INFO  volume.HddsVolumeChecker (HddsVolumeChecker.java:checkAllVolumes(203)) - Scheduled health check for volume org.apache.hadoop.ozone.container.common.volume.HddsVolume@2f405c13
2019-09-18 16:16:43,968 [main] INFO  impl.RaftServerProxy (ConfUtils.java:logGet(43)) - raft.rpc.type = GRPC (default)
2019-09-18 16:16:43,968 [main] INFO  grpc.GrpcFactory (GrpcFactory.java:checkPooledByteBufAllocatorUseCacheForAllThreads(45)) - PERFORMANCE WARNING: useCacheForAllThreads is true that may cause Netty to create a lot garbage objects and, as a result, trigger GC.
	It is recommended to disable useCacheForAllThreads by setting -Dorg.apache.ratis.thirdparty.io.netty.allocator.useCacheForAllThreads=false in command line.
2019-09-18 16:16:43,968 [main] INFO  grpc.GrpcConfigKeys$Server (ConfUtils.java:logGet(43)) - raft.grpc.server.port = 0 (default)
2019-09-18 16:16:43,968 [main] INFO  server.GrpcService (ConfUtils.java:logGet(43)) - raft.grpc.message.size.max = 33570816 (custom)
2019-09-18 16:16:43,969 [main] INFO  server.RaftServerConfigKeys (ConfUtils.java:logGet(43)) - raft.server.log.appender.buffer.byte-limit = 33554432 (custom)
2019-09-18 16:16:43,969 [main] INFO  server.GrpcService (ConfUtils.java:logGet(43)) - raft.grpc.flow.control.window = 1MB (=1048576) (default)
2019-09-18 16:16:43,969 [main] INFO  server.RaftServerConfigKeys (ConfUtils.java:logGet(43)) - raft.server.rpc.request.timeout = 3000ms (default)
2019-09-18 16:16:43,970 [main] INFO  server.RaftServerConfigKeys (ConfUtils.java:logGet(43)) - raft.server.storage.dir = [/workdir/hadoop-ozone/integration-test/target/test-dir/MiniOzoneClusterImpl-d91fdf1f-9aec-46f4-8801-046e27073747/datanode-2/data/ratis] (custom)
2019-09-18 16:16:43,970 [main] INFO  replication.SimpleContainerDownloader (SimpleContainerDownloader.java:<init>(72)) - Starting container downloader service to copy containers to replicate.
2019-09-18 16:16:43,971 [main] INFO  hdfs.DFSUtil (DFSUtil.java:httpServerTemplateForNNAndJN(1641)) - Starting Web-server for hddsDatanode at: http://0.0.0.0:0
2019-09-18 16:16:43,972 [main] INFO  server.AuthenticationFilter (AuthenticationFilter.java:constructSecretProvider(240)) - Unable to initialize FileSignerSecretProvider, falling back to use random secrets.
2019-09-18 16:16:43,973 [main] WARN  http.HttpRequestLog (HttpRequestLog.java:getRequestLog(97)) - Jetty request log can only be enabled using Log4j
2019-09-18 16:16:43,974 [main] INFO  http.HttpServer2 (HttpServer2.java:addGlobalFilter(975)) - Added global filter 'safety' (class=org.apache.hadoop.http.HttpServer2$QuotingInputFilter)
2019-09-18 16:16:43,975 [main] INFO  http.HttpServer2 (HttpServer2.java:addFilter(948)) - Added filter static_user_filter (class=org.apache.hadoop.http.lib.StaticUserWebFilter$StaticUserFilter) to context hddsDatanode
2019-09-18 16:16:43,975 [main] INFO  http.HttpServer2 (HttpServer2.java:addFilter(958)) - Added filter static_user_filter (class=org.apache.hadoop.http.lib.StaticUserWebFilter$StaticUserFilter) to context logs
2019-09-18 16:16:43,975 [main] INFO  http.HttpServer2 (HttpServer2.java:addFilter(958)) - Added filter static_user_filter (class=org.apache.hadoop.http.lib.StaticUserWebFilter$StaticUserFilter) to context static
2019-09-18 16:16:43,976 [main] INFO  http.HttpServer2 (HttpServer2.java:bindListener(1191)) - Jetty bound to port 34327
2019-09-18 16:16:43,976 [main] INFO  server.Server (Server.java:doStart(351)) - jetty-9.3.24.v20180605, build timestamp: 2018-06-05T17:11:56Z, git hash: 84205aa28f11a4f31f2a3b86d1bba2cc8ab69827
2019-09-18 16:16:43,978 [main] INFO  handler.ContextHandler (ContextHandler.java:doStart(781)) - Started o.e.j.s.ServletContextHandler@33cbd883{/logs,file:///workdir/hadoop-ozone/integration-test/target/log,AVAILABLE}
2019-09-18 16:16:43,979 [main] INFO  handler.ContextHandler (ContextHandler.java:doStart(781)) - Started o.e.j.s.ServletContextHandler@4a1a9f57{/static,jar:file:/home/user/.m2/repository/org/apache/hadoop/hadoop-hdds-container-service/0.5.0-SNAPSHOT/hadoop-hdds-container-service-0.5.0-SNAPSHOT.jar!/webapps/static,AVAILABLE}
2019-09-18 16:16:44,015 [main] INFO  handler.ContextHandler (ContextHandler.java:doStart(781)) - Started o.e.j.w.WebAppContext@2b56774b{/,file:///tmp/jetty-0.0.0.0-34327-hddsDatanode-_-any-3765099463476314490.dir/webapp/,AVAILABLE}{/hddsDatanode}
2019-09-18 16:16:44,016 [main] INFO  server.AbstractConnector (AbstractConnector.java:doStart(278)) - Started ServerConnector@27b94ed9{HTTP/1.1,[http/1.1]}{0.0.0.0:34327}
2019-09-18 16:16:44,017 [main] INFO  server.Server (Server.java:doStart(419)) - Started @660193ms
2019-09-18 16:16:44,018 [main] INFO  server.BaseHttpServer (BaseHttpServer.java:updateConnectorAddress(213)) - HTTP server of HDDSDATANODE is listening at http://0.0.0.0:34327
2019-09-18 16:16:44,137 | INFO  | ObjectStoreRestHttpServer | Listening HDDS REST traffic on /0.0.0.0:45075 |  
2019-09-18 16:16:44,137 [main] INFO  ozone.HddsDatanodeService (HddsDatanodeService.java:startPlugins(395)) - Started plug-in org.apache.hadoop.ozone.web.OzoneHddsDatanodeService@29d409e5
2019-09-18 16:16:44,137 [main] INFO  impl.MetricsSystemImpl (MetricsSystemImpl.java:init(158)) - HddsDatanode metrics system started (again)
2019-09-18 16:16:44,142 [org.apache.hadoop.util.JvmPauseMonitor$Monitor@23899df3] INFO  util.JvmPauseMonitor (JvmPauseMonitor.java:run(188)) - Starting JVM pause monitor
2019-09-18 16:16:44,142 [main] INFO  ozone.HddsDatanodeService (HddsDatanodeService.java:start(184)) - HddsDatanodeService host:pr-hdds-2034-lb7qt-2171347232 ip:192.168.5.185
2019-09-18 16:16:44,143 [Datanode State Machine Thread - 0] INFO  datanode.InitDatanodeState (InitDatanodeState.java:persistContainerDatanodeDetails(140)) - DatanodeDetails is persisted to /workdir/hadoop-ozone/integration-test/target/test-dir/MiniOzoneClusterImpl-d91fdf1f-9aec-46f4-8801-046e27073747/datanode-2/meta/datanode.id
2019-09-18 16:16:44,155 [main] INFO  volume.HddsVolume (HddsVolume.java:<init>(176)) - Creating Volume: /workdir/hadoop-ozone/integration-test/target/test-dir/MiniOzoneClusterImpl-d91fdf1f-9aec-46f4-8801-046e27073747/datanode-3/data/containers/hdds of  storage type : DISK and capacity : 1482555576320
2019-09-18 16:16:44,155 [main] INFO  volume.VolumeSet (VolumeSet.java:initializeVolumeSet(170)) - Added Volume : /workdir/hadoop-ozone/integration-test/target/test-dir/MiniOzoneClusterImpl-d91fdf1f-9aec-46f4-8801-046e27073747/datanode-3/data/containers/hdds to VolumeSet
2019-09-18 16:16:44,155 [main] INFO  volume.ThrottledAsyncChecker (ThrottledAsyncChecker.java:schedule(140)) - Scheduling a check for org.apache.hadoop.ozone.container.common.volume.HddsVolume@3610b408
2019-09-18 16:16:44,156 [main] INFO  volume.HddsVolumeChecker (HddsVolumeChecker.java:checkAllVolumes(203)) - Scheduled health check for volume org.apache.hadoop.ozone.container.common.volume.HddsVolume@3610b408
2019-09-18 16:16:44,171 [main] INFO  impl.RaftServerProxy (ConfUtils.java:logGet(43)) - raft.rpc.type = GRPC (default)
2019-09-18 16:16:44,171 [main] INFO  grpc.GrpcFactory (GrpcFactory.java:checkPooledByteBufAllocatorUseCacheForAllThreads(45)) - PERFORMANCE WARNING: useCacheForAllThreads is true that may cause Netty to create a lot garbage objects and, as a result, trigger GC.
	It is recommended to disable useCacheForAllThreads by setting -Dorg.apache.ratis.thirdparty.io.netty.allocator.useCacheForAllThreads=false in command line.
2019-09-18 16:16:44,171 [main] INFO  grpc.GrpcConfigKeys$Server (ConfUtils.java:logGet(43)) - raft.grpc.server.port = 0 (default)
2019-09-18 16:16:44,171 [main] INFO  server.GrpcService (ConfUtils.java:logGet(43)) - raft.grpc.message.size.max = 33570816 (custom)
2019-09-18 16:16:44,171 [main] INFO  server.RaftServerConfigKeys (ConfUtils.java:logGet(43)) - raft.server.log.appender.buffer.byte-limit = 33554432 (custom)
2019-09-18 16:16:44,172 [main] INFO  server.GrpcService (ConfUtils.java:logGet(43)) - raft.grpc.flow.control.window = 1MB (=1048576) (default)
2019-09-18 16:16:44,172 [main] INFO  server.RaftServerConfigKeys (ConfUtils.java:logGet(43)) - raft.server.rpc.request.timeout = 3000ms (default)
2019-09-18 16:16:44,172 [main] INFO  server.RaftServerConfigKeys (ConfUtils.java:logGet(43)) - raft.server.storage.dir = [/workdir/hadoop-ozone/integration-test/target/test-dir/MiniOzoneClusterImpl-d91fdf1f-9aec-46f4-8801-046e27073747/datanode-3/data/ratis] (custom)
2019-09-18 16:16:44,173 [main] INFO  replication.SimpleContainerDownloader (SimpleContainerDownloader.java:<init>(72)) - Starting container downloader service to copy containers to replicate.
2019-09-18 16:16:44,174 [main] INFO  hdfs.DFSUtil (DFSUtil.java:httpServerTemplateForNNAndJN(1641)) - Starting Web-server for hddsDatanode at: http://0.0.0.0:0
2019-09-18 16:16:44,175 [main] INFO  server.AuthenticationFilter (AuthenticationFilter.java:constructSecretProvider(240)) - Unable to initialize FileSignerSecretProvider, falling back to use random secrets.
2019-09-18 16:16:44,175 [main] WARN  http.HttpRequestLog (HttpRequestLog.java:getRequestLog(97)) - Jetty request log can only be enabled using Log4j
2019-09-18 16:16:44,176 [main] INFO  http.HttpServer2 (HttpServer2.java:addGlobalFilter(975)) - Added global filter 'safety' (class=org.apache.hadoop.http.HttpServer2$QuotingInputFilter)
2019-09-18 16:16:44,177 [main] INFO  http.HttpServer2 (HttpServer2.java:addFilter(948)) - Added filter static_user_filter (class=org.apache.hadoop.http.lib.StaticUserWebFilter$StaticUserFilter) to context hddsDatanode
2019-09-18 16:16:44,177 [main] INFO  http.HttpServer2 (HttpServer2.java:addFilter(958)) - Added filter static_user_filter (class=org.apache.hadoop.http.lib.StaticUserWebFilter$StaticUserFilter) to context logs
2019-09-18 16:16:44,177 [main] INFO  http.HttpServer2 (HttpServer2.java:addFilter(958)) - Added filter static_user_filter (class=org.apache.hadoop.http.lib.StaticUserWebFilter$StaticUserFilter) to context static
2019-09-18 16:16:44,178 [main] INFO  http.HttpServer2 (HttpServer2.java:bindListener(1191)) - Jetty bound to port 38183
2019-09-18 16:16:44,178 [main] INFO  server.Server (Server.java:doStart(351)) - jetty-9.3.24.v20180605, build timestamp: 2018-06-05T17:11:56Z, git hash: 84205aa28f11a4f31f2a3b86d1bba2cc8ab69827
2019-09-18 16:16:44,179 [main] INFO  handler.ContextHandler (ContextHandler.java:doStart(781)) - Started o.e.j.s.ServletContextHandler@63f38fb1{/logs,file:///workdir/hadoop-ozone/integration-test/target/log,AVAILABLE}
2019-09-18 16:16:44,180 [main] INFO  handler.ContextHandler (ContextHandler.java:doStart(781)) - Started o.e.j.s.ServletContextHandler@3412a1dd{/static,jar:file:/home/user/.m2/repository/org/apache/hadoop/hadoop-hdds-container-service/0.5.0-SNAPSHOT/hadoop-hdds-container-service-0.5.0-SNAPSHOT.jar!/webapps/static,AVAILABLE}
2019-09-18 16:16:44,209 [main] INFO  handler.ContextHandler (ContextHandler.java:doStart(781)) - Started o.e.j.w.WebAppContext@304a2c8a{/,file:///tmp/jetty-0.0.0.0-38183-hddsDatanode-_-any-7892458417233460295.dir/webapp/,AVAILABLE}{/hddsDatanode}
2019-09-18 16:16:44,209 [main] INFO  server.AbstractConnector (AbstractConnector.java:doStart(278)) - Started ServerConnector@5d98f014{HTTP/1.1,[http/1.1]}{0.0.0.0:38183}
2019-09-18 16:16:44,211 [main] INFO  server.Server (Server.java:doStart(419)) - Started @660387ms
2019-09-18 16:16:44,212 [main] INFO  server.BaseHttpServer (BaseHttpServer.java:updateConnectorAddress(213)) - HTTP server of HDDSDATANODE is listening at http://0.0.0.0:38183
2019-09-18 16:16:44,327 | INFO  | ObjectStoreRestHttpServer | Listening HDDS REST traffic on /0.0.0.0:37714 |  
2019-09-18 16:16:44,327 [main] INFO  ozone.HddsDatanodeService (HddsDatanodeService.java:startPlugins(395)) - Started plug-in org.apache.hadoop.ozone.web.OzoneHddsDatanodeService@12a16e42
2019-09-18 16:16:44,327 [main] INFO  impl.MetricsSystemImpl (MetricsSystemImpl.java:init(158)) - HddsDatanode metrics system started (again)
2019-09-18 16:16:44,333 [org.apache.hadoop.util.JvmPauseMonitor$Monitor@615d0a70] INFO  util.JvmPauseMonitor (JvmPauseMonitor.java:run(188)) - Starting JVM pause monitor
2019-09-18 16:16:44,333 [main] INFO  ozone.HddsDatanodeService (HddsDatanodeService.java:start(184)) - HddsDatanodeService host:pr-hdds-2034-lb7qt-2171347232 ip:192.168.5.185
2019-09-18 16:16:44,334 [Datanode State Machine Thread - 0] INFO  datanode.InitDatanodeState (InitDatanodeState.java:persistContainerDatanodeDetails(140)) - DatanodeDetails is persisted to /workdir/hadoop-ozone/integration-test/target/test-dir/MiniOzoneClusterImpl-d91fdf1f-9aec-46f4-8801-046e27073747/datanode-3/meta/datanode.id
2019-09-18 16:16:44,346 [main] INFO  volume.HddsVolume (HddsVolume.java:<init>(176)) - Creating Volume: /workdir/hadoop-ozone/integration-test/target/test-dir/MiniOzoneClusterImpl-d91fdf1f-9aec-46f4-8801-046e27073747/datanode-4/data/containers/hdds of  storage type : DISK and capacity : 1482555576320
2019-09-18 16:16:44,346 [main] INFO  volume.VolumeSet (VolumeSet.java:initializeVolumeSet(170)) - Added Volume : /workdir/hadoop-ozone/integration-test/target/test-dir/MiniOzoneClusterImpl-d91fdf1f-9aec-46f4-8801-046e27073747/datanode-4/data/containers/hdds to VolumeSet
2019-09-18 16:16:44,347 [main] INFO  volume.ThrottledAsyncChecker (ThrottledAsyncChecker.java:schedule(140)) - Scheduling a check for org.apache.hadoop.ozone.container.common.volume.HddsVolume@2af87d7a
2019-09-18 16:16:44,347 [main] INFO  volume.HddsVolumeChecker (HddsVolumeChecker.java:checkAllVolumes(203)) - Scheduled health check for volume org.apache.hadoop.ozone.container.common.volume.HddsVolume@2af87d7a
2019-09-18 16:16:44,361 [main] INFO  impl.RaftServerProxy (ConfUtils.java:logGet(43)) - raft.rpc.type = GRPC (default)
2019-09-18 16:16:44,361 [main] INFO  grpc.GrpcFactory (GrpcFactory.java:checkPooledByteBufAllocatorUseCacheForAllThreads(45)) - PERFORMANCE WARNING: useCacheForAllThreads is true that may cause Netty to create a lot garbage objects and, as a result, trigger GC.
	It is recommended to disable useCacheForAllThreads by setting -Dorg.apache.ratis.thirdparty.io.netty.allocator.useCacheForAllThreads=false in command line.
2019-09-18 16:16:44,361 [main] INFO  grpc.GrpcConfigKeys$Server (ConfUtils.java:logGet(43)) - raft.grpc.server.port = 0 (default)
2019-09-18 16:16:44,362 [main] INFO  server.GrpcService (ConfUtils.java:logGet(43)) - raft.grpc.message.size.max = 33570816 (custom)
2019-09-18 16:16:44,362 [main] INFO  server.RaftServerConfigKeys (ConfUtils.java:logGet(43)) - raft.server.log.appender.buffer.byte-limit = 33554432 (custom)
2019-09-18 16:16:44,362 [main] INFO  server.GrpcService (ConfUtils.java:logGet(43)) - raft.grpc.flow.control.window = 1MB (=1048576) (default)
2019-09-18 16:16:44,362 [main] INFO  server.RaftServerConfigKeys (ConfUtils.java:logGet(43)) - raft.server.rpc.request.timeout = 3000ms (default)
2019-09-18 16:16:44,362 [main] INFO  server.RaftServerConfigKeys (ConfUtils.java:logGet(43)) - raft.server.storage.dir = [/workdir/hadoop-ozone/integration-test/target/test-dir/MiniOzoneClusterImpl-d91fdf1f-9aec-46f4-8801-046e27073747/datanode-4/data/ratis] (custom)
2019-09-18 16:16:44,363 [main] INFO  replication.SimpleContainerDownloader (SimpleContainerDownloader.java:<init>(72)) - Starting container downloader service to copy containers to replicate.
2019-09-18 16:16:44,364 [main] INFO  hdfs.DFSUtil (DFSUtil.java:httpServerTemplateForNNAndJN(1641)) - Starting Web-server for hddsDatanode at: http://0.0.0.0:0
2019-09-18 16:16:44,365 [main] INFO  server.AuthenticationFilter (AuthenticationFilter.java:constructSecretProvider(240)) - Unable to initialize FileSignerSecretProvider, falling back to use random secrets.
2019-09-18 16:16:44,365 [main] WARN  http.HttpRequestLog (HttpRequestLog.java:getRequestLog(97)) - Jetty request log can only be enabled using Log4j
2019-09-18 16:16:44,366 [main] INFO  http.HttpServer2 (HttpServer2.java:addGlobalFilter(975)) - Added global filter 'safety' (class=org.apache.hadoop.http.HttpServer2$QuotingInputFilter)
2019-09-18 16:16:44,367 [main] INFO  http.HttpServer2 (HttpServer2.java:addFilter(948)) - Added filter static_user_filter (class=org.apache.hadoop.http.lib.StaticUserWebFilter$StaticUserFilter) to context hddsDatanode
2019-09-18 16:16:44,367 [main] INFO  http.HttpServer2 (HttpServer2.java:addFilter(958)) - Added filter static_user_filter (class=org.apache.hadoop.http.lib.StaticUserWebFilter$StaticUserFilter) to context logs
2019-09-18 16:16:44,367 [main] INFO  http.HttpServer2 (HttpServer2.java:addFilter(958)) - Added filter static_user_filter (class=org.apache.hadoop.http.lib.StaticUserWebFilter$StaticUserFilter) to context static
2019-09-18 16:16:44,368 [main] INFO  http.HttpServer2 (HttpServer2.java:bindListener(1191)) - Jetty bound to port 33850
2019-09-18 16:16:44,368 [main] INFO  server.Server (Server.java:doStart(351)) - jetty-9.3.24.v20180605, build timestamp: 2018-06-05T17:11:56Z, git hash: 84205aa28f11a4f31f2a3b86d1bba2cc8ab69827
2019-09-18 16:16:44,369 [main] INFO  handler.ContextHandler (ContextHandler.java:doStart(781)) - Started o.e.j.s.ServletContextHandler@6d3e720e{/logs,file:///workdir/hadoop-ozone/integration-test/target/log,AVAILABLE}
2019-09-18 16:16:44,370 [main] INFO  handler.ContextHandler (ContextHandler.java:doStart(781)) - Started o.e.j.s.ServletContextHandler@51a07eac{/static,jar:file:/home/user/.m2/repository/org/apache/hadoop/hadoop-hdds-container-service/0.5.0-SNAPSHOT/hadoop-hdds-container-service-0.5.0-SNAPSHOT.jar!/webapps/static,AVAILABLE}
2019-09-18 16:16:44,399 [main] INFO  handler.ContextHandler (ContextHandler.java:doStart(781)) - Started o.e.j.w.WebAppContext@6fc53b18{/,file:///tmp/jetty-0.0.0.0-33850-hddsDatanode-_-any-8263776735217794454.dir/webapp/,AVAILABLE}{/hddsDatanode}
2019-09-18 16:16:44,399 [main] INFO  server.AbstractConnector (AbstractConnector.java:doStart(278)) - Started ServerConnector@1cac6a4f{HTTP/1.1,[http/1.1]}{0.0.0.0:33850}
2019-09-18 16:16:44,399 [main] INFO  server.Server (Server.java:doStart(419)) - Started @660575ms
2019-09-18 16:16:44,402 [main] INFO  server.BaseHttpServer (BaseHttpServer.java:updateConnectorAddress(213)) - HTTP server of HDDSDATANODE is listening at http://0.0.0.0:33850
2019-09-18 16:16:44,514 | INFO  | ObjectStoreRestHttpServer | Listening HDDS REST traffic on /0.0.0.0:38018 |  
2019-09-18 16:16:44,514 [main] INFO  ozone.HddsDatanodeService (HddsDatanodeService.java:startPlugins(395)) - Started plug-in org.apache.hadoop.ozone.web.OzoneHddsDatanodeService@2b6d4eeb
2019-09-18 16:16:44,514 [main] INFO  impl.MetricsSystemImpl (MetricsSystemImpl.java:init(158)) - HddsDatanode metrics system started (again)
2019-09-18 16:16:44,520 [org.apache.hadoop.util.JvmPauseMonitor$Monitor@6fec1ed] INFO  util.JvmPauseMonitor (JvmPauseMonitor.java:run(188)) - Starting JVM pause monitor
2019-09-18 16:16:44,520 [main] INFO  ozone.HddsDatanodeService (HddsDatanodeService.java:start(184)) - HddsDatanodeService host:pr-hdds-2034-lb7qt-2171347232 ip:192.168.5.185
2019-09-18 16:16:44,521 [Datanode State Machine Thread - 0] INFO  datanode.InitDatanodeState (InitDatanodeState.java:persistContainerDatanodeDetails(140)) - DatanodeDetails is persisted to /workdir/hadoop-ozone/integration-test/target/test-dir/MiniOzoneClusterImpl-d91fdf1f-9aec-46f4-8801-046e27073747/datanode-4/meta/datanode.id
2019-09-18 16:16:44,533 [main] INFO  volume.HddsVolume (HddsVolume.java:<init>(176)) - Creating Volume: /workdir/hadoop-ozone/integration-test/target/test-dir/MiniOzoneClusterImpl-d91fdf1f-9aec-46f4-8801-046e27073747/datanode-5/data/containers/hdds of  storage type : DISK and capacity : 1482555576320
2019-09-18 16:16:44,533 [main] INFO  volume.VolumeSet (VolumeSet.java:initializeVolumeSet(170)) - Added Volume : /workdir/hadoop-ozone/integration-test/target/test-dir/MiniOzoneClusterImpl-d91fdf1f-9aec-46f4-8801-046e27073747/datanode-5/data/containers/hdds to VolumeSet
2019-09-18 16:16:44,533 [main] INFO  volume.ThrottledAsyncChecker (ThrottledAsyncChecker.java:schedule(140)) - Scheduling a check for org.apache.hadoop.ozone.container.common.volume.HddsVolume@763772bd
2019-09-18 16:16:44,534 [main] INFO  volume.HddsVolumeChecker (HddsVolumeChecker.java:checkAllVolumes(203)) - Scheduled health check for volume org.apache.hadoop.ozone.container.common.volume.HddsVolume@763772bd
2019-09-18 16:16:44,548 [main] INFO  impl.RaftServerProxy (ConfUtils.java:logGet(43)) - raft.rpc.type = GRPC (default)
2019-09-18 16:16:44,548 [main] INFO  grpc.GrpcFactory (GrpcFactory.java:checkPooledByteBufAllocatorUseCacheForAllThreads(45)) - PERFORMANCE WARNING: useCacheForAllThreads is true that may cause Netty to create a lot garbage objects and, as a result, trigger GC.
	It is recommended to disable useCacheForAllThreads by setting -Dorg.apache.ratis.thirdparty.io.netty.allocator.useCacheForAllThreads=false in command line.
2019-09-18 16:16:44,548 [main] INFO  grpc.GrpcConfigKeys$Server (ConfUtils.java:logGet(43)) - raft.grpc.server.port = 0 (default)
2019-09-18 16:16:44,548 [main] INFO  server.GrpcService (ConfUtils.java:logGet(43)) - raft.grpc.message.size.max = 33570816 (custom)
2019-09-18 16:16:44,548 [main] INFO  server.RaftServerConfigKeys (ConfUtils.java:logGet(43)) - raft.server.log.appender.buffer.byte-limit = 33554432 (custom)
2019-09-18 16:16:44,548 [main] INFO  server.GrpcService (ConfUtils.java:logGet(43)) - raft.grpc.flow.control.window = 1MB (=1048576) (default)
2019-09-18 16:16:44,549 [main] INFO  server.RaftServerConfigKeys (ConfUtils.java:logGet(43)) - raft.server.rpc.request.timeout = 3000ms (default)
2019-09-18 16:16:44,549 [main] INFO  server.RaftServerConfigKeys (ConfUtils.java:logGet(43)) - raft.server.storage.dir = [/workdir/hadoop-ozone/integration-test/target/test-dir/MiniOzoneClusterImpl-d91fdf1f-9aec-46f4-8801-046e27073747/datanode-5/data/ratis] (custom)
2019-09-18 16:16:44,549 [main] INFO  replication.SimpleContainerDownloader (SimpleContainerDownloader.java:<init>(72)) - Starting container downloader service to copy containers to replicate.
2019-09-18 16:16:44,550 [main] INFO  hdfs.DFSUtil (DFSUtil.java:httpServerTemplateForNNAndJN(1641)) - Starting Web-server for hddsDatanode at: http://0.0.0.0:0
2019-09-18 16:16:44,551 [main] INFO  server.AuthenticationFilter (AuthenticationFilter.java:constructSecretProvider(240)) - Unable to initialize FileSignerSecretProvider, falling back to use random secrets.
2019-09-18 16:16:44,551 [main] WARN  http.HttpRequestLog (HttpRequestLog.java:getRequestLog(97)) - Jetty request log can only be enabled using Log4j
2019-09-18 16:16:44,553 [main] INFO  http.HttpServer2 (HttpServer2.java:addGlobalFilter(975)) - Added global filter 'safety' (class=org.apache.hadoop.http.HttpServer2$QuotingInputFilter)
2019-09-18 16:16:44,553 [main] INFO  http.HttpServer2 (HttpServer2.java:addFilter(948)) - Added filter static_user_filter (class=org.apache.hadoop.http.lib.StaticUserWebFilter$StaticUserFilter) to context hddsDatanode
2019-09-18 16:16:44,553 [main] INFO  http.HttpServer2 (HttpServer2.java:addFilter(958)) - Added filter static_user_filter (class=org.apache.hadoop.http.lib.StaticUserWebFilter$StaticUserFilter) to context logs
2019-09-18 16:16:44,554 [main] INFO  http.HttpServer2 (HttpServer2.java:addFilter(958)) - Added filter static_user_filter (class=org.apache.hadoop.http.lib.StaticUserWebFilter$StaticUserFilter) to context static
2019-09-18 16:16:44,554 [main] INFO  http.HttpServer2 (HttpServer2.java:bindListener(1191)) - Jetty bound to port 45024
2019-09-18 16:16:44,555 [main] INFO  server.Server (Server.java:doStart(351)) - jetty-9.3.24.v20180605, build timestamp: 2018-06-05T17:11:56Z, git hash: 84205aa28f11a4f31f2a3b86d1bba2cc8ab69827
2019-09-18 16:16:44,557 [main] INFO  handler.ContextHandler (ContextHandler.java:doStart(781)) - Started o.e.j.s.ServletContextHandler@1c8cacce{/logs,file:///workdir/hadoop-ozone/integration-test/target/log,AVAILABLE}
2019-09-18 16:16:44,557 [main] INFO  handler.ContextHandler (ContextHandler.java:doStart(781)) - Started o.e.j.s.ServletContextHandler@687e94f2{/static,jar:file:/home/user/.m2/repository/org/apache/hadoop/hadoop-hdds-container-service/0.5.0-SNAPSHOT/hadoop-hdds-container-service-0.5.0-SNAPSHOT.jar!/webapps/static,AVAILABLE}
2019-09-18 16:16:44,591 [main] INFO  handler.ContextHandler (ContextHandler.java:doStart(781)) - Started o.e.j.w.WebAppContext@1b0c0b3e{/,file:///tmp/jetty-0.0.0.0-45024-hddsDatanode-_-any-2844365247930809560.dir/webapp/,AVAILABLE}{/hddsDatanode}
2019-09-18 16:16:44,592 [main] INFO  server.AbstractConnector (AbstractConnector.java:doStart(278)) - Started ServerConnector@2fc7698c{HTTP/1.1,[http/1.1]}{0.0.0.0:45024}
2019-09-18 16:16:44,594 [main] INFO  server.Server (Server.java:doStart(419)) - Started @660770ms
2019-09-18 16:16:44,595 [main] INFO  server.BaseHttpServer (BaseHttpServer.java:updateConnectorAddress(213)) - HTTP server of HDDSDATANODE is listening at http://0.0.0.0:45024
2019-09-18 16:16:45,099 | INFO  | ObjectStoreRestHttpServer | Listening HDDS REST traffic on /0.0.0.0:34675 |  
2019-09-18 16:16:45,099 [main] INFO  ozone.HddsDatanodeService (HddsDatanodeService.java:startPlugins(395)) - Started plug-in org.apache.hadoop.ozone.web.OzoneHddsDatanodeService@299a2968
2019-09-18 16:16:45,100 [main] INFO  impl.MetricsSystemImpl (MetricsSystemImpl.java:init(158)) - HddsDatanode metrics system started (again)
2019-09-18 16:16:45,113 [org.apache.hadoop.util.JvmPauseMonitor$Monitor@5068b341] INFO  util.JvmPauseMonitor (JvmPauseMonitor.java:run(188)) - Starting JVM pause monitor
2019-09-18 16:16:45,115 [main] INFO  ozone.HddsDatanodeService (HddsDatanodeService.java:start(184)) - HddsDatanodeService host:pr-hdds-2034-lb7qt-2171347232 ip:192.168.5.185
2019-09-18 16:16:45,116 [Datanode State Machine Thread - 0] INFO  datanode.InitDatanodeState (InitDatanodeState.java:persistContainerDatanodeDetails(140)) - DatanodeDetails is persisted to /workdir/hadoop-ozone/integration-test/target/test-dir/MiniOzoneClusterImpl-d91fdf1f-9aec-46f4-8801-046e27073747/datanode-5/meta/datanode.id
2019-09-18 16:16:45,129 [main] INFO  volume.HddsVolume (HddsVolume.java:<init>(176)) - Creating Volume: /workdir/hadoop-ozone/integration-test/target/test-dir/MiniOzoneClusterImpl-d91fdf1f-9aec-46f4-8801-046e27073747/datanode-6/data/containers/hdds of  storage type : DISK and capacity : 1482555576320
2019-09-18 16:16:45,129 [main] INFO  volume.VolumeSet (VolumeSet.java:initializeVolumeSet(170)) - Added Volume : /workdir/hadoop-ozone/integration-test/target/test-dir/MiniOzoneClusterImpl-d91fdf1f-9aec-46f4-8801-046e27073747/datanode-6/data/containers/hdds to VolumeSet
2019-09-18 16:16:45,130 [main] INFO  volume.ThrottledAsyncChecker (ThrottledAsyncChecker.java:schedule(140)) - Scheduling a check for org.apache.hadoop.ozone.container.common.volume.HddsVolume@4ce6f39e
2019-09-18 16:16:45,130 [main] INFO  volume.HddsVolumeChecker (HddsVolumeChecker.java:checkAllVolumes(203)) - Scheduled health check for volume org.apache.hadoop.ozone.container.common.volume.HddsVolume@4ce6f39e
2019-09-18 16:16:45,143 [main] INFO  impl.RaftServerProxy (ConfUtils.java:logGet(43)) - raft.rpc.type = GRPC (default)
2019-09-18 16:16:45,144 [main] INFO  grpc.GrpcFactory (GrpcFactory.java:checkPooledByteBufAllocatorUseCacheForAllThreads(45)) - PERFORMANCE WARNING: useCacheForAllThreads is true that may cause Netty to create a lot garbage objects and, as a result, trigger GC.
	It is recommended to disable useCacheForAllThreads by setting -Dorg.apache.ratis.thirdparty.io.netty.allocator.useCacheForAllThreads=false in command line.
2019-09-18 16:16:45,144 [main] INFO  grpc.GrpcConfigKeys$Server (ConfUtils.java:logGet(43)) - raft.grpc.server.port = 0 (default)
2019-09-18 16:16:45,144 [main] INFO  server.GrpcService (ConfUtils.java:logGet(43)) - raft.grpc.message.size.max = 33570816 (custom)
2019-09-18 16:16:45,144 [main] INFO  server.RaftServerConfigKeys (ConfUtils.java:logGet(43)) - raft.server.log.appender.buffer.byte-limit = 33554432 (custom)
2019-09-18 16:16:45,144 [main] INFO  server.GrpcService (ConfUtils.java:logGet(43)) - raft.grpc.flow.control.window = 1MB (=1048576) (default)
2019-09-18 16:16:45,144 [main] INFO  server.RaftServerConfigKeys (ConfUtils.java:logGet(43)) - raft.server.rpc.request.timeout = 3000ms (default)
2019-09-18 16:16:45,145 [main] INFO  server.RaftServerConfigKeys (ConfUtils.java:logGet(43)) - raft.server.storage.dir = [/workdir/hadoop-ozone/integration-test/target/test-dir/MiniOzoneClusterImpl-d91fdf1f-9aec-46f4-8801-046e27073747/datanode-6/data/ratis] (custom)
2019-09-18 16:16:45,145 [main] INFO  replication.SimpleContainerDownloader (SimpleContainerDownloader.java:<init>(72)) - Starting container downloader service to copy containers to replicate.
2019-09-18 16:16:45,146 [main] INFO  hdfs.DFSUtil (DFSUtil.java:httpServerTemplateForNNAndJN(1641)) - Starting Web-server for hddsDatanode at: http://0.0.0.0:0
2019-09-18 16:16:45,147 [main] INFO  server.AuthenticationFilter (AuthenticationFilter.java:constructSecretProvider(240)) - Unable to initialize FileSignerSecretProvider, falling back to use random secrets.
2019-09-18 16:16:45,147 [main] WARN  http.HttpRequestLog (HttpRequestLog.java:getRequestLog(97)) - Jetty request log can only be enabled using Log4j
2019-09-18 16:16:45,148 [main] INFO  http.HttpServer2 (HttpServer2.java:addGlobalFilter(975)) - Added global filter 'safety' (class=org.apache.hadoop.http.HttpServer2$QuotingInputFilter)
2019-09-18 16:16:45,149 [main] INFO  http.HttpServer2 (HttpServer2.java:addFilter(948)) - Added filter static_user_filter (class=org.apache.hadoop.http.lib.StaticUserWebFilter$StaticUserFilter) to context hddsDatanode
2019-09-18 16:16:45,149 [main] INFO  http.HttpServer2 (HttpServer2.java:addFilter(958)) - Added filter static_user_filter (class=org.apache.hadoop.http.lib.StaticUserWebFilter$StaticUserFilter) to context logs
2019-09-18 16:16:45,149 [main] INFO  http.HttpServer2 (HttpServer2.java:addFilter(958)) - Added filter static_user_filter (class=org.apache.hadoop.http.lib.StaticUserWebFilter$StaticUserFilter) to context static
2019-09-18 16:16:45,150 [main] INFO  http.HttpServer2 (HttpServer2.java:bindListener(1191)) - Jetty bound to port 37236
2019-09-18 16:16:45,150 [main] INFO  server.Server (Server.java:doStart(351)) - jetty-9.3.24.v20180605, build timestamp: 2018-06-05T17:11:56Z, git hash: 84205aa28f11a4f31f2a3b86d1bba2cc8ab69827
2019-09-18 16:16:45,151 [main] INFO  handler.ContextHandler (ContextHandler.java:doStart(781)) - Started o.e.j.s.ServletContextHandler@7ff4f301{/logs,file:///workdir/hadoop-ozone/integration-test/target/log,AVAILABLE}
2019-09-18 16:16:45,152 [main] INFO  handler.ContextHandler (ContextHandler.java:doStart(781)) - Started o.e.j.s.ServletContextHandler@464de784{/static,jar:file:/home/user/.m2/repository/org/apache/hadoop/hadoop-hdds-container-service/0.5.0-SNAPSHOT/hadoop-hdds-container-service-0.5.0-SNAPSHOT.jar!/webapps/static,AVAILABLE}
2019-09-18 16:16:45,175 [main] INFO  handler.ContextHandler (ContextHandler.java:doStart(781)) - Started o.e.j.w.WebAppContext@b8df260{/,file:///tmp/jetty-0.0.0.0-37236-hddsDatanode-_-any-6316388851685529739.dir/webapp/,AVAILABLE}{/hddsDatanode}
2019-09-18 16:16:45,175 [main] INFO  server.AbstractConnector (AbstractConnector.java:doStart(278)) - Started ServerConnector@4f1a6259{HTTP/1.1,[http/1.1]}{0.0.0.0:37236}
2019-09-18 16:16:45,175 [main] INFO  server.Server (Server.java:doStart(419)) - Started @661351ms
2019-09-18 16:16:45,178 [main] INFO  server.BaseHttpServer (BaseHttpServer.java:updateConnectorAddress(213)) - HTTP server of HDDSDATANODE is listening at http://0.0.0.0:37236
2019-09-18 16:16:45,301 | INFO  | ObjectStoreRestHttpServer | Listening HDDS REST traffic on /0.0.0.0:36314 |  
2019-09-18 16:16:45,301 [main] INFO  ozone.HddsDatanodeService (HddsDatanodeService.java:startPlugins(395)) - Started plug-in org.apache.hadoop.ozone.web.OzoneHddsDatanodeService@47fbf070
2019-09-18 16:16:45,302 [main] INFO  ozone.MiniOzoneClusterImpl (MiniOzoneClusterImpl.java:lambda$waitForClusterToBeReady$0(145)) - Waiting for nodes to be ready. Got 0 of 7 DN Heartbeats.
2019-09-18 16:16:45,302 [main] INFO  ozone.MiniOzoneClusterImpl (MiniOzoneClusterImpl.java:lambda$waitForClusterToBeReady$0(148)) - Waiting for cluster to exit safe mode
2019-09-18 16:16:45,303 [org.apache.hadoop.util.JvmPauseMonitor$Monitor@7ebf40a0] INFO  util.JvmPauseMonitor (JvmPauseMonitor.java:run(188)) - Starting JVM pause monitor
2019-09-18 16:16:45,305 [Datanode State Machine Thread - 0] INFO  datanode.InitDatanodeState (InitDatanodeState.java:persistContainerDatanodeDetails(140)) - DatanodeDetails is persisted to /workdir/hadoop-ozone/integration-test/target/test-dir/MiniOzoneClusterImpl-d91fdf1f-9aec-46f4-8801-046e27073747/datanode-6/meta/datanode.id
2019-09-18 16:16:45,746 | INFO  | SCMAudit | user=jenkins1000 | ip=192.168.5.185 | op=GET_VERSION null | ret=SUCCESS |  
2019-09-18 16:16:45,770 [Datanode State Machine Thread - 0] INFO  ozoneimpl.OzoneContainer (OzoneContainer.java:start(186)) - Attempting to start container services.
2019-09-18 16:16:45,770 [Datanode State Machine Thread - 0] INFO  ozoneimpl.OzoneContainer (OzoneContainer.java:startContainerScrub(160)) - Background container scrubber has been disabled by hdds.containerscrub.enabled
2019-09-18 16:16:45,771 [Datanode State Machine Thread - 0] INFO  ratis.XceiverServerRatis (XceiverServerRatis.java:start(404)) - Starting XceiverServerRatis 9820d8fa-8bca-4820-8d69-8b9d38bc65eb at port 0
2019-09-18 16:16:45,777 [Datanode State Machine Thread - 0] INFO  impl.RaftServerProxy (RaftServerProxy.java:lambda$start$3(299)) - 9820d8fa-8bca-4820-8d69-8b9d38bc65eb: start RPC server
2019-09-18 16:16:45,779 [Datanode State Machine Thread - 0] INFO  server.GrpcService (GrpcService.java:startImpl(149)) - 9820d8fa-8bca-4820-8d69-8b9d38bc65eb: GrpcService started, listening on 0.0.0.0/0.0.0.0:40987
2019-09-18 16:16:45,779 [Datanode State Machine Thread - 0] INFO  ratis.XceiverServerRatis (XceiverServerRatis.java:start(414)) - XceiverServerRatis 9820d8fa-8bca-4820-8d69-8b9d38bc65eb is started using port 40987
2019-09-18 16:16:45,779 [Datanode State Machine Thread - 0] INFO  server.XceiverServerGrpc (XceiverServerGrpc.java:start(163)) - XceiverServerGrpc 9820d8fa-8bca-4820-8d69-8b9d38bc65eb is started using port 39147
2019-09-18 16:16:45,930 | INFO  | SCMAudit | user=jenkins1000 | ip=192.168.5.185 | op=GET_VERSION null | ret=SUCCESS |  
2019-09-18 16:16:45,955 [Datanode State Machine Thread - 0] INFO  ozoneimpl.OzoneContainer (OzoneContainer.java:start(186)) - Attempting to start container services.
2019-09-18 16:16:45,955 [Datanode State Machine Thread - 0] INFO  ozoneimpl.OzoneContainer (OzoneContainer.java:startContainerScrub(160)) - Background container scrubber has been disabled by hdds.containerscrub.enabled
2019-09-18 16:16:45,955 [Datanode State Machine Thread - 0] INFO  ratis.XceiverServerRatis (XceiverServerRatis.java:start(404)) - Starting XceiverServerRatis 13430010-64c6-461b-bbc0-84bbac937742 at port 0
2019-09-18 16:16:45,963 [Datanode State Machine Thread - 0] INFO  impl.RaftServerProxy (RaftServerProxy.java:lambda$start$3(299)) - 13430010-64c6-461b-bbc0-84bbac937742: start RPC server
2019-09-18 16:16:45,964 [Datanode State Machine Thread - 0] INFO  server.GrpcService (GrpcService.java:startImpl(149)) - 13430010-64c6-461b-bbc0-84bbac937742: GrpcService started, listening on 0.0.0.0/0.0.0.0:32961
2019-09-18 16:16:45,964 [Datanode State Machine Thread - 0] INFO  ratis.XceiverServerRatis (XceiverServerRatis.java:start(414)) - XceiverServerRatis 13430010-64c6-461b-bbc0-84bbac937742 is started using port 32961
2019-09-18 16:16:45,975 [Datanode State Machine Thread - 0] INFO  server.XceiverServerGrpc (XceiverServerGrpc.java:start(163)) - XceiverServerGrpc 13430010-64c6-461b-bbc0-84bbac937742 is started using port 37484
2019-09-18 16:16:46,143 | INFO  | SCMAudit | user=jenkins1000 | ip=192.168.5.185 | op=GET_VERSION null | ret=SUCCESS |  
2019-09-18 16:16:46,162 [Datanode State Machine Thread - 0] INFO  ozoneimpl.OzoneContainer (OzoneContainer.java:start(186)) - Attempting to start container services.
2019-09-18 16:16:46,162 [Datanode State Machine Thread - 0] INFO  ozoneimpl.OzoneContainer (OzoneContainer.java:startContainerScrub(160)) - Background container scrubber has been disabled by hdds.containerscrub.enabled
2019-09-18 16:16:46,163 [Datanode State Machine Thread - 0] INFO  ratis.XceiverServerRatis (XceiverServerRatis.java:start(404)) - Starting XceiverServerRatis 119461de-c1ab-40a1-84fe-2d3922567ba1 at port 0
2019-09-18 16:16:46,170 [Datanode State Machine Thread - 0] INFO  impl.RaftServerProxy (RaftServerProxy.java:lambda$start$3(299)) - 119461de-c1ab-40a1-84fe-2d3922567ba1: start RPC server
2019-09-18 16:16:46,171 [Datanode State Machine Thread - 0] INFO  server.GrpcService (GrpcService.java:startImpl(149)) - 119461de-c1ab-40a1-84fe-2d3922567ba1: GrpcService started, listening on 0.0.0.0/0.0.0.0:34290
2019-09-18 16:16:46,171 [Datanode State Machine Thread - 0] INFO  ratis.XceiverServerRatis (XceiverServerRatis.java:start(414)) - XceiverServerRatis 119461de-c1ab-40a1-84fe-2d3922567ba1 is started using port 34290
2019-09-18 16:16:46,180 [Datanode State Machine Thread - 0] INFO  server.XceiverServerGrpc (XceiverServerGrpc.java:start(163)) - XceiverServerGrpc 119461de-c1ab-40a1-84fe-2d3922567ba1 is started using port 46655
2019-09-18 16:16:46,302 [main] INFO  ozone.MiniOzoneClusterImpl (MiniOzoneClusterImpl.java:lambda$waitForClusterToBeReady$0(145)) - Waiting for nodes to be ready. Got 0 of 7 DN Heartbeats.
2019-09-18 16:16:46,302 [main] INFO  ozone.MiniOzoneClusterImpl (MiniOzoneClusterImpl.java:lambda$waitForClusterToBeReady$0(148)) - Waiting for cluster to exit safe mode
2019-09-18 16:16:46,333 | INFO  | SCMAudit | user=jenkins1000 | ip=192.168.5.185 | op=GET_VERSION null | ret=SUCCESS |  
2019-09-18 16:16:46,362 [Datanode State Machine Thread - 0] INFO  ozoneimpl.OzoneContainer (OzoneContainer.java:start(186)) - Attempting to start container services.
2019-09-18 16:16:46,362 [Datanode State Machine Thread - 0] INFO  ozoneimpl.OzoneContainer (OzoneContainer.java:startContainerScrub(160)) - Background container scrubber has been disabled by hdds.containerscrub.enabled
2019-09-18 16:16:46,362 [Datanode State Machine Thread - 0] INFO  ratis.XceiverServerRatis (XceiverServerRatis.java:start(404)) - Starting XceiverServerRatis 17ef1155-4979-4874-bb40-cb4e4583a7bb at port 0
2019-09-18 16:16:46,370 [Datanode State Machine Thread - 0] INFO  impl.RaftServerProxy (RaftServerProxy.java:lambda$start$3(299)) - 17ef1155-4979-4874-bb40-cb4e4583a7bb: start RPC server
2019-09-18 16:16:46,371 [Datanode State Machine Thread - 0] INFO  server.GrpcService (GrpcService.java:startImpl(149)) - 17ef1155-4979-4874-bb40-cb4e4583a7bb: GrpcService started, listening on 0.0.0.0/0.0.0.0:33020
2019-09-18 16:16:46,371 [Datanode State Machine Thread - 0] INFO  ratis.XceiverServerRatis (XceiverServerRatis.java:start(414)) - XceiverServerRatis 17ef1155-4979-4874-bb40-cb4e4583a7bb is started using port 33020
2019-09-18 16:16:46,372 [Datanode State Machine Thread - 0] INFO  server.XceiverServerGrpc (XceiverServerGrpc.java:start(163)) - XceiverServerGrpc 17ef1155-4979-4874-bb40-cb4e4583a7bb is started using port 41934
2019-09-18 16:16:46,520 | INFO  | SCMAudit | user=jenkins1000 | ip=192.168.5.185 | op=GET_VERSION null | ret=SUCCESS |  
2019-09-18 16:16:46,548 [Datanode State Machine Thread - 0] INFO  ozoneimpl.OzoneContainer (OzoneContainer.java:start(186)) - Attempting to start container services.
2019-09-18 16:16:46,548 [Datanode State Machine Thread - 0] INFO  ozoneimpl.OzoneContainer (OzoneContainer.java:startContainerScrub(160)) - Background container scrubber has been disabled by hdds.containerscrub.enabled
2019-09-18 16:16:46,548 [Datanode State Machine Thread - 0] INFO  ratis.XceiverServerRatis (XceiverServerRatis.java:start(404)) - Starting XceiverServerRatis 555b68d4-2424-4ceb-b9ea-24caa74dd18d at port 0
2019-09-18 16:16:46,556 [Datanode State Machine Thread - 0] INFO  impl.RaftServerProxy (RaftServerProxy.java:lambda$start$3(299)) - 555b68d4-2424-4ceb-b9ea-24caa74dd18d: start RPC server
2019-09-18 16:16:46,557 [Datanode State Machine Thread - 0] INFO  server.GrpcService (GrpcService.java:startImpl(149)) - 555b68d4-2424-4ceb-b9ea-24caa74dd18d: GrpcService started, listening on 0.0.0.0/0.0.0.0:39269
2019-09-18 16:16:46,557 [Datanode State Machine Thread - 0] INFO  ratis.XceiverServerRatis (XceiverServerRatis.java:start(414)) - XceiverServerRatis 555b68d4-2424-4ceb-b9ea-24caa74dd18d is started using port 39269
2019-09-18 16:16:46,558 [Datanode State Machine Thread - 0] INFO  server.XceiverServerGrpc (XceiverServerGrpc.java:start(163)) - XceiverServerGrpc 555b68d4-2424-4ceb-b9ea-24caa74dd18d is started using port 40584
2019-09-18 16:16:47,112 | INFO  | SCMAudit | user=jenkins1000 | ip=192.168.5.185 | op=GET_VERSION null | ret=SUCCESS |  
2019-09-18 16:16:47,143 [Datanode State Machine Thread - 0] INFO  ozoneimpl.OzoneContainer (OzoneContainer.java:start(186)) - Attempting to start container services.
2019-09-18 16:16:47,144 [Datanode State Machine Thread - 0] INFO  ozoneimpl.OzoneContainer (OzoneContainer.java:startContainerScrub(160)) - Background container scrubber has been disabled by hdds.containerscrub.enabled
2019-09-18 16:16:47,144 [Datanode State Machine Thread - 0] INFO  ratis.XceiverServerRatis (XceiverServerRatis.java:start(404)) - Starting XceiverServerRatis 2423363d-8469-460a-b110-ac84e5495342 at port 0
2019-09-18 16:16:47,151 [Datanode State Machine Thread - 0] INFO  impl.RaftServerProxy (RaftServerProxy.java:lambda$start$3(299)) - 2423363d-8469-460a-b110-ac84e5495342: start RPC server
2019-09-18 16:16:47,157 [Datanode State Machine Thread - 0] INFO  server.GrpcService (GrpcService.java:startImpl(149)) - 2423363d-8469-460a-b110-ac84e5495342: GrpcService started, listening on 0.0.0.0/0.0.0.0:43904
2019-09-18 16:16:47,158 [Datanode State Machine Thread - 0] INFO  ratis.XceiverServerRatis (XceiverServerRatis.java:start(414)) - XceiverServerRatis 2423363d-8469-460a-b110-ac84e5495342 is started using port 43904
2019-09-18 16:16:47,163 [Datanode State Machine Thread - 0] INFO  server.XceiverServerGrpc (XceiverServerGrpc.java:start(163)) - XceiverServerGrpc 2423363d-8469-460a-b110-ac84e5495342 is started using port 45238
2019-09-18 16:16:47,303 | INFO  | SCMAudit | user=jenkins1000 | ip=192.168.5.185 | op=GET_VERSION null | ret=SUCCESS |  
2019-09-18 16:16:47,303 [main] INFO  ozone.MiniOzoneClusterImpl (MiniOzoneClusterImpl.java:lambda$waitForClusterToBeReady$0(145)) - Waiting for nodes to be ready. Got 0 of 7 DN Heartbeats.
2019-09-18 16:16:47,303 [main] INFO  ozone.MiniOzoneClusterImpl (MiniOzoneClusterImpl.java:lambda$waitForClusterToBeReady$0(148)) - Waiting for cluster to exit safe mode
2019-09-18 16:16:47,353 [Datanode State Machine Thread - 0] INFO  ozoneimpl.OzoneContainer (OzoneContainer.java:start(186)) - Attempting to start container services.
2019-09-18 16:16:47,353 [Datanode State Machine Thread - 0] INFO  ozoneimpl.OzoneContainer (OzoneContainer.java:startContainerScrub(160)) - Background container scrubber has been disabled by hdds.containerscrub.enabled
2019-09-18 16:16:47,353 [Datanode State Machine Thread - 0] INFO  ratis.XceiverServerRatis (XceiverServerRatis.java:start(404)) - Starting XceiverServerRatis 9f06f9a1-0ee8-4e87-9cd3-431ea6fb3977 at port 0
2019-09-18 16:16:47,361 [Datanode State Machine Thread - 0] INFO  impl.RaftServerProxy (RaftServerProxy.java:lambda$start$3(299)) - 9f06f9a1-0ee8-4e87-9cd3-431ea6fb3977: start RPC server
2019-09-18 16:16:47,365 [Datanode State Machine Thread - 0] INFO  server.GrpcService (GrpcService.java:startImpl(149)) - 9f06f9a1-0ee8-4e87-9cd3-431ea6fb3977: GrpcService started, listening on 0.0.0.0/0.0.0.0:42408
2019-09-18 16:16:47,365 [Datanode State Machine Thread - 0] INFO  ratis.XceiverServerRatis (XceiverServerRatis.java:start(414)) - XceiverServerRatis 9f06f9a1-0ee8-4e87-9cd3-431ea6fb3977 is started using port 42408
2019-09-18 16:16:47,365 [Datanode State Machine Thread - 0] INFO  server.XceiverServerGrpc (XceiverServerGrpc.java:start(163)) - XceiverServerGrpc 9f06f9a1-0ee8-4e87-9cd3-431ea6fb3977 is started using port 37775
2019-09-18 16:16:47,755 [IPC Server handler 1 on 43668] INFO  net.NetworkTopology (NetworkTopologyImpl.java:add(110)) - Added a new node: /default-rack/9820d8fa-8bca-4820-8d69-8b9d38bc65eb
2019-09-18 16:16:47,755 [IPC Server handler 1 on 43668] INFO  node.SCMNodeManager (SCMNodeManager.java:register(273)) - Registered Data node : 9820d8fa-8bca-4820-8d69-8b9d38bc65eb{ip: 192.168.5.185, host: pr-hdds-2034-lb7qt-2171347232, networkLocation: /default-rack, certSerialId: null}
2019-09-18 16:16:47,755 [RatisPipelineUtilsThread] INFO  pipeline.RatisPipelineProvider (RatisPipelineProvider.java:lambda$create$4(164)) - Send pipeline:PipelineID=d9c4cb00-11f3-401b-bac1-dd53bc2e3b4c create command to datanode 9820d8fa-8bca-4820-8d69-8b9d38bc65eb
2019-09-18 16:16:47,756 [EventQueue-NodeRegistrationContainerReportForDataNodeSafeModeRule] INFO  safemode.SCMSafeModeManager (DataNodeSafeModeRule.java:process(71)) - SCM in safe mode. 1 DataNodes registered, 1 required.
2019-09-18 16:16:47,759 | INFO  | SCMAudit | user=jenkins1000 | ip=192.168.5.185 | op=REGISTER {datanodeDetails=9820d8fa-8bca-4820-8d69-8b9d38bc65eb{ip: 192.168.5.185, host: pr-hdds-2034-lb7qt-2171347232, networkLocation: /default-rack, certSerialId: null}} | ret=SUCCESS |  
2019-09-18 16:16:47,930 [IPC Server handler 4 on 43668] INFO  net.NetworkTopology (NetworkTopologyImpl.java:add(110)) - Added a new node: /default-rack/13430010-64c6-461b-bbc0-84bbac937742
2019-09-18 16:16:47,931 [IPC Server handler 4 on 43668] INFO  node.SCMNodeManager (SCMNodeManager.java:register(273)) - Registered Data node : 13430010-64c6-461b-bbc0-84bbac937742{ip: 192.168.5.185, host: pr-hdds-2034-lb7qt-2171347232, networkLocation: /default-rack, certSerialId: null}
2019-09-18 16:16:47,931 | INFO  | SCMAudit | user=jenkins1000 | ip=192.168.5.185 | op=REGISTER {datanodeDetails=13430010-64c6-461b-bbc0-84bbac937742{ip: 192.168.5.185, host: pr-hdds-2034-lb7qt-2171347232, networkLocation: /default-rack, certSerialId: null}} | ret=SUCCESS |  
2019-09-18 16:16:47,931 [RatisPipelineUtilsThread] INFO  pipeline.RatisPipelineProvider (RatisPipelineProvider.java:lambda$create$4(164)) - Send pipeline:PipelineID=e0a94244-fb14-40ce-973e-128a90ff93d9 create command to datanode 13430010-64c6-461b-bbc0-84bbac937742
2019-09-18 16:16:48,144 [IPC Server handler 5 on 43668] INFO  net.NetworkTopology (NetworkTopologyImpl.java:add(110)) - Added a new node: /default-rack/119461de-c1ab-40a1-84fe-2d3922567ba1
2019-09-18 16:16:48,144 [IPC Server handler 5 on 43668] INFO  node.SCMNodeManager (SCMNodeManager.java:register(273)) - Registered Data node : 119461de-c1ab-40a1-84fe-2d3922567ba1{ip: 192.168.5.185, host: pr-hdds-2034-lb7qt-2171347232, networkLocation: /default-rack, certSerialId: null}
2019-09-18 16:16:48,144 [RatisPipelineUtilsThread] INFO  pipeline.RatisPipelineProvider (RatisPipelineProvider.java:lambda$create$4(164)) - Send pipeline:PipelineID=31c93ad6-74e4-40e6-b958-653301536840 create command to datanode 119461de-c1ab-40a1-84fe-2d3922567ba1
2019-09-18 16:16:48,145 | INFO  | SCMAudit | user=jenkins1000 | ip=192.168.5.185 | op=REGISTER {datanodeDetails=119461de-c1ab-40a1-84fe-2d3922567ba1{ip: 192.168.5.185, host: pr-hdds-2034-lb7qt-2171347232, networkLocation: /default-rack, certSerialId: null}} | ret=SUCCESS |  
2019-09-18 16:16:48,145 [RatisPipelineUtilsThread] INFO  pipeline.RatisPipelineProvider (RatisPipelineProvider.java:lambda$create$4(164)) - Send pipeline:PipelineID=7a145caf-a86e-4547-abf6-dc0ddff93b42 create command to datanode 119461de-c1ab-40a1-84fe-2d3922567ba1
2019-09-18 16:16:48,146 [RatisPipelineUtilsThread] INFO  pipeline.RatisPipelineProvider (RatisPipelineProvider.java:lambda$create$4(164)) - Send pipeline:PipelineID=7a145caf-a86e-4547-abf6-dc0ddff93b42 create command to datanode 9820d8fa-8bca-4820-8d69-8b9d38bc65eb
2019-09-18 16:16:48,146 [RatisPipelineUtilsThread] INFO  pipeline.RatisPipelineProvider (RatisPipelineProvider.java:lambda$create$4(164)) - Send pipeline:PipelineID=7a145caf-a86e-4547-abf6-dc0ddff93b42 create command to datanode 13430010-64c6-461b-bbc0-84bbac937742
2019-09-18 16:16:48,303 [main] INFO  ozone.MiniOzoneClusterImpl (MiniOzoneClusterImpl.java:lambda$waitForClusterToBeReady$0(145)) - Waiting for nodes to be ready. Got 3 of 7 DN Heartbeats.
2019-09-18 16:16:48,304 [main] INFO  ozone.MiniOzoneClusterImpl (MiniOzoneClusterImpl.java:lambda$waitForClusterToBeReady$0(148)) - Waiting for cluster to exit safe mode
2019-09-18 16:16:48,333 [IPC Server handler 0 on 43668] INFO  net.NetworkTopology (NetworkTopologyImpl.java:add(110)) - Added a new node: /default-rack/17ef1155-4979-4874-bb40-cb4e4583a7bb
2019-09-18 16:16:48,333 [IPC Server handler 0 on 43668] INFO  node.SCMNodeManager (SCMNodeManager.java:register(273)) - Registered Data node : 17ef1155-4979-4874-bb40-cb4e4583a7bb{ip: 192.168.5.185, host: pr-hdds-2034-lb7qt-2171347232, networkLocation: /default-rack, certSerialId: null}
2019-09-18 16:16:48,336 | INFO  | SCMAudit | user=jenkins1000 | ip=192.168.5.185 | op=REGISTER {datanodeDetails=17ef1155-4979-4874-bb40-cb4e4583a7bb{ip: 192.168.5.185, host: pr-hdds-2034-lb7qt-2171347232, networkLocation: /default-rack, certSerialId: null}} | ret=SUCCESS |  
2019-09-18 16:16:48,336 [RatisPipelineUtilsThread] INFO  pipeline.RatisPipelineProvider (RatisPipelineProvider.java:lambda$create$4(164)) - Send pipeline:PipelineID=54e34dc3-7651-490e-9831-87c2aada54c6 create command to datanode 17ef1155-4979-4874-bb40-cb4e4583a7bb
2019-09-18 16:16:48,520 [IPC Server handler 2 on 43668] INFO  net.NetworkTopology (NetworkTopologyImpl.java:add(110)) - Added a new node: /default-rack/555b68d4-2424-4ceb-b9ea-24caa74dd18d
2019-09-18 16:16:48,521 [IPC Server handler 2 on 43668] INFO  node.SCMNodeManager (SCMNodeManager.java:register(273)) - Registered Data node : 555b68d4-2424-4ceb-b9ea-24caa74dd18d{ip: 192.168.5.185, host: pr-hdds-2034-lb7qt-2171347232, networkLocation: /default-rack, certSerialId: null}
2019-09-18 16:16:48,521 | INFO  | SCMAudit | user=jenkins1000 | ip=192.168.5.185 | op=REGISTER {datanodeDetails=555b68d4-2424-4ceb-b9ea-24caa74dd18d{ip: 192.168.5.185, host: pr-hdds-2034-lb7qt-2171347232, networkLocation: /default-rack, certSerialId: null}} | ret=SUCCESS |  
2019-09-18 16:16:48,521 [RatisPipelineUtilsThread] INFO  pipeline.RatisPipelineProvider (RatisPipelineProvider.java:lambda$create$4(164)) - Send pipeline:PipelineID=d2486939-b73a-4508-bc0f-8963e2007a88 create command to datanode 555b68d4-2424-4ceb-b9ea-24caa74dd18d
2019-09-18 16:16:49,112 [IPC Server handler 5 on 43668] INFO  net.NetworkTopology (NetworkTopologyImpl.java:add(110)) - Added a new node: /default-rack/2423363d-8469-460a-b110-ac84e5495342
2019-09-18 16:16:49,113 [IPC Server handler 5 on 43668] INFO  node.SCMNodeManager (SCMNodeManager.java:register(273)) - Registered Data node : 2423363d-8469-460a-b110-ac84e5495342{ip: 192.168.5.185, host: pr-hdds-2034-lb7qt-2171347232, networkLocation: /default-rack, certSerialId: null}
2019-09-18 16:16:49,113 | INFO  | SCMAudit | user=jenkins1000 | ip=192.168.5.185 | op=REGISTER {datanodeDetails=2423363d-8469-460a-b110-ac84e5495342{ip: 192.168.5.185, host: pr-hdds-2034-lb7qt-2171347232, networkLocation: /default-rack, certSerialId: null}} | ret=SUCCESS |  
2019-09-18 16:16:49,113 [RatisPipelineUtilsThread] INFO  pipeline.RatisPipelineProvider (RatisPipelineProvider.java:lambda$create$4(164)) - Send pipeline:PipelineID=a84d5242-aab0-4365-a049-bc49007da6a4 create command to datanode 2423363d-8469-460a-b110-ac84e5495342
2019-09-18 16:16:49,114 [RatisPipelineUtilsThread] INFO  pipeline.RatisPipelineProvider (RatisPipelineProvider.java:lambda$create$4(164)) - Send pipeline:PipelineID=0f6b5feb-767a-41f7-9caf-eabd82dc7ab2 create command to datanode 555b68d4-2424-4ceb-b9ea-24caa74dd18d
2019-09-18 16:16:49,114 [RatisPipelineUtilsThread] INFO  pipeline.RatisPipelineProvider (RatisPipelineProvider.java:lambda$create$4(164)) - Send pipeline:PipelineID=0f6b5feb-767a-41f7-9caf-eabd82dc7ab2 create command to datanode 17ef1155-4979-4874-bb40-cb4e4583a7bb
2019-09-18 16:16:49,114 [RatisPipelineUtilsThread] INFO  pipeline.RatisPipelineProvider (RatisPipelineProvider.java:lambda$create$4(164)) - Send pipeline:PipelineID=0f6b5feb-767a-41f7-9caf-eabd82dc7ab2 create command to datanode 2423363d-8469-460a-b110-ac84e5495342
2019-09-18 16:16:49,304 [main] INFO  ozone.MiniOzoneClusterImpl (MiniOzoneClusterImpl.java:lambda$waitForClusterToBeReady$0(145)) - Waiting for nodes to be ready. Got 6 of 7 DN Heartbeats.
2019-09-18 16:16:49,304 [main] INFO  ozone.MiniOzoneClusterImpl (MiniOzoneClusterImpl.java:lambda$waitForClusterToBeReady$0(148)) - Waiting for cluster to exit safe mode
2019-09-18 16:16:49,305 [IPC Server handler 6 on 43668] INFO  net.NetworkTopology (NetworkTopologyImpl.java:add(110)) - Added a new node: /default-rack/9f06f9a1-0ee8-4e87-9cd3-431ea6fb3977
2019-09-18 16:16:49,305 [IPC Server handler 6 on 43668] INFO  node.SCMNodeManager (SCMNodeManager.java:register(273)) - Registered Data node : 9f06f9a1-0ee8-4e87-9cd3-431ea6fb3977{ip: 192.168.5.185, host: pr-hdds-2034-lb7qt-2171347232, networkLocation: /default-rack, certSerialId: null}
2019-09-18 16:16:49,305 [RatisPipelineUtilsThread] INFO  pipeline.RatisPipelineProvider (RatisPipelineProvider.java:lambda$create$4(164)) - Send pipeline:PipelineID=35278954-9c47-474e-a9b0-015500aa4c0b create command to datanode 9f06f9a1-0ee8-4e87-9cd3-431ea6fb3977
2019-09-18 16:16:49,305 | INFO  | SCMAudit | user=jenkins1000 | ip=192.168.5.185 | op=REGISTER {datanodeDetails=9f06f9a1-0ee8-4e87-9cd3-431ea6fb3977{ip: 192.168.5.185, host: pr-hdds-2034-lb7qt-2171347232, networkLocation: /default-rack, certSerialId: null}} | ret=SUCCESS |  
2019-09-18 16:16:49,743 | INFO  | SCMAudit | user=jenkins1000 | ip=192.168.5.185 | op=SEND_HEARTBEAT {datanodeUUID=9820d8fa-8bca-4820-8d69-8b9d38bc65eb, command=[commandType: createPipelineCommand createPipelineCommandProto { pipelineID { id: "d9c4cb00-11f3-401b-bac1-dd53bc2e3b4c" } type: RATIS factor: ONE datanode { uuid: "9820d8fa-8bca-4820-8d69-8b9d38bc65eb" ipAddress: "192.168.5.185" hostName: "pr-hdds-2034-lb7qt-2171347232" ports { name: "REST" value: 41606 } ports { name: "RATIS" value: 40987 } ports { name: "STANDALONE" value: 39147 } networkName: "9820d8fa-8bca-4820-8d69-8b9d38bc65eb" networkLocation: "/default-rack" } cmdId: 1568822755288 } , commandType: createPipelineCommand createPipelineCommandProto { pipelineID { id: "7a145caf-a86e-4547-abf6-dc0ddff93b42" } type: RATIS factor: THREE datanode { uuid: "119461de-c1ab-40a1-84fe-2d3922567ba1" ipAddress: "192.168.5.185" hostName: "pr-hdds-2034-lb7qt-2171347232" ports { name: "REST" value: 45075 } ports { name: "RATIS" value: 34290 } ports { name: "STANDALONE" value: 46655 } networkName: "119461de-c1ab-40a1-84fe-2d3922567ba1" networkLocation: "/default-rack" } datanode { uuid: "9820d8fa-8bca-4820-8d69-8b9d38bc65eb" ipAddress: "192.168.5.185" hostName: "pr-hdds-2034-lb7qt-2171347232" ports { name: "REST" value: 41606 } ports { name: "RATIS" value: 40987 } ports { name: "STANDALONE" value: 39147 } networkName: "9820d8fa-8bca-4820-8d69-8b9d38bc65eb" networkLocation: "/default-rack" } datanode { uuid: "13430010-64c6-461b-bbc0-84bbac937742" ipAddress: "192.168.5.185" hostName: "pr-hdds-2034-lb7qt-2171347232" ports { name: "REST" value: 36311 } ports { name: "RATIS" value: 32961 } ports { name: "STANDALONE" value: 37484 } networkName: "13430010-64c6-461b-bbc0-84bbac937742" networkLocation: "/default-rack" } cmdId: 1568822755291 } ]} | ret=SUCCESS |  
2019-09-18 16:16:49,931 | INFO  | SCMAudit | user=jenkins1000 | ip=192.168.5.185 | op=SEND_HEARTBEAT {datanodeUUID=13430010-64c6-461b-bbc0-84bbac937742, command=[commandType: createPipelineCommand createPipelineCommandProto { pipelineID { id: "e0a94244-fb14-40ce-973e-128a90ff93d9" } type: RATIS factor: ONE datanode { uuid: "13430010-64c6-461b-bbc0-84bbac937742" ipAddress: "192.168.5.185" hostName: "pr-hdds-2034-lb7qt-2171347232" ports { name: "REST" value: 36311 } ports { name: "RATIS" value: 32961 } ports { name: "STANDALONE" value: 37484 } networkName: "13430010-64c6-461b-bbc0-84bbac937742" networkLocation: "/default-rack" } cmdId: 1568822755289 } , commandType: createPipelineCommand createPipelineCommandProto { pipelineID { id: "7a145caf-a86e-4547-abf6-dc0ddff93b42" } type: RATIS factor: THREE datanode { uuid: "119461de-c1ab-40a1-84fe-2d3922567ba1" ipAddress: "192.168.5.185" hostName: "pr-hdds-2034-lb7qt-2171347232" ports { name: "REST" value: 45075 } ports { name: "RATIS" value: 34290 } ports { name: "STANDALONE" value: 46655 } networkName: "119461de-c1ab-40a1-84fe-2d3922567ba1" networkLocation: "/default-rack" } datanode { uuid: "9820d8fa-8bca-4820-8d69-8b9d38bc65eb" ipAddress: "192.168.5.185" hostName: "pr-hdds-2034-lb7qt-2171347232" ports { name: "REST" value: 41606 } ports { name: "RATIS" value: 40987 } ports { name: "STANDALONE" value: 39147 } networkName: "9820d8fa-8bca-4820-8d69-8b9d38bc65eb" networkLocation: "/default-rack" } datanode { uuid: "13430010-64c6-461b-bbc0-84bbac937742" ipAddress: "192.168.5.185" hostName: "pr-hdds-2034-lb7qt-2171347232" ports { name: "REST" value: 36311 } ports { name: "RATIS" value: 32961 } ports { name: "STANDALONE" value: 37484 } networkName: "13430010-64c6-461b-bbc0-84bbac937742" networkLocation: "/default-rack" } cmdId: 1568822755291 } ]} | ret=SUCCESS |  
2019-09-18 16:16:50,144 | INFO  | SCMAudit | user=jenkins1000 | ip=192.168.5.185 | op=SEND_HEARTBEAT {datanodeUUID=119461de-c1ab-40a1-84fe-2d3922567ba1, command=[commandType: createPipelineCommand createPipelineCommandProto { pipelineID { id: "31c93ad6-74e4-40e6-b958-653301536840" } type: RATIS factor: ONE datanode { uuid: "119461de-c1ab-40a1-84fe-2d3922567ba1" ipAddress: "192.168.5.185" hostName: "pr-hdds-2034-lb7qt-2171347232" ports { name: "REST" value: 45075 } ports { name: "RATIS" value: 34290 } ports { name: "STANDALONE" value: 46655 } networkName: "119461de-c1ab-40a1-84fe-2d3922567ba1" networkLocation: "/default-rack" } cmdId: 1568822755290 } , commandType: createPipelineCommand createPipelineCommandProto { pipelineID { id: "7a145caf-a86e-4547-abf6-dc0ddff93b42" } type: RATIS factor: THREE datanode { uuid: "119461de-c1ab-40a1-84fe-2d3922567ba1" ipAddress: "192.168.5.185" hostName: "pr-hdds-2034-lb7qt-2171347232" ports { name: "REST" value: 45075 } ports { name: "RATIS" value: 34290 } ports { name: "STANDALONE" value: 46655 } networkName: "119461de-c1ab-40a1-84fe-2d3922567ba1" networkLocation: "/default-rack" } datanode { uuid: "9820d8fa-8bca-4820-8d69-8b9d38bc65eb" ipAddress: "192.168.5.185" hostName: "pr-hdds-2034-lb7qt-2171347232" ports { name: "REST" value: 41606 } ports { name: "RATIS" value: 40987 } ports { name: "STANDALONE" value: 39147 } networkName: "9820d8fa-8bca-4820-8d69-8b9d38bc65eb" networkLocation: "/default-rack" } datanode { uuid: "13430010-64c6-461b-bbc0-84bbac937742" ipAddress: "192.168.5.185" hostName: "pr-hdds-2034-lb7qt-2171347232" ports { name: "REST" value: 36311 } ports { name: "RATIS" value: 32961 } ports { name: "STANDALONE" value: 37484 } networkName: "13430010-64c6-461b-bbc0-84bbac937742" networkLocation: "/default-rack" } cmdId: 1568822755291 } ]} | ret=SUCCESS |  
2019-09-18 16:16:50,305 [main] INFO  ozone.MiniOzoneClusterImpl (MiniOzoneClusterImpl.java:lambda$waitForClusterToBeReady$0(145)) - Nodes are ready. Got 7 of 7 DN Heartbeats.
2019-09-18 16:16:50,305 [main] INFO  ozone.MiniOzoneClusterImpl (MiniOzoneClusterImpl.java:lambda$waitForClusterToBeReady$0(148)) - Waiting for cluster to exit safe mode
2019-09-18 16:16:50,334 | INFO  | SCMAudit | user=jenkins1000 | ip=192.168.5.185 | op=SEND_HEARTBEAT {datanodeUUID=17ef1155-4979-4874-bb40-cb4e4583a7bb, command=[commandType: createPipelineCommand createPipelineCommandProto { pipelineID { id: "54e34dc3-7651-490e-9831-87c2aada54c6" } type: RATIS factor: ONE datanode { uuid: "17ef1155-4979-4874-bb40-cb4e4583a7bb" ipAddress: "192.168.5.185" hostName: "pr-hdds-2034-lb7qt-2171347232" ports { name: "REST" value: 37714 } ports { name: "RATIS" value: 33020 } ports { name: "STANDALONE" value: 41934 } networkName: "17ef1155-4979-4874-bb40-cb4e4583a7bb" networkLocation: "/default-rack" } cmdId: 1568822755292 } , commandType: createPipelineCommand createPipelineCommandProto { pipelineID { id: "0f6b5feb-767a-41f7-9caf-eabd82dc7ab2" } type: RATIS factor: THREE datanode { uuid: "555b68d4-2424-4ceb-b9ea-24caa74dd18d" ipAddress: "192.168.5.185" hostName: "pr-hdds-2034-lb7qt-2171347232" ports { name: "REST" value: 38018 } ports { name: "RATIS" value: 39269 } ports { name: "STANDALONE" value: 40584 } networkName: "555b68d4-2424-4ceb-b9ea-24caa74dd18d" networkLocation: "/default-rack" } datanode { uuid: "17ef1155-4979-4874-bb40-cb4e4583a7bb" ipAddress: "192.168.5.185" hostName: "pr-hdds-2034-lb7qt-2171347232" ports { name: "REST" value: 37714 } ports { name: "RATIS" value: 33020 } ports { name: "STANDALONE" value: 41934 } networkName: "17ef1155-4979-4874-bb40-cb4e4583a7bb" networkLocation: "/default-rack" } datanode { uuid: "2423363d-8469-460a-b110-ac84e5495342" ipAddress: "192.168.5.185" hostName: "pr-hdds-2034-lb7qt-2171347232" ports { name: "REST" value: 34675 } ports { name: "RATIS" value: 43904 } ports { name: "STANDALONE" value: 45238 } networkName: "2423363d-8469-460a-b110-ac84e5495342" networkLocation: "/default-rack" } cmdId: 1568822755295 } ]} | ret=SUCCESS |  
2019-09-18 16:16:50,521 | INFO  | SCMAudit | user=jenkins1000 | ip=192.168.5.185 | op=SEND_HEARTBEAT {datanodeUUID=555b68d4-2424-4ceb-b9ea-24caa74dd18d, command=[commandType: createPipelineCommand createPipelineCommandProto { pipelineID { id: "d2486939-b73a-4508-bc0f-8963e2007a88" } type: RATIS factor: ONE datanode { uuid: "555b68d4-2424-4ceb-b9ea-24caa74dd18d" ipAddress: "192.168.5.185" hostName: "pr-hdds-2034-lb7qt-2171347232" ports { name: "REST" value: 38018 } ports { name: "RATIS" value: 39269 } ports { name: "STANDALONE" value: 40584 } networkName: "555b68d4-2424-4ceb-b9ea-24caa74dd18d" networkLocation: "/default-rack" } cmdId: 1568822755293 } , commandType: createPipelineCommand createPipelineCommandProto { pipelineID { id: "0f6b5feb-767a-41f7-9caf-eabd82dc7ab2" } type: RATIS factor: THREE datanode { uuid: "555b68d4-2424-4ceb-b9ea-24caa74dd18d" ipAddress: "192.168.5.185" hostName: "pr-hdds-2034-lb7qt-2171347232" ports { name: "REST" value: 38018 } ports { name: "RATIS" value: 39269 } ports { name: "STANDALONE" value: 40584 } networkName: "555b68d4-2424-4ceb-b9ea-24caa74dd18d" networkLocation: "/default-rack" } datanode { uuid: "17ef1155-4979-4874-bb40-cb4e4583a7bb" ipAddress: "192.168.5.185" hostName: "pr-hdds-2034-lb7qt-2171347232" ports { name: "REST" value: 37714 } ports { name: "RATIS" value: 33020 } ports { name: "STANDALONE" value: 41934 } networkName: "17ef1155-4979-4874-bb40-cb4e4583a7bb" networkLocation: "/default-rack" } datanode { uuid: "2423363d-8469-460a-b110-ac84e5495342" ipAddress: "192.168.5.185" hostName: "pr-hdds-2034-lb7qt-2171347232" ports { name: "REST" value: 34675 } ports { name: "RATIS" value: 43904 } ports { name: "STANDALONE" value: 45238 } networkName: "2423363d-8469-460a-b110-ac84e5495342" networkLocation: "/default-rack" } cmdId: 1568822755295 } ]} | ret=SUCCESS |  
2019-09-18 16:16:50,742 | INFO  | SCMAudit | user=jenkins1000 | ip=192.168.5.185 | op=SEND_HEARTBEAT {datanodeUUID=9820d8fa-8bca-4820-8d69-8b9d38bc65eb, command=[]} | ret=SUCCESS |  
2019-09-18 16:16:50,754 [grpc-default-executor-6] INFO  impl.RaftServerProxy (RaftServerProxy.java:addNew(89)) - 9820d8fa-8bca-4820-8d69-8b9d38bc65eb: addNew group-DD53BC2E3B4C:[9820d8fa-8bca-4820-8d69-8b9d38bc65eb:192.168.5.185:40987] returns group-DD53BC2E3B4C:java.util.concurrent.CompletableFuture@3e4239f6[Not completed]
2019-09-18 16:16:50,755 [pool-730-thread-1] INFO  impl.RaftServerImpl (RaftServerImpl.java:<init>(93)) - 9820d8fa-8bca-4820-8d69-8b9d38bc65eb: new RaftServerImpl for group-DD53BC2E3B4C:[9820d8fa-8bca-4820-8d69-8b9d38bc65eb:192.168.5.185:40987] with ContainerStateMachine:uninitialized
2019-09-18 16:16:50,755 [pool-730-thread-1] INFO  server.RaftServerConfigKeys (ConfUtils.java:logGet(43)) - raft.server.rpc.timeout.min = 5s (custom)
2019-09-18 16:16:50,756 [pool-730-thread-1] INFO  server.RaftServerConfigKeys (ConfUtils.java:logGet(43)) - raft.server.rpc.timeout.max = 5200ms (custom)
2019-09-18 16:16:50,756 [pool-730-thread-1] INFO  server.RaftServerConfigKeys (ConfUtils.java:logGet(43)) - raft.server.rpcslowness.timeout = 120s (custom)
2019-09-18 16:16:50,756 [pool-730-thread-1] INFO  server.RaftServerConfigKeys (ConfUtils.java:logGet(43)) - raft.server.sleep.deviation.threshold = 300 (default)
2019-09-18 16:16:50,756 [pool-730-thread-1] INFO  server.RaftServerConfigKeys (ConfUtils.java:logGet(43)) - raft.server.log.appender.install.snapshot.enabled = false (custom)
2019-09-18 16:16:50,756 [pool-730-thread-1] INFO  impl.RaftServerImpl (ServerState.java:<init>(105)) - 9820d8fa-8bca-4820-8d69-8b9d38bc65eb:group-DD53BC2E3B4C ConfigurationManager, init=-1: [9820d8fa-8bca-4820-8d69-8b9d38bc65eb:192.168.5.185:40987], old=null, confs=<EMPTY_MAP>
2019-09-18 16:16:50,756 [pool-730-thread-1] INFO  server.RaftServerConfigKeys (ConfUtils.java:logGet(43)) - raft.server.storage.dir = [/workdir/hadoop-ozone/integration-test/target/test-dir/MiniOzoneClusterImpl-d91fdf1f-9aec-46f4-8801-046e27073747/datanode-0/data/ratis] (custom)
2019-09-18 16:16:50,757 [pool-730-thread-1] INFO  storage.RaftStorageDirectory (RaftStorageDirectory.java:analyzeStorage(246)) - The storage directory /workdir/hadoop-ozone/integration-test/target/test-dir/MiniOzoneClusterImpl-d91fdf1f-9aec-46f4-8801-046e27073747/datanode-0/data/ratis/d9c4cb00-11f3-401b-bac1-dd53bc2e3b4c does not exist. Creating ...
2019-09-18 16:16:50,783 [pool-730-thread-1] INFO  storage.RaftStorageDirectory (RaftStorageDirectory.java:tryLock(328)) - Lock on /workdir/hadoop-ozone/integration-test/target/test-dir/MiniOzoneClusterImpl-d91fdf1f-9aec-46f4-8801-046e27073747/datanode-0/data/ratis/d9c4cb00-11f3-401b-bac1-dd53bc2e3b4c/in_use.lock acquired by nodename 28707@pr-hdds-2034-lb7qt-2171347232
2019-09-18 16:16:50,806 [pool-730-thread-1] INFO  storage.RaftStorage (RaftStorage.java:format(72)) - Storage directory /workdir/hadoop-ozone/integration-test/target/test-dir/MiniOzoneClusterImpl-d91fdf1f-9aec-46f4-8801-046e27073747/datanode-0/data/ratis/d9c4cb00-11f3-401b-bac1-dd53bc2e3b4c has been successfully formatted.
2019-09-18 16:16:50,806 [pool-730-thread-1] INFO  ratis.ContainerStateMachine (ContainerStateMachine.java:loadSnapshot(226)) - group-DD53BC2E3B4C: The snapshot info is null. Setting the last applied indexto:(t:0, i:~)
2019-09-18 16:16:50,807 [pool-730-thread-1] INFO  server.RaftServerConfigKeys (ConfUtils.java:logGet(43)) - raft.server.leader.election.timeout = 120s (custom)
2019-09-18 16:16:50,807 [pool-730-thread-1] INFO  server.RaftServerConfigKeys (ConfUtils.java:logGet(43)) - raft.server.log.use.memory = false (default)
2019-09-18 16:16:50,807 [pool-730-thread-1] INFO  server.RaftServerConfigKeys (ConfUtils.java:logGet(43)) - raft.server.log.purge.gap = 1000000 (custom)
2019-09-18 16:16:50,807 [pool-730-thread-1] INFO  server.RaftServerConfigKeys (ConfUtils.java:logGet(43)) - raft.server.log.appender.buffer.byte-limit = 33554432 (custom)
2019-09-18 16:16:50,807 [pool-730-thread-1] INFO  server.RaftServerConfigKeys (ConfUtils.java:logGet(43)) - raft.server.log.segment.size.max = 1048576 (custom)
2019-09-18 16:16:50,808 [pool-730-thread-1] INFO  server.RaftServerConfigKeys (ConfUtils.java:logGet(43)) - raft.server.log.segment.cache.num.max = 2 (custom)
2019-09-18 16:16:50,808 [pool-730-thread-1] INFO  segmented.SegmentedRaftLogWorker (SegmentedRaftLogWorker.java:<init>(172)) - new 9820d8fa-8bca-4820-8d69-8b9d38bc65eb-SegmentedRaftLogWorker:Storage Directory /workdir/hadoop-ozone/integration-test/target/test-dir/MiniOzoneClusterImpl-d91fdf1f-9aec-46f4-8801-046e27073747/datanode-0/data/ratis/d9c4cb00-11f3-401b-bac1-dd53bc2e3b4c for RaftStorage:Storage Directory /workdir/hadoop-ozone/integration-test/target/test-dir/MiniOzoneClusterImpl-d91fdf1f-9aec-46f4-8801-046e27073747/datanode-0/data/ratis/d9c4cb00-11f3-401b-bac1-dd53bc2e3b4c
2019-09-18 16:16:50,808 [pool-730-thread-1] INFO  server.RaftServerConfigKeys (ConfUtils.java:logGet(43)) - raft.server.log.queue.byte-limit = 2147483647 (custom)
2019-09-18 16:16:50,808 [pool-730-thread-1] INFO  server.RaftServerConfigKeys (ConfUtils.java:logGet(43)) - raft.server.log.queue.element-limit = 1024 (custom)
2019-09-18 16:16:50,808 [pool-730-thread-1] INFO  server.RaftServerConfigKeys (ConfUtils.java:logGet(43)) - raft.server.log.segment.size.max = 1048576 (custom)
2019-09-18 16:16:50,809 [pool-730-thread-1] INFO  server.RaftServerConfigKeys (ConfUtils.java:logGet(43)) - raft.server.log.preallocated.size = 16384 (custom)
2019-09-18 16:16:50,809 [pool-730-thread-1] INFO  server.RaftServerConfigKeys (ConfUtils.java:logGet(43)) - raft.server.log.write.buffer.size = 33554432 (custom)
2019-09-18 16:16:50,809 [pool-730-thread-1] INFO  server.RaftServerConfigKeys (ConfUtils.java:logGet(43)) - raft.server.log.force.sync.num = 128 (default)
2019-09-18 16:16:50,809 [pool-730-thread-1] INFO  server.RaftServerConfigKeys (ConfUtils.java:logGet(43)) - raft.server.log.statemachine.data.sync = true (default)
2019-09-18 16:16:50,809 [pool-730-thread-1] INFO  server.RaftServerConfigKeys (ConfUtils.java:logGet(43)) - raft.server.log.statemachine.data.sync.timeout = 10s (default)
2019-09-18 16:16:50,809 [pool-730-thread-1] INFO  server.RaftServerConfigKeys (ConfUtils.java:logGet(43)) - raft.server.log.statemachine.data.sync.timeout.retry = -1 (default)
2019-09-18 16:16:50,810 [pool-730-thread-1] INFO  server.RaftServerConfigKeys (ConfUtils.java:logGet(43)) - raft.server.log.statemachine.data.caching.enabled = true (custom)
2019-09-18 16:16:50,810 [pool-730-thread-1] INFO  segmented.SegmentedRaftLogWorker (SegmentedRaftLogWorker.java:lambda$new$0(132)) - 9820d8fa-8bca-4820-8d69-8b9d38bc65eb-SegmentedRaftLogWorker:Storage Directory /workdir/hadoop-ozone/integration-test/target/test-dir/MiniOzoneClusterImpl-d91fdf1f-9aec-46f4-8801-046e27073747/datanode-0/data/ratis/d9c4cb00-11f3-401b-bac1-dd53bc2e3b4c: flushIndex: setUnconditionally 0 -> -1
2019-09-18 16:16:50,810 [pool-730-thread-1] INFO  server.RaftServerConfigKeys (ConfUtils.java:logGet(43)) - raft.server.snapshot.auto.trigger.enabled = true (custom)
2019-09-18 16:16:50,810 [pool-730-thread-1] INFO  server.RaftServerConfigKeys (ConfUtils.java:logGet(43)) - raft.server.snapshot.auto.trigger.threshold = 10000 (custom)
2019-09-18 16:16:50,811 [pool-730-thread-1] INFO  server.RaftServerConfigKeys (ConfUtils.java:logGet(43)) - raft.server.retrycache.expirytime = 600000ms (custom)
2019-09-18 16:16:50,811 [pool-730-thread-1] INFO  impl.RaftServerImpl (RaftServerImpl.java:start(180)) - 9820d8fa-8bca-4820-8d69-8b9d38bc65eb: start group-DD53BC2E3B4C
2019-09-18 16:16:50,811 [pool-730-thread-1] INFO  impl.RaftServerImpl (RaftServerImpl.java:setRole(171)) - 9820d8fa-8bca-4820-8d69-8b9d38bc65eb:group-DD53BC2E3B4C changes role from null to FOLLOWER at term 0 for startAsFollower
2019-09-18 16:16:50,811 [pool-730-thread-1] INFO  impl.RoleInfo (RoleInfo.java:updateAndGet(143)) - 9820d8fa-8bca-4820-8d69-8b9d38bc65eb: start FollowerState
2019-09-18 16:16:50,812 [pool-730-thread-1] INFO  util.JmxRegister (JmxRegister.java:tryRegister(44)) - Successfully registered JMX Bean with object name Ratis:service=RaftServer,group=group-DD53BC2E3B4C,id=9820d8fa-8bca-4820-8d69-8b9d38bc65eb
2019-09-18 16:16:50,815 [Command processor thread] INFO  commandhandler.CreatePipelineCommandHandler (CreatePipelineCommandHandler.java:handle(112)) - Create Pipeline RATIS ONE #PipelineID=d9c4cb00-11f3-401b-bac1-dd53bc2e3b4c command succeed on datanode 9820d8fa-8bca-4820-8d69-8b9d38bc65eb.
2019-09-18 16:16:50,823 [grpc-default-executor-6] INFO  impl.RaftServerProxy (RaftServerProxy.java:addNew(89)) - 9820d8fa-8bca-4820-8d69-8b9d38bc65eb: addNew group-DC0DDFF93B42:[13430010-64c6-461b-bbc0-84bbac937742:192.168.5.185:32961, 9820d8fa-8bca-4820-8d69-8b9d38bc65eb:192.168.5.185:40987, 119461de-c1ab-40a1-84fe-2d3922567ba1:192.168.5.185:34290] returns group-DC0DDFF93B42:java.util.concurrent.CompletableFuture@79445277[Not completed]
2019-09-18 16:16:50,823 [pool-730-thread-1] INFO  impl.RaftServerImpl (RaftServerImpl.java:<init>(93)) - 9820d8fa-8bca-4820-8d69-8b9d38bc65eb: new RaftServerImpl for group-DC0DDFF93B42:[13430010-64c6-461b-bbc0-84bbac937742:192.168.5.185:32961, 9820d8fa-8bca-4820-8d69-8b9d38bc65eb:192.168.5.185:40987, 119461de-c1ab-40a1-84fe-2d3922567ba1:192.168.5.185:34290] with ContainerStateMachine:uninitialized
2019-09-18 16:16:50,824 [pool-730-thread-1] INFO  server.RaftServerConfigKeys (ConfUtils.java:logGet(43)) - raft.server.rpc.timeout.min = 5s (custom)
2019-09-18 16:16:50,824 [pool-730-thread-1] INFO  server.RaftServerConfigKeys (ConfUtils.java:logGet(43)) - raft.server.rpc.timeout.max = 5200ms (custom)
2019-09-18 16:16:50,824 [pool-730-thread-1] INFO  server.RaftServerConfigKeys (ConfUtils.java:logGet(43)) - raft.server.rpcslowness.timeout = 120s (custom)
2019-09-18 16:16:50,824 [pool-730-thread-1] INFO  server.RaftServerConfigKeys (ConfUtils.java:logGet(43)) - raft.server.sleep.deviation.threshold = 300 (default)
2019-09-18 16:16:50,824 [pool-730-thread-1] INFO  server.RaftServerConfigKeys (ConfUtils.java:logGet(43)) - raft.server.log.appender.install.snapshot.enabled = false (custom)
2019-09-18 16:16:50,824 [pool-730-thread-1] INFO  impl.RaftServerImpl (ServerState.java:<init>(105)) - 9820d8fa-8bca-4820-8d69-8b9d38bc65eb:group-DC0DDFF93B42 ConfigurationManager, init=-1: [13430010-64c6-461b-bbc0-84bbac937742:192.168.5.185:32961, 9820d8fa-8bca-4820-8d69-8b9d38bc65eb:192.168.5.185:40987, 119461de-c1ab-40a1-84fe-2d3922567ba1:192.168.5.185:34290], old=null, confs=<EMPTY_MAP>
2019-09-18 16:16:50,824 [pool-730-thread-1] INFO  server.RaftServerConfigKeys (ConfUtils.java:logGet(43)) - raft.server.storage.dir = [/workdir/hadoop-ozone/integration-test/target/test-dir/MiniOzoneClusterImpl-d91fdf1f-9aec-46f4-8801-046e27073747/datanode-0/data/ratis] (custom)
2019-09-18 16:16:50,825 [pool-730-thread-1] INFO  storage.RaftStorageDirectory (RaftStorageDirectory.java:analyzeStorage(246)) - The storage directory /workdir/hadoop-ozone/integration-test/target/test-dir/MiniOzoneClusterImpl-d91fdf1f-9aec-46f4-8801-046e27073747/datanode-0/data/ratis/7a145caf-a86e-4547-abf6-dc0ddff93b42 does not exist. Creating ...
2019-09-18 16:16:50,857 [pool-730-thread-1] INFO  storage.RaftStorageDirectory (RaftStorageDirectory.java:tryLock(328)) - Lock on /workdir/hadoop-ozone/integration-test/target/test-dir/MiniOzoneClusterImpl-d91fdf1f-9aec-46f4-8801-046e27073747/datanode-0/data/ratis/7a145caf-a86e-4547-abf6-dc0ddff93b42/in_use.lock acquired by nodename 28707@pr-hdds-2034-lb7qt-2171347232
2019-09-18 16:16:50,882 [pool-730-thread-1] INFO  storage.RaftStorage (RaftStorage.java:format(72)) - Storage directory /workdir/hadoop-ozone/integration-test/target/test-dir/MiniOzoneClusterImpl-d91fdf1f-9aec-46f4-8801-046e27073747/datanode-0/data/ratis/7a145caf-a86e-4547-abf6-dc0ddff93b42 has been successfully formatted.
2019-09-18 16:16:50,882 [pool-730-thread-1] INFO  ratis.ContainerStateMachine (ContainerStateMachine.java:loadSnapshot(226)) - group-DC0DDFF93B42: The snapshot info is null. Setting the last applied indexto:(t:0, i:~)
2019-09-18 16:16:50,882 [pool-730-thread-1] INFO  server.RaftServerConfigKeys (ConfUtils.java:logGet(43)) - raft.server.leader.election.timeout = 120s (custom)
2019-09-18 16:16:50,882 [pool-730-thread-1] INFO  server.RaftServerConfigKeys (ConfUtils.java:logGet(43)) - raft.server.log.use.memory = false (default)
2019-09-18 16:16:50,882 [pool-730-thread-1] INFO  server.RaftServerConfigKeys (ConfUtils.java:logGet(43)) - raft.server.log.purge.gap = 1000000 (custom)
2019-09-18 16:16:50,882 [pool-730-thread-1] INFO  server.RaftServerConfigKeys (ConfUtils.java:logGet(43)) - raft.server.log.appender.buffer.byte-limit = 33554432 (custom)
2019-09-18 16:16:50,883 [pool-730-thread-1] INFO  server.RaftServerConfigKeys (ConfUtils.java:logGet(43)) - raft.server.log.segment.size.max = 1048576 (custom)
2019-09-18 16:16:50,883 [pool-730-thread-1] INFO  server.RaftServerConfigKeys (ConfUtils.java:logGet(43)) - raft.server.log.segment.cache.num.max = 2 (custom)
2019-09-18 16:16:50,883 [pool-730-thread-1] INFO  segmented.SegmentedRaftLogWorker (SegmentedRaftLogWorker.java:<init>(172)) - new 9820d8fa-8bca-4820-8d69-8b9d38bc65eb-SegmentedRaftLogWorker:Storage Directory /workdir/hadoop-ozone/integration-test/target/test-dir/MiniOzoneClusterImpl-d91fdf1f-9aec-46f4-8801-046e27073747/datanode-0/data/ratis/7a145caf-a86e-4547-abf6-dc0ddff93b42 for RaftStorage:Storage Directory /workdir/hadoop-ozone/integration-test/target/test-dir/MiniOzoneClusterImpl-d91fdf1f-9aec-46f4-8801-046e27073747/datanode-0/data/ratis/7a145caf-a86e-4547-abf6-dc0ddff93b42
2019-09-18 16:16:50,883 [pool-730-thread-1] INFO  server.RaftServerConfigKeys (ConfUtils.java:logGet(43)) - raft.server.log.queue.byte-limit = 2147483647 (custom)
2019-09-18 16:16:50,883 [pool-730-thread-1] INFO  server.RaftServerConfigKeys (ConfUtils.java:logGet(43)) - raft.server.log.queue.element-limit = 1024 (custom)
2019-09-18 16:16:50,883 [pool-730-thread-1] INFO  server.RaftServerConfigKeys (ConfUtils.java:logGet(43)) - raft.server.log.segment.size.max = 1048576 (custom)
2019-09-18 16:16:50,884 [pool-730-thread-1] INFO  server.RaftServerConfigKeys (ConfUtils.java:logGet(43)) - raft.server.log.preallocated.size = 16384 (custom)
2019-09-18 16:16:50,884 [pool-730-thread-1] INFO  server.RaftServerConfigKeys (ConfUtils.java:logGet(43)) - raft.server.log.write.buffer.size = 33554432 (custom)
2019-09-18 16:16:50,884 [pool-730-thread-1] INFO  server.RaftServerConfigKeys (ConfUtils.java:logGet(43)) - raft.server.log.force.sync.num = 128 (default)
2019-09-18 16:16:50,884 [pool-730-thread-1] INFO  server.RaftServerConfigKeys (ConfUtils.java:logGet(43)) - raft.server.log.statemachine.data.sync = true (default)
2019-09-18 16:16:50,884 [pool-730-thread-1] INFO  server.RaftServerConfigKeys (ConfUtils.java:logGet(43)) - raft.server.log.statemachine.data.sync.timeout = 10s (default)
2019-09-18 16:16:50,884 [pool-730-thread-1] INFO  server.RaftServerConfigKeys (ConfUtils.java:logGet(43)) - raft.server.log.statemachine.data.sync.timeout.retry = -1 (default)
2019-09-18 16:16:50,884 [pool-730-thread-1] INFO  server.RaftServerConfigKeys (ConfUtils.java:logGet(43)) - raft.server.log.statemachine.data.caching.enabled = true (custom)
2019-09-18 16:16:50,885 [pool-730-thread-1] INFO  segmented.SegmentedRaftLogWorker (SegmentedRaftLogWorker.java:lambda$new$0(132)) - 9820d8fa-8bca-4820-8d69-8b9d38bc65eb-SegmentedRaftLogWorker:Storage Directory /workdir/hadoop-ozone/integration-test/target/test-dir/MiniOzoneClusterImpl-d91fdf1f-9aec-46f4-8801-046e27073747/datanode-0/data/ratis/7a145caf-a86e-4547-abf6-dc0ddff93b42: flushIndex: setUnconditionally 0 -> -1
2019-09-18 16:16:50,885 [pool-730-thread-1] INFO  server.RaftServerConfigKeys (ConfUtils.java:logGet(43)) - raft.server.snapshot.auto.trigger.enabled = true (custom)
2019-09-18 16:16:50,885 [pool-730-thread-1] INFO  server.RaftServerConfigKeys (ConfUtils.java:logGet(43)) - raft.server.snapshot.auto.trigger.threshold = 10000 (custom)
2019-09-18 16:16:50,885 [pool-730-thread-1] INFO  server.RaftServerConfigKeys (ConfUtils.java:logGet(43)) - raft.server.retrycache.expirytime = 600000ms (custom)
2019-09-18 16:16:50,886 [pool-730-thread-1] INFO  impl.RaftServerImpl (RaftServerImpl.java:start(180)) - 9820d8fa-8bca-4820-8d69-8b9d38bc65eb: start group-DC0DDFF93B42
2019-09-18 16:16:50,886 [pool-730-thread-1] INFO  impl.RaftServerImpl (RaftServerImpl.java:setRole(171)) - 9820d8fa-8bca-4820-8d69-8b9d38bc65eb:group-DC0DDFF93B42 changes role from null to FOLLOWER at term 0 for startAsFollower
2019-09-18 16:16:50,886 [pool-730-thread-1] INFO  impl.RoleInfo (RoleInfo.java:updateAndGet(143)) - 9820d8fa-8bca-4820-8d69-8b9d38bc65eb: start FollowerState
2019-09-18 16:16:50,886 [pool-730-thread-1] INFO  util.JmxRegister (JmxRegister.java:tryRegister(44)) - Successfully registered JMX Bean with object name Ratis:service=RaftServer,group=group-DC0DDFF93B42,id=9820d8fa-8bca-4820-8d69-8b9d38bc65eb
2019-09-18 16:16:50,888 [Command processor thread] INFO  commandhandler.CreatePipelineCommandHandler (CreatePipelineCommandHandler.java:handle(112)) - Create Pipeline RATIS THREE #PipelineID=7a145caf-a86e-4547-abf6-dc0ddff93b42 command succeed on datanode 9820d8fa-8bca-4820-8d69-8b9d38bc65eb.
2019-09-18 16:16:50,932 | INFO  | SCMAudit | user=jenkins1000 | ip=192.168.5.185 | op=SEND_HEARTBEAT {datanodeUUID=13430010-64c6-461b-bbc0-84bbac937742, command=[]} | ret=SUCCESS |  
2019-09-18 16:16:50,943 [grpc-default-executor-6] INFO  impl.RaftServerProxy (RaftServerProxy.java:addNew(89)) - 13430010-64c6-461b-bbc0-84bbac937742: addNew group-128A90FF93D9:[13430010-64c6-461b-bbc0-84bbac937742:192.168.5.185:32961] returns group-128A90FF93D9:java.util.concurrent.CompletableFuture@2a9482d8[Not completed]
2019-09-18 16:16:50,944 [pool-741-thread-1] INFO  impl.RaftServerImpl (RaftServerImpl.java:<init>(93)) - 13430010-64c6-461b-bbc0-84bbac937742: new RaftServerImpl for group-128A90FF93D9:[13430010-64c6-461b-bbc0-84bbac937742:192.168.5.185:32961] with ContainerStateMachine:uninitialized
2019-09-18 16:16:50,945 [pool-741-thread-1] INFO  server.RaftServerConfigKeys (ConfUtils.java:logGet(43)) - raft.server.rpc.timeout.min = 5s (custom)
2019-09-18 16:16:50,945 [pool-741-thread-1] INFO  server.RaftServerConfigKeys (ConfUtils.java:logGet(43)) - raft.server.rpc.timeout.max = 5200ms (custom)
2019-09-18 16:16:50,945 [pool-741-thread-1] INFO  server.RaftServerConfigKeys (ConfUtils.java:logGet(43)) - raft.server.rpcslowness.timeout = 120s (custom)
2019-09-18 16:16:50,945 [pool-741-thread-1] INFO  server.RaftServerConfigKeys (ConfUtils.java:logGet(43)) - raft.server.sleep.deviation.threshold = 300 (default)
2019-09-18 16:16:50,945 [pool-741-thread-1] INFO  server.RaftServerConfigKeys (ConfUtils.java:logGet(43)) - raft.server.log.appender.install.snapshot.enabled = false (custom)
2019-09-18 16:16:50,945 [pool-741-thread-1] INFO  impl.RaftServerImpl (ServerState.java:<init>(105)) - 13430010-64c6-461b-bbc0-84bbac937742:group-128A90FF93D9 ConfigurationManager, init=-1: [13430010-64c6-461b-bbc0-84bbac937742:192.168.5.185:32961], old=null, confs=<EMPTY_MAP>
2019-09-18 16:16:50,945 [pool-741-thread-1] INFO  server.RaftServerConfigKeys (ConfUtils.java:logGet(43)) - raft.server.storage.dir = [/workdir/hadoop-ozone/integration-test/target/test-dir/MiniOzoneClusterImpl-d91fdf1f-9aec-46f4-8801-046e27073747/datanode-1/data/ratis] (custom)
2019-09-18 16:16:50,946 [pool-741-thread-1] INFO  storage.RaftStorageDirectory (RaftStorageDirectory.java:analyzeStorage(246)) - The storage directory /workdir/hadoop-ozone/integration-test/target/test-dir/MiniOzoneClusterImpl-d91fdf1f-9aec-46f4-8801-046e27073747/datanode-1/data/ratis/e0a94244-fb14-40ce-973e-128a90ff93d9 does not exist. Creating ...
2019-09-18 16:16:50,978 [pool-741-thread-1] INFO  storage.RaftStorageDirectory (RaftStorageDirectory.java:tryLock(328)) - Lock on /workdir/hadoop-ozone/integration-test/target/test-dir/MiniOzoneClusterImpl-d91fdf1f-9aec-46f4-8801-046e27073747/datanode-1/data/ratis/e0a94244-fb14-40ce-973e-128a90ff93d9/in_use.lock acquired by nodename 28707@pr-hdds-2034-lb7qt-2171347232
2019-09-18 16:16:51,004 [pool-741-thread-1] INFO  storage.RaftStorage (RaftStorage.java:format(72)) - Storage directory /workdir/hadoop-ozone/integration-test/target/test-dir/MiniOzoneClusterImpl-d91fdf1f-9aec-46f4-8801-046e27073747/datanode-1/data/ratis/e0a94244-fb14-40ce-973e-128a90ff93d9 has been successfully formatted.
2019-09-18 16:16:51,004 [pool-741-thread-1] INFO  ratis.ContainerStateMachine (ContainerStateMachine.java:loadSnapshot(226)) - group-128A90FF93D9: The snapshot info is null. Setting the last applied indexto:(t:0, i:~)
2019-09-18 16:16:51,005 [pool-741-thread-1] INFO  server.RaftServerConfigKeys (ConfUtils.java:logGet(43)) - raft.server.leader.election.timeout = 120s (custom)
2019-09-18 16:16:51,005 [pool-741-thread-1] INFO  server.RaftServerConfigKeys (ConfUtils.java:logGet(43)) - raft.server.log.use.memory = false (default)
2019-09-18 16:16:51,005 [pool-741-thread-1] INFO  server.RaftServerConfigKeys (ConfUtils.java:logGet(43)) - raft.server.log.purge.gap = 1000000 (custom)
2019-09-18 16:16:51,005 [pool-741-thread-1] INFO  server.RaftServerConfigKeys (ConfUtils.java:logGet(43)) - raft.server.log.appender.buffer.byte-limit = 33554432 (custom)
2019-09-18 16:16:51,005 [pool-741-thread-1] INFO  server.RaftServerConfigKeys (ConfUtils.java:logGet(43)) - raft.server.log.segment.size.max = 1048576 (custom)
2019-09-18 16:16:51,006 [pool-741-thread-1] INFO  server.RaftServerConfigKeys (ConfUtils.java:logGet(43)) - raft.server.log.segment.cache.num.max = 2 (custom)
2019-09-18 16:16:51,006 [pool-741-thread-1] INFO  segmented.SegmentedRaftLogWorker (SegmentedRaftLogWorker.java:<init>(172)) - new 13430010-64c6-461b-bbc0-84bbac937742-SegmentedRaftLogWorker:Storage Directory /workdir/hadoop-ozone/integration-test/target/test-dir/MiniOzoneClusterImpl-d91fdf1f-9aec-46f4-8801-046e27073747/datanode-1/data/ratis/e0a94244-fb14-40ce-973e-128a90ff93d9 for RaftStorage:Storage Directory /workdir/hadoop-ozone/integration-test/target/test-dir/MiniOzoneClusterImpl-d91fdf1f-9aec-46f4-8801-046e27073747/datanode-1/data/ratis/e0a94244-fb14-40ce-973e-128a90ff93d9
2019-09-18 16:16:51,006 [pool-741-thread-1] INFO  server.RaftServerConfigKeys (ConfUtils.java:logGet(43)) - raft.server.log.queue.byte-limit = 2147483647 (custom)
2019-09-18 16:16:51,006 [pool-741-thread-1] INFO  server.RaftServerConfigKeys (ConfUtils.java:logGet(43)) - raft.server.log.queue.element-limit = 1024 (custom)
2019-09-18 16:16:51,007 [pool-741-thread-1] INFO  server.RaftServerConfigKeys (ConfUtils.java:logGet(43)) - raft.server.log.segment.size.max = 1048576 (custom)
2019-09-18 16:16:51,007 [pool-741-thread-1] INFO  server.RaftServerConfigKeys (ConfUtils.java:logGet(43)) - raft.server.log.preallocated.size = 16384 (custom)
2019-09-18 16:16:51,007 [pool-741-thread-1] INFO  server.RaftServerConfigKeys (ConfUtils.java:logGet(43)) - raft.server.log.write.buffer.size = 33554432 (custom)
2019-09-18 16:16:51,007 [pool-741-thread-1] INFO  server.RaftServerConfigKeys (ConfUtils.java:logGet(43)) - raft.server.log.force.sync.num = 128 (default)
2019-09-18 16:16:51,007 [pool-741-thread-1] INFO  server.RaftServerConfigKeys (ConfUtils.java:logGet(43)) - raft.server.log.statemachine.data.sync = true (default)
2019-09-18 16:16:51,007 [pool-741-thread-1] INFO  server.RaftServerConfigKeys (ConfUtils.java:logGet(43)) - raft.server.log.statemachine.data.sync.timeout = 10s (default)
2019-09-18 16:16:51,008 [pool-741-thread-1] INFO  server.RaftServerConfigKeys (ConfUtils.java:logGet(43)) - raft.server.log.statemachine.data.sync.timeout.retry = -1 (default)
2019-09-18 16:16:51,008 [pool-741-thread-1] INFO  server.RaftServerConfigKeys (ConfUtils.java:logGet(43)) - raft.server.log.statemachine.data.caching.enabled = true (custom)
2019-09-18 16:16:51,008 [pool-741-thread-1] INFO  segmented.SegmentedRaftLogWorker (SegmentedRaftLogWorker.java:lambda$new$0(132)) - 13430010-64c6-461b-bbc0-84bbac937742-SegmentedRaftLogWorker:Storage Directory /workdir/hadoop-ozone/integration-test/target/test-dir/MiniOzoneClusterImpl-d91fdf1f-9aec-46f4-8801-046e27073747/datanode-1/data/ratis/e0a94244-fb14-40ce-973e-128a90ff93d9: flushIndex: setUnconditionally 0 -> -1
2019-09-18 16:16:51,009 [pool-741-thread-1] INFO  server.RaftServerConfigKeys (ConfUtils.java:logGet(43)) - raft.server.snapshot.auto.trigger.enabled = true (custom)
2019-09-18 16:16:51,009 [pool-741-thread-1] INFO  server.RaftServerConfigKeys (ConfUtils.java:logGet(43)) - raft.server.snapshot.auto.trigger.threshold = 10000 (custom)
2019-09-18 16:16:51,009 [pool-741-thread-1] INFO  server.RaftServerConfigKeys (ConfUtils.java:logGet(43)) - raft.server.retrycache.expirytime = 600000ms (custom)
2019-09-18 16:16:51,009 [pool-741-thread-1] INFO  impl.RaftServerImpl (RaftServerImpl.java:start(180)) - 13430010-64c6-461b-bbc0-84bbac937742: start group-128A90FF93D9
2019-09-18 16:16:51,009 [pool-741-thread-1] INFO  impl.RaftServerImpl (RaftServerImpl.java:setRole(171)) - 13430010-64c6-461b-bbc0-84bbac937742:group-128A90FF93D9 changes role from null to FOLLOWER at term 0 for startAsFollower
2019-09-18 16:16:51,009 [pool-741-thread-1] INFO  impl.RoleInfo (RoleInfo.java:updateAndGet(143)) - 13430010-64c6-461b-bbc0-84bbac937742: start FollowerState
2019-09-18 16:16:51,010 [pool-741-thread-1] INFO  util.JmxRegister (JmxRegister.java:tryRegister(44)) - Successfully registered JMX Bean with object name Ratis:service=RaftServer,group=group-128A90FF93D9,id=13430010-64c6-461b-bbc0-84bbac937742
2019-09-18 16:16:51,012 [Command processor thread] INFO  commandhandler.CreatePipelineCommandHandler (CreatePipelineCommandHandler.java:handle(112)) - Create Pipeline RATIS ONE #PipelineID=e0a94244-fb14-40ce-973e-128a90ff93d9 command succeed on datanode 13430010-64c6-461b-bbc0-84bbac937742.
2019-09-18 16:16:51,019 [grpc-default-executor-6] INFO  impl.RaftServerProxy (RaftServerProxy.java:addNew(89)) - 13430010-64c6-461b-bbc0-84bbac937742: addNew group-DC0DDFF93B42:[13430010-64c6-461b-bbc0-84bbac937742:192.168.5.185:32961, 9820d8fa-8bca-4820-8d69-8b9d38bc65eb:192.168.5.185:40987, 119461de-c1ab-40a1-84fe-2d3922567ba1:192.168.5.185:34290] returns group-DC0DDFF93B42:java.util.concurrent.CompletableFuture@21e1bcc1[Not completed]
2019-09-18 16:16:51,020 [pool-741-thread-1] INFO  impl.RaftServerImpl (RaftServerImpl.java:<init>(93)) - 13430010-64c6-461b-bbc0-84bbac937742: new RaftServerImpl for group-DC0DDFF93B42:[13430010-64c6-461b-bbc0-84bbac937742:192.168.5.185:32961, 9820d8fa-8bca-4820-8d69-8b9d38bc65eb:192.168.5.185:40987, 119461de-c1ab-40a1-84fe-2d3922567ba1:192.168.5.185:34290] with ContainerStateMachine:uninitialized
2019-09-18 16:16:51,021 [pool-741-thread-1] INFO  server.RaftServerConfigKeys (ConfUtils.java:logGet(43)) - raft.server.rpc.timeout.min = 5s (custom)
2019-09-18 16:16:51,021 [pool-741-thread-1] INFO  server.RaftServerConfigKeys (ConfUtils.java:logGet(43)) - raft.server.rpc.timeout.max = 5200ms (custom)
2019-09-18 16:16:51,021 [pool-741-thread-1] INFO  server.RaftServerConfigKeys (ConfUtils.java:logGet(43)) - raft.server.rpcslowness.timeout = 120s (custom)
2019-09-18 16:16:51,021 [pool-741-thread-1] INFO  server.RaftServerConfigKeys (ConfUtils.java:logGet(43)) - raft.server.sleep.deviation.threshold = 300 (default)
2019-09-18 16:16:51,021 [pool-741-thread-1] INFO  server.RaftServerConfigKeys (ConfUtils.java:logGet(43)) - raft.server.log.appender.install.snapshot.enabled = false (custom)
2019-09-18 16:16:51,021 [pool-741-thread-1] INFO  impl.RaftServerImpl (ServerState.java:<init>(105)) - 13430010-64c6-461b-bbc0-84bbac937742:group-DC0DDFF93B42 ConfigurationManager, init=-1: [13430010-64c6-461b-bbc0-84bbac937742:192.168.5.185:32961, 9820d8fa-8bca-4820-8d69-8b9d38bc65eb:192.168.5.185:40987, 119461de-c1ab-40a1-84fe-2d3922567ba1:192.168.5.185:34290], old=null, confs=<EMPTY_MAP>
2019-09-18 16:16:51,021 [pool-741-thread-1] INFO  server.RaftServerConfigKeys (ConfUtils.java:logGet(43)) - raft.server.storage.dir = [/workdir/hadoop-ozone/integration-test/target/test-dir/MiniOzoneClusterImpl-d91fdf1f-9aec-46f4-8801-046e27073747/datanode-1/data/ratis] (custom)
2019-09-18 16:16:51,022 [pool-741-thread-1] INFO  storage.RaftStorageDirectory (RaftStorageDirectory.java:analyzeStorage(246)) - The storage directory /workdir/hadoop-ozone/integration-test/target/test-dir/MiniOzoneClusterImpl-d91fdf1f-9aec-46f4-8801-046e27073747/datanode-1/data/ratis/7a145caf-a86e-4547-abf6-dc0ddff93b42 does not exist. Creating ...
2019-09-18 16:16:51,048 [pool-741-thread-1] INFO  storage.RaftStorageDirectory (RaftStorageDirectory.java:tryLock(328)) - Lock on /workdir/hadoop-ozone/integration-test/target/test-dir/MiniOzoneClusterImpl-d91fdf1f-9aec-46f4-8801-046e27073747/datanode-1/data/ratis/7a145caf-a86e-4547-abf6-dc0ddff93b42/in_use.lock acquired by nodename 28707@pr-hdds-2034-lb7qt-2171347232
2019-09-18 16:16:51,089 [pool-741-thread-1] INFO  storage.RaftStorage (RaftStorage.java:format(72)) - Storage directory /workdir/hadoop-ozone/integration-test/target/test-dir/MiniOzoneClusterImpl-d91fdf1f-9aec-46f4-8801-046e27073747/datanode-1/data/ratis/7a145caf-a86e-4547-abf6-dc0ddff93b42 has been successfully formatted.
2019-09-18 16:16:51,089 [pool-741-thread-1] INFO  ratis.ContainerStateMachine (ContainerStateMachine.java:loadSnapshot(226)) - group-DC0DDFF93B42: The snapshot info is null. Setting the last applied indexto:(t:0, i:~)
2019-09-18 16:16:51,089 [pool-741-thread-1] INFO  server.RaftServerConfigKeys (ConfUtils.java:logGet(43)) - raft.server.leader.election.timeout = 120s (custom)
2019-09-18 16:16:51,089 [pool-741-thread-1] INFO  server.RaftServerConfigKeys (ConfUtils.java:logGet(43)) - raft.server.log.use.memory = false (default)
2019-09-18 16:16:51,089 [pool-741-thread-1] INFO  server.RaftServerConfigKeys (ConfUtils.java:logGet(43)) - raft.server.log.purge.gap = 1000000 (custom)
2019-09-18 16:16:51,090 [pool-741-thread-1] INFO  server.RaftServerConfigKeys (ConfUtils.java:logGet(43)) - raft.server.log.appender.buffer.byte-limit = 33554432 (custom)
2019-09-18 16:16:51,090 [pool-741-thread-1] INFO  server.RaftServerConfigKeys (ConfUtils.java:logGet(43)) - raft.server.log.segment.size.max = 1048576 (custom)
2019-09-18 16:16:51,090 [pool-741-thread-1] INFO  server.RaftServerConfigKeys (ConfUtils.java:logGet(43)) - raft.server.log.segment.cache.num.max = 2 (custom)
2019-09-18 16:16:51,090 [pool-741-thread-1] INFO  segmented.SegmentedRaftLogWorker (SegmentedRaftLogWorker.java:<init>(172)) - new 13430010-64c6-461b-bbc0-84bbac937742-SegmentedRaftLogWorker:Storage Directory /workdir/hadoop-ozone/integration-test/target/test-dir/MiniOzoneClusterImpl-d91fdf1f-9aec-46f4-8801-046e27073747/datanode-1/data/ratis/7a145caf-a86e-4547-abf6-dc0ddff93b42 for RaftStorage:Storage Directory /workdir/hadoop-ozone/integration-test/target/test-dir/MiniOzoneClusterImpl-d91fdf1f-9aec-46f4-8801-046e27073747/datanode-1/data/ratis/7a145caf-a86e-4547-abf6-dc0ddff93b42
2019-09-18 16:16:51,090 [pool-741-thread-1] INFO  server.RaftServerConfigKeys (ConfUtils.java:logGet(43)) - raft.server.log.queue.byte-limit = 2147483647 (custom)
2019-09-18 16:16:51,090 [pool-741-thread-1] INFO  server.RaftServerConfigKeys (ConfUtils.java:logGet(43)) - raft.server.log.queue.element-limit = 1024 (custom)
2019-09-18 16:16:51,091 [pool-741-thread-1] INFO  server.RaftServerConfigKeys (ConfUtils.java:logGet(43)) - raft.server.log.segment.size.max = 1048576 (custom)
2019-09-18 16:16:51,091 [pool-741-thread-1] INFO  server.RaftServerConfigKeys (ConfUtils.java:logGet(43)) - raft.server.log.preallocated.size = 16384 (custom)
2019-09-18 16:16:51,091 [pool-741-thread-1] INFO  server.RaftServerConfigKeys (ConfUtils.java:logGet(43)) - raft.server.log.write.buffer.size = 33554432 (custom)
2019-09-18 16:16:51,091 [pool-741-thread-1] INFO  server.RaftServerConfigKeys (ConfUtils.java:logGet(43)) - raft.server.log.force.sync.num = 128 (default)
2019-09-18 16:16:51,091 [pool-741-thread-1] INFO  server.RaftServerConfigKeys (ConfUtils.java:logGet(43)) - raft.server.log.statemachine.data.sync = true (default)
2019-09-18 16:16:51,091 [pool-741-thread-1] INFO  server.RaftServerConfigKeys (ConfUtils.java:logGet(43)) - raft.server.log.statemachine.data.sync.timeout = 10s (default)
2019-09-18 16:16:51,092 [pool-741-thread-1] INFO  server.RaftServerConfigKeys (ConfUtils.java:logGet(43)) - raft.server.log.statemachine.data.sync.timeout.retry = -1 (default)
2019-09-18 16:16:51,092 [pool-741-thread-1] INFO  server.RaftServerConfigKeys (ConfUtils.java:logGet(43)) - raft.server.log.statemachine.data.caching.enabled = true (custom)
2019-09-18 16:16:51,092 [pool-741-thread-1] INFO  segmented.SegmentedRaftLogWorker (SegmentedRaftLogWorker.java:lambda$new$0(132)) - 13430010-64c6-461b-bbc0-84bbac937742-SegmentedRaftLogWorker:Storage Directory /workdir/hadoop-ozone/integration-test/target/test-dir/MiniOzoneClusterImpl-d91fdf1f-9aec-46f4-8801-046e27073747/datanode-1/data/ratis/7a145caf-a86e-4547-abf6-dc0ddff93b42: flushIndex: setUnconditionally 0 -> -1
2019-09-18 16:16:51,093 [pool-741-thread-1] INFO  server.RaftServerConfigKeys (ConfUtils.java:logGet(43)) - raft.server.snapshot.auto.trigger.enabled = true (custom)
2019-09-18 16:16:51,093 [pool-741-thread-1] INFO  server.RaftServerConfigKeys (ConfUtils.java:logGet(43)) - raft.server.snapshot.auto.trigger.threshold = 10000 (custom)
2019-09-18 16:16:51,093 [pool-741-thread-1] INFO  server.RaftServerConfigKeys (ConfUtils.java:logGet(43)) - raft.server.retrycache.expirytime = 600000ms (custom)
2019-09-18 16:16:51,093 [pool-741-thread-1] INFO  impl.RaftServerImpl (RaftServerImpl.java:start(180)) - 13430010-64c6-461b-bbc0-84bbac937742: start group-DC0DDFF93B42
2019-09-18 16:16:51,093 [pool-741-thread-1] INFO  impl.RaftServerImpl (RaftServerImpl.java:setRole(171)) - 13430010-64c6-461b-bbc0-84bbac937742:group-DC0DDFF93B42 changes role from null to FOLLOWER at term 0 for startAsFollower
2019-09-18 16:16:51,093 [pool-741-thread-1] INFO  impl.RoleInfo (RoleInfo.java:updateAndGet(143)) - 13430010-64c6-461b-bbc0-84bbac937742: start FollowerState
2019-09-18 16:16:51,094 [pool-741-thread-1] INFO  util.JmxRegister (JmxRegister.java:tryRegister(44)) - Successfully registered JMX Bean with object name Ratis:service=RaftServer,group=group-DC0DDFF93B42,id=13430010-64c6-461b-bbc0-84bbac937742
2019-09-18 16:16:51,096 [Command processor thread] INFO  commandhandler.CreatePipelineCommandHandler (CreatePipelineCommandHandler.java:handle(112)) - Create Pipeline RATIS THREE #PipelineID=7a145caf-a86e-4547-abf6-dc0ddff93b42 command succeed on datanode 13430010-64c6-461b-bbc0-84bbac937742.
2019-09-18 16:16:51,113 | INFO  | SCMAudit | user=jenkins1000 | ip=192.168.5.185 | op=SEND_HEARTBEAT {datanodeUUID=2423363d-8469-460a-b110-ac84e5495342, command=[commandType: createPipelineCommand createPipelineCommandProto { pipelineID { id: "a84d5242-aab0-4365-a049-bc49007da6a4" } type: RATIS factor: ONE datanode { uuid: "2423363d-8469-460a-b110-ac84e5495342" ipAddress: "192.168.5.185" hostName: "pr-hdds-2034-lb7qt-2171347232" ports { name: "REST" value: 34675 } ports { name: "RATIS" value: 43904 } ports { name: "STANDALONE" value: 45238 } networkName: "2423363d-8469-460a-b110-ac84e5495342" networkLocation: "/default-rack" } cmdId: 1568822755294 } , commandType: createPipelineCommand createPipelineCommandProto { pipelineID { id: "0f6b5feb-767a-41f7-9caf-eabd82dc7ab2" } type: RATIS factor: THREE datanode { uuid: "555b68d4-2424-4ceb-b9ea-24caa74dd18d" ipAddress: "192.168.5.185" hostName: "pr-hdds-2034-lb7qt-2171347232" ports { name: "REST" value: 38018 } ports { name: "RATIS" value: 39269 } ports { name: "STANDALONE" value: 40584 } networkName: "555b68d4-2424-4ceb-b9ea-24caa74dd18d" networkLocation: "/default-rack" } datanode { uuid: "17ef1155-4979-4874-bb40-cb4e4583a7bb" ipAddress: "192.168.5.185" hostName: "pr-hdds-2034-lb7qt-2171347232" ports { name: "REST" value: 37714 } ports { name: "RATIS" value: 33020 } ports { name: "STANDALONE" value: 41934 } networkName: "17ef1155-4979-4874-bb40-cb4e4583a7bb" networkLocation: "/default-rack" } datanode { uuid: "2423363d-8469-460a-b110-ac84e5495342" ipAddress: "192.168.5.185" hostName: "pr-hdds-2034-lb7qt-2171347232" ports { name: "REST" value: 34675 } ports { name: "RATIS" value: 43904 } ports { name: "STANDALONE" value: 45238 } networkName: "2423363d-8469-460a-b110-ac84e5495342" networkLocation: "/default-rack" } cmdId: 1568822755295 } ]} | ret=SUCCESS |  
2019-09-18 16:16:51,143 | INFO  | SCMAudit | user=jenkins1000 | ip=192.168.5.185 | op=SEND_HEARTBEAT {datanodeUUID=119461de-c1ab-40a1-84fe-2d3922567ba1, command=[]} | ret=SUCCESS |  
2019-09-18 16:16:51,152 [grpc-default-executor-6] INFO  impl.RaftServerProxy (RaftServerProxy.java:addNew(89)) - 119461de-c1ab-40a1-84fe-2d3922567ba1: addNew group-653301536840:[119461de-c1ab-40a1-84fe-2d3922567ba1:192.168.5.185:34290] returns group-653301536840:java.util.concurrent.CompletableFuture@58b50a0e[Not completed]
2019-09-18 16:16:51,153 [pool-752-thread-1] INFO  impl.RaftServerImpl (RaftServerImpl.java:<init>(93)) - 119461de-c1ab-40a1-84fe-2d3922567ba1: new RaftServerImpl for group-653301536840:[119461de-c1ab-40a1-84fe-2d3922567ba1:192.168.5.185:34290] with ContainerStateMachine:uninitialized
2019-09-18 16:16:51,154 [pool-752-thread-1] INFO  server.RaftServerConfigKeys (ConfUtils.java:logGet(43)) - raft.server.rpc.timeout.min = 5s (custom)
2019-09-18 16:16:51,154 [pool-752-thread-1] INFO  server.RaftServerConfigKeys (ConfUtils.java:logGet(43)) - raft.server.rpc.timeout.max = 5200ms (custom)
2019-09-18 16:16:51,154 [pool-752-thread-1] INFO  server.RaftServerConfigKeys (ConfUtils.java:logGet(43)) - raft.server.rpcslowness.timeout = 120s (custom)
2019-09-18 16:16:51,154 [pool-752-thread-1] INFO  server.RaftServerConfigKeys (ConfUtils.java:logGet(43)) - raft.server.sleep.deviation.threshold = 300 (default)
2019-09-18 16:16:51,154 [pool-752-thread-1] INFO  server.RaftServerConfigKeys (ConfUtils.java:logGet(43)) - raft.server.log.appender.install.snapshot.enabled = false (custom)
2019-09-18 16:16:51,154 [pool-752-thread-1] INFO  impl.RaftServerImpl (ServerState.java:<init>(105)) - 119461de-c1ab-40a1-84fe-2d3922567ba1:group-653301536840 ConfigurationManager, init=-1: [119461de-c1ab-40a1-84fe-2d3922567ba1:192.168.5.185:34290], old=null, confs=<EMPTY_MAP>
2019-09-18 16:16:51,155 [pool-752-thread-1] INFO  server.RaftServerConfigKeys (ConfUtils.java:logGet(43)) - raft.server.storage.dir = [/workdir/hadoop-ozone/integration-test/target/test-dir/MiniOzoneClusterImpl-d91fdf1f-9aec-46f4-8801-046e27073747/datanode-2/data/ratis] (custom)
2019-09-18 16:16:51,155 [pool-752-thread-1] INFO  storage.RaftStorageDirectory (RaftStorageDirectory.java:analyzeStorage(246)) - The storage directory /workdir/hadoop-ozone/integration-test/target/test-dir/MiniOzoneClusterImpl-d91fdf1f-9aec-46f4-8801-046e27073747/datanode-2/data/ratis/31c93ad6-74e4-40e6-b958-653301536840 does not exist. Creating ...
2019-09-18 16:16:51,197 [pool-752-thread-1] INFO  storage.RaftStorageDirectory (RaftStorageDirectory.java:tryLock(328)) - Lock on /workdir/hadoop-ozone/integration-test/target/test-dir/MiniOzoneClusterImpl-d91fdf1f-9aec-46f4-8801-046e27073747/datanode-2/data/ratis/31c93ad6-74e4-40e6-b958-653301536840/in_use.lock acquired by nodename 28707@pr-hdds-2034-lb7qt-2171347232
2019-09-18 16:16:51,214 [pool-752-thread-1] INFO  storage.RaftStorage (RaftStorage.java:format(72)) - Storage directory /workdir/hadoop-ozone/integration-test/target/test-dir/MiniOzoneClusterImpl-d91fdf1f-9aec-46f4-8801-046e27073747/datanode-2/data/ratis/31c93ad6-74e4-40e6-b958-653301536840 has been successfully formatted.
2019-09-18 16:16:51,215 [pool-752-thread-1] INFO  ratis.ContainerStateMachine (ContainerStateMachine.java:loadSnapshot(226)) - group-653301536840: The snapshot info is null. Setting the last applied indexto:(t:0, i:~)
2019-09-18 16:16:51,215 [pool-752-thread-1] INFO  server.RaftServerConfigKeys (ConfUtils.java:logGet(43)) - raft.server.leader.election.timeout = 120s (custom)
2019-09-18 16:16:51,215 [pool-752-thread-1] INFO  server.RaftServerConfigKeys (ConfUtils.java:logGet(43)) - raft.server.log.use.memory = false (default)
2019-09-18 16:16:51,215 [pool-752-thread-1] INFO  server.RaftServerConfigKeys (ConfUtils.java:logGet(43)) - raft.server.log.purge.gap = 1000000 (custom)
2019-09-18 16:16:51,215 [pool-752-thread-1] INFO  server.RaftServerConfigKeys (ConfUtils.java:logGet(43)) - raft.server.log.appender.buffer.byte-limit = 33554432 (custom)
2019-09-18 16:16:51,216 [pool-752-thread-1] INFO  server.RaftServerConfigKeys (ConfUtils.java:logGet(43)) - raft.server.log.segment.size.max = 1048576 (custom)
2019-09-18 16:16:51,216 [pool-752-thread-1] INFO  server.RaftServerConfigKeys (ConfUtils.java:logGet(43)) - raft.server.log.segment.cache.num.max = 2 (custom)
2019-09-18 16:16:51,216 [pool-752-thread-1] INFO  segmented.SegmentedRaftLogWorker (SegmentedRaftLogWorker.java:<init>(172)) - new 119461de-c1ab-40a1-84fe-2d3922567ba1-SegmentedRaftLogWorker:Storage Directory /workdir/hadoop-ozone/integration-test/target/test-dir/MiniOzoneClusterImpl-d91fdf1f-9aec-46f4-8801-046e27073747/datanode-2/data/ratis/31c93ad6-74e4-40e6-b958-653301536840 for RaftStorage:Storage Directory /workdir/hadoop-ozone/integration-test/target/test-dir/MiniOzoneClusterImpl-d91fdf1f-9aec-46f4-8801-046e27073747/datanode-2/data/ratis/31c93ad6-74e4-40e6-b958-653301536840
2019-09-18 16:16:51,216 [pool-752-thread-1] INFO  server.RaftServerConfigKeys (ConfUtils.java:logGet(43)) - raft.server.log.queue.byte-limit = 2147483647 (custom)
2019-09-18 16:16:51,216 [pool-752-thread-1] INFO  server.RaftServerConfigKeys (ConfUtils.java:logGet(43)) - raft.server.log.queue.element-limit = 1024 (custom)
2019-09-18 16:16:51,216 [pool-752-thread-1] INFO  server.RaftServerConfigKeys (ConfUtils.java:logGet(43)) - raft.server.log.segment.size.max = 1048576 (custom)
2019-09-18 16:16:51,217 [pool-752-thread-1] INFO  server.RaftServerConfigKeys (ConfUtils.java:logGet(43)) - raft.server.log.preallocated.size = 16384 (custom)
2019-09-18 16:16:51,217 [pool-752-thread-1] INFO  server.RaftServerConfigKeys (ConfUtils.java:logGet(43)) - raft.server.log.write.buffer.size = 33554432 (custom)
2019-09-18 16:16:51,217 [pool-752-thread-1] INFO  server.RaftServerConfigKeys (ConfUtils.java:logGet(43)) - raft.server.log.force.sync.num = 128 (default)
2019-09-18 16:16:51,217 [pool-752-thread-1] INFO  server.RaftServerConfigKeys (ConfUtils.java:logGet(43)) - raft.server.log.statemachine.data.sync = true (default)
2019-09-18 16:16:51,217 [pool-752-thread-1] INFO  server.RaftServerConfigKeys (ConfUtils.java:logGet(43)) - raft.server.log.statemachine.data.sync.timeout = 10s (default)
2019-09-18 16:16:51,217 [pool-752-thread-1] INFO  server.RaftServerConfigKeys (ConfUtils.java:logGet(43)) - raft.server.log.statemachine.data.sync.timeout.retry = -1 (default)
2019-09-18 16:16:51,218 [pool-752-thread-1] INFO  server.RaftServerConfigKeys (ConfUtils.java:logGet(43)) - raft.server.log.statemachine.data.caching.enabled = true (custom)
2019-09-18 16:16:51,218 [pool-752-thread-1] INFO  segmented.SegmentedRaftLogWorker (SegmentedRaftLogWorker.java:lambda$new$0(132)) - 119461de-c1ab-40a1-84fe-2d3922567ba1-SegmentedRaftLogWorker:Storage Directory /workdir/hadoop-ozone/integration-test/target/test-dir/MiniOzoneClusterImpl-d91fdf1f-9aec-46f4-8801-046e27073747/datanode-2/data/ratis/31c93ad6-74e4-40e6-b958-653301536840: flushIndex: setUnconditionally 0 -> -1
2019-09-18 16:16:51,218 [pool-752-thread-1] INFO  server.RaftServerConfigKeys (ConfUtils.java:logGet(43)) - raft.server.snapshot.auto.trigger.enabled = true (custom)
2019-09-18 16:16:51,218 [pool-752-thread-1] INFO  server.RaftServerConfigKeys (ConfUtils.java:logGet(43)) - raft.server.snapshot.auto.trigger.threshold = 10000 (custom)
2019-09-18 16:16:51,219 [pool-752-thread-1] INFO  server.RaftServerConfigKeys (ConfUtils.java:logGet(43)) - raft.server.retrycache.expirytime = 600000ms (custom)
2019-09-18 16:16:51,219 [pool-752-thread-1] INFO  impl.RaftServerImpl (RaftServerImpl.java:start(180)) - 119461de-c1ab-40a1-84fe-2d3922567ba1: start group-653301536840
2019-09-18 16:16:51,219 [pool-752-thread-1] INFO  impl.RaftServerImpl (RaftServerImpl.java:setRole(171)) - 119461de-c1ab-40a1-84fe-2d3922567ba1:group-653301536840 changes role from null to FOLLOWER at term 0 for startAsFollower
2019-09-18 16:16:51,219 [pool-752-thread-1] INFO  impl.RoleInfo (RoleInfo.java:updateAndGet(143)) - 119461de-c1ab-40a1-84fe-2d3922567ba1: start FollowerState
2019-09-18 16:16:51,219 [pool-752-thread-1] INFO  util.JmxRegister (JmxRegister.java:tryRegister(44)) - Successfully registered JMX Bean with object name Ratis:service=RaftServer,group=group-653301536840,id=119461de-c1ab-40a1-84fe-2d3922567ba1
2019-09-18 16:16:51,221 [Command processor thread] INFO  commandhandler.CreatePipelineCommandHandler (CreatePipelineCommandHandler.java:handle(112)) - Create Pipeline RATIS ONE #PipelineID=31c93ad6-74e4-40e6-b958-653301536840 command succeed on datanode 119461de-c1ab-40a1-84fe-2d3922567ba1.
2019-09-18 16:16:51,228 [grpc-default-executor-6] INFO  impl.RaftServerProxy (RaftServerProxy.java:addNew(89)) - 119461de-c1ab-40a1-84fe-2d3922567ba1: addNew group-DC0DDFF93B42:[13430010-64c6-461b-bbc0-84bbac937742:192.168.5.185:32961, 9820d8fa-8bca-4820-8d69-8b9d38bc65eb:192.168.5.185:40987, 119461de-c1ab-40a1-84fe-2d3922567ba1:192.168.5.185:34290] returns group-DC0DDFF93B42:java.util.concurrent.CompletableFuture@309b3a4e[Not completed]
2019-09-18 16:16:51,229 [pool-752-thread-1] INFO  impl.RaftServerImpl (RaftServerImpl.java:<init>(93)) - 119461de-c1ab-40a1-84fe-2d3922567ba1: new RaftServerImpl for group-DC0DDFF93B42:[13430010-64c6-461b-bbc0-84bbac937742:192.168.5.185:32961, 9820d8fa-8bca-4820-8d69-8b9d38bc65eb:192.168.5.185:40987, 119461de-c1ab-40a1-84fe-2d3922567ba1:192.168.5.185:34290] with ContainerStateMachine:uninitialized
2019-09-18 16:16:51,229 [pool-752-thread-1] INFO  server.RaftServerConfigKeys (ConfUtils.java:logGet(43)) - raft.server.rpc.timeout.min = 5s (custom)
2019-09-18 16:16:51,229 [pool-752-thread-1] INFO  server.RaftServerConfigKeys (ConfUtils.java:logGet(43)) - raft.server.rpc.timeout.max = 5200ms (custom)
2019-09-18 16:16:51,229 [pool-752-thread-1] INFO  server.RaftServerConfigKeys (ConfUtils.java:logGet(43)) - raft.server.rpcslowness.timeout = 120s (custom)
2019-09-18 16:16:51,230 [pool-752-thread-1] INFO  server.RaftServerConfigKeys (ConfUtils.java:logGet(43)) - raft.server.sleep.deviation.threshold = 300 (default)
2019-09-18 16:16:51,230 [pool-752-thread-1] INFO  server.RaftServerConfigKeys (ConfUtils.java:logGet(43)) - raft.server.log.appender.install.snapshot.enabled = false (custom)
2019-09-18 16:16:51,230 [pool-752-thread-1] INFO  impl.RaftServerImpl (ServerState.java:<init>(105)) - 119461de-c1ab-40a1-84fe-2d3922567ba1:group-DC0DDFF93B42 ConfigurationManager, init=-1: [13430010-64c6-461b-bbc0-84bbac937742:192.168.5.185:32961, 9820d8fa-8bca-4820-8d69-8b9d38bc65eb:192.168.5.185:40987, 119461de-c1ab-40a1-84fe-2d3922567ba1:192.168.5.185:34290], old=null, confs=<EMPTY_MAP>
2019-09-18 16:16:51,230 [pool-752-thread-1] INFO  server.RaftServerConfigKeys (ConfUtils.java:logGet(43)) - raft.server.storage.dir = [/workdir/hadoop-ozone/integration-test/target/test-dir/MiniOzoneClusterImpl-d91fdf1f-9aec-46f4-8801-046e27073747/datanode-2/data/ratis] (custom)
2019-09-18 16:16:51,231 [pool-752-thread-1] INFO  storage.RaftStorageDirectory (RaftStorageDirectory.java:analyzeStorage(246)) - The storage directory /workdir/hadoop-ozone/integration-test/target/test-dir/MiniOzoneClusterImpl-d91fdf1f-9aec-46f4-8801-046e27073747/datanode-2/data/ratis/7a145caf-a86e-4547-abf6-dc0ddff93b42 does not exist. Creating ...
2019-09-18 16:16:51,304 | INFO  | SCMAudit | user=jenkins1000 | ip=192.168.5.185 | op=SEND_HEARTBEAT {datanodeUUID=9f06f9a1-0ee8-4e87-9cd3-431ea6fb3977, command=[commandType: createPipelineCommand createPipelineCommandProto { pipelineID { id: "35278954-9c47-474e-a9b0-015500aa4c0b" } type: RATIS factor: ONE datanode { uuid: "9f06f9a1-0ee8-4e87-9cd3-431ea6fb3977" ipAddress: "192.168.5.185" hostName: "pr-hdds-2034-lb7qt-2171347232" ports { name: "REST" value: 36314 } ports { name: "RATIS" value: 42408 } ports { name: "STANDALONE" value: 37775 } networkName: "9f06f9a1-0ee8-4e87-9cd3-431ea6fb3977" networkLocation: "/default-rack" } cmdId: 1568822755296 } ]} | ret=SUCCESS |  
2019-09-18 16:16:51,305 [main] INFO  ozone.MiniOzoneClusterImpl (MiniOzoneClusterImpl.java:lambda$waitForClusterToBeReady$0(145)) - Nodes are ready. Got 7 of 7 DN Heartbeats.
2019-09-18 16:16:51,306 [main] INFO  ozone.MiniOzoneClusterImpl (MiniOzoneClusterImpl.java:lambda$waitForClusterToBeReady$0(148)) - Waiting for cluster to exit safe mode
2019-09-18 16:16:51,323 [pool-752-thread-1] INFO  storage.RaftStorageDirectory (RaftStorageDirectory.java:tryLock(328)) - Lock on /workdir/hadoop-ozone/integration-test/target/test-dir/MiniOzoneClusterImpl-d91fdf1f-9aec-46f4-8801-046e27073747/datanode-2/data/ratis/7a145caf-a86e-4547-abf6-dc0ddff93b42/in_use.lock acquired by nodename 28707@pr-hdds-2034-lb7qt-2171347232
2019-09-18 16:16:51,334 | INFO  | SCMAudit | user=jenkins1000 | ip=192.168.5.185 | op=SEND_HEARTBEAT {datanodeUUID=17ef1155-4979-4874-bb40-cb4e4583a7bb, command=[]} | ret=SUCCESS |  
2019-09-18 16:16:51,343 [grpc-default-executor-6] INFO  impl.RaftServerProxy (RaftServerProxy.java:addNew(89)) - 17ef1155-4979-4874-bb40-cb4e4583a7bb: addNew group-87C2AADA54C6:[17ef1155-4979-4874-bb40-cb4e4583a7bb:192.168.5.185:33020] returns group-87C2AADA54C6:java.util.concurrent.CompletableFuture@2af1c910[Not completed]
2019-09-18 16:16:51,344 [pool-763-thread-1] INFO  impl.RaftServerImpl (RaftServerImpl.java:<init>(93)) - 17ef1155-4979-4874-bb40-cb4e4583a7bb: new RaftServerImpl for group-87C2AADA54C6:[17ef1155-4979-4874-bb40-cb4e4583a7bb:192.168.5.185:33020] with ContainerStateMachine:uninitialized
2019-09-18 16:16:51,344 [pool-763-thread-1] INFO  server.RaftServerConfigKeys (ConfUtils.java:logGet(43)) - raft.server.rpc.timeout.min = 5s (custom)
2019-09-18 16:16:51,344 [pool-763-thread-1] INFO  server.RaftServerConfigKeys (ConfUtils.java:logGet(43)) - raft.server.rpc.timeout.max = 5200ms (custom)
2019-09-18 16:16:51,345 [pool-763-thread-1] INFO  server.RaftServerConfigKeys (ConfUtils.java:logGet(43)) - raft.server.rpcslowness.timeout = 120s (custom)
2019-09-18 16:16:51,345 [pool-763-thread-1] INFO  server.RaftServerConfigKeys (ConfUtils.java:logGet(43)) - raft.server.sleep.deviation.threshold = 300 (default)
2019-09-18 16:16:51,345 [pool-763-thread-1] INFO  server.RaftServerConfigKeys (ConfUtils.java:logGet(43)) - raft.server.log.appender.install.snapshot.enabled = false (custom)
2019-09-18 16:16:51,345 [pool-763-thread-1] INFO  impl.RaftServerImpl (ServerState.java:<init>(105)) - 17ef1155-4979-4874-bb40-cb4e4583a7bb:group-87C2AADA54C6 ConfigurationManager, init=-1: [17ef1155-4979-4874-bb40-cb4e4583a7bb:192.168.5.185:33020], old=null, confs=<EMPTY_MAP>
2019-09-18 16:16:51,345 [pool-763-thread-1] INFO  server.RaftServerConfigKeys (ConfUtils.java:logGet(43)) - raft.server.storage.dir = [/workdir/hadoop-ozone/integration-test/target/test-dir/MiniOzoneClusterImpl-d91fdf1f-9aec-46f4-8801-046e27073747/datanode-3/data/ratis] (custom)
2019-09-18 16:16:51,346 [pool-763-thread-1] INFO  storage.RaftStorageDirectory (RaftStorageDirectory.java:analyzeStorage(246)) - The storage directory /workdir/hadoop-ozone/integration-test/target/test-dir/MiniOzoneClusterImpl-d91fdf1f-9aec-46f4-8801-046e27073747/datanode-3/data/ratis/54e34dc3-7651-490e-9831-87c2aada54c6 does not exist. Creating ...
2019-09-18 16:16:51,357 [pool-752-thread-1] INFO  storage.RaftStorage (RaftStorage.java:format(72)) - Storage directory /workdir/hadoop-ozone/integration-test/target/test-dir/MiniOzoneClusterImpl-d91fdf1f-9aec-46f4-8801-046e27073747/datanode-2/data/ratis/7a145caf-a86e-4547-abf6-dc0ddff93b42 has been successfully formatted.
2019-09-18 16:16:51,357 [pool-752-thread-1] INFO  ratis.ContainerStateMachine (ContainerStateMachine.java:loadSnapshot(226)) - group-DC0DDFF93B42: The snapshot info is null. Setting the last applied indexto:(t:0, i:~)
2019-09-18 16:16:51,357 [pool-752-thread-1] INFO  server.RaftServerConfigKeys (ConfUtils.java:logGet(43)) - raft.server.leader.election.timeout = 120s (custom)
2019-09-18 16:16:51,357 [pool-752-thread-1] INFO  server.RaftServerConfigKeys (ConfUtils.java:logGet(43)) - raft.server.log.use.memory = false (default)
2019-09-18 16:16:51,358 [pool-752-thread-1] INFO  server.RaftServerConfigKeys (ConfUtils.java:logGet(43)) - raft.server.log.purge.gap = 1000000 (custom)
2019-09-18 16:16:51,358 [pool-752-thread-1] INFO  server.RaftServerConfigKeys (ConfUtils.java:logGet(43)) - raft.server.log.appender.buffer.byte-limit = 33554432 (custom)
2019-09-18 16:16:51,358 [pool-752-thread-1] INFO  server.RaftServerConfigKeys (ConfUtils.java:logGet(43)) - raft.server.log.segment.size.max = 1048576 (custom)
2019-09-18 16:16:51,358 [pool-752-thread-1] INFO  server.RaftServerConfigKeys (ConfUtils.java:logGet(43)) - raft.server.log.segment.cache.num.max = 2 (custom)
2019-09-18 16:16:51,358 [pool-752-thread-1] INFO  segmented.SegmentedRaftLogWorker (SegmentedRaftLogWorker.java:<init>(172)) - new 119461de-c1ab-40a1-84fe-2d3922567ba1-SegmentedRaftLogWorker:Storage Directory /workdir/hadoop-ozone/integration-test/target/test-dir/MiniOzoneClusterImpl-d91fdf1f-9aec-46f4-8801-046e27073747/datanode-2/data/ratis/7a145caf-a86e-4547-abf6-dc0ddff93b42 for RaftStorage:Storage Directory /workdir/hadoop-ozone/integration-test/target/test-dir/MiniOzoneClusterImpl-d91fdf1f-9aec-46f4-8801-046e27073747/datanode-2/data/ratis/7a145caf-a86e-4547-abf6-dc0ddff93b42
2019-09-18 16:16:51,359 [pool-752-thread-1] INFO  server.RaftServerConfigKeys (ConfUtils.java:logGet(43)) - raft.server.log.queue.byte-limit = 2147483647 (custom)
2019-09-18 16:16:51,359 [pool-752-thread-1] INFO  server.RaftServerConfigKeys (ConfUtils.java:logGet(43)) - raft.server.log.queue.element-limit = 1024 (custom)
2019-09-18 16:16:51,359 [pool-752-thread-1] INFO  server.RaftServerConfigKeys (ConfUtils.java:logGet(43)) - raft.server.log.segment.size.max = 1048576 (custom)
2019-09-18 16:16:51,359 [pool-752-thread-1] INFO  server.RaftServerConfigKeys (ConfUtils.java:logGet(43)) - raft.server.log.preallocated.size = 16384 (custom)
2019-09-18 16:16:51,359 [pool-752-thread-1] INFO  server.RaftServerConfigKeys (ConfUtils.java:logGet(43)) - raft.server.log.write.buffer.size = 33554432 (custom)
2019-09-18 16:16:51,359 [pool-752-thread-1] INFO  server.RaftServerConfigKeys (ConfUtils.java:logGet(43)) - raft.server.log.force.sync.num = 128 (default)
2019-09-18 16:16:51,360 [pool-752-thread-1] INFO  server.RaftServerConfigKeys (ConfUtils.java:logGet(43)) - raft.server.log.statemachine.data.sync = true (default)
2019-09-18 16:16:51,360 [pool-752-thread-1] INFO  server.RaftServerConfigKeys (ConfUtils.java:logGet(43)) - raft.server.log.statemachine.data.sync.timeout = 10s (default)
2019-09-18 16:16:51,360 [pool-752-thread-1] INFO  server.RaftServerConfigKeys (ConfUtils.java:logGet(43)) - raft.server.log.statemachine.data.sync.timeout.retry = -1 (default)
2019-09-18 16:16:51,360 [pool-752-thread-1] INFO  server.RaftServerConfigKeys (ConfUtils.java:logGet(43)) - raft.server.log.statemachine.data.caching.enabled = true (custom)
2019-09-18 16:16:51,360 [pool-752-thread-1] INFO  segmented.SegmentedRaftLogWorker (SegmentedRaftLogWorker.java:lambda$new$0(132)) - 119461de-c1ab-40a1-84fe-2d3922567ba1-SegmentedRaftLogWorker:Storage Directory /workdir/hadoop-ozone/integration-test/target/test-dir/MiniOzoneClusterImpl-d91fdf1f-9aec-46f4-8801-046e27073747/datanode-2/data/ratis/7a145caf-a86e-4547-abf6-dc0ddff93b42: flushIndex: setUnconditionally 0 -> -1
2019-09-18 16:16:51,361 [pool-752-thread-1] INFO  server.RaftServerConfigKeys (ConfUtils.java:logGet(43)) - raft.server.snapshot.auto.trigger.enabled = true (custom)
2019-09-18 16:16:51,361 [pool-752-thread-1] INFO  server.RaftServerConfigKeys (ConfUtils.java:logGet(43)) - raft.server.snapshot.auto.trigger.threshold = 10000 (custom)
2019-09-18 16:16:51,361 [pool-752-thread-1] INFO  server.RaftServerConfigKeys (ConfUtils.java:logGet(43)) - raft.server.retrycache.expirytime = 600000ms (custom)
2019-09-18 16:16:51,361 [pool-752-thread-1] INFO  impl.RaftServerImpl (RaftServerImpl.java:start(180)) - 119461de-c1ab-40a1-84fe-2d3922567ba1: start group-DC0DDFF93B42
2019-09-18 16:16:51,362 [pool-752-thread-1] INFO  impl.RaftServerImpl (RaftServerImpl.java:setRole(171)) - 119461de-c1ab-40a1-84fe-2d3922567ba1:group-DC0DDFF93B42 changes role from null to FOLLOWER at term 0 for startAsFollower
2019-09-18 16:16:51,362 [pool-752-thread-1] INFO  impl.RoleInfo (RoleInfo.java:updateAndGet(143)) - 119461de-c1ab-40a1-84fe-2d3922567ba1: start FollowerState
2019-09-18 16:16:51,362 [pool-752-thread-1] INFO  util.JmxRegister (JmxRegister.java:tryRegister(44)) - Successfully registered JMX Bean with object name Ratis:service=RaftServer,group=group-DC0DDFF93B42,id=119461de-c1ab-40a1-84fe-2d3922567ba1
2019-09-18 16:16:51,364 [Command processor thread] INFO  commandhandler.CreatePipelineCommandHandler (CreatePipelineCommandHandler.java:handle(112)) - Create Pipeline RATIS THREE #PipelineID=7a145caf-a86e-4547-abf6-dc0ddff93b42 command succeed on datanode 119461de-c1ab-40a1-84fe-2d3922567ba1.
2019-09-18 16:16:51,432 [pool-763-thread-1] INFO  storage.RaftStorageDirectory (RaftStorageDirectory.java:tryLock(328)) - Lock on /workdir/hadoop-ozone/integration-test/target/test-dir/MiniOzoneClusterImpl-d91fdf1f-9aec-46f4-8801-046e27073747/datanode-3/data/ratis/54e34dc3-7651-490e-9831-87c2aada54c6/in_use.lock acquired by nodename 28707@pr-hdds-2034-lb7qt-2171347232
2019-09-18 16:16:51,519 | INFO  | SCMAudit | user=jenkins1000 | ip=192.168.5.185 | op=SEND_HEARTBEAT {datanodeUUID=555b68d4-2424-4ceb-b9ea-24caa74dd18d, command=[]} | ret=SUCCESS |  
2019-09-18 16:16:51,529 [grpc-default-executor-6] INFO  impl.RaftServerProxy (RaftServerProxy.java:addNew(89)) - 555b68d4-2424-4ceb-b9ea-24caa74dd18d: addNew group-8963E2007A88:[555b68d4-2424-4ceb-b9ea-24caa74dd18d:192.168.5.185:39269] returns group-8963E2007A88:java.util.concurrent.CompletableFuture@1f520cd8[Not completed]
2019-09-18 16:16:51,530 [pool-774-thread-1] INFO  impl.RaftServerImpl (RaftServerImpl.java:<init>(93)) - 555b68d4-2424-4ceb-b9ea-24caa74dd18d: new RaftServerImpl for group-8963E2007A88:[555b68d4-2424-4ceb-b9ea-24caa74dd18d:192.168.5.185:39269] with ContainerStateMachine:uninitialized
2019-09-18 16:16:51,531 [pool-774-thread-1] INFO  server.RaftServerConfigKeys (ConfUtils.java:logGet(43)) - raft.server.rpc.timeout.min = 5s (custom)
2019-09-18 16:16:51,531 [pool-774-thread-1] INFO  server.RaftServerConfigKeys (ConfUtils.java:logGet(43)) - raft.server.rpc.timeout.max = 5200ms (custom)
2019-09-18 16:16:51,531 [pool-774-thread-1] INFO  server.RaftServerConfigKeys (ConfUtils.java:logGet(43)) - raft.server.rpcslowness.timeout = 120s (custom)
2019-09-18 16:16:51,531 [pool-774-thread-1] INFO  server.RaftServerConfigKeys (ConfUtils.java:logGet(43)) - raft.server.sleep.deviation.threshold = 300 (default)
2019-09-18 16:16:51,531 [pool-774-thread-1] INFO  server.RaftServerConfigKeys (ConfUtils.java:logGet(43)) - raft.server.log.appender.install.snapshot.enabled = false (custom)
2019-09-18 16:16:51,531 [pool-774-thread-1] INFO  impl.RaftServerImpl (ServerState.java:<init>(105)) - 555b68d4-2424-4ceb-b9ea-24caa74dd18d:group-8963E2007A88 ConfigurationManager, init=-1: [555b68d4-2424-4ceb-b9ea-24caa74dd18d:192.168.5.185:39269], old=null, confs=<EMPTY_MAP>
2019-09-18 16:16:51,532 [pool-774-thread-1] INFO  server.RaftServerConfigKeys (ConfUtils.java:logGet(43)) - raft.server.storage.dir = [/workdir/hadoop-ozone/integration-test/target/test-dir/MiniOzoneClusterImpl-d91fdf1f-9aec-46f4-8801-046e27073747/datanode-4/data/ratis] (custom)
2019-09-18 16:16:51,532 [pool-774-thread-1] INFO  storage.RaftStorageDirectory (RaftStorageDirectory.java:analyzeStorage(246)) - The storage directory /workdir/hadoop-ozone/integration-test/target/test-dir/MiniOzoneClusterImpl-d91fdf1f-9aec-46f4-8801-046e27073747/datanode-4/data/ratis/d2486939-b73a-4508-bc0f-8963e2007a88 does not exist. Creating ...
2019-09-18 16:16:51,574 [pool-774-thread-1] INFO  storage.RaftStorageDirectory (RaftStorageDirectory.java:tryLock(328)) - Lock on /workdir/hadoop-ozone/integration-test/target/test-dir/MiniOzoneClusterImpl-d91fdf1f-9aec-46f4-8801-046e27073747/datanode-4/data/ratis/d2486939-b73a-4508-bc0f-8963e2007a88/in_use.lock acquired by nodename 28707@pr-hdds-2034-lb7qt-2171347232
2019-09-18 16:16:51,574 [pool-763-thread-1] INFO  storage.RaftStorage (RaftStorage.java:format(72)) - Storage directory /workdir/hadoop-ozone/integration-test/target/test-dir/MiniOzoneClusterImpl-d91fdf1f-9aec-46f4-8801-046e27073747/datanode-3/data/ratis/54e34dc3-7651-490e-9831-87c2aada54c6 has been successfully formatted.
2019-09-18 16:16:51,575 [pool-763-thread-1] INFO  ratis.ContainerStateMachine (ContainerStateMachine.java:loadSnapshot(226)) - group-87C2AADA54C6: The snapshot info is null. Setting the last applied indexto:(t:0, i:~)
2019-09-18 16:16:51,575 [pool-763-thread-1] INFO  server.RaftServerConfigKeys (ConfUtils.java:logGet(43)) - raft.server.leader.election.timeout = 120s (custom)
2019-09-18 16:16:51,575 [pool-763-thread-1] INFO  server.RaftServerConfigKeys (ConfUtils.java:logGet(43)) - raft.server.log.use.memory = false (default)
2019-09-18 16:16:51,575 [pool-763-thread-1] INFO  server.RaftServerConfigKeys (ConfUtils.java:logGet(43)) - raft.server.log.purge.gap = 1000000 (custom)
2019-09-18 16:16:51,575 [pool-763-thread-1] INFO  server.RaftServerConfigKeys (ConfUtils.java:logGet(43)) - raft.server.log.appender.buffer.byte-limit = 33554432 (custom)
2019-09-18 16:16:51,576 [pool-763-thread-1] INFO  server.RaftServerConfigKeys (ConfUtils.java:logGet(43)) - raft.server.log.segment.size.max = 1048576 (custom)
2019-09-18 16:16:51,576 [pool-763-thread-1] INFO  server.RaftServerConfigKeys (ConfUtils.java:logGet(43)) - raft.server.log.segment.cache.num.max = 2 (custom)
2019-09-18 16:16:51,576 [pool-763-thread-1] INFO  segmented.SegmentedRaftLogWorker (SegmentedRaftLogWorker.java:<init>(172)) - new 17ef1155-4979-4874-bb40-cb4e4583a7bb-SegmentedRaftLogWorker:Storage Directory /workdir/hadoop-ozone/integration-test/target/test-dir/MiniOzoneClusterImpl-d91fdf1f-9aec-46f4-8801-046e27073747/datanode-3/data/ratis/54e34dc3-7651-490e-9831-87c2aada54c6 for RaftStorage:Storage Directory /workdir/hadoop-ozone/integration-test/target/test-dir/MiniOzoneClusterImpl-d91fdf1f-9aec-46f4-8801-046e27073747/datanode-3/data/ratis/54e34dc3-7651-490e-9831-87c2aada54c6
2019-09-18 16:16:51,576 [pool-763-thread-1] INFO  server.RaftServerConfigKeys (ConfUtils.java:logGet(43)) - raft.server.log.queue.byte-limit = 2147483647 (custom)
2019-09-18 16:16:51,576 [pool-763-thread-1] INFO  server.RaftServerConfigKeys (ConfUtils.java:logGet(43)) - raft.server.log.queue.element-limit = 1024 (custom)
2019-09-18 16:16:51,577 [pool-763-thread-1] INFO  server.RaftServerConfigKeys (ConfUtils.java:logGet(43)) - raft.server.log.segment.size.max = 1048576 (custom)
2019-09-18 16:16:51,577 [pool-763-thread-1] INFO  server.RaftServerConfigKeys (ConfUtils.java:logGet(43)) - raft.server.log.preallocated.size = 16384 (custom)
2019-09-18 16:16:51,577 [pool-763-thread-1] INFO  server.RaftServerConfigKeys (ConfUtils.java:logGet(43)) - raft.server.log.write.buffer.size = 33554432 (custom)
2019-09-18 16:16:51,577 [pool-763-thread-1] INFO  server.RaftServerConfigKeys (ConfUtils.java:logGet(43)) - raft.server.log.force.sync.num = 128 (default)
2019-09-18 16:16:51,577 [pool-763-thread-1] INFO  server.RaftServerConfigKeys (ConfUtils.java:logGet(43)) - raft.server.log.statemachine.data.sync = true (default)
2019-09-18 16:16:51,577 [pool-763-thread-1] INFO  server.RaftServerConfigKeys (ConfUtils.java:logGet(43)) - raft.server.log.statemachine.data.sync.timeout = 10s (default)
2019-09-18 16:16:51,578 [pool-763-thread-1] INFO  server.RaftServerConfigKeys (ConfUtils.java:logGet(43)) - raft.server.log.statemachine.data.sync.timeout.retry = -1 (default)
2019-09-18 16:16:51,578 [pool-763-thread-1] INFO  server.RaftServerConfigKeys (ConfUtils.java:logGet(43)) - raft.server.log.statemachine.data.caching.enabled = true (custom)
2019-09-18 16:16:51,578 [pool-763-thread-1] INFO  segmented.SegmentedRaftLogWorker (SegmentedRaftLogWorker.java:lambda$new$0(132)) - 17ef1155-4979-4874-bb40-cb4e4583a7bb-SegmentedRaftLogWorker:Storage Directory /workdir/hadoop-ozone/integration-test/target/test-dir/MiniOzoneClusterImpl-d91fdf1f-9aec-46f4-8801-046e27073747/datanode-3/data/ratis/54e34dc3-7651-490e-9831-87c2aada54c6: flushIndex: setUnconditionally 0 -> -1
2019-09-18 16:16:51,579 [pool-763-thread-1] INFO  server.RaftServerConfigKeys (ConfUtils.java:logGet(43)) - raft.server.snapshot.auto.trigger.enabled = true (custom)
2019-09-18 16:16:51,579 [pool-763-thread-1] INFO  server.RaftServerConfigKeys (ConfUtils.java:logGet(43)) - raft.server.snapshot.auto.trigger.threshold = 10000 (custom)
2019-09-18 16:16:51,579 [pool-763-thread-1] INFO  server.RaftServerConfigKeys (ConfUtils.java:logGet(43)) - raft.server.retrycache.expirytime = 600000ms (custom)
2019-09-18 16:16:51,579 [pool-763-thread-1] INFO  impl.RaftServerImpl (RaftServerImpl.java:start(180)) - 17ef1155-4979-4874-bb40-cb4e4583a7bb: start group-87C2AADA54C6
2019-09-18 16:16:51,579 [pool-763-thread-1] INFO  impl.RaftServerImpl (RaftServerImpl.java:setRole(171)) - 17ef1155-4979-4874-bb40-cb4e4583a7bb:group-87C2AADA54C6 changes role from null to FOLLOWER at term 0 for startAsFollower
2019-09-18 16:16:51,579 [pool-763-thread-1] INFO  impl.RoleInfo (RoleInfo.java:updateAndGet(143)) - 17ef1155-4979-4874-bb40-cb4e4583a7bb: start FollowerState
2019-09-18 16:16:51,580 [pool-763-thread-1] INFO  util.JmxRegister (JmxRegister.java:tryRegister(44)) - Successfully registered JMX Bean with object name Ratis:service=RaftServer,group=group-87C2AADA54C6,id=17ef1155-4979-4874-bb40-cb4e4583a7bb
2019-09-18 16:16:51,582 [Command processor thread] INFO  commandhandler.CreatePipelineCommandHandler (CreatePipelineCommandHandler.java:handle(112)) - Create Pipeline RATIS ONE #PipelineID=54e34dc3-7651-490e-9831-87c2aada54c6 command succeed on datanode 17ef1155-4979-4874-bb40-cb4e4583a7bb.
2019-09-18 16:16:51,588 [grpc-default-executor-6] INFO  impl.RaftServerProxy (RaftServerProxy.java:addNew(89)) - 17ef1155-4979-4874-bb40-cb4e4583a7bb: addNew group-EABD82DC7AB2:[555b68d4-2424-4ceb-b9ea-24caa74dd18d:192.168.5.185:39269, 17ef1155-4979-4874-bb40-cb4e4583a7bb:192.168.5.185:33020, 2423363d-8469-460a-b110-ac84e5495342:192.168.5.185:43904] returns group-EABD82DC7AB2:java.util.concurrent.CompletableFuture@7629dcd7[Not completed]
2019-09-18 16:16:51,589 [pool-763-thread-1] INFO  impl.RaftServerImpl (RaftServerImpl.java:<init>(93)) - 17ef1155-4979-4874-bb40-cb4e4583a7bb: new RaftServerImpl for group-EABD82DC7AB2:[555b68d4-2424-4ceb-b9ea-24caa74dd18d:192.168.5.185:39269, 17ef1155-4979-4874-bb40-cb4e4583a7bb:192.168.5.185:33020, 2423363d-8469-460a-b110-ac84e5495342:192.168.5.185:43904] with ContainerStateMachine:uninitialized
2019-09-18 16:16:51,590 [pool-763-thread-1] INFO  server.RaftServerConfigKeys (ConfUtils.java:logGet(43)) - raft.server.rpc.timeout.min = 5s (custom)
2019-09-18 16:16:51,590 [pool-763-thread-1] INFO  server.RaftServerConfigKeys (ConfUtils.java:logGet(43)) - raft.server.rpc.timeout.max = 5200ms (custom)
2019-09-18 16:16:51,590 [pool-763-thread-1] INFO  server.RaftServerConfigKeys (ConfUtils.java:logGet(43)) - raft.server.rpcslowness.timeout = 120s (custom)
2019-09-18 16:16:51,590 [pool-763-thread-1] INFO  server.RaftServerConfigKeys (ConfUtils.java:logGet(43)) - raft.server.sleep.deviation.threshold = 300 (default)
2019-09-18 16:16:51,590 [pool-763-thread-1] INFO  server.RaftServerConfigKeys (ConfUtils.java:logGet(43)) - raft.server.log.appender.install.snapshot.enabled = false (custom)
2019-09-18 16:16:51,590 [pool-763-thread-1] INFO  impl.RaftServerImpl (ServerState.java:<init>(105)) - 17ef1155-4979-4874-bb40-cb4e4583a7bb:group-EABD82DC7AB2 ConfigurationManager, init=-1: [555b68d4-2424-4ceb-b9ea-24caa74dd18d:192.168.5.185:39269, 17ef1155-4979-4874-bb40-cb4e4583a7bb:192.168.5.185:33020, 2423363d-8469-460a-b110-ac84e5495342:192.168.5.185:43904], old=null, confs=<EMPTY_MAP>
2019-09-18 16:16:51,591 [pool-763-thread-1] INFO  server.RaftServerConfigKeys (ConfUtils.java:logGet(43)) - raft.server.storage.dir = [/workdir/hadoop-ozone/integration-test/target/test-dir/MiniOzoneClusterImpl-d91fdf1f-9aec-46f4-8801-046e27073747/datanode-3/data/ratis] (custom)
2019-09-18 16:16:51,591 [pool-763-thread-1] INFO  storage.RaftStorageDirectory (RaftStorageDirectory.java:analyzeStorage(246)) - The storage directory /workdir/hadoop-ozone/integration-test/target/test-dir/MiniOzoneClusterImpl-d91fdf1f-9aec-46f4-8801-046e27073747/datanode-3/data/ratis/0f6b5feb-767a-41f7-9caf-eabd82dc7ab2 does not exist. Creating ...
2019-09-18 16:16:51,650 [pool-763-thread-1] INFO  storage.RaftStorageDirectory (RaftStorageDirectory.java:tryLock(328)) - Lock on /workdir/hadoop-ozone/integration-test/target/test-dir/MiniOzoneClusterImpl-d91fdf1f-9aec-46f4-8801-046e27073747/datanode-3/data/ratis/0f6b5feb-767a-41f7-9caf-eabd82dc7ab2/in_use.lock acquired by nodename 28707@pr-hdds-2034-lb7qt-2171347232
2019-09-18 16:16:51,650 [pool-774-thread-1] INFO  storage.RaftStorage (RaftStorage.java:format(72)) - Storage directory /workdir/hadoop-ozone/integration-test/target/test-dir/MiniOzoneClusterImpl-d91fdf1f-9aec-46f4-8801-046e27073747/datanode-4/data/ratis/d2486939-b73a-4508-bc0f-8963e2007a88 has been successfully formatted.
2019-09-18 16:16:51,650 [pool-774-thread-1] INFO  ratis.ContainerStateMachine (ContainerStateMachine.java:loadSnapshot(226)) - group-8963E2007A88: The snapshot info is null. Setting the last applied indexto:(t:0, i:~)
2019-09-18 16:16:51,650 [pool-774-thread-1] INFO  server.RaftServerConfigKeys (ConfUtils.java:logGet(43)) - raft.server.leader.election.timeout = 120s (custom)
2019-09-18 16:16:51,650 [pool-774-thread-1] INFO  server.RaftServerConfigKeys (ConfUtils.java:logGet(43)) - raft.server.log.use.memory = false (default)
2019-09-18 16:16:51,651 [pool-774-thread-1] INFO  server.RaftServerConfigKeys (ConfUtils.java:logGet(43)) - raft.server.log.purge.gap = 1000000 (custom)
2019-09-18 16:16:51,651 [pool-774-thread-1] INFO  server.RaftServerConfigKeys (ConfUtils.java:logGet(43)) - raft.server.log.appender.buffer.byte-limit = 33554432 (custom)
2019-09-18 16:16:51,651 [pool-774-thread-1] INFO  server.RaftServerConfigKeys (ConfUtils.java:logGet(43)) - raft.server.log.segment.size.max = 1048576 (custom)
2019-09-18 16:16:51,651 [pool-774-thread-1] INFO  server.RaftServerConfigKeys (ConfUtils.java:logGet(43)) - raft.server.log.segment.cache.num.max = 2 (custom)
2019-09-18 16:16:51,651 [pool-774-thread-1] INFO  segmented.SegmentedRaftLogWorker (SegmentedRaftLogWorker.java:<init>(172)) - new 555b68d4-2424-4ceb-b9ea-24caa74dd18d-SegmentedRaftLogWorker:Storage Directory /workdir/hadoop-ozone/integration-test/target/test-dir/MiniOzoneClusterImpl-d91fdf1f-9aec-46f4-8801-046e27073747/datanode-4/data/ratis/d2486939-b73a-4508-bc0f-8963e2007a88 for RaftStorage:Storage Directory /workdir/hadoop-ozone/integration-test/target/test-dir/MiniOzoneClusterImpl-d91fdf1f-9aec-46f4-8801-046e27073747/datanode-4/data/ratis/d2486939-b73a-4508-bc0f-8963e2007a88
2019-09-18 16:16:51,651 [pool-774-thread-1] INFO  server.RaftServerConfigKeys (ConfUtils.java:logGet(43)) - raft.server.log.queue.byte-limit = 2147483647 (custom)
2019-09-18 16:16:51,652 [pool-774-thread-1] INFO  server.RaftServerConfigKeys (ConfUtils.java:logGet(43)) - raft.server.log.queue.element-limit = 1024 (custom)
2019-09-18 16:16:51,652 [pool-774-thread-1] INFO  server.RaftServerConfigKeys (ConfUtils.java:logGet(43)) - raft.server.log.segment.size.max = 1048576 (custom)
2019-09-18 16:16:51,652 [pool-774-thread-1] INFO  server.RaftServerConfigKeys (ConfUtils.java:logGet(43)) - raft.server.log.preallocated.size = 16384 (custom)
2019-09-18 16:16:51,652 [pool-774-thread-1] INFO  server.RaftServerConfigKeys (ConfUtils.java:logGet(43)) - raft.server.log.write.buffer.size = 33554432 (custom)
2019-09-18 16:16:51,652 [pool-774-thread-1] INFO  server.RaftServerConfigKeys (ConfUtils.java:logGet(43)) - raft.server.log.force.sync.num = 128 (default)
2019-09-18 16:16:51,652 [pool-774-thread-1] INFO  server.RaftServerConfigKeys (ConfUtils.java:logGet(43)) - raft.server.log.statemachine.data.sync = true (default)
2019-09-18 16:16:51,653 [pool-774-thread-1] INFO  server.RaftServerConfigKeys (ConfUtils.java:logGet(43)) - raft.server.log.statemachine.data.sync.timeout = 10s (default)
2019-09-18 16:16:51,653 [pool-774-thread-1] INFO  server.RaftServerConfigKeys (ConfUtils.java:logGet(43)) - raft.server.log.statemachine.data.sync.timeout.retry = -1 (default)
2019-09-18 16:16:51,653 [pool-774-thread-1] INFO  server.RaftServerConfigKeys (ConfUtils.java:logGet(43)) - raft.server.log.statemachine.data.caching.enabled = true (custom)
2019-09-18 16:16:51,653 [pool-774-thread-1] INFO  segmented.SegmentedRaftLogWorker (SegmentedRaftLogWorker.java:lambda$new$0(132)) - 555b68d4-2424-4ceb-b9ea-24caa74dd18d-SegmentedRaftLogWorker:Storage Directory /workdir/hadoop-ozone/integration-test/target/test-dir/MiniOzoneClusterImpl-d91fdf1f-9aec-46f4-8801-046e27073747/datanode-4/data/ratis/d2486939-b73a-4508-bc0f-8963e2007a88: flushIndex: setUnconditionally 0 -> -1
2019-09-18 16:16:51,654 [pool-774-thread-1] INFO  server.RaftServerConfigKeys (ConfUtils.java:logGet(43)) - raft.server.snapshot.auto.trigger.enabled = true (custom)
2019-09-18 16:16:51,654 [pool-774-thread-1] INFO  server.RaftServerConfigKeys (ConfUtils.java:logGet(43)) - raft.server.snapshot.auto.trigger.threshold = 10000 (custom)
2019-09-18 16:16:51,654 [pool-774-thread-1] INFO  server.RaftServerConfigKeys (ConfUtils.java:logGet(43)) - raft.server.retrycache.expirytime = 600000ms (custom)
2019-09-18 16:16:51,654 [pool-774-thread-1] INFO  impl.RaftServerImpl (RaftServerImpl.java:start(180)) - 555b68d4-2424-4ceb-b9ea-24caa74dd18d: start group-8963E2007A88
2019-09-18 16:16:51,655 [pool-774-thread-1] INFO  impl.RaftServerImpl (RaftServerImpl.java:setRole(171)) - 555b68d4-2424-4ceb-b9ea-24caa74dd18d:group-8963E2007A88 changes role from null to FOLLOWER at term 0 for startAsFollower
2019-09-18 16:16:51,655 [pool-774-thread-1] INFO  impl.RoleInfo (RoleInfo.java:updateAndGet(143)) - 555b68d4-2424-4ceb-b9ea-24caa74dd18d: start FollowerState
2019-09-18 16:16:51,655 [pool-774-thread-1] INFO  util.JmxRegister (JmxRegister.java:tryRegister(44)) - Successfully registered JMX Bean with object name Ratis:service=RaftServer,group=group-8963E2007A88,id=555b68d4-2424-4ceb-b9ea-24caa74dd18d
2019-09-18 16:16:51,657 [Command processor thread] INFO  commandhandler.CreatePipelineCommandHandler (CreatePipelineCommandHandler.java:handle(112)) - Create Pipeline RATIS ONE #PipelineID=d2486939-b73a-4508-bc0f-8963e2007a88 command succeed on datanode 555b68d4-2424-4ceb-b9ea-24caa74dd18d.
2019-09-18 16:16:51,663 [grpc-default-executor-6] INFO  impl.RaftServerProxy (RaftServerProxy.java:addNew(89)) - 555b68d4-2424-4ceb-b9ea-24caa74dd18d: addNew group-EABD82DC7AB2:[555b68d4-2424-4ceb-b9ea-24caa74dd18d:192.168.5.185:39269, 17ef1155-4979-4874-bb40-cb4e4583a7bb:192.168.5.185:33020, 2423363d-8469-460a-b110-ac84e5495342:192.168.5.185:43904] returns group-EABD82DC7AB2:java.util.concurrent.CompletableFuture@627bd122[Not completed]
2019-09-18 16:16:51,664 [pool-774-thread-1] INFO  impl.RaftServerImpl (RaftServerImpl.java:<init>(93)) - 555b68d4-2424-4ceb-b9ea-24caa74dd18d: new RaftServerImpl for group-EABD82DC7AB2:[555b68d4-2424-4ceb-b9ea-24caa74dd18d:192.168.5.185:39269, 17ef1155-4979-4874-bb40-cb4e4583a7bb:192.168.5.185:33020, 2423363d-8469-460a-b110-ac84e5495342:192.168.5.185:43904] with ContainerStateMachine:uninitialized
2019-09-18 16:16:51,664 [pool-774-thread-1] INFO  server.RaftServerConfigKeys (ConfUtils.java:logGet(43)) - raft.server.rpc.timeout.min = 5s (custom)
2019-09-18 16:16:51,665 [pool-774-thread-1] INFO  server.RaftServerConfigKeys (ConfUtils.java:logGet(43)) - raft.server.rpc.timeout.max = 5200ms (custom)
2019-09-18 16:16:51,665 [pool-774-thread-1] INFO  server.RaftServerConfigKeys (ConfUtils.java:logGet(43)) - raft.server.rpcslowness.timeout = 120s (custom)
2019-09-18 16:16:51,665 [pool-774-thread-1] INFO  server.RaftServerConfigKeys (ConfUtils.java:logGet(43)) - raft.server.sleep.deviation.threshold = 300 (default)
2019-09-18 16:16:51,665 [pool-774-thread-1] INFO  server.RaftServerConfigKeys (ConfUtils.java:logGet(43)) - raft.server.log.appender.install.snapshot.enabled = false (custom)
2019-09-18 16:16:51,665 [pool-774-thread-1] INFO  impl.RaftServerImpl (ServerState.java:<init>(105)) - 555b68d4-2424-4ceb-b9ea-24caa74dd18d:group-EABD82DC7AB2 ConfigurationManager, init=-1: [555b68d4-2424-4ceb-b9ea-24caa74dd18d:192.168.5.185:39269, 17ef1155-4979-4874-bb40-cb4e4583a7bb:192.168.5.185:33020, 2423363d-8469-460a-b110-ac84e5495342:192.168.5.185:43904], old=null, confs=<EMPTY_MAP>
2019-09-18 16:16:51,665 [pool-774-thread-1] INFO  server.RaftServerConfigKeys (ConfUtils.java:logGet(43)) - raft.server.storage.dir = [/workdir/hadoop-ozone/integration-test/target/test-dir/MiniOzoneClusterImpl-d91fdf1f-9aec-46f4-8801-046e27073747/datanode-4/data/ratis] (custom)
2019-09-18 16:16:51,666 [pool-774-thread-1] INFO  storage.RaftStorageDirectory (RaftStorageDirectory.java:analyzeStorage(246)) - The storage directory /workdir/hadoop-ozone/integration-test/target/test-dir/MiniOzoneClusterImpl-d91fdf1f-9aec-46f4-8801-046e27073747/datanode-4/data/ratis/0f6b5feb-767a-41f7-9caf-eabd82dc7ab2 does not exist. Creating ...
2019-09-18 16:16:51,684 [pool-763-thread-1] INFO  storage.RaftStorage (RaftStorage.java:format(72)) - Storage directory /workdir/hadoop-ozone/integration-test/target/test-dir/MiniOzoneClusterImpl-d91fdf1f-9aec-46f4-8801-046e27073747/datanode-3/data/ratis/0f6b5feb-767a-41f7-9caf-eabd82dc7ab2 has been successfully formatted.
2019-09-18 16:16:51,684 [pool-763-thread-1] INFO  ratis.ContainerStateMachine (ContainerStateMachine.java:loadSnapshot(226)) - group-EABD82DC7AB2: The snapshot info is null. Setting the last applied indexto:(t:0, i:~)
2019-09-18 16:16:51,684 [pool-763-thread-1] INFO  server.RaftServerConfigKeys (ConfUtils.java:logGet(43)) - raft.server.leader.election.timeout = 120s (custom)
2019-09-18 16:16:51,684 [pool-763-thread-1] INFO  server.RaftServerConfigKeys (ConfUtils.java:logGet(43)) - raft.server.log.use.memory = false (default)
2019-09-18 16:16:51,684 [pool-763-thread-1] INFO  server.RaftServerConfigKeys (ConfUtils.java:logGet(43)) - raft.server.log.purge.gap = 1000000 (custom)
2019-09-18 16:16:51,684 [pool-763-thread-1] INFO  server.RaftServerConfigKeys (ConfUtils.java:logGet(43)) - raft.server.log.appender.buffer.byte-limit = 33554432 (custom)
2019-09-18 16:16:51,684 [pool-763-thread-1] INFO  server.RaftServerConfigKeys (ConfUtils.java:logGet(43)) - raft.server.log.segment.size.max = 1048576 (custom)
2019-09-18 16:16:51,685 [pool-763-thread-1] INFO  server.RaftServerConfigKeys (ConfUtils.java:logGet(43)) - raft.server.log.segment.cache.num.max = 2 (custom)
2019-09-18 16:16:51,685 [pool-763-thread-1] INFO  segmented.SegmentedRaftLogWorker (SegmentedRaftLogWorker.java:<init>(172)) - new 17ef1155-4979-4874-bb40-cb4e4583a7bb-SegmentedRaftLogWorker:Storage Directory /workdir/hadoop-ozone/integration-test/target/test-dir/MiniOzoneClusterImpl-d91fdf1f-9aec-46f4-8801-046e27073747/datanode-3/data/ratis/0f6b5feb-767a-41f7-9caf-eabd82dc7ab2 for RaftStorage:Storage Directory /workdir/hadoop-ozone/integration-test/target/test-dir/MiniOzoneClusterImpl-d91fdf1f-9aec-46f4-8801-046e27073747/datanode-3/data/ratis/0f6b5feb-767a-41f7-9caf-eabd82dc7ab2
2019-09-18 16:16:51,685 [pool-763-thread-1] INFO  server.RaftServerConfigKeys (ConfUtils.java:logGet(43)) - raft.server.log.queue.byte-limit = 2147483647 (custom)
2019-09-18 16:16:51,685 [pool-763-thread-1] INFO  server.RaftServerConfigKeys (ConfUtils.java:logGet(43)) - raft.server.log.queue.element-limit = 1024 (custom)
2019-09-18 16:16:51,685 [pool-763-thread-1] INFO  server.RaftServerConfigKeys (ConfUtils.java:logGet(43)) - raft.server.log.segment.size.max = 1048576 (custom)
2019-09-18 16:16:51,685 [pool-763-thread-1] INFO  server.RaftServerConfigKeys (ConfUtils.java:logGet(43)) - raft.server.log.preallocated.size = 16384 (custom)
2019-09-18 16:16:51,685 [pool-763-thread-1] INFO  server.RaftServerConfigKeys (ConfUtils.java:logGet(43)) - raft.server.log.write.buffer.size = 33554432 (custom)
2019-09-18 16:16:51,685 [pool-763-thread-1] INFO  server.RaftServerConfigKeys (ConfUtils.java:logGet(43)) - raft.server.log.force.sync.num = 128 (default)
2019-09-18 16:16:51,685 [pool-763-thread-1] INFO  server.RaftServerConfigKeys (ConfUtils.java:logGet(43)) - raft.server.log.statemachine.data.sync = true (default)
2019-09-18 16:16:51,685 [pool-763-thread-1] INFO  server.RaftServerConfigKeys (ConfUtils.java:logGet(43)) - raft.server.log.statemachine.data.sync.timeout = 10s (default)
2019-09-18 16:16:51,686 [pool-763-thread-1] INFO  server.RaftServerConfigKeys (ConfUtils.java:logGet(43)) - raft.server.log.statemachine.data.sync.timeout.retry = -1 (default)
2019-09-18 16:16:51,686 [pool-763-thread-1] INFO  server.RaftServerConfigKeys (ConfUtils.java:logGet(43)) - raft.server.log.statemachine.data.caching.enabled = true (custom)
2019-09-18 16:16:51,686 [pool-763-thread-1] INFO  segmented.SegmentedRaftLogWorker (SegmentedRaftLogWorker.java:lambda$new$0(132)) - 17ef1155-4979-4874-bb40-cb4e4583a7bb-SegmentedRaftLogWorker:Storage Directory /workdir/hadoop-ozone/integration-test/target/test-dir/MiniOzoneClusterImpl-d91fdf1f-9aec-46f4-8801-046e27073747/datanode-3/data/ratis/0f6b5feb-767a-41f7-9caf-eabd82dc7ab2: flushIndex: setUnconditionally 0 -> -1
2019-09-18 16:16:51,686 [pool-763-thread-1] INFO  server.RaftServerConfigKeys (ConfUtils.java:logGet(43)) - raft.server.snapshot.auto.trigger.enabled = true (custom)
2019-09-18 16:16:51,686 [pool-763-thread-1] INFO  server.RaftServerConfigKeys (ConfUtils.java:logGet(43)) - raft.server.snapshot.auto.trigger.threshold = 10000 (custom)
2019-09-18 16:16:51,686 [pool-763-thread-1] INFO  server.RaftServerConfigKeys (ConfUtils.java:logGet(43)) - raft.server.retrycache.expirytime = 600000ms (custom)
2019-09-18 16:16:51,687 [pool-763-thread-1] INFO  impl.RaftServerImpl (RaftServerImpl.java:start(180)) - 17ef1155-4979-4874-bb40-cb4e4583a7bb: start group-EABD82DC7AB2
2019-09-18 16:16:51,687 [pool-763-thread-1] INFO  impl.RaftServerImpl (RaftServerImpl.java:setRole(171)) - 17ef1155-4979-4874-bb40-cb4e4583a7bb:group-EABD82DC7AB2 changes role from null to FOLLOWER at term 0 for startAsFollower
2019-09-18 16:16:51,687 [pool-763-thread-1] INFO  impl.RoleInfo (RoleInfo.java:updateAndGet(143)) - 17ef1155-4979-4874-bb40-cb4e4583a7bb: start FollowerState
2019-09-18 16:16:51,687 [pool-763-thread-1] INFO  util.JmxRegister (JmxRegister.java:tryRegister(44)) - Successfully registered JMX Bean with object name Ratis:service=RaftServer,group=group-EABD82DC7AB2,id=17ef1155-4979-4874-bb40-cb4e4583a7bb
2019-09-18 16:16:51,689 [Command processor thread] INFO  commandhandler.CreatePipelineCommandHandler (CreatePipelineCommandHandler.java:handle(112)) - Create Pipeline RATIS THREE #PipelineID=0f6b5feb-767a-41f7-9caf-eabd82dc7ab2 command succeed on datanode 17ef1155-4979-4874-bb40-cb4e4583a7bb.
2019-09-18 16:16:51,692 [pool-774-thread-1] INFO  storage.RaftStorageDirectory (RaftStorageDirectory.java:tryLock(328)) - Lock on /workdir/hadoop-ozone/integration-test/target/test-dir/MiniOzoneClusterImpl-d91fdf1f-9aec-46f4-8801-046e27073747/datanode-4/data/ratis/0f6b5feb-767a-41f7-9caf-eabd82dc7ab2/in_use.lock acquired by nodename 28707@pr-hdds-2034-lb7qt-2171347232
2019-09-18 16:16:51,709 [pool-774-thread-1] INFO  storage.RaftStorage (RaftStorage.java:format(72)) - Storage directory /workdir/hadoop-ozone/integration-test/target/test-dir/MiniOzoneClusterImpl-d91fdf1f-9aec-46f4-8801-046e27073747/datanode-4/data/ratis/0f6b5feb-767a-41f7-9caf-eabd82dc7ab2 has been successfully formatted.
2019-09-18 16:16:51,709 [pool-774-thread-1] INFO  ratis.ContainerStateMachine (ContainerStateMachine.java:loadSnapshot(226)) - group-EABD82DC7AB2: The snapshot info is null. Setting the last applied indexto:(t:0, i:~)
2019-09-18 16:16:51,709 [pool-774-thread-1] INFO  server.RaftServerConfigKeys (ConfUtils.java:logGet(43)) - raft.server.leader.election.timeout = 120s (custom)
2019-09-18 16:16:51,710 [pool-774-thread-1] INFO  server.RaftServerConfigKeys (ConfUtils.java:logGet(43)) - raft.server.log.use.memory = false (default)
2019-09-18 16:16:51,710 [pool-774-thread-1] INFO  server.RaftServerConfigKeys (ConfUtils.java:logGet(43)) - raft.server.log.purge.gap = 1000000 (custom)
2019-09-18 16:16:51,710 [pool-774-thread-1] INFO  server.RaftServerConfigKeys (ConfUtils.java:logGet(43)) - raft.server.log.appender.buffer.byte-limit = 33554432 (custom)
2019-09-18 16:16:51,710 [pool-774-thread-1] INFO  server.RaftServerConfigKeys (ConfUtils.java:logGet(43)) - raft.server.log.segment.size.max = 1048576 (custom)
2019-09-18 16:16:51,710 [pool-774-thread-1] INFO  server.RaftServerConfigKeys (ConfUtils.java:logGet(43)) - raft.server.log.segment.cache.num.max = 2 (custom)
2019-09-18 16:16:51,710 [pool-774-thread-1] INFO  segmented.SegmentedRaftLogWorker (SegmentedRaftLogWorker.java:<init>(172)) - new 555b68d4-2424-4ceb-b9ea-24caa74dd18d-SegmentedRaftLogWorker:Storage Directory /workdir/hadoop-ozone/integration-test/target/test-dir/MiniOzoneClusterImpl-d91fdf1f-9aec-46f4-8801-046e27073747/datanode-4/data/ratis/0f6b5feb-767a-41f7-9caf-eabd82dc7ab2 for RaftStorage:Storage Directory /workdir/hadoop-ozone/integration-test/target/test-dir/MiniOzoneClusterImpl-d91fdf1f-9aec-46f4-8801-046e27073747/datanode-4/data/ratis/0f6b5feb-767a-41f7-9caf-eabd82dc7ab2
2019-09-18 16:16:51,711 [pool-774-thread-1] INFO  server.RaftServerConfigKeys (ConfUtils.java:logGet(43)) - raft.server.log.queue.byte-limit = 2147483647 (custom)
2019-09-18 16:16:51,711 [pool-774-thread-1] INFO  server.RaftServerConfigKeys (ConfUtils.java:logGet(43)) - raft.server.log.queue.element-limit = 1024 (custom)
2019-09-18 16:16:51,711 [pool-774-thread-1] INFO  server.RaftServerConfigKeys (ConfUtils.java:logGet(43)) - raft.server.log.segment.size.max = 1048576 (custom)
2019-09-18 16:16:51,711 [pool-774-thread-1] INFO  server.RaftServerConfigKeys (ConfUtils.java:logGet(43)) - raft.server.log.preallocated.size = 16384 (custom)
2019-09-18 16:16:51,711 [pool-774-thread-1] INFO  server.RaftServerConfigKeys (ConfUtils.java:logGet(43)) - raft.server.log.write.buffer.size = 33554432 (custom)
2019-09-18 16:16:51,711 [pool-774-thread-1] INFO  server.RaftServerConfigKeys (ConfUtils.java:logGet(43)) - raft.server.log.force.sync.num = 128 (default)
2019-09-18 16:16:51,711 [pool-774-thread-1] INFO  server.RaftServerConfigKeys (ConfUtils.java:logGet(43)) - raft.server.log.statemachine.data.sync = true (default)
2019-09-18 16:16:51,712 [pool-774-thread-1] INFO  server.RaftServerConfigKeys (ConfUtils.java:logGet(43)) - raft.server.log.statemachine.data.sync.timeout = 10s (default)
2019-09-18 16:16:51,712 [pool-774-thread-1] INFO  server.RaftServerConfigKeys (ConfUtils.java:logGet(43)) - raft.server.log.statemachine.data.sync.timeout.retry = -1 (default)
2019-09-18 16:16:51,712 [pool-774-thread-1] INFO  server.RaftServerConfigKeys (ConfUtils.java:logGet(43)) - raft.server.log.statemachine.data.caching.enabled = true (custom)
2019-09-18 16:16:51,712 [pool-774-thread-1] INFO  segmented.SegmentedRaftLogWorker (SegmentedRaftLogWorker.java:lambda$new$0(132)) - 555b68d4-2424-4ceb-b9ea-24caa74dd18d-SegmentedRaftLogWorker:Storage Directory /workdir/hadoop-ozone/integration-test/target/test-dir/MiniOzoneClusterImpl-d91fdf1f-9aec-46f4-8801-046e27073747/datanode-4/data/ratis/0f6b5feb-767a-41f7-9caf-eabd82dc7ab2: flushIndex: setUnconditionally 0 -> -1
2019-09-18 16:16:51,712 [pool-774-thread-1] INFO  server.RaftServerConfigKeys (ConfUtils.java:logGet(43)) - raft.server.snapshot.auto.trigger.enabled = true (custom)
2019-09-18 16:16:51,713 [pool-774-thread-1] INFO  server.RaftServerConfigKeys (ConfUtils.java:logGet(43)) - raft.server.snapshot.auto.trigger.threshold = 10000 (custom)
2019-09-18 16:16:51,713 [pool-774-thread-1] INFO  server.RaftServerConfigKeys (ConfUtils.java:logGet(43)) - raft.server.retrycache.expirytime = 600000ms (custom)
2019-09-18 16:16:51,713 [pool-774-thread-1] INFO  impl.RaftServerImpl (RaftServerImpl.java:start(180)) - 555b68d4-2424-4ceb-b9ea-24caa74dd18d: start group-EABD82DC7AB2
2019-09-18 16:16:51,713 [pool-774-thread-1] INFO  impl.RaftServerImpl (RaftServerImpl.java:setRole(171)) - 555b68d4-2424-4ceb-b9ea-24caa74dd18d:group-EABD82DC7AB2 changes role from null to FOLLOWER at term 0 for startAsFollower
2019-09-18 16:16:51,713 [pool-774-thread-1] INFO  impl.RoleInfo (RoleInfo.java:updateAndGet(143)) - 555b68d4-2424-4ceb-b9ea-24caa74dd18d: start FollowerState
2019-09-18 16:16:51,714 [pool-774-thread-1] INFO  util.JmxRegister (JmxRegister.java:tryRegister(44)) - Successfully registered JMX Bean with object name Ratis:service=RaftServer,group=group-EABD82DC7AB2,id=555b68d4-2424-4ceb-b9ea-24caa74dd18d
2019-09-18 16:16:51,715 [Command processor thread] INFO  commandhandler.CreatePipelineCommandHandler (CreatePipelineCommandHandler.java:handle(112)) - Create Pipeline RATIS THREE #PipelineID=0f6b5feb-767a-41f7-9caf-eabd82dc7ab2 command succeed on datanode 555b68d4-2424-4ceb-b9ea-24caa74dd18d.
2019-09-18 16:16:51,747 | INFO  | SCMAudit | user=jenkins1000 | ip=192.168.5.185 | op=SEND_HEARTBEAT {datanodeUUID=9820d8fa-8bca-4820-8d69-8b9d38bc65eb, command=[]} | ret=SUCCESS |  
2019-09-18 16:16:51,751 [EventQueue-CreatePipelineStatusForSCMPipelineManager] INFO  pipeline.SCMPipelineManager (SCMPipelineManager.java:onMessage(469)) - receive pipeline PipelineID=7a145caf-a86e-4547-abf6-dc0ddff93b42 create status EXECUTED
2019-09-18 16:16:51,751 [EventQueue-CreatePipelineStatusForSCMPipelineManager] INFO  pipeline.PipelineStateManager (PipelineStateManager.java:openPipeline(134)) - Pipeline Pipeline[ Id: 7a145caf-a86e-4547-abf6-dc0ddff93b42, Nodes: 119461de-c1ab-40a1-84fe-2d3922567ba1{ip: 192.168.5.185, host: pr-hdds-2034-lb7qt-2171347232, networkLocation: /default-rack, certSerialId: null}9820d8fa-8bca-4820-8d69-8b9d38bc65eb{ip: 192.168.5.185, host: pr-hdds-2034-lb7qt-2171347232, networkLocation: /default-rack, certSerialId: null}13430010-64c6-461b-bbc0-84bbac937742{ip: 192.168.5.185, host: pr-hdds-2034-lb7qt-2171347232, networkLocation: /default-rack, certSerialId: null}, Type:RATIS, Factor:THREE, State:ALLOCATED] moved to OPEN state
add pipeline PipelineID=7a145caf-a86e-4547-abf6-dc0ddff93b42 to metrics map
2019-09-18 16:16:51,752 [EventQueue-CreatePipelineStatusForSCMPipelineManager] INFO  pipeline.SCMPipelineManager (SCMPipelineManager.java:onMessage(469)) - receive pipeline PipelineID=d9c4cb00-11f3-401b-bac1-dd53bc2e3b4c create status EXECUTED
2019-09-18 16:16:51,752 [EventQueue-NewOpenPipelineForHealthyPipelineSafeModeRule] INFO  safemode.SCMSafeModeManager (HealthyPipelineSafeModeRule.java:process(120)) - SCM in safe mode. Healthy pipelines reported count is 1, required healthy pipeline reported count is 1
2019-09-18 16:16:51,752 [EventQueue-NewOpenPipelineForHealthyPipelineSafeModeRule] INFO  safemode.SCMSafeModeManager (SCMSafeModeManager.java:validateSafeModeExitRules(177)) - ScmSafeModeManager, all rules are successfully validated
2019-09-18 16:16:51,753 [EventQueue-NewOpenPipelineForHealthyPipelineSafeModeRule] INFO  safemode.SCMSafeModeManager (SCMSafeModeManager.java:exitSafeMode(193)) - SCM exiting safe mode.
2019-09-18 16:16:51,752 [EventQueue-CreatePipelineStatusForSCMPipelineManager] INFO  pipeline.PipelineStateManager (PipelineStateManager.java:openPipeline(134)) - Pipeline Pipeline[ Id: d9c4cb00-11f3-401b-bac1-dd53bc2e3b4c, Nodes: 9820d8fa-8bca-4820-8d69-8b9d38bc65eb{ip: 192.168.5.185, host: pr-hdds-2034-lb7qt-2171347232, networkLocation: /default-rack, certSerialId: null}, Type:RATIS, Factor:ONE, State:ALLOCATED] moved to OPEN state
add pipeline PipelineID=d9c4cb00-11f3-401b-bac1-dd53bc2e3b4c to metrics map
2019-09-18 16:16:51,931 | INFO  | SCMAudit | user=jenkins1000 | ip=192.168.5.185 | op=SEND_HEARTBEAT {datanodeUUID=13430010-64c6-461b-bbc0-84bbac937742, command=[]} | ret=SUCCESS |  
2019-09-18 16:16:51,931 [EventQueue-CreatePipelineStatusForSCMPipelineManager] INFO  pipeline.SCMPipelineManager (SCMPipelineManager.java:onMessage(469)) - receive pipeline PipelineID=e0a94244-fb14-40ce-973e-128a90ff93d9 create status EXECUTED
2019-09-18 16:16:51,931 [EventQueue-CreatePipelineStatusForSCMPipelineManager] INFO  pipeline.PipelineStateManager (PipelineStateManager.java:openPipeline(134)) - Pipeline Pipeline[ Id: e0a94244-fb14-40ce-973e-128a90ff93d9, Nodes: 13430010-64c6-461b-bbc0-84bbac937742{ip: 192.168.5.185, host: pr-hdds-2034-lb7qt-2171347232, networkLocation: /default-rack, certSerialId: null}, Type:RATIS, Factor:ONE, State:ALLOCATED] moved to OPEN state
add pipeline PipelineID=e0a94244-fb14-40ce-973e-128a90ff93d9 to metrics map
2019-09-18 16:16:52,112 | INFO  | SCMAudit | user=jenkins1000 | ip=192.168.5.185 | op=SEND_HEARTBEAT {datanodeUUID=2423363d-8469-460a-b110-ac84e5495342, command=[]} | ret=SUCCESS |  
2019-09-18 16:16:52,125 [grpc-default-executor-6] INFO  impl.RaftServerProxy (RaftServerProxy.java:addNew(89)) - 2423363d-8469-460a-b110-ac84e5495342: addNew group-BC49007DA6A4:[2423363d-8469-460a-b110-ac84e5495342:192.168.5.185:43904] returns group-BC49007DA6A4:java.util.concurrent.CompletableFuture@7274c2d6[Not completed]
2019-09-18 16:16:52,126 [pool-785-thread-1] INFO  impl.RaftServerImpl (RaftServerImpl.java:<init>(93)) - 2423363d-8469-460a-b110-ac84e5495342: new RaftServerImpl for group-BC49007DA6A4:[2423363d-8469-460a-b110-ac84e5495342:192.168.5.185:43904] with ContainerStateMachine:uninitialized
2019-09-18 16:16:52,126 [pool-785-thread-1] INFO  server.RaftServerConfigKeys (ConfUtils.java:logGet(43)) - raft.server.rpc.timeout.min = 5s (custom)
2019-09-18 16:16:52,126 [pool-785-thread-1] INFO  server.RaftServerConfigKeys (ConfUtils.java:logGet(43)) - raft.server.rpc.timeout.max = 5200ms (custom)
2019-09-18 16:16:52,127 [pool-785-thread-1] INFO  server.RaftServerConfigKeys (ConfUtils.java:logGet(43)) - raft.server.rpcslowness.timeout = 120s (custom)
2019-09-18 16:16:52,127 [pool-785-thread-1] INFO  server.RaftServerConfigKeys (ConfUtils.java:logGet(43)) - raft.server.sleep.deviation.threshold = 300 (default)
2019-09-18 16:16:52,127 [pool-785-thread-1] INFO  server.RaftServerConfigKeys (ConfUtils.java:logGet(43)) - raft.server.log.appender.install.snapshot.enabled = false (custom)
2019-09-18 16:16:52,127 [pool-785-thread-1] INFO  impl.RaftServerImpl (ServerState.java:<init>(105)) - 2423363d-8469-460a-b110-ac84e5495342:group-BC49007DA6A4 ConfigurationManager, init=-1: [2423363d-8469-460a-b110-ac84e5495342:192.168.5.185:43904], old=null, confs=<EMPTY_MAP>
2019-09-18 16:16:52,127 [pool-785-thread-1] INFO  server.RaftServerConfigKeys (ConfUtils.java:logGet(43)) - raft.server.storage.dir = [/workdir/hadoop-ozone/integration-test/target/test-dir/MiniOzoneClusterImpl-d91fdf1f-9aec-46f4-8801-046e27073747/datanode-5/data/ratis] (custom)
2019-09-18 16:16:52,128 [pool-785-thread-1] INFO  storage.RaftStorageDirectory (RaftStorageDirectory.java:analyzeStorage(246)) - The storage directory /workdir/hadoop-ozone/integration-test/target/test-dir/MiniOzoneClusterImpl-d91fdf1f-9aec-46f4-8801-046e27073747/datanode-5/data/ratis/a84d5242-aab0-4365-a049-bc49007da6a4 does not exist. Creating ...
2019-09-18 16:16:52,144 | INFO  | SCMAudit | user=jenkins1000 | ip=192.168.5.185 | op=SEND_HEARTBEAT {datanodeUUID=119461de-c1ab-40a1-84fe-2d3922567ba1, command=[]} | ret=SUCCESS |  
2019-09-18 16:16:52,144 [EventQueue-CreatePipelineStatusForSCMPipelineManager] INFO  pipeline.SCMPipelineManager (SCMPipelineManager.java:onMessage(469)) - receive pipeline PipelineID=31c93ad6-74e4-40e6-b958-653301536840 create status EXECUTED
2019-09-18 16:16:52,144 [EventQueue-CreatePipelineStatusForSCMPipelineManager] INFO  pipeline.PipelineStateManager (PipelineStateManager.java:openPipeline(134)) - Pipeline Pipeline[ Id: 31c93ad6-74e4-40e6-b958-653301536840, Nodes: 119461de-c1ab-40a1-84fe-2d3922567ba1{ip: 192.168.5.185, host: pr-hdds-2034-lb7qt-2171347232, networkLocation: /default-rack, certSerialId: null}, Type:RATIS, Factor:ONE, State:ALLOCATED] moved to OPEN state
add pipeline PipelineID=31c93ad6-74e4-40e6-b958-653301536840 to metrics map
2019-09-18 16:16:52,144 [EventQueue-CreatePipelineStatusForSCMPipelineManager] INFO  pipeline.SCMPipelineManager (SCMPipelineManager.java:onMessage(469)) - receive pipeline PipelineID=7a145caf-a86e-4547-abf6-dc0ddff93b42 create status EXECUTED
2019-09-18 16:16:52,152 [pool-785-thread-1] INFO  storage.RaftStorageDirectory (RaftStorageDirectory.java:tryLock(328)) - Lock on /workdir/hadoop-ozone/integration-test/target/test-dir/MiniOzoneClusterImpl-d91fdf1f-9aec-46f4-8801-046e27073747/datanode-5/data/ratis/a84d5242-aab0-4365-a049-bc49007da6a4/in_use.lock acquired by nodename 28707@pr-hdds-2034-lb7qt-2171347232
2019-09-18 16:16:52,169 [pool-785-thread-1] INFO  storage.RaftStorage (RaftStorage.java:format(72)) - Storage directory /workdir/hadoop-ozone/integration-test/target/test-dir/MiniOzoneClusterImpl-d91fdf1f-9aec-46f4-8801-046e27073747/datanode-5/data/ratis/a84d5242-aab0-4365-a049-bc49007da6a4 has been successfully formatted.
2019-09-18 16:16:52,169 [pool-785-thread-1] INFO  ratis.ContainerStateMachine (ContainerStateMachine.java:loadSnapshot(226)) - group-BC49007DA6A4: The snapshot info is null. Setting the last applied indexto:(t:0, i:~)
2019-09-18 16:16:52,170 [pool-785-thread-1] INFO  server.RaftServerConfigKeys (ConfUtils.java:logGet(43)) - raft.server.leader.election.timeout = 120s (custom)
2019-09-18 16:16:52,170 [pool-785-thread-1] INFO  server.RaftServerConfigKeys (ConfUtils.java:logGet(43)) - raft.server.log.use.memory = false (default)
2019-09-18 16:16:52,170 [pool-785-thread-1] INFO  server.RaftServerConfigKeys (ConfUtils.java:logGet(43)) - raft.server.log.purge.gap = 1000000 (custom)
2019-09-18 16:16:52,170 [pool-785-thread-1] INFO  server.RaftServerConfigKeys (ConfUtils.java:logGet(43)) - raft.server.log.appender.buffer.byte-limit = 33554432 (custom)
2019-09-18 16:16:52,170 [pool-785-thread-1] INFO  server.RaftServerConfigKeys (ConfUtils.java:logGet(43)) - raft.server.log.segment.size.max = 1048576 (custom)
2019-09-18 16:16:52,170 [pool-785-thread-1] INFO  server.RaftServerConfigKeys (ConfUtils.java:logGet(43)) - raft.server.log.segment.cache.num.max = 2 (custom)
2019-09-18 16:16:52,170 [pool-785-thread-1] INFO  segmented.SegmentedRaftLogWorker (SegmentedRaftLogWorker.java:<init>(172)) - new 2423363d-8469-460a-b110-ac84e5495342-SegmentedRaftLogWorker:Storage Directory /workdir/hadoop-ozone/integration-test/target/test-dir/MiniOzoneClusterImpl-d91fdf1f-9aec-46f4-8801-046e27073747/datanode-5/data/ratis/a84d5242-aab0-4365-a049-bc49007da6a4 for RaftStorage:Storage Directory /workdir/hadoop-ozone/integration-test/target/test-dir/MiniOzoneClusterImpl-d91fdf1f-9aec-46f4-8801-046e27073747/datanode-5/data/ratis/a84d5242-aab0-4365-a049-bc49007da6a4
2019-09-18 16:16:52,171 [pool-785-thread-1] INFO  server.RaftServerConfigKeys (ConfUtils.java:logGet(43)) - raft.server.log.queue.byte-limit = 2147483647 (custom)
2019-09-18 16:16:52,171 [pool-785-thread-1] INFO  server.RaftServerConfigKeys (ConfUtils.java:logGet(43)) - raft.server.log.queue.element-limit = 1024 (custom)
2019-09-18 16:16:52,171 [pool-785-thread-1] INFO  server.RaftServerConfigKeys (ConfUtils.java:logGet(43)) - raft.server.log.segment.size.max = 1048576 (custom)
2019-09-18 16:16:52,171 [pool-785-thread-1] INFO  server.RaftServerConfigKeys (ConfUtils.java:logGet(43)) - raft.server.log.preallocated.size = 16384 (custom)
2019-09-18 16:16:52,171 [pool-785-thread-1] INFO  server.RaftServerConfigKeys (ConfUtils.java:logGet(43)) - raft.server.log.write.buffer.size = 33554432 (custom)
2019-09-18 16:16:52,171 [pool-785-thread-1] INFO  server.RaftServerConfigKeys (ConfUtils.java:logGet(43)) - raft.server.log.force.sync.num = 128 (default)
2019-09-18 16:16:52,172 [pool-785-thread-1] INFO  server.RaftServerConfigKeys (ConfUtils.java:logGet(43)) - raft.server.log.statemachine.data.sync = true (default)
2019-09-18 16:16:52,172 [pool-785-thread-1] INFO  server.RaftServerConfigKeys (ConfUtils.java:logGet(43)) - raft.server.log.statemachine.data.sync.timeout = 10s (default)
2019-09-18 16:16:52,172 [pool-785-thread-1] INFO  server.RaftServerConfigKeys (ConfUtils.java:logGet(43)) - raft.server.log.statemachine.data.sync.timeout.retry = -1 (default)
2019-09-18 16:16:52,172 [pool-785-thread-1] INFO  server.RaftServerConfigKeys (ConfUtils.java:logGet(43)) - raft.server.log.statemachine.data.caching.enabled = true (custom)
2019-09-18 16:16:52,172 [pool-785-thread-1] INFO  segmented.SegmentedRaftLogWorker (SegmentedRaftLogWorker.java:lambda$new$0(132)) - 2423363d-8469-460a-b110-ac84e5495342-SegmentedRaftLogWorker:Storage Directory /workdir/hadoop-ozone/integration-test/target/test-dir/MiniOzoneClusterImpl-d91fdf1f-9aec-46f4-8801-046e27073747/datanode-5/data/ratis/a84d5242-aab0-4365-a049-bc49007da6a4: flushIndex: setUnconditionally 0 -> -1
2019-09-18 16:16:52,173 [pool-785-thread-1] INFO  server.RaftServerConfigKeys (ConfUtils.java:logGet(43)) - raft.server.snapshot.auto.trigger.enabled = true (custom)
2019-09-18 16:16:52,173 [pool-785-thread-1] INFO  server.RaftServerConfigKeys (ConfUtils.java:logGet(43)) - raft.server.snapshot.auto.trigger.threshold = 10000 (custom)
2019-09-18 16:16:52,173 [pool-785-thread-1] INFO  server.RaftServerConfigKeys (ConfUtils.java:logGet(43)) - raft.server.retrycache.expirytime = 600000ms (custom)
2019-09-18 16:16:52,173 [pool-785-thread-1] INFO  impl.RaftServerImpl (RaftServerImpl.java:start(180)) - 2423363d-8469-460a-b110-ac84e5495342: start group-BC49007DA6A4
2019-09-18 16:16:52,173 [pool-785-thread-1] INFO  impl.RaftServerImpl (RaftServerImpl.java:setRole(171)) - 2423363d-8469-460a-b110-ac84e5495342:group-BC49007DA6A4 changes role from null to FOLLOWER at term 0 for startAsFollower
2019-09-18 16:16:52,173 [pool-785-thread-1] INFO  impl.RoleInfo (RoleInfo.java:updateAndGet(143)) - 2423363d-8469-460a-b110-ac84e5495342: start FollowerState
2019-09-18 16:16:52,174 [pool-785-thread-1] INFO  util.JmxRegister (JmxRegister.java:tryRegister(44)) - Successfully registered JMX Bean with object name Ratis:service=RaftServer,group=group-BC49007DA6A4,id=2423363d-8469-460a-b110-ac84e5495342
2019-09-18 16:16:52,176 [Command processor thread] INFO  commandhandler.CreatePipelineCommandHandler (CreatePipelineCommandHandler.java:handle(112)) - Create Pipeline RATIS ONE #PipelineID=a84d5242-aab0-4365-a049-bc49007da6a4 command succeed on datanode 2423363d-8469-460a-b110-ac84e5495342.
2019-09-18 16:16:52,184 [grpc-default-executor-6] INFO  impl.RaftServerProxy (RaftServerProxy.java:addNew(89)) - 2423363d-8469-460a-b110-ac84e5495342: addNew group-EABD82DC7AB2:[555b68d4-2424-4ceb-b9ea-24caa74dd18d:192.168.5.185:39269, 17ef1155-4979-4874-bb40-cb4e4583a7bb:192.168.5.185:33020, 2423363d-8469-460a-b110-ac84e5495342:192.168.5.185:43904] returns group-EABD82DC7AB2:java.util.concurrent.CompletableFuture@4bb34326[Not completed]
2019-09-18 16:16:52,185 [pool-785-thread-1] INFO  impl.RaftServerImpl (RaftServerImpl.java:<init>(93)) - 2423363d-8469-460a-b110-ac84e5495342: new RaftServerImpl for group-EABD82DC7AB2:[555b68d4-2424-4ceb-b9ea-24caa74dd18d:192.168.5.185:39269, 17ef1155-4979-4874-bb40-cb4e4583a7bb:192.168.5.185:33020, 2423363d-8469-460a-b110-ac84e5495342:192.168.5.185:43904] with ContainerStateMachine:uninitialized
2019-09-18 16:16:52,185 [pool-785-thread-1] INFO  server.RaftServerConfigKeys (ConfUtils.java:logGet(43)) - raft.server.rpc.timeout.min = 5s (custom)
2019-09-18 16:16:52,185 [pool-785-thread-1] INFO  server.RaftServerConfigKeys (ConfUtils.java:logGet(43)) - raft.server.rpc.timeout.max = 5200ms (custom)
2019-09-18 16:16:52,185 [pool-785-thread-1] INFO  server.RaftServerConfigKeys (ConfUtils.java:logGet(43)) - raft.server.rpcslowness.timeout = 120s (custom)
2019-09-18 16:16:52,185 [pool-785-thread-1] INFO  server.RaftServerConfigKeys (ConfUtils.java:logGet(43)) - raft.server.sleep.deviation.threshold = 300 (default)
2019-09-18 16:16:52,185 [pool-785-thread-1] INFO  server.RaftServerConfigKeys (ConfUtils.java:logGet(43)) - raft.server.log.appender.install.snapshot.enabled = false (custom)
2019-09-18 16:16:52,185 [pool-785-thread-1] INFO  impl.RaftServerImpl (ServerState.java:<init>(105)) - 2423363d-8469-460a-b110-ac84e5495342:group-EABD82DC7AB2 ConfigurationManager, init=-1: [555b68d4-2424-4ceb-b9ea-24caa74dd18d:192.168.5.185:39269, 17ef1155-4979-4874-bb40-cb4e4583a7bb:192.168.5.185:33020, 2423363d-8469-460a-b110-ac84e5495342:192.168.5.185:43904], old=null, confs=<EMPTY_MAP>
2019-09-18 16:16:52,186 [pool-785-thread-1] INFO  server.RaftServerConfigKeys (ConfUtils.java:logGet(43)) - raft.server.storage.dir = [/workdir/hadoop-ozone/integration-test/target/test-dir/MiniOzoneClusterImpl-d91fdf1f-9aec-46f4-8801-046e27073747/datanode-5/data/ratis] (custom)
2019-09-18 16:16:52,186 [pool-785-thread-1] INFO  storage.RaftStorageDirectory (RaftStorageDirectory.java:analyzeStorage(246)) - The storage directory /workdir/hadoop-ozone/integration-test/target/test-dir/MiniOzoneClusterImpl-d91fdf1f-9aec-46f4-8801-046e27073747/datanode-5/data/ratis/0f6b5feb-767a-41f7-9caf-eabd82dc7ab2 does not exist. Creating ...
2019-09-18 16:16:52,211 [pool-785-thread-1] INFO  storage.RaftStorageDirectory (RaftStorageDirectory.java:tryLock(328)) - Lock on /workdir/hadoop-ozone/integration-test/target/test-dir/MiniOzoneClusterImpl-d91fdf1f-9aec-46f4-8801-046e27073747/datanode-5/data/ratis/0f6b5feb-767a-41f7-9caf-eabd82dc7ab2/in_use.lock acquired by nodename 28707@pr-hdds-2034-lb7qt-2171347232
2019-09-18 16:16:52,237 [pool-785-thread-1] INFO  storage.RaftStorage (RaftStorage.java:format(72)) - Storage directory /workdir/hadoop-ozone/integration-test/target/test-dir/MiniOzoneClusterImpl-d91fdf1f-9aec-46f4-8801-046e27073747/datanode-5/data/ratis/0f6b5feb-767a-41f7-9caf-eabd82dc7ab2 has been successfully formatted.
2019-09-18 16:16:52,237 [pool-785-thread-1] INFO  ratis.ContainerStateMachine (ContainerStateMachine.java:loadSnapshot(226)) - group-EABD82DC7AB2: The snapshot info is null. Setting the last applied indexto:(t:0, i:~)
2019-09-18 16:16:52,237 [pool-785-thread-1] INFO  server.RaftServerConfigKeys (ConfUtils.java:logGet(43)) - raft.server.leader.election.timeout = 120s (custom)
2019-09-18 16:16:52,237 [pool-785-thread-1] INFO  server.RaftServerConfigKeys (ConfUtils.java:logGet(43)) - raft.server.log.use.memory = false (default)
2019-09-18 16:16:52,237 [pool-785-thread-1] INFO  server.RaftServerConfigKeys (ConfUtils.java:logGet(43)) - raft.server.log.purge.gap = 1000000 (custom)
2019-09-18 16:16:52,237 [pool-785-thread-1] INFO  server.RaftServerConfigKeys (ConfUtils.java:logGet(43)) - raft.server.log.appender.buffer.byte-limit = 33554432 (custom)
2019-09-18 16:16:52,238 [pool-785-thread-1] INFO  server.RaftServerConfigKeys (ConfUtils.java:logGet(43)) - raft.server.log.segment.size.max = 1048576 (custom)
2019-09-18 16:16:52,238 [pool-785-thread-1] INFO  server.RaftServerConfigKeys (ConfUtils.java:logGet(43)) - raft.server.log.segment.cache.num.max = 2 (custom)
2019-09-18 16:16:52,238 [pool-785-thread-1] INFO  segmented.SegmentedRaftLogWorker (SegmentedRaftLogWorker.java:<init>(172)) - new 2423363d-8469-460a-b110-ac84e5495342-SegmentedRaftLogWorker:Storage Directory /workdir/hadoop-ozone/integration-test/target/test-dir/MiniOzoneClusterImpl-d91fdf1f-9aec-46f4-8801-046e27073747/datanode-5/data/ratis/0f6b5feb-767a-41f7-9caf-eabd82dc7ab2 for RaftStorage:Storage Directory /workdir/hadoop-ozone/integration-test/target/test-dir/MiniOzoneClusterImpl-d91fdf1f-9aec-46f4-8801-046e27073747/datanode-5/data/ratis/0f6b5feb-767a-41f7-9caf-eabd82dc7ab2
2019-09-18 16:16:52,238 [pool-785-thread-1] INFO  server.RaftServerConfigKeys (ConfUtils.java:logGet(43)) - raft.server.log.queue.byte-limit = 2147483647 (custom)
2019-09-18 16:16:52,238 [pool-785-thread-1] INFO  server.RaftServerConfigKeys (ConfUtils.java:logGet(43)) - raft.server.log.queue.element-limit = 1024 (custom)
2019-09-18 16:16:52,238 [pool-785-thread-1] INFO  server.RaftServerConfigKeys (ConfUtils.java:logGet(43)) - raft.server.log.segment.size.max = 1048576 (custom)
2019-09-18 16:16:52,238 [pool-785-thread-1] INFO  server.RaftServerConfigKeys (ConfUtils.java:logGet(43)) - raft.server.log.preallocated.size = 16384 (custom)
2019-09-18 16:16:52,238 [pool-785-thread-1] INFO  server.RaftServerConfigKeys (ConfUtils.java:logGet(43)) - raft.server.log.write.buffer.size = 33554432 (custom)
2019-09-18 16:16:52,239 [pool-785-thread-1] INFO  server.RaftServerConfigKeys (ConfUtils.java:logGet(43)) - raft.server.log.force.sync.num = 128 (default)
2019-09-18 16:16:52,239 [pool-785-thread-1] INFO  server.RaftServerConfigKeys (ConfUtils.java:logGet(43)) - raft.server.log.statemachine.data.sync = true (default)
2019-09-18 16:16:52,239 [pool-785-thread-1] INFO  server.RaftServerConfigKeys (ConfUtils.java:logGet(43)) - raft.server.log.statemachine.data.sync.timeout = 10s (default)
2019-09-18 16:16:52,239 [pool-785-thread-1] INFO  server.RaftServerConfigKeys (ConfUtils.java:logGet(43)) - raft.server.log.statemachine.data.sync.timeout.retry = -1 (default)
2019-09-18 16:16:52,239 [pool-785-thread-1] INFO  server.RaftServerConfigKeys (ConfUtils.java:logGet(43)) - raft.server.log.statemachine.data.caching.enabled = true (custom)
2019-09-18 16:16:52,239 [pool-785-thread-1] INFO  segmented.SegmentedRaftLogWorker (SegmentedRaftLogWorker.java:lambda$new$0(132)) - 2423363d-8469-460a-b110-ac84e5495342-SegmentedRaftLogWorker:Storage Directory /workdir/hadoop-ozone/integration-test/target/test-dir/MiniOzoneClusterImpl-d91fdf1f-9aec-46f4-8801-046e27073747/datanode-5/data/ratis/0f6b5feb-767a-41f7-9caf-eabd82dc7ab2: flushIndex: setUnconditionally 0 -> -1
2019-09-18 16:16:52,240 [pool-785-thread-1] INFO  server.RaftServerConfigKeys (ConfUtils.java:logGet(43)) - raft.server.snapshot.auto.trigger.enabled = true (custom)
2019-09-18 16:16:52,240 [pool-785-thread-1] INFO  server.RaftServerConfigKeys (ConfUtils.java:logGet(43)) - raft.server.snapshot.auto.trigger.threshold = 10000 (custom)
2019-09-18 16:16:52,240 [pool-785-thread-1] INFO  server.RaftServerConfigKeys (ConfUtils.java:logGet(43)) - raft.server.retrycache.expirytime = 600000ms (custom)
2019-09-18 16:16:52,240 [pool-785-thread-1] INFO  impl.RaftServerImpl (RaftServerImpl.java:start(180)) - 2423363d-8469-460a-b110-ac84e5495342: start group-EABD82DC7AB2
2019-09-18 16:16:52,240 [pool-785-thread-1] INFO  impl.RaftServerImpl (RaftServerImpl.java:setRole(171)) - 2423363d-8469-460a-b110-ac84e5495342:group-EABD82DC7AB2 changes role from null to FOLLOWER at term 0 for startAsFollower
2019-09-18 16:16:52,240 [pool-785-thread-1] INFO  impl.RoleInfo (RoleInfo.java:updateAndGet(143)) - 2423363d-8469-460a-b110-ac84e5495342: start FollowerState
2019-09-18 16:16:52,240 [pool-785-thread-1] INFO  util.JmxRegister (JmxRegister.java:tryRegister(44)) - Successfully registered JMX Bean with object name Ratis:service=RaftServer,group=group-EABD82DC7AB2,id=2423363d-8469-460a-b110-ac84e5495342
2019-09-18 16:16:52,242 [Command processor thread] INFO  commandhandler.CreatePipelineCommandHandler (CreatePipelineCommandHandler.java:handle(112)) - Create Pipeline RATIS THREE #PipelineID=0f6b5feb-767a-41f7-9caf-eabd82dc7ab2 command succeed on datanode 2423363d-8469-460a-b110-ac84e5495342.
2019-09-18 16:16:52,304 | INFO  | SCMAudit | user=jenkins1000 | ip=192.168.5.185 | op=SEND_HEARTBEAT {datanodeUUID=9f06f9a1-0ee8-4e87-9cd3-431ea6fb3977, command=[]} | ret=SUCCESS |  
2019-09-18 16:16:52,306 [main] INFO  ozone.MiniOzoneClusterImpl (MiniOzoneClusterImpl.java:lambda$waitForClusterToBeReady$0(145)) - Nodes are ready. Got 7 of 7 DN Heartbeats.
2019-09-18 16:16:52,306 [main] INFO  ozone.MiniOzoneClusterImpl (MiniOzoneClusterImpl.java:lambda$waitForClusterToBeReady$0(148)) - Cluster exits safe mode
2019-09-18 16:16:52,313 [grpc-default-executor-6] INFO  impl.RaftServerProxy (RaftServerProxy.java:addNew(89)) - 9f06f9a1-0ee8-4e87-9cd3-431ea6fb3977: addNew group-015500AA4C0B:[9f06f9a1-0ee8-4e87-9cd3-431ea6fb3977:192.168.5.185:42408] returns group-015500AA4C0B:java.util.concurrent.CompletableFuture@56c7f34e[Not completed]
2019-09-18 16:16:52,313 [pool-796-thread-1] INFO  impl.RaftServerImpl (RaftServerImpl.java:<init>(93)) - 9f06f9a1-0ee8-4e87-9cd3-431ea6fb3977: new RaftServerImpl for group-015500AA4C0B:[9f06f9a1-0ee8-4e87-9cd3-431ea6fb3977:192.168.5.185:42408] with ContainerStateMachine:uninitialized
2019-09-18 16:16:52,314 [pool-796-thread-1] INFO  server.RaftServerConfigKeys (ConfUtils.java:logGet(43)) - raft.server.rpc.timeout.min = 5s (custom)
2019-09-18 16:16:52,314 [pool-796-thread-1] INFO  server.RaftServerConfigKeys (ConfUtils.java:logGet(43)) - raft.server.rpc.timeout.max = 5200ms (custom)
2019-09-18 16:16:52,314 [pool-796-thread-1] INFO  server.RaftServerConfigKeys (ConfUtils.java:logGet(43)) - raft.server.rpcslowness.timeout = 120s (custom)
2019-09-18 16:16:52,314 [pool-796-thread-1] INFO  server.RaftServerConfigKeys (ConfUtils.java:logGet(43)) - raft.server.sleep.deviation.threshold = 300 (default)
2019-09-18 16:16:52,314 [pool-796-thread-1] INFO  server.RaftServerConfigKeys (ConfUtils.java:logGet(43)) - raft.server.log.appender.install.snapshot.enabled = false (custom)
2019-09-18 16:16:52,314 [pool-796-thread-1] INFO  impl.RaftServerImpl (ServerState.java:<init>(105)) - 9f06f9a1-0ee8-4e87-9cd3-431ea6fb3977:group-015500AA4C0B ConfigurationManager, init=-1: [9f06f9a1-0ee8-4e87-9cd3-431ea6fb3977:192.168.5.185:42408], old=null, confs=<EMPTY_MAP>
2019-09-18 16:16:52,314 [pool-796-thread-1] INFO  server.RaftServerConfigKeys (ConfUtils.java:logGet(43)) - raft.server.storage.dir = [/workdir/hadoop-ozone/integration-test/target/test-dir/MiniOzoneClusterImpl-d91fdf1f-9aec-46f4-8801-046e27073747/datanode-6/data/ratis] (custom)
2019-09-18 16:16:52,315 [pool-796-thread-1] INFO  storage.RaftStorageDirectory (RaftStorageDirectory.java:analyzeStorage(246)) - The storage directory /workdir/hadoop-ozone/integration-test/target/test-dir/MiniOzoneClusterImpl-d91fdf1f-9aec-46f4-8801-046e27073747/datanode-6/data/ratis/35278954-9c47-474e-a9b0-015500aa4c0b does not exist. Creating ...
2019-09-18 16:16:52,338 [pool-796-thread-1] INFO  storage.RaftStorageDirectory (RaftStorageDirectory.java:tryLock(328)) - Lock on /workdir/hadoop-ozone/integration-test/target/test-dir/MiniOzoneClusterImpl-d91fdf1f-9aec-46f4-8801-046e27073747/datanode-6/data/ratis/35278954-9c47-474e-a9b0-015500aa4c0b/in_use.lock acquired by nodename 28707@pr-hdds-2034-lb7qt-2171347232
2019-09-18 16:16:52,347 | INFO  | SCMAudit | user=jenkins1000 | ip=192.168.5.185 | op=SEND_HEARTBEAT {datanodeUUID=17ef1155-4979-4874-bb40-cb4e4583a7bb, command=[]} | ret=SUCCESS |  
2019-09-18 16:16:52,347 [EventQueue-CreatePipelineStatusForSCMPipelineManager] INFO  pipeline.SCMPipelineManager (SCMPipelineManager.java:onMessage(469)) - receive pipeline PipelineID=0f6b5feb-767a-41f7-9caf-eabd82dc7ab2 create status EXECUTED
2019-09-18 16:16:52,347 [EventQueue-CreatePipelineStatusForSCMPipelineManager] INFO  pipeline.PipelineStateManager (PipelineStateManager.java:openPipeline(134)) - Pipeline Pipeline[ Id: 0f6b5feb-767a-41f7-9caf-eabd82dc7ab2, Nodes: 555b68d4-2424-4ceb-b9ea-24caa74dd18d{ip: 192.168.5.185, host: pr-hdds-2034-lb7qt-2171347232, networkLocation: /default-rack, certSerialId: null}17ef1155-4979-4874-bb40-cb4e4583a7bb{ip: 192.168.5.185, host: pr-hdds-2034-lb7qt-2171347232, networkLocation: /default-rack, certSerialId: null}2423363d-8469-460a-b110-ac84e5495342{ip: 192.168.5.185, host: pr-hdds-2034-lb7qt-2171347232, networkLocation: /default-rack, certSerialId: null}, Type:RATIS, Factor:THREE, State:ALLOCATED] moved to OPEN state
add pipeline PipelineID=0f6b5feb-767a-41f7-9caf-eabd82dc7ab2 to metrics map
2019-09-18 16:16:52,347 [EventQueue-CreatePipelineStatusForSCMPipelineManager] INFO  pipeline.SCMPipelineManager (SCMPipelineManager.java:onMessage(469)) - receive pipeline PipelineID=54e34dc3-7651-490e-9831-87c2aada54c6 create status EXECUTED
2019-09-18 16:16:52,348 [EventQueue-CreatePipelineStatusForSCMPipelineManager] INFO  pipeline.PipelineStateManager (PipelineStateManager.java:openPipeline(134)) - Pipeline Pipeline[ Id: 54e34dc3-7651-490e-9831-87c2aada54c6, Nodes: 17ef1155-4979-4874-bb40-cb4e4583a7bb{ip: 192.168.5.185, host: pr-hdds-2034-lb7qt-2171347232, networkLocation: /default-rack, certSerialId: null}, Type:RATIS, Factor:ONE, State:ALLOCATED] moved to OPEN state
add pipeline PipelineID=54e34dc3-7651-490e-9831-87c2aada54c6 to metrics map
2019-09-18 16:16:52,351 [main] INFO  rpc.RpcClient (RpcClient.java:createVolume(293)) - Creating Volume: testblockoutputstream, with jenkins1000 as owner.
2019-09-18 16:16:52,353 | INFO  | OMAudit | user=jenkins1000 | ip=127.0.0.1 | op=CREATE_VOLUME {admin=jenkins1000, owner=jenkins1000, volume=testblockoutputstream, creationTime=1568823412352, quotaInBytes=1152921504606846976} | ret=SUCCESS |  
2019-09-18 16:16:52,366 [pool-796-thread-1] INFO  storage.RaftStorage (RaftStorage.java:format(72)) - Storage directory /workdir/hadoop-ozone/integration-test/target/test-dir/MiniOzoneClusterImpl-d91fdf1f-9aec-46f4-8801-046e27073747/datanode-6/data/ratis/35278954-9c47-474e-a9b0-015500aa4c0b has been successfully formatted.
2019-09-18 16:16:52,366 | INFO  | OMAudit | user=jenkins1000 | ip=127.0.0.1 | op=READ_VOLUME {volume=testblockoutputstream} | ret=SUCCESS |  
2019-09-18 16:16:52,366 [pool-796-thread-1] INFO  ratis.ContainerStateMachine (ContainerStateMachine.java:loadSnapshot(226)) - group-015500AA4C0B: The snapshot info is null. Setting the last applied indexto:(t:0, i:~)
2019-09-18 16:16:52,366 [pool-796-thread-1] INFO  server.RaftServerConfigKeys (ConfUtils.java:logGet(43)) - raft.server.leader.election.timeout = 120s (custom)
2019-09-18 16:16:52,366 [pool-796-thread-1] INFO  server.RaftServerConfigKeys (ConfUtils.java:logGet(43)) - raft.server.log.use.memory = false (default)
2019-09-18 16:16:52,366 [pool-796-thread-1] INFO  server.RaftServerConfigKeys (ConfUtils.java:logGet(43)) - raft.server.log.purge.gap = 1000000 (custom)
2019-09-18 16:16:52,366 [pool-796-thread-1] INFO  server.RaftServerConfigKeys (ConfUtils.java:logGet(43)) - raft.server.log.appender.buffer.byte-limit = 33554432 (custom)
2019-09-18 16:16:52,366 [pool-796-thread-1] INFO  server.RaftServerConfigKeys (ConfUtils.java:logGet(43)) - raft.server.log.segment.size.max = 1048576 (custom)
2019-09-18 16:16:52,367 [pool-796-thread-1] INFO  server.RaftServerConfigKeys (ConfUtils.java:logGet(43)) - raft.server.log.segment.cache.num.max = 2 (custom)
2019-09-18 16:16:52,367 [main] INFO  rpc.RpcClient (RpcClient.java:createBucket(432)) - Creating Bucket: testblockoutputstream/testblockoutputstream, with Versioning false and Storage Type set to DISK and Encryption set to false 
2019-09-18 16:16:52,367 [pool-796-thread-1] INFO  segmented.SegmentedRaftLogWorker (SegmentedRaftLogWorker.java:<init>(172)) - new 9f06f9a1-0ee8-4e87-9cd3-431ea6fb3977-SegmentedRaftLogWorker:Storage Directory /workdir/hadoop-ozone/integration-test/target/test-dir/MiniOzoneClusterImpl-d91fdf1f-9aec-46f4-8801-046e27073747/datanode-6/data/ratis/35278954-9c47-474e-a9b0-015500aa4c0b for RaftStorage:Storage Directory /workdir/hadoop-ozone/integration-test/target/test-dir/MiniOzoneClusterImpl-d91fdf1f-9aec-46f4-8801-046e27073747/datanode-6/data/ratis/35278954-9c47-474e-a9b0-015500aa4c0b
2019-09-18 16:16:52,367 [pool-796-thread-1] INFO  server.RaftServerConfigKeys (ConfUtils.java:logGet(43)) - raft.server.log.queue.byte-limit = 2147483647 (custom)
2019-09-18 16:16:52,367 [pool-796-thread-1] INFO  server.RaftServerConfigKeys (ConfUtils.java:logGet(43)) - raft.server.log.queue.element-limit = 1024 (custom)
2019-09-18 16:16:52,367 [pool-796-thread-1] INFO  server.RaftServerConfigKeys (ConfUtils.java:logGet(43)) - raft.server.log.segment.size.max = 1048576 (custom)
2019-09-18 16:16:52,368 [pool-796-thread-1] INFO  server.RaftServerConfigKeys (ConfUtils.java:logGet(43)) - raft.server.log.preallocated.size = 16384 (custom)
2019-09-18 16:16:52,368 [pool-796-thread-1] INFO  server.RaftServerConfigKeys (ConfUtils.java:logGet(43)) - raft.server.log.write.buffer.size = 33554432 (custom)
2019-09-18 16:16:52,368 [pool-796-thread-1] INFO  server.RaftServerConfigKeys (ConfUtils.java:logGet(43)) - raft.server.log.force.sync.num = 128 (default)
2019-09-18 16:16:52,368 [pool-796-thread-1] INFO  server.RaftServerConfigKeys (ConfUtils.java:logGet(43)) - raft.server.log.statemachine.data.sync = true (default)
2019-09-18 16:16:52,368 [pool-796-thread-1] INFO  server.RaftServerConfigKeys (ConfUtils.java:logGet(43)) - raft.server.log.statemachine.data.sync.timeout = 10s (default)
2019-09-18 16:16:52,368 [pool-796-thread-1] INFO  server.RaftServerConfigKeys (ConfUtils.java:logGet(43)) - raft.server.log.statemachine.data.sync.timeout.retry = -1 (default)
2019-09-18 16:16:52,370 [pool-796-thread-1] INFO  server.RaftServerConfigKeys (ConfUtils.java:logGet(43)) - raft.server.log.statemachine.data.caching.enabled = true (custom)
2019-09-18 16:16:52,370 [pool-796-thread-1] INFO  segmented.SegmentedRaftLogWorker (SegmentedRaftLogWorker.java:lambda$new$0(132)) - 9f06f9a1-0ee8-4e87-9cd3-431ea6fb3977-SegmentedRaftLogWorker:Storage Directory /workdir/hadoop-ozone/integration-test/target/test-dir/MiniOzoneClusterImpl-d91fdf1f-9aec-46f4-8801-046e27073747/datanode-6/data/ratis/35278954-9c47-474e-a9b0-015500aa4c0b: flushIndex: setUnconditionally 0 -> -1
2019-09-18 16:16:52,371 [pool-796-thread-1] INFO  server.RaftServerConfigKeys (ConfUtils.java:logGet(43)) - raft.server.snapshot.auto.trigger.enabled = true (custom)
2019-09-18 16:16:52,371 [pool-796-thread-1] INFO  server.RaftServerConfigKeys (ConfUtils.java:logGet(43)) - raft.server.snapshot.auto.trigger.threshold = 10000 (custom)
2019-09-18 16:16:52,371 | INFO  | OMAudit | user=jenkins1000 | ip=127.0.0.1 | op=CREATE_BUCKET {volume=testblockoutputstream, bucket=testblockoutputstream, acls=[user:jenkins1000:a[ACCESS], group:default:a[ACCESS]], isVersionEnabled=false, storageType=DISK, creationTime=0} | ret=SUCCESS |  
2019-09-18 16:16:52,371 [pool-796-thread-1] INFO  server.RaftServerConfigKeys (ConfUtils.java:logGet(43)) - raft.server.retrycache.expirytime = 600000ms (custom)
2019-09-18 16:16:52,371 [pool-796-thread-1] INFO  impl.RaftServerImpl (RaftServerImpl.java:start(180)) - 9f06f9a1-0ee8-4e87-9cd3-431ea6fb3977: start group-015500AA4C0B
2019-09-18 16:16:52,371 [pool-796-thread-1] INFO  impl.RaftServerImpl (RaftServerImpl.java:setRole(171)) - 9f06f9a1-0ee8-4e87-9cd3-431ea6fb3977:group-015500AA4C0B changes role from null to FOLLOWER at term 0 for startAsFollower
2019-09-18 16:16:52,371 [pool-796-thread-1] INFO  impl.RoleInfo (RoleInfo.java:updateAndGet(143)) - 9f06f9a1-0ee8-4e87-9cd3-431ea6fb3977: start FollowerState
2019-09-18 16:16:52,372 [pool-796-thread-1] INFO  util.JmxRegister (JmxRegister.java:tryRegister(44)) - Successfully registered JMX Bean with object name Ratis:service=RaftServer,group=group-015500AA4C0B,id=9f06f9a1-0ee8-4e87-9cd3-431ea6fb3977
2019-09-18 16:16:52,373 | INFO  | OMAudit | user=jenkins1000 | ip=127.0.0.1 | op=READ_VOLUME {volume=testblockoutputstream} | ret=SUCCESS |  
2019-09-18 16:16:52,373 [Command processor thread] INFO  commandhandler.CreatePipelineCommandHandler (CreatePipelineCommandHandler.java:handle(112)) - Create Pipeline RATIS ONE #PipelineID=35278954-9c47-474e-a9b0-015500aa4c0b command succeed on datanode 9f06f9a1-0ee8-4e87-9cd3-431ea6fb3977.
2019-09-18 16:16:52,374 | INFO  | OMAudit | user=jenkins1000 | ip=127.0.0.1 | op=READ_BUCKET {volume=testblockoutputstream, bucket=testblockoutputstream} | ret=SUCCESS |  
2019-09-18 16:16:52,381 | INFO  | SCMAudit | user=jenkins1000 | ip=192.168.5.185 | op=ALLOCATE_BLOCK {owner=884232ac-975e-4df2-aa3c-76c7de2a67b8, size=800, type=RATIS, factor=THREE} | ret=SUCCESS |  
2019-09-18 16:16:52,383 | INFO  | OMAudit | user=jenkins1000 | ip=127.0.0.1 | op=ALLOCATE_KEY {volume=testblockoutputstream, bucket=testblockoutputstream, key=b935c2a3-d654-4b6f-a65c-59cc2a509dc5, dataSize=0, replicationType=RATIS, replicationFactor=THREE, keyLocationInfo=null} | ret=SUCCESS |  
2019-09-18 16:16:52,396 [grpc-default-executor-6] INFO  client.GrpcClientProtocolClient (GrpcClientProtocolClient.java:onNext(255)) - client-0A90FA546317->555b68d4-2424-4ceb-b9ea-24caa74dd18d: receive RaftClientReply:client-0A90FA546317->555b68d4-2424-4ceb-b9ea-24caa74dd18d@group-EABD82DC7AB2, cid=264, FAILED org.apache.ratis.protocol.NotLeaderException: Server 555b68d4-2424-4ceb-b9ea-24caa74dd18d is not the leader (null). Request must be sent to leader., logIndex=0, commits[555b68d4-2424-4ceb-b9ea-24caa74dd18d:c-1]
2019-09-18 16:16:52,521 | INFO  | SCMAudit | user=jenkins1000 | ip=192.168.5.185 | op=SEND_HEARTBEAT {datanodeUUID=555b68d4-2424-4ceb-b9ea-24caa74dd18d, command=[]} | ret=SUCCESS |  
2019-09-18 16:16:52,521 [EventQueue-CreatePipelineStatusForSCMPipelineManager] INFO  pipeline.SCMPipelineManager (SCMPipelineManager.java:onMessage(469)) - receive pipeline PipelineID=0f6b5feb-767a-41f7-9caf-eabd82dc7ab2 create status EXECUTED
2019-09-18 16:16:52,522 [EventQueue-CreatePipelineStatusForSCMPipelineManager] INFO  pipeline.SCMPipelineManager (SCMPipelineManager.java:onMessage(469)) - receive pipeline PipelineID=d2486939-b73a-4508-bc0f-8963e2007a88 create status EXECUTED
2019-09-18 16:16:52,522 [EventQueue-CreatePipelineStatusForSCMPipelineManager] INFO  pipeline.PipelineStateManager (PipelineStateManager.java:openPipeline(134)) - Pipeline Pipeline[ Id: d2486939-b73a-4508-bc0f-8963e2007a88, Nodes: 555b68d4-2424-4ceb-b9ea-24caa74dd18d{ip: 192.168.5.185, host: pr-hdds-2034-lb7qt-2171347232, networkLocation: /default-rack, certSerialId: null}, Type:RATIS, Factor:ONE, State:ALLOCATED] moved to OPEN state
add pipeline PipelineID=d2486939-b73a-4508-bc0f-8963e2007a88 to metrics map
2019-09-18 16:16:52,743 | INFO  | SCMAudit | user=jenkins1000 | ip=192.168.5.185 | op=SEND_HEARTBEAT {datanodeUUID=9820d8fa-8bca-4820-8d69-8b9d38bc65eb, command=[]} | ret=SUCCESS |  
2019-09-18 16:16:52,931 | INFO  | SCMAudit | user=jenkins1000 | ip=192.168.5.185 | op=SEND_HEARTBEAT {datanodeUUID=13430010-64c6-461b-bbc0-84bbac937742, command=[]} | ret=SUCCESS |  
2019-09-18 16:16:52,932 [EventQueue-CreatePipelineStatusForSCMPipelineManager] INFO  pipeline.SCMPipelineManager (SCMPipelineManager.java:onMessage(469)) - receive pipeline PipelineID=7a145caf-a86e-4547-abf6-dc0ddff93b42 create status EXECUTED
add pipeline PipelineID=7a145caf-a86e-4547-abf6-dc0ddff93b42 to metrics map
2019-09-18 16:16:53,113 | INFO  | SCMAudit | user=jenkins1000 | ip=192.168.5.185 | op=SEND_HEARTBEAT {datanodeUUID=2423363d-8469-460a-b110-ac84e5495342, command=[]} | ret=SUCCESS |  
2019-09-18 16:16:53,113 [EventQueue-CreatePipelineStatusForSCMPipelineManager] INFO  pipeline.SCMPipelineManager (SCMPipelineManager.java:onMessage(469)) - receive pipeline PipelineID=a84d5242-aab0-4365-a049-bc49007da6a4 create status EXECUTED
2019-09-18 16:16:53,113 [EventQueue-CreatePipelineStatusForSCMPipelineManager] INFO  pipeline.PipelineStateManager (PipelineStateManager.java:openPipeline(134)) - Pipeline Pipeline[ Id: a84d5242-aab0-4365-a049-bc49007da6a4, Nodes: 2423363d-8469-460a-b110-ac84e5495342{ip: 192.168.5.185, host: pr-hdds-2034-lb7qt-2171347232, networkLocation: /default-rack, certSerialId: null}, Type:RATIS, Factor:ONE, State:ALLOCATED] moved to OPEN state
add pipeline PipelineID=a84d5242-aab0-4365-a049-bc49007da6a4 to metrics map
2019-09-18 16:16:53,113 [EventQueue-CreatePipelineStatusForSCMPipelineManager] INFO  pipeline.SCMPipelineManager (SCMPipelineManager.java:onMessage(469)) - receive pipeline PipelineID=0f6b5feb-767a-41f7-9caf-eabd82dc7ab2 create status EXECUTED
add pipeline PipelineID=0f6b5feb-767a-41f7-9caf-eabd82dc7ab2 to metrics map
2019-09-18 16:16:53,144 | INFO  | SCMAudit | user=jenkins1000 | ip=192.168.5.185 | op=SEND_HEARTBEAT {datanodeUUID=119461de-c1ab-40a1-84fe-2d3922567ba1, command=[]} | ret=SUCCESS |  
2019-09-18 16:16:53,309 | INFO  | SCMAudit | user=jenkins1000 | ip=192.168.5.185 | op=SEND_HEARTBEAT {datanodeUUID=9f06f9a1-0ee8-4e87-9cd3-431ea6fb3977, command=[]} | ret=SUCCESS |  
2019-09-18 16:16:53,336 | INFO  | SCMAudit | user=jenkins1000 | ip=192.168.5.185 | op=SEND_HEARTBEAT {datanodeUUID=17ef1155-4979-4874-bb40-cb4e4583a7bb, command=[]} | ret=SUCCESS |  
2019-09-18 16:16:53,409 [grpc-default-executor-1] INFO  client.GrpcClientProtocolClient (GrpcClientProtocolClient.java:onNext(255)) - client-0A90FA546317->2423363d-8469-460a-b110-ac84e5495342: receive RaftClientReply:client-0A90FA546317->2423363d-8469-460a-b110-ac84e5495342@group-EABD82DC7AB2, cid=264, FAILED org.apache.ratis.protocol.NotLeaderException: Server 2423363d-8469-460a-b110-ac84e5495342 is not the leader (null). Request must be sent to leader., logIndex=0, commits[2423363d-8469-460a-b110-ac84e5495342:c-1]
2019-09-18 16:16:53,521 | INFO  | SCMAudit | user=jenkins1000 | ip=192.168.5.185 | op=SEND_HEARTBEAT {datanodeUUID=555b68d4-2424-4ceb-b9ea-24caa74dd18d, command=[]} | ret=SUCCESS |  
2019-09-18 16:16:53,743 | INFO  | SCMAudit | user=jenkins1000 | ip=192.168.5.185 | op=SEND_HEARTBEAT {datanodeUUID=9820d8fa-8bca-4820-8d69-8b9d38bc65eb, command=[]} | ret=SUCCESS |  
2019-09-18 16:16:53,930 | INFO  | SCMAudit | user=jenkins1000 | ip=192.168.5.185 | op=SEND_HEARTBEAT {datanodeUUID=13430010-64c6-461b-bbc0-84bbac937742, command=[]} | ret=SUCCESS |  
2019-09-18 16:16:54,112 | INFO  | SCMAudit | user=jenkins1000 | ip=192.168.5.185 | op=SEND_HEARTBEAT {datanodeUUID=2423363d-8469-460a-b110-ac84e5495342, command=[]} | ret=SUCCESS |  
2019-09-18 16:16:54,144 | INFO  | SCMAudit | user=jenkins1000 | ip=192.168.5.185 | op=SEND_HEARTBEAT {datanodeUUID=119461de-c1ab-40a1-84fe-2d3922567ba1, command=[]} | ret=SUCCESS |  
2019-09-18 16:16:54,305 | INFO  | SCMAudit | user=jenkins1000 | ip=192.168.5.185 | op=SEND_HEARTBEAT {datanodeUUID=9f06f9a1-0ee8-4e87-9cd3-431ea6fb3977, command=[]} | ret=SUCCESS |  
2019-09-18 16:16:54,305 [EventQueue-CreatePipelineStatusForSCMPipelineManager] INFO  pipeline.SCMPipelineManager (SCMPipelineManager.java:onMessage(469)) - receive pipeline PipelineID=35278954-9c47-474e-a9b0-015500aa4c0b create status EXECUTED
2019-09-18 16:16:54,305 [EventQueue-CreatePipelineStatusForSCMPipelineManager] INFO  pipeline.PipelineStateManager (PipelineStateManager.java:openPipeline(134)) - Pipeline Pipeline[ Id: 35278954-9c47-474e-a9b0-015500aa4c0b, Nodes: 9f06f9a1-0ee8-4e87-9cd3-431ea6fb3977{ip: 192.168.5.185, host: pr-hdds-2034-lb7qt-2171347232, networkLocation: /default-rack, certSerialId: null}, Type:RATIS, Factor:ONE, State:ALLOCATED] moved to OPEN state
add pipeline PipelineID=35278954-9c47-474e-a9b0-015500aa4c0b to metrics map
2019-09-18 16:16:54,336 | INFO  | SCMAudit | user=jenkins1000 | ip=192.168.5.185 | op=SEND_HEARTBEAT {datanodeUUID=17ef1155-4979-4874-bb40-cb4e4583a7bb, command=[]} | ret=SUCCESS |  
2019-09-18 16:16:54,419 [grpc-default-executor-8] INFO  client.GrpcClientProtocolClient (GrpcClientProtocolClient.java:onNext(255)) - client-0A90FA546317->555b68d4-2424-4ceb-b9ea-24caa74dd18d: receive RaftClientReply:client-0A90FA546317->555b68d4-2424-4ceb-b9ea-24caa74dd18d@group-EABD82DC7AB2, cid=264, FAILED org.apache.ratis.protocol.NotLeaderException: Server 555b68d4-2424-4ceb-b9ea-24caa74dd18d is not the leader (null). Request must be sent to leader., logIndex=0, commits[555b68d4-2424-4ceb-b9ea-24caa74dd18d:c-1]
2019-09-18 16:16:54,522 | INFO  | SCMAudit | user=jenkins1000 | ip=192.168.5.185 | op=SEND_HEARTBEAT {datanodeUUID=555b68d4-2424-4ceb-b9ea-24caa74dd18d, command=[]} | ret=SUCCESS |  
2019-09-18 16:16:54,743 | INFO  | SCMAudit | user=jenkins1000 | ip=192.168.5.185 | op=SEND_HEARTBEAT {datanodeUUID=9820d8fa-8bca-4820-8d69-8b9d38bc65eb, command=[]} | ret=SUCCESS |  
2019-09-18 16:16:54,754 [Thread-4898] INFO  container.ReplicationManager (ReplicationManager.java:start(151)) - Starting Replication Monitor Thread.
2019-09-18 16:16:54,758 [ReplicationMonitor] INFO  container.ReplicationManager (ReplicationManager.java:run(214)) - Replication Monitor Thread took 1 milliseconds for processing 1 containers.
2019-09-18 16:16:54,931 | INFO  | SCMAudit | user=jenkins1000 | ip=192.168.5.185 | op=SEND_HEARTBEAT {datanodeUUID=13430010-64c6-461b-bbc0-84bbac937742, command=[]} | ret=SUCCESS |  
2019-09-18 16:16:55,112 | INFO  | SCMAudit | user=jenkins1000 | ip=192.168.5.185 | op=SEND_HEARTBEAT {datanodeUUID=2423363d-8469-460a-b110-ac84e5495342, command=[]} | ret=SUCCESS |  
2019-09-18 16:16:55,144 | INFO  | SCMAudit | user=jenkins1000 | ip=192.168.5.185 | op=SEND_HEARTBEAT {datanodeUUID=119461de-c1ab-40a1-84fe-2d3922567ba1, command=[]} | ret=SUCCESS |  
2019-09-18 16:16:55,304 | INFO  | SCMAudit | user=jenkins1000 | ip=192.168.5.185 | op=SEND_HEARTBEAT {datanodeUUID=9f06f9a1-0ee8-4e87-9cd3-431ea6fb3977, command=[]} | ret=SUCCESS |  
2019-09-18 16:16:55,336 | INFO  | SCMAudit | user=jenkins1000 | ip=192.168.5.185 | op=SEND_HEARTBEAT {datanodeUUID=17ef1155-4979-4874-bb40-cb4e4583a7bb, command=[]} | ret=SUCCESS |  
2019-09-18 16:16:55,428 [grpc-default-executor-1] INFO  client.GrpcClientProtocolClient (GrpcClientProtocolClient.java:onNext(255)) - client-0A90FA546317->2423363d-8469-460a-b110-ac84e5495342: receive RaftClientReply:client-0A90FA546317->2423363d-8469-460a-b110-ac84e5495342@group-EABD82DC7AB2, cid=264, FAILED org.apache.ratis.protocol.NotLeaderException: Server 2423363d-8469-460a-b110-ac84e5495342 is not the leader (null). Request must be sent to leader., logIndex=0, commits[2423363d-8469-460a-b110-ac84e5495342:c-1]
2019-09-18 16:16:55,522 | INFO  | SCMAudit | user=jenkins1000 | ip=192.168.5.185 | op=SEND_HEARTBEAT {datanodeUUID=555b68d4-2424-4ceb-b9ea-24caa74dd18d, command=[]} | ret=SUCCESS |  
2019-09-18 16:16:55,743 | INFO  | SCMAudit | user=jenkins1000 | ip=192.168.5.185 | op=SEND_HEARTBEAT {datanodeUUID=9820d8fa-8bca-4820-8d69-8b9d38bc65eb, command=[]} | ret=SUCCESS |  
2019-09-18 16:16:55,846 [Thread-4861] INFO  impl.FollowerState (FollowerState.java:run(106)) - 9820d8fa-8bca-4820-8d69-8b9d38bc65eb:group-DD53BC2E3B4C changes to CANDIDATE, lastRpcTime:5034, electionTimeout:5034ms
2019-09-18 16:16:55,846 [Thread-4861] INFO  impl.RoleInfo (RoleInfo.java:shutdownFollowerState(121)) - 9820d8fa-8bca-4820-8d69-8b9d38bc65eb: shutdown FollowerState
2019-09-18 16:16:55,846 [Thread-4861] INFO  impl.RaftServerImpl (RaftServerImpl.java:setRole(171)) - 9820d8fa-8bca-4820-8d69-8b9d38bc65eb:group-DD53BC2E3B4C changes role from FOLLOWER to CANDIDATE at term 0 for changeToCandidate
2019-09-18 16:16:55,846 [Thread-4861] INFO  impl.RoleInfo (RoleInfo.java:updateAndGet(143)) - 9820d8fa-8bca-4820-8d69-8b9d38bc65eb: start LeaderElection
2019-09-18 16:16:55,878 [9820d8fa-8bca-4820-8d69-8b9d38bc65eb:group-DD53BC2E3B4C:LeaderElection77] INFO  impl.LeaderElection (LeaderElection.java:askForVotes(181)) - 9820d8fa-8bca-4820-8d69-8b9d38bc65eb:group-DD53BC2E3B4C:LeaderElection77: begin an election at term 1 for -1: [9820d8fa-8bca-4820-8d69-8b9d38bc65eb:192.168.5.185:40987], old=null
2019-09-18 16:16:55,879 [9820d8fa-8bca-4820-8d69-8b9d38bc65eb:group-DD53BC2E3B4C:LeaderElection77] INFO  impl.RoleInfo (RoleInfo.java:shutdownLeaderElection(134)) - 9820d8fa-8bca-4820-8d69-8b9d38bc65eb: shutdown LeaderElection
2019-09-18 16:16:55,879 [9820d8fa-8bca-4820-8d69-8b9d38bc65eb:group-DD53BC2E3B4C:LeaderElection77] INFO  impl.RaftServerImpl (RaftServerImpl.java:setRole(171)) - 9820d8fa-8bca-4820-8d69-8b9d38bc65eb:group-DD53BC2E3B4C changes role from CANDIDATE to LEADER at term 1 for changeToLeader
2019-09-18 16:16:55,879 [9820d8fa-8bca-4820-8d69-8b9d38bc65eb:group-DD53BC2E3B4C:LeaderElection77] INFO  impl.RaftServerImpl (ServerState.java:setLeader(263)) - 9820d8fa-8bca-4820-8d69-8b9d38bc65eb:group-DD53BC2E3B4C change Leader from null to 9820d8fa-8bca-4820-8d69-8b9d38bc65eb at term 1 for becomeLeader, leader elected after 5072ms
2019-09-18 16:16:55,879 [9820d8fa-8bca-4820-8d69-8b9d38bc65eb:group-DD53BC2E3B4C:LeaderElection77] INFO  server.RaftServerConfigKeys (ConfUtils.java:logGet(43)) - raft.server.staging.catchup.gap = 1000 (default)
2019-09-18 16:16:55,879 [9820d8fa-8bca-4820-8d69-8b9d38bc65eb:group-DD53BC2E3B4C:LeaderElection77] INFO  server.RaftServerConfigKeys (ConfUtils.java:logGet(43)) - raft.server.rpc.sleep.time = 25ms (default)
2019-09-18 16:16:55,879 [9820d8fa-8bca-4820-8d69-8b9d38bc65eb:group-DD53BC2E3B4C:LeaderElection77] INFO  server.RaftServerConfigKeys (ConfUtils.java:logGet(43)) - raft.server.write.element-limit = 4096 (default)
2019-09-18 16:16:55,879 [9820d8fa-8bca-4820-8d69-8b9d38bc65eb:group-DD53BC2E3B4C:LeaderElection77] INFO  server.RaftServerConfigKeys (ConfUtils.java:logGet(43)) - raft.server.watch.timeout = 10s (default)
2019-09-18 16:16:55,879 [9820d8fa-8bca-4820-8d69-8b9d38bc65eb:group-DD53BC2E3B4C:LeaderElection77] INFO  server.RaftServerConfigKeys (ConfUtils.java:logGet(43)) - raft.server.watch.timeout.denomination = 1s (default)
2019-09-18 16:16:55,880 [9820d8fa-8bca-4820-8d69-8b9d38bc65eb:group-DD53BC2E3B4C:LeaderElection77] INFO  server.RaftServerConfigKeys (ConfUtils.java:logGet(43)) - raft.server.watch.element-limit = 65536 (default)
2019-09-18 16:16:55,880 [9820d8fa-8bca-4820-8d69-8b9d38bc65eb:group-DD53BC2E3B4C:LeaderElection77] INFO  impl.RoleInfo (RoleInfo.java:updateAndGet(143)) - 9820d8fa-8bca-4820-8d69-8b9d38bc65eb: start LeaderState
2019-09-18 16:16:55,880 [9820d8fa-8bca-4820-8d69-8b9d38bc65eb:group-DD53BC2E3B4C:LeaderElection77] INFO  segmented.SegmentedRaftLogWorker (SegmentedRaftLogWorker.java:startLogSegment(380)) - 9820d8fa-8bca-4820-8d69-8b9d38bc65eb-SegmentedRaftLogWorker:Storage Directory /workdir/hadoop-ozone/integration-test/target/test-dir/MiniOzoneClusterImpl-d91fdf1f-9aec-46f4-8801-046e27073747/datanode-0/data/ratis/d9c4cb00-11f3-401b-bac1-dd53bc2e3b4c: Starting segment from index:0
2019-09-18 16:16:55,880 [9820d8fa-8bca-4820-8d69-8b9d38bc65eb:group-DD53BC2E3B4C:LeaderElection77] INFO  impl.RaftServerImpl (ServerState.java:setRaftConf(361)) - 9820d8fa-8bca-4820-8d69-8b9d38bc65eb:group-DD53BC2E3B4C set configuration 0: [9820d8fa-8bca-4820-8d69-8b9d38bc65eb:192.168.5.185:40987], old=null at 0
2019-09-18 16:16:55,931 | INFO  | SCMAudit | user=jenkins1000 | ip=192.168.5.185 | op=SEND_HEARTBEAT {datanodeUUID=13430010-64c6-461b-bbc0-84bbac937742, command=[]} | ret=SUCCESS |  
2019-09-18 16:16:55,935 [9820d8fa-8bca-4820-8d69-8b9d38bc65eb-SegmentedRaftLogWorker:Storage Directory /workdir/hadoop-ozone/integration-test/target/test-dir/MiniOzoneClusterImpl-d91fdf1f-9aec-46f4-8801-046e27073747/datanode-0/data/ratis/d9c4cb00-11f3-401b-bac1-dd53bc2e3b4c] INFO  segmented.SegmentedRaftLogWorker (SegmentedRaftLogWorker.java:execute(569)) - 9820d8fa-8bca-4820-8d69-8b9d38bc65eb-SegmentedRaftLogWorker:Storage Directory /workdir/hadoop-ozone/integration-test/target/test-dir/MiniOzoneClusterImpl-d91fdf1f-9aec-46f4-8801-046e27073747/datanode-0/data/ratis/d9c4cb00-11f3-401b-bac1-dd53bc2e3b4c: created new log segment /workdir/hadoop-ozone/integration-test/target/test-dir/MiniOzoneClusterImpl-d91fdf1f-9aec-46f4-8801-046e27073747/datanode-0/data/ratis/d9c4cb00-11f3-401b-bac1-dd53bc2e3b4c/current/log_inprogress_0
2019-09-18 16:16:55,964 [Thread-4864] INFO  impl.FollowerState (FollowerState.java:run(106)) - 9820d8fa-8bca-4820-8d69-8b9d38bc65eb:group-DC0DDFF93B42 changes to CANDIDATE, lastRpcTime:5078, electionTimeout:5078ms
2019-09-18 16:16:55,965 [Thread-4864] INFO  impl.RoleInfo (RoleInfo.java:shutdownFollowerState(121)) - 9820d8fa-8bca-4820-8d69-8b9d38bc65eb: shutdown FollowerState
2019-09-18 16:16:55,965 [Thread-4864] INFO  impl.RaftServerImpl (RaftServerImpl.java:setRole(171)) - 9820d8fa-8bca-4820-8d69-8b9d38bc65eb:group-DC0DDFF93B42 changes role from FOLLOWER to CANDIDATE at term 0 for changeToCandidate
2019-09-18 16:16:55,965 [Thread-4864] INFO  impl.RoleInfo (RoleInfo.java:updateAndGet(143)) - 9820d8fa-8bca-4820-8d69-8b9d38bc65eb: start LeaderElection
2019-09-18 16:16:56,003 [9820d8fa-8bca-4820-8d69-8b9d38bc65eb:group-DC0DDFF93B42:LeaderElection78] INFO  impl.LeaderElection (LeaderElection.java:askForVotes(181)) - 9820d8fa-8bca-4820-8d69-8b9d38bc65eb:group-DC0DDFF93B42:LeaderElection78: begin an election at term 1 for -1: [13430010-64c6-461b-bbc0-84bbac937742:192.168.5.185:32961, 9820d8fa-8bca-4820-8d69-8b9d38bc65eb:192.168.5.185:40987, 119461de-c1ab-40a1-84fe-2d3922567ba1:192.168.5.185:34290], old=null
2019-09-18 16:16:56,013 [grpc-default-executor-1] INFO  impl.RaftServerImpl (RaftServerImpl.java:setRole(171)) - 119461de-c1ab-40a1-84fe-2d3922567ba1:group-DC0DDFF93B42 changes role from FOLLOWER to FOLLOWER at term 1 for recognizeCandidate:9820d8fa-8bca-4820-8d69-8b9d38bc65eb
2019-09-18 16:16:56,014 [grpc-default-executor-8] INFO  impl.RaftServerImpl (RaftServerImpl.java:setRole(171)) - 13430010-64c6-461b-bbc0-84bbac937742:group-DC0DDFF93B42 changes role from FOLLOWER to FOLLOWER at term 1 for recognizeCandidate:9820d8fa-8bca-4820-8d69-8b9d38bc65eb
2019-09-18 16:16:56,014 [grpc-default-executor-1] INFO  impl.RoleInfo (RoleInfo.java:shutdownFollowerState(121)) - 119461de-c1ab-40a1-84fe-2d3922567ba1: shutdown FollowerState
2019-09-18 16:16:56,014 [grpc-default-executor-8] INFO  impl.RoleInfo (RoleInfo.java:shutdownFollowerState(121)) - 13430010-64c6-461b-bbc0-84bbac937742: shutdown FollowerState
2019-09-18 16:16:56,014 [Thread-4879] INFO  impl.FollowerState (FollowerState.java:run(114)) - 119461de-c1ab-40a1-84fe-2d3922567ba1: FollowerState was interrupted: java.lang.InterruptedException: sleep interrupted
2019-09-18 16:16:56,014 [grpc-default-executor-1] INFO  impl.RoleInfo (RoleInfo.java:updateAndGet(143)) - 119461de-c1ab-40a1-84fe-2d3922567ba1: start FollowerState
2019-09-18 16:16:56,014 [Thread-4870] INFO  impl.FollowerState (FollowerState.java:run(114)) - 13430010-64c6-461b-bbc0-84bbac937742: FollowerState was interrupted: java.lang.InterruptedException: sleep interrupted
2019-09-18 16:16:56,014 [grpc-default-executor-8] INFO  impl.RoleInfo (RoleInfo.java:updateAndGet(143)) - 13430010-64c6-461b-bbc0-84bbac937742: start FollowerState
2019-09-18 16:16:56,028 [9820d8fa-8bca-4820-8d69-8b9d38bc65eb:group-DC0DDFF93B42:LeaderElection78] INFO  impl.LeaderElection (LeaderElection.java:logAndReturn(56)) - 9820d8fa-8bca-4820-8d69-8b9d38bc65eb:group-DC0DDFF93B42:LeaderElection78: Election PASSED; received 1 response(s) [9820d8fa-8bca-4820-8d69-8b9d38bc65eb<-13430010-64c6-461b-bbc0-84bbac937742#0:OK-t1] and 0 exception(s); 9820d8fa-8bca-4820-8d69-8b9d38bc65eb:t1, leader=null, voted=9820d8fa-8bca-4820-8d69-8b9d38bc65eb, raftlog=9820d8fa-8bca-4820-8d69-8b9d38bc65eb-SegmentedRaftLog:OPENED:c-1,f-1,i0, conf=-1: [13430010-64c6-461b-bbc0-84bbac937742:192.168.5.185:32961, 9820d8fa-8bca-4820-8d69-8b9d38bc65eb:192.168.5.185:40987, 119461de-c1ab-40a1-84fe-2d3922567ba1:192.168.5.185:34290], old=null
2019-09-18 16:16:56,028 [9820d8fa-8bca-4820-8d69-8b9d38bc65eb:group-DC0DDFF93B42:LeaderElection78] INFO  impl.RoleInfo (RoleInfo.java:shutdownLeaderElection(134)) - 9820d8fa-8bca-4820-8d69-8b9d38bc65eb: shutdown LeaderElection
2019-09-18 16:16:56,028 [9820d8fa-8bca-4820-8d69-8b9d38bc65eb:group-DC0DDFF93B42:LeaderElection78] INFO  impl.RaftServerImpl (RaftServerImpl.java:setRole(171)) - 9820d8fa-8bca-4820-8d69-8b9d38bc65eb:group-DC0DDFF93B42 changes role from CANDIDATE to LEADER at term 1 for changeToLeader
2019-09-18 16:16:56,029 [9820d8fa-8bca-4820-8d69-8b9d38bc65eb:group-DC0DDFF93B42:LeaderElection78] INFO  impl.RaftServerImpl (ServerState.java:setLeader(263)) - 9820d8fa-8bca-4820-8d69-8b9d38bc65eb:group-DC0DDFF93B42 change Leader from null to 9820d8fa-8bca-4820-8d69-8b9d38bc65eb at term 1 for becomeLeader, leader elected after 5146ms
2019-09-18 16:16:56,029 [9820d8fa-8bca-4820-8d69-8b9d38bc65eb:group-DC0DDFF93B42:LeaderElection78] INFO  server.RaftServerConfigKeys (ConfUtils.java:logGet(43)) - raft.server.staging.catchup.gap = 1000 (default)
2019-09-18 16:16:56,029 [9820d8fa-8bca-4820-8d69-8b9d38bc65eb:group-DC0DDFF93B42:LeaderElection78] INFO  server.RaftServerConfigKeys (ConfUtils.java:logGet(43)) - raft.server.rpc.sleep.time = 25ms (default)
2019-09-18 16:16:56,029 [9820d8fa-8bca-4820-8d69-8b9d38bc65eb:group-DC0DDFF93B42:LeaderElection78] INFO  server.RaftServerConfigKeys (ConfUtils.java:logGet(43)) - raft.server.write.element-limit = 4096 (default)
2019-09-18 16:16:56,029 [9820d8fa-8bca-4820-8d69-8b9d38bc65eb:group-DC0DDFF93B42:LeaderElection78] INFO  server.RaftServerConfigKeys (ConfUtils.java:logGet(43)) - raft.server.watch.timeout = 10s (default)
2019-09-18 16:16:56,029 [9820d8fa-8bca-4820-8d69-8b9d38bc65eb:group-DC0DDFF93B42:LeaderElection78] INFO  server.RaftServerConfigKeys (ConfUtils.java:logGet(43)) - raft.server.watch.timeout.denomination = 1s (default)
2019-09-18 16:16:56,029 [9820d8fa-8bca-4820-8d69-8b9d38bc65eb:group-DC0DDFF93B42:LeaderElection78] INFO  server.RaftServerConfigKeys (ConfUtils.java:logGet(43)) - raft.server.watch.element-limit = 65536 (default)
2019-09-18 16:16:56,030 [9820d8fa-8bca-4820-8d69-8b9d38bc65eb:group-DC0DDFF93B42:LeaderElection78] INFO  server.RaftServerConfigKeys (ConfUtils.java:logGet(43)) - raft.server.log.appender.snapshot.chunk.size.max = 16MB (=16777216) (default)
2019-09-18 16:16:56,030 [9820d8fa-8bca-4820-8d69-8b9d38bc65eb:group-DC0DDFF93B42:LeaderElection78] INFO  server.RaftServerConfigKeys (ConfUtils.java:logGet(43)) - raft.server.log.appender.buffer.byte-limit = 33554432 (custom)
2019-09-18 16:16:56,030 [9820d8fa-8bca-4820-8d69-8b9d38bc65eb:group-DC0DDFF93B42:LeaderElection78] INFO  server.RaftServerConfigKeys (ConfUtils.java:logGet(43)) - raft.server.log.appender.buffer.element-limit = 1 (custom)
2019-09-18 16:16:56,030 [9820d8fa-8bca-4820-8d69-8b9d38bc65eb:group-DC0DDFF93B42:LeaderElection78] INFO  grpc.GrpcConfigKeys$Server (ConfUtils.java:logGet(43)) - raft.grpc.server.leader.outstanding.appends.max = 128 (default)
2019-09-18 16:16:56,031 [9820d8fa-8bca-4820-8d69-8b9d38bc65eb:group-DC0DDFF93B42:LeaderElection78] INFO  server.RaftServerConfigKeys (ConfUtils.java:logGet(43)) - raft.server.rpc.request.timeout = 3000ms (default)
2019-09-18 16:16:56,031 [9820d8fa-8bca-4820-8d69-8b9d38bc65eb:group-DC0DDFF93B42:LeaderElection78] INFO  server.RaftServerConfigKeys (ConfUtils.java:logGet(43)) - raft.server.log.appender.install.snapshot.enabled = false (custom)
2019-09-18 16:16:56,031 [9820d8fa-8bca-4820-8d69-8b9d38bc65eb:group-DC0DDFF93B42:LeaderElection78] INFO  server.RaftServerConfigKeys (ConfUtils.java:logGet(43)) - raft.server.log.appender.snapshot.chunk.size.max = 16MB (=16777216) (default)
2019-09-18 16:16:56,031 [9820d8fa-8bca-4820-8d69-8b9d38bc65eb:group-DC0DDFF93B42:LeaderElection78] INFO  server.RaftServerConfigKeys (ConfUtils.java:logGet(43)) - raft.server.log.appender.buffer.byte-limit = 33554432 (custom)
2019-09-18 16:16:56,031 [9820d8fa-8bca-4820-8d69-8b9d38bc65eb:group-DC0DDFF93B42:LeaderElection78] INFO  server.RaftServerConfigKeys (ConfUtils.java:logGet(43)) - raft.server.log.appender.buffer.element-limit = 1 (custom)
2019-09-18 16:16:56,031 [9820d8fa-8bca-4820-8d69-8b9d38bc65eb:group-DC0DDFF93B42:LeaderElection78] INFO  grpc.GrpcConfigKeys$Server (ConfUtils.java:logGet(43)) - raft.grpc.server.leader.outstanding.appends.max = 128 (default)
2019-09-18 16:16:56,031 [9820d8fa-8bca-4820-8d69-8b9d38bc65eb:group-DC0DDFF93B42:LeaderElection78] INFO  server.RaftServerConfigKeys (ConfUtils.java:logGet(43)) - raft.server.rpc.request.timeout = 3000ms (default)
2019-09-18 16:16:56,031 [9820d8fa-8bca-4820-8d69-8b9d38bc65eb:group-DC0DDFF93B42:LeaderElection78] INFO  server.RaftServerConfigKeys (ConfUtils.java:logGet(43)) - raft.server.log.appender.install.snapshot.enabled = false (custom)
2019-09-18 16:16:56,032 [9820d8fa-8bca-4820-8d69-8b9d38bc65eb:group-DC0DDFF93B42:LeaderElection78] INFO  impl.RoleInfo (RoleInfo.java:updateAndGet(143)) - 9820d8fa-8bca-4820-8d69-8b9d38bc65eb: start LeaderState
2019-09-18 16:16:56,032 [9820d8fa-8bca-4820-8d69-8b9d38bc65eb:group-DC0DDFF93B42:LeaderElection78] INFO  segmented.SegmentedRaftLogWorker (SegmentedRaftLogWorker.java:startLogSegment(380)) - 9820d8fa-8bca-4820-8d69-8b9d38bc65eb-SegmentedRaftLogWorker:Storage Directory /workdir/hadoop-ozone/integration-test/target/test-dir/MiniOzoneClusterImpl-d91fdf1f-9aec-46f4-8801-046e27073747/datanode-0/data/ratis/7a145caf-a86e-4547-abf6-dc0ddff93b42: Starting segment from index:0
2019-09-18 16:16:56,033 [9820d8fa-8bca-4820-8d69-8b9d38bc65eb:group-DC0DDFF93B42:LeaderElection78] INFO  impl.RaftServerImpl (ServerState.java:setRaftConf(361)) - 9820d8fa-8bca-4820-8d69-8b9d38bc65eb:group-DC0DDFF93B42 set configuration 0: [13430010-64c6-461b-bbc0-84bbac937742:192.168.5.185:32961, 9820d8fa-8bca-4820-8d69-8b9d38bc65eb:192.168.5.185:40987, 119461de-c1ab-40a1-84fe-2d3922567ba1:192.168.5.185:34290], old=null at 0
2019-09-18 16:16:56,034 [grpc-default-executor-1] INFO  impl.RaftServerImpl (ServerState.java:setLeader(263)) - 119461de-c1ab-40a1-84fe-2d3922567ba1:group-DC0DDFF93B42 change Leader from null to 9820d8fa-8bca-4820-8d69-8b9d38bc65eb at term 1 for appendEntries, leader elected after 4676ms
2019-09-18 16:16:56,034 [grpc-default-executor-8] INFO  impl.RaftServerImpl (ServerState.java:setLeader(263)) - 13430010-64c6-461b-bbc0-84bbac937742:group-DC0DDFF93B42 change Leader from null to 9820d8fa-8bca-4820-8d69-8b9d38bc65eb at term 1 for appendEntries, leader elected after 4944ms
2019-09-18 16:16:56,062 [grpc-default-executor-1] INFO  impl.RaftServerImpl (ServerState.java:setRaftConf(361)) - 119461de-c1ab-40a1-84fe-2d3922567ba1:group-DC0DDFF93B42 set configuration 0: [13430010-64c6-461b-bbc0-84bbac937742:192.168.5.185:32961, 9820d8fa-8bca-4820-8d69-8b9d38bc65eb:192.168.5.185:40987, 119461de-c1ab-40a1-84fe-2d3922567ba1:192.168.5.185:34290], old=null at 0
2019-09-18 16:16:56,062 [grpc-default-executor-8] INFO  impl.RaftServerImpl (ServerState.java:setRaftConf(361)) - 13430010-64c6-461b-bbc0-84bbac937742:group-DC0DDFF93B42 set configuration 0: [13430010-64c6-461b-bbc0-84bbac937742:192.168.5.185:32961, 9820d8fa-8bca-4820-8d69-8b9d38bc65eb:192.168.5.185:40987, 119461de-c1ab-40a1-84fe-2d3922567ba1:192.168.5.185:34290], old=null at 0
2019-09-18 16:16:56,062 [grpc-default-executor-1] INFO  segmented.SegmentedRaftLogWorker (SegmentedRaftLogWorker.java:startLogSegment(380)) - 119461de-c1ab-40a1-84fe-2d3922567ba1-SegmentedRaftLogWorker:Storage Directory /workdir/hadoop-ozone/integration-test/target/test-dir/MiniOzoneClusterImpl-d91fdf1f-9aec-46f4-8801-046e27073747/datanode-2/data/ratis/7a145caf-a86e-4547-abf6-dc0ddff93b42: Starting segment from index:0
2019-09-18 16:16:56,063 [grpc-default-executor-8] INFO  segmented.SegmentedRaftLogWorker (SegmentedRaftLogWorker.java:startLogSegment(380)) - 13430010-64c6-461b-bbc0-84bbac937742-SegmentedRaftLogWorker:Storage Directory /workdir/hadoop-ozone/integration-test/target/test-dir/MiniOzoneClusterImpl-d91fdf1f-9aec-46f4-8801-046e27073747/datanode-1/data/ratis/7a145caf-a86e-4547-abf6-dc0ddff93b42: Starting segment from index:0
2019-09-18 16:16:56,072 [9820d8fa-8bca-4820-8d69-8b9d38bc65eb-SegmentedRaftLogWorker:Storage Directory /workdir/hadoop-ozone/integration-test/target/test-dir/MiniOzoneClusterImpl-d91fdf1f-9aec-46f4-8801-046e27073747/datanode-0/data/ratis/7a145caf-a86e-4547-abf6-dc0ddff93b42] INFO  segmented.SegmentedRaftLogWorker (SegmentedRaftLogWorker.java:execute(569)) - 9820d8fa-8bca-4820-8d69-8b9d38bc65eb-SegmentedRaftLogWorker:Storage Directory /workdir/hadoop-ozone/integration-test/target/test-dir/MiniOzoneClusterImpl-d91fdf1f-9aec-46f4-8801-046e27073747/datanode-0/data/ratis/7a145caf-a86e-4547-abf6-dc0ddff93b42: created new log segment /workdir/hadoop-ozone/integration-test/target/test-dir/MiniOzoneClusterImpl-d91fdf1f-9aec-46f4-8801-046e27073747/datanode-0/data/ratis/7a145caf-a86e-4547-abf6-dc0ddff93b42/current/log_inprogress_0
2019-09-18 16:16:56,102 [119461de-c1ab-40a1-84fe-2d3922567ba1-SegmentedRaftLogWorker:Storage Directory /workdir/hadoop-ozone/integration-test/target/test-dir/MiniOzoneClusterImpl-d91fdf1f-9aec-46f4-8801-046e27073747/datanode-2/data/ratis/7a145caf-a86e-4547-abf6-dc0ddff93b42] INFO  segmented.SegmentedRaftLogWorker (SegmentedRaftLogWorker.java:execute(569)) - 119461de-c1ab-40a1-84fe-2d3922567ba1-SegmentedRaftLogWorker:Storage Directory /workdir/hadoop-ozone/integration-test/target/test-dir/MiniOzoneClusterImpl-d91fdf1f-9aec-46f4-8801-046e27073747/datanode-2/data/ratis/7a145caf-a86e-4547-abf6-dc0ddff93b42: created new log segment /workdir/hadoop-ozone/integration-test/target/test-dir/MiniOzoneClusterImpl-d91fdf1f-9aec-46f4-8801-046e27073747/datanode-2/data/ratis/7a145caf-a86e-4547-abf6-dc0ddff93b42/current/log_inprogress_0
2019-09-18 16:16:56,110 [13430010-64c6-461b-bbc0-84bbac937742-SegmentedRaftLogWorker:Storage Directory /workdir/hadoop-ozone/integration-test/target/test-dir/MiniOzoneClusterImpl-d91fdf1f-9aec-46f4-8801-046e27073747/datanode-1/data/ratis/7a145caf-a86e-4547-abf6-dc0ddff93b42] INFO  segmented.SegmentedRaftLogWorker (SegmentedRaftLogWorker.java:execute(569)) - 13430010-64c6-461b-bbc0-84bbac937742-SegmentedRaftLogWorker:Storage Directory /workdir/hadoop-ozone/integration-test/target/test-dir/MiniOzoneClusterImpl-d91fdf1f-9aec-46f4-8801-046e27073747/datanode-1/data/ratis/7a145caf-a86e-4547-abf6-dc0ddff93b42: created new log segment /workdir/hadoop-ozone/integration-test/target/test-dir/MiniOzoneClusterImpl-d91fdf1f-9aec-46f4-8801-046e27073747/datanode-1/data/ratis/7a145caf-a86e-4547-abf6-dc0ddff93b42/current/log_inprogress_0
2019-09-18 16:16:56,112 | INFO  | SCMAudit | user=jenkins1000 | ip=192.168.5.185 | op=SEND_HEARTBEAT {datanodeUUID=2423363d-8469-460a-b110-ac84e5495342, command=[]} | ret=SUCCESS |  
2019-09-18 16:16:56,144 | INFO  | SCMAudit | user=jenkins1000 | ip=192.168.5.185 | op=SEND_HEARTBEAT {datanodeUUID=119461de-c1ab-40a1-84fe-2d3922567ba1, command=[]} | ret=SUCCESS |  
2019-09-18 16:16:56,173 [Thread-4867] INFO  impl.FollowerState (FollowerState.java:run(106)) - 13430010-64c6-461b-bbc0-84bbac937742:group-128A90FF93D9 changes to CANDIDATE, lastRpcTime:5163, electionTimeout:5163ms
2019-09-18 16:16:56,173 [Thread-4867] INFO  impl.RoleInfo (RoleInfo.java:shutdownFollowerState(121)) - 13430010-64c6-461b-bbc0-84bbac937742: shutdown FollowerState
2019-09-18 16:16:56,173 [Thread-4867] INFO  impl.RaftServerImpl (RaftServerImpl.java:setRole(171)) - 13430010-64c6-461b-bbc0-84bbac937742:group-128A90FF93D9 changes role from FOLLOWER to CANDIDATE at term 0 for changeToCandidate
2019-09-18 16:16:56,173 [Thread-4867] INFO  impl.RoleInfo (RoleInfo.java:updateAndGet(143)) - 13430010-64c6-461b-bbc0-84bbac937742: start LeaderElection
2019-09-18 16:16:56,211 [13430010-64c6-461b-bbc0-84bbac937742:group-128A90FF93D9:LeaderElection79] INFO  impl.LeaderElection (LeaderElection.java:askForVotes(181)) - 13430010-64c6-461b-bbc0-84bbac937742:group-128A90FF93D9:LeaderElection79: begin an election at term 1 for -1: [13430010-64c6-461b-bbc0-84bbac937742:192.168.5.185:32961], old=null
2019-09-18 16:16:56,211 [13430010-64c6-461b-bbc0-84bbac937742:group-128A90FF93D9:LeaderElection79] INFO  impl.RoleInfo (RoleInfo.java:shutdownLeaderElection(134)) - 13430010-64c6-461b-bbc0-84bbac937742: shutdown LeaderElection
2019-09-18 16:16:56,212 [13430010-64c6-461b-bbc0-84bbac937742:group-128A90FF93D9:LeaderElection79] INFO  impl.RaftServerImpl (RaftServerImpl.java:setRole(171)) - 13430010-64c6-461b-bbc0-84bbac937742:group-128A90FF93D9 changes role from CANDIDATE to LEADER at term 1 for changeToLeader
2019-09-18 16:16:56,212 [13430010-64c6-461b-bbc0-84bbac937742:group-128A90FF93D9:LeaderElection79] INFO  impl.RaftServerImpl (ServerState.java:setLeader(263)) - 13430010-64c6-461b-bbc0-84bbac937742:group-128A90FF93D9 change Leader from null to 13430010-64c6-461b-bbc0-84bbac937742 at term 1 for becomeLeader, leader elected after 5207ms
2019-09-18 16:16:56,212 [13430010-64c6-461b-bbc0-84bbac937742:group-128A90FF93D9:LeaderElection79] INFO  server.RaftServerConfigKeys (ConfUtils.java:logGet(43)) - raft.server.staging.catchup.gap = 1000 (default)
2019-09-18 16:16:56,212 [13430010-64c6-461b-bbc0-84bbac937742:group-128A90FF93D9:LeaderElection79] INFO  server.RaftServerConfigKeys (ConfUtils.java:logGet(43)) - raft.server.rpc.sleep.time = 25ms (default)
2019-09-18 16:16:56,212 [13430010-64c6-461b-bbc0-84bbac937742:group-128A90FF93D9:LeaderElection79] INFO  server.RaftServerConfigKeys (ConfUtils.java:logGet(43)) - raft.server.write.element-limit = 4096 (default)
2019-09-18 16:16:56,212 [13430010-64c6-461b-bbc0-84bbac937742:group-128A90FF93D9:LeaderElection79] INFO  server.RaftServerConfigKeys (ConfUtils.java:logGet(43)) - raft.server.watch.timeout = 10s (default)
2019-09-18 16:16:56,212 [13430010-64c6-461b-bbc0-84bbac937742:group-128A90FF93D9:LeaderElection79] INFO  server.RaftServerConfigKeys (ConfUtils.java:logGet(43)) - raft.server.watch.timeout.denomination = 1s (default)
2019-09-18 16:16:56,213 [13430010-64c6-461b-bbc0-84bbac937742:group-128A90FF93D9:LeaderElection79] INFO  server.RaftServerConfigKeys (ConfUtils.java:logGet(43)) - raft.server.watch.element-limit = 65536 (default)
2019-09-18 16:16:56,213 [13430010-64c6-461b-bbc0-84bbac937742:group-128A90FF93D9:LeaderElection79] INFO  impl.RoleInfo (RoleInfo.java:updateAndGet(143)) - 13430010-64c6-461b-bbc0-84bbac937742: start LeaderState
2019-09-18 16:16:56,213 [13430010-64c6-461b-bbc0-84bbac937742:group-128A90FF93D9:LeaderElection79] INFO  segmented.SegmentedRaftLogWorker (SegmentedRaftLogWorker.java:startLogSegment(380)) - 13430010-64c6-461b-bbc0-84bbac937742-SegmentedRaftLogWorker:Storage Directory /workdir/hadoop-ozone/integration-test/target/test-dir/MiniOzoneClusterImpl-d91fdf1f-9aec-46f4-8801-046e27073747/datanode-1/data/ratis/e0a94244-fb14-40ce-973e-128a90ff93d9: Starting segment from index:0
2019-09-18 16:16:56,213 [13430010-64c6-461b-bbc0-84bbac937742:group-128A90FF93D9:LeaderElection79] INFO  impl.RaftServerImpl (ServerState.java:setRaftConf(361)) - 13430010-64c6-461b-bbc0-84bbac937742:group-128A90FF93D9 set configuration 0: [13430010-64c6-461b-bbc0-84bbac937742:192.168.5.185:32961], old=null at 0
2019-09-18 16:16:56,268 [13430010-64c6-461b-bbc0-84bbac937742-SegmentedRaftLogWorker:Storage Directory /workdir/hadoop-ozone/integration-test/target/test-dir/MiniOzoneClusterImpl-d91fdf1f-9aec-46f4-8801-046e27073747/datanode-1/data/ratis/e0a94244-fb14-40ce-973e-128a90ff93d9] INFO  segmented.SegmentedRaftLogWorker (SegmentedRaftLogWorker.java:execute(569)) - 13430010-64c6-461b-bbc0-84bbac937742-SegmentedRaftLogWorker:Storage Directory /workdir/hadoop-ozone/integration-test/target/test-dir/MiniOzoneClusterImpl-d91fdf1f-9aec-46f4-8801-046e27073747/datanode-1/data/ratis/e0a94244-fb14-40ce-973e-128a90ff93d9: created new log segment /workdir/hadoop-ozone/integration-test/target/test-dir/MiniOzoneClusterImpl-d91fdf1f-9aec-46f4-8801-046e27073747/datanode-1/data/ratis/e0a94244-fb14-40ce-973e-128a90ff93d9/current/log_inprogress_0
2019-09-18 16:16:56,304 | INFO  | SCMAudit | user=jenkins1000 | ip=192.168.5.185 | op=SEND_HEARTBEAT {datanodeUUID=9f06f9a1-0ee8-4e87-9cd3-431ea6fb3977, command=[]} | ret=SUCCESS |  
2019-09-18 16:16:56,336 | INFO  | SCMAudit | user=jenkins1000 | ip=192.168.5.185 | op=SEND_HEARTBEAT {datanodeUUID=17ef1155-4979-4874-bb40-cb4e4583a7bb, command=[]} | ret=SUCCESS |  
2019-09-18 16:16:56,420 [Thread-4876] INFO  impl.FollowerState (FollowerState.java:run(106)) - 119461de-c1ab-40a1-84fe-2d3922567ba1:group-653301536840 changes to CANDIDATE, lastRpcTime:5200, electionTimeout:5200ms
2019-09-18 16:16:56,420 [Thread-4876] INFO  impl.RoleInfo (RoleInfo.java:shutdownFollowerState(121)) - 119461de-c1ab-40a1-84fe-2d3922567ba1: shutdown FollowerState
2019-09-18 16:16:56,420 [Thread-4876] INFO  impl.RaftServerImpl (RaftServerImpl.java:setRole(171)) - 119461de-c1ab-40a1-84fe-2d3922567ba1:group-653301536840 changes role from FOLLOWER to CANDIDATE at term 0 for changeToCandidate
2019-09-18 16:16:56,420 [Thread-4876] INFO  impl.RoleInfo (RoleInfo.java:updateAndGet(143)) - 119461de-c1ab-40a1-84fe-2d3922567ba1: start LeaderElection
2019-09-18 16:16:56,440 [grpc-default-executor-8] INFO  client.GrpcClientProtocolClient (GrpcClientProtocolClient.java:onNext(255)) - client-0A90FA546317->17ef1155-4979-4874-bb40-cb4e4583a7bb: receive RaftClientReply:client-0A90FA546317->17ef1155-4979-4874-bb40-cb4e4583a7bb@group-EABD82DC7AB2, cid=264, FAILED org.apache.ratis.protocol.NotLeaderException: Server 17ef1155-4979-4874-bb40-cb4e4583a7bb is not the leader (null). Request must be sent to leader., logIndex=0, commits[17ef1155-4979-4874-bb40-cb4e4583a7bb:c-1]
2019-09-18 16:16:56,456 [119461de-c1ab-40a1-84fe-2d3922567ba1:group-653301536840:LeaderElection80] INFO  impl.LeaderElection (LeaderElection.java:askForVotes(181)) - 119461de-c1ab-40a1-84fe-2d3922567ba1:group-653301536840:LeaderElection80: begin an election at term 1 for -1: [119461de-c1ab-40a1-84fe-2d3922567ba1:192.168.5.185:34290], old=null
2019-09-18 16:16:56,456 [119461de-c1ab-40a1-84fe-2d3922567ba1:group-653301536840:LeaderElection80] INFO  impl.RoleInfo (RoleInfo.java:shutdownLeaderElection(134)) - 119461de-c1ab-40a1-84fe-2d3922567ba1: shutdown LeaderElection
2019-09-18 16:16:56,456 [119461de-c1ab-40a1-84fe-2d3922567ba1:group-653301536840:LeaderElection80] INFO  impl.RaftServerImpl (RaftServerImpl.java:setRole(171)) - 119461de-c1ab-40a1-84fe-2d3922567ba1:group-653301536840 changes role from CANDIDATE to LEADER at term 1 for changeToLeader
2019-09-18 16:16:56,457 [119461de-c1ab-40a1-84fe-2d3922567ba1:group-653301536840:LeaderElection80] INFO  impl.RaftServerImpl (ServerState.java:setLeader(263)) - 119461de-c1ab-40a1-84fe-2d3922567ba1:group-653301536840 change Leader from null to 119461de-c1ab-40a1-84fe-2d3922567ba1 at term 1 for becomeLeader, leader elected after 5241ms
2019-09-18 16:16:56,457 [119461de-c1ab-40a1-84fe-2d3922567ba1:group-653301536840:LeaderElection80] INFO  server.RaftServerConfigKeys (ConfUtils.java:logGet(43)) - raft.server.staging.catchup.gap = 1000 (default)
2019-09-18 16:16:56,457 [119461de-c1ab-40a1-84fe-2d3922567ba1:group-653301536840:LeaderElection80] INFO  server.RaftServerConfigKeys (ConfUtils.java:logGet(43)) - raft.server.rpc.sleep.time = 25ms (default)
2019-09-18 16:16:56,457 [119461de-c1ab-40a1-84fe-2d3922567ba1:group-653301536840:LeaderElection80] INFO  server.RaftServerConfigKeys (ConfUtils.java:logGet(43)) - raft.server.write.element-limit = 4096 (default)
2019-09-18 16:16:56,457 [119461de-c1ab-40a1-84fe-2d3922567ba1:group-653301536840:LeaderElection80] INFO  server.RaftServerConfigKeys (ConfUtils.java:logGet(43)) - raft.server.watch.timeout = 10s (default)
2019-09-18 16:16:56,457 [119461de-c1ab-40a1-84fe-2d3922567ba1:group-653301536840:LeaderElection80] INFO  server.RaftServerConfigKeys (ConfUtils.java:logGet(43)) - raft.server.watch.timeout.denomination = 1s (default)
2019-09-18 16:16:56,458 [119461de-c1ab-40a1-84fe-2d3922567ba1:group-653301536840:LeaderElection80] INFO  server.RaftServerConfigKeys (ConfUtils.java:logGet(43)) - raft.server.watch.element-limit = 65536 (default)
2019-09-18 16:16:56,458 [119461de-c1ab-40a1-84fe-2d3922567ba1:group-653301536840:LeaderElection80] INFO  impl.RoleInfo (RoleInfo.java:updateAndGet(143)) - 119461de-c1ab-40a1-84fe-2d3922567ba1: start LeaderState
2019-09-18 16:16:56,458 [119461de-c1ab-40a1-84fe-2d3922567ba1:group-653301536840:LeaderElection80] INFO  segmented.SegmentedRaftLogWorker (SegmentedRaftLogWorker.java:startLogSegment(380)) - 119461de-c1ab-40a1-84fe-2d3922567ba1-SegmentedRaftLogWorker:Storage Directory /workdir/hadoop-ozone/integration-test/target/test-dir/MiniOzoneClusterImpl-d91fdf1f-9aec-46f4-8801-046e27073747/datanode-2/data/ratis/31c93ad6-74e4-40e6-b958-653301536840: Starting segment from index:0
2019-09-18 16:16:56,459 [119461de-c1ab-40a1-84fe-2d3922567ba1:group-653301536840:LeaderElection80] INFO  impl.RaftServerImpl (ServerState.java:setRaftConf(361)) - 119461de-c1ab-40a1-84fe-2d3922567ba1:group-653301536840 set configuration 0: [119461de-c1ab-40a1-84fe-2d3922567ba1:192.168.5.185:34290], old=null at 0
2019-09-18 16:16:56,515 [119461de-c1ab-40a1-84fe-2d3922567ba1-SegmentedRaftLogWorker:Storage Directory /workdir/hadoop-ozone/integration-test/target/test-dir/MiniOzoneClusterImpl-d91fdf1f-9aec-46f4-8801-046e27073747/datanode-2/data/ratis/31c93ad6-74e4-40e6-b958-653301536840] INFO  segmented.SegmentedRaftLogWorker (SegmentedRaftLogWorker.java:execute(569)) - 119461de-c1ab-40a1-84fe-2d3922567ba1-SegmentedRaftLogWorker:Storage Directory /workdir/hadoop-ozone/integration-test/target/test-dir/MiniOzoneClusterImpl-d91fdf1f-9aec-46f4-8801-046e27073747/datanode-2/data/ratis/31c93ad6-74e4-40e6-b958-653301536840: created new log segment /workdir/hadoop-ozone/integration-test/target/test-dir/MiniOzoneClusterImpl-d91fdf1f-9aec-46f4-8801-046e27073747/datanode-2/data/ratis/31c93ad6-74e4-40e6-b958-653301536840/current/log_inprogress_0
2019-09-18 16:16:56,523 | INFO  | SCMAudit | user=jenkins1000 | ip=192.168.5.185 | op=SEND_HEARTBEAT {datanodeUUID=555b68d4-2424-4ceb-b9ea-24caa74dd18d, command=[]} | ret=SUCCESS |  
2019-09-18 16:16:56,677 [Thread-4882] INFO  impl.FollowerState (FollowerState.java:run(106)) - 17ef1155-4979-4874-bb40-cb4e4583a7bb:group-87C2AADA54C6 changes to CANDIDATE, lastRpcTime:5097, electionTimeout:5097ms
2019-09-18 16:16:56,677 [Thread-4882] INFO  impl.RoleInfo (RoleInfo.java:shutdownFollowerState(121)) - 17ef1155-4979-4874-bb40-cb4e4583a7bb: shutdown FollowerState
2019-09-18 16:16:56,677 [Thread-4882] INFO  impl.RaftServerImpl (RaftServerImpl.java:setRole(171)) - 17ef1155-4979-4874-bb40-cb4e4583a7bb:group-87C2AADA54C6 changes role from FOLLOWER to CANDIDATE at term 0 for changeToCandidate
2019-09-18 16:16:56,677 [Thread-4882] INFO  impl.RoleInfo (RoleInfo.java:updateAndGet(143)) - 17ef1155-4979-4874-bb40-cb4e4583a7bb: start LeaderElection
2019-09-18 16:16:56,708 [17ef1155-4979-4874-bb40-cb4e4583a7bb:group-87C2AADA54C6:LeaderElection81] INFO  impl.LeaderElection (LeaderElection.java:askForVotes(181)) - 17ef1155-4979-4874-bb40-cb4e4583a7bb:group-87C2AADA54C6:LeaderElection81: begin an election at term 1 for -1: [17ef1155-4979-4874-bb40-cb4e4583a7bb:192.168.5.185:33020], old=null
2019-09-18 16:16:56,708 [17ef1155-4979-4874-bb40-cb4e4583a7bb:group-87C2AADA54C6:LeaderElection81] INFO  impl.RoleInfo (RoleInfo.java:shutdownLeaderElection(134)) - 17ef1155-4979-4874-bb40-cb4e4583a7bb: shutdown LeaderElection
2019-09-18 16:16:56,708 [17ef1155-4979-4874-bb40-cb4e4583a7bb:group-87C2AADA54C6:LeaderElection81] INFO  impl.RaftServerImpl (RaftServerImpl.java:setRole(171)) - 17ef1155-4979-4874-bb40-cb4e4583a7bb:group-87C2AADA54C6 changes role from CANDIDATE to LEADER at term 1 for changeToLeader
2019-09-18 16:16:56,708 [17ef1155-4979-4874-bb40-cb4e4583a7bb:group-87C2AADA54C6:LeaderElection81] INFO  impl.RaftServerImpl (ServerState.java:setLeader(263)) - 17ef1155-4979-4874-bb40-cb4e4583a7bb:group-87C2AADA54C6 change Leader from null to 17ef1155-4979-4874-bb40-cb4e4583a7bb at term 1 for becomeLeader, leader elected after 5133ms
2019-09-18 16:16:56,708 [17ef1155-4979-4874-bb40-cb4e4583a7bb:group-87C2AADA54C6:LeaderElection81] INFO  server.RaftServerConfigKeys (ConfUtils.java:logGet(43)) - raft.server.staging.catchup.gap = 1000 (default)
2019-09-18 16:16:56,708 [17ef1155-4979-4874-bb40-cb4e4583a7bb:group-87C2AADA54C6:LeaderElection81] INFO  server.RaftServerConfigKeys (ConfUtils.java:logGet(43)) - raft.server.rpc.sleep.time = 25ms (default)
2019-09-18 16:16:56,709 [17ef1155-4979-4874-bb40-cb4e4583a7bb:group-87C2AADA54C6:LeaderElection81] INFO  server.RaftServerConfigKeys (ConfUtils.java:logGet(43)) - raft.server.write.element-limit = 4096 (default)
2019-09-18 16:16:56,709 [17ef1155-4979-4874-bb40-cb4e4583a7bb:group-87C2AADA54C6:LeaderElection81] INFO  server.RaftServerConfigKeys (ConfUtils.java:logGet(43)) - raft.server.watch.timeout = 10s (default)
2019-09-18 16:16:56,709 [17ef1155-4979-4874-bb40-cb4e4583a7bb:group-87C2AADA54C6:LeaderElection81] INFO  server.RaftServerConfigKeys (ConfUtils.java:logGet(43)) - raft.server.watch.timeout.denomination = 1s (default)
2019-09-18 16:16:56,709 [17ef1155-4979-4874-bb40-cb4e4583a7bb:group-87C2AADA54C6:LeaderElection81] INFO  server.RaftServerConfigKeys (ConfUtils.java:logGet(43)) - raft.server.watch.element-limit = 65536 (default)
2019-09-18 16:16:56,709 [17ef1155-4979-4874-bb40-cb4e4583a7bb:group-87C2AADA54C6:LeaderElection81] INFO  impl.RoleInfo (RoleInfo.java:updateAndGet(143)) - 17ef1155-4979-4874-bb40-cb4e4583a7bb: start LeaderState
2019-09-18 16:16:56,710 [17ef1155-4979-4874-bb40-cb4e4583a7bb:group-87C2AADA54C6:LeaderElection81] INFO  segmented.SegmentedRaftLogWorker (SegmentedRaftLogWorker.java:startLogSegment(380)) - 17ef1155-4979-4874-bb40-cb4e4583a7bb-SegmentedRaftLogWorker:Storage Directory /workdir/hadoop-ozone/integration-test/target/test-dir/MiniOzoneClusterImpl-d91fdf1f-9aec-46f4-8801-046e27073747/datanode-3/data/ratis/54e34dc3-7651-490e-9831-87c2aada54c6: Starting segment from index:0
2019-09-18 16:16:56,710 [17ef1155-4979-4874-bb40-cb4e4583a7bb:group-87C2AADA54C6:LeaderElection81] INFO  impl.RaftServerImpl (ServerState.java:setRaftConf(361)) - 17ef1155-4979-4874-bb40-cb4e4583a7bb:group-87C2AADA54C6 set configuration 0: [17ef1155-4979-4874-bb40-cb4e4583a7bb:192.168.5.185:33020], old=null at 0
2019-09-18 16:16:56,714 [Thread-4885] INFO  impl.FollowerState (FollowerState.java:run(106)) - 555b68d4-2424-4ceb-b9ea-24caa74dd18d:group-8963E2007A88 changes to CANDIDATE, lastRpcTime:5059, electionTimeout:5059ms
2019-09-18 16:16:56,714 [Thread-4885] INFO  impl.RoleInfo (RoleInfo.java:shutdownFollowerState(121)) - 555b68d4-2424-4ceb-b9ea-24caa74dd18d: shutdown FollowerState
2019-09-18 16:16:56,715 [Thread-4885] INFO  impl.RaftServerImpl (RaftServerImpl.java:setRole(171)) - 555b68d4-2424-4ceb-b9ea-24caa74dd18d:group-8963E2007A88 changes role from FOLLOWER to CANDIDATE at term 0 for changeToCandidate
2019-09-18 16:16:56,715 [Thread-4885] INFO  impl.RoleInfo (RoleInfo.java:updateAndGet(143)) - 555b68d4-2424-4ceb-b9ea-24caa74dd18d: start LeaderElection
2019-09-18 16:16:56,752 | INFO  | SCMAudit | user=jenkins1000 | ip=192.168.5.185 | op=SEND_HEARTBEAT {datanodeUUID=9820d8fa-8bca-4820-8d69-8b9d38bc65eb, command=[]} | ret=SUCCESS |  
2019-09-18 16:16:56,753 [Thread-4888] INFO  impl.FollowerState (FollowerState.java:run(106)) - 17ef1155-4979-4874-bb40-cb4e4583a7bb:group-EABD82DC7AB2 changes to CANDIDATE, lastRpcTime:5066, electionTimeout:5066ms
2019-09-18 16:16:56,754 [Thread-4888] INFO  impl.RoleInfo (RoleInfo.java:shutdownFollowerState(121)) - 17ef1155-4979-4874-bb40-cb4e4583a7bb: shutdown FollowerState
2019-09-18 16:16:56,754 [Thread-4888] INFO  impl.RaftServerImpl (RaftServerImpl.java:setRole(171)) - 17ef1155-4979-4874-bb40-cb4e4583a7bb:group-EABD82DC7AB2 changes role from FOLLOWER to CANDIDATE at term 0 for changeToCandidate
2019-09-18 16:16:56,754 [Thread-4888] INFO  impl.RoleInfo (RoleInfo.java:updateAndGet(143)) - 17ef1155-4979-4874-bb40-cb4e4583a7bb: start LeaderElection
2019-09-18 16:16:56,775 [17ef1155-4979-4874-bb40-cb4e4583a7bb-SegmentedRaftLogWorker:Storage Directory /workdir/hadoop-ozone/integration-test/target/test-dir/MiniOzoneClusterImpl-d91fdf1f-9aec-46f4-8801-046e27073747/datanode-3/data/ratis/54e34dc3-7651-490e-9831-87c2aada54c6] INFO  segmented.SegmentedRaftLogWorker (SegmentedRaftLogWorker.java:execute(569)) - 17ef1155-4979-4874-bb40-cb4e4583a7bb-SegmentedRaftLogWorker:Storage Directory /workdir/hadoop-ozone/integration-test/target/test-dir/MiniOzoneClusterImpl-d91fdf1f-9aec-46f4-8801-046e27073747/datanode-3/data/ratis/54e34dc3-7651-490e-9831-87c2aada54c6: created new log segment /workdir/hadoop-ozone/integration-test/target/test-dir/MiniOzoneClusterImpl-d91fdf1f-9aec-46f4-8801-046e27073747/datanode-3/data/ratis/54e34dc3-7651-490e-9831-87c2aada54c6/current/log_inprogress_0
2019-09-18 16:16:56,784 [555b68d4-2424-4ceb-b9ea-24caa74dd18d:group-8963E2007A88:LeaderElection82] INFO  impl.LeaderElection (LeaderElection.java:askForVotes(181)) - 555b68d4-2424-4ceb-b9ea-24caa74dd18d:group-8963E2007A88:LeaderElection82: begin an election at term 1 for -1: [555b68d4-2424-4ceb-b9ea-24caa74dd18d:192.168.5.185:39269], old=null
2019-09-18 16:16:56,784 [555b68d4-2424-4ceb-b9ea-24caa74dd18d:group-8963E2007A88:LeaderElection82] INFO  impl.RoleInfo (RoleInfo.java:shutdownLeaderElection(134)) - 555b68d4-2424-4ceb-b9ea-24caa74dd18d: shutdown LeaderElection
2019-09-18 16:16:56,784 [555b68d4-2424-4ceb-b9ea-24caa74dd18d:group-8963E2007A88:LeaderElection82] INFO  impl.RaftServerImpl (RaftServerImpl.java:setRole(171)) - 555b68d4-2424-4ceb-b9ea-24caa74dd18d:group-8963E2007A88 changes role from CANDIDATE to LEADER at term 1 for changeToLeader
2019-09-18 16:16:56,784 [555b68d4-2424-4ceb-b9ea-24caa74dd18d:group-8963E2007A88:LeaderElection82] INFO  impl.RaftServerImpl (ServerState.java:setLeader(263)) - 555b68d4-2424-4ceb-b9ea-24caa74dd18d:group-8963E2007A88 change Leader from null to 555b68d4-2424-4ceb-b9ea-24caa74dd18d at term 1 for becomeLeader, leader elected after 5133ms
2019-09-18 16:16:56,784 [555b68d4-2424-4ceb-b9ea-24caa74dd18d:group-8963E2007A88:LeaderElection82] INFO  server.RaftServerConfigKeys (ConfUtils.java:logGet(43)) - raft.server.staging.catchup.gap = 1000 (default)
2019-09-18 16:16:56,784 [555b68d4-2424-4ceb-b9ea-24caa74dd18d:group-8963E2007A88:LeaderElection82] INFO  server.RaftServerConfigKeys (ConfUtils.java:logGet(43)) - raft.server.rpc.sleep.time = 25ms (default)
2019-09-18 16:16:56,785 [555b68d4-2424-4ceb-b9ea-24caa74dd18d:group-8963E2007A88:LeaderElection82] INFO  server.RaftServerConfigKeys (ConfUtils.java:logGet(43)) - raft.server.write.element-limit = 4096 (default)
2019-09-18 16:16:56,785 [555b68d4-2424-4ceb-b9ea-24caa74dd18d:group-8963E2007A88:LeaderElection82] INFO  server.RaftServerConfigKeys (ConfUtils.java:logGet(43)) - raft.server.watch.timeout = 10s (default)
2019-09-18 16:16:56,785 [555b68d4-2424-4ceb-b9ea-24caa74dd18d:group-8963E2007A88:LeaderElection82] INFO  server.RaftServerConfigKeys (ConfUtils.java:logGet(43)) - raft.server.watch.timeout.denomination = 1s (default)
2019-09-18 16:16:56,785 [555b68d4-2424-4ceb-b9ea-24caa74dd18d:group-8963E2007A88:LeaderElection82] INFO  server.RaftServerConfigKeys (ConfUtils.java:logGet(43)) - raft.server.watch.element-limit = 65536 (default)
2019-09-18 16:16:56,785 [555b68d4-2424-4ceb-b9ea-24caa74dd18d:group-8963E2007A88:LeaderElection82] INFO  impl.RoleInfo (RoleInfo.java:updateAndGet(143)) - 555b68d4-2424-4ceb-b9ea-24caa74dd18d: start LeaderState
2019-09-18 16:16:56,785 [555b68d4-2424-4ceb-b9ea-24caa74dd18d:group-8963E2007A88:LeaderElection82] INFO  segmented.SegmentedRaftLogWorker (SegmentedRaftLogWorker.java:startLogSegment(380)) - 555b68d4-2424-4ceb-b9ea-24caa74dd18d-SegmentedRaftLogWorker:Storage Directory /workdir/hadoop-ozone/integration-test/target/test-dir/MiniOzoneClusterImpl-d91fdf1f-9aec-46f4-8801-046e27073747/datanode-4/data/ratis/d2486939-b73a-4508-bc0f-8963e2007a88: Starting segment from index:0
2019-09-18 16:16:56,786 [555b68d4-2424-4ceb-b9ea-24caa74dd18d:group-8963E2007A88:LeaderElection82] INFO  impl.RaftServerImpl (ServerState.java:setRaftConf(361)) - 555b68d4-2424-4ceb-b9ea-24caa74dd18d:group-8963E2007A88 set configuration 0: [555b68d4-2424-4ceb-b9ea-24caa74dd18d:192.168.5.185:39269], old=null at 0
2019-09-18 16:16:56,792 [17ef1155-4979-4874-bb40-cb4e4583a7bb:group-EABD82DC7AB2:LeaderElection83] INFO  impl.LeaderElection (LeaderElection.java:askForVotes(181)) - 17ef1155-4979-4874-bb40-cb4e4583a7bb:group-EABD82DC7AB2:LeaderElection83: begin an election at term 1 for -1: [555b68d4-2424-4ceb-b9ea-24caa74dd18d:192.168.5.185:39269, 17ef1155-4979-4874-bb40-cb4e4583a7bb:192.168.5.185:33020, 2423363d-8469-460a-b110-ac84e5495342:192.168.5.185:43904], old=null
2019-09-18 16:16:56,824 [Thread-4891] INFO  impl.FollowerState (FollowerState.java:run(106)) - 555b68d4-2424-4ceb-b9ea-24caa74dd18d:group-EABD82DC7AB2 changes to CANDIDATE, lastRpcTime:5110, electionTimeout:5088ms
2019-09-18 16:16:56,824 [Thread-4891] INFO  impl.RoleInfo (RoleInfo.java:shutdownFollowerState(121)) - 555b68d4-2424-4ceb-b9ea-24caa74dd18d: shutdown FollowerState
2019-09-18 16:16:56,824 [Thread-4891] INFO  impl.RaftServerImpl (RaftServerImpl.java:setRole(171)) - 555b68d4-2424-4ceb-b9ea-24caa74dd18d:group-EABD82DC7AB2 changes role from FOLLOWER to CANDIDATE at term 0 for changeToCandidate
2019-09-18 16:16:56,824 [grpc-default-executor-8] INFO  impl.RaftServerImpl (RaftServerImpl.java:setRole(171)) - 2423363d-8469-460a-b110-ac84e5495342:group-EABD82DC7AB2 changes role from FOLLOWER to FOLLOWER at term 1 for recognizeCandidate:17ef1155-4979-4874-bb40-cb4e4583a7bb
2019-09-18 16:16:56,827 [Thread-4891] INFO  impl.RoleInfo (RoleInfo.java:updateAndGet(143)) - 555b68d4-2424-4ceb-b9ea-24caa74dd18d: start LeaderElection
2019-09-18 16:16:56,827 [grpc-default-executor-8] INFO  impl.RoleInfo (RoleInfo.java:shutdownFollowerState(121)) - 2423363d-8469-460a-b110-ac84e5495342: shutdown FollowerState
2019-09-18 16:16:56,828 [grpc-default-executor-1] INFO  impl.RaftServerImpl (RaftServerImpl.java:setRole(171)) - 555b68d4-2424-4ceb-b9ea-24caa74dd18d:group-EABD82DC7AB2 changes role from CANDIDATE to FOLLOWER at term 1 for recognizeCandidate:17ef1155-4979-4874-bb40-cb4e4583a7bb
2019-09-18 16:16:56,828 [Thread-4906] INFO  impl.FollowerState (FollowerState.java:run(114)) - 2423363d-8469-460a-b110-ac84e5495342: FollowerState was interrupted: java.lang.InterruptedException: sleep interrupted
2019-09-18 16:16:56,828 [grpc-default-executor-8] INFO  impl.RoleInfo (RoleInfo.java:updateAndGet(143)) - 2423363d-8469-460a-b110-ac84e5495342: start FollowerState
2019-09-18 16:16:56,828 [grpc-default-executor-1] INFO  impl.RoleInfo (RoleInfo.java:shutdownLeaderElection(134)) - 555b68d4-2424-4ceb-b9ea-24caa74dd18d: shutdown LeaderElection
2019-09-18 16:16:56,828 [grpc-default-executor-1] INFO  impl.RoleInfo (RoleInfo.java:updateAndGet(143)) - 555b68d4-2424-4ceb-b9ea-24caa74dd18d: start FollowerState
2019-09-18 16:16:56,843 [555b68d4-2424-4ceb-b9ea-24caa74dd18d-SegmentedRaftLogWorker:Storage Directory /workdir/hadoop-ozone/integration-test/target/test-dir/MiniOzoneClusterImpl-d91fdf1f-9aec-46f4-8801-046e27073747/datanode-4/data/ratis/d2486939-b73a-4508-bc0f-8963e2007a88] INFO  segmented.SegmentedRaftLogWorker (SegmentedRaftLogWorker.java:execute(569)) - 555b68d4-2424-4ceb-b9ea-24caa74dd18d-SegmentedRaftLogWorker:Storage Directory /workdir/hadoop-ozone/integration-test/target/test-dir/MiniOzoneClusterImpl-d91fdf1f-9aec-46f4-8801-046e27073747/datanode-4/data/ratis/d2486939-b73a-4508-bc0f-8963e2007a88: created new log segment /workdir/hadoop-ozone/integration-test/target/test-dir/MiniOzoneClusterImpl-d91fdf1f-9aec-46f4-8801-046e27073747/datanode-4/data/ratis/d2486939-b73a-4508-bc0f-8963e2007a88/current/log_inprogress_0
2019-09-18 16:16:56,844 [17ef1155-4979-4874-bb40-cb4e4583a7bb:group-EABD82DC7AB2:LeaderElection83] INFO  impl.LeaderElection (LeaderElection.java:logAndReturn(56)) - 17ef1155-4979-4874-bb40-cb4e4583a7bb:group-EABD82DC7AB2:LeaderElection83: Election PASSED; received 2 response(s) [17ef1155-4979-4874-bb40-cb4e4583a7bb<-555b68d4-2424-4ceb-b9ea-24caa74dd18d#0:FAIL-t1, 17ef1155-4979-4874-bb40-cb4e4583a7bb<-2423363d-8469-460a-b110-ac84e5495342#0:OK-t1] and 0 exception(s); 17ef1155-4979-4874-bb40-cb4e4583a7bb:t1, leader=null, voted=17ef1155-4979-4874-bb40-cb4e4583a7bb, raftlog=17ef1155-4979-4874-bb40-cb4e4583a7bb-SegmentedRaftLog:OPENED:c-1,f-1,i0, conf=-1: [555b68d4-2424-4ceb-b9ea-24caa74dd18d:192.168.5.185:39269, 17ef1155-4979-4874-bb40-cb4e4583a7bb:192.168.5.185:33020, 2423363d-8469-460a-b110-ac84e5495342:192.168.5.185:43904], old=null
2019-09-18 16:16:56,844 [17ef1155-4979-4874-bb40-cb4e4583a7bb:group-EABD82DC7AB2:LeaderElection83] INFO  impl.RoleInfo (RoleInfo.java:shutdownLeaderElection(134)) - 17ef1155-4979-4874-bb40-cb4e4583a7bb: shutdown LeaderElection
2019-09-18 16:16:56,844 [17ef1155-4979-4874-bb40-cb4e4583a7bb:group-EABD82DC7AB2:LeaderElection83] INFO  impl.RaftServerImpl (RaftServerImpl.java:setRole(171)) - 17ef1155-4979-4874-bb40-cb4e4583a7bb:group-EABD82DC7AB2 changes role from CANDIDATE to LEADER at term 1 for changeToLeader
2019-09-18 16:16:56,844 [17ef1155-4979-4874-bb40-cb4e4583a7bb:group-EABD82DC7AB2:LeaderElection83] INFO  impl.RaftServerImpl (ServerState.java:setLeader(263)) - 17ef1155-4979-4874-bb40-cb4e4583a7bb:group-EABD82DC7AB2 change Leader from null to 17ef1155-4979-4874-bb40-cb4e4583a7bb at term 1 for becomeLeader, leader elected after 5160ms
2019-09-18 16:16:56,844 [17ef1155-4979-4874-bb40-cb4e4583a7bb:group-EABD82DC7AB2:LeaderElection83] INFO  server.RaftServerConfigKeys (ConfUtils.java:logGet(43)) - raft.server.staging.catchup.gap = 1000 (default)
2019-09-18 16:16:56,844 [17ef1155-4979-4874-bb40-cb4e4583a7bb:group-EABD82DC7AB2:LeaderElection83] INFO  server.RaftServerConfigKeys (ConfUtils.java:logGet(43)) - raft.server.rpc.sleep.time = 25ms (default)
2019-09-18 16:16:56,845 [17ef1155-4979-4874-bb40-cb4e4583a7bb:group-EABD82DC7AB2:LeaderElection83] INFO  server.RaftServerConfigKeys (ConfUtils.java:logGet(43)) - raft.server.write.element-limit = 4096 (default)
2019-09-18 16:16:56,845 [17ef1155-4979-4874-bb40-cb4e4583a7bb:group-EABD82DC7AB2:LeaderElection83] INFO  server.RaftServerConfigKeys (ConfUtils.java:logGet(43)) - raft.server.watch.timeout = 10s (default)
2019-09-18 16:16:56,845 [17ef1155-4979-4874-bb40-cb4e4583a7bb:group-EABD82DC7AB2:LeaderElection83] INFO  server.RaftServerConfigKeys (ConfUtils.java:logGet(43)) - raft.server.watch.timeout.denomination = 1s (default)
2019-09-18 16:16:56,845 [17ef1155-4979-4874-bb40-cb4e4583a7bb:group-EABD82DC7AB2:LeaderElection83] INFO  server.RaftServerConfigKeys (ConfUtils.java:logGet(43)) - raft.server.watch.element-limit = 65536 (default)
2019-09-18 16:16:56,845 [17ef1155-4979-4874-bb40-cb4e4583a7bb:group-EABD82DC7AB2:LeaderElection83] INFO  server.RaftServerConfigKeys (ConfUtils.java:logGet(43)) - raft.server.log.appender.snapshot.chunk.size.max = 16MB (=16777216) (default)
2019-09-18 16:16:56,845 [17ef1155-4979-4874-bb40-cb4e4583a7bb:group-EABD82DC7AB2:LeaderElection83] INFO  server.RaftServerConfigKeys (ConfUtils.java:logGet(43)) - raft.server.log.appender.buffer.byte-limit = 33554432 (custom)
2019-09-18 16:16:56,845 [17ef1155-4979-4874-bb40-cb4e4583a7bb:group-EABD82DC7AB2:LeaderElection83] INFO  server.RaftServerConfigKeys (ConfUtils.java:logGet(43)) - raft.server.log.appender.buffer.element-limit = 1 (custom)
2019-09-18 16:16:56,846 [17ef1155-4979-4874-bb40-cb4e4583a7bb:group-EABD82DC7AB2:LeaderElection83] INFO  grpc.GrpcConfigKeys$Server (ConfUtils.java:logGet(43)) - raft.grpc.server.leader.outstanding.appends.max = 128 (default)
2019-09-18 16:16:56,846 [17ef1155-4979-4874-bb40-cb4e4583a7bb:group-EABD82DC7AB2:LeaderElection83] INFO  server.RaftServerConfigKeys (ConfUtils.java:logGet(43)) - raft.server.rpc.request.timeout = 3000ms (default)
2019-09-18 16:16:56,846 [17ef1155-4979-4874-bb40-cb4e4583a7bb:group-EABD82DC7AB2:LeaderElection83] INFO  server.RaftServerConfigKeys (ConfUtils.java:logGet(43)) - raft.server.log.appender.install.snapshot.enabled = false (custom)
2019-09-18 16:16:56,846 [17ef1155-4979-4874-bb40-cb4e4583a7bb:group-EABD82DC7AB2:LeaderElection83] INFO  server.RaftServerConfigKeys (ConfUtils.java:logGet(43)) - raft.server.log.appender.snapshot.chunk.size.max = 16MB (=16777216) (default)
2019-09-18 16:16:56,846 [17ef1155-4979-4874-bb40-cb4e4583a7bb:group-EABD82DC7AB2:LeaderElection83] INFO  server.RaftServerConfigKeys (ConfUtils.java:logGet(43)) - raft.server.log.appender.buffer.byte-limit = 33554432 (custom)
2019-09-18 16:16:56,846 [17ef1155-4979-4874-bb40-cb4e4583a7bb:group-EABD82DC7AB2:LeaderElection83] INFO  server.RaftServerConfigKeys (ConfUtils.java:logGet(43)) - raft.server.log.appender.buffer.element-limit = 1 (custom)
2019-09-18 16:16:56,847 [17ef1155-4979-4874-bb40-cb4e4583a7bb:group-EABD82DC7AB2:LeaderElection83] INFO  grpc.GrpcConfigKeys$Server (ConfUtils.java:logGet(43)) - raft.grpc.server.leader.outstanding.appends.max = 128 (default)
2019-09-18 16:16:56,847 [17ef1155-4979-4874-bb40-cb4e4583a7bb:group-EABD82DC7AB2:LeaderElection83] INFO  server.RaftServerConfigKeys (ConfUtils.java:logGet(43)) - raft.server.rpc.request.timeout = 3000ms (default)
2019-09-18 16:16:56,847 [17ef1155-4979-4874-bb40-cb4e4583a7bb:group-EABD82DC7AB2:LeaderElection83] INFO  server.RaftServerConfigKeys (ConfUtils.java:logGet(43)) - raft.server.log.appender.install.snapshot.enabled = false (custom)
2019-09-18 16:16:56,847 [17ef1155-4979-4874-bb40-cb4e4583a7bb:group-EABD82DC7AB2:LeaderElection83] INFO  impl.RoleInfo (RoleInfo.java:updateAndGet(143)) - 17ef1155-4979-4874-bb40-cb4e4583a7bb: start LeaderState
2019-09-18 16:16:56,847 [17ef1155-4979-4874-bb40-cb4e4583a7bb:group-EABD82DC7AB2:LeaderElection83] INFO  segmented.SegmentedRaftLogWorker (SegmentedRaftLogWorker.java:startLogSegment(380)) - 17ef1155-4979-4874-bb40-cb4e4583a7bb-SegmentedRaftLogWorker:Storage Directory /workdir/hadoop-ozone/integration-test/target/test-dir/MiniOzoneClusterImpl-d91fdf1f-9aec-46f4-8801-046e27073747/datanode-3/data/ratis/0f6b5feb-767a-41f7-9caf-eabd82dc7ab2: Starting segment from index:0
2019-09-18 16:16:56,848 [17ef1155-4979-4874-bb40-cb4e4583a7bb:group-EABD82DC7AB2:LeaderElection83] INFO  impl.RaftServerImpl (ServerState.java:setRaftConf(361)) - 17ef1155-4979-4874-bb40-cb4e4583a7bb:group-EABD82DC7AB2 set configuration 0: [555b68d4-2424-4ceb-b9ea-24caa74dd18d:192.168.5.185:39269, 17ef1155-4979-4874-bb40-cb4e4583a7bb:192.168.5.185:33020, 2423363d-8469-460a-b110-ac84e5495342:192.168.5.185:43904], old=null at 0
2019-09-18 16:16:56,849 [grpc-default-executor-8] INFO  impl.RaftServerImpl (ServerState.java:setLeader(263)) - 2423363d-8469-460a-b110-ac84e5495342:group-EABD82DC7AB2 change Leader from null to 17ef1155-4979-4874-bb40-cb4e4583a7bb at term 1 for appendEntries, leader elected after 4611ms
2019-09-18 16:16:56,884 [555b68d4-2424-4ceb-b9ea-24caa74dd18d:group-EABD82DC7AB2:LeaderElection84] INFO  impl.LeaderElection (LeaderElection.java:askForVotes(181)) - 555b68d4-2424-4ceb-b9ea-24caa74dd18d:group-EABD82DC7AB2:LeaderElection84: begin an election at term 2 for -1: [555b68d4-2424-4ceb-b9ea-24caa74dd18d:192.168.5.185:39269, 17ef1155-4979-4874-bb40-cb4e4583a7bb:192.168.5.185:33020, 2423363d-8469-460a-b110-ac84e5495342:192.168.5.185:43904], old=null
2019-09-18 16:16:56,884 [555b68d4-2424-4ceb-b9ea-24caa74dd18d:group-EABD82DC7AB2:LeaderElection84] INFO  impl.LeaderElection (LeaderElection.java:logAndReturn(56)) - 555b68d4-2424-4ceb-b9ea-24caa74dd18d:group-EABD82DC7AB2:LeaderElection84: Election REJECTED; received 0 response(s) [] and 0 exception(s); 555b68d4-2424-4ceb-b9ea-24caa74dd18d:t2, leader=null, voted=555b68d4-2424-4ceb-b9ea-24caa74dd18d, raftlog=555b68d4-2424-4ceb-b9ea-24caa74dd18d-SegmentedRaftLog:OPENED:c-1,f-1,i0, conf=-1: [555b68d4-2424-4ceb-b9ea-24caa74dd18d:192.168.5.185:39269, 17ef1155-4979-4874-bb40-cb4e4583a7bb:192.168.5.185:33020, 2423363d-8469-460a-b110-ac84e5495342:192.168.5.185:43904], old=null
2019-09-18 16:16:56,884 [Thread-4971] INFO  impl.RaftServerImpl (ServerState.java:setLeader(263)) - 17ef1155-4979-4874-bb40-cb4e4583a7bb:group-EABD82DC7AB2 change Leader from 17ef1155-4979-4874-bb40-cb4e4583a7bb to null at term 2 for updateCurrentTerm
2019-09-18 16:16:56,885 [Thread-4971] INFO  impl.RaftServerImpl (RaftServerImpl.java:setRole(171)) - 17ef1155-4979-4874-bb40-cb4e4583a7bb:group-EABD82DC7AB2 changes role from LEADER to FOLLOWER at term 2 for stepDown
2019-09-18 16:16:56,885 [Thread-4971] INFO  impl.RoleInfo (RoleInfo.java:shutdownLeaderState(104)) - 17ef1155-4979-4874-bb40-cb4e4583a7bb: shutdown LeaderState
2019-09-18 16:16:56,885 [grpc-default-executor-1] INFO  impl.RaftServerImpl (ServerState.java:setRaftConf(361)) - 2423363d-8469-460a-b110-ac84e5495342:group-EABD82DC7AB2 set configuration 0: [555b68d4-2424-4ceb-b9ea-24caa74dd18d:192.168.5.185:39269, 17ef1155-4979-4874-bb40-cb4e4583a7bb:192.168.5.185:33020, 2423363d-8469-460a-b110-ac84e5495342:192.168.5.185:43904], old=null at 0
2019-09-18 16:16:56,889 [org.apache.ratis.server.impl.LogAppender$AppenderDaemon$$Lambda$859/126961403@75f0f5ec] WARN  server.GrpcLogAppender (GrpcLogAppender.java:mayWait(143)) - GrpcLogAppender(17ef1155-4979-4874-bb40-cb4e4583a7bb->555b68d4-2424-4ceb-b9ea-24caa74dd18d): Wait interrupted by java.lang.InterruptedException
2019-09-18 16:16:56,889 [Thread-4971] INFO  impl.PendingRequests (PendingRequests.java:sendNotLeaderResponses(202)) - 17ef1155-4979-4874-bb40-cb4e4583a7bb-PendingRequests: sendNotLeaderResponses
2019-09-18 16:16:56,889 [org.apache.ratis.server.impl.LogAppender$AppenderDaemon$$Lambda$859/126961403@30f26536] WARN  server.GrpcLogAppender (GrpcLogAppender.java:mayWait(143)) - GrpcLogAppender(17ef1155-4979-4874-bb40-cb4e4583a7bb->2423363d-8469-460a-b110-ac84e5495342): Wait interrupted by java.lang.InterruptedException
2019-09-18 16:16:56,890 [Thread-4971] INFO  impl.RoleInfo (RoleInfo.java:updateAndGet(143)) - 17ef1155-4979-4874-bb40-cb4e4583a7bb: start FollowerState
2019-09-18 16:16:56,889 [grpc-default-executor-1] INFO  segmented.SegmentedRaftLogWorker (SegmentedRaftLogWorker.java:startLogSegment(380)) - 2423363d-8469-460a-b110-ac84e5495342-SegmentedRaftLogWorker:Storage Directory /workdir/hadoop-ozone/integration-test/target/test-dir/MiniOzoneClusterImpl-d91fdf1f-9aec-46f4-8801-046e27073747/datanode-5/data/ratis/0f6b5feb-767a-41f7-9caf-eabd82dc7ab2: Starting segment from index:0
2019-09-18 16:16:56,890 [grpc-default-executor-6] INFO  server.GrpcServerProtocolService (GrpcServerProtocolService.java:onCompleted(104)) - 555b68d4-2424-4ceb-b9ea-24caa74dd18d: appendEntries completed
2019-09-18 16:16:56,892 [grpc-default-executor-1] INFO  server.GrpcServerProtocolService (GrpcServerProtocolService.java:onCompleted(104)) - 2423363d-8469-460a-b110-ac84e5495342: appendEntries completed
2019-09-18 16:16:56,892 [grpc-default-executor-1] INFO  server.GrpcLogAppender (GrpcLogAppender.java:onCompleted(292)) - 17ef1155-4979-4874-bb40-cb4e4583a7bb->555b68d4-2424-4ceb-b9ea-24caa74dd18d: follower responses appendEntries COMPLETED
2019-09-18 16:16:56,904 [17ef1155-4979-4874-bb40-cb4e4583a7bb-SegmentedRaftLogWorker:Storage Directory /workdir/hadoop-ozone/integration-test/target/test-dir/MiniOzoneClusterImpl-d91fdf1f-9aec-46f4-8801-046e27073747/datanode-3/data/ratis/0f6b5feb-767a-41f7-9caf-eabd82dc7ab2] INFO  segmented.SegmentedRaftLogWorker (SegmentedRaftLogWorker.java:execute(569)) - 17ef1155-4979-4874-bb40-cb4e4583a7bb-SegmentedRaftLogWorker:Storage Directory /workdir/hadoop-ozone/integration-test/target/test-dir/MiniOzoneClusterImpl-d91fdf1f-9aec-46f4-8801-046e27073747/datanode-3/data/ratis/0f6b5feb-767a-41f7-9caf-eabd82dc7ab2: created new log segment /workdir/hadoop-ozone/integration-test/target/test-dir/MiniOzoneClusterImpl-d91fdf1f-9aec-46f4-8801-046e27073747/datanode-3/data/ratis/0f6b5feb-767a-41f7-9caf-eabd82dc7ab2/current/log_inprogress_0
2019-09-18 16:16:56,904 [grpc-default-executor-1] INFO  impl.FollowerInfo (FollowerInfo.java:lambda$new$0(50)) - 17ef1155-4979-4874-bb40-cb4e4583a7bb->555b68d4-2424-4ceb-b9ea-24caa74dd18d: nextIndex: updateUnconditionally 0 -> 0
2019-09-18 16:16:56,904 [grpc-default-executor-8] INFO  server.GrpcLogAppender (GrpcLogAppender.java:onCompleted(292)) - 17ef1155-4979-4874-bb40-cb4e4583a7bb->2423363d-8469-460a-b110-ac84e5495342: follower responses appendEntries COMPLETED
2019-09-18 16:16:56,905 [grpc-default-executor-8] INFO  impl.FollowerInfo (FollowerInfo.java:lambda$new$0(50)) - 17ef1155-4979-4874-bb40-cb4e4583a7bb->2423363d-8469-460a-b110-ac84e5495342: nextIndex: updateUnconditionally 1 -> 0
2019-09-18 16:16:56,944 | INFO  | SCMAudit | user=jenkins1000 | ip=192.168.5.185 | op=SEND_HEARTBEAT {datanodeUUID=13430010-64c6-461b-bbc0-84bbac937742, command=[]} | ret=SUCCESS |  
2019-09-18 16:16:56,941 [grpc-default-executor-6] INFO  impl.RaftServerImpl (RaftServerImpl.java:setRole(171)) - 17ef1155-4979-4874-bb40-cb4e4583a7bb:group-EABD82DC7AB2 changes role from FOLLOWER to FOLLOWER at term 2 for recognizeCandidate:555b68d4-2424-4ceb-b9ea-24caa74dd18d
2019-09-18 16:16:56,945 [grpc-default-executor-6] INFO  impl.RoleInfo (RoleInfo.java:shutdownFollowerState(121)) - 17ef1155-4979-4874-bb40-cb4e4583a7bb: shutdown FollowerState
2019-09-18 16:16:56,941 [grpc-default-executor-1] INFO  impl.RaftServerImpl (ServerState.java:setLeader(263)) - 2423363d-8469-460a-b110-ac84e5495342:group-EABD82DC7AB2 change Leader from 17ef1155-4979-4874-bb40-cb4e4583a7bb to null at term 2 for updateCurrentTerm
2019-09-18 16:16:56,945 [grpc-default-executor-6] INFO  impl.RoleInfo (RoleInfo.java:updateAndGet(143)) - 17ef1155-4979-4874-bb40-cb4e4583a7bb: start FollowerState
2019-09-18 16:16:56,945 [Thread-4979] INFO  impl.FollowerState (FollowerState.java:run(114)) - 17ef1155-4979-4874-bb40-cb4e4583a7bb: FollowerState was interrupted: java.lang.InterruptedException: sleep interrupted
2019-09-18 16:16:56,945 [grpc-default-executor-1] INFO  impl.RaftServerImpl (RaftServerImpl.java:setRole(171)) - 2423363d-8469-460a-b110-ac84e5495342:group-EABD82DC7AB2 changes role from FOLLOWER to FOLLOWER at term 2 for recognizeCandidate:555b68d4-2424-4ceb-b9ea-24caa74dd18d
2019-09-18 16:16:56,950 [grpc-default-executor-1] INFO  impl.RoleInfo (RoleInfo.java:shutdownFollowerState(121)) - 2423363d-8469-460a-b110-ac84e5495342: shutdown FollowerState
2019-09-18 16:16:56,950 [grpc-default-executor-1] INFO  impl.RoleInfo (RoleInfo.java:updateAndGet(143)) - 2423363d-8469-460a-b110-ac84e5495342: start FollowerState
2019-09-18 16:16:56,950 [Thread-4969] INFO  impl.FollowerState (FollowerState.java:run(114)) - 2423363d-8469-460a-b110-ac84e5495342: FollowerState was interrupted: java.lang.InterruptedException: sleep interrupted
2019-09-18 16:16:57,012 [2423363d-8469-460a-b110-ac84e5495342-SegmentedRaftLogWorker:Storage Directory /workdir/hadoop-ozone/integration-test/target/test-dir/MiniOzoneClusterImpl-d91fdf1f-9aec-46f4-8801-046e27073747/datanode-5/data/ratis/0f6b5feb-767a-41f7-9caf-eabd82dc7ab2] INFO  segmented.SegmentedRaftLogWorker (SegmentedRaftLogWorker.java:execute(569)) - 2423363d-8469-460a-b110-ac84e5495342-SegmentedRaftLogWorker:Storage Directory /workdir/hadoop-ozone/integration-test/target/test-dir/MiniOzoneClusterImpl-d91fdf1f-9aec-46f4-8801-046e27073747/datanode-5/data/ratis/0f6b5feb-767a-41f7-9caf-eabd82dc7ab2: created new log segment /workdir/hadoop-ozone/integration-test/target/test-dir/MiniOzoneClusterImpl-d91fdf1f-9aec-46f4-8801-046e27073747/datanode-5/data/ratis/0f6b5feb-767a-41f7-9caf-eabd82dc7ab2/current/log_inprogress_0
2019-09-18 16:16:57,112 | INFO  | SCMAudit | user=jenkins1000 | ip=192.168.5.185 | op=SEND_HEARTBEAT {datanodeUUID=2423363d-8469-460a-b110-ac84e5495342, command=[]} | ret=SUCCESS |  
2019-09-18 16:16:57,144 | INFO  | SCMAudit | user=jenkins1000 | ip=192.168.5.185 | op=SEND_HEARTBEAT {datanodeUUID=119461de-c1ab-40a1-84fe-2d3922567ba1, command=[]} | ret=SUCCESS |  
2019-09-18 16:16:57,304 | INFO  | SCMAudit | user=jenkins1000 | ip=192.168.5.185 | op=SEND_HEARTBEAT {datanodeUUID=9f06f9a1-0ee8-4e87-9cd3-431ea6fb3977, command=[]} | ret=SUCCESS |  
2019-09-18 16:16:57,319 [Thread-4903] INFO  impl.FollowerState (FollowerState.java:run(106)) - 2423363d-8469-460a-b110-ac84e5495342:group-BC49007DA6A4 changes to CANDIDATE, lastRpcTime:5145, electionTimeout:5145ms
2019-09-18 16:16:57,319 [Thread-4903] INFO  impl.RoleInfo (RoleInfo.java:shutdownFollowerState(121)) - 2423363d-8469-460a-b110-ac84e5495342: shutdown FollowerState
2019-09-18 16:16:57,319 [Thread-4903] INFO  impl.RaftServerImpl (RaftServerImpl.java:setRole(171)) - 2423363d-8469-460a-b110-ac84e5495342:group-BC49007DA6A4 changes role from FOLLOWER to CANDIDATE at term 0 for changeToCandidate
2019-09-18 16:16:57,320 [Thread-4903] INFO  impl.RoleInfo (RoleInfo.java:updateAndGet(143)) - 2423363d-8469-460a-b110-ac84e5495342: start LeaderElection
2019-09-18 16:16:57,336 | INFO  | SCMAudit | user=jenkins1000 | ip=192.168.5.185 | op=SEND_HEARTBEAT {datanodeUUID=17ef1155-4979-4874-bb40-cb4e4583a7bb, command=[]} | ret=SUCCESS |  
2019-09-18 16:16:57,346 [2423363d-8469-460a-b110-ac84e5495342:group-BC49007DA6A4:LeaderElection85] INFO  impl.LeaderElection (LeaderElection.java:askForVotes(181)) - 2423363d-8469-460a-b110-ac84e5495342:group-BC49007DA6A4:LeaderElection85: begin an election at term 1 for -1: [2423363d-8469-460a-b110-ac84e5495342:192.168.5.185:43904], old=null
2019-09-18 16:16:57,346 [2423363d-8469-460a-b110-ac84e5495342:group-BC49007DA6A4:LeaderElection85] INFO  impl.RoleInfo (RoleInfo.java:shutdownLeaderElection(134)) - 2423363d-8469-460a-b110-ac84e5495342: shutdown LeaderElection
2019-09-18 16:16:57,346 [2423363d-8469-460a-b110-ac84e5495342:group-BC49007DA6A4:LeaderElection85] INFO  impl.RaftServerImpl (RaftServerImpl.java:setRole(171)) - 2423363d-8469-460a-b110-ac84e5495342:group-BC49007DA6A4 changes role from CANDIDATE to LEADER at term 1 for changeToLeader
2019-09-18 16:16:57,346 [2423363d-8469-460a-b110-ac84e5495342:group-BC49007DA6A4:LeaderElection85] INFO  impl.RaftServerImpl (ServerState.java:setLeader(263)) - 2423363d-8469-460a-b110-ac84e5495342:group-BC49007DA6A4 change Leader from null to 2423363d-8469-460a-b110-ac84e5495342 at term 1 for becomeLeader, leader elected after 5176ms
2019-09-18 16:16:57,346 [2423363d-8469-460a-b110-ac84e5495342:group-BC49007DA6A4:LeaderElection85] INFO  server.RaftServerConfigKeys (ConfUtils.java:logGet(43)) - raft.server.staging.catchup.gap = 1000 (default)
2019-09-18 16:16:57,347 [2423363d-8469-460a-b110-ac84e5495342:group-BC49007DA6A4:LeaderElection85] INFO  server.RaftServerConfigKeys (ConfUtils.java:logGet(43)) - raft.server.rpc.sleep.time = 25ms (default)
2019-09-18 16:16:57,347 [2423363d-8469-460a-b110-ac84e5495342:group-BC49007DA6A4:LeaderElection85] INFO  server.RaftServerConfigKeys (ConfUtils.java:logGet(43)) - raft.server.write.element-limit = 4096 (default)
2019-09-18 16:16:57,347 [2423363d-8469-460a-b110-ac84e5495342:group-BC49007DA6A4:LeaderElection85] INFO  server.RaftServerConfigKeys (ConfUtils.java:logGet(43)) - raft.server.watch.timeout = 10s (default)
2019-09-18 16:16:57,347 [2423363d-8469-460a-b110-ac84e5495342:group-BC49007DA6A4:LeaderElection85] INFO  server.RaftServerConfigKeys (ConfUtils.java:logGet(43)) - raft.server.watch.timeout.denomination = 1s (default)
2019-09-18 16:16:57,347 [2423363d-8469-460a-b110-ac84e5495342:group-BC49007DA6A4:LeaderElection85] INFO  server.RaftServerConfigKeys (ConfUtils.java:logGet(43)) - raft.server.watch.element-limit = 65536 (default)
2019-09-18 16:16:57,348 [2423363d-8469-460a-b110-ac84e5495342:group-BC49007DA6A4:LeaderElection85] INFO  impl.RoleInfo (RoleInfo.java:updateAndGet(143)) - 2423363d-8469-460a-b110-ac84e5495342: start LeaderState
2019-09-18 16:16:57,348 [2423363d-8469-460a-b110-ac84e5495342:group-BC49007DA6A4:LeaderElection85] INFO  segmented.SegmentedRaftLogWorker (SegmentedRaftLogWorker.java:startLogSegment(380)) - 2423363d-8469-460a-b110-ac84e5495342-SegmentedRaftLogWorker:Storage Directory /workdir/hadoop-ozone/integration-test/target/test-dir/MiniOzoneClusterImpl-d91fdf1f-9aec-46f4-8801-046e27073747/datanode-5/data/ratis/a84d5242-aab0-4365-a049-bc49007da6a4: Starting segment from index:0
2019-09-18 16:16:57,348 [2423363d-8469-460a-b110-ac84e5495342:group-BC49007DA6A4:LeaderElection85] INFO  impl.RaftServerImpl (ServerState.java:setRaftConf(361)) - 2423363d-8469-460a-b110-ac84e5495342:group-BC49007DA6A4 set configuration 0: [2423363d-8469-460a-b110-ac84e5495342:192.168.5.185:43904], old=null at 0
2019-09-18 16:16:57,438 [2423363d-8469-460a-b110-ac84e5495342-SegmentedRaftLogWorker:Storage Directory /workdir/hadoop-ozone/integration-test/target/test-dir/MiniOzoneClusterImpl-d91fdf1f-9aec-46f4-8801-046e27073747/datanode-5/data/ratis/a84d5242-aab0-4365-a049-bc49007da6a4] INFO  segmented.SegmentedRaftLogWorker (SegmentedRaftLogWorker.java:execute(569)) - 2423363d-8469-460a-b110-ac84e5495342-SegmentedRaftLogWorker:Storage Directory /workdir/hadoop-ozone/integration-test/target/test-dir/MiniOzoneClusterImpl-d91fdf1f-9aec-46f4-8801-046e27073747/datanode-5/data/ratis/a84d5242-aab0-4365-a049-bc49007da6a4: created new log segment /workdir/hadoop-ozone/integration-test/target/test-dir/MiniOzoneClusterImpl-d91fdf1f-9aec-46f4-8801-046e27073747/datanode-5/data/ratis/a84d5242-aab0-4365-a049-bc49007da6a4/current/log_inprogress_0
2019-09-18 16:16:57,458 [grpc-default-executor-8] INFO  client.GrpcClientProtocolClient (GrpcClientProtocolClient.java:onNext(255)) - client-0A90FA546317->555b68d4-2424-4ceb-b9ea-24caa74dd18d: receive RaftClientReply:client-0A90FA546317->555b68d4-2424-4ceb-b9ea-24caa74dd18d@group-EABD82DC7AB2, cid=264, FAILED org.apache.ratis.protocol.NotLeaderException: Server 555b68d4-2424-4ceb-b9ea-24caa74dd18d is not the leader (null). Request must be sent to leader., logIndex=0, commits[555b68d4-2424-4ceb-b9ea-24caa74dd18d:c-1]
2019-09-18 16:16:57,522 | INFO  | SCMAudit | user=jenkins1000 | ip=192.168.5.185 | op=SEND_HEARTBEAT {datanodeUUID=555b68d4-2424-4ceb-b9ea-24caa74dd18d, command=[]} | ret=SUCCESS |  
2019-09-18 16:16:57,551 [Thread-4911] INFO  impl.FollowerState (FollowerState.java:run(106)) - 9f06f9a1-0ee8-4e87-9cd3-431ea6fb3977:group-015500AA4C0B changes to CANDIDATE, lastRpcTime:5179, electionTimeout:5179ms
2019-09-18 16:16:57,551 [Thread-4911] INFO  impl.RoleInfo (RoleInfo.java:shutdownFollowerState(121)) - 9f06f9a1-0ee8-4e87-9cd3-431ea6fb3977: shutdown FollowerState
2019-09-18 16:16:57,551 [Thread-4911] INFO  impl.RaftServerImpl (RaftServerImpl.java:setRole(171)) - 9f06f9a1-0ee8-4e87-9cd3-431ea6fb3977:group-015500AA4C0B changes role from FOLLOWER to CANDIDATE at term 0 for changeToCandidate
2019-09-18 16:16:57,551 [Thread-4911] INFO  impl.RoleInfo (RoleInfo.java:updateAndGet(143)) - 9f06f9a1-0ee8-4e87-9cd3-431ea6fb3977: start LeaderElection
2019-09-18 16:16:57,580 [9f06f9a1-0ee8-4e87-9cd3-431ea6fb3977:group-015500AA4C0B:LeaderElection86] INFO  impl.LeaderElection (LeaderElection.java:askForVotes(181)) - 9f06f9a1-0ee8-4e87-9cd3-431ea6fb3977:group-015500AA4C0B:LeaderElection86: begin an election at term 1 for -1: [9f06f9a1-0ee8-4e87-9cd3-431ea6fb3977:192.168.5.185:42408], old=null
2019-09-18 16:16:57,580 [9f06f9a1-0ee8-4e87-9cd3-431ea6fb3977:group-015500AA4C0B:LeaderElection86] INFO  impl.RoleInfo (RoleInfo.java:shutdownLeaderElection(134)) - 9f06f9a1-0ee8-4e87-9cd3-431ea6fb3977: shutdown LeaderElection
2019-09-18 16:16:57,580 [9f06f9a1-0ee8-4e87-9cd3-431ea6fb3977:group-015500AA4C0B:LeaderElection86] INFO  impl.RaftServerImpl (RaftServerImpl.java:setRole(171)) - 9f06f9a1-0ee8-4e87-9cd3-431ea6fb3977:group-015500AA4C0B changes role from CANDIDATE to LEADER at term 1 for changeToLeader
2019-09-18 16:16:57,580 [9f06f9a1-0ee8-4e87-9cd3-431ea6fb3977:group-015500AA4C0B:LeaderElection86] INFO  impl.RaftServerImpl (ServerState.java:setLeader(263)) - 9f06f9a1-0ee8-4e87-9cd3-431ea6fb3977:group-015500AA4C0B change Leader from null to 9f06f9a1-0ee8-4e87-9cd3-431ea6fb3977 at term 1 for becomeLeader, leader elected after 5214ms
2019-09-18 16:16:57,580 [9f06f9a1-0ee8-4e87-9cd3-431ea6fb3977:group-015500AA4C0B:LeaderElection86] INFO  server.RaftServerConfigKeys (ConfUtils.java:logGet(43)) - raft.server.staging.catchup.gap = 1000 (default)
2019-09-18 16:16:57,581 [9f06f9a1-0ee8-4e87-9cd3-431ea6fb3977:group-015500AA4C0B:LeaderElection86] INFO  server.RaftServerConfigKeys (ConfUtils.java:logGet(43)) - raft.server.rpc.sleep.time = 25ms (default)
2019-09-18 16:16:57,581 [9f06f9a1-0ee8-4e87-9cd3-431ea6fb3977:group-015500AA4C0B:LeaderElection86] INFO  server.RaftServerConfigKeys (ConfUtils.java:logGet(43)) - raft.server.write.element-limit = 4096 (default)
2019-09-18 16:16:57,581 [9f06f9a1-0ee8-4e87-9cd3-431ea6fb3977:group-015500AA4C0B:LeaderElection86] INFO  server.RaftServerConfigKeys (ConfUtils.java:logGet(43)) - raft.server.watch.timeout = 10s (default)
2019-09-18 16:16:57,581 [9f06f9a1-0ee8-4e87-9cd3-431ea6fb3977:group-015500AA4C0B:LeaderElection86] INFO  server.RaftServerConfigKeys (ConfUtils.java:logGet(43)) - raft.server.watch.timeout.denomination = 1s (default)
2019-09-18 16:16:57,581 [9f06f9a1-0ee8-4e87-9cd3-431ea6fb3977:group-015500AA4C0B:LeaderElection86] INFO  server.RaftServerConfigKeys (ConfUtils.java:logGet(43)) - raft.server.watch.element-limit = 65536 (default)
2019-09-18 16:16:57,581 [9f06f9a1-0ee8-4e87-9cd3-431ea6fb3977:group-015500AA4C0B:LeaderElection86] INFO  impl.RoleInfo (RoleInfo.java:updateAndGet(143)) - 9f06f9a1-0ee8-4e87-9cd3-431ea6fb3977: start LeaderState
2019-09-18 16:16:57,582 [9f06f9a1-0ee8-4e87-9cd3-431ea6fb3977:group-015500AA4C0B:LeaderElection86] INFO  segmented.SegmentedRaftLogWorker (SegmentedRaftLogWorker.java:startLogSegment(380)) - 9f06f9a1-0ee8-4e87-9cd3-431ea6fb3977-SegmentedRaftLogWorker:Storage Directory /workdir/hadoop-ozone/integration-test/target/test-dir/MiniOzoneClusterImpl-d91fdf1f-9aec-46f4-8801-046e27073747/datanode-6/data/ratis/35278954-9c47-474e-a9b0-015500aa4c0b: Starting segment from index:0
2019-09-18 16:16:57,582 [9f06f9a1-0ee8-4e87-9cd3-431ea6fb3977:group-015500AA4C0B:LeaderElection86] INFO  impl.RaftServerImpl (ServerState.java:setRaftConf(361)) - 9f06f9a1-0ee8-4e87-9cd3-431ea6fb3977:group-015500AA4C0B set configuration 0: [9f06f9a1-0ee8-4e87-9cd3-431ea6fb3977:192.168.5.185:42408], old=null at 0
2019-09-18 16:16:57,647 [9f06f9a1-0ee8-4e87-9cd3-431ea6fb3977-SegmentedRaftLogWorker:Storage Directory /workdir/hadoop-ozone/integration-test/target/test-dir/MiniOzoneClusterImpl-d91fdf1f-9aec-46f4-8801-046e27073747/datanode-6/data/ratis/35278954-9c47-474e-a9b0-015500aa4c0b] INFO  segmented.SegmentedRaftLogWorker (SegmentedRaftLogWorker.java:execute(569)) - 9f06f9a1-0ee8-4e87-9cd3-431ea6fb3977-SegmentedRaftLogWorker:Storage Directory /workdir/hadoop-ozone/integration-test/target/test-dir/MiniOzoneClusterImpl-d91fdf1f-9aec-46f4-8801-046e27073747/datanode-6/data/ratis/35278954-9c47-474e-a9b0-015500aa4c0b: created new log segment /workdir/hadoop-ozone/integration-test/target/test-dir/MiniOzoneClusterImpl-d91fdf1f-9aec-46f4-8801-046e27073747/datanode-6/data/ratis/35278954-9c47-474e-a9b0-015500aa4c0b/current/log_inprogress_0
2019-09-18 16:16:57,752 | INFO  | SCMAudit | user=jenkins1000 | ip=192.168.5.185 | op=SEND_HEARTBEAT {datanodeUUID=9820d8fa-8bca-4820-8d69-8b9d38bc65eb, command=[]} | ret=SUCCESS |  
2019-09-18 16:16:57,942 | INFO  | SCMAudit | user=jenkins1000 | ip=192.168.5.185 | op=SEND_HEARTBEAT {datanodeUUID=13430010-64c6-461b-bbc0-84bbac937742, command=[]} | ret=SUCCESS |  
2019-09-18 16:16:58,112 | INFO  | SCMAudit | user=jenkins1000 | ip=192.168.5.185 | op=SEND_HEARTBEAT {datanodeUUID=2423363d-8469-460a-b110-ac84e5495342, command=[]} | ret=SUCCESS |  
2019-09-18 16:16:58,144 | INFO  | SCMAudit | user=jenkins1000 | ip=192.168.5.185 | op=SEND_HEARTBEAT {datanodeUUID=119461de-c1ab-40a1-84fe-2d3922567ba1, command=[]} | ret=SUCCESS |  
2019-09-18 16:16:58,304 | INFO  | SCMAudit | user=jenkins1000 | ip=192.168.5.185 | op=SEND_HEARTBEAT {datanodeUUID=9f06f9a1-0ee8-4e87-9cd3-431ea6fb3977, command=[]} | ret=SUCCESS |  
2019-09-18 16:16:58,336 | INFO  | SCMAudit | user=jenkins1000 | ip=192.168.5.185 | op=SEND_HEARTBEAT {datanodeUUID=17ef1155-4979-4874-bb40-cb4e4583a7bb, command=[]} | ret=SUCCESS |  
2019-09-18 16:16:58,468 [grpc-default-executor-1] INFO  client.GrpcClientProtocolClient (GrpcClientProtocolClient.java:onNext(255)) - client-0A90FA546317->17ef1155-4979-4874-bb40-cb4e4583a7bb: receive RaftClientReply:client-0A90FA546317->17ef1155-4979-4874-bb40-cb4e4583a7bb@group-EABD82DC7AB2, cid=264, FAILED org.apache.ratis.protocol.NotLeaderException: Server 17ef1155-4979-4874-bb40-cb4e4583a7bb is not the leader (null). Request must be sent to leader., logIndex=0, commits[17ef1155-4979-4874-bb40-cb4e4583a7bb:c-1, 555b68d4-2424-4ceb-b9ea-24caa74dd18d:c-1, 2423363d-8469-460a-b110-ac84e5495342:c-1]
2019-09-18 16:16:58,522 | INFO  | SCMAudit | user=jenkins1000 | ip=192.168.5.185 | op=SEND_HEARTBEAT {datanodeUUID=555b68d4-2424-4ceb-b9ea-24caa74dd18d, command=[]} | ret=SUCCESS |  
2019-09-18 16:16:58,752 | INFO  | SCMAudit | user=jenkins1000 | ip=192.168.5.185 | op=SEND_HEARTBEAT {datanodeUUID=9820d8fa-8bca-4820-8d69-8b9d38bc65eb, command=[]} | ret=SUCCESS |  
2019-09-18 16:16:58,942 | INFO  | SCMAudit | user=jenkins1000 | ip=192.168.5.185 | op=SEND_HEARTBEAT {datanodeUUID=13430010-64c6-461b-bbc0-84bbac937742, command=[]} | ret=SUCCESS |  
2019-09-18 16:16:59,112 | INFO  | SCMAudit | user=jenkins1000 | ip=192.168.5.185 | op=SEND_HEARTBEAT {datanodeUUID=2423363d-8469-460a-b110-ac84e5495342, command=[]} | ret=SUCCESS |  
2019-09-18 16:16:59,144 | INFO  | SCMAudit | user=jenkins1000 | ip=192.168.5.185 | op=SEND_HEARTBEAT {datanodeUUID=119461de-c1ab-40a1-84fe-2d3922567ba1, command=[]} | ret=SUCCESS |  
2019-09-18 16:16:59,304 | INFO  | SCMAudit | user=jenkins1000 | ip=192.168.5.185 | op=SEND_HEARTBEAT {datanodeUUID=9f06f9a1-0ee8-4e87-9cd3-431ea6fb3977, command=[]} | ret=SUCCESS |  
2019-09-18 16:16:59,336 | INFO  | SCMAudit | user=jenkins1000 | ip=192.168.5.185 | op=SEND_HEARTBEAT {datanodeUUID=17ef1155-4979-4874-bb40-cb4e4583a7bb, command=[]} | ret=SUCCESS |  
2019-09-18 16:16:59,479 [grpc-default-executor-8] INFO  client.GrpcClientProtocolClient (GrpcClientProtocolClient.java:onNext(255)) - client-0A90FA546317->2423363d-8469-460a-b110-ac84e5495342: receive RaftClientReply:client-0A90FA546317->2423363d-8469-460a-b110-ac84e5495342@group-EABD82DC7AB2, cid=264, FAILED org.apache.ratis.protocol.NotLeaderException: Server 2423363d-8469-460a-b110-ac84e5495342 is not the leader (null). Request must be sent to leader., logIndex=0, commits[2423363d-8469-460a-b110-ac84e5495342:c-1, 555b68d4-2424-4ceb-b9ea-24caa74dd18d:c-1, 17ef1155-4979-4874-bb40-cb4e4583a7bb:c-1]
2019-09-18 16:16:59,522 | INFO  | SCMAudit | user=jenkins1000 | ip=192.168.5.185 | op=SEND_HEARTBEAT {datanodeUUID=555b68d4-2424-4ceb-b9ea-24caa74dd18d, command=[]} | ret=SUCCESS |  
2019-09-18 16:16:59,752 | INFO  | SCMAudit | user=jenkins1000 | ip=192.168.5.185 | op=SEND_HEARTBEAT {datanodeUUID=9820d8fa-8bca-4820-8d69-8b9d38bc65eb, command=[]} | ret=SUCCESS |  
2019-09-18 16:16:59,942 | INFO  | SCMAudit | user=jenkins1000 | ip=192.168.5.185 | op=SEND_HEARTBEAT {datanodeUUID=13430010-64c6-461b-bbc0-84bbac937742, command=[]} | ret=SUCCESS |  
2019-09-18 16:17:00,112 | INFO  | SCMAudit | user=jenkins1000 | ip=192.168.5.185 | op=SEND_HEARTBEAT {datanodeUUID=2423363d-8469-460a-b110-ac84e5495342, command=[]} | ret=SUCCESS |  
2019-09-18 16:17:00,144 | INFO  | SCMAudit | user=jenkins1000 | ip=192.168.5.185 | op=SEND_HEARTBEAT {datanodeUUID=119461de-c1ab-40a1-84fe-2d3922567ba1, command=[]} | ret=SUCCESS |  
2019-09-18 16:17:00,304 | INFO  | SCMAudit | user=jenkins1000 | ip=192.168.5.185 | op=SEND_HEARTBEAT {datanodeUUID=9f06f9a1-0ee8-4e87-9cd3-431ea6fb3977, command=[]} | ret=SUCCESS |  
2019-09-18 16:17:00,336 | INFO  | SCMAudit | user=jenkins1000 | ip=192.168.5.185 | op=SEND_HEARTBEAT {datanodeUUID=17ef1155-4979-4874-bb40-cb4e4583a7bb, command=[]} | ret=SUCCESS |  
2019-09-18 16:17:00,492 [grpc-default-executor-6] INFO  client.GrpcClientProtocolClient (GrpcClientProtocolClient.java:onNext(255)) - client-0A90FA546317->555b68d4-2424-4ceb-b9ea-24caa74dd18d: receive RaftClientReply:client-0A90FA546317->555b68d4-2424-4ceb-b9ea-24caa74dd18d@group-EABD82DC7AB2, cid=264, FAILED org.apache.ratis.protocol.NotLeaderException: Server 555b68d4-2424-4ceb-b9ea-24caa74dd18d is not the leader (null). Request must be sent to leader., logIndex=0, commits[555b68d4-2424-4ceb-b9ea-24caa74dd18d:c-1]
2019-09-18 16:17:00,523 | INFO  | SCMAudit | user=jenkins1000 | ip=192.168.5.185 | op=SEND_HEARTBEAT {datanodeUUID=555b68d4-2424-4ceb-b9ea-24caa74dd18d, command=[]} | ret=SUCCESS |  
2019-09-18 16:17:00,753 | INFO  | SCMAudit | user=jenkins1000 | ip=192.168.5.185 | op=SEND_HEARTBEAT {datanodeUUID=9820d8fa-8bca-4820-8d69-8b9d38bc65eb, command=[]} | ret=SUCCESS |  
2019-09-18 16:17:00,943 | INFO  | SCMAudit | user=jenkins1000 | ip=192.168.5.185 | op=SEND_HEARTBEAT {datanodeUUID=13430010-64c6-461b-bbc0-84bbac937742, command=[]} | ret=SUCCESS |  
2019-09-18 16:17:01,112 | INFO  | SCMAudit | user=jenkins1000 | ip=192.168.5.185 | op=SEND_HEARTBEAT {datanodeUUID=2423363d-8469-460a-b110-ac84e5495342, command=[]} | ret=SUCCESS |  
2019-09-18 16:17:01,145 | INFO  | SCMAudit | user=jenkins1000 | ip=192.168.5.185 | op=SEND_HEARTBEAT {datanodeUUID=119461de-c1ab-40a1-84fe-2d3922567ba1, command=[]} | ret=SUCCESS |  
2019-09-18 16:17:01,304 | INFO  | SCMAudit | user=jenkins1000 | ip=192.168.5.185 | op=SEND_HEARTBEAT {datanodeUUID=9f06f9a1-0ee8-4e87-9cd3-431ea6fb3977, command=[]} | ret=SUCCESS |  
2019-09-18 16:17:01,336 | INFO  | SCMAudit | user=jenkins1000 | ip=192.168.5.185 | op=SEND_HEARTBEAT {datanodeUUID=17ef1155-4979-4874-bb40-cb4e4583a7bb, command=[]} | ret=SUCCESS |  
2019-09-18 16:17:01,503 [grpc-default-executor-6] INFO  client.GrpcClientProtocolClient (GrpcClientProtocolClient.java:onNext(255)) - client-0A90FA546317->17ef1155-4979-4874-bb40-cb4e4583a7bb: receive RaftClientReply:client-0A90FA546317->17ef1155-4979-4874-bb40-cb4e4583a7bb@group-EABD82DC7AB2, cid=264, FAILED org.apache.ratis.protocol.NotLeaderException: Server 17ef1155-4979-4874-bb40-cb4e4583a7bb is not the leader (null). Request must be sent to leader., logIndex=0, commits[17ef1155-4979-4874-bb40-cb4e4583a7bb:c-1, 555b68d4-2424-4ceb-b9ea-24caa74dd18d:c-1, 2423363d-8469-460a-b110-ac84e5495342:c-1]
2019-09-18 16:17:01,522 | INFO  | SCMAudit | user=jenkins1000 | ip=192.168.5.185 | op=SEND_HEARTBEAT {datanodeUUID=555b68d4-2424-4ceb-b9ea-24caa74dd18d, command=[]} | ret=SUCCESS |  
2019-09-18 16:17:01,752 | INFO  | SCMAudit | user=jenkins1000 | ip=192.168.5.185 | op=SEND_HEARTBEAT {datanodeUUID=9820d8fa-8bca-4820-8d69-8b9d38bc65eb, command=[]} | ret=SUCCESS |  
2019-09-18 16:17:01,943 | INFO  | SCMAudit | user=jenkins1000 | ip=192.168.5.185 | op=SEND_HEARTBEAT {datanodeUUID=13430010-64c6-461b-bbc0-84bbac937742, command=[]} | ret=SUCCESS |  
2019-09-18 16:17:01,943 [Thread-4970] INFO  impl.FollowerState (FollowerState.java:run(106)) - 555b68d4-2424-4ceb-b9ea-24caa74dd18d:group-EABD82DC7AB2 changes to CANDIDATE, lastRpcTime:5114, electionTimeout:5114ms
2019-09-18 16:17:01,943 [Thread-4970] INFO  impl.RoleInfo (RoleInfo.java:shutdownFollowerState(121)) - 555b68d4-2424-4ceb-b9ea-24caa74dd18d: shutdown FollowerState
2019-09-18 16:17:01,943 [Thread-4970] INFO  impl.RaftServerImpl (RaftServerImpl.java:setRole(171)) - 555b68d4-2424-4ceb-b9ea-24caa74dd18d:group-EABD82DC7AB2 changes role from FOLLOWER to CANDIDATE at term 2 for changeToCandidate
2019-09-18 16:17:01,943 [Thread-4970] INFO  impl.RoleInfo (RoleInfo.java:updateAndGet(143)) - 555b68d4-2424-4ceb-b9ea-24caa74dd18d: start LeaderElection
2019-09-18 16:17:01,964 [555b68d4-2424-4ceb-b9ea-24caa74dd18d:group-EABD82DC7AB2:LeaderElection87] INFO  impl.LeaderElection (LeaderElection.java:askForVotes(181)) - 555b68d4-2424-4ceb-b9ea-24caa74dd18d:group-EABD82DC7AB2:LeaderElection87: begin an election at term 3 for -1: [555b68d4-2424-4ceb-b9ea-24caa74dd18d:192.168.5.185:39269, 17ef1155-4979-4874-bb40-cb4e4583a7bb:192.168.5.185:33020, 2423363d-8469-460a-b110-ac84e5495342:192.168.5.185:43904], old=null
2019-09-18 16:17:01,970 [Thread-4980] INFO  impl.FollowerState (FollowerState.java:run(106)) - 17ef1155-4979-4874-bb40-cb4e4583a7bb:group-EABD82DC7AB2 changes to CANDIDATE, lastRpcTime:5025, electionTimeout:5019ms
2019-09-18 16:17:01,970 [grpc-default-executor-8] INFO  impl.RaftServerImpl (RaftServerImpl.java:setRole(171)) - 2423363d-8469-460a-b110-ac84e5495342:group-EABD82DC7AB2 changes role from FOLLOWER to FOLLOWER at term 3 for recognizeCandidate:555b68d4-2424-4ceb-b9ea-24caa74dd18d
2019-09-18 16:17:01,970 [Thread-4980] INFO  impl.RoleInfo (RoleInfo.java:shutdownFollowerState(121)) - 17ef1155-4979-4874-bb40-cb4e4583a7bb: shutdown FollowerState
2019-09-18 16:17:01,971 [grpc-default-executor-8] INFO  impl.RoleInfo (RoleInfo.java:shutdownFollowerState(121)) - 2423363d-8469-460a-b110-ac84e5495342: shutdown FollowerState
2019-09-18 16:17:01,971 [Thread-4980] INFO  impl.RaftServerImpl (RaftServerImpl.java:setRole(171)) - 17ef1155-4979-4874-bb40-cb4e4583a7bb:group-EABD82DC7AB2 changes role from FOLLOWER to CANDIDATE at term 2 for changeToCandidate
2019-09-18 16:17:01,971 [grpc-default-executor-8] INFO  impl.RoleInfo (RoleInfo.java:updateAndGet(143)) - 2423363d-8469-460a-b110-ac84e5495342: start FollowerState
2019-09-18 16:17:01,971 [Thread-4980] INFO  impl.RoleInfo (RoleInfo.java:updateAndGet(143)) - 17ef1155-4979-4874-bb40-cb4e4583a7bb: start LeaderElection
2019-09-18 16:17:01,971 [Thread-4981] INFO  impl.FollowerState (FollowerState.java:run(114)) - 2423363d-8469-460a-b110-ac84e5495342: FollowerState was interrupted: java.lang.InterruptedException: sleep interrupted
2019-09-18 16:17:01,977 [grpc-default-executor-6] INFO  impl.RaftServerImpl (RaftServerImpl.java:setRole(171)) - 17ef1155-4979-4874-bb40-cb4e4583a7bb:group-EABD82DC7AB2 changes role from CANDIDATE to FOLLOWER at term 3 for recognizeCandidate:555b68d4-2424-4ceb-b9ea-24caa74dd18d
2019-09-18 16:17:01,977 [grpc-default-executor-6] INFO  impl.RoleInfo (RoleInfo.java:shutdownLeaderElection(134)) - 17ef1155-4979-4874-bb40-cb4e4583a7bb: shutdown LeaderElection
2019-09-18 16:17:01,977 [grpc-default-executor-6] INFO  impl.RoleInfo (RoleInfo.java:updateAndGet(143)) - 17ef1155-4979-4874-bb40-cb4e4583a7bb: start FollowerState
2019-09-18 16:17:01,999 [555b68d4-2424-4ceb-b9ea-24caa74dd18d:group-EABD82DC7AB2:LeaderElection87] INFO  impl.LeaderElection (LeaderElection.java:logAndReturn(56)) - 555b68d4-2424-4ceb-b9ea-24caa74dd18d:group-EABD82DC7AB2:LeaderElection87: Election REJECTED; received 2 response(s) [555b68d4-2424-4ceb-b9ea-24caa74dd18d<-17ef1155-4979-4874-bb40-cb4e4583a7bb#0:FAIL-t3, 555b68d4-2424-4ceb-b9ea-24caa74dd18d<-2423363d-8469-460a-b110-ac84e5495342#0:FAIL-t3] and 0 exception(s); 555b68d4-2424-4ceb-b9ea-24caa74dd18d:t3, leader=null, voted=555b68d4-2424-4ceb-b9ea-24caa74dd18d, raftlog=555b68d4-2424-4ceb-b9ea-24caa74dd18d-SegmentedRaftLog:OPENED:c-1,f-1,i0, conf=-1: [555b68d4-2424-4ceb-b9ea-24caa74dd18d:192.168.5.185:39269, 17ef1155-4979-4874-bb40-cb4e4583a7bb:192.168.5.185:33020, 2423363d-8469-460a-b110-ac84e5495342:192.168.5.185:43904], old=null
2019-09-18 16:17:01,999 [555b68d4-2424-4ceb-b9ea-24caa74dd18d:group-EABD82DC7AB2:LeaderElection87] INFO  impl.RaftServerImpl (RaftServerImpl.java:setRole(171)) - 555b68d4-2424-4ceb-b9ea-24caa74dd18d:group-EABD82DC7AB2 changes role from CANDIDATE to FOLLOWER at term 3 for DISCOVERED_A_NEW_TERM
2019-09-18 16:17:01,999 [555b68d4-2424-4ceb-b9ea-24caa74dd18d:group-EABD82DC7AB2:LeaderElection87] INFO  impl.RoleInfo (RoleInfo.java:shutdownLeaderElection(134)) - 555b68d4-2424-4ceb-b9ea-24caa74dd18d: shutdown LeaderElection
2019-09-18 16:17:01,999 [555b68d4-2424-4ceb-b9ea-24caa74dd18d:group-EABD82DC7AB2:LeaderElection87] INFO  impl.RoleInfo (RoleInfo.java:updateAndGet(143)) - 555b68d4-2424-4ceb-b9ea-24caa74dd18d: start FollowerState
2019-09-18 16:17:02,014 [17ef1155-4979-4874-bb40-cb4e4583a7bb:group-EABD82DC7AB2:LeaderElection88] INFO  impl.LeaderElection (LeaderElection.java:askForVotes(181)) - 17ef1155-4979-4874-bb40-cb4e4583a7bb:group-EABD82DC7AB2:LeaderElection88: begin an election at term 4 for 0: [555b68d4-2424-4ceb-b9ea-24caa74dd18d:192.168.5.185:39269, 17ef1155-4979-4874-bb40-cb4e4583a7bb:192.168.5.185:33020, 2423363d-8469-460a-b110-ac84e5495342:192.168.5.185:43904], old=null
2019-09-18 16:17:02,015 [17ef1155-4979-4874-bb40-cb4e4583a7bb:group-EABD82DC7AB2:LeaderElection88] INFO  impl.LeaderElection (LeaderElection.java:logAndReturn(56)) - 17ef1155-4979-4874-bb40-cb4e4583a7bb:group-EABD82DC7AB2:LeaderElection88: Election REJECTED; received 0 response(s) [] and 0 exception(s); 17ef1155-4979-4874-bb40-cb4e4583a7bb:t4, leader=null, voted=17ef1155-4979-4874-bb40-cb4e4583a7bb, raftlog=17ef1155-4979-4874-bb40-cb4e4583a7bb-SegmentedRaftLog:OPENED:c-1,f0,i0, conf=0: [555b68d4-2424-4ceb-b9ea-24caa74dd18d:192.168.5.185:39269, 17ef1155-4979-4874-bb40-cb4e4583a7bb:192.168.5.185:33020, 2423363d-8469-460a-b110-ac84e5495342:192.168.5.185:43904], old=null
2019-09-18 16:17:02,021 [grpc-default-executor-8] INFO  impl.RaftServerImpl (RaftServerImpl.java:setRole(171)) - 555b68d4-2424-4ceb-b9ea-24caa74dd18d:group-EABD82DC7AB2 changes role from FOLLOWER to FOLLOWER at term 4 for recognizeCandidate:17ef1155-4979-4874-bb40-cb4e4583a7bb
2019-09-18 16:17:02,024 [grpc-default-executor-6] INFO  impl.RaftServerImpl (RaftServerImpl.java:setRole(171)) - 2423363d-8469-460a-b110-ac84e5495342:group-EABD82DC7AB2 changes role from FOLLOWER to FOLLOWER at term 4 for recognizeCandidate:17ef1155-4979-4874-bb40-cb4e4583a7bb
2019-09-18 16:17:02,024 [grpc-default-executor-8] INFO  impl.RoleInfo (RoleInfo.java:shutdownFollowerState(121)) - 555b68d4-2424-4ceb-b9ea-24caa74dd18d: shutdown FollowerState
2019-09-18 16:17:02,024 [grpc-default-executor-6] INFO  impl.RoleInfo (RoleInfo.java:shutdownFollowerState(121)) - 2423363d-8469-460a-b110-ac84e5495342: shutdown FollowerState
2019-09-18 16:17:02,025 [Thread-5027] INFO  impl.FollowerState (FollowerState.java:run(114)) - 555b68d4-2424-4ceb-b9ea-24caa74dd18d: FollowerState was interrupted: java.lang.InterruptedException: sleep interrupted
2019-09-18 16:17:02,025 [grpc-default-executor-8] INFO  impl.RoleInfo (RoleInfo.java:updateAndGet(143)) - 555b68d4-2424-4ceb-b9ea-24caa74dd18d: start FollowerState
2019-09-18 16:17:02,025 [Thread-5024] INFO  impl.FollowerState (FollowerState.java:run(114)) - 2423363d-8469-460a-b110-ac84e5495342: FollowerState was interrupted: java.lang.InterruptedException: sleep interrupted
2019-09-18 16:17:02,025 [grpc-default-executor-6] INFO  impl.RoleInfo (RoleInfo.java:updateAndGet(143)) - 2423363d-8469-460a-b110-ac84e5495342: start FollowerState
2019-09-18 16:17:02,112 | INFO  | SCMAudit | user=jenkins1000 | ip=192.168.5.185 | op=SEND_HEARTBEAT {datanodeUUID=2423363d-8469-460a-b110-ac84e5495342, command=[]} | ret=SUCCESS |  
2019-09-18 16:17:02,145 | INFO  | SCMAudit | user=jenkins1000 | ip=192.168.5.185 | op=SEND_HEARTBEAT {datanodeUUID=119461de-c1ab-40a1-84fe-2d3922567ba1, command=[]} | ret=SUCCESS |  
2019-09-18 16:17:02,304 | INFO  | SCMAudit | user=jenkins1000 | ip=192.168.5.185 | op=SEND_HEARTBEAT {datanodeUUID=9f06f9a1-0ee8-4e87-9cd3-431ea6fb3977, command=[]} | ret=SUCCESS |  
2019-09-18 16:17:02,336 | INFO  | SCMAudit | user=jenkins1000 | ip=192.168.5.185 | op=SEND_HEARTBEAT {datanodeUUID=17ef1155-4979-4874-bb40-cb4e4583a7bb, command=[]} | ret=SUCCESS |  
2019-09-18 16:17:02,513 [grpc-default-executor-6] INFO  client.GrpcClientProtocolClient (GrpcClientProtocolClient.java:onNext(255)) - client-0A90FA546317->555b68d4-2424-4ceb-b9ea-24caa74dd18d: receive RaftClientReply:client-0A90FA546317->555b68d4-2424-4ceb-b9ea-24caa74dd18d@group-EABD82DC7AB2, cid=264, FAILED org.apache.ratis.protocol.NotLeaderException: Server 555b68d4-2424-4ceb-b9ea-24caa74dd18d is not the leader (null). Request must be sent to leader., logIndex=0, commits[555b68d4-2424-4ceb-b9ea-24caa74dd18d:c-1]
2019-09-18 16:17:02,522 | INFO  | SCMAudit | user=jenkins1000 | ip=192.168.5.185 | op=SEND_HEARTBEAT {datanodeUUID=555b68d4-2424-4ceb-b9ea-24caa74dd18d, command=[]} | ret=SUCCESS |  
2019-09-18 16:17:02,752 | INFO  | SCMAudit | user=jenkins1000 | ip=192.168.5.185 | op=SEND_HEARTBEAT {datanodeUUID=9820d8fa-8bca-4820-8d69-8b9d38bc65eb, command=[]} | ret=SUCCESS |  
2019-09-18 16:17:02,943 | INFO  | SCMAudit | user=jenkins1000 | ip=192.168.5.185 | op=SEND_HEARTBEAT {datanodeUUID=13430010-64c6-461b-bbc0-84bbac937742, command=[]} | ret=SUCCESS |  
2019-09-18 16:17:03,113 | INFO  | SCMAudit | user=jenkins1000 | ip=192.168.5.185 | op=SEND_HEARTBEAT {datanodeUUID=2423363d-8469-460a-b110-ac84e5495342, command=[]} | ret=SUCCESS |  
2019-09-18 16:17:03,145 | INFO  | SCMAudit | user=jenkins1000 | ip=192.168.5.185 | op=SEND_HEARTBEAT {datanodeUUID=119461de-c1ab-40a1-84fe-2d3922567ba1, command=[]} | ret=SUCCESS |  
2019-09-18 16:17:03,305 | INFO  | SCMAudit | user=jenkins1000 | ip=192.168.5.185 | op=SEND_HEARTBEAT {datanodeUUID=9f06f9a1-0ee8-4e87-9cd3-431ea6fb3977, command=[]} | ret=SUCCESS |  
2019-09-18 16:17:03,336 | INFO  | SCMAudit | user=jenkins1000 | ip=192.168.5.185 | op=SEND_HEARTBEAT {datanodeUUID=17ef1155-4979-4874-bb40-cb4e4583a7bb, command=[]} | ret=SUCCESS |  
2019-09-18 16:17:03,522 [grpc-default-executor-1] INFO  client.GrpcClientProtocolClient (GrpcClientProtocolClient.java:onNext(255)) - client-0A90FA546317->17ef1155-4979-4874-bb40-cb4e4583a7bb: receive RaftClientReply:client-0A90FA546317->17ef1155-4979-4874-bb40-cb4e4583a7bb@group-EABD82DC7AB2, cid=264, FAILED org.apache.ratis.protocol.NotLeaderException: Server 17ef1155-4979-4874-bb40-cb4e4583a7bb is not the leader (null). Request must be sent to leader., logIndex=0, commits[17ef1155-4979-4874-bb40-cb4e4583a7bb:c-1, 555b68d4-2424-4ceb-b9ea-24caa74dd18d:c-1, 2423363d-8469-460a-b110-ac84e5495342:c-1]
2019-09-18 16:17:03,522 | INFO  | SCMAudit | user=jenkins1000 | ip=192.168.5.185 | op=SEND_HEARTBEAT {datanodeUUID=555b68d4-2424-4ceb-b9ea-24caa74dd18d, command=[]} | ret=SUCCESS |  
2019-09-18 16:17:03,752 | INFO  | SCMAudit | user=jenkins1000 | ip=192.168.5.185 | op=SEND_HEARTBEAT {datanodeUUID=9820d8fa-8bca-4820-8d69-8b9d38bc65eb, command=[]} | ret=SUCCESS |  
2019-09-18 16:17:03,943 | INFO  | SCMAudit | user=jenkins1000 | ip=192.168.5.185 | op=SEND_HEARTBEAT {datanodeUUID=13430010-64c6-461b-bbc0-84bbac937742, command=[]} | ret=SUCCESS |  
2019-09-18 16:17:04,113 | INFO  | SCMAudit | user=jenkins1000 | ip=192.168.5.185 | op=SEND_HEARTBEAT {datanodeUUID=2423363d-8469-460a-b110-ac84e5495342, command=[]} | ret=SUCCESS |  
2019-09-18 16:17:04,145 | INFO  | SCMAudit | user=jenkins1000 | ip=192.168.5.185 | op=SEND_HEARTBEAT {datanodeUUID=119461de-c1ab-40a1-84fe-2d3922567ba1, command=[]} | ret=SUCCESS |  
2019-09-18 16:17:04,305 | INFO  | SCMAudit | user=jenkins1000 | ip=192.168.5.185 | op=SEND_HEARTBEAT {datanodeUUID=9f06f9a1-0ee8-4e87-9cd3-431ea6fb3977, command=[]} | ret=SUCCESS |  
2019-09-18 16:17:04,336 | INFO  | SCMAudit | user=jenkins1000 | ip=192.168.5.185 | op=SEND_HEARTBEAT {datanodeUUID=17ef1155-4979-4874-bb40-cb4e4583a7bb, command=[]} | ret=SUCCESS |  
2019-09-18 16:17:04,522 | INFO  | SCMAudit | user=jenkins1000 | ip=192.168.5.185 | op=SEND_HEARTBEAT {datanodeUUID=555b68d4-2424-4ceb-b9ea-24caa74dd18d, command=[]} | ret=SUCCESS |  
2019-09-18 16:17:04,531 [grpc-default-executor-8] INFO  client.GrpcClientProtocolClient (GrpcClientProtocolClient.java:onNext(255)) - client-0A90FA546317->555b68d4-2424-4ceb-b9ea-24caa74dd18d: receive RaftClientReply:client-0A90FA546317->555b68d4-2424-4ceb-b9ea-24caa74dd18d@group-EABD82DC7AB2, cid=264, FAILED org.apache.ratis.protocol.NotLeaderException: Server 555b68d4-2424-4ceb-b9ea-24caa74dd18d is not the leader (null). Request must be sent to leader., logIndex=0, commits[555b68d4-2424-4ceb-b9ea-24caa74dd18d:c-1]
2019-09-18 16:17:04,752 | INFO  | SCMAudit | user=jenkins1000 | ip=192.168.5.185 | op=SEND_HEARTBEAT {datanodeUUID=9820d8fa-8bca-4820-8d69-8b9d38bc65eb, command=[]} | ret=SUCCESS |  
2019-09-18 16:17:04,943 | INFO  | SCMAudit | user=jenkins1000 | ip=192.168.5.185 | op=SEND_HEARTBEAT {datanodeUUID=13430010-64c6-461b-bbc0-84bbac937742, command=[]} | ret=SUCCESS |  
2019-09-18 16:17:05,113 | INFO  | SCMAudit | user=jenkins1000 | ip=192.168.5.185 | op=SEND_HEARTBEAT {datanodeUUID=2423363d-8469-460a-b110-ac84e5495342, command=[]} | ret=SUCCESS |  
2019-09-18 16:17:05,145 | INFO  | SCMAudit | user=jenkins1000 | ip=192.168.5.185 | op=SEND_HEARTBEAT {datanodeUUID=119461de-c1ab-40a1-84fe-2d3922567ba1, command=[]} | ret=SUCCESS |  
2019-09-18 16:17:05,305 | INFO  | SCMAudit | user=jenkins1000 | ip=192.168.5.185 | op=SEND_HEARTBEAT {datanodeUUID=9f06f9a1-0ee8-4e87-9cd3-431ea6fb3977, command=[]} | ret=SUCCESS |  
2019-09-18 16:17:05,336 | INFO  | SCMAudit | user=jenkins1000 | ip=192.168.5.185 | op=SEND_HEARTBEAT {datanodeUUID=17ef1155-4979-4874-bb40-cb4e4583a7bb, command=[]} | ret=SUCCESS |  
2019-09-18 16:17:05,522 | INFO  | SCMAudit | user=jenkins1000 | ip=192.168.5.185 | op=SEND_HEARTBEAT {datanodeUUID=555b68d4-2424-4ceb-b9ea-24caa74dd18d, command=[]} | ret=SUCCESS |  
2019-09-18 16:17:05,544 [grpc-default-executor-8] INFO  client.GrpcClientProtocolClient (GrpcClientProtocolClient.java:onNext(255)) - client-0A90FA546317->17ef1155-4979-4874-bb40-cb4e4583a7bb: receive RaftClientReply:client-0A90FA546317->17ef1155-4979-4874-bb40-cb4e4583a7bb@group-EABD82DC7AB2, cid=264, FAILED org.apache.ratis.protocol.NotLeaderException: Server 17ef1155-4979-4874-bb40-cb4e4583a7bb is not the leader (null). Request must be sent to leader., logIndex=0, commits[17ef1155-4979-4874-bb40-cb4e4583a7bb:c-1, 555b68d4-2424-4ceb-b9ea-24caa74dd18d:c-1, 2423363d-8469-460a-b110-ac84e5495342:c-1]
2019-09-18 16:17:05,752 | INFO  | SCMAudit | user=jenkins1000 | ip=192.168.5.185 | op=SEND_HEARTBEAT {datanodeUUID=9820d8fa-8bca-4820-8d69-8b9d38bc65eb, command=[]} | ret=SUCCESS |  
2019-09-18 16:17:05,943 | INFO  | SCMAudit | user=jenkins1000 | ip=192.168.5.185 | op=SEND_HEARTBEAT {datanodeUUID=13430010-64c6-461b-bbc0-84bbac937742, command=[]} | ret=SUCCESS |  
2019-09-18 16:17:06,113 | INFO  | SCMAudit | user=jenkins1000 | ip=192.168.5.185 | op=SEND_HEARTBEAT {datanodeUUID=2423363d-8469-460a-b110-ac84e5495342, command=[]} | ret=SUCCESS |  
2019-09-18 16:17:06,145 | INFO  | SCMAudit | user=jenkins1000 | ip=192.168.5.185 | op=SEND_HEARTBEAT {datanodeUUID=119461de-c1ab-40a1-84fe-2d3922567ba1, command=[]} | ret=SUCCESS |  
2019-09-18 16:17:06,305 | INFO  | SCMAudit | user=jenkins1000 | ip=192.168.5.185 | op=SEND_HEARTBEAT {datanodeUUID=9f06f9a1-0ee8-4e87-9cd3-431ea6fb3977, command=[]} | ret=SUCCESS |  
2019-09-18 16:17:06,335 | INFO  | SCMAudit | user=jenkins1000 | ip=192.168.5.185 | op=SEND_HEARTBEAT {datanodeUUID=17ef1155-4979-4874-bb40-cb4e4583a7bb, command=[]} | ret=SUCCESS |  
2019-09-18 16:17:06,523 | INFO  | SCMAudit | user=jenkins1000 | ip=192.168.5.185 | op=SEND_HEARTBEAT {datanodeUUID=555b68d4-2424-4ceb-b9ea-24caa74dd18d, command=[]} | ret=SUCCESS |  
2019-09-18 16:17:06,552 [grpc-default-executor-6] INFO  client.GrpcClientProtocolClient (GrpcClientProtocolClient.java:onNext(255)) - client-0A90FA546317->2423363d-8469-460a-b110-ac84e5495342: receive RaftClientReply:client-0A90FA546317->2423363d-8469-460a-b110-ac84e5495342@group-EABD82DC7AB2, cid=264, FAILED org.apache.ratis.protocol.NotLeaderException: Server 2423363d-8469-460a-b110-ac84e5495342 is not the leader (null). Request must be sent to leader., logIndex=0, commits[2423363d-8469-460a-b110-ac84e5495342:c-1, 555b68d4-2424-4ceb-b9ea-24caa74dd18d:c-1, 17ef1155-4979-4874-bb40-cb4e4583a7bb:c-1]
2019-09-18 16:17:06,752 | INFO  | SCMAudit | user=jenkins1000 | ip=192.168.5.185 | op=SEND_HEARTBEAT {datanodeUUID=9820d8fa-8bca-4820-8d69-8b9d38bc65eb, command=[]} | ret=SUCCESS |  
2019-09-18 16:17:06,943 | INFO  | SCMAudit | user=jenkins1000 | ip=192.168.5.185 | op=SEND_HEARTBEAT {datanodeUUID=13430010-64c6-461b-bbc0-84bbac937742, command=[]} | ret=SUCCESS |  
2019-09-18 16:17:07,072 [Thread-5026] INFO  impl.FollowerState (FollowerState.java:run(106)) - 17ef1155-4979-4874-bb40-cb4e4583a7bb:group-EABD82DC7AB2 changes to CANDIDATE, lastRpcTime:5094, electionTimeout:5094ms
2019-09-18 16:17:07,072 [Thread-5026] INFO  impl.RoleInfo (RoleInfo.java:shutdownFollowerState(121)) - 17ef1155-4979-4874-bb40-cb4e4583a7bb: shutdown FollowerState
2019-09-18 16:17:07,072 [Thread-5026] INFO  impl.RaftServerImpl (RaftServerImpl.java:setRole(171)) - 17ef1155-4979-4874-bb40-cb4e4583a7bb:group-EABD82DC7AB2 changes role from FOLLOWER to CANDIDATE at term 4 for changeToCandidate
2019-09-18 16:17:07,073 [Thread-5026] INFO  impl.RoleInfo (RoleInfo.java:updateAndGet(143)) - 17ef1155-4979-4874-bb40-cb4e4583a7bb: start LeaderElection
2019-09-18 16:17:07,104 [17ef1155-4979-4874-bb40-cb4e4583a7bb:group-EABD82DC7AB2:LeaderElection89] INFO  impl.LeaderElection (LeaderElection.java:askForVotes(181)) - 17ef1155-4979-4874-bb40-cb4e4583a7bb:group-EABD82DC7AB2:LeaderElection89: begin an election at term 5 for 0: [555b68d4-2424-4ceb-b9ea-24caa74dd18d:192.168.5.185:39269, 17ef1155-4979-4874-bb40-cb4e4583a7bb:192.168.5.185:33020, 2423363d-8469-460a-b110-ac84e5495342:192.168.5.185:43904], old=null
2019-09-18 16:17:07,109 [grpc-default-executor-1] INFO  impl.RaftServerImpl (RaftServerImpl.java:setRole(171)) - 2423363d-8469-460a-b110-ac84e5495342:group-EABD82DC7AB2 changes role from FOLLOWER to FOLLOWER at term 5 for recognizeCandidate:17ef1155-4979-4874-bb40-cb4e4583a7bb
2019-09-18 16:17:07,109 [grpc-default-executor-6] INFO  impl.RaftServerImpl (RaftServerImpl.java:setRole(171)) - 555b68d4-2424-4ceb-b9ea-24caa74dd18d:group-EABD82DC7AB2 changes role from FOLLOWER to FOLLOWER at term 5 for recognizeCandidate:17ef1155-4979-4874-bb40-cb4e4583a7bb
2019-09-18 16:17:07,109 [grpc-default-executor-1] INFO  impl.RoleInfo (RoleInfo.java:shutdownFollowerState(121)) - 2423363d-8469-460a-b110-ac84e5495342: shutdown FollowerState
2019-09-18 16:17:07,110 [grpc-default-executor-6] INFO  impl.RoleInfo (RoleInfo.java:shutdownFollowerState(121)) - 555b68d4-2424-4ceb-b9ea-24caa74dd18d: shutdown FollowerState
2019-09-18 16:17:07,110 [Thread-5031] INFO  impl.FollowerState (FollowerState.java:run(114)) - 2423363d-8469-460a-b110-ac84e5495342: FollowerState was interrupted: java.lang.InterruptedException: sleep interrupted
2019-09-18 16:17:07,110 [Thread-5030] INFO  impl.FollowerState (FollowerState.java:run(114)) - 555b68d4-2424-4ceb-b9ea-24caa74dd18d: FollowerState was interrupted: java.lang.InterruptedException: sleep interrupted
2019-09-18 16:17:07,110 [grpc-default-executor-1] INFO  impl.RoleInfo (RoleInfo.java:updateAndGet(143)) - 2423363d-8469-460a-b110-ac84e5495342: start FollowerState
2019-09-18 16:17:07,110 [grpc-default-executor-6] INFO  impl.RoleInfo (RoleInfo.java:updateAndGet(143)) - 555b68d4-2424-4ceb-b9ea-24caa74dd18d: start FollowerState
2019-09-18 16:17:07,116 | INFO  | SCMAudit | user=jenkins1000 | ip=192.168.5.185 | op=SEND_HEARTBEAT {datanodeUUID=2423363d-8469-460a-b110-ac84e5495342, command=[]} | ret=SUCCESS |  
2019-09-18 16:17:07,133 [17ef1155-4979-4874-bb40-cb4e4583a7bb:group-EABD82DC7AB2:LeaderElection89] INFO  impl.LeaderElection (LeaderElection.java:logAndReturn(56)) - 17ef1155-4979-4874-bb40-cb4e4583a7bb:group-EABD82DC7AB2:LeaderElection89: Election PASSED; received 1 response(s) [17ef1155-4979-4874-bb40-cb4e4583a7bb<-2423363d-8469-460a-b110-ac84e5495342#0:OK-t5] and 0 exception(s); 17ef1155-4979-4874-bb40-cb4e4583a7bb:t5, leader=null, voted=17ef1155-4979-4874-bb40-cb4e4583a7bb, raftlog=17ef1155-4979-4874-bb40-cb4e4583a7bb-SegmentedRaftLog:OPENED:c-1,f0,i0, conf=0: [555b68d4-2424-4ceb-b9ea-24caa74dd18d:192.168.5.185:39269, 17ef1155-4979-4874-bb40-cb4e4583a7bb:192.168.5.185:33020, 2423363d-8469-460a-b110-ac84e5495342:192.168.5.185:43904], old=null
2019-09-18 16:17:07,133 [17ef1155-4979-4874-bb40-cb4e4583a7bb:group-EABD82DC7AB2:LeaderElection89] INFO  impl.RoleInfo (RoleInfo.java:shutdownLeaderElection(134)) - 17ef1155-4979-4874-bb40-cb4e4583a7bb: shutdown LeaderElection
2019-09-18 16:17:07,133 [17ef1155-4979-4874-bb40-cb4e4583a7bb:group-EABD82DC7AB2:LeaderElection89] INFO  impl.RaftServerImpl (RaftServerImpl.java:setRole(171)) - 17ef1155-4979-4874-bb40-cb4e4583a7bb:group-EABD82DC7AB2 changes role from CANDIDATE to LEADER at term 5 for changeToLeader
2019-09-18 16:17:07,133 [17ef1155-4979-4874-bb40-cb4e4583a7bb:group-EABD82DC7AB2:LeaderElection89] INFO  impl.RaftServerImpl (ServerState.java:setLeader(263)) - 17ef1155-4979-4874-bb40-cb4e4583a7bb:group-EABD82DC7AB2 change Leader from null to 17ef1155-4979-4874-bb40-cb4e4583a7bb at term 5 for becomeLeader, leader elected after 10249ms
2019-09-18 16:17:07,134 [17ef1155-4979-4874-bb40-cb4e4583a7bb:group-EABD82DC7AB2:LeaderElection89] INFO  server.RaftServerConfigKeys (ConfUtils.java:logGet(43)) - raft.server.staging.catchup.gap = 1000 (default)
2019-09-18 16:17:07,134 [17ef1155-4979-4874-bb40-cb4e4583a7bb:group-EABD82DC7AB2:LeaderElection89] INFO  server.RaftServerConfigKeys (ConfUtils.java:logGet(43)) - raft.server.rpc.sleep.time = 25ms (default)
2019-09-18 16:17:07,134 [17ef1155-4979-4874-bb40-cb4e4583a7bb:group-EABD82DC7AB2:LeaderElection89] INFO  server.RaftServerConfigKeys (ConfUtils.java:logGet(43)) - raft.server.write.element-limit = 4096 (default)
2019-09-18 16:17:07,134 [17ef1155-4979-4874-bb40-cb4e4583a7bb:group-EABD82DC7AB2:LeaderElection89] INFO  server.RaftServerConfigKeys (ConfUtils.java:logGet(43)) - raft.server.watch.timeout = 10s (default)
2019-09-18 16:17:07,134 [17ef1155-4979-4874-bb40-cb4e4583a7bb:group-EABD82DC7AB2:LeaderElection89] INFO  server.RaftServerConfigKeys (ConfUtils.java:logGet(43)) - raft.server.watch.timeout.denomination = 1s (default)
2019-09-18 16:17:07,134 [17ef1155-4979-4874-bb40-cb4e4583a7bb:group-EABD82DC7AB2:LeaderElection89] INFO  server.RaftServerConfigKeys (ConfUtils.java:logGet(43)) - raft.server.watch.element-limit = 65536 (default)
2019-09-18 16:17:07,135 [17ef1155-4979-4874-bb40-cb4e4583a7bb:group-EABD82DC7AB2:LeaderElection89] INFO  server.RaftServerConfigKeys (ConfUtils.java:logGet(43)) - raft.server.log.appender.snapshot.chunk.size.max = 16MB (=16777216) (default)
2019-09-18 16:17:07,135 [17ef1155-4979-4874-bb40-cb4e4583a7bb:group-EABD82DC7AB2:LeaderElection89] INFO  server.RaftServerConfigKeys (ConfUtils.java:logGet(43)) - raft.server.log.appender.buffer.byte-limit = 33554432 (custom)
2019-09-18 16:17:07,135 [17ef1155-4979-4874-bb40-cb4e4583a7bb:group-EABD82DC7AB2:LeaderElection89] INFO  server.RaftServerConfigKeys (ConfUtils.java:logGet(43)) - raft.server.log.appender.buffer.element-limit = 1 (custom)
2019-09-18 16:17:07,135 [17ef1155-4979-4874-bb40-cb4e4583a7bb:group-EABD82DC7AB2:LeaderElection89] INFO  grpc.GrpcConfigKeys$Server (ConfUtils.java:logGet(43)) - raft.grpc.server.leader.outstanding.appends.max = 128 (default)
2019-09-18 16:17:07,136 [17ef1155-4979-4874-bb40-cb4e4583a7bb:group-EABD82DC7AB2:LeaderElection89] INFO  server.RaftServerConfigKeys (ConfUtils.java:logGet(43)) - raft.server.rpc.request.timeout = 3000ms (default)
2019-09-18 16:17:07,136 [17ef1155-4979-4874-bb40-cb4e4583a7bb:group-EABD82DC7AB2:LeaderElection89] INFO  server.RaftServerConfigKeys (ConfUtils.java:logGet(43)) - raft.server.log.appender.install.snapshot.enabled = false (custom)
2019-09-18 16:17:07,136 [17ef1155-4979-4874-bb40-cb4e4583a7bb:group-EABD82DC7AB2:LeaderElection89] INFO  server.RaftServerConfigKeys (ConfUtils.java:logGet(43)) - raft.server.log.appender.snapshot.chunk.size.max = 16MB (=16777216) (default)
2019-09-18 16:17:07,136 [17ef1155-4979-4874-bb40-cb4e4583a7bb:group-EABD82DC7AB2:LeaderElection89] INFO  server.RaftServerConfigKeys (ConfUtils.java:logGet(43)) - raft.server.log.appender.buffer.byte-limit = 33554432 (custom)
2019-09-18 16:17:07,136 [17ef1155-4979-4874-bb40-cb4e4583a7bb:group-EABD82DC7AB2:LeaderElection89] INFO  server.RaftServerConfigKeys (ConfUtils.java:logGet(43)) - raft.server.log.appender.buffer.element-limit = 1 (custom)
2019-09-18 16:17:07,136 [17ef1155-4979-4874-bb40-cb4e4583a7bb:group-EABD82DC7AB2:LeaderElection89] INFO  grpc.GrpcConfigKeys$Server (ConfUtils.java:logGet(43)) - raft.grpc.server.leader.outstanding.appends.max = 128 (default)
2019-09-18 16:17:07,137 [17ef1155-4979-4874-bb40-cb4e4583a7bb:group-EABD82DC7AB2:LeaderElection89] INFO  server.RaftServerConfigKeys (ConfUtils.java:logGet(43)) - raft.server.rpc.request.timeout = 3000ms (default)
2019-09-18 16:17:07,137 [17ef1155-4979-4874-bb40-cb4e4583a7bb:group-EABD82DC7AB2:LeaderElection89] INFO  server.RaftServerConfigKeys (ConfUtils.java:logGet(43)) - raft.server.log.appender.install.snapshot.enabled = false (custom)
2019-09-18 16:17:07,137 [17ef1155-4979-4874-bb40-cb4e4583a7bb:group-EABD82DC7AB2:LeaderElection89] INFO  impl.RoleInfo (RoleInfo.java:updateAndGet(143)) - 17ef1155-4979-4874-bb40-cb4e4583a7bb: start LeaderState
2019-09-18 16:17:07,138 [17ef1155-4979-4874-bb40-cb4e4583a7bb:group-EABD82DC7AB2:LeaderElection89] INFO  segmented.SegmentedRaftLogWorker (SegmentedRaftLogWorker.java:rollLogSegment(385)) - 17ef1155-4979-4874-bb40-cb4e4583a7bb-SegmentedRaftLogWorker:Storage Directory /workdir/hadoop-ozone/integration-test/target/test-dir/MiniOzoneClusterImpl-d91fdf1f-9aec-46f4-8801-046e27073747/datanode-3/data/ratis/0f6b5feb-767a-41f7-9caf-eabd82dc7ab2: Rolling segment log-0_0 to index:0
2019-09-18 16:17:07,139 [17ef1155-4979-4874-bb40-cb4e4583a7bb-SegmentedRaftLogWorker:Storage Directory /workdir/hadoop-ozone/integration-test/target/test-dir/MiniOzoneClusterImpl-d91fdf1f-9aec-46f4-8801-046e27073747/datanode-3/data/ratis/0f6b5feb-767a-41f7-9caf-eabd82dc7ab2] INFO  segmented.SegmentedRaftLogWorker (SegmentedRaftLogWorker.java:execute(526)) - 17ef1155-4979-4874-bb40-cb4e4583a7bb-SegmentedRaftLogWorker:Storage Directory /workdir/hadoop-ozone/integration-test/target/test-dir/MiniOzoneClusterImpl-d91fdf1f-9aec-46f4-8801-046e27073747/datanode-3/data/ratis/0f6b5feb-767a-41f7-9caf-eabd82dc7ab2: Rolled log segment from /workdir/hadoop-ozone/integration-test/target/test-dir/MiniOzoneClusterImpl-d91fdf1f-9aec-46f4-8801-046e27073747/datanode-3/data/ratis/0f6b5feb-767a-41f7-9caf-eabd82dc7ab2/current/log_inprogress_0 to /workdir/hadoop-ozone/integration-test/target/test-dir/MiniOzoneClusterImpl-d91fdf1f-9aec-46f4-8801-046e27073747/datanode-3/data/ratis/0f6b5feb-767a-41f7-9caf-eabd82dc7ab2/current/log_0-0
2019-09-18 16:17:07,139 [17ef1155-4979-4874-bb40-cb4e4583a7bb:group-EABD82DC7AB2:LeaderElection89] INFO  impl.RaftServerImpl (ServerState.java:setRaftConf(361)) - 17ef1155-4979-4874-bb40-cb4e4583a7bb:group-EABD82DC7AB2 set configuration 1: [555b68d4-2424-4ceb-b9ea-24caa74dd18d:192.168.5.185:39269, 17ef1155-4979-4874-bb40-cb4e4583a7bb:192.168.5.185:33020, 2423363d-8469-460a-b110-ac84e5495342:192.168.5.185:43904], old=null at 1
2019-09-18 16:17:07,140 [grpc-default-executor-1] INFO  impl.RaftServerImpl (ServerState.java:setLeader(263)) - 555b68d4-2424-4ceb-b9ea-24caa74dd18d:group-EABD82DC7AB2 change Leader from null to 17ef1155-4979-4874-bb40-cb4e4583a7bb at term 5 for appendEntries, leader elected after 15430ms
2019-09-18 16:17:07,140 [grpc-default-executor-6] INFO  impl.RaftServerImpl (ServerState.java:setLeader(263)) - 2423363d-8469-460a-b110-ac84e5495342:group-EABD82DC7AB2 change Leader from null to 17ef1155-4979-4874-bb40-cb4e4583a7bb at term 5 for appendEntries, leader elected after 10198ms
2019-09-18 16:17:07,140 [grpc-default-executor-1] INFO  impl.RaftServerImpl (RaftServerImpl.java:checkInconsistentAppendEntries(999)) - 555b68d4-2424-4ceb-b9ea-24caa74dd18d: Failed appendEntries as previous log entry ((t:1, i:0)) is not found
2019-09-18 16:17:07,140 [grpc-default-executor-1] INFO  impl.RaftServerImpl (RaftServerImpl.java:checkInconsistentAppendEntries(972)) - 555b68d4-2424-4ceb-b9ea-24caa74dd18d: inconsistency entries. Reply:17ef1155-4979-4874-bb40-cb4e4583a7bb<-555b68d4-2424-4ceb-b9ea-24caa74dd18d#0:FAIL,INCONSISTENCY,nextIndex:0,term:5,followerCommit:-1
2019-09-18 16:17:07,141 [grpc-default-executor-1] INFO  impl.FollowerInfo (FollowerInfo.java:lambda$new$0(50)) - 17ef1155-4979-4874-bb40-cb4e4583a7bb->555b68d4-2424-4ceb-b9ea-24caa74dd18d: nextIndex: updateUnconditionally 1 -> 0
2019-09-18 16:17:07,142 [grpc-default-executor-1] INFO  impl.RaftServerImpl (ServerState.java:setRaftConf(361)) - 2423363d-8469-460a-b110-ac84e5495342:group-EABD82DC7AB2 set configuration 1: [555b68d4-2424-4ceb-b9ea-24caa74dd18d:192.168.5.185:39269, 17ef1155-4979-4874-bb40-cb4e4583a7bb:192.168.5.185:33020, 2423363d-8469-460a-b110-ac84e5495342:192.168.5.185:43904], old=null at 1
2019-09-18 16:17:07,142 [grpc-default-executor-1] INFO  segmented.SegmentedRaftLogWorker (SegmentedRaftLogWorker.java:rollLogSegment(385)) - 2423363d-8469-460a-b110-ac84e5495342-SegmentedRaftLogWorker:Storage Directory /workdir/hadoop-ozone/integration-test/target/test-dir/MiniOzoneClusterImpl-d91fdf1f-9aec-46f4-8801-046e27073747/datanode-5/data/ratis/0f6b5feb-767a-41f7-9caf-eabd82dc7ab2: Rolling segment log-0_0 to index:0
2019-09-18 16:17:07,142 [grpc-default-executor-6] INFO  impl.RaftServerImpl (ServerState.java:setRaftConf(361)) - 555b68d4-2424-4ceb-b9ea-24caa74dd18d:group-EABD82DC7AB2 set configuration 0: [555b68d4-2424-4ceb-b9ea-24caa74dd18d:192.168.5.185:39269, 17ef1155-4979-4874-bb40-cb4e4583a7bb:192.168.5.185:33020, 2423363d-8469-460a-b110-ac84e5495342:192.168.5.185:43904], old=null at 0
2019-09-18 16:17:07,143 [grpc-default-executor-6] INFO  segmented.SegmentedRaftLogWorker (SegmentedRaftLogWorker.java:startLogSegment(380)) - 555b68d4-2424-4ceb-b9ea-24caa74dd18d-SegmentedRaftLogWorker:Storage Directory /workdir/hadoop-ozone/integration-test/target/test-dir/MiniOzoneClusterImpl-d91fdf1f-9aec-46f4-8801-046e27073747/datanode-4/data/ratis/0f6b5feb-767a-41f7-9caf-eabd82dc7ab2: Starting segment from index:0
2019-09-18 16:17:07,143 [2423363d-8469-460a-b110-ac84e5495342-SegmentedRaftLogWorker:Storage Directory /workdir/hadoop-ozone/integration-test/target/test-dir/MiniOzoneClusterImpl-d91fdf1f-9aec-46f4-8801-046e27073747/datanode-5/data/ratis/0f6b5feb-767a-41f7-9caf-eabd82dc7ab2] INFO  segmented.SegmentedRaftLogWorker (SegmentedRaftLogWorker.java:execute(526)) - 2423363d-8469-460a-b110-ac84e5495342-SegmentedRaftLogWorker:Storage Directory /workdir/hadoop-ozone/integration-test/target/test-dir/MiniOzoneClusterImpl-d91fdf1f-9aec-46f4-8801-046e27073747/datanode-5/data/ratis/0f6b5feb-767a-41f7-9caf-eabd82dc7ab2: Rolled log segment from /workdir/hadoop-ozone/integration-test/target/test-dir/MiniOzoneClusterImpl-d91fdf1f-9aec-46f4-8801-046e27073747/datanode-5/data/ratis/0f6b5feb-767a-41f7-9caf-eabd82dc7ab2/current/log_inprogress_0 to /workdir/hadoop-ozone/integration-test/target/test-dir/MiniOzoneClusterImpl-d91fdf1f-9aec-46f4-8801-046e27073747/datanode-5/data/ratis/0f6b5feb-767a-41f7-9caf-eabd82dc7ab2/current/log_0-0
2019-09-18 16:17:07,143 [grpc-default-executor-6] INFO  impl.RaftServerImpl (ServerState.java:setRaftConf(361)) - 555b68d4-2424-4ceb-b9ea-24caa74dd18d:group-EABD82DC7AB2 set configuration 1: [555b68d4-2424-4ceb-b9ea-24caa74dd18d:192.168.5.185:39269, 17ef1155-4979-4874-bb40-cb4e4583a7bb:192.168.5.185:33020, 2423363d-8469-460a-b110-ac84e5495342:192.168.5.185:43904], old=null at 1
2019-09-18 16:17:07,143 [grpc-default-executor-6] INFO  segmented.SegmentedRaftLogWorker (SegmentedRaftLogWorker.java:rollLogSegment(385)) - 555b68d4-2424-4ceb-b9ea-24caa74dd18d-SegmentedRaftLogWorker:Storage Directory /workdir/hadoop-ozone/integration-test/target/test-dir/MiniOzoneClusterImpl-d91fdf1f-9aec-46f4-8801-046e27073747/datanode-4/data/ratis/0f6b5feb-767a-41f7-9caf-eabd82dc7ab2: Rolling segment log-0_0 to index:0
2019-09-18 16:17:07,145 | INFO  | SCMAudit | user=jenkins1000 | ip=192.168.5.185 | op=SEND_HEARTBEAT {datanodeUUID=119461de-c1ab-40a1-84fe-2d3922567ba1, command=[]} | ret=SUCCESS |  
2019-09-18 16:17:07,201 [17ef1155-4979-4874-bb40-cb4e4583a7bb-SegmentedRaftLogWorker:Storage Directory /workdir/hadoop-ozone/integration-test/target/test-dir/MiniOzoneClusterImpl-d91fdf1f-9aec-46f4-8801-046e27073747/datanode-3/data/ratis/0f6b5feb-767a-41f7-9caf-eabd82dc7ab2] INFO  segmented.SegmentedRaftLogWorker (SegmentedRaftLogWorker.java:execute(569)) - 17ef1155-4979-4874-bb40-cb4e4583a7bb-SegmentedRaftLogWorker:Storage Directory /workdir/hadoop-ozone/integration-test/target/test-dir/MiniOzoneClusterImpl-d91fdf1f-9aec-46f4-8801-046e27073747/datanode-3/data/ratis/0f6b5feb-767a-41f7-9caf-eabd82dc7ab2: created new log segment /workdir/hadoop-ozone/integration-test/target/test-dir/MiniOzoneClusterImpl-d91fdf1f-9aec-46f4-8801-046e27073747/datanode-3/data/ratis/0f6b5feb-767a-41f7-9caf-eabd82dc7ab2/current/log_inprogress_1
2019-09-18 16:17:07,202 [2423363d-8469-460a-b110-ac84e5495342-SegmentedRaftLogWorker:Storage Directory /workdir/hadoop-ozone/integration-test/target/test-dir/MiniOzoneClusterImpl-d91fdf1f-9aec-46f4-8801-046e27073747/datanode-5/data/ratis/0f6b5feb-767a-41f7-9caf-eabd82dc7ab2] INFO  segmented.SegmentedRaftLogWorker (SegmentedRaftLogWorker.java:execute(569)) - 2423363d-8469-460a-b110-ac84e5495342-SegmentedRaftLogWorker:Storage Directory /workdir/hadoop-ozone/integration-test/target/test-dir/MiniOzoneClusterImpl-d91fdf1f-9aec-46f4-8801-046e27073747/datanode-5/data/ratis/0f6b5feb-767a-41f7-9caf-eabd82dc7ab2: created new log segment /workdir/hadoop-ozone/integration-test/target/test-dir/MiniOzoneClusterImpl-d91fdf1f-9aec-46f4-8801-046e27073747/datanode-5/data/ratis/0f6b5feb-767a-41f7-9caf-eabd82dc7ab2/current/log_inprogress_1
2019-09-18 16:17:07,202 [555b68d4-2424-4ceb-b9ea-24caa74dd18d-SegmentedRaftLogWorker:Storage Directory /workdir/hadoop-ozone/integration-test/target/test-dir/MiniOzoneClusterImpl-d91fdf1f-9aec-46f4-8801-046e27073747/datanode-4/data/ratis/0f6b5feb-767a-41f7-9caf-eabd82dc7ab2] INFO  segmented.SegmentedRaftLogWorker (SegmentedRaftLogWorker.java:execute(569)) - 555b68d4-2424-4ceb-b9ea-24caa74dd18d-SegmentedRaftLogWorker:Storage Directory /workdir/hadoop-ozone/integration-test/target/test-dir/MiniOzoneClusterImpl-d91fdf1f-9aec-46f4-8801-046e27073747/datanode-4/data/ratis/0f6b5feb-767a-41f7-9caf-eabd82dc7ab2: created new log segment /workdir/hadoop-ozone/integration-test/target/test-dir/MiniOzoneClusterImpl-d91fdf1f-9aec-46f4-8801-046e27073747/datanode-4/data/ratis/0f6b5feb-767a-41f7-9caf-eabd82dc7ab2/current/log_inprogress_0
2019-09-18 16:17:07,206 [555b68d4-2424-4ceb-b9ea-24caa74dd18d-SegmentedRaftLogWorker:Storage Directory /workdir/hadoop-ozone/integration-test/target/test-dir/MiniOzoneClusterImpl-d91fdf1f-9aec-46f4-8801-046e27073747/datanode-4/data/ratis/0f6b5feb-767a-41f7-9caf-eabd82dc7ab2] INFO  segmented.SegmentedRaftLogWorker (SegmentedRaftLogWorker.java:execute(526)) - 555b68d4-2424-4ceb-b9ea-24caa74dd18d-SegmentedRaftLogWorker:Storage Directory /workdir/hadoop-ozone/integration-test/target/test-dir/MiniOzoneClusterImpl-d91fdf1f-9aec-46f4-8801-046e27073747/datanode-4/data/ratis/0f6b5feb-767a-41f7-9caf-eabd82dc7ab2: Rolled log segment from /workdir/hadoop-ozone/integration-test/target/test-dir/MiniOzoneClusterImpl-d91fdf1f-9aec-46f4-8801-046e27073747/datanode-4/data/ratis/0f6b5feb-767a-41f7-9caf-eabd82dc7ab2/current/log_inprogress_0 to /workdir/hadoop-ozone/integration-test/target/test-dir/MiniOzoneClusterImpl-d91fdf1f-9aec-46f4-8801-046e27073747/datanode-4/data/ratis/0f6b5feb-767a-41f7-9caf-eabd82dc7ab2/current/log_0-0
2019-09-18 16:17:07,248 [555b68d4-2424-4ceb-b9ea-24caa74dd18d-SegmentedRaftLogWorker:Storage Directory /workdir/hadoop-ozone/integration-test/target/test-dir/MiniOzoneClusterImpl-d91fdf1f-9aec-46f4-8801-046e27073747/datanode-4/data/ratis/0f6b5feb-767a-41f7-9caf-eabd82dc7ab2] INFO  segmented.SegmentedRaftLogWorker (SegmentedRaftLogWorker.java:execute(569)) - 555b68d4-2424-4ceb-b9ea-24caa74dd18d-SegmentedRaftLogWorker:Storage Directory /workdir/hadoop-ozone/integration-test/target/test-dir/MiniOzoneClusterImpl-d91fdf1f-9aec-46f4-8801-046e27073747/datanode-4/data/ratis/0f6b5feb-767a-41f7-9caf-eabd82dc7ab2: created new log segment /workdir/hadoop-ozone/integration-test/target/test-dir/MiniOzoneClusterImpl-d91fdf1f-9aec-46f4-8801-046e27073747/datanode-4/data/ratis/0f6b5feb-767a-41f7-9caf-eabd82dc7ab2/current/log_inprogress_1
2019-09-18 16:17:07,305 | INFO  | SCMAudit | user=jenkins1000 | ip=192.168.5.185 | op=SEND_HEARTBEAT {datanodeUUID=9f06f9a1-0ee8-4e87-9cd3-431ea6fb3977, command=[]} | ret=SUCCESS |  
2019-09-18 16:17:07,335 | INFO  | SCMAudit | user=jenkins1000 | ip=192.168.5.185 | op=SEND_HEARTBEAT {datanodeUUID=17ef1155-4979-4874-bb40-cb4e4583a7bb, command=[]} | ret=SUCCESS |  
2019-09-18 16:17:07,523 | INFO  | SCMAudit | user=jenkins1000 | ip=192.168.5.185 | op=SEND_HEARTBEAT {datanodeUUID=555b68d4-2424-4ceb-b9ea-24caa74dd18d, command=[]} | ret=SUCCESS |  
2019-09-18 16:17:07,741 | INFO  | DNAudit | user=null | ip=null | op=WRITE_CHUNK {blockData=conID: 1 locID: 102814411153801239 bcsId: 0} | ret=SUCCESS |  
2019-09-18 16:17:07,741 | INFO  | DNAudit | user=null | ip=null | op=WRITE_CHUNK {blockData=conID: 1 locID: 102814411153801239 bcsId: 0} | ret=SUCCESS |  
2019-09-18 16:17:07,741 | INFO  | DNAudit | user=null | ip=null | op=WRITE_CHUNK {blockData=conID: 1 locID: 102814411153801239 bcsId: 0} | ret=SUCCESS |  
2019-09-18 16:17:07,741 | INFO  | SCMAudit | user=jenkins1000 | ip=192.168.5.185 | op=SEND_HEARTBEAT {datanodeUUID=2423363d-8469-460a-b110-ac84e5495342, command=[]} | ret=SUCCESS |  
2019-09-18 16:17:07,741 | INFO  | SCMAudit | user=jenkins1000 | ip=192.168.5.185 | op=SEND_HEARTBEAT {datanodeUUID=17ef1155-4979-4874-bb40-cb4e4583a7bb, command=[]} | ret=SUCCESS |  
2019-09-18 16:17:07,742 | INFO  | SCMAudit | user=jenkins1000 | ip=192.168.5.185 | op=SEND_HEARTBEAT {datanodeUUID=555b68d4-2424-4ceb-b9ea-24caa74dd18d, command=[]} | ret=SUCCESS |  
2019-09-18 16:17:07,753 | INFO  | SCMAudit | user=jenkins1000 | ip=192.168.5.185 | op=SEND_HEARTBEAT {datanodeUUID=9820d8fa-8bca-4820-8d69-8b9d38bc65eb, command=[]} | ret=SUCCESS |  
2019-09-18 16:17:07,753 | INFO  | DNAudit | user=null | ip=null | op=WRITE_CHUNK {blockData=conID: 1 locID: 102814411153801239 bcsId: 0} | ret=SUCCESS |  
2019-09-18 16:17:07,758 [grpc-default-executor-6] INFO  client.GrpcClientProtocolClient (GrpcClientProtocolClient.java:onNext(255)) - client-0A90FA546317->17ef1155-4979-4874-bb40-cb4e4583a7bb: receive RaftClientReply:client-0A90FA546317->17ef1155-4979-4874-bb40-cb4e4583a7bb@group-EABD82DC7AB2, cid=264, SUCCESS, logIndex=3, commits[17ef1155-4979-4874-bb40-cb4e4583a7bb:c3, 555b68d4-2424-4ceb-b9ea-24caa74dd18d:c2, 2423363d-8469-460a-b110-ac84e5495342:c2]
2019-09-18 16:17:07,759 | INFO  | DNAudit | user=null | ip=null | op=WRITE_CHUNK {blockData=conID: 1 locID: 102814411153801239 bcsId: 0} | ret=SUCCESS |  
2019-09-18 16:17:07,759 | INFO  | DNAudit | user=null | ip=null | op=WRITE_CHUNK {blockData=conID: 1 locID: 102814411153801239 bcsId: 0} | ret=SUCCESS |  
2019-09-18 16:17:07,761 | INFO  | DNAudit | user=null | ip=null | op=WRITE_CHUNK {blockData=conID: 1 locID: 102814411153801239 bcsId: 0} | ret=SUCCESS |  
2019-09-18 16:17:07,762 | INFO  | DNAudit | user=null | ip=null | op=WRITE_CHUNK {blockData=conID: 1 locID: 102814411153801239 bcsId: 0} | ret=SUCCESS |  
2019-09-18 16:17:07,762 | INFO  | DNAudit | user=null | ip=null | op=WRITE_CHUNK {blockData=conID: 1 locID: 102814411153801239 bcsId: 0} | ret=SUCCESS |  
2019-09-18 16:17:07,774 | INFO  | DNAudit | user=null | ip=null | op=WRITE_CHUNK {blockData=conID: 1 locID: 102814411153801239 bcsId: 0} | ret=SUCCESS |  
2019-09-18 16:17:07,778 [grpc-default-executor-6] INFO  client.GrpcClientProtocolClient (GrpcClientProtocolClient.java:onNext(255)) - client-0A90FA546317->17ef1155-4979-4874-bb40-cb4e4583a7bb: receive RaftClientReply:client-0A90FA546317->17ef1155-4979-4874-bb40-cb4e4583a7bb@group-EABD82DC7AB2, cid=265, SUCCESS, logIndex=5, commits[17ef1155-4979-4874-bb40-cb4e4583a7bb:c5, 555b68d4-2424-4ceb-b9ea-24caa74dd18d:c4, 2423363d-8469-460a-b110-ac84e5495342:c4]
2019-09-18 16:17:07,779 | INFO  | DNAudit | user=null | ip=null | op=WRITE_CHUNK {blockData=conID: 1 locID: 102814411153801239 bcsId: 0} | ret=SUCCESS |  
2019-09-18 16:17:07,779 | INFO  | DNAudit | user=null | ip=null | op=WRITE_CHUNK {blockData=conID: 1 locID: 102814411153801239 bcsId: 0} | ret=SUCCESS |  
2019-09-18 16:17:07,860 | INFO  | DNAudit | user=null | ip=null | op=PUT_BLOCK {blockData=[blockId=conID: 1 locID: 102814411153801239 bcsId: 0,size=167]} | ret=SUCCESS |  
2019-09-18 16:17:07,861 [grpc-default-executor-6] INFO  client.GrpcClientProtocolClient (GrpcClientProtocolClient.java:onNext(255)) - client-0A90FA546317->17ef1155-4979-4874-bb40-cb4e4583a7bb: receive RaftClientReply:client-0A90FA546317->17ef1155-4979-4874-bb40-cb4e4583a7bb@group-EABD82DC7AB2, cid=266, SUCCESS, logIndex=6, commits[17ef1155-4979-4874-bb40-cb4e4583a7bb:c8, 555b68d4-2424-4ceb-b9ea-24caa74dd18d:c5, 2423363d-8469-460a-b110-ac84e5495342:c5]
2019-09-18 16:17:07,943 | INFO  | SCMAudit | user=jenkins1000 | ip=192.168.5.185 | op=SEND_HEARTBEAT {datanodeUUID=13430010-64c6-461b-bbc0-84bbac937742, command=[]} | ret=SUCCESS |  
2019-09-18 16:17:08,145 | INFO  | SCMAudit | user=jenkins1000 | ip=192.168.5.185 | op=SEND_HEARTBEAT {datanodeUUID=119461de-c1ab-40a1-84fe-2d3922567ba1, command=[]} | ret=SUCCESS |  
2019-09-18 16:17:08,305 | INFO  | SCMAudit | user=jenkins1000 | ip=192.168.5.185 | op=SEND_HEARTBEAT {datanodeUUID=9f06f9a1-0ee8-4e87-9cd3-431ea6fb3977, command=[]} | ret=SUCCESS |  
2019-09-18 16:17:08,741 | INFO  | SCMAudit | user=jenkins1000 | ip=192.168.5.185 | op=SEND_HEARTBEAT {datanodeUUID=2423363d-8469-460a-b110-ac84e5495342, command=[]} | ret=SUCCESS |  
2019-09-18 16:17:08,741 | INFO  | SCMAudit | user=jenkins1000 | ip=192.168.5.185 | op=SEND_HEARTBEAT {datanodeUUID=17ef1155-4979-4874-bb40-cb4e4583a7bb, command=[]} | ret=SUCCESS |  
2019-09-18 16:17:08,741 | INFO  | SCMAudit | user=jenkins1000 | ip=192.168.5.185 | op=SEND_HEARTBEAT {datanodeUUID=555b68d4-2424-4ceb-b9ea-24caa74dd18d, command=[]} | ret=SUCCESS |  
2019-09-18 16:17:08,753 | INFO  | SCMAudit | user=jenkins1000 | ip=192.168.5.185 | op=SEND_HEARTBEAT {datanodeUUID=9820d8fa-8bca-4820-8d69-8b9d38bc65eb, command=[]} | ret=SUCCESS |  
2019-09-18 16:17:08,863 [main] WARN  scm.XceiverClientRatis (XceiverClientRatis.java:watchForCommit(262)) - 3 way commit failed on pipeline Pipeline[ Id: 0f6b5feb-767a-41f7-9caf-eabd82dc7ab2, Nodes: 555b68d4-2424-4ceb-b9ea-24caa74dd18d{ip: 192.168.5.185, host: pr-hdds-2034-lb7qt-2171347232, networkLocation: /default-rack, certSerialId: null}17ef1155-4979-4874-bb40-cb4e4583a7bb{ip: 192.168.5.185, host: pr-hdds-2034-lb7qt-2171347232, networkLocation: /default-rack, certSerialId: null}2423363d-8469-460a-b110-ac84e5495342{ip: 192.168.5.185, host: pr-hdds-2034-lb7qt-2171347232, networkLocation: /default-rack, certSerialId: null}, Type:RATIS, Factor:THREE, State:OPEN]
java.util.concurrent.TimeoutException
	at java.util.concurrent.CompletableFuture.timedGet(CompletableFuture.java:1771)
	at java.util.concurrent.CompletableFuture.get(CompletableFuture.java:1915)
	at org.apache.hadoop.hdds.scm.XceiverClientRatis.watchForCommit(XceiverClientRatis.java:259)
	at org.apache.hadoop.hdds.scm.storage.CommitWatcher.watchForCommit(CommitWatcher.java:194)
	at org.apache.hadoop.hdds.scm.storage.CommitWatcher.watchOnLastIndex(CommitWatcher.java:157)
	at org.apache.hadoop.hdds.scm.storage.BlockOutputStream.watchForCommit(BlockOutputStream.java:347)
	at org.apache.hadoop.hdds.scm.storage.BlockOutputStream.handleFlush(BlockOutputStream.java:479)
	at org.apache.hadoop.hdds.scm.storage.BlockOutputStream.flush(BlockOutputStream.java:428)
	at org.apache.hadoop.ozone.client.io.BlockOutputStreamEntry.flush(BlockOutputStreamEntry.java:136)
	at org.apache.hadoop.ozone.client.io.KeyOutputStream.handleFlushOrClose(KeyOutputStream.java:442)
	at org.apache.hadoop.ozone.client.io.KeyOutputStream.flush(KeyOutputStream.java:396)
	at org.apache.hadoop.ozone.client.io.OzoneOutputStream.flush(OzoneOutputStream.java:54)
	at org.apache.hadoop.ozone.client.rpc.TestBlockOutputStreamWithFailures.testExceptionDuringClose(TestBlockOutputStreamWithFailures.java:720)
	at sun.reflect.NativeMethodAccessorImpl.invoke0(Native Method)
	at sun.reflect.NativeMethodAccessorImpl.invoke(NativeMethodAccessorImpl.java:62)
	at sun.reflect.DelegatingMethodAccessorImpl.invoke(DelegatingMethodAccessorImpl.java:43)
	at java.lang.reflect.Method.invoke(Method.java:498)
	at org.junit.runners.model.FrameworkMethod$1.runReflectiveCall(FrameworkMethod.java:47)
	at org.junit.internal.runners.model.ReflectiveCallable.run(ReflectiveCallable.java:12)
	at org.junit.runners.model.FrameworkMethod.invokeExplosively(FrameworkMethod.java:44)
	at org.junit.internal.runners.statements.InvokeMethod.evaluate(InvokeMethod.java:17)
	at org.junit.internal.runners.statements.RunBefores.evaluate(RunBefores.java:26)
	at org.junit.internal.runners.statements.RunAfters.evaluate(RunAfters.java:27)
	at org.junit.runners.ParentRunner.runLeaf(ParentRunner.java:271)
	at org.junit.runners.BlockJUnit4ClassRunner.runChild(BlockJUnit4ClassRunner.java:70)
	at org.junit.runners.BlockJUnit4ClassRunner.runChild(BlockJUnit4ClassRunner.java:50)
	at org.junit.runners.ParentRunner$3.run(ParentRunner.java:238)
	at org.junit.runners.ParentRunner$1.schedule(ParentRunner.java:63)
	at org.junit.runners.ParentRunner.runChildren(ParentRunner.java:236)
	at org.junit.runners.ParentRunner.access$000(ParentRunner.java:53)
	at org.junit.runners.ParentRunner$2.evaluate(ParentRunner.java:229)
	at org.junit.runners.ParentRunner.run(ParentRunner.java:309)
	at org.apache.maven.surefire.junit4.JUnit4Provider.execute(JUnit4Provider.java:365)
	at org.apache.maven.surefire.junit4.JUnit4Provider.executeWithRerun(JUnit4Provider.java:273)
	at org.apache.maven.surefire.junit4.JUnit4Provider.executeTestSet(JUnit4Provider.java:238)
	at org.apache.maven.surefire.junit4.JUnit4Provider.invoke(JUnit4Provider.java:159)
	at org.apache.maven.surefire.booter.ForkedBooter.invokeProviderInSameClassLoader(ForkedBooter.java:384)
	at org.apache.maven.surefire.booter.ForkedBooter.runSuitesInProcess(ForkedBooter.java:345)
	at org.apache.maven.surefire.booter.ForkedBooter.execute(ForkedBooter.java:126)
	at org.apache.maven.surefire.booter.ForkedBooter.main(ForkedBooter.java:418)
2019-09-18 16:17:08,943 | INFO  | SCMAudit | user=jenkins1000 | ip=192.168.5.185 | op=SEND_HEARTBEAT {datanodeUUID=13430010-64c6-461b-bbc0-84bbac937742, command=[]} | ret=SUCCESS |  
2019-09-18 16:17:09,145 | INFO  | SCMAudit | user=jenkins1000 | ip=192.168.5.185 | op=SEND_HEARTBEAT {datanodeUUID=119461de-c1ab-40a1-84fe-2d3922567ba1, command=[]} | ret=SUCCESS |  
2019-09-18 16:17:09,306 | INFO  | SCMAudit | user=jenkins1000 | ip=192.168.5.185 | op=SEND_HEARTBEAT {datanodeUUID=9f06f9a1-0ee8-4e87-9cd3-431ea6fb3977, command=[]} | ret=SUCCESS |  
2019-09-18 16:17:09,741 | INFO  | SCMAudit | user=jenkins1000 | ip=192.168.5.185 | op=SEND_HEARTBEAT {datanodeUUID=2423363d-8469-460a-b110-ac84e5495342, command=[]} | ret=SUCCESS |  
2019-09-18 16:17:09,741 | INFO  | SCMAudit | user=jenkins1000 | ip=192.168.5.185 | op=SEND_HEARTBEAT {datanodeUUID=17ef1155-4979-4874-bb40-cb4e4583a7bb, command=[]} | ret=SUCCESS |  
2019-09-18 16:17:09,741 | INFO  | SCMAudit | user=jenkins1000 | ip=192.168.5.185 | op=SEND_HEARTBEAT {datanodeUUID=555b68d4-2424-4ceb-b9ea-24caa74dd18d, command=[]} | ret=SUCCESS |  
2019-09-18 16:17:09,753 | INFO  | SCMAudit | user=jenkins1000 | ip=192.168.5.185 | op=SEND_HEARTBEAT {datanodeUUID=9820d8fa-8bca-4820-8d69-8b9d38bc65eb, command=[]} | ret=SUCCESS |  
2019-09-18 16:17:09,867 [main] WARN  storage.CommitWatcher (CommitWatcher.java:watchForCommit(203)) - watchForCommit failed for index 6
java.util.concurrent.TimeoutException
	at java.util.concurrent.CompletableFuture.timedGet(CompletableFuture.java:1771)
	at java.util.concurrent.CompletableFuture.get(CompletableFuture.java:1915)
	at org.apache.hadoop.hdds.scm.XceiverClientRatis.watchForCommit(XceiverClientRatis.java:268)
	at org.apache.hadoop.hdds.scm.storage.CommitWatcher.watchForCommit(CommitWatcher.java:194)
	at org.apache.hadoop.hdds.scm.storage.CommitWatcher.watchOnLastIndex(CommitWatcher.java:157)
	at org.apache.hadoop.hdds.scm.storage.BlockOutputStream.watchForCommit(BlockOutputStream.java:347)
	at org.apache.hadoop.hdds.scm.storage.BlockOutputStream.handleFlush(BlockOutputStream.java:479)
	at org.apache.hadoop.hdds.scm.storage.BlockOutputStream.flush(BlockOutputStream.java:428)
	at org.apache.hadoop.ozone.client.io.BlockOutputStreamEntry.flush(BlockOutputStreamEntry.java:136)
	at org.apache.hadoop.ozone.client.io.KeyOutputStream.handleFlushOrClose(KeyOutputStream.java:442)
	at org.apache.hadoop.ozone.client.io.KeyOutputStream.flush(KeyOutputStream.java:396)
	at org.apache.hadoop.ozone.client.io.OzoneOutputStream.flush(OzoneOutputStream.java:54)
	at org.apache.hadoop.ozone.client.rpc.TestBlockOutputStreamWithFailures.testExceptionDuringClose(TestBlockOutputStreamWithFailures.java:720)
	at sun.reflect.NativeMethodAccessorImpl.invoke0(Native Method)
	at sun.reflect.NativeMethodAccessorImpl.invoke(NativeMethodAccessorImpl.java:62)
	at sun.reflect.DelegatingMethodAccessorImpl.invoke(DelegatingMethodAccessorImpl.java:43)
	at java.lang.reflect.Method.invoke(Method.java:498)
	at org.junit.runners.model.FrameworkMethod$1.runReflectiveCall(FrameworkMethod.java:47)
	at org.junit.internal.runners.model.ReflectiveCallable.run(ReflectiveCallable.java:12)
	at org.junit.runners.model.FrameworkMethod.invokeExplosively(FrameworkMethod.java:44)
	at org.junit.internal.runners.statements.InvokeMethod.evaluate(InvokeMethod.java:17)
	at org.junit.internal.runners.statements.RunBefores.evaluate(RunBefores.java:26)
	at org.junit.internal.runners.statements.RunAfters.evaluate(RunAfters.java:27)
	at org.junit.runners.ParentRunner.runLeaf(ParentRunner.java:271)
	at org.junit.runners.BlockJUnit4ClassRunner.runChild(BlockJUnit4ClassRunner.java:70)
	at org.junit.runners.BlockJUnit4ClassRunner.runChild(BlockJUnit4ClassRunner.java:50)
	at org.junit.runners.ParentRunner$3.run(ParentRunner.java:238)
	at org.junit.runners.ParentRunner$1.schedule(ParentRunner.java:63)
	at org.junit.runners.ParentRunner.runChildren(ParentRunner.java:236)
	at org.junit.runners.ParentRunner.access$000(ParentRunner.java:53)
	at org.junit.runners.ParentRunner$2.evaluate(ParentRunner.java:229)
	at org.junit.runners.ParentRunner.run(ParentRunner.java:309)
	at org.apache.maven.surefire.junit4.JUnit4Provider.execute(JUnit4Provider.java:365)
	at org.apache.maven.surefire.junit4.JUnit4Provider.executeWithRerun(JUnit4Provider.java:273)
	at org.apache.maven.surefire.junit4.JUnit4Provider.executeTestSet(JUnit4Provider.java:238)
	at org.apache.maven.surefire.junit4.JUnit4Provider.invoke(JUnit4Provider.java:159)
	at org.apache.maven.surefire.booter.ForkedBooter.invokeProviderInSameClassLoader(ForkedBooter.java:384)
	at org.apache.maven.surefire.booter.ForkedBooter.runSuitesInProcess(ForkedBooter.java:345)
	at org.apache.maven.surefire.booter.ForkedBooter.execute(ForkedBooter.java:126)
	at org.apache.maven.surefire.booter.ForkedBooter.main(ForkedBooter.java:418)
2019-09-18 16:17:09,869 [main] WARN  io.KeyOutputStream (KeyOutputStream.java:handleException(276)) - Encountered exception java.io.IOException: Unexpected Storage Container Exception: java.io.IOException: Unexpected Storage Container Exception: java.util.concurrent.TimeoutException on the pipeline Pipeline[ Id: 0f6b5feb-767a-41f7-9caf-eabd82dc7ab2, Nodes: 555b68d4-2424-4ceb-b9ea-24caa74dd18d{ip: 192.168.5.185, host: pr-hdds-2034-lb7qt-2171347232, networkLocation: /default-rack, certSerialId: null}17ef1155-4979-4874-bb40-cb4e4583a7bb{ip: 192.168.5.185, host: pr-hdds-2034-lb7qt-2171347232, networkLocation: /default-rack, certSerialId: null}2423363d-8469-460a-b110-ac84e5495342{ip: 192.168.5.185, host: pr-hdds-2034-lb7qt-2171347232, networkLocation: /default-rack, certSerialId: null}, Type:RATIS, Factor:THREE, State:OPEN]. The last committed block length is 0, uncommitted data length is 167 retry count 0
2019-09-18 16:17:09,905 | INFO  | SCMAudit | user=jenkins1000 | ip=192.168.5.185 | op=ALLOCATE_BLOCK {owner=884232ac-975e-4df2-aa3c-76c7de2a67b8, size=800, type=RATIS, factor=THREE} | ret=SUCCESS |  
2019-09-18 16:17:09,907 | INFO  | OMAudit | user=jenkins1000 | ip=127.0.0.1 | op=ALLOCATE_BLOCK {volume=testblockoutputstream, bucket=testblockoutputstream, key=b935c2a3-d654-4b6f-a65c-59cc2a509dc5, dataSize=0, replicationType=null, replicationFactor=null, keyLocationInfo=null, clientID=102814411153473558} | ret=SUCCESS |  
2019-09-18 16:17:09,917 [grpc-default-executor-8] INFO  client.GrpcClientProtocolClient (GrpcClientProtocolClient.java:onNext(255)) - client-0978DF8A9C90->119461de-c1ab-40a1-84fe-2d3922567ba1: receive RaftClientReply:client-0978DF8A9C90->119461de-c1ab-40a1-84fe-2d3922567ba1@group-DC0DDFF93B42, cid=269, FAILED org.apache.ratis.protocol.NotLeaderException: Server 119461de-c1ab-40a1-84fe-2d3922567ba1 is not the leader (9820d8fa-8bca-4820-8d69-8b9d38bc65eb:192.168.5.185:40987). Request must be sent to leader., logIndex=0, commits[119461de-c1ab-40a1-84fe-2d3922567ba1:c0, 13430010-64c6-461b-bbc0-84bbac937742:c0, 9820d8fa-8bca-4820-8d69-8b9d38bc65eb:c0]
2019-09-18 16:17:09,943 | INFO  | SCMAudit | user=jenkins1000 | ip=192.168.5.185 | op=SEND_HEARTBEAT {datanodeUUID=13430010-64c6-461b-bbc0-84bbac937742, command=[]} | ret=SUCCESS |  
2019-09-18 16:17:10,145 | INFO  | SCMAudit | user=jenkins1000 | ip=192.168.5.185 | op=SEND_HEARTBEAT {datanodeUUID=119461de-c1ab-40a1-84fe-2d3922567ba1, command=[]} | ret=SUCCESS |  
2019-09-18 16:17:10,159 | INFO  | DNAudit | user=null | ip=null | op=WRITE_CHUNK {blockData=conID: 2 locID: 102814412302254104 bcsId: 0} | ret=SUCCESS |  
2019-09-18 16:17:10,159 | INFO  | DNAudit | user=null | ip=null | op=WRITE_CHUNK {blockData=conID: 2 locID: 102814412302254104 bcsId: 0} | ret=SUCCESS |  
2019-09-18 16:17:10,159 | INFO  | DNAudit | user=null | ip=null | op=WRITE_CHUNK {blockData=conID: 2 locID: 102814412302254104 bcsId: 0} | ret=SUCCESS |  
2019-09-18 16:17:10,159 | INFO  | SCMAudit | user=jenkins1000 | ip=192.168.5.185 | op=SEND_HEARTBEAT {datanodeUUID=13430010-64c6-461b-bbc0-84bbac937742, command=[]} | ret=SUCCESS |  
2019-09-18 16:17:10,159 | INFO  | SCMAudit | user=jenkins1000 | ip=192.168.5.185 | op=SEND_HEARTBEAT {datanodeUUID=119461de-c1ab-40a1-84fe-2d3922567ba1, command=[]} | ret=SUCCESS |  
2019-09-18 16:17:10,160 | INFO  | SCMAudit | user=jenkins1000 | ip=192.168.5.185 | op=SEND_HEARTBEAT {datanodeUUID=9820d8fa-8bca-4820-8d69-8b9d38bc65eb, command=[]} | ret=SUCCESS |  
2019-09-18 16:17:10,176 | INFO  | DNAudit | user=null | ip=null | op=WRITE_CHUNK {blockData=conID: 2 locID: 102814412302254104 bcsId: 0} | ret=SUCCESS |  
2019-09-18 16:17:10,182 [grpc-default-executor-1] INFO  client.GrpcClientProtocolClient (GrpcClientProtocolClient.java:onNext(255)) - client-0978DF8A9C90->9820d8fa-8bca-4820-8d69-8b9d38bc65eb: receive RaftClientReply:client-0978DF8A9C90->9820d8fa-8bca-4820-8d69-8b9d38bc65eb@group-DC0DDFF93B42, cid=269, SUCCESS, logIndex=1, commits[9820d8fa-8bca-4820-8d69-8b9d38bc65eb:c1, 13430010-64c6-461b-bbc0-84bbac937742:c0, 119461de-c1ab-40a1-84fe-2d3922567ba1:c0]
2019-09-18 16:17:10,188 | INFO  | DNAudit | user=null | ip=null | op=WRITE_CHUNK {blockData=conID: 2 locID: 102814412302254104 bcsId: 0} | ret=SUCCESS |  
2019-09-18 16:17:10,188 | INFO  | DNAudit | user=null | ip=null | op=WRITE_CHUNK {blockData=conID: 2 locID: 102814412302254104 bcsId: 0} | ret=SUCCESS |  
2019-09-18 16:17:10,188 | INFO  | DNAudit | user=null | ip=null | op=WRITE_CHUNK {blockData=conID: 2 locID: 102814412302254104 bcsId: 0} | ret=SUCCESS |  
2019-09-18 16:17:10,189 | INFO  | DNAudit | user=null | ip=null | op=WRITE_CHUNK {blockData=conID: 2 locID: 102814412302254104 bcsId: 0} | ret=SUCCESS |  
2019-09-18 16:17:10,190 | INFO  | DNAudit | user=null | ip=null | op=WRITE_CHUNK {blockData=conID: 2 locID: 102814412302254104 bcsId: 0} | ret=SUCCESS |  
2019-09-18 16:17:10,202 | INFO  | DNAudit | user=null | ip=null | op=WRITE_CHUNK {blockData=conID: 2 locID: 102814412302254104 bcsId: 0} | ret=SUCCESS |  
2019-09-18 16:17:10,207 [grpc-default-executor-8] INFO  client.GrpcClientProtocolClient (GrpcClientProtocolClient.java:onNext(255)) - client-0978DF8A9C90->9820d8fa-8bca-4820-8d69-8b9d38bc65eb: receive RaftClientReply:client-0978DF8A9C90->9820d8fa-8bca-4820-8d69-8b9d38bc65eb@group-DC0DDFF93B42, cid=270, SUCCESS, logIndex=3, commits[9820d8fa-8bca-4820-8d69-8b9d38bc65eb:c4, 13430010-64c6-461b-bbc0-84bbac937742:c2, 119461de-c1ab-40a1-84fe-2d3922567ba1:c2]
2019-09-18 16:17:10,222 | INFO  | DNAudit | user=null | ip=null | op=WRITE_CHUNK {blockData=conID: 2 locID: 102814412302254104 bcsId: 0} | ret=SUCCESS |  
2019-09-18 16:17:10,222 | INFO  | DNAudit | user=null | ip=null | op=WRITE_CHUNK {blockData=conID: 2 locID: 102814412302254104 bcsId: 0} | ret=SUCCESS |  
2019-09-18 16:17:10,283 | INFO  | DNAudit | user=null | ip=null | op=PUT_BLOCK {blockData=[blockId=conID: 2 locID: 102814412302254104 bcsId: 0,size=167]} | ret=SUCCESS |  
2019-09-18 16:17:10,284 [grpc-default-executor-8] INFO  client.GrpcClientProtocolClient (GrpcClientProtocolClient.java:onNext(255)) - client-0978DF8A9C90->9820d8fa-8bca-4820-8d69-8b9d38bc65eb: receive RaftClientReply:client-0978DF8A9C90->9820d8fa-8bca-4820-8d69-8b9d38bc65eb@group-DC0DDFF93B42, cid=271, SUCCESS, logIndex=4, commits[9820d8fa-8bca-4820-8d69-8b9d38bc65eb:c6, 13430010-64c6-461b-bbc0-84bbac937742:c4, 119461de-c1ab-40a1-84fe-2d3922567ba1:c4]
2019-09-18 16:17:10,286 [main] INFO  ozone.MiniOzoneClusterImpl (MiniOzoneClusterImpl.java:shutdown(327)) - Shutting down the Mini Ozone Cluster
2019-09-18 16:17:10,287 | INFO  | SCMAudit | user=null | ip=null | op=GET_SCM_INFO null | ret=SUCCESS |  
2019-09-18 16:17:10,287 [main] INFO  ozone.MiniOzoneClusterImpl (MiniOzoneClusterImpl.java:stop(342)) - Stopping the Mini Ozone Cluster
2019-09-18 16:17:10,287 [main] INFO  ozone.MiniOzoneClusterImpl (MiniOzoneClusterImpl.java:stop(344)) - Stopping the OzoneManager
2019-09-18 16:17:10,287 [main] INFO  ipc.Server (Server.java:stop(3082)) - Stopping server on 44732
2019-09-18 16:17:10,298 [main] INFO  ratis.OzoneManagerDoubleBuffer (OzoneManagerDoubleBuffer.java:stop(248)) - Stopping OMDoubleBuffer flush thread
2019-09-18 16:17:10,298 [IPC Server Responder] INFO  ipc.Server (Server.java:run(1319)) - Stopping IPC Server Responder
2019-09-18 16:17:10,307 | INFO  | SCMAudit | user=jenkins1000 | ip=192.168.5.185 | op=SEND_HEARTBEAT {datanodeUUID=9f06f9a1-0ee8-4e87-9cd3-431ea6fb3977, command=[]} | ret=SUCCESS |  
2019-09-18 16:17:10,298 [IPC Server listener on 44732] INFO  ipc.Server (Server.java:run(1185)) - Stopping IPC Server listener on 44732
2019-09-18 16:17:10,311 [OMDoubleBufferFlushThread] INFO  ratis.OzoneManagerDoubleBuffer (OzoneManagerDoubleBuffer.java:flushTransactions(191)) - OMDoubleBuffer flush thread OMDoubleBufferFlushThread is interrupted and will exit. OMDoubleBufferFlushThread
2019-09-18 16:17:10,319 [grpc-default-executor-7] INFO  client.GrpcClientProtocolClient (GrpcClientProtocolClient.java:onNext(255)) - client-0A90FA546317->17ef1155-4979-4874-bb40-cb4e4583a7bb: receive RaftClientReply:client-0A90FA546317->17ef1155-4979-4874-bb40-cb4e4583a7bb@group-EABD82DC7AB2, cid=268, SUCCESS, logIndex=0, commits[17ef1155-4979-4874-bb40-cb4e4583a7bb:c8, 555b68d4-2424-4ceb-b9ea-24caa74dd18d:c5, 2423363d-8469-460a-b110-ac84e5495342:c8]
2019-09-18 16:17:10,325 [main] INFO  utils.BackgroundService (BackgroundService.java:shutdown(148)) - Shutting down service KeyDeletingService
2019-09-18 16:17:10,331 [grpc-default-executor-7] INFO  client.GrpcClientProtocolClient (GrpcClientProtocolClient.java:onNext(255)) - client-0A90FA546317->17ef1155-4979-4874-bb40-cb4e4583a7bb: receive RaftClientReply:client-0A90FA546317->17ef1155-4979-4874-bb40-cb4e4583a7bb@group-EABD82DC7AB2, cid=267, SUCCESS, logIndex=0, commits[17ef1155-4979-4874-bb40-cb4e4583a7bb:c8, 555b68d4-2424-4ceb-b9ea-24caa74dd18d:c8, 2423363d-8469-460a-b110-ac84e5495342:c8]
2019-09-18 16:17:10,349 [main] INFO  handler.ContextHandler (ContextHandler.java:doStop(910)) - Stopped o.e.j.w.WebAppContext@76795a95{/,null,UNAVAILABLE}{/ozoneManager}
2019-09-18 16:17:10,350 [main] INFO  server.AbstractConnector (AbstractConnector.java:doStop(318)) - Stopped ServerConnector@32d00eea{HTTP/1.1,[http/1.1]}{0.0.0.0:0}
2019-09-18 16:17:10,351 [main] INFO  handler.ContextHandler (ContextHandler.java:doStop(910)) - Stopped o.e.j.s.ServletContextHandler@4f6f6223{/static,file:///workdir/hadoop-ozone/integration-test/target/test-classes/webapps/static,UNAVAILABLE}
2019-09-18 16:17:10,351 [main] INFO  handler.ContextHandler (ContextHandler.java:doStop(910)) - Stopped o.e.j.s.ServletContextHandler@6dcf902{/logs,file:///workdir/hadoop-ozone/integration-test/target/log,UNAVAILABLE}
2019-09-18 16:17:10,354 [main] INFO  ozone.MiniOzoneClusterImpl (MiniOzoneClusterImpl.java:stop(350)) - Shutting the HddsDatanodes
2019-09-18 16:17:10,355 [main] INFO  datanode.ObjectStoreHandler (ObjectStoreHandler.java:close(155)) - Closing ObjectStoreHandler.
2019-09-18 16:17:10,355 [ForkJoinPool.commonPool-worker-1] INFO  datanode.ObjectStoreHandler (ObjectStoreHandler.java:close(155)) - Closing ObjectStoreHandler.
2019-09-18 16:17:10,355 [main] INFO  ozone.HddsDatanodeService (HddsDatanodeService.java:stop(451)) - Stopped plug-in org.apache.hadoop.ozone.web.OzoneHddsDatanodeService@2b6d4eeb
2019-09-18 16:17:10,355 [ForkJoinPool.commonPool-worker-1] INFO  ozone.HddsDatanodeService (HddsDatanodeService.java:stop(451)) - Stopped plug-in org.apache.hadoop.ozone.web.OzoneHddsDatanodeService@55be2608
2019-09-18 16:17:10,375 | INFO  | DNAudit | user=null | ip=null | op=PUT_BLOCK {blockData=[blockId=conID: 2 locID: 102814412302254104 bcsId: 0,size=167]} | ret=SUCCESS |  
2019-09-18 16:17:10,461 | INFO  | DNAudit | user=null | ip=null | op=PUT_BLOCK {blockData=[blockId=conID: 2 locID: 102814412302254104 bcsId: 0,size=167]} | ret=SUCCESS |  
2019-09-18 16:17:10,549 | INFO  | DNAudit | user=null | ip=null | op=PUT_BLOCK {blockData=[blockId=conID: 1 locID: 102814411153801239 bcsId: 0,size=167]} | ret=SUCCESS |  
2019-09-18 16:17:10,630 | INFO  | DNAudit | user=null | ip=null | op=PUT_BLOCK {blockData=[blockId=conID: 1 locID: 102814411153801239 bcsId: 0,size=167]} | ret=SUCCESS |  
2019-09-18 16:17:10,740 [Datanode State Machine Thread - 0] INFO  statemachine.DatanodeStateMachine (DatanodeStateMachine.java:lambda$startDaemon$0(356)) - Ozone container server started.
2019-09-18 16:17:10,741 | INFO  | SCMAudit | user=jenkins1000 | ip=192.168.5.185 | op=SEND_HEARTBEAT {datanodeUUID=2423363d-8469-460a-b110-ac84e5495342, command=[]} | ret=SUCCESS |  
2019-09-18 16:17:10,741 | INFO  | SCMAudit | user=jenkins1000 | ip=192.168.5.185 | op=SEND_HEARTBEAT {datanodeUUID=17ef1155-4979-4874-bb40-cb4e4583a7bb, command=[]} | ret=SUCCESS |  
2019-09-18 16:17:11,158 [Datanode State Machine Thread - 0] INFO  statemachine.DatanodeStateMachine (DatanodeStateMachine.java:lambda$startDaemon$0(356)) - Ozone container server started.
2019-09-18 16:17:11,159 | INFO  | SCMAudit | user=jenkins1000 | ip=192.168.5.185 | op=SEND_HEARTBEAT {datanodeUUID=9820d8fa-8bca-4820-8d69-8b9d38bc65eb, command=[]} | ret=SUCCESS |  
2019-09-18 16:17:11,160 | INFO  | SCMAudit | user=jenkins1000 | ip=192.168.5.185 | op=SEND_HEARTBEAT {datanodeUUID=119461de-c1ab-40a1-84fe-2d3922567ba1, command=[]} | ret=SUCCESS |  
2019-09-18 16:17:11,307 | INFO  | SCMAudit | user=jenkins1000 | ip=192.168.5.185 | op=SEND_HEARTBEAT {datanodeUUID=9f06f9a1-0ee8-4e87-9cd3-431ea6fb3977, command=[]} | ret=SUCCESS |  
2019-09-18 16:17:11,741 | INFO  | SCMAudit | user=jenkins1000 | ip=192.168.5.185 | op=SEND_HEARTBEAT {datanodeUUID=2423363d-8469-460a-b110-ac84e5495342, command=[]} | ret=SUCCESS |  
2019-09-18 16:17:11,741 | INFO  | SCMAudit | user=jenkins1000 | ip=192.168.5.185 | op=SEND_HEARTBEAT {datanodeUUID=17ef1155-4979-4874-bb40-cb4e4583a7bb, command=[]} | ret=SUCCESS |  
2019-09-18 16:17:12,159 | INFO  | SCMAudit | user=jenkins1000 | ip=192.168.5.185 | op=SEND_HEARTBEAT {datanodeUUID=9820d8fa-8bca-4820-8d69-8b9d38bc65eb, command=[]} | ret=SUCCESS |  
2019-09-18 16:17:12,159 | INFO  | SCMAudit | user=jenkins1000 | ip=192.168.5.185 | op=SEND_HEARTBEAT {datanodeUUID=119461de-c1ab-40a1-84fe-2d3922567ba1, command=[]} | ret=SUCCESS |  
2019-09-18 16:17:12,308 | INFO  | SCMAudit | user=jenkins1000 | ip=192.168.5.185 | op=SEND_HEARTBEAT {datanodeUUID=9f06f9a1-0ee8-4e87-9cd3-431ea6fb3977, command=[]} | ret=SUCCESS |  
2019-09-18 16:17:12,741 | INFO  | SCMAudit | user=jenkins1000 | ip=192.168.5.185 | op=SEND_HEARTBEAT {datanodeUUID=2423363d-8469-460a-b110-ac84e5495342, command=[]} | ret=SUCCESS |  
2019-09-18 16:17:12,741 | INFO  | SCMAudit | user=jenkins1000 | ip=192.168.5.185 | op=SEND_HEARTBEAT {datanodeUUID=17ef1155-4979-4874-bb40-cb4e4583a7bb, command=[]} | ret=SUCCESS |  
2019-09-18 16:17:13,159 | INFO  | SCMAudit | user=jenkins1000 | ip=192.168.5.185 | op=SEND_HEARTBEAT {datanodeUUID=9820d8fa-8bca-4820-8d69-8b9d38bc65eb, command=[]} | ret=SUCCESS |  
2019-09-18 16:17:13,159 | INFO  | SCMAudit | user=jenkins1000 | ip=192.168.5.185 | op=SEND_HEARTBEAT {datanodeUUID=119461de-c1ab-40a1-84fe-2d3922567ba1, command=[]} | ret=SUCCESS |  
2019-09-18 16:17:13,308 | INFO  | SCMAudit | user=jenkins1000 | ip=192.168.5.185 | op=SEND_HEARTBEAT {datanodeUUID=9f06f9a1-0ee8-4e87-9cd3-431ea6fb3977, command=[]} | ret=SUCCESS |  
2019-09-18 16:17:13,742 | INFO  | SCMAudit | user=jenkins1000 | ip=192.168.5.185 | op=SEND_HEARTBEAT {datanodeUUID=2423363d-8469-460a-b110-ac84e5495342, command=[]} | ret=SUCCESS |  
2019-09-18 16:17:13,742 | INFO  | SCMAudit | user=jenkins1000 | ip=192.168.5.185 | op=SEND_HEARTBEAT {datanodeUUID=17ef1155-4979-4874-bb40-cb4e4583a7bb, command=[]} | ret=SUCCESS |  
2019-09-18 16:17:14,159 | INFO  | SCMAudit | user=jenkins1000 | ip=192.168.5.185 | op=SEND_HEARTBEAT {datanodeUUID=9820d8fa-8bca-4820-8d69-8b9d38bc65eb, command=[]} | ret=SUCCESS |  
2019-09-18 16:17:14,160 | INFO  | SCMAudit | user=jenkins1000 | ip=192.168.5.185 | op=SEND_HEARTBEAT {datanodeUUID=119461de-c1ab-40a1-84fe-2d3922567ba1, command=[]} | ret=SUCCESS |  
2019-09-18 16:17:14,308 | INFO  | SCMAudit | user=jenkins1000 | ip=192.168.5.185 | op=SEND_HEARTBEAT {datanodeUUID=9f06f9a1-0ee8-4e87-9cd3-431ea6fb3977, command=[]} | ret=SUCCESS |  
2019-09-18 16:17:14,742 | INFO  | SCMAudit | user=jenkins1000 | ip=192.168.5.185 | op=SEND_HEARTBEAT {datanodeUUID=2423363d-8469-460a-b110-ac84e5495342, command=[]} | ret=SUCCESS |  
2019-09-18 16:17:14,742 | INFO  | SCMAudit | user=jenkins1000 | ip=192.168.5.185 | op=SEND_HEARTBEAT {datanodeUUID=17ef1155-4979-4874-bb40-cb4e4583a7bb, command=[]} | ret=SUCCESS |  
2019-09-18 16:17:14,810 [EventQueue-StaleNodeForStaleNodeHandler] INFO  node.StaleNodeHandler (StaleNodeHandler.java:onMessage(58)) - Datanode 555b68d4-2424-4ceb-b9ea-24caa74dd18d{ip: 192.168.5.185, host: pr-hdds-2034-lb7qt-2171347232, networkLocation: /default-rack, certSerialId: null} moved to stale state. Finalizing its pipelines [PipelineID=0f6b5feb-767a-41f7-9caf-eabd82dc7ab2, PipelineID=d2486939-b73a-4508-bc0f-8963e2007a88]
2019-09-18 16:17:14,810 [EventQueue-StaleNodeForStaleNodeHandler] INFO  pipeline.SCMPipelineManager (SCMPipelineManager.java:finalizeAndDestroyPipeline(336)) - destroying pipeline:Pipeline[ Id: 0f6b5feb-767a-41f7-9caf-eabd82dc7ab2, Nodes: 555b68d4-2424-4ceb-b9ea-24caa74dd18d{ip: 192.168.5.185, host: pr-hdds-2034-lb7qt-2171347232, networkLocation: /default-rack, certSerialId: null}17ef1155-4979-4874-bb40-cb4e4583a7bb{ip: 192.168.5.185, host: pr-hdds-2034-lb7qt-2171347232, networkLocation: /default-rack, certSerialId: null}2423363d-8469-460a-b110-ac84e5495342{ip: 192.168.5.185, host: pr-hdds-2034-lb7qt-2171347232, networkLocation: /default-rack, certSerialId: null}, Type:RATIS, Factor:THREE, State:OPEN]
2019-09-18 16:17:14,811 [EventQueue-StaleNodeForStaleNodeHandler] INFO  pipeline.PipelineStateManager (PipelineStateManager.java:finalizePipeline(123)) - Pipeline Pipeline[ Id: 0f6b5feb-767a-41f7-9caf-eabd82dc7ab2, Nodes: 555b68d4-2424-4ceb-b9ea-24caa74dd18d{ip: 192.168.5.185, host: pr-hdds-2034-lb7qt-2171347232, networkLocation: /default-rack, certSerialId: null}17ef1155-4979-4874-bb40-cb4e4583a7bb{ip: 192.168.5.185, host: pr-hdds-2034-lb7qt-2171347232, networkLocation: /default-rack, certSerialId: null}2423363d-8469-460a-b110-ac84e5495342{ip: 192.168.5.185, host: pr-hdds-2034-lb7qt-2171347232, networkLocation: /default-rack, certSerialId: null}, Type:RATIS, Factor:THREE, State:CLOSED] moved to CLOSED state
2019-09-18 16:17:14,811 [EventQueue-CloseContainerForCloseContainerEventHandler] INFO  container.CloseContainerEventHandler (CloseContainerEventHandler.java:onMessage(61)) - Close container Event triggered for container : #1
2019-09-18 16:17:14,811 [EventQueue-StaleNodeForStaleNodeHandler] INFO  pipeline.SCMPipelineManager (SCMPipelineManager.java:finalizeAndDestroyPipeline(336)) - destroying pipeline:Pipeline[ Id: d2486939-b73a-4508-bc0f-8963e2007a88, Nodes: 555b68d4-2424-4ceb-b9ea-24caa74dd18d{ip: 192.168.5.185, host: pr-hdds-2034-lb7qt-2171347232, networkLocation: /default-rack, certSerialId: null}, Type:RATIS, Factor:ONE, State:OPEN]
2019-09-18 16:17:14,812 [EventQueue-StaleNodeForStaleNodeHandler] INFO  pipeline.PipelineStateManager (PipelineStateManager.java:finalizePipeline(123)) - Pipeline Pipeline[ Id: d2486939-b73a-4508-bc0f-8963e2007a88, Nodes: 555b68d4-2424-4ceb-b9ea-24caa74dd18d{ip: 192.168.5.185, host: pr-hdds-2034-lb7qt-2171347232, networkLocation: /default-rack, certSerialId: null}, Type:RATIS, Factor:ONE, State:CLOSED] moved to CLOSED state
2019-09-18 16:17:15,159 | INFO  | SCMAudit | user=jenkins1000 | ip=192.168.5.185 | op=SEND_HEARTBEAT {datanodeUUID=9820d8fa-8bca-4820-8d69-8b9d38bc65eb, command=[]} | ret=SUCCESS |  
2019-09-18 16:17:15,161 | INFO  | SCMAudit | user=jenkins1000 | ip=192.168.5.185 | op=SEND_HEARTBEAT {datanodeUUID=119461de-c1ab-40a1-84fe-2d3922567ba1, command=[]} | ret=SUCCESS |  
2019-09-18 16:17:15,210 [EventQueue-StaleNodeForStaleNodeHandler] INFO  node.StaleNodeHandler (StaleNodeHandler.java:onMessage(58)) - Datanode 13430010-64c6-461b-bbc0-84bbac937742{ip: 192.168.5.185, host: pr-hdds-2034-lb7qt-2171347232, networkLocation: /default-rack, certSerialId: null} moved to stale state. Finalizing its pipelines [PipelineID=7a145caf-a86e-4547-abf6-dc0ddff93b42, PipelineID=e0a94244-fb14-40ce-973e-128a90ff93d9]
2019-09-18 16:17:15,211 [EventQueue-StaleNodeForStaleNodeHandler] INFO  pipeline.SCMPipelineManager (SCMPipelineManager.java:finalizeAndDestroyPipeline(336)) - destroying pipeline:Pipeline[ Id: 7a145caf-a86e-4547-abf6-dc0ddff93b42, Nodes: 119461de-c1ab-40a1-84fe-2d3922567ba1{ip: 192.168.5.185, host: pr-hdds-2034-lb7qt-2171347232, networkLocation: /default-rack, certSerialId: null}9820d8fa-8bca-4820-8d69-8b9d38bc65eb{ip: 192.168.5.185, host: pr-hdds-2034-lb7qt-2171347232, networkLocation: /default-rack, certSerialId: null}13430010-64c6-461b-bbc0-84bbac937742{ip: 192.168.5.185, host: pr-hdds-2034-lb7qt-2171347232, networkLocation: /default-rack, certSerialId: null}, Type:RATIS, Factor:THREE, State:OPEN]
2019-09-18 16:17:15,211 [EventQueue-StaleNodeForStaleNodeHandler] INFO  pipeline.PipelineStateManager (PipelineStateManager.java:finalizePipeline(123)) - Pipeline Pipeline[ Id: 7a145caf-a86e-4547-abf6-dc0ddff93b42, Nodes: 119461de-c1ab-40a1-84fe-2d3922567ba1{ip: 192.168.5.185, host: pr-hdds-2034-lb7qt-2171347232, networkLocation: /default-rack, certSerialId: null}9820d8fa-8bca-4820-8d69-8b9d38bc65eb{ip: 192.168.5.185, host: pr-hdds-2034-lb7qt-2171347232, networkLocation: /default-rack, certSerialId: null}13430010-64c6-461b-bbc0-84bbac937742{ip: 192.168.5.185, host: pr-hdds-2034-lb7qt-2171347232, networkLocation: /default-rack, certSerialId: null}, Type:RATIS, Factor:THREE, State:CLOSED] moved to CLOSED state
2019-09-18 16:17:15,211 [EventQueue-CloseContainerForCloseContainerEventHandler] INFO  container.CloseContainerEventHandler (CloseContainerEventHandler.java:onMessage(61)) - Close container Event triggered for container : #2
2019-09-18 16:17:15,211 [EventQueue-StaleNodeForStaleNodeHandler] INFO  pipeline.SCMPipelineManager (SCMPipelineManager.java:finalizeAndDestroyPipeline(336)) - destroying pipeline:Pipeline[ Id: e0a94244-fb14-40ce-973e-128a90ff93d9, Nodes: 13430010-64c6-461b-bbc0-84bbac937742{ip: 192.168.5.185, host: pr-hdds-2034-lb7qt-2171347232, networkLocation: /default-rack, certSerialId: null}, Type:RATIS, Factor:ONE, State:OPEN]
2019-09-18 16:17:15,212 [EventQueue-StaleNodeForStaleNodeHandler] INFO  pipeline.PipelineStateManager (PipelineStateManager.java:finalizePipeline(123)) - Pipeline Pipeline[ Id: e0a94244-fb14-40ce-973e-128a90ff93d9, Nodes: 13430010-64c6-461b-bbc0-84bbac937742{ip: 192.168.5.185, host: pr-hdds-2034-lb7qt-2171347232, networkLocation: /default-rack, certSerialId: null}, Type:RATIS, Factor:ONE, State:CLOSED] moved to CLOSED state
2019-09-18 16:17:15,308 | INFO  | SCMAudit | user=jenkins1000 | ip=192.168.5.185 | op=SEND_HEARTBEAT {datanodeUUID=9f06f9a1-0ee8-4e87-9cd3-431ea6fb3977, command=[]} | ret=SUCCESS |  
2019-09-18 16:17:15,356 [main] INFO  ozoneimpl.OzoneContainer (OzoneContainer.java:stop(199)) - Attempting to stop container services.
2019-09-18 16:17:15,356 [ForkJoinPool.commonPool-worker-1] INFO  ozoneimpl.OzoneContainer (OzoneContainer.java:stop(199)) - Attempting to stop container services.
2019-09-18 16:17:15,357 [main] INFO  impl.RaftServerProxy (RaftServerProxy.java:lambda$close$4(314)) - 555b68d4-2424-4ceb-b9ea-24caa74dd18d: close
2019-09-18 16:17:15,357 [ForkJoinPool.commonPool-worker-1] INFO  impl.RaftServerProxy (RaftServerProxy.java:lambda$close$4(314)) - 13430010-64c6-461b-bbc0-84bbac937742: close
2019-09-18 16:17:15,358 [main] INFO  impl.RaftServerImpl (RaftServerImpl.java:lambda$shutdown$3(245)) - 555b68d4-2424-4ceb-b9ea-24caa74dd18d: shutdown group-EABD82DC7AB2
2019-09-18 16:17:15,358 [ForkJoinPool.commonPool-worker-1] INFO  impl.RaftServerImpl (RaftServerImpl.java:lambda$shutdown$3(245)) - 13430010-64c6-461b-bbc0-84bbac937742: shutdown group-DC0DDFF93B42
2019-09-18 16:17:15,358 [main] INFO  util.JmxRegister (JmxRegister.java:unregister(73)) - Successfully un-registered JMX Bean with object name Ratis:service=RaftServer,group=group-EABD82DC7AB2,id=555b68d4-2424-4ceb-b9ea-24caa74dd18d
2019-09-18 16:17:15,359 [ForkJoinPool.commonPool-worker-1] INFO  util.JmxRegister (JmxRegister.java:unregister(73)) - Successfully un-registered JMX Bean with object name Ratis:service=RaftServer,group=group-DC0DDFF93B42,id=13430010-64c6-461b-bbc0-84bbac937742
2019-09-18 16:17:15,359 [main] INFO  impl.RoleInfo (RoleInfo.java:shutdownFollowerState(121)) - 555b68d4-2424-4ceb-b9ea-24caa74dd18d: shutdown FollowerState
2019-09-18 16:17:15,359 [ForkJoinPool.commonPool-worker-1] INFO  impl.RoleInfo (RoleInfo.java:shutdownFollowerState(121)) - 13430010-64c6-461b-bbc0-84bbac937742: shutdown FollowerState
2019-09-18 16:17:15,360 [StateMachineUpdater:555b68d4-2424-4ceb-b9ea-24caa74dd18d:group-EABD82DC7AB2] INFO  ratis.ContainerStateMachine (ContainerStateMachine.java:takeSnapshot(283)) - group-EABD82DC7AB2: Taking a snapshot at:(t:5, i:8) file /workdir/hadoop-ozone/integration-test/target/test-dir/MiniOzoneClusterImpl-d91fdf1f-9aec-46f4-8801-046e27073747/datanode-4/data/ratis/0f6b5feb-767a-41f7-9caf-eabd82dc7ab2/sm/snapshot.5_8
2019-09-18 16:17:15,360 [Thread-5070] INFO  impl.FollowerState (FollowerState.java:run(114)) - 555b68d4-2424-4ceb-b9ea-24caa74dd18d: FollowerState was interrupted: java.lang.InterruptedException: sleep interrupted
2019-09-18 16:17:15,360 [main] INFO  impl.StateMachineUpdater (StateMachineUpdater.java:stopAndJoin(115)) - StateMachineUpdater:555b68d4-2424-4ceb-b9ea-24caa74dd18d:group-EABD82DC7AB2: set stopIndex = 8
2019-09-18 16:17:15,360 [Thread-4941] INFO  impl.FollowerState (FollowerState.java:run(114)) - 13430010-64c6-461b-bbc0-84bbac937742: FollowerState was interrupted: java.lang.InterruptedException: sleep interrupted
2019-09-18 16:17:15,360 [StateMachineUpdater:13430010-64c6-461b-bbc0-84bbac937742:group-DC0DDFF93B42] INFO  ratis.ContainerStateMachine (ContainerStateMachine.java:takeSnapshot(283)) - group-DC0DDFF93B42: Taking a snapshot at:(t:1, i:4) file /workdir/hadoop-ozone/integration-test/target/test-dir/MiniOzoneClusterImpl-d91fdf1f-9aec-46f4-8801-046e27073747/datanode-1/data/ratis/7a145caf-a86e-4547-abf6-dc0ddff93b42/sm/snapshot.1_4
2019-09-18 16:17:15,360 [ForkJoinPool.commonPool-worker-1] INFO  impl.StateMachineUpdater (StateMachineUpdater.java:stopAndJoin(115)) - StateMachineUpdater:13430010-64c6-461b-bbc0-84bbac937742:group-DC0DDFF93B42: set stopIndex = 6
2019-09-18 16:17:15,387 [StateMachineUpdater:13430010-64c6-461b-bbc0-84bbac937742:group-DC0DDFF93B42] INFO  ratis.ContainerStateMachine (ContainerStateMachine.java:takeSnapshot(294)) - group-DC0DDFF93B42: Finished taking a snapshot at:(t:1, i:4) file:/workdir/hadoop-ozone/integration-test/target/test-dir/MiniOzoneClusterImpl-d91fdf1f-9aec-46f4-8801-046e27073747/datanode-1/data/ratis/7a145caf-a86e-4547-abf6-dc0ddff93b42/sm/snapshot.1_4 time:27
2019-09-18 16:17:15,387 [StateMachineUpdater:555b68d4-2424-4ceb-b9ea-24caa74dd18d:group-EABD82DC7AB2] INFO  ratis.ContainerStateMachine (ContainerStateMachine.java:takeSnapshot(294)) - group-EABD82DC7AB2: Finished taking a snapshot at:(t:5, i:8) file:/workdir/hadoop-ozone/integration-test/target/test-dir/MiniOzoneClusterImpl-d91fdf1f-9aec-46f4-8801-046e27073747/datanode-4/data/ratis/0f6b5feb-767a-41f7-9caf-eabd82dc7ab2/sm/snapshot.5_8 time:27
2019-09-18 16:17:15,387 [StateMachineUpdater:13430010-64c6-461b-bbc0-84bbac937742:group-DC0DDFF93B42] INFO  impl.StateMachineUpdater (StateMachineUpdater.java:takeSnapshot(242)) - StateMachineUpdater:13430010-64c6-461b-bbc0-84bbac937742:group-DC0DDFF93B42: Took a snapshot at index 4
2019-09-18 16:17:15,387 [StateMachineUpdater:555b68d4-2424-4ceb-b9ea-24caa74dd18d:group-EABD82DC7AB2] INFO  impl.StateMachineUpdater (StateMachineUpdater.java:takeSnapshot(242)) - StateMachineUpdater:555b68d4-2424-4ceb-b9ea-24caa74dd18d:group-EABD82DC7AB2: Took a snapshot at index 8
2019-09-18 16:17:15,387 [StateMachineUpdater:13430010-64c6-461b-bbc0-84bbac937742:group-DC0DDFF93B42] INFO  impl.StateMachineUpdater (StateMachineUpdater.java:lambda$new$0(80)) - StateMachineUpdater:13430010-64c6-461b-bbc0-84bbac937742:group-DC0DDFF93B42: snapshotIndex: updateIncreasingly -1 -> 4
2019-09-18 16:17:15,387 [StateMachineUpdater:555b68d4-2424-4ceb-b9ea-24caa74dd18d:group-EABD82DC7AB2] INFO  impl.StateMachineUpdater (StateMachineUpdater.java:lambda$new$0(80)) - StateMachineUpdater:555b68d4-2424-4ceb-b9ea-24caa74dd18d:group-EABD82DC7AB2: snapshotIndex: updateIncreasingly -1 -> 8
2019-09-18 16:17:15,388 [ForkJoinPool.commonPool-worker-1] INFO  impl.RaftServerImpl (ServerState.java:close(394)) - 13430010-64c6-461b-bbc0-84bbac937742:group-DC0DDFF93B42 closes. The last applied log index is 6
2019-09-18 16:17:15,388 [main] INFO  impl.RaftServerImpl (ServerState.java:close(394)) - 555b68d4-2424-4ceb-b9ea-24caa74dd18d:group-EABD82DC7AB2 closes. The last applied log index is 8
2019-09-18 16:17:15,389 [13430010-64c6-461b-bbc0-84bbac937742-SegmentedRaftLogWorker:Storage Directory /workdir/hadoop-ozone/integration-test/target/test-dir/MiniOzoneClusterImpl-d91fdf1f-9aec-46f4-8801-046e27073747/datanode-1/data/ratis/7a145caf-a86e-4547-abf6-dc0ddff93b42] INFO  segmented.SegmentedRaftLogWorker (SegmentedRaftLogWorker.java:run(313)) - 13430010-64c6-461b-bbc0-84bbac937742-SegmentedRaftLogWorker:Storage Directory /workdir/hadoop-ozone/integration-test/target/test-dir/MiniOzoneClusterImpl-d91fdf1f-9aec-46f4-8801-046e27073747/datanode-1/data/ratis/7a145caf-a86e-4547-abf6-dc0ddff93b42 was interrupted, exiting. There are 0 tasks remaining in the queue.
2019-09-18 16:17:15,389 [555b68d4-2424-4ceb-b9ea-24caa74dd18d-SegmentedRaftLogWorker:Storage Directory /workdir/hadoop-ozone/integration-test/target/test-dir/MiniOzoneClusterImpl-d91fdf1f-9aec-46f4-8801-046e27073747/datanode-4/data/ratis/0f6b5feb-767a-41f7-9caf-eabd82dc7ab2] INFO  segmented.SegmentedRaftLogWorker (SegmentedRaftLogWorker.java:run(313)) - 555b68d4-2424-4ceb-b9ea-24caa74dd18d-SegmentedRaftLogWorker:Storage Directory /workdir/hadoop-ozone/integration-test/target/test-dir/MiniOzoneClusterImpl-d91fdf1f-9aec-46f4-8801-046e27073747/datanode-4/data/ratis/0f6b5feb-767a-41f7-9caf-eabd82dc7ab2 was interrupted, exiting. There are 0 tasks remaining in the queue.
2019-09-18 16:17:15,392 [ForkJoinPool.commonPool-worker-1] INFO  segmented.SegmentedRaftLogWorker (SegmentedRaftLogWorker.java:close(228)) - 13430010-64c6-461b-bbc0-84bbac937742-SegmentedRaftLogWorker:Storage Directory /workdir/hadoop-ozone/integration-test/target/test-dir/MiniOzoneClusterImpl-d91fdf1f-9aec-46f4-8801-046e27073747/datanode-1/data/ratis/7a145caf-a86e-4547-abf6-dc0ddff93b42 close()
2019-09-18 16:17:15,394 [main] INFO  segmented.SegmentedRaftLogWorker (SegmentedRaftLogWorker.java:close(228)) - 555b68d4-2424-4ceb-b9ea-24caa74dd18d-SegmentedRaftLogWorker:Storage Directory /workdir/hadoop-ozone/integration-test/target/test-dir/MiniOzoneClusterImpl-d91fdf1f-9aec-46f4-8801-046e27073747/datanode-4/data/ratis/0f6b5feb-767a-41f7-9caf-eabd82dc7ab2 close()
2019-09-18 16:17:15,398 [ForkJoinPool.commonPool-worker-1] INFO  impl.RaftServerImpl (RaftServerImpl.java:lambda$shutdown$3(245)) - 13430010-64c6-461b-bbc0-84bbac937742: shutdown group-128A90FF93D9
2019-09-18 16:17:15,402 [main] INFO  impl.RaftServerImpl (RaftServerImpl.java:lambda$shutdown$3(245)) - 555b68d4-2424-4ceb-b9ea-24caa74dd18d: shutdown group-8963E2007A88
2019-09-18 16:17:15,402 [ForkJoinPool.commonPool-worker-1] INFO  util.JmxRegister (JmxRegister.java:unregister(73)) - Successfully un-registered JMX Bean with object name Ratis:service=RaftServer,group=group-128A90FF93D9,id=13430010-64c6-461b-bbc0-84bbac937742
2019-09-18 16:17:15,403 [main] INFO  util.JmxRegister (JmxRegister.java:unregister(73)) - Successfully un-registered JMX Bean with object name Ratis:service=RaftServer,group=group-8963E2007A88,id=555b68d4-2424-4ceb-b9ea-24caa74dd18d
2019-09-18 16:17:15,404 [main] INFO  impl.RoleInfo (RoleInfo.java:shutdownLeaderState(104)) - 555b68d4-2424-4ceb-b9ea-24caa74dd18d: shutdown LeaderState
2019-09-18 16:17:15,403 [ForkJoinPool.commonPool-worker-1] INFO  impl.RoleInfo (RoleInfo.java:shutdownLeaderState(104)) - 13430010-64c6-461b-bbc0-84bbac937742: shutdown LeaderState
2019-09-18 16:17:15,404 [main] INFO  impl.PendingRequests (PendingRequests.java:sendNotLeaderResponses(202)) - 555b68d4-2424-4ceb-b9ea-24caa74dd18d-PendingRequests: sendNotLeaderResponses
2019-09-18 16:17:15,404 [ForkJoinPool.commonPool-worker-1] INFO  impl.PendingRequests (PendingRequests.java:sendNotLeaderResponses(202)) - 13430010-64c6-461b-bbc0-84bbac937742-PendingRequests: sendNotLeaderResponses
2019-09-18 16:17:15,405 [main] INFO  impl.StateMachineUpdater (StateMachineUpdater.java:stopAndJoin(115)) - StateMachineUpdater:555b68d4-2424-4ceb-b9ea-24caa74dd18d:group-8963E2007A88: set stopIndex = 0
2019-09-18 16:17:15,405 [main] INFO  impl.RaftServerImpl (ServerState.java:close(394)) - 555b68d4-2424-4ceb-b9ea-24caa74dd18d:group-8963E2007A88 closes. The last applied log index is 0
2019-09-18 16:17:15,405 [ForkJoinPool.commonPool-worker-1] INFO  impl.StateMachineUpdater (StateMachineUpdater.java:stopAndJoin(115)) - StateMachineUpdater:13430010-64c6-461b-bbc0-84bbac937742:group-128A90FF93D9: set stopIndex = 0
2019-09-18 16:17:15,406 [555b68d4-2424-4ceb-b9ea-24caa74dd18d-SegmentedRaftLogWorker:Storage Directory /workdir/hadoop-ozone/integration-test/target/test-dir/MiniOzoneClusterImpl-d91fdf1f-9aec-46f4-8801-046e27073747/datanode-4/data/ratis/d2486939-b73a-4508-bc0f-8963e2007a88] INFO  segmented.SegmentedRaftLogWorker (SegmentedRaftLogWorker.java:run(313)) - 555b68d4-2424-4ceb-b9ea-24caa74dd18d-SegmentedRaftLogWorker:Storage Directory /workdir/hadoop-ozone/integration-test/target/test-dir/MiniOzoneClusterImpl-d91fdf1f-9aec-46f4-8801-046e27073747/datanode-4/data/ratis/d2486939-b73a-4508-bc0f-8963e2007a88 was interrupted, exiting. There are 0 tasks remaining in the queue.
2019-09-18 16:17:15,406 [ForkJoinPool.commonPool-worker-1] INFO  impl.RaftServerImpl (ServerState.java:close(394)) - 13430010-64c6-461b-bbc0-84bbac937742:group-128A90FF93D9 closes. The last applied log index is 0
2019-09-18 16:17:15,408 [main] INFO  segmented.SegmentedRaftLogWorker (SegmentedRaftLogWorker.java:close(228)) - 555b68d4-2424-4ceb-b9ea-24caa74dd18d-SegmentedRaftLogWorker:Storage Directory /workdir/hadoop-ozone/integration-test/target/test-dir/MiniOzoneClusterImpl-d91fdf1f-9aec-46f4-8801-046e27073747/datanode-4/data/ratis/d2486939-b73a-4508-bc0f-8963e2007a88 close()
2019-09-18 16:17:15,409 [13430010-64c6-461b-bbc0-84bbac937742-SegmentedRaftLogWorker:Storage Directory /workdir/hadoop-ozone/integration-test/target/test-dir/MiniOzoneClusterImpl-d91fdf1f-9aec-46f4-8801-046e27073747/datanode-1/data/ratis/e0a94244-fb14-40ce-973e-128a90ff93d9] INFO  segmented.SegmentedRaftLogWorker (SegmentedRaftLogWorker.java:run(313)) - 13430010-64c6-461b-bbc0-84bbac937742-SegmentedRaftLogWorker:Storage Directory /workdir/hadoop-ozone/integration-test/target/test-dir/MiniOzoneClusterImpl-d91fdf1f-9aec-46f4-8801-046e27073747/datanode-1/data/ratis/e0a94244-fb14-40ce-973e-128a90ff93d9 was interrupted, exiting. There are 0 tasks remaining in the queue.
2019-09-18 16:17:15,412 [main] INFO  server.GrpcService (GrpcService.java:closeImpl(155)) - 555b68d4-2424-4ceb-b9ea-24caa74dd18d: shutdown server with port 39269 now
2019-09-18 16:17:15,414 [ForkJoinPool.commonPool-worker-1] INFO  segmented.SegmentedRaftLogWorker (SegmentedRaftLogWorker.java:close(228)) - 13430010-64c6-461b-bbc0-84bbac937742-SegmentedRaftLogWorker:Storage Directory /workdir/hadoop-ozone/integration-test/target/test-dir/MiniOzoneClusterImpl-d91fdf1f-9aec-46f4-8801-046e27073747/datanode-1/data/ratis/e0a94244-fb14-40ce-973e-128a90ff93d9 close()
2019-09-18 16:17:15,422 [ForkJoinPool.commonPool-worker-1] INFO  server.GrpcService (GrpcService.java:closeImpl(155)) - 13430010-64c6-461b-bbc0-84bbac937742: shutdown server with port 32961 now
2019-09-18 16:17:15,422 [main] INFO  server.GrpcService (GrpcService.java:closeImpl(163)) - 555b68d4-2424-4ceb-b9ea-24caa74dd18d: shutdown server with port 39269 successfully
2019-09-18 16:17:15,425 [grpc-default-executor-8] WARN  server.GrpcLogAppender (LogUtils.java:warn(134)) - 17ef1155-4979-4874-bb40-cb4e4583a7bb->555b68d4-2424-4ceb-b9ea-24caa74dd18d: Failed appendEntries: org.apache.ratis.thirdparty.io.grpc.StatusRuntimeException: CANCELLED: HTTP/2 error code: CANCEL
Received Rst Stream
2019-09-18 16:17:15,425 [grpc-default-executor-6] WARN  server.GrpcServerProtocolService (LogUtils.java:warn(134)) - 555b68d4-2424-4ceb-b9ea-24caa74dd18d: appendEntries onError: org.apache.ratis.thirdparty.io.grpc.StatusRuntimeException: CANCELLED: cancelled before receiving half close
2019-09-18 16:17:15,428 [grpc-default-executor-8] INFO  impl.FollowerInfo (FollowerInfo.java:lambda$new$0(50)) - 17ef1155-4979-4874-bb40-cb4e4583a7bb->555b68d4-2424-4ceb-b9ea-24caa74dd18d: nextIndex: updateUnconditionally 9 -> 8
2019-09-18 16:17:15,428 [grpc-default-executor-0] WARN  server.GrpcLogAppender (LogUtils.java:warn(134)) - 9820d8fa-8bca-4820-8d69-8b9d38bc65eb->13430010-64c6-461b-bbc0-84bbac937742: Failed appendEntries: org.apache.ratis.thirdparty.io.grpc.StatusRuntimeException: CANCELLED: HTTP/2 error code: CANCEL
Received Rst Stream
2019-09-18 16:17:15,428 [ForkJoinPool.commonPool-worker-1] INFO  server.GrpcService (GrpcService.java:closeImpl(163)) - 13430010-64c6-461b-bbc0-84bbac937742: shutdown server with port 32961 successfully
2019-09-18 16:17:15,428 [grpc-default-executor-1] WARN  server.GrpcServerProtocolService (LogUtils.java:warn(134)) - 13430010-64c6-461b-bbc0-84bbac937742: appendEntries onError: org.apache.ratis.thirdparty.io.grpc.StatusRuntimeException: CANCELLED: cancelled before receiving half close
2019-09-18 16:17:15,429 [main] INFO  utils.BackgroundService (BackgroundService.java:shutdown(148)) - Shutting down service BlockDeletingService
2019-09-18 16:17:15,429 [grpc-default-executor-0] INFO  impl.FollowerInfo (FollowerInfo.java:lambda$new$0(50)) - 9820d8fa-8bca-4820-8d69-8b9d38bc65eb->13430010-64c6-461b-bbc0-84bbac937742: nextIndex: updateUnconditionally 7 -> 6
2019-09-18 16:17:15,434 [ForkJoinPool.commonPool-worker-1] INFO  utils.BackgroundService (BackgroundService.java:shutdown(148)) - Shutting down service BlockDeletingService
2019-09-18 16:17:15,434 [refreshUsed-/workdir/hadoop-ozone/integration-test/target/test-dir/MiniOzoneClusterImpl-d91fdf1f-9aec-46f4-8801-046e27073747/datanode-4/data/containers] WARN  fs.CachingGetSpaceUsed (CachingGetSpaceUsed.java:run(183)) - Thread Interrupted waiting to refresh disk information: sleep interrupted
2019-09-18 16:17:15,435 [refreshUsed-/workdir/hadoop-ozone/integration-test/target/test-dir/MiniOzoneClusterImpl-d91fdf1f-9aec-46f4-8801-046e27073747/datanode-1/data/containers] WARN  fs.CachingGetSpaceUsed (CachingGetSpaceUsed.java:run(183)) - Thread Interrupted waiting to refresh disk information: sleep interrupted
2019-09-18 16:17:15,457 [ForkJoinPool.commonPool-worker-1] INFO  statemachine.DatanodeStateMachine (DatanodeStateMachine.java:stopDaemon(401)) - Ozone container server stopped.
2019-09-18 16:17:15,463 [ForkJoinPool.commonPool-worker-1] INFO  handler.ContextHandler (ContextHandler.java:doStop(910)) - Stopped o.e.j.w.WebAppContext@59250335{/,null,UNAVAILABLE}{/hddsDatanode}
2019-09-18 16:17:15,464 [ForkJoinPool.commonPool-worker-1] INFO  server.AbstractConnector (AbstractConnector.java:doStop(318)) - Stopped ServerConnector@109fa8e2{HTTP/1.1,[http/1.1]}{0.0.0.0:0}
2019-09-18 16:17:15,466 [ForkJoinPool.commonPool-worker-1] INFO  handler.ContextHandler (ContextHandler.java:doStop(910)) - Stopped o.e.j.s.ServletContextHandler@562998d3{/static,jar:file:/home/user/.m2/repository/org/apache/hadoop/hadoop-hdds-container-service/0.5.0-SNAPSHOT/hadoop-hdds-container-service-0.5.0-SNAPSHOT.jar!/webapps/static,UNAVAILABLE}
2019-09-18 16:17:15,468 [ForkJoinPool.commonPool-worker-1] INFO  handler.ContextHandler (ContextHandler.java:doStop(910)) - Stopped o.e.j.s.ServletContextHandler@174bbe8e{/logs,file:///workdir/hadoop-ozone/integration-test/target/log,UNAVAILABLE}
2019-09-18 16:17:15,469 [ForkJoinPool.commonPool-worker-1] INFO  datanode.ObjectStoreHandler (ObjectStoreHandler.java:close(155)) - Closing ObjectStoreHandler.
2019-09-18 16:17:15,469 [ForkJoinPool.commonPool-worker-1] INFO  ozone.HddsDatanodeService (HddsDatanodeService.java:stop(451)) - Stopped plug-in org.apache.hadoop.ozone.web.OzoneHddsDatanodeService@29d409e5
2019-09-18 16:17:15,475 [main] INFO  statemachine.DatanodeStateMachine (DatanodeStateMachine.java:stopDaemon(401)) - Ozone container server stopped.
2019-09-18 16:17:15,476 [main] INFO  handler.ContextHandler (ContextHandler.java:doStop(910)) - Stopped o.e.j.w.WebAppContext@6fc53b18{/,null,UNAVAILABLE}{/hddsDatanode}
2019-09-18 16:17:15,477 [main] INFO  server.AbstractConnector (AbstractConnector.java:doStop(318)) - Stopped ServerConnector@1cac6a4f{HTTP/1.1,[http/1.1]}{0.0.0.0:0}
2019-09-18 16:17:15,477 [main] INFO  handler.ContextHandler (ContextHandler.java:doStop(910)) - Stopped o.e.j.s.ServletContextHandler@51a07eac{/static,jar:file:/home/user/.m2/repository/org/apache/hadoop/hadoop-hdds-container-service/0.5.0-SNAPSHOT/hadoop-hdds-container-service-0.5.0-SNAPSHOT.jar!/webapps/static,UNAVAILABLE}
2019-09-18 16:17:15,478 [main] INFO  handler.ContextHandler (ContextHandler.java:doStop(910)) - Stopped o.e.j.s.ServletContextHandler@6d3e720e{/logs,file:///workdir/hadoop-ozone/integration-test/target/log,UNAVAILABLE}
2019-09-18 16:17:15,479 [main] INFO  datanode.ObjectStoreHandler (ObjectStoreHandler.java:close(155)) - Closing ObjectStoreHandler.
2019-09-18 16:17:15,479 [main] INFO  ozone.HddsDatanodeService (HddsDatanodeService.java:stop(451)) - Stopped plug-in org.apache.hadoop.ozone.web.OzoneHddsDatanodeService@12a16e42
2019-09-18 16:17:15,741 [Datanode State Machine Thread - 0] INFO  statemachine.DatanodeStateMachine (DatanodeStateMachine.java:lambda$startDaemon$0(356)) - Ozone container server started.
2019-09-18 16:17:15,743 | INFO  | SCMAudit | user=jenkins1000 | ip=192.168.5.185 | op=SEND_HEARTBEAT {datanodeUUID=2423363d-8469-460a-b110-ac84e5495342, command=[commandType: closeContainerCommand closeContainerCommandProto { containerID: 1 pipelineID { id: "0f6b5feb-767a-41f7-9caf-eabd82dc7ab2" } cmdId: 1 force: false } ]} | ret=SUCCESS |  
2019-09-18 16:17:16,160 | INFO  | SCMAudit | user=jenkins1000 | ip=192.168.5.185 | op=SEND_HEARTBEAT {datanodeUUID=9820d8fa-8bca-4820-8d69-8b9d38bc65eb, command=[commandType: closeContainerCommand closeContainerCommandProto { containerID: 2 pipelineID { id: "7a145caf-a86e-4547-abf6-dc0ddff93b42" } cmdId: 2 force: false } ]} | ret=SUCCESS |  
2019-09-18 16:17:16,161 [Datanode State Machine Thread - 0] INFO  statemachine.DatanodeStateMachine (DatanodeStateMachine.java:lambda$startDaemon$0(356)) - Ozone container server started.
2019-09-18 16:17:16,308 | INFO  | SCMAudit | user=jenkins1000 | ip=192.168.5.185 | op=SEND_HEARTBEAT {datanodeUUID=9f06f9a1-0ee8-4e87-9cd3-431ea6fb3977, command=[]} | ret=SUCCESS |  
2019-09-18 16:17:16,742 | INFO  | SCMAudit | user=jenkins1000 | ip=192.168.5.185 | op=SEND_HEARTBEAT {datanodeUUID=2423363d-8469-460a-b110-ac84e5495342, command=[]} | ret=SUCCESS |  
2019-09-18 16:17:16,780 | INFO  | SCMAudit | user=jenkins1000 | ip=192.168.5.185 | op=SEND_HEARTBEAT {datanodeUUID=2423363d-8469-460a-b110-ac84e5495342, command=[]} | ret=SUCCESS |  
2019-09-18 16:17:17,160 | INFO  | SCMAudit | user=jenkins1000 | ip=192.168.5.185 | op=SEND_HEARTBEAT {datanodeUUID=9820d8fa-8bca-4820-8d69-8b9d38bc65eb, command=[]} | ret=SUCCESS |  
2019-09-18 16:17:17,308 | INFO  | SCMAudit | user=jenkins1000 | ip=192.168.5.185 | op=SEND_HEARTBEAT {datanodeUUID=9f06f9a1-0ee8-4e87-9cd3-431ea6fb3977, command=[]} | ret=SUCCESS |  
2019-09-18 16:17:17,738 [grpc-default-executor-1] WARN  server.GrpcLogAppender (LogUtils.java:warn(134)) - 9820d8fa-8bca-4820-8d69-8b9d38bc65eb->13430010-64c6-461b-bbc0-84bbac937742: Failed appendEntries: org.apache.ratis.thirdparty.io.grpc.StatusRuntimeException: UNAVAILABLE: io exception
2019-09-18 16:17:17,739 [grpc-default-executor-1] INFO  impl.FollowerInfo (FollowerInfo.java:lambda$new$0(50)) - 9820d8fa-8bca-4820-8d69-8b9d38bc65eb->13430010-64c6-461b-bbc0-84bbac937742: nextIndex: updateUnconditionally 6 -> 5
2019-09-18 16:17:17,781 | INFO  | SCMAudit | user=jenkins1000 | ip=192.168.5.185 | op=SEND_HEARTBEAT {datanodeUUID=2423363d-8469-460a-b110-ac84e5495342, command=[]} | ret=SUCCESS |  
2019-09-18 16:17:17,813 [grpc-default-executor-1] WARN  server.GrpcLogAppender (LogUtils.java:warn(134)) - 17ef1155-4979-4874-bb40-cb4e4583a7bb->555b68d4-2424-4ceb-b9ea-24caa74dd18d: Failed appendEntries: org.apache.ratis.thirdparty.io.grpc.StatusRuntimeException: UNAVAILABLE: io exception
2019-09-18 16:17:17,813 [grpc-default-executor-1] INFO  impl.FollowerInfo (FollowerInfo.java:lambda$new$0(50)) - 17ef1155-4979-4874-bb40-cb4e4583a7bb->555b68d4-2424-4ceb-b9ea-24caa74dd18d: nextIndex: updateUnconditionally 8 -> 7
2019-09-18 16:17:18,160 | INFO  | SCMAudit | user=jenkins1000 | ip=192.168.5.185 | op=SEND_HEARTBEAT {datanodeUUID=9820d8fa-8bca-4820-8d69-8b9d38bc65eb, command=[]} | ret=SUCCESS |  
2019-09-18 16:17:18,185 | INFO  | SCMAudit | user=jenkins1000 | ip=192.168.5.185 | op=SEND_HEARTBEAT {datanodeUUID=9820d8fa-8bca-4820-8d69-8b9d38bc65eb, command=[]} | ret=SUCCESS |  
2019-09-18 16:17:18,187 [grpc-default-executor-0] WARN  server.GrpcLogAppender (LogUtils.java:warn(134)) - 9820d8fa-8bca-4820-8d69-8b9d38bc65eb->13430010-64c6-461b-bbc0-84bbac937742: Failed appendEntries: org.apache.ratis.thirdparty.io.grpc.StatusRuntimeException: UNAVAILABLE: io exception
2019-09-18 16:17:18,187 [grpc-default-executor-0] INFO  impl.FollowerInfo (FollowerInfo.java:lambda$new$0(50)) - 9820d8fa-8bca-4820-8d69-8b9d38bc65eb->13430010-64c6-461b-bbc0-84bbac937742: nextIndex: updateUnconditionally 6 -> 5
2019-09-18 16:17:18,200 [grpc-default-executor-1] WARN  server.GrpcLogAppender (LogUtils.java:warn(134)) - 9820d8fa-8bca-4820-8d69-8b9d38bc65eb->13430010-64c6-461b-bbc0-84bbac937742: Failed appendEntries: org.apache.ratis.thirdparty.io.grpc.StatusRuntimeException: UNAVAILABLE: io exception
2019-09-18 16:17:18,200 [grpc-default-executor-1] INFO  impl.FollowerInfo (FollowerInfo.java:lambda$new$0(50)) - 9820d8fa-8bca-4820-8d69-8b9d38bc65eb->13430010-64c6-461b-bbc0-84bbac937742: nextIndex: updateUnconditionally 6 -> 5
2019-09-18 16:17:18,212 [grpc-default-executor-0] WARN  server.GrpcLogAppender (LogUtils.java:warn(134)) - 9820d8fa-8bca-4820-8d69-8b9d38bc65eb->13430010-64c6-461b-bbc0-84bbac937742: Failed appendEntries: org.apache.ratis.thirdparty.io.grpc.StatusRuntimeException: UNAVAILABLE: io exception
2019-09-18 16:17:18,212 [grpc-default-executor-0] INFO  impl.FollowerInfo (FollowerInfo.java:lambda$new$0(50)) - 9820d8fa-8bca-4820-8d69-8b9d38bc65eb->13430010-64c6-461b-bbc0-84bbac937742: nextIndex: updateUnconditionally 6 -> 5
2019-09-18 16:17:18,234 [RatisApplyTransactionExecutor 2] INFO  interfaces.Container (KeyValueContainer.java:flushAndSyncDB(382)) - Container 2 is synced with bcsId 4.
2019-09-18 16:17:18,234 [RatisApplyTransactionExecutor 2] INFO  interfaces.Container (KeyValueContainer.java:flushAndSyncDB(382)) - Container 2 is synced with bcsId 4.
2019-09-18 16:17:18,249 [RatisApplyTransactionExecutor 2] INFO  interfaces.Container (KeyValueContainer.java:flushAndSyncDB(382)) - Container 2 is synced with bcsId 4.
2019-09-18 16:17:18,249 [RatisApplyTransactionExecutor 2] INFO  interfaces.Container (KeyValueContainer.java:flushAndSyncDB(382)) - Container 2 is synced with bcsId 4.
2019-09-18 16:17:18,249 | INFO  | DNAudit | user=null | ip=null | op=CLOSE_CONTAINER {containerID=2} | ret=SUCCESS |  
2019-09-18 16:17:18,250 | INFO  | SCMAudit | user=jenkins1000 | ip=192.168.5.185 | op=SEND_HEARTBEAT {datanodeUUID=9820d8fa-8bca-4820-8d69-8b9d38bc65eb, command=[]} | ret=SUCCESS |  
2019-09-18 16:17:18,250 [EventQueue-IncrementalContainerReportForIncrementalContainerReportHandler] INFO  container.IncrementalContainerReportHandler (AbstractContainerReportHandler.java:updateContainerState(176)) - Moving container #2 to CLOSED state, datanode 9820d8fa-8bca-4820-8d69-8b9d38bc65eb{ip: 192.168.5.185, host: pr-hdds-2034-lb7qt-2171347232, networkLocation: /default-rack, certSerialId: null} reported CLOSED replica.
2019-09-18 16:17:18,275 | INFO  | DNAudit | user=null | ip=null | op=CLOSE_CONTAINER {containerID=2} | ret=SUCCESS |  
2019-09-18 16:17:18,308 | INFO  | SCMAudit | user=jenkins1000 | ip=192.168.5.185 | op=SEND_HEARTBEAT {datanodeUUID=9f06f9a1-0ee8-4e87-9cd3-431ea6fb3977, command=[]} | ret=SUCCESS |  
2019-09-18 16:17:18,781 | INFO  | SCMAudit | user=jenkins1000 | ip=192.168.5.185 | op=SEND_HEARTBEAT {datanodeUUID=2423363d-8469-460a-b110-ac84e5495342, command=[]} | ret=SUCCESS |  
2019-09-18 16:17:19,250 | INFO  | SCMAudit | user=jenkins1000 | ip=192.168.5.185 | op=SEND_HEARTBEAT {datanodeUUID=9820d8fa-8bca-4820-8d69-8b9d38bc65eb, command=[]} | ret=SUCCESS |  
2019-09-18 16:17:19,308 | INFO  | SCMAudit | user=jenkins1000 | ip=192.168.5.185 | op=SEND_HEARTBEAT {datanodeUUID=9f06f9a1-0ee8-4e87-9cd3-431ea6fb3977, command=[]} | ret=SUCCESS |  
2019-09-18 16:17:19,781 | INFO  | SCMAudit | user=jenkins1000 | ip=192.168.5.185 | op=SEND_HEARTBEAT {datanodeUUID=2423363d-8469-460a-b110-ac84e5495342, command=[]} | ret=SUCCESS |  
2019-09-18 16:17:19,816 [EventQueue-StaleNodeForStaleNodeHandler] INFO  node.StaleNodeHandler (StaleNodeHandler.java:onMessage(58)) - Datanode 17ef1155-4979-4874-bb40-cb4e4583a7bb{ip: 192.168.5.185, host: pr-hdds-2034-lb7qt-2171347232, networkLocation: /default-rack, certSerialId: null} moved to stale state. Finalizing its pipelines [PipelineID=54e34dc3-7651-490e-9831-87c2aada54c6, PipelineID=0f6b5feb-767a-41f7-9caf-eabd82dc7ab2]
2019-09-18 16:17:19,816 [EventQueue-StaleNodeForStaleNodeHandler] INFO  pipeline.SCMPipelineManager (SCMPipelineManager.java:finalizeAndDestroyPipeline(336)) - destroying pipeline:Pipeline[ Id: 54e34dc3-7651-490e-9831-87c2aada54c6, Nodes: 17ef1155-4979-4874-bb40-cb4e4583a7bb{ip: 192.168.5.185, host: pr-hdds-2034-lb7qt-2171347232, networkLocation: /default-rack, certSerialId: null}, Type:RATIS, Factor:ONE, State:OPEN]
2019-09-18 16:17:19,817 [EventQueue-StaleNodeForStaleNodeHandler] INFO  pipeline.PipelineStateManager (PipelineStateManager.java:finalizePipeline(123)) - Pipeline Pipeline[ Id: 54e34dc3-7651-490e-9831-87c2aada54c6, Nodes: 17ef1155-4979-4874-bb40-cb4e4583a7bb{ip: 192.168.5.185, host: pr-hdds-2034-lb7qt-2171347232, networkLocation: /default-rack, certSerialId: null}, Type:RATIS, Factor:ONE, State:CLOSED] moved to CLOSED state
2019-09-18 16:17:19,817 [EventQueue-StaleNodeForStaleNodeHandler] INFO  pipeline.SCMPipelineManager (SCMPipelineManager.java:finalizeAndDestroyPipeline(336)) - destroying pipeline:Pipeline[ Id: 0f6b5feb-767a-41f7-9caf-eabd82dc7ab2, Nodes: 555b68d4-2424-4ceb-b9ea-24caa74dd18d{ip: 192.168.5.185, host: pr-hdds-2034-lb7qt-2171347232, networkLocation: /default-rack, certSerialId: null}17ef1155-4979-4874-bb40-cb4e4583a7bb{ip: 192.168.5.185, host: pr-hdds-2034-lb7qt-2171347232, networkLocation: /default-rack, certSerialId: null}2423363d-8469-460a-b110-ac84e5495342{ip: 192.168.5.185, host: pr-hdds-2034-lb7qt-2171347232, networkLocation: /default-rack, certSerialId: null}, Type:RATIS, Factor:THREE, State:CLOSED]
2019-09-18 16:17:20,217 [EventQueue-StaleNodeForStaleNodeHandler] INFO  node.StaleNodeHandler (StaleNodeHandler.java:onMessage(58)) - Datanode 119461de-c1ab-40a1-84fe-2d3922567ba1{ip: 192.168.5.185, host: pr-hdds-2034-lb7qt-2171347232, networkLocation: /default-rack, certSerialId: null} moved to stale state. Finalizing its pipelines [PipelineID=7a145caf-a86e-4547-abf6-dc0ddff93b42, PipelineID=31c93ad6-74e4-40e6-b958-653301536840]
2019-09-18 16:17:20,217 [EventQueue-StaleNodeForStaleNodeHandler] INFO  pipeline.SCMPipelineManager (SCMPipelineManager.java:finalizeAndDestroyPipeline(336)) - destroying pipeline:Pipeline[ Id: 7a145caf-a86e-4547-abf6-dc0ddff93b42, Nodes: 119461de-c1ab-40a1-84fe-2d3922567ba1{ip: 192.168.5.185, host: pr-hdds-2034-lb7qt-2171347232, networkLocation: /default-rack, certSerialId: null}9820d8fa-8bca-4820-8d69-8b9d38bc65eb{ip: 192.168.5.185, host: pr-hdds-2034-lb7qt-2171347232, networkLocation: /default-rack, certSerialId: null}13430010-64c6-461b-bbc0-84bbac937742{ip: 192.168.5.185, host: pr-hdds-2034-lb7qt-2171347232, networkLocation: /default-rack, certSerialId: null}, Type:RATIS, Factor:THREE, State:CLOSED]
2019-09-18 16:17:20,217 [EventQueue-StaleNodeForStaleNodeHandler] INFO  pipeline.SCMPipelineManager (SCMPipelineManager.java:finalizeAndDestroyPipeline(336)) - destroying pipeline:Pipeline[ Id: 31c93ad6-74e4-40e6-b958-653301536840, Nodes: 119461de-c1ab-40a1-84fe-2d3922567ba1{ip: 192.168.5.185, host: pr-hdds-2034-lb7qt-2171347232, networkLocation: /default-rack, certSerialId: null}, Type:RATIS, Factor:ONE, State:OPEN]
2019-09-18 16:17:20,218 [EventQueue-StaleNodeForStaleNodeHandler] INFO  pipeline.PipelineStateManager (PipelineStateManager.java:finalizePipeline(123)) - Pipeline Pipeline[ Id: 31c93ad6-74e4-40e6-b958-653301536840, Nodes: 119461de-c1ab-40a1-84fe-2d3922567ba1{ip: 192.168.5.185, host: pr-hdds-2034-lb7qt-2171347232, networkLocation: /default-rack, certSerialId: null}, Type:RATIS, Factor:ONE, State:CLOSED] moved to CLOSED state
2019-09-18 16:17:20,250 | INFO  | SCMAudit | user=jenkins1000 | ip=192.168.5.185 | op=SEND_HEARTBEAT {datanodeUUID=9820d8fa-8bca-4820-8d69-8b9d38bc65eb, command=[]} | ret=SUCCESS |  
2019-09-18 16:17:20,308 | INFO  | SCMAudit | user=jenkins1000 | ip=192.168.5.185 | op=SEND_HEARTBEAT {datanodeUUID=9f06f9a1-0ee8-4e87-9cd3-431ea6fb3977, command=[]} | ret=SUCCESS |  
2019-09-18 16:17:20,313 [grpc-default-executor-8] WARN  server.GrpcLogAppender (LogUtils.java:warn(134)) - 17ef1155-4979-4874-bb40-cb4e4583a7bb->555b68d4-2424-4ceb-b9ea-24caa74dd18d: Failed appendEntries: org.apache.ratis.thirdparty.io.grpc.StatusRuntimeException: UNAVAILABLE: io exception
2019-09-18 16:17:20,314 [grpc-default-executor-8] INFO  impl.FollowerInfo (FollowerInfo.java:lambda$new$0(50)) - 17ef1155-4979-4874-bb40-cb4e4583a7bb->555b68d4-2424-4ceb-b9ea-24caa74dd18d: nextIndex: updateUnconditionally 7 -> 6
2019-09-18 16:17:20,470 [ForkJoinPool.commonPool-worker-1] INFO  ozoneimpl.OzoneContainer (OzoneContainer.java:stop(199)) - Attempting to stop container services.
2019-09-18 16:17:20,470 [ForkJoinPool.commonPool-worker-1] INFO  impl.RaftServerProxy (RaftServerProxy.java:lambda$close$4(314)) - 119461de-c1ab-40a1-84fe-2d3922567ba1: close
2019-09-18 16:17:20,471 [ForkJoinPool.commonPool-worker-1] INFO  impl.RaftServerImpl (RaftServerImpl.java:lambda$shutdown$3(245)) - 119461de-c1ab-40a1-84fe-2d3922567ba1: shutdown group-DC0DDFF93B42
2019-09-18 16:17:20,471 [ForkJoinPool.commonPool-worker-1] INFO  util.JmxRegister (JmxRegister.java:unregister(73)) - Successfully un-registered JMX Bean with object name Ratis:service=RaftServer,group=group-DC0DDFF93B42,id=119461de-c1ab-40a1-84fe-2d3922567ba1
2019-09-18 16:17:20,471 [ForkJoinPool.commonPool-worker-1] INFO  impl.RoleInfo (RoleInfo.java:shutdownFollowerState(121)) - 119461de-c1ab-40a1-84fe-2d3922567ba1: shutdown FollowerState
2019-09-18 16:17:20,472 [ForkJoinPool.commonPool-worker-1] INFO  impl.StateMachineUpdater (StateMachineUpdater.java:stopAndJoin(115)) - StateMachineUpdater:119461de-c1ab-40a1-84fe-2d3922567ba1:group-DC0DDFF93B42: set stopIndex = 7
2019-09-18 16:17:20,472 [StateMachineUpdater:119461de-c1ab-40a1-84fe-2d3922567ba1:group-DC0DDFF93B42] INFO  ratis.ContainerStateMachine (ContainerStateMachine.java:takeSnapshot(283)) - group-DC0DDFF93B42: Taking a snapshot at:(t:1, i:7) file /workdir/hadoop-ozone/integration-test/target/test-dir/MiniOzoneClusterImpl-d91fdf1f-9aec-46f4-8801-046e27073747/datanode-2/data/ratis/7a145caf-a86e-4547-abf6-dc0ddff93b42/sm/snapshot.1_7
2019-09-18 16:17:20,472 [Thread-4940] INFO  impl.FollowerState (FollowerState.java:run(114)) - 119461de-c1ab-40a1-84fe-2d3922567ba1: FollowerState was interrupted: java.lang.InterruptedException: sleep interrupted
2019-09-18 16:17:20,480 [main] INFO  ozoneimpl.OzoneContainer (OzoneContainer.java:stop(199)) - Attempting to stop container services.
2019-09-18 16:17:20,480 [main] INFO  impl.RaftServerProxy (RaftServerProxy.java:lambda$close$4(314)) - 17ef1155-4979-4874-bb40-cb4e4583a7bb: close
2019-09-18 16:17:20,480 [main] INFO  impl.RaftServerImpl (RaftServerImpl.java:lambda$shutdown$3(245)) - 17ef1155-4979-4874-bb40-cb4e4583a7bb: shutdown group-87C2AADA54C6
2019-09-18 16:17:20,481 [main] INFO  util.JmxRegister (JmxRegister.java:unregister(73)) - Successfully un-registered JMX Bean with object name Ratis:service=RaftServer,group=group-87C2AADA54C6,id=17ef1155-4979-4874-bb40-cb4e4583a7bb
2019-09-18 16:17:20,481 [main] INFO  impl.RoleInfo (RoleInfo.java:shutdownLeaderState(104)) - 17ef1155-4979-4874-bb40-cb4e4583a7bb: shutdown LeaderState
2019-09-18 16:17:20,481 [main] INFO  impl.PendingRequests (PendingRequests.java:sendNotLeaderResponses(202)) - 17ef1155-4979-4874-bb40-cb4e4583a7bb-PendingRequests: sendNotLeaderResponses
2019-09-18 16:17:20,481 [main] INFO  impl.StateMachineUpdater (StateMachineUpdater.java:stopAndJoin(115)) - StateMachineUpdater:17ef1155-4979-4874-bb40-cb4e4583a7bb:group-87C2AADA54C6: set stopIndex = 0
2019-09-18 16:17:20,482 [main] INFO  impl.RaftServerImpl (ServerState.java:close(394)) - 17ef1155-4979-4874-bb40-cb4e4583a7bb:group-87C2AADA54C6 closes. The last applied log index is 0
2019-09-18 16:17:20,483 [17ef1155-4979-4874-bb40-cb4e4583a7bb-SegmentedRaftLogWorker:Storage Directory /workdir/hadoop-ozone/integration-test/target/test-dir/MiniOzoneClusterImpl-d91fdf1f-9aec-46f4-8801-046e27073747/datanode-3/data/ratis/54e34dc3-7651-490e-9831-87c2aada54c6] INFO  segmented.SegmentedRaftLogWorker (SegmentedRaftLogWorker.java:run(313)) - 17ef1155-4979-4874-bb40-cb4e4583a7bb-SegmentedRaftLogWorker:Storage Directory /workdir/hadoop-ozone/integration-test/target/test-dir/MiniOzoneClusterImpl-d91fdf1f-9aec-46f4-8801-046e27073747/datanode-3/data/ratis/54e34dc3-7651-490e-9831-87c2aada54c6 was interrupted, exiting. There are 0 tasks remaining in the queue.
2019-09-18 16:17:20,495 [main] INFO  segmented.SegmentedRaftLogWorker (SegmentedRaftLogWorker.java:close(228)) - 17ef1155-4979-4874-bb40-cb4e4583a7bb-SegmentedRaftLogWorker:Storage Directory /workdir/hadoop-ozone/integration-test/target/test-dir/MiniOzoneClusterImpl-d91fdf1f-9aec-46f4-8801-046e27073747/datanode-3/data/ratis/54e34dc3-7651-490e-9831-87c2aada54c6 close()
2019-09-18 16:17:20,495 [StateMachineUpdater:119461de-c1ab-40a1-84fe-2d3922567ba1:group-DC0DDFF93B42] INFO  ratis.ContainerStateMachine (ContainerStateMachine.java:takeSnapshot(294)) - group-DC0DDFF93B42: Finished taking a snapshot at:(t:1, i:7) file:/workdir/hadoop-ozone/integration-test/target/test-dir/MiniOzoneClusterImpl-d91fdf1f-9aec-46f4-8801-046e27073747/datanode-2/data/ratis/7a145caf-a86e-4547-abf6-dc0ddff93b42/sm/snapshot.1_7 time:24
2019-09-18 16:17:20,499 [main] INFO  impl.RaftServerImpl (RaftServerImpl.java:lambda$shutdown$3(245)) - 17ef1155-4979-4874-bb40-cb4e4583a7bb: shutdown group-EABD82DC7AB2
2019-09-18 16:17:20,499 [StateMachineUpdater:119461de-c1ab-40a1-84fe-2d3922567ba1:group-DC0DDFF93B42] INFO  impl.StateMachineUpdater (StateMachineUpdater.java:takeSnapshot(242)) - StateMachineUpdater:119461de-c1ab-40a1-84fe-2d3922567ba1:group-DC0DDFF93B42: Took a snapshot at index 7
2019-09-18 16:17:20,500 [main] INFO  util.JmxRegister (JmxRegister.java:unregister(73)) - Successfully un-registered JMX Bean with object name Ratis:service=RaftServer,group=group-EABD82DC7AB2,id=17ef1155-4979-4874-bb40-cb4e4583a7bb
2019-09-18 16:17:20,500 [StateMachineUpdater:119461de-c1ab-40a1-84fe-2d3922567ba1:group-DC0DDFF93B42] INFO  impl.StateMachineUpdater (StateMachineUpdater.java:lambda$new$0(80)) - StateMachineUpdater:119461de-c1ab-40a1-84fe-2d3922567ba1:group-DC0DDFF93B42: snapshotIndex: updateIncreasingly -1 -> 7
2019-09-18 16:17:20,500 [main] INFO  impl.RoleInfo (RoleInfo.java:shutdownLeaderState(104)) - 17ef1155-4979-4874-bb40-cb4e4583a7bb: shutdown LeaderState
2019-09-18 16:17:20,501 [ForkJoinPool.commonPool-worker-1] INFO  impl.RaftServerImpl (ServerState.java:close(394)) - 119461de-c1ab-40a1-84fe-2d3922567ba1:group-DC0DDFF93B42 closes. The last applied log index is 7
2019-09-18 16:17:20,505 [org.apache.ratis.server.impl.LogAppender$AppenderDaemon$$Lambda$859/126961403@30e2f793] WARN  server.GrpcLogAppender (GrpcLogAppender.java:mayWait(143)) - GrpcLogAppender(17ef1155-4979-4874-bb40-cb4e4583a7bb->555b68d4-2424-4ceb-b9ea-24caa74dd18d): Wait interrupted by java.lang.InterruptedException
2019-09-18 16:17:20,505 [119461de-c1ab-40a1-84fe-2d3922567ba1-SegmentedRaftLogWorker:Storage Directory /workdir/hadoop-ozone/integration-test/target/test-dir/MiniOzoneClusterImpl-d91fdf1f-9aec-46f4-8801-046e27073747/datanode-2/data/ratis/7a145caf-a86e-4547-abf6-dc0ddff93b42] INFO  segmented.SegmentedRaftLogWorker (SegmentedRaftLogWorker.java:run(313)) - 119461de-c1ab-40a1-84fe-2d3922567ba1-SegmentedRaftLogWorker:Storage Directory /workdir/hadoop-ozone/integration-test/target/test-dir/MiniOzoneClusterImpl-d91fdf1f-9aec-46f4-8801-046e27073747/datanode-2/data/ratis/7a145caf-a86e-4547-abf6-dc0ddff93b42 was interrupted, exiting. There are 0 tasks remaining in the queue.
2019-09-18 16:17:20,505 [org.apache.ratis.server.impl.LogAppender$AppenderDaemon$$Lambda$859/126961403@75e07feb] WARN  server.GrpcLogAppender (GrpcLogAppender.java:mayWait(143)) - GrpcLogAppender(17ef1155-4979-4874-bb40-cb4e4583a7bb->2423363d-8469-460a-b110-ac84e5495342): Wait interrupted by java.lang.InterruptedException
2019-09-18 16:17:20,505 [main] INFO  impl.PendingRequests (PendingRequests.java:sendNotLeaderResponses(202)) - 17ef1155-4979-4874-bb40-cb4e4583a7bb-PendingRequests: sendNotLeaderResponses
2019-09-18 16:17:20,507 [grpc-default-executor-8] INFO  server.GrpcServerProtocolService (GrpcServerProtocolService.java:onCompleted(104)) - 2423363d-8469-460a-b110-ac84e5495342: appendEntries completed
2019-09-18 16:17:20,507 [ForkJoinPool.commonPool-worker-1] INFO  segmented.SegmentedRaftLogWorker (SegmentedRaftLogWorker.java:close(228)) - 119461de-c1ab-40a1-84fe-2d3922567ba1-SegmentedRaftLogWorker:Storage Directory /workdir/hadoop-ozone/integration-test/target/test-dir/MiniOzoneClusterImpl-d91fdf1f-9aec-46f4-8801-046e27073747/datanode-2/data/ratis/7a145caf-a86e-4547-abf6-dc0ddff93b42 close()
2019-09-18 16:17:20,512 [StateMachineUpdater:17ef1155-4979-4874-bb40-cb4e4583a7bb:group-EABD82DC7AB2] INFO  ratis.ContainerStateMachine (ContainerStateMachine.java:takeSnapshot(283)) - group-EABD82DC7AB2: Taking a snapshot at:(t:5, i:8) file /workdir/hadoop-ozone/integration-test/target/test-dir/MiniOzoneClusterImpl-d91fdf1f-9aec-46f4-8801-046e27073747/datanode-3/data/ratis/0f6b5feb-767a-41f7-9caf-eabd82dc7ab2/sm/snapshot.5_8
2019-09-18 16:17:20,512 [main] INFO  impl.StateMachineUpdater (StateMachineUpdater.java:stopAndJoin(115)) - StateMachineUpdater:17ef1155-4979-4874-bb40-cb4e4583a7bb:group-EABD82DC7AB2: set stopIndex = 8
2019-09-18 16:17:20,517 [ForkJoinPool.commonPool-worker-1] INFO  impl.RaftServerImpl (RaftServerImpl.java:lambda$shutdown$3(245)) - 119461de-c1ab-40a1-84fe-2d3922567ba1: shutdown group-653301536840
2019-09-18 16:17:20,513 [grpc-default-executor-8] INFO  server.GrpcLogAppender (GrpcLogAppender.java:onCompleted(292)) - 17ef1155-4979-4874-bb40-cb4e4583a7bb->2423363d-8469-460a-b110-ac84e5495342: follower responses appendEntries COMPLETED
2019-09-18 16:17:20,518 [ForkJoinPool.commonPool-worker-1] INFO  util.JmxRegister (JmxRegister.java:unregister(73)) - Successfully un-registered JMX Bean with object name Ratis:service=RaftServer,group=group-653301536840,id=119461de-c1ab-40a1-84fe-2d3922567ba1
2019-09-18 16:17:20,519 [grpc-default-executor-8] INFO  impl.FollowerInfo (FollowerInfo.java:lambda$new$0(50)) - 17ef1155-4979-4874-bb40-cb4e4583a7bb->2423363d-8469-460a-b110-ac84e5495342: nextIndex: updateUnconditionally 9 -> 8
2019-09-18 16:17:20,519 [ForkJoinPool.commonPool-worker-1] INFO  impl.RoleInfo (RoleInfo.java:shutdownLeaderState(104)) - 119461de-c1ab-40a1-84fe-2d3922567ba1: shutdown LeaderState
2019-09-18 16:17:20,520 [ForkJoinPool.commonPool-worker-1] INFO  impl.PendingRequests (PendingRequests.java:sendNotLeaderResponses(202)) - 119461de-c1ab-40a1-84fe-2d3922567ba1-PendingRequests: sendNotLeaderResponses
2019-09-18 16:17:20,520 [ForkJoinPool.commonPool-worker-1] INFO  impl.StateMachineUpdater (StateMachineUpdater.java:stopAndJoin(115)) - StateMachineUpdater:119461de-c1ab-40a1-84fe-2d3922567ba1:group-653301536840: set stopIndex = 0
2019-09-18 16:17:20,520 [ForkJoinPool.commonPool-worker-1] INFO  impl.RaftServerImpl (ServerState.java:close(394)) - 119461de-c1ab-40a1-84fe-2d3922567ba1:group-653301536840 closes. The last applied log index is 0
2019-09-18 16:17:20,521 [119461de-c1ab-40a1-84fe-2d3922567ba1-SegmentedRaftLogWorker:Storage Directory /workdir/hadoop-ozone/integration-test/target/test-dir/MiniOzoneClusterImpl-d91fdf1f-9aec-46f4-8801-046e27073747/datanode-2/data/ratis/31c93ad6-74e4-40e6-b958-653301536840] INFO  segmented.SegmentedRaftLogWorker (SegmentedRaftLogWorker.java:run(313)) - 119461de-c1ab-40a1-84fe-2d3922567ba1-SegmentedRaftLogWorker:Storage Directory /workdir/hadoop-ozone/integration-test/target/test-dir/MiniOzoneClusterImpl-d91fdf1f-9aec-46f4-8801-046e27073747/datanode-2/data/ratis/31c93ad6-74e4-40e6-b958-653301536840 was interrupted, exiting. There are 0 tasks remaining in the queue.
2019-09-18 16:17:20,523 [ForkJoinPool.commonPool-worker-1] INFO  segmented.SegmentedRaftLogWorker (SegmentedRaftLogWorker.java:close(228)) - 119461de-c1ab-40a1-84fe-2d3922567ba1-SegmentedRaftLogWorker:Storage Directory /workdir/hadoop-ozone/integration-test/target/test-dir/MiniOzoneClusterImpl-d91fdf1f-9aec-46f4-8801-046e27073747/datanode-2/data/ratis/31c93ad6-74e4-40e6-b958-653301536840 close()
2019-09-18 16:17:20,532 [ForkJoinPool.commonPool-worker-1] INFO  server.GrpcService (GrpcService.java:closeImpl(155)) - 119461de-c1ab-40a1-84fe-2d3922567ba1: shutdown server with port 34290 now
2019-09-18 16:17:20,533 [grpc-default-executor-1] WARN  server.GrpcServerProtocolService (LogUtils.java:warn(134)) - 119461de-c1ab-40a1-84fe-2d3922567ba1: appendEntries onError: org.apache.ratis.thirdparty.io.grpc.StatusRuntimeException: CANCELLED: cancelled before receiving half close
2019-09-18 16:17:20,533 [ForkJoinPool.commonPool-worker-1] INFO  server.GrpcService (GrpcService.java:closeImpl(163)) - 119461de-c1ab-40a1-84fe-2d3922567ba1: shutdown server with port 34290 successfully
2019-09-18 16:17:20,536 [grpc-default-executor-0] WARN  server.GrpcLogAppender (LogUtils.java:warn(134)) - 9820d8fa-8bca-4820-8d69-8b9d38bc65eb->119461de-c1ab-40a1-84fe-2d3922567ba1: Failed appendEntries: org.apache.ratis.thirdparty.io.grpc.StatusRuntimeException: CANCELLED: HTTP/2 error code: CANCEL
Received Rst Stream
2019-09-18 16:17:20,536 [grpc-default-executor-0] INFO  impl.FollowerInfo (FollowerInfo.java:lambda$new$0(50)) - 9820d8fa-8bca-4820-8d69-8b9d38bc65eb->119461de-c1ab-40a1-84fe-2d3922567ba1: nextIndex: updateUnconditionally 9 -> 8
2019-09-18 16:17:20,536 [StateMachineUpdater:17ef1155-4979-4874-bb40-cb4e4583a7bb:group-EABD82DC7AB2] INFO  ratis.ContainerStateMachine (ContainerStateMachine.java:takeSnapshot(294)) - group-EABD82DC7AB2: Finished taking a snapshot at:(t:5, i:8) file:/workdir/hadoop-ozone/integration-test/target/test-dir/MiniOzoneClusterImpl-d91fdf1f-9aec-46f4-8801-046e27073747/datanode-3/data/ratis/0f6b5feb-767a-41f7-9caf-eabd82dc7ab2/sm/snapshot.5_8 time:25
2019-09-18 16:17:20,537 [StateMachineUpdater:17ef1155-4979-4874-bb40-cb4e4583a7bb:group-EABD82DC7AB2] INFO  impl.StateMachineUpdater (StateMachineUpdater.java:takeSnapshot(242)) - StateMachineUpdater:17ef1155-4979-4874-bb40-cb4e4583a7bb:group-EABD82DC7AB2: Took a snapshot at index 8
2019-09-18 16:17:20,537 [StateMachineUpdater:17ef1155-4979-4874-bb40-cb4e4583a7bb:group-EABD82DC7AB2] INFO  impl.StateMachineUpdater (StateMachineUpdater.java:lambda$new$0(80)) - StateMachineUpdater:17ef1155-4979-4874-bb40-cb4e4583a7bb:group-EABD82DC7AB2: snapshotIndex: updateIncreasingly -1 -> 8
2019-09-18 16:17:20,537 [main] INFO  impl.RaftServerImpl (ServerState.java:close(394)) - 17ef1155-4979-4874-bb40-cb4e4583a7bb:group-EABD82DC7AB2 closes. The last applied log index is 8
2019-09-18 16:17:20,538 [ForkJoinPool.commonPool-worker-1] INFO  utils.BackgroundService (BackgroundService.java:shutdown(148)) - Shutting down service BlockDeletingService
2019-09-18 16:17:20,538 [17ef1155-4979-4874-bb40-cb4e4583a7bb-SegmentedRaftLogWorker:Storage Directory /workdir/hadoop-ozone/integration-test/target/test-dir/MiniOzoneClusterImpl-d91fdf1f-9aec-46f4-8801-046e27073747/datanode-3/data/ratis/0f6b5feb-767a-41f7-9caf-eabd82dc7ab2] INFO  segmented.SegmentedRaftLogWorker (SegmentedRaftLogWorker.java:run(313)) - 17ef1155-4979-4874-bb40-cb4e4583a7bb-SegmentedRaftLogWorker:Storage Directory /workdir/hadoop-ozone/integration-test/target/test-dir/MiniOzoneClusterImpl-d91fdf1f-9aec-46f4-8801-046e27073747/datanode-3/data/ratis/0f6b5feb-767a-41f7-9caf-eabd82dc7ab2 was interrupted, exiting. There are 0 tasks remaining in the queue.
2019-09-18 16:17:20,542 [main] INFO  segmented.SegmentedRaftLogWorker (SegmentedRaftLogWorker.java:close(228)) - 17ef1155-4979-4874-bb40-cb4e4583a7bb-SegmentedRaftLogWorker:Storage Directory /workdir/hadoop-ozone/integration-test/target/test-dir/MiniOzoneClusterImpl-d91fdf1f-9aec-46f4-8801-046e27073747/datanode-3/data/ratis/0f6b5feb-767a-41f7-9caf-eabd82dc7ab2 close()
2019-09-18 16:17:20,544 [main] INFO  server.GrpcService (GrpcService.java:closeImpl(155)) - 17ef1155-4979-4874-bb40-cb4e4583a7bb: shutdown server with port 33020 now
2019-09-18 16:17:20,545 [refreshUsed-/workdir/hadoop-ozone/integration-test/target/test-dir/MiniOzoneClusterImpl-d91fdf1f-9aec-46f4-8801-046e27073747/datanode-2/data/containers] WARN  fs.CachingGetSpaceUsed (CachingGetSpaceUsed.java:run(183)) - Thread Interrupted waiting to refresh disk information: sleep interrupted
2019-09-18 16:17:20,545 [main] INFO  server.GrpcService (GrpcService.java:closeImpl(163)) - 17ef1155-4979-4874-bb40-cb4e4583a7bb: shutdown server with port 33020 successfully
2019-09-18 16:17:20,576 [grpc-default-executor-1] WARN  client.GrpcClientProtocolService (LogUtils.java:warn(134)) - 6-UnorderedRequestStreamObserver6: onError: org.apache.ratis.thirdparty.io.grpc.StatusRuntimeException: CANCELLED: cancelled before receiving half close
2019-09-18 16:17:20,581 [main] INFO  utils.BackgroundService (BackgroundService.java:shutdown(148)) - Shutting down service BlockDeletingService
2019-09-18 16:17:20,584 [refreshUsed-/workdir/hadoop-ozone/integration-test/target/test-dir/MiniOzoneClusterImpl-d91fdf1f-9aec-46f4-8801-046e27073747/datanode-3/data/containers] WARN  fs.CachingGetSpaceUsed (CachingGetSpaceUsed.java:run(183)) - Thread Interrupted waiting to refresh disk information: sleep interrupted
2019-09-18 16:17:20,606 [main] INFO  statemachine.DatanodeStateMachine (DatanodeStateMachine.java:stopDaemon(401)) - Ozone container server stopped.
2019-09-18 16:17:20,607 [main] INFO  handler.ContextHandler (ContextHandler.java:doStop(910)) - Stopped o.e.j.w.WebAppContext@304a2c8a{/,null,UNAVAILABLE}{/hddsDatanode}
2019-09-18 16:17:20,613 [ForkJoinPool.commonPool-worker-1] INFO  statemachine.DatanodeStateMachine (DatanodeStateMachine.java:stopDaemon(401)) - Ozone container server stopped.
2019-09-18 16:17:20,617 [main] INFO  server.AbstractConnector (AbstractConnector.java:doStop(318)) - Stopped ServerConnector@5d98f014{HTTP/1.1,[http/1.1]}{0.0.0.0:0}
2019-09-18 16:17:20,618 [main] INFO  handler.ContextHandler (ContextHandler.java:doStop(910)) - Stopped o.e.j.s.ServletContextHandler@3412a1dd{/static,jar:file:/home/user/.m2/repository/org/apache/hadoop/hadoop-hdds-container-service/0.5.0-SNAPSHOT/hadoop-hdds-container-service-0.5.0-SNAPSHOT.jar!/webapps/static,UNAVAILABLE}
2019-09-18 16:17:20,620 [ForkJoinPool.commonPool-worker-1] INFO  handler.ContextHandler (ContextHandler.java:doStop(910)) - Stopped o.e.j.w.WebAppContext@2b56774b{/,null,UNAVAILABLE}{/hddsDatanode}
2019-09-18 16:17:20,620 [main] INFO  handler.ContextHandler (ContextHandler.java:doStop(910)) - Stopped o.e.j.s.ServletContextHandler@63f38fb1{/logs,file:///workdir/hadoop-ozone/integration-test/target/log,UNAVAILABLE}
2019-09-18 16:17:20,621 [ForkJoinPool.commonPool-worker-1] INFO  server.AbstractConnector (AbstractConnector.java:doStop(318)) - Stopped ServerConnector@27b94ed9{HTTP/1.1,[http/1.1]}{0.0.0.0:0}
2019-09-18 16:17:20,623 [ForkJoinPool.commonPool-worker-1] INFO  handler.ContextHandler (ContextHandler.java:doStop(910)) - Stopped o.e.j.s.ServletContextHandler@4a1a9f57{/static,jar:file:/home/user/.m2/repository/org/apache/hadoop/hadoop-hdds-container-service/0.5.0-SNAPSHOT/hadoop-hdds-container-service-0.5.0-SNAPSHOT.jar!/webapps/static,UNAVAILABLE}
2019-09-18 16:17:20,624 [main] INFO  datanode.ObjectStoreHandler (ObjectStoreHandler.java:close(155)) - Closing ObjectStoreHandler.
2019-09-18 16:17:20,626 [ForkJoinPool.commonPool-worker-1] INFO  handler.ContextHandler (ContextHandler.java:doStop(910)) - Stopped o.e.j.s.ServletContextHandler@33cbd883{/logs,file:///workdir/hadoop-ozone/integration-test/target/log,UNAVAILABLE}
2019-09-18 16:17:20,626 [main] INFO  ozone.HddsDatanodeService (HddsDatanodeService.java:stop(451)) - Stopped plug-in org.apache.hadoop.ozone.web.OzoneHddsDatanodeService@47fbf070
2019-09-18 16:17:20,627 [ForkJoinPool.commonPool-worker-1] INFO  datanode.ObjectStoreHandler (ObjectStoreHandler.java:close(155)) - Closing ObjectStoreHandler.
2019-09-18 16:17:20,627 [ForkJoinPool.commonPool-worker-1] INFO  ozone.HddsDatanodeService (HddsDatanodeService.java:stop(451)) - Stopped plug-in org.apache.hadoop.ozone.web.OzoneHddsDatanodeService@408ce324
2019-09-18 16:17:20,713 [grpc-default-executor-8] WARN  server.GrpcLogAppender (LogUtils.java:warn(134)) - 9820d8fa-8bca-4820-8d69-8b9d38bc65eb->119461de-c1ab-40a1-84fe-2d3922567ba1: Failed appendEntries: org.apache.ratis.thirdparty.io.grpc.StatusRuntimeException: UNAVAILABLE: io exception
2019-09-18 16:17:20,713 [grpc-default-executor-6] WARN  server.GrpcLogAppender (LogUtils.java:warn(134)) - 9820d8fa-8bca-4820-8d69-8b9d38bc65eb->13430010-64c6-461b-bbc0-84bbac937742: Failed appendEntries: org.apache.ratis.thirdparty.io.grpc.StatusRuntimeException: UNAVAILABLE: io exception
2019-09-18 16:17:20,713 [grpc-default-executor-8] INFO  impl.FollowerInfo (FollowerInfo.java:lambda$new$0(50)) - 9820d8fa-8bca-4820-8d69-8b9d38bc65eb->119461de-c1ab-40a1-84fe-2d3922567ba1: nextIndex: updateUnconditionally 8 -> 7
2019-09-18 16:17:20,714 [grpc-default-executor-6] INFO  impl.FollowerInfo (FollowerInfo.java:lambda$new$0(50)) - 9820d8fa-8bca-4820-8d69-8b9d38bc65eb->13430010-64c6-461b-bbc0-84bbac937742: nextIndex: updateUnconditionally 5 -> 4
2019-09-18 16:17:20,781 | INFO  | SCMAudit | user=jenkins1000 | ip=192.168.5.185 | op=SEND_HEARTBEAT {datanodeUUID=2423363d-8469-460a-b110-ac84e5495342, command=[]} | ret=SUCCESS |  
2019-09-18 16:17:21,249 [Datanode State Machine Thread - 0] INFO  statemachine.DatanodeStateMachine (DatanodeStateMachine.java:lambda$startDaemon$0(356)) - Ozone container server started.
2019-09-18 16:17:21,308 [Datanode State Machine Thread - 0] INFO  statemachine.DatanodeStateMachine (DatanodeStateMachine.java:lambda$startDaemon$0(356)) - Ozone container server started.
2019-09-18 16:17:21,781 | INFO  | SCMAudit | user=jenkins1000 | ip=192.168.5.185 | op=SEND_HEARTBEAT {datanodeUUID=2423363d-8469-460a-b110-ac84e5495342, command=[]} | ret=SUCCESS |  
2019-09-18 16:17:22,781 | INFO  | SCMAudit | user=jenkins1000 | ip=192.168.5.185 | op=SEND_HEARTBEAT {datanodeUUID=2423363d-8469-460a-b110-ac84e5495342, command=[]} | ret=SUCCESS |  
2019-09-18 16:17:23,213 [grpc-default-executor-7] WARN  server.GrpcLogAppender (LogUtils.java:warn(134)) - 9820d8fa-8bca-4820-8d69-8b9d38bc65eb->13430010-64c6-461b-bbc0-84bbac937742: Failed appendEntries: org.apache.ratis.thirdparty.io.grpc.StatusRuntimeException: UNAVAILABLE: io exception
2019-09-18 16:17:23,214 [grpc-default-executor-7] INFO  impl.FollowerInfo (FollowerInfo.java:lambda$new$0(50)) - 9820d8fa-8bca-4820-8d69-8b9d38bc65eb->13430010-64c6-461b-bbc0-84bbac937742: nextIndex: updateUnconditionally 4 -> 3
2019-09-18 16:17:23,214 [grpc-default-executor-9] WARN  server.GrpcLogAppender (LogUtils.java:warn(134)) - 9820d8fa-8bca-4820-8d69-8b9d38bc65eb->119461de-c1ab-40a1-84fe-2d3922567ba1: Failed appendEntries: org.apache.ratis.thirdparty.io.grpc.StatusRuntimeException: UNAVAILABLE: io exception
2019-09-18 16:17:23,214 [grpc-default-executor-9] INFO  impl.FollowerInfo (FollowerInfo.java:lambda$new$0(50)) - 9820d8fa-8bca-4820-8d69-8b9d38bc65eb->119461de-c1ab-40a1-84fe-2d3922567ba1: nextIndex: updateUnconditionally 7 -> 6
2019-09-18 16:17:23,781 | INFO  | SCMAudit | user=jenkins1000 | ip=192.168.5.185 | op=SEND_HEARTBEAT {datanodeUUID=2423363d-8469-460a-b110-ac84e5495342, command=[]} | ret=SUCCESS |  
2019-09-18 16:17:24,781 | INFO  | SCMAudit | user=jenkins1000 | ip=192.168.5.185 | op=SEND_HEARTBEAT {datanodeUUID=2423363d-8469-460a-b110-ac84e5495342, command=[]} | ret=SUCCESS |  
2019-09-18 16:17:25,323 [EventQueue-StaleNodeForStaleNodeHandler] INFO  node.StaleNodeHandler (StaleNodeHandler.java:onMessage(58)) - Datanode 9820d8fa-8bca-4820-8d69-8b9d38bc65eb{ip: 192.168.5.185, host: pr-hdds-2034-lb7qt-2171347232, networkLocation: /default-rack, certSerialId: null} moved to stale state. Finalizing its pipelines [PipelineID=7a145caf-a86e-4547-abf6-dc0ddff93b42, PipelineID=d9c4cb00-11f3-401b-bac1-dd53bc2e3b4c]
2019-09-18 16:17:25,324 [EventQueue-StaleNodeForStaleNodeHandler] INFO  pipeline.SCMPipelineManager (SCMPipelineManager.java:finalizeAndDestroyPipeline(336)) - destroying pipeline:Pipeline[ Id: 7a145caf-a86e-4547-abf6-dc0ddff93b42, Nodes: 119461de-c1ab-40a1-84fe-2d3922567ba1{ip: 192.168.5.185, host: pr-hdds-2034-lb7qt-2171347232, networkLocation: /default-rack, certSerialId: null}9820d8fa-8bca-4820-8d69-8b9d38bc65eb{ip: 192.168.5.185, host: pr-hdds-2034-lb7qt-2171347232, networkLocation: /default-rack, certSerialId: null}13430010-64c6-461b-bbc0-84bbac937742{ip: 192.168.5.185, host: pr-hdds-2034-lb7qt-2171347232, networkLocation: /default-rack, certSerialId: null}, Type:RATIS, Factor:THREE, State:CLOSED]
2019-09-18 16:17:25,324 [EventQueue-StaleNodeForStaleNodeHandler] INFO  pipeline.SCMPipelineManager (SCMPipelineManager.java:finalizeAndDestroyPipeline(336)) - destroying pipeline:Pipeline[ Id: d9c4cb00-11f3-401b-bac1-dd53bc2e3b4c, Nodes: 9820d8fa-8bca-4820-8d69-8b9d38bc65eb{ip: 192.168.5.185, host: pr-hdds-2034-lb7qt-2171347232, networkLocation: /default-rack, certSerialId: null}, Type:RATIS, Factor:ONE, State:OPEN]
2019-09-18 16:17:25,324 [EventQueue-StaleNodeForStaleNodeHandler] INFO  pipeline.PipelineStateManager (PipelineStateManager.java:finalizePipeline(123)) - Pipeline Pipeline[ Id: d9c4cb00-11f3-401b-bac1-dd53bc2e3b4c, Nodes: 9820d8fa-8bca-4820-8d69-8b9d38bc65eb{ip: 192.168.5.185, host: pr-hdds-2034-lb7qt-2171347232, networkLocation: /default-rack, certSerialId: null}, Type:RATIS, Factor:ONE, State:CLOSED] moved to CLOSED state
2019-09-18 16:17:25,324 [EventQueue-StaleNodeForStaleNodeHandler] INFO  node.StaleNodeHandler (StaleNodeHandler.java:onMessage(58)) - Datanode 9f06f9a1-0ee8-4e87-9cd3-431ea6fb3977{ip: 192.168.5.185, host: pr-hdds-2034-lb7qt-2171347232, networkLocation: /default-rack, certSerialId: null} moved to stale state. Finalizing its pipelines [PipelineID=35278954-9c47-474e-a9b0-015500aa4c0b]
2019-09-18 16:17:25,325 [EventQueue-StaleNodeForStaleNodeHandler] INFO  pipeline.SCMPipelineManager (SCMPipelineManager.java:finalizeAndDestroyPipeline(336)) - destroying pipeline:Pipeline[ Id: 35278954-9c47-474e-a9b0-015500aa4c0b, Nodes: 9f06f9a1-0ee8-4e87-9cd3-431ea6fb3977{ip: 192.168.5.185, host: pr-hdds-2034-lb7qt-2171347232, networkLocation: /default-rack, certSerialId: null}, Type:RATIS, Factor:ONE, State:OPEN]
2019-09-18 16:17:25,325 [EventQueue-StaleNodeForStaleNodeHandler] INFO  pipeline.PipelineStateManager (PipelineStateManager.java:finalizePipeline(123)) - Pipeline Pipeline[ Id: 35278954-9c47-474e-a9b0-015500aa4c0b, Nodes: 9f06f9a1-0ee8-4e87-9cd3-431ea6fb3977{ip: 192.168.5.185, host: pr-hdds-2034-lb7qt-2171347232, networkLocation: /default-rack, certSerialId: null}, Type:RATIS, Factor:ONE, State:CLOSED] moved to CLOSED state
2019-09-18 16:17:25,629 [ForkJoinPool.commonPool-worker-1] INFO  ozoneimpl.OzoneContainer (OzoneContainer.java:stop(199)) - Attempting to stop container services.
2019-09-18 16:17:25,629 [main] INFO  ozoneimpl.OzoneContainer (OzoneContainer.java:stop(199)) - Attempting to stop container services.
2019-09-18 16:17:25,630 [ForkJoinPool.commonPool-worker-1] INFO  impl.RaftServerProxy (RaftServerProxy.java:lambda$close$4(314)) - 9820d8fa-8bca-4820-8d69-8b9d38bc65eb: close
2019-09-18 16:17:25,631 [main] INFO  impl.RaftServerProxy (RaftServerProxy.java:lambda$close$4(314)) - 9f06f9a1-0ee8-4e87-9cd3-431ea6fb3977: close
2019-09-18 16:17:25,631 [ForkJoinPool.commonPool-worker-1] INFO  impl.RaftServerImpl (RaftServerImpl.java:lambda$shutdown$3(245)) - 9820d8fa-8bca-4820-8d69-8b9d38bc65eb: shutdown group-DC0DDFF93B42
2019-09-18 16:17:25,632 [main] INFO  impl.RaftServerImpl (RaftServerImpl.java:lambda$shutdown$3(245)) - 9f06f9a1-0ee8-4e87-9cd3-431ea6fb3977: shutdown group-015500AA4C0B
2019-09-18 16:17:25,632 [ForkJoinPool.commonPool-worker-1] INFO  util.JmxRegister (JmxRegister.java:unregister(73)) - Successfully un-registered JMX Bean with object name Ratis:service=RaftServer,group=group-DC0DDFF93B42,id=9820d8fa-8bca-4820-8d69-8b9d38bc65eb
2019-09-18 16:17:25,632 [main] INFO  util.JmxRegister (JmxRegister.java:unregister(73)) - Successfully un-registered JMX Bean with object name Ratis:service=RaftServer,group=group-015500AA4C0B,id=9f06f9a1-0ee8-4e87-9cd3-431ea6fb3977
2019-09-18 16:17:25,633 [ForkJoinPool.commonPool-worker-1] INFO  impl.RoleInfo (RoleInfo.java:shutdownLeaderState(104)) - 9820d8fa-8bca-4820-8d69-8b9d38bc65eb: shutdown LeaderState
2019-09-18 16:17:25,633 [main] INFO  impl.RoleInfo (RoleInfo.java:shutdownLeaderState(104)) - 9f06f9a1-0ee8-4e87-9cd3-431ea6fb3977: shutdown LeaderState
2019-09-18 16:17:25,638 [org.apache.ratis.server.impl.LogAppender$AppenderDaemon$$Lambda$859/126961403@71e4ab96] WARN  server.GrpcLogAppender (GrpcLogAppender.java:mayWait(143)) - GrpcLogAppender(9820d8fa-8bca-4820-8d69-8b9d38bc65eb->13430010-64c6-461b-bbc0-84bbac937742): Wait interrupted by java.lang.InterruptedException
2019-09-18 16:17:25,638 [org.apache.ratis.server.impl.LogAppender$AppenderDaemon$$Lambda$859/126961403@34e63bce] WARN  server.GrpcLogAppender (GrpcLogAppender.java:mayWait(143)) - GrpcLogAppender(9820d8fa-8bca-4820-8d69-8b9d38bc65eb->119461de-c1ab-40a1-84fe-2d3922567ba1): Wait interrupted by java.lang.InterruptedException
2019-09-18 16:17:25,637 [ForkJoinPool.commonPool-worker-1] INFO  impl.PendingRequests (PendingRequests.java:sendNotLeaderResponses(202)) - 9820d8fa-8bca-4820-8d69-8b9d38bc65eb-PendingRequests: sendNotLeaderResponses
2019-09-18 16:17:25,638 [main] INFO  impl.PendingRequests (PendingRequests.java:sendNotLeaderResponses(202)) - 9f06f9a1-0ee8-4e87-9cd3-431ea6fb3977-PendingRequests: sendNotLeaderResponses
2019-09-18 16:17:25,648 [StateMachineUpdater:9820d8fa-8bca-4820-8d69-8b9d38bc65eb:group-DC0DDFF93B42] INFO  ratis.ContainerStateMachine (ContainerStateMachine.java:takeSnapshot(283)) - group-DC0DDFF93B42: Taking a snapshot at:(t:1, i:8) file /workdir/hadoop-ozone/integration-test/target/test-dir/MiniOzoneClusterImpl-d91fdf1f-9aec-46f4-8801-046e27073747/datanode-0/data/ratis/7a145caf-a86e-4547-abf6-dc0ddff93b42/sm/snapshot.1_8
2019-09-18 16:17:25,648 [ForkJoinPool.commonPool-worker-1] INFO  impl.StateMachineUpdater (StateMachineUpdater.java:stopAndJoin(115)) - StateMachineUpdater:9820d8fa-8bca-4820-8d69-8b9d38bc65eb:group-DC0DDFF93B42: set stopIndex = 8
2019-09-18 16:17:25,648 [main] INFO  impl.StateMachineUpdater (StateMachineUpdater.java:stopAndJoin(115)) - StateMachineUpdater:9f06f9a1-0ee8-4e87-9cd3-431ea6fb3977:group-015500AA4C0B: set stopIndex = 0
2019-09-18 16:17:25,649 [main] INFO  impl.RaftServerImpl (ServerState.java:close(394)) - 9f06f9a1-0ee8-4e87-9cd3-431ea6fb3977:group-015500AA4C0B closes. The last applied log index is 0
2019-09-18 16:17:25,650 [9f06f9a1-0ee8-4e87-9cd3-431ea6fb3977-SegmentedRaftLogWorker:Storage Directory /workdir/hadoop-ozone/integration-test/target/test-dir/MiniOzoneClusterImpl-d91fdf1f-9aec-46f4-8801-046e27073747/datanode-6/data/ratis/35278954-9c47-474e-a9b0-015500aa4c0b] INFO  segmented.SegmentedRaftLogWorker (SegmentedRaftLogWorker.java:run(313)) - 9f06f9a1-0ee8-4e87-9cd3-431ea6fb3977-SegmentedRaftLogWorker:Storage Directory /workdir/hadoop-ozone/integration-test/target/test-dir/MiniOzoneClusterImpl-d91fdf1f-9aec-46f4-8801-046e27073747/datanode-6/data/ratis/35278954-9c47-474e-a9b0-015500aa4c0b was interrupted, exiting. There are 0 tasks remaining in the queue.
2019-09-18 16:17:25,660 [main] INFO  segmented.SegmentedRaftLogWorker (SegmentedRaftLogWorker.java:close(228)) - 9f06f9a1-0ee8-4e87-9cd3-431ea6fb3977-SegmentedRaftLogWorker:Storage Directory /workdir/hadoop-ozone/integration-test/target/test-dir/MiniOzoneClusterImpl-d91fdf1f-9aec-46f4-8801-046e27073747/datanode-6/data/ratis/35278954-9c47-474e-a9b0-015500aa4c0b close()
2019-09-18 16:17:25,662 [main] INFO  server.GrpcService (GrpcService.java:closeImpl(155)) - 9f06f9a1-0ee8-4e87-9cd3-431ea6fb3977: shutdown server with port 42408 now
2019-09-18 16:17:25,664 [main] INFO  server.GrpcService (GrpcService.java:closeImpl(163)) - 9f06f9a1-0ee8-4e87-9cd3-431ea6fb3977: shutdown server with port 42408 successfully
2019-09-18 16:17:25,666 [main] INFO  utils.BackgroundService (BackgroundService.java:shutdown(148)) - Shutting down service BlockDeletingService
2019-09-18 16:17:25,668 [refreshUsed-/workdir/hadoop-ozone/integration-test/target/test-dir/MiniOzoneClusterImpl-d91fdf1f-9aec-46f4-8801-046e27073747/datanode-6/data/containers] WARN  fs.CachingGetSpaceUsed (CachingGetSpaceUsed.java:run(183)) - Thread Interrupted waiting to refresh disk information: sleep interrupted
2019-09-18 16:17:25,679 [StateMachineUpdater:9820d8fa-8bca-4820-8d69-8b9d38bc65eb:group-DC0DDFF93B42] INFO  ratis.ContainerStateMachine (ContainerStateMachine.java:takeSnapshot(294)) - group-DC0DDFF93B42: Finished taking a snapshot at:(t:1, i:8) file:/workdir/hadoop-ozone/integration-test/target/test-dir/MiniOzoneClusterImpl-d91fdf1f-9aec-46f4-8801-046e27073747/datanode-0/data/ratis/7a145caf-a86e-4547-abf6-dc0ddff93b42/sm/snapshot.1_8 time:31
2019-09-18 16:17:25,680 [StateMachineUpdater:9820d8fa-8bca-4820-8d69-8b9d38bc65eb:group-DC0DDFF93B42] INFO  impl.StateMachineUpdater (StateMachineUpdater.java:takeSnapshot(242)) - StateMachineUpdater:9820d8fa-8bca-4820-8d69-8b9d38bc65eb:group-DC0DDFF93B42: Took a snapshot at index 8
2019-09-18 16:17:25,680 [StateMachineUpdater:9820d8fa-8bca-4820-8d69-8b9d38bc65eb:group-DC0DDFF93B42] INFO  impl.StateMachineUpdater (StateMachineUpdater.java:lambda$new$0(80)) - StateMachineUpdater:9820d8fa-8bca-4820-8d69-8b9d38bc65eb:group-DC0DDFF93B42: snapshotIndex: updateIncreasingly -1 -> 8
2019-09-18 16:17:25,680 [ForkJoinPool.commonPool-worker-1] INFO  impl.RaftServerImpl (ServerState.java:close(394)) - 9820d8fa-8bca-4820-8d69-8b9d38bc65eb:group-DC0DDFF93B42 closes. The last applied log index is 8
2019-09-18 16:17:25,681 [9820d8fa-8bca-4820-8d69-8b9d38bc65eb-SegmentedRaftLogWorker:Storage Directory /workdir/hadoop-ozone/integration-test/target/test-dir/MiniOzoneClusterImpl-d91fdf1f-9aec-46f4-8801-046e27073747/datanode-0/data/ratis/7a145caf-a86e-4547-abf6-dc0ddff93b42] INFO  segmented.SegmentedRaftLogWorker (SegmentedRaftLogWorker.java:run(313)) - 9820d8fa-8bca-4820-8d69-8b9d38bc65eb-SegmentedRaftLogWorker:Storage Directory /workdir/hadoop-ozone/integration-test/target/test-dir/MiniOzoneClusterImpl-d91fdf1f-9aec-46f4-8801-046e27073747/datanode-0/data/ratis/7a145caf-a86e-4547-abf6-dc0ddff93b42 was interrupted, exiting. There are 0 tasks remaining in the queue.
2019-09-18 16:17:25,682 [ForkJoinPool.commonPool-worker-1] INFO  segmented.SegmentedRaftLogWorker (SegmentedRaftLogWorker.java:close(228)) - 9820d8fa-8bca-4820-8d69-8b9d38bc65eb-SegmentedRaftLogWorker:Storage Directory /workdir/hadoop-ozone/integration-test/target/test-dir/MiniOzoneClusterImpl-d91fdf1f-9aec-46f4-8801-046e27073747/datanode-0/data/ratis/7a145caf-a86e-4547-abf6-dc0ddff93b42 close()
2019-09-18 16:17:25,688 [ForkJoinPool.commonPool-worker-1] INFO  impl.RaftServerImpl (RaftServerImpl.java:lambda$shutdown$3(245)) - 9820d8fa-8bca-4820-8d69-8b9d38bc65eb: shutdown group-DD53BC2E3B4C
2019-09-18 16:17:25,688 [ForkJoinPool.commonPool-worker-1] INFO  util.JmxRegister (JmxRegister.java:unregister(73)) - Successfully un-registered JMX Bean with object name Ratis:service=RaftServer,group=group-DD53BC2E3B4C,id=9820d8fa-8bca-4820-8d69-8b9d38bc65eb
2019-09-18 16:17:25,688 [ForkJoinPool.commonPool-worker-1] INFO  impl.RoleInfo (RoleInfo.java:shutdownLeaderState(104)) - 9820d8fa-8bca-4820-8d69-8b9d38bc65eb: shutdown LeaderState
2019-09-18 16:17:25,689 [ForkJoinPool.commonPool-worker-1] INFO  impl.PendingRequests (PendingRequests.java:sendNotLeaderResponses(202)) - 9820d8fa-8bca-4820-8d69-8b9d38bc65eb-PendingRequests: sendNotLeaderResponses
2019-09-18 16:17:25,689 [ForkJoinPool.commonPool-worker-1] INFO  impl.StateMachineUpdater (StateMachineUpdater.java:stopAndJoin(115)) - StateMachineUpdater:9820d8fa-8bca-4820-8d69-8b9d38bc65eb:group-DD53BC2E3B4C: set stopIndex = 0
2019-09-18 16:17:25,690 [ForkJoinPool.commonPool-worker-1] INFO  impl.RaftServerImpl (ServerState.java:close(394)) - 9820d8fa-8bca-4820-8d69-8b9d38bc65eb:group-DD53BC2E3B4C closes. The last applied log index is 0
2019-09-18 16:17:25,690 [9820d8fa-8bca-4820-8d69-8b9d38bc65eb-SegmentedRaftLogWorker:Storage Directory /workdir/hadoop-ozone/integration-test/target/test-dir/MiniOzoneClusterImpl-d91fdf1f-9aec-46f4-8801-046e27073747/datanode-0/data/ratis/d9c4cb00-11f3-401b-bac1-dd53bc2e3b4c] INFO  segmented.SegmentedRaftLogWorker (SegmentedRaftLogWorker.java:run(313)) - 9820d8fa-8bca-4820-8d69-8b9d38bc65eb-SegmentedRaftLogWorker:Storage Directory /workdir/hadoop-ozone/integration-test/target/test-dir/MiniOzoneClusterImpl-d91fdf1f-9aec-46f4-8801-046e27073747/datanode-0/data/ratis/d9c4cb00-11f3-401b-bac1-dd53bc2e3b4c was interrupted, exiting. There are 0 tasks remaining in the queue.
2019-09-18 16:17:25,690 [ForkJoinPool.commonPool-worker-1] INFO  segmented.SegmentedRaftLogWorker (SegmentedRaftLogWorker.java:close(228)) - 9820d8fa-8bca-4820-8d69-8b9d38bc65eb-SegmentedRaftLogWorker:Storage Directory /workdir/hadoop-ozone/integration-test/target/test-dir/MiniOzoneClusterImpl-d91fdf1f-9aec-46f4-8801-046e27073747/datanode-0/data/ratis/d9c4cb00-11f3-401b-bac1-dd53bc2e3b4c close()
2019-09-18 16:17:25,691 [ForkJoinPool.commonPool-worker-1] INFO  server.GrpcService (GrpcService.java:closeImpl(155)) - 9820d8fa-8bca-4820-8d69-8b9d38bc65eb: shutdown server with port 40987 now
2019-09-18 16:17:25,692 [ForkJoinPool.commonPool-worker-1] INFO  server.GrpcService (GrpcService.java:closeImpl(163)) - 9820d8fa-8bca-4820-8d69-8b9d38bc65eb: shutdown server with port 40987 successfully
2019-09-18 16:17:25,694 [ForkJoinPool.commonPool-worker-1] INFO  utils.BackgroundService (BackgroundService.java:shutdown(148)) - Shutting down service BlockDeletingService
2019-09-18 16:17:25,695 [refreshUsed-/workdir/hadoop-ozone/integration-test/target/test-dir/MiniOzoneClusterImpl-d91fdf1f-9aec-46f4-8801-046e27073747/datanode-0/data/containers] WARN  fs.CachingGetSpaceUsed (CachingGetSpaceUsed.java:run(183)) - Thread Interrupted waiting to refresh disk information: sleep interrupted
2019-09-18 16:17:25,701 [main] INFO  statemachine.DatanodeStateMachine (DatanodeStateMachine.java:stopDaemon(401)) - Ozone container server stopped.
2019-09-18 16:17:25,704 [main] INFO  handler.ContextHandler (ContextHandler.java:doStop(910)) - Stopped o.e.j.w.WebAppContext@b8df260{/,null,UNAVAILABLE}{/hddsDatanode}
2019-09-18 16:17:25,705 [main] INFO  server.AbstractConnector (AbstractConnector.java:doStop(318)) - Stopped ServerConnector@4f1a6259{HTTP/1.1,[http/1.1]}{0.0.0.0:0}
2019-09-18 16:17:25,705 [main] INFO  handler.ContextHandler (ContextHandler.java:doStop(910)) - Stopped o.e.j.s.ServletContextHandler@464de784{/static,jar:file:/home/user/.m2/repository/org/apache/hadoop/hadoop-hdds-container-service/0.5.0-SNAPSHOT/hadoop-hdds-container-service-0.5.0-SNAPSHOT.jar!/webapps/static,UNAVAILABLE}
2019-09-18 16:17:25,706 [main] INFO  handler.ContextHandler (ContextHandler.java:doStop(910)) - Stopped o.e.j.s.ServletContextHandler@7ff4f301{/logs,file:///workdir/hadoop-ozone/integration-test/target/log,UNAVAILABLE}
2019-09-18 16:17:25,707 [main] INFO  datanode.ObjectStoreHandler (ObjectStoreHandler.java:close(155)) - Closing ObjectStoreHandler.
2019-09-18 16:17:25,707 [main] INFO  ozone.HddsDatanodeService (HddsDatanodeService.java:stop(451)) - Stopped plug-in org.apache.hadoop.ozone.web.OzoneHddsDatanodeService@299a2968
2019-09-18 16:17:25,720 [ForkJoinPool.commonPool-worker-1] INFO  statemachine.DatanodeStateMachine (DatanodeStateMachine.java:stopDaemon(401)) - Ozone container server stopped.
2019-09-18 16:17:25,725 [ForkJoinPool.commonPool-worker-1] INFO  handler.ContextHandler (ContextHandler.java:doStop(910)) - Stopped o.e.j.w.WebAppContext@2728e166{/,null,UNAVAILABLE}{/hddsDatanode}
2019-09-18 16:17:25,726 [ForkJoinPool.commonPool-worker-1] INFO  server.AbstractConnector (AbstractConnector.java:doStop(318)) - Stopped ServerConnector@1d81dece{HTTP/1.1,[http/1.1]}{0.0.0.0:0}
2019-09-18 16:17:25,728 [ForkJoinPool.commonPool-worker-1] INFO  handler.ContextHandler (ContextHandler.java:doStop(910)) - Stopped o.e.j.s.ServletContextHandler@43a65f56{/static,jar:file:/home/user/.m2/repository/org/apache/hadoop/hadoop-hdds-container-service/0.5.0-SNAPSHOT/hadoop-hdds-container-service-0.5.0-SNAPSHOT.jar!/webapps/static,UNAVAILABLE}
2019-09-18 16:17:25,729 [ForkJoinPool.commonPool-worker-1] INFO  handler.ContextHandler (ContextHandler.java:doStop(910)) - Stopped o.e.j.s.ServletContextHandler@5aecd826{/logs,file:///workdir/hadoop-ozone/integration-test/target/log,UNAVAILABLE}
2019-09-18 16:17:25,780 [Datanode State Machine Thread - 0] INFO  statemachine.DatanodeStateMachine (DatanodeStateMachine.java:lambda$startDaemon$0(356)) - Ozone container server started.
2019-09-18 16:17:27,622 [Thread-5069] INFO  impl.FollowerState (FollowerState.java:run(106)) - 2423363d-8469-460a-b110-ac84e5495342:group-EABD82DC7AB2 changes to CANDIDATE, lastRpcTime:7327, electionTimeout:5130ms
2019-09-18 16:17:27,623 [Thread-5069] INFO  impl.RoleInfo (RoleInfo.java:shutdownFollowerState(121)) - 2423363d-8469-460a-b110-ac84e5495342: shutdown FollowerState
2019-09-18 16:17:27,623 [Thread-5069] INFO  impl.RaftServerImpl (RaftServerImpl.java:setRole(171)) - 2423363d-8469-460a-b110-ac84e5495342:group-EABD82DC7AB2 changes role from FOLLOWER to CANDIDATE at term 5 for changeToCandidate
2019-09-18 16:17:27,623 [Thread-5069] INFO  impl.RoleInfo (RoleInfo.java:updateAndGet(143)) - 2423363d-8469-460a-b110-ac84e5495342: start LeaderElection
2019-09-18 16:17:27,626 [2423363d-8469-460a-b110-ac84e5495342:group-EABD82DC7AB2:LeaderElection90] INFO  impl.RaftServerImpl (ServerState.java:setLeader(263)) - 2423363d-8469-460a-b110-ac84e5495342:group-EABD82DC7AB2 change Leader from 17ef1155-4979-4874-bb40-cb4e4583a7bb to null at term 5 for initElection
2019-09-18 16:17:27,641 [2423363d-8469-460a-b110-ac84e5495342:group-EABD82DC7AB2:LeaderElection90] INFO  impl.LeaderElection (LeaderElection.java:askForVotes(181)) - 2423363d-8469-460a-b110-ac84e5495342:group-EABD82DC7AB2:LeaderElection90: begin an election at term 6 for 1: [555b68d4-2424-4ceb-b9ea-24caa74dd18d:192.168.5.185:39269, 17ef1155-4979-4874-bb40-cb4e4583a7bb:192.168.5.185:33020, 2423363d-8469-460a-b110-ac84e5495342:192.168.5.185:43904], old=null
2019-09-18 16:17:27,644 [2423363d-8469-460a-b110-ac84e5495342:group-EABD82DC7AB2:LeaderElection90] INFO  impl.LeaderElection (LogUtils.java:infoOrTrace(149)) - 2423363d-8469-460a-b110-ac84e5495342:group-EABD82DC7AB2:LeaderElection90 got exception when requesting votes: {}
java.util.concurrent.ExecutionException: org.apache.ratis.thirdparty.io.grpc.StatusRuntimeException: UNAVAILABLE: io exception
	at java.util.concurrent.FutureTask.report(FutureTask.java:122)
	at java.util.concurrent.FutureTask.get(FutureTask.java:192)
	at org.apache.ratis.server.impl.LeaderElection.waitForResults(LeaderElection.java:262)
	at org.apache.ratis.server.impl.LeaderElection.askForVotes(LeaderElection.java:200)
	at org.apache.ratis.server.impl.LeaderElection.run(LeaderElection.java:130)
	at java.lang.Thread.run(Thread.java:748)
Caused by: org.apache.ratis.thirdparty.io.grpc.StatusRuntimeException: UNAVAILABLE: io exception
	at org.apache.ratis.thirdparty.io.grpc.stub.ClientCalls.toStatusRuntimeException(ClientCalls.java:233)
	at org.apache.ratis.thirdparty.io.grpc.stub.ClientCalls.getUnchecked(ClientCalls.java:214)
	at org.apache.ratis.thirdparty.io.grpc.stub.ClientCalls.blockingUnaryCall(ClientCalls.java:139)
	at org.apache.ratis.proto.grpc.RaftServerProtocolServiceGrpc$RaftServerProtocolServiceBlockingStub.requestVote(RaftServerProtocolServiceGrpc.java:265)
	at org.apache.ratis.grpc.server.GrpcServerProtocolClient.requestVote(GrpcServerProtocolClient.java:83)
	at org.apache.ratis.grpc.server.GrpcService.requestVote(GrpcService.java:195)
	at org.apache.ratis.server.impl.LeaderElection.lambda$submitRequests$1(LeaderElection.java:237)
	at java.util.concurrent.FutureTask.run(FutureTask.java:266)
	at java.util.concurrent.Executors$RunnableAdapter.call(Executors.java:511)
	at java.util.concurrent.FutureTask.run(FutureTask.java:266)
	at java.util.concurrent.ThreadPoolExecutor.runWorker(ThreadPoolExecutor.java:1149)
	at java.util.concurrent.ThreadPoolExecutor$Worker.run(ThreadPoolExecutor.java:624)
	... 1 more
Caused by: org.apache.ratis.thirdparty.io.netty.channel.AbstractChannel$AnnotatedConnectException: Connection refused: /192.168.5.185:39269
	at sun.nio.ch.SocketChannelImpl.checkConnect(Native Method)
	at sun.nio.ch.SocketChannelImpl.finishConnect(SocketChannelImpl.java:717)
	at org.apache.ratis.thirdparty.io.netty.channel.socket.nio.NioSocketChannel.doFinishConnect(NioSocketChannel.java:327)
	at org.apache.ratis.thirdparty.io.netty.channel.nio.AbstractNioChannel$AbstractNioUnsafe.finishConnect(AbstractNioChannel.java:340)
	at org.apache.ratis.thirdparty.io.netty.channel.nio.NioEventLoop.processSelectedKey(NioEventLoop.java:632)
	at org.apache.ratis.thirdparty.io.netty.channel.nio.NioEventLoop.processSelectedKeysOptimized(NioEventLoop.java:579)
	at org.apache.ratis.thirdparty.io.netty.channel.nio.NioEventLoop.processSelectedKeys(NioEventLoop.java:496)
	at org.apache.ratis.thirdparty.io.netty.channel.nio.NioEventLoop.run(NioEventLoop.java:458)
	at org.apache.ratis.thirdparty.io.netty.util.concurrent.SingleThreadEventExecutor$5.run(SingleThreadEventExecutor.java:897)
	at org.apache.ratis.thirdparty.io.netty.util.concurrent.FastThreadLocalRunnable.run(FastThreadLocalRunnable.java:30)
	... 1 more
Caused by: java.net.ConnectException: Connection refused
	... 11 more
2019-09-18 16:17:27,650 [2423363d-8469-460a-b110-ac84e5495342:group-EABD82DC7AB2:LeaderElection90] INFO  impl.LeaderElection (LogUtils.java:infoOrTrace(149)) - 2423363d-8469-460a-b110-ac84e5495342:group-EABD82DC7AB2:LeaderElection90 got exception when requesting votes: {}
java.util.concurrent.ExecutionException: org.apache.ratis.thirdparty.io.grpc.StatusRuntimeException: UNAVAILABLE: io exception
	at java.util.concurrent.FutureTask.report(FutureTask.java:122)
	at java.util.concurrent.FutureTask.get(FutureTask.java:192)
	at org.apache.ratis.server.impl.LeaderElection.waitForResults(LeaderElection.java:262)
	at org.apache.ratis.server.impl.LeaderElection.askForVotes(LeaderElection.java:200)
	at org.apache.ratis.server.impl.LeaderElection.run(LeaderElection.java:130)
	at java.lang.Thread.run(Thread.java:748)
Caused by: org.apache.ratis.thirdparty.io.grpc.StatusRuntimeException: UNAVAILABLE: io exception
	at org.apache.ratis.thirdparty.io.grpc.stub.ClientCalls.toStatusRuntimeException(ClientCalls.java:233)
	at org.apache.ratis.thirdparty.io.grpc.stub.ClientCalls.getUnchecked(ClientCalls.java:214)
	at org.apache.ratis.thirdparty.io.grpc.stub.ClientCalls.blockingUnaryCall(ClientCalls.java:139)
	at org.apache.ratis.proto.grpc.RaftServerProtocolServiceGrpc$RaftServerProtocolServiceBlockingStub.requestVote(RaftServerProtocolServiceGrpc.java:265)
	at org.apache.ratis.grpc.server.GrpcServerProtocolClient.requestVote(GrpcServerProtocolClient.java:83)
	at org.apache.ratis.grpc.server.GrpcService.requestVote(GrpcService.java:195)
	at org.apache.ratis.server.impl.LeaderElection.lambda$submitRequests$1(LeaderElection.java:237)
	at java.util.concurrent.FutureTask.run(FutureTask.java:266)
	at java.util.concurrent.Executors$RunnableAdapter.call(Executors.java:511)
	at java.util.concurrent.FutureTask.run(FutureTask.java:266)
	at java.util.concurrent.ThreadPoolExecutor.runWorker(ThreadPoolExecutor.java:1149)
	at java.util.concurrent.ThreadPoolExecutor$Worker.run(ThreadPoolExecutor.java:624)
	... 1 more
Caused by: org.apache.ratis.thirdparty.io.netty.channel.AbstractChannel$AnnotatedConnectException: Connection refused: /192.168.5.185:33020
	at sun.nio.ch.SocketChannelImpl.checkConnect(Native Method)
	at sun.nio.ch.SocketChannelImpl.finishConnect(SocketChannelImpl.java:717)
	at org.apache.ratis.thirdparty.io.netty.channel.socket.nio.NioSocketChannel.doFinishConnect(NioSocketChannel.java:327)
	at org.apache.ratis.thirdparty.io.netty.channel.nio.AbstractNioChannel$AbstractNioUnsafe.finishConnect(AbstractNioChannel.java:340)
	at org.apache.ratis.thirdparty.io.netty.channel.nio.NioEventLoop.processSelectedKey(NioEventLoop.java:632)
	at org.apache.ratis.thirdparty.io.netty.channel.nio.NioEventLoop.processSelectedKeysOptimized(NioEventLoop.java:579)
	at org.apache.ratis.thirdparty.io.netty.channel.nio.NioEventLoop.processSelectedKeys(NioEventLoop.java:496)
	at org.apache.ratis.thirdparty.io.netty.channel.nio.NioEventLoop.run(NioEventLoop.java:458)
	at org.apache.ratis.thirdparty.io.netty.util.concurrent.SingleThreadEventExecutor$5.run(SingleThreadEventExecutor.java:897)
	at org.apache.ratis.thirdparty.io.netty.util.concurrent.FastThreadLocalRunnable.run(FastThreadLocalRunnable.java:30)
	... 1 more
Caused by: java.net.ConnectException: Connection refused
	... 11 more
2019-09-18 16:17:27,655 [2423363d-8469-460a-b110-ac84e5495342:group-EABD82DC7AB2:LeaderElection90] INFO  impl.LeaderElection (LeaderElection.java:logAndReturn(56)) - 2423363d-8469-460a-b110-ac84e5495342:group-EABD82DC7AB2:LeaderElection90: Election REJECTED; received 0 response(s) [] and 2 exception(s); 2423363d-8469-460a-b110-ac84e5495342:t6, leader=null, voted=2423363d-8469-460a-b110-ac84e5495342, raftlog=2423363d-8469-460a-b110-ac84e5495342-SegmentedRaftLog:OPENED:c8,f8,i8, conf=1: [555b68d4-2424-4ceb-b9ea-24caa74dd18d:192.168.5.185:39269, 17ef1155-4979-4874-bb40-cb4e4583a7bb:192.168.5.185:33020, 2423363d-8469-460a-b110-ac84e5495342:192.168.5.185:43904], old=null
2019-09-18 16:17:27,655 [2423363d-8469-460a-b110-ac84e5495342:group-EABD82DC7AB2:LeaderElection90] INFO  impl.LeaderElection (LogUtils.java:infoOrTrace(149)) -   Exception 0: {}
java.util.concurrent.ExecutionException: org.apache.ratis.thirdparty.io.grpc.StatusRuntimeException: UNAVAILABLE: io exception
	at java.util.concurrent.FutureTask.report(FutureTask.java:122)
	at java.util.concurrent.FutureTask.get(FutureTask.java:192)
	at org.apache.ratis.server.impl.LeaderElection.waitForResults(LeaderElection.java:262)
	at org.apache.ratis.server.impl.LeaderElection.askForVotes(LeaderElection.java:200)
	at org.apache.ratis.server.impl.LeaderElection.run(LeaderElection.java:130)
	at java.lang.Thread.run(Thread.java:748)
Caused by: org.apache.ratis.thirdparty.io.grpc.StatusRuntimeException: UNAVAILABLE: io exception
	at org.apache.ratis.thirdparty.io.grpc.stub.ClientCalls.toStatusRuntimeException(ClientCalls.java:233)
	at org.apache.ratis.thirdparty.io.grpc.stub.ClientCalls.getUnchecked(ClientCalls.java:214)
	at org.apache.ratis.thirdparty.io.grpc.stub.ClientCalls.blockingUnaryCall(ClientCalls.java:139)
	at org.apache.ratis.proto.grpc.RaftServerProtocolServiceGrpc$RaftServerProtocolServiceBlockingStub.requestVote(RaftServerProtocolServiceGrpc.java:265)
	at org.apache.ratis.grpc.server.GrpcServerProtocolClient.requestVote(GrpcServerProtocolClient.java:83)
	at org.apache.ratis.grpc.server.GrpcService.requestVote(GrpcService.java:195)
	at org.apache.ratis.server.impl.LeaderElection.lambda$submitRequests$1(LeaderElection.java:237)
	at java.util.concurrent.FutureTask.run(FutureTask.java:266)
	at java.util.concurrent.Executors$RunnableAdapter.call(Executors.java:511)
	at java.util.concurrent.FutureTask.run(FutureTask.java:266)
	at java.util.concurrent.ThreadPoolExecutor.runWorker(ThreadPoolExecutor.java:1149)
	at java.util.concurrent.ThreadPoolExecutor$Worker.run(ThreadPoolExecutor.java:624)
	... 1 more
Caused by: org.apache.ratis.thirdparty.io.netty.channel.AbstractChannel$AnnotatedConnectException: Connection refused: /192.168.5.185:39269
	at sun.nio.ch.SocketChannelImpl.checkConnect(Native Method)
	at sun.nio.ch.SocketChannelImpl.finishConnect(SocketChannelImpl.java:717)
	at org.apache.ratis.thirdparty.io.netty.channel.socket.nio.NioSocketChannel.doFinishConnect(NioSocketChannel.java:327)
	at org.apache.ratis.thirdparty.io.netty.channel.nio.AbstractNioChannel$AbstractNioUnsafe.finishConnect(AbstractNioChannel.java:340)
	at org.apache.ratis.thirdparty.io.netty.channel.nio.NioEventLoop.processSelectedKey(NioEventLoop.java:632)
	at org.apache.ratis.thirdparty.io.netty.channel.nio.NioEventLoop.processSelectedKeysOptimized(NioEventLoop.java:579)
	at org.apache.ratis.thirdparty.io.netty.channel.nio.NioEventLoop.processSelectedKeys(NioEventLoop.java:496)
	at org.apache.ratis.thirdparty.io.netty.channel.nio.NioEventLoop.run(NioEventLoop.java:458)
	at org.apache.ratis.thirdparty.io.netty.util.concurrent.SingleThreadEventExecutor$5.run(SingleThreadEventExecutor.java:897)
	at org.apache.ratis.thirdparty.io.netty.util.concurrent.FastThreadLocalRunnable.run(FastThreadLocalRunnable.java:30)
	... 1 more
Caused by: java.net.ConnectException: Connection refused
	... 11 more
2019-09-18 16:17:27,656 [2423363d-8469-460a-b110-ac84e5495342:group-EABD82DC7AB2:LeaderElection90] INFO  impl.LeaderElection (LogUtils.java:infoOrTrace(149)) -   Exception 1: {}
java.util.concurrent.ExecutionException: org.apache.ratis.thirdparty.io.grpc.StatusRuntimeException: UNAVAILABLE: io exception
	at java.util.concurrent.FutureTask.report(FutureTask.java:122)
	at java.util.concurrent.FutureTask.get(FutureTask.java:192)
	at org.apache.ratis.server.impl.LeaderElection.waitForResults(LeaderElection.java:262)
	at org.apache.ratis.server.impl.LeaderElection.askForVotes(LeaderElection.java:200)
	at org.apache.ratis.server.impl.LeaderElection.run(LeaderElection.java:130)
	at java.lang.Thread.run(Thread.java:748)
Caused by: org.apache.ratis.thirdparty.io.grpc.StatusRuntimeException: UNAVAILABLE: io exception
	at org.apache.ratis.thirdparty.io.grpc.stub.ClientCalls.toStatusRuntimeException(ClientCalls.java:233)
	at org.apache.ratis.thirdparty.io.grpc.stub.ClientCalls.getUnchecked(ClientCalls.java:214)
	at org.apache.ratis.thirdparty.io.grpc.stub.ClientCalls.blockingUnaryCall(ClientCalls.java:139)
	at org.apache.ratis.proto.grpc.RaftServerProtocolServiceGrpc$RaftServerProtocolServiceBlockingStub.requestVote(RaftServerProtocolServiceGrpc.java:265)
	at org.apache.ratis.grpc.server.GrpcServerProtocolClient.requestVote(GrpcServerProtocolClient.java:83)
	at org.apache.ratis.grpc.server.GrpcService.requestVote(GrpcService.java:195)
	at org.apache.ratis.server.impl.LeaderElection.lambda$submitRequests$1(LeaderElection.java:237)
	at java.util.concurrent.FutureTask.run(FutureTask.java:266)
	at java.util.concurrent.Executors$RunnableAdapter.call(Executors.java:511)
	at java.util.concurrent.FutureTask.run(FutureTask.java:266)
	at java.util.concurrent.ThreadPoolExecutor.runWorker(ThreadPoolExecutor.java:1149)
	at java.util.concurrent.ThreadPoolExecutor$Worker.run(ThreadPoolExecutor.java:624)
	... 1 more
Caused by: org.apache.ratis.thirdparty.io.netty.channel.AbstractChannel$AnnotatedConnectException: Connection refused: /192.168.5.185:33020
	at sun.nio.ch.SocketChannelImpl.checkConnect(Native Method)
	at sun.nio.ch.SocketChannelImpl.finishConnect(SocketChannelImpl.java:717)
	at org.apache.ratis.thirdparty.io.netty.channel.socket.nio.NioSocketChannel.doFinishConnect(NioSocketChannel.java:327)
	at org.apache.ratis.thirdparty.io.netty.channel.nio.AbstractNioChannel$AbstractNioUnsafe.finishConnect(AbstractNioChannel.java:340)
	at org.apache.ratis.thirdparty.io.netty.channel.nio.NioEventLoop.processSelectedKey(NioEventLoop.java:632)
	at org.apache.ratis.thirdparty.io.netty.channel.nio.NioEventLoop.processSelectedKeysOptimized(NioEventLoop.java:579)
	at org.apache.ratis.thirdparty.io.netty.channel.nio.NioEventLoop.processSelectedKeys(NioEventLoop.java:496)
	at org.apache.ratis.thirdparty.io.netty.channel.nio.NioEventLoop.run(NioEventLoop.java:458)
	at org.apache.ratis.thirdparty.io.netty.util.concurrent.SingleThreadEventExecutor$5.run(SingleThreadEventExecutor.java:897)
	at org.apache.ratis.thirdparty.io.netty.util.concurrent.FastThreadLocalRunnable.run(FastThreadLocalRunnable.java:30)
	... 1 more
Caused by: java.net.ConnectException: Connection refused
	... 11 more
2019-09-18 16:17:27,656 [2423363d-8469-460a-b110-ac84e5495342:group-EABD82DC7AB2:LeaderElection90] INFO  impl.RaftServerImpl (RaftServerImpl.java:setRole(171)) - 2423363d-8469-460a-b110-ac84e5495342:group-EABD82DC7AB2 changes role from CANDIDATE to FOLLOWER at term 6 for DISCOVERED_A_NEW_TERM
2019-09-18 16:17:27,656 [2423363d-8469-460a-b110-ac84e5495342:group-EABD82DC7AB2:LeaderElection90] INFO  impl.RoleInfo (RoleInfo.java:shutdownLeaderElection(134)) - 2423363d-8469-460a-b110-ac84e5495342: shutdown LeaderElection
2019-09-18 16:17:27,656 [2423363d-8469-460a-b110-ac84e5495342:group-EABD82DC7AB2:LeaderElection90] INFO  impl.RoleInfo (RoleInfo.java:updateAndGet(143)) - 2423363d-8469-460a-b110-ac84e5495342: start FollowerState
2019-09-18 16:17:29,829 [EventQueue-StaleNodeForStaleNodeHandler] INFO  node.StaleNodeHandler (StaleNodeHandler.java:onMessage(58)) - Datanode 2423363d-8469-460a-b110-ac84e5495342{ip: 192.168.5.185, host: pr-hdds-2034-lb7qt-2171347232, networkLocation: /default-rack, certSerialId: null} moved to stale state. Finalizing its pipelines [PipelineID=0f6b5feb-767a-41f7-9caf-eabd82dc7ab2, PipelineID=a84d5242-aab0-4365-a049-bc49007da6a4]
2019-09-18 16:17:29,830 [EventQueue-StaleNodeForStaleNodeHandler] INFO  pipeline.SCMPipelineManager (SCMPipelineManager.java:finalizeAndDestroyPipeline(336)) - destroying pipeline:Pipeline[ Id: 0f6b5feb-767a-41f7-9caf-eabd82dc7ab2, Nodes: 555b68d4-2424-4ceb-b9ea-24caa74dd18d{ip: 192.168.5.185, host: pr-hdds-2034-lb7qt-2171347232, networkLocation: /default-rack, certSerialId: null}17ef1155-4979-4874-bb40-cb4e4583a7bb{ip: 192.168.5.185, host: pr-hdds-2034-lb7qt-2171347232, networkLocation: /default-rack, certSerialId: null}2423363d-8469-460a-b110-ac84e5495342{ip: 192.168.5.185, host: pr-hdds-2034-lb7qt-2171347232, networkLocation: /default-rack, certSerialId: null}, Type:RATIS, Factor:THREE, State:CLOSED]
2019-09-18 16:17:29,830 [EventQueue-StaleNodeForStaleNodeHandler] INFO  pipeline.SCMPipelineManager (SCMPipelineManager.java:finalizeAndDestroyPipeline(336)) - destroying pipeline:Pipeline[ Id: a84d5242-aab0-4365-a049-bc49007da6a4, Nodes: 2423363d-8469-460a-b110-ac84e5495342{ip: 192.168.5.185, host: pr-hdds-2034-lb7qt-2171347232, networkLocation: /default-rack, certSerialId: null}, Type:RATIS, Factor:ONE, State:OPEN]
2019-09-18 16:17:29,830 [EventQueue-StaleNodeForStaleNodeHandler] INFO  pipeline.PipelineStateManager (PipelineStateManager.java:finalizePipeline(123)) - Pipeline Pipeline[ Id: a84d5242-aab0-4365-a049-bc49007da6a4, Nodes: 2423363d-8469-460a-b110-ac84e5495342{ip: 192.168.5.185, host: pr-hdds-2034-lb7qt-2171347232, networkLocation: /default-rack, certSerialId: null}, Type:RATIS, Factor:ONE, State:CLOSED] moved to CLOSED state
2019-09-18 16:17:30,708 [main] INFO  ozoneimpl.OzoneContainer (OzoneContainer.java:stop(199)) - Attempting to stop container services.
2019-09-18 16:17:30,709 [main] INFO  impl.RaftServerProxy (RaftServerProxy.java:lambda$close$4(314)) - 2423363d-8469-460a-b110-ac84e5495342: close
2019-09-18 16:17:30,710 [main] INFO  impl.RaftServerImpl (RaftServerImpl.java:lambda$shutdown$3(245)) - 2423363d-8469-460a-b110-ac84e5495342: shutdown group-EABD82DC7AB2
2019-09-18 16:17:30,710 [main] INFO  util.JmxRegister (JmxRegister.java:unregister(73)) - Successfully un-registered JMX Bean with object name Ratis:service=RaftServer,group=group-EABD82DC7AB2,id=2423363d-8469-460a-b110-ac84e5495342
2019-09-18 16:17:30,711 [main] INFO  impl.RoleInfo (RoleInfo.java:shutdownFollowerState(121)) - 2423363d-8469-460a-b110-ac84e5495342: shutdown FollowerState
2019-09-18 16:17:30,711 [main] INFO  impl.StateMachineUpdater (StateMachineUpdater.java:stopAndJoin(115)) - StateMachineUpdater:2423363d-8469-460a-b110-ac84e5495342:group-EABD82DC7AB2: set stopIndex = 8
2019-09-18 16:17:30,711 [Thread-5226] INFO  impl.FollowerState (FollowerState.java:run(114)) - 2423363d-8469-460a-b110-ac84e5495342: FollowerState was interrupted: java.lang.InterruptedException: sleep interrupted
2019-09-18 16:17:30,711 [StateMachineUpdater:2423363d-8469-460a-b110-ac84e5495342:group-EABD82DC7AB2] INFO  ratis.ContainerStateMachine (ContainerStateMachine.java:takeSnapshot(283)) - group-EABD82DC7AB2: Taking a snapshot at:(t:5, i:8) file /workdir/hadoop-ozone/integration-test/target/test-dir/MiniOzoneClusterImpl-d91fdf1f-9aec-46f4-8801-046e27073747/datanode-5/data/ratis/0f6b5feb-767a-41f7-9caf-eabd82dc7ab2/sm/snapshot.5_8
2019-09-18 16:17:30,733 [StateMachineUpdater:2423363d-8469-460a-b110-ac84e5495342:group-EABD82DC7AB2] INFO  ratis.ContainerStateMachine (ContainerStateMachine.java:takeSnapshot(294)) - group-EABD82DC7AB2: Finished taking a snapshot at:(t:5, i:8) file:/workdir/hadoop-ozone/integration-test/target/test-dir/MiniOzoneClusterImpl-d91fdf1f-9aec-46f4-8801-046e27073747/datanode-5/data/ratis/0f6b5feb-767a-41f7-9caf-eabd82dc7ab2/sm/snapshot.5_8 time:22
2019-09-18 16:17:30,733 [StateMachineUpdater:2423363d-8469-460a-b110-ac84e5495342:group-EABD82DC7AB2] INFO  impl.StateMachineUpdater (StateMachineUpdater.java:takeSnapshot(242)) - StateMachineUpdater:2423363d-8469-460a-b110-ac84e5495342:group-EABD82DC7AB2: Took a snapshot at index 8
2019-09-18 16:17:30,733 [StateMachineUpdater:2423363d-8469-460a-b110-ac84e5495342:group-EABD82DC7AB2] INFO  impl.StateMachineUpdater (StateMachineUpdater.java:lambda$new$0(80)) - StateMachineUpdater:2423363d-8469-460a-b110-ac84e5495342:group-EABD82DC7AB2: snapshotIndex: updateIncreasingly -1 -> 8
2019-09-18 16:17:30,734 [main] INFO  impl.RaftServerImpl (ServerState.java:close(394)) - 2423363d-8469-460a-b110-ac84e5495342:group-EABD82DC7AB2 closes. The last applied log index is 8
2019-09-18 16:17:30,734 [2423363d-8469-460a-b110-ac84e5495342-SegmentedRaftLogWorker:Storage Directory /workdir/hadoop-ozone/integration-test/target/test-dir/MiniOzoneClusterImpl-d91fdf1f-9aec-46f4-8801-046e27073747/datanode-5/data/ratis/0f6b5feb-767a-41f7-9caf-eabd82dc7ab2] INFO  segmented.SegmentedRaftLogWorker (SegmentedRaftLogWorker.java:run(313)) - 2423363d-8469-460a-b110-ac84e5495342-SegmentedRaftLogWorker:Storage Directory /workdir/hadoop-ozone/integration-test/target/test-dir/MiniOzoneClusterImpl-d91fdf1f-9aec-46f4-8801-046e27073747/datanode-5/data/ratis/0f6b5feb-767a-41f7-9caf-eabd82dc7ab2 was interrupted, exiting. There are 0 tasks remaining in the queue.
2019-09-18 16:17:30,735 [main] INFO  segmented.SegmentedRaftLogWorker (SegmentedRaftLogWorker.java:close(228)) - 2423363d-8469-460a-b110-ac84e5495342-SegmentedRaftLogWorker:Storage Directory /workdir/hadoop-ozone/integration-test/target/test-dir/MiniOzoneClusterImpl-d91fdf1f-9aec-46f4-8801-046e27073747/datanode-5/data/ratis/0f6b5feb-767a-41f7-9caf-eabd82dc7ab2 close()
2019-09-18 16:17:30,735 [main] INFO  impl.RaftServerImpl (RaftServerImpl.java:lambda$shutdown$3(245)) - 2423363d-8469-460a-b110-ac84e5495342: shutdown group-BC49007DA6A4
2019-09-18 16:17:30,736 [main] INFO  util.JmxRegister (JmxRegister.java:unregister(73)) - Successfully un-registered JMX Bean with object name Ratis:service=RaftServer,group=group-BC49007DA6A4,id=2423363d-8469-460a-b110-ac84e5495342
2019-09-18 16:17:30,736 [main] INFO  impl.RoleInfo (RoleInfo.java:shutdownLeaderState(104)) - 2423363d-8469-460a-b110-ac84e5495342: shutdown LeaderState
2019-09-18 16:17:30,737 [main] INFO  impl.PendingRequests (PendingRequests.java:sendNotLeaderResponses(202)) - 2423363d-8469-460a-b110-ac84e5495342-PendingRequests: sendNotLeaderResponses
2019-09-18 16:17:30,737 [main] INFO  impl.StateMachineUpdater (StateMachineUpdater.java:stopAndJoin(115)) - StateMachineUpdater:2423363d-8469-460a-b110-ac84e5495342:group-BC49007DA6A4: set stopIndex = 0
2019-09-18 16:17:30,738 [main] INFO  impl.RaftServerImpl (ServerState.java:close(394)) - 2423363d-8469-460a-b110-ac84e5495342:group-BC49007DA6A4 closes. The last applied log index is 0
2019-09-18 16:17:30,738 [2423363d-8469-460a-b110-ac84e5495342-SegmentedRaftLogWorker:Storage Directory /workdir/hadoop-ozone/integration-test/target/test-dir/MiniOzoneClusterImpl-d91fdf1f-9aec-46f4-8801-046e27073747/datanode-5/data/ratis/a84d5242-aab0-4365-a049-bc49007da6a4] INFO  segmented.SegmentedRaftLogWorker (SegmentedRaftLogWorker.java:run(313)) - 2423363d-8469-460a-b110-ac84e5495342-SegmentedRaftLogWorker:Storage Directory /workdir/hadoop-ozone/integration-test/target/test-dir/MiniOzoneClusterImpl-d91fdf1f-9aec-46f4-8801-046e27073747/datanode-5/data/ratis/a84d5242-aab0-4365-a049-bc49007da6a4 was interrupted, exiting. There are 0 tasks remaining in the queue.
2019-09-18 16:17:30,738 [main] INFO  segmented.SegmentedRaftLogWorker (SegmentedRaftLogWorker.java:close(228)) - 2423363d-8469-460a-b110-ac84e5495342-SegmentedRaftLogWorker:Storage Directory /workdir/hadoop-ozone/integration-test/target/test-dir/MiniOzoneClusterImpl-d91fdf1f-9aec-46f4-8801-046e27073747/datanode-5/data/ratis/a84d5242-aab0-4365-a049-bc49007da6a4 close()
2019-09-18 16:17:30,739 [main] INFO  server.GrpcService (GrpcService.java:closeImpl(155)) - 2423363d-8469-460a-b110-ac84e5495342: shutdown server with port 43904 now
2019-09-18 16:17:30,740 [main] INFO  server.GrpcService (GrpcService.java:closeImpl(163)) - 2423363d-8469-460a-b110-ac84e5495342: shutdown server with port 43904 successfully
2019-09-18 16:17:30,744 [main] INFO  utils.BackgroundService (BackgroundService.java:shutdown(148)) - Shutting down service BlockDeletingService
2019-09-18 16:17:30,745 [refreshUsed-/workdir/hadoop-ozone/integration-test/target/test-dir/MiniOzoneClusterImpl-d91fdf1f-9aec-46f4-8801-046e27073747/datanode-5/data/containers] WARN  fs.CachingGetSpaceUsed (CachingGetSpaceUsed.java:run(183)) - Thread Interrupted waiting to refresh disk information: sleep interrupted
2019-09-18 16:17:30,765 [main] INFO  statemachine.DatanodeStateMachine (DatanodeStateMachine.java:stopDaemon(401)) - Ozone container server stopped.
2019-09-18 16:17:30,766 [main] INFO  handler.ContextHandler (ContextHandler.java:doStop(910)) - Stopped o.e.j.w.WebAppContext@1b0c0b3e{/,null,UNAVAILABLE}{/hddsDatanode}
2019-09-18 16:17:30,766 [main] INFO  server.AbstractConnector (AbstractConnector.java:doStop(318)) - Stopped ServerConnector@2fc7698c{HTTP/1.1,[http/1.1]}{0.0.0.0:0}
2019-09-18 16:17:30,767 [main] INFO  handler.ContextHandler (ContextHandler.java:doStop(910)) - Stopped o.e.j.s.ServletContextHandler@687e94f2{/static,jar:file:/home/user/.m2/repository/org/apache/hadoop/hadoop-hdds-container-service/0.5.0-SNAPSHOT/hadoop-hdds-container-service-0.5.0-SNAPSHOT.jar!/webapps/static,UNAVAILABLE}
2019-09-18 16:17:30,767 [main] INFO  handler.ContextHandler (ContextHandler.java:doStop(910)) - Stopped o.e.j.s.ServletContextHandler@1c8cacce{/logs,file:///workdir/hadoop-ozone/integration-test/target/log,UNAVAILABLE}
2019-09-18 16:17:30,768 [main] INFO  ozone.MiniOzoneClusterImpl (MiniOzoneClusterImpl.java:stop(359)) - Stopping the StorageContainerManager
2019-09-18 16:17:30,768 [main] INFO  server.StorageContainerManager (StorageContainerManager.java:stop(799)) - Stopping Replication Manager Service.
2019-09-18 16:17:30,769 [main] INFO  container.ReplicationManager (ReplicationManager.java:stop(192)) - Stopping Replication Monitor Thread.
2019-09-18 16:17:30,769 [main] INFO  server.StorageContainerManager (StorageContainerManager.java:stop(806)) - Stopping Lease Manager of the command watchers
2019-09-18 16:17:30,769 [main] INFO  server.StorageContainerManager (StorageContainerManager.java:stop(813)) - Stopping datanode service RPC server
2019-09-18 16:17:30,769 [main] INFO  server.SCMDatanodeProtocolServer (SCMDatanodeProtocolServer.java:stop(387)) - Stopping the RPC server for DataNodes
2019-09-18 16:17:30,769 [main] INFO  ipc.Server (Server.java:stop(3082)) - Stopping server on 43668
2019-09-18 16:17:30,772 [IPC Server listener on 43668] INFO  ipc.Server (Server.java:run(1185)) - Stopping IPC Server listener on 43668
2019-09-18 16:17:30,772 [IPC Server Responder] INFO  ipc.Server (Server.java:run(1319)) - Stopping IPC Server Responder
2019-09-18 16:17:30,830 [SCM Heartbeat Processing Thread - 0] WARN  node.NodeStateManager (NodeStateManager.java:scheduleNextHealthCheck(655)) - Current Thread is interrupted, shutting down HB processing thread for Node Manager.
2019-09-18 16:17:30,831 [main] INFO  server.StorageContainerManager (StorageContainerManager.java:stop(821)) - Stopping block service RPC server
2019-09-18 16:17:30,831 [main] INFO  server.SCMBlockProtocolServer (SCMBlockProtocolServer.java:stop(148)) - Stopping the RPC server for Block Protocol
2019-09-18 16:17:30,831 [main] INFO  ipc.Server (Server.java:stop(3082)) - Stopping server on 43891
2019-09-18 16:17:30,833 [IPC Server listener on 43891] INFO  ipc.Server (Server.java:run(1185)) - Stopping IPC Server listener on 43891
2019-09-18 16:17:30,833 [main] INFO  server.StorageContainerManager (StorageContainerManager.java:stop(828)) - Stopping the StorageContainerLocationProtocol RPC server
2019-09-18 16:17:30,839 [IPC Server Responder] INFO  ipc.Server (Server.java:run(1319)) - Stopping IPC Server Responder
2019-09-18 16:17:30,839 [main] INFO  server.SCMClientProtocolServer (SCMClientProtocolServer.java:stop(159)) - Stopping the RPC server for Client Protocol
2019-09-18 16:17:30,840 [main] INFO  ipc.Server (Server.java:stop(3082)) - Stopping server on 40502
2019-09-18 16:17:30,843 [IPC Server listener on 40502] INFO  ipc.Server (Server.java:run(1185)) - Stopping IPC Server listener on 40502
2019-09-18 16:17:30,843 [main] INFO  server.StorageContainerManager (StorageContainerManager.java:stop(835)) - Stopping Storage Container Manager HTTP server.
2019-09-18 16:17:30,844 [IPC Server Responder] INFO  ipc.Server (Server.java:run(1319)) - Stopping IPC Server Responder
2019-09-18 16:17:30,845 [main] INFO  handler.ContextHandler (ContextHandler.java:doStop(910)) - Stopped o.e.j.w.WebAppContext@6eb96567{/,null,UNAVAILABLE}{/scm}
2019-09-18 16:17:30,847 [main] INFO  server.AbstractConnector (AbstractConnector.java:doStop(318)) - Stopped ServerConnector@53309bfd{HTTP/1.1,[http/1.1]}{0.0.0.0:0}
2019-09-18 16:17:30,848 [main] INFO  handler.ContextHandler (ContextHandler.java:doStop(910)) - Stopped o.e.j.s.ServletContextHandler@40052266{/static,file:///workdir/hadoop-ozone/integration-test/target/test-classes/webapps/static,UNAVAILABLE}
2019-09-18 16:17:30,848 [main] INFO  handler.ContextHandler (ContextHandler.java:doStop(910)) - Stopped o.e.j.s.ServletContextHandler@69235eea{/logs,file:///workdir/hadoop-ozone/integration-test/target/log,UNAVAILABLE}
2019-09-18 16:17:30,850 [main] INFO  server.StorageContainerManager (StorageContainerManager.java:stop(846)) - Stopping Block Manager Service.
2019-09-18 16:17:30,850 [main] INFO  utils.BackgroundService (BackgroundService.java:shutdown(148)) - Shutting down service SCMBlockDeletingService
2019-09-18 16:17:30,852 [main] INFO  utils.BackgroundService (BackgroundService.java:shutdown(148)) - Shutting down service SCMBlockDeletingService
2019-09-18 16:17:30,853 [main] INFO  server.StorageContainerManager (StorageContainerManager.java:stop(868)) - Stopping SCM Event Queue.
2019-09-18 16:17:30,859 [main] INFO  impl.MetricsSystemImpl (MetricsSystemImpl.java:stop(210)) - Stopping HddsDatanode metrics system...
2019-09-18 16:17:30,879 [main] INFO  impl.MetricsSystemImpl (MetricsSystemImpl.java:stop(216)) - HddsDatanode metrics system stopped.
]]></system-out>
    <system-err><![CDATA[Sep 18, 2019 4:16:43 PM com.sun.jersey.server.impl.application.WebApplicationImpl _initiate
INFO: Initiating Jersey application, version 'Jersey: 1.19 02/11/2015 03:25 AM'
Sep 18, 2019 4:16:43 PM com.sun.jersey.server.impl.application.WebApplicationImpl _initiate
INFO: Initiating Jersey application, version 'Jersey: 1.19 02/11/2015 03:25 AM'
Sep 18, 2019 4:16:44 PM com.sun.jersey.server.impl.application.WebApplicationImpl _initiate
INFO: Initiating Jersey application, version 'Jersey: 1.19 02/11/2015 03:25 AM'
Sep 18, 2019 4:16:44 PM com.sun.jersey.server.impl.application.WebApplicationImpl _initiate
INFO: Initiating Jersey application, version 'Jersey: 1.19 02/11/2015 03:25 AM'
Sep 18, 2019 4:16:44 PM com.sun.jersey.server.impl.application.WebApplicationImpl _initiate
INFO: Initiating Jersey application, version 'Jersey: 1.19 02/11/2015 03:25 AM'
Sep 18, 2019 4:16:44 PM com.sun.jersey.server.impl.application.WebApplicationImpl _initiate
INFO: Initiating Jersey application, version 'Jersey: 1.19 02/11/2015 03:25 AM'
Sep 18, 2019 4:16:45 PM com.sun.jersey.server.impl.application.WebApplicationImpl _initiate
INFO: Initiating Jersey application, version 'Jersey: 1.19 02/11/2015 03:25 AM'
Sep 18, 2019 4:16:46 PM org.apache.ratis.thirdparty.io.grpc.internal.ManagedChannelOrphanWrapper$ManagedChannelReference cleanQueue
SEVERE: *~*~*~ Channel ManagedChannelImpl{logId=3491, target=192.168.5.185:44741} was not shutdown properly!!! ~*~*~*
    Make sure to call shutdown()/shutdownNow() and wait until awaitTermination() returns true.
java.lang.RuntimeException: ManagedChannel allocation site
	at org.apache.ratis.thirdparty.io.grpc.internal.ManagedChannelOrphanWrapper$ManagedChannelReference.<init>(ManagedChannelOrphanWrapper.java:103)
	at org.apache.ratis.thirdparty.io.grpc.internal.ManagedChannelOrphanWrapper.<init>(ManagedChannelOrphanWrapper.java:53)
	at org.apache.ratis.thirdparty.io.grpc.internal.ManagedChannelOrphanWrapper.<init>(ManagedChannelOrphanWrapper.java:44)
	at org.apache.ratis.thirdparty.io.grpc.internal.AbstractManagedChannelImplBuilder.build(AbstractManagedChannelImplBuilder.java:411)
	at org.apache.ratis.grpc.client.GrpcClientProtocolClient.<init>(GrpcClientProtocolClient.java:119)
	at org.apache.ratis.grpc.client.GrpcClientRpc.lambda$new$0(GrpcClientRpc.java:55)
	at org.apache.ratis.util.PeerProxyMap$PeerAndProxy.lambda$getProxy$0(PeerProxyMap.java:61)
	at org.apache.ratis.util.LifeCycle.startAndTransition(LifeCycle.java:202)
	at org.apache.ratis.util.PeerProxyMap$PeerAndProxy.getProxy(PeerProxyMap.java:60)
	at org.apache.ratis.util.PeerProxyMap.getProxy(PeerProxyMap.java:107)
	at org.apache.ratis.grpc.client.GrpcClientRpc.sendRequestAsync(GrpcClientRpc.java:66)
	at org.apache.ratis.client.impl.OrderedAsync.sendRequest(OrderedAsync.java:208)
	at org.apache.ratis.client.impl.OrderedAsync.sendRequestWithRetry(OrderedAsync.java:169)
	at org.apache.ratis.util.SlidingWindow$Client.sendOrDelayRequest(SlidingWindow.java:278)
	at org.apache.ratis.util.SlidingWindow$Client.retry(SlidingWindow.java:294)
	at org.apache.ratis.client.impl.OrderedAsync.lambda$scheduleWithTimeout$7(OrderedAsync.java:195)
	at org.apache.ratis.util.TimeoutScheduler.lambda$onTimeout$0(TimeoutScheduler.java:85)
	at org.apache.ratis.util.TimeoutScheduler.lambda$onTimeout$1(TimeoutScheduler.java:104)
	at org.apache.ratis.util.LogUtils.runAndLog(LogUtils.java:50)
	at org.apache.ratis.util.LogUtils$1.run(LogUtils.java:91)
	at java.util.concurrent.Executors$RunnableAdapter.call(Executors.java:511)
	at java.util.concurrent.FutureTask.run(FutureTask.java:266)
	at java.util.concurrent.ScheduledThreadPoolExecutor$ScheduledFutureTask.access$201(ScheduledThreadPoolExecutor.java:180)
	at java.util.concurrent.ScheduledThreadPoolExecutor$ScheduledFutureTask.run(ScheduledThreadPoolExecutor.java:293)
	at java.util.concurrent.ThreadPoolExecutor.runWorker(ThreadPoolExecutor.java:1149)
	at java.util.concurrent.ThreadPoolExecutor$Worker.run(ThreadPoolExecutor.java:624)
	at java.lang.Thread.run(Thread.java:748)

Sep 18, 2019 4:16:46 PM org.apache.ratis.thirdparty.io.grpc.internal.ManagedChannelOrphanWrapper$ManagedChannelReference cleanQueue
SEVERE: *~*~*~ Channel ManagedChannelImpl{logId=3534, target=192.168.5.185:41017} was not shutdown properly!!! ~*~*~*
    Make sure to call shutdown()/shutdownNow() and wait until awaitTermination() returns true.
java.lang.RuntimeException: ManagedChannel allocation site
	at org.apache.ratis.thirdparty.io.grpc.internal.ManagedChannelOrphanWrapper$ManagedChannelReference.<init>(ManagedChannelOrphanWrapper.java:103)
	at org.apache.ratis.thirdparty.io.grpc.internal.ManagedChannelOrphanWrapper.<init>(ManagedChannelOrphanWrapper.java:53)
	at org.apache.ratis.thirdparty.io.grpc.internal.ManagedChannelOrphanWrapper.<init>(ManagedChannelOrphanWrapper.java:44)
	at org.apache.ratis.thirdparty.io.grpc.internal.AbstractManagedChannelImplBuilder.build(AbstractManagedChannelImplBuilder.java:411)
	at org.apache.hadoop.hdds.scm.XceiverClientGrpc.connectToDatanode(XceiverClientGrpc.java:175)
	at org.apache.hadoop.hdds.scm.XceiverClientGrpc.reconnect(XceiverClientGrpc.java:423)
	at org.apache.hadoop.hdds.scm.XceiverClientGrpc.sendCommandAsync(XceiverClientGrpc.java:372)
	at org.apache.hadoop.hdds.scm.XceiverClientGrpc.sendCommandWithRetry(XceiverClientGrpc.java:285)
	at org.apache.hadoop.hdds.scm.XceiverClientGrpc.sendCommandWithTraceIDAndRetry(XceiverClientGrpc.java:251)
	at org.apache.hadoop.hdds.scm.XceiverClientGrpc.sendCommand(XceiverClientGrpc.java:234)
	at org.apache.hadoop.hdds.scm.storage.ContainerProtocolCalls.getBlock(ContainerProtocolCalls.java:118)
	at org.apache.hadoop.hdds.scm.storage.BlockInputStream.getChunkInfos(BlockInputStream.java:167)
	at org.apache.hadoop.hdds.scm.storage.BlockInputStream.initialize(BlockInputStream.java:118)
	at org.apache.hadoop.hdds.scm.storage.BlockInputStream.read(BlockInputStream.java:222)
	at org.apache.hadoop.ozone.client.io.KeyInputStream.read(KeyInputStream.java:171)
	at org.apache.hadoop.ozone.client.io.OzoneInputStream.read(OzoneInputStream.java:47)
	at java.io.InputStream.read(InputStream.java:101)
	at org.apache.hadoop.ozone.container.ContainerTestHelper.validateData(ContainerTestHelper.java:713)
	at org.apache.hadoop.ozone.client.rpc.TestBlockOutputStreamWithFailures.validateData(TestBlockOutputStreamWithFailures.java:1216)
	at org.apache.hadoop.ozone.client.rpc.TestBlockOutputStreamWithFailures.testWatchForCommitWithCloseContainerException(TestBlockOutputStreamWithFailures.java:260)
	at sun.reflect.NativeMethodAccessorImpl.invoke0(Native Method)
	at sun.reflect.NativeMethodAccessorImpl.invoke(NativeMethodAccessorImpl.java:62)
	at sun.reflect.DelegatingMethodAccessorImpl.invoke(DelegatingMethodAccessorImpl.java:43)
	at java.lang.reflect.Method.invoke(Method.java:498)
	at org.junit.runners.model.FrameworkMethod$1.runReflectiveCall(FrameworkMethod.java:47)
	at org.junit.internal.runners.model.ReflectiveCallable.run(ReflectiveCallable.java:12)
	at org.junit.runners.model.FrameworkMethod.invokeExplosively(FrameworkMethod.java:44)
	at org.junit.internal.runners.statements.InvokeMethod.evaluate(InvokeMethod.java:17)
	at org.junit.internal.runners.statements.RunBefores.evaluate(RunBefores.java:26)
	at org.junit.internal.runners.statements.RunAfters.evaluate(RunAfters.java:27)
	at org.junit.runners.ParentRunner.runLeaf(ParentRunner.java:271)
	at org.junit.runners.BlockJUnit4ClassRunner.runChild(BlockJUnit4ClassRunner.java:70)
	at org.junit.runners.BlockJUnit4ClassRunner.runChild(BlockJUnit4ClassRunner.java:50)
	at org.junit.runners.ParentRunner$3.run(ParentRunner.java:238)
	at org.junit.runners.ParentRunner$1.schedule(ParentRunner.java:63)
	at org.junit.runners.ParentRunner.runChildren(ParentRunner.java:236)
	at org.junit.runners.ParentRunner.access$000(ParentRunner.java:53)
	at org.junit.runners.ParentRunner$2.evaluate(ParentRunner.java:229)
	at org.junit.runners.ParentRunner.run(ParentRunner.java:309)
	at org.apache.maven.surefire.junit4.JUnit4Provider.execute(JUnit4Provider.java:365)
	at org.apache.maven.surefire.junit4.JUnit4Provider.executeWithRerun(JUnit4Provider.java:273)
	at org.apache.maven.surefire.junit4.JUnit4Provider.executeTestSet(JUnit4Provider.java:238)
	at org.apache.maven.surefire.junit4.JUnit4Provider.invoke(JUnit4Provider.java:159)
	at org.apache.maven.surefire.booter.ForkedBooter.invokeProviderInSameClassLoader(ForkedBooter.java:384)
	at org.apache.maven.surefire.booter.ForkedBooter.runSuitesInProcess(ForkedBooter.java:345)
	at org.apache.maven.surefire.booter.ForkedBooter.execute(ForkedBooter.java:126)
	at org.apache.maven.surefire.booter.ForkedBooter.main(ForkedBooter.java:418)

Sep 18, 2019 4:16:46 PM org.apache.ratis.thirdparty.io.grpc.internal.ManagedChannelOrphanWrapper$ManagedChannelReference cleanQueue
SEVERE: *~*~*~ Channel ManagedChannelImpl{logId=3524, target=192.168.5.185:41017} was not shutdown properly!!! ~*~*~*
    Make sure to call shutdown()/shutdownNow() and wait until awaitTermination() returns true.
java.lang.RuntimeException: ManagedChannel allocation site
	at org.apache.ratis.thirdparty.io.grpc.internal.ManagedChannelOrphanWrapper$ManagedChannelReference.<init>(ManagedChannelOrphanWrapper.java:103)
	at org.apache.ratis.thirdparty.io.grpc.internal.ManagedChannelOrphanWrapper.<init>(ManagedChannelOrphanWrapper.java:53)
	at org.apache.ratis.thirdparty.io.grpc.internal.ManagedChannelOrphanWrapper.<init>(ManagedChannelOrphanWrapper.java:44)
	at org.apache.ratis.thirdparty.io.grpc.internal.AbstractManagedChannelImplBuilder.build(AbstractManagedChannelImplBuilder.java:411)
	at org.apache.hadoop.hdds.scm.XceiverClientGrpc.connectToDatanode(XceiverClientGrpc.java:175)
	at org.apache.hadoop.hdds.scm.XceiverClientGrpc.reconnect(XceiverClientGrpc.java:423)
	at org.apache.hadoop.hdds.scm.XceiverClientGrpc.sendCommandAsync(XceiverClientGrpc.java:372)
	at org.apache.hadoop.hdds.scm.XceiverClientGrpc.sendCommandWithRetry(XceiverClientGrpc.java:285)
	at org.apache.hadoop.hdds.scm.XceiverClientGrpc.sendCommandWithTraceIDAndRetry(XceiverClientGrpc.java:251)
	at org.apache.hadoop.hdds.scm.XceiverClientGrpc.sendCommand(XceiverClientGrpc.java:234)
	at org.apache.hadoop.hdds.scm.storage.ContainerProtocolCalls.readChunk(ContainerProtocolCalls.java:245)
	at org.apache.hadoop.hdds.scm.storage.ChunkInputStream.readChunk(ChunkInputStream.java:335)
	at org.apache.hadoop.hdds.scm.storage.ChunkInputStream.readChunkFromContainer(ChunkInputStream.java:307)
	at org.apache.hadoop.hdds.scm.storage.ChunkInputStream.prepareRead(ChunkInputStream.java:259)
	at org.apache.hadoop.hdds.scm.storage.ChunkInputStream.read(ChunkInputStream.java:144)
	at org.apache.hadoop.hdds.scm.storage.BlockInputStream.read(BlockInputStream.java:239)
	at org.apache.hadoop.ozone.client.io.KeyInputStream.read(KeyInputStream.java:171)
	at org.apache.hadoop.ozone.client.io.OzoneInputStream.read(OzoneInputStream.java:47)
	at java.io.InputStream.read(InputStream.java:101)
	at org.apache.hadoop.ozone.container.ContainerTestHelper.validateData(ContainerTestHelper.java:713)
	at org.apache.hadoop.ozone.client.rpc.TestBlockOutputStreamWithFailures.validateData(TestBlockOutputStreamWithFailures.java:1216)
	at org.apache.hadoop.ozone.client.rpc.TestBlockOutputStreamWithFailures.testWatchForCommitWithCloseContainerException(TestBlockOutputStreamWithFailures.java:260)
	at sun.reflect.NativeMethodAccessorImpl.invoke0(Native Method)
	at sun.reflect.NativeMethodAccessorImpl.invoke(NativeMethodAccessorImpl.java:62)
	at sun.reflect.DelegatingMethodAccessorImpl.invoke(DelegatingMethodAccessorImpl.java:43)
	at java.lang.reflect.Method.invoke(Method.java:498)
	at org.junit.runners.model.FrameworkMethod$1.runReflectiveCall(FrameworkMethod.java:47)
	at org.junit.internal.runners.model.ReflectiveCallable.run(ReflectiveCallable.java:12)
	at org.junit.runners.model.FrameworkMethod.invokeExplosively(FrameworkMethod.java:44)
	at org.junit.internal.runners.statements.InvokeMethod.evaluate(InvokeMethod.java:17)
	at org.junit.internal.runners.statements.RunBefores.evaluate(RunBefores.java:26)
	at org.junit.internal.runners.statements.RunAfters.evaluate(RunAfters.java:27)
	at org.junit.runners.ParentRunner.runLeaf(ParentRunner.java:271)
	at org.junit.runners.BlockJUnit4ClassRunner.runChild(BlockJUnit4ClassRunner.java:70)
	at org.junit.runners.BlockJUnit4ClassRunner.runChild(BlockJUnit4ClassRunner.java:50)
	at org.junit.runners.ParentRunner$3.run(ParentRunner.java:238)
	at org.junit.runners.ParentRunner$1.schedule(ParentRunner.java:63)
	at org.junit.runners.ParentRunner.runChildren(ParentRunner.java:236)
	at org.junit.runners.ParentRunner.access$000(ParentRunner.java:53)
	at org.junit.runners.ParentRunner$2.evaluate(ParentRunner.java:229)
	at org.junit.runners.ParentRunner.run(ParentRunner.java:309)
	at org.apache.maven.surefire.junit4.JUnit4Provider.execute(JUnit4Provider.java:365)
	at org.apache.maven.surefire.junit4.JUnit4Provider.executeWithRerun(JUnit4Provider.java:273)
	at org.apache.maven.surefire.junit4.JUnit4Provider.executeTestSet(JUnit4Provider.java:238)
	at org.apache.maven.surefire.junit4.JUnit4Provider.invoke(JUnit4Provider.java:159)
	at org.apache.maven.surefire.booter.ForkedBooter.invokeProviderInSameClassLoader(ForkedBooter.java:384)
	at org.apache.maven.surefire.booter.ForkedBooter.runSuitesInProcess(ForkedBooter.java:345)
	at org.apache.maven.surefire.booter.ForkedBooter.execute(ForkedBooter.java:126)
	at org.apache.maven.surefire.booter.ForkedBooter.main(ForkedBooter.java:418)

Sep 18, 2019 4:16:46 PM org.apache.ratis.thirdparty.io.grpc.internal.ManagedChannelOrphanWrapper$ManagedChannelReference cleanQueue
SEVERE: *~*~*~ Channel ManagedChannelImpl{logId=3539, target=192.168.5.185:40402} was not shutdown properly!!! ~*~*~*
    Make sure to call shutdown()/shutdownNow() and wait until awaitTermination() returns true.
java.lang.RuntimeException: ManagedChannel allocation site
	at org.apache.ratis.thirdparty.io.grpc.internal.ManagedChannelOrphanWrapper$ManagedChannelReference.<init>(ManagedChannelOrphanWrapper.java:103)
	at org.apache.ratis.thirdparty.io.grpc.internal.ManagedChannelOrphanWrapper.<init>(ManagedChannelOrphanWrapper.java:53)
	at org.apache.ratis.thirdparty.io.grpc.internal.ManagedChannelOrphanWrapper.<init>(ManagedChannelOrphanWrapper.java:44)
	at org.apache.ratis.thirdparty.io.grpc.internal.AbstractManagedChannelImplBuilder.build(AbstractManagedChannelImplBuilder.java:411)
	at org.apache.hadoop.hdds.scm.XceiverClientGrpc.connectToDatanode(XceiverClientGrpc.java:175)
	at org.apache.hadoop.hdds.scm.XceiverClientGrpc.reconnect(XceiverClientGrpc.java:423)
	at org.apache.hadoop.hdds.scm.XceiverClientGrpc.sendCommandAsync(XceiverClientGrpc.java:372)
	at org.apache.hadoop.hdds.scm.XceiverClientGrpc.sendCommandWithRetry(XceiverClientGrpc.java:285)
	at org.apache.hadoop.hdds.scm.XceiverClientGrpc.sendCommandWithTraceIDAndRetry(XceiverClientGrpc.java:251)
	at org.apache.hadoop.hdds.scm.XceiverClientGrpc.sendCommand(XceiverClientGrpc.java:234)
	at org.apache.hadoop.hdds.scm.storage.ContainerProtocolCalls.readChunk(ContainerProtocolCalls.java:245)
	at org.apache.hadoop.hdds.scm.storage.ChunkInputStream.readChunk(ChunkInputStream.java:335)
	at org.apache.hadoop.hdds.scm.storage.ChunkInputStream.readChunkFromContainer(ChunkInputStream.java:307)
	at org.apache.hadoop.hdds.scm.storage.ChunkInputStream.prepareRead(ChunkInputStream.java:259)
	at org.apache.hadoop.hdds.scm.storage.ChunkInputStream.read(ChunkInputStream.java:144)
	at org.apache.hadoop.hdds.scm.storage.BlockInputStream.read(BlockInputStream.java:239)
	at org.apache.hadoop.ozone.client.io.KeyInputStream.read(KeyInputStream.java:171)
	at org.apache.hadoop.ozone.client.io.OzoneInputStream.read(OzoneInputStream.java:47)
	at java.io.InputStream.read(InputStream.java:101)
	at org.apache.hadoop.ozone.container.ContainerTestHelper.validateData(ContainerTestHelper.java:713)
	at org.apache.hadoop.ozone.client.rpc.TestBlockOutputStreamWithFailures.validateData(TestBlockOutputStreamWithFailures.java:1216)
	at org.apache.hadoop.ozone.client.rpc.TestBlockOutputStreamWithFailures.testWatchForCommitWithCloseContainerException(TestBlockOutputStreamWithFailures.java:260)
	at sun.reflect.NativeMethodAccessorImpl.invoke0(Native Method)
	at sun.reflect.NativeMethodAccessorImpl.invoke(NativeMethodAccessorImpl.java:62)
	at sun.reflect.DelegatingMethodAccessorImpl.invoke(DelegatingMethodAccessorImpl.java:43)
	at java.lang.reflect.Method.invoke(Method.java:498)
	at org.junit.runners.model.FrameworkMethod$1.runReflectiveCall(FrameworkMethod.java:47)
	at org.junit.internal.runners.model.ReflectiveCallable.run(ReflectiveCallable.java:12)
	at org.junit.runners.model.FrameworkMethod.invokeExplosively(FrameworkMethod.java:44)
	at org.junit.internal.runners.statements.InvokeMethod.evaluate(InvokeMethod.java:17)
	at org.junit.internal.runners.statements.RunBefores.evaluate(RunBefores.java:26)
	at org.junit.internal.runners.statements.RunAfters.evaluate(RunAfters.java:27)
	at org.junit.runners.ParentRunner.runLeaf(ParentRunner.java:271)
	at org.junit.runners.BlockJUnit4ClassRunner.runChild(BlockJUnit4ClassRunner.java:70)
	at org.junit.runners.BlockJUnit4ClassRunner.runChild(BlockJUnit4ClassRunner.java:50)
	at org.junit.runners.ParentRunner$3.run(ParentRunner.java:238)
	at org.junit.runners.ParentRunner$1.schedule(ParentRunner.java:63)
	at org.junit.runners.ParentRunner.runChildren(ParentRunner.java:236)
	at org.junit.runners.ParentRunner.access$000(ParentRunner.java:53)
	at org.junit.runners.ParentRunner$2.evaluate(ParentRunner.java:229)
	at org.junit.runners.ParentRunner.run(ParentRunner.java:309)
	at org.apache.maven.surefire.junit4.JUnit4Provider.execute(JUnit4Provider.java:365)
	at org.apache.maven.surefire.junit4.JUnit4Provider.executeWithRerun(JUnit4Provider.java:273)
	at org.apache.maven.surefire.junit4.JUnit4Provider.executeTestSet(JUnit4Provider.java:238)
	at org.apache.maven.surefire.junit4.JUnit4Provider.invoke(JUnit4Provider.java:159)
	at org.apache.maven.surefire.booter.ForkedBooter.invokeProviderInSameClassLoader(ForkedBooter.java:384)
	at org.apache.maven.surefire.booter.ForkedBooter.runSuitesInProcess(ForkedBooter.java:345)
	at org.apache.maven.surefire.booter.ForkedBooter.execute(ForkedBooter.java:126)
	at org.apache.maven.surefire.booter.ForkedBooter.main(ForkedBooter.java:418)

Sep 18, 2019 4:16:46 PM org.apache.ratis.thirdparty.io.grpc.internal.ManagedChannelOrphanWrapper$ManagedChannelReference cleanQueue
SEVERE: *~*~*~ Channel ManagedChannelImpl{logId=3515, target=192.168.5.185:40402} was not shutdown properly!!! ~*~*~*
    Make sure to call shutdown()/shutdownNow() and wait until awaitTermination() returns true.
java.lang.RuntimeException: ManagedChannel allocation site
	at org.apache.ratis.thirdparty.io.grpc.internal.ManagedChannelOrphanWrapper$ManagedChannelReference.<init>(ManagedChannelOrphanWrapper.java:103)
	at org.apache.ratis.thirdparty.io.grpc.internal.ManagedChannelOrphanWrapper.<init>(ManagedChannelOrphanWrapper.java:53)
	at org.apache.ratis.thirdparty.io.grpc.internal.ManagedChannelOrphanWrapper.<init>(ManagedChannelOrphanWrapper.java:44)
	at org.apache.ratis.thirdparty.io.grpc.internal.AbstractManagedChannelImplBuilder.build(AbstractManagedChannelImplBuilder.java:411)
	at org.apache.hadoop.hdds.scm.XceiverClientGrpc.connectToDatanode(XceiverClientGrpc.java:175)
	at org.apache.hadoop.hdds.scm.XceiverClientGrpc.reconnect(XceiverClientGrpc.java:423)
	at org.apache.hadoop.hdds.scm.XceiverClientGrpc.sendCommandAsync(XceiverClientGrpc.java:372)
	at org.apache.hadoop.hdds.scm.XceiverClientGrpc.sendCommandWithRetry(XceiverClientGrpc.java:285)
	at org.apache.hadoop.hdds.scm.XceiverClientGrpc.sendCommandWithTraceIDAndRetry(XceiverClientGrpc.java:251)
	at org.apache.hadoop.hdds.scm.XceiverClientGrpc.sendCommand(XceiverClientGrpc.java:234)
	at org.apache.hadoop.hdds.scm.storage.ContainerProtocolCalls.getBlock(ContainerProtocolCalls.java:118)
	at org.apache.hadoop.hdds.scm.storage.BlockInputStream.getChunkInfos(BlockInputStream.java:167)
	at org.apache.hadoop.hdds.scm.storage.BlockInputStream.initialize(BlockInputStream.java:118)
	at org.apache.hadoop.hdds.scm.storage.BlockInputStream.read(BlockInputStream.java:222)
	at org.apache.hadoop.ozone.client.io.KeyInputStream.read(KeyInputStream.java:171)
	at org.apache.hadoop.ozone.client.io.OzoneInputStream.read(OzoneInputStream.java:47)
	at java.io.InputStream.read(InputStream.java:101)
	at org.apache.hadoop.ozone.container.ContainerTestHelper.validateData(ContainerTestHelper.java:713)
	at org.apache.hadoop.ozone.client.rpc.TestBlockOutputStreamWithFailures.validateData(TestBlockOutputStreamWithFailures.java:1216)
	at org.apache.hadoop.ozone.client.rpc.TestBlockOutputStreamWithFailures.testWatchForCommitWithCloseContainerException(TestBlockOutputStreamWithFailures.java:260)
	at sun.reflect.NativeMethodAccessorImpl.invoke0(Native Method)
	at sun.reflect.NativeMethodAccessorImpl.invoke(NativeMethodAccessorImpl.java:62)
	at sun.reflect.DelegatingMethodAccessorImpl.invoke(DelegatingMethodAccessorImpl.java:43)
	at java.lang.reflect.Method.invoke(Method.java:498)
	at org.junit.runners.model.FrameworkMethod$1.runReflectiveCall(FrameworkMethod.java:47)
	at org.junit.internal.runners.model.ReflectiveCallable.run(ReflectiveCallable.java:12)
	at org.junit.runners.model.FrameworkMethod.invokeExplosively(FrameworkMethod.java:44)
	at org.junit.internal.runners.statements.InvokeMethod.evaluate(InvokeMethod.java:17)
	at org.junit.internal.runners.statements.RunBefores.evaluate(RunBefores.java:26)
	at org.junit.internal.runners.statements.RunAfters.evaluate(RunAfters.java:27)
	at org.junit.runners.ParentRunner.runLeaf(ParentRunner.java:271)
	at org.junit.runners.BlockJUnit4ClassRunner.runChild(BlockJUnit4ClassRunner.java:70)
	at org.junit.runners.BlockJUnit4ClassRunner.runChild(BlockJUnit4ClassRunner.java:50)
	at org.junit.runners.ParentRunner$3.run(ParentRunner.java:238)
	at org.junit.runners.ParentRunner$1.schedule(ParentRunner.java:63)
	at org.junit.runners.ParentRunner.runChildren(ParentRunner.java:236)
	at org.junit.runners.ParentRunner.access$000(ParentRunner.java:53)
	at org.junit.runners.ParentRunner$2.evaluate(ParentRunner.java:229)
	at org.junit.runners.ParentRunner.run(ParentRunner.java:309)
	at org.apache.maven.surefire.junit4.JUnit4Provider.execute(JUnit4Provider.java:365)
	at org.apache.maven.surefire.junit4.JUnit4Provider.executeWithRerun(JUnit4Provider.java:273)
	at org.apache.maven.surefire.junit4.JUnit4Provider.executeTestSet(JUnit4Provider.java:238)
	at org.apache.maven.surefire.junit4.JUnit4Provider.invoke(JUnit4Provider.java:159)
	at org.apache.maven.surefire.booter.ForkedBooter.invokeProviderInSameClassLoader(ForkedBooter.java:384)
	at org.apache.maven.surefire.booter.ForkedBooter.runSuitesInProcess(ForkedBooter.java:345)
	at org.apache.maven.surefire.booter.ForkedBooter.execute(ForkedBooter.java:126)
	at org.apache.maven.surefire.booter.ForkedBooter.main(ForkedBooter.java:418)

Sep 18, 2019 4:16:46 PM org.apache.ratis.thirdparty.io.grpc.internal.ManagedChannelOrphanWrapper$ManagedChannelReference cleanQueue
SEVERE: *~*~*~ Channel ManagedChannelImpl{logId=3529, target=192.168.5.185:33809} was not shutdown properly!!! ~*~*~*
    Make sure to call shutdown()/shutdownNow() and wait until awaitTermination() returns true.
java.lang.RuntimeException: ManagedChannel allocation site
	at org.apache.ratis.thirdparty.io.grpc.internal.ManagedChannelOrphanWrapper$ManagedChannelReference.<init>(ManagedChannelOrphanWrapper.java:103)
	at org.apache.ratis.thirdparty.io.grpc.internal.ManagedChannelOrphanWrapper.<init>(ManagedChannelOrphanWrapper.java:53)
	at org.apache.ratis.thirdparty.io.grpc.internal.ManagedChannelOrphanWrapper.<init>(ManagedChannelOrphanWrapper.java:44)
	at org.apache.ratis.thirdparty.io.grpc.internal.AbstractManagedChannelImplBuilder.build(AbstractManagedChannelImplBuilder.java:411)
	at org.apache.hadoop.hdds.scm.XceiverClientGrpc.connectToDatanode(XceiverClientGrpc.java:175)
	at org.apache.hadoop.hdds.scm.XceiverClientGrpc.reconnect(XceiverClientGrpc.java:423)
	at org.apache.hadoop.hdds.scm.XceiverClientGrpc.sendCommandAsync(XceiverClientGrpc.java:372)
	at org.apache.hadoop.hdds.scm.XceiverClientGrpc.sendCommandWithRetry(XceiverClientGrpc.java:285)
	at org.apache.hadoop.hdds.scm.XceiverClientGrpc.sendCommandWithTraceIDAndRetry(XceiverClientGrpc.java:251)
	at org.apache.hadoop.hdds.scm.XceiverClientGrpc.sendCommand(XceiverClientGrpc.java:234)
	at org.apache.hadoop.hdds.scm.storage.ContainerProtocolCalls.readChunk(ContainerProtocolCalls.java:245)
	at org.apache.hadoop.hdds.scm.storage.ChunkInputStream.readChunk(ChunkInputStream.java:335)
	at org.apache.hadoop.hdds.scm.storage.ChunkInputStream.readChunkFromContainer(ChunkInputStream.java:307)
	at org.apache.hadoop.hdds.scm.storage.ChunkInputStream.prepareRead(ChunkInputStream.java:259)
	at org.apache.hadoop.hdds.scm.storage.ChunkInputStream.read(ChunkInputStream.java:144)
	at org.apache.hadoop.hdds.scm.storage.BlockInputStream.read(BlockInputStream.java:239)
	at org.apache.hadoop.ozone.client.io.KeyInputStream.read(KeyInputStream.java:171)
	at org.apache.hadoop.ozone.client.io.OzoneInputStream.read(OzoneInputStream.java:47)
	at java.io.InputStream.read(InputStream.java:101)
	at org.apache.hadoop.ozone.container.ContainerTestHelper.validateData(ContainerTestHelper.java:713)
	at org.apache.hadoop.ozone.client.rpc.TestBlockOutputStreamWithFailures.validateData(TestBlockOutputStreamWithFailures.java:1216)
	at org.apache.hadoop.ozone.client.rpc.TestBlockOutputStreamWithFailures.testWatchForCommitWithCloseContainerException(TestBlockOutputStreamWithFailures.java:260)
	at sun.reflect.NativeMethodAccessorImpl.invoke0(Native Method)
	at sun.reflect.NativeMethodAccessorImpl.invoke(NativeMethodAccessorImpl.java:62)
	at sun.reflect.DelegatingMethodAccessorImpl.invoke(DelegatingMethodAccessorImpl.java:43)
	at java.lang.reflect.Method.invoke(Method.java:498)
	at org.junit.runners.model.FrameworkMethod$1.runReflectiveCall(FrameworkMethod.java:47)
	at org.junit.internal.runners.model.ReflectiveCallable.run(ReflectiveCallable.java:12)
	at org.junit.runners.model.FrameworkMethod.invokeExplosively(FrameworkMethod.java:44)
	at org.junit.internal.runners.statements.InvokeMethod.evaluate(InvokeMethod.java:17)
	at org.junit.internal.runners.statements.RunBefores.evaluate(RunBefores.java:26)
	at org.junit.internal.runners.statements.RunAfters.evaluate(RunAfters.java:27)
	at org.junit.runners.ParentRunner.runLeaf(ParentRunner.java:271)
	at org.junit.runners.BlockJUnit4ClassRunner.runChild(BlockJUnit4ClassRunner.java:70)
	at org.junit.runners.BlockJUnit4ClassRunner.runChild(BlockJUnit4ClassRunner.java:50)
	at org.junit.runners.ParentRunner$3.run(ParentRunner.java:238)
	at org.junit.runners.ParentRunner$1.schedule(ParentRunner.java:63)
	at org.junit.runners.ParentRunner.runChildren(ParentRunner.java:236)
	at org.junit.runners.ParentRunner.access$000(ParentRunner.java:53)
	at org.junit.runners.ParentRunner$2.evaluate(ParentRunner.java:229)
	at org.junit.runners.ParentRunner.run(ParentRunner.java:309)
	at org.apache.maven.surefire.junit4.JUnit4Provider.execute(JUnit4Provider.java:365)
	at org.apache.maven.surefire.junit4.JUnit4Provider.executeWithRerun(JUnit4Provider.java:273)
	at org.apache.maven.surefire.junit4.JUnit4Provider.executeTestSet(JUnit4Provider.java:238)
	at org.apache.maven.surefire.junit4.JUnit4Provider.invoke(JUnit4Provider.java:159)
	at org.apache.maven.surefire.booter.ForkedBooter.invokeProviderInSameClassLoader(ForkedBooter.java:384)
	at org.apache.maven.surefire.booter.ForkedBooter.runSuitesInProcess(ForkedBooter.java:345)
	at org.apache.maven.surefire.booter.ForkedBooter.execute(ForkedBooter.java:126)
	at org.apache.maven.surefire.booter.ForkedBooter.main(ForkedBooter.java:418)

Sep 18, 2019 4:16:46 PM org.apache.ratis.thirdparty.io.grpc.internal.ManagedChannelOrphanWrapper$ManagedChannelReference cleanQueue
SEVERE: *~*~*~ Channel ManagedChannelImpl{logId=3544, target=192.168.5.185:33809} was not shutdown properly!!! ~*~*~*
    Make sure to call shutdown()/shutdownNow() and wait until awaitTermination() returns true.
java.lang.RuntimeException: ManagedChannel allocation site
	at org.apache.ratis.thirdparty.io.grpc.internal.ManagedChannelOrphanWrapper$ManagedChannelReference.<init>(ManagedChannelOrphanWrapper.java:103)
	at org.apache.ratis.thirdparty.io.grpc.internal.ManagedChannelOrphanWrapper.<init>(ManagedChannelOrphanWrapper.java:53)
	at org.apache.ratis.thirdparty.io.grpc.internal.ManagedChannelOrphanWrapper.<init>(ManagedChannelOrphanWrapper.java:44)
	at org.apache.ratis.thirdparty.io.grpc.internal.AbstractManagedChannelImplBuilder.build(AbstractManagedChannelImplBuilder.java:411)
	at org.apache.hadoop.hdds.scm.XceiverClientGrpc.connectToDatanode(XceiverClientGrpc.java:175)
	at org.apache.hadoop.hdds.scm.XceiverClientGrpc.reconnect(XceiverClientGrpc.java:423)
	at org.apache.hadoop.hdds.scm.XceiverClientGrpc.sendCommandAsync(XceiverClientGrpc.java:372)
	at org.apache.hadoop.hdds.scm.XceiverClientGrpc.sendCommandWithRetry(XceiverClientGrpc.java:285)
	at org.apache.hadoop.hdds.scm.XceiverClientGrpc.sendCommandWithTraceIDAndRetry(XceiverClientGrpc.java:251)
	at org.apache.hadoop.hdds.scm.XceiverClientGrpc.sendCommand(XceiverClientGrpc.java:234)
	at org.apache.hadoop.hdds.scm.storage.ContainerProtocolCalls.readChunk(ContainerProtocolCalls.java:245)
	at org.apache.hadoop.hdds.scm.storage.ChunkInputStream.readChunk(ChunkInputStream.java:335)
	at org.apache.hadoop.hdds.scm.storage.ChunkInputStream.readChunkFromContainer(ChunkInputStream.java:307)
	at org.apache.hadoop.hdds.scm.storage.ChunkInputStream.prepareRead(ChunkInputStream.java:259)
	at org.apache.hadoop.hdds.scm.storage.ChunkInputStream.read(ChunkInputStream.java:144)
	at org.apache.hadoop.hdds.scm.storage.BlockInputStream.read(BlockInputStream.java:239)
	at org.apache.hadoop.ozone.client.io.KeyInputStream.read(KeyInputStream.java:171)
	at org.apache.hadoop.ozone.client.io.OzoneInputStream.read(OzoneInputStream.java:47)
	at java.io.InputStream.read(InputStream.java:101)
	at org.apache.hadoop.ozone.container.ContainerTestHelper.validateData(ContainerTestHelper.java:713)
	at org.apache.hadoop.ozone.client.rpc.TestBlockOutputStreamWithFailures.validateData(TestBlockOutputStreamWithFailures.java:1216)
	at org.apache.hadoop.ozone.client.rpc.TestBlockOutputStreamWithFailures.testWatchForCommitWithCloseContainerException(TestBlockOutputStreamWithFailures.java:260)
	at sun.reflect.NativeMethodAccessorImpl.invoke0(Native Method)
	at sun.reflect.NativeMethodAccessorImpl.invoke(NativeMethodAccessorImpl.java:62)
	at sun.reflect.DelegatingMethodAccessorImpl.invoke(DelegatingMethodAccessorImpl.java:43)
	at java.lang.reflect.Method.invoke(Method.java:498)
	at org.junit.runners.model.FrameworkMethod$1.runReflectiveCall(FrameworkMethod.java:47)
	at org.junit.internal.runners.model.ReflectiveCallable.run(ReflectiveCallable.java:12)
	at org.junit.runners.model.FrameworkMethod.invokeExplosively(FrameworkMethod.java:44)
	at org.junit.internal.runners.statements.InvokeMethod.evaluate(InvokeMethod.java:17)
	at org.junit.internal.runners.statements.RunBefores.evaluate(RunBefores.java:26)
	at org.junit.internal.runners.statements.RunAfters.evaluate(RunAfters.java:27)
	at org.junit.runners.ParentRunner.runLeaf(ParentRunner.java:271)
	at org.junit.runners.BlockJUnit4ClassRunner.runChild(BlockJUnit4ClassRunner.java:70)
	at org.junit.runners.BlockJUnit4ClassRunner.runChild(BlockJUnit4ClassRunner.java:50)
	at org.junit.runners.ParentRunner$3.run(ParentRunner.java:238)
	at org.junit.runners.ParentRunner$1.schedule(ParentRunner.java:63)
	at org.junit.runners.ParentRunner.runChildren(ParentRunner.java:236)
	at org.junit.runners.ParentRunner.access$000(ParentRunner.java:53)
	at org.junit.runners.ParentRunner$2.evaluate(ParentRunner.java:229)
	at org.junit.runners.ParentRunner.run(ParentRunner.java:309)
	at org.apache.maven.surefire.junit4.JUnit4Provider.execute(JUnit4Provider.java:365)
	at org.apache.maven.surefire.junit4.JUnit4Provider.executeWithRerun(JUnit4Provider.java:273)
	at org.apache.maven.surefire.junit4.JUnit4Provider.executeTestSet(JUnit4Provider.java:238)
	at org.apache.maven.surefire.junit4.JUnit4Provider.invoke(JUnit4Provider.java:159)
	at org.apache.maven.surefire.booter.ForkedBooter.invokeProviderInSameClassLoader(ForkedBooter.java:384)
	at org.apache.maven.surefire.booter.ForkedBooter.runSuitesInProcess(ForkedBooter.java:345)
	at org.apache.maven.surefire.booter.ForkedBooter.execute(ForkedBooter.java:126)
	at org.apache.maven.surefire.booter.ForkedBooter.main(ForkedBooter.java:418)

]]></system-err>
  </testcase>
</testsuite>