<?xml version="1.0" encoding="UTF-8"?>
<testsuite xmlns:xsi="http://www.w3.org/2001/XMLSchema-instance" xsi:noNamespaceSchemaLocation="https://maven.apache.org/surefire/maven-surefire-plugin/xsd/surefire-test-report.xsd" name="org.apache.hadoop.hdds.scm.pipeline.TestPipelineClose" time="94.534" tests="4" errors="0" skipped="0" failures="1">
  <properties>
    <property name="awt.toolkit" value="sun.awt.X11.XToolkit"/>
    <property name="file.encoding.pkg" value="sun.io"/>
    <property name="java.specification.version" value="1.8"/>
    <property name="sun.cpu.isalist" value=""/>
    <property name="sun.jnu.encoding" value="UTF-8"/>
    <property name="java.class.path" value="/workdir/hadoop-ozone/integration-test/target/test-classes:/workdir/hadoop-ozone/integration-test/target/classes:/home/user/.m2/repository/org/apache/hadoop/hadoop-ozone-common/0.5.0-SNAPSHOT/hadoop-ozone-common-0.5.0-SNAPSHOT.jar:/home/user/.m2/repository/org/apache/commons/commons-compress/1.4.1/commons-compress-1.4.1.jar:/home/user/.m2/repository/org/tukaani/xz/1.0/xz-1.0.jar:/home/user/.m2/repository/org/apache/hadoop/hadoop-common/3.2.0/hadoop-common-3.2.0.jar:/home/user/.m2/repository/org/apache/hadoop/hadoop-hdfs/3.2.0/hadoop-hdfs-3.2.0.jar:/home/user/.m2/repository/org/apache/hadoop/hadoop-hdfs-client/3.2.0/hadoop-hdfs-client-3.2.0.jar:/home/user/.m2/repository/com/fasterxml/jackson/core/jackson-annotations/2.9.5/jackson-annotations-2.9.5.jar:/home/user/.m2/repository/org/apache/hadoop/hadoop-hdds-common/0.5.0-SNAPSHOT/hadoop-hdds-common-0.5.0-SNAPSHOT.jar:/home/user/.m2/repository/javax/annotation/javax.annotation-api/1.2/javax.annotation-api-1.2.jar:/home/user/.m2/repository/org/apache/ratis/ratis-server/0.4.0-2337318-SNAPSHOT/ratis-server-0.4.0-2337318-SNAPSHOT.jar:/home/user/.m2/repository/org/apache/ratis/ratis-thirdparty-misc/0.2.0/ratis-thirdparty-misc-0.2.0.jar:/home/user/.m2/repository/org/apache/ratis/ratis-proto/0.4.0-2337318-SNAPSHOT/ratis-proto-0.4.0-2337318-SNAPSHOT.jar:/home/user/.m2/repository/org/apache/ratis/ratis-common/0.4.0-2337318-SNAPSHOT/ratis-common-0.4.0-2337318-SNAPSHOT.jar:/home/user/.m2/repository/org/apache/ratis/ratis-client/0.4.0-2337318-SNAPSHOT/ratis-client-0.4.0-2337318-SNAPSHOT.jar:/home/user/.m2/repository/org/apache/ratis/ratis-metrics/0.4.0-2337318-SNAPSHOT/ratis-metrics-0.4.0-2337318-SNAPSHOT.jar:/home/user/.m2/repository/org/apache/ratis/ratis-netty/0.4.0-2337318-SNAPSHOT/ratis-netty-0.4.0-2337318-SNAPSHOT.jar:/home/user/.m2/repository/org/apache/ratis/ratis-grpc/0.4.0-2337318-SNAPSHOT/ratis-grpc-0.4.0-2337318-SNAPSHOT.jar:/home/user/.m2/repository/org/rocksdb/rocksdbjni/6.0.1/rocksdbjni-6.0.1.jar:/home/user/.m2/repository/org/apache/logging/log4j/log4j-api/2.11.0/log4j-api-2.11.0.jar:/home/user/.m2/repository/org/apache/logging/log4j/log4j-core/2.11.0/log4j-core-2.11.0.jar:/home/user/.m2/repository/com/lmax/disruptor/3.4.2/disruptor-3.4.2.jar:/home/user/.m2/repository/org/apache/commons/commons-pool2/2.6.0/commons-pool2-2.6.0.jar:/home/user/.m2/repository/org/bouncycastle/bcpkix-jdk15on/1.60/bcpkix-jdk15on-1.60.jar:/home/user/.m2/repository/commons-validator/commons-validator/1.6/commons-validator-1.6.jar:/home/user/.m2/repository/commons-digester/commons-digester/1.8.1/commons-digester-1.8.1.jar:/home/user/.m2/repository/io/jaegertracing/jaeger-client/0.33.1/jaeger-client-0.33.1.jar:/home/user/.m2/repository/io/jaegertracing/jaeger-thrift/0.33.1/jaeger-thrift-0.33.1.jar:/home/user/.m2/repository/org/apache/thrift/libthrift/0.11.0/libthrift-0.11.0.jar:/home/user/.m2/repository/com/squareup/okhttp3/okhttp/3.9.0/okhttp-3.9.0.jar:/home/user/.m2/repository/com/squareup/okio/okio/1.13.0/okio-1.13.0.jar:/home/user/.m2/repository/io/jaegertracing/jaeger-core/0.33.1/jaeger-core-0.33.1.jar:/home/user/.m2/repository/io/jaegertracing/jaeger-tracerresolver/0.33.1/jaeger-tracerresolver-0.33.1.jar:/home/user/.m2/repository/io/opentracing/contrib/opentracing-tracerresolver/0.1.5/opentracing-tracerresolver-0.1.5.jar:/home/user/.m2/repository/io/opentracing/opentracing-util/0.31.0/opentracing-util-0.31.0.jar:/home/user/.m2/repository/io/opentracing/opentracing-api/0.31.0/opentracing-api-0.31.0.jar:/home/user/.m2/repository/io/opentracing/opentracing-noop/0.31.0/opentracing-noop-0.31.0.jar:/home/user/.m2/repository/org/apache/hadoop/hadoop-hdds-server-framework/0.5.0-SNAPSHOT/hadoop-hdds-server-framework-0.5.0-SNAPSHOT.jar:/home/user/.m2/repository/org/apache/hadoop/hadoop-hdds-container-service/0.5.0-SNAPSHOT/hadoop-hdds-container-service-0.5.0-SNAPSHOT.jar:/home/user/.m2/repository/org/apache/hadoop/hadoop-hdds-client/0.5.0-SNAPSHOT/hadoop-hdds-client-0.5.0-SNAPSHOT.jar:/home/user/.m2/repository/org/apache/hadoop/hadoop-hdds-tools/0.5.0-SNAPSHOT/hadoop-hdds-tools-0.5.0-SNAPSHOT.jar:/home/user/.m2/repository/org/apache/hadoop/hadoop-hdds-server-scm/0.5.0-SNAPSHOT/hadoop-hdds-server-scm-0.5.0-SNAPSHOT.jar:/home/user/.m2/repository/org/apache/hadoop/hadoop-hdds-docs/0.5.0-SNAPSHOT/hadoop-hdds-docs-0.5.0-SNAPSHOT.jar:/home/user/.m2/repository/io/dropwizard/metrics/metrics-core/3.2.4/metrics-core-3.2.4.jar:/home/user/.m2/repository/org/hamcrest/hamcrest-all/1.3/hamcrest-all-1.3.jar:/home/user/.m2/repository/org/bouncycastle/bcprov-jdk15on/1.60/bcprov-jdk15on-1.60.jar:/home/user/.m2/repository/info/picocli/picocli/3.9.6/picocli-3.9.6.jar:/home/user/.m2/repository/com/google/protobuf/protobuf-java/2.5.0/protobuf-java-2.5.0.jar:/home/user/.m2/repository/com/google/guava/guava/11.0.2/guava-11.0.2.jar:/home/user/.m2/repository/org/apache/hadoop/hadoop-ozone-ozone-manager/0.5.0-SNAPSHOT/hadoop-ozone-ozone-manager-0.5.0-SNAPSHOT.jar:/home/user/.m2/repository/org/apache/hadoop/hadoop-minikdc/3.2.0/hadoop-minikdc-3.2.0.jar:/home/user/.m2/repository/commons-io/commons-io/2.5/commons-io-2.5.jar:/home/user/.m2/repository/org/apache/kerby/kerb-simplekdc/1.0.1/kerb-simplekdc-1.0.1.jar:/home/user/.m2/repository/org/apache/kerby/kerb-client/1.0.1/kerb-client-1.0.1.jar:/home/user/.m2/repository/org/apache/kerby/kerby-config/1.0.1/kerby-config-1.0.1.jar:/home/user/.m2/repository/org/apache/kerby/kerb-core/1.0.1/kerb-core-1.0.1.jar:/home/user/.m2/repository/org/apache/kerby/kerby-pkix/1.0.1/kerby-pkix-1.0.1.jar:/home/user/.m2/repository/org/apache/kerby/kerby-asn1/1.0.1/kerby-asn1-1.0.1.jar:/home/user/.m2/repository/org/apache/kerby/kerby-util/1.0.1/kerby-util-1.0.1.jar:/home/user/.m2/repository/org/apache/kerby/kerb-common/1.0.1/kerb-common-1.0.1.jar:/home/user/.m2/repository/org/apache/kerby/kerb-crypto/1.0.1/kerb-crypto-1.0.1.jar:/home/user/.m2/repository/org/apache/kerby/kerb-util/1.0.1/kerb-util-1.0.1.jar:/home/user/.m2/repository/org/apache/kerby/token-provider/1.0.1/token-provider-1.0.1.jar:/home/user/.m2/repository/org/apache/kerby/kerb-admin/1.0.1/kerb-admin-1.0.1.jar:/home/user/.m2/repository/org/apache/kerby/kerb-server/1.0.1/kerb-server-1.0.1.jar:/home/user/.m2/repository/org/apache/kerby/kerb-identity/1.0.1/kerb-identity-1.0.1.jar:/home/user/.m2/repository/org/apache/kerby/kerby-xdr/1.0.1/kerby-xdr-1.0.1.jar:/home/user/.m2/repository/org/slf4j/slf4j-log4j12/1.7.25/slf4j-log4j12-1.7.25.jar:/home/user/.m2/repository/org/apache/hadoop/hadoop-ozone-objectstore-service/0.5.0-SNAPSHOT/hadoop-ozone-objectstore-service-0.5.0-SNAPSHOT.jar:/home/user/.m2/repository/org/apache/hadoop/hadoop-ozone-s3gateway/0.5.0-SNAPSHOT/hadoop-ozone-s3gateway-0.5.0-SNAPSHOT.jar:/home/user/.m2/repository/org/jboss/weld/servlet/weld-servlet/2.4.7.Final/weld-servlet-2.4.7.Final.jar:/home/user/.m2/repository/org/glassfish/jersey/containers/jersey-container-servlet-core/2.27/jersey-container-servlet-core-2.27.jar:/home/user/.m2/repository/org/glassfish/hk2/external/javax.inject/2.5.0-b42/javax.inject-2.5.0-b42.jar:/home/user/.m2/repository/org/glassfish/jersey/core/jersey-common/2.27/jersey-common-2.27.jar:/home/user/.m2/repository/org/glassfish/hk2/osgi-resource-locator/1.0.1/osgi-resource-locator-1.0.1.jar:/home/user/.m2/repository/javax/ws/rs/javax.ws.rs-api/2.1/javax.ws.rs-api-2.1.jar:/home/user/.m2/repository/org/glassfish/jersey/ext/cdi/jersey-cdi1x/2.27/jersey-cdi1x-2.27.jar:/home/user/.m2/repository/org/glassfish/jersey/inject/jersey-hk2/2.27/jersey-hk2-2.27.jar:/home/user/.m2/repository/org/glassfish/hk2/hk2-locator/2.5.0-b42/hk2-locator-2.5.0-b42.jar:/home/user/.m2/repository/org/javassist/javassist/3.22.0-CR2/javassist-3.22.0-CR2.jar:/home/user/.m2/repository/org/glassfish/hk2/hk2-api/2.5.0/hk2-api-2.5.0.jar:/home/user/.m2/repository/org/glassfish/hk2/external/jakarta.inject/2.5.0/jakarta.inject-2.5.0.jar:/home/user/.m2/repository/org/glassfish/hk2/hk2-utils/2.5.0/hk2-utils-2.5.0.jar:/home/user/.m2/repository/jakarta/annotation/jakarta.annotation-api/1.3.4/jakarta.annotation-api-1.3.4.jar:/home/user/.m2/repository/org/glassfish/hk2/external/aopalliance-repackaged/2.5.0/aopalliance-repackaged-2.5.0.jar:/home/user/.m2/repository/com/fasterxml/jackson/dataformat/jackson-dataformat-xml/2.9.0/jackson-dataformat-xml-2.9.0.jar:/home/user/.m2/repository/com/fasterxml/jackson/core/jackson-core/2.9.5/jackson-core-2.9.5.jar:/home/user/.m2/repository/com/fasterxml/jackson/module/jackson-module-jaxb-annotations/2.9.5/jackson-module-jaxb-annotations-2.9.5.jar:/home/user/.m2/repository/javax/enterprise/cdi-api/1.2/cdi-api-1.2.jar:/home/user/.m2/repository/javax/el/javax.el-api/3.0.0/javax.el-api-3.0.0.jar:/home/user/.m2/repository/javax/interceptor/javax.interceptor-api/1.2/javax.interceptor-api-1.2.jar:/home/user/.m2/repository/javax/inject/javax.inject/1/javax.inject-1.jar:/home/user/.m2/repository/com/sun/xml/bind/jaxb-impl/2.3.0.1/jaxb-impl-2.3.0.1.jar:/home/user/.m2/repository/com/sun/xml/bind/jaxb-core/2.3.0.1/jaxb-core-2.3.0.1.jar:/home/user/.m2/repository/javax/xml/bind/jaxb-api/2.3.0/jaxb-api-2.3.0.jar:/home/user/.m2/repository/javax/activation/activation/1.1.1/activation-1.1.1.jar:/home/user/.m2/repository/org/apache/hadoop/hadoop-ozone-csi/0.5.0-SNAPSHOT/hadoop-ozone-csi-0.5.0-SNAPSHOT.jar:/home/user/.m2/repository/com/google/protobuf/protobuf-java-util/3.5.1/protobuf-java-util-3.5.1.jar:/home/user/.m2/repository/org/apache/hadoop/hadoop-hdds-config/0.5.0-SNAPSHOT/hadoop-hdds-config-0.5.0-SNAPSHOT.jar:/home/user/.m2/repository/io/grpc/grpc-netty/1.17.1/grpc-netty-1.17.1.jar:/home/user/.m2/repository/io/grpc/grpc-core/1.17.1/grpc-core-1.17.1.jar:/home/user/.m2/repository/io/grpc/grpc-context/1.17.1/grpc-context-1.17.1.jar:/home/user/.m2/repository/com/google/errorprone/error_prone_annotations/2.2.0/error_prone_annotations-2.2.0.jar:/home/user/.m2/repository/org/codehaus/mojo/animal-sniffer-annotations/1.17/animal-sniffer-annotations-1.17.jar:/home/user/.m2/repository/io/opencensus/opencensus-api/0.17.0/opencensus-api-0.17.0.jar:/home/user/.m2/repository/io/opencensus/opencensus-contrib-grpc-metrics/0.17.0/opencensus-contrib-grpc-metrics-0.17.0.jar:/home/user/.m2/repository/io/netty/netty-codec-http2/4.1.30.Final/netty-codec-http2-4.1.30.Final.jar:/home/user/.m2/repository/io/netty/netty-codec-http/4.1.30.Final/netty-codec-http-4.1.30.Final.jar:/home/user/.m2/repository/io/netty/netty-codec/4.1.30.Final/netty-codec-4.1.30.Final.jar:/home/user/.m2/repository/io/netty/netty-handler/4.1.30.Final/netty-handler-4.1.30.Final.jar:/home/user/.m2/repository/io/netty/netty-handler-proxy/4.1.30.Final/netty-handler-proxy-4.1.30.Final.jar:/home/user/.m2/repository/io/netty/netty-codec-socks/4.1.30.Final/netty-codec-socks-4.1.30.Final.jar:/home/user/.m2/repository/io/netty/netty-transport-native-epoll/4.1.30.Final/netty-transport-native-epoll-4.1.30.Final.jar:/home/user/.m2/repository/io/netty/netty-common/4.1.30.Final/netty-common-4.1.30.Final.jar:/home/user/.m2/repository/io/netty/netty-buffer/4.1.30.Final/netty-buffer-4.1.30.Final.jar:/home/user/.m2/repository/io/netty/netty-transport/4.1.30.Final/netty-transport-4.1.30.Final.jar:/home/user/.m2/repository/io/netty/netty-resolver/4.1.30.Final/netty-resolver-4.1.30.Final.jar:/home/user/.m2/repository/io/netty/netty-transport-native-unix-common/4.1.30.Final/netty-transport-native-unix-common-4.1.30.Final.jar:/home/user/.m2/repository/io/grpc/grpc-protobuf/1.17.1/grpc-protobuf-1.17.1.jar:/home/user/.m2/repository/com/google/api/grpc/proto-google-common-protos/1.0.0/proto-google-common-protos-1.0.0.jar:/home/user/.m2/repository/io/grpc/grpc-protobuf-lite/1.17.1/grpc-protobuf-lite-1.17.1.jar:/home/user/.m2/repository/io/grpc/grpc-stub/1.17.1/grpc-stub-1.17.1.jar:/home/user/.m2/repository/org/apache/hadoop/hadoop-ozone-recon/0.5.0-SNAPSHOT/hadoop-ozone-recon-0.5.0-SNAPSHOT.jar:/home/user/.m2/repository/org/apache/hadoop/hadoop-ozone-reconcodegen/0.5.0-SNAPSHOT/hadoop-ozone-reconcodegen-0.5.0-SNAPSHOT.jar:/home/user/.m2/repository/com/google/inject/extensions/guice-multibindings/4.0/guice-multibindings-4.0.jar:/home/user/.m2/repository/com/google/inject/guice/4.0/guice-4.0.jar:/home/user/.m2/repository/aopalliance/aopalliance/1.0/aopalliance-1.0.jar:/home/user/.m2/repository/com/google/inject/extensions/guice-servlet/4.0/guice-servlet-4.0.jar:/home/user/.m2/repository/org/glassfish/jersey/containers/jersey-container-servlet/2.27/jersey-container-servlet-2.27.jar:/home/user/.m2/repository/org/glassfish/hk2/guice-bridge/2.5.0/guice-bridge-2.5.0.jar:/home/user/.m2/repository/org/glassfish/jersey/core/jersey-server/2.27/jersey-server-2.27.jar:/home/user/.m2/repository/org/glassfish/jersey/core/jersey-client/2.27/jersey-client-2.27.jar:/home/user/.m2/repository/org/glassfish/jersey/media/jersey-media-jaxb/2.27/jersey-media-jaxb-2.27.jar:/home/user/.m2/repository/javax/validation/validation-api/1.1.0.Final/validation-api-1.1.0.Final.jar:/home/user/.m2/repository/org/glassfish/jersey/media/jersey-media-json-jackson/2.27/jersey-media-json-jackson-2.27.jar:/home/user/.m2/repository/org/glassfish/jersey/ext/jersey-entity-filtering/2.27/jersey-entity-filtering-2.27.jar:/home/user/.m2/repository/com/google/inject/extensions/guice-assistedinject/4.0/guice-assistedinject-4.0.jar:/home/user/.m2/repository/org/jooq/jooq/3.11.10/jooq-3.11.10.jar:/home/user/.m2/repository/org/jooq/jooq-meta/3.11.10/jooq-meta-3.11.10.jar:/home/user/.m2/repository/org/jooq/jooq-codegen/3.11.10/jooq-codegen-3.11.10.jar:/home/user/.m2/repository/com/jolbox/bonecp/0.8.0.RELEASE/bonecp-0.8.0.RELEASE.jar:/home/user/.m2/repository/org/xerial/sqlite-jdbc/3.25.2/sqlite-jdbc-3.25.2.jar:/home/user/.m2/repository/org/springframework/spring-jdbc/5.1.3.RELEASE/spring-jdbc-5.1.3.RELEASE.jar:/home/user/.m2/repository/org/springframework/spring-beans/5.1.3.RELEASE/spring-beans-5.1.3.RELEASE.jar:/home/user/.m2/repository/org/springframework/spring-core/5.1.3.RELEASE/spring-core-5.1.3.RELEASE.jar:/home/user/.m2/repository/org/springframework/spring-jcl/5.1.3.RELEASE/spring-jcl-5.1.3.RELEASE.jar:/home/user/.m2/repository/org/springframework/spring-tx/5.1.3.RELEASE/spring-tx-5.1.3.RELEASE.jar:/home/user/.m2/repository/org/apache/hadoop/hadoop-ozone-client/0.5.0-SNAPSHOT/hadoop-ozone-client-0.5.0-SNAPSHOT.jar:/home/user/.m2/repository/commons-lang/commons-lang/2.6/commons-lang-2.6.jar:/home/user/.m2/repository/org/apache/hadoop/hadoop-ozone-ozone-manager/0.5.0-SNAPSHOT/hadoop-ozone-ozone-manager-0.5.0-SNAPSHOT-tests.jar:/home/user/.m2/repository/junit/junit/4.11/junit-4.11.jar:/home/user/.m2/repository/org/hamcrest/hamcrest-core/1.3/hamcrest-core-1.3.jar:/home/user/.m2/repository/org/openjdk/jmh/jmh-core/1.19/jmh-core-1.19.jar:/home/user/.m2/repository/net/sf/jopt-simple/jopt-simple/4.6/jopt-simple-4.6.jar:/home/user/.m2/repository/org/apache/commons/commons-math3/3.1.1/commons-math3-3.1.1.jar:/home/user/.m2/repository/org/openjdk/jmh/jmh-generator-annprocess/1.19/jmh-generator-annprocess-1.19.jar:/home/user/.m2/repository/org/mockito/mockito-all/1.8.5/mockito-all-1.8.5.jar:/home/user/.m2/repository/org/apache/hadoop/hadoop-kms/3.2.0/hadoop-kms-3.2.0.jar:/home/user/.m2/repository/org/apache/hadoop/hadoop-auth/3.2.0/hadoop-auth-3.2.0.jar:/home/user/.m2/repository/com/nimbusds/nimbus-jose-jwt/4.41.1/nimbus-jose-jwt-4.41.1.jar:/home/user/.m2/repository/com/github/stephenc/jcip/jcip-annotations/1.0-1/jcip-annotations-1.0-1.jar:/home/user/.m2/repository/net/minidev/json-smart/2.3/json-smart-2.3.jar:/home/user/.m2/repository/net/minidev/accessors-smart/1.2/accessors-smart-1.2.jar:/home/user/.m2/repository/org/ow2/asm/asm/5.0.4/asm-5.0.4.jar:/home/user/.m2/repository/org/apache/curator/curator-framework/2.12.0/curator-framework-2.12.0.jar:/home/user/.m2/repository/com/sun/jersey/jersey-core/1.19/jersey-core-1.19.jar:/home/user/.m2/repository/javax/ws/rs/jsr311-api/1.1.1/jsr311-api-1.1.1.jar:/home/user/.m2/repository/com/sun/jersey/jersey-server/1.19/jersey-server-1.19.jar:/home/user/.m2/repository/javax/servlet/javax.servlet-api/3.1.0/javax.servlet-api-3.1.0.jar:/home/user/.m2/repository/org/eclipse/jetty/jetty-server/9.3.24.v20180605/jetty-server-9.3.24.v20180605.jar:/home/user/.m2/repository/org/eclipse/jetty/jetty-http/9.3.24.v20180605/jetty-http-9.3.24.v20180605.jar:/home/user/.m2/repository/org/eclipse/jetty/jetty-io/9.3.24.v20180605/jetty-io-9.3.24.v20180605.jar:/home/user/.m2/repository/org/eclipse/jetty/jetty-webapp/9.3.24.v20180605/jetty-webapp-9.3.24.v20180605.jar:/home/user/.m2/repository/org/eclipse/jetty/jetty-xml/9.3.24.v20180605/jetty-xml-9.3.24.v20180605.jar:/home/user/.m2/repository/log4j/log4j/1.2.17/log4j-1.2.17.jar:/home/user/.m2/repository/org/slf4j/slf4j-api/1.7.25/slf4j-api-1.7.25.jar:/home/user/.m2/repository/org/slf4j/jul-to-slf4j/1.7.25/jul-to-slf4j-1.7.25.jar:/home/user/.m2/repository/org/eclipse/jetty/jetty-util/9.3.24.v20180605/jetty-util-9.3.24.v20180605.jar:/home/user/.m2/repository/com/fasterxml/jackson/core/jackson-databind/2.9.5/jackson-databind-2.9.5.jar:/home/user/.m2/repository/org/apache/hadoop/hadoop-kms/3.2.0/hadoop-kms-3.2.0-tests.jar:/home/user/.m2/repository/org/apache/hadoop/hadoop-hdds-server-scm/0.5.0-SNAPSHOT/hadoop-hdds-server-scm-0.5.0-SNAPSHOT-tests.jar:/home/user/.m2/repository/org/apache/hadoop/hadoop-hdds-container-service/0.5.0-SNAPSHOT/hadoop-hdds-container-service-0.5.0-SNAPSHOT-tests.jar:/home/user/.m2/repository/org/yaml/snakeyaml/1.16/snakeyaml-1.16.jar:/home/user/.m2/repository/org/apache/hadoop/hadoop-common/3.2.0/hadoop-common-3.2.0-tests.jar:/home/user/.m2/repository/org/apache/hadoop/hadoop-annotations/3.2.0/hadoop-annotations-3.2.0.jar:/usr/lib/jvm/java-1.8-openjdk/jre/../lib/tools.jar:/home/user/.m2/repository/commons-cli/commons-cli/1.2/commons-cli-1.2.jar:/home/user/.m2/repository/org/apache/httpcomponents/httpclient/4.5.2/httpclient-4.5.2.jar:/home/user/.m2/repository/org/apache/httpcomponents/httpcore/4.4.4/httpcore-4.4.4.jar:/home/user/.m2/repository/commons-codec/commons-codec/1.11/commons-codec-1.11.jar:/home/user/.m2/repository/commons-net/commons-net/3.6/commons-net-3.6.jar:/home/user/.m2/repository/commons-collections/commons-collections/3.2.2/commons-collections-3.2.2.jar:/home/user/.m2/repository/org/eclipse/jetty/jetty-servlet/9.3.24.v20180605/jetty-servlet-9.3.24.v20180605.jar:/home/user/.m2/repository/org/eclipse/jetty/jetty-security/9.3.24.v20180605/jetty-security-9.3.24.v20180605.jar:/home/user/.m2/repository/javax/servlet/jsp/jsp-api/2.1/jsp-api-2.1.jar:/home/user/.m2/repository/com/sun/jersey/jersey-servlet/1.19/jersey-servlet-1.19.jar:/home/user/.m2/repository/com/sun/jersey/jersey-json/1.19/jersey-json-1.19.jar:/home/user/.m2/repository/org/codehaus/jettison/jettison/1.1/jettison-1.1.jar:/home/user/.m2/repository/org/codehaus/jackson/jackson-core-asl/1.9.13/jackson-core-asl-1.9.13.jar:/home/user/.m2/repository/org/codehaus/jackson/jackson-mapper-asl/1.9.13/jackson-mapper-asl-1.9.13.jar:/home/user/.m2/repository/org/codehaus/jackson/jackson-jaxrs/1.9.13/jackson-jaxrs-1.9.13.jar:/home/user/.m2/repository/org/codehaus/jackson/jackson-xc/1.9.13/jackson-xc-1.9.13.jar:/home/user/.m2/repository/commons-logging/commons-logging/1.1.3/commons-logging-1.1.3.jar:/home/user/.m2/repository/commons-beanutils/commons-beanutils/1.9.3/commons-beanutils-1.9.3.jar:/home/user/.m2/repository/org/apache/commons/commons-configuration2/2.1.1/commons-configuration2-2.1.1.jar:/home/user/.m2/repository/org/apache/commons/commons-lang3/3.7/commons-lang3-3.7.jar:/home/user/.m2/repository/org/apache/commons/commons-text/1.4/commons-text-1.4.jar:/home/user/.m2/repository/org/apache/avro/avro/1.7.7/avro-1.7.7.jar:/home/user/.m2/repository/com/thoughtworks/paranamer/paranamer/2.3/paranamer-2.3.jar:/home/user/.m2/repository/org/xerial/snappy/snappy-java/1.0.5/snappy-java-1.0.5.jar:/home/user/.m2/repository/com/google/re2j/re2j/1.1/re2j-1.1.jar:/home/user/.m2/repository/com/google/code/gson/gson/2.2.4/gson-2.2.4.jar:/home/user/.m2/repository/com/jcraft/jsch/0.1.54/jsch-0.1.54.jar:/home/user/.m2/repository/org/apache/curator/curator-client/2.12.0/curator-client-2.12.0.jar:/home/user/.m2/repository/org/apache/curator/curator-recipes/2.12.0/curator-recipes-2.12.0.jar:/home/user/.m2/repository/com/google/code/findbugs/jsr305/3.0.0/jsr305-3.0.0.jar:/home/user/.m2/repository/org/apache/htrace/htrace-core4/4.1.0-incubating/htrace-core4-4.1.0-incubating.jar:/home/user/.m2/repository/org/apache/zookeeper/zookeeper/3.4.13/zookeeper-3.4.13.jar:/home/user/.m2/repository/org/apache/yetus/audience-annotations/0.5.0/audience-annotations-0.5.0.jar:/home/user/.m2/repository/org/codehaus/woodstox/stax2-api/3.1.4/stax2-api-3.1.4.jar:/home/user/.m2/repository/com/fasterxml/woodstox/woodstox-core/5.0.3/woodstox-core-5.0.3.jar:/home/user/.m2/repository/dnsjava/dnsjava/2.1.7/dnsjava-2.1.7.jar:/home/user/.m2/repository/org/apache/hadoop/hadoop-hdfs/3.2.0/hadoop-hdfs-3.2.0-tests.jar:/home/user/.m2/repository/org/eclipse/jetty/jetty-util-ajax/9.3.24.v20180605/jetty-util-ajax-9.3.24.v20180605.jar:/home/user/.m2/repository/commons-daemon/commons-daemon/1.0.13/commons-daemon-1.0.13.jar:/home/user/.m2/repository/io/netty/netty/3.10.5.Final/netty-3.10.5.Final.jar:/home/user/.m2/repository/io/netty/netty-all/4.0.52.Final/netty-all-4.0.52.Final.jar:/home/user/.m2/repository/org/fusesource/leveldbjni/leveldbjni-all/1.8/leveldbjni-all-1.8.jar:"/>
    <property name="java.vm.vendor" value="IcedTea"/>
    <property name="sun.arch.data.model" value="64"/>
    <property name="test.build.dir" value="/workdir/hadoop-ozone/integration-test/target/test-dir"/>
    <property name="test.cache.data" value=""/>
    <property name="java.vendor.url" value="https://icedtea.classpath.org"/>
    <property name="user.timezone" value=""/>
    <property name="java.vm.specification.version" value="1.8"/>
    <property name="os.name" value="Linux"/>
    <property name="test.build.data" value="/workdir/hadoop-ozone/integration-test/target/test-dir"/>
    <property name="user.country" value="US"/>
    <property name="sun.java.launcher" value="SUN_STANDARD"/>
    <property name="sun.boot.library.path" value="/usr/lib/jvm/java-1.8-openjdk/jre/lib/amd64"/>
    <property name="sun.java.command" value="/workdir/hadoop-ozone/integration-test/target/surefire/surefirebooter2355833731970904652.jar /workdir/hadoop-ozone/integration-test/target/surefire 2019-09-18T15-45-32_991-jvmRun1 surefire1207620473311284092tmp surefire_975165102232040764669tmp"/>
    <property name="test" value="!TestMiniChaosOzoneCluster"/>
    <property name="surefire.test.class.path" value="/workdir/hadoop-ozone/integration-test/target/test-classes:/workdir/hadoop-ozone/integration-test/target/classes:/home/user/.m2/repository/org/apache/hadoop/hadoop-ozone-common/0.5.0-SNAPSHOT/hadoop-ozone-common-0.5.0-SNAPSHOT.jar:/home/user/.m2/repository/org/apache/commons/commons-compress/1.4.1/commons-compress-1.4.1.jar:/home/user/.m2/repository/org/tukaani/xz/1.0/xz-1.0.jar:/home/user/.m2/repository/org/apache/hadoop/hadoop-common/3.2.0/hadoop-common-3.2.0.jar:/home/user/.m2/repository/org/apache/hadoop/hadoop-hdfs/3.2.0/hadoop-hdfs-3.2.0.jar:/home/user/.m2/repository/org/apache/hadoop/hadoop-hdfs-client/3.2.0/hadoop-hdfs-client-3.2.0.jar:/home/user/.m2/repository/com/fasterxml/jackson/core/jackson-annotations/2.9.5/jackson-annotations-2.9.5.jar:/home/user/.m2/repository/org/apache/hadoop/hadoop-hdds-common/0.5.0-SNAPSHOT/hadoop-hdds-common-0.5.0-SNAPSHOT.jar:/home/user/.m2/repository/javax/annotation/javax.annotation-api/1.2/javax.annotation-api-1.2.jar:/home/user/.m2/repository/org/apache/ratis/ratis-server/0.4.0-2337318-SNAPSHOT/ratis-server-0.4.0-2337318-SNAPSHOT.jar:/home/user/.m2/repository/org/apache/ratis/ratis-thirdparty-misc/0.2.0/ratis-thirdparty-misc-0.2.0.jar:/home/user/.m2/repository/org/apache/ratis/ratis-proto/0.4.0-2337318-SNAPSHOT/ratis-proto-0.4.0-2337318-SNAPSHOT.jar:/home/user/.m2/repository/org/apache/ratis/ratis-common/0.4.0-2337318-SNAPSHOT/ratis-common-0.4.0-2337318-SNAPSHOT.jar:/home/user/.m2/repository/org/apache/ratis/ratis-client/0.4.0-2337318-SNAPSHOT/ratis-client-0.4.0-2337318-SNAPSHOT.jar:/home/user/.m2/repository/org/apache/ratis/ratis-metrics/0.4.0-2337318-SNAPSHOT/ratis-metrics-0.4.0-2337318-SNAPSHOT.jar:/home/user/.m2/repository/org/apache/ratis/ratis-netty/0.4.0-2337318-SNAPSHOT/ratis-netty-0.4.0-2337318-SNAPSHOT.jar:/home/user/.m2/repository/org/apache/ratis/ratis-grpc/0.4.0-2337318-SNAPSHOT/ratis-grpc-0.4.0-2337318-SNAPSHOT.jar:/home/user/.m2/repository/org/rocksdb/rocksdbjni/6.0.1/rocksdbjni-6.0.1.jar:/home/user/.m2/repository/org/apache/logging/log4j/log4j-api/2.11.0/log4j-api-2.11.0.jar:/home/user/.m2/repository/org/apache/logging/log4j/log4j-core/2.11.0/log4j-core-2.11.0.jar:/home/user/.m2/repository/com/lmax/disruptor/3.4.2/disruptor-3.4.2.jar:/home/user/.m2/repository/org/apache/commons/commons-pool2/2.6.0/commons-pool2-2.6.0.jar:/home/user/.m2/repository/org/bouncycastle/bcpkix-jdk15on/1.60/bcpkix-jdk15on-1.60.jar:/home/user/.m2/repository/commons-validator/commons-validator/1.6/commons-validator-1.6.jar:/home/user/.m2/repository/commons-digester/commons-digester/1.8.1/commons-digester-1.8.1.jar:/home/user/.m2/repository/io/jaegertracing/jaeger-client/0.33.1/jaeger-client-0.33.1.jar:/home/user/.m2/repository/io/jaegertracing/jaeger-thrift/0.33.1/jaeger-thrift-0.33.1.jar:/home/user/.m2/repository/org/apache/thrift/libthrift/0.11.0/libthrift-0.11.0.jar:/home/user/.m2/repository/com/squareup/okhttp3/okhttp/3.9.0/okhttp-3.9.0.jar:/home/user/.m2/repository/com/squareup/okio/okio/1.13.0/okio-1.13.0.jar:/home/user/.m2/repository/io/jaegertracing/jaeger-core/0.33.1/jaeger-core-0.33.1.jar:/home/user/.m2/repository/io/jaegertracing/jaeger-tracerresolver/0.33.1/jaeger-tracerresolver-0.33.1.jar:/home/user/.m2/repository/io/opentracing/contrib/opentracing-tracerresolver/0.1.5/opentracing-tracerresolver-0.1.5.jar:/home/user/.m2/repository/io/opentracing/opentracing-util/0.31.0/opentracing-util-0.31.0.jar:/home/user/.m2/repository/io/opentracing/opentracing-api/0.31.0/opentracing-api-0.31.0.jar:/home/user/.m2/repository/io/opentracing/opentracing-noop/0.31.0/opentracing-noop-0.31.0.jar:/home/user/.m2/repository/org/apache/hadoop/hadoop-hdds-server-framework/0.5.0-SNAPSHOT/hadoop-hdds-server-framework-0.5.0-SNAPSHOT.jar:/home/user/.m2/repository/org/apache/hadoop/hadoop-hdds-container-service/0.5.0-SNAPSHOT/hadoop-hdds-container-service-0.5.0-SNAPSHOT.jar:/home/user/.m2/repository/org/apache/hadoop/hadoop-hdds-client/0.5.0-SNAPSHOT/hadoop-hdds-client-0.5.0-SNAPSHOT.jar:/home/user/.m2/repository/org/apache/hadoop/hadoop-hdds-tools/0.5.0-SNAPSHOT/hadoop-hdds-tools-0.5.0-SNAPSHOT.jar:/home/user/.m2/repository/org/apache/hadoop/hadoop-hdds-server-scm/0.5.0-SNAPSHOT/hadoop-hdds-server-scm-0.5.0-SNAPSHOT.jar:/home/user/.m2/repository/org/apache/hadoop/hadoop-hdds-docs/0.5.0-SNAPSHOT/hadoop-hdds-docs-0.5.0-SNAPSHOT.jar:/home/user/.m2/repository/io/dropwizard/metrics/metrics-core/3.2.4/metrics-core-3.2.4.jar:/home/user/.m2/repository/org/hamcrest/hamcrest-all/1.3/hamcrest-all-1.3.jar:/home/user/.m2/repository/org/bouncycastle/bcprov-jdk15on/1.60/bcprov-jdk15on-1.60.jar:/home/user/.m2/repository/info/picocli/picocli/3.9.6/picocli-3.9.6.jar:/home/user/.m2/repository/com/google/protobuf/protobuf-java/2.5.0/protobuf-java-2.5.0.jar:/home/user/.m2/repository/com/google/guava/guava/11.0.2/guava-11.0.2.jar:/home/user/.m2/repository/org/apache/hadoop/hadoop-ozone-ozone-manager/0.5.0-SNAPSHOT/hadoop-ozone-ozone-manager-0.5.0-SNAPSHOT.jar:/home/user/.m2/repository/org/apache/hadoop/hadoop-minikdc/3.2.0/hadoop-minikdc-3.2.0.jar:/home/user/.m2/repository/commons-io/commons-io/2.5/commons-io-2.5.jar:/home/user/.m2/repository/org/apache/kerby/kerb-simplekdc/1.0.1/kerb-simplekdc-1.0.1.jar:/home/user/.m2/repository/org/apache/kerby/kerb-client/1.0.1/kerb-client-1.0.1.jar:/home/user/.m2/repository/org/apache/kerby/kerby-config/1.0.1/kerby-config-1.0.1.jar:/home/user/.m2/repository/org/apache/kerby/kerb-core/1.0.1/kerb-core-1.0.1.jar:/home/user/.m2/repository/org/apache/kerby/kerby-pkix/1.0.1/kerby-pkix-1.0.1.jar:/home/user/.m2/repository/org/apache/kerby/kerby-asn1/1.0.1/kerby-asn1-1.0.1.jar:/home/user/.m2/repository/org/apache/kerby/kerby-util/1.0.1/kerby-util-1.0.1.jar:/home/user/.m2/repository/org/apache/kerby/kerb-common/1.0.1/kerb-common-1.0.1.jar:/home/user/.m2/repository/org/apache/kerby/kerb-crypto/1.0.1/kerb-crypto-1.0.1.jar:/home/user/.m2/repository/org/apache/kerby/kerb-util/1.0.1/kerb-util-1.0.1.jar:/home/user/.m2/repository/org/apache/kerby/token-provider/1.0.1/token-provider-1.0.1.jar:/home/user/.m2/repository/org/apache/kerby/kerb-admin/1.0.1/kerb-admin-1.0.1.jar:/home/user/.m2/repository/org/apache/kerby/kerb-server/1.0.1/kerb-server-1.0.1.jar:/home/user/.m2/repository/org/apache/kerby/kerb-identity/1.0.1/kerb-identity-1.0.1.jar:/home/user/.m2/repository/org/apache/kerby/kerby-xdr/1.0.1/kerby-xdr-1.0.1.jar:/home/user/.m2/repository/org/slf4j/slf4j-log4j12/1.7.25/slf4j-log4j12-1.7.25.jar:/home/user/.m2/repository/org/apache/hadoop/hadoop-ozone-objectstore-service/0.5.0-SNAPSHOT/hadoop-ozone-objectstore-service-0.5.0-SNAPSHOT.jar:/home/user/.m2/repository/org/apache/hadoop/hadoop-ozone-s3gateway/0.5.0-SNAPSHOT/hadoop-ozone-s3gateway-0.5.0-SNAPSHOT.jar:/home/user/.m2/repository/org/jboss/weld/servlet/weld-servlet/2.4.7.Final/weld-servlet-2.4.7.Final.jar:/home/user/.m2/repository/org/glassfish/jersey/containers/jersey-container-servlet-core/2.27/jersey-container-servlet-core-2.27.jar:/home/user/.m2/repository/org/glassfish/hk2/external/javax.inject/2.5.0-b42/javax.inject-2.5.0-b42.jar:/home/user/.m2/repository/org/glassfish/jersey/core/jersey-common/2.27/jersey-common-2.27.jar:/home/user/.m2/repository/org/glassfish/hk2/osgi-resource-locator/1.0.1/osgi-resource-locator-1.0.1.jar:/home/user/.m2/repository/javax/ws/rs/javax.ws.rs-api/2.1/javax.ws.rs-api-2.1.jar:/home/user/.m2/repository/org/glassfish/jersey/ext/cdi/jersey-cdi1x/2.27/jersey-cdi1x-2.27.jar:/home/user/.m2/repository/org/glassfish/jersey/inject/jersey-hk2/2.27/jersey-hk2-2.27.jar:/home/user/.m2/repository/org/glassfish/hk2/hk2-locator/2.5.0-b42/hk2-locator-2.5.0-b42.jar:/home/user/.m2/repository/org/javassist/javassist/3.22.0-CR2/javassist-3.22.0-CR2.jar:/home/user/.m2/repository/org/glassfish/hk2/hk2-api/2.5.0/hk2-api-2.5.0.jar:/home/user/.m2/repository/org/glassfish/hk2/external/jakarta.inject/2.5.0/jakarta.inject-2.5.0.jar:/home/user/.m2/repository/org/glassfish/hk2/hk2-utils/2.5.0/hk2-utils-2.5.0.jar:/home/user/.m2/repository/jakarta/annotation/jakarta.annotation-api/1.3.4/jakarta.annotation-api-1.3.4.jar:/home/user/.m2/repository/org/glassfish/hk2/external/aopalliance-repackaged/2.5.0/aopalliance-repackaged-2.5.0.jar:/home/user/.m2/repository/com/fasterxml/jackson/dataformat/jackson-dataformat-xml/2.9.0/jackson-dataformat-xml-2.9.0.jar:/home/user/.m2/repository/com/fasterxml/jackson/core/jackson-core/2.9.5/jackson-core-2.9.5.jar:/home/user/.m2/repository/com/fasterxml/jackson/module/jackson-module-jaxb-annotations/2.9.5/jackson-module-jaxb-annotations-2.9.5.jar:/home/user/.m2/repository/javax/enterprise/cdi-api/1.2/cdi-api-1.2.jar:/home/user/.m2/repository/javax/el/javax.el-api/3.0.0/javax.el-api-3.0.0.jar:/home/user/.m2/repository/javax/interceptor/javax.interceptor-api/1.2/javax.interceptor-api-1.2.jar:/home/user/.m2/repository/javax/inject/javax.inject/1/javax.inject-1.jar:/home/user/.m2/repository/com/sun/xml/bind/jaxb-impl/2.3.0.1/jaxb-impl-2.3.0.1.jar:/home/user/.m2/repository/com/sun/xml/bind/jaxb-core/2.3.0.1/jaxb-core-2.3.0.1.jar:/home/user/.m2/repository/javax/xml/bind/jaxb-api/2.3.0/jaxb-api-2.3.0.jar:/home/user/.m2/repository/javax/activation/activation/1.1.1/activation-1.1.1.jar:/home/user/.m2/repository/org/apache/hadoop/hadoop-ozone-csi/0.5.0-SNAPSHOT/hadoop-ozone-csi-0.5.0-SNAPSHOT.jar:/home/user/.m2/repository/com/google/protobuf/protobuf-java-util/3.5.1/protobuf-java-util-3.5.1.jar:/home/user/.m2/repository/org/apache/hadoop/hadoop-hdds-config/0.5.0-SNAPSHOT/hadoop-hdds-config-0.5.0-SNAPSHOT.jar:/home/user/.m2/repository/io/grpc/grpc-netty/1.17.1/grpc-netty-1.17.1.jar:/home/user/.m2/repository/io/grpc/grpc-core/1.17.1/grpc-core-1.17.1.jar:/home/user/.m2/repository/io/grpc/grpc-context/1.17.1/grpc-context-1.17.1.jar:/home/user/.m2/repository/com/google/errorprone/error_prone_annotations/2.2.0/error_prone_annotations-2.2.0.jar:/home/user/.m2/repository/org/codehaus/mojo/animal-sniffer-annotations/1.17/animal-sniffer-annotations-1.17.jar:/home/user/.m2/repository/io/opencensus/opencensus-api/0.17.0/opencensus-api-0.17.0.jar:/home/user/.m2/repository/io/opencensus/opencensus-contrib-grpc-metrics/0.17.0/opencensus-contrib-grpc-metrics-0.17.0.jar:/home/user/.m2/repository/io/netty/netty-codec-http2/4.1.30.Final/netty-codec-http2-4.1.30.Final.jar:/home/user/.m2/repository/io/netty/netty-codec-http/4.1.30.Final/netty-codec-http-4.1.30.Final.jar:/home/user/.m2/repository/io/netty/netty-codec/4.1.30.Final/netty-codec-4.1.30.Final.jar:/home/user/.m2/repository/io/netty/netty-handler/4.1.30.Final/netty-handler-4.1.30.Final.jar:/home/user/.m2/repository/io/netty/netty-handler-proxy/4.1.30.Final/netty-handler-proxy-4.1.30.Final.jar:/home/user/.m2/repository/io/netty/netty-codec-socks/4.1.30.Final/netty-codec-socks-4.1.30.Final.jar:/home/user/.m2/repository/io/netty/netty-transport-native-epoll/4.1.30.Final/netty-transport-native-epoll-4.1.30.Final.jar:/home/user/.m2/repository/io/netty/netty-common/4.1.30.Final/netty-common-4.1.30.Final.jar:/home/user/.m2/repository/io/netty/netty-buffer/4.1.30.Final/netty-buffer-4.1.30.Final.jar:/home/user/.m2/repository/io/netty/netty-transport/4.1.30.Final/netty-transport-4.1.30.Final.jar:/home/user/.m2/repository/io/netty/netty-resolver/4.1.30.Final/netty-resolver-4.1.30.Final.jar:/home/user/.m2/repository/io/netty/netty-transport-native-unix-common/4.1.30.Final/netty-transport-native-unix-common-4.1.30.Final.jar:/home/user/.m2/repository/io/grpc/grpc-protobuf/1.17.1/grpc-protobuf-1.17.1.jar:/home/user/.m2/repository/com/google/api/grpc/proto-google-common-protos/1.0.0/proto-google-common-protos-1.0.0.jar:/home/user/.m2/repository/io/grpc/grpc-protobuf-lite/1.17.1/grpc-protobuf-lite-1.17.1.jar:/home/user/.m2/repository/io/grpc/grpc-stub/1.17.1/grpc-stub-1.17.1.jar:/home/user/.m2/repository/org/apache/hadoop/hadoop-ozone-recon/0.5.0-SNAPSHOT/hadoop-ozone-recon-0.5.0-SNAPSHOT.jar:/home/user/.m2/repository/org/apache/hadoop/hadoop-ozone-reconcodegen/0.5.0-SNAPSHOT/hadoop-ozone-reconcodegen-0.5.0-SNAPSHOT.jar:/home/user/.m2/repository/com/google/inject/extensions/guice-multibindings/4.0/guice-multibindings-4.0.jar:/home/user/.m2/repository/com/google/inject/guice/4.0/guice-4.0.jar:/home/user/.m2/repository/aopalliance/aopalliance/1.0/aopalliance-1.0.jar:/home/user/.m2/repository/com/google/inject/extensions/guice-servlet/4.0/guice-servlet-4.0.jar:/home/user/.m2/repository/org/glassfish/jersey/containers/jersey-container-servlet/2.27/jersey-container-servlet-2.27.jar:/home/user/.m2/repository/org/glassfish/hk2/guice-bridge/2.5.0/guice-bridge-2.5.0.jar:/home/user/.m2/repository/org/glassfish/jersey/core/jersey-server/2.27/jersey-server-2.27.jar:/home/user/.m2/repository/org/glassfish/jersey/core/jersey-client/2.27/jersey-client-2.27.jar:/home/user/.m2/repository/org/glassfish/jersey/media/jersey-media-jaxb/2.27/jersey-media-jaxb-2.27.jar:/home/user/.m2/repository/javax/validation/validation-api/1.1.0.Final/validation-api-1.1.0.Final.jar:/home/user/.m2/repository/org/glassfish/jersey/media/jersey-media-json-jackson/2.27/jersey-media-json-jackson-2.27.jar:/home/user/.m2/repository/org/glassfish/jersey/ext/jersey-entity-filtering/2.27/jersey-entity-filtering-2.27.jar:/home/user/.m2/repository/com/google/inject/extensions/guice-assistedinject/4.0/guice-assistedinject-4.0.jar:/home/user/.m2/repository/org/jooq/jooq/3.11.10/jooq-3.11.10.jar:/home/user/.m2/repository/org/jooq/jooq-meta/3.11.10/jooq-meta-3.11.10.jar:/home/user/.m2/repository/org/jooq/jooq-codegen/3.11.10/jooq-codegen-3.11.10.jar:/home/user/.m2/repository/com/jolbox/bonecp/0.8.0.RELEASE/bonecp-0.8.0.RELEASE.jar:/home/user/.m2/repository/org/xerial/sqlite-jdbc/3.25.2/sqlite-jdbc-3.25.2.jar:/home/user/.m2/repository/org/springframework/spring-jdbc/5.1.3.RELEASE/spring-jdbc-5.1.3.RELEASE.jar:/home/user/.m2/repository/org/springframework/spring-beans/5.1.3.RELEASE/spring-beans-5.1.3.RELEASE.jar:/home/user/.m2/repository/org/springframework/spring-core/5.1.3.RELEASE/spring-core-5.1.3.RELEASE.jar:/home/user/.m2/repository/org/springframework/spring-jcl/5.1.3.RELEASE/spring-jcl-5.1.3.RELEASE.jar:/home/user/.m2/repository/org/springframework/spring-tx/5.1.3.RELEASE/spring-tx-5.1.3.RELEASE.jar:/home/user/.m2/repository/org/apache/hadoop/hadoop-ozone-client/0.5.0-SNAPSHOT/hadoop-ozone-client-0.5.0-SNAPSHOT.jar:/home/user/.m2/repository/commons-lang/commons-lang/2.6/commons-lang-2.6.jar:/home/user/.m2/repository/org/apache/hadoop/hadoop-ozone-ozone-manager/0.5.0-SNAPSHOT/hadoop-ozone-ozone-manager-0.5.0-SNAPSHOT-tests.jar:/home/user/.m2/repository/junit/junit/4.11/junit-4.11.jar:/home/user/.m2/repository/org/hamcrest/hamcrest-core/1.3/hamcrest-core-1.3.jar:/home/user/.m2/repository/org/openjdk/jmh/jmh-core/1.19/jmh-core-1.19.jar:/home/user/.m2/repository/net/sf/jopt-simple/jopt-simple/4.6/jopt-simple-4.6.jar:/home/user/.m2/repository/org/apache/commons/commons-math3/3.1.1/commons-math3-3.1.1.jar:/home/user/.m2/repository/org/openjdk/jmh/jmh-generator-annprocess/1.19/jmh-generator-annprocess-1.19.jar:/home/user/.m2/repository/org/mockito/mockito-all/1.8.5/mockito-all-1.8.5.jar:/home/user/.m2/repository/org/apache/hadoop/hadoop-kms/3.2.0/hadoop-kms-3.2.0.jar:/home/user/.m2/repository/org/apache/hadoop/hadoop-auth/3.2.0/hadoop-auth-3.2.0.jar:/home/user/.m2/repository/com/nimbusds/nimbus-jose-jwt/4.41.1/nimbus-jose-jwt-4.41.1.jar:/home/user/.m2/repository/com/github/stephenc/jcip/jcip-annotations/1.0-1/jcip-annotations-1.0-1.jar:/home/user/.m2/repository/net/minidev/json-smart/2.3/json-smart-2.3.jar:/home/user/.m2/repository/net/minidev/accessors-smart/1.2/accessors-smart-1.2.jar:/home/user/.m2/repository/org/ow2/asm/asm/5.0.4/asm-5.0.4.jar:/home/user/.m2/repository/org/apache/curator/curator-framework/2.12.0/curator-framework-2.12.0.jar:/home/user/.m2/repository/com/sun/jersey/jersey-core/1.19/jersey-core-1.19.jar:/home/user/.m2/repository/javax/ws/rs/jsr311-api/1.1.1/jsr311-api-1.1.1.jar:/home/user/.m2/repository/com/sun/jersey/jersey-server/1.19/jersey-server-1.19.jar:/home/user/.m2/repository/javax/servlet/javax.servlet-api/3.1.0/javax.servlet-api-3.1.0.jar:/home/user/.m2/repository/org/eclipse/jetty/jetty-server/9.3.24.v20180605/jetty-server-9.3.24.v20180605.jar:/home/user/.m2/repository/org/eclipse/jetty/jetty-http/9.3.24.v20180605/jetty-http-9.3.24.v20180605.jar:/home/user/.m2/repository/org/eclipse/jetty/jetty-io/9.3.24.v20180605/jetty-io-9.3.24.v20180605.jar:/home/user/.m2/repository/org/eclipse/jetty/jetty-webapp/9.3.24.v20180605/jetty-webapp-9.3.24.v20180605.jar:/home/user/.m2/repository/org/eclipse/jetty/jetty-xml/9.3.24.v20180605/jetty-xml-9.3.24.v20180605.jar:/home/user/.m2/repository/log4j/log4j/1.2.17/log4j-1.2.17.jar:/home/user/.m2/repository/org/slf4j/slf4j-api/1.7.25/slf4j-api-1.7.25.jar:/home/user/.m2/repository/org/slf4j/jul-to-slf4j/1.7.25/jul-to-slf4j-1.7.25.jar:/home/user/.m2/repository/org/eclipse/jetty/jetty-util/9.3.24.v20180605/jetty-util-9.3.24.v20180605.jar:/home/user/.m2/repository/com/fasterxml/jackson/core/jackson-databind/2.9.5/jackson-databind-2.9.5.jar:/home/user/.m2/repository/org/apache/hadoop/hadoop-kms/3.2.0/hadoop-kms-3.2.0-tests.jar:/home/user/.m2/repository/org/apache/hadoop/hadoop-hdds-server-scm/0.5.0-SNAPSHOT/hadoop-hdds-server-scm-0.5.0-SNAPSHOT-tests.jar:/home/user/.m2/repository/org/apache/hadoop/hadoop-hdds-container-service/0.5.0-SNAPSHOT/hadoop-hdds-container-service-0.5.0-SNAPSHOT-tests.jar:/home/user/.m2/repository/org/yaml/snakeyaml/1.16/snakeyaml-1.16.jar:/home/user/.m2/repository/org/apache/hadoop/hadoop-common/3.2.0/hadoop-common-3.2.0-tests.jar:/home/user/.m2/repository/org/apache/hadoop/hadoop-annotations/3.2.0/hadoop-annotations-3.2.0.jar:/usr/lib/jvm/java-1.8-openjdk/jre/../lib/tools.jar:/home/user/.m2/repository/commons-cli/commons-cli/1.2/commons-cli-1.2.jar:/home/user/.m2/repository/org/apache/httpcomponents/httpclient/4.5.2/httpclient-4.5.2.jar:/home/user/.m2/repository/org/apache/httpcomponents/httpcore/4.4.4/httpcore-4.4.4.jar:/home/user/.m2/repository/commons-codec/commons-codec/1.11/commons-codec-1.11.jar:/home/user/.m2/repository/commons-net/commons-net/3.6/commons-net-3.6.jar:/home/user/.m2/repository/commons-collections/commons-collections/3.2.2/commons-collections-3.2.2.jar:/home/user/.m2/repository/org/eclipse/jetty/jetty-servlet/9.3.24.v20180605/jetty-servlet-9.3.24.v20180605.jar:/home/user/.m2/repository/org/eclipse/jetty/jetty-security/9.3.24.v20180605/jetty-security-9.3.24.v20180605.jar:/home/user/.m2/repository/javax/servlet/jsp/jsp-api/2.1/jsp-api-2.1.jar:/home/user/.m2/repository/com/sun/jersey/jersey-servlet/1.19/jersey-servlet-1.19.jar:/home/user/.m2/repository/com/sun/jersey/jersey-json/1.19/jersey-json-1.19.jar:/home/user/.m2/repository/org/codehaus/jettison/jettison/1.1/jettison-1.1.jar:/home/user/.m2/repository/org/codehaus/jackson/jackson-core-asl/1.9.13/jackson-core-asl-1.9.13.jar:/home/user/.m2/repository/org/codehaus/jackson/jackson-mapper-asl/1.9.13/jackson-mapper-asl-1.9.13.jar:/home/user/.m2/repository/org/codehaus/jackson/jackson-jaxrs/1.9.13/jackson-jaxrs-1.9.13.jar:/home/user/.m2/repository/org/codehaus/jackson/jackson-xc/1.9.13/jackson-xc-1.9.13.jar:/home/user/.m2/repository/commons-logging/commons-logging/1.1.3/commons-logging-1.1.3.jar:/home/user/.m2/repository/commons-beanutils/commons-beanutils/1.9.3/commons-beanutils-1.9.3.jar:/home/user/.m2/repository/org/apache/commons/commons-configuration2/2.1.1/commons-configuration2-2.1.1.jar:/home/user/.m2/repository/org/apache/commons/commons-lang3/3.7/commons-lang3-3.7.jar:/home/user/.m2/repository/org/apache/commons/commons-text/1.4/commons-text-1.4.jar:/home/user/.m2/repository/org/apache/avro/avro/1.7.7/avro-1.7.7.jar:/home/user/.m2/repository/com/thoughtworks/paranamer/paranamer/2.3/paranamer-2.3.jar:/home/user/.m2/repository/org/xerial/snappy/snappy-java/1.0.5/snappy-java-1.0.5.jar:/home/user/.m2/repository/com/google/re2j/re2j/1.1/re2j-1.1.jar:/home/user/.m2/repository/com/google/code/gson/gson/2.2.4/gson-2.2.4.jar:/home/user/.m2/repository/com/jcraft/jsch/0.1.54/jsch-0.1.54.jar:/home/user/.m2/repository/org/apache/curator/curator-client/2.12.0/curator-client-2.12.0.jar:/home/user/.m2/repository/org/apache/curator/curator-recipes/2.12.0/curator-recipes-2.12.0.jar:/home/user/.m2/repository/com/google/code/findbugs/jsr305/3.0.0/jsr305-3.0.0.jar:/home/user/.m2/repository/org/apache/htrace/htrace-core4/4.1.0-incubating/htrace-core4-4.1.0-incubating.jar:/home/user/.m2/repository/org/apache/zookeeper/zookeeper/3.4.13/zookeeper-3.4.13.jar:/home/user/.m2/repository/org/apache/yetus/audience-annotations/0.5.0/audience-annotations-0.5.0.jar:/home/user/.m2/repository/org/codehaus/woodstox/stax2-api/3.1.4/stax2-api-3.1.4.jar:/home/user/.m2/repository/com/fasterxml/woodstox/woodstox-core/5.0.3/woodstox-core-5.0.3.jar:/home/user/.m2/repository/dnsjava/dnsjava/2.1.7/dnsjava-2.1.7.jar:/home/user/.m2/repository/org/apache/hadoop/hadoop-hdfs/3.2.0/hadoop-hdfs-3.2.0-tests.jar:/home/user/.m2/repository/org/eclipse/jetty/jetty-util-ajax/9.3.24.v20180605/jetty-util-ajax-9.3.24.v20180605.jar:/home/user/.m2/repository/commons-daemon/commons-daemon/1.0.13/commons-daemon-1.0.13.jar:/home/user/.m2/repository/io/netty/netty/3.10.5.Final/netty-3.10.5.Final.jar:/home/user/.m2/repository/io/netty/netty-all/4.0.52.Final/netty-all-4.0.52.Final.jar:/home/user/.m2/repository/org/fusesource/leveldbjni/leveldbjni-all/1.8/leveldbjni-all-1.8.jar:"/>
    <property name="sun.cpu.endian" value="little"/>
    <property name="user.home" value="/home/user"/>
    <property name="user.language" value="en"/>
    <property name="java.specification.vendor" value="Oracle Corporation"/>
    <property name="java.home" value="/usr/lib/jvm/java-1.8-openjdk/jre"/>
    <property name="java.security.krb5.conf" value="/workdir/hadoop-ozone/integration-test/target/test-classes/krb5.conf"/>
    <property name="basedir" value="/workdir/hadoop-ozone/integration-test"/>
    <property name="file.separator" value="/"/>
    <property name="line.separator" value="&#10;"/>
    <property name="java.vm.specification.vendor" value="Oracle Corporation"/>
    <property name="java.specification.name" value="Java Platform API Specification"/>
    <property name="java.awt.graphicsenv" value="sun.awt.X11GraphicsEnvironment"/>
    <property name="surefire.real.class.path" value="/workdir/hadoop-ozone/integration-test/target/surefire/surefirebooter2355833731970904652.jar"/>
    <property name="hadoop.log.dir" value="/workdir/hadoop-ozone/integration-test/target/log"/>
    <property name="sun.boot.class.path" value="/usr/lib/jvm/java-1.8-openjdk/jre/lib/resources.jar:/usr/lib/jvm/java-1.8-openjdk/jre/lib/rt.jar:/usr/lib/jvm/java-1.8-openjdk/jre/lib/sunrsasign.jar:/usr/lib/jvm/java-1.8-openjdk/jre/lib/jsse.jar:/usr/lib/jvm/java-1.8-openjdk/jre/lib/jce.jar:/usr/lib/jvm/java-1.8-openjdk/jre/lib/charsets.jar:/usr/lib/jvm/java-1.8-openjdk/jre/lib/jfr.jar:/usr/lib/jvm/java-1.8-openjdk/jre/classes"/>
    <property name="sun.management.compiler" value="HotSpot 64-Bit Tiered Compilers"/>
    <property name="java.runtime.version" value="1.8.0_212-b04"/>
    <property name="java.net.preferIPv4Stack" value="true"/>
    <property name="user.name" value="jenkins1000"/>
    <property name="path.separator" value=":"/>
    <property name="java.security.egd" value="file:///dev/urandom"/>
    <property name="os.version" value="3.10.0-957.12.2.el7.x86_64"/>
    <property name="java.endorsed.dirs" value="/usr/lib/jvm/java-1.8-openjdk/jre/lib/endorsed"/>
    <property name="java.runtime.name" value="OpenJDK Runtime Environment"/>
    <property name="file.encoding" value="UTF-8"/>
    <property name="java.vm.name" value="OpenJDK 64-Bit Server VM"/>
    <property name="test.build.webapps" value=""/>
    <property name="localRepository" value="/home/user/.m2/repository"/>
    <property name="java.vendor.url.bug" value="https://icedtea.classpath.org/bugzilla"/>
    <property name="java.io.tmpdir" value="/tmp"/>
    <property name="require.test.libhadoop" value=""/>
    <property name="java.version" value="1.8.0_212"/>
    <property name="user.dir" value="/workdir/hadoop-ozone/integration-test"/>
    <property name="os.arch" value="amd64"/>
    <property name="java.vm.specification.name" value="Java Virtual Machine Specification"/>
    <property name="test.build.classes" value="/workdir/hadoop-ozone/integration-test/target/test-classes"/>
    <property name="java.awt.printerjob" value="sun.print.PSPrinterJob"/>
    <property name="sun.os.patch.level" value="unknown"/>
    <property name="hadoop.tmp.dir" value="/workdir/hadoop-ozone/integration-test/target/tmp"/>
    <property name="java.library.path" value="/usr/lib/jvm/java-1.8-openjdk/jre/lib/amd64/server:/usr/lib/jvm/java-1.8-openjdk/jre/lib/amd64:/usr/lib/jvm/java-1.8-openjdk/jre/../lib/amd64:/workdir/hadoop-ozone/integration-test/target/native/target/usr/local/lib:/workdir/hadoop-ozone/integration-test/../../hadoop-common-project/hadoop-common/target/native/target/usr/local/lib:/usr/java/packages/lib/amd64:/usr/lib64:/lib64:/lib:/usr/lib"/>
    <property name="java.vm.info" value="mixed mode"/>
    <property name="java.vendor" value="IcedTea"/>
    <property name="java.vm.version" value="25.212-b04"/>
    <property name="java.ext.dirs" value="/usr/lib/jvm/java-1.8-openjdk/jre/lib/ext:/usr/java/packages/lib/ext"/>
    <property name="sun.io.unicode.encoding" value="UnicodeLittle"/>
    <property name="java.class.version" value="52.0"/>
  </properties>
  <testcase name="testPipelineCloseWithPipelineAction" classname="org.apache.hadoop.hdds.scm.pipeline.TestPipelineClose" time="32.985">
    <failure message="Values should be different. Actual: PipelineID=bd5ac8e3-3d0e-4805-831e-167ffb37bdfb" type="java.lang.AssertionError">java.lang.AssertionError: Values should be different. Actual: PipelineID=bd5ac8e3-3d0e-4805-831e-167ffb37bdfb
	at org.junit.Assert.fail(Assert.java:88)
	at org.junit.Assert.failEquals(Assert.java:185)
	at org.junit.Assert.assertNotEquals(Assert.java:161)
	at org.junit.Assert.assertNotEquals(Assert.java:175)
	at org.apache.hadoop.hdds.scm.pipeline.TestPipelineClose.testPipelineCloseWithPipelineAction(TestPipelineClose.java:180)
	at sun.reflect.NativeMethodAccessorImpl.invoke0(Native Method)
	at sun.reflect.NativeMethodAccessorImpl.invoke(NativeMethodAccessorImpl.java:62)
	at sun.reflect.DelegatingMethodAccessorImpl.invoke(DelegatingMethodAccessorImpl.java:43)
	at java.lang.reflect.Method.invoke(Method.java:498)
	at org.junit.runners.model.FrameworkMethod$1.runReflectiveCall(FrameworkMethod.java:47)
	at org.junit.internal.runners.model.ReflectiveCallable.run(ReflectiveCallable.java:12)
	at org.junit.runners.model.FrameworkMethod.invokeExplosively(FrameworkMethod.java:44)
	at org.junit.internal.runners.statements.InvokeMethod.evaluate(InvokeMethod.java:17)
	at org.junit.internal.runners.statements.RunBefores.evaluate(RunBefores.java:26)
	at org.junit.internal.runners.statements.RunAfters.evaluate(RunAfters.java:27)
	at org.junit.runners.ParentRunner.runLeaf(ParentRunner.java:271)
	at org.junit.runners.BlockJUnit4ClassRunner.runChild(BlockJUnit4ClassRunner.java:70)
	at org.junit.runners.BlockJUnit4ClassRunner.runChild(BlockJUnit4ClassRunner.java:50)
	at org.junit.runners.ParentRunner$3.run(ParentRunner.java:238)
	at org.junit.runners.ParentRunner$1.schedule(ParentRunner.java:63)
	at org.junit.runners.ParentRunner.runChildren(ParentRunner.java:236)
	at org.junit.runners.ParentRunner.access$000(ParentRunner.java:53)
	at org.junit.runners.ParentRunner$2.evaluate(ParentRunner.java:229)
	at org.junit.runners.ParentRunner.run(ParentRunner.java:309)
	at org.apache.maven.surefire.junit4.JUnit4Provider.execute(JUnit4Provider.java:365)
	at org.apache.maven.surefire.junit4.JUnit4Provider.executeWithRerun(JUnit4Provider.java:273)
	at org.apache.maven.surefire.junit4.JUnit4Provider.executeTestSet(JUnit4Provider.java:238)
	at org.apache.maven.surefire.junit4.JUnit4Provider.invoke(JUnit4Provider.java:159)
	at org.apache.maven.surefire.booter.ForkedBooter.invokeProviderInSameClassLoader(ForkedBooter.java:384)
	at org.apache.maven.surefire.booter.ForkedBooter.runSuitesInProcess(ForkedBooter.java:345)
	at org.apache.maven.surefire.booter.ForkedBooter.execute(ForkedBooter.java:126)
	at org.apache.maven.surefire.booter.ForkedBooter.main(ForkedBooter.java:418)
</failure>
    <system-out><![CDATA[2019-09-18 17:37:58,179 [main] WARN  server.ServerUtils (ServerUtils.java:getScmDbDir(145)) - ozone.scm.db.dirs is not configured. We recommend adding this setting. Falling back to ozone.metadata.dirs instead.
2019-09-18 17:37:58,346 [main] WARN  server.ServerUtils (ServerUtils.java:getScmDbDir(145)) - ozone.scm.db.dirs is not configured. We recommend adding this setting. Falling back to ozone.metadata.dirs instead.
2019-09-18 17:37:58,350 [main] WARN  server.ServerUtils (ServerUtils.java:getScmDbDir(145)) - ozone.scm.db.dirs is not configured. We recommend adding this setting. Falling back to ozone.metadata.dirs instead.
2019-09-18 17:37:58,368 [main] INFO  util.log (Log.java:initialized(192)) - Logging initialized @985ms
2019-09-18 17:37:58,499 [main] INFO  db.DBStoreBuilder (DBStoreBuilder.java:addTable(110)) - using custom profile for table: deletedBlocks
2019-09-18 17:37:58,500 [main] INFO  db.DBStoreBuilder (DBStoreBuilder.java:processTables(161)) - Using default column profile:DBProfile.DISK for Table:deletedBlocks
2019-09-18 17:37:58,501 [main] INFO  db.DBStoreBuilder (DBStoreBuilder.java:addTable(110)) - using custom profile for table: validCerts
2019-09-18 17:37:58,501 [main] INFO  db.DBStoreBuilder (DBStoreBuilder.java:processTables(161)) - Using default column profile:DBProfile.DISK for Table:validCerts
2019-09-18 17:37:58,501 [main] INFO  db.DBStoreBuilder (DBStoreBuilder.java:addTable(110)) - using custom profile for table: revokedCerts
2019-09-18 17:37:58,502 [main] INFO  db.DBStoreBuilder (DBStoreBuilder.java:processTables(161)) - Using default column profile:DBProfile.DISK for Table:revokedCerts
2019-09-18 17:37:58,516 [main] INFO  db.DBStoreBuilder (DBStoreBuilder.java:addTable(110)) - using custom profile for table: default
2019-09-18 17:37:58,517 [main] INFO  db.DBStoreBuilder (DBStoreBuilder.java:processTables(167)) - Using default column profile:DBProfile.DISK for Table:default
2019-09-18 17:37:58,518 [main] INFO  db.DBStoreBuilder (DBStoreBuilder.java:getDbProfile(198)) - Using default options. DBProfile.DISK
2019-09-18 17:37:58,970 [main] INFO  net.NodeSchemaLoader (NodeSchemaLoader.java:loadSchemaFromFile(125)) - Loading file from sun.misc.CompoundEnumeration@479d31f3
2019-09-18 17:37:58,973 [main] INFO  net.NodeSchemaLoader (NodeSchemaLoader.java:loadSchema(171)) - Loading network topology layer schema file
2019-09-18 17:37:59,056 [main] WARN  server.ServerUtils (ServerUtils.java:sanitizeUserArgs(70)) - ozone.scm.stale.node.interval value = 300000 is larger than max = 100000 based on the key value of ozone.scm.heartbeat.thread.interval, reset to the max value 100000.
2019-09-18 17:37:59,058 [main] WARN  server.ServerUtils (ServerUtils.java:sanitizeUserArgs(70)) - ozone.scm.stale.node.interval value = 300000 is larger than max = 100000 based on the key value of ozone.scm.heartbeat.thread.interval, reset to the max value 100000.
2019-09-18 17:37:59,060 [main] INFO  node.SCMNodeManager (SCMNodeManager.java:<init>(121)) - Entering startup safe mode.
2019-09-18 17:37:59,128 [main] INFO  algorithms.ContainerPlacementPolicyFactory (ContainerPlacementPolicyFactory.java:getPolicy(56)) - Create container placement policy of type org.apache.hadoop.hdds.scm.container.placement.algorithms.SCMContainerPlacementRandom
2019-09-18 17:37:59,142 [main] WARN  server.ServerUtils (ServerUtils.java:getScmDbDir(145)) - ozone.scm.db.dirs is not configured. We recommend adding this setting. Falling back to ozone.metadata.dirs instead.
2019-09-18 17:37:59,286 [main] INFO  pipeline.SCMPipelineManager (SCMPipelineManager.java:initializePipelineState(145)) - No pipeline exists in current db
2019-09-18 17:37:59,290 [main] WARN  server.ServerUtils (ServerUtils.java:getScmDbDir(145)) - ozone.scm.db.dirs is not configured. We recommend adding this setting. Falling back to ozone.metadata.dirs instead.
2019-09-18 17:37:59,451 [main] INFO  safemode.HealthyPipelineSafeModeRule (HealthyPipelineSafeModeRule.java:<init>(87)) -  Total pipeline count is 0, healthy pipeline threshold count is 1
2019-09-18 17:37:59,453 [main] INFO  safemode.OneReplicaPipelineSafeModeRule (OneReplicaPipelineSafeModeRule.java:<init>(75)) - Total pipeline count is 0, pipeline's with at least one datanode reported threshold count is 0
2019-09-18 17:37:59,453 [main] WARN  events.EventQueue (EventQueue.java:fireEvent(175)) - No event handler registered for event TypedEvent{payloadType=SafeModeStatus, name='SafeModeStatus'}
2019-09-18 17:38:00,202 [main] INFO  ipc.CallQueueManager (CallQueueManager.java:<init>(84)) - Using callQueue: class java.util.concurrent.LinkedBlockingQueue, queueCapacity: 2000, scheduler: class org.apache.hadoop.ipc.DefaultRpcScheduler, ipcBackoff: false.
2019-09-18 17:38:00,241 [Socket Reader #1 for port 34013] INFO  ipc.Server (Server.java:run(1074)) - Starting Socket Reader #1 for port 34013
2019-09-18 17:38:00,270 [main] INFO  ipc.CallQueueManager (CallQueueManager.java:<init>(84)) - Using callQueue: class java.util.concurrent.LinkedBlockingQueue, queueCapacity: 2000, scheduler: class org.apache.hadoop.ipc.DefaultRpcScheduler, ipcBackoff: false.
2019-09-18 17:38:00,271 [Socket Reader #1 for port 33861] INFO  ipc.Server (Server.java:run(1074)) - Starting Socket Reader #1 for port 33861
2019-09-18 17:38:00,280 [main] INFO  ipc.CallQueueManager (CallQueueManager.java:<init>(84)) - Using callQueue: class java.util.concurrent.LinkedBlockingQueue, queueCapacity: 2000, scheduler: class org.apache.hadoop.ipc.DefaultRpcScheduler, ipcBackoff: false.
2019-09-18 17:38:00,280 [Socket Reader #1 for port 44071] INFO  ipc.Server (Server.java:run(1074)) - Starting Socket Reader #1 for port 44071
2019-09-18 17:38:00,301 [main] INFO  hdfs.DFSUtil (DFSUtil.java:httpServerTemplateForNNAndJN(1641)) - Starting Web-server for scm at: http://0.0.0.0:0
2019-09-18 17:38:00,487 [main] INFO  server.AuthenticationFilter (AuthenticationFilter.java:constructSecretProvider(240)) - Unable to initialize FileSignerSecretProvider, falling back to use random secrets.
2019-09-18 17:38:00,496 [main] WARN  http.HttpRequestLog (HttpRequestLog.java:getRequestLog(97)) - Jetty request log can only be enabled using Log4j
2019-09-18 17:38:00,505 [main] INFO  http.HttpServer2 (HttpServer2.java:addGlobalFilter(975)) - Added global filter 'safety' (class=org.apache.hadoop.http.HttpServer2$QuotingInputFilter)
2019-09-18 17:38:00,508 [main] INFO  http.HttpServer2 (HttpServer2.java:addFilter(948)) - Added filter static_user_filter (class=org.apache.hadoop.http.lib.StaticUserWebFilter$StaticUserFilter) to context scm
2019-09-18 17:38:00,508 [main] INFO  http.HttpServer2 (HttpServer2.java:addFilter(958)) - Added filter static_user_filter (class=org.apache.hadoop.http.lib.StaticUserWebFilter$StaticUserFilter) to context logs
2019-09-18 17:38:00,508 [main] INFO  http.HttpServer2 (HttpServer2.java:addFilter(958)) - Added filter static_user_filter (class=org.apache.hadoop.http.lib.StaticUserWebFilter$StaticUserFilter) to context static
2019-09-18 17:38:00,538 [main] INFO  server.StorageContainerManager (StorageContainerManager.java:start(761)) - StorageContainerLocationProtocol RPC server is listening at /0.0.0.0:44071
2019-09-18 17:38:00,626 [main] WARN  impl.MetricsConfig (MetricsConfig.java:loadFirst(134)) - Cannot locate configuration: tried hadoop-metrics2-storagecontainermanager.properties,hadoop-metrics2.properties
2019-09-18 17:38:00,640 [main] INFO  impl.MetricsSystemImpl (MetricsSystemImpl.java:startTimer(374)) - Scheduled Metric snapshot period at 10 second(s).
2019-09-18 17:38:00,641 [main] INFO  impl.MetricsSystemImpl (MetricsSystemImpl.java:start(191)) - StorageContainerManager metrics system started
2019-09-18 17:38:00,891 [main] INFO  server.SCMClientProtocolServer (SCMClientProtocolServer.java:start(151)) - RPC server for Client  is listening at /0.0.0.0:44071
2019-09-18 17:38:00,892 [IPC Server Responder] INFO  ipc.Server (Server.java:run(1314)) - IPC Server Responder: starting
2019-09-18 17:38:00,892 [IPC Server listener on 44071] INFO  ipc.Server (Server.java:run(1153)) - IPC Server listener on 44071: starting
2019-09-18 17:38:00,894 [main] INFO  server.StorageContainerManager (StorageContainerManager.java:start(771)) - ScmBlockLocationProtocol RPC server is listening at /0.0.0.0:33861
2019-09-18 17:38:00,895 [main] INFO  server.SCMBlockProtocolServer (SCMBlockProtocolServer.java:start(140)) - RPC server for Block Protocol is listening at /0.0.0.0:33861
2019-09-18 17:38:00,895 [IPC Server Responder] INFO  ipc.Server (Server.java:run(1314)) - IPC Server Responder: starting
2019-09-18 17:38:00,895 [IPC Server listener on 33861] INFO  ipc.Server (Server.java:run(1153)) - IPC Server listener on 33861: starting
2019-09-18 17:38:00,898 [main] INFO  server.StorageContainerManager (StorageContainerManager.java:start(775)) - ScmDatanodeProtocl RPC server is listening at /0.0.0.0:34013
2019-09-18 17:38:00,898 [main] INFO  server.SCMDatanodeProtocolServer (SCMDatanodeProtocolServer.java:start(199)) - RPC server for DataNodes is listening at /0.0.0.0:34013
2019-09-18 17:38:00,899 [IPC Server Responder] INFO  ipc.Server (Server.java:run(1314)) - IPC Server Responder: starting
2019-09-18 17:38:00,899 [IPC Server listener on 34013] INFO  ipc.Server (Server.java:run(1153)) - IPC Server listener on 34013: starting
2019-09-18 17:38:00,903 [main] INFO  http.HttpServer2 (HttpServer2.java:bindListener(1191)) - Jetty bound to port 41682
2019-09-18 17:38:00,905 [main] INFO  server.Server (Server.java:doStart(351)) - jetty-9.3.24.v20180605, build timestamp: 2018-06-05T17:11:56Z, git hash: 84205aa28f11a4f31f2a3b86d1bba2cc8ab69827
2019-09-18 17:38:00,944 [main] INFO  handler.ContextHandler (ContextHandler.java:doStart(781)) - Started o.e.j.s.ServletContextHandler@54d18072{/logs,file:///workdir/hadoop-ozone/integration-test/target/log,AVAILABLE}
2019-09-18 17:38:00,944 [main] INFO  handler.ContextHandler (ContextHandler.java:doStart(781)) - Started o.e.j.s.ServletContextHandler@47a5b70d{/static,file:///workdir/hadoop-ozone/integration-test/target/test-classes/webapps/static,AVAILABLE}
2019-09-18 17:38:00,978 [main] INFO  handler.ContextHandler (ContextHandler.java:doStart(781)) - Started o.e.j.w.WebAppContext@30b34287{/,file:///workdir/hadoop-ozone/integration-test/target/test-classes/webapps/scm/,AVAILABLE}{/scm}
2019-09-18 17:38:00,984 [main] INFO  server.AbstractConnector (AbstractConnector.java:doStart(278)) - Started ServerConnector@672f11c2{HTTP/1.1,[http/1.1]}{0.0.0.0:41682}
2019-09-18 17:38:00,984 [main] INFO  server.Server (Server.java:doStart(419)) - Started @3601ms
2019-09-18 17:38:00,986 [main] INFO  server.BaseHttpServer (BaseHttpServer.java:updateConnectorAddress(213)) - HTTP server of SCM is listening at http://0.0.0.0:41682
2019-09-18 17:38:00,993 [org.apache.hadoop.util.JvmPauseMonitor$Monitor@173b9122] INFO  util.JvmPauseMonitor (JvmPauseMonitor.java:run(188)) - Starting JVM pause monitor
2019-09-18 17:38:00,998 [main] WARN  server.ServerUtils (ServerUtils.java:getDBPath(222)) - ozone.om.db.dirs is not configured. We recommend adding this setting. Falling back to ozone.metadata.dirs instead.
2019-09-18 17:38:01,132 [main] WARN  server.ServerUtils (ServerUtils.java:getDBPath(222)) - ozone.om.db.dirs is not configured. We recommend adding this setting. Falling back to ozone.metadata.dirs instead.
2019-09-18 17:38:01,133 [main] WARN  server.ServerUtils (ServerUtils.java:getDBPath(222)) - ozone.om.db.dirs is not configured. We recommend adding this setting. Falling back to ozone.metadata.dirs instead.
2019-09-18 17:38:01,134 [main] INFO  om.OzoneManager (OzoneManager.java:setOMNodeDetails(645)) - OM Service ID is not set. Setting it to the default ID: omServiceIdDefault
2019-09-18 17:38:01,134 [main] INFO  om.OzoneManager (OzoneManager.java:setOMNodeDetails(651)) - OM Node ID is not set. Setting it to the OmStorage's OmID: aad8ae6c-2fff-4009-a08e-00ea620ffbf4
2019-09-18 17:38:01,135 [main] INFO  om.OzoneManager (OzoneManager.java:loadOMHAConfigs(602)) - Found matching OM address with OMServiceId: null, OMNodeId: null, RPC Address: localhost:0 and Ratis port: 9872
2019-09-18 17:38:01,432 | INFO  | SCMAudit | user=jenkins1000 | ip=192.168.5.185 | op=GET_SCM_INFO null | ret=SUCCESS |  
2019-09-18 17:38:01,920 [main] WARN  server.ServerUtils (ServerUtils.java:getDBPath(222)) - ozone.om.db.dirs is not configured. We recommend adding this setting. Falling back to ozone.metadata.dirs instead.
2019-09-18 17:38:01,928 [main] INFO  db.DBStoreBuilder (DBStoreBuilder.java:addTable(110)) - using custom profile for table: userTable
2019-09-18 17:38:01,928 [main] INFO  db.DBStoreBuilder (DBStoreBuilder.java:processTables(161)) - Using default column profile:DBProfile.DISK for Table:userTable
2019-09-18 17:38:01,928 [main] INFO  db.DBStoreBuilder (DBStoreBuilder.java:addTable(110)) - using custom profile for table: volumeTable
2019-09-18 17:38:01,929 [main] INFO  db.DBStoreBuilder (DBStoreBuilder.java:processTables(161)) - Using default column profile:DBProfile.DISK for Table:volumeTable
2019-09-18 17:38:01,929 [main] INFO  db.DBStoreBuilder (DBStoreBuilder.java:addTable(110)) - using custom profile for table: bucketTable
2019-09-18 17:38:01,929 [main] INFO  db.DBStoreBuilder (DBStoreBuilder.java:processTables(161)) - Using default column profile:DBProfile.DISK for Table:bucketTable
2019-09-18 17:38:01,929 [main] INFO  db.DBStoreBuilder (DBStoreBuilder.java:addTable(110)) - using custom profile for table: keyTable
2019-09-18 17:38:01,930 [main] INFO  db.DBStoreBuilder (DBStoreBuilder.java:processTables(161)) - Using default column profile:DBProfile.DISK for Table:keyTable
2019-09-18 17:38:01,930 [main] INFO  db.DBStoreBuilder (DBStoreBuilder.java:addTable(110)) - using custom profile for table: deletedTable
2019-09-18 17:38:01,930 [main] INFO  db.DBStoreBuilder (DBStoreBuilder.java:processTables(161)) - Using default column profile:DBProfile.DISK for Table:deletedTable
2019-09-18 17:38:01,930 [main] INFO  db.DBStoreBuilder (DBStoreBuilder.java:addTable(110)) - using custom profile for table: openKeyTable
2019-09-18 17:38:01,931 [main] INFO  db.DBStoreBuilder (DBStoreBuilder.java:processTables(161)) - Using default column profile:DBProfile.DISK for Table:openKeyTable
2019-09-18 17:38:01,931 [main] INFO  db.DBStoreBuilder (DBStoreBuilder.java:addTable(110)) - using custom profile for table: s3Table
2019-09-18 17:38:01,931 [main] INFO  db.DBStoreBuilder (DBStoreBuilder.java:processTables(161)) - Using default column profile:DBProfile.DISK for Table:s3Table
2019-09-18 17:38:01,931 [main] INFO  db.DBStoreBuilder (DBStoreBuilder.java:addTable(110)) - using custom profile for table: multipartInfoTable
2019-09-18 17:38:01,932 [main] INFO  db.DBStoreBuilder (DBStoreBuilder.java:processTables(161)) - Using default column profile:DBProfile.DISK for Table:multipartInfoTable
2019-09-18 17:38:01,932 [main] INFO  db.DBStoreBuilder (DBStoreBuilder.java:addTable(110)) - using custom profile for table: dTokenTable
2019-09-18 17:38:01,932 [main] INFO  db.DBStoreBuilder (DBStoreBuilder.java:processTables(161)) - Using default column profile:DBProfile.DISK for Table:dTokenTable
2019-09-18 17:38:01,933 [main] INFO  db.DBStoreBuilder (DBStoreBuilder.java:addTable(110)) - using custom profile for table: s3SecretTable
2019-09-18 17:38:01,933 [main] INFO  db.DBStoreBuilder (DBStoreBuilder.java:processTables(161)) - Using default column profile:DBProfile.DISK for Table:s3SecretTable
2019-09-18 17:38:01,933 [main] INFO  db.DBStoreBuilder (DBStoreBuilder.java:addTable(110)) - using custom profile for table: prefixTable
2019-09-18 17:38:01,933 [main] INFO  db.DBStoreBuilder (DBStoreBuilder.java:processTables(161)) - Using default column profile:DBProfile.DISK for Table:prefixTable
2019-09-18 17:38:01,934 [main] INFO  db.DBStoreBuilder (DBStoreBuilder.java:addTable(110)) - using custom profile for table: default
2019-09-18 17:38:01,934 [main] INFO  db.DBStoreBuilder (DBStoreBuilder.java:processTables(167)) - Using default column profile:DBProfile.DISK for Table:default
2019-09-18 17:38:01,934 [main] INFO  db.DBStoreBuilder (DBStoreBuilder.java:getDbProfile(198)) - Using default options. DBProfile.DISK
2019-09-18 17:38:02,853 [main] INFO  ipc.CallQueueManager (CallQueueManager.java:<init>(84)) - Using callQueue: class java.util.concurrent.LinkedBlockingQueue, queueCapacity: 2000, scheduler: class org.apache.hadoop.ipc.DefaultRpcScheduler, ipcBackoff: false.
2019-09-18 17:38:02,855 [Socket Reader #1 for port 37395] INFO  ipc.Server (Server.java:run(1074)) - Starting Socket Reader #1 for port 37395
2019-09-18 17:38:02,893 [main] INFO  om.OzoneManager (OzoneManager.java:start(1256)) - OzoneManager RPC server is listening at localhost/127.0.0.1:37395
2019-09-18 17:38:02,894 [main] INFO  impl.MetricsSystemImpl (MetricsSystemImpl.java:init(158)) - OzoneManager metrics system started (again)
2019-09-18 17:38:02,896 [IPC Server Responder] INFO  ipc.Server (Server.java:run(1314)) - IPC Server Responder: starting
2019-09-18 17:38:02,896 [IPC Server listener on 37395] INFO  ipc.Server (Server.java:run(1153)) - IPC Server listener on 37395: starting
2019-09-18 17:38:02,902 [main] INFO  hdfs.DFSUtil (DFSUtil.java:httpServerTemplateForNNAndJN(1641)) - Starting Web-server for ozoneManager at: http://0.0.0.0:0
2019-09-18 17:38:02,906 [main] INFO  server.AuthenticationFilter (AuthenticationFilter.java:constructSecretProvider(240)) - Unable to initialize FileSignerSecretProvider, falling back to use random secrets.
2019-09-18 17:38:02,908 [main] WARN  http.HttpRequestLog (HttpRequestLog.java:getRequestLog(97)) - Jetty request log can only be enabled using Log4j
2019-09-18 17:38:02,911 [main] INFO  http.HttpServer2 (HttpServer2.java:addGlobalFilter(975)) - Added global filter 'safety' (class=org.apache.hadoop.http.HttpServer2$QuotingInputFilter)
2019-09-18 17:38:02,912 [main] INFO  http.HttpServer2 (HttpServer2.java:addFilter(948)) - Added filter static_user_filter (class=org.apache.hadoop.http.lib.StaticUserWebFilter$StaticUserFilter) to context ozoneManager
2019-09-18 17:38:02,913 [main] INFO  http.HttpServer2 (HttpServer2.java:addFilter(958)) - Added filter static_user_filter (class=org.apache.hadoop.http.lib.StaticUserWebFilter$StaticUserFilter) to context static
2019-09-18 17:38:02,913 [main] INFO  http.HttpServer2 (HttpServer2.java:addFilter(958)) - Added filter static_user_filter (class=org.apache.hadoop.http.lib.StaticUserWebFilter$StaticUserFilter) to context logs
2019-09-18 17:38:02,916 [main] INFO  http.HttpServer2 (HttpServer2.java:bindListener(1191)) - Jetty bound to port 38210
2019-09-18 17:38:02,917 [main] INFO  server.Server (Server.java:doStart(351)) - jetty-9.3.24.v20180605, build timestamp: 2018-06-05T17:11:56Z, git hash: 84205aa28f11a4f31f2a3b86d1bba2cc8ab69827
2019-09-18 17:38:02,919 [main] INFO  handler.ContextHandler (ContextHandler.java:doStart(781)) - Started o.e.j.s.ServletContextHandler@51ec2df1{/logs,file:///workdir/hadoop-ozone/integration-test/target/log,AVAILABLE}
2019-09-18 17:38:02,920 [main] INFO  handler.ContextHandler (ContextHandler.java:doStart(781)) - Started o.e.j.s.ServletContextHandler@15fa55a6{/static,file:///workdir/hadoop-ozone/integration-test/target/test-classes/webapps/static,AVAILABLE}
2019-09-18 17:38:02,928 [main] INFO  handler.ContextHandler (ContextHandler.java:doStart(781)) - Started o.e.j.w.WebAppContext@61f3fbb8{/,file:///workdir/hadoop-ozone/integration-test/target/test-classes/webapps/ozoneManager/,AVAILABLE}{/ozoneManager}
2019-09-18 17:38:02,930 [main] INFO  server.AbstractConnector (AbstractConnector.java:doStart(278)) - Started ServerConnector@7551da2a{HTTP/1.1,[http/1.1]}{0.0.0.0:38210}
2019-09-18 17:38:02,931 [main] INFO  server.Server (Server.java:doStart(419)) - Started @5548ms
2019-09-18 17:38:02,932 [main] INFO  server.BaseHttpServer (BaseHttpServer.java:updateConnectorAddress(213)) - HTTP server of OZONEMANAGER is listening at http://0.0.0.0:38210
2019-09-18 17:38:03,143 [main] INFO  impl.MetricsSystemImpl (MetricsSystemImpl.java:init(158)) - HddsDatanode metrics system started (again)
2019-09-18 17:38:03,239 [main] INFO  ozone.HddsDatanodeService (HddsDatanodeService.java:start(184)) - HddsDatanodeService host:pr-hdds-2034-lb7qt-2171347232 ip:192.168.5.185
2019-09-18 17:38:03,270 [main] INFO  volume.HddsVolume (HddsVolume.java:<init>(176)) - Creating Volume: /workdir/hadoop-ozone/integration-test/target/test-dir/MiniOzoneClusterImpl-d4c0e880-bf62-4364-84d9-05af48d348b5/datanode-0/data/containers/hdds of  storage type : DISK and capacity : 1482555576320
2019-09-18 17:38:03,272 [main] INFO  volume.VolumeSet (VolumeSet.java:initializeVolumeSet(170)) - Added Volume : /workdir/hadoop-ozone/integration-test/target/test-dir/MiniOzoneClusterImpl-d4c0e880-bf62-4364-84d9-05af48d348b5/datanode-0/data/containers/hdds to VolumeSet
2019-09-18 17:38:03,275 [main] INFO  volume.ThrottledAsyncChecker (ThrottledAsyncChecker.java:schedule(140)) - Scheduling a check for org.apache.hadoop.ozone.container.common.volume.HddsVolume@4df39a88
2019-09-18 17:38:03,292 [main] INFO  volume.HddsVolumeChecker (HddsVolumeChecker.java:checkAllVolumes(203)) - Scheduled health check for volume org.apache.hadoop.ozone.container.common.volume.HddsVolume@4df39a88
2019-09-18 17:38:03,393 [main] INFO  impl.RaftServerProxy (ConfUtils.java:logGet(43)) - raft.rpc.type = GRPC (default)
2019-09-18 17:38:03,474 [main] INFO  grpc.GrpcFactory (GrpcFactory.java:checkPooledByteBufAllocatorUseCacheForAllThreads(45)) - PERFORMANCE WARNING: useCacheForAllThreads is true that may cause Netty to create a lot garbage objects and, as a result, trigger GC.
	It is recommended to disable useCacheForAllThreads by setting -Dorg.apache.ratis.thirdparty.io.netty.allocator.useCacheForAllThreads=false in command line.
2019-09-18 17:38:03,481 [main] INFO  grpc.GrpcConfigKeys$Server (ConfUtils.java:logGet(43)) - raft.grpc.server.port = 0 (default)
2019-09-18 17:38:03,482 [main] INFO  server.GrpcService (ConfUtils.java:logGet(43)) - raft.grpc.message.size.max = 33570816 (custom)
2019-09-18 17:38:03,485 [main] INFO  server.RaftServerConfigKeys (ConfUtils.java:logGet(43)) - raft.server.log.appender.buffer.byte-limit = 33554432 (custom)
2019-09-18 17:38:03,486 [main] INFO  server.GrpcService (ConfUtils.java:logGet(43)) - raft.grpc.flow.control.window = 1MB (=1048576) (default)
2019-09-18 17:38:03,487 [main] INFO  server.RaftServerConfigKeys (ConfUtils.java:logGet(43)) - raft.server.rpc.request.timeout = 3000ms (default)
2019-09-18 17:38:03,680 [main] INFO  server.RaftServerConfigKeys (ConfUtils.java:logGet(43)) - raft.server.storage.dir = [/workdir/hadoop-ozone/integration-test/target/test-dir/MiniOzoneClusterImpl-d4c0e880-bf62-4364-84d9-05af48d348b5/datanode-0/data/ratis] (custom)
2019-09-18 17:38:03,716 [main] INFO  replication.SimpleContainerDownloader (SimpleContainerDownloader.java:<init>(72)) - Starting container downloader service to copy containers to replicate.
2019-09-18 17:38:03,730 [main] INFO  hdfs.DFSUtil (DFSUtil.java:httpServerTemplateForNNAndJN(1641)) - Starting Web-server for hddsDatanode at: http://0.0.0.0:0
2019-09-18 17:38:03,732 [main] INFO  server.AuthenticationFilter (AuthenticationFilter.java:constructSecretProvider(240)) - Unable to initialize FileSignerSecretProvider, falling back to use random secrets.
2019-09-18 17:38:03,733 [main] WARN  http.HttpRequestLog (HttpRequestLog.java:getRequestLog(97)) - Jetty request log can only be enabled using Log4j
2019-09-18 17:38:03,736 [main] INFO  http.HttpServer2 (HttpServer2.java:addGlobalFilter(975)) - Added global filter 'safety' (class=org.apache.hadoop.http.HttpServer2$QuotingInputFilter)
2019-09-18 17:38:03,738 [main] INFO  http.HttpServer2 (HttpServer2.java:addFilter(948)) - Added filter static_user_filter (class=org.apache.hadoop.http.lib.StaticUserWebFilter$StaticUserFilter) to context hddsDatanode
2019-09-18 17:38:03,738 [main] INFO  http.HttpServer2 (HttpServer2.java:addFilter(958)) - Added filter static_user_filter (class=org.apache.hadoop.http.lib.StaticUserWebFilter$StaticUserFilter) to context static
2019-09-18 17:38:03,738 [main] INFO  http.HttpServer2 (HttpServer2.java:addFilter(958)) - Added filter static_user_filter (class=org.apache.hadoop.http.lib.StaticUserWebFilter$StaticUserFilter) to context logs
2019-09-18 17:38:03,740 [main] INFO  http.HttpServer2 (HttpServer2.java:bindListener(1191)) - Jetty bound to port 32923
2019-09-18 17:38:03,740 [main] INFO  server.Server (Server.java:doStart(351)) - jetty-9.3.24.v20180605, build timestamp: 2018-06-05T17:11:56Z, git hash: 84205aa28f11a4f31f2a3b86d1bba2cc8ab69827
2019-09-18 17:38:03,743 [main] INFO  handler.ContextHandler (ContextHandler.java:doStart(781)) - Started o.e.j.s.ServletContextHandler@1687eb01{/logs,file:///workdir/hadoop-ozone/integration-test/target/log,AVAILABLE}
2019-09-18 17:38:03,744 [main] INFO  handler.ContextHandler (ContextHandler.java:doStart(781)) - Started o.e.j.s.ServletContextHandler@2f897dab{/static,jar:file:/home/user/.m2/repository/org/apache/hadoop/hadoop-hdds-container-service/0.5.0-SNAPSHOT/hadoop-hdds-container-service-0.5.0-SNAPSHOT.jar!/webapps/static,AVAILABLE}
2019-09-18 17:38:03,797 [main] INFO  handler.ContextHandler (ContextHandler.java:doStart(781)) - Started o.e.j.w.WebAppContext@671d1157{/,file:///tmp/jetty-0.0.0.0-32923-hddsDatanode-_-any-451003163871009857.dir/webapp/,AVAILABLE}{/hddsDatanode}
2019-09-18 17:38:03,799 [main] INFO  server.AbstractConnector (AbstractConnector.java:doStart(278)) - Started ServerConnector@60c8a093{HTTP/1.1,[http/1.1]}{0.0.0.0:32923}
2019-09-18 17:38:03,799 [main] INFO  server.Server (Server.java:doStart(419)) - Started @6416ms
2019-09-18 17:38:03,802 [main] INFO  server.BaseHttpServer (BaseHttpServer.java:updateConnectorAddress(213)) - HTTP server of HDDSDATANODE is listening at http://0.0.0.0:32923
2019-09-18 17:38:04,880 | INFO  | ObjectStoreRestHttpServer | Listening HDDS REST traffic on /0.0.0.0:36183 |  
2019-09-18 17:38:04,881 [main] INFO  ozone.HddsDatanodeService (HddsDatanodeService.java:startPlugins(395)) - Started plug-in org.apache.hadoop.ozone.web.OzoneHddsDatanodeService@4665428b
2019-09-18 17:38:04,883 [main] INFO  impl.MetricsSystemImpl (MetricsSystemImpl.java:init(158)) - HddsDatanode metrics system started (again)
2019-09-18 17:38:04,887 [main] INFO  ozone.HddsDatanodeService (HddsDatanodeService.java:start(184)) - HddsDatanodeService host:pr-hdds-2034-lb7qt-2171347232 ip:192.168.5.185
2019-09-18 17:38:04,889 [org.apache.hadoop.util.JvmPauseMonitor$Monitor@d6ded60] INFO  util.JvmPauseMonitor (JvmPauseMonitor.java:run(188)) - Starting JVM pause monitor
2019-09-18 17:38:04,897 [main] INFO  volume.HddsVolume (HddsVolume.java:<init>(176)) - Creating Volume: /workdir/hadoop-ozone/integration-test/target/test-dir/MiniOzoneClusterImpl-d4c0e880-bf62-4364-84d9-05af48d348b5/datanode-1/data/containers/hdds of  storage type : DISK and capacity : 1482555576320
2019-09-18 17:38:04,898 [main] INFO  volume.VolumeSet (VolumeSet.java:initializeVolumeSet(170)) - Added Volume : /workdir/hadoop-ozone/integration-test/target/test-dir/MiniOzoneClusterImpl-d4c0e880-bf62-4364-84d9-05af48d348b5/datanode-1/data/containers/hdds to VolumeSet
2019-09-18 17:38:04,899 [main] INFO  volume.ThrottledAsyncChecker (ThrottledAsyncChecker.java:schedule(140)) - Scheduling a check for org.apache.hadoop.ozone.container.common.volume.HddsVolume@40943a6
2019-09-18 17:38:04,900 [main] INFO  volume.HddsVolumeChecker (HddsVolumeChecker.java:checkAllVolumes(203)) - Scheduled health check for volume org.apache.hadoop.ozone.container.common.volume.HddsVolume@40943a6
2019-09-18 17:38:04,919 [main] INFO  impl.RaftServerProxy (ConfUtils.java:logGet(43)) - raft.rpc.type = GRPC (default)
2019-09-18 17:38:04,919 [main] INFO  grpc.GrpcFactory (GrpcFactory.java:checkPooledByteBufAllocatorUseCacheForAllThreads(45)) - PERFORMANCE WARNING: useCacheForAllThreads is true that may cause Netty to create a lot garbage objects and, as a result, trigger GC.
	It is recommended to disable useCacheForAllThreads by setting -Dorg.apache.ratis.thirdparty.io.netty.allocator.useCacheForAllThreads=false in command line.
2019-09-18 17:38:04,919 [main] INFO  grpc.GrpcConfigKeys$Server (ConfUtils.java:logGet(43)) - raft.grpc.server.port = 0 (default)
2019-09-18 17:38:04,919 [main] INFO  server.GrpcService (ConfUtils.java:logGet(43)) - raft.grpc.message.size.max = 33570816 (custom)
2019-09-18 17:38:04,920 [main] INFO  server.RaftServerConfigKeys (ConfUtils.java:logGet(43)) - raft.server.log.appender.buffer.byte-limit = 33554432 (custom)
2019-09-18 17:38:04,920 [main] INFO  server.GrpcService (ConfUtils.java:logGet(43)) - raft.grpc.flow.control.window = 1MB (=1048576) (default)
2019-09-18 17:38:04,920 [main] INFO  server.RaftServerConfigKeys (ConfUtils.java:logGet(43)) - raft.server.rpc.request.timeout = 3000ms (default)
2019-09-18 17:38:04,921 [main] INFO  server.RaftServerConfigKeys (ConfUtils.java:logGet(43)) - raft.server.storage.dir = [/workdir/hadoop-ozone/integration-test/target/test-dir/MiniOzoneClusterImpl-d4c0e880-bf62-4364-84d9-05af48d348b5/datanode-1/data/ratis] (custom)
2019-09-18 17:38:04,922 [main] INFO  replication.SimpleContainerDownloader (SimpleContainerDownloader.java:<init>(72)) - Starting container downloader service to copy containers to replicate.
2019-09-18 17:38:04,923 [main] INFO  hdfs.DFSUtil (DFSUtil.java:httpServerTemplateForNNAndJN(1641)) - Starting Web-server for hddsDatanode at: http://0.0.0.0:0
2019-09-18 17:38:04,926 [main] INFO  server.AuthenticationFilter (AuthenticationFilter.java:constructSecretProvider(240)) - Unable to initialize FileSignerSecretProvider, falling back to use random secrets.
2019-09-18 17:38:04,927 [main] WARN  http.HttpRequestLog (HttpRequestLog.java:getRequestLog(97)) - Jetty request log can only be enabled using Log4j
2019-09-18 17:38:04,930 [main] INFO  http.HttpServer2 (HttpServer2.java:addGlobalFilter(975)) - Added global filter 'safety' (class=org.apache.hadoop.http.HttpServer2$QuotingInputFilter)
2019-09-18 17:38:04,931 [main] INFO  http.HttpServer2 (HttpServer2.java:addFilter(948)) - Added filter static_user_filter (class=org.apache.hadoop.http.lib.StaticUserWebFilter$StaticUserFilter) to context hddsDatanode
2019-09-18 17:38:04,931 [main] INFO  http.HttpServer2 (HttpServer2.java:addFilter(958)) - Added filter static_user_filter (class=org.apache.hadoop.http.lib.StaticUserWebFilter$StaticUserFilter) to context static
2019-09-18 17:38:04,932 [main] INFO  http.HttpServer2 (HttpServer2.java:addFilter(958)) - Added filter static_user_filter (class=org.apache.hadoop.http.lib.StaticUserWebFilter$StaticUserFilter) to context logs
2019-09-18 17:38:04,933 [main] INFO  http.HttpServer2 (HttpServer2.java:bindListener(1191)) - Jetty bound to port 45623
2019-09-18 17:38:04,933 [main] INFO  server.Server (Server.java:doStart(351)) - jetty-9.3.24.v20180605, build timestamp: 2018-06-05T17:11:56Z, git hash: 84205aa28f11a4f31f2a3b86d1bba2cc8ab69827
2019-09-18 17:38:04,937 [main] INFO  handler.ContextHandler (ContextHandler.java:doStart(781)) - Started o.e.j.s.ServletContextHandler@26582ca{/logs,file:///workdir/hadoop-ozone/integration-test/target/log,AVAILABLE}
2019-09-18 17:38:04,938 [main] INFO  handler.ContextHandler (ContextHandler.java:doStart(781)) - Started o.e.j.s.ServletContextHandler@2c3158e0{/static,jar:file:/home/user/.m2/repository/org/apache/hadoop/hadoop-hdds-container-service/0.5.0-SNAPSHOT/hadoop-hdds-container-service-0.5.0-SNAPSHOT.jar!/webapps/static,AVAILABLE}
2019-09-18 17:38:04,980 [main] INFO  handler.ContextHandler (ContextHandler.java:doStart(781)) - Started o.e.j.w.WebAppContext@2f9a10df{/,file:///tmp/jetty-0.0.0.0-45623-hddsDatanode-_-any-8304880140371581307.dir/webapp/,AVAILABLE}{/hddsDatanode}
2019-09-18 17:38:04,981 [main] INFO  server.AbstractConnector (AbstractConnector.java:doStart(278)) - Started ServerConnector@773c2214{HTTP/1.1,[http/1.1]}{0.0.0.0:45623}
2019-09-18 17:38:04,982 [main] INFO  server.Server (Server.java:doStart(419)) - Started @7599ms
2019-09-18 17:38:04,984 [main] INFO  server.BaseHttpServer (BaseHttpServer.java:updateConnectorAddress(213)) - HTTP server of HDDSDATANODE is listening at http://0.0.0.0:45623
2019-09-18 17:38:05,017 [Datanode State Machine Thread - 0] INFO  datanode.InitDatanodeState (InitDatanodeState.java:persistContainerDatanodeDetails(140)) - DatanodeDetails is persisted to /workdir/hadoop-ozone/integration-test/target/test-dir/MiniOzoneClusterImpl-d4c0e880-bf62-4364-84d9-05af48d348b5/datanode-0/meta/datanode.id
2019-09-18 17:38:05,142 | INFO  | ObjectStoreRestHttpServer | Listening HDDS REST traffic on /0.0.0.0:43489 |  
2019-09-18 17:38:05,142 [main] INFO  ozone.HddsDatanodeService (HddsDatanodeService.java:startPlugins(395)) - Started plug-in org.apache.hadoop.ozone.web.OzoneHddsDatanodeService@56a4abd0
2019-09-18 17:38:05,143 [main] INFO  impl.MetricsSystemImpl (MetricsSystemImpl.java:init(158)) - HddsDatanode metrics system started (again)
2019-09-18 17:38:05,145 [main] INFO  ozone.HddsDatanodeService (HddsDatanodeService.java:start(184)) - HddsDatanodeService host:pr-hdds-2034-lb7qt-2171347232 ip:192.168.5.185
2019-09-18 17:38:05,146 [org.apache.hadoop.util.JvmPauseMonitor$Monitor@589f4361] INFO  util.JvmPauseMonitor (JvmPauseMonitor.java:run(188)) - Starting JVM pause monitor
2019-09-18 17:38:05,156 [main] INFO  volume.HddsVolume (HddsVolume.java:<init>(176)) - Creating Volume: /workdir/hadoop-ozone/integration-test/target/test-dir/MiniOzoneClusterImpl-d4c0e880-bf62-4364-84d9-05af48d348b5/datanode-2/data/containers/hdds of  storage type : DISK and capacity : 1482555576320
2019-09-18 17:38:05,156 [main] INFO  volume.VolumeSet (VolumeSet.java:initializeVolumeSet(170)) - Added Volume : /workdir/hadoop-ozone/integration-test/target/test-dir/MiniOzoneClusterImpl-d4c0e880-bf62-4364-84d9-05af48d348b5/datanode-2/data/containers/hdds to VolumeSet
2019-09-18 17:38:05,156 [main] INFO  volume.ThrottledAsyncChecker (ThrottledAsyncChecker.java:schedule(140)) - Scheduling a check for org.apache.hadoop.ozone.container.common.volume.HddsVolume@57151b3a
2019-09-18 17:38:05,157 [Datanode State Machine Thread - 0] INFO  datanode.InitDatanodeState (InitDatanodeState.java:persistContainerDatanodeDetails(140)) - DatanodeDetails is persisted to /workdir/hadoop-ozone/integration-test/target/test-dir/MiniOzoneClusterImpl-d4c0e880-bf62-4364-84d9-05af48d348b5/datanode-1/meta/datanode.id
2019-09-18 17:38:05,157 [main] INFO  volume.HddsVolumeChecker (HddsVolumeChecker.java:checkAllVolumes(203)) - Scheduled health check for volume org.apache.hadoop.ozone.container.common.volume.HddsVolume@57151b3a
2019-09-18 17:38:05,174 [main] INFO  impl.RaftServerProxy (ConfUtils.java:logGet(43)) - raft.rpc.type = GRPC (default)
2019-09-18 17:38:05,174 [main] INFO  grpc.GrpcFactory (GrpcFactory.java:checkPooledByteBufAllocatorUseCacheForAllThreads(45)) - PERFORMANCE WARNING: useCacheForAllThreads is true that may cause Netty to create a lot garbage objects and, as a result, trigger GC.
	It is recommended to disable useCacheForAllThreads by setting -Dorg.apache.ratis.thirdparty.io.netty.allocator.useCacheForAllThreads=false in command line.
2019-09-18 17:38:05,174 [main] INFO  grpc.GrpcConfigKeys$Server (ConfUtils.java:logGet(43)) - raft.grpc.server.port = 0 (default)
2019-09-18 17:38:05,174 [main] INFO  server.GrpcService (ConfUtils.java:logGet(43)) - raft.grpc.message.size.max = 33570816 (custom)
2019-09-18 17:38:05,175 [main] INFO  server.RaftServerConfigKeys (ConfUtils.java:logGet(43)) - raft.server.log.appender.buffer.byte-limit = 33554432 (custom)
2019-09-18 17:38:05,175 [main] INFO  server.GrpcService (ConfUtils.java:logGet(43)) - raft.grpc.flow.control.window = 1MB (=1048576) (default)
2019-09-18 17:38:05,175 [main] INFO  server.RaftServerConfigKeys (ConfUtils.java:logGet(43)) - raft.server.rpc.request.timeout = 3000ms (default)
2019-09-18 17:38:05,176 [main] INFO  server.RaftServerConfigKeys (ConfUtils.java:logGet(43)) - raft.server.storage.dir = [/workdir/hadoop-ozone/integration-test/target/test-dir/MiniOzoneClusterImpl-d4c0e880-bf62-4364-84d9-05af48d348b5/datanode-2/data/ratis] (custom)
2019-09-18 17:38:05,177 [main] INFO  replication.SimpleContainerDownloader (SimpleContainerDownloader.java:<init>(72)) - Starting container downloader service to copy containers to replicate.
2019-09-18 17:38:05,178 [main] INFO  hdfs.DFSUtil (DFSUtil.java:httpServerTemplateForNNAndJN(1641)) - Starting Web-server for hddsDatanode at: http://0.0.0.0:0
2019-09-18 17:38:05,180 [main] INFO  server.AuthenticationFilter (AuthenticationFilter.java:constructSecretProvider(240)) - Unable to initialize FileSignerSecretProvider, falling back to use random secrets.
2019-09-18 17:38:05,181 [main] WARN  http.HttpRequestLog (HttpRequestLog.java:getRequestLog(97)) - Jetty request log can only be enabled using Log4j
2019-09-18 17:38:05,184 [main] INFO  http.HttpServer2 (HttpServer2.java:addGlobalFilter(975)) - Added global filter 'safety' (class=org.apache.hadoop.http.HttpServer2$QuotingInputFilter)
2019-09-18 17:38:05,185 [main] INFO  http.HttpServer2 (HttpServer2.java:addFilter(948)) - Added filter static_user_filter (class=org.apache.hadoop.http.lib.StaticUserWebFilter$StaticUserFilter) to context hddsDatanode
2019-09-18 17:38:05,186 [main] INFO  http.HttpServer2 (HttpServer2.java:addFilter(958)) - Added filter static_user_filter (class=org.apache.hadoop.http.lib.StaticUserWebFilter$StaticUserFilter) to context logs
2019-09-18 17:38:05,186 [main] INFO  http.HttpServer2 (HttpServer2.java:addFilter(958)) - Added filter static_user_filter (class=org.apache.hadoop.http.lib.StaticUserWebFilter$StaticUserFilter) to context static
2019-09-18 17:38:05,188 [main] INFO  http.HttpServer2 (HttpServer2.java:bindListener(1191)) - Jetty bound to port 35457
2019-09-18 17:38:05,188 [main] INFO  server.Server (Server.java:doStart(351)) - jetty-9.3.24.v20180605, build timestamp: 2018-06-05T17:11:56Z, git hash: 84205aa28f11a4f31f2a3b86d1bba2cc8ab69827
2019-09-18 17:38:05,191 [main] INFO  handler.ContextHandler (ContextHandler.java:doStart(781)) - Started o.e.j.s.ServletContextHandler@6dcab9d9{/logs,file:///workdir/hadoop-ozone/integration-test/target/log,AVAILABLE}
2019-09-18 17:38:05,192 [main] INFO  handler.ContextHandler (ContextHandler.java:doStart(781)) - Started o.e.j.s.ServletContextHandler@f882465{/static,jar:file:/home/user/.m2/repository/org/apache/hadoop/hadoop-hdds-container-service/0.5.0-SNAPSHOT/hadoop-hdds-container-service-0.5.0-SNAPSHOT.jar!/webapps/static,AVAILABLE}
2019-09-18 17:38:05,241 [main] INFO  handler.ContextHandler (ContextHandler.java:doStart(781)) - Started o.e.j.w.WebAppContext@5a4dda2{/,file:///tmp/jetty-0.0.0.0-35457-hddsDatanode-_-any-7511439974971523725.dir/webapp/,AVAILABLE}{/hddsDatanode}
2019-09-18 17:38:05,242 [main] INFO  server.AbstractConnector (AbstractConnector.java:doStart(278)) - Started ServerConnector@1d2fb82{HTTP/1.1,[http/1.1]}{0.0.0.0:35457}
2019-09-18 17:38:05,243 [main] INFO  server.Server (Server.java:doStart(419)) - Started @7860ms
2019-09-18 17:38:05,244 [main] INFO  server.BaseHttpServer (BaseHttpServer.java:updateConnectorAddress(213)) - HTTP server of HDDSDATANODE is listening at http://0.0.0.0:35457
2019-09-18 17:38:05,423 | INFO  | ObjectStoreRestHttpServer | Listening HDDS REST traffic on /0.0.0.0:34063 |  
2019-09-18 17:38:05,423 [main] INFO  ozone.HddsDatanodeService (HddsDatanodeService.java:startPlugins(395)) - Started plug-in org.apache.hadoop.ozone.web.OzoneHddsDatanodeService@45554613
2019-09-18 17:38:05,425 [main] INFO  ozone.MiniOzoneClusterImpl (MiniOzoneClusterImpl.java:lambda$waitForClusterToBeReady$0(145)) - Waiting for nodes to be ready. Got 0 of 3 DN Heartbeats.
2019-09-18 17:38:05,425 [main] INFO  ozone.MiniOzoneClusterImpl (MiniOzoneClusterImpl.java:lambda$waitForClusterToBeReady$0(148)) - Waiting for cluster to exit safe mode
2019-09-18 17:38:05,426 [org.apache.hadoop.util.JvmPauseMonitor$Monitor@186c5478] INFO  util.JvmPauseMonitor (JvmPauseMonitor.java:run(188)) - Starting JVM pause monitor
2019-09-18 17:38:05,429 [Datanode State Machine Thread - 0] INFO  datanode.InitDatanodeState (InitDatanodeState.java:persistContainerDatanodeDetails(140)) - DatanodeDetails is persisted to /workdir/hadoop-ozone/integration-test/target/test-dir/MiniOzoneClusterImpl-d4c0e880-bf62-4364-84d9-05af48d348b5/datanode-2/meta/datanode.id
2019-09-18 17:38:06,425 [main] INFO  ozone.MiniOzoneClusterImpl (MiniOzoneClusterImpl.java:lambda$waitForClusterToBeReady$0(145)) - Waiting for nodes to be ready. Got 0 of 3 DN Heartbeats.
2019-09-18 17:38:06,426 [main] INFO  ozone.MiniOzoneClusterImpl (MiniOzoneClusterImpl.java:lambda$waitForClusterToBeReady$0(148)) - Waiting for cluster to exit safe mode
2019-09-18 17:38:06,922 | INFO  | SCMAudit | user=jenkins1000 | ip=192.168.5.185 | op=GET_VERSION null | ret=SUCCESS |  
2019-09-18 17:38:06,953 [Datanode State Machine Thread - 0] INFO  ozoneimpl.OzoneContainer (OzoneContainer.java:start(186)) - Attempting to start container services.
2019-09-18 17:38:06,955 [Datanode State Machine Thread - 0] INFO  ozoneimpl.OzoneContainer (OzoneContainer.java:startContainerScrub(160)) - Background container scrubber has been disabled by hdds.containerscrub.enabled
2019-09-18 17:38:06,955 [Datanode State Machine Thread - 0] INFO  ratis.XceiverServerRatis (XceiverServerRatis.java:start(404)) - Starting XceiverServerRatis 0231394f-1583-4251-b485-7c6cd8c14518 at port 0
2019-09-18 17:38:06,974 [Datanode State Machine Thread - 0] INFO  impl.RaftServerProxy (RaftServerProxy.java:lambda$start$3(299)) - 0231394f-1583-4251-b485-7c6cd8c14518: start RPC server
2019-09-18 17:38:07,098 [Datanode State Machine Thread - 0] INFO  server.GrpcService (GrpcService.java:startImpl(149)) - 0231394f-1583-4251-b485-7c6cd8c14518: GrpcService started, listening on 0.0.0.0/0.0.0.0:40969
2019-09-18 17:38:07,099 [Datanode State Machine Thread - 0] INFO  ratis.XceiverServerRatis (XceiverServerRatis.java:start(414)) - XceiverServerRatis 0231394f-1583-4251-b485-7c6cd8c14518 is started using port 40969
2019-09-18 17:38:07,102 [Datanode State Machine Thread - 0] INFO  server.XceiverServerGrpc (XceiverServerGrpc.java:start(163)) - XceiverServerGrpc 0231394f-1583-4251-b485-7c6cd8c14518 is started using port 41631
2019-09-18 17:38:07,150 | INFO  | SCMAudit | user=jenkins1000 | ip=192.168.5.185 | op=GET_VERSION null | ret=SUCCESS |  
2019-09-18 17:38:07,171 [Datanode State Machine Thread - 0] INFO  ozoneimpl.OzoneContainer (OzoneContainer.java:start(186)) - Attempting to start container services.
2019-09-18 17:38:07,173 [Datanode State Machine Thread - 0] INFO  ozoneimpl.OzoneContainer (OzoneContainer.java:startContainerScrub(160)) - Background container scrubber has been disabled by hdds.containerscrub.enabled
2019-09-18 17:38:07,173 [Datanode State Machine Thread - 0] INFO  ratis.XceiverServerRatis (XceiverServerRatis.java:start(404)) - Starting XceiverServerRatis 9a8bbcb0-374a-4c81-ac50-592e91a540a5 at port 0
2019-09-18 17:38:07,180 [Datanode State Machine Thread - 0] INFO  impl.RaftServerProxy (RaftServerProxy.java:lambda$start$3(299)) - 9a8bbcb0-374a-4c81-ac50-592e91a540a5: start RPC server
2019-09-18 17:38:07,183 [Datanode State Machine Thread - 0] INFO  server.GrpcService (GrpcService.java:startImpl(149)) - 9a8bbcb0-374a-4c81-ac50-592e91a540a5: GrpcService started, listening on 0.0.0.0/0.0.0.0:34448
2019-09-18 17:38:07,183 [Datanode State Machine Thread - 0] INFO  ratis.XceiverServerRatis (XceiverServerRatis.java:start(414)) - XceiverServerRatis 9a8bbcb0-374a-4c81-ac50-592e91a540a5 is started using port 34448
2019-09-18 17:38:07,185 [Datanode State Machine Thread - 0] INFO  server.XceiverServerGrpc (XceiverServerGrpc.java:start(163)) - XceiverServerGrpc 9a8bbcb0-374a-4c81-ac50-592e91a540a5 is started using port 33114
2019-09-18 17:38:07,426 [main] INFO  ozone.MiniOzoneClusterImpl (MiniOzoneClusterImpl.java:lambda$waitForClusterToBeReady$0(145)) - Waiting for nodes to be ready. Got 0 of 3 DN Heartbeats.
2019-09-18 17:38:07,427 [main] INFO  ozone.MiniOzoneClusterImpl (MiniOzoneClusterImpl.java:lambda$waitForClusterToBeReady$0(148)) - Waiting for cluster to exit safe mode
2019-09-18 17:38:07,429 | INFO  | SCMAudit | user=jenkins1000 | ip=192.168.5.185 | op=GET_VERSION null | ret=SUCCESS |  
2019-09-18 17:38:07,450 [Datanode State Machine Thread - 0] INFO  ozoneimpl.OzoneContainer (OzoneContainer.java:start(186)) - Attempting to start container services.
2019-09-18 17:38:07,452 [Datanode State Machine Thread - 0] INFO  ozoneimpl.OzoneContainer (OzoneContainer.java:startContainerScrub(160)) - Background container scrubber has been disabled by hdds.containerscrub.enabled
2019-09-18 17:38:07,452 [Datanode State Machine Thread - 0] INFO  ratis.XceiverServerRatis (XceiverServerRatis.java:start(404)) - Starting XceiverServerRatis b060b580-934b-4ec4-8651-f1de05b70c64 at port 0
2019-09-18 17:38:07,464 [Datanode State Machine Thread - 0] INFO  impl.RaftServerProxy (RaftServerProxy.java:lambda$start$3(299)) - b060b580-934b-4ec4-8651-f1de05b70c64: start RPC server
2019-09-18 17:38:07,467 [Datanode State Machine Thread - 0] INFO  server.GrpcService (GrpcService.java:startImpl(149)) - b060b580-934b-4ec4-8651-f1de05b70c64: GrpcService started, listening on 0.0.0.0/0.0.0.0:45486
2019-09-18 17:38:07,467 [Datanode State Machine Thread - 0] INFO  ratis.XceiverServerRatis (XceiverServerRatis.java:start(414)) - XceiverServerRatis b060b580-934b-4ec4-8651-f1de05b70c64 is started using port 45486
2019-09-18 17:38:07,470 [Datanode State Machine Thread - 0] INFO  server.XceiverServerGrpc (XceiverServerGrpc.java:start(163)) - XceiverServerGrpc b060b580-934b-4ec4-8651-f1de05b70c64 is started using port 43395
2019-09-18 17:38:08,428 [main] INFO  ozone.MiniOzoneClusterImpl (MiniOzoneClusterImpl.java:lambda$waitForClusterToBeReady$0(145)) - Waiting for nodes to be ready. Got 0 of 3 DN Heartbeats.
2019-09-18 17:38:08,429 [main] INFO  ozone.MiniOzoneClusterImpl (MiniOzoneClusterImpl.java:lambda$waitForClusterToBeReady$0(148)) - Waiting for cluster to exit safe mode
2019-09-18 17:38:08,941 [IPC Server handler 0 on 34013] INFO  net.NetworkTopology (NetworkTopologyImpl.java:add(110)) - Added a new node: /default-rack/0231394f-1583-4251-b485-7c6cd8c14518
2019-09-18 17:38:08,942 [IPC Server handler 0 on 34013] INFO  node.SCMNodeManager (SCMNodeManager.java:register(273)) - Registered Data node : 0231394f-1583-4251-b485-7c6cd8c14518{ip: 192.168.5.185, host: pr-hdds-2034-lb7qt-2171347232, networkLocation: /default-rack, certSerialId: null}
2019-09-18 17:38:08,994 [EventQueue-NodeRegistrationContainerReportForDataNodeSafeModeRule] INFO  safemode.SCMSafeModeManager (DataNodeSafeModeRule.java:process(71)) - SCM in safe mode. 1 DataNodes registered, 1 required.
2019-09-18 17:38:09,006 [RatisPipelineUtilsThread] INFO  pipeline.RatisPipelineProvider (RatisPipelineProvider.java:lambda$create$4(164)) - Send pipeline:PipelineID=305dd8dc-84f4-44e5-9cf8-38eb8f6c9d8d create command to datanode 0231394f-1583-4251-b485-7c6cd8c14518
2019-09-18 17:38:09,011 | INFO  | SCMAudit | user=jenkins1000 | ip=192.168.5.185 | op=REGISTER {datanodeDetails=0231394f-1583-4251-b485-7c6cd8c14518{ip: 192.168.5.185, host: pr-hdds-2034-lb7qt-2171347232, networkLocation: /default-rack, certSerialId: null}} | ret=SUCCESS |  
2019-09-18 17:38:09,150 [IPC Server handler 2 on 34013] INFO  net.NetworkTopology (NetworkTopologyImpl.java:add(110)) - Added a new node: /default-rack/9a8bbcb0-374a-4c81-ac50-592e91a540a5
2019-09-18 17:38:09,150 [IPC Server handler 2 on 34013] INFO  node.SCMNodeManager (SCMNodeManager.java:register(273)) - Registered Data node : 9a8bbcb0-374a-4c81-ac50-592e91a540a5{ip: 192.168.5.185, host: pr-hdds-2034-lb7qt-2171347232, networkLocation: /default-rack, certSerialId: null}
2019-09-18 17:38:09,151 | INFO  | SCMAudit | user=jenkins1000 | ip=192.168.5.185 | op=REGISTER {datanodeDetails=9a8bbcb0-374a-4c81-ac50-592e91a540a5{ip: 192.168.5.185, host: pr-hdds-2034-lb7qt-2171347232, networkLocation: /default-rack, certSerialId: null}} | ret=SUCCESS |  
2019-09-18 17:38:09,152 [RatisPipelineUtilsThread] INFO  pipeline.RatisPipelineProvider (RatisPipelineProvider.java:lambda$create$4(164)) - Send pipeline:PipelineID=625b4fb0-d3f1-423c-8781-1c4d1b725638 create command to datanode 9a8bbcb0-374a-4c81-ac50-592e91a540a5
2019-09-18 17:38:09,429 [main] INFO  ozone.MiniOzoneClusterImpl (MiniOzoneClusterImpl.java:lambda$waitForClusterToBeReady$0(145)) - Waiting for nodes to be ready. Got 2 of 3 DN Heartbeats.
2019-09-18 17:38:09,430 [main] INFO  ozone.MiniOzoneClusterImpl (MiniOzoneClusterImpl.java:lambda$waitForClusterToBeReady$0(148)) - Waiting for cluster to exit safe mode
2019-09-18 17:38:09,430 [IPC Server handler 7 on 34013] INFO  net.NetworkTopology (NetworkTopologyImpl.java:add(110)) - Added a new node: /default-rack/b060b580-934b-4ec4-8651-f1de05b70c64
2019-09-18 17:38:09,431 [IPC Server handler 7 on 34013] INFO  node.SCMNodeManager (SCMNodeManager.java:register(273)) - Registered Data node : b060b580-934b-4ec4-8651-f1de05b70c64{ip: 192.168.5.185, host: pr-hdds-2034-lb7qt-2171347232, networkLocation: /default-rack, certSerialId: null}
2019-09-18 17:38:09,432 [RatisPipelineUtilsThread] INFO  pipeline.RatisPipelineProvider (RatisPipelineProvider.java:lambda$create$4(164)) - Send pipeline:PipelineID=e38a5a79-d138-41fd-823a-8c7f5062e589 create command to datanode b060b580-934b-4ec4-8651-f1de05b70c64
2019-09-18 17:38:09,432 | INFO  | SCMAudit | user=jenkins1000 | ip=192.168.5.185 | op=REGISTER {datanodeDetails=b060b580-934b-4ec4-8651-f1de05b70c64{ip: 192.168.5.185, host: pr-hdds-2034-lb7qt-2171347232, networkLocation: /default-rack, certSerialId: null}} | ret=SUCCESS |  
2019-09-18 17:38:09,435 [RatisPipelineUtilsThread] INFO  pipeline.RatisPipelineProvider (RatisPipelineProvider.java:lambda$create$4(164)) - Send pipeline:PipelineID=bd5ac8e3-3d0e-4805-831e-167ffb37bdfb create command to datanode b060b580-934b-4ec4-8651-f1de05b70c64
2019-09-18 17:38:09,435 [RatisPipelineUtilsThread] INFO  pipeline.RatisPipelineProvider (RatisPipelineProvider.java:lambda$create$4(164)) - Send pipeline:PipelineID=bd5ac8e3-3d0e-4805-831e-167ffb37bdfb create command to datanode 0231394f-1583-4251-b485-7c6cd8c14518
2019-09-18 17:38:09,435 [RatisPipelineUtilsThread] INFO  pipeline.RatisPipelineProvider (RatisPipelineProvider.java:lambda$create$4(164)) - Send pipeline:PipelineID=bd5ac8e3-3d0e-4805-831e-167ffb37bdfb create command to datanode 9a8bbcb0-374a-4c81-ac50-592e91a540a5
2019-09-18 17:38:10,430 [main] INFO  ozone.MiniOzoneClusterImpl (MiniOzoneClusterImpl.java:lambda$waitForClusterToBeReady$0(145)) - Nodes are ready. Got 3 of 3 DN Heartbeats.
2019-09-18 17:38:10,431 [main] INFO  ozone.MiniOzoneClusterImpl (MiniOzoneClusterImpl.java:lambda$waitForClusterToBeReady$0(148)) - Waiting for cluster to exit safe mode
2019-09-18 17:38:10,960 | INFO  | SCMAudit | user=jenkins1000 | ip=192.168.5.185 | op=SEND_HEARTBEAT {datanodeUUID=0231394f-1583-4251-b485-7c6cd8c14518, command=[commandType: createPipelineCommand createPipelineCommandProto { pipelineID { id: "305dd8dc-84f4-44e5-9cf8-38eb8f6c9d8d" } type: RATIS factor: ONE datanode { uuid: "0231394f-1583-4251-b485-7c6cd8c14518" ipAddress: "192.168.5.185" hostName: "pr-hdds-2034-lb7qt-2171347232" ports { name: "REST" value: 36183 } ports { name: "RATIS" value: 40969 } ports { name: "STANDALONE" value: 41631 } networkName: "0231394f-1583-4251-b485-7c6cd8c14518" networkLocation: "/default-rack" } cmdId: 1568828289006 } , commandType: createPipelineCommand createPipelineCommandProto { pipelineID { id: "bd5ac8e3-3d0e-4805-831e-167ffb37bdfb" } type: RATIS factor: THREE datanode { uuid: "b060b580-934b-4ec4-8651-f1de05b70c64" ipAddress: "192.168.5.185" hostName: "pr-hdds-2034-lb7qt-2171347232" ports { name: "REST" value: 34063 } ports { name: "RATIS" value: 45486 } ports { name: "STANDALONE" value: 43395 } networkName: "b060b580-934b-4ec4-8651-f1de05b70c64" networkLocation: "/default-rack" } datanode { uuid: "0231394f-1583-4251-b485-7c6cd8c14518" ipAddress: "192.168.5.185" hostName: "pr-hdds-2034-lb7qt-2171347232" ports { name: "REST" value: 36183 } ports { name: "RATIS" value: 40969 } ports { name: "STANDALONE" value: 41631 } networkName: "0231394f-1583-4251-b485-7c6cd8c14518" networkLocation: "/default-rack" } datanode { uuid: "9a8bbcb0-374a-4c81-ac50-592e91a540a5" ipAddress: "192.168.5.185" hostName: "pr-hdds-2034-lb7qt-2171347232" ports { name: "REST" value: 43489 } ports { name: "RATIS" value: 34448 } ports { name: "STANDALONE" value: 33114 } networkName: "9a8bbcb0-374a-4c81-ac50-592e91a540a5" networkLocation: "/default-rack" } cmdId: 1568828289009 } ]} | ret=SUCCESS |  
2019-09-18 17:38:11,155 | INFO  | SCMAudit | user=jenkins1000 | ip=192.168.5.185 | op=SEND_HEARTBEAT {datanodeUUID=9a8bbcb0-374a-4c81-ac50-592e91a540a5, command=[commandType: createPipelineCommand createPipelineCommandProto { pipelineID { id: "625b4fb0-d3f1-423c-8781-1c4d1b725638" } type: RATIS factor: ONE datanode { uuid: "9a8bbcb0-374a-4c81-ac50-592e91a540a5" ipAddress: "192.168.5.185" hostName: "pr-hdds-2034-lb7qt-2171347232" ports { name: "REST" value: 43489 } ports { name: "RATIS" value: 34448 } ports { name: "STANDALONE" value: 33114 } networkName: "9a8bbcb0-374a-4c81-ac50-592e91a540a5" networkLocation: "/default-rack" } cmdId: 1568828289007 } , commandType: createPipelineCommand createPipelineCommandProto { pipelineID { id: "bd5ac8e3-3d0e-4805-831e-167ffb37bdfb" } type: RATIS factor: THREE datanode { uuid: "b060b580-934b-4ec4-8651-f1de05b70c64" ipAddress: "192.168.5.185" hostName: "pr-hdds-2034-lb7qt-2171347232" ports { name: "REST" value: 34063 } ports { name: "RATIS" value: 45486 } ports { name: "STANDALONE" value: 43395 } networkName: "b060b580-934b-4ec4-8651-f1de05b70c64" networkLocation: "/default-rack" } datanode { uuid: "0231394f-1583-4251-b485-7c6cd8c14518" ipAddress: "192.168.5.185" hostName: "pr-hdds-2034-lb7qt-2171347232" ports { name: "REST" value: 36183 } ports { name: "RATIS" value: 40969 } ports { name: "STANDALONE" value: 41631 } networkName: "0231394f-1583-4251-b485-7c6cd8c14518" networkLocation: "/default-rack" } datanode { uuid: "9a8bbcb0-374a-4c81-ac50-592e91a540a5" ipAddress: "192.168.5.185" hostName: "pr-hdds-2034-lb7qt-2171347232" ports { name: "REST" value: 43489 } ports { name: "RATIS" value: 34448 } ports { name: "STANDALONE" value: 33114 } networkName: "9a8bbcb0-374a-4c81-ac50-592e91a540a5" networkLocation: "/default-rack" } cmdId: 1568828289009 } ]} | ret=SUCCESS |  
2019-09-18 17:38:11,431 | INFO  | SCMAudit | user=jenkins1000 | ip=192.168.5.185 | op=SEND_HEARTBEAT {datanodeUUID=b060b580-934b-4ec4-8651-f1de05b70c64, command=[commandType: createPipelineCommand createPipelineCommandProto { pipelineID { id: "e38a5a79-d138-41fd-823a-8c7f5062e589" } type: RATIS factor: ONE datanode { uuid: "b060b580-934b-4ec4-8651-f1de05b70c64" ipAddress: "192.168.5.185" hostName: "pr-hdds-2034-lb7qt-2171347232" ports { name: "REST" value: 34063 } ports { name: "RATIS" value: 45486 } ports { name: "STANDALONE" value: 43395 } networkName: "b060b580-934b-4ec4-8651-f1de05b70c64" networkLocation: "/default-rack" } cmdId: 1568828289008 } , commandType: createPipelineCommand createPipelineCommandProto { pipelineID { id: "bd5ac8e3-3d0e-4805-831e-167ffb37bdfb" } type: RATIS factor: THREE datanode { uuid: "b060b580-934b-4ec4-8651-f1de05b70c64" ipAddress: "192.168.5.185" hostName: "pr-hdds-2034-lb7qt-2171347232" ports { name: "REST" value: 34063 } ports { name: "RATIS" value: 45486 } ports { name: "STANDALONE" value: 43395 } networkName: "b060b580-934b-4ec4-8651-f1de05b70c64" networkLocation: "/default-rack" } datanode { uuid: "0231394f-1583-4251-b485-7c6cd8c14518" ipAddress: "192.168.5.185" hostName: "pr-hdds-2034-lb7qt-2171347232" ports { name: "REST" value: 36183 } ports { name: "RATIS" value: 40969 } ports { name: "STANDALONE" value: 41631 } networkName: "0231394f-1583-4251-b485-7c6cd8c14518" networkLocation: "/default-rack" } datanode { uuid: "9a8bbcb0-374a-4c81-ac50-592e91a540a5" ipAddress: "192.168.5.185" hostName: "pr-hdds-2034-lb7qt-2171347232" ports { name: "REST" value: 43489 } ports { name: "RATIS" value: 34448 } ports { name: "STANDALONE" value: 33114 } networkName: "9a8bbcb0-374a-4c81-ac50-592e91a540a5" networkLocation: "/default-rack" } cmdId: 1568828289009 } ]} | ret=SUCCESS |  
2019-09-18 17:38:11,431 [main] INFO  ozone.MiniOzoneClusterImpl (MiniOzoneClusterImpl.java:lambda$waitForClusterToBeReady$0(145)) - Nodes are ready. Got 3 of 3 DN Heartbeats.
2019-09-18 17:38:11,432 [main] INFO  ozone.MiniOzoneClusterImpl (MiniOzoneClusterImpl.java:lambda$waitForClusterToBeReady$0(148)) - Waiting for cluster to exit safe mode
2019-09-18 17:38:11,892 | INFO  | SCMAudit | user=jenkins1000 | ip=192.168.5.185 | op=SEND_HEARTBEAT {datanodeUUID=0231394f-1583-4251-b485-7c6cd8c14518, command=[]} | ret=SUCCESS |  
2019-09-18 17:38:12,149 | INFO  | SCMAudit | user=jenkins1000 | ip=192.168.5.185 | op=SEND_HEARTBEAT {datanodeUUID=9a8bbcb0-374a-4c81-ac50-592e91a540a5, command=[]} | ret=SUCCESS |  
2019-09-18 17:38:12,517 [main] INFO  ozone.MiniOzoneClusterImpl (MiniOzoneClusterImpl.java:lambda$waitForClusterToBeReady$0(145)) - Nodes are ready. Got 3 of 3 DN Heartbeats.
2019-09-18 17:38:12,518 [main] INFO  ozone.MiniOzoneClusterImpl (MiniOzoneClusterImpl.java:lambda$waitForClusterToBeReady$0(148)) - Waiting for cluster to exit safe mode
2019-09-18 17:38:12,520 | INFO  | SCMAudit | user=jenkins1000 | ip=192.168.5.185 | op=SEND_HEARTBEAT {datanodeUUID=b060b580-934b-4ec4-8651-f1de05b70c64, command=[]} | ret=SUCCESS |  
2019-09-18 17:38:12,752 [grpc-default-executor-1] INFO  impl.RaftServerProxy (RaftServerProxy.java:addNew(89)) - b060b580-934b-4ec4-8651-f1de05b70c64: addNew group-8C7F5062E589:[b060b580-934b-4ec4-8651-f1de05b70c64:192.168.5.185:45486] returns group-8C7F5062E589:java.util.concurrent.CompletableFuture@3fd66509[Not completed]
2019-09-18 17:38:12,752 [grpc-default-executor-2] INFO  impl.RaftServerProxy (RaftServerProxy.java:addNew(89)) - 9a8bbcb0-374a-4c81-ac50-592e91a540a5: addNew group-1C4D1B725638:[9a8bbcb0-374a-4c81-ac50-592e91a540a5:192.168.5.185:34448] returns group-1C4D1B725638:java.util.concurrent.CompletableFuture@1496da65[Not completed]
2019-09-18 17:38:12,752 [grpc-default-executor-0] INFO  impl.RaftServerProxy (RaftServerProxy.java:addNew(89)) - 0231394f-1583-4251-b485-7c6cd8c14518: addNew group-38EB8F6C9D8D:[0231394f-1583-4251-b485-7c6cd8c14518:192.168.5.185:40969] returns group-38EB8F6C9D8D:java.util.concurrent.CompletableFuture@78b98929[Not completed]
2019-09-18 17:38:12,776 [pool-38-thread-1] INFO  impl.RaftServerImpl (RaftServerImpl.java:<init>(93)) - 9a8bbcb0-374a-4c81-ac50-592e91a540a5: new RaftServerImpl for group-1C4D1B725638:[9a8bbcb0-374a-4c81-ac50-592e91a540a5:192.168.5.185:34448] with ContainerStateMachine:uninitialized
2019-09-18 17:38:12,787 [pool-27-thread-1] INFO  impl.RaftServerImpl (RaftServerImpl.java:<init>(93)) - 0231394f-1583-4251-b485-7c6cd8c14518: new RaftServerImpl for group-38EB8F6C9D8D:[0231394f-1583-4251-b485-7c6cd8c14518:192.168.5.185:40969] with ContainerStateMachine:uninitialized
2019-09-18 17:38:12,791 [pool-38-thread-1] INFO  server.RaftServerConfigKeys (ConfUtils.java:logGet(43)) - raft.server.rpc.timeout.min = 5s (custom)
2019-09-18 17:38:12,793 [pool-27-thread-1] INFO  server.RaftServerConfigKeys (ConfUtils.java:logGet(43)) - raft.server.rpc.timeout.min = 5s (custom)
2019-09-18 17:38:12,793 [pool-38-thread-1] INFO  server.RaftServerConfigKeys (ConfUtils.java:logGet(43)) - raft.server.rpc.timeout.max = 5200ms (custom)
2019-09-18 17:38:12,793 [pool-27-thread-1] INFO  server.RaftServerConfigKeys (ConfUtils.java:logGet(43)) - raft.server.rpc.timeout.max = 5200ms (custom)
2019-09-18 17:38:12,793 [pool-38-thread-1] INFO  server.RaftServerConfigKeys (ConfUtils.java:logGet(43)) - raft.server.rpcslowness.timeout = 120s (custom)
2019-09-18 17:38:12,794 [pool-27-thread-1] INFO  server.RaftServerConfigKeys (ConfUtils.java:logGet(43)) - raft.server.rpcslowness.timeout = 120s (custom)
2019-09-18 17:38:12,794 [pool-49-thread-1] INFO  impl.RaftServerImpl (RaftServerImpl.java:<init>(93)) - b060b580-934b-4ec4-8651-f1de05b70c64: new RaftServerImpl for group-8C7F5062E589:[b060b580-934b-4ec4-8651-f1de05b70c64:192.168.5.185:45486] with ContainerStateMachine:uninitialized
2019-09-18 17:38:12,795 [pool-49-thread-1] INFO  server.RaftServerConfigKeys (ConfUtils.java:logGet(43)) - raft.server.rpc.timeout.min = 5s (custom)
2019-09-18 17:38:12,795 [pool-38-thread-1] INFO  server.RaftServerConfigKeys (ConfUtils.java:logGet(43)) - raft.server.sleep.deviation.threshold = 300 (default)
2019-09-18 17:38:12,795 [pool-49-thread-1] INFO  server.RaftServerConfigKeys (ConfUtils.java:logGet(43)) - raft.server.rpc.timeout.max = 5200ms (custom)
2019-09-18 17:38:12,795 [pool-27-thread-1] INFO  server.RaftServerConfigKeys (ConfUtils.java:logGet(43)) - raft.server.sleep.deviation.threshold = 300 (default)
2019-09-18 17:38:12,795 [pool-49-thread-1] INFO  server.RaftServerConfigKeys (ConfUtils.java:logGet(43)) - raft.server.rpcslowness.timeout = 120s (custom)
2019-09-18 17:38:12,795 [pool-49-thread-1] INFO  server.RaftServerConfigKeys (ConfUtils.java:logGet(43)) - raft.server.sleep.deviation.threshold = 300 (default)
2019-09-18 17:38:12,795 [pool-38-thread-1] INFO  server.RaftServerConfigKeys (ConfUtils.java:logGet(43)) - raft.server.log.appender.install.snapshot.enabled = false (custom)
2019-09-18 17:38:12,796 [pool-27-thread-1] INFO  server.RaftServerConfigKeys (ConfUtils.java:logGet(43)) - raft.server.log.appender.install.snapshot.enabled = false (custom)
2019-09-18 17:38:12,796 [pool-49-thread-1] INFO  server.RaftServerConfigKeys (ConfUtils.java:logGet(43)) - raft.server.log.appender.install.snapshot.enabled = false (custom)
2019-09-18 17:38:12,802 [pool-38-thread-1] INFO  impl.RaftServerImpl (ServerState.java:<init>(105)) - 9a8bbcb0-374a-4c81-ac50-592e91a540a5:group-1C4D1B725638 ConfigurationManager, init=-1: [9a8bbcb0-374a-4c81-ac50-592e91a540a5:192.168.5.185:34448], old=null, confs=<EMPTY_MAP>
2019-09-18 17:38:12,802 [pool-27-thread-1] INFO  impl.RaftServerImpl (ServerState.java:<init>(105)) - 0231394f-1583-4251-b485-7c6cd8c14518:group-38EB8F6C9D8D ConfigurationManager, init=-1: [0231394f-1583-4251-b485-7c6cd8c14518:192.168.5.185:40969], old=null, confs=<EMPTY_MAP>
2019-09-18 17:38:12,802 [pool-49-thread-1] INFO  impl.RaftServerImpl (ServerState.java:<init>(105)) - b060b580-934b-4ec4-8651-f1de05b70c64:group-8C7F5062E589 ConfigurationManager, init=-1: [b060b580-934b-4ec4-8651-f1de05b70c64:192.168.5.185:45486], old=null, confs=<EMPTY_MAP>
2019-09-18 17:38:12,802 [pool-38-thread-1] INFO  server.RaftServerConfigKeys (ConfUtils.java:logGet(43)) - raft.server.storage.dir = [/workdir/hadoop-ozone/integration-test/target/test-dir/MiniOzoneClusterImpl-d4c0e880-bf62-4364-84d9-05af48d348b5/datanode-1/data/ratis] (custom)
2019-09-18 17:38:12,803 [pool-49-thread-1] INFO  server.RaftServerConfigKeys (ConfUtils.java:logGet(43)) - raft.server.storage.dir = [/workdir/hadoop-ozone/integration-test/target/test-dir/MiniOzoneClusterImpl-d4c0e880-bf62-4364-84d9-05af48d348b5/datanode-2/data/ratis] (custom)
2019-09-18 17:38:12,803 [pool-27-thread-1] INFO  server.RaftServerConfigKeys (ConfUtils.java:logGet(43)) - raft.server.storage.dir = [/workdir/hadoop-ozone/integration-test/target/test-dir/MiniOzoneClusterImpl-d4c0e880-bf62-4364-84d9-05af48d348b5/datanode-0/data/ratis] (custom)
2019-09-18 17:38:12,810 [pool-38-thread-1] INFO  storage.RaftStorageDirectory (RaftStorageDirectory.java:analyzeStorage(246)) - The storage directory /workdir/hadoop-ozone/integration-test/target/test-dir/MiniOzoneClusterImpl-d4c0e880-bf62-4364-84d9-05af48d348b5/datanode-1/data/ratis/625b4fb0-d3f1-423c-8781-1c4d1b725638 does not exist. Creating ...
2019-09-18 17:38:12,810 [pool-27-thread-1] INFO  storage.RaftStorageDirectory (RaftStorageDirectory.java:analyzeStorage(246)) - The storage directory /workdir/hadoop-ozone/integration-test/target/test-dir/MiniOzoneClusterImpl-d4c0e880-bf62-4364-84d9-05af48d348b5/datanode-0/data/ratis/305dd8dc-84f4-44e5-9cf8-38eb8f6c9d8d does not exist. Creating ...
2019-09-18 17:38:12,810 [pool-49-thread-1] INFO  storage.RaftStorageDirectory (RaftStorageDirectory.java:analyzeStorage(246)) - The storage directory /workdir/hadoop-ozone/integration-test/target/test-dir/MiniOzoneClusterImpl-d4c0e880-bf62-4364-84d9-05af48d348b5/datanode-2/data/ratis/e38a5a79-d138-41fd-823a-8c7f5062e589 does not exist. Creating ...
2019-09-18 17:38:12,844 [pool-38-thread-1] INFO  storage.RaftStorageDirectory (RaftStorageDirectory.java:tryLock(328)) - Lock on /workdir/hadoop-ozone/integration-test/target/test-dir/MiniOzoneClusterImpl-d4c0e880-bf62-4364-84d9-05af48d348b5/datanode-1/data/ratis/625b4fb0-d3f1-423c-8781-1c4d1b725638/in_use.lock acquired by nodename 25835@pr-hdds-2034-lb7qt-2171347232
2019-09-18 17:38:12,844 [pool-49-thread-1] INFO  storage.RaftStorageDirectory (RaftStorageDirectory.java:tryLock(328)) - Lock on /workdir/hadoop-ozone/integration-test/target/test-dir/MiniOzoneClusterImpl-d4c0e880-bf62-4364-84d9-05af48d348b5/datanode-2/data/ratis/e38a5a79-d138-41fd-823a-8c7f5062e589/in_use.lock acquired by nodename 25835@pr-hdds-2034-lb7qt-2171347232
2019-09-18 17:38:12,844 [pool-27-thread-1] INFO  storage.RaftStorageDirectory (RaftStorageDirectory.java:tryLock(328)) - Lock on /workdir/hadoop-ozone/integration-test/target/test-dir/MiniOzoneClusterImpl-d4c0e880-bf62-4364-84d9-05af48d348b5/datanode-0/data/ratis/305dd8dc-84f4-44e5-9cf8-38eb8f6c9d8d/in_use.lock acquired by nodename 25835@pr-hdds-2034-lb7qt-2171347232
2019-09-18 17:38:12,873 [pool-38-thread-1] INFO  storage.RaftStorage (RaftStorage.java:format(72)) - Storage directory /workdir/hadoop-ozone/integration-test/target/test-dir/MiniOzoneClusterImpl-d4c0e880-bf62-4364-84d9-05af48d348b5/datanode-1/data/ratis/625b4fb0-d3f1-423c-8781-1c4d1b725638 has been successfully formatted.
2019-09-18 17:38:12,873 [pool-49-thread-1] INFO  storage.RaftStorage (RaftStorage.java:format(72)) - Storage directory /workdir/hadoop-ozone/integration-test/target/test-dir/MiniOzoneClusterImpl-d4c0e880-bf62-4364-84d9-05af48d348b5/datanode-2/data/ratis/e38a5a79-d138-41fd-823a-8c7f5062e589 has been successfully formatted.
2019-09-18 17:38:12,873 [pool-27-thread-1] INFO  storage.RaftStorage (RaftStorage.java:format(72)) - Storage directory /workdir/hadoop-ozone/integration-test/target/test-dir/MiniOzoneClusterImpl-d4c0e880-bf62-4364-84d9-05af48d348b5/datanode-0/data/ratis/305dd8dc-84f4-44e5-9cf8-38eb8f6c9d8d has been successfully formatted.
2019-09-18 17:38:12,877 [pool-27-thread-1] INFO  ratis.ContainerStateMachine (ContainerStateMachine.java:loadSnapshot(226)) - group-38EB8F6C9D8D: The snapshot info is null. Setting the last applied indexto:(t:0, i:~)
2019-09-18 17:38:12,879 [pool-49-thread-1] INFO  ratis.ContainerStateMachine (ContainerStateMachine.java:loadSnapshot(226)) - group-8C7F5062E589: The snapshot info is null. Setting the last applied indexto:(t:0, i:~)
2019-09-18 17:38:12,877 [pool-38-thread-1] INFO  ratis.ContainerStateMachine (ContainerStateMachine.java:loadSnapshot(226)) - group-1C4D1B725638: The snapshot info is null. Setting the last applied indexto:(t:0, i:~)
2019-09-18 17:38:12,879 [pool-49-thread-1] INFO  server.RaftServerConfigKeys (ConfUtils.java:logGet(43)) - raft.server.leader.election.timeout = 120s (custom)
2019-09-18 17:38:12,879 [pool-27-thread-1] INFO  server.RaftServerConfigKeys (ConfUtils.java:logGet(43)) - raft.server.leader.election.timeout = 120s (custom)
2019-09-18 17:38:12,879 [pool-38-thread-1] INFO  server.RaftServerConfigKeys (ConfUtils.java:logGet(43)) - raft.server.leader.election.timeout = 120s (custom)
2019-09-18 17:38:12,882 [pool-27-thread-1] INFO  server.RaftServerConfigKeys (ConfUtils.java:logGet(43)) - raft.server.log.use.memory = false (default)
2019-09-18 17:38:12,882 [pool-49-thread-1] INFO  server.RaftServerConfigKeys (ConfUtils.java:logGet(43)) - raft.server.log.use.memory = false (default)
2019-09-18 17:38:12,882 [pool-38-thread-1] INFO  server.RaftServerConfigKeys (ConfUtils.java:logGet(43)) - raft.server.log.use.memory = false (default)
2019-09-18 17:38:12,888 [pool-27-thread-1] INFO  server.RaftServerConfigKeys (ConfUtils.java:logGet(43)) - raft.server.log.purge.gap = 1000000 (custom)
2019-09-18 17:38:12,888 [pool-38-thread-1] INFO  server.RaftServerConfigKeys (ConfUtils.java:logGet(43)) - raft.server.log.purge.gap = 1000000 (custom)
2019-09-18 17:38:12,888 [pool-27-thread-1] INFO  server.RaftServerConfigKeys (ConfUtils.java:logGet(43)) - raft.server.log.appender.buffer.byte-limit = 33554432 (custom)
2019-09-18 17:38:12,888 [pool-49-thread-1] INFO  server.RaftServerConfigKeys (ConfUtils.java:logGet(43)) - raft.server.log.purge.gap = 1000000 (custom)
2019-09-18 17:38:12,888 [pool-38-thread-1] INFO  server.RaftServerConfigKeys (ConfUtils.java:logGet(43)) - raft.server.log.appender.buffer.byte-limit = 33554432 (custom)
2019-09-18 17:38:12,888 [pool-49-thread-1] INFO  server.RaftServerConfigKeys (ConfUtils.java:logGet(43)) - raft.server.log.appender.buffer.byte-limit = 33554432 (custom)
2019-09-18 17:38:12,891 | INFO  | SCMAudit | user=jenkins1000 | ip=192.168.5.185 | op=SEND_HEARTBEAT {datanodeUUID=0231394f-1583-4251-b485-7c6cd8c14518, command=[]} | ret=SUCCESS |  
2019-09-18 17:38:12,891 [pool-38-thread-1] INFO  server.RaftServerConfigKeys (ConfUtils.java:logGet(43)) - raft.server.log.segment.size.max = 1048576 (custom)
2019-09-18 17:38:12,891 [pool-27-thread-1] INFO  server.RaftServerConfigKeys (ConfUtils.java:logGet(43)) - raft.server.log.segment.size.max = 1048576 (custom)
2019-09-18 17:38:12,891 [pool-49-thread-1] INFO  server.RaftServerConfigKeys (ConfUtils.java:logGet(43)) - raft.server.log.segment.size.max = 1048576 (custom)
2019-09-18 17:38:12,897 [pool-27-thread-1] INFO  server.RaftServerConfigKeys (ConfUtils.java:logGet(43)) - raft.server.log.segment.cache.num.max = 2 (custom)
2019-09-18 17:38:12,898 [pool-38-thread-1] INFO  server.RaftServerConfigKeys (ConfUtils.java:logGet(43)) - raft.server.log.segment.cache.num.max = 2 (custom)
2019-09-18 17:38:12,898 [pool-49-thread-1] INFO  server.RaftServerConfigKeys (ConfUtils.java:logGet(43)) - raft.server.log.segment.cache.num.max = 2 (custom)
2019-09-18 17:38:12,905 [pool-38-thread-1] INFO  segmented.SegmentedRaftLogWorker (SegmentedRaftLogWorker.java:<init>(172)) - new 9a8bbcb0-374a-4c81-ac50-592e91a540a5-SegmentedRaftLogWorker:Storage Directory /workdir/hadoop-ozone/integration-test/target/test-dir/MiniOzoneClusterImpl-d4c0e880-bf62-4364-84d9-05af48d348b5/datanode-1/data/ratis/625b4fb0-d3f1-423c-8781-1c4d1b725638 for RaftStorage:Storage Directory /workdir/hadoop-ozone/integration-test/target/test-dir/MiniOzoneClusterImpl-d4c0e880-bf62-4364-84d9-05af48d348b5/datanode-1/data/ratis/625b4fb0-d3f1-423c-8781-1c4d1b725638
2019-09-18 17:38:12,905 [pool-27-thread-1] INFO  segmented.SegmentedRaftLogWorker (SegmentedRaftLogWorker.java:<init>(172)) - new 0231394f-1583-4251-b485-7c6cd8c14518-SegmentedRaftLogWorker:Storage Directory /workdir/hadoop-ozone/integration-test/target/test-dir/MiniOzoneClusterImpl-d4c0e880-bf62-4364-84d9-05af48d348b5/datanode-0/data/ratis/305dd8dc-84f4-44e5-9cf8-38eb8f6c9d8d for RaftStorage:Storage Directory /workdir/hadoop-ozone/integration-test/target/test-dir/MiniOzoneClusterImpl-d4c0e880-bf62-4364-84d9-05af48d348b5/datanode-0/data/ratis/305dd8dc-84f4-44e5-9cf8-38eb8f6c9d8d
2019-09-18 17:38:12,905 [pool-49-thread-1] INFO  segmented.SegmentedRaftLogWorker (SegmentedRaftLogWorker.java:<init>(172)) - new b060b580-934b-4ec4-8651-f1de05b70c64-SegmentedRaftLogWorker:Storage Directory /workdir/hadoop-ozone/integration-test/target/test-dir/MiniOzoneClusterImpl-d4c0e880-bf62-4364-84d9-05af48d348b5/datanode-2/data/ratis/e38a5a79-d138-41fd-823a-8c7f5062e589 for RaftStorage:Storage Directory /workdir/hadoop-ozone/integration-test/target/test-dir/MiniOzoneClusterImpl-d4c0e880-bf62-4364-84d9-05af48d348b5/datanode-2/data/ratis/e38a5a79-d138-41fd-823a-8c7f5062e589
2019-09-18 17:38:12,936 [pool-38-thread-1] INFO  server.RaftServerConfigKeys (ConfUtils.java:logGet(43)) - raft.server.log.queue.byte-limit = 2147483647 (custom)
2019-09-18 17:38:12,936 [pool-27-thread-1] INFO  server.RaftServerConfigKeys (ConfUtils.java:logGet(43)) - raft.server.log.queue.byte-limit = 2147483647 (custom)
2019-09-18 17:38:12,936 [pool-49-thread-1] INFO  server.RaftServerConfigKeys (ConfUtils.java:logGet(43)) - raft.server.log.queue.byte-limit = 2147483647 (custom)
2019-09-18 17:38:12,937 [pool-38-thread-1] INFO  server.RaftServerConfigKeys (ConfUtils.java:logGet(43)) - raft.server.log.queue.element-limit = 1024 (custom)
2019-09-18 17:38:12,937 [pool-49-thread-1] INFO  server.RaftServerConfigKeys (ConfUtils.java:logGet(43)) - raft.server.log.queue.element-limit = 1024 (custom)
2019-09-18 17:38:12,938 [pool-27-thread-1] INFO  server.RaftServerConfigKeys (ConfUtils.java:logGet(43)) - raft.server.log.queue.element-limit = 1024 (custom)
2019-09-18 17:38:12,942 [pool-38-thread-1] INFO  server.RaftServerConfigKeys (ConfUtils.java:logGet(43)) - raft.server.log.segment.size.max = 1048576 (custom)
2019-09-18 17:38:12,942 [pool-27-thread-1] INFO  server.RaftServerConfigKeys (ConfUtils.java:logGet(43)) - raft.server.log.segment.size.max = 1048576 (custom)
2019-09-18 17:38:12,942 [pool-49-thread-1] INFO  server.RaftServerConfigKeys (ConfUtils.java:logGet(43)) - raft.server.log.segment.size.max = 1048576 (custom)
2019-09-18 17:38:12,942 [pool-38-thread-1] INFO  server.RaftServerConfigKeys (ConfUtils.java:logGet(43)) - raft.server.log.preallocated.size = 16384 (custom)
2019-09-18 17:38:12,943 [pool-49-thread-1] INFO  server.RaftServerConfigKeys (ConfUtils.java:logGet(43)) - raft.server.log.preallocated.size = 16384 (custom)
2019-09-18 17:38:12,943 [pool-27-thread-1] INFO  server.RaftServerConfigKeys (ConfUtils.java:logGet(43)) - raft.server.log.preallocated.size = 16384 (custom)
2019-09-18 17:38:12,943 [pool-38-thread-1] INFO  server.RaftServerConfigKeys (ConfUtils.java:logGet(43)) - raft.server.log.write.buffer.size = 33554432 (custom)
2019-09-18 17:38:12,943 [pool-27-thread-1] INFO  server.RaftServerConfigKeys (ConfUtils.java:logGet(43)) - raft.server.log.write.buffer.size = 33554432 (custom)
2019-09-18 17:38:12,943 [pool-49-thread-1] INFO  server.RaftServerConfigKeys (ConfUtils.java:logGet(43)) - raft.server.log.write.buffer.size = 33554432 (custom)
2019-09-18 17:38:12,943 [pool-38-thread-1] INFO  server.RaftServerConfigKeys (ConfUtils.java:logGet(43)) - raft.server.log.force.sync.num = 128 (default)
2019-09-18 17:38:12,943 [pool-49-thread-1] INFO  server.RaftServerConfigKeys (ConfUtils.java:logGet(43)) - raft.server.log.force.sync.num = 128 (default)
2019-09-18 17:38:12,944 [pool-27-thread-1] INFO  server.RaftServerConfigKeys (ConfUtils.java:logGet(43)) - raft.server.log.force.sync.num = 128 (default)
2019-09-18 17:38:12,944 [pool-38-thread-1] INFO  server.RaftServerConfigKeys (ConfUtils.java:logGet(43)) - raft.server.log.statemachine.data.sync = true (default)
2019-09-18 17:38:12,944 [pool-27-thread-1] INFO  server.RaftServerConfigKeys (ConfUtils.java:logGet(43)) - raft.server.log.statemachine.data.sync = true (default)
2019-09-18 17:38:12,944 [pool-38-thread-1] INFO  server.RaftServerConfigKeys (ConfUtils.java:logGet(43)) - raft.server.log.statemachine.data.sync.timeout = 10s (default)
2019-09-18 17:38:12,944 [pool-49-thread-1] INFO  server.RaftServerConfigKeys (ConfUtils.java:logGet(43)) - raft.server.log.statemachine.data.sync = true (default)
2019-09-18 17:38:12,945 [pool-27-thread-1] INFO  server.RaftServerConfigKeys (ConfUtils.java:logGet(43)) - raft.server.log.statemachine.data.sync.timeout = 10s (default)
2019-09-18 17:38:12,945 [pool-49-thread-1] INFO  server.RaftServerConfigKeys (ConfUtils.java:logGet(43)) - raft.server.log.statemachine.data.sync.timeout = 10s (default)
2019-09-18 17:38:12,945 [pool-27-thread-1] INFO  server.RaftServerConfigKeys (ConfUtils.java:logGet(43)) - raft.server.log.statemachine.data.sync.timeout.retry = -1 (default)
2019-09-18 17:38:12,945 [pool-38-thread-1] INFO  server.RaftServerConfigKeys (ConfUtils.java:logGet(43)) - raft.server.log.statemachine.data.sync.timeout.retry = -1 (default)
2019-09-18 17:38:12,945 [pool-49-thread-1] INFO  server.RaftServerConfigKeys (ConfUtils.java:logGet(43)) - raft.server.log.statemachine.data.sync.timeout.retry = -1 (default)
2019-09-18 17:38:12,955 [pool-38-thread-1] INFO  server.RaftServerConfigKeys (ConfUtils.java:logGet(43)) - raft.server.log.statemachine.data.caching.enabled = true (custom)
2019-09-18 17:38:12,955 [pool-49-thread-1] INFO  server.RaftServerConfigKeys (ConfUtils.java:logGet(43)) - raft.server.log.statemachine.data.caching.enabled = true (custom)
2019-09-18 17:38:12,955 [pool-27-thread-1] INFO  server.RaftServerConfigKeys (ConfUtils.java:logGet(43)) - raft.server.log.statemachine.data.caching.enabled = true (custom)
2019-09-18 17:38:12,962 [pool-38-thread-1] INFO  segmented.SegmentedRaftLogWorker (SegmentedRaftLogWorker.java:lambda$new$0(132)) - 9a8bbcb0-374a-4c81-ac50-592e91a540a5-SegmentedRaftLogWorker:Storage Directory /workdir/hadoop-ozone/integration-test/target/test-dir/MiniOzoneClusterImpl-d4c0e880-bf62-4364-84d9-05af48d348b5/datanode-1/data/ratis/625b4fb0-d3f1-423c-8781-1c4d1b725638: flushIndex: setUnconditionally 0 -> -1
2019-09-18 17:38:12,962 [pool-49-thread-1] INFO  segmented.SegmentedRaftLogWorker (SegmentedRaftLogWorker.java:lambda$new$0(132)) - b060b580-934b-4ec4-8651-f1de05b70c64-SegmentedRaftLogWorker:Storage Directory /workdir/hadoop-ozone/integration-test/target/test-dir/MiniOzoneClusterImpl-d4c0e880-bf62-4364-84d9-05af48d348b5/datanode-2/data/ratis/e38a5a79-d138-41fd-823a-8c7f5062e589: flushIndex: setUnconditionally 0 -> -1
2019-09-18 17:38:12,962 [pool-27-thread-1] INFO  segmented.SegmentedRaftLogWorker (SegmentedRaftLogWorker.java:lambda$new$0(132)) - 0231394f-1583-4251-b485-7c6cd8c14518-SegmentedRaftLogWorker:Storage Directory /workdir/hadoop-ozone/integration-test/target/test-dir/MiniOzoneClusterImpl-d4c0e880-bf62-4364-84d9-05af48d348b5/datanode-0/data/ratis/305dd8dc-84f4-44e5-9cf8-38eb8f6c9d8d: flushIndex: setUnconditionally 0 -> -1
2019-09-18 17:38:12,967 [pool-38-thread-1] INFO  server.RaftServerConfigKeys (ConfUtils.java:logGet(43)) - raft.server.snapshot.auto.trigger.enabled = true (custom)
2019-09-18 17:38:12,967 [pool-27-thread-1] INFO  server.RaftServerConfigKeys (ConfUtils.java:logGet(43)) - raft.server.snapshot.auto.trigger.enabled = true (custom)
2019-09-18 17:38:12,967 [pool-49-thread-1] INFO  server.RaftServerConfigKeys (ConfUtils.java:logGet(43)) - raft.server.snapshot.auto.trigger.enabled = true (custom)
2019-09-18 17:38:12,968 [pool-38-thread-1] INFO  server.RaftServerConfigKeys (ConfUtils.java:logGet(43)) - raft.server.snapshot.auto.trigger.threshold = 10000 (custom)
2019-09-18 17:38:12,968 [pool-49-thread-1] INFO  server.RaftServerConfigKeys (ConfUtils.java:logGet(43)) - raft.server.snapshot.auto.trigger.threshold = 10000 (custom)
2019-09-18 17:38:12,968 [pool-27-thread-1] INFO  server.RaftServerConfigKeys (ConfUtils.java:logGet(43)) - raft.server.snapshot.auto.trigger.threshold = 10000 (custom)
2019-09-18 17:38:12,969 [pool-38-thread-1] INFO  server.RaftServerConfigKeys (ConfUtils.java:logGet(43)) - raft.server.retrycache.expirytime = 600000ms (custom)
2019-09-18 17:38:12,969 [pool-49-thread-1] INFO  server.RaftServerConfigKeys (ConfUtils.java:logGet(43)) - raft.server.retrycache.expirytime = 600000ms (custom)
2019-09-18 17:38:12,969 [pool-27-thread-1] INFO  server.RaftServerConfigKeys (ConfUtils.java:logGet(43)) - raft.server.retrycache.expirytime = 600000ms (custom)
2019-09-18 17:38:12,989 [pool-49-thread-1] INFO  impl.RaftServerImpl (RaftServerImpl.java:start(180)) - b060b580-934b-4ec4-8651-f1de05b70c64: start group-8C7F5062E589
2019-09-18 17:38:12,989 [pool-27-thread-1] INFO  impl.RaftServerImpl (RaftServerImpl.java:start(180)) - 0231394f-1583-4251-b485-7c6cd8c14518: start group-38EB8F6C9D8D
2019-09-18 17:38:12,989 [pool-38-thread-1] INFO  impl.RaftServerImpl (RaftServerImpl.java:start(180)) - 9a8bbcb0-374a-4c81-ac50-592e91a540a5: start group-1C4D1B725638
2019-09-18 17:38:12,990 [pool-38-thread-1] INFO  impl.RaftServerImpl (RaftServerImpl.java:setRole(171)) - 9a8bbcb0-374a-4c81-ac50-592e91a540a5:group-1C4D1B725638 changes role from null to FOLLOWER at term 0 for startAsFollower
2019-09-18 17:38:12,990 [pool-27-thread-1] INFO  impl.RaftServerImpl (RaftServerImpl.java:setRole(171)) - 0231394f-1583-4251-b485-7c6cd8c14518:group-38EB8F6C9D8D changes role from null to FOLLOWER at term 0 for startAsFollower
2019-09-18 17:38:12,990 [pool-49-thread-1] INFO  impl.RaftServerImpl (RaftServerImpl.java:setRole(171)) - b060b580-934b-4ec4-8651-f1de05b70c64:group-8C7F5062E589 changes role from null to FOLLOWER at term 0 for startAsFollower
2019-09-18 17:38:12,992 [pool-49-thread-1] INFO  impl.RoleInfo (RoleInfo.java:updateAndGet(143)) - b060b580-934b-4ec4-8651-f1de05b70c64: start FollowerState
2019-09-18 17:38:12,992 [pool-38-thread-1] INFO  impl.RoleInfo (RoleInfo.java:updateAndGet(143)) - 9a8bbcb0-374a-4c81-ac50-592e91a540a5: start FollowerState
2019-09-18 17:38:12,992 [pool-27-thread-1] INFO  impl.RoleInfo (RoleInfo.java:updateAndGet(143)) - 0231394f-1583-4251-b485-7c6cd8c14518: start FollowerState
2019-09-18 17:38:12,994 [pool-49-thread-1] INFO  util.JmxRegister (JmxRegister.java:tryRegister(44)) - Successfully registered JMX Bean with object name Ratis:service=RaftServer,group=group-8C7F5062E589,id=b060b580-934b-4ec4-8651-f1de05b70c64
2019-09-18 17:38:12,994 [pool-38-thread-1] INFO  util.JmxRegister (JmxRegister.java:tryRegister(44)) - Successfully registered JMX Bean with object name Ratis:service=RaftServer,group=group-1C4D1B725638,id=9a8bbcb0-374a-4c81-ac50-592e91a540a5
2019-09-18 17:38:12,994 [pool-27-thread-1] INFO  util.JmxRegister (JmxRegister.java:tryRegister(44)) - Successfully registered JMX Bean with object name Ratis:service=RaftServer,group=group-38EB8F6C9D8D,id=0231394f-1583-4251-b485-7c6cd8c14518
2019-09-18 17:38:13,042 [Command processor thread] INFO  commandhandler.CreatePipelineCommandHandler (CreatePipelineCommandHandler.java:handle(112)) - Create Pipeline RATIS ONE #PipelineID=e38a5a79-d138-41fd-823a-8c7f5062e589 command succeed on datanode b060b580-934b-4ec4-8651-f1de05b70c64.
2019-09-18 17:38:13,042 [Command processor thread] INFO  commandhandler.CreatePipelineCommandHandler (CreatePipelineCommandHandler.java:handle(112)) - Create Pipeline RATIS ONE #PipelineID=305dd8dc-84f4-44e5-9cf8-38eb8f6c9d8d command succeed on datanode 0231394f-1583-4251-b485-7c6cd8c14518.
2019-09-18 17:38:13,042 [Command processor thread] INFO  commandhandler.CreatePipelineCommandHandler (CreatePipelineCommandHandler.java:handle(112)) - Create Pipeline RATIS ONE #PipelineID=625b4fb0-d3f1-423c-8781-1c4d1b725638 command succeed on datanode 9a8bbcb0-374a-4c81-ac50-592e91a540a5.
2019-09-18 17:38:13,068 [grpc-default-executor-2] INFO  impl.RaftServerProxy (RaftServerProxy.java:addNew(89)) - 0231394f-1583-4251-b485-7c6cd8c14518: addNew group-167FFB37BDFB:[b060b580-934b-4ec4-8651-f1de05b70c64:192.168.5.185:45486, 0231394f-1583-4251-b485-7c6cd8c14518:192.168.5.185:40969, 9a8bbcb0-374a-4c81-ac50-592e91a540a5:192.168.5.185:34448] returns group-167FFB37BDFB:java.util.concurrent.CompletableFuture@4b50ae02[Not completed]
2019-09-18 17:38:13,068 [grpc-default-executor-1] INFO  impl.RaftServerProxy (RaftServerProxy.java:addNew(89)) - 9a8bbcb0-374a-4c81-ac50-592e91a540a5: addNew group-167FFB37BDFB:[b060b580-934b-4ec4-8651-f1de05b70c64:192.168.5.185:45486, 0231394f-1583-4251-b485-7c6cd8c14518:192.168.5.185:40969, 9a8bbcb0-374a-4c81-ac50-592e91a540a5:192.168.5.185:34448] returns group-167FFB37BDFB:java.util.concurrent.CompletableFuture@6772e6b2[Not completed]
2019-09-18 17:38:13,068 [grpc-default-executor-0] INFO  impl.RaftServerProxy (RaftServerProxy.java:addNew(89)) - b060b580-934b-4ec4-8651-f1de05b70c64: addNew group-167FFB37BDFB:[b060b580-934b-4ec4-8651-f1de05b70c64:192.168.5.185:45486, 0231394f-1583-4251-b485-7c6cd8c14518:192.168.5.185:40969, 9a8bbcb0-374a-4c81-ac50-592e91a540a5:192.168.5.185:34448] returns group-167FFB37BDFB:java.util.concurrent.CompletableFuture@9b7d956[Not completed]
2019-09-18 17:38:13,069 [pool-38-thread-1] INFO  impl.RaftServerImpl (RaftServerImpl.java:<init>(93)) - 9a8bbcb0-374a-4c81-ac50-592e91a540a5: new RaftServerImpl for group-167FFB37BDFB:[b060b580-934b-4ec4-8651-f1de05b70c64:192.168.5.185:45486, 0231394f-1583-4251-b485-7c6cd8c14518:192.168.5.185:40969, 9a8bbcb0-374a-4c81-ac50-592e91a540a5:192.168.5.185:34448] with ContainerStateMachine:uninitialized
2019-09-18 17:38:13,070 [pool-38-thread-1] INFO  server.RaftServerConfigKeys (ConfUtils.java:logGet(43)) - raft.server.rpc.timeout.min = 5s (custom)
2019-09-18 17:38:13,070 [pool-38-thread-1] INFO  server.RaftServerConfigKeys (ConfUtils.java:logGet(43)) - raft.server.rpc.timeout.max = 5200ms (custom)
2019-09-18 17:38:13,070 [pool-38-thread-1] INFO  server.RaftServerConfigKeys (ConfUtils.java:logGet(43)) - raft.server.rpcslowness.timeout = 120s (custom)
2019-09-18 17:38:13,070 [pool-38-thread-1] INFO  server.RaftServerConfigKeys (ConfUtils.java:logGet(43)) - raft.server.sleep.deviation.threshold = 300 (default)
2019-09-18 17:38:13,070 [pool-49-thread-1] INFO  impl.RaftServerImpl (RaftServerImpl.java:<init>(93)) - b060b580-934b-4ec4-8651-f1de05b70c64: new RaftServerImpl for group-167FFB37BDFB:[b060b580-934b-4ec4-8651-f1de05b70c64:192.168.5.185:45486, 0231394f-1583-4251-b485-7c6cd8c14518:192.168.5.185:40969, 9a8bbcb0-374a-4c81-ac50-592e91a540a5:192.168.5.185:34448] with ContainerStateMachine:uninitialized
2019-09-18 17:38:13,070 [pool-38-thread-1] INFO  server.RaftServerConfigKeys (ConfUtils.java:logGet(43)) - raft.server.log.appender.install.snapshot.enabled = false (custom)
2019-09-18 17:38:13,070 [pool-49-thread-1] INFO  server.RaftServerConfigKeys (ConfUtils.java:logGet(43)) - raft.server.rpc.timeout.min = 5s (custom)
2019-09-18 17:38:13,070 [pool-38-thread-1] INFO  impl.RaftServerImpl (ServerState.java:<init>(105)) - 9a8bbcb0-374a-4c81-ac50-592e91a540a5:group-167FFB37BDFB ConfigurationManager, init=-1: [b060b580-934b-4ec4-8651-f1de05b70c64:192.168.5.185:45486, 0231394f-1583-4251-b485-7c6cd8c14518:192.168.5.185:40969, 9a8bbcb0-374a-4c81-ac50-592e91a540a5:192.168.5.185:34448], old=null, confs=<EMPTY_MAP>
2019-09-18 17:38:13,070 [pool-49-thread-1] INFO  server.RaftServerConfigKeys (ConfUtils.java:logGet(43)) - raft.server.rpc.timeout.max = 5200ms (custom)
2019-09-18 17:38:13,071 [pool-38-thread-1] INFO  server.RaftServerConfigKeys (ConfUtils.java:logGet(43)) - raft.server.storage.dir = [/workdir/hadoop-ozone/integration-test/target/test-dir/MiniOzoneClusterImpl-d4c0e880-bf62-4364-84d9-05af48d348b5/datanode-1/data/ratis] (custom)
2019-09-18 17:38:13,071 [pool-49-thread-1] INFO  server.RaftServerConfigKeys (ConfUtils.java:logGet(43)) - raft.server.rpcslowness.timeout = 120s (custom)
2019-09-18 17:38:13,071 [pool-49-thread-1] INFO  server.RaftServerConfigKeys (ConfUtils.java:logGet(43)) - raft.server.sleep.deviation.threshold = 300 (default)
2019-09-18 17:38:13,071 [pool-49-thread-1] INFO  server.RaftServerConfigKeys (ConfUtils.java:logGet(43)) - raft.server.log.appender.install.snapshot.enabled = false (custom)
2019-09-18 17:38:13,071 [pool-38-thread-1] INFO  storage.RaftStorageDirectory (RaftStorageDirectory.java:analyzeStorage(246)) - The storage directory /workdir/hadoop-ozone/integration-test/target/test-dir/MiniOzoneClusterImpl-d4c0e880-bf62-4364-84d9-05af48d348b5/datanode-1/data/ratis/bd5ac8e3-3d0e-4805-831e-167ffb37bdfb does not exist. Creating ...
2019-09-18 17:38:13,071 [pool-49-thread-1] INFO  impl.RaftServerImpl (ServerState.java:<init>(105)) - b060b580-934b-4ec4-8651-f1de05b70c64:group-167FFB37BDFB ConfigurationManager, init=-1: [b060b580-934b-4ec4-8651-f1de05b70c64:192.168.5.185:45486, 0231394f-1583-4251-b485-7c6cd8c14518:192.168.5.185:40969, 9a8bbcb0-374a-4c81-ac50-592e91a540a5:192.168.5.185:34448], old=null, confs=<EMPTY_MAP>
2019-09-18 17:38:13,071 [pool-27-thread-1] INFO  impl.RaftServerImpl (RaftServerImpl.java:<init>(93)) - 0231394f-1583-4251-b485-7c6cd8c14518: new RaftServerImpl for group-167FFB37BDFB:[b060b580-934b-4ec4-8651-f1de05b70c64:192.168.5.185:45486, 0231394f-1583-4251-b485-7c6cd8c14518:192.168.5.185:40969, 9a8bbcb0-374a-4c81-ac50-592e91a540a5:192.168.5.185:34448] with ContainerStateMachine:uninitialized
2019-09-18 17:38:13,071 [pool-49-thread-1] INFO  server.RaftServerConfigKeys (ConfUtils.java:logGet(43)) - raft.server.storage.dir = [/workdir/hadoop-ozone/integration-test/target/test-dir/MiniOzoneClusterImpl-d4c0e880-bf62-4364-84d9-05af48d348b5/datanode-2/data/ratis] (custom)
2019-09-18 17:38:13,071 [pool-27-thread-1] INFO  server.RaftServerConfigKeys (ConfUtils.java:logGet(43)) - raft.server.rpc.timeout.min = 5s (custom)
2019-09-18 17:38:13,072 [pool-49-thread-1] INFO  storage.RaftStorageDirectory (RaftStorageDirectory.java:analyzeStorage(246)) - The storage directory /workdir/hadoop-ozone/integration-test/target/test-dir/MiniOzoneClusterImpl-d4c0e880-bf62-4364-84d9-05af48d348b5/datanode-2/data/ratis/bd5ac8e3-3d0e-4805-831e-167ffb37bdfb does not exist. Creating ...
2019-09-18 17:38:13,072 [pool-27-thread-1] INFO  server.RaftServerConfigKeys (ConfUtils.java:logGet(43)) - raft.server.rpc.timeout.max = 5200ms (custom)
2019-09-18 17:38:13,072 [pool-27-thread-1] INFO  server.RaftServerConfigKeys (ConfUtils.java:logGet(43)) - raft.server.rpcslowness.timeout = 120s (custom)
2019-09-18 17:38:13,072 [pool-27-thread-1] INFO  server.RaftServerConfigKeys (ConfUtils.java:logGet(43)) - raft.server.sleep.deviation.threshold = 300 (default)
2019-09-18 17:38:13,072 [pool-27-thread-1] INFO  server.RaftServerConfigKeys (ConfUtils.java:logGet(43)) - raft.server.log.appender.install.snapshot.enabled = false (custom)
2019-09-18 17:38:13,072 [pool-27-thread-1] INFO  impl.RaftServerImpl (ServerState.java:<init>(105)) - 0231394f-1583-4251-b485-7c6cd8c14518:group-167FFB37BDFB ConfigurationManager, init=-1: [b060b580-934b-4ec4-8651-f1de05b70c64:192.168.5.185:45486, 0231394f-1583-4251-b485-7c6cd8c14518:192.168.5.185:40969, 9a8bbcb0-374a-4c81-ac50-592e91a540a5:192.168.5.185:34448], old=null, confs=<EMPTY_MAP>
2019-09-18 17:38:13,073 [pool-27-thread-1] INFO  server.RaftServerConfigKeys (ConfUtils.java:logGet(43)) - raft.server.storage.dir = [/workdir/hadoop-ozone/integration-test/target/test-dir/MiniOzoneClusterImpl-d4c0e880-bf62-4364-84d9-05af48d348b5/datanode-0/data/ratis] (custom)
2019-09-18 17:38:13,073 [pool-27-thread-1] INFO  storage.RaftStorageDirectory (RaftStorageDirectory.java:analyzeStorage(246)) - The storage directory /workdir/hadoop-ozone/integration-test/target/test-dir/MiniOzoneClusterImpl-d4c0e880-bf62-4364-84d9-05af48d348b5/datanode-0/data/ratis/bd5ac8e3-3d0e-4805-831e-167ffb37bdfb does not exist. Creating ...
2019-09-18 17:38:13,104 [pool-49-thread-1] INFO  storage.RaftStorageDirectory (RaftStorageDirectory.java:tryLock(328)) - Lock on /workdir/hadoop-ozone/integration-test/target/test-dir/MiniOzoneClusterImpl-d4c0e880-bf62-4364-84d9-05af48d348b5/datanode-2/data/ratis/bd5ac8e3-3d0e-4805-831e-167ffb37bdfb/in_use.lock acquired by nodename 25835@pr-hdds-2034-lb7qt-2171347232
2019-09-18 17:38:13,104 [pool-27-thread-1] INFO  storage.RaftStorageDirectory (RaftStorageDirectory.java:tryLock(328)) - Lock on /workdir/hadoop-ozone/integration-test/target/test-dir/MiniOzoneClusterImpl-d4c0e880-bf62-4364-84d9-05af48d348b5/datanode-0/data/ratis/bd5ac8e3-3d0e-4805-831e-167ffb37bdfb/in_use.lock acquired by nodename 25835@pr-hdds-2034-lb7qt-2171347232
2019-09-18 17:38:13,104 [pool-38-thread-1] INFO  storage.RaftStorageDirectory (RaftStorageDirectory.java:tryLock(328)) - Lock on /workdir/hadoop-ozone/integration-test/target/test-dir/MiniOzoneClusterImpl-d4c0e880-bf62-4364-84d9-05af48d348b5/datanode-1/data/ratis/bd5ac8e3-3d0e-4805-831e-167ffb37bdfb/in_use.lock acquired by nodename 25835@pr-hdds-2034-lb7qt-2171347232
2019-09-18 17:38:13,142 [pool-38-thread-1] INFO  storage.RaftStorage (RaftStorage.java:format(72)) - Storage directory /workdir/hadoop-ozone/integration-test/target/test-dir/MiniOzoneClusterImpl-d4c0e880-bf62-4364-84d9-05af48d348b5/datanode-1/data/ratis/bd5ac8e3-3d0e-4805-831e-167ffb37bdfb has been successfully formatted.
2019-09-18 17:38:13,142 [pool-49-thread-1] INFO  storage.RaftStorage (RaftStorage.java:format(72)) - Storage directory /workdir/hadoop-ozone/integration-test/target/test-dir/MiniOzoneClusterImpl-d4c0e880-bf62-4364-84d9-05af48d348b5/datanode-2/data/ratis/bd5ac8e3-3d0e-4805-831e-167ffb37bdfb has been successfully formatted.
2019-09-18 17:38:13,142 [pool-27-thread-1] INFO  storage.RaftStorage (RaftStorage.java:format(72)) - Storage directory /workdir/hadoop-ozone/integration-test/target/test-dir/MiniOzoneClusterImpl-d4c0e880-bf62-4364-84d9-05af48d348b5/datanode-0/data/ratis/bd5ac8e3-3d0e-4805-831e-167ffb37bdfb has been successfully formatted.
2019-09-18 17:38:13,142 [pool-38-thread-1] INFO  ratis.ContainerStateMachine (ContainerStateMachine.java:loadSnapshot(226)) - group-167FFB37BDFB: The snapshot info is null. Setting the last applied indexto:(t:0, i:~)
2019-09-18 17:38:13,143 [pool-27-thread-1] INFO  ratis.ContainerStateMachine (ContainerStateMachine.java:loadSnapshot(226)) - group-167FFB37BDFB: The snapshot info is null. Setting the last applied indexto:(t:0, i:~)
2019-09-18 17:38:13,142 [pool-49-thread-1] INFO  ratis.ContainerStateMachine (ContainerStateMachine.java:loadSnapshot(226)) - group-167FFB37BDFB: The snapshot info is null. Setting the last applied indexto:(t:0, i:~)
2019-09-18 17:38:13,143 [pool-27-thread-1] INFO  server.RaftServerConfigKeys (ConfUtils.java:logGet(43)) - raft.server.leader.election.timeout = 120s (custom)
2019-09-18 17:38:13,143 [pool-38-thread-1] INFO  server.RaftServerConfigKeys (ConfUtils.java:logGet(43)) - raft.server.leader.election.timeout = 120s (custom)
2019-09-18 17:38:13,143 [pool-27-thread-1] INFO  server.RaftServerConfigKeys (ConfUtils.java:logGet(43)) - raft.server.log.use.memory = false (default)
2019-09-18 17:38:13,143 [pool-49-thread-1] INFO  server.RaftServerConfigKeys (ConfUtils.java:logGet(43)) - raft.server.leader.election.timeout = 120s (custom)
2019-09-18 17:38:13,143 [pool-27-thread-1] INFO  server.RaftServerConfigKeys (ConfUtils.java:logGet(43)) - raft.server.log.purge.gap = 1000000 (custom)
2019-09-18 17:38:13,143 [pool-38-thread-1] INFO  server.RaftServerConfigKeys (ConfUtils.java:logGet(43)) - raft.server.log.use.memory = false (default)
2019-09-18 17:38:13,144 [pool-27-thread-1] INFO  server.RaftServerConfigKeys (ConfUtils.java:logGet(43)) - raft.server.log.appender.buffer.byte-limit = 33554432 (custom)
2019-09-18 17:38:13,144 [pool-49-thread-1] INFO  server.RaftServerConfigKeys (ConfUtils.java:logGet(43)) - raft.server.log.use.memory = false (default)
2019-09-18 17:38:13,144 [pool-27-thread-1] INFO  server.RaftServerConfigKeys (ConfUtils.java:logGet(43)) - raft.server.log.segment.size.max = 1048576 (custom)
2019-09-18 17:38:13,144 [pool-38-thread-1] INFO  server.RaftServerConfigKeys (ConfUtils.java:logGet(43)) - raft.server.log.purge.gap = 1000000 (custom)
2019-09-18 17:38:13,144 [pool-27-thread-1] INFO  server.RaftServerConfigKeys (ConfUtils.java:logGet(43)) - raft.server.log.segment.cache.num.max = 2 (custom)
2019-09-18 17:38:13,144 [pool-49-thread-1] INFO  server.RaftServerConfigKeys (ConfUtils.java:logGet(43)) - raft.server.log.purge.gap = 1000000 (custom)
2019-09-18 17:38:13,144 [pool-27-thread-1] INFO  segmented.SegmentedRaftLogWorker (SegmentedRaftLogWorker.java:<init>(172)) - new 0231394f-1583-4251-b485-7c6cd8c14518-SegmentedRaftLogWorker:Storage Directory /workdir/hadoop-ozone/integration-test/target/test-dir/MiniOzoneClusterImpl-d4c0e880-bf62-4364-84d9-05af48d348b5/datanode-0/data/ratis/bd5ac8e3-3d0e-4805-831e-167ffb37bdfb for RaftStorage:Storage Directory /workdir/hadoop-ozone/integration-test/target/test-dir/MiniOzoneClusterImpl-d4c0e880-bf62-4364-84d9-05af48d348b5/datanode-0/data/ratis/bd5ac8e3-3d0e-4805-831e-167ffb37bdfb
2019-09-18 17:38:13,144 [pool-38-thread-1] INFO  server.RaftServerConfigKeys (ConfUtils.java:logGet(43)) - raft.server.log.appender.buffer.byte-limit = 33554432 (custom)
2019-09-18 17:38:13,145 [pool-27-thread-1] INFO  server.RaftServerConfigKeys (ConfUtils.java:logGet(43)) - raft.server.log.queue.byte-limit = 2147483647 (custom)
2019-09-18 17:38:13,145 [pool-49-thread-1] INFO  server.RaftServerConfigKeys (ConfUtils.java:logGet(43)) - raft.server.log.appender.buffer.byte-limit = 33554432 (custom)
2019-09-18 17:38:13,147 [pool-27-thread-1] INFO  server.RaftServerConfigKeys (ConfUtils.java:logGet(43)) - raft.server.log.queue.element-limit = 1024 (custom)
2019-09-18 17:38:13,147 [pool-49-thread-1] INFO  server.RaftServerConfigKeys (ConfUtils.java:logGet(43)) - raft.server.log.segment.size.max = 1048576 (custom)
2019-09-18 17:38:13,145 [pool-38-thread-1] INFO  server.RaftServerConfigKeys (ConfUtils.java:logGet(43)) - raft.server.log.segment.size.max = 1048576 (custom)
2019-09-18 17:38:13,148 [pool-49-thread-1] INFO  server.RaftServerConfigKeys (ConfUtils.java:logGet(43)) - raft.server.log.segment.cache.num.max = 2 (custom)
2019-09-18 17:38:13,147 [pool-27-thread-1] INFO  server.RaftServerConfigKeys (ConfUtils.java:logGet(43)) - raft.server.log.segment.size.max = 1048576 (custom)
2019-09-18 17:38:13,149 [pool-49-thread-1] INFO  segmented.SegmentedRaftLogWorker (SegmentedRaftLogWorker.java:<init>(172)) - new b060b580-934b-4ec4-8651-f1de05b70c64-SegmentedRaftLogWorker:Storage Directory /workdir/hadoop-ozone/integration-test/target/test-dir/MiniOzoneClusterImpl-d4c0e880-bf62-4364-84d9-05af48d348b5/datanode-2/data/ratis/bd5ac8e3-3d0e-4805-831e-167ffb37bdfb for RaftStorage:Storage Directory /workdir/hadoop-ozone/integration-test/target/test-dir/MiniOzoneClusterImpl-d4c0e880-bf62-4364-84d9-05af48d348b5/datanode-2/data/ratis/bd5ac8e3-3d0e-4805-831e-167ffb37bdfb
2019-09-18 17:38:13,149 [pool-38-thread-1] INFO  server.RaftServerConfigKeys (ConfUtils.java:logGet(43)) - raft.server.log.segment.cache.num.max = 2 (custom)
2019-09-18 17:38:13,149 | INFO  | SCMAudit | user=jenkins1000 | ip=192.168.5.185 | op=SEND_HEARTBEAT {datanodeUUID=9a8bbcb0-374a-4c81-ac50-592e91a540a5, command=[]} | ret=SUCCESS |  
2019-09-18 17:38:13,149 [pool-49-thread-1] INFO  server.RaftServerConfigKeys (ConfUtils.java:logGet(43)) - raft.server.log.queue.byte-limit = 2147483647 (custom)
2019-09-18 17:38:13,149 [pool-27-thread-1] INFO  server.RaftServerConfigKeys (ConfUtils.java:logGet(43)) - raft.server.log.preallocated.size = 16384 (custom)
2019-09-18 17:38:13,151 [pool-49-thread-1] INFO  server.RaftServerConfigKeys (ConfUtils.java:logGet(43)) - raft.server.log.queue.element-limit = 1024 (custom)
2019-09-18 17:38:13,149 [pool-38-thread-1] INFO  segmented.SegmentedRaftLogWorker (SegmentedRaftLogWorker.java:<init>(172)) - new 9a8bbcb0-374a-4c81-ac50-592e91a540a5-SegmentedRaftLogWorker:Storage Directory /workdir/hadoop-ozone/integration-test/target/test-dir/MiniOzoneClusterImpl-d4c0e880-bf62-4364-84d9-05af48d348b5/datanode-1/data/ratis/bd5ac8e3-3d0e-4805-831e-167ffb37bdfb for RaftStorage:Storage Directory /workdir/hadoop-ozone/integration-test/target/test-dir/MiniOzoneClusterImpl-d4c0e880-bf62-4364-84d9-05af48d348b5/datanode-1/data/ratis/bd5ac8e3-3d0e-4805-831e-167ffb37bdfb
2019-09-18 17:38:13,151 [pool-49-thread-1] INFO  server.RaftServerConfigKeys (ConfUtils.java:logGet(43)) - raft.server.log.segment.size.max = 1048576 (custom)
2019-09-18 17:38:13,151 [pool-27-thread-1] INFO  server.RaftServerConfigKeys (ConfUtils.java:logGet(43)) - raft.server.log.write.buffer.size = 33554432 (custom)
2019-09-18 17:38:13,152 [pool-49-thread-1] INFO  server.RaftServerConfigKeys (ConfUtils.java:logGet(43)) - raft.server.log.preallocated.size = 16384 (custom)
2019-09-18 17:38:13,151 [pool-38-thread-1] INFO  server.RaftServerConfigKeys (ConfUtils.java:logGet(43)) - raft.server.log.queue.byte-limit = 2147483647 (custom)
2019-09-18 17:38:13,152 [pool-49-thread-1] INFO  server.RaftServerConfigKeys (ConfUtils.java:logGet(43)) - raft.server.log.write.buffer.size = 33554432 (custom)
2019-09-18 17:38:13,152 [pool-27-thread-1] INFO  server.RaftServerConfigKeys (ConfUtils.java:logGet(43)) - raft.server.log.force.sync.num = 128 (default)
2019-09-18 17:38:13,152 [pool-49-thread-1] INFO  server.RaftServerConfigKeys (ConfUtils.java:logGet(43)) - raft.server.log.force.sync.num = 128 (default)
2019-09-18 17:38:13,152 [pool-38-thread-1] INFO  server.RaftServerConfigKeys (ConfUtils.java:logGet(43)) - raft.server.log.queue.element-limit = 1024 (custom)
2019-09-18 17:38:13,153 [pool-49-thread-1] INFO  server.RaftServerConfigKeys (ConfUtils.java:logGet(43)) - raft.server.log.statemachine.data.sync = true (default)
2019-09-18 17:38:13,153 [pool-27-thread-1] INFO  server.RaftServerConfigKeys (ConfUtils.java:logGet(43)) - raft.server.log.statemachine.data.sync = true (default)
2019-09-18 17:38:13,153 [pool-49-thread-1] INFO  server.RaftServerConfigKeys (ConfUtils.java:logGet(43)) - raft.server.log.statemachine.data.sync.timeout = 10s (default)
2019-09-18 17:38:13,153 [pool-38-thread-1] INFO  server.RaftServerConfigKeys (ConfUtils.java:logGet(43)) - raft.server.log.segment.size.max = 1048576 (custom)
2019-09-18 17:38:13,153 [pool-49-thread-1] INFO  server.RaftServerConfigKeys (ConfUtils.java:logGet(43)) - raft.server.log.statemachine.data.sync.timeout.retry = -1 (default)
2019-09-18 17:38:13,153 [pool-27-thread-1] INFO  server.RaftServerConfigKeys (ConfUtils.java:logGet(43)) - raft.server.log.statemachine.data.sync.timeout = 10s (default)
2019-09-18 17:38:13,153 [pool-49-thread-1] INFO  server.RaftServerConfigKeys (ConfUtils.java:logGet(43)) - raft.server.log.statemachine.data.caching.enabled = true (custom)
2019-09-18 17:38:13,153 [pool-38-thread-1] INFO  server.RaftServerConfigKeys (ConfUtils.java:logGet(43)) - raft.server.log.preallocated.size = 16384 (custom)
2019-09-18 17:38:13,154 [pool-27-thread-1] INFO  server.RaftServerConfigKeys (ConfUtils.java:logGet(43)) - raft.server.log.statemachine.data.sync.timeout.retry = -1 (default)
2019-09-18 17:38:13,154 [pool-49-thread-1] INFO  segmented.SegmentedRaftLogWorker (SegmentedRaftLogWorker.java:lambda$new$0(132)) - b060b580-934b-4ec4-8651-f1de05b70c64-SegmentedRaftLogWorker:Storage Directory /workdir/hadoop-ozone/integration-test/target/test-dir/MiniOzoneClusterImpl-d4c0e880-bf62-4364-84d9-05af48d348b5/datanode-2/data/ratis/bd5ac8e3-3d0e-4805-831e-167ffb37bdfb: flushIndex: setUnconditionally 0 -> -1
2019-09-18 17:38:13,154 [pool-38-thread-1] INFO  server.RaftServerConfigKeys (ConfUtils.java:logGet(43)) - raft.server.log.write.buffer.size = 33554432 (custom)
2019-09-18 17:38:13,154 [pool-27-thread-1] INFO  server.RaftServerConfigKeys (ConfUtils.java:logGet(43)) - raft.server.log.statemachine.data.caching.enabled = true (custom)
2019-09-18 17:38:13,154 [pool-49-thread-1] INFO  server.RaftServerConfigKeys (ConfUtils.java:logGet(43)) - raft.server.snapshot.auto.trigger.enabled = true (custom)
2019-09-18 17:38:13,154 [pool-38-thread-1] INFO  server.RaftServerConfigKeys (ConfUtils.java:logGet(43)) - raft.server.log.force.sync.num = 128 (default)
2019-09-18 17:38:13,154 [pool-27-thread-1] INFO  segmented.SegmentedRaftLogWorker (SegmentedRaftLogWorker.java:lambda$new$0(132)) - 0231394f-1583-4251-b485-7c6cd8c14518-SegmentedRaftLogWorker:Storage Directory /workdir/hadoop-ozone/integration-test/target/test-dir/MiniOzoneClusterImpl-d4c0e880-bf62-4364-84d9-05af48d348b5/datanode-0/data/ratis/bd5ac8e3-3d0e-4805-831e-167ffb37bdfb: flushIndex: setUnconditionally 0 -> -1
2019-09-18 17:38:13,154 [pool-49-thread-1] INFO  server.RaftServerConfigKeys (ConfUtils.java:logGet(43)) - raft.server.snapshot.auto.trigger.threshold = 10000 (custom)
2019-09-18 17:38:13,155 [pool-27-thread-1] INFO  server.RaftServerConfigKeys (ConfUtils.java:logGet(43)) - raft.server.snapshot.auto.trigger.enabled = true (custom)
2019-09-18 17:38:13,155 [pool-38-thread-1] INFO  server.RaftServerConfigKeys (ConfUtils.java:logGet(43)) - raft.server.log.statemachine.data.sync = true (default)
2019-09-18 17:38:13,155 [pool-27-thread-1] INFO  server.RaftServerConfigKeys (ConfUtils.java:logGet(43)) - raft.server.snapshot.auto.trigger.threshold = 10000 (custom)
2019-09-18 17:38:13,155 [pool-49-thread-1] INFO  server.RaftServerConfigKeys (ConfUtils.java:logGet(43)) - raft.server.retrycache.expirytime = 600000ms (custom)
2019-09-18 17:38:13,155 [pool-27-thread-1] INFO  server.RaftServerConfigKeys (ConfUtils.java:logGet(43)) - raft.server.retrycache.expirytime = 600000ms (custom)
2019-09-18 17:38:13,155 [pool-38-thread-1] INFO  server.RaftServerConfigKeys (ConfUtils.java:logGet(43)) - raft.server.log.statemachine.data.sync.timeout = 10s (default)
2019-09-18 17:38:13,155 [pool-27-thread-1] INFO  impl.RaftServerImpl (RaftServerImpl.java:start(180)) - 0231394f-1583-4251-b485-7c6cd8c14518: start group-167FFB37BDFB
2019-09-18 17:38:13,155 [pool-49-thread-1] INFO  impl.RaftServerImpl (RaftServerImpl.java:start(180)) - b060b580-934b-4ec4-8651-f1de05b70c64: start group-167FFB37BDFB
2019-09-18 17:38:13,156 [pool-27-thread-1] INFO  impl.RaftServerImpl (RaftServerImpl.java:setRole(171)) - 0231394f-1583-4251-b485-7c6cd8c14518:group-167FFB37BDFB changes role from null to FOLLOWER at term 0 for startAsFollower
2019-09-18 17:38:13,156 [pool-38-thread-1] INFO  server.RaftServerConfigKeys (ConfUtils.java:logGet(43)) - raft.server.log.statemachine.data.sync.timeout.retry = -1 (default)
2019-09-18 17:38:13,156 [pool-27-thread-1] INFO  impl.RoleInfo (RoleInfo.java:updateAndGet(143)) - 0231394f-1583-4251-b485-7c6cd8c14518: start FollowerState
2019-09-18 17:38:13,156 [pool-49-thread-1] INFO  impl.RaftServerImpl (RaftServerImpl.java:setRole(171)) - b060b580-934b-4ec4-8651-f1de05b70c64:group-167FFB37BDFB changes role from null to FOLLOWER at term 0 for startAsFollower
2019-09-18 17:38:13,156 [pool-38-thread-1] INFO  server.RaftServerConfigKeys (ConfUtils.java:logGet(43)) - raft.server.log.statemachine.data.caching.enabled = true (custom)
2019-09-18 17:38:13,156 [pool-49-thread-1] INFO  impl.RoleInfo (RoleInfo.java:updateAndGet(143)) - b060b580-934b-4ec4-8651-f1de05b70c64: start FollowerState
2019-09-18 17:38:13,156 [pool-27-thread-1] INFO  util.JmxRegister (JmxRegister.java:tryRegister(44)) - Successfully registered JMX Bean with object name Ratis:service=RaftServer,group=group-167FFB37BDFB,id=0231394f-1583-4251-b485-7c6cd8c14518
2019-09-18 17:38:13,157 [pool-38-thread-1] INFO  segmented.SegmentedRaftLogWorker (SegmentedRaftLogWorker.java:lambda$new$0(132)) - 9a8bbcb0-374a-4c81-ac50-592e91a540a5-SegmentedRaftLogWorker:Storage Directory /workdir/hadoop-ozone/integration-test/target/test-dir/MiniOzoneClusterImpl-d4c0e880-bf62-4364-84d9-05af48d348b5/datanode-1/data/ratis/bd5ac8e3-3d0e-4805-831e-167ffb37bdfb: flushIndex: setUnconditionally 0 -> -1
2019-09-18 17:38:13,157 [pool-49-thread-1] INFO  util.JmxRegister (JmxRegister.java:tryRegister(44)) - Successfully registered JMX Bean with object name Ratis:service=RaftServer,group=group-167FFB37BDFB,id=b060b580-934b-4ec4-8651-f1de05b70c64
2019-09-18 17:38:13,157 [pool-38-thread-1] INFO  server.RaftServerConfigKeys (ConfUtils.java:logGet(43)) - raft.server.snapshot.auto.trigger.enabled = true (custom)
2019-09-18 17:38:13,157 [pool-38-thread-1] INFO  server.RaftServerConfigKeys (ConfUtils.java:logGet(43)) - raft.server.snapshot.auto.trigger.threshold = 10000 (custom)
2019-09-18 17:38:13,157 [pool-38-thread-1] INFO  server.RaftServerConfigKeys (ConfUtils.java:logGet(43)) - raft.server.retrycache.expirytime = 600000ms (custom)
2019-09-18 17:38:13,157 [pool-38-thread-1] INFO  impl.RaftServerImpl (RaftServerImpl.java:start(180)) - 9a8bbcb0-374a-4c81-ac50-592e91a540a5: start group-167FFB37BDFB
2019-09-18 17:38:13,158 [pool-38-thread-1] INFO  impl.RaftServerImpl (RaftServerImpl.java:setRole(171)) - 9a8bbcb0-374a-4c81-ac50-592e91a540a5:group-167FFB37BDFB changes role from null to FOLLOWER at term 0 for startAsFollower
2019-09-18 17:38:13,158 [pool-38-thread-1] INFO  impl.RoleInfo (RoleInfo.java:updateAndGet(143)) - 9a8bbcb0-374a-4c81-ac50-592e91a540a5: start FollowerState
2019-09-18 17:38:13,160 [pool-38-thread-1] INFO  util.JmxRegister (JmxRegister.java:tryRegister(44)) - Successfully registered JMX Bean with object name Ratis:service=RaftServer,group=group-167FFB37BDFB,id=9a8bbcb0-374a-4c81-ac50-592e91a540a5
2019-09-18 17:38:13,171 [Command processor thread] INFO  commandhandler.CreatePipelineCommandHandler (CreatePipelineCommandHandler.java:handle(112)) - Create Pipeline RATIS THREE #PipelineID=bd5ac8e3-3d0e-4805-831e-167ffb37bdfb command succeed on datanode 0231394f-1583-4251-b485-7c6cd8c14518.
2019-09-18 17:38:13,173 [Command processor thread] INFO  commandhandler.CreatePipelineCommandHandler (CreatePipelineCommandHandler.java:handle(112)) - Create Pipeline RATIS THREE #PipelineID=bd5ac8e3-3d0e-4805-831e-167ffb37bdfb command succeed on datanode b060b580-934b-4ec4-8651-f1de05b70c64.
2019-09-18 17:38:13,175 [Command processor thread] INFO  commandhandler.CreatePipelineCommandHandler (CreatePipelineCommandHandler.java:handle(112)) - Create Pipeline RATIS THREE #PipelineID=bd5ac8e3-3d0e-4805-831e-167ffb37bdfb command succeed on datanode 9a8bbcb0-374a-4c81-ac50-592e91a540a5.
2019-09-18 17:38:13,519 [main] INFO  ozone.MiniOzoneClusterImpl (MiniOzoneClusterImpl.java:lambda$waitForClusterToBeReady$0(145)) - Nodes are ready. Got 3 of 3 DN Heartbeats.
2019-09-18 17:38:13,520 [main] INFO  ozone.MiniOzoneClusterImpl (MiniOzoneClusterImpl.java:lambda$waitForClusterToBeReady$0(148)) - Waiting for cluster to exit safe mode
2019-09-18 17:38:13,522 | INFO  | SCMAudit | user=jenkins1000 | ip=192.168.5.185 | op=SEND_HEARTBEAT {datanodeUUID=b060b580-934b-4ec4-8651-f1de05b70c64, command=[]} | ret=SUCCESS |  
2019-09-18 17:38:13,891 | INFO  | SCMAudit | user=jenkins1000 | ip=192.168.5.185 | op=SEND_HEARTBEAT {datanodeUUID=0231394f-1583-4251-b485-7c6cd8c14518, command=[]} | ret=SUCCESS |  
2019-09-18 17:38:14,156 | INFO  | SCMAudit | user=jenkins1000 | ip=192.168.5.185 | op=SEND_HEARTBEAT {datanodeUUID=9a8bbcb0-374a-4c81-ac50-592e91a540a5, command=[]} | ret=SUCCESS |  
2019-09-18 17:38:14,158 [EventQueue-CreatePipelineStatusForSCMPipelineManager] INFO  pipeline.SCMPipelineManager (SCMPipelineManager.java:onMessage(469)) - receive pipeline PipelineID=625b4fb0-d3f1-423c-8781-1c4d1b725638 create status EXECUTED
2019-09-18 17:38:14,159 [EventQueue-CreatePipelineStatusForSCMPipelineManager] INFO  pipeline.PipelineStateManager (PipelineStateManager.java:openPipeline(134)) - Pipeline Pipeline[ Id: 625b4fb0-d3f1-423c-8781-1c4d1b725638, Nodes: 9a8bbcb0-374a-4c81-ac50-592e91a540a5{ip: 192.168.5.185, host: pr-hdds-2034-lb7qt-2171347232, networkLocation: /default-rack, certSerialId: null}, Type:RATIS, Factor:ONE, State:ALLOCATED] moved to OPEN state
add pipeline PipelineID=625b4fb0-d3f1-423c-8781-1c4d1b725638 to metrics map
2019-09-18 17:38:14,160 [EventQueue-NewOpenPipelineForHealthyPipelineSafeModeRule] INFO  safemode.SCMSafeModeManager (HealthyPipelineSafeModeRule.java:process(120)) - SCM in safe mode. Healthy pipelines reported count is 1, required healthy pipeline reported count is 1
2019-09-18 17:38:14,160 [EventQueue-NewOpenPipelineForHealthyPipelineSafeModeRule] INFO  safemode.SCMSafeModeManager (SCMSafeModeManager.java:validateSafeModeExitRules(177)) - ScmSafeModeManager, all rules are successfully validated
2019-09-18 17:38:14,160 [EventQueue-NewOpenPipelineForHealthyPipelineSafeModeRule] INFO  safemode.SCMSafeModeManager (SCMSafeModeManager.java:exitSafeMode(193)) - SCM exiting safe mode.
2019-09-18 17:38:14,521 | INFO  | SCMAudit | user=jenkins1000 | ip=192.168.5.185 | op=SEND_HEARTBEAT {datanodeUUID=b060b580-934b-4ec4-8651-f1de05b70c64, command=[]} | ret=SUCCESS |  
2019-09-18 17:38:14,521 [main] INFO  ozone.MiniOzoneClusterImpl (MiniOzoneClusterImpl.java:lambda$waitForClusterToBeReady$0(145)) - Nodes are ready. Got 3 of 3 DN Heartbeats.
2019-09-18 17:38:14,521 [EventQueue-CreatePipelineStatusForSCMPipelineManager] INFO  pipeline.SCMPipelineManager (SCMPipelineManager.java:onMessage(469)) - receive pipeline PipelineID=e38a5a79-d138-41fd-823a-8c7f5062e589 create status EXECUTED
2019-09-18 17:38:14,521 [main] INFO  ozone.MiniOzoneClusterImpl (MiniOzoneClusterImpl.java:lambda$waitForClusterToBeReady$0(148)) - Cluster exits safe mode
2019-09-18 17:38:14,522 [EventQueue-CreatePipelineStatusForSCMPipelineManager] INFO  pipeline.PipelineStateManager (PipelineStateManager.java:openPipeline(134)) - Pipeline Pipeline[ Id: e38a5a79-d138-41fd-823a-8c7f5062e589, Nodes: b060b580-934b-4ec4-8651-f1de05b70c64{ip: 192.168.5.185, host: pr-hdds-2034-lb7qt-2171347232, networkLocation: /default-rack, certSerialId: null}, Type:RATIS, Factor:ONE, State:ALLOCATED] moved to OPEN state
add pipeline PipelineID=e38a5a79-d138-41fd-823a-8c7f5062e589 to metrics map
2019-09-18 17:38:14,522 [EventQueue-CreatePipelineStatusForSCMPipelineManager] INFO  pipeline.SCMPipelineManager (SCMPipelineManager.java:onMessage(469)) - receive pipeline PipelineID=bd5ac8e3-3d0e-4805-831e-167ffb37bdfb create status EXECUTED
2019-09-18 17:38:14,523 [EventQueue-CreatePipelineStatusForSCMPipelineManager] INFO  pipeline.PipelineStateManager (PipelineStateManager.java:openPipeline(134)) - Pipeline Pipeline[ Id: bd5ac8e3-3d0e-4805-831e-167ffb37bdfb, Nodes: b060b580-934b-4ec4-8651-f1de05b70c64{ip: 192.168.5.185, host: pr-hdds-2034-lb7qt-2171347232, networkLocation: /default-rack, certSerialId: null}0231394f-1583-4251-b485-7c6cd8c14518{ip: 192.168.5.185, host: pr-hdds-2034-lb7qt-2171347232, networkLocation: /default-rack, certSerialId: null}9a8bbcb0-374a-4c81-ac50-592e91a540a5{ip: 192.168.5.185, host: pr-hdds-2034-lb7qt-2171347232, networkLocation: /default-rack, certSerialId: null}, Type:RATIS, Factor:THREE, State:ALLOCATED] moved to OPEN state
add pipeline PipelineID=bd5ac8e3-3d0e-4805-831e-167ffb37bdfb to metrics map
2019-09-18 17:38:14,546 [main] ERROR pipeline.PipelineActionHandler (PipelineActionHandler.java:onMessage(60)) - Received pipeline action CLOSE for Pipeline[ Id: bd5ac8e3-3d0e-4805-831e-167ffb37bdfb, Nodes: b060b580-934b-4ec4-8651-f1de05b70c64{ip: 192.168.5.185, host: pr-hdds-2034-lb7qt-2171347232, networkLocation: /default-rack, certSerialId: null}0231394f-1583-4251-b485-7c6cd8c14518{ip: 192.168.5.185, host: pr-hdds-2034-lb7qt-2171347232, networkLocation: /default-rack, certSerialId: null}9a8bbcb0-374a-4c81-ac50-592e91a540a5{ip: 192.168.5.185, host: pr-hdds-2034-lb7qt-2171347232, networkLocation: /default-rack, certSerialId: null}, Type:RATIS, Factor:THREE, State:OPEN] from datanode b060b580-934b-4ec4-8651-f1de05b70c64{ip: 192.168.5.185, host: pr-hdds-2034-lb7qt-2171347232, networkLocation: /default-rack, certSerialId: null}. Reason : 
2019-09-18 17:38:14,546 [main] INFO  pipeline.SCMPipelineManager (SCMPipelineManager.java:finalizeAndDestroyPipeline(336)) - destroying pipeline:Pipeline[ Id: bd5ac8e3-3d0e-4805-831e-167ffb37bdfb, Nodes: b060b580-934b-4ec4-8651-f1de05b70c64{ip: 192.168.5.185, host: pr-hdds-2034-lb7qt-2171347232, networkLocation: /default-rack, certSerialId: null}0231394f-1583-4251-b485-7c6cd8c14518{ip: 192.168.5.185, host: pr-hdds-2034-lb7qt-2171347232, networkLocation: /default-rack, certSerialId: null}9a8bbcb0-374a-4c81-ac50-592e91a540a5{ip: 192.168.5.185, host: pr-hdds-2034-lb7qt-2171347232, networkLocation: /default-rack, certSerialId: null}, Type:RATIS, Factor:THREE, State:OPEN]
2019-09-18 17:38:14,547 [main] INFO  pipeline.PipelineStateManager (PipelineStateManager.java:finalizePipeline(123)) - Pipeline Pipeline[ Id: bd5ac8e3-3d0e-4805-831e-167ffb37bdfb, Nodes: b060b580-934b-4ec4-8651-f1de05b70c64{ip: 192.168.5.185, host: pr-hdds-2034-lb7qt-2171347232, networkLocation: /default-rack, certSerialId: null}0231394f-1583-4251-b485-7c6cd8c14518{ip: 192.168.5.185, host: pr-hdds-2034-lb7qt-2171347232, networkLocation: /default-rack, certSerialId: null}9a8bbcb0-374a-4c81-ac50-592e91a540a5{ip: 192.168.5.185, host: pr-hdds-2034-lb7qt-2171347232, networkLocation: /default-rack, certSerialId: null}, Type:RATIS, Factor:THREE, State:CLOSED] moved to CLOSED state
2019-09-18 17:38:14,547 [EventQueue-CloseContainerForCloseContainerEventHandler] INFO  container.CloseContainerEventHandler (CloseContainerEventHandler.java:onMessage(61)) - Close container Event triggered for container : #1
2019-09-18 17:38:14,892 [EventQueue-CreatePipelineStatusForSCMPipelineManager] INFO  pipeline.SCMPipelineManager (SCMPipelineManager.java:onMessage(469)) - receive pipeline PipelineID=305dd8dc-84f4-44e5-9cf8-38eb8f6c9d8d create status EXECUTED
2019-09-18 17:38:14,895 [EventQueue-CreatePipelineStatusForSCMPipelineManager] INFO  pipeline.PipelineStateManager (PipelineStateManager.java:openPipeline(134)) - Pipeline Pipeline[ Id: 305dd8dc-84f4-44e5-9cf8-38eb8f6c9d8d, Nodes: 0231394f-1583-4251-b485-7c6cd8c14518{ip: 192.168.5.185, host: pr-hdds-2034-lb7qt-2171347232, networkLocation: /default-rack, certSerialId: null}, Type:RATIS, Factor:ONE, State:ALLOCATED] moved to OPEN state
add pipeline PipelineID=305dd8dc-84f4-44e5-9cf8-38eb8f6c9d8d to metrics map
2019-09-18 17:38:14,895 [EventQueue-CreatePipelineStatusForSCMPipelineManager] INFO  pipeline.SCMPipelineManager (SCMPipelineManager.java:onMessage(469)) - receive pipeline PipelineID=bd5ac8e3-3d0e-4805-831e-167ffb37bdfb create status EXECUTED
2019-09-18 17:38:14,896 | INFO  | SCMAudit | user=jenkins1000 | ip=192.168.5.185 | op=SEND_HEARTBEAT {datanodeUUID=0231394f-1583-4251-b485-7c6cd8c14518, command=[commandType: closeContainerCommand closeContainerCommandProto { containerID: 1 pipelineID { id: "bd5ac8e3-3d0e-4805-831e-167ffb37bdfb" } cmdId: 1 force: false } ]} | ret=SUCCESS |  
2019-09-18 17:38:15,157 | INFO  | SCMAudit | user=jenkins1000 | ip=192.168.5.185 | op=SEND_HEARTBEAT {datanodeUUID=9a8bbcb0-374a-4c81-ac50-592e91a540a5, command=[commandType: closeContainerCommand closeContainerCommandProto { containerID: 1 pipelineID { id: "bd5ac8e3-3d0e-4805-831e-167ffb37bdfb" } cmdId: 1 force: false } ]} | ret=SUCCESS |  
2019-09-18 17:38:15,157 [EventQueue-CreatePipelineStatusForSCMPipelineManager] INFO  pipeline.SCMPipelineManager (SCMPipelineManager.java:onMessage(469)) - receive pipeline PipelineID=bd5ac8e3-3d0e-4805-831e-167ffb37bdfb create status EXECUTED
2019-09-18 17:38:15,158 [EventQueue-CreatePipelineStatusForSCMPipelineManager] WARN  pipeline.SCMPipelineManager (SCMPipelineManager.java:onMessage(499)) - Fail to open Pipeline PipelineID=bd5ac8e3-3d0e-4805-831e-167ffb37bdfb for Closed pipeline can not be opened
2019-09-18 17:38:15,522 | INFO  | SCMAudit | user=jenkins1000 | ip=192.168.5.185 | op=SEND_HEARTBEAT {datanodeUUID=b060b580-934b-4ec4-8651-f1de05b70c64, command=[commandType: closeContainerCommand closeContainerCommandProto { containerID: 1 pipelineID { id: "bd5ac8e3-3d0e-4805-831e-167ffb37bdfb" } cmdId: 1 force: false } ]} | ret=SUCCESS |  
2019-09-18 17:38:15,891 | INFO  | SCMAudit | user=jenkins1000 | ip=192.168.5.185 | op=SEND_HEARTBEAT {datanodeUUID=0231394f-1583-4251-b485-7c6cd8c14518, command=[]} | ret=SUCCESS |  
2019-09-18 17:38:16,149 | INFO  | SCMAudit | user=jenkins1000 | ip=192.168.5.185 | op=SEND_HEARTBEAT {datanodeUUID=9a8bbcb0-374a-4c81-ac50-592e91a540a5, command=[]} | ret=SUCCESS |  
2019-09-18 17:38:16,518 [Command processor thread] ERROR commandhandler.CloseContainerCommandHandler (CloseContainerCommandHandler.java:handle(84)) - Container #1 does not exist in datanode. Container close failed.
2019-09-18 17:38:16,522 | INFO  | SCMAudit | user=jenkins1000 | ip=192.168.5.185 | op=SEND_HEARTBEAT {datanodeUUID=b060b580-934b-4ec4-8651-f1de05b70c64, command=[]} | ret=SUCCESS |  
2019-09-18 17:38:16,888 [Command processor thread] ERROR commandhandler.CloseContainerCommandHandler (CloseContainerCommandHandler.java:handle(84)) - Container #1 does not exist in datanode. Container close failed.
2019-09-18 17:38:16,892 | INFO  | SCMAudit | user=jenkins1000 | ip=192.168.5.185 | op=SEND_HEARTBEAT {datanodeUUID=0231394f-1583-4251-b485-7c6cd8c14518, command=[]} | ret=SUCCESS |  
2019-09-18 17:38:17,146 [Command processor thread] ERROR commandhandler.CloseContainerCommandHandler (CloseContainerCommandHandler.java:handle(84)) - Container #1 does not exist in datanode. Container close failed.
2019-09-18 17:38:17,150 | INFO  | SCMAudit | user=jenkins1000 | ip=192.168.5.185 | op=SEND_HEARTBEAT {datanodeUUID=9a8bbcb0-374a-4c81-ac50-592e91a540a5, command=[]} | ret=SUCCESS |  
2019-09-18 17:38:17,161 [Thread-200] INFO  container.ReplicationManager (ReplicationManager.java:start(151)) - Starting Replication Monitor Thread.
2019-09-18 17:38:17,174 [ReplicationMonitor] INFO  container.ReplicationManager (ReplicationManager.java:run(214)) - Replication Monitor Thread took 11 milliseconds for processing 1 containers.
2019-09-18 17:38:17,521 | INFO  | SCMAudit | user=jenkins1000 | ip=192.168.5.185 | op=SEND_HEARTBEAT {datanodeUUID=b060b580-934b-4ec4-8651-f1de05b70c64, command=[]} | ret=SUCCESS |  
2019-09-18 17:38:17,894 | INFO  | SCMAudit | user=jenkins1000 | ip=192.168.5.185 | op=SEND_HEARTBEAT {datanodeUUID=0231394f-1583-4251-b485-7c6cd8c14518, command=[]} | ret=SUCCESS |  
2019-09-18 17:38:18,007 [Thread-181] INFO  impl.FollowerState (FollowerState.java:run(106)) - b060b580-934b-4ec4-8651-f1de05b70c64:group-8C7F5062E589 changes to CANDIDATE, lastRpcTime:5016, electionTimeout:5014ms
2019-09-18 17:38:18,008 [Thread-181] INFO  impl.RoleInfo (RoleInfo.java:shutdownFollowerState(121)) - b060b580-934b-4ec4-8651-f1de05b70c64: shutdown FollowerState
2019-09-18 17:38:18,008 [Thread-181] INFO  impl.RaftServerImpl (RaftServerImpl.java:setRole(171)) - b060b580-934b-4ec4-8651-f1de05b70c64:group-8C7F5062E589 changes role from FOLLOWER to CANDIDATE at term 0 for changeToCandidate
2019-09-18 17:38:18,012 [Thread-181] INFO  impl.RoleInfo (RoleInfo.java:updateAndGet(143)) - b060b580-934b-4ec4-8651-f1de05b70c64: start LeaderElection
2019-09-18 17:38:18,031 [Thread-180] INFO  impl.FollowerState (FollowerState.java:run(106)) - 9a8bbcb0-374a-4c81-ac50-592e91a540a5:group-1C4D1B725638 changes to CANDIDATE, lastRpcTime:5039, electionTimeout:5038ms
2019-09-18 17:38:18,032 [Thread-180] INFO  impl.RoleInfo (RoleInfo.java:shutdownFollowerState(121)) - 9a8bbcb0-374a-4c81-ac50-592e91a540a5: shutdown FollowerState
2019-09-18 17:38:18,032 [Thread-180] INFO  impl.RaftServerImpl (RaftServerImpl.java:setRole(171)) - 9a8bbcb0-374a-4c81-ac50-592e91a540a5:group-1C4D1B725638 changes role from FOLLOWER to CANDIDATE at term 0 for changeToCandidate
2019-09-18 17:38:18,032 [Thread-180] INFO  impl.RoleInfo (RoleInfo.java:updateAndGet(143)) - 9a8bbcb0-374a-4c81-ac50-592e91a540a5: start LeaderElection
2019-09-18 17:38:18,038 [b060b580-934b-4ec4-8651-f1de05b70c64:group-8C7F5062E589:LeaderElection1] INFO  impl.LeaderElection (LeaderElection.java:askForVotes(181)) - b060b580-934b-4ec4-8651-f1de05b70c64:group-8C7F5062E589:LeaderElection1: begin an election at term 1 for -1: [b060b580-934b-4ec4-8651-f1de05b70c64:192.168.5.185:45486], old=null
2019-09-18 17:38:18,040 [b060b580-934b-4ec4-8651-f1de05b70c64:group-8C7F5062E589:LeaderElection1] INFO  impl.RoleInfo (RoleInfo.java:shutdownLeaderElection(134)) - b060b580-934b-4ec4-8651-f1de05b70c64: shutdown LeaderElection
2019-09-18 17:38:18,040 [b060b580-934b-4ec4-8651-f1de05b70c64:group-8C7F5062E589:LeaderElection1] INFO  impl.RaftServerImpl (RaftServerImpl.java:setRole(171)) - b060b580-934b-4ec4-8651-f1de05b70c64:group-8C7F5062E589 changes role from CANDIDATE to LEADER at term 1 for changeToLeader
2019-09-18 17:38:18,041 [b060b580-934b-4ec4-8651-f1de05b70c64:group-8C7F5062E589:LeaderElection1] INFO  impl.RaftServerImpl (ServerState.java:setLeader(263)) - b060b580-934b-4ec4-8651-f1de05b70c64:group-8C7F5062E589 change Leader from null to b060b580-934b-4ec4-8651-f1de05b70c64 at term 1 for becomeLeader, leader elected after 5161ms
2019-09-18 17:38:18,046 [b060b580-934b-4ec4-8651-f1de05b70c64:group-8C7F5062E589:LeaderElection1] INFO  server.RaftServerConfigKeys (ConfUtils.java:logGet(43)) - raft.server.staging.catchup.gap = 1000 (default)
2019-09-18 17:38:18,046 [b060b580-934b-4ec4-8651-f1de05b70c64:group-8C7F5062E589:LeaderElection1] INFO  server.RaftServerConfigKeys (ConfUtils.java:logGet(43)) - raft.server.rpc.sleep.time = 25ms (default)
2019-09-18 17:38:18,049 [b060b580-934b-4ec4-8651-f1de05b70c64:group-8C7F5062E589:LeaderElection1] INFO  server.RaftServerConfigKeys (ConfUtils.java:logGet(43)) - raft.server.write.element-limit = 4096 (default)
2019-09-18 17:38:18,051 [b060b580-934b-4ec4-8651-f1de05b70c64:group-8C7F5062E589:LeaderElection1] INFO  server.RaftServerConfigKeys (ConfUtils.java:logGet(43)) - raft.server.watch.timeout = 10s (default)
2019-09-18 17:38:18,051 [b060b580-934b-4ec4-8651-f1de05b70c64:group-8C7F5062E589:LeaderElection1] INFO  server.RaftServerConfigKeys (ConfUtils.java:logGet(43)) - raft.server.watch.timeout.denomination = 1s (default)
2019-09-18 17:38:18,052 [b060b580-934b-4ec4-8651-f1de05b70c64:group-8C7F5062E589:LeaderElection1] INFO  server.RaftServerConfigKeys (ConfUtils.java:logGet(43)) - raft.server.watch.element-limit = 65536 (default)
2019-09-18 17:38:18,053 [9a8bbcb0-374a-4c81-ac50-592e91a540a5:group-1C4D1B725638:LeaderElection2] INFO  impl.LeaderElection (LeaderElection.java:askForVotes(181)) - 9a8bbcb0-374a-4c81-ac50-592e91a540a5:group-1C4D1B725638:LeaderElection2: begin an election at term 1 for -1: [9a8bbcb0-374a-4c81-ac50-592e91a540a5:192.168.5.185:34448], old=null
2019-09-18 17:38:18,054 [9a8bbcb0-374a-4c81-ac50-592e91a540a5:group-1C4D1B725638:LeaderElection2] INFO  impl.RoleInfo (RoleInfo.java:shutdownLeaderElection(134)) - 9a8bbcb0-374a-4c81-ac50-592e91a540a5: shutdown LeaderElection
2019-09-18 17:38:18,054 [9a8bbcb0-374a-4c81-ac50-592e91a540a5:group-1C4D1B725638:LeaderElection2] INFO  impl.RaftServerImpl (RaftServerImpl.java:setRole(171)) - 9a8bbcb0-374a-4c81-ac50-592e91a540a5:group-1C4D1B725638 changes role from CANDIDATE to LEADER at term 1 for changeToLeader
2019-09-18 17:38:18,055 [9a8bbcb0-374a-4c81-ac50-592e91a540a5:group-1C4D1B725638:LeaderElection2] INFO  impl.RaftServerImpl (ServerState.java:setLeader(263)) - 9a8bbcb0-374a-4c81-ac50-592e91a540a5:group-1C4D1B725638 change Leader from null to 9a8bbcb0-374a-4c81-ac50-592e91a540a5 at term 1 for becomeLeader, leader elected after 5175ms
2019-09-18 17:38:18,055 [9a8bbcb0-374a-4c81-ac50-592e91a540a5:group-1C4D1B725638:LeaderElection2] INFO  server.RaftServerConfigKeys (ConfUtils.java:logGet(43)) - raft.server.staging.catchup.gap = 1000 (default)
2019-09-18 17:38:18,055 [9a8bbcb0-374a-4c81-ac50-592e91a540a5:group-1C4D1B725638:LeaderElection2] INFO  server.RaftServerConfigKeys (ConfUtils.java:logGet(43)) - raft.server.rpc.sleep.time = 25ms (default)
2019-09-18 17:38:18,055 [9a8bbcb0-374a-4c81-ac50-592e91a540a5:group-1C4D1B725638:LeaderElection2] INFO  server.RaftServerConfigKeys (ConfUtils.java:logGet(43)) - raft.server.write.element-limit = 4096 (default)
2019-09-18 17:38:18,055 [9a8bbcb0-374a-4c81-ac50-592e91a540a5:group-1C4D1B725638:LeaderElection2] INFO  server.RaftServerConfigKeys (ConfUtils.java:logGet(43)) - raft.server.watch.timeout = 10s (default)
2019-09-18 17:38:18,056 [9a8bbcb0-374a-4c81-ac50-592e91a540a5:group-1C4D1B725638:LeaderElection2] INFO  server.RaftServerConfigKeys (ConfUtils.java:logGet(43)) - raft.server.watch.timeout.denomination = 1s (default)
2019-09-18 17:38:18,056 [9a8bbcb0-374a-4c81-ac50-592e91a540a5:group-1C4D1B725638:LeaderElection2] INFO  server.RaftServerConfigKeys (ConfUtils.java:logGet(43)) - raft.server.watch.element-limit = 65536 (default)
2019-09-18 17:38:18,064 [b060b580-934b-4ec4-8651-f1de05b70c64:group-8C7F5062E589:LeaderElection1] INFO  impl.RoleInfo (RoleInfo.java:updateAndGet(143)) - b060b580-934b-4ec4-8651-f1de05b70c64: start LeaderState
2019-09-18 17:38:18,064 [9a8bbcb0-374a-4c81-ac50-592e91a540a5:group-1C4D1B725638:LeaderElection2] INFO  impl.RoleInfo (RoleInfo.java:updateAndGet(143)) - 9a8bbcb0-374a-4c81-ac50-592e91a540a5: start LeaderState
2019-09-18 17:38:18,081 [b060b580-934b-4ec4-8651-f1de05b70c64:group-8C7F5062E589:LeaderElection1] INFO  segmented.SegmentedRaftLogWorker (SegmentedRaftLogWorker.java:startLogSegment(380)) - b060b580-934b-4ec4-8651-f1de05b70c64-SegmentedRaftLogWorker:Storage Directory /workdir/hadoop-ozone/integration-test/target/test-dir/MiniOzoneClusterImpl-d4c0e880-bf62-4364-84d9-05af48d348b5/datanode-2/data/ratis/e38a5a79-d138-41fd-823a-8c7f5062e589: Starting segment from index:0
2019-09-18 17:38:18,081 [9a8bbcb0-374a-4c81-ac50-592e91a540a5:group-1C4D1B725638:LeaderElection2] INFO  segmented.SegmentedRaftLogWorker (SegmentedRaftLogWorker.java:startLogSegment(380)) - 9a8bbcb0-374a-4c81-ac50-592e91a540a5-SegmentedRaftLogWorker:Storage Directory /workdir/hadoop-ozone/integration-test/target/test-dir/MiniOzoneClusterImpl-d4c0e880-bf62-4364-84d9-05af48d348b5/datanode-1/data/ratis/625b4fb0-d3f1-423c-8781-1c4d1b725638: Starting segment from index:0
2019-09-18 17:38:18,088 [b060b580-934b-4ec4-8651-f1de05b70c64:group-8C7F5062E589:LeaderElection1] INFO  impl.RaftServerImpl (ServerState.java:setRaftConf(361)) - b060b580-934b-4ec4-8651-f1de05b70c64:group-8C7F5062E589 set configuration 0: [b060b580-934b-4ec4-8651-f1de05b70c64:192.168.5.185:45486], old=null at 0
2019-09-18 17:38:18,088 [9a8bbcb0-374a-4c81-ac50-592e91a540a5:group-1C4D1B725638:LeaderElection2] INFO  impl.RaftServerImpl (ServerState.java:setRaftConf(361)) - 9a8bbcb0-374a-4c81-ac50-592e91a540a5:group-1C4D1B725638 set configuration 0: [9a8bbcb0-374a-4c81-ac50-592e91a540a5:192.168.5.185:34448], old=null at 0
2019-09-18 17:38:18,149 | INFO  | SCMAudit | user=jenkins1000 | ip=192.168.5.185 | op=SEND_HEARTBEAT {datanodeUUID=9a8bbcb0-374a-4c81-ac50-592e91a540a5, command=[]} | ret=SUCCESS |  
2019-09-18 17:38:18,160 [Thread-182] INFO  impl.FollowerState (FollowerState.java:run(106)) - 0231394f-1583-4251-b485-7c6cd8c14518:group-38EB8F6C9D8D changes to CANDIDATE, lastRpcTime:5168, electionTimeout:5167ms
2019-09-18 17:38:18,160 [Thread-182] INFO  impl.RoleInfo (RoleInfo.java:shutdownFollowerState(121)) - 0231394f-1583-4251-b485-7c6cd8c14518: shutdown FollowerState
2019-09-18 17:38:18,160 [Thread-182] INFO  impl.RaftServerImpl (RaftServerImpl.java:setRole(171)) - 0231394f-1583-4251-b485-7c6cd8c14518:group-38EB8F6C9D8D changes role from FOLLOWER to CANDIDATE at term 0 for changeToCandidate
2019-09-18 17:38:18,160 [Thread-182] INFO  impl.RoleInfo (RoleInfo.java:updateAndGet(143)) - 0231394f-1583-4251-b485-7c6cd8c14518: start LeaderElection
2019-09-18 17:38:18,187 [0231394f-1583-4251-b485-7c6cd8c14518:group-38EB8F6C9D8D:LeaderElection3] INFO  impl.LeaderElection (LeaderElection.java:askForVotes(181)) - 0231394f-1583-4251-b485-7c6cd8c14518:group-38EB8F6C9D8D:LeaderElection3: begin an election at term 1 for -1: [0231394f-1583-4251-b485-7c6cd8c14518:192.168.5.185:40969], old=null
2019-09-18 17:38:18,187 [0231394f-1583-4251-b485-7c6cd8c14518:group-38EB8F6C9D8D:LeaderElection3] INFO  impl.RoleInfo (RoleInfo.java:shutdownLeaderElection(134)) - 0231394f-1583-4251-b485-7c6cd8c14518: shutdown LeaderElection
2019-09-18 17:38:18,187 [0231394f-1583-4251-b485-7c6cd8c14518:group-38EB8F6C9D8D:LeaderElection3] INFO  impl.RaftServerImpl (RaftServerImpl.java:setRole(171)) - 0231394f-1583-4251-b485-7c6cd8c14518:group-38EB8F6C9D8D changes role from CANDIDATE to LEADER at term 1 for changeToLeader
2019-09-18 17:38:18,187 [0231394f-1583-4251-b485-7c6cd8c14518:group-38EB8F6C9D8D:LeaderElection3] INFO  impl.RaftServerImpl (ServerState.java:setLeader(263)) - 0231394f-1583-4251-b485-7c6cd8c14518:group-38EB8F6C9D8D change Leader from null to 0231394f-1583-4251-b485-7c6cd8c14518 at term 1 for becomeLeader, leader elected after 5308ms
2019-09-18 17:38:18,188 [0231394f-1583-4251-b485-7c6cd8c14518:group-38EB8F6C9D8D:LeaderElection3] INFO  server.RaftServerConfigKeys (ConfUtils.java:logGet(43)) - raft.server.staging.catchup.gap = 1000 (default)
2019-09-18 17:38:18,188 [0231394f-1583-4251-b485-7c6cd8c14518:group-38EB8F6C9D8D:LeaderElection3] INFO  server.RaftServerConfigKeys (ConfUtils.java:logGet(43)) - raft.server.rpc.sleep.time = 25ms (default)
2019-09-18 17:38:18,188 [0231394f-1583-4251-b485-7c6cd8c14518:group-38EB8F6C9D8D:LeaderElection3] INFO  server.RaftServerConfigKeys (ConfUtils.java:logGet(43)) - raft.server.write.element-limit = 4096 (default)
2019-09-18 17:38:18,188 [0231394f-1583-4251-b485-7c6cd8c14518:group-38EB8F6C9D8D:LeaderElection3] INFO  server.RaftServerConfigKeys (ConfUtils.java:logGet(43)) - raft.server.watch.timeout = 10s (default)
2019-09-18 17:38:18,188 [0231394f-1583-4251-b485-7c6cd8c14518:group-38EB8F6C9D8D:LeaderElection3] INFO  server.RaftServerConfigKeys (ConfUtils.java:logGet(43)) - raft.server.watch.timeout.denomination = 1s (default)
2019-09-18 17:38:18,188 [0231394f-1583-4251-b485-7c6cd8c14518:group-38EB8F6C9D8D:LeaderElection3] INFO  server.RaftServerConfigKeys (ConfUtils.java:logGet(43)) - raft.server.watch.element-limit = 65536 (default)
2019-09-18 17:38:18,189 [0231394f-1583-4251-b485-7c6cd8c14518:group-38EB8F6C9D8D:LeaderElection3] INFO  impl.RoleInfo (RoleInfo.java:updateAndGet(143)) - 0231394f-1583-4251-b485-7c6cd8c14518: start LeaderState
2019-09-18 17:38:18,189 [0231394f-1583-4251-b485-7c6cd8c14518:group-38EB8F6C9D8D:LeaderElection3] INFO  segmented.SegmentedRaftLogWorker (SegmentedRaftLogWorker.java:startLogSegment(380)) - 0231394f-1583-4251-b485-7c6cd8c14518-SegmentedRaftLogWorker:Storage Directory /workdir/hadoop-ozone/integration-test/target/test-dir/MiniOzoneClusterImpl-d4c0e880-bf62-4364-84d9-05af48d348b5/datanode-0/data/ratis/305dd8dc-84f4-44e5-9cf8-38eb8f6c9d8d: Starting segment from index:0
2019-09-18 17:38:18,190 [0231394f-1583-4251-b485-7c6cd8c14518:group-38EB8F6C9D8D:LeaderElection3] INFO  impl.RaftServerImpl (ServerState.java:setRaftConf(361)) - 0231394f-1583-4251-b485-7c6cd8c14518:group-38EB8F6C9D8D set configuration 0: [0231394f-1583-4251-b485-7c6cd8c14518:192.168.5.185:40969], old=null at 0
2019-09-18 17:38:18,201 [Thread-189] INFO  impl.FollowerState (FollowerState.java:run(106)) - b060b580-934b-4ec4-8651-f1de05b70c64:group-167FFB37BDFB changes to CANDIDATE, lastRpcTime:5044, electionTimeout:5044ms
2019-09-18 17:38:18,201 [Thread-189] INFO  impl.RoleInfo (RoleInfo.java:shutdownFollowerState(121)) - b060b580-934b-4ec4-8651-f1de05b70c64: shutdown FollowerState
2019-09-18 17:38:18,201 [Thread-189] INFO  impl.RaftServerImpl (RaftServerImpl.java:setRole(171)) - b060b580-934b-4ec4-8651-f1de05b70c64:group-167FFB37BDFB changes role from FOLLOWER to CANDIDATE at term 0 for changeToCandidate
2019-09-18 17:38:18,201 [Thread-189] INFO  impl.RoleInfo (RoleInfo.java:updateAndGet(143)) - b060b580-934b-4ec4-8651-f1de05b70c64: start LeaderElection
2019-09-18 17:38:18,212 [b060b580-934b-4ec4-8651-f1de05b70c64:group-167FFB37BDFB:LeaderElection4] INFO  impl.LeaderElection (LeaderElection.java:askForVotes(181)) - b060b580-934b-4ec4-8651-f1de05b70c64:group-167FFB37BDFB:LeaderElection4: begin an election at term 1 for -1: [b060b580-934b-4ec4-8651-f1de05b70c64:192.168.5.185:45486, 0231394f-1583-4251-b485-7c6cd8c14518:192.168.5.185:40969, 9a8bbcb0-374a-4c81-ac50-592e91a540a5:192.168.5.185:34448], old=null
2019-09-18 17:38:18,247 [grpc-default-executor-0] INFO  impl.RaftServerImpl (RaftServerImpl.java:setRole(171)) - 9a8bbcb0-374a-4c81-ac50-592e91a540a5:group-167FFB37BDFB changes role from FOLLOWER to FOLLOWER at term 1 for recognizeCandidate:b060b580-934b-4ec4-8651-f1de05b70c64
2019-09-18 17:38:18,248 [grpc-default-executor-1] INFO  impl.RaftServerImpl (RaftServerImpl.java:setRole(171)) - 0231394f-1583-4251-b485-7c6cd8c14518:group-167FFB37BDFB changes role from FOLLOWER to FOLLOWER at term 1 for recognizeCandidate:b060b580-934b-4ec4-8651-f1de05b70c64
2019-09-18 17:38:18,248 [grpc-default-executor-0] INFO  impl.RoleInfo (RoleInfo.java:shutdownFollowerState(121)) - 9a8bbcb0-374a-4c81-ac50-592e91a540a5: shutdown FollowerState
2019-09-18 17:38:18,248 [grpc-default-executor-1] INFO  impl.RoleInfo (RoleInfo.java:shutdownFollowerState(121)) - 0231394f-1583-4251-b485-7c6cd8c14518: shutdown FollowerState
2019-09-18 17:38:18,248 [Thread-193] INFO  impl.FollowerState (FollowerState.java:run(114)) - 9a8bbcb0-374a-4c81-ac50-592e91a540a5: FollowerState was interrupted: java.lang.InterruptedException: sleep interrupted
2019-09-18 17:38:18,248 [grpc-default-executor-0] INFO  impl.RoleInfo (RoleInfo.java:updateAndGet(143)) - 9a8bbcb0-374a-4c81-ac50-592e91a540a5: start FollowerState
2019-09-18 17:38:18,248 [Thread-188] INFO  impl.FollowerState (FollowerState.java:run(114)) - 0231394f-1583-4251-b485-7c6cd8c14518: FollowerState was interrupted: java.lang.InterruptedException: sleep interrupted
2019-09-18 17:38:18,248 [grpc-default-executor-1] INFO  impl.RoleInfo (RoleInfo.java:updateAndGet(143)) - 0231394f-1583-4251-b485-7c6cd8c14518: start FollowerState
2019-09-18 17:38:18,276 [b060b580-934b-4ec4-8651-f1de05b70c64:group-167FFB37BDFB:LeaderElection4] INFO  impl.LeaderElection (LeaderElection.java:logAndReturn(56)) - b060b580-934b-4ec4-8651-f1de05b70c64:group-167FFB37BDFB:LeaderElection4: Election PASSED; received 1 response(s) [b060b580-934b-4ec4-8651-f1de05b70c64<-9a8bbcb0-374a-4c81-ac50-592e91a540a5#0:OK-t1] and 0 exception(s); b060b580-934b-4ec4-8651-f1de05b70c64:t1, leader=null, voted=b060b580-934b-4ec4-8651-f1de05b70c64, raftlog=b060b580-934b-4ec4-8651-f1de05b70c64-SegmentedRaftLog:OPENED:c-1,f-1,i0, conf=-1: [b060b580-934b-4ec4-8651-f1de05b70c64:192.168.5.185:45486, 0231394f-1583-4251-b485-7c6cd8c14518:192.168.5.185:40969, 9a8bbcb0-374a-4c81-ac50-592e91a540a5:192.168.5.185:34448], old=null
2019-09-18 17:38:18,277 [b060b580-934b-4ec4-8651-f1de05b70c64:group-167FFB37BDFB:LeaderElection4] INFO  impl.RoleInfo (RoleInfo.java:shutdownLeaderElection(134)) - b060b580-934b-4ec4-8651-f1de05b70c64: shutdown LeaderElection
2019-09-18 17:38:18,277 [b060b580-934b-4ec4-8651-f1de05b70c64:group-167FFB37BDFB:LeaderElection4] INFO  impl.RaftServerImpl (RaftServerImpl.java:setRole(171)) - b060b580-934b-4ec4-8651-f1de05b70c64:group-167FFB37BDFB changes role from CANDIDATE to LEADER at term 1 for changeToLeader
2019-09-18 17:38:18,280 [b060b580-934b-4ec4-8651-f1de05b70c64:group-167FFB37BDFB:LeaderElection4] INFO  impl.RaftServerImpl (ServerState.java:setLeader(263)) - b060b580-934b-4ec4-8651-f1de05b70c64:group-167FFB37BDFB change Leader from null to b060b580-934b-4ec4-8651-f1de05b70c64 at term 1 for becomeLeader, leader elected after 5135ms
2019-09-18 17:38:18,280 [b060b580-934b-4ec4-8651-f1de05b70c64:group-167FFB37BDFB:LeaderElection4] INFO  server.RaftServerConfigKeys (ConfUtils.java:logGet(43)) - raft.server.staging.catchup.gap = 1000 (default)
2019-09-18 17:38:18,280 [b060b580-934b-4ec4-8651-f1de05b70c64:group-167FFB37BDFB:LeaderElection4] INFO  server.RaftServerConfigKeys (ConfUtils.java:logGet(43)) - raft.server.rpc.sleep.time = 25ms (default)
2019-09-18 17:38:18,281 [b060b580-934b-4ec4-8651-f1de05b70c64:group-167FFB37BDFB:LeaderElection4] INFO  server.RaftServerConfigKeys (ConfUtils.java:logGet(43)) - raft.server.write.element-limit = 4096 (default)
2019-09-18 17:38:18,281 [b060b580-934b-4ec4-8651-f1de05b70c64:group-167FFB37BDFB:LeaderElection4] INFO  server.RaftServerConfigKeys (ConfUtils.java:logGet(43)) - raft.server.watch.timeout = 10s (default)
2019-09-18 17:38:18,281 [b060b580-934b-4ec4-8651-f1de05b70c64:group-167FFB37BDFB:LeaderElection4] INFO  server.RaftServerConfigKeys (ConfUtils.java:logGet(43)) - raft.server.watch.timeout.denomination = 1s (default)
2019-09-18 17:38:18,281 [b060b580-934b-4ec4-8651-f1de05b70c64:group-167FFB37BDFB:LeaderElection4] INFO  server.RaftServerConfigKeys (ConfUtils.java:logGet(43)) - raft.server.watch.element-limit = 65536 (default)
2019-09-18 17:38:18,284 [b060b580-934b-4ec4-8651-f1de05b70c64:group-167FFB37BDFB:LeaderElection4] INFO  server.RaftServerConfigKeys (ConfUtils.java:logGet(43)) - raft.server.log.appender.snapshot.chunk.size.max = 16MB (=16777216) (default)
2019-09-18 17:38:18,284 [b060b580-934b-4ec4-8651-f1de05b70c64:group-167FFB37BDFB:LeaderElection4] INFO  server.RaftServerConfigKeys (ConfUtils.java:logGet(43)) - raft.server.log.appender.buffer.byte-limit = 33554432 (custom)
2019-09-18 17:38:18,285 [b060b580-934b-4ec4-8651-f1de05b70c64:group-167FFB37BDFB:LeaderElection4] INFO  server.RaftServerConfigKeys (ConfUtils.java:logGet(43)) - raft.server.log.appender.buffer.element-limit = 1 (custom)
2019-09-18 17:38:18,289 [b060b580-934b-4ec4-8651-f1de05b70c64:group-167FFB37BDFB:LeaderElection4] INFO  grpc.GrpcConfigKeys$Server (ConfUtils.java:logGet(43)) - raft.grpc.server.leader.outstanding.appends.max = 128 (default)
2019-09-18 17:38:18,289 [b060b580-934b-4ec4-8651-f1de05b70c64:group-167FFB37BDFB:LeaderElection4] INFO  server.RaftServerConfigKeys (ConfUtils.java:logGet(43)) - raft.server.rpc.request.timeout = 3000ms (default)
2019-09-18 17:38:18,289 [b060b580-934b-4ec4-8651-f1de05b70c64:group-167FFB37BDFB:LeaderElection4] INFO  server.RaftServerConfigKeys (ConfUtils.java:logGet(43)) - raft.server.log.appender.install.snapshot.enabled = false (custom)
2019-09-18 17:38:18,289 [b060b580-934b-4ec4-8651-f1de05b70c64:group-167FFB37BDFB:LeaderElection4] INFO  server.RaftServerConfigKeys (ConfUtils.java:logGet(43)) - raft.server.log.appender.snapshot.chunk.size.max = 16MB (=16777216) (default)
2019-09-18 17:38:18,289 [b060b580-934b-4ec4-8651-f1de05b70c64:group-167FFB37BDFB:LeaderElection4] INFO  server.RaftServerConfigKeys (ConfUtils.java:logGet(43)) - raft.server.log.appender.buffer.byte-limit = 33554432 (custom)
2019-09-18 17:38:18,290 [b060b580-934b-4ec4-8651-f1de05b70c64:group-167FFB37BDFB:LeaderElection4] INFO  server.RaftServerConfigKeys (ConfUtils.java:logGet(43)) - raft.server.log.appender.buffer.element-limit = 1 (custom)
2019-09-18 17:38:18,290 [b060b580-934b-4ec4-8651-f1de05b70c64:group-167FFB37BDFB:LeaderElection4] INFO  grpc.GrpcConfigKeys$Server (ConfUtils.java:logGet(43)) - raft.grpc.server.leader.outstanding.appends.max = 128 (default)
2019-09-18 17:38:18,290 [b060b580-934b-4ec4-8651-f1de05b70c64:group-167FFB37BDFB:LeaderElection4] INFO  server.RaftServerConfigKeys (ConfUtils.java:logGet(43)) - raft.server.rpc.request.timeout = 3000ms (default)
2019-09-18 17:38:18,290 [b060b580-934b-4ec4-8651-f1de05b70c64:group-167FFB37BDFB:LeaderElection4] INFO  server.RaftServerConfigKeys (ConfUtils.java:logGet(43)) - raft.server.log.appender.install.snapshot.enabled = false (custom)
2019-09-18 17:38:18,294 [b060b580-934b-4ec4-8651-f1de05b70c64:group-167FFB37BDFB:LeaderElection4] INFO  impl.RoleInfo (RoleInfo.java:updateAndGet(143)) - b060b580-934b-4ec4-8651-f1de05b70c64: start LeaderState
2019-09-18 17:38:18,294 [b060b580-934b-4ec4-8651-f1de05b70c64:group-167FFB37BDFB:LeaderElection4] INFO  segmented.SegmentedRaftLogWorker (SegmentedRaftLogWorker.java:startLogSegment(380)) - b060b580-934b-4ec4-8651-f1de05b70c64-SegmentedRaftLogWorker:Storage Directory /workdir/hadoop-ozone/integration-test/target/test-dir/MiniOzoneClusterImpl-d4c0e880-bf62-4364-84d9-05af48d348b5/datanode-2/data/ratis/bd5ac8e3-3d0e-4805-831e-167ffb37bdfb: Starting segment from index:0
2019-09-18 17:38:18,295 [b060b580-934b-4ec4-8651-f1de05b70c64:group-167FFB37BDFB:LeaderElection4] INFO  impl.RaftServerImpl (ServerState.java:setRaftConf(361)) - b060b580-934b-4ec4-8651-f1de05b70c64:group-167FFB37BDFB set configuration 0: [b060b580-934b-4ec4-8651-f1de05b70c64:192.168.5.185:45486, 0231394f-1583-4251-b485-7c6cd8c14518:192.168.5.185:40969, 9a8bbcb0-374a-4c81-ac50-592e91a540a5:192.168.5.185:34448], old=null at 0
2019-09-18 17:38:18,357 [b060b580-934b-4ec4-8651-f1de05b70c64-SegmentedRaftLogWorker:Storage Directory /workdir/hadoop-ozone/integration-test/target/test-dir/MiniOzoneClusterImpl-d4c0e880-bf62-4364-84d9-05af48d348b5/datanode-2/data/ratis/bd5ac8e3-3d0e-4805-831e-167ffb37bdfb] INFO  segmented.SegmentedRaftLogWorker (SegmentedRaftLogWorker.java:execute(569)) - b060b580-934b-4ec4-8651-f1de05b70c64-SegmentedRaftLogWorker:Storage Directory /workdir/hadoop-ozone/integration-test/target/test-dir/MiniOzoneClusterImpl-d4c0e880-bf62-4364-84d9-05af48d348b5/datanode-2/data/ratis/bd5ac8e3-3d0e-4805-831e-167ffb37bdfb: created new log segment /workdir/hadoop-ozone/integration-test/target/test-dir/MiniOzoneClusterImpl-d4c0e880-bf62-4364-84d9-05af48d348b5/datanode-2/data/ratis/bd5ac8e3-3d0e-4805-831e-167ffb37bdfb/current/log_inprogress_0
2019-09-18 17:38:18,357 [0231394f-1583-4251-b485-7c6cd8c14518-SegmentedRaftLogWorker:Storage Directory /workdir/hadoop-ozone/integration-test/target/test-dir/MiniOzoneClusterImpl-d4c0e880-bf62-4364-84d9-05af48d348b5/datanode-0/data/ratis/305dd8dc-84f4-44e5-9cf8-38eb8f6c9d8d] INFO  segmented.SegmentedRaftLogWorker (SegmentedRaftLogWorker.java:execute(569)) - 0231394f-1583-4251-b485-7c6cd8c14518-SegmentedRaftLogWorker:Storage Directory /workdir/hadoop-ozone/integration-test/target/test-dir/MiniOzoneClusterImpl-d4c0e880-bf62-4364-84d9-05af48d348b5/datanode-0/data/ratis/305dd8dc-84f4-44e5-9cf8-38eb8f6c9d8d: created new log segment /workdir/hadoop-ozone/integration-test/target/test-dir/MiniOzoneClusterImpl-d4c0e880-bf62-4364-84d9-05af48d348b5/datanode-0/data/ratis/305dd8dc-84f4-44e5-9cf8-38eb8f6c9d8d/current/log_inprogress_0
2019-09-18 17:38:18,357 [9a8bbcb0-374a-4c81-ac50-592e91a540a5-SegmentedRaftLogWorker:Storage Directory /workdir/hadoop-ozone/integration-test/target/test-dir/MiniOzoneClusterImpl-d4c0e880-bf62-4364-84d9-05af48d348b5/datanode-1/data/ratis/625b4fb0-d3f1-423c-8781-1c4d1b725638] INFO  segmented.SegmentedRaftLogWorker (SegmentedRaftLogWorker.java:execute(569)) - 9a8bbcb0-374a-4c81-ac50-592e91a540a5-SegmentedRaftLogWorker:Storage Directory /workdir/hadoop-ozone/integration-test/target/test-dir/MiniOzoneClusterImpl-d4c0e880-bf62-4364-84d9-05af48d348b5/datanode-1/data/ratis/625b4fb0-d3f1-423c-8781-1c4d1b725638: created new log segment /workdir/hadoop-ozone/integration-test/target/test-dir/MiniOzoneClusterImpl-d4c0e880-bf62-4364-84d9-05af48d348b5/datanode-1/data/ratis/625b4fb0-d3f1-423c-8781-1c4d1b725638/current/log_inprogress_0
2019-09-18 17:38:18,357 [b060b580-934b-4ec4-8651-f1de05b70c64-SegmentedRaftLogWorker:Storage Directory /workdir/hadoop-ozone/integration-test/target/test-dir/MiniOzoneClusterImpl-d4c0e880-bf62-4364-84d9-05af48d348b5/datanode-2/data/ratis/e38a5a79-d138-41fd-823a-8c7f5062e589] INFO  segmented.SegmentedRaftLogWorker (SegmentedRaftLogWorker.java:execute(569)) - b060b580-934b-4ec4-8651-f1de05b70c64-SegmentedRaftLogWorker:Storage Directory /workdir/hadoop-ozone/integration-test/target/test-dir/MiniOzoneClusterImpl-d4c0e880-bf62-4364-84d9-05af48d348b5/datanode-2/data/ratis/e38a5a79-d138-41fd-823a-8c7f5062e589: created new log segment /workdir/hadoop-ozone/integration-test/target/test-dir/MiniOzoneClusterImpl-d4c0e880-bf62-4364-84d9-05af48d348b5/datanode-2/data/ratis/e38a5a79-d138-41fd-823a-8c7f5062e589/current/log_inprogress_0
2019-09-18 17:38:18,361 [grpc-default-executor-0] INFO  impl.RaftServerImpl (ServerState.java:setLeader(263)) - 0231394f-1583-4251-b485-7c6cd8c14518:group-167FFB37BDFB change Leader from null to b060b580-934b-4ec4-8651-f1de05b70c64 at term 1 for appendEntries, leader elected after 5216ms
2019-09-18 17:38:18,360 [grpc-default-executor-1] INFO  impl.RaftServerImpl (ServerState.java:setLeader(263)) - 9a8bbcb0-374a-4c81-ac50-592e91a540a5:group-167FFB37BDFB change Leader from null to b060b580-934b-4ec4-8651-f1de05b70c64 at term 1 for appendEntries, leader elected after 5216ms
2019-09-18 17:38:18,395 [grpc-default-executor-0] INFO  impl.RaftServerImpl (ServerState.java:setRaftConf(361)) - 9a8bbcb0-374a-4c81-ac50-592e91a540a5:group-167FFB37BDFB set configuration 0: [b060b580-934b-4ec4-8651-f1de05b70c64:192.168.5.185:45486, 0231394f-1583-4251-b485-7c6cd8c14518:192.168.5.185:40969, 9a8bbcb0-374a-4c81-ac50-592e91a540a5:192.168.5.185:34448], old=null at 0
2019-09-18 17:38:18,395 [grpc-default-executor-1] INFO  impl.RaftServerImpl (ServerState.java:setRaftConf(361)) - 0231394f-1583-4251-b485-7c6cd8c14518:group-167FFB37BDFB set configuration 0: [b060b580-934b-4ec4-8651-f1de05b70c64:192.168.5.185:45486, 0231394f-1583-4251-b485-7c6cd8c14518:192.168.5.185:40969, 9a8bbcb0-374a-4c81-ac50-592e91a540a5:192.168.5.185:34448], old=null at 0
2019-09-18 17:38:18,396 [grpc-default-executor-0] INFO  segmented.SegmentedRaftLogWorker (SegmentedRaftLogWorker.java:startLogSegment(380)) - 9a8bbcb0-374a-4c81-ac50-592e91a540a5-SegmentedRaftLogWorker:Storage Directory /workdir/hadoop-ozone/integration-test/target/test-dir/MiniOzoneClusterImpl-d4c0e880-bf62-4364-84d9-05af48d348b5/datanode-1/data/ratis/bd5ac8e3-3d0e-4805-831e-167ffb37bdfb: Starting segment from index:0
2019-09-18 17:38:18,396 [grpc-default-executor-1] INFO  segmented.SegmentedRaftLogWorker (SegmentedRaftLogWorker.java:startLogSegment(380)) - 0231394f-1583-4251-b485-7c6cd8c14518-SegmentedRaftLogWorker:Storage Directory /workdir/hadoop-ozone/integration-test/target/test-dir/MiniOzoneClusterImpl-d4c0e880-bf62-4364-84d9-05af48d348b5/datanode-0/data/ratis/bd5ac8e3-3d0e-4805-831e-167ffb37bdfb: Starting segment from index:0
2019-09-18 17:38:18,437 [0231394f-1583-4251-b485-7c6cd8c14518-SegmentedRaftLogWorker:Storage Directory /workdir/hadoop-ozone/integration-test/target/test-dir/MiniOzoneClusterImpl-d4c0e880-bf62-4364-84d9-05af48d348b5/datanode-0/data/ratis/bd5ac8e3-3d0e-4805-831e-167ffb37bdfb] INFO  segmented.SegmentedRaftLogWorker (SegmentedRaftLogWorker.java:execute(569)) - 0231394f-1583-4251-b485-7c6cd8c14518-SegmentedRaftLogWorker:Storage Directory /workdir/hadoop-ozone/integration-test/target/test-dir/MiniOzoneClusterImpl-d4c0e880-bf62-4364-84d9-05af48d348b5/datanode-0/data/ratis/bd5ac8e3-3d0e-4805-831e-167ffb37bdfb: created new log segment /workdir/hadoop-ozone/integration-test/target/test-dir/MiniOzoneClusterImpl-d4c0e880-bf62-4364-84d9-05af48d348b5/datanode-0/data/ratis/bd5ac8e3-3d0e-4805-831e-167ffb37bdfb/current/log_inprogress_0
2019-09-18 17:38:18,462 [9a8bbcb0-374a-4c81-ac50-592e91a540a5-SegmentedRaftLogWorker:Storage Directory /workdir/hadoop-ozone/integration-test/target/test-dir/MiniOzoneClusterImpl-d4c0e880-bf62-4364-84d9-05af48d348b5/datanode-1/data/ratis/bd5ac8e3-3d0e-4805-831e-167ffb37bdfb] INFO  segmented.SegmentedRaftLogWorker (SegmentedRaftLogWorker.java:execute(569)) - 9a8bbcb0-374a-4c81-ac50-592e91a540a5-SegmentedRaftLogWorker:Storage Directory /workdir/hadoop-ozone/integration-test/target/test-dir/MiniOzoneClusterImpl-d4c0e880-bf62-4364-84d9-05af48d348b5/datanode-1/data/ratis/bd5ac8e3-3d0e-4805-831e-167ffb37bdfb: created new log segment /workdir/hadoop-ozone/integration-test/target/test-dir/MiniOzoneClusterImpl-d4c0e880-bf62-4364-84d9-05af48d348b5/datanode-1/data/ratis/bd5ac8e3-3d0e-4805-831e-167ffb37bdfb/current/log_inprogress_0
2019-09-18 17:38:18,521 | INFO  | SCMAudit | user=jenkins1000 | ip=192.168.5.185 | op=SEND_HEARTBEAT {datanodeUUID=b060b580-934b-4ec4-8651-f1de05b70c64, command=[]} | ret=SUCCESS |  
2019-09-18 17:38:18,894 | INFO  | SCMAudit | user=jenkins1000 | ip=192.168.5.185 | op=SEND_HEARTBEAT {datanodeUUID=0231394f-1583-4251-b485-7c6cd8c14518, command=[]} | ret=SUCCESS |  
2019-09-18 17:38:19,149 | INFO  | SCMAudit | user=jenkins1000 | ip=192.168.5.185 | op=SEND_HEARTBEAT {datanodeUUID=9a8bbcb0-374a-4c81-ac50-592e91a540a5, command=[]} | ret=SUCCESS |  
2019-09-18 17:38:19,521 | INFO  | SCMAudit | user=jenkins1000 | ip=192.168.5.185 | op=SEND_HEARTBEAT {datanodeUUID=b060b580-934b-4ec4-8651-f1de05b70c64, command=[]} | ret=SUCCESS |  
2019-09-18 17:38:19,552 [RatisPipelineUtilsThread] INFO  pipeline.RatisPipelineProvider (RatisPipelineProvider.java:lambda$close$5(211)) - Send pipeline:PipelineID=bd5ac8e3-3d0e-4805-831e-167ffb37bdfb close command to datanode b060b580-934b-4ec4-8651-f1de05b70c64
2019-09-18 17:38:19,553 [RatisPipelineUtilsThread] INFO  pipeline.RatisPipelineProvider (RatisPipelineProvider.java:lambda$close$5(211)) - Send pipeline:PipelineID=bd5ac8e3-3d0e-4805-831e-167ffb37bdfb close command to datanode 0231394f-1583-4251-b485-7c6cd8c14518
2019-09-18 17:38:19,553 [RatisPipelineUtilsThread] INFO  pipeline.RatisPipelineProvider (RatisPipelineProvider.java:lambda$close$5(211)) - Send pipeline:PipelineID=bd5ac8e3-3d0e-4805-831e-167ffb37bdfb close command to datanode 9a8bbcb0-374a-4c81-ac50-592e91a540a5
2019-09-18 17:38:19,554 [RatisPipelineUtilsThread] INFO  pipeline.PipelineStateManager (PipelineStateManager.java:removePipeline(108)) - Pipeline Pipeline[ Id: bd5ac8e3-3d0e-4805-831e-167ffb37bdfb, Nodes: b060b580-934b-4ec4-8651-f1de05b70c64{ip: 192.168.5.185, host: pr-hdds-2034-lb7qt-2171347232, networkLocation: /default-rack, certSerialId: null}0231394f-1583-4251-b485-7c6cd8c14518{ip: 192.168.5.185, host: pr-hdds-2034-lb7qt-2171347232, networkLocation: /default-rack, certSerialId: null}9a8bbcb0-374a-4c81-ac50-592e91a540a5{ip: 192.168.5.185, host: pr-hdds-2034-lb7qt-2171347232, networkLocation: /default-rack, certSerialId: null}, Type:RATIS, Factor:THREE, State:CLOSED] removed from db
2019-09-18 17:38:19,556 [RatisPipelineUtilsThread] INFO  pipeline.RatisPipelineProvider (RatisPipelineProvider.java:lambda$create$4(164)) - Send pipeline:PipelineID=c7e81349-9e6a-4fc0-ac0b-ef96043c5c9e create command to datanode b060b580-934b-4ec4-8651-f1de05b70c64
2019-09-18 17:38:19,556 [RatisPipelineUtilsThread] INFO  pipeline.RatisPipelineProvider (RatisPipelineProvider.java:lambda$create$4(164)) - Send pipeline:PipelineID=c7e81349-9e6a-4fc0-ac0b-ef96043c5c9e create command to datanode 0231394f-1583-4251-b485-7c6cd8c14518
2019-09-18 17:38:19,557 [RatisPipelineUtilsThread] INFO  pipeline.RatisPipelineProvider (RatisPipelineProvider.java:lambda$create$4(164)) - Send pipeline:PipelineID=c7e81349-9e6a-4fc0-ac0b-ef96043c5c9e create command to datanode 9a8bbcb0-374a-4c81-ac50-592e91a540a5
2019-09-18 17:38:19,897 | INFO  | SCMAudit | user=jenkins1000 | ip=192.168.5.185 | op=SEND_HEARTBEAT {datanodeUUID=0231394f-1583-4251-b485-7c6cd8c14518, command=[commandType: closePipelineCommand closePipelineCommandProto { pipelineID { id: "bd5ac8e3-3d0e-4805-831e-167ffb37bdfb" } cmdId: 1568828289010 } , commandType: createPipelineCommand createPipelineCommandProto { pipelineID { id: "c7e81349-9e6a-4fc0-ac0b-ef96043c5c9e" } type: RATIS factor: THREE datanode { uuid: "b060b580-934b-4ec4-8651-f1de05b70c64" ipAddress: "192.168.5.185" hostName: "pr-hdds-2034-lb7qt-2171347232" ports { name: "REST" value: 34063 } ports { name: "RATIS" value: 45486 } ports { name: "STANDALONE" value: 43395 } networkName: "b060b580-934b-4ec4-8651-f1de05b70c64" networkLocation: "/default-rack" } datanode { uuid: "0231394f-1583-4251-b485-7c6cd8c14518" ipAddress: "192.168.5.185" hostName: "pr-hdds-2034-lb7qt-2171347232" ports { name: "REST" value: 36183 } ports { name: "RATIS" value: 40969 } ports { name: "STANDALONE" value: 41631 } networkName: "0231394f-1583-4251-b485-7c6cd8c14518" networkLocation: "/default-rack" } datanode { uuid: "9a8bbcb0-374a-4c81-ac50-592e91a540a5" ipAddress: "192.168.5.185" hostName: "pr-hdds-2034-lb7qt-2171347232" ports { name: "REST" value: 43489 } ports { name: "RATIS" value: 34448 } ports { name: "STANDALONE" value: 33114 } networkName: "9a8bbcb0-374a-4c81-ac50-592e91a540a5" networkLocation: "/default-rack" } cmdId: 1568828289011 } ]} | ret=SUCCESS |  
2019-09-18 17:38:20,155 | INFO  | SCMAudit | user=jenkins1000 | ip=192.168.5.185 | op=SEND_HEARTBEAT {datanodeUUID=9a8bbcb0-374a-4c81-ac50-592e91a540a5, command=[commandType: closePipelineCommand closePipelineCommandProto { pipelineID { id: "bd5ac8e3-3d0e-4805-831e-167ffb37bdfb" } cmdId: 1568828289010 } , commandType: createPipelineCommand createPipelineCommandProto { pipelineID { id: "c7e81349-9e6a-4fc0-ac0b-ef96043c5c9e" } type: RATIS factor: THREE datanode { uuid: "b060b580-934b-4ec4-8651-f1de05b70c64" ipAddress: "192.168.5.185" hostName: "pr-hdds-2034-lb7qt-2171347232" ports { name: "REST" value: 34063 } ports { name: "RATIS" value: 45486 } ports { name: "STANDALONE" value: 43395 } networkName: "b060b580-934b-4ec4-8651-f1de05b70c64" networkLocation: "/default-rack" } datanode { uuid: "0231394f-1583-4251-b485-7c6cd8c14518" ipAddress: "192.168.5.185" hostName: "pr-hdds-2034-lb7qt-2171347232" ports { name: "REST" value: 36183 } ports { name: "RATIS" value: 40969 } ports { name: "STANDALONE" value: 41631 } networkName: "0231394f-1583-4251-b485-7c6cd8c14518" networkLocation: "/default-rack" } datanode { uuid: "9a8bbcb0-374a-4c81-ac50-592e91a540a5" ipAddress: "192.168.5.185" hostName: "pr-hdds-2034-lb7qt-2171347232" ports { name: "REST" value: 43489 } ports { name: "RATIS" value: 34448 } ports { name: "STANDALONE" value: 33114 } networkName: "9a8bbcb0-374a-4c81-ac50-592e91a540a5" networkLocation: "/default-rack" } cmdId: 1568828289011 } ]} | ret=SUCCESS |  
2019-09-18 17:38:20,524 | INFO  | SCMAudit | user=jenkins1000 | ip=192.168.5.185 | op=SEND_HEARTBEAT {datanodeUUID=b060b580-934b-4ec4-8651-f1de05b70c64, command=[commandType: closePipelineCommand closePipelineCommandProto { pipelineID { id: "bd5ac8e3-3d0e-4805-831e-167ffb37bdfb" } cmdId: 1568828289010 } , commandType: createPipelineCommand createPipelineCommandProto { pipelineID { id: "c7e81349-9e6a-4fc0-ac0b-ef96043c5c9e" } type: RATIS factor: THREE datanode { uuid: "b060b580-934b-4ec4-8651-f1de05b70c64" ipAddress: "192.168.5.185" hostName: "pr-hdds-2034-lb7qt-2171347232" ports { name: "REST" value: 34063 } ports { name: "RATIS" value: 45486 } ports { name: "STANDALONE" value: 43395 } networkName: "b060b580-934b-4ec4-8651-f1de05b70c64" networkLocation: "/default-rack" } datanode { uuid: "0231394f-1583-4251-b485-7c6cd8c14518" ipAddress: "192.168.5.185" hostName: "pr-hdds-2034-lb7qt-2171347232" ports { name: "REST" value: 36183 } ports { name: "RATIS" value: 40969 } ports { name: "STANDALONE" value: 41631 } networkName: "0231394f-1583-4251-b485-7c6cd8c14518" networkLocation: "/default-rack" } datanode { uuid: "9a8bbcb0-374a-4c81-ac50-592e91a540a5" ipAddress: "192.168.5.185" hostName: "pr-hdds-2034-lb7qt-2171347232" ports { name: "REST" value: 43489 } ports { name: "RATIS" value: 34448 } ports { name: "STANDALONE" value: 33114 } networkName: "9a8bbcb0-374a-4c81-ac50-592e91a540a5" networkLocation: "/default-rack" } cmdId: 1568828289011 } ]} | ret=SUCCESS |  
2019-09-18 17:38:20,553 [main] INFO  ozone.MiniOzoneClusterImpl (MiniOzoneClusterImpl.java:shutdown(327)) - Shutting down the Mini Ozone Cluster
2019-09-18 17:38:20,555 | INFO  | SCMAudit | user=null | ip=null | op=GET_SCM_INFO null | ret=SUCCESS |  
2019-09-18 17:38:20,555 [main] INFO  ozone.MiniOzoneClusterImpl (MiniOzoneClusterImpl.java:stop(342)) - Stopping the Mini Ozone Cluster
2019-09-18 17:38:20,555 [main] INFO  ozone.MiniOzoneClusterImpl (MiniOzoneClusterImpl.java:stop(344)) - Stopping the OzoneManager
2019-09-18 17:38:20,556 [main] INFO  ipc.Server (Server.java:stop(3082)) - Stopping server on 37395
2019-09-18 17:38:20,565 [IPC Server listener on 37395] INFO  ipc.Server (Server.java:run(1185)) - Stopping IPC Server listener on 37395
2019-09-18 17:38:20,566 [main] INFO  ratis.OzoneManagerDoubleBuffer (OzoneManagerDoubleBuffer.java:stop(248)) - Stopping OMDoubleBuffer flush thread
2019-09-18 17:38:20,567 [IPC Server Responder] INFO  ipc.Server (Server.java:run(1319)) - Stopping IPC Server Responder
2019-09-18 17:38:20,571 [OMDoubleBufferFlushThread] INFO  ratis.OzoneManagerDoubleBuffer (OzoneManagerDoubleBuffer.java:flushTransactions(191)) - OMDoubleBuffer flush thread OMDoubleBufferFlushThread is interrupted and will exit. OMDoubleBufferFlushThread
2019-09-18 17:38:20,573 [main] INFO  utils.BackgroundService (BackgroundService.java:shutdown(148)) - Shutting down service KeyDeletingService
2019-09-18 17:38:20,577 [main] INFO  handler.ContextHandler (ContextHandler.java:doStop(910)) - Stopped o.e.j.w.WebAppContext@61f3fbb8{/,null,UNAVAILABLE}{/ozoneManager}
2019-09-18 17:38:20,582 [main] INFO  server.AbstractConnector (AbstractConnector.java:doStop(318)) - Stopped ServerConnector@7551da2a{HTTP/1.1,[http/1.1]}{0.0.0.0:0}
2019-09-18 17:38:20,582 [main] INFO  handler.ContextHandler (ContextHandler.java:doStop(910)) - Stopped o.e.j.s.ServletContextHandler@15fa55a6{/static,file:///workdir/hadoop-ozone/integration-test/target/test-classes/webapps/static,UNAVAILABLE}
2019-09-18 17:38:20,583 [main] INFO  handler.ContextHandler (ContextHandler.java:doStop(910)) - Stopped o.e.j.s.ServletContextHandler@51ec2df1{/logs,file:///workdir/hadoop-ozone/integration-test/target/log,UNAVAILABLE}
2019-09-18 17:38:20,586 [main] INFO  ozone.MiniOzoneClusterImpl (MiniOzoneClusterImpl.java:stop(350)) - Shutting the HddsDatanodes
2019-09-18 17:38:20,587 [main] INFO  datanode.ObjectStoreHandler (ObjectStoreHandler.java:close(155)) - Closing ObjectStoreHandler.
2019-09-18 17:38:20,587 [ForkJoinPool.commonPool-worker-1] INFO  datanode.ObjectStoreHandler (ObjectStoreHandler.java:close(155)) - Closing ObjectStoreHandler.
2019-09-18 17:38:20,597 [main] INFO  ozone.HddsDatanodeService (HddsDatanodeService.java:stop(451)) - Stopped plug-in org.apache.hadoop.ozone.web.OzoneHddsDatanodeService@56a4abd0
2019-09-18 17:38:20,597 [ForkJoinPool.commonPool-worker-1] INFO  ozone.HddsDatanodeService (HddsDatanodeService.java:stop(451)) - Stopped plug-in org.apache.hadoop.ozone.web.OzoneHddsDatanodeService@4665428b
2019-09-18 17:38:20,890 [Datanode State Machine Thread - 0] INFO  statemachine.DatanodeStateMachine (DatanodeStateMachine.java:lambda$startDaemon$0(356)) - Ozone container server started.
2019-09-18 17:38:21,146 [Datanode State Machine Thread - 0] INFO  statemachine.DatanodeStateMachine (DatanodeStateMachine.java:lambda$startDaemon$0(356)) - Ozone container server started.
2019-09-18 17:38:21,521 | INFO  | SCMAudit | user=jenkins1000 | ip=192.168.5.185 | op=SEND_HEARTBEAT {datanodeUUID=b060b580-934b-4ec4-8651-f1de05b70c64, command=[]} | ret=SUCCESS |  
2019-09-18 17:38:22,521 | INFO  | SCMAudit | user=jenkins1000 | ip=192.168.5.185 | op=SEND_HEARTBEAT {datanodeUUID=b060b580-934b-4ec4-8651-f1de05b70c64, command=[]} | ret=SUCCESS |  
2019-09-18 17:38:22,537 [grpc-default-executor-0] INFO  impl.RaftServerProxy (RaftServerProxy.java:remove(95)) - b060b580-934b-4ec4-8651-f1de05b70c64: remove   LEADER group-167FFB37BDFB b060b580-934b-4ec4-8651-f1de05b70c64:t1, leader=b060b580-934b-4ec4-8651-f1de05b70c64, voted=b060b580-934b-4ec4-8651-f1de05b70c64, raftlog=b060b580-934b-4ec4-8651-f1de05b70c64-SegmentedRaftLog:OPENED:c0,f0,i0, conf=0: [b060b580-934b-4ec4-8651-f1de05b70c64:192.168.5.185:45486, 0231394f-1583-4251-b485-7c6cd8c14518:192.168.5.185:40969, 9a8bbcb0-374a-4c81-ac50-592e91a540a5:192.168.5.185:34448], old=null RUNNING
2019-09-18 17:38:22,538 [grpc-default-executor-0] INFO  impl.RaftServerImpl (RaftServerImpl.java:lambda$shutdown$3(245)) - b060b580-934b-4ec4-8651-f1de05b70c64: shutdown group-167FFB37BDFB
2019-09-18 17:38:22,539 [grpc-default-executor-0] INFO  util.JmxRegister (JmxRegister.java:unregister(73)) - Successfully un-registered JMX Bean with object name Ratis:service=RaftServer,group=group-167FFB37BDFB,id=b060b580-934b-4ec4-8651-f1de05b70c64
2019-09-18 17:38:22,539 [grpc-default-executor-0] INFO  impl.RoleInfo (RoleInfo.java:shutdownLeaderState(104)) - b060b580-934b-4ec4-8651-f1de05b70c64: shutdown LeaderState
2019-09-18 17:38:22,541 [org.apache.ratis.server.impl.LogAppender$AppenderDaemon$$Lambda$514/346145458@71540bdd] WARN  server.GrpcLogAppender (GrpcLogAppender.java:mayWait(143)) - GrpcLogAppender(b060b580-934b-4ec4-8651-f1de05b70c64->0231394f-1583-4251-b485-7c6cd8c14518): Wait interrupted by java.lang.InterruptedException
2019-09-18 17:38:22,541 [org.apache.ratis.server.impl.LogAppender$AppenderDaemon$$Lambda$514/346145458@6089c86c] WARN  server.GrpcLogAppender (GrpcLogAppender.java:mayWait(143)) - GrpcLogAppender(b060b580-934b-4ec4-8651-f1de05b70c64->9a8bbcb0-374a-4c81-ac50-592e91a540a5): Wait interrupted by java.lang.InterruptedException
2019-09-18 17:38:22,542 [grpc-default-executor-0] INFO  impl.PendingRequests (PendingRequests.java:sendNotLeaderResponses(202)) - b060b580-934b-4ec4-8651-f1de05b70c64-PendingRequests: sendNotLeaderResponses
2019-09-18 17:38:22,546 [grpc-default-executor-1] INFO  server.GrpcServerProtocolService (GrpcServerProtocolService.java:onCompleted(104)) - 0231394f-1583-4251-b485-7c6cd8c14518: appendEntries completed
2019-09-18 17:38:22,546 [grpc-default-executor-2] INFO  server.GrpcServerProtocolService (GrpcServerProtocolService.java:onCompleted(104)) - 9a8bbcb0-374a-4c81-ac50-592e91a540a5: appendEntries completed
2019-09-18 17:38:22,547 [grpc-default-executor-0] INFO  impl.StateMachineUpdater (StateMachineUpdater.java:stopAndJoin(115)) - StateMachineUpdater:b060b580-934b-4ec4-8651-f1de05b70c64:group-167FFB37BDFB: set stopIndex = 0
2019-09-18 17:38:22,548 [grpc-default-executor-0] INFO  impl.RaftServerImpl (ServerState.java:close(394)) - b060b580-934b-4ec4-8651-f1de05b70c64:group-167FFB37BDFB closes. The last applied log index is 0
2019-09-18 17:38:22,550 [grpc-default-executor-2] INFO  server.GrpcLogAppender (GrpcLogAppender.java:onCompleted(292)) - b060b580-934b-4ec4-8651-f1de05b70c64->0231394f-1583-4251-b485-7c6cd8c14518: follower responses appendEntries COMPLETED
2019-09-18 17:38:22,551 [grpc-default-executor-1] INFO  server.GrpcLogAppender (GrpcLogAppender.java:onCompleted(292)) - b060b580-934b-4ec4-8651-f1de05b70c64->9a8bbcb0-374a-4c81-ac50-592e91a540a5: follower responses appendEntries COMPLETED
2019-09-18 17:38:22,554 [b060b580-934b-4ec4-8651-f1de05b70c64-SegmentedRaftLogWorker:Storage Directory /workdir/hadoop-ozone/integration-test/target/test-dir/MiniOzoneClusterImpl-d4c0e880-bf62-4364-84d9-05af48d348b5/datanode-2/data/ratis/bd5ac8e3-3d0e-4805-831e-167ffb37bdfb] INFO  segmented.SegmentedRaftLogWorker (SegmentedRaftLogWorker.java:run(313)) - b060b580-934b-4ec4-8651-f1de05b70c64-SegmentedRaftLogWorker:Storage Directory /workdir/hadoop-ozone/integration-test/target/test-dir/MiniOzoneClusterImpl-d4c0e880-bf62-4364-84d9-05af48d348b5/datanode-2/data/ratis/bd5ac8e3-3d0e-4805-831e-167ffb37bdfb was interrupted, exiting. There are 0 tasks remaining in the queue.
2019-09-18 17:38:22,554 [grpc-default-executor-2] INFO  impl.FollowerInfo (FollowerInfo.java:lambda$new$0(50)) - b060b580-934b-4ec4-8651-f1de05b70c64->0231394f-1583-4251-b485-7c6cd8c14518: nextIndex: updateUnconditionally 1 -> 0
2019-09-18 17:38:22,556 [grpc-default-executor-1] INFO  impl.FollowerInfo (FollowerInfo.java:lambda$new$0(50)) - b060b580-934b-4ec4-8651-f1de05b70c64->9a8bbcb0-374a-4c81-ac50-592e91a540a5: nextIndex: updateUnconditionally 1 -> 0
2019-09-18 17:38:22,557 [grpc-default-executor-0] INFO  segmented.SegmentedRaftLogWorker (SegmentedRaftLogWorker.java:close(228)) - b060b580-934b-4ec4-8651-f1de05b70c64-SegmentedRaftLogWorker:Storage Directory /workdir/hadoop-ozone/integration-test/target/test-dir/MiniOzoneClusterImpl-d4c0e880-bf62-4364-84d9-05af48d348b5/datanode-2/data/ratis/bd5ac8e3-3d0e-4805-831e-167ffb37bdfb close()
2019-09-18 17:38:22,571 [Command processor thread] INFO  commandhandler.ClosePipelineCommandHandler (ClosePipelineCommandHandler.java:handle(87)) - Close Pipeline #PipelineID=bd5ac8e3-3d0e-4805-831e-167ffb37bdfb command on datanode #b060b580-934b-4ec4-8651-f1de05b70c64.
2019-09-18 17:38:22,583 [grpc-default-executor-0] INFO  impl.RaftServerProxy (RaftServerProxy.java:addNew(89)) - b060b580-934b-4ec4-8651-f1de05b70c64: addNew group-EF96043C5C9E:[b060b580-934b-4ec4-8651-f1de05b70c64:192.168.5.185:45486, 0231394f-1583-4251-b485-7c6cd8c14518:192.168.5.185:40969, 9a8bbcb0-374a-4c81-ac50-592e91a540a5:192.168.5.185:34448] returns group-EF96043C5C9E:java.util.concurrent.CompletableFuture@20339211[Not completed]
2019-09-18 17:38:22,587 [pool-49-thread-1] INFO  impl.RaftServerImpl (RaftServerImpl.java:<init>(93)) - b060b580-934b-4ec4-8651-f1de05b70c64: new RaftServerImpl for group-EF96043C5C9E:[b060b580-934b-4ec4-8651-f1de05b70c64:192.168.5.185:45486, 0231394f-1583-4251-b485-7c6cd8c14518:192.168.5.185:40969, 9a8bbcb0-374a-4c81-ac50-592e91a540a5:192.168.5.185:34448] with ContainerStateMachine:uninitialized
2019-09-18 17:38:22,587 [pool-49-thread-1] INFO  server.RaftServerConfigKeys (ConfUtils.java:logGet(43)) - raft.server.rpc.timeout.min = 5s (custom)
2019-09-18 17:38:22,587 [pool-49-thread-1] INFO  server.RaftServerConfigKeys (ConfUtils.java:logGet(43)) - raft.server.rpc.timeout.max = 5200ms (custom)
2019-09-18 17:38:22,588 [pool-49-thread-1] INFO  server.RaftServerConfigKeys (ConfUtils.java:logGet(43)) - raft.server.rpcslowness.timeout = 120s (custom)
2019-09-18 17:38:22,588 [pool-49-thread-1] INFO  server.RaftServerConfigKeys (ConfUtils.java:logGet(43)) - raft.server.sleep.deviation.threshold = 300 (default)
2019-09-18 17:38:22,588 [pool-49-thread-1] INFO  server.RaftServerConfigKeys (ConfUtils.java:logGet(43)) - raft.server.log.appender.install.snapshot.enabled = false (custom)
2019-09-18 17:38:22,589 [pool-49-thread-1] INFO  impl.RaftServerImpl (ServerState.java:<init>(105)) - b060b580-934b-4ec4-8651-f1de05b70c64:group-EF96043C5C9E ConfigurationManager, init=-1: [b060b580-934b-4ec4-8651-f1de05b70c64:192.168.5.185:45486, 0231394f-1583-4251-b485-7c6cd8c14518:192.168.5.185:40969, 9a8bbcb0-374a-4c81-ac50-592e91a540a5:192.168.5.185:34448], old=null, confs=<EMPTY_MAP>
2019-09-18 17:38:22,589 [pool-49-thread-1] INFO  server.RaftServerConfigKeys (ConfUtils.java:logGet(43)) - raft.server.storage.dir = [/workdir/hadoop-ozone/integration-test/target/test-dir/MiniOzoneClusterImpl-d4c0e880-bf62-4364-84d9-05af48d348b5/datanode-2/data/ratis] (custom)
2019-09-18 17:38:22,590 [pool-49-thread-1] INFO  storage.RaftStorageDirectory (RaftStorageDirectory.java:analyzeStorage(246)) - The storage directory /workdir/hadoop-ozone/integration-test/target/test-dir/MiniOzoneClusterImpl-d4c0e880-bf62-4364-84d9-05af48d348b5/datanode-2/data/ratis/c7e81349-9e6a-4fc0-ac0b-ef96043c5c9e does not exist. Creating ...
2019-09-18 17:38:22,623 [pool-49-thread-1] INFO  storage.RaftStorageDirectory (RaftStorageDirectory.java:tryLock(328)) - Lock on /workdir/hadoop-ozone/integration-test/target/test-dir/MiniOzoneClusterImpl-d4c0e880-bf62-4364-84d9-05af48d348b5/datanode-2/data/ratis/c7e81349-9e6a-4fc0-ac0b-ef96043c5c9e/in_use.lock acquired by nodename 25835@pr-hdds-2034-lb7qt-2171347232
2019-09-18 17:38:22,639 [pool-49-thread-1] INFO  storage.RaftStorage (RaftStorage.java:format(72)) - Storage directory /workdir/hadoop-ozone/integration-test/target/test-dir/MiniOzoneClusterImpl-d4c0e880-bf62-4364-84d9-05af48d348b5/datanode-2/data/ratis/c7e81349-9e6a-4fc0-ac0b-ef96043c5c9e has been successfully formatted.
2019-09-18 17:38:22,639 [pool-49-thread-1] INFO  ratis.ContainerStateMachine (ContainerStateMachine.java:loadSnapshot(226)) - group-EF96043C5C9E: The snapshot info is null. Setting the last applied indexto:(t:0, i:~)
2019-09-18 17:38:22,640 [pool-49-thread-1] INFO  server.RaftServerConfigKeys (ConfUtils.java:logGet(43)) - raft.server.leader.election.timeout = 120s (custom)
2019-09-18 17:38:22,640 [pool-49-thread-1] INFO  server.RaftServerConfigKeys (ConfUtils.java:logGet(43)) - raft.server.log.use.memory = false (default)
2019-09-18 17:38:22,640 [pool-49-thread-1] INFO  server.RaftServerConfigKeys (ConfUtils.java:logGet(43)) - raft.server.log.purge.gap = 1000000 (custom)
2019-09-18 17:38:22,640 [pool-49-thread-1] INFO  server.RaftServerConfigKeys (ConfUtils.java:logGet(43)) - raft.server.log.appender.buffer.byte-limit = 33554432 (custom)
2019-09-18 17:38:22,641 [pool-49-thread-1] INFO  server.RaftServerConfigKeys (ConfUtils.java:logGet(43)) - raft.server.log.segment.size.max = 1048576 (custom)
2019-09-18 17:38:22,641 [pool-49-thread-1] INFO  server.RaftServerConfigKeys (ConfUtils.java:logGet(43)) - raft.server.log.segment.cache.num.max = 2 (custom)
2019-09-18 17:38:22,641 [pool-49-thread-1] INFO  segmented.SegmentedRaftLogWorker (SegmentedRaftLogWorker.java:<init>(172)) - new b060b580-934b-4ec4-8651-f1de05b70c64-SegmentedRaftLogWorker:Storage Directory /workdir/hadoop-ozone/integration-test/target/test-dir/MiniOzoneClusterImpl-d4c0e880-bf62-4364-84d9-05af48d348b5/datanode-2/data/ratis/c7e81349-9e6a-4fc0-ac0b-ef96043c5c9e for RaftStorage:Storage Directory /workdir/hadoop-ozone/integration-test/target/test-dir/MiniOzoneClusterImpl-d4c0e880-bf62-4364-84d9-05af48d348b5/datanode-2/data/ratis/c7e81349-9e6a-4fc0-ac0b-ef96043c5c9e
2019-09-18 17:38:22,641 [pool-49-thread-1] INFO  server.RaftServerConfigKeys (ConfUtils.java:logGet(43)) - raft.server.log.queue.byte-limit = 2147483647 (custom)
2019-09-18 17:38:22,642 [pool-49-thread-1] INFO  server.RaftServerConfigKeys (ConfUtils.java:logGet(43)) - raft.server.log.queue.element-limit = 1024 (custom)
2019-09-18 17:38:22,642 [pool-49-thread-1] INFO  server.RaftServerConfigKeys (ConfUtils.java:logGet(43)) - raft.server.log.segment.size.max = 1048576 (custom)
2019-09-18 17:38:22,642 [pool-49-thread-1] INFO  server.RaftServerConfigKeys (ConfUtils.java:logGet(43)) - raft.server.log.preallocated.size = 16384 (custom)
2019-09-18 17:38:22,642 [pool-49-thread-1] INFO  server.RaftServerConfigKeys (ConfUtils.java:logGet(43)) - raft.server.log.write.buffer.size = 33554432 (custom)
2019-09-18 17:38:22,643 [pool-49-thread-1] INFO  server.RaftServerConfigKeys (ConfUtils.java:logGet(43)) - raft.server.log.force.sync.num = 128 (default)
2019-09-18 17:38:22,643 [pool-49-thread-1] INFO  server.RaftServerConfigKeys (ConfUtils.java:logGet(43)) - raft.server.log.statemachine.data.sync = true (default)
2019-09-18 17:38:22,643 [pool-49-thread-1] INFO  server.RaftServerConfigKeys (ConfUtils.java:logGet(43)) - raft.server.log.statemachine.data.sync.timeout = 10s (default)
2019-09-18 17:38:22,643 [pool-49-thread-1] INFO  server.RaftServerConfigKeys (ConfUtils.java:logGet(43)) - raft.server.log.statemachine.data.sync.timeout.retry = -1 (default)
2019-09-18 17:38:22,643 [pool-49-thread-1] INFO  server.RaftServerConfigKeys (ConfUtils.java:logGet(43)) - raft.server.log.statemachine.data.caching.enabled = true (custom)
2019-09-18 17:38:22,644 [pool-49-thread-1] INFO  segmented.SegmentedRaftLogWorker (SegmentedRaftLogWorker.java:lambda$new$0(132)) - b060b580-934b-4ec4-8651-f1de05b70c64-SegmentedRaftLogWorker:Storage Directory /workdir/hadoop-ozone/integration-test/target/test-dir/MiniOzoneClusterImpl-d4c0e880-bf62-4364-84d9-05af48d348b5/datanode-2/data/ratis/c7e81349-9e6a-4fc0-ac0b-ef96043c5c9e: flushIndex: setUnconditionally 0 -> -1
2019-09-18 17:38:22,644 [pool-49-thread-1] INFO  server.RaftServerConfigKeys (ConfUtils.java:logGet(43)) - raft.server.snapshot.auto.trigger.enabled = true (custom)
2019-09-18 17:38:22,645 [pool-49-thread-1] INFO  server.RaftServerConfigKeys (ConfUtils.java:logGet(43)) - raft.server.snapshot.auto.trigger.threshold = 10000 (custom)
2019-09-18 17:38:22,645 [pool-49-thread-1] INFO  server.RaftServerConfigKeys (ConfUtils.java:logGet(43)) - raft.server.retrycache.expirytime = 600000ms (custom)
2019-09-18 17:38:22,645 [pool-49-thread-1] INFO  impl.RaftServerImpl (RaftServerImpl.java:start(180)) - b060b580-934b-4ec4-8651-f1de05b70c64: start group-EF96043C5C9E
2019-09-18 17:38:22,645 [pool-49-thread-1] INFO  impl.RaftServerImpl (RaftServerImpl.java:setRole(171)) - b060b580-934b-4ec4-8651-f1de05b70c64:group-EF96043C5C9E changes role from null to FOLLOWER at term 0 for startAsFollower
2019-09-18 17:38:22,645 [pool-49-thread-1] INFO  impl.RoleInfo (RoleInfo.java:updateAndGet(143)) - b060b580-934b-4ec4-8651-f1de05b70c64: start FollowerState
2019-09-18 17:38:22,646 [pool-49-thread-1] INFO  util.JmxRegister (JmxRegister.java:tryRegister(44)) - Successfully registered JMX Bean with object name Ratis:service=RaftServer,group=group-EF96043C5C9E,id=b060b580-934b-4ec4-8651-f1de05b70c64
2019-09-18 17:38:22,653 [Command processor thread] INFO  commandhandler.CreatePipelineCommandHandler (CreatePipelineCommandHandler.java:handle(112)) - Create Pipeline RATIS THREE #PipelineID=c7e81349-9e6a-4fc0-ac0b-ef96043c5c9e command succeed on datanode b060b580-934b-4ec4-8651-f1de05b70c64.
2019-09-18 17:38:23,521 | INFO  | SCMAudit | user=jenkins1000 | ip=192.168.5.185 | op=SEND_HEARTBEAT {datanodeUUID=b060b580-934b-4ec4-8651-f1de05b70c64, command=[]} | ret=SUCCESS |  
2019-09-18 17:38:24,529 | INFO  | SCMAudit | user=jenkins1000 | ip=192.168.5.185 | op=SEND_HEARTBEAT {datanodeUUID=b060b580-934b-4ec4-8651-f1de05b70c64, command=[]} | ret=SUCCESS |  
2019-09-18 17:38:24,529 [EventQueue-CreatePipelineStatusForSCMPipelineManager] INFO  pipeline.SCMPipelineManager (SCMPipelineManager.java:onMessage(469)) - receive pipeline PipelineID=c7e81349-9e6a-4fc0-ac0b-ef96043c5c9e create status EXECUTED
2019-09-18 17:38:24,529 [EventQueue-CreatePipelineStatusForSCMPipelineManager] INFO  pipeline.PipelineStateManager (PipelineStateManager.java:openPipeline(134)) - Pipeline Pipeline[ Id: c7e81349-9e6a-4fc0-ac0b-ef96043c5c9e, Nodes: b060b580-934b-4ec4-8651-f1de05b70c64{ip: 192.168.5.185, host: pr-hdds-2034-lb7qt-2171347232, networkLocation: /default-rack, certSerialId: null}0231394f-1583-4251-b485-7c6cd8c14518{ip: 192.168.5.185, host: pr-hdds-2034-lb7qt-2171347232, networkLocation: /default-rack, certSerialId: null}9a8bbcb0-374a-4c81-ac50-592e91a540a5{ip: 192.168.5.185, host: pr-hdds-2034-lb7qt-2171347232, networkLocation: /default-rack, certSerialId: null}, Type:RATIS, Factor:THREE, State:ALLOCATED] moved to OPEN state
add pipeline PipelineID=c7e81349-9e6a-4fc0-ac0b-ef96043c5c9e to metrics map
2019-09-18 17:38:25,520 | INFO  | SCMAudit | user=jenkins1000 | ip=192.168.5.185 | op=SEND_HEARTBEAT {datanodeUUID=b060b580-934b-4ec4-8651-f1de05b70c64, command=[]} | ret=SUCCESS |  
2019-09-18 17:38:25,600 [main] INFO  ozoneimpl.OzoneContainer (OzoneContainer.java:stop(199)) - Attempting to stop container services.
2019-09-18 17:38:25,600 [ForkJoinPool.commonPool-worker-1] INFO  ozoneimpl.OzoneContainer (OzoneContainer.java:stop(199)) - Attempting to stop container services.
2019-09-18 17:38:25,603 [main] INFO  impl.RaftServerProxy (RaftServerProxy.java:lambda$close$4(314)) - 9a8bbcb0-374a-4c81-ac50-592e91a540a5: close
2019-09-18 17:38:25,603 [ForkJoinPool.commonPool-worker-1] INFO  impl.RaftServerProxy (RaftServerProxy.java:lambda$close$4(314)) - 0231394f-1583-4251-b485-7c6cd8c14518: close
2019-09-18 17:38:25,605 [ForkJoinPool.commonPool-worker-1] INFO  impl.RaftServerImpl (RaftServerImpl.java:lambda$shutdown$3(245)) - 0231394f-1583-4251-b485-7c6cd8c14518: shutdown group-38EB8F6C9D8D
2019-09-18 17:38:25,605 [main] INFO  impl.RaftServerImpl (RaftServerImpl.java:lambda$shutdown$3(245)) - 9a8bbcb0-374a-4c81-ac50-592e91a540a5: shutdown group-1C4D1B725638
2019-09-18 17:38:25,606 [ForkJoinPool.commonPool-worker-1] INFO  util.JmxRegister (JmxRegister.java:unregister(73)) - Successfully un-registered JMX Bean with object name Ratis:service=RaftServer,group=group-38EB8F6C9D8D,id=0231394f-1583-4251-b485-7c6cd8c14518
2019-09-18 17:38:25,606 [main] INFO  util.JmxRegister (JmxRegister.java:unregister(73)) - Successfully un-registered JMX Bean with object name Ratis:service=RaftServer,group=group-1C4D1B725638,id=9a8bbcb0-374a-4c81-ac50-592e91a540a5
2019-09-18 17:38:25,606 [ForkJoinPool.commonPool-worker-1] INFO  impl.RoleInfo (RoleInfo.java:shutdownLeaderState(104)) - 0231394f-1583-4251-b485-7c6cd8c14518: shutdown LeaderState
2019-09-18 17:38:25,607 [main] INFO  impl.RoleInfo (RoleInfo.java:shutdownLeaderState(104)) - 9a8bbcb0-374a-4c81-ac50-592e91a540a5: shutdown LeaderState
2019-09-18 17:38:25,607 [ForkJoinPool.commonPool-worker-1] INFO  impl.PendingRequests (PendingRequests.java:sendNotLeaderResponses(202)) - 0231394f-1583-4251-b485-7c6cd8c14518-PendingRequests: sendNotLeaderResponses
2019-09-18 17:38:25,609 [main] INFO  impl.PendingRequests (PendingRequests.java:sendNotLeaderResponses(202)) - 9a8bbcb0-374a-4c81-ac50-592e91a540a5-PendingRequests: sendNotLeaderResponses
2019-09-18 17:38:25,609 [ForkJoinPool.commonPool-worker-1] INFO  impl.StateMachineUpdater (StateMachineUpdater.java:stopAndJoin(115)) - StateMachineUpdater:0231394f-1583-4251-b485-7c6cd8c14518:group-38EB8F6C9D8D: set stopIndex = 0
2019-09-18 17:38:25,611 [main] INFO  impl.StateMachineUpdater (StateMachineUpdater.java:stopAndJoin(115)) - StateMachineUpdater:9a8bbcb0-374a-4c81-ac50-592e91a540a5:group-1C4D1B725638: set stopIndex = 0
2019-09-18 17:38:25,612 [ForkJoinPool.commonPool-worker-1] INFO  impl.RaftServerImpl (ServerState.java:close(394)) - 0231394f-1583-4251-b485-7c6cd8c14518:group-38EB8F6C9D8D closes. The last applied log index is 0
2019-09-18 17:38:25,613 [main] INFO  impl.RaftServerImpl (ServerState.java:close(394)) - 9a8bbcb0-374a-4c81-ac50-592e91a540a5:group-1C4D1B725638 closes. The last applied log index is 0
2019-09-18 17:38:25,613 [0231394f-1583-4251-b485-7c6cd8c14518-SegmentedRaftLogWorker:Storage Directory /workdir/hadoop-ozone/integration-test/target/test-dir/MiniOzoneClusterImpl-d4c0e880-bf62-4364-84d9-05af48d348b5/datanode-0/data/ratis/305dd8dc-84f4-44e5-9cf8-38eb8f6c9d8d] INFO  segmented.SegmentedRaftLogWorker (SegmentedRaftLogWorker.java:run(313)) - 0231394f-1583-4251-b485-7c6cd8c14518-SegmentedRaftLogWorker:Storage Directory /workdir/hadoop-ozone/integration-test/target/test-dir/MiniOzoneClusterImpl-d4c0e880-bf62-4364-84d9-05af48d348b5/datanode-0/data/ratis/305dd8dc-84f4-44e5-9cf8-38eb8f6c9d8d was interrupted, exiting. There are 0 tasks remaining in the queue.
2019-09-18 17:38:25,614 [9a8bbcb0-374a-4c81-ac50-592e91a540a5-SegmentedRaftLogWorker:Storage Directory /workdir/hadoop-ozone/integration-test/target/test-dir/MiniOzoneClusterImpl-d4c0e880-bf62-4364-84d9-05af48d348b5/datanode-1/data/ratis/625b4fb0-d3f1-423c-8781-1c4d1b725638] INFO  segmented.SegmentedRaftLogWorker (SegmentedRaftLogWorker.java:run(313)) - 9a8bbcb0-374a-4c81-ac50-592e91a540a5-SegmentedRaftLogWorker:Storage Directory /workdir/hadoop-ozone/integration-test/target/test-dir/MiniOzoneClusterImpl-d4c0e880-bf62-4364-84d9-05af48d348b5/datanode-1/data/ratis/625b4fb0-d3f1-423c-8781-1c4d1b725638 was interrupted, exiting. There are 0 tasks remaining in the queue.
2019-09-18 17:38:25,616 [ForkJoinPool.commonPool-worker-1] INFO  segmented.SegmentedRaftLogWorker (SegmentedRaftLogWorker.java:close(228)) - 0231394f-1583-4251-b485-7c6cd8c14518-SegmentedRaftLogWorker:Storage Directory /workdir/hadoop-ozone/integration-test/target/test-dir/MiniOzoneClusterImpl-d4c0e880-bf62-4364-84d9-05af48d348b5/datanode-0/data/ratis/305dd8dc-84f4-44e5-9cf8-38eb8f6c9d8d close()
2019-09-18 17:38:25,621 [main] INFO  segmented.SegmentedRaftLogWorker (SegmentedRaftLogWorker.java:close(228)) - 9a8bbcb0-374a-4c81-ac50-592e91a540a5-SegmentedRaftLogWorker:Storage Directory /workdir/hadoop-ozone/integration-test/target/test-dir/MiniOzoneClusterImpl-d4c0e880-bf62-4364-84d9-05af48d348b5/datanode-1/data/ratis/625b4fb0-d3f1-423c-8781-1c4d1b725638 close()
2019-09-18 17:38:25,624 [ForkJoinPool.commonPool-worker-1] INFO  impl.RaftServerImpl (RaftServerImpl.java:lambda$shutdown$3(245)) - 0231394f-1583-4251-b485-7c6cd8c14518: shutdown group-167FFB37BDFB
2019-09-18 17:38:25,627 [main] INFO  impl.RaftServerImpl (RaftServerImpl.java:lambda$shutdown$3(245)) - 9a8bbcb0-374a-4c81-ac50-592e91a540a5: shutdown group-167FFB37BDFB
2019-09-18 17:38:25,627 [ForkJoinPool.commonPool-worker-1] INFO  util.JmxRegister (JmxRegister.java:unregister(73)) - Successfully un-registered JMX Bean with object name Ratis:service=RaftServer,group=group-167FFB37BDFB,id=0231394f-1583-4251-b485-7c6cd8c14518
2019-09-18 17:38:25,627 [main] INFO  util.JmxRegister (JmxRegister.java:unregister(73)) - Successfully un-registered JMX Bean with object name Ratis:service=RaftServer,group=group-167FFB37BDFB,id=9a8bbcb0-374a-4c81-ac50-592e91a540a5
2019-09-18 17:38:25,627 [ForkJoinPool.commonPool-worker-1] INFO  impl.RoleInfo (RoleInfo.java:shutdownFollowerState(121)) - 0231394f-1583-4251-b485-7c6cd8c14518: shutdown FollowerState
2019-09-18 17:38:25,628 [main] INFO  impl.RoleInfo (RoleInfo.java:shutdownFollowerState(121)) - 9a8bbcb0-374a-4c81-ac50-592e91a540a5: shutdown FollowerState
2019-09-18 17:38:25,628 [Thread-213] INFO  impl.FollowerState (FollowerState.java:run(114)) - 0231394f-1583-4251-b485-7c6cd8c14518: FollowerState was interrupted: java.lang.InterruptedException: sleep interrupted
2019-09-18 17:38:25,628 [ForkJoinPool.commonPool-worker-1] INFO  impl.StateMachineUpdater (StateMachineUpdater.java:stopAndJoin(115)) - StateMachineUpdater:0231394f-1583-4251-b485-7c6cd8c14518:group-167FFB37BDFB: set stopIndex = 0
2019-09-18 17:38:25,631 [ForkJoinPool.commonPool-worker-1] INFO  impl.RaftServerImpl (ServerState.java:close(394)) - 0231394f-1583-4251-b485-7c6cd8c14518:group-167FFB37BDFB closes. The last applied log index is 0
2019-09-18 17:38:25,629 [Thread-212] INFO  impl.FollowerState (FollowerState.java:run(114)) - 9a8bbcb0-374a-4c81-ac50-592e91a540a5: FollowerState was interrupted: java.lang.InterruptedException: sleep interrupted
2019-09-18 17:38:25,631 [0231394f-1583-4251-b485-7c6cd8c14518-SegmentedRaftLogWorker:Storage Directory /workdir/hadoop-ozone/integration-test/target/test-dir/MiniOzoneClusterImpl-d4c0e880-bf62-4364-84d9-05af48d348b5/datanode-0/data/ratis/bd5ac8e3-3d0e-4805-831e-167ffb37bdfb] INFO  segmented.SegmentedRaftLogWorker (SegmentedRaftLogWorker.java:run(313)) - 0231394f-1583-4251-b485-7c6cd8c14518-SegmentedRaftLogWorker:Storage Directory /workdir/hadoop-ozone/integration-test/target/test-dir/MiniOzoneClusterImpl-d4c0e880-bf62-4364-84d9-05af48d348b5/datanode-0/data/ratis/bd5ac8e3-3d0e-4805-831e-167ffb37bdfb was interrupted, exiting. There are 0 tasks remaining in the queue.
2019-09-18 17:38:25,629 [main] INFO  impl.StateMachineUpdater (StateMachineUpdater.java:stopAndJoin(115)) - StateMachineUpdater:9a8bbcb0-374a-4c81-ac50-592e91a540a5:group-167FFB37BDFB: set stopIndex = 0
2019-09-18 17:38:25,634 [ForkJoinPool.commonPool-worker-1] INFO  segmented.SegmentedRaftLogWorker (SegmentedRaftLogWorker.java:close(228)) - 0231394f-1583-4251-b485-7c6cd8c14518-SegmentedRaftLogWorker:Storage Directory /workdir/hadoop-ozone/integration-test/target/test-dir/MiniOzoneClusterImpl-d4c0e880-bf62-4364-84d9-05af48d348b5/datanode-0/data/ratis/bd5ac8e3-3d0e-4805-831e-167ffb37bdfb close()
2019-09-18 17:38:25,634 [main] INFO  impl.RaftServerImpl (ServerState.java:close(394)) - 9a8bbcb0-374a-4c81-ac50-592e91a540a5:group-167FFB37BDFB closes. The last applied log index is 0
2019-09-18 17:38:25,638 [9a8bbcb0-374a-4c81-ac50-592e91a540a5-SegmentedRaftLogWorker:Storage Directory /workdir/hadoop-ozone/integration-test/target/test-dir/MiniOzoneClusterImpl-d4c0e880-bf62-4364-84d9-05af48d348b5/datanode-1/data/ratis/bd5ac8e3-3d0e-4805-831e-167ffb37bdfb] INFO  segmented.SegmentedRaftLogWorker (SegmentedRaftLogWorker.java:run(313)) - 9a8bbcb0-374a-4c81-ac50-592e91a540a5-SegmentedRaftLogWorker:Storage Directory /workdir/hadoop-ozone/integration-test/target/test-dir/MiniOzoneClusterImpl-d4c0e880-bf62-4364-84d9-05af48d348b5/datanode-1/data/ratis/bd5ac8e3-3d0e-4805-831e-167ffb37bdfb was interrupted, exiting. There are 0 tasks remaining in the queue.
2019-09-18 17:38:25,638 [ForkJoinPool.commonPool-worker-1] INFO  server.GrpcService (GrpcService.java:closeImpl(155)) - 0231394f-1583-4251-b485-7c6cd8c14518: shutdown server with port 40969 now
2019-09-18 17:38:25,641 [main] INFO  segmented.SegmentedRaftLogWorker (SegmentedRaftLogWorker.java:close(228)) - 9a8bbcb0-374a-4c81-ac50-592e91a540a5-SegmentedRaftLogWorker:Storage Directory /workdir/hadoop-ozone/integration-test/target/test-dir/MiniOzoneClusterImpl-d4c0e880-bf62-4364-84d9-05af48d348b5/datanode-1/data/ratis/bd5ac8e3-3d0e-4805-831e-167ffb37bdfb close()
2019-09-18 17:38:25,644 [main] INFO  server.GrpcService (GrpcService.java:closeImpl(155)) - 9a8bbcb0-374a-4c81-ac50-592e91a540a5: shutdown server with port 34448 now
2019-09-18 17:38:25,645 [main] INFO  server.GrpcService (GrpcService.java:closeImpl(163)) - 9a8bbcb0-374a-4c81-ac50-592e91a540a5: shutdown server with port 34448 successfully
2019-09-18 17:38:25,646 [ForkJoinPool.commonPool-worker-1] INFO  server.GrpcService (GrpcService.java:closeImpl(163)) - 0231394f-1583-4251-b485-7c6cd8c14518: shutdown server with port 40969 successfully
2019-09-18 17:38:25,656 [main] INFO  utils.BackgroundService (BackgroundService.java:shutdown(148)) - Shutting down service BlockDeletingService
2019-09-18 17:38:25,656 [ForkJoinPool.commonPool-worker-1] INFO  utils.BackgroundService (BackgroundService.java:shutdown(148)) - Shutting down service BlockDeletingService
2019-09-18 17:38:25,657 [refreshUsed-/workdir/hadoop-ozone/integration-test/target/test-dir/MiniOzoneClusterImpl-d4c0e880-bf62-4364-84d9-05af48d348b5/datanode-1/data/containers] WARN  fs.CachingGetSpaceUsed (CachingGetSpaceUsed.java:run(183)) - Thread Interrupted waiting to refresh disk information: sleep interrupted
2019-09-18 17:38:25,657 [refreshUsed-/workdir/hadoop-ozone/integration-test/target/test-dir/MiniOzoneClusterImpl-d4c0e880-bf62-4364-84d9-05af48d348b5/datanode-0/data/containers] WARN  fs.CachingGetSpaceUsed (CachingGetSpaceUsed.java:run(183)) - Thread Interrupted waiting to refresh disk information: sleep interrupted
2019-09-18 17:38:25,677 [main] INFO  statemachine.DatanodeStateMachine (DatanodeStateMachine.java:stopDaemon(401)) - Ozone container server stopped.
2019-09-18 17:38:25,678 [main] INFO  handler.ContextHandler (ContextHandler.java:doStop(910)) - Stopped o.e.j.w.WebAppContext@2f9a10df{/,null,UNAVAILABLE}{/hddsDatanode}
2019-09-18 17:38:25,678 [main] INFO  server.AbstractConnector (AbstractConnector.java:doStop(318)) - Stopped ServerConnector@773c2214{HTTP/1.1,[http/1.1]}{0.0.0.0:0}
2019-09-18 17:38:25,679 [main] INFO  handler.ContextHandler (ContextHandler.java:doStop(910)) - Stopped o.e.j.s.ServletContextHandler@2c3158e0{/static,jar:file:/home/user/.m2/repository/org/apache/hadoop/hadoop-hdds-container-service/0.5.0-SNAPSHOT/hadoop-hdds-container-service-0.5.0-SNAPSHOT.jar!/webapps/static,UNAVAILABLE}
2019-09-18 17:38:25,679 [main] INFO  handler.ContextHandler (ContextHandler.java:doStop(910)) - Stopped o.e.j.s.ServletContextHandler@26582ca{/logs,file:///workdir/hadoop-ozone/integration-test/target/log,UNAVAILABLE}
2019-09-18 17:38:25,680 [main] INFO  datanode.ObjectStoreHandler (ObjectStoreHandler.java:close(155)) - Closing ObjectStoreHandler.
2019-09-18 17:38:25,680 [main] INFO  ozone.HddsDatanodeService (HddsDatanodeService.java:stop(451)) - Stopped plug-in org.apache.hadoop.ozone.web.OzoneHddsDatanodeService@45554613
2019-09-18 17:38:25,687 [ForkJoinPool.commonPool-worker-1] INFO  statemachine.DatanodeStateMachine (DatanodeStateMachine.java:stopDaemon(401)) - Ozone container server stopped.
2019-09-18 17:38:25,689 [ForkJoinPool.commonPool-worker-1] INFO  handler.ContextHandler (ContextHandler.java:doStop(910)) - Stopped o.e.j.w.WebAppContext@671d1157{/,null,UNAVAILABLE}{/hddsDatanode}
2019-09-18 17:38:25,690 [ForkJoinPool.commonPool-worker-1] INFO  server.AbstractConnector (AbstractConnector.java:doStop(318)) - Stopped ServerConnector@60c8a093{HTTP/1.1,[http/1.1]}{0.0.0.0:0}
2019-09-18 17:38:25,691 [ForkJoinPool.commonPool-worker-1] INFO  handler.ContextHandler (ContextHandler.java:doStop(910)) - Stopped o.e.j.s.ServletContextHandler@2f897dab{/static,jar:file:/home/user/.m2/repository/org/apache/hadoop/hadoop-hdds-container-service/0.5.0-SNAPSHOT/hadoop-hdds-container-service-0.5.0-SNAPSHOT.jar!/webapps/static,UNAVAILABLE}
2019-09-18 17:38:25,692 [ForkJoinPool.commonPool-worker-1] INFO  handler.ContextHandler (ContextHandler.java:doStop(910)) - Stopped o.e.j.s.ServletContextHandler@1687eb01{/logs,file:///workdir/hadoop-ozone/integration-test/target/log,UNAVAILABLE}
2019-09-18 17:38:26,518 [Datanode State Machine Thread - 0] INFO  statemachine.DatanodeStateMachine (DatanodeStateMachine.java:lambda$startDaemon$0(356)) - Ozone container server started.
2019-09-18 17:38:27,830 [Thread-227] INFO  impl.FollowerState (FollowerState.java:run(106)) - b060b580-934b-4ec4-8651-f1de05b70c64:group-EF96043C5C9E changes to CANDIDATE, lastRpcTime:5184, electionTimeout:5184ms
2019-09-18 17:38:27,830 [Thread-227] INFO  impl.RoleInfo (RoleInfo.java:shutdownFollowerState(121)) - b060b580-934b-4ec4-8651-f1de05b70c64: shutdown FollowerState
2019-09-18 17:38:27,831 [Thread-227] INFO  impl.RaftServerImpl (RaftServerImpl.java:setRole(171)) - b060b580-934b-4ec4-8651-f1de05b70c64:group-EF96043C5C9E changes role from FOLLOWER to CANDIDATE at term 0 for changeToCandidate
2019-09-18 17:38:27,831 [Thread-227] INFO  impl.RoleInfo (RoleInfo.java:updateAndGet(143)) - b060b580-934b-4ec4-8651-f1de05b70c64: start LeaderElection
2019-09-18 17:38:27,867 [b060b580-934b-4ec4-8651-f1de05b70c64:group-EF96043C5C9E:LeaderElection5] INFO  impl.LeaderElection (LeaderElection.java:askForVotes(181)) - b060b580-934b-4ec4-8651-f1de05b70c64:group-EF96043C5C9E:LeaderElection5: begin an election at term 1 for -1: [b060b580-934b-4ec4-8651-f1de05b70c64:192.168.5.185:45486, 0231394f-1583-4251-b485-7c6cd8c14518:192.168.5.185:40969, 9a8bbcb0-374a-4c81-ac50-592e91a540a5:192.168.5.185:34448], old=null
2019-09-18 17:38:27,886 [b060b580-934b-4ec4-8651-f1de05b70c64:group-EF96043C5C9E:LeaderElection5] INFO  impl.LeaderElection (LogUtils.java:infoOrTrace(149)) - b060b580-934b-4ec4-8651-f1de05b70c64:group-EF96043C5C9E:LeaderElection5 got exception when requesting votes: {}
java.util.concurrent.ExecutionException: org.apache.ratis.thirdparty.io.grpc.StatusRuntimeException: UNAVAILABLE: io exception
	at java.util.concurrent.FutureTask.report(FutureTask.java:122)
	at java.util.concurrent.FutureTask.get(FutureTask.java:192)
	at org.apache.ratis.server.impl.LeaderElection.waitForResults(LeaderElection.java:262)
	at org.apache.ratis.server.impl.LeaderElection.askForVotes(LeaderElection.java:200)
	at org.apache.ratis.server.impl.LeaderElection.run(LeaderElection.java:130)
	at java.lang.Thread.run(Thread.java:748)
Caused by: org.apache.ratis.thirdparty.io.grpc.StatusRuntimeException: UNAVAILABLE: io exception
	at org.apache.ratis.thirdparty.io.grpc.stub.ClientCalls.toStatusRuntimeException(ClientCalls.java:233)
	at org.apache.ratis.thirdparty.io.grpc.stub.ClientCalls.getUnchecked(ClientCalls.java:214)
	at org.apache.ratis.thirdparty.io.grpc.stub.ClientCalls.blockingUnaryCall(ClientCalls.java:139)
	at org.apache.ratis.proto.grpc.RaftServerProtocolServiceGrpc$RaftServerProtocolServiceBlockingStub.requestVote(RaftServerProtocolServiceGrpc.java:265)
	at org.apache.ratis.grpc.server.GrpcServerProtocolClient.requestVote(GrpcServerProtocolClient.java:83)
	at org.apache.ratis.grpc.server.GrpcService.requestVote(GrpcService.java:195)
	at org.apache.ratis.server.impl.LeaderElection.lambda$submitRequests$1(LeaderElection.java:237)
	at java.util.concurrent.FutureTask.run(FutureTask.java:266)
	at java.util.concurrent.Executors$RunnableAdapter.call(Executors.java:511)
	at java.util.concurrent.FutureTask.run(FutureTask.java:266)
	at java.util.concurrent.ThreadPoolExecutor.runWorker(ThreadPoolExecutor.java:1149)
	at java.util.concurrent.ThreadPoolExecutor$Worker.run(ThreadPoolExecutor.java:624)
	... 1 more
Caused by: org.apache.ratis.thirdparty.io.netty.channel.AbstractChannel$AnnotatedConnectException: Connection refused: /192.168.5.185:34448
	at sun.nio.ch.SocketChannelImpl.checkConnect(Native Method)
	at sun.nio.ch.SocketChannelImpl.finishConnect(SocketChannelImpl.java:717)
	at org.apache.ratis.thirdparty.io.netty.channel.socket.nio.NioSocketChannel.doFinishConnect(NioSocketChannel.java:327)
	at org.apache.ratis.thirdparty.io.netty.channel.nio.AbstractNioChannel$AbstractNioUnsafe.finishConnect(AbstractNioChannel.java:340)
	at org.apache.ratis.thirdparty.io.netty.channel.nio.NioEventLoop.processSelectedKey(NioEventLoop.java:632)
	at org.apache.ratis.thirdparty.io.netty.channel.nio.NioEventLoop.processSelectedKeysOptimized(NioEventLoop.java:579)
	at org.apache.ratis.thirdparty.io.netty.channel.nio.NioEventLoop.processSelectedKeys(NioEventLoop.java:496)
	at org.apache.ratis.thirdparty.io.netty.channel.nio.NioEventLoop.run(NioEventLoop.java:458)
	at org.apache.ratis.thirdparty.io.netty.util.concurrent.SingleThreadEventExecutor$5.run(SingleThreadEventExecutor.java:897)
	at org.apache.ratis.thirdparty.io.netty.util.concurrent.FastThreadLocalRunnable.run(FastThreadLocalRunnable.java:30)
	... 1 more
Caused by: java.net.ConnectException: Connection refused
	... 11 more
2019-09-18 17:38:27,889 [b060b580-934b-4ec4-8651-f1de05b70c64:group-EF96043C5C9E:LeaderElection5] INFO  impl.LeaderElection (LogUtils.java:infoOrTrace(149)) - b060b580-934b-4ec4-8651-f1de05b70c64:group-EF96043C5C9E:LeaderElection5 got exception when requesting votes: {}
java.util.concurrent.ExecutionException: org.apache.ratis.thirdparty.io.grpc.StatusRuntimeException: UNAVAILABLE: io exception
	at java.util.concurrent.FutureTask.report(FutureTask.java:122)
	at java.util.concurrent.FutureTask.get(FutureTask.java:192)
	at org.apache.ratis.server.impl.LeaderElection.waitForResults(LeaderElection.java:262)
	at org.apache.ratis.server.impl.LeaderElection.askForVotes(LeaderElection.java:200)
	at org.apache.ratis.server.impl.LeaderElection.run(LeaderElection.java:130)
	at java.lang.Thread.run(Thread.java:748)
Caused by: org.apache.ratis.thirdparty.io.grpc.StatusRuntimeException: UNAVAILABLE: io exception
	at org.apache.ratis.thirdparty.io.grpc.stub.ClientCalls.toStatusRuntimeException(ClientCalls.java:233)
	at org.apache.ratis.thirdparty.io.grpc.stub.ClientCalls.getUnchecked(ClientCalls.java:214)
	at org.apache.ratis.thirdparty.io.grpc.stub.ClientCalls.blockingUnaryCall(ClientCalls.java:139)
	at org.apache.ratis.proto.grpc.RaftServerProtocolServiceGrpc$RaftServerProtocolServiceBlockingStub.requestVote(RaftServerProtocolServiceGrpc.java:265)
	at org.apache.ratis.grpc.server.GrpcServerProtocolClient.requestVote(GrpcServerProtocolClient.java:83)
	at org.apache.ratis.grpc.server.GrpcService.requestVote(GrpcService.java:195)
	at org.apache.ratis.server.impl.LeaderElection.lambda$submitRequests$1(LeaderElection.java:237)
	at java.util.concurrent.FutureTask.run(FutureTask.java:266)
	at java.util.concurrent.Executors$RunnableAdapter.call(Executors.java:511)
	at java.util.concurrent.FutureTask.run(FutureTask.java:266)
	at java.util.concurrent.ThreadPoolExecutor.runWorker(ThreadPoolExecutor.java:1149)
	at java.util.concurrent.ThreadPoolExecutor$Worker.run(ThreadPoolExecutor.java:624)
	... 1 more
Caused by: org.apache.ratis.thirdparty.io.netty.channel.AbstractChannel$AnnotatedConnectException: Connection refused: /192.168.5.185:40969
	at sun.nio.ch.SocketChannelImpl.checkConnect(Native Method)
	at sun.nio.ch.SocketChannelImpl.finishConnect(SocketChannelImpl.java:717)
	at org.apache.ratis.thirdparty.io.netty.channel.socket.nio.NioSocketChannel.doFinishConnect(NioSocketChannel.java:327)
	at org.apache.ratis.thirdparty.io.netty.channel.nio.AbstractNioChannel$AbstractNioUnsafe.finishConnect(AbstractNioChannel.java:340)
	at org.apache.ratis.thirdparty.io.netty.channel.nio.NioEventLoop.processSelectedKey(NioEventLoop.java:632)
	at org.apache.ratis.thirdparty.io.netty.channel.nio.NioEventLoop.processSelectedKeysOptimized(NioEventLoop.java:579)
	at org.apache.ratis.thirdparty.io.netty.channel.nio.NioEventLoop.processSelectedKeys(NioEventLoop.java:496)
	at org.apache.ratis.thirdparty.io.netty.channel.nio.NioEventLoop.run(NioEventLoop.java:458)
	at org.apache.ratis.thirdparty.io.netty.util.concurrent.SingleThreadEventExecutor$5.run(SingleThreadEventExecutor.java:897)
	at org.apache.ratis.thirdparty.io.netty.util.concurrent.FastThreadLocalRunnable.run(FastThreadLocalRunnable.java:30)
	... 1 more
Caused by: java.net.ConnectException: Connection refused
	... 11 more
2019-09-18 17:38:27,890 [b060b580-934b-4ec4-8651-f1de05b70c64:group-EF96043C5C9E:LeaderElection5] INFO  impl.LeaderElection (LeaderElection.java:logAndReturn(56)) - b060b580-934b-4ec4-8651-f1de05b70c64:group-EF96043C5C9E:LeaderElection5: Election REJECTED; received 0 response(s) [] and 2 exception(s); b060b580-934b-4ec4-8651-f1de05b70c64:t1, leader=null, voted=b060b580-934b-4ec4-8651-f1de05b70c64, raftlog=b060b580-934b-4ec4-8651-f1de05b70c64-SegmentedRaftLog:OPENED:c-1,f-1,i0, conf=-1: [b060b580-934b-4ec4-8651-f1de05b70c64:192.168.5.185:45486, 0231394f-1583-4251-b485-7c6cd8c14518:192.168.5.185:40969, 9a8bbcb0-374a-4c81-ac50-592e91a540a5:192.168.5.185:34448], old=null
2019-09-18 17:38:27,891 [b060b580-934b-4ec4-8651-f1de05b70c64:group-EF96043C5C9E:LeaderElection5] INFO  impl.LeaderElection (LogUtils.java:infoOrTrace(149)) -   Exception 0: {}
java.util.concurrent.ExecutionException: org.apache.ratis.thirdparty.io.grpc.StatusRuntimeException: UNAVAILABLE: io exception
	at java.util.concurrent.FutureTask.report(FutureTask.java:122)
	at java.util.concurrent.FutureTask.get(FutureTask.java:192)
	at org.apache.ratis.server.impl.LeaderElection.waitForResults(LeaderElection.java:262)
	at org.apache.ratis.server.impl.LeaderElection.askForVotes(LeaderElection.java:200)
	at org.apache.ratis.server.impl.LeaderElection.run(LeaderElection.java:130)
	at java.lang.Thread.run(Thread.java:748)
Caused by: org.apache.ratis.thirdparty.io.grpc.StatusRuntimeException: UNAVAILABLE: io exception
	at org.apache.ratis.thirdparty.io.grpc.stub.ClientCalls.toStatusRuntimeException(ClientCalls.java:233)
	at org.apache.ratis.thirdparty.io.grpc.stub.ClientCalls.getUnchecked(ClientCalls.java:214)
	at org.apache.ratis.thirdparty.io.grpc.stub.ClientCalls.blockingUnaryCall(ClientCalls.java:139)
	at org.apache.ratis.proto.grpc.RaftServerProtocolServiceGrpc$RaftServerProtocolServiceBlockingStub.requestVote(RaftServerProtocolServiceGrpc.java:265)
	at org.apache.ratis.grpc.server.GrpcServerProtocolClient.requestVote(GrpcServerProtocolClient.java:83)
	at org.apache.ratis.grpc.server.GrpcService.requestVote(GrpcService.java:195)
	at org.apache.ratis.server.impl.LeaderElection.lambda$submitRequests$1(LeaderElection.java:237)
	at java.util.concurrent.FutureTask.run(FutureTask.java:266)
	at java.util.concurrent.Executors$RunnableAdapter.call(Executors.java:511)
	at java.util.concurrent.FutureTask.run(FutureTask.java:266)
	at java.util.concurrent.ThreadPoolExecutor.runWorker(ThreadPoolExecutor.java:1149)
	at java.util.concurrent.ThreadPoolExecutor$Worker.run(ThreadPoolExecutor.java:624)
	... 1 more
Caused by: org.apache.ratis.thirdparty.io.netty.channel.AbstractChannel$AnnotatedConnectException: Connection refused: /192.168.5.185:34448
	at sun.nio.ch.SocketChannelImpl.checkConnect(Native Method)
	at sun.nio.ch.SocketChannelImpl.finishConnect(SocketChannelImpl.java:717)
	at org.apache.ratis.thirdparty.io.netty.channel.socket.nio.NioSocketChannel.doFinishConnect(NioSocketChannel.java:327)
	at org.apache.ratis.thirdparty.io.netty.channel.nio.AbstractNioChannel$AbstractNioUnsafe.finishConnect(AbstractNioChannel.java:340)
	at org.apache.ratis.thirdparty.io.netty.channel.nio.NioEventLoop.processSelectedKey(NioEventLoop.java:632)
	at org.apache.ratis.thirdparty.io.netty.channel.nio.NioEventLoop.processSelectedKeysOptimized(NioEventLoop.java:579)
	at org.apache.ratis.thirdparty.io.netty.channel.nio.NioEventLoop.processSelectedKeys(NioEventLoop.java:496)
	at org.apache.ratis.thirdparty.io.netty.channel.nio.NioEventLoop.run(NioEventLoop.java:458)
	at org.apache.ratis.thirdparty.io.netty.util.concurrent.SingleThreadEventExecutor$5.run(SingleThreadEventExecutor.java:897)
	at org.apache.ratis.thirdparty.io.netty.util.concurrent.FastThreadLocalRunnable.run(FastThreadLocalRunnable.java:30)
	... 1 more
Caused by: java.net.ConnectException: Connection refused
	... 11 more
2019-09-18 17:38:27,891 [b060b580-934b-4ec4-8651-f1de05b70c64:group-EF96043C5C9E:LeaderElection5] INFO  impl.LeaderElection (LogUtils.java:infoOrTrace(149)) -   Exception 1: {}
java.util.concurrent.ExecutionException: org.apache.ratis.thirdparty.io.grpc.StatusRuntimeException: UNAVAILABLE: io exception
	at java.util.concurrent.FutureTask.report(FutureTask.java:122)
	at java.util.concurrent.FutureTask.get(FutureTask.java:192)
	at org.apache.ratis.server.impl.LeaderElection.waitForResults(LeaderElection.java:262)
	at org.apache.ratis.server.impl.LeaderElection.askForVotes(LeaderElection.java:200)
	at org.apache.ratis.server.impl.LeaderElection.run(LeaderElection.java:130)
	at java.lang.Thread.run(Thread.java:748)
Caused by: org.apache.ratis.thirdparty.io.grpc.StatusRuntimeException: UNAVAILABLE: io exception
	at org.apache.ratis.thirdparty.io.grpc.stub.ClientCalls.toStatusRuntimeException(ClientCalls.java:233)
	at org.apache.ratis.thirdparty.io.grpc.stub.ClientCalls.getUnchecked(ClientCalls.java:214)
	at org.apache.ratis.thirdparty.io.grpc.stub.ClientCalls.blockingUnaryCall(ClientCalls.java:139)
	at org.apache.ratis.proto.grpc.RaftServerProtocolServiceGrpc$RaftServerProtocolServiceBlockingStub.requestVote(RaftServerProtocolServiceGrpc.java:265)
	at org.apache.ratis.grpc.server.GrpcServerProtocolClient.requestVote(GrpcServerProtocolClient.java:83)
	at org.apache.ratis.grpc.server.GrpcService.requestVote(GrpcService.java:195)
	at org.apache.ratis.server.impl.LeaderElection.lambda$submitRequests$1(LeaderElection.java:237)
	at java.util.concurrent.FutureTask.run(FutureTask.java:266)
	at java.util.concurrent.Executors$RunnableAdapter.call(Executors.java:511)
	at java.util.concurrent.FutureTask.run(FutureTask.java:266)
	at java.util.concurrent.ThreadPoolExecutor.runWorker(ThreadPoolExecutor.java:1149)
	at java.util.concurrent.ThreadPoolExecutor$Worker.run(ThreadPoolExecutor.java:624)
	... 1 more
Caused by: org.apache.ratis.thirdparty.io.netty.channel.AbstractChannel$AnnotatedConnectException: Connection refused: /192.168.5.185:40969
	at sun.nio.ch.SocketChannelImpl.checkConnect(Native Method)
	at sun.nio.ch.SocketChannelImpl.finishConnect(SocketChannelImpl.java:717)
	at org.apache.ratis.thirdparty.io.netty.channel.socket.nio.NioSocketChannel.doFinishConnect(NioSocketChannel.java:327)
	at org.apache.ratis.thirdparty.io.netty.channel.nio.AbstractNioChannel$AbstractNioUnsafe.finishConnect(AbstractNioChannel.java:340)
	at org.apache.ratis.thirdparty.io.netty.channel.nio.NioEventLoop.processSelectedKey(NioEventLoop.java:632)
	at org.apache.ratis.thirdparty.io.netty.channel.nio.NioEventLoop.processSelectedKeysOptimized(NioEventLoop.java:579)
	at org.apache.ratis.thirdparty.io.netty.channel.nio.NioEventLoop.processSelectedKeys(NioEventLoop.java:496)
	at org.apache.ratis.thirdparty.io.netty.channel.nio.NioEventLoop.run(NioEventLoop.java:458)
	at org.apache.ratis.thirdparty.io.netty.util.concurrent.SingleThreadEventExecutor$5.run(SingleThreadEventExecutor.java:897)
	at org.apache.ratis.thirdparty.io.netty.util.concurrent.FastThreadLocalRunnable.run(FastThreadLocalRunnable.java:30)
	... 1 more
Caused by: java.net.ConnectException: Connection refused
	... 11 more
2019-09-18 17:38:27,892 [b060b580-934b-4ec4-8651-f1de05b70c64:group-EF96043C5C9E:LeaderElection5] INFO  impl.RaftServerImpl (RaftServerImpl.java:setRole(171)) - b060b580-934b-4ec4-8651-f1de05b70c64:group-EF96043C5C9E changes role from CANDIDATE to FOLLOWER at term 1 for DISCOVERED_A_NEW_TERM
2019-09-18 17:38:27,893 [b060b580-934b-4ec4-8651-f1de05b70c64:group-EF96043C5C9E:LeaderElection5] INFO  impl.RoleInfo (RoleInfo.java:shutdownLeaderElection(134)) - b060b580-934b-4ec4-8651-f1de05b70c64: shutdown LeaderElection
2019-09-18 17:38:27,893 [b060b580-934b-4ec4-8651-f1de05b70c64:group-EF96043C5C9E:LeaderElection5] INFO  impl.RoleInfo (RoleInfo.java:updateAndGet(143)) - b060b580-934b-4ec4-8651-f1de05b70c64: start FollowerState
2019-09-18 17:38:30,681 [main] INFO  ozoneimpl.OzoneContainer (OzoneContainer.java:stop(199)) - Attempting to stop container services.
2019-09-18 17:38:30,683 [main] INFO  impl.RaftServerProxy (RaftServerProxy.java:lambda$close$4(314)) - b060b580-934b-4ec4-8651-f1de05b70c64: close
2019-09-18 17:38:30,683 [main] INFO  impl.RaftServerImpl (RaftServerImpl.java:lambda$shutdown$3(245)) - b060b580-934b-4ec4-8651-f1de05b70c64: shutdown group-EF96043C5C9E
2019-09-18 17:38:30,684 [ForkJoinPool.commonPool-worker-0] INFO  impl.RaftServerImpl (RaftServerImpl.java:lambda$shutdown$3(245)) - b060b580-934b-4ec4-8651-f1de05b70c64: shutdown group-8C7F5062E589
2019-09-18 17:38:30,684 [main] INFO  util.JmxRegister (JmxRegister.java:unregister(73)) - Successfully un-registered JMX Bean with object name Ratis:service=RaftServer,group=group-EF96043C5C9E,id=b060b580-934b-4ec4-8651-f1de05b70c64
2019-09-18 17:38:30,684 [ForkJoinPool.commonPool-worker-0] INFO  util.JmxRegister (JmxRegister.java:unregister(73)) - Successfully un-registered JMX Bean with object name Ratis:service=RaftServer,group=group-8C7F5062E589,id=b060b580-934b-4ec4-8651-f1de05b70c64
2019-09-18 17:38:30,684 [main] INFO  impl.RoleInfo (RoleInfo.java:shutdownFollowerState(121)) - b060b580-934b-4ec4-8651-f1de05b70c64: shutdown FollowerState
2019-09-18 17:38:30,685 [ForkJoinPool.commonPool-worker-0] INFO  impl.RoleInfo (RoleInfo.java:shutdownLeaderState(104)) - b060b580-934b-4ec4-8651-f1de05b70c64: shutdown LeaderState
2019-09-18 17:38:30,685 [Thread-232] INFO  impl.FollowerState (FollowerState.java:run(114)) - b060b580-934b-4ec4-8651-f1de05b70c64: FollowerState was interrupted: java.lang.InterruptedException: sleep interrupted
2019-09-18 17:38:30,685 [main] INFO  impl.StateMachineUpdater (StateMachineUpdater.java:stopAndJoin(115)) - StateMachineUpdater:b060b580-934b-4ec4-8651-f1de05b70c64:group-EF96043C5C9E: set stopIndex = -1
2019-09-18 17:38:30,686 [ForkJoinPool.commonPool-worker-0] INFO  impl.PendingRequests (PendingRequests.java:sendNotLeaderResponses(202)) - b060b580-934b-4ec4-8651-f1de05b70c64-PendingRequests: sendNotLeaderResponses
2019-09-18 17:38:30,687 [main] INFO  impl.RaftServerImpl (ServerState.java:close(394)) - b060b580-934b-4ec4-8651-f1de05b70c64:group-EF96043C5C9E closes. The last applied log index is -1
2019-09-18 17:38:30,687 [ForkJoinPool.commonPool-worker-0] INFO  impl.StateMachineUpdater (StateMachineUpdater.java:stopAndJoin(115)) - StateMachineUpdater:b060b580-934b-4ec4-8651-f1de05b70c64:group-8C7F5062E589: set stopIndex = 0
2019-09-18 17:38:30,688 [b060b580-934b-4ec4-8651-f1de05b70c64-SegmentedRaftLogWorker:Storage Directory /workdir/hadoop-ozone/integration-test/target/test-dir/MiniOzoneClusterImpl-d4c0e880-bf62-4364-84d9-05af48d348b5/datanode-2/data/ratis/c7e81349-9e6a-4fc0-ac0b-ef96043c5c9e] INFO  segmented.SegmentedRaftLogWorker (SegmentedRaftLogWorker.java:run(313)) - b060b580-934b-4ec4-8651-f1de05b70c64-SegmentedRaftLogWorker:Storage Directory /workdir/hadoop-ozone/integration-test/target/test-dir/MiniOzoneClusterImpl-d4c0e880-bf62-4364-84d9-05af48d348b5/datanode-2/data/ratis/c7e81349-9e6a-4fc0-ac0b-ef96043c5c9e was interrupted, exiting. There are 0 tasks remaining in the queue.
2019-09-18 17:38:30,688 [ForkJoinPool.commonPool-worker-0] INFO  impl.RaftServerImpl (ServerState.java:close(394)) - b060b580-934b-4ec4-8651-f1de05b70c64:group-8C7F5062E589 closes. The last applied log index is 0
2019-09-18 17:38:30,688 [main] INFO  segmented.SegmentedRaftLogWorker (SegmentedRaftLogWorker.java:close(228)) - b060b580-934b-4ec4-8651-f1de05b70c64-SegmentedRaftLogWorker:Storage Directory /workdir/hadoop-ozone/integration-test/target/test-dir/MiniOzoneClusterImpl-d4c0e880-bf62-4364-84d9-05af48d348b5/datanode-2/data/ratis/c7e81349-9e6a-4fc0-ac0b-ef96043c5c9e close()
2019-09-18 17:38:30,689 [b060b580-934b-4ec4-8651-f1de05b70c64-SegmentedRaftLogWorker:Storage Directory /workdir/hadoop-ozone/integration-test/target/test-dir/MiniOzoneClusterImpl-d4c0e880-bf62-4364-84d9-05af48d348b5/datanode-2/data/ratis/e38a5a79-d138-41fd-823a-8c7f5062e589] INFO  segmented.SegmentedRaftLogWorker (SegmentedRaftLogWorker.java:run(313)) - b060b580-934b-4ec4-8651-f1de05b70c64-SegmentedRaftLogWorker:Storage Directory /workdir/hadoop-ozone/integration-test/target/test-dir/MiniOzoneClusterImpl-d4c0e880-bf62-4364-84d9-05af48d348b5/datanode-2/data/ratis/e38a5a79-d138-41fd-823a-8c7f5062e589 was interrupted, exiting. There are 0 tasks remaining in the queue.
2019-09-18 17:38:30,691 [ForkJoinPool.commonPool-worker-0] INFO  segmented.SegmentedRaftLogWorker (SegmentedRaftLogWorker.java:close(228)) - b060b580-934b-4ec4-8651-f1de05b70c64-SegmentedRaftLogWorker:Storage Directory /workdir/hadoop-ozone/integration-test/target/test-dir/MiniOzoneClusterImpl-d4c0e880-bf62-4364-84d9-05af48d348b5/datanode-2/data/ratis/e38a5a79-d138-41fd-823a-8c7f5062e589 close()
2019-09-18 17:38:30,693 [main] INFO  server.GrpcService (GrpcService.java:closeImpl(155)) - b060b580-934b-4ec4-8651-f1de05b70c64: shutdown server with port 45486 now
2019-09-18 17:38:30,698 [main] INFO  server.GrpcService (GrpcService.java:closeImpl(163)) - b060b580-934b-4ec4-8651-f1de05b70c64: shutdown server with port 45486 successfully
2019-09-18 17:38:30,705 [main] INFO  utils.BackgroundService (BackgroundService.java:shutdown(148)) - Shutting down service BlockDeletingService
2019-09-18 17:38:30,706 [refreshUsed-/workdir/hadoop-ozone/integration-test/target/test-dir/MiniOzoneClusterImpl-d4c0e880-bf62-4364-84d9-05af48d348b5/datanode-2/data/containers] WARN  fs.CachingGetSpaceUsed (CachingGetSpaceUsed.java:run(183)) - Thread Interrupted waiting to refresh disk information: sleep interrupted
2019-09-18 17:38:30,723 [main] INFO  statemachine.DatanodeStateMachine (DatanodeStateMachine.java:stopDaemon(401)) - Ozone container server stopped.
2019-09-18 17:38:30,724 [main] INFO  handler.ContextHandler (ContextHandler.java:doStop(910)) - Stopped o.e.j.w.WebAppContext@5a4dda2{/,null,UNAVAILABLE}{/hddsDatanode}
2019-09-18 17:38:30,725 [main] INFO  server.AbstractConnector (AbstractConnector.java:doStop(318)) - Stopped ServerConnector@1d2fb82{HTTP/1.1,[http/1.1]}{0.0.0.0:0}
2019-09-18 17:38:30,725 [main] INFO  handler.ContextHandler (ContextHandler.java:doStop(910)) - Stopped o.e.j.s.ServletContextHandler@f882465{/static,jar:file:/home/user/.m2/repository/org/apache/hadoop/hadoop-hdds-container-service/0.5.0-SNAPSHOT/hadoop-hdds-container-service-0.5.0-SNAPSHOT.jar!/webapps/static,UNAVAILABLE}
2019-09-18 17:38:30,726 [main] INFO  handler.ContextHandler (ContextHandler.java:doStop(910)) - Stopped o.e.j.s.ServletContextHandler@6dcab9d9{/logs,file:///workdir/hadoop-ozone/integration-test/target/log,UNAVAILABLE}
2019-09-18 17:38:30,726 [main] INFO  ozone.MiniOzoneClusterImpl (MiniOzoneClusterImpl.java:stop(359)) - Stopping the StorageContainerManager
2019-09-18 17:38:30,727 [main] INFO  server.StorageContainerManager (StorageContainerManager.java:stop(799)) - Stopping Replication Manager Service.
2019-09-18 17:38:30,727 [main] INFO  container.ReplicationManager (ReplicationManager.java:stop(192)) - Stopping Replication Monitor Thread.
2019-09-18 17:38:30,727 [main] INFO  server.StorageContainerManager (StorageContainerManager.java:stop(806)) - Stopping Lease Manager of the command watchers
2019-09-18 17:38:30,727 [main] INFO  server.StorageContainerManager (StorageContainerManager.java:stop(813)) - Stopping datanode service RPC server
2019-09-18 17:38:30,728 [main] INFO  server.SCMDatanodeProtocolServer (SCMDatanodeProtocolServer.java:stop(387)) - Stopping the RPC server for DataNodes
2019-09-18 17:38:30,728 [main] INFO  ipc.Server (Server.java:stop(3082)) - Stopping server on 34013
2019-09-18 17:38:30,729 [IPC Server listener on 34013] INFO  ipc.Server (Server.java:run(1185)) - Stopping IPC Server listener on 34013
2019-09-18 17:38:30,730 [IPC Server Responder] INFO  ipc.Server (Server.java:run(1319)) - Stopping IPC Server Responder
2019-09-18 17:38:30,755 [SCM Heartbeat Processing Thread - 0] WARN  node.NodeStateManager (NodeStateManager.java:scheduleNextHealthCheck(655)) - Current Thread is interrupted, shutting down HB processing thread for Node Manager.
2019-09-18 17:38:30,756 [main] INFO  server.StorageContainerManager (StorageContainerManager.java:stop(821)) - Stopping block service RPC server
2019-09-18 17:38:30,756 [main] INFO  server.SCMBlockProtocolServer (SCMBlockProtocolServer.java:stop(148)) - Stopping the RPC server for Block Protocol
2019-09-18 17:38:30,756 [main] INFO  ipc.Server (Server.java:stop(3082)) - Stopping server on 33861
2019-09-18 17:38:30,757 [main] INFO  server.StorageContainerManager (StorageContainerManager.java:stop(828)) - Stopping the StorageContainerLocationProtocol RPC server
2019-09-18 17:38:30,758 [IPC Server listener on 33861] INFO  ipc.Server (Server.java:run(1185)) - Stopping IPC Server listener on 33861
2019-09-18 17:38:30,758 [IPC Server Responder] INFO  ipc.Server (Server.java:run(1319)) - Stopping IPC Server Responder
2019-09-18 17:38:30,758 [main] INFO  server.SCMClientProtocolServer (SCMClientProtocolServer.java:stop(159)) - Stopping the RPC server for Client Protocol
2019-09-18 17:38:30,758 [main] INFO  ipc.Server (Server.java:stop(3082)) - Stopping server on 44071
2019-09-18 17:38:30,759 [IPC Server listener on 44071] INFO  ipc.Server (Server.java:run(1185)) - Stopping IPC Server listener on 44071
2019-09-18 17:38:30,759 [main] INFO  server.StorageContainerManager (StorageContainerManager.java:stop(835)) - Stopping Storage Container Manager HTTP server.
2019-09-18 17:38:30,760 [IPC Server Responder] INFO  ipc.Server (Server.java:run(1319)) - Stopping IPC Server Responder
2019-09-18 17:38:30,760 [main] INFO  handler.ContextHandler (ContextHandler.java:doStop(910)) - Stopped o.e.j.w.WebAppContext@30b34287{/,null,UNAVAILABLE}{/scm}
2019-09-18 17:38:30,761 [main] INFO  server.AbstractConnector (AbstractConnector.java:doStop(318)) - Stopped ServerConnector@672f11c2{HTTP/1.1,[http/1.1]}{0.0.0.0:0}
2019-09-18 17:38:30,761 [main] INFO  handler.ContextHandler (ContextHandler.java:doStop(910)) - Stopped o.e.j.s.ServletContextHandler@47a5b70d{/static,file:///workdir/hadoop-ozone/integration-test/target/test-classes/webapps/static,UNAVAILABLE}
2019-09-18 17:38:30,761 [main] INFO  handler.ContextHandler (ContextHandler.java:doStop(910)) - Stopped o.e.j.s.ServletContextHandler@54d18072{/logs,file:///workdir/hadoop-ozone/integration-test/target/log,UNAVAILABLE}
2019-09-18 17:38:30,762 [main] INFO  server.StorageContainerManager (StorageContainerManager.java:stop(846)) - Stopping Block Manager Service.
2019-09-18 17:38:30,762 [main] INFO  utils.BackgroundService (BackgroundService.java:shutdown(148)) - Shutting down service SCMBlockDeletingService
2019-09-18 17:38:30,763 [main] INFO  utils.BackgroundService (BackgroundService.java:shutdown(148)) - Shutting down service SCMBlockDeletingService
2019-09-18 17:38:30,763 [main] INFO  server.StorageContainerManager (StorageContainerManager.java:stop(868)) - Stopping SCM Event Queue.
2019-09-18 17:38:30,769 [main] INFO  impl.MetricsSystemImpl (MetricsSystemImpl.java:stop(210)) - Stopping HddsDatanode metrics system...
2019-09-18 17:38:30,771 [main] INFO  impl.MetricsSystemImpl (MetricsSystemImpl.java:stop(216)) - HddsDatanode metrics system stopped.
]]></system-out>
    <system-err><![CDATA[Sep 18, 2019 5:38:04 PM com.sun.jersey.server.impl.application.WebApplicationImpl _initiate
INFO: Initiating Jersey application, version 'Jersey: 1.19 02/11/2015 03:25 AM'
Sep 18, 2019 5:38:04 PM com.sun.jersey.server.impl.application.WebApplicationImpl _initiate
INFO: Initiating Jersey application, version 'Jersey: 1.19 02/11/2015 03:25 AM'
Sep 18, 2019 5:38:05 PM com.sun.jersey.server.impl.application.WebApplicationImpl _initiate
INFO: Initiating Jersey application, version 'Jersey: 1.19 02/11/2015 03:25 AM'
]]></system-err>
  </testcase>
  <testcase name="testPipelineCloseWithOpenContainer" classname="org.apache.hadoop.hdds.scm.pipeline.TestPipelineClose" time="20.471"/>
  <testcase name="testPipelineCloseWithClosedContainer" classname="org.apache.hadoop.hdds.scm.pipeline.TestPipelineClose" time="20.615"/>
  <testcase name="testPipelineCloseWithLogFailure" classname="org.apache.hadoop.hdds.scm.pipeline.TestPipelineClose" time="20.391"/>
</testsuite>