<?xml version="1.0" encoding="UTF-8"?>
<testsuite xmlns:xsi="http://www.w3.org/2001/XMLSchema-instance" xsi:noNamespaceSchemaLocation="https://maven.apache.org/surefire/maven-surefire-plugin/xsd/surefire-test-report.xsd" name="org.apache.hadoop.ozone.client.rpc.TestOzoneClientRetriesOnException" time="395.976" tests="2" errors="1" skipped="0" failures="0">
  <properties>
    <property name="awt.toolkit" value="sun.awt.X11.XToolkit"/>
    <property name="file.encoding.pkg" value="sun.io"/>
    <property name="java.specification.version" value="1.8"/>
    <property name="sun.cpu.isalist" value=""/>
    <property name="sun.jnu.encoding" value="UTF-8"/>
    <property name="java.class.path" value="/workdir/hadoop-ozone/integration-test/target/test-classes:/workdir/hadoop-ozone/integration-test/target/classes:/home/user/.m2/repository/org/apache/hadoop/hadoop-ozone-common/0.5.0-SNAPSHOT/hadoop-ozone-common-0.5.0-SNAPSHOT.jar:/home/user/.m2/repository/org/apache/commons/commons-compress/1.4.1/commons-compress-1.4.1.jar:/home/user/.m2/repository/org/tukaani/xz/1.0/xz-1.0.jar:/home/user/.m2/repository/org/apache/hadoop/hadoop-common/3.2.0/hadoop-common-3.2.0.jar:/home/user/.m2/repository/org/apache/hadoop/hadoop-hdfs/3.2.0/hadoop-hdfs-3.2.0.jar:/home/user/.m2/repository/org/apache/hadoop/hadoop-hdfs-client/3.2.0/hadoop-hdfs-client-3.2.0.jar:/home/user/.m2/repository/com/fasterxml/jackson/core/jackson-annotations/2.9.5/jackson-annotations-2.9.5.jar:/home/user/.m2/repository/org/apache/hadoop/hadoop-hdds-common/0.5.0-SNAPSHOT/hadoop-hdds-common-0.5.0-SNAPSHOT.jar:/home/user/.m2/repository/javax/annotation/javax.annotation-api/1.2/javax.annotation-api-1.2.jar:/home/user/.m2/repository/org/apache/ratis/ratis-server/0.4.0-2337318-SNAPSHOT/ratis-server-0.4.0-2337318-SNAPSHOT.jar:/home/user/.m2/repository/org/apache/ratis/ratis-thirdparty-misc/0.2.0/ratis-thirdparty-misc-0.2.0.jar:/home/user/.m2/repository/org/apache/ratis/ratis-proto/0.4.0-2337318-SNAPSHOT/ratis-proto-0.4.0-2337318-SNAPSHOT.jar:/home/user/.m2/repository/org/apache/ratis/ratis-common/0.4.0-2337318-SNAPSHOT/ratis-common-0.4.0-2337318-SNAPSHOT.jar:/home/user/.m2/repository/org/apache/ratis/ratis-client/0.4.0-2337318-SNAPSHOT/ratis-client-0.4.0-2337318-SNAPSHOT.jar:/home/user/.m2/repository/org/apache/ratis/ratis-metrics/0.4.0-2337318-SNAPSHOT/ratis-metrics-0.4.0-2337318-SNAPSHOT.jar:/home/user/.m2/repository/org/apache/ratis/ratis-netty/0.4.0-2337318-SNAPSHOT/ratis-netty-0.4.0-2337318-SNAPSHOT.jar:/home/user/.m2/repository/org/apache/ratis/ratis-grpc/0.4.0-2337318-SNAPSHOT/ratis-grpc-0.4.0-2337318-SNAPSHOT.jar:/home/user/.m2/repository/org/rocksdb/rocksdbjni/6.0.1/rocksdbjni-6.0.1.jar:/home/user/.m2/repository/org/apache/logging/log4j/log4j-api/2.11.0/log4j-api-2.11.0.jar:/home/user/.m2/repository/org/apache/logging/log4j/log4j-core/2.11.0/log4j-core-2.11.0.jar:/home/user/.m2/repository/com/lmax/disruptor/3.4.2/disruptor-3.4.2.jar:/home/user/.m2/repository/org/apache/commons/commons-pool2/2.6.0/commons-pool2-2.6.0.jar:/home/user/.m2/repository/org/bouncycastle/bcpkix-jdk15on/1.60/bcpkix-jdk15on-1.60.jar:/home/user/.m2/repository/commons-validator/commons-validator/1.6/commons-validator-1.6.jar:/home/user/.m2/repository/commons-digester/commons-digester/1.8.1/commons-digester-1.8.1.jar:/home/user/.m2/repository/io/jaegertracing/jaeger-client/0.33.1/jaeger-client-0.33.1.jar:/home/user/.m2/repository/io/jaegertracing/jaeger-thrift/0.33.1/jaeger-thrift-0.33.1.jar:/home/user/.m2/repository/org/apache/thrift/libthrift/0.11.0/libthrift-0.11.0.jar:/home/user/.m2/repository/com/squareup/okhttp3/okhttp/3.9.0/okhttp-3.9.0.jar:/home/user/.m2/repository/com/squareup/okio/okio/1.13.0/okio-1.13.0.jar:/home/user/.m2/repository/io/jaegertracing/jaeger-core/0.33.1/jaeger-core-0.33.1.jar:/home/user/.m2/repository/io/jaegertracing/jaeger-tracerresolver/0.33.1/jaeger-tracerresolver-0.33.1.jar:/home/user/.m2/repository/io/opentracing/contrib/opentracing-tracerresolver/0.1.5/opentracing-tracerresolver-0.1.5.jar:/home/user/.m2/repository/io/opentracing/opentracing-util/0.31.0/opentracing-util-0.31.0.jar:/home/user/.m2/repository/io/opentracing/opentracing-api/0.31.0/opentracing-api-0.31.0.jar:/home/user/.m2/repository/io/opentracing/opentracing-noop/0.31.0/opentracing-noop-0.31.0.jar:/home/user/.m2/repository/org/apache/hadoop/hadoop-hdds-server-framework/0.5.0-SNAPSHOT/hadoop-hdds-server-framework-0.5.0-SNAPSHOT.jar:/home/user/.m2/repository/org/apache/hadoop/hadoop-hdds-container-service/0.5.0-SNAPSHOT/hadoop-hdds-container-service-0.5.0-SNAPSHOT.jar:/home/user/.m2/repository/org/apache/hadoop/hadoop-hdds-client/0.5.0-SNAPSHOT/hadoop-hdds-client-0.5.0-SNAPSHOT.jar:/home/user/.m2/repository/org/apache/hadoop/hadoop-hdds-tools/0.5.0-SNAPSHOT/hadoop-hdds-tools-0.5.0-SNAPSHOT.jar:/home/user/.m2/repository/org/apache/hadoop/hadoop-hdds-server-scm/0.5.0-SNAPSHOT/hadoop-hdds-server-scm-0.5.0-SNAPSHOT.jar:/home/user/.m2/repository/org/apache/hadoop/hadoop-hdds-docs/0.5.0-SNAPSHOT/hadoop-hdds-docs-0.5.0-SNAPSHOT.jar:/home/user/.m2/repository/io/dropwizard/metrics/metrics-core/3.2.4/metrics-core-3.2.4.jar:/home/user/.m2/repository/org/hamcrest/hamcrest-all/1.3/hamcrest-all-1.3.jar:/home/user/.m2/repository/org/bouncycastle/bcprov-jdk15on/1.60/bcprov-jdk15on-1.60.jar:/home/user/.m2/repository/info/picocli/picocli/3.9.6/picocli-3.9.6.jar:/home/user/.m2/repository/com/google/protobuf/protobuf-java/2.5.0/protobuf-java-2.5.0.jar:/home/user/.m2/repository/com/google/guava/guava/11.0.2/guava-11.0.2.jar:/home/user/.m2/repository/org/apache/hadoop/hadoop-ozone-ozone-manager/0.5.0-SNAPSHOT/hadoop-ozone-ozone-manager-0.5.0-SNAPSHOT.jar:/home/user/.m2/repository/org/apache/hadoop/hadoop-minikdc/3.2.0/hadoop-minikdc-3.2.0.jar:/home/user/.m2/repository/commons-io/commons-io/2.5/commons-io-2.5.jar:/home/user/.m2/repository/org/apache/kerby/kerb-simplekdc/1.0.1/kerb-simplekdc-1.0.1.jar:/home/user/.m2/repository/org/apache/kerby/kerb-client/1.0.1/kerb-client-1.0.1.jar:/home/user/.m2/repository/org/apache/kerby/kerby-config/1.0.1/kerby-config-1.0.1.jar:/home/user/.m2/repository/org/apache/kerby/kerb-core/1.0.1/kerb-core-1.0.1.jar:/home/user/.m2/repository/org/apache/kerby/kerby-pkix/1.0.1/kerby-pkix-1.0.1.jar:/home/user/.m2/repository/org/apache/kerby/kerby-asn1/1.0.1/kerby-asn1-1.0.1.jar:/home/user/.m2/repository/org/apache/kerby/kerby-util/1.0.1/kerby-util-1.0.1.jar:/home/user/.m2/repository/org/apache/kerby/kerb-common/1.0.1/kerb-common-1.0.1.jar:/home/user/.m2/repository/org/apache/kerby/kerb-crypto/1.0.1/kerb-crypto-1.0.1.jar:/home/user/.m2/repository/org/apache/kerby/kerb-util/1.0.1/kerb-util-1.0.1.jar:/home/user/.m2/repository/org/apache/kerby/token-provider/1.0.1/token-provider-1.0.1.jar:/home/user/.m2/repository/org/apache/kerby/kerb-admin/1.0.1/kerb-admin-1.0.1.jar:/home/user/.m2/repository/org/apache/kerby/kerb-server/1.0.1/kerb-server-1.0.1.jar:/home/user/.m2/repository/org/apache/kerby/kerb-identity/1.0.1/kerb-identity-1.0.1.jar:/home/user/.m2/repository/org/apache/kerby/kerby-xdr/1.0.1/kerby-xdr-1.0.1.jar:/home/user/.m2/repository/org/slf4j/slf4j-log4j12/1.7.25/slf4j-log4j12-1.7.25.jar:/home/user/.m2/repository/org/apache/hadoop/hadoop-ozone-objectstore-service/0.5.0-SNAPSHOT/hadoop-ozone-objectstore-service-0.5.0-SNAPSHOT.jar:/home/user/.m2/repository/org/apache/hadoop/hadoop-ozone-s3gateway/0.5.0-SNAPSHOT/hadoop-ozone-s3gateway-0.5.0-SNAPSHOT.jar:/home/user/.m2/repository/org/jboss/weld/servlet/weld-servlet/2.4.7.Final/weld-servlet-2.4.7.Final.jar:/home/user/.m2/repository/org/glassfish/jersey/containers/jersey-container-servlet-core/2.27/jersey-container-servlet-core-2.27.jar:/home/user/.m2/repository/org/glassfish/hk2/external/javax.inject/2.5.0-b42/javax.inject-2.5.0-b42.jar:/home/user/.m2/repository/org/glassfish/jersey/core/jersey-common/2.27/jersey-common-2.27.jar:/home/user/.m2/repository/org/glassfish/hk2/osgi-resource-locator/1.0.1/osgi-resource-locator-1.0.1.jar:/home/user/.m2/repository/javax/ws/rs/javax.ws.rs-api/2.1/javax.ws.rs-api-2.1.jar:/home/user/.m2/repository/org/glassfish/jersey/ext/cdi/jersey-cdi1x/2.27/jersey-cdi1x-2.27.jar:/home/user/.m2/repository/org/glassfish/jersey/inject/jersey-hk2/2.27/jersey-hk2-2.27.jar:/home/user/.m2/repository/org/glassfish/hk2/hk2-locator/2.5.0-b42/hk2-locator-2.5.0-b42.jar:/home/user/.m2/repository/org/javassist/javassist/3.22.0-CR2/javassist-3.22.0-CR2.jar:/home/user/.m2/repository/org/glassfish/hk2/hk2-api/2.5.0/hk2-api-2.5.0.jar:/home/user/.m2/repository/org/glassfish/hk2/external/jakarta.inject/2.5.0/jakarta.inject-2.5.0.jar:/home/user/.m2/repository/org/glassfish/hk2/hk2-utils/2.5.0/hk2-utils-2.5.0.jar:/home/user/.m2/repository/jakarta/annotation/jakarta.annotation-api/1.3.4/jakarta.annotation-api-1.3.4.jar:/home/user/.m2/repository/org/glassfish/hk2/external/aopalliance-repackaged/2.5.0/aopalliance-repackaged-2.5.0.jar:/home/user/.m2/repository/com/fasterxml/jackson/dataformat/jackson-dataformat-xml/2.9.0/jackson-dataformat-xml-2.9.0.jar:/home/user/.m2/repository/com/fasterxml/jackson/core/jackson-core/2.9.5/jackson-core-2.9.5.jar:/home/user/.m2/repository/com/fasterxml/jackson/module/jackson-module-jaxb-annotations/2.9.5/jackson-module-jaxb-annotations-2.9.5.jar:/home/user/.m2/repository/javax/enterprise/cdi-api/1.2/cdi-api-1.2.jar:/home/user/.m2/repository/javax/el/javax.el-api/3.0.0/javax.el-api-3.0.0.jar:/home/user/.m2/repository/javax/interceptor/javax.interceptor-api/1.2/javax.interceptor-api-1.2.jar:/home/user/.m2/repository/javax/inject/javax.inject/1/javax.inject-1.jar:/home/user/.m2/repository/com/sun/xml/bind/jaxb-impl/2.3.0.1/jaxb-impl-2.3.0.1.jar:/home/user/.m2/repository/com/sun/xml/bind/jaxb-core/2.3.0.1/jaxb-core-2.3.0.1.jar:/home/user/.m2/repository/javax/xml/bind/jaxb-api/2.3.0/jaxb-api-2.3.0.jar:/home/user/.m2/repository/javax/activation/activation/1.1.1/activation-1.1.1.jar:/home/user/.m2/repository/org/apache/hadoop/hadoop-ozone-csi/0.5.0-SNAPSHOT/hadoop-ozone-csi-0.5.0-SNAPSHOT.jar:/home/user/.m2/repository/com/google/protobuf/protobuf-java-util/3.5.1/protobuf-java-util-3.5.1.jar:/home/user/.m2/repository/org/apache/hadoop/hadoop-hdds-config/0.5.0-SNAPSHOT/hadoop-hdds-config-0.5.0-SNAPSHOT.jar:/home/user/.m2/repository/io/grpc/grpc-netty/1.17.1/grpc-netty-1.17.1.jar:/home/user/.m2/repository/io/grpc/grpc-core/1.17.1/grpc-core-1.17.1.jar:/home/user/.m2/repository/io/grpc/grpc-context/1.17.1/grpc-context-1.17.1.jar:/home/user/.m2/repository/com/google/errorprone/error_prone_annotations/2.2.0/error_prone_annotations-2.2.0.jar:/home/user/.m2/repository/org/codehaus/mojo/animal-sniffer-annotations/1.17/animal-sniffer-annotations-1.17.jar:/home/user/.m2/repository/io/opencensus/opencensus-api/0.17.0/opencensus-api-0.17.0.jar:/home/user/.m2/repository/io/opencensus/opencensus-contrib-grpc-metrics/0.17.0/opencensus-contrib-grpc-metrics-0.17.0.jar:/home/user/.m2/repository/io/netty/netty-codec-http2/4.1.30.Final/netty-codec-http2-4.1.30.Final.jar:/home/user/.m2/repository/io/netty/netty-codec-http/4.1.30.Final/netty-codec-http-4.1.30.Final.jar:/home/user/.m2/repository/io/netty/netty-codec/4.1.30.Final/netty-codec-4.1.30.Final.jar:/home/user/.m2/repository/io/netty/netty-handler/4.1.30.Final/netty-handler-4.1.30.Final.jar:/home/user/.m2/repository/io/netty/netty-handler-proxy/4.1.30.Final/netty-handler-proxy-4.1.30.Final.jar:/home/user/.m2/repository/io/netty/netty-codec-socks/4.1.30.Final/netty-codec-socks-4.1.30.Final.jar:/home/user/.m2/repository/io/netty/netty-transport-native-epoll/4.1.30.Final/netty-transport-native-epoll-4.1.30.Final.jar:/home/user/.m2/repository/io/netty/netty-common/4.1.30.Final/netty-common-4.1.30.Final.jar:/home/user/.m2/repository/io/netty/netty-buffer/4.1.30.Final/netty-buffer-4.1.30.Final.jar:/home/user/.m2/repository/io/netty/netty-transport/4.1.30.Final/netty-transport-4.1.30.Final.jar:/home/user/.m2/repository/io/netty/netty-resolver/4.1.30.Final/netty-resolver-4.1.30.Final.jar:/home/user/.m2/repository/io/netty/netty-transport-native-unix-common/4.1.30.Final/netty-transport-native-unix-common-4.1.30.Final.jar:/home/user/.m2/repository/io/grpc/grpc-protobuf/1.17.1/grpc-protobuf-1.17.1.jar:/home/user/.m2/repository/com/google/api/grpc/proto-google-common-protos/1.0.0/proto-google-common-protos-1.0.0.jar:/home/user/.m2/repository/io/grpc/grpc-protobuf-lite/1.17.1/grpc-protobuf-lite-1.17.1.jar:/home/user/.m2/repository/io/grpc/grpc-stub/1.17.1/grpc-stub-1.17.1.jar:/home/user/.m2/repository/org/apache/hadoop/hadoop-ozone-recon/0.5.0-SNAPSHOT/hadoop-ozone-recon-0.5.0-SNAPSHOT.jar:/home/user/.m2/repository/org/apache/hadoop/hadoop-ozone-reconcodegen/0.5.0-SNAPSHOT/hadoop-ozone-reconcodegen-0.5.0-SNAPSHOT.jar:/home/user/.m2/repository/com/google/inject/extensions/guice-multibindings/4.0/guice-multibindings-4.0.jar:/home/user/.m2/repository/com/google/inject/guice/4.0/guice-4.0.jar:/home/user/.m2/repository/aopalliance/aopalliance/1.0/aopalliance-1.0.jar:/home/user/.m2/repository/com/google/inject/extensions/guice-servlet/4.0/guice-servlet-4.0.jar:/home/user/.m2/repository/org/glassfish/jersey/containers/jersey-container-servlet/2.27/jersey-container-servlet-2.27.jar:/home/user/.m2/repository/org/glassfish/hk2/guice-bridge/2.5.0/guice-bridge-2.5.0.jar:/home/user/.m2/repository/org/glassfish/jersey/core/jersey-server/2.27/jersey-server-2.27.jar:/home/user/.m2/repository/org/glassfish/jersey/core/jersey-client/2.27/jersey-client-2.27.jar:/home/user/.m2/repository/org/glassfish/jersey/media/jersey-media-jaxb/2.27/jersey-media-jaxb-2.27.jar:/home/user/.m2/repository/javax/validation/validation-api/1.1.0.Final/validation-api-1.1.0.Final.jar:/home/user/.m2/repository/org/glassfish/jersey/media/jersey-media-json-jackson/2.27/jersey-media-json-jackson-2.27.jar:/home/user/.m2/repository/org/glassfish/jersey/ext/jersey-entity-filtering/2.27/jersey-entity-filtering-2.27.jar:/home/user/.m2/repository/com/google/inject/extensions/guice-assistedinject/4.0/guice-assistedinject-4.0.jar:/home/user/.m2/repository/org/jooq/jooq/3.11.10/jooq-3.11.10.jar:/home/user/.m2/repository/org/jooq/jooq-meta/3.11.10/jooq-meta-3.11.10.jar:/home/user/.m2/repository/org/jooq/jooq-codegen/3.11.10/jooq-codegen-3.11.10.jar:/home/user/.m2/repository/com/jolbox/bonecp/0.8.0.RELEASE/bonecp-0.8.0.RELEASE.jar:/home/user/.m2/repository/org/xerial/sqlite-jdbc/3.25.2/sqlite-jdbc-3.25.2.jar:/home/user/.m2/repository/org/springframework/spring-jdbc/5.1.3.RELEASE/spring-jdbc-5.1.3.RELEASE.jar:/home/user/.m2/repository/org/springframework/spring-beans/5.1.3.RELEASE/spring-beans-5.1.3.RELEASE.jar:/home/user/.m2/repository/org/springframework/spring-core/5.1.3.RELEASE/spring-core-5.1.3.RELEASE.jar:/home/user/.m2/repository/org/springframework/spring-jcl/5.1.3.RELEASE/spring-jcl-5.1.3.RELEASE.jar:/home/user/.m2/repository/org/springframework/spring-tx/5.1.3.RELEASE/spring-tx-5.1.3.RELEASE.jar:/home/user/.m2/repository/org/apache/hadoop/hadoop-ozone-client/0.5.0-SNAPSHOT/hadoop-ozone-client-0.5.0-SNAPSHOT.jar:/home/user/.m2/repository/commons-lang/commons-lang/2.6/commons-lang-2.6.jar:/home/user/.m2/repository/org/apache/hadoop/hadoop-ozone-ozone-manager/0.5.0-SNAPSHOT/hadoop-ozone-ozone-manager-0.5.0-SNAPSHOT-tests.jar:/home/user/.m2/repository/junit/junit/4.11/junit-4.11.jar:/home/user/.m2/repository/org/hamcrest/hamcrest-core/1.3/hamcrest-core-1.3.jar:/home/user/.m2/repository/org/openjdk/jmh/jmh-core/1.19/jmh-core-1.19.jar:/home/user/.m2/repository/net/sf/jopt-simple/jopt-simple/4.6/jopt-simple-4.6.jar:/home/user/.m2/repository/org/apache/commons/commons-math3/3.1.1/commons-math3-3.1.1.jar:/home/user/.m2/repository/org/openjdk/jmh/jmh-generator-annprocess/1.19/jmh-generator-annprocess-1.19.jar:/home/user/.m2/repository/org/mockito/mockito-all/1.8.5/mockito-all-1.8.5.jar:/home/user/.m2/repository/org/apache/hadoop/hadoop-kms/3.2.0/hadoop-kms-3.2.0.jar:/home/user/.m2/repository/org/apache/hadoop/hadoop-auth/3.2.0/hadoop-auth-3.2.0.jar:/home/user/.m2/repository/com/nimbusds/nimbus-jose-jwt/4.41.1/nimbus-jose-jwt-4.41.1.jar:/home/user/.m2/repository/com/github/stephenc/jcip/jcip-annotations/1.0-1/jcip-annotations-1.0-1.jar:/home/user/.m2/repository/net/minidev/json-smart/2.3/json-smart-2.3.jar:/home/user/.m2/repository/net/minidev/accessors-smart/1.2/accessors-smart-1.2.jar:/home/user/.m2/repository/org/ow2/asm/asm/5.0.4/asm-5.0.4.jar:/home/user/.m2/repository/org/apache/curator/curator-framework/2.12.0/curator-framework-2.12.0.jar:/home/user/.m2/repository/com/sun/jersey/jersey-core/1.19/jersey-core-1.19.jar:/home/user/.m2/repository/javax/ws/rs/jsr311-api/1.1.1/jsr311-api-1.1.1.jar:/home/user/.m2/repository/com/sun/jersey/jersey-server/1.19/jersey-server-1.19.jar:/home/user/.m2/repository/javax/servlet/javax.servlet-api/3.1.0/javax.servlet-api-3.1.0.jar:/home/user/.m2/repository/org/eclipse/jetty/jetty-server/9.3.24.v20180605/jetty-server-9.3.24.v20180605.jar:/home/user/.m2/repository/org/eclipse/jetty/jetty-http/9.3.24.v20180605/jetty-http-9.3.24.v20180605.jar:/home/user/.m2/repository/org/eclipse/jetty/jetty-io/9.3.24.v20180605/jetty-io-9.3.24.v20180605.jar:/home/user/.m2/repository/org/eclipse/jetty/jetty-webapp/9.3.24.v20180605/jetty-webapp-9.3.24.v20180605.jar:/home/user/.m2/repository/org/eclipse/jetty/jetty-xml/9.3.24.v20180605/jetty-xml-9.3.24.v20180605.jar:/home/user/.m2/repository/log4j/log4j/1.2.17/log4j-1.2.17.jar:/home/user/.m2/repository/org/slf4j/slf4j-api/1.7.25/slf4j-api-1.7.25.jar:/home/user/.m2/repository/org/slf4j/jul-to-slf4j/1.7.25/jul-to-slf4j-1.7.25.jar:/home/user/.m2/repository/org/eclipse/jetty/jetty-util/9.3.24.v20180605/jetty-util-9.3.24.v20180605.jar:/home/user/.m2/repository/com/fasterxml/jackson/core/jackson-databind/2.9.5/jackson-databind-2.9.5.jar:/home/user/.m2/repository/org/apache/hadoop/hadoop-kms/3.2.0/hadoop-kms-3.2.0-tests.jar:/home/user/.m2/repository/org/apache/hadoop/hadoop-hdds-server-scm/0.5.0-SNAPSHOT/hadoop-hdds-server-scm-0.5.0-SNAPSHOT-tests.jar:/home/user/.m2/repository/org/apache/hadoop/hadoop-hdds-container-service/0.5.0-SNAPSHOT/hadoop-hdds-container-service-0.5.0-SNAPSHOT-tests.jar:/home/user/.m2/repository/org/yaml/snakeyaml/1.16/snakeyaml-1.16.jar:/home/user/.m2/repository/org/apache/hadoop/hadoop-common/3.2.0/hadoop-common-3.2.0-tests.jar:/home/user/.m2/repository/org/apache/hadoop/hadoop-annotations/3.2.0/hadoop-annotations-3.2.0.jar:/usr/lib/jvm/java-1.8-openjdk/jre/../lib/tools.jar:/home/user/.m2/repository/commons-cli/commons-cli/1.2/commons-cli-1.2.jar:/home/user/.m2/repository/org/apache/httpcomponents/httpclient/4.5.2/httpclient-4.5.2.jar:/home/user/.m2/repository/org/apache/httpcomponents/httpcore/4.4.4/httpcore-4.4.4.jar:/home/user/.m2/repository/commons-codec/commons-codec/1.11/commons-codec-1.11.jar:/home/user/.m2/repository/commons-net/commons-net/3.6/commons-net-3.6.jar:/home/user/.m2/repository/commons-collections/commons-collections/3.2.2/commons-collections-3.2.2.jar:/home/user/.m2/repository/org/eclipse/jetty/jetty-servlet/9.3.24.v20180605/jetty-servlet-9.3.24.v20180605.jar:/home/user/.m2/repository/org/eclipse/jetty/jetty-security/9.3.24.v20180605/jetty-security-9.3.24.v20180605.jar:/home/user/.m2/repository/javax/servlet/jsp/jsp-api/2.1/jsp-api-2.1.jar:/home/user/.m2/repository/com/sun/jersey/jersey-servlet/1.19/jersey-servlet-1.19.jar:/home/user/.m2/repository/com/sun/jersey/jersey-json/1.19/jersey-json-1.19.jar:/home/user/.m2/repository/org/codehaus/jettison/jettison/1.1/jettison-1.1.jar:/home/user/.m2/repository/org/codehaus/jackson/jackson-core-asl/1.9.13/jackson-core-asl-1.9.13.jar:/home/user/.m2/repository/org/codehaus/jackson/jackson-mapper-asl/1.9.13/jackson-mapper-asl-1.9.13.jar:/home/user/.m2/repository/org/codehaus/jackson/jackson-jaxrs/1.9.13/jackson-jaxrs-1.9.13.jar:/home/user/.m2/repository/org/codehaus/jackson/jackson-xc/1.9.13/jackson-xc-1.9.13.jar:/home/user/.m2/repository/commons-logging/commons-logging/1.1.3/commons-logging-1.1.3.jar:/home/user/.m2/repository/commons-beanutils/commons-beanutils/1.9.3/commons-beanutils-1.9.3.jar:/home/user/.m2/repository/org/apache/commons/commons-configuration2/2.1.1/commons-configuration2-2.1.1.jar:/home/user/.m2/repository/org/apache/commons/commons-lang3/3.7/commons-lang3-3.7.jar:/home/user/.m2/repository/org/apache/commons/commons-text/1.4/commons-text-1.4.jar:/home/user/.m2/repository/org/apache/avro/avro/1.7.7/avro-1.7.7.jar:/home/user/.m2/repository/com/thoughtworks/paranamer/paranamer/2.3/paranamer-2.3.jar:/home/user/.m2/repository/org/xerial/snappy/snappy-java/1.0.5/snappy-java-1.0.5.jar:/home/user/.m2/repository/com/google/re2j/re2j/1.1/re2j-1.1.jar:/home/user/.m2/repository/com/google/code/gson/gson/2.2.4/gson-2.2.4.jar:/home/user/.m2/repository/com/jcraft/jsch/0.1.54/jsch-0.1.54.jar:/home/user/.m2/repository/org/apache/curator/curator-client/2.12.0/curator-client-2.12.0.jar:/home/user/.m2/repository/org/apache/curator/curator-recipes/2.12.0/curator-recipes-2.12.0.jar:/home/user/.m2/repository/com/google/code/findbugs/jsr305/3.0.0/jsr305-3.0.0.jar:/home/user/.m2/repository/org/apache/htrace/htrace-core4/4.1.0-incubating/htrace-core4-4.1.0-incubating.jar:/home/user/.m2/repository/org/apache/zookeeper/zookeeper/3.4.13/zookeeper-3.4.13.jar:/home/user/.m2/repository/org/apache/yetus/audience-annotations/0.5.0/audience-annotations-0.5.0.jar:/home/user/.m2/repository/org/codehaus/woodstox/stax2-api/3.1.4/stax2-api-3.1.4.jar:/home/user/.m2/repository/com/fasterxml/woodstox/woodstox-core/5.0.3/woodstox-core-5.0.3.jar:/home/user/.m2/repository/dnsjava/dnsjava/2.1.7/dnsjava-2.1.7.jar:/home/user/.m2/repository/org/apache/hadoop/hadoop-hdfs/3.2.0/hadoop-hdfs-3.2.0-tests.jar:/home/user/.m2/repository/org/eclipse/jetty/jetty-util-ajax/9.3.24.v20180605/jetty-util-ajax-9.3.24.v20180605.jar:/home/user/.m2/repository/commons-daemon/commons-daemon/1.0.13/commons-daemon-1.0.13.jar:/home/user/.m2/repository/io/netty/netty/3.10.5.Final/netty-3.10.5.Final.jar:/home/user/.m2/repository/io/netty/netty-all/4.0.52.Final/netty-all-4.0.52.Final.jar:/home/user/.m2/repository/org/fusesource/leveldbjni/leveldbjni-all/1.8/leveldbjni-all-1.8.jar:"/>
    <property name="java.vm.vendor" value="IcedTea"/>
    <property name="sun.arch.data.model" value="64"/>
    <property name="test.build.dir" value="/workdir/hadoop-ozone/integration-test/target/test-dir"/>
    <property name="test.cache.data" value=""/>
    <property name="java.vendor.url" value="https://icedtea.classpath.org"/>
    <property name="user.timezone" value=""/>
    <property name="java.vm.specification.version" value="1.8"/>
    <property name="os.name" value="Linux"/>
    <property name="test.build.data" value="/workdir/hadoop-ozone/integration-test/target/test-dir"/>
    <property name="user.country" value="US"/>
    <property name="sun.java.launcher" value="SUN_STANDARD"/>
    <property name="sun.boot.library.path" value="/usr/lib/jvm/java-1.8-openjdk/jre/lib/amd64"/>
    <property name="sun.java.command" value="/workdir/hadoop-ozone/integration-test/target/surefire/surefirebooter5627047574705344640.jar /workdir/hadoop-ozone/integration-test/target/surefire 2019-09-18T15-45-32_991-jvmRun1 surefire5374903833124212747tmp surefire_23464593656365187781tmp"/>
    <property name="test" value="!TestMiniChaosOzoneCluster"/>
    <property name="surefire.test.class.path" value="/workdir/hadoop-ozone/integration-test/target/test-classes:/workdir/hadoop-ozone/integration-test/target/classes:/home/user/.m2/repository/org/apache/hadoop/hadoop-ozone-common/0.5.0-SNAPSHOT/hadoop-ozone-common-0.5.0-SNAPSHOT.jar:/home/user/.m2/repository/org/apache/commons/commons-compress/1.4.1/commons-compress-1.4.1.jar:/home/user/.m2/repository/org/tukaani/xz/1.0/xz-1.0.jar:/home/user/.m2/repository/org/apache/hadoop/hadoop-common/3.2.0/hadoop-common-3.2.0.jar:/home/user/.m2/repository/org/apache/hadoop/hadoop-hdfs/3.2.0/hadoop-hdfs-3.2.0.jar:/home/user/.m2/repository/org/apache/hadoop/hadoop-hdfs-client/3.2.0/hadoop-hdfs-client-3.2.0.jar:/home/user/.m2/repository/com/fasterxml/jackson/core/jackson-annotations/2.9.5/jackson-annotations-2.9.5.jar:/home/user/.m2/repository/org/apache/hadoop/hadoop-hdds-common/0.5.0-SNAPSHOT/hadoop-hdds-common-0.5.0-SNAPSHOT.jar:/home/user/.m2/repository/javax/annotation/javax.annotation-api/1.2/javax.annotation-api-1.2.jar:/home/user/.m2/repository/org/apache/ratis/ratis-server/0.4.0-2337318-SNAPSHOT/ratis-server-0.4.0-2337318-SNAPSHOT.jar:/home/user/.m2/repository/org/apache/ratis/ratis-thirdparty-misc/0.2.0/ratis-thirdparty-misc-0.2.0.jar:/home/user/.m2/repository/org/apache/ratis/ratis-proto/0.4.0-2337318-SNAPSHOT/ratis-proto-0.4.0-2337318-SNAPSHOT.jar:/home/user/.m2/repository/org/apache/ratis/ratis-common/0.4.0-2337318-SNAPSHOT/ratis-common-0.4.0-2337318-SNAPSHOT.jar:/home/user/.m2/repository/org/apache/ratis/ratis-client/0.4.0-2337318-SNAPSHOT/ratis-client-0.4.0-2337318-SNAPSHOT.jar:/home/user/.m2/repository/org/apache/ratis/ratis-metrics/0.4.0-2337318-SNAPSHOT/ratis-metrics-0.4.0-2337318-SNAPSHOT.jar:/home/user/.m2/repository/org/apache/ratis/ratis-netty/0.4.0-2337318-SNAPSHOT/ratis-netty-0.4.0-2337318-SNAPSHOT.jar:/home/user/.m2/repository/org/apache/ratis/ratis-grpc/0.4.0-2337318-SNAPSHOT/ratis-grpc-0.4.0-2337318-SNAPSHOT.jar:/home/user/.m2/repository/org/rocksdb/rocksdbjni/6.0.1/rocksdbjni-6.0.1.jar:/home/user/.m2/repository/org/apache/logging/log4j/log4j-api/2.11.0/log4j-api-2.11.0.jar:/home/user/.m2/repository/org/apache/logging/log4j/log4j-core/2.11.0/log4j-core-2.11.0.jar:/home/user/.m2/repository/com/lmax/disruptor/3.4.2/disruptor-3.4.2.jar:/home/user/.m2/repository/org/apache/commons/commons-pool2/2.6.0/commons-pool2-2.6.0.jar:/home/user/.m2/repository/org/bouncycastle/bcpkix-jdk15on/1.60/bcpkix-jdk15on-1.60.jar:/home/user/.m2/repository/commons-validator/commons-validator/1.6/commons-validator-1.6.jar:/home/user/.m2/repository/commons-digester/commons-digester/1.8.1/commons-digester-1.8.1.jar:/home/user/.m2/repository/io/jaegertracing/jaeger-client/0.33.1/jaeger-client-0.33.1.jar:/home/user/.m2/repository/io/jaegertracing/jaeger-thrift/0.33.1/jaeger-thrift-0.33.1.jar:/home/user/.m2/repository/org/apache/thrift/libthrift/0.11.0/libthrift-0.11.0.jar:/home/user/.m2/repository/com/squareup/okhttp3/okhttp/3.9.0/okhttp-3.9.0.jar:/home/user/.m2/repository/com/squareup/okio/okio/1.13.0/okio-1.13.0.jar:/home/user/.m2/repository/io/jaegertracing/jaeger-core/0.33.1/jaeger-core-0.33.1.jar:/home/user/.m2/repository/io/jaegertracing/jaeger-tracerresolver/0.33.1/jaeger-tracerresolver-0.33.1.jar:/home/user/.m2/repository/io/opentracing/contrib/opentracing-tracerresolver/0.1.5/opentracing-tracerresolver-0.1.5.jar:/home/user/.m2/repository/io/opentracing/opentracing-util/0.31.0/opentracing-util-0.31.0.jar:/home/user/.m2/repository/io/opentracing/opentracing-api/0.31.0/opentracing-api-0.31.0.jar:/home/user/.m2/repository/io/opentracing/opentracing-noop/0.31.0/opentracing-noop-0.31.0.jar:/home/user/.m2/repository/org/apache/hadoop/hadoop-hdds-server-framework/0.5.0-SNAPSHOT/hadoop-hdds-server-framework-0.5.0-SNAPSHOT.jar:/home/user/.m2/repository/org/apache/hadoop/hadoop-hdds-container-service/0.5.0-SNAPSHOT/hadoop-hdds-container-service-0.5.0-SNAPSHOT.jar:/home/user/.m2/repository/org/apache/hadoop/hadoop-hdds-client/0.5.0-SNAPSHOT/hadoop-hdds-client-0.5.0-SNAPSHOT.jar:/home/user/.m2/repository/org/apache/hadoop/hadoop-hdds-tools/0.5.0-SNAPSHOT/hadoop-hdds-tools-0.5.0-SNAPSHOT.jar:/home/user/.m2/repository/org/apache/hadoop/hadoop-hdds-server-scm/0.5.0-SNAPSHOT/hadoop-hdds-server-scm-0.5.0-SNAPSHOT.jar:/home/user/.m2/repository/org/apache/hadoop/hadoop-hdds-docs/0.5.0-SNAPSHOT/hadoop-hdds-docs-0.5.0-SNAPSHOT.jar:/home/user/.m2/repository/io/dropwizard/metrics/metrics-core/3.2.4/metrics-core-3.2.4.jar:/home/user/.m2/repository/org/hamcrest/hamcrest-all/1.3/hamcrest-all-1.3.jar:/home/user/.m2/repository/org/bouncycastle/bcprov-jdk15on/1.60/bcprov-jdk15on-1.60.jar:/home/user/.m2/repository/info/picocli/picocli/3.9.6/picocli-3.9.6.jar:/home/user/.m2/repository/com/google/protobuf/protobuf-java/2.5.0/protobuf-java-2.5.0.jar:/home/user/.m2/repository/com/google/guava/guava/11.0.2/guava-11.0.2.jar:/home/user/.m2/repository/org/apache/hadoop/hadoop-ozone-ozone-manager/0.5.0-SNAPSHOT/hadoop-ozone-ozone-manager-0.5.0-SNAPSHOT.jar:/home/user/.m2/repository/org/apache/hadoop/hadoop-minikdc/3.2.0/hadoop-minikdc-3.2.0.jar:/home/user/.m2/repository/commons-io/commons-io/2.5/commons-io-2.5.jar:/home/user/.m2/repository/org/apache/kerby/kerb-simplekdc/1.0.1/kerb-simplekdc-1.0.1.jar:/home/user/.m2/repository/org/apache/kerby/kerb-client/1.0.1/kerb-client-1.0.1.jar:/home/user/.m2/repository/org/apache/kerby/kerby-config/1.0.1/kerby-config-1.0.1.jar:/home/user/.m2/repository/org/apache/kerby/kerb-core/1.0.1/kerb-core-1.0.1.jar:/home/user/.m2/repository/org/apache/kerby/kerby-pkix/1.0.1/kerby-pkix-1.0.1.jar:/home/user/.m2/repository/org/apache/kerby/kerby-asn1/1.0.1/kerby-asn1-1.0.1.jar:/home/user/.m2/repository/org/apache/kerby/kerby-util/1.0.1/kerby-util-1.0.1.jar:/home/user/.m2/repository/org/apache/kerby/kerb-common/1.0.1/kerb-common-1.0.1.jar:/home/user/.m2/repository/org/apache/kerby/kerb-crypto/1.0.1/kerb-crypto-1.0.1.jar:/home/user/.m2/repository/org/apache/kerby/kerb-util/1.0.1/kerb-util-1.0.1.jar:/home/user/.m2/repository/org/apache/kerby/token-provider/1.0.1/token-provider-1.0.1.jar:/home/user/.m2/repository/org/apache/kerby/kerb-admin/1.0.1/kerb-admin-1.0.1.jar:/home/user/.m2/repository/org/apache/kerby/kerb-server/1.0.1/kerb-server-1.0.1.jar:/home/user/.m2/repository/org/apache/kerby/kerb-identity/1.0.1/kerb-identity-1.0.1.jar:/home/user/.m2/repository/org/apache/kerby/kerby-xdr/1.0.1/kerby-xdr-1.0.1.jar:/home/user/.m2/repository/org/slf4j/slf4j-log4j12/1.7.25/slf4j-log4j12-1.7.25.jar:/home/user/.m2/repository/org/apache/hadoop/hadoop-ozone-objectstore-service/0.5.0-SNAPSHOT/hadoop-ozone-objectstore-service-0.5.0-SNAPSHOT.jar:/home/user/.m2/repository/org/apache/hadoop/hadoop-ozone-s3gateway/0.5.0-SNAPSHOT/hadoop-ozone-s3gateway-0.5.0-SNAPSHOT.jar:/home/user/.m2/repository/org/jboss/weld/servlet/weld-servlet/2.4.7.Final/weld-servlet-2.4.7.Final.jar:/home/user/.m2/repository/org/glassfish/jersey/containers/jersey-container-servlet-core/2.27/jersey-container-servlet-core-2.27.jar:/home/user/.m2/repository/org/glassfish/hk2/external/javax.inject/2.5.0-b42/javax.inject-2.5.0-b42.jar:/home/user/.m2/repository/org/glassfish/jersey/core/jersey-common/2.27/jersey-common-2.27.jar:/home/user/.m2/repository/org/glassfish/hk2/osgi-resource-locator/1.0.1/osgi-resource-locator-1.0.1.jar:/home/user/.m2/repository/javax/ws/rs/javax.ws.rs-api/2.1/javax.ws.rs-api-2.1.jar:/home/user/.m2/repository/org/glassfish/jersey/ext/cdi/jersey-cdi1x/2.27/jersey-cdi1x-2.27.jar:/home/user/.m2/repository/org/glassfish/jersey/inject/jersey-hk2/2.27/jersey-hk2-2.27.jar:/home/user/.m2/repository/org/glassfish/hk2/hk2-locator/2.5.0-b42/hk2-locator-2.5.0-b42.jar:/home/user/.m2/repository/org/javassist/javassist/3.22.0-CR2/javassist-3.22.0-CR2.jar:/home/user/.m2/repository/org/glassfish/hk2/hk2-api/2.5.0/hk2-api-2.5.0.jar:/home/user/.m2/repository/org/glassfish/hk2/external/jakarta.inject/2.5.0/jakarta.inject-2.5.0.jar:/home/user/.m2/repository/org/glassfish/hk2/hk2-utils/2.5.0/hk2-utils-2.5.0.jar:/home/user/.m2/repository/jakarta/annotation/jakarta.annotation-api/1.3.4/jakarta.annotation-api-1.3.4.jar:/home/user/.m2/repository/org/glassfish/hk2/external/aopalliance-repackaged/2.5.0/aopalliance-repackaged-2.5.0.jar:/home/user/.m2/repository/com/fasterxml/jackson/dataformat/jackson-dataformat-xml/2.9.0/jackson-dataformat-xml-2.9.0.jar:/home/user/.m2/repository/com/fasterxml/jackson/core/jackson-core/2.9.5/jackson-core-2.9.5.jar:/home/user/.m2/repository/com/fasterxml/jackson/module/jackson-module-jaxb-annotations/2.9.5/jackson-module-jaxb-annotations-2.9.5.jar:/home/user/.m2/repository/javax/enterprise/cdi-api/1.2/cdi-api-1.2.jar:/home/user/.m2/repository/javax/el/javax.el-api/3.0.0/javax.el-api-3.0.0.jar:/home/user/.m2/repository/javax/interceptor/javax.interceptor-api/1.2/javax.interceptor-api-1.2.jar:/home/user/.m2/repository/javax/inject/javax.inject/1/javax.inject-1.jar:/home/user/.m2/repository/com/sun/xml/bind/jaxb-impl/2.3.0.1/jaxb-impl-2.3.0.1.jar:/home/user/.m2/repository/com/sun/xml/bind/jaxb-core/2.3.0.1/jaxb-core-2.3.0.1.jar:/home/user/.m2/repository/javax/xml/bind/jaxb-api/2.3.0/jaxb-api-2.3.0.jar:/home/user/.m2/repository/javax/activation/activation/1.1.1/activation-1.1.1.jar:/home/user/.m2/repository/org/apache/hadoop/hadoop-ozone-csi/0.5.0-SNAPSHOT/hadoop-ozone-csi-0.5.0-SNAPSHOT.jar:/home/user/.m2/repository/com/google/protobuf/protobuf-java-util/3.5.1/protobuf-java-util-3.5.1.jar:/home/user/.m2/repository/org/apache/hadoop/hadoop-hdds-config/0.5.0-SNAPSHOT/hadoop-hdds-config-0.5.0-SNAPSHOT.jar:/home/user/.m2/repository/io/grpc/grpc-netty/1.17.1/grpc-netty-1.17.1.jar:/home/user/.m2/repository/io/grpc/grpc-core/1.17.1/grpc-core-1.17.1.jar:/home/user/.m2/repository/io/grpc/grpc-context/1.17.1/grpc-context-1.17.1.jar:/home/user/.m2/repository/com/google/errorprone/error_prone_annotations/2.2.0/error_prone_annotations-2.2.0.jar:/home/user/.m2/repository/org/codehaus/mojo/animal-sniffer-annotations/1.17/animal-sniffer-annotations-1.17.jar:/home/user/.m2/repository/io/opencensus/opencensus-api/0.17.0/opencensus-api-0.17.0.jar:/home/user/.m2/repository/io/opencensus/opencensus-contrib-grpc-metrics/0.17.0/opencensus-contrib-grpc-metrics-0.17.0.jar:/home/user/.m2/repository/io/netty/netty-codec-http2/4.1.30.Final/netty-codec-http2-4.1.30.Final.jar:/home/user/.m2/repository/io/netty/netty-codec-http/4.1.30.Final/netty-codec-http-4.1.30.Final.jar:/home/user/.m2/repository/io/netty/netty-codec/4.1.30.Final/netty-codec-4.1.30.Final.jar:/home/user/.m2/repository/io/netty/netty-handler/4.1.30.Final/netty-handler-4.1.30.Final.jar:/home/user/.m2/repository/io/netty/netty-handler-proxy/4.1.30.Final/netty-handler-proxy-4.1.30.Final.jar:/home/user/.m2/repository/io/netty/netty-codec-socks/4.1.30.Final/netty-codec-socks-4.1.30.Final.jar:/home/user/.m2/repository/io/netty/netty-transport-native-epoll/4.1.30.Final/netty-transport-native-epoll-4.1.30.Final.jar:/home/user/.m2/repository/io/netty/netty-common/4.1.30.Final/netty-common-4.1.30.Final.jar:/home/user/.m2/repository/io/netty/netty-buffer/4.1.30.Final/netty-buffer-4.1.30.Final.jar:/home/user/.m2/repository/io/netty/netty-transport/4.1.30.Final/netty-transport-4.1.30.Final.jar:/home/user/.m2/repository/io/netty/netty-resolver/4.1.30.Final/netty-resolver-4.1.30.Final.jar:/home/user/.m2/repository/io/netty/netty-transport-native-unix-common/4.1.30.Final/netty-transport-native-unix-common-4.1.30.Final.jar:/home/user/.m2/repository/io/grpc/grpc-protobuf/1.17.1/grpc-protobuf-1.17.1.jar:/home/user/.m2/repository/com/google/api/grpc/proto-google-common-protos/1.0.0/proto-google-common-protos-1.0.0.jar:/home/user/.m2/repository/io/grpc/grpc-protobuf-lite/1.17.1/grpc-protobuf-lite-1.17.1.jar:/home/user/.m2/repository/io/grpc/grpc-stub/1.17.1/grpc-stub-1.17.1.jar:/home/user/.m2/repository/org/apache/hadoop/hadoop-ozone-recon/0.5.0-SNAPSHOT/hadoop-ozone-recon-0.5.0-SNAPSHOT.jar:/home/user/.m2/repository/org/apache/hadoop/hadoop-ozone-reconcodegen/0.5.0-SNAPSHOT/hadoop-ozone-reconcodegen-0.5.0-SNAPSHOT.jar:/home/user/.m2/repository/com/google/inject/extensions/guice-multibindings/4.0/guice-multibindings-4.0.jar:/home/user/.m2/repository/com/google/inject/guice/4.0/guice-4.0.jar:/home/user/.m2/repository/aopalliance/aopalliance/1.0/aopalliance-1.0.jar:/home/user/.m2/repository/com/google/inject/extensions/guice-servlet/4.0/guice-servlet-4.0.jar:/home/user/.m2/repository/org/glassfish/jersey/containers/jersey-container-servlet/2.27/jersey-container-servlet-2.27.jar:/home/user/.m2/repository/org/glassfish/hk2/guice-bridge/2.5.0/guice-bridge-2.5.0.jar:/home/user/.m2/repository/org/glassfish/jersey/core/jersey-server/2.27/jersey-server-2.27.jar:/home/user/.m2/repository/org/glassfish/jersey/core/jersey-client/2.27/jersey-client-2.27.jar:/home/user/.m2/repository/org/glassfish/jersey/media/jersey-media-jaxb/2.27/jersey-media-jaxb-2.27.jar:/home/user/.m2/repository/javax/validation/validation-api/1.1.0.Final/validation-api-1.1.0.Final.jar:/home/user/.m2/repository/org/glassfish/jersey/media/jersey-media-json-jackson/2.27/jersey-media-json-jackson-2.27.jar:/home/user/.m2/repository/org/glassfish/jersey/ext/jersey-entity-filtering/2.27/jersey-entity-filtering-2.27.jar:/home/user/.m2/repository/com/google/inject/extensions/guice-assistedinject/4.0/guice-assistedinject-4.0.jar:/home/user/.m2/repository/org/jooq/jooq/3.11.10/jooq-3.11.10.jar:/home/user/.m2/repository/org/jooq/jooq-meta/3.11.10/jooq-meta-3.11.10.jar:/home/user/.m2/repository/org/jooq/jooq-codegen/3.11.10/jooq-codegen-3.11.10.jar:/home/user/.m2/repository/com/jolbox/bonecp/0.8.0.RELEASE/bonecp-0.8.0.RELEASE.jar:/home/user/.m2/repository/org/xerial/sqlite-jdbc/3.25.2/sqlite-jdbc-3.25.2.jar:/home/user/.m2/repository/org/springframework/spring-jdbc/5.1.3.RELEASE/spring-jdbc-5.1.3.RELEASE.jar:/home/user/.m2/repository/org/springframework/spring-beans/5.1.3.RELEASE/spring-beans-5.1.3.RELEASE.jar:/home/user/.m2/repository/org/springframework/spring-core/5.1.3.RELEASE/spring-core-5.1.3.RELEASE.jar:/home/user/.m2/repository/org/springframework/spring-jcl/5.1.3.RELEASE/spring-jcl-5.1.3.RELEASE.jar:/home/user/.m2/repository/org/springframework/spring-tx/5.1.3.RELEASE/spring-tx-5.1.3.RELEASE.jar:/home/user/.m2/repository/org/apache/hadoop/hadoop-ozone-client/0.5.0-SNAPSHOT/hadoop-ozone-client-0.5.0-SNAPSHOT.jar:/home/user/.m2/repository/commons-lang/commons-lang/2.6/commons-lang-2.6.jar:/home/user/.m2/repository/org/apache/hadoop/hadoop-ozone-ozone-manager/0.5.0-SNAPSHOT/hadoop-ozone-ozone-manager-0.5.0-SNAPSHOT-tests.jar:/home/user/.m2/repository/junit/junit/4.11/junit-4.11.jar:/home/user/.m2/repository/org/hamcrest/hamcrest-core/1.3/hamcrest-core-1.3.jar:/home/user/.m2/repository/org/openjdk/jmh/jmh-core/1.19/jmh-core-1.19.jar:/home/user/.m2/repository/net/sf/jopt-simple/jopt-simple/4.6/jopt-simple-4.6.jar:/home/user/.m2/repository/org/apache/commons/commons-math3/3.1.1/commons-math3-3.1.1.jar:/home/user/.m2/repository/org/openjdk/jmh/jmh-generator-annprocess/1.19/jmh-generator-annprocess-1.19.jar:/home/user/.m2/repository/org/mockito/mockito-all/1.8.5/mockito-all-1.8.5.jar:/home/user/.m2/repository/org/apache/hadoop/hadoop-kms/3.2.0/hadoop-kms-3.2.0.jar:/home/user/.m2/repository/org/apache/hadoop/hadoop-auth/3.2.0/hadoop-auth-3.2.0.jar:/home/user/.m2/repository/com/nimbusds/nimbus-jose-jwt/4.41.1/nimbus-jose-jwt-4.41.1.jar:/home/user/.m2/repository/com/github/stephenc/jcip/jcip-annotations/1.0-1/jcip-annotations-1.0-1.jar:/home/user/.m2/repository/net/minidev/json-smart/2.3/json-smart-2.3.jar:/home/user/.m2/repository/net/minidev/accessors-smart/1.2/accessors-smart-1.2.jar:/home/user/.m2/repository/org/ow2/asm/asm/5.0.4/asm-5.0.4.jar:/home/user/.m2/repository/org/apache/curator/curator-framework/2.12.0/curator-framework-2.12.0.jar:/home/user/.m2/repository/com/sun/jersey/jersey-core/1.19/jersey-core-1.19.jar:/home/user/.m2/repository/javax/ws/rs/jsr311-api/1.1.1/jsr311-api-1.1.1.jar:/home/user/.m2/repository/com/sun/jersey/jersey-server/1.19/jersey-server-1.19.jar:/home/user/.m2/repository/javax/servlet/javax.servlet-api/3.1.0/javax.servlet-api-3.1.0.jar:/home/user/.m2/repository/org/eclipse/jetty/jetty-server/9.3.24.v20180605/jetty-server-9.3.24.v20180605.jar:/home/user/.m2/repository/org/eclipse/jetty/jetty-http/9.3.24.v20180605/jetty-http-9.3.24.v20180605.jar:/home/user/.m2/repository/org/eclipse/jetty/jetty-io/9.3.24.v20180605/jetty-io-9.3.24.v20180605.jar:/home/user/.m2/repository/org/eclipse/jetty/jetty-webapp/9.3.24.v20180605/jetty-webapp-9.3.24.v20180605.jar:/home/user/.m2/repository/org/eclipse/jetty/jetty-xml/9.3.24.v20180605/jetty-xml-9.3.24.v20180605.jar:/home/user/.m2/repository/log4j/log4j/1.2.17/log4j-1.2.17.jar:/home/user/.m2/repository/org/slf4j/slf4j-api/1.7.25/slf4j-api-1.7.25.jar:/home/user/.m2/repository/org/slf4j/jul-to-slf4j/1.7.25/jul-to-slf4j-1.7.25.jar:/home/user/.m2/repository/org/eclipse/jetty/jetty-util/9.3.24.v20180605/jetty-util-9.3.24.v20180605.jar:/home/user/.m2/repository/com/fasterxml/jackson/core/jackson-databind/2.9.5/jackson-databind-2.9.5.jar:/home/user/.m2/repository/org/apache/hadoop/hadoop-kms/3.2.0/hadoop-kms-3.2.0-tests.jar:/home/user/.m2/repository/org/apache/hadoop/hadoop-hdds-server-scm/0.5.0-SNAPSHOT/hadoop-hdds-server-scm-0.5.0-SNAPSHOT-tests.jar:/home/user/.m2/repository/org/apache/hadoop/hadoop-hdds-container-service/0.5.0-SNAPSHOT/hadoop-hdds-container-service-0.5.0-SNAPSHOT-tests.jar:/home/user/.m2/repository/org/yaml/snakeyaml/1.16/snakeyaml-1.16.jar:/home/user/.m2/repository/org/apache/hadoop/hadoop-common/3.2.0/hadoop-common-3.2.0-tests.jar:/home/user/.m2/repository/org/apache/hadoop/hadoop-annotations/3.2.0/hadoop-annotations-3.2.0.jar:/usr/lib/jvm/java-1.8-openjdk/jre/../lib/tools.jar:/home/user/.m2/repository/commons-cli/commons-cli/1.2/commons-cli-1.2.jar:/home/user/.m2/repository/org/apache/httpcomponents/httpclient/4.5.2/httpclient-4.5.2.jar:/home/user/.m2/repository/org/apache/httpcomponents/httpcore/4.4.4/httpcore-4.4.4.jar:/home/user/.m2/repository/commons-codec/commons-codec/1.11/commons-codec-1.11.jar:/home/user/.m2/repository/commons-net/commons-net/3.6/commons-net-3.6.jar:/home/user/.m2/repository/commons-collections/commons-collections/3.2.2/commons-collections-3.2.2.jar:/home/user/.m2/repository/org/eclipse/jetty/jetty-servlet/9.3.24.v20180605/jetty-servlet-9.3.24.v20180605.jar:/home/user/.m2/repository/org/eclipse/jetty/jetty-security/9.3.24.v20180605/jetty-security-9.3.24.v20180605.jar:/home/user/.m2/repository/javax/servlet/jsp/jsp-api/2.1/jsp-api-2.1.jar:/home/user/.m2/repository/com/sun/jersey/jersey-servlet/1.19/jersey-servlet-1.19.jar:/home/user/.m2/repository/com/sun/jersey/jersey-json/1.19/jersey-json-1.19.jar:/home/user/.m2/repository/org/codehaus/jettison/jettison/1.1/jettison-1.1.jar:/home/user/.m2/repository/org/codehaus/jackson/jackson-core-asl/1.9.13/jackson-core-asl-1.9.13.jar:/home/user/.m2/repository/org/codehaus/jackson/jackson-mapper-asl/1.9.13/jackson-mapper-asl-1.9.13.jar:/home/user/.m2/repository/org/codehaus/jackson/jackson-jaxrs/1.9.13/jackson-jaxrs-1.9.13.jar:/home/user/.m2/repository/org/codehaus/jackson/jackson-xc/1.9.13/jackson-xc-1.9.13.jar:/home/user/.m2/repository/commons-logging/commons-logging/1.1.3/commons-logging-1.1.3.jar:/home/user/.m2/repository/commons-beanutils/commons-beanutils/1.9.3/commons-beanutils-1.9.3.jar:/home/user/.m2/repository/org/apache/commons/commons-configuration2/2.1.1/commons-configuration2-2.1.1.jar:/home/user/.m2/repository/org/apache/commons/commons-lang3/3.7/commons-lang3-3.7.jar:/home/user/.m2/repository/org/apache/commons/commons-text/1.4/commons-text-1.4.jar:/home/user/.m2/repository/org/apache/avro/avro/1.7.7/avro-1.7.7.jar:/home/user/.m2/repository/com/thoughtworks/paranamer/paranamer/2.3/paranamer-2.3.jar:/home/user/.m2/repository/org/xerial/snappy/snappy-java/1.0.5/snappy-java-1.0.5.jar:/home/user/.m2/repository/com/google/re2j/re2j/1.1/re2j-1.1.jar:/home/user/.m2/repository/com/google/code/gson/gson/2.2.4/gson-2.2.4.jar:/home/user/.m2/repository/com/jcraft/jsch/0.1.54/jsch-0.1.54.jar:/home/user/.m2/repository/org/apache/curator/curator-client/2.12.0/curator-client-2.12.0.jar:/home/user/.m2/repository/org/apache/curator/curator-recipes/2.12.0/curator-recipes-2.12.0.jar:/home/user/.m2/repository/com/google/code/findbugs/jsr305/3.0.0/jsr305-3.0.0.jar:/home/user/.m2/repository/org/apache/htrace/htrace-core4/4.1.0-incubating/htrace-core4-4.1.0-incubating.jar:/home/user/.m2/repository/org/apache/zookeeper/zookeeper/3.4.13/zookeeper-3.4.13.jar:/home/user/.m2/repository/org/apache/yetus/audience-annotations/0.5.0/audience-annotations-0.5.0.jar:/home/user/.m2/repository/org/codehaus/woodstox/stax2-api/3.1.4/stax2-api-3.1.4.jar:/home/user/.m2/repository/com/fasterxml/woodstox/woodstox-core/5.0.3/woodstox-core-5.0.3.jar:/home/user/.m2/repository/dnsjava/dnsjava/2.1.7/dnsjava-2.1.7.jar:/home/user/.m2/repository/org/apache/hadoop/hadoop-hdfs/3.2.0/hadoop-hdfs-3.2.0-tests.jar:/home/user/.m2/repository/org/eclipse/jetty/jetty-util-ajax/9.3.24.v20180605/jetty-util-ajax-9.3.24.v20180605.jar:/home/user/.m2/repository/commons-daemon/commons-daemon/1.0.13/commons-daemon-1.0.13.jar:/home/user/.m2/repository/io/netty/netty/3.10.5.Final/netty-3.10.5.Final.jar:/home/user/.m2/repository/io/netty/netty-all/4.0.52.Final/netty-all-4.0.52.Final.jar:/home/user/.m2/repository/org/fusesource/leveldbjni/leveldbjni-all/1.8/leveldbjni-all-1.8.jar:"/>
    <property name="sun.cpu.endian" value="little"/>
    <property name="user.home" value="/home/user"/>
    <property name="user.language" value="en"/>
    <property name="java.specification.vendor" value="Oracle Corporation"/>
    <property name="java.home" value="/usr/lib/jvm/java-1.8-openjdk/jre"/>
    <property name="java.security.krb5.conf" value="/workdir/hadoop-ozone/integration-test/target/test-classes/krb5.conf"/>
    <property name="basedir" value="/workdir/hadoop-ozone/integration-test"/>
    <property name="file.separator" value="/"/>
    <property name="line.separator" value="&#10;"/>
    <property name="java.vm.specification.vendor" value="Oracle Corporation"/>
    <property name="java.specification.name" value="Java Platform API Specification"/>
    <property name="java.awt.graphicsenv" value="sun.awt.X11GraphicsEnvironment"/>
    <property name="surefire.real.class.path" value="/workdir/hadoop-ozone/integration-test/target/surefire/surefirebooter5627047574705344640.jar"/>
    <property name="hadoop.log.dir" value="/workdir/hadoop-ozone/integration-test/target/log"/>
    <property name="sun.boot.class.path" value="/usr/lib/jvm/java-1.8-openjdk/jre/lib/resources.jar:/usr/lib/jvm/java-1.8-openjdk/jre/lib/rt.jar:/usr/lib/jvm/java-1.8-openjdk/jre/lib/sunrsasign.jar:/usr/lib/jvm/java-1.8-openjdk/jre/lib/jsse.jar:/usr/lib/jvm/java-1.8-openjdk/jre/lib/jce.jar:/usr/lib/jvm/java-1.8-openjdk/jre/lib/charsets.jar:/usr/lib/jvm/java-1.8-openjdk/jre/lib/jfr.jar:/usr/lib/jvm/java-1.8-openjdk/jre/classes"/>
    <property name="sun.management.compiler" value="HotSpot 64-Bit Tiered Compilers"/>
    <property name="java.runtime.version" value="1.8.0_212-b04"/>
    <property name="java.net.preferIPv4Stack" value="true"/>
    <property name="user.name" value="jenkins1000"/>
    <property name="path.separator" value=":"/>
    <property name="java.security.egd" value="file:///dev/urandom"/>
    <property name="os.version" value="3.10.0-957.12.2.el7.x86_64"/>
    <property name="java.endorsed.dirs" value="/usr/lib/jvm/java-1.8-openjdk/jre/lib/endorsed"/>
    <property name="java.runtime.name" value="OpenJDK Runtime Environment"/>
    <property name="file.encoding" value="UTF-8"/>
    <property name="java.vm.name" value="OpenJDK 64-Bit Server VM"/>
    <property name="test.build.webapps" value=""/>
    <property name="localRepository" value="/home/user/.m2/repository"/>
    <property name="java.vendor.url.bug" value="https://icedtea.classpath.org/bugzilla"/>
    <property name="java.io.tmpdir" value="/tmp"/>
    <property name="require.test.libhadoop" value=""/>
    <property name="java.version" value="1.8.0_212"/>
    <property name="user.dir" value="/workdir/hadoop-ozone/integration-test"/>
    <property name="os.arch" value="amd64"/>
    <property name="java.vm.specification.name" value="Java Virtual Machine Specification"/>
    <property name="test.build.classes" value="/workdir/hadoop-ozone/integration-test/target/test-classes"/>
    <property name="java.awt.printerjob" value="sun.print.PSPrinterJob"/>
    <property name="sun.os.patch.level" value="unknown"/>
    <property name="hadoop.tmp.dir" value="/workdir/hadoop-ozone/integration-test/target/tmp"/>
    <property name="java.library.path" value="/usr/lib/jvm/java-1.8-openjdk/jre/lib/amd64/server:/usr/lib/jvm/java-1.8-openjdk/jre/lib/amd64:/usr/lib/jvm/java-1.8-openjdk/jre/../lib/amd64:/workdir/hadoop-ozone/integration-test/target/native/target/usr/local/lib:/workdir/hadoop-ozone/integration-test/../../hadoop-common-project/hadoop-common/target/native/target/usr/local/lib:/usr/java/packages/lib/amd64:/usr/lib64:/lib64:/lib:/usr/lib"/>
    <property name="java.vm.info" value="mixed mode"/>
    <property name="java.vendor" value="IcedTea"/>
    <property name="java.vm.version" value="25.212-b04"/>
    <property name="java.ext.dirs" value="/usr/lib/jvm/java-1.8-openjdk/jre/lib/ext:/usr/java/packages/lib/ext"/>
    <property name="sun.io.unicode.encoding" value="UnicodeLittle"/>
    <property name="java.class.version" value="52.0"/>
  </properties>
  <testcase name="testGroupMismatchExceptionHandling" classname="org.apache.hadoop.ozone.client.rpc.TestOzoneClientRetriesOnException" time="56.054"/>
  <testcase name="testMaxRetriesByOzoneClient" classname="org.apache.hadoop.ozone.client.rpc.TestOzoneClientRetriesOnException" time="339.687">
    <error message="Failed to command cmdType: CreateContainer&#10;containerID: 1&#10;datanodeUuid: &quot;b61b0354-621b-4e20-a68d-2d53fecac27d&quot;&#10;createContainer {&#10;}&#10;" type="java.io.IOException">java.io.IOException: 
Failed to command cmdType: CreateContainer
containerID: 1
datanodeUuid: "b61b0354-621b-4e20-a68d-2d53fecac27d"
createContainer {
}

	at org.apache.hadoop.hdds.scm.XceiverClientSpi.sendCommand(XceiverClientSpi.java:113)
	at org.apache.hadoop.ozone.client.rpc.TestOzoneClientRetriesOnException.testMaxRetriesByOzoneClient(TestOzoneClientRetriesOnException.java:190)
	at sun.reflect.NativeMethodAccessorImpl.invoke0(Native Method)
	at sun.reflect.NativeMethodAccessorImpl.invoke(NativeMethodAccessorImpl.java:62)
	at sun.reflect.DelegatingMethodAccessorImpl.invoke(DelegatingMethodAccessorImpl.java:43)
	at java.lang.reflect.Method.invoke(Method.java:498)
	at org.junit.runners.model.FrameworkMethod$1.runReflectiveCall(FrameworkMethod.java:47)
	at org.junit.internal.runners.model.ReflectiveCallable.run(ReflectiveCallable.java:12)
	at org.junit.runners.model.FrameworkMethod.invokeExplosively(FrameworkMethod.java:44)
	at org.junit.internal.runners.statements.InvokeMethod.evaluate(InvokeMethod.java:17)
	at org.junit.internal.runners.statements.RunBefores.evaluate(RunBefores.java:26)
	at org.junit.internal.runners.statements.RunAfters.evaluate(RunAfters.java:27)
	at org.junit.runners.ParentRunner.runLeaf(ParentRunner.java:271)
	at org.junit.runners.BlockJUnit4ClassRunner.runChild(BlockJUnit4ClassRunner.java:70)
	at org.junit.runners.BlockJUnit4ClassRunner.runChild(BlockJUnit4ClassRunner.java:50)
	at org.junit.runners.ParentRunner$3.run(ParentRunner.java:238)
	at org.junit.runners.ParentRunner$1.schedule(ParentRunner.java:63)
	at org.junit.runners.ParentRunner.runChildren(ParentRunner.java:236)
	at org.junit.runners.ParentRunner.access$000(ParentRunner.java:53)
	at org.junit.runners.ParentRunner$2.evaluate(ParentRunner.java:229)
	at org.junit.runners.ParentRunner.run(ParentRunner.java:309)
	at org.apache.maven.surefire.junit4.JUnit4Provider.execute(JUnit4Provider.java:365)
	at org.apache.maven.surefire.junit4.JUnit4Provider.executeWithRerun(JUnit4Provider.java:273)
	at org.apache.maven.surefire.junit4.JUnit4Provider.executeTestSet(JUnit4Provider.java:238)
	at org.apache.maven.surefire.junit4.JUnit4Provider.invoke(JUnit4Provider.java:159)
	at org.apache.maven.surefire.booter.ForkedBooter.invokeProviderInSameClassLoader(ForkedBooter.java:384)
	at org.apache.maven.surefire.booter.ForkedBooter.runSuitesInProcess(ForkedBooter.java:345)
	at org.apache.maven.surefire.booter.ForkedBooter.execute(ForkedBooter.java:126)
	at org.apache.maven.surefire.booter.ForkedBooter.main(ForkedBooter.java:418)
Caused by: java.util.concurrent.ExecutionException: org.apache.ratis.protocol.RaftRetryFailureException: Failed RaftClientRequest:client-08D30C90C1DD->891c1cf7-eb5d-4327-8423-159f04f60044@group-1A1F4B3A8F4F, cid=45, seq=4*, RW, org.apache.hadoop.hdds.scm.XceiverClientRatis$$Lambda$655/1809269661@41ad4e49 for 180 attempts with RetryLimited(maxAttempts=180, sleepTime=1000ms)
	at java.util.concurrent.CompletableFuture.reportGet(CompletableFuture.java:357)
	at java.util.concurrent.CompletableFuture.get(CompletableFuture.java:1895)
	at org.apache.hadoop.hdds.scm.XceiverClientSpi.sendCommand(XceiverClientSpi.java:110)
	... 28 more
Caused by: org.apache.ratis.protocol.RaftRetryFailureException: Failed RaftClientRequest:client-08D30C90C1DD->891c1cf7-eb5d-4327-8423-159f04f60044@group-1A1F4B3A8F4F, cid=45, seq=4*, RW, org.apache.hadoop.hdds.scm.XceiverClientRatis$$Lambda$655/1809269661@41ad4e49 for 180 attempts with RetryLimited(maxAttempts=180, sleepTime=1000ms)
	at org.apache.ratis.client.impl.RaftClientImpl.noMoreRetries(RaftClientImpl.java:272)
	at org.apache.ratis.client.impl.OrderedAsync.handleAsyncRetryFailure(OrderedAsync.java:138)
	at org.apache.ratis.client.impl.OrderedAsync.lambda$sendRequest$10(OrderedAsync.java:230)
	at java.util.concurrent.CompletableFuture.uniExceptionally(CompletableFuture.java:870)
	at java.util.concurrent.CompletableFuture$UniExceptionally.tryFire(CompletableFuture.java:852)
	at java.util.concurrent.CompletableFuture.postComplete(CompletableFuture.java:474)
	at java.util.concurrent.CompletableFuture.completeExceptionally(CompletableFuture.java:1977)
	at org.apache.ratis.grpc.client.GrpcClientProtocolClient$AsyncStreamObservers.completeReplyExceptionally(GrpcClientProtocolClient.java:330)
	at org.apache.ratis.grpc.client.GrpcClientProtocolClient$AsyncStreamObservers.access$000(GrpcClientProtocolClient.java:246)
	at org.apache.ratis.grpc.client.GrpcClientProtocolClient$AsyncStreamObservers$1.onNext(GrpcClientProtocolClient.java:258)
	at org.apache.ratis.grpc.client.GrpcClientProtocolClient$AsyncStreamObservers$1.onNext(GrpcClientProtocolClient.java:249)
	at org.apache.ratis.thirdparty.io.grpc.stub.ClientCalls$StreamObserverToCallListenerAdapter.onMessage(ClientCalls.java:421)
	at org.apache.ratis.thirdparty.io.grpc.ForwardingClientCallListener.onMessage(ForwardingClientCallListener.java:33)
	at org.apache.ratis.thirdparty.io.grpc.ForwardingClientCallListener.onMessage(ForwardingClientCallListener.java:33)
	at org.apache.ratis.thirdparty.io.grpc.internal.ClientCallImpl$ClientStreamListenerImpl$1MessagesAvailable.runInContext(ClientCallImpl.java:519)
	at org.apache.ratis.thirdparty.io.grpc.internal.ContextRunnable.run(ContextRunnable.java:37)
	at org.apache.ratis.thirdparty.io.grpc.internal.SerializingExecutor.run(SerializingExecutor.java:123)
	at java.util.concurrent.ThreadPoolExecutor.runWorker(ThreadPoolExecutor.java:1149)
	at java.util.concurrent.ThreadPoolExecutor$Worker.run(ThreadPoolExecutor.java:624)
	at java.lang.Thread.run(Thread.java:748)
Caused by: org.apache.ratis.protocol.NotLeaderException: Server 891c1cf7-eb5d-4327-8423-159f04f60044 is not the leader (b61b0354-621b-4e20-a68d-2d53fecac27d:192.168.5.185:39516). Request must be sent to leader.
	at org.apache.ratis.client.impl.ClientProtoUtils.toRaftClientReply(ClientProtoUtils.java:242)
	at org.apache.ratis.grpc.client.GrpcClientProtocolClient$AsyncStreamObservers$1.onNext(GrpcClientProtocolClient.java:254)
	... 10 more
</error>
    <system-out><![CDATA[2019-09-18 16:23:44,799 [main] WARN  server.ServerUtils (ServerUtils.java:getScmDbDir(145)) - ozone.scm.db.dirs is not configured. We recommend adding this setting. Falling back to ozone.metadata.dirs instead.
2019-09-18 16:23:44,850 [main] WARN  server.ServerUtils (ServerUtils.java:getScmDbDir(145)) - ozone.scm.db.dirs is not configured. We recommend adding this setting. Falling back to ozone.metadata.dirs instead.
2019-09-18 16:23:44,850 [main] WARN  server.ServerUtils (ServerUtils.java:getScmDbDir(145)) - ozone.scm.db.dirs is not configured. We recommend adding this setting. Falling back to ozone.metadata.dirs instead.
2019-09-18 16:23:44,851 [main] INFO  db.DBStoreBuilder (DBStoreBuilder.java:addTable(110)) - using custom profile for table: deletedBlocks
2019-09-18 16:23:44,851 [main] INFO  db.DBStoreBuilder (DBStoreBuilder.java:processTables(161)) - Using default column profile:DBProfile.DISK for Table:deletedBlocks
2019-09-18 16:23:44,852 [main] INFO  db.DBStoreBuilder (DBStoreBuilder.java:addTable(110)) - using custom profile for table: validCerts
2019-09-18 16:23:44,852 [main] INFO  db.DBStoreBuilder (DBStoreBuilder.java:processTables(161)) - Using default column profile:DBProfile.DISK for Table:validCerts
2019-09-18 16:23:44,853 [main] INFO  db.DBStoreBuilder (DBStoreBuilder.java:addTable(110)) - using custom profile for table: revokedCerts
2019-09-18 16:23:44,853 [main] INFO  db.DBStoreBuilder (DBStoreBuilder.java:processTables(161)) - Using default column profile:DBProfile.DISK for Table:revokedCerts
2019-09-18 16:23:44,853 [main] INFO  db.DBStoreBuilder (DBStoreBuilder.java:addTable(110)) - using custom profile for table: default
2019-09-18 16:23:44,854 [main] INFO  db.DBStoreBuilder (DBStoreBuilder.java:processTables(167)) - Using default column profile:DBProfile.DISK for Table:default
2019-09-18 16:23:44,854 [main] INFO  db.DBStoreBuilder (DBStoreBuilder.java:getDbProfile(198)) - Using default options. DBProfile.DISK
2019-09-18 16:23:45,186 [main] INFO  net.NodeSchemaLoader (NodeSchemaLoader.java:loadSchemaFromFile(125)) - Loading file from sun.misc.CompoundEnumeration@7e81617a
2019-09-18 16:23:45,187 [main] INFO  net.NodeSchemaLoader (NodeSchemaLoader.java:loadSchema(171)) - Loading network topology layer schema file
2019-09-18 16:23:45,194 [main] WARN  server.ServerUtils (ServerUtils.java:sanitizeUserArgs(70)) - ozone.scm.stale.node.interval value = 300000 is larger than max = 100000 based on the key value of ozone.scm.heartbeat.thread.interval, reset to the max value 100000.
2019-09-18 16:23:45,194 [main] WARN  server.ServerUtils (ServerUtils.java:sanitizeUserArgs(70)) - ozone.scm.stale.node.interval value = 300000 is larger than max = 100000 based on the key value of ozone.scm.heartbeat.thread.interval, reset to the max value 100000.
2019-09-18 16:23:45,195 [main] INFO  node.SCMNodeManager (SCMNodeManager.java:<init>(121)) - Entering startup safe mode.
2019-09-18 16:23:45,196 [main] INFO  algorithms.ContainerPlacementPolicyFactory (ContainerPlacementPolicyFactory.java:getPolicy(56)) - Create container placement policy of type org.apache.hadoop.hdds.scm.container.placement.algorithms.SCMContainerPlacementRandom
2019-09-18 16:23:45,197 [main] WARN  server.ServerUtils (ServerUtils.java:getScmDbDir(145)) - ozone.scm.db.dirs is not configured. We recommend adding this setting. Falling back to ozone.metadata.dirs instead.
2019-09-18 16:23:45,648 [main] INFO  pipeline.SCMPipelineManager (SCMPipelineManager.java:initializePipelineState(145)) - No pipeline exists in current db
2019-09-18 16:23:45,649 [main] WARN  server.ServerUtils (ServerUtils.java:getScmDbDir(145)) - ozone.scm.db.dirs is not configured. We recommend adding this setting. Falling back to ozone.metadata.dirs instead.
2019-09-18 16:23:45,798 [main] INFO  safemode.HealthyPipelineSafeModeRule (HealthyPipelineSafeModeRule.java:<init>(87)) -  Total pipeline count is 0, healthy pipeline threshold count is 1
2019-09-18 16:23:45,798 [main] INFO  safemode.OneReplicaPipelineSafeModeRule (OneReplicaPipelineSafeModeRule.java:<init>(75)) - Total pipeline count is 0, pipeline's with at least one datanode reported threshold count is 0
2019-09-18 16:23:45,799 [main] WARN  events.EventQueue (EventQueue.java:fireEvent(175)) - No event handler registered for event TypedEvent{payloadType=SafeModeStatus, name='SafeModeStatus'}
2019-09-18 16:23:45,800 [main] INFO  ipc.CallQueueManager (CallQueueManager.java:<init>(84)) - Using callQueue: class java.util.concurrent.LinkedBlockingQueue, queueCapacity: 2000, scheduler: class org.apache.hadoop.ipc.DefaultRpcScheduler, ipcBackoff: false.
2019-09-18 16:23:45,801 [Socket Reader #1 for port 45460] INFO  ipc.Server (Server.java:run(1074)) - Starting Socket Reader #1 for port 45460
2019-09-18 16:23:45,803 [main] INFO  ipc.CallQueueManager (CallQueueManager.java:<init>(84)) - Using callQueue: class java.util.concurrent.LinkedBlockingQueue, queueCapacity: 2000, scheduler: class org.apache.hadoop.ipc.DefaultRpcScheduler, ipcBackoff: false.
2019-09-18 16:23:45,803 [Socket Reader #1 for port 37814] INFO  ipc.Server (Server.java:run(1074)) - Starting Socket Reader #1 for port 37814
2019-09-18 16:23:45,804 [main] INFO  ipc.CallQueueManager (CallQueueManager.java:<init>(84)) - Using callQueue: class java.util.concurrent.LinkedBlockingQueue, queueCapacity: 2000, scheduler: class org.apache.hadoop.ipc.DefaultRpcScheduler, ipcBackoff: false.
2019-09-18 16:23:45,805 [Socket Reader #1 for port 36641] INFO  ipc.Server (Server.java:run(1074)) - Starting Socket Reader #1 for port 36641
2019-09-18 16:23:45,807 [main] INFO  hdfs.DFSUtil (DFSUtil.java:httpServerTemplateForNNAndJN(1641)) - Starting Web-server for scm at: http://0.0.0.0:0
2019-09-18 16:23:45,809 [main] INFO  server.AuthenticationFilter (AuthenticationFilter.java:constructSecretProvider(240)) - Unable to initialize FileSignerSecretProvider, falling back to use random secrets.
2019-09-18 16:23:45,810 [main] WARN  http.HttpRequestLog (HttpRequestLog.java:getRequestLog(97)) - Jetty request log can only be enabled using Log4j
2019-09-18 16:23:45,812 [main] INFO  http.HttpServer2 (HttpServer2.java:addGlobalFilter(975)) - Added global filter 'safety' (class=org.apache.hadoop.http.HttpServer2$QuotingInputFilter)
2019-09-18 16:23:45,812 [main] INFO  http.HttpServer2 (HttpServer2.java:addFilter(948)) - Added filter static_user_filter (class=org.apache.hadoop.http.lib.StaticUserWebFilter$StaticUserFilter) to context scm
2019-09-18 16:23:45,813 [main] INFO  http.HttpServer2 (HttpServer2.java:addFilter(958)) - Added filter static_user_filter (class=org.apache.hadoop.http.lib.StaticUserWebFilter$StaticUserFilter) to context static
2019-09-18 16:23:45,813 [main] INFO  http.HttpServer2 (HttpServer2.java:addFilter(958)) - Added filter static_user_filter (class=org.apache.hadoop.http.lib.StaticUserWebFilter$StaticUserFilter) to context logs
2019-09-18 16:23:45,815 [main] INFO  server.StorageContainerManager (StorageContainerManager.java:start(761)) - StorageContainerLocationProtocol RPC server is listening at /0.0.0.0:36641
2019-09-18 16:23:45,817 [main] WARN  impl.MetricsConfig (MetricsConfig.java:loadFirst(134)) - Cannot locate configuration: tried hadoop-metrics2-storagecontainermanager.properties,hadoop-metrics2.properties
2019-09-18 16:23:45,818 [main] INFO  impl.MetricsSystemImpl (MetricsSystemImpl.java:startTimer(374)) - Scheduled Metric snapshot period at 10 second(s).
2019-09-18 16:23:45,818 [main] INFO  impl.MetricsSystemImpl (MetricsSystemImpl.java:start(191)) - StorageContainerManager metrics system started
2019-09-18 16:23:45,860 [main] INFO  server.SCMClientProtocolServer (SCMClientProtocolServer.java:start(151)) - RPC server for Client  is listening at /0.0.0.0:36641
2019-09-18 16:23:45,861 [IPC Server Responder] INFO  ipc.Server (Server.java:run(1314)) - IPC Server Responder: starting
2019-09-18 16:23:45,861 [IPC Server listener on 36641] INFO  ipc.Server (Server.java:run(1153)) - IPC Server listener on 36641: starting
2019-09-18 16:23:45,864 [main] INFO  server.StorageContainerManager (StorageContainerManager.java:start(771)) - ScmBlockLocationProtocol RPC server is listening at /0.0.0.0:37814
2019-09-18 16:23:45,864 [main] INFO  server.SCMBlockProtocolServer (SCMBlockProtocolServer.java:start(140)) - RPC server for Block Protocol is listening at /0.0.0.0:37814
2019-09-18 16:23:45,864 [IPC Server Responder] INFO  ipc.Server (Server.java:run(1314)) - IPC Server Responder: starting
2019-09-18 16:23:45,864 [IPC Server listener on 37814] INFO  ipc.Server (Server.java:run(1153)) - IPC Server listener on 37814: starting
2019-09-18 16:23:45,868 [main] INFO  server.StorageContainerManager (StorageContainerManager.java:start(775)) - ScmDatanodeProtocl RPC server is listening at /0.0.0.0:45460
2019-09-18 16:23:45,868 [main] INFO  server.SCMDatanodeProtocolServer (SCMDatanodeProtocolServer.java:start(199)) - RPC server for DataNodes is listening at /0.0.0.0:45460
2019-09-18 16:23:45,868 [IPC Server Responder] INFO  ipc.Server (Server.java:run(1314)) - IPC Server Responder: starting
2019-09-18 16:23:45,868 [IPC Server listener on 45460] INFO  ipc.Server (Server.java:run(1153)) - IPC Server listener on 45460: starting
2019-09-18 16:23:45,871 [main] INFO  http.HttpServer2 (HttpServer2.java:bindListener(1191)) - Jetty bound to port 40205
2019-09-18 16:23:45,872 [main] INFO  server.Server (Server.java:doStart(351)) - jetty-9.3.24.v20180605, build timestamp: 2018-06-05T17:11:56Z, git hash: 84205aa28f11a4f31f2a3b86d1bba2cc8ab69827
2019-09-18 16:23:45,873 [main] INFO  handler.ContextHandler (ContextHandler.java:doStart(781)) - Started o.e.j.s.ServletContextHandler@4eb63dc8{/logs,file:///workdir/hadoop-ozone/integration-test/target/log,AVAILABLE}
2019-09-18 16:23:45,874 [main] INFO  handler.ContextHandler (ContextHandler.java:doStart(781)) - Started o.e.j.s.ServletContextHandler@395281c2{/static,file:///workdir/hadoop-ozone/integration-test/target/test-classes/webapps/static,AVAILABLE}
2019-09-18 16:23:45,878 [main] INFO  handler.ContextHandler (ContextHandler.java:doStart(781)) - Started o.e.j.w.WebAppContext@4b3ad7ca{/,file:///workdir/hadoop-ozone/integration-test/target/test-classes/webapps/scm/,AVAILABLE}{/scm}
2019-09-18 16:23:45,878 [main] INFO  server.AbstractConnector (AbstractConnector.java:doStart(278)) - Started ServerConnector@6785c9fa{HTTP/1.1,[http/1.1]}{0.0.0.0:40205}
2019-09-18 16:23:45,879 [main] INFO  server.Server (Server.java:doStart(419)) - Started @57737ms
2019-09-18 16:23:45,880 [main] INFO  server.BaseHttpServer (BaseHttpServer.java:updateConnectorAddress(213)) - HTTP server of SCM is listening at http://0.0.0.0:40205
2019-09-18 16:23:45,881 [main] WARN  server.ServerUtils (ServerUtils.java:getDBPath(222)) - ozone.om.db.dirs is not configured. We recommend adding this setting. Falling back to ozone.metadata.dirs instead.
2019-09-18 16:23:45,881 [org.apache.hadoop.util.JvmPauseMonitor$Monitor@194b9783] INFO  util.JvmPauseMonitor (JvmPauseMonitor.java:run(188)) - Starting JVM pause monitor
2019-09-18 16:23:45,936 [main] WARN  server.ServerUtils (ServerUtils.java:getDBPath(222)) - ozone.om.db.dirs is not configured. We recommend adding this setting. Falling back to ozone.metadata.dirs instead.
2019-09-18 16:23:45,936 [main] WARN  server.ServerUtils (ServerUtils.java:getDBPath(222)) - ozone.om.db.dirs is not configured. We recommend adding this setting. Falling back to ozone.metadata.dirs instead.
2019-09-18 16:23:45,937 [main] INFO  om.OzoneManager (OzoneManager.java:setOMNodeDetails(645)) - OM Service ID is not set. Setting it to the default ID: omServiceIdDefault
2019-09-18 16:23:45,937 [main] INFO  om.OzoneManager (OzoneManager.java:setOMNodeDetails(651)) - OM Node ID is not set. Setting it to the OmStorage's OmID: f4148afb-9d8a-431f-b473-f8b6520ac3ef
2019-09-18 16:23:45,937 [main] INFO  om.OzoneManager (OzoneManager.java:loadOMHAConfigs(602)) - Found matching OM address with OMServiceId: null, OMNodeId: null, RPC Address: localhost:0 and Ratis port: 9872
2019-09-18 16:23:45,941 | INFO  | SCMAudit | user=jenkins1000 | ip=192.168.5.185 | op=GET_SCM_INFO null | ret=SUCCESS |  
2019-09-18 16:23:45,944 [main] WARN  server.ServerUtils (ServerUtils.java:getDBPath(222)) - ozone.om.db.dirs is not configured. We recommend adding this setting. Falling back to ozone.metadata.dirs instead.
2019-09-18 16:23:45,944 [main] INFO  db.DBStoreBuilder (DBStoreBuilder.java:addTable(110)) - using custom profile for table: userTable
2019-09-18 16:23:45,945 [main] INFO  db.DBStoreBuilder (DBStoreBuilder.java:processTables(161)) - Using default column profile:DBProfile.DISK for Table:userTable
2019-09-18 16:23:45,945 [main] INFO  db.DBStoreBuilder (DBStoreBuilder.java:addTable(110)) - using custom profile for table: volumeTable
2019-09-18 16:23:45,945 [main] INFO  db.DBStoreBuilder (DBStoreBuilder.java:processTables(161)) - Using default column profile:DBProfile.DISK for Table:volumeTable
2019-09-18 16:23:45,945 [main] INFO  db.DBStoreBuilder (DBStoreBuilder.java:addTable(110)) - using custom profile for table: bucketTable
2019-09-18 16:23:45,945 [main] INFO  db.DBStoreBuilder (DBStoreBuilder.java:processTables(161)) - Using default column profile:DBProfile.DISK for Table:bucketTable
2019-09-18 16:23:45,946 [main] INFO  db.DBStoreBuilder (DBStoreBuilder.java:addTable(110)) - using custom profile for table: keyTable
2019-09-18 16:23:45,946 [main] INFO  db.DBStoreBuilder (DBStoreBuilder.java:processTables(161)) - Using default column profile:DBProfile.DISK for Table:keyTable
2019-09-18 16:23:45,946 [main] INFO  db.DBStoreBuilder (DBStoreBuilder.java:addTable(110)) - using custom profile for table: deletedTable
2019-09-18 16:23:45,946 [main] INFO  db.DBStoreBuilder (DBStoreBuilder.java:processTables(161)) - Using default column profile:DBProfile.DISK for Table:deletedTable
2019-09-18 16:23:45,946 [main] INFO  db.DBStoreBuilder (DBStoreBuilder.java:addTable(110)) - using custom profile for table: openKeyTable
2019-09-18 16:23:45,946 [main] INFO  db.DBStoreBuilder (DBStoreBuilder.java:processTables(161)) - Using default column profile:DBProfile.DISK for Table:openKeyTable
2019-09-18 16:23:45,947 [main] INFO  db.DBStoreBuilder (DBStoreBuilder.java:addTable(110)) - using custom profile for table: s3Table
2019-09-18 16:23:45,947 [main] INFO  db.DBStoreBuilder (DBStoreBuilder.java:processTables(161)) - Using default column profile:DBProfile.DISK for Table:s3Table
2019-09-18 16:23:45,947 [main] INFO  db.DBStoreBuilder (DBStoreBuilder.java:addTable(110)) - using custom profile for table: multipartInfoTable
2019-09-18 16:23:45,947 [main] INFO  db.DBStoreBuilder (DBStoreBuilder.java:processTables(161)) - Using default column profile:DBProfile.DISK for Table:multipartInfoTable
2019-09-18 16:23:45,947 [main] INFO  db.DBStoreBuilder (DBStoreBuilder.java:addTable(110)) - using custom profile for table: dTokenTable
2019-09-18 16:23:45,947 [main] INFO  db.DBStoreBuilder (DBStoreBuilder.java:processTables(161)) - Using default column profile:DBProfile.DISK for Table:dTokenTable
2019-09-18 16:23:45,948 [main] INFO  db.DBStoreBuilder (DBStoreBuilder.java:addTable(110)) - using custom profile for table: s3SecretTable
2019-09-18 16:23:45,948 [main] INFO  db.DBStoreBuilder (DBStoreBuilder.java:processTables(161)) - Using default column profile:DBProfile.DISK for Table:s3SecretTable
2019-09-18 16:23:45,948 [main] INFO  db.DBStoreBuilder (DBStoreBuilder.java:addTable(110)) - using custom profile for table: prefixTable
2019-09-18 16:23:45,948 [main] INFO  db.DBStoreBuilder (DBStoreBuilder.java:processTables(161)) - Using default column profile:DBProfile.DISK for Table:prefixTable
2019-09-18 16:23:45,948 [main] INFO  db.DBStoreBuilder (DBStoreBuilder.java:addTable(110)) - using custom profile for table: default
2019-09-18 16:23:45,949 [main] INFO  db.DBStoreBuilder (DBStoreBuilder.java:processTables(167)) - Using default column profile:DBProfile.DISK for Table:default
2019-09-18 16:23:45,949 [main] INFO  db.DBStoreBuilder (DBStoreBuilder.java:getDbProfile(198)) - Using default options. DBProfile.DISK
2019-09-18 16:23:47,014 [main] INFO  ipc.CallQueueManager (CallQueueManager.java:<init>(84)) - Using callQueue: class java.util.concurrent.LinkedBlockingQueue, queueCapacity: 2000, scheduler: class org.apache.hadoop.ipc.DefaultRpcScheduler, ipcBackoff: false.
2019-09-18 16:23:47,015 [Socket Reader #1 for port 42337] INFO  ipc.Server (Server.java:run(1074)) - Starting Socket Reader #1 for port 42337
2019-09-18 16:23:47,039 [main] INFO  om.OzoneManager (OzoneManager.java:start(1256)) - OzoneManager RPC server is listening at localhost/127.0.0.1:42337
2019-09-18 16:23:47,039 [main] INFO  impl.MetricsSystemImpl (MetricsSystemImpl.java:init(158)) - OzoneManager metrics system started (again)
2019-09-18 16:23:47,040 [IPC Server Responder] INFO  ipc.Server (Server.java:run(1314)) - IPC Server Responder: starting
2019-09-18 16:23:47,040 [IPC Server listener on 42337] INFO  ipc.Server (Server.java:run(1153)) - IPC Server listener on 42337: starting
2019-09-18 16:23:47,046 [main] INFO  hdfs.DFSUtil (DFSUtil.java:httpServerTemplateForNNAndJN(1641)) - Starting Web-server for ozoneManager at: http://0.0.0.0:0
2019-09-18 16:23:47,048 [main] INFO  server.AuthenticationFilter (AuthenticationFilter.java:constructSecretProvider(240)) - Unable to initialize FileSignerSecretProvider, falling back to use random secrets.
2019-09-18 16:23:47,048 [main] WARN  http.HttpRequestLog (HttpRequestLog.java:getRequestLog(97)) - Jetty request log can only be enabled using Log4j
2019-09-18 16:23:47,050 [main] INFO  http.HttpServer2 (HttpServer2.java:addGlobalFilter(975)) - Added global filter 'safety' (class=org.apache.hadoop.http.HttpServer2$QuotingInputFilter)
2019-09-18 16:23:47,051 [main] INFO  http.HttpServer2 (HttpServer2.java:addFilter(948)) - Added filter static_user_filter (class=org.apache.hadoop.http.lib.StaticUserWebFilter$StaticUserFilter) to context ozoneManager
2019-09-18 16:23:47,051 [main] INFO  http.HttpServer2 (HttpServer2.java:addFilter(958)) - Added filter static_user_filter (class=org.apache.hadoop.http.lib.StaticUserWebFilter$StaticUserFilter) to context static
2019-09-18 16:23:47,051 [main] INFO  http.HttpServer2 (HttpServer2.java:addFilter(958)) - Added filter static_user_filter (class=org.apache.hadoop.http.lib.StaticUserWebFilter$StaticUserFilter) to context logs
2019-09-18 16:23:47,052 [main] INFO  http.HttpServer2 (HttpServer2.java:bindListener(1191)) - Jetty bound to port 35446
2019-09-18 16:23:47,052 [main] INFO  server.Server (Server.java:doStart(351)) - jetty-9.3.24.v20180605, build timestamp: 2018-06-05T17:11:56Z, git hash: 84205aa28f11a4f31f2a3b86d1bba2cc8ab69827
2019-09-18 16:23:47,054 [main] INFO  handler.ContextHandler (ContextHandler.java:doStart(781)) - Started o.e.j.s.ServletContextHandler@38d42ab7{/logs,file:///workdir/hadoop-ozone/integration-test/target/log,AVAILABLE}
2019-09-18 16:23:47,055 [main] INFO  handler.ContextHandler (ContextHandler.java:doStart(781)) - Started o.e.j.s.ServletContextHandler@4005e485{/static,file:///workdir/hadoop-ozone/integration-test/target/test-classes/webapps/static,AVAILABLE}
2019-09-18 16:23:47,060 [main] INFO  handler.ContextHandler (ContextHandler.java:doStart(781)) - Started o.e.j.w.WebAppContext@34beadce{/,file:///workdir/hadoop-ozone/integration-test/target/test-classes/webapps/ozoneManager/,AVAILABLE}{/ozoneManager}
2019-09-18 16:23:47,060 [main] INFO  server.AbstractConnector (AbstractConnector.java:doStart(278)) - Started ServerConnector@382d549a{HTTP/1.1,[http/1.1]}{0.0.0.0:35446}
2019-09-18 16:23:47,061 [main] INFO  server.Server (Server.java:doStart(419)) - Started @58919ms
2019-09-18 16:23:47,062 [main] INFO  server.BaseHttpServer (BaseHttpServer.java:updateConnectorAddress(213)) - HTTP server of OZONEMANAGER is listening at http://0.0.0.0:35446
2019-09-18 16:23:47,079 [main] INFO  impl.MetricsSystemImpl (MetricsSystemImpl.java:init(158)) - HddsDatanode metrics system started (again)
2019-09-18 16:23:47,082 [main] INFO  ozone.HddsDatanodeService (HddsDatanodeService.java:start(184)) - HddsDatanodeService host:pr-hdds-2034-lb7qt-2171347232 ip:192.168.5.185
2019-09-18 16:23:47,089 [main] INFO  volume.HddsVolume (HddsVolume.java:<init>(176)) - Creating Volume: /workdir/hadoop-ozone/integration-test/target/test-dir/MiniOzoneClusterImpl-2d326fd7-59af-45f3-b86b-efdcab7b8137/datanode-0/data/containers/hdds of  storage type : DISK and capacity : 1482555576320
2019-09-18 16:23:47,089 [main] INFO  volume.VolumeSet (VolumeSet.java:initializeVolumeSet(170)) - Added Volume : /workdir/hadoop-ozone/integration-test/target/test-dir/MiniOzoneClusterImpl-2d326fd7-59af-45f3-b86b-efdcab7b8137/datanode-0/data/containers/hdds to VolumeSet
2019-09-18 16:23:47,090 [main] INFO  volume.ThrottledAsyncChecker (ThrottledAsyncChecker.java:schedule(140)) - Scheduling a check for org.apache.hadoop.ozone.container.common.volume.HddsVolume@6e948f1c
2019-09-18 16:23:47,090 [main] INFO  volume.HddsVolumeChecker (HddsVolumeChecker.java:checkAllVolumes(203)) - Scheduled health check for volume org.apache.hadoop.ozone.container.common.volume.HddsVolume@6e948f1c
2019-09-18 16:23:47,111 [main] INFO  impl.RaftServerProxy (ConfUtils.java:logGet(43)) - raft.rpc.type = GRPC (default)
2019-09-18 16:23:47,112 [main] INFO  grpc.GrpcFactory (GrpcFactory.java:checkPooledByteBufAllocatorUseCacheForAllThreads(45)) - PERFORMANCE WARNING: useCacheForAllThreads is true that may cause Netty to create a lot garbage objects and, as a result, trigger GC.
	It is recommended to disable useCacheForAllThreads by setting -Dorg.apache.ratis.thirdparty.io.netty.allocator.useCacheForAllThreads=false in command line.
2019-09-18 16:23:47,112 [main] INFO  grpc.GrpcConfigKeys$Server (ConfUtils.java:logGet(43)) - raft.grpc.server.port = 0 (default)
2019-09-18 16:23:47,113 [main] INFO  server.GrpcService (ConfUtils.java:logGet(43)) - raft.grpc.message.size.max = 33570816 (custom)
2019-09-18 16:23:47,113 [main] INFO  server.RaftServerConfigKeys (ConfUtils.java:logGet(43)) - raft.server.log.appender.buffer.byte-limit = 33554432 (custom)
2019-09-18 16:23:47,114 [main] INFO  server.GrpcService (ConfUtils.java:logGet(43)) - raft.grpc.flow.control.window = 1MB (=1048576) (default)
2019-09-18 16:23:47,114 [main] INFO  server.RaftServerConfigKeys (ConfUtils.java:logGet(43)) - raft.server.rpc.request.timeout = 3000ms (default)
2019-09-18 16:23:47,116 [main] INFO  server.RaftServerConfigKeys (ConfUtils.java:logGet(43)) - raft.server.storage.dir = [/workdir/hadoop-ozone/integration-test/target/test-dir/MiniOzoneClusterImpl-2d326fd7-59af-45f3-b86b-efdcab7b8137/datanode-0/data/ratis] (custom)
2019-09-18 16:23:47,117 [main] INFO  replication.SimpleContainerDownloader (SimpleContainerDownloader.java:<init>(72)) - Starting container downloader service to copy containers to replicate.
2019-09-18 16:23:47,119 [main] INFO  hdfs.DFSUtil (DFSUtil.java:httpServerTemplateForNNAndJN(1641)) - Starting Web-server for hddsDatanode at: http://0.0.0.0:0
2019-09-18 16:23:47,121 [main] INFO  server.AuthenticationFilter (AuthenticationFilter.java:constructSecretProvider(240)) - Unable to initialize FileSignerSecretProvider, falling back to use random secrets.
2019-09-18 16:23:47,122 [main] WARN  http.HttpRequestLog (HttpRequestLog.java:getRequestLog(97)) - Jetty request log can only be enabled using Log4j
2019-09-18 16:23:47,123 [main] INFO  http.HttpServer2 (HttpServer2.java:addGlobalFilter(975)) - Added global filter 'safety' (class=org.apache.hadoop.http.HttpServer2$QuotingInputFilter)
2019-09-18 16:23:47,124 [main] INFO  http.HttpServer2 (HttpServer2.java:addFilter(948)) - Added filter static_user_filter (class=org.apache.hadoop.http.lib.StaticUserWebFilter$StaticUserFilter) to context hddsDatanode
2019-09-18 16:23:47,124 [main] INFO  http.HttpServer2 (HttpServer2.java:addFilter(958)) - Added filter static_user_filter (class=org.apache.hadoop.http.lib.StaticUserWebFilter$StaticUserFilter) to context logs
2019-09-18 16:23:47,124 [main] INFO  http.HttpServer2 (HttpServer2.java:addFilter(958)) - Added filter static_user_filter (class=org.apache.hadoop.http.lib.StaticUserWebFilter$StaticUserFilter) to context static
2019-09-18 16:23:47,125 [main] INFO  http.HttpServer2 (HttpServer2.java:bindListener(1191)) - Jetty bound to port 35391
2019-09-18 16:23:47,125 [main] INFO  server.Server (Server.java:doStart(351)) - jetty-9.3.24.v20180605, build timestamp: 2018-06-05T17:11:56Z, git hash: 84205aa28f11a4f31f2a3b86d1bba2cc8ab69827
2019-09-18 16:23:47,127 [main] INFO  handler.ContextHandler (ContextHandler.java:doStart(781)) - Started o.e.j.s.ServletContextHandler@182cc69e{/logs,file:///workdir/hadoop-ozone/integration-test/target/log,AVAILABLE}
2019-09-18 16:23:47,128 [main] INFO  handler.ContextHandler (ContextHandler.java:doStart(781)) - Started o.e.j.s.ServletContextHandler@7657d90b{/static,jar:file:/home/user/.m2/repository/org/apache/hadoop/hadoop-hdds-container-service/0.5.0-SNAPSHOT/hadoop-hdds-container-service-0.5.0-SNAPSHOT.jar!/webapps/static,AVAILABLE}
2019-09-18 16:23:47,158 [main] INFO  handler.ContextHandler (ContextHandler.java:doStart(781)) - Started o.e.j.w.WebAppContext@5423a17{/,file:///tmp/jetty-0.0.0.0-35391-hddsDatanode-_-any-4905476779605962520.dir/webapp/,AVAILABLE}{/hddsDatanode}
2019-09-18 16:23:47,159 [main] INFO  server.AbstractConnector (AbstractConnector.java:doStart(278)) - Started ServerConnector@42ff9a77{HTTP/1.1,[http/1.1]}{0.0.0.0:35391}
2019-09-18 16:23:47,164 [main] INFO  server.Server (Server.java:doStart(419)) - Started @59022ms
2019-09-18 16:23:47,165 [main] INFO  server.BaseHttpServer (BaseHttpServer.java:updateConnectorAddress(213)) - HTTP server of HDDSDATANODE is listening at http://0.0.0.0:35391
2019-09-18 16:23:47,319 | INFO  | ObjectStoreRestHttpServer | Listening HDDS REST traffic on /0.0.0.0:36250 |  
2019-09-18 16:23:47,320 [main] INFO  ozone.HddsDatanodeService (HddsDatanodeService.java:startPlugins(395)) - Started plug-in org.apache.hadoop.ozone.web.OzoneHddsDatanodeService@147c00aa
2019-09-18 16:23:47,320 [main] INFO  impl.MetricsSystemImpl (MetricsSystemImpl.java:init(158)) - HddsDatanode metrics system started (again)
2019-09-18 16:23:47,326 [org.apache.hadoop.util.JvmPauseMonitor$Monitor@7e123c75] INFO  util.JvmPauseMonitor (JvmPauseMonitor.java:run(188)) - Starting JVM pause monitor
2019-09-18 16:23:47,326 [main] INFO  ozone.HddsDatanodeService (HddsDatanodeService.java:start(184)) - HddsDatanodeService host:pr-hdds-2034-lb7qt-2171347232 ip:192.168.5.185
2019-09-18 16:23:47,330 [Datanode State Machine Thread - 0] INFO  datanode.InitDatanodeState (InitDatanodeState.java:persistContainerDatanodeDetails(140)) - DatanodeDetails is persisted to /workdir/hadoop-ozone/integration-test/target/test-dir/MiniOzoneClusterImpl-2d326fd7-59af-45f3-b86b-efdcab7b8137/datanode-0/meta/datanode.id
2019-09-18 16:23:47,333 [main] INFO  volume.HddsVolume (HddsVolume.java:<init>(176)) - Creating Volume: /workdir/hadoop-ozone/integration-test/target/test-dir/MiniOzoneClusterImpl-2d326fd7-59af-45f3-b86b-efdcab7b8137/datanode-1/data/containers/hdds of  storage type : DISK and capacity : 1482555576320
2019-09-18 16:23:47,334 [main] INFO  volume.VolumeSet (VolumeSet.java:initializeVolumeSet(170)) - Added Volume : /workdir/hadoop-ozone/integration-test/target/test-dir/MiniOzoneClusterImpl-2d326fd7-59af-45f3-b86b-efdcab7b8137/datanode-1/data/containers/hdds to VolumeSet
2019-09-18 16:23:47,334 [main] INFO  volume.ThrottledAsyncChecker (ThrottledAsyncChecker.java:schedule(140)) - Scheduling a check for org.apache.hadoop.ozone.container.common.volume.HddsVolume@1c4057f9
2019-09-18 16:23:47,334 [main] INFO  volume.HddsVolumeChecker (HddsVolumeChecker.java:checkAllVolumes(203)) - Scheduled health check for volume org.apache.hadoop.ozone.container.common.volume.HddsVolume@1c4057f9
2019-09-18 16:23:47,351 [main] INFO  impl.RaftServerProxy (ConfUtils.java:logGet(43)) - raft.rpc.type = GRPC (default)
2019-09-18 16:23:47,351 [main] INFO  grpc.GrpcFactory (GrpcFactory.java:checkPooledByteBufAllocatorUseCacheForAllThreads(45)) - PERFORMANCE WARNING: useCacheForAllThreads is true that may cause Netty to create a lot garbage objects and, as a result, trigger GC.
	It is recommended to disable useCacheForAllThreads by setting -Dorg.apache.ratis.thirdparty.io.netty.allocator.useCacheForAllThreads=false in command line.
2019-09-18 16:23:47,352 [main] INFO  grpc.GrpcConfigKeys$Server (ConfUtils.java:logGet(43)) - raft.grpc.server.port = 0 (default)
2019-09-18 16:23:47,352 [main] INFO  server.GrpcService (ConfUtils.java:logGet(43)) - raft.grpc.message.size.max = 33570816 (custom)
2019-09-18 16:23:47,352 [main] INFO  server.RaftServerConfigKeys (ConfUtils.java:logGet(43)) - raft.server.log.appender.buffer.byte-limit = 33554432 (custom)
2019-09-18 16:23:47,352 [main] INFO  server.GrpcService (ConfUtils.java:logGet(43)) - raft.grpc.flow.control.window = 1MB (=1048576) (default)
2019-09-18 16:23:47,353 [main] INFO  server.RaftServerConfigKeys (ConfUtils.java:logGet(43)) - raft.server.rpc.request.timeout = 3000ms (default)
2019-09-18 16:23:47,353 [main] INFO  server.RaftServerConfigKeys (ConfUtils.java:logGet(43)) - raft.server.storage.dir = [/workdir/hadoop-ozone/integration-test/target/test-dir/MiniOzoneClusterImpl-2d326fd7-59af-45f3-b86b-efdcab7b8137/datanode-1/data/ratis] (custom)
2019-09-18 16:23:47,353 [main] INFO  replication.SimpleContainerDownloader (SimpleContainerDownloader.java:<init>(72)) - Starting container downloader service to copy containers to replicate.
2019-09-18 16:23:47,355 [main] INFO  hdfs.DFSUtil (DFSUtil.java:httpServerTemplateForNNAndJN(1641)) - Starting Web-server for hddsDatanode at: http://0.0.0.0:0
2019-09-18 16:23:47,356 [main] INFO  server.AuthenticationFilter (AuthenticationFilter.java:constructSecretProvider(240)) - Unable to initialize FileSignerSecretProvider, falling back to use random secrets.
2019-09-18 16:23:47,356 [main] WARN  http.HttpRequestLog (HttpRequestLog.java:getRequestLog(97)) - Jetty request log can only be enabled using Log4j
2019-09-18 16:23:47,358 [main] INFO  http.HttpServer2 (HttpServer2.java:addGlobalFilter(975)) - Added global filter 'safety' (class=org.apache.hadoop.http.HttpServer2$QuotingInputFilter)
2019-09-18 16:23:47,358 [main] INFO  http.HttpServer2 (HttpServer2.java:addFilter(948)) - Added filter static_user_filter (class=org.apache.hadoop.http.lib.StaticUserWebFilter$StaticUserFilter) to context hddsDatanode
2019-09-18 16:23:47,358 [main] INFO  http.HttpServer2 (HttpServer2.java:addFilter(958)) - Added filter static_user_filter (class=org.apache.hadoop.http.lib.StaticUserWebFilter$StaticUserFilter) to context logs
2019-09-18 16:23:47,358 [main] INFO  http.HttpServer2 (HttpServer2.java:addFilter(958)) - Added filter static_user_filter (class=org.apache.hadoop.http.lib.StaticUserWebFilter$StaticUserFilter) to context static
2019-09-18 16:23:47,359 [main] INFO  http.HttpServer2 (HttpServer2.java:bindListener(1191)) - Jetty bound to port 46204
2019-09-18 16:23:47,359 [main] INFO  server.Server (Server.java:doStart(351)) - jetty-9.3.24.v20180605, build timestamp: 2018-06-05T17:11:56Z, git hash: 84205aa28f11a4f31f2a3b86d1bba2cc8ab69827
2019-09-18 16:23:47,361 [main] INFO  handler.ContextHandler (ContextHandler.java:doStart(781)) - Started o.e.j.s.ServletContextHandler@48d44b46{/logs,file:///workdir/hadoop-ozone/integration-test/target/log,AVAILABLE}
2019-09-18 16:23:47,362 [main] INFO  handler.ContextHandler (ContextHandler.java:doStart(781)) - Started o.e.j.s.ServletContextHandler@794cb26b{/static,jar:file:/home/user/.m2/repository/org/apache/hadoop/hadoop-hdds-container-service/0.5.0-SNAPSHOT/hadoop-hdds-container-service-0.5.0-SNAPSHOT.jar!/webapps/static,AVAILABLE}
2019-09-18 16:23:47,391 [main] INFO  handler.ContextHandler (ContextHandler.java:doStart(781)) - Started o.e.j.w.WebAppContext@70a24f9{/,file:///tmp/jetty-0.0.0.0-46204-hddsDatanode-_-any-6613756112515758295.dir/webapp/,AVAILABLE}{/hddsDatanode}
2019-09-18 16:23:47,392 [main] INFO  server.AbstractConnector (AbstractConnector.java:doStart(278)) - Started ServerConnector@78bad03b{HTTP/1.1,[http/1.1]}{0.0.0.0:46204}
2019-09-18 16:23:47,393 [main] INFO  server.Server (Server.java:doStart(419)) - Started @59252ms
2019-09-18 16:23:47,394 [main] INFO  server.BaseHttpServer (BaseHttpServer.java:updateConnectorAddress(213)) - HTTP server of HDDSDATANODE is listening at http://0.0.0.0:46204
2019-09-18 16:23:47,523 | INFO  | ObjectStoreRestHttpServer | Listening HDDS REST traffic on /0.0.0.0:42286 |  
2019-09-18 16:23:47,524 [main] INFO  ozone.HddsDatanodeService (HddsDatanodeService.java:startPlugins(395)) - Started plug-in org.apache.hadoop.ozone.web.OzoneHddsDatanodeService@5158a9f7
2019-09-18 16:23:47,524 [main] INFO  impl.MetricsSystemImpl (MetricsSystemImpl.java:init(158)) - HddsDatanode metrics system started (again)
2019-09-18 16:23:47,529 [main] INFO  ozone.HddsDatanodeService (HddsDatanodeService.java:start(184)) - HddsDatanodeService host:pr-hdds-2034-lb7qt-2171347232 ip:192.168.5.185
2019-09-18 16:23:47,529 [org.apache.hadoop.util.JvmPauseMonitor$Monitor@3fa7a87] INFO  util.JvmPauseMonitor (JvmPauseMonitor.java:run(188)) - Starting JVM pause monitor
2019-09-18 16:23:47,532 [Datanode State Machine Thread - 0] INFO  datanode.InitDatanodeState (InitDatanodeState.java:persistContainerDatanodeDetails(140)) - DatanodeDetails is persisted to /workdir/hadoop-ozone/integration-test/target/test-dir/MiniOzoneClusterImpl-2d326fd7-59af-45f3-b86b-efdcab7b8137/datanode-1/meta/datanode.id
2019-09-18 16:23:47,537 [main] INFO  volume.HddsVolume (HddsVolume.java:<init>(176)) - Creating Volume: /workdir/hadoop-ozone/integration-test/target/test-dir/MiniOzoneClusterImpl-2d326fd7-59af-45f3-b86b-efdcab7b8137/datanode-2/data/containers/hdds of  storage type : DISK and capacity : 1482555576320
2019-09-18 16:23:47,537 [main] INFO  volume.VolumeSet (VolumeSet.java:initializeVolumeSet(170)) - Added Volume : /workdir/hadoop-ozone/integration-test/target/test-dir/MiniOzoneClusterImpl-2d326fd7-59af-45f3-b86b-efdcab7b8137/datanode-2/data/containers/hdds to VolumeSet
2019-09-18 16:23:47,537 [main] INFO  volume.ThrottledAsyncChecker (ThrottledAsyncChecker.java:schedule(140)) - Scheduling a check for org.apache.hadoop.ozone.container.common.volume.HddsVolume@26c59348
2019-09-18 16:23:47,538 [main] INFO  volume.HddsVolumeChecker (HddsVolumeChecker.java:checkAllVolumes(203)) - Scheduled health check for volume org.apache.hadoop.ozone.container.common.volume.HddsVolume@26c59348
2019-09-18 16:23:47,553 [main] INFO  impl.RaftServerProxy (ConfUtils.java:logGet(43)) - raft.rpc.type = GRPC (default)
2019-09-18 16:23:47,553 [main] INFO  grpc.GrpcFactory (GrpcFactory.java:checkPooledByteBufAllocatorUseCacheForAllThreads(45)) - PERFORMANCE WARNING: useCacheForAllThreads is true that may cause Netty to create a lot garbage objects and, as a result, trigger GC.
	It is recommended to disable useCacheForAllThreads by setting -Dorg.apache.ratis.thirdparty.io.netty.allocator.useCacheForAllThreads=false in command line.
2019-09-18 16:23:47,553 [main] INFO  grpc.GrpcConfigKeys$Server (ConfUtils.java:logGet(43)) - raft.grpc.server.port = 0 (default)
2019-09-18 16:23:47,553 [main] INFO  server.GrpcService (ConfUtils.java:logGet(43)) - raft.grpc.message.size.max = 33570816 (custom)
2019-09-18 16:23:47,554 [main] INFO  server.RaftServerConfigKeys (ConfUtils.java:logGet(43)) - raft.server.log.appender.buffer.byte-limit = 33554432 (custom)
2019-09-18 16:23:47,554 [main] INFO  server.GrpcService (ConfUtils.java:logGet(43)) - raft.grpc.flow.control.window = 1MB (=1048576) (default)
2019-09-18 16:23:47,554 [main] INFO  server.RaftServerConfigKeys (ConfUtils.java:logGet(43)) - raft.server.rpc.request.timeout = 3000ms (default)
2019-09-18 16:23:47,554 [main] INFO  server.RaftServerConfigKeys (ConfUtils.java:logGet(43)) - raft.server.storage.dir = [/workdir/hadoop-ozone/integration-test/target/test-dir/MiniOzoneClusterImpl-2d326fd7-59af-45f3-b86b-efdcab7b8137/datanode-2/data/ratis] (custom)
2019-09-18 16:23:47,555 [main] INFO  replication.SimpleContainerDownloader (SimpleContainerDownloader.java:<init>(72)) - Starting container downloader service to copy containers to replicate.
2019-09-18 16:23:47,556 [main] INFO  hdfs.DFSUtil (DFSUtil.java:httpServerTemplateForNNAndJN(1641)) - Starting Web-server for hddsDatanode at: http://0.0.0.0:0
2019-09-18 16:23:47,557 [main] INFO  server.AuthenticationFilter (AuthenticationFilter.java:constructSecretProvider(240)) - Unable to initialize FileSignerSecretProvider, falling back to use random secrets.
2019-09-18 16:23:47,558 [main] WARN  http.HttpRequestLog (HttpRequestLog.java:getRequestLog(97)) - Jetty request log can only be enabled using Log4j
2019-09-18 16:23:47,559 [main] INFO  http.HttpServer2 (HttpServer2.java:addGlobalFilter(975)) - Added global filter 'safety' (class=org.apache.hadoop.http.HttpServer2$QuotingInputFilter)
2019-09-18 16:23:47,559 [main] INFO  http.HttpServer2 (HttpServer2.java:addFilter(948)) - Added filter static_user_filter (class=org.apache.hadoop.http.lib.StaticUserWebFilter$StaticUserFilter) to context hddsDatanode
2019-09-18 16:23:47,560 [main] INFO  http.HttpServer2 (HttpServer2.java:addFilter(958)) - Added filter static_user_filter (class=org.apache.hadoop.http.lib.StaticUserWebFilter$StaticUserFilter) to context logs
2019-09-18 16:23:47,560 [main] INFO  http.HttpServer2 (HttpServer2.java:addFilter(958)) - Added filter static_user_filter (class=org.apache.hadoop.http.lib.StaticUserWebFilter$StaticUserFilter) to context static
2019-09-18 16:23:47,560 [main] INFO  http.HttpServer2 (HttpServer2.java:bindListener(1191)) - Jetty bound to port 41701
2019-09-18 16:23:47,560 [main] INFO  server.Server (Server.java:doStart(351)) - jetty-9.3.24.v20180605, build timestamp: 2018-06-05T17:11:56Z, git hash: 84205aa28f11a4f31f2a3b86d1bba2cc8ab69827
2019-09-18 16:23:47,563 [main] INFO  handler.ContextHandler (ContextHandler.java:doStart(781)) - Started o.e.j.s.ServletContextHandler@34e25492{/logs,file:///workdir/hadoop-ozone/integration-test/target/log,AVAILABLE}
2019-09-18 16:23:47,563 [main] INFO  handler.ContextHandler (ContextHandler.java:doStart(781)) - Started o.e.j.s.ServletContextHandler@5f2b9da8{/static,jar:file:/home/user/.m2/repository/org/apache/hadoop/hadoop-hdds-container-service/0.5.0-SNAPSHOT/hadoop-hdds-container-service-0.5.0-SNAPSHOT.jar!/webapps/static,AVAILABLE}
2019-09-18 16:23:47,593 [main] INFO  handler.ContextHandler (ContextHandler.java:doStart(781)) - Started o.e.j.w.WebAppContext@2acca224{/,file:///tmp/jetty-0.0.0.0-41701-hddsDatanode-_-any-4273832292354133153.dir/webapp/,AVAILABLE}{/hddsDatanode}
2019-09-18 16:23:47,593 [main] INFO  server.AbstractConnector (AbstractConnector.java:doStart(278)) - Started ServerConnector@7ac685ef{HTTP/1.1,[http/1.1]}{0.0.0.0:41701}
2019-09-18 16:23:47,595 [main] INFO  server.Server (Server.java:doStart(419)) - Started @59453ms
2019-09-18 16:23:47,596 [main] INFO  server.BaseHttpServer (BaseHttpServer.java:updateConnectorAddress(213)) - HTTP server of HDDSDATANODE is listening at http://0.0.0.0:41701
2019-09-18 16:23:47,732 | INFO  | ObjectStoreRestHttpServer | Listening HDDS REST traffic on /0.0.0.0:33766 |  
2019-09-18 16:23:47,732 [main] INFO  ozone.HddsDatanodeService (HddsDatanodeService.java:startPlugins(395)) - Started plug-in org.apache.hadoop.ozone.web.OzoneHddsDatanodeService@2f0cab82
2019-09-18 16:23:47,732 [main] INFO  impl.MetricsSystemImpl (MetricsSystemImpl.java:init(158)) - HddsDatanode metrics system started (again)
2019-09-18 16:23:47,737 [org.apache.hadoop.util.JvmPauseMonitor$Monitor@32e1aee5] INFO  util.JvmPauseMonitor (JvmPauseMonitor.java:run(188)) - Starting JVM pause monitor
2019-09-18 16:23:47,737 [main] INFO  ozone.HddsDatanodeService (HddsDatanodeService.java:start(184)) - HddsDatanodeService host:pr-hdds-2034-lb7qt-2171347232 ip:192.168.5.185
2019-09-18 16:23:47,741 [Datanode State Machine Thread - 0] INFO  datanode.InitDatanodeState (InitDatanodeState.java:persistContainerDatanodeDetails(140)) - DatanodeDetails is persisted to /workdir/hadoop-ozone/integration-test/target/test-dir/MiniOzoneClusterImpl-2d326fd7-59af-45f3-b86b-efdcab7b8137/datanode-2/meta/datanode.id
2019-09-18 16:23:47,746 [main] INFO  volume.HddsVolume (HddsVolume.java:<init>(176)) - Creating Volume: /workdir/hadoop-ozone/integration-test/target/test-dir/MiniOzoneClusterImpl-2d326fd7-59af-45f3-b86b-efdcab7b8137/datanode-3/data/containers/hdds of  storage type : DISK and capacity : 1482555576320
2019-09-18 16:23:47,746 [main] INFO  volume.VolumeSet (VolumeSet.java:initializeVolumeSet(170)) - Added Volume : /workdir/hadoop-ozone/integration-test/target/test-dir/MiniOzoneClusterImpl-2d326fd7-59af-45f3-b86b-efdcab7b8137/datanode-3/data/containers/hdds to VolumeSet
2019-09-18 16:23:47,746 [main] INFO  volume.ThrottledAsyncChecker (ThrottledAsyncChecker.java:schedule(140)) - Scheduling a check for org.apache.hadoop.ozone.container.common.volume.HddsVolume@3b2db389
2019-09-18 16:23:47,747 [main] INFO  volume.HddsVolumeChecker (HddsVolumeChecker.java:checkAllVolumes(203)) - Scheduled health check for volume org.apache.hadoop.ozone.container.common.volume.HddsVolume@3b2db389
2019-09-18 16:23:47,762 [main] INFO  impl.RaftServerProxy (ConfUtils.java:logGet(43)) - raft.rpc.type = GRPC (default)
2019-09-18 16:23:47,762 [main] INFO  grpc.GrpcFactory (GrpcFactory.java:checkPooledByteBufAllocatorUseCacheForAllThreads(45)) - PERFORMANCE WARNING: useCacheForAllThreads is true that may cause Netty to create a lot garbage objects and, as a result, trigger GC.
	It is recommended to disable useCacheForAllThreads by setting -Dorg.apache.ratis.thirdparty.io.netty.allocator.useCacheForAllThreads=false in command line.
2019-09-18 16:23:47,762 [main] INFO  grpc.GrpcConfigKeys$Server (ConfUtils.java:logGet(43)) - raft.grpc.server.port = 0 (default)
2019-09-18 16:23:47,762 [main] INFO  server.GrpcService (ConfUtils.java:logGet(43)) - raft.grpc.message.size.max = 33570816 (custom)
2019-09-18 16:23:47,763 [main] INFO  server.RaftServerConfigKeys (ConfUtils.java:logGet(43)) - raft.server.log.appender.buffer.byte-limit = 33554432 (custom)
2019-09-18 16:23:47,763 [main] INFO  server.GrpcService (ConfUtils.java:logGet(43)) - raft.grpc.flow.control.window = 1MB (=1048576) (default)
2019-09-18 16:23:47,763 [main] INFO  server.RaftServerConfigKeys (ConfUtils.java:logGet(43)) - raft.server.rpc.request.timeout = 3000ms (default)
2019-09-18 16:23:47,764 [main] INFO  server.RaftServerConfigKeys (ConfUtils.java:logGet(43)) - raft.server.storage.dir = [/workdir/hadoop-ozone/integration-test/target/test-dir/MiniOzoneClusterImpl-2d326fd7-59af-45f3-b86b-efdcab7b8137/datanode-3/data/ratis] (custom)
2019-09-18 16:23:47,764 [main] INFO  replication.SimpleContainerDownloader (SimpleContainerDownloader.java:<init>(72)) - Starting container downloader service to copy containers to replicate.
2019-09-18 16:23:47,765 [main] INFO  hdfs.DFSUtil (DFSUtil.java:httpServerTemplateForNNAndJN(1641)) - Starting Web-server for hddsDatanode at: http://0.0.0.0:0
2019-09-18 16:23:47,766 [main] INFO  server.AuthenticationFilter (AuthenticationFilter.java:constructSecretProvider(240)) - Unable to initialize FileSignerSecretProvider, falling back to use random secrets.
2019-09-18 16:23:47,766 [main] WARN  http.HttpRequestLog (HttpRequestLog.java:getRequestLog(97)) - Jetty request log can only be enabled using Log4j
2019-09-18 16:23:47,768 [main] INFO  http.HttpServer2 (HttpServer2.java:addGlobalFilter(975)) - Added global filter 'safety' (class=org.apache.hadoop.http.HttpServer2$QuotingInputFilter)
2019-09-18 16:23:47,768 [main] INFO  http.HttpServer2 (HttpServer2.java:addFilter(948)) - Added filter static_user_filter (class=org.apache.hadoop.http.lib.StaticUserWebFilter$StaticUserFilter) to context hddsDatanode
2019-09-18 16:23:47,768 [main] INFO  http.HttpServer2 (HttpServer2.java:addFilter(958)) - Added filter static_user_filter (class=org.apache.hadoop.http.lib.StaticUserWebFilter$StaticUserFilter) to context static
2019-09-18 16:23:47,768 [main] INFO  http.HttpServer2 (HttpServer2.java:addFilter(958)) - Added filter static_user_filter (class=org.apache.hadoop.http.lib.StaticUserWebFilter$StaticUserFilter) to context logs
2019-09-18 16:23:47,769 [main] INFO  http.HttpServer2 (HttpServer2.java:bindListener(1191)) - Jetty bound to port 35030
2019-09-18 16:23:47,769 [main] INFO  server.Server (Server.java:doStart(351)) - jetty-9.3.24.v20180605, build timestamp: 2018-06-05T17:11:56Z, git hash: 84205aa28f11a4f31f2a3b86d1bba2cc8ab69827
2019-09-18 16:23:47,771 [main] INFO  handler.ContextHandler (ContextHandler.java:doStart(781)) - Started o.e.j.s.ServletContextHandler@559e3f67{/logs,file:///workdir/hadoop-ozone/integration-test/target/log,AVAILABLE}
2019-09-18 16:23:47,772 [main] INFO  handler.ContextHandler (ContextHandler.java:doStart(781)) - Started o.e.j.s.ServletContextHandler@72f24a84{/static,jar:file:/home/user/.m2/repository/org/apache/hadoop/hadoop-hdds-container-service/0.5.0-SNAPSHOT/hadoop-hdds-container-service-0.5.0-SNAPSHOT.jar!/webapps/static,AVAILABLE}
2019-09-18 16:23:47,798 [main] INFO  handler.ContextHandler (ContextHandler.java:doStart(781)) - Started o.e.j.w.WebAppContext@31533eb1{/,file:///tmp/jetty-0.0.0.0-35030-hddsDatanode-_-any-6168823408180199745.dir/webapp/,AVAILABLE}{/hddsDatanode}
2019-09-18 16:23:47,799 [main] INFO  server.AbstractConnector (AbstractConnector.java:doStart(278)) - Started ServerConnector@1fb71788{HTTP/1.1,[http/1.1]}{0.0.0.0:35030}
2019-09-18 16:23:47,801 [main] INFO  server.Server (Server.java:doStart(419)) - Started @59659ms
2019-09-18 16:23:47,802 [main] INFO  server.BaseHttpServer (BaseHttpServer.java:updateConnectorAddress(213)) - HTTP server of HDDSDATANODE is listening at http://0.0.0.0:35030
2019-09-18 16:23:48,135 | INFO  | ObjectStoreRestHttpServer | Listening HDDS REST traffic on /0.0.0.0:38990 |  
2019-09-18 16:23:48,135 [main] INFO  ozone.HddsDatanodeService (HddsDatanodeService.java:startPlugins(395)) - Started plug-in org.apache.hadoop.ozone.web.OzoneHddsDatanodeService@77f4038c
2019-09-18 16:23:48,136 [main] INFO  impl.MetricsSystemImpl (MetricsSystemImpl.java:init(158)) - HddsDatanode metrics system started (again)
2019-09-18 16:23:48,141 [org.apache.hadoop.util.JvmPauseMonitor$Monitor@2ec4b6d5] INFO  util.JvmPauseMonitor (JvmPauseMonitor.java:run(188)) - Starting JVM pause monitor
2019-09-18 16:23:48,142 [main] INFO  ozone.HddsDatanodeService (HddsDatanodeService.java:start(184)) - HddsDatanodeService host:pr-hdds-2034-lb7qt-2171347232 ip:192.168.5.185
2019-09-18 16:23:48,144 [Datanode State Machine Thread - 0] INFO  datanode.InitDatanodeState (InitDatanodeState.java:persistContainerDatanodeDetails(140)) - DatanodeDetails is persisted to /workdir/hadoop-ozone/integration-test/target/test-dir/MiniOzoneClusterImpl-2d326fd7-59af-45f3-b86b-efdcab7b8137/datanode-3/meta/datanode.id
2019-09-18 16:23:48,151 [main] INFO  volume.HddsVolume (HddsVolume.java:<init>(176)) - Creating Volume: /workdir/hadoop-ozone/integration-test/target/test-dir/MiniOzoneClusterImpl-2d326fd7-59af-45f3-b86b-efdcab7b8137/datanode-4/data/containers/hdds of  storage type : DISK and capacity : 1482555576320
2019-09-18 16:23:48,152 [main] INFO  volume.VolumeSet (VolumeSet.java:initializeVolumeSet(170)) - Added Volume : /workdir/hadoop-ozone/integration-test/target/test-dir/MiniOzoneClusterImpl-2d326fd7-59af-45f3-b86b-efdcab7b8137/datanode-4/data/containers/hdds to VolumeSet
2019-09-18 16:23:48,152 [main] INFO  volume.ThrottledAsyncChecker (ThrottledAsyncChecker.java:schedule(140)) - Scheduling a check for org.apache.hadoop.ozone.container.common.volume.HddsVolume@83e635f
2019-09-18 16:23:48,152 [main] INFO  volume.HddsVolumeChecker (HddsVolumeChecker.java:checkAllVolumes(203)) - Scheduled health check for volume org.apache.hadoop.ozone.container.common.volume.HddsVolume@83e635f
2019-09-18 16:23:48,180 [main] INFO  impl.RaftServerProxy (ConfUtils.java:logGet(43)) - raft.rpc.type = GRPC (default)
2019-09-18 16:23:48,181 [main] INFO  grpc.GrpcFactory (GrpcFactory.java:checkPooledByteBufAllocatorUseCacheForAllThreads(45)) - PERFORMANCE WARNING: useCacheForAllThreads is true that may cause Netty to create a lot garbage objects and, as a result, trigger GC.
	It is recommended to disable useCacheForAllThreads by setting -Dorg.apache.ratis.thirdparty.io.netty.allocator.useCacheForAllThreads=false in command line.
2019-09-18 16:23:48,181 [main] INFO  grpc.GrpcConfigKeys$Server (ConfUtils.java:logGet(43)) - raft.grpc.server.port = 0 (default)
2019-09-18 16:23:48,181 [main] INFO  server.GrpcService (ConfUtils.java:logGet(43)) - raft.grpc.message.size.max = 33570816 (custom)
2019-09-18 16:23:48,182 [main] INFO  server.RaftServerConfigKeys (ConfUtils.java:logGet(43)) - raft.server.log.appender.buffer.byte-limit = 33554432 (custom)
2019-09-18 16:23:48,182 [main] INFO  server.GrpcService (ConfUtils.java:logGet(43)) - raft.grpc.flow.control.window = 1MB (=1048576) (default)
2019-09-18 16:23:48,182 [main] INFO  server.RaftServerConfigKeys (ConfUtils.java:logGet(43)) - raft.server.rpc.request.timeout = 3000ms (default)
2019-09-18 16:23:48,183 [main] INFO  server.RaftServerConfigKeys (ConfUtils.java:logGet(43)) - raft.server.storage.dir = [/workdir/hadoop-ozone/integration-test/target/test-dir/MiniOzoneClusterImpl-2d326fd7-59af-45f3-b86b-efdcab7b8137/datanode-4/data/ratis] (custom)
2019-09-18 16:23:48,184 [main] INFO  replication.SimpleContainerDownloader (SimpleContainerDownloader.java:<init>(72)) - Starting container downloader service to copy containers to replicate.
2019-09-18 16:23:48,185 [main] INFO  hdfs.DFSUtil (DFSUtil.java:httpServerTemplateForNNAndJN(1641)) - Starting Web-server for hddsDatanode at: http://0.0.0.0:0
2019-09-18 16:23:48,187 [main] INFO  server.AuthenticationFilter (AuthenticationFilter.java:constructSecretProvider(240)) - Unable to initialize FileSignerSecretProvider, falling back to use random secrets.
2019-09-18 16:23:48,188 [main] WARN  http.HttpRequestLog (HttpRequestLog.java:getRequestLog(97)) - Jetty request log can only be enabled using Log4j
2019-09-18 16:23:48,189 [main] INFO  http.HttpServer2 (HttpServer2.java:addGlobalFilter(975)) - Added global filter 'safety' (class=org.apache.hadoop.http.HttpServer2$QuotingInputFilter)
2019-09-18 16:23:48,190 [main] INFO  http.HttpServer2 (HttpServer2.java:addFilter(948)) - Added filter static_user_filter (class=org.apache.hadoop.http.lib.StaticUserWebFilter$StaticUserFilter) to context hddsDatanode
2019-09-18 16:23:48,190 [main] INFO  http.HttpServer2 (HttpServer2.java:addFilter(958)) - Added filter static_user_filter (class=org.apache.hadoop.http.lib.StaticUserWebFilter$StaticUserFilter) to context static
2019-09-18 16:23:48,190 [main] INFO  http.HttpServer2 (HttpServer2.java:addFilter(958)) - Added filter static_user_filter (class=org.apache.hadoop.http.lib.StaticUserWebFilter$StaticUserFilter) to context logs
2019-09-18 16:23:48,191 [main] INFO  http.HttpServer2 (HttpServer2.java:bindListener(1191)) - Jetty bound to port 34388
2019-09-18 16:23:48,191 [main] INFO  server.Server (Server.java:doStart(351)) - jetty-9.3.24.v20180605, build timestamp: 2018-06-05T17:11:56Z, git hash: 84205aa28f11a4f31f2a3b86d1bba2cc8ab69827
2019-09-18 16:23:48,193 [main] INFO  handler.ContextHandler (ContextHandler.java:doStart(781)) - Started o.e.j.s.ServletContextHandler@43d6262c{/logs,file:///workdir/hadoop-ozone/integration-test/target/log,AVAILABLE}
2019-09-18 16:23:48,194 [main] INFO  handler.ContextHandler (ContextHandler.java:doStart(781)) - Started o.e.j.s.ServletContextHandler@38cf4497{/static,jar:file:/home/user/.m2/repository/org/apache/hadoop/hadoop-hdds-container-service/0.5.0-SNAPSHOT/hadoop-hdds-container-service-0.5.0-SNAPSHOT.jar!/webapps/static,AVAILABLE}
2019-09-18 16:23:48,220 [main] INFO  handler.ContextHandler (ContextHandler.java:doStart(781)) - Started o.e.j.w.WebAppContext@57a982f9{/,file:///tmp/jetty-0.0.0.0-34388-hddsDatanode-_-any-8172613068265000970.dir/webapp/,AVAILABLE}{/hddsDatanode}
2019-09-18 16:23:48,220 [main] INFO  server.AbstractConnector (AbstractConnector.java:doStart(278)) - Started ServerConnector@19d3f6ad{HTTP/1.1,[http/1.1]}{0.0.0.0:34388}
2019-09-18 16:23:48,222 [main] INFO  server.Server (Server.java:doStart(419)) - Started @60080ms
2019-09-18 16:23:48,222 [main] INFO  server.BaseHttpServer (BaseHttpServer.java:updateConnectorAddress(213)) - HTTP server of HDDSDATANODE is listening at http://0.0.0.0:34388
2019-09-18 16:23:48,331 | INFO  | ObjectStoreRestHttpServer | Listening HDDS REST traffic on /0.0.0.0:35204 |  
2019-09-18 16:23:48,331 [main] INFO  ozone.HddsDatanodeService (HddsDatanodeService.java:startPlugins(395)) - Started plug-in org.apache.hadoop.ozone.web.OzoneHddsDatanodeService@513fab1e
2019-09-18 16:23:48,332 [main] INFO  impl.MetricsSystemImpl (MetricsSystemImpl.java:init(158)) - HddsDatanode metrics system started (again)
2019-09-18 16:23:48,337 [org.apache.hadoop.util.JvmPauseMonitor$Monitor@5506881d] INFO  util.JvmPauseMonitor (JvmPauseMonitor.java:run(188)) - Starting JVM pause monitor
2019-09-18 16:23:48,338 [main] INFO  ozone.HddsDatanodeService (HddsDatanodeService.java:start(184)) - HddsDatanodeService host:pr-hdds-2034-lb7qt-2171347232 ip:192.168.5.185
2019-09-18 16:23:48,339 [Datanode State Machine Thread - 0] INFO  datanode.InitDatanodeState (InitDatanodeState.java:persistContainerDatanodeDetails(140)) - DatanodeDetails is persisted to /workdir/hadoop-ozone/integration-test/target/test-dir/MiniOzoneClusterImpl-2d326fd7-59af-45f3-b86b-efdcab7b8137/datanode-4/meta/datanode.id
2019-09-18 16:23:48,346 [main] INFO  volume.HddsVolume (HddsVolume.java:<init>(176)) - Creating Volume: /workdir/hadoop-ozone/integration-test/target/test-dir/MiniOzoneClusterImpl-2d326fd7-59af-45f3-b86b-efdcab7b8137/datanode-5/data/containers/hdds of  storage type : DISK and capacity : 1482555576320
2019-09-18 16:23:48,346 [main] INFO  volume.VolumeSet (VolumeSet.java:initializeVolumeSet(170)) - Added Volume : /workdir/hadoop-ozone/integration-test/target/test-dir/MiniOzoneClusterImpl-2d326fd7-59af-45f3-b86b-efdcab7b8137/datanode-5/data/containers/hdds to VolumeSet
2019-09-18 16:23:48,346 [main] INFO  volume.ThrottledAsyncChecker (ThrottledAsyncChecker.java:schedule(140)) - Scheduling a check for org.apache.hadoop.ozone.container.common.volume.HddsVolume@21698e5a
2019-09-18 16:23:48,347 [main] INFO  volume.HddsVolumeChecker (HddsVolumeChecker.java:checkAllVolumes(203)) - Scheduled health check for volume org.apache.hadoop.ozone.container.common.volume.HddsVolume@21698e5a
2019-09-18 16:23:48,362 [main] INFO  impl.RaftServerProxy (ConfUtils.java:logGet(43)) - raft.rpc.type = GRPC (default)
2019-09-18 16:23:48,362 [main] INFO  grpc.GrpcFactory (GrpcFactory.java:checkPooledByteBufAllocatorUseCacheForAllThreads(45)) - PERFORMANCE WARNING: useCacheForAllThreads is true that may cause Netty to create a lot garbage objects and, as a result, trigger GC.
	It is recommended to disable useCacheForAllThreads by setting -Dorg.apache.ratis.thirdparty.io.netty.allocator.useCacheForAllThreads=false in command line.
2019-09-18 16:23:48,362 [main] INFO  grpc.GrpcConfigKeys$Server (ConfUtils.java:logGet(43)) - raft.grpc.server.port = 0 (default)
2019-09-18 16:23:48,363 [main] INFO  server.GrpcService (ConfUtils.java:logGet(43)) - raft.grpc.message.size.max = 33570816 (custom)
2019-09-18 16:23:48,363 [main] INFO  server.RaftServerConfigKeys (ConfUtils.java:logGet(43)) - raft.server.log.appender.buffer.byte-limit = 33554432 (custom)
2019-09-18 16:23:48,363 [main] INFO  server.GrpcService (ConfUtils.java:logGet(43)) - raft.grpc.flow.control.window = 1MB (=1048576) (default)
2019-09-18 16:23:48,363 [main] INFO  server.RaftServerConfigKeys (ConfUtils.java:logGet(43)) - raft.server.rpc.request.timeout = 3000ms (default)
2019-09-18 16:23:48,364 [main] INFO  server.RaftServerConfigKeys (ConfUtils.java:logGet(43)) - raft.server.storage.dir = [/workdir/hadoop-ozone/integration-test/target/test-dir/MiniOzoneClusterImpl-2d326fd7-59af-45f3-b86b-efdcab7b8137/datanode-5/data/ratis] (custom)
2019-09-18 16:23:48,364 [main] INFO  replication.SimpleContainerDownloader (SimpleContainerDownloader.java:<init>(72)) - Starting container downloader service to copy containers to replicate.
2019-09-18 16:23:48,365 [main] INFO  hdfs.DFSUtil (DFSUtil.java:httpServerTemplateForNNAndJN(1641)) - Starting Web-server for hddsDatanode at: http://0.0.0.0:0
2019-09-18 16:23:48,367 [main] INFO  server.AuthenticationFilter (AuthenticationFilter.java:constructSecretProvider(240)) - Unable to initialize FileSignerSecretProvider, falling back to use random secrets.
2019-09-18 16:23:48,367 [main] WARN  http.HttpRequestLog (HttpRequestLog.java:getRequestLog(97)) - Jetty request log can only be enabled using Log4j
2019-09-18 16:23:48,368 [main] INFO  http.HttpServer2 (HttpServer2.java:addGlobalFilter(975)) - Added global filter 'safety' (class=org.apache.hadoop.http.HttpServer2$QuotingInputFilter)
2019-09-18 16:23:48,369 [main] INFO  http.HttpServer2 (HttpServer2.java:addFilter(948)) - Added filter static_user_filter (class=org.apache.hadoop.http.lib.StaticUserWebFilter$StaticUserFilter) to context hddsDatanode
2019-09-18 16:23:48,369 [main] INFO  http.HttpServer2 (HttpServer2.java:addFilter(958)) - Added filter static_user_filter (class=org.apache.hadoop.http.lib.StaticUserWebFilter$StaticUserFilter) to context logs
2019-09-18 16:23:48,369 [main] INFO  http.HttpServer2 (HttpServer2.java:addFilter(958)) - Added filter static_user_filter (class=org.apache.hadoop.http.lib.StaticUserWebFilter$StaticUserFilter) to context static
2019-09-18 16:23:48,370 [main] INFO  http.HttpServer2 (HttpServer2.java:bindListener(1191)) - Jetty bound to port 46622
2019-09-18 16:23:48,370 [main] INFO  server.Server (Server.java:doStart(351)) - jetty-9.3.24.v20180605, build timestamp: 2018-06-05T17:11:56Z, git hash: 84205aa28f11a4f31f2a3b86d1bba2cc8ab69827
2019-09-18 16:23:48,372 [main] INFO  handler.ContextHandler (ContextHandler.java:doStart(781)) - Started o.e.j.s.ServletContextHandler@93fb44{/logs,file:///workdir/hadoop-ozone/integration-test/target/log,AVAILABLE}
2019-09-18 16:23:48,372 [main] INFO  handler.ContextHandler (ContextHandler.java:doStart(781)) - Started o.e.j.s.ServletContextHandler@14b48f39{/static,jar:file:/home/user/.m2/repository/org/apache/hadoop/hadoop-hdds-container-service/0.5.0-SNAPSHOT/hadoop-hdds-container-service-0.5.0-SNAPSHOT.jar!/webapps/static,AVAILABLE}
2019-09-18 16:23:48,397 [main] INFO  handler.ContextHandler (ContextHandler.java:doStart(781)) - Started o.e.j.w.WebAppContext@56f84c9b{/,file:///tmp/jetty-0.0.0.0-46622-hddsDatanode-_-any-851730303903771087.dir/webapp/,AVAILABLE}{/hddsDatanode}
2019-09-18 16:23:48,398 [main] INFO  server.AbstractConnector (AbstractConnector.java:doStart(278)) - Started ServerConnector@26679788{HTTP/1.1,[http/1.1]}{0.0.0.0:46622}
2019-09-18 16:23:48,399 [main] INFO  server.Server (Server.java:doStart(419)) - Started @60257ms
2019-09-18 16:23:48,400 [main] INFO  server.BaseHttpServer (BaseHttpServer.java:updateConnectorAddress(213)) - HTTP server of HDDSDATANODE is listening at http://0.0.0.0:46622
2019-09-18 16:23:48,499 | INFO  | ObjectStoreRestHttpServer | Listening HDDS REST traffic on /0.0.0.0:42588 |  
2019-09-18 16:23:48,499 [main] INFO  ozone.HddsDatanodeService (HddsDatanodeService.java:startPlugins(395)) - Started plug-in org.apache.hadoop.ozone.web.OzoneHddsDatanodeService@63a72cc6
2019-09-18 16:23:48,499 [main] INFO  impl.MetricsSystemImpl (MetricsSystemImpl.java:init(158)) - HddsDatanode metrics system started (again)
2019-09-18 16:23:48,506 [org.apache.hadoop.util.JvmPauseMonitor$Monitor@ec6066c] INFO  util.JvmPauseMonitor (JvmPauseMonitor.java:run(188)) - Starting JVM pause monitor
2019-09-18 16:23:48,506 [main] INFO  ozone.HddsDatanodeService (HddsDatanodeService.java:start(184)) - HddsDatanodeService host:pr-hdds-2034-lb7qt-2171347232 ip:192.168.5.185
2019-09-18 16:23:48,508 [Datanode State Machine Thread - 0] INFO  datanode.InitDatanodeState (InitDatanodeState.java:persistContainerDatanodeDetails(140)) - DatanodeDetails is persisted to /workdir/hadoop-ozone/integration-test/target/test-dir/MiniOzoneClusterImpl-2d326fd7-59af-45f3-b86b-efdcab7b8137/datanode-5/meta/datanode.id
2019-09-18 16:23:48,515 [main] INFO  volume.HddsVolume (HddsVolume.java:<init>(176)) - Creating Volume: /workdir/hadoop-ozone/integration-test/target/test-dir/MiniOzoneClusterImpl-2d326fd7-59af-45f3-b86b-efdcab7b8137/datanode-6/data/containers/hdds of  storage type : DISK and capacity : 1482555576320
2019-09-18 16:23:48,515 [main] INFO  volume.VolumeSet (VolumeSet.java:initializeVolumeSet(170)) - Added Volume : /workdir/hadoop-ozone/integration-test/target/test-dir/MiniOzoneClusterImpl-2d326fd7-59af-45f3-b86b-efdcab7b8137/datanode-6/data/containers/hdds to VolumeSet
2019-09-18 16:23:48,515 [main] INFO  volume.ThrottledAsyncChecker (ThrottledAsyncChecker.java:schedule(140)) - Scheduling a check for org.apache.hadoop.ozone.container.common.volume.HddsVolume@5b895e76
2019-09-18 16:23:48,516 [main] INFO  volume.HddsVolumeChecker (HddsVolumeChecker.java:checkAllVolumes(203)) - Scheduled health check for volume org.apache.hadoop.ozone.container.common.volume.HddsVolume@5b895e76
2019-09-18 16:23:48,530 [main] INFO  impl.RaftServerProxy (ConfUtils.java:logGet(43)) - raft.rpc.type = GRPC (default)
2019-09-18 16:23:48,530 [main] INFO  grpc.GrpcFactory (GrpcFactory.java:checkPooledByteBufAllocatorUseCacheForAllThreads(45)) - PERFORMANCE WARNING: useCacheForAllThreads is true that may cause Netty to create a lot garbage objects and, as a result, trigger GC.
	It is recommended to disable useCacheForAllThreads by setting -Dorg.apache.ratis.thirdparty.io.netty.allocator.useCacheForAllThreads=false in command line.
2019-09-18 16:23:48,531 [main] INFO  grpc.GrpcConfigKeys$Server (ConfUtils.java:logGet(43)) - raft.grpc.server.port = 0 (default)
2019-09-18 16:23:48,531 [main] INFO  server.GrpcService (ConfUtils.java:logGet(43)) - raft.grpc.message.size.max = 33570816 (custom)
2019-09-18 16:23:48,531 [main] INFO  server.RaftServerConfigKeys (ConfUtils.java:logGet(43)) - raft.server.log.appender.buffer.byte-limit = 33554432 (custom)
2019-09-18 16:23:48,531 [main] INFO  server.GrpcService (ConfUtils.java:logGet(43)) - raft.grpc.flow.control.window = 1MB (=1048576) (default)
2019-09-18 16:23:48,531 [main] INFO  server.RaftServerConfigKeys (ConfUtils.java:logGet(43)) - raft.server.rpc.request.timeout = 3000ms (default)
2019-09-18 16:23:48,532 [main] INFO  server.RaftServerConfigKeys (ConfUtils.java:logGet(43)) - raft.server.storage.dir = [/workdir/hadoop-ozone/integration-test/target/test-dir/MiniOzoneClusterImpl-2d326fd7-59af-45f3-b86b-efdcab7b8137/datanode-6/data/ratis] (custom)
2019-09-18 16:23:48,532 [main] INFO  replication.SimpleContainerDownloader (SimpleContainerDownloader.java:<init>(72)) - Starting container downloader service to copy containers to replicate.
2019-09-18 16:23:48,533 [main] INFO  hdfs.DFSUtil (DFSUtil.java:httpServerTemplateForNNAndJN(1641)) - Starting Web-server for hddsDatanode at: http://0.0.0.0:0
2019-09-18 16:23:48,534 [main] INFO  server.AuthenticationFilter (AuthenticationFilter.java:constructSecretProvider(240)) - Unable to initialize FileSignerSecretProvider, falling back to use random secrets.
2019-09-18 16:23:48,534 [main] WARN  http.HttpRequestLog (HttpRequestLog.java:getRequestLog(97)) - Jetty request log can only be enabled using Log4j
2019-09-18 16:23:48,536 [main] INFO  http.HttpServer2 (HttpServer2.java:addGlobalFilter(975)) - Added global filter 'safety' (class=org.apache.hadoop.http.HttpServer2$QuotingInputFilter)
2019-09-18 16:23:48,536 [main] INFO  http.HttpServer2 (HttpServer2.java:addFilter(948)) - Added filter static_user_filter (class=org.apache.hadoop.http.lib.StaticUserWebFilter$StaticUserFilter) to context hddsDatanode
2019-09-18 16:23:48,537 [main] INFO  http.HttpServer2 (HttpServer2.java:addFilter(958)) - Added filter static_user_filter (class=org.apache.hadoop.http.lib.StaticUserWebFilter$StaticUserFilter) to context static
2019-09-18 16:23:48,537 [main] INFO  http.HttpServer2 (HttpServer2.java:addFilter(958)) - Added filter static_user_filter (class=org.apache.hadoop.http.lib.StaticUserWebFilter$StaticUserFilter) to context logs
2019-09-18 16:23:48,537 [main] INFO  http.HttpServer2 (HttpServer2.java:bindListener(1191)) - Jetty bound to port 34473
2019-09-18 16:23:48,537 [main] INFO  server.Server (Server.java:doStart(351)) - jetty-9.3.24.v20180605, build timestamp: 2018-06-05T17:11:56Z, git hash: 84205aa28f11a4f31f2a3b86d1bba2cc8ab69827
2019-09-18 16:23:48,539 [main] INFO  handler.ContextHandler (ContextHandler.java:doStart(781)) - Started o.e.j.s.ServletContextHandler@7e94de5f{/logs,file:///workdir/hadoop-ozone/integration-test/target/log,AVAILABLE}
2019-09-18 16:23:48,539 [main] INFO  handler.ContextHandler (ContextHandler.java:doStart(781)) - Started o.e.j.s.ServletContextHandler@74badf19{/static,jar:file:/home/user/.m2/repository/org/apache/hadoop/hadoop-hdds-container-service/0.5.0-SNAPSHOT/hadoop-hdds-container-service-0.5.0-SNAPSHOT.jar!/webapps/static,AVAILABLE}
2019-09-18 16:23:48,566 [main] INFO  handler.ContextHandler (ContextHandler.java:doStart(781)) - Started o.e.j.w.WebAppContext@103478b8{/,file:///tmp/jetty-0.0.0.0-34473-hddsDatanode-_-any-5006463097214249719.dir/webapp/,AVAILABLE}{/hddsDatanode}
2019-09-18 16:23:48,566 [main] INFO  server.AbstractConnector (AbstractConnector.java:doStart(278)) - Started ServerConnector@270f7b4d{HTTP/1.1,[http/1.1]}{0.0.0.0:34473}
2019-09-18 16:23:48,567 [main] INFO  server.Server (Server.java:doStart(419)) - Started @60426ms
2019-09-18 16:23:48,568 [main] INFO  server.BaseHttpServer (BaseHttpServer.java:updateConnectorAddress(213)) - HTTP server of HDDSDATANODE is listening at http://0.0.0.0:34473
2019-09-18 16:23:48,731 | INFO  | ObjectStoreRestHttpServer | Listening HDDS REST traffic on /0.0.0.0:40370 |  
2019-09-18 16:23:48,731 [main] INFO  ozone.HddsDatanodeService (HddsDatanodeService.java:startPlugins(395)) - Started plug-in org.apache.hadoop.ozone.web.OzoneHddsDatanodeService@5a57cf90
2019-09-18 16:23:48,731 [main] INFO  ozone.MiniOzoneClusterImpl (MiniOzoneClusterImpl.java:lambda$waitForClusterToBeReady$0(145)) - Waiting for nodes to be ready. Got 0 of 7 DN Heartbeats.
2019-09-18 16:23:48,733 [main] INFO  ozone.MiniOzoneClusterImpl (MiniOzoneClusterImpl.java:lambda$waitForClusterToBeReady$0(148)) - Waiting for cluster to exit safe mode
2019-09-18 16:23:48,734 [org.apache.hadoop.util.JvmPauseMonitor$Monitor@7ae9c426] INFO  util.JvmPauseMonitor (JvmPauseMonitor.java:run(188)) - Starting JVM pause monitor
2019-09-18 16:23:48,736 [Datanode State Machine Thread - 0] INFO  datanode.InitDatanodeState (InitDatanodeState.java:persistContainerDatanodeDetails(140)) - DatanodeDetails is persisted to /workdir/hadoop-ozone/integration-test/target/test-dir/MiniOzoneClusterImpl-2d326fd7-59af-45f3-b86b-efdcab7b8137/datanode-6/meta/datanode.id
2019-09-18 16:23:49,333 | INFO  | SCMAudit | user=jenkins1000 | ip=192.168.5.185 | op=GET_VERSION null | ret=SUCCESS |  
2019-09-18 16:23:49,380 [Datanode State Machine Thread - 0] INFO  ozoneimpl.OzoneContainer (OzoneContainer.java:start(186)) - Attempting to start container services.
2019-09-18 16:23:49,383 [Datanode State Machine Thread - 0] INFO  ozoneimpl.OzoneContainer (OzoneContainer.java:startContainerScrub(160)) - Background container scrubber has been disabled by hdds.containerscrub.enabled
2019-09-18 16:23:49,383 [Datanode State Machine Thread - 0] INFO  ratis.XceiverServerRatis (XceiverServerRatis.java:start(404)) - Starting XceiverServerRatis b61b0354-621b-4e20-a68d-2d53fecac27d at port 0
2019-09-18 16:23:49,393 [Datanode State Machine Thread - 0] INFO  impl.RaftServerProxy (RaftServerProxy.java:lambda$start$3(299)) - b61b0354-621b-4e20-a68d-2d53fecac27d: start RPC server
2019-09-18 16:23:49,396 [Datanode State Machine Thread - 0] INFO  server.GrpcService (GrpcService.java:startImpl(149)) - b61b0354-621b-4e20-a68d-2d53fecac27d: GrpcService started, listening on 0.0.0.0/0.0.0.0:39516
2019-09-18 16:23:49,397 [Datanode State Machine Thread - 0] INFO  ratis.XceiverServerRatis (XceiverServerRatis.java:start(414)) - XceiverServerRatis b61b0354-621b-4e20-a68d-2d53fecac27d is started using port 39516
2019-09-18 16:23:49,398 [Datanode State Machine Thread - 0] INFO  server.XceiverServerGrpc (XceiverServerGrpc.java:start(163)) - XceiverServerGrpc b61b0354-621b-4e20-a68d-2d53fecac27d is started using port 38918
2019-09-18 16:23:49,531 | INFO  | SCMAudit | user=jenkins1000 | ip=192.168.5.185 | op=GET_VERSION null | ret=SUCCESS |  
2019-09-18 16:23:49,564 [Datanode State Machine Thread - 0] INFO  ozoneimpl.OzoneContainer (OzoneContainer.java:start(186)) - Attempting to start container services.
2019-09-18 16:23:49,570 [Datanode State Machine Thread - 0] INFO  ozoneimpl.OzoneContainer (OzoneContainer.java:startContainerScrub(160)) - Background container scrubber has been disabled by hdds.containerscrub.enabled
2019-09-18 16:23:49,570 [Datanode State Machine Thread - 0] INFO  ratis.XceiverServerRatis (XceiverServerRatis.java:start(404)) - Starting XceiverServerRatis 891c1cf7-eb5d-4327-8423-159f04f60044 at port 0
2019-09-18 16:23:49,579 [Datanode State Machine Thread - 0] INFO  impl.RaftServerProxy (RaftServerProxy.java:lambda$start$3(299)) - 891c1cf7-eb5d-4327-8423-159f04f60044: start RPC server
2019-09-18 16:23:49,586 [Datanode State Machine Thread - 0] INFO  server.GrpcService (GrpcService.java:startImpl(149)) - 891c1cf7-eb5d-4327-8423-159f04f60044: GrpcService started, listening on 0.0.0.0/0.0.0.0:38376
2019-09-18 16:23:49,586 [Datanode State Machine Thread - 0] INFO  ratis.XceiverServerRatis (XceiverServerRatis.java:start(414)) - XceiverServerRatis 891c1cf7-eb5d-4327-8423-159f04f60044 is started using port 38376
2019-09-18 16:23:49,587 [Datanode State Machine Thread - 0] INFO  server.XceiverServerGrpc (XceiverServerGrpc.java:start(163)) - XceiverServerGrpc 891c1cf7-eb5d-4327-8423-159f04f60044 is started using port 38374
2019-09-18 16:23:49,733 [main] INFO  ozone.MiniOzoneClusterImpl (MiniOzoneClusterImpl.java:lambda$waitForClusterToBeReady$0(145)) - Waiting for nodes to be ready. Got 0 of 7 DN Heartbeats.
2019-09-18 16:23:49,734 [main] INFO  ozone.MiniOzoneClusterImpl (MiniOzoneClusterImpl.java:lambda$waitForClusterToBeReady$0(148)) - Waiting for cluster to exit safe mode
2019-09-18 16:23:49,738 | INFO  | SCMAudit | user=jenkins1000 | ip=192.168.5.185 | op=GET_VERSION null | ret=SUCCESS |  
2019-09-18 16:23:49,772 [Datanode State Machine Thread - 0] INFO  ozoneimpl.OzoneContainer (OzoneContainer.java:start(186)) - Attempting to start container services.
2019-09-18 16:23:49,773 [Datanode State Machine Thread - 0] INFO  ozoneimpl.OzoneContainer (OzoneContainer.java:startContainerScrub(160)) - Background container scrubber has been disabled by hdds.containerscrub.enabled
2019-09-18 16:23:49,773 [Datanode State Machine Thread - 0] INFO  ratis.XceiverServerRatis (XceiverServerRatis.java:start(404)) - Starting XceiverServerRatis 2e09149d-5559-4fea-b716-0eb93f2cac4a at port 0
2019-09-18 16:23:49,782 [Datanode State Machine Thread - 0] INFO  impl.RaftServerProxy (RaftServerProxy.java:lambda$start$3(299)) - 2e09149d-5559-4fea-b716-0eb93f2cac4a: start RPC server
2019-09-18 16:23:49,785 [Datanode State Machine Thread - 0] INFO  server.GrpcService (GrpcService.java:startImpl(149)) - 2e09149d-5559-4fea-b716-0eb93f2cac4a: GrpcService started, listening on 0.0.0.0/0.0.0.0:43582
2019-09-18 16:23:49,785 [Datanode State Machine Thread - 0] INFO  ratis.XceiverServerRatis (XceiverServerRatis.java:start(414)) - XceiverServerRatis 2e09149d-5559-4fea-b716-0eb93f2cac4a is started using port 43582
2019-09-18 16:23:49,795 [Datanode State Machine Thread - 0] INFO  server.XceiverServerGrpc (XceiverServerGrpc.java:start(163)) - XceiverServerGrpc 2e09149d-5559-4fea-b716-0eb93f2cac4a is started using port 36640
2019-09-18 16:23:50,143 | INFO  | SCMAudit | user=jenkins1000 | ip=192.168.5.185 | op=GET_VERSION null | ret=SUCCESS |  
2019-09-18 16:23:50,182 [Datanode State Machine Thread - 0] INFO  ozoneimpl.OzoneContainer (OzoneContainer.java:start(186)) - Attempting to start container services.
2019-09-18 16:23:50,182 [Datanode State Machine Thread - 0] INFO  ozoneimpl.OzoneContainer (OzoneContainer.java:startContainerScrub(160)) - Background container scrubber has been disabled by hdds.containerscrub.enabled
2019-09-18 16:23:50,183 [Datanode State Machine Thread - 0] INFO  ratis.XceiverServerRatis (XceiverServerRatis.java:start(404)) - Starting XceiverServerRatis 8884bba7-3460-4b10-8d54-dd5499715d80 at port 0
2019-09-18 16:23:50,190 [Datanode State Machine Thread - 0] INFO  impl.RaftServerProxy (RaftServerProxy.java:lambda$start$3(299)) - 8884bba7-3460-4b10-8d54-dd5499715d80: start RPC server
2019-09-18 16:23:50,191 [Datanode State Machine Thread - 0] INFO  server.GrpcService (GrpcService.java:startImpl(149)) - 8884bba7-3460-4b10-8d54-dd5499715d80: GrpcService started, listening on 0.0.0.0/0.0.0.0:35786
2019-09-18 16:23:50,191 [Datanode State Machine Thread - 0] INFO  ratis.XceiverServerRatis (XceiverServerRatis.java:start(414)) - XceiverServerRatis 8884bba7-3460-4b10-8d54-dd5499715d80 is started using port 35786
2019-09-18 16:23:50,195 [Datanode State Machine Thread - 0] INFO  server.XceiverServerGrpc (XceiverServerGrpc.java:start(163)) - XceiverServerGrpc 8884bba7-3460-4b10-8d54-dd5499715d80 is started using port 34210
2019-09-18 16:23:50,339 | INFO  | SCMAudit | user=jenkins1000 | ip=192.168.5.185 | op=GET_VERSION null | ret=SUCCESS |  
2019-09-18 16:23:50,366 [Datanode State Machine Thread - 0] INFO  ozoneimpl.OzoneContainer (OzoneContainer.java:start(186)) - Attempting to start container services.
2019-09-18 16:23:50,366 [Datanode State Machine Thread - 0] INFO  ozoneimpl.OzoneContainer (OzoneContainer.java:startContainerScrub(160)) - Background container scrubber has been disabled by hdds.containerscrub.enabled
2019-09-18 16:23:50,366 [Datanode State Machine Thread - 0] INFO  ratis.XceiverServerRatis (XceiverServerRatis.java:start(404)) - Starting XceiverServerRatis 8986536d-5b7d-4e16-8929-1d1bb41ad668 at port 0
2019-09-18 16:23:50,374 [Datanode State Machine Thread - 0] INFO  impl.RaftServerProxy (RaftServerProxy.java:lambda$start$3(299)) - 8986536d-5b7d-4e16-8929-1d1bb41ad668: start RPC server
2019-09-18 16:23:50,375 [Datanode State Machine Thread - 0] INFO  server.GrpcService (GrpcService.java:startImpl(149)) - 8986536d-5b7d-4e16-8929-1d1bb41ad668: GrpcService started, listening on 0.0.0.0/0.0.0.0:41338
2019-09-18 16:23:50,376 [Datanode State Machine Thread - 0] INFO  ratis.XceiverServerRatis (XceiverServerRatis.java:start(414)) - XceiverServerRatis 8986536d-5b7d-4e16-8929-1d1bb41ad668 is started using port 41338
2019-09-18 16:23:50,376 [Datanode State Machine Thread - 0] INFO  server.XceiverServerGrpc (XceiverServerGrpc.java:start(163)) - XceiverServerGrpc 8986536d-5b7d-4e16-8929-1d1bb41ad668 is started using port 40373
2019-09-18 16:23:50,506 | INFO  | SCMAudit | user=jenkins1000 | ip=192.168.5.185 | op=GET_VERSION null | ret=SUCCESS |  
2019-09-18 16:23:50,591 [Datanode State Machine Thread - 0] INFO  ozoneimpl.OzoneContainer (OzoneContainer.java:start(186)) - Attempting to start container services.
2019-09-18 16:23:50,592 [Datanode State Machine Thread - 0] INFO  ozoneimpl.OzoneContainer (OzoneContainer.java:startContainerScrub(160)) - Background container scrubber has been disabled by hdds.containerscrub.enabled
2019-09-18 16:23:50,592 [Datanode State Machine Thread - 0] INFO  ratis.XceiverServerRatis (XceiverServerRatis.java:start(404)) - Starting XceiverServerRatis bbe12df8-c2f1-49e2-8ab8-c8f9f8b834ae at port 0
2019-09-18 16:23:50,599 [Datanode State Machine Thread - 0] INFO  impl.RaftServerProxy (RaftServerProxy.java:lambda$start$3(299)) - bbe12df8-c2f1-49e2-8ab8-c8f9f8b834ae: start RPC server
2019-09-18 16:23:50,600 [Datanode State Machine Thread - 0] INFO  server.GrpcService (GrpcService.java:startImpl(149)) - bbe12df8-c2f1-49e2-8ab8-c8f9f8b834ae: GrpcService started, listening on 0.0.0.0/0.0.0.0:39796
2019-09-18 16:23:50,600 [Datanode State Machine Thread - 0] INFO  ratis.XceiverServerRatis (XceiverServerRatis.java:start(414)) - XceiverServerRatis bbe12df8-c2f1-49e2-8ab8-c8f9f8b834ae is started using port 39796
2019-09-18 16:23:50,604 [Datanode State Machine Thread - 0] INFO  server.XceiverServerGrpc (XceiverServerGrpc.java:start(163)) - XceiverServerGrpc bbe12df8-c2f1-49e2-8ab8-c8f9f8b834ae is started using port 34440
2019-09-18 16:23:50,734 [main] INFO  ozone.MiniOzoneClusterImpl (MiniOzoneClusterImpl.java:lambda$waitForClusterToBeReady$0(145)) - Waiting for nodes to be ready. Got 0 of 7 DN Heartbeats.
2019-09-18 16:23:50,735 [main] INFO  ozone.MiniOzoneClusterImpl (MiniOzoneClusterImpl.java:lambda$waitForClusterToBeReady$0(148)) - Waiting for cluster to exit safe mode
2019-09-18 16:23:50,736 | INFO  | SCMAudit | user=jenkins1000 | ip=192.168.5.185 | op=GET_VERSION null | ret=SUCCESS |  
2019-09-18 16:23:50,767 [Datanode State Machine Thread - 0] INFO  ozoneimpl.OzoneContainer (OzoneContainer.java:start(186)) - Attempting to start container services.
2019-09-18 16:23:50,767 [Datanode State Machine Thread - 0] INFO  ozoneimpl.OzoneContainer (OzoneContainer.java:startContainerScrub(160)) - Background container scrubber has been disabled by hdds.containerscrub.enabled
2019-09-18 16:23:50,767 [Datanode State Machine Thread - 0] INFO  ratis.XceiverServerRatis (XceiverServerRatis.java:start(404)) - Starting XceiverServerRatis 1d911544-627f-4c31-9b8f-a02840ac95b3 at port 0
2019-09-18 16:23:50,774 [Datanode State Machine Thread - 0] INFO  impl.RaftServerProxy (RaftServerProxy.java:lambda$start$3(299)) - 1d911544-627f-4c31-9b8f-a02840ac95b3: start RPC server
2019-09-18 16:23:50,775 [Datanode State Machine Thread - 0] INFO  server.GrpcService (GrpcService.java:startImpl(149)) - 1d911544-627f-4c31-9b8f-a02840ac95b3: GrpcService started, listening on 0.0.0.0/0.0.0.0:36890
2019-09-18 16:23:50,775 [Datanode State Machine Thread - 0] INFO  ratis.XceiverServerRatis (XceiverServerRatis.java:start(414)) - XceiverServerRatis 1d911544-627f-4c31-9b8f-a02840ac95b3 is started using port 36890
2019-09-18 16:23:50,776 [Datanode State Machine Thread - 0] INFO  server.XceiverServerGrpc (XceiverServerGrpc.java:start(163)) - XceiverServerGrpc 1d911544-627f-4c31-9b8f-a02840ac95b3 is started using port 41048
2019-09-18 16:23:51,332 [IPC Server handler 1 on 45460] INFO  net.NetworkTopology (NetworkTopologyImpl.java:add(110)) - Added a new node: /default-rack/b61b0354-621b-4e20-a68d-2d53fecac27d
2019-09-18 16:23:51,332 [IPC Server handler 1 on 45460] INFO  node.SCMNodeManager (SCMNodeManager.java:register(273)) - Registered Data node : b61b0354-621b-4e20-a68d-2d53fecac27d{ip: 192.168.5.185, host: pr-hdds-2034-lb7qt-2171347232, networkLocation: /default-rack, certSerialId: null}
2019-09-18 16:23:51,333 [RatisPipelineUtilsThread] INFO  pipeline.RatisPipelineProvider (RatisPipelineProvider.java:lambda$create$4(164)) - Send pipeline:PipelineID=6dc23056-2a69-4882-b998-df5f85221825 create command to datanode b61b0354-621b-4e20-a68d-2d53fecac27d
2019-09-18 16:23:51,333 | INFO  | SCMAudit | user=jenkins1000 | ip=192.168.5.185 | op=REGISTER {datanodeDetails=b61b0354-621b-4e20-a68d-2d53fecac27d{ip: 192.168.5.185, host: pr-hdds-2034-lb7qt-2171347232, networkLocation: /default-rack, certSerialId: null}} | ret=SUCCESS |  
2019-09-18 16:23:51,333 [EventQueue-NodeRegistrationContainerReportForDataNodeSafeModeRule] INFO  safemode.SCMSafeModeManager (DataNodeSafeModeRule.java:process(71)) - SCM in safe mode. 1 DataNodes registered, 1 required.
2019-09-18 16:23:51,531 [IPC Server handler 5 on 45460] INFO  net.NetworkTopology (NetworkTopologyImpl.java:add(110)) - Added a new node: /default-rack/891c1cf7-eb5d-4327-8423-159f04f60044
2019-09-18 16:23:51,531 [IPC Server handler 5 on 45460] INFO  node.SCMNodeManager (SCMNodeManager.java:register(273)) - Registered Data node : 891c1cf7-eb5d-4327-8423-159f04f60044{ip: 192.168.5.185, host: pr-hdds-2034-lb7qt-2171347232, networkLocation: /default-rack, certSerialId: null}
2019-09-18 16:23:51,532 | INFO  | SCMAudit | user=jenkins1000 | ip=192.168.5.185 | op=REGISTER {datanodeDetails=891c1cf7-eb5d-4327-8423-159f04f60044{ip: 192.168.5.185, host: pr-hdds-2034-lb7qt-2171347232, networkLocation: /default-rack, certSerialId: null}} | ret=SUCCESS |  
2019-09-18 16:23:51,532 [RatisPipelineUtilsThread] INFO  pipeline.RatisPipelineProvider (RatisPipelineProvider.java:lambda$create$4(164)) - Send pipeline:PipelineID=a282391a-b7b5-46df-8500-e0ff56b8a51f create command to datanode 891c1cf7-eb5d-4327-8423-159f04f60044
2019-09-18 16:23:51,735 [main] INFO  ozone.MiniOzoneClusterImpl (MiniOzoneClusterImpl.java:lambda$waitForClusterToBeReady$0(145)) - Waiting for nodes to be ready. Got 2 of 7 DN Heartbeats.
2019-09-18 16:23:51,735 [main] INFO  ozone.MiniOzoneClusterImpl (MiniOzoneClusterImpl.java:lambda$waitForClusterToBeReady$0(148)) - Waiting for cluster to exit safe mode
2019-09-18 16:23:51,740 [IPC Server handler 6 on 45460] INFO  net.NetworkTopology (NetworkTopologyImpl.java:add(110)) - Added a new node: /default-rack/2e09149d-5559-4fea-b716-0eb93f2cac4a
2019-09-18 16:23:51,740 [IPC Server handler 6 on 45460] INFO  node.SCMNodeManager (SCMNodeManager.java:register(273)) - Registered Data node : 2e09149d-5559-4fea-b716-0eb93f2cac4a{ip: 192.168.5.185, host: pr-hdds-2034-lb7qt-2171347232, networkLocation: /default-rack, certSerialId: null}
2019-09-18 16:23:51,743 | INFO  | SCMAudit | user=jenkins1000 | ip=192.168.5.185 | op=REGISTER {datanodeDetails=2e09149d-5559-4fea-b716-0eb93f2cac4a{ip: 192.168.5.185, host: pr-hdds-2034-lb7qt-2171347232, networkLocation: /default-rack, certSerialId: null}} | ret=SUCCESS |  
2019-09-18 16:23:51,743 [RatisPipelineUtilsThread] INFO  pipeline.RatisPipelineProvider (RatisPipelineProvider.java:lambda$create$4(164)) - Send pipeline:PipelineID=5810f2a7-6b56-41b1-9180-d93f7e33effd create command to datanode 2e09149d-5559-4fea-b716-0eb93f2cac4a
2019-09-18 16:23:51,746 [RatisPipelineUtilsThread] INFO  pipeline.RatisPipelineProvider (RatisPipelineProvider.java:lambda$create$4(164)) - Send pipeline:PipelineID=e65f8abc-e731-4264-aeea-1a1f4b3a8f4f create command to datanode b61b0354-621b-4e20-a68d-2d53fecac27d
2019-09-18 16:23:51,747 [RatisPipelineUtilsThread] INFO  pipeline.RatisPipelineProvider (RatisPipelineProvider.java:lambda$create$4(164)) - Send pipeline:PipelineID=e65f8abc-e731-4264-aeea-1a1f4b3a8f4f create command to datanode 2e09149d-5559-4fea-b716-0eb93f2cac4a
2019-09-18 16:23:51,747 [RatisPipelineUtilsThread] INFO  pipeline.RatisPipelineProvider (RatisPipelineProvider.java:lambda$create$4(164)) - Send pipeline:PipelineID=e65f8abc-e731-4264-aeea-1a1f4b3a8f4f create command to datanode 891c1cf7-eb5d-4327-8423-159f04f60044
2019-09-18 16:23:52,143 [IPC Server handler 0 on 45460] INFO  net.NetworkTopology (NetworkTopologyImpl.java:add(110)) - Added a new node: /default-rack/8884bba7-3460-4b10-8d54-dd5499715d80
2019-09-18 16:23:52,143 [IPC Server handler 0 on 45460] INFO  node.SCMNodeManager (SCMNodeManager.java:register(273)) - Registered Data node : 8884bba7-3460-4b10-8d54-dd5499715d80{ip: 192.168.5.185, host: pr-hdds-2034-lb7qt-2171347232, networkLocation: /default-rack, certSerialId: null}
2019-09-18 16:23:52,144 [RatisPipelineUtilsThread] INFO  pipeline.RatisPipelineProvider (RatisPipelineProvider.java:lambda$create$4(164)) - Send pipeline:PipelineID=97b77e94-b28f-4788-bd5f-e03c033da6ae create command to datanode 8884bba7-3460-4b10-8d54-dd5499715d80
2019-09-18 16:23:52,144 | INFO  | SCMAudit | user=jenkins1000 | ip=192.168.5.185 | op=REGISTER {datanodeDetails=8884bba7-3460-4b10-8d54-dd5499715d80{ip: 192.168.5.185, host: pr-hdds-2034-lb7qt-2171347232, networkLocation: /default-rack, certSerialId: null}} | ret=SUCCESS |  
2019-09-18 16:23:52,339 [IPC Server handler 3 on 45460] INFO  net.NetworkTopology (NetworkTopologyImpl.java:add(110)) - Added a new node: /default-rack/8986536d-5b7d-4e16-8929-1d1bb41ad668
2019-09-18 16:23:52,339 [IPC Server handler 3 on 45460] INFO  node.SCMNodeManager (SCMNodeManager.java:register(273)) - Registered Data node : 8986536d-5b7d-4e16-8929-1d1bb41ad668{ip: 192.168.5.185, host: pr-hdds-2034-lb7qt-2171347232, networkLocation: /default-rack, certSerialId: null}
2019-09-18 16:23:52,343 | INFO  | SCMAudit | user=jenkins1000 | ip=192.168.5.185 | op=REGISTER {datanodeDetails=8986536d-5b7d-4e16-8929-1d1bb41ad668{ip: 192.168.5.185, host: pr-hdds-2034-lb7qt-2171347232, networkLocation: /default-rack, certSerialId: null}} | ret=SUCCESS |  
2019-09-18 16:23:52,343 [RatisPipelineUtilsThread] INFO  pipeline.RatisPipelineProvider (RatisPipelineProvider.java:lambda$create$4(164)) - Send pipeline:PipelineID=ffd98b12-c665-4ab8-ac8e-186949e60ea4 create command to datanode 8986536d-5b7d-4e16-8929-1d1bb41ad668
2019-09-18 16:23:52,507 [IPC Server handler 5 on 45460] INFO  net.NetworkTopology (NetworkTopologyImpl.java:add(110)) - Added a new node: /default-rack/bbe12df8-c2f1-49e2-8ab8-c8f9f8b834ae
2019-09-18 16:23:52,507 [IPC Server handler 5 on 45460] INFO  node.SCMNodeManager (SCMNodeManager.java:register(273)) - Registered Data node : bbe12df8-c2f1-49e2-8ab8-c8f9f8b834ae{ip: 192.168.5.185, host: pr-hdds-2034-lb7qt-2171347232, networkLocation: /default-rack, certSerialId: null}
2019-09-18 16:23:52,507 [RatisPipelineUtilsThread] INFO  pipeline.RatisPipelineProvider (RatisPipelineProvider.java:lambda$create$4(164)) - Send pipeline:PipelineID=952e488b-d2ed-4a53-9f49-d020d9522eee create command to datanode bbe12df8-c2f1-49e2-8ab8-c8f9f8b834ae
2019-09-18 16:23:52,507 | INFO  | SCMAudit | user=jenkins1000 | ip=192.168.5.185 | op=REGISTER {datanodeDetails=bbe12df8-c2f1-49e2-8ab8-c8f9f8b834ae{ip: 192.168.5.185, host: pr-hdds-2034-lb7qt-2171347232, networkLocation: /default-rack, certSerialId: null}} | ret=SUCCESS |  
2019-09-18 16:23:52,514 [RatisPipelineUtilsThread] INFO  pipeline.RatisPipelineProvider (RatisPipelineProvider.java:lambda$create$4(164)) - Send pipeline:PipelineID=a6acc001-c642-458b-86d7-6a4deb0fbf45 create command to datanode 8986536d-5b7d-4e16-8929-1d1bb41ad668
2019-09-18 16:23:52,514 [RatisPipelineUtilsThread] INFO  pipeline.RatisPipelineProvider (RatisPipelineProvider.java:lambda$create$4(164)) - Send pipeline:PipelineID=a6acc001-c642-458b-86d7-6a4deb0fbf45 create command to datanode 8884bba7-3460-4b10-8d54-dd5499715d80
2019-09-18 16:23:52,514 [RatisPipelineUtilsThread] INFO  pipeline.RatisPipelineProvider (RatisPipelineProvider.java:lambda$create$4(164)) - Send pipeline:PipelineID=a6acc001-c642-458b-86d7-6a4deb0fbf45 create command to datanode bbe12df8-c2f1-49e2-8ab8-c8f9f8b834ae
2019-09-18 16:23:52,736 [main] INFO  ozone.MiniOzoneClusterImpl (MiniOzoneClusterImpl.java:lambda$waitForClusterToBeReady$0(145)) - Waiting for nodes to be ready. Got 6 of 7 DN Heartbeats.
2019-09-18 16:23:52,736 [main] INFO  ozone.MiniOzoneClusterImpl (MiniOzoneClusterImpl.java:lambda$waitForClusterToBeReady$0(148)) - Waiting for cluster to exit safe mode
2019-09-18 16:23:52,736 [IPC Server handler 6 on 45460] INFO  net.NetworkTopology (NetworkTopologyImpl.java:add(110)) - Added a new node: /default-rack/1d911544-627f-4c31-9b8f-a02840ac95b3
2019-09-18 16:23:52,747 [RatisPipelineUtilsThread] INFO  pipeline.RatisPipelineProvider (RatisPipelineProvider.java:lambda$create$4(164)) - Send pipeline:PipelineID=53dbf63a-e299-4d57-8e39-9ef0958cdeaa create command to datanode 1d911544-627f-4c31-9b8f-a02840ac95b3
2019-09-18 16:23:52,747 [IPC Server handler 6 on 45460] INFO  node.SCMNodeManager (SCMNodeManager.java:register(273)) - Registered Data node : 1d911544-627f-4c31-9b8f-a02840ac95b3{ip: 192.168.5.185, host: pr-hdds-2034-lb7qt-2171347232, networkLocation: /default-rack, certSerialId: null}
2019-09-18 16:23:52,748 | INFO  | SCMAudit | user=jenkins1000 | ip=192.168.5.185 | op=REGISTER {datanodeDetails=1d911544-627f-4c31-9b8f-a02840ac95b3{ip: 192.168.5.185, host: pr-hdds-2034-lb7qt-2171347232, networkLocation: /default-rack, certSerialId: null}} | ret=SUCCESS |  
2019-09-18 16:23:53,329 | INFO  | SCMAudit | user=jenkins1000 | ip=192.168.5.185 | op=SEND_HEARTBEAT {datanodeUUID=b61b0354-621b-4e20-a68d-2d53fecac27d, command=[commandType: createPipelineCommand createPipelineCommandProto { pipelineID { id: "6dc23056-2a69-4882-b998-df5f85221825" } type: RATIS factor: ONE datanode { uuid: "b61b0354-621b-4e20-a68d-2d53fecac27d" ipAddress: "192.168.5.185" hostName: "pr-hdds-2034-lb7qt-2171347232" ports { name: "REST" value: 36250 } ports { name: "RATIS" value: 39516 } ports { name: "STANDALONE" value: 38918 } networkName: "b61b0354-621b-4e20-a68d-2d53fecac27d" networkLocation: "/default-rack" } cmdId: 1568823780173 } , commandType: createPipelineCommand createPipelineCommandProto { pipelineID { id: "e65f8abc-e731-4264-aeea-1a1f4b3a8f4f" } type: RATIS factor: THREE datanode { uuid: "b61b0354-621b-4e20-a68d-2d53fecac27d" ipAddress: "192.168.5.185" hostName: "pr-hdds-2034-lb7qt-2171347232" ports { name: "REST" value: 36250 } ports { name: "RATIS" value: 39516 } ports { name: "STANDALONE" value: 38918 } networkName: "b61b0354-621b-4e20-a68d-2d53fecac27d" networkLocation: "/default-rack" } datanode { uuid: "2e09149d-5559-4fea-b716-0eb93f2cac4a" ipAddress: "192.168.5.185" hostName: "pr-hdds-2034-lb7qt-2171347232" ports { name: "REST" value: 33766 } ports { name: "RATIS" value: 43582 } ports { name: "STANDALONE" value: 36640 } networkName: "2e09149d-5559-4fea-b716-0eb93f2cac4a" networkLocation: "/default-rack" } datanode { uuid: "891c1cf7-eb5d-4327-8423-159f04f60044" ipAddress: "192.168.5.185" hostName: "pr-hdds-2034-lb7qt-2171347232" ports { name: "REST" value: 42286 } ports { name: "RATIS" value: 38376 } ports { name: "STANDALONE" value: 38374 } networkName: "891c1cf7-eb5d-4327-8423-159f04f60044" networkLocation: "/default-rack" } cmdId: 1568823780176 } ]} | ret=SUCCESS |  
2019-09-18 16:23:53,532 | INFO  | SCMAudit | user=jenkins1000 | ip=192.168.5.185 | op=SEND_HEARTBEAT {datanodeUUID=891c1cf7-eb5d-4327-8423-159f04f60044, command=[commandType: createPipelineCommand createPipelineCommandProto { pipelineID { id: "a282391a-b7b5-46df-8500-e0ff56b8a51f" } type: RATIS factor: ONE datanode { uuid: "891c1cf7-eb5d-4327-8423-159f04f60044" ipAddress: "192.168.5.185" hostName: "pr-hdds-2034-lb7qt-2171347232" ports { name: "REST" value: 42286 } ports { name: "RATIS" value: 38376 } ports { name: "STANDALONE" value: 38374 } networkName: "891c1cf7-eb5d-4327-8423-159f04f60044" networkLocation: "/default-rack" } cmdId: 1568823780174 } , commandType: createPipelineCommand createPipelineCommandProto { pipelineID { id: "e65f8abc-e731-4264-aeea-1a1f4b3a8f4f" } type: RATIS factor: THREE datanode { uuid: "b61b0354-621b-4e20-a68d-2d53fecac27d" ipAddress: "192.168.5.185" hostName: "pr-hdds-2034-lb7qt-2171347232" ports { name: "REST" value: 36250 } ports { name: "RATIS" value: 39516 } ports { name: "STANDALONE" value: 38918 } networkName: "b61b0354-621b-4e20-a68d-2d53fecac27d" networkLocation: "/default-rack" } datanode { uuid: "2e09149d-5559-4fea-b716-0eb93f2cac4a" ipAddress: "192.168.5.185" hostName: "pr-hdds-2034-lb7qt-2171347232" ports { name: "REST" value: 33766 } ports { name: "RATIS" value: 43582 } ports { name: "STANDALONE" value: 36640 } networkName: "2e09149d-5559-4fea-b716-0eb93f2cac4a" networkLocation: "/default-rack" } datanode { uuid: "891c1cf7-eb5d-4327-8423-159f04f60044" ipAddress: "192.168.5.185" hostName: "pr-hdds-2034-lb7qt-2171347232" ports { name: "REST" value: 42286 } ports { name: "RATIS" value: 38376 } ports { name: "STANDALONE" value: 38374 } networkName: "891c1cf7-eb5d-4327-8423-159f04f60044" networkLocation: "/default-rack" } cmdId: 1568823780176 } ]} | ret=SUCCESS |  
2019-09-18 16:23:53,737 [main] INFO  ozone.MiniOzoneClusterImpl (MiniOzoneClusterImpl.java:lambda$waitForClusterToBeReady$0(145)) - Nodes are ready. Got 7 of 7 DN Heartbeats.
2019-09-18 16:23:53,737 [main] INFO  ozone.MiniOzoneClusterImpl (MiniOzoneClusterImpl.java:lambda$waitForClusterToBeReady$0(148)) - Waiting for cluster to exit safe mode
2019-09-18 16:23:53,740 | INFO  | SCMAudit | user=jenkins1000 | ip=192.168.5.185 | op=SEND_HEARTBEAT {datanodeUUID=2e09149d-5559-4fea-b716-0eb93f2cac4a, command=[commandType: createPipelineCommand createPipelineCommandProto { pipelineID { id: "5810f2a7-6b56-41b1-9180-d93f7e33effd" } type: RATIS factor: ONE datanode { uuid: "2e09149d-5559-4fea-b716-0eb93f2cac4a" ipAddress: "192.168.5.185" hostName: "pr-hdds-2034-lb7qt-2171347232" ports { name: "REST" value: 33766 } ports { name: "RATIS" value: 43582 } ports { name: "STANDALONE" value: 36640 } networkName: "2e09149d-5559-4fea-b716-0eb93f2cac4a" networkLocation: "/default-rack" } cmdId: 1568823780175 } , commandType: createPipelineCommand createPipelineCommandProto { pipelineID { id: "e65f8abc-e731-4264-aeea-1a1f4b3a8f4f" } type: RATIS factor: THREE datanode { uuid: "b61b0354-621b-4e20-a68d-2d53fecac27d" ipAddress: "192.168.5.185" hostName: "pr-hdds-2034-lb7qt-2171347232" ports { name: "REST" value: 36250 } ports { name: "RATIS" value: 39516 } ports { name: "STANDALONE" value: 38918 } networkName: "b61b0354-621b-4e20-a68d-2d53fecac27d" networkLocation: "/default-rack" } datanode { uuid: "2e09149d-5559-4fea-b716-0eb93f2cac4a" ipAddress: "192.168.5.185" hostName: "pr-hdds-2034-lb7qt-2171347232" ports { name: "REST" value: 33766 } ports { name: "RATIS" value: 43582 } ports { name: "STANDALONE" value: 36640 } networkName: "2e09149d-5559-4fea-b716-0eb93f2cac4a" networkLocation: "/default-rack" } datanode { uuid: "891c1cf7-eb5d-4327-8423-159f04f60044" ipAddress: "192.168.5.185" hostName: "pr-hdds-2034-lb7qt-2171347232" ports { name: "REST" value: 42286 } ports { name: "RATIS" value: 38376 } ports { name: "STANDALONE" value: 38374 } networkName: "891c1cf7-eb5d-4327-8423-159f04f60044" networkLocation: "/default-rack" } cmdId: 1568823780176 } ]} | ret=SUCCESS |  
2019-09-18 16:23:54,143 | INFO  | SCMAudit | user=jenkins1000 | ip=192.168.5.185 | op=SEND_HEARTBEAT {datanodeUUID=8884bba7-3460-4b10-8d54-dd5499715d80, command=[commandType: createPipelineCommand createPipelineCommandProto { pipelineID { id: "97b77e94-b28f-4788-bd5f-e03c033da6ae" } type: RATIS factor: ONE datanode { uuid: "8884bba7-3460-4b10-8d54-dd5499715d80" ipAddress: "192.168.5.185" hostName: "pr-hdds-2034-lb7qt-2171347232" ports { name: "REST" value: 38990 } ports { name: "RATIS" value: 35786 } ports { name: "STANDALONE" value: 34210 } networkName: "8884bba7-3460-4b10-8d54-dd5499715d80" networkLocation: "/default-rack" } cmdId: 1568823780177 } , commandType: createPipelineCommand createPipelineCommandProto { pipelineID { id: "a6acc001-c642-458b-86d7-6a4deb0fbf45" } type: RATIS factor: THREE datanode { uuid: "8986536d-5b7d-4e16-8929-1d1bb41ad668" ipAddress: "192.168.5.185" hostName: "pr-hdds-2034-lb7qt-2171347232" ports { name: "REST" value: 35204 } ports { name: "RATIS" value: 41338 } ports { name: "STANDALONE" value: 40373 } networkName: "8986536d-5b7d-4e16-8929-1d1bb41ad668" networkLocation: "/default-rack" } datanode { uuid: "8884bba7-3460-4b10-8d54-dd5499715d80" ipAddress: "192.168.5.185" hostName: "pr-hdds-2034-lb7qt-2171347232" ports { name: "REST" value: 38990 } ports { name: "RATIS" value: 35786 } ports { name: "STANDALONE" value: 34210 } networkName: "8884bba7-3460-4b10-8d54-dd5499715d80" networkLocation: "/default-rack" } datanode { uuid: "bbe12df8-c2f1-49e2-8ab8-c8f9f8b834ae" ipAddress: "192.168.5.185" hostName: "pr-hdds-2034-lb7qt-2171347232" ports { name: "REST" value: 42588 } ports { name: "RATIS" value: 39796 } ports { name: "STANDALONE" value: 34440 } networkName: "bbe12df8-c2f1-49e2-8ab8-c8f9f8b834ae" networkLocation: "/default-rack" } cmdId: 1568823780180 } ]} | ret=SUCCESS |  
2019-09-18 16:23:54,327 | INFO  | SCMAudit | user=jenkins1000 | ip=192.168.5.185 | op=SEND_HEARTBEAT {datanodeUUID=b61b0354-621b-4e20-a68d-2d53fecac27d, command=[]} | ret=SUCCESS |  
2019-09-18 16:23:54,341 [grpc-default-executor-0] INFO  impl.RaftServerProxy (RaftServerProxy.java:addNew(89)) - b61b0354-621b-4e20-a68d-2d53fecac27d: addNew group-DF5F85221825:[b61b0354-621b-4e20-a68d-2d53fecac27d:192.168.5.185:39516] returns group-DF5F85221825:java.util.concurrent.CompletableFuture@33c0e8a0[Not completed]
2019-09-18 16:23:54,343 | INFO  | SCMAudit | user=jenkins1000 | ip=192.168.5.185 | op=SEND_HEARTBEAT {datanodeUUID=8986536d-5b7d-4e16-8929-1d1bb41ad668, command=[commandType: createPipelineCommand createPipelineCommandProto { pipelineID { id: "ffd98b12-c665-4ab8-ac8e-186949e60ea4" } type: RATIS factor: ONE datanode { uuid: "8986536d-5b7d-4e16-8929-1d1bb41ad668" ipAddress: "192.168.5.185" hostName: "pr-hdds-2034-lb7qt-2171347232" ports { name: "REST" value: 35204 } ports { name: "RATIS" value: 41338 } ports { name: "STANDALONE" value: 40373 } networkName: "8986536d-5b7d-4e16-8929-1d1bb41ad668" networkLocation: "/default-rack" } cmdId: 1568823780178 } , commandType: createPipelineCommand createPipelineCommandProto { pipelineID { id: "a6acc001-c642-458b-86d7-6a4deb0fbf45" } type: RATIS factor: THREE datanode { uuid: "8986536d-5b7d-4e16-8929-1d1bb41ad668" ipAddress: "192.168.5.185" hostName: "pr-hdds-2034-lb7qt-2171347232" ports { name: "REST" value: 35204 } ports { name: "RATIS" value: 41338 } ports { name: "STANDALONE" value: 40373 } networkName: "8986536d-5b7d-4e16-8929-1d1bb41ad668" networkLocation: "/default-rack" } datanode { uuid: "8884bba7-3460-4b10-8d54-dd5499715d80" ipAddress: "192.168.5.185" hostName: "pr-hdds-2034-lb7qt-2171347232" ports { name: "REST" value: 38990 } ports { name: "RATIS" value: 35786 } ports { name: "STANDALONE" value: 34210 } networkName: "8884bba7-3460-4b10-8d54-dd5499715d80" networkLocation: "/default-rack" } datanode { uuid: "bbe12df8-c2f1-49e2-8ab8-c8f9f8b834ae" ipAddress: "192.168.5.185" hostName: "pr-hdds-2034-lb7qt-2171347232" ports { name: "REST" value: 42588 } ports { name: "RATIS" value: 39796 } ports { name: "STANDALONE" value: 34440 } networkName: "bbe12df8-c2f1-49e2-8ab8-c8f9f8b834ae" networkLocation: "/default-rack" } cmdId: 1568823780180 } ]} | ret=SUCCESS |  
2019-09-18 16:23:54,344 [pool-126-thread-1] INFO  impl.RaftServerImpl (RaftServerImpl.java:<init>(93)) - b61b0354-621b-4e20-a68d-2d53fecac27d: new RaftServerImpl for group-DF5F85221825:[b61b0354-621b-4e20-a68d-2d53fecac27d:192.168.5.185:39516] with ContainerStateMachine:uninitialized
2019-09-18 16:23:54,344 [pool-126-thread-1] INFO  server.RaftServerConfigKeys (ConfUtils.java:logGet(43)) - raft.server.rpc.timeout.min = 5s (custom)
2019-09-18 16:23:54,344 [pool-126-thread-1] INFO  server.RaftServerConfigKeys (ConfUtils.java:logGet(43)) - raft.server.rpc.timeout.max = 5200ms (custom)
2019-09-18 16:23:54,345 [pool-126-thread-1] INFO  server.RaftServerConfigKeys (ConfUtils.java:logGet(43)) - raft.server.rpcslowness.timeout = 120s (custom)
2019-09-18 16:23:54,345 [pool-126-thread-1] INFO  server.RaftServerConfigKeys (ConfUtils.java:logGet(43)) - raft.server.sleep.deviation.threshold = 300 (default)
2019-09-18 16:23:54,345 [pool-126-thread-1] INFO  server.RaftServerConfigKeys (ConfUtils.java:logGet(43)) - raft.server.log.appender.install.snapshot.enabled = false (custom)
2019-09-18 16:23:54,345 [pool-126-thread-1] INFO  impl.RaftServerImpl (ServerState.java:<init>(105)) - b61b0354-621b-4e20-a68d-2d53fecac27d:group-DF5F85221825 ConfigurationManager, init=-1: [b61b0354-621b-4e20-a68d-2d53fecac27d:192.168.5.185:39516], old=null, confs=<EMPTY_MAP>
2019-09-18 16:23:54,345 [pool-126-thread-1] INFO  server.RaftServerConfigKeys (ConfUtils.java:logGet(43)) - raft.server.storage.dir = [/workdir/hadoop-ozone/integration-test/target/test-dir/MiniOzoneClusterImpl-2d326fd7-59af-45f3-b86b-efdcab7b8137/datanode-0/data/ratis] (custom)
2019-09-18 16:23:54,346 [pool-126-thread-1] INFO  storage.RaftStorageDirectory (RaftStorageDirectory.java:analyzeStorage(246)) - The storage directory /workdir/hadoop-ozone/integration-test/target/test-dir/MiniOzoneClusterImpl-2d326fd7-59af-45f3-b86b-efdcab7b8137/datanode-0/data/ratis/6dc23056-2a69-4882-b998-df5f85221825 does not exist. Creating ...
2019-09-18 16:23:54,369 [pool-126-thread-1] INFO  storage.RaftStorageDirectory (RaftStorageDirectory.java:tryLock(328)) - Lock on /workdir/hadoop-ozone/integration-test/target/test-dir/MiniOzoneClusterImpl-2d326fd7-59af-45f3-b86b-efdcab7b8137/datanode-0/data/ratis/6dc23056-2a69-4882-b998-df5f85221825/in_use.lock acquired by nodename 19183@pr-hdds-2034-lb7qt-2171347232
2019-09-18 16:23:54,390 [pool-126-thread-1] INFO  storage.RaftStorage (RaftStorage.java:format(72)) - Storage directory /workdir/hadoop-ozone/integration-test/target/test-dir/MiniOzoneClusterImpl-2d326fd7-59af-45f3-b86b-efdcab7b8137/datanode-0/data/ratis/6dc23056-2a69-4882-b998-df5f85221825 has been successfully formatted.
2019-09-18 16:23:54,391 [pool-126-thread-1] INFO  ratis.ContainerStateMachine (ContainerStateMachine.java:loadSnapshot(226)) - group-DF5F85221825: The snapshot info is null. Setting the last applied indexto:(t:0, i:~)
2019-09-18 16:23:54,391 [pool-126-thread-1] INFO  server.RaftServerConfigKeys (ConfUtils.java:logGet(43)) - raft.server.leader.election.timeout = 120s (custom)
2019-09-18 16:23:54,391 [pool-126-thread-1] INFO  server.RaftServerConfigKeys (ConfUtils.java:logGet(43)) - raft.server.log.use.memory = false (default)
2019-09-18 16:23:54,391 [pool-126-thread-1] INFO  server.RaftServerConfigKeys (ConfUtils.java:logGet(43)) - raft.server.log.purge.gap = 1000000 (custom)
2019-09-18 16:23:54,391 [pool-126-thread-1] INFO  server.RaftServerConfigKeys (ConfUtils.java:logGet(43)) - raft.server.log.appender.buffer.byte-limit = 33554432 (custom)
2019-09-18 16:23:54,391 [pool-126-thread-1] INFO  server.RaftServerConfigKeys (ConfUtils.java:logGet(43)) - raft.server.log.segment.size.max = 1048576 (custom)
2019-09-18 16:23:54,391 [pool-126-thread-1] INFO  server.RaftServerConfigKeys (ConfUtils.java:logGet(43)) - raft.server.log.segment.cache.num.max = 2 (custom)
2019-09-18 16:23:54,392 [pool-126-thread-1] INFO  segmented.SegmentedRaftLogWorker (SegmentedRaftLogWorker.java:<init>(172)) - new b61b0354-621b-4e20-a68d-2d53fecac27d-SegmentedRaftLogWorker:Storage Directory /workdir/hadoop-ozone/integration-test/target/test-dir/MiniOzoneClusterImpl-2d326fd7-59af-45f3-b86b-efdcab7b8137/datanode-0/data/ratis/6dc23056-2a69-4882-b998-df5f85221825 for RaftStorage:Storage Directory /workdir/hadoop-ozone/integration-test/target/test-dir/MiniOzoneClusterImpl-2d326fd7-59af-45f3-b86b-efdcab7b8137/datanode-0/data/ratis/6dc23056-2a69-4882-b998-df5f85221825
2019-09-18 16:23:54,392 [pool-126-thread-1] INFO  server.RaftServerConfigKeys (ConfUtils.java:logGet(43)) - raft.server.log.queue.byte-limit = 2147483647 (custom)
2019-09-18 16:23:54,392 [pool-126-thread-1] INFO  server.RaftServerConfigKeys (ConfUtils.java:logGet(43)) - raft.server.log.queue.element-limit = 1024 (custom)
2019-09-18 16:23:54,392 [pool-126-thread-1] INFO  server.RaftServerConfigKeys (ConfUtils.java:logGet(43)) - raft.server.log.segment.size.max = 1048576 (custom)
2019-09-18 16:23:54,392 [pool-126-thread-1] INFO  server.RaftServerConfigKeys (ConfUtils.java:logGet(43)) - raft.server.log.preallocated.size = 16384 (custom)
2019-09-18 16:23:54,392 [pool-126-thread-1] INFO  server.RaftServerConfigKeys (ConfUtils.java:logGet(43)) - raft.server.log.write.buffer.size = 33554432 (custom)
2019-09-18 16:23:54,393 [pool-126-thread-1] INFO  server.RaftServerConfigKeys (ConfUtils.java:logGet(43)) - raft.server.log.force.sync.num = 128 (default)
2019-09-18 16:23:54,393 [pool-126-thread-1] INFO  server.RaftServerConfigKeys (ConfUtils.java:logGet(43)) - raft.server.log.statemachine.data.sync = true (default)
2019-09-18 16:23:54,393 [pool-126-thread-1] INFO  server.RaftServerConfigKeys (ConfUtils.java:logGet(43)) - raft.server.log.statemachine.data.sync.timeout = 10s (default)
2019-09-18 16:23:54,393 [pool-126-thread-1] INFO  server.RaftServerConfigKeys (ConfUtils.java:logGet(43)) - raft.server.log.statemachine.data.sync.timeout.retry = -1 (default)
2019-09-18 16:23:54,393 [pool-126-thread-1] INFO  server.RaftServerConfigKeys (ConfUtils.java:logGet(43)) - raft.server.log.statemachine.data.caching.enabled = true (custom)
2019-09-18 16:23:54,394 [pool-126-thread-1] INFO  segmented.SegmentedRaftLogWorker (SegmentedRaftLogWorker.java:lambda$new$0(132)) - b61b0354-621b-4e20-a68d-2d53fecac27d-SegmentedRaftLogWorker:Storage Directory /workdir/hadoop-ozone/integration-test/target/test-dir/MiniOzoneClusterImpl-2d326fd7-59af-45f3-b86b-efdcab7b8137/datanode-0/data/ratis/6dc23056-2a69-4882-b998-df5f85221825: flushIndex: setUnconditionally 0 -> -1
2019-09-18 16:23:54,394 [pool-126-thread-1] INFO  server.RaftServerConfigKeys (ConfUtils.java:logGet(43)) - raft.server.snapshot.auto.trigger.enabled = true (custom)
2019-09-18 16:23:54,394 [pool-126-thread-1] INFO  server.RaftServerConfigKeys (ConfUtils.java:logGet(43)) - raft.server.snapshot.auto.trigger.threshold = 10000 (custom)
2019-09-18 16:23:54,394 [pool-126-thread-1] INFO  server.RaftServerConfigKeys (ConfUtils.java:logGet(43)) - raft.server.retrycache.expirytime = 600000ms (custom)
2019-09-18 16:23:54,395 [pool-126-thread-1] INFO  impl.RaftServerImpl (RaftServerImpl.java:start(180)) - b61b0354-621b-4e20-a68d-2d53fecac27d: start group-DF5F85221825
2019-09-18 16:23:54,395 [pool-126-thread-1] INFO  impl.RaftServerImpl (RaftServerImpl.java:setRole(171)) - b61b0354-621b-4e20-a68d-2d53fecac27d:group-DF5F85221825 changes role from null to FOLLOWER at term 0 for startAsFollower
2019-09-18 16:23:54,395 [pool-126-thread-1] INFO  impl.RoleInfo (RoleInfo.java:updateAndGet(143)) - b61b0354-621b-4e20-a68d-2d53fecac27d: start FollowerState
2019-09-18 16:23:54,411 [pool-126-thread-1] INFO  util.JmxRegister (JmxRegister.java:tryRegister(44)) - Successfully registered JMX Bean with object name Ratis:service=RaftServer,group=group-DF5F85221825,id=b61b0354-621b-4e20-a68d-2d53fecac27d
2019-09-18 16:23:54,414 [Command processor thread] INFO  commandhandler.CreatePipelineCommandHandler (CreatePipelineCommandHandler.java:handle(112)) - Create Pipeline RATIS ONE #PipelineID=6dc23056-2a69-4882-b998-df5f85221825 command succeed on datanode b61b0354-621b-4e20-a68d-2d53fecac27d.
2019-09-18 16:23:54,421 [grpc-default-executor-0] INFO  impl.RaftServerProxy (RaftServerProxy.java:addNew(89)) - b61b0354-621b-4e20-a68d-2d53fecac27d: addNew group-1A1F4B3A8F4F:[b61b0354-621b-4e20-a68d-2d53fecac27d:192.168.5.185:39516, 2e09149d-5559-4fea-b716-0eb93f2cac4a:192.168.5.185:43582, 891c1cf7-eb5d-4327-8423-159f04f60044:192.168.5.185:38376] returns group-1A1F4B3A8F4F:java.util.concurrent.CompletableFuture@40bf45ea[Not completed]
2019-09-18 16:23:54,422 [pool-126-thread-1] INFO  impl.RaftServerImpl (RaftServerImpl.java:<init>(93)) - b61b0354-621b-4e20-a68d-2d53fecac27d: new RaftServerImpl for group-1A1F4B3A8F4F:[b61b0354-621b-4e20-a68d-2d53fecac27d:192.168.5.185:39516, 2e09149d-5559-4fea-b716-0eb93f2cac4a:192.168.5.185:43582, 891c1cf7-eb5d-4327-8423-159f04f60044:192.168.5.185:38376] with ContainerStateMachine:uninitialized
2019-09-18 16:23:54,422 [pool-126-thread-1] INFO  server.RaftServerConfigKeys (ConfUtils.java:logGet(43)) - raft.server.rpc.timeout.min = 5s (custom)
2019-09-18 16:23:54,422 [pool-126-thread-1] INFO  server.RaftServerConfigKeys (ConfUtils.java:logGet(43)) - raft.server.rpc.timeout.max = 5200ms (custom)
2019-09-18 16:23:54,423 [pool-126-thread-1] INFO  server.RaftServerConfigKeys (ConfUtils.java:logGet(43)) - raft.server.rpcslowness.timeout = 120s (custom)
2019-09-18 16:23:54,423 [pool-126-thread-1] INFO  server.RaftServerConfigKeys (ConfUtils.java:logGet(43)) - raft.server.sleep.deviation.threshold = 300 (default)
2019-09-18 16:23:54,423 [pool-126-thread-1] INFO  server.RaftServerConfigKeys (ConfUtils.java:logGet(43)) - raft.server.log.appender.install.snapshot.enabled = false (custom)
2019-09-18 16:23:54,423 [pool-126-thread-1] INFO  impl.RaftServerImpl (ServerState.java:<init>(105)) - b61b0354-621b-4e20-a68d-2d53fecac27d:group-1A1F4B3A8F4F ConfigurationManager, init=-1: [b61b0354-621b-4e20-a68d-2d53fecac27d:192.168.5.185:39516, 2e09149d-5559-4fea-b716-0eb93f2cac4a:192.168.5.185:43582, 891c1cf7-eb5d-4327-8423-159f04f60044:192.168.5.185:38376], old=null, confs=<EMPTY_MAP>
2019-09-18 16:23:54,423 [pool-126-thread-1] INFO  server.RaftServerConfigKeys (ConfUtils.java:logGet(43)) - raft.server.storage.dir = [/workdir/hadoop-ozone/integration-test/target/test-dir/MiniOzoneClusterImpl-2d326fd7-59af-45f3-b86b-efdcab7b8137/datanode-0/data/ratis] (custom)
2019-09-18 16:23:54,423 [pool-126-thread-1] INFO  storage.RaftStorageDirectory (RaftStorageDirectory.java:analyzeStorage(246)) - The storage directory /workdir/hadoop-ozone/integration-test/target/test-dir/MiniOzoneClusterImpl-2d326fd7-59af-45f3-b86b-efdcab7b8137/datanode-0/data/ratis/e65f8abc-e731-4264-aeea-1a1f4b3a8f4f does not exist. Creating ...
2019-09-18 16:23:54,444 [pool-126-thread-1] INFO  storage.RaftStorageDirectory (RaftStorageDirectory.java:tryLock(328)) - Lock on /workdir/hadoop-ozone/integration-test/target/test-dir/MiniOzoneClusterImpl-2d326fd7-59af-45f3-b86b-efdcab7b8137/datanode-0/data/ratis/e65f8abc-e731-4264-aeea-1a1f4b3a8f4f/in_use.lock acquired by nodename 19183@pr-hdds-2034-lb7qt-2171347232
2019-09-18 16:23:54,476 [pool-126-thread-1] INFO  storage.RaftStorage (RaftStorage.java:format(72)) - Storage directory /workdir/hadoop-ozone/integration-test/target/test-dir/MiniOzoneClusterImpl-2d326fd7-59af-45f3-b86b-efdcab7b8137/datanode-0/data/ratis/e65f8abc-e731-4264-aeea-1a1f4b3a8f4f has been successfully formatted.
2019-09-18 16:23:54,476 [pool-126-thread-1] INFO  ratis.ContainerStateMachine (ContainerStateMachine.java:loadSnapshot(226)) - group-1A1F4B3A8F4F: The snapshot info is null. Setting the last applied indexto:(t:0, i:~)
2019-09-18 16:23:54,477 [pool-126-thread-1] INFO  server.RaftServerConfigKeys (ConfUtils.java:logGet(43)) - raft.server.leader.election.timeout = 120s (custom)
2019-09-18 16:23:54,477 [pool-126-thread-1] INFO  server.RaftServerConfigKeys (ConfUtils.java:logGet(43)) - raft.server.log.use.memory = false (default)
2019-09-18 16:23:54,477 [pool-126-thread-1] INFO  server.RaftServerConfigKeys (ConfUtils.java:logGet(43)) - raft.server.log.purge.gap = 1000000 (custom)
2019-09-18 16:23:54,477 [pool-126-thread-1] INFO  server.RaftServerConfigKeys (ConfUtils.java:logGet(43)) - raft.server.log.appender.buffer.byte-limit = 33554432 (custom)
2019-09-18 16:23:54,477 [pool-126-thread-1] INFO  server.RaftServerConfigKeys (ConfUtils.java:logGet(43)) - raft.server.log.segment.size.max = 1048576 (custom)
2019-09-18 16:23:54,478 [pool-126-thread-1] INFO  server.RaftServerConfigKeys (ConfUtils.java:logGet(43)) - raft.server.log.segment.cache.num.max = 2 (custom)
2019-09-18 16:23:54,478 [pool-126-thread-1] INFO  segmented.SegmentedRaftLogWorker (SegmentedRaftLogWorker.java:<init>(172)) - new b61b0354-621b-4e20-a68d-2d53fecac27d-SegmentedRaftLogWorker:Storage Directory /workdir/hadoop-ozone/integration-test/target/test-dir/MiniOzoneClusterImpl-2d326fd7-59af-45f3-b86b-efdcab7b8137/datanode-0/data/ratis/e65f8abc-e731-4264-aeea-1a1f4b3a8f4f for RaftStorage:Storage Directory /workdir/hadoop-ozone/integration-test/target/test-dir/MiniOzoneClusterImpl-2d326fd7-59af-45f3-b86b-efdcab7b8137/datanode-0/data/ratis/e65f8abc-e731-4264-aeea-1a1f4b3a8f4f
2019-09-18 16:23:54,478 [pool-126-thread-1] INFO  server.RaftServerConfigKeys (ConfUtils.java:logGet(43)) - raft.server.log.queue.byte-limit = 2147483647 (custom)
2019-09-18 16:23:54,478 [pool-126-thread-1] INFO  server.RaftServerConfigKeys (ConfUtils.java:logGet(43)) - raft.server.log.queue.element-limit = 1024 (custom)
2019-09-18 16:23:54,478 [pool-126-thread-1] INFO  server.RaftServerConfigKeys (ConfUtils.java:logGet(43)) - raft.server.log.segment.size.max = 1048576 (custom)
2019-09-18 16:23:54,479 [pool-126-thread-1] INFO  server.RaftServerConfigKeys (ConfUtils.java:logGet(43)) - raft.server.log.preallocated.size = 16384 (custom)
2019-09-18 16:23:54,479 [pool-126-thread-1] INFO  server.RaftServerConfigKeys (ConfUtils.java:logGet(43)) - raft.server.log.write.buffer.size = 33554432 (custom)
2019-09-18 16:23:54,479 [pool-126-thread-1] INFO  server.RaftServerConfigKeys (ConfUtils.java:logGet(43)) - raft.server.log.force.sync.num = 128 (default)
2019-09-18 16:23:54,479 [pool-126-thread-1] INFO  server.RaftServerConfigKeys (ConfUtils.java:logGet(43)) - raft.server.log.statemachine.data.sync = true (default)
2019-09-18 16:23:54,479 [pool-126-thread-1] INFO  server.RaftServerConfigKeys (ConfUtils.java:logGet(43)) - raft.server.log.statemachine.data.sync.timeout = 10s (default)
2019-09-18 16:23:54,480 [pool-126-thread-1] INFO  server.RaftServerConfigKeys (ConfUtils.java:logGet(43)) - raft.server.log.statemachine.data.sync.timeout.retry = -1 (default)
2019-09-18 16:23:54,480 [pool-126-thread-1] INFO  server.RaftServerConfigKeys (ConfUtils.java:logGet(43)) - raft.server.log.statemachine.data.caching.enabled = true (custom)
2019-09-18 16:23:54,480 [pool-126-thread-1] INFO  segmented.SegmentedRaftLogWorker (SegmentedRaftLogWorker.java:lambda$new$0(132)) - b61b0354-621b-4e20-a68d-2d53fecac27d-SegmentedRaftLogWorker:Storage Directory /workdir/hadoop-ozone/integration-test/target/test-dir/MiniOzoneClusterImpl-2d326fd7-59af-45f3-b86b-efdcab7b8137/datanode-0/data/ratis/e65f8abc-e731-4264-aeea-1a1f4b3a8f4f: flushIndex: setUnconditionally 0 -> -1
2019-09-18 16:23:54,481 [pool-126-thread-1] INFO  server.RaftServerConfigKeys (ConfUtils.java:logGet(43)) - raft.server.snapshot.auto.trigger.enabled = true (custom)
2019-09-18 16:23:54,481 [pool-126-thread-1] INFO  server.RaftServerConfigKeys (ConfUtils.java:logGet(43)) - raft.server.snapshot.auto.trigger.threshold = 10000 (custom)
2019-09-18 16:23:54,481 [pool-126-thread-1] INFO  server.RaftServerConfigKeys (ConfUtils.java:logGet(43)) - raft.server.retrycache.expirytime = 600000ms (custom)
2019-09-18 16:23:54,482 [pool-126-thread-1] INFO  impl.RaftServerImpl (RaftServerImpl.java:start(180)) - b61b0354-621b-4e20-a68d-2d53fecac27d: start group-1A1F4B3A8F4F
2019-09-18 16:23:54,482 [pool-126-thread-1] INFO  impl.RaftServerImpl (RaftServerImpl.java:setRole(171)) - b61b0354-621b-4e20-a68d-2d53fecac27d:group-1A1F4B3A8F4F changes role from null to FOLLOWER at term 0 for startAsFollower
2019-09-18 16:23:54,482 [pool-126-thread-1] INFO  impl.RoleInfo (RoleInfo.java:updateAndGet(143)) - b61b0354-621b-4e20-a68d-2d53fecac27d: start FollowerState
2019-09-18 16:23:54,483 [pool-126-thread-1] INFO  util.JmxRegister (JmxRegister.java:tryRegister(44)) - Successfully registered JMX Bean with object name Ratis:service=RaftServer,group=group-1A1F4B3A8F4F,id=b61b0354-621b-4e20-a68d-2d53fecac27d
2019-09-18 16:23:54,485 [Command processor thread] INFO  commandhandler.CreatePipelineCommandHandler (CreatePipelineCommandHandler.java:handle(112)) - Create Pipeline RATIS THREE #PipelineID=e65f8abc-e731-4264-aeea-1a1f4b3a8f4f command succeed on datanode b61b0354-621b-4e20-a68d-2d53fecac27d.
2019-09-18 16:23:54,508 | INFO  | SCMAudit | user=jenkins1000 | ip=192.168.5.185 | op=SEND_HEARTBEAT {datanodeUUID=bbe12df8-c2f1-49e2-8ab8-c8f9f8b834ae, command=[commandType: createPipelineCommand createPipelineCommandProto { pipelineID { id: "952e488b-d2ed-4a53-9f49-d020d9522eee" } type: RATIS factor: ONE datanode { uuid: "bbe12df8-c2f1-49e2-8ab8-c8f9f8b834ae" ipAddress: "192.168.5.185" hostName: "pr-hdds-2034-lb7qt-2171347232" ports { name: "REST" value: 42588 } ports { name: "RATIS" value: 39796 } ports { name: "STANDALONE" value: 34440 } networkName: "bbe12df8-c2f1-49e2-8ab8-c8f9f8b834ae" networkLocation: "/default-rack" } cmdId: 1568823780179 } , commandType: createPipelineCommand createPipelineCommandProto { pipelineID { id: "a6acc001-c642-458b-86d7-6a4deb0fbf45" } type: RATIS factor: THREE datanode { uuid: "8986536d-5b7d-4e16-8929-1d1bb41ad668" ipAddress: "192.168.5.185" hostName: "pr-hdds-2034-lb7qt-2171347232" ports { name: "REST" value: 35204 } ports { name: "RATIS" value: 41338 } ports { name: "STANDALONE" value: 40373 } networkName: "8986536d-5b7d-4e16-8929-1d1bb41ad668" networkLocation: "/default-rack" } datanode { uuid: "8884bba7-3460-4b10-8d54-dd5499715d80" ipAddress: "192.168.5.185" hostName: "pr-hdds-2034-lb7qt-2171347232" ports { name: "REST" value: 38990 } ports { name: "RATIS" value: 35786 } ports { name: "STANDALONE" value: 34210 } networkName: "8884bba7-3460-4b10-8d54-dd5499715d80" networkLocation: "/default-rack" } datanode { uuid: "bbe12df8-c2f1-49e2-8ab8-c8f9f8b834ae" ipAddress: "192.168.5.185" hostName: "pr-hdds-2034-lb7qt-2171347232" ports { name: "REST" value: 42588 } ports { name: "RATIS" value: 39796 } ports { name: "STANDALONE" value: 34440 } networkName: "bbe12df8-c2f1-49e2-8ab8-c8f9f8b834ae" networkLocation: "/default-rack" } cmdId: 1568823780180 } ]} | ret=SUCCESS |  
2019-09-18 16:23:54,531 | INFO  | SCMAudit | user=jenkins1000 | ip=192.168.5.185 | op=SEND_HEARTBEAT {datanodeUUID=891c1cf7-eb5d-4327-8423-159f04f60044, command=[]} | ret=SUCCESS |  
2019-09-18 16:23:54,540 [grpc-default-executor-0] INFO  impl.RaftServerProxy (RaftServerProxy.java:addNew(89)) - 891c1cf7-eb5d-4327-8423-159f04f60044: addNew group-E0FF56B8A51F:[891c1cf7-eb5d-4327-8423-159f04f60044:192.168.5.185:38376] returns group-E0FF56B8A51F:java.util.concurrent.CompletableFuture@3c9747a7[Not completed]
2019-09-18 16:23:54,547 [pool-137-thread-1] INFO  impl.RaftServerImpl (RaftServerImpl.java:<init>(93)) - 891c1cf7-eb5d-4327-8423-159f04f60044: new RaftServerImpl for group-E0FF56B8A51F:[891c1cf7-eb5d-4327-8423-159f04f60044:192.168.5.185:38376] with ContainerStateMachine:uninitialized
2019-09-18 16:23:54,548 [pool-137-thread-1] INFO  server.RaftServerConfigKeys (ConfUtils.java:logGet(43)) - raft.server.rpc.timeout.min = 5s (custom)
2019-09-18 16:23:54,548 [pool-137-thread-1] INFO  server.RaftServerConfigKeys (ConfUtils.java:logGet(43)) - raft.server.rpc.timeout.max = 5200ms (custom)
2019-09-18 16:23:54,548 [pool-137-thread-1] INFO  server.RaftServerConfigKeys (ConfUtils.java:logGet(43)) - raft.server.rpcslowness.timeout = 120s (custom)
2019-09-18 16:23:54,548 [pool-137-thread-1] INFO  server.RaftServerConfigKeys (ConfUtils.java:logGet(43)) - raft.server.sleep.deviation.threshold = 300 (default)
2019-09-18 16:23:54,548 [pool-137-thread-1] INFO  server.RaftServerConfigKeys (ConfUtils.java:logGet(43)) - raft.server.log.appender.install.snapshot.enabled = false (custom)
2019-09-18 16:23:54,549 [pool-137-thread-1] INFO  impl.RaftServerImpl (ServerState.java:<init>(105)) - 891c1cf7-eb5d-4327-8423-159f04f60044:group-E0FF56B8A51F ConfigurationManager, init=-1: [891c1cf7-eb5d-4327-8423-159f04f60044:192.168.5.185:38376], old=null, confs=<EMPTY_MAP>
2019-09-18 16:23:54,549 [pool-137-thread-1] INFO  server.RaftServerConfigKeys (ConfUtils.java:logGet(43)) - raft.server.storage.dir = [/workdir/hadoop-ozone/integration-test/target/test-dir/MiniOzoneClusterImpl-2d326fd7-59af-45f3-b86b-efdcab7b8137/datanode-1/data/ratis] (custom)
2019-09-18 16:23:54,550 [pool-137-thread-1] INFO  storage.RaftStorageDirectory (RaftStorageDirectory.java:analyzeStorage(246)) - The storage directory /workdir/hadoop-ozone/integration-test/target/test-dir/MiniOzoneClusterImpl-2d326fd7-59af-45f3-b86b-efdcab7b8137/datanode-1/data/ratis/a282391a-b7b5-46df-8500-e0ff56b8a51f does not exist. Creating ...
2019-09-18 16:23:54,566 [pool-137-thread-1] INFO  storage.RaftStorageDirectory (RaftStorageDirectory.java:tryLock(328)) - Lock on /workdir/hadoop-ozone/integration-test/target/test-dir/MiniOzoneClusterImpl-2d326fd7-59af-45f3-b86b-efdcab7b8137/datanode-1/data/ratis/a282391a-b7b5-46df-8500-e0ff56b8a51f/in_use.lock acquired by nodename 19183@pr-hdds-2034-lb7qt-2171347232
2019-09-18 16:23:54,588 [pool-137-thread-1] INFO  storage.RaftStorage (RaftStorage.java:format(72)) - Storage directory /workdir/hadoop-ozone/integration-test/target/test-dir/MiniOzoneClusterImpl-2d326fd7-59af-45f3-b86b-efdcab7b8137/datanode-1/data/ratis/a282391a-b7b5-46df-8500-e0ff56b8a51f has been successfully formatted.
2019-09-18 16:23:54,589 [pool-137-thread-1] INFO  ratis.ContainerStateMachine (ContainerStateMachine.java:loadSnapshot(226)) - group-E0FF56B8A51F: The snapshot info is null. Setting the last applied indexto:(t:0, i:~)
2019-09-18 16:23:54,589 [pool-137-thread-1] INFO  server.RaftServerConfigKeys (ConfUtils.java:logGet(43)) - raft.server.leader.election.timeout = 120s (custom)
2019-09-18 16:23:54,589 [pool-137-thread-1] INFO  server.RaftServerConfigKeys (ConfUtils.java:logGet(43)) - raft.server.log.use.memory = false (default)
2019-09-18 16:23:54,589 [pool-137-thread-1] INFO  server.RaftServerConfigKeys (ConfUtils.java:logGet(43)) - raft.server.log.purge.gap = 1000000 (custom)
2019-09-18 16:23:54,590 [pool-137-thread-1] INFO  server.RaftServerConfigKeys (ConfUtils.java:logGet(43)) - raft.server.log.appender.buffer.byte-limit = 33554432 (custom)
2019-09-18 16:23:54,590 [pool-137-thread-1] INFO  server.RaftServerConfigKeys (ConfUtils.java:logGet(43)) - raft.server.log.segment.size.max = 1048576 (custom)
2019-09-18 16:23:54,590 [pool-137-thread-1] INFO  server.RaftServerConfigKeys (ConfUtils.java:logGet(43)) - raft.server.log.segment.cache.num.max = 2 (custom)
2019-09-18 16:23:54,590 [pool-137-thread-1] INFO  segmented.SegmentedRaftLogWorker (SegmentedRaftLogWorker.java:<init>(172)) - new 891c1cf7-eb5d-4327-8423-159f04f60044-SegmentedRaftLogWorker:Storage Directory /workdir/hadoop-ozone/integration-test/target/test-dir/MiniOzoneClusterImpl-2d326fd7-59af-45f3-b86b-efdcab7b8137/datanode-1/data/ratis/a282391a-b7b5-46df-8500-e0ff56b8a51f for RaftStorage:Storage Directory /workdir/hadoop-ozone/integration-test/target/test-dir/MiniOzoneClusterImpl-2d326fd7-59af-45f3-b86b-efdcab7b8137/datanode-1/data/ratis/a282391a-b7b5-46df-8500-e0ff56b8a51f
2019-09-18 16:23:54,591 [pool-137-thread-1] INFO  server.RaftServerConfigKeys (ConfUtils.java:logGet(43)) - raft.server.log.queue.byte-limit = 2147483647 (custom)
2019-09-18 16:23:54,591 [pool-137-thread-1] INFO  server.RaftServerConfigKeys (ConfUtils.java:logGet(43)) - raft.server.log.queue.element-limit = 1024 (custom)
2019-09-18 16:23:54,591 [pool-137-thread-1] INFO  server.RaftServerConfigKeys (ConfUtils.java:logGet(43)) - raft.server.log.segment.size.max = 1048576 (custom)
2019-09-18 16:23:54,591 [pool-137-thread-1] INFO  server.RaftServerConfigKeys (ConfUtils.java:logGet(43)) - raft.server.log.preallocated.size = 16384 (custom)
2019-09-18 16:23:54,592 [pool-137-thread-1] INFO  server.RaftServerConfigKeys (ConfUtils.java:logGet(43)) - raft.server.log.write.buffer.size = 33554432 (custom)
2019-09-18 16:23:54,592 [pool-137-thread-1] INFO  server.RaftServerConfigKeys (ConfUtils.java:logGet(43)) - raft.server.log.force.sync.num = 128 (default)
2019-09-18 16:23:54,592 [pool-137-thread-1] INFO  server.RaftServerConfigKeys (ConfUtils.java:logGet(43)) - raft.server.log.statemachine.data.sync = true (default)
2019-09-18 16:23:54,592 [pool-137-thread-1] INFO  server.RaftServerConfigKeys (ConfUtils.java:logGet(43)) - raft.server.log.statemachine.data.sync.timeout = 10s (default)
2019-09-18 16:23:54,592 [pool-137-thread-1] INFO  server.RaftServerConfigKeys (ConfUtils.java:logGet(43)) - raft.server.log.statemachine.data.sync.timeout.retry = -1 (default)
2019-09-18 16:23:54,593 [pool-137-thread-1] INFO  server.RaftServerConfigKeys (ConfUtils.java:logGet(43)) - raft.server.log.statemachine.data.caching.enabled = true (custom)
2019-09-18 16:23:54,593 [pool-137-thread-1] INFO  segmented.SegmentedRaftLogWorker (SegmentedRaftLogWorker.java:lambda$new$0(132)) - 891c1cf7-eb5d-4327-8423-159f04f60044-SegmentedRaftLogWorker:Storage Directory /workdir/hadoop-ozone/integration-test/target/test-dir/MiniOzoneClusterImpl-2d326fd7-59af-45f3-b86b-efdcab7b8137/datanode-1/data/ratis/a282391a-b7b5-46df-8500-e0ff56b8a51f: flushIndex: setUnconditionally 0 -> -1
2019-09-18 16:23:54,594 [pool-137-thread-1] INFO  server.RaftServerConfigKeys (ConfUtils.java:logGet(43)) - raft.server.snapshot.auto.trigger.enabled = true (custom)
2019-09-18 16:23:54,594 [pool-137-thread-1] INFO  server.RaftServerConfigKeys (ConfUtils.java:logGet(43)) - raft.server.snapshot.auto.trigger.threshold = 10000 (custom)
2019-09-18 16:23:54,594 [pool-137-thread-1] INFO  server.RaftServerConfigKeys (ConfUtils.java:logGet(43)) - raft.server.retrycache.expirytime = 600000ms (custom)
2019-09-18 16:23:54,595 [pool-137-thread-1] INFO  impl.RaftServerImpl (RaftServerImpl.java:start(180)) - 891c1cf7-eb5d-4327-8423-159f04f60044: start group-E0FF56B8A51F
2019-09-18 16:23:54,595 [pool-137-thread-1] INFO  impl.RaftServerImpl (RaftServerImpl.java:setRole(171)) - 891c1cf7-eb5d-4327-8423-159f04f60044:group-E0FF56B8A51F changes role from null to FOLLOWER at term 0 for startAsFollower
2019-09-18 16:23:54,595 [pool-137-thread-1] INFO  impl.RoleInfo (RoleInfo.java:updateAndGet(143)) - 891c1cf7-eb5d-4327-8423-159f04f60044: start FollowerState
2019-09-18 16:23:54,596 [pool-137-thread-1] INFO  util.JmxRegister (JmxRegister.java:tryRegister(44)) - Successfully registered JMX Bean with object name Ratis:service=RaftServer,group=group-E0FF56B8A51F,id=891c1cf7-eb5d-4327-8423-159f04f60044
2019-09-18 16:23:54,598 [Command processor thread] INFO  commandhandler.CreatePipelineCommandHandler (CreatePipelineCommandHandler.java:handle(112)) - Create Pipeline RATIS ONE #PipelineID=a282391a-b7b5-46df-8500-e0ff56b8a51f command succeed on datanode 891c1cf7-eb5d-4327-8423-159f04f60044.
2019-09-18 16:23:54,605 [grpc-default-executor-0] INFO  impl.RaftServerProxy (RaftServerProxy.java:addNew(89)) - 891c1cf7-eb5d-4327-8423-159f04f60044: addNew group-1A1F4B3A8F4F:[b61b0354-621b-4e20-a68d-2d53fecac27d:192.168.5.185:39516, 2e09149d-5559-4fea-b716-0eb93f2cac4a:192.168.5.185:43582, 891c1cf7-eb5d-4327-8423-159f04f60044:192.168.5.185:38376] returns group-1A1F4B3A8F4F:java.util.concurrent.CompletableFuture@5bab166a[Not completed]
2019-09-18 16:23:54,606 [pool-137-thread-1] INFO  impl.RaftServerImpl (RaftServerImpl.java:<init>(93)) - 891c1cf7-eb5d-4327-8423-159f04f60044: new RaftServerImpl for group-1A1F4B3A8F4F:[b61b0354-621b-4e20-a68d-2d53fecac27d:192.168.5.185:39516, 2e09149d-5559-4fea-b716-0eb93f2cac4a:192.168.5.185:43582, 891c1cf7-eb5d-4327-8423-159f04f60044:192.168.5.185:38376] with ContainerStateMachine:uninitialized
2019-09-18 16:23:54,607 [pool-137-thread-1] INFO  server.RaftServerConfigKeys (ConfUtils.java:logGet(43)) - raft.server.rpc.timeout.min = 5s (custom)
2019-09-18 16:23:54,607 [pool-137-thread-1] INFO  server.RaftServerConfigKeys (ConfUtils.java:logGet(43)) - raft.server.rpc.timeout.max = 5200ms (custom)
2019-09-18 16:23:54,607 [pool-137-thread-1] INFO  server.RaftServerConfigKeys (ConfUtils.java:logGet(43)) - raft.server.rpcslowness.timeout = 120s (custom)
2019-09-18 16:23:54,607 [pool-137-thread-1] INFO  server.RaftServerConfigKeys (ConfUtils.java:logGet(43)) - raft.server.sleep.deviation.threshold = 300 (default)
2019-09-18 16:23:54,607 [pool-137-thread-1] INFO  server.RaftServerConfigKeys (ConfUtils.java:logGet(43)) - raft.server.log.appender.install.snapshot.enabled = false (custom)
2019-09-18 16:23:54,608 [pool-137-thread-1] INFO  impl.RaftServerImpl (ServerState.java:<init>(105)) - 891c1cf7-eb5d-4327-8423-159f04f60044:group-1A1F4B3A8F4F ConfigurationManager, init=-1: [b61b0354-621b-4e20-a68d-2d53fecac27d:192.168.5.185:39516, 2e09149d-5559-4fea-b716-0eb93f2cac4a:192.168.5.185:43582, 891c1cf7-eb5d-4327-8423-159f04f60044:192.168.5.185:38376], old=null, confs=<EMPTY_MAP>
2019-09-18 16:23:54,608 [pool-137-thread-1] INFO  server.RaftServerConfigKeys (ConfUtils.java:logGet(43)) - raft.server.storage.dir = [/workdir/hadoop-ozone/integration-test/target/test-dir/MiniOzoneClusterImpl-2d326fd7-59af-45f3-b86b-efdcab7b8137/datanode-1/data/ratis] (custom)
2019-09-18 16:23:54,608 [pool-137-thread-1] INFO  storage.RaftStorageDirectory (RaftStorageDirectory.java:analyzeStorage(246)) - The storage directory /workdir/hadoop-ozone/integration-test/target/test-dir/MiniOzoneClusterImpl-2d326fd7-59af-45f3-b86b-efdcab7b8137/datanode-1/data/ratis/e65f8abc-e731-4264-aeea-1a1f4b3a8f4f does not exist. Creating ...
2019-09-18 16:23:54,625 [pool-137-thread-1] INFO  storage.RaftStorageDirectory (RaftStorageDirectory.java:tryLock(328)) - Lock on /workdir/hadoop-ozone/integration-test/target/test-dir/MiniOzoneClusterImpl-2d326fd7-59af-45f3-b86b-efdcab7b8137/datanode-1/data/ratis/e65f8abc-e731-4264-aeea-1a1f4b3a8f4f/in_use.lock acquired by nodename 19183@pr-hdds-2034-lb7qt-2171347232
2019-09-18 16:23:54,653 [pool-137-thread-1] INFO  storage.RaftStorage (RaftStorage.java:format(72)) - Storage directory /workdir/hadoop-ozone/integration-test/target/test-dir/MiniOzoneClusterImpl-2d326fd7-59af-45f3-b86b-efdcab7b8137/datanode-1/data/ratis/e65f8abc-e731-4264-aeea-1a1f4b3a8f4f has been successfully formatted.
2019-09-18 16:23:54,653 [pool-137-thread-1] INFO  ratis.ContainerStateMachine (ContainerStateMachine.java:loadSnapshot(226)) - group-1A1F4B3A8F4F: The snapshot info is null. Setting the last applied indexto:(t:0, i:~)
2019-09-18 16:23:54,654 [pool-137-thread-1] INFO  server.RaftServerConfigKeys (ConfUtils.java:logGet(43)) - raft.server.leader.election.timeout = 120s (custom)
2019-09-18 16:23:54,654 [pool-137-thread-1] INFO  server.RaftServerConfigKeys (ConfUtils.java:logGet(43)) - raft.server.log.use.memory = false (default)
2019-09-18 16:23:54,654 [pool-137-thread-1] INFO  server.RaftServerConfigKeys (ConfUtils.java:logGet(43)) - raft.server.log.purge.gap = 1000000 (custom)
2019-09-18 16:23:54,654 [pool-137-thread-1] INFO  server.RaftServerConfigKeys (ConfUtils.java:logGet(43)) - raft.server.log.appender.buffer.byte-limit = 33554432 (custom)
2019-09-18 16:23:54,654 [pool-137-thread-1] INFO  server.RaftServerConfigKeys (ConfUtils.java:logGet(43)) - raft.server.log.segment.size.max = 1048576 (custom)
2019-09-18 16:23:54,655 [pool-137-thread-1] INFO  server.RaftServerConfigKeys (ConfUtils.java:logGet(43)) - raft.server.log.segment.cache.num.max = 2 (custom)
2019-09-18 16:23:54,655 [pool-137-thread-1] INFO  segmented.SegmentedRaftLogWorker (SegmentedRaftLogWorker.java:<init>(172)) - new 891c1cf7-eb5d-4327-8423-159f04f60044-SegmentedRaftLogWorker:Storage Directory /workdir/hadoop-ozone/integration-test/target/test-dir/MiniOzoneClusterImpl-2d326fd7-59af-45f3-b86b-efdcab7b8137/datanode-1/data/ratis/e65f8abc-e731-4264-aeea-1a1f4b3a8f4f for RaftStorage:Storage Directory /workdir/hadoop-ozone/integration-test/target/test-dir/MiniOzoneClusterImpl-2d326fd7-59af-45f3-b86b-efdcab7b8137/datanode-1/data/ratis/e65f8abc-e731-4264-aeea-1a1f4b3a8f4f
2019-09-18 16:23:54,655 [pool-137-thread-1] INFO  server.RaftServerConfigKeys (ConfUtils.java:logGet(43)) - raft.server.log.queue.byte-limit = 2147483647 (custom)
2019-09-18 16:23:54,655 [pool-137-thread-1] INFO  server.RaftServerConfigKeys (ConfUtils.java:logGet(43)) - raft.server.log.queue.element-limit = 1024 (custom)
2019-09-18 16:23:54,655 [pool-137-thread-1] INFO  server.RaftServerConfigKeys (ConfUtils.java:logGet(43)) - raft.server.log.segment.size.max = 1048576 (custom)
2019-09-18 16:23:54,656 [pool-137-thread-1] INFO  server.RaftServerConfigKeys (ConfUtils.java:logGet(43)) - raft.server.log.preallocated.size = 16384 (custom)
2019-09-18 16:23:54,656 [pool-137-thread-1] INFO  server.RaftServerConfigKeys (ConfUtils.java:logGet(43)) - raft.server.log.write.buffer.size = 33554432 (custom)
2019-09-18 16:23:54,656 [pool-137-thread-1] INFO  server.RaftServerConfigKeys (ConfUtils.java:logGet(43)) - raft.server.log.force.sync.num = 128 (default)
2019-09-18 16:23:54,656 [pool-137-thread-1] INFO  server.RaftServerConfigKeys (ConfUtils.java:logGet(43)) - raft.server.log.statemachine.data.sync = true (default)
2019-09-18 16:23:54,656 [pool-137-thread-1] INFO  server.RaftServerConfigKeys (ConfUtils.java:logGet(43)) - raft.server.log.statemachine.data.sync.timeout = 10s (default)
2019-09-18 16:23:54,656 [pool-137-thread-1] INFO  server.RaftServerConfigKeys (ConfUtils.java:logGet(43)) - raft.server.log.statemachine.data.sync.timeout.retry = -1 (default)
2019-09-18 16:23:54,657 [pool-137-thread-1] INFO  server.RaftServerConfigKeys (ConfUtils.java:logGet(43)) - raft.server.log.statemachine.data.caching.enabled = true (custom)
2019-09-18 16:23:54,657 [pool-137-thread-1] INFO  segmented.SegmentedRaftLogWorker (SegmentedRaftLogWorker.java:lambda$new$0(132)) - 891c1cf7-eb5d-4327-8423-159f04f60044-SegmentedRaftLogWorker:Storage Directory /workdir/hadoop-ozone/integration-test/target/test-dir/MiniOzoneClusterImpl-2d326fd7-59af-45f3-b86b-efdcab7b8137/datanode-1/data/ratis/e65f8abc-e731-4264-aeea-1a1f4b3a8f4f: flushIndex: setUnconditionally 0 -> -1
2019-09-18 16:23:54,657 [pool-137-thread-1] INFO  server.RaftServerConfigKeys (ConfUtils.java:logGet(43)) - raft.server.snapshot.auto.trigger.enabled = true (custom)
2019-09-18 16:23:54,658 [pool-137-thread-1] INFO  server.RaftServerConfigKeys (ConfUtils.java:logGet(43)) - raft.server.snapshot.auto.trigger.threshold = 10000 (custom)
2019-09-18 16:23:54,658 [pool-137-thread-1] INFO  server.RaftServerConfigKeys (ConfUtils.java:logGet(43)) - raft.server.retrycache.expirytime = 600000ms (custom)
2019-09-18 16:23:54,658 [pool-137-thread-1] INFO  impl.RaftServerImpl (RaftServerImpl.java:start(180)) - 891c1cf7-eb5d-4327-8423-159f04f60044: start group-1A1F4B3A8F4F
2019-09-18 16:23:54,658 [pool-137-thread-1] INFO  impl.RaftServerImpl (RaftServerImpl.java:setRole(171)) - 891c1cf7-eb5d-4327-8423-159f04f60044:group-1A1F4B3A8F4F changes role from null to FOLLOWER at term 0 for startAsFollower
2019-09-18 16:23:54,658 [pool-137-thread-1] INFO  impl.RoleInfo (RoleInfo.java:updateAndGet(143)) - 891c1cf7-eb5d-4327-8423-159f04f60044: start FollowerState
2019-09-18 16:23:54,673 [pool-137-thread-1] INFO  util.JmxRegister (JmxRegister.java:tryRegister(44)) - Successfully registered JMX Bean with object name Ratis:service=RaftServer,group=group-1A1F4B3A8F4F,id=891c1cf7-eb5d-4327-8423-159f04f60044
2019-09-18 16:23:54,685 [Command processor thread] INFO  commandhandler.CreatePipelineCommandHandler (CreatePipelineCommandHandler.java:handle(112)) - Create Pipeline RATIS THREE #PipelineID=e65f8abc-e731-4264-aeea-1a1f4b3a8f4f command succeed on datanode 891c1cf7-eb5d-4327-8423-159f04f60044.
2019-09-18 16:23:54,736 | INFO  | SCMAudit | user=jenkins1000 | ip=192.168.5.185 | op=SEND_HEARTBEAT {datanodeUUID=1d911544-627f-4c31-9b8f-a02840ac95b3, command=[commandType: createPipelineCommand createPipelineCommandProto { pipelineID { id: "53dbf63a-e299-4d57-8e39-9ef0958cdeaa" } type: RATIS factor: ONE datanode { uuid: "1d911544-627f-4c31-9b8f-a02840ac95b3" ipAddress: "192.168.5.185" hostName: "pr-hdds-2034-lb7qt-2171347232" ports { name: "REST" value: 40370 } ports { name: "RATIS" value: 36890 } ports { name: "STANDALONE" value: 41048 } networkName: "1d911544-627f-4c31-9b8f-a02840ac95b3" networkLocation: "/default-rack" } cmdId: 1568823780181 } ]} | ret=SUCCESS |  
2019-09-18 16:23:54,737 [main] INFO  ozone.MiniOzoneClusterImpl (MiniOzoneClusterImpl.java:lambda$waitForClusterToBeReady$0(145)) - Nodes are ready. Got 7 of 7 DN Heartbeats.
2019-09-18 16:23:54,738 [main] INFO  ozone.MiniOzoneClusterImpl (MiniOzoneClusterImpl.java:lambda$waitForClusterToBeReady$0(148)) - Waiting for cluster to exit safe mode
2019-09-18 16:23:54,739 | INFO  | SCMAudit | user=jenkins1000 | ip=192.168.5.185 | op=SEND_HEARTBEAT {datanodeUUID=2e09149d-5559-4fea-b716-0eb93f2cac4a, command=[]} | ret=SUCCESS |  
2019-09-18 16:23:54,749 [grpc-default-executor-0] INFO  impl.RaftServerProxy (RaftServerProxy.java:addNew(89)) - 2e09149d-5559-4fea-b716-0eb93f2cac4a: addNew group-D93F7E33EFFD:[2e09149d-5559-4fea-b716-0eb93f2cac4a:192.168.5.185:43582] returns group-D93F7E33EFFD:java.util.concurrent.CompletableFuture@57b09a59[Not completed]
2019-09-18 16:23:54,758 [pool-148-thread-1] INFO  impl.RaftServerImpl (RaftServerImpl.java:<init>(93)) - 2e09149d-5559-4fea-b716-0eb93f2cac4a: new RaftServerImpl for group-D93F7E33EFFD:[2e09149d-5559-4fea-b716-0eb93f2cac4a:192.168.5.185:43582] with ContainerStateMachine:uninitialized
2019-09-18 16:23:54,759 [pool-148-thread-1] INFO  server.RaftServerConfigKeys (ConfUtils.java:logGet(43)) - raft.server.rpc.timeout.min = 5s (custom)
2019-09-18 16:23:54,759 [pool-148-thread-1] INFO  server.RaftServerConfigKeys (ConfUtils.java:logGet(43)) - raft.server.rpc.timeout.max = 5200ms (custom)
2019-09-18 16:23:54,759 [pool-148-thread-1] INFO  server.RaftServerConfigKeys (ConfUtils.java:logGet(43)) - raft.server.rpcslowness.timeout = 120s (custom)
2019-09-18 16:23:54,759 [pool-148-thread-1] INFO  server.RaftServerConfigKeys (ConfUtils.java:logGet(43)) - raft.server.sleep.deviation.threshold = 300 (default)
2019-09-18 16:23:54,760 [pool-148-thread-1] INFO  server.RaftServerConfigKeys (ConfUtils.java:logGet(43)) - raft.server.log.appender.install.snapshot.enabled = false (custom)
2019-09-18 16:23:54,760 [pool-148-thread-1] INFO  impl.RaftServerImpl (ServerState.java:<init>(105)) - 2e09149d-5559-4fea-b716-0eb93f2cac4a:group-D93F7E33EFFD ConfigurationManager, init=-1: [2e09149d-5559-4fea-b716-0eb93f2cac4a:192.168.5.185:43582], old=null, confs=<EMPTY_MAP>
2019-09-18 16:23:54,760 [pool-148-thread-1] INFO  server.RaftServerConfigKeys (ConfUtils.java:logGet(43)) - raft.server.storage.dir = [/workdir/hadoop-ozone/integration-test/target/test-dir/MiniOzoneClusterImpl-2d326fd7-59af-45f3-b86b-efdcab7b8137/datanode-2/data/ratis] (custom)
2019-09-18 16:23:54,761 [pool-148-thread-1] INFO  storage.RaftStorageDirectory (RaftStorageDirectory.java:analyzeStorage(246)) - The storage directory /workdir/hadoop-ozone/integration-test/target/test-dir/MiniOzoneClusterImpl-2d326fd7-59af-45f3-b86b-efdcab7b8137/datanode-2/data/ratis/5810f2a7-6b56-41b1-9180-d93f7e33effd does not exist. Creating ...
2019-09-18 16:23:54,787 [pool-148-thread-1] INFO  storage.RaftStorageDirectory (RaftStorageDirectory.java:tryLock(328)) - Lock on /workdir/hadoop-ozone/integration-test/target/test-dir/MiniOzoneClusterImpl-2d326fd7-59af-45f3-b86b-efdcab7b8137/datanode-2/data/ratis/5810f2a7-6b56-41b1-9180-d93f7e33effd/in_use.lock acquired by nodename 19183@pr-hdds-2034-lb7qt-2171347232
2019-09-18 16:23:54,804 [pool-148-thread-1] INFO  storage.RaftStorage (RaftStorage.java:format(72)) - Storage directory /workdir/hadoop-ozone/integration-test/target/test-dir/MiniOzoneClusterImpl-2d326fd7-59af-45f3-b86b-efdcab7b8137/datanode-2/data/ratis/5810f2a7-6b56-41b1-9180-d93f7e33effd has been successfully formatted.
2019-09-18 16:23:54,804 [pool-148-thread-1] INFO  ratis.ContainerStateMachine (ContainerStateMachine.java:loadSnapshot(226)) - group-D93F7E33EFFD: The snapshot info is null. Setting the last applied indexto:(t:0, i:~)
2019-09-18 16:23:54,804 [pool-148-thread-1] INFO  server.RaftServerConfigKeys (ConfUtils.java:logGet(43)) - raft.server.leader.election.timeout = 120s (custom)
2019-09-18 16:23:54,804 [pool-148-thread-1] INFO  server.RaftServerConfigKeys (ConfUtils.java:logGet(43)) - raft.server.log.use.memory = false (default)
2019-09-18 16:23:54,805 [pool-148-thread-1] INFO  server.RaftServerConfigKeys (ConfUtils.java:logGet(43)) - raft.server.log.purge.gap = 1000000 (custom)
2019-09-18 16:23:54,805 [pool-148-thread-1] INFO  server.RaftServerConfigKeys (ConfUtils.java:logGet(43)) - raft.server.log.appender.buffer.byte-limit = 33554432 (custom)
2019-09-18 16:23:54,805 [pool-148-thread-1] INFO  server.RaftServerConfigKeys (ConfUtils.java:logGet(43)) - raft.server.log.segment.size.max = 1048576 (custom)
2019-09-18 16:23:54,805 [pool-148-thread-1] INFO  server.RaftServerConfigKeys (ConfUtils.java:logGet(43)) - raft.server.log.segment.cache.num.max = 2 (custom)
2019-09-18 16:23:54,805 [pool-148-thread-1] INFO  segmented.SegmentedRaftLogWorker (SegmentedRaftLogWorker.java:<init>(172)) - new 2e09149d-5559-4fea-b716-0eb93f2cac4a-SegmentedRaftLogWorker:Storage Directory /workdir/hadoop-ozone/integration-test/target/test-dir/MiniOzoneClusterImpl-2d326fd7-59af-45f3-b86b-efdcab7b8137/datanode-2/data/ratis/5810f2a7-6b56-41b1-9180-d93f7e33effd for RaftStorage:Storage Directory /workdir/hadoop-ozone/integration-test/target/test-dir/MiniOzoneClusterImpl-2d326fd7-59af-45f3-b86b-efdcab7b8137/datanode-2/data/ratis/5810f2a7-6b56-41b1-9180-d93f7e33effd
2019-09-18 16:23:54,805 [pool-148-thread-1] INFO  server.RaftServerConfigKeys (ConfUtils.java:logGet(43)) - raft.server.log.queue.byte-limit = 2147483647 (custom)
2019-09-18 16:23:54,806 [pool-148-thread-1] INFO  server.RaftServerConfigKeys (ConfUtils.java:logGet(43)) - raft.server.log.queue.element-limit = 1024 (custom)
2019-09-18 16:23:54,806 [pool-148-thread-1] INFO  server.RaftServerConfigKeys (ConfUtils.java:logGet(43)) - raft.server.log.segment.size.max = 1048576 (custom)
2019-09-18 16:23:54,806 [pool-148-thread-1] INFO  server.RaftServerConfigKeys (ConfUtils.java:logGet(43)) - raft.server.log.preallocated.size = 16384 (custom)
2019-09-18 16:23:54,806 [pool-148-thread-1] INFO  server.RaftServerConfigKeys (ConfUtils.java:logGet(43)) - raft.server.log.write.buffer.size = 33554432 (custom)
2019-09-18 16:23:54,806 [pool-148-thread-1] INFO  server.RaftServerConfigKeys (ConfUtils.java:logGet(43)) - raft.server.log.force.sync.num = 128 (default)
2019-09-18 16:23:54,807 [pool-148-thread-1] INFO  server.RaftServerConfigKeys (ConfUtils.java:logGet(43)) - raft.server.log.statemachine.data.sync = true (default)
2019-09-18 16:23:54,807 [pool-148-thread-1] INFO  server.RaftServerConfigKeys (ConfUtils.java:logGet(43)) - raft.server.log.statemachine.data.sync.timeout = 10s (default)
2019-09-18 16:23:54,807 [pool-148-thread-1] INFO  server.RaftServerConfigKeys (ConfUtils.java:logGet(43)) - raft.server.log.statemachine.data.sync.timeout.retry = -1 (default)
2019-09-18 16:23:54,807 [pool-148-thread-1] INFO  server.RaftServerConfigKeys (ConfUtils.java:logGet(43)) - raft.server.log.statemachine.data.caching.enabled = true (custom)
2019-09-18 16:23:54,808 [pool-148-thread-1] INFO  segmented.SegmentedRaftLogWorker (SegmentedRaftLogWorker.java:lambda$new$0(132)) - 2e09149d-5559-4fea-b716-0eb93f2cac4a-SegmentedRaftLogWorker:Storage Directory /workdir/hadoop-ozone/integration-test/target/test-dir/MiniOzoneClusterImpl-2d326fd7-59af-45f3-b86b-efdcab7b8137/datanode-2/data/ratis/5810f2a7-6b56-41b1-9180-d93f7e33effd: flushIndex: setUnconditionally 0 -> -1
2019-09-18 16:23:54,808 [pool-148-thread-1] INFO  server.RaftServerConfigKeys (ConfUtils.java:logGet(43)) - raft.server.snapshot.auto.trigger.enabled = true (custom)
2019-09-18 16:23:54,808 [pool-148-thread-1] INFO  server.RaftServerConfigKeys (ConfUtils.java:logGet(43)) - raft.server.snapshot.auto.trigger.threshold = 10000 (custom)
2019-09-18 16:23:54,808 [pool-148-thread-1] INFO  server.RaftServerConfigKeys (ConfUtils.java:logGet(43)) - raft.server.retrycache.expirytime = 600000ms (custom)
2019-09-18 16:23:54,809 [pool-148-thread-1] INFO  impl.RaftServerImpl (RaftServerImpl.java:start(180)) - 2e09149d-5559-4fea-b716-0eb93f2cac4a: start group-D93F7E33EFFD
2019-09-18 16:23:54,809 [pool-148-thread-1] INFO  impl.RaftServerImpl (RaftServerImpl.java:setRole(171)) - 2e09149d-5559-4fea-b716-0eb93f2cac4a:group-D93F7E33EFFD changes role from null to FOLLOWER at term 0 for startAsFollower
2019-09-18 16:23:54,809 [pool-148-thread-1] INFO  impl.RoleInfo (RoleInfo.java:updateAndGet(143)) - 2e09149d-5559-4fea-b716-0eb93f2cac4a: start FollowerState
2019-09-18 16:23:54,809 [pool-148-thread-1] INFO  util.JmxRegister (JmxRegister.java:tryRegister(44)) - Successfully registered JMX Bean with object name Ratis:service=RaftServer,group=group-D93F7E33EFFD,id=2e09149d-5559-4fea-b716-0eb93f2cac4a
2019-09-18 16:23:54,812 [Command processor thread] INFO  commandhandler.CreatePipelineCommandHandler (CreatePipelineCommandHandler.java:handle(112)) - Create Pipeline RATIS ONE #PipelineID=5810f2a7-6b56-41b1-9180-d93f7e33effd command succeed on datanode 2e09149d-5559-4fea-b716-0eb93f2cac4a.
2019-09-18 16:23:54,818 [grpc-default-executor-0] INFO  impl.RaftServerProxy (RaftServerProxy.java:addNew(89)) - 2e09149d-5559-4fea-b716-0eb93f2cac4a: addNew group-1A1F4B3A8F4F:[b61b0354-621b-4e20-a68d-2d53fecac27d:192.168.5.185:39516, 2e09149d-5559-4fea-b716-0eb93f2cac4a:192.168.5.185:43582, 891c1cf7-eb5d-4327-8423-159f04f60044:192.168.5.185:38376] returns group-1A1F4B3A8F4F:java.util.concurrent.CompletableFuture@5303ea0c[Not completed]
2019-09-18 16:23:54,820 [pool-148-thread-1] INFO  impl.RaftServerImpl (RaftServerImpl.java:<init>(93)) - 2e09149d-5559-4fea-b716-0eb93f2cac4a: new RaftServerImpl for group-1A1F4B3A8F4F:[b61b0354-621b-4e20-a68d-2d53fecac27d:192.168.5.185:39516, 2e09149d-5559-4fea-b716-0eb93f2cac4a:192.168.5.185:43582, 891c1cf7-eb5d-4327-8423-159f04f60044:192.168.5.185:38376] with ContainerStateMachine:uninitialized
2019-09-18 16:23:54,820 [pool-148-thread-1] INFO  server.RaftServerConfigKeys (ConfUtils.java:logGet(43)) - raft.server.rpc.timeout.min = 5s (custom)
2019-09-18 16:23:54,820 [pool-148-thread-1] INFO  server.RaftServerConfigKeys (ConfUtils.java:logGet(43)) - raft.server.rpc.timeout.max = 5200ms (custom)
2019-09-18 16:23:54,820 [pool-148-thread-1] INFO  server.RaftServerConfigKeys (ConfUtils.java:logGet(43)) - raft.server.rpcslowness.timeout = 120s (custom)
2019-09-18 16:23:54,820 [pool-148-thread-1] INFO  server.RaftServerConfigKeys (ConfUtils.java:logGet(43)) - raft.server.sleep.deviation.threshold = 300 (default)
2019-09-18 16:23:54,820 [pool-148-thread-1] INFO  server.RaftServerConfigKeys (ConfUtils.java:logGet(43)) - raft.server.log.appender.install.snapshot.enabled = false (custom)
2019-09-18 16:23:54,821 [pool-148-thread-1] INFO  impl.RaftServerImpl (ServerState.java:<init>(105)) - 2e09149d-5559-4fea-b716-0eb93f2cac4a:group-1A1F4B3A8F4F ConfigurationManager, init=-1: [b61b0354-621b-4e20-a68d-2d53fecac27d:192.168.5.185:39516, 2e09149d-5559-4fea-b716-0eb93f2cac4a:192.168.5.185:43582, 891c1cf7-eb5d-4327-8423-159f04f60044:192.168.5.185:38376], old=null, confs=<EMPTY_MAP>
2019-09-18 16:23:54,821 [pool-148-thread-1] INFO  server.RaftServerConfigKeys (ConfUtils.java:logGet(43)) - raft.server.storage.dir = [/workdir/hadoop-ozone/integration-test/target/test-dir/MiniOzoneClusterImpl-2d326fd7-59af-45f3-b86b-efdcab7b8137/datanode-2/data/ratis] (custom)
2019-09-18 16:23:54,821 [pool-148-thread-1] INFO  storage.RaftStorageDirectory (RaftStorageDirectory.java:analyzeStorage(246)) - The storage directory /workdir/hadoop-ozone/integration-test/target/test-dir/MiniOzoneClusterImpl-2d326fd7-59af-45f3-b86b-efdcab7b8137/datanode-2/data/ratis/e65f8abc-e731-4264-aeea-1a1f4b3a8f4f does not exist. Creating ...
2019-09-18 16:23:54,837 [pool-148-thread-1] INFO  storage.RaftStorageDirectory (RaftStorageDirectory.java:tryLock(328)) - Lock on /workdir/hadoop-ozone/integration-test/target/test-dir/MiniOzoneClusterImpl-2d326fd7-59af-45f3-b86b-efdcab7b8137/datanode-2/data/ratis/e65f8abc-e731-4264-aeea-1a1f4b3a8f4f/in_use.lock acquired by nodename 19183@pr-hdds-2034-lb7qt-2171347232
2019-09-18 16:23:54,855 [pool-148-thread-1] INFO  storage.RaftStorage (RaftStorage.java:format(72)) - Storage directory /workdir/hadoop-ozone/integration-test/target/test-dir/MiniOzoneClusterImpl-2d326fd7-59af-45f3-b86b-efdcab7b8137/datanode-2/data/ratis/e65f8abc-e731-4264-aeea-1a1f4b3a8f4f has been successfully formatted.
2019-09-18 16:23:54,855 [pool-148-thread-1] INFO  ratis.ContainerStateMachine (ContainerStateMachine.java:loadSnapshot(226)) - group-1A1F4B3A8F4F: The snapshot info is null. Setting the last applied indexto:(t:0, i:~)
2019-09-18 16:23:54,855 [pool-148-thread-1] INFO  server.RaftServerConfigKeys (ConfUtils.java:logGet(43)) - raft.server.leader.election.timeout = 120s (custom)
2019-09-18 16:23:54,856 [pool-148-thread-1] INFO  server.RaftServerConfigKeys (ConfUtils.java:logGet(43)) - raft.server.log.use.memory = false (default)
2019-09-18 16:23:54,856 [pool-148-thread-1] INFO  server.RaftServerConfigKeys (ConfUtils.java:logGet(43)) - raft.server.log.purge.gap = 1000000 (custom)
2019-09-18 16:23:54,856 [pool-148-thread-1] INFO  server.RaftServerConfigKeys (ConfUtils.java:logGet(43)) - raft.server.log.appender.buffer.byte-limit = 33554432 (custom)
2019-09-18 16:23:54,856 [pool-148-thread-1] INFO  server.RaftServerConfigKeys (ConfUtils.java:logGet(43)) - raft.server.log.segment.size.max = 1048576 (custom)
2019-09-18 16:23:54,856 [pool-148-thread-1] INFO  server.RaftServerConfigKeys (ConfUtils.java:logGet(43)) - raft.server.log.segment.cache.num.max = 2 (custom)
2019-09-18 16:23:54,857 [pool-148-thread-1] INFO  segmented.SegmentedRaftLogWorker (SegmentedRaftLogWorker.java:<init>(172)) - new 2e09149d-5559-4fea-b716-0eb93f2cac4a-SegmentedRaftLogWorker:Storage Directory /workdir/hadoop-ozone/integration-test/target/test-dir/MiniOzoneClusterImpl-2d326fd7-59af-45f3-b86b-efdcab7b8137/datanode-2/data/ratis/e65f8abc-e731-4264-aeea-1a1f4b3a8f4f for RaftStorage:Storage Directory /workdir/hadoop-ozone/integration-test/target/test-dir/MiniOzoneClusterImpl-2d326fd7-59af-45f3-b86b-efdcab7b8137/datanode-2/data/ratis/e65f8abc-e731-4264-aeea-1a1f4b3a8f4f
2019-09-18 16:23:54,857 [pool-148-thread-1] INFO  server.RaftServerConfigKeys (ConfUtils.java:logGet(43)) - raft.server.log.queue.byte-limit = 2147483647 (custom)
2019-09-18 16:23:54,857 [pool-148-thread-1] INFO  server.RaftServerConfigKeys (ConfUtils.java:logGet(43)) - raft.server.log.queue.element-limit = 1024 (custom)
2019-09-18 16:23:54,857 [pool-148-thread-1] INFO  server.RaftServerConfigKeys (ConfUtils.java:logGet(43)) - raft.server.log.segment.size.max = 1048576 (custom)
2019-09-18 16:23:54,857 [pool-148-thread-1] INFO  server.RaftServerConfigKeys (ConfUtils.java:logGet(43)) - raft.server.log.preallocated.size = 16384 (custom)
2019-09-18 16:23:54,858 [pool-148-thread-1] INFO  server.RaftServerConfigKeys (ConfUtils.java:logGet(43)) - raft.server.log.write.buffer.size = 33554432 (custom)
2019-09-18 16:23:54,858 [pool-148-thread-1] INFO  server.RaftServerConfigKeys (ConfUtils.java:logGet(43)) - raft.server.log.force.sync.num = 128 (default)
2019-09-18 16:23:54,858 [pool-148-thread-1] INFO  server.RaftServerConfigKeys (ConfUtils.java:logGet(43)) - raft.server.log.statemachine.data.sync = true (default)
2019-09-18 16:23:54,858 [pool-148-thread-1] INFO  server.RaftServerConfigKeys (ConfUtils.java:logGet(43)) - raft.server.log.statemachine.data.sync.timeout = 10s (default)
2019-09-18 16:23:54,858 [pool-148-thread-1] INFO  server.RaftServerConfigKeys (ConfUtils.java:logGet(43)) - raft.server.log.statemachine.data.sync.timeout.retry = -1 (default)
2019-09-18 16:23:54,858 [pool-148-thread-1] INFO  server.RaftServerConfigKeys (ConfUtils.java:logGet(43)) - raft.server.log.statemachine.data.caching.enabled = true (custom)
2019-09-18 16:23:54,859 [pool-148-thread-1] INFO  segmented.SegmentedRaftLogWorker (SegmentedRaftLogWorker.java:lambda$new$0(132)) - 2e09149d-5559-4fea-b716-0eb93f2cac4a-SegmentedRaftLogWorker:Storage Directory /workdir/hadoop-ozone/integration-test/target/test-dir/MiniOzoneClusterImpl-2d326fd7-59af-45f3-b86b-efdcab7b8137/datanode-2/data/ratis/e65f8abc-e731-4264-aeea-1a1f4b3a8f4f: flushIndex: setUnconditionally 0 -> -1
2019-09-18 16:23:54,859 [pool-148-thread-1] INFO  server.RaftServerConfigKeys (ConfUtils.java:logGet(43)) - raft.server.snapshot.auto.trigger.enabled = true (custom)
2019-09-18 16:23:54,859 [pool-148-thread-1] INFO  server.RaftServerConfigKeys (ConfUtils.java:logGet(43)) - raft.server.snapshot.auto.trigger.threshold = 10000 (custom)
2019-09-18 16:23:54,860 [pool-148-thread-1] INFO  server.RaftServerConfigKeys (ConfUtils.java:logGet(43)) - raft.server.retrycache.expirytime = 600000ms (custom)
2019-09-18 16:23:54,860 [pool-148-thread-1] INFO  impl.RaftServerImpl (RaftServerImpl.java:start(180)) - 2e09149d-5559-4fea-b716-0eb93f2cac4a: start group-1A1F4B3A8F4F
2019-09-18 16:23:54,860 [pool-148-thread-1] INFO  impl.RaftServerImpl (RaftServerImpl.java:setRole(171)) - 2e09149d-5559-4fea-b716-0eb93f2cac4a:group-1A1F4B3A8F4F changes role from null to FOLLOWER at term 0 for startAsFollower
2019-09-18 16:23:54,860 [pool-148-thread-1] INFO  impl.RoleInfo (RoleInfo.java:updateAndGet(143)) - 2e09149d-5559-4fea-b716-0eb93f2cac4a: start FollowerState
2019-09-18 16:23:54,861 [pool-148-thread-1] INFO  util.JmxRegister (JmxRegister.java:tryRegister(44)) - Successfully registered JMX Bean with object name Ratis:service=RaftServer,group=group-1A1F4B3A8F4F,id=2e09149d-5559-4fea-b716-0eb93f2cac4a
2019-09-18 16:23:54,864 [Command processor thread] INFO  commandhandler.CreatePipelineCommandHandler (CreatePipelineCommandHandler.java:handle(112)) - Create Pipeline RATIS THREE #PipelineID=e65f8abc-e731-4264-aeea-1a1f4b3a8f4f command succeed on datanode 2e09149d-5559-4fea-b716-0eb93f2cac4a.
2019-09-18 16:23:55,143 | INFO  | SCMAudit | user=jenkins1000 | ip=192.168.5.185 | op=SEND_HEARTBEAT {datanodeUUID=8884bba7-3460-4b10-8d54-dd5499715d80, command=[]} | ret=SUCCESS |  
2019-09-18 16:23:55,154 [grpc-default-executor-0] INFO  impl.RaftServerProxy (RaftServerProxy.java:addNew(89)) - 8884bba7-3460-4b10-8d54-dd5499715d80: addNew group-E03C033DA6AE:[8884bba7-3460-4b10-8d54-dd5499715d80:192.168.5.185:35786] returns group-E03C033DA6AE:java.util.concurrent.CompletableFuture@6d14a458[Not completed]
2019-09-18 16:23:55,161 [pool-159-thread-1] INFO  impl.RaftServerImpl (RaftServerImpl.java:<init>(93)) - 8884bba7-3460-4b10-8d54-dd5499715d80: new RaftServerImpl for group-E03C033DA6AE:[8884bba7-3460-4b10-8d54-dd5499715d80:192.168.5.185:35786] with ContainerStateMachine:uninitialized
2019-09-18 16:23:55,161 [pool-159-thread-1] INFO  server.RaftServerConfigKeys (ConfUtils.java:logGet(43)) - raft.server.rpc.timeout.min = 5s (custom)
2019-09-18 16:23:55,162 [pool-159-thread-1] INFO  server.RaftServerConfigKeys (ConfUtils.java:logGet(43)) - raft.server.rpc.timeout.max = 5200ms (custom)
2019-09-18 16:23:55,162 [pool-159-thread-1] INFO  server.RaftServerConfigKeys (ConfUtils.java:logGet(43)) - raft.server.rpcslowness.timeout = 120s (custom)
2019-09-18 16:23:55,162 [pool-159-thread-1] INFO  server.RaftServerConfigKeys (ConfUtils.java:logGet(43)) - raft.server.sleep.deviation.threshold = 300 (default)
2019-09-18 16:23:55,162 [pool-159-thread-1] INFO  server.RaftServerConfigKeys (ConfUtils.java:logGet(43)) - raft.server.log.appender.install.snapshot.enabled = false (custom)
2019-09-18 16:23:55,162 [pool-159-thread-1] INFO  impl.RaftServerImpl (ServerState.java:<init>(105)) - 8884bba7-3460-4b10-8d54-dd5499715d80:group-E03C033DA6AE ConfigurationManager, init=-1: [8884bba7-3460-4b10-8d54-dd5499715d80:192.168.5.185:35786], old=null, confs=<EMPTY_MAP>
2019-09-18 16:23:55,163 [pool-159-thread-1] INFO  server.RaftServerConfigKeys (ConfUtils.java:logGet(43)) - raft.server.storage.dir = [/workdir/hadoop-ozone/integration-test/target/test-dir/MiniOzoneClusterImpl-2d326fd7-59af-45f3-b86b-efdcab7b8137/datanode-3/data/ratis] (custom)
2019-09-18 16:23:55,163 [pool-159-thread-1] INFO  storage.RaftStorageDirectory (RaftStorageDirectory.java:analyzeStorage(246)) - The storage directory /workdir/hadoop-ozone/integration-test/target/test-dir/MiniOzoneClusterImpl-2d326fd7-59af-45f3-b86b-efdcab7b8137/datanode-3/data/ratis/97b77e94-b28f-4788-bd5f-e03c033da6ae does not exist. Creating ...
2019-09-18 16:23:55,180 [pool-159-thread-1] INFO  storage.RaftStorageDirectory (RaftStorageDirectory.java:tryLock(328)) - Lock on /workdir/hadoop-ozone/integration-test/target/test-dir/MiniOzoneClusterImpl-2d326fd7-59af-45f3-b86b-efdcab7b8137/datanode-3/data/ratis/97b77e94-b28f-4788-bd5f-e03c033da6ae/in_use.lock acquired by nodename 19183@pr-hdds-2034-lb7qt-2171347232
2019-09-18 16:23:55,197 [pool-159-thread-1] INFO  storage.RaftStorage (RaftStorage.java:format(72)) - Storage directory /workdir/hadoop-ozone/integration-test/target/test-dir/MiniOzoneClusterImpl-2d326fd7-59af-45f3-b86b-efdcab7b8137/datanode-3/data/ratis/97b77e94-b28f-4788-bd5f-e03c033da6ae has been successfully formatted.
2019-09-18 16:23:55,197 [pool-159-thread-1] INFO  ratis.ContainerStateMachine (ContainerStateMachine.java:loadSnapshot(226)) - group-E03C033DA6AE: The snapshot info is null. Setting the last applied indexto:(t:0, i:~)
2019-09-18 16:23:55,197 [pool-159-thread-1] INFO  server.RaftServerConfigKeys (ConfUtils.java:logGet(43)) - raft.server.leader.election.timeout = 120s (custom)
2019-09-18 16:23:55,198 [pool-159-thread-1] INFO  server.RaftServerConfigKeys (ConfUtils.java:logGet(43)) - raft.server.log.use.memory = false (default)
2019-09-18 16:23:55,198 [pool-159-thread-1] INFO  server.RaftServerConfigKeys (ConfUtils.java:logGet(43)) - raft.server.log.purge.gap = 1000000 (custom)
2019-09-18 16:23:55,198 [pool-159-thread-1] INFO  server.RaftServerConfigKeys (ConfUtils.java:logGet(43)) - raft.server.log.appender.buffer.byte-limit = 33554432 (custom)
2019-09-18 16:23:55,198 [pool-159-thread-1] INFO  server.RaftServerConfigKeys (ConfUtils.java:logGet(43)) - raft.server.log.segment.size.max = 1048576 (custom)
2019-09-18 16:23:55,199 [pool-159-thread-1] INFO  server.RaftServerConfigKeys (ConfUtils.java:logGet(43)) - raft.server.log.segment.cache.num.max = 2 (custom)
2019-09-18 16:23:55,199 [pool-159-thread-1] INFO  segmented.SegmentedRaftLogWorker (SegmentedRaftLogWorker.java:<init>(172)) - new 8884bba7-3460-4b10-8d54-dd5499715d80-SegmentedRaftLogWorker:Storage Directory /workdir/hadoop-ozone/integration-test/target/test-dir/MiniOzoneClusterImpl-2d326fd7-59af-45f3-b86b-efdcab7b8137/datanode-3/data/ratis/97b77e94-b28f-4788-bd5f-e03c033da6ae for RaftStorage:Storage Directory /workdir/hadoop-ozone/integration-test/target/test-dir/MiniOzoneClusterImpl-2d326fd7-59af-45f3-b86b-efdcab7b8137/datanode-3/data/ratis/97b77e94-b28f-4788-bd5f-e03c033da6ae
2019-09-18 16:23:55,199 [pool-159-thread-1] INFO  server.RaftServerConfigKeys (ConfUtils.java:logGet(43)) - raft.server.log.queue.byte-limit = 2147483647 (custom)
2019-09-18 16:23:55,199 [pool-159-thread-1] INFO  server.RaftServerConfigKeys (ConfUtils.java:logGet(43)) - raft.server.log.queue.element-limit = 1024 (custom)
2019-09-18 16:23:55,200 [pool-159-thread-1] INFO  server.RaftServerConfigKeys (ConfUtils.java:logGet(43)) - raft.server.log.segment.size.max = 1048576 (custom)
2019-09-18 16:23:55,200 [pool-159-thread-1] INFO  server.RaftServerConfigKeys (ConfUtils.java:logGet(43)) - raft.server.log.preallocated.size = 16384 (custom)
2019-09-18 16:23:55,200 [pool-159-thread-1] INFO  server.RaftServerConfigKeys (ConfUtils.java:logGet(43)) - raft.server.log.write.buffer.size = 33554432 (custom)
2019-09-18 16:23:55,200 [pool-159-thread-1] INFO  server.RaftServerConfigKeys (ConfUtils.java:logGet(43)) - raft.server.log.force.sync.num = 128 (default)
2019-09-18 16:23:55,200 [pool-159-thread-1] INFO  server.RaftServerConfigKeys (ConfUtils.java:logGet(43)) - raft.server.log.statemachine.data.sync = true (default)
2019-09-18 16:23:55,201 [pool-159-thread-1] INFO  server.RaftServerConfigKeys (ConfUtils.java:logGet(43)) - raft.server.log.statemachine.data.sync.timeout = 10s (default)
2019-09-18 16:23:55,201 [pool-159-thread-1] INFO  server.RaftServerConfigKeys (ConfUtils.java:logGet(43)) - raft.server.log.statemachine.data.sync.timeout.retry = -1 (default)
2019-09-18 16:23:55,201 [pool-159-thread-1] INFO  server.RaftServerConfigKeys (ConfUtils.java:logGet(43)) - raft.server.log.statemachine.data.caching.enabled = true (custom)
2019-09-18 16:23:55,202 [pool-159-thread-1] INFO  segmented.SegmentedRaftLogWorker (SegmentedRaftLogWorker.java:lambda$new$0(132)) - 8884bba7-3460-4b10-8d54-dd5499715d80-SegmentedRaftLogWorker:Storage Directory /workdir/hadoop-ozone/integration-test/target/test-dir/MiniOzoneClusterImpl-2d326fd7-59af-45f3-b86b-efdcab7b8137/datanode-3/data/ratis/97b77e94-b28f-4788-bd5f-e03c033da6ae: flushIndex: setUnconditionally 0 -> -1
2019-09-18 16:23:55,202 [pool-159-thread-1] INFO  server.RaftServerConfigKeys (ConfUtils.java:logGet(43)) - raft.server.snapshot.auto.trigger.enabled = true (custom)
2019-09-18 16:23:55,202 [pool-159-thread-1] INFO  server.RaftServerConfigKeys (ConfUtils.java:logGet(43)) - raft.server.snapshot.auto.trigger.threshold = 10000 (custom)
2019-09-18 16:23:55,203 [pool-159-thread-1] INFO  server.RaftServerConfigKeys (ConfUtils.java:logGet(43)) - raft.server.retrycache.expirytime = 600000ms (custom)
2019-09-18 16:23:55,203 [pool-159-thread-1] INFO  impl.RaftServerImpl (RaftServerImpl.java:start(180)) - 8884bba7-3460-4b10-8d54-dd5499715d80: start group-E03C033DA6AE
2019-09-18 16:23:55,203 [pool-159-thread-1] INFO  impl.RaftServerImpl (RaftServerImpl.java:setRole(171)) - 8884bba7-3460-4b10-8d54-dd5499715d80:group-E03C033DA6AE changes role from null to FOLLOWER at term 0 for startAsFollower
2019-09-18 16:23:55,203 [pool-159-thread-1] INFO  impl.RoleInfo (RoleInfo.java:updateAndGet(143)) - 8884bba7-3460-4b10-8d54-dd5499715d80: start FollowerState
2019-09-18 16:23:55,204 [pool-159-thread-1] INFO  util.JmxRegister (JmxRegister.java:tryRegister(44)) - Successfully registered JMX Bean with object name Ratis:service=RaftServer,group=group-E03C033DA6AE,id=8884bba7-3460-4b10-8d54-dd5499715d80
2019-09-18 16:23:55,209 [Command processor thread] INFO  commandhandler.CreatePipelineCommandHandler (CreatePipelineCommandHandler.java:handle(112)) - Create Pipeline RATIS ONE #PipelineID=97b77e94-b28f-4788-bd5f-e03c033da6ae command succeed on datanode 8884bba7-3460-4b10-8d54-dd5499715d80.
2019-09-18 16:23:55,216 [grpc-default-executor-0] INFO  impl.RaftServerProxy (RaftServerProxy.java:addNew(89)) - 8884bba7-3460-4b10-8d54-dd5499715d80: addNew group-6A4DEB0FBF45:[8884bba7-3460-4b10-8d54-dd5499715d80:192.168.5.185:35786, bbe12df8-c2f1-49e2-8ab8-c8f9f8b834ae:192.168.5.185:39796, 8986536d-5b7d-4e16-8929-1d1bb41ad668:192.168.5.185:41338] returns group-6A4DEB0FBF45:java.util.concurrent.CompletableFuture@1170283a[Not completed]
2019-09-18 16:23:55,219 [pool-159-thread-1] INFO  impl.RaftServerImpl (RaftServerImpl.java:<init>(93)) - 8884bba7-3460-4b10-8d54-dd5499715d80: new RaftServerImpl for group-6A4DEB0FBF45:[8884bba7-3460-4b10-8d54-dd5499715d80:192.168.5.185:35786, bbe12df8-c2f1-49e2-8ab8-c8f9f8b834ae:192.168.5.185:39796, 8986536d-5b7d-4e16-8929-1d1bb41ad668:192.168.5.185:41338] with ContainerStateMachine:uninitialized
2019-09-18 16:23:55,219 [pool-159-thread-1] INFO  server.RaftServerConfigKeys (ConfUtils.java:logGet(43)) - raft.server.rpc.timeout.min = 5s (custom)
2019-09-18 16:23:55,219 [pool-159-thread-1] INFO  server.RaftServerConfigKeys (ConfUtils.java:logGet(43)) - raft.server.rpc.timeout.max = 5200ms (custom)
2019-09-18 16:23:55,219 [pool-159-thread-1] INFO  server.RaftServerConfigKeys (ConfUtils.java:logGet(43)) - raft.server.rpcslowness.timeout = 120s (custom)
2019-09-18 16:23:55,220 [pool-159-thread-1] INFO  server.RaftServerConfigKeys (ConfUtils.java:logGet(43)) - raft.server.sleep.deviation.threshold = 300 (default)
2019-09-18 16:23:55,220 [pool-159-thread-1] INFO  server.RaftServerConfigKeys (ConfUtils.java:logGet(43)) - raft.server.log.appender.install.snapshot.enabled = false (custom)
2019-09-18 16:23:55,220 [pool-159-thread-1] INFO  impl.RaftServerImpl (ServerState.java:<init>(105)) - 8884bba7-3460-4b10-8d54-dd5499715d80:group-6A4DEB0FBF45 ConfigurationManager, init=-1: [8884bba7-3460-4b10-8d54-dd5499715d80:192.168.5.185:35786, bbe12df8-c2f1-49e2-8ab8-c8f9f8b834ae:192.168.5.185:39796, 8986536d-5b7d-4e16-8929-1d1bb41ad668:192.168.5.185:41338], old=null, confs=<EMPTY_MAP>
2019-09-18 16:23:55,220 [pool-159-thread-1] INFO  server.RaftServerConfigKeys (ConfUtils.java:logGet(43)) - raft.server.storage.dir = [/workdir/hadoop-ozone/integration-test/target/test-dir/MiniOzoneClusterImpl-2d326fd7-59af-45f3-b86b-efdcab7b8137/datanode-3/data/ratis] (custom)
2019-09-18 16:23:55,221 [pool-159-thread-1] INFO  storage.RaftStorageDirectory (RaftStorageDirectory.java:analyzeStorage(246)) - The storage directory /workdir/hadoop-ozone/integration-test/target/test-dir/MiniOzoneClusterImpl-2d326fd7-59af-45f3-b86b-efdcab7b8137/datanode-3/data/ratis/a6acc001-c642-458b-86d7-6a4deb0fbf45 does not exist. Creating ...
2019-09-18 16:23:55,239 [pool-159-thread-1] INFO  storage.RaftStorageDirectory (RaftStorageDirectory.java:tryLock(328)) - Lock on /workdir/hadoop-ozone/integration-test/target/test-dir/MiniOzoneClusterImpl-2d326fd7-59af-45f3-b86b-efdcab7b8137/datanode-3/data/ratis/a6acc001-c642-458b-86d7-6a4deb0fbf45/in_use.lock acquired by nodename 19183@pr-hdds-2034-lb7qt-2171347232
2019-09-18 16:23:55,256 [pool-159-thread-1] INFO  storage.RaftStorage (RaftStorage.java:format(72)) - Storage directory /workdir/hadoop-ozone/integration-test/target/test-dir/MiniOzoneClusterImpl-2d326fd7-59af-45f3-b86b-efdcab7b8137/datanode-3/data/ratis/a6acc001-c642-458b-86d7-6a4deb0fbf45 has been successfully formatted.
2019-09-18 16:23:55,256 [pool-159-thread-1] INFO  ratis.ContainerStateMachine (ContainerStateMachine.java:loadSnapshot(226)) - group-6A4DEB0FBF45: The snapshot info is null. Setting the last applied indexto:(t:0, i:~)
2019-09-18 16:23:55,257 [pool-159-thread-1] INFO  server.RaftServerConfigKeys (ConfUtils.java:logGet(43)) - raft.server.leader.election.timeout = 120s (custom)
2019-09-18 16:23:55,257 [pool-159-thread-1] INFO  server.RaftServerConfigKeys (ConfUtils.java:logGet(43)) - raft.server.log.use.memory = false (default)
2019-09-18 16:23:55,257 [pool-159-thread-1] INFO  server.RaftServerConfigKeys (ConfUtils.java:logGet(43)) - raft.server.log.purge.gap = 1000000 (custom)
2019-09-18 16:23:55,257 [pool-159-thread-1] INFO  server.RaftServerConfigKeys (ConfUtils.java:logGet(43)) - raft.server.log.appender.buffer.byte-limit = 33554432 (custom)
2019-09-18 16:23:55,257 [pool-159-thread-1] INFO  server.RaftServerConfigKeys (ConfUtils.java:logGet(43)) - raft.server.log.segment.size.max = 1048576 (custom)
2019-09-18 16:23:55,258 [pool-159-thread-1] INFO  server.RaftServerConfigKeys (ConfUtils.java:logGet(43)) - raft.server.log.segment.cache.num.max = 2 (custom)
2019-09-18 16:23:55,258 [pool-159-thread-1] INFO  segmented.SegmentedRaftLogWorker (SegmentedRaftLogWorker.java:<init>(172)) - new 8884bba7-3460-4b10-8d54-dd5499715d80-SegmentedRaftLogWorker:Storage Directory /workdir/hadoop-ozone/integration-test/target/test-dir/MiniOzoneClusterImpl-2d326fd7-59af-45f3-b86b-efdcab7b8137/datanode-3/data/ratis/a6acc001-c642-458b-86d7-6a4deb0fbf45 for RaftStorage:Storage Directory /workdir/hadoop-ozone/integration-test/target/test-dir/MiniOzoneClusterImpl-2d326fd7-59af-45f3-b86b-efdcab7b8137/datanode-3/data/ratis/a6acc001-c642-458b-86d7-6a4deb0fbf45
2019-09-18 16:23:55,258 [pool-159-thread-1] INFO  server.RaftServerConfigKeys (ConfUtils.java:logGet(43)) - raft.server.log.queue.byte-limit = 2147483647 (custom)
2019-09-18 16:23:55,258 [pool-159-thread-1] INFO  server.RaftServerConfigKeys (ConfUtils.java:logGet(43)) - raft.server.log.queue.element-limit = 1024 (custom)
2019-09-18 16:23:55,258 [pool-159-thread-1] INFO  server.RaftServerConfigKeys (ConfUtils.java:logGet(43)) - raft.server.log.segment.size.max = 1048576 (custom)
2019-09-18 16:23:55,258 [pool-159-thread-1] INFO  server.RaftServerConfigKeys (ConfUtils.java:logGet(43)) - raft.server.log.preallocated.size = 16384 (custom)
2019-09-18 16:23:55,259 [pool-159-thread-1] INFO  server.RaftServerConfigKeys (ConfUtils.java:logGet(43)) - raft.server.log.write.buffer.size = 33554432 (custom)
2019-09-18 16:23:55,259 [pool-159-thread-1] INFO  server.RaftServerConfigKeys (ConfUtils.java:logGet(43)) - raft.server.log.force.sync.num = 128 (default)
2019-09-18 16:23:55,259 [pool-159-thread-1] INFO  server.RaftServerConfigKeys (ConfUtils.java:logGet(43)) - raft.server.log.statemachine.data.sync = true (default)
2019-09-18 16:23:55,259 [pool-159-thread-1] INFO  server.RaftServerConfigKeys (ConfUtils.java:logGet(43)) - raft.server.log.statemachine.data.sync.timeout = 10s (default)
2019-09-18 16:23:55,259 [pool-159-thread-1] INFO  server.RaftServerConfigKeys (ConfUtils.java:logGet(43)) - raft.server.log.statemachine.data.sync.timeout.retry = -1 (default)
2019-09-18 16:23:55,259 [pool-159-thread-1] INFO  server.RaftServerConfigKeys (ConfUtils.java:logGet(43)) - raft.server.log.statemachine.data.caching.enabled = true (custom)
2019-09-18 16:23:55,260 [pool-159-thread-1] INFO  segmented.SegmentedRaftLogWorker (SegmentedRaftLogWorker.java:lambda$new$0(132)) - 8884bba7-3460-4b10-8d54-dd5499715d80-SegmentedRaftLogWorker:Storage Directory /workdir/hadoop-ozone/integration-test/target/test-dir/MiniOzoneClusterImpl-2d326fd7-59af-45f3-b86b-efdcab7b8137/datanode-3/data/ratis/a6acc001-c642-458b-86d7-6a4deb0fbf45: flushIndex: setUnconditionally 0 -> -1
2019-09-18 16:23:55,260 [pool-159-thread-1] INFO  server.RaftServerConfigKeys (ConfUtils.java:logGet(43)) - raft.server.snapshot.auto.trigger.enabled = true (custom)
2019-09-18 16:23:55,260 [pool-159-thread-1] INFO  server.RaftServerConfigKeys (ConfUtils.java:logGet(43)) - raft.server.snapshot.auto.trigger.threshold = 10000 (custom)
2019-09-18 16:23:55,261 [pool-159-thread-1] INFO  server.RaftServerConfigKeys (ConfUtils.java:logGet(43)) - raft.server.retrycache.expirytime = 600000ms (custom)
2019-09-18 16:23:55,261 [pool-159-thread-1] INFO  impl.RaftServerImpl (RaftServerImpl.java:start(180)) - 8884bba7-3460-4b10-8d54-dd5499715d80: start group-6A4DEB0FBF45
2019-09-18 16:23:55,261 [pool-159-thread-1] INFO  impl.RaftServerImpl (RaftServerImpl.java:setRole(171)) - 8884bba7-3460-4b10-8d54-dd5499715d80:group-6A4DEB0FBF45 changes role from null to FOLLOWER at term 0 for startAsFollower
2019-09-18 16:23:55,261 [pool-159-thread-1] INFO  impl.RoleInfo (RoleInfo.java:updateAndGet(143)) - 8884bba7-3460-4b10-8d54-dd5499715d80: start FollowerState
2019-09-18 16:23:55,262 [pool-159-thread-1] INFO  util.JmxRegister (JmxRegister.java:tryRegister(44)) - Successfully registered JMX Bean with object name Ratis:service=RaftServer,group=group-6A4DEB0FBF45,id=8884bba7-3460-4b10-8d54-dd5499715d80
2019-09-18 16:23:55,264 [Command processor thread] INFO  commandhandler.CreatePipelineCommandHandler (CreatePipelineCommandHandler.java:handle(112)) - Create Pipeline RATIS THREE #PipelineID=a6acc001-c642-458b-86d7-6a4deb0fbf45 command succeed on datanode 8884bba7-3460-4b10-8d54-dd5499715d80.
2019-09-18 16:23:55,330 | INFO  | SCMAudit | user=jenkins1000 | ip=192.168.5.185 | op=SEND_HEARTBEAT {datanodeUUID=b61b0354-621b-4e20-a68d-2d53fecac27d, command=[]} | ret=SUCCESS |  
2019-09-18 16:23:55,333 [EventQueue-CreatePipelineStatusForSCMPipelineManager] INFO  pipeline.SCMPipelineManager (SCMPipelineManager.java:onMessage(469)) - receive pipeline PipelineID=e65f8abc-e731-4264-aeea-1a1f4b3a8f4f create status EXECUTED
2019-09-18 16:23:55,333 [EventQueue-CreatePipelineStatusForSCMPipelineManager] INFO  pipeline.PipelineStateManager (PipelineStateManager.java:openPipeline(134)) - Pipeline Pipeline[ Id: e65f8abc-e731-4264-aeea-1a1f4b3a8f4f, Nodes: b61b0354-621b-4e20-a68d-2d53fecac27d{ip: 192.168.5.185, host: pr-hdds-2034-lb7qt-2171347232, networkLocation: /default-rack, certSerialId: null}2e09149d-5559-4fea-b716-0eb93f2cac4a{ip: 192.168.5.185, host: pr-hdds-2034-lb7qt-2171347232, networkLocation: /default-rack, certSerialId: null}891c1cf7-eb5d-4327-8423-159f04f60044{ip: 192.168.5.185, host: pr-hdds-2034-lb7qt-2171347232, networkLocation: /default-rack, certSerialId: null}, Type:RATIS, Factor:THREE, State:ALLOCATED] moved to OPEN state
add pipeline PipelineID=e65f8abc-e731-4264-aeea-1a1f4b3a8f4f to metrics map
2019-09-18 16:23:55,334 [EventQueue-NewOpenPipelineForHealthyPipelineSafeModeRule] INFO  safemode.SCMSafeModeManager (HealthyPipelineSafeModeRule.java:process(120)) - SCM in safe mode. Healthy pipelines reported count is 1, required healthy pipeline reported count is 1
2019-09-18 16:23:55,334 [EventQueue-CreatePipelineStatusForSCMPipelineManager] INFO  pipeline.SCMPipelineManager (SCMPipelineManager.java:onMessage(469)) - receive pipeline PipelineID=6dc23056-2a69-4882-b998-df5f85221825 create status EXECUTED
2019-09-18 16:23:55,334 [EventQueue-NewOpenPipelineForHealthyPipelineSafeModeRule] INFO  safemode.SCMSafeModeManager (SCMSafeModeManager.java:validateSafeModeExitRules(177)) - ScmSafeModeManager, all rules are successfully validated
2019-09-18 16:23:55,335 [EventQueue-CreatePipelineStatusForSCMPipelineManager] INFO  pipeline.PipelineStateManager (PipelineStateManager.java:openPipeline(134)) - Pipeline Pipeline[ Id: 6dc23056-2a69-4882-b998-df5f85221825, Nodes: b61b0354-621b-4e20-a68d-2d53fecac27d{ip: 192.168.5.185, host: pr-hdds-2034-lb7qt-2171347232, networkLocation: /default-rack, certSerialId: null}, Type:RATIS, Factor:ONE, State:ALLOCATED] moved to OPEN state
add pipeline PipelineID=6dc23056-2a69-4882-b998-df5f85221825 to metrics map
2019-09-18 16:23:55,335 [EventQueue-NewOpenPipelineForHealthyPipelineSafeModeRule] INFO  safemode.SCMSafeModeManager (SCMSafeModeManager.java:exitSafeMode(193)) - SCM exiting safe mode.
2019-09-18 16:23:55,335 [EventQueue-NewOpenPipelineForOneReplicaPipelineSafeModeRule] INFO  safemode.SCMSafeModeManager (SCMSafeModeManager.java:validateSafeModeExitRules(177)) - ScmSafeModeManager, all rules are successfully validated
2019-09-18 16:23:55,336 [EventQueue-NewOpenPipelineForOneReplicaPipelineSafeModeRule] INFO  safemode.SCMSafeModeManager (SCMSafeModeManager.java:exitSafeMode(193)) - SCM exiting safe mode.
2019-09-18 16:23:55,343 | INFO  | SCMAudit | user=jenkins1000 | ip=192.168.5.185 | op=SEND_HEARTBEAT {datanodeUUID=8986536d-5b7d-4e16-8929-1d1bb41ad668, command=[]} | ret=SUCCESS |  
2019-09-18 16:23:55,346 [grpc-default-executor-0] INFO  impl.RaftServerProxy (RaftServerProxy.java:addNew(89)) - 8986536d-5b7d-4e16-8929-1d1bb41ad668: addNew group-186949E60EA4:[8986536d-5b7d-4e16-8929-1d1bb41ad668:192.168.5.185:41338] returns group-186949E60EA4:java.util.concurrent.CompletableFuture@49583e37[Not completed]
2019-09-18 16:23:55,352 [pool-170-thread-1] INFO  impl.RaftServerImpl (RaftServerImpl.java:<init>(93)) - 8986536d-5b7d-4e16-8929-1d1bb41ad668: new RaftServerImpl for group-186949E60EA4:[8986536d-5b7d-4e16-8929-1d1bb41ad668:192.168.5.185:41338] with ContainerStateMachine:uninitialized
2019-09-18 16:23:55,352 [pool-170-thread-1] INFO  server.RaftServerConfigKeys (ConfUtils.java:logGet(43)) - raft.server.rpc.timeout.min = 5s (custom)
2019-09-18 16:23:55,352 [pool-170-thread-1] INFO  server.RaftServerConfigKeys (ConfUtils.java:logGet(43)) - raft.server.rpc.timeout.max = 5200ms (custom)
2019-09-18 16:23:55,353 [pool-170-thread-1] INFO  server.RaftServerConfigKeys (ConfUtils.java:logGet(43)) - raft.server.rpcslowness.timeout = 120s (custom)
2019-09-18 16:23:55,353 [pool-170-thread-1] INFO  server.RaftServerConfigKeys (ConfUtils.java:logGet(43)) - raft.server.sleep.deviation.threshold = 300 (default)
2019-09-18 16:23:55,353 [pool-170-thread-1] INFO  server.RaftServerConfigKeys (ConfUtils.java:logGet(43)) - raft.server.log.appender.install.snapshot.enabled = false (custom)
2019-09-18 16:23:55,353 [pool-170-thread-1] INFO  impl.RaftServerImpl (ServerState.java:<init>(105)) - 8986536d-5b7d-4e16-8929-1d1bb41ad668:group-186949E60EA4 ConfigurationManager, init=-1: [8986536d-5b7d-4e16-8929-1d1bb41ad668:192.168.5.185:41338], old=null, confs=<EMPTY_MAP>
2019-09-18 16:23:55,353 [pool-170-thread-1] INFO  server.RaftServerConfigKeys (ConfUtils.java:logGet(43)) - raft.server.storage.dir = [/workdir/hadoop-ozone/integration-test/target/test-dir/MiniOzoneClusterImpl-2d326fd7-59af-45f3-b86b-efdcab7b8137/datanode-4/data/ratis] (custom)
2019-09-18 16:23:55,354 [pool-170-thread-1] INFO  storage.RaftStorageDirectory (RaftStorageDirectory.java:analyzeStorage(246)) - The storage directory /workdir/hadoop-ozone/integration-test/target/test-dir/MiniOzoneClusterImpl-2d326fd7-59af-45f3-b86b-efdcab7b8137/datanode-4/data/ratis/ffd98b12-c665-4ab8-ac8e-186949e60ea4 does not exist. Creating ...
2019-09-18 16:23:55,381 [pool-170-thread-1] INFO  storage.RaftStorageDirectory (RaftStorageDirectory.java:tryLock(328)) - Lock on /workdir/hadoop-ozone/integration-test/target/test-dir/MiniOzoneClusterImpl-2d326fd7-59af-45f3-b86b-efdcab7b8137/datanode-4/data/ratis/ffd98b12-c665-4ab8-ac8e-186949e60ea4/in_use.lock acquired by nodename 19183@pr-hdds-2034-lb7qt-2171347232
2019-09-18 16:23:55,398 [pool-170-thread-1] INFO  storage.RaftStorage (RaftStorage.java:format(72)) - Storage directory /workdir/hadoop-ozone/integration-test/target/test-dir/MiniOzoneClusterImpl-2d326fd7-59af-45f3-b86b-efdcab7b8137/datanode-4/data/ratis/ffd98b12-c665-4ab8-ac8e-186949e60ea4 has been successfully formatted.
2019-09-18 16:23:55,399 [pool-170-thread-1] INFO  ratis.ContainerStateMachine (ContainerStateMachine.java:loadSnapshot(226)) - group-186949E60EA4: The snapshot info is null. Setting the last applied indexto:(t:0, i:~)
2019-09-18 16:23:55,399 [pool-170-thread-1] INFO  server.RaftServerConfigKeys (ConfUtils.java:logGet(43)) - raft.server.leader.election.timeout = 120s (custom)
2019-09-18 16:23:55,399 [pool-170-thread-1] INFO  server.RaftServerConfigKeys (ConfUtils.java:logGet(43)) - raft.server.log.use.memory = false (default)
2019-09-18 16:23:55,399 [pool-170-thread-1] INFO  server.RaftServerConfigKeys (ConfUtils.java:logGet(43)) - raft.server.log.purge.gap = 1000000 (custom)
2019-09-18 16:23:55,399 [pool-170-thread-1] INFO  server.RaftServerConfigKeys (ConfUtils.java:logGet(43)) - raft.server.log.appender.buffer.byte-limit = 33554432 (custom)
2019-09-18 16:23:55,400 [pool-170-thread-1] INFO  server.RaftServerConfigKeys (ConfUtils.java:logGet(43)) - raft.server.log.segment.size.max = 1048576 (custom)
2019-09-18 16:23:55,400 [pool-170-thread-1] INFO  server.RaftServerConfigKeys (ConfUtils.java:logGet(43)) - raft.server.log.segment.cache.num.max = 2 (custom)
2019-09-18 16:23:55,400 [pool-170-thread-1] INFO  segmented.SegmentedRaftLogWorker (SegmentedRaftLogWorker.java:<init>(172)) - new 8986536d-5b7d-4e16-8929-1d1bb41ad668-SegmentedRaftLogWorker:Storage Directory /workdir/hadoop-ozone/integration-test/target/test-dir/MiniOzoneClusterImpl-2d326fd7-59af-45f3-b86b-efdcab7b8137/datanode-4/data/ratis/ffd98b12-c665-4ab8-ac8e-186949e60ea4 for RaftStorage:Storage Directory /workdir/hadoop-ozone/integration-test/target/test-dir/MiniOzoneClusterImpl-2d326fd7-59af-45f3-b86b-efdcab7b8137/datanode-4/data/ratis/ffd98b12-c665-4ab8-ac8e-186949e60ea4
2019-09-18 16:23:55,400 [pool-170-thread-1] INFO  server.RaftServerConfigKeys (ConfUtils.java:logGet(43)) - raft.server.log.queue.byte-limit = 2147483647 (custom)
2019-09-18 16:23:55,400 [pool-170-thread-1] INFO  server.RaftServerConfigKeys (ConfUtils.java:logGet(43)) - raft.server.log.queue.element-limit = 1024 (custom)
2019-09-18 16:23:55,401 [pool-170-thread-1] INFO  server.RaftServerConfigKeys (ConfUtils.java:logGet(43)) - raft.server.log.segment.size.max = 1048576 (custom)
2019-09-18 16:23:55,401 [pool-170-thread-1] INFO  server.RaftServerConfigKeys (ConfUtils.java:logGet(43)) - raft.server.log.preallocated.size = 16384 (custom)
2019-09-18 16:23:55,401 [pool-170-thread-1] INFO  server.RaftServerConfigKeys (ConfUtils.java:logGet(43)) - raft.server.log.write.buffer.size = 33554432 (custom)
2019-09-18 16:23:55,401 [pool-170-thread-1] INFO  server.RaftServerConfigKeys (ConfUtils.java:logGet(43)) - raft.server.log.force.sync.num = 128 (default)
2019-09-18 16:23:55,401 [pool-170-thread-1] INFO  server.RaftServerConfigKeys (ConfUtils.java:logGet(43)) - raft.server.log.statemachine.data.sync = true (default)
2019-09-18 16:23:55,401 [pool-170-thread-1] INFO  server.RaftServerConfigKeys (ConfUtils.java:logGet(43)) - raft.server.log.statemachine.data.sync.timeout = 10s (default)
2019-09-18 16:23:55,402 [pool-170-thread-1] INFO  server.RaftServerConfigKeys (ConfUtils.java:logGet(43)) - raft.server.log.statemachine.data.sync.timeout.retry = -1 (default)
2019-09-18 16:23:55,402 [pool-170-thread-1] INFO  server.RaftServerConfigKeys (ConfUtils.java:logGet(43)) - raft.server.log.statemachine.data.caching.enabled = true (custom)
2019-09-18 16:23:55,402 [pool-170-thread-1] INFO  segmented.SegmentedRaftLogWorker (SegmentedRaftLogWorker.java:lambda$new$0(132)) - 8986536d-5b7d-4e16-8929-1d1bb41ad668-SegmentedRaftLogWorker:Storage Directory /workdir/hadoop-ozone/integration-test/target/test-dir/MiniOzoneClusterImpl-2d326fd7-59af-45f3-b86b-efdcab7b8137/datanode-4/data/ratis/ffd98b12-c665-4ab8-ac8e-186949e60ea4: flushIndex: setUnconditionally 0 -> -1
2019-09-18 16:23:55,403 [pool-170-thread-1] INFO  server.RaftServerConfigKeys (ConfUtils.java:logGet(43)) - raft.server.snapshot.auto.trigger.enabled = true (custom)
2019-09-18 16:23:55,403 [pool-170-thread-1] INFO  server.RaftServerConfigKeys (ConfUtils.java:logGet(43)) - raft.server.snapshot.auto.trigger.threshold = 10000 (custom)
2019-09-18 16:23:55,403 [pool-170-thread-1] INFO  server.RaftServerConfigKeys (ConfUtils.java:logGet(43)) - raft.server.retrycache.expirytime = 600000ms (custom)
2019-09-18 16:23:55,403 [pool-170-thread-1] INFO  impl.RaftServerImpl (RaftServerImpl.java:start(180)) - 8986536d-5b7d-4e16-8929-1d1bb41ad668: start group-186949E60EA4
2019-09-18 16:23:55,403 [pool-170-thread-1] INFO  impl.RaftServerImpl (RaftServerImpl.java:setRole(171)) - 8986536d-5b7d-4e16-8929-1d1bb41ad668:group-186949E60EA4 changes role from null to FOLLOWER at term 0 for startAsFollower
2019-09-18 16:23:55,403 [pool-170-thread-1] INFO  impl.RoleInfo (RoleInfo.java:updateAndGet(143)) - 8986536d-5b7d-4e16-8929-1d1bb41ad668: start FollowerState
2019-09-18 16:23:55,404 [pool-170-thread-1] INFO  util.JmxRegister (JmxRegister.java:tryRegister(44)) - Successfully registered JMX Bean with object name Ratis:service=RaftServer,group=group-186949E60EA4,id=8986536d-5b7d-4e16-8929-1d1bb41ad668
2019-09-18 16:23:55,407 [Command processor thread] INFO  commandhandler.CreatePipelineCommandHandler (CreatePipelineCommandHandler.java:handle(112)) - Create Pipeline RATIS ONE #PipelineID=ffd98b12-c665-4ab8-ac8e-186949e60ea4 command succeed on datanode 8986536d-5b7d-4e16-8929-1d1bb41ad668.
2019-09-18 16:23:55,413 [grpc-default-executor-0] INFO  impl.RaftServerProxy (RaftServerProxy.java:addNew(89)) - 8986536d-5b7d-4e16-8929-1d1bb41ad668: addNew group-6A4DEB0FBF45:[8884bba7-3460-4b10-8d54-dd5499715d80:192.168.5.185:35786, bbe12df8-c2f1-49e2-8ab8-c8f9f8b834ae:192.168.5.185:39796, 8986536d-5b7d-4e16-8929-1d1bb41ad668:192.168.5.185:41338] returns group-6A4DEB0FBF45:java.util.concurrent.CompletableFuture@11ae3a4[Not completed]
2019-09-18 16:23:55,414 [pool-170-thread-1] INFO  impl.RaftServerImpl (RaftServerImpl.java:<init>(93)) - 8986536d-5b7d-4e16-8929-1d1bb41ad668: new RaftServerImpl for group-6A4DEB0FBF45:[8884bba7-3460-4b10-8d54-dd5499715d80:192.168.5.185:35786, bbe12df8-c2f1-49e2-8ab8-c8f9f8b834ae:192.168.5.185:39796, 8986536d-5b7d-4e16-8929-1d1bb41ad668:192.168.5.185:41338] with ContainerStateMachine:uninitialized
2019-09-18 16:23:55,415 [pool-170-thread-1] INFO  server.RaftServerConfigKeys (ConfUtils.java:logGet(43)) - raft.server.rpc.timeout.min = 5s (custom)
2019-09-18 16:23:55,415 [pool-170-thread-1] INFO  server.RaftServerConfigKeys (ConfUtils.java:logGet(43)) - raft.server.rpc.timeout.max = 5200ms (custom)
2019-09-18 16:23:55,415 [pool-170-thread-1] INFO  server.RaftServerConfigKeys (ConfUtils.java:logGet(43)) - raft.server.rpcslowness.timeout = 120s (custom)
2019-09-18 16:23:55,415 [pool-170-thread-1] INFO  server.RaftServerConfigKeys (ConfUtils.java:logGet(43)) - raft.server.sleep.deviation.threshold = 300 (default)
2019-09-18 16:23:55,415 [pool-170-thread-1] INFO  server.RaftServerConfigKeys (ConfUtils.java:logGet(43)) - raft.server.log.appender.install.snapshot.enabled = false (custom)
2019-09-18 16:23:55,415 [pool-170-thread-1] INFO  impl.RaftServerImpl (ServerState.java:<init>(105)) - 8986536d-5b7d-4e16-8929-1d1bb41ad668:group-6A4DEB0FBF45 ConfigurationManager, init=-1: [8884bba7-3460-4b10-8d54-dd5499715d80:192.168.5.185:35786, bbe12df8-c2f1-49e2-8ab8-c8f9f8b834ae:192.168.5.185:39796, 8986536d-5b7d-4e16-8929-1d1bb41ad668:192.168.5.185:41338], old=null, confs=<EMPTY_MAP>
2019-09-18 16:23:55,416 [pool-170-thread-1] INFO  server.RaftServerConfigKeys (ConfUtils.java:logGet(43)) - raft.server.storage.dir = [/workdir/hadoop-ozone/integration-test/target/test-dir/MiniOzoneClusterImpl-2d326fd7-59af-45f3-b86b-efdcab7b8137/datanode-4/data/ratis] (custom)
2019-09-18 16:23:55,416 [pool-170-thread-1] INFO  storage.RaftStorageDirectory (RaftStorageDirectory.java:analyzeStorage(246)) - The storage directory /workdir/hadoop-ozone/integration-test/target/test-dir/MiniOzoneClusterImpl-2d326fd7-59af-45f3-b86b-efdcab7b8137/datanode-4/data/ratis/a6acc001-c642-458b-86d7-6a4deb0fbf45 does not exist. Creating ...
2019-09-18 16:23:55,442 [pool-170-thread-1] INFO  storage.RaftStorageDirectory (RaftStorageDirectory.java:tryLock(328)) - Lock on /workdir/hadoop-ozone/integration-test/target/test-dir/MiniOzoneClusterImpl-2d326fd7-59af-45f3-b86b-efdcab7b8137/datanode-4/data/ratis/a6acc001-c642-458b-86d7-6a4deb0fbf45/in_use.lock acquired by nodename 19183@pr-hdds-2034-lb7qt-2171347232
2019-09-18 16:23:55,459 [pool-170-thread-1] INFO  storage.RaftStorage (RaftStorage.java:format(72)) - Storage directory /workdir/hadoop-ozone/integration-test/target/test-dir/MiniOzoneClusterImpl-2d326fd7-59af-45f3-b86b-efdcab7b8137/datanode-4/data/ratis/a6acc001-c642-458b-86d7-6a4deb0fbf45 has been successfully formatted.
2019-09-18 16:23:55,459 [pool-170-thread-1] INFO  ratis.ContainerStateMachine (ContainerStateMachine.java:loadSnapshot(226)) - group-6A4DEB0FBF45: The snapshot info is null. Setting the last applied indexto:(t:0, i:~)
2019-09-18 16:23:55,459 [pool-170-thread-1] INFO  server.RaftServerConfigKeys (ConfUtils.java:logGet(43)) - raft.server.leader.election.timeout = 120s (custom)
2019-09-18 16:23:55,459 [pool-170-thread-1] INFO  server.RaftServerConfigKeys (ConfUtils.java:logGet(43)) - raft.server.log.use.memory = false (default)
2019-09-18 16:23:55,459 [pool-170-thread-1] INFO  server.RaftServerConfigKeys (ConfUtils.java:logGet(43)) - raft.server.log.purge.gap = 1000000 (custom)
2019-09-18 16:23:55,460 [pool-170-thread-1] INFO  server.RaftServerConfigKeys (ConfUtils.java:logGet(43)) - raft.server.log.appender.buffer.byte-limit = 33554432 (custom)
2019-09-18 16:23:55,460 [pool-170-thread-1] INFO  server.RaftServerConfigKeys (ConfUtils.java:logGet(43)) - raft.server.log.segment.size.max = 1048576 (custom)
2019-09-18 16:23:55,460 [pool-170-thread-1] INFO  server.RaftServerConfigKeys (ConfUtils.java:logGet(43)) - raft.server.log.segment.cache.num.max = 2 (custom)
2019-09-18 16:23:55,460 [pool-170-thread-1] INFO  segmented.SegmentedRaftLogWorker (SegmentedRaftLogWorker.java:<init>(172)) - new 8986536d-5b7d-4e16-8929-1d1bb41ad668-SegmentedRaftLogWorker:Storage Directory /workdir/hadoop-ozone/integration-test/target/test-dir/MiniOzoneClusterImpl-2d326fd7-59af-45f3-b86b-efdcab7b8137/datanode-4/data/ratis/a6acc001-c642-458b-86d7-6a4deb0fbf45 for RaftStorage:Storage Directory /workdir/hadoop-ozone/integration-test/target/test-dir/MiniOzoneClusterImpl-2d326fd7-59af-45f3-b86b-efdcab7b8137/datanode-4/data/ratis/a6acc001-c642-458b-86d7-6a4deb0fbf45
2019-09-18 16:23:55,460 [pool-170-thread-1] INFO  server.RaftServerConfigKeys (ConfUtils.java:logGet(43)) - raft.server.log.queue.byte-limit = 2147483647 (custom)
2019-09-18 16:23:55,460 [pool-170-thread-1] INFO  server.RaftServerConfigKeys (ConfUtils.java:logGet(43)) - raft.server.log.queue.element-limit = 1024 (custom)
2019-09-18 16:23:55,461 [pool-170-thread-1] INFO  server.RaftServerConfigKeys (ConfUtils.java:logGet(43)) - raft.server.log.segment.size.max = 1048576 (custom)
2019-09-18 16:23:55,461 [pool-170-thread-1] INFO  server.RaftServerConfigKeys (ConfUtils.java:logGet(43)) - raft.server.log.preallocated.size = 16384 (custom)
2019-09-18 16:23:55,461 [pool-170-thread-1] INFO  server.RaftServerConfigKeys (ConfUtils.java:logGet(43)) - raft.server.log.write.buffer.size = 33554432 (custom)
2019-09-18 16:23:55,461 [pool-170-thread-1] INFO  server.RaftServerConfigKeys (ConfUtils.java:logGet(43)) - raft.server.log.force.sync.num = 128 (default)
2019-09-18 16:23:55,461 [pool-170-thread-1] INFO  server.RaftServerConfigKeys (ConfUtils.java:logGet(43)) - raft.server.log.statemachine.data.sync = true (default)
2019-09-18 16:23:55,461 [pool-170-thread-1] INFO  server.RaftServerConfigKeys (ConfUtils.java:logGet(43)) - raft.server.log.statemachine.data.sync.timeout = 10s (default)
2019-09-18 16:23:55,461 [pool-170-thread-1] INFO  server.RaftServerConfigKeys (ConfUtils.java:logGet(43)) - raft.server.log.statemachine.data.sync.timeout.retry = -1 (default)
2019-09-18 16:23:55,462 [pool-170-thread-1] INFO  server.RaftServerConfigKeys (ConfUtils.java:logGet(43)) - raft.server.log.statemachine.data.caching.enabled = true (custom)
2019-09-18 16:23:55,462 [pool-170-thread-1] INFO  segmented.SegmentedRaftLogWorker (SegmentedRaftLogWorker.java:lambda$new$0(132)) - 8986536d-5b7d-4e16-8929-1d1bb41ad668-SegmentedRaftLogWorker:Storage Directory /workdir/hadoop-ozone/integration-test/target/test-dir/MiniOzoneClusterImpl-2d326fd7-59af-45f3-b86b-efdcab7b8137/datanode-4/data/ratis/a6acc001-c642-458b-86d7-6a4deb0fbf45: flushIndex: setUnconditionally 0 -> -1
2019-09-18 16:23:55,462 [pool-170-thread-1] INFO  server.RaftServerConfigKeys (ConfUtils.java:logGet(43)) - raft.server.snapshot.auto.trigger.enabled = true (custom)
2019-09-18 16:23:55,462 [pool-170-thread-1] INFO  server.RaftServerConfigKeys (ConfUtils.java:logGet(43)) - raft.server.snapshot.auto.trigger.threshold = 10000 (custom)
2019-09-18 16:23:55,463 [pool-170-thread-1] INFO  server.RaftServerConfigKeys (ConfUtils.java:logGet(43)) - raft.server.retrycache.expirytime = 600000ms (custom)
2019-09-18 16:23:55,463 [pool-170-thread-1] INFO  impl.RaftServerImpl (RaftServerImpl.java:start(180)) - 8986536d-5b7d-4e16-8929-1d1bb41ad668: start group-6A4DEB0FBF45
2019-09-18 16:23:55,463 [pool-170-thread-1] INFO  impl.RaftServerImpl (RaftServerImpl.java:setRole(171)) - 8986536d-5b7d-4e16-8929-1d1bb41ad668:group-6A4DEB0FBF45 changes role from null to FOLLOWER at term 0 for startAsFollower
2019-09-18 16:23:55,463 [pool-170-thread-1] INFO  impl.RoleInfo (RoleInfo.java:updateAndGet(143)) - 8986536d-5b7d-4e16-8929-1d1bb41ad668: start FollowerState
2019-09-18 16:23:55,464 [pool-170-thread-1] INFO  util.JmxRegister (JmxRegister.java:tryRegister(44)) - Successfully registered JMX Bean with object name Ratis:service=RaftServer,group=group-6A4DEB0FBF45,id=8986536d-5b7d-4e16-8929-1d1bb41ad668
2019-09-18 16:23:55,466 [Command processor thread] INFO  commandhandler.CreatePipelineCommandHandler (CreatePipelineCommandHandler.java:handle(112)) - Create Pipeline RATIS THREE #PipelineID=a6acc001-c642-458b-86d7-6a4deb0fbf45 command succeed on datanode 8986536d-5b7d-4e16-8929-1d1bb41ad668.
2019-09-18 16:23:55,507 | INFO  | SCMAudit | user=jenkins1000 | ip=192.168.5.185 | op=SEND_HEARTBEAT {datanodeUUID=bbe12df8-c2f1-49e2-8ab8-c8f9f8b834ae, command=[]} | ret=SUCCESS |  
2019-09-18 16:23:55,517 [grpc-default-executor-0] INFO  impl.RaftServerProxy (RaftServerProxy.java:addNew(89)) - bbe12df8-c2f1-49e2-8ab8-c8f9f8b834ae: addNew group-D020D9522EEE:[bbe12df8-c2f1-49e2-8ab8-c8f9f8b834ae:192.168.5.185:39796] returns group-D020D9522EEE:java.util.concurrent.CompletableFuture@7d6fa39c[Not completed]
2019-09-18 16:23:55,525 [pool-181-thread-1] INFO  impl.RaftServerImpl (RaftServerImpl.java:<init>(93)) - bbe12df8-c2f1-49e2-8ab8-c8f9f8b834ae: new RaftServerImpl for group-D020D9522EEE:[bbe12df8-c2f1-49e2-8ab8-c8f9f8b834ae:192.168.5.185:39796] with ContainerStateMachine:uninitialized
2019-09-18 16:23:55,525 [pool-181-thread-1] INFO  server.RaftServerConfigKeys (ConfUtils.java:logGet(43)) - raft.server.rpc.timeout.min = 5s (custom)
2019-09-18 16:23:55,525 [pool-181-thread-1] INFO  server.RaftServerConfigKeys (ConfUtils.java:logGet(43)) - raft.server.rpc.timeout.max = 5200ms (custom)
2019-09-18 16:23:55,526 [pool-181-thread-1] INFO  server.RaftServerConfigKeys (ConfUtils.java:logGet(43)) - raft.server.rpcslowness.timeout = 120s (custom)
2019-09-18 16:23:55,526 [pool-181-thread-1] INFO  server.RaftServerConfigKeys (ConfUtils.java:logGet(43)) - raft.server.sleep.deviation.threshold = 300 (default)
2019-09-18 16:23:55,526 [pool-181-thread-1] INFO  server.RaftServerConfigKeys (ConfUtils.java:logGet(43)) - raft.server.log.appender.install.snapshot.enabled = false (custom)
2019-09-18 16:23:55,526 [pool-181-thread-1] INFO  impl.RaftServerImpl (ServerState.java:<init>(105)) - bbe12df8-c2f1-49e2-8ab8-c8f9f8b834ae:group-D020D9522EEE ConfigurationManager, init=-1: [bbe12df8-c2f1-49e2-8ab8-c8f9f8b834ae:192.168.5.185:39796], old=null, confs=<EMPTY_MAP>
2019-09-18 16:23:55,526 [pool-181-thread-1] INFO  server.RaftServerConfigKeys (ConfUtils.java:logGet(43)) - raft.server.storage.dir = [/workdir/hadoop-ozone/integration-test/target/test-dir/MiniOzoneClusterImpl-2d326fd7-59af-45f3-b86b-efdcab7b8137/datanode-5/data/ratis] (custom)
2019-09-18 16:23:55,527 [pool-181-thread-1] INFO  storage.RaftStorageDirectory (RaftStorageDirectory.java:analyzeStorage(246)) - The storage directory /workdir/hadoop-ozone/integration-test/target/test-dir/MiniOzoneClusterImpl-2d326fd7-59af-45f3-b86b-efdcab7b8137/datanode-5/data/ratis/952e488b-d2ed-4a53-9f49-d020d9522eee does not exist. Creating ...
2019-09-18 16:23:55,534 | INFO  | SCMAudit | user=jenkins1000 | ip=192.168.5.185 | op=SEND_HEARTBEAT {datanodeUUID=891c1cf7-eb5d-4327-8423-159f04f60044, command=[]} | ret=SUCCESS |  
2019-09-18 16:23:55,535 [EventQueue-CreatePipelineStatusForSCMPipelineManager] INFO  pipeline.SCMPipelineManager (SCMPipelineManager.java:onMessage(469)) - receive pipeline PipelineID=e65f8abc-e731-4264-aeea-1a1f4b3a8f4f create status EXECUTED
2019-09-18 16:23:55,535 [EventQueue-CreatePipelineStatusForSCMPipelineManager] INFO  pipeline.SCMPipelineManager (SCMPipelineManager.java:onMessage(469)) - receive pipeline PipelineID=a282391a-b7b5-46df-8500-e0ff56b8a51f create status EXECUTED
2019-09-18 16:23:55,535 [EventQueue-CreatePipelineStatusForSCMPipelineManager] INFO  pipeline.PipelineStateManager (PipelineStateManager.java:openPipeline(134)) - Pipeline Pipeline[ Id: a282391a-b7b5-46df-8500-e0ff56b8a51f, Nodes: 891c1cf7-eb5d-4327-8423-159f04f60044{ip: 192.168.5.185, host: pr-hdds-2034-lb7qt-2171347232, networkLocation: /default-rack, certSerialId: null}, Type:RATIS, Factor:ONE, State:ALLOCATED] moved to OPEN state
add pipeline PipelineID=a282391a-b7b5-46df-8500-e0ff56b8a51f to metrics map
2019-09-18 16:23:55,551 [pool-181-thread-1] INFO  storage.RaftStorageDirectory (RaftStorageDirectory.java:tryLock(328)) - Lock on /workdir/hadoop-ozone/integration-test/target/test-dir/MiniOzoneClusterImpl-2d326fd7-59af-45f3-b86b-efdcab7b8137/datanode-5/data/ratis/952e488b-d2ed-4a53-9f49-d020d9522eee/in_use.lock acquired by nodename 19183@pr-hdds-2034-lb7qt-2171347232
2019-09-18 16:23:55,576 [pool-181-thread-1] INFO  storage.RaftStorage (RaftStorage.java:format(72)) - Storage directory /workdir/hadoop-ozone/integration-test/target/test-dir/MiniOzoneClusterImpl-2d326fd7-59af-45f3-b86b-efdcab7b8137/datanode-5/data/ratis/952e488b-d2ed-4a53-9f49-d020d9522eee has been successfully formatted.
2019-09-18 16:23:55,576 [pool-181-thread-1] INFO  ratis.ContainerStateMachine (ContainerStateMachine.java:loadSnapshot(226)) - group-D020D9522EEE: The snapshot info is null. Setting the last applied indexto:(t:0, i:~)
2019-09-18 16:23:55,577 [pool-181-thread-1] INFO  server.RaftServerConfigKeys (ConfUtils.java:logGet(43)) - raft.server.leader.election.timeout = 120s (custom)
2019-09-18 16:23:55,577 [pool-181-thread-1] INFO  server.RaftServerConfigKeys (ConfUtils.java:logGet(43)) - raft.server.log.use.memory = false (default)
2019-09-18 16:23:55,577 [pool-181-thread-1] INFO  server.RaftServerConfigKeys (ConfUtils.java:logGet(43)) - raft.server.log.purge.gap = 1000000 (custom)
2019-09-18 16:23:55,577 [pool-181-thread-1] INFO  server.RaftServerConfigKeys (ConfUtils.java:logGet(43)) - raft.server.log.appender.buffer.byte-limit = 33554432 (custom)
2019-09-18 16:23:55,578 [pool-181-thread-1] INFO  server.RaftServerConfigKeys (ConfUtils.java:logGet(43)) - raft.server.log.segment.size.max = 1048576 (custom)
2019-09-18 16:23:55,578 [pool-181-thread-1] INFO  server.RaftServerConfigKeys (ConfUtils.java:logGet(43)) - raft.server.log.segment.cache.num.max = 2 (custom)
2019-09-18 16:23:55,578 [pool-181-thread-1] INFO  segmented.SegmentedRaftLogWorker (SegmentedRaftLogWorker.java:<init>(172)) - new bbe12df8-c2f1-49e2-8ab8-c8f9f8b834ae-SegmentedRaftLogWorker:Storage Directory /workdir/hadoop-ozone/integration-test/target/test-dir/MiniOzoneClusterImpl-2d326fd7-59af-45f3-b86b-efdcab7b8137/datanode-5/data/ratis/952e488b-d2ed-4a53-9f49-d020d9522eee for RaftStorage:Storage Directory /workdir/hadoop-ozone/integration-test/target/test-dir/MiniOzoneClusterImpl-2d326fd7-59af-45f3-b86b-efdcab7b8137/datanode-5/data/ratis/952e488b-d2ed-4a53-9f49-d020d9522eee
2019-09-18 16:23:55,578 [pool-181-thread-1] INFO  server.RaftServerConfigKeys (ConfUtils.java:logGet(43)) - raft.server.log.queue.byte-limit = 2147483647 (custom)
2019-09-18 16:23:55,578 [pool-181-thread-1] INFO  server.RaftServerConfigKeys (ConfUtils.java:logGet(43)) - raft.server.log.queue.element-limit = 1024 (custom)
2019-09-18 16:23:55,579 [pool-181-thread-1] INFO  server.RaftServerConfigKeys (ConfUtils.java:logGet(43)) - raft.server.log.segment.size.max = 1048576 (custom)
2019-09-18 16:23:55,579 [pool-181-thread-1] INFO  server.RaftServerConfigKeys (ConfUtils.java:logGet(43)) - raft.server.log.preallocated.size = 16384 (custom)
2019-09-18 16:23:55,580 [pool-181-thread-1] INFO  server.RaftServerConfigKeys (ConfUtils.java:logGet(43)) - raft.server.log.write.buffer.size = 33554432 (custom)
2019-09-18 16:23:55,580 [pool-181-thread-1] INFO  server.RaftServerConfigKeys (ConfUtils.java:logGet(43)) - raft.server.log.force.sync.num = 128 (default)
2019-09-18 16:23:55,580 [pool-181-thread-1] INFO  server.RaftServerConfigKeys (ConfUtils.java:logGet(43)) - raft.server.log.statemachine.data.sync = true (default)
2019-09-18 16:23:55,580 [pool-181-thread-1] INFO  server.RaftServerConfigKeys (ConfUtils.java:logGet(43)) - raft.server.log.statemachine.data.sync.timeout = 10s (default)
2019-09-18 16:23:55,581 [pool-181-thread-1] INFO  server.RaftServerConfigKeys (ConfUtils.java:logGet(43)) - raft.server.log.statemachine.data.sync.timeout.retry = -1 (default)
2019-09-18 16:23:55,581 [pool-181-thread-1] INFO  server.RaftServerConfigKeys (ConfUtils.java:logGet(43)) - raft.server.log.statemachine.data.caching.enabled = true (custom)
2019-09-18 16:23:55,582 [pool-181-thread-1] INFO  segmented.SegmentedRaftLogWorker (SegmentedRaftLogWorker.java:lambda$new$0(132)) - bbe12df8-c2f1-49e2-8ab8-c8f9f8b834ae-SegmentedRaftLogWorker:Storage Directory /workdir/hadoop-ozone/integration-test/target/test-dir/MiniOzoneClusterImpl-2d326fd7-59af-45f3-b86b-efdcab7b8137/datanode-5/data/ratis/952e488b-d2ed-4a53-9f49-d020d9522eee: flushIndex: setUnconditionally 0 -> -1
2019-09-18 16:23:55,582 [pool-181-thread-1] INFO  server.RaftServerConfigKeys (ConfUtils.java:logGet(43)) - raft.server.snapshot.auto.trigger.enabled = true (custom)
2019-09-18 16:23:55,583 [pool-181-thread-1] INFO  server.RaftServerConfigKeys (ConfUtils.java:logGet(43)) - raft.server.snapshot.auto.trigger.threshold = 10000 (custom)
2019-09-18 16:23:55,583 [pool-181-thread-1] INFO  server.RaftServerConfigKeys (ConfUtils.java:logGet(43)) - raft.server.retrycache.expirytime = 600000ms (custom)
2019-09-18 16:23:55,583 [pool-181-thread-1] INFO  impl.RaftServerImpl (RaftServerImpl.java:start(180)) - bbe12df8-c2f1-49e2-8ab8-c8f9f8b834ae: start group-D020D9522EEE
2019-09-18 16:23:55,583 [pool-181-thread-1] INFO  impl.RaftServerImpl (RaftServerImpl.java:setRole(171)) - bbe12df8-c2f1-49e2-8ab8-c8f9f8b834ae:group-D020D9522EEE changes role from null to FOLLOWER at term 0 for startAsFollower
2019-09-18 16:23:55,584 [pool-181-thread-1] INFO  impl.RoleInfo (RoleInfo.java:updateAndGet(143)) - bbe12df8-c2f1-49e2-8ab8-c8f9f8b834ae: start FollowerState
2019-09-18 16:23:55,584 [pool-181-thread-1] INFO  util.JmxRegister (JmxRegister.java:tryRegister(44)) - Successfully registered JMX Bean with object name Ratis:service=RaftServer,group=group-D020D9522EEE,id=bbe12df8-c2f1-49e2-8ab8-c8f9f8b834ae
2019-09-18 16:23:55,588 [Command processor thread] INFO  commandhandler.CreatePipelineCommandHandler (CreatePipelineCommandHandler.java:handle(112)) - Create Pipeline RATIS ONE #PipelineID=952e488b-d2ed-4a53-9f49-d020d9522eee command succeed on datanode bbe12df8-c2f1-49e2-8ab8-c8f9f8b834ae.
2019-09-18 16:23:55,595 [grpc-default-executor-0] INFO  impl.RaftServerProxy (RaftServerProxy.java:addNew(89)) - bbe12df8-c2f1-49e2-8ab8-c8f9f8b834ae: addNew group-6A4DEB0FBF45:[8884bba7-3460-4b10-8d54-dd5499715d80:192.168.5.185:35786, bbe12df8-c2f1-49e2-8ab8-c8f9f8b834ae:192.168.5.185:39796, 8986536d-5b7d-4e16-8929-1d1bb41ad668:192.168.5.185:41338] returns group-6A4DEB0FBF45:java.util.concurrent.CompletableFuture@70d5091c[Not completed]
2019-09-18 16:23:55,597 [pool-181-thread-1] INFO  impl.RaftServerImpl (RaftServerImpl.java:<init>(93)) - bbe12df8-c2f1-49e2-8ab8-c8f9f8b834ae: new RaftServerImpl for group-6A4DEB0FBF45:[8884bba7-3460-4b10-8d54-dd5499715d80:192.168.5.185:35786, bbe12df8-c2f1-49e2-8ab8-c8f9f8b834ae:192.168.5.185:39796, 8986536d-5b7d-4e16-8929-1d1bb41ad668:192.168.5.185:41338] with ContainerStateMachine:uninitialized
2019-09-18 16:23:55,597 [pool-181-thread-1] INFO  server.RaftServerConfigKeys (ConfUtils.java:logGet(43)) - raft.server.rpc.timeout.min = 5s (custom)
2019-09-18 16:23:55,598 [pool-181-thread-1] INFO  server.RaftServerConfigKeys (ConfUtils.java:logGet(43)) - raft.server.rpc.timeout.max = 5200ms (custom)
2019-09-18 16:23:55,598 [pool-181-thread-1] INFO  server.RaftServerConfigKeys (ConfUtils.java:logGet(43)) - raft.server.rpcslowness.timeout = 120s (custom)
2019-09-18 16:23:55,598 [pool-181-thread-1] INFO  server.RaftServerConfigKeys (ConfUtils.java:logGet(43)) - raft.server.sleep.deviation.threshold = 300 (default)
2019-09-18 16:23:55,598 [pool-181-thread-1] INFO  server.RaftServerConfigKeys (ConfUtils.java:logGet(43)) - raft.server.log.appender.install.snapshot.enabled = false (custom)
2019-09-18 16:23:55,598 [pool-181-thread-1] INFO  impl.RaftServerImpl (ServerState.java:<init>(105)) - bbe12df8-c2f1-49e2-8ab8-c8f9f8b834ae:group-6A4DEB0FBF45 ConfigurationManager, init=-1: [8884bba7-3460-4b10-8d54-dd5499715d80:192.168.5.185:35786, bbe12df8-c2f1-49e2-8ab8-c8f9f8b834ae:192.168.5.185:39796, 8986536d-5b7d-4e16-8929-1d1bb41ad668:192.168.5.185:41338], old=null, confs=<EMPTY_MAP>
2019-09-18 16:23:55,598 [pool-181-thread-1] INFO  server.RaftServerConfigKeys (ConfUtils.java:logGet(43)) - raft.server.storage.dir = [/workdir/hadoop-ozone/integration-test/target/test-dir/MiniOzoneClusterImpl-2d326fd7-59af-45f3-b86b-efdcab7b8137/datanode-5/data/ratis] (custom)
2019-09-18 16:23:55,599 [pool-181-thread-1] INFO  storage.RaftStorageDirectory (RaftStorageDirectory.java:analyzeStorage(246)) - The storage directory /workdir/hadoop-ozone/integration-test/target/test-dir/MiniOzoneClusterImpl-2d326fd7-59af-45f3-b86b-efdcab7b8137/datanode-5/data/ratis/a6acc001-c642-458b-86d7-6a4deb0fbf45 does not exist. Creating ...
2019-09-18 16:23:55,618 [pool-181-thread-1] INFO  storage.RaftStorageDirectory (RaftStorageDirectory.java:tryLock(328)) - Lock on /workdir/hadoop-ozone/integration-test/target/test-dir/MiniOzoneClusterImpl-2d326fd7-59af-45f3-b86b-efdcab7b8137/datanode-5/data/ratis/a6acc001-c642-458b-86d7-6a4deb0fbf45/in_use.lock acquired by nodename 19183@pr-hdds-2034-lb7qt-2171347232
2019-09-18 16:23:55,643 [pool-181-thread-1] INFO  storage.RaftStorage (RaftStorage.java:format(72)) - Storage directory /workdir/hadoop-ozone/integration-test/target/test-dir/MiniOzoneClusterImpl-2d326fd7-59af-45f3-b86b-efdcab7b8137/datanode-5/data/ratis/a6acc001-c642-458b-86d7-6a4deb0fbf45 has been successfully formatted.
2019-09-18 16:23:55,644 [pool-181-thread-1] INFO  ratis.ContainerStateMachine (ContainerStateMachine.java:loadSnapshot(226)) - group-6A4DEB0FBF45: The snapshot info is null. Setting the last applied indexto:(t:0, i:~)
2019-09-18 16:23:55,644 [pool-181-thread-1] INFO  server.RaftServerConfigKeys (ConfUtils.java:logGet(43)) - raft.server.leader.election.timeout = 120s (custom)
2019-09-18 16:23:55,644 [pool-181-thread-1] INFO  server.RaftServerConfigKeys (ConfUtils.java:logGet(43)) - raft.server.log.use.memory = false (default)
2019-09-18 16:23:55,644 [pool-181-thread-1] INFO  server.RaftServerConfigKeys (ConfUtils.java:logGet(43)) - raft.server.log.purge.gap = 1000000 (custom)
2019-09-18 16:23:55,645 [pool-181-thread-1] INFO  server.RaftServerConfigKeys (ConfUtils.java:logGet(43)) - raft.server.log.appender.buffer.byte-limit = 33554432 (custom)
2019-09-18 16:23:55,645 [pool-181-thread-1] INFO  server.RaftServerConfigKeys (ConfUtils.java:logGet(43)) - raft.server.log.segment.size.max = 1048576 (custom)
2019-09-18 16:23:55,645 [pool-181-thread-1] INFO  server.RaftServerConfigKeys (ConfUtils.java:logGet(43)) - raft.server.log.segment.cache.num.max = 2 (custom)
2019-09-18 16:23:55,645 [pool-181-thread-1] INFO  segmented.SegmentedRaftLogWorker (SegmentedRaftLogWorker.java:<init>(172)) - new bbe12df8-c2f1-49e2-8ab8-c8f9f8b834ae-SegmentedRaftLogWorker:Storage Directory /workdir/hadoop-ozone/integration-test/target/test-dir/MiniOzoneClusterImpl-2d326fd7-59af-45f3-b86b-efdcab7b8137/datanode-5/data/ratis/a6acc001-c642-458b-86d7-6a4deb0fbf45 for RaftStorage:Storage Directory /workdir/hadoop-ozone/integration-test/target/test-dir/MiniOzoneClusterImpl-2d326fd7-59af-45f3-b86b-efdcab7b8137/datanode-5/data/ratis/a6acc001-c642-458b-86d7-6a4deb0fbf45
2019-09-18 16:23:55,646 [pool-181-thread-1] INFO  server.RaftServerConfigKeys (ConfUtils.java:logGet(43)) - raft.server.log.queue.byte-limit = 2147483647 (custom)
2019-09-18 16:23:55,646 [pool-181-thread-1] INFO  server.RaftServerConfigKeys (ConfUtils.java:logGet(43)) - raft.server.log.queue.element-limit = 1024 (custom)
2019-09-18 16:23:55,646 [pool-181-thread-1] INFO  server.RaftServerConfigKeys (ConfUtils.java:logGet(43)) - raft.server.log.segment.size.max = 1048576 (custom)
2019-09-18 16:23:55,646 [pool-181-thread-1] INFO  server.RaftServerConfigKeys (ConfUtils.java:logGet(43)) - raft.server.log.preallocated.size = 16384 (custom)
2019-09-18 16:23:55,646 [pool-181-thread-1] INFO  server.RaftServerConfigKeys (ConfUtils.java:logGet(43)) - raft.server.log.write.buffer.size = 33554432 (custom)
2019-09-18 16:23:55,647 [pool-181-thread-1] INFO  server.RaftServerConfigKeys (ConfUtils.java:logGet(43)) - raft.server.log.force.sync.num = 128 (default)
2019-09-18 16:23:55,647 [pool-181-thread-1] INFO  server.RaftServerConfigKeys (ConfUtils.java:logGet(43)) - raft.server.log.statemachine.data.sync = true (default)
2019-09-18 16:23:55,647 [pool-181-thread-1] INFO  server.RaftServerConfigKeys (ConfUtils.java:logGet(43)) - raft.server.log.statemachine.data.sync.timeout = 10s (default)
2019-09-18 16:23:55,647 [pool-181-thread-1] INFO  server.RaftServerConfigKeys (ConfUtils.java:logGet(43)) - raft.server.log.statemachine.data.sync.timeout.retry = -1 (default)
2019-09-18 16:23:55,647 [pool-181-thread-1] INFO  server.RaftServerConfigKeys (ConfUtils.java:logGet(43)) - raft.server.log.statemachine.data.caching.enabled = true (custom)
2019-09-18 16:23:55,648 [pool-181-thread-1] INFO  segmented.SegmentedRaftLogWorker (SegmentedRaftLogWorker.java:lambda$new$0(132)) - bbe12df8-c2f1-49e2-8ab8-c8f9f8b834ae-SegmentedRaftLogWorker:Storage Directory /workdir/hadoop-ozone/integration-test/target/test-dir/MiniOzoneClusterImpl-2d326fd7-59af-45f3-b86b-efdcab7b8137/datanode-5/data/ratis/a6acc001-c642-458b-86d7-6a4deb0fbf45: flushIndex: setUnconditionally 0 -> -1
2019-09-18 16:23:55,648 [pool-181-thread-1] INFO  server.RaftServerConfigKeys (ConfUtils.java:logGet(43)) - raft.server.snapshot.auto.trigger.enabled = true (custom)
2019-09-18 16:23:55,648 [pool-181-thread-1] INFO  server.RaftServerConfigKeys (ConfUtils.java:logGet(43)) - raft.server.snapshot.auto.trigger.threshold = 10000 (custom)
2019-09-18 16:23:55,649 [pool-181-thread-1] INFO  server.RaftServerConfigKeys (ConfUtils.java:logGet(43)) - raft.server.retrycache.expirytime = 600000ms (custom)
2019-09-18 16:23:55,649 [pool-181-thread-1] INFO  impl.RaftServerImpl (RaftServerImpl.java:start(180)) - bbe12df8-c2f1-49e2-8ab8-c8f9f8b834ae: start group-6A4DEB0FBF45
2019-09-18 16:23:55,649 [pool-181-thread-1] INFO  impl.RaftServerImpl (RaftServerImpl.java:setRole(171)) - bbe12df8-c2f1-49e2-8ab8-c8f9f8b834ae:group-6A4DEB0FBF45 changes role from null to FOLLOWER at term 0 for startAsFollower
2019-09-18 16:23:55,649 [pool-181-thread-1] INFO  impl.RoleInfo (RoleInfo.java:updateAndGet(143)) - bbe12df8-c2f1-49e2-8ab8-c8f9f8b834ae: start FollowerState
2019-09-18 16:23:55,650 [pool-181-thread-1] INFO  util.JmxRegister (JmxRegister.java:tryRegister(44)) - Successfully registered JMX Bean with object name Ratis:service=RaftServer,group=group-6A4DEB0FBF45,id=bbe12df8-c2f1-49e2-8ab8-c8f9f8b834ae
2019-09-18 16:23:55,653 [Command processor thread] INFO  commandhandler.CreatePipelineCommandHandler (CreatePipelineCommandHandler.java:handle(112)) - Create Pipeline RATIS THREE #PipelineID=a6acc001-c642-458b-86d7-6a4deb0fbf45 command succeed on datanode bbe12df8-c2f1-49e2-8ab8-c8f9f8b834ae.
2019-09-18 16:23:55,735 | INFO  | SCMAudit | user=jenkins1000 | ip=192.168.5.185 | op=SEND_HEARTBEAT {datanodeUUID=1d911544-627f-4c31-9b8f-a02840ac95b3, command=[]} | ret=SUCCESS |  
2019-09-18 16:23:55,738 [main] INFO  ozone.MiniOzoneClusterImpl (MiniOzoneClusterImpl.java:lambda$waitForClusterToBeReady$0(145)) - Nodes are ready. Got 7 of 7 DN Heartbeats.
2019-09-18 16:23:55,739 [main] INFO  ozone.MiniOzoneClusterImpl (MiniOzoneClusterImpl.java:lambda$waitForClusterToBeReady$0(148)) - Cluster exits safe mode
2019-09-18 16:23:55,739 | INFO  | SCMAudit | user=jenkins1000 | ip=192.168.5.185 | op=SEND_HEARTBEAT {datanodeUUID=2e09149d-5559-4fea-b716-0eb93f2cac4a, command=[]} | ret=SUCCESS |  
2019-09-18 16:23:55,745 [grpc-default-executor-0] INFO  impl.RaftServerProxy (RaftServerProxy.java:addNew(89)) - 1d911544-627f-4c31-9b8f-a02840ac95b3: addNew group-9EF0958CDEAA:[1d911544-627f-4c31-9b8f-a02840ac95b3:192.168.5.185:36890] returns group-9EF0958CDEAA:java.util.concurrent.CompletableFuture@72573344[Not completed]
2019-09-18 16:23:55,752 [pool-192-thread-1] INFO  impl.RaftServerImpl (RaftServerImpl.java:<init>(93)) - 1d911544-627f-4c31-9b8f-a02840ac95b3: new RaftServerImpl for group-9EF0958CDEAA:[1d911544-627f-4c31-9b8f-a02840ac95b3:192.168.5.185:36890] with ContainerStateMachine:uninitialized
2019-09-18 16:23:55,752 [pool-192-thread-1] INFO  server.RaftServerConfigKeys (ConfUtils.java:logGet(43)) - raft.server.rpc.timeout.min = 5s (custom)
2019-09-18 16:23:55,756 [pool-192-thread-1] INFO  server.RaftServerConfigKeys (ConfUtils.java:logGet(43)) - raft.server.rpc.timeout.max = 5200ms (custom)
2019-09-18 16:23:55,759 [pool-192-thread-1] INFO  server.RaftServerConfigKeys (ConfUtils.java:logGet(43)) - raft.server.rpcslowness.timeout = 120s (custom)
2019-09-18 16:23:55,759 [pool-192-thread-1] INFO  server.RaftServerConfigKeys (ConfUtils.java:logGet(43)) - raft.server.sleep.deviation.threshold = 300 (default)
2019-09-18 16:23:55,759 [pool-192-thread-1] INFO  server.RaftServerConfigKeys (ConfUtils.java:logGet(43)) - raft.server.log.appender.install.snapshot.enabled = false (custom)
2019-09-18 16:23:55,759 [pool-192-thread-1] INFO  impl.RaftServerImpl (ServerState.java:<init>(105)) - 1d911544-627f-4c31-9b8f-a02840ac95b3:group-9EF0958CDEAA ConfigurationManager, init=-1: [1d911544-627f-4c31-9b8f-a02840ac95b3:192.168.5.185:36890], old=null, confs=<EMPTY_MAP>
2019-09-18 16:23:55,759 [pool-192-thread-1] INFO  server.RaftServerConfigKeys (ConfUtils.java:logGet(43)) - raft.server.storage.dir = [/workdir/hadoop-ozone/integration-test/target/test-dir/MiniOzoneClusterImpl-2d326fd7-59af-45f3-b86b-efdcab7b8137/datanode-6/data/ratis] (custom)
2019-09-18 16:23:55,760 [pool-192-thread-1] INFO  storage.RaftStorageDirectory (RaftStorageDirectory.java:analyzeStorage(246)) - The storage directory /workdir/hadoop-ozone/integration-test/target/test-dir/MiniOzoneClusterImpl-2d326fd7-59af-45f3-b86b-efdcab7b8137/datanode-6/data/ratis/53dbf63a-e299-4d57-8e39-9ef0958cdeaa does not exist. Creating ...
2019-09-18 16:23:55,785 [pool-192-thread-1] INFO  storage.RaftStorageDirectory (RaftStorageDirectory.java:tryLock(328)) - Lock on /workdir/hadoop-ozone/integration-test/target/test-dir/MiniOzoneClusterImpl-2d326fd7-59af-45f3-b86b-efdcab7b8137/datanode-6/data/ratis/53dbf63a-e299-4d57-8e39-9ef0958cdeaa/in_use.lock acquired by nodename 19183@pr-hdds-2034-lb7qt-2171347232
2019-09-18 16:23:55,787 [main] INFO  rpc.RpcClient (RpcClient.java:createVolume(293)) - Creating Volume: testblockoutputstreamwithretries, with jenkins1000 as owner.
2019-09-18 16:23:55,790 | INFO  | OMAudit | user=jenkins1000 | ip=127.0.0.1 | op=CREATE_VOLUME {admin=jenkins1000, owner=jenkins1000, volume=testblockoutputstreamwithretries, creationTime=1568823835789, quotaInBytes=1152921504606846976} | ret=SUCCESS |  
2019-09-18 16:23:55,803 [pool-192-thread-1] INFO  storage.RaftStorage (RaftStorage.java:format(72)) - Storage directory /workdir/hadoop-ozone/integration-test/target/test-dir/MiniOzoneClusterImpl-2d326fd7-59af-45f3-b86b-efdcab7b8137/datanode-6/data/ratis/53dbf63a-e299-4d57-8e39-9ef0958cdeaa has been successfully formatted.
2019-09-18 16:23:55,803 | INFO  | OMAudit | user=jenkins1000 | ip=127.0.0.1 | op=READ_VOLUME {volume=testblockoutputstreamwithretries} | ret=SUCCESS |  
2019-09-18 16:23:55,803 [pool-192-thread-1] INFO  ratis.ContainerStateMachine (ContainerStateMachine.java:loadSnapshot(226)) - group-9EF0958CDEAA: The snapshot info is null. Setting the last applied indexto:(t:0, i:~)
2019-09-18 16:23:55,803 [pool-192-thread-1] INFO  server.RaftServerConfigKeys (ConfUtils.java:logGet(43)) - raft.server.leader.election.timeout = 120s (custom)
2019-09-18 16:23:55,803 [pool-192-thread-1] INFO  server.RaftServerConfigKeys (ConfUtils.java:logGet(43)) - raft.server.log.use.memory = false (default)
2019-09-18 16:23:55,804 [pool-192-thread-1] INFO  server.RaftServerConfigKeys (ConfUtils.java:logGet(43)) - raft.server.log.purge.gap = 1000000 (custom)
2019-09-18 16:23:55,804 [main] INFO  rpc.RpcClient (RpcClient.java:createBucket(432)) - Creating Bucket: testblockoutputstreamwithretries/testblockoutputstreamwithretries, with Versioning false and Storage Type set to DISK and Encryption set to false 
2019-09-18 16:23:55,804 [pool-192-thread-1] INFO  server.RaftServerConfigKeys (ConfUtils.java:logGet(43)) - raft.server.log.appender.buffer.byte-limit = 33554432 (custom)
2019-09-18 16:23:55,805 [pool-192-thread-1] INFO  server.RaftServerConfigKeys (ConfUtils.java:logGet(43)) - raft.server.log.segment.size.max = 1048576 (custom)
2019-09-18 16:23:55,805 [pool-192-thread-1] INFO  server.RaftServerConfigKeys (ConfUtils.java:logGet(43)) - raft.server.log.segment.cache.num.max = 2 (custom)
2019-09-18 16:23:55,805 [pool-192-thread-1] INFO  segmented.SegmentedRaftLogWorker (SegmentedRaftLogWorker.java:<init>(172)) - new 1d911544-627f-4c31-9b8f-a02840ac95b3-SegmentedRaftLogWorker:Storage Directory /workdir/hadoop-ozone/integration-test/target/test-dir/MiniOzoneClusterImpl-2d326fd7-59af-45f3-b86b-efdcab7b8137/datanode-6/data/ratis/53dbf63a-e299-4d57-8e39-9ef0958cdeaa for RaftStorage:Storage Directory /workdir/hadoop-ozone/integration-test/target/test-dir/MiniOzoneClusterImpl-2d326fd7-59af-45f3-b86b-efdcab7b8137/datanode-6/data/ratis/53dbf63a-e299-4d57-8e39-9ef0958cdeaa
2019-09-18 16:23:55,805 [pool-192-thread-1] INFO  server.RaftServerConfigKeys (ConfUtils.java:logGet(43)) - raft.server.log.queue.byte-limit = 2147483647 (custom)
2019-09-18 16:23:55,805 [pool-192-thread-1] INFO  server.RaftServerConfigKeys (ConfUtils.java:logGet(43)) - raft.server.log.queue.element-limit = 1024 (custom)
2019-09-18 16:23:55,806 [pool-192-thread-1] INFO  server.RaftServerConfigKeys (ConfUtils.java:logGet(43)) - raft.server.log.segment.size.max = 1048576 (custom)
2019-09-18 16:23:55,806 [pool-192-thread-1] INFO  server.RaftServerConfigKeys (ConfUtils.java:logGet(43)) - raft.server.log.preallocated.size = 16384 (custom)
2019-09-18 16:23:55,806 [pool-192-thread-1] INFO  server.RaftServerConfigKeys (ConfUtils.java:logGet(43)) - raft.server.log.write.buffer.size = 33554432 (custom)
2019-09-18 16:23:55,808 [pool-192-thread-1] INFO  server.RaftServerConfigKeys (ConfUtils.java:logGet(43)) - raft.server.log.force.sync.num = 128 (default)
2019-09-18 16:23:55,808 [pool-192-thread-1] INFO  server.RaftServerConfigKeys (ConfUtils.java:logGet(43)) - raft.server.log.statemachine.data.sync = true (default)
2019-09-18 16:23:55,808 [pool-192-thread-1] INFO  server.RaftServerConfigKeys (ConfUtils.java:logGet(43)) - raft.server.log.statemachine.data.sync.timeout = 10s (default)
2019-09-18 16:23:55,809 [pool-192-thread-1] INFO  server.RaftServerConfigKeys (ConfUtils.java:logGet(43)) - raft.server.log.statemachine.data.sync.timeout.retry = -1 (default)
2019-09-18 16:23:55,809 | INFO  | OMAudit | user=jenkins1000 | ip=127.0.0.1 | op=CREATE_BUCKET {volume=testblockoutputstreamwithretries, bucket=testblockoutputstreamwithretries, acls=[user:jenkins1000:a[ACCESS], group:default:a[ACCESS]], isVersionEnabled=false, storageType=DISK, creationTime=0} | ret=SUCCESS |  
2019-09-18 16:23:55,809 [pool-192-thread-1] INFO  server.RaftServerConfigKeys (ConfUtils.java:logGet(43)) - raft.server.log.statemachine.data.caching.enabled = true (custom)
2019-09-18 16:23:55,809 [pool-192-thread-1] INFO  segmented.SegmentedRaftLogWorker (SegmentedRaftLogWorker.java:lambda$new$0(132)) - 1d911544-627f-4c31-9b8f-a02840ac95b3-SegmentedRaftLogWorker:Storage Directory /workdir/hadoop-ozone/integration-test/target/test-dir/MiniOzoneClusterImpl-2d326fd7-59af-45f3-b86b-efdcab7b8137/datanode-6/data/ratis/53dbf63a-e299-4d57-8e39-9ef0958cdeaa: flushIndex: setUnconditionally 0 -> -1
2019-09-18 16:23:55,810 [pool-192-thread-1] INFO  server.RaftServerConfigKeys (ConfUtils.java:logGet(43)) - raft.server.snapshot.auto.trigger.enabled = true (custom)
2019-09-18 16:23:55,810 [pool-192-thread-1] INFO  server.RaftServerConfigKeys (ConfUtils.java:logGet(43)) - raft.server.snapshot.auto.trigger.threshold = 10000 (custom)
2019-09-18 16:23:55,810 [pool-192-thread-1] INFO  server.RaftServerConfigKeys (ConfUtils.java:logGet(43)) - raft.server.retrycache.expirytime = 600000ms (custom)
2019-09-18 16:23:55,810 [pool-192-thread-1] INFO  impl.RaftServerImpl (RaftServerImpl.java:start(180)) - 1d911544-627f-4c31-9b8f-a02840ac95b3: start group-9EF0958CDEAA
2019-09-18 16:23:55,810 [pool-192-thread-1] INFO  impl.RaftServerImpl (RaftServerImpl.java:setRole(171)) - 1d911544-627f-4c31-9b8f-a02840ac95b3:group-9EF0958CDEAA changes role from null to FOLLOWER at term 0 for startAsFollower
2019-09-18 16:23:55,810 | INFO  | OMAudit | user=jenkins1000 | ip=127.0.0.1 | op=READ_VOLUME {volume=testblockoutputstreamwithretries} | ret=SUCCESS |  
2019-09-18 16:23:55,811 [pool-192-thread-1] INFO  impl.RoleInfo (RoleInfo.java:updateAndGet(143)) - 1d911544-627f-4c31-9b8f-a02840ac95b3: start FollowerState
2019-09-18 16:23:55,811 [pool-192-thread-1] INFO  util.JmxRegister (JmxRegister.java:tryRegister(44)) - Successfully registered JMX Bean with object name Ratis:service=RaftServer,group=group-9EF0958CDEAA,id=1d911544-627f-4c31-9b8f-a02840ac95b3
2019-09-18 16:23:55,812 | INFO  | OMAudit | user=jenkins1000 | ip=127.0.0.1 | op=READ_BUCKET {volume=testblockoutputstreamwithretries, bucket=testblockoutputstreamwithretries} | ret=SUCCESS |  
2019-09-18 16:23:55,814 [Command processor thread] INFO  commandhandler.CreatePipelineCommandHandler (CreatePipelineCommandHandler.java:handle(112)) - Create Pipeline RATIS ONE #PipelineID=53dbf63a-e299-4d57-8e39-9ef0958cdeaa command succeed on datanode 1d911544-627f-4c31-9b8f-a02840ac95b3.
2019-09-18 16:23:55,818 | INFO  | SCMAudit | user=jenkins1000 | ip=192.168.5.185 | op=ALLOCATE_BLOCK {owner=f4148afb-9d8a-431f-b473-f8b6520ac3ef, size=800, type=RATIS, factor=THREE} | ret=SUCCESS |  
2019-09-18 16:23:55,820 | INFO  | OMAudit | user=jenkins1000 | ip=127.0.0.1 | op=ALLOCATE_KEY {volume=testblockoutputstreamwithretries, bucket=testblockoutputstreamwithretries, key=c2aa022b-5efe-4844-bf61-ba44d54bf0fe, dataSize=3200, replicationType=RATIS, replicationFactor=THREE, keyLocationInfo=null} | ret=SUCCESS |  
2019-09-18 16:23:55,836 [grpc-default-executor-0] INFO  client.GrpcClientProtocolClient (GrpcClientProtocolClient.java:onNext(255)) - client-08D30C90C1DD->b61b0354-621b-4e20-a68d-2d53fecac27d: receive RaftClientReply:client-08D30C90C1DD->b61b0354-621b-4e20-a68d-2d53fecac27d@group-1A1F4B3A8F4F, cid=42, FAILED org.apache.ratis.protocol.NotLeaderException: Server b61b0354-621b-4e20-a68d-2d53fecac27d is not the leader (null). Request must be sent to leader., logIndex=0, commits[b61b0354-621b-4e20-a68d-2d53fecac27d:c-1]
2019-09-18 16:23:56,145 | INFO  | SCMAudit | user=jenkins1000 | ip=192.168.5.185 | op=SEND_HEARTBEAT {datanodeUUID=8884bba7-3460-4b10-8d54-dd5499715d80, command=[]} | ret=SUCCESS |  
2019-09-18 16:23:56,145 [EventQueue-CreatePipelineStatusForSCMPipelineManager] INFO  pipeline.SCMPipelineManager (SCMPipelineManager.java:onMessage(469)) - receive pipeline PipelineID=97b77e94-b28f-4788-bd5f-e03c033da6ae create status EXECUTED
2019-09-18 16:23:56,145 [EventQueue-CreatePipelineStatusForSCMPipelineManager] INFO  pipeline.PipelineStateManager (PipelineStateManager.java:openPipeline(134)) - Pipeline Pipeline[ Id: 97b77e94-b28f-4788-bd5f-e03c033da6ae, Nodes: 8884bba7-3460-4b10-8d54-dd5499715d80{ip: 192.168.5.185, host: pr-hdds-2034-lb7qt-2171347232, networkLocation: /default-rack, certSerialId: null}, Type:RATIS, Factor:ONE, State:ALLOCATED] moved to OPEN state
add pipeline PipelineID=97b77e94-b28f-4788-bd5f-e03c033da6ae to metrics map
2019-09-18 16:23:56,145 [EventQueue-CreatePipelineStatusForSCMPipelineManager] INFO  pipeline.SCMPipelineManager (SCMPipelineManager.java:onMessage(469)) - receive pipeline PipelineID=a6acc001-c642-458b-86d7-6a4deb0fbf45 create status EXECUTED
2019-09-18 16:23:56,146 [EventQueue-CreatePipelineStatusForSCMPipelineManager] INFO  pipeline.PipelineStateManager (PipelineStateManager.java:openPipeline(134)) - Pipeline Pipeline[ Id: a6acc001-c642-458b-86d7-6a4deb0fbf45, Nodes: 8986536d-5b7d-4e16-8929-1d1bb41ad668{ip: 192.168.5.185, host: pr-hdds-2034-lb7qt-2171347232, networkLocation: /default-rack, certSerialId: null}8884bba7-3460-4b10-8d54-dd5499715d80{ip: 192.168.5.185, host: pr-hdds-2034-lb7qt-2171347232, networkLocation: /default-rack, certSerialId: null}bbe12df8-c2f1-49e2-8ab8-c8f9f8b834ae{ip: 192.168.5.185, host: pr-hdds-2034-lb7qt-2171347232, networkLocation: /default-rack, certSerialId: null}, Type:RATIS, Factor:THREE, State:ALLOCATED] moved to OPEN state
add pipeline PipelineID=a6acc001-c642-458b-86d7-6a4deb0fbf45 to metrics map
2019-09-18 16:23:56,327 | INFO  | SCMAudit | user=jenkins1000 | ip=192.168.5.185 | op=SEND_HEARTBEAT {datanodeUUID=b61b0354-621b-4e20-a68d-2d53fecac27d, command=[]} | ret=SUCCESS |  
2019-09-18 16:23:56,345 | INFO  | SCMAudit | user=jenkins1000 | ip=192.168.5.185 | op=SEND_HEARTBEAT {datanodeUUID=8986536d-5b7d-4e16-8929-1d1bb41ad668, command=[]} | ret=SUCCESS |  
2019-09-18 16:23:56,345 [EventQueue-CreatePipelineStatusForSCMPipelineManager] INFO  pipeline.SCMPipelineManager (SCMPipelineManager.java:onMessage(469)) - receive pipeline PipelineID=ffd98b12-c665-4ab8-ac8e-186949e60ea4 create status EXECUTED
2019-09-18 16:23:56,345 [EventQueue-CreatePipelineStatusForSCMPipelineManager] INFO  pipeline.PipelineStateManager (PipelineStateManager.java:openPipeline(134)) - Pipeline Pipeline[ Id: ffd98b12-c665-4ab8-ac8e-186949e60ea4, Nodes: 8986536d-5b7d-4e16-8929-1d1bb41ad668{ip: 192.168.5.185, host: pr-hdds-2034-lb7qt-2171347232, networkLocation: /default-rack, certSerialId: null}, Type:RATIS, Factor:ONE, State:ALLOCATED] moved to OPEN state
add pipeline PipelineID=ffd98b12-c665-4ab8-ac8e-186949e60ea4 to metrics map
2019-09-18 16:23:56,346 [EventQueue-CreatePipelineStatusForSCMPipelineManager] INFO  pipeline.SCMPipelineManager (SCMPipelineManager.java:onMessage(469)) - receive pipeline PipelineID=a6acc001-c642-458b-86d7-6a4deb0fbf45 create status EXECUTED
2019-09-18 16:23:56,510 | INFO  | SCMAudit | user=jenkins1000 | ip=192.168.5.185 | op=SEND_HEARTBEAT {datanodeUUID=bbe12df8-c2f1-49e2-8ab8-c8f9f8b834ae, command=[]} | ret=SUCCESS |  
2019-09-18 16:23:56,510 [EventQueue-CreatePipelineStatusForSCMPipelineManager] INFO  pipeline.SCMPipelineManager (SCMPipelineManager.java:onMessage(469)) - receive pipeline PipelineID=952e488b-d2ed-4a53-9f49-d020d9522eee create status EXECUTED
2019-09-18 16:23:56,511 [EventQueue-CreatePipelineStatusForSCMPipelineManager] INFO  pipeline.PipelineStateManager (PipelineStateManager.java:openPipeline(134)) - Pipeline Pipeline[ Id: 952e488b-d2ed-4a53-9f49-d020d9522eee, Nodes: bbe12df8-c2f1-49e2-8ab8-c8f9f8b834ae{ip: 192.168.5.185, host: pr-hdds-2034-lb7qt-2171347232, networkLocation: /default-rack, certSerialId: null}, Type:RATIS, Factor:ONE, State:ALLOCATED] moved to OPEN state
add pipeline PipelineID=952e488b-d2ed-4a53-9f49-d020d9522eee to metrics map
2019-09-18 16:23:56,511 [EventQueue-CreatePipelineStatusForSCMPipelineManager] INFO  pipeline.SCMPipelineManager (SCMPipelineManager.java:onMessage(469)) - receive pipeline PipelineID=a6acc001-c642-458b-86d7-6a4deb0fbf45 create status EXECUTED
add pipeline PipelineID=a6acc001-c642-458b-86d7-6a4deb0fbf45 to metrics map
2019-09-18 16:23:56,530 | INFO  | SCMAudit | user=jenkins1000 | ip=192.168.5.185 | op=SEND_HEARTBEAT {datanodeUUID=891c1cf7-eb5d-4327-8423-159f04f60044, command=[]} | ret=SUCCESS |  
2019-09-18 16:23:56,739 | INFO  | SCMAudit | user=jenkins1000 | ip=192.168.5.185 | op=SEND_HEARTBEAT {datanodeUUID=1d911544-627f-4c31-9b8f-a02840ac95b3, command=[]} | ret=SUCCESS |  
2019-09-18 16:23:56,739 | INFO  | SCMAudit | user=jenkins1000 | ip=192.168.5.185 | op=SEND_HEARTBEAT {datanodeUUID=2e09149d-5559-4fea-b716-0eb93f2cac4a, command=[]} | ret=SUCCESS |  
2019-09-18 16:23:56,740 [EventQueue-CreatePipelineStatusForSCMPipelineManager] INFO  pipeline.SCMPipelineManager (SCMPipelineManager.java:onMessage(469)) - receive pipeline PipelineID=e65f8abc-e731-4264-aeea-1a1f4b3a8f4f create status EXECUTED
add pipeline PipelineID=e65f8abc-e731-4264-aeea-1a1f4b3a8f4f to metrics map
2019-09-18 16:23:56,740 [EventQueue-CreatePipelineStatusForSCMPipelineManager] INFO  pipeline.SCMPipelineManager (SCMPipelineManager.java:onMessage(469)) - receive pipeline PipelineID=5810f2a7-6b56-41b1-9180-d93f7e33effd create status EXECUTED
2019-09-18 16:23:56,740 [EventQueue-CreatePipelineStatusForSCMPipelineManager] INFO  pipeline.PipelineStateManager (PipelineStateManager.java:openPipeline(134)) - Pipeline Pipeline[ Id: 5810f2a7-6b56-41b1-9180-d93f7e33effd, Nodes: 2e09149d-5559-4fea-b716-0eb93f2cac4a{ip: 192.168.5.185, host: pr-hdds-2034-lb7qt-2171347232, networkLocation: /default-rack, certSerialId: null}, Type:RATIS, Factor:ONE, State:ALLOCATED] moved to OPEN state
add pipeline PipelineID=5810f2a7-6b56-41b1-9180-d93f7e33effd to metrics map
2019-09-18 16:23:56,866 [grpc-default-executor-1] INFO  client.GrpcClientProtocolClient (GrpcClientProtocolClient.java:onNext(255)) - client-08D30C90C1DD->891c1cf7-eb5d-4327-8423-159f04f60044: receive RaftClientReply:client-08D30C90C1DD->891c1cf7-eb5d-4327-8423-159f04f60044@group-1A1F4B3A8F4F, cid=42, FAILED org.apache.ratis.protocol.NotLeaderException: Server 891c1cf7-eb5d-4327-8423-159f04f60044 is not the leader (null). Request must be sent to leader., logIndex=0, commits[891c1cf7-eb5d-4327-8423-159f04f60044:c-1]
2019-09-18 16:23:57,145 | INFO  | SCMAudit | user=jenkins1000 | ip=192.168.5.185 | op=SEND_HEARTBEAT {datanodeUUID=8884bba7-3460-4b10-8d54-dd5499715d80, command=[]} | ret=SUCCESS |  
2019-09-18 16:23:57,328 | INFO  | SCMAudit | user=jenkins1000 | ip=192.168.5.185 | op=SEND_HEARTBEAT {datanodeUUID=b61b0354-621b-4e20-a68d-2d53fecac27d, command=[]} | ret=SUCCESS |  
2019-09-18 16:23:57,345 | INFO  | SCMAudit | user=jenkins1000 | ip=192.168.5.185 | op=SEND_HEARTBEAT {datanodeUUID=8986536d-5b7d-4e16-8929-1d1bb41ad668, command=[]} | ret=SUCCESS |  
2019-09-18 16:23:57,509 | INFO  | SCMAudit | user=jenkins1000 | ip=192.168.5.185 | op=SEND_HEARTBEAT {datanodeUUID=bbe12df8-c2f1-49e2-8ab8-c8f9f8b834ae, command=[]} | ret=SUCCESS |  
2019-09-18 16:23:57,530 | INFO  | SCMAudit | user=jenkins1000 | ip=192.168.5.185 | op=SEND_HEARTBEAT {datanodeUUID=891c1cf7-eb5d-4327-8423-159f04f60044, command=[]} | ret=SUCCESS |  
2019-09-18 16:23:57,736 | INFO  | SCMAudit | user=jenkins1000 | ip=192.168.5.185 | op=SEND_HEARTBEAT {datanodeUUID=1d911544-627f-4c31-9b8f-a02840ac95b3, command=[]} | ret=SUCCESS |  
2019-09-18 16:23:57,736 [EventQueue-CreatePipelineStatusForSCMPipelineManager] INFO  pipeline.SCMPipelineManager (SCMPipelineManager.java:onMessage(469)) - receive pipeline PipelineID=53dbf63a-e299-4d57-8e39-9ef0958cdeaa create status EXECUTED
2019-09-18 16:23:57,736 [EventQueue-CreatePipelineStatusForSCMPipelineManager] INFO  pipeline.PipelineStateManager (PipelineStateManager.java:openPipeline(134)) - Pipeline Pipeline[ Id: 53dbf63a-e299-4d57-8e39-9ef0958cdeaa, Nodes: 1d911544-627f-4c31-9b8f-a02840ac95b3{ip: 192.168.5.185, host: pr-hdds-2034-lb7qt-2171347232, networkLocation: /default-rack, certSerialId: null}, Type:RATIS, Factor:ONE, State:ALLOCATED] moved to OPEN state
add pipeline PipelineID=53dbf63a-e299-4d57-8e39-9ef0958cdeaa to metrics map
2019-09-18 16:23:57,739 | INFO  | SCMAudit | user=jenkins1000 | ip=192.168.5.185 | op=SEND_HEARTBEAT {datanodeUUID=2e09149d-5559-4fea-b716-0eb93f2cac4a, command=[]} | ret=SUCCESS |  
2019-09-18 16:23:57,904 [grpc-default-executor-1] INFO  client.GrpcClientProtocolClient (GrpcClientProtocolClient.java:onNext(255)) - client-08D30C90C1DD->2e09149d-5559-4fea-b716-0eb93f2cac4a: receive RaftClientReply:client-08D30C90C1DD->2e09149d-5559-4fea-b716-0eb93f2cac4a@group-1A1F4B3A8F4F, cid=42, FAILED org.apache.ratis.protocol.NotLeaderException: Server 2e09149d-5559-4fea-b716-0eb93f2cac4a is not the leader (null). Request must be sent to leader., logIndex=0, commits[2e09149d-5559-4fea-b716-0eb93f2cac4a:c-1]
2019-09-18 16:23:58,145 | INFO  | SCMAudit | user=jenkins1000 | ip=192.168.5.185 | op=SEND_HEARTBEAT {datanodeUUID=8884bba7-3460-4b10-8d54-dd5499715d80, command=[]} | ret=SUCCESS |  
2019-09-18 16:23:58,328 | INFO  | SCMAudit | user=jenkins1000 | ip=192.168.5.185 | op=SEND_HEARTBEAT {datanodeUUID=b61b0354-621b-4e20-a68d-2d53fecac27d, command=[]} | ret=SUCCESS |  
2019-09-18 16:23:58,336 [Thread-773] INFO  container.ReplicationManager (ReplicationManager.java:start(151)) - Starting Replication Monitor Thread.
2019-09-18 16:23:58,341 [Thread-774] INFO  container.ReplicationManager (ReplicationManager.java:start(158)) - Replication Monitor Thread is already running.
2019-09-18 16:23:58,341 [ReplicationMonitor] INFO  container.ReplicationManager (ReplicationManager.java:run(214)) - Replication Monitor Thread took 0 milliseconds for processing 3 containers.
2019-09-18 16:23:58,345 | INFO  | SCMAudit | user=jenkins1000 | ip=192.168.5.185 | op=SEND_HEARTBEAT {datanodeUUID=8986536d-5b7d-4e16-8929-1d1bb41ad668, command=[]} | ret=SUCCESS |  
2019-09-18 16:23:58,509 | INFO  | SCMAudit | user=jenkins1000 | ip=192.168.5.185 | op=SEND_HEARTBEAT {datanodeUUID=bbe12df8-c2f1-49e2-8ab8-c8f9f8b834ae, command=[]} | ret=SUCCESS |  
2019-09-18 16:23:58,530 | INFO  | SCMAudit | user=jenkins1000 | ip=192.168.5.185 | op=SEND_HEARTBEAT {datanodeUUID=891c1cf7-eb5d-4327-8423-159f04f60044, command=[]} | ret=SUCCESS |  
2019-09-18 16:23:58,736 | INFO  | SCMAudit | user=jenkins1000 | ip=192.168.5.185 | op=SEND_HEARTBEAT {datanodeUUID=1d911544-627f-4c31-9b8f-a02840ac95b3, command=[]} | ret=SUCCESS |  
2019-09-18 16:23:58,739 | INFO  | SCMAudit | user=jenkins1000 | ip=192.168.5.185 | op=SEND_HEARTBEAT {datanodeUUID=2e09149d-5559-4fea-b716-0eb93f2cac4a, command=[]} | ret=SUCCESS |  
2019-09-18 16:23:58,933 [grpc-default-executor-0] INFO  client.GrpcClientProtocolClient (GrpcClientProtocolClient.java:onNext(255)) - client-08D30C90C1DD->891c1cf7-eb5d-4327-8423-159f04f60044: receive RaftClientReply:client-08D30C90C1DD->891c1cf7-eb5d-4327-8423-159f04f60044@group-1A1F4B3A8F4F, cid=42, FAILED org.apache.ratis.protocol.NotLeaderException: Server 891c1cf7-eb5d-4327-8423-159f04f60044 is not the leader (null). Request must be sent to leader., logIndex=0, commits[891c1cf7-eb5d-4327-8423-159f04f60044:c-1]
2019-09-18 16:23:59,146 | INFO  | SCMAudit | user=jenkins1000 | ip=192.168.5.185 | op=SEND_HEARTBEAT {datanodeUUID=8884bba7-3460-4b10-8d54-dd5499715d80, command=[]} | ret=SUCCESS |  
2019-09-18 16:23:59,328 | INFO  | SCMAudit | user=jenkins1000 | ip=192.168.5.185 | op=SEND_HEARTBEAT {datanodeUUID=b61b0354-621b-4e20-a68d-2d53fecac27d, command=[]} | ret=SUCCESS |  
2019-09-18 16:23:59,345 | INFO  | SCMAudit | user=jenkins1000 | ip=192.168.5.185 | op=SEND_HEARTBEAT {datanodeUUID=8986536d-5b7d-4e16-8929-1d1bb41ad668, command=[]} | ret=SUCCESS |  
2019-09-18 16:23:59,426 [Thread-745] INFO  impl.FollowerState (FollowerState.java:run(106)) - b61b0354-621b-4e20-a68d-2d53fecac27d:group-DF5F85221825 changes to CANDIDATE, lastRpcTime:5031, electionTimeout:5031ms
2019-09-18 16:23:59,427 [Thread-745] INFO  impl.RoleInfo (RoleInfo.java:shutdownFollowerState(121)) - b61b0354-621b-4e20-a68d-2d53fecac27d: shutdown FollowerState
2019-09-18 16:23:59,427 [Thread-745] INFO  impl.RaftServerImpl (RaftServerImpl.java:setRole(171)) - b61b0354-621b-4e20-a68d-2d53fecac27d:group-DF5F85221825 changes role from FOLLOWER to CANDIDATE at term 0 for changeToCandidate
2019-09-18 16:23:59,427 [Thread-745] INFO  impl.RoleInfo (RoleInfo.java:updateAndGet(143)) - b61b0354-621b-4e20-a68d-2d53fecac27d: start LeaderElection
2019-09-18 16:23:59,478 [b61b0354-621b-4e20-a68d-2d53fecac27d:group-DF5F85221825:LeaderElection18] INFO  impl.LeaderElection (LeaderElection.java:askForVotes(181)) - b61b0354-621b-4e20-a68d-2d53fecac27d:group-DF5F85221825:LeaderElection18: begin an election at term 1 for -1: [b61b0354-621b-4e20-a68d-2d53fecac27d:192.168.5.185:39516], old=null
2019-09-18 16:23:59,479 [b61b0354-621b-4e20-a68d-2d53fecac27d:group-DF5F85221825:LeaderElection18] INFO  impl.RoleInfo (RoleInfo.java:shutdownLeaderElection(134)) - b61b0354-621b-4e20-a68d-2d53fecac27d: shutdown LeaderElection
2019-09-18 16:23:59,479 [b61b0354-621b-4e20-a68d-2d53fecac27d:group-DF5F85221825:LeaderElection18] INFO  impl.RaftServerImpl (RaftServerImpl.java:setRole(171)) - b61b0354-621b-4e20-a68d-2d53fecac27d:group-DF5F85221825 changes role from CANDIDATE to LEADER at term 1 for changeToLeader
2019-09-18 16:23:59,479 [b61b0354-621b-4e20-a68d-2d53fecac27d:group-DF5F85221825:LeaderElection18] INFO  impl.RaftServerImpl (ServerState.java:setLeader(263)) - b61b0354-621b-4e20-a68d-2d53fecac27d:group-DF5F85221825 change Leader from null to b61b0354-621b-4e20-a68d-2d53fecac27d at term 1 for becomeLeader, leader elected after 5088ms
2019-09-18 16:23:59,482 [b61b0354-621b-4e20-a68d-2d53fecac27d:group-DF5F85221825:LeaderElection18] INFO  server.RaftServerConfigKeys (ConfUtils.java:logGet(43)) - raft.server.staging.catchup.gap = 1000 (default)
2019-09-18 16:23:59,482 [b61b0354-621b-4e20-a68d-2d53fecac27d:group-DF5F85221825:LeaderElection18] INFO  server.RaftServerConfigKeys (ConfUtils.java:logGet(43)) - raft.server.rpc.sleep.time = 25ms (default)
2019-09-18 16:23:59,482 [b61b0354-621b-4e20-a68d-2d53fecac27d:group-DF5F85221825:LeaderElection18] INFO  server.RaftServerConfigKeys (ConfUtils.java:logGet(43)) - raft.server.write.element-limit = 4096 (default)
2019-09-18 16:23:59,482 [b61b0354-621b-4e20-a68d-2d53fecac27d:group-DF5F85221825:LeaderElection18] INFO  server.RaftServerConfigKeys (ConfUtils.java:logGet(43)) - raft.server.watch.timeout = 10s (default)
2019-09-18 16:23:59,483 [b61b0354-621b-4e20-a68d-2d53fecac27d:group-DF5F85221825:LeaderElection18] INFO  server.RaftServerConfigKeys (ConfUtils.java:logGet(43)) - raft.server.watch.timeout.denomination = 1s (default)
2019-09-18 16:23:59,483 [b61b0354-621b-4e20-a68d-2d53fecac27d:group-DF5F85221825:LeaderElection18] INFO  server.RaftServerConfigKeys (ConfUtils.java:logGet(43)) - raft.server.watch.element-limit = 65536 (default)
2019-09-18 16:23:59,483 [b61b0354-621b-4e20-a68d-2d53fecac27d:group-DF5F85221825:LeaderElection18] INFO  impl.RoleInfo (RoleInfo.java:updateAndGet(143)) - b61b0354-621b-4e20-a68d-2d53fecac27d: start LeaderState
2019-09-18 16:23:59,484 [b61b0354-621b-4e20-a68d-2d53fecac27d:group-DF5F85221825:LeaderElection18] INFO  segmented.SegmentedRaftLogWorker (SegmentedRaftLogWorker.java:startLogSegment(380)) - b61b0354-621b-4e20-a68d-2d53fecac27d-SegmentedRaftLogWorker:Storage Directory /workdir/hadoop-ozone/integration-test/target/test-dir/MiniOzoneClusterImpl-2d326fd7-59af-45f3-b86b-efdcab7b8137/datanode-0/data/ratis/6dc23056-2a69-4882-b998-df5f85221825: Starting segment from index:0
2019-09-18 16:23:59,484 [b61b0354-621b-4e20-a68d-2d53fecac27d:group-DF5F85221825:LeaderElection18] INFO  impl.RaftServerImpl (ServerState.java:setRaftConf(361)) - b61b0354-621b-4e20-a68d-2d53fecac27d:group-DF5F85221825 set configuration 0: [b61b0354-621b-4e20-a68d-2d53fecac27d:192.168.5.185:39516], old=null at 0
2019-09-18 16:23:59,524 | INFO  | SCMAudit | user=jenkins1000 | ip=192.168.5.185 | op=SEND_HEARTBEAT {datanodeUUID=bbe12df8-c2f1-49e2-8ab8-c8f9f8b834ae, command=[]} | ret=SUCCESS |  
2019-09-18 16:23:59,531 | INFO  | SCMAudit | user=jenkins1000 | ip=192.168.5.185 | op=SEND_HEARTBEAT {datanodeUUID=891c1cf7-eb5d-4327-8423-159f04f60044, command=[]} | ret=SUCCESS |  
2019-09-18 16:23:59,554 [b61b0354-621b-4e20-a68d-2d53fecac27d-SegmentedRaftLogWorker:Storage Directory /workdir/hadoop-ozone/integration-test/target/test-dir/MiniOzoneClusterImpl-2d326fd7-59af-45f3-b86b-efdcab7b8137/datanode-0/data/ratis/6dc23056-2a69-4882-b998-df5f85221825] INFO  segmented.SegmentedRaftLogWorker (SegmentedRaftLogWorker.java:execute(569)) - b61b0354-621b-4e20-a68d-2d53fecac27d-SegmentedRaftLogWorker:Storage Directory /workdir/hadoop-ozone/integration-test/target/test-dir/MiniOzoneClusterImpl-2d326fd7-59af-45f3-b86b-efdcab7b8137/datanode-0/data/ratis/6dc23056-2a69-4882-b998-df5f85221825: created new log segment /workdir/hadoop-ozone/integration-test/target/test-dir/MiniOzoneClusterImpl-2d326fd7-59af-45f3-b86b-efdcab7b8137/datanode-0/data/ratis/6dc23056-2a69-4882-b998-df5f85221825/current/log_inprogress_0
2019-09-18 16:23:59,675 [Thread-748] INFO  impl.FollowerState (FollowerState.java:run(106)) - b61b0354-621b-4e20-a68d-2d53fecac27d:group-1A1F4B3A8F4F changes to CANDIDATE, lastRpcTime:5192, electionTimeout:5192ms
2019-09-18 16:23:59,675 [Thread-748] INFO  impl.RoleInfo (RoleInfo.java:shutdownFollowerState(121)) - b61b0354-621b-4e20-a68d-2d53fecac27d: shutdown FollowerState
2019-09-18 16:23:59,675 [Thread-748] INFO  impl.RaftServerImpl (RaftServerImpl.java:setRole(171)) - b61b0354-621b-4e20-a68d-2d53fecac27d:group-1A1F4B3A8F4F changes role from FOLLOWER to CANDIDATE at term 0 for changeToCandidate
2019-09-18 16:23:59,675 [Thread-748] INFO  impl.RoleInfo (RoleInfo.java:updateAndGet(143)) - b61b0354-621b-4e20-a68d-2d53fecac27d: start LeaderElection
2019-09-18 16:23:59,704 [b61b0354-621b-4e20-a68d-2d53fecac27d:group-1A1F4B3A8F4F:LeaderElection19] INFO  impl.LeaderElection (LeaderElection.java:askForVotes(181)) - b61b0354-621b-4e20-a68d-2d53fecac27d:group-1A1F4B3A8F4F:LeaderElection19: begin an election at term 1 for -1: [b61b0354-621b-4e20-a68d-2d53fecac27d:192.168.5.185:39516, 2e09149d-5559-4fea-b716-0eb93f2cac4a:192.168.5.185:43582, 891c1cf7-eb5d-4327-8423-159f04f60044:192.168.5.185:38376], old=null
2019-09-18 16:23:59,709 [Thread-751] INFO  impl.FollowerState (FollowerState.java:run(106)) - 891c1cf7-eb5d-4327-8423-159f04f60044:group-E0FF56B8A51F changes to CANDIDATE, lastRpcTime:5113, electionTimeout:5113ms
2019-09-18 16:23:59,709 [Thread-751] INFO  impl.RoleInfo (RoleInfo.java:shutdownFollowerState(121)) - 891c1cf7-eb5d-4327-8423-159f04f60044: shutdown FollowerState
2019-09-18 16:23:59,709 [Thread-751] INFO  impl.RaftServerImpl (RaftServerImpl.java:setRole(171)) - 891c1cf7-eb5d-4327-8423-159f04f60044:group-E0FF56B8A51F changes role from FOLLOWER to CANDIDATE at term 0 for changeToCandidate
2019-09-18 16:23:59,709 [Thread-751] INFO  impl.RoleInfo (RoleInfo.java:updateAndGet(143)) - 891c1cf7-eb5d-4327-8423-159f04f60044: start LeaderElection
2019-09-18 16:23:59,718 [grpc-default-executor-1] INFO  impl.RaftServerImpl (RaftServerImpl.java:setRole(171)) - 2e09149d-5559-4fea-b716-0eb93f2cac4a:group-1A1F4B3A8F4F changes role from FOLLOWER to FOLLOWER at term 1 for recognizeCandidate:b61b0354-621b-4e20-a68d-2d53fecac27d
2019-09-18 16:23:59,718 [grpc-default-executor-0] INFO  impl.RaftServerImpl (RaftServerImpl.java:setRole(171)) - 891c1cf7-eb5d-4327-8423-159f04f60044:group-1A1F4B3A8F4F changes role from FOLLOWER to FOLLOWER at term 1 for recognizeCandidate:b61b0354-621b-4e20-a68d-2d53fecac27d
2019-09-18 16:23:59,718 [grpc-default-executor-1] INFO  impl.RoleInfo (RoleInfo.java:shutdownFollowerState(121)) - 2e09149d-5559-4fea-b716-0eb93f2cac4a: shutdown FollowerState
2019-09-18 16:23:59,718 [grpc-default-executor-0] INFO  impl.RoleInfo (RoleInfo.java:shutdownFollowerState(121)) - 891c1cf7-eb5d-4327-8423-159f04f60044: shutdown FollowerState
2019-09-18 16:23:59,718 [Thread-760] INFO  impl.FollowerState (FollowerState.java:run(114)) - 2e09149d-5559-4fea-b716-0eb93f2cac4a: FollowerState was interrupted: java.lang.InterruptedException: sleep interrupted
2019-09-18 16:23:59,718 [grpc-default-executor-1] INFO  impl.RoleInfo (RoleInfo.java:updateAndGet(143)) - 2e09149d-5559-4fea-b716-0eb93f2cac4a: start FollowerState
2019-09-18 16:23:59,719 [Thread-754] INFO  impl.FollowerState (FollowerState.java:run(114)) - 891c1cf7-eb5d-4327-8423-159f04f60044: FollowerState was interrupted: java.lang.InterruptedException: sleep interrupted
2019-09-18 16:23:59,718 [grpc-default-executor-0] INFO  impl.RoleInfo (RoleInfo.java:updateAndGet(143)) - 891c1cf7-eb5d-4327-8423-159f04f60044: start FollowerState
2019-09-18 16:23:59,736 | INFO  | SCMAudit | user=jenkins1000 | ip=192.168.5.185 | op=SEND_HEARTBEAT {datanodeUUID=1d911544-627f-4c31-9b8f-a02840ac95b3, command=[]} | ret=SUCCESS |  
2019-09-18 16:23:59,738 [891c1cf7-eb5d-4327-8423-159f04f60044:group-E0FF56B8A51F:LeaderElection20] INFO  impl.LeaderElection (LeaderElection.java:askForVotes(181)) - 891c1cf7-eb5d-4327-8423-159f04f60044:group-E0FF56B8A51F:LeaderElection20: begin an election at term 1 for -1: [891c1cf7-eb5d-4327-8423-159f04f60044:192.168.5.185:38376], old=null
2019-09-18 16:23:59,738 [891c1cf7-eb5d-4327-8423-159f04f60044:group-E0FF56B8A51F:LeaderElection20] INFO  impl.RoleInfo (RoleInfo.java:shutdownLeaderElection(134)) - 891c1cf7-eb5d-4327-8423-159f04f60044: shutdown LeaderElection
2019-09-18 16:23:59,738 [891c1cf7-eb5d-4327-8423-159f04f60044:group-E0FF56B8A51F:LeaderElection20] INFO  impl.RaftServerImpl (RaftServerImpl.java:setRole(171)) - 891c1cf7-eb5d-4327-8423-159f04f60044:group-E0FF56B8A51F changes role from CANDIDATE to LEADER at term 1 for changeToLeader
2019-09-18 16:23:59,738 [891c1cf7-eb5d-4327-8423-159f04f60044:group-E0FF56B8A51F:LeaderElection20] INFO  impl.RaftServerImpl (ServerState.java:setLeader(263)) - 891c1cf7-eb5d-4327-8423-159f04f60044:group-E0FF56B8A51F change Leader from null to 891c1cf7-eb5d-4327-8423-159f04f60044 at term 1 for becomeLeader, leader elected after 5149ms
2019-09-18 16:23:59,741 [891c1cf7-eb5d-4327-8423-159f04f60044:group-E0FF56B8A51F:LeaderElection20] INFO  server.RaftServerConfigKeys (ConfUtils.java:logGet(43)) - raft.server.staging.catchup.gap = 1000 (default)
2019-09-18 16:23:59,742 [891c1cf7-eb5d-4327-8423-159f04f60044:group-E0FF56B8A51F:LeaderElection20] INFO  server.RaftServerConfigKeys (ConfUtils.java:logGet(43)) - raft.server.rpc.sleep.time = 25ms (default)
2019-09-18 16:23:59,742 [891c1cf7-eb5d-4327-8423-159f04f60044:group-E0FF56B8A51F:LeaderElection20] INFO  server.RaftServerConfigKeys (ConfUtils.java:logGet(43)) - raft.server.write.element-limit = 4096 (default)
2019-09-18 16:23:59,742 [891c1cf7-eb5d-4327-8423-159f04f60044:group-E0FF56B8A51F:LeaderElection20] INFO  server.RaftServerConfigKeys (ConfUtils.java:logGet(43)) - raft.server.watch.timeout = 10s (default)
2019-09-18 16:23:59,742 [b61b0354-621b-4e20-a68d-2d53fecac27d:group-1A1F4B3A8F4F:LeaderElection19] INFO  impl.LeaderElection (LeaderElection.java:logAndReturn(56)) - b61b0354-621b-4e20-a68d-2d53fecac27d:group-1A1F4B3A8F4F:LeaderElection19: Election PASSED; received 1 response(s) [b61b0354-621b-4e20-a68d-2d53fecac27d<-2e09149d-5559-4fea-b716-0eb93f2cac4a#0:OK-t1] and 0 exception(s); b61b0354-621b-4e20-a68d-2d53fecac27d:t1, leader=null, voted=b61b0354-621b-4e20-a68d-2d53fecac27d, raftlog=b61b0354-621b-4e20-a68d-2d53fecac27d-SegmentedRaftLog:OPENED:c-1,f-1,i0, conf=-1: [b61b0354-621b-4e20-a68d-2d53fecac27d:192.168.5.185:39516, 2e09149d-5559-4fea-b716-0eb93f2cac4a:192.168.5.185:43582, 891c1cf7-eb5d-4327-8423-159f04f60044:192.168.5.185:38376], old=null
2019-09-18 16:23:59,742 [891c1cf7-eb5d-4327-8423-159f04f60044:group-E0FF56B8A51F:LeaderElection20] INFO  server.RaftServerConfigKeys (ConfUtils.java:logGet(43)) - raft.server.watch.timeout.denomination = 1s (default)
2019-09-18 16:23:59,743 [b61b0354-621b-4e20-a68d-2d53fecac27d:group-1A1F4B3A8F4F:LeaderElection19] INFO  impl.RoleInfo (RoleInfo.java:shutdownLeaderElection(134)) - b61b0354-621b-4e20-a68d-2d53fecac27d: shutdown LeaderElection
2019-09-18 16:23:59,743 | INFO  | SCMAudit | user=jenkins1000 | ip=192.168.5.185 | op=SEND_HEARTBEAT {datanodeUUID=2e09149d-5559-4fea-b716-0eb93f2cac4a, command=[]} | ret=SUCCESS |  
2019-09-18 16:23:59,746 [891c1cf7-eb5d-4327-8423-159f04f60044:group-E0FF56B8A51F:LeaderElection20] INFO  server.RaftServerConfigKeys (ConfUtils.java:logGet(43)) - raft.server.watch.element-limit = 65536 (default)
2019-09-18 16:23:59,746 [b61b0354-621b-4e20-a68d-2d53fecac27d:group-1A1F4B3A8F4F:LeaderElection19] INFO  impl.RaftServerImpl (RaftServerImpl.java:setRole(171)) - b61b0354-621b-4e20-a68d-2d53fecac27d:group-1A1F4B3A8F4F changes role from CANDIDATE to LEADER at term 1 for changeToLeader
2019-09-18 16:23:59,746 [b61b0354-621b-4e20-a68d-2d53fecac27d:group-1A1F4B3A8F4F:LeaderElection19] INFO  impl.RaftServerImpl (ServerState.java:setLeader(263)) - b61b0354-621b-4e20-a68d-2d53fecac27d:group-1A1F4B3A8F4F change Leader from null to b61b0354-621b-4e20-a68d-2d53fecac27d at term 1 for becomeLeader, leader elected after 5269ms
2019-09-18 16:23:59,746 [891c1cf7-eb5d-4327-8423-159f04f60044:group-E0FF56B8A51F:LeaderElection20] INFO  impl.RoleInfo (RoleInfo.java:updateAndGet(143)) - 891c1cf7-eb5d-4327-8423-159f04f60044: start LeaderState
2019-09-18 16:23:59,746 [b61b0354-621b-4e20-a68d-2d53fecac27d:group-1A1F4B3A8F4F:LeaderElection19] INFO  server.RaftServerConfigKeys (ConfUtils.java:logGet(43)) - raft.server.staging.catchup.gap = 1000 (default)
2019-09-18 16:23:59,747 [891c1cf7-eb5d-4327-8423-159f04f60044:group-E0FF56B8A51F:LeaderElection20] INFO  segmented.SegmentedRaftLogWorker (SegmentedRaftLogWorker.java:startLogSegment(380)) - 891c1cf7-eb5d-4327-8423-159f04f60044-SegmentedRaftLogWorker:Storage Directory /workdir/hadoop-ozone/integration-test/target/test-dir/MiniOzoneClusterImpl-2d326fd7-59af-45f3-b86b-efdcab7b8137/datanode-1/data/ratis/a282391a-b7b5-46df-8500-e0ff56b8a51f: Starting segment from index:0
2019-09-18 16:23:59,747 [b61b0354-621b-4e20-a68d-2d53fecac27d:group-1A1F4B3A8F4F:LeaderElection19] INFO  server.RaftServerConfigKeys (ConfUtils.java:logGet(43)) - raft.server.rpc.sleep.time = 25ms (default)
2019-09-18 16:23:59,747 [b61b0354-621b-4e20-a68d-2d53fecac27d:group-1A1F4B3A8F4F:LeaderElection19] INFO  server.RaftServerConfigKeys (ConfUtils.java:logGet(43)) - raft.server.write.element-limit = 4096 (default)
2019-09-18 16:23:59,747 [891c1cf7-eb5d-4327-8423-159f04f60044:group-E0FF56B8A51F:LeaderElection20] INFO  impl.RaftServerImpl (ServerState.java:setRaftConf(361)) - 891c1cf7-eb5d-4327-8423-159f04f60044:group-E0FF56B8A51F set configuration 0: [891c1cf7-eb5d-4327-8423-159f04f60044:192.168.5.185:38376], old=null at 0
2019-09-18 16:23:59,747 [b61b0354-621b-4e20-a68d-2d53fecac27d:group-1A1F4B3A8F4F:LeaderElection19] INFO  server.RaftServerConfigKeys (ConfUtils.java:logGet(43)) - raft.server.watch.timeout = 10s (default)
2019-09-18 16:23:59,786 [b61b0354-621b-4e20-a68d-2d53fecac27d:group-1A1F4B3A8F4F:LeaderElection19] INFO  server.RaftServerConfigKeys (ConfUtils.java:logGet(43)) - raft.server.watch.timeout.denomination = 1s (default)
2019-09-18 16:23:59,786 [b61b0354-621b-4e20-a68d-2d53fecac27d:group-1A1F4B3A8F4F:LeaderElection19] INFO  server.RaftServerConfigKeys (ConfUtils.java:logGet(43)) - raft.server.watch.element-limit = 65536 (default)
2019-09-18 16:23:59,786 [b61b0354-621b-4e20-a68d-2d53fecac27d:group-1A1F4B3A8F4F:LeaderElection19] INFO  server.RaftServerConfigKeys (ConfUtils.java:logGet(43)) - raft.server.log.appender.snapshot.chunk.size.max = 16MB (=16777216) (default)
2019-09-18 16:23:59,787 [b61b0354-621b-4e20-a68d-2d53fecac27d:group-1A1F4B3A8F4F:LeaderElection19] INFO  server.RaftServerConfigKeys (ConfUtils.java:logGet(43)) - raft.server.log.appender.buffer.byte-limit = 33554432 (custom)
2019-09-18 16:23:59,787 [b61b0354-621b-4e20-a68d-2d53fecac27d:group-1A1F4B3A8F4F:LeaderElection19] INFO  server.RaftServerConfigKeys (ConfUtils.java:logGet(43)) - raft.server.log.appender.buffer.element-limit = 1 (custom)
2019-09-18 16:23:59,787 [b61b0354-621b-4e20-a68d-2d53fecac27d:group-1A1F4B3A8F4F:LeaderElection19] INFO  grpc.GrpcConfigKeys$Server (ConfUtils.java:logGet(43)) - raft.grpc.server.leader.outstanding.appends.max = 128 (default)
2019-09-18 16:23:59,788 [b61b0354-621b-4e20-a68d-2d53fecac27d:group-1A1F4B3A8F4F:LeaderElection19] INFO  server.RaftServerConfigKeys (ConfUtils.java:logGet(43)) - raft.server.rpc.request.timeout = 3000ms (default)
2019-09-18 16:23:59,788 [b61b0354-621b-4e20-a68d-2d53fecac27d:group-1A1F4B3A8F4F:LeaderElection19] INFO  server.RaftServerConfigKeys (ConfUtils.java:logGet(43)) - raft.server.log.appender.install.snapshot.enabled = false (custom)
2019-09-18 16:23:59,788 [b61b0354-621b-4e20-a68d-2d53fecac27d:group-1A1F4B3A8F4F:LeaderElection19] INFO  server.RaftServerConfigKeys (ConfUtils.java:logGet(43)) - raft.server.log.appender.snapshot.chunk.size.max = 16MB (=16777216) (default)
2019-09-18 16:23:59,788 [b61b0354-621b-4e20-a68d-2d53fecac27d:group-1A1F4B3A8F4F:LeaderElection19] INFO  server.RaftServerConfigKeys (ConfUtils.java:logGet(43)) - raft.server.log.appender.buffer.byte-limit = 33554432 (custom)
2019-09-18 16:23:59,788 [b61b0354-621b-4e20-a68d-2d53fecac27d:group-1A1F4B3A8F4F:LeaderElection19] INFO  server.RaftServerConfigKeys (ConfUtils.java:logGet(43)) - raft.server.log.appender.buffer.element-limit = 1 (custom)
2019-09-18 16:23:59,789 [b61b0354-621b-4e20-a68d-2d53fecac27d:group-1A1F4B3A8F4F:LeaderElection19] INFO  grpc.GrpcConfigKeys$Server (ConfUtils.java:logGet(43)) - raft.grpc.server.leader.outstanding.appends.max = 128 (default)
2019-09-18 16:23:59,789 [b61b0354-621b-4e20-a68d-2d53fecac27d:group-1A1F4B3A8F4F:LeaderElection19] INFO  server.RaftServerConfigKeys (ConfUtils.java:logGet(43)) - raft.server.rpc.request.timeout = 3000ms (default)
2019-09-18 16:23:59,789 [b61b0354-621b-4e20-a68d-2d53fecac27d:group-1A1F4B3A8F4F:LeaderElection19] INFO  server.RaftServerConfigKeys (ConfUtils.java:logGet(43)) - raft.server.log.appender.install.snapshot.enabled = false (custom)
2019-09-18 16:23:59,790 [b61b0354-621b-4e20-a68d-2d53fecac27d:group-1A1F4B3A8F4F:LeaderElection19] INFO  impl.RoleInfo (RoleInfo.java:updateAndGet(143)) - b61b0354-621b-4e20-a68d-2d53fecac27d: start LeaderState
2019-09-18 16:23:59,790 [b61b0354-621b-4e20-a68d-2d53fecac27d:group-1A1F4B3A8F4F:LeaderElection19] INFO  segmented.SegmentedRaftLogWorker (SegmentedRaftLogWorker.java:startLogSegment(380)) - b61b0354-621b-4e20-a68d-2d53fecac27d-SegmentedRaftLogWorker:Storage Directory /workdir/hadoop-ozone/integration-test/target/test-dir/MiniOzoneClusterImpl-2d326fd7-59af-45f3-b86b-efdcab7b8137/datanode-0/data/ratis/e65f8abc-e731-4264-aeea-1a1f4b3a8f4f: Starting segment from index:0
2019-09-18 16:23:59,791 [b61b0354-621b-4e20-a68d-2d53fecac27d:group-1A1F4B3A8F4F:LeaderElection19] INFO  impl.RaftServerImpl (ServerState.java:setRaftConf(361)) - b61b0354-621b-4e20-a68d-2d53fecac27d:group-1A1F4B3A8F4F set configuration 0: [b61b0354-621b-4e20-a68d-2d53fecac27d:192.168.5.185:39516, 2e09149d-5559-4fea-b716-0eb93f2cac4a:192.168.5.185:43582, 891c1cf7-eb5d-4327-8423-159f04f60044:192.168.5.185:38376], old=null at 0
2019-09-18 16:23:59,830 [891c1cf7-eb5d-4327-8423-159f04f60044-SegmentedRaftLogWorker:Storage Directory /workdir/hadoop-ozone/integration-test/target/test-dir/MiniOzoneClusterImpl-2d326fd7-59af-45f3-b86b-efdcab7b8137/datanode-1/data/ratis/a282391a-b7b5-46df-8500-e0ff56b8a51f] INFO  segmented.SegmentedRaftLogWorker (SegmentedRaftLogWorker.java:execute(569)) - 891c1cf7-eb5d-4327-8423-159f04f60044-SegmentedRaftLogWorker:Storage Directory /workdir/hadoop-ozone/integration-test/target/test-dir/MiniOzoneClusterImpl-2d326fd7-59af-45f3-b86b-efdcab7b8137/datanode-1/data/ratis/a282391a-b7b5-46df-8500-e0ff56b8a51f: created new log segment /workdir/hadoop-ozone/integration-test/target/test-dir/MiniOzoneClusterImpl-2d326fd7-59af-45f3-b86b-efdcab7b8137/datanode-1/data/ratis/a282391a-b7b5-46df-8500-e0ff56b8a51f/current/log_inprogress_0
2019-09-18 16:23:59,833 [grpc-default-executor-0] INFO  impl.RaftServerImpl (ServerState.java:setLeader(263)) - 891c1cf7-eb5d-4327-8423-159f04f60044:group-1A1F4B3A8F4F change Leader from null to b61b0354-621b-4e20-a68d-2d53fecac27d at term 1 for appendEntries, leader elected after 5179ms
2019-09-18 16:23:59,834 [grpc-default-executor-1] INFO  impl.RaftServerImpl (ServerState.java:setLeader(263)) - 2e09149d-5559-4fea-b716-0eb93f2cac4a:group-1A1F4B3A8F4F change Leader from null to b61b0354-621b-4e20-a68d-2d53fecac27d at term 1 for appendEntries, leader elected after 4978ms
2019-09-18 16:23:59,847 [b61b0354-621b-4e20-a68d-2d53fecac27d-SegmentedRaftLogWorker:Storage Directory /workdir/hadoop-ozone/integration-test/target/test-dir/MiniOzoneClusterImpl-2d326fd7-59af-45f3-b86b-efdcab7b8137/datanode-0/data/ratis/e65f8abc-e731-4264-aeea-1a1f4b3a8f4f] INFO  segmented.SegmentedRaftLogWorker (SegmentedRaftLogWorker.java:execute(569)) - b61b0354-621b-4e20-a68d-2d53fecac27d-SegmentedRaftLogWorker:Storage Directory /workdir/hadoop-ozone/integration-test/target/test-dir/MiniOzoneClusterImpl-2d326fd7-59af-45f3-b86b-efdcab7b8137/datanode-0/data/ratis/e65f8abc-e731-4264-aeea-1a1f4b3a8f4f: created new log segment /workdir/hadoop-ozone/integration-test/target/test-dir/MiniOzoneClusterImpl-2d326fd7-59af-45f3-b86b-efdcab7b8137/datanode-0/data/ratis/e65f8abc-e731-4264-aeea-1a1f4b3a8f4f/current/log_inprogress_0
2019-09-18 16:23:59,850 [grpc-default-executor-1] INFO  impl.RaftServerImpl (ServerState.java:setRaftConf(361)) - 891c1cf7-eb5d-4327-8423-159f04f60044:group-1A1F4B3A8F4F set configuration 0: [b61b0354-621b-4e20-a68d-2d53fecac27d:192.168.5.185:39516, 2e09149d-5559-4fea-b716-0eb93f2cac4a:192.168.5.185:43582, 891c1cf7-eb5d-4327-8423-159f04f60044:192.168.5.185:38376], old=null at 0
2019-09-18 16:23:59,850 [grpc-default-executor-1] INFO  segmented.SegmentedRaftLogWorker (SegmentedRaftLogWorker.java:startLogSegment(380)) - 891c1cf7-eb5d-4327-8423-159f04f60044-SegmentedRaftLogWorker:Storage Directory /workdir/hadoop-ozone/integration-test/target/test-dir/MiniOzoneClusterImpl-2d326fd7-59af-45f3-b86b-efdcab7b8137/datanode-1/data/ratis/e65f8abc-e731-4264-aeea-1a1f4b3a8f4f: Starting segment from index:0
2019-09-18 16:23:59,891 [grpc-default-executor-1] INFO  impl.RaftServerImpl (ServerState.java:setRaftConf(361)) - 2e09149d-5559-4fea-b716-0eb93f2cac4a:group-1A1F4B3A8F4F set configuration 0: [b61b0354-621b-4e20-a68d-2d53fecac27d:192.168.5.185:39516, 2e09149d-5559-4fea-b716-0eb93f2cac4a:192.168.5.185:43582, 891c1cf7-eb5d-4327-8423-159f04f60044:192.168.5.185:38376], old=null at 0
2019-09-18 16:23:59,891 [grpc-default-executor-1] INFO  segmented.SegmentedRaftLogWorker (SegmentedRaftLogWorker.java:startLogSegment(380)) - 2e09149d-5559-4fea-b716-0eb93f2cac4a-SegmentedRaftLogWorker:Storage Directory /workdir/hadoop-ozone/integration-test/target/test-dir/MiniOzoneClusterImpl-2d326fd7-59af-45f3-b86b-efdcab7b8137/datanode-2/data/ratis/e65f8abc-e731-4264-aeea-1a1f4b3a8f4f: Starting segment from index:0
2019-09-18 16:23:59,913 [Thread-757] INFO  impl.FollowerState (FollowerState.java:run(106)) - 2e09149d-5559-4fea-b716-0eb93f2cac4a:group-D93F7E33EFFD changes to CANDIDATE, lastRpcTime:5103, electionTimeout:5103ms
2019-09-18 16:23:59,913 [Thread-757] INFO  impl.RoleInfo (RoleInfo.java:shutdownFollowerState(121)) - 2e09149d-5559-4fea-b716-0eb93f2cac4a: shutdown FollowerState
2019-09-18 16:23:59,913 [Thread-757] INFO  impl.RaftServerImpl (RaftServerImpl.java:setRole(171)) - 2e09149d-5559-4fea-b716-0eb93f2cac4a:group-D93F7E33EFFD changes role from FOLLOWER to CANDIDATE at term 0 for changeToCandidate
2019-09-18 16:23:59,913 [Thread-757] INFO  impl.RoleInfo (RoleInfo.java:updateAndGet(143)) - 2e09149d-5559-4fea-b716-0eb93f2cac4a: start LeaderElection
2019-09-18 16:23:59,935 [891c1cf7-eb5d-4327-8423-159f04f60044-SegmentedRaftLogWorker:Storage Directory /workdir/hadoop-ozone/integration-test/target/test-dir/MiniOzoneClusterImpl-2d326fd7-59af-45f3-b86b-efdcab7b8137/datanode-1/data/ratis/e65f8abc-e731-4264-aeea-1a1f4b3a8f4f] INFO  segmented.SegmentedRaftLogWorker (SegmentedRaftLogWorker.java:execute(569)) - 891c1cf7-eb5d-4327-8423-159f04f60044-SegmentedRaftLogWorker:Storage Directory /workdir/hadoop-ozone/integration-test/target/test-dir/MiniOzoneClusterImpl-2d326fd7-59af-45f3-b86b-efdcab7b8137/datanode-1/data/ratis/e65f8abc-e731-4264-aeea-1a1f4b3a8f4f: created new log segment /workdir/hadoop-ozone/integration-test/target/test-dir/MiniOzoneClusterImpl-2d326fd7-59af-45f3-b86b-efdcab7b8137/datanode-1/data/ratis/e65f8abc-e731-4264-aeea-1a1f4b3a8f4f/current/log_inprogress_0
2019-09-18 16:23:59,956 [2e09149d-5559-4fea-b716-0eb93f2cac4a-SegmentedRaftLogWorker:Storage Directory /workdir/hadoop-ozone/integration-test/target/test-dir/MiniOzoneClusterImpl-2d326fd7-59af-45f3-b86b-efdcab7b8137/datanode-2/data/ratis/e65f8abc-e731-4264-aeea-1a1f4b3a8f4f] INFO  segmented.SegmentedRaftLogWorker (SegmentedRaftLogWorker.java:execute(569)) - 2e09149d-5559-4fea-b716-0eb93f2cac4a-SegmentedRaftLogWorker:Storage Directory /workdir/hadoop-ozone/integration-test/target/test-dir/MiniOzoneClusterImpl-2d326fd7-59af-45f3-b86b-efdcab7b8137/datanode-2/data/ratis/e65f8abc-e731-4264-aeea-1a1f4b3a8f4f: created new log segment /workdir/hadoop-ozone/integration-test/target/test-dir/MiniOzoneClusterImpl-2d326fd7-59af-45f3-b86b-efdcab7b8137/datanode-2/data/ratis/e65f8abc-e731-4264-aeea-1a1f4b3a8f4f/current/log_inprogress_0
2019-09-18 16:23:59,963 [grpc-default-executor-1] INFO  client.GrpcClientProtocolClient (GrpcClientProtocolClient.java:onNext(255)) - client-08D30C90C1DD->2e09149d-5559-4fea-b716-0eb93f2cac4a: receive RaftClientReply:client-08D30C90C1DD->2e09149d-5559-4fea-b716-0eb93f2cac4a@group-1A1F4B3A8F4F, cid=42, FAILED org.apache.ratis.protocol.NotLeaderException: Server 2e09149d-5559-4fea-b716-0eb93f2cac4a is not the leader (b61b0354-621b-4e20-a68d-2d53fecac27d:192.168.5.185:39516). Request must be sent to leader., logIndex=0, commits[2e09149d-5559-4fea-b716-0eb93f2cac4a:c-1, b61b0354-621b-4e20-a68d-2d53fecac27d:c-1, 891c1cf7-eb5d-4327-8423-159f04f60044:c-1]
2019-09-18 16:23:59,974 [2e09149d-5559-4fea-b716-0eb93f2cac4a:group-D93F7E33EFFD:LeaderElection21] INFO  impl.LeaderElection (LeaderElection.java:askForVotes(181)) - 2e09149d-5559-4fea-b716-0eb93f2cac4a:group-D93F7E33EFFD:LeaderElection21: begin an election at term 1 for -1: [2e09149d-5559-4fea-b716-0eb93f2cac4a:192.168.5.185:43582], old=null
2019-09-18 16:23:59,974 [2e09149d-5559-4fea-b716-0eb93f2cac4a:group-D93F7E33EFFD:LeaderElection21] INFO  impl.RoleInfo (RoleInfo.java:shutdownLeaderElection(134)) - 2e09149d-5559-4fea-b716-0eb93f2cac4a: shutdown LeaderElection
2019-09-18 16:23:59,974 [2e09149d-5559-4fea-b716-0eb93f2cac4a:group-D93F7E33EFFD:LeaderElection21] INFO  impl.RaftServerImpl (RaftServerImpl.java:setRole(171)) - 2e09149d-5559-4fea-b716-0eb93f2cac4a:group-D93F7E33EFFD changes role from CANDIDATE to LEADER at term 1 for changeToLeader
2019-09-18 16:23:59,974 [2e09149d-5559-4fea-b716-0eb93f2cac4a:group-D93F7E33EFFD:LeaderElection21] INFO  impl.RaftServerImpl (ServerState.java:setLeader(263)) - 2e09149d-5559-4fea-b716-0eb93f2cac4a:group-D93F7E33EFFD change Leader from null to 2e09149d-5559-4fea-b716-0eb93f2cac4a at term 1 for becomeLeader, leader elected after 5170ms
2019-09-18 16:23:59,977 [2e09149d-5559-4fea-b716-0eb93f2cac4a:group-D93F7E33EFFD:LeaderElection21] INFO  server.RaftServerConfigKeys (ConfUtils.java:logGet(43)) - raft.server.staging.catchup.gap = 1000 (default)
2019-09-18 16:23:59,978 [2e09149d-5559-4fea-b716-0eb93f2cac4a:group-D93F7E33EFFD:LeaderElection21] INFO  server.RaftServerConfigKeys (ConfUtils.java:logGet(43)) - raft.server.rpc.sleep.time = 25ms (default)
2019-09-18 16:23:59,978 [2e09149d-5559-4fea-b716-0eb93f2cac4a:group-D93F7E33EFFD:LeaderElection21] INFO  server.RaftServerConfigKeys (ConfUtils.java:logGet(43)) - raft.server.write.element-limit = 4096 (default)
2019-09-18 16:23:59,978 [2e09149d-5559-4fea-b716-0eb93f2cac4a:group-D93F7E33EFFD:LeaderElection21] INFO  server.RaftServerConfigKeys (ConfUtils.java:logGet(43)) - raft.server.watch.timeout = 10s (default)
2019-09-18 16:23:59,978 [2e09149d-5559-4fea-b716-0eb93f2cac4a:group-D93F7E33EFFD:LeaderElection21] INFO  server.RaftServerConfigKeys (ConfUtils.java:logGet(43)) - raft.server.watch.timeout.denomination = 1s (default)
2019-09-18 16:23:59,979 [2e09149d-5559-4fea-b716-0eb93f2cac4a:group-D93F7E33EFFD:LeaderElection21] INFO  server.RaftServerConfigKeys (ConfUtils.java:logGet(43)) - raft.server.watch.element-limit = 65536 (default)
2019-09-18 16:23:59,979 [2e09149d-5559-4fea-b716-0eb93f2cac4a:group-D93F7E33EFFD:LeaderElection21] INFO  impl.RoleInfo (RoleInfo.java:updateAndGet(143)) - 2e09149d-5559-4fea-b716-0eb93f2cac4a: start LeaderState
2019-09-18 16:23:59,979 [2e09149d-5559-4fea-b716-0eb93f2cac4a:group-D93F7E33EFFD:LeaderElection21] INFO  segmented.SegmentedRaftLogWorker (SegmentedRaftLogWorker.java:startLogSegment(380)) - 2e09149d-5559-4fea-b716-0eb93f2cac4a-SegmentedRaftLogWorker:Storage Directory /workdir/hadoop-ozone/integration-test/target/test-dir/MiniOzoneClusterImpl-2d326fd7-59af-45f3-b86b-efdcab7b8137/datanode-2/data/ratis/5810f2a7-6b56-41b1-9180-d93f7e33effd: Starting segment from index:0
2019-09-18 16:23:59,980 [2e09149d-5559-4fea-b716-0eb93f2cac4a:group-D93F7E33EFFD:LeaderElection21] INFO  impl.RaftServerImpl (ServerState.java:setRaftConf(361)) - 2e09149d-5559-4fea-b716-0eb93f2cac4a:group-D93F7E33EFFD set configuration 0: [2e09149d-5559-4fea-b716-0eb93f2cac4a:192.168.5.185:43582], old=null at 0
2019-09-18 16:24:00,040 [2e09149d-5559-4fea-b716-0eb93f2cac4a-SegmentedRaftLogWorker:Storage Directory /workdir/hadoop-ozone/integration-test/target/test-dir/MiniOzoneClusterImpl-2d326fd7-59af-45f3-b86b-efdcab7b8137/datanode-2/data/ratis/5810f2a7-6b56-41b1-9180-d93f7e33effd] INFO  segmented.SegmentedRaftLogWorker (SegmentedRaftLogWorker.java:execute(569)) - 2e09149d-5559-4fea-b716-0eb93f2cac4a-SegmentedRaftLogWorker:Storage Directory /workdir/hadoop-ozone/integration-test/target/test-dir/MiniOzoneClusterImpl-2d326fd7-59af-45f3-b86b-efdcab7b8137/datanode-2/data/ratis/5810f2a7-6b56-41b1-9180-d93f7e33effd: created new log segment /workdir/hadoop-ozone/integration-test/target/test-dir/MiniOzoneClusterImpl-2d326fd7-59af-45f3-b86b-efdcab7b8137/datanode-2/data/ratis/5810f2a7-6b56-41b1-9180-d93f7e33effd/current/log_inprogress_0
2019-09-18 16:24:00,146 | INFO  | SCMAudit | user=jenkins1000 | ip=192.168.5.185 | op=SEND_HEARTBEAT {datanodeUUID=8884bba7-3460-4b10-8d54-dd5499715d80, command=[]} | ret=SUCCESS |  
2019-09-18 16:24:00,210 [Thread-763] INFO  impl.FollowerState (FollowerState.java:run(106)) - 8884bba7-3460-4b10-8d54-dd5499715d80:group-E03C033DA6AE changes to CANDIDATE, lastRpcTime:5006, electionTimeout:5006ms
2019-09-18 16:24:00,210 [Thread-763] INFO  impl.RoleInfo (RoleInfo.java:shutdownFollowerState(121)) - 8884bba7-3460-4b10-8d54-dd5499715d80: shutdown FollowerState
2019-09-18 16:24:00,210 [Thread-763] INFO  impl.RaftServerImpl (RaftServerImpl.java:setRole(171)) - 8884bba7-3460-4b10-8d54-dd5499715d80:group-E03C033DA6AE changes role from FOLLOWER to CANDIDATE at term 0 for changeToCandidate
2019-09-18 16:24:00,210 [Thread-763] INFO  impl.RoleInfo (RoleInfo.java:updateAndGet(143)) - 8884bba7-3460-4b10-8d54-dd5499715d80: start LeaderElection
2019-09-18 16:24:00,241 | INFO  | DNAudit | user=null | ip=null | op=CREATE_CONTAINER {containerID=1, containerType=KeyValueContainer} | ret=SUCCESS |  
2019-09-18 16:24:00,247 [8884bba7-3460-4b10-8d54-dd5499715d80:group-E03C033DA6AE:LeaderElection22] INFO  impl.LeaderElection (LeaderElection.java:askForVotes(181)) - 8884bba7-3460-4b10-8d54-dd5499715d80:group-E03C033DA6AE:LeaderElection22: begin an election at term 1 for -1: [8884bba7-3460-4b10-8d54-dd5499715d80:192.168.5.185:35786], old=null
2019-09-18 16:24:00,250 | INFO  | DNAudit | user=null | ip=null | op=CREATE_CONTAINER {containerID=1, containerType=KeyValueContainer} | ret=SUCCESS |  
2019-09-18 16:24:00,250 [8884bba7-3460-4b10-8d54-dd5499715d80:group-E03C033DA6AE:LeaderElection22] INFO  impl.RoleInfo (RoleInfo.java:shutdownLeaderElection(134)) - 8884bba7-3460-4b10-8d54-dd5499715d80: shutdown LeaderElection
2019-09-18 16:24:00,250 | INFO  | DNAudit | user=null | ip=null | op=CREATE_CONTAINER {containerID=1, containerType=KeyValueContainer} | ret=SUCCESS |  
2019-09-18 16:24:00,250 [8884bba7-3460-4b10-8d54-dd5499715d80:group-E03C033DA6AE:LeaderElection22] INFO  impl.RaftServerImpl (RaftServerImpl.java:setRole(171)) - 8884bba7-3460-4b10-8d54-dd5499715d80:group-E03C033DA6AE changes role from CANDIDATE to LEADER at term 1 for changeToLeader
2019-09-18 16:24:00,250 [8884bba7-3460-4b10-8d54-dd5499715d80:group-E03C033DA6AE:LeaderElection22] INFO  impl.RaftServerImpl (ServerState.java:setLeader(263)) - 8884bba7-3460-4b10-8d54-dd5499715d80:group-E03C033DA6AE change Leader from null to 8884bba7-3460-4b10-8d54-dd5499715d80 at term 1 for becomeLeader, leader elected after 5052ms
2019-09-18 16:24:00,251 | INFO  | SCMAudit | user=jenkins1000 | ip=192.168.5.185 | op=SEND_HEARTBEAT {datanodeUUID=b61b0354-621b-4e20-a68d-2d53fecac27d, command=[]} | ret=SUCCESS |  
2019-09-18 16:24:00,254 [8884bba7-3460-4b10-8d54-dd5499715d80:group-E03C033DA6AE:LeaderElection22] INFO  server.RaftServerConfigKeys (ConfUtils.java:logGet(43)) - raft.server.staging.catchup.gap = 1000 (default)
2019-09-18 16:24:00,254 [8884bba7-3460-4b10-8d54-dd5499715d80:group-E03C033DA6AE:LeaderElection22] INFO  server.RaftServerConfigKeys (ConfUtils.java:logGet(43)) - raft.server.rpc.sleep.time = 25ms (default)
2019-09-18 16:24:00,254 [8884bba7-3460-4b10-8d54-dd5499715d80:group-E03C033DA6AE:LeaderElection22] INFO  server.RaftServerConfigKeys (ConfUtils.java:logGet(43)) - raft.server.write.element-limit = 4096 (default)
2019-09-18 16:24:00,255 | INFO  | SCMAudit | user=jenkins1000 | ip=192.168.5.185 | op=SEND_HEARTBEAT {datanodeUUID=2e09149d-5559-4fea-b716-0eb93f2cac4a, command=[]} | ret=SUCCESS |  
2019-09-18 16:24:00,255 [8884bba7-3460-4b10-8d54-dd5499715d80:group-E03C033DA6AE:LeaderElection22] INFO  server.RaftServerConfigKeys (ConfUtils.java:logGet(43)) - raft.server.watch.timeout = 10s (default)
2019-09-18 16:24:00,255 [8884bba7-3460-4b10-8d54-dd5499715d80:group-E03C033DA6AE:LeaderElection22] INFO  server.RaftServerConfigKeys (ConfUtils.java:logGet(43)) - raft.server.watch.timeout.denomination = 1s (default)
2019-09-18 16:24:00,255 | INFO  | SCMAudit | user=jenkins1000 | ip=192.168.5.185 | op=SEND_HEARTBEAT {datanodeUUID=891c1cf7-eb5d-4327-8423-159f04f60044, command=[]} | ret=SUCCESS |  
2019-09-18 16:24:00,255 [grpc-default-executor-2] INFO  client.GrpcClientProtocolClient (GrpcClientProtocolClient.java:onNext(255)) - client-08D30C90C1DD->b61b0354-621b-4e20-a68d-2d53fecac27d: receive RaftClientReply:client-08D30C90C1DD->b61b0354-621b-4e20-a68d-2d53fecac27d@group-1A1F4B3A8F4F, cid=42, SUCCESS, logIndex=1, commits[b61b0354-621b-4e20-a68d-2d53fecac27d:c2, 2e09149d-5559-4fea-b716-0eb93f2cac4a:c1, 891c1cf7-eb5d-4327-8423-159f04f60044:c1]
2019-09-18 16:24:00,255 [8884bba7-3460-4b10-8d54-dd5499715d80:group-E03C033DA6AE:LeaderElection22] INFO  server.RaftServerConfigKeys (ConfUtils.java:logGet(43)) - raft.server.watch.element-limit = 65536 (default)
2019-09-18 16:24:00,256 [8884bba7-3460-4b10-8d54-dd5499715d80:group-E03C033DA6AE:LeaderElection22] INFO  impl.RoleInfo (RoleInfo.java:updateAndGet(143)) - 8884bba7-3460-4b10-8d54-dd5499715d80: start LeaderState
2019-09-18 16:24:00,256 [8884bba7-3460-4b10-8d54-dd5499715d80:group-E03C033DA6AE:LeaderElection22] INFO  segmented.SegmentedRaftLogWorker (SegmentedRaftLogWorker.java:startLogSegment(380)) - 8884bba7-3460-4b10-8d54-dd5499715d80-SegmentedRaftLogWorker:Storage Directory /workdir/hadoop-ozone/integration-test/target/test-dir/MiniOzoneClusterImpl-2d326fd7-59af-45f3-b86b-efdcab7b8137/datanode-3/data/ratis/97b77e94-b28f-4788-bd5f-e03c033da6ae: Starting segment from index:0
2019-09-18 16:24:00,264 [8884bba7-3460-4b10-8d54-dd5499715d80:group-E03C033DA6AE:LeaderElection22] INFO  impl.RaftServerImpl (ServerState.java:setRaftConf(361)) - 8884bba7-3460-4b10-8d54-dd5499715d80:group-E03C033DA6AE set configuration 0: [8884bba7-3460-4b10-8d54-dd5499715d80:192.168.5.185:35786], old=null at 0
2019-09-18 16:24:00,300 [Thread-766] INFO  impl.FollowerState (FollowerState.java:run(106)) - 8884bba7-3460-4b10-8d54-dd5499715d80:group-6A4DEB0FBF45 changes to CANDIDATE, lastRpcTime:5038, electionTimeout:5031ms
2019-09-18 16:24:00,300 [Thread-766] INFO  impl.RoleInfo (RoleInfo.java:shutdownFollowerState(121)) - 8884bba7-3460-4b10-8d54-dd5499715d80: shutdown FollowerState
2019-09-18 16:24:00,300 [Thread-766] INFO  impl.RaftServerImpl (RaftServerImpl.java:setRole(171)) - 8884bba7-3460-4b10-8d54-dd5499715d80:group-6A4DEB0FBF45 changes role from FOLLOWER to CANDIDATE at term 0 for changeToCandidate
2019-09-18 16:24:00,300 [Thread-766] INFO  impl.RoleInfo (RoleInfo.java:updateAndGet(143)) - 8884bba7-3460-4b10-8d54-dd5499715d80: start LeaderElection
2019-09-18 16:24:00,321 [8884bba7-3460-4b10-8d54-dd5499715d80-SegmentedRaftLogWorker:Storage Directory /workdir/hadoop-ozone/integration-test/target/test-dir/MiniOzoneClusterImpl-2d326fd7-59af-45f3-b86b-efdcab7b8137/datanode-3/data/ratis/97b77e94-b28f-4788-bd5f-e03c033da6ae] INFO  segmented.SegmentedRaftLogWorker (SegmentedRaftLogWorker.java:execute(569)) - 8884bba7-3460-4b10-8d54-dd5499715d80-SegmentedRaftLogWorker:Storage Directory /workdir/hadoop-ozone/integration-test/target/test-dir/MiniOzoneClusterImpl-2d326fd7-59af-45f3-b86b-efdcab7b8137/datanode-3/data/ratis/97b77e94-b28f-4788-bd5f-e03c033da6ae: created new log segment /workdir/hadoop-ozone/integration-test/target/test-dir/MiniOzoneClusterImpl-2d326fd7-59af-45f3-b86b-efdcab7b8137/datanode-3/data/ratis/97b77e94-b28f-4788-bd5f-e03c033da6ae/current/log_inprogress_0
2019-09-18 16:24:00,322 [8884bba7-3460-4b10-8d54-dd5499715d80:group-6A4DEB0FBF45:LeaderElection23] INFO  impl.LeaderElection (LeaderElection.java:askForVotes(181)) - 8884bba7-3460-4b10-8d54-dd5499715d80:group-6A4DEB0FBF45:LeaderElection23: begin an election at term 1 for -1: [8884bba7-3460-4b10-8d54-dd5499715d80:192.168.5.185:35786, bbe12df8-c2f1-49e2-8ab8-c8f9f8b834ae:192.168.5.185:39796, 8986536d-5b7d-4e16-8929-1d1bb41ad668:192.168.5.185:41338], old=null
2019-09-18 16:24:00,339 [grpc-default-executor-0] INFO  impl.RaftServerImpl (RaftServerImpl.java:setRole(171)) - 8986536d-5b7d-4e16-8929-1d1bb41ad668:group-6A4DEB0FBF45 changes role from FOLLOWER to FOLLOWER at term 1 for recognizeCandidate:8884bba7-3460-4b10-8d54-dd5499715d80
2019-09-18 16:24:00,339 [grpc-default-executor-2] INFO  impl.RaftServerImpl (RaftServerImpl.java:setRole(171)) - bbe12df8-c2f1-49e2-8ab8-c8f9f8b834ae:group-6A4DEB0FBF45 changes role from FOLLOWER to FOLLOWER at term 1 for recognizeCandidate:8884bba7-3460-4b10-8d54-dd5499715d80
2019-09-18 16:24:00,339 [grpc-default-executor-0] INFO  impl.RoleInfo (RoleInfo.java:shutdownFollowerState(121)) - 8986536d-5b7d-4e16-8929-1d1bb41ad668: shutdown FollowerState
2019-09-18 16:24:00,340 [grpc-default-executor-2] INFO  impl.RoleInfo (RoleInfo.java:shutdownFollowerState(121)) - bbe12df8-c2f1-49e2-8ab8-c8f9f8b834ae: shutdown FollowerState
2019-09-18 16:24:00,340 [Thread-779] INFO  impl.FollowerState (FollowerState.java:run(114)) - 8986536d-5b7d-4e16-8929-1d1bb41ad668: FollowerState was interrupted: java.lang.InterruptedException: sleep interrupted
2019-09-18 16:24:00,340 [Thread-785] INFO  impl.FollowerState (FollowerState.java:run(114)) - bbe12df8-c2f1-49e2-8ab8-c8f9f8b834ae: FollowerState was interrupted: java.lang.InterruptedException: sleep interrupted
2019-09-18 16:24:00,340 [grpc-default-executor-0] INFO  impl.RoleInfo (RoleInfo.java:updateAndGet(143)) - 8986536d-5b7d-4e16-8929-1d1bb41ad668: start FollowerState
2019-09-18 16:24:00,340 [grpc-default-executor-2] INFO  impl.RoleInfo (RoleInfo.java:updateAndGet(143)) - bbe12df8-c2f1-49e2-8ab8-c8f9f8b834ae: start FollowerState
2019-09-18 16:24:00,347 | INFO  | SCMAudit | user=jenkins1000 | ip=192.168.5.185 | op=SEND_HEARTBEAT {datanodeUUID=8986536d-5b7d-4e16-8929-1d1bb41ad668, command=[]} | ret=SUCCESS |  
2019-09-18 16:24:00,392 [8884bba7-3460-4b10-8d54-dd5499715d80:group-6A4DEB0FBF45:LeaderElection23] INFO  impl.LeaderElection (LeaderElection.java:logAndReturn(56)) - 8884bba7-3460-4b10-8d54-dd5499715d80:group-6A4DEB0FBF45:LeaderElection23: Election PASSED; received 1 response(s) [8884bba7-3460-4b10-8d54-dd5499715d80<-8986536d-5b7d-4e16-8929-1d1bb41ad668#0:OK-t1] and 0 exception(s); 8884bba7-3460-4b10-8d54-dd5499715d80:t1, leader=null, voted=8884bba7-3460-4b10-8d54-dd5499715d80, raftlog=8884bba7-3460-4b10-8d54-dd5499715d80-SegmentedRaftLog:OPENED:c-1,f-1,i0, conf=-1: [8884bba7-3460-4b10-8d54-dd5499715d80:192.168.5.185:35786, bbe12df8-c2f1-49e2-8ab8-c8f9f8b834ae:192.168.5.185:39796, 8986536d-5b7d-4e16-8929-1d1bb41ad668:192.168.5.185:41338], old=null
2019-09-18 16:24:00,392 [8884bba7-3460-4b10-8d54-dd5499715d80:group-6A4DEB0FBF45:LeaderElection23] INFO  impl.RoleInfo (RoleInfo.java:shutdownLeaderElection(134)) - 8884bba7-3460-4b10-8d54-dd5499715d80: shutdown LeaderElection
2019-09-18 16:24:00,397 [8884bba7-3460-4b10-8d54-dd5499715d80:group-6A4DEB0FBF45:LeaderElection23] INFO  impl.RaftServerImpl (RaftServerImpl.java:setRole(171)) - 8884bba7-3460-4b10-8d54-dd5499715d80:group-6A4DEB0FBF45 changes role from CANDIDATE to LEADER at term 1 for changeToLeader
2019-09-18 16:24:00,397 [8884bba7-3460-4b10-8d54-dd5499715d80:group-6A4DEB0FBF45:LeaderElection23] INFO  impl.RaftServerImpl (ServerState.java:setLeader(263)) - 8884bba7-3460-4b10-8d54-dd5499715d80:group-6A4DEB0FBF45 change Leader from null to 8884bba7-3460-4b10-8d54-dd5499715d80 at term 1 for becomeLeader, leader elected after 5140ms
2019-09-18 16:24:00,397 [8884bba7-3460-4b10-8d54-dd5499715d80:group-6A4DEB0FBF45:LeaderElection23] INFO  server.RaftServerConfigKeys (ConfUtils.java:logGet(43)) - raft.server.staging.catchup.gap = 1000 (default)
2019-09-18 16:24:00,397 [8884bba7-3460-4b10-8d54-dd5499715d80:group-6A4DEB0FBF45:LeaderElection23] INFO  server.RaftServerConfigKeys (ConfUtils.java:logGet(43)) - raft.server.rpc.sleep.time = 25ms (default)
2019-09-18 16:24:00,397 [8884bba7-3460-4b10-8d54-dd5499715d80:group-6A4DEB0FBF45:LeaderElection23] INFO  server.RaftServerConfigKeys (ConfUtils.java:logGet(43)) - raft.server.write.element-limit = 4096 (default)
2019-09-18 16:24:00,398 [8884bba7-3460-4b10-8d54-dd5499715d80:group-6A4DEB0FBF45:LeaderElection23] INFO  server.RaftServerConfigKeys (ConfUtils.java:logGet(43)) - raft.server.watch.timeout = 10s (default)
2019-09-18 16:24:00,398 [8884bba7-3460-4b10-8d54-dd5499715d80:group-6A4DEB0FBF45:LeaderElection23] INFO  server.RaftServerConfigKeys (ConfUtils.java:logGet(43)) - raft.server.watch.timeout.denomination = 1s (default)
2019-09-18 16:24:00,398 [8884bba7-3460-4b10-8d54-dd5499715d80:group-6A4DEB0FBF45:LeaderElection23] INFO  server.RaftServerConfigKeys (ConfUtils.java:logGet(43)) - raft.server.watch.element-limit = 65536 (default)
2019-09-18 16:24:00,398 [8884bba7-3460-4b10-8d54-dd5499715d80:group-6A4DEB0FBF45:LeaderElection23] INFO  server.RaftServerConfigKeys (ConfUtils.java:logGet(43)) - raft.server.log.appender.snapshot.chunk.size.max = 16MB (=16777216) (default)
2019-09-18 16:24:00,398 [8884bba7-3460-4b10-8d54-dd5499715d80:group-6A4DEB0FBF45:LeaderElection23] INFO  server.RaftServerConfigKeys (ConfUtils.java:logGet(43)) - raft.server.log.appender.buffer.byte-limit = 33554432 (custom)
2019-09-18 16:24:00,399 [8884bba7-3460-4b10-8d54-dd5499715d80:group-6A4DEB0FBF45:LeaderElection23] INFO  server.RaftServerConfigKeys (ConfUtils.java:logGet(43)) - raft.server.log.appender.buffer.element-limit = 1 (custom)
2019-09-18 16:24:00,399 [8884bba7-3460-4b10-8d54-dd5499715d80:group-6A4DEB0FBF45:LeaderElection23] INFO  grpc.GrpcConfigKeys$Server (ConfUtils.java:logGet(43)) - raft.grpc.server.leader.outstanding.appends.max = 128 (default)
2019-09-18 16:24:00,399 [8884bba7-3460-4b10-8d54-dd5499715d80:group-6A4DEB0FBF45:LeaderElection23] INFO  server.RaftServerConfigKeys (ConfUtils.java:logGet(43)) - raft.server.rpc.request.timeout = 3000ms (default)
2019-09-18 16:24:00,399 [8884bba7-3460-4b10-8d54-dd5499715d80:group-6A4DEB0FBF45:LeaderElection23] INFO  server.RaftServerConfigKeys (ConfUtils.java:logGet(43)) - raft.server.log.appender.install.snapshot.enabled = false (custom)
2019-09-18 16:24:00,400 [8884bba7-3460-4b10-8d54-dd5499715d80:group-6A4DEB0FBF45:LeaderElection23] INFO  server.RaftServerConfigKeys (ConfUtils.java:logGet(43)) - raft.server.log.appender.snapshot.chunk.size.max = 16MB (=16777216) (default)
2019-09-18 16:24:00,400 [8884bba7-3460-4b10-8d54-dd5499715d80:group-6A4DEB0FBF45:LeaderElection23] INFO  server.RaftServerConfigKeys (ConfUtils.java:logGet(43)) - raft.server.log.appender.buffer.byte-limit = 33554432 (custom)
2019-09-18 16:24:00,400 [8884bba7-3460-4b10-8d54-dd5499715d80:group-6A4DEB0FBF45:LeaderElection23] INFO  server.RaftServerConfigKeys (ConfUtils.java:logGet(43)) - raft.server.log.appender.buffer.element-limit = 1 (custom)
2019-09-18 16:24:00,400 [8884bba7-3460-4b10-8d54-dd5499715d80:group-6A4DEB0FBF45:LeaderElection23] INFO  grpc.GrpcConfigKeys$Server (ConfUtils.java:logGet(43)) - raft.grpc.server.leader.outstanding.appends.max = 128 (default)
2019-09-18 16:24:00,400 [8884bba7-3460-4b10-8d54-dd5499715d80:group-6A4DEB0FBF45:LeaderElection23] INFO  server.RaftServerConfigKeys (ConfUtils.java:logGet(43)) - raft.server.rpc.request.timeout = 3000ms (default)
2019-09-18 16:24:00,401 [8884bba7-3460-4b10-8d54-dd5499715d80:group-6A4DEB0FBF45:LeaderElection23] INFO  server.RaftServerConfigKeys (ConfUtils.java:logGet(43)) - raft.server.log.appender.install.snapshot.enabled = false (custom)
2019-09-18 16:24:00,401 [8884bba7-3460-4b10-8d54-dd5499715d80:group-6A4DEB0FBF45:LeaderElection23] INFO  impl.RoleInfo (RoleInfo.java:updateAndGet(143)) - 8884bba7-3460-4b10-8d54-dd5499715d80: start LeaderState
2019-09-18 16:24:00,401 [8884bba7-3460-4b10-8d54-dd5499715d80:group-6A4DEB0FBF45:LeaderElection23] INFO  segmented.SegmentedRaftLogWorker (SegmentedRaftLogWorker.java:startLogSegment(380)) - 8884bba7-3460-4b10-8d54-dd5499715d80-SegmentedRaftLogWorker:Storage Directory /workdir/hadoop-ozone/integration-test/target/test-dir/MiniOzoneClusterImpl-2d326fd7-59af-45f3-b86b-efdcab7b8137/datanode-3/data/ratis/a6acc001-c642-458b-86d7-6a4deb0fbf45: Starting segment from index:0
2019-09-18 16:24:00,402 [8884bba7-3460-4b10-8d54-dd5499715d80:group-6A4DEB0FBF45:LeaderElection23] INFO  impl.RaftServerImpl (ServerState.java:setRaftConf(361)) - 8884bba7-3460-4b10-8d54-dd5499715d80:group-6A4DEB0FBF45 set configuration 0: [8884bba7-3460-4b10-8d54-dd5499715d80:192.168.5.185:35786, bbe12df8-c2f1-49e2-8ab8-c8f9f8b834ae:192.168.5.185:39796, 8986536d-5b7d-4e16-8929-1d1bb41ad668:192.168.5.185:41338], old=null at 0
2019-09-18 16:24:00,407 [grpc-default-executor-2] INFO  impl.RaftServerImpl (ServerState.java:setLeader(263)) - bbe12df8-c2f1-49e2-8ab8-c8f9f8b834ae:group-6A4DEB0FBF45 change Leader from null to 8884bba7-3460-4b10-8d54-dd5499715d80 at term 1 for appendEntries, leader elected after 4762ms
2019-09-18 16:24:00,407 [grpc-default-executor-0] INFO  impl.RaftServerImpl (ServerState.java:setLeader(263)) - 8986536d-5b7d-4e16-8929-1d1bb41ad668:group-6A4DEB0FBF45 change Leader from null to 8884bba7-3460-4b10-8d54-dd5499715d80 at term 1 for appendEntries, leader elected after 4948ms
2019-09-18 16:24:00,458 [Thread-776] INFO  impl.FollowerState (FollowerState.java:run(106)) - 8986536d-5b7d-4e16-8929-1d1bb41ad668:group-186949E60EA4 changes to CANDIDATE, lastRpcTime:5054, electionTimeout:5008ms
2019-09-18 16:24:00,458 [Thread-776] INFO  impl.RoleInfo (RoleInfo.java:shutdownFollowerState(121)) - 8986536d-5b7d-4e16-8929-1d1bb41ad668: shutdown FollowerState
2019-09-18 16:24:00,459 [Thread-776] INFO  impl.RaftServerImpl (RaftServerImpl.java:setRole(171)) - 8986536d-5b7d-4e16-8929-1d1bb41ad668:group-186949E60EA4 changes role from FOLLOWER to CANDIDATE at term 0 for changeToCandidate
2019-09-18 16:24:00,459 [Thread-776] INFO  impl.RoleInfo (RoleInfo.java:updateAndGet(143)) - 8986536d-5b7d-4e16-8929-1d1bb41ad668: start LeaderElection
2019-09-18 16:24:00,464 [grpc-default-executor-2] INFO  impl.RaftServerImpl (ServerState.java:setRaftConf(361)) - bbe12df8-c2f1-49e2-8ab8-c8f9f8b834ae:group-6A4DEB0FBF45 set configuration 0: [8884bba7-3460-4b10-8d54-dd5499715d80:192.168.5.185:35786, bbe12df8-c2f1-49e2-8ab8-c8f9f8b834ae:192.168.5.185:39796, 8986536d-5b7d-4e16-8929-1d1bb41ad668:192.168.5.185:41338], old=null at 0
2019-09-18 16:24:00,464 [grpc-default-executor-0] INFO  impl.RaftServerImpl (ServerState.java:setRaftConf(361)) - 8986536d-5b7d-4e16-8929-1d1bb41ad668:group-6A4DEB0FBF45 set configuration 0: [8884bba7-3460-4b10-8d54-dd5499715d80:192.168.5.185:35786, bbe12df8-c2f1-49e2-8ab8-c8f9f8b834ae:192.168.5.185:39796, 8986536d-5b7d-4e16-8929-1d1bb41ad668:192.168.5.185:41338], old=null at 0
2019-09-18 16:24:00,464 [grpc-default-executor-2] INFO  segmented.SegmentedRaftLogWorker (SegmentedRaftLogWorker.java:startLogSegment(380)) - bbe12df8-c2f1-49e2-8ab8-c8f9f8b834ae-SegmentedRaftLogWorker:Storage Directory /workdir/hadoop-ozone/integration-test/target/test-dir/MiniOzoneClusterImpl-2d326fd7-59af-45f3-b86b-efdcab7b8137/datanode-5/data/ratis/a6acc001-c642-458b-86d7-6a4deb0fbf45: Starting segment from index:0
2019-09-18 16:24:00,465 [grpc-default-executor-0] INFO  segmented.SegmentedRaftLogWorker (SegmentedRaftLogWorker.java:startLogSegment(380)) - 8986536d-5b7d-4e16-8929-1d1bb41ad668-SegmentedRaftLogWorker:Storage Directory /workdir/hadoop-ozone/integration-test/target/test-dir/MiniOzoneClusterImpl-2d326fd7-59af-45f3-b86b-efdcab7b8137/datanode-4/data/ratis/a6acc001-c642-458b-86d7-6a4deb0fbf45: Starting segment from index:0
2019-09-18 16:24:00,484 [8884bba7-3460-4b10-8d54-dd5499715d80-SegmentedRaftLogWorker:Storage Directory /workdir/hadoop-ozone/integration-test/target/test-dir/MiniOzoneClusterImpl-2d326fd7-59af-45f3-b86b-efdcab7b8137/datanode-3/data/ratis/a6acc001-c642-458b-86d7-6a4deb0fbf45] INFO  segmented.SegmentedRaftLogWorker (SegmentedRaftLogWorker.java:execute(569)) - 8884bba7-3460-4b10-8d54-dd5499715d80-SegmentedRaftLogWorker:Storage Directory /workdir/hadoop-ozone/integration-test/target/test-dir/MiniOzoneClusterImpl-2d326fd7-59af-45f3-b86b-efdcab7b8137/datanode-3/data/ratis/a6acc001-c642-458b-86d7-6a4deb0fbf45: created new log segment /workdir/hadoop-ozone/integration-test/target/test-dir/MiniOzoneClusterImpl-2d326fd7-59af-45f3-b86b-efdcab7b8137/datanode-3/data/ratis/a6acc001-c642-458b-86d7-6a4deb0fbf45/current/log_inprogress_0
2019-09-18 16:24:00,494 [8986536d-5b7d-4e16-8929-1d1bb41ad668:group-186949E60EA4:LeaderElection24] INFO  impl.LeaderElection (LeaderElection.java:askForVotes(181)) - 8986536d-5b7d-4e16-8929-1d1bb41ad668:group-186949E60EA4:LeaderElection24: begin an election at term 1 for -1: [8986536d-5b7d-4e16-8929-1d1bb41ad668:192.168.5.185:41338], old=null
2019-09-18 16:24:00,494 [8986536d-5b7d-4e16-8929-1d1bb41ad668:group-186949E60EA4:LeaderElection24] INFO  impl.RoleInfo (RoleInfo.java:shutdownLeaderElection(134)) - 8986536d-5b7d-4e16-8929-1d1bb41ad668: shutdown LeaderElection
2019-09-18 16:24:00,494 [8986536d-5b7d-4e16-8929-1d1bb41ad668:group-186949E60EA4:LeaderElection24] INFO  impl.RaftServerImpl (RaftServerImpl.java:setRole(171)) - 8986536d-5b7d-4e16-8929-1d1bb41ad668:group-186949E60EA4 changes role from CANDIDATE to LEADER at term 1 for changeToLeader
2019-09-18 16:24:00,494 [8986536d-5b7d-4e16-8929-1d1bb41ad668:group-186949E60EA4:LeaderElection24] INFO  impl.RaftServerImpl (ServerState.java:setLeader(263)) - 8986536d-5b7d-4e16-8929-1d1bb41ad668:group-186949E60EA4 change Leader from null to 8986536d-5b7d-4e16-8929-1d1bb41ad668 at term 1 for becomeLeader, leader elected after 5095ms
2019-09-18 16:24:00,498 [8986536d-5b7d-4e16-8929-1d1bb41ad668:group-186949E60EA4:LeaderElection24] INFO  server.RaftServerConfigKeys (ConfUtils.java:logGet(43)) - raft.server.staging.catchup.gap = 1000 (default)
2019-09-18 16:24:00,498 [8986536d-5b7d-4e16-8929-1d1bb41ad668:group-186949E60EA4:LeaderElection24] INFO  server.RaftServerConfigKeys (ConfUtils.java:logGet(43)) - raft.server.rpc.sleep.time = 25ms (default)
2019-09-18 16:24:00,499 [8986536d-5b7d-4e16-8929-1d1bb41ad668:group-186949E60EA4:LeaderElection24] INFO  server.RaftServerConfigKeys (ConfUtils.java:logGet(43)) - raft.server.write.element-limit = 4096 (default)
2019-09-18 16:24:00,499 [8986536d-5b7d-4e16-8929-1d1bb41ad668:group-186949E60EA4:LeaderElection24] INFO  server.RaftServerConfigKeys (ConfUtils.java:logGet(43)) - raft.server.watch.timeout = 10s (default)
2019-09-18 16:24:00,499 [8986536d-5b7d-4e16-8929-1d1bb41ad668:group-186949E60EA4:LeaderElection24] INFO  server.RaftServerConfigKeys (ConfUtils.java:logGet(43)) - raft.server.watch.timeout.denomination = 1s (default)
2019-09-18 16:24:00,499 [8986536d-5b7d-4e16-8929-1d1bb41ad668:group-186949E60EA4:LeaderElection24] INFO  server.RaftServerConfigKeys (ConfUtils.java:logGet(43)) - raft.server.watch.element-limit = 65536 (default)
2019-09-18 16:24:00,499 [8986536d-5b7d-4e16-8929-1d1bb41ad668:group-186949E60EA4:LeaderElection24] INFO  impl.RoleInfo (RoleInfo.java:updateAndGet(143)) - 8986536d-5b7d-4e16-8929-1d1bb41ad668: start LeaderState
2019-09-18 16:24:00,499 [8986536d-5b7d-4e16-8929-1d1bb41ad668:group-186949E60EA4:LeaderElection24] INFO  segmented.SegmentedRaftLogWorker (SegmentedRaftLogWorker.java:startLogSegment(380)) - 8986536d-5b7d-4e16-8929-1d1bb41ad668-SegmentedRaftLogWorker:Storage Directory /workdir/hadoop-ozone/integration-test/target/test-dir/MiniOzoneClusterImpl-2d326fd7-59af-45f3-b86b-efdcab7b8137/datanode-4/data/ratis/ffd98b12-c665-4ab8-ac8e-186949e60ea4: Starting segment from index:0
2019-09-18 16:24:00,500 [8986536d-5b7d-4e16-8929-1d1bb41ad668:group-186949E60EA4:LeaderElection24] INFO  impl.RaftServerImpl (ServerState.java:setRaftConf(361)) - 8986536d-5b7d-4e16-8929-1d1bb41ad668:group-186949E60EA4 set configuration 0: [8986536d-5b7d-4e16-8929-1d1bb41ad668:192.168.5.185:41338], old=null at 0
2019-09-18 16:24:00,527 [8986536d-5b7d-4e16-8929-1d1bb41ad668-SegmentedRaftLogWorker:Storage Directory /workdir/hadoop-ozone/integration-test/target/test-dir/MiniOzoneClusterImpl-2d326fd7-59af-45f3-b86b-efdcab7b8137/datanode-4/data/ratis/a6acc001-c642-458b-86d7-6a4deb0fbf45] INFO  segmented.SegmentedRaftLogWorker (SegmentedRaftLogWorker.java:execute(569)) - 8986536d-5b7d-4e16-8929-1d1bb41ad668-SegmentedRaftLogWorker:Storage Directory /workdir/hadoop-ozone/integration-test/target/test-dir/MiniOzoneClusterImpl-2d326fd7-59af-45f3-b86b-efdcab7b8137/datanode-4/data/ratis/a6acc001-c642-458b-86d7-6a4deb0fbf45: created new log segment /workdir/hadoop-ozone/integration-test/target/test-dir/MiniOzoneClusterImpl-2d326fd7-59af-45f3-b86b-efdcab7b8137/datanode-4/data/ratis/a6acc001-c642-458b-86d7-6a4deb0fbf45/current/log_inprogress_0
2019-09-18 16:24:00,527 [bbe12df8-c2f1-49e2-8ab8-c8f9f8b834ae-SegmentedRaftLogWorker:Storage Directory /workdir/hadoop-ozone/integration-test/target/test-dir/MiniOzoneClusterImpl-2d326fd7-59af-45f3-b86b-efdcab7b8137/datanode-5/data/ratis/a6acc001-c642-458b-86d7-6a4deb0fbf45] INFO  segmented.SegmentedRaftLogWorker (SegmentedRaftLogWorker.java:execute(569)) - bbe12df8-c2f1-49e2-8ab8-c8f9f8b834ae-SegmentedRaftLogWorker:Storage Directory /workdir/hadoop-ozone/integration-test/target/test-dir/MiniOzoneClusterImpl-2d326fd7-59af-45f3-b86b-efdcab7b8137/datanode-5/data/ratis/a6acc001-c642-458b-86d7-6a4deb0fbf45: created new log segment /workdir/hadoop-ozone/integration-test/target/test-dir/MiniOzoneClusterImpl-2d326fd7-59af-45f3-b86b-efdcab7b8137/datanode-5/data/ratis/a6acc001-c642-458b-86d7-6a4deb0fbf45/current/log_inprogress_0
2019-09-18 16:24:00,528 | INFO  | SCMAudit | user=jenkins1000 | ip=192.168.5.185 | op=SEND_HEARTBEAT {datanodeUUID=bbe12df8-c2f1-49e2-8ab8-c8f9f8b834ae, command=[]} | ret=SUCCESS |  
2019-09-18 16:24:00,637 [8986536d-5b7d-4e16-8929-1d1bb41ad668-SegmentedRaftLogWorker:Storage Directory /workdir/hadoop-ozone/integration-test/target/test-dir/MiniOzoneClusterImpl-2d326fd7-59af-45f3-b86b-efdcab7b8137/datanode-4/data/ratis/ffd98b12-c665-4ab8-ac8e-186949e60ea4] INFO  segmented.SegmentedRaftLogWorker (SegmentedRaftLogWorker.java:execute(569)) - 8986536d-5b7d-4e16-8929-1d1bb41ad668-SegmentedRaftLogWorker:Storage Directory /workdir/hadoop-ozone/integration-test/target/test-dir/MiniOzoneClusterImpl-2d326fd7-59af-45f3-b86b-efdcab7b8137/datanode-4/data/ratis/ffd98b12-c665-4ab8-ac8e-186949e60ea4: created new log segment /workdir/hadoop-ozone/integration-test/target/test-dir/MiniOzoneClusterImpl-2d326fd7-59af-45f3-b86b-efdcab7b8137/datanode-4/data/ratis/ffd98b12-c665-4ab8-ac8e-186949e60ea4/current/log_inprogress_0
2019-09-18 16:24:00,637 [Thread-782] INFO  impl.FollowerState (FollowerState.java:run(106)) - bbe12df8-c2f1-49e2-8ab8-c8f9f8b834ae:group-D020D9522EEE changes to CANDIDATE, lastRpcTime:5053, electionTimeout:5053ms
2019-09-18 16:24:00,638 [Thread-782] INFO  impl.RoleInfo (RoleInfo.java:shutdownFollowerState(121)) - bbe12df8-c2f1-49e2-8ab8-c8f9f8b834ae: shutdown FollowerState
2019-09-18 16:24:00,638 [Thread-782] INFO  impl.RaftServerImpl (RaftServerImpl.java:setRole(171)) - bbe12df8-c2f1-49e2-8ab8-c8f9f8b834ae:group-D020D9522EEE changes role from FOLLOWER to CANDIDATE at term 0 for changeToCandidate
2019-09-18 16:24:00,638 [Thread-782] INFO  impl.RoleInfo (RoleInfo.java:updateAndGet(143)) - bbe12df8-c2f1-49e2-8ab8-c8f9f8b834ae: start LeaderElection
2019-09-18 16:24:00,638 | INFO  | DNAudit | user=null | ip=null | op=CREATE_CONTAINER {containerID=2, containerType=KeyValueContainer} | ret=SUCCESS |  
2019-09-18 16:24:00,638 | INFO  | DNAudit | user=null | ip=null | op=CREATE_CONTAINER {containerID=2, containerType=KeyValueContainer} | ret=SUCCESS |  
2019-09-18 16:24:00,638 | INFO  | DNAudit | user=null | ip=null | op=CREATE_CONTAINER {containerID=2, containerType=KeyValueContainer} | ret=SUCCESS |  
2019-09-18 16:24:00,657 | INFO  | SCMAudit | user=jenkins1000 | ip=192.168.5.185 | op=SEND_HEARTBEAT {datanodeUUID=b61b0354-621b-4e20-a68d-2d53fecac27d, command=[]} | ret=SUCCESS |  
2019-09-18 16:24:00,657 | INFO  | SCMAudit | user=jenkins1000 | ip=192.168.5.185 | op=SEND_HEARTBEAT {datanodeUUID=2e09149d-5559-4fea-b716-0eb93f2cac4a, command=[]} | ret=SUCCESS |  
2019-09-18 16:24:00,657 | INFO  | SCMAudit | user=jenkins1000 | ip=192.168.5.185 | op=SEND_HEARTBEAT {datanodeUUID=891c1cf7-eb5d-4327-8423-159f04f60044, command=[]} | ret=SUCCESS |  
2019-09-18 16:24:00,659 [grpc-default-executor-0] INFO  client.GrpcClientProtocolClient (GrpcClientProtocolClient.java:onNext(255)) - client-08D30C90C1DD->b61b0354-621b-4e20-a68d-2d53fecac27d: receive RaftClientReply:client-08D30C90C1DD->b61b0354-621b-4e20-a68d-2d53fecac27d@group-1A1F4B3A8F4F, cid=43, SUCCESS, logIndex=3, commits[b61b0354-621b-4e20-a68d-2d53fecac27d:c4, 2e09149d-5559-4fea-b716-0eb93f2cac4a:c3, 891c1cf7-eb5d-4327-8423-159f04f60044:c3]
2019-09-18 16:24:00,736 | INFO  | SCMAudit | user=jenkins1000 | ip=192.168.5.185 | op=SEND_HEARTBEAT {datanodeUUID=1d911544-627f-4c31-9b8f-a02840ac95b3, command=[]} | ret=SUCCESS |  
2019-09-18 16:24:00,813 [bbe12df8-c2f1-49e2-8ab8-c8f9f8b834ae:group-D020D9522EEE:LeaderElection25] INFO  impl.LeaderElection (LeaderElection.java:askForVotes(181)) - bbe12df8-c2f1-49e2-8ab8-c8f9f8b834ae:group-D020D9522EEE:LeaderElection25: begin an election at term 1 for -1: [bbe12df8-c2f1-49e2-8ab8-c8f9f8b834ae:192.168.5.185:39796], old=null
2019-09-18 16:24:00,813 [bbe12df8-c2f1-49e2-8ab8-c8f9f8b834ae:group-D020D9522EEE:LeaderElection25] INFO  impl.RoleInfo (RoleInfo.java:shutdownLeaderElection(134)) - bbe12df8-c2f1-49e2-8ab8-c8f9f8b834ae: shutdown LeaderElection
2019-09-18 16:24:00,814 [bbe12df8-c2f1-49e2-8ab8-c8f9f8b834ae:group-D020D9522EEE:LeaderElection25] INFO  impl.RaftServerImpl (RaftServerImpl.java:setRole(171)) - bbe12df8-c2f1-49e2-8ab8-c8f9f8b834ae:group-D020D9522EEE changes role from CANDIDATE to LEADER at term 1 for changeToLeader
2019-09-18 16:24:00,814 [bbe12df8-c2f1-49e2-8ab8-c8f9f8b834ae:group-D020D9522EEE:LeaderElection25] INFO  impl.RaftServerImpl (ServerState.java:setLeader(263)) - bbe12df8-c2f1-49e2-8ab8-c8f9f8b834ae:group-D020D9522EEE change Leader from null to bbe12df8-c2f1-49e2-8ab8-c8f9f8b834ae at term 1 for becomeLeader, leader elected after 5237ms
2019-09-18 16:24:00,818 [bbe12df8-c2f1-49e2-8ab8-c8f9f8b834ae:group-D020D9522EEE:LeaderElection25] INFO  server.RaftServerConfigKeys (ConfUtils.java:logGet(43)) - raft.server.staging.catchup.gap = 1000 (default)
2019-09-18 16:24:00,819 [bbe12df8-c2f1-49e2-8ab8-c8f9f8b834ae:group-D020D9522EEE:LeaderElection25] INFO  server.RaftServerConfigKeys (ConfUtils.java:logGet(43)) - raft.server.rpc.sleep.time = 25ms (default)
2019-09-18 16:24:00,819 [bbe12df8-c2f1-49e2-8ab8-c8f9f8b834ae:group-D020D9522EEE:LeaderElection25] INFO  server.RaftServerConfigKeys (ConfUtils.java:logGet(43)) - raft.server.write.element-limit = 4096 (default)
2019-09-18 16:24:00,819 [bbe12df8-c2f1-49e2-8ab8-c8f9f8b834ae:group-D020D9522EEE:LeaderElection25] INFO  server.RaftServerConfigKeys (ConfUtils.java:logGet(43)) - raft.server.watch.timeout = 10s (default)
2019-09-18 16:24:00,819 [bbe12df8-c2f1-49e2-8ab8-c8f9f8b834ae:group-D020D9522EEE:LeaderElection25] INFO  server.RaftServerConfigKeys (ConfUtils.java:logGet(43)) - raft.server.watch.timeout.denomination = 1s (default)
2019-09-18 16:24:00,819 [bbe12df8-c2f1-49e2-8ab8-c8f9f8b834ae:group-D020D9522EEE:LeaderElection25] INFO  server.RaftServerConfigKeys (ConfUtils.java:logGet(43)) - raft.server.watch.element-limit = 65536 (default)
2019-09-18 16:24:00,820 [bbe12df8-c2f1-49e2-8ab8-c8f9f8b834ae:group-D020D9522EEE:LeaderElection25] INFO  impl.RoleInfo (RoleInfo.java:updateAndGet(143)) - bbe12df8-c2f1-49e2-8ab8-c8f9f8b834ae: start LeaderState
2019-09-18 16:24:00,820 [bbe12df8-c2f1-49e2-8ab8-c8f9f8b834ae:group-D020D9522EEE:LeaderElection25] INFO  segmented.SegmentedRaftLogWorker (SegmentedRaftLogWorker.java:startLogSegment(380)) - bbe12df8-c2f1-49e2-8ab8-c8f9f8b834ae-SegmentedRaftLogWorker:Storage Directory /workdir/hadoop-ozone/integration-test/target/test-dir/MiniOzoneClusterImpl-2d326fd7-59af-45f3-b86b-efdcab7b8137/datanode-5/data/ratis/952e488b-d2ed-4a53-9f49-d020d9522eee: Starting segment from index:0
2019-09-18 16:24:00,821 [bbe12df8-c2f1-49e2-8ab8-c8f9f8b834ae:group-D020D9522EEE:LeaderElection25] INFO  impl.RaftServerImpl (ServerState.java:setRaftConf(361)) - bbe12df8-c2f1-49e2-8ab8-c8f9f8b834ae:group-D020D9522EEE set configuration 0: [bbe12df8-c2f1-49e2-8ab8-c8f9f8b834ae:192.168.5.185:39796], old=null at 0
2019-09-18 16:24:00,890 [Thread-790] INFO  impl.FollowerState (FollowerState.java:run(106)) - 1d911544-627f-4c31-9b8f-a02840ac95b3:group-9EF0958CDEAA changes to CANDIDATE, lastRpcTime:5079, electionTimeout:5079ms
2019-09-18 16:24:00,890 [Thread-790] INFO  impl.RoleInfo (RoleInfo.java:shutdownFollowerState(121)) - 1d911544-627f-4c31-9b8f-a02840ac95b3: shutdown FollowerState
2019-09-18 16:24:00,890 [Thread-790] INFO  impl.RaftServerImpl (RaftServerImpl.java:setRole(171)) - 1d911544-627f-4c31-9b8f-a02840ac95b3:group-9EF0958CDEAA changes role from FOLLOWER to CANDIDATE at term 0 for changeToCandidate
2019-09-18 16:24:00,891 [Thread-790] INFO  impl.RoleInfo (RoleInfo.java:updateAndGet(143)) - 1d911544-627f-4c31-9b8f-a02840ac95b3: start LeaderElection
2019-09-18 16:24:00,939 [bbe12df8-c2f1-49e2-8ab8-c8f9f8b834ae-SegmentedRaftLogWorker:Storage Directory /workdir/hadoop-ozone/integration-test/target/test-dir/MiniOzoneClusterImpl-2d326fd7-59af-45f3-b86b-efdcab7b8137/datanode-5/data/ratis/952e488b-d2ed-4a53-9f49-d020d9522eee] INFO  segmented.SegmentedRaftLogWorker (SegmentedRaftLogWorker.java:execute(569)) - bbe12df8-c2f1-49e2-8ab8-c8f9f8b834ae-SegmentedRaftLogWorker:Storage Directory /workdir/hadoop-ozone/integration-test/target/test-dir/MiniOzoneClusterImpl-2d326fd7-59af-45f3-b86b-efdcab7b8137/datanode-5/data/ratis/952e488b-d2ed-4a53-9f49-d020d9522eee: created new log segment /workdir/hadoop-ozone/integration-test/target/test-dir/MiniOzoneClusterImpl-2d326fd7-59af-45f3-b86b-efdcab7b8137/datanode-5/data/ratis/952e488b-d2ed-4a53-9f49-d020d9522eee/current/log_inprogress_0
2019-09-18 16:24:00,982 [1d911544-627f-4c31-9b8f-a02840ac95b3:group-9EF0958CDEAA:LeaderElection26] INFO  impl.LeaderElection (LeaderElection.java:askForVotes(181)) - 1d911544-627f-4c31-9b8f-a02840ac95b3:group-9EF0958CDEAA:LeaderElection26: begin an election at term 1 for -1: [1d911544-627f-4c31-9b8f-a02840ac95b3:192.168.5.185:36890], old=null
2019-09-18 16:24:00,982 [1d911544-627f-4c31-9b8f-a02840ac95b3:group-9EF0958CDEAA:LeaderElection26] INFO  impl.RoleInfo (RoleInfo.java:shutdownLeaderElection(134)) - 1d911544-627f-4c31-9b8f-a02840ac95b3: shutdown LeaderElection
2019-09-18 16:24:00,982 [1d911544-627f-4c31-9b8f-a02840ac95b3:group-9EF0958CDEAA:LeaderElection26] INFO  impl.RaftServerImpl (RaftServerImpl.java:setRole(171)) - 1d911544-627f-4c31-9b8f-a02840ac95b3:group-9EF0958CDEAA changes role from CANDIDATE to LEADER at term 1 for changeToLeader
2019-09-18 16:24:00,983 [1d911544-627f-4c31-9b8f-a02840ac95b3:group-9EF0958CDEAA:LeaderElection26] INFO  impl.RaftServerImpl (ServerState.java:setLeader(263)) - 1d911544-627f-4c31-9b8f-a02840ac95b3:group-9EF0958CDEAA change Leader from null to 1d911544-627f-4c31-9b8f-a02840ac95b3 at term 1 for becomeLeader, leader elected after 5179ms
2019-09-18 16:24:01,000 [1d911544-627f-4c31-9b8f-a02840ac95b3:group-9EF0958CDEAA:LeaderElection26] INFO  server.RaftServerConfigKeys (ConfUtils.java:logGet(43)) - raft.server.staging.catchup.gap = 1000 (default)
2019-09-18 16:24:01,000 [1d911544-627f-4c31-9b8f-a02840ac95b3:group-9EF0958CDEAA:LeaderElection26] INFO  server.RaftServerConfigKeys (ConfUtils.java:logGet(43)) - raft.server.rpc.sleep.time = 25ms (default)
2019-09-18 16:24:01,000 [1d911544-627f-4c31-9b8f-a02840ac95b3:group-9EF0958CDEAA:LeaderElection26] INFO  server.RaftServerConfigKeys (ConfUtils.java:logGet(43)) - raft.server.write.element-limit = 4096 (default)
2019-09-18 16:24:01,001 [1d911544-627f-4c31-9b8f-a02840ac95b3:group-9EF0958CDEAA:LeaderElection26] INFO  server.RaftServerConfigKeys (ConfUtils.java:logGet(43)) - raft.server.watch.timeout = 10s (default)
2019-09-18 16:24:01,001 [1d911544-627f-4c31-9b8f-a02840ac95b3:group-9EF0958CDEAA:LeaderElection26] INFO  server.RaftServerConfigKeys (ConfUtils.java:logGet(43)) - raft.server.watch.timeout.denomination = 1s (default)
2019-09-18 16:24:01,001 [1d911544-627f-4c31-9b8f-a02840ac95b3:group-9EF0958CDEAA:LeaderElection26] INFO  server.RaftServerConfigKeys (ConfUtils.java:logGet(43)) - raft.server.watch.element-limit = 65536 (default)
2019-09-18 16:24:01,002 [1d911544-627f-4c31-9b8f-a02840ac95b3:group-9EF0958CDEAA:LeaderElection26] INFO  impl.RoleInfo (RoleInfo.java:updateAndGet(143)) - 1d911544-627f-4c31-9b8f-a02840ac95b3: start LeaderState
2019-09-18 16:24:01,002 [1d911544-627f-4c31-9b8f-a02840ac95b3:group-9EF0958CDEAA:LeaderElection26] INFO  segmented.SegmentedRaftLogWorker (SegmentedRaftLogWorker.java:startLogSegment(380)) - 1d911544-627f-4c31-9b8f-a02840ac95b3-SegmentedRaftLogWorker:Storage Directory /workdir/hadoop-ozone/integration-test/target/test-dir/MiniOzoneClusterImpl-2d326fd7-59af-45f3-b86b-efdcab7b8137/datanode-6/data/ratis/53dbf63a-e299-4d57-8e39-9ef0958cdeaa: Starting segment from index:0
2019-09-18 16:24:01,003 [1d911544-627f-4c31-9b8f-a02840ac95b3:group-9EF0958CDEAA:LeaderElection26] INFO  impl.RaftServerImpl (ServerState.java:setRaftConf(361)) - 1d911544-627f-4c31-9b8f-a02840ac95b3:group-9EF0958CDEAA set configuration 0: [1d911544-627f-4c31-9b8f-a02840ac95b3:192.168.5.185:36890], old=null at 0
2019-09-18 16:24:01,066 [1d911544-627f-4c31-9b8f-a02840ac95b3-SegmentedRaftLogWorker:Storage Directory /workdir/hadoop-ozone/integration-test/target/test-dir/MiniOzoneClusterImpl-2d326fd7-59af-45f3-b86b-efdcab7b8137/datanode-6/data/ratis/53dbf63a-e299-4d57-8e39-9ef0958cdeaa] INFO  segmented.SegmentedRaftLogWorker (SegmentedRaftLogWorker.java:execute(569)) - 1d911544-627f-4c31-9b8f-a02840ac95b3-SegmentedRaftLogWorker:Storage Directory /workdir/hadoop-ozone/integration-test/target/test-dir/MiniOzoneClusterImpl-2d326fd7-59af-45f3-b86b-efdcab7b8137/datanode-6/data/ratis/53dbf63a-e299-4d57-8e39-9ef0958cdeaa: created new log segment /workdir/hadoop-ozone/integration-test/target/test-dir/MiniOzoneClusterImpl-2d326fd7-59af-45f3-b86b-efdcab7b8137/datanode-6/data/ratis/53dbf63a-e299-4d57-8e39-9ef0958cdeaa/current/log_inprogress_0
2019-09-18 16:24:01,146 | INFO  | SCMAudit | user=jenkins1000 | ip=192.168.5.185 | op=SEND_HEARTBEAT {datanodeUUID=8884bba7-3460-4b10-8d54-dd5499715d80, command=[]} | ret=SUCCESS |  
2019-09-18 16:24:01,193 | INFO  | DNAudit | user=null | ip=null | op=CREATE_CONTAINER {containerID=3, containerType=KeyValueContainer} | ret=SUCCESS |  
2019-09-18 16:24:01,195 | INFO  | SCMAudit | user=jenkins1000 | ip=192.168.5.185 | op=SEND_HEARTBEAT {datanodeUUID=b61b0354-621b-4e20-a68d-2d53fecac27d, command=[]} | ret=SUCCESS |  
2019-09-18 16:24:01,196 [grpc-default-executor-0] INFO  client.GrpcClientProtocolClient (GrpcClientProtocolClient.java:onNext(255)) - client-08D30C90C1DD->b61b0354-621b-4e20-a68d-2d53fecac27d: receive RaftClientReply:client-08D30C90C1DD->b61b0354-621b-4e20-a68d-2d53fecac27d@group-1A1F4B3A8F4F, cid=44, SUCCESS, logIndex=5, commits[b61b0354-621b-4e20-a68d-2d53fecac27d:c6, 2e09149d-5559-4fea-b716-0eb93f2cac4a:c5, 891c1cf7-eb5d-4327-8423-159f04f60044:c5]
2019-09-18 16:24:01,228 | INFO  | DNAudit | user=null | ip=null | op=CREATE_CONTAINER {containerID=3, containerType=KeyValueContainer} | ret=SUCCESS |  
2019-09-18 16:24:01,229 | INFO  | DNAudit | user=null | ip=null | op=CREATE_CONTAINER {containerID=3, containerType=KeyValueContainer} | ret=SUCCESS |  
2019-09-18 16:24:01,230 | INFO  | SCMAudit | user=jenkins1000 | ip=192.168.5.185 | op=SEND_HEARTBEAT {datanodeUUID=2e09149d-5559-4fea-b716-0eb93f2cac4a, command=[]} | ret=SUCCESS |  
2019-09-18 16:24:01,230 | INFO  | SCMAudit | user=jenkins1000 | ip=192.168.5.185 | op=SEND_HEARTBEAT {datanodeUUID=891c1cf7-eb5d-4327-8423-159f04f60044, command=[]} | ret=SUCCESS |  
2019-09-18 16:24:01,346 | INFO  | SCMAudit | user=jenkins1000 | ip=192.168.5.185 | op=SEND_HEARTBEAT {datanodeUUID=8986536d-5b7d-4e16-8929-1d1bb41ad668, command=[]} | ret=SUCCESS |  
2019-09-18 16:24:01,529 | INFO  | SCMAudit | user=jenkins1000 | ip=192.168.5.185 | op=SEND_HEARTBEAT {datanodeUUID=bbe12df8-c2f1-49e2-8ab8-c8f9f8b834ae, command=[]} | ret=SUCCESS |  
2019-09-18 16:24:01,736 | INFO  | SCMAudit | user=jenkins1000 | ip=192.168.5.185 | op=SEND_HEARTBEAT {datanodeUUID=1d911544-627f-4c31-9b8f-a02840ac95b3, command=[]} | ret=SUCCESS |  
2019-09-18 16:24:02,146 | INFO  | SCMAudit | user=jenkins1000 | ip=192.168.5.185 | op=SEND_HEARTBEAT {datanodeUUID=8884bba7-3460-4b10-8d54-dd5499715d80, command=[]} | ret=SUCCESS |  
2019-09-18 16:24:02,195 | INFO  | SCMAudit | user=jenkins1000 | ip=192.168.5.185 | op=SEND_HEARTBEAT {datanodeUUID=b61b0354-621b-4e20-a68d-2d53fecac27d, command=[]} | ret=SUCCESS |  
2019-09-18 16:24:02,229 | INFO  | SCMAudit | user=jenkins1000 | ip=192.168.5.185 | op=SEND_HEARTBEAT {datanodeUUID=2e09149d-5559-4fea-b716-0eb93f2cac4a, command=[]} | ret=SUCCESS |  
2019-09-18 16:24:02,229 | INFO  | SCMAudit | user=jenkins1000 | ip=192.168.5.185 | op=SEND_HEARTBEAT {datanodeUUID=891c1cf7-eb5d-4327-8423-159f04f60044, command=[]} | ret=SUCCESS |  
2019-09-18 16:24:02,346 | INFO  | SCMAudit | user=jenkins1000 | ip=192.168.5.185 | op=SEND_HEARTBEAT {datanodeUUID=8986536d-5b7d-4e16-8929-1d1bb41ad668, command=[]} | ret=SUCCESS |  
2019-09-18 16:24:02,530 | INFO  | SCMAudit | user=jenkins1000 | ip=192.168.5.185 | op=SEND_HEARTBEAT {datanodeUUID=bbe12df8-c2f1-49e2-8ab8-c8f9f8b834ae, command=[]} | ret=SUCCESS |  
2019-09-18 16:24:02,736 | INFO  | SCMAudit | user=jenkins1000 | ip=192.168.5.185 | op=SEND_HEARTBEAT {datanodeUUID=1d911544-627f-4c31-9b8f-a02840ac95b3, command=[]} | ret=SUCCESS |  
2019-09-18 16:24:03,146 | INFO  | SCMAudit | user=jenkins1000 | ip=192.168.5.185 | op=SEND_HEARTBEAT {datanodeUUID=8884bba7-3460-4b10-8d54-dd5499715d80, command=[]} | ret=SUCCESS |  
2019-09-18 16:24:03,195 | INFO  | SCMAudit | user=jenkins1000 | ip=192.168.5.185 | op=SEND_HEARTBEAT {datanodeUUID=b61b0354-621b-4e20-a68d-2d53fecac27d, command=[]} | ret=SUCCESS |  
2019-09-18 16:24:03,230 | INFO  | SCMAudit | user=jenkins1000 | ip=192.168.5.185 | op=SEND_HEARTBEAT {datanodeUUID=891c1cf7-eb5d-4327-8423-159f04f60044, command=[]} | ret=SUCCESS |  
2019-09-18 16:24:03,230 | INFO  | SCMAudit | user=jenkins1000 | ip=192.168.5.185 | op=SEND_HEARTBEAT {datanodeUUID=2e09149d-5559-4fea-b716-0eb93f2cac4a, command=[]} | ret=SUCCESS |  
2019-09-18 16:24:03,346 | INFO  | SCMAudit | user=jenkins1000 | ip=192.168.5.185 | op=SEND_HEARTBEAT {datanodeUUID=8986536d-5b7d-4e16-8929-1d1bb41ad668, command=[]} | ret=SUCCESS |  
2019-09-18 16:24:03,530 | INFO  | SCMAudit | user=jenkins1000 | ip=192.168.5.185 | op=SEND_HEARTBEAT {datanodeUUID=bbe12df8-c2f1-49e2-8ab8-c8f9f8b834ae, command=[]} | ret=SUCCESS |  
2019-09-18 16:24:03,736 | INFO  | SCMAudit | user=jenkins1000 | ip=192.168.5.185 | op=SEND_HEARTBEAT {datanodeUUID=1d911544-627f-4c31-9b8f-a02840ac95b3, command=[]} | ret=SUCCESS |  
2019-09-18 16:24:04,146 | INFO  | SCMAudit | user=jenkins1000 | ip=192.168.5.185 | op=SEND_HEARTBEAT {datanodeUUID=8884bba7-3460-4b10-8d54-dd5499715d80, command=[]} | ret=SUCCESS |  
2019-09-18 16:24:04,195 | INFO  | SCMAudit | user=jenkins1000 | ip=192.168.5.185 | op=SEND_HEARTBEAT {datanodeUUID=b61b0354-621b-4e20-a68d-2d53fecac27d, command=[]} | ret=SUCCESS |  
2019-09-18 16:24:04,230 | INFO  | SCMAudit | user=jenkins1000 | ip=192.168.5.185 | op=SEND_HEARTBEAT {datanodeUUID=2e09149d-5559-4fea-b716-0eb93f2cac4a, command=[]} | ret=SUCCESS |  
2019-09-18 16:24:04,230 | INFO  | SCMAudit | user=jenkins1000 | ip=192.168.5.185 | op=SEND_HEARTBEAT {datanodeUUID=891c1cf7-eb5d-4327-8423-159f04f60044, command=[]} | ret=SUCCESS |  
2019-09-18 16:24:04,346 | INFO  | SCMAudit | user=jenkins1000 | ip=192.168.5.185 | op=SEND_HEARTBEAT {datanodeUUID=8986536d-5b7d-4e16-8929-1d1bb41ad668, command=[]} | ret=SUCCESS |  
2019-09-18 16:24:04,530 | INFO  | SCMAudit | user=jenkins1000 | ip=192.168.5.185 | op=SEND_HEARTBEAT {datanodeUUID=bbe12df8-c2f1-49e2-8ab8-c8f9f8b834ae, command=[]} | ret=SUCCESS |  
2019-09-18 16:24:04,737 | INFO  | SCMAudit | user=jenkins1000 | ip=192.168.5.185 | op=SEND_HEARTBEAT {datanodeUUID=1d911544-627f-4c31-9b8f-a02840ac95b3, command=[]} | ret=SUCCESS |  
2019-09-18 16:24:05,147 | INFO  | SCMAudit | user=jenkins1000 | ip=192.168.5.185 | op=SEND_HEARTBEAT {datanodeUUID=8884bba7-3460-4b10-8d54-dd5499715d80, command=[]} | ret=SUCCESS |  
2019-09-18 16:24:05,195 | INFO  | SCMAudit | user=jenkins1000 | ip=192.168.5.185 | op=SEND_HEARTBEAT {datanodeUUID=b61b0354-621b-4e20-a68d-2d53fecac27d, command=[]} | ret=SUCCESS |  
2019-09-18 16:24:05,231 | INFO  | SCMAudit | user=jenkins1000 | ip=192.168.5.185 | op=SEND_HEARTBEAT {datanodeUUID=891c1cf7-eb5d-4327-8423-159f04f60044, command=[]} | ret=SUCCESS |  
2019-09-18 16:24:05,231 | INFO  | SCMAudit | user=jenkins1000 | ip=192.168.5.185 | op=SEND_HEARTBEAT {datanodeUUID=2e09149d-5559-4fea-b716-0eb93f2cac4a, command=[]} | ret=SUCCESS |  
2019-09-18 16:24:05,346 | INFO  | SCMAudit | user=jenkins1000 | ip=192.168.5.185 | op=SEND_HEARTBEAT {datanodeUUID=8986536d-5b7d-4e16-8929-1d1bb41ad668, command=[]} | ret=SUCCESS |  
2019-09-18 16:24:05,530 | INFO  | SCMAudit | user=jenkins1000 | ip=192.168.5.185 | op=SEND_HEARTBEAT {datanodeUUID=bbe12df8-c2f1-49e2-8ab8-c8f9f8b834ae, command=[]} | ret=SUCCESS |  
2019-09-18 16:24:05,737 | INFO  | SCMAudit | user=jenkins1000 | ip=192.168.5.185 | op=SEND_HEARTBEAT {datanodeUUID=1d911544-627f-4c31-9b8f-a02840ac95b3, command=[]} | ret=SUCCESS |  
2019-09-18 16:24:06,147 | INFO  | SCMAudit | user=jenkins1000 | ip=192.168.5.185 | op=SEND_HEARTBEAT {datanodeUUID=8884bba7-3460-4b10-8d54-dd5499715d80, command=[]} | ret=SUCCESS |  
2019-09-18 16:24:06,195 | INFO  | SCMAudit | user=jenkins1000 | ip=192.168.5.185 | op=SEND_HEARTBEAT {datanodeUUID=b61b0354-621b-4e20-a68d-2d53fecac27d, command=[]} | ret=SUCCESS |  
2019-09-18 16:24:06,230 | INFO  | SCMAudit | user=jenkins1000 | ip=192.168.5.185 | op=SEND_HEARTBEAT {datanodeUUID=2e09149d-5559-4fea-b716-0eb93f2cac4a, command=[]} | ret=SUCCESS |  
2019-09-18 16:24:06,230 | INFO  | SCMAudit | user=jenkins1000 | ip=192.168.5.185 | op=SEND_HEARTBEAT {datanodeUUID=891c1cf7-eb5d-4327-8423-159f04f60044, command=[]} | ret=SUCCESS |  
2019-09-18 16:24:06,258 [grpc-default-executor-0] INFO  client.GrpcClientProtocolClient (GrpcClientProtocolClient.java:onNext(255)) - client-08D30C90C1DD->891c1cf7-eb5d-4327-8423-159f04f60044: receive RaftClientReply:client-08D30C90C1DD->891c1cf7-eb5d-4327-8423-159f04f60044@group-1A1F4B3A8F4F, cid=45, FAILED org.apache.ratis.protocol.NotLeaderException: Server 891c1cf7-eb5d-4327-8423-159f04f60044 is not the leader (b61b0354-621b-4e20-a68d-2d53fecac27d:192.168.5.185:39516). Request must be sent to leader., logIndex=0, commits[891c1cf7-eb5d-4327-8423-159f04f60044:c8, b61b0354-621b-4e20-a68d-2d53fecac27d:c8, 2e09149d-5559-4fea-b716-0eb93f2cac4a:c8]
2019-09-18 16:24:06,346 | INFO  | SCMAudit | user=jenkins1000 | ip=192.168.5.185 | op=SEND_HEARTBEAT {datanodeUUID=8986536d-5b7d-4e16-8929-1d1bb41ad668, command=[]} | ret=SUCCESS |  
2019-09-18 16:24:06,531 | INFO  | SCMAudit | user=jenkins1000 | ip=192.168.5.185 | op=SEND_HEARTBEAT {datanodeUUID=bbe12df8-c2f1-49e2-8ab8-c8f9f8b834ae, command=[]} | ret=SUCCESS |  
2019-09-18 16:24:06,737 | INFO  | SCMAudit | user=jenkins1000 | ip=192.168.5.185 | op=SEND_HEARTBEAT {datanodeUUID=1d911544-627f-4c31-9b8f-a02840ac95b3, command=[]} | ret=SUCCESS |  
2019-09-18 16:24:07,147 | INFO  | SCMAudit | user=jenkins1000 | ip=192.168.5.185 | op=SEND_HEARTBEAT {datanodeUUID=8884bba7-3460-4b10-8d54-dd5499715d80, command=[]} | ret=SUCCESS |  
2019-09-18 16:24:07,195 | INFO  | SCMAudit | user=jenkins1000 | ip=192.168.5.185 | op=SEND_HEARTBEAT {datanodeUUID=b61b0354-621b-4e20-a68d-2d53fecac27d, command=[]} | ret=SUCCESS |  
2019-09-18 16:24:07,229 | INFO  | SCMAudit | user=jenkins1000 | ip=192.168.5.185 | op=SEND_HEARTBEAT {datanodeUUID=2e09149d-5559-4fea-b716-0eb93f2cac4a, command=[]} | ret=SUCCESS |  
2019-09-18 16:24:07,229 | INFO  | SCMAudit | user=jenkins1000 | ip=192.168.5.185 | op=SEND_HEARTBEAT {datanodeUUID=891c1cf7-eb5d-4327-8423-159f04f60044, command=[]} | ret=SUCCESS |  
2019-09-18 16:24:07,346 | INFO  | SCMAudit | user=jenkins1000 | ip=192.168.5.185 | op=SEND_HEARTBEAT {datanodeUUID=8986536d-5b7d-4e16-8929-1d1bb41ad668, command=[]} | ret=SUCCESS |  
2019-09-18 16:24:07,531 | INFO  | SCMAudit | user=jenkins1000 | ip=192.168.5.185 | op=SEND_HEARTBEAT {datanodeUUID=bbe12df8-c2f1-49e2-8ab8-c8f9f8b834ae, command=[]} | ret=SUCCESS |  
2019-09-18 16:24:07,736 | INFO  | SCMAudit | user=jenkins1000 | ip=192.168.5.185 | op=SEND_HEARTBEAT {datanodeUUID=1d911544-627f-4c31-9b8f-a02840ac95b3, command=[]} | ret=SUCCESS |  
2019-09-18 16:24:08,146 | INFO  | SCMAudit | user=jenkins1000 | ip=192.168.5.185 | op=SEND_HEARTBEAT {datanodeUUID=8884bba7-3460-4b10-8d54-dd5499715d80, command=[]} | ret=SUCCESS |  
2019-09-18 16:24:08,195 | INFO  | SCMAudit | user=jenkins1000 | ip=192.168.5.185 | op=SEND_HEARTBEAT {datanodeUUID=b61b0354-621b-4e20-a68d-2d53fecac27d, command=[]} | ret=SUCCESS |  
2019-09-18 16:24:08,230 | INFO  | SCMAudit | user=jenkins1000 | ip=192.168.5.185 | op=SEND_HEARTBEAT {datanodeUUID=2e09149d-5559-4fea-b716-0eb93f2cac4a, command=[]} | ret=SUCCESS |  
2019-09-18 16:24:08,230 | INFO  | SCMAudit | user=jenkins1000 | ip=192.168.5.185 | op=SEND_HEARTBEAT {datanodeUUID=891c1cf7-eb5d-4327-8423-159f04f60044, command=[]} | ret=SUCCESS |  
2019-09-18 16:24:08,347 | INFO  | SCMAudit | user=jenkins1000 | ip=192.168.5.185 | op=SEND_HEARTBEAT {datanodeUUID=8986536d-5b7d-4e16-8929-1d1bb41ad668, command=[]} | ret=SUCCESS |  
2019-09-18 16:24:08,531 | INFO  | SCMAudit | user=jenkins1000 | ip=192.168.5.185 | op=SEND_HEARTBEAT {datanodeUUID=bbe12df8-c2f1-49e2-8ab8-c8f9f8b834ae, command=[]} | ret=SUCCESS |  
2019-09-18 16:24:08,737 | INFO  | SCMAudit | user=jenkins1000 | ip=192.168.5.185 | op=SEND_HEARTBEAT {datanodeUUID=1d911544-627f-4c31-9b8f-a02840ac95b3, command=[]} | ret=SUCCESS |  
2019-09-18 16:24:09,147 | INFO  | SCMAudit | user=jenkins1000 | ip=192.168.5.185 | op=SEND_HEARTBEAT {datanodeUUID=8884bba7-3460-4b10-8d54-dd5499715d80, command=[]} | ret=SUCCESS |  
2019-09-18 16:24:09,195 | INFO  | SCMAudit | user=jenkins1000 | ip=192.168.5.185 | op=SEND_HEARTBEAT {datanodeUUID=b61b0354-621b-4e20-a68d-2d53fecac27d, command=[]} | ret=SUCCESS |  
2019-09-18 16:24:09,229 | INFO  | SCMAudit | user=jenkins1000 | ip=192.168.5.185 | op=SEND_HEARTBEAT {datanodeUUID=2e09149d-5559-4fea-b716-0eb93f2cac4a, command=[]} | ret=SUCCESS |  
2019-09-18 16:24:09,229 | INFO  | SCMAudit | user=jenkins1000 | ip=192.168.5.185 | op=SEND_HEARTBEAT {datanodeUUID=891c1cf7-eb5d-4327-8423-159f04f60044, command=[]} | ret=SUCCESS |  
2019-09-18 16:24:09,347 | INFO  | SCMAudit | user=jenkins1000 | ip=192.168.5.185 | op=SEND_HEARTBEAT {datanodeUUID=8986536d-5b7d-4e16-8929-1d1bb41ad668, command=[]} | ret=SUCCESS |  
2019-09-18 16:24:09,531 | INFO  | SCMAudit | user=jenkins1000 | ip=192.168.5.185 | op=SEND_HEARTBEAT {datanodeUUID=bbe12df8-c2f1-49e2-8ab8-c8f9f8b834ae, command=[]} | ret=SUCCESS |  
2019-09-18 16:24:09,737 | INFO  | SCMAudit | user=jenkins1000 | ip=192.168.5.185 | op=SEND_HEARTBEAT {datanodeUUID=1d911544-627f-4c31-9b8f-a02840ac95b3, command=[]} | ret=SUCCESS |  
2019-09-18 16:24:10,147 | INFO  | SCMAudit | user=jenkins1000 | ip=192.168.5.185 | op=SEND_HEARTBEAT {datanodeUUID=8884bba7-3460-4b10-8d54-dd5499715d80, command=[]} | ret=SUCCESS |  
2019-09-18 16:24:10,194 | INFO  | SCMAudit | user=jenkins1000 | ip=192.168.5.185 | op=SEND_HEARTBEAT {datanodeUUID=b61b0354-621b-4e20-a68d-2d53fecac27d, command=[]} | ret=SUCCESS |  
2019-09-18 16:24:10,229 | INFO  | SCMAudit | user=jenkins1000 | ip=192.168.5.185 | op=SEND_HEARTBEAT {datanodeUUID=891c1cf7-eb5d-4327-8423-159f04f60044, command=[]} | ret=SUCCESS |  
2019-09-18 16:24:10,230 | INFO  | SCMAudit | user=jenkins1000 | ip=192.168.5.185 | op=SEND_HEARTBEAT {datanodeUUID=2e09149d-5559-4fea-b716-0eb93f2cac4a, command=[]} | ret=SUCCESS |  
2019-09-18 16:24:10,347 | INFO  | SCMAudit | user=jenkins1000 | ip=192.168.5.185 | op=SEND_HEARTBEAT {datanodeUUID=8986536d-5b7d-4e16-8929-1d1bb41ad668, command=[]} | ret=SUCCESS |  
2019-09-18 16:24:10,530 | INFO  | SCMAudit | user=jenkins1000 | ip=192.168.5.185 | op=SEND_HEARTBEAT {datanodeUUID=bbe12df8-c2f1-49e2-8ab8-c8f9f8b834ae, command=[]} | ret=SUCCESS |  
2019-09-18 16:24:10,737 | INFO  | SCMAudit | user=jenkins1000 | ip=192.168.5.185 | op=SEND_HEARTBEAT {datanodeUUID=1d911544-627f-4c31-9b8f-a02840ac95b3, command=[]} | ret=SUCCESS |  
2019-09-18 16:24:11,147 | INFO  | SCMAudit | user=jenkins1000 | ip=192.168.5.185 | op=SEND_HEARTBEAT {datanodeUUID=8884bba7-3460-4b10-8d54-dd5499715d80, command=[]} | ret=SUCCESS |  
2019-09-18 16:24:11,195 | INFO  | SCMAudit | user=jenkins1000 | ip=192.168.5.185 | op=SEND_HEARTBEAT {datanodeUUID=b61b0354-621b-4e20-a68d-2d53fecac27d, command=[]} | ret=SUCCESS |  
2019-09-18 16:24:11,229 | INFO  | SCMAudit | user=jenkins1000 | ip=192.168.5.185 | op=SEND_HEARTBEAT {datanodeUUID=891c1cf7-eb5d-4327-8423-159f04f60044, command=[]} | ret=SUCCESS |  
2019-09-18 16:24:11,230 | INFO  | SCMAudit | user=jenkins1000 | ip=192.168.5.185 | op=SEND_HEARTBEAT {datanodeUUID=2e09149d-5559-4fea-b716-0eb93f2cac4a, command=[]} | ret=SUCCESS |  
2019-09-18 16:24:11,299 [grpc-default-executor-1] INFO  client.GrpcClientProtocolClient (GrpcClientProtocolClient.java:onNext(255)) - client-08D30C90C1DD->2e09149d-5559-4fea-b716-0eb93f2cac4a: receive RaftClientReply:client-08D30C90C1DD->2e09149d-5559-4fea-b716-0eb93f2cac4a@group-1A1F4B3A8F4F, cid=45, FAILED org.apache.ratis.protocol.NotLeaderException: Server 2e09149d-5559-4fea-b716-0eb93f2cac4a is not the leader (b61b0354-621b-4e20-a68d-2d53fecac27d:192.168.5.185:39516). Request must be sent to leader., logIndex=0, commits[2e09149d-5559-4fea-b716-0eb93f2cac4a:c8, b61b0354-621b-4e20-a68d-2d53fecac27d:c8, 891c1cf7-eb5d-4327-8423-159f04f60044:c8]
2019-09-18 16:24:11,346 | INFO  | SCMAudit | user=jenkins1000 | ip=192.168.5.185 | op=SEND_HEARTBEAT {datanodeUUID=8986536d-5b7d-4e16-8929-1d1bb41ad668, command=[]} | ret=SUCCESS |  
2019-09-18 16:24:11,530 | INFO  | SCMAudit | user=jenkins1000 | ip=192.168.5.185 | op=SEND_HEARTBEAT {datanodeUUID=bbe12df8-c2f1-49e2-8ab8-c8f9f8b834ae, command=[]} | ret=SUCCESS |  
2019-09-18 16:24:11,737 | INFO  | SCMAudit | user=jenkins1000 | ip=192.168.5.185 | op=SEND_HEARTBEAT {datanodeUUID=1d911544-627f-4c31-9b8f-a02840ac95b3, command=[]} | ret=SUCCESS |  
2019-09-18 16:24:12,147 | INFO  | SCMAudit | user=jenkins1000 | ip=192.168.5.185 | op=SEND_HEARTBEAT {datanodeUUID=8884bba7-3460-4b10-8d54-dd5499715d80, command=[]} | ret=SUCCESS |  
2019-09-18 16:24:12,195 | INFO  | SCMAudit | user=jenkins1000 | ip=192.168.5.185 | op=SEND_HEARTBEAT {datanodeUUID=b61b0354-621b-4e20-a68d-2d53fecac27d, command=[]} | ret=SUCCESS |  
2019-09-18 16:24:12,229 | INFO  | SCMAudit | user=jenkins1000 | ip=192.168.5.185 | op=SEND_HEARTBEAT {datanodeUUID=891c1cf7-eb5d-4327-8423-159f04f60044, command=[]} | ret=SUCCESS |  
2019-09-18 16:24:12,230 | INFO  | SCMAudit | user=jenkins1000 | ip=192.168.5.185 | op=SEND_HEARTBEAT {datanodeUUID=2e09149d-5559-4fea-b716-0eb93f2cac4a, command=[]} | ret=SUCCESS |  
2019-09-18 16:24:12,346 | INFO  | SCMAudit | user=jenkins1000 | ip=192.168.5.185 | op=SEND_HEARTBEAT {datanodeUUID=8986536d-5b7d-4e16-8929-1d1bb41ad668, command=[]} | ret=SUCCESS |  
2019-09-18 16:24:12,531 | INFO  | SCMAudit | user=jenkins1000 | ip=192.168.5.185 | op=SEND_HEARTBEAT {datanodeUUID=bbe12df8-c2f1-49e2-8ab8-c8f9f8b834ae, command=[]} | ret=SUCCESS |  
2019-09-18 16:24:12,738 | INFO  | SCMAudit | user=jenkins1000 | ip=192.168.5.185 | op=SEND_HEARTBEAT {datanodeUUID=1d911544-627f-4c31-9b8f-a02840ac95b3, command=[]} | ret=SUCCESS |  
2019-09-18 16:24:13,148 | INFO  | SCMAudit | user=jenkins1000 | ip=192.168.5.185 | op=SEND_HEARTBEAT {datanodeUUID=8884bba7-3460-4b10-8d54-dd5499715d80, command=[]} | ret=SUCCESS |  
2019-09-18 16:24:13,195 | INFO  | SCMAudit | user=jenkins1000 | ip=192.168.5.185 | op=SEND_HEARTBEAT {datanodeUUID=b61b0354-621b-4e20-a68d-2d53fecac27d, command=[]} | ret=SUCCESS |  
2019-09-18 16:24:13,229 | INFO  | SCMAudit | user=jenkins1000 | ip=192.168.5.185 | op=SEND_HEARTBEAT {datanodeUUID=891c1cf7-eb5d-4327-8423-159f04f60044, command=[]} | ret=SUCCESS |  
2019-09-18 16:24:13,231 | INFO  | SCMAudit | user=jenkins1000 | ip=192.168.5.185 | op=SEND_HEARTBEAT {datanodeUUID=2e09149d-5559-4fea-b716-0eb93f2cac4a, command=[]} | ret=SUCCESS |  
2019-09-18 16:24:13,346 | INFO  | SCMAudit | user=jenkins1000 | ip=192.168.5.185 | op=SEND_HEARTBEAT {datanodeUUID=8986536d-5b7d-4e16-8929-1d1bb41ad668, command=[]} | ret=SUCCESS |  
2019-09-18 16:24:13,531 | INFO  | SCMAudit | user=jenkins1000 | ip=192.168.5.185 | op=SEND_HEARTBEAT {datanodeUUID=bbe12df8-c2f1-49e2-8ab8-c8f9f8b834ae, command=[]} | ret=SUCCESS |  
2019-09-18 16:24:13,738 | INFO  | SCMAudit | user=jenkins1000 | ip=192.168.5.185 | op=SEND_HEARTBEAT {datanodeUUID=1d911544-627f-4c31-9b8f-a02840ac95b3, command=[]} | ret=SUCCESS |  
2019-09-18 16:24:14,148 | INFO  | SCMAudit | user=jenkins1000 | ip=192.168.5.185 | op=SEND_HEARTBEAT {datanodeUUID=8884bba7-3460-4b10-8d54-dd5499715d80, command=[]} | ret=SUCCESS |  
2019-09-18 16:24:14,195 | INFO  | SCMAudit | user=jenkins1000 | ip=192.168.5.185 | op=SEND_HEARTBEAT {datanodeUUID=b61b0354-621b-4e20-a68d-2d53fecac27d, command=[]} | ret=SUCCESS |  
2019-09-18 16:24:14,230 | INFO  | SCMAudit | user=jenkins1000 | ip=192.168.5.185 | op=SEND_HEARTBEAT {datanodeUUID=891c1cf7-eb5d-4327-8423-159f04f60044, command=[]} | ret=SUCCESS |  
2019-09-18 16:24:14,231 | INFO  | SCMAudit | user=jenkins1000 | ip=192.168.5.185 | op=SEND_HEARTBEAT {datanodeUUID=2e09149d-5559-4fea-b716-0eb93f2cac4a, command=[]} | ret=SUCCESS |  
2019-09-18 16:24:14,346 | INFO  | SCMAudit | user=jenkins1000 | ip=192.168.5.185 | op=SEND_HEARTBEAT {datanodeUUID=8986536d-5b7d-4e16-8929-1d1bb41ad668, command=[]} | ret=SUCCESS |  
2019-09-18 16:24:14,531 | INFO  | SCMAudit | user=jenkins1000 | ip=192.168.5.185 | op=SEND_HEARTBEAT {datanodeUUID=bbe12df8-c2f1-49e2-8ab8-c8f9f8b834ae, command=[]} | ret=SUCCESS |  
2019-09-18 16:24:14,738 | INFO  | SCMAudit | user=jenkins1000 | ip=192.168.5.185 | op=SEND_HEARTBEAT {datanodeUUID=1d911544-627f-4c31-9b8f-a02840ac95b3, command=[]} | ret=SUCCESS |  
2019-09-18 16:24:15,147 | INFO  | SCMAudit | user=jenkins1000 | ip=192.168.5.185 | op=SEND_HEARTBEAT {datanodeUUID=8884bba7-3460-4b10-8d54-dd5499715d80, command=[]} | ret=SUCCESS |  
2019-09-18 16:24:15,195 | INFO  | SCMAudit | user=jenkins1000 | ip=192.168.5.185 | op=SEND_HEARTBEAT {datanodeUUID=b61b0354-621b-4e20-a68d-2d53fecac27d, command=[]} | ret=SUCCESS |  
2019-09-18 16:24:15,229 | INFO  | SCMAudit | user=jenkins1000 | ip=192.168.5.185 | op=SEND_HEARTBEAT {datanodeUUID=891c1cf7-eb5d-4327-8423-159f04f60044, command=[]} | ret=SUCCESS |  
2019-09-18 16:24:15,231 | INFO  | SCMAudit | user=jenkins1000 | ip=192.168.5.185 | op=SEND_HEARTBEAT {datanodeUUID=2e09149d-5559-4fea-b716-0eb93f2cac4a, command=[]} | ret=SUCCESS |  
2019-09-18 16:24:15,346 | INFO  | SCMAudit | user=jenkins1000 | ip=192.168.5.185 | op=SEND_HEARTBEAT {datanodeUUID=8986536d-5b7d-4e16-8929-1d1bb41ad668, command=[]} | ret=SUCCESS |  
2019-09-18 16:24:15,531 | INFO  | SCMAudit | user=jenkins1000 | ip=192.168.5.185 | op=SEND_HEARTBEAT {datanodeUUID=bbe12df8-c2f1-49e2-8ab8-c8f9f8b834ae, command=[]} | ret=SUCCESS |  
2019-09-18 16:24:15,739 | INFO  | SCMAudit | user=jenkins1000 | ip=192.168.5.185 | op=SEND_HEARTBEAT {datanodeUUID=1d911544-627f-4c31-9b8f-a02840ac95b3, command=[]} | ret=SUCCESS |  
2019-09-18 16:24:16,147 | INFO  | SCMAudit | user=jenkins1000 | ip=192.168.5.185 | op=SEND_HEARTBEAT {datanodeUUID=8884bba7-3460-4b10-8d54-dd5499715d80, command=[]} | ret=SUCCESS |  
2019-09-18 16:24:16,195 | INFO  | SCMAudit | user=jenkins1000 | ip=192.168.5.185 | op=SEND_HEARTBEAT {datanodeUUID=b61b0354-621b-4e20-a68d-2d53fecac27d, command=[]} | ret=SUCCESS |  
2019-09-18 16:24:16,229 | INFO  | SCMAudit | user=jenkins1000 | ip=192.168.5.185 | op=SEND_HEARTBEAT {datanodeUUID=891c1cf7-eb5d-4327-8423-159f04f60044, command=[]} | ret=SUCCESS |  
2019-09-18 16:24:16,231 | INFO  | SCMAudit | user=jenkins1000 | ip=192.168.5.185 | op=SEND_HEARTBEAT {datanodeUUID=2e09149d-5559-4fea-b716-0eb93f2cac4a, command=[]} | ret=SUCCESS |  
2019-09-18 16:24:16,349 [grpc-default-executor-1] INFO  client.GrpcClientProtocolClient (GrpcClientProtocolClient.java:onNext(255)) - client-08D30C90C1DD->2e09149d-5559-4fea-b716-0eb93f2cac4a: receive RaftClientReply:client-08D30C90C1DD->2e09149d-5559-4fea-b716-0eb93f2cac4a@group-1A1F4B3A8F4F, cid=45, FAILED org.apache.ratis.protocol.NotLeaderException: Server 2e09149d-5559-4fea-b716-0eb93f2cac4a is not the leader (b61b0354-621b-4e20-a68d-2d53fecac27d:192.168.5.185:39516). Request must be sent to leader., logIndex=0, commits[2e09149d-5559-4fea-b716-0eb93f2cac4a:c8, b61b0354-621b-4e20-a68d-2d53fecac27d:c8, 891c1cf7-eb5d-4327-8423-159f04f60044:c8]
2019-09-18 16:24:16,349 | INFO  | SCMAudit | user=jenkins1000 | ip=192.168.5.185 | op=SEND_HEARTBEAT {datanodeUUID=8986536d-5b7d-4e16-8929-1d1bb41ad668, command=[]} | ret=SUCCESS |  
2019-09-18 16:24:16,531 | INFO  | SCMAudit | user=jenkins1000 | ip=192.168.5.185 | op=SEND_HEARTBEAT {datanodeUUID=bbe12df8-c2f1-49e2-8ab8-c8f9f8b834ae, command=[]} | ret=SUCCESS |  
2019-09-18 16:24:16,740 | INFO  | SCMAudit | user=jenkins1000 | ip=192.168.5.185 | op=SEND_HEARTBEAT {datanodeUUID=1d911544-627f-4c31-9b8f-a02840ac95b3, command=[]} | ret=SUCCESS |  
2019-09-18 16:24:17,147 | INFO  | SCMAudit | user=jenkins1000 | ip=192.168.5.185 | op=SEND_HEARTBEAT {datanodeUUID=8884bba7-3460-4b10-8d54-dd5499715d80, command=[]} | ret=SUCCESS |  
2019-09-18 16:24:17,194 | INFO  | SCMAudit | user=jenkins1000 | ip=192.168.5.185 | op=SEND_HEARTBEAT {datanodeUUID=b61b0354-621b-4e20-a68d-2d53fecac27d, command=[]} | ret=SUCCESS |  
2019-09-18 16:24:17,229 | INFO  | SCMAudit | user=jenkins1000 | ip=192.168.5.185 | op=SEND_HEARTBEAT {datanodeUUID=891c1cf7-eb5d-4327-8423-159f04f60044, command=[]} | ret=SUCCESS |  
2019-09-18 16:24:17,231 | INFO  | SCMAudit | user=jenkins1000 | ip=192.168.5.185 | op=SEND_HEARTBEAT {datanodeUUID=2e09149d-5559-4fea-b716-0eb93f2cac4a, command=[]} | ret=SUCCESS |  
2019-09-18 16:24:17,348 | INFO  | SCMAudit | user=jenkins1000 | ip=192.168.5.185 | op=SEND_HEARTBEAT {datanodeUUID=8986536d-5b7d-4e16-8929-1d1bb41ad668, command=[]} | ret=SUCCESS |  
2019-09-18 16:24:17,530 | INFO  | SCMAudit | user=jenkins1000 | ip=192.168.5.185 | op=SEND_HEARTBEAT {datanodeUUID=bbe12df8-c2f1-49e2-8ab8-c8f9f8b834ae, command=[]} | ret=SUCCESS |  
2019-09-18 16:24:17,740 | INFO  | SCMAudit | user=jenkins1000 | ip=192.168.5.185 | op=SEND_HEARTBEAT {datanodeUUID=1d911544-627f-4c31-9b8f-a02840ac95b3, command=[]} | ret=SUCCESS |  
2019-09-18 16:24:18,147 | INFO  | SCMAudit | user=jenkins1000 | ip=192.168.5.185 | op=SEND_HEARTBEAT {datanodeUUID=8884bba7-3460-4b10-8d54-dd5499715d80, command=[]} | ret=SUCCESS |  
2019-09-18 16:24:18,194 | INFO  | SCMAudit | user=jenkins1000 | ip=192.168.5.185 | op=SEND_HEARTBEAT {datanodeUUID=b61b0354-621b-4e20-a68d-2d53fecac27d, command=[]} | ret=SUCCESS |  
2019-09-18 16:24:18,229 | INFO  | SCMAudit | user=jenkins1000 | ip=192.168.5.185 | op=SEND_HEARTBEAT {datanodeUUID=891c1cf7-eb5d-4327-8423-159f04f60044, command=[]} | ret=SUCCESS |  
2019-09-18 16:24:18,232 | INFO  | SCMAudit | user=jenkins1000 | ip=192.168.5.185 | op=SEND_HEARTBEAT {datanodeUUID=2e09149d-5559-4fea-b716-0eb93f2cac4a, command=[]} | ret=SUCCESS |  
2019-09-18 16:24:18,348 | INFO  | SCMAudit | user=jenkins1000 | ip=192.168.5.185 | op=SEND_HEARTBEAT {datanodeUUID=8986536d-5b7d-4e16-8929-1d1bb41ad668, command=[]} | ret=SUCCESS |  
2019-09-18 16:24:18,530 | INFO  | SCMAudit | user=jenkins1000 | ip=192.168.5.185 | op=SEND_HEARTBEAT {datanodeUUID=bbe12df8-c2f1-49e2-8ab8-c8f9f8b834ae, command=[]} | ret=SUCCESS |  
2019-09-18 16:24:18,740 | INFO  | SCMAudit | user=jenkins1000 | ip=192.168.5.185 | op=SEND_HEARTBEAT {datanodeUUID=1d911544-627f-4c31-9b8f-a02840ac95b3, command=[]} | ret=SUCCESS |  
2019-09-18 16:24:19,148 | INFO  | SCMAudit | user=jenkins1000 | ip=192.168.5.185 | op=SEND_HEARTBEAT {datanodeUUID=8884bba7-3460-4b10-8d54-dd5499715d80, command=[]} | ret=SUCCESS |  
2019-09-18 16:24:19,194 | INFO  | SCMAudit | user=jenkins1000 | ip=192.168.5.185 | op=SEND_HEARTBEAT {datanodeUUID=b61b0354-621b-4e20-a68d-2d53fecac27d, command=[]} | ret=SUCCESS |  
2019-09-18 16:24:19,229 | INFO  | SCMAudit | user=jenkins1000 | ip=192.168.5.185 | op=SEND_HEARTBEAT {datanodeUUID=891c1cf7-eb5d-4327-8423-159f04f60044, command=[]} | ret=SUCCESS |  
2019-09-18 16:24:19,231 | INFO  | SCMAudit | user=jenkins1000 | ip=192.168.5.185 | op=SEND_HEARTBEAT {datanodeUUID=2e09149d-5559-4fea-b716-0eb93f2cac4a, command=[]} | ret=SUCCESS |  
2019-09-18 16:24:19,348 | INFO  | SCMAudit | user=jenkins1000 | ip=192.168.5.185 | op=SEND_HEARTBEAT {datanodeUUID=8986536d-5b7d-4e16-8929-1d1bb41ad668, command=[]} | ret=SUCCESS |  
2019-09-18 16:24:19,530 | INFO  | SCMAudit | user=jenkins1000 | ip=192.168.5.185 | op=SEND_HEARTBEAT {datanodeUUID=bbe12df8-c2f1-49e2-8ab8-c8f9f8b834ae, command=[]} | ret=SUCCESS |  
2019-09-18 16:24:19,741 | INFO  | SCMAudit | user=jenkins1000 | ip=192.168.5.185 | op=SEND_HEARTBEAT {datanodeUUID=1d911544-627f-4c31-9b8f-a02840ac95b3, command=[]} | ret=SUCCESS |  
2019-09-18 16:24:20,148 | INFO  | SCMAudit | user=jenkins1000 | ip=192.168.5.185 | op=SEND_HEARTBEAT {datanodeUUID=8884bba7-3460-4b10-8d54-dd5499715d80, command=[]} | ret=SUCCESS |  
2019-09-18 16:24:20,194 | INFO  | SCMAudit | user=jenkins1000 | ip=192.168.5.185 | op=SEND_HEARTBEAT {datanodeUUID=b61b0354-621b-4e20-a68d-2d53fecac27d, command=[]} | ret=SUCCESS |  
2019-09-18 16:24:20,229 | INFO  | SCMAudit | user=jenkins1000 | ip=192.168.5.185 | op=SEND_HEARTBEAT {datanodeUUID=891c1cf7-eb5d-4327-8423-159f04f60044, command=[]} | ret=SUCCESS |  
2019-09-18 16:24:20,231 | INFO  | SCMAudit | user=jenkins1000 | ip=192.168.5.185 | op=SEND_HEARTBEAT {datanodeUUID=2e09149d-5559-4fea-b716-0eb93f2cac4a, command=[]} | ret=SUCCESS |  
2019-09-18 16:24:20,349 | INFO  | SCMAudit | user=jenkins1000 | ip=192.168.5.185 | op=SEND_HEARTBEAT {datanodeUUID=8986536d-5b7d-4e16-8929-1d1bb41ad668, command=[]} | ret=SUCCESS |  
2019-09-18 16:24:20,530 | INFO  | SCMAudit | user=jenkins1000 | ip=192.168.5.185 | op=SEND_HEARTBEAT {datanodeUUID=bbe12df8-c2f1-49e2-8ab8-c8f9f8b834ae, command=[]} | ret=SUCCESS |  
2019-09-18 16:24:20,740 | INFO  | SCMAudit | user=jenkins1000 | ip=192.168.5.185 | op=SEND_HEARTBEAT {datanodeUUID=1d911544-627f-4c31-9b8f-a02840ac95b3, command=[]} | ret=SUCCESS |  
2019-09-18 16:24:21,148 | INFO  | SCMAudit | user=jenkins1000 | ip=192.168.5.185 | op=SEND_HEARTBEAT {datanodeUUID=8884bba7-3460-4b10-8d54-dd5499715d80, command=[]} | ret=SUCCESS |  
2019-09-18 16:24:21,195 | INFO  | SCMAudit | user=jenkins1000 | ip=192.168.5.185 | op=SEND_HEARTBEAT {datanodeUUID=b61b0354-621b-4e20-a68d-2d53fecac27d, command=[]} | ret=SUCCESS |  
2019-09-18 16:24:21,230 | INFO  | SCMAudit | user=jenkins1000 | ip=192.168.5.185 | op=SEND_HEARTBEAT {datanodeUUID=891c1cf7-eb5d-4327-8423-159f04f60044, command=[]} | ret=SUCCESS |  
2019-09-18 16:24:21,232 | INFO  | SCMAudit | user=jenkins1000 | ip=192.168.5.185 | op=SEND_HEARTBEAT {datanodeUUID=2e09149d-5559-4fea-b716-0eb93f2cac4a, command=[]} | ret=SUCCESS |  
2019-09-18 16:24:21,348 | INFO  | SCMAudit | user=jenkins1000 | ip=192.168.5.185 | op=SEND_HEARTBEAT {datanodeUUID=8986536d-5b7d-4e16-8929-1d1bb41ad668, command=[]} | ret=SUCCESS |  
2019-09-18 16:24:21,397 [grpc-default-executor-0] INFO  client.GrpcClientProtocolClient (GrpcClientProtocolClient.java:onNext(255)) - client-08D30C90C1DD->891c1cf7-eb5d-4327-8423-159f04f60044: receive RaftClientReply:client-08D30C90C1DD->891c1cf7-eb5d-4327-8423-159f04f60044@group-1A1F4B3A8F4F, cid=45, FAILED org.apache.ratis.protocol.NotLeaderException: Server 891c1cf7-eb5d-4327-8423-159f04f60044 is not the leader (b61b0354-621b-4e20-a68d-2d53fecac27d:192.168.5.185:39516). Request must be sent to leader., logIndex=0, commits[891c1cf7-eb5d-4327-8423-159f04f60044:c8, b61b0354-621b-4e20-a68d-2d53fecac27d:c8, 2e09149d-5559-4fea-b716-0eb93f2cac4a:c8]
2019-09-18 16:24:21,530 | INFO  | SCMAudit | user=jenkins1000 | ip=192.168.5.185 | op=SEND_HEARTBEAT {datanodeUUID=bbe12df8-c2f1-49e2-8ab8-c8f9f8b834ae, command=[]} | ret=SUCCESS |  
2019-09-18 16:24:21,740 | INFO  | SCMAudit | user=jenkins1000 | ip=192.168.5.185 | op=SEND_HEARTBEAT {datanodeUUID=1d911544-627f-4c31-9b8f-a02840ac95b3, command=[]} | ret=SUCCESS |  
2019-09-18 16:24:22,148 | INFO  | SCMAudit | user=jenkins1000 | ip=192.168.5.185 | op=SEND_HEARTBEAT {datanodeUUID=8884bba7-3460-4b10-8d54-dd5499715d80, command=[]} | ret=SUCCESS |  
2019-09-18 16:24:22,194 | INFO  | SCMAudit | user=jenkins1000 | ip=192.168.5.185 | op=SEND_HEARTBEAT {datanodeUUID=b61b0354-621b-4e20-a68d-2d53fecac27d, command=[]} | ret=SUCCESS |  
2019-09-18 16:24:22,230 | INFO  | SCMAudit | user=jenkins1000 | ip=192.168.5.185 | op=SEND_HEARTBEAT {datanodeUUID=891c1cf7-eb5d-4327-8423-159f04f60044, command=[]} | ret=SUCCESS |  
2019-09-18 16:24:22,231 | INFO  | SCMAudit | user=jenkins1000 | ip=192.168.5.185 | op=SEND_HEARTBEAT {datanodeUUID=2e09149d-5559-4fea-b716-0eb93f2cac4a, command=[]} | ret=SUCCESS |  
2019-09-18 16:24:22,348 | INFO  | SCMAudit | user=jenkins1000 | ip=192.168.5.185 | op=SEND_HEARTBEAT {datanodeUUID=8986536d-5b7d-4e16-8929-1d1bb41ad668, command=[]} | ret=SUCCESS |  
2019-09-18 16:24:22,530 | INFO  | SCMAudit | user=jenkins1000 | ip=192.168.5.185 | op=SEND_HEARTBEAT {datanodeUUID=bbe12df8-c2f1-49e2-8ab8-c8f9f8b834ae, command=[]} | ret=SUCCESS |  
2019-09-18 16:24:22,740 | INFO  | SCMAudit | user=jenkins1000 | ip=192.168.5.185 | op=SEND_HEARTBEAT {datanodeUUID=1d911544-627f-4c31-9b8f-a02840ac95b3, command=[]} | ret=SUCCESS |  
2019-09-18 16:24:23,149 | INFO  | SCMAudit | user=jenkins1000 | ip=192.168.5.185 | op=SEND_HEARTBEAT {datanodeUUID=8884bba7-3460-4b10-8d54-dd5499715d80, command=[]} | ret=SUCCESS |  
2019-09-18 16:24:23,195 | INFO  | SCMAudit | user=jenkins1000 | ip=192.168.5.185 | op=SEND_HEARTBEAT {datanodeUUID=b61b0354-621b-4e20-a68d-2d53fecac27d, command=[]} | ret=SUCCESS |  
2019-09-18 16:24:23,230 | INFO  | SCMAudit | user=jenkins1000 | ip=192.168.5.185 | op=SEND_HEARTBEAT {datanodeUUID=891c1cf7-eb5d-4327-8423-159f04f60044, command=[]} | ret=SUCCESS |  
2019-09-18 16:24:23,231 | INFO  | SCMAudit | user=jenkins1000 | ip=192.168.5.185 | op=SEND_HEARTBEAT {datanodeUUID=2e09149d-5559-4fea-b716-0eb93f2cac4a, command=[]} | ret=SUCCESS |  
2019-09-18 16:24:23,349 | INFO  | SCMAudit | user=jenkins1000 | ip=192.168.5.185 | op=SEND_HEARTBEAT {datanodeUUID=8986536d-5b7d-4e16-8929-1d1bb41ad668, command=[]} | ret=SUCCESS |  
2019-09-18 16:24:23,530 | INFO  | SCMAudit | user=jenkins1000 | ip=192.168.5.185 | op=SEND_HEARTBEAT {datanodeUUID=bbe12df8-c2f1-49e2-8ab8-c8f9f8b834ae, command=[]} | ret=SUCCESS |  
2019-09-18 16:24:23,740 | INFO  | SCMAudit | user=jenkins1000 | ip=192.168.5.185 | op=SEND_HEARTBEAT {datanodeUUID=1d911544-627f-4c31-9b8f-a02840ac95b3, command=[]} | ret=SUCCESS |  
2019-09-18 16:24:24,149 | INFO  | SCMAudit | user=jenkins1000 | ip=192.168.5.185 | op=SEND_HEARTBEAT {datanodeUUID=8884bba7-3460-4b10-8d54-dd5499715d80, command=[]} | ret=SUCCESS |  
2019-09-18 16:24:24,194 | INFO  | SCMAudit | user=jenkins1000 | ip=192.168.5.185 | op=SEND_HEARTBEAT {datanodeUUID=b61b0354-621b-4e20-a68d-2d53fecac27d, command=[]} | ret=SUCCESS |  
2019-09-18 16:24:24,231 | INFO  | SCMAudit | user=jenkins1000 | ip=192.168.5.185 | op=SEND_HEARTBEAT {datanodeUUID=891c1cf7-eb5d-4327-8423-159f04f60044, command=[]} | ret=SUCCESS |  
2019-09-18 16:24:24,231 | INFO  | SCMAudit | user=jenkins1000 | ip=192.168.5.185 | op=SEND_HEARTBEAT {datanodeUUID=2e09149d-5559-4fea-b716-0eb93f2cac4a, command=[]} | ret=SUCCESS |  
2019-09-18 16:24:24,350 | INFO  | SCMAudit | user=jenkins1000 | ip=192.168.5.185 | op=SEND_HEARTBEAT {datanodeUUID=8986536d-5b7d-4e16-8929-1d1bb41ad668, command=[]} | ret=SUCCESS |  
2019-09-18 16:24:24,531 | INFO  | SCMAudit | user=jenkins1000 | ip=192.168.5.185 | op=SEND_HEARTBEAT {datanodeUUID=bbe12df8-c2f1-49e2-8ab8-c8f9f8b834ae, command=[]} | ret=SUCCESS |  
2019-09-18 16:24:24,741 | INFO  | SCMAudit | user=jenkins1000 | ip=192.168.5.185 | op=SEND_HEARTBEAT {datanodeUUID=1d911544-627f-4c31-9b8f-a02840ac95b3, command=[]} | ret=SUCCESS |  
2019-09-18 16:24:25,149 | INFO  | SCMAudit | user=jenkins1000 | ip=192.168.5.185 | op=SEND_HEARTBEAT {datanodeUUID=8884bba7-3460-4b10-8d54-dd5499715d80, command=[]} | ret=SUCCESS |  
2019-09-18 16:24:25,194 | INFO  | SCMAudit | user=jenkins1000 | ip=192.168.5.185 | op=SEND_HEARTBEAT {datanodeUUID=b61b0354-621b-4e20-a68d-2d53fecac27d, command=[]} | ret=SUCCESS |  
2019-09-18 16:24:25,230 | INFO  | SCMAudit | user=jenkins1000 | ip=192.168.5.185 | op=SEND_HEARTBEAT {datanodeUUID=891c1cf7-eb5d-4327-8423-159f04f60044, command=[]} | ret=SUCCESS |  
2019-09-18 16:24:25,231 | INFO  | SCMAudit | user=jenkins1000 | ip=192.168.5.185 | op=SEND_HEARTBEAT {datanodeUUID=2e09149d-5559-4fea-b716-0eb93f2cac4a, command=[]} | ret=SUCCESS |  
2019-09-18 16:24:25,350 | INFO  | SCMAudit | user=jenkins1000 | ip=192.168.5.185 | op=SEND_HEARTBEAT {datanodeUUID=8986536d-5b7d-4e16-8929-1d1bb41ad668, command=[]} | ret=SUCCESS |  
2019-09-18 16:24:25,532 | INFO  | SCMAudit | user=jenkins1000 | ip=192.168.5.185 | op=SEND_HEARTBEAT {datanodeUUID=bbe12df8-c2f1-49e2-8ab8-c8f9f8b834ae, command=[]} | ret=SUCCESS |  
2019-09-18 16:24:25,741 | INFO  | SCMAudit | user=jenkins1000 | ip=192.168.5.185 | op=SEND_HEARTBEAT {datanodeUUID=1d911544-627f-4c31-9b8f-a02840ac95b3, command=[]} | ret=SUCCESS |  
2019-09-18 16:24:26,150 | INFO  | SCMAudit | user=jenkins1000 | ip=192.168.5.185 | op=SEND_HEARTBEAT {datanodeUUID=8884bba7-3460-4b10-8d54-dd5499715d80, command=[]} | ret=SUCCESS |  
2019-09-18 16:24:26,194 | INFO  | SCMAudit | user=jenkins1000 | ip=192.168.5.185 | op=SEND_HEARTBEAT {datanodeUUID=b61b0354-621b-4e20-a68d-2d53fecac27d, command=[]} | ret=SUCCESS |  
2019-09-18 16:24:26,230 | INFO  | SCMAudit | user=jenkins1000 | ip=192.168.5.185 | op=SEND_HEARTBEAT {datanodeUUID=891c1cf7-eb5d-4327-8423-159f04f60044, command=[]} | ret=SUCCESS |  
2019-09-18 16:24:26,231 | INFO  | SCMAudit | user=jenkins1000 | ip=192.168.5.185 | op=SEND_HEARTBEAT {datanodeUUID=2e09149d-5559-4fea-b716-0eb93f2cac4a, command=[]} | ret=SUCCESS |  
2019-09-18 16:24:26,349 | INFO  | SCMAudit | user=jenkins1000 | ip=192.168.5.185 | op=SEND_HEARTBEAT {datanodeUUID=8986536d-5b7d-4e16-8929-1d1bb41ad668, command=[]} | ret=SUCCESS |  
2019-09-18 16:24:26,438 [grpc-default-executor-0] INFO  client.GrpcClientProtocolClient (GrpcClientProtocolClient.java:onNext(255)) - client-08D30C90C1DD->2e09149d-5559-4fea-b716-0eb93f2cac4a: receive RaftClientReply:client-08D30C90C1DD->2e09149d-5559-4fea-b716-0eb93f2cac4a@group-1A1F4B3A8F4F, cid=45, FAILED org.apache.ratis.protocol.NotLeaderException: Server 2e09149d-5559-4fea-b716-0eb93f2cac4a is not the leader (b61b0354-621b-4e20-a68d-2d53fecac27d:192.168.5.185:39516). Request must be sent to leader., logIndex=0, commits[2e09149d-5559-4fea-b716-0eb93f2cac4a:c8, b61b0354-621b-4e20-a68d-2d53fecac27d:c8, 891c1cf7-eb5d-4327-8423-159f04f60044:c8]
2019-09-18 16:24:26,532 | INFO  | SCMAudit | user=jenkins1000 | ip=192.168.5.185 | op=SEND_HEARTBEAT {datanodeUUID=bbe12df8-c2f1-49e2-8ab8-c8f9f8b834ae, command=[]} | ret=SUCCESS |  
2019-09-18 16:24:26,740 | INFO  | SCMAudit | user=jenkins1000 | ip=192.168.5.185 | op=SEND_HEARTBEAT {datanodeUUID=1d911544-627f-4c31-9b8f-a02840ac95b3, command=[]} | ret=SUCCESS |  
2019-09-18 16:24:27,150 | INFO  | SCMAudit | user=jenkins1000 | ip=192.168.5.185 | op=SEND_HEARTBEAT {datanodeUUID=8884bba7-3460-4b10-8d54-dd5499715d80, command=[]} | ret=SUCCESS |  
2019-09-18 16:24:27,195 | INFO  | SCMAudit | user=jenkins1000 | ip=192.168.5.185 | op=SEND_HEARTBEAT {datanodeUUID=b61b0354-621b-4e20-a68d-2d53fecac27d, command=[]} | ret=SUCCESS |  
2019-09-18 16:24:27,231 | INFO  | SCMAudit | user=jenkins1000 | ip=192.168.5.185 | op=SEND_HEARTBEAT {datanodeUUID=891c1cf7-eb5d-4327-8423-159f04f60044, command=[]} | ret=SUCCESS |  
2019-09-18 16:24:27,231 | INFO  | SCMAudit | user=jenkins1000 | ip=192.168.5.185 | op=SEND_HEARTBEAT {datanodeUUID=2e09149d-5559-4fea-b716-0eb93f2cac4a, command=[]} | ret=SUCCESS |  
2019-09-18 16:24:27,349 | INFO  | SCMAudit | user=jenkins1000 | ip=192.168.5.185 | op=SEND_HEARTBEAT {datanodeUUID=8986536d-5b7d-4e16-8929-1d1bb41ad668, command=[]} | ret=SUCCESS |  
2019-09-18 16:24:27,532 | INFO  | SCMAudit | user=jenkins1000 | ip=192.168.5.185 | op=SEND_HEARTBEAT {datanodeUUID=bbe12df8-c2f1-49e2-8ab8-c8f9f8b834ae, command=[]} | ret=SUCCESS |  
2019-09-18 16:24:27,740 | INFO  | SCMAudit | user=jenkins1000 | ip=192.168.5.185 | op=SEND_HEARTBEAT {datanodeUUID=1d911544-627f-4c31-9b8f-a02840ac95b3, command=[]} | ret=SUCCESS |  
2019-09-18 16:24:28,149 | INFO  | SCMAudit | user=jenkins1000 | ip=192.168.5.185 | op=SEND_HEARTBEAT {datanodeUUID=8884bba7-3460-4b10-8d54-dd5499715d80, command=[]} | ret=SUCCESS |  
2019-09-18 16:24:28,195 | INFO  | SCMAudit | user=jenkins1000 | ip=192.168.5.185 | op=SEND_HEARTBEAT {datanodeUUID=b61b0354-621b-4e20-a68d-2d53fecac27d, command=[]} | ret=SUCCESS |  
2019-09-18 16:24:28,231 | INFO  | SCMAudit | user=jenkins1000 | ip=192.168.5.185 | op=SEND_HEARTBEAT {datanodeUUID=891c1cf7-eb5d-4327-8423-159f04f60044, command=[]} | ret=SUCCESS |  
2019-09-18 16:24:28,232 | INFO  | SCMAudit | user=jenkins1000 | ip=192.168.5.185 | op=SEND_HEARTBEAT {datanodeUUID=2e09149d-5559-4fea-b716-0eb93f2cac4a, command=[]} | ret=SUCCESS |  
2019-09-18 16:24:28,350 | INFO  | SCMAudit | user=jenkins1000 | ip=192.168.5.185 | op=SEND_HEARTBEAT {datanodeUUID=8986536d-5b7d-4e16-8929-1d1bb41ad668, command=[]} | ret=SUCCESS |  
2019-09-18 16:24:28,531 | INFO  | SCMAudit | user=jenkins1000 | ip=192.168.5.185 | op=SEND_HEARTBEAT {datanodeUUID=bbe12df8-c2f1-49e2-8ab8-c8f9f8b834ae, command=[]} | ret=SUCCESS |  
2019-09-18 16:24:28,741 | INFO  | SCMAudit | user=jenkins1000 | ip=192.168.5.185 | op=SEND_HEARTBEAT {datanodeUUID=1d911544-627f-4c31-9b8f-a02840ac95b3, command=[]} | ret=SUCCESS |  
2019-09-18 16:24:29,149 | INFO  | SCMAudit | user=jenkins1000 | ip=192.168.5.185 | op=SEND_HEARTBEAT {datanodeUUID=8884bba7-3460-4b10-8d54-dd5499715d80, command=[]} | ret=SUCCESS |  
2019-09-18 16:24:29,195 | INFO  | SCMAudit | user=jenkins1000 | ip=192.168.5.185 | op=SEND_HEARTBEAT {datanodeUUID=b61b0354-621b-4e20-a68d-2d53fecac27d, command=[]} | ret=SUCCESS |  
2019-09-18 16:24:29,231 | INFO  | SCMAudit | user=jenkins1000 | ip=192.168.5.185 | op=SEND_HEARTBEAT {datanodeUUID=891c1cf7-eb5d-4327-8423-159f04f60044, command=[]} | ret=SUCCESS |  
2019-09-18 16:24:29,231 | INFO  | SCMAudit | user=jenkins1000 | ip=192.168.5.185 | op=SEND_HEARTBEAT {datanodeUUID=2e09149d-5559-4fea-b716-0eb93f2cac4a, command=[]} | ret=SUCCESS |  
2019-09-18 16:24:29,351 | INFO  | SCMAudit | user=jenkins1000 | ip=192.168.5.185 | op=SEND_HEARTBEAT {datanodeUUID=8986536d-5b7d-4e16-8929-1d1bb41ad668, command=[]} | ret=SUCCESS |  
2019-09-18 16:24:29,531 | INFO  | SCMAudit | user=jenkins1000 | ip=192.168.5.185 | op=SEND_HEARTBEAT {datanodeUUID=bbe12df8-c2f1-49e2-8ab8-c8f9f8b834ae, command=[]} | ret=SUCCESS |  
2019-09-18 16:24:29,742 | INFO  | SCMAudit | user=jenkins1000 | ip=192.168.5.185 | op=SEND_HEARTBEAT {datanodeUUID=1d911544-627f-4c31-9b8f-a02840ac95b3, command=[]} | ret=SUCCESS |  
2019-09-18 16:24:30,149 | INFO  | SCMAudit | user=jenkins1000 | ip=192.168.5.185 | op=SEND_HEARTBEAT {datanodeUUID=8884bba7-3460-4b10-8d54-dd5499715d80, command=[]} | ret=SUCCESS |  
2019-09-18 16:24:30,195 | INFO  | SCMAudit | user=jenkins1000 | ip=192.168.5.185 | op=SEND_HEARTBEAT {datanodeUUID=b61b0354-621b-4e20-a68d-2d53fecac27d, command=[]} | ret=SUCCESS |  
2019-09-18 16:24:30,232 | INFO  | SCMAudit | user=jenkins1000 | ip=192.168.5.185 | op=SEND_HEARTBEAT {datanodeUUID=891c1cf7-eb5d-4327-8423-159f04f60044, command=[]} | ret=SUCCESS |  
2019-09-18 16:24:30,232 | INFO  | SCMAudit | user=jenkins1000 | ip=192.168.5.185 | op=SEND_HEARTBEAT {datanodeUUID=2e09149d-5559-4fea-b716-0eb93f2cac4a, command=[]} | ret=SUCCESS |  
2019-09-18 16:24:30,350 | INFO  | SCMAudit | user=jenkins1000 | ip=192.168.5.185 | op=SEND_HEARTBEAT {datanodeUUID=8986536d-5b7d-4e16-8929-1d1bb41ad668, command=[]} | ret=SUCCESS |  
2019-09-18 16:24:30,531 | INFO  | SCMAudit | user=jenkins1000 | ip=192.168.5.185 | op=SEND_HEARTBEAT {datanodeUUID=bbe12df8-c2f1-49e2-8ab8-c8f9f8b834ae, command=[]} | ret=SUCCESS |  
2019-09-18 16:24:30,742 | INFO  | SCMAudit | user=jenkins1000 | ip=192.168.5.185 | op=SEND_HEARTBEAT {datanodeUUID=1d911544-627f-4c31-9b8f-a02840ac95b3, command=[]} | ret=SUCCESS |  
2019-09-18 16:24:31,149 | INFO  | SCMAudit | user=jenkins1000 | ip=192.168.5.185 | op=SEND_HEARTBEAT {datanodeUUID=8884bba7-3460-4b10-8d54-dd5499715d80, command=[]} | ret=SUCCESS |  
2019-09-18 16:24:31,196 | INFO  | SCMAudit | user=jenkins1000 | ip=192.168.5.185 | op=SEND_HEARTBEAT {datanodeUUID=b61b0354-621b-4e20-a68d-2d53fecac27d, command=[]} | ret=SUCCESS |  
2019-09-18 16:24:31,231 | INFO  | SCMAudit | user=jenkins1000 | ip=192.168.5.185 | op=SEND_HEARTBEAT {datanodeUUID=891c1cf7-eb5d-4327-8423-159f04f60044, command=[]} | ret=SUCCESS |  
2019-09-18 16:24:31,232 | INFO  | SCMAudit | user=jenkins1000 | ip=192.168.5.185 | op=SEND_HEARTBEAT {datanodeUUID=2e09149d-5559-4fea-b716-0eb93f2cac4a, command=[]} | ret=SUCCESS |  
2019-09-18 16:24:31,350 | INFO  | SCMAudit | user=jenkins1000 | ip=192.168.5.185 | op=SEND_HEARTBEAT {datanodeUUID=8986536d-5b7d-4e16-8929-1d1bb41ad668, command=[]} | ret=SUCCESS |  
2019-09-18 16:24:31,481 [grpc-default-executor-1] INFO  client.GrpcClientProtocolClient (GrpcClientProtocolClient.java:onNext(255)) - client-08D30C90C1DD->891c1cf7-eb5d-4327-8423-159f04f60044: receive RaftClientReply:client-08D30C90C1DD->891c1cf7-eb5d-4327-8423-159f04f60044@group-1A1F4B3A8F4F, cid=45, FAILED org.apache.ratis.protocol.NotLeaderException: Server 891c1cf7-eb5d-4327-8423-159f04f60044 is not the leader (b61b0354-621b-4e20-a68d-2d53fecac27d:192.168.5.185:39516). Request must be sent to leader., logIndex=0, commits[891c1cf7-eb5d-4327-8423-159f04f60044:c8, b61b0354-621b-4e20-a68d-2d53fecac27d:c8, 2e09149d-5559-4fea-b716-0eb93f2cac4a:c8]
2019-09-18 16:24:31,532 | INFO  | SCMAudit | user=jenkins1000 | ip=192.168.5.185 | op=SEND_HEARTBEAT {datanodeUUID=bbe12df8-c2f1-49e2-8ab8-c8f9f8b834ae, command=[]} | ret=SUCCESS |  
2019-09-18 16:24:31,741 | INFO  | SCMAudit | user=jenkins1000 | ip=192.168.5.185 | op=SEND_HEARTBEAT {datanodeUUID=1d911544-627f-4c31-9b8f-a02840ac95b3, command=[]} | ret=SUCCESS |  
2019-09-18 16:24:32,149 | INFO  | SCMAudit | user=jenkins1000 | ip=192.168.5.185 | op=SEND_HEARTBEAT {datanodeUUID=8884bba7-3460-4b10-8d54-dd5499715d80, command=[]} | ret=SUCCESS |  
2019-09-18 16:24:32,196 | INFO  | SCMAudit | user=jenkins1000 | ip=192.168.5.185 | op=SEND_HEARTBEAT {datanodeUUID=b61b0354-621b-4e20-a68d-2d53fecac27d, command=[]} | ret=SUCCESS |  
2019-09-18 16:24:32,230 | INFO  | SCMAudit | user=jenkins1000 | ip=192.168.5.185 | op=SEND_HEARTBEAT {datanodeUUID=891c1cf7-eb5d-4327-8423-159f04f60044, command=[]} | ret=SUCCESS |  
2019-09-18 16:24:32,232 | INFO  | SCMAudit | user=jenkins1000 | ip=192.168.5.185 | op=SEND_HEARTBEAT {datanodeUUID=2e09149d-5559-4fea-b716-0eb93f2cac4a, command=[]} | ret=SUCCESS |  
2019-09-18 16:24:32,350 | INFO  | SCMAudit | user=jenkins1000 | ip=192.168.5.185 | op=SEND_HEARTBEAT {datanodeUUID=8986536d-5b7d-4e16-8929-1d1bb41ad668, command=[]} | ret=SUCCESS |  
2019-09-18 16:24:32,532 | INFO  | SCMAudit | user=jenkins1000 | ip=192.168.5.185 | op=SEND_HEARTBEAT {datanodeUUID=bbe12df8-c2f1-49e2-8ab8-c8f9f8b834ae, command=[]} | ret=SUCCESS |  
2019-09-18 16:24:32,742 | INFO  | SCMAudit | user=jenkins1000 | ip=192.168.5.185 | op=SEND_HEARTBEAT {datanodeUUID=1d911544-627f-4c31-9b8f-a02840ac95b3, command=[]} | ret=SUCCESS |  
2019-09-18 16:24:33,149 | INFO  | SCMAudit | user=jenkins1000 | ip=192.168.5.185 | op=SEND_HEARTBEAT {datanodeUUID=8884bba7-3460-4b10-8d54-dd5499715d80, command=[]} | ret=SUCCESS |  
2019-09-18 16:24:33,195 | INFO  | SCMAudit | user=jenkins1000 | ip=192.168.5.185 | op=SEND_HEARTBEAT {datanodeUUID=b61b0354-621b-4e20-a68d-2d53fecac27d, command=[]} | ret=SUCCESS |  
2019-09-18 16:24:33,231 | INFO  | SCMAudit | user=jenkins1000 | ip=192.168.5.185 | op=SEND_HEARTBEAT {datanodeUUID=891c1cf7-eb5d-4327-8423-159f04f60044, command=[]} | ret=SUCCESS |  
2019-09-18 16:24:33,232 | INFO  | SCMAudit | user=jenkins1000 | ip=192.168.5.185 | op=SEND_HEARTBEAT {datanodeUUID=2e09149d-5559-4fea-b716-0eb93f2cac4a, command=[]} | ret=SUCCESS |  
2019-09-18 16:24:33,350 | INFO  | SCMAudit | user=jenkins1000 | ip=192.168.5.185 | op=SEND_HEARTBEAT {datanodeUUID=8986536d-5b7d-4e16-8929-1d1bb41ad668, command=[]} | ret=SUCCESS |  
2019-09-18 16:24:33,532 | INFO  | SCMAudit | user=jenkins1000 | ip=192.168.5.185 | op=SEND_HEARTBEAT {datanodeUUID=bbe12df8-c2f1-49e2-8ab8-c8f9f8b834ae, command=[]} | ret=SUCCESS |  
2019-09-18 16:24:33,742 | INFO  | SCMAudit | user=jenkins1000 | ip=192.168.5.185 | op=SEND_HEARTBEAT {datanodeUUID=1d911544-627f-4c31-9b8f-a02840ac95b3, command=[]} | ret=SUCCESS |  
2019-09-18 16:24:34,149 | INFO  | SCMAudit | user=jenkins1000 | ip=192.168.5.185 | op=SEND_HEARTBEAT {datanodeUUID=8884bba7-3460-4b10-8d54-dd5499715d80, command=[]} | ret=SUCCESS |  
2019-09-18 16:24:34,195 | INFO  | SCMAudit | user=jenkins1000 | ip=192.168.5.185 | op=SEND_HEARTBEAT {datanodeUUID=b61b0354-621b-4e20-a68d-2d53fecac27d, command=[]} | ret=SUCCESS |  
2019-09-18 16:24:34,232 | INFO  | SCMAudit | user=jenkins1000 | ip=192.168.5.185 | op=SEND_HEARTBEAT {datanodeUUID=891c1cf7-eb5d-4327-8423-159f04f60044, command=[]} | ret=SUCCESS |  
2019-09-18 16:24:34,232 | INFO  | SCMAudit | user=jenkins1000 | ip=192.168.5.185 | op=SEND_HEARTBEAT {datanodeUUID=2e09149d-5559-4fea-b716-0eb93f2cac4a, command=[]} | ret=SUCCESS |  
2019-09-18 16:24:34,350 | INFO  | SCMAudit | user=jenkins1000 | ip=192.168.5.185 | op=SEND_HEARTBEAT {datanodeUUID=8986536d-5b7d-4e16-8929-1d1bb41ad668, command=[]} | ret=SUCCESS |  
2019-09-18 16:24:34,532 | INFO  | SCMAudit | user=jenkins1000 | ip=192.168.5.185 | op=SEND_HEARTBEAT {datanodeUUID=bbe12df8-c2f1-49e2-8ab8-c8f9f8b834ae, command=[]} | ret=SUCCESS |  
2019-09-18 16:24:34,742 | INFO  | SCMAudit | user=jenkins1000 | ip=192.168.5.185 | op=SEND_HEARTBEAT {datanodeUUID=1d911544-627f-4c31-9b8f-a02840ac95b3, command=[]} | ret=SUCCESS |  
2019-09-18 16:24:35,149 | INFO  | SCMAudit | user=jenkins1000 | ip=192.168.5.185 | op=SEND_HEARTBEAT {datanodeUUID=8884bba7-3460-4b10-8d54-dd5499715d80, command=[]} | ret=SUCCESS |  
2019-09-18 16:24:35,195 | INFO  | SCMAudit | user=jenkins1000 | ip=192.168.5.185 | op=SEND_HEARTBEAT {datanodeUUID=b61b0354-621b-4e20-a68d-2d53fecac27d, command=[]} | ret=SUCCESS |  
2019-09-18 16:24:35,231 | INFO  | SCMAudit | user=jenkins1000 | ip=192.168.5.185 | op=SEND_HEARTBEAT {datanodeUUID=891c1cf7-eb5d-4327-8423-159f04f60044, command=[]} | ret=SUCCESS |  
2019-09-18 16:24:35,232 | INFO  | SCMAudit | user=jenkins1000 | ip=192.168.5.185 | op=SEND_HEARTBEAT {datanodeUUID=2e09149d-5559-4fea-b716-0eb93f2cac4a, command=[]} | ret=SUCCESS |  
2019-09-18 16:24:35,351 | INFO  | SCMAudit | user=jenkins1000 | ip=192.168.5.185 | op=SEND_HEARTBEAT {datanodeUUID=8986536d-5b7d-4e16-8929-1d1bb41ad668, command=[]} | ret=SUCCESS |  
2019-09-18 16:24:35,532 | INFO  | SCMAudit | user=jenkins1000 | ip=192.168.5.185 | op=SEND_HEARTBEAT {datanodeUUID=bbe12df8-c2f1-49e2-8ab8-c8f9f8b834ae, command=[]} | ret=SUCCESS |  
2019-09-18 16:24:35,742 | INFO  | SCMAudit | user=jenkins1000 | ip=192.168.5.185 | op=SEND_HEARTBEAT {datanodeUUID=1d911544-627f-4c31-9b8f-a02840ac95b3, command=[]} | ret=SUCCESS |  
2019-09-18 16:24:36,149 | INFO  | SCMAudit | user=jenkins1000 | ip=192.168.5.185 | op=SEND_HEARTBEAT {datanodeUUID=8884bba7-3460-4b10-8d54-dd5499715d80, command=[]} | ret=SUCCESS |  
2019-09-18 16:24:36,195 | INFO  | SCMAudit | user=jenkins1000 | ip=192.168.5.185 | op=SEND_HEARTBEAT {datanodeUUID=b61b0354-621b-4e20-a68d-2d53fecac27d, command=[]} | ret=SUCCESS |  
2019-09-18 16:24:36,231 | INFO  | SCMAudit | user=jenkins1000 | ip=192.168.5.185 | op=SEND_HEARTBEAT {datanodeUUID=891c1cf7-eb5d-4327-8423-159f04f60044, command=[]} | ret=SUCCESS |  
2019-09-18 16:24:36,233 | INFO  | SCMAudit | user=jenkins1000 | ip=192.168.5.185 | op=SEND_HEARTBEAT {datanodeUUID=2e09149d-5559-4fea-b716-0eb93f2cac4a, command=[]} | ret=SUCCESS |  
2019-09-18 16:24:36,353 | INFO  | SCMAudit | user=jenkins1000 | ip=192.168.5.185 | op=SEND_HEARTBEAT {datanodeUUID=8986536d-5b7d-4e16-8929-1d1bb41ad668, command=[]} | ret=SUCCESS |  
2019-09-18 16:24:36,540 | INFO  | SCMAudit | user=jenkins1000 | ip=192.168.5.185 | op=SEND_HEARTBEAT {datanodeUUID=bbe12df8-c2f1-49e2-8ab8-c8f9f8b834ae, command=[]} | ret=SUCCESS |  
2019-09-18 16:24:36,541 [grpc-default-executor-0] INFO  client.GrpcClientProtocolClient (GrpcClientProtocolClient.java:onNext(255)) - client-08D30C90C1DD->891c1cf7-eb5d-4327-8423-159f04f60044: receive RaftClientReply:client-08D30C90C1DD->891c1cf7-eb5d-4327-8423-159f04f60044@group-1A1F4B3A8F4F, cid=45, FAILED org.apache.ratis.protocol.NotLeaderException: Server 891c1cf7-eb5d-4327-8423-159f04f60044 is not the leader (b61b0354-621b-4e20-a68d-2d53fecac27d:192.168.5.185:39516). Request must be sent to leader., logIndex=0, commits[891c1cf7-eb5d-4327-8423-159f04f60044:c8, b61b0354-621b-4e20-a68d-2d53fecac27d:c8, 2e09149d-5559-4fea-b716-0eb93f2cac4a:c8]
2019-09-18 16:24:36,742 | INFO  | SCMAudit | user=jenkins1000 | ip=192.168.5.185 | op=SEND_HEARTBEAT {datanodeUUID=1d911544-627f-4c31-9b8f-a02840ac95b3, command=[]} | ret=SUCCESS |  
2019-09-18 16:24:37,149 | INFO  | SCMAudit | user=jenkins1000 | ip=192.168.5.185 | op=SEND_HEARTBEAT {datanodeUUID=8884bba7-3460-4b10-8d54-dd5499715d80, command=[]} | ret=SUCCESS |  
2019-09-18 16:24:37,196 | INFO  | SCMAudit | user=jenkins1000 | ip=192.168.5.185 | op=SEND_HEARTBEAT {datanodeUUID=b61b0354-621b-4e20-a68d-2d53fecac27d, command=[]} | ret=SUCCESS |  
2019-09-18 16:24:37,232 | INFO  | SCMAudit | user=jenkins1000 | ip=192.168.5.185 | op=SEND_HEARTBEAT {datanodeUUID=2e09149d-5559-4fea-b716-0eb93f2cac4a, command=[]} | ret=SUCCESS |  
2019-09-18 16:24:37,232 | INFO  | SCMAudit | user=jenkins1000 | ip=192.168.5.185 | op=SEND_HEARTBEAT {datanodeUUID=891c1cf7-eb5d-4327-8423-159f04f60044, command=[]} | ret=SUCCESS |  
2019-09-18 16:24:37,352 | INFO  | SCMAudit | user=jenkins1000 | ip=192.168.5.185 | op=SEND_HEARTBEAT {datanodeUUID=8986536d-5b7d-4e16-8929-1d1bb41ad668, command=[]} | ret=SUCCESS |  
2019-09-18 16:24:37,532 | INFO  | SCMAudit | user=jenkins1000 | ip=192.168.5.185 | op=SEND_HEARTBEAT {datanodeUUID=bbe12df8-c2f1-49e2-8ab8-c8f9f8b834ae, command=[]} | ret=SUCCESS |  
2019-09-18 16:24:37,742 | INFO  | SCMAudit | user=jenkins1000 | ip=192.168.5.185 | op=SEND_HEARTBEAT {datanodeUUID=1d911544-627f-4c31-9b8f-a02840ac95b3, command=[]} | ret=SUCCESS |  
2019-09-18 16:24:38,149 | INFO  | SCMAudit | user=jenkins1000 | ip=192.168.5.185 | op=SEND_HEARTBEAT {datanodeUUID=8884bba7-3460-4b10-8d54-dd5499715d80, command=[]} | ret=SUCCESS |  
2019-09-18 16:24:38,195 | INFO  | SCMAudit | user=jenkins1000 | ip=192.168.5.185 | op=SEND_HEARTBEAT {datanodeUUID=b61b0354-621b-4e20-a68d-2d53fecac27d, command=[]} | ret=SUCCESS |  
2019-09-18 16:24:38,231 | INFO  | SCMAudit | user=jenkins1000 | ip=192.168.5.185 | op=SEND_HEARTBEAT {datanodeUUID=891c1cf7-eb5d-4327-8423-159f04f60044, command=[]} | ret=SUCCESS |  
2019-09-18 16:24:38,232 | INFO  | SCMAudit | user=jenkins1000 | ip=192.168.5.185 | op=SEND_HEARTBEAT {datanodeUUID=2e09149d-5559-4fea-b716-0eb93f2cac4a, command=[]} | ret=SUCCESS |  
2019-09-18 16:24:38,351 | INFO  | SCMAudit | user=jenkins1000 | ip=192.168.5.185 | op=SEND_HEARTBEAT {datanodeUUID=8986536d-5b7d-4e16-8929-1d1bb41ad668, command=[]} | ret=SUCCESS |  
2019-09-18 16:24:38,532 | INFO  | SCMAudit | user=jenkins1000 | ip=192.168.5.185 | op=SEND_HEARTBEAT {datanodeUUID=bbe12df8-c2f1-49e2-8ab8-c8f9f8b834ae, command=[]} | ret=SUCCESS |  
2019-09-18 16:24:38,743 | INFO  | SCMAudit | user=jenkins1000 | ip=192.168.5.185 | op=SEND_HEARTBEAT {datanodeUUID=1d911544-627f-4c31-9b8f-a02840ac95b3, command=[]} | ret=SUCCESS |  
2019-09-18 16:24:39,149 | INFO  | SCMAudit | user=jenkins1000 | ip=192.168.5.185 | op=SEND_HEARTBEAT {datanodeUUID=8884bba7-3460-4b10-8d54-dd5499715d80, command=[]} | ret=SUCCESS |  
2019-09-18 16:24:39,195 | INFO  | SCMAudit | user=jenkins1000 | ip=192.168.5.185 | op=SEND_HEARTBEAT {datanodeUUID=b61b0354-621b-4e20-a68d-2d53fecac27d, command=[]} | ret=SUCCESS |  
2019-09-18 16:24:39,231 | INFO  | SCMAudit | user=jenkins1000 | ip=192.168.5.185 | op=SEND_HEARTBEAT {datanodeUUID=891c1cf7-eb5d-4327-8423-159f04f60044, command=[]} | ret=SUCCESS |  
2019-09-18 16:24:39,232 | INFO  | SCMAudit | user=jenkins1000 | ip=192.168.5.185 | op=SEND_HEARTBEAT {datanodeUUID=2e09149d-5559-4fea-b716-0eb93f2cac4a, command=[]} | ret=SUCCESS |  
2019-09-18 16:24:39,351 | INFO  | SCMAudit | user=jenkins1000 | ip=192.168.5.185 | op=SEND_HEARTBEAT {datanodeUUID=8986536d-5b7d-4e16-8929-1d1bb41ad668, command=[]} | ret=SUCCESS |  
2019-09-18 16:24:39,532 | INFO  | SCMAudit | user=jenkins1000 | ip=192.168.5.185 | op=SEND_HEARTBEAT {datanodeUUID=bbe12df8-c2f1-49e2-8ab8-c8f9f8b834ae, command=[]} | ret=SUCCESS |  
2019-09-18 16:24:39,743 | INFO  | SCMAudit | user=jenkins1000 | ip=192.168.5.185 | op=SEND_HEARTBEAT {datanodeUUID=1d911544-627f-4c31-9b8f-a02840ac95b3, command=[]} | ret=SUCCESS |  
2019-09-18 16:24:40,149 | INFO  | SCMAudit | user=jenkins1000 | ip=192.168.5.185 | op=SEND_HEARTBEAT {datanodeUUID=8884bba7-3460-4b10-8d54-dd5499715d80, command=[]} | ret=SUCCESS |  
2019-09-18 16:24:40,195 | INFO  | SCMAudit | user=jenkins1000 | ip=192.168.5.185 | op=SEND_HEARTBEAT {datanodeUUID=b61b0354-621b-4e20-a68d-2d53fecac27d, command=[]} | ret=SUCCESS |  
2019-09-18 16:24:40,231 | INFO  | SCMAudit | user=jenkins1000 | ip=192.168.5.185 | op=SEND_HEARTBEAT {datanodeUUID=891c1cf7-eb5d-4327-8423-159f04f60044, command=[]} | ret=SUCCESS |  
2019-09-18 16:24:40,232 | INFO  | SCMAudit | user=jenkins1000 | ip=192.168.5.185 | op=SEND_HEARTBEAT {datanodeUUID=2e09149d-5559-4fea-b716-0eb93f2cac4a, command=[]} | ret=SUCCESS |  
2019-09-18 16:24:40,351 | INFO  | SCMAudit | user=jenkins1000 | ip=192.168.5.185 | op=SEND_HEARTBEAT {datanodeUUID=8986536d-5b7d-4e16-8929-1d1bb41ad668, command=[]} | ret=SUCCESS |  
2019-09-18 16:24:40,532 | INFO  | SCMAudit | user=jenkins1000 | ip=192.168.5.185 | op=SEND_HEARTBEAT {datanodeUUID=bbe12df8-c2f1-49e2-8ab8-c8f9f8b834ae, command=[]} | ret=SUCCESS |  
2019-09-18 16:24:40,744 | INFO  | SCMAudit | user=jenkins1000 | ip=192.168.5.185 | op=SEND_HEARTBEAT {datanodeUUID=1d911544-627f-4c31-9b8f-a02840ac95b3, command=[]} | ret=SUCCESS |  
2019-09-18 16:24:41,150 | INFO  | SCMAudit | user=jenkins1000 | ip=192.168.5.185 | op=SEND_HEARTBEAT {datanodeUUID=8884bba7-3460-4b10-8d54-dd5499715d80, command=[]} | ret=SUCCESS |  
2019-09-18 16:24:41,196 | INFO  | SCMAudit | user=jenkins1000 | ip=192.168.5.185 | op=SEND_HEARTBEAT {datanodeUUID=b61b0354-621b-4e20-a68d-2d53fecac27d, command=[]} | ret=SUCCESS |  
2019-09-18 16:24:41,231 | INFO  | SCMAudit | user=jenkins1000 | ip=192.168.5.185 | op=SEND_HEARTBEAT {datanodeUUID=891c1cf7-eb5d-4327-8423-159f04f60044, command=[]} | ret=SUCCESS |  
2019-09-18 16:24:41,232 | INFO  | SCMAudit | user=jenkins1000 | ip=192.168.5.185 | op=SEND_HEARTBEAT {datanodeUUID=2e09149d-5559-4fea-b716-0eb93f2cac4a, command=[]} | ret=SUCCESS |  
2019-09-18 16:24:41,351 | INFO  | SCMAudit | user=jenkins1000 | ip=192.168.5.185 | op=SEND_HEARTBEAT {datanodeUUID=8986536d-5b7d-4e16-8929-1d1bb41ad668, command=[]} | ret=SUCCESS |  
2019-09-18 16:24:41,532 | INFO  | SCMAudit | user=jenkins1000 | ip=192.168.5.185 | op=SEND_HEARTBEAT {datanodeUUID=bbe12df8-c2f1-49e2-8ab8-c8f9f8b834ae, command=[]} | ret=SUCCESS |  
2019-09-18 16:24:41,595 [grpc-default-executor-1] INFO  client.GrpcClientProtocolClient (GrpcClientProtocolClient.java:onNext(255)) - client-08D30C90C1DD->2e09149d-5559-4fea-b716-0eb93f2cac4a: receive RaftClientReply:client-08D30C90C1DD->2e09149d-5559-4fea-b716-0eb93f2cac4a@group-1A1F4B3A8F4F, cid=45, FAILED org.apache.ratis.protocol.NotLeaderException: Server 2e09149d-5559-4fea-b716-0eb93f2cac4a is not the leader (b61b0354-621b-4e20-a68d-2d53fecac27d:192.168.5.185:39516). Request must be sent to leader., logIndex=0, commits[2e09149d-5559-4fea-b716-0eb93f2cac4a:c8, b61b0354-621b-4e20-a68d-2d53fecac27d:c8, 891c1cf7-eb5d-4327-8423-159f04f60044:c8]
2019-09-18 16:24:41,744 | INFO  | SCMAudit | user=jenkins1000 | ip=192.168.5.185 | op=SEND_HEARTBEAT {datanodeUUID=1d911544-627f-4c31-9b8f-a02840ac95b3, command=[]} | ret=SUCCESS |  
2019-09-18 16:24:42,150 | INFO  | SCMAudit | user=jenkins1000 | ip=192.168.5.185 | op=SEND_HEARTBEAT {datanodeUUID=8884bba7-3460-4b10-8d54-dd5499715d80, command=[]} | ret=SUCCESS |  
2019-09-18 16:24:42,195 | INFO  | SCMAudit | user=jenkins1000 | ip=192.168.5.185 | op=SEND_HEARTBEAT {datanodeUUID=b61b0354-621b-4e20-a68d-2d53fecac27d, command=[]} | ret=SUCCESS |  
2019-09-18 16:24:42,231 | INFO  | SCMAudit | user=jenkins1000 | ip=192.168.5.185 | op=SEND_HEARTBEAT {datanodeUUID=891c1cf7-eb5d-4327-8423-159f04f60044, command=[]} | ret=SUCCESS |  
2019-09-18 16:24:42,232 | INFO  | SCMAudit | user=jenkins1000 | ip=192.168.5.185 | op=SEND_HEARTBEAT {datanodeUUID=2e09149d-5559-4fea-b716-0eb93f2cac4a, command=[]} | ret=SUCCESS |  
2019-09-18 16:24:42,352 | INFO  | SCMAudit | user=jenkins1000 | ip=192.168.5.185 | op=SEND_HEARTBEAT {datanodeUUID=8986536d-5b7d-4e16-8929-1d1bb41ad668, command=[]} | ret=SUCCESS |  
2019-09-18 16:24:42,532 | INFO  | SCMAudit | user=jenkins1000 | ip=192.168.5.185 | op=SEND_HEARTBEAT {datanodeUUID=bbe12df8-c2f1-49e2-8ab8-c8f9f8b834ae, command=[]} | ret=SUCCESS |  
2019-09-18 16:24:42,744 | INFO  | SCMAudit | user=jenkins1000 | ip=192.168.5.185 | op=SEND_HEARTBEAT {datanodeUUID=1d911544-627f-4c31-9b8f-a02840ac95b3, command=[]} | ret=SUCCESS |  
2019-09-18 16:24:43,150 | INFO  | SCMAudit | user=jenkins1000 | ip=192.168.5.185 | op=SEND_HEARTBEAT {datanodeUUID=8884bba7-3460-4b10-8d54-dd5499715d80, command=[]} | ret=SUCCESS |  
2019-09-18 16:24:43,195 | INFO  | SCMAudit | user=jenkins1000 | ip=192.168.5.185 | op=SEND_HEARTBEAT {datanodeUUID=b61b0354-621b-4e20-a68d-2d53fecac27d, command=[]} | ret=SUCCESS |  
2019-09-18 16:24:43,231 | INFO  | SCMAudit | user=jenkins1000 | ip=192.168.5.185 | op=SEND_HEARTBEAT {datanodeUUID=891c1cf7-eb5d-4327-8423-159f04f60044, command=[]} | ret=SUCCESS |  
2019-09-18 16:24:43,232 | INFO  | SCMAudit | user=jenkins1000 | ip=192.168.5.185 | op=SEND_HEARTBEAT {datanodeUUID=2e09149d-5559-4fea-b716-0eb93f2cac4a, command=[]} | ret=SUCCESS |  
2019-09-18 16:24:43,352 | INFO  | SCMAudit | user=jenkins1000 | ip=192.168.5.185 | op=SEND_HEARTBEAT {datanodeUUID=8986536d-5b7d-4e16-8929-1d1bb41ad668, command=[]} | ret=SUCCESS |  
2019-09-18 16:24:43,532 | INFO  | SCMAudit | user=jenkins1000 | ip=192.168.5.185 | op=SEND_HEARTBEAT {datanodeUUID=bbe12df8-c2f1-49e2-8ab8-c8f9f8b834ae, command=[]} | ret=SUCCESS |  
2019-09-18 16:24:43,744 | INFO  | SCMAudit | user=jenkins1000 | ip=192.168.5.185 | op=SEND_HEARTBEAT {datanodeUUID=1d911544-627f-4c31-9b8f-a02840ac95b3, command=[]} | ret=SUCCESS |  
2019-09-18 16:24:44,150 | INFO  | SCMAudit | user=jenkins1000 | ip=192.168.5.185 | op=SEND_HEARTBEAT {datanodeUUID=8884bba7-3460-4b10-8d54-dd5499715d80, command=[]} | ret=SUCCESS |  
2019-09-18 16:24:44,195 | INFO  | SCMAudit | user=jenkins1000 | ip=192.168.5.185 | op=SEND_HEARTBEAT {datanodeUUID=b61b0354-621b-4e20-a68d-2d53fecac27d, command=[]} | ret=SUCCESS |  
2019-09-18 16:24:44,231 | INFO  | SCMAudit | user=jenkins1000 | ip=192.168.5.185 | op=SEND_HEARTBEAT {datanodeUUID=891c1cf7-eb5d-4327-8423-159f04f60044, command=[]} | ret=SUCCESS |  
2019-09-18 16:24:44,233 | INFO  | SCMAudit | user=jenkins1000 | ip=192.168.5.185 | op=SEND_HEARTBEAT {datanodeUUID=2e09149d-5559-4fea-b716-0eb93f2cac4a, command=[]} | ret=SUCCESS |  
2019-09-18 16:24:44,352 | INFO  | SCMAudit | user=jenkins1000 | ip=192.168.5.185 | op=SEND_HEARTBEAT {datanodeUUID=8986536d-5b7d-4e16-8929-1d1bb41ad668, command=[]} | ret=SUCCESS |  
2019-09-18 16:24:44,533 | INFO  | SCMAudit | user=jenkins1000 | ip=192.168.5.185 | op=SEND_HEARTBEAT {datanodeUUID=bbe12df8-c2f1-49e2-8ab8-c8f9f8b834ae, command=[]} | ret=SUCCESS |  
2019-09-18 16:24:44,744 | INFO  | SCMAudit | user=jenkins1000 | ip=192.168.5.185 | op=SEND_HEARTBEAT {datanodeUUID=1d911544-627f-4c31-9b8f-a02840ac95b3, command=[]} | ret=SUCCESS |  
2019-09-18 16:24:45,150 | INFO  | SCMAudit | user=jenkins1000 | ip=192.168.5.185 | op=SEND_HEARTBEAT {datanodeUUID=8884bba7-3460-4b10-8d54-dd5499715d80, command=[]} | ret=SUCCESS |  
2019-09-18 16:24:45,195 | INFO  | SCMAudit | user=jenkins1000 | ip=192.168.5.185 | op=SEND_HEARTBEAT {datanodeUUID=b61b0354-621b-4e20-a68d-2d53fecac27d, command=[]} | ret=SUCCESS |  
2019-09-18 16:24:45,231 | INFO  | SCMAudit | user=jenkins1000 | ip=192.168.5.185 | op=SEND_HEARTBEAT {datanodeUUID=891c1cf7-eb5d-4327-8423-159f04f60044, command=[]} | ret=SUCCESS |  
2019-09-18 16:24:45,233 | INFO  | SCMAudit | user=jenkins1000 | ip=192.168.5.185 | op=SEND_HEARTBEAT {datanodeUUID=2e09149d-5559-4fea-b716-0eb93f2cac4a, command=[]} | ret=SUCCESS |  
2019-09-18 16:24:45,352 | INFO  | SCMAudit | user=jenkins1000 | ip=192.168.5.185 | op=SEND_HEARTBEAT {datanodeUUID=8986536d-5b7d-4e16-8929-1d1bb41ad668, command=[]} | ret=SUCCESS |  
2019-09-18 16:24:45,534 | INFO  | SCMAudit | user=jenkins1000 | ip=192.168.5.185 | op=SEND_HEARTBEAT {datanodeUUID=bbe12df8-c2f1-49e2-8ab8-c8f9f8b834ae, command=[]} | ret=SUCCESS |  
2019-09-18 16:24:45,744 | INFO  | SCMAudit | user=jenkins1000 | ip=192.168.5.185 | op=SEND_HEARTBEAT {datanodeUUID=1d911544-627f-4c31-9b8f-a02840ac95b3, command=[]} | ret=SUCCESS |  
2019-09-18 16:24:46,150 | INFO  | SCMAudit | user=jenkins1000 | ip=192.168.5.185 | op=SEND_HEARTBEAT {datanodeUUID=8884bba7-3460-4b10-8d54-dd5499715d80, command=[]} | ret=SUCCESS |  
2019-09-18 16:24:46,195 | INFO  | SCMAudit | user=jenkins1000 | ip=192.168.5.185 | op=SEND_HEARTBEAT {datanodeUUID=b61b0354-621b-4e20-a68d-2d53fecac27d, command=[]} | ret=SUCCESS |  
2019-09-18 16:24:46,231 | INFO  | SCMAudit | user=jenkins1000 | ip=192.168.5.185 | op=SEND_HEARTBEAT {datanodeUUID=891c1cf7-eb5d-4327-8423-159f04f60044, command=[]} | ret=SUCCESS |  
2019-09-18 16:24:46,233 | INFO  | SCMAudit | user=jenkins1000 | ip=192.168.5.185 | op=SEND_HEARTBEAT {datanodeUUID=2e09149d-5559-4fea-b716-0eb93f2cac4a, command=[]} | ret=SUCCESS |  
2019-09-18 16:24:46,352 | INFO  | SCMAudit | user=jenkins1000 | ip=192.168.5.185 | op=SEND_HEARTBEAT {datanodeUUID=8986536d-5b7d-4e16-8929-1d1bb41ad668, command=[]} | ret=SUCCESS |  
2019-09-18 16:24:46,535 | INFO  | SCMAudit | user=jenkins1000 | ip=192.168.5.185 | op=SEND_HEARTBEAT {datanodeUUID=bbe12df8-c2f1-49e2-8ab8-c8f9f8b834ae, command=[]} | ret=SUCCESS |  
2019-09-18 16:24:46,636 [grpc-default-executor-1] INFO  client.GrpcClientProtocolClient (GrpcClientProtocolClient.java:onNext(255)) - client-08D30C90C1DD->2e09149d-5559-4fea-b716-0eb93f2cac4a: receive RaftClientReply:client-08D30C90C1DD->2e09149d-5559-4fea-b716-0eb93f2cac4a@group-1A1F4B3A8F4F, cid=45, FAILED org.apache.ratis.protocol.NotLeaderException: Server 2e09149d-5559-4fea-b716-0eb93f2cac4a is not the leader (b61b0354-621b-4e20-a68d-2d53fecac27d:192.168.5.185:39516). Request must be sent to leader., logIndex=0, commits[2e09149d-5559-4fea-b716-0eb93f2cac4a:c8, b61b0354-621b-4e20-a68d-2d53fecac27d:c8, 891c1cf7-eb5d-4327-8423-159f04f60044:c8]
2019-09-18 16:24:46,744 | INFO  | SCMAudit | user=jenkins1000 | ip=192.168.5.185 | op=SEND_HEARTBEAT {datanodeUUID=1d911544-627f-4c31-9b8f-a02840ac95b3, command=[]} | ret=SUCCESS |  
2019-09-18 16:24:47,150 | INFO  | SCMAudit | user=jenkins1000 | ip=192.168.5.185 | op=SEND_HEARTBEAT {datanodeUUID=8884bba7-3460-4b10-8d54-dd5499715d80, command=[]} | ret=SUCCESS |  
2019-09-18 16:24:47,195 | INFO  | SCMAudit | user=jenkins1000 | ip=192.168.5.185 | op=SEND_HEARTBEAT {datanodeUUID=b61b0354-621b-4e20-a68d-2d53fecac27d, command=[]} | ret=SUCCESS |  
2019-09-18 16:24:47,231 | INFO  | SCMAudit | user=jenkins1000 | ip=192.168.5.185 | op=SEND_HEARTBEAT {datanodeUUID=891c1cf7-eb5d-4327-8423-159f04f60044, command=[]} | ret=SUCCESS |  
2019-09-18 16:24:47,233 | INFO  | SCMAudit | user=jenkins1000 | ip=192.168.5.185 | op=SEND_HEARTBEAT {datanodeUUID=2e09149d-5559-4fea-b716-0eb93f2cac4a, command=[]} | ret=SUCCESS |  
2019-09-18 16:24:47,352 | INFO  | SCMAudit | user=jenkins1000 | ip=192.168.5.185 | op=SEND_HEARTBEAT {datanodeUUID=8986536d-5b7d-4e16-8929-1d1bb41ad668, command=[]} | ret=SUCCESS |  
2019-09-18 16:24:47,534 | INFO  | SCMAudit | user=jenkins1000 | ip=192.168.5.185 | op=SEND_HEARTBEAT {datanodeUUID=bbe12df8-c2f1-49e2-8ab8-c8f9f8b834ae, command=[]} | ret=SUCCESS |  
2019-09-18 16:24:47,744 | INFO  | SCMAudit | user=jenkins1000 | ip=192.168.5.185 | op=SEND_HEARTBEAT {datanodeUUID=1d911544-627f-4c31-9b8f-a02840ac95b3, command=[]} | ret=SUCCESS |  
2019-09-18 16:24:48,153 | INFO  | SCMAudit | user=jenkins1000 | ip=192.168.5.185 | op=SEND_HEARTBEAT {datanodeUUID=8884bba7-3460-4b10-8d54-dd5499715d80, command=[]} | ret=SUCCESS |  
2019-09-18 16:24:48,195 | INFO  | SCMAudit | user=jenkins1000 | ip=192.168.5.185 | op=SEND_HEARTBEAT {datanodeUUID=b61b0354-621b-4e20-a68d-2d53fecac27d, command=[]} | ret=SUCCESS |  
2019-09-18 16:24:48,231 | INFO  | SCMAudit | user=jenkins1000 | ip=192.168.5.185 | op=SEND_HEARTBEAT {datanodeUUID=891c1cf7-eb5d-4327-8423-159f04f60044, command=[]} | ret=SUCCESS |  
2019-09-18 16:24:48,233 | INFO  | SCMAudit | user=jenkins1000 | ip=192.168.5.185 | op=SEND_HEARTBEAT {datanodeUUID=2e09149d-5559-4fea-b716-0eb93f2cac4a, command=[]} | ret=SUCCESS |  
2019-09-18 16:24:48,352 | INFO  | SCMAudit | user=jenkins1000 | ip=192.168.5.185 | op=SEND_HEARTBEAT {datanodeUUID=8986536d-5b7d-4e16-8929-1d1bb41ad668, command=[]} | ret=SUCCESS |  
2019-09-18 16:24:48,534 | INFO  | SCMAudit | user=jenkins1000 | ip=192.168.5.185 | op=SEND_HEARTBEAT {datanodeUUID=bbe12df8-c2f1-49e2-8ab8-c8f9f8b834ae, command=[]} | ret=SUCCESS |  
2019-09-18 16:24:48,745 | INFO  | SCMAudit | user=jenkins1000 | ip=192.168.5.185 | op=SEND_HEARTBEAT {datanodeUUID=1d911544-627f-4c31-9b8f-a02840ac95b3, command=[]} | ret=SUCCESS |  
2019-09-18 16:24:49,150 | INFO  | SCMAudit | user=jenkins1000 | ip=192.168.5.185 | op=SEND_HEARTBEAT {datanodeUUID=8884bba7-3460-4b10-8d54-dd5499715d80, command=[]} | ret=SUCCESS |  
2019-09-18 16:24:49,195 | INFO  | SCMAudit | user=jenkins1000 | ip=192.168.5.185 | op=SEND_HEARTBEAT {datanodeUUID=b61b0354-621b-4e20-a68d-2d53fecac27d, command=[]} | ret=SUCCESS |  
2019-09-18 16:24:49,232 | INFO  | SCMAudit | user=jenkins1000 | ip=192.168.5.185 | op=SEND_HEARTBEAT {datanodeUUID=891c1cf7-eb5d-4327-8423-159f04f60044, command=[]} | ret=SUCCESS |  
2019-09-18 16:24:49,233 | INFO  | SCMAudit | user=jenkins1000 | ip=192.168.5.185 | op=SEND_HEARTBEAT {datanodeUUID=2e09149d-5559-4fea-b716-0eb93f2cac4a, command=[]} | ret=SUCCESS |  
2019-09-18 16:24:49,352 | INFO  | SCMAudit | user=jenkins1000 | ip=192.168.5.185 | op=SEND_HEARTBEAT {datanodeUUID=8986536d-5b7d-4e16-8929-1d1bb41ad668, command=[]} | ret=SUCCESS |  
2019-09-18 16:24:49,535 | INFO  | SCMAudit | user=jenkins1000 | ip=192.168.5.185 | op=SEND_HEARTBEAT {datanodeUUID=bbe12df8-c2f1-49e2-8ab8-c8f9f8b834ae, command=[]} | ret=SUCCESS |  
2019-09-18 16:24:49,746 | INFO  | SCMAudit | user=jenkins1000 | ip=192.168.5.185 | op=SEND_HEARTBEAT {datanodeUUID=1d911544-627f-4c31-9b8f-a02840ac95b3, command=[]} | ret=SUCCESS |  
2019-09-18 16:24:50,150 | INFO  | SCMAudit | user=jenkins1000 | ip=192.168.5.185 | op=SEND_HEARTBEAT {datanodeUUID=8884bba7-3460-4b10-8d54-dd5499715d80, command=[]} | ret=SUCCESS |  
2019-09-18 16:24:50,195 | INFO  | SCMAudit | user=jenkins1000 | ip=192.168.5.185 | op=SEND_HEARTBEAT {datanodeUUID=b61b0354-621b-4e20-a68d-2d53fecac27d, command=[]} | ret=SUCCESS |  
2019-09-18 16:24:50,231 | INFO  | SCMAudit | user=jenkins1000 | ip=192.168.5.185 | op=SEND_HEARTBEAT {datanodeUUID=891c1cf7-eb5d-4327-8423-159f04f60044, command=[]} | ret=SUCCESS |  
2019-09-18 16:24:50,234 | INFO  | SCMAudit | user=jenkins1000 | ip=192.168.5.185 | op=SEND_HEARTBEAT {datanodeUUID=2e09149d-5559-4fea-b716-0eb93f2cac4a, command=[]} | ret=SUCCESS |  
2019-09-18 16:24:50,352 | INFO  | SCMAudit | user=jenkins1000 | ip=192.168.5.185 | op=SEND_HEARTBEAT {datanodeUUID=8986536d-5b7d-4e16-8929-1d1bb41ad668, command=[]} | ret=SUCCESS |  
2019-09-18 16:24:50,535 | INFO  | SCMAudit | user=jenkins1000 | ip=192.168.5.185 | op=SEND_HEARTBEAT {datanodeUUID=bbe12df8-c2f1-49e2-8ab8-c8f9f8b834ae, command=[]} | ret=SUCCESS |  
2019-09-18 16:24:50,745 | INFO  | SCMAudit | user=jenkins1000 | ip=192.168.5.185 | op=SEND_HEARTBEAT {datanodeUUID=1d911544-627f-4c31-9b8f-a02840ac95b3, command=[]} | ret=SUCCESS |  
2019-09-18 16:24:51,151 | INFO  | SCMAudit | user=jenkins1000 | ip=192.168.5.185 | op=SEND_HEARTBEAT {datanodeUUID=8884bba7-3460-4b10-8d54-dd5499715d80, command=[]} | ret=SUCCESS |  
2019-09-18 16:24:51,195 | INFO  | SCMAudit | user=jenkins1000 | ip=192.168.5.185 | op=SEND_HEARTBEAT {datanodeUUID=b61b0354-621b-4e20-a68d-2d53fecac27d, command=[]} | ret=SUCCESS |  
2019-09-18 16:24:51,231 | INFO  | SCMAudit | user=jenkins1000 | ip=192.168.5.185 | op=SEND_HEARTBEAT {datanodeUUID=891c1cf7-eb5d-4327-8423-159f04f60044, command=[]} | ret=SUCCESS |  
2019-09-18 16:24:51,234 | INFO  | SCMAudit | user=jenkins1000 | ip=192.168.5.185 | op=SEND_HEARTBEAT {datanodeUUID=2e09149d-5559-4fea-b716-0eb93f2cac4a, command=[]} | ret=SUCCESS |  
2019-09-18 16:24:51,353 | INFO  | SCMAudit | user=jenkins1000 | ip=192.168.5.185 | op=SEND_HEARTBEAT {datanodeUUID=8986536d-5b7d-4e16-8929-1d1bb41ad668, command=[]} | ret=SUCCESS |  
2019-09-18 16:24:51,536 | INFO  | SCMAudit | user=jenkins1000 | ip=192.168.5.185 | op=SEND_HEARTBEAT {datanodeUUID=bbe12df8-c2f1-49e2-8ab8-c8f9f8b834ae, command=[]} | ret=SUCCESS |  
2019-09-18 16:24:51,678 [grpc-default-executor-0] INFO  client.GrpcClientProtocolClient (GrpcClientProtocolClient.java:onNext(255)) - client-08D30C90C1DD->2e09149d-5559-4fea-b716-0eb93f2cac4a: receive RaftClientReply:client-08D30C90C1DD->2e09149d-5559-4fea-b716-0eb93f2cac4a@group-1A1F4B3A8F4F, cid=45, FAILED org.apache.ratis.protocol.NotLeaderException: Server 2e09149d-5559-4fea-b716-0eb93f2cac4a is not the leader (b61b0354-621b-4e20-a68d-2d53fecac27d:192.168.5.185:39516). Request must be sent to leader., logIndex=0, commits[2e09149d-5559-4fea-b716-0eb93f2cac4a:c8, b61b0354-621b-4e20-a68d-2d53fecac27d:c8, 891c1cf7-eb5d-4327-8423-159f04f60044:c8]
2019-09-18 16:24:51,745 | INFO  | SCMAudit | user=jenkins1000 | ip=192.168.5.185 | op=SEND_HEARTBEAT {datanodeUUID=1d911544-627f-4c31-9b8f-a02840ac95b3, command=[]} | ret=SUCCESS |  
2019-09-18 16:24:52,150 | INFO  | SCMAudit | user=jenkins1000 | ip=192.168.5.185 | op=SEND_HEARTBEAT {datanodeUUID=8884bba7-3460-4b10-8d54-dd5499715d80, command=[]} | ret=SUCCESS |  
2019-09-18 16:24:52,196 | INFO  | SCMAudit | user=jenkins1000 | ip=192.168.5.185 | op=SEND_HEARTBEAT {datanodeUUID=b61b0354-621b-4e20-a68d-2d53fecac27d, command=[]} | ret=SUCCESS |  
2019-09-18 16:24:52,231 | INFO  | SCMAudit | user=jenkins1000 | ip=192.168.5.185 | op=SEND_HEARTBEAT {datanodeUUID=891c1cf7-eb5d-4327-8423-159f04f60044, command=[]} | ret=SUCCESS |  
2019-09-18 16:24:52,234 | INFO  | SCMAudit | user=jenkins1000 | ip=192.168.5.185 | op=SEND_HEARTBEAT {datanodeUUID=2e09149d-5559-4fea-b716-0eb93f2cac4a, command=[]} | ret=SUCCESS |  
2019-09-18 16:24:52,354 | INFO  | SCMAudit | user=jenkins1000 | ip=192.168.5.185 | op=SEND_HEARTBEAT {datanodeUUID=8986536d-5b7d-4e16-8929-1d1bb41ad668, command=[]} | ret=SUCCESS |  
2019-09-18 16:24:52,535 | INFO  | SCMAudit | user=jenkins1000 | ip=192.168.5.185 | op=SEND_HEARTBEAT {datanodeUUID=bbe12df8-c2f1-49e2-8ab8-c8f9f8b834ae, command=[]} | ret=SUCCESS |  
2019-09-18 16:24:52,746 | INFO  | SCMAudit | user=jenkins1000 | ip=192.168.5.185 | op=SEND_HEARTBEAT {datanodeUUID=1d911544-627f-4c31-9b8f-a02840ac95b3, command=[]} | ret=SUCCESS |  
2019-09-18 16:24:53,150 | INFO  | SCMAudit | user=jenkins1000 | ip=192.168.5.185 | op=SEND_HEARTBEAT {datanodeUUID=8884bba7-3460-4b10-8d54-dd5499715d80, command=[]} | ret=SUCCESS |  
2019-09-18 16:24:53,198 | INFO  | SCMAudit | user=jenkins1000 | ip=192.168.5.185 | op=SEND_HEARTBEAT {datanodeUUID=b61b0354-621b-4e20-a68d-2d53fecac27d, command=[]} | ret=SUCCESS |  
2019-09-18 16:24:53,232 | INFO  | SCMAudit | user=jenkins1000 | ip=192.168.5.185 | op=SEND_HEARTBEAT {datanodeUUID=891c1cf7-eb5d-4327-8423-159f04f60044, command=[]} | ret=SUCCESS |  
2019-09-18 16:24:53,234 | INFO  | SCMAudit | user=jenkins1000 | ip=192.168.5.185 | op=SEND_HEARTBEAT {datanodeUUID=2e09149d-5559-4fea-b716-0eb93f2cac4a, command=[]} | ret=SUCCESS |  
2019-09-18 16:24:53,353 | INFO  | SCMAudit | user=jenkins1000 | ip=192.168.5.185 | op=SEND_HEARTBEAT {datanodeUUID=8986536d-5b7d-4e16-8929-1d1bb41ad668, command=[]} | ret=SUCCESS |  
2019-09-18 16:24:53,535 | INFO  | SCMAudit | user=jenkins1000 | ip=192.168.5.185 | op=SEND_HEARTBEAT {datanodeUUID=bbe12df8-c2f1-49e2-8ab8-c8f9f8b834ae, command=[]} | ret=SUCCESS |  
2019-09-18 16:24:53,745 | INFO  | SCMAudit | user=jenkins1000 | ip=192.168.5.185 | op=SEND_HEARTBEAT {datanodeUUID=1d911544-627f-4c31-9b8f-a02840ac95b3, command=[]} | ret=SUCCESS |  
2019-09-18 16:24:54,150 | INFO  | SCMAudit | user=jenkins1000 | ip=192.168.5.185 | op=SEND_HEARTBEAT {datanodeUUID=8884bba7-3460-4b10-8d54-dd5499715d80, command=[]} | ret=SUCCESS |  
2019-09-18 16:24:54,196 | INFO  | SCMAudit | user=jenkins1000 | ip=192.168.5.185 | op=SEND_HEARTBEAT {datanodeUUID=b61b0354-621b-4e20-a68d-2d53fecac27d, command=[]} | ret=SUCCESS |  
2019-09-18 16:24:54,231 | INFO  | SCMAudit | user=jenkins1000 | ip=192.168.5.185 | op=SEND_HEARTBEAT {datanodeUUID=891c1cf7-eb5d-4327-8423-159f04f60044, command=[]} | ret=SUCCESS |  
2019-09-18 16:24:54,234 | INFO  | SCMAudit | user=jenkins1000 | ip=192.168.5.185 | op=SEND_HEARTBEAT {datanodeUUID=2e09149d-5559-4fea-b716-0eb93f2cac4a, command=[]} | ret=SUCCESS |  
2019-09-18 16:24:54,353 | INFO  | SCMAudit | user=jenkins1000 | ip=192.168.5.185 | op=SEND_HEARTBEAT {datanodeUUID=8986536d-5b7d-4e16-8929-1d1bb41ad668, command=[]} | ret=SUCCESS |  
2019-09-18 16:24:54,536 | INFO  | SCMAudit | user=jenkins1000 | ip=192.168.5.185 | op=SEND_HEARTBEAT {datanodeUUID=bbe12df8-c2f1-49e2-8ab8-c8f9f8b834ae, command=[]} | ret=SUCCESS |  
2019-09-18 16:24:54,745 | INFO  | SCMAudit | user=jenkins1000 | ip=192.168.5.185 | op=SEND_HEARTBEAT {datanodeUUID=1d911544-627f-4c31-9b8f-a02840ac95b3, command=[]} | ret=SUCCESS |  
2019-09-18 16:24:55,151 | INFO  | SCMAudit | user=jenkins1000 | ip=192.168.5.185 | op=SEND_HEARTBEAT {datanodeUUID=8884bba7-3460-4b10-8d54-dd5499715d80, command=[]} | ret=SUCCESS |  
2019-09-18 16:24:55,196 | INFO  | SCMAudit | user=jenkins1000 | ip=192.168.5.185 | op=SEND_HEARTBEAT {datanodeUUID=b61b0354-621b-4e20-a68d-2d53fecac27d, command=[]} | ret=SUCCESS |  
2019-09-18 16:24:55,230 | INFO  | SCMAudit | user=jenkins1000 | ip=192.168.5.185 | op=SEND_HEARTBEAT {datanodeUUID=891c1cf7-eb5d-4327-8423-159f04f60044, command=[]} | ret=SUCCESS |  
2019-09-18 16:24:55,234 | INFO  | SCMAudit | user=jenkins1000 | ip=192.168.5.185 | op=SEND_HEARTBEAT {datanodeUUID=2e09149d-5559-4fea-b716-0eb93f2cac4a, command=[]} | ret=SUCCESS |  
2019-09-18 16:24:55,353 | INFO  | SCMAudit | user=jenkins1000 | ip=192.168.5.185 | op=SEND_HEARTBEAT {datanodeUUID=8986536d-5b7d-4e16-8929-1d1bb41ad668, command=[]} | ret=SUCCESS |  
2019-09-18 16:24:55,537 | INFO  | SCMAudit | user=jenkins1000 | ip=192.168.5.185 | op=SEND_HEARTBEAT {datanodeUUID=bbe12df8-c2f1-49e2-8ab8-c8f9f8b834ae, command=[]} | ret=SUCCESS |  
2019-09-18 16:24:55,746 | INFO  | SCMAudit | user=jenkins1000 | ip=192.168.5.185 | op=SEND_HEARTBEAT {datanodeUUID=1d911544-627f-4c31-9b8f-a02840ac95b3, command=[]} | ret=SUCCESS |  
2019-09-18 16:24:56,150 | INFO  | SCMAudit | user=jenkins1000 | ip=192.168.5.185 | op=SEND_HEARTBEAT {datanodeUUID=8884bba7-3460-4b10-8d54-dd5499715d80, command=[]} | ret=SUCCESS |  
2019-09-18 16:24:56,196 | INFO  | SCMAudit | user=jenkins1000 | ip=192.168.5.185 | op=SEND_HEARTBEAT {datanodeUUID=b61b0354-621b-4e20-a68d-2d53fecac27d, command=[]} | ret=SUCCESS |  
2019-09-18 16:24:56,231 | INFO  | SCMAudit | user=jenkins1000 | ip=192.168.5.185 | op=SEND_HEARTBEAT {datanodeUUID=891c1cf7-eb5d-4327-8423-159f04f60044, command=[]} | ret=SUCCESS |  
2019-09-18 16:24:56,234 | INFO  | SCMAudit | user=jenkins1000 | ip=192.168.5.185 | op=SEND_HEARTBEAT {datanodeUUID=2e09149d-5559-4fea-b716-0eb93f2cac4a, command=[]} | ret=SUCCESS |  
2019-09-18 16:24:56,353 | INFO  | SCMAudit | user=jenkins1000 | ip=192.168.5.185 | op=SEND_HEARTBEAT {datanodeUUID=8986536d-5b7d-4e16-8929-1d1bb41ad668, command=[]} | ret=SUCCESS |  
2019-09-18 16:24:56,536 | INFO  | SCMAudit | user=jenkins1000 | ip=192.168.5.185 | op=SEND_HEARTBEAT {datanodeUUID=bbe12df8-c2f1-49e2-8ab8-c8f9f8b834ae, command=[]} | ret=SUCCESS |  
2019-09-18 16:24:56,720 [grpc-default-executor-1] INFO  client.GrpcClientProtocolClient (GrpcClientProtocolClient.java:onNext(255)) - client-08D30C90C1DD->2e09149d-5559-4fea-b716-0eb93f2cac4a: receive RaftClientReply:client-08D30C90C1DD->2e09149d-5559-4fea-b716-0eb93f2cac4a@group-1A1F4B3A8F4F, cid=45, FAILED org.apache.ratis.protocol.NotLeaderException: Server 2e09149d-5559-4fea-b716-0eb93f2cac4a is not the leader (b61b0354-621b-4e20-a68d-2d53fecac27d:192.168.5.185:39516). Request must be sent to leader., logIndex=0, commits[2e09149d-5559-4fea-b716-0eb93f2cac4a:c8, b61b0354-621b-4e20-a68d-2d53fecac27d:c8, 891c1cf7-eb5d-4327-8423-159f04f60044:c8]
2019-09-18 16:24:56,745 | INFO  | SCMAudit | user=jenkins1000 | ip=192.168.5.185 | op=SEND_HEARTBEAT {datanodeUUID=1d911544-627f-4c31-9b8f-a02840ac95b3, command=[]} | ret=SUCCESS |  
2019-09-18 16:24:57,150 | INFO  | SCMAudit | user=jenkins1000 | ip=192.168.5.185 | op=SEND_HEARTBEAT {datanodeUUID=8884bba7-3460-4b10-8d54-dd5499715d80, command=[]} | ret=SUCCESS |  
2019-09-18 16:24:57,197 | INFO  | SCMAudit | user=jenkins1000 | ip=192.168.5.185 | op=SEND_HEARTBEAT {datanodeUUID=b61b0354-621b-4e20-a68d-2d53fecac27d, command=[]} | ret=SUCCESS |  
2019-09-18 16:24:57,231 | INFO  | SCMAudit | user=jenkins1000 | ip=192.168.5.185 | op=SEND_HEARTBEAT {datanodeUUID=891c1cf7-eb5d-4327-8423-159f04f60044, command=[]} | ret=SUCCESS |  
2019-09-18 16:24:57,235 | INFO  | SCMAudit | user=jenkins1000 | ip=192.168.5.185 | op=SEND_HEARTBEAT {datanodeUUID=2e09149d-5559-4fea-b716-0eb93f2cac4a, command=[]} | ret=SUCCESS |  
2019-09-18 16:24:57,354 | INFO  | SCMAudit | user=jenkins1000 | ip=192.168.5.185 | op=SEND_HEARTBEAT {datanodeUUID=8986536d-5b7d-4e16-8929-1d1bb41ad668, command=[]} | ret=SUCCESS |  
2019-09-18 16:24:57,537 | INFO  | SCMAudit | user=jenkins1000 | ip=192.168.5.185 | op=SEND_HEARTBEAT {datanodeUUID=bbe12df8-c2f1-49e2-8ab8-c8f9f8b834ae, command=[]} | ret=SUCCESS |  
2019-09-18 16:24:57,746 | INFO  | SCMAudit | user=jenkins1000 | ip=192.168.5.185 | op=SEND_HEARTBEAT {datanodeUUID=1d911544-627f-4c31-9b8f-a02840ac95b3, command=[]} | ret=SUCCESS |  
2019-09-18 16:24:58,151 | INFO  | SCMAudit | user=jenkins1000 | ip=192.168.5.185 | op=SEND_HEARTBEAT {datanodeUUID=8884bba7-3460-4b10-8d54-dd5499715d80, command=[]} | ret=SUCCESS |  
2019-09-18 16:24:58,197 | INFO  | SCMAudit | user=jenkins1000 | ip=192.168.5.185 | op=SEND_HEARTBEAT {datanodeUUID=b61b0354-621b-4e20-a68d-2d53fecac27d, command=[]} | ret=SUCCESS |  
2019-09-18 16:24:58,231 | INFO  | SCMAudit | user=jenkins1000 | ip=192.168.5.185 | op=SEND_HEARTBEAT {datanodeUUID=891c1cf7-eb5d-4327-8423-159f04f60044, command=[]} | ret=SUCCESS |  
2019-09-18 16:24:58,235 | INFO  | SCMAudit | user=jenkins1000 | ip=192.168.5.185 | op=SEND_HEARTBEAT {datanodeUUID=2e09149d-5559-4fea-b716-0eb93f2cac4a, command=[]} | ret=SUCCESS |  
2019-09-18 16:24:58,353 | INFO  | SCMAudit | user=jenkins1000 | ip=192.168.5.185 | op=SEND_HEARTBEAT {datanodeUUID=8986536d-5b7d-4e16-8929-1d1bb41ad668, command=[]} | ret=SUCCESS |  
2019-09-18 16:24:58,536 | INFO  | SCMAudit | user=jenkins1000 | ip=192.168.5.185 | op=SEND_HEARTBEAT {datanodeUUID=bbe12df8-c2f1-49e2-8ab8-c8f9f8b834ae, command=[]} | ret=SUCCESS |  
2019-09-18 16:24:58,745 | INFO  | SCMAudit | user=jenkins1000 | ip=192.168.5.185 | op=SEND_HEARTBEAT {datanodeUUID=1d911544-627f-4c31-9b8f-a02840ac95b3, command=[]} | ret=SUCCESS |  
2019-09-18 16:24:59,151 | INFO  | SCMAudit | user=jenkins1000 | ip=192.168.5.185 | op=SEND_HEARTBEAT {datanodeUUID=8884bba7-3460-4b10-8d54-dd5499715d80, command=[]} | ret=SUCCESS |  
2019-09-18 16:24:59,198 | INFO  | SCMAudit | user=jenkins1000 | ip=192.168.5.185 | op=SEND_HEARTBEAT {datanodeUUID=b61b0354-621b-4e20-a68d-2d53fecac27d, command=[]} | ret=SUCCESS |  
2019-09-18 16:24:59,231 | INFO  | SCMAudit | user=jenkins1000 | ip=192.168.5.185 | op=SEND_HEARTBEAT {datanodeUUID=891c1cf7-eb5d-4327-8423-159f04f60044, command=[]} | ret=SUCCESS |  
2019-09-18 16:24:59,235 | INFO  | SCMAudit | user=jenkins1000 | ip=192.168.5.185 | op=SEND_HEARTBEAT {datanodeUUID=2e09149d-5559-4fea-b716-0eb93f2cac4a, command=[]} | ret=SUCCESS |  
2019-09-18 16:24:59,353 | INFO  | SCMAudit | user=jenkins1000 | ip=192.168.5.185 | op=SEND_HEARTBEAT {datanodeUUID=8986536d-5b7d-4e16-8929-1d1bb41ad668, command=[]} | ret=SUCCESS |  
2019-09-18 16:24:59,536 | INFO  | SCMAudit | user=jenkins1000 | ip=192.168.5.185 | op=SEND_HEARTBEAT {datanodeUUID=bbe12df8-c2f1-49e2-8ab8-c8f9f8b834ae, command=[]} | ret=SUCCESS |  
2019-09-18 16:24:59,746 | INFO  | SCMAudit | user=jenkins1000 | ip=192.168.5.185 | op=SEND_HEARTBEAT {datanodeUUID=1d911544-627f-4c31-9b8f-a02840ac95b3, command=[]} | ret=SUCCESS |  
2019-09-18 16:25:00,152 | INFO  | SCMAudit | user=jenkins1000 | ip=192.168.5.185 | op=SEND_HEARTBEAT {datanodeUUID=8884bba7-3460-4b10-8d54-dd5499715d80, command=[]} | ret=SUCCESS |  
2019-09-18 16:25:00,198 | INFO  | SCMAudit | user=jenkins1000 | ip=192.168.5.185 | op=SEND_HEARTBEAT {datanodeUUID=b61b0354-621b-4e20-a68d-2d53fecac27d, command=[]} | ret=SUCCESS |  
2019-09-18 16:25:00,231 | INFO  | SCMAudit | user=jenkins1000 | ip=192.168.5.185 | op=SEND_HEARTBEAT {datanodeUUID=891c1cf7-eb5d-4327-8423-159f04f60044, command=[]} | ret=SUCCESS |  
2019-09-18 16:25:00,235 | INFO  | SCMAudit | user=jenkins1000 | ip=192.168.5.185 | op=SEND_HEARTBEAT {datanodeUUID=2e09149d-5559-4fea-b716-0eb93f2cac4a, command=[]} | ret=SUCCESS |  
2019-09-18 16:25:00,353 | INFO  | SCMAudit | user=jenkins1000 | ip=192.168.5.185 | op=SEND_HEARTBEAT {datanodeUUID=8986536d-5b7d-4e16-8929-1d1bb41ad668, command=[]} | ret=SUCCESS |  
2019-09-18 16:25:00,537 | INFO  | SCMAudit | user=jenkins1000 | ip=192.168.5.185 | op=SEND_HEARTBEAT {datanodeUUID=bbe12df8-c2f1-49e2-8ab8-c8f9f8b834ae, command=[]} | ret=SUCCESS |  
2019-09-18 16:25:00,745 | INFO  | SCMAudit | user=jenkins1000 | ip=192.168.5.185 | op=SEND_HEARTBEAT {datanodeUUID=1d911544-627f-4c31-9b8f-a02840ac95b3, command=[]} | ret=SUCCESS |  
2019-09-18 16:25:01,151 | INFO  | SCMAudit | user=jenkins1000 | ip=192.168.5.185 | op=SEND_HEARTBEAT {datanodeUUID=8884bba7-3460-4b10-8d54-dd5499715d80, command=[]} | ret=SUCCESS |  
2019-09-18 16:25:01,199 | INFO  | SCMAudit | user=jenkins1000 | ip=192.168.5.185 | op=SEND_HEARTBEAT {datanodeUUID=b61b0354-621b-4e20-a68d-2d53fecac27d, command=[]} | ret=SUCCESS |  
2019-09-18 16:25:01,231 | INFO  | SCMAudit | user=jenkins1000 | ip=192.168.5.185 | op=SEND_HEARTBEAT {datanodeUUID=891c1cf7-eb5d-4327-8423-159f04f60044, command=[]} | ret=SUCCESS |  
2019-09-18 16:25:01,235 | INFO  | SCMAudit | user=jenkins1000 | ip=192.168.5.185 | op=SEND_HEARTBEAT {datanodeUUID=2e09149d-5559-4fea-b716-0eb93f2cac4a, command=[]} | ret=SUCCESS |  
2019-09-18 16:25:01,354 | INFO  | SCMAudit | user=jenkins1000 | ip=192.168.5.185 | op=SEND_HEARTBEAT {datanodeUUID=8986536d-5b7d-4e16-8929-1d1bb41ad668, command=[]} | ret=SUCCESS |  
2019-09-18 16:25:01,536 | INFO  | SCMAudit | user=jenkins1000 | ip=192.168.5.185 | op=SEND_HEARTBEAT {datanodeUUID=bbe12df8-c2f1-49e2-8ab8-c8f9f8b834ae, command=[]} | ret=SUCCESS |  
2019-09-18 16:25:01,745 | INFO  | SCMAudit | user=jenkins1000 | ip=192.168.5.185 | op=SEND_HEARTBEAT {datanodeUUID=1d911544-627f-4c31-9b8f-a02840ac95b3, command=[]} | ret=SUCCESS |  
2019-09-18 16:25:01,759 [grpc-default-executor-1] INFO  client.GrpcClientProtocolClient (GrpcClientProtocolClient.java:onNext(255)) - client-08D30C90C1DD->891c1cf7-eb5d-4327-8423-159f04f60044: receive RaftClientReply:client-08D30C90C1DD->891c1cf7-eb5d-4327-8423-159f04f60044@group-1A1F4B3A8F4F, cid=45, FAILED org.apache.ratis.protocol.NotLeaderException: Server 891c1cf7-eb5d-4327-8423-159f04f60044 is not the leader (b61b0354-621b-4e20-a68d-2d53fecac27d:192.168.5.185:39516). Request must be sent to leader., logIndex=0, commits[891c1cf7-eb5d-4327-8423-159f04f60044:c8, b61b0354-621b-4e20-a68d-2d53fecac27d:c8, 2e09149d-5559-4fea-b716-0eb93f2cac4a:c8]
2019-09-18 16:25:02,151 | INFO  | SCMAudit | user=jenkins1000 | ip=192.168.5.185 | op=SEND_HEARTBEAT {datanodeUUID=8884bba7-3460-4b10-8d54-dd5499715d80, command=[]} | ret=SUCCESS |  
2019-09-18 16:25:02,199 | INFO  | SCMAudit | user=jenkins1000 | ip=192.168.5.185 | op=SEND_HEARTBEAT {datanodeUUID=b61b0354-621b-4e20-a68d-2d53fecac27d, command=[]} | ret=SUCCESS |  
2019-09-18 16:25:02,231 | INFO  | SCMAudit | user=jenkins1000 | ip=192.168.5.185 | op=SEND_HEARTBEAT {datanodeUUID=891c1cf7-eb5d-4327-8423-159f04f60044, command=[]} | ret=SUCCESS |  
2019-09-18 16:25:02,235 | INFO  | SCMAudit | user=jenkins1000 | ip=192.168.5.185 | op=SEND_HEARTBEAT {datanodeUUID=2e09149d-5559-4fea-b716-0eb93f2cac4a, command=[]} | ret=SUCCESS |  
2019-09-18 16:25:02,354 | INFO  | SCMAudit | user=jenkins1000 | ip=192.168.5.185 | op=SEND_HEARTBEAT {datanodeUUID=8986536d-5b7d-4e16-8929-1d1bb41ad668, command=[]} | ret=SUCCESS |  
2019-09-18 16:25:02,536 | INFO  | SCMAudit | user=jenkins1000 | ip=192.168.5.185 | op=SEND_HEARTBEAT {datanodeUUID=bbe12df8-c2f1-49e2-8ab8-c8f9f8b834ae, command=[]} | ret=SUCCESS |  
2019-09-18 16:25:02,745 | INFO  | SCMAudit | user=jenkins1000 | ip=192.168.5.185 | op=SEND_HEARTBEAT {datanodeUUID=1d911544-627f-4c31-9b8f-a02840ac95b3, command=[]} | ret=SUCCESS |  
2019-09-18 16:25:03,151 | INFO  | SCMAudit | user=jenkins1000 | ip=192.168.5.185 | op=SEND_HEARTBEAT {datanodeUUID=8884bba7-3460-4b10-8d54-dd5499715d80, command=[]} | ret=SUCCESS |  
2019-09-18 16:25:03,199 | INFO  | SCMAudit | user=jenkins1000 | ip=192.168.5.185 | op=SEND_HEARTBEAT {datanodeUUID=b61b0354-621b-4e20-a68d-2d53fecac27d, command=[]} | ret=SUCCESS |  
2019-09-18 16:25:03,232 | INFO  | SCMAudit | user=jenkins1000 | ip=192.168.5.185 | op=SEND_HEARTBEAT {datanodeUUID=891c1cf7-eb5d-4327-8423-159f04f60044, command=[]} | ret=SUCCESS |  
2019-09-18 16:25:03,236 | INFO  | SCMAudit | user=jenkins1000 | ip=192.168.5.185 | op=SEND_HEARTBEAT {datanodeUUID=2e09149d-5559-4fea-b716-0eb93f2cac4a, command=[]} | ret=SUCCESS |  
2019-09-18 16:25:03,354 | INFO  | SCMAudit | user=jenkins1000 | ip=192.168.5.185 | op=SEND_HEARTBEAT {datanodeUUID=8986536d-5b7d-4e16-8929-1d1bb41ad668, command=[]} | ret=SUCCESS |  
2019-09-18 16:25:03,536 | INFO  | SCMAudit | user=jenkins1000 | ip=192.168.5.185 | op=SEND_HEARTBEAT {datanodeUUID=bbe12df8-c2f1-49e2-8ab8-c8f9f8b834ae, command=[]} | ret=SUCCESS |  
2019-09-18 16:25:03,745 | INFO  | SCMAudit | user=jenkins1000 | ip=192.168.5.185 | op=SEND_HEARTBEAT {datanodeUUID=1d911544-627f-4c31-9b8f-a02840ac95b3, command=[]} | ret=SUCCESS |  
2019-09-18 16:25:04,152 | INFO  | SCMAudit | user=jenkins1000 | ip=192.168.5.185 | op=SEND_HEARTBEAT {datanodeUUID=8884bba7-3460-4b10-8d54-dd5499715d80, command=[]} | ret=SUCCESS |  
2019-09-18 16:25:04,199 | INFO  | SCMAudit | user=jenkins1000 | ip=192.168.5.185 | op=SEND_HEARTBEAT {datanodeUUID=b61b0354-621b-4e20-a68d-2d53fecac27d, command=[]} | ret=SUCCESS |  
2019-09-18 16:25:04,232 | INFO  | SCMAudit | user=jenkins1000 | ip=192.168.5.185 | op=SEND_HEARTBEAT {datanodeUUID=891c1cf7-eb5d-4327-8423-159f04f60044, command=[]} | ret=SUCCESS |  
2019-09-18 16:25:04,237 | INFO  | SCMAudit | user=jenkins1000 | ip=192.168.5.185 | op=SEND_HEARTBEAT {datanodeUUID=2e09149d-5559-4fea-b716-0eb93f2cac4a, command=[]} | ret=SUCCESS |  
2019-09-18 16:25:04,355 | INFO  | SCMAudit | user=jenkins1000 | ip=192.168.5.185 | op=SEND_HEARTBEAT {datanodeUUID=8986536d-5b7d-4e16-8929-1d1bb41ad668, command=[]} | ret=SUCCESS |  
2019-09-18 16:25:04,536 | INFO  | SCMAudit | user=jenkins1000 | ip=192.168.5.185 | op=SEND_HEARTBEAT {datanodeUUID=bbe12df8-c2f1-49e2-8ab8-c8f9f8b834ae, command=[]} | ret=SUCCESS |  
2019-09-18 16:25:04,745 | INFO  | SCMAudit | user=jenkins1000 | ip=192.168.5.185 | op=SEND_HEARTBEAT {datanodeUUID=1d911544-627f-4c31-9b8f-a02840ac95b3, command=[]} | ret=SUCCESS |  
2019-09-18 16:25:05,151 | INFO  | SCMAudit | user=jenkins1000 | ip=192.168.5.185 | op=SEND_HEARTBEAT {datanodeUUID=8884bba7-3460-4b10-8d54-dd5499715d80, command=[]} | ret=SUCCESS |  
2019-09-18 16:25:05,199 | INFO  | SCMAudit | user=jenkins1000 | ip=192.168.5.185 | op=SEND_HEARTBEAT {datanodeUUID=b61b0354-621b-4e20-a68d-2d53fecac27d, command=[]} | ret=SUCCESS |  
2019-09-18 16:25:05,232 | INFO  | SCMAudit | user=jenkins1000 | ip=192.168.5.185 | op=SEND_HEARTBEAT {datanodeUUID=891c1cf7-eb5d-4327-8423-159f04f60044, command=[]} | ret=SUCCESS |  
2019-09-18 16:25:05,236 | INFO  | SCMAudit | user=jenkins1000 | ip=192.168.5.185 | op=SEND_HEARTBEAT {datanodeUUID=2e09149d-5559-4fea-b716-0eb93f2cac4a, command=[]} | ret=SUCCESS |  
2019-09-18 16:25:05,355 | INFO  | SCMAudit | user=jenkins1000 | ip=192.168.5.185 | op=SEND_HEARTBEAT {datanodeUUID=8986536d-5b7d-4e16-8929-1d1bb41ad668, command=[]} | ret=SUCCESS |  
2019-09-18 16:25:05,536 | INFO  | SCMAudit | user=jenkins1000 | ip=192.168.5.185 | op=SEND_HEARTBEAT {datanodeUUID=bbe12df8-c2f1-49e2-8ab8-c8f9f8b834ae, command=[]} | ret=SUCCESS |  
2019-09-18 16:25:05,746 | INFO  | SCMAudit | user=jenkins1000 | ip=192.168.5.185 | op=SEND_HEARTBEAT {datanodeUUID=1d911544-627f-4c31-9b8f-a02840ac95b3, command=[]} | ret=SUCCESS |  
2019-09-18 16:25:06,151 | INFO  | SCMAudit | user=jenkins1000 | ip=192.168.5.185 | op=SEND_HEARTBEAT {datanodeUUID=8884bba7-3460-4b10-8d54-dd5499715d80, command=[]} | ret=SUCCESS |  
2019-09-18 16:25:06,199 | INFO  | SCMAudit | user=jenkins1000 | ip=192.168.5.185 | op=SEND_HEARTBEAT {datanodeUUID=b61b0354-621b-4e20-a68d-2d53fecac27d, command=[]} | ret=SUCCESS |  
2019-09-18 16:25:06,233 | INFO  | SCMAudit | user=jenkins1000 | ip=192.168.5.185 | op=SEND_HEARTBEAT {datanodeUUID=891c1cf7-eb5d-4327-8423-159f04f60044, command=[]} | ret=SUCCESS |  
2019-09-18 16:25:06,236 | INFO  | SCMAudit | user=jenkins1000 | ip=192.168.5.185 | op=SEND_HEARTBEAT {datanodeUUID=2e09149d-5559-4fea-b716-0eb93f2cac4a, command=[]} | ret=SUCCESS |  
2019-09-18 16:25:06,355 | INFO  | SCMAudit | user=jenkins1000 | ip=192.168.5.185 | op=SEND_HEARTBEAT {datanodeUUID=8986536d-5b7d-4e16-8929-1d1bb41ad668, command=[]} | ret=SUCCESS |  
2019-09-18 16:25:06,536 | INFO  | SCMAudit | user=jenkins1000 | ip=192.168.5.185 | op=SEND_HEARTBEAT {datanodeUUID=bbe12df8-c2f1-49e2-8ab8-c8f9f8b834ae, command=[]} | ret=SUCCESS |  
2019-09-18 16:25:06,746 | INFO  | SCMAudit | user=jenkins1000 | ip=192.168.5.185 | op=SEND_HEARTBEAT {datanodeUUID=1d911544-627f-4c31-9b8f-a02840ac95b3, command=[]} | ret=SUCCESS |  
2019-09-18 16:25:06,798 [grpc-default-executor-1] INFO  client.GrpcClientProtocolClient (GrpcClientProtocolClient.java:onNext(255)) - client-08D30C90C1DD->2e09149d-5559-4fea-b716-0eb93f2cac4a: receive RaftClientReply:client-08D30C90C1DD->2e09149d-5559-4fea-b716-0eb93f2cac4a@group-1A1F4B3A8F4F, cid=45, FAILED org.apache.ratis.protocol.NotLeaderException: Server 2e09149d-5559-4fea-b716-0eb93f2cac4a is not the leader (b61b0354-621b-4e20-a68d-2d53fecac27d:192.168.5.185:39516). Request must be sent to leader., logIndex=0, commits[2e09149d-5559-4fea-b716-0eb93f2cac4a:c8, b61b0354-621b-4e20-a68d-2d53fecac27d:c8, 891c1cf7-eb5d-4327-8423-159f04f60044:c8]
2019-09-18 16:25:07,151 | INFO  | SCMAudit | user=jenkins1000 | ip=192.168.5.185 | op=SEND_HEARTBEAT {datanodeUUID=8884bba7-3460-4b10-8d54-dd5499715d80, command=[]} | ret=SUCCESS |  
2019-09-18 16:25:07,199 | INFO  | SCMAudit | user=jenkins1000 | ip=192.168.5.185 | op=SEND_HEARTBEAT {datanodeUUID=b61b0354-621b-4e20-a68d-2d53fecac27d, command=[]} | ret=SUCCESS |  
2019-09-18 16:25:07,233 | INFO  | SCMAudit | user=jenkins1000 | ip=192.168.5.185 | op=SEND_HEARTBEAT {datanodeUUID=891c1cf7-eb5d-4327-8423-159f04f60044, command=[]} | ret=SUCCESS |  
2019-09-18 16:25:07,236 | INFO  | SCMAudit | user=jenkins1000 | ip=192.168.5.185 | op=SEND_HEARTBEAT {datanodeUUID=2e09149d-5559-4fea-b716-0eb93f2cac4a, command=[]} | ret=SUCCESS |  
2019-09-18 16:25:07,355 | INFO  | SCMAudit | user=jenkins1000 | ip=192.168.5.185 | op=SEND_HEARTBEAT {datanodeUUID=8986536d-5b7d-4e16-8929-1d1bb41ad668, command=[]} | ret=SUCCESS |  
2019-09-18 16:25:07,537 | INFO  | SCMAudit | user=jenkins1000 | ip=192.168.5.185 | op=SEND_HEARTBEAT {datanodeUUID=bbe12df8-c2f1-49e2-8ab8-c8f9f8b834ae, command=[]} | ret=SUCCESS |  
2019-09-18 16:25:07,747 | INFO  | SCMAudit | user=jenkins1000 | ip=192.168.5.185 | op=SEND_HEARTBEAT {datanodeUUID=1d911544-627f-4c31-9b8f-a02840ac95b3, command=[]} | ret=SUCCESS |  
2019-09-18 16:25:08,152 | INFO  | SCMAudit | user=jenkins1000 | ip=192.168.5.185 | op=SEND_HEARTBEAT {datanodeUUID=8884bba7-3460-4b10-8d54-dd5499715d80, command=[]} | ret=SUCCESS |  
2019-09-18 16:25:08,199 | INFO  | SCMAudit | user=jenkins1000 | ip=192.168.5.185 | op=SEND_HEARTBEAT {datanodeUUID=b61b0354-621b-4e20-a68d-2d53fecac27d, command=[]} | ret=SUCCESS |  
2019-09-18 16:25:08,233 | INFO  | SCMAudit | user=jenkins1000 | ip=192.168.5.185 | op=SEND_HEARTBEAT {datanodeUUID=891c1cf7-eb5d-4327-8423-159f04f60044, command=[]} | ret=SUCCESS |  
2019-09-18 16:25:08,236 | INFO  | SCMAudit | user=jenkins1000 | ip=192.168.5.185 | op=SEND_HEARTBEAT {datanodeUUID=2e09149d-5559-4fea-b716-0eb93f2cac4a, command=[]} | ret=SUCCESS |  
2019-09-18 16:25:08,355 | INFO  | SCMAudit | user=jenkins1000 | ip=192.168.5.185 | op=SEND_HEARTBEAT {datanodeUUID=8986536d-5b7d-4e16-8929-1d1bb41ad668, command=[]} | ret=SUCCESS |  
2019-09-18 16:25:08,536 | INFO  | SCMAudit | user=jenkins1000 | ip=192.168.5.185 | op=SEND_HEARTBEAT {datanodeUUID=bbe12df8-c2f1-49e2-8ab8-c8f9f8b834ae, command=[]} | ret=SUCCESS |  
2019-09-18 16:25:08,746 | INFO  | SCMAudit | user=jenkins1000 | ip=192.168.5.185 | op=SEND_HEARTBEAT {datanodeUUID=1d911544-627f-4c31-9b8f-a02840ac95b3, command=[]} | ret=SUCCESS |  
2019-09-18 16:25:09,151 | INFO  | SCMAudit | user=jenkins1000 | ip=192.168.5.185 | op=SEND_HEARTBEAT {datanodeUUID=8884bba7-3460-4b10-8d54-dd5499715d80, command=[]} | ret=SUCCESS |  
2019-09-18 16:25:09,201 | INFO  | SCMAudit | user=jenkins1000 | ip=192.168.5.185 | op=SEND_HEARTBEAT {datanodeUUID=b61b0354-621b-4e20-a68d-2d53fecac27d, command=[]} | ret=SUCCESS |  
2019-09-18 16:25:09,233 | INFO  | SCMAudit | user=jenkins1000 | ip=192.168.5.185 | op=SEND_HEARTBEAT {datanodeUUID=891c1cf7-eb5d-4327-8423-159f04f60044, command=[]} | ret=SUCCESS |  
2019-09-18 16:25:09,235 | INFO  | SCMAudit | user=jenkins1000 | ip=192.168.5.185 | op=SEND_HEARTBEAT {datanodeUUID=2e09149d-5559-4fea-b716-0eb93f2cac4a, command=[]} | ret=SUCCESS |  
2019-09-18 16:25:09,355 | INFO  | SCMAudit | user=jenkins1000 | ip=192.168.5.185 | op=SEND_HEARTBEAT {datanodeUUID=8986536d-5b7d-4e16-8929-1d1bb41ad668, command=[]} | ret=SUCCESS |  
2019-09-18 16:25:09,536 | INFO  | SCMAudit | user=jenkins1000 | ip=192.168.5.185 | op=SEND_HEARTBEAT {datanodeUUID=bbe12df8-c2f1-49e2-8ab8-c8f9f8b834ae, command=[]} | ret=SUCCESS |  
2019-09-18 16:25:09,747 | INFO  | SCMAudit | user=jenkins1000 | ip=192.168.5.185 | op=SEND_HEARTBEAT {datanodeUUID=1d911544-627f-4c31-9b8f-a02840ac95b3, command=[]} | ret=SUCCESS |  
2019-09-18 16:25:10,151 | INFO  | SCMAudit | user=jenkins1000 | ip=192.168.5.185 | op=SEND_HEARTBEAT {datanodeUUID=8884bba7-3460-4b10-8d54-dd5499715d80, command=[]} | ret=SUCCESS |  
2019-09-18 16:25:10,201 | INFO  | SCMAudit | user=jenkins1000 | ip=192.168.5.185 | op=SEND_HEARTBEAT {datanodeUUID=b61b0354-621b-4e20-a68d-2d53fecac27d, command=[]} | ret=SUCCESS |  
2019-09-18 16:25:10,233 | INFO  | SCMAudit | user=jenkins1000 | ip=192.168.5.185 | op=SEND_HEARTBEAT {datanodeUUID=891c1cf7-eb5d-4327-8423-159f04f60044, command=[]} | ret=SUCCESS |  
2019-09-18 16:25:10,236 | INFO  | SCMAudit | user=jenkins1000 | ip=192.168.5.185 | op=SEND_HEARTBEAT {datanodeUUID=2e09149d-5559-4fea-b716-0eb93f2cac4a, command=[]} | ret=SUCCESS |  
2019-09-18 16:25:10,356 | INFO  | SCMAudit | user=jenkins1000 | ip=192.168.5.185 | op=SEND_HEARTBEAT {datanodeUUID=8986536d-5b7d-4e16-8929-1d1bb41ad668, command=[]} | ret=SUCCESS |  
2019-09-18 16:25:10,536 | INFO  | SCMAudit | user=jenkins1000 | ip=192.168.5.185 | op=SEND_HEARTBEAT {datanodeUUID=bbe12df8-c2f1-49e2-8ab8-c8f9f8b834ae, command=[]} | ret=SUCCESS |  
2019-09-18 16:25:10,746 | INFO  | SCMAudit | user=jenkins1000 | ip=192.168.5.185 | op=SEND_HEARTBEAT {datanodeUUID=1d911544-627f-4c31-9b8f-a02840ac95b3, command=[]} | ret=SUCCESS |  
2019-09-18 16:25:11,152 | INFO  | SCMAudit | user=jenkins1000 | ip=192.168.5.185 | op=SEND_HEARTBEAT {datanodeUUID=8884bba7-3460-4b10-8d54-dd5499715d80, command=[]} | ret=SUCCESS |  
2019-09-18 16:25:11,201 | INFO  | SCMAudit | user=jenkins1000 | ip=192.168.5.185 | op=SEND_HEARTBEAT {datanodeUUID=b61b0354-621b-4e20-a68d-2d53fecac27d, command=[]} | ret=SUCCESS |  
2019-09-18 16:25:11,234 | INFO  | SCMAudit | user=jenkins1000 | ip=192.168.5.185 | op=SEND_HEARTBEAT {datanodeUUID=891c1cf7-eb5d-4327-8423-159f04f60044, command=[]} | ret=SUCCESS |  
2019-09-18 16:25:11,236 | INFO  | SCMAudit | user=jenkins1000 | ip=192.168.5.185 | op=SEND_HEARTBEAT {datanodeUUID=2e09149d-5559-4fea-b716-0eb93f2cac4a, command=[]} | ret=SUCCESS |  
2019-09-18 16:25:11,355 | INFO  | SCMAudit | user=jenkins1000 | ip=192.168.5.185 | op=SEND_HEARTBEAT {datanodeUUID=8986536d-5b7d-4e16-8929-1d1bb41ad668, command=[]} | ret=SUCCESS |  
2019-09-18 16:25:11,536 | INFO  | SCMAudit | user=jenkins1000 | ip=192.168.5.185 | op=SEND_HEARTBEAT {datanodeUUID=bbe12df8-c2f1-49e2-8ab8-c8f9f8b834ae, command=[]} | ret=SUCCESS |  
2019-09-18 16:25:11,747 | INFO  | SCMAudit | user=jenkins1000 | ip=192.168.5.185 | op=SEND_HEARTBEAT {datanodeUUID=1d911544-627f-4c31-9b8f-a02840ac95b3, command=[]} | ret=SUCCESS |  
2019-09-18 16:25:11,854 [grpc-default-executor-0] INFO  client.GrpcClientProtocolClient (GrpcClientProtocolClient.java:onNext(255)) - client-08D30C90C1DD->891c1cf7-eb5d-4327-8423-159f04f60044: receive RaftClientReply:client-08D30C90C1DD->891c1cf7-eb5d-4327-8423-159f04f60044@group-1A1F4B3A8F4F, cid=45, FAILED org.apache.ratis.protocol.NotLeaderException: Server 891c1cf7-eb5d-4327-8423-159f04f60044 is not the leader (b61b0354-621b-4e20-a68d-2d53fecac27d:192.168.5.185:39516). Request must be sent to leader., logIndex=0, commits[891c1cf7-eb5d-4327-8423-159f04f60044:c8, b61b0354-621b-4e20-a68d-2d53fecac27d:c8, 2e09149d-5559-4fea-b716-0eb93f2cac4a:c8]
2019-09-18 16:25:12,152 | INFO  | SCMAudit | user=jenkins1000 | ip=192.168.5.185 | op=SEND_HEARTBEAT {datanodeUUID=8884bba7-3460-4b10-8d54-dd5499715d80, command=[]} | ret=SUCCESS |  
2019-09-18 16:25:12,201 | INFO  | SCMAudit | user=jenkins1000 | ip=192.168.5.185 | op=SEND_HEARTBEAT {datanodeUUID=b61b0354-621b-4e20-a68d-2d53fecac27d, command=[]} | ret=SUCCESS |  
2019-09-18 16:25:12,234 | INFO  | SCMAudit | user=jenkins1000 | ip=192.168.5.185 | op=SEND_HEARTBEAT {datanodeUUID=891c1cf7-eb5d-4327-8423-159f04f60044, command=[]} | ret=SUCCESS |  
2019-09-18 16:25:12,236 | INFO  | SCMAudit | user=jenkins1000 | ip=192.168.5.185 | op=SEND_HEARTBEAT {datanodeUUID=2e09149d-5559-4fea-b716-0eb93f2cac4a, command=[]} | ret=SUCCESS |  
2019-09-18 16:25:12,356 | INFO  | SCMAudit | user=jenkins1000 | ip=192.168.5.185 | op=SEND_HEARTBEAT {datanodeUUID=8986536d-5b7d-4e16-8929-1d1bb41ad668, command=[]} | ret=SUCCESS |  
2019-09-18 16:25:12,537 | INFO  | SCMAudit | user=jenkins1000 | ip=192.168.5.185 | op=SEND_HEARTBEAT {datanodeUUID=bbe12df8-c2f1-49e2-8ab8-c8f9f8b834ae, command=[]} | ret=SUCCESS |  
2019-09-18 16:25:12,748 | INFO  | SCMAudit | user=jenkins1000 | ip=192.168.5.185 | op=SEND_HEARTBEAT {datanodeUUID=1d911544-627f-4c31-9b8f-a02840ac95b3, command=[]} | ret=SUCCESS |  
2019-09-18 16:25:13,151 | INFO  | SCMAudit | user=jenkins1000 | ip=192.168.5.185 | op=SEND_HEARTBEAT {datanodeUUID=8884bba7-3460-4b10-8d54-dd5499715d80, command=[]} | ret=SUCCESS |  
2019-09-18 16:25:13,201 | INFO  | SCMAudit | user=jenkins1000 | ip=192.168.5.185 | op=SEND_HEARTBEAT {datanodeUUID=b61b0354-621b-4e20-a68d-2d53fecac27d, command=[]} | ret=SUCCESS |  
2019-09-18 16:25:13,234 | INFO  | SCMAudit | user=jenkins1000 | ip=192.168.5.185 | op=SEND_HEARTBEAT {datanodeUUID=891c1cf7-eb5d-4327-8423-159f04f60044, command=[]} | ret=SUCCESS |  
2019-09-18 16:25:13,236 | INFO  | SCMAudit | user=jenkins1000 | ip=192.168.5.185 | op=SEND_HEARTBEAT {datanodeUUID=2e09149d-5559-4fea-b716-0eb93f2cac4a, command=[]} | ret=SUCCESS |  
2019-09-18 16:25:13,355 | INFO  | SCMAudit | user=jenkins1000 | ip=192.168.5.185 | op=SEND_HEARTBEAT {datanodeUUID=8986536d-5b7d-4e16-8929-1d1bb41ad668, command=[]} | ret=SUCCESS |  
2019-09-18 16:25:13,537 | INFO  | SCMAudit | user=jenkins1000 | ip=192.168.5.185 | op=SEND_HEARTBEAT {datanodeUUID=bbe12df8-c2f1-49e2-8ab8-c8f9f8b834ae, command=[]} | ret=SUCCESS |  
2019-09-18 16:25:13,747 | INFO  | SCMAudit | user=jenkins1000 | ip=192.168.5.185 | op=SEND_HEARTBEAT {datanodeUUID=1d911544-627f-4c31-9b8f-a02840ac95b3, command=[]} | ret=SUCCESS |  
2019-09-18 16:25:14,151 | INFO  | SCMAudit | user=jenkins1000 | ip=192.168.5.185 | op=SEND_HEARTBEAT {datanodeUUID=8884bba7-3460-4b10-8d54-dd5499715d80, command=[]} | ret=SUCCESS |  
2019-09-18 16:25:14,202 | INFO  | SCMAudit | user=jenkins1000 | ip=192.168.5.185 | op=SEND_HEARTBEAT {datanodeUUID=b61b0354-621b-4e20-a68d-2d53fecac27d, command=[]} | ret=SUCCESS |  
2019-09-18 16:25:14,234 | INFO  | SCMAudit | user=jenkins1000 | ip=192.168.5.185 | op=SEND_HEARTBEAT {datanodeUUID=891c1cf7-eb5d-4327-8423-159f04f60044, command=[]} | ret=SUCCESS |  
2019-09-18 16:25:14,236 | INFO  | SCMAudit | user=jenkins1000 | ip=192.168.5.185 | op=SEND_HEARTBEAT {datanodeUUID=2e09149d-5559-4fea-b716-0eb93f2cac4a, command=[]} | ret=SUCCESS |  
2019-09-18 16:25:14,355 | INFO  | SCMAudit | user=jenkins1000 | ip=192.168.5.185 | op=SEND_HEARTBEAT {datanodeUUID=8986536d-5b7d-4e16-8929-1d1bb41ad668, command=[]} | ret=SUCCESS |  
2019-09-18 16:25:14,536 | INFO  | SCMAudit | user=jenkins1000 | ip=192.168.5.185 | op=SEND_HEARTBEAT {datanodeUUID=bbe12df8-c2f1-49e2-8ab8-c8f9f8b834ae, command=[]} | ret=SUCCESS |  
2019-09-18 16:25:14,748 | INFO  | SCMAudit | user=jenkins1000 | ip=192.168.5.185 | op=SEND_HEARTBEAT {datanodeUUID=1d911544-627f-4c31-9b8f-a02840ac95b3, command=[]} | ret=SUCCESS |  
2019-09-18 16:25:15,151 | INFO  | SCMAudit | user=jenkins1000 | ip=192.168.5.185 | op=SEND_HEARTBEAT {datanodeUUID=8884bba7-3460-4b10-8d54-dd5499715d80, command=[]} | ret=SUCCESS |  
2019-09-18 16:25:15,201 | INFO  | SCMAudit | user=jenkins1000 | ip=192.168.5.185 | op=SEND_HEARTBEAT {datanodeUUID=b61b0354-621b-4e20-a68d-2d53fecac27d, command=[]} | ret=SUCCESS |  
2019-09-18 16:25:15,234 | INFO  | SCMAudit | user=jenkins1000 | ip=192.168.5.185 | op=SEND_HEARTBEAT {datanodeUUID=891c1cf7-eb5d-4327-8423-159f04f60044, command=[]} | ret=SUCCESS |  
2019-09-18 16:25:15,236 | INFO  | SCMAudit | user=jenkins1000 | ip=192.168.5.185 | op=SEND_HEARTBEAT {datanodeUUID=2e09149d-5559-4fea-b716-0eb93f2cac4a, command=[]} | ret=SUCCESS |  
2019-09-18 16:25:15,355 | INFO  | SCMAudit | user=jenkins1000 | ip=192.168.5.185 | op=SEND_HEARTBEAT {datanodeUUID=8986536d-5b7d-4e16-8929-1d1bb41ad668, command=[]} | ret=SUCCESS |  
2019-09-18 16:25:15,536 | INFO  | SCMAudit | user=jenkins1000 | ip=192.168.5.185 | op=SEND_HEARTBEAT {datanodeUUID=bbe12df8-c2f1-49e2-8ab8-c8f9f8b834ae, command=[]} | ret=SUCCESS |  
2019-09-18 16:25:15,748 | INFO  | SCMAudit | user=jenkins1000 | ip=192.168.5.185 | op=SEND_HEARTBEAT {datanodeUUID=1d911544-627f-4c31-9b8f-a02840ac95b3, command=[]} | ret=SUCCESS |  
2019-09-18 16:25:16,152 | INFO  | SCMAudit | user=jenkins1000 | ip=192.168.5.185 | op=SEND_HEARTBEAT {datanodeUUID=8884bba7-3460-4b10-8d54-dd5499715d80, command=[]} | ret=SUCCESS |  
2019-09-18 16:25:16,201 | INFO  | SCMAudit | user=jenkins1000 | ip=192.168.5.185 | op=SEND_HEARTBEAT {datanodeUUID=b61b0354-621b-4e20-a68d-2d53fecac27d, command=[]} | ret=SUCCESS |  
2019-09-18 16:25:16,234 | INFO  | SCMAudit | user=jenkins1000 | ip=192.168.5.185 | op=SEND_HEARTBEAT {datanodeUUID=891c1cf7-eb5d-4327-8423-159f04f60044, command=[]} | ret=SUCCESS |  
2019-09-18 16:25:16,236 | INFO  | SCMAudit | user=jenkins1000 | ip=192.168.5.185 | op=SEND_HEARTBEAT {datanodeUUID=2e09149d-5559-4fea-b716-0eb93f2cac4a, command=[]} | ret=SUCCESS |  
2019-09-18 16:25:16,356 | INFO  | SCMAudit | user=jenkins1000 | ip=192.168.5.185 | op=SEND_HEARTBEAT {datanodeUUID=8986536d-5b7d-4e16-8929-1d1bb41ad668, command=[]} | ret=SUCCESS |  
2019-09-18 16:25:16,536 | INFO  | SCMAudit | user=jenkins1000 | ip=192.168.5.185 | op=SEND_HEARTBEAT {datanodeUUID=bbe12df8-c2f1-49e2-8ab8-c8f9f8b834ae, command=[]} | ret=SUCCESS |  
2019-09-18 16:25:16,748 | INFO  | SCMAudit | user=jenkins1000 | ip=192.168.5.185 | op=SEND_HEARTBEAT {datanodeUUID=1d911544-627f-4c31-9b8f-a02840ac95b3, command=[]} | ret=SUCCESS |  
2019-09-18 16:25:16,919 [grpc-default-executor-1] INFO  client.GrpcClientProtocolClient (GrpcClientProtocolClient.java:onNext(255)) - client-08D30C90C1DD->2e09149d-5559-4fea-b716-0eb93f2cac4a: receive RaftClientReply:client-08D30C90C1DD->2e09149d-5559-4fea-b716-0eb93f2cac4a@group-1A1F4B3A8F4F, cid=45, FAILED org.apache.ratis.protocol.NotLeaderException: Server 2e09149d-5559-4fea-b716-0eb93f2cac4a is not the leader (b61b0354-621b-4e20-a68d-2d53fecac27d:192.168.5.185:39516). Request must be sent to leader., logIndex=0, commits[2e09149d-5559-4fea-b716-0eb93f2cac4a:c8, b61b0354-621b-4e20-a68d-2d53fecac27d:c8, 891c1cf7-eb5d-4327-8423-159f04f60044:c8]
2019-09-18 16:25:17,152 | INFO  | SCMAudit | user=jenkins1000 | ip=192.168.5.185 | op=SEND_HEARTBEAT {datanodeUUID=8884bba7-3460-4b10-8d54-dd5499715d80, command=[]} | ret=SUCCESS |  
2019-09-18 16:25:17,201 | INFO  | SCMAudit | user=jenkins1000 | ip=192.168.5.185 | op=SEND_HEARTBEAT {datanodeUUID=b61b0354-621b-4e20-a68d-2d53fecac27d, command=[]} | ret=SUCCESS |  
2019-09-18 16:25:17,234 | INFO  | SCMAudit | user=jenkins1000 | ip=192.168.5.185 | op=SEND_HEARTBEAT {datanodeUUID=891c1cf7-eb5d-4327-8423-159f04f60044, command=[]} | ret=SUCCESS |  
2019-09-18 16:25:17,236 | INFO  | SCMAudit | user=jenkins1000 | ip=192.168.5.185 | op=SEND_HEARTBEAT {datanodeUUID=2e09149d-5559-4fea-b716-0eb93f2cac4a, command=[]} | ret=SUCCESS |  
2019-09-18 16:25:17,356 | INFO  | SCMAudit | user=jenkins1000 | ip=192.168.5.185 | op=SEND_HEARTBEAT {datanodeUUID=8986536d-5b7d-4e16-8929-1d1bb41ad668, command=[]} | ret=SUCCESS |  
2019-09-18 16:25:17,536 | INFO  | SCMAudit | user=jenkins1000 | ip=192.168.5.185 | op=SEND_HEARTBEAT {datanodeUUID=bbe12df8-c2f1-49e2-8ab8-c8f9f8b834ae, command=[]} | ret=SUCCESS |  
2019-09-18 16:25:17,749 | INFO  | SCMAudit | user=jenkins1000 | ip=192.168.5.185 | op=SEND_HEARTBEAT {datanodeUUID=1d911544-627f-4c31-9b8f-a02840ac95b3, command=[]} | ret=SUCCESS |  
2019-09-18 16:25:18,151 | INFO  | SCMAudit | user=jenkins1000 | ip=192.168.5.185 | op=SEND_HEARTBEAT {datanodeUUID=8884bba7-3460-4b10-8d54-dd5499715d80, command=[]} | ret=SUCCESS |  
2019-09-18 16:25:18,201 | INFO  | SCMAudit | user=jenkins1000 | ip=192.168.5.185 | op=SEND_HEARTBEAT {datanodeUUID=b61b0354-621b-4e20-a68d-2d53fecac27d, command=[]} | ret=SUCCESS |  
2019-09-18 16:25:18,234 | INFO  | SCMAudit | user=jenkins1000 | ip=192.168.5.185 | op=SEND_HEARTBEAT {datanodeUUID=891c1cf7-eb5d-4327-8423-159f04f60044, command=[]} | ret=SUCCESS |  
2019-09-18 16:25:18,236 | INFO  | SCMAudit | user=jenkins1000 | ip=192.168.5.185 | op=SEND_HEARTBEAT {datanodeUUID=2e09149d-5559-4fea-b716-0eb93f2cac4a, command=[]} | ret=SUCCESS |  
2019-09-18 16:25:18,357 | INFO  | SCMAudit | user=jenkins1000 | ip=192.168.5.185 | op=SEND_HEARTBEAT {datanodeUUID=8986536d-5b7d-4e16-8929-1d1bb41ad668, command=[]} | ret=SUCCESS |  
2019-09-18 16:25:18,536 | INFO  | SCMAudit | user=jenkins1000 | ip=192.168.5.185 | op=SEND_HEARTBEAT {datanodeUUID=bbe12df8-c2f1-49e2-8ab8-c8f9f8b834ae, command=[]} | ret=SUCCESS |  
2019-09-18 16:25:18,748 | INFO  | SCMAudit | user=jenkins1000 | ip=192.168.5.185 | op=SEND_HEARTBEAT {datanodeUUID=1d911544-627f-4c31-9b8f-a02840ac95b3, command=[]} | ret=SUCCESS |  
2019-09-18 16:25:19,151 | INFO  | SCMAudit | user=jenkins1000 | ip=192.168.5.185 | op=SEND_HEARTBEAT {datanodeUUID=8884bba7-3460-4b10-8d54-dd5499715d80, command=[]} | ret=SUCCESS |  
2019-09-18 16:25:19,201 | INFO  | SCMAudit | user=jenkins1000 | ip=192.168.5.185 | op=SEND_HEARTBEAT {datanodeUUID=b61b0354-621b-4e20-a68d-2d53fecac27d, command=[]} | ret=SUCCESS |  
2019-09-18 16:25:19,234 | INFO  | SCMAudit | user=jenkins1000 | ip=192.168.5.185 | op=SEND_HEARTBEAT {datanodeUUID=891c1cf7-eb5d-4327-8423-159f04f60044, command=[]} | ret=SUCCESS |  
2019-09-18 16:25:19,237 | INFO  | SCMAudit | user=jenkins1000 | ip=192.168.5.185 | op=SEND_HEARTBEAT {datanodeUUID=2e09149d-5559-4fea-b716-0eb93f2cac4a, command=[]} | ret=SUCCESS |  
2019-09-18 16:25:19,357 | INFO  | SCMAudit | user=jenkins1000 | ip=192.168.5.185 | op=SEND_HEARTBEAT {datanodeUUID=8986536d-5b7d-4e16-8929-1d1bb41ad668, command=[]} | ret=SUCCESS |  
2019-09-18 16:25:19,536 | INFO  | SCMAudit | user=jenkins1000 | ip=192.168.5.185 | op=SEND_HEARTBEAT {datanodeUUID=bbe12df8-c2f1-49e2-8ab8-c8f9f8b834ae, command=[]} | ret=SUCCESS |  
2019-09-18 16:25:19,747 | INFO  | SCMAudit | user=jenkins1000 | ip=192.168.5.185 | op=SEND_HEARTBEAT {datanodeUUID=1d911544-627f-4c31-9b8f-a02840ac95b3, command=[]} | ret=SUCCESS |  
2019-09-18 16:25:20,151 | INFO  | SCMAudit | user=jenkins1000 | ip=192.168.5.185 | op=SEND_HEARTBEAT {datanodeUUID=8884bba7-3460-4b10-8d54-dd5499715d80, command=[]} | ret=SUCCESS |  
2019-09-18 16:25:20,201 | INFO  | SCMAudit | user=jenkins1000 | ip=192.168.5.185 | op=SEND_HEARTBEAT {datanodeUUID=b61b0354-621b-4e20-a68d-2d53fecac27d, command=[]} | ret=SUCCESS |  
2019-09-18 16:25:20,234 | INFO  | SCMAudit | user=jenkins1000 | ip=192.168.5.185 | op=SEND_HEARTBEAT {datanodeUUID=891c1cf7-eb5d-4327-8423-159f04f60044, command=[]} | ret=SUCCESS |  
2019-09-18 16:25:20,237 | INFO  | SCMAudit | user=jenkins1000 | ip=192.168.5.185 | op=SEND_HEARTBEAT {datanodeUUID=2e09149d-5559-4fea-b716-0eb93f2cac4a, command=[]} | ret=SUCCESS |  
2019-09-18 16:25:20,357 | INFO  | SCMAudit | user=jenkins1000 | ip=192.168.5.185 | op=SEND_HEARTBEAT {datanodeUUID=8986536d-5b7d-4e16-8929-1d1bb41ad668, command=[]} | ret=SUCCESS |  
2019-09-18 16:25:20,536 | INFO  | SCMAudit | user=jenkins1000 | ip=192.168.5.185 | op=SEND_HEARTBEAT {datanodeUUID=bbe12df8-c2f1-49e2-8ab8-c8f9f8b834ae, command=[]} | ret=SUCCESS |  
2019-09-18 16:25:20,748 | INFO  | SCMAudit | user=jenkins1000 | ip=192.168.5.185 | op=SEND_HEARTBEAT {datanodeUUID=1d911544-627f-4c31-9b8f-a02840ac95b3, command=[]} | ret=SUCCESS |  
2019-09-18 16:25:21,151 | INFO  | SCMAudit | user=jenkins1000 | ip=192.168.5.185 | op=SEND_HEARTBEAT {datanodeUUID=8884bba7-3460-4b10-8d54-dd5499715d80, command=[]} | ret=SUCCESS |  
2019-09-18 16:25:21,201 | INFO  | SCMAudit | user=jenkins1000 | ip=192.168.5.185 | op=SEND_HEARTBEAT {datanodeUUID=b61b0354-621b-4e20-a68d-2d53fecac27d, command=[]} | ret=SUCCESS |  
2019-09-18 16:25:21,235 | INFO  | SCMAudit | user=jenkins1000 | ip=192.168.5.185 | op=SEND_HEARTBEAT {datanodeUUID=891c1cf7-eb5d-4327-8423-159f04f60044, command=[]} | ret=SUCCESS |  
2019-09-18 16:25:21,237 | INFO  | SCMAudit | user=jenkins1000 | ip=192.168.5.185 | op=SEND_HEARTBEAT {datanodeUUID=2e09149d-5559-4fea-b716-0eb93f2cac4a, command=[]} | ret=SUCCESS |  
2019-09-18 16:25:21,357 | INFO  | SCMAudit | user=jenkins1000 | ip=192.168.5.185 | op=SEND_HEARTBEAT {datanodeUUID=8986536d-5b7d-4e16-8929-1d1bb41ad668, command=[]} | ret=SUCCESS |  
2019-09-18 16:25:21,536 | INFO  | SCMAudit | user=jenkins1000 | ip=192.168.5.185 | op=SEND_HEARTBEAT {datanodeUUID=bbe12df8-c2f1-49e2-8ab8-c8f9f8b834ae, command=[]} | ret=SUCCESS |  
2019-09-18 16:25:21,748 | INFO  | SCMAudit | user=jenkins1000 | ip=192.168.5.185 | op=SEND_HEARTBEAT {datanodeUUID=1d911544-627f-4c31-9b8f-a02840ac95b3, command=[]} | ret=SUCCESS |  
2019-09-18 16:25:21,961 [grpc-default-executor-1] INFO  client.GrpcClientProtocolClient (GrpcClientProtocolClient.java:onNext(255)) - client-08D30C90C1DD->891c1cf7-eb5d-4327-8423-159f04f60044: receive RaftClientReply:client-08D30C90C1DD->891c1cf7-eb5d-4327-8423-159f04f60044@group-1A1F4B3A8F4F, cid=45, FAILED org.apache.ratis.protocol.NotLeaderException: Server 891c1cf7-eb5d-4327-8423-159f04f60044 is not the leader (b61b0354-621b-4e20-a68d-2d53fecac27d:192.168.5.185:39516). Request must be sent to leader., logIndex=0, commits[891c1cf7-eb5d-4327-8423-159f04f60044:c8, b61b0354-621b-4e20-a68d-2d53fecac27d:c8, 2e09149d-5559-4fea-b716-0eb93f2cac4a:c8]
2019-09-18 16:25:22,151 | INFO  | SCMAudit | user=jenkins1000 | ip=192.168.5.185 | op=SEND_HEARTBEAT {datanodeUUID=8884bba7-3460-4b10-8d54-dd5499715d80, command=[]} | ret=SUCCESS |  
2019-09-18 16:25:22,201 | INFO  | SCMAudit | user=jenkins1000 | ip=192.168.5.185 | op=SEND_HEARTBEAT {datanodeUUID=b61b0354-621b-4e20-a68d-2d53fecac27d, command=[]} | ret=SUCCESS |  
2019-09-18 16:25:22,235 | INFO  | SCMAudit | user=jenkins1000 | ip=192.168.5.185 | op=SEND_HEARTBEAT {datanodeUUID=891c1cf7-eb5d-4327-8423-159f04f60044, command=[]} | ret=SUCCESS |  
2019-09-18 16:25:22,237 | INFO  | SCMAudit | user=jenkins1000 | ip=192.168.5.185 | op=SEND_HEARTBEAT {datanodeUUID=2e09149d-5559-4fea-b716-0eb93f2cac4a, command=[]} | ret=SUCCESS |  
2019-09-18 16:25:22,358 | INFO  | SCMAudit | user=jenkins1000 | ip=192.168.5.185 | op=SEND_HEARTBEAT {datanodeUUID=8986536d-5b7d-4e16-8929-1d1bb41ad668, command=[]} | ret=SUCCESS |  
2019-09-18 16:25:22,536 | INFO  | SCMAudit | user=jenkins1000 | ip=192.168.5.185 | op=SEND_HEARTBEAT {datanodeUUID=bbe12df8-c2f1-49e2-8ab8-c8f9f8b834ae, command=[]} | ret=SUCCESS |  
2019-09-18 16:25:22,749 | INFO  | SCMAudit | user=jenkins1000 | ip=192.168.5.185 | op=SEND_HEARTBEAT {datanodeUUID=1d911544-627f-4c31-9b8f-a02840ac95b3, command=[]} | ret=SUCCESS |  
2019-09-18 16:25:23,151 | INFO  | SCMAudit | user=jenkins1000 | ip=192.168.5.185 | op=SEND_HEARTBEAT {datanodeUUID=8884bba7-3460-4b10-8d54-dd5499715d80, command=[]} | ret=SUCCESS |  
2019-09-18 16:25:23,201 | INFO  | SCMAudit | user=jenkins1000 | ip=192.168.5.185 | op=SEND_HEARTBEAT {datanodeUUID=b61b0354-621b-4e20-a68d-2d53fecac27d, command=[]} | ret=SUCCESS |  
2019-09-18 16:25:23,234 | INFO  | SCMAudit | user=jenkins1000 | ip=192.168.5.185 | op=SEND_HEARTBEAT {datanodeUUID=891c1cf7-eb5d-4327-8423-159f04f60044, command=[]} | ret=SUCCESS |  
2019-09-18 16:25:23,238 | INFO  | SCMAudit | user=jenkins1000 | ip=192.168.5.185 | op=SEND_HEARTBEAT {datanodeUUID=2e09149d-5559-4fea-b716-0eb93f2cac4a, command=[]} | ret=SUCCESS |  
2019-09-18 16:25:23,358 | INFO  | SCMAudit | user=jenkins1000 | ip=192.168.5.185 | op=SEND_HEARTBEAT {datanodeUUID=8986536d-5b7d-4e16-8929-1d1bb41ad668, command=[]} | ret=SUCCESS |  
2019-09-18 16:25:23,537 | INFO  | SCMAudit | user=jenkins1000 | ip=192.168.5.185 | op=SEND_HEARTBEAT {datanodeUUID=bbe12df8-c2f1-49e2-8ab8-c8f9f8b834ae, command=[]} | ret=SUCCESS |  
2019-09-18 16:25:23,749 | INFO  | SCMAudit | user=jenkins1000 | ip=192.168.5.185 | op=SEND_HEARTBEAT {datanodeUUID=1d911544-627f-4c31-9b8f-a02840ac95b3, command=[]} | ret=SUCCESS |  
2019-09-18 16:25:24,151 | INFO  | SCMAudit | user=jenkins1000 | ip=192.168.5.185 | op=SEND_HEARTBEAT {datanodeUUID=8884bba7-3460-4b10-8d54-dd5499715d80, command=[]} | ret=SUCCESS |  
2019-09-18 16:25:24,201 | INFO  | SCMAudit | user=jenkins1000 | ip=192.168.5.185 | op=SEND_HEARTBEAT {datanodeUUID=b61b0354-621b-4e20-a68d-2d53fecac27d, command=[]} | ret=SUCCESS |  
2019-09-18 16:25:24,235 | INFO  | SCMAudit | user=jenkins1000 | ip=192.168.5.185 | op=SEND_HEARTBEAT {datanodeUUID=891c1cf7-eb5d-4327-8423-159f04f60044, command=[]} | ret=SUCCESS |  
2019-09-18 16:25:24,238 | INFO  | SCMAudit | user=jenkins1000 | ip=192.168.5.185 | op=SEND_HEARTBEAT {datanodeUUID=2e09149d-5559-4fea-b716-0eb93f2cac4a, command=[]} | ret=SUCCESS |  
2019-09-18 16:25:24,359 | INFO  | SCMAudit | user=jenkins1000 | ip=192.168.5.185 | op=SEND_HEARTBEAT {datanodeUUID=8986536d-5b7d-4e16-8929-1d1bb41ad668, command=[]} | ret=SUCCESS |  
2019-09-18 16:25:24,536 | INFO  | SCMAudit | user=jenkins1000 | ip=192.168.5.185 | op=SEND_HEARTBEAT {datanodeUUID=bbe12df8-c2f1-49e2-8ab8-c8f9f8b834ae, command=[]} | ret=SUCCESS |  
2019-09-18 16:25:24,749 | INFO  | SCMAudit | user=jenkins1000 | ip=192.168.5.185 | op=SEND_HEARTBEAT {datanodeUUID=1d911544-627f-4c31-9b8f-a02840ac95b3, command=[]} | ret=SUCCESS |  
2019-09-18 16:25:25,152 | INFO  | SCMAudit | user=jenkins1000 | ip=192.168.5.185 | op=SEND_HEARTBEAT {datanodeUUID=8884bba7-3460-4b10-8d54-dd5499715d80, command=[]} | ret=SUCCESS |  
2019-09-18 16:25:25,201 | INFO  | SCMAudit | user=jenkins1000 | ip=192.168.5.185 | op=SEND_HEARTBEAT {datanodeUUID=b61b0354-621b-4e20-a68d-2d53fecac27d, command=[]} | ret=SUCCESS |  
2019-09-18 16:25:25,236 | INFO  | SCMAudit | user=jenkins1000 | ip=192.168.5.185 | op=SEND_HEARTBEAT {datanodeUUID=891c1cf7-eb5d-4327-8423-159f04f60044, command=[]} | ret=SUCCESS |  
2019-09-18 16:25:25,238 | INFO  | SCMAudit | user=jenkins1000 | ip=192.168.5.185 | op=SEND_HEARTBEAT {datanodeUUID=2e09149d-5559-4fea-b716-0eb93f2cac4a, command=[]} | ret=SUCCESS |  
2019-09-18 16:25:25,359 | INFO  | SCMAudit | user=jenkins1000 | ip=192.168.5.185 | op=SEND_HEARTBEAT {datanodeUUID=8986536d-5b7d-4e16-8929-1d1bb41ad668, command=[]} | ret=SUCCESS |  
2019-09-18 16:25:25,536 | INFO  | SCMAudit | user=jenkins1000 | ip=192.168.5.185 | op=SEND_HEARTBEAT {datanodeUUID=bbe12df8-c2f1-49e2-8ab8-c8f9f8b834ae, command=[]} | ret=SUCCESS |  
2019-09-18 16:25:25,749 | INFO  | SCMAudit | user=jenkins1000 | ip=192.168.5.185 | op=SEND_HEARTBEAT {datanodeUUID=1d911544-627f-4c31-9b8f-a02840ac95b3, command=[]} | ret=SUCCESS |  
2019-09-18 16:25:26,151 | INFO  | SCMAudit | user=jenkins1000 | ip=192.168.5.185 | op=SEND_HEARTBEAT {datanodeUUID=8884bba7-3460-4b10-8d54-dd5499715d80, command=[]} | ret=SUCCESS |  
2019-09-18 16:25:26,201 | INFO  | SCMAudit | user=jenkins1000 | ip=192.168.5.185 | op=SEND_HEARTBEAT {datanodeUUID=b61b0354-621b-4e20-a68d-2d53fecac27d, command=[]} | ret=SUCCESS |  
2019-09-18 16:25:26,235 | INFO  | SCMAudit | user=jenkins1000 | ip=192.168.5.185 | op=SEND_HEARTBEAT {datanodeUUID=891c1cf7-eb5d-4327-8423-159f04f60044, command=[]} | ret=SUCCESS |  
2019-09-18 16:25:26,238 | INFO  | SCMAudit | user=jenkins1000 | ip=192.168.5.185 | op=SEND_HEARTBEAT {datanodeUUID=2e09149d-5559-4fea-b716-0eb93f2cac4a, command=[]} | ret=SUCCESS |  
2019-09-18 16:25:26,358 | INFO  | SCMAudit | user=jenkins1000 | ip=192.168.5.185 | op=SEND_HEARTBEAT {datanodeUUID=8986536d-5b7d-4e16-8929-1d1bb41ad668, command=[]} | ret=SUCCESS |  
2019-09-18 16:25:26,536 | INFO  | SCMAudit | user=jenkins1000 | ip=192.168.5.185 | op=SEND_HEARTBEAT {datanodeUUID=bbe12df8-c2f1-49e2-8ab8-c8f9f8b834ae, command=[]} | ret=SUCCESS |  
2019-09-18 16:25:26,749 | INFO  | SCMAudit | user=jenkins1000 | ip=192.168.5.185 | op=SEND_HEARTBEAT {datanodeUUID=1d911544-627f-4c31-9b8f-a02840ac95b3, command=[]} | ret=SUCCESS |  
2019-09-18 16:25:27,013 [grpc-default-executor-1] INFO  client.GrpcClientProtocolClient (GrpcClientProtocolClient.java:onNext(255)) - client-08D30C90C1DD->891c1cf7-eb5d-4327-8423-159f04f60044: receive RaftClientReply:client-08D30C90C1DD->891c1cf7-eb5d-4327-8423-159f04f60044@group-1A1F4B3A8F4F, cid=45, FAILED org.apache.ratis.protocol.NotLeaderException: Server 891c1cf7-eb5d-4327-8423-159f04f60044 is not the leader (b61b0354-621b-4e20-a68d-2d53fecac27d:192.168.5.185:39516). Request must be sent to leader., logIndex=0, commits[891c1cf7-eb5d-4327-8423-159f04f60044:c8, b61b0354-621b-4e20-a68d-2d53fecac27d:c8, 2e09149d-5559-4fea-b716-0eb93f2cac4a:c8]
2019-09-18 16:25:27,151 | INFO  | SCMAudit | user=jenkins1000 | ip=192.168.5.185 | op=SEND_HEARTBEAT {datanodeUUID=8884bba7-3460-4b10-8d54-dd5499715d80, command=[]} | ret=SUCCESS |  
2019-09-18 16:25:27,201 | INFO  | SCMAudit | user=jenkins1000 | ip=192.168.5.185 | op=SEND_HEARTBEAT {datanodeUUID=b61b0354-621b-4e20-a68d-2d53fecac27d, command=[]} | ret=SUCCESS |  
2019-09-18 16:25:27,236 | INFO  | SCMAudit | user=jenkins1000 | ip=192.168.5.185 | op=SEND_HEARTBEAT {datanodeUUID=891c1cf7-eb5d-4327-8423-159f04f60044, command=[]} | ret=SUCCESS |  
2019-09-18 16:25:27,238 | INFO  | SCMAudit | user=jenkins1000 | ip=192.168.5.185 | op=SEND_HEARTBEAT {datanodeUUID=2e09149d-5559-4fea-b716-0eb93f2cac4a, command=[]} | ret=SUCCESS |  
2019-09-18 16:25:27,359 | INFO  | SCMAudit | user=jenkins1000 | ip=192.168.5.185 | op=SEND_HEARTBEAT {datanodeUUID=8986536d-5b7d-4e16-8929-1d1bb41ad668, command=[]} | ret=SUCCESS |  
2019-09-18 16:25:27,537 | INFO  | SCMAudit | user=jenkins1000 | ip=192.168.5.185 | op=SEND_HEARTBEAT {datanodeUUID=bbe12df8-c2f1-49e2-8ab8-c8f9f8b834ae, command=[]} | ret=SUCCESS |  
2019-09-18 16:25:27,749 | INFO  | SCMAudit | user=jenkins1000 | ip=192.168.5.185 | op=SEND_HEARTBEAT {datanodeUUID=1d911544-627f-4c31-9b8f-a02840ac95b3, command=[]} | ret=SUCCESS |  
2019-09-18 16:25:28,151 | INFO  | SCMAudit | user=jenkins1000 | ip=192.168.5.185 | op=SEND_HEARTBEAT {datanodeUUID=8884bba7-3460-4b10-8d54-dd5499715d80, command=[]} | ret=SUCCESS |  
2019-09-18 16:25:28,201 | INFO  | SCMAudit | user=jenkins1000 | ip=192.168.5.185 | op=SEND_HEARTBEAT {datanodeUUID=b61b0354-621b-4e20-a68d-2d53fecac27d, command=[]} | ret=SUCCESS |  
2019-09-18 16:25:28,236 | INFO  | SCMAudit | user=jenkins1000 | ip=192.168.5.185 | op=SEND_HEARTBEAT {datanodeUUID=891c1cf7-eb5d-4327-8423-159f04f60044, command=[]} | ret=SUCCESS |  
2019-09-18 16:25:28,238 | INFO  | SCMAudit | user=jenkins1000 | ip=192.168.5.185 | op=SEND_HEARTBEAT {datanodeUUID=2e09149d-5559-4fea-b716-0eb93f2cac4a, command=[]} | ret=SUCCESS |  
2019-09-18 16:25:28,359 | INFO  | SCMAudit | user=jenkins1000 | ip=192.168.5.185 | op=SEND_HEARTBEAT {datanodeUUID=8986536d-5b7d-4e16-8929-1d1bb41ad668, command=[]} | ret=SUCCESS |  
2019-09-18 16:25:28,536 | INFO  | SCMAudit | user=jenkins1000 | ip=192.168.5.185 | op=SEND_HEARTBEAT {datanodeUUID=bbe12df8-c2f1-49e2-8ab8-c8f9f8b834ae, command=[]} | ret=SUCCESS |  
2019-09-18 16:25:28,749 | INFO  | SCMAudit | user=jenkins1000 | ip=192.168.5.185 | op=SEND_HEARTBEAT {datanodeUUID=1d911544-627f-4c31-9b8f-a02840ac95b3, command=[]} | ret=SUCCESS |  
2019-09-18 16:25:29,151 | INFO  | SCMAudit | user=jenkins1000 | ip=192.168.5.185 | op=SEND_HEARTBEAT {datanodeUUID=8884bba7-3460-4b10-8d54-dd5499715d80, command=[]} | ret=SUCCESS |  
2019-09-18 16:25:29,202 | INFO  | SCMAudit | user=jenkins1000 | ip=192.168.5.185 | op=SEND_HEARTBEAT {datanodeUUID=b61b0354-621b-4e20-a68d-2d53fecac27d, command=[]} | ret=SUCCESS |  
2019-09-18 16:25:29,236 | INFO  | SCMAudit | user=jenkins1000 | ip=192.168.5.185 | op=SEND_HEARTBEAT {datanodeUUID=891c1cf7-eb5d-4327-8423-159f04f60044, command=[]} | ret=SUCCESS |  
2019-09-18 16:25:29,242 | INFO  | SCMAudit | user=jenkins1000 | ip=192.168.5.185 | op=SEND_HEARTBEAT {datanodeUUID=2e09149d-5559-4fea-b716-0eb93f2cac4a, command=[]} | ret=SUCCESS |  
2019-09-18 16:25:29,359 | INFO  | SCMAudit | user=jenkins1000 | ip=192.168.5.185 | op=SEND_HEARTBEAT {datanodeUUID=8986536d-5b7d-4e16-8929-1d1bb41ad668, command=[]} | ret=SUCCESS |  
2019-09-18 16:25:29,536 | INFO  | SCMAudit | user=jenkins1000 | ip=192.168.5.185 | op=SEND_HEARTBEAT {datanodeUUID=bbe12df8-c2f1-49e2-8ab8-c8f9f8b834ae, command=[]} | ret=SUCCESS |  
2019-09-18 16:25:29,749 | INFO  | SCMAudit | user=jenkins1000 | ip=192.168.5.185 | op=SEND_HEARTBEAT {datanodeUUID=1d911544-627f-4c31-9b8f-a02840ac95b3, command=[]} | ret=SUCCESS |  
2019-09-18 16:25:30,151 | INFO  | SCMAudit | user=jenkins1000 | ip=192.168.5.185 | op=SEND_HEARTBEAT {datanodeUUID=8884bba7-3460-4b10-8d54-dd5499715d80, command=[]} | ret=SUCCESS |  
2019-09-18 16:25:30,202 | INFO  | SCMAudit | user=jenkins1000 | ip=192.168.5.185 | op=SEND_HEARTBEAT {datanodeUUID=b61b0354-621b-4e20-a68d-2d53fecac27d, command=[]} | ret=SUCCESS |  
2019-09-18 16:25:30,236 | INFO  | SCMAudit | user=jenkins1000 | ip=192.168.5.185 | op=SEND_HEARTBEAT {datanodeUUID=891c1cf7-eb5d-4327-8423-159f04f60044, command=[]} | ret=SUCCESS |  
2019-09-18 16:25:30,242 | INFO  | SCMAudit | user=jenkins1000 | ip=192.168.5.185 | op=SEND_HEARTBEAT {datanodeUUID=2e09149d-5559-4fea-b716-0eb93f2cac4a, command=[]} | ret=SUCCESS |  
2019-09-18 16:25:30,359 | INFO  | SCMAudit | user=jenkins1000 | ip=192.168.5.185 | op=SEND_HEARTBEAT {datanodeUUID=8986536d-5b7d-4e16-8929-1d1bb41ad668, command=[]} | ret=SUCCESS |  
2019-09-18 16:25:30,537 | INFO  | SCMAudit | user=jenkins1000 | ip=192.168.5.185 | op=SEND_HEARTBEAT {datanodeUUID=bbe12df8-c2f1-49e2-8ab8-c8f9f8b834ae, command=[]} | ret=SUCCESS |  
2019-09-18 16:25:30,749 | INFO  | SCMAudit | user=jenkins1000 | ip=192.168.5.185 | op=SEND_HEARTBEAT {datanodeUUID=1d911544-627f-4c31-9b8f-a02840ac95b3, command=[]} | ret=SUCCESS |  
2019-09-18 16:25:31,151 | INFO  | SCMAudit | user=jenkins1000 | ip=192.168.5.185 | op=SEND_HEARTBEAT {datanodeUUID=8884bba7-3460-4b10-8d54-dd5499715d80, command=[]} | ret=SUCCESS |  
2019-09-18 16:25:31,202 | INFO  | SCMAudit | user=jenkins1000 | ip=192.168.5.185 | op=SEND_HEARTBEAT {datanodeUUID=b61b0354-621b-4e20-a68d-2d53fecac27d, command=[]} | ret=SUCCESS |  
2019-09-18 16:25:31,235 | INFO  | SCMAudit | user=jenkins1000 | ip=192.168.5.185 | op=SEND_HEARTBEAT {datanodeUUID=891c1cf7-eb5d-4327-8423-159f04f60044, command=[]} | ret=SUCCESS |  
2019-09-18 16:25:31,242 | INFO  | SCMAudit | user=jenkins1000 | ip=192.168.5.185 | op=SEND_HEARTBEAT {datanodeUUID=2e09149d-5559-4fea-b716-0eb93f2cac4a, command=[]} | ret=SUCCESS |  
2019-09-18 16:25:31,359 | INFO  | SCMAudit | user=jenkins1000 | ip=192.168.5.185 | op=SEND_HEARTBEAT {datanodeUUID=8986536d-5b7d-4e16-8929-1d1bb41ad668, command=[]} | ret=SUCCESS |  
2019-09-18 16:25:31,536 | INFO  | SCMAudit | user=jenkins1000 | ip=192.168.5.185 | op=SEND_HEARTBEAT {datanodeUUID=bbe12df8-c2f1-49e2-8ab8-c8f9f8b834ae, command=[]} | ret=SUCCESS |  
2019-09-18 16:25:31,749 | INFO  | SCMAudit | user=jenkins1000 | ip=192.168.5.185 | op=SEND_HEARTBEAT {datanodeUUID=1d911544-627f-4c31-9b8f-a02840ac95b3, command=[]} | ret=SUCCESS |  
2019-09-18 16:25:32,064 [grpc-default-executor-1] INFO  client.GrpcClientProtocolClient (GrpcClientProtocolClient.java:onNext(255)) - client-08D30C90C1DD->891c1cf7-eb5d-4327-8423-159f04f60044: receive RaftClientReply:client-08D30C90C1DD->891c1cf7-eb5d-4327-8423-159f04f60044@group-1A1F4B3A8F4F, cid=45, FAILED org.apache.ratis.protocol.NotLeaderException: Server 891c1cf7-eb5d-4327-8423-159f04f60044 is not the leader (b61b0354-621b-4e20-a68d-2d53fecac27d:192.168.5.185:39516). Request must be sent to leader., logIndex=0, commits[891c1cf7-eb5d-4327-8423-159f04f60044:c8, b61b0354-621b-4e20-a68d-2d53fecac27d:c8, 2e09149d-5559-4fea-b716-0eb93f2cac4a:c8]
2019-09-18 16:25:32,151 | INFO  | SCMAudit | user=jenkins1000 | ip=192.168.5.185 | op=SEND_HEARTBEAT {datanodeUUID=8884bba7-3460-4b10-8d54-dd5499715d80, command=[]} | ret=SUCCESS |  
2019-09-18 16:25:32,202 | INFO  | SCMAudit | user=jenkins1000 | ip=192.168.5.185 | op=SEND_HEARTBEAT {datanodeUUID=b61b0354-621b-4e20-a68d-2d53fecac27d, command=[]} | ret=SUCCESS |  
2019-09-18 16:25:32,236 | INFO  | SCMAudit | user=jenkins1000 | ip=192.168.5.185 | op=SEND_HEARTBEAT {datanodeUUID=891c1cf7-eb5d-4327-8423-159f04f60044, command=[]} | ret=SUCCESS |  
2019-09-18 16:25:32,242 | INFO  | SCMAudit | user=jenkins1000 | ip=192.168.5.185 | op=SEND_HEARTBEAT {datanodeUUID=2e09149d-5559-4fea-b716-0eb93f2cac4a, command=[]} | ret=SUCCESS |  
2019-09-18 16:25:32,359 | INFO  | SCMAudit | user=jenkins1000 | ip=192.168.5.185 | op=SEND_HEARTBEAT {datanodeUUID=8986536d-5b7d-4e16-8929-1d1bb41ad668, command=[]} | ret=SUCCESS |  
2019-09-18 16:25:32,537 | INFO  | SCMAudit | user=jenkins1000 | ip=192.168.5.185 | op=SEND_HEARTBEAT {datanodeUUID=bbe12df8-c2f1-49e2-8ab8-c8f9f8b834ae, command=[]} | ret=SUCCESS |  
2019-09-18 16:25:32,749 | INFO  | SCMAudit | user=jenkins1000 | ip=192.168.5.185 | op=SEND_HEARTBEAT {datanodeUUID=1d911544-627f-4c31-9b8f-a02840ac95b3, command=[]} | ret=SUCCESS |  
2019-09-18 16:25:33,151 | INFO  | SCMAudit | user=jenkins1000 | ip=192.168.5.185 | op=SEND_HEARTBEAT {datanodeUUID=8884bba7-3460-4b10-8d54-dd5499715d80, command=[]} | ret=SUCCESS |  
2019-09-18 16:25:33,202 | INFO  | SCMAudit | user=jenkins1000 | ip=192.168.5.185 | op=SEND_HEARTBEAT {datanodeUUID=b61b0354-621b-4e20-a68d-2d53fecac27d, command=[]} | ret=SUCCESS |  
2019-09-18 16:25:33,236 | INFO  | SCMAudit | user=jenkins1000 | ip=192.168.5.185 | op=SEND_HEARTBEAT {datanodeUUID=891c1cf7-eb5d-4327-8423-159f04f60044, command=[]} | ret=SUCCESS |  
2019-09-18 16:25:33,242 | INFO  | SCMAudit | user=jenkins1000 | ip=192.168.5.185 | op=SEND_HEARTBEAT {datanodeUUID=2e09149d-5559-4fea-b716-0eb93f2cac4a, command=[]} | ret=SUCCESS |  
2019-09-18 16:25:33,359 | INFO  | SCMAudit | user=jenkins1000 | ip=192.168.5.185 | op=SEND_HEARTBEAT {datanodeUUID=8986536d-5b7d-4e16-8929-1d1bb41ad668, command=[]} | ret=SUCCESS |  
2019-09-18 16:25:33,537 | INFO  | SCMAudit | user=jenkins1000 | ip=192.168.5.185 | op=SEND_HEARTBEAT {datanodeUUID=bbe12df8-c2f1-49e2-8ab8-c8f9f8b834ae, command=[]} | ret=SUCCESS |  
2019-09-18 16:25:33,750 | INFO  | SCMAudit | user=jenkins1000 | ip=192.168.5.185 | op=SEND_HEARTBEAT {datanodeUUID=1d911544-627f-4c31-9b8f-a02840ac95b3, command=[]} | ret=SUCCESS |  
2019-09-18 16:25:34,151 | INFO  | SCMAudit | user=jenkins1000 | ip=192.168.5.185 | op=SEND_HEARTBEAT {datanodeUUID=8884bba7-3460-4b10-8d54-dd5499715d80, command=[]} | ret=SUCCESS |  
2019-09-18 16:25:34,203 | INFO  | SCMAudit | user=jenkins1000 | ip=192.168.5.185 | op=SEND_HEARTBEAT {datanodeUUID=b61b0354-621b-4e20-a68d-2d53fecac27d, command=[]} | ret=SUCCESS |  
2019-09-18 16:25:34,237 | INFO  | SCMAudit | user=jenkins1000 | ip=192.168.5.185 | op=SEND_HEARTBEAT {datanodeUUID=891c1cf7-eb5d-4327-8423-159f04f60044, command=[]} | ret=SUCCESS |  
2019-09-18 16:25:34,241 | INFO  | SCMAudit | user=jenkins1000 | ip=192.168.5.185 | op=SEND_HEARTBEAT {datanodeUUID=2e09149d-5559-4fea-b716-0eb93f2cac4a, command=[]} | ret=SUCCESS |  
2019-09-18 16:25:34,360 | INFO  | SCMAudit | user=jenkins1000 | ip=192.168.5.185 | op=SEND_HEARTBEAT {datanodeUUID=8986536d-5b7d-4e16-8929-1d1bb41ad668, command=[]} | ret=SUCCESS |  
2019-09-18 16:25:34,537 | INFO  | SCMAudit | user=jenkins1000 | ip=192.168.5.185 | op=SEND_HEARTBEAT {datanodeUUID=bbe12df8-c2f1-49e2-8ab8-c8f9f8b834ae, command=[]} | ret=SUCCESS |  
2019-09-18 16:25:34,749 | INFO  | SCMAudit | user=jenkins1000 | ip=192.168.5.185 | op=SEND_HEARTBEAT {datanodeUUID=1d911544-627f-4c31-9b8f-a02840ac95b3, command=[]} | ret=SUCCESS |  
2019-09-18 16:25:35,152 | INFO  | SCMAudit | user=jenkins1000 | ip=192.168.5.185 | op=SEND_HEARTBEAT {datanodeUUID=8884bba7-3460-4b10-8d54-dd5499715d80, command=[]} | ret=SUCCESS |  
2019-09-18 16:25:35,203 | INFO  | SCMAudit | user=jenkins1000 | ip=192.168.5.185 | op=SEND_HEARTBEAT {datanodeUUID=b61b0354-621b-4e20-a68d-2d53fecac27d, command=[]} | ret=SUCCESS |  
2019-09-18 16:25:35,237 | INFO  | SCMAudit | user=jenkins1000 | ip=192.168.5.185 | op=SEND_HEARTBEAT {datanodeUUID=891c1cf7-eb5d-4327-8423-159f04f60044, command=[]} | ret=SUCCESS |  
2019-09-18 16:25:35,242 | INFO  | SCMAudit | user=jenkins1000 | ip=192.168.5.185 | op=SEND_HEARTBEAT {datanodeUUID=2e09149d-5559-4fea-b716-0eb93f2cac4a, command=[]} | ret=SUCCESS |  
2019-09-18 16:25:35,360 | INFO  | SCMAudit | user=jenkins1000 | ip=192.168.5.185 | op=SEND_HEARTBEAT {datanodeUUID=8986536d-5b7d-4e16-8929-1d1bb41ad668, command=[]} | ret=SUCCESS |  
2019-09-18 16:25:35,537 | INFO  | SCMAudit | user=jenkins1000 | ip=192.168.5.185 | op=SEND_HEARTBEAT {datanodeUUID=bbe12df8-c2f1-49e2-8ab8-c8f9f8b834ae, command=[]} | ret=SUCCESS |  
2019-09-18 16:25:35,749 | INFO  | SCMAudit | user=jenkins1000 | ip=192.168.5.185 | op=SEND_HEARTBEAT {datanodeUUID=1d911544-627f-4c31-9b8f-a02840ac95b3, command=[]} | ret=SUCCESS |  
2019-09-18 16:25:36,152 | INFO  | SCMAudit | user=jenkins1000 | ip=192.168.5.185 | op=SEND_HEARTBEAT {datanodeUUID=8884bba7-3460-4b10-8d54-dd5499715d80, command=[]} | ret=SUCCESS |  
2019-09-18 16:25:36,203 | INFO  | SCMAudit | user=jenkins1000 | ip=192.168.5.185 | op=SEND_HEARTBEAT {datanodeUUID=b61b0354-621b-4e20-a68d-2d53fecac27d, command=[]} | ret=SUCCESS |  
2019-09-18 16:25:36,237 | INFO  | SCMAudit | user=jenkins1000 | ip=192.168.5.185 | op=SEND_HEARTBEAT {datanodeUUID=891c1cf7-eb5d-4327-8423-159f04f60044, command=[]} | ret=SUCCESS |  
2019-09-18 16:25:36,242 | INFO  | SCMAudit | user=jenkins1000 | ip=192.168.5.185 | op=SEND_HEARTBEAT {datanodeUUID=2e09149d-5559-4fea-b716-0eb93f2cac4a, command=[]} | ret=SUCCESS |  
2019-09-18 16:25:36,360 | INFO  | SCMAudit | user=jenkins1000 | ip=192.168.5.185 | op=SEND_HEARTBEAT {datanodeUUID=8986536d-5b7d-4e16-8929-1d1bb41ad668, command=[]} | ret=SUCCESS |  
2019-09-18 16:25:36,538 | INFO  | SCMAudit | user=jenkins1000 | ip=192.168.5.185 | op=SEND_HEARTBEAT {datanodeUUID=bbe12df8-c2f1-49e2-8ab8-c8f9f8b834ae, command=[]} | ret=SUCCESS |  
2019-09-18 16:25:36,749 | INFO  | SCMAudit | user=jenkins1000 | ip=192.168.5.185 | op=SEND_HEARTBEAT {datanodeUUID=1d911544-627f-4c31-9b8f-a02840ac95b3, command=[]} | ret=SUCCESS |  
2019-09-18 16:25:37,109 [grpc-default-executor-1] INFO  client.GrpcClientProtocolClient (GrpcClientProtocolClient.java:onNext(255)) - client-08D30C90C1DD->891c1cf7-eb5d-4327-8423-159f04f60044: receive RaftClientReply:client-08D30C90C1DD->891c1cf7-eb5d-4327-8423-159f04f60044@group-1A1F4B3A8F4F, cid=45, FAILED org.apache.ratis.protocol.NotLeaderException: Server 891c1cf7-eb5d-4327-8423-159f04f60044 is not the leader (b61b0354-621b-4e20-a68d-2d53fecac27d:192.168.5.185:39516). Request must be sent to leader., logIndex=0, commits[891c1cf7-eb5d-4327-8423-159f04f60044:c8, b61b0354-621b-4e20-a68d-2d53fecac27d:c8, 2e09149d-5559-4fea-b716-0eb93f2cac4a:c8]
2019-09-18 16:25:37,152 | INFO  | SCMAudit | user=jenkins1000 | ip=192.168.5.185 | op=SEND_HEARTBEAT {datanodeUUID=8884bba7-3460-4b10-8d54-dd5499715d80, command=[]} | ret=SUCCESS |  
2019-09-18 16:25:37,203 | INFO  | SCMAudit | user=jenkins1000 | ip=192.168.5.185 | op=SEND_HEARTBEAT {datanodeUUID=b61b0354-621b-4e20-a68d-2d53fecac27d, command=[]} | ret=SUCCESS |  
2019-09-18 16:25:37,238 | INFO  | SCMAudit | user=jenkins1000 | ip=192.168.5.185 | op=SEND_HEARTBEAT {datanodeUUID=891c1cf7-eb5d-4327-8423-159f04f60044, command=[]} | ret=SUCCESS |  
2019-09-18 16:25:37,242 | INFO  | SCMAudit | user=jenkins1000 | ip=192.168.5.185 | op=SEND_HEARTBEAT {datanodeUUID=2e09149d-5559-4fea-b716-0eb93f2cac4a, command=[]} | ret=SUCCESS |  
2019-09-18 16:25:37,361 | INFO  | SCMAudit | user=jenkins1000 | ip=192.168.5.185 | op=SEND_HEARTBEAT {datanodeUUID=8986536d-5b7d-4e16-8929-1d1bb41ad668, command=[]} | ret=SUCCESS |  
2019-09-18 16:25:37,537 | INFO  | SCMAudit | user=jenkins1000 | ip=192.168.5.185 | op=SEND_HEARTBEAT {datanodeUUID=bbe12df8-c2f1-49e2-8ab8-c8f9f8b834ae, command=[]} | ret=SUCCESS |  
2019-09-18 16:25:37,749 | INFO  | SCMAudit | user=jenkins1000 | ip=192.168.5.185 | op=SEND_HEARTBEAT {datanodeUUID=1d911544-627f-4c31-9b8f-a02840ac95b3, command=[]} | ret=SUCCESS |  
2019-09-18 16:25:38,152 | INFO  | SCMAudit | user=jenkins1000 | ip=192.168.5.185 | op=SEND_HEARTBEAT {datanodeUUID=8884bba7-3460-4b10-8d54-dd5499715d80, command=[]} | ret=SUCCESS |  
2019-09-18 16:25:38,204 | INFO  | SCMAudit | user=jenkins1000 | ip=192.168.5.185 | op=SEND_HEARTBEAT {datanodeUUID=b61b0354-621b-4e20-a68d-2d53fecac27d, command=[]} | ret=SUCCESS |  
2019-09-18 16:25:38,238 | INFO  | SCMAudit | user=jenkins1000 | ip=192.168.5.185 | op=SEND_HEARTBEAT {datanodeUUID=891c1cf7-eb5d-4327-8423-159f04f60044, command=[]} | ret=SUCCESS |  
2019-09-18 16:25:38,242 | INFO  | SCMAudit | user=jenkins1000 | ip=192.168.5.185 | op=SEND_HEARTBEAT {datanodeUUID=2e09149d-5559-4fea-b716-0eb93f2cac4a, command=[]} | ret=SUCCESS |  
2019-09-18 16:25:38,360 | INFO  | SCMAudit | user=jenkins1000 | ip=192.168.5.185 | op=SEND_HEARTBEAT {datanodeUUID=8986536d-5b7d-4e16-8929-1d1bb41ad668, command=[]} | ret=SUCCESS |  
2019-09-18 16:25:38,537 | INFO  | SCMAudit | user=jenkins1000 | ip=192.168.5.185 | op=SEND_HEARTBEAT {datanodeUUID=bbe12df8-c2f1-49e2-8ab8-c8f9f8b834ae, command=[]} | ret=SUCCESS |  
2019-09-18 16:25:38,749 | INFO  | SCMAudit | user=jenkins1000 | ip=192.168.5.185 | op=SEND_HEARTBEAT {datanodeUUID=1d911544-627f-4c31-9b8f-a02840ac95b3, command=[]} | ret=SUCCESS |  
2019-09-18 16:25:39,152 | INFO  | SCMAudit | user=jenkins1000 | ip=192.168.5.185 | op=SEND_HEARTBEAT {datanodeUUID=8884bba7-3460-4b10-8d54-dd5499715d80, command=[]} | ret=SUCCESS |  
2019-09-18 16:25:39,203 | INFO  | SCMAudit | user=jenkins1000 | ip=192.168.5.185 | op=SEND_HEARTBEAT {datanodeUUID=b61b0354-621b-4e20-a68d-2d53fecac27d, command=[]} | ret=SUCCESS |  
2019-09-18 16:25:39,238 | INFO  | SCMAudit | user=jenkins1000 | ip=192.168.5.185 | op=SEND_HEARTBEAT {datanodeUUID=891c1cf7-eb5d-4327-8423-159f04f60044, command=[]} | ret=SUCCESS |  
2019-09-18 16:25:39,241 | INFO  | SCMAudit | user=jenkins1000 | ip=192.168.5.185 | op=SEND_HEARTBEAT {datanodeUUID=2e09149d-5559-4fea-b716-0eb93f2cac4a, command=[]} | ret=SUCCESS |  
2019-09-18 16:25:39,361 | INFO  | SCMAudit | user=jenkins1000 | ip=192.168.5.185 | op=SEND_HEARTBEAT {datanodeUUID=8986536d-5b7d-4e16-8929-1d1bb41ad668, command=[]} | ret=SUCCESS |  
2019-09-18 16:25:39,538 | INFO  | SCMAudit | user=jenkins1000 | ip=192.168.5.185 | op=SEND_HEARTBEAT {datanodeUUID=bbe12df8-c2f1-49e2-8ab8-c8f9f8b834ae, command=[]} | ret=SUCCESS |  
2019-09-18 16:25:39,750 | INFO  | SCMAudit | user=jenkins1000 | ip=192.168.5.185 | op=SEND_HEARTBEAT {datanodeUUID=1d911544-627f-4c31-9b8f-a02840ac95b3, command=[]} | ret=SUCCESS |  
2019-09-18 16:25:40,153 | INFO  | SCMAudit | user=jenkins1000 | ip=192.168.5.185 | op=SEND_HEARTBEAT {datanodeUUID=8884bba7-3460-4b10-8d54-dd5499715d80, command=[]} | ret=SUCCESS |  
2019-09-18 16:25:40,203 | INFO  | SCMAudit | user=jenkins1000 | ip=192.168.5.185 | op=SEND_HEARTBEAT {datanodeUUID=b61b0354-621b-4e20-a68d-2d53fecac27d, command=[]} | ret=SUCCESS |  
2019-09-18 16:25:40,238 | INFO  | SCMAudit | user=jenkins1000 | ip=192.168.5.185 | op=SEND_HEARTBEAT {datanodeUUID=891c1cf7-eb5d-4327-8423-159f04f60044, command=[]} | ret=SUCCESS |  
2019-09-18 16:25:40,242 | INFO  | SCMAudit | user=jenkins1000 | ip=192.168.5.185 | op=SEND_HEARTBEAT {datanodeUUID=2e09149d-5559-4fea-b716-0eb93f2cac4a, command=[]} | ret=SUCCESS |  
2019-09-18 16:25:40,360 | INFO  | SCMAudit | user=jenkins1000 | ip=192.168.5.185 | op=SEND_HEARTBEAT {datanodeUUID=8986536d-5b7d-4e16-8929-1d1bb41ad668, command=[]} | ret=SUCCESS |  
2019-09-18 16:25:40,538 | INFO  | SCMAudit | user=jenkins1000 | ip=192.168.5.185 | op=SEND_HEARTBEAT {datanodeUUID=bbe12df8-c2f1-49e2-8ab8-c8f9f8b834ae, command=[]} | ret=SUCCESS |  
2019-09-18 16:25:40,750 | INFO  | SCMAudit | user=jenkins1000 | ip=192.168.5.185 | op=SEND_HEARTBEAT {datanodeUUID=1d911544-627f-4c31-9b8f-a02840ac95b3, command=[]} | ret=SUCCESS |  
2019-09-18 16:25:41,154 | INFO  | SCMAudit | user=jenkins1000 | ip=192.168.5.185 | op=SEND_HEARTBEAT {datanodeUUID=8884bba7-3460-4b10-8d54-dd5499715d80, command=[]} | ret=SUCCESS |  
2019-09-18 16:25:41,203 | INFO  | SCMAudit | user=jenkins1000 | ip=192.168.5.185 | op=SEND_HEARTBEAT {datanodeUUID=b61b0354-621b-4e20-a68d-2d53fecac27d, command=[]} | ret=SUCCESS |  
2019-09-18 16:25:41,238 | INFO  | SCMAudit | user=jenkins1000 | ip=192.168.5.185 | op=SEND_HEARTBEAT {datanodeUUID=891c1cf7-eb5d-4327-8423-159f04f60044, command=[]} | ret=SUCCESS |  
2019-09-18 16:25:41,242 | INFO  | SCMAudit | user=jenkins1000 | ip=192.168.5.185 | op=SEND_HEARTBEAT {datanodeUUID=2e09149d-5559-4fea-b716-0eb93f2cac4a, command=[]} | ret=SUCCESS |  
2019-09-18 16:25:41,360 | INFO  | SCMAudit | user=jenkins1000 | ip=192.168.5.185 | op=SEND_HEARTBEAT {datanodeUUID=8986536d-5b7d-4e16-8929-1d1bb41ad668, command=[]} | ret=SUCCESS |  
2019-09-18 16:25:41,539 | INFO  | SCMAudit | user=jenkins1000 | ip=192.168.5.185 | op=SEND_HEARTBEAT {datanodeUUID=bbe12df8-c2f1-49e2-8ab8-c8f9f8b834ae, command=[]} | ret=SUCCESS |  
2019-09-18 16:25:41,750 | INFO  | SCMAudit | user=jenkins1000 | ip=192.168.5.185 | op=SEND_HEARTBEAT {datanodeUUID=1d911544-627f-4c31-9b8f-a02840ac95b3, command=[]} | ret=SUCCESS |  
2019-09-18 16:25:42,154 | INFO  | SCMAudit | user=jenkins1000 | ip=192.168.5.185 | op=SEND_HEARTBEAT {datanodeUUID=8884bba7-3460-4b10-8d54-dd5499715d80, command=[]} | ret=SUCCESS |  
2019-09-18 16:25:42,163 [grpc-default-executor-0] INFO  client.GrpcClientProtocolClient (GrpcClientProtocolClient.java:onNext(255)) - client-08D30C90C1DD->891c1cf7-eb5d-4327-8423-159f04f60044: receive RaftClientReply:client-08D30C90C1DD->891c1cf7-eb5d-4327-8423-159f04f60044@group-1A1F4B3A8F4F, cid=45, FAILED org.apache.ratis.protocol.NotLeaderException: Server 891c1cf7-eb5d-4327-8423-159f04f60044 is not the leader (b61b0354-621b-4e20-a68d-2d53fecac27d:192.168.5.185:39516). Request must be sent to leader., logIndex=0, commits[891c1cf7-eb5d-4327-8423-159f04f60044:c8, b61b0354-621b-4e20-a68d-2d53fecac27d:c8, 2e09149d-5559-4fea-b716-0eb93f2cac4a:c8]
2019-09-18 16:25:42,204 | INFO  | SCMAudit | user=jenkins1000 | ip=192.168.5.185 | op=SEND_HEARTBEAT {datanodeUUID=b61b0354-621b-4e20-a68d-2d53fecac27d, command=[]} | ret=SUCCESS |  
2019-09-18 16:25:42,238 | INFO  | SCMAudit | user=jenkins1000 | ip=192.168.5.185 | op=SEND_HEARTBEAT {datanodeUUID=891c1cf7-eb5d-4327-8423-159f04f60044, command=[]} | ret=SUCCESS |  
2019-09-18 16:25:42,242 | INFO  | SCMAudit | user=jenkins1000 | ip=192.168.5.185 | op=SEND_HEARTBEAT {datanodeUUID=2e09149d-5559-4fea-b716-0eb93f2cac4a, command=[]} | ret=SUCCESS |  
2019-09-18 16:25:42,360 | INFO  | SCMAudit | user=jenkins1000 | ip=192.168.5.185 | op=SEND_HEARTBEAT {datanodeUUID=8986536d-5b7d-4e16-8929-1d1bb41ad668, command=[]} | ret=SUCCESS |  
2019-09-18 16:25:42,539 | INFO  | SCMAudit | user=jenkins1000 | ip=192.168.5.185 | op=SEND_HEARTBEAT {datanodeUUID=bbe12df8-c2f1-49e2-8ab8-c8f9f8b834ae, command=[]} | ret=SUCCESS |  
2019-09-18 16:25:42,751 | INFO  | SCMAudit | user=jenkins1000 | ip=192.168.5.185 | op=SEND_HEARTBEAT {datanodeUUID=1d911544-627f-4c31-9b8f-a02840ac95b3, command=[]} | ret=SUCCESS |  
2019-09-18 16:25:43,154 | INFO  | SCMAudit | user=jenkins1000 | ip=192.168.5.185 | op=SEND_HEARTBEAT {datanodeUUID=8884bba7-3460-4b10-8d54-dd5499715d80, command=[]} | ret=SUCCESS |  
2019-09-18 16:25:43,204 | INFO  | SCMAudit | user=jenkins1000 | ip=192.168.5.185 | op=SEND_HEARTBEAT {datanodeUUID=b61b0354-621b-4e20-a68d-2d53fecac27d, command=[]} | ret=SUCCESS |  
2019-09-18 16:25:43,239 | INFO  | SCMAudit | user=jenkins1000 | ip=192.168.5.185 | op=SEND_HEARTBEAT {datanodeUUID=891c1cf7-eb5d-4327-8423-159f04f60044, command=[]} | ret=SUCCESS |  
2019-09-18 16:25:43,242 | INFO  | SCMAudit | user=jenkins1000 | ip=192.168.5.185 | op=SEND_HEARTBEAT {datanodeUUID=2e09149d-5559-4fea-b716-0eb93f2cac4a, command=[]} | ret=SUCCESS |  
2019-09-18 16:25:43,361 | INFO  | SCMAudit | user=jenkins1000 | ip=192.168.5.185 | op=SEND_HEARTBEAT {datanodeUUID=8986536d-5b7d-4e16-8929-1d1bb41ad668, command=[]} | ret=SUCCESS |  
2019-09-18 16:25:43,540 | INFO  | SCMAudit | user=jenkins1000 | ip=192.168.5.185 | op=SEND_HEARTBEAT {datanodeUUID=bbe12df8-c2f1-49e2-8ab8-c8f9f8b834ae, command=[]} | ret=SUCCESS |  
2019-09-18 16:25:43,751 | INFO  | SCMAudit | user=jenkins1000 | ip=192.168.5.185 | op=SEND_HEARTBEAT {datanodeUUID=1d911544-627f-4c31-9b8f-a02840ac95b3, command=[]} | ret=SUCCESS |  
2019-09-18 16:25:44,154 | INFO  | SCMAudit | user=jenkins1000 | ip=192.168.5.185 | op=SEND_HEARTBEAT {datanodeUUID=8884bba7-3460-4b10-8d54-dd5499715d80, command=[]} | ret=SUCCESS |  
2019-09-18 16:25:44,205 | INFO  | SCMAudit | user=jenkins1000 | ip=192.168.5.185 | op=SEND_HEARTBEAT {datanodeUUID=b61b0354-621b-4e20-a68d-2d53fecac27d, command=[]} | ret=SUCCESS |  
2019-09-18 16:25:44,239 | INFO  | SCMAudit | user=jenkins1000 | ip=192.168.5.185 | op=SEND_HEARTBEAT {datanodeUUID=891c1cf7-eb5d-4327-8423-159f04f60044, command=[]} | ret=SUCCESS |  
2019-09-18 16:25:44,242 | INFO  | SCMAudit | user=jenkins1000 | ip=192.168.5.185 | op=SEND_HEARTBEAT {datanodeUUID=2e09149d-5559-4fea-b716-0eb93f2cac4a, command=[]} | ret=SUCCESS |  
2019-09-18 16:25:44,360 | INFO  | SCMAudit | user=jenkins1000 | ip=192.168.5.185 | op=SEND_HEARTBEAT {datanodeUUID=8986536d-5b7d-4e16-8929-1d1bb41ad668, command=[]} | ret=SUCCESS |  
2019-09-18 16:25:44,540 | INFO  | SCMAudit | user=jenkins1000 | ip=192.168.5.185 | op=SEND_HEARTBEAT {datanodeUUID=bbe12df8-c2f1-49e2-8ab8-c8f9f8b834ae, command=[]} | ret=SUCCESS |  
2019-09-18 16:25:44,752 | INFO  | SCMAudit | user=jenkins1000 | ip=192.168.5.185 | op=SEND_HEARTBEAT {datanodeUUID=1d911544-627f-4c31-9b8f-a02840ac95b3, command=[]} | ret=SUCCESS |  
2019-09-18 16:25:45,158 | INFO  | SCMAudit | user=jenkins1000 | ip=192.168.5.185 | op=SEND_HEARTBEAT {datanodeUUID=8884bba7-3460-4b10-8d54-dd5499715d80, command=[]} | ret=SUCCESS |  
2019-09-18 16:25:45,205 | INFO  | SCMAudit | user=jenkins1000 | ip=192.168.5.185 | op=SEND_HEARTBEAT {datanodeUUID=b61b0354-621b-4e20-a68d-2d53fecac27d, command=[]} | ret=SUCCESS |  
2019-09-18 16:25:45,240 | INFO  | SCMAudit | user=jenkins1000 | ip=192.168.5.185 | op=SEND_HEARTBEAT {datanodeUUID=891c1cf7-eb5d-4327-8423-159f04f60044, command=[]} | ret=SUCCESS |  
2019-09-18 16:25:45,242 | INFO  | SCMAudit | user=jenkins1000 | ip=192.168.5.185 | op=SEND_HEARTBEAT {datanodeUUID=2e09149d-5559-4fea-b716-0eb93f2cac4a, command=[]} | ret=SUCCESS |  
2019-09-18 16:25:45,360 | INFO  | SCMAudit | user=jenkins1000 | ip=192.168.5.185 | op=SEND_HEARTBEAT {datanodeUUID=8986536d-5b7d-4e16-8929-1d1bb41ad668, command=[]} | ret=SUCCESS |  
2019-09-18 16:25:45,541 | INFO  | SCMAudit | user=jenkins1000 | ip=192.168.5.185 | op=SEND_HEARTBEAT {datanodeUUID=bbe12df8-c2f1-49e2-8ab8-c8f9f8b834ae, command=[]} | ret=SUCCESS |  
2019-09-18 16:25:45,752 | INFO  | SCMAudit | user=jenkins1000 | ip=192.168.5.185 | op=SEND_HEARTBEAT {datanodeUUID=1d911544-627f-4c31-9b8f-a02840ac95b3, command=[]} | ret=SUCCESS |  
2019-09-18 16:25:46,154 | INFO  | SCMAudit | user=jenkins1000 | ip=192.168.5.185 | op=SEND_HEARTBEAT {datanodeUUID=8884bba7-3460-4b10-8d54-dd5499715d80, command=[]} | ret=SUCCESS |  
2019-09-18 16:25:46,204 | INFO  | SCMAudit | user=jenkins1000 | ip=192.168.5.185 | op=SEND_HEARTBEAT {datanodeUUID=b61b0354-621b-4e20-a68d-2d53fecac27d, command=[]} | ret=SUCCESS |  
2019-09-18 16:25:46,240 | INFO  | SCMAudit | user=jenkins1000 | ip=192.168.5.185 | op=SEND_HEARTBEAT {datanodeUUID=891c1cf7-eb5d-4327-8423-159f04f60044, command=[]} | ret=SUCCESS |  
2019-09-18 16:25:46,242 | INFO  | SCMAudit | user=jenkins1000 | ip=192.168.5.185 | op=SEND_HEARTBEAT {datanodeUUID=2e09149d-5559-4fea-b716-0eb93f2cac4a, command=[]} | ret=SUCCESS |  
2019-09-18 16:25:46,361 | INFO  | SCMAudit | user=jenkins1000 | ip=192.168.5.185 | op=SEND_HEARTBEAT {datanodeUUID=8986536d-5b7d-4e16-8929-1d1bb41ad668, command=[]} | ret=SUCCESS |  
2019-09-18 16:25:46,540 | INFO  | SCMAudit | user=jenkins1000 | ip=192.168.5.185 | op=SEND_HEARTBEAT {datanodeUUID=bbe12df8-c2f1-49e2-8ab8-c8f9f8b834ae, command=[]} | ret=SUCCESS |  
2019-09-18 16:25:46,752 | INFO  | SCMAudit | user=jenkins1000 | ip=192.168.5.185 | op=SEND_HEARTBEAT {datanodeUUID=1d911544-627f-4c31-9b8f-a02840ac95b3, command=[]} | ret=SUCCESS |  
2019-09-18 16:25:47,155 | INFO  | SCMAudit | user=jenkins1000 | ip=192.168.5.185 | op=SEND_HEARTBEAT {datanodeUUID=8884bba7-3460-4b10-8d54-dd5499715d80, command=[]} | ret=SUCCESS |  
2019-09-18 16:25:47,200 [grpc-default-executor-1] INFO  client.GrpcClientProtocolClient (GrpcClientProtocolClient.java:onNext(255)) - client-08D30C90C1DD->891c1cf7-eb5d-4327-8423-159f04f60044: receive RaftClientReply:client-08D30C90C1DD->891c1cf7-eb5d-4327-8423-159f04f60044@group-1A1F4B3A8F4F, cid=45, FAILED org.apache.ratis.protocol.NotLeaderException: Server 891c1cf7-eb5d-4327-8423-159f04f60044 is not the leader (b61b0354-621b-4e20-a68d-2d53fecac27d:192.168.5.185:39516). Request must be sent to leader., logIndex=0, commits[891c1cf7-eb5d-4327-8423-159f04f60044:c8, b61b0354-621b-4e20-a68d-2d53fecac27d:c8, 2e09149d-5559-4fea-b716-0eb93f2cac4a:c8]
2019-09-18 16:25:47,209 | INFO  | SCMAudit | user=jenkins1000 | ip=192.168.5.185 | op=SEND_HEARTBEAT {datanodeUUID=b61b0354-621b-4e20-a68d-2d53fecac27d, command=[]} | ret=SUCCESS |  
2019-09-18 16:25:47,240 | INFO  | SCMAudit | user=jenkins1000 | ip=192.168.5.185 | op=SEND_HEARTBEAT {datanodeUUID=891c1cf7-eb5d-4327-8423-159f04f60044, command=[]} | ret=SUCCESS |  
2019-09-18 16:25:47,242 | INFO  | SCMAudit | user=jenkins1000 | ip=192.168.5.185 | op=SEND_HEARTBEAT {datanodeUUID=2e09149d-5559-4fea-b716-0eb93f2cac4a, command=[]} | ret=SUCCESS |  
2019-09-18 16:25:47,361 | INFO  | SCMAudit | user=jenkins1000 | ip=192.168.5.185 | op=SEND_HEARTBEAT {datanodeUUID=8986536d-5b7d-4e16-8929-1d1bb41ad668, command=[]} | ret=SUCCESS |  
2019-09-18 16:25:47,541 | INFO  | SCMAudit | user=jenkins1000 | ip=192.168.5.185 | op=SEND_HEARTBEAT {datanodeUUID=bbe12df8-c2f1-49e2-8ab8-c8f9f8b834ae, command=[]} | ret=SUCCESS |  
2019-09-18 16:25:47,752 | INFO  | SCMAudit | user=jenkins1000 | ip=192.168.5.185 | op=SEND_HEARTBEAT {datanodeUUID=1d911544-627f-4c31-9b8f-a02840ac95b3, command=[]} | ret=SUCCESS |  
2019-09-18 16:25:48,155 | INFO  | SCMAudit | user=jenkins1000 | ip=192.168.5.185 | op=SEND_HEARTBEAT {datanodeUUID=8884bba7-3460-4b10-8d54-dd5499715d80, command=[]} | ret=SUCCESS |  
2019-09-18 16:25:48,205 | INFO  | SCMAudit | user=jenkins1000 | ip=192.168.5.185 | op=SEND_HEARTBEAT {datanodeUUID=b61b0354-621b-4e20-a68d-2d53fecac27d, command=[]} | ret=SUCCESS |  
2019-09-18 16:25:48,240 | INFO  | SCMAudit | user=jenkins1000 | ip=192.168.5.185 | op=SEND_HEARTBEAT {datanodeUUID=891c1cf7-eb5d-4327-8423-159f04f60044, command=[]} | ret=SUCCESS |  
2019-09-18 16:25:48,243 | INFO  | SCMAudit | user=jenkins1000 | ip=192.168.5.185 | op=SEND_HEARTBEAT {datanodeUUID=2e09149d-5559-4fea-b716-0eb93f2cac4a, command=[]} | ret=SUCCESS |  
2019-09-18 16:25:48,367 | INFO  | SCMAudit | user=jenkins1000 | ip=192.168.5.185 | op=SEND_HEARTBEAT {datanodeUUID=8986536d-5b7d-4e16-8929-1d1bb41ad668, command=[]} | ret=SUCCESS |  
2019-09-18 16:25:48,541 | INFO  | SCMAudit | user=jenkins1000 | ip=192.168.5.185 | op=SEND_HEARTBEAT {datanodeUUID=bbe12df8-c2f1-49e2-8ab8-c8f9f8b834ae, command=[]} | ret=SUCCESS |  
2019-09-18 16:25:48,753 | INFO  | SCMAudit | user=jenkins1000 | ip=192.168.5.185 | op=SEND_HEARTBEAT {datanodeUUID=1d911544-627f-4c31-9b8f-a02840ac95b3, command=[]} | ret=SUCCESS |  
2019-09-18 16:25:49,155 | INFO  | SCMAudit | user=jenkins1000 | ip=192.168.5.185 | op=SEND_HEARTBEAT {datanodeUUID=8884bba7-3460-4b10-8d54-dd5499715d80, command=[]} | ret=SUCCESS |  
2019-09-18 16:25:49,206 | INFO  | SCMAudit | user=jenkins1000 | ip=192.168.5.185 | op=SEND_HEARTBEAT {datanodeUUID=b61b0354-621b-4e20-a68d-2d53fecac27d, command=[]} | ret=SUCCESS |  
2019-09-18 16:25:49,241 | INFO  | SCMAudit | user=jenkins1000 | ip=192.168.5.185 | op=SEND_HEARTBEAT {datanodeUUID=891c1cf7-eb5d-4327-8423-159f04f60044, command=[]} | ret=SUCCESS |  
2019-09-18 16:25:49,242 | INFO  | SCMAudit | user=jenkins1000 | ip=192.168.5.185 | op=SEND_HEARTBEAT {datanodeUUID=2e09149d-5559-4fea-b716-0eb93f2cac4a, command=[]} | ret=SUCCESS |  
2019-09-18 16:25:49,363 | INFO  | SCMAudit | user=jenkins1000 | ip=192.168.5.185 | op=SEND_HEARTBEAT {datanodeUUID=8986536d-5b7d-4e16-8929-1d1bb41ad668, command=[]} | ret=SUCCESS |  
2019-09-18 16:25:49,541 | INFO  | SCMAudit | user=jenkins1000 | ip=192.168.5.185 | op=SEND_HEARTBEAT {datanodeUUID=bbe12df8-c2f1-49e2-8ab8-c8f9f8b834ae, command=[]} | ret=SUCCESS |  
2019-09-18 16:25:49,753 | INFO  | SCMAudit | user=jenkins1000 | ip=192.168.5.185 | op=SEND_HEARTBEAT {datanodeUUID=1d911544-627f-4c31-9b8f-a02840ac95b3, command=[]} | ret=SUCCESS |  
2019-09-18 16:25:50,154 | INFO  | SCMAudit | user=jenkins1000 | ip=192.168.5.185 | op=SEND_HEARTBEAT {datanodeUUID=8884bba7-3460-4b10-8d54-dd5499715d80, command=[]} | ret=SUCCESS |  
2019-09-18 16:25:50,206 | INFO  | SCMAudit | user=jenkins1000 | ip=192.168.5.185 | op=SEND_HEARTBEAT {datanodeUUID=b61b0354-621b-4e20-a68d-2d53fecac27d, command=[]} | ret=SUCCESS |  
2019-09-18 16:25:50,240 | INFO  | SCMAudit | user=jenkins1000 | ip=192.168.5.185 | op=SEND_HEARTBEAT {datanodeUUID=891c1cf7-eb5d-4327-8423-159f04f60044, command=[]} | ret=SUCCESS |  
2019-09-18 16:25:50,242 | INFO  | SCMAudit | user=jenkins1000 | ip=192.168.5.185 | op=SEND_HEARTBEAT {datanodeUUID=2e09149d-5559-4fea-b716-0eb93f2cac4a, command=[]} | ret=SUCCESS |  
2019-09-18 16:25:50,362 | INFO  | SCMAudit | user=jenkins1000 | ip=192.168.5.185 | op=SEND_HEARTBEAT {datanodeUUID=8986536d-5b7d-4e16-8929-1d1bb41ad668, command=[]} | ret=SUCCESS |  
2019-09-18 16:25:50,542 | INFO  | SCMAudit | user=jenkins1000 | ip=192.168.5.185 | op=SEND_HEARTBEAT {datanodeUUID=bbe12df8-c2f1-49e2-8ab8-c8f9f8b834ae, command=[]} | ret=SUCCESS |  
2019-09-18 16:25:50,754 | INFO  | SCMAudit | user=jenkins1000 | ip=192.168.5.185 | op=SEND_HEARTBEAT {datanodeUUID=1d911544-627f-4c31-9b8f-a02840ac95b3, command=[]} | ret=SUCCESS |  
2019-09-18 16:25:51,155 | INFO  | SCMAudit | user=jenkins1000 | ip=192.168.5.185 | op=SEND_HEARTBEAT {datanodeUUID=8884bba7-3460-4b10-8d54-dd5499715d80, command=[]} | ret=SUCCESS |  
2019-09-18 16:25:51,206 | INFO  | SCMAudit | user=jenkins1000 | ip=192.168.5.185 | op=SEND_HEARTBEAT {datanodeUUID=b61b0354-621b-4e20-a68d-2d53fecac27d, command=[]} | ret=SUCCESS |  
2019-09-18 16:25:51,240 | INFO  | SCMAudit | user=jenkins1000 | ip=192.168.5.185 | op=SEND_HEARTBEAT {datanodeUUID=891c1cf7-eb5d-4327-8423-159f04f60044, command=[]} | ret=SUCCESS |  
2019-09-18 16:25:51,242 | INFO  | SCMAudit | user=jenkins1000 | ip=192.168.5.185 | op=SEND_HEARTBEAT {datanodeUUID=2e09149d-5559-4fea-b716-0eb93f2cac4a, command=[]} | ret=SUCCESS |  
2019-09-18 16:25:51,362 | INFO  | SCMAudit | user=jenkins1000 | ip=192.168.5.185 | op=SEND_HEARTBEAT {datanodeUUID=8986536d-5b7d-4e16-8929-1d1bb41ad668, command=[]} | ret=SUCCESS |  
2019-09-18 16:25:51,542 | INFO  | SCMAudit | user=jenkins1000 | ip=192.168.5.185 | op=SEND_HEARTBEAT {datanodeUUID=bbe12df8-c2f1-49e2-8ab8-c8f9f8b834ae, command=[]} | ret=SUCCESS |  
2019-09-18 16:25:51,753 | INFO  | SCMAudit | user=jenkins1000 | ip=192.168.5.185 | op=SEND_HEARTBEAT {datanodeUUID=1d911544-627f-4c31-9b8f-a02840ac95b3, command=[]} | ret=SUCCESS |  
2019-09-18 16:25:52,154 | INFO  | SCMAudit | user=jenkins1000 | ip=192.168.5.185 | op=SEND_HEARTBEAT {datanodeUUID=8884bba7-3460-4b10-8d54-dd5499715d80, command=[]} | ret=SUCCESS |  
2019-09-18 16:25:52,206 | INFO  | SCMAudit | user=jenkins1000 | ip=192.168.5.185 | op=SEND_HEARTBEAT {datanodeUUID=b61b0354-621b-4e20-a68d-2d53fecac27d, command=[]} | ret=SUCCESS |  
2019-09-18 16:25:52,240 | INFO  | SCMAudit | user=jenkins1000 | ip=192.168.5.185 | op=SEND_HEARTBEAT {datanodeUUID=891c1cf7-eb5d-4327-8423-159f04f60044, command=[]} | ret=SUCCESS |  
2019-09-18 16:25:52,241 [grpc-default-executor-1] INFO  client.GrpcClientProtocolClient (GrpcClientProtocolClient.java:onNext(255)) - client-08D30C90C1DD->2e09149d-5559-4fea-b716-0eb93f2cac4a: receive RaftClientReply:client-08D30C90C1DD->2e09149d-5559-4fea-b716-0eb93f2cac4a@group-1A1F4B3A8F4F, cid=45, FAILED org.apache.ratis.protocol.NotLeaderException: Server 2e09149d-5559-4fea-b716-0eb93f2cac4a is not the leader (b61b0354-621b-4e20-a68d-2d53fecac27d:192.168.5.185:39516). Request must be sent to leader., logIndex=0, commits[2e09149d-5559-4fea-b716-0eb93f2cac4a:c8, b61b0354-621b-4e20-a68d-2d53fecac27d:c8, 891c1cf7-eb5d-4327-8423-159f04f60044:c8]
2019-09-18 16:25:52,259 | INFO  | SCMAudit | user=jenkins1000 | ip=192.168.5.185 | op=SEND_HEARTBEAT {datanodeUUID=2e09149d-5559-4fea-b716-0eb93f2cac4a, command=[]} | ret=SUCCESS |  
2019-09-18 16:25:52,363 | INFO  | SCMAudit | user=jenkins1000 | ip=192.168.5.185 | op=SEND_HEARTBEAT {datanodeUUID=8986536d-5b7d-4e16-8929-1d1bb41ad668, command=[]} | ret=SUCCESS |  
2019-09-18 16:25:52,542 | INFO  | SCMAudit | user=jenkins1000 | ip=192.168.5.185 | op=SEND_HEARTBEAT {datanodeUUID=bbe12df8-c2f1-49e2-8ab8-c8f9f8b834ae, command=[]} | ret=SUCCESS |  
2019-09-18 16:25:52,753 | INFO  | SCMAudit | user=jenkins1000 | ip=192.168.5.185 | op=SEND_HEARTBEAT {datanodeUUID=1d911544-627f-4c31-9b8f-a02840ac95b3, command=[]} | ret=SUCCESS |  
2019-09-18 16:25:53,155 | INFO  | SCMAudit | user=jenkins1000 | ip=192.168.5.185 | op=SEND_HEARTBEAT {datanodeUUID=8884bba7-3460-4b10-8d54-dd5499715d80, command=[]} | ret=SUCCESS |  
2019-09-18 16:25:53,206 | INFO  | SCMAudit | user=jenkins1000 | ip=192.168.5.185 | op=SEND_HEARTBEAT {datanodeUUID=b61b0354-621b-4e20-a68d-2d53fecac27d, command=[]} | ret=SUCCESS |  
2019-09-18 16:25:53,241 | INFO  | SCMAudit | user=jenkins1000 | ip=192.168.5.185 | op=SEND_HEARTBEAT {datanodeUUID=891c1cf7-eb5d-4327-8423-159f04f60044, command=[]} | ret=SUCCESS |  
2019-09-18 16:25:53,244 | INFO  | SCMAudit | user=jenkins1000 | ip=192.168.5.185 | op=SEND_HEARTBEAT {datanodeUUID=2e09149d-5559-4fea-b716-0eb93f2cac4a, command=[]} | ret=SUCCESS |  
2019-09-18 16:25:53,362 | INFO  | SCMAudit | user=jenkins1000 | ip=192.168.5.185 | op=SEND_HEARTBEAT {datanodeUUID=8986536d-5b7d-4e16-8929-1d1bb41ad668, command=[]} | ret=SUCCESS |  
2019-09-18 16:25:53,543 | INFO  | SCMAudit | user=jenkins1000 | ip=192.168.5.185 | op=SEND_HEARTBEAT {datanodeUUID=bbe12df8-c2f1-49e2-8ab8-c8f9f8b834ae, command=[]} | ret=SUCCESS |  
2019-09-18 16:25:53,753 | INFO  | SCMAudit | user=jenkins1000 | ip=192.168.5.185 | op=SEND_HEARTBEAT {datanodeUUID=1d911544-627f-4c31-9b8f-a02840ac95b3, command=[]} | ret=SUCCESS |  
2019-09-18 16:25:54,154 | INFO  | SCMAudit | user=jenkins1000 | ip=192.168.5.185 | op=SEND_HEARTBEAT {datanodeUUID=8884bba7-3460-4b10-8d54-dd5499715d80, command=[]} | ret=SUCCESS |  
2019-09-18 16:25:54,206 | INFO  | SCMAudit | user=jenkins1000 | ip=192.168.5.185 | op=SEND_HEARTBEAT {datanodeUUID=b61b0354-621b-4e20-a68d-2d53fecac27d, command=[]} | ret=SUCCESS |  
2019-09-18 16:25:54,241 | INFO  | SCMAudit | user=jenkins1000 | ip=192.168.5.185 | op=SEND_HEARTBEAT {datanodeUUID=891c1cf7-eb5d-4327-8423-159f04f60044, command=[]} | ret=SUCCESS |  
2019-09-18 16:25:54,243 | INFO  | SCMAudit | user=jenkins1000 | ip=192.168.5.185 | op=SEND_HEARTBEAT {datanodeUUID=2e09149d-5559-4fea-b716-0eb93f2cac4a, command=[]} | ret=SUCCESS |  
2019-09-18 16:25:54,362 | INFO  | SCMAudit | user=jenkins1000 | ip=192.168.5.185 | op=SEND_HEARTBEAT {datanodeUUID=8986536d-5b7d-4e16-8929-1d1bb41ad668, command=[]} | ret=SUCCESS |  
2019-09-18 16:25:54,543 | INFO  | SCMAudit | user=jenkins1000 | ip=192.168.5.185 | op=SEND_HEARTBEAT {datanodeUUID=bbe12df8-c2f1-49e2-8ab8-c8f9f8b834ae, command=[]} | ret=SUCCESS |  
2019-09-18 16:25:54,753 | INFO  | SCMAudit | user=jenkins1000 | ip=192.168.5.185 | op=SEND_HEARTBEAT {datanodeUUID=1d911544-627f-4c31-9b8f-a02840ac95b3, command=[]} | ret=SUCCESS |  
2019-09-18 16:25:55,155 | INFO  | SCMAudit | user=jenkins1000 | ip=192.168.5.185 | op=SEND_HEARTBEAT {datanodeUUID=8884bba7-3460-4b10-8d54-dd5499715d80, command=[]} | ret=SUCCESS |  
2019-09-18 16:25:55,206 | INFO  | SCMAudit | user=jenkins1000 | ip=192.168.5.185 | op=SEND_HEARTBEAT {datanodeUUID=b61b0354-621b-4e20-a68d-2d53fecac27d, command=[]} | ret=SUCCESS |  
2019-09-18 16:25:55,241 | INFO  | SCMAudit | user=jenkins1000 | ip=192.168.5.185 | op=SEND_HEARTBEAT {datanodeUUID=891c1cf7-eb5d-4327-8423-159f04f60044, command=[]} | ret=SUCCESS |  
2019-09-18 16:25:55,243 | INFO  | SCMAudit | user=jenkins1000 | ip=192.168.5.185 | op=SEND_HEARTBEAT {datanodeUUID=2e09149d-5559-4fea-b716-0eb93f2cac4a, command=[]} | ret=SUCCESS |  
2019-09-18 16:25:55,362 | INFO  | SCMAudit | user=jenkins1000 | ip=192.168.5.185 | op=SEND_HEARTBEAT {datanodeUUID=8986536d-5b7d-4e16-8929-1d1bb41ad668, command=[]} | ret=SUCCESS |  
2019-09-18 16:25:55,543 | INFO  | SCMAudit | user=jenkins1000 | ip=192.168.5.185 | op=SEND_HEARTBEAT {datanodeUUID=bbe12df8-c2f1-49e2-8ab8-c8f9f8b834ae, command=[]} | ret=SUCCESS |  
2019-09-18 16:25:55,753 | INFO  | SCMAudit | user=jenkins1000 | ip=192.168.5.185 | op=SEND_HEARTBEAT {datanodeUUID=1d911544-627f-4c31-9b8f-a02840ac95b3, command=[]} | ret=SUCCESS |  
2019-09-18 16:25:56,154 | INFO  | SCMAudit | user=jenkins1000 | ip=192.168.5.185 | op=SEND_HEARTBEAT {datanodeUUID=8884bba7-3460-4b10-8d54-dd5499715d80, command=[]} | ret=SUCCESS |  
2019-09-18 16:25:56,206 | INFO  | SCMAudit | user=jenkins1000 | ip=192.168.5.185 | op=SEND_HEARTBEAT {datanodeUUID=b61b0354-621b-4e20-a68d-2d53fecac27d, command=[]} | ret=SUCCESS |  
2019-09-18 16:25:56,241 | INFO  | SCMAudit | user=jenkins1000 | ip=192.168.5.185 | op=SEND_HEARTBEAT {datanodeUUID=891c1cf7-eb5d-4327-8423-159f04f60044, command=[]} | ret=SUCCESS |  
2019-09-18 16:25:56,244 | INFO  | SCMAudit | user=jenkins1000 | ip=192.168.5.185 | op=SEND_HEARTBEAT {datanodeUUID=2e09149d-5559-4fea-b716-0eb93f2cac4a, command=[]} | ret=SUCCESS |  
2019-09-18 16:25:56,362 | INFO  | SCMAudit | user=jenkins1000 | ip=192.168.5.185 | op=SEND_HEARTBEAT {datanodeUUID=8986536d-5b7d-4e16-8929-1d1bb41ad668, command=[]} | ret=SUCCESS |  
2019-09-18 16:25:56,543 | INFO  | SCMAudit | user=jenkins1000 | ip=192.168.5.185 | op=SEND_HEARTBEAT {datanodeUUID=bbe12df8-c2f1-49e2-8ab8-c8f9f8b834ae, command=[]} | ret=SUCCESS |  
2019-09-18 16:25:56,753 | INFO  | SCMAudit | user=jenkins1000 | ip=192.168.5.185 | op=SEND_HEARTBEAT {datanodeUUID=1d911544-627f-4c31-9b8f-a02840ac95b3, command=[]} | ret=SUCCESS |  
2019-09-18 16:25:57,154 | INFO  | SCMAudit | user=jenkins1000 | ip=192.168.5.185 | op=SEND_HEARTBEAT {datanodeUUID=8884bba7-3460-4b10-8d54-dd5499715d80, command=[]} | ret=SUCCESS |  
2019-09-18 16:25:57,206 | INFO  | SCMAudit | user=jenkins1000 | ip=192.168.5.185 | op=SEND_HEARTBEAT {datanodeUUID=b61b0354-621b-4e20-a68d-2d53fecac27d, command=[]} | ret=SUCCESS |  
2019-09-18 16:25:57,241 | INFO  | SCMAudit | user=jenkins1000 | ip=192.168.5.185 | op=SEND_HEARTBEAT {datanodeUUID=891c1cf7-eb5d-4327-8423-159f04f60044, command=[]} | ret=SUCCESS |  
2019-09-18 16:25:57,245 | INFO  | SCMAudit | user=jenkins1000 | ip=192.168.5.185 | op=SEND_HEARTBEAT {datanodeUUID=2e09149d-5559-4fea-b716-0eb93f2cac4a, command=[]} | ret=SUCCESS |  
2019-09-18 16:25:57,294 [grpc-default-executor-0] INFO  client.GrpcClientProtocolClient (GrpcClientProtocolClient.java:onNext(255)) - client-08D30C90C1DD->2e09149d-5559-4fea-b716-0eb93f2cac4a: receive RaftClientReply:client-08D30C90C1DD->2e09149d-5559-4fea-b716-0eb93f2cac4a@group-1A1F4B3A8F4F, cid=45, FAILED org.apache.ratis.protocol.NotLeaderException: Server 2e09149d-5559-4fea-b716-0eb93f2cac4a is not the leader (b61b0354-621b-4e20-a68d-2d53fecac27d:192.168.5.185:39516). Request must be sent to leader., logIndex=0, commits[2e09149d-5559-4fea-b716-0eb93f2cac4a:c8, b61b0354-621b-4e20-a68d-2d53fecac27d:c8, 891c1cf7-eb5d-4327-8423-159f04f60044:c8]
2019-09-18 16:25:57,362 | INFO  | SCMAudit | user=jenkins1000 | ip=192.168.5.185 | op=SEND_HEARTBEAT {datanodeUUID=8986536d-5b7d-4e16-8929-1d1bb41ad668, command=[]} | ret=SUCCESS |  
2019-09-18 16:25:57,544 | INFO  | SCMAudit | user=jenkins1000 | ip=192.168.5.185 | op=SEND_HEARTBEAT {datanodeUUID=bbe12df8-c2f1-49e2-8ab8-c8f9f8b834ae, command=[]} | ret=SUCCESS |  
2019-09-18 16:25:57,753 | INFO  | SCMAudit | user=jenkins1000 | ip=192.168.5.185 | op=SEND_HEARTBEAT {datanodeUUID=1d911544-627f-4c31-9b8f-a02840ac95b3, command=[]} | ret=SUCCESS |  
2019-09-18 16:25:58,155 | INFO  | SCMAudit | user=jenkins1000 | ip=192.168.5.185 | op=SEND_HEARTBEAT {datanodeUUID=8884bba7-3460-4b10-8d54-dd5499715d80, command=[]} | ret=SUCCESS |  
2019-09-18 16:25:58,206 | INFO  | SCMAudit | user=jenkins1000 | ip=192.168.5.185 | op=SEND_HEARTBEAT {datanodeUUID=b61b0354-621b-4e20-a68d-2d53fecac27d, command=[]} | ret=SUCCESS |  
2019-09-18 16:25:58,241 | INFO  | SCMAudit | user=jenkins1000 | ip=192.168.5.185 | op=SEND_HEARTBEAT {datanodeUUID=891c1cf7-eb5d-4327-8423-159f04f60044, command=[]} | ret=SUCCESS |  
2019-09-18 16:25:58,246 | INFO  | SCMAudit | user=jenkins1000 | ip=192.168.5.185 | op=SEND_HEARTBEAT {datanodeUUID=2e09149d-5559-4fea-b716-0eb93f2cac4a, command=[]} | ret=SUCCESS |  
2019-09-18 16:25:58,363 | INFO  | SCMAudit | user=jenkins1000 | ip=192.168.5.185 | op=SEND_HEARTBEAT {datanodeUUID=8986536d-5b7d-4e16-8929-1d1bb41ad668, command=[]} | ret=SUCCESS |  
2019-09-18 16:25:58,544 | INFO  | SCMAudit | user=jenkins1000 | ip=192.168.5.185 | op=SEND_HEARTBEAT {datanodeUUID=bbe12df8-c2f1-49e2-8ab8-c8f9f8b834ae, command=[]} | ret=SUCCESS |  
2019-09-18 16:25:58,754 | INFO  | SCMAudit | user=jenkins1000 | ip=192.168.5.185 | op=SEND_HEARTBEAT {datanodeUUID=1d911544-627f-4c31-9b8f-a02840ac95b3, command=[]} | ret=SUCCESS |  
2019-09-18 16:25:59,154 | INFO  | SCMAudit | user=jenkins1000 | ip=192.168.5.185 | op=SEND_HEARTBEAT {datanodeUUID=8884bba7-3460-4b10-8d54-dd5499715d80, command=[]} | ret=SUCCESS |  
2019-09-18 16:25:59,206 | INFO  | SCMAudit | user=jenkins1000 | ip=192.168.5.185 | op=SEND_HEARTBEAT {datanodeUUID=b61b0354-621b-4e20-a68d-2d53fecac27d, command=[]} | ret=SUCCESS |  
2019-09-18 16:25:59,242 | INFO  | SCMAudit | user=jenkins1000 | ip=192.168.5.185 | op=SEND_HEARTBEAT {datanodeUUID=891c1cf7-eb5d-4327-8423-159f04f60044, command=[]} | ret=SUCCESS |  
2019-09-18 16:25:59,247 | INFO  | SCMAudit | user=jenkins1000 | ip=192.168.5.185 | op=SEND_HEARTBEAT {datanodeUUID=2e09149d-5559-4fea-b716-0eb93f2cac4a, command=[]} | ret=SUCCESS |  
2019-09-18 16:25:59,363 | INFO  | SCMAudit | user=jenkins1000 | ip=192.168.5.185 | op=SEND_HEARTBEAT {datanodeUUID=8986536d-5b7d-4e16-8929-1d1bb41ad668, command=[]} | ret=SUCCESS |  
2019-09-18 16:25:59,544 | INFO  | SCMAudit | user=jenkins1000 | ip=192.168.5.185 | op=SEND_HEARTBEAT {datanodeUUID=bbe12df8-c2f1-49e2-8ab8-c8f9f8b834ae, command=[]} | ret=SUCCESS |  
2019-09-18 16:25:59,753 | INFO  | SCMAudit | user=jenkins1000 | ip=192.168.5.185 | op=SEND_HEARTBEAT {datanodeUUID=1d911544-627f-4c31-9b8f-a02840ac95b3, command=[]} | ret=SUCCESS |  
2019-09-18 16:26:00,154 | INFO  | SCMAudit | user=jenkins1000 | ip=192.168.5.185 | op=SEND_HEARTBEAT {datanodeUUID=8884bba7-3460-4b10-8d54-dd5499715d80, command=[]} | ret=SUCCESS |  
2019-09-18 16:26:00,207 | INFO  | SCMAudit | user=jenkins1000 | ip=192.168.5.185 | op=SEND_HEARTBEAT {datanodeUUID=b61b0354-621b-4e20-a68d-2d53fecac27d, command=[]} | ret=SUCCESS |  
2019-09-18 16:26:00,242 | INFO  | SCMAudit | user=jenkins1000 | ip=192.168.5.185 | op=SEND_HEARTBEAT {datanodeUUID=891c1cf7-eb5d-4327-8423-159f04f60044, command=[]} | ret=SUCCESS |  
2019-09-18 16:26:00,247 | INFO  | SCMAudit | user=jenkins1000 | ip=192.168.5.185 | op=SEND_HEARTBEAT {datanodeUUID=2e09149d-5559-4fea-b716-0eb93f2cac4a, command=[]} | ret=SUCCESS |  
2019-09-18 16:26:00,363 | INFO  | SCMAudit | user=jenkins1000 | ip=192.168.5.185 | op=SEND_HEARTBEAT {datanodeUUID=8986536d-5b7d-4e16-8929-1d1bb41ad668, command=[]} | ret=SUCCESS |  
2019-09-18 16:26:00,544 | INFO  | SCMAudit | user=jenkins1000 | ip=192.168.5.185 | op=SEND_HEARTBEAT {datanodeUUID=bbe12df8-c2f1-49e2-8ab8-c8f9f8b834ae, command=[]} | ret=SUCCESS |  
2019-09-18 16:26:00,753 | INFO  | SCMAudit | user=jenkins1000 | ip=192.168.5.185 | op=SEND_HEARTBEAT {datanodeUUID=1d911544-627f-4c31-9b8f-a02840ac95b3, command=[]} | ret=SUCCESS |  
2019-09-18 16:26:01,154 | INFO  | SCMAudit | user=jenkins1000 | ip=192.168.5.185 | op=SEND_HEARTBEAT {datanodeUUID=8884bba7-3460-4b10-8d54-dd5499715d80, command=[]} | ret=SUCCESS |  
2019-09-18 16:26:01,206 | INFO  | SCMAudit | user=jenkins1000 | ip=192.168.5.185 | op=SEND_HEARTBEAT {datanodeUUID=b61b0354-621b-4e20-a68d-2d53fecac27d, command=[]} | ret=SUCCESS |  
2019-09-18 16:26:01,243 | INFO  | SCMAudit | user=jenkins1000 | ip=192.168.5.185 | op=SEND_HEARTBEAT {datanodeUUID=891c1cf7-eb5d-4327-8423-159f04f60044, command=[]} | ret=SUCCESS |  
2019-09-18 16:26:01,248 | INFO  | SCMAudit | user=jenkins1000 | ip=192.168.5.185 | op=SEND_HEARTBEAT {datanodeUUID=2e09149d-5559-4fea-b716-0eb93f2cac4a, command=[]} | ret=SUCCESS |  
2019-09-18 16:26:01,363 | INFO  | SCMAudit | user=jenkins1000 | ip=192.168.5.185 | op=SEND_HEARTBEAT {datanodeUUID=8986536d-5b7d-4e16-8929-1d1bb41ad668, command=[]} | ret=SUCCESS |  
2019-09-18 16:26:01,544 | INFO  | SCMAudit | user=jenkins1000 | ip=192.168.5.185 | op=SEND_HEARTBEAT {datanodeUUID=bbe12df8-c2f1-49e2-8ab8-c8f9f8b834ae, command=[]} | ret=SUCCESS |  
2019-09-18 16:26:01,753 | INFO  | SCMAudit | user=jenkins1000 | ip=192.168.5.185 | op=SEND_HEARTBEAT {datanodeUUID=1d911544-627f-4c31-9b8f-a02840ac95b3, command=[]} | ret=SUCCESS |  
2019-09-18 16:26:02,155 | INFO  | SCMAudit | user=jenkins1000 | ip=192.168.5.185 | op=SEND_HEARTBEAT {datanodeUUID=8884bba7-3460-4b10-8d54-dd5499715d80, command=[]} | ret=SUCCESS |  
2019-09-18 16:26:02,206 | INFO  | SCMAudit | user=jenkins1000 | ip=192.168.5.185 | op=SEND_HEARTBEAT {datanodeUUID=b61b0354-621b-4e20-a68d-2d53fecac27d, command=[]} | ret=SUCCESS |  
2019-09-18 16:26:02,242 | INFO  | SCMAudit | user=jenkins1000 | ip=192.168.5.185 | op=SEND_HEARTBEAT {datanodeUUID=891c1cf7-eb5d-4327-8423-159f04f60044, command=[]} | ret=SUCCESS |  
2019-09-18 16:26:02,248 | INFO  | SCMAudit | user=jenkins1000 | ip=192.168.5.185 | op=SEND_HEARTBEAT {datanodeUUID=2e09149d-5559-4fea-b716-0eb93f2cac4a, command=[]} | ret=SUCCESS |  
2019-09-18 16:26:02,336 [grpc-default-executor-0] INFO  client.GrpcClientProtocolClient (GrpcClientProtocolClient.java:onNext(255)) - client-08D30C90C1DD->891c1cf7-eb5d-4327-8423-159f04f60044: receive RaftClientReply:client-08D30C90C1DD->891c1cf7-eb5d-4327-8423-159f04f60044@group-1A1F4B3A8F4F, cid=45, FAILED org.apache.ratis.protocol.NotLeaderException: Server 891c1cf7-eb5d-4327-8423-159f04f60044 is not the leader (b61b0354-621b-4e20-a68d-2d53fecac27d:192.168.5.185:39516). Request must be sent to leader., logIndex=0, commits[891c1cf7-eb5d-4327-8423-159f04f60044:c8, b61b0354-621b-4e20-a68d-2d53fecac27d:c8, 2e09149d-5559-4fea-b716-0eb93f2cac4a:c8]
2019-09-18 16:26:02,363 | INFO  | SCMAudit | user=jenkins1000 | ip=192.168.5.185 | op=SEND_HEARTBEAT {datanodeUUID=8986536d-5b7d-4e16-8929-1d1bb41ad668, command=[]} | ret=SUCCESS |  
2019-09-18 16:26:02,544 | INFO  | SCMAudit | user=jenkins1000 | ip=192.168.5.185 | op=SEND_HEARTBEAT {datanodeUUID=bbe12df8-c2f1-49e2-8ab8-c8f9f8b834ae, command=[]} | ret=SUCCESS |  
2019-09-18 16:26:02,753 | INFO  | SCMAudit | user=jenkins1000 | ip=192.168.5.185 | op=SEND_HEARTBEAT {datanodeUUID=1d911544-627f-4c31-9b8f-a02840ac95b3, command=[]} | ret=SUCCESS |  
2019-09-18 16:26:03,155 | INFO  | SCMAudit | user=jenkins1000 | ip=192.168.5.185 | op=SEND_HEARTBEAT {datanodeUUID=8884bba7-3460-4b10-8d54-dd5499715d80, command=[]} | ret=SUCCESS |  
2019-09-18 16:26:03,207 | INFO  | SCMAudit | user=jenkins1000 | ip=192.168.5.185 | op=SEND_HEARTBEAT {datanodeUUID=b61b0354-621b-4e20-a68d-2d53fecac27d, command=[]} | ret=SUCCESS |  
2019-09-18 16:26:03,242 | INFO  | SCMAudit | user=jenkins1000 | ip=192.168.5.185 | op=SEND_HEARTBEAT {datanodeUUID=891c1cf7-eb5d-4327-8423-159f04f60044, command=[]} | ret=SUCCESS |  
2019-09-18 16:26:03,248 | INFO  | SCMAudit | user=jenkins1000 | ip=192.168.5.185 | op=SEND_HEARTBEAT {datanodeUUID=2e09149d-5559-4fea-b716-0eb93f2cac4a, command=[]} | ret=SUCCESS |  
2019-09-18 16:26:03,364 | INFO  | SCMAudit | user=jenkins1000 | ip=192.168.5.185 | op=SEND_HEARTBEAT {datanodeUUID=8986536d-5b7d-4e16-8929-1d1bb41ad668, command=[]} | ret=SUCCESS |  
2019-09-18 16:26:03,544 | INFO  | SCMAudit | user=jenkins1000 | ip=192.168.5.185 | op=SEND_HEARTBEAT {datanodeUUID=bbe12df8-c2f1-49e2-8ab8-c8f9f8b834ae, command=[]} | ret=SUCCESS |  
2019-09-18 16:26:03,754 | INFO  | SCMAudit | user=jenkins1000 | ip=192.168.5.185 | op=SEND_HEARTBEAT {datanodeUUID=1d911544-627f-4c31-9b8f-a02840ac95b3, command=[]} | ret=SUCCESS |  
2019-09-18 16:26:04,155 | INFO  | SCMAudit | user=jenkins1000 | ip=192.168.5.185 | op=SEND_HEARTBEAT {datanodeUUID=8884bba7-3460-4b10-8d54-dd5499715d80, command=[]} | ret=SUCCESS |  
2019-09-18 16:26:04,207 | INFO  | SCMAudit | user=jenkins1000 | ip=192.168.5.185 | op=SEND_HEARTBEAT {datanodeUUID=b61b0354-621b-4e20-a68d-2d53fecac27d, command=[]} | ret=SUCCESS |  
2019-09-18 16:26:04,242 | INFO  | SCMAudit | user=jenkins1000 | ip=192.168.5.185 | op=SEND_HEARTBEAT {datanodeUUID=891c1cf7-eb5d-4327-8423-159f04f60044, command=[]} | ret=SUCCESS |  
2019-09-18 16:26:04,248 | INFO  | SCMAudit | user=jenkins1000 | ip=192.168.5.185 | op=SEND_HEARTBEAT {datanodeUUID=2e09149d-5559-4fea-b716-0eb93f2cac4a, command=[]} | ret=SUCCESS |  
2019-09-18 16:26:04,364 | INFO  | SCMAudit | user=jenkins1000 | ip=192.168.5.185 | op=SEND_HEARTBEAT {datanodeUUID=8986536d-5b7d-4e16-8929-1d1bb41ad668, command=[]} | ret=SUCCESS |  
2019-09-18 16:26:04,544 | INFO  | SCMAudit | user=jenkins1000 | ip=192.168.5.185 | op=SEND_HEARTBEAT {datanodeUUID=bbe12df8-c2f1-49e2-8ab8-c8f9f8b834ae, command=[]} | ret=SUCCESS |  
2019-09-18 16:26:04,755 | INFO  | SCMAudit | user=jenkins1000 | ip=192.168.5.185 | op=SEND_HEARTBEAT {datanodeUUID=1d911544-627f-4c31-9b8f-a02840ac95b3, command=[]} | ret=SUCCESS |  
2019-09-18 16:26:05,156 | INFO  | SCMAudit | user=jenkins1000 | ip=192.168.5.185 | op=SEND_HEARTBEAT {datanodeUUID=8884bba7-3460-4b10-8d54-dd5499715d80, command=[]} | ret=SUCCESS |  
2019-09-18 16:26:05,207 | INFO  | SCMAudit | user=jenkins1000 | ip=192.168.5.185 | op=SEND_HEARTBEAT {datanodeUUID=b61b0354-621b-4e20-a68d-2d53fecac27d, command=[]} | ret=SUCCESS |  
2019-09-18 16:26:05,242 | INFO  | SCMAudit | user=jenkins1000 | ip=192.168.5.185 | op=SEND_HEARTBEAT {datanodeUUID=891c1cf7-eb5d-4327-8423-159f04f60044, command=[]} | ret=SUCCESS |  
2019-09-18 16:26:05,248 | INFO  | SCMAudit | user=jenkins1000 | ip=192.168.5.185 | op=SEND_HEARTBEAT {datanodeUUID=2e09149d-5559-4fea-b716-0eb93f2cac4a, command=[]} | ret=SUCCESS |  
2019-09-18 16:26:05,368 | INFO  | SCMAudit | user=jenkins1000 | ip=192.168.5.185 | op=SEND_HEARTBEAT {datanodeUUID=8986536d-5b7d-4e16-8929-1d1bb41ad668, command=[]} | ret=SUCCESS |  
2019-09-18 16:26:05,544 | INFO  | SCMAudit | user=jenkins1000 | ip=192.168.5.185 | op=SEND_HEARTBEAT {datanodeUUID=bbe12df8-c2f1-49e2-8ab8-c8f9f8b834ae, command=[]} | ret=SUCCESS |  
2019-09-18 16:26:05,755 | INFO  | SCMAudit | user=jenkins1000 | ip=192.168.5.185 | op=SEND_HEARTBEAT {datanodeUUID=1d911544-627f-4c31-9b8f-a02840ac95b3, command=[]} | ret=SUCCESS |  
2019-09-18 16:26:06,155 | INFO  | SCMAudit | user=jenkins1000 | ip=192.168.5.185 | op=SEND_HEARTBEAT {datanodeUUID=8884bba7-3460-4b10-8d54-dd5499715d80, command=[]} | ret=SUCCESS |  
2019-09-18 16:26:06,207 | INFO  | SCMAudit | user=jenkins1000 | ip=192.168.5.185 | op=SEND_HEARTBEAT {datanodeUUID=b61b0354-621b-4e20-a68d-2d53fecac27d, command=[]} | ret=SUCCESS |  
2019-09-18 16:26:06,242 | INFO  | SCMAudit | user=jenkins1000 | ip=192.168.5.185 | op=SEND_HEARTBEAT {datanodeUUID=891c1cf7-eb5d-4327-8423-159f04f60044, command=[]} | ret=SUCCESS |  
2019-09-18 16:26:06,248 | INFO  | SCMAudit | user=jenkins1000 | ip=192.168.5.185 | op=SEND_HEARTBEAT {datanodeUUID=2e09149d-5559-4fea-b716-0eb93f2cac4a, command=[]} | ret=SUCCESS |  
2019-09-18 16:26:06,372 | INFO  | SCMAudit | user=jenkins1000 | ip=192.168.5.185 | op=SEND_HEARTBEAT {datanodeUUID=8986536d-5b7d-4e16-8929-1d1bb41ad668, command=[]} | ret=SUCCESS |  
2019-09-18 16:26:06,544 | INFO  | SCMAudit | user=jenkins1000 | ip=192.168.5.185 | op=SEND_HEARTBEAT {datanodeUUID=bbe12df8-c2f1-49e2-8ab8-c8f9f8b834ae, command=[]} | ret=SUCCESS |  
2019-09-18 16:26:06,755 | INFO  | SCMAudit | user=jenkins1000 | ip=192.168.5.185 | op=SEND_HEARTBEAT {datanodeUUID=1d911544-627f-4c31-9b8f-a02840ac95b3, command=[]} | ret=SUCCESS |  
2019-09-18 16:26:07,155 | INFO  | SCMAudit | user=jenkins1000 | ip=192.168.5.185 | op=SEND_HEARTBEAT {datanodeUUID=8884bba7-3460-4b10-8d54-dd5499715d80, command=[]} | ret=SUCCESS |  
2019-09-18 16:26:07,207 | INFO  | SCMAudit | user=jenkins1000 | ip=192.168.5.185 | op=SEND_HEARTBEAT {datanodeUUID=b61b0354-621b-4e20-a68d-2d53fecac27d, command=[]} | ret=SUCCESS |  
2019-09-18 16:26:07,243 | INFO  | SCMAudit | user=jenkins1000 | ip=192.168.5.185 | op=SEND_HEARTBEAT {datanodeUUID=891c1cf7-eb5d-4327-8423-159f04f60044, command=[]} | ret=SUCCESS |  
2019-09-18 16:26:07,248 | INFO  | SCMAudit | user=jenkins1000 | ip=192.168.5.185 | op=SEND_HEARTBEAT {datanodeUUID=2e09149d-5559-4fea-b716-0eb93f2cac4a, command=[]} | ret=SUCCESS |  
2019-09-18 16:26:07,371 | INFO  | SCMAudit | user=jenkins1000 | ip=192.168.5.185 | op=SEND_HEARTBEAT {datanodeUUID=8986536d-5b7d-4e16-8929-1d1bb41ad668, command=[]} | ret=SUCCESS |  
2019-09-18 16:26:07,397 [grpc-default-executor-1] INFO  client.GrpcClientProtocolClient (GrpcClientProtocolClient.java:onNext(255)) - client-08D30C90C1DD->2e09149d-5559-4fea-b716-0eb93f2cac4a: receive RaftClientReply:client-08D30C90C1DD->2e09149d-5559-4fea-b716-0eb93f2cac4a@group-1A1F4B3A8F4F, cid=45, FAILED org.apache.ratis.protocol.NotLeaderException: Server 2e09149d-5559-4fea-b716-0eb93f2cac4a is not the leader (b61b0354-621b-4e20-a68d-2d53fecac27d:192.168.5.185:39516). Request must be sent to leader., logIndex=0, commits[2e09149d-5559-4fea-b716-0eb93f2cac4a:c8, b61b0354-621b-4e20-a68d-2d53fecac27d:c8, 891c1cf7-eb5d-4327-8423-159f04f60044:c8]
2019-09-18 16:26:07,545 | INFO  | SCMAudit | user=jenkins1000 | ip=192.168.5.185 | op=SEND_HEARTBEAT {datanodeUUID=bbe12df8-c2f1-49e2-8ab8-c8f9f8b834ae, command=[]} | ret=SUCCESS |  
2019-09-18 16:26:07,755 | INFO  | SCMAudit | user=jenkins1000 | ip=192.168.5.185 | op=SEND_HEARTBEAT {datanodeUUID=1d911544-627f-4c31-9b8f-a02840ac95b3, command=[]} | ret=SUCCESS |  
2019-09-18 16:26:08,156 | INFO  | SCMAudit | user=jenkins1000 | ip=192.168.5.185 | op=SEND_HEARTBEAT {datanodeUUID=8884bba7-3460-4b10-8d54-dd5499715d80, command=[]} | ret=SUCCESS |  
2019-09-18 16:26:08,208 | INFO  | SCMAudit | user=jenkins1000 | ip=192.168.5.185 | op=SEND_HEARTBEAT {datanodeUUID=b61b0354-621b-4e20-a68d-2d53fecac27d, command=[]} | ret=SUCCESS |  
2019-09-18 16:26:08,242 | INFO  | SCMAudit | user=jenkins1000 | ip=192.168.5.185 | op=SEND_HEARTBEAT {datanodeUUID=891c1cf7-eb5d-4327-8423-159f04f60044, command=[]} | ret=SUCCESS |  
2019-09-18 16:26:08,248 | INFO  | SCMAudit | user=jenkins1000 | ip=192.168.5.185 | op=SEND_HEARTBEAT {datanodeUUID=2e09149d-5559-4fea-b716-0eb93f2cac4a, command=[]} | ret=SUCCESS |  
2019-09-18 16:26:08,370 | INFO  | SCMAudit | user=jenkins1000 | ip=192.168.5.185 | op=SEND_HEARTBEAT {datanodeUUID=8986536d-5b7d-4e16-8929-1d1bb41ad668, command=[]} | ret=SUCCESS |  
2019-09-18 16:26:08,546 | INFO  | SCMAudit | user=jenkins1000 | ip=192.168.5.185 | op=SEND_HEARTBEAT {datanodeUUID=bbe12df8-c2f1-49e2-8ab8-c8f9f8b834ae, command=[]} | ret=SUCCESS |  
2019-09-18 16:26:08,755 | INFO  | SCMAudit | user=jenkins1000 | ip=192.168.5.185 | op=SEND_HEARTBEAT {datanodeUUID=1d911544-627f-4c31-9b8f-a02840ac95b3, command=[]} | ret=SUCCESS |  
2019-09-18 16:26:09,155 | INFO  | SCMAudit | user=jenkins1000 | ip=192.168.5.185 | op=SEND_HEARTBEAT {datanodeUUID=8884bba7-3460-4b10-8d54-dd5499715d80, command=[]} | ret=SUCCESS |  
2019-09-18 16:26:09,208 | INFO  | SCMAudit | user=jenkins1000 | ip=192.168.5.185 | op=SEND_HEARTBEAT {datanodeUUID=b61b0354-621b-4e20-a68d-2d53fecac27d, command=[]} | ret=SUCCESS |  
2019-09-18 16:26:09,242 | INFO  | SCMAudit | user=jenkins1000 | ip=192.168.5.185 | op=SEND_HEARTBEAT {datanodeUUID=891c1cf7-eb5d-4327-8423-159f04f60044, command=[]} | ret=SUCCESS |  
2019-09-18 16:26:09,249 | INFO  | SCMAudit | user=jenkins1000 | ip=192.168.5.185 | op=SEND_HEARTBEAT {datanodeUUID=2e09149d-5559-4fea-b716-0eb93f2cac4a, command=[]} | ret=SUCCESS |  
2019-09-18 16:26:09,370 | INFO  | SCMAudit | user=jenkins1000 | ip=192.168.5.185 | op=SEND_HEARTBEAT {datanodeUUID=8986536d-5b7d-4e16-8929-1d1bb41ad668, command=[]} | ret=SUCCESS |  
2019-09-18 16:26:09,546 | INFO  | SCMAudit | user=jenkins1000 | ip=192.168.5.185 | op=SEND_HEARTBEAT {datanodeUUID=bbe12df8-c2f1-49e2-8ab8-c8f9f8b834ae, command=[]} | ret=SUCCESS |  
2019-09-18 16:26:09,755 | INFO  | SCMAudit | user=jenkins1000 | ip=192.168.5.185 | op=SEND_HEARTBEAT {datanodeUUID=1d911544-627f-4c31-9b8f-a02840ac95b3, command=[]} | ret=SUCCESS |  
2019-09-18 16:26:10,155 | INFO  | SCMAudit | user=jenkins1000 | ip=192.168.5.185 | op=SEND_HEARTBEAT {datanodeUUID=8884bba7-3460-4b10-8d54-dd5499715d80, command=[]} | ret=SUCCESS |  
2019-09-18 16:26:10,208 | INFO  | SCMAudit | user=jenkins1000 | ip=192.168.5.185 | op=SEND_HEARTBEAT {datanodeUUID=b61b0354-621b-4e20-a68d-2d53fecac27d, command=[]} | ret=SUCCESS |  
2019-09-18 16:26:10,243 | INFO  | SCMAudit | user=jenkins1000 | ip=192.168.5.185 | op=SEND_HEARTBEAT {datanodeUUID=891c1cf7-eb5d-4327-8423-159f04f60044, command=[]} | ret=SUCCESS |  
2019-09-18 16:26:10,249 | INFO  | SCMAudit | user=jenkins1000 | ip=192.168.5.185 | op=SEND_HEARTBEAT {datanodeUUID=2e09149d-5559-4fea-b716-0eb93f2cac4a, command=[]} | ret=SUCCESS |  
2019-09-18 16:26:10,370 | INFO  | SCMAudit | user=jenkins1000 | ip=192.168.5.185 | op=SEND_HEARTBEAT {datanodeUUID=8986536d-5b7d-4e16-8929-1d1bb41ad668, command=[]} | ret=SUCCESS |  
2019-09-18 16:26:10,546 | INFO  | SCMAudit | user=jenkins1000 | ip=192.168.5.185 | op=SEND_HEARTBEAT {datanodeUUID=bbe12df8-c2f1-49e2-8ab8-c8f9f8b834ae, command=[]} | ret=SUCCESS |  
2019-09-18 16:26:10,755 | INFO  | SCMAudit | user=jenkins1000 | ip=192.168.5.185 | op=SEND_HEARTBEAT {datanodeUUID=1d911544-627f-4c31-9b8f-a02840ac95b3, command=[]} | ret=SUCCESS |  
2019-09-18 16:26:11,156 | INFO  | SCMAudit | user=jenkins1000 | ip=192.168.5.185 | op=SEND_HEARTBEAT {datanodeUUID=8884bba7-3460-4b10-8d54-dd5499715d80, command=[]} | ret=SUCCESS |  
2019-09-18 16:26:11,209 | INFO  | SCMAudit | user=jenkins1000 | ip=192.168.5.185 | op=SEND_HEARTBEAT {datanodeUUID=b61b0354-621b-4e20-a68d-2d53fecac27d, command=[]} | ret=SUCCESS |  
2019-09-18 16:26:11,243 | INFO  | SCMAudit | user=jenkins1000 | ip=192.168.5.185 | op=SEND_HEARTBEAT {datanodeUUID=891c1cf7-eb5d-4327-8423-159f04f60044, command=[]} | ret=SUCCESS |  
2019-09-18 16:26:11,249 | INFO  | SCMAudit | user=jenkins1000 | ip=192.168.5.185 | op=SEND_HEARTBEAT {datanodeUUID=2e09149d-5559-4fea-b716-0eb93f2cac4a, command=[]} | ret=SUCCESS |  
2019-09-18 16:26:11,370 | INFO  | SCMAudit | user=jenkins1000 | ip=192.168.5.185 | op=SEND_HEARTBEAT {datanodeUUID=8986536d-5b7d-4e16-8929-1d1bb41ad668, command=[]} | ret=SUCCESS |  
2019-09-18 16:26:11,546 | INFO  | SCMAudit | user=jenkins1000 | ip=192.168.5.185 | op=SEND_HEARTBEAT {datanodeUUID=bbe12df8-c2f1-49e2-8ab8-c8f9f8b834ae, command=[]} | ret=SUCCESS |  
2019-09-18 16:26:11,755 | INFO  | SCMAudit | user=jenkins1000 | ip=192.168.5.185 | op=SEND_HEARTBEAT {datanodeUUID=1d911544-627f-4c31-9b8f-a02840ac95b3, command=[]} | ret=SUCCESS |  
2019-09-18 16:26:12,155 | INFO  | SCMAudit | user=jenkins1000 | ip=192.168.5.185 | op=SEND_HEARTBEAT {datanodeUUID=8884bba7-3460-4b10-8d54-dd5499715d80, command=[]} | ret=SUCCESS |  
2019-09-18 16:26:12,209 | INFO  | SCMAudit | user=jenkins1000 | ip=192.168.5.185 | op=SEND_HEARTBEAT {datanodeUUID=b61b0354-621b-4e20-a68d-2d53fecac27d, command=[]} | ret=SUCCESS |  
2019-09-18 16:26:12,243 | INFO  | SCMAudit | user=jenkins1000 | ip=192.168.5.185 | op=SEND_HEARTBEAT {datanodeUUID=891c1cf7-eb5d-4327-8423-159f04f60044, command=[]} | ret=SUCCESS |  
2019-09-18 16:26:12,249 | INFO  | SCMAudit | user=jenkins1000 | ip=192.168.5.185 | op=SEND_HEARTBEAT {datanodeUUID=2e09149d-5559-4fea-b716-0eb93f2cac4a, command=[]} | ret=SUCCESS |  
2019-09-18 16:26:12,370 | INFO  | SCMAudit | user=jenkins1000 | ip=192.168.5.185 | op=SEND_HEARTBEAT {datanodeUUID=8986536d-5b7d-4e16-8929-1d1bb41ad668, command=[]} | ret=SUCCESS |  
2019-09-18 16:26:12,436 [grpc-default-executor-8] INFO  client.GrpcClientProtocolClient (GrpcClientProtocolClient.java:onNext(255)) - client-08D30C90C1DD->891c1cf7-eb5d-4327-8423-159f04f60044: receive RaftClientReply:client-08D30C90C1DD->891c1cf7-eb5d-4327-8423-159f04f60044@group-1A1F4B3A8F4F, cid=45, FAILED org.apache.ratis.protocol.NotLeaderException: Server 891c1cf7-eb5d-4327-8423-159f04f60044 is not the leader (b61b0354-621b-4e20-a68d-2d53fecac27d:192.168.5.185:39516). Request must be sent to leader., logIndex=0, commits[891c1cf7-eb5d-4327-8423-159f04f60044:c8, b61b0354-621b-4e20-a68d-2d53fecac27d:c8, 2e09149d-5559-4fea-b716-0eb93f2cac4a:c8]
2019-09-18 16:26:12,546 | INFO  | SCMAudit | user=jenkins1000 | ip=192.168.5.185 | op=SEND_HEARTBEAT {datanodeUUID=bbe12df8-c2f1-49e2-8ab8-c8f9f8b834ae, command=[]} | ret=SUCCESS |  
2019-09-18 16:26:12,755 | INFO  | SCMAudit | user=jenkins1000 | ip=192.168.5.185 | op=SEND_HEARTBEAT {datanodeUUID=1d911544-627f-4c31-9b8f-a02840ac95b3, command=[]} | ret=SUCCESS |  
2019-09-18 16:26:13,156 | INFO  | SCMAudit | user=jenkins1000 | ip=192.168.5.185 | op=SEND_HEARTBEAT {datanodeUUID=8884bba7-3460-4b10-8d54-dd5499715d80, command=[]} | ret=SUCCESS |  
2019-09-18 16:26:13,210 | INFO  | SCMAudit | user=jenkins1000 | ip=192.168.5.185 | op=SEND_HEARTBEAT {datanodeUUID=b61b0354-621b-4e20-a68d-2d53fecac27d, command=[]} | ret=SUCCESS |  
2019-09-18 16:26:13,243 | INFO  | SCMAudit | user=jenkins1000 | ip=192.168.5.185 | op=SEND_HEARTBEAT {datanodeUUID=891c1cf7-eb5d-4327-8423-159f04f60044, command=[]} | ret=SUCCESS |  
2019-09-18 16:26:13,249 | INFO  | SCMAudit | user=jenkins1000 | ip=192.168.5.185 | op=SEND_HEARTBEAT {datanodeUUID=2e09149d-5559-4fea-b716-0eb93f2cac4a, command=[]} | ret=SUCCESS |  
2019-09-18 16:26:13,371 | INFO  | SCMAudit | user=jenkins1000 | ip=192.168.5.185 | op=SEND_HEARTBEAT {datanodeUUID=8986536d-5b7d-4e16-8929-1d1bb41ad668, command=[]} | ret=SUCCESS |  
2019-09-18 16:26:13,546 | INFO  | SCMAudit | user=jenkins1000 | ip=192.168.5.185 | op=SEND_HEARTBEAT {datanodeUUID=bbe12df8-c2f1-49e2-8ab8-c8f9f8b834ae, command=[]} | ret=SUCCESS |  
2019-09-18 16:26:13,756 | INFO  | SCMAudit | user=jenkins1000 | ip=192.168.5.185 | op=SEND_HEARTBEAT {datanodeUUID=1d911544-627f-4c31-9b8f-a02840ac95b3, command=[]} | ret=SUCCESS |  
2019-09-18 16:26:14,156 | INFO  | SCMAudit | user=jenkins1000 | ip=192.168.5.185 | op=SEND_HEARTBEAT {datanodeUUID=8884bba7-3460-4b10-8d54-dd5499715d80, command=[]} | ret=SUCCESS |  
2019-09-18 16:26:14,210 | INFO  | SCMAudit | user=jenkins1000 | ip=192.168.5.185 | op=SEND_HEARTBEAT {datanodeUUID=b61b0354-621b-4e20-a68d-2d53fecac27d, command=[]} | ret=SUCCESS |  
2019-09-18 16:26:14,243 | INFO  | SCMAudit | user=jenkins1000 | ip=192.168.5.185 | op=SEND_HEARTBEAT {datanodeUUID=891c1cf7-eb5d-4327-8423-159f04f60044, command=[]} | ret=SUCCESS |  
2019-09-18 16:26:14,249 | INFO  | SCMAudit | user=jenkins1000 | ip=192.168.5.185 | op=SEND_HEARTBEAT {datanodeUUID=2e09149d-5559-4fea-b716-0eb93f2cac4a, command=[]} | ret=SUCCESS |  
2019-09-18 16:26:14,371 | INFO  | SCMAudit | user=jenkins1000 | ip=192.168.5.185 | op=SEND_HEARTBEAT {datanodeUUID=8986536d-5b7d-4e16-8929-1d1bb41ad668, command=[]} | ret=SUCCESS |  
2019-09-18 16:26:14,546 | INFO  | SCMAudit | user=jenkins1000 | ip=192.168.5.185 | op=SEND_HEARTBEAT {datanodeUUID=bbe12df8-c2f1-49e2-8ab8-c8f9f8b834ae, command=[]} | ret=SUCCESS |  
2019-09-18 16:26:14,756 | INFO  | SCMAudit | user=jenkins1000 | ip=192.168.5.185 | op=SEND_HEARTBEAT {datanodeUUID=1d911544-627f-4c31-9b8f-a02840ac95b3, command=[]} | ret=SUCCESS |  
2019-09-18 16:26:15,157 | INFO  | SCMAudit | user=jenkins1000 | ip=192.168.5.185 | op=SEND_HEARTBEAT {datanodeUUID=8884bba7-3460-4b10-8d54-dd5499715d80, command=[]} | ret=SUCCESS |  
2019-09-18 16:26:15,211 | INFO  | SCMAudit | user=jenkins1000 | ip=192.168.5.185 | op=SEND_HEARTBEAT {datanodeUUID=b61b0354-621b-4e20-a68d-2d53fecac27d, command=[]} | ret=SUCCESS |  
2019-09-18 16:26:15,244 | INFO  | SCMAudit | user=jenkins1000 | ip=192.168.5.185 | op=SEND_HEARTBEAT {datanodeUUID=891c1cf7-eb5d-4327-8423-159f04f60044, command=[]} | ret=SUCCESS |  
2019-09-18 16:26:15,249 | INFO  | SCMAudit | user=jenkins1000 | ip=192.168.5.185 | op=SEND_HEARTBEAT {datanodeUUID=2e09149d-5559-4fea-b716-0eb93f2cac4a, command=[]} | ret=SUCCESS |  
2019-09-18 16:26:15,372 | INFO  | SCMAudit | user=jenkins1000 | ip=192.168.5.185 | op=SEND_HEARTBEAT {datanodeUUID=8986536d-5b7d-4e16-8929-1d1bb41ad668, command=[]} | ret=SUCCESS |  
2019-09-18 16:26:15,546 | INFO  | SCMAudit | user=jenkins1000 | ip=192.168.5.185 | op=SEND_HEARTBEAT {datanodeUUID=bbe12df8-c2f1-49e2-8ab8-c8f9f8b834ae, command=[]} | ret=SUCCESS |  
2019-09-18 16:26:15,756 | INFO  | SCMAudit | user=jenkins1000 | ip=192.168.5.185 | op=SEND_HEARTBEAT {datanodeUUID=1d911544-627f-4c31-9b8f-a02840ac95b3, command=[]} | ret=SUCCESS |  
2019-09-18 16:26:16,157 | INFO  | SCMAudit | user=jenkins1000 | ip=192.168.5.185 | op=SEND_HEARTBEAT {datanodeUUID=8884bba7-3460-4b10-8d54-dd5499715d80, command=[]} | ret=SUCCESS |  
2019-09-18 16:26:16,210 | INFO  | SCMAudit | user=jenkins1000 | ip=192.168.5.185 | op=SEND_HEARTBEAT {datanodeUUID=b61b0354-621b-4e20-a68d-2d53fecac27d, command=[]} | ret=SUCCESS |  
2019-09-18 16:26:16,244 | INFO  | SCMAudit | user=jenkins1000 | ip=192.168.5.185 | op=SEND_HEARTBEAT {datanodeUUID=891c1cf7-eb5d-4327-8423-159f04f60044, command=[]} | ret=SUCCESS |  
2019-09-18 16:26:16,249 | INFO  | SCMAudit | user=jenkins1000 | ip=192.168.5.185 | op=SEND_HEARTBEAT {datanodeUUID=2e09149d-5559-4fea-b716-0eb93f2cac4a, command=[]} | ret=SUCCESS |  
2019-09-18 16:26:16,372 | INFO  | SCMAudit | user=jenkins1000 | ip=192.168.5.185 | op=SEND_HEARTBEAT {datanodeUUID=8986536d-5b7d-4e16-8929-1d1bb41ad668, command=[]} | ret=SUCCESS |  
2019-09-18 16:26:16,546 | INFO  | SCMAudit | user=jenkins1000 | ip=192.168.5.185 | op=SEND_HEARTBEAT {datanodeUUID=bbe12df8-c2f1-49e2-8ab8-c8f9f8b834ae, command=[]} | ret=SUCCESS |  
2019-09-18 16:26:16,756 | INFO  | SCMAudit | user=jenkins1000 | ip=192.168.5.185 | op=SEND_HEARTBEAT {datanodeUUID=1d911544-627f-4c31-9b8f-a02840ac95b3, command=[]} | ret=SUCCESS |  
2019-09-18 16:26:17,158 | INFO  | SCMAudit | user=jenkins1000 | ip=192.168.5.185 | op=SEND_HEARTBEAT {datanodeUUID=8884bba7-3460-4b10-8d54-dd5499715d80, command=[]} | ret=SUCCESS |  
2019-09-18 16:26:17,211 | INFO  | SCMAudit | user=jenkins1000 | ip=192.168.5.185 | op=SEND_HEARTBEAT {datanodeUUID=b61b0354-621b-4e20-a68d-2d53fecac27d, command=[]} | ret=SUCCESS |  
2019-09-18 16:26:17,245 | INFO  | SCMAudit | user=jenkins1000 | ip=192.168.5.185 | op=SEND_HEARTBEAT {datanodeUUID=891c1cf7-eb5d-4327-8423-159f04f60044, command=[]} | ret=SUCCESS |  
2019-09-18 16:26:17,249 | INFO  | SCMAudit | user=jenkins1000 | ip=192.168.5.185 | op=SEND_HEARTBEAT {datanodeUUID=2e09149d-5559-4fea-b716-0eb93f2cac4a, command=[]} | ret=SUCCESS |  
2019-09-18 16:26:17,373 | INFO  | SCMAudit | user=jenkins1000 | ip=192.168.5.185 | op=SEND_HEARTBEAT {datanodeUUID=8986536d-5b7d-4e16-8929-1d1bb41ad668, command=[]} | ret=SUCCESS |  
2019-09-18 16:26:17,479 [grpc-default-executor-1] INFO  client.GrpcClientProtocolClient (GrpcClientProtocolClient.java:onNext(255)) - client-08D30C90C1DD->891c1cf7-eb5d-4327-8423-159f04f60044: receive RaftClientReply:client-08D30C90C1DD->891c1cf7-eb5d-4327-8423-159f04f60044@group-1A1F4B3A8F4F, cid=45, FAILED org.apache.ratis.protocol.NotLeaderException: Server 891c1cf7-eb5d-4327-8423-159f04f60044 is not the leader (b61b0354-621b-4e20-a68d-2d53fecac27d:192.168.5.185:39516). Request must be sent to leader., logIndex=0, commits[891c1cf7-eb5d-4327-8423-159f04f60044:c8, b61b0354-621b-4e20-a68d-2d53fecac27d:c8, 2e09149d-5559-4fea-b716-0eb93f2cac4a:c8]
2019-09-18 16:26:17,547 | INFO  | SCMAudit | user=jenkins1000 | ip=192.168.5.185 | op=SEND_HEARTBEAT {datanodeUUID=bbe12df8-c2f1-49e2-8ab8-c8f9f8b834ae, command=[]} | ret=SUCCESS |  
2019-09-18 16:26:17,756 | INFO  | SCMAudit | user=jenkins1000 | ip=192.168.5.185 | op=SEND_HEARTBEAT {datanodeUUID=1d911544-627f-4c31-9b8f-a02840ac95b3, command=[]} | ret=SUCCESS |  
2019-09-18 16:26:18,158 | INFO  | SCMAudit | user=jenkins1000 | ip=192.168.5.185 | op=SEND_HEARTBEAT {datanodeUUID=8884bba7-3460-4b10-8d54-dd5499715d80, command=[]} | ret=SUCCESS |  
2019-09-18 16:26:18,210 | INFO  | SCMAudit | user=jenkins1000 | ip=192.168.5.185 | op=SEND_HEARTBEAT {datanodeUUID=b61b0354-621b-4e20-a68d-2d53fecac27d, command=[]} | ret=SUCCESS |  
2019-09-18 16:26:18,244 | INFO  | SCMAudit | user=jenkins1000 | ip=192.168.5.185 | op=SEND_HEARTBEAT {datanodeUUID=891c1cf7-eb5d-4327-8423-159f04f60044, command=[]} | ret=SUCCESS |  
2019-09-18 16:26:18,249 | INFO  | SCMAudit | user=jenkins1000 | ip=192.168.5.185 | op=SEND_HEARTBEAT {datanodeUUID=2e09149d-5559-4fea-b716-0eb93f2cac4a, command=[]} | ret=SUCCESS |  
2019-09-18 16:26:18,372 | INFO  | SCMAudit | user=jenkins1000 | ip=192.168.5.185 | op=SEND_HEARTBEAT {datanodeUUID=8986536d-5b7d-4e16-8929-1d1bb41ad668, command=[]} | ret=SUCCESS |  
2019-09-18 16:26:18,547 | INFO  | SCMAudit | user=jenkins1000 | ip=192.168.5.185 | op=SEND_HEARTBEAT {datanodeUUID=bbe12df8-c2f1-49e2-8ab8-c8f9f8b834ae, command=[]} | ret=SUCCESS |  
2019-09-18 16:26:18,756 | INFO  | SCMAudit | user=jenkins1000 | ip=192.168.5.185 | op=SEND_HEARTBEAT {datanodeUUID=1d911544-627f-4c31-9b8f-a02840ac95b3, command=[]} | ret=SUCCESS |  
2019-09-18 16:26:19,158 | INFO  | SCMAudit | user=jenkins1000 | ip=192.168.5.185 | op=SEND_HEARTBEAT {datanodeUUID=8884bba7-3460-4b10-8d54-dd5499715d80, command=[]} | ret=SUCCESS |  
2019-09-18 16:26:19,211 | INFO  | SCMAudit | user=jenkins1000 | ip=192.168.5.185 | op=SEND_HEARTBEAT {datanodeUUID=b61b0354-621b-4e20-a68d-2d53fecac27d, command=[]} | ret=SUCCESS |  
2019-09-18 16:26:19,245 | INFO  | SCMAudit | user=jenkins1000 | ip=192.168.5.185 | op=SEND_HEARTBEAT {datanodeUUID=891c1cf7-eb5d-4327-8423-159f04f60044, command=[]} | ret=SUCCESS |  
2019-09-18 16:26:19,249 | INFO  | SCMAudit | user=jenkins1000 | ip=192.168.5.185 | op=SEND_HEARTBEAT {datanodeUUID=2e09149d-5559-4fea-b716-0eb93f2cac4a, command=[]} | ret=SUCCESS |  
2019-09-18 16:26:19,372 | INFO  | SCMAudit | user=jenkins1000 | ip=192.168.5.185 | op=SEND_HEARTBEAT {datanodeUUID=8986536d-5b7d-4e16-8929-1d1bb41ad668, command=[]} | ret=SUCCESS |  
2019-09-18 16:26:19,547 | INFO  | SCMAudit | user=jenkins1000 | ip=192.168.5.185 | op=SEND_HEARTBEAT {datanodeUUID=bbe12df8-c2f1-49e2-8ab8-c8f9f8b834ae, command=[]} | ret=SUCCESS |  
2019-09-18 16:26:19,757 | INFO  | SCMAudit | user=jenkins1000 | ip=192.168.5.185 | op=SEND_HEARTBEAT {datanodeUUID=1d911544-627f-4c31-9b8f-a02840ac95b3, command=[]} | ret=SUCCESS |  
2019-09-18 16:26:20,158 | INFO  | SCMAudit | user=jenkins1000 | ip=192.168.5.185 | op=SEND_HEARTBEAT {datanodeUUID=8884bba7-3460-4b10-8d54-dd5499715d80, command=[]} | ret=SUCCESS |  
2019-09-18 16:26:20,211 | INFO  | SCMAudit | user=jenkins1000 | ip=192.168.5.185 | op=SEND_HEARTBEAT {datanodeUUID=b61b0354-621b-4e20-a68d-2d53fecac27d, command=[]} | ret=SUCCESS |  
2019-09-18 16:26:20,244 | INFO  | SCMAudit | user=jenkins1000 | ip=192.168.5.185 | op=SEND_HEARTBEAT {datanodeUUID=891c1cf7-eb5d-4327-8423-159f04f60044, command=[]} | ret=SUCCESS |  
2019-09-18 16:26:20,249 | INFO  | SCMAudit | user=jenkins1000 | ip=192.168.5.185 | op=SEND_HEARTBEAT {datanodeUUID=2e09149d-5559-4fea-b716-0eb93f2cac4a, command=[]} | ret=SUCCESS |  
2019-09-18 16:26:20,373 | INFO  | SCMAudit | user=jenkins1000 | ip=192.168.5.185 | op=SEND_HEARTBEAT {datanodeUUID=8986536d-5b7d-4e16-8929-1d1bb41ad668, command=[]} | ret=SUCCESS |  
2019-09-18 16:26:20,547 | INFO  | SCMAudit | user=jenkins1000 | ip=192.168.5.185 | op=SEND_HEARTBEAT {datanodeUUID=bbe12df8-c2f1-49e2-8ab8-c8f9f8b834ae, command=[]} | ret=SUCCESS |  
2019-09-18 16:26:20,757 | INFO  | SCMAudit | user=jenkins1000 | ip=192.168.5.185 | op=SEND_HEARTBEAT {datanodeUUID=1d911544-627f-4c31-9b8f-a02840ac95b3, command=[]} | ret=SUCCESS |  
2019-09-18 16:26:21,158 | INFO  | SCMAudit | user=jenkins1000 | ip=192.168.5.185 | op=SEND_HEARTBEAT {datanodeUUID=8884bba7-3460-4b10-8d54-dd5499715d80, command=[]} | ret=SUCCESS |  
2019-09-18 16:26:21,212 | INFO  | SCMAudit | user=jenkins1000 | ip=192.168.5.185 | op=SEND_HEARTBEAT {datanodeUUID=b61b0354-621b-4e20-a68d-2d53fecac27d, command=[]} | ret=SUCCESS |  
2019-09-18 16:26:21,244 | INFO  | SCMAudit | user=jenkins1000 | ip=192.168.5.185 | op=SEND_HEARTBEAT {datanodeUUID=891c1cf7-eb5d-4327-8423-159f04f60044, command=[]} | ret=SUCCESS |  
2019-09-18 16:26:21,249 | INFO  | SCMAudit | user=jenkins1000 | ip=192.168.5.185 | op=SEND_HEARTBEAT {datanodeUUID=2e09149d-5559-4fea-b716-0eb93f2cac4a, command=[]} | ret=SUCCESS |  
2019-09-18 16:26:21,372 | INFO  | SCMAudit | user=jenkins1000 | ip=192.168.5.185 | op=SEND_HEARTBEAT {datanodeUUID=8986536d-5b7d-4e16-8929-1d1bb41ad668, command=[]} | ret=SUCCESS |  
2019-09-18 16:26:21,547 | INFO  | SCMAudit | user=jenkins1000 | ip=192.168.5.185 | op=SEND_HEARTBEAT {datanodeUUID=bbe12df8-c2f1-49e2-8ab8-c8f9f8b834ae, command=[]} | ret=SUCCESS |  
2019-09-18 16:26:21,757 | INFO  | SCMAudit | user=jenkins1000 | ip=192.168.5.185 | op=SEND_HEARTBEAT {datanodeUUID=1d911544-627f-4c31-9b8f-a02840ac95b3, command=[]} | ret=SUCCESS |  
2019-09-18 16:26:22,158 | INFO  | SCMAudit | user=jenkins1000 | ip=192.168.5.185 | op=SEND_HEARTBEAT {datanodeUUID=8884bba7-3460-4b10-8d54-dd5499715d80, command=[]} | ret=SUCCESS |  
2019-09-18 16:26:22,211 | INFO  | SCMAudit | user=jenkins1000 | ip=192.168.5.185 | op=SEND_HEARTBEAT {datanodeUUID=b61b0354-621b-4e20-a68d-2d53fecac27d, command=[]} | ret=SUCCESS |  
2019-09-18 16:26:22,244 | INFO  | SCMAudit | user=jenkins1000 | ip=192.168.5.185 | op=SEND_HEARTBEAT {datanodeUUID=891c1cf7-eb5d-4327-8423-159f04f60044, command=[]} | ret=SUCCESS |  
2019-09-18 16:26:22,249 | INFO  | SCMAudit | user=jenkins1000 | ip=192.168.5.185 | op=SEND_HEARTBEAT {datanodeUUID=2e09149d-5559-4fea-b716-0eb93f2cac4a, command=[]} | ret=SUCCESS |  
2019-09-18 16:26:22,373 | INFO  | SCMAudit | user=jenkins1000 | ip=192.168.5.185 | op=SEND_HEARTBEAT {datanodeUUID=8986536d-5b7d-4e16-8929-1d1bb41ad668, command=[]} | ret=SUCCESS |  
2019-09-18 16:26:22,519 [grpc-default-executor-8] INFO  client.GrpcClientProtocolClient (GrpcClientProtocolClient.java:onNext(255)) - client-08D30C90C1DD->2e09149d-5559-4fea-b716-0eb93f2cac4a: receive RaftClientReply:client-08D30C90C1DD->2e09149d-5559-4fea-b716-0eb93f2cac4a@group-1A1F4B3A8F4F, cid=45, FAILED org.apache.ratis.protocol.NotLeaderException: Server 2e09149d-5559-4fea-b716-0eb93f2cac4a is not the leader (b61b0354-621b-4e20-a68d-2d53fecac27d:192.168.5.185:39516). Request must be sent to leader., logIndex=0, commits[2e09149d-5559-4fea-b716-0eb93f2cac4a:c8, b61b0354-621b-4e20-a68d-2d53fecac27d:c8, 891c1cf7-eb5d-4327-8423-159f04f60044:c8]
2019-09-18 16:26:22,547 | INFO  | SCMAudit | user=jenkins1000 | ip=192.168.5.185 | op=SEND_HEARTBEAT {datanodeUUID=bbe12df8-c2f1-49e2-8ab8-c8f9f8b834ae, command=[]} | ret=SUCCESS |  
2019-09-18 16:26:22,757 | INFO  | SCMAudit | user=jenkins1000 | ip=192.168.5.185 | op=SEND_HEARTBEAT {datanodeUUID=1d911544-627f-4c31-9b8f-a02840ac95b3, command=[]} | ret=SUCCESS |  
2019-09-18 16:26:23,159 | INFO  | SCMAudit | user=jenkins1000 | ip=192.168.5.185 | op=SEND_HEARTBEAT {datanodeUUID=8884bba7-3460-4b10-8d54-dd5499715d80, command=[]} | ret=SUCCESS |  
2019-09-18 16:26:23,212 | INFO  | SCMAudit | user=jenkins1000 | ip=192.168.5.185 | op=SEND_HEARTBEAT {datanodeUUID=b61b0354-621b-4e20-a68d-2d53fecac27d, command=[]} | ret=SUCCESS |  
2019-09-18 16:26:23,245 | INFO  | SCMAudit | user=jenkins1000 | ip=192.168.5.185 | op=SEND_HEARTBEAT {datanodeUUID=891c1cf7-eb5d-4327-8423-159f04f60044, command=[]} | ret=SUCCESS |  
2019-09-18 16:26:23,249 | INFO  | SCMAudit | user=jenkins1000 | ip=192.168.5.185 | op=SEND_HEARTBEAT {datanodeUUID=2e09149d-5559-4fea-b716-0eb93f2cac4a, command=[]} | ret=SUCCESS |  
2019-09-18 16:26:23,372 | INFO  | SCMAudit | user=jenkins1000 | ip=192.168.5.185 | op=SEND_HEARTBEAT {datanodeUUID=8986536d-5b7d-4e16-8929-1d1bb41ad668, command=[]} | ret=SUCCESS |  
2019-09-18 16:26:23,547 | INFO  | SCMAudit | user=jenkins1000 | ip=192.168.5.185 | op=SEND_HEARTBEAT {datanodeUUID=bbe12df8-c2f1-49e2-8ab8-c8f9f8b834ae, command=[]} | ret=SUCCESS |  
2019-09-18 16:26:23,757 | INFO  | SCMAudit | user=jenkins1000 | ip=192.168.5.185 | op=SEND_HEARTBEAT {datanodeUUID=1d911544-627f-4c31-9b8f-a02840ac95b3, command=[]} | ret=SUCCESS |  
2019-09-18 16:26:24,159 | INFO  | SCMAudit | user=jenkins1000 | ip=192.168.5.185 | op=SEND_HEARTBEAT {datanodeUUID=8884bba7-3460-4b10-8d54-dd5499715d80, command=[]} | ret=SUCCESS |  
2019-09-18 16:26:24,211 | INFO  | SCMAudit | user=jenkins1000 | ip=192.168.5.185 | op=SEND_HEARTBEAT {datanodeUUID=b61b0354-621b-4e20-a68d-2d53fecac27d, command=[]} | ret=SUCCESS |  
2019-09-18 16:26:24,245 | INFO  | SCMAudit | user=jenkins1000 | ip=192.168.5.185 | op=SEND_HEARTBEAT {datanodeUUID=891c1cf7-eb5d-4327-8423-159f04f60044, command=[]} | ret=SUCCESS |  
2019-09-18 16:26:24,249 | INFO  | SCMAudit | user=jenkins1000 | ip=192.168.5.185 | op=SEND_HEARTBEAT {datanodeUUID=2e09149d-5559-4fea-b716-0eb93f2cac4a, command=[]} | ret=SUCCESS |  
2019-09-18 16:26:24,372 | INFO  | SCMAudit | user=jenkins1000 | ip=192.168.5.185 | op=SEND_HEARTBEAT {datanodeUUID=8986536d-5b7d-4e16-8929-1d1bb41ad668, command=[]} | ret=SUCCESS |  
2019-09-18 16:26:24,547 | INFO  | SCMAudit | user=jenkins1000 | ip=192.168.5.185 | op=SEND_HEARTBEAT {datanodeUUID=bbe12df8-c2f1-49e2-8ab8-c8f9f8b834ae, command=[]} | ret=SUCCESS |  
2019-09-18 16:26:24,757 | INFO  | SCMAudit | user=jenkins1000 | ip=192.168.5.185 | op=SEND_HEARTBEAT {datanodeUUID=1d911544-627f-4c31-9b8f-a02840ac95b3, command=[]} | ret=SUCCESS |  
2019-09-18 16:26:25,158 | INFO  | SCMAudit | user=jenkins1000 | ip=192.168.5.185 | op=SEND_HEARTBEAT {datanodeUUID=8884bba7-3460-4b10-8d54-dd5499715d80, command=[]} | ret=SUCCESS |  
2019-09-18 16:26:25,212 | INFO  | SCMAudit | user=jenkins1000 | ip=192.168.5.185 | op=SEND_HEARTBEAT {datanodeUUID=b61b0354-621b-4e20-a68d-2d53fecac27d, command=[]} | ret=SUCCESS |  
2019-09-18 16:26:25,245 | INFO  | SCMAudit | user=jenkins1000 | ip=192.168.5.185 | op=SEND_HEARTBEAT {datanodeUUID=891c1cf7-eb5d-4327-8423-159f04f60044, command=[]} | ret=SUCCESS |  
2019-09-18 16:26:25,249 | INFO  | SCMAudit | user=jenkins1000 | ip=192.168.5.185 | op=SEND_HEARTBEAT {datanodeUUID=2e09149d-5559-4fea-b716-0eb93f2cac4a, command=[]} | ret=SUCCESS |  
2019-09-18 16:26:25,372 | INFO  | SCMAudit | user=jenkins1000 | ip=192.168.5.185 | op=SEND_HEARTBEAT {datanodeUUID=8986536d-5b7d-4e16-8929-1d1bb41ad668, command=[]} | ret=SUCCESS |  
2019-09-18 16:26:25,548 | INFO  | SCMAudit | user=jenkins1000 | ip=192.168.5.185 | op=SEND_HEARTBEAT {datanodeUUID=bbe12df8-c2f1-49e2-8ab8-c8f9f8b834ae, command=[]} | ret=SUCCESS |  
2019-09-18 16:26:25,757 | INFO  | SCMAudit | user=jenkins1000 | ip=192.168.5.185 | op=SEND_HEARTBEAT {datanodeUUID=1d911544-627f-4c31-9b8f-a02840ac95b3, command=[]} | ret=SUCCESS |  
2019-09-18 16:26:26,159 | INFO  | SCMAudit | user=jenkins1000 | ip=192.168.5.185 | op=SEND_HEARTBEAT {datanodeUUID=8884bba7-3460-4b10-8d54-dd5499715d80, command=[]} | ret=SUCCESS |  
2019-09-18 16:26:26,212 | INFO  | SCMAudit | user=jenkins1000 | ip=192.168.5.185 | op=SEND_HEARTBEAT {datanodeUUID=b61b0354-621b-4e20-a68d-2d53fecac27d, command=[]} | ret=SUCCESS |  
2019-09-18 16:26:26,245 | INFO  | SCMAudit | user=jenkins1000 | ip=192.168.5.185 | op=SEND_HEARTBEAT {datanodeUUID=891c1cf7-eb5d-4327-8423-159f04f60044, command=[]} | ret=SUCCESS |  
2019-09-18 16:26:26,249 | INFO  | SCMAudit | user=jenkins1000 | ip=192.168.5.185 | op=SEND_HEARTBEAT {datanodeUUID=2e09149d-5559-4fea-b716-0eb93f2cac4a, command=[]} | ret=SUCCESS |  
2019-09-18 16:26:26,372 | INFO  | SCMAudit | user=jenkins1000 | ip=192.168.5.185 | op=SEND_HEARTBEAT {datanodeUUID=8986536d-5b7d-4e16-8929-1d1bb41ad668, command=[]} | ret=SUCCESS |  
2019-09-18 16:26:26,557 | INFO  | SCMAudit | user=jenkins1000 | ip=192.168.5.185 | op=SEND_HEARTBEAT {datanodeUUID=bbe12df8-c2f1-49e2-8ab8-c8f9f8b834ae, command=[]} | ret=SUCCESS |  
2019-09-18 16:26:26,758 | INFO  | SCMAudit | user=jenkins1000 | ip=192.168.5.185 | op=SEND_HEARTBEAT {datanodeUUID=1d911544-627f-4c31-9b8f-a02840ac95b3, command=[]} | ret=SUCCESS |  
2019-09-18 16:26:27,159 | INFO  | SCMAudit | user=jenkins1000 | ip=192.168.5.185 | op=SEND_HEARTBEAT {datanodeUUID=8884bba7-3460-4b10-8d54-dd5499715d80, command=[]} | ret=SUCCESS |  
2019-09-18 16:26:27,212 | INFO  | SCMAudit | user=jenkins1000 | ip=192.168.5.185 | op=SEND_HEARTBEAT {datanodeUUID=b61b0354-621b-4e20-a68d-2d53fecac27d, command=[]} | ret=SUCCESS |  
2019-09-18 16:26:27,245 | INFO  | SCMAudit | user=jenkins1000 | ip=192.168.5.185 | op=SEND_HEARTBEAT {datanodeUUID=891c1cf7-eb5d-4327-8423-159f04f60044, command=[]} | ret=SUCCESS |  
2019-09-18 16:26:27,249 | INFO  | SCMAudit | user=jenkins1000 | ip=192.168.5.185 | op=SEND_HEARTBEAT {datanodeUUID=2e09149d-5559-4fea-b716-0eb93f2cac4a, command=[]} | ret=SUCCESS |  
2019-09-18 16:26:27,372 | INFO  | SCMAudit | user=jenkins1000 | ip=192.168.5.185 | op=SEND_HEARTBEAT {datanodeUUID=8986536d-5b7d-4e16-8929-1d1bb41ad668, command=[]} | ret=SUCCESS |  
2019-09-18 16:26:27,549 | INFO  | SCMAudit | user=jenkins1000 | ip=192.168.5.185 | op=SEND_HEARTBEAT {datanodeUUID=bbe12df8-c2f1-49e2-8ab8-c8f9f8b834ae, command=[]} | ret=SUCCESS |  
2019-09-18 16:26:27,579 [grpc-default-executor-1] INFO  client.GrpcClientProtocolClient (GrpcClientProtocolClient.java:onNext(255)) - client-08D30C90C1DD->891c1cf7-eb5d-4327-8423-159f04f60044: receive RaftClientReply:client-08D30C90C1DD->891c1cf7-eb5d-4327-8423-159f04f60044@group-1A1F4B3A8F4F, cid=45, FAILED org.apache.ratis.protocol.NotLeaderException: Server 891c1cf7-eb5d-4327-8423-159f04f60044 is not the leader (b61b0354-621b-4e20-a68d-2d53fecac27d:192.168.5.185:39516). Request must be sent to leader., logIndex=0, commits[891c1cf7-eb5d-4327-8423-159f04f60044:c8, b61b0354-621b-4e20-a68d-2d53fecac27d:c8, 2e09149d-5559-4fea-b716-0eb93f2cac4a:c8]
2019-09-18 16:26:27,758 | INFO  | SCMAudit | user=jenkins1000 | ip=192.168.5.185 | op=SEND_HEARTBEAT {datanodeUUID=1d911544-627f-4c31-9b8f-a02840ac95b3, command=[]} | ret=SUCCESS |  
2019-09-18 16:26:28,160 | INFO  | SCMAudit | user=jenkins1000 | ip=192.168.5.185 | op=SEND_HEARTBEAT {datanodeUUID=8884bba7-3460-4b10-8d54-dd5499715d80, command=[]} | ret=SUCCESS |  
2019-09-18 16:26:28,212 | INFO  | SCMAudit | user=jenkins1000 | ip=192.168.5.185 | op=SEND_HEARTBEAT {datanodeUUID=b61b0354-621b-4e20-a68d-2d53fecac27d, command=[]} | ret=SUCCESS |  
2019-09-18 16:26:28,245 | INFO  | SCMAudit | user=jenkins1000 | ip=192.168.5.185 | op=SEND_HEARTBEAT {datanodeUUID=891c1cf7-eb5d-4327-8423-159f04f60044, command=[]} | ret=SUCCESS |  
2019-09-18 16:26:28,249 | INFO  | SCMAudit | user=jenkins1000 | ip=192.168.5.185 | op=SEND_HEARTBEAT {datanodeUUID=2e09149d-5559-4fea-b716-0eb93f2cac4a, command=[]} | ret=SUCCESS |  
2019-09-18 16:26:28,372 | INFO  | SCMAudit | user=jenkins1000 | ip=192.168.5.185 | op=SEND_HEARTBEAT {datanodeUUID=8986536d-5b7d-4e16-8929-1d1bb41ad668, command=[]} | ret=SUCCESS |  
2019-09-18 16:26:28,550 | INFO  | SCMAudit | user=jenkins1000 | ip=192.168.5.185 | op=SEND_HEARTBEAT {datanodeUUID=bbe12df8-c2f1-49e2-8ab8-c8f9f8b834ae, command=[]} | ret=SUCCESS |  
2019-09-18 16:26:28,758 | INFO  | SCMAudit | user=jenkins1000 | ip=192.168.5.185 | op=SEND_HEARTBEAT {datanodeUUID=1d911544-627f-4c31-9b8f-a02840ac95b3, command=[]} | ret=SUCCESS |  
2019-09-18 16:26:29,159 | INFO  | SCMAudit | user=jenkins1000 | ip=192.168.5.185 | op=SEND_HEARTBEAT {datanodeUUID=8884bba7-3460-4b10-8d54-dd5499715d80, command=[]} | ret=SUCCESS |  
2019-09-18 16:26:29,213 | INFO  | SCMAudit | user=jenkins1000 | ip=192.168.5.185 | op=SEND_HEARTBEAT {datanodeUUID=b61b0354-621b-4e20-a68d-2d53fecac27d, command=[]} | ret=SUCCESS |  
2019-09-18 16:26:29,246 | INFO  | SCMAudit | user=jenkins1000 | ip=192.168.5.185 | op=SEND_HEARTBEAT {datanodeUUID=891c1cf7-eb5d-4327-8423-159f04f60044, command=[]} | ret=SUCCESS |  
2019-09-18 16:26:29,249 | INFO  | SCMAudit | user=jenkins1000 | ip=192.168.5.185 | op=SEND_HEARTBEAT {datanodeUUID=2e09149d-5559-4fea-b716-0eb93f2cac4a, command=[]} | ret=SUCCESS |  
2019-09-18 16:26:29,373 | INFO  | SCMAudit | user=jenkins1000 | ip=192.168.5.185 | op=SEND_HEARTBEAT {datanodeUUID=8986536d-5b7d-4e16-8929-1d1bb41ad668, command=[]} | ret=SUCCESS |  
2019-09-18 16:26:29,549 | INFO  | SCMAudit | user=jenkins1000 | ip=192.168.5.185 | op=SEND_HEARTBEAT {datanodeUUID=bbe12df8-c2f1-49e2-8ab8-c8f9f8b834ae, command=[]} | ret=SUCCESS |  
2019-09-18 16:26:29,758 | INFO  | SCMAudit | user=jenkins1000 | ip=192.168.5.185 | op=SEND_HEARTBEAT {datanodeUUID=1d911544-627f-4c31-9b8f-a02840ac95b3, command=[]} | ret=SUCCESS |  
2019-09-18 16:26:30,160 | INFO  | SCMAudit | user=jenkins1000 | ip=192.168.5.185 | op=SEND_HEARTBEAT {datanodeUUID=8884bba7-3460-4b10-8d54-dd5499715d80, command=[]} | ret=SUCCESS |  
2019-09-18 16:26:30,212 | INFO  | SCMAudit | user=jenkins1000 | ip=192.168.5.185 | op=SEND_HEARTBEAT {datanodeUUID=b61b0354-621b-4e20-a68d-2d53fecac27d, command=[]} | ret=SUCCESS |  
2019-09-18 16:26:30,245 | INFO  | SCMAudit | user=jenkins1000 | ip=192.168.5.185 | op=SEND_HEARTBEAT {datanodeUUID=891c1cf7-eb5d-4327-8423-159f04f60044, command=[]} | ret=SUCCESS |  
2019-09-18 16:26:30,249 | INFO  | SCMAudit | user=jenkins1000 | ip=192.168.5.185 | op=SEND_HEARTBEAT {datanodeUUID=2e09149d-5559-4fea-b716-0eb93f2cac4a, command=[]} | ret=SUCCESS |  
2019-09-18 16:26:30,373 | INFO  | SCMAudit | user=jenkins1000 | ip=192.168.5.185 | op=SEND_HEARTBEAT {datanodeUUID=8986536d-5b7d-4e16-8929-1d1bb41ad668, command=[]} | ret=SUCCESS |  
2019-09-18 16:26:30,549 | INFO  | SCMAudit | user=jenkins1000 | ip=192.168.5.185 | op=SEND_HEARTBEAT {datanodeUUID=bbe12df8-c2f1-49e2-8ab8-c8f9f8b834ae, command=[]} | ret=SUCCESS |  
2019-09-18 16:26:30,759 | INFO  | SCMAudit | user=jenkins1000 | ip=192.168.5.185 | op=SEND_HEARTBEAT {datanodeUUID=1d911544-627f-4c31-9b8f-a02840ac95b3, command=[]} | ret=SUCCESS |  
2019-09-18 16:26:31,159 | INFO  | SCMAudit | user=jenkins1000 | ip=192.168.5.185 | op=SEND_HEARTBEAT {datanodeUUID=8884bba7-3460-4b10-8d54-dd5499715d80, command=[]} | ret=SUCCESS |  
2019-09-18 16:26:31,212 | INFO  | SCMAudit | user=jenkins1000 | ip=192.168.5.185 | op=SEND_HEARTBEAT {datanodeUUID=b61b0354-621b-4e20-a68d-2d53fecac27d, command=[]} | ret=SUCCESS |  
2019-09-18 16:26:31,245 | INFO  | SCMAudit | user=jenkins1000 | ip=192.168.5.185 | op=SEND_HEARTBEAT {datanodeUUID=891c1cf7-eb5d-4327-8423-159f04f60044, command=[]} | ret=SUCCESS |  
2019-09-18 16:26:31,249 | INFO  | SCMAudit | user=jenkins1000 | ip=192.168.5.185 | op=SEND_HEARTBEAT {datanodeUUID=2e09149d-5559-4fea-b716-0eb93f2cac4a, command=[]} | ret=SUCCESS |  
2019-09-18 16:26:31,373 | INFO  | SCMAudit | user=jenkins1000 | ip=192.168.5.185 | op=SEND_HEARTBEAT {datanodeUUID=8986536d-5b7d-4e16-8929-1d1bb41ad668, command=[]} | ret=SUCCESS |  
2019-09-18 16:26:31,550 | INFO  | SCMAudit | user=jenkins1000 | ip=192.168.5.185 | op=SEND_HEARTBEAT {datanodeUUID=bbe12df8-c2f1-49e2-8ab8-c8f9f8b834ae, command=[]} | ret=SUCCESS |  
2019-09-18 16:26:31,759 | INFO  | SCMAudit | user=jenkins1000 | ip=192.168.5.185 | op=SEND_HEARTBEAT {datanodeUUID=1d911544-627f-4c31-9b8f-a02840ac95b3, command=[]} | ret=SUCCESS |  
2019-09-18 16:26:32,160 | INFO  | SCMAudit | user=jenkins1000 | ip=192.168.5.185 | op=SEND_HEARTBEAT {datanodeUUID=8884bba7-3460-4b10-8d54-dd5499715d80, command=[]} | ret=SUCCESS |  
2019-09-18 16:26:32,212 | INFO  | SCMAudit | user=jenkins1000 | ip=192.168.5.185 | op=SEND_HEARTBEAT {datanodeUUID=b61b0354-621b-4e20-a68d-2d53fecac27d, command=[]} | ret=SUCCESS |  
2019-09-18 16:26:32,245 | INFO  | SCMAudit | user=jenkins1000 | ip=192.168.5.185 | op=SEND_HEARTBEAT {datanodeUUID=891c1cf7-eb5d-4327-8423-159f04f60044, command=[]} | ret=SUCCESS |  
2019-09-18 16:26:32,249 | INFO  | SCMAudit | user=jenkins1000 | ip=192.168.5.185 | op=SEND_HEARTBEAT {datanodeUUID=2e09149d-5559-4fea-b716-0eb93f2cac4a, command=[]} | ret=SUCCESS |  
2019-09-18 16:26:32,373 | INFO  | SCMAudit | user=jenkins1000 | ip=192.168.5.185 | op=SEND_HEARTBEAT {datanodeUUID=8986536d-5b7d-4e16-8929-1d1bb41ad668, command=[]} | ret=SUCCESS |  
2019-09-18 16:26:32,550 | INFO  | SCMAudit | user=jenkins1000 | ip=192.168.5.185 | op=SEND_HEARTBEAT {datanodeUUID=bbe12df8-c2f1-49e2-8ab8-c8f9f8b834ae, command=[]} | ret=SUCCESS |  
2019-09-18 16:26:32,620 [grpc-default-executor-1] INFO  client.GrpcClientProtocolClient (GrpcClientProtocolClient.java:onNext(255)) - client-08D30C90C1DD->891c1cf7-eb5d-4327-8423-159f04f60044: receive RaftClientReply:client-08D30C90C1DD->891c1cf7-eb5d-4327-8423-159f04f60044@group-1A1F4B3A8F4F, cid=45, FAILED org.apache.ratis.protocol.NotLeaderException: Server 891c1cf7-eb5d-4327-8423-159f04f60044 is not the leader (b61b0354-621b-4e20-a68d-2d53fecac27d:192.168.5.185:39516). Request must be sent to leader., logIndex=0, commits[891c1cf7-eb5d-4327-8423-159f04f60044:c8, b61b0354-621b-4e20-a68d-2d53fecac27d:c8, 2e09149d-5559-4fea-b716-0eb93f2cac4a:c8]
2019-09-18 16:26:32,760 | INFO  | SCMAudit | user=jenkins1000 | ip=192.168.5.185 | op=SEND_HEARTBEAT {datanodeUUID=1d911544-627f-4c31-9b8f-a02840ac95b3, command=[]} | ret=SUCCESS |  
2019-09-18 16:26:33,160 | INFO  | SCMAudit | user=jenkins1000 | ip=192.168.5.185 | op=SEND_HEARTBEAT {datanodeUUID=8884bba7-3460-4b10-8d54-dd5499715d80, command=[]} | ret=SUCCESS |  
2019-09-18 16:26:33,213 | INFO  | SCMAudit | user=jenkins1000 | ip=192.168.5.185 | op=SEND_HEARTBEAT {datanodeUUID=b61b0354-621b-4e20-a68d-2d53fecac27d, command=[]} | ret=SUCCESS |  
2019-09-18 16:26:33,245 | INFO  | SCMAudit | user=jenkins1000 | ip=192.168.5.185 | op=SEND_HEARTBEAT {datanodeUUID=891c1cf7-eb5d-4327-8423-159f04f60044, command=[]} | ret=SUCCESS |  
2019-09-18 16:26:33,249 | INFO  | SCMAudit | user=jenkins1000 | ip=192.168.5.185 | op=SEND_HEARTBEAT {datanodeUUID=2e09149d-5559-4fea-b716-0eb93f2cac4a, command=[]} | ret=SUCCESS |  
2019-09-18 16:26:33,373 | INFO  | SCMAudit | user=jenkins1000 | ip=192.168.5.185 | op=SEND_HEARTBEAT {datanodeUUID=8986536d-5b7d-4e16-8929-1d1bb41ad668, command=[]} | ret=SUCCESS |  
2019-09-18 16:26:33,550 | INFO  | SCMAudit | user=jenkins1000 | ip=192.168.5.185 | op=SEND_HEARTBEAT {datanodeUUID=bbe12df8-c2f1-49e2-8ab8-c8f9f8b834ae, command=[]} | ret=SUCCESS |  
2019-09-18 16:26:33,759 | INFO  | SCMAudit | user=jenkins1000 | ip=192.168.5.185 | op=SEND_HEARTBEAT {datanodeUUID=1d911544-627f-4c31-9b8f-a02840ac95b3, command=[]} | ret=SUCCESS |  
2019-09-18 16:26:34,160 | INFO  | SCMAudit | user=jenkins1000 | ip=192.168.5.185 | op=SEND_HEARTBEAT {datanodeUUID=8884bba7-3460-4b10-8d54-dd5499715d80, command=[]} | ret=SUCCESS |  
2019-09-18 16:26:34,213 | INFO  | SCMAudit | user=jenkins1000 | ip=192.168.5.185 | op=SEND_HEARTBEAT {datanodeUUID=b61b0354-621b-4e20-a68d-2d53fecac27d, command=[]} | ret=SUCCESS |  
2019-09-18 16:26:34,245 | INFO  | SCMAudit | user=jenkins1000 | ip=192.168.5.185 | op=SEND_HEARTBEAT {datanodeUUID=891c1cf7-eb5d-4327-8423-159f04f60044, command=[]} | ret=SUCCESS |  
2019-09-18 16:26:34,249 | INFO  | SCMAudit | user=jenkins1000 | ip=192.168.5.185 | op=SEND_HEARTBEAT {datanodeUUID=2e09149d-5559-4fea-b716-0eb93f2cac4a, command=[]} | ret=SUCCESS |  
2019-09-18 16:26:34,373 | INFO  | SCMAudit | user=jenkins1000 | ip=192.168.5.185 | op=SEND_HEARTBEAT {datanodeUUID=8986536d-5b7d-4e16-8929-1d1bb41ad668, command=[]} | ret=SUCCESS |  
2019-09-18 16:26:34,550 | INFO  | SCMAudit | user=jenkins1000 | ip=192.168.5.185 | op=SEND_HEARTBEAT {datanodeUUID=bbe12df8-c2f1-49e2-8ab8-c8f9f8b834ae, command=[]} | ret=SUCCESS |  
2019-09-18 16:26:34,759 | INFO  | SCMAudit | user=jenkins1000 | ip=192.168.5.185 | op=SEND_HEARTBEAT {datanodeUUID=1d911544-627f-4c31-9b8f-a02840ac95b3, command=[]} | ret=SUCCESS |  
2019-09-18 16:26:35,160 | INFO  | SCMAudit | user=jenkins1000 | ip=192.168.5.185 | op=SEND_HEARTBEAT {datanodeUUID=8884bba7-3460-4b10-8d54-dd5499715d80, command=[]} | ret=SUCCESS |  
2019-09-18 16:26:35,214 | INFO  | SCMAudit | user=jenkins1000 | ip=192.168.5.185 | op=SEND_HEARTBEAT {datanodeUUID=b61b0354-621b-4e20-a68d-2d53fecac27d, command=[]} | ret=SUCCESS |  
2019-09-18 16:26:35,247 | INFO  | SCMAudit | user=jenkins1000 | ip=192.168.5.185 | op=SEND_HEARTBEAT {datanodeUUID=891c1cf7-eb5d-4327-8423-159f04f60044, command=[]} | ret=SUCCESS |  
2019-09-18 16:26:35,249 | INFO  | SCMAudit | user=jenkins1000 | ip=192.168.5.185 | op=SEND_HEARTBEAT {datanodeUUID=2e09149d-5559-4fea-b716-0eb93f2cac4a, command=[]} | ret=SUCCESS |  
2019-09-18 16:26:35,373 | INFO  | SCMAudit | user=jenkins1000 | ip=192.168.5.185 | op=SEND_HEARTBEAT {datanodeUUID=8986536d-5b7d-4e16-8929-1d1bb41ad668, command=[]} | ret=SUCCESS |  
2019-09-18 16:26:35,550 | INFO  | SCMAudit | user=jenkins1000 | ip=192.168.5.185 | op=SEND_HEARTBEAT {datanodeUUID=bbe12df8-c2f1-49e2-8ab8-c8f9f8b834ae, command=[]} | ret=SUCCESS |  
2019-09-18 16:26:35,760 | INFO  | SCMAudit | user=jenkins1000 | ip=192.168.5.185 | op=SEND_HEARTBEAT {datanodeUUID=1d911544-627f-4c31-9b8f-a02840ac95b3, command=[]} | ret=SUCCESS |  
2019-09-18 16:26:36,160 | INFO  | SCMAudit | user=jenkins1000 | ip=192.168.5.185 | op=SEND_HEARTBEAT {datanodeUUID=8884bba7-3460-4b10-8d54-dd5499715d80, command=[]} | ret=SUCCESS |  
2019-09-18 16:26:36,213 | INFO  | SCMAudit | user=jenkins1000 | ip=192.168.5.185 | op=SEND_HEARTBEAT {datanodeUUID=b61b0354-621b-4e20-a68d-2d53fecac27d, command=[]} | ret=SUCCESS |  
2019-09-18 16:26:36,247 | INFO  | SCMAudit | user=jenkins1000 | ip=192.168.5.185 | op=SEND_HEARTBEAT {datanodeUUID=891c1cf7-eb5d-4327-8423-159f04f60044, command=[]} | ret=SUCCESS |  
2019-09-18 16:26:36,249 | INFO  | SCMAudit | user=jenkins1000 | ip=192.168.5.185 | op=SEND_HEARTBEAT {datanodeUUID=2e09149d-5559-4fea-b716-0eb93f2cac4a, command=[]} | ret=SUCCESS |  
2019-09-18 16:26:36,373 | INFO  | SCMAudit | user=jenkins1000 | ip=192.168.5.185 | op=SEND_HEARTBEAT {datanodeUUID=8986536d-5b7d-4e16-8929-1d1bb41ad668, command=[]} | ret=SUCCESS |  
2019-09-18 16:26:36,550 | INFO  | SCMAudit | user=jenkins1000 | ip=192.168.5.185 | op=SEND_HEARTBEAT {datanodeUUID=bbe12df8-c2f1-49e2-8ab8-c8f9f8b834ae, command=[]} | ret=SUCCESS |  
2019-09-18 16:26:36,760 | INFO  | SCMAudit | user=jenkins1000 | ip=192.168.5.185 | op=SEND_HEARTBEAT {datanodeUUID=1d911544-627f-4c31-9b8f-a02840ac95b3, command=[]} | ret=SUCCESS |  
2019-09-18 16:26:37,160 | INFO  | SCMAudit | user=jenkins1000 | ip=192.168.5.185 | op=SEND_HEARTBEAT {datanodeUUID=8884bba7-3460-4b10-8d54-dd5499715d80, command=[]} | ret=SUCCESS |  
2019-09-18 16:26:37,214 | INFO  | SCMAudit | user=jenkins1000 | ip=192.168.5.185 | op=SEND_HEARTBEAT {datanodeUUID=b61b0354-621b-4e20-a68d-2d53fecac27d, command=[]} | ret=SUCCESS |  
2019-09-18 16:26:37,247 | INFO  | SCMAudit | user=jenkins1000 | ip=192.168.5.185 | op=SEND_HEARTBEAT {datanodeUUID=891c1cf7-eb5d-4327-8423-159f04f60044, command=[]} | ret=SUCCESS |  
2019-09-18 16:26:37,249 | INFO  | SCMAudit | user=jenkins1000 | ip=192.168.5.185 | op=SEND_HEARTBEAT {datanodeUUID=2e09149d-5559-4fea-b716-0eb93f2cac4a, command=[]} | ret=SUCCESS |  
2019-09-18 16:26:37,373 | INFO  | SCMAudit | user=jenkins1000 | ip=192.168.5.185 | op=SEND_HEARTBEAT {datanodeUUID=8986536d-5b7d-4e16-8929-1d1bb41ad668, command=[]} | ret=SUCCESS |  
2019-09-18 16:26:37,551 | INFO  | SCMAudit | user=jenkins1000 | ip=192.168.5.185 | op=SEND_HEARTBEAT {datanodeUUID=bbe12df8-c2f1-49e2-8ab8-c8f9f8b834ae, command=[]} | ret=SUCCESS |  
2019-09-18 16:26:37,661 [grpc-default-executor-1] INFO  client.GrpcClientProtocolClient (GrpcClientProtocolClient.java:onNext(255)) - client-08D30C90C1DD->891c1cf7-eb5d-4327-8423-159f04f60044: receive RaftClientReply:client-08D30C90C1DD->891c1cf7-eb5d-4327-8423-159f04f60044@group-1A1F4B3A8F4F, cid=45, FAILED org.apache.ratis.protocol.NotLeaderException: Server 891c1cf7-eb5d-4327-8423-159f04f60044 is not the leader (b61b0354-621b-4e20-a68d-2d53fecac27d:192.168.5.185:39516). Request must be sent to leader., logIndex=0, commits[891c1cf7-eb5d-4327-8423-159f04f60044:c8, b61b0354-621b-4e20-a68d-2d53fecac27d:c8, 2e09149d-5559-4fea-b716-0eb93f2cac4a:c8]
2019-09-18 16:26:37,760 | INFO  | SCMAudit | user=jenkins1000 | ip=192.168.5.185 | op=SEND_HEARTBEAT {datanodeUUID=1d911544-627f-4c31-9b8f-a02840ac95b3, command=[]} | ret=SUCCESS |  
2019-09-18 16:26:38,160 | INFO  | SCMAudit | user=jenkins1000 | ip=192.168.5.185 | op=SEND_HEARTBEAT {datanodeUUID=8884bba7-3460-4b10-8d54-dd5499715d80, command=[]} | ret=SUCCESS |  
2019-09-18 16:26:38,213 | INFO  | SCMAudit | user=jenkins1000 | ip=192.168.5.185 | op=SEND_HEARTBEAT {datanodeUUID=b61b0354-621b-4e20-a68d-2d53fecac27d, command=[]} | ret=SUCCESS |  
2019-09-18 16:26:38,247 | INFO  | SCMAudit | user=jenkins1000 | ip=192.168.5.185 | op=SEND_HEARTBEAT {datanodeUUID=891c1cf7-eb5d-4327-8423-159f04f60044, command=[]} | ret=SUCCESS |  
2019-09-18 16:26:38,249 | INFO  | SCMAudit | user=jenkins1000 | ip=192.168.5.185 | op=SEND_HEARTBEAT {datanodeUUID=2e09149d-5559-4fea-b716-0eb93f2cac4a, command=[]} | ret=SUCCESS |  
2019-09-18 16:26:38,373 | INFO  | SCMAudit | user=jenkins1000 | ip=192.168.5.185 | op=SEND_HEARTBEAT {datanodeUUID=8986536d-5b7d-4e16-8929-1d1bb41ad668, command=[]} | ret=SUCCESS |  
2019-09-18 16:26:38,551 | INFO  | SCMAudit | user=jenkins1000 | ip=192.168.5.185 | op=SEND_HEARTBEAT {datanodeUUID=bbe12df8-c2f1-49e2-8ab8-c8f9f8b834ae, command=[]} | ret=SUCCESS |  
2019-09-18 16:26:38,761 | INFO  | SCMAudit | user=jenkins1000 | ip=192.168.5.185 | op=SEND_HEARTBEAT {datanodeUUID=1d911544-627f-4c31-9b8f-a02840ac95b3, command=[]} | ret=SUCCESS |  
2019-09-18 16:26:39,161 | INFO  | SCMAudit | user=jenkins1000 | ip=192.168.5.185 | op=SEND_HEARTBEAT {datanodeUUID=8884bba7-3460-4b10-8d54-dd5499715d80, command=[]} | ret=SUCCESS |  
2019-09-18 16:26:39,214 | INFO  | SCMAudit | user=jenkins1000 | ip=192.168.5.185 | op=SEND_HEARTBEAT {datanodeUUID=b61b0354-621b-4e20-a68d-2d53fecac27d, command=[]} | ret=SUCCESS |  
2019-09-18 16:26:39,247 | INFO  | SCMAudit | user=jenkins1000 | ip=192.168.5.185 | op=SEND_HEARTBEAT {datanodeUUID=891c1cf7-eb5d-4327-8423-159f04f60044, command=[]} | ret=SUCCESS |  
2019-09-18 16:26:39,249 | INFO  | SCMAudit | user=jenkins1000 | ip=192.168.5.185 | op=SEND_HEARTBEAT {datanodeUUID=2e09149d-5559-4fea-b716-0eb93f2cac4a, command=[]} | ret=SUCCESS |  
2019-09-18 16:26:39,373 | INFO  | SCMAudit | user=jenkins1000 | ip=192.168.5.185 | op=SEND_HEARTBEAT {datanodeUUID=8986536d-5b7d-4e16-8929-1d1bb41ad668, command=[]} | ret=SUCCESS |  
2019-09-18 16:26:39,552 | INFO  | SCMAudit | user=jenkins1000 | ip=192.168.5.185 | op=SEND_HEARTBEAT {datanodeUUID=bbe12df8-c2f1-49e2-8ab8-c8f9f8b834ae, command=[]} | ret=SUCCESS |  
2019-09-18 16:26:39,760 | INFO  | SCMAudit | user=jenkins1000 | ip=192.168.5.185 | op=SEND_HEARTBEAT {datanodeUUID=1d911544-627f-4c31-9b8f-a02840ac95b3, command=[]} | ret=SUCCESS |  
2019-09-18 16:26:40,160 | INFO  | SCMAudit | user=jenkins1000 | ip=192.168.5.185 | op=SEND_HEARTBEAT {datanodeUUID=8884bba7-3460-4b10-8d54-dd5499715d80, command=[]} | ret=SUCCESS |  
2019-09-18 16:26:40,214 | INFO  | SCMAudit | user=jenkins1000 | ip=192.168.5.185 | op=SEND_HEARTBEAT {datanodeUUID=b61b0354-621b-4e20-a68d-2d53fecac27d, command=[]} | ret=SUCCESS |  
2019-09-18 16:26:40,247 | INFO  | SCMAudit | user=jenkins1000 | ip=192.168.5.185 | op=SEND_HEARTBEAT {datanodeUUID=891c1cf7-eb5d-4327-8423-159f04f60044, command=[]} | ret=SUCCESS |  
2019-09-18 16:26:40,249 | INFO  | SCMAudit | user=jenkins1000 | ip=192.168.5.185 | op=SEND_HEARTBEAT {datanodeUUID=2e09149d-5559-4fea-b716-0eb93f2cac4a, command=[]} | ret=SUCCESS |  
2019-09-18 16:26:40,373 | INFO  | SCMAudit | user=jenkins1000 | ip=192.168.5.185 | op=SEND_HEARTBEAT {datanodeUUID=8986536d-5b7d-4e16-8929-1d1bb41ad668, command=[]} | ret=SUCCESS |  
2019-09-18 16:26:40,551 | INFO  | SCMAudit | user=jenkins1000 | ip=192.168.5.185 | op=SEND_HEARTBEAT {datanodeUUID=bbe12df8-c2f1-49e2-8ab8-c8f9f8b834ae, command=[]} | ret=SUCCESS |  
2019-09-18 16:26:40,759 | INFO  | SCMAudit | user=jenkins1000 | ip=192.168.5.185 | op=SEND_HEARTBEAT {datanodeUUID=1d911544-627f-4c31-9b8f-a02840ac95b3, command=[]} | ret=SUCCESS |  
2019-09-18 16:26:41,160 | INFO  | SCMAudit | user=jenkins1000 | ip=192.168.5.185 | op=SEND_HEARTBEAT {datanodeUUID=8884bba7-3460-4b10-8d54-dd5499715d80, command=[]} | ret=SUCCESS |  
2019-09-18 16:26:41,214 | INFO  | SCMAudit | user=jenkins1000 | ip=192.168.5.185 | op=SEND_HEARTBEAT {datanodeUUID=b61b0354-621b-4e20-a68d-2d53fecac27d, command=[]} | ret=SUCCESS |  
2019-09-18 16:26:41,247 | INFO  | SCMAudit | user=jenkins1000 | ip=192.168.5.185 | op=SEND_HEARTBEAT {datanodeUUID=891c1cf7-eb5d-4327-8423-159f04f60044, command=[]} | ret=SUCCESS |  
2019-09-18 16:26:41,249 | INFO  | SCMAudit | user=jenkins1000 | ip=192.168.5.185 | op=SEND_HEARTBEAT {datanodeUUID=2e09149d-5559-4fea-b716-0eb93f2cac4a, command=[]} | ret=SUCCESS |  
2019-09-18 16:26:41,373 | INFO  | SCMAudit | user=jenkins1000 | ip=192.168.5.185 | op=SEND_HEARTBEAT {datanodeUUID=8986536d-5b7d-4e16-8929-1d1bb41ad668, command=[]} | ret=SUCCESS |  
2019-09-18 16:26:41,551 | INFO  | SCMAudit | user=jenkins1000 | ip=192.168.5.185 | op=SEND_HEARTBEAT {datanodeUUID=bbe12df8-c2f1-49e2-8ab8-c8f9f8b834ae, command=[]} | ret=SUCCESS |  
2019-09-18 16:26:41,760 | INFO  | SCMAudit | user=jenkins1000 | ip=192.168.5.185 | op=SEND_HEARTBEAT {datanodeUUID=1d911544-627f-4c31-9b8f-a02840ac95b3, command=[]} | ret=SUCCESS |  
2019-09-18 16:26:42,160 | INFO  | SCMAudit | user=jenkins1000 | ip=192.168.5.185 | op=SEND_HEARTBEAT {datanodeUUID=8884bba7-3460-4b10-8d54-dd5499715d80, command=[]} | ret=SUCCESS |  
2019-09-18 16:26:42,214 | INFO  | SCMAudit | user=jenkins1000 | ip=192.168.5.185 | op=SEND_HEARTBEAT {datanodeUUID=b61b0354-621b-4e20-a68d-2d53fecac27d, command=[]} | ret=SUCCESS |  
2019-09-18 16:26:42,248 | INFO  | SCMAudit | user=jenkins1000 | ip=192.168.5.185 | op=SEND_HEARTBEAT {datanodeUUID=891c1cf7-eb5d-4327-8423-159f04f60044, command=[]} | ret=SUCCESS |  
2019-09-18 16:26:42,250 | INFO  | SCMAudit | user=jenkins1000 | ip=192.168.5.185 | op=SEND_HEARTBEAT {datanodeUUID=2e09149d-5559-4fea-b716-0eb93f2cac4a, command=[]} | ret=SUCCESS |  
2019-09-18 16:26:42,373 | INFO  | SCMAudit | user=jenkins1000 | ip=192.168.5.185 | op=SEND_HEARTBEAT {datanodeUUID=8986536d-5b7d-4e16-8929-1d1bb41ad668, command=[]} | ret=SUCCESS |  
2019-09-18 16:26:42,551 | INFO  | SCMAudit | user=jenkins1000 | ip=192.168.5.185 | op=SEND_HEARTBEAT {datanodeUUID=bbe12df8-c2f1-49e2-8ab8-c8f9f8b834ae, command=[]} | ret=SUCCESS |  
2019-09-18 16:26:42,704 [grpc-default-executor-8] INFO  client.GrpcClientProtocolClient (GrpcClientProtocolClient.java:onNext(255)) - client-08D30C90C1DD->2e09149d-5559-4fea-b716-0eb93f2cac4a: receive RaftClientReply:client-08D30C90C1DD->2e09149d-5559-4fea-b716-0eb93f2cac4a@group-1A1F4B3A8F4F, cid=45, FAILED org.apache.ratis.protocol.NotLeaderException: Server 2e09149d-5559-4fea-b716-0eb93f2cac4a is not the leader (b61b0354-621b-4e20-a68d-2d53fecac27d:192.168.5.185:39516). Request must be sent to leader., logIndex=0, commits[2e09149d-5559-4fea-b716-0eb93f2cac4a:c8, b61b0354-621b-4e20-a68d-2d53fecac27d:c8, 891c1cf7-eb5d-4327-8423-159f04f60044:c8]
2019-09-18 16:26:42,760 | INFO  | SCMAudit | user=jenkins1000 | ip=192.168.5.185 | op=SEND_HEARTBEAT {datanodeUUID=1d911544-627f-4c31-9b8f-a02840ac95b3, command=[]} | ret=SUCCESS |  
2019-09-18 16:26:43,160 | INFO  | SCMAudit | user=jenkins1000 | ip=192.168.5.185 | op=SEND_HEARTBEAT {datanodeUUID=8884bba7-3460-4b10-8d54-dd5499715d80, command=[]} | ret=SUCCESS |  
2019-09-18 16:26:43,214 | INFO  | SCMAudit | user=jenkins1000 | ip=192.168.5.185 | op=SEND_HEARTBEAT {datanodeUUID=b61b0354-621b-4e20-a68d-2d53fecac27d, command=[]} | ret=SUCCESS |  
2019-09-18 16:26:43,248 | INFO  | SCMAudit | user=jenkins1000 | ip=192.168.5.185 | op=SEND_HEARTBEAT {datanodeUUID=891c1cf7-eb5d-4327-8423-159f04f60044, command=[]} | ret=SUCCESS |  
2019-09-18 16:26:43,251 | INFO  | SCMAudit | user=jenkins1000 | ip=192.168.5.185 | op=SEND_HEARTBEAT {datanodeUUID=2e09149d-5559-4fea-b716-0eb93f2cac4a, command=[]} | ret=SUCCESS |  
2019-09-18 16:26:43,373 | INFO  | SCMAudit | user=jenkins1000 | ip=192.168.5.185 | op=SEND_HEARTBEAT {datanodeUUID=8986536d-5b7d-4e16-8929-1d1bb41ad668, command=[]} | ret=SUCCESS |  
2019-09-18 16:26:43,551 | INFO  | SCMAudit | user=jenkins1000 | ip=192.168.5.185 | op=SEND_HEARTBEAT {datanodeUUID=bbe12df8-c2f1-49e2-8ab8-c8f9f8b834ae, command=[]} | ret=SUCCESS |  
2019-09-18 16:26:43,761 | INFO  | SCMAudit | user=jenkins1000 | ip=192.168.5.185 | op=SEND_HEARTBEAT {datanodeUUID=1d911544-627f-4c31-9b8f-a02840ac95b3, command=[]} | ret=SUCCESS |  
2019-09-18 16:26:44,161 | INFO  | SCMAudit | user=jenkins1000 | ip=192.168.5.185 | op=SEND_HEARTBEAT {datanodeUUID=8884bba7-3460-4b10-8d54-dd5499715d80, command=[]} | ret=SUCCESS |  
2019-09-18 16:26:44,214 | INFO  | SCMAudit | user=jenkins1000 | ip=192.168.5.185 | op=SEND_HEARTBEAT {datanodeUUID=b61b0354-621b-4e20-a68d-2d53fecac27d, command=[]} | ret=SUCCESS |  
2019-09-18 16:26:44,248 | INFO  | SCMAudit | user=jenkins1000 | ip=192.168.5.185 | op=SEND_HEARTBEAT {datanodeUUID=891c1cf7-eb5d-4327-8423-159f04f60044, command=[]} | ret=SUCCESS |  
2019-09-18 16:26:44,251 | INFO  | SCMAudit | user=jenkins1000 | ip=192.168.5.185 | op=SEND_HEARTBEAT {datanodeUUID=2e09149d-5559-4fea-b716-0eb93f2cac4a, command=[]} | ret=SUCCESS |  
2019-09-18 16:26:44,374 | INFO  | SCMAudit | user=jenkins1000 | ip=192.168.5.185 | op=SEND_HEARTBEAT {datanodeUUID=8986536d-5b7d-4e16-8929-1d1bb41ad668, command=[]} | ret=SUCCESS |  
2019-09-18 16:26:44,551 | INFO  | SCMAudit | user=jenkins1000 | ip=192.168.5.185 | op=SEND_HEARTBEAT {datanodeUUID=bbe12df8-c2f1-49e2-8ab8-c8f9f8b834ae, command=[]} | ret=SUCCESS |  
2019-09-18 16:26:44,761 | INFO  | SCMAudit | user=jenkins1000 | ip=192.168.5.185 | op=SEND_HEARTBEAT {datanodeUUID=1d911544-627f-4c31-9b8f-a02840ac95b3, command=[]} | ret=SUCCESS |  
2019-09-18 16:26:45,164 | INFO  | SCMAudit | user=jenkins1000 | ip=192.168.5.185 | op=SEND_HEARTBEAT {datanodeUUID=8884bba7-3460-4b10-8d54-dd5499715d80, command=[]} | ret=SUCCESS |  
2019-09-18 16:26:45,214 | INFO  | SCMAudit | user=jenkins1000 | ip=192.168.5.185 | op=SEND_HEARTBEAT {datanodeUUID=b61b0354-621b-4e20-a68d-2d53fecac27d, command=[]} | ret=SUCCESS |  
2019-09-18 16:26:45,249 | INFO  | SCMAudit | user=jenkins1000 | ip=192.168.5.185 | op=SEND_HEARTBEAT {datanodeUUID=891c1cf7-eb5d-4327-8423-159f04f60044, command=[]} | ret=SUCCESS |  
2019-09-18 16:26:45,251 | INFO  | SCMAudit | user=jenkins1000 | ip=192.168.5.185 | op=SEND_HEARTBEAT {datanodeUUID=2e09149d-5559-4fea-b716-0eb93f2cac4a, command=[]} | ret=SUCCESS |  
2019-09-18 16:26:45,374 | INFO  | SCMAudit | user=jenkins1000 | ip=192.168.5.185 | op=SEND_HEARTBEAT {datanodeUUID=8986536d-5b7d-4e16-8929-1d1bb41ad668, command=[]} | ret=SUCCESS |  
2019-09-18 16:26:45,551 | INFO  | SCMAudit | user=jenkins1000 | ip=192.168.5.185 | op=SEND_HEARTBEAT {datanodeUUID=bbe12df8-c2f1-49e2-8ab8-c8f9f8b834ae, command=[]} | ret=SUCCESS |  
2019-09-18 16:26:45,762 | INFO  | SCMAudit | user=jenkins1000 | ip=192.168.5.185 | op=SEND_HEARTBEAT {datanodeUUID=1d911544-627f-4c31-9b8f-a02840ac95b3, command=[]} | ret=SUCCESS |  
2019-09-18 16:26:46,163 | INFO  | SCMAudit | user=jenkins1000 | ip=192.168.5.185 | op=SEND_HEARTBEAT {datanodeUUID=8884bba7-3460-4b10-8d54-dd5499715d80, command=[]} | ret=SUCCESS |  
2019-09-18 16:26:46,214 | INFO  | SCMAudit | user=jenkins1000 | ip=192.168.5.185 | op=SEND_HEARTBEAT {datanodeUUID=b61b0354-621b-4e20-a68d-2d53fecac27d, command=[]} | ret=SUCCESS |  
2019-09-18 16:26:46,248 | INFO  | SCMAudit | user=jenkins1000 | ip=192.168.5.185 | op=SEND_HEARTBEAT {datanodeUUID=891c1cf7-eb5d-4327-8423-159f04f60044, command=[]} | ret=SUCCESS |  
2019-09-18 16:26:46,251 | INFO  | SCMAudit | user=jenkins1000 | ip=192.168.5.185 | op=SEND_HEARTBEAT {datanodeUUID=2e09149d-5559-4fea-b716-0eb93f2cac4a, command=[]} | ret=SUCCESS |  
2019-09-18 16:26:46,374 | INFO  | SCMAudit | user=jenkins1000 | ip=192.168.5.185 | op=SEND_HEARTBEAT {datanodeUUID=8986536d-5b7d-4e16-8929-1d1bb41ad668, command=[]} | ret=SUCCESS |  
2019-09-18 16:26:46,551 | INFO  | SCMAudit | user=jenkins1000 | ip=192.168.5.185 | op=SEND_HEARTBEAT {datanodeUUID=bbe12df8-c2f1-49e2-8ab8-c8f9f8b834ae, command=[]} | ret=SUCCESS |  
2019-09-18 16:26:46,762 | INFO  | SCMAudit | user=jenkins1000 | ip=192.168.5.185 | op=SEND_HEARTBEAT {datanodeUUID=1d911544-627f-4c31-9b8f-a02840ac95b3, command=[]} | ret=SUCCESS |  
2019-09-18 16:26:47,163 | INFO  | SCMAudit | user=jenkins1000 | ip=192.168.5.185 | op=SEND_HEARTBEAT {datanodeUUID=8884bba7-3460-4b10-8d54-dd5499715d80, command=[]} | ret=SUCCESS |  
2019-09-18 16:26:47,215 | INFO  | SCMAudit | user=jenkins1000 | ip=192.168.5.185 | op=SEND_HEARTBEAT {datanodeUUID=b61b0354-621b-4e20-a68d-2d53fecac27d, command=[]} | ret=SUCCESS |  
2019-09-18 16:26:47,248 | INFO  | SCMAudit | user=jenkins1000 | ip=192.168.5.185 | op=SEND_HEARTBEAT {datanodeUUID=891c1cf7-eb5d-4327-8423-159f04f60044, command=[]} | ret=SUCCESS |  
2019-09-18 16:26:47,252 | INFO  | SCMAudit | user=jenkins1000 | ip=192.168.5.185 | op=SEND_HEARTBEAT {datanodeUUID=2e09149d-5559-4fea-b716-0eb93f2cac4a, command=[]} | ret=SUCCESS |  
2019-09-18 16:26:47,375 | INFO  | SCMAudit | user=jenkins1000 | ip=192.168.5.185 | op=SEND_HEARTBEAT {datanodeUUID=8986536d-5b7d-4e16-8929-1d1bb41ad668, command=[]} | ret=SUCCESS |  
2019-09-18 16:26:47,551 | INFO  | SCMAudit | user=jenkins1000 | ip=192.168.5.185 | op=SEND_HEARTBEAT {datanodeUUID=bbe12df8-c2f1-49e2-8ab8-c8f9f8b834ae, command=[]} | ret=SUCCESS |  
2019-09-18 16:26:47,765 | INFO  | SCMAudit | user=jenkins1000 | ip=192.168.5.185 | op=SEND_HEARTBEAT {datanodeUUID=1d911544-627f-4c31-9b8f-a02840ac95b3, command=[]} | ret=SUCCESS |  
2019-09-18 16:26:47,767 [grpc-default-executor-8] INFO  client.GrpcClientProtocolClient (GrpcClientProtocolClient.java:onNext(255)) - client-08D30C90C1DD->891c1cf7-eb5d-4327-8423-159f04f60044: receive RaftClientReply:client-08D30C90C1DD->891c1cf7-eb5d-4327-8423-159f04f60044@group-1A1F4B3A8F4F, cid=45, FAILED org.apache.ratis.protocol.NotLeaderException: Server 891c1cf7-eb5d-4327-8423-159f04f60044 is not the leader (b61b0354-621b-4e20-a68d-2d53fecac27d:192.168.5.185:39516). Request must be sent to leader., logIndex=0, commits[891c1cf7-eb5d-4327-8423-159f04f60044:c8, b61b0354-621b-4e20-a68d-2d53fecac27d:c8, 2e09149d-5559-4fea-b716-0eb93f2cac4a:c8]
2019-09-18 16:26:48,164 | INFO  | SCMAudit | user=jenkins1000 | ip=192.168.5.185 | op=SEND_HEARTBEAT {datanodeUUID=8884bba7-3460-4b10-8d54-dd5499715d80, command=[]} | ret=SUCCESS |  
2019-09-18 16:26:48,215 | INFO  | SCMAudit | user=jenkins1000 | ip=192.168.5.185 | op=SEND_HEARTBEAT {datanodeUUID=b61b0354-621b-4e20-a68d-2d53fecac27d, command=[]} | ret=SUCCESS |  
2019-09-18 16:26:48,249 | INFO  | SCMAudit | user=jenkins1000 | ip=192.168.5.185 | op=SEND_HEARTBEAT {datanodeUUID=891c1cf7-eb5d-4327-8423-159f04f60044, command=[]} | ret=SUCCESS |  
2019-09-18 16:26:48,252 | INFO  | SCMAudit | user=jenkins1000 | ip=192.168.5.185 | op=SEND_HEARTBEAT {datanodeUUID=2e09149d-5559-4fea-b716-0eb93f2cac4a, command=[]} | ret=SUCCESS |  
2019-09-18 16:26:48,375 | INFO  | SCMAudit | user=jenkins1000 | ip=192.168.5.185 | op=SEND_HEARTBEAT {datanodeUUID=8986536d-5b7d-4e16-8929-1d1bb41ad668, command=[]} | ret=SUCCESS |  
2019-09-18 16:26:48,552 | INFO  | SCMAudit | user=jenkins1000 | ip=192.168.5.185 | op=SEND_HEARTBEAT {datanodeUUID=bbe12df8-c2f1-49e2-8ab8-c8f9f8b834ae, command=[]} | ret=SUCCESS |  
2019-09-18 16:26:48,765 | INFO  | SCMAudit | user=jenkins1000 | ip=192.168.5.185 | op=SEND_HEARTBEAT {datanodeUUID=1d911544-627f-4c31-9b8f-a02840ac95b3, command=[]} | ret=SUCCESS |  
2019-09-18 16:26:49,163 | INFO  | SCMAudit | user=jenkins1000 | ip=192.168.5.185 | op=SEND_HEARTBEAT {datanodeUUID=8884bba7-3460-4b10-8d54-dd5499715d80, command=[]} | ret=SUCCESS |  
2019-09-18 16:26:49,214 | INFO  | SCMAudit | user=jenkins1000 | ip=192.168.5.185 | op=SEND_HEARTBEAT {datanodeUUID=b61b0354-621b-4e20-a68d-2d53fecac27d, command=[]} | ret=SUCCESS |  
2019-09-18 16:26:49,248 | INFO  | SCMAudit | user=jenkins1000 | ip=192.168.5.185 | op=SEND_HEARTBEAT {datanodeUUID=891c1cf7-eb5d-4327-8423-159f04f60044, command=[]} | ret=SUCCESS |  
2019-09-18 16:26:49,252 | INFO  | SCMAudit | user=jenkins1000 | ip=192.168.5.185 | op=SEND_HEARTBEAT {datanodeUUID=2e09149d-5559-4fea-b716-0eb93f2cac4a, command=[]} | ret=SUCCESS |  
2019-09-18 16:26:49,375 | INFO  | SCMAudit | user=jenkins1000 | ip=192.168.5.185 | op=SEND_HEARTBEAT {datanodeUUID=8986536d-5b7d-4e16-8929-1d1bb41ad668, command=[]} | ret=SUCCESS |  
2019-09-18 16:26:49,551 | INFO  | SCMAudit | user=jenkins1000 | ip=192.168.5.185 | op=SEND_HEARTBEAT {datanodeUUID=bbe12df8-c2f1-49e2-8ab8-c8f9f8b834ae, command=[]} | ret=SUCCESS |  
2019-09-18 16:26:49,765 | INFO  | SCMAudit | user=jenkins1000 | ip=192.168.5.185 | op=SEND_HEARTBEAT {datanodeUUID=1d911544-627f-4c31-9b8f-a02840ac95b3, command=[]} | ret=SUCCESS |  
2019-09-18 16:26:50,163 | INFO  | SCMAudit | user=jenkins1000 | ip=192.168.5.185 | op=SEND_HEARTBEAT {datanodeUUID=8884bba7-3460-4b10-8d54-dd5499715d80, command=[]} | ret=SUCCESS |  
2019-09-18 16:26:50,215 | INFO  | SCMAudit | user=jenkins1000 | ip=192.168.5.185 | op=SEND_HEARTBEAT {datanodeUUID=b61b0354-621b-4e20-a68d-2d53fecac27d, command=[]} | ret=SUCCESS |  
2019-09-18 16:26:50,248 | INFO  | SCMAudit | user=jenkins1000 | ip=192.168.5.185 | op=SEND_HEARTBEAT {datanodeUUID=891c1cf7-eb5d-4327-8423-159f04f60044, command=[]} | ret=SUCCESS |  
2019-09-18 16:26:50,253 | INFO  | SCMAudit | user=jenkins1000 | ip=192.168.5.185 | op=SEND_HEARTBEAT {datanodeUUID=2e09149d-5559-4fea-b716-0eb93f2cac4a, command=[]} | ret=SUCCESS |  
2019-09-18 16:26:50,375 | INFO  | SCMAudit | user=jenkins1000 | ip=192.168.5.185 | op=SEND_HEARTBEAT {datanodeUUID=8986536d-5b7d-4e16-8929-1d1bb41ad668, command=[]} | ret=SUCCESS |  
2019-09-18 16:26:50,551 | INFO  | SCMAudit | user=jenkins1000 | ip=192.168.5.185 | op=SEND_HEARTBEAT {datanodeUUID=bbe12df8-c2f1-49e2-8ab8-c8f9f8b834ae, command=[]} | ret=SUCCESS |  
2019-09-18 16:26:50,765 | INFO  | SCMAudit | user=jenkins1000 | ip=192.168.5.185 | op=SEND_HEARTBEAT {datanodeUUID=1d911544-627f-4c31-9b8f-a02840ac95b3, command=[]} | ret=SUCCESS |  
2019-09-18 16:26:51,164 | INFO  | SCMAudit | user=jenkins1000 | ip=192.168.5.185 | op=SEND_HEARTBEAT {datanodeUUID=8884bba7-3460-4b10-8d54-dd5499715d80, command=[]} | ret=SUCCESS |  
2019-09-18 16:26:51,215 | INFO  | SCMAudit | user=jenkins1000 | ip=192.168.5.185 | op=SEND_HEARTBEAT {datanodeUUID=b61b0354-621b-4e20-a68d-2d53fecac27d, command=[]} | ret=SUCCESS |  
2019-09-18 16:26:51,248 | INFO  | SCMAudit | user=jenkins1000 | ip=192.168.5.185 | op=SEND_HEARTBEAT {datanodeUUID=891c1cf7-eb5d-4327-8423-159f04f60044, command=[]} | ret=SUCCESS |  
2019-09-18 16:26:51,253 | INFO  | SCMAudit | user=jenkins1000 | ip=192.168.5.185 | op=SEND_HEARTBEAT {datanodeUUID=2e09149d-5559-4fea-b716-0eb93f2cac4a, command=[]} | ret=SUCCESS |  
2019-09-18 16:26:51,375 | INFO  | SCMAudit | user=jenkins1000 | ip=192.168.5.185 | op=SEND_HEARTBEAT {datanodeUUID=8986536d-5b7d-4e16-8929-1d1bb41ad668, command=[]} | ret=SUCCESS |  
2019-09-18 16:26:51,551 | INFO  | SCMAudit | user=jenkins1000 | ip=192.168.5.185 | op=SEND_HEARTBEAT {datanodeUUID=bbe12df8-c2f1-49e2-8ab8-c8f9f8b834ae, command=[]} | ret=SUCCESS |  
2019-09-18 16:26:51,765 | INFO  | SCMAudit | user=jenkins1000 | ip=192.168.5.185 | op=SEND_HEARTBEAT {datanodeUUID=1d911544-627f-4c31-9b8f-a02840ac95b3, command=[]} | ret=SUCCESS |  
2019-09-18 16:26:52,163 | INFO  | SCMAudit | user=jenkins1000 | ip=192.168.5.185 | op=SEND_HEARTBEAT {datanodeUUID=8884bba7-3460-4b10-8d54-dd5499715d80, command=[]} | ret=SUCCESS |  
2019-09-18 16:26:52,215 | INFO  | SCMAudit | user=jenkins1000 | ip=192.168.5.185 | op=SEND_HEARTBEAT {datanodeUUID=b61b0354-621b-4e20-a68d-2d53fecac27d, command=[]} | ret=SUCCESS |  
2019-09-18 16:26:52,248 | INFO  | SCMAudit | user=jenkins1000 | ip=192.168.5.185 | op=SEND_HEARTBEAT {datanodeUUID=891c1cf7-eb5d-4327-8423-159f04f60044, command=[]} | ret=SUCCESS |  
2019-09-18 16:26:52,253 | INFO  | SCMAudit | user=jenkins1000 | ip=192.168.5.185 | op=SEND_HEARTBEAT {datanodeUUID=2e09149d-5559-4fea-b716-0eb93f2cac4a, command=[]} | ret=SUCCESS |  
2019-09-18 16:26:52,376 | INFO  | SCMAudit | user=jenkins1000 | ip=192.168.5.185 | op=SEND_HEARTBEAT {datanodeUUID=8986536d-5b7d-4e16-8929-1d1bb41ad668, command=[]} | ret=SUCCESS |  
2019-09-18 16:26:52,552 | INFO  | SCMAudit | user=jenkins1000 | ip=192.168.5.185 | op=SEND_HEARTBEAT {datanodeUUID=bbe12df8-c2f1-49e2-8ab8-c8f9f8b834ae, command=[]} | ret=SUCCESS |  
2019-09-18 16:26:52,765 | INFO  | SCMAudit | user=jenkins1000 | ip=192.168.5.185 | op=SEND_HEARTBEAT {datanodeUUID=1d911544-627f-4c31-9b8f-a02840ac95b3, command=[]} | ret=SUCCESS |  
2019-09-18 16:26:52,816 [grpc-default-executor-1] INFO  client.GrpcClientProtocolClient (GrpcClientProtocolClient.java:onNext(255)) - client-08D30C90C1DD->891c1cf7-eb5d-4327-8423-159f04f60044: receive RaftClientReply:client-08D30C90C1DD->891c1cf7-eb5d-4327-8423-159f04f60044@group-1A1F4B3A8F4F, cid=45, FAILED org.apache.ratis.protocol.NotLeaderException: Server 891c1cf7-eb5d-4327-8423-159f04f60044 is not the leader (b61b0354-621b-4e20-a68d-2d53fecac27d:192.168.5.185:39516). Request must be sent to leader., logIndex=0, commits[891c1cf7-eb5d-4327-8423-159f04f60044:c8, b61b0354-621b-4e20-a68d-2d53fecac27d:c8, 2e09149d-5559-4fea-b716-0eb93f2cac4a:c8]
2019-09-18 16:26:53,164 | INFO  | SCMAudit | user=jenkins1000 | ip=192.168.5.185 | op=SEND_HEARTBEAT {datanodeUUID=8884bba7-3460-4b10-8d54-dd5499715d80, command=[]} | ret=SUCCESS |  
2019-09-18 16:26:53,216 | INFO  | SCMAudit | user=jenkins1000 | ip=192.168.5.185 | op=SEND_HEARTBEAT {datanodeUUID=b61b0354-621b-4e20-a68d-2d53fecac27d, command=[]} | ret=SUCCESS |  
2019-09-18 16:26:53,249 | INFO  | SCMAudit | user=jenkins1000 | ip=192.168.5.185 | op=SEND_HEARTBEAT {datanodeUUID=891c1cf7-eb5d-4327-8423-159f04f60044, command=[]} | ret=SUCCESS |  
2019-09-18 16:26:53,253 | INFO  | SCMAudit | user=jenkins1000 | ip=192.168.5.185 | op=SEND_HEARTBEAT {datanodeUUID=2e09149d-5559-4fea-b716-0eb93f2cac4a, command=[]} | ret=SUCCESS |  
2019-09-18 16:26:53,376 | INFO  | SCMAudit | user=jenkins1000 | ip=192.168.5.185 | op=SEND_HEARTBEAT {datanodeUUID=8986536d-5b7d-4e16-8929-1d1bb41ad668, command=[]} | ret=SUCCESS |  
2019-09-18 16:26:53,551 | INFO  | SCMAudit | user=jenkins1000 | ip=192.168.5.185 | op=SEND_HEARTBEAT {datanodeUUID=bbe12df8-c2f1-49e2-8ab8-c8f9f8b834ae, command=[]} | ret=SUCCESS |  
2019-09-18 16:26:53,765 | INFO  | SCMAudit | user=jenkins1000 | ip=192.168.5.185 | op=SEND_HEARTBEAT {datanodeUUID=1d911544-627f-4c31-9b8f-a02840ac95b3, command=[]} | ret=SUCCESS |  
2019-09-18 16:26:54,163 | INFO  | SCMAudit | user=jenkins1000 | ip=192.168.5.185 | op=SEND_HEARTBEAT {datanodeUUID=8884bba7-3460-4b10-8d54-dd5499715d80, command=[]} | ret=SUCCESS |  
2019-09-18 16:26:54,216 | INFO  | SCMAudit | user=jenkins1000 | ip=192.168.5.185 | op=SEND_HEARTBEAT {datanodeUUID=b61b0354-621b-4e20-a68d-2d53fecac27d, command=[]} | ret=SUCCESS |  
2019-09-18 16:26:54,249 | INFO  | SCMAudit | user=jenkins1000 | ip=192.168.5.185 | op=SEND_HEARTBEAT {datanodeUUID=891c1cf7-eb5d-4327-8423-159f04f60044, command=[]} | ret=SUCCESS |  
2019-09-18 16:26:54,253 | INFO  | SCMAudit | user=jenkins1000 | ip=192.168.5.185 | op=SEND_HEARTBEAT {datanodeUUID=2e09149d-5559-4fea-b716-0eb93f2cac4a, command=[]} | ret=SUCCESS |  
2019-09-18 16:26:54,376 | INFO  | SCMAudit | user=jenkins1000 | ip=192.168.5.185 | op=SEND_HEARTBEAT {datanodeUUID=8986536d-5b7d-4e16-8929-1d1bb41ad668, command=[]} | ret=SUCCESS |  
2019-09-18 16:26:54,552 | INFO  | SCMAudit | user=jenkins1000 | ip=192.168.5.185 | op=SEND_HEARTBEAT {datanodeUUID=bbe12df8-c2f1-49e2-8ab8-c8f9f8b834ae, command=[]} | ret=SUCCESS |  
2019-09-18 16:26:54,765 | INFO  | SCMAudit | user=jenkins1000 | ip=192.168.5.185 | op=SEND_HEARTBEAT {datanodeUUID=1d911544-627f-4c31-9b8f-a02840ac95b3, command=[]} | ret=SUCCESS |  
2019-09-18 16:26:55,163 | INFO  | SCMAudit | user=jenkins1000 | ip=192.168.5.185 | op=SEND_HEARTBEAT {datanodeUUID=8884bba7-3460-4b10-8d54-dd5499715d80, command=[]} | ret=SUCCESS |  
2019-09-18 16:26:55,217 | INFO  | SCMAudit | user=jenkins1000 | ip=192.168.5.185 | op=SEND_HEARTBEAT {datanodeUUID=b61b0354-621b-4e20-a68d-2d53fecac27d, command=[]} | ret=SUCCESS |  
2019-09-18 16:26:55,252 | INFO  | SCMAudit | user=jenkins1000 | ip=192.168.5.185 | op=SEND_HEARTBEAT {datanodeUUID=891c1cf7-eb5d-4327-8423-159f04f60044, command=[]} | ret=SUCCESS |  
2019-09-18 16:26:55,254 | INFO  | SCMAudit | user=jenkins1000 | ip=192.168.5.185 | op=SEND_HEARTBEAT {datanodeUUID=2e09149d-5559-4fea-b716-0eb93f2cac4a, command=[]} | ret=SUCCESS |  
2019-09-18 16:26:55,377 | INFO  | SCMAudit | user=jenkins1000 | ip=192.168.5.185 | op=SEND_HEARTBEAT {datanodeUUID=8986536d-5b7d-4e16-8929-1d1bb41ad668, command=[]} | ret=SUCCESS |  
2019-09-18 16:26:55,551 | INFO  | SCMAudit | user=jenkins1000 | ip=192.168.5.185 | op=SEND_HEARTBEAT {datanodeUUID=bbe12df8-c2f1-49e2-8ab8-c8f9f8b834ae, command=[]} | ret=SUCCESS |  
2019-09-18 16:26:55,766 | INFO  | SCMAudit | user=jenkins1000 | ip=192.168.5.185 | op=SEND_HEARTBEAT {datanodeUUID=1d911544-627f-4c31-9b8f-a02840ac95b3, command=[]} | ret=SUCCESS |  
2019-09-18 16:26:56,163 | INFO  | SCMAudit | user=jenkins1000 | ip=192.168.5.185 | op=SEND_HEARTBEAT {datanodeUUID=8884bba7-3460-4b10-8d54-dd5499715d80, command=[]} | ret=SUCCESS |  
2019-09-18 16:26:56,217 | INFO  | SCMAudit | user=jenkins1000 | ip=192.168.5.185 | op=SEND_HEARTBEAT {datanodeUUID=b61b0354-621b-4e20-a68d-2d53fecac27d, command=[]} | ret=SUCCESS |  
2019-09-18 16:26:56,252 | INFO  | SCMAudit | user=jenkins1000 | ip=192.168.5.185 | op=SEND_HEARTBEAT {datanodeUUID=891c1cf7-eb5d-4327-8423-159f04f60044, command=[]} | ret=SUCCESS |  
2019-09-18 16:26:56,254 | INFO  | SCMAudit | user=jenkins1000 | ip=192.168.5.185 | op=SEND_HEARTBEAT {datanodeUUID=2e09149d-5559-4fea-b716-0eb93f2cac4a, command=[]} | ret=SUCCESS |  
2019-09-18 16:26:56,377 | INFO  | SCMAudit | user=jenkins1000 | ip=192.168.5.185 | op=SEND_HEARTBEAT {datanodeUUID=8986536d-5b7d-4e16-8929-1d1bb41ad668, command=[]} | ret=SUCCESS |  
2019-09-18 16:26:56,552 | INFO  | SCMAudit | user=jenkins1000 | ip=192.168.5.185 | op=SEND_HEARTBEAT {datanodeUUID=bbe12df8-c2f1-49e2-8ab8-c8f9f8b834ae, command=[]} | ret=SUCCESS |  
2019-09-18 16:26:56,766 | INFO  | SCMAudit | user=jenkins1000 | ip=192.168.5.185 | op=SEND_HEARTBEAT {datanodeUUID=1d911544-627f-4c31-9b8f-a02840ac95b3, command=[]} | ret=SUCCESS |  
2019-09-18 16:26:57,163 | INFO  | SCMAudit | user=jenkins1000 | ip=192.168.5.185 | op=SEND_HEARTBEAT {datanodeUUID=8884bba7-3460-4b10-8d54-dd5499715d80, command=[]} | ret=SUCCESS |  
2019-09-18 16:26:57,218 | INFO  | SCMAudit | user=jenkins1000 | ip=192.168.5.185 | op=SEND_HEARTBEAT {datanodeUUID=b61b0354-621b-4e20-a68d-2d53fecac27d, command=[]} | ret=SUCCESS |  
2019-09-18 16:26:57,253 | INFO  | SCMAudit | user=jenkins1000 | ip=192.168.5.185 | op=SEND_HEARTBEAT {datanodeUUID=891c1cf7-eb5d-4327-8423-159f04f60044, command=[]} | ret=SUCCESS |  
2019-09-18 16:26:57,256 | INFO  | SCMAudit | user=jenkins1000 | ip=192.168.5.185 | op=SEND_HEARTBEAT {datanodeUUID=2e09149d-5559-4fea-b716-0eb93f2cac4a, command=[]} | ret=SUCCESS |  
2019-09-18 16:26:57,377 | INFO  | SCMAudit | user=jenkins1000 | ip=192.168.5.185 | op=SEND_HEARTBEAT {datanodeUUID=8986536d-5b7d-4e16-8929-1d1bb41ad668, command=[]} | ret=SUCCESS |  
2019-09-18 16:26:57,552 | INFO  | SCMAudit | user=jenkins1000 | ip=192.168.5.185 | op=SEND_HEARTBEAT {datanodeUUID=bbe12df8-c2f1-49e2-8ab8-c8f9f8b834ae, command=[]} | ret=SUCCESS |  
2019-09-18 16:26:57,766 | INFO  | SCMAudit | user=jenkins1000 | ip=192.168.5.185 | op=SEND_HEARTBEAT {datanodeUUID=1d911544-627f-4c31-9b8f-a02840ac95b3, command=[]} | ret=SUCCESS |  
2019-09-18 16:26:57,852 [grpc-default-executor-1] INFO  client.GrpcClientProtocolClient (GrpcClientProtocolClient.java:onNext(255)) - client-08D30C90C1DD->891c1cf7-eb5d-4327-8423-159f04f60044: receive RaftClientReply:client-08D30C90C1DD->891c1cf7-eb5d-4327-8423-159f04f60044@group-1A1F4B3A8F4F, cid=45, FAILED org.apache.ratis.protocol.NotLeaderException: Server 891c1cf7-eb5d-4327-8423-159f04f60044 is not the leader (b61b0354-621b-4e20-a68d-2d53fecac27d:192.168.5.185:39516). Request must be sent to leader., logIndex=0, commits[891c1cf7-eb5d-4327-8423-159f04f60044:c8, b61b0354-621b-4e20-a68d-2d53fecac27d:c8, 2e09149d-5559-4fea-b716-0eb93f2cac4a:c8]
2019-09-18 16:26:58,163 | INFO  | SCMAudit | user=jenkins1000 | ip=192.168.5.185 | op=SEND_HEARTBEAT {datanodeUUID=8884bba7-3460-4b10-8d54-dd5499715d80, command=[]} | ret=SUCCESS |  
2019-09-18 16:26:58,218 | INFO  | SCMAudit | user=jenkins1000 | ip=192.168.5.185 | op=SEND_HEARTBEAT {datanodeUUID=b61b0354-621b-4e20-a68d-2d53fecac27d, command=[]} | ret=SUCCESS |  
2019-09-18 16:26:58,253 | INFO  | SCMAudit | user=jenkins1000 | ip=192.168.5.185 | op=SEND_HEARTBEAT {datanodeUUID=891c1cf7-eb5d-4327-8423-159f04f60044, command=[]} | ret=SUCCESS |  
2019-09-18 16:26:58,256 | INFO  | SCMAudit | user=jenkins1000 | ip=192.168.5.185 | op=SEND_HEARTBEAT {datanodeUUID=2e09149d-5559-4fea-b716-0eb93f2cac4a, command=[]} | ret=SUCCESS |  
2019-09-18 16:26:58,377 | INFO  | SCMAudit | user=jenkins1000 | ip=192.168.5.185 | op=SEND_HEARTBEAT {datanodeUUID=8986536d-5b7d-4e16-8929-1d1bb41ad668, command=[]} | ret=SUCCESS |  
2019-09-18 16:26:58,552 | INFO  | SCMAudit | user=jenkins1000 | ip=192.168.5.185 | op=SEND_HEARTBEAT {datanodeUUID=bbe12df8-c2f1-49e2-8ab8-c8f9f8b834ae, command=[]} | ret=SUCCESS |  
2019-09-18 16:26:58,766 | INFO  | SCMAudit | user=jenkins1000 | ip=192.168.5.185 | op=SEND_HEARTBEAT {datanodeUUID=1d911544-627f-4c31-9b8f-a02840ac95b3, command=[]} | ret=SUCCESS |  
2019-09-18 16:26:59,166 | INFO  | SCMAudit | user=jenkins1000 | ip=192.168.5.185 | op=SEND_HEARTBEAT {datanodeUUID=8884bba7-3460-4b10-8d54-dd5499715d80, command=[]} | ret=SUCCESS |  
2019-09-18 16:26:59,219 | INFO  | SCMAudit | user=jenkins1000 | ip=192.168.5.185 | op=SEND_HEARTBEAT {datanodeUUID=b61b0354-621b-4e20-a68d-2d53fecac27d, command=[]} | ret=SUCCESS |  
2019-09-18 16:26:59,253 | INFO  | SCMAudit | user=jenkins1000 | ip=192.168.5.185 | op=SEND_HEARTBEAT {datanodeUUID=891c1cf7-eb5d-4327-8423-159f04f60044, command=[]} | ret=SUCCESS |  
2019-09-18 16:26:59,258 | INFO  | SCMAudit | user=jenkins1000 | ip=192.168.5.185 | op=SEND_HEARTBEAT {datanodeUUID=2e09149d-5559-4fea-b716-0eb93f2cac4a, command=[]} | ret=SUCCESS |  
2019-09-18 16:26:59,377 | INFO  | SCMAudit | user=jenkins1000 | ip=192.168.5.185 | op=SEND_HEARTBEAT {datanodeUUID=8986536d-5b7d-4e16-8929-1d1bb41ad668, command=[]} | ret=SUCCESS |  
2019-09-18 16:26:59,552 | INFO  | SCMAudit | user=jenkins1000 | ip=192.168.5.185 | op=SEND_HEARTBEAT {datanodeUUID=bbe12df8-c2f1-49e2-8ab8-c8f9f8b834ae, command=[]} | ret=SUCCESS |  
2019-09-18 16:26:59,766 | INFO  | SCMAudit | user=jenkins1000 | ip=192.168.5.185 | op=SEND_HEARTBEAT {datanodeUUID=1d911544-627f-4c31-9b8f-a02840ac95b3, command=[]} | ret=SUCCESS |  
2019-09-18 16:27:00,165 | INFO  | SCMAudit | user=jenkins1000 | ip=192.168.5.185 | op=SEND_HEARTBEAT {datanodeUUID=8884bba7-3460-4b10-8d54-dd5499715d80, command=[]} | ret=SUCCESS |  
2019-09-18 16:27:00,219 | INFO  | SCMAudit | user=jenkins1000 | ip=192.168.5.185 | op=SEND_HEARTBEAT {datanodeUUID=b61b0354-621b-4e20-a68d-2d53fecac27d, command=[]} | ret=SUCCESS |  
2019-09-18 16:27:00,253 | INFO  | SCMAudit | user=jenkins1000 | ip=192.168.5.185 | op=SEND_HEARTBEAT {datanodeUUID=891c1cf7-eb5d-4327-8423-159f04f60044, command=[]} | ret=SUCCESS |  
2019-09-18 16:27:00,258 | INFO  | SCMAudit | user=jenkins1000 | ip=192.168.5.185 | op=SEND_HEARTBEAT {datanodeUUID=2e09149d-5559-4fea-b716-0eb93f2cac4a, command=[]} | ret=SUCCESS |  
2019-09-18 16:27:00,377 | INFO  | SCMAudit | user=jenkins1000 | ip=192.168.5.185 | op=SEND_HEARTBEAT {datanodeUUID=8986536d-5b7d-4e16-8929-1d1bb41ad668, command=[]} | ret=SUCCESS |  
2019-09-18 16:27:00,553 | INFO  | SCMAudit | user=jenkins1000 | ip=192.168.5.185 | op=SEND_HEARTBEAT {datanodeUUID=bbe12df8-c2f1-49e2-8ab8-c8f9f8b834ae, command=[]} | ret=SUCCESS |  
2019-09-18 16:27:00,766 | INFO  | SCMAudit | user=jenkins1000 | ip=192.168.5.185 | op=SEND_HEARTBEAT {datanodeUUID=1d911544-627f-4c31-9b8f-a02840ac95b3, command=[]} | ret=SUCCESS |  
2019-09-18 16:27:01,165 | INFO  | SCMAudit | user=jenkins1000 | ip=192.168.5.185 | op=SEND_HEARTBEAT {datanodeUUID=8884bba7-3460-4b10-8d54-dd5499715d80, command=[]} | ret=SUCCESS |  
2019-09-18 16:27:01,219 | INFO  | SCMAudit | user=jenkins1000 | ip=192.168.5.185 | op=SEND_HEARTBEAT {datanodeUUID=b61b0354-621b-4e20-a68d-2d53fecac27d, command=[]} | ret=SUCCESS |  
2019-09-18 16:27:01,253 | INFO  | SCMAudit | user=jenkins1000 | ip=192.168.5.185 | op=SEND_HEARTBEAT {datanodeUUID=891c1cf7-eb5d-4327-8423-159f04f60044, command=[]} | ret=SUCCESS |  
2019-09-18 16:27:01,261 | INFO  | SCMAudit | user=jenkins1000 | ip=192.168.5.185 | op=SEND_HEARTBEAT {datanodeUUID=2e09149d-5559-4fea-b716-0eb93f2cac4a, command=[]} | ret=SUCCESS |  
2019-09-18 16:27:01,377 | INFO  | SCMAudit | user=jenkins1000 | ip=192.168.5.185 | op=SEND_HEARTBEAT {datanodeUUID=8986536d-5b7d-4e16-8929-1d1bb41ad668, command=[]} | ret=SUCCESS |  
2019-09-18 16:27:01,553 | INFO  | SCMAudit | user=jenkins1000 | ip=192.168.5.185 | op=SEND_HEARTBEAT {datanodeUUID=bbe12df8-c2f1-49e2-8ab8-c8f9f8b834ae, command=[]} | ret=SUCCESS |  
2019-09-18 16:27:01,766 | INFO  | SCMAudit | user=jenkins1000 | ip=192.168.5.185 | op=SEND_HEARTBEAT {datanodeUUID=1d911544-627f-4c31-9b8f-a02840ac95b3, command=[]} | ret=SUCCESS |  
2019-09-18 16:27:02,165 | INFO  | SCMAudit | user=jenkins1000 | ip=192.168.5.185 | op=SEND_HEARTBEAT {datanodeUUID=8884bba7-3460-4b10-8d54-dd5499715d80, command=[]} | ret=SUCCESS |  
2019-09-18 16:27:02,219 | INFO  | SCMAudit | user=jenkins1000 | ip=192.168.5.185 | op=SEND_HEARTBEAT {datanodeUUID=b61b0354-621b-4e20-a68d-2d53fecac27d, command=[]} | ret=SUCCESS |  
2019-09-18 16:27:02,253 | INFO  | SCMAudit | user=jenkins1000 | ip=192.168.5.185 | op=SEND_HEARTBEAT {datanodeUUID=891c1cf7-eb5d-4327-8423-159f04f60044, command=[]} | ret=SUCCESS |  
2019-09-18 16:27:02,258 | INFO  | SCMAudit | user=jenkins1000 | ip=192.168.5.185 | op=SEND_HEARTBEAT {datanodeUUID=2e09149d-5559-4fea-b716-0eb93f2cac4a, command=[]} | ret=SUCCESS |  
2019-09-18 16:27:02,377 | INFO  | SCMAudit | user=jenkins1000 | ip=192.168.5.185 | op=SEND_HEARTBEAT {datanodeUUID=8986536d-5b7d-4e16-8929-1d1bb41ad668, command=[]} | ret=SUCCESS |  
2019-09-18 16:27:02,554 | INFO  | SCMAudit | user=jenkins1000 | ip=192.168.5.185 | op=SEND_HEARTBEAT {datanodeUUID=bbe12df8-c2f1-49e2-8ab8-c8f9f8b834ae, command=[]} | ret=SUCCESS |  
2019-09-18 16:27:02,766 | INFO  | SCMAudit | user=jenkins1000 | ip=192.168.5.185 | op=SEND_HEARTBEAT {datanodeUUID=1d911544-627f-4c31-9b8f-a02840ac95b3, command=[]} | ret=SUCCESS |  
2019-09-18 16:27:02,896 [grpc-default-executor-8] INFO  client.GrpcClientProtocolClient (GrpcClientProtocolClient.java:onNext(255)) - client-08D30C90C1DD->2e09149d-5559-4fea-b716-0eb93f2cac4a: receive RaftClientReply:client-08D30C90C1DD->2e09149d-5559-4fea-b716-0eb93f2cac4a@group-1A1F4B3A8F4F, cid=45, FAILED org.apache.ratis.protocol.NotLeaderException: Server 2e09149d-5559-4fea-b716-0eb93f2cac4a is not the leader (b61b0354-621b-4e20-a68d-2d53fecac27d:192.168.5.185:39516). Request must be sent to leader., logIndex=0, commits[2e09149d-5559-4fea-b716-0eb93f2cac4a:c8, b61b0354-621b-4e20-a68d-2d53fecac27d:c8, 891c1cf7-eb5d-4327-8423-159f04f60044:c8]
2019-09-18 16:27:03,165 | INFO  | SCMAudit | user=jenkins1000 | ip=192.168.5.185 | op=SEND_HEARTBEAT {datanodeUUID=8884bba7-3460-4b10-8d54-dd5499715d80, command=[]} | ret=SUCCESS |  
2019-09-18 16:27:03,220 | INFO  | SCMAudit | user=jenkins1000 | ip=192.168.5.185 | op=SEND_HEARTBEAT {datanodeUUID=b61b0354-621b-4e20-a68d-2d53fecac27d, command=[]} | ret=SUCCESS |  
2019-09-18 16:27:03,253 | INFO  | SCMAudit | user=jenkins1000 | ip=192.168.5.185 | op=SEND_HEARTBEAT {datanodeUUID=891c1cf7-eb5d-4327-8423-159f04f60044, command=[]} | ret=SUCCESS |  
2019-09-18 16:27:03,258 | INFO  | SCMAudit | user=jenkins1000 | ip=192.168.5.185 | op=SEND_HEARTBEAT {datanodeUUID=2e09149d-5559-4fea-b716-0eb93f2cac4a, command=[]} | ret=SUCCESS |  
2019-09-18 16:27:03,377 | INFO  | SCMAudit | user=jenkins1000 | ip=192.168.5.185 | op=SEND_HEARTBEAT {datanodeUUID=8986536d-5b7d-4e16-8929-1d1bb41ad668, command=[]} | ret=SUCCESS |  
2019-09-18 16:27:03,554 | INFO  | SCMAudit | user=jenkins1000 | ip=192.168.5.185 | op=SEND_HEARTBEAT {datanodeUUID=bbe12df8-c2f1-49e2-8ab8-c8f9f8b834ae, command=[]} | ret=SUCCESS |  
2019-09-18 16:27:03,766 | INFO  | SCMAudit | user=jenkins1000 | ip=192.168.5.185 | op=SEND_HEARTBEAT {datanodeUUID=1d911544-627f-4c31-9b8f-a02840ac95b3, command=[]} | ret=SUCCESS |  
2019-09-18 16:27:04,165 | INFO  | SCMAudit | user=jenkins1000 | ip=192.168.5.185 | op=SEND_HEARTBEAT {datanodeUUID=8884bba7-3460-4b10-8d54-dd5499715d80, command=[]} | ret=SUCCESS |  
2019-09-18 16:27:04,220 | INFO  | SCMAudit | user=jenkins1000 | ip=192.168.5.185 | op=SEND_HEARTBEAT {datanodeUUID=b61b0354-621b-4e20-a68d-2d53fecac27d, command=[]} | ret=SUCCESS |  
2019-09-18 16:27:04,254 | INFO  | SCMAudit | user=jenkins1000 | ip=192.168.5.185 | op=SEND_HEARTBEAT {datanodeUUID=891c1cf7-eb5d-4327-8423-159f04f60044, command=[]} | ret=SUCCESS |  
2019-09-18 16:27:04,258 | INFO  | SCMAudit | user=jenkins1000 | ip=192.168.5.185 | op=SEND_HEARTBEAT {datanodeUUID=2e09149d-5559-4fea-b716-0eb93f2cac4a, command=[]} | ret=SUCCESS |  
2019-09-18 16:27:04,377 | INFO  | SCMAudit | user=jenkins1000 | ip=192.168.5.185 | op=SEND_HEARTBEAT {datanodeUUID=8986536d-5b7d-4e16-8929-1d1bb41ad668, command=[]} | ret=SUCCESS |  
2019-09-18 16:27:04,554 | INFO  | SCMAudit | user=jenkins1000 | ip=192.168.5.185 | op=SEND_HEARTBEAT {datanodeUUID=bbe12df8-c2f1-49e2-8ab8-c8f9f8b834ae, command=[]} | ret=SUCCESS |  
2019-09-18 16:27:04,767 | INFO  | SCMAudit | user=jenkins1000 | ip=192.168.5.185 | op=SEND_HEARTBEAT {datanodeUUID=1d911544-627f-4c31-9b8f-a02840ac95b3, command=[]} | ret=SUCCESS |  
2019-09-18 16:27:05,165 | INFO  | SCMAudit | user=jenkins1000 | ip=192.168.5.185 | op=SEND_HEARTBEAT {datanodeUUID=8884bba7-3460-4b10-8d54-dd5499715d80, command=[]} | ret=SUCCESS |  
2019-09-18 16:27:05,220 | INFO  | SCMAudit | user=jenkins1000 | ip=192.168.5.185 | op=SEND_HEARTBEAT {datanodeUUID=b61b0354-621b-4e20-a68d-2d53fecac27d, command=[]} | ret=SUCCESS |  
2019-09-18 16:27:05,254 | INFO  | SCMAudit | user=jenkins1000 | ip=192.168.5.185 | op=SEND_HEARTBEAT {datanodeUUID=891c1cf7-eb5d-4327-8423-159f04f60044, command=[]} | ret=SUCCESS |  
2019-09-18 16:27:05,258 | INFO  | SCMAudit | user=jenkins1000 | ip=192.168.5.185 | op=SEND_HEARTBEAT {datanodeUUID=2e09149d-5559-4fea-b716-0eb93f2cac4a, command=[]} | ret=SUCCESS |  
2019-09-18 16:27:05,377 | INFO  | SCMAudit | user=jenkins1000 | ip=192.168.5.185 | op=SEND_HEARTBEAT {datanodeUUID=8986536d-5b7d-4e16-8929-1d1bb41ad668, command=[]} | ret=SUCCESS |  
2019-09-18 16:27:05,554 | INFO  | SCMAudit | user=jenkins1000 | ip=192.168.5.185 | op=SEND_HEARTBEAT {datanodeUUID=bbe12df8-c2f1-49e2-8ab8-c8f9f8b834ae, command=[]} | ret=SUCCESS |  
2019-09-18 16:27:05,766 | INFO  | SCMAudit | user=jenkins1000 | ip=192.168.5.185 | op=SEND_HEARTBEAT {datanodeUUID=1d911544-627f-4c31-9b8f-a02840ac95b3, command=[]} | ret=SUCCESS |  
2019-09-18 16:27:06,165 | INFO  | SCMAudit | user=jenkins1000 | ip=192.168.5.185 | op=SEND_HEARTBEAT {datanodeUUID=8884bba7-3460-4b10-8d54-dd5499715d80, command=[]} | ret=SUCCESS |  
2019-09-18 16:27:06,220 | INFO  | SCMAudit | user=jenkins1000 | ip=192.168.5.185 | op=SEND_HEARTBEAT {datanodeUUID=b61b0354-621b-4e20-a68d-2d53fecac27d, command=[]} | ret=SUCCESS |  
2019-09-18 16:27:06,254 | INFO  | SCMAudit | user=jenkins1000 | ip=192.168.5.185 | op=SEND_HEARTBEAT {datanodeUUID=891c1cf7-eb5d-4327-8423-159f04f60044, command=[]} | ret=SUCCESS |  
2019-09-18 16:27:06,258 | INFO  | SCMAudit | user=jenkins1000 | ip=192.168.5.185 | op=SEND_HEARTBEAT {datanodeUUID=2e09149d-5559-4fea-b716-0eb93f2cac4a, command=[]} | ret=SUCCESS |  
2019-09-18 16:27:06,377 | INFO  | SCMAudit | user=jenkins1000 | ip=192.168.5.185 | op=SEND_HEARTBEAT {datanodeUUID=8986536d-5b7d-4e16-8929-1d1bb41ad668, command=[]} | ret=SUCCESS |  
2019-09-18 16:27:06,554 | INFO  | SCMAudit | user=jenkins1000 | ip=192.168.5.185 | op=SEND_HEARTBEAT {datanodeUUID=bbe12df8-c2f1-49e2-8ab8-c8f9f8b834ae, command=[]} | ret=SUCCESS |  
2019-09-18 16:27:06,767 | INFO  | SCMAudit | user=jenkins1000 | ip=192.168.5.185 | op=SEND_HEARTBEAT {datanodeUUID=1d911544-627f-4c31-9b8f-a02840ac95b3, command=[]} | ret=SUCCESS |  
2019-09-18 16:27:07,166 | INFO  | SCMAudit | user=jenkins1000 | ip=192.168.5.185 | op=SEND_HEARTBEAT {datanodeUUID=8884bba7-3460-4b10-8d54-dd5499715d80, command=[]} | ret=SUCCESS |  
2019-09-18 16:27:07,220 | INFO  | SCMAudit | user=jenkins1000 | ip=192.168.5.185 | op=SEND_HEARTBEAT {datanodeUUID=b61b0354-621b-4e20-a68d-2d53fecac27d, command=[]} | ret=SUCCESS |  
2019-09-18 16:27:07,254 | INFO  | SCMAudit | user=jenkins1000 | ip=192.168.5.185 | op=SEND_HEARTBEAT {datanodeUUID=891c1cf7-eb5d-4327-8423-159f04f60044, command=[]} | ret=SUCCESS |  
2019-09-18 16:27:07,258 | INFO  | SCMAudit | user=jenkins1000 | ip=192.168.5.185 | op=SEND_HEARTBEAT {datanodeUUID=2e09149d-5559-4fea-b716-0eb93f2cac4a, command=[]} | ret=SUCCESS |  
2019-09-18 16:27:07,377 | INFO  | SCMAudit | user=jenkins1000 | ip=192.168.5.185 | op=SEND_HEARTBEAT {datanodeUUID=8986536d-5b7d-4e16-8929-1d1bb41ad668, command=[]} | ret=SUCCESS |  
2019-09-18 16:27:07,554 | INFO  | SCMAudit | user=jenkins1000 | ip=192.168.5.185 | op=SEND_HEARTBEAT {datanodeUUID=bbe12df8-c2f1-49e2-8ab8-c8f9f8b834ae, command=[]} | ret=SUCCESS |  
2019-09-18 16:27:07,766 | INFO  | SCMAudit | user=jenkins1000 | ip=192.168.5.185 | op=SEND_HEARTBEAT {datanodeUUID=1d911544-627f-4c31-9b8f-a02840ac95b3, command=[]} | ret=SUCCESS |  
2019-09-18 16:27:07,948 [grpc-default-executor-8] INFO  client.GrpcClientProtocolClient (GrpcClientProtocolClient.java:onNext(255)) - client-08D30C90C1DD->891c1cf7-eb5d-4327-8423-159f04f60044: receive RaftClientReply:client-08D30C90C1DD->891c1cf7-eb5d-4327-8423-159f04f60044@group-1A1F4B3A8F4F, cid=45, FAILED org.apache.ratis.protocol.NotLeaderException: Server 891c1cf7-eb5d-4327-8423-159f04f60044 is not the leader (b61b0354-621b-4e20-a68d-2d53fecac27d:192.168.5.185:39516). Request must be sent to leader., logIndex=0, commits[891c1cf7-eb5d-4327-8423-159f04f60044:c8, b61b0354-621b-4e20-a68d-2d53fecac27d:c8, 2e09149d-5559-4fea-b716-0eb93f2cac4a:c8]
2019-09-18 16:27:08,165 | INFO  | SCMAudit | user=jenkins1000 | ip=192.168.5.185 | op=SEND_HEARTBEAT {datanodeUUID=8884bba7-3460-4b10-8d54-dd5499715d80, command=[]} | ret=SUCCESS |  
2019-09-18 16:27:08,220 | INFO  | SCMAudit | user=jenkins1000 | ip=192.168.5.185 | op=SEND_HEARTBEAT {datanodeUUID=b61b0354-621b-4e20-a68d-2d53fecac27d, command=[]} | ret=SUCCESS |  
2019-09-18 16:27:08,254 | INFO  | SCMAudit | user=jenkins1000 | ip=192.168.5.185 | op=SEND_HEARTBEAT {datanodeUUID=891c1cf7-eb5d-4327-8423-159f04f60044, command=[]} | ret=SUCCESS |  
2019-09-18 16:27:08,258 | INFO  | SCMAudit | user=jenkins1000 | ip=192.168.5.185 | op=SEND_HEARTBEAT {datanodeUUID=2e09149d-5559-4fea-b716-0eb93f2cac4a, command=[]} | ret=SUCCESS |  
2019-09-18 16:27:08,377 | INFO  | SCMAudit | user=jenkins1000 | ip=192.168.5.185 | op=SEND_HEARTBEAT {datanodeUUID=8986536d-5b7d-4e16-8929-1d1bb41ad668, command=[]} | ret=SUCCESS |  
2019-09-18 16:27:08,554 | INFO  | SCMAudit | user=jenkins1000 | ip=192.168.5.185 | op=SEND_HEARTBEAT {datanodeUUID=bbe12df8-c2f1-49e2-8ab8-c8f9f8b834ae, command=[]} | ret=SUCCESS |  
2019-09-18 16:27:08,766 | INFO  | SCMAudit | user=jenkins1000 | ip=192.168.5.185 | op=SEND_HEARTBEAT {datanodeUUID=1d911544-627f-4c31-9b8f-a02840ac95b3, command=[]} | ret=SUCCESS |  
2019-09-18 16:27:09,165 | INFO  | SCMAudit | user=jenkins1000 | ip=192.168.5.185 | op=SEND_HEARTBEAT {datanodeUUID=8884bba7-3460-4b10-8d54-dd5499715d80, command=[]} | ret=SUCCESS |  
2019-09-18 16:27:09,220 | INFO  | SCMAudit | user=jenkins1000 | ip=192.168.5.185 | op=SEND_HEARTBEAT {datanodeUUID=b61b0354-621b-4e20-a68d-2d53fecac27d, command=[]} | ret=SUCCESS |  
2019-09-18 16:27:09,254 | INFO  | SCMAudit | user=jenkins1000 | ip=192.168.5.185 | op=SEND_HEARTBEAT {datanodeUUID=891c1cf7-eb5d-4327-8423-159f04f60044, command=[]} | ret=SUCCESS |  
2019-09-18 16:27:09,258 | INFO  | SCMAudit | user=jenkins1000 | ip=192.168.5.185 | op=SEND_HEARTBEAT {datanodeUUID=2e09149d-5559-4fea-b716-0eb93f2cac4a, command=[]} | ret=SUCCESS |  
2019-09-18 16:27:09,377 | INFO  | SCMAudit | user=jenkins1000 | ip=192.168.5.185 | op=SEND_HEARTBEAT {datanodeUUID=8986536d-5b7d-4e16-8929-1d1bb41ad668, command=[]} | ret=SUCCESS |  
2019-09-18 16:27:09,554 | INFO  | SCMAudit | user=jenkins1000 | ip=192.168.5.185 | op=SEND_HEARTBEAT {datanodeUUID=bbe12df8-c2f1-49e2-8ab8-c8f9f8b834ae, command=[]} | ret=SUCCESS |  
2019-09-18 16:27:09,766 | INFO  | SCMAudit | user=jenkins1000 | ip=192.168.5.185 | op=SEND_HEARTBEAT {datanodeUUID=1d911544-627f-4c31-9b8f-a02840ac95b3, command=[]} | ret=SUCCESS |  
2019-09-18 16:27:10,165 | INFO  | SCMAudit | user=jenkins1000 | ip=192.168.5.185 | op=SEND_HEARTBEAT {datanodeUUID=8884bba7-3460-4b10-8d54-dd5499715d80, command=[]} | ret=SUCCESS |  
2019-09-18 16:27:10,221 | INFO  | SCMAudit | user=jenkins1000 | ip=192.168.5.185 | op=SEND_HEARTBEAT {datanodeUUID=b61b0354-621b-4e20-a68d-2d53fecac27d, command=[]} | ret=SUCCESS |  
2019-09-18 16:27:10,254 | INFO  | SCMAudit | user=jenkins1000 | ip=192.168.5.185 | op=SEND_HEARTBEAT {datanodeUUID=891c1cf7-eb5d-4327-8423-159f04f60044, command=[]} | ret=SUCCESS |  
2019-09-18 16:27:10,258 | INFO  | SCMAudit | user=jenkins1000 | ip=192.168.5.185 | op=SEND_HEARTBEAT {datanodeUUID=2e09149d-5559-4fea-b716-0eb93f2cac4a, command=[]} | ret=SUCCESS |  
2019-09-18 16:27:10,378 | INFO  | SCMAudit | user=jenkins1000 | ip=192.168.5.185 | op=SEND_HEARTBEAT {datanodeUUID=8986536d-5b7d-4e16-8929-1d1bb41ad668, command=[]} | ret=SUCCESS |  
2019-09-18 16:27:10,554 | INFO  | SCMAudit | user=jenkins1000 | ip=192.168.5.185 | op=SEND_HEARTBEAT {datanodeUUID=bbe12df8-c2f1-49e2-8ab8-c8f9f8b834ae, command=[]} | ret=SUCCESS |  
2019-09-18 16:27:10,766 | INFO  | SCMAudit | user=jenkins1000 | ip=192.168.5.185 | op=SEND_HEARTBEAT {datanodeUUID=1d911544-627f-4c31-9b8f-a02840ac95b3, command=[]} | ret=SUCCESS |  
2019-09-18 16:27:11,165 | INFO  | SCMAudit | user=jenkins1000 | ip=192.168.5.185 | op=SEND_HEARTBEAT {datanodeUUID=8884bba7-3460-4b10-8d54-dd5499715d80, command=[]} | ret=SUCCESS |  
2019-09-18 16:27:11,221 | INFO  | SCMAudit | user=jenkins1000 | ip=192.168.5.185 | op=SEND_HEARTBEAT {datanodeUUID=b61b0354-621b-4e20-a68d-2d53fecac27d, command=[]} | ret=SUCCESS |  
2019-09-18 16:27:11,255 | INFO  | SCMAudit | user=jenkins1000 | ip=192.168.5.185 | op=SEND_HEARTBEAT {datanodeUUID=891c1cf7-eb5d-4327-8423-159f04f60044, command=[]} | ret=SUCCESS |  
2019-09-18 16:27:11,258 | INFO  | SCMAudit | user=jenkins1000 | ip=192.168.5.185 | op=SEND_HEARTBEAT {datanodeUUID=2e09149d-5559-4fea-b716-0eb93f2cac4a, command=[]} | ret=SUCCESS |  
2019-09-18 16:27:11,377 | INFO  | SCMAudit | user=jenkins1000 | ip=192.168.5.185 | op=SEND_HEARTBEAT {datanodeUUID=8986536d-5b7d-4e16-8929-1d1bb41ad668, command=[]} | ret=SUCCESS |  
2019-09-18 16:27:11,554 | INFO  | SCMAudit | user=jenkins1000 | ip=192.168.5.185 | op=SEND_HEARTBEAT {datanodeUUID=bbe12df8-c2f1-49e2-8ab8-c8f9f8b834ae, command=[]} | ret=SUCCESS |  
2019-09-18 16:27:11,766 | INFO  | SCMAudit | user=jenkins1000 | ip=192.168.5.185 | op=SEND_HEARTBEAT {datanodeUUID=1d911544-627f-4c31-9b8f-a02840ac95b3, command=[]} | ret=SUCCESS |  
2019-09-18 16:27:12,166 | INFO  | SCMAudit | user=jenkins1000 | ip=192.168.5.185 | op=SEND_HEARTBEAT {datanodeUUID=8884bba7-3460-4b10-8d54-dd5499715d80, command=[]} | ret=SUCCESS |  
2019-09-18 16:27:12,222 | INFO  | SCMAudit | user=jenkins1000 | ip=192.168.5.185 | op=SEND_HEARTBEAT {datanodeUUID=b61b0354-621b-4e20-a68d-2d53fecac27d, command=[]} | ret=SUCCESS |  
2019-09-18 16:27:12,255 | INFO  | SCMAudit | user=jenkins1000 | ip=192.168.5.185 | op=SEND_HEARTBEAT {datanodeUUID=891c1cf7-eb5d-4327-8423-159f04f60044, command=[]} | ret=SUCCESS |  
2019-09-18 16:27:12,258 | INFO  | SCMAudit | user=jenkins1000 | ip=192.168.5.185 | op=SEND_HEARTBEAT {datanodeUUID=2e09149d-5559-4fea-b716-0eb93f2cac4a, command=[]} | ret=SUCCESS |  
2019-09-18 16:27:12,377 | INFO  | SCMAudit | user=jenkins1000 | ip=192.168.5.185 | op=SEND_HEARTBEAT {datanodeUUID=8986536d-5b7d-4e16-8929-1d1bb41ad668, command=[]} | ret=SUCCESS |  
2019-09-18 16:27:12,554 | INFO  | SCMAudit | user=jenkins1000 | ip=192.168.5.185 | op=SEND_HEARTBEAT {datanodeUUID=bbe12df8-c2f1-49e2-8ab8-c8f9f8b834ae, command=[]} | ret=SUCCESS |  
2019-09-18 16:27:12,766 | INFO  | SCMAudit | user=jenkins1000 | ip=192.168.5.185 | op=SEND_HEARTBEAT {datanodeUUID=1d911544-627f-4c31-9b8f-a02840ac95b3, command=[]} | ret=SUCCESS |  
2019-09-18 16:27:12,989 [grpc-default-executor-1] INFO  client.GrpcClientProtocolClient (GrpcClientProtocolClient.java:onNext(255)) - client-08D30C90C1DD->891c1cf7-eb5d-4327-8423-159f04f60044: receive RaftClientReply:client-08D30C90C1DD->891c1cf7-eb5d-4327-8423-159f04f60044@group-1A1F4B3A8F4F, cid=45, FAILED org.apache.ratis.protocol.NotLeaderException: Server 891c1cf7-eb5d-4327-8423-159f04f60044 is not the leader (b61b0354-621b-4e20-a68d-2d53fecac27d:192.168.5.185:39516). Request must be sent to leader., logIndex=0, commits[891c1cf7-eb5d-4327-8423-159f04f60044:c8, b61b0354-621b-4e20-a68d-2d53fecac27d:c8, 2e09149d-5559-4fea-b716-0eb93f2cac4a:c8]
2019-09-18 16:27:13,165 | INFO  | SCMAudit | user=jenkins1000 | ip=192.168.5.185 | op=SEND_HEARTBEAT {datanodeUUID=8884bba7-3460-4b10-8d54-dd5499715d80, command=[]} | ret=SUCCESS |  
2019-09-18 16:27:13,221 | INFO  | SCMAudit | user=jenkins1000 | ip=192.168.5.185 | op=SEND_HEARTBEAT {datanodeUUID=b61b0354-621b-4e20-a68d-2d53fecac27d, command=[]} | ret=SUCCESS |  
2019-09-18 16:27:13,255 | INFO  | SCMAudit | user=jenkins1000 | ip=192.168.5.185 | op=SEND_HEARTBEAT {datanodeUUID=891c1cf7-eb5d-4327-8423-159f04f60044, command=[]} | ret=SUCCESS |  
2019-09-18 16:27:13,258 | INFO  | SCMAudit | user=jenkins1000 | ip=192.168.5.185 | op=SEND_HEARTBEAT {datanodeUUID=2e09149d-5559-4fea-b716-0eb93f2cac4a, command=[]} | ret=SUCCESS |  
2019-09-18 16:27:13,377 | INFO  | SCMAudit | user=jenkins1000 | ip=192.168.5.185 | op=SEND_HEARTBEAT {datanodeUUID=8986536d-5b7d-4e16-8929-1d1bb41ad668, command=[]} | ret=SUCCESS |  
2019-09-18 16:27:13,555 | INFO  | SCMAudit | user=jenkins1000 | ip=192.168.5.185 | op=SEND_HEARTBEAT {datanodeUUID=bbe12df8-c2f1-49e2-8ab8-c8f9f8b834ae, command=[]} | ret=SUCCESS |  
2019-09-18 16:27:13,766 | INFO  | SCMAudit | user=jenkins1000 | ip=192.168.5.185 | op=SEND_HEARTBEAT {datanodeUUID=1d911544-627f-4c31-9b8f-a02840ac95b3, command=[]} | ret=SUCCESS |  
2019-09-18 16:27:14,166 | INFO  | SCMAudit | user=jenkins1000 | ip=192.168.5.185 | op=SEND_HEARTBEAT {datanodeUUID=8884bba7-3460-4b10-8d54-dd5499715d80, command=[]} | ret=SUCCESS |  
2019-09-18 16:27:14,221 | INFO  | SCMAudit | user=jenkins1000 | ip=192.168.5.185 | op=SEND_HEARTBEAT {datanodeUUID=b61b0354-621b-4e20-a68d-2d53fecac27d, command=[]} | ret=SUCCESS |  
2019-09-18 16:27:14,255 | INFO  | SCMAudit | user=jenkins1000 | ip=192.168.5.185 | op=SEND_HEARTBEAT {datanodeUUID=891c1cf7-eb5d-4327-8423-159f04f60044, command=[]} | ret=SUCCESS |  
2019-09-18 16:27:14,258 | INFO  | SCMAudit | user=jenkins1000 | ip=192.168.5.185 | op=SEND_HEARTBEAT {datanodeUUID=2e09149d-5559-4fea-b716-0eb93f2cac4a, command=[]} | ret=SUCCESS |  
2019-09-18 16:27:14,378 | INFO  | SCMAudit | user=jenkins1000 | ip=192.168.5.185 | op=SEND_HEARTBEAT {datanodeUUID=8986536d-5b7d-4e16-8929-1d1bb41ad668, command=[]} | ret=SUCCESS |  
2019-09-18 16:27:14,556 | INFO  | SCMAudit | user=jenkins1000 | ip=192.168.5.185 | op=SEND_HEARTBEAT {datanodeUUID=bbe12df8-c2f1-49e2-8ab8-c8f9f8b834ae, command=[]} | ret=SUCCESS |  
2019-09-18 16:27:14,766 | INFO  | SCMAudit | user=jenkins1000 | ip=192.168.5.185 | op=SEND_HEARTBEAT {datanodeUUID=1d911544-627f-4c31-9b8f-a02840ac95b3, command=[]} | ret=SUCCESS |  
2019-09-18 16:27:15,166 | INFO  | SCMAudit | user=jenkins1000 | ip=192.168.5.185 | op=SEND_HEARTBEAT {datanodeUUID=8884bba7-3460-4b10-8d54-dd5499715d80, command=[]} | ret=SUCCESS |  
2019-09-18 16:27:15,221 | INFO  | SCMAudit | user=jenkins1000 | ip=192.168.5.185 | op=SEND_HEARTBEAT {datanodeUUID=b61b0354-621b-4e20-a68d-2d53fecac27d, command=[]} | ret=SUCCESS |  
2019-09-18 16:27:15,256 | INFO  | SCMAudit | user=jenkins1000 | ip=192.168.5.185 | op=SEND_HEARTBEAT {datanodeUUID=891c1cf7-eb5d-4327-8423-159f04f60044, command=[]} | ret=SUCCESS |  
2019-09-18 16:27:15,258 | INFO  | SCMAudit | user=jenkins1000 | ip=192.168.5.185 | op=SEND_HEARTBEAT {datanodeUUID=2e09149d-5559-4fea-b716-0eb93f2cac4a, command=[]} | ret=SUCCESS |  
2019-09-18 16:27:15,378 | INFO  | SCMAudit | user=jenkins1000 | ip=192.168.5.185 | op=SEND_HEARTBEAT {datanodeUUID=8986536d-5b7d-4e16-8929-1d1bb41ad668, command=[]} | ret=SUCCESS |  
2019-09-18 16:27:15,555 | INFO  | SCMAudit | user=jenkins1000 | ip=192.168.5.185 | op=SEND_HEARTBEAT {datanodeUUID=bbe12df8-c2f1-49e2-8ab8-c8f9f8b834ae, command=[]} | ret=SUCCESS |  
2019-09-18 16:27:15,767 | INFO  | SCMAudit | user=jenkins1000 | ip=192.168.5.185 | op=SEND_HEARTBEAT {datanodeUUID=1d911544-627f-4c31-9b8f-a02840ac95b3, command=[]} | ret=SUCCESS |  
2019-09-18 16:27:16,165 | INFO  | SCMAudit | user=jenkins1000 | ip=192.168.5.185 | op=SEND_HEARTBEAT {datanodeUUID=8884bba7-3460-4b10-8d54-dd5499715d80, command=[]} | ret=SUCCESS |  
2019-09-18 16:27:16,221 | INFO  | SCMAudit | user=jenkins1000 | ip=192.168.5.185 | op=SEND_HEARTBEAT {datanodeUUID=b61b0354-621b-4e20-a68d-2d53fecac27d, command=[]} | ret=SUCCESS |  
2019-09-18 16:27:16,256 | INFO  | SCMAudit | user=jenkins1000 | ip=192.168.5.185 | op=SEND_HEARTBEAT {datanodeUUID=891c1cf7-eb5d-4327-8423-159f04f60044, command=[]} | ret=SUCCESS |  
2019-09-18 16:27:16,258 | INFO  | SCMAudit | user=jenkins1000 | ip=192.168.5.185 | op=SEND_HEARTBEAT {datanodeUUID=2e09149d-5559-4fea-b716-0eb93f2cac4a, command=[]} | ret=SUCCESS |  
2019-09-18 16:27:16,378 | INFO  | SCMAudit | user=jenkins1000 | ip=192.168.5.185 | op=SEND_HEARTBEAT {datanodeUUID=8986536d-5b7d-4e16-8929-1d1bb41ad668, command=[]} | ret=SUCCESS |  
2019-09-18 16:27:16,555 | INFO  | SCMAudit | user=jenkins1000 | ip=192.168.5.185 | op=SEND_HEARTBEAT {datanodeUUID=bbe12df8-c2f1-49e2-8ab8-c8f9f8b834ae, command=[]} | ret=SUCCESS |  
2019-09-18 16:27:16,766 | INFO  | SCMAudit | user=jenkins1000 | ip=192.168.5.185 | op=SEND_HEARTBEAT {datanodeUUID=1d911544-627f-4c31-9b8f-a02840ac95b3, command=[]} | ret=SUCCESS |  
2019-09-18 16:27:17,166 | INFO  | SCMAudit | user=jenkins1000 | ip=192.168.5.185 | op=SEND_HEARTBEAT {datanodeUUID=8884bba7-3460-4b10-8d54-dd5499715d80, command=[]} | ret=SUCCESS |  
2019-09-18 16:27:17,222 | INFO  | SCMAudit | user=jenkins1000 | ip=192.168.5.185 | op=SEND_HEARTBEAT {datanodeUUID=b61b0354-621b-4e20-a68d-2d53fecac27d, command=[]} | ret=SUCCESS |  
2019-09-18 16:27:17,256 | INFO  | SCMAudit | user=jenkins1000 | ip=192.168.5.185 | op=SEND_HEARTBEAT {datanodeUUID=891c1cf7-eb5d-4327-8423-159f04f60044, command=[]} | ret=SUCCESS |  
2019-09-18 16:27:17,258 | INFO  | SCMAudit | user=jenkins1000 | ip=192.168.5.185 | op=SEND_HEARTBEAT {datanodeUUID=2e09149d-5559-4fea-b716-0eb93f2cac4a, command=[]} | ret=SUCCESS |  
2019-09-18 16:27:17,379 | INFO  | SCMAudit | user=jenkins1000 | ip=192.168.5.185 | op=SEND_HEARTBEAT {datanodeUUID=8986536d-5b7d-4e16-8929-1d1bb41ad668, command=[]} | ret=SUCCESS |  
2019-09-18 16:27:17,555 | INFO  | SCMAudit | user=jenkins1000 | ip=192.168.5.185 | op=SEND_HEARTBEAT {datanodeUUID=bbe12df8-c2f1-49e2-8ab8-c8f9f8b834ae, command=[]} | ret=SUCCESS |  
2019-09-18 16:27:17,766 | INFO  | SCMAudit | user=jenkins1000 | ip=192.168.5.185 | op=SEND_HEARTBEAT {datanodeUUID=1d911544-627f-4c31-9b8f-a02840ac95b3, command=[]} | ret=SUCCESS |  
2019-09-18 16:27:18,026 [grpc-default-executor-8] INFO  client.GrpcClientProtocolClient (GrpcClientProtocolClient.java:onNext(255)) - client-08D30C90C1DD->891c1cf7-eb5d-4327-8423-159f04f60044: receive RaftClientReply:client-08D30C90C1DD->891c1cf7-eb5d-4327-8423-159f04f60044@group-1A1F4B3A8F4F, cid=45, FAILED org.apache.ratis.protocol.NotLeaderException: Server 891c1cf7-eb5d-4327-8423-159f04f60044 is not the leader (b61b0354-621b-4e20-a68d-2d53fecac27d:192.168.5.185:39516). Request must be sent to leader., logIndex=0, commits[891c1cf7-eb5d-4327-8423-159f04f60044:c8, b61b0354-621b-4e20-a68d-2d53fecac27d:c8, 2e09149d-5559-4fea-b716-0eb93f2cac4a:c8]
2019-09-18 16:27:18,166 | INFO  | SCMAudit | user=jenkins1000 | ip=192.168.5.185 | op=SEND_HEARTBEAT {datanodeUUID=8884bba7-3460-4b10-8d54-dd5499715d80, command=[]} | ret=SUCCESS |  
2019-09-18 16:27:18,222 | INFO  | SCMAudit | user=jenkins1000 | ip=192.168.5.185 | op=SEND_HEARTBEAT {datanodeUUID=b61b0354-621b-4e20-a68d-2d53fecac27d, command=[]} | ret=SUCCESS |  
2019-09-18 16:27:18,256 | INFO  | SCMAudit | user=jenkins1000 | ip=192.168.5.185 | op=SEND_HEARTBEAT {datanodeUUID=891c1cf7-eb5d-4327-8423-159f04f60044, command=[]} | ret=SUCCESS |  
2019-09-18 16:27:18,258 | INFO  | SCMAudit | user=jenkins1000 | ip=192.168.5.185 | op=SEND_HEARTBEAT {datanodeUUID=2e09149d-5559-4fea-b716-0eb93f2cac4a, command=[]} | ret=SUCCESS |  
2019-09-18 16:27:18,379 | INFO  | SCMAudit | user=jenkins1000 | ip=192.168.5.185 | op=SEND_HEARTBEAT {datanodeUUID=8986536d-5b7d-4e16-8929-1d1bb41ad668, command=[]} | ret=SUCCESS |  
2019-09-18 16:27:18,555 | INFO  | SCMAudit | user=jenkins1000 | ip=192.168.5.185 | op=SEND_HEARTBEAT {datanodeUUID=bbe12df8-c2f1-49e2-8ab8-c8f9f8b834ae, command=[]} | ret=SUCCESS |  
2019-09-18 16:27:18,767 | INFO  | SCMAudit | user=jenkins1000 | ip=192.168.5.185 | op=SEND_HEARTBEAT {datanodeUUID=1d911544-627f-4c31-9b8f-a02840ac95b3, command=[]} | ret=SUCCESS |  
2019-09-18 16:27:19,166 | INFO  | SCMAudit | user=jenkins1000 | ip=192.168.5.185 | op=SEND_HEARTBEAT {datanodeUUID=8884bba7-3460-4b10-8d54-dd5499715d80, command=[]} | ret=SUCCESS |  
2019-09-18 16:27:19,223 | INFO  | SCMAudit | user=jenkins1000 | ip=192.168.5.185 | op=SEND_HEARTBEAT {datanodeUUID=b61b0354-621b-4e20-a68d-2d53fecac27d, command=[]} | ret=SUCCESS |  
2019-09-18 16:27:19,256 | INFO  | SCMAudit | user=jenkins1000 | ip=192.168.5.185 | op=SEND_HEARTBEAT {datanodeUUID=891c1cf7-eb5d-4327-8423-159f04f60044, command=[]} | ret=SUCCESS |  
2019-09-18 16:27:19,258 | INFO  | SCMAudit | user=jenkins1000 | ip=192.168.5.185 | op=SEND_HEARTBEAT {datanodeUUID=2e09149d-5559-4fea-b716-0eb93f2cac4a, command=[]} | ret=SUCCESS |  
2019-09-18 16:27:19,380 | INFO  | SCMAudit | user=jenkins1000 | ip=192.168.5.185 | op=SEND_HEARTBEAT {datanodeUUID=8986536d-5b7d-4e16-8929-1d1bb41ad668, command=[]} | ret=SUCCESS |  
2019-09-18 16:27:19,555 | INFO  | SCMAudit | user=jenkins1000 | ip=192.168.5.185 | op=SEND_HEARTBEAT {datanodeUUID=bbe12df8-c2f1-49e2-8ab8-c8f9f8b834ae, command=[]} | ret=SUCCESS |  
2019-09-18 16:27:19,767 | INFO  | SCMAudit | user=jenkins1000 | ip=192.168.5.185 | op=SEND_HEARTBEAT {datanodeUUID=1d911544-627f-4c31-9b8f-a02840ac95b3, command=[]} | ret=SUCCESS |  
2019-09-18 16:27:20,166 | INFO  | SCMAudit | user=jenkins1000 | ip=192.168.5.185 | op=SEND_HEARTBEAT {datanodeUUID=8884bba7-3460-4b10-8d54-dd5499715d80, command=[]} | ret=SUCCESS |  
2019-09-18 16:27:20,223 | INFO  | SCMAudit | user=jenkins1000 | ip=192.168.5.185 | op=SEND_HEARTBEAT {datanodeUUID=b61b0354-621b-4e20-a68d-2d53fecac27d, command=[]} | ret=SUCCESS |  
2019-09-18 16:27:20,256 | INFO  | SCMAudit | user=jenkins1000 | ip=192.168.5.185 | op=SEND_HEARTBEAT {datanodeUUID=891c1cf7-eb5d-4327-8423-159f04f60044, command=[]} | ret=SUCCESS |  
2019-09-18 16:27:20,258 | INFO  | SCMAudit | user=jenkins1000 | ip=192.168.5.185 | op=SEND_HEARTBEAT {datanodeUUID=2e09149d-5559-4fea-b716-0eb93f2cac4a, command=[]} | ret=SUCCESS |  
2019-09-18 16:27:20,380 | INFO  | SCMAudit | user=jenkins1000 | ip=192.168.5.185 | op=SEND_HEARTBEAT {datanodeUUID=8986536d-5b7d-4e16-8929-1d1bb41ad668, command=[]} | ret=SUCCESS |  
2019-09-18 16:27:20,555 | INFO  | SCMAudit | user=jenkins1000 | ip=192.168.5.185 | op=SEND_HEARTBEAT {datanodeUUID=bbe12df8-c2f1-49e2-8ab8-c8f9f8b834ae, command=[]} | ret=SUCCESS |  
2019-09-18 16:27:20,767 | INFO  | SCMAudit | user=jenkins1000 | ip=192.168.5.185 | op=SEND_HEARTBEAT {datanodeUUID=1d911544-627f-4c31-9b8f-a02840ac95b3, command=[]} | ret=SUCCESS |  
2019-09-18 16:27:21,166 | INFO  | SCMAudit | user=jenkins1000 | ip=192.168.5.185 | op=SEND_HEARTBEAT {datanodeUUID=8884bba7-3460-4b10-8d54-dd5499715d80, command=[]} | ret=SUCCESS |  
2019-09-18 16:27:21,223 | INFO  | SCMAudit | user=jenkins1000 | ip=192.168.5.185 | op=SEND_HEARTBEAT {datanodeUUID=b61b0354-621b-4e20-a68d-2d53fecac27d, command=[]} | ret=SUCCESS |  
2019-09-18 16:27:21,256 | INFO  | SCMAudit | user=jenkins1000 | ip=192.168.5.185 | op=SEND_HEARTBEAT {datanodeUUID=891c1cf7-eb5d-4327-8423-159f04f60044, command=[]} | ret=SUCCESS |  
2019-09-18 16:27:21,258 | INFO  | SCMAudit | user=jenkins1000 | ip=192.168.5.185 | op=SEND_HEARTBEAT {datanodeUUID=2e09149d-5559-4fea-b716-0eb93f2cac4a, command=[]} | ret=SUCCESS |  
2019-09-18 16:27:21,380 | INFO  | SCMAudit | user=jenkins1000 | ip=192.168.5.185 | op=SEND_HEARTBEAT {datanodeUUID=8986536d-5b7d-4e16-8929-1d1bb41ad668, command=[]} | ret=SUCCESS |  
2019-09-18 16:27:21,556 | INFO  | SCMAudit | user=jenkins1000 | ip=192.168.5.185 | op=SEND_HEARTBEAT {datanodeUUID=bbe12df8-c2f1-49e2-8ab8-c8f9f8b834ae, command=[]} | ret=SUCCESS |  
2019-09-18 16:27:21,767 | INFO  | SCMAudit | user=jenkins1000 | ip=192.168.5.185 | op=SEND_HEARTBEAT {datanodeUUID=1d911544-627f-4c31-9b8f-a02840ac95b3, command=[]} | ret=SUCCESS |  
2019-09-18 16:27:22,166 | INFO  | SCMAudit | user=jenkins1000 | ip=192.168.5.185 | op=SEND_HEARTBEAT {datanodeUUID=8884bba7-3460-4b10-8d54-dd5499715d80, command=[]} | ret=SUCCESS |  
2019-09-18 16:27:22,223 | INFO  | SCMAudit | user=jenkins1000 | ip=192.168.5.185 | op=SEND_HEARTBEAT {datanodeUUID=b61b0354-621b-4e20-a68d-2d53fecac27d, command=[]} | ret=SUCCESS |  
2019-09-18 16:27:22,256 | INFO  | SCMAudit | user=jenkins1000 | ip=192.168.5.185 | op=SEND_HEARTBEAT {datanodeUUID=891c1cf7-eb5d-4327-8423-159f04f60044, command=[]} | ret=SUCCESS |  
2019-09-18 16:27:22,258 | INFO  | SCMAudit | user=jenkins1000 | ip=192.168.5.185 | op=SEND_HEARTBEAT {datanodeUUID=2e09149d-5559-4fea-b716-0eb93f2cac4a, command=[]} | ret=SUCCESS |  
2019-09-18 16:27:22,380 | INFO  | SCMAudit | user=jenkins1000 | ip=192.168.5.185 | op=SEND_HEARTBEAT {datanodeUUID=8986536d-5b7d-4e16-8929-1d1bb41ad668, command=[]} | ret=SUCCESS |  
2019-09-18 16:27:22,556 | INFO  | SCMAudit | user=jenkins1000 | ip=192.168.5.185 | op=SEND_HEARTBEAT {datanodeUUID=bbe12df8-c2f1-49e2-8ab8-c8f9f8b834ae, command=[]} | ret=SUCCESS |  
2019-09-18 16:27:22,768 | INFO  | SCMAudit | user=jenkins1000 | ip=192.168.5.185 | op=SEND_HEARTBEAT {datanodeUUID=1d911544-627f-4c31-9b8f-a02840ac95b3, command=[]} | ret=SUCCESS |  
2019-09-18 16:27:23,068 [grpc-default-executor-8] INFO  client.GrpcClientProtocolClient (GrpcClientProtocolClient.java:onNext(255)) - client-08D30C90C1DD->891c1cf7-eb5d-4327-8423-159f04f60044: receive RaftClientReply:client-08D30C90C1DD->891c1cf7-eb5d-4327-8423-159f04f60044@group-1A1F4B3A8F4F, cid=45, FAILED org.apache.ratis.protocol.NotLeaderException: Server 891c1cf7-eb5d-4327-8423-159f04f60044 is not the leader (b61b0354-621b-4e20-a68d-2d53fecac27d:192.168.5.185:39516). Request must be sent to leader., logIndex=0, commits[891c1cf7-eb5d-4327-8423-159f04f60044:c8, b61b0354-621b-4e20-a68d-2d53fecac27d:c8, 2e09149d-5559-4fea-b716-0eb93f2cac4a:c8]
2019-09-18 16:27:23,166 | INFO  | SCMAudit | user=jenkins1000 | ip=192.168.5.185 | op=SEND_HEARTBEAT {datanodeUUID=8884bba7-3460-4b10-8d54-dd5499715d80, command=[]} | ret=SUCCESS |  
2019-09-18 16:27:23,224 | INFO  | SCMAudit | user=jenkins1000 | ip=192.168.5.185 | op=SEND_HEARTBEAT {datanodeUUID=b61b0354-621b-4e20-a68d-2d53fecac27d, command=[]} | ret=SUCCESS |  
2019-09-18 16:27:23,257 | INFO  | SCMAudit | user=jenkins1000 | ip=192.168.5.185 | op=SEND_HEARTBEAT {datanodeUUID=891c1cf7-eb5d-4327-8423-159f04f60044, command=[]} | ret=SUCCESS |  
2019-09-18 16:27:23,258 | INFO  | SCMAudit | user=jenkins1000 | ip=192.168.5.185 | op=SEND_HEARTBEAT {datanodeUUID=2e09149d-5559-4fea-b716-0eb93f2cac4a, command=[]} | ret=SUCCESS |  
2019-09-18 16:27:23,380 | INFO  | SCMAudit | user=jenkins1000 | ip=192.168.5.185 | op=SEND_HEARTBEAT {datanodeUUID=8986536d-5b7d-4e16-8929-1d1bb41ad668, command=[]} | ret=SUCCESS |  
2019-09-18 16:27:23,556 | INFO  | SCMAudit | user=jenkins1000 | ip=192.168.5.185 | op=SEND_HEARTBEAT {datanodeUUID=bbe12df8-c2f1-49e2-8ab8-c8f9f8b834ae, command=[]} | ret=SUCCESS |  
2019-09-18 16:27:23,768 | INFO  | SCMAudit | user=jenkins1000 | ip=192.168.5.185 | op=SEND_HEARTBEAT {datanodeUUID=1d911544-627f-4c31-9b8f-a02840ac95b3, command=[]} | ret=SUCCESS |  
2019-09-18 16:27:24,166 | INFO  | SCMAudit | user=jenkins1000 | ip=192.168.5.185 | op=SEND_HEARTBEAT {datanodeUUID=8884bba7-3460-4b10-8d54-dd5499715d80, command=[]} | ret=SUCCESS |  
2019-09-18 16:27:24,224 | INFO  | SCMAudit | user=jenkins1000 | ip=192.168.5.185 | op=SEND_HEARTBEAT {datanodeUUID=b61b0354-621b-4e20-a68d-2d53fecac27d, command=[]} | ret=SUCCESS |  
2019-09-18 16:27:24,257 | INFO  | SCMAudit | user=jenkins1000 | ip=192.168.5.185 | op=SEND_HEARTBEAT {datanodeUUID=891c1cf7-eb5d-4327-8423-159f04f60044, command=[]} | ret=SUCCESS |  
2019-09-18 16:27:24,258 | INFO  | SCMAudit | user=jenkins1000 | ip=192.168.5.185 | op=SEND_HEARTBEAT {datanodeUUID=2e09149d-5559-4fea-b716-0eb93f2cac4a, command=[]} | ret=SUCCESS |  
2019-09-18 16:27:24,382 | INFO  | SCMAudit | user=jenkins1000 | ip=192.168.5.185 | op=SEND_HEARTBEAT {datanodeUUID=8986536d-5b7d-4e16-8929-1d1bb41ad668, command=[]} | ret=SUCCESS |  
2019-09-18 16:27:24,556 | INFO  | SCMAudit | user=jenkins1000 | ip=192.168.5.185 | op=SEND_HEARTBEAT {datanodeUUID=bbe12df8-c2f1-49e2-8ab8-c8f9f8b834ae, command=[]} | ret=SUCCESS |  
2019-09-18 16:27:24,768 | INFO  | SCMAudit | user=jenkins1000 | ip=192.168.5.185 | op=SEND_HEARTBEAT {datanodeUUID=1d911544-627f-4c31-9b8f-a02840ac95b3, command=[]} | ret=SUCCESS |  
2019-09-18 16:27:25,166 | INFO  | SCMAudit | user=jenkins1000 | ip=192.168.5.185 | op=SEND_HEARTBEAT {datanodeUUID=8884bba7-3460-4b10-8d54-dd5499715d80, command=[]} | ret=SUCCESS |  
2019-09-18 16:27:25,224 | INFO  | SCMAudit | user=jenkins1000 | ip=192.168.5.185 | op=SEND_HEARTBEAT {datanodeUUID=b61b0354-621b-4e20-a68d-2d53fecac27d, command=[]} | ret=SUCCESS |  
2019-09-18 16:27:25,257 | INFO  | SCMAudit | user=jenkins1000 | ip=192.168.5.185 | op=SEND_HEARTBEAT {datanodeUUID=891c1cf7-eb5d-4327-8423-159f04f60044, command=[]} | ret=SUCCESS |  
2019-09-18 16:27:25,258 | INFO  | SCMAudit | user=jenkins1000 | ip=192.168.5.185 | op=SEND_HEARTBEAT {datanodeUUID=2e09149d-5559-4fea-b716-0eb93f2cac4a, command=[]} | ret=SUCCESS |  
2019-09-18 16:27:25,382 | INFO  | SCMAudit | user=jenkins1000 | ip=192.168.5.185 | op=SEND_HEARTBEAT {datanodeUUID=8986536d-5b7d-4e16-8929-1d1bb41ad668, command=[]} | ret=SUCCESS |  
2019-09-18 16:27:25,556 | INFO  | SCMAudit | user=jenkins1000 | ip=192.168.5.185 | op=SEND_HEARTBEAT {datanodeUUID=bbe12df8-c2f1-49e2-8ab8-c8f9f8b834ae, command=[]} | ret=SUCCESS |  
2019-09-18 16:27:25,768 | INFO  | SCMAudit | user=jenkins1000 | ip=192.168.5.185 | op=SEND_HEARTBEAT {datanodeUUID=1d911544-627f-4c31-9b8f-a02840ac95b3, command=[]} | ret=SUCCESS |  
2019-09-18 16:27:26,166 | INFO  | SCMAudit | user=jenkins1000 | ip=192.168.5.185 | op=SEND_HEARTBEAT {datanodeUUID=8884bba7-3460-4b10-8d54-dd5499715d80, command=[]} | ret=SUCCESS |  
2019-09-18 16:27:26,224 | INFO  | SCMAudit | user=jenkins1000 | ip=192.168.5.185 | op=SEND_HEARTBEAT {datanodeUUID=b61b0354-621b-4e20-a68d-2d53fecac27d, command=[]} | ret=SUCCESS |  
2019-09-18 16:27:26,257 | INFO  | SCMAudit | user=jenkins1000 | ip=192.168.5.185 | op=SEND_HEARTBEAT {datanodeUUID=891c1cf7-eb5d-4327-8423-159f04f60044, command=[]} | ret=SUCCESS |  
2019-09-18 16:27:26,258 | INFO  | SCMAudit | user=jenkins1000 | ip=192.168.5.185 | op=SEND_HEARTBEAT {datanodeUUID=2e09149d-5559-4fea-b716-0eb93f2cac4a, command=[]} | ret=SUCCESS |  
2019-09-18 16:27:26,382 | INFO  | SCMAudit | user=jenkins1000 | ip=192.168.5.185 | op=SEND_HEARTBEAT {datanodeUUID=8986536d-5b7d-4e16-8929-1d1bb41ad668, command=[]} | ret=SUCCESS |  
2019-09-18 16:27:26,556 | INFO  | SCMAudit | user=jenkins1000 | ip=192.168.5.185 | op=SEND_HEARTBEAT {datanodeUUID=bbe12df8-c2f1-49e2-8ab8-c8f9f8b834ae, command=[]} | ret=SUCCESS |  
2019-09-18 16:27:26,768 | INFO  | SCMAudit | user=jenkins1000 | ip=192.168.5.185 | op=SEND_HEARTBEAT {datanodeUUID=1d911544-627f-4c31-9b8f-a02840ac95b3, command=[]} | ret=SUCCESS |  
2019-09-18 16:27:27,167 | INFO  | SCMAudit | user=jenkins1000 | ip=192.168.5.185 | op=SEND_HEARTBEAT {datanodeUUID=8884bba7-3460-4b10-8d54-dd5499715d80, command=[]} | ret=SUCCESS |  
2019-09-18 16:27:27,224 | INFO  | SCMAudit | user=jenkins1000 | ip=192.168.5.185 | op=SEND_HEARTBEAT {datanodeUUID=b61b0354-621b-4e20-a68d-2d53fecac27d, command=[]} | ret=SUCCESS |  
2019-09-18 16:27:27,257 | INFO  | SCMAudit | user=jenkins1000 | ip=192.168.5.185 | op=SEND_HEARTBEAT {datanodeUUID=891c1cf7-eb5d-4327-8423-159f04f60044, command=[]} | ret=SUCCESS |  
2019-09-18 16:27:27,258 | INFO  | SCMAudit | user=jenkins1000 | ip=192.168.5.185 | op=SEND_HEARTBEAT {datanodeUUID=2e09149d-5559-4fea-b716-0eb93f2cac4a, command=[]} | ret=SUCCESS |  
2019-09-18 16:27:27,382 | INFO  | SCMAudit | user=jenkins1000 | ip=192.168.5.185 | op=SEND_HEARTBEAT {datanodeUUID=8986536d-5b7d-4e16-8929-1d1bb41ad668, command=[]} | ret=SUCCESS |  
2019-09-18 16:27:27,556 | INFO  | SCMAudit | user=jenkins1000 | ip=192.168.5.185 | op=SEND_HEARTBEAT {datanodeUUID=bbe12df8-c2f1-49e2-8ab8-c8f9f8b834ae, command=[]} | ret=SUCCESS |  
2019-09-18 16:27:27,768 | INFO  | SCMAudit | user=jenkins1000 | ip=192.168.5.185 | op=SEND_HEARTBEAT {datanodeUUID=1d911544-627f-4c31-9b8f-a02840ac95b3, command=[]} | ret=SUCCESS |  
2019-09-18 16:27:28,110 [grpc-default-executor-8] INFO  client.GrpcClientProtocolClient (GrpcClientProtocolClient.java:onNext(255)) - client-08D30C90C1DD->891c1cf7-eb5d-4327-8423-159f04f60044: receive RaftClientReply:client-08D30C90C1DD->891c1cf7-eb5d-4327-8423-159f04f60044@group-1A1F4B3A8F4F, cid=45, FAILED org.apache.ratis.protocol.NotLeaderException: Server 891c1cf7-eb5d-4327-8423-159f04f60044 is not the leader (b61b0354-621b-4e20-a68d-2d53fecac27d:192.168.5.185:39516). Request must be sent to leader., logIndex=0, commits[891c1cf7-eb5d-4327-8423-159f04f60044:c8, b61b0354-621b-4e20-a68d-2d53fecac27d:c8, 2e09149d-5559-4fea-b716-0eb93f2cac4a:c8]
2019-09-18 16:27:28,167 | INFO  | SCMAudit | user=jenkins1000 | ip=192.168.5.185 | op=SEND_HEARTBEAT {datanodeUUID=8884bba7-3460-4b10-8d54-dd5499715d80, command=[]} | ret=SUCCESS |  
2019-09-18 16:27:28,224 | INFO  | SCMAudit | user=jenkins1000 | ip=192.168.5.185 | op=SEND_HEARTBEAT {datanodeUUID=b61b0354-621b-4e20-a68d-2d53fecac27d, command=[]} | ret=SUCCESS |  
2019-09-18 16:27:28,257 | INFO  | SCMAudit | user=jenkins1000 | ip=192.168.5.185 | op=SEND_HEARTBEAT {datanodeUUID=891c1cf7-eb5d-4327-8423-159f04f60044, command=[]} | ret=SUCCESS |  
2019-09-18 16:27:28,258 | INFO  | SCMAudit | user=jenkins1000 | ip=192.168.5.185 | op=SEND_HEARTBEAT {datanodeUUID=2e09149d-5559-4fea-b716-0eb93f2cac4a, command=[]} | ret=SUCCESS |  
2019-09-18 16:27:28,382 | INFO  | SCMAudit | user=jenkins1000 | ip=192.168.5.185 | op=SEND_HEARTBEAT {datanodeUUID=8986536d-5b7d-4e16-8929-1d1bb41ad668, command=[]} | ret=SUCCESS |  
2019-09-18 16:27:28,556 | INFO  | SCMAudit | user=jenkins1000 | ip=192.168.5.185 | op=SEND_HEARTBEAT {datanodeUUID=bbe12df8-c2f1-49e2-8ab8-c8f9f8b834ae, command=[]} | ret=SUCCESS |  
2019-09-18 16:27:28,770 | INFO  | SCMAudit | user=jenkins1000 | ip=192.168.5.185 | op=SEND_HEARTBEAT {datanodeUUID=1d911544-627f-4c31-9b8f-a02840ac95b3, command=[]} | ret=SUCCESS |  
2019-09-18 16:27:29,167 | INFO  | SCMAudit | user=jenkins1000 | ip=192.168.5.185 | op=SEND_HEARTBEAT {datanodeUUID=8884bba7-3460-4b10-8d54-dd5499715d80, command=[]} | ret=SUCCESS |  
2019-09-18 16:27:29,225 | INFO  | SCMAudit | user=jenkins1000 | ip=192.168.5.185 | op=SEND_HEARTBEAT {datanodeUUID=b61b0354-621b-4e20-a68d-2d53fecac27d, command=[]} | ret=SUCCESS |  
2019-09-18 16:27:29,258 | INFO  | SCMAudit | user=jenkins1000 | ip=192.168.5.185 | op=SEND_HEARTBEAT {datanodeUUID=2e09149d-5559-4fea-b716-0eb93f2cac4a, command=[]} | ret=SUCCESS |  
2019-09-18 16:27:29,259 | INFO  | SCMAudit | user=jenkins1000 | ip=192.168.5.185 | op=SEND_HEARTBEAT {datanodeUUID=891c1cf7-eb5d-4327-8423-159f04f60044, command=[]} | ret=SUCCESS |  
2019-09-18 16:27:29,383 | INFO  | SCMAudit | user=jenkins1000 | ip=192.168.5.185 | op=SEND_HEARTBEAT {datanodeUUID=8986536d-5b7d-4e16-8929-1d1bb41ad668, command=[]} | ret=SUCCESS |  
2019-09-18 16:27:29,556 | INFO  | SCMAudit | user=jenkins1000 | ip=192.168.5.185 | op=SEND_HEARTBEAT {datanodeUUID=bbe12df8-c2f1-49e2-8ab8-c8f9f8b834ae, command=[]} | ret=SUCCESS |  
2019-09-18 16:27:29,770 | INFO  | SCMAudit | user=jenkins1000 | ip=192.168.5.185 | op=SEND_HEARTBEAT {datanodeUUID=1d911544-627f-4c31-9b8f-a02840ac95b3, command=[]} | ret=SUCCESS |  
2019-09-18 16:27:30,167 | INFO  | SCMAudit | user=jenkins1000 | ip=192.168.5.185 | op=SEND_HEARTBEAT {datanodeUUID=8884bba7-3460-4b10-8d54-dd5499715d80, command=[]} | ret=SUCCESS |  
2019-09-18 16:27:30,225 | INFO  | SCMAudit | user=jenkins1000 | ip=192.168.5.185 | op=SEND_HEARTBEAT {datanodeUUID=b61b0354-621b-4e20-a68d-2d53fecac27d, command=[]} | ret=SUCCESS |  
2019-09-18 16:27:30,258 | INFO  | SCMAudit | user=jenkins1000 | ip=192.168.5.185 | op=SEND_HEARTBEAT {datanodeUUID=2e09149d-5559-4fea-b716-0eb93f2cac4a, command=[]} | ret=SUCCESS |  
2019-09-18 16:27:30,259 | INFO  | SCMAudit | user=jenkins1000 | ip=192.168.5.185 | op=SEND_HEARTBEAT {datanodeUUID=891c1cf7-eb5d-4327-8423-159f04f60044, command=[]} | ret=SUCCESS |  
2019-09-18 16:27:30,382 | INFO  | SCMAudit | user=jenkins1000 | ip=192.168.5.185 | op=SEND_HEARTBEAT {datanodeUUID=8986536d-5b7d-4e16-8929-1d1bb41ad668, command=[]} | ret=SUCCESS |  
2019-09-18 16:27:30,558 | INFO  | SCMAudit | user=jenkins1000 | ip=192.168.5.185 | op=SEND_HEARTBEAT {datanodeUUID=bbe12df8-c2f1-49e2-8ab8-c8f9f8b834ae, command=[]} | ret=SUCCESS |  
2019-09-18 16:27:30,770 | INFO  | SCMAudit | user=jenkins1000 | ip=192.168.5.185 | op=SEND_HEARTBEAT {datanodeUUID=1d911544-627f-4c31-9b8f-a02840ac95b3, command=[]} | ret=SUCCESS |  
2019-09-18 16:27:31,167 | INFO  | SCMAudit | user=jenkins1000 | ip=192.168.5.185 | op=SEND_HEARTBEAT {datanodeUUID=8884bba7-3460-4b10-8d54-dd5499715d80, command=[]} | ret=SUCCESS |  
2019-09-18 16:27:31,225 | INFO  | SCMAudit | user=jenkins1000 | ip=192.168.5.185 | op=SEND_HEARTBEAT {datanodeUUID=b61b0354-621b-4e20-a68d-2d53fecac27d, command=[]} | ret=SUCCESS |  
2019-09-18 16:27:31,258 | INFO  | SCMAudit | user=jenkins1000 | ip=192.168.5.185 | op=SEND_HEARTBEAT {datanodeUUID=2e09149d-5559-4fea-b716-0eb93f2cac4a, command=[]} | ret=SUCCESS |  
2019-09-18 16:27:31,259 | INFO  | SCMAudit | user=jenkins1000 | ip=192.168.5.185 | op=SEND_HEARTBEAT {datanodeUUID=891c1cf7-eb5d-4327-8423-159f04f60044, command=[]} | ret=SUCCESS |  
2019-09-18 16:27:31,382 | INFO  | SCMAudit | user=jenkins1000 | ip=192.168.5.185 | op=SEND_HEARTBEAT {datanodeUUID=8986536d-5b7d-4e16-8929-1d1bb41ad668, command=[]} | ret=SUCCESS |  
2019-09-18 16:27:31,558 | INFO  | SCMAudit | user=jenkins1000 | ip=192.168.5.185 | op=SEND_HEARTBEAT {datanodeUUID=bbe12df8-c2f1-49e2-8ab8-c8f9f8b834ae, command=[]} | ret=SUCCESS |  
2019-09-18 16:27:31,770 | INFO  | SCMAudit | user=jenkins1000 | ip=192.168.5.185 | op=SEND_HEARTBEAT {datanodeUUID=1d911544-627f-4c31-9b8f-a02840ac95b3, command=[]} | ret=SUCCESS |  
2019-09-18 16:27:32,168 | INFO  | SCMAudit | user=jenkins1000 | ip=192.168.5.185 | op=SEND_HEARTBEAT {datanodeUUID=8884bba7-3460-4b10-8d54-dd5499715d80, command=[]} | ret=SUCCESS |  
2019-09-18 16:27:32,225 | INFO  | SCMAudit | user=jenkins1000 | ip=192.168.5.185 | op=SEND_HEARTBEAT {datanodeUUID=b61b0354-621b-4e20-a68d-2d53fecac27d, command=[]} | ret=SUCCESS |  
2019-09-18 16:27:32,258 | INFO  | SCMAudit | user=jenkins1000 | ip=192.168.5.185 | op=SEND_HEARTBEAT {datanodeUUID=2e09149d-5559-4fea-b716-0eb93f2cac4a, command=[]} | ret=SUCCESS |  
2019-09-18 16:27:32,259 | INFO  | SCMAudit | user=jenkins1000 | ip=192.168.5.185 | op=SEND_HEARTBEAT {datanodeUUID=891c1cf7-eb5d-4327-8423-159f04f60044, command=[]} | ret=SUCCESS |  
2019-09-18 16:27:32,381 | INFO  | SCMAudit | user=jenkins1000 | ip=192.168.5.185 | op=SEND_HEARTBEAT {datanodeUUID=8986536d-5b7d-4e16-8929-1d1bb41ad668, command=[]} | ret=SUCCESS |  
2019-09-18 16:27:32,559 | INFO  | SCMAudit | user=jenkins1000 | ip=192.168.5.185 | op=SEND_HEARTBEAT {datanodeUUID=bbe12df8-c2f1-49e2-8ab8-c8f9f8b834ae, command=[]} | ret=SUCCESS |  
2019-09-18 16:27:32,770 | INFO  | SCMAudit | user=jenkins1000 | ip=192.168.5.185 | op=SEND_HEARTBEAT {datanodeUUID=1d911544-627f-4c31-9b8f-a02840ac95b3, command=[]} | ret=SUCCESS |  
2019-09-18 16:27:33,156 [grpc-default-executor-1] INFO  client.GrpcClientProtocolClient (GrpcClientProtocolClient.java:onNext(255)) - client-08D30C90C1DD->891c1cf7-eb5d-4327-8423-159f04f60044: receive RaftClientReply:client-08D30C90C1DD->891c1cf7-eb5d-4327-8423-159f04f60044@group-1A1F4B3A8F4F, cid=45, FAILED org.apache.ratis.protocol.NotLeaderException: Server 891c1cf7-eb5d-4327-8423-159f04f60044 is not the leader (b61b0354-621b-4e20-a68d-2d53fecac27d:192.168.5.185:39516). Request must be sent to leader., logIndex=0, commits[891c1cf7-eb5d-4327-8423-159f04f60044:c8, b61b0354-621b-4e20-a68d-2d53fecac27d:c8, 2e09149d-5559-4fea-b716-0eb93f2cac4a:c8]
2019-09-18 16:27:33,168 | INFO  | SCMAudit | user=jenkins1000 | ip=192.168.5.185 | op=SEND_HEARTBEAT {datanodeUUID=8884bba7-3460-4b10-8d54-dd5499715d80, command=[]} | ret=SUCCESS |  
2019-09-18 16:27:33,225 | INFO  | SCMAudit | user=jenkins1000 | ip=192.168.5.185 | op=SEND_HEARTBEAT {datanodeUUID=b61b0354-621b-4e20-a68d-2d53fecac27d, command=[]} | ret=SUCCESS |  
2019-09-18 16:27:33,258 | INFO  | SCMAudit | user=jenkins1000 | ip=192.168.5.185 | op=SEND_HEARTBEAT {datanodeUUID=2e09149d-5559-4fea-b716-0eb93f2cac4a, command=[]} | ret=SUCCESS |  
2019-09-18 16:27:33,259 | INFO  | SCMAudit | user=jenkins1000 | ip=192.168.5.185 | op=SEND_HEARTBEAT {datanodeUUID=891c1cf7-eb5d-4327-8423-159f04f60044, command=[]} | ret=SUCCESS |  
2019-09-18 16:27:33,382 | INFO  | SCMAudit | user=jenkins1000 | ip=192.168.5.185 | op=SEND_HEARTBEAT {datanodeUUID=8986536d-5b7d-4e16-8929-1d1bb41ad668, command=[]} | ret=SUCCESS |  
2019-09-18 16:27:33,559 | INFO  | SCMAudit | user=jenkins1000 | ip=192.168.5.185 | op=SEND_HEARTBEAT {datanodeUUID=bbe12df8-c2f1-49e2-8ab8-c8f9f8b834ae, command=[]} | ret=SUCCESS |  
2019-09-18 16:27:33,770 | INFO  | SCMAudit | user=jenkins1000 | ip=192.168.5.185 | op=SEND_HEARTBEAT {datanodeUUID=1d911544-627f-4c31-9b8f-a02840ac95b3, command=[]} | ret=SUCCESS |  
2019-09-18 16:27:34,172 | INFO  | SCMAudit | user=jenkins1000 | ip=192.168.5.185 | op=SEND_HEARTBEAT {datanodeUUID=8884bba7-3460-4b10-8d54-dd5499715d80, command=[]} | ret=SUCCESS |  
2019-09-18 16:27:34,225 | INFO  | SCMAudit | user=jenkins1000 | ip=192.168.5.185 | op=SEND_HEARTBEAT {datanodeUUID=b61b0354-621b-4e20-a68d-2d53fecac27d, command=[]} | ret=SUCCESS |  
2019-09-18 16:27:34,258 | INFO  | SCMAudit | user=jenkins1000 | ip=192.168.5.185 | op=SEND_HEARTBEAT {datanodeUUID=2e09149d-5559-4fea-b716-0eb93f2cac4a, command=[]} | ret=SUCCESS |  
2019-09-18 16:27:34,258 | INFO  | SCMAudit | user=jenkins1000 | ip=192.168.5.185 | op=SEND_HEARTBEAT {datanodeUUID=891c1cf7-eb5d-4327-8423-159f04f60044, command=[]} | ret=SUCCESS |  
2019-09-18 16:27:34,383 | INFO  | SCMAudit | user=jenkins1000 | ip=192.168.5.185 | op=SEND_HEARTBEAT {datanodeUUID=8986536d-5b7d-4e16-8929-1d1bb41ad668, command=[]} | ret=SUCCESS |  
2019-09-18 16:27:34,559 | INFO  | SCMAudit | user=jenkins1000 | ip=192.168.5.185 | op=SEND_HEARTBEAT {datanodeUUID=bbe12df8-c2f1-49e2-8ab8-c8f9f8b834ae, command=[]} | ret=SUCCESS |  
2019-09-18 16:27:34,770 | INFO  | SCMAudit | user=jenkins1000 | ip=192.168.5.185 | op=SEND_HEARTBEAT {datanodeUUID=1d911544-627f-4c31-9b8f-a02840ac95b3, command=[]} | ret=SUCCESS |  
2019-09-18 16:27:35,172 | INFO  | SCMAudit | user=jenkins1000 | ip=192.168.5.185 | op=SEND_HEARTBEAT {datanodeUUID=8884bba7-3460-4b10-8d54-dd5499715d80, command=[]} | ret=SUCCESS |  
2019-09-18 16:27:35,225 | INFO  | SCMAudit | user=jenkins1000 | ip=192.168.5.185 | op=SEND_HEARTBEAT {datanodeUUID=b61b0354-621b-4e20-a68d-2d53fecac27d, command=[]} | ret=SUCCESS |  
2019-09-18 16:27:35,258 | INFO  | SCMAudit | user=jenkins1000 | ip=192.168.5.185 | op=SEND_HEARTBEAT {datanodeUUID=2e09149d-5559-4fea-b716-0eb93f2cac4a, command=[]} | ret=SUCCESS |  
2019-09-18 16:27:35,259 | INFO  | SCMAudit | user=jenkins1000 | ip=192.168.5.185 | op=SEND_HEARTBEAT {datanodeUUID=891c1cf7-eb5d-4327-8423-159f04f60044, command=[]} | ret=SUCCESS |  
2019-09-18 16:27:35,383 | INFO  | SCMAudit | user=jenkins1000 | ip=192.168.5.185 | op=SEND_HEARTBEAT {datanodeUUID=8986536d-5b7d-4e16-8929-1d1bb41ad668, command=[]} | ret=SUCCESS |  
2019-09-18 16:27:35,559 | INFO  | SCMAudit | user=jenkins1000 | ip=192.168.5.185 | op=SEND_HEARTBEAT {datanodeUUID=bbe12df8-c2f1-49e2-8ab8-c8f9f8b834ae, command=[]} | ret=SUCCESS |  
2019-09-18 16:27:35,770 | INFO  | SCMAudit | user=jenkins1000 | ip=192.168.5.185 | op=SEND_HEARTBEAT {datanodeUUID=1d911544-627f-4c31-9b8f-a02840ac95b3, command=[]} | ret=SUCCESS |  
2019-09-18 16:27:36,172 | INFO  | SCMAudit | user=jenkins1000 | ip=192.168.5.185 | op=SEND_HEARTBEAT {datanodeUUID=8884bba7-3460-4b10-8d54-dd5499715d80, command=[]} | ret=SUCCESS |  
2019-09-18 16:27:36,225 | INFO  | SCMAudit | user=jenkins1000 | ip=192.168.5.185 | op=SEND_HEARTBEAT {datanodeUUID=b61b0354-621b-4e20-a68d-2d53fecac27d, command=[]} | ret=SUCCESS |  
2019-09-18 16:27:36,258 | INFO  | SCMAudit | user=jenkins1000 | ip=192.168.5.185 | op=SEND_HEARTBEAT {datanodeUUID=891c1cf7-eb5d-4327-8423-159f04f60044, command=[]} | ret=SUCCESS |  
2019-09-18 16:27:36,258 | INFO  | SCMAudit | user=jenkins1000 | ip=192.168.5.185 | op=SEND_HEARTBEAT {datanodeUUID=2e09149d-5559-4fea-b716-0eb93f2cac4a, command=[]} | ret=SUCCESS |  
2019-09-18 16:27:36,383 | INFO  | SCMAudit | user=jenkins1000 | ip=192.168.5.185 | op=SEND_HEARTBEAT {datanodeUUID=8986536d-5b7d-4e16-8929-1d1bb41ad668, command=[]} | ret=SUCCESS |  
2019-09-18 16:27:36,559 | INFO  | SCMAudit | user=jenkins1000 | ip=192.168.5.185 | op=SEND_HEARTBEAT {datanodeUUID=bbe12df8-c2f1-49e2-8ab8-c8f9f8b834ae, command=[]} | ret=SUCCESS |  
2019-09-18 16:27:36,770 | INFO  | SCMAudit | user=jenkins1000 | ip=192.168.5.185 | op=SEND_HEARTBEAT {datanodeUUID=1d911544-627f-4c31-9b8f-a02840ac95b3, command=[]} | ret=SUCCESS |  
2019-09-18 16:27:37,181 | INFO  | SCMAudit | user=jenkins1000 | ip=192.168.5.185 | op=SEND_HEARTBEAT {datanodeUUID=8884bba7-3460-4b10-8d54-dd5499715d80, command=[]} | ret=SUCCESS |  
2019-09-18 16:27:37,225 | INFO  | SCMAudit | user=jenkins1000 | ip=192.168.5.185 | op=SEND_HEARTBEAT {datanodeUUID=b61b0354-621b-4e20-a68d-2d53fecac27d, command=[]} | ret=SUCCESS |  
2019-09-18 16:27:37,258 | INFO  | SCMAudit | user=jenkins1000 | ip=192.168.5.185 | op=SEND_HEARTBEAT {datanodeUUID=891c1cf7-eb5d-4327-8423-159f04f60044, command=[]} | ret=SUCCESS |  
2019-09-18 16:27:37,258 | INFO  | SCMAudit | user=jenkins1000 | ip=192.168.5.185 | op=SEND_HEARTBEAT {datanodeUUID=2e09149d-5559-4fea-b716-0eb93f2cac4a, command=[]} | ret=SUCCESS |  
2019-09-18 16:27:37,383 | INFO  | SCMAudit | user=jenkins1000 | ip=192.168.5.185 | op=SEND_HEARTBEAT {datanodeUUID=8986536d-5b7d-4e16-8929-1d1bb41ad668, command=[]} | ret=SUCCESS |  
2019-09-18 16:27:37,559 | INFO  | SCMAudit | user=jenkins1000 | ip=192.168.5.185 | op=SEND_HEARTBEAT {datanodeUUID=bbe12df8-c2f1-49e2-8ab8-c8f9f8b834ae, command=[]} | ret=SUCCESS |  
2019-09-18 16:27:37,770 | INFO  | SCMAudit | user=jenkins1000 | ip=192.168.5.185 | op=SEND_HEARTBEAT {datanodeUUID=1d911544-627f-4c31-9b8f-a02840ac95b3, command=[]} | ret=SUCCESS |  
2019-09-18 16:27:38,176 | INFO  | SCMAudit | user=jenkins1000 | ip=192.168.5.185 | op=SEND_HEARTBEAT {datanodeUUID=8884bba7-3460-4b10-8d54-dd5499715d80, command=[]} | ret=SUCCESS |  
2019-09-18 16:27:38,206 [grpc-default-executor-1] INFO  client.GrpcClientProtocolClient (GrpcClientProtocolClient.java:onNext(255)) - client-08D30C90C1DD->2e09149d-5559-4fea-b716-0eb93f2cac4a: receive RaftClientReply:client-08D30C90C1DD->2e09149d-5559-4fea-b716-0eb93f2cac4a@group-1A1F4B3A8F4F, cid=45, FAILED org.apache.ratis.protocol.NotLeaderException: Server 2e09149d-5559-4fea-b716-0eb93f2cac4a is not the leader (b61b0354-621b-4e20-a68d-2d53fecac27d:192.168.5.185:39516). Request must be sent to leader., logIndex=0, commits[2e09149d-5559-4fea-b716-0eb93f2cac4a:c8, b61b0354-621b-4e20-a68d-2d53fecac27d:c8, 891c1cf7-eb5d-4327-8423-159f04f60044:c8]
2019-09-18 16:27:38,235 | INFO  | SCMAudit | user=jenkins1000 | ip=192.168.5.185 | op=SEND_HEARTBEAT {datanodeUUID=b61b0354-621b-4e20-a68d-2d53fecac27d, command=[]} | ret=SUCCESS |  
2019-09-18 16:27:38,259 | INFO  | SCMAudit | user=jenkins1000 | ip=192.168.5.185 | op=SEND_HEARTBEAT {datanodeUUID=2e09149d-5559-4fea-b716-0eb93f2cac4a, command=[]} | ret=SUCCESS |  
2019-09-18 16:27:38,259 | INFO  | SCMAudit | user=jenkins1000 | ip=192.168.5.185 | op=SEND_HEARTBEAT {datanodeUUID=891c1cf7-eb5d-4327-8423-159f04f60044, command=[]} | ret=SUCCESS |  
2019-09-18 16:27:38,384 | INFO  | SCMAudit | user=jenkins1000 | ip=192.168.5.185 | op=SEND_HEARTBEAT {datanodeUUID=8986536d-5b7d-4e16-8929-1d1bb41ad668, command=[]} | ret=SUCCESS |  
2019-09-18 16:27:38,559 | INFO  | SCMAudit | user=jenkins1000 | ip=192.168.5.185 | op=SEND_HEARTBEAT {datanodeUUID=bbe12df8-c2f1-49e2-8ab8-c8f9f8b834ae, command=[]} | ret=SUCCESS |  
2019-09-18 16:27:38,770 | INFO  | SCMAudit | user=jenkins1000 | ip=192.168.5.185 | op=SEND_HEARTBEAT {datanodeUUID=1d911544-627f-4c31-9b8f-a02840ac95b3, command=[]} | ret=SUCCESS |  
2019-09-18 16:27:39,176 | INFO  | SCMAudit | user=jenkins1000 | ip=192.168.5.185 | op=SEND_HEARTBEAT {datanodeUUID=8884bba7-3460-4b10-8d54-dd5499715d80, command=[]} | ret=SUCCESS |  
2019-09-18 16:27:39,232 | INFO  | SCMAudit | user=jenkins1000 | ip=192.168.5.185 | op=SEND_HEARTBEAT {datanodeUUID=b61b0354-621b-4e20-a68d-2d53fecac27d, command=[]} | ret=SUCCESS |  
2019-09-18 16:27:39,259 | INFO  | SCMAudit | user=jenkins1000 | ip=192.168.5.185 | op=SEND_HEARTBEAT {datanodeUUID=2e09149d-5559-4fea-b716-0eb93f2cac4a, command=[]} | ret=SUCCESS |  
2019-09-18 16:27:39,259 | INFO  | SCMAudit | user=jenkins1000 | ip=192.168.5.185 | op=SEND_HEARTBEAT {datanodeUUID=891c1cf7-eb5d-4327-8423-159f04f60044, command=[]} | ret=SUCCESS |  
2019-09-18 16:27:39,384 | INFO  | SCMAudit | user=jenkins1000 | ip=192.168.5.185 | op=SEND_HEARTBEAT {datanodeUUID=8986536d-5b7d-4e16-8929-1d1bb41ad668, command=[]} | ret=SUCCESS |  
2019-09-18 16:27:39,559 | INFO  | SCMAudit | user=jenkins1000 | ip=192.168.5.185 | op=SEND_HEARTBEAT {datanodeUUID=bbe12df8-c2f1-49e2-8ab8-c8f9f8b834ae, command=[]} | ret=SUCCESS |  
2019-09-18 16:27:39,770 | INFO  | SCMAudit | user=jenkins1000 | ip=192.168.5.185 | op=SEND_HEARTBEAT {datanodeUUID=1d911544-627f-4c31-9b8f-a02840ac95b3, command=[]} | ret=SUCCESS |  
2019-09-18 16:27:40,176 | INFO  | SCMAudit | user=jenkins1000 | ip=192.168.5.185 | op=SEND_HEARTBEAT {datanodeUUID=8884bba7-3460-4b10-8d54-dd5499715d80, command=[]} | ret=SUCCESS |  
2019-09-18 16:27:40,232 | INFO  | SCMAudit | user=jenkins1000 | ip=192.168.5.185 | op=SEND_HEARTBEAT {datanodeUUID=b61b0354-621b-4e20-a68d-2d53fecac27d, command=[]} | ret=SUCCESS |  
2019-09-18 16:27:40,259 | INFO  | SCMAudit | user=jenkins1000 | ip=192.168.5.185 | op=SEND_HEARTBEAT {datanodeUUID=2e09149d-5559-4fea-b716-0eb93f2cac4a, command=[]} | ret=SUCCESS |  
2019-09-18 16:27:40,259 | INFO  | SCMAudit | user=jenkins1000 | ip=192.168.5.185 | op=SEND_HEARTBEAT {datanodeUUID=891c1cf7-eb5d-4327-8423-159f04f60044, command=[]} | ret=SUCCESS |  
2019-09-18 16:27:40,384 | INFO  | SCMAudit | user=jenkins1000 | ip=192.168.5.185 | op=SEND_HEARTBEAT {datanodeUUID=8986536d-5b7d-4e16-8929-1d1bb41ad668, command=[]} | ret=SUCCESS |  
2019-09-18 16:27:40,560 | INFO  | SCMAudit | user=jenkins1000 | ip=192.168.5.185 | op=SEND_HEARTBEAT {datanodeUUID=bbe12df8-c2f1-49e2-8ab8-c8f9f8b834ae, command=[]} | ret=SUCCESS |  
2019-09-18 16:27:40,770 | INFO  | SCMAudit | user=jenkins1000 | ip=192.168.5.185 | op=SEND_HEARTBEAT {datanodeUUID=1d911544-627f-4c31-9b8f-a02840ac95b3, command=[]} | ret=SUCCESS |  
2019-09-18 16:27:41,176 | INFO  | SCMAudit | user=jenkins1000 | ip=192.168.5.185 | op=SEND_HEARTBEAT {datanodeUUID=8884bba7-3460-4b10-8d54-dd5499715d80, command=[]} | ret=SUCCESS |  
2019-09-18 16:27:41,233 | INFO  | SCMAudit | user=jenkins1000 | ip=192.168.5.185 | op=SEND_HEARTBEAT {datanodeUUID=b61b0354-621b-4e20-a68d-2d53fecac27d, command=[]} | ret=SUCCESS |  
2019-09-18 16:27:41,260 | INFO  | SCMAudit | user=jenkins1000 | ip=192.168.5.185 | op=SEND_HEARTBEAT {datanodeUUID=2e09149d-5559-4fea-b716-0eb93f2cac4a, command=[]} | ret=SUCCESS |  
2019-09-18 16:27:41,260 | INFO  | SCMAudit | user=jenkins1000 | ip=192.168.5.185 | op=SEND_HEARTBEAT {datanodeUUID=891c1cf7-eb5d-4327-8423-159f04f60044, command=[]} | ret=SUCCESS |  
2019-09-18 16:27:41,384 | INFO  | SCMAudit | user=jenkins1000 | ip=192.168.5.185 | op=SEND_HEARTBEAT {datanodeUUID=8986536d-5b7d-4e16-8929-1d1bb41ad668, command=[]} | ret=SUCCESS |  
2019-09-18 16:27:41,560 | INFO  | SCMAudit | user=jenkins1000 | ip=192.168.5.185 | op=SEND_HEARTBEAT {datanodeUUID=bbe12df8-c2f1-49e2-8ab8-c8f9f8b834ae, command=[]} | ret=SUCCESS |  
2019-09-18 16:27:41,770 | INFO  | SCMAudit | user=jenkins1000 | ip=192.168.5.185 | op=SEND_HEARTBEAT {datanodeUUID=1d911544-627f-4c31-9b8f-a02840ac95b3, command=[]} | ret=SUCCESS |  
2019-09-18 16:27:42,176 | INFO  | SCMAudit | user=jenkins1000 | ip=192.168.5.185 | op=SEND_HEARTBEAT {datanodeUUID=8884bba7-3460-4b10-8d54-dd5499715d80, command=[]} | ret=SUCCESS |  
2019-09-18 16:27:42,233 | INFO  | SCMAudit | user=jenkins1000 | ip=192.168.5.185 | op=SEND_HEARTBEAT {datanodeUUID=b61b0354-621b-4e20-a68d-2d53fecac27d, command=[]} | ret=SUCCESS |  
2019-09-18 16:27:42,260 | INFO  | SCMAudit | user=jenkins1000 | ip=192.168.5.185 | op=SEND_HEARTBEAT {datanodeUUID=2e09149d-5559-4fea-b716-0eb93f2cac4a, command=[]} | ret=SUCCESS |  
2019-09-18 16:27:42,260 | INFO  | SCMAudit | user=jenkins1000 | ip=192.168.5.185 | op=SEND_HEARTBEAT {datanodeUUID=891c1cf7-eb5d-4327-8423-159f04f60044, command=[]} | ret=SUCCESS |  
2019-09-18 16:27:42,384 | INFO  | SCMAudit | user=jenkins1000 | ip=192.168.5.185 | op=SEND_HEARTBEAT {datanodeUUID=8986536d-5b7d-4e16-8929-1d1bb41ad668, command=[]} | ret=SUCCESS |  
2019-09-18 16:27:42,560 | INFO  | SCMAudit | user=jenkins1000 | ip=192.168.5.185 | op=SEND_HEARTBEAT {datanodeUUID=bbe12df8-c2f1-49e2-8ab8-c8f9f8b834ae, command=[]} | ret=SUCCESS |  
2019-09-18 16:27:42,770 | INFO  | SCMAudit | user=jenkins1000 | ip=192.168.5.185 | op=SEND_HEARTBEAT {datanodeUUID=1d911544-627f-4c31-9b8f-a02840ac95b3, command=[]} | ret=SUCCESS |  
2019-09-18 16:27:43,177 | INFO  | SCMAudit | user=jenkins1000 | ip=192.168.5.185 | op=SEND_HEARTBEAT {datanodeUUID=8884bba7-3460-4b10-8d54-dd5499715d80, command=[]} | ret=SUCCESS |  
2019-09-18 16:27:43,233 | INFO  | SCMAudit | user=jenkins1000 | ip=192.168.5.185 | op=SEND_HEARTBEAT {datanodeUUID=b61b0354-621b-4e20-a68d-2d53fecac27d, command=[]} | ret=SUCCESS |  
2019-09-18 16:27:43,263 | INFO  | SCMAudit | user=jenkins1000 | ip=192.168.5.185 | op=SEND_HEARTBEAT {datanodeUUID=2e09149d-5559-4fea-b716-0eb93f2cac4a, command=[]} | ret=SUCCESS |  
2019-09-18 16:27:43,263 | INFO  | SCMAudit | user=jenkins1000 | ip=192.168.5.185 | op=SEND_HEARTBEAT {datanodeUUID=891c1cf7-eb5d-4327-8423-159f04f60044, command=[]} | ret=SUCCESS |  
2019-09-18 16:27:43,270 [grpc-default-executor-1] INFO  client.GrpcClientProtocolClient (GrpcClientProtocolClient.java:onNext(255)) - client-08D30C90C1DD->891c1cf7-eb5d-4327-8423-159f04f60044: receive RaftClientReply:client-08D30C90C1DD->891c1cf7-eb5d-4327-8423-159f04f60044@group-1A1F4B3A8F4F, cid=45, FAILED org.apache.ratis.protocol.NotLeaderException: Server 891c1cf7-eb5d-4327-8423-159f04f60044 is not the leader (b61b0354-621b-4e20-a68d-2d53fecac27d:192.168.5.185:39516). Request must be sent to leader., logIndex=0, commits[891c1cf7-eb5d-4327-8423-159f04f60044:c8, b61b0354-621b-4e20-a68d-2d53fecac27d:c8, 2e09149d-5559-4fea-b716-0eb93f2cac4a:c8]
2019-09-18 16:27:43,384 | INFO  | SCMAudit | user=jenkins1000 | ip=192.168.5.185 | op=SEND_HEARTBEAT {datanodeUUID=8986536d-5b7d-4e16-8929-1d1bb41ad668, command=[]} | ret=SUCCESS |  
2019-09-18 16:27:43,560 | INFO  | SCMAudit | user=jenkins1000 | ip=192.168.5.185 | op=SEND_HEARTBEAT {datanodeUUID=bbe12df8-c2f1-49e2-8ab8-c8f9f8b834ae, command=[]} | ret=SUCCESS |  
2019-09-18 16:27:43,770 | INFO  | SCMAudit | user=jenkins1000 | ip=192.168.5.185 | op=SEND_HEARTBEAT {datanodeUUID=1d911544-627f-4c31-9b8f-a02840ac95b3, command=[]} | ret=SUCCESS |  
2019-09-18 16:27:44,176 | INFO  | SCMAudit | user=jenkins1000 | ip=192.168.5.185 | op=SEND_HEARTBEAT {datanodeUUID=8884bba7-3460-4b10-8d54-dd5499715d80, command=[]} | ret=SUCCESS |  
2019-09-18 16:27:44,233 | INFO  | SCMAudit | user=jenkins1000 | ip=192.168.5.185 | op=SEND_HEARTBEAT {datanodeUUID=b61b0354-621b-4e20-a68d-2d53fecac27d, command=[]} | ret=SUCCESS |  
2019-09-18 16:27:44,263 | INFO  | SCMAudit | user=jenkins1000 | ip=192.168.5.185 | op=SEND_HEARTBEAT {datanodeUUID=891c1cf7-eb5d-4327-8423-159f04f60044, command=[]} | ret=SUCCESS |  
2019-09-18 16:27:44,263 | INFO  | SCMAudit | user=jenkins1000 | ip=192.168.5.185 | op=SEND_HEARTBEAT {datanodeUUID=2e09149d-5559-4fea-b716-0eb93f2cac4a, command=[]} | ret=SUCCESS |  
2019-09-18 16:27:44,385 | INFO  | SCMAudit | user=jenkins1000 | ip=192.168.5.185 | op=SEND_HEARTBEAT {datanodeUUID=8986536d-5b7d-4e16-8929-1d1bb41ad668, command=[]} | ret=SUCCESS |  
2019-09-18 16:27:44,560 | INFO  | SCMAudit | user=jenkins1000 | ip=192.168.5.185 | op=SEND_HEARTBEAT {datanodeUUID=bbe12df8-c2f1-49e2-8ab8-c8f9f8b834ae, command=[]} | ret=SUCCESS |  
2019-09-18 16:27:44,770 | INFO  | SCMAudit | user=jenkins1000 | ip=192.168.5.185 | op=SEND_HEARTBEAT {datanodeUUID=1d911544-627f-4c31-9b8f-a02840ac95b3, command=[]} | ret=SUCCESS |  
2019-09-18 16:27:45,177 | INFO  | SCMAudit | user=jenkins1000 | ip=192.168.5.185 | op=SEND_HEARTBEAT {datanodeUUID=8884bba7-3460-4b10-8d54-dd5499715d80, command=[]} | ret=SUCCESS |  
2019-09-18 16:27:45,233 | INFO  | SCMAudit | user=jenkins1000 | ip=192.168.5.185 | op=SEND_HEARTBEAT {datanodeUUID=b61b0354-621b-4e20-a68d-2d53fecac27d, command=[]} | ret=SUCCESS |  
2019-09-18 16:27:45,263 | INFO  | SCMAudit | user=jenkins1000 | ip=192.168.5.185 | op=SEND_HEARTBEAT {datanodeUUID=891c1cf7-eb5d-4327-8423-159f04f60044, command=[]} | ret=SUCCESS |  
2019-09-18 16:27:45,263 | INFO  | SCMAudit | user=jenkins1000 | ip=192.168.5.185 | op=SEND_HEARTBEAT {datanodeUUID=2e09149d-5559-4fea-b716-0eb93f2cac4a, command=[]} | ret=SUCCESS |  
2019-09-18 16:27:45,385 | INFO  | SCMAudit | user=jenkins1000 | ip=192.168.5.185 | op=SEND_HEARTBEAT {datanodeUUID=8986536d-5b7d-4e16-8929-1d1bb41ad668, command=[]} | ret=SUCCESS |  
2019-09-18 16:27:45,561 | INFO  | SCMAudit | user=jenkins1000 | ip=192.168.5.185 | op=SEND_HEARTBEAT {datanodeUUID=bbe12df8-c2f1-49e2-8ab8-c8f9f8b834ae, command=[]} | ret=SUCCESS |  
2019-09-18 16:27:45,770 | INFO  | SCMAudit | user=jenkins1000 | ip=192.168.5.185 | op=SEND_HEARTBEAT {datanodeUUID=1d911544-627f-4c31-9b8f-a02840ac95b3, command=[]} | ret=SUCCESS |  
2019-09-18 16:27:46,177 | INFO  | SCMAudit | user=jenkins1000 | ip=192.168.5.185 | op=SEND_HEARTBEAT {datanodeUUID=8884bba7-3460-4b10-8d54-dd5499715d80, command=[]} | ret=SUCCESS |  
2019-09-18 16:27:46,233 | INFO  | SCMAudit | user=jenkins1000 | ip=192.168.5.185 | op=SEND_HEARTBEAT {datanodeUUID=b61b0354-621b-4e20-a68d-2d53fecac27d, command=[]} | ret=SUCCESS |  
2019-09-18 16:27:46,268 | INFO  | SCMAudit | user=jenkins1000 | ip=192.168.5.185 | op=SEND_HEARTBEAT {datanodeUUID=891c1cf7-eb5d-4327-8423-159f04f60044, command=[]} | ret=SUCCESS |  
2019-09-18 16:27:46,268 | INFO  | SCMAudit | user=jenkins1000 | ip=192.168.5.185 | op=SEND_HEARTBEAT {datanodeUUID=2e09149d-5559-4fea-b716-0eb93f2cac4a, command=[]} | ret=SUCCESS |  
2019-09-18 16:27:46,385 | INFO  | SCMAudit | user=jenkins1000 | ip=192.168.5.185 | op=SEND_HEARTBEAT {datanodeUUID=8986536d-5b7d-4e16-8929-1d1bb41ad668, command=[]} | ret=SUCCESS |  
2019-09-18 16:27:46,561 | INFO  | SCMAudit | user=jenkins1000 | ip=192.168.5.185 | op=SEND_HEARTBEAT {datanodeUUID=bbe12df8-c2f1-49e2-8ab8-c8f9f8b834ae, command=[]} | ret=SUCCESS |  
2019-09-18 16:27:46,770 | INFO  | SCMAudit | user=jenkins1000 | ip=192.168.5.185 | op=SEND_HEARTBEAT {datanodeUUID=1d911544-627f-4c31-9b8f-a02840ac95b3, command=[]} | ret=SUCCESS |  
2019-09-18 16:27:47,177 | INFO  | SCMAudit | user=jenkins1000 | ip=192.168.5.185 | op=SEND_HEARTBEAT {datanodeUUID=8884bba7-3460-4b10-8d54-dd5499715d80, command=[]} | ret=SUCCESS |  
2019-09-18 16:27:47,233 | INFO  | SCMAudit | user=jenkins1000 | ip=192.168.5.185 | op=SEND_HEARTBEAT {datanodeUUID=b61b0354-621b-4e20-a68d-2d53fecac27d, command=[]} | ret=SUCCESS |  
2019-09-18 16:27:47,264 | INFO  | SCMAudit | user=jenkins1000 | ip=192.168.5.185 | op=SEND_HEARTBEAT {datanodeUUID=891c1cf7-eb5d-4327-8423-159f04f60044, command=[]} | ret=SUCCESS |  
2019-09-18 16:27:47,264 | INFO  | SCMAudit | user=jenkins1000 | ip=192.168.5.185 | op=SEND_HEARTBEAT {datanodeUUID=2e09149d-5559-4fea-b716-0eb93f2cac4a, command=[]} | ret=SUCCESS |  
2019-09-18 16:27:47,385 | INFO  | SCMAudit | user=jenkins1000 | ip=192.168.5.185 | op=SEND_HEARTBEAT {datanodeUUID=8986536d-5b7d-4e16-8929-1d1bb41ad668, command=[]} | ret=SUCCESS |  
2019-09-18 16:27:47,561 | INFO  | SCMAudit | user=jenkins1000 | ip=192.168.5.185 | op=SEND_HEARTBEAT {datanodeUUID=bbe12df8-c2f1-49e2-8ab8-c8f9f8b834ae, command=[]} | ret=SUCCESS |  
2019-09-18 16:27:47,770 | INFO  | SCMAudit | user=jenkins1000 | ip=192.168.5.185 | op=SEND_HEARTBEAT {datanodeUUID=1d911544-627f-4c31-9b8f-a02840ac95b3, command=[]} | ret=SUCCESS |  
2019-09-18 16:27:48,178 | INFO  | SCMAudit | user=jenkins1000 | ip=192.168.5.185 | op=SEND_HEARTBEAT {datanodeUUID=8884bba7-3460-4b10-8d54-dd5499715d80, command=[]} | ret=SUCCESS |  
2019-09-18 16:27:48,234 | INFO  | SCMAudit | user=jenkins1000 | ip=192.168.5.185 | op=SEND_HEARTBEAT {datanodeUUID=b61b0354-621b-4e20-a68d-2d53fecac27d, command=[]} | ret=SUCCESS |  
2019-09-18 16:27:48,264 | INFO  | SCMAudit | user=jenkins1000 | ip=192.168.5.185 | op=SEND_HEARTBEAT {datanodeUUID=2e09149d-5559-4fea-b716-0eb93f2cac4a, command=[]} | ret=SUCCESS |  
2019-09-18 16:27:48,265 | INFO  | SCMAudit | user=jenkins1000 | ip=192.168.5.185 | op=SEND_HEARTBEAT {datanodeUUID=891c1cf7-eb5d-4327-8423-159f04f60044, command=[]} | ret=SUCCESS |  
2019-09-18 16:27:48,301 [grpc-default-executor-8] INFO  client.GrpcClientProtocolClient (GrpcClientProtocolClient.java:onNext(255)) - client-08D30C90C1DD->891c1cf7-eb5d-4327-8423-159f04f60044: receive RaftClientReply:client-08D30C90C1DD->891c1cf7-eb5d-4327-8423-159f04f60044@group-1A1F4B3A8F4F, cid=45, FAILED org.apache.ratis.protocol.NotLeaderException: Server 891c1cf7-eb5d-4327-8423-159f04f60044 is not the leader (b61b0354-621b-4e20-a68d-2d53fecac27d:192.168.5.185:39516). Request must be sent to leader., logIndex=0, commits[891c1cf7-eb5d-4327-8423-159f04f60044:c8, b61b0354-621b-4e20-a68d-2d53fecac27d:c8, 2e09149d-5559-4fea-b716-0eb93f2cac4a:c8]
2019-09-18 16:27:48,385 | INFO  | SCMAudit | user=jenkins1000 | ip=192.168.5.185 | op=SEND_HEARTBEAT {datanodeUUID=8986536d-5b7d-4e16-8929-1d1bb41ad668, command=[]} | ret=SUCCESS |  
2019-09-18 16:27:48,562 | INFO  | SCMAudit | user=jenkins1000 | ip=192.168.5.185 | op=SEND_HEARTBEAT {datanodeUUID=bbe12df8-c2f1-49e2-8ab8-c8f9f8b834ae, command=[]} | ret=SUCCESS |  
2019-09-18 16:27:48,770 | INFO  | SCMAudit | user=jenkins1000 | ip=192.168.5.185 | op=SEND_HEARTBEAT {datanodeUUID=1d911544-627f-4c31-9b8f-a02840ac95b3, command=[]} | ret=SUCCESS |  
2019-09-18 16:27:49,178 | INFO  | SCMAudit | user=jenkins1000 | ip=192.168.5.185 | op=SEND_HEARTBEAT {datanodeUUID=8884bba7-3460-4b10-8d54-dd5499715d80, command=[]} | ret=SUCCESS |  
2019-09-18 16:27:49,233 | INFO  | SCMAudit | user=jenkins1000 | ip=192.168.5.185 | op=SEND_HEARTBEAT {datanodeUUID=b61b0354-621b-4e20-a68d-2d53fecac27d, command=[]} | ret=SUCCESS |  
2019-09-18 16:27:49,264 | INFO  | SCMAudit | user=jenkins1000 | ip=192.168.5.185 | op=SEND_HEARTBEAT {datanodeUUID=2e09149d-5559-4fea-b716-0eb93f2cac4a, command=[]} | ret=SUCCESS |  
2019-09-18 16:27:49,264 | INFO  | SCMAudit | user=jenkins1000 | ip=192.168.5.185 | op=SEND_HEARTBEAT {datanodeUUID=891c1cf7-eb5d-4327-8423-159f04f60044, command=[]} | ret=SUCCESS |  
2019-09-18 16:27:49,386 | INFO  | SCMAudit | user=jenkins1000 | ip=192.168.5.185 | op=SEND_HEARTBEAT {datanodeUUID=8986536d-5b7d-4e16-8929-1d1bb41ad668, command=[]} | ret=SUCCESS |  
2019-09-18 16:27:49,562 | INFO  | SCMAudit | user=jenkins1000 | ip=192.168.5.185 | op=SEND_HEARTBEAT {datanodeUUID=bbe12df8-c2f1-49e2-8ab8-c8f9f8b834ae, command=[]} | ret=SUCCESS |  
2019-09-18 16:27:49,770 | INFO  | SCMAudit | user=jenkins1000 | ip=192.168.5.185 | op=SEND_HEARTBEAT {datanodeUUID=1d911544-627f-4c31-9b8f-a02840ac95b3, command=[]} | ret=SUCCESS |  
2019-09-18 16:27:50,178 | INFO  | SCMAudit | user=jenkins1000 | ip=192.168.5.185 | op=SEND_HEARTBEAT {datanodeUUID=8884bba7-3460-4b10-8d54-dd5499715d80, command=[]} | ret=SUCCESS |  
2019-09-18 16:27:50,233 | INFO  | SCMAudit | user=jenkins1000 | ip=192.168.5.185 | op=SEND_HEARTBEAT {datanodeUUID=b61b0354-621b-4e20-a68d-2d53fecac27d, command=[]} | ret=SUCCESS |  
2019-09-18 16:27:50,264 | INFO  | SCMAudit | user=jenkins1000 | ip=192.168.5.185 | op=SEND_HEARTBEAT {datanodeUUID=2e09149d-5559-4fea-b716-0eb93f2cac4a, command=[]} | ret=SUCCESS |  
2019-09-18 16:27:50,264 | INFO  | SCMAudit | user=jenkins1000 | ip=192.168.5.185 | op=SEND_HEARTBEAT {datanodeUUID=891c1cf7-eb5d-4327-8423-159f04f60044, command=[]} | ret=SUCCESS |  
2019-09-18 16:27:50,386 | INFO  | SCMAudit | user=jenkins1000 | ip=192.168.5.185 | op=SEND_HEARTBEAT {datanodeUUID=8986536d-5b7d-4e16-8929-1d1bb41ad668, command=[]} | ret=SUCCESS |  
2019-09-18 16:27:50,563 | INFO  | SCMAudit | user=jenkins1000 | ip=192.168.5.185 | op=SEND_HEARTBEAT {datanodeUUID=bbe12df8-c2f1-49e2-8ab8-c8f9f8b834ae, command=[]} | ret=SUCCESS |  
2019-09-18 16:27:50,770 | INFO  | SCMAudit | user=jenkins1000 | ip=192.168.5.185 | op=SEND_HEARTBEAT {datanodeUUID=1d911544-627f-4c31-9b8f-a02840ac95b3, command=[]} | ret=SUCCESS |  
2019-09-18 16:27:51,178 | INFO  | SCMAudit | user=jenkins1000 | ip=192.168.5.185 | op=SEND_HEARTBEAT {datanodeUUID=8884bba7-3460-4b10-8d54-dd5499715d80, command=[]} | ret=SUCCESS |  
2019-09-18 16:27:51,233 | INFO  | SCMAudit | user=jenkins1000 | ip=192.168.5.185 | op=SEND_HEARTBEAT {datanodeUUID=b61b0354-621b-4e20-a68d-2d53fecac27d, command=[]} | ret=SUCCESS |  
2019-09-18 16:27:51,264 | INFO  | SCMAudit | user=jenkins1000 | ip=192.168.5.185 | op=SEND_HEARTBEAT {datanodeUUID=2e09149d-5559-4fea-b716-0eb93f2cac4a, command=[]} | ret=SUCCESS |  
2019-09-18 16:27:51,264 | INFO  | SCMAudit | user=jenkins1000 | ip=192.168.5.185 | op=SEND_HEARTBEAT {datanodeUUID=891c1cf7-eb5d-4327-8423-159f04f60044, command=[]} | ret=SUCCESS |  
2019-09-18 16:27:51,386 | INFO  | SCMAudit | user=jenkins1000 | ip=192.168.5.185 | op=SEND_HEARTBEAT {datanodeUUID=8986536d-5b7d-4e16-8929-1d1bb41ad668, command=[]} | ret=SUCCESS |  
2019-09-18 16:27:51,562 | INFO  | SCMAudit | user=jenkins1000 | ip=192.168.5.185 | op=SEND_HEARTBEAT {datanodeUUID=bbe12df8-c2f1-49e2-8ab8-c8f9f8b834ae, command=[]} | ret=SUCCESS |  
2019-09-18 16:27:51,770 | INFO  | SCMAudit | user=jenkins1000 | ip=192.168.5.185 | op=SEND_HEARTBEAT {datanodeUUID=1d911544-627f-4c31-9b8f-a02840ac95b3, command=[]} | ret=SUCCESS |  
2019-09-18 16:27:52,179 | INFO  | SCMAudit | user=jenkins1000 | ip=192.168.5.185 | op=SEND_HEARTBEAT {datanodeUUID=8884bba7-3460-4b10-8d54-dd5499715d80, command=[]} | ret=SUCCESS |  
2019-09-18 16:27:52,233 | INFO  | SCMAudit | user=jenkins1000 | ip=192.168.5.185 | op=SEND_HEARTBEAT {datanodeUUID=b61b0354-621b-4e20-a68d-2d53fecac27d, command=[]} | ret=SUCCESS |  
2019-09-18 16:27:52,265 | INFO  | SCMAudit | user=jenkins1000 | ip=192.168.5.185 | op=SEND_HEARTBEAT {datanodeUUID=2e09149d-5559-4fea-b716-0eb93f2cac4a, command=[]} | ret=SUCCESS |  
2019-09-18 16:27:52,265 | INFO  | SCMAudit | user=jenkins1000 | ip=192.168.5.185 | op=SEND_HEARTBEAT {datanodeUUID=891c1cf7-eb5d-4327-8423-159f04f60044, command=[]} | ret=SUCCESS |  
2019-09-18 16:27:52,387 | INFO  | SCMAudit | user=jenkins1000 | ip=192.168.5.185 | op=SEND_HEARTBEAT {datanodeUUID=8986536d-5b7d-4e16-8929-1d1bb41ad668, command=[]} | ret=SUCCESS |  
2019-09-18 16:27:52,562 | INFO  | SCMAudit | user=jenkins1000 | ip=192.168.5.185 | op=SEND_HEARTBEAT {datanodeUUID=bbe12df8-c2f1-49e2-8ab8-c8f9f8b834ae, command=[]} | ret=SUCCESS |  
2019-09-18 16:27:52,770 | INFO  | SCMAudit | user=jenkins1000 | ip=192.168.5.185 | op=SEND_HEARTBEAT {datanodeUUID=1d911544-627f-4c31-9b8f-a02840ac95b3, command=[]} | ret=SUCCESS |  
2019-09-18 16:27:53,178 | INFO  | SCMAudit | user=jenkins1000 | ip=192.168.5.185 | op=SEND_HEARTBEAT {datanodeUUID=8884bba7-3460-4b10-8d54-dd5499715d80, command=[]} | ret=SUCCESS |  
2019-09-18 16:27:53,233 | INFO  | SCMAudit | user=jenkins1000 | ip=192.168.5.185 | op=SEND_HEARTBEAT {datanodeUUID=b61b0354-621b-4e20-a68d-2d53fecac27d, command=[]} | ret=SUCCESS |  
2019-09-18 16:27:53,265 | INFO  | SCMAudit | user=jenkins1000 | ip=192.168.5.185 | op=SEND_HEARTBEAT {datanodeUUID=891c1cf7-eb5d-4327-8423-159f04f60044, command=[]} | ret=SUCCESS |  
2019-09-18 16:27:53,265 | INFO  | SCMAudit | user=jenkins1000 | ip=192.168.5.185 | op=SEND_HEARTBEAT {datanodeUUID=2e09149d-5559-4fea-b716-0eb93f2cac4a, command=[]} | ret=SUCCESS |  
2019-09-18 16:27:53,350 [grpc-default-executor-1] INFO  client.GrpcClientProtocolClient (GrpcClientProtocolClient.java:onNext(255)) - client-08D30C90C1DD->891c1cf7-eb5d-4327-8423-159f04f60044: receive RaftClientReply:client-08D30C90C1DD->891c1cf7-eb5d-4327-8423-159f04f60044@group-1A1F4B3A8F4F, cid=45, FAILED org.apache.ratis.protocol.NotLeaderException: Server 891c1cf7-eb5d-4327-8423-159f04f60044 is not the leader (b61b0354-621b-4e20-a68d-2d53fecac27d:192.168.5.185:39516). Request must be sent to leader., logIndex=0, commits[891c1cf7-eb5d-4327-8423-159f04f60044:c8, b61b0354-621b-4e20-a68d-2d53fecac27d:c8, 2e09149d-5559-4fea-b716-0eb93f2cac4a:c8]
2019-09-18 16:27:53,387 | INFO  | SCMAudit | user=jenkins1000 | ip=192.168.5.185 | op=SEND_HEARTBEAT {datanodeUUID=8986536d-5b7d-4e16-8929-1d1bb41ad668, command=[]} | ret=SUCCESS |  
2019-09-18 16:27:53,563 | INFO  | SCMAudit | user=jenkins1000 | ip=192.168.5.185 | op=SEND_HEARTBEAT {datanodeUUID=bbe12df8-c2f1-49e2-8ab8-c8f9f8b834ae, command=[]} | ret=SUCCESS |  
2019-09-18 16:27:53,771 | INFO  | SCMAudit | user=jenkins1000 | ip=192.168.5.185 | op=SEND_HEARTBEAT {datanodeUUID=1d911544-627f-4c31-9b8f-a02840ac95b3, command=[]} | ret=SUCCESS |  
2019-09-18 16:27:54,178 | INFO  | SCMAudit | user=jenkins1000 | ip=192.168.5.185 | op=SEND_HEARTBEAT {datanodeUUID=8884bba7-3460-4b10-8d54-dd5499715d80, command=[]} | ret=SUCCESS |  
2019-09-18 16:27:54,233 | INFO  | SCMAudit | user=jenkins1000 | ip=192.168.5.185 | op=SEND_HEARTBEAT {datanodeUUID=b61b0354-621b-4e20-a68d-2d53fecac27d, command=[]} | ret=SUCCESS |  
2019-09-18 16:27:54,265 | INFO  | SCMAudit | user=jenkins1000 | ip=192.168.5.185 | op=SEND_HEARTBEAT {datanodeUUID=891c1cf7-eb5d-4327-8423-159f04f60044, command=[]} | ret=SUCCESS |  
2019-09-18 16:27:54,265 | INFO  | SCMAudit | user=jenkins1000 | ip=192.168.5.185 | op=SEND_HEARTBEAT {datanodeUUID=2e09149d-5559-4fea-b716-0eb93f2cac4a, command=[]} | ret=SUCCESS |  
2019-09-18 16:27:54,388 | INFO  | SCMAudit | user=jenkins1000 | ip=192.168.5.185 | op=SEND_HEARTBEAT {datanodeUUID=8986536d-5b7d-4e16-8929-1d1bb41ad668, command=[]} | ret=SUCCESS |  
2019-09-18 16:27:54,563 | INFO  | SCMAudit | user=jenkins1000 | ip=192.168.5.185 | op=SEND_HEARTBEAT {datanodeUUID=bbe12df8-c2f1-49e2-8ab8-c8f9f8b834ae, command=[]} | ret=SUCCESS |  
2019-09-18 16:27:54,770 | INFO  | SCMAudit | user=jenkins1000 | ip=192.168.5.185 | op=SEND_HEARTBEAT {datanodeUUID=1d911544-627f-4c31-9b8f-a02840ac95b3, command=[]} | ret=SUCCESS |  
2019-09-18 16:27:55,178 | INFO  | SCMAudit | user=jenkins1000 | ip=192.168.5.185 | op=SEND_HEARTBEAT {datanodeUUID=8884bba7-3460-4b10-8d54-dd5499715d80, command=[]} | ret=SUCCESS |  
2019-09-18 16:27:55,233 | INFO  | SCMAudit | user=jenkins1000 | ip=192.168.5.185 | op=SEND_HEARTBEAT {datanodeUUID=b61b0354-621b-4e20-a68d-2d53fecac27d, command=[]} | ret=SUCCESS |  
2019-09-18 16:27:55,266 | INFO  | SCMAudit | user=jenkins1000 | ip=192.168.5.185 | op=SEND_HEARTBEAT {datanodeUUID=2e09149d-5559-4fea-b716-0eb93f2cac4a, command=[]} | ret=SUCCESS |  
2019-09-18 16:27:55,266 | INFO  | SCMAudit | user=jenkins1000 | ip=192.168.5.185 | op=SEND_HEARTBEAT {datanodeUUID=891c1cf7-eb5d-4327-8423-159f04f60044, command=[]} | ret=SUCCESS |  
2019-09-18 16:27:55,388 | INFO  | SCMAudit | user=jenkins1000 | ip=192.168.5.185 | op=SEND_HEARTBEAT {datanodeUUID=8986536d-5b7d-4e16-8929-1d1bb41ad668, command=[]} | ret=SUCCESS |  
2019-09-18 16:27:55,563 | INFO  | SCMAudit | user=jenkins1000 | ip=192.168.5.185 | op=SEND_HEARTBEAT {datanodeUUID=bbe12df8-c2f1-49e2-8ab8-c8f9f8b834ae, command=[]} | ret=SUCCESS |  
2019-09-18 16:27:55,770 | INFO  | SCMAudit | user=jenkins1000 | ip=192.168.5.185 | op=SEND_HEARTBEAT {datanodeUUID=1d911544-627f-4c31-9b8f-a02840ac95b3, command=[]} | ret=SUCCESS |  
2019-09-18 16:27:56,179 | INFO  | SCMAudit | user=jenkins1000 | ip=192.168.5.185 | op=SEND_HEARTBEAT {datanodeUUID=8884bba7-3460-4b10-8d54-dd5499715d80, command=[]} | ret=SUCCESS |  
2019-09-18 16:27:56,234 | INFO  | SCMAudit | user=jenkins1000 | ip=192.168.5.185 | op=SEND_HEARTBEAT {datanodeUUID=b61b0354-621b-4e20-a68d-2d53fecac27d, command=[]} | ret=SUCCESS |  
2019-09-18 16:27:56,266 | INFO  | SCMAudit | user=jenkins1000 | ip=192.168.5.185 | op=SEND_HEARTBEAT {datanodeUUID=2e09149d-5559-4fea-b716-0eb93f2cac4a, command=[]} | ret=SUCCESS |  
2019-09-18 16:27:56,266 | INFO  | SCMAudit | user=jenkins1000 | ip=192.168.5.185 | op=SEND_HEARTBEAT {datanodeUUID=891c1cf7-eb5d-4327-8423-159f04f60044, command=[]} | ret=SUCCESS |  
2019-09-18 16:27:56,388 | INFO  | SCMAudit | user=jenkins1000 | ip=192.168.5.185 | op=SEND_HEARTBEAT {datanodeUUID=8986536d-5b7d-4e16-8929-1d1bb41ad668, command=[]} | ret=SUCCESS |  
2019-09-18 16:27:56,564 | INFO  | SCMAudit | user=jenkins1000 | ip=192.168.5.185 | op=SEND_HEARTBEAT {datanodeUUID=bbe12df8-c2f1-49e2-8ab8-c8f9f8b834ae, command=[]} | ret=SUCCESS |  
2019-09-18 16:27:56,770 | INFO  | SCMAudit | user=jenkins1000 | ip=192.168.5.185 | op=SEND_HEARTBEAT {datanodeUUID=1d911544-627f-4c31-9b8f-a02840ac95b3, command=[]} | ret=SUCCESS |  
2019-09-18 16:27:57,178 | INFO  | SCMAudit | user=jenkins1000 | ip=192.168.5.185 | op=SEND_HEARTBEAT {datanodeUUID=8884bba7-3460-4b10-8d54-dd5499715d80, command=[]} | ret=SUCCESS |  
2019-09-18 16:27:57,234 | INFO  | SCMAudit | user=jenkins1000 | ip=192.168.5.185 | op=SEND_HEARTBEAT {datanodeUUID=b61b0354-621b-4e20-a68d-2d53fecac27d, command=[]} | ret=SUCCESS |  
2019-09-18 16:27:57,267 | INFO  | SCMAudit | user=jenkins1000 | ip=192.168.5.185 | op=SEND_HEARTBEAT {datanodeUUID=891c1cf7-eb5d-4327-8423-159f04f60044, command=[]} | ret=SUCCESS |  
2019-09-18 16:27:57,267 | INFO  | SCMAudit | user=jenkins1000 | ip=192.168.5.185 | op=SEND_HEARTBEAT {datanodeUUID=2e09149d-5559-4fea-b716-0eb93f2cac4a, command=[]} | ret=SUCCESS |  
2019-09-18 16:27:57,388 | INFO  | SCMAudit | user=jenkins1000 | ip=192.168.5.185 | op=SEND_HEARTBEAT {datanodeUUID=8986536d-5b7d-4e16-8929-1d1bb41ad668, command=[]} | ret=SUCCESS |  
2019-09-18 16:27:57,564 | INFO  | SCMAudit | user=jenkins1000 | ip=192.168.5.185 | op=SEND_HEARTBEAT {datanodeUUID=bbe12df8-c2f1-49e2-8ab8-c8f9f8b834ae, command=[]} | ret=SUCCESS |  
2019-09-18 16:27:57,770 | INFO  | SCMAudit | user=jenkins1000 | ip=192.168.5.185 | op=SEND_HEARTBEAT {datanodeUUID=1d911544-627f-4c31-9b8f-a02840ac95b3, command=[]} | ret=SUCCESS |  
2019-09-18 16:27:58,178 | INFO  | SCMAudit | user=jenkins1000 | ip=192.168.5.185 | op=SEND_HEARTBEAT {datanodeUUID=8884bba7-3460-4b10-8d54-dd5499715d80, command=[]} | ret=SUCCESS |  
2019-09-18 16:27:58,234 | INFO  | SCMAudit | user=jenkins1000 | ip=192.168.5.185 | op=SEND_HEARTBEAT {datanodeUUID=b61b0354-621b-4e20-a68d-2d53fecac27d, command=[]} | ret=SUCCESS |  
2019-09-18 16:27:58,267 | INFO  | SCMAudit | user=jenkins1000 | ip=192.168.5.185 | op=SEND_HEARTBEAT {datanodeUUID=891c1cf7-eb5d-4327-8423-159f04f60044, command=[]} | ret=SUCCESS |  
2019-09-18 16:27:58,267 | INFO  | SCMAudit | user=jenkins1000 | ip=192.168.5.185 | op=SEND_HEARTBEAT {datanodeUUID=2e09149d-5559-4fea-b716-0eb93f2cac4a, command=[]} | ret=SUCCESS |  
2019-09-18 16:27:58,388 | INFO  | SCMAudit | user=jenkins1000 | ip=192.168.5.185 | op=SEND_HEARTBEAT {datanodeUUID=8986536d-5b7d-4e16-8929-1d1bb41ad668, command=[]} | ret=SUCCESS |  
2019-09-18 16:27:58,389 [grpc-default-executor-1] INFO  client.GrpcClientProtocolClient (GrpcClientProtocolClient.java:onNext(255)) - client-08D30C90C1DD->891c1cf7-eb5d-4327-8423-159f04f60044: receive RaftClientReply:client-08D30C90C1DD->891c1cf7-eb5d-4327-8423-159f04f60044@group-1A1F4B3A8F4F, cid=45, FAILED org.apache.ratis.protocol.NotLeaderException: Server 891c1cf7-eb5d-4327-8423-159f04f60044 is not the leader (b61b0354-621b-4e20-a68d-2d53fecac27d:192.168.5.185:39516). Request must be sent to leader., logIndex=0, commits[891c1cf7-eb5d-4327-8423-159f04f60044:c8, b61b0354-621b-4e20-a68d-2d53fecac27d:c8, 2e09149d-5559-4fea-b716-0eb93f2cac4a:c8]
2019-09-18 16:27:58,565 | INFO  | SCMAudit | user=jenkins1000 | ip=192.168.5.185 | op=SEND_HEARTBEAT {datanodeUUID=bbe12df8-c2f1-49e2-8ab8-c8f9f8b834ae, command=[]} | ret=SUCCESS |  
2019-09-18 16:27:58,770 | INFO  | SCMAudit | user=jenkins1000 | ip=192.168.5.185 | op=SEND_HEARTBEAT {datanodeUUID=1d911544-627f-4c31-9b8f-a02840ac95b3, command=[]} | ret=SUCCESS |  
2019-09-18 16:27:59,178 | INFO  | SCMAudit | user=jenkins1000 | ip=192.168.5.185 | op=SEND_HEARTBEAT {datanodeUUID=8884bba7-3460-4b10-8d54-dd5499715d80, command=[]} | ret=SUCCESS |  
2019-09-18 16:27:59,234 | INFO  | SCMAudit | user=jenkins1000 | ip=192.168.5.185 | op=SEND_HEARTBEAT {datanodeUUID=b61b0354-621b-4e20-a68d-2d53fecac27d, command=[]} | ret=SUCCESS |  
2019-09-18 16:27:59,267 | INFO  | SCMAudit | user=jenkins1000 | ip=192.168.5.185 | op=SEND_HEARTBEAT {datanodeUUID=891c1cf7-eb5d-4327-8423-159f04f60044, command=[]} | ret=SUCCESS |  
2019-09-18 16:27:59,267 | INFO  | SCMAudit | user=jenkins1000 | ip=192.168.5.185 | op=SEND_HEARTBEAT {datanodeUUID=2e09149d-5559-4fea-b716-0eb93f2cac4a, command=[]} | ret=SUCCESS |  
2019-09-18 16:27:59,389 | INFO  | SCMAudit | user=jenkins1000 | ip=192.168.5.185 | op=SEND_HEARTBEAT {datanodeUUID=8986536d-5b7d-4e16-8929-1d1bb41ad668, command=[]} | ret=SUCCESS |  
2019-09-18 16:27:59,564 | INFO  | SCMAudit | user=jenkins1000 | ip=192.168.5.185 | op=SEND_HEARTBEAT {datanodeUUID=bbe12df8-c2f1-49e2-8ab8-c8f9f8b834ae, command=[]} | ret=SUCCESS |  
2019-09-18 16:27:59,770 | INFO  | SCMAudit | user=jenkins1000 | ip=192.168.5.185 | op=SEND_HEARTBEAT {datanodeUUID=1d911544-627f-4c31-9b8f-a02840ac95b3, command=[]} | ret=SUCCESS |  
2019-09-18 16:28:00,178 | INFO  | SCMAudit | user=jenkins1000 | ip=192.168.5.185 | op=SEND_HEARTBEAT {datanodeUUID=8884bba7-3460-4b10-8d54-dd5499715d80, command=[]} | ret=SUCCESS |  
2019-09-18 16:28:00,234 | INFO  | SCMAudit | user=jenkins1000 | ip=192.168.5.185 | op=SEND_HEARTBEAT {datanodeUUID=b61b0354-621b-4e20-a68d-2d53fecac27d, command=[]} | ret=SUCCESS |  
2019-09-18 16:28:00,266 | INFO  | SCMAudit | user=jenkins1000 | ip=192.168.5.185 | op=SEND_HEARTBEAT {datanodeUUID=2e09149d-5559-4fea-b716-0eb93f2cac4a, command=[]} | ret=SUCCESS |  
2019-09-18 16:28:00,266 | INFO  | SCMAudit | user=jenkins1000 | ip=192.168.5.185 | op=SEND_HEARTBEAT {datanodeUUID=891c1cf7-eb5d-4327-8423-159f04f60044, command=[]} | ret=SUCCESS |  
2019-09-18 16:28:00,389 | INFO  | SCMAudit | user=jenkins1000 | ip=192.168.5.185 | op=SEND_HEARTBEAT {datanodeUUID=8986536d-5b7d-4e16-8929-1d1bb41ad668, command=[]} | ret=SUCCESS |  
2019-09-18 16:28:00,565 | INFO  | SCMAudit | user=jenkins1000 | ip=192.168.5.185 | op=SEND_HEARTBEAT {datanodeUUID=bbe12df8-c2f1-49e2-8ab8-c8f9f8b834ae, command=[]} | ret=SUCCESS |  
2019-09-18 16:28:00,770 | INFO  | SCMAudit | user=jenkins1000 | ip=192.168.5.185 | op=SEND_HEARTBEAT {datanodeUUID=1d911544-627f-4c31-9b8f-a02840ac95b3, command=[]} | ret=SUCCESS |  
2019-09-18 16:28:01,179 | INFO  | SCMAudit | user=jenkins1000 | ip=192.168.5.185 | op=SEND_HEARTBEAT {datanodeUUID=8884bba7-3460-4b10-8d54-dd5499715d80, command=[]} | ret=SUCCESS |  
2019-09-18 16:28:01,234 | INFO  | SCMAudit | user=jenkins1000 | ip=192.168.5.185 | op=SEND_HEARTBEAT {datanodeUUID=b61b0354-621b-4e20-a68d-2d53fecac27d, command=[]} | ret=SUCCESS |  
2019-09-18 16:28:01,267 | INFO  | SCMAudit | user=jenkins1000 | ip=192.168.5.185 | op=SEND_HEARTBEAT {datanodeUUID=891c1cf7-eb5d-4327-8423-159f04f60044, command=[]} | ret=SUCCESS |  
2019-09-18 16:28:01,267 | INFO  | SCMAudit | user=jenkins1000 | ip=192.168.5.185 | op=SEND_HEARTBEAT {datanodeUUID=2e09149d-5559-4fea-b716-0eb93f2cac4a, command=[]} | ret=SUCCESS |  
2019-09-18 16:28:01,389 | INFO  | SCMAudit | user=jenkins1000 | ip=192.168.5.185 | op=SEND_HEARTBEAT {datanodeUUID=8986536d-5b7d-4e16-8929-1d1bb41ad668, command=[]} | ret=SUCCESS |  
2019-09-18 16:28:01,564 | INFO  | SCMAudit | user=jenkins1000 | ip=192.168.5.185 | op=SEND_HEARTBEAT {datanodeUUID=bbe12df8-c2f1-49e2-8ab8-c8f9f8b834ae, command=[]} | ret=SUCCESS |  
2019-09-18 16:28:01,771 | INFO  | SCMAudit | user=jenkins1000 | ip=192.168.5.185 | op=SEND_HEARTBEAT {datanodeUUID=1d911544-627f-4c31-9b8f-a02840ac95b3, command=[]} | ret=SUCCESS |  
2019-09-18 16:28:02,178 | INFO  | SCMAudit | user=jenkins1000 | ip=192.168.5.185 | op=SEND_HEARTBEAT {datanodeUUID=8884bba7-3460-4b10-8d54-dd5499715d80, command=[]} | ret=SUCCESS |  
2019-09-18 16:28:02,234 | INFO  | SCMAudit | user=jenkins1000 | ip=192.168.5.185 | op=SEND_HEARTBEAT {datanodeUUID=b61b0354-621b-4e20-a68d-2d53fecac27d, command=[]} | ret=SUCCESS |  
2019-09-18 16:28:02,267 | INFO  | SCMAudit | user=jenkins1000 | ip=192.168.5.185 | op=SEND_HEARTBEAT {datanodeUUID=2e09149d-5559-4fea-b716-0eb93f2cac4a, command=[]} | ret=SUCCESS |  
2019-09-18 16:28:02,267 | INFO  | SCMAudit | user=jenkins1000 | ip=192.168.5.185 | op=SEND_HEARTBEAT {datanodeUUID=891c1cf7-eb5d-4327-8423-159f04f60044, command=[]} | ret=SUCCESS |  
2019-09-18 16:28:02,389 | INFO  | SCMAudit | user=jenkins1000 | ip=192.168.5.185 | op=SEND_HEARTBEAT {datanodeUUID=8986536d-5b7d-4e16-8929-1d1bb41ad668, command=[]} | ret=SUCCESS |  
2019-09-18 16:28:02,564 | INFO  | SCMAudit | user=jenkins1000 | ip=192.168.5.185 | op=SEND_HEARTBEAT {datanodeUUID=bbe12df8-c2f1-49e2-8ab8-c8f9f8b834ae, command=[]} | ret=SUCCESS |  
2019-09-18 16:28:02,771 | INFO  | SCMAudit | user=jenkins1000 | ip=192.168.5.185 | op=SEND_HEARTBEAT {datanodeUUID=1d911544-627f-4c31-9b8f-a02840ac95b3, command=[]} | ret=SUCCESS |  
2019-09-18 16:28:03,179 | INFO  | SCMAudit | user=jenkins1000 | ip=192.168.5.185 | op=SEND_HEARTBEAT {datanodeUUID=8884bba7-3460-4b10-8d54-dd5499715d80, command=[]} | ret=SUCCESS |  
2019-09-18 16:28:03,235 | INFO  | SCMAudit | user=jenkins1000 | ip=192.168.5.185 | op=SEND_HEARTBEAT {datanodeUUID=b61b0354-621b-4e20-a68d-2d53fecac27d, command=[]} | ret=SUCCESS |  
2019-09-18 16:28:03,267 | INFO  | SCMAudit | user=jenkins1000 | ip=192.168.5.185 | op=SEND_HEARTBEAT {datanodeUUID=2e09149d-5559-4fea-b716-0eb93f2cac4a, command=[]} | ret=SUCCESS |  
2019-09-18 16:28:03,267 | INFO  | SCMAudit | user=jenkins1000 | ip=192.168.5.185 | op=SEND_HEARTBEAT {datanodeUUID=891c1cf7-eb5d-4327-8423-159f04f60044, command=[]} | ret=SUCCESS |  
2019-09-18 16:28:03,389 | INFO  | SCMAudit | user=jenkins1000 | ip=192.168.5.185 | op=SEND_HEARTBEAT {datanodeUUID=8986536d-5b7d-4e16-8929-1d1bb41ad668, command=[]} | ret=SUCCESS |  
2019-09-18 16:28:03,431 [grpc-default-executor-8] INFO  client.GrpcClientProtocolClient (GrpcClientProtocolClient.java:onNext(255)) - client-08D30C90C1DD->2e09149d-5559-4fea-b716-0eb93f2cac4a: receive RaftClientReply:client-08D30C90C1DD->2e09149d-5559-4fea-b716-0eb93f2cac4a@group-1A1F4B3A8F4F, cid=45, FAILED org.apache.ratis.protocol.NotLeaderException: Server 2e09149d-5559-4fea-b716-0eb93f2cac4a is not the leader (b61b0354-621b-4e20-a68d-2d53fecac27d:192.168.5.185:39516). Request must be sent to leader., logIndex=0, commits[2e09149d-5559-4fea-b716-0eb93f2cac4a:c8, b61b0354-621b-4e20-a68d-2d53fecac27d:c8, 891c1cf7-eb5d-4327-8423-159f04f60044:c8]
2019-09-18 16:28:03,564 | INFO  | SCMAudit | user=jenkins1000 | ip=192.168.5.185 | op=SEND_HEARTBEAT {datanodeUUID=bbe12df8-c2f1-49e2-8ab8-c8f9f8b834ae, command=[]} | ret=SUCCESS |  
2019-09-18 16:28:03,771 | INFO  | SCMAudit | user=jenkins1000 | ip=192.168.5.185 | op=SEND_HEARTBEAT {datanodeUUID=1d911544-627f-4c31-9b8f-a02840ac95b3, command=[]} | ret=SUCCESS |  
2019-09-18 16:28:04,179 | INFO  | SCMAudit | user=jenkins1000 | ip=192.168.5.185 | op=SEND_HEARTBEAT {datanodeUUID=8884bba7-3460-4b10-8d54-dd5499715d80, command=[]} | ret=SUCCESS |  
2019-09-18 16:28:04,235 | INFO  | SCMAudit | user=jenkins1000 | ip=192.168.5.185 | op=SEND_HEARTBEAT {datanodeUUID=b61b0354-621b-4e20-a68d-2d53fecac27d, command=[]} | ret=SUCCESS |  
2019-09-18 16:28:04,267 | INFO  | SCMAudit | user=jenkins1000 | ip=192.168.5.185 | op=SEND_HEARTBEAT {datanodeUUID=891c1cf7-eb5d-4327-8423-159f04f60044, command=[]} | ret=SUCCESS |  
2019-09-18 16:28:04,267 | INFO  | SCMAudit | user=jenkins1000 | ip=192.168.5.185 | op=SEND_HEARTBEAT {datanodeUUID=2e09149d-5559-4fea-b716-0eb93f2cac4a, command=[]} | ret=SUCCESS |  
2019-09-18 16:28:04,390 | INFO  | SCMAudit | user=jenkins1000 | ip=192.168.5.185 | op=SEND_HEARTBEAT {datanodeUUID=8986536d-5b7d-4e16-8929-1d1bb41ad668, command=[]} | ret=SUCCESS |  
2019-09-18 16:28:04,565 | INFO  | SCMAudit | user=jenkins1000 | ip=192.168.5.185 | op=SEND_HEARTBEAT {datanodeUUID=bbe12df8-c2f1-49e2-8ab8-c8f9f8b834ae, command=[]} | ret=SUCCESS |  
2019-09-18 16:28:04,771 | INFO  | SCMAudit | user=jenkins1000 | ip=192.168.5.185 | op=SEND_HEARTBEAT {datanodeUUID=1d911544-627f-4c31-9b8f-a02840ac95b3, command=[]} | ret=SUCCESS |  
2019-09-18 16:28:05,179 | INFO  | SCMAudit | user=jenkins1000 | ip=192.168.5.185 | op=SEND_HEARTBEAT {datanodeUUID=8884bba7-3460-4b10-8d54-dd5499715d80, command=[]} | ret=SUCCESS |  
2019-09-18 16:28:05,235 | INFO  | SCMAudit | user=jenkins1000 | ip=192.168.5.185 | op=SEND_HEARTBEAT {datanodeUUID=b61b0354-621b-4e20-a68d-2d53fecac27d, command=[]} | ret=SUCCESS |  
2019-09-18 16:28:05,267 | INFO  | SCMAudit | user=jenkins1000 | ip=192.168.5.185 | op=SEND_HEARTBEAT {datanodeUUID=2e09149d-5559-4fea-b716-0eb93f2cac4a, command=[]} | ret=SUCCESS |  
2019-09-18 16:28:05,268 | INFO  | SCMAudit | user=jenkins1000 | ip=192.168.5.185 | op=SEND_HEARTBEAT {datanodeUUID=891c1cf7-eb5d-4327-8423-159f04f60044, command=[]} | ret=SUCCESS |  
2019-09-18 16:28:05,389 | INFO  | SCMAudit | user=jenkins1000 | ip=192.168.5.185 | op=SEND_HEARTBEAT {datanodeUUID=8986536d-5b7d-4e16-8929-1d1bb41ad668, command=[]} | ret=SUCCESS |  
2019-09-18 16:28:05,565 | INFO  | SCMAudit | user=jenkins1000 | ip=192.168.5.185 | op=SEND_HEARTBEAT {datanodeUUID=bbe12df8-c2f1-49e2-8ab8-c8f9f8b834ae, command=[]} | ret=SUCCESS |  
2019-09-18 16:28:05,772 | INFO  | SCMAudit | user=jenkins1000 | ip=192.168.5.185 | op=SEND_HEARTBEAT {datanodeUUID=1d911544-627f-4c31-9b8f-a02840ac95b3, command=[]} | ret=SUCCESS |  
2019-09-18 16:28:06,179 | INFO  | SCMAudit | user=jenkins1000 | ip=192.168.5.185 | op=SEND_HEARTBEAT {datanodeUUID=8884bba7-3460-4b10-8d54-dd5499715d80, command=[]} | ret=SUCCESS |  
2019-09-18 16:28:06,235 | INFO  | SCMAudit | user=jenkins1000 | ip=192.168.5.185 | op=SEND_HEARTBEAT {datanodeUUID=b61b0354-621b-4e20-a68d-2d53fecac27d, command=[]} | ret=SUCCESS |  
2019-09-18 16:28:06,267 | INFO  | SCMAudit | user=jenkins1000 | ip=192.168.5.185 | op=SEND_HEARTBEAT {datanodeUUID=2e09149d-5559-4fea-b716-0eb93f2cac4a, command=[]} | ret=SUCCESS |  
2019-09-18 16:28:06,269 | INFO  | SCMAudit | user=jenkins1000 | ip=192.168.5.185 | op=SEND_HEARTBEAT {datanodeUUID=891c1cf7-eb5d-4327-8423-159f04f60044, command=[]} | ret=SUCCESS |  
2019-09-18 16:28:06,389 | INFO  | SCMAudit | user=jenkins1000 | ip=192.168.5.185 | op=SEND_HEARTBEAT {datanodeUUID=8986536d-5b7d-4e16-8929-1d1bb41ad668, command=[]} | ret=SUCCESS |  
2019-09-18 16:28:06,568 | INFO  | SCMAudit | user=jenkins1000 | ip=192.168.5.185 | op=SEND_HEARTBEAT {datanodeUUID=bbe12df8-c2f1-49e2-8ab8-c8f9f8b834ae, command=[]} | ret=SUCCESS |  
2019-09-18 16:28:06,771 | INFO  | SCMAudit | user=jenkins1000 | ip=192.168.5.185 | op=SEND_HEARTBEAT {datanodeUUID=1d911544-627f-4c31-9b8f-a02840ac95b3, command=[]} | ret=SUCCESS |  
2019-09-18 16:28:07,179 | INFO  | SCMAudit | user=jenkins1000 | ip=192.168.5.185 | op=SEND_HEARTBEAT {datanodeUUID=8884bba7-3460-4b10-8d54-dd5499715d80, command=[]} | ret=SUCCESS |  
2019-09-18 16:28:07,235 | INFO  | SCMAudit | user=jenkins1000 | ip=192.168.5.185 | op=SEND_HEARTBEAT {datanodeUUID=b61b0354-621b-4e20-a68d-2d53fecac27d, command=[]} | ret=SUCCESS |  
2019-09-18 16:28:07,267 | INFO  | SCMAudit | user=jenkins1000 | ip=192.168.5.185 | op=SEND_HEARTBEAT {datanodeUUID=2e09149d-5559-4fea-b716-0eb93f2cac4a, command=[]} | ret=SUCCESS |  
2019-09-18 16:28:07,269 | INFO  | SCMAudit | user=jenkins1000 | ip=192.168.5.185 | op=SEND_HEARTBEAT {datanodeUUID=891c1cf7-eb5d-4327-8423-159f04f60044, command=[]} | ret=SUCCESS |  
2019-09-18 16:28:07,389 | INFO  | SCMAudit | user=jenkins1000 | ip=192.168.5.185 | op=SEND_HEARTBEAT {datanodeUUID=8986536d-5b7d-4e16-8929-1d1bb41ad668, command=[]} | ret=SUCCESS |  
2019-09-18 16:28:07,566 | INFO  | SCMAudit | user=jenkins1000 | ip=192.168.5.185 | op=SEND_HEARTBEAT {datanodeUUID=bbe12df8-c2f1-49e2-8ab8-c8f9f8b834ae, command=[]} | ret=SUCCESS |  
2019-09-18 16:28:07,771 | INFO  | SCMAudit | user=jenkins1000 | ip=192.168.5.185 | op=SEND_HEARTBEAT {datanodeUUID=1d911544-627f-4c31-9b8f-a02840ac95b3, command=[]} | ret=SUCCESS |  
2019-09-18 16:28:08,179 | INFO  | SCMAudit | user=jenkins1000 | ip=192.168.5.185 | op=SEND_HEARTBEAT {datanodeUUID=8884bba7-3460-4b10-8d54-dd5499715d80, command=[]} | ret=SUCCESS |  
2019-09-18 16:28:08,235 | INFO  | SCMAudit | user=jenkins1000 | ip=192.168.5.185 | op=SEND_HEARTBEAT {datanodeUUID=b61b0354-621b-4e20-a68d-2d53fecac27d, command=[]} | ret=SUCCESS |  
2019-09-18 16:28:08,267 | INFO  | SCMAudit | user=jenkins1000 | ip=192.168.5.185 | op=SEND_HEARTBEAT {datanodeUUID=2e09149d-5559-4fea-b716-0eb93f2cac4a, command=[]} | ret=SUCCESS |  
2019-09-18 16:28:08,269 | INFO  | SCMAudit | user=jenkins1000 | ip=192.168.5.185 | op=SEND_HEARTBEAT {datanodeUUID=891c1cf7-eb5d-4327-8423-159f04f60044, command=[]} | ret=SUCCESS |  
2019-09-18 16:28:08,390 | INFO  | SCMAudit | user=jenkins1000 | ip=192.168.5.185 | op=SEND_HEARTBEAT {datanodeUUID=8986536d-5b7d-4e16-8929-1d1bb41ad668, command=[]} | ret=SUCCESS |  
2019-09-18 16:28:08,479 [grpc-default-executor-1] INFO  client.GrpcClientProtocolClient (GrpcClientProtocolClient.java:onNext(255)) - client-08D30C90C1DD->2e09149d-5559-4fea-b716-0eb93f2cac4a: receive RaftClientReply:client-08D30C90C1DD->2e09149d-5559-4fea-b716-0eb93f2cac4a@group-1A1F4B3A8F4F, cid=45, FAILED org.apache.ratis.protocol.NotLeaderException: Server 2e09149d-5559-4fea-b716-0eb93f2cac4a is not the leader (b61b0354-621b-4e20-a68d-2d53fecac27d:192.168.5.185:39516). Request must be sent to leader., logIndex=0, commits[2e09149d-5559-4fea-b716-0eb93f2cac4a:c8, b61b0354-621b-4e20-a68d-2d53fecac27d:c8, 891c1cf7-eb5d-4327-8423-159f04f60044:c8]
2019-09-18 16:28:08,566 | INFO  | SCMAudit | user=jenkins1000 | ip=192.168.5.185 | op=SEND_HEARTBEAT {datanodeUUID=bbe12df8-c2f1-49e2-8ab8-c8f9f8b834ae, command=[]} | ret=SUCCESS |  
2019-09-18 16:28:08,771 | INFO  | SCMAudit | user=jenkins1000 | ip=192.168.5.185 | op=SEND_HEARTBEAT {datanodeUUID=1d911544-627f-4c31-9b8f-a02840ac95b3, command=[]} | ret=SUCCESS |  
2019-09-18 16:28:09,179 | INFO  | SCMAudit | user=jenkins1000 | ip=192.168.5.185 | op=SEND_HEARTBEAT {datanodeUUID=8884bba7-3460-4b10-8d54-dd5499715d80, command=[]} | ret=SUCCESS |  
2019-09-18 16:28:09,235 | INFO  | SCMAudit | user=jenkins1000 | ip=192.168.5.185 | op=SEND_HEARTBEAT {datanodeUUID=b61b0354-621b-4e20-a68d-2d53fecac27d, command=[]} | ret=SUCCESS |  
2019-09-18 16:28:09,267 | INFO  | SCMAudit | user=jenkins1000 | ip=192.168.5.185 | op=SEND_HEARTBEAT {datanodeUUID=2e09149d-5559-4fea-b716-0eb93f2cac4a, command=[]} | ret=SUCCESS |  
2019-09-18 16:28:09,269 | INFO  | SCMAudit | user=jenkins1000 | ip=192.168.5.185 | op=SEND_HEARTBEAT {datanodeUUID=891c1cf7-eb5d-4327-8423-159f04f60044, command=[]} | ret=SUCCESS |  
2019-09-18 16:28:09,390 | INFO  | SCMAudit | user=jenkins1000 | ip=192.168.5.185 | op=SEND_HEARTBEAT {datanodeUUID=8986536d-5b7d-4e16-8929-1d1bb41ad668, command=[]} | ret=SUCCESS |  
2019-09-18 16:28:09,566 | INFO  | SCMAudit | user=jenkins1000 | ip=192.168.5.185 | op=SEND_HEARTBEAT {datanodeUUID=bbe12df8-c2f1-49e2-8ab8-c8f9f8b834ae, command=[]} | ret=SUCCESS |  
2019-09-18 16:28:09,771 | INFO  | SCMAudit | user=jenkins1000 | ip=192.168.5.185 | op=SEND_HEARTBEAT {datanodeUUID=1d911544-627f-4c31-9b8f-a02840ac95b3, command=[]} | ret=SUCCESS |  
2019-09-18 16:28:10,179 | INFO  | SCMAudit | user=jenkins1000 | ip=192.168.5.185 | op=SEND_HEARTBEAT {datanodeUUID=8884bba7-3460-4b10-8d54-dd5499715d80, command=[]} | ret=SUCCESS |  
2019-09-18 16:28:10,235 | INFO  | SCMAudit | user=jenkins1000 | ip=192.168.5.185 | op=SEND_HEARTBEAT {datanodeUUID=b61b0354-621b-4e20-a68d-2d53fecac27d, command=[]} | ret=SUCCESS |  
2019-09-18 16:28:10,267 | INFO  | SCMAudit | user=jenkins1000 | ip=192.168.5.185 | op=SEND_HEARTBEAT {datanodeUUID=2e09149d-5559-4fea-b716-0eb93f2cac4a, command=[]} | ret=SUCCESS |  
2019-09-18 16:28:10,269 | INFO  | SCMAudit | user=jenkins1000 | ip=192.168.5.185 | op=SEND_HEARTBEAT {datanodeUUID=891c1cf7-eb5d-4327-8423-159f04f60044, command=[]} | ret=SUCCESS |  
2019-09-18 16:28:10,390 | INFO  | SCMAudit | user=jenkins1000 | ip=192.168.5.185 | op=SEND_HEARTBEAT {datanodeUUID=8986536d-5b7d-4e16-8929-1d1bb41ad668, command=[]} | ret=SUCCESS |  
2019-09-18 16:28:10,566 | INFO  | SCMAudit | user=jenkins1000 | ip=192.168.5.185 | op=SEND_HEARTBEAT {datanodeUUID=bbe12df8-c2f1-49e2-8ab8-c8f9f8b834ae, command=[]} | ret=SUCCESS |  
2019-09-18 16:28:10,771 | INFO  | SCMAudit | user=jenkins1000 | ip=192.168.5.185 | op=SEND_HEARTBEAT {datanodeUUID=1d911544-627f-4c31-9b8f-a02840ac95b3, command=[]} | ret=SUCCESS |  
2019-09-18 16:28:11,180 | INFO  | SCMAudit | user=jenkins1000 | ip=192.168.5.185 | op=SEND_HEARTBEAT {datanodeUUID=8884bba7-3460-4b10-8d54-dd5499715d80, command=[]} | ret=SUCCESS |  
2019-09-18 16:28:11,236 | INFO  | SCMAudit | user=jenkins1000 | ip=192.168.5.185 | op=SEND_HEARTBEAT {datanodeUUID=b61b0354-621b-4e20-a68d-2d53fecac27d, command=[]} | ret=SUCCESS |  
2019-09-18 16:28:11,269 | INFO  | SCMAudit | user=jenkins1000 | ip=192.168.5.185 | op=SEND_HEARTBEAT {datanodeUUID=2e09149d-5559-4fea-b716-0eb93f2cac4a, command=[]} | ret=SUCCESS |  
2019-09-18 16:28:11,269 | INFO  | SCMAudit | user=jenkins1000 | ip=192.168.5.185 | op=SEND_HEARTBEAT {datanodeUUID=891c1cf7-eb5d-4327-8423-159f04f60044, command=[]} | ret=SUCCESS |  
2019-09-18 16:28:11,391 | INFO  | SCMAudit | user=jenkins1000 | ip=192.168.5.185 | op=SEND_HEARTBEAT {datanodeUUID=8986536d-5b7d-4e16-8929-1d1bb41ad668, command=[]} | ret=SUCCESS |  
2019-09-18 16:28:11,566 | INFO  | SCMAudit | user=jenkins1000 | ip=192.168.5.185 | op=SEND_HEARTBEAT {datanodeUUID=bbe12df8-c2f1-49e2-8ab8-c8f9f8b834ae, command=[]} | ret=SUCCESS |  
2019-09-18 16:28:11,772 | INFO  | SCMAudit | user=jenkins1000 | ip=192.168.5.185 | op=SEND_HEARTBEAT {datanodeUUID=1d911544-627f-4c31-9b8f-a02840ac95b3, command=[]} | ret=SUCCESS |  
2019-09-18 16:28:12,179 | INFO  | SCMAudit | user=jenkins1000 | ip=192.168.5.185 | op=SEND_HEARTBEAT {datanodeUUID=8884bba7-3460-4b10-8d54-dd5499715d80, command=[]} | ret=SUCCESS |  
2019-09-18 16:28:12,236 | INFO  | SCMAudit | user=jenkins1000 | ip=192.168.5.185 | op=SEND_HEARTBEAT {datanodeUUID=b61b0354-621b-4e20-a68d-2d53fecac27d, command=[]} | ret=SUCCESS |  
2019-09-18 16:28:12,269 | INFO  | SCMAudit | user=jenkins1000 | ip=192.168.5.185 | op=SEND_HEARTBEAT {datanodeUUID=2e09149d-5559-4fea-b716-0eb93f2cac4a, command=[]} | ret=SUCCESS |  
2019-09-18 16:28:12,269 | INFO  | SCMAudit | user=jenkins1000 | ip=192.168.5.185 | op=SEND_HEARTBEAT {datanodeUUID=891c1cf7-eb5d-4327-8423-159f04f60044, command=[]} | ret=SUCCESS |  
2019-09-18 16:28:12,391 | INFO  | SCMAudit | user=jenkins1000 | ip=192.168.5.185 | op=SEND_HEARTBEAT {datanodeUUID=8986536d-5b7d-4e16-8929-1d1bb41ad668, command=[]} | ret=SUCCESS |  
2019-09-18 16:28:12,566 | INFO  | SCMAudit | user=jenkins1000 | ip=192.168.5.185 | op=SEND_HEARTBEAT {datanodeUUID=bbe12df8-c2f1-49e2-8ab8-c8f9f8b834ae, command=[]} | ret=SUCCESS |  
2019-09-18 16:28:12,772 | INFO  | SCMAudit | user=jenkins1000 | ip=192.168.5.185 | op=SEND_HEARTBEAT {datanodeUUID=1d911544-627f-4c31-9b8f-a02840ac95b3, command=[]} | ret=SUCCESS |  
2019-09-18 16:28:13,179 | INFO  | SCMAudit | user=jenkins1000 | ip=192.168.5.185 | op=SEND_HEARTBEAT {datanodeUUID=8884bba7-3460-4b10-8d54-dd5499715d80, command=[]} | ret=SUCCESS |  
2019-09-18 16:28:13,237 | INFO  | SCMAudit | user=jenkins1000 | ip=192.168.5.185 | op=SEND_HEARTBEAT {datanodeUUID=b61b0354-621b-4e20-a68d-2d53fecac27d, command=[]} | ret=SUCCESS |  
2019-09-18 16:28:13,269 | INFO  | SCMAudit | user=jenkins1000 | ip=192.168.5.185 | op=SEND_HEARTBEAT {datanodeUUID=2e09149d-5559-4fea-b716-0eb93f2cac4a, command=[]} | ret=SUCCESS |  
2019-09-18 16:28:13,269 | INFO  | SCMAudit | user=jenkins1000 | ip=192.168.5.185 | op=SEND_HEARTBEAT {datanodeUUID=891c1cf7-eb5d-4327-8423-159f04f60044, command=[]} | ret=SUCCESS |  
2019-09-18 16:28:13,391 | INFO  | SCMAudit | user=jenkins1000 | ip=192.168.5.185 | op=SEND_HEARTBEAT {datanodeUUID=8986536d-5b7d-4e16-8929-1d1bb41ad668, command=[]} | ret=SUCCESS |  
2019-09-18 16:28:13,518 [grpc-default-executor-1] INFO  client.GrpcClientProtocolClient (GrpcClientProtocolClient.java:onNext(255)) - client-08D30C90C1DD->2e09149d-5559-4fea-b716-0eb93f2cac4a: receive RaftClientReply:client-08D30C90C1DD->2e09149d-5559-4fea-b716-0eb93f2cac4a@group-1A1F4B3A8F4F, cid=45, FAILED org.apache.ratis.protocol.NotLeaderException: Server 2e09149d-5559-4fea-b716-0eb93f2cac4a is not the leader (b61b0354-621b-4e20-a68d-2d53fecac27d:192.168.5.185:39516). Request must be sent to leader., logIndex=0, commits[2e09149d-5559-4fea-b716-0eb93f2cac4a:c8, b61b0354-621b-4e20-a68d-2d53fecac27d:c8, 891c1cf7-eb5d-4327-8423-159f04f60044:c8]
2019-09-18 16:28:13,567 | INFO  | SCMAudit | user=jenkins1000 | ip=192.168.5.185 | op=SEND_HEARTBEAT {datanodeUUID=bbe12df8-c2f1-49e2-8ab8-c8f9f8b834ae, command=[]} | ret=SUCCESS |  
2019-09-18 16:28:13,772 | INFO  | SCMAudit | user=jenkins1000 | ip=192.168.5.185 | op=SEND_HEARTBEAT {datanodeUUID=1d911544-627f-4c31-9b8f-a02840ac95b3, command=[]} | ret=SUCCESS |  
2019-09-18 16:28:14,179 | INFO  | SCMAudit | user=jenkins1000 | ip=192.168.5.185 | op=SEND_HEARTBEAT {datanodeUUID=8884bba7-3460-4b10-8d54-dd5499715d80, command=[]} | ret=SUCCESS |  
2019-09-18 16:28:14,237 | INFO  | SCMAudit | user=jenkins1000 | ip=192.168.5.185 | op=SEND_HEARTBEAT {datanodeUUID=b61b0354-621b-4e20-a68d-2d53fecac27d, command=[]} | ret=SUCCESS |  
2019-09-18 16:28:14,269 | INFO  | SCMAudit | user=jenkins1000 | ip=192.168.5.185 | op=SEND_HEARTBEAT {datanodeUUID=2e09149d-5559-4fea-b716-0eb93f2cac4a, command=[]} | ret=SUCCESS |  
2019-09-18 16:28:14,269 | INFO  | SCMAudit | user=jenkins1000 | ip=192.168.5.185 | op=SEND_HEARTBEAT {datanodeUUID=891c1cf7-eb5d-4327-8423-159f04f60044, command=[]} | ret=SUCCESS |  
2019-09-18 16:28:14,391 | INFO  | SCMAudit | user=jenkins1000 | ip=192.168.5.185 | op=SEND_HEARTBEAT {datanodeUUID=8986536d-5b7d-4e16-8929-1d1bb41ad668, command=[]} | ret=SUCCESS |  
2019-09-18 16:28:14,567 | INFO  | SCMAudit | user=jenkins1000 | ip=192.168.5.185 | op=SEND_HEARTBEAT {datanodeUUID=bbe12df8-c2f1-49e2-8ab8-c8f9f8b834ae, command=[]} | ret=SUCCESS |  
2019-09-18 16:28:14,772 | INFO  | SCMAudit | user=jenkins1000 | ip=192.168.5.185 | op=SEND_HEARTBEAT {datanodeUUID=1d911544-627f-4c31-9b8f-a02840ac95b3, command=[]} | ret=SUCCESS |  
2019-09-18 16:28:15,179 | INFO  | SCMAudit | user=jenkins1000 | ip=192.168.5.185 | op=SEND_HEARTBEAT {datanodeUUID=8884bba7-3460-4b10-8d54-dd5499715d80, command=[]} | ret=SUCCESS |  
2019-09-18 16:28:15,237 | INFO  | SCMAudit | user=jenkins1000 | ip=192.168.5.185 | op=SEND_HEARTBEAT {datanodeUUID=b61b0354-621b-4e20-a68d-2d53fecac27d, command=[]} | ret=SUCCESS |  
2019-09-18 16:28:15,269 | INFO  | SCMAudit | user=jenkins1000 | ip=192.168.5.185 | op=SEND_HEARTBEAT {datanodeUUID=2e09149d-5559-4fea-b716-0eb93f2cac4a, command=[]} | ret=SUCCESS |  
2019-09-18 16:28:15,269 | INFO  | SCMAudit | user=jenkins1000 | ip=192.168.5.185 | op=SEND_HEARTBEAT {datanodeUUID=891c1cf7-eb5d-4327-8423-159f04f60044, command=[]} | ret=SUCCESS |  
2019-09-18 16:28:15,391 | INFO  | SCMAudit | user=jenkins1000 | ip=192.168.5.185 | op=SEND_HEARTBEAT {datanodeUUID=8986536d-5b7d-4e16-8929-1d1bb41ad668, command=[]} | ret=SUCCESS |  
2019-09-18 16:28:15,566 | INFO  | SCMAudit | user=jenkins1000 | ip=192.168.5.185 | op=SEND_HEARTBEAT {datanodeUUID=bbe12df8-c2f1-49e2-8ab8-c8f9f8b834ae, command=[]} | ret=SUCCESS |  
2019-09-18 16:28:15,772 | INFO  | SCMAudit | user=jenkins1000 | ip=192.168.5.185 | op=SEND_HEARTBEAT {datanodeUUID=1d911544-627f-4c31-9b8f-a02840ac95b3, command=[]} | ret=SUCCESS |  
2019-09-18 16:28:16,179 | INFO  | SCMAudit | user=jenkins1000 | ip=192.168.5.185 | op=SEND_HEARTBEAT {datanodeUUID=8884bba7-3460-4b10-8d54-dd5499715d80, command=[]} | ret=SUCCESS |  
2019-09-18 16:28:16,237 | INFO  | SCMAudit | user=jenkins1000 | ip=192.168.5.185 | op=SEND_HEARTBEAT {datanodeUUID=b61b0354-621b-4e20-a68d-2d53fecac27d, command=[]} | ret=SUCCESS |  
2019-09-18 16:28:16,269 | INFO  | SCMAudit | user=jenkins1000 | ip=192.168.5.185 | op=SEND_HEARTBEAT {datanodeUUID=2e09149d-5559-4fea-b716-0eb93f2cac4a, command=[]} | ret=SUCCESS |  
2019-09-18 16:28:16,270 | INFO  | SCMAudit | user=jenkins1000 | ip=192.168.5.185 | op=SEND_HEARTBEAT {datanodeUUID=891c1cf7-eb5d-4327-8423-159f04f60044, command=[]} | ret=SUCCESS |  
2019-09-18 16:28:16,391 | INFO  | SCMAudit | user=jenkins1000 | ip=192.168.5.185 | op=SEND_HEARTBEAT {datanodeUUID=8986536d-5b7d-4e16-8929-1d1bb41ad668, command=[]} | ret=SUCCESS |  
2019-09-18 16:28:16,566 | INFO  | SCMAudit | user=jenkins1000 | ip=192.168.5.185 | op=SEND_HEARTBEAT {datanodeUUID=bbe12df8-c2f1-49e2-8ab8-c8f9f8b834ae, command=[]} | ret=SUCCESS |  
2019-09-18 16:28:16,772 | INFO  | SCMAudit | user=jenkins1000 | ip=192.168.5.185 | op=SEND_HEARTBEAT {datanodeUUID=1d911544-627f-4c31-9b8f-a02840ac95b3, command=[]} | ret=SUCCESS |  
2019-09-18 16:28:17,179 | INFO  | SCMAudit | user=jenkins1000 | ip=192.168.5.185 | op=SEND_HEARTBEAT {datanodeUUID=8884bba7-3460-4b10-8d54-dd5499715d80, command=[]} | ret=SUCCESS |  
2019-09-18 16:28:17,237 | INFO  | SCMAudit | user=jenkins1000 | ip=192.168.5.185 | op=SEND_HEARTBEAT {datanodeUUID=b61b0354-621b-4e20-a68d-2d53fecac27d, command=[]} | ret=SUCCESS |  
2019-09-18 16:28:17,270 | INFO  | SCMAudit | user=jenkins1000 | ip=192.168.5.185 | op=SEND_HEARTBEAT {datanodeUUID=2e09149d-5559-4fea-b716-0eb93f2cac4a, command=[]} | ret=SUCCESS |  
2019-09-18 16:28:17,271 | INFO  | SCMAudit | user=jenkins1000 | ip=192.168.5.185 | op=SEND_HEARTBEAT {datanodeUUID=891c1cf7-eb5d-4327-8423-159f04f60044, command=[]} | ret=SUCCESS |  
2019-09-18 16:28:17,391 | INFO  | SCMAudit | user=jenkins1000 | ip=192.168.5.185 | op=SEND_HEARTBEAT {datanodeUUID=8986536d-5b7d-4e16-8929-1d1bb41ad668, command=[]} | ret=SUCCESS |  
2019-09-18 16:28:17,567 | INFO  | SCMAudit | user=jenkins1000 | ip=192.168.5.185 | op=SEND_HEARTBEAT {datanodeUUID=bbe12df8-c2f1-49e2-8ab8-c8f9f8b834ae, command=[]} | ret=SUCCESS |  
2019-09-18 16:28:17,773 | INFO  | SCMAudit | user=jenkins1000 | ip=192.168.5.185 | op=SEND_HEARTBEAT {datanodeUUID=1d911544-627f-4c31-9b8f-a02840ac95b3, command=[]} | ret=SUCCESS |  
2019-09-18 16:28:18,180 | INFO  | SCMAudit | user=jenkins1000 | ip=192.168.5.185 | op=SEND_HEARTBEAT {datanodeUUID=8884bba7-3460-4b10-8d54-dd5499715d80, command=[]} | ret=SUCCESS |  
2019-09-18 16:28:18,238 | INFO  | SCMAudit | user=jenkins1000 | ip=192.168.5.185 | op=SEND_HEARTBEAT {datanodeUUID=b61b0354-621b-4e20-a68d-2d53fecac27d, command=[]} | ret=SUCCESS |  
2019-09-18 16:28:18,270 | INFO  | SCMAudit | user=jenkins1000 | ip=192.168.5.185 | op=SEND_HEARTBEAT {datanodeUUID=2e09149d-5559-4fea-b716-0eb93f2cac4a, command=[]} | ret=SUCCESS |  
2019-09-18 16:28:18,272 | INFO  | SCMAudit | user=jenkins1000 | ip=192.168.5.185 | op=SEND_HEARTBEAT {datanodeUUID=891c1cf7-eb5d-4327-8423-159f04f60044, command=[]} | ret=SUCCESS |  
2019-09-18 16:28:18,391 | INFO  | SCMAudit | user=jenkins1000 | ip=192.168.5.185 | op=SEND_HEARTBEAT {datanodeUUID=8986536d-5b7d-4e16-8929-1d1bb41ad668, command=[]} | ret=SUCCESS |  
2019-09-18 16:28:18,561 [grpc-default-executor-8] INFO  client.GrpcClientProtocolClient (GrpcClientProtocolClient.java:onNext(255)) - client-08D30C90C1DD->891c1cf7-eb5d-4327-8423-159f04f60044: receive RaftClientReply:client-08D30C90C1DD->891c1cf7-eb5d-4327-8423-159f04f60044@group-1A1F4B3A8F4F, cid=45, FAILED org.apache.ratis.protocol.NotLeaderException: Server 891c1cf7-eb5d-4327-8423-159f04f60044 is not the leader (b61b0354-621b-4e20-a68d-2d53fecac27d:192.168.5.185:39516). Request must be sent to leader., logIndex=0, commits[891c1cf7-eb5d-4327-8423-159f04f60044:c8, b61b0354-621b-4e20-a68d-2d53fecac27d:c8, 2e09149d-5559-4fea-b716-0eb93f2cac4a:c8]
2019-09-18 16:28:18,580 | INFO  | SCMAudit | user=jenkins1000 | ip=192.168.5.185 | op=SEND_HEARTBEAT {datanodeUUID=bbe12df8-c2f1-49e2-8ab8-c8f9f8b834ae, command=[]} | ret=SUCCESS |  
2019-09-18 16:28:18,773 | INFO  | SCMAudit | user=jenkins1000 | ip=192.168.5.185 | op=SEND_HEARTBEAT {datanodeUUID=1d911544-627f-4c31-9b8f-a02840ac95b3, command=[]} | ret=SUCCESS |  
2019-09-18 16:28:19,180 | INFO  | SCMAudit | user=jenkins1000 | ip=192.168.5.185 | op=SEND_HEARTBEAT {datanodeUUID=8884bba7-3460-4b10-8d54-dd5499715d80, command=[]} | ret=SUCCESS |  
2019-09-18 16:28:19,237 | INFO  | SCMAudit | user=jenkins1000 | ip=192.168.5.185 | op=SEND_HEARTBEAT {datanodeUUID=b61b0354-621b-4e20-a68d-2d53fecac27d, command=[]} | ret=SUCCESS |  
2019-09-18 16:28:19,270 | INFO  | SCMAudit | user=jenkins1000 | ip=192.168.5.185 | op=SEND_HEARTBEAT {datanodeUUID=2e09149d-5559-4fea-b716-0eb93f2cac4a, command=[]} | ret=SUCCESS |  
2019-09-18 16:28:19,272 | INFO  | SCMAudit | user=jenkins1000 | ip=192.168.5.185 | op=SEND_HEARTBEAT {datanodeUUID=891c1cf7-eb5d-4327-8423-159f04f60044, command=[]} | ret=SUCCESS |  
2019-09-18 16:28:19,391 | INFO  | SCMAudit | user=jenkins1000 | ip=192.168.5.185 | op=SEND_HEARTBEAT {datanodeUUID=8986536d-5b7d-4e16-8929-1d1bb41ad668, command=[]} | ret=SUCCESS |  
2019-09-18 16:28:19,578 | INFO  | SCMAudit | user=jenkins1000 | ip=192.168.5.185 | op=SEND_HEARTBEAT {datanodeUUID=bbe12df8-c2f1-49e2-8ab8-c8f9f8b834ae, command=[]} | ret=SUCCESS |  
2019-09-18 16:28:19,773 | INFO  | SCMAudit | user=jenkins1000 | ip=192.168.5.185 | op=SEND_HEARTBEAT {datanodeUUID=1d911544-627f-4c31-9b8f-a02840ac95b3, command=[]} | ret=SUCCESS |  
2019-09-18 16:28:20,180 | INFO  | SCMAudit | user=jenkins1000 | ip=192.168.5.185 | op=SEND_HEARTBEAT {datanodeUUID=8884bba7-3460-4b10-8d54-dd5499715d80, command=[]} | ret=SUCCESS |  
2019-09-18 16:28:20,237 | INFO  | SCMAudit | user=jenkins1000 | ip=192.168.5.185 | op=SEND_HEARTBEAT {datanodeUUID=b61b0354-621b-4e20-a68d-2d53fecac27d, command=[]} | ret=SUCCESS |  
2019-09-18 16:28:20,271 | INFO  | SCMAudit | user=jenkins1000 | ip=192.168.5.185 | op=SEND_HEARTBEAT {datanodeUUID=2e09149d-5559-4fea-b716-0eb93f2cac4a, command=[]} | ret=SUCCESS |  
2019-09-18 16:28:20,273 | INFO  | SCMAudit | user=jenkins1000 | ip=192.168.5.185 | op=SEND_HEARTBEAT {datanodeUUID=891c1cf7-eb5d-4327-8423-159f04f60044, command=[]} | ret=SUCCESS |  
2019-09-18 16:28:20,392 | INFO  | SCMAudit | user=jenkins1000 | ip=192.168.5.185 | op=SEND_HEARTBEAT {datanodeUUID=8986536d-5b7d-4e16-8929-1d1bb41ad668, command=[]} | ret=SUCCESS |  
2019-09-18 16:28:20,579 | INFO  | SCMAudit | user=jenkins1000 | ip=192.168.5.185 | op=SEND_HEARTBEAT {datanodeUUID=bbe12df8-c2f1-49e2-8ab8-c8f9f8b834ae, command=[]} | ret=SUCCESS |  
2019-09-18 16:28:20,773 | INFO  | SCMAudit | user=jenkins1000 | ip=192.168.5.185 | op=SEND_HEARTBEAT {datanodeUUID=1d911544-627f-4c31-9b8f-a02840ac95b3, command=[]} | ret=SUCCESS |  
2019-09-18 16:28:21,180 | INFO  | SCMAudit | user=jenkins1000 | ip=192.168.5.185 | op=SEND_HEARTBEAT {datanodeUUID=8884bba7-3460-4b10-8d54-dd5499715d80, command=[]} | ret=SUCCESS |  
2019-09-18 16:28:21,237 | INFO  | SCMAudit | user=jenkins1000 | ip=192.168.5.185 | op=SEND_HEARTBEAT {datanodeUUID=b61b0354-621b-4e20-a68d-2d53fecac27d, command=[]} | ret=SUCCESS |  
2019-09-18 16:28:21,269 | INFO  | SCMAudit | user=jenkins1000 | ip=192.168.5.185 | op=SEND_HEARTBEAT {datanodeUUID=2e09149d-5559-4fea-b716-0eb93f2cac4a, command=[]} | ret=SUCCESS |  
2019-09-18 16:28:21,273 | INFO  | SCMAudit | user=jenkins1000 | ip=192.168.5.185 | op=SEND_HEARTBEAT {datanodeUUID=891c1cf7-eb5d-4327-8423-159f04f60044, command=[]} | ret=SUCCESS |  
2019-09-18 16:28:21,391 | INFO  | SCMAudit | user=jenkins1000 | ip=192.168.5.185 | op=SEND_HEARTBEAT {datanodeUUID=8986536d-5b7d-4e16-8929-1d1bb41ad668, command=[]} | ret=SUCCESS |  
2019-09-18 16:28:21,579 | INFO  | SCMAudit | user=jenkins1000 | ip=192.168.5.185 | op=SEND_HEARTBEAT {datanodeUUID=bbe12df8-c2f1-49e2-8ab8-c8f9f8b834ae, command=[]} | ret=SUCCESS |  
2019-09-18 16:28:21,773 | INFO  | SCMAudit | user=jenkins1000 | ip=192.168.5.185 | op=SEND_HEARTBEAT {datanodeUUID=1d911544-627f-4c31-9b8f-a02840ac95b3, command=[]} | ret=SUCCESS |  
2019-09-18 16:28:22,180 | INFO  | SCMAudit | user=jenkins1000 | ip=192.168.5.185 | op=SEND_HEARTBEAT {datanodeUUID=8884bba7-3460-4b10-8d54-dd5499715d80, command=[]} | ret=SUCCESS |  
2019-09-18 16:28:22,237 | INFO  | SCMAudit | user=jenkins1000 | ip=192.168.5.185 | op=SEND_HEARTBEAT {datanodeUUID=b61b0354-621b-4e20-a68d-2d53fecac27d, command=[]} | ret=SUCCESS |  
2019-09-18 16:28:22,269 | INFO  | SCMAudit | user=jenkins1000 | ip=192.168.5.185 | op=SEND_HEARTBEAT {datanodeUUID=2e09149d-5559-4fea-b716-0eb93f2cac4a, command=[]} | ret=SUCCESS |  
2019-09-18 16:28:22,273 | INFO  | SCMAudit | user=jenkins1000 | ip=192.168.5.185 | op=SEND_HEARTBEAT {datanodeUUID=891c1cf7-eb5d-4327-8423-159f04f60044, command=[]} | ret=SUCCESS |  
2019-09-18 16:28:22,391 | INFO  | SCMAudit | user=jenkins1000 | ip=192.168.5.185 | op=SEND_HEARTBEAT {datanodeUUID=8986536d-5b7d-4e16-8929-1d1bb41ad668, command=[]} | ret=SUCCESS |  
2019-09-18 16:28:22,579 | INFO  | SCMAudit | user=jenkins1000 | ip=192.168.5.185 | op=SEND_HEARTBEAT {datanodeUUID=bbe12df8-c2f1-49e2-8ab8-c8f9f8b834ae, command=[]} | ret=SUCCESS |  
2019-09-18 16:28:22,774 | INFO  | SCMAudit | user=jenkins1000 | ip=192.168.5.185 | op=SEND_HEARTBEAT {datanodeUUID=1d911544-627f-4c31-9b8f-a02840ac95b3, command=[]} | ret=SUCCESS |  
2019-09-18 16:28:23,180 | INFO  | SCMAudit | user=jenkins1000 | ip=192.168.5.185 | op=SEND_HEARTBEAT {datanodeUUID=8884bba7-3460-4b10-8d54-dd5499715d80, command=[]} | ret=SUCCESS |  
2019-09-18 16:28:23,238 | INFO  | SCMAudit | user=jenkins1000 | ip=192.168.5.185 | op=SEND_HEARTBEAT {datanodeUUID=b61b0354-621b-4e20-a68d-2d53fecac27d, command=[]} | ret=SUCCESS |  
2019-09-18 16:28:23,271 | INFO  | SCMAudit | user=jenkins1000 | ip=192.168.5.185 | op=SEND_HEARTBEAT {datanodeUUID=2e09149d-5559-4fea-b716-0eb93f2cac4a, command=[]} | ret=SUCCESS |  
2019-09-18 16:28:23,273 | INFO  | SCMAudit | user=jenkins1000 | ip=192.168.5.185 | op=SEND_HEARTBEAT {datanodeUUID=891c1cf7-eb5d-4327-8423-159f04f60044, command=[]} | ret=SUCCESS |  
2019-09-18 16:28:23,391 | INFO  | SCMAudit | user=jenkins1000 | ip=192.168.5.185 | op=SEND_HEARTBEAT {datanodeUUID=8986536d-5b7d-4e16-8929-1d1bb41ad668, command=[]} | ret=SUCCESS |  
2019-09-18 16:28:23,579 | INFO  | SCMAudit | user=jenkins1000 | ip=192.168.5.185 | op=SEND_HEARTBEAT {datanodeUUID=bbe12df8-c2f1-49e2-8ab8-c8f9f8b834ae, command=[]} | ret=SUCCESS |  
2019-09-18 16:28:23,624 [grpc-default-executor-8] INFO  client.GrpcClientProtocolClient (GrpcClientProtocolClient.java:onNext(255)) - client-08D30C90C1DD->891c1cf7-eb5d-4327-8423-159f04f60044: receive RaftClientReply:client-08D30C90C1DD->891c1cf7-eb5d-4327-8423-159f04f60044@group-1A1F4B3A8F4F, cid=45, FAILED org.apache.ratis.protocol.NotLeaderException: Server 891c1cf7-eb5d-4327-8423-159f04f60044 is not the leader (b61b0354-621b-4e20-a68d-2d53fecac27d:192.168.5.185:39516). Request must be sent to leader., logIndex=0, commits[891c1cf7-eb5d-4327-8423-159f04f60044:c8, b61b0354-621b-4e20-a68d-2d53fecac27d:c8, 2e09149d-5559-4fea-b716-0eb93f2cac4a:c8]
2019-09-18 16:28:23,773 | INFO  | SCMAudit | user=jenkins1000 | ip=192.168.5.185 | op=SEND_HEARTBEAT {datanodeUUID=1d911544-627f-4c31-9b8f-a02840ac95b3, command=[]} | ret=SUCCESS |  
2019-09-18 16:28:24,180 | INFO  | SCMAudit | user=jenkins1000 | ip=192.168.5.185 | op=SEND_HEARTBEAT {datanodeUUID=8884bba7-3460-4b10-8d54-dd5499715d80, command=[]} | ret=SUCCESS |  
2019-09-18 16:28:24,238 | INFO  | SCMAudit | user=jenkins1000 | ip=192.168.5.185 | op=SEND_HEARTBEAT {datanodeUUID=b61b0354-621b-4e20-a68d-2d53fecac27d, command=[]} | ret=SUCCESS |  
2019-09-18 16:28:24,271 | INFO  | SCMAudit | user=jenkins1000 | ip=192.168.5.185 | op=SEND_HEARTBEAT {datanodeUUID=2e09149d-5559-4fea-b716-0eb93f2cac4a, command=[]} | ret=SUCCESS |  
2019-09-18 16:28:24,273 | INFO  | SCMAudit | user=jenkins1000 | ip=192.168.5.185 | op=SEND_HEARTBEAT {datanodeUUID=891c1cf7-eb5d-4327-8423-159f04f60044, command=[]} | ret=SUCCESS |  
2019-09-18 16:28:24,391 | INFO  | SCMAudit | user=jenkins1000 | ip=192.168.5.185 | op=SEND_HEARTBEAT {datanodeUUID=8986536d-5b7d-4e16-8929-1d1bb41ad668, command=[]} | ret=SUCCESS |  
2019-09-18 16:28:24,579 | INFO  | SCMAudit | user=jenkins1000 | ip=192.168.5.185 | op=SEND_HEARTBEAT {datanodeUUID=bbe12df8-c2f1-49e2-8ab8-c8f9f8b834ae, command=[]} | ret=SUCCESS |  
2019-09-18 16:28:24,773 | INFO  | SCMAudit | user=jenkins1000 | ip=192.168.5.185 | op=SEND_HEARTBEAT {datanodeUUID=1d911544-627f-4c31-9b8f-a02840ac95b3, command=[]} | ret=SUCCESS |  
2019-09-18 16:28:25,180 | INFO  | SCMAudit | user=jenkins1000 | ip=192.168.5.185 | op=SEND_HEARTBEAT {datanodeUUID=8884bba7-3460-4b10-8d54-dd5499715d80, command=[]} | ret=SUCCESS |  
2019-09-18 16:28:25,238 | INFO  | SCMAudit | user=jenkins1000 | ip=192.168.5.185 | op=SEND_HEARTBEAT {datanodeUUID=b61b0354-621b-4e20-a68d-2d53fecac27d, command=[]} | ret=SUCCESS |  
2019-09-18 16:28:25,271 | INFO  | SCMAudit | user=jenkins1000 | ip=192.168.5.185 | op=SEND_HEARTBEAT {datanodeUUID=2e09149d-5559-4fea-b716-0eb93f2cac4a, command=[]} | ret=SUCCESS |  
2019-09-18 16:28:25,273 | INFO  | SCMAudit | user=jenkins1000 | ip=192.168.5.185 | op=SEND_HEARTBEAT {datanodeUUID=891c1cf7-eb5d-4327-8423-159f04f60044, command=[]} | ret=SUCCESS |  
2019-09-18 16:28:25,391 | INFO  | SCMAudit | user=jenkins1000 | ip=192.168.5.185 | op=SEND_HEARTBEAT {datanodeUUID=8986536d-5b7d-4e16-8929-1d1bb41ad668, command=[]} | ret=SUCCESS |  
2019-09-18 16:28:25,579 | INFO  | SCMAudit | user=jenkins1000 | ip=192.168.5.185 | op=SEND_HEARTBEAT {datanodeUUID=bbe12df8-c2f1-49e2-8ab8-c8f9f8b834ae, command=[]} | ret=SUCCESS |  
2019-09-18 16:28:25,773 | INFO  | SCMAudit | user=jenkins1000 | ip=192.168.5.185 | op=SEND_HEARTBEAT {datanodeUUID=1d911544-627f-4c31-9b8f-a02840ac95b3, command=[]} | ret=SUCCESS |  
2019-09-18 16:28:26,180 | INFO  | SCMAudit | user=jenkins1000 | ip=192.168.5.185 | op=SEND_HEARTBEAT {datanodeUUID=8884bba7-3460-4b10-8d54-dd5499715d80, command=[]} | ret=SUCCESS |  
2019-09-18 16:28:26,238 | INFO  | SCMAudit | user=jenkins1000 | ip=192.168.5.185 | op=SEND_HEARTBEAT {datanodeUUID=b61b0354-621b-4e20-a68d-2d53fecac27d, command=[]} | ret=SUCCESS |  
2019-09-18 16:28:26,271 | INFO  | SCMAudit | user=jenkins1000 | ip=192.168.5.185 | op=SEND_HEARTBEAT {datanodeUUID=2e09149d-5559-4fea-b716-0eb93f2cac4a, command=[]} | ret=SUCCESS |  
2019-09-18 16:28:26,273 | INFO  | SCMAudit | user=jenkins1000 | ip=192.168.5.185 | op=SEND_HEARTBEAT {datanodeUUID=891c1cf7-eb5d-4327-8423-159f04f60044, command=[]} | ret=SUCCESS |  
2019-09-18 16:28:26,392 | INFO  | SCMAudit | user=jenkins1000 | ip=192.168.5.185 | op=SEND_HEARTBEAT {datanodeUUID=8986536d-5b7d-4e16-8929-1d1bb41ad668, command=[]} | ret=SUCCESS |  
2019-09-18 16:28:26,579 | INFO  | SCMAudit | user=jenkins1000 | ip=192.168.5.185 | op=SEND_HEARTBEAT {datanodeUUID=bbe12df8-c2f1-49e2-8ab8-c8f9f8b834ae, command=[]} | ret=SUCCESS |  
2019-09-18 16:28:26,773 | INFO  | SCMAudit | user=jenkins1000 | ip=192.168.5.185 | op=SEND_HEARTBEAT {datanodeUUID=1d911544-627f-4c31-9b8f-a02840ac95b3, command=[]} | ret=SUCCESS |  
2019-09-18 16:28:27,180 | INFO  | SCMAudit | user=jenkins1000 | ip=192.168.5.185 | op=SEND_HEARTBEAT {datanodeUUID=8884bba7-3460-4b10-8d54-dd5499715d80, command=[]} | ret=SUCCESS |  
2019-09-18 16:28:27,238 | INFO  | SCMAudit | user=jenkins1000 | ip=192.168.5.185 | op=SEND_HEARTBEAT {datanodeUUID=b61b0354-621b-4e20-a68d-2d53fecac27d, command=[]} | ret=SUCCESS |  
2019-09-18 16:28:27,272 | INFO  | SCMAudit | user=jenkins1000 | ip=192.168.5.185 | op=SEND_HEARTBEAT {datanodeUUID=2e09149d-5559-4fea-b716-0eb93f2cac4a, command=[]} | ret=SUCCESS |  
2019-09-18 16:28:27,273 | INFO  | SCMAudit | user=jenkins1000 | ip=192.168.5.185 | op=SEND_HEARTBEAT {datanodeUUID=891c1cf7-eb5d-4327-8423-159f04f60044, command=[]} | ret=SUCCESS |  
2019-09-18 16:28:27,392 | INFO  | SCMAudit | user=jenkins1000 | ip=192.168.5.185 | op=SEND_HEARTBEAT {datanodeUUID=8986536d-5b7d-4e16-8929-1d1bb41ad668, command=[]} | ret=SUCCESS |  
2019-09-18 16:28:27,579 | INFO  | SCMAudit | user=jenkins1000 | ip=192.168.5.185 | op=SEND_HEARTBEAT {datanodeUUID=bbe12df8-c2f1-49e2-8ab8-c8f9f8b834ae, command=[]} | ret=SUCCESS |  
2019-09-18 16:28:27,774 | INFO  | SCMAudit | user=jenkins1000 | ip=192.168.5.185 | op=SEND_HEARTBEAT {datanodeUUID=1d911544-627f-4c31-9b8f-a02840ac95b3, command=[]} | ret=SUCCESS |  
2019-09-18 16:28:28,180 | INFO  | SCMAudit | user=jenkins1000 | ip=192.168.5.185 | op=SEND_HEARTBEAT {datanodeUUID=8884bba7-3460-4b10-8d54-dd5499715d80, command=[]} | ret=SUCCESS |  
2019-09-18 16:28:28,238 | INFO  | SCMAudit | user=jenkins1000 | ip=192.168.5.185 | op=SEND_HEARTBEAT {datanodeUUID=b61b0354-621b-4e20-a68d-2d53fecac27d, command=[]} | ret=SUCCESS |  
2019-09-18 16:28:28,272 | INFO  | SCMAudit | user=jenkins1000 | ip=192.168.5.185 | op=SEND_HEARTBEAT {datanodeUUID=2e09149d-5559-4fea-b716-0eb93f2cac4a, command=[]} | ret=SUCCESS |  
2019-09-18 16:28:28,273 | INFO  | SCMAudit | user=jenkins1000 | ip=192.168.5.185 | op=SEND_HEARTBEAT {datanodeUUID=891c1cf7-eb5d-4327-8423-159f04f60044, command=[]} | ret=SUCCESS |  
2019-09-18 16:28:28,392 | INFO  | SCMAudit | user=jenkins1000 | ip=192.168.5.185 | op=SEND_HEARTBEAT {datanodeUUID=8986536d-5b7d-4e16-8929-1d1bb41ad668, command=[]} | ret=SUCCESS |  
2019-09-18 16:28:28,579 | INFO  | SCMAudit | user=jenkins1000 | ip=192.168.5.185 | op=SEND_HEARTBEAT {datanodeUUID=bbe12df8-c2f1-49e2-8ab8-c8f9f8b834ae, command=[]} | ret=SUCCESS |  
2019-09-18 16:28:28,661 [grpc-default-executor-1] INFO  client.GrpcClientProtocolClient (GrpcClientProtocolClient.java:onNext(255)) - client-08D30C90C1DD->2e09149d-5559-4fea-b716-0eb93f2cac4a: receive RaftClientReply:client-08D30C90C1DD->2e09149d-5559-4fea-b716-0eb93f2cac4a@group-1A1F4B3A8F4F, cid=45, FAILED org.apache.ratis.protocol.NotLeaderException: Server 2e09149d-5559-4fea-b716-0eb93f2cac4a is not the leader (b61b0354-621b-4e20-a68d-2d53fecac27d:192.168.5.185:39516). Request must be sent to leader., logIndex=0, commits[2e09149d-5559-4fea-b716-0eb93f2cac4a:c8, b61b0354-621b-4e20-a68d-2d53fecac27d:c8, 891c1cf7-eb5d-4327-8423-159f04f60044:c8]
2019-09-18 16:28:28,774 | INFO  | SCMAudit | user=jenkins1000 | ip=192.168.5.185 | op=SEND_HEARTBEAT {datanodeUUID=1d911544-627f-4c31-9b8f-a02840ac95b3, command=[]} | ret=SUCCESS |  
2019-09-18 16:28:29,180 | INFO  | SCMAudit | user=jenkins1000 | ip=192.168.5.185 | op=SEND_HEARTBEAT {datanodeUUID=8884bba7-3460-4b10-8d54-dd5499715d80, command=[]} | ret=SUCCESS |  
2019-09-18 16:28:29,238 | INFO  | SCMAudit | user=jenkins1000 | ip=192.168.5.185 | op=SEND_HEARTBEAT {datanodeUUID=b61b0354-621b-4e20-a68d-2d53fecac27d, command=[]} | ret=SUCCESS |  
2019-09-18 16:28:29,272 | INFO  | SCMAudit | user=jenkins1000 | ip=192.168.5.185 | op=SEND_HEARTBEAT {datanodeUUID=2e09149d-5559-4fea-b716-0eb93f2cac4a, command=[]} | ret=SUCCESS |  
2019-09-18 16:28:29,273 | INFO  | SCMAudit | user=jenkins1000 | ip=192.168.5.185 | op=SEND_HEARTBEAT {datanodeUUID=891c1cf7-eb5d-4327-8423-159f04f60044, command=[]} | ret=SUCCESS |  
2019-09-18 16:28:29,392 | INFO  | SCMAudit | user=jenkins1000 | ip=192.168.5.185 | op=SEND_HEARTBEAT {datanodeUUID=8986536d-5b7d-4e16-8929-1d1bb41ad668, command=[]} | ret=SUCCESS |  
2019-09-18 16:28:29,580 | INFO  | SCMAudit | user=jenkins1000 | ip=192.168.5.185 | op=SEND_HEARTBEAT {datanodeUUID=bbe12df8-c2f1-49e2-8ab8-c8f9f8b834ae, command=[]} | ret=SUCCESS |  
2019-09-18 16:28:29,774 | INFO  | SCMAudit | user=jenkins1000 | ip=192.168.5.185 | op=SEND_HEARTBEAT {datanodeUUID=1d911544-627f-4c31-9b8f-a02840ac95b3, command=[]} | ret=SUCCESS |  
2019-09-18 16:28:30,180 | INFO  | SCMAudit | user=jenkins1000 | ip=192.168.5.185 | op=SEND_HEARTBEAT {datanodeUUID=8884bba7-3460-4b10-8d54-dd5499715d80, command=[]} | ret=SUCCESS |  
2019-09-18 16:28:30,238 | INFO  | SCMAudit | user=jenkins1000 | ip=192.168.5.185 | op=SEND_HEARTBEAT {datanodeUUID=b61b0354-621b-4e20-a68d-2d53fecac27d, command=[]} | ret=SUCCESS |  
2019-09-18 16:28:30,272 | INFO  | SCMAudit | user=jenkins1000 | ip=192.168.5.185 | op=SEND_HEARTBEAT {datanodeUUID=2e09149d-5559-4fea-b716-0eb93f2cac4a, command=[]} | ret=SUCCESS |  
2019-09-18 16:28:30,273 | INFO  | SCMAudit | user=jenkins1000 | ip=192.168.5.185 | op=SEND_HEARTBEAT {datanodeUUID=891c1cf7-eb5d-4327-8423-159f04f60044, command=[]} | ret=SUCCESS |  
2019-09-18 16:28:30,393 | INFO  | SCMAudit | user=jenkins1000 | ip=192.168.5.185 | op=SEND_HEARTBEAT {datanodeUUID=8986536d-5b7d-4e16-8929-1d1bb41ad668, command=[]} | ret=SUCCESS |  
2019-09-18 16:28:30,580 | INFO  | SCMAudit | user=jenkins1000 | ip=192.168.5.185 | op=SEND_HEARTBEAT {datanodeUUID=bbe12df8-c2f1-49e2-8ab8-c8f9f8b834ae, command=[]} | ret=SUCCESS |  
2019-09-18 16:28:30,775 | INFO  | SCMAudit | user=jenkins1000 | ip=192.168.5.185 | op=SEND_HEARTBEAT {datanodeUUID=1d911544-627f-4c31-9b8f-a02840ac95b3, command=[]} | ret=SUCCESS |  
2019-09-18 16:28:31,180 | INFO  | SCMAudit | user=jenkins1000 | ip=192.168.5.185 | op=SEND_HEARTBEAT {datanodeUUID=8884bba7-3460-4b10-8d54-dd5499715d80, command=[]} | ret=SUCCESS |  
2019-09-18 16:28:31,238 | INFO  | SCMAudit | user=jenkins1000 | ip=192.168.5.185 | op=SEND_HEARTBEAT {datanodeUUID=b61b0354-621b-4e20-a68d-2d53fecac27d, command=[]} | ret=SUCCESS |  
2019-09-18 16:28:31,272 | INFO  | SCMAudit | user=jenkins1000 | ip=192.168.5.185 | op=SEND_HEARTBEAT {datanodeUUID=2e09149d-5559-4fea-b716-0eb93f2cac4a, command=[]} | ret=SUCCESS |  
2019-09-18 16:28:31,273 | INFO  | SCMAudit | user=jenkins1000 | ip=192.168.5.185 | op=SEND_HEARTBEAT {datanodeUUID=891c1cf7-eb5d-4327-8423-159f04f60044, command=[]} | ret=SUCCESS |  
2019-09-18 16:28:31,393 | INFO  | SCMAudit | user=jenkins1000 | ip=192.168.5.185 | op=SEND_HEARTBEAT {datanodeUUID=8986536d-5b7d-4e16-8929-1d1bb41ad668, command=[]} | ret=SUCCESS |  
2019-09-18 16:28:31,581 | INFO  | SCMAudit | user=jenkins1000 | ip=192.168.5.185 | op=SEND_HEARTBEAT {datanodeUUID=bbe12df8-c2f1-49e2-8ab8-c8f9f8b834ae, command=[]} | ret=SUCCESS |  
2019-09-18 16:28:31,775 | INFO  | SCMAudit | user=jenkins1000 | ip=192.168.5.185 | op=SEND_HEARTBEAT {datanodeUUID=1d911544-627f-4c31-9b8f-a02840ac95b3, command=[]} | ret=SUCCESS |  
2019-09-18 16:28:32,180 | INFO  | SCMAudit | user=jenkins1000 | ip=192.168.5.185 | op=SEND_HEARTBEAT {datanodeUUID=8884bba7-3460-4b10-8d54-dd5499715d80, command=[]} | ret=SUCCESS |  
2019-09-18 16:28:32,238 | INFO  | SCMAudit | user=jenkins1000 | ip=192.168.5.185 | op=SEND_HEARTBEAT {datanodeUUID=b61b0354-621b-4e20-a68d-2d53fecac27d, command=[]} | ret=SUCCESS |  
2019-09-18 16:28:32,272 | INFO  | SCMAudit | user=jenkins1000 | ip=192.168.5.185 | op=SEND_HEARTBEAT {datanodeUUID=2e09149d-5559-4fea-b716-0eb93f2cac4a, command=[]} | ret=SUCCESS |  
2019-09-18 16:28:32,273 | INFO  | SCMAudit | user=jenkins1000 | ip=192.168.5.185 | op=SEND_HEARTBEAT {datanodeUUID=891c1cf7-eb5d-4327-8423-159f04f60044, command=[]} | ret=SUCCESS |  
2019-09-18 16:28:32,393 | INFO  | SCMAudit | user=jenkins1000 | ip=192.168.5.185 | op=SEND_HEARTBEAT {datanodeUUID=8986536d-5b7d-4e16-8929-1d1bb41ad668, command=[]} | ret=SUCCESS |  
2019-09-18 16:28:32,581 | INFO  | SCMAudit | user=jenkins1000 | ip=192.168.5.185 | op=SEND_HEARTBEAT {datanodeUUID=bbe12df8-c2f1-49e2-8ab8-c8f9f8b834ae, command=[]} | ret=SUCCESS |  
2019-09-18 16:28:32,775 | INFO  | SCMAudit | user=jenkins1000 | ip=192.168.5.185 | op=SEND_HEARTBEAT {datanodeUUID=1d911544-627f-4c31-9b8f-a02840ac95b3, command=[]} | ret=SUCCESS |  
2019-09-18 16:28:33,180 | INFO  | SCMAudit | user=jenkins1000 | ip=192.168.5.185 | op=SEND_HEARTBEAT {datanodeUUID=8884bba7-3460-4b10-8d54-dd5499715d80, command=[]} | ret=SUCCESS |  
2019-09-18 16:28:33,238 | INFO  | SCMAudit | user=jenkins1000 | ip=192.168.5.185 | op=SEND_HEARTBEAT {datanodeUUID=b61b0354-621b-4e20-a68d-2d53fecac27d, command=[]} | ret=SUCCESS |  
2019-09-18 16:28:33,272 | INFO  | SCMAudit | user=jenkins1000 | ip=192.168.5.185 | op=SEND_HEARTBEAT {datanodeUUID=2e09149d-5559-4fea-b716-0eb93f2cac4a, command=[]} | ret=SUCCESS |  
2019-09-18 16:28:33,273 | INFO  | SCMAudit | user=jenkins1000 | ip=192.168.5.185 | op=SEND_HEARTBEAT {datanodeUUID=891c1cf7-eb5d-4327-8423-159f04f60044, command=[]} | ret=SUCCESS |  
2019-09-18 16:28:33,393 | INFO  | SCMAudit | user=jenkins1000 | ip=192.168.5.185 | op=SEND_HEARTBEAT {datanodeUUID=8986536d-5b7d-4e16-8929-1d1bb41ad668, command=[]} | ret=SUCCESS |  
2019-09-18 16:28:33,581 | INFO  | SCMAudit | user=jenkins1000 | ip=192.168.5.185 | op=SEND_HEARTBEAT {datanodeUUID=bbe12df8-c2f1-49e2-8ab8-c8f9f8b834ae, command=[]} | ret=SUCCESS |  
2019-09-18 16:28:33,696 [grpc-default-executor-8] INFO  client.GrpcClientProtocolClient (GrpcClientProtocolClient.java:onNext(255)) - client-08D30C90C1DD->2e09149d-5559-4fea-b716-0eb93f2cac4a: receive RaftClientReply:client-08D30C90C1DD->2e09149d-5559-4fea-b716-0eb93f2cac4a@group-1A1F4B3A8F4F, cid=45, FAILED org.apache.ratis.protocol.NotLeaderException: Server 2e09149d-5559-4fea-b716-0eb93f2cac4a is not the leader (b61b0354-621b-4e20-a68d-2d53fecac27d:192.168.5.185:39516). Request must be sent to leader., logIndex=0, commits[2e09149d-5559-4fea-b716-0eb93f2cac4a:c8, b61b0354-621b-4e20-a68d-2d53fecac27d:c8, 891c1cf7-eb5d-4327-8423-159f04f60044:c8]
2019-09-18 16:28:33,775 | INFO  | SCMAudit | user=jenkins1000 | ip=192.168.5.185 | op=SEND_HEARTBEAT {datanodeUUID=1d911544-627f-4c31-9b8f-a02840ac95b3, command=[]} | ret=SUCCESS |  
2019-09-18 16:28:34,180 | INFO  | SCMAudit | user=jenkins1000 | ip=192.168.5.185 | op=SEND_HEARTBEAT {datanodeUUID=8884bba7-3460-4b10-8d54-dd5499715d80, command=[]} | ret=SUCCESS |  
2019-09-18 16:28:34,238 | INFO  | SCMAudit | user=jenkins1000 | ip=192.168.5.185 | op=SEND_HEARTBEAT {datanodeUUID=b61b0354-621b-4e20-a68d-2d53fecac27d, command=[]} | ret=SUCCESS |  
2019-09-18 16:28:34,273 | INFO  | SCMAudit | user=jenkins1000 | ip=192.168.5.185 | op=SEND_HEARTBEAT {datanodeUUID=2e09149d-5559-4fea-b716-0eb93f2cac4a, command=[]} | ret=SUCCESS |  
2019-09-18 16:28:34,273 | INFO  | SCMAudit | user=jenkins1000 | ip=192.168.5.185 | op=SEND_HEARTBEAT {datanodeUUID=891c1cf7-eb5d-4327-8423-159f04f60044, command=[]} | ret=SUCCESS |  
2019-09-18 16:28:34,393 | INFO  | SCMAudit | user=jenkins1000 | ip=192.168.5.185 | op=SEND_HEARTBEAT {datanodeUUID=8986536d-5b7d-4e16-8929-1d1bb41ad668, command=[]} | ret=SUCCESS |  
2019-09-18 16:28:34,582 | INFO  | SCMAudit | user=jenkins1000 | ip=192.168.5.185 | op=SEND_HEARTBEAT {datanodeUUID=bbe12df8-c2f1-49e2-8ab8-c8f9f8b834ae, command=[]} | ret=SUCCESS |  
2019-09-18 16:28:34,775 | INFO  | SCMAudit | user=jenkins1000 | ip=192.168.5.185 | op=SEND_HEARTBEAT {datanodeUUID=1d911544-627f-4c31-9b8f-a02840ac95b3, command=[]} | ret=SUCCESS |  
2019-09-18 16:28:35,180 | INFO  | SCMAudit | user=jenkins1000 | ip=192.168.5.185 | op=SEND_HEARTBEAT {datanodeUUID=8884bba7-3460-4b10-8d54-dd5499715d80, command=[]} | ret=SUCCESS |  
2019-09-18 16:28:35,238 | INFO  | SCMAudit | user=jenkins1000 | ip=192.168.5.185 | op=SEND_HEARTBEAT {datanodeUUID=b61b0354-621b-4e20-a68d-2d53fecac27d, command=[]} | ret=SUCCESS |  
2019-09-18 16:28:35,273 | INFO  | SCMAudit | user=jenkins1000 | ip=192.168.5.185 | op=SEND_HEARTBEAT {datanodeUUID=891c1cf7-eb5d-4327-8423-159f04f60044, command=[]} | ret=SUCCESS |  
2019-09-18 16:28:35,273 | INFO  | SCMAudit | user=jenkins1000 | ip=192.168.5.185 | op=SEND_HEARTBEAT {datanodeUUID=2e09149d-5559-4fea-b716-0eb93f2cac4a, command=[]} | ret=SUCCESS |  
2019-09-18 16:28:35,393 | INFO  | SCMAudit | user=jenkins1000 | ip=192.168.5.185 | op=SEND_HEARTBEAT {datanodeUUID=8986536d-5b7d-4e16-8929-1d1bb41ad668, command=[]} | ret=SUCCESS |  
2019-09-18 16:28:35,582 | INFO  | SCMAudit | user=jenkins1000 | ip=192.168.5.185 | op=SEND_HEARTBEAT {datanodeUUID=bbe12df8-c2f1-49e2-8ab8-c8f9f8b834ae, command=[]} | ret=SUCCESS |  
2019-09-18 16:28:35,775 | INFO  | SCMAudit | user=jenkins1000 | ip=192.168.5.185 | op=SEND_HEARTBEAT {datanodeUUID=1d911544-627f-4c31-9b8f-a02840ac95b3, command=[]} | ret=SUCCESS |  
2019-09-18 16:28:36,180 | INFO  | SCMAudit | user=jenkins1000 | ip=192.168.5.185 | op=SEND_HEARTBEAT {datanodeUUID=8884bba7-3460-4b10-8d54-dd5499715d80, command=[]} | ret=SUCCESS |  
2019-09-18 16:28:36,238 | INFO  | SCMAudit | user=jenkins1000 | ip=192.168.5.185 | op=SEND_HEARTBEAT {datanodeUUID=b61b0354-621b-4e20-a68d-2d53fecac27d, command=[]} | ret=SUCCESS |  
2019-09-18 16:28:36,273 | INFO  | SCMAudit | user=jenkins1000 | ip=192.168.5.185 | op=SEND_HEARTBEAT {datanodeUUID=2e09149d-5559-4fea-b716-0eb93f2cac4a, command=[]} | ret=SUCCESS |  
2019-09-18 16:28:36,273 | INFO  | SCMAudit | user=jenkins1000 | ip=192.168.5.185 | op=SEND_HEARTBEAT {datanodeUUID=891c1cf7-eb5d-4327-8423-159f04f60044, command=[]} | ret=SUCCESS |  
2019-09-18 16:28:36,393 | INFO  | SCMAudit | user=jenkins1000 | ip=192.168.5.185 | op=SEND_HEARTBEAT {datanodeUUID=8986536d-5b7d-4e16-8929-1d1bb41ad668, command=[]} | ret=SUCCESS |  
2019-09-18 16:28:36,582 | INFO  | SCMAudit | user=jenkins1000 | ip=192.168.5.185 | op=SEND_HEARTBEAT {datanodeUUID=bbe12df8-c2f1-49e2-8ab8-c8f9f8b834ae, command=[]} | ret=SUCCESS |  
2019-09-18 16:28:36,775 | INFO  | SCMAudit | user=jenkins1000 | ip=192.168.5.185 | op=SEND_HEARTBEAT {datanodeUUID=1d911544-627f-4c31-9b8f-a02840ac95b3, command=[]} | ret=SUCCESS |  
2019-09-18 16:28:37,180 | INFO  | SCMAudit | user=jenkins1000 | ip=192.168.5.185 | op=SEND_HEARTBEAT {datanodeUUID=8884bba7-3460-4b10-8d54-dd5499715d80, command=[]} | ret=SUCCESS |  
2019-09-18 16:28:37,239 | INFO  | SCMAudit | user=jenkins1000 | ip=192.168.5.185 | op=SEND_HEARTBEAT {datanodeUUID=b61b0354-621b-4e20-a68d-2d53fecac27d, command=[]} | ret=SUCCESS |  
2019-09-18 16:28:37,273 | INFO  | SCMAudit | user=jenkins1000 | ip=192.168.5.185 | op=SEND_HEARTBEAT {datanodeUUID=2e09149d-5559-4fea-b716-0eb93f2cac4a, command=[]} | ret=SUCCESS |  
2019-09-18 16:28:37,273 | INFO  | SCMAudit | user=jenkins1000 | ip=192.168.5.185 | op=SEND_HEARTBEAT {datanodeUUID=891c1cf7-eb5d-4327-8423-159f04f60044, command=[]} | ret=SUCCESS |  
2019-09-18 16:28:37,393 | INFO  | SCMAudit | user=jenkins1000 | ip=192.168.5.185 | op=SEND_HEARTBEAT {datanodeUUID=8986536d-5b7d-4e16-8929-1d1bb41ad668, command=[]} | ret=SUCCESS |  
2019-09-18 16:28:37,582 | INFO  | SCMAudit | user=jenkins1000 | ip=192.168.5.185 | op=SEND_HEARTBEAT {datanodeUUID=bbe12df8-c2f1-49e2-8ab8-c8f9f8b834ae, command=[]} | ret=SUCCESS |  
2019-09-18 16:28:37,775 | INFO  | SCMAudit | user=jenkins1000 | ip=192.168.5.185 | op=SEND_HEARTBEAT {datanodeUUID=1d911544-627f-4c31-9b8f-a02840ac95b3, command=[]} | ret=SUCCESS |  
2019-09-18 16:28:38,182 | INFO  | SCMAudit | user=jenkins1000 | ip=192.168.5.185 | op=SEND_HEARTBEAT {datanodeUUID=8884bba7-3460-4b10-8d54-dd5499715d80, command=[]} | ret=SUCCESS |  
2019-09-18 16:28:38,239 | INFO  | SCMAudit | user=jenkins1000 | ip=192.168.5.185 | op=SEND_HEARTBEAT {datanodeUUID=b61b0354-621b-4e20-a68d-2d53fecac27d, command=[]} | ret=SUCCESS |  
2019-09-18 16:28:38,273 | INFO  | SCMAudit | user=jenkins1000 | ip=192.168.5.185 | op=SEND_HEARTBEAT {datanodeUUID=891c1cf7-eb5d-4327-8423-159f04f60044, command=[]} | ret=SUCCESS |  
2019-09-18 16:28:38,274 | INFO  | SCMAudit | user=jenkins1000 | ip=192.168.5.185 | op=SEND_HEARTBEAT {datanodeUUID=2e09149d-5559-4fea-b716-0eb93f2cac4a, command=[]} | ret=SUCCESS |  
2019-09-18 16:28:38,393 | INFO  | SCMAudit | user=jenkins1000 | ip=192.168.5.185 | op=SEND_HEARTBEAT {datanodeUUID=8986536d-5b7d-4e16-8929-1d1bb41ad668, command=[]} | ret=SUCCESS |  
2019-09-18 16:28:38,582 | INFO  | SCMAudit | user=jenkins1000 | ip=192.168.5.185 | op=SEND_HEARTBEAT {datanodeUUID=bbe12df8-c2f1-49e2-8ab8-c8f9f8b834ae, command=[]} | ret=SUCCESS |  
2019-09-18 16:28:38,737 [grpc-default-executor-1] INFO  client.GrpcClientProtocolClient (GrpcClientProtocolClient.java:onNext(255)) - client-08D30C90C1DD->2e09149d-5559-4fea-b716-0eb93f2cac4a: receive RaftClientReply:client-08D30C90C1DD->2e09149d-5559-4fea-b716-0eb93f2cac4a@group-1A1F4B3A8F4F, cid=45, FAILED org.apache.ratis.protocol.NotLeaderException: Server 2e09149d-5559-4fea-b716-0eb93f2cac4a is not the leader (b61b0354-621b-4e20-a68d-2d53fecac27d:192.168.5.185:39516). Request must be sent to leader., logIndex=0, commits[2e09149d-5559-4fea-b716-0eb93f2cac4a:c8, b61b0354-621b-4e20-a68d-2d53fecac27d:c8, 891c1cf7-eb5d-4327-8423-159f04f60044:c8]
2019-09-18 16:28:38,775 | INFO  | SCMAudit | user=jenkins1000 | ip=192.168.5.185 | op=SEND_HEARTBEAT {datanodeUUID=1d911544-627f-4c31-9b8f-a02840ac95b3, command=[]} | ret=SUCCESS |  
2019-09-18 16:28:39,182 | INFO  | SCMAudit | user=jenkins1000 | ip=192.168.5.185 | op=SEND_HEARTBEAT {datanodeUUID=8884bba7-3460-4b10-8d54-dd5499715d80, command=[]} | ret=SUCCESS |  
2019-09-18 16:28:39,239 | INFO  | SCMAudit | user=jenkins1000 | ip=192.168.5.185 | op=SEND_HEARTBEAT {datanodeUUID=b61b0354-621b-4e20-a68d-2d53fecac27d, command=[]} | ret=SUCCESS |  
2019-09-18 16:28:39,273 | INFO  | SCMAudit | user=jenkins1000 | ip=192.168.5.185 | op=SEND_HEARTBEAT {datanodeUUID=891c1cf7-eb5d-4327-8423-159f04f60044, command=[]} | ret=SUCCESS |  
2019-09-18 16:28:39,273 | INFO  | SCMAudit | user=jenkins1000 | ip=192.168.5.185 | op=SEND_HEARTBEAT {datanodeUUID=2e09149d-5559-4fea-b716-0eb93f2cac4a, command=[]} | ret=SUCCESS |  
2019-09-18 16:28:39,394 | INFO  | SCMAudit | user=jenkins1000 | ip=192.168.5.185 | op=SEND_HEARTBEAT {datanodeUUID=8986536d-5b7d-4e16-8929-1d1bb41ad668, command=[]} | ret=SUCCESS |  
2019-09-18 16:28:39,582 | INFO  | SCMAudit | user=jenkins1000 | ip=192.168.5.185 | op=SEND_HEARTBEAT {datanodeUUID=bbe12df8-c2f1-49e2-8ab8-c8f9f8b834ae, command=[]} | ret=SUCCESS |  
2019-09-18 16:28:39,775 | INFO  | SCMAudit | user=jenkins1000 | ip=192.168.5.185 | op=SEND_HEARTBEAT {datanodeUUID=1d911544-627f-4c31-9b8f-a02840ac95b3, command=[]} | ret=SUCCESS |  
2019-09-18 16:28:40,185 | INFO  | SCMAudit | user=jenkins1000 | ip=192.168.5.185 | op=SEND_HEARTBEAT {datanodeUUID=8884bba7-3460-4b10-8d54-dd5499715d80, command=[]} | ret=SUCCESS |  
2019-09-18 16:28:40,240 | INFO  | SCMAudit | user=jenkins1000 | ip=192.168.5.185 | op=SEND_HEARTBEAT {datanodeUUID=b61b0354-621b-4e20-a68d-2d53fecac27d, command=[]} | ret=SUCCESS |  
2019-09-18 16:28:40,273 | INFO  | SCMAudit | user=jenkins1000 | ip=192.168.5.185 | op=SEND_HEARTBEAT {datanodeUUID=891c1cf7-eb5d-4327-8423-159f04f60044, command=[]} | ret=SUCCESS |  
2019-09-18 16:28:40,273 | INFO  | SCMAudit | user=jenkins1000 | ip=192.168.5.185 | op=SEND_HEARTBEAT {datanodeUUID=2e09149d-5559-4fea-b716-0eb93f2cac4a, command=[]} | ret=SUCCESS |  
2019-09-18 16:28:40,394 | INFO  | SCMAudit | user=jenkins1000 | ip=192.168.5.185 | op=SEND_HEARTBEAT {datanodeUUID=8986536d-5b7d-4e16-8929-1d1bb41ad668, command=[]} | ret=SUCCESS |  
2019-09-18 16:28:40,582 | INFO  | SCMAudit | user=jenkins1000 | ip=192.168.5.185 | op=SEND_HEARTBEAT {datanodeUUID=bbe12df8-c2f1-49e2-8ab8-c8f9f8b834ae, command=[]} | ret=SUCCESS |  
2019-09-18 16:28:40,775 | INFO  | SCMAudit | user=jenkins1000 | ip=192.168.5.185 | op=SEND_HEARTBEAT {datanodeUUID=1d911544-627f-4c31-9b8f-a02840ac95b3, command=[]} | ret=SUCCESS |  
2019-09-18 16:28:41,184 | INFO  | SCMAudit | user=jenkins1000 | ip=192.168.5.185 | op=SEND_HEARTBEAT {datanodeUUID=8884bba7-3460-4b10-8d54-dd5499715d80, command=[]} | ret=SUCCESS |  
2019-09-18 16:28:41,239 | INFO  | SCMAudit | user=jenkins1000 | ip=192.168.5.185 | op=SEND_HEARTBEAT {datanodeUUID=b61b0354-621b-4e20-a68d-2d53fecac27d, command=[]} | ret=SUCCESS |  
2019-09-18 16:28:41,273 | INFO  | SCMAudit | user=jenkins1000 | ip=192.168.5.185 | op=SEND_HEARTBEAT {datanodeUUID=891c1cf7-eb5d-4327-8423-159f04f60044, command=[]} | ret=SUCCESS |  
2019-09-18 16:28:41,274 | INFO  | SCMAudit | user=jenkins1000 | ip=192.168.5.185 | op=SEND_HEARTBEAT {datanodeUUID=2e09149d-5559-4fea-b716-0eb93f2cac4a, command=[]} | ret=SUCCESS |  
2019-09-18 16:28:41,394 | INFO  | SCMAudit | user=jenkins1000 | ip=192.168.5.185 | op=SEND_HEARTBEAT {datanodeUUID=8986536d-5b7d-4e16-8929-1d1bb41ad668, command=[]} | ret=SUCCESS |  
2019-09-18 16:28:41,582 | INFO  | SCMAudit | user=jenkins1000 | ip=192.168.5.185 | op=SEND_HEARTBEAT {datanodeUUID=bbe12df8-c2f1-49e2-8ab8-c8f9f8b834ae, command=[]} | ret=SUCCESS |  
2019-09-18 16:28:41,775 | INFO  | SCMAudit | user=jenkins1000 | ip=192.168.5.185 | op=SEND_HEARTBEAT {datanodeUUID=1d911544-627f-4c31-9b8f-a02840ac95b3, command=[]} | ret=SUCCESS |  
2019-09-18 16:28:42,184 | INFO  | SCMAudit | user=jenkins1000 | ip=192.168.5.185 | op=SEND_HEARTBEAT {datanodeUUID=8884bba7-3460-4b10-8d54-dd5499715d80, command=[]} | ret=SUCCESS |  
2019-09-18 16:28:42,239 | INFO  | SCMAudit | user=jenkins1000 | ip=192.168.5.185 | op=SEND_HEARTBEAT {datanodeUUID=b61b0354-621b-4e20-a68d-2d53fecac27d, command=[]} | ret=SUCCESS |  
2019-09-18 16:28:42,273 | INFO  | SCMAudit | user=jenkins1000 | ip=192.168.5.185 | op=SEND_HEARTBEAT {datanodeUUID=891c1cf7-eb5d-4327-8423-159f04f60044, command=[]} | ret=SUCCESS |  
2019-09-18 16:28:42,273 | INFO  | SCMAudit | user=jenkins1000 | ip=192.168.5.185 | op=SEND_HEARTBEAT {datanodeUUID=2e09149d-5559-4fea-b716-0eb93f2cac4a, command=[]} | ret=SUCCESS |  
2019-09-18 16:28:42,394 | INFO  | SCMAudit | user=jenkins1000 | ip=192.168.5.185 | op=SEND_HEARTBEAT {datanodeUUID=8986536d-5b7d-4e16-8929-1d1bb41ad668, command=[]} | ret=SUCCESS |  
2019-09-18 16:28:42,582 | INFO  | SCMAudit | user=jenkins1000 | ip=192.168.5.185 | op=SEND_HEARTBEAT {datanodeUUID=bbe12df8-c2f1-49e2-8ab8-c8f9f8b834ae, command=[]} | ret=SUCCESS |  
2019-09-18 16:28:42,775 | INFO  | SCMAudit | user=jenkins1000 | ip=192.168.5.185 | op=SEND_HEARTBEAT {datanodeUUID=1d911544-627f-4c31-9b8f-a02840ac95b3, command=[]} | ret=SUCCESS |  
2019-09-18 16:28:43,185 | INFO  | SCMAudit | user=jenkins1000 | ip=192.168.5.185 | op=SEND_HEARTBEAT {datanodeUUID=8884bba7-3460-4b10-8d54-dd5499715d80, command=[]} | ret=SUCCESS |  
2019-09-18 16:28:43,239 | INFO  | SCMAudit | user=jenkins1000 | ip=192.168.5.185 | op=SEND_HEARTBEAT {datanodeUUID=b61b0354-621b-4e20-a68d-2d53fecac27d, command=[]} | ret=SUCCESS |  
2019-09-18 16:28:43,273 | INFO  | SCMAudit | user=jenkins1000 | ip=192.168.5.185 | op=SEND_HEARTBEAT {datanodeUUID=891c1cf7-eb5d-4327-8423-159f04f60044, command=[]} | ret=SUCCESS |  
2019-09-18 16:28:43,273 | INFO  | SCMAudit | user=jenkins1000 | ip=192.168.5.185 | op=SEND_HEARTBEAT {datanodeUUID=2e09149d-5559-4fea-b716-0eb93f2cac4a, command=[]} | ret=SUCCESS |  
2019-09-18 16:28:43,395 | INFO  | SCMAudit | user=jenkins1000 | ip=192.168.5.185 | op=SEND_HEARTBEAT {datanodeUUID=8986536d-5b7d-4e16-8929-1d1bb41ad668, command=[]} | ret=SUCCESS |  
2019-09-18 16:28:43,582 | INFO  | SCMAudit | user=jenkins1000 | ip=192.168.5.185 | op=SEND_HEARTBEAT {datanodeUUID=bbe12df8-c2f1-49e2-8ab8-c8f9f8b834ae, command=[]} | ret=SUCCESS |  
2019-09-18 16:28:43,773 [grpc-default-executor-1] INFO  client.GrpcClientProtocolClient (GrpcClientProtocolClient.java:onNext(255)) - client-08D30C90C1DD->2e09149d-5559-4fea-b716-0eb93f2cac4a: receive RaftClientReply:client-08D30C90C1DD->2e09149d-5559-4fea-b716-0eb93f2cac4a@group-1A1F4B3A8F4F, cid=45, FAILED org.apache.ratis.protocol.NotLeaderException: Server 2e09149d-5559-4fea-b716-0eb93f2cac4a is not the leader (b61b0354-621b-4e20-a68d-2d53fecac27d:192.168.5.185:39516). Request must be sent to leader., logIndex=0, commits[2e09149d-5559-4fea-b716-0eb93f2cac4a:c8, b61b0354-621b-4e20-a68d-2d53fecac27d:c8, 891c1cf7-eb5d-4327-8423-159f04f60044:c8]
2019-09-18 16:28:43,782 | INFO  | SCMAudit | user=jenkins1000 | ip=192.168.5.185 | op=SEND_HEARTBEAT {datanodeUUID=1d911544-627f-4c31-9b8f-a02840ac95b3, command=[]} | ret=SUCCESS |  
2019-09-18 16:28:44,185 | INFO  | SCMAudit | user=jenkins1000 | ip=192.168.5.185 | op=SEND_HEARTBEAT {datanodeUUID=8884bba7-3460-4b10-8d54-dd5499715d80, command=[]} | ret=SUCCESS |  
2019-09-18 16:28:44,239 | INFO  | SCMAudit | user=jenkins1000 | ip=192.168.5.185 | op=SEND_HEARTBEAT {datanodeUUID=b61b0354-621b-4e20-a68d-2d53fecac27d, command=[]} | ret=SUCCESS |  
2019-09-18 16:28:44,273 | INFO  | SCMAudit | user=jenkins1000 | ip=192.168.5.185 | op=SEND_HEARTBEAT {datanodeUUID=891c1cf7-eb5d-4327-8423-159f04f60044, command=[]} | ret=SUCCESS |  
2019-09-18 16:28:44,274 | INFO  | SCMAudit | user=jenkins1000 | ip=192.168.5.185 | op=SEND_HEARTBEAT {datanodeUUID=2e09149d-5559-4fea-b716-0eb93f2cac4a, command=[]} | ret=SUCCESS |  
2019-09-18 16:28:44,395 | INFO  | SCMAudit | user=jenkins1000 | ip=192.168.5.185 | op=SEND_HEARTBEAT {datanodeUUID=8986536d-5b7d-4e16-8929-1d1bb41ad668, command=[]} | ret=SUCCESS |  
2019-09-18 16:28:44,582 | INFO  | SCMAudit | user=jenkins1000 | ip=192.168.5.185 | op=SEND_HEARTBEAT {datanodeUUID=bbe12df8-c2f1-49e2-8ab8-c8f9f8b834ae, command=[]} | ret=SUCCESS |  
2019-09-18 16:28:44,777 | INFO  | SCMAudit | user=jenkins1000 | ip=192.168.5.185 | op=SEND_HEARTBEAT {datanodeUUID=1d911544-627f-4c31-9b8f-a02840ac95b3, command=[]} | ret=SUCCESS |  
2019-09-18 16:28:45,185 | INFO  | SCMAudit | user=jenkins1000 | ip=192.168.5.185 | op=SEND_HEARTBEAT {datanodeUUID=8884bba7-3460-4b10-8d54-dd5499715d80, command=[]} | ret=SUCCESS |  
2019-09-18 16:28:45,240 | INFO  | SCMAudit | user=jenkins1000 | ip=192.168.5.185 | op=SEND_HEARTBEAT {datanodeUUID=b61b0354-621b-4e20-a68d-2d53fecac27d, command=[]} | ret=SUCCESS |  
2019-09-18 16:28:45,273 | INFO  | SCMAudit | user=jenkins1000 | ip=192.168.5.185 | op=SEND_HEARTBEAT {datanodeUUID=891c1cf7-eb5d-4327-8423-159f04f60044, command=[]} | ret=SUCCESS |  
2019-09-18 16:28:45,275 | INFO  | SCMAudit | user=jenkins1000 | ip=192.168.5.185 | op=SEND_HEARTBEAT {datanodeUUID=2e09149d-5559-4fea-b716-0eb93f2cac4a, command=[]} | ret=SUCCESS |  
2019-09-18 16:28:45,396 | INFO  | SCMAudit | user=jenkins1000 | ip=192.168.5.185 | op=SEND_HEARTBEAT {datanodeUUID=8986536d-5b7d-4e16-8929-1d1bb41ad668, command=[]} | ret=SUCCESS |  
2019-09-18 16:28:45,582 | INFO  | SCMAudit | user=jenkins1000 | ip=192.168.5.185 | op=SEND_HEARTBEAT {datanodeUUID=bbe12df8-c2f1-49e2-8ab8-c8f9f8b834ae, command=[]} | ret=SUCCESS |  
2019-09-18 16:28:45,777 | INFO  | SCMAudit | user=jenkins1000 | ip=192.168.5.185 | op=SEND_HEARTBEAT {datanodeUUID=1d911544-627f-4c31-9b8f-a02840ac95b3, command=[]} | ret=SUCCESS |  
2019-09-18 16:28:46,185 | INFO  | SCMAudit | user=jenkins1000 | ip=192.168.5.185 | op=SEND_HEARTBEAT {datanodeUUID=8884bba7-3460-4b10-8d54-dd5499715d80, command=[]} | ret=SUCCESS |  
2019-09-18 16:28:46,240 | INFO  | SCMAudit | user=jenkins1000 | ip=192.168.5.185 | op=SEND_HEARTBEAT {datanodeUUID=b61b0354-621b-4e20-a68d-2d53fecac27d, command=[]} | ret=SUCCESS |  
2019-09-18 16:28:46,273 | INFO  | SCMAudit | user=jenkins1000 | ip=192.168.5.185 | op=SEND_HEARTBEAT {datanodeUUID=891c1cf7-eb5d-4327-8423-159f04f60044, command=[]} | ret=SUCCESS |  
2019-09-18 16:28:46,276 | INFO  | SCMAudit | user=jenkins1000 | ip=192.168.5.185 | op=SEND_HEARTBEAT {datanodeUUID=2e09149d-5559-4fea-b716-0eb93f2cac4a, command=[]} | ret=SUCCESS |  
2019-09-18 16:28:46,396 | INFO  | SCMAudit | user=jenkins1000 | ip=192.168.5.185 | op=SEND_HEARTBEAT {datanodeUUID=8986536d-5b7d-4e16-8929-1d1bb41ad668, command=[]} | ret=SUCCESS |  
2019-09-18 16:28:46,582 | INFO  | SCMAudit | user=jenkins1000 | ip=192.168.5.185 | op=SEND_HEARTBEAT {datanodeUUID=bbe12df8-c2f1-49e2-8ab8-c8f9f8b834ae, command=[]} | ret=SUCCESS |  
2019-09-18 16:28:46,778 | INFO  | SCMAudit | user=jenkins1000 | ip=192.168.5.185 | op=SEND_HEARTBEAT {datanodeUUID=1d911544-627f-4c31-9b8f-a02840ac95b3, command=[]} | ret=SUCCESS |  
2019-09-18 16:28:47,185 | INFO  | SCMAudit | user=jenkins1000 | ip=192.168.5.185 | op=SEND_HEARTBEAT {datanodeUUID=8884bba7-3460-4b10-8d54-dd5499715d80, command=[]} | ret=SUCCESS |  
2019-09-18 16:28:47,240 | INFO  | SCMAudit | user=jenkins1000 | ip=192.168.5.185 | op=SEND_HEARTBEAT {datanodeUUID=b61b0354-621b-4e20-a68d-2d53fecac27d, command=[]} | ret=SUCCESS |  
2019-09-18 16:28:47,273 | INFO  | SCMAudit | user=jenkins1000 | ip=192.168.5.185 | op=SEND_HEARTBEAT {datanodeUUID=891c1cf7-eb5d-4327-8423-159f04f60044, command=[]} | ret=SUCCESS |  
2019-09-18 16:28:47,276 | INFO  | SCMAudit | user=jenkins1000 | ip=192.168.5.185 | op=SEND_HEARTBEAT {datanodeUUID=2e09149d-5559-4fea-b716-0eb93f2cac4a, command=[]} | ret=SUCCESS |  
2019-09-18 16:28:47,396 | INFO  | SCMAudit | user=jenkins1000 | ip=192.168.5.185 | op=SEND_HEARTBEAT {datanodeUUID=8986536d-5b7d-4e16-8929-1d1bb41ad668, command=[]} | ret=SUCCESS |  
2019-09-18 16:28:47,582 | INFO  | SCMAudit | user=jenkins1000 | ip=192.168.5.185 | op=SEND_HEARTBEAT {datanodeUUID=bbe12df8-c2f1-49e2-8ab8-c8f9f8b834ae, command=[]} | ret=SUCCESS |  
2019-09-18 16:28:47,778 | INFO  | SCMAudit | user=jenkins1000 | ip=192.168.5.185 | op=SEND_HEARTBEAT {datanodeUUID=1d911544-627f-4c31-9b8f-a02840ac95b3, command=[]} | ret=SUCCESS |  
2019-09-18 16:28:48,186 | INFO  | SCMAudit | user=jenkins1000 | ip=192.168.5.185 | op=SEND_HEARTBEAT {datanodeUUID=8884bba7-3460-4b10-8d54-dd5499715d80, command=[]} | ret=SUCCESS |  
2019-09-18 16:28:48,240 | INFO  | SCMAudit | user=jenkins1000 | ip=192.168.5.185 | op=SEND_HEARTBEAT {datanodeUUID=b61b0354-621b-4e20-a68d-2d53fecac27d, command=[]} | ret=SUCCESS |  
2019-09-18 16:28:48,273 | INFO  | SCMAudit | user=jenkins1000 | ip=192.168.5.185 | op=SEND_HEARTBEAT {datanodeUUID=891c1cf7-eb5d-4327-8423-159f04f60044, command=[]} | ret=SUCCESS |  
2019-09-18 16:28:48,276 | INFO  | SCMAudit | user=jenkins1000 | ip=192.168.5.185 | op=SEND_HEARTBEAT {datanodeUUID=2e09149d-5559-4fea-b716-0eb93f2cac4a, command=[]} | ret=SUCCESS |  
2019-09-18 16:28:48,396 | INFO  | SCMAudit | user=jenkins1000 | ip=192.168.5.185 | op=SEND_HEARTBEAT {datanodeUUID=8986536d-5b7d-4e16-8929-1d1bb41ad668, command=[]} | ret=SUCCESS |  
2019-09-18 16:28:48,583 | INFO  | SCMAudit | user=jenkins1000 | ip=192.168.5.185 | op=SEND_HEARTBEAT {datanodeUUID=bbe12df8-c2f1-49e2-8ab8-c8f9f8b834ae, command=[]} | ret=SUCCESS |  
2019-09-18 16:28:48,779 | INFO  | SCMAudit | user=jenkins1000 | ip=192.168.5.185 | op=SEND_HEARTBEAT {datanodeUUID=1d911544-627f-4c31-9b8f-a02840ac95b3, command=[]} | ret=SUCCESS |  
2019-09-18 16:28:48,814 [grpc-default-executor-1] INFO  client.GrpcClientProtocolClient (GrpcClientProtocolClient.java:onNext(255)) - client-08D30C90C1DD->2e09149d-5559-4fea-b716-0eb93f2cac4a: receive RaftClientReply:client-08D30C90C1DD->2e09149d-5559-4fea-b716-0eb93f2cac4a@group-1A1F4B3A8F4F, cid=45, FAILED org.apache.ratis.protocol.NotLeaderException: Server 2e09149d-5559-4fea-b716-0eb93f2cac4a is not the leader (b61b0354-621b-4e20-a68d-2d53fecac27d:192.168.5.185:39516). Request must be sent to leader., logIndex=0, commits[2e09149d-5559-4fea-b716-0eb93f2cac4a:c8, b61b0354-621b-4e20-a68d-2d53fecac27d:c8, 891c1cf7-eb5d-4327-8423-159f04f60044:c8]
2019-09-18 16:28:49,186 | INFO  | SCMAudit | user=jenkins1000 | ip=192.168.5.185 | op=SEND_HEARTBEAT {datanodeUUID=8884bba7-3460-4b10-8d54-dd5499715d80, command=[]} | ret=SUCCESS |  
2019-09-18 16:28:49,240 | INFO  | SCMAudit | user=jenkins1000 | ip=192.168.5.185 | op=SEND_HEARTBEAT {datanodeUUID=b61b0354-621b-4e20-a68d-2d53fecac27d, command=[]} | ret=SUCCESS |  
2019-09-18 16:28:49,273 | INFO  | SCMAudit | user=jenkins1000 | ip=192.168.5.185 | op=SEND_HEARTBEAT {datanodeUUID=891c1cf7-eb5d-4327-8423-159f04f60044, command=[]} | ret=SUCCESS |  
2019-09-18 16:28:49,276 | INFO  | SCMAudit | user=jenkins1000 | ip=192.168.5.185 | op=SEND_HEARTBEAT {datanodeUUID=2e09149d-5559-4fea-b716-0eb93f2cac4a, command=[]} | ret=SUCCESS |  
2019-09-18 16:28:49,396 | INFO  | SCMAudit | user=jenkins1000 | ip=192.168.5.185 | op=SEND_HEARTBEAT {datanodeUUID=8986536d-5b7d-4e16-8929-1d1bb41ad668, command=[]} | ret=SUCCESS |  
2019-09-18 16:28:49,583 | INFO  | SCMAudit | user=jenkins1000 | ip=192.168.5.185 | op=SEND_HEARTBEAT {datanodeUUID=bbe12df8-c2f1-49e2-8ab8-c8f9f8b834ae, command=[]} | ret=SUCCESS |  
2019-09-18 16:28:49,779 | INFO  | SCMAudit | user=jenkins1000 | ip=192.168.5.185 | op=SEND_HEARTBEAT {datanodeUUID=1d911544-627f-4c31-9b8f-a02840ac95b3, command=[]} | ret=SUCCESS |  
2019-09-18 16:28:50,185 | INFO  | SCMAudit | user=jenkins1000 | ip=192.168.5.185 | op=SEND_HEARTBEAT {datanodeUUID=8884bba7-3460-4b10-8d54-dd5499715d80, command=[]} | ret=SUCCESS |  
2019-09-18 16:28:50,239 | INFO  | SCMAudit | user=jenkins1000 | ip=192.168.5.185 | op=SEND_HEARTBEAT {datanodeUUID=b61b0354-621b-4e20-a68d-2d53fecac27d, command=[]} | ret=SUCCESS |  
2019-09-18 16:28:50,274 | INFO  | SCMAudit | user=jenkins1000 | ip=192.168.5.185 | op=SEND_HEARTBEAT {datanodeUUID=891c1cf7-eb5d-4327-8423-159f04f60044, command=[]} | ret=SUCCESS |  
2019-09-18 16:28:50,276 | INFO  | SCMAudit | user=jenkins1000 | ip=192.168.5.185 | op=SEND_HEARTBEAT {datanodeUUID=2e09149d-5559-4fea-b716-0eb93f2cac4a, command=[]} | ret=SUCCESS |  
2019-09-18 16:28:50,396 | INFO  | SCMAudit | user=jenkins1000 | ip=192.168.5.185 | op=SEND_HEARTBEAT {datanodeUUID=8986536d-5b7d-4e16-8929-1d1bb41ad668, command=[]} | ret=SUCCESS |  
2019-09-18 16:28:50,583 | INFO  | SCMAudit | user=jenkins1000 | ip=192.168.5.185 | op=SEND_HEARTBEAT {datanodeUUID=bbe12df8-c2f1-49e2-8ab8-c8f9f8b834ae, command=[]} | ret=SUCCESS |  
2019-09-18 16:28:50,779 | INFO  | SCMAudit | user=jenkins1000 | ip=192.168.5.185 | op=SEND_HEARTBEAT {datanodeUUID=1d911544-627f-4c31-9b8f-a02840ac95b3, command=[]} | ret=SUCCESS |  
2019-09-18 16:28:51,186 | INFO  | SCMAudit | user=jenkins1000 | ip=192.168.5.185 | op=SEND_HEARTBEAT {datanodeUUID=8884bba7-3460-4b10-8d54-dd5499715d80, command=[]} | ret=SUCCESS |  
2019-09-18 16:28:51,240 | INFO  | SCMAudit | user=jenkins1000 | ip=192.168.5.185 | op=SEND_HEARTBEAT {datanodeUUID=b61b0354-621b-4e20-a68d-2d53fecac27d, command=[]} | ret=SUCCESS |  
2019-09-18 16:28:51,274 | INFO  | SCMAudit | user=jenkins1000 | ip=192.168.5.185 | op=SEND_HEARTBEAT {datanodeUUID=891c1cf7-eb5d-4327-8423-159f04f60044, command=[]} | ret=SUCCESS |  
2019-09-18 16:28:51,276 | INFO  | SCMAudit | user=jenkins1000 | ip=192.168.5.185 | op=SEND_HEARTBEAT {datanodeUUID=2e09149d-5559-4fea-b716-0eb93f2cac4a, command=[]} | ret=SUCCESS |  
2019-09-18 16:28:51,396 | INFO  | SCMAudit | user=jenkins1000 | ip=192.168.5.185 | op=SEND_HEARTBEAT {datanodeUUID=8986536d-5b7d-4e16-8929-1d1bb41ad668, command=[]} | ret=SUCCESS |  
2019-09-18 16:28:51,583 | INFO  | SCMAudit | user=jenkins1000 | ip=192.168.5.185 | op=SEND_HEARTBEAT {datanodeUUID=bbe12df8-c2f1-49e2-8ab8-c8f9f8b834ae, command=[]} | ret=SUCCESS |  
2019-09-18 16:28:51,779 | INFO  | SCMAudit | user=jenkins1000 | ip=192.168.5.185 | op=SEND_HEARTBEAT {datanodeUUID=1d911544-627f-4c31-9b8f-a02840ac95b3, command=[]} | ret=SUCCESS |  
2019-09-18 16:28:52,186 | INFO  | SCMAudit | user=jenkins1000 | ip=192.168.5.185 | op=SEND_HEARTBEAT {datanodeUUID=8884bba7-3460-4b10-8d54-dd5499715d80, command=[]} | ret=SUCCESS |  
2019-09-18 16:28:52,240 | INFO  | SCMAudit | user=jenkins1000 | ip=192.168.5.185 | op=SEND_HEARTBEAT {datanodeUUID=b61b0354-621b-4e20-a68d-2d53fecac27d, command=[]} | ret=SUCCESS |  
2019-09-18 16:28:52,274 | INFO  | SCMAudit | user=jenkins1000 | ip=192.168.5.185 | op=SEND_HEARTBEAT {datanodeUUID=891c1cf7-eb5d-4327-8423-159f04f60044, command=[]} | ret=SUCCESS |  
2019-09-18 16:28:52,277 | INFO  | SCMAudit | user=jenkins1000 | ip=192.168.5.185 | op=SEND_HEARTBEAT {datanodeUUID=2e09149d-5559-4fea-b716-0eb93f2cac4a, command=[]} | ret=SUCCESS |  
2019-09-18 16:28:52,396 | INFO  | SCMAudit | user=jenkins1000 | ip=192.168.5.185 | op=SEND_HEARTBEAT {datanodeUUID=8986536d-5b7d-4e16-8929-1d1bb41ad668, command=[]} | ret=SUCCESS |  
2019-09-18 16:28:52,583 | INFO  | SCMAudit | user=jenkins1000 | ip=192.168.5.185 | op=SEND_HEARTBEAT {datanodeUUID=bbe12df8-c2f1-49e2-8ab8-c8f9f8b834ae, command=[]} | ret=SUCCESS |  
2019-09-18 16:28:52,778 | INFO  | SCMAudit | user=jenkins1000 | ip=192.168.5.185 | op=SEND_HEARTBEAT {datanodeUUID=1d911544-627f-4c31-9b8f-a02840ac95b3, command=[]} | ret=SUCCESS |  
2019-09-18 16:28:53,186 | INFO  | SCMAudit | user=jenkins1000 | ip=192.168.5.185 | op=SEND_HEARTBEAT {datanodeUUID=8884bba7-3460-4b10-8d54-dd5499715d80, command=[]} | ret=SUCCESS |  
2019-09-18 16:28:53,240 | INFO  | SCMAudit | user=jenkins1000 | ip=192.168.5.185 | op=SEND_HEARTBEAT {datanodeUUID=b61b0354-621b-4e20-a68d-2d53fecac27d, command=[]} | ret=SUCCESS |  
2019-09-18 16:28:53,275 | INFO  | SCMAudit | user=jenkins1000 | ip=192.168.5.185 | op=SEND_HEARTBEAT {datanodeUUID=891c1cf7-eb5d-4327-8423-159f04f60044, command=[]} | ret=SUCCESS |  
2019-09-18 16:28:53,278 | INFO  | SCMAudit | user=jenkins1000 | ip=192.168.5.185 | op=SEND_HEARTBEAT {datanodeUUID=2e09149d-5559-4fea-b716-0eb93f2cac4a, command=[]} | ret=SUCCESS |  
2019-09-18 16:28:53,396 | INFO  | SCMAudit | user=jenkins1000 | ip=192.168.5.185 | op=SEND_HEARTBEAT {datanodeUUID=8986536d-5b7d-4e16-8929-1d1bb41ad668, command=[]} | ret=SUCCESS |  
2019-09-18 16:28:53,583 | INFO  | SCMAudit | user=jenkins1000 | ip=192.168.5.185 | op=SEND_HEARTBEAT {datanodeUUID=bbe12df8-c2f1-49e2-8ab8-c8f9f8b834ae, command=[]} | ret=SUCCESS |  
2019-09-18 16:28:53,779 | INFO  | SCMAudit | user=jenkins1000 | ip=192.168.5.185 | op=SEND_HEARTBEAT {datanodeUUID=1d911544-627f-4c31-9b8f-a02840ac95b3, command=[]} | ret=SUCCESS |  
2019-09-18 16:28:53,883 [grpc-default-executor-1] INFO  client.GrpcClientProtocolClient (GrpcClientProtocolClient.java:onNext(255)) - client-08D30C90C1DD->2e09149d-5559-4fea-b716-0eb93f2cac4a: receive RaftClientReply:client-08D30C90C1DD->2e09149d-5559-4fea-b716-0eb93f2cac4a@group-1A1F4B3A8F4F, cid=45, FAILED org.apache.ratis.protocol.NotLeaderException: Server 2e09149d-5559-4fea-b716-0eb93f2cac4a is not the leader (b61b0354-621b-4e20-a68d-2d53fecac27d:192.168.5.185:39516). Request must be sent to leader., logIndex=0, commits[2e09149d-5559-4fea-b716-0eb93f2cac4a:c8, b61b0354-621b-4e20-a68d-2d53fecac27d:c8, 891c1cf7-eb5d-4327-8423-159f04f60044:c8]
2019-09-18 16:28:54,186 | INFO  | SCMAudit | user=jenkins1000 | ip=192.168.5.185 | op=SEND_HEARTBEAT {datanodeUUID=8884bba7-3460-4b10-8d54-dd5499715d80, command=[]} | ret=SUCCESS |  
2019-09-18 16:28:54,240 | INFO  | SCMAudit | user=jenkins1000 | ip=192.168.5.185 | op=SEND_HEARTBEAT {datanodeUUID=b61b0354-621b-4e20-a68d-2d53fecac27d, command=[]} | ret=SUCCESS |  
2019-09-18 16:28:54,274 | INFO  | SCMAudit | user=jenkins1000 | ip=192.168.5.185 | op=SEND_HEARTBEAT {datanodeUUID=891c1cf7-eb5d-4327-8423-159f04f60044, command=[]} | ret=SUCCESS |  
2019-09-18 16:28:54,277 | INFO  | SCMAudit | user=jenkins1000 | ip=192.168.5.185 | op=SEND_HEARTBEAT {datanodeUUID=2e09149d-5559-4fea-b716-0eb93f2cac4a, command=[]} | ret=SUCCESS |  
2019-09-18 16:28:54,397 | INFO  | SCMAudit | user=jenkins1000 | ip=192.168.5.185 | op=SEND_HEARTBEAT {datanodeUUID=8986536d-5b7d-4e16-8929-1d1bb41ad668, command=[]} | ret=SUCCESS |  
2019-09-18 16:28:54,583 | INFO  | SCMAudit | user=jenkins1000 | ip=192.168.5.185 | op=SEND_HEARTBEAT {datanodeUUID=bbe12df8-c2f1-49e2-8ab8-c8f9f8b834ae, command=[]} | ret=SUCCESS |  
2019-09-18 16:28:54,779 | INFO  | SCMAudit | user=jenkins1000 | ip=192.168.5.185 | op=SEND_HEARTBEAT {datanodeUUID=1d911544-627f-4c31-9b8f-a02840ac95b3, command=[]} | ret=SUCCESS |  
2019-09-18 16:28:55,186 | INFO  | SCMAudit | user=jenkins1000 | ip=192.168.5.185 | op=SEND_HEARTBEAT {datanodeUUID=8884bba7-3460-4b10-8d54-dd5499715d80, command=[]} | ret=SUCCESS |  
2019-09-18 16:28:55,240 | INFO  | SCMAudit | user=jenkins1000 | ip=192.168.5.185 | op=SEND_HEARTBEAT {datanodeUUID=b61b0354-621b-4e20-a68d-2d53fecac27d, command=[]} | ret=SUCCESS |  
2019-09-18 16:28:55,274 | INFO  | SCMAudit | user=jenkins1000 | ip=192.168.5.185 | op=SEND_HEARTBEAT {datanodeUUID=891c1cf7-eb5d-4327-8423-159f04f60044, command=[]} | ret=SUCCESS |  
2019-09-18 16:28:55,293 | INFO  | SCMAudit | user=jenkins1000 | ip=192.168.5.185 | op=SEND_HEARTBEAT {datanodeUUID=2e09149d-5559-4fea-b716-0eb93f2cac4a, command=[]} | ret=SUCCESS |  
2019-09-18 16:28:55,397 | INFO  | SCMAudit | user=jenkins1000 | ip=192.168.5.185 | op=SEND_HEARTBEAT {datanodeUUID=8986536d-5b7d-4e16-8929-1d1bb41ad668, command=[]} | ret=SUCCESS |  
2019-09-18 16:28:55,583 | INFO  | SCMAudit | user=jenkins1000 | ip=192.168.5.185 | op=SEND_HEARTBEAT {datanodeUUID=bbe12df8-c2f1-49e2-8ab8-c8f9f8b834ae, command=[]} | ret=SUCCESS |  
2019-09-18 16:28:55,779 | INFO  | SCMAudit | user=jenkins1000 | ip=192.168.5.185 | op=SEND_HEARTBEAT {datanodeUUID=1d911544-627f-4c31-9b8f-a02840ac95b3, command=[]} | ret=SUCCESS |  
2019-09-18 16:28:56,186 | INFO  | SCMAudit | user=jenkins1000 | ip=192.168.5.185 | op=SEND_HEARTBEAT {datanodeUUID=8884bba7-3460-4b10-8d54-dd5499715d80, command=[]} | ret=SUCCESS |  
2019-09-18 16:28:56,240 | INFO  | SCMAudit | user=jenkins1000 | ip=192.168.5.185 | op=SEND_HEARTBEAT {datanodeUUID=b61b0354-621b-4e20-a68d-2d53fecac27d, command=[]} | ret=SUCCESS |  
2019-09-18 16:28:56,274 | INFO  | SCMAudit | user=jenkins1000 | ip=192.168.5.185 | op=SEND_HEARTBEAT {datanodeUUID=891c1cf7-eb5d-4327-8423-159f04f60044, command=[]} | ret=SUCCESS |  
2019-09-18 16:28:56,293 | INFO  | SCMAudit | user=jenkins1000 | ip=192.168.5.185 | op=SEND_HEARTBEAT {datanodeUUID=2e09149d-5559-4fea-b716-0eb93f2cac4a, command=[]} | ret=SUCCESS |  
2019-09-18 16:28:56,397 | INFO  | SCMAudit | user=jenkins1000 | ip=192.168.5.185 | op=SEND_HEARTBEAT {datanodeUUID=8986536d-5b7d-4e16-8929-1d1bb41ad668, command=[]} | ret=SUCCESS |  
2019-09-18 16:28:56,583 | INFO  | SCMAudit | user=jenkins1000 | ip=192.168.5.185 | op=SEND_HEARTBEAT {datanodeUUID=bbe12df8-c2f1-49e2-8ab8-c8f9f8b834ae, command=[]} | ret=SUCCESS |  
2019-09-18 16:28:56,779 | INFO  | SCMAudit | user=jenkins1000 | ip=192.168.5.185 | op=SEND_HEARTBEAT {datanodeUUID=1d911544-627f-4c31-9b8f-a02840ac95b3, command=[]} | ret=SUCCESS |  
2019-09-18 16:28:57,186 | INFO  | SCMAudit | user=jenkins1000 | ip=192.168.5.185 | op=SEND_HEARTBEAT {datanodeUUID=8884bba7-3460-4b10-8d54-dd5499715d80, command=[]} | ret=SUCCESS |  
2019-09-18 16:28:57,240 | INFO  | SCMAudit | user=jenkins1000 | ip=192.168.5.185 | op=SEND_HEARTBEAT {datanodeUUID=b61b0354-621b-4e20-a68d-2d53fecac27d, command=[]} | ret=SUCCESS |  
2019-09-18 16:28:57,274 | INFO  | SCMAudit | user=jenkins1000 | ip=192.168.5.185 | op=SEND_HEARTBEAT {datanodeUUID=891c1cf7-eb5d-4327-8423-159f04f60044, command=[]} | ret=SUCCESS |  
2019-09-18 16:28:57,293 | INFO  | SCMAudit | user=jenkins1000 | ip=192.168.5.185 | op=SEND_HEARTBEAT {datanodeUUID=2e09149d-5559-4fea-b716-0eb93f2cac4a, command=[]} | ret=SUCCESS |  
2019-09-18 16:28:57,397 | INFO  | SCMAudit | user=jenkins1000 | ip=192.168.5.185 | op=SEND_HEARTBEAT {datanodeUUID=8986536d-5b7d-4e16-8929-1d1bb41ad668, command=[]} | ret=SUCCESS |  
2019-09-18 16:28:57,583 | INFO  | SCMAudit | user=jenkins1000 | ip=192.168.5.185 | op=SEND_HEARTBEAT {datanodeUUID=bbe12df8-c2f1-49e2-8ab8-c8f9f8b834ae, command=[]} | ret=SUCCESS |  
2019-09-18 16:28:57,778 | INFO  | SCMAudit | user=jenkins1000 | ip=192.168.5.185 | op=SEND_HEARTBEAT {datanodeUUID=1d911544-627f-4c31-9b8f-a02840ac95b3, command=[]} | ret=SUCCESS |  
2019-09-18 16:28:58,186 | INFO  | SCMAudit | user=jenkins1000 | ip=192.168.5.185 | op=SEND_HEARTBEAT {datanodeUUID=8884bba7-3460-4b10-8d54-dd5499715d80, command=[]} | ret=SUCCESS |  
2019-09-18 16:28:58,241 | INFO  | SCMAudit | user=jenkins1000 | ip=192.168.5.185 | op=SEND_HEARTBEAT {datanodeUUID=b61b0354-621b-4e20-a68d-2d53fecac27d, command=[]} | ret=SUCCESS |  
2019-09-18 16:28:58,274 | INFO  | SCMAudit | user=jenkins1000 | ip=192.168.5.185 | op=SEND_HEARTBEAT {datanodeUUID=891c1cf7-eb5d-4327-8423-159f04f60044, command=[]} | ret=SUCCESS |  
2019-09-18 16:28:58,293 | INFO  | SCMAudit | user=jenkins1000 | ip=192.168.5.185 | op=SEND_HEARTBEAT {datanodeUUID=2e09149d-5559-4fea-b716-0eb93f2cac4a, command=[]} | ret=SUCCESS |  
2019-09-18 16:28:58,342 [ReplicationMonitor] INFO  container.ReplicationManager (ReplicationManager.java:run(214)) - Replication Monitor Thread took 0 milliseconds for processing 3 containers.
2019-09-18 16:28:58,397 | INFO  | SCMAudit | user=jenkins1000 | ip=192.168.5.185 | op=SEND_HEARTBEAT {datanodeUUID=8986536d-5b7d-4e16-8929-1d1bb41ad668, command=[]} | ret=SUCCESS |  
2019-09-18 16:28:58,583 | INFO  | SCMAudit | user=jenkins1000 | ip=192.168.5.185 | op=SEND_HEARTBEAT {datanodeUUID=bbe12df8-c2f1-49e2-8ab8-c8f9f8b834ae, command=[]} | ret=SUCCESS |  
2019-09-18 16:28:58,779 | INFO  | SCMAudit | user=jenkins1000 | ip=192.168.5.185 | op=SEND_HEARTBEAT {datanodeUUID=1d911544-627f-4c31-9b8f-a02840ac95b3, command=[]} | ret=SUCCESS |  
2019-09-18 16:28:58,924 [grpc-default-executor-1] INFO  client.GrpcClientProtocolClient (GrpcClientProtocolClient.java:onNext(255)) - client-08D30C90C1DD->891c1cf7-eb5d-4327-8423-159f04f60044: receive RaftClientReply:client-08D30C90C1DD->891c1cf7-eb5d-4327-8423-159f04f60044@group-1A1F4B3A8F4F, cid=45, FAILED org.apache.ratis.protocol.NotLeaderException: Server 891c1cf7-eb5d-4327-8423-159f04f60044 is not the leader (b61b0354-621b-4e20-a68d-2d53fecac27d:192.168.5.185:39516). Request must be sent to leader., logIndex=0, commits[891c1cf7-eb5d-4327-8423-159f04f60044:c8, b61b0354-621b-4e20-a68d-2d53fecac27d:c8, 2e09149d-5559-4fea-b716-0eb93f2cac4a:c8]
2019-09-18 16:28:59,186 | INFO  | SCMAudit | user=jenkins1000 | ip=192.168.5.185 | op=SEND_HEARTBEAT {datanodeUUID=8884bba7-3460-4b10-8d54-dd5499715d80, command=[]} | ret=SUCCESS |  
2019-09-18 16:28:59,241 | INFO  | SCMAudit | user=jenkins1000 | ip=192.168.5.185 | op=SEND_HEARTBEAT {datanodeUUID=b61b0354-621b-4e20-a68d-2d53fecac27d, command=[]} | ret=SUCCESS |  
2019-09-18 16:28:59,274 | INFO  | SCMAudit | user=jenkins1000 | ip=192.168.5.185 | op=SEND_HEARTBEAT {datanodeUUID=891c1cf7-eb5d-4327-8423-159f04f60044, command=[]} | ret=SUCCESS |  
2019-09-18 16:28:59,293 | INFO  | SCMAudit | user=jenkins1000 | ip=192.168.5.185 | op=SEND_HEARTBEAT {datanodeUUID=2e09149d-5559-4fea-b716-0eb93f2cac4a, command=[]} | ret=SUCCESS |  
2019-09-18 16:28:59,397 | INFO  | SCMAudit | user=jenkins1000 | ip=192.168.5.185 | op=SEND_HEARTBEAT {datanodeUUID=8986536d-5b7d-4e16-8929-1d1bb41ad668, command=[]} | ret=SUCCESS |  
2019-09-18 16:28:59,583 | INFO  | SCMAudit | user=jenkins1000 | ip=192.168.5.185 | op=SEND_HEARTBEAT {datanodeUUID=bbe12df8-c2f1-49e2-8ab8-c8f9f8b834ae, command=[]} | ret=SUCCESS |  
2019-09-18 16:28:59,779 | INFO  | SCMAudit | user=jenkins1000 | ip=192.168.5.185 | op=SEND_HEARTBEAT {datanodeUUID=1d911544-627f-4c31-9b8f-a02840ac95b3, command=[]} | ret=SUCCESS |  
2019-09-18 16:29:00,187 | INFO  | SCMAudit | user=jenkins1000 | ip=192.168.5.185 | op=SEND_HEARTBEAT {datanodeUUID=8884bba7-3460-4b10-8d54-dd5499715d80, command=[]} | ret=SUCCESS |  
2019-09-18 16:29:00,241 | INFO  | SCMAudit | user=jenkins1000 | ip=192.168.5.185 | op=SEND_HEARTBEAT {datanodeUUID=b61b0354-621b-4e20-a68d-2d53fecac27d, command=[]} | ret=SUCCESS |  
2019-09-18 16:29:00,274 | INFO  | SCMAudit | user=jenkins1000 | ip=192.168.5.185 | op=SEND_HEARTBEAT {datanodeUUID=891c1cf7-eb5d-4327-8423-159f04f60044, command=[]} | ret=SUCCESS |  
2019-09-18 16:29:00,293 | INFO  | SCMAudit | user=jenkins1000 | ip=192.168.5.185 | op=SEND_HEARTBEAT {datanodeUUID=2e09149d-5559-4fea-b716-0eb93f2cac4a, command=[]} | ret=SUCCESS |  
2019-09-18 16:29:00,397 | INFO  | SCMAudit | user=jenkins1000 | ip=192.168.5.185 | op=SEND_HEARTBEAT {datanodeUUID=8986536d-5b7d-4e16-8929-1d1bb41ad668, command=[]} | ret=SUCCESS |  
2019-09-18 16:29:00,583 | INFO  | SCMAudit | user=jenkins1000 | ip=192.168.5.185 | op=SEND_HEARTBEAT {datanodeUUID=bbe12df8-c2f1-49e2-8ab8-c8f9f8b834ae, command=[]} | ret=SUCCESS |  
2019-09-18 16:29:00,779 | INFO  | SCMAudit | user=jenkins1000 | ip=192.168.5.185 | op=SEND_HEARTBEAT {datanodeUUID=1d911544-627f-4c31-9b8f-a02840ac95b3, command=[]} | ret=SUCCESS |  
2019-09-18 16:29:01,186 | INFO  | SCMAudit | user=jenkins1000 | ip=192.168.5.185 | op=SEND_HEARTBEAT {datanodeUUID=8884bba7-3460-4b10-8d54-dd5499715d80, command=[]} | ret=SUCCESS |  
2019-09-18 16:29:01,241 | INFO  | SCMAudit | user=jenkins1000 | ip=192.168.5.185 | op=SEND_HEARTBEAT {datanodeUUID=b61b0354-621b-4e20-a68d-2d53fecac27d, command=[]} | ret=SUCCESS |  
2019-09-18 16:29:01,275 | INFO  | SCMAudit | user=jenkins1000 | ip=192.168.5.185 | op=SEND_HEARTBEAT {datanodeUUID=891c1cf7-eb5d-4327-8423-159f04f60044, command=[]} | ret=SUCCESS |  
2019-09-18 16:29:01,293 | INFO  | SCMAudit | user=jenkins1000 | ip=192.168.5.185 | op=SEND_HEARTBEAT {datanodeUUID=2e09149d-5559-4fea-b716-0eb93f2cac4a, command=[]} | ret=SUCCESS |  
2019-09-18 16:29:01,398 | INFO  | SCMAudit | user=jenkins1000 | ip=192.168.5.185 | op=SEND_HEARTBEAT {datanodeUUID=8986536d-5b7d-4e16-8929-1d1bb41ad668, command=[]} | ret=SUCCESS |  
2019-09-18 16:29:01,583 | INFO  | SCMAudit | user=jenkins1000 | ip=192.168.5.185 | op=SEND_HEARTBEAT {datanodeUUID=bbe12df8-c2f1-49e2-8ab8-c8f9f8b834ae, command=[]} | ret=SUCCESS |  
2019-09-18 16:29:01,779 | INFO  | SCMAudit | user=jenkins1000 | ip=192.168.5.185 | op=SEND_HEARTBEAT {datanodeUUID=1d911544-627f-4c31-9b8f-a02840ac95b3, command=[]} | ret=SUCCESS |  
2019-09-18 16:29:02,186 | INFO  | SCMAudit | user=jenkins1000 | ip=192.168.5.185 | op=SEND_HEARTBEAT {datanodeUUID=8884bba7-3460-4b10-8d54-dd5499715d80, command=[]} | ret=SUCCESS |  
2019-09-18 16:29:02,241 | INFO  | SCMAudit | user=jenkins1000 | ip=192.168.5.185 | op=SEND_HEARTBEAT {datanodeUUID=b61b0354-621b-4e20-a68d-2d53fecac27d, command=[]} | ret=SUCCESS |  
2019-09-18 16:29:02,274 | INFO  | SCMAudit | user=jenkins1000 | ip=192.168.5.185 | op=SEND_HEARTBEAT {datanodeUUID=891c1cf7-eb5d-4327-8423-159f04f60044, command=[]} | ret=SUCCESS |  
2019-09-18 16:29:02,293 | INFO  | SCMAudit | user=jenkins1000 | ip=192.168.5.185 | op=SEND_HEARTBEAT {datanodeUUID=2e09149d-5559-4fea-b716-0eb93f2cac4a, command=[]} | ret=SUCCESS |  
2019-09-18 16:29:02,397 | INFO  | SCMAudit | user=jenkins1000 | ip=192.168.5.185 | op=SEND_HEARTBEAT {datanodeUUID=8986536d-5b7d-4e16-8929-1d1bb41ad668, command=[]} | ret=SUCCESS |  
2019-09-18 16:29:02,582 | INFO  | SCMAudit | user=jenkins1000 | ip=192.168.5.185 | op=SEND_HEARTBEAT {datanodeUUID=bbe12df8-c2f1-49e2-8ab8-c8f9f8b834ae, command=[]} | ret=SUCCESS |  
2019-09-18 16:29:02,779 | INFO  | SCMAudit | user=jenkins1000 | ip=192.168.5.185 | op=SEND_HEARTBEAT {datanodeUUID=1d911544-627f-4c31-9b8f-a02840ac95b3, command=[]} | ret=SUCCESS |  
2019-09-18 16:29:03,187 | INFO  | SCMAudit | user=jenkins1000 | ip=192.168.5.185 | op=SEND_HEARTBEAT {datanodeUUID=8884bba7-3460-4b10-8d54-dd5499715d80, command=[]} | ret=SUCCESS |  
2019-09-18 16:29:03,241 | INFO  | SCMAudit | user=jenkins1000 | ip=192.168.5.185 | op=SEND_HEARTBEAT {datanodeUUID=b61b0354-621b-4e20-a68d-2d53fecac27d, command=[]} | ret=SUCCESS |  
2019-09-18 16:29:03,274 | INFO  | SCMAudit | user=jenkins1000 | ip=192.168.5.185 | op=SEND_HEARTBEAT {datanodeUUID=891c1cf7-eb5d-4327-8423-159f04f60044, command=[]} | ret=SUCCESS |  
2019-09-18 16:29:03,294 | INFO  | SCMAudit | user=jenkins1000 | ip=192.168.5.185 | op=SEND_HEARTBEAT {datanodeUUID=2e09149d-5559-4fea-b716-0eb93f2cac4a, command=[]} | ret=SUCCESS |  
2019-09-18 16:29:03,397 | INFO  | SCMAudit | user=jenkins1000 | ip=192.168.5.185 | op=SEND_HEARTBEAT {datanodeUUID=8986536d-5b7d-4e16-8929-1d1bb41ad668, command=[]} | ret=SUCCESS |  
2019-09-18 16:29:03,582 | INFO  | SCMAudit | user=jenkins1000 | ip=192.168.5.185 | op=SEND_HEARTBEAT {datanodeUUID=bbe12df8-c2f1-49e2-8ab8-c8f9f8b834ae, command=[]} | ret=SUCCESS |  
2019-09-18 16:29:03,779 | INFO  | SCMAudit | user=jenkins1000 | ip=192.168.5.185 | op=SEND_HEARTBEAT {datanodeUUID=1d911544-627f-4c31-9b8f-a02840ac95b3, command=[]} | ret=SUCCESS |  
2019-09-18 16:29:03,962 [grpc-default-executor-8] INFO  client.GrpcClientProtocolClient (GrpcClientProtocolClient.java:onNext(255)) - client-08D30C90C1DD->891c1cf7-eb5d-4327-8423-159f04f60044: receive RaftClientReply:client-08D30C90C1DD->891c1cf7-eb5d-4327-8423-159f04f60044@group-1A1F4B3A8F4F, cid=45, FAILED org.apache.ratis.protocol.NotLeaderException: Server 891c1cf7-eb5d-4327-8423-159f04f60044 is not the leader (b61b0354-621b-4e20-a68d-2d53fecac27d:192.168.5.185:39516). Request must be sent to leader., logIndex=0, commits[891c1cf7-eb5d-4327-8423-159f04f60044:c8, b61b0354-621b-4e20-a68d-2d53fecac27d:c8, 2e09149d-5559-4fea-b716-0eb93f2cac4a:c8]
2019-09-18 16:29:03,973 [main] INFO  ozone.MiniOzoneClusterImpl (MiniOzoneClusterImpl.java:shutdown(327)) - Shutting down the Mini Ozone Cluster
2019-09-18 16:29:03,974 | INFO  | SCMAudit | user=null | ip=null | op=GET_SCM_INFO null | ret=SUCCESS |  
2019-09-18 16:29:03,974 [main] INFO  ozone.MiniOzoneClusterImpl (MiniOzoneClusterImpl.java:stop(342)) - Stopping the Mini Ozone Cluster
2019-09-18 16:29:03,974 [main] INFO  ozone.MiniOzoneClusterImpl (MiniOzoneClusterImpl.java:stop(344)) - Stopping the OzoneManager
2019-09-18 16:29:03,974 [main] INFO  ipc.Server (Server.java:stop(3082)) - Stopping server on 42337
2019-09-18 16:29:03,990 [IPC Server listener on 42337] INFO  ipc.Server (Server.java:run(1185)) - Stopping IPC Server listener on 42337
2019-09-18 16:29:03,995 [IPC Server Responder] INFO  ipc.Server (Server.java:run(1319)) - Stopping IPC Server Responder
2019-09-18 16:29:03,992 [main] INFO  ratis.OzoneManagerDoubleBuffer (OzoneManagerDoubleBuffer.java:stop(248)) - Stopping OMDoubleBuffer flush thread
2019-09-18 16:29:04,014 [OMDoubleBufferFlushThread] INFO  ratis.OzoneManagerDoubleBuffer (OzoneManagerDoubleBuffer.java:flushTransactions(191)) - OMDoubleBuffer flush thread OMDoubleBufferFlushThread is interrupted and will exit. OMDoubleBufferFlushThread
2019-09-18 16:29:04,014 [main] INFO  utils.BackgroundService (BackgroundService.java:shutdown(148)) - Shutting down service KeyDeletingService
2019-09-18 16:29:04,027 [main] INFO  handler.ContextHandler (ContextHandler.java:doStop(910)) - Stopped o.e.j.w.WebAppContext@34beadce{/,null,UNAVAILABLE}{/ozoneManager}
2019-09-18 16:29:04,028 [main] INFO  server.AbstractConnector (AbstractConnector.java:doStop(318)) - Stopped ServerConnector@382d549a{HTTP/1.1,[http/1.1]}{0.0.0.0:0}
2019-09-18 16:29:04,028 [main] INFO  handler.ContextHandler (ContextHandler.java:doStop(910)) - Stopped o.e.j.s.ServletContextHandler@4005e485{/static,file:///workdir/hadoop-ozone/integration-test/target/test-classes/webapps/static,UNAVAILABLE}
2019-09-18 16:29:04,029 [main] INFO  handler.ContextHandler (ContextHandler.java:doStop(910)) - Stopped o.e.j.s.ServletContextHandler@38d42ab7{/logs,file:///workdir/hadoop-ozone/integration-test/target/log,UNAVAILABLE}
2019-09-18 16:29:04,032 [main] INFO  ozone.MiniOzoneClusterImpl (MiniOzoneClusterImpl.java:stop(350)) - Shutting the HddsDatanodes
2019-09-18 16:29:04,033 [main] INFO  datanode.ObjectStoreHandler (ObjectStoreHandler.java:close(155)) - Closing ObjectStoreHandler.
2019-09-18 16:29:04,033 [ForkJoinPool.commonPool-worker-1] INFO  datanode.ObjectStoreHandler (ObjectStoreHandler.java:close(155)) - Closing ObjectStoreHandler.
2019-09-18 16:29:04,035 [ForkJoinPool.commonPool-worker-1] INFO  ozone.HddsDatanodeService (HddsDatanodeService.java:stop(451)) - Stopped plug-in org.apache.hadoop.ozone.web.OzoneHddsDatanodeService@5158a9f7
2019-09-18 16:29:04,035 [main] INFO  ozone.HddsDatanodeService (HddsDatanodeService.java:stop(451)) - Stopped plug-in org.apache.hadoop.ozone.web.OzoneHddsDatanodeService@513fab1e
2019-09-18 16:29:04,187 | INFO  | SCMAudit | user=jenkins1000 | ip=192.168.5.185 | op=SEND_HEARTBEAT {datanodeUUID=8884bba7-3460-4b10-8d54-dd5499715d80, command=[]} | ret=SUCCESS |  
2019-09-18 16:29:04,241 | INFO  | SCMAudit | user=jenkins1000 | ip=192.168.5.185 | op=SEND_HEARTBEAT {datanodeUUID=b61b0354-621b-4e20-a68d-2d53fecac27d, command=[]} | ret=SUCCESS |  
2019-09-18 16:29:04,274 [Datanode State Machine Thread - 0] INFO  statemachine.DatanodeStateMachine (DatanodeStateMachine.java:lambda$startDaemon$0(356)) - Ozone container server started.
2019-09-18 16:29:04,295 | INFO  | SCMAudit | user=jenkins1000 | ip=192.168.5.185 | op=SEND_HEARTBEAT {datanodeUUID=2e09149d-5559-4fea-b716-0eb93f2cac4a, command=[]} | ret=SUCCESS |  
2019-09-18 16:29:04,396 [Datanode State Machine Thread - 0] INFO  statemachine.DatanodeStateMachine (DatanodeStateMachine.java:lambda$startDaemon$0(356)) - Ozone container server started.
2019-09-18 16:29:04,583 | INFO  | SCMAudit | user=jenkins1000 | ip=192.168.5.185 | op=SEND_HEARTBEAT {datanodeUUID=bbe12df8-c2f1-49e2-8ab8-c8f9f8b834ae, command=[]} | ret=SUCCESS |  
2019-09-18 16:29:04,779 | INFO  | SCMAudit | user=jenkins1000 | ip=192.168.5.185 | op=SEND_HEARTBEAT {datanodeUUID=1d911544-627f-4c31-9b8f-a02840ac95b3, command=[]} | ret=SUCCESS |  
2019-09-18 16:29:05,187 | INFO  | SCMAudit | user=jenkins1000 | ip=192.168.5.185 | op=SEND_HEARTBEAT {datanodeUUID=8884bba7-3460-4b10-8d54-dd5499715d80, command=[]} | ret=SUCCESS |  
2019-09-18 16:29:05,241 | INFO  | SCMAudit | user=jenkins1000 | ip=192.168.5.185 | op=SEND_HEARTBEAT {datanodeUUID=b61b0354-621b-4e20-a68d-2d53fecac27d, command=[]} | ret=SUCCESS |  
2019-09-18 16:29:05,296 | INFO  | SCMAudit | user=jenkins1000 | ip=192.168.5.185 | op=SEND_HEARTBEAT {datanodeUUID=2e09149d-5559-4fea-b716-0eb93f2cac4a, command=[]} | ret=SUCCESS |  
2019-09-18 16:29:05,583 | INFO  | SCMAudit | user=jenkins1000 | ip=192.168.5.185 | op=SEND_HEARTBEAT {datanodeUUID=bbe12df8-c2f1-49e2-8ab8-c8f9f8b834ae, command=[]} | ret=SUCCESS |  
2019-09-18 16:29:05,779 | INFO  | SCMAudit | user=jenkins1000 | ip=192.168.5.185 | op=SEND_HEARTBEAT {datanodeUUID=1d911544-627f-4c31-9b8f-a02840ac95b3, command=[]} | ret=SUCCESS |  
2019-09-18 16:29:06,187 | INFO  | SCMAudit | user=jenkins1000 | ip=192.168.5.185 | op=SEND_HEARTBEAT {datanodeUUID=8884bba7-3460-4b10-8d54-dd5499715d80, command=[]} | ret=SUCCESS |  
2019-09-18 16:29:06,241 | INFO  | SCMAudit | user=jenkins1000 | ip=192.168.5.185 | op=SEND_HEARTBEAT {datanodeUUID=b61b0354-621b-4e20-a68d-2d53fecac27d, command=[]} | ret=SUCCESS |  
2019-09-18 16:29:06,296 | INFO  | SCMAudit | user=jenkins1000 | ip=192.168.5.185 | op=SEND_HEARTBEAT {datanodeUUID=2e09149d-5559-4fea-b716-0eb93f2cac4a, command=[]} | ret=SUCCESS |  
2019-09-18 16:29:06,583 | INFO  | SCMAudit | user=jenkins1000 | ip=192.168.5.185 | op=SEND_HEARTBEAT {datanodeUUID=bbe12df8-c2f1-49e2-8ab8-c8f9f8b834ae, command=[]} | ret=SUCCESS |  
2019-09-18 16:29:06,779 | INFO  | SCMAudit | user=jenkins1000 | ip=192.168.5.185 | op=SEND_HEARTBEAT {datanodeUUID=1d911544-627f-4c31-9b8f-a02840ac95b3, command=[]} | ret=SUCCESS |  
2019-09-18 16:29:07,188 | INFO  | SCMAudit | user=jenkins1000 | ip=192.168.5.185 | op=SEND_HEARTBEAT {datanodeUUID=8884bba7-3460-4b10-8d54-dd5499715d80, command=[]} | ret=SUCCESS |  
2019-09-18 16:29:07,242 | INFO  | SCMAudit | user=jenkins1000 | ip=192.168.5.185 | op=SEND_HEARTBEAT {datanodeUUID=b61b0354-621b-4e20-a68d-2d53fecac27d, command=[]} | ret=SUCCESS |  
2019-09-18 16:29:07,296 | INFO  | SCMAudit | user=jenkins1000 | ip=192.168.5.185 | op=SEND_HEARTBEAT {datanodeUUID=2e09149d-5559-4fea-b716-0eb93f2cac4a, command=[]} | ret=SUCCESS |  
2019-09-18 16:29:07,583 | INFO  | SCMAudit | user=jenkins1000 | ip=192.168.5.185 | op=SEND_HEARTBEAT {datanodeUUID=bbe12df8-c2f1-49e2-8ab8-c8f9f8b834ae, command=[]} | ret=SUCCESS |  
2019-09-18 16:29:07,779 | INFO  | SCMAudit | user=jenkins1000 | ip=192.168.5.185 | op=SEND_HEARTBEAT {datanodeUUID=1d911544-627f-4c31-9b8f-a02840ac95b3, command=[]} | ret=SUCCESS |  
2019-09-18 16:29:08,188 | INFO  | SCMAudit | user=jenkins1000 | ip=192.168.5.185 | op=SEND_HEARTBEAT {datanodeUUID=8884bba7-3460-4b10-8d54-dd5499715d80, command=[]} | ret=SUCCESS |  
2019-09-18 16:29:08,242 | INFO  | SCMAudit | user=jenkins1000 | ip=192.168.5.185 | op=SEND_HEARTBEAT {datanodeUUID=b61b0354-621b-4e20-a68d-2d53fecac27d, command=[]} | ret=SUCCESS |  
2019-09-18 16:29:08,296 | INFO  | SCMAudit | user=jenkins1000 | ip=192.168.5.185 | op=SEND_HEARTBEAT {datanodeUUID=2e09149d-5559-4fea-b716-0eb93f2cac4a, command=[]} | ret=SUCCESS |  
2019-09-18 16:29:08,583 | INFO  | SCMAudit | user=jenkins1000 | ip=192.168.5.185 | op=SEND_HEARTBEAT {datanodeUUID=bbe12df8-c2f1-49e2-8ab8-c8f9f8b834ae, command=[]} | ret=SUCCESS |  
2019-09-18 16:29:08,779 | INFO  | SCMAudit | user=jenkins1000 | ip=192.168.5.185 | op=SEND_HEARTBEAT {datanodeUUID=1d911544-627f-4c31-9b8f-a02840ac95b3, command=[]} | ret=SUCCESS |  
2019-09-18 16:29:09,036 [main] INFO  ozoneimpl.OzoneContainer (OzoneContainer.java:stop(199)) - Attempting to stop container services.
2019-09-18 16:29:09,036 [ForkJoinPool.commonPool-worker-1] INFO  ozoneimpl.OzoneContainer (OzoneContainer.java:stop(199)) - Attempting to stop container services.
2019-09-18 16:29:09,037 [main] INFO  impl.RaftServerProxy (RaftServerProxy.java:lambda$close$4(314)) - 8986536d-5b7d-4e16-8929-1d1bb41ad668: close
2019-09-18 16:29:09,037 [ForkJoinPool.commonPool-worker-1] INFO  impl.RaftServerProxy (RaftServerProxy.java:lambda$close$4(314)) - 891c1cf7-eb5d-4327-8423-159f04f60044: close
2019-09-18 16:29:09,037 [main] INFO  impl.RaftServerImpl (RaftServerImpl.java:lambda$shutdown$3(245)) - 8986536d-5b7d-4e16-8929-1d1bb41ad668: shutdown group-186949E60EA4
2019-09-18 16:29:09,038 [ForkJoinPool.commonPool-worker-1] INFO  impl.RaftServerImpl (RaftServerImpl.java:lambda$shutdown$3(245)) - 891c1cf7-eb5d-4327-8423-159f04f60044: shutdown group-1A1F4B3A8F4F
2019-09-18 16:29:09,038 [main] INFO  util.JmxRegister (JmxRegister.java:unregister(73)) - Successfully un-registered JMX Bean with object name Ratis:service=RaftServer,group=group-186949E60EA4,id=8986536d-5b7d-4e16-8929-1d1bb41ad668
2019-09-18 16:29:09,038 [ForkJoinPool.commonPool-worker-1] INFO  util.JmxRegister (JmxRegister.java:unregister(73)) - Successfully un-registered JMX Bean with object name Ratis:service=RaftServer,group=group-1A1F4B3A8F4F,id=891c1cf7-eb5d-4327-8423-159f04f60044
2019-09-18 16:29:09,039 [main] INFO  impl.RoleInfo (RoleInfo.java:shutdownLeaderState(104)) - 8986536d-5b7d-4e16-8929-1d1bb41ad668: shutdown LeaderState
2019-09-18 16:29:09,039 [ForkJoinPool.commonPool-worker-1] INFO  impl.RoleInfo (RoleInfo.java:shutdownFollowerState(121)) - 891c1cf7-eb5d-4327-8423-159f04f60044: shutdown FollowerState
2019-09-18 16:29:09,039 [main] INFO  impl.PendingRequests (PendingRequests.java:sendNotLeaderResponses(202)) - 8986536d-5b7d-4e16-8929-1d1bb41ad668-PendingRequests: sendNotLeaderResponses
2019-09-18 16:29:09,040 [StateMachineUpdater:891c1cf7-eb5d-4327-8423-159f04f60044:group-1A1F4B3A8F4F] INFO  ratis.ContainerStateMachine (ContainerStateMachine.java:takeSnapshot(283)) - group-1A1F4B3A8F4F: Taking a snapshot at:(t:1, i:6) file /workdir/hadoop-ozone/integration-test/target/test-dir/MiniOzoneClusterImpl-2d326fd7-59af-45f3-b86b-efdcab7b8137/datanode-1/data/ratis/e65f8abc-e731-4264-aeea-1a1f4b3a8f4f/sm/snapshot.1_6
2019-09-18 16:29:09,040 [Thread-812] INFO  impl.FollowerState (FollowerState.java:run(114)) - 891c1cf7-eb5d-4327-8423-159f04f60044: FollowerState was interrupted: java.lang.InterruptedException: sleep interrupted
2019-09-18 16:29:09,040 [ForkJoinPool.commonPool-worker-1] INFO  impl.StateMachineUpdater (StateMachineUpdater.java:stopAndJoin(115)) - StateMachineUpdater:891c1cf7-eb5d-4327-8423-159f04f60044:group-1A1F4B3A8F4F: set stopIndex = 8
2019-09-18 16:29:09,040 [main] INFO  impl.StateMachineUpdater (StateMachineUpdater.java:stopAndJoin(115)) - StateMachineUpdater:8986536d-5b7d-4e16-8929-1d1bb41ad668:group-186949E60EA4: set stopIndex = 0
2019-09-18 16:29:09,049 [main] INFO  impl.RaftServerImpl (ServerState.java:close(394)) - 8986536d-5b7d-4e16-8929-1d1bb41ad668:group-186949E60EA4 closes. The last applied log index is 0
2019-09-18 16:29:09,050 [8986536d-5b7d-4e16-8929-1d1bb41ad668-SegmentedRaftLogWorker:Storage Directory /workdir/hadoop-ozone/integration-test/target/test-dir/MiniOzoneClusterImpl-2d326fd7-59af-45f3-b86b-efdcab7b8137/datanode-4/data/ratis/ffd98b12-c665-4ab8-ac8e-186949e60ea4] INFO  segmented.SegmentedRaftLogWorker (SegmentedRaftLogWorker.java:run(313)) - 8986536d-5b7d-4e16-8929-1d1bb41ad668-SegmentedRaftLogWorker:Storage Directory /workdir/hadoop-ozone/integration-test/target/test-dir/MiniOzoneClusterImpl-2d326fd7-59af-45f3-b86b-efdcab7b8137/datanode-4/data/ratis/ffd98b12-c665-4ab8-ac8e-186949e60ea4 was interrupted, exiting. There are 0 tasks remaining in the queue.
2019-09-18 16:29:09,060 [main] INFO  segmented.SegmentedRaftLogWorker (SegmentedRaftLogWorker.java:close(228)) - 8986536d-5b7d-4e16-8929-1d1bb41ad668-SegmentedRaftLogWorker:Storage Directory /workdir/hadoop-ozone/integration-test/target/test-dir/MiniOzoneClusterImpl-2d326fd7-59af-45f3-b86b-efdcab7b8137/datanode-4/data/ratis/ffd98b12-c665-4ab8-ac8e-186949e60ea4 close()
2019-09-18 16:29:09,062 [StateMachineUpdater:891c1cf7-eb5d-4327-8423-159f04f60044:group-1A1F4B3A8F4F] INFO  ratis.ContainerStateMachine (ContainerStateMachine.java:takeSnapshot(294)) - group-1A1F4B3A8F4F: Finished taking a snapshot at:(t:1, i:6) file:/workdir/hadoop-ozone/integration-test/target/test-dir/MiniOzoneClusterImpl-2d326fd7-59af-45f3-b86b-efdcab7b8137/datanode-1/data/ratis/e65f8abc-e731-4264-aeea-1a1f4b3a8f4f/sm/snapshot.1_6 time:23
2019-09-18 16:29:09,064 [main] INFO  impl.RaftServerImpl (RaftServerImpl.java:lambda$shutdown$3(245)) - 8986536d-5b7d-4e16-8929-1d1bb41ad668: shutdown group-6A4DEB0FBF45
2019-09-18 16:29:09,064 [StateMachineUpdater:891c1cf7-eb5d-4327-8423-159f04f60044:group-1A1F4B3A8F4F] INFO  impl.StateMachineUpdater (StateMachineUpdater.java:takeSnapshot(242)) - StateMachineUpdater:891c1cf7-eb5d-4327-8423-159f04f60044:group-1A1F4B3A8F4F: Took a snapshot at index 6
2019-09-18 16:29:09,065 [main] INFO  util.JmxRegister (JmxRegister.java:unregister(73)) - Successfully un-registered JMX Bean with object name Ratis:service=RaftServer,group=group-6A4DEB0FBF45,id=8986536d-5b7d-4e16-8929-1d1bb41ad668
2019-09-18 16:29:09,065 [main] INFO  impl.RoleInfo (RoleInfo.java:shutdownFollowerState(121)) - 8986536d-5b7d-4e16-8929-1d1bb41ad668: shutdown FollowerState
2019-09-18 16:29:09,065 [StateMachineUpdater:891c1cf7-eb5d-4327-8423-159f04f60044:group-1A1F4B3A8F4F] INFO  impl.StateMachineUpdater (StateMachineUpdater.java:lambda$new$0(80)) - StateMachineUpdater:891c1cf7-eb5d-4327-8423-159f04f60044:group-1A1F4B3A8F4F: snapshotIndex: updateIncreasingly -1 -> 6
2019-09-18 16:29:09,065 [main] INFO  impl.StateMachineUpdater (StateMachineUpdater.java:stopAndJoin(115)) - StateMachineUpdater:8986536d-5b7d-4e16-8929-1d1bb41ad668:group-6A4DEB0FBF45: set stopIndex = 0
2019-09-18 16:29:09,066 [Thread-851] INFO  impl.FollowerState (FollowerState.java:run(114)) - 8986536d-5b7d-4e16-8929-1d1bb41ad668: FollowerState was interrupted: java.lang.InterruptedException: sleep interrupted
2019-09-18 16:29:09,068 [ForkJoinPool.commonPool-worker-1] INFO  impl.RaftServerImpl (ServerState.java:close(394)) - 891c1cf7-eb5d-4327-8423-159f04f60044:group-1A1F4B3A8F4F closes. The last applied log index is 8
2019-09-18 16:29:09,068 [main] INFO  impl.RaftServerImpl (ServerState.java:close(394)) - 8986536d-5b7d-4e16-8929-1d1bb41ad668:group-6A4DEB0FBF45 closes. The last applied log index is 0
2019-09-18 16:29:09,071 [891c1cf7-eb5d-4327-8423-159f04f60044-SegmentedRaftLogWorker:Storage Directory /workdir/hadoop-ozone/integration-test/target/test-dir/MiniOzoneClusterImpl-2d326fd7-59af-45f3-b86b-efdcab7b8137/datanode-1/data/ratis/e65f8abc-e731-4264-aeea-1a1f4b3a8f4f] INFO  segmented.SegmentedRaftLogWorker (SegmentedRaftLogWorker.java:run(313)) - 891c1cf7-eb5d-4327-8423-159f04f60044-SegmentedRaftLogWorker:Storage Directory /workdir/hadoop-ozone/integration-test/target/test-dir/MiniOzoneClusterImpl-2d326fd7-59af-45f3-b86b-efdcab7b8137/datanode-1/data/ratis/e65f8abc-e731-4264-aeea-1a1f4b3a8f4f was interrupted, exiting. There are 0 tasks remaining in the queue.
2019-09-18 16:29:09,071 [8986536d-5b7d-4e16-8929-1d1bb41ad668-SegmentedRaftLogWorker:Storage Directory /workdir/hadoop-ozone/integration-test/target/test-dir/MiniOzoneClusterImpl-2d326fd7-59af-45f3-b86b-efdcab7b8137/datanode-4/data/ratis/a6acc001-c642-458b-86d7-6a4deb0fbf45] INFO  segmented.SegmentedRaftLogWorker (SegmentedRaftLogWorker.java:run(313)) - 8986536d-5b7d-4e16-8929-1d1bb41ad668-SegmentedRaftLogWorker:Storage Directory /workdir/hadoop-ozone/integration-test/target/test-dir/MiniOzoneClusterImpl-2d326fd7-59af-45f3-b86b-efdcab7b8137/datanode-4/data/ratis/a6acc001-c642-458b-86d7-6a4deb0fbf45 was interrupted, exiting. There are 0 tasks remaining in the queue.
2019-09-18 16:29:09,074 [ForkJoinPool.commonPool-worker-1] INFO  segmented.SegmentedRaftLogWorker (SegmentedRaftLogWorker.java:close(228)) - 891c1cf7-eb5d-4327-8423-159f04f60044-SegmentedRaftLogWorker:Storage Directory /workdir/hadoop-ozone/integration-test/target/test-dir/MiniOzoneClusterImpl-2d326fd7-59af-45f3-b86b-efdcab7b8137/datanode-1/data/ratis/e65f8abc-e731-4264-aeea-1a1f4b3a8f4f close()
2019-09-18 16:29:09,076 [main] INFO  segmented.SegmentedRaftLogWorker (SegmentedRaftLogWorker.java:close(228)) - 8986536d-5b7d-4e16-8929-1d1bb41ad668-SegmentedRaftLogWorker:Storage Directory /workdir/hadoop-ozone/integration-test/target/test-dir/MiniOzoneClusterImpl-2d326fd7-59af-45f3-b86b-efdcab7b8137/datanode-4/data/ratis/a6acc001-c642-458b-86d7-6a4deb0fbf45 close()
2019-09-18 16:29:09,080 [ForkJoinPool.commonPool-worker-1] INFO  impl.RaftServerImpl (RaftServerImpl.java:lambda$shutdown$3(245)) - 891c1cf7-eb5d-4327-8423-159f04f60044: shutdown group-E0FF56B8A51F
2019-09-18 16:29:09,084 [main] INFO  server.GrpcService (GrpcService.java:closeImpl(155)) - 8986536d-5b7d-4e16-8929-1d1bb41ad668: shutdown server with port 41338 now
2019-09-18 16:29:09,084 [ForkJoinPool.commonPool-worker-1] INFO  util.JmxRegister (JmxRegister.java:unregister(73)) - Successfully un-registered JMX Bean with object name Ratis:service=RaftServer,group=group-E0FF56B8A51F,id=891c1cf7-eb5d-4327-8423-159f04f60044
2019-09-18 16:29:09,085 [ForkJoinPool.commonPool-worker-1] INFO  impl.RoleInfo (RoleInfo.java:shutdownLeaderState(104)) - 891c1cf7-eb5d-4327-8423-159f04f60044: shutdown LeaderState
2019-09-18 16:29:09,085 [ForkJoinPool.commonPool-worker-1] INFO  impl.PendingRequests (PendingRequests.java:sendNotLeaderResponses(202)) - 891c1cf7-eb5d-4327-8423-159f04f60044-PendingRequests: sendNotLeaderResponses
2019-09-18 16:29:09,085 [ForkJoinPool.commonPool-worker-1] INFO  impl.StateMachineUpdater (StateMachineUpdater.java:stopAndJoin(115)) - StateMachineUpdater:891c1cf7-eb5d-4327-8423-159f04f60044:group-E0FF56B8A51F: set stopIndex = 0
2019-09-18 16:29:09,087 [ForkJoinPool.commonPool-worker-1] INFO  impl.RaftServerImpl (ServerState.java:close(394)) - 891c1cf7-eb5d-4327-8423-159f04f60044:group-E0FF56B8A51F closes. The last applied log index is 0
2019-09-18 16:29:09,088 [891c1cf7-eb5d-4327-8423-159f04f60044-SegmentedRaftLogWorker:Storage Directory /workdir/hadoop-ozone/integration-test/target/test-dir/MiniOzoneClusterImpl-2d326fd7-59af-45f3-b86b-efdcab7b8137/datanode-1/data/ratis/a282391a-b7b5-46df-8500-e0ff56b8a51f] INFO  segmented.SegmentedRaftLogWorker (SegmentedRaftLogWorker.java:run(313)) - 891c1cf7-eb5d-4327-8423-159f04f60044-SegmentedRaftLogWorker:Storage Directory /workdir/hadoop-ozone/integration-test/target/test-dir/MiniOzoneClusterImpl-2d326fd7-59af-45f3-b86b-efdcab7b8137/datanode-1/data/ratis/a282391a-b7b5-46df-8500-e0ff56b8a51f was interrupted, exiting. There are 0 tasks remaining in the queue.
2019-09-18 16:29:09,090 [ForkJoinPool.commonPool-worker-1] INFO  segmented.SegmentedRaftLogWorker (SegmentedRaftLogWorker.java:close(228)) - 891c1cf7-eb5d-4327-8423-159f04f60044-SegmentedRaftLogWorker:Storage Directory /workdir/hadoop-ozone/integration-test/target/test-dir/MiniOzoneClusterImpl-2d326fd7-59af-45f3-b86b-efdcab7b8137/datanode-1/data/ratis/a282391a-b7b5-46df-8500-e0ff56b8a51f close()
2019-09-18 16:29:09,091 [main] INFO  server.GrpcService (GrpcService.java:closeImpl(163)) - 8986536d-5b7d-4e16-8929-1d1bb41ad668: shutdown server with port 41338 successfully
2019-09-18 16:29:09,105 [grpc-default-executor-8] WARN  server.GrpcLogAppender (LogUtils.java:warn(134)) - 8884bba7-3460-4b10-8d54-dd5499715d80->8986536d-5b7d-4e16-8929-1d1bb41ad668: Failed appendEntries: org.apache.ratis.thirdparty.io.grpc.StatusRuntimeException: CANCELLED: HTTP/2 error code: CANCEL
Received Rst Stream
2019-09-18 16:29:09,105 [ForkJoinPool.commonPool-worker-1] INFO  server.GrpcService (GrpcService.java:closeImpl(155)) - 891c1cf7-eb5d-4327-8423-159f04f60044: shutdown server with port 38376 now
2019-09-18 16:29:09,091 [grpc-default-executor-9] WARN  server.GrpcServerProtocolService (LogUtils.java:warn(134)) - 8986536d-5b7d-4e16-8929-1d1bb41ad668: appendEntries onError: org.apache.ratis.thirdparty.io.grpc.StatusRuntimeException: CANCELLED: cancelled before receiving half close
2019-09-18 16:29:09,108 [grpc-default-executor-8] INFO  impl.FollowerInfo (FollowerInfo.java:lambda$new$0(50)) - 8884bba7-3460-4b10-8d54-dd5499715d80->8986536d-5b7d-4e16-8929-1d1bb41ad668: nextIndex: updateUnconditionally 1 -> 0
2019-09-18 16:29:09,109 [grpc-default-executor-1] WARN  server.GrpcServerProtocolService (LogUtils.java:warn(134)) - 891c1cf7-eb5d-4327-8423-159f04f60044: appendEntries onError: org.apache.ratis.thirdparty.io.grpc.StatusRuntimeException: CANCELLED: cancelled before receiving half close
2019-09-18 16:29:09,109 [main] INFO  utils.BackgroundService (BackgroundService.java:shutdown(148)) - Shutting down service BlockDeletingService
2019-09-18 16:29:09,109 [grpc-default-executor-8] WARN  server.GrpcLogAppender (LogUtils.java:warn(134)) - b61b0354-621b-4e20-a68d-2d53fecac27d->891c1cf7-eb5d-4327-8423-159f04f60044: Failed appendEntries: org.apache.ratis.thirdparty.io.grpc.StatusRuntimeException: CANCELLED: HTTP/2 error code: CANCEL
Received Rst Stream
2019-09-18 16:29:09,110 [ForkJoinPool.commonPool-worker-1] INFO  server.GrpcService (GrpcService.java:closeImpl(163)) - 891c1cf7-eb5d-4327-8423-159f04f60044: shutdown server with port 38376 successfully
2019-09-18 16:29:09,112 [grpc-default-executor-8] INFO  impl.FollowerInfo (FollowerInfo.java:lambda$new$0(50)) - b61b0354-621b-4e20-a68d-2d53fecac27d->891c1cf7-eb5d-4327-8423-159f04f60044: nextIndex: updateUnconditionally 9 -> 8
2019-09-18 16:29:09,114 [refreshUsed-/workdir/hadoop-ozone/integration-test/target/test-dir/MiniOzoneClusterImpl-2d326fd7-59af-45f3-b86b-efdcab7b8137/datanode-4/data/containers] WARN  fs.CachingGetSpaceUsed (CachingGetSpaceUsed.java:run(183)) - Thread Interrupted waiting to refresh disk information: sleep interrupted
2019-09-18 16:29:09,114 [grpc-default-executor-11] WARN  client.GrpcClientProtocolService (LogUtils.java:warn(134)) - 36-OrderedRequestStreamObserver36: onError: org.apache.ratis.thirdparty.io.grpc.StatusRuntimeException: CANCELLED: cancelled before receiving half close
2019-09-18 16:29:09,118 [ForkJoinPool.commonPool-worker-1] INFO  utils.BackgroundService (BackgroundService.java:shutdown(148)) - Shutting down service BlockDeletingService
2019-09-18 16:29:09,121 [refreshUsed-/workdir/hadoop-ozone/integration-test/target/test-dir/MiniOzoneClusterImpl-2d326fd7-59af-45f3-b86b-efdcab7b8137/datanode-1/data/containers] WARN  fs.CachingGetSpaceUsed (CachingGetSpaceUsed.java:run(183)) - Thread Interrupted waiting to refresh disk information: sleep interrupted
2019-09-18 16:29:09,130 [grpc-default-executor-11] WARN  server.GrpcLogAppender (LogUtils.java:warn(134)) - b61b0354-621b-4e20-a68d-2d53fecac27d->891c1cf7-eb5d-4327-8423-159f04f60044: Failed appendEntries: org.apache.ratis.thirdparty.io.grpc.StatusRuntimeException: UNAVAILABLE: io exception
2019-09-18 16:29:09,133 [grpc-default-executor-11] INFO  impl.FollowerInfo (FollowerInfo.java:lambda$new$0(50)) - b61b0354-621b-4e20-a68d-2d53fecac27d->891c1cf7-eb5d-4327-8423-159f04f60044: nextIndex: updateUnconditionally 8 -> 7
2019-09-18 16:29:09,147 [ForkJoinPool.commonPool-worker-1] INFO  statemachine.DatanodeStateMachine (DatanodeStateMachine.java:stopDaemon(401)) - Ozone container server stopped.
2019-09-18 16:29:09,148 [main] INFO  statemachine.DatanodeStateMachine (DatanodeStateMachine.java:stopDaemon(401)) - Ozone container server stopped.
2019-09-18 16:29:09,173 [main] INFO  handler.ContextHandler (ContextHandler.java:doStop(910)) - Stopped o.e.j.w.WebAppContext@57a982f9{/,null,UNAVAILABLE}{/hddsDatanode}
2019-09-18 16:29:09,175 [ForkJoinPool.commonPool-worker-1] INFO  handler.ContextHandler (ContextHandler.java:doStop(910)) - Stopped o.e.j.w.WebAppContext@70a24f9{/,null,UNAVAILABLE}{/hddsDatanode}
2019-09-18 16:29:09,176 [main] INFO  server.AbstractConnector (AbstractConnector.java:doStop(318)) - Stopped ServerConnector@19d3f6ad{HTTP/1.1,[http/1.1]}{0.0.0.0:0}
2019-09-18 16:29:09,176 [ForkJoinPool.commonPool-worker-1] INFO  server.AbstractConnector (AbstractConnector.java:doStop(318)) - Stopped ServerConnector@78bad03b{HTTP/1.1,[http/1.1]}{0.0.0.0:0}
2019-09-18 16:29:09,176 [main] INFO  handler.ContextHandler (ContextHandler.java:doStop(910)) - Stopped o.e.j.s.ServletContextHandler@38cf4497{/static,jar:file:/home/user/.m2/repository/org/apache/hadoop/hadoop-hdds-container-service/0.5.0-SNAPSHOT/hadoop-hdds-container-service-0.5.0-SNAPSHOT.jar!/webapps/static,UNAVAILABLE}
2019-09-18 16:29:09,178 [ForkJoinPool.commonPool-worker-1] INFO  handler.ContextHandler (ContextHandler.java:doStop(910)) - Stopped o.e.j.s.ServletContextHandler@794cb26b{/static,jar:file:/home/user/.m2/repository/org/apache/hadoop/hadoop-hdds-container-service/0.5.0-SNAPSHOT/hadoop-hdds-container-service-0.5.0-SNAPSHOT.jar!/webapps/static,UNAVAILABLE}
2019-09-18 16:29:09,178 [main] INFO  handler.ContextHandler (ContextHandler.java:doStop(910)) - Stopped o.e.j.s.ServletContextHandler@43d6262c{/logs,file:///workdir/hadoop-ozone/integration-test/target/log,UNAVAILABLE}
2019-09-18 16:29:09,180 [ForkJoinPool.commonPool-worker-1] INFO  handler.ContextHandler (ContextHandler.java:doStop(910)) - Stopped o.e.j.s.ServletContextHandler@48d44b46{/logs,file:///workdir/hadoop-ozone/integration-test/target/log,UNAVAILABLE}
2019-09-18 16:29:09,182 [main] INFO  datanode.ObjectStoreHandler (ObjectStoreHandler.java:close(155)) - Closing ObjectStoreHandler.
2019-09-18 16:29:09,182 [ForkJoinPool.commonPool-worker-1] INFO  datanode.ObjectStoreHandler (ObjectStoreHandler.java:close(155)) - Closing ObjectStoreHandler.
2019-09-18 16:29:09,183 [main] INFO  ozone.HddsDatanodeService (HddsDatanodeService.java:stop(451)) - Stopped plug-in org.apache.hadoop.ozone.web.OzoneHddsDatanodeService@77f4038c
2019-09-18 16:29:09,183 [ForkJoinPool.commonPool-worker-1] INFO  ozone.HddsDatanodeService (HddsDatanodeService.java:stop(451)) - Stopped plug-in org.apache.hadoop.ozone.web.OzoneHddsDatanodeService@2f0cab82
2019-09-18 16:29:09,187 [Datanode State Machine Thread - 0] INFO  statemachine.DatanodeStateMachine (DatanodeStateMachine.java:lambda$startDaemon$0(356)) - Ozone container server started.
2019-09-18 16:29:09,242 | INFO  | SCMAudit | user=jenkins1000 | ip=192.168.5.185 | op=SEND_HEARTBEAT {datanodeUUID=b61b0354-621b-4e20-a68d-2d53fecac27d, command=[]} | ret=SUCCESS |  
2019-09-18 16:29:09,295 [Datanode State Machine Thread - 0] INFO  statemachine.DatanodeStateMachine (DatanodeStateMachine.java:lambda$startDaemon$0(356)) - Ozone container server started.
2019-09-18 16:29:09,583 | INFO  | SCMAudit | user=jenkins1000 | ip=192.168.5.185 | op=SEND_HEARTBEAT {datanodeUUID=bbe12df8-c2f1-49e2-8ab8-c8f9f8b834ae, command=[]} | ret=SUCCESS |  
2019-09-18 16:29:09,779 | INFO  | SCMAudit | user=jenkins1000 | ip=192.168.5.185 | op=SEND_HEARTBEAT {datanodeUUID=1d911544-627f-4c31-9b8f-a02840ac95b3, command=[]} | ret=SUCCESS |  
2019-09-18 16:29:10,242 | INFO  | SCMAudit | user=jenkins1000 | ip=192.168.5.185 | op=SEND_HEARTBEAT {datanodeUUID=b61b0354-621b-4e20-a68d-2d53fecac27d, command=[]} | ret=SUCCESS |  
2019-09-18 16:29:10,583 | INFO  | SCMAudit | user=jenkins1000 | ip=192.168.5.185 | op=SEND_HEARTBEAT {datanodeUUID=bbe12df8-c2f1-49e2-8ab8-c8f9f8b834ae, command=[]} | ret=SUCCESS |  
2019-09-18 16:29:10,779 | INFO  | SCMAudit | user=jenkins1000 | ip=192.168.5.185 | op=SEND_HEARTBEAT {datanodeUUID=1d911544-627f-4c31-9b8f-a02840ac95b3, command=[]} | ret=SUCCESS |  
2019-09-18 16:29:11,037 [grpc-default-executor-10] WARN  server.GrpcLogAppender (LogUtils.java:warn(134)) - 8884bba7-3460-4b10-8d54-dd5499715d80->8986536d-5b7d-4e16-8929-1d1bb41ad668: Failed appendEntries: org.apache.ratis.thirdparty.io.grpc.StatusRuntimeException: UNAVAILABLE: io exception
2019-09-18 16:29:11,041 [grpc-default-executor-10] INFO  impl.FollowerInfo (FollowerInfo.java:lambda$new$0(50)) - 8884bba7-3460-4b10-8d54-dd5499715d80->8986536d-5b7d-4e16-8929-1d1bb41ad668: nextIndex: updateUnconditionally 0 -> 0
2019-09-18 16:29:11,242 | INFO  | SCMAudit | user=jenkins1000 | ip=192.168.5.185 | op=SEND_HEARTBEAT {datanodeUUID=b61b0354-621b-4e20-a68d-2d53fecac27d, command=[]} | ret=SUCCESS |  
2019-09-18 16:29:11,583 | INFO  | SCMAudit | user=jenkins1000 | ip=192.168.5.185 | op=SEND_HEARTBEAT {datanodeUUID=bbe12df8-c2f1-49e2-8ab8-c8f9f8b834ae, command=[]} | ret=SUCCESS |  
2019-09-18 16:29:11,631 [grpc-default-executor-10] WARN  server.GrpcLogAppender (LogUtils.java:warn(134)) - b61b0354-621b-4e20-a68d-2d53fecac27d->891c1cf7-eb5d-4327-8423-159f04f60044: Failed appendEntries: org.apache.ratis.thirdparty.io.grpc.StatusRuntimeException: UNAVAILABLE: io exception
2019-09-18 16:29:11,635 [grpc-default-executor-10] INFO  impl.FollowerInfo (FollowerInfo.java:lambda$new$0(50)) - b61b0354-621b-4e20-a68d-2d53fecac27d->891c1cf7-eb5d-4327-8423-159f04f60044: nextIndex: updateUnconditionally 7 -> 6
2019-09-18 16:29:11,779 | INFO  | SCMAudit | user=jenkins1000 | ip=192.168.5.185 | op=SEND_HEARTBEAT {datanodeUUID=1d911544-627f-4c31-9b8f-a02840ac95b3, command=[]} | ret=SUCCESS |  
2019-09-18 16:29:12,242 | INFO  | SCMAudit | user=jenkins1000 | ip=192.168.5.185 | op=SEND_HEARTBEAT {datanodeUUID=b61b0354-621b-4e20-a68d-2d53fecac27d, command=[]} | ret=SUCCESS |  
2019-09-18 16:29:12,583 | INFO  | SCMAudit | user=jenkins1000 | ip=192.168.5.185 | op=SEND_HEARTBEAT {datanodeUUID=bbe12df8-c2f1-49e2-8ab8-c8f9f8b834ae, command=[]} | ret=SUCCESS |  
2019-09-18 16:29:12,780 | INFO  | SCMAudit | user=jenkins1000 | ip=192.168.5.185 | op=SEND_HEARTBEAT {datanodeUUID=1d911544-627f-4c31-9b8f-a02840ac95b3, command=[]} | ret=SUCCESS |  
2019-09-18 16:29:13,242 | INFO  | SCMAudit | user=jenkins1000 | ip=192.168.5.185 | op=SEND_HEARTBEAT {datanodeUUID=b61b0354-621b-4e20-a68d-2d53fecac27d, command=[]} | ret=SUCCESS |  
2019-09-18 16:29:13,538 [grpc-default-executor-8] WARN  server.GrpcLogAppender (LogUtils.java:warn(134)) - 8884bba7-3460-4b10-8d54-dd5499715d80->8986536d-5b7d-4e16-8929-1d1bb41ad668: Failed appendEntries: org.apache.ratis.thirdparty.io.grpc.StatusRuntimeException: UNAVAILABLE: io exception
2019-09-18 16:29:13,542 [grpc-default-executor-8] INFO  impl.FollowerInfo (FollowerInfo.java:lambda$new$0(50)) - 8884bba7-3460-4b10-8d54-dd5499715d80->8986536d-5b7d-4e16-8929-1d1bb41ad668: nextIndex: updateUnconditionally 0 -> 0
2019-09-18 16:29:13,583 | INFO  | SCMAudit | user=jenkins1000 | ip=192.168.5.185 | op=SEND_HEARTBEAT {datanodeUUID=bbe12df8-c2f1-49e2-8ab8-c8f9f8b834ae, command=[]} | ret=SUCCESS |  
2019-09-18 16:29:13,780 | INFO  | SCMAudit | user=jenkins1000 | ip=192.168.5.185 | op=SEND_HEARTBEAT {datanodeUUID=1d911544-627f-4c31-9b8f-a02840ac95b3, command=[]} | ret=SUCCESS |  
2019-09-18 16:29:14,132 [grpc-default-executor-11] WARN  server.GrpcLogAppender (LogUtils.java:warn(134)) - b61b0354-621b-4e20-a68d-2d53fecac27d->891c1cf7-eb5d-4327-8423-159f04f60044: Failed appendEntries: org.apache.ratis.thirdparty.io.grpc.StatusRuntimeException: UNAVAILABLE: io exception
2019-09-18 16:29:14,136 [grpc-default-executor-11] INFO  impl.FollowerInfo (FollowerInfo.java:lambda$new$0(50)) - b61b0354-621b-4e20-a68d-2d53fecac27d->891c1cf7-eb5d-4327-8423-159f04f60044: nextIndex: updateUnconditionally 6 -> 5
2019-09-18 16:29:14,183 [main] INFO  ozoneimpl.OzoneContainer (OzoneContainer.java:stop(199)) - Attempting to stop container services.
2019-09-18 16:29:14,184 [ForkJoinPool.commonPool-worker-1] INFO  ozoneimpl.OzoneContainer (OzoneContainer.java:stop(199)) - Attempting to stop container services.
2019-09-18 16:29:14,184 [main] INFO  impl.RaftServerProxy (RaftServerProxy.java:lambda$close$4(314)) - 8884bba7-3460-4b10-8d54-dd5499715d80: close
2019-09-18 16:29:14,185 [ForkJoinPool.commonPool-worker-1] INFO  impl.RaftServerProxy (RaftServerProxy.java:lambda$close$4(314)) - 2e09149d-5559-4fea-b716-0eb93f2cac4a: close
2019-09-18 16:29:14,185 [main] INFO  impl.RaftServerImpl (RaftServerImpl.java:lambda$shutdown$3(245)) - 8884bba7-3460-4b10-8d54-dd5499715d80: shutdown group-E03C033DA6AE
2019-09-18 16:29:14,185 [ForkJoinPool.commonPool-worker-1] INFO  impl.RaftServerImpl (RaftServerImpl.java:lambda$shutdown$3(245)) - 2e09149d-5559-4fea-b716-0eb93f2cac4a: shutdown group-D93F7E33EFFD
2019-09-18 16:29:14,185 [main] INFO  util.JmxRegister (JmxRegister.java:unregister(73)) - Successfully un-registered JMX Bean with object name Ratis:service=RaftServer,group=group-E03C033DA6AE,id=8884bba7-3460-4b10-8d54-dd5499715d80
2019-09-18 16:29:14,186 [ForkJoinPool.commonPool-worker-1] INFO  util.JmxRegister (JmxRegister.java:unregister(73)) - Successfully un-registered JMX Bean with object name Ratis:service=RaftServer,group=group-D93F7E33EFFD,id=2e09149d-5559-4fea-b716-0eb93f2cac4a
2019-09-18 16:29:14,186 [main] INFO  impl.RoleInfo (RoleInfo.java:shutdownLeaderState(104)) - 8884bba7-3460-4b10-8d54-dd5499715d80: shutdown LeaderState
2019-09-18 16:29:14,186 [ForkJoinPool.commonPool-worker-1] INFO  impl.RoleInfo (RoleInfo.java:shutdownLeaderState(104)) - 2e09149d-5559-4fea-b716-0eb93f2cac4a: shutdown LeaderState
2019-09-18 16:29:14,187 [main] INFO  impl.PendingRequests (PendingRequests.java:sendNotLeaderResponses(202)) - 8884bba7-3460-4b10-8d54-dd5499715d80-PendingRequests: sendNotLeaderResponses
2019-09-18 16:29:14,187 [ForkJoinPool.commonPool-worker-1] INFO  impl.PendingRequests (PendingRequests.java:sendNotLeaderResponses(202)) - 2e09149d-5559-4fea-b716-0eb93f2cac4a-PendingRequests: sendNotLeaderResponses
2019-09-18 16:29:14,187 [main] INFO  impl.StateMachineUpdater (StateMachineUpdater.java:stopAndJoin(115)) - StateMachineUpdater:8884bba7-3460-4b10-8d54-dd5499715d80:group-E03C033DA6AE: set stopIndex = 0
2019-09-18 16:29:14,191 [ForkJoinPool.commonPool-worker-1] INFO  impl.StateMachineUpdater (StateMachineUpdater.java:stopAndJoin(115)) - StateMachineUpdater:2e09149d-5559-4fea-b716-0eb93f2cac4a:group-D93F7E33EFFD: set stopIndex = 0
2019-09-18 16:29:14,191 [main] INFO  impl.RaftServerImpl (ServerState.java:close(394)) - 8884bba7-3460-4b10-8d54-dd5499715d80:group-E03C033DA6AE closes. The last applied log index is 0
2019-09-18 16:29:14,194 [ForkJoinPool.commonPool-worker-1] INFO  impl.RaftServerImpl (ServerState.java:close(394)) - 2e09149d-5559-4fea-b716-0eb93f2cac4a:group-D93F7E33EFFD closes. The last applied log index is 0
2019-09-18 16:29:14,195 [8884bba7-3460-4b10-8d54-dd5499715d80-SegmentedRaftLogWorker:Storage Directory /workdir/hadoop-ozone/integration-test/target/test-dir/MiniOzoneClusterImpl-2d326fd7-59af-45f3-b86b-efdcab7b8137/datanode-3/data/ratis/97b77e94-b28f-4788-bd5f-e03c033da6ae] INFO  segmented.SegmentedRaftLogWorker (SegmentedRaftLogWorker.java:run(313)) - 8884bba7-3460-4b10-8d54-dd5499715d80-SegmentedRaftLogWorker:Storage Directory /workdir/hadoop-ozone/integration-test/target/test-dir/MiniOzoneClusterImpl-2d326fd7-59af-45f3-b86b-efdcab7b8137/datanode-3/data/ratis/97b77e94-b28f-4788-bd5f-e03c033da6ae was interrupted, exiting. There are 0 tasks remaining in the queue.
2019-09-18 16:29:14,195 [2e09149d-5559-4fea-b716-0eb93f2cac4a-SegmentedRaftLogWorker:Storage Directory /workdir/hadoop-ozone/integration-test/target/test-dir/MiniOzoneClusterImpl-2d326fd7-59af-45f3-b86b-efdcab7b8137/datanode-2/data/ratis/5810f2a7-6b56-41b1-9180-d93f7e33effd] INFO  segmented.SegmentedRaftLogWorker (SegmentedRaftLogWorker.java:run(313)) - 2e09149d-5559-4fea-b716-0eb93f2cac4a-SegmentedRaftLogWorker:Storage Directory /workdir/hadoop-ozone/integration-test/target/test-dir/MiniOzoneClusterImpl-2d326fd7-59af-45f3-b86b-efdcab7b8137/datanode-2/data/ratis/5810f2a7-6b56-41b1-9180-d93f7e33effd was interrupted, exiting. There are 0 tasks remaining in the queue.
2019-09-18 16:29:14,199 [main] INFO  segmented.SegmentedRaftLogWorker (SegmentedRaftLogWorker.java:close(228)) - 8884bba7-3460-4b10-8d54-dd5499715d80-SegmentedRaftLogWorker:Storage Directory /workdir/hadoop-ozone/integration-test/target/test-dir/MiniOzoneClusterImpl-2d326fd7-59af-45f3-b86b-efdcab7b8137/datanode-3/data/ratis/97b77e94-b28f-4788-bd5f-e03c033da6ae close()
2019-09-18 16:29:14,201 [main] INFO  impl.RaftServerImpl (RaftServerImpl.java:lambda$shutdown$3(245)) - 8884bba7-3460-4b10-8d54-dd5499715d80: shutdown group-6A4DEB0FBF45
2019-09-18 16:29:14,202 [main] INFO  util.JmxRegister (JmxRegister.java:unregister(73)) - Successfully un-registered JMX Bean with object name Ratis:service=RaftServer,group=group-6A4DEB0FBF45,id=8884bba7-3460-4b10-8d54-dd5499715d80
2019-09-18 16:29:14,202 [main] INFO  impl.RoleInfo (RoleInfo.java:shutdownLeaderState(104)) - 8884bba7-3460-4b10-8d54-dd5499715d80: shutdown LeaderState
2019-09-18 16:29:14,206 [main] INFO  impl.PendingRequests (PendingRequests.java:sendNotLeaderResponses(202)) - 8884bba7-3460-4b10-8d54-dd5499715d80-PendingRequests: sendNotLeaderResponses
2019-09-18 16:29:14,206 [org.apache.ratis.server.impl.LogAppender$AppenderDaemon$$Lambda$965/1084887542@3019da3a] WARN  server.GrpcLogAppender (GrpcLogAppender.java:mayWait(143)) - GrpcLogAppender(8884bba7-3460-4b10-8d54-dd5499715d80->8986536d-5b7d-4e16-8929-1d1bb41ad668): Wait interrupted by java.lang.InterruptedException
2019-09-18 16:29:14,206 [org.apache.ratis.server.impl.LogAppender$AppenderDaemon$$Lambda$965/1084887542@751b4afd] WARN  server.GrpcLogAppender (GrpcLogAppender.java:mayWait(143)) - GrpcLogAppender(8884bba7-3460-4b10-8d54-dd5499715d80->bbe12df8-c2f1-49e2-8ab8-c8f9f8b834ae): Wait interrupted by java.lang.InterruptedException
2019-09-18 16:29:14,209 [ForkJoinPool.commonPool-worker-1] INFO  segmented.SegmentedRaftLogWorker (SegmentedRaftLogWorker.java:close(228)) - 2e09149d-5559-4fea-b716-0eb93f2cac4a-SegmentedRaftLogWorker:Storage Directory /workdir/hadoop-ozone/integration-test/target/test-dir/MiniOzoneClusterImpl-2d326fd7-59af-45f3-b86b-efdcab7b8137/datanode-2/data/ratis/5810f2a7-6b56-41b1-9180-d93f7e33effd close()
2019-09-18 16:29:14,207 [main] INFO  impl.StateMachineUpdater (StateMachineUpdater.java:stopAndJoin(115)) - StateMachineUpdater:8884bba7-3460-4b10-8d54-dd5499715d80:group-6A4DEB0FBF45: set stopIndex = 0
2019-09-18 16:29:14,215 [grpc-default-executor-11] INFO  server.GrpcServerProtocolService (GrpcServerProtocolService.java:onCompleted(104)) - bbe12df8-c2f1-49e2-8ab8-c8f9f8b834ae: appendEntries completed
2019-09-18 16:29:14,215 [ForkJoinPool.commonPool-worker-1] INFO  impl.RaftServerImpl (RaftServerImpl.java:lambda$shutdown$3(245)) - 2e09149d-5559-4fea-b716-0eb93f2cac4a: shutdown group-1A1F4B3A8F4F
2019-09-18 16:29:14,215 [main] INFO  impl.RaftServerImpl (ServerState.java:close(394)) - 8884bba7-3460-4b10-8d54-dd5499715d80:group-6A4DEB0FBF45 closes. The last applied log index is 0
2019-09-18 16:29:14,216 [grpc-default-executor-11] INFO  server.GrpcLogAppender (GrpcLogAppender.java:onCompleted(292)) - 8884bba7-3460-4b10-8d54-dd5499715d80->bbe12df8-c2f1-49e2-8ab8-c8f9f8b834ae: follower responses appendEntries COMPLETED
2019-09-18 16:29:14,216 [ForkJoinPool.commonPool-worker-1] INFO  util.JmxRegister (JmxRegister.java:unregister(73)) - Successfully un-registered JMX Bean with object name Ratis:service=RaftServer,group=group-1A1F4B3A8F4F,id=2e09149d-5559-4fea-b716-0eb93f2cac4a
2019-09-18 16:29:14,218 [8884bba7-3460-4b10-8d54-dd5499715d80-SegmentedRaftLogWorker:Storage Directory /workdir/hadoop-ozone/integration-test/target/test-dir/MiniOzoneClusterImpl-2d326fd7-59af-45f3-b86b-efdcab7b8137/datanode-3/data/ratis/a6acc001-c642-458b-86d7-6a4deb0fbf45] INFO  segmented.SegmentedRaftLogWorker (SegmentedRaftLogWorker.java:run(313)) - 8884bba7-3460-4b10-8d54-dd5499715d80-SegmentedRaftLogWorker:Storage Directory /workdir/hadoop-ozone/integration-test/target/test-dir/MiniOzoneClusterImpl-2d326fd7-59af-45f3-b86b-efdcab7b8137/datanode-3/data/ratis/a6acc001-c642-458b-86d7-6a4deb0fbf45 was interrupted, exiting. There are 0 tasks remaining in the queue.
2019-09-18 16:29:14,218 [grpc-default-executor-11] INFO  impl.FollowerInfo (FollowerInfo.java:lambda$new$0(50)) - 8884bba7-3460-4b10-8d54-dd5499715d80->bbe12df8-c2f1-49e2-8ab8-c8f9f8b834ae: nextIndex: updateUnconditionally 1 -> 0
2019-09-18 16:29:14,218 [ForkJoinPool.commonPool-worker-1] INFO  impl.RoleInfo (RoleInfo.java:shutdownFollowerState(121)) - 2e09149d-5559-4fea-b716-0eb93f2cac4a: shutdown FollowerState
2019-09-18 16:29:14,220 [main] INFO  segmented.SegmentedRaftLogWorker (SegmentedRaftLogWorker.java:close(228)) - 8884bba7-3460-4b10-8d54-dd5499715d80-SegmentedRaftLogWorker:Storage Directory /workdir/hadoop-ozone/integration-test/target/test-dir/MiniOzoneClusterImpl-2d326fd7-59af-45f3-b86b-efdcab7b8137/datanode-3/data/ratis/a6acc001-c642-458b-86d7-6a4deb0fbf45 close()
2019-09-18 16:29:14,221 [StateMachineUpdater:2e09149d-5559-4fea-b716-0eb93f2cac4a:group-1A1F4B3A8F4F] INFO  ratis.ContainerStateMachine (ContainerStateMachine.java:takeSnapshot(283)) - group-1A1F4B3A8F4F: Taking a snapshot at:(t:1, i:6) file /workdir/hadoop-ozone/integration-test/target/test-dir/MiniOzoneClusterImpl-2d326fd7-59af-45f3-b86b-efdcab7b8137/datanode-2/data/ratis/e65f8abc-e731-4264-aeea-1a1f4b3a8f4f/sm/snapshot.1_6
2019-09-18 16:29:14,223 [main] INFO  server.GrpcService (GrpcService.java:closeImpl(155)) - 8884bba7-3460-4b10-8d54-dd5499715d80: shutdown server with port 35786 now
2019-09-18 16:29:14,221 [Thread-811] INFO  impl.FollowerState (FollowerState.java:run(114)) - 2e09149d-5559-4fea-b716-0eb93f2cac4a: FollowerState was interrupted: java.lang.InterruptedException: sleep interrupted
2019-09-18 16:29:14,221 [ForkJoinPool.commonPool-worker-1] INFO  impl.StateMachineUpdater (StateMachineUpdater.java:stopAndJoin(115)) - StateMachineUpdater:2e09149d-5559-4fea-b716-0eb93f2cac4a:group-1A1F4B3A8F4F: set stopIndex = 8
2019-09-18 16:29:14,226 [main] INFO  server.GrpcService (GrpcService.java:closeImpl(163)) - 8884bba7-3460-4b10-8d54-dd5499715d80: shutdown server with port 35786 successfully
2019-09-18 16:29:14,229 [main] INFO  utils.BackgroundService (BackgroundService.java:shutdown(148)) - Shutting down service BlockDeletingService
2019-09-18 16:29:14,235 [refreshUsed-/workdir/hadoop-ozone/integration-test/target/test-dir/MiniOzoneClusterImpl-2d326fd7-59af-45f3-b86b-efdcab7b8137/datanode-3/data/containers] WARN  fs.CachingGetSpaceUsed (CachingGetSpaceUsed.java:run(183)) - Thread Interrupted waiting to refresh disk information: sleep interrupted
2019-09-18 16:29:14,236 [StateMachineUpdater:2e09149d-5559-4fea-b716-0eb93f2cac4a:group-1A1F4B3A8F4F] INFO  ratis.ContainerStateMachine (ContainerStateMachine.java:takeSnapshot(294)) - group-1A1F4B3A8F4F: Finished taking a snapshot at:(t:1, i:6) file:/workdir/hadoop-ozone/integration-test/target/test-dir/MiniOzoneClusterImpl-2d326fd7-59af-45f3-b86b-efdcab7b8137/datanode-2/data/ratis/e65f8abc-e731-4264-aeea-1a1f4b3a8f4f/sm/snapshot.1_6 time:15
2019-09-18 16:29:14,236 [StateMachineUpdater:2e09149d-5559-4fea-b716-0eb93f2cac4a:group-1A1F4B3A8F4F] INFO  impl.StateMachineUpdater (StateMachineUpdater.java:takeSnapshot(242)) - StateMachineUpdater:2e09149d-5559-4fea-b716-0eb93f2cac4a:group-1A1F4B3A8F4F: Took a snapshot at index 6
2019-09-18 16:29:14,236 [StateMachineUpdater:2e09149d-5559-4fea-b716-0eb93f2cac4a:group-1A1F4B3A8F4F] INFO  impl.StateMachineUpdater (StateMachineUpdater.java:lambda$new$0(80)) - StateMachineUpdater:2e09149d-5559-4fea-b716-0eb93f2cac4a:group-1A1F4B3A8F4F: snapshotIndex: updateIncreasingly -1 -> 6
2019-09-18 16:29:14,237 [ForkJoinPool.commonPool-worker-1] INFO  impl.RaftServerImpl (ServerState.java:close(394)) - 2e09149d-5559-4fea-b716-0eb93f2cac4a:group-1A1F4B3A8F4F closes. The last applied log index is 8
2019-09-18 16:29:14,237 [2e09149d-5559-4fea-b716-0eb93f2cac4a-SegmentedRaftLogWorker:Storage Directory /workdir/hadoop-ozone/integration-test/target/test-dir/MiniOzoneClusterImpl-2d326fd7-59af-45f3-b86b-efdcab7b8137/datanode-2/data/ratis/e65f8abc-e731-4264-aeea-1a1f4b3a8f4f] INFO  segmented.SegmentedRaftLogWorker (SegmentedRaftLogWorker.java:run(313)) - 2e09149d-5559-4fea-b716-0eb93f2cac4a-SegmentedRaftLogWorker:Storage Directory /workdir/hadoop-ozone/integration-test/target/test-dir/MiniOzoneClusterImpl-2d326fd7-59af-45f3-b86b-efdcab7b8137/datanode-2/data/ratis/e65f8abc-e731-4264-aeea-1a1f4b3a8f4f was interrupted, exiting. There are 0 tasks remaining in the queue.
2019-09-18 16:29:14,240 [ForkJoinPool.commonPool-worker-1] INFO  segmented.SegmentedRaftLogWorker (SegmentedRaftLogWorker.java:close(228)) - 2e09149d-5559-4fea-b716-0eb93f2cac4a-SegmentedRaftLogWorker:Storage Directory /workdir/hadoop-ozone/integration-test/target/test-dir/MiniOzoneClusterImpl-2d326fd7-59af-45f3-b86b-efdcab7b8137/datanode-2/data/ratis/e65f8abc-e731-4264-aeea-1a1f4b3a8f4f close()
2019-09-18 16:29:14,241 [ForkJoinPool.commonPool-worker-1] INFO  server.GrpcService (GrpcService.java:closeImpl(155)) - 2e09149d-5559-4fea-b716-0eb93f2cac4a: shutdown server with port 43582 now
2019-09-18 16:29:14,242 | INFO  | SCMAudit | user=jenkins1000 | ip=192.168.5.185 | op=SEND_HEARTBEAT {datanodeUUID=b61b0354-621b-4e20-a68d-2d53fecac27d, command=[]} | ret=SUCCESS |  
2019-09-18 16:29:14,242 [grpc-default-executor-8] WARN  server.GrpcServerProtocolService (LogUtils.java:warn(134)) - 2e09149d-5559-4fea-b716-0eb93f2cac4a: appendEntries onError: org.apache.ratis.thirdparty.io.grpc.StatusRuntimeException: CANCELLED: cancelled before receiving half close
2019-09-18 16:29:14,242 [ForkJoinPool.commonPool-worker-1] INFO  server.GrpcService (GrpcService.java:closeImpl(163)) - 2e09149d-5559-4fea-b716-0eb93f2cac4a: shutdown server with port 43582 successfully
2019-09-18 16:29:14,242 [grpc-default-executor-8] WARN  server.GrpcLogAppender (LogUtils.java:warn(134)) - b61b0354-621b-4e20-a68d-2d53fecac27d->2e09149d-5559-4fea-b716-0eb93f2cac4a: Failed appendEntries: org.apache.ratis.thirdparty.io.grpc.StatusRuntimeException: CANCELLED: HTTP/2 error code: CANCEL
Received Rst Stream
2019-09-18 16:29:14,244 [grpc-default-executor-8] INFO  impl.FollowerInfo (FollowerInfo.java:lambda$new$0(50)) - b61b0354-621b-4e20-a68d-2d53fecac27d->2e09149d-5559-4fea-b716-0eb93f2cac4a: nextIndex: updateUnconditionally 9 -> 8
2019-09-18 16:29:14,245 [ForkJoinPool.commonPool-worker-1] INFO  utils.BackgroundService (BackgroundService.java:shutdown(148)) - Shutting down service BlockDeletingService
2019-09-18 16:29:14,247 [refreshUsed-/workdir/hadoop-ozone/integration-test/target/test-dir/MiniOzoneClusterImpl-2d326fd7-59af-45f3-b86b-efdcab7b8137/datanode-2/data/containers] WARN  fs.CachingGetSpaceUsed (CachingGetSpaceUsed.java:run(183)) - Thread Interrupted waiting to refresh disk information: sleep interrupted
2019-09-18 16:29:14,261 [main] INFO  statemachine.DatanodeStateMachine (DatanodeStateMachine.java:stopDaemon(401)) - Ozone container server stopped.
2019-09-18 16:29:14,263 [main] INFO  handler.ContextHandler (ContextHandler.java:doStop(910)) - Stopped o.e.j.w.WebAppContext@31533eb1{/,null,UNAVAILABLE}{/hddsDatanode}
2019-09-18 16:29:14,263 [main] INFO  server.AbstractConnector (AbstractConnector.java:doStop(318)) - Stopped ServerConnector@1fb71788{HTTP/1.1,[http/1.1]}{0.0.0.0:0}
2019-09-18 16:29:14,264 [main] INFO  handler.ContextHandler (ContextHandler.java:doStop(910)) - Stopped o.e.j.s.ServletContextHandler@72f24a84{/static,jar:file:/home/user/.m2/repository/org/apache/hadoop/hadoop-hdds-container-service/0.5.0-SNAPSHOT/hadoop-hdds-container-service-0.5.0-SNAPSHOT.jar!/webapps/static,UNAVAILABLE}
2019-09-18 16:29:14,264 [main] INFO  handler.ContextHandler (ContextHandler.java:doStop(910)) - Stopped o.e.j.s.ServletContextHandler@559e3f67{/logs,file:///workdir/hadoop-ozone/integration-test/target/log,UNAVAILABLE}
2019-09-18 16:29:14,265 [main] INFO  datanode.ObjectStoreHandler (ObjectStoreHandler.java:close(155)) - Closing ObjectStoreHandler.
2019-09-18 16:29:14,266 [main] INFO  ozone.HddsDatanodeService (HddsDatanodeService.java:stop(451)) - Stopped plug-in org.apache.hadoop.ozone.web.OzoneHddsDatanodeService@5a57cf90
2019-09-18 16:29:14,271 [ForkJoinPool.commonPool-worker-1] INFO  statemachine.DatanodeStateMachine (DatanodeStateMachine.java:stopDaemon(401)) - Ozone container server stopped.
2019-09-18 16:29:14,276 [ForkJoinPool.commonPool-worker-1] INFO  handler.ContextHandler (ContextHandler.java:doStop(910)) - Stopped o.e.j.w.WebAppContext@2acca224{/,null,UNAVAILABLE}{/hddsDatanode}
2019-09-18 16:29:14,277 [ForkJoinPool.commonPool-worker-1] INFO  server.AbstractConnector (AbstractConnector.java:doStop(318)) - Stopped ServerConnector@7ac685ef{HTTP/1.1,[http/1.1]}{0.0.0.0:0}
2019-09-18 16:29:14,278 [ForkJoinPool.commonPool-worker-1] INFO  handler.ContextHandler (ContextHandler.java:doStop(910)) - Stopped o.e.j.s.ServletContextHandler@5f2b9da8{/static,jar:file:/home/user/.m2/repository/org/apache/hadoop/hadoop-hdds-container-service/0.5.0-SNAPSHOT/hadoop-hdds-container-service-0.5.0-SNAPSHOT.jar!/webapps/static,UNAVAILABLE}
2019-09-18 16:29:14,280 [ForkJoinPool.commonPool-worker-1] INFO  handler.ContextHandler (ContextHandler.java:doStop(910)) - Stopped o.e.j.s.ServletContextHandler@34e25492{/logs,file:///workdir/hadoop-ozone/integration-test/target/log,UNAVAILABLE}
2019-09-18 16:29:14,281 [ForkJoinPool.commonPool-worker-1] INFO  datanode.ObjectStoreHandler (ObjectStoreHandler.java:close(155)) - Closing ObjectStoreHandler.
2019-09-18 16:29:14,282 [ForkJoinPool.commonPool-worker-1] INFO  ozone.HddsDatanodeService (HddsDatanodeService.java:stop(451)) - Stopped plug-in org.apache.hadoop.ozone.web.OzoneHddsDatanodeService@147c00aa
2019-09-18 16:29:14,583 | INFO  | SCMAudit | user=jenkins1000 | ip=192.168.5.185 | op=SEND_HEARTBEAT {datanodeUUID=bbe12df8-c2f1-49e2-8ab8-c8f9f8b834ae, command=[]} | ret=SUCCESS |  
2019-09-18 16:29:14,779 [Datanode State Machine Thread - 0] INFO  statemachine.DatanodeStateMachine (DatanodeStateMachine.java:lambda$startDaemon$0(356)) - Ozone container server started.
2019-09-18 16:29:15,241 [Datanode State Machine Thread - 0] INFO  statemachine.DatanodeStateMachine (DatanodeStateMachine.java:lambda$startDaemon$0(356)) - Ozone container server started.
2019-09-18 16:29:15,583 | INFO  | SCMAudit | user=jenkins1000 | ip=192.168.5.185 | op=SEND_HEARTBEAT {datanodeUUID=bbe12df8-c2f1-49e2-8ab8-c8f9f8b834ae, command=[]} | ret=SUCCESS |  
2019-09-18 16:29:16,583 | INFO  | SCMAudit | user=jenkins1000 | ip=192.168.5.185 | op=SEND_HEARTBEAT {datanodeUUID=bbe12df8-c2f1-49e2-8ab8-c8f9f8b834ae, command=[]} | ret=SUCCESS |  
2019-09-18 16:29:16,645 [grpc-default-executor-10] WARN  server.GrpcLogAppender (LogUtils.java:warn(134)) - b61b0354-621b-4e20-a68d-2d53fecac27d->891c1cf7-eb5d-4327-8423-159f04f60044: Failed appendEntries: org.apache.ratis.thirdparty.io.grpc.StatusRuntimeException: UNAVAILABLE: io exception
2019-09-18 16:29:16,647 [grpc-default-executor-10] INFO  impl.FollowerInfo (FollowerInfo.java:lambda$new$0(50)) - b61b0354-621b-4e20-a68d-2d53fecac27d->891c1cf7-eb5d-4327-8423-159f04f60044: nextIndex: updateUnconditionally 5 -> 4
2019-09-18 16:29:16,648 [grpc-default-executor-11] WARN  server.GrpcLogAppender (LogUtils.java:warn(134)) - b61b0354-621b-4e20-a68d-2d53fecac27d->2e09149d-5559-4fea-b716-0eb93f2cac4a: Failed appendEntries: org.apache.ratis.thirdparty.io.grpc.StatusRuntimeException: UNAVAILABLE: io exception
2019-09-18 16:29:16,650 [grpc-default-executor-11] INFO  impl.FollowerInfo (FollowerInfo.java:lambda$new$0(50)) - b61b0354-621b-4e20-a68d-2d53fecac27d->2e09149d-5559-4fea-b716-0eb93f2cac4a: nextIndex: updateUnconditionally 8 -> 7
2019-09-18 16:29:17,583 | INFO  | SCMAudit | user=jenkins1000 | ip=192.168.5.185 | op=SEND_HEARTBEAT {datanodeUUID=bbe12df8-c2f1-49e2-8ab8-c8f9f8b834ae, command=[]} | ret=SUCCESS |  
2019-09-18 16:29:18,584 | INFO  | SCMAudit | user=jenkins1000 | ip=192.168.5.185 | op=SEND_HEARTBEAT {datanodeUUID=bbe12df8-c2f1-49e2-8ab8-c8f9f8b834ae, command=[]} | ret=SUCCESS |  
2019-09-18 16:29:19,135 [grpc-default-executor-8] WARN  server.GrpcLogAppender (LogUtils.java:warn(134)) - b61b0354-621b-4e20-a68d-2d53fecac27d->891c1cf7-eb5d-4327-8423-159f04f60044: Failed appendEntries: org.apache.ratis.thirdparty.io.grpc.StatusRuntimeException: UNAVAILABLE: io exception
2019-09-18 16:29:19,143 [grpc-default-executor-8] INFO  impl.FollowerInfo (FollowerInfo.java:lambda$new$0(50)) - b61b0354-621b-4e20-a68d-2d53fecac27d->891c1cf7-eb5d-4327-8423-159f04f60044: nextIndex: updateUnconditionally 4 -> 3
2019-09-18 16:29:19,148 [grpc-default-executor-10] WARN  server.GrpcLogAppender (LogUtils.java:warn(134)) - b61b0354-621b-4e20-a68d-2d53fecac27d->2e09149d-5559-4fea-b716-0eb93f2cac4a: Failed appendEntries: org.apache.ratis.thirdparty.io.grpc.StatusRuntimeException: UNAVAILABLE: io exception
2019-09-18 16:29:19,150 [grpc-default-executor-10] INFO  impl.FollowerInfo (FollowerInfo.java:lambda$new$0(50)) - b61b0354-621b-4e20-a68d-2d53fecac27d->2e09149d-5559-4fea-b716-0eb93f2cac4a: nextIndex: updateUnconditionally 7 -> 6
2019-09-18 16:29:19,267 [main] INFO  ozoneimpl.OzoneContainer (OzoneContainer.java:stop(199)) - Attempting to stop container services.
2019-09-18 16:29:19,268 [main] INFO  impl.RaftServerProxy (RaftServerProxy.java:lambda$close$4(314)) - 1d911544-627f-4c31-9b8f-a02840ac95b3: close
2019-09-18 16:29:19,268 [main] INFO  impl.RaftServerImpl (RaftServerImpl.java:lambda$shutdown$3(245)) - 1d911544-627f-4c31-9b8f-a02840ac95b3: shutdown group-9EF0958CDEAA
2019-09-18 16:29:19,268 [main] INFO  util.JmxRegister (JmxRegister.java:unregister(73)) - Successfully un-registered JMX Bean with object name Ratis:service=RaftServer,group=group-9EF0958CDEAA,id=1d911544-627f-4c31-9b8f-a02840ac95b3
2019-09-18 16:29:19,269 [main] INFO  impl.RoleInfo (RoleInfo.java:shutdownLeaderState(104)) - 1d911544-627f-4c31-9b8f-a02840ac95b3: shutdown LeaderState
2019-09-18 16:29:19,269 [main] INFO  impl.PendingRequests (PendingRequests.java:sendNotLeaderResponses(202)) - 1d911544-627f-4c31-9b8f-a02840ac95b3-PendingRequests: sendNotLeaderResponses
2019-09-18 16:29:19,270 [main] INFO  impl.StateMachineUpdater (StateMachineUpdater.java:stopAndJoin(115)) - StateMachineUpdater:1d911544-627f-4c31-9b8f-a02840ac95b3:group-9EF0958CDEAA: set stopIndex = 0
2019-09-18 16:29:19,272 [main] INFO  impl.RaftServerImpl (ServerState.java:close(394)) - 1d911544-627f-4c31-9b8f-a02840ac95b3:group-9EF0958CDEAA closes. The last applied log index is 0
2019-09-18 16:29:19,273 [1d911544-627f-4c31-9b8f-a02840ac95b3-SegmentedRaftLogWorker:Storage Directory /workdir/hadoop-ozone/integration-test/target/test-dir/MiniOzoneClusterImpl-2d326fd7-59af-45f3-b86b-efdcab7b8137/datanode-6/data/ratis/53dbf63a-e299-4d57-8e39-9ef0958cdeaa] INFO  segmented.SegmentedRaftLogWorker (SegmentedRaftLogWorker.java:run(313)) - 1d911544-627f-4c31-9b8f-a02840ac95b3-SegmentedRaftLogWorker:Storage Directory /workdir/hadoop-ozone/integration-test/target/test-dir/MiniOzoneClusterImpl-2d326fd7-59af-45f3-b86b-efdcab7b8137/datanode-6/data/ratis/53dbf63a-e299-4d57-8e39-9ef0958cdeaa was interrupted, exiting. There are 0 tasks remaining in the queue.
2019-09-18 16:29:19,275 [main] INFO  segmented.SegmentedRaftLogWorker (SegmentedRaftLogWorker.java:close(228)) - 1d911544-627f-4c31-9b8f-a02840ac95b3-SegmentedRaftLogWorker:Storage Directory /workdir/hadoop-ozone/integration-test/target/test-dir/MiniOzoneClusterImpl-2d326fd7-59af-45f3-b86b-efdcab7b8137/datanode-6/data/ratis/53dbf63a-e299-4d57-8e39-9ef0958cdeaa close()
2019-09-18 16:29:19,277 [main] INFO  server.GrpcService (GrpcService.java:closeImpl(155)) - 1d911544-627f-4c31-9b8f-a02840ac95b3: shutdown server with port 36890 now
2019-09-18 16:29:19,279 [main] INFO  server.GrpcService (GrpcService.java:closeImpl(163)) - 1d911544-627f-4c31-9b8f-a02840ac95b3: shutdown server with port 36890 successfully
2019-09-18 16:29:19,280 [main] INFO  utils.BackgroundService (BackgroundService.java:shutdown(148)) - Shutting down service BlockDeletingService
2019-09-18 16:29:19,282 [ForkJoinPool.commonPool-worker-1] INFO  ozoneimpl.OzoneContainer (OzoneContainer.java:stop(199)) - Attempting to stop container services.
2019-09-18 16:29:19,282 [refreshUsed-/workdir/hadoop-ozone/integration-test/target/test-dir/MiniOzoneClusterImpl-2d326fd7-59af-45f3-b86b-efdcab7b8137/datanode-6/data/containers] WARN  fs.CachingGetSpaceUsed (CachingGetSpaceUsed.java:run(183)) - Thread Interrupted waiting to refresh disk information: sleep interrupted
2019-09-18 16:29:19,283 [ForkJoinPool.commonPool-worker-1] INFO  impl.RaftServerProxy (RaftServerProxy.java:lambda$close$4(314)) - b61b0354-621b-4e20-a68d-2d53fecac27d: close
2019-09-18 16:29:19,283 [ForkJoinPool.commonPool-worker-1] INFO  impl.RaftServerImpl (RaftServerImpl.java:lambda$shutdown$3(245)) - b61b0354-621b-4e20-a68d-2d53fecac27d: shutdown group-1A1F4B3A8F4F
2019-09-18 16:29:19,284 [ForkJoinPool.commonPool-worker-1] INFO  util.JmxRegister (JmxRegister.java:unregister(73)) - Successfully un-registered JMX Bean with object name Ratis:service=RaftServer,group=group-1A1F4B3A8F4F,id=b61b0354-621b-4e20-a68d-2d53fecac27d
2019-09-18 16:29:19,284 [ForkJoinPool.commonPool-worker-1] INFO  impl.RoleInfo (RoleInfo.java:shutdownLeaderState(104)) - b61b0354-621b-4e20-a68d-2d53fecac27d: shutdown LeaderState
2019-09-18 16:29:19,288 [ForkJoinPool.commonPool-worker-1] INFO  impl.PendingRequests (PendingRequests.java:sendNotLeaderResponses(202)) - b61b0354-621b-4e20-a68d-2d53fecac27d-PendingRequests: sendNotLeaderResponses
2019-09-18 16:29:19,288 [org.apache.ratis.server.impl.LogAppender$AppenderDaemon$$Lambda$965/1084887542@4d1f979d] WARN  server.GrpcLogAppender (GrpcLogAppender.java:mayWait(143)) - GrpcLogAppender(b61b0354-621b-4e20-a68d-2d53fecac27d->2e09149d-5559-4fea-b716-0eb93f2cac4a): Wait interrupted by java.lang.InterruptedException
2019-09-18 16:29:19,288 [org.apache.ratis.server.impl.LogAppender$AppenderDaemon$$Lambda$965/1084887542@81d105a] WARN  server.GrpcLogAppender (GrpcLogAppender.java:mayWait(143)) - GrpcLogAppender(b61b0354-621b-4e20-a68d-2d53fecac27d->891c1cf7-eb5d-4327-8423-159f04f60044): Wait interrupted by java.lang.InterruptedException
2019-09-18 16:29:19,293 [ForkJoinPool.commonPool-worker-1] INFO  impl.StateMachineUpdater (StateMachineUpdater.java:stopAndJoin(115)) - StateMachineUpdater:b61b0354-621b-4e20-a68d-2d53fecac27d:group-1A1F4B3A8F4F: set stopIndex = 8
2019-09-18 16:29:19,296 [StateMachineUpdater:b61b0354-621b-4e20-a68d-2d53fecac27d:group-1A1F4B3A8F4F] INFO  ratis.ContainerStateMachine (ContainerStateMachine.java:takeSnapshot(283)) - group-1A1F4B3A8F4F: Taking a snapshot at:(t:1, i:6) file /workdir/hadoop-ozone/integration-test/target/test-dir/MiniOzoneClusterImpl-2d326fd7-59af-45f3-b86b-efdcab7b8137/datanode-0/data/ratis/e65f8abc-e731-4264-aeea-1a1f4b3a8f4f/sm/snapshot.1_6
2019-09-18 16:29:19,314 [main] INFO  statemachine.DatanodeStateMachine (DatanodeStateMachine.java:stopDaemon(401)) - Ozone container server stopped.
2019-09-18 16:29:19,316 [main] INFO  handler.ContextHandler (ContextHandler.java:doStop(910)) - Stopped o.e.j.w.WebAppContext@103478b8{/,null,UNAVAILABLE}{/hddsDatanode}
2019-09-18 16:29:19,317 [main] INFO  server.AbstractConnector (AbstractConnector.java:doStop(318)) - Stopped ServerConnector@270f7b4d{HTTP/1.1,[http/1.1]}{0.0.0.0:0}
2019-09-18 16:29:19,317 [main] INFO  handler.ContextHandler (ContextHandler.java:doStop(910)) - Stopped o.e.j.s.ServletContextHandler@74badf19{/static,jar:file:/home/user/.m2/repository/org/apache/hadoop/hadoop-hdds-container-service/0.5.0-SNAPSHOT/hadoop-hdds-container-service-0.5.0-SNAPSHOT.jar!/webapps/static,UNAVAILABLE}
2019-09-18 16:29:19,318 [main] INFO  handler.ContextHandler (ContextHandler.java:doStop(910)) - Stopped o.e.j.s.ServletContextHandler@7e94de5f{/logs,file:///workdir/hadoop-ozone/integration-test/target/log,UNAVAILABLE}
2019-09-18 16:29:19,318 [StateMachineUpdater:b61b0354-621b-4e20-a68d-2d53fecac27d:group-1A1F4B3A8F4F] INFO  ratis.ContainerStateMachine (ContainerStateMachine.java:takeSnapshot(294)) - group-1A1F4B3A8F4F: Finished taking a snapshot at:(t:1, i:6) file:/workdir/hadoop-ozone/integration-test/target/test-dir/MiniOzoneClusterImpl-2d326fd7-59af-45f3-b86b-efdcab7b8137/datanode-0/data/ratis/e65f8abc-e731-4264-aeea-1a1f4b3a8f4f/sm/snapshot.1_6 time:22
2019-09-18 16:29:19,318 [StateMachineUpdater:b61b0354-621b-4e20-a68d-2d53fecac27d:group-1A1F4B3A8F4F] INFO  impl.StateMachineUpdater (StateMachineUpdater.java:takeSnapshot(242)) - StateMachineUpdater:b61b0354-621b-4e20-a68d-2d53fecac27d:group-1A1F4B3A8F4F: Took a snapshot at index 6
2019-09-18 16:29:19,319 [StateMachineUpdater:b61b0354-621b-4e20-a68d-2d53fecac27d:group-1A1F4B3A8F4F] INFO  impl.StateMachineUpdater (StateMachineUpdater.java:lambda$new$0(80)) - StateMachineUpdater:b61b0354-621b-4e20-a68d-2d53fecac27d:group-1A1F4B3A8F4F: snapshotIndex: updateIncreasingly -1 -> 6
2019-09-18 16:29:19,319 [main] INFO  datanode.ObjectStoreHandler (ObjectStoreHandler.java:close(155)) - Closing ObjectStoreHandler.
2019-09-18 16:29:19,319 [ForkJoinPool.commonPool-worker-1] INFO  impl.RaftServerImpl (ServerState.java:close(394)) - b61b0354-621b-4e20-a68d-2d53fecac27d:group-1A1F4B3A8F4F closes. The last applied log index is 8
2019-09-18 16:29:19,320 [b61b0354-621b-4e20-a68d-2d53fecac27d-SegmentedRaftLogWorker:Storage Directory /workdir/hadoop-ozone/integration-test/target/test-dir/MiniOzoneClusterImpl-2d326fd7-59af-45f3-b86b-efdcab7b8137/datanode-0/data/ratis/e65f8abc-e731-4264-aeea-1a1f4b3a8f4f] INFO  segmented.SegmentedRaftLogWorker (SegmentedRaftLogWorker.java:run(313)) - b61b0354-621b-4e20-a68d-2d53fecac27d-SegmentedRaftLogWorker:Storage Directory /workdir/hadoop-ozone/integration-test/target/test-dir/MiniOzoneClusterImpl-2d326fd7-59af-45f3-b86b-efdcab7b8137/datanode-0/data/ratis/e65f8abc-e731-4264-aeea-1a1f4b3a8f4f was interrupted, exiting. There are 0 tasks remaining in the queue.
2019-09-18 16:29:19,320 [main] INFO  ozone.HddsDatanodeService (HddsDatanodeService.java:stop(451)) - Stopped plug-in org.apache.hadoop.ozone.web.OzoneHddsDatanodeService@63a72cc6
2019-09-18 16:29:19,321 [ForkJoinPool.commonPool-worker-1] INFO  segmented.SegmentedRaftLogWorker (SegmentedRaftLogWorker.java:close(228)) - b61b0354-621b-4e20-a68d-2d53fecac27d-SegmentedRaftLogWorker:Storage Directory /workdir/hadoop-ozone/integration-test/target/test-dir/MiniOzoneClusterImpl-2d326fd7-59af-45f3-b86b-efdcab7b8137/datanode-0/data/ratis/e65f8abc-e731-4264-aeea-1a1f4b3a8f4f close()
2019-09-18 16:29:19,326 [ForkJoinPool.commonPool-worker-1] INFO  impl.RaftServerImpl (RaftServerImpl.java:lambda$shutdown$3(245)) - b61b0354-621b-4e20-a68d-2d53fecac27d: shutdown group-DF5F85221825
2019-09-18 16:29:19,327 [ForkJoinPool.commonPool-worker-1] INFO  util.JmxRegister (JmxRegister.java:unregister(73)) - Successfully un-registered JMX Bean with object name Ratis:service=RaftServer,group=group-DF5F85221825,id=b61b0354-621b-4e20-a68d-2d53fecac27d
2019-09-18 16:29:19,327 [ForkJoinPool.commonPool-worker-1] INFO  impl.RoleInfo (RoleInfo.java:shutdownLeaderState(104)) - b61b0354-621b-4e20-a68d-2d53fecac27d: shutdown LeaderState
2019-09-18 16:29:19,327 [ForkJoinPool.commonPool-worker-1] INFO  impl.PendingRequests (PendingRequests.java:sendNotLeaderResponses(202)) - b61b0354-621b-4e20-a68d-2d53fecac27d-PendingRequests: sendNotLeaderResponses
2019-09-18 16:29:19,328 [ForkJoinPool.commonPool-worker-1] INFO  impl.StateMachineUpdater (StateMachineUpdater.java:stopAndJoin(115)) - StateMachineUpdater:b61b0354-621b-4e20-a68d-2d53fecac27d:group-DF5F85221825: set stopIndex = 0
2019-09-18 16:29:19,329 [ForkJoinPool.commonPool-worker-1] INFO  impl.RaftServerImpl (ServerState.java:close(394)) - b61b0354-621b-4e20-a68d-2d53fecac27d:group-DF5F85221825 closes. The last applied log index is 0
2019-09-18 16:29:19,330 [b61b0354-621b-4e20-a68d-2d53fecac27d-SegmentedRaftLogWorker:Storage Directory /workdir/hadoop-ozone/integration-test/target/test-dir/MiniOzoneClusterImpl-2d326fd7-59af-45f3-b86b-efdcab7b8137/datanode-0/data/ratis/6dc23056-2a69-4882-b998-df5f85221825] INFO  segmented.SegmentedRaftLogWorker (SegmentedRaftLogWorker.java:run(313)) - b61b0354-621b-4e20-a68d-2d53fecac27d-SegmentedRaftLogWorker:Storage Directory /workdir/hadoop-ozone/integration-test/target/test-dir/MiniOzoneClusterImpl-2d326fd7-59af-45f3-b86b-efdcab7b8137/datanode-0/data/ratis/6dc23056-2a69-4882-b998-df5f85221825 was interrupted, exiting. There are 0 tasks remaining in the queue.
2019-09-18 16:29:19,330 [ForkJoinPool.commonPool-worker-1] INFO  segmented.SegmentedRaftLogWorker (SegmentedRaftLogWorker.java:close(228)) - b61b0354-621b-4e20-a68d-2d53fecac27d-SegmentedRaftLogWorker:Storage Directory /workdir/hadoop-ozone/integration-test/target/test-dir/MiniOzoneClusterImpl-2d326fd7-59af-45f3-b86b-efdcab7b8137/datanode-0/data/ratis/6dc23056-2a69-4882-b998-df5f85221825 close()
2019-09-18 16:29:19,330 [ForkJoinPool.commonPool-worker-1] INFO  server.GrpcService (GrpcService.java:closeImpl(155)) - b61b0354-621b-4e20-a68d-2d53fecac27d: shutdown server with port 39516 now
2019-09-18 16:29:19,331 [ForkJoinPool.commonPool-worker-1] INFO  server.GrpcService (GrpcService.java:closeImpl(163)) - b61b0354-621b-4e20-a68d-2d53fecac27d: shutdown server with port 39516 successfully
2019-09-18 16:29:19,332 [ForkJoinPool.commonPool-worker-1] INFO  utils.BackgroundService (BackgroundService.java:shutdown(148)) - Shutting down service BlockDeletingService
2019-09-18 16:29:19,335 [refreshUsed-/workdir/hadoop-ozone/integration-test/target/test-dir/MiniOzoneClusterImpl-2d326fd7-59af-45f3-b86b-efdcab7b8137/datanode-0/data/containers] WARN  fs.CachingGetSpaceUsed (CachingGetSpaceUsed.java:run(183)) - Thread Interrupted waiting to refresh disk information: sleep interrupted
2019-09-18 16:29:19,356 [ForkJoinPool.commonPool-worker-1] INFO  statemachine.DatanodeStateMachine (DatanodeStateMachine.java:stopDaemon(401)) - Ozone container server stopped.
2019-09-18 16:29:19,360 [ForkJoinPool.commonPool-worker-1] INFO  handler.ContextHandler (ContextHandler.java:doStop(910)) - Stopped o.e.j.w.WebAppContext@5423a17{/,null,UNAVAILABLE}{/hddsDatanode}
2019-09-18 16:29:19,361 [ForkJoinPool.commonPool-worker-1] INFO  server.AbstractConnector (AbstractConnector.java:doStop(318)) - Stopped ServerConnector@42ff9a77{HTTP/1.1,[http/1.1]}{0.0.0.0:0}
2019-09-18 16:29:19,362 [ForkJoinPool.commonPool-worker-1] INFO  handler.ContextHandler (ContextHandler.java:doStop(910)) - Stopped o.e.j.s.ServletContextHandler@7657d90b{/static,jar:file:/home/user/.m2/repository/org/apache/hadoop/hadoop-hdds-container-service/0.5.0-SNAPSHOT/hadoop-hdds-container-service-0.5.0-SNAPSHOT.jar!/webapps/static,UNAVAILABLE}
2019-09-18 16:29:19,364 [ForkJoinPool.commonPool-worker-1] INFO  handler.ContextHandler (ContextHandler.java:doStop(910)) - Stopped o.e.j.s.ServletContextHandler@182cc69e{/logs,file:///workdir/hadoop-ozone/integration-test/target/log,UNAVAILABLE}
2019-09-18 16:29:19,583 [Datanode State Machine Thread - 0] INFO  statemachine.DatanodeStateMachine (DatanodeStateMachine.java:lambda$startDaemon$0(356)) - Ozone container server started.
2019-09-18 16:29:21,071 [Thread-852] INFO  impl.FollowerState (FollowerState.java:run(106)) - bbe12df8-c2f1-49e2-8ab8-c8f9f8b834ae:group-6A4DEB0FBF45 changes to CANDIDATE, lastRpcTime:7533, electionTimeout:5025ms
2019-09-18 16:29:21,071 [Thread-852] INFO  impl.RoleInfo (RoleInfo.java:shutdownFollowerState(121)) - bbe12df8-c2f1-49e2-8ab8-c8f9f8b834ae: shutdown FollowerState
2019-09-18 16:29:21,071 [Thread-852] INFO  impl.RaftServerImpl (RaftServerImpl.java:setRole(171)) - bbe12df8-c2f1-49e2-8ab8-c8f9f8b834ae:group-6A4DEB0FBF45 changes role from FOLLOWER to CANDIDATE at term 1 for changeToCandidate
2019-09-18 16:29:21,072 [Thread-852] INFO  impl.RoleInfo (RoleInfo.java:updateAndGet(143)) - bbe12df8-c2f1-49e2-8ab8-c8f9f8b834ae: start LeaderElection
2019-09-18 16:29:21,074 [bbe12df8-c2f1-49e2-8ab8-c8f9f8b834ae:group-6A4DEB0FBF45:LeaderElection27] INFO  impl.RaftServerImpl (ServerState.java:setLeader(263)) - bbe12df8-c2f1-49e2-8ab8-c8f9f8b834ae:group-6A4DEB0FBF45 change Leader from 8884bba7-3460-4b10-8d54-dd5499715d80 to null at term 1 for initElection
2019-09-18 16:29:21,101 [bbe12df8-c2f1-49e2-8ab8-c8f9f8b834ae:group-6A4DEB0FBF45:LeaderElection27] INFO  impl.LeaderElection (LeaderElection.java:askForVotes(181)) - bbe12df8-c2f1-49e2-8ab8-c8f9f8b834ae:group-6A4DEB0FBF45:LeaderElection27: begin an election at term 2 for 0: [8884bba7-3460-4b10-8d54-dd5499715d80:192.168.5.185:35786, bbe12df8-c2f1-49e2-8ab8-c8f9f8b834ae:192.168.5.185:39796, 8986536d-5b7d-4e16-8929-1d1bb41ad668:192.168.5.185:41338], old=null
2019-09-18 16:29:21,109 [bbe12df8-c2f1-49e2-8ab8-c8f9f8b834ae:group-6A4DEB0FBF45:LeaderElection27] INFO  impl.LeaderElection (LogUtils.java:infoOrTrace(149)) - bbe12df8-c2f1-49e2-8ab8-c8f9f8b834ae:group-6A4DEB0FBF45:LeaderElection27 got exception when requesting votes: {}
java.util.concurrent.ExecutionException: org.apache.ratis.thirdparty.io.grpc.StatusRuntimeException: UNAVAILABLE: io exception
	at java.util.concurrent.FutureTask.report(FutureTask.java:122)
	at java.util.concurrent.FutureTask.get(FutureTask.java:192)
	at org.apache.ratis.server.impl.LeaderElection.waitForResults(LeaderElection.java:262)
	at org.apache.ratis.server.impl.LeaderElection.askForVotes(LeaderElection.java:200)
	at org.apache.ratis.server.impl.LeaderElection.run(LeaderElection.java:130)
	at java.lang.Thread.run(Thread.java:748)
Caused by: org.apache.ratis.thirdparty.io.grpc.StatusRuntimeException: UNAVAILABLE: io exception
	at org.apache.ratis.thirdparty.io.grpc.stub.ClientCalls.toStatusRuntimeException(ClientCalls.java:233)
	at org.apache.ratis.thirdparty.io.grpc.stub.ClientCalls.getUnchecked(ClientCalls.java:214)
	at org.apache.ratis.thirdparty.io.grpc.stub.ClientCalls.blockingUnaryCall(ClientCalls.java:139)
	at org.apache.ratis.proto.grpc.RaftServerProtocolServiceGrpc$RaftServerProtocolServiceBlockingStub.requestVote(RaftServerProtocolServiceGrpc.java:265)
	at org.apache.ratis.grpc.server.GrpcServerProtocolClient.requestVote(GrpcServerProtocolClient.java:83)
	at org.apache.ratis.grpc.server.GrpcService.requestVote(GrpcService.java:195)
	at org.apache.ratis.server.impl.LeaderElection.lambda$submitRequests$1(LeaderElection.java:237)
	at java.util.concurrent.FutureTask.run(FutureTask.java:266)
	at java.util.concurrent.Executors$RunnableAdapter.call(Executors.java:511)
	at java.util.concurrent.FutureTask.run(FutureTask.java:266)
	at java.util.concurrent.ThreadPoolExecutor.runWorker(ThreadPoolExecutor.java:1149)
	at java.util.concurrent.ThreadPoolExecutor$Worker.run(ThreadPoolExecutor.java:624)
	... 1 more
Caused by: org.apache.ratis.thirdparty.io.netty.channel.AbstractChannel$AnnotatedConnectException: Connection refused: /192.168.5.185:35786
	at sun.nio.ch.SocketChannelImpl.checkConnect(Native Method)
	at sun.nio.ch.SocketChannelImpl.finishConnect(SocketChannelImpl.java:717)
	at org.apache.ratis.thirdparty.io.netty.channel.socket.nio.NioSocketChannel.doFinishConnect(NioSocketChannel.java:327)
	at org.apache.ratis.thirdparty.io.netty.channel.nio.AbstractNioChannel$AbstractNioUnsafe.finishConnect(AbstractNioChannel.java:340)
	at org.apache.ratis.thirdparty.io.netty.channel.nio.NioEventLoop.processSelectedKey(NioEventLoop.java:632)
	at org.apache.ratis.thirdparty.io.netty.channel.nio.NioEventLoop.processSelectedKeysOptimized(NioEventLoop.java:579)
	at org.apache.ratis.thirdparty.io.netty.channel.nio.NioEventLoop.processSelectedKeys(NioEventLoop.java:496)
	at org.apache.ratis.thirdparty.io.netty.channel.nio.NioEventLoop.run(NioEventLoop.java:458)
	at org.apache.ratis.thirdparty.io.netty.util.concurrent.SingleThreadEventExecutor$5.run(SingleThreadEventExecutor.java:897)
	at org.apache.ratis.thirdparty.io.netty.util.concurrent.FastThreadLocalRunnable.run(FastThreadLocalRunnable.java:30)
	... 1 more
Caused by: java.net.ConnectException: Connection refused
	... 11 more
2019-09-18 16:29:21,114 [bbe12df8-c2f1-49e2-8ab8-c8f9f8b834ae:group-6A4DEB0FBF45:LeaderElection27] INFO  impl.LeaderElection (LogUtils.java:infoOrTrace(149)) - bbe12df8-c2f1-49e2-8ab8-c8f9f8b834ae:group-6A4DEB0FBF45:LeaderElection27 got exception when requesting votes: {}
java.util.concurrent.ExecutionException: org.apache.ratis.thirdparty.io.grpc.StatusRuntimeException: UNAVAILABLE: io exception
	at java.util.concurrent.FutureTask.report(FutureTask.java:122)
	at java.util.concurrent.FutureTask.get(FutureTask.java:192)
	at org.apache.ratis.server.impl.LeaderElection.waitForResults(LeaderElection.java:262)
	at org.apache.ratis.server.impl.LeaderElection.askForVotes(LeaderElection.java:200)
	at org.apache.ratis.server.impl.LeaderElection.run(LeaderElection.java:130)
	at java.lang.Thread.run(Thread.java:748)
Caused by: org.apache.ratis.thirdparty.io.grpc.StatusRuntimeException: UNAVAILABLE: io exception
	at org.apache.ratis.thirdparty.io.grpc.stub.ClientCalls.toStatusRuntimeException(ClientCalls.java:233)
	at org.apache.ratis.thirdparty.io.grpc.stub.ClientCalls.getUnchecked(ClientCalls.java:214)
	at org.apache.ratis.thirdparty.io.grpc.stub.ClientCalls.blockingUnaryCall(ClientCalls.java:139)
	at org.apache.ratis.proto.grpc.RaftServerProtocolServiceGrpc$RaftServerProtocolServiceBlockingStub.requestVote(RaftServerProtocolServiceGrpc.java:265)
	at org.apache.ratis.grpc.server.GrpcServerProtocolClient.requestVote(GrpcServerProtocolClient.java:83)
	at org.apache.ratis.grpc.server.GrpcService.requestVote(GrpcService.java:195)
	at org.apache.ratis.server.impl.LeaderElection.lambda$submitRequests$1(LeaderElection.java:237)
	at java.util.concurrent.FutureTask.run(FutureTask.java:266)
	at java.util.concurrent.Executors$RunnableAdapter.call(Executors.java:511)
	at java.util.concurrent.FutureTask.run(FutureTask.java:266)
	at java.util.concurrent.ThreadPoolExecutor.runWorker(ThreadPoolExecutor.java:1149)
	at java.util.concurrent.ThreadPoolExecutor$Worker.run(ThreadPoolExecutor.java:624)
	... 1 more
Caused by: org.apache.ratis.thirdparty.io.netty.channel.AbstractChannel$AnnotatedConnectException: Connection refused: /192.168.5.185:41338
	at sun.nio.ch.SocketChannelImpl.checkConnect(Native Method)
	at sun.nio.ch.SocketChannelImpl.finishConnect(SocketChannelImpl.java:717)
	at org.apache.ratis.thirdparty.io.netty.channel.socket.nio.NioSocketChannel.doFinishConnect(NioSocketChannel.java:327)
	at org.apache.ratis.thirdparty.io.netty.channel.nio.AbstractNioChannel$AbstractNioUnsafe.finishConnect(AbstractNioChannel.java:340)
	at org.apache.ratis.thirdparty.io.netty.channel.nio.NioEventLoop.processSelectedKey(NioEventLoop.java:632)
	at org.apache.ratis.thirdparty.io.netty.channel.nio.NioEventLoop.processSelectedKeysOptimized(NioEventLoop.java:579)
	at org.apache.ratis.thirdparty.io.netty.channel.nio.NioEventLoop.processSelectedKeys(NioEventLoop.java:496)
	at org.apache.ratis.thirdparty.io.netty.channel.nio.NioEventLoop.run(NioEventLoop.java:458)
	at org.apache.ratis.thirdparty.io.netty.util.concurrent.SingleThreadEventExecutor$5.run(SingleThreadEventExecutor.java:897)
	at org.apache.ratis.thirdparty.io.netty.util.concurrent.FastThreadLocalRunnable.run(FastThreadLocalRunnable.java:30)
	... 1 more
Caused by: java.net.ConnectException: Connection refused
	... 11 more
2019-09-18 16:29:21,116 [bbe12df8-c2f1-49e2-8ab8-c8f9f8b834ae:group-6A4DEB0FBF45:LeaderElection27] INFO  impl.LeaderElection (LeaderElection.java:logAndReturn(56)) - bbe12df8-c2f1-49e2-8ab8-c8f9f8b834ae:group-6A4DEB0FBF45:LeaderElection27: Election REJECTED; received 0 response(s) [] and 2 exception(s); bbe12df8-c2f1-49e2-8ab8-c8f9f8b834ae:t2, leader=null, voted=bbe12df8-c2f1-49e2-8ab8-c8f9f8b834ae, raftlog=bbe12df8-c2f1-49e2-8ab8-c8f9f8b834ae-SegmentedRaftLog:OPENED:c0,f0,i0, conf=0: [8884bba7-3460-4b10-8d54-dd5499715d80:192.168.5.185:35786, bbe12df8-c2f1-49e2-8ab8-c8f9f8b834ae:192.168.5.185:39796, 8986536d-5b7d-4e16-8929-1d1bb41ad668:192.168.5.185:41338], old=null
2019-09-18 16:29:21,116 [bbe12df8-c2f1-49e2-8ab8-c8f9f8b834ae:group-6A4DEB0FBF45:LeaderElection27] INFO  impl.LeaderElection (LogUtils.java:infoOrTrace(149)) -   Exception 0: {}
java.util.concurrent.ExecutionException: org.apache.ratis.thirdparty.io.grpc.StatusRuntimeException: UNAVAILABLE: io exception
	at java.util.concurrent.FutureTask.report(FutureTask.java:122)
	at java.util.concurrent.FutureTask.get(FutureTask.java:192)
	at org.apache.ratis.server.impl.LeaderElection.waitForResults(LeaderElection.java:262)
	at org.apache.ratis.server.impl.LeaderElection.askForVotes(LeaderElection.java:200)
	at org.apache.ratis.server.impl.LeaderElection.run(LeaderElection.java:130)
	at java.lang.Thread.run(Thread.java:748)
Caused by: org.apache.ratis.thirdparty.io.grpc.StatusRuntimeException: UNAVAILABLE: io exception
	at org.apache.ratis.thirdparty.io.grpc.stub.ClientCalls.toStatusRuntimeException(ClientCalls.java:233)
	at org.apache.ratis.thirdparty.io.grpc.stub.ClientCalls.getUnchecked(ClientCalls.java:214)
	at org.apache.ratis.thirdparty.io.grpc.stub.ClientCalls.blockingUnaryCall(ClientCalls.java:139)
	at org.apache.ratis.proto.grpc.RaftServerProtocolServiceGrpc$RaftServerProtocolServiceBlockingStub.requestVote(RaftServerProtocolServiceGrpc.java:265)
	at org.apache.ratis.grpc.server.GrpcServerProtocolClient.requestVote(GrpcServerProtocolClient.java:83)
	at org.apache.ratis.grpc.server.GrpcService.requestVote(GrpcService.java:195)
	at org.apache.ratis.server.impl.LeaderElection.lambda$submitRequests$1(LeaderElection.java:237)
	at java.util.concurrent.FutureTask.run(FutureTask.java:266)
	at java.util.concurrent.Executors$RunnableAdapter.call(Executors.java:511)
	at java.util.concurrent.FutureTask.run(FutureTask.java:266)
	at java.util.concurrent.ThreadPoolExecutor.runWorker(ThreadPoolExecutor.java:1149)
	at java.util.concurrent.ThreadPoolExecutor$Worker.run(ThreadPoolExecutor.java:624)
	... 1 more
Caused by: org.apache.ratis.thirdparty.io.netty.channel.AbstractChannel$AnnotatedConnectException: Connection refused: /192.168.5.185:35786
	at sun.nio.ch.SocketChannelImpl.checkConnect(Native Method)
	at sun.nio.ch.SocketChannelImpl.finishConnect(SocketChannelImpl.java:717)
	at org.apache.ratis.thirdparty.io.netty.channel.socket.nio.NioSocketChannel.doFinishConnect(NioSocketChannel.java:327)
	at org.apache.ratis.thirdparty.io.netty.channel.nio.AbstractNioChannel$AbstractNioUnsafe.finishConnect(AbstractNioChannel.java:340)
	at org.apache.ratis.thirdparty.io.netty.channel.nio.NioEventLoop.processSelectedKey(NioEventLoop.java:632)
	at org.apache.ratis.thirdparty.io.netty.channel.nio.NioEventLoop.processSelectedKeysOptimized(NioEventLoop.java:579)
	at org.apache.ratis.thirdparty.io.netty.channel.nio.NioEventLoop.processSelectedKeys(NioEventLoop.java:496)
	at org.apache.ratis.thirdparty.io.netty.channel.nio.NioEventLoop.run(NioEventLoop.java:458)
	at org.apache.ratis.thirdparty.io.netty.util.concurrent.SingleThreadEventExecutor$5.run(SingleThreadEventExecutor.java:897)
	at org.apache.ratis.thirdparty.io.netty.util.concurrent.FastThreadLocalRunnable.run(FastThreadLocalRunnable.java:30)
	... 1 more
Caused by: java.net.ConnectException: Connection refused
	... 11 more
2019-09-18 16:29:21,117 [bbe12df8-c2f1-49e2-8ab8-c8f9f8b834ae:group-6A4DEB0FBF45:LeaderElection27] INFO  impl.LeaderElection (LogUtils.java:infoOrTrace(149)) -   Exception 1: {}
java.util.concurrent.ExecutionException: org.apache.ratis.thirdparty.io.grpc.StatusRuntimeException: UNAVAILABLE: io exception
	at java.util.concurrent.FutureTask.report(FutureTask.java:122)
	at java.util.concurrent.FutureTask.get(FutureTask.java:192)
	at org.apache.ratis.server.impl.LeaderElection.waitForResults(LeaderElection.java:262)
	at org.apache.ratis.server.impl.LeaderElection.askForVotes(LeaderElection.java:200)
	at org.apache.ratis.server.impl.LeaderElection.run(LeaderElection.java:130)
	at java.lang.Thread.run(Thread.java:748)
Caused by: org.apache.ratis.thirdparty.io.grpc.StatusRuntimeException: UNAVAILABLE: io exception
	at org.apache.ratis.thirdparty.io.grpc.stub.ClientCalls.toStatusRuntimeException(ClientCalls.java:233)
	at org.apache.ratis.thirdparty.io.grpc.stub.ClientCalls.getUnchecked(ClientCalls.java:214)
	at org.apache.ratis.thirdparty.io.grpc.stub.ClientCalls.blockingUnaryCall(ClientCalls.java:139)
	at org.apache.ratis.proto.grpc.RaftServerProtocolServiceGrpc$RaftServerProtocolServiceBlockingStub.requestVote(RaftServerProtocolServiceGrpc.java:265)
	at org.apache.ratis.grpc.server.GrpcServerProtocolClient.requestVote(GrpcServerProtocolClient.java:83)
	at org.apache.ratis.grpc.server.GrpcService.requestVote(GrpcService.java:195)
	at org.apache.ratis.server.impl.LeaderElection.lambda$submitRequests$1(LeaderElection.java:237)
	at java.util.concurrent.FutureTask.run(FutureTask.java:266)
	at java.util.concurrent.Executors$RunnableAdapter.call(Executors.java:511)
	at java.util.concurrent.FutureTask.run(FutureTask.java:266)
	at java.util.concurrent.ThreadPoolExecutor.runWorker(ThreadPoolExecutor.java:1149)
	at java.util.concurrent.ThreadPoolExecutor$Worker.run(ThreadPoolExecutor.java:624)
	... 1 more
Caused by: org.apache.ratis.thirdparty.io.netty.channel.AbstractChannel$AnnotatedConnectException: Connection refused: /192.168.5.185:41338
	at sun.nio.ch.SocketChannelImpl.checkConnect(Native Method)
	at sun.nio.ch.SocketChannelImpl.finishConnect(SocketChannelImpl.java:717)
	at org.apache.ratis.thirdparty.io.netty.channel.socket.nio.NioSocketChannel.doFinishConnect(NioSocketChannel.java:327)
	at org.apache.ratis.thirdparty.io.netty.channel.nio.AbstractNioChannel$AbstractNioUnsafe.finishConnect(AbstractNioChannel.java:340)
	at org.apache.ratis.thirdparty.io.netty.channel.nio.NioEventLoop.processSelectedKey(NioEventLoop.java:632)
	at org.apache.ratis.thirdparty.io.netty.channel.nio.NioEventLoop.processSelectedKeysOptimized(NioEventLoop.java:579)
	at org.apache.ratis.thirdparty.io.netty.channel.nio.NioEventLoop.processSelectedKeys(NioEventLoop.java:496)
	at org.apache.ratis.thirdparty.io.netty.channel.nio.NioEventLoop.run(NioEventLoop.java:458)
	at org.apache.ratis.thirdparty.io.netty.util.concurrent.SingleThreadEventExecutor$5.run(SingleThreadEventExecutor.java:897)
	at org.apache.ratis.thirdparty.io.netty.util.concurrent.FastThreadLocalRunnable.run(FastThreadLocalRunnable.java:30)
	... 1 more
Caused by: java.net.ConnectException: Connection refused
	... 11 more
2019-09-18 16:29:21,117 [bbe12df8-c2f1-49e2-8ab8-c8f9f8b834ae:group-6A4DEB0FBF45:LeaderElection27] INFO  impl.RaftServerImpl (RaftServerImpl.java:setRole(171)) - bbe12df8-c2f1-49e2-8ab8-c8f9f8b834ae:group-6A4DEB0FBF45 changes role from CANDIDATE to FOLLOWER at term 2 for DISCOVERED_A_NEW_TERM
2019-09-18 16:29:21,117 [bbe12df8-c2f1-49e2-8ab8-c8f9f8b834ae:group-6A4DEB0FBF45:LeaderElection27] INFO  impl.RoleInfo (RoleInfo.java:shutdownLeaderElection(134)) - bbe12df8-c2f1-49e2-8ab8-c8f9f8b834ae: shutdown LeaderElection
2019-09-18 16:29:21,124 [bbe12df8-c2f1-49e2-8ab8-c8f9f8b834ae:group-6A4DEB0FBF45:LeaderElection27] INFO  impl.RoleInfo (RoleInfo.java:updateAndGet(143)) - bbe12df8-c2f1-49e2-8ab8-c8f9f8b834ae: start FollowerState
2019-09-18 16:29:24,322 [main] INFO  ozoneimpl.OzoneContainer (OzoneContainer.java:stop(199)) - Attempting to stop container services.
2019-09-18 16:29:24,323 [main] INFO  impl.RaftServerProxy (RaftServerProxy.java:lambda$close$4(314)) - bbe12df8-c2f1-49e2-8ab8-c8f9f8b834ae: close
2019-09-18 16:29:24,324 [main] INFO  impl.RaftServerImpl (RaftServerImpl.java:lambda$shutdown$3(245)) - bbe12df8-c2f1-49e2-8ab8-c8f9f8b834ae: shutdown group-6A4DEB0FBF45
2019-09-18 16:29:24,324 [ForkJoinPool.commonPool-worker-0] INFO  impl.RaftServerImpl (RaftServerImpl.java:lambda$shutdown$3(245)) - bbe12df8-c2f1-49e2-8ab8-c8f9f8b834ae: shutdown group-D020D9522EEE
2019-09-18 16:29:24,324 [main] INFO  util.JmxRegister (JmxRegister.java:unregister(73)) - Successfully un-registered JMX Bean with object name Ratis:service=RaftServer,group=group-6A4DEB0FBF45,id=bbe12df8-c2f1-49e2-8ab8-c8f9f8b834ae
2019-09-18 16:29:24,325 [ForkJoinPool.commonPool-worker-0] INFO  util.JmxRegister (JmxRegister.java:unregister(73)) - Successfully un-registered JMX Bean with object name Ratis:service=RaftServer,group=group-D020D9522EEE,id=bbe12df8-c2f1-49e2-8ab8-c8f9f8b834ae
2019-09-18 16:29:24,325 [main] INFO  impl.RoleInfo (RoleInfo.java:shutdownFollowerState(121)) - bbe12df8-c2f1-49e2-8ab8-c8f9f8b834ae: shutdown FollowerState
2019-09-18 16:29:24,325 [ForkJoinPool.commonPool-worker-0] INFO  impl.RoleInfo (RoleInfo.java:shutdownLeaderState(104)) - bbe12df8-c2f1-49e2-8ab8-c8f9f8b834ae: shutdown LeaderState
2019-09-18 16:29:24,325 [Thread-1777] INFO  impl.FollowerState (FollowerState.java:run(114)) - bbe12df8-c2f1-49e2-8ab8-c8f9f8b834ae: FollowerState was interrupted: java.lang.InterruptedException: sleep interrupted
2019-09-18 16:29:24,325 [main] INFO  impl.StateMachineUpdater (StateMachineUpdater.java:stopAndJoin(115)) - StateMachineUpdater:bbe12df8-c2f1-49e2-8ab8-c8f9f8b834ae:group-6A4DEB0FBF45: set stopIndex = 0
2019-09-18 16:29:24,328 [main] INFO  impl.RaftServerImpl (ServerState.java:close(394)) - bbe12df8-c2f1-49e2-8ab8-c8f9f8b834ae:group-6A4DEB0FBF45 closes. The last applied log index is 0
2019-09-18 16:29:24,326 [ForkJoinPool.commonPool-worker-0] INFO  impl.PendingRequests (PendingRequests.java:sendNotLeaderResponses(202)) - bbe12df8-c2f1-49e2-8ab8-c8f9f8b834ae-PendingRequests: sendNotLeaderResponses
2019-09-18 16:29:24,328 [bbe12df8-c2f1-49e2-8ab8-c8f9f8b834ae-SegmentedRaftLogWorker:Storage Directory /workdir/hadoop-ozone/integration-test/target/test-dir/MiniOzoneClusterImpl-2d326fd7-59af-45f3-b86b-efdcab7b8137/datanode-5/data/ratis/a6acc001-c642-458b-86d7-6a4deb0fbf45] INFO  segmented.SegmentedRaftLogWorker (SegmentedRaftLogWorker.java:run(313)) - bbe12df8-c2f1-49e2-8ab8-c8f9f8b834ae-SegmentedRaftLogWorker:Storage Directory /workdir/hadoop-ozone/integration-test/target/test-dir/MiniOzoneClusterImpl-2d326fd7-59af-45f3-b86b-efdcab7b8137/datanode-5/data/ratis/a6acc001-c642-458b-86d7-6a4deb0fbf45 was interrupted, exiting. There are 0 tasks remaining in the queue.
2019-09-18 16:29:24,328 [ForkJoinPool.commonPool-worker-0] INFO  impl.StateMachineUpdater (StateMachineUpdater.java:stopAndJoin(115)) - StateMachineUpdater:bbe12df8-c2f1-49e2-8ab8-c8f9f8b834ae:group-D020D9522EEE: set stopIndex = 0
2019-09-18 16:29:24,328 [main] INFO  segmented.SegmentedRaftLogWorker (SegmentedRaftLogWorker.java:close(228)) - bbe12df8-c2f1-49e2-8ab8-c8f9f8b834ae-SegmentedRaftLogWorker:Storage Directory /workdir/hadoop-ozone/integration-test/target/test-dir/MiniOzoneClusterImpl-2d326fd7-59af-45f3-b86b-efdcab7b8137/datanode-5/data/ratis/a6acc001-c642-458b-86d7-6a4deb0fbf45 close()
2019-09-18 16:29:24,329 [ForkJoinPool.commonPool-worker-0] INFO  impl.RaftServerImpl (ServerState.java:close(394)) - bbe12df8-c2f1-49e2-8ab8-c8f9f8b834ae:group-D020D9522EEE closes. The last applied log index is 0
2019-09-18 16:29:24,329 [bbe12df8-c2f1-49e2-8ab8-c8f9f8b834ae-SegmentedRaftLogWorker:Storage Directory /workdir/hadoop-ozone/integration-test/target/test-dir/MiniOzoneClusterImpl-2d326fd7-59af-45f3-b86b-efdcab7b8137/datanode-5/data/ratis/952e488b-d2ed-4a53-9f49-d020d9522eee] INFO  segmented.SegmentedRaftLogWorker (SegmentedRaftLogWorker.java:run(313)) - bbe12df8-c2f1-49e2-8ab8-c8f9f8b834ae-SegmentedRaftLogWorker:Storage Directory /workdir/hadoop-ozone/integration-test/target/test-dir/MiniOzoneClusterImpl-2d326fd7-59af-45f3-b86b-efdcab7b8137/datanode-5/data/ratis/952e488b-d2ed-4a53-9f49-d020d9522eee was interrupted, exiting. There are 0 tasks remaining in the queue.
2019-09-18 16:29:24,330 [ForkJoinPool.commonPool-worker-0] INFO  segmented.SegmentedRaftLogWorker (SegmentedRaftLogWorker.java:close(228)) - bbe12df8-c2f1-49e2-8ab8-c8f9f8b834ae-SegmentedRaftLogWorker:Storage Directory /workdir/hadoop-ozone/integration-test/target/test-dir/MiniOzoneClusterImpl-2d326fd7-59af-45f3-b86b-efdcab7b8137/datanode-5/data/ratis/952e488b-d2ed-4a53-9f49-d020d9522eee close()
2019-09-18 16:29:24,330 [main] INFO  server.GrpcService (GrpcService.java:closeImpl(155)) - bbe12df8-c2f1-49e2-8ab8-c8f9f8b834ae: shutdown server with port 39796 now
2019-09-18 16:29:24,333 [main] INFO  server.GrpcService (GrpcService.java:closeImpl(163)) - bbe12df8-c2f1-49e2-8ab8-c8f9f8b834ae: shutdown server with port 39796 successfully
2019-09-18 16:29:24,337 [main] INFO  utils.BackgroundService (BackgroundService.java:shutdown(148)) - Shutting down service BlockDeletingService
2019-09-18 16:29:24,339 [refreshUsed-/workdir/hadoop-ozone/integration-test/target/test-dir/MiniOzoneClusterImpl-2d326fd7-59af-45f3-b86b-efdcab7b8137/datanode-5/data/containers] WARN  fs.CachingGetSpaceUsed (CachingGetSpaceUsed.java:run(183)) - Thread Interrupted waiting to refresh disk information: sleep interrupted
2019-09-18 16:29:24,358 [main] INFO  statemachine.DatanodeStateMachine (DatanodeStateMachine.java:stopDaemon(401)) - Ozone container server stopped.
2019-09-18 16:29:24,359 [main] INFO  handler.ContextHandler (ContextHandler.java:doStop(910)) - Stopped o.e.j.w.WebAppContext@56f84c9b{/,null,UNAVAILABLE}{/hddsDatanode}
2019-09-18 16:29:24,360 [main] INFO  server.AbstractConnector (AbstractConnector.java:doStop(318)) - Stopped ServerConnector@26679788{HTTP/1.1,[http/1.1]}{0.0.0.0:0}
2019-09-18 16:29:24,361 [main] INFO  handler.ContextHandler (ContextHandler.java:doStop(910)) - Stopped o.e.j.s.ServletContextHandler@14b48f39{/static,jar:file:/home/user/.m2/repository/org/apache/hadoop/hadoop-hdds-container-service/0.5.0-SNAPSHOT/hadoop-hdds-container-service-0.5.0-SNAPSHOT.jar!/webapps/static,UNAVAILABLE}
2019-09-18 16:29:24,361 [main] INFO  handler.ContextHandler (ContextHandler.java:doStop(910)) - Stopped o.e.j.s.ServletContextHandler@93fb44{/logs,file:///workdir/hadoop-ozone/integration-test/target/log,UNAVAILABLE}
2019-09-18 16:29:24,362 [main] INFO  ozone.MiniOzoneClusterImpl (MiniOzoneClusterImpl.java:stop(359)) - Stopping the StorageContainerManager
2019-09-18 16:29:24,363 [main] INFO  server.StorageContainerManager (StorageContainerManager.java:stop(799)) - Stopping Replication Manager Service.
2019-09-18 16:29:24,363 [main] INFO  container.ReplicationManager (ReplicationManager.java:stop(192)) - Stopping Replication Monitor Thread.
2019-09-18 16:29:24,363 [main] INFO  server.StorageContainerManager (StorageContainerManager.java:stop(806)) - Stopping Lease Manager of the command watchers
2019-09-18 16:29:24,363 [main] INFO  server.StorageContainerManager (StorageContainerManager.java:stop(813)) - Stopping datanode service RPC server
2019-09-18 16:29:24,364 [main] INFO  server.SCMDatanodeProtocolServer (SCMDatanodeProtocolServer.java:stop(387)) - Stopping the RPC server for DataNodes
2019-09-18 16:29:24,364 [main] INFO  ipc.Server (Server.java:stop(3082)) - Stopping server on 45460
2019-09-18 16:29:24,366 [IPC Server listener on 45460] INFO  ipc.Server (Server.java:run(1185)) - Stopping IPC Server listener on 45460
2019-09-18 16:29:24,367 [IPC Server Responder] INFO  ipc.Server (Server.java:run(1319)) - Stopping IPC Server Responder
2019-09-18 16:29:24,402 [SCM Heartbeat Processing Thread - 0] WARN  node.NodeStateManager (NodeStateManager.java:scheduleNextHealthCheck(655)) - Current Thread is interrupted, shutting down HB processing thread for Node Manager.
2019-09-18 16:29:24,403 [main] INFO  server.StorageContainerManager (StorageContainerManager.java:stop(821)) - Stopping block service RPC server
2019-09-18 16:29:24,403 [main] INFO  server.SCMBlockProtocolServer (SCMBlockProtocolServer.java:stop(148)) - Stopping the RPC server for Block Protocol
2019-09-18 16:29:24,403 [main] INFO  ipc.Server (Server.java:stop(3082)) - Stopping server on 37814
2019-09-18 16:29:24,405 [IPC Server listener on 37814] INFO  ipc.Server (Server.java:run(1185)) - Stopping IPC Server listener on 37814
2019-09-18 16:29:24,406 [main] INFO  server.StorageContainerManager (StorageContainerManager.java:stop(828)) - Stopping the StorageContainerLocationProtocol RPC server
2019-09-18 16:29:24,407 [IPC Server Responder] INFO  ipc.Server (Server.java:run(1319)) - Stopping IPC Server Responder
2019-09-18 16:29:24,407 [main] INFO  server.SCMClientProtocolServer (SCMClientProtocolServer.java:stop(159)) - Stopping the RPC server for Client Protocol
2019-09-18 16:29:24,408 [main] INFO  ipc.Server (Server.java:stop(3082)) - Stopping server on 36641
2019-09-18 16:29:24,410 [IPC Server listener on 36641] INFO  ipc.Server (Server.java:run(1185)) - Stopping IPC Server listener on 36641
2019-09-18 16:29:24,410 [IPC Server Responder] INFO  ipc.Server (Server.java:run(1319)) - Stopping IPC Server Responder
2019-09-18 16:29:24,410 [main] INFO  server.StorageContainerManager (StorageContainerManager.java:stop(835)) - Stopping Storage Container Manager HTTP server.
2019-09-18 16:29:24,412 [main] INFO  handler.ContextHandler (ContextHandler.java:doStop(910)) - Stopped o.e.j.w.WebAppContext@4b3ad7ca{/,null,UNAVAILABLE}{/scm}
2019-09-18 16:29:24,413 [main] INFO  server.AbstractConnector (AbstractConnector.java:doStop(318)) - Stopped ServerConnector@6785c9fa{HTTP/1.1,[http/1.1]}{0.0.0.0:0}
2019-09-18 16:29:24,413 [main] INFO  handler.ContextHandler (ContextHandler.java:doStop(910)) - Stopped o.e.j.s.ServletContextHandler@395281c2{/static,file:///workdir/hadoop-ozone/integration-test/target/test-classes/webapps/static,UNAVAILABLE}
2019-09-18 16:29:24,414 [main] INFO  handler.ContextHandler (ContextHandler.java:doStop(910)) - Stopped o.e.j.s.ServletContextHandler@4eb63dc8{/logs,file:///workdir/hadoop-ozone/integration-test/target/log,UNAVAILABLE}
2019-09-18 16:29:24,415 [main] INFO  server.StorageContainerManager (StorageContainerManager.java:stop(846)) - Stopping Block Manager Service.
2019-09-18 16:29:24,415 [main] INFO  utils.BackgroundService (BackgroundService.java:shutdown(148)) - Shutting down service SCMBlockDeletingService
2019-09-18 16:29:24,416 [main] INFO  utils.BackgroundService (BackgroundService.java:shutdown(148)) - Shutting down service SCMBlockDeletingService
2019-09-18 16:29:24,416 [main] INFO  server.StorageContainerManager (StorageContainerManager.java:stop(868)) - Stopping SCM Event Queue.
2019-09-18 16:29:24,423 [main] INFO  impl.MetricsSystemImpl (MetricsSystemImpl.java:stop(210)) - Stopping HddsDatanode metrics system...
2019-09-18 16:29:24,430 [main] INFO  impl.MetricsSystemImpl (MetricsSystemImpl.java:stop(216)) - HddsDatanode metrics system stopped.
]]></system-out>
    <system-err><![CDATA[Sep 18, 2019 4:23:47 PM com.sun.jersey.server.impl.application.WebApplicationImpl _initiate
INFO: Initiating Jersey application, version 'Jersey: 1.19 02/11/2015 03:25 AM'
Sep 18, 2019 4:23:47 PM com.sun.jersey.server.impl.application.WebApplicationImpl _initiate
INFO: Initiating Jersey application, version 'Jersey: 1.19 02/11/2015 03:25 AM'
Sep 18, 2019 4:23:47 PM com.sun.jersey.server.impl.application.WebApplicationImpl _initiate
INFO: Initiating Jersey application, version 'Jersey: 1.19 02/11/2015 03:25 AM'
Sep 18, 2019 4:23:47 PM com.sun.jersey.server.impl.application.WebApplicationImpl _initiate
INFO: Initiating Jersey application, version 'Jersey: 1.19 02/11/2015 03:25 AM'
Sep 18, 2019 4:23:48 PM com.sun.jersey.server.impl.application.WebApplicationImpl _initiate
INFO: Initiating Jersey application, version 'Jersey: 1.19 02/11/2015 03:25 AM'
Sep 18, 2019 4:23:48 PM com.sun.jersey.server.impl.application.WebApplicationImpl _initiate
INFO: Initiating Jersey application, version 'Jersey: 1.19 02/11/2015 03:25 AM'
Sep 18, 2019 4:23:48 PM com.sun.jersey.server.impl.application.WebApplicationImpl _initiate
INFO: Initiating Jersey application, version 'Jersey: 1.19 02/11/2015 03:25 AM'
]]></system-err>
  </testcase>
</testsuite>