<?xml version="1.0" encoding="UTF-8"?>
<testsuite xmlns:xsi="http://www.w3.org/2001/XMLSchema-instance" xsi:noNamespaceSchemaLocation="https://maven.apache.org/surefire/maven-surefire-plugin/xsd/surefire-test-report.xsd" name="org.apache.ratis.logservice.TestLogServiceWithNetty" time="76.557" tests="4" errors="2" skipped="0" failures="1">
  <properties>
    <property name="awt.toolkit" value="sun.awt.X11.XToolkit"/>
    <property name="file.encoding.pkg" value="sun.io"/>
    <property name="java.specification.version" value="1.8"/>
    <property name="sun.cpu.isalist" value=""/>
    <property name="sun.jnu.encoding" value="UTF-8"/>
    <property name="java.class.path" value="/workdir/ratis-logservice/target/test-classes:/workdir/ratis-logservice/target/classes:/workdir/ratis-proto/target/ratis-proto-0.5.0-SNAPSHOT.jar:/home/user/.m2/repository/org/apache/ratis/ratis-thirdparty-misc/0.2.0/ratis-thirdparty-misc-0.2.0.jar:/workdir/ratis-common/target/classes:/home/user/.m2/repository/org/slf4j/slf4j-log4j12/1.7.10/slf4j-log4j12-1.7.10.jar:/workdir/ratis-client/target/classes:/workdir/ratis-server/target/classes:/workdir/ratis-metrics/target/classes:/home/user/.m2/repository/io/dropwizard/metrics/metrics-core/3.2.5/metrics-core-3.2.5.jar:/home/user/.m2/repository/com/github/joshelser/dropwizard-metrics-hadoop-metrics2-reporter/0.1.2/dropwizard-metrics-hadoop-metrics2-reporter-0.1.2.jar:/home/user/.m2/repository/io/dropwizard/metrics/metrics-jvm/3.2.5/metrics-jvm-3.2.5.jar:/home/user/.m2/repository/io/dropwizard/metrics/metrics-ganglia/3.2.5/metrics-ganglia-3.2.5.jar:/home/user/.m2/repository/info/ganglia/gmetric4j/gmetric4j/1.0.7/gmetric4j-1.0.7.jar:/workdir/ratis-grpc/target/classes:/workdir/ratis-netty/target/classes:/home/user/.m2/repository/org/apache/hadoop/hadoop-common/3.1.1/hadoop-common-3.1.1.jar:/home/user/.m2/repository/org/apache/hadoop/hadoop-annotations/3.1.1/hadoop-annotations-3.1.1.jar:/usr/lib/jvm/java-1.8-openjdk/jre/../lib/tools.jar:/home/user/.m2/repository/com/google/guava/guava/11.0.2/guava-11.0.2.jar:/home/user/.m2/repository/commons-cli/commons-cli/1.2/commons-cli-1.2.jar:/home/user/.m2/repository/org/apache/commons/commons-math3/3.1.1/commons-math3-3.1.1.jar:/home/user/.m2/repository/org/apache/httpcomponents/httpclient/4.5.2/httpclient-4.5.2.jar:/home/user/.m2/repository/org/apache/httpcomponents/httpcore/4.4.4/httpcore-4.4.4.jar:/home/user/.m2/repository/commons-codec/commons-codec/1.11/commons-codec-1.11.jar:/home/user/.m2/repository/commons-io/commons-io/2.5/commons-io-2.5.jar:/home/user/.m2/repository/commons-net/commons-net/3.6/commons-net-3.6.jar:/home/user/.m2/repository/commons-collections/commons-collections/3.2.2/commons-collections-3.2.2.jar:/home/user/.m2/repository/javax/servlet/javax.servlet-api/3.1.0/javax.servlet-api-3.1.0.jar:/home/user/.m2/repository/org/eclipse/jetty/jetty-server/9.3.19.v20170502/jetty-server-9.3.19.v20170502.jar:/home/user/.m2/repository/org/eclipse/jetty/jetty-http/9.3.19.v20170502/jetty-http-9.3.19.v20170502.jar:/home/user/.m2/repository/org/eclipse/jetty/jetty-io/9.3.19.v20170502/jetty-io-9.3.19.v20170502.jar:/home/user/.m2/repository/org/eclipse/jetty/jetty-util/9.3.19.v20170502/jetty-util-9.3.19.v20170502.jar:/home/user/.m2/repository/org/eclipse/jetty/jetty-servlet/9.3.19.v20170502/jetty-servlet-9.3.19.v20170502.jar:/home/user/.m2/repository/org/eclipse/jetty/jetty-security/9.3.19.v20170502/jetty-security-9.3.19.v20170502.jar:/home/user/.m2/repository/org/eclipse/jetty/jetty-webapp/9.3.19.v20170502/jetty-webapp-9.3.19.v20170502.jar:/home/user/.m2/repository/org/eclipse/jetty/jetty-xml/9.3.19.v20170502/jetty-xml-9.3.19.v20170502.jar:/home/user/.m2/repository/javax/servlet/jsp/jsp-api/2.1/jsp-api-2.1.jar:/home/user/.m2/repository/com/sun/jersey/jersey-core/1.19/jersey-core-1.19.jar:/home/user/.m2/repository/javax/ws/rs/jsr311-api/1.1.1/jsr311-api-1.1.1.jar:/home/user/.m2/repository/com/sun/jersey/jersey-servlet/1.19/jersey-servlet-1.19.jar:/home/user/.m2/repository/com/sun/jersey/jersey-json/1.19/jersey-json-1.19.jar:/home/user/.m2/repository/org/codehaus/jettison/jettison/1.1/jettison-1.1.jar:/home/user/.m2/repository/com/sun/xml/bind/jaxb-impl/2.2.3-1/jaxb-impl-2.2.3-1.jar:/home/user/.m2/repository/org/codehaus/jackson/jackson-core-asl/1.9.2/jackson-core-asl-1.9.2.jar:/home/user/.m2/repository/org/codehaus/jackson/jackson-mapper-asl/1.9.2/jackson-mapper-asl-1.9.2.jar:/home/user/.m2/repository/org/codehaus/jackson/jackson-jaxrs/1.9.2/jackson-jaxrs-1.9.2.jar:/home/user/.m2/repository/org/codehaus/jackson/jackson-xc/1.9.2/jackson-xc-1.9.2.jar:/home/user/.m2/repository/com/sun/jersey/jersey-server/1.19/jersey-server-1.19.jar:/home/user/.m2/repository/commons-logging/commons-logging/1.1.3/commons-logging-1.1.3.jar:/home/user/.m2/repository/log4j/log4j/1.2.17/log4j-1.2.17.jar:/home/user/.m2/repository/commons-lang/commons-lang/2.6/commons-lang-2.6.jar:/home/user/.m2/repository/commons-beanutils/commons-beanutils/1.9.3/commons-beanutils-1.9.3.jar:/home/user/.m2/repository/org/apache/commons/commons-configuration2/2.1.1/commons-configuration2-2.1.1.jar:/home/user/.m2/repository/org/apache/commons/commons-lang3/3.4/commons-lang3-3.4.jar:/home/user/.m2/repository/org/apache/avro/avro/1.7.7/avro-1.7.7.jar:/home/user/.m2/repository/com/thoughtworks/paranamer/paranamer/2.3/paranamer-2.3.jar:/home/user/.m2/repository/org/xerial/snappy/snappy-java/1.0.5/snappy-java-1.0.5.jar:/home/user/.m2/repository/com/google/re2j/re2j/1.1/re2j-1.1.jar:/home/user/.m2/repository/com/google/protobuf/protobuf-java/2.5.0/protobuf-java-2.5.0.jar:/home/user/.m2/repository/com/google/code/gson/gson/2.2.4/gson-2.2.4.jar:/home/user/.m2/repository/org/apache/hadoop/hadoop-auth/3.1.1/hadoop-auth-3.1.1.jar:/home/user/.m2/repository/com/nimbusds/nimbus-jose-jwt/4.41.1/nimbus-jose-jwt-4.41.1.jar:/home/user/.m2/repository/com/github/stephenc/jcip/jcip-annotations/1.0-1/jcip-annotations-1.0-1.jar:/home/user/.m2/repository/net/minidev/json-smart/2.3/json-smart-2.3.jar:/home/user/.m2/repository/net/minidev/accessors-smart/1.2/accessors-smart-1.2.jar:/home/user/.m2/repository/org/ow2/asm/asm/5.0.4/asm-5.0.4.jar:/home/user/.m2/repository/org/apache/curator/curator-framework/2.12.0/curator-framework-2.12.0.jar:/home/user/.m2/repository/com/jcraft/jsch/0.1.54/jsch-0.1.54.jar:/home/user/.m2/repository/org/apache/curator/curator-client/2.12.0/curator-client-2.12.0.jar:/home/user/.m2/repository/org/apache/curator/curator-recipes/2.12.0/curator-recipes-2.12.0.jar:/home/user/.m2/repository/com/google/code/findbugs/jsr305/3.0.0/jsr305-3.0.0.jar:/home/user/.m2/repository/org/apache/htrace/htrace-core4/4.1.0-incubating/htrace-core4-4.1.0-incubating.jar:/home/user/.m2/repository/org/apache/zookeeper/zookeeper/3.4.9/zookeeper-3.4.9.jar:/home/user/.m2/repository/jline/jline/0.9.94/jline-0.9.94.jar:/home/user/.m2/repository/org/apache/commons/commons-compress/1.4.1/commons-compress-1.4.1.jar:/home/user/.m2/repository/org/tukaani/xz/1.0/xz-1.0.jar:/home/user/.m2/repository/org/apache/kerby/kerb-simplekdc/1.0.1/kerb-simplekdc-1.0.1.jar:/home/user/.m2/repository/org/apache/kerby/kerb-client/1.0.1/kerb-client-1.0.1.jar:/home/user/.m2/repository/org/apache/kerby/kerby-config/1.0.1/kerby-config-1.0.1.jar:/home/user/.m2/repository/org/apache/kerby/kerb-core/1.0.1/kerb-core-1.0.1.jar:/home/user/.m2/repository/org/apache/kerby/kerby-pkix/1.0.1/kerby-pkix-1.0.1.jar:/home/user/.m2/repository/org/apache/kerby/kerby-asn1/1.0.1/kerby-asn1-1.0.1.jar:/home/user/.m2/repository/org/apache/kerby/kerby-util/1.0.1/kerby-util-1.0.1.jar:/home/user/.m2/repository/org/apache/kerby/kerb-common/1.0.1/kerb-common-1.0.1.jar:/home/user/.m2/repository/org/apache/kerby/kerb-crypto/1.0.1/kerb-crypto-1.0.1.jar:/home/user/.m2/repository/org/apache/kerby/kerb-util/1.0.1/kerb-util-1.0.1.jar:/home/user/.m2/repository/org/apache/kerby/token-provider/1.0.1/token-provider-1.0.1.jar:/home/user/.m2/repository/org/apache/kerby/kerb-admin/1.0.1/kerb-admin-1.0.1.jar:/home/user/.m2/repository/org/apache/kerby/kerb-server/1.0.1/kerb-server-1.0.1.jar:/home/user/.m2/repository/org/apache/kerby/kerb-identity/1.0.1/kerb-identity-1.0.1.jar:/home/user/.m2/repository/org/apache/kerby/kerby-xdr/1.0.1/kerby-xdr-1.0.1.jar:/home/user/.m2/repository/com/fasterxml/jackson/core/jackson-databind/2.7.8/jackson-databind-2.7.8.jar:/home/user/.m2/repository/com/fasterxml/jackson/core/jackson-annotations/2.7.0/jackson-annotations-2.7.0.jar:/home/user/.m2/repository/com/fasterxml/jackson/core/jackson-core/2.7.8/jackson-core-2.7.8.jar:/home/user/.m2/repository/org/codehaus/woodstox/stax2-api/3.1.4/stax2-api-3.1.4.jar:/home/user/.m2/repository/com/fasterxml/woodstox/woodstox-core/5.0.3/woodstox-core-5.0.3.jar:/home/user/.m2/repository/com/beust/jcommander/1.72/jcommander-1.72.jar:/home/user/.m2/repository/org/jline/jline/3.9.0/jline-3.9.0.jar:/home/user/.m2/repository/org/slf4j/slf4j-api/1.7.10/slf4j-api-1.7.10.jar:/workdir/ratis-netty/target/test-classes:/workdir/ratis-grpc/target/test-classes:/workdir/ratis-server/target/test-classes:/workdir/ratis-common/target/test-classes:/workdir/ratis-client/target/test-classes:/workdir/ratis-hadoop/target/classes:/workdir/ratis-hadoop/target/test-classes:/home/user/.m2/repository/org/apache/ratis/ratis-thirdparty-hadoop/0.2.0/ratis-thirdparty-hadoop-0.2.0.jar:/home/user/.m2/repository/junit/junit/4.12/junit-4.12.jar:/home/user/.m2/repository/org/hamcrest/hamcrest-core/1.3/hamcrest-core-1.3.jar:/home/user/.m2/repository/org/mockito/mockito-all/1.8.5/mockito-all-1.8.5.jar:/home/user/.m2/repository/org/apache/hadoop/hadoop-hdfs/3.1.1/hadoop-hdfs-3.1.1-tests.jar:/home/user/.m2/repository/org/eclipse/jetty/jetty-util-ajax/9.3.19.v20170502/jetty-util-ajax-9.3.19.v20170502.jar:/home/user/.m2/repository/commons-daemon/commons-daemon/1.0.13/commons-daemon-1.0.13.jar:/home/user/.m2/repository/io/netty/netty/3.10.5.Final/netty-3.10.5.Final.jar:/home/user/.m2/repository/io/netty/netty-all/4.0.52.Final/netty-all-4.0.52.Final.jar:/home/user/.m2/repository/org/fusesource/leveldbjni/leveldbjni-all/1.8/leveldbjni-all-1.8.jar:/home/user/.m2/repository/org/apache/hadoop/hadoop-client/3.1.1/hadoop-client-3.1.1.jar:/home/user/.m2/repository/org/apache/hadoop/hadoop-hdfs-client/3.1.1/hadoop-hdfs-client-3.1.1.jar:/home/user/.m2/repository/com/squareup/okhttp/okhttp/2.7.5/okhttp-2.7.5.jar:/home/user/.m2/repository/com/squareup/okio/okio/1.6.0/okio-1.6.0.jar:/home/user/.m2/repository/org/apache/hadoop/hadoop-yarn-api/3.1.1/hadoop-yarn-api-3.1.1.jar:/home/user/.m2/repository/javax/xml/bind/jaxb-api/2.2.11/jaxb-api-2.2.11.jar:/home/user/.m2/repository/org/apache/hadoop/hadoop-yarn-client/3.1.1/hadoop-yarn-client-3.1.1.jar:/home/user/.m2/repository/org/apache/hadoop/hadoop-mapreduce-client-core/3.1.1/hadoop-mapreduce-client-core-3.1.1.jar:/home/user/.m2/repository/org/apache/hadoop/hadoop-yarn-common/3.1.1/hadoop-yarn-common-3.1.1.jar:/home/user/.m2/repository/com/sun/jersey/jersey-client/1.19/jersey-client-1.19.jar:/home/user/.m2/repository/com/fasterxml/jackson/module/jackson-module-jaxb-annotations/2.7.8/jackson-module-jaxb-annotations-2.7.8.jar:/home/user/.m2/repository/com/fasterxml/jackson/jaxrs/jackson-jaxrs-json-provider/2.7.8/jackson-jaxrs-json-provider-2.7.8.jar:/home/user/.m2/repository/com/fasterxml/jackson/jaxrs/jackson-jaxrs-base/2.7.8/jackson-jaxrs-base-2.7.8.jar:/home/user/.m2/repository/org/apache/hadoop/hadoop-mapreduce-client-jobclient/3.1.1/hadoop-mapreduce-client-jobclient-3.1.1.jar:/home/user/.m2/repository/org/apache/hadoop/hadoop-mapreduce-client-common/3.1.1/hadoop-mapreduce-client-common-3.1.1.jar:/home/user/.m2/repository/org/apache/hadoop/hadoop-hdfs/3.1.1/hadoop-hdfs-3.1.1.jar:/home/user/.m2/repository/org/apache/hadoop/hadoop-common/3.1.1/hadoop-common-3.1.1-tests.jar:"/>
    <property name="java.vm.vendor" value="IcedTea"/>
    <property name="sun.arch.data.model" value="64"/>
    <property name="java.vendor.url" value="https://icedtea.classpath.org"/>
    <property name="user.timezone" value=""/>
    <property name="java.vm.specification.version" value="1.8"/>
    <property name="os.name" value="Linux"/>
    <property name="user.country" value="US"/>
    <property name="sun.java.launcher" value="SUN_STANDARD"/>
    <property name="sun.boot.library.path" value="/usr/lib/jvm/java-1.8-openjdk/jre/lib/amd64"/>
    <property name="sun.java.command" value="/workdir/ratis-logservice/target/surefire/surefirebooter6850826084662999359.jar /workdir/ratis-logservice/target/surefire 2019-09-24T16-02-41_483-jvmRun1 surefire8131473048415458472tmp surefire_822039917170882605930tmp"/>
    <property name="surefire.test.class.path" value="/workdir/ratis-logservice/target/test-classes:/workdir/ratis-logservice/target/classes:/workdir/ratis-proto/target/ratis-proto-0.5.0-SNAPSHOT.jar:/home/user/.m2/repository/org/apache/ratis/ratis-thirdparty-misc/0.2.0/ratis-thirdparty-misc-0.2.0.jar:/workdir/ratis-common/target/classes:/home/user/.m2/repository/org/slf4j/slf4j-log4j12/1.7.10/slf4j-log4j12-1.7.10.jar:/workdir/ratis-client/target/classes:/workdir/ratis-server/target/classes:/workdir/ratis-metrics/target/classes:/home/user/.m2/repository/io/dropwizard/metrics/metrics-core/3.2.5/metrics-core-3.2.5.jar:/home/user/.m2/repository/com/github/joshelser/dropwizard-metrics-hadoop-metrics2-reporter/0.1.2/dropwizard-metrics-hadoop-metrics2-reporter-0.1.2.jar:/home/user/.m2/repository/io/dropwizard/metrics/metrics-jvm/3.2.5/metrics-jvm-3.2.5.jar:/home/user/.m2/repository/io/dropwizard/metrics/metrics-ganglia/3.2.5/metrics-ganglia-3.2.5.jar:/home/user/.m2/repository/info/ganglia/gmetric4j/gmetric4j/1.0.7/gmetric4j-1.0.7.jar:/workdir/ratis-grpc/target/classes:/workdir/ratis-netty/target/classes:/home/user/.m2/repository/org/apache/hadoop/hadoop-common/3.1.1/hadoop-common-3.1.1.jar:/home/user/.m2/repository/org/apache/hadoop/hadoop-annotations/3.1.1/hadoop-annotations-3.1.1.jar:/usr/lib/jvm/java-1.8-openjdk/jre/../lib/tools.jar:/home/user/.m2/repository/com/google/guava/guava/11.0.2/guava-11.0.2.jar:/home/user/.m2/repository/commons-cli/commons-cli/1.2/commons-cli-1.2.jar:/home/user/.m2/repository/org/apache/commons/commons-math3/3.1.1/commons-math3-3.1.1.jar:/home/user/.m2/repository/org/apache/httpcomponents/httpclient/4.5.2/httpclient-4.5.2.jar:/home/user/.m2/repository/org/apache/httpcomponents/httpcore/4.4.4/httpcore-4.4.4.jar:/home/user/.m2/repository/commons-codec/commons-codec/1.11/commons-codec-1.11.jar:/home/user/.m2/repository/commons-io/commons-io/2.5/commons-io-2.5.jar:/home/user/.m2/repository/commons-net/commons-net/3.6/commons-net-3.6.jar:/home/user/.m2/repository/commons-collections/commons-collections/3.2.2/commons-collections-3.2.2.jar:/home/user/.m2/repository/javax/servlet/javax.servlet-api/3.1.0/javax.servlet-api-3.1.0.jar:/home/user/.m2/repository/org/eclipse/jetty/jetty-server/9.3.19.v20170502/jetty-server-9.3.19.v20170502.jar:/home/user/.m2/repository/org/eclipse/jetty/jetty-http/9.3.19.v20170502/jetty-http-9.3.19.v20170502.jar:/home/user/.m2/repository/org/eclipse/jetty/jetty-io/9.3.19.v20170502/jetty-io-9.3.19.v20170502.jar:/home/user/.m2/repository/org/eclipse/jetty/jetty-util/9.3.19.v20170502/jetty-util-9.3.19.v20170502.jar:/home/user/.m2/repository/org/eclipse/jetty/jetty-servlet/9.3.19.v20170502/jetty-servlet-9.3.19.v20170502.jar:/home/user/.m2/repository/org/eclipse/jetty/jetty-security/9.3.19.v20170502/jetty-security-9.3.19.v20170502.jar:/home/user/.m2/repository/org/eclipse/jetty/jetty-webapp/9.3.19.v20170502/jetty-webapp-9.3.19.v20170502.jar:/home/user/.m2/repository/org/eclipse/jetty/jetty-xml/9.3.19.v20170502/jetty-xml-9.3.19.v20170502.jar:/home/user/.m2/repository/javax/servlet/jsp/jsp-api/2.1/jsp-api-2.1.jar:/home/user/.m2/repository/com/sun/jersey/jersey-core/1.19/jersey-core-1.19.jar:/home/user/.m2/repository/javax/ws/rs/jsr311-api/1.1.1/jsr311-api-1.1.1.jar:/home/user/.m2/repository/com/sun/jersey/jersey-servlet/1.19/jersey-servlet-1.19.jar:/home/user/.m2/repository/com/sun/jersey/jersey-json/1.19/jersey-json-1.19.jar:/home/user/.m2/repository/org/codehaus/jettison/jettison/1.1/jettison-1.1.jar:/home/user/.m2/repository/com/sun/xml/bind/jaxb-impl/2.2.3-1/jaxb-impl-2.2.3-1.jar:/home/user/.m2/repository/org/codehaus/jackson/jackson-core-asl/1.9.2/jackson-core-asl-1.9.2.jar:/home/user/.m2/repository/org/codehaus/jackson/jackson-mapper-asl/1.9.2/jackson-mapper-asl-1.9.2.jar:/home/user/.m2/repository/org/codehaus/jackson/jackson-jaxrs/1.9.2/jackson-jaxrs-1.9.2.jar:/home/user/.m2/repository/org/codehaus/jackson/jackson-xc/1.9.2/jackson-xc-1.9.2.jar:/home/user/.m2/repository/com/sun/jersey/jersey-server/1.19/jersey-server-1.19.jar:/home/user/.m2/repository/commons-logging/commons-logging/1.1.3/commons-logging-1.1.3.jar:/home/user/.m2/repository/log4j/log4j/1.2.17/log4j-1.2.17.jar:/home/user/.m2/repository/commons-lang/commons-lang/2.6/commons-lang-2.6.jar:/home/user/.m2/repository/commons-beanutils/commons-beanutils/1.9.3/commons-beanutils-1.9.3.jar:/home/user/.m2/repository/org/apache/commons/commons-configuration2/2.1.1/commons-configuration2-2.1.1.jar:/home/user/.m2/repository/org/apache/commons/commons-lang3/3.4/commons-lang3-3.4.jar:/home/user/.m2/repository/org/apache/avro/avro/1.7.7/avro-1.7.7.jar:/home/user/.m2/repository/com/thoughtworks/paranamer/paranamer/2.3/paranamer-2.3.jar:/home/user/.m2/repository/org/xerial/snappy/snappy-java/1.0.5/snappy-java-1.0.5.jar:/home/user/.m2/repository/com/google/re2j/re2j/1.1/re2j-1.1.jar:/home/user/.m2/repository/com/google/protobuf/protobuf-java/2.5.0/protobuf-java-2.5.0.jar:/home/user/.m2/repository/com/google/code/gson/gson/2.2.4/gson-2.2.4.jar:/home/user/.m2/repository/org/apache/hadoop/hadoop-auth/3.1.1/hadoop-auth-3.1.1.jar:/home/user/.m2/repository/com/nimbusds/nimbus-jose-jwt/4.41.1/nimbus-jose-jwt-4.41.1.jar:/home/user/.m2/repository/com/github/stephenc/jcip/jcip-annotations/1.0-1/jcip-annotations-1.0-1.jar:/home/user/.m2/repository/net/minidev/json-smart/2.3/json-smart-2.3.jar:/home/user/.m2/repository/net/minidev/accessors-smart/1.2/accessors-smart-1.2.jar:/home/user/.m2/repository/org/ow2/asm/asm/5.0.4/asm-5.0.4.jar:/home/user/.m2/repository/org/apache/curator/curator-framework/2.12.0/curator-framework-2.12.0.jar:/home/user/.m2/repository/com/jcraft/jsch/0.1.54/jsch-0.1.54.jar:/home/user/.m2/repository/org/apache/curator/curator-client/2.12.0/curator-client-2.12.0.jar:/home/user/.m2/repository/org/apache/curator/curator-recipes/2.12.0/curator-recipes-2.12.0.jar:/home/user/.m2/repository/com/google/code/findbugs/jsr305/3.0.0/jsr305-3.0.0.jar:/home/user/.m2/repository/org/apache/htrace/htrace-core4/4.1.0-incubating/htrace-core4-4.1.0-incubating.jar:/home/user/.m2/repository/org/apache/zookeeper/zookeeper/3.4.9/zookeeper-3.4.9.jar:/home/user/.m2/repository/jline/jline/0.9.94/jline-0.9.94.jar:/home/user/.m2/repository/org/apache/commons/commons-compress/1.4.1/commons-compress-1.4.1.jar:/home/user/.m2/repository/org/tukaani/xz/1.0/xz-1.0.jar:/home/user/.m2/repository/org/apache/kerby/kerb-simplekdc/1.0.1/kerb-simplekdc-1.0.1.jar:/home/user/.m2/repository/org/apache/kerby/kerb-client/1.0.1/kerb-client-1.0.1.jar:/home/user/.m2/repository/org/apache/kerby/kerby-config/1.0.1/kerby-config-1.0.1.jar:/home/user/.m2/repository/org/apache/kerby/kerb-core/1.0.1/kerb-core-1.0.1.jar:/home/user/.m2/repository/org/apache/kerby/kerby-pkix/1.0.1/kerby-pkix-1.0.1.jar:/home/user/.m2/repository/org/apache/kerby/kerby-asn1/1.0.1/kerby-asn1-1.0.1.jar:/home/user/.m2/repository/org/apache/kerby/kerby-util/1.0.1/kerby-util-1.0.1.jar:/home/user/.m2/repository/org/apache/kerby/kerb-common/1.0.1/kerb-common-1.0.1.jar:/home/user/.m2/repository/org/apache/kerby/kerb-crypto/1.0.1/kerb-crypto-1.0.1.jar:/home/user/.m2/repository/org/apache/kerby/kerb-util/1.0.1/kerb-util-1.0.1.jar:/home/user/.m2/repository/org/apache/kerby/token-provider/1.0.1/token-provider-1.0.1.jar:/home/user/.m2/repository/org/apache/kerby/kerb-admin/1.0.1/kerb-admin-1.0.1.jar:/home/user/.m2/repository/org/apache/kerby/kerb-server/1.0.1/kerb-server-1.0.1.jar:/home/user/.m2/repository/org/apache/kerby/kerb-identity/1.0.1/kerb-identity-1.0.1.jar:/home/user/.m2/repository/org/apache/kerby/kerby-xdr/1.0.1/kerby-xdr-1.0.1.jar:/home/user/.m2/repository/com/fasterxml/jackson/core/jackson-databind/2.7.8/jackson-databind-2.7.8.jar:/home/user/.m2/repository/com/fasterxml/jackson/core/jackson-annotations/2.7.0/jackson-annotations-2.7.0.jar:/home/user/.m2/repository/com/fasterxml/jackson/core/jackson-core/2.7.8/jackson-core-2.7.8.jar:/home/user/.m2/repository/org/codehaus/woodstox/stax2-api/3.1.4/stax2-api-3.1.4.jar:/home/user/.m2/repository/com/fasterxml/woodstox/woodstox-core/5.0.3/woodstox-core-5.0.3.jar:/home/user/.m2/repository/com/beust/jcommander/1.72/jcommander-1.72.jar:/home/user/.m2/repository/org/jline/jline/3.9.0/jline-3.9.0.jar:/home/user/.m2/repository/org/slf4j/slf4j-api/1.7.10/slf4j-api-1.7.10.jar:/workdir/ratis-netty/target/test-classes:/workdir/ratis-grpc/target/test-classes:/workdir/ratis-server/target/test-classes:/workdir/ratis-common/target/test-classes:/workdir/ratis-client/target/test-classes:/workdir/ratis-hadoop/target/classes:/workdir/ratis-hadoop/target/test-classes:/home/user/.m2/repository/org/apache/ratis/ratis-thirdparty-hadoop/0.2.0/ratis-thirdparty-hadoop-0.2.0.jar:/home/user/.m2/repository/junit/junit/4.12/junit-4.12.jar:/home/user/.m2/repository/org/hamcrest/hamcrest-core/1.3/hamcrest-core-1.3.jar:/home/user/.m2/repository/org/mockito/mockito-all/1.8.5/mockito-all-1.8.5.jar:/home/user/.m2/repository/org/apache/hadoop/hadoop-hdfs/3.1.1/hadoop-hdfs-3.1.1-tests.jar:/home/user/.m2/repository/org/eclipse/jetty/jetty-util-ajax/9.3.19.v20170502/jetty-util-ajax-9.3.19.v20170502.jar:/home/user/.m2/repository/commons-daemon/commons-daemon/1.0.13/commons-daemon-1.0.13.jar:/home/user/.m2/repository/io/netty/netty/3.10.5.Final/netty-3.10.5.Final.jar:/home/user/.m2/repository/io/netty/netty-all/4.0.52.Final/netty-all-4.0.52.Final.jar:/home/user/.m2/repository/org/fusesource/leveldbjni/leveldbjni-all/1.8/leveldbjni-all-1.8.jar:/home/user/.m2/repository/org/apache/hadoop/hadoop-client/3.1.1/hadoop-client-3.1.1.jar:/home/user/.m2/repository/org/apache/hadoop/hadoop-hdfs-client/3.1.1/hadoop-hdfs-client-3.1.1.jar:/home/user/.m2/repository/com/squareup/okhttp/okhttp/2.7.5/okhttp-2.7.5.jar:/home/user/.m2/repository/com/squareup/okio/okio/1.6.0/okio-1.6.0.jar:/home/user/.m2/repository/org/apache/hadoop/hadoop-yarn-api/3.1.1/hadoop-yarn-api-3.1.1.jar:/home/user/.m2/repository/javax/xml/bind/jaxb-api/2.2.11/jaxb-api-2.2.11.jar:/home/user/.m2/repository/org/apache/hadoop/hadoop-yarn-client/3.1.1/hadoop-yarn-client-3.1.1.jar:/home/user/.m2/repository/org/apache/hadoop/hadoop-mapreduce-client-core/3.1.1/hadoop-mapreduce-client-core-3.1.1.jar:/home/user/.m2/repository/org/apache/hadoop/hadoop-yarn-common/3.1.1/hadoop-yarn-common-3.1.1.jar:/home/user/.m2/repository/com/sun/jersey/jersey-client/1.19/jersey-client-1.19.jar:/home/user/.m2/repository/com/fasterxml/jackson/module/jackson-module-jaxb-annotations/2.7.8/jackson-module-jaxb-annotations-2.7.8.jar:/home/user/.m2/repository/com/fasterxml/jackson/jaxrs/jackson-jaxrs-json-provider/2.7.8/jackson-jaxrs-json-provider-2.7.8.jar:/home/user/.m2/repository/com/fasterxml/jackson/jaxrs/jackson-jaxrs-base/2.7.8/jackson-jaxrs-base-2.7.8.jar:/home/user/.m2/repository/org/apache/hadoop/hadoop-mapreduce-client-jobclient/3.1.1/hadoop-mapreduce-client-jobclient-3.1.1.jar:/home/user/.m2/repository/org/apache/hadoop/hadoop-mapreduce-client-common/3.1.1/hadoop-mapreduce-client-common-3.1.1.jar:/home/user/.m2/repository/org/apache/hadoop/hadoop-hdfs/3.1.1/hadoop-hdfs-3.1.1.jar:/home/user/.m2/repository/org/apache/hadoop/hadoop-common/3.1.1/hadoop-common-3.1.1-tests.jar:"/>
    <property name="sun.cpu.endian" value="little"/>
    <property name="user.home" value="/home/user"/>
    <property name="user.language" value="en"/>
    <property name="java.specification.vendor" value="Oracle Corporation"/>
    <property name="java.home" value="/usr/lib/jvm/java-1.8-openjdk/jre"/>
    <property name="basedir" value="/workdir/ratis-logservice"/>
    <property name="file.separator" value="/"/>
    <property name="line.separator" value="&#10;"/>
    <property name="java.vm.specification.vendor" value="Oracle Corporation"/>
    <property name="java.specification.name" value="Java Platform API Specification"/>
    <property name="java.awt.graphicsenv" value="sun.awt.X11GraphicsEnvironment"/>
    <property name="surefire.real.class.path" value="/workdir/ratis-logservice/target/surefire/surefirebooter6850826084662999359.jar"/>
    <property name="sun.boot.class.path" value="/usr/lib/jvm/java-1.8-openjdk/jre/lib/resources.jar:/usr/lib/jvm/java-1.8-openjdk/jre/lib/rt.jar:/usr/lib/jvm/java-1.8-openjdk/jre/lib/sunrsasign.jar:/usr/lib/jvm/java-1.8-openjdk/jre/lib/jsse.jar:/usr/lib/jvm/java-1.8-openjdk/jre/lib/jce.jar:/usr/lib/jvm/java-1.8-openjdk/jre/lib/charsets.jar:/usr/lib/jvm/java-1.8-openjdk/jre/lib/jfr.jar:/usr/lib/jvm/java-1.8-openjdk/jre/classes"/>
    <property name="sun.management.compiler" value="HotSpot 64-Bit Tiered Compilers"/>
    <property name="java.runtime.version" value="1.8.0_212-b04"/>
    <property name="java.net.preferIPv4Stack" value="true"/>
    <property name="user.name" value="jenkins1000"/>
    <property name="path.separator" value=":"/>
    <property name="os.version" value="3.10.0-957.12.2.el7.x86_64"/>
    <property name="java.endorsed.dirs" value="/usr/lib/jvm/java-1.8-openjdk/jre/lib/endorsed"/>
    <property name="java.runtime.name" value="OpenJDK Runtime Environment"/>
    <property name="file.encoding" value="UTF-8"/>
    <property name="java.vm.name" value="OpenJDK 64-Bit Server VM"/>
    <property name="localRepository" value="/home/user/.m2/repository"/>
    <property name="java.vendor.url.bug" value="https://icedtea.classpath.org/bugzilla"/>
    <property name="java.io.tmpdir" value="/tmp"/>
    <property name="java.version" value="1.8.0_212"/>
    <property name="user.dir" value="/workdir/ratis-logservice"/>
    <property name="os.arch" value="amd64"/>
    <property name="ratis.tmp.dir" value="/workdir/ratis-logservice/target/tmp"/>
    <property name="java.vm.specification.name" value="Java Virtual Machine Specification"/>
    <property name="java.awt.printerjob" value="sun.print.PSPrinterJob"/>
    <property name="ratis.log.dir" value="/workdir/ratis-logservice/target/log"/>
    <property name="sun.os.patch.level" value="unknown"/>
    <property name="java.library.path" value="/usr/lib/jvm/java-1.8-openjdk/jre/lib/amd64/server:/usr/lib/jvm/java-1.8-openjdk/jre/lib/amd64:/usr/lib/jvm/java-1.8-openjdk/jre/../lib/amd64:/usr/java/packages/lib/amd64:/usr/lib64:/lib64:/lib:/usr/lib"/>
    <property name="java.vm.info" value="mixed mode"/>
    <property name="java.vendor" value="IcedTea"/>
    <property name="java.vm.version" value="25.212-b04"/>
    <property name="java.ext.dirs" value="/usr/lib/jvm/java-1.8-openjdk/jre/lib/ext:/usr/java/packages/lib/ext"/>
    <property name="sun.io.unicode.encoding" value="UnicodeLittle"/>
    <property name="java.class.version" value="52.0"/>
  </properties>
  <testcase name="testReadAllRecords" classname="org.apache.ratis.logservice.TestLogServiceWithNetty" time="60.14"/>
  <testcase name="testSeekFromWrite" classname="org.apache.ratis.logservice.TestLogServiceWithNetty" time="10.566">
    <error type="java.lang.NullPointerException">java.lang.NullPointerException
</error>
    <system-out><![CDATA[2019-09-24 17:38:46,875 INFO  util.LogUtils (LogUtils.java:setLogLevel(41)) - Set org.apache.ratis.conf.ConfUtils log level to WARN
2019-09-24 17:38:46,875 INFO  util.LogUtils (LogUtils.java:setLogLevel(41)) - Set org.apache.ratis.util.FileUtils log level to TRACE
2019-09-24 17:38:46,876 INFO  logservice.LogServiceReadWriteBase (LogServiceReadWriteBase.java:<init>(65)) - Set LogStateMachine OK
2019-09-24 17:38:46,878 INFO  ratis.MiniRaftCluster (MiniRaftCluster.java:<init>(253)) - new MiniRaftClusterWithNetty with group-7EA6BFCFA826:[s0:0.0.0.0:35234, s1:0.0.0.0:44319, s2:0.0.0.0:35385]
2019-09-24 17:38:46,878 INFO  ratis.MiniRaftCluster (MiniRaftCluster.java:start(287)) - .............................................................. 
2019-09-24 17:38:46,878 INFO  ratis.MiniRaftCluster (MiniRaftCluster.java:start(288)) - ... 
2019-09-24 17:38:46,878 INFO  ratis.MiniRaftCluster (MiniRaftCluster.java:start(289)) - ...     Starting MiniRaftClusterWithNetty
2019-09-24 17:38:46,879 INFO  ratis.MiniRaftCluster (MiniRaftCluster.java:start(290)) - ... 
2019-09-24 17:38:46,879 INFO  ratis.MiniRaftCluster (MiniRaftCluster.java:start(291)) - .............................................................. 
2019-09-24 17:38:46,879 INFO  ratis.MiniRaftCluster (MiniRaftCluster.java:initServers(265)) - servers = {}
2019-09-24 17:38:46,879 INFO  ratis.MiniRaftCluster (MiniRaftCluster.java:newRaftServer(330)) - newRaftServer: s0, group-7EA6BFCFA826:[s0:0.0.0.0:35234, s1:0.0.0.0:44319, s2:0.0.0.0:35385], format? true
2019-09-24 17:38:46,879 TRACE util.FileUtils (FileUtils.java:deleteFully(88)) - deleteFully target/test/data/9271f28e/MiniRaftClusterWithNetty1105c32e/s0
2019-09-24 17:38:46,880 TRACE util.FileUtils (FileUtils.java:deleteFully(104)) - deleteFully: target/test/data/9271f28e/MiniRaftClusterWithNetty1105c32e/s0 does not exist.
2019-09-24 17:38:46,880 INFO  ratis.MiniRaftCluster (MiniRaftCluster.java:newRaftServer(335)) - Formatted directory target/test/data/9271f28e/MiniRaftClusterWithNetty1105c32e/s0
2019-09-24 17:38:46,881 INFO  impl.RaftServerProxy (ConfUtils.java:logGet(43)) - raft.rpc.type = NETTY (custom)
2019-09-24 17:38:46,883 INFO  netty.NettyConfigKeys$Server (ConfUtils.java:logGet(43)) - raft.netty.server.port = 35234 (custom)
2019-09-24 17:38:46,885 INFO  server.RaftServerConfigKeys (ConfUtils.java:logGet(43)) - raft.server.storage.dir = [/workdir/ratis-logservice/target/test/data/9271f28e/MiniRaftClusterWithNetty1105c32e/s0] (custom)
2019-09-24 17:38:46,886 INFO  logging.LoggingHandler (AbstractInternalLogger.java:log(150)) - [id: 0xda1b060c] REGISTERED
2019-09-24 17:38:46,886 INFO  logging.LoggingHandler (AbstractInternalLogger.java:log(150)) - [id: 0xda1b060c] BIND: 0.0.0.0/0.0.0.0:35234
2019-09-24 17:38:46,886 INFO  impl.RaftServerProxy (RaftServerProxy.java:addNew(89)) - s0: addNew group-7EA6BFCFA826:[s0:0.0.0.0:35234, s1:0.0.0.0:44319, s2:0.0.0.0:35385] returns group-7EA6BFCFA826:java.util.concurrent.CompletableFuture@2dc6c00[Not completed]
2019-09-24 17:38:46,886 INFO  logging.LoggingHandler (AbstractInternalLogger.java:log(150)) - [id: 0xda1b060c, L:/0.0.0.0:35234] ACTIVE
2019-09-24 17:38:46,887 INFO  impl.RaftServerImpl (RaftServerImpl.java:<init>(95)) - s0: new RaftServerImpl for group-7EA6BFCFA826:[s0:0.0.0.0:35234, s1:0.0.0.0:44319, s2:0.0.0.0:35385] with LogStateMachine:uninitialized
2019-09-24 17:38:46,887 INFO  server.RaftServerConfigKeys (ConfUtils.java:logGet(43)) - raft.server.rpc.timeout.min = 150ms (default)
2019-09-24 17:38:46,888 INFO  server.RaftServerConfigKeys (ConfUtils.java:logGet(43)) - raft.server.rpc.timeout.max = 300ms (default)
2019-09-24 17:38:46,888 INFO  server.RaftServerConfigKeys (ConfUtils.java:logGet(43)) - raft.server.rpcslowness.timeout = 60s (default)
2019-09-24 17:38:46,888 INFO  server.RaftServerConfigKeys (ConfUtils.java:logGet(43)) - raft.server.sleep.deviation.threshold = 300 (default)
2019-09-24 17:38:46,888 INFO  server.RaftServerConfigKeys (ConfUtils.java:logGet(43)) - raft.server.log.appender.install.snapshot.enabled = true (default)
2019-09-24 17:38:46,888 INFO  impl.RaftServerImpl (ServerState.java:<init>(103)) - s0@group-7EA6BFCFA826: ConfigurationManager, init=-1: [s0:0.0.0.0:35234, s1:0.0.0.0:44319, s2:0.0.0.0:35385], old=null, confs=<EMPTY_MAP>
2019-09-24 17:38:46,888 INFO  ratis.MiniRaftCluster (MiniRaftCluster.java:newRaftServer(330)) - newRaftServer: s1, group-7EA6BFCFA826:[s0:0.0.0.0:35234, s1:0.0.0.0:44319, s2:0.0.0.0:35385], format? true
2019-09-24 17:38:46,889 INFO  server.RaftServerConfigKeys (ConfUtils.java:logGet(43)) - raft.server.storage.dir = [/workdir/ratis-logservice/target/test/data/9271f28e/MiniRaftClusterWithNetty1105c32e/s0] (custom)
2019-09-24 17:38:46,889 TRACE util.FileUtils (FileUtils.java:deleteFully(88)) - deleteFully target/test/data/9271f28e/MiniRaftClusterWithNetty1105c32e/s1
2019-09-24 17:38:46,889 INFO  server.RaftServerConfigKeys (ConfUtils.java:logGet(43)) - raft.server.log.corruption.policy = EXCEPTION (default)
2019-09-24 17:38:46,889 TRACE util.FileUtils (FileUtils.java:deleteFully(104)) - deleteFully: target/test/data/9271f28e/MiniRaftClusterWithNetty1105c32e/s1 does not exist.
2019-09-24 17:38:46,889 INFO  ratis.MiniRaftCluster (MiniRaftCluster.java:newRaftServer(335)) - Formatted directory target/test/data/9271f28e/MiniRaftClusterWithNetty1105c32e/s1
2019-09-24 17:38:46,889 INFO  storage.RaftStorageDirectory (RaftStorageDirectory.java:analyzeStorage(246)) - The storage directory /workdir/ratis-logservice/target/test/data/9271f28e/MiniRaftClusterWithNetty1105c32e/s0/08c2c18f-bb78-4e5e-9407-7ea6bfcfa826 does not exist. Creating ...
2019-09-24 17:38:46,890 INFO  impl.RaftServerProxy (ConfUtils.java:logGet(43)) - raft.rpc.type = NETTY (custom)
2019-09-24 17:38:46,890 TRACE util.FileUtils (LogUtils.java:runAndLog(61)) - Successfully ran Files.createDirectories /workdir/ratis-logservice/target/test/data/9271f28e/MiniRaftClusterWithNetty1105c32e/s0/08c2c18f-bb78-4e5e-9407-7ea6bfcfa826
2019-09-24 17:38:46,891 INFO  netty.NettyConfigKeys$Server (ConfUtils.java:logGet(43)) - raft.netty.server.port = 44319 (custom)
2019-09-24 17:38:46,892 INFO  server.RaftServerConfigKeys (ConfUtils.java:logGet(43)) - raft.server.storage.dir = [/workdir/ratis-logservice/target/test/data/9271f28e/MiniRaftClusterWithNetty1105c32e/s1] (custom)
2019-09-24 17:38:46,893 INFO  logging.LoggingHandler (AbstractInternalLogger.java:log(150)) - [id: 0x280526c9] REGISTERED
2019-09-24 17:38:46,893 INFO  impl.RaftServerProxy (RaftServerProxy.java:addNew(89)) - s1: addNew group-7EA6BFCFA826:[s0:0.0.0.0:35234, s1:0.0.0.0:44319, s2:0.0.0.0:35385] returns group-7EA6BFCFA826:java.util.concurrent.CompletableFuture@61588d13[Not completed]
2019-09-24 17:38:46,893 INFO  logging.LoggingHandler (AbstractInternalLogger.java:log(150)) - [id: 0x280526c9] BIND: 0.0.0.0/0.0.0.0:44319
2019-09-24 17:38:46,894 INFO  logging.LoggingHandler (AbstractInternalLogger.java:log(150)) - [id: 0x280526c9, L:/0.0.0.0:44319] ACTIVE
2019-09-24 17:38:46,894 INFO  ratis.MiniRaftCluster (MiniRaftCluster.java:newRaftServer(330)) - newRaftServer: s2, group-7EA6BFCFA826:[s0:0.0.0.0:35234, s1:0.0.0.0:44319, s2:0.0.0.0:35385], format? true
2019-09-24 17:38:46,894 TRACE util.FileUtils (FileUtils.java:deleteFully(88)) - deleteFully target/test/data/9271f28e/MiniRaftClusterWithNetty1105c32e/s2
2019-09-24 17:38:46,895 TRACE util.FileUtils (FileUtils.java:deleteFully(104)) - deleteFully: target/test/data/9271f28e/MiniRaftClusterWithNetty1105c32e/s2 does not exist.
2019-09-24 17:38:46,895 INFO  impl.RaftServerImpl (RaftServerImpl.java:<init>(95)) - s1: new RaftServerImpl for group-7EA6BFCFA826:[s0:0.0.0.0:35234, s1:0.0.0.0:44319, s2:0.0.0.0:35385] with LogStateMachine:uninitialized
2019-09-24 17:38:46,895 INFO  ratis.MiniRaftCluster (MiniRaftCluster.java:newRaftServer(335)) - Formatted directory target/test/data/9271f28e/MiniRaftClusterWithNetty1105c32e/s2
2019-09-24 17:38:46,895 INFO  server.RaftServerConfigKeys (ConfUtils.java:logGet(43)) - raft.server.rpc.timeout.min = 150ms (default)
2019-09-24 17:38:46,896 INFO  server.RaftServerConfigKeys (ConfUtils.java:logGet(43)) - raft.server.rpc.timeout.max = 300ms (default)
2019-09-24 17:38:46,896 INFO  impl.RaftServerProxy (ConfUtils.java:logGet(43)) - raft.rpc.type = NETTY (custom)
2019-09-24 17:38:46,896 INFO  server.RaftServerConfigKeys (ConfUtils.java:logGet(43)) - raft.server.rpcslowness.timeout = 60s (default)
2019-09-24 17:38:46,896 INFO  server.RaftServerConfigKeys (ConfUtils.java:logGet(43)) - raft.server.sleep.deviation.threshold = 300 (default)
2019-09-24 17:38:46,896 INFO  server.RaftServerConfigKeys (ConfUtils.java:logGet(43)) - raft.server.log.appender.install.snapshot.enabled = true (default)
2019-09-24 17:38:46,897 INFO  impl.RaftServerImpl (ServerState.java:<init>(103)) - s1@group-7EA6BFCFA826: ConfigurationManager, init=-1: [s0:0.0.0.0:35234, s1:0.0.0.0:44319, s2:0.0.0.0:35385], old=null, confs=<EMPTY_MAP>
2019-09-24 17:38:46,897 INFO  server.RaftServerConfigKeys (ConfUtils.java:logGet(43)) - raft.server.storage.dir = [/workdir/ratis-logservice/target/test/data/9271f28e/MiniRaftClusterWithNetty1105c32e/s1] (custom)
2019-09-24 17:38:46,897 INFO  netty.NettyConfigKeys$Server (ConfUtils.java:logGet(43)) - raft.netty.server.port = 35385 (custom)
2019-09-24 17:38:46,897 INFO  server.RaftServerConfigKeys (ConfUtils.java:logGet(43)) - raft.server.log.corruption.policy = EXCEPTION (default)
2019-09-24 17:38:46,898 INFO  storage.RaftStorageDirectory (RaftStorageDirectory.java:analyzeStorage(246)) - The storage directory /workdir/ratis-logservice/target/test/data/9271f28e/MiniRaftClusterWithNetty1105c32e/s1/08c2c18f-bb78-4e5e-9407-7ea6bfcfa826 does not exist. Creating ...
2019-09-24 17:38:46,898 INFO  server.RaftServerConfigKeys (ConfUtils.java:logGet(43)) - raft.server.storage.dir = [/workdir/ratis-logservice/target/test/data/9271f28e/MiniRaftClusterWithNetty1105c32e/s2] (custom)
2019-09-24 17:38:46,898 INFO  logging.LoggingHandler (AbstractInternalLogger.java:log(150)) - [id: 0x185582d9] REGISTERED
2019-09-24 17:38:46,899 TRACE util.FileUtils (LogUtils.java:runAndLog(61)) - Successfully ran Files.createDirectories /workdir/ratis-logservice/target/test/data/9271f28e/MiniRaftClusterWithNetty1105c32e/s1/08c2c18f-bb78-4e5e-9407-7ea6bfcfa826
2019-09-24 17:38:46,899 INFO  impl.RaftServerProxy (RaftServerProxy.java:addNew(89)) - s2: addNew group-7EA6BFCFA826:[s0:0.0.0.0:35234, s1:0.0.0.0:44319, s2:0.0.0.0:35385] returns group-7EA6BFCFA826:java.util.concurrent.CompletableFuture@39a31302[Not completed]
2019-09-24 17:38:46,899 INFO  logging.LoggingHandler (AbstractInternalLogger.java:log(150)) - [id: 0x185582d9] BIND: 0.0.0.0/0.0.0.0:35385
2019-09-24 17:38:46,899 INFO  logging.LoggingHandler (AbstractInternalLogger.java:log(150)) - [id: 0x185582d9, L:/0.0.0.0:35385] ACTIVE
2019-09-24 17:38:46,900 INFO  impl.RaftServerImpl (RaftServerImpl.java:<init>(95)) - s2: new RaftServerImpl for group-7EA6BFCFA826:[s0:0.0.0.0:35234, s1:0.0.0.0:44319, s2:0.0.0.0:35385] with LogStateMachine:uninitialized
2019-09-24 17:38:46,900 INFO  server.RaftServerConfigKeys (ConfUtils.java:logGet(43)) - raft.server.rpc.timeout.min = 150ms (default)
2019-09-24 17:38:46,901 INFO  server.RaftServerConfigKeys (ConfUtils.java:logGet(43)) - raft.server.rpc.timeout.max = 300ms (default)
2019-09-24 17:38:46,901 INFO  server.RaftServerConfigKeys (ConfUtils.java:logGet(43)) - raft.server.rpcslowness.timeout = 60s (default)
2019-09-24 17:38:46,901 INFO  server.RaftServerConfigKeys (ConfUtils.java:logGet(43)) - raft.server.sleep.deviation.threshold = 300 (default)
2019-09-24 17:38:46,901 INFO  server.RaftServerConfigKeys (ConfUtils.java:logGet(43)) - raft.server.log.appender.install.snapshot.enabled = true (default)
2019-09-24 17:38:46,901 INFO  impl.RaftServerImpl (ServerState.java:<init>(103)) - s2@group-7EA6BFCFA826: ConfigurationManager, init=-1: [s0:0.0.0.0:35234, s1:0.0.0.0:44319, s2:0.0.0.0:35385], old=null, confs=<EMPTY_MAP>
2019-09-24 17:38:46,902 INFO  server.RaftServerConfigKeys (ConfUtils.java:logGet(43)) - raft.server.storage.dir = [/workdir/ratis-logservice/target/test/data/9271f28e/MiniRaftClusterWithNetty1105c32e/s2] (custom)
2019-09-24 17:38:46,902 INFO  server.RaftServerConfigKeys (ConfUtils.java:logGet(43)) - raft.server.log.corruption.policy = EXCEPTION (default)
2019-09-24 17:38:46,902 INFO  storage.RaftStorageDirectory (RaftStorageDirectory.java:analyzeStorage(246)) - The storage directory /workdir/ratis-logservice/target/test/data/9271f28e/MiniRaftClusterWithNetty1105c32e/s2/08c2c18f-bb78-4e5e-9407-7ea6bfcfa826 does not exist. Creating ...
2019-09-24 17:38:46,903 TRACE util.FileUtils (LogUtils.java:runAndLog(61)) - Successfully ran Files.createDirectories /workdir/ratis-logservice/target/test/data/9271f28e/MiniRaftClusterWithNetty1105c32e/s2/08c2c18f-bb78-4e5e-9407-7ea6bfcfa826
2019-09-24 17:38:46,921 INFO  storage.RaftStorageDirectory (RaftStorageDirectory.java:tryLock(328)) - Lock on /workdir/ratis-logservice/target/test/data/9271f28e/MiniRaftClusterWithNetty1105c32e/s1/08c2c18f-bb78-4e5e-9407-7ea6bfcfa826/in_use.lock acquired by nodename 662@ratis-test-vphbd-3564017154
2019-09-24 17:38:46,921 INFO  storage.RaftStorageDirectory (RaftStorageDirectory.java:tryLock(328)) - Lock on /workdir/ratis-logservice/target/test/data/9271f28e/MiniRaftClusterWithNetty1105c32e/s0/08c2c18f-bb78-4e5e-9407-7ea6bfcfa826/in_use.lock acquired by nodename 662@ratis-test-vphbd-3564017154
2019-09-24 17:38:46,922 TRACE util.FileUtils (LogUtils.java:runAndLog(61)) - Successfully ran Files.createDirectories /workdir/ratis-logservice/target/test/data/9271f28e/MiniRaftClusterWithNetty1105c32e/s1/08c2c18f-bb78-4e5e-9407-7ea6bfcfa826/current
2019-09-24 17:38:46,922 TRACE util.FileUtils (LogUtils.java:runAndLog(61)) - Successfully ran Files.createDirectories /workdir/ratis-logservice/target/test/data/9271f28e/MiniRaftClusterWithNetty1105c32e/s0/08c2c18f-bb78-4e5e-9407-7ea6bfcfa826/current
2019-09-24 17:38:46,923 TRACE util.FileUtils (LogUtils.java:runAndLog(61)) - Successfully ran Files.createDirectories /workdir/ratis-logservice/target/test/data/9271f28e/MiniRaftClusterWithNetty1105c32e/s1/08c2c18f-bb78-4e5e-9407-7ea6bfcfa826/sm
2019-09-24 17:38:46,923 TRACE util.FileUtils (LogUtils.java:runAndLog(61)) - Successfully ran Files.createDirectories /workdir/ratis-logservice/target/test/data/9271f28e/MiniRaftClusterWithNetty1105c32e/s0/08c2c18f-bb78-4e5e-9407-7ea6bfcfa826/sm
2019-09-24 17:38:46,924 INFO  storage.RaftStorageDirectory (RaftStorageDirectory.java:tryLock(328)) - Lock on /workdir/ratis-logservice/target/test/data/9271f28e/MiniRaftClusterWithNetty1105c32e/s2/08c2c18f-bb78-4e5e-9407-7ea6bfcfa826/in_use.lock acquired by nodename 662@ratis-test-vphbd-3564017154
2019-09-24 17:38:46,925 TRACE util.FileUtils (LogUtils.java:runAndLog(61)) - Successfully ran Files.createDirectories /workdir/ratis-logservice/target/test/data/9271f28e/MiniRaftClusterWithNetty1105c32e/s2/08c2c18f-bb78-4e5e-9407-7ea6bfcfa826/current
2019-09-24 17:38:46,925 TRACE util.FileUtils (LogUtils.java:runAndLog(61)) - Successfully ran Files.createDirectories /workdir/ratis-logservice/target/test/data/9271f28e/MiniRaftClusterWithNetty1105c32e/s2/08c2c18f-bb78-4e5e-9407-7ea6bfcfa826/sm
2019-09-24 17:38:46,940 INFO  storage.RaftStorage (RaftStorage.java:format(84)) - Storage directory /workdir/ratis-logservice/target/test/data/9271f28e/MiniRaftClusterWithNetty1105c32e/s2/08c2c18f-bb78-4e5e-9407-7ea6bfcfa826 has been successfully formatted.
2019-09-24 17:38:46,940 INFO  storage.RaftStorage (RaftStorage.java:format(84)) - Storage directory /workdir/ratis-logservice/target/test/data/9271f28e/MiniRaftClusterWithNetty1105c32e/s1/08c2c18f-bb78-4e5e-9407-7ea6bfcfa826 has been successfully formatted.
2019-09-24 17:38:46,940 INFO  storage.RaftStorage (RaftStorage.java:format(84)) - Storage directory /workdir/ratis-logservice/target/test/data/9271f28e/MiniRaftClusterWithNetty1105c32e/s0/08c2c18f-bb78-4e5e-9407-7ea6bfcfa826 has been successfully formatted.
2019-09-24 17:38:46,943 WARN  server.LogStateMachine (LogStateMachine.java:load(226)) - The snapshot info is null.
2019-09-24 17:38:46,944 INFO  server.RaftServerConfigKeys (ConfUtils.java:logGet(43)) - raft.server.notification.no-leader.timeout = 60s (default)
2019-09-24 17:38:46,944 INFO  server.RaftServerConfigKeys (ConfUtils.java:logGet(43)) - raft.server.log.use.memory = false (default)
2019-09-24 17:38:46,945 INFO  server.RaftServerConfigKeys (ConfUtils.java:logGet(43)) - raft.server.log.purge.gap = 1024 (default)
2019-09-24 17:38:46,945 INFO  server.RaftServerConfigKeys (ConfUtils.java:logGet(43)) - raft.server.log.appender.buffer.byte-limit = 4MB (=4194304) (default)
2019-09-24 17:38:46,945 WARN  server.LogStateMachine (LogStateMachine.java:load(226)) - The snapshot info is null.
2019-09-24 17:38:46,945 INFO  server.RaftServerConfigKeys (ConfUtils.java:logGet(43)) - raft.server.log.segment.size.max = 8MB (=8388608) (default)
2019-09-24 17:38:46,945 INFO  server.RaftServerConfigKeys (ConfUtils.java:logGet(43)) - raft.server.notification.no-leader.timeout = 60s (default)
2019-09-24 17:38:46,945 INFO  server.RaftServerConfigKeys (ConfUtils.java:logGet(43)) - raft.server.log.segment.cache.num.max = 6 (default)
2019-09-24 17:38:46,945 INFO  server.RaftServerConfigKeys (ConfUtils.java:logGet(43)) - raft.server.log.use.memory = false (default)
2019-09-24 17:38:46,946 INFO  segmented.SegmentedRaftLogWorker (SegmentedRaftLogWorker.java:<init>(172)) - new s2@group-7EA6BFCFA826-SegmentedRaftLogWorker for RaftStorage:Storage Directory /workdir/ratis-logservice/target/test/data/9271f28e/MiniRaftClusterWithNetty1105c32e/s2/08c2c18f-bb78-4e5e-9407-7ea6bfcfa826
2019-09-24 17:38:46,946 INFO  server.RaftServerConfigKeys (ConfUtils.java:logGet(43)) - raft.server.log.purge.gap = 1024 (default)
2019-09-24 17:38:46,946 INFO  server.RaftServerConfigKeys (ConfUtils.java:logGet(43)) - raft.server.log.queue.byte-limit = 64MB (=67108864) (default)
2019-09-24 17:38:46,946 INFO  server.RaftServerConfigKeys (ConfUtils.java:logGet(43)) - raft.server.log.appender.buffer.byte-limit = 4MB (=4194304) (default)
2019-09-24 17:38:46,946 WARN  server.LogStateMachine (LogStateMachine.java:load(226)) - The snapshot info is null.
2019-09-24 17:38:46,946 INFO  server.RaftServerConfigKeys (ConfUtils.java:logGet(43)) - raft.server.log.segment.size.max = 8MB (=8388608) (default)
2019-09-24 17:38:46,946 INFO  server.RaftServerConfigKeys (ConfUtils.java:logGet(43)) - raft.server.log.queue.element-limit = 4096 (default)
2019-09-24 17:38:46,947 INFO  server.RaftServerConfigKeys (ConfUtils.java:logGet(43)) - raft.server.log.segment.cache.num.max = 6 (default)
2019-09-24 17:38:46,947 INFO  server.RaftServerConfigKeys (ConfUtils.java:logGet(43)) - raft.server.notification.no-leader.timeout = 60s (default)
2019-09-24 17:38:46,947 INFO  segmented.SegmentedRaftLogWorker (SegmentedRaftLogWorker.java:<init>(172)) - new s0@group-7EA6BFCFA826-SegmentedRaftLogWorker for RaftStorage:Storage Directory /workdir/ratis-logservice/target/test/data/9271f28e/MiniRaftClusterWithNetty1105c32e/s0/08c2c18f-bb78-4e5e-9407-7ea6bfcfa826
2019-09-24 17:38:46,947 INFO  server.RaftServerConfigKeys (ConfUtils.java:logGet(43)) - raft.server.log.segment.size.max = 8MB (=8388608) (default)
2019-09-24 17:38:46,947 INFO  server.RaftServerConfigKeys (ConfUtils.java:logGet(43)) - raft.server.log.queue.byte-limit = 64MB (=67108864) (default)
2019-09-24 17:38:46,947 INFO  server.RaftServerConfigKeys (ConfUtils.java:logGet(43)) - raft.server.log.use.memory = false (default)
2019-09-24 17:38:46,947 INFO  server.RaftServerConfigKeys (ConfUtils.java:logGet(43)) - raft.server.log.queue.element-limit = 4096 (default)
2019-09-24 17:38:46,947 INFO  server.RaftServerConfigKeys (ConfUtils.java:logGet(43)) - raft.server.log.preallocated.size = 4MB (=4194304) (default)
2019-09-24 17:38:46,948 INFO  server.RaftServerConfigKeys (ConfUtils.java:logGet(43)) - raft.server.log.segment.size.max = 8MB (=8388608) (default)
2019-09-24 17:38:46,948 INFO  server.RaftServerConfigKeys (ConfUtils.java:logGet(43)) - raft.server.log.purge.gap = 1024 (default)
2019-09-24 17:38:46,948 INFO  server.RaftServerConfigKeys (ConfUtils.java:logGet(43)) - raft.server.log.preallocated.size = 4MB (=4194304) (default)
2019-09-24 17:38:46,948 INFO  server.RaftServerConfigKeys (ConfUtils.java:logGet(43)) - raft.server.log.write.buffer.size = 64KB (=65536) (default)
2019-09-24 17:38:46,948 INFO  server.RaftServerConfigKeys (ConfUtils.java:logGet(43)) - raft.server.log.write.buffer.size = 64KB (=65536) (default)
2019-09-24 17:38:46,948 INFO  server.RaftServerConfigKeys (ConfUtils.java:logGet(43)) - raft.server.log.appender.buffer.byte-limit = 4MB (=4194304) (default)
2019-09-24 17:38:46,949 INFO  server.RaftServerConfigKeys (ConfUtils.java:logGet(43)) - raft.server.log.force.sync.num = 128 (default)
2019-09-24 17:38:46,949 INFO  server.RaftServerConfigKeys (ConfUtils.java:logGet(43)) - raft.server.log.force.sync.num = 128 (default)
2019-09-24 17:38:46,949 INFO  server.RaftServerConfigKeys (ConfUtils.java:logGet(43)) - raft.server.log.statemachine.data.sync = true (default)
2019-09-24 17:38:46,949 INFO  server.RaftServerConfigKeys (ConfUtils.java:logGet(43)) - raft.server.log.segment.size.max = 8MB (=8388608) (default)
2019-09-24 17:38:46,949 INFO  server.RaftServerConfigKeys (ConfUtils.java:logGet(43)) - raft.server.log.statemachine.data.sync.timeout = 10s (default)
2019-09-24 17:38:46,949 INFO  server.RaftServerConfigKeys (ConfUtils.java:logGet(43)) - raft.server.log.statemachine.data.sync = true (default)
2019-09-24 17:38:46,950 INFO  server.RaftServerConfigKeys (ConfUtils.java:logGet(43)) - raft.server.log.statemachine.data.sync.timeout.retry = -1 (default)
2019-09-24 17:38:46,949 INFO  server.RaftServerConfigKeys (ConfUtils.java:logGet(43)) - raft.server.log.segment.cache.num.max = 6 (default)
2019-09-24 17:38:46,950 INFO  server.RaftServerConfigKeys (ConfUtils.java:logGet(43)) - raft.server.log.statemachine.data.caching.enabled = false (default)
2019-09-24 17:38:46,950 INFO  server.RaftServerConfigKeys (ConfUtils.java:logGet(43)) - raft.server.log.statemachine.data.sync.timeout = 10s (default)
2019-09-24 17:38:46,950 INFO  segmented.SegmentedRaftLogWorker (SegmentedRaftLogWorker.java:<init>(172)) - new s1@group-7EA6BFCFA826-SegmentedRaftLogWorker for RaftStorage:Storage Directory /workdir/ratis-logservice/target/test/data/9271f28e/MiniRaftClusterWithNetty1105c32e/s1/08c2c18f-bb78-4e5e-9407-7ea6bfcfa826
2019-09-24 17:38:46,950 INFO  server.RaftServerConfigKeys (ConfUtils.java:logGet(43)) - raft.server.log.statemachine.data.sync.timeout.retry = -1 (default)
2019-09-24 17:38:46,950 INFO  segmented.SegmentedRaftLogWorker (SegmentedRaftLogWorker.java:lambda$new$0(132)) - s0@group-7EA6BFCFA826-SegmentedRaftLogWorker: flushIndex: setUnconditionally 0 -> -1
2019-09-24 17:38:46,950 INFO  server.RaftServerConfigKeys (ConfUtils.java:logGet(43)) - raft.server.log.queue.byte-limit = 64MB (=67108864) (default)
2019-09-24 17:38:46,951 INFO  server.RaftServerConfigKeys (ConfUtils.java:logGet(43)) - raft.server.log.statemachine.data.caching.enabled = false (default)
2019-09-24 17:38:46,951 INFO  server.RaftServerConfigKeys (ConfUtils.java:logGet(43)) - raft.server.snapshot.auto.trigger.enabled = false (default)
2019-09-24 17:38:46,951 INFO  server.RaftServerConfigKeys (ConfUtils.java:logGet(43)) - raft.server.log.queue.element-limit = 4096 (default)
2019-09-24 17:38:46,951 INFO  segmented.SegmentedRaftLogWorker (SegmentedRaftLogWorker.java:lambda$new$0(132)) - s2@group-7EA6BFCFA826-SegmentedRaftLogWorker: flushIndex: setUnconditionally 0 -> -1
2019-09-24 17:38:46,951 INFO  server.RaftServerConfigKeys (ConfUtils.java:logGet(43)) - raft.server.snapshot.retention.file.num = -1 (default)
2019-09-24 17:38:46,951 INFO  server.RaftServerConfigKeys (ConfUtils.java:logGet(43)) - raft.server.log.segment.size.max = 8MB (=8388608) (default)
2019-09-24 17:38:46,952 INFO  server.RaftServerConfigKeys (ConfUtils.java:logGet(43)) - raft.server.snapshot.auto.trigger.enabled = false (default)
2019-09-24 17:38:46,952 INFO  server.RaftServerConfigKeys (ConfUtils.java:logGet(43)) - raft.server.retrycache.expirytime = 60s (default)
2019-09-24 17:38:46,952 INFO  server.RaftServerConfigKeys (ConfUtils.java:logGet(43)) - raft.server.snapshot.retention.file.num = -1 (default)
2019-09-24 17:38:46,952 INFO  server.RaftServerConfigKeys (ConfUtils.java:logGet(43)) - raft.server.log.preallocated.size = 4MB (=4194304) (default)
2019-09-24 17:38:46,952 INFO  server.RaftServerConfigKeys (ConfUtils.java:logGet(43)) - raft.server.retrycache.expirytime = 60s (default)
2019-09-24 17:38:46,952 INFO  server.RaftServerConfigKeys (ConfUtils.java:logGet(43)) - raft.server.log.write.buffer.size = 64KB (=65536) (default)
2019-09-24 17:38:46,953 INFO  server.RaftServerConfigKeys (ConfUtils.java:logGet(43)) - raft.server.log.force.sync.num = 128 (default)
2019-09-24 17:38:46,953 INFO  server.RaftServerConfigKeys (ConfUtils.java:logGet(43)) - raft.server.log.statemachine.data.sync = true (default)
2019-09-24 17:38:46,953 INFO  server.RaftServerConfigKeys (ConfUtils.java:logGet(43)) - raft.server.log.statemachine.data.sync.timeout = 10s (default)
2019-09-24 17:38:46,953 INFO  server.RaftServerConfigKeys (ConfUtils.java:logGet(43)) - raft.server.log.statemachine.data.sync.timeout.retry = -1 (default)
2019-09-24 17:38:46,954 INFO  server.RaftServerConfigKeys (ConfUtils.java:logGet(43)) - raft.server.log.statemachine.data.caching.enabled = false (default)
2019-09-24 17:38:46,954 INFO  segmented.SegmentedRaftLogWorker (SegmentedRaftLogWorker.java:lambda$new$0(132)) - s1@group-7EA6BFCFA826-SegmentedRaftLogWorker: flushIndex: setUnconditionally 0 -> -1
2019-09-24 17:38:46,954 INFO  server.RaftServerConfigKeys (ConfUtils.java:logGet(43)) - raft.server.snapshot.auto.trigger.enabled = false (default)
2019-09-24 17:38:46,955 INFO  server.RaftServerConfigKeys (ConfUtils.java:logGet(43)) - raft.server.snapshot.retention.file.num = -1 (default)
2019-09-24 17:38:46,955 INFO  server.RaftServerConfigKeys (ConfUtils.java:logGet(43)) - raft.server.retrycache.expirytime = 60s (default)
2019-09-24 17:38:46,957 INFO  impl.RaftServerImpl (RaftServerImpl.java:start(181)) - s0@group-7EA6BFCFA826: start as a follower, conf=-1: [s0:0.0.0.0:35234, s1:0.0.0.0:44319, s2:0.0.0.0:35385], old=null
2019-09-24 17:38:46,957 INFO  impl.RaftServerImpl (RaftServerImpl.java:setRole(170)) - s0@group-7EA6BFCFA826: changes role from      null to FOLLOWER at term 0 for startAsFollower
2019-09-24 17:38:46,957 INFO  impl.RoleInfo (RoleInfo.java:updateAndGet(143)) - s0: start FollowerState
2019-09-24 17:38:46,958 INFO  util.JmxRegister (JmxRegister.java:tryRegister(44)) - Successfully registered JMX Bean with object name Ratis:service=RaftServer,group=group-7EA6BFCFA826,id=s0
2019-09-24 17:38:46,963 INFO  impl.RaftServerProxy (RaftServerProxy.java:lambda$start$3(299)) - s0: start RPC server
2019-09-24 17:38:46,964 INFO  impl.RaftServerImpl (RaftServerImpl.java:start(181)) - s1@group-7EA6BFCFA826: start as a follower, conf=-1: [s0:0.0.0.0:35234, s1:0.0.0.0:44319, s2:0.0.0.0:35385], old=null
2019-09-24 17:38:46,964 INFO  impl.RaftServerImpl (RaftServerImpl.java:setRole(170)) - s1@group-7EA6BFCFA826: changes role from      null to FOLLOWER at term 0 for startAsFollower
2019-09-24 17:38:46,964 INFO  impl.RoleInfo (RoleInfo.java:updateAndGet(143)) - s1: start FollowerState
2019-09-24 17:38:46,965 INFO  util.JmxRegister (JmxRegister.java:tryRegister(44)) - Successfully registered JMX Bean with object name Ratis:service=RaftServer,group=group-7EA6BFCFA826,id=s1
2019-09-24 17:38:46,969 INFO  impl.RaftServerProxy (RaftServerProxy.java:lambda$start$3(299)) - s1: start RPC server
2019-09-24 17:38:46,969 INFO  impl.RaftServerImpl (RaftServerImpl.java:start(181)) - s2@group-7EA6BFCFA826: start as a follower, conf=-1: [s0:0.0.0.0:35234, s1:0.0.0.0:44319, s2:0.0.0.0:35385], old=null
2019-09-24 17:38:46,970 INFO  impl.RaftServerImpl (RaftServerImpl.java:setRole(170)) - s2@group-7EA6BFCFA826: changes role from      null to FOLLOWER at term 0 for startAsFollower
2019-09-24 17:38:46,970 INFO  impl.RoleInfo (RoleInfo.java:updateAndGet(143)) - s2: start FollowerState
2019-09-24 17:38:46,970 INFO  util.JmxRegister (JmxRegister.java:tryRegister(44)) - Successfully registered JMX Bean with object name Ratis:service=RaftServer,group=group-7EA6BFCFA826,id=s2
2019-09-24 17:38:46,974 INFO  impl.RaftServerProxy (RaftServerProxy.java:lambda$start$3(299)) - s2: start RPC server
2019-09-24 17:38:46,975 INFO  server.RaftServerConfigKeys (ConfUtils.java:logGet(43)) - raft.server.rpc.timeout.max = 300ms (default)
2019-09-24 17:38:46,975 INFO  ratis.RaftTestUtil (RaftTestUtil.java:waitForLeader(86)) - printing ALL groups
  s0:  RUNNING  FOLLOWER s0@group-7EA6BFCFA826:t0, leader=null, voted=null, raftlog=s0@group-7EA6BFCFA826-SegmentedRaftLog:OPENED:c-1,f-1,i0, conf=-1: [s0:0.0.0.0:35234, s1:0.0.0.0:44319, s2:0.0.0.0:35385], old=null RUNNING
  s1:  RUNNING  FOLLOWER s1@group-7EA6BFCFA826:t0, leader=null, voted=null, raftlog=s1@group-7EA6BFCFA826-SegmentedRaftLog:OPENED:c-1,f-1,i0, conf=-1: [s0:0.0.0.0:35234, s1:0.0.0.0:44319, s2:0.0.0.0:35385], old=null RUNNING
  s2:  RUNNING  FOLLOWER s2@group-7EA6BFCFA826:t0, leader=null, voted=null, raftlog=s2@group-7EA6BFCFA826-SegmentedRaftLog:OPENED:c-1,f-1,i0, conf=-1: [s0:0.0.0.0:35234, s1:0.0.0.0:44319, s2:0.0.0.0:35385], old=null RUNNING
2019-09-24 17:38:46,976 WARN  ratis.RaftTestUtil (JavaUtils.java:attempt(158)) - FAILED "waitForLeader-null-(expectLeader? true)", attempt #1/100: java.lang.IllegalStateException: No leader yet : printing ALL groups
  s0:  RUNNING  FOLLOWER s0@group-7EA6BFCFA826:t0, leader=null, voted=null, raftlog=s0@group-7EA6BFCFA826-SegmentedRaftLog:OPENED:c-1,f-1,i0, conf=-1: [s0:0.0.0.0:35234, s1:0.0.0.0:44319, s2:0.0.0.0:35385], old=null RUNNING
  s1:  RUNNING  FOLLOWER s1@group-7EA6BFCFA826:t0, leader=null, voted=null, raftlog=s1@group-7EA6BFCFA826-SegmentedRaftLog:OPENED:c-1,f-1,i0, conf=-1: [s0:0.0.0.0:35234, s1:0.0.0.0:44319, s2:0.0.0.0:35385], old=null RUNNING
  s2:  RUNNING  FOLLOWER s2@group-7EA6BFCFA826:t0, leader=null, voted=null, raftlog=s2@group-7EA6BFCFA826-SegmentedRaftLog:OPENED:c-1,f-1,i0, conf=-1: [s0:0.0.0.0:35234, s1:0.0.0.0:44319, s2:0.0.0.0:35385], old=null RUNNING, sleep 450ms and then retry.
java.lang.IllegalStateException: No leader yet : printing ALL groups
  s0:  RUNNING  FOLLOWER s0@group-7EA6BFCFA826:t0, leader=null, voted=null, raftlog=s0@group-7EA6BFCFA826-SegmentedRaftLog:OPENED:c-1,f-1,i0, conf=-1: [s0:0.0.0.0:35234, s1:0.0.0.0:44319, s2:0.0.0.0:35385], old=null RUNNING
  s1:  RUNNING  FOLLOWER s1@group-7EA6BFCFA826:t0, leader=null, voted=null, raftlog=s1@group-7EA6BFCFA826-SegmentedRaftLog:OPENED:c-1,f-1,i0, conf=-1: [s0:0.0.0.0:35234, s1:0.0.0.0:44319, s2:0.0.0.0:35385], old=null RUNNING
  s2:  RUNNING  FOLLOWER s2@group-7EA6BFCFA826:t0, leader=null, voted=null, raftlog=s2@group-7EA6BFCFA826-SegmentedRaftLog:OPENED:c-1,f-1,i0, conf=-1: [s0:0.0.0.0:35234, s1:0.0.0.0:44319, s2:0.0.0.0:35385], old=null RUNNING
	at org.apache.ratis.MiniRaftCluster.newIllegalStateExceptionForNoLeaders(MiniRaftCluster.java:506)
	at org.apache.ratis.RaftTestUtil.lambda$waitForLeader$1(RaftTestUtil.java:90)
	at org.apache.ratis.MiniRaftCluster.getLeader(MiniRaftCluster.java:539)
	at org.apache.ratis.MiniRaftCluster.getLeader(MiniRaftCluster.java:532)
	at org.apache.ratis.RaftTestUtil.lambda$waitForLeader$3(RaftTestUtil.java:98)
	at org.apache.ratis.util.JavaUtils.attempt(JavaUtils.java:152)
	at org.apache.ratis.RaftTestUtil.waitForLeader(RaftTestUtil.java:97)
	at org.apache.ratis.RaftTestUtil.waitForLeader(RaftTestUtil.java:77)
	at org.apache.ratis.RaftTestUtil.waitForLeader(RaftTestUtil.java:72)
	at org.apache.ratis.logservice.LogServiceReadWriteBase.setUpCluster(LogServiceReadWriteBase.java:116)
	at sun.reflect.NativeMethodAccessorImpl.invoke0(Native Method)
	at sun.reflect.NativeMethodAccessorImpl.invoke(NativeMethodAccessorImpl.java:62)
	at sun.reflect.DelegatingMethodAccessorImpl.invoke(DelegatingMethodAccessorImpl.java:43)
	at java.lang.reflect.Method.invoke(Method.java:498)
	at org.junit.runners.model.FrameworkMethod$1.runReflectiveCall(FrameworkMethod.java:50)
	at org.junit.internal.runners.model.ReflectiveCallable.run(ReflectiveCallable.java:12)
	at org.junit.runners.model.FrameworkMethod.invokeExplosively(FrameworkMethod.java:47)
	at org.junit.internal.runners.statements.RunBefores.evaluate(RunBefores.java:24)
	at org.junit.internal.runners.statements.RunAfters.evaluate(RunAfters.java:27)
	at org.junit.internal.runners.statements.FailOnTimeout$CallableStatement.call(FailOnTimeout.java:298)
	at org.junit.internal.runners.statements.FailOnTimeout$CallableStatement.call(FailOnTimeout.java:292)
	at java.util.concurrent.FutureTask.run(FutureTask.java:266)
	at java.lang.Thread.run(Thread.java:748)
2019-09-24 17:38:47,119 INFO  impl.FollowerState (FollowerState.java:run(108)) - s1@group-7EA6BFCFA826-FollowerState: change to CANDIDATE, lastRpcTime:154ms, electionTimeout:154ms
2019-09-24 17:38:47,120 INFO  impl.RoleInfo (RoleInfo.java:shutdownFollowerState(121)) - s1: shutdown FollowerState
2019-09-24 17:38:47,120 INFO  impl.RaftServerImpl (RaftServerImpl.java:setRole(170)) - s1@group-7EA6BFCFA826: changes role from  FOLLOWER to CANDIDATE at term 0 for changeToCandidate
2019-09-24 17:38:47,120 INFO  impl.RoleInfo (RoleInfo.java:updateAndGet(143)) - s1: start LeaderElection
2019-09-24 17:38:47,122 INFO  impl.FollowerState (FollowerState.java:run(108)) - s2@group-7EA6BFCFA826-FollowerState: change to CANDIDATE, lastRpcTime:151ms, electionTimeout:151ms
2019-09-24 17:38:47,123 INFO  impl.RoleInfo (RoleInfo.java:shutdownFollowerState(121)) - s2: shutdown FollowerState
2019-09-24 17:38:47,123 INFO  impl.RaftServerImpl (RaftServerImpl.java:setRole(170)) - s2@group-7EA6BFCFA826: changes role from  FOLLOWER to CANDIDATE at term 0 for changeToCandidate
2019-09-24 17:38:47,123 INFO  impl.RoleInfo (RoleInfo.java:updateAndGet(143)) - s2: start LeaderElection
2019-09-24 17:38:47,241 INFO  impl.FollowerState (FollowerState.java:run(108)) - s0@group-7EA6BFCFA826-FollowerState: change to CANDIDATE, lastRpcTime:283ms, electionTimeout:283ms
2019-09-24 17:38:47,241 INFO  impl.RoleInfo (RoleInfo.java:shutdownFollowerState(121)) - s0: shutdown FollowerState
2019-09-24 17:38:47,242 INFO  impl.RaftServerImpl (RaftServerImpl.java:setRole(170)) - s0@group-7EA6BFCFA826: changes role from  FOLLOWER to CANDIDATE at term 0 for changeToCandidate
2019-09-24 17:38:47,242 INFO  impl.RoleInfo (RoleInfo.java:updateAndGet(143)) - s0: start LeaderElection
2019-09-24 17:38:47,252 INFO  impl.LeaderElection (LeaderElection.java:askForVotes(178)) - s2@group-7EA6BFCFA826-LeaderElection11: begin an election at term 1 for -1: [s0:0.0.0.0:35234, s1:0.0.0.0:44319, s2:0.0.0.0:35385], old=null
2019-09-24 17:38:47,252 INFO  impl.LeaderElection (LeaderElection.java:askForVotes(178)) - s1@group-7EA6BFCFA826-LeaderElection10: begin an election at term 1 for -1: [s0:0.0.0.0:35234, s1:0.0.0.0:44319, s2:0.0.0.0:35385], old=null
2019-09-24 17:38:47,254 INFO  impl.LeaderElection (LeaderElection.java:askForVotes(178)) - s0@group-7EA6BFCFA826-LeaderElection12: begin an election at term 1 for -1: [s0:0.0.0.0:35234, s1:0.0.0.0:44319, s2:0.0.0.0:35385], old=null
2019-09-24 17:38:47,261 INFO  logging.LoggingHandler (AbstractInternalLogger.java:log(150)) - [id: 0xda1b060c, L:/0.0.0.0:35234] READ: [id: 0x4fdd5e63, L:/192.168.5.142:35234 - R:/192.168.5.142:34568]
2019-09-24 17:38:47,263 INFO  logging.LoggingHandler (AbstractInternalLogger.java:log(150)) - [id: 0xda1b060c, L:/0.0.0.0:35234] READ COMPLETE
2019-09-24 17:38:47,264 INFO  logging.LoggingHandler (AbstractInternalLogger.java:log(150)) - [id: 0x280526c9, L:/0.0.0.0:44319] READ: [id: 0xae2b0dc3, L:/192.168.5.142:44319 - R:/192.168.5.142:51788]
2019-09-24 17:38:47,265 INFO  logging.LoggingHandler (AbstractInternalLogger.java:log(150)) - [id: 0x185582d9, L:/0.0.0.0:35385] READ: [id: 0xd3a2945d, L:/192.168.5.142:35385 - R:/192.168.5.142:38624]
2019-09-24 17:38:47,266 INFO  logging.LoggingHandler (AbstractInternalLogger.java:log(150)) - [id: 0xda1b060c, L:/0.0.0.0:35234] READ: [id: 0x07885d35, L:/192.168.5.142:35234 - R:/192.168.5.142:34570]
2019-09-24 17:38:47,266 INFO  logging.LoggingHandler (AbstractInternalLogger.java:log(150)) - [id: 0x185582d9, L:/0.0.0.0:35385] READ COMPLETE
2019-09-24 17:38:47,266 INFO  logging.LoggingHandler (AbstractInternalLogger.java:log(150)) - [id: 0x280526c9, L:/0.0.0.0:44319] READ COMPLETE
2019-09-24 17:38:47,267 INFO  logging.LoggingHandler (AbstractInternalLogger.java:log(150)) - [id: 0xda1b060c, L:/0.0.0.0:35234] READ COMPLETE
2019-09-24 17:38:47,269 INFO  logging.LoggingHandler (AbstractInternalLogger.java:log(150)) - [id: 0x185582d9, L:/0.0.0.0:35385] READ: [id: 0x4c6dabab, L:/192.168.5.142:35385 - R:/192.168.5.142:38628]
2019-09-24 17:38:47,269 INFO  logging.LoggingHandler (AbstractInternalLogger.java:log(150)) - [id: 0x280526c9, L:/0.0.0.0:44319] READ: [id: 0xea96cff9, L:/192.168.5.142:44319 - R:/192.168.5.142:51792]
2019-09-24 17:38:47,269 INFO  logging.LoggingHandler (AbstractInternalLogger.java:log(150)) - [id: 0x185582d9, L:/0.0.0.0:35385] READ COMPLETE
2019-09-24 17:38:47,270 INFO  logging.LoggingHandler (AbstractInternalLogger.java:log(150)) - [id: 0x280526c9, L:/0.0.0.0:44319] READ COMPLETE
2019-09-24 17:38:47,276 INFO  impl.LeaderElection (LeaderElection.java:logAndReturn(56)) - s1@group-7EA6BFCFA826-LeaderElection10: Election REJECTED; received 2 response(s) [s1<-s0#0:FAIL-t1, s1<-s2#0:FAIL-t1] and 0 exception(s); s1@group-7EA6BFCFA826:t1, leader=null, voted=s1, raftlog=s1@group-7EA6BFCFA826-SegmentedRaftLog:OPENED:c-1,f-1,i0, conf=-1: [s0:0.0.0.0:35234, s1:0.0.0.0:44319, s2:0.0.0.0:35385], old=null
2019-09-24 17:38:47,277 INFO  impl.RaftServerImpl (RaftServerImpl.java:setRole(170)) - s1@group-7EA6BFCFA826: changes role from CANDIDATE to FOLLOWER at term 1 for DISCOVERED_A_NEW_TERM
2019-09-24 17:38:47,278 INFO  impl.RoleInfo (RoleInfo.java:shutdownLeaderElection(134)) - s1: shutdown LeaderElection
2019-09-24 17:38:47,278 INFO  impl.LeaderElection (LeaderElection.java:logAndReturn(56)) - s0@group-7EA6BFCFA826-LeaderElection12: Election REJECTED; received 2 response(s) [s0<-s1#0:FAIL-t1, s0<-s2#0:FAIL-t1] and 0 exception(s); s0@group-7EA6BFCFA826:t1, leader=null, voted=s0, raftlog=s0@group-7EA6BFCFA826-SegmentedRaftLog:OPENED:c-1,f-1,i0, conf=-1: [s0:0.0.0.0:35234, s1:0.0.0.0:44319, s2:0.0.0.0:35385], old=null
2019-09-24 17:38:47,278 INFO  impl.RoleInfo (RoleInfo.java:updateAndGet(143)) - s1: start FollowerState
2019-09-24 17:38:47,279 INFO  impl.RaftServerImpl (RaftServerImpl.java:setRole(170)) - s0@group-7EA6BFCFA826: changes role from CANDIDATE to FOLLOWER at term 1 for DISCOVERED_A_NEW_TERM
2019-09-24 17:38:47,279 INFO  impl.LeaderElection (LeaderElection.java:logAndReturn(56)) - s2@group-7EA6BFCFA826-LeaderElection11: Election REJECTED; received 2 response(s) [s2<-s0#0:FAIL-t1, s2<-s1#0:FAIL-t1] and 0 exception(s); s2@group-7EA6BFCFA826:t1, leader=null, voted=s2, raftlog=s2@group-7EA6BFCFA826-SegmentedRaftLog:OPENED:c-1,f-1,i0, conf=-1: [s0:0.0.0.0:35234, s1:0.0.0.0:44319, s2:0.0.0.0:35385], old=null
2019-09-24 17:38:47,279 INFO  impl.RoleInfo (RoleInfo.java:shutdownLeaderElection(134)) - s0: shutdown LeaderElection
2019-09-24 17:38:47,281 INFO  impl.RaftServerImpl (RaftServerImpl.java:setRole(170)) - s2@group-7EA6BFCFA826: changes role from CANDIDATE to FOLLOWER at term 1 for DISCOVERED_A_NEW_TERM
2019-09-24 17:38:47,281 INFO  impl.RoleInfo (RoleInfo.java:updateAndGet(143)) - s0: start FollowerState
2019-09-24 17:38:47,282 INFO  impl.RoleInfo (RoleInfo.java:shutdownLeaderElection(134)) - s2: shutdown LeaderElection
2019-09-24 17:38:47,283 INFO  impl.RoleInfo (RoleInfo.java:updateAndGet(143)) - s2: start FollowerState
2019-09-24 17:38:47,427 WARN  ratis.RaftTestUtil (JavaUtils.java:attempt(158)) - FAILED "waitForLeader-null-(expectLeader? true)", attempt #2/100: java.lang.IllegalStateException: No leader yet : printing ALL groups
  s0:  RUNNING  FOLLOWER s0@group-7EA6BFCFA826:t1, leader=null, voted=s0, raftlog=s0@group-7EA6BFCFA826-SegmentedRaftLog:OPENED:c-1,f-1,i0, conf=-1: [s0:0.0.0.0:35234, s1:0.0.0.0:44319, s2:0.0.0.0:35385], old=null RUNNING
  s1:  RUNNING  FOLLOWER s1@group-7EA6BFCFA826:t1, leader=null, voted=s1, raftlog=s1@group-7EA6BFCFA826-SegmentedRaftLog:OPENED:c-1,f-1,i0, conf=-1: [s0:0.0.0.0:35234, s1:0.0.0.0:44319, s2:0.0.0.0:35385], old=null RUNNING
  s2:  RUNNING  FOLLOWER s2@group-7EA6BFCFA826:t1, leader=null, voted=s2, raftlog=s2@group-7EA6BFCFA826-SegmentedRaftLog:OPENED:c-1,f-1,i0, conf=-1: [s0:0.0.0.0:35234, s1:0.0.0.0:44319, s2:0.0.0.0:35385], old=null RUNNING, sleep 450ms and then retry.
java.lang.IllegalStateException: No leader yet : printing ALL groups
  s0:  RUNNING  FOLLOWER s0@group-7EA6BFCFA826:t1, leader=null, voted=s0, raftlog=s0@group-7EA6BFCFA826-SegmentedRaftLog:OPENED:c-1,f-1,i0, conf=-1: [s0:0.0.0.0:35234, s1:0.0.0.0:44319, s2:0.0.0.0:35385], old=null RUNNING
  s1:  RUNNING  FOLLOWER s1@group-7EA6BFCFA826:t1, leader=null, voted=s1, raftlog=s1@group-7EA6BFCFA826-SegmentedRaftLog:OPENED:c-1,f-1,i0, conf=-1: [s0:0.0.0.0:35234, s1:0.0.0.0:44319, s2:0.0.0.0:35385], old=null RUNNING
  s2:  RUNNING  FOLLOWER s2@group-7EA6BFCFA826:t1, leader=null, voted=s2, raftlog=s2@group-7EA6BFCFA826-SegmentedRaftLog:OPENED:c-1,f-1,i0, conf=-1: [s0:0.0.0.0:35234, s1:0.0.0.0:44319, s2:0.0.0.0:35385], old=null RUNNING
	at org.apache.ratis.MiniRaftCluster.newIllegalStateExceptionForNoLeaders(MiniRaftCluster.java:506)
	at org.apache.ratis.RaftTestUtil.lambda$waitForLeader$1(RaftTestUtil.java:90)
	at org.apache.ratis.MiniRaftCluster.getLeader(MiniRaftCluster.java:539)
	at org.apache.ratis.MiniRaftCluster.getLeader(MiniRaftCluster.java:532)
	at org.apache.ratis.RaftTestUtil.lambda$waitForLeader$3(RaftTestUtil.java:98)
	at org.apache.ratis.util.JavaUtils.attempt(JavaUtils.java:152)
	at org.apache.ratis.RaftTestUtil.waitForLeader(RaftTestUtil.java:97)
	at org.apache.ratis.RaftTestUtil.waitForLeader(RaftTestUtil.java:77)
	at org.apache.ratis.RaftTestUtil.waitForLeader(RaftTestUtil.java:72)
	at org.apache.ratis.logservice.LogServiceReadWriteBase.setUpCluster(LogServiceReadWriteBase.java:116)
	at sun.reflect.NativeMethodAccessorImpl.invoke0(Native Method)
	at sun.reflect.NativeMethodAccessorImpl.invoke(NativeMethodAccessorImpl.java:62)
	at sun.reflect.DelegatingMethodAccessorImpl.invoke(DelegatingMethodAccessorImpl.java:43)
	at java.lang.reflect.Method.invoke(Method.java:498)
	at org.junit.runners.model.FrameworkMethod$1.runReflectiveCall(FrameworkMethod.java:50)
	at org.junit.internal.runners.model.ReflectiveCallable.run(ReflectiveCallable.java:12)
	at org.junit.runners.model.FrameworkMethod.invokeExplosively(FrameworkMethod.java:47)
	at org.junit.internal.runners.statements.RunBefores.evaluate(RunBefores.java:24)
	at org.junit.internal.runners.statements.RunAfters.evaluate(RunAfters.java:27)
	at org.junit.internal.runners.statements.FailOnTimeout$CallableStatement.call(FailOnTimeout.java:298)
	at org.junit.internal.runners.statements.FailOnTimeout$CallableStatement.call(FailOnTimeout.java:292)
	at java.util.concurrent.FutureTask.run(FutureTask.java:266)
	at java.lang.Thread.run(Thread.java:748)
2019-09-24 17:38:47,457 INFO  impl.FollowerState (FollowerState.java:run(108)) - s2@group-7EA6BFCFA826-FollowerState: change to CANDIDATE, lastRpcTime:174ms, electionTimeout:174ms
2019-09-24 17:38:47,458 INFO  impl.RoleInfo (RoleInfo.java:shutdownFollowerState(121)) - s2: shutdown FollowerState
2019-09-24 17:38:47,458 INFO  impl.RaftServerImpl (RaftServerImpl.java:setRole(170)) - s2@group-7EA6BFCFA826: changes role from  FOLLOWER to CANDIDATE at term 1 for changeToCandidate
2019-09-24 17:38:47,458 INFO  impl.RoleInfo (RoleInfo.java:updateAndGet(143)) - s2: start LeaderElection
2019-09-24 17:38:47,467 INFO  impl.FollowerState (FollowerState.java:run(108)) - s1@group-7EA6BFCFA826-FollowerState: change to CANDIDATE, lastRpcTime:189ms, electionTimeout:187ms
2019-09-24 17:38:47,468 INFO  impl.RoleInfo (RoleInfo.java:shutdownFollowerState(121)) - s1: shutdown FollowerState
2019-09-24 17:38:47,469 INFO  impl.RaftServerImpl (RaftServerImpl.java:setRole(170)) - s1@group-7EA6BFCFA826: changes role from  FOLLOWER to CANDIDATE at term 1 for changeToCandidate
2019-09-24 17:38:47,469 INFO  impl.RoleInfo (RoleInfo.java:updateAndGet(143)) - s1: start LeaderElection
2019-09-24 17:38:47,554 INFO  impl.FollowerState (FollowerState.java:run(108)) - s0@group-7EA6BFCFA826-FollowerState: change to CANDIDATE, lastRpcTime:272ms, electionTimeout:271ms
2019-09-24 17:38:47,554 INFO  impl.RoleInfo (RoleInfo.java:shutdownFollowerState(121)) - s0: shutdown FollowerState
2019-09-24 17:38:47,555 INFO  impl.RaftServerImpl (RaftServerImpl.java:setRole(170)) - s0@group-7EA6BFCFA826: changes role from  FOLLOWER to CANDIDATE at term 1 for changeToCandidate
2019-09-24 17:38:47,555 INFO  impl.RoleInfo (RoleInfo.java:updateAndGet(143)) - s0: start LeaderElection
2019-09-24 17:38:47,879 WARN  ratis.RaftTestUtil (JavaUtils.java:attempt(158)) - FAILED "waitForLeader-null-(expectLeader? true)", attempt #3/100: java.lang.IllegalStateException: No leader yet : printing ALL groups
  s0:  RUNNING CANDIDATE s0@group-7EA6BFCFA826:t2, leader=null, voted=s0, raftlog=s0@group-7EA6BFCFA826-SegmentedRaftLog:OPENED:c-1,f-1,i0, conf=-1: [s0:0.0.0.0:35234, s1:0.0.0.0:44319, s2:0.0.0.0:35385], old=null RUNNING
  s1:  RUNNING CANDIDATE s1@group-7EA6BFCFA826:t2, leader=null, voted=s1, raftlog=s1@group-7EA6BFCFA826-SegmentedRaftLog:OPENED:c-1,f-1,i0, conf=-1: [s0:0.0.0.0:35234, s1:0.0.0.0:44319, s2:0.0.0.0:35385], old=null RUNNING
  s2:  RUNNING CANDIDATE s2@group-7EA6BFCFA826:t2, leader=null, voted=s2, raftlog=s2@group-7EA6BFCFA826-SegmentedRaftLog:OPENED:c-1,f-1,i0, conf=-1: [s0:0.0.0.0:35234, s1:0.0.0.0:44319, s2:0.0.0.0:35385], old=null RUNNING, sleep 450ms and then retry.
java.lang.IllegalStateException: No leader yet : printing ALL groups
  s0:  RUNNING CANDIDATE s0@group-7EA6BFCFA826:t2, leader=null, voted=s0, raftlog=s0@group-7EA6BFCFA826-SegmentedRaftLog:OPENED:c-1,f-1,i0, conf=-1: [s0:0.0.0.0:35234, s1:0.0.0.0:44319, s2:0.0.0.0:35385], old=null RUNNING
  s1:  RUNNING CANDIDATE s1@group-7EA6BFCFA826:t2, leader=null, voted=s1, raftlog=s1@group-7EA6BFCFA826-SegmentedRaftLog:OPENED:c-1,f-1,i0, conf=-1: [s0:0.0.0.0:35234, s1:0.0.0.0:44319, s2:0.0.0.0:35385], old=null RUNNING
  s2:  RUNNING CANDIDATE s2@group-7EA6BFCFA826:t2, leader=null, voted=s2, raftlog=s2@group-7EA6BFCFA826-SegmentedRaftLog:OPENED:c-1,f-1,i0, conf=-1: [s0:0.0.0.0:35234, s1:0.0.0.0:44319, s2:0.0.0.0:35385], old=null RUNNING
	at org.apache.ratis.MiniRaftCluster.newIllegalStateExceptionForNoLeaders(MiniRaftCluster.java:506)
	at org.apache.ratis.RaftTestUtil.lambda$waitForLeader$1(RaftTestUtil.java:90)
	at org.apache.ratis.MiniRaftCluster.getLeader(MiniRaftCluster.java:539)
	at org.apache.ratis.MiniRaftCluster.getLeader(MiniRaftCluster.java:532)
	at org.apache.ratis.RaftTestUtil.lambda$waitForLeader$3(RaftTestUtil.java:98)
	at org.apache.ratis.util.JavaUtils.attempt(JavaUtils.java:152)
	at org.apache.ratis.RaftTestUtil.waitForLeader(RaftTestUtil.java:97)
	at org.apache.ratis.RaftTestUtil.waitForLeader(RaftTestUtil.java:77)
	at org.apache.ratis.RaftTestUtil.waitForLeader(RaftTestUtil.java:72)
	at org.apache.ratis.logservice.LogServiceReadWriteBase.setUpCluster(LogServiceReadWriteBase.java:116)
	at sun.reflect.NativeMethodAccessorImpl.invoke0(Native Method)
	at sun.reflect.NativeMethodAccessorImpl.invoke(NativeMethodAccessorImpl.java:62)
	at sun.reflect.DelegatingMethodAccessorImpl.invoke(DelegatingMethodAccessorImpl.java:43)
	at java.lang.reflect.Method.invoke(Method.java:498)
	at org.junit.runners.model.FrameworkMethod$1.runReflectiveCall(FrameworkMethod.java:50)
	at org.junit.internal.runners.model.ReflectiveCallable.run(ReflectiveCallable.java:12)
	at org.junit.runners.model.FrameworkMethod.invokeExplosively(FrameworkMethod.java:47)
	at org.junit.internal.runners.statements.RunBefores.evaluate(RunBefores.java:24)
	at org.junit.internal.runners.statements.RunAfters.evaluate(RunAfters.java:27)
	at org.junit.internal.runners.statements.FailOnTimeout$CallableStatement.call(FailOnTimeout.java:298)
	at org.junit.internal.runners.statements.FailOnTimeout$CallableStatement.call(FailOnTimeout.java:292)
	at java.util.concurrent.FutureTask.run(FutureTask.java:266)
	at java.lang.Thread.run(Thread.java:748)
2019-09-24 17:38:48,330 WARN  ratis.RaftTestUtil (JavaUtils.java:attempt(158)) - FAILED "waitForLeader-null-(expectLeader? true)", attempt #4/100: java.lang.IllegalStateException: No leader yet : printing ALL groups
  s0:  RUNNING CANDIDATE s0@group-7EA6BFCFA826:t2, leader=null, voted=s0, raftlog=s0@group-7EA6BFCFA826-SegmentedRaftLog:OPENED:c-1,f-1,i0, conf=-1: [s0:0.0.0.0:35234, s1:0.0.0.0:44319, s2:0.0.0.0:35385], old=null RUNNING
  s1:  RUNNING CANDIDATE s1@group-7EA6BFCFA826:t2, leader=null, voted=s1, raftlog=s1@group-7EA6BFCFA826-SegmentedRaftLog:OPENED:c-1,f-1,i0, conf=-1: [s0:0.0.0.0:35234, s1:0.0.0.0:44319, s2:0.0.0.0:35385], old=null RUNNING
  s2:  RUNNING CANDIDATE s2@group-7EA6BFCFA826:t2, leader=null, voted=s2, raftlog=s2@group-7EA6BFCFA826-SegmentedRaftLog:OPENED:c-1,f-1,i0, conf=-1: [s0:0.0.0.0:35234, s1:0.0.0.0:44319, s2:0.0.0.0:35385], old=null RUNNING, sleep 450ms and then retry.
java.lang.IllegalStateException: No leader yet : printing ALL groups
  s0:  RUNNING CANDIDATE s0@group-7EA6BFCFA826:t2, leader=null, voted=s0, raftlog=s0@group-7EA6BFCFA826-SegmentedRaftLog:OPENED:c-1,f-1,i0, conf=-1: [s0:0.0.0.0:35234, s1:0.0.0.0:44319, s2:0.0.0.0:35385], old=null RUNNING
  s1:  RUNNING CANDIDATE s1@group-7EA6BFCFA826:t2, leader=null, voted=s1, raftlog=s1@group-7EA6BFCFA826-SegmentedRaftLog:OPENED:c-1,f-1,i0, conf=-1: [s0:0.0.0.0:35234, s1:0.0.0.0:44319, s2:0.0.0.0:35385], old=null RUNNING
  s2:  RUNNING CANDIDATE s2@group-7EA6BFCFA826:t2, leader=null, voted=s2, raftlog=s2@group-7EA6BFCFA826-SegmentedRaftLog:OPENED:c-1,f-1,i0, conf=-1: [s0:0.0.0.0:35234, s1:0.0.0.0:44319, s2:0.0.0.0:35385], old=null RUNNING
	at org.apache.ratis.MiniRaftCluster.newIllegalStateExceptionForNoLeaders(MiniRaftCluster.java:506)
	at org.apache.ratis.RaftTestUtil.lambda$waitForLeader$1(RaftTestUtil.java:90)
	at org.apache.ratis.MiniRaftCluster.getLeader(MiniRaftCluster.java:539)
	at org.apache.ratis.MiniRaftCluster.getLeader(MiniRaftCluster.java:532)
	at org.apache.ratis.RaftTestUtil.lambda$waitForLeader$3(RaftTestUtil.java:98)
	at org.apache.ratis.util.JavaUtils.attempt(JavaUtils.java:152)
	at org.apache.ratis.RaftTestUtil.waitForLeader(RaftTestUtil.java:97)
	at org.apache.ratis.RaftTestUtil.waitForLeader(RaftTestUtil.java:77)
	at org.apache.ratis.RaftTestUtil.waitForLeader(RaftTestUtil.java:72)
	at org.apache.ratis.logservice.LogServiceReadWriteBase.setUpCluster(LogServiceReadWriteBase.java:116)
	at sun.reflect.NativeMethodAccessorImpl.invoke0(Native Method)
	at sun.reflect.NativeMethodAccessorImpl.invoke(NativeMethodAccessorImpl.java:62)
	at sun.reflect.DelegatingMethodAccessorImpl.invoke(DelegatingMethodAccessorImpl.java:43)
	at java.lang.reflect.Method.invoke(Method.java:498)
	at org.junit.runners.model.FrameworkMethod$1.runReflectiveCall(FrameworkMethod.java:50)
	at org.junit.internal.runners.model.ReflectiveCallable.run(ReflectiveCallable.java:12)
	at org.junit.runners.model.FrameworkMethod.invokeExplosively(FrameworkMethod.java:47)
	at org.junit.internal.runners.statements.RunBefores.evaluate(RunBefores.java:24)
	at org.junit.internal.runners.statements.RunAfters.evaluate(RunAfters.java:27)
	at org.junit.internal.runners.statements.FailOnTimeout$CallableStatement.call(FailOnTimeout.java:298)
	at org.junit.internal.runners.statements.FailOnTimeout$CallableStatement.call(FailOnTimeout.java:292)
	at java.util.concurrent.FutureTask.run(FutureTask.java:266)
	at java.lang.Thread.run(Thread.java:748)
2019-09-24 17:38:48,782 WARN  ratis.RaftTestUtil (JavaUtils.java:attempt(158)) - FAILED "waitForLeader-null-(expectLeader? true)", attempt #5/100: java.lang.IllegalStateException: No leader yet : printing ALL groups
  s0:  RUNNING CANDIDATE s0@group-7EA6BFCFA826:t2, leader=null, voted=s0, raftlog=s0@group-7EA6BFCFA826-SegmentedRaftLog:OPENED:c-1,f-1,i0, conf=-1: [s0:0.0.0.0:35234, s1:0.0.0.0:44319, s2:0.0.0.0:35385], old=null RUNNING
  s1:  RUNNING CANDIDATE s1@group-7EA6BFCFA826:t2, leader=null, voted=s1, raftlog=s1@group-7EA6BFCFA826-SegmentedRaftLog:OPENED:c-1,f-1,i0, conf=-1: [s0:0.0.0.0:35234, s1:0.0.0.0:44319, s2:0.0.0.0:35385], old=null RUNNING
  s2:  RUNNING CANDIDATE s2@group-7EA6BFCFA826:t2, leader=null, voted=s2, raftlog=s2@group-7EA6BFCFA826-SegmentedRaftLog:OPENED:c-1,f-1,i0, conf=-1: [s0:0.0.0.0:35234, s1:0.0.0.0:44319, s2:0.0.0.0:35385], old=null RUNNING, sleep 450ms and then retry.
java.lang.IllegalStateException: No leader yet : printing ALL groups
  s0:  RUNNING CANDIDATE s0@group-7EA6BFCFA826:t2, leader=null, voted=s0, raftlog=s0@group-7EA6BFCFA826-SegmentedRaftLog:OPENED:c-1,f-1,i0, conf=-1: [s0:0.0.0.0:35234, s1:0.0.0.0:44319, s2:0.0.0.0:35385], old=null RUNNING
  s1:  RUNNING CANDIDATE s1@group-7EA6BFCFA826:t2, leader=null, voted=s1, raftlog=s1@group-7EA6BFCFA826-SegmentedRaftLog:OPENED:c-1,f-1,i0, conf=-1: [s0:0.0.0.0:35234, s1:0.0.0.0:44319, s2:0.0.0.0:35385], old=null RUNNING
  s2:  RUNNING CANDIDATE s2@group-7EA6BFCFA826:t2, leader=null, voted=s2, raftlog=s2@group-7EA6BFCFA826-SegmentedRaftLog:OPENED:c-1,f-1,i0, conf=-1: [s0:0.0.0.0:35234, s1:0.0.0.0:44319, s2:0.0.0.0:35385], old=null RUNNING
	at org.apache.ratis.MiniRaftCluster.newIllegalStateExceptionForNoLeaders(MiniRaftCluster.java:506)
	at org.apache.ratis.RaftTestUtil.lambda$waitForLeader$1(RaftTestUtil.java:90)
	at org.apache.ratis.MiniRaftCluster.getLeader(MiniRaftCluster.java:539)
	at org.apache.ratis.MiniRaftCluster.getLeader(MiniRaftCluster.java:532)
	at org.apache.ratis.RaftTestUtil.lambda$waitForLeader$3(RaftTestUtil.java:98)
	at org.apache.ratis.util.JavaUtils.attempt(JavaUtils.java:152)
	at org.apache.ratis.RaftTestUtil.waitForLeader(RaftTestUtil.java:97)
	at org.apache.ratis.RaftTestUtil.waitForLeader(RaftTestUtil.java:77)
	at org.apache.ratis.RaftTestUtil.waitForLeader(RaftTestUtil.java:72)
	at org.apache.ratis.logservice.LogServiceReadWriteBase.setUpCluster(LogServiceReadWriteBase.java:116)
	at sun.reflect.NativeMethodAccessorImpl.invoke0(Native Method)
	at sun.reflect.NativeMethodAccessorImpl.invoke(NativeMethodAccessorImpl.java:62)
	at sun.reflect.DelegatingMethodAccessorImpl.invoke(DelegatingMethodAccessorImpl.java:43)
	at java.lang.reflect.Method.invoke(Method.java:498)
	at org.junit.runners.model.FrameworkMethod$1.runReflectiveCall(FrameworkMethod.java:50)
	at org.junit.internal.runners.model.ReflectiveCallable.run(ReflectiveCallable.java:12)
	at org.junit.runners.model.FrameworkMethod.invokeExplosively(FrameworkMethod.java:47)
	at org.junit.internal.runners.statements.RunBefores.evaluate(RunBefores.java:24)
	at org.junit.internal.runners.statements.RunAfters.evaluate(RunAfters.java:27)
	at org.junit.internal.runners.statements.FailOnTimeout$CallableStatement.call(FailOnTimeout.java:298)
	at org.junit.internal.runners.statements.FailOnTimeout$CallableStatement.call(FailOnTimeout.java:292)
	at java.util.concurrent.FutureTask.run(FutureTask.java:266)
	at java.lang.Thread.run(Thread.java:748)
2019-09-24 17:38:49,234 WARN  ratis.RaftTestUtil (JavaUtils.java:attempt(158)) - FAILED "waitForLeader-null-(expectLeader? true)", attempt #6/100: java.lang.IllegalStateException: No leader yet : printing ALL groups
  s0:  RUNNING CANDIDATE s0@group-7EA6BFCFA826:t2, leader=null, voted=s0, raftlog=s0@group-7EA6BFCFA826-SegmentedRaftLog:OPENED:c-1,f-1,i0, conf=-1: [s0:0.0.0.0:35234, s1:0.0.0.0:44319, s2:0.0.0.0:35385], old=null RUNNING
  s1:  RUNNING CANDIDATE s1@group-7EA6BFCFA826:t2, leader=null, voted=s1, raftlog=s1@group-7EA6BFCFA826-SegmentedRaftLog:OPENED:c-1,f-1,i0, conf=-1: [s0:0.0.0.0:35234, s1:0.0.0.0:44319, s2:0.0.0.0:35385], old=null RUNNING
  s2:  RUNNING CANDIDATE s2@group-7EA6BFCFA826:t2, leader=null, voted=s2, raftlog=s2@group-7EA6BFCFA826-SegmentedRaftLog:OPENED:c-1,f-1,i0, conf=-1: [s0:0.0.0.0:35234, s1:0.0.0.0:44319, s2:0.0.0.0:35385], old=null RUNNING, sleep 450ms and then retry.
java.lang.IllegalStateException: No leader yet : printing ALL groups
  s0:  RUNNING CANDIDATE s0@group-7EA6BFCFA826:t2, leader=null, voted=s0, raftlog=s0@group-7EA6BFCFA826-SegmentedRaftLog:OPENED:c-1,f-1,i0, conf=-1: [s0:0.0.0.0:35234, s1:0.0.0.0:44319, s2:0.0.0.0:35385], old=null RUNNING
  s1:  RUNNING CANDIDATE s1@group-7EA6BFCFA826:t2, leader=null, voted=s1, raftlog=s1@group-7EA6BFCFA826-SegmentedRaftLog:OPENED:c-1,f-1,i0, conf=-1: [s0:0.0.0.0:35234, s1:0.0.0.0:44319, s2:0.0.0.0:35385], old=null RUNNING
  s2:  RUNNING CANDIDATE s2@group-7EA6BFCFA826:t2, leader=null, voted=s2, raftlog=s2@group-7EA6BFCFA826-SegmentedRaftLog:OPENED:c-1,f-1,i0, conf=-1: [s0:0.0.0.0:35234, s1:0.0.0.0:44319, s2:0.0.0.0:35385], old=null RUNNING
	at org.apache.ratis.MiniRaftCluster.newIllegalStateExceptionForNoLeaders(MiniRaftCluster.java:506)
	at org.apache.ratis.RaftTestUtil.lambda$waitForLeader$1(RaftTestUtil.java:90)
	at org.apache.ratis.MiniRaftCluster.getLeader(MiniRaftCluster.java:539)
	at org.apache.ratis.MiniRaftCluster.getLeader(MiniRaftCluster.java:532)
	at org.apache.ratis.RaftTestUtil.lambda$waitForLeader$3(RaftTestUtil.java:98)
	at org.apache.ratis.util.JavaUtils.attempt(JavaUtils.java:152)
	at org.apache.ratis.RaftTestUtil.waitForLeader(RaftTestUtil.java:97)
	at org.apache.ratis.RaftTestUtil.waitForLeader(RaftTestUtil.java:77)
	at org.apache.ratis.RaftTestUtil.waitForLeader(RaftTestUtil.java:72)
	at org.apache.ratis.logservice.LogServiceReadWriteBase.setUpCluster(LogServiceReadWriteBase.java:116)
	at sun.reflect.NativeMethodAccessorImpl.invoke0(Native Method)
	at sun.reflect.NativeMethodAccessorImpl.invoke(NativeMethodAccessorImpl.java:62)
	at sun.reflect.DelegatingMethodAccessorImpl.invoke(DelegatingMethodAccessorImpl.java:43)
	at java.lang.reflect.Method.invoke(Method.java:498)
	at org.junit.runners.model.FrameworkMethod$1.runReflectiveCall(FrameworkMethod.java:50)
	at org.junit.internal.runners.model.ReflectiveCallable.run(ReflectiveCallable.java:12)
	at org.junit.runners.model.FrameworkMethod.invokeExplosively(FrameworkMethod.java:47)
	at org.junit.internal.runners.statements.RunBefores.evaluate(RunBefores.java:24)
	at org.junit.internal.runners.statements.RunAfters.evaluate(RunAfters.java:27)
	at org.junit.internal.runners.statements.FailOnTimeout$CallableStatement.call(FailOnTimeout.java:298)
	at org.junit.internal.runners.statements.FailOnTimeout$CallableStatement.call(FailOnTimeout.java:292)
	at java.util.concurrent.FutureTask.run(FutureTask.java:266)
	at java.lang.Thread.run(Thread.java:748)
2019-09-24 17:38:49,686 WARN  ratis.RaftTestUtil (JavaUtils.java:attempt(158)) - FAILED "waitForLeader-null-(expectLeader? true)", attempt #7/100: java.lang.IllegalStateException: No leader yet : printing ALL groups
  s0:  RUNNING CANDIDATE s0@group-7EA6BFCFA826:t2, leader=null, voted=s0, raftlog=s0@group-7EA6BFCFA826-SegmentedRaftLog:OPENED:c-1,f-1,i0, conf=-1: [s0:0.0.0.0:35234, s1:0.0.0.0:44319, s2:0.0.0.0:35385], old=null RUNNING
  s1:  RUNNING CANDIDATE s1@group-7EA6BFCFA826:t2, leader=null, voted=s1, raftlog=s1@group-7EA6BFCFA826-SegmentedRaftLog:OPENED:c-1,f-1,i0, conf=-1: [s0:0.0.0.0:35234, s1:0.0.0.0:44319, s2:0.0.0.0:35385], old=null RUNNING
  s2:  RUNNING CANDIDATE s2@group-7EA6BFCFA826:t2, leader=null, voted=s2, raftlog=s2@group-7EA6BFCFA826-SegmentedRaftLog:OPENED:c-1,f-1,i0, conf=-1: [s0:0.0.0.0:35234, s1:0.0.0.0:44319, s2:0.0.0.0:35385], old=null RUNNING, sleep 450ms and then retry.
java.lang.IllegalStateException: No leader yet : printing ALL groups
  s0:  RUNNING CANDIDATE s0@group-7EA6BFCFA826:t2, leader=null, voted=s0, raftlog=s0@group-7EA6BFCFA826-SegmentedRaftLog:OPENED:c-1,f-1,i0, conf=-1: [s0:0.0.0.0:35234, s1:0.0.0.0:44319, s2:0.0.0.0:35385], old=null RUNNING
  s1:  RUNNING CANDIDATE s1@group-7EA6BFCFA826:t2, leader=null, voted=s1, raftlog=s1@group-7EA6BFCFA826-SegmentedRaftLog:OPENED:c-1,f-1,i0, conf=-1: [s0:0.0.0.0:35234, s1:0.0.0.0:44319, s2:0.0.0.0:35385], old=null RUNNING
  s2:  RUNNING CANDIDATE s2@group-7EA6BFCFA826:t2, leader=null, voted=s2, raftlog=s2@group-7EA6BFCFA826-SegmentedRaftLog:OPENED:c-1,f-1,i0, conf=-1: [s0:0.0.0.0:35234, s1:0.0.0.0:44319, s2:0.0.0.0:35385], old=null RUNNING
	at org.apache.ratis.MiniRaftCluster.newIllegalStateExceptionForNoLeaders(MiniRaftCluster.java:506)
	at org.apache.ratis.RaftTestUtil.lambda$waitForLeader$1(RaftTestUtil.java:90)
	at org.apache.ratis.MiniRaftCluster.getLeader(MiniRaftCluster.java:539)
	at org.apache.ratis.MiniRaftCluster.getLeader(MiniRaftCluster.java:532)
	at org.apache.ratis.RaftTestUtil.lambda$waitForLeader$3(RaftTestUtil.java:98)
	at org.apache.ratis.util.JavaUtils.attempt(JavaUtils.java:152)
	at org.apache.ratis.RaftTestUtil.waitForLeader(RaftTestUtil.java:97)
	at org.apache.ratis.RaftTestUtil.waitForLeader(RaftTestUtil.java:77)
	at org.apache.ratis.RaftTestUtil.waitForLeader(RaftTestUtil.java:72)
	at org.apache.ratis.logservice.LogServiceReadWriteBase.setUpCluster(LogServiceReadWriteBase.java:116)
	at sun.reflect.NativeMethodAccessorImpl.invoke0(Native Method)
	at sun.reflect.NativeMethodAccessorImpl.invoke(NativeMethodAccessorImpl.java:62)
	at sun.reflect.DelegatingMethodAccessorImpl.invoke(DelegatingMethodAccessorImpl.java:43)
	at java.lang.reflect.Method.invoke(Method.java:498)
	at org.junit.runners.model.FrameworkMethod$1.runReflectiveCall(FrameworkMethod.java:50)
	at org.junit.internal.runners.model.ReflectiveCallable.run(ReflectiveCallable.java:12)
	at org.junit.runners.model.FrameworkMethod.invokeExplosively(FrameworkMethod.java:47)
	at org.junit.internal.runners.statements.RunBefores.evaluate(RunBefores.java:24)
	at org.junit.internal.runners.statements.RunAfters.evaluate(RunAfters.java:27)
	at org.junit.internal.runners.statements.FailOnTimeout$CallableStatement.call(FailOnTimeout.java:298)
	at org.junit.internal.runners.statements.FailOnTimeout$CallableStatement.call(FailOnTimeout.java:292)
	at java.util.concurrent.FutureTask.run(FutureTask.java:266)
	at java.lang.Thread.run(Thread.java:748)
2019-09-24 17:38:50,138 WARN  ratis.RaftTestUtil (JavaUtils.java:attempt(158)) - FAILED "waitForLeader-null-(expectLeader? true)", attempt #8/100: java.lang.IllegalStateException: No leader yet : printing ALL groups
  s0:  RUNNING CANDIDATE s0@group-7EA6BFCFA826:t2, leader=null, voted=s0, raftlog=s0@group-7EA6BFCFA826-SegmentedRaftLog:OPENED:c-1,f-1,i0, conf=-1: [s0:0.0.0.0:35234, s1:0.0.0.0:44319, s2:0.0.0.0:35385], old=null RUNNING
  s1:  RUNNING CANDIDATE s1@group-7EA6BFCFA826:t2, leader=null, voted=s1, raftlog=s1@group-7EA6BFCFA826-SegmentedRaftLog:OPENED:c-1,f-1,i0, conf=-1: [s0:0.0.0.0:35234, s1:0.0.0.0:44319, s2:0.0.0.0:35385], old=null RUNNING
  s2:  RUNNING CANDIDATE s2@group-7EA6BFCFA826:t2, leader=null, voted=s2, raftlog=s2@group-7EA6BFCFA826-SegmentedRaftLog:OPENED:c-1,f-1,i0, conf=-1: [s0:0.0.0.0:35234, s1:0.0.0.0:44319, s2:0.0.0.0:35385], old=null RUNNING, sleep 450ms and then retry.
java.lang.IllegalStateException: No leader yet : printing ALL groups
  s0:  RUNNING CANDIDATE s0@group-7EA6BFCFA826:t2, leader=null, voted=s0, raftlog=s0@group-7EA6BFCFA826-SegmentedRaftLog:OPENED:c-1,f-1,i0, conf=-1: [s0:0.0.0.0:35234, s1:0.0.0.0:44319, s2:0.0.0.0:35385], old=null RUNNING
  s1:  RUNNING CANDIDATE s1@group-7EA6BFCFA826:t2, leader=null, voted=s1, raftlog=s1@group-7EA6BFCFA826-SegmentedRaftLog:OPENED:c-1,f-1,i0, conf=-1: [s0:0.0.0.0:35234, s1:0.0.0.0:44319, s2:0.0.0.0:35385], old=null RUNNING
  s2:  RUNNING CANDIDATE s2@group-7EA6BFCFA826:t2, leader=null, voted=s2, raftlog=s2@group-7EA6BFCFA826-SegmentedRaftLog:OPENED:c-1,f-1,i0, conf=-1: [s0:0.0.0.0:35234, s1:0.0.0.0:44319, s2:0.0.0.0:35385], old=null RUNNING
	at org.apache.ratis.MiniRaftCluster.newIllegalStateExceptionForNoLeaders(MiniRaftCluster.java:506)
	at org.apache.ratis.RaftTestUtil.lambda$waitForLeader$1(RaftTestUtil.java:90)
	at org.apache.ratis.MiniRaftCluster.getLeader(MiniRaftCluster.java:539)
	at org.apache.ratis.MiniRaftCluster.getLeader(MiniRaftCluster.java:532)
	at org.apache.ratis.RaftTestUtil.lambda$waitForLeader$3(RaftTestUtil.java:98)
	at org.apache.ratis.util.JavaUtils.attempt(JavaUtils.java:152)
	at org.apache.ratis.RaftTestUtil.waitForLeader(RaftTestUtil.java:97)
	at org.apache.ratis.RaftTestUtil.waitForLeader(RaftTestUtil.java:77)
	at org.apache.ratis.RaftTestUtil.waitForLeader(RaftTestUtil.java:72)
	at org.apache.ratis.logservice.LogServiceReadWriteBase.setUpCluster(LogServiceReadWriteBase.java:116)
	at sun.reflect.NativeMethodAccessorImpl.invoke0(Native Method)
	at sun.reflect.NativeMethodAccessorImpl.invoke(NativeMethodAccessorImpl.java:62)
	at sun.reflect.DelegatingMethodAccessorImpl.invoke(DelegatingMethodAccessorImpl.java:43)
	at java.lang.reflect.Method.invoke(Method.java:498)
	at org.junit.runners.model.FrameworkMethod$1.runReflectiveCall(FrameworkMethod.java:50)
	at org.junit.internal.runners.model.ReflectiveCallable.run(ReflectiveCallable.java:12)
	at org.junit.runners.model.FrameworkMethod.invokeExplosively(FrameworkMethod.java:47)
	at org.junit.internal.runners.statements.RunBefores.evaluate(RunBefores.java:24)
	at org.junit.internal.runners.statements.RunAfters.evaluate(RunAfters.java:27)
	at org.junit.internal.runners.statements.FailOnTimeout$CallableStatement.call(FailOnTimeout.java:298)
	at org.junit.internal.runners.statements.FailOnTimeout$CallableStatement.call(FailOnTimeout.java:292)
	at java.util.concurrent.FutureTask.run(FutureTask.java:266)
	at java.lang.Thread.run(Thread.java:748)
2019-09-24 17:38:50,590 WARN  ratis.RaftTestUtil (JavaUtils.java:attempt(158)) - FAILED "waitForLeader-null-(expectLeader? true)", attempt #9/100: java.lang.IllegalStateException: No leader yet : printing ALL groups
  s0:  RUNNING CANDIDATE s0@group-7EA6BFCFA826:t2, leader=null, voted=s0, raftlog=s0@group-7EA6BFCFA826-SegmentedRaftLog:OPENED:c-1,f-1,i0, conf=-1: [s0:0.0.0.0:35234, s1:0.0.0.0:44319, s2:0.0.0.0:35385], old=null RUNNING
  s1:  RUNNING CANDIDATE s1@group-7EA6BFCFA826:t2, leader=null, voted=s1, raftlog=s1@group-7EA6BFCFA826-SegmentedRaftLog:OPENED:c-1,f-1,i0, conf=-1: [s0:0.0.0.0:35234, s1:0.0.0.0:44319, s2:0.0.0.0:35385], old=null RUNNING
  s2:  RUNNING CANDIDATE s2@group-7EA6BFCFA826:t2, leader=null, voted=s2, raftlog=s2@group-7EA6BFCFA826-SegmentedRaftLog:OPENED:c-1,f-1,i0, conf=-1: [s0:0.0.0.0:35234, s1:0.0.0.0:44319, s2:0.0.0.0:35385], old=null RUNNING, sleep 450ms and then retry.
java.lang.IllegalStateException: No leader yet : printing ALL groups
  s0:  RUNNING CANDIDATE s0@group-7EA6BFCFA826:t2, leader=null, voted=s0, raftlog=s0@group-7EA6BFCFA826-SegmentedRaftLog:OPENED:c-1,f-1,i0, conf=-1: [s0:0.0.0.0:35234, s1:0.0.0.0:44319, s2:0.0.0.0:35385], old=null RUNNING
  s1:  RUNNING CANDIDATE s1@group-7EA6BFCFA826:t2, leader=null, voted=s1, raftlog=s1@group-7EA6BFCFA826-SegmentedRaftLog:OPENED:c-1,f-1,i0, conf=-1: [s0:0.0.0.0:35234, s1:0.0.0.0:44319, s2:0.0.0.0:35385], old=null RUNNING
  s2:  RUNNING CANDIDATE s2@group-7EA6BFCFA826:t2, leader=null, voted=s2, raftlog=s2@group-7EA6BFCFA826-SegmentedRaftLog:OPENED:c-1,f-1,i0, conf=-1: [s0:0.0.0.0:35234, s1:0.0.0.0:44319, s2:0.0.0.0:35385], old=null RUNNING
	at org.apache.ratis.MiniRaftCluster.newIllegalStateExceptionForNoLeaders(MiniRaftCluster.java:506)
	at org.apache.ratis.RaftTestUtil.lambda$waitForLeader$1(RaftTestUtil.java:90)
	at org.apache.ratis.MiniRaftCluster.getLeader(MiniRaftCluster.java:539)
	at org.apache.ratis.MiniRaftCluster.getLeader(MiniRaftCluster.java:532)
	at org.apache.ratis.RaftTestUtil.lambda$waitForLeader$3(RaftTestUtil.java:98)
	at org.apache.ratis.util.JavaUtils.attempt(JavaUtils.java:152)
	at org.apache.ratis.RaftTestUtil.waitForLeader(RaftTestUtil.java:97)
	at org.apache.ratis.RaftTestUtil.waitForLeader(RaftTestUtil.java:77)
	at org.apache.ratis.RaftTestUtil.waitForLeader(RaftTestUtil.java:72)
	at org.apache.ratis.logservice.LogServiceReadWriteBase.setUpCluster(LogServiceReadWriteBase.java:116)
	at sun.reflect.NativeMethodAccessorImpl.invoke0(Native Method)
	at sun.reflect.NativeMethodAccessorImpl.invoke(NativeMethodAccessorImpl.java:62)
	at sun.reflect.DelegatingMethodAccessorImpl.invoke(DelegatingMethodAccessorImpl.java:43)
	at java.lang.reflect.Method.invoke(Method.java:498)
	at org.junit.runners.model.FrameworkMethod$1.runReflectiveCall(FrameworkMethod.java:50)
	at org.junit.internal.runners.model.ReflectiveCallable.run(ReflectiveCallable.java:12)
	at org.junit.runners.model.FrameworkMethod.invokeExplosively(FrameworkMethod.java:47)
	at org.junit.internal.runners.statements.RunBefores.evaluate(RunBefores.java:24)
	at org.junit.internal.runners.statements.RunAfters.evaluate(RunAfters.java:27)
	at org.junit.internal.runners.statements.FailOnTimeout$CallableStatement.call(FailOnTimeout.java:298)
	at org.junit.internal.runners.statements.FailOnTimeout$CallableStatement.call(FailOnTimeout.java:292)
	at java.util.concurrent.FutureTask.run(FutureTask.java:266)
	at java.lang.Thread.run(Thread.java:748)
2019-09-24 17:38:51,042 WARN  ratis.RaftTestUtil (JavaUtils.java:attempt(158)) - FAILED "waitForLeader-null-(expectLeader? true)", attempt #10/100: java.lang.IllegalStateException: No leader yet : printing ALL groups
  s0:  RUNNING CANDIDATE s0@group-7EA6BFCFA826:t2, leader=null, voted=s0, raftlog=s0@group-7EA6BFCFA826-SegmentedRaftLog:OPENED:c-1,f-1,i0, conf=-1: [s0:0.0.0.0:35234, s1:0.0.0.0:44319, s2:0.0.0.0:35385], old=null RUNNING
  s1:  RUNNING CANDIDATE s1@group-7EA6BFCFA826:t2, leader=null, voted=s1, raftlog=s1@group-7EA6BFCFA826-SegmentedRaftLog:OPENED:c-1,f-1,i0, conf=-1: [s0:0.0.0.0:35234, s1:0.0.0.0:44319, s2:0.0.0.0:35385], old=null RUNNING
  s2:  RUNNING CANDIDATE s2@group-7EA6BFCFA826:t2, leader=null, voted=s2, raftlog=s2@group-7EA6BFCFA826-SegmentedRaftLog:OPENED:c-1,f-1,i0, conf=-1: [s0:0.0.0.0:35234, s1:0.0.0.0:44319, s2:0.0.0.0:35385], old=null RUNNING, sleep 450ms and then retry.
java.lang.IllegalStateException: No leader yet : printing ALL groups
  s0:  RUNNING CANDIDATE s0@group-7EA6BFCFA826:t2, leader=null, voted=s0, raftlog=s0@group-7EA6BFCFA826-SegmentedRaftLog:OPENED:c-1,f-1,i0, conf=-1: [s0:0.0.0.0:35234, s1:0.0.0.0:44319, s2:0.0.0.0:35385], old=null RUNNING
  s1:  RUNNING CANDIDATE s1@group-7EA6BFCFA826:t2, leader=null, voted=s1, raftlog=s1@group-7EA6BFCFA826-SegmentedRaftLog:OPENED:c-1,f-1,i0, conf=-1: [s0:0.0.0.0:35234, s1:0.0.0.0:44319, s2:0.0.0.0:35385], old=null RUNNING
  s2:  RUNNING CANDIDATE s2@group-7EA6BFCFA826:t2, leader=null, voted=s2, raftlog=s2@group-7EA6BFCFA826-SegmentedRaftLog:OPENED:c-1,f-1,i0, conf=-1: [s0:0.0.0.0:35234, s1:0.0.0.0:44319, s2:0.0.0.0:35385], old=null RUNNING
	at org.apache.ratis.MiniRaftCluster.newIllegalStateExceptionForNoLeaders(MiniRaftCluster.java:506)
	at org.apache.ratis.RaftTestUtil.lambda$waitForLeader$1(RaftTestUtil.java:90)
	at org.apache.ratis.MiniRaftCluster.getLeader(MiniRaftCluster.java:539)
	at org.apache.ratis.MiniRaftCluster.getLeader(MiniRaftCluster.java:532)
	at org.apache.ratis.RaftTestUtil.lambda$waitForLeader$3(RaftTestUtil.java:98)
	at org.apache.ratis.util.JavaUtils.attempt(JavaUtils.java:152)
	at org.apache.ratis.RaftTestUtil.waitForLeader(RaftTestUtil.java:97)
	at org.apache.ratis.RaftTestUtil.waitForLeader(RaftTestUtil.java:77)
	at org.apache.ratis.RaftTestUtil.waitForLeader(RaftTestUtil.java:72)
	at org.apache.ratis.logservice.LogServiceReadWriteBase.setUpCluster(LogServiceReadWriteBase.java:116)
	at sun.reflect.NativeMethodAccessorImpl.invoke0(Native Method)
	at sun.reflect.NativeMethodAccessorImpl.invoke(NativeMethodAccessorImpl.java:62)
	at sun.reflect.DelegatingMethodAccessorImpl.invoke(DelegatingMethodAccessorImpl.java:43)
	at java.lang.reflect.Method.invoke(Method.java:498)
	at org.junit.runners.model.FrameworkMethod$1.runReflectiveCall(FrameworkMethod.java:50)
	at org.junit.internal.runners.model.ReflectiveCallable.run(ReflectiveCallable.java:12)
	at org.junit.runners.model.FrameworkMethod.invokeExplosively(FrameworkMethod.java:47)
	at org.junit.internal.runners.statements.RunBefores.evaluate(RunBefores.java:24)
	at org.junit.internal.runners.statements.RunAfters.evaluate(RunAfters.java:27)
	at org.junit.internal.runners.statements.FailOnTimeout$CallableStatement.call(FailOnTimeout.java:298)
	at org.junit.internal.runners.statements.FailOnTimeout$CallableStatement.call(FailOnTimeout.java:292)
	at java.util.concurrent.FutureTask.run(FutureTask.java:266)
	at java.lang.Thread.run(Thread.java:748)
2019-09-24 17:38:51,494 WARN  ratis.RaftTestUtil (JavaUtils.java:attempt(158)) - FAILED "waitForLeader-null-(expectLeader? true)", attempt #11/100: java.lang.IllegalStateException: No leader yet : printing ALL groups
  s0:  RUNNING CANDIDATE s0@group-7EA6BFCFA826:t2, leader=null, voted=s0, raftlog=s0@group-7EA6BFCFA826-SegmentedRaftLog:OPENED:c-1,f-1,i0, conf=-1: [s0:0.0.0.0:35234, s1:0.0.0.0:44319, s2:0.0.0.0:35385], old=null RUNNING
  s1:  RUNNING CANDIDATE s1@group-7EA6BFCFA826:t2, leader=null, voted=s1, raftlog=s1@group-7EA6BFCFA826-SegmentedRaftLog:OPENED:c-1,f-1,i0, conf=-1: [s0:0.0.0.0:35234, s1:0.0.0.0:44319, s2:0.0.0.0:35385], old=null RUNNING
  s2:  RUNNING CANDIDATE s2@group-7EA6BFCFA826:t2, leader=null, voted=s2, raftlog=s2@group-7EA6BFCFA826-SegmentedRaftLog:OPENED:c-1,f-1,i0, conf=-1: [s0:0.0.0.0:35234, s1:0.0.0.0:44319, s2:0.0.0.0:35385], old=null RUNNING, sleep 450ms and then retry.
java.lang.IllegalStateException: No leader yet : printing ALL groups
  s0:  RUNNING CANDIDATE s0@group-7EA6BFCFA826:t2, leader=null, voted=s0, raftlog=s0@group-7EA6BFCFA826-SegmentedRaftLog:OPENED:c-1,f-1,i0, conf=-1: [s0:0.0.0.0:35234, s1:0.0.0.0:44319, s2:0.0.0.0:35385], old=null RUNNING
  s1:  RUNNING CANDIDATE s1@group-7EA6BFCFA826:t2, leader=null, voted=s1, raftlog=s1@group-7EA6BFCFA826-SegmentedRaftLog:OPENED:c-1,f-1,i0, conf=-1: [s0:0.0.0.0:35234, s1:0.0.0.0:44319, s2:0.0.0.0:35385], old=null RUNNING
  s2:  RUNNING CANDIDATE s2@group-7EA6BFCFA826:t2, leader=null, voted=s2, raftlog=s2@group-7EA6BFCFA826-SegmentedRaftLog:OPENED:c-1,f-1,i0, conf=-1: [s0:0.0.0.0:35234, s1:0.0.0.0:44319, s2:0.0.0.0:35385], old=null RUNNING
	at org.apache.ratis.MiniRaftCluster.newIllegalStateExceptionForNoLeaders(MiniRaftCluster.java:506)
	at org.apache.ratis.RaftTestUtil.lambda$waitForLeader$1(RaftTestUtil.java:90)
	at org.apache.ratis.MiniRaftCluster.getLeader(MiniRaftCluster.java:539)
	at org.apache.ratis.MiniRaftCluster.getLeader(MiniRaftCluster.java:532)
	at org.apache.ratis.RaftTestUtil.lambda$waitForLeader$3(RaftTestUtil.java:98)
	at org.apache.ratis.util.JavaUtils.attempt(JavaUtils.java:152)
	at org.apache.ratis.RaftTestUtil.waitForLeader(RaftTestUtil.java:97)
	at org.apache.ratis.RaftTestUtil.waitForLeader(RaftTestUtil.java:77)
	at org.apache.ratis.RaftTestUtil.waitForLeader(RaftTestUtil.java:72)
	at org.apache.ratis.logservice.LogServiceReadWriteBase.setUpCluster(LogServiceReadWriteBase.java:116)
	at sun.reflect.NativeMethodAccessorImpl.invoke0(Native Method)
	at sun.reflect.NativeMethodAccessorImpl.invoke(NativeMethodAccessorImpl.java:62)
	at sun.reflect.DelegatingMethodAccessorImpl.invoke(DelegatingMethodAccessorImpl.java:43)
	at java.lang.reflect.Method.invoke(Method.java:498)
	at org.junit.runners.model.FrameworkMethod$1.runReflectiveCall(FrameworkMethod.java:50)
	at org.junit.internal.runners.model.ReflectiveCallable.run(ReflectiveCallable.java:12)
	at org.junit.runners.model.FrameworkMethod.invokeExplosively(FrameworkMethod.java:47)
	at org.junit.internal.runners.statements.RunBefores.evaluate(RunBefores.java:24)
	at org.junit.internal.runners.statements.RunAfters.evaluate(RunAfters.java:27)
	at org.junit.internal.runners.statements.FailOnTimeout$CallableStatement.call(FailOnTimeout.java:298)
	at org.junit.internal.runners.statements.FailOnTimeout$CallableStatement.call(FailOnTimeout.java:292)
	at java.util.concurrent.FutureTask.run(FutureTask.java:266)
	at java.lang.Thread.run(Thread.java:748)
2019-09-24 17:38:51,945 WARN  ratis.RaftTestUtil (JavaUtils.java:attempt(158)) - FAILED "waitForLeader-null-(expectLeader? true)", attempt #12/100: java.lang.IllegalStateException: No leader yet : printing ALL groups
  s0:  RUNNING CANDIDATE s0@group-7EA6BFCFA826:t2, leader=null, voted=s0, raftlog=s0@group-7EA6BFCFA826-SegmentedRaftLog:OPENED:c-1,f-1,i0, conf=-1: [s0:0.0.0.0:35234, s1:0.0.0.0:44319, s2:0.0.0.0:35385], old=null RUNNING
  s1:  RUNNING CANDIDATE s1@group-7EA6BFCFA826:t2, leader=null, voted=s1, raftlog=s1@group-7EA6BFCFA826-SegmentedRaftLog:OPENED:c-1,f-1,i0, conf=-1: [s0:0.0.0.0:35234, s1:0.0.0.0:44319, s2:0.0.0.0:35385], old=null RUNNING
  s2:  RUNNING CANDIDATE s2@group-7EA6BFCFA826:t2, leader=null, voted=s2, raftlog=s2@group-7EA6BFCFA826-SegmentedRaftLog:OPENED:c-1,f-1,i0, conf=-1: [s0:0.0.0.0:35234, s1:0.0.0.0:44319, s2:0.0.0.0:35385], old=null RUNNING, sleep 450ms and then retry.
java.lang.IllegalStateException: No leader yet : printing ALL groups
  s0:  RUNNING CANDIDATE s0@group-7EA6BFCFA826:t2, leader=null, voted=s0, raftlog=s0@group-7EA6BFCFA826-SegmentedRaftLog:OPENED:c-1,f-1,i0, conf=-1: [s0:0.0.0.0:35234, s1:0.0.0.0:44319, s2:0.0.0.0:35385], old=null RUNNING
  s1:  RUNNING CANDIDATE s1@group-7EA6BFCFA826:t2, leader=null, voted=s1, raftlog=s1@group-7EA6BFCFA826-SegmentedRaftLog:OPENED:c-1,f-1,i0, conf=-1: [s0:0.0.0.0:35234, s1:0.0.0.0:44319, s2:0.0.0.0:35385], old=null RUNNING
  s2:  RUNNING CANDIDATE s2@group-7EA6BFCFA826:t2, leader=null, voted=s2, raftlog=s2@group-7EA6BFCFA826-SegmentedRaftLog:OPENED:c-1,f-1,i0, conf=-1: [s0:0.0.0.0:35234, s1:0.0.0.0:44319, s2:0.0.0.0:35385], old=null RUNNING
	at org.apache.ratis.MiniRaftCluster.newIllegalStateExceptionForNoLeaders(MiniRaftCluster.java:506)
	at org.apache.ratis.RaftTestUtil.lambda$waitForLeader$1(RaftTestUtil.java:90)
	at org.apache.ratis.MiniRaftCluster.getLeader(MiniRaftCluster.java:539)
	at org.apache.ratis.MiniRaftCluster.getLeader(MiniRaftCluster.java:532)
	at org.apache.ratis.RaftTestUtil.lambda$waitForLeader$3(RaftTestUtil.java:98)
	at org.apache.ratis.util.JavaUtils.attempt(JavaUtils.java:152)
	at org.apache.ratis.RaftTestUtil.waitForLeader(RaftTestUtil.java:97)
	at org.apache.ratis.RaftTestUtil.waitForLeader(RaftTestUtil.java:77)
	at org.apache.ratis.RaftTestUtil.waitForLeader(RaftTestUtil.java:72)
	at org.apache.ratis.logservice.LogServiceReadWriteBase.setUpCluster(LogServiceReadWriteBase.java:116)
	at sun.reflect.NativeMethodAccessorImpl.invoke0(Native Method)
	at sun.reflect.NativeMethodAccessorImpl.invoke(NativeMethodAccessorImpl.java:62)
	at sun.reflect.DelegatingMethodAccessorImpl.invoke(DelegatingMethodAccessorImpl.java:43)
	at java.lang.reflect.Method.invoke(Method.java:498)
	at org.junit.runners.model.FrameworkMethod$1.runReflectiveCall(FrameworkMethod.java:50)
	at org.junit.internal.runners.model.ReflectiveCallable.run(ReflectiveCallable.java:12)
	at org.junit.runners.model.FrameworkMethod.invokeExplosively(FrameworkMethod.java:47)
	at org.junit.internal.runners.statements.RunBefores.evaluate(RunBefores.java:24)
	at org.junit.internal.runners.statements.RunAfters.evaluate(RunAfters.java:27)
	at org.junit.internal.runners.statements.FailOnTimeout$CallableStatement.call(FailOnTimeout.java:298)
	at org.junit.internal.runners.statements.FailOnTimeout$CallableStatement.call(FailOnTimeout.java:292)
	at java.util.concurrent.FutureTask.run(FutureTask.java:266)
	at java.lang.Thread.run(Thread.java:748)
2019-09-24 17:38:52,397 WARN  ratis.RaftTestUtil (JavaUtils.java:attempt(158)) - FAILED "waitForLeader-null-(expectLeader? true)", attempt #13/100: java.lang.IllegalStateException: No leader yet : printing ALL groups
  s0:  RUNNING CANDIDATE s0@group-7EA6BFCFA826:t2, leader=null, voted=s0, raftlog=s0@group-7EA6BFCFA826-SegmentedRaftLog:OPENED:c-1,f-1,i0, conf=-1: [s0:0.0.0.0:35234, s1:0.0.0.0:44319, s2:0.0.0.0:35385], old=null RUNNING
  s1:  RUNNING CANDIDATE s1@group-7EA6BFCFA826:t2, leader=null, voted=s1, raftlog=s1@group-7EA6BFCFA826-SegmentedRaftLog:OPENED:c-1,f-1,i0, conf=-1: [s0:0.0.0.0:35234, s1:0.0.0.0:44319, s2:0.0.0.0:35385], old=null RUNNING
  s2:  RUNNING CANDIDATE s2@group-7EA6BFCFA826:t2, leader=null, voted=s2, raftlog=s2@group-7EA6BFCFA826-SegmentedRaftLog:OPENED:c-1,f-1,i0, conf=-1: [s0:0.0.0.0:35234, s1:0.0.0.0:44319, s2:0.0.0.0:35385], old=null RUNNING, sleep 450ms and then retry.
java.lang.IllegalStateException: No leader yet : printing ALL groups
  s0:  RUNNING CANDIDATE s0@group-7EA6BFCFA826:t2, leader=null, voted=s0, raftlog=s0@group-7EA6BFCFA826-SegmentedRaftLog:OPENED:c-1,f-1,i0, conf=-1: [s0:0.0.0.0:35234, s1:0.0.0.0:44319, s2:0.0.0.0:35385], old=null RUNNING
  s1:  RUNNING CANDIDATE s1@group-7EA6BFCFA826:t2, leader=null, voted=s1, raftlog=s1@group-7EA6BFCFA826-SegmentedRaftLog:OPENED:c-1,f-1,i0, conf=-1: [s0:0.0.0.0:35234, s1:0.0.0.0:44319, s2:0.0.0.0:35385], old=null RUNNING
  s2:  RUNNING CANDIDATE s2@group-7EA6BFCFA826:t2, leader=null, voted=s2, raftlog=s2@group-7EA6BFCFA826-SegmentedRaftLog:OPENED:c-1,f-1,i0, conf=-1: [s0:0.0.0.0:35234, s1:0.0.0.0:44319, s2:0.0.0.0:35385], old=null RUNNING
	at org.apache.ratis.MiniRaftCluster.newIllegalStateExceptionForNoLeaders(MiniRaftCluster.java:506)
	at org.apache.ratis.RaftTestUtil.lambda$waitForLeader$1(RaftTestUtil.java:90)
	at org.apache.ratis.MiniRaftCluster.getLeader(MiniRaftCluster.java:539)
	at org.apache.ratis.MiniRaftCluster.getLeader(MiniRaftCluster.java:532)
	at org.apache.ratis.RaftTestUtil.lambda$waitForLeader$3(RaftTestUtil.java:98)
	at org.apache.ratis.util.JavaUtils.attempt(JavaUtils.java:152)
	at org.apache.ratis.RaftTestUtil.waitForLeader(RaftTestUtil.java:97)
	at org.apache.ratis.RaftTestUtil.waitForLeader(RaftTestUtil.java:77)
	at org.apache.ratis.RaftTestUtil.waitForLeader(RaftTestUtil.java:72)
	at org.apache.ratis.logservice.LogServiceReadWriteBase.setUpCluster(LogServiceReadWriteBase.java:116)
	at sun.reflect.NativeMethodAccessorImpl.invoke0(Native Method)
	at sun.reflect.NativeMethodAccessorImpl.invoke(NativeMethodAccessorImpl.java:62)
	at sun.reflect.DelegatingMethodAccessorImpl.invoke(DelegatingMethodAccessorImpl.java:43)
	at java.lang.reflect.Method.invoke(Method.java:498)
	at org.junit.runners.model.FrameworkMethod$1.runReflectiveCall(FrameworkMethod.java:50)
	at org.junit.internal.runners.model.ReflectiveCallable.run(ReflectiveCallable.java:12)
	at org.junit.runners.model.FrameworkMethod.invokeExplosively(FrameworkMethod.java:47)
	at org.junit.internal.runners.statements.RunBefores.evaluate(RunBefores.java:24)
	at org.junit.internal.runners.statements.RunAfters.evaluate(RunAfters.java:27)
	at org.junit.internal.runners.statements.FailOnTimeout$CallableStatement.call(FailOnTimeout.java:298)
	at org.junit.internal.runners.statements.FailOnTimeout$CallableStatement.call(FailOnTimeout.java:292)
	at java.util.concurrent.FutureTask.run(FutureTask.java:266)
	at java.lang.Thread.run(Thread.java:748)
2019-09-24 17:38:52,553 INFO  impl.LeaderElection (LeaderElection.java:askForVotes(178)) - s1@group-7EA6BFCFA826-LeaderElection14: begin an election at term 2 for -1: [s0:0.0.0.0:35234, s1:0.0.0.0:44319, s2:0.0.0.0:35385], old=null
2019-09-24 17:38:52,553 INFO  impl.LeaderElection (LeaderElection.java:askForVotes(178)) - s2@group-7EA6BFCFA826-LeaderElection13: begin an election at term 2 for -1: [s0:0.0.0.0:35234, s1:0.0.0.0:44319, s2:0.0.0.0:35385], old=null
2019-09-24 17:38:52,554 INFO  impl.LeaderElection (LeaderElection.java:askForVotes(178)) - s0@group-7EA6BFCFA826-LeaderElection15: begin an election at term 2 for -1: [s0:0.0.0.0:35234, s1:0.0.0.0:44319, s2:0.0.0.0:35385], old=null
2019-09-24 17:38:52,558 INFO  impl.LeaderElection (LeaderElection.java:logAndReturn(56)) - s2@group-7EA6BFCFA826-LeaderElection13: Election REJECTED; received 2 response(s) [s2<-s0#0:FAIL-t2, s2<-s1#0:FAIL-t2] and 0 exception(s); s2@group-7EA6BFCFA826:t2, leader=null, voted=s2, raftlog=s2@group-7EA6BFCFA826-SegmentedRaftLog:OPENED:c-1,f-1,i0, conf=-1: [s0:0.0.0.0:35234, s1:0.0.0.0:44319, s2:0.0.0.0:35385], old=null
2019-09-24 17:38:52,558 INFO  impl.LeaderElection (LeaderElection.java:logAndReturn(56)) - s0@group-7EA6BFCFA826-LeaderElection15: Election REJECTED; received 2 response(s) [s0<-s1#0:FAIL-t2, s0<-s2#0:FAIL-t2] and 0 exception(s); s0@group-7EA6BFCFA826:t2, leader=null, voted=s0, raftlog=s0@group-7EA6BFCFA826-SegmentedRaftLog:OPENED:c-1,f-1,i0, conf=-1: [s0:0.0.0.0:35234, s1:0.0.0.0:44319, s2:0.0.0.0:35385], old=null
2019-09-24 17:38:52,558 INFO  impl.LeaderElection (LeaderElection.java:logAndReturn(56)) - s1@group-7EA6BFCFA826-LeaderElection14: Election REJECTED; received 2 response(s) [s1<-s0#0:FAIL-t2, s1<-s2#0:FAIL-t2] and 0 exception(s); s1@group-7EA6BFCFA826:t2, leader=null, voted=s1, raftlog=s1@group-7EA6BFCFA826-SegmentedRaftLog:OPENED:c-1,f-1,i0, conf=-1: [s0:0.0.0.0:35234, s1:0.0.0.0:44319, s2:0.0.0.0:35385], old=null
2019-09-24 17:38:52,560 INFO  impl.RaftServerImpl (RaftServerImpl.java:setRole(170)) - s0@group-7EA6BFCFA826: changes role from CANDIDATE to FOLLOWER at term 2 for DISCOVERED_A_NEW_TERM
2019-09-24 17:38:52,558 INFO  impl.RaftServerImpl (RaftServerImpl.java:setRole(170)) - s2@group-7EA6BFCFA826: changes role from CANDIDATE to FOLLOWER at term 2 for DISCOVERED_A_NEW_TERM
2019-09-24 17:38:52,560 INFO  impl.RoleInfo (RoleInfo.java:shutdownLeaderElection(134)) - s0: shutdown LeaderElection
2019-09-24 17:38:52,560 INFO  impl.RaftServerImpl (RaftServerImpl.java:setRole(170)) - s1@group-7EA6BFCFA826: changes role from CANDIDATE to FOLLOWER at term 2 for DISCOVERED_A_NEW_TERM
2019-09-24 17:38:52,561 INFO  impl.RoleInfo (RoleInfo.java:updateAndGet(143)) - s0: start FollowerState
2019-09-24 17:38:52,560 INFO  impl.RoleInfo (RoleInfo.java:shutdownLeaderElection(134)) - s2: shutdown LeaderElection
2019-09-24 17:38:52,561 INFO  impl.RoleInfo (RoleInfo.java:shutdownLeaderElection(134)) - s1: shutdown LeaderElection
2019-09-24 17:38:52,561 INFO  impl.RoleInfo (RoleInfo.java:updateAndGet(143)) - s2: start FollowerState
2019-09-24 17:38:52,561 INFO  impl.RoleInfo (RoleInfo.java:updateAndGet(143)) - s1: start FollowerState
2019-09-24 17:38:52,726 INFO  impl.FollowerState (FollowerState.java:run(108)) - s1@group-7EA6BFCFA826-FollowerState: change to CANDIDATE, lastRpcTime:164ms, electionTimeout:164ms
2019-09-24 17:38:52,726 INFO  impl.RoleInfo (RoleInfo.java:shutdownFollowerState(121)) - s1: shutdown FollowerState
2019-09-24 17:38:52,727 INFO  impl.RaftServerImpl (RaftServerImpl.java:setRole(170)) - s1@group-7EA6BFCFA826: changes role from  FOLLOWER to CANDIDATE at term 2 for changeToCandidate
2019-09-24 17:38:52,727 INFO  impl.RoleInfo (RoleInfo.java:updateAndGet(143)) - s1: start LeaderElection
2019-09-24 17:38:52,817 INFO  impl.FollowerState (FollowerState.java:run(108)) - s2@group-7EA6BFCFA826-FollowerState: change to CANDIDATE, lastRpcTime:255ms, electionTimeout:255ms
2019-09-24 17:38:52,817 INFO  impl.RoleInfo (RoleInfo.java:shutdownFollowerState(121)) - s2: shutdown FollowerState
2019-09-24 17:38:52,817 INFO  impl.RaftServerImpl (RaftServerImpl.java:setRole(170)) - s2@group-7EA6BFCFA826: changes role from  FOLLOWER to CANDIDATE at term 2 for changeToCandidate
2019-09-24 17:38:52,818 INFO  impl.RoleInfo (RoleInfo.java:updateAndGet(143)) - s2: start LeaderElection
2019-09-24 17:38:52,848 INFO  impl.FollowerState (FollowerState.java:run(108)) - s0@group-7EA6BFCFA826-FollowerState: change to CANDIDATE, lastRpcTime:286ms, electionTimeout:286ms
2019-09-24 17:38:52,848 INFO  impl.RoleInfo (RoleInfo.java:shutdownFollowerState(121)) - s0: shutdown FollowerState
2019-09-24 17:38:52,848 INFO  impl.RaftServerImpl (RaftServerImpl.java:setRole(170)) - s0@group-7EA6BFCFA826: changes role from  FOLLOWER to CANDIDATE at term 2 for changeToCandidate
2019-09-24 17:38:52,848 INFO  impl.RoleInfo (RoleInfo.java:updateAndGet(143)) - s0: start LeaderElection
2019-09-24 17:38:52,848 WARN  ratis.RaftTestUtil (JavaUtils.java:attempt(158)) - FAILED "waitForLeader-null-(expectLeader? true)", attempt #14/100: java.lang.IllegalStateException: No leader yet : printing ALL groups
  s0:  RUNNING  FOLLOWER s0@group-7EA6BFCFA826:t2, leader=null, voted=s0, raftlog=s0@group-7EA6BFCFA826-SegmentedRaftLog:OPENED:c-1,f-1,i0, conf=-1: [s0:0.0.0.0:35234, s1:0.0.0.0:44319, s2:0.0.0.0:35385], old=null RUNNING
  s1:  RUNNING CANDIDATE s1@group-7EA6BFCFA826:t3, leader=null, voted=s1, raftlog=s1@group-7EA6BFCFA826-SegmentedRaftLog:OPENED:c-1,f-1,i0, conf=-1: [s0:0.0.0.0:35234, s1:0.0.0.0:44319, s2:0.0.0.0:35385], old=null RUNNING
  s2:  RUNNING CANDIDATE s2@group-7EA6BFCFA826:t3, leader=null, voted=s2, raftlog=s2@group-7EA6BFCFA826-SegmentedRaftLog:OPENED:c-1,f-1,i0, conf=-1: [s0:0.0.0.0:35234, s1:0.0.0.0:44319, s2:0.0.0.0:35385], old=null RUNNING, sleep 450ms and then retry.
java.lang.IllegalStateException: No leader yet : printing ALL groups
  s0:  RUNNING  FOLLOWER s0@group-7EA6BFCFA826:t2, leader=null, voted=s0, raftlog=s0@group-7EA6BFCFA826-SegmentedRaftLog:OPENED:c-1,f-1,i0, conf=-1: [s0:0.0.0.0:35234, s1:0.0.0.0:44319, s2:0.0.0.0:35385], old=null RUNNING
  s1:  RUNNING CANDIDATE s1@group-7EA6BFCFA826:t3, leader=null, voted=s1, raftlog=s1@group-7EA6BFCFA826-SegmentedRaftLog:OPENED:c-1,f-1,i0, conf=-1: [s0:0.0.0.0:35234, s1:0.0.0.0:44319, s2:0.0.0.0:35385], old=null RUNNING
  s2:  RUNNING CANDIDATE s2@group-7EA6BFCFA826:t3, leader=null, voted=s2, raftlog=s2@group-7EA6BFCFA826-SegmentedRaftLog:OPENED:c-1,f-1,i0, conf=-1: [s0:0.0.0.0:35234, s1:0.0.0.0:44319, s2:0.0.0.0:35385], old=null RUNNING
	at org.apache.ratis.MiniRaftCluster.newIllegalStateExceptionForNoLeaders(MiniRaftCluster.java:506)
	at org.apache.ratis.RaftTestUtil.lambda$waitForLeader$1(RaftTestUtil.java:90)
	at org.apache.ratis.MiniRaftCluster.getLeader(MiniRaftCluster.java:539)
	at org.apache.ratis.MiniRaftCluster.getLeader(MiniRaftCluster.java:532)
	at org.apache.ratis.RaftTestUtil.lambda$waitForLeader$3(RaftTestUtil.java:98)
	at org.apache.ratis.util.JavaUtils.attempt(JavaUtils.java:152)
	at org.apache.ratis.RaftTestUtil.waitForLeader(RaftTestUtil.java:97)
	at org.apache.ratis.RaftTestUtil.waitForLeader(RaftTestUtil.java:77)
	at org.apache.ratis.RaftTestUtil.waitForLeader(RaftTestUtil.java:72)
	at org.apache.ratis.logservice.LogServiceReadWriteBase.setUpCluster(LogServiceReadWriteBase.java:116)
	at sun.reflect.NativeMethodAccessorImpl.invoke0(Native Method)
	at sun.reflect.NativeMethodAccessorImpl.invoke(NativeMethodAccessorImpl.java:62)
	at sun.reflect.DelegatingMethodAccessorImpl.invoke(DelegatingMethodAccessorImpl.java:43)
	at java.lang.reflect.Method.invoke(Method.java:498)
	at org.junit.runners.model.FrameworkMethod$1.runReflectiveCall(FrameworkMethod.java:50)
	at org.junit.internal.runners.model.ReflectiveCallable.run(ReflectiveCallable.java:12)
	at org.junit.runners.model.FrameworkMethod.invokeExplosively(FrameworkMethod.java:47)
	at org.junit.internal.runners.statements.RunBefores.evaluate(RunBefores.java:24)
	at org.junit.internal.runners.statements.RunAfters.evaluate(RunAfters.java:27)
	at org.junit.internal.runners.statements.FailOnTimeout$CallableStatement.call(FailOnTimeout.java:298)
	at org.junit.internal.runners.statements.FailOnTimeout$CallableStatement.call(FailOnTimeout.java:292)
	at java.util.concurrent.FutureTask.run(FutureTask.java:266)
	at java.lang.Thread.run(Thread.java:748)
2019-09-24 17:38:53,301 WARN  ratis.RaftTestUtil (JavaUtils.java:attempt(158)) - FAILED "waitForLeader-null-(expectLeader? true)", attempt #15/100: java.lang.IllegalStateException: No leader yet : printing ALL groups
  s0:  RUNNING CANDIDATE s0@group-7EA6BFCFA826:t3, leader=null, voted=s0, raftlog=s0@group-7EA6BFCFA826-SegmentedRaftLog:OPENED:c-1,f-1,i0, conf=-1: [s0:0.0.0.0:35234, s1:0.0.0.0:44319, s2:0.0.0.0:35385], old=null RUNNING
  s1:  RUNNING CANDIDATE s1@group-7EA6BFCFA826:t3, leader=null, voted=s1, raftlog=s1@group-7EA6BFCFA826-SegmentedRaftLog:OPENED:c-1,f-1,i0, conf=-1: [s0:0.0.0.0:35234, s1:0.0.0.0:44319, s2:0.0.0.0:35385], old=null RUNNING
  s2:  RUNNING CANDIDATE s2@group-7EA6BFCFA826:t3, leader=null, voted=s2, raftlog=s2@group-7EA6BFCFA826-SegmentedRaftLog:OPENED:c-1,f-1,i0, conf=-1: [s0:0.0.0.0:35234, s1:0.0.0.0:44319, s2:0.0.0.0:35385], old=null RUNNING, sleep 450ms and then retry.
java.lang.IllegalStateException: No leader yet : printing ALL groups
  s0:  RUNNING CANDIDATE s0@group-7EA6BFCFA826:t3, leader=null, voted=s0, raftlog=s0@group-7EA6BFCFA826-SegmentedRaftLog:OPENED:c-1,f-1,i0, conf=-1: [s0:0.0.0.0:35234, s1:0.0.0.0:44319, s2:0.0.0.0:35385], old=null RUNNING
  s1:  RUNNING CANDIDATE s1@group-7EA6BFCFA826:t3, leader=null, voted=s1, raftlog=s1@group-7EA6BFCFA826-SegmentedRaftLog:OPENED:c-1,f-1,i0, conf=-1: [s0:0.0.0.0:35234, s1:0.0.0.0:44319, s2:0.0.0.0:35385], old=null RUNNING
  s2:  RUNNING CANDIDATE s2@group-7EA6BFCFA826:t3, leader=null, voted=s2, raftlog=s2@group-7EA6BFCFA826-SegmentedRaftLog:OPENED:c-1,f-1,i0, conf=-1: [s0:0.0.0.0:35234, s1:0.0.0.0:44319, s2:0.0.0.0:35385], old=null RUNNING
	at org.apache.ratis.MiniRaftCluster.newIllegalStateExceptionForNoLeaders(MiniRaftCluster.java:506)
	at org.apache.ratis.RaftTestUtil.lambda$waitForLeader$1(RaftTestUtil.java:90)
	at org.apache.ratis.MiniRaftCluster.getLeader(MiniRaftCluster.java:539)
	at org.apache.ratis.MiniRaftCluster.getLeader(MiniRaftCluster.java:532)
	at org.apache.ratis.RaftTestUtil.lambda$waitForLeader$3(RaftTestUtil.java:98)
	at org.apache.ratis.util.JavaUtils.attempt(JavaUtils.java:152)
	at org.apache.ratis.RaftTestUtil.waitForLeader(RaftTestUtil.java:97)
	at org.apache.ratis.RaftTestUtil.waitForLeader(RaftTestUtil.java:77)
	at org.apache.ratis.RaftTestUtil.waitForLeader(RaftTestUtil.java:72)
	at org.apache.ratis.logservice.LogServiceReadWriteBase.setUpCluster(LogServiceReadWriteBase.java:116)
	at sun.reflect.NativeMethodAccessorImpl.invoke0(Native Method)
	at sun.reflect.NativeMethodAccessorImpl.invoke(NativeMethodAccessorImpl.java:62)
	at sun.reflect.DelegatingMethodAccessorImpl.invoke(DelegatingMethodAccessorImpl.java:43)
	at java.lang.reflect.Method.invoke(Method.java:498)
	at org.junit.runners.model.FrameworkMethod$1.runReflectiveCall(FrameworkMethod.java:50)
	at org.junit.internal.runners.model.ReflectiveCallable.run(ReflectiveCallable.java:12)
	at org.junit.runners.model.FrameworkMethod.invokeExplosively(FrameworkMethod.java:47)
	at org.junit.internal.runners.statements.RunBefores.evaluate(RunBefores.java:24)
	at org.junit.internal.runners.statements.RunAfters.evaluate(RunAfters.java:27)
	at org.junit.internal.runners.statements.FailOnTimeout$CallableStatement.call(FailOnTimeout.java:298)
	at org.junit.internal.runners.statements.FailOnTimeout$CallableStatement.call(FailOnTimeout.java:292)
	at java.util.concurrent.FutureTask.run(FutureTask.java:266)
	at java.lang.Thread.run(Thread.java:748)
2019-09-24 17:38:53,753 WARN  ratis.RaftTestUtil (JavaUtils.java:attempt(158)) - FAILED "waitForLeader-null-(expectLeader? true)", attempt #16/100: java.lang.IllegalStateException: No leader yet : printing ALL groups
  s0:  RUNNING CANDIDATE s0@group-7EA6BFCFA826:t3, leader=null, voted=s0, raftlog=s0@group-7EA6BFCFA826-SegmentedRaftLog:OPENED:c-1,f-1,i0, conf=-1: [s0:0.0.0.0:35234, s1:0.0.0.0:44319, s2:0.0.0.0:35385], old=null RUNNING
  s1:  RUNNING CANDIDATE s1@group-7EA6BFCFA826:t3, leader=null, voted=s1, raftlog=s1@group-7EA6BFCFA826-SegmentedRaftLog:OPENED:c-1,f-1,i0, conf=-1: [s0:0.0.0.0:35234, s1:0.0.0.0:44319, s2:0.0.0.0:35385], old=null RUNNING
  s2:  RUNNING CANDIDATE s2@group-7EA6BFCFA826:t3, leader=null, voted=s2, raftlog=s2@group-7EA6BFCFA826-SegmentedRaftLog:OPENED:c-1,f-1,i0, conf=-1: [s0:0.0.0.0:35234, s1:0.0.0.0:44319, s2:0.0.0.0:35385], old=null RUNNING, sleep 450ms and then retry.
java.lang.IllegalStateException: No leader yet : printing ALL groups
  s0:  RUNNING CANDIDATE s0@group-7EA6BFCFA826:t3, leader=null, voted=s0, raftlog=s0@group-7EA6BFCFA826-SegmentedRaftLog:OPENED:c-1,f-1,i0, conf=-1: [s0:0.0.0.0:35234, s1:0.0.0.0:44319, s2:0.0.0.0:35385], old=null RUNNING
  s1:  RUNNING CANDIDATE s1@group-7EA6BFCFA826:t3, leader=null, voted=s1, raftlog=s1@group-7EA6BFCFA826-SegmentedRaftLog:OPENED:c-1,f-1,i0, conf=-1: [s0:0.0.0.0:35234, s1:0.0.0.0:44319, s2:0.0.0.0:35385], old=null RUNNING
  s2:  RUNNING CANDIDATE s2@group-7EA6BFCFA826:t3, leader=null, voted=s2, raftlog=s2@group-7EA6BFCFA826-SegmentedRaftLog:OPENED:c-1,f-1,i0, conf=-1: [s0:0.0.0.0:35234, s1:0.0.0.0:44319, s2:0.0.0.0:35385], old=null RUNNING
	at org.apache.ratis.MiniRaftCluster.newIllegalStateExceptionForNoLeaders(MiniRaftCluster.java:506)
	at org.apache.ratis.RaftTestUtil.lambda$waitForLeader$1(RaftTestUtil.java:90)
	at org.apache.ratis.MiniRaftCluster.getLeader(MiniRaftCluster.java:539)
	at org.apache.ratis.MiniRaftCluster.getLeader(MiniRaftCluster.java:532)
	at org.apache.ratis.RaftTestUtil.lambda$waitForLeader$3(RaftTestUtil.java:98)
	at org.apache.ratis.util.JavaUtils.attempt(JavaUtils.java:152)
	at org.apache.ratis.RaftTestUtil.waitForLeader(RaftTestUtil.java:97)
	at org.apache.ratis.RaftTestUtil.waitForLeader(RaftTestUtil.java:77)
	at org.apache.ratis.RaftTestUtil.waitForLeader(RaftTestUtil.java:72)
	at org.apache.ratis.logservice.LogServiceReadWriteBase.setUpCluster(LogServiceReadWriteBase.java:116)
	at sun.reflect.NativeMethodAccessorImpl.invoke0(Native Method)
	at sun.reflect.NativeMethodAccessorImpl.invoke(NativeMethodAccessorImpl.java:62)
	at sun.reflect.DelegatingMethodAccessorImpl.invoke(DelegatingMethodAccessorImpl.java:43)
	at java.lang.reflect.Method.invoke(Method.java:498)
	at org.junit.runners.model.FrameworkMethod$1.runReflectiveCall(FrameworkMethod.java:50)
	at org.junit.internal.runners.model.ReflectiveCallable.run(ReflectiveCallable.java:12)
	at org.junit.runners.model.FrameworkMethod.invokeExplosively(FrameworkMethod.java:47)
	at org.junit.internal.runners.statements.RunBefores.evaluate(RunBefores.java:24)
	at org.junit.internal.runners.statements.RunAfters.evaluate(RunAfters.java:27)
	at org.junit.internal.runners.statements.FailOnTimeout$CallableStatement.call(FailOnTimeout.java:298)
	at org.junit.internal.runners.statements.FailOnTimeout$CallableStatement.call(FailOnTimeout.java:292)
	at java.util.concurrent.FutureTask.run(FutureTask.java:266)
	at java.lang.Thread.run(Thread.java:748)
2019-09-24 17:38:54,204 WARN  ratis.RaftTestUtil (JavaUtils.java:attempt(158)) - FAILED "waitForLeader-null-(expectLeader? true)", attempt #17/100: java.lang.IllegalStateException: No leader yet : printing ALL groups
  s0:  RUNNING CANDIDATE s0@group-7EA6BFCFA826:t3, leader=null, voted=s0, raftlog=s0@group-7EA6BFCFA826-SegmentedRaftLog:OPENED:c-1,f-1,i0, conf=-1: [s0:0.0.0.0:35234, s1:0.0.0.0:44319, s2:0.0.0.0:35385], old=null RUNNING
  s1:  RUNNING CANDIDATE s1@group-7EA6BFCFA826:t3, leader=null, voted=s1, raftlog=s1@group-7EA6BFCFA826-SegmentedRaftLog:OPENED:c-1,f-1,i0, conf=-1: [s0:0.0.0.0:35234, s1:0.0.0.0:44319, s2:0.0.0.0:35385], old=null RUNNING
  s2:  RUNNING CANDIDATE s2@group-7EA6BFCFA826:t3, leader=null, voted=s2, raftlog=s2@group-7EA6BFCFA826-SegmentedRaftLog:OPENED:c-1,f-1,i0, conf=-1: [s0:0.0.0.0:35234, s1:0.0.0.0:44319, s2:0.0.0.0:35385], old=null RUNNING, sleep 450ms and then retry.
java.lang.IllegalStateException: No leader yet : printing ALL groups
  s0:  RUNNING CANDIDATE s0@group-7EA6BFCFA826:t3, leader=null, voted=s0, raftlog=s0@group-7EA6BFCFA826-SegmentedRaftLog:OPENED:c-1,f-1,i0, conf=-1: [s0:0.0.0.0:35234, s1:0.0.0.0:44319, s2:0.0.0.0:35385], old=null RUNNING
  s1:  RUNNING CANDIDATE s1@group-7EA6BFCFA826:t3, leader=null, voted=s1, raftlog=s1@group-7EA6BFCFA826-SegmentedRaftLog:OPENED:c-1,f-1,i0, conf=-1: [s0:0.0.0.0:35234, s1:0.0.0.0:44319, s2:0.0.0.0:35385], old=null RUNNING
  s2:  RUNNING CANDIDATE s2@group-7EA6BFCFA826:t3, leader=null, voted=s2, raftlog=s2@group-7EA6BFCFA826-SegmentedRaftLog:OPENED:c-1,f-1,i0, conf=-1: [s0:0.0.0.0:35234, s1:0.0.0.0:44319, s2:0.0.0.0:35385], old=null RUNNING
	at org.apache.ratis.MiniRaftCluster.newIllegalStateExceptionForNoLeaders(MiniRaftCluster.java:506)
	at org.apache.ratis.RaftTestUtil.lambda$waitForLeader$1(RaftTestUtil.java:90)
	at org.apache.ratis.MiniRaftCluster.getLeader(MiniRaftCluster.java:539)
	at org.apache.ratis.MiniRaftCluster.getLeader(MiniRaftCluster.java:532)
	at org.apache.ratis.RaftTestUtil.lambda$waitForLeader$3(RaftTestUtil.java:98)
	at org.apache.ratis.util.JavaUtils.attempt(JavaUtils.java:152)
	at org.apache.ratis.RaftTestUtil.waitForLeader(RaftTestUtil.java:97)
	at org.apache.ratis.RaftTestUtil.waitForLeader(RaftTestUtil.java:77)
	at org.apache.ratis.RaftTestUtil.waitForLeader(RaftTestUtil.java:72)
	at org.apache.ratis.logservice.LogServiceReadWriteBase.setUpCluster(LogServiceReadWriteBase.java:116)
	at sun.reflect.NativeMethodAccessorImpl.invoke0(Native Method)
	at sun.reflect.NativeMethodAccessorImpl.invoke(NativeMethodAccessorImpl.java:62)
	at sun.reflect.DelegatingMethodAccessorImpl.invoke(DelegatingMethodAccessorImpl.java:43)
	at java.lang.reflect.Method.invoke(Method.java:498)
	at org.junit.runners.model.FrameworkMethod$1.runReflectiveCall(FrameworkMethod.java:50)
	at org.junit.internal.runners.model.ReflectiveCallable.run(ReflectiveCallable.java:12)
	at org.junit.runners.model.FrameworkMethod.invokeExplosively(FrameworkMethod.java:47)
	at org.junit.internal.runners.statements.RunBefores.evaluate(RunBefores.java:24)
	at org.junit.internal.runners.statements.RunAfters.evaluate(RunAfters.java:27)
	at org.junit.internal.runners.statements.FailOnTimeout$CallableStatement.call(FailOnTimeout.java:298)
	at org.junit.internal.runners.statements.FailOnTimeout$CallableStatement.call(FailOnTimeout.java:292)
	at java.util.concurrent.FutureTask.run(FutureTask.java:266)
	at java.lang.Thread.run(Thread.java:748)
2019-09-24 17:38:54,656 WARN  ratis.RaftTestUtil (JavaUtils.java:attempt(158)) - FAILED "waitForLeader-null-(expectLeader? true)", attempt #18/100: java.lang.IllegalStateException: No leader yet : printing ALL groups
  s0:  RUNNING CANDIDATE s0@group-7EA6BFCFA826:t3, leader=null, voted=s0, raftlog=s0@group-7EA6BFCFA826-SegmentedRaftLog:OPENED:c-1,f-1,i0, conf=-1: [s0:0.0.0.0:35234, s1:0.0.0.0:44319, s2:0.0.0.0:35385], old=null RUNNING
  s1:  RUNNING CANDIDATE s1@group-7EA6BFCFA826:t3, leader=null, voted=s1, raftlog=s1@group-7EA6BFCFA826-SegmentedRaftLog:OPENED:c-1,f-1,i0, conf=-1: [s0:0.0.0.0:35234, s1:0.0.0.0:44319, s2:0.0.0.0:35385], old=null RUNNING
  s2:  RUNNING CANDIDATE s2@group-7EA6BFCFA826:t3, leader=null, voted=s2, raftlog=s2@group-7EA6BFCFA826-SegmentedRaftLog:OPENED:c-1,f-1,i0, conf=-1: [s0:0.0.0.0:35234, s1:0.0.0.0:44319, s2:0.0.0.0:35385], old=null RUNNING, sleep 450ms and then retry.
java.lang.IllegalStateException: No leader yet : printing ALL groups
  s0:  RUNNING CANDIDATE s0@group-7EA6BFCFA826:t3, leader=null, voted=s0, raftlog=s0@group-7EA6BFCFA826-SegmentedRaftLog:OPENED:c-1,f-1,i0, conf=-1: [s0:0.0.0.0:35234, s1:0.0.0.0:44319, s2:0.0.0.0:35385], old=null RUNNING
  s1:  RUNNING CANDIDATE s1@group-7EA6BFCFA826:t3, leader=null, voted=s1, raftlog=s1@group-7EA6BFCFA826-SegmentedRaftLog:OPENED:c-1,f-1,i0, conf=-1: [s0:0.0.0.0:35234, s1:0.0.0.0:44319, s2:0.0.0.0:35385], old=null RUNNING
  s2:  RUNNING CANDIDATE s2@group-7EA6BFCFA826:t3, leader=null, voted=s2, raftlog=s2@group-7EA6BFCFA826-SegmentedRaftLog:OPENED:c-1,f-1,i0, conf=-1: [s0:0.0.0.0:35234, s1:0.0.0.0:44319, s2:0.0.0.0:35385], old=null RUNNING
	at org.apache.ratis.MiniRaftCluster.newIllegalStateExceptionForNoLeaders(MiniRaftCluster.java:506)
	at org.apache.ratis.RaftTestUtil.lambda$waitForLeader$1(RaftTestUtil.java:90)
	at org.apache.ratis.MiniRaftCluster.getLeader(MiniRaftCluster.java:539)
	at org.apache.ratis.MiniRaftCluster.getLeader(MiniRaftCluster.java:532)
	at org.apache.ratis.RaftTestUtil.lambda$waitForLeader$3(RaftTestUtil.java:98)
	at org.apache.ratis.util.JavaUtils.attempt(JavaUtils.java:152)
	at org.apache.ratis.RaftTestUtil.waitForLeader(RaftTestUtil.java:97)
	at org.apache.ratis.RaftTestUtil.waitForLeader(RaftTestUtil.java:77)
	at org.apache.ratis.RaftTestUtil.waitForLeader(RaftTestUtil.java:72)
	at org.apache.ratis.logservice.LogServiceReadWriteBase.setUpCluster(LogServiceReadWriteBase.java:116)
	at sun.reflect.NativeMethodAccessorImpl.invoke0(Native Method)
	at sun.reflect.NativeMethodAccessorImpl.invoke(NativeMethodAccessorImpl.java:62)
	at sun.reflect.DelegatingMethodAccessorImpl.invoke(DelegatingMethodAccessorImpl.java:43)
	at java.lang.reflect.Method.invoke(Method.java:498)
	at org.junit.runners.model.FrameworkMethod$1.runReflectiveCall(FrameworkMethod.java:50)
	at org.junit.internal.runners.model.ReflectiveCallable.run(ReflectiveCallable.java:12)
	at org.junit.runners.model.FrameworkMethod.invokeExplosively(FrameworkMethod.java:47)
	at org.junit.internal.runners.statements.RunBefores.evaluate(RunBefores.java:24)
	at org.junit.internal.runners.statements.RunAfters.evaluate(RunAfters.java:27)
	at org.junit.internal.runners.statements.FailOnTimeout$CallableStatement.call(FailOnTimeout.java:298)
	at org.junit.internal.runners.statements.FailOnTimeout$CallableStatement.call(FailOnTimeout.java:292)
	at java.util.concurrent.FutureTask.run(FutureTask.java:266)
	at java.lang.Thread.run(Thread.java:748)
2019-09-24 17:38:55,108 WARN  ratis.RaftTestUtil (JavaUtils.java:attempt(158)) - FAILED "waitForLeader-null-(expectLeader? true)", attempt #19/100: java.lang.IllegalStateException: No leader yet : printing ALL groups
  s0:  RUNNING CANDIDATE s0@group-7EA6BFCFA826:t3, leader=null, voted=s0, raftlog=s0@group-7EA6BFCFA826-SegmentedRaftLog:OPENED:c-1,f-1,i0, conf=-1: [s0:0.0.0.0:35234, s1:0.0.0.0:44319, s2:0.0.0.0:35385], old=null RUNNING
  s1:  RUNNING CANDIDATE s1@group-7EA6BFCFA826:t3, leader=null, voted=s1, raftlog=s1@group-7EA6BFCFA826-SegmentedRaftLog:OPENED:c-1,f-1,i0, conf=-1: [s0:0.0.0.0:35234, s1:0.0.0.0:44319, s2:0.0.0.0:35385], old=null RUNNING
  s2:  RUNNING CANDIDATE s2@group-7EA6BFCFA826:t3, leader=null, voted=s2, raftlog=s2@group-7EA6BFCFA826-SegmentedRaftLog:OPENED:c-1,f-1,i0, conf=-1: [s0:0.0.0.0:35234, s1:0.0.0.0:44319, s2:0.0.0.0:35385], old=null RUNNING, sleep 450ms and then retry.
java.lang.IllegalStateException: No leader yet : printing ALL groups
  s0:  RUNNING CANDIDATE s0@group-7EA6BFCFA826:t3, leader=null, voted=s0, raftlog=s0@group-7EA6BFCFA826-SegmentedRaftLog:OPENED:c-1,f-1,i0, conf=-1: [s0:0.0.0.0:35234, s1:0.0.0.0:44319, s2:0.0.0.0:35385], old=null RUNNING
  s1:  RUNNING CANDIDATE s1@group-7EA6BFCFA826:t3, leader=null, voted=s1, raftlog=s1@group-7EA6BFCFA826-SegmentedRaftLog:OPENED:c-1,f-1,i0, conf=-1: [s0:0.0.0.0:35234, s1:0.0.0.0:44319, s2:0.0.0.0:35385], old=null RUNNING
  s2:  RUNNING CANDIDATE s2@group-7EA6BFCFA826:t3, leader=null, voted=s2, raftlog=s2@group-7EA6BFCFA826-SegmentedRaftLog:OPENED:c-1,f-1,i0, conf=-1: [s0:0.0.0.0:35234, s1:0.0.0.0:44319, s2:0.0.0.0:35385], old=null RUNNING
	at org.apache.ratis.MiniRaftCluster.newIllegalStateExceptionForNoLeaders(MiniRaftCluster.java:506)
	at org.apache.ratis.RaftTestUtil.lambda$waitForLeader$1(RaftTestUtil.java:90)
	at org.apache.ratis.MiniRaftCluster.getLeader(MiniRaftCluster.java:539)
	at org.apache.ratis.MiniRaftCluster.getLeader(MiniRaftCluster.java:532)
	at org.apache.ratis.RaftTestUtil.lambda$waitForLeader$3(RaftTestUtil.java:98)
	at org.apache.ratis.util.JavaUtils.attempt(JavaUtils.java:152)
	at org.apache.ratis.RaftTestUtil.waitForLeader(RaftTestUtil.java:97)
	at org.apache.ratis.RaftTestUtil.waitForLeader(RaftTestUtil.java:77)
	at org.apache.ratis.RaftTestUtil.waitForLeader(RaftTestUtil.java:72)
	at org.apache.ratis.logservice.LogServiceReadWriteBase.setUpCluster(LogServiceReadWriteBase.java:116)
	at sun.reflect.NativeMethodAccessorImpl.invoke0(Native Method)
	at sun.reflect.NativeMethodAccessorImpl.invoke(NativeMethodAccessorImpl.java:62)
	at sun.reflect.DelegatingMethodAccessorImpl.invoke(DelegatingMethodAccessorImpl.java:43)
	at java.lang.reflect.Method.invoke(Method.java:498)
	at org.junit.runners.model.FrameworkMethod$1.runReflectiveCall(FrameworkMethod.java:50)
	at org.junit.internal.runners.model.ReflectiveCallable.run(ReflectiveCallable.java:12)
	at org.junit.runners.model.FrameworkMethod.invokeExplosively(FrameworkMethod.java:47)
	at org.junit.internal.runners.statements.RunBefores.evaluate(RunBefores.java:24)
	at org.junit.internal.runners.statements.RunAfters.evaluate(RunAfters.java:27)
	at org.junit.internal.runners.statements.FailOnTimeout$CallableStatement.call(FailOnTimeout.java:298)
	at org.junit.internal.runners.statements.FailOnTimeout$CallableStatement.call(FailOnTimeout.java:292)
	at java.util.concurrent.FutureTask.run(FutureTask.java:266)
	at java.lang.Thread.run(Thread.java:748)
2019-09-24 17:38:55,560 WARN  ratis.RaftTestUtil (JavaUtils.java:attempt(158)) - FAILED "waitForLeader-null-(expectLeader? true)", attempt #20/100: java.lang.IllegalStateException: No leader yet : printing ALL groups
  s0:  RUNNING CANDIDATE s0@group-7EA6BFCFA826:t3, leader=null, voted=s0, raftlog=s0@group-7EA6BFCFA826-SegmentedRaftLog:OPENED:c-1,f-1,i0, conf=-1: [s0:0.0.0.0:35234, s1:0.0.0.0:44319, s2:0.0.0.0:35385], old=null RUNNING
  s1:  RUNNING CANDIDATE s1@group-7EA6BFCFA826:t3, leader=null, voted=s1, raftlog=s1@group-7EA6BFCFA826-SegmentedRaftLog:OPENED:c-1,f-1,i0, conf=-1: [s0:0.0.0.0:35234, s1:0.0.0.0:44319, s2:0.0.0.0:35385], old=null RUNNING
  s2:  RUNNING CANDIDATE s2@group-7EA6BFCFA826:t3, leader=null, voted=s2, raftlog=s2@group-7EA6BFCFA826-SegmentedRaftLog:OPENED:c-1,f-1,i0, conf=-1: [s0:0.0.0.0:35234, s1:0.0.0.0:44319, s2:0.0.0.0:35385], old=null RUNNING, sleep 450ms and then retry.
java.lang.IllegalStateException: No leader yet : printing ALL groups
  s0:  RUNNING CANDIDATE s0@group-7EA6BFCFA826:t3, leader=null, voted=s0, raftlog=s0@group-7EA6BFCFA826-SegmentedRaftLog:OPENED:c-1,f-1,i0, conf=-1: [s0:0.0.0.0:35234, s1:0.0.0.0:44319, s2:0.0.0.0:35385], old=null RUNNING
  s1:  RUNNING CANDIDATE s1@group-7EA6BFCFA826:t3, leader=null, voted=s1, raftlog=s1@group-7EA6BFCFA826-SegmentedRaftLog:OPENED:c-1,f-1,i0, conf=-1: [s0:0.0.0.0:35234, s1:0.0.0.0:44319, s2:0.0.0.0:35385], old=null RUNNING
  s2:  RUNNING CANDIDATE s2@group-7EA6BFCFA826:t3, leader=null, voted=s2, raftlog=s2@group-7EA6BFCFA826-SegmentedRaftLog:OPENED:c-1,f-1,i0, conf=-1: [s0:0.0.0.0:35234, s1:0.0.0.0:44319, s2:0.0.0.0:35385], old=null RUNNING
	at org.apache.ratis.MiniRaftCluster.newIllegalStateExceptionForNoLeaders(MiniRaftCluster.java:506)
	at org.apache.ratis.RaftTestUtil.lambda$waitForLeader$1(RaftTestUtil.java:90)
	at org.apache.ratis.MiniRaftCluster.getLeader(MiniRaftCluster.java:539)
	at org.apache.ratis.MiniRaftCluster.getLeader(MiniRaftCluster.java:532)
	at org.apache.ratis.RaftTestUtil.lambda$waitForLeader$3(RaftTestUtil.java:98)
	at org.apache.ratis.util.JavaUtils.attempt(JavaUtils.java:152)
	at org.apache.ratis.RaftTestUtil.waitForLeader(RaftTestUtil.java:97)
	at org.apache.ratis.RaftTestUtil.waitForLeader(RaftTestUtil.java:77)
	at org.apache.ratis.RaftTestUtil.waitForLeader(RaftTestUtil.java:72)
	at org.apache.ratis.logservice.LogServiceReadWriteBase.setUpCluster(LogServiceReadWriteBase.java:116)
	at sun.reflect.NativeMethodAccessorImpl.invoke0(Native Method)
	at sun.reflect.NativeMethodAccessorImpl.invoke(NativeMethodAccessorImpl.java:62)
	at sun.reflect.DelegatingMethodAccessorImpl.invoke(DelegatingMethodAccessorImpl.java:43)
	at java.lang.reflect.Method.invoke(Method.java:498)
	at org.junit.runners.model.FrameworkMethod$1.runReflectiveCall(FrameworkMethod.java:50)
	at org.junit.internal.runners.model.ReflectiveCallable.run(ReflectiveCallable.java:12)
	at org.junit.runners.model.FrameworkMethod.invokeExplosively(FrameworkMethod.java:47)
	at org.junit.internal.runners.statements.RunBefores.evaluate(RunBefores.java:24)
	at org.junit.internal.runners.statements.RunAfters.evaluate(RunAfters.java:27)
	at org.junit.internal.runners.statements.FailOnTimeout$CallableStatement.call(FailOnTimeout.java:298)
	at org.junit.internal.runners.statements.FailOnTimeout$CallableStatement.call(FailOnTimeout.java:292)
	at java.util.concurrent.FutureTask.run(FutureTask.java:266)
	at java.lang.Thread.run(Thread.java:748)
2019-09-24 17:38:56,013 WARN  ratis.RaftTestUtil (JavaUtils.java:attempt(158)) - FAILED "waitForLeader-null-(expectLeader? true)", attempt #21/100: java.lang.IllegalStateException: No leader yet : printing ALL groups
  s0:  RUNNING CANDIDATE s0@group-7EA6BFCFA826:t3, leader=null, voted=s0, raftlog=s0@group-7EA6BFCFA826-SegmentedRaftLog:OPENED:c-1,f-1,i0, conf=-1: [s0:0.0.0.0:35234, s1:0.0.0.0:44319, s2:0.0.0.0:35385], old=null RUNNING
  s1:  RUNNING CANDIDATE s1@group-7EA6BFCFA826:t3, leader=null, voted=s1, raftlog=s1@group-7EA6BFCFA826-SegmentedRaftLog:OPENED:c-1,f-1,i0, conf=-1: [s0:0.0.0.0:35234, s1:0.0.0.0:44319, s2:0.0.0.0:35385], old=null RUNNING
  s2:  RUNNING CANDIDATE s2@group-7EA6BFCFA826:t3, leader=null, voted=s2, raftlog=s2@group-7EA6BFCFA826-SegmentedRaftLog:OPENED:c-1,f-1,i0, conf=-1: [s0:0.0.0.0:35234, s1:0.0.0.0:44319, s2:0.0.0.0:35385], old=null RUNNING, sleep 450ms and then retry.
java.lang.IllegalStateException: No leader yet : printing ALL groups
  s0:  RUNNING CANDIDATE s0@group-7EA6BFCFA826:t3, leader=null, voted=s0, raftlog=s0@group-7EA6BFCFA826-SegmentedRaftLog:OPENED:c-1,f-1,i0, conf=-1: [s0:0.0.0.0:35234, s1:0.0.0.0:44319, s2:0.0.0.0:35385], old=null RUNNING
  s1:  RUNNING CANDIDATE s1@group-7EA6BFCFA826:t3, leader=null, voted=s1, raftlog=s1@group-7EA6BFCFA826-SegmentedRaftLog:OPENED:c-1,f-1,i0, conf=-1: [s0:0.0.0.0:35234, s1:0.0.0.0:44319, s2:0.0.0.0:35385], old=null RUNNING
  s2:  RUNNING CANDIDATE s2@group-7EA6BFCFA826:t3, leader=null, voted=s2, raftlog=s2@group-7EA6BFCFA826-SegmentedRaftLog:OPENED:c-1,f-1,i0, conf=-1: [s0:0.0.0.0:35234, s1:0.0.0.0:44319, s2:0.0.0.0:35385], old=null RUNNING
	at org.apache.ratis.MiniRaftCluster.newIllegalStateExceptionForNoLeaders(MiniRaftCluster.java:506)
	at org.apache.ratis.RaftTestUtil.lambda$waitForLeader$1(RaftTestUtil.java:90)
	at org.apache.ratis.MiniRaftCluster.getLeader(MiniRaftCluster.java:539)
	at org.apache.ratis.MiniRaftCluster.getLeader(MiniRaftCluster.java:532)
	at org.apache.ratis.RaftTestUtil.lambda$waitForLeader$3(RaftTestUtil.java:98)
	at org.apache.ratis.util.JavaUtils.attempt(JavaUtils.java:152)
	at org.apache.ratis.RaftTestUtil.waitForLeader(RaftTestUtil.java:97)
	at org.apache.ratis.RaftTestUtil.waitForLeader(RaftTestUtil.java:77)
	at org.apache.ratis.RaftTestUtil.waitForLeader(RaftTestUtil.java:72)
	at org.apache.ratis.logservice.LogServiceReadWriteBase.setUpCluster(LogServiceReadWriteBase.java:116)
	at sun.reflect.NativeMethodAccessorImpl.invoke0(Native Method)
	at sun.reflect.NativeMethodAccessorImpl.invoke(NativeMethodAccessorImpl.java:62)
	at sun.reflect.DelegatingMethodAccessorImpl.invoke(DelegatingMethodAccessorImpl.java:43)
	at java.lang.reflect.Method.invoke(Method.java:498)
	at org.junit.runners.model.FrameworkMethod$1.runReflectiveCall(FrameworkMethod.java:50)
	at org.junit.internal.runners.model.ReflectiveCallable.run(ReflectiveCallable.java:12)
	at org.junit.runners.model.FrameworkMethod.invokeExplosively(FrameworkMethod.java:47)
	at org.junit.internal.runners.statements.RunBefores.evaluate(RunBefores.java:24)
	at org.junit.internal.runners.statements.RunAfters.evaluate(RunAfters.java:27)
	at org.junit.internal.runners.statements.FailOnTimeout$CallableStatement.call(FailOnTimeout.java:298)
	at org.junit.internal.runners.statements.FailOnTimeout$CallableStatement.call(FailOnTimeout.java:292)
	at java.util.concurrent.FutureTask.run(FutureTask.java:266)
	at java.lang.Thread.run(Thread.java:748)
2019-09-24 17:38:56,238 INFO  impl.LeaderElection (LeaderElection.java:askForVotes(178)) - s1@group-7EA6BFCFA826-LeaderElection16: begin an election at term 3 for -1: [s0:0.0.0.0:35234, s1:0.0.0.0:44319, s2:0.0.0.0:35385], old=null
2019-09-24 17:38:56,238 INFO  impl.LeaderElection (LeaderElection.java:askForVotes(178)) - s2@group-7EA6BFCFA826-LeaderElection17: begin an election at term 3 for -1: [s0:0.0.0.0:35234, s1:0.0.0.0:44319, s2:0.0.0.0:35385], old=null
2019-09-24 17:38:56,239 INFO  impl.LeaderElection (LeaderElection.java:askForVotes(178)) - s0@group-7EA6BFCFA826-LeaderElection18: begin an election at term 3 for -1: [s0:0.0.0.0:35234, s1:0.0.0.0:44319, s2:0.0.0.0:35385], old=null
2019-09-24 17:38:56,241 INFO  impl.LeaderElection (LeaderElection.java:logAndReturn(56)) - s1@group-7EA6BFCFA826-LeaderElection16: Election REJECTED; received 2 response(s) [s1<-s0#0:FAIL-t3, s1<-s2#0:FAIL-t3] and 0 exception(s); s1@group-7EA6BFCFA826:t3, leader=null, voted=s1, raftlog=s1@group-7EA6BFCFA826-SegmentedRaftLog:OPENED:c-1,f-1,i0, conf=-1: [s0:0.0.0.0:35234, s1:0.0.0.0:44319, s2:0.0.0.0:35385], old=null
2019-09-24 17:38:56,241 INFO  impl.LeaderElection (LeaderElection.java:logAndReturn(56)) - s2@group-7EA6BFCFA826-LeaderElection17: Election REJECTED; received 2 response(s) [s2<-s0#0:FAIL-t3, s2<-s1#0:FAIL-t3] and 0 exception(s); s2@group-7EA6BFCFA826:t3, leader=null, voted=s2, raftlog=s2@group-7EA6BFCFA826-SegmentedRaftLog:OPENED:c-1,f-1,i0, conf=-1: [s0:0.0.0.0:35234, s1:0.0.0.0:44319, s2:0.0.0.0:35385], old=null
2019-09-24 17:38:56,241 INFO  impl.RaftServerImpl (RaftServerImpl.java:setRole(170)) - s1@group-7EA6BFCFA826: changes role from CANDIDATE to FOLLOWER at term 3 for DISCOVERED_A_NEW_TERM
2019-09-24 17:38:56,243 INFO  impl.LeaderElection (LeaderElection.java:logAndReturn(56)) - s0@group-7EA6BFCFA826-LeaderElection18: Election REJECTED; received 2 response(s) [s0<-s1#0:FAIL-t3, s0<-s2#0:FAIL-t3] and 0 exception(s); s0@group-7EA6BFCFA826:t3, leader=null, voted=s0, raftlog=s0@group-7EA6BFCFA826-SegmentedRaftLog:OPENED:c-1,f-1,i0, conf=-1: [s0:0.0.0.0:35234, s1:0.0.0.0:44319, s2:0.0.0.0:35385], old=null
2019-09-24 17:38:56,243 INFO  impl.RaftServerImpl (RaftServerImpl.java:setRole(170)) - s2@group-7EA6BFCFA826: changes role from CANDIDATE to FOLLOWER at term 3 for DISCOVERED_A_NEW_TERM
2019-09-24 17:38:56,244 INFO  impl.RoleInfo (RoleInfo.java:shutdownLeaderElection(134)) - s1: shutdown LeaderElection
2019-09-24 17:38:56,244 INFO  impl.RaftServerImpl (RaftServerImpl.java:setRole(170)) - s0@group-7EA6BFCFA826: changes role from CANDIDATE to FOLLOWER at term 3 for DISCOVERED_A_NEW_TERM
2019-09-24 17:38:56,244 INFO  impl.RoleInfo (RoleInfo.java:shutdownLeaderElection(134)) - s2: shutdown LeaderElection
2019-09-24 17:38:56,245 INFO  impl.RoleInfo (RoleInfo.java:shutdownLeaderElection(134)) - s0: shutdown LeaderElection
2019-09-24 17:38:56,244 INFO  impl.RoleInfo (RoleInfo.java:updateAndGet(143)) - s1: start FollowerState
2019-09-24 17:38:56,245 INFO  impl.RoleInfo (RoleInfo.java:updateAndGet(143)) - s0: start FollowerState
2019-09-24 17:38:56,245 INFO  impl.RoleInfo (RoleInfo.java:updateAndGet(143)) - s2: start FollowerState
2019-09-24 17:38:56,448 INFO  impl.FollowerState (FollowerState.java:run(108)) - s0@group-7EA6BFCFA826-FollowerState: change to CANDIDATE, lastRpcTime:203ms, electionTimeout:201ms
2019-09-24 17:38:56,448 INFO  impl.RoleInfo (RoleInfo.java:shutdownFollowerState(121)) - s0: shutdown FollowerState
2019-09-24 17:38:56,449 INFO  impl.RaftServerImpl (RaftServerImpl.java:setRole(170)) - s0@group-7EA6BFCFA826: changes role from  FOLLOWER to CANDIDATE at term 3 for changeToCandidate
2019-09-24 17:38:56,449 INFO  impl.RoleInfo (RoleInfo.java:updateAndGet(143)) - s0: start LeaderElection
2019-09-24 17:38:56,465 WARN  ratis.RaftTestUtil (JavaUtils.java:attempt(158)) - FAILED "waitForLeader-null-(expectLeader? true)", attempt #22/100: java.lang.IllegalStateException: No leader yet : printing ALL groups
  s0:  RUNNING CANDIDATE s0@group-7EA6BFCFA826:t4, leader=null, voted=s0, raftlog=s0@group-7EA6BFCFA826-SegmentedRaftLog:OPENED:c-1,f-1,i0, conf=-1: [s0:0.0.0.0:35234, s1:0.0.0.0:44319, s2:0.0.0.0:35385], old=null RUNNING
  s1:  RUNNING  FOLLOWER s1@group-7EA6BFCFA826:t3, leader=null, voted=s1, raftlog=s1@group-7EA6BFCFA826-SegmentedRaftLog:OPENED:c-1,f-1,i0, conf=-1: [s0:0.0.0.0:35234, s1:0.0.0.0:44319, s2:0.0.0.0:35385], old=null RUNNING
  s2:  RUNNING  FOLLOWER s2@group-7EA6BFCFA826:t3, leader=null, voted=s2, raftlog=s2@group-7EA6BFCFA826-SegmentedRaftLog:OPENED:c-1,f-1,i0, conf=-1: [s0:0.0.0.0:35234, s1:0.0.0.0:44319, s2:0.0.0.0:35385], old=null RUNNING, sleep 450ms and then retry.
java.lang.IllegalStateException: No leader yet : printing ALL groups
  s0:  RUNNING CANDIDATE s0@group-7EA6BFCFA826:t4, leader=null, voted=s0, raftlog=s0@group-7EA6BFCFA826-SegmentedRaftLog:OPENED:c-1,f-1,i0, conf=-1: [s0:0.0.0.0:35234, s1:0.0.0.0:44319, s2:0.0.0.0:35385], old=null RUNNING
  s1:  RUNNING  FOLLOWER s1@group-7EA6BFCFA826:t3, leader=null, voted=s1, raftlog=s1@group-7EA6BFCFA826-SegmentedRaftLog:OPENED:c-1,f-1,i0, conf=-1: [s0:0.0.0.0:35234, s1:0.0.0.0:44319, s2:0.0.0.0:35385], old=null RUNNING
  s2:  RUNNING  FOLLOWER s2@group-7EA6BFCFA826:t3, leader=null, voted=s2, raftlog=s2@group-7EA6BFCFA826-SegmentedRaftLog:OPENED:c-1,f-1,i0, conf=-1: [s0:0.0.0.0:35234, s1:0.0.0.0:44319, s2:0.0.0.0:35385], old=null RUNNING
	at org.apache.ratis.MiniRaftCluster.newIllegalStateExceptionForNoLeaders(MiniRaftCluster.java:506)
	at org.apache.ratis.RaftTestUtil.lambda$waitForLeader$1(RaftTestUtil.java:90)
	at org.apache.ratis.MiniRaftCluster.getLeader(MiniRaftCluster.java:539)
	at org.apache.ratis.MiniRaftCluster.getLeader(MiniRaftCluster.java:532)
	at org.apache.ratis.RaftTestUtil.lambda$waitForLeader$3(RaftTestUtil.java:98)
	at org.apache.ratis.util.JavaUtils.attempt(JavaUtils.java:152)
	at org.apache.ratis.RaftTestUtil.waitForLeader(RaftTestUtil.java:97)
	at org.apache.ratis.RaftTestUtil.waitForLeader(RaftTestUtil.java:77)
	at org.apache.ratis.RaftTestUtil.waitForLeader(RaftTestUtil.java:72)
	at org.apache.ratis.logservice.LogServiceReadWriteBase.setUpCluster(LogServiceReadWriteBase.java:116)
	at sun.reflect.NativeMethodAccessorImpl.invoke0(Native Method)
	at sun.reflect.NativeMethodAccessorImpl.invoke(NativeMethodAccessorImpl.java:62)
	at sun.reflect.DelegatingMethodAccessorImpl.invoke(DelegatingMethodAccessorImpl.java:43)
	at java.lang.reflect.Method.invoke(Method.java:498)
	at org.junit.runners.model.FrameworkMethod$1.runReflectiveCall(FrameworkMethod.java:50)
	at org.junit.internal.runners.model.ReflectiveCallable.run(ReflectiveCallable.java:12)
	at org.junit.runners.model.FrameworkMethod.invokeExplosively(FrameworkMethod.java:47)
	at org.junit.internal.runners.statements.RunBefores.evaluate(RunBefores.java:24)
	at org.junit.internal.runners.statements.RunAfters.evaluate(RunAfters.java:27)
	at org.junit.internal.runners.statements.FailOnTimeout$CallableStatement.call(FailOnTimeout.java:298)
	at org.junit.internal.runners.statements.FailOnTimeout$CallableStatement.call(FailOnTimeout.java:292)
	at java.util.concurrent.FutureTask.run(FutureTask.java:266)
	at java.lang.Thread.run(Thread.java:748)
2019-09-24 17:38:56,494 INFO  impl.LeaderElection (LeaderElection.java:askForVotes(178)) - s0@group-7EA6BFCFA826-LeaderElection19: begin an election at term 4 for -1: [s0:0.0.0.0:35234, s1:0.0.0.0:44319, s2:0.0.0.0:35385], old=null
2019-09-24 17:38:56,495 INFO  impl.RaftServerImpl (RaftServerImpl.java:setRole(170)) - s1@group-7EA6BFCFA826: changes role from  FOLLOWER to FOLLOWER at term 4 for recognizeCandidate:s0
2019-09-24 17:38:56,496 INFO  impl.RoleInfo (RoleInfo.java:shutdownFollowerState(121)) - s1: shutdown FollowerState
2019-09-24 17:38:56,495 INFO  impl.RaftServerImpl (RaftServerImpl.java:setRole(170)) - s2@group-7EA6BFCFA826: changes role from  FOLLOWER to FOLLOWER at term 4 for recognizeCandidate:s0
2019-09-24 17:38:56,496 INFO  impl.FollowerState (FollowerState.java:run(117)) - s1@group-7EA6BFCFA826-FollowerState was interrupted: java.lang.InterruptedException: sleep interrupted
2019-09-24 17:38:56,496 INFO  impl.RoleInfo (RoleInfo.java:updateAndGet(143)) - s1: start FollowerState
2019-09-24 17:38:56,497 INFO  impl.RoleInfo (RoleInfo.java:shutdownFollowerState(121)) - s2: shutdown FollowerState
2019-09-24 17:38:56,498 INFO  impl.RoleInfo (RoleInfo.java:updateAndGet(143)) - s2: start FollowerState
2019-09-24 17:38:56,498 INFO  impl.FollowerState (FollowerState.java:run(117)) - s2@group-7EA6BFCFA826-FollowerState was interrupted: java.lang.InterruptedException: sleep interrupted
2019-09-24 17:38:56,540 INFO  impl.LeaderElection (LeaderElection.java:logAndReturn(56)) - s0@group-7EA6BFCFA826-LeaderElection19: Election PASSED; received 1 response(s) [s0<-s2#0:OK-t4] and 0 exception(s); s0@group-7EA6BFCFA826:t4, leader=null, voted=s0, raftlog=s0@group-7EA6BFCFA826-SegmentedRaftLog:OPENED:c-1,f-1,i0, conf=-1: [s0:0.0.0.0:35234, s1:0.0.0.0:44319, s2:0.0.0.0:35385], old=null
2019-09-24 17:38:56,540 INFO  impl.RoleInfo (RoleInfo.java:shutdownLeaderElection(134)) - s0: shutdown LeaderElection
2019-09-24 17:38:56,541 INFO  impl.RaftServerImpl (RaftServerImpl.java:setRole(170)) - s0@group-7EA6BFCFA826: changes role from CANDIDATE to LEADER at term 4 for changeToLeader
2019-09-24 17:38:56,541 INFO  impl.RaftServerImpl (ServerState.java:setLeader(254)) - s0@group-7EA6BFCFA826: change Leader from null to s0 at term 4 for becomeLeader, leader elected after 9595ms
2019-09-24 17:38:56,541 INFO  server.RaftServerConfigKeys (ConfUtils.java:logGet(43)) - raft.server.staging.catchup.gap = 1000 (default)
2019-09-24 17:38:56,541 INFO  server.RaftServerConfigKeys (ConfUtils.java:logGet(43)) - raft.server.rpc.sleep.time = 25ms (default)
2019-09-24 17:38:56,542 INFO  server.RaftServerConfigKeys (ConfUtils.java:logGet(43)) - raft.server.write.element-limit = 4096 (default)
2019-09-24 17:38:56,542 INFO  server.RaftServerConfigKeys (ConfUtils.java:logGet(43)) - raft.server.watch.timeout = 10s (default)
2019-09-24 17:38:56,542 INFO  server.RaftServerConfigKeys (ConfUtils.java:logGet(43)) - raft.server.watch.timeout.denomination = 1s (default)
2019-09-24 17:38:56,542 INFO  server.RaftServerConfigKeys (ConfUtils.java:logGet(43)) - raft.server.watch.element-limit = 65536 (default)
2019-09-24 17:38:56,547 INFO  server.RaftServerConfigKeys (ConfUtils.java:logGet(43)) - raft.server.log.appender.snapshot.chunk.size.max = 16MB (=16777216) (default)
2019-09-24 17:38:56,547 INFO  server.RaftServerConfigKeys (ConfUtils.java:logGet(43)) - raft.server.log.appender.buffer.byte-limit = 4MB (=4194304) (default)
2019-09-24 17:38:56,547 INFO  server.RaftServerConfigKeys (ConfUtils.java:logGet(43)) - raft.server.log.appender.buffer.element-limit = 0 (default)
2019-09-24 17:38:56,548 INFO  server.RaftServerConfigKeys (ConfUtils.java:logGet(43)) - raft.server.log.appender.snapshot.chunk.size.max = 16MB (=16777216) (default)
2019-09-24 17:38:56,548 INFO  server.RaftServerConfigKeys (ConfUtils.java:logGet(43)) - raft.server.log.appender.buffer.byte-limit = 4MB (=4194304) (default)
2019-09-24 17:38:56,548 INFO  server.RaftServerConfigKeys (ConfUtils.java:logGet(43)) - raft.server.log.appender.buffer.element-limit = 0 (default)
2019-09-24 17:38:56,549 INFO  impl.RoleInfo (RoleInfo.java:updateAndGet(143)) - s0: start LeaderState
2019-09-24 17:38:56,549 INFO  segmented.SegmentedRaftLogWorker (SegmentedRaftLogWorker.java:startLogSegment(380)) - s0@group-7EA6BFCFA826-SegmentedRaftLogWorker: Starting segment from index:0
2019-09-24 17:38:56,551 INFO  impl.RaftServerImpl (ServerState.java:setRaftConf(355)) - s0@group-7EA6BFCFA826: set configuration 0: [s0:0.0.0.0:35234, s1:0.0.0.0:44319, s2:0.0.0.0:35385], old=null at 0
2019-09-24 17:38:56,553 INFO  impl.RaftServerImpl (ServerState.java:setLeader(254)) - s2@group-7EA6BFCFA826: change Leader from null to s0 at term 4 for appendEntries, leader elected after 9608ms
2019-09-24 17:38:56,553 INFO  impl.RaftServerImpl (ServerState.java:setLeader(254)) - s1@group-7EA6BFCFA826: change Leader from null to s0 at term 4 for appendEntries, leader elected after 9606ms
2019-09-24 17:38:56,555 INFO  impl.RaftServerImpl (ServerState.java:setRaftConf(355)) - s2@group-7EA6BFCFA826: set configuration 0: [s0:0.0.0.0:35234, s1:0.0.0.0:44319, s2:0.0.0.0:35385], old=null at 0
2019-09-24 17:38:56,555 INFO  impl.RaftServerImpl (ServerState.java:setRaftConf(355)) - s1@group-7EA6BFCFA826: set configuration 0: [s0:0.0.0.0:35234, s1:0.0.0.0:44319, s2:0.0.0.0:35385], old=null at 0
2019-09-24 17:38:56,555 INFO  segmented.SegmentedRaftLogWorker (SegmentedRaftLogWorker.java:startLogSegment(380)) - s2@group-7EA6BFCFA826-SegmentedRaftLogWorker: Starting segment from index:0
2019-09-24 17:38:56,555 INFO  segmented.SegmentedRaftLogWorker (SegmentedRaftLogWorker.java:startLogSegment(380)) - s1@group-7EA6BFCFA826-SegmentedRaftLogWorker: Starting segment from index:0
2019-09-24 17:38:56,752 INFO  segmented.SegmentedRaftLogWorker (SegmentedRaftLogWorker.java:execute(569)) - s0@group-7EA6BFCFA826-SegmentedRaftLogWorker: created new log segment /workdir/ratis-logservice/target/test/data/9271f28e/MiniRaftClusterWithNetty1105c32e/s0/08c2c18f-bb78-4e5e-9407-7ea6bfcfa826/current/log_inprogress_0
2019-09-24 17:38:56,752 INFO  segmented.SegmentedRaftLogWorker (SegmentedRaftLogWorker.java:execute(569)) - s1@group-7EA6BFCFA826-SegmentedRaftLogWorker: created new log segment /workdir/ratis-logservice/target/test/data/9271f28e/MiniRaftClusterWithNetty1105c32e/s1/08c2c18f-bb78-4e5e-9407-7ea6bfcfa826/current/log_inprogress_0
2019-09-24 17:38:56,752 INFO  segmented.SegmentedRaftLogWorker (SegmentedRaftLogWorker.java:execute(569)) - s2@group-7EA6BFCFA826-SegmentedRaftLogWorker: created new log segment /workdir/ratis-logservice/target/test/data/9271f28e/MiniRaftClusterWithNetty1105c32e/s2/08c2c18f-bb78-4e5e-9407-7ea6bfcfa826/current/log_inprogress_0
2019-09-24 17:38:56,916 INFO  ratis.RaftTestUtil (RaftTestUtil.java:waitForLeader(101)) - printing ALL groups
  s0:  RUNNING    LEADER s0@group-7EA6BFCFA826:t4, leader=s0, voted=s0, raftlog=s0@group-7EA6BFCFA826-SegmentedRaftLog:OPENED:c0,f0,i0, conf=0: [s0:0.0.0.0:35234, s1:0.0.0.0:44319, s2:0.0.0.0:35385], old=null RUNNING
  s1:  RUNNING  FOLLOWER s1@group-7EA6BFCFA826:t4, leader=s0, voted=s0, raftlog=s1@group-7EA6BFCFA826-SegmentedRaftLog:OPENED:c0,f0,i0, conf=0: [s0:0.0.0.0:35234, s1:0.0.0.0:44319, s2:0.0.0.0:35385], old=null RUNNING
  s2:  RUNNING  FOLLOWER s2@group-7EA6BFCFA826:t4, leader=s0, voted=s0, raftlog=s2@group-7EA6BFCFA826-SegmentedRaftLog:OPENED:c0,f0,i0, conf=0: [s0:0.0.0.0:35234, s1:0.0.0.0:44319, s2:0.0.0.0:35385], old=null RUNNING
2019-09-24 17:38:56,918 INFO  logservice.LogServiceReadWriteBase (LogServiceReadWriteBase.java:testSeekFromWrite(263)) - Writing 10 records
2019-09-24 17:38:56,923 INFO  logging.LoggingHandler (AbstractInternalLogger.java:log(150)) - [id: 0xda1b060c, L:/0.0.0.0:35234] READ: [id: 0xa4172e53, L:/192.168.5.142:35234 - R:/192.168.5.142:34622]
2019-09-24 17:38:56,924 INFO  logging.LoggingHandler (AbstractInternalLogger.java:log(150)) - [id: 0xda1b060c, L:/0.0.0.0:35234] READ COMPLETE
2019-09-24 17:38:56,977 INFO  ratis.MiniRaftCluster (MiniRaftCluster.java:lambda$null$5(297)) - TIMED-PRINT: printing ALL groups
  s0:  RUNNING    LEADER s0@group-7EA6BFCFA826:t4, leader=s0, voted=s0, raftlog=s0@group-7EA6BFCFA826-SegmentedRaftLog:OPENED:c2,f3,i3, conf=0: [s0:0.0.0.0:35234, s1:0.0.0.0:44319, s2:0.0.0.0:35385], old=null RUNNING
  s1:  RUNNING  FOLLOWER s1@group-7EA6BFCFA826:t4, leader=s0, voted=s0, raftlog=s1@group-7EA6BFCFA826-SegmentedRaftLog:OPENED:c1,f2,i3, conf=0: [s0:0.0.0.0:35234, s1:0.0.0.0:44319, s2:0.0.0.0:35385], old=null RUNNING
  s2:  RUNNING  FOLLOWER s2@group-7EA6BFCFA826:t4, leader=s0, voted=s0, raftlog=s2@group-7EA6BFCFA826-SegmentedRaftLog:OPENED:c1,f2,i3, conf=0: [s0:0.0.0.0:35234, s1:0.0.0.0:44319, s2:0.0.0.0:35385], old=null RUNNING
2019-09-24 17:38:57,407 INFO  ratis.MiniRaftCluster (MiniRaftCluster.java:shutdown(700)) - ************************************************************** 
2019-09-24 17:38:57,407 INFO  ratis.MiniRaftCluster (MiniRaftCluster.java:shutdown(701)) - *** 
2019-09-24 17:38:57,407 INFO  ratis.MiniRaftCluster (MiniRaftCluster.java:shutdown(702)) - ***     Stopping MiniRaftClusterWithNetty
2019-09-24 17:38:57,407 INFO  ratis.MiniRaftCluster (MiniRaftCluster.java:shutdown(703)) - *** 
2019-09-24 17:38:57,407 INFO  ratis.MiniRaftCluster (MiniRaftCluster.java:shutdown(704)) - ************************************************************** 
2019-09-24 17:38:57,408 INFO  ratis.MiniRaftCluster (MiniRaftCluster.java:shutdown(705)) - printing ALL groups
  s0:  RUNNING    LEADER s0@group-7EA6BFCFA826:t4, leader=s0, voted=s0, raftlog=s0@group-7EA6BFCFA826-SegmentedRaftLog:OPENED:c22,f22,i22, conf=0: [s0:0.0.0.0:35234, s1:0.0.0.0:44319, s2:0.0.0.0:35385], old=null RUNNING
  s1:  RUNNING  FOLLOWER s1@group-7EA6BFCFA826:t4, leader=s0, voted=s0, raftlog=s1@group-7EA6BFCFA826-SegmentedRaftLog:OPENED:c21,f22,i22, conf=0: [s0:0.0.0.0:35234, s1:0.0.0.0:44319, s2:0.0.0.0:35385], old=null RUNNING
  s2:  RUNNING  FOLLOWER s2@group-7EA6BFCFA826:t4, leader=s0, voted=s0, raftlog=s2@group-7EA6BFCFA826-SegmentedRaftLog:OPENED:c21,f22,i22, conf=0: [s0:0.0.0.0:35234, s1:0.0.0.0:44319, s2:0.0.0.0:35385], old=null RUNNING
2019-09-24 17:38:57,409 INFO  impl.RaftServerProxy (RaftServerProxy.java:lambda$close$4(314)) - s0: close
2019-09-24 17:38:57,410 INFO  impl.RaftServerProxy (RaftServerProxy.java:lambda$close$4(314)) - s1: close
2019-09-24 17:38:57,410 INFO  impl.RaftServerProxy (RaftServerProxy.java:lambda$close$4(314)) - s2: close
2019-09-24 17:38:57,410 INFO  impl.RaftServerImpl (RaftServerImpl.java:lambda$shutdown$3(247)) - s0@group-7EA6BFCFA826: shutdown
2019-09-24 17:38:57,410 INFO  impl.RaftServerImpl (RaftServerImpl.java:lambda$shutdown$3(247)) - s2@group-7EA6BFCFA826: shutdown
2019-09-24 17:38:57,410 INFO  impl.RaftServerImpl (RaftServerImpl.java:lambda$shutdown$3(247)) - s1@group-7EA6BFCFA826: shutdown
2019-09-24 17:38:57,411 INFO  util.JmxRegister (JmxRegister.java:unregister(73)) - Successfully un-registered JMX Bean with object name Ratis:service=RaftServer,group=group-7EA6BFCFA826,id=s2
2019-09-24 17:38:57,411 INFO  util.JmxRegister (JmxRegister.java:unregister(73)) - Successfully un-registered JMX Bean with object name Ratis:service=RaftServer,group=group-7EA6BFCFA826,id=s0
2019-09-24 17:38:57,411 INFO  impl.RoleInfo (RoleInfo.java:shutdownFollowerState(121)) - s2: shutdown FollowerState
2019-09-24 17:38:57,411 INFO  util.JmxRegister (JmxRegister.java:unregister(73)) - Successfully un-registered JMX Bean with object name Ratis:service=RaftServer,group=group-7EA6BFCFA826,id=s1
2019-09-24 17:38:57,412 INFO  impl.FollowerState (FollowerState.java:run(117)) - s2@group-7EA6BFCFA826-FollowerState was interrupted: java.lang.InterruptedException: sleep interrupted
2019-09-24 17:38:57,411 INFO  impl.StateMachineUpdater (StateMachineUpdater.java:stopAndJoin(136)) - s2@group-7EA6BFCFA826-StateMachineUpdater: set stopIndex = 21
2019-09-24 17:38:57,411 INFO  impl.RoleInfo (RoleInfo.java:shutdownLeaderState(104)) - s0: shutdown LeaderState
2019-09-24 17:38:57,412 INFO  impl.RaftServerImpl (ServerState.java:close(386)) - s2@group-7EA6BFCFA826: closes. applyIndex: 21
2019-09-24 17:38:57,414 INFO  impl.LogAppender (LogAppender.java:run(78)) - s0@group-7EA6BFCFA826->s2-LogAppender-AppenderDaemon was interrupted: java.lang.InterruptedException
2019-09-24 17:38:57,412 INFO  impl.RoleInfo (RoleInfo.java:shutdownFollowerState(121)) - s1: shutdown FollowerState
2019-09-24 17:38:57,414 INFO  segmented.SegmentedRaftLogWorker (SegmentedRaftLogWorker.java:run(313)) - s2@group-7EA6BFCFA826-SegmentedRaftLogWorker was interrupted, exiting. There are 0 tasks remaining in the queue.
2019-09-24 17:38:57,413 INFO  impl.PendingRequests (PendingRequests.java:sendNotLeaderResponses(202)) - s0@group-7EA6BFCFA826-PendingRequests: sendNotLeaderResponses
2019-09-24 17:38:57,413 INFO  impl.LogAppender (LogAppender.java:run(78)) - s0@group-7EA6BFCFA826->s1-LogAppender-AppenderDaemon was interrupted: java.lang.InterruptedException
2019-09-24 17:38:57,415 INFO  impl.FollowerState (FollowerState.java:run(117)) - s1@group-7EA6BFCFA826-FollowerState was interrupted: java.lang.InterruptedException: sleep interrupted
2019-09-24 17:38:57,417 INFO  segmented.SegmentedRaftLogWorker (SegmentedRaftLogWorker.java:close(228)) - s2@group-7EA6BFCFA826-SegmentedRaftLogWorker close()
2019-09-24 17:38:57,415 INFO  impl.StateMachineUpdater (StateMachineUpdater.java:stopAndJoin(136)) - s1@group-7EA6BFCFA826-StateMachineUpdater: set stopIndex = 21
2019-09-24 17:38:57,418 INFO  impl.RaftServerImpl (ServerState.java:close(386)) - s1@group-7EA6BFCFA826: closes. applyIndex: 21
2019-09-24 17:38:57,417 INFO  impl.StateMachineUpdater (StateMachineUpdater.java:stopAndJoin(136)) - s0@group-7EA6BFCFA826-StateMachineUpdater: set stopIndex = 22
2019-09-24 17:38:57,419 INFO  segmented.SegmentedRaftLogWorker (SegmentedRaftLogWorker.java:run(313)) - s1@group-7EA6BFCFA826-SegmentedRaftLogWorker was interrupted, exiting. There are 0 tasks remaining in the queue.
2019-09-24 17:38:57,418 INFO  logging.LoggingHandler (AbstractInternalLogger.java:log(150)) - [id: 0x185582d9, L:/0.0.0.0:35385] UNREGISTERED
2019-09-24 17:38:57,419 INFO  impl.RaftServerImpl (ServerState.java:close(386)) - s0@group-7EA6BFCFA826: closes. applyIndex: 22
2019-09-24 17:38:57,421 INFO  segmented.SegmentedRaftLogWorker (SegmentedRaftLogWorker.java:run(313)) - s0@group-7EA6BFCFA826-SegmentedRaftLogWorker was interrupted, exiting. There are 0 tasks remaining in the queue.
2019-09-24 17:38:57,422 INFO  segmented.SegmentedRaftLogWorker (SegmentedRaftLogWorker.java:close(228)) - s1@group-7EA6BFCFA826-SegmentedRaftLogWorker close()
2019-09-24 17:38:57,423 INFO  logging.LoggingHandler (AbstractInternalLogger.java:log(150)) - [id: 0x280526c9, L:/0.0.0.0:44319] UNREGISTERED
2019-09-24 17:38:57,423 INFO  segmented.SegmentedRaftLogWorker (SegmentedRaftLogWorker.java:close(228)) - s0@group-7EA6BFCFA826-SegmentedRaftLogWorker close()
2019-09-24 17:38:57,424 INFO  logging.LoggingHandler (AbstractInternalLogger.java:log(150)) - [id: 0xda1b060c, L:/0.0.0.0:35234] UNREGISTERED
2019-09-24 17:38:57,428 INFO  ratis.MiniRaftCluster (MiniRaftCluster.java:shutdown(722)) - MiniRaftClusterWithNetty shutdown completed
]]></system-out>
  </testcase>
  <testcase name="testSeeking" classname="org.apache.ratis.logservice.TestLogServiceWithNetty" time="4.881">
    <error type="java.lang.NullPointerException">java.lang.NullPointerException
</error>
    <system-out><![CDATA[2019-09-24 17:38:57,442 INFO  util.LogUtils (LogUtils.java:setLogLevel(41)) - Set org.apache.ratis.conf.ConfUtils log level to WARN
2019-09-24 17:38:57,442 INFO  util.LogUtils (LogUtils.java:setLogLevel(41)) - Set org.apache.ratis.util.FileUtils log level to TRACE
2019-09-24 17:38:57,443 INFO  logservice.LogServiceReadWriteBase (LogServiceReadWriteBase.java:<init>(65)) - Set LogStateMachine OK
2019-09-24 17:38:57,444 INFO  ratis.MiniRaftCluster (MiniRaftCluster.java:<init>(253)) - new MiniRaftClusterWithNetty with group-A0B953E7444C:[s0:0.0.0.0:41124, s1:0.0.0.0:40422, s2:0.0.0.0:39538]
2019-09-24 17:38:57,444 INFO  ratis.MiniRaftCluster (MiniRaftCluster.java:start(287)) - .............................................................. 
2019-09-24 17:38:57,444 INFO  ratis.MiniRaftCluster (MiniRaftCluster.java:start(288)) - ... 
2019-09-24 17:38:57,444 INFO  ratis.MiniRaftCluster (MiniRaftCluster.java:start(289)) - ...     Starting MiniRaftClusterWithNetty
2019-09-24 17:38:57,444 INFO  ratis.MiniRaftCluster (MiniRaftCluster.java:start(290)) - ... 
2019-09-24 17:38:57,444 INFO  ratis.MiniRaftCluster (MiniRaftCluster.java:start(291)) - .............................................................. 
2019-09-24 17:38:57,444 INFO  ratis.MiniRaftCluster (MiniRaftCluster.java:initServers(265)) - servers = {}
2019-09-24 17:38:57,445 INFO  ratis.MiniRaftCluster (MiniRaftCluster.java:newRaftServer(330)) - newRaftServer: s0, group-A0B953E7444C:[s0:0.0.0.0:41124, s1:0.0.0.0:40422, s2:0.0.0.0:39538], format? true
2019-09-24 17:38:57,445 TRACE util.FileUtils (FileUtils.java:deleteFully(88)) - deleteFully target/test/data/9271f28e/MiniRaftClusterWithNettye90a1e28/s0
2019-09-24 17:38:57,445 TRACE util.FileUtils (FileUtils.java:deleteFully(104)) - deleteFully: target/test/data/9271f28e/MiniRaftClusterWithNettye90a1e28/s0 does not exist.
2019-09-24 17:38:57,445 INFO  ratis.MiniRaftCluster (MiniRaftCluster.java:newRaftServer(335)) - Formatted directory target/test/data/9271f28e/MiniRaftClusterWithNettye90a1e28/s0
2019-09-24 17:38:57,446 INFO  impl.RaftServerProxy (ConfUtils.java:logGet(43)) - raft.rpc.type = NETTY (custom)
2019-09-24 17:38:57,447 INFO  netty.NettyConfigKeys$Server (ConfUtils.java:logGet(43)) - raft.netty.server.port = 41124 (custom)
2019-09-24 17:38:57,448 INFO  server.RaftServerConfigKeys (ConfUtils.java:logGet(43)) - raft.server.storage.dir = [/workdir/ratis-logservice/target/test/data/9271f28e/MiniRaftClusterWithNettye90a1e28/s0] (custom)
2019-09-24 17:38:57,449 INFO  logging.LoggingHandler (AbstractInternalLogger.java:log(150)) - [id: 0x9d43ff7a] REGISTERED
2019-09-24 17:38:57,449 INFO  impl.RaftServerProxy (RaftServerProxy.java:addNew(89)) - s0: addNew group-A0B953E7444C:[s0:0.0.0.0:41124, s1:0.0.0.0:40422, s2:0.0.0.0:39538] returns group-A0B953E7444C:java.util.concurrent.CompletableFuture@7a5ec6e4[Not completed]
2019-09-24 17:38:57,449 INFO  logging.LoggingHandler (AbstractInternalLogger.java:log(150)) - [id: 0x9d43ff7a] BIND: 0.0.0.0/0.0.0.0:41124
2019-09-24 17:38:57,450 INFO  logging.LoggingHandler (AbstractInternalLogger.java:log(150)) - [id: 0x9d43ff7a, L:/0.0.0.0:41124] ACTIVE
2019-09-24 17:38:57,450 INFO  impl.RaftServerImpl (RaftServerImpl.java:<init>(95)) - s0: new RaftServerImpl for group-A0B953E7444C:[s0:0.0.0.0:41124, s1:0.0.0.0:40422, s2:0.0.0.0:39538] with LogStateMachine:uninitialized
2019-09-24 17:38:57,450 INFO  server.RaftServerConfigKeys (ConfUtils.java:logGet(43)) - raft.server.rpc.timeout.min = 150ms (default)
2019-09-24 17:38:57,451 INFO  server.RaftServerConfigKeys (ConfUtils.java:logGet(43)) - raft.server.rpc.timeout.max = 300ms (default)
2019-09-24 17:38:57,451 INFO  server.RaftServerConfigKeys (ConfUtils.java:logGet(43)) - raft.server.rpcslowness.timeout = 60s (default)
2019-09-24 17:38:57,451 INFO  server.RaftServerConfigKeys (ConfUtils.java:logGet(43)) - raft.server.sleep.deviation.threshold = 300 (default)
2019-09-24 17:38:57,451 INFO  server.RaftServerConfigKeys (ConfUtils.java:logGet(43)) - raft.server.log.appender.install.snapshot.enabled = true (default)
2019-09-24 17:38:57,451 INFO  impl.RaftServerImpl (ServerState.java:<init>(103)) - s0@group-A0B953E7444C: ConfigurationManager, init=-1: [s0:0.0.0.0:41124, s1:0.0.0.0:40422, s2:0.0.0.0:39538], old=null, confs=<EMPTY_MAP>
2019-09-24 17:38:57,451 INFO  server.RaftServerConfigKeys (ConfUtils.java:logGet(43)) - raft.server.storage.dir = [/workdir/ratis-logservice/target/test/data/9271f28e/MiniRaftClusterWithNettye90a1e28/s0] (custom)
2019-09-24 17:38:57,452 INFO  server.RaftServerConfigKeys (ConfUtils.java:logGet(43)) - raft.server.log.corruption.policy = EXCEPTION (default)
2019-09-24 17:38:57,452 INFO  ratis.MiniRaftCluster (MiniRaftCluster.java:newRaftServer(330)) - newRaftServer: s1, group-A0B953E7444C:[s0:0.0.0.0:41124, s1:0.0.0.0:40422, s2:0.0.0.0:39538], format? true
2019-09-24 17:38:57,452 INFO  storage.RaftStorageDirectory (RaftStorageDirectory.java:analyzeStorage(246)) - The storage directory /workdir/ratis-logservice/target/test/data/9271f28e/MiniRaftClusterWithNettye90a1e28/s0/2e64840e-333b-43da-a0ea-a0b953e7444c does not exist. Creating ...
2019-09-24 17:38:57,452 TRACE util.FileUtils (FileUtils.java:deleteFully(88)) - deleteFully target/test/data/9271f28e/MiniRaftClusterWithNettye90a1e28/s1
2019-09-24 17:38:57,452 TRACE util.FileUtils (FileUtils.java:deleteFully(104)) - deleteFully: target/test/data/9271f28e/MiniRaftClusterWithNettye90a1e28/s1 does not exist.
2019-09-24 17:38:57,453 INFO  ratis.MiniRaftCluster (MiniRaftCluster.java:newRaftServer(335)) - Formatted directory target/test/data/9271f28e/MiniRaftClusterWithNettye90a1e28/s1
2019-09-24 17:38:57,453 TRACE util.FileUtils (LogUtils.java:runAndLog(61)) - Successfully ran Files.createDirectories /workdir/ratis-logservice/target/test/data/9271f28e/MiniRaftClusterWithNettye90a1e28/s0/2e64840e-333b-43da-a0ea-a0b953e7444c
2019-09-24 17:38:57,453 INFO  impl.RaftServerProxy (ConfUtils.java:logGet(43)) - raft.rpc.type = NETTY (custom)
2019-09-24 17:38:57,456 INFO  netty.NettyConfigKeys$Server (ConfUtils.java:logGet(43)) - raft.netty.server.port = 40422 (custom)
2019-09-24 17:38:57,456 INFO  server.RaftServerConfigKeys (ConfUtils.java:logGet(43)) - raft.server.storage.dir = [/workdir/ratis-logservice/target/test/data/9271f28e/MiniRaftClusterWithNettye90a1e28/s1] (custom)
2019-09-24 17:38:57,457 INFO  logging.LoggingHandler (AbstractInternalLogger.java:log(150)) - [id: 0xb9c1becf] REGISTERED
2019-09-24 17:38:57,457 INFO  logging.LoggingHandler (AbstractInternalLogger.java:log(150)) - [id: 0xb9c1becf] BIND: 0.0.0.0/0.0.0.0:40422
2019-09-24 17:38:57,457 INFO  impl.RaftServerProxy (RaftServerProxy.java:addNew(89)) - s1: addNew group-A0B953E7444C:[s0:0.0.0.0:41124, s1:0.0.0.0:40422, s2:0.0.0.0:39538] returns group-A0B953E7444C:java.util.concurrent.CompletableFuture@7e63ff2d[Not completed]
2019-09-24 17:38:57,457 INFO  logging.LoggingHandler (AbstractInternalLogger.java:log(150)) - [id: 0xb9c1becf, L:/0.0.0.0:40422] ACTIVE
2019-09-24 17:38:57,459 INFO  impl.RaftServerImpl (RaftServerImpl.java:<init>(95)) - s1: new RaftServerImpl for group-A0B953E7444C:[s0:0.0.0.0:41124, s1:0.0.0.0:40422, s2:0.0.0.0:39538] with LogStateMachine:uninitialized
2019-09-24 17:38:57,459 INFO  ratis.MiniRaftCluster (MiniRaftCluster.java:newRaftServer(330)) - newRaftServer: s2, group-A0B953E7444C:[s0:0.0.0.0:41124, s1:0.0.0.0:40422, s2:0.0.0.0:39538], format? true
2019-09-24 17:38:57,459 INFO  server.RaftServerConfigKeys (ConfUtils.java:logGet(43)) - raft.server.rpc.timeout.min = 150ms (default)
2019-09-24 17:38:57,459 TRACE util.FileUtils (FileUtils.java:deleteFully(88)) - deleteFully target/test/data/9271f28e/MiniRaftClusterWithNettye90a1e28/s2
2019-09-24 17:38:57,460 INFO  server.RaftServerConfigKeys (ConfUtils.java:logGet(43)) - raft.server.rpc.timeout.max = 300ms (default)
2019-09-24 17:38:57,460 INFO  server.RaftServerConfigKeys (ConfUtils.java:logGet(43)) - raft.server.rpcslowness.timeout = 60s (default)
2019-09-24 17:38:57,460 TRACE util.FileUtils (FileUtils.java:deleteFully(104)) - deleteFully: target/test/data/9271f28e/MiniRaftClusterWithNettye90a1e28/s2 does not exist.
2019-09-24 17:38:57,460 INFO  server.RaftServerConfigKeys (ConfUtils.java:logGet(43)) - raft.server.sleep.deviation.threshold = 300 (default)
2019-09-24 17:38:57,460 INFO  ratis.MiniRaftCluster (MiniRaftCluster.java:newRaftServer(335)) - Formatted directory target/test/data/9271f28e/MiniRaftClusterWithNettye90a1e28/s2
2019-09-24 17:38:57,461 INFO  server.RaftServerConfigKeys (ConfUtils.java:logGet(43)) - raft.server.log.appender.install.snapshot.enabled = true (default)
2019-09-24 17:38:57,461 INFO  impl.RaftServerImpl (ServerState.java:<init>(103)) - s1@group-A0B953E7444C: ConfigurationManager, init=-1: [s0:0.0.0.0:41124, s1:0.0.0.0:40422, s2:0.0.0.0:39538], old=null, confs=<EMPTY_MAP>
2019-09-24 17:38:57,461 INFO  impl.RaftServerProxy (ConfUtils.java:logGet(43)) - raft.rpc.type = NETTY (custom)
2019-09-24 17:38:57,461 INFO  server.RaftServerConfigKeys (ConfUtils.java:logGet(43)) - raft.server.storage.dir = [/workdir/ratis-logservice/target/test/data/9271f28e/MiniRaftClusterWithNettye90a1e28/s1] (custom)
2019-09-24 17:38:57,462 INFO  server.RaftServerConfigKeys (ConfUtils.java:logGet(43)) - raft.server.log.corruption.policy = EXCEPTION (default)
2019-09-24 17:38:57,462 INFO  storage.RaftStorageDirectory (RaftStorageDirectory.java:analyzeStorage(246)) - The storage directory /workdir/ratis-logservice/target/test/data/9271f28e/MiniRaftClusterWithNettye90a1e28/s1/2e64840e-333b-43da-a0ea-a0b953e7444c does not exist. Creating ...
2019-09-24 17:38:57,462 TRACE util.FileUtils (LogUtils.java:runAndLog(61)) - Successfully ran Files.createDirectories /workdir/ratis-logservice/target/test/data/9271f28e/MiniRaftClusterWithNettye90a1e28/s1/2e64840e-333b-43da-a0ea-a0b953e7444c
2019-09-24 17:38:57,465 INFO  netty.NettyConfigKeys$Server (ConfUtils.java:logGet(43)) - raft.netty.server.port = 39538 (custom)
2019-09-24 17:38:57,466 INFO  server.RaftServerConfigKeys (ConfUtils.java:logGet(43)) - raft.server.storage.dir = [/workdir/ratis-logservice/target/test/data/9271f28e/MiniRaftClusterWithNettye90a1e28/s2] (custom)
2019-09-24 17:38:57,466 INFO  logging.LoggingHandler (AbstractInternalLogger.java:log(150)) - [id: 0x3f57019e] REGISTERED
2019-09-24 17:38:57,466 INFO  logging.LoggingHandler (AbstractInternalLogger.java:log(150)) - [id: 0x3f57019e] BIND: 0.0.0.0/0.0.0.0:39538
2019-09-24 17:38:57,466 INFO  impl.RaftServerProxy (RaftServerProxy.java:addNew(89)) - s2: addNew group-A0B953E7444C:[s0:0.0.0.0:41124, s1:0.0.0.0:40422, s2:0.0.0.0:39538] returns group-A0B953E7444C:java.util.concurrent.CompletableFuture@213b4926[Not completed]
2019-09-24 17:38:57,467 INFO  logging.LoggingHandler (AbstractInternalLogger.java:log(150)) - [id: 0x3f57019e, L:/0.0.0.0:39538] ACTIVE
2019-09-24 17:38:57,468 INFO  impl.RaftServerImpl (RaftServerImpl.java:<init>(95)) - s2: new RaftServerImpl for group-A0B953E7444C:[s0:0.0.0.0:41124, s1:0.0.0.0:40422, s2:0.0.0.0:39538] with LogStateMachine:uninitialized
2019-09-24 17:38:57,468 INFO  server.RaftServerConfigKeys (ConfUtils.java:logGet(43)) - raft.server.rpc.timeout.min = 150ms (default)
2019-09-24 17:38:57,468 INFO  server.RaftServerConfigKeys (ConfUtils.java:logGet(43)) - raft.server.rpc.timeout.max = 300ms (default)
2019-09-24 17:38:57,468 INFO  server.RaftServerConfigKeys (ConfUtils.java:logGet(43)) - raft.server.rpcslowness.timeout = 60s (default)
2019-09-24 17:38:57,468 INFO  server.RaftServerConfigKeys (ConfUtils.java:logGet(43)) - raft.server.sleep.deviation.threshold = 300 (default)
2019-09-24 17:38:57,468 INFO  server.RaftServerConfigKeys (ConfUtils.java:logGet(43)) - raft.server.log.appender.install.snapshot.enabled = true (default)
2019-09-24 17:38:57,469 INFO  impl.RaftServerImpl (ServerState.java:<init>(103)) - s2@group-A0B953E7444C: ConfigurationManager, init=-1: [s0:0.0.0.0:41124, s1:0.0.0.0:40422, s2:0.0.0.0:39538], old=null, confs=<EMPTY_MAP>
2019-09-24 17:38:57,469 INFO  server.RaftServerConfigKeys (ConfUtils.java:logGet(43)) - raft.server.storage.dir = [/workdir/ratis-logservice/target/test/data/9271f28e/MiniRaftClusterWithNettye90a1e28/s2] (custom)
2019-09-24 17:38:57,469 INFO  server.RaftServerConfigKeys (ConfUtils.java:logGet(43)) - raft.server.log.corruption.policy = EXCEPTION (default)
2019-09-24 17:38:57,469 INFO  storage.RaftStorageDirectory (RaftStorageDirectory.java:analyzeStorage(246)) - The storage directory /workdir/ratis-logservice/target/test/data/9271f28e/MiniRaftClusterWithNettye90a1e28/s2/2e64840e-333b-43da-a0ea-a0b953e7444c does not exist. Creating ...
2019-09-24 17:38:57,470 TRACE util.FileUtils (LogUtils.java:runAndLog(61)) - Successfully ran Files.createDirectories /workdir/ratis-logservice/target/test/data/9271f28e/MiniRaftClusterWithNettye90a1e28/s2/2e64840e-333b-43da-a0ea-a0b953e7444c
2019-09-24 17:38:57,507 INFO  storage.RaftStorageDirectory (RaftStorageDirectory.java:tryLock(328)) - Lock on /workdir/ratis-logservice/target/test/data/9271f28e/MiniRaftClusterWithNettye90a1e28/s0/2e64840e-333b-43da-a0ea-a0b953e7444c/in_use.lock acquired by nodename 662@ratis-test-vphbd-3564017154
2019-09-24 17:38:57,507 INFO  storage.RaftStorageDirectory (RaftStorageDirectory.java:tryLock(328)) - Lock on /workdir/ratis-logservice/target/test/data/9271f28e/MiniRaftClusterWithNettye90a1e28/s1/2e64840e-333b-43da-a0ea-a0b953e7444c/in_use.lock acquired by nodename 662@ratis-test-vphbd-3564017154
2019-09-24 17:38:57,507 INFO  storage.RaftStorageDirectory (RaftStorageDirectory.java:tryLock(328)) - Lock on /workdir/ratis-logservice/target/test/data/9271f28e/MiniRaftClusterWithNettye90a1e28/s2/2e64840e-333b-43da-a0ea-a0b953e7444c/in_use.lock acquired by nodename 662@ratis-test-vphbd-3564017154
2019-09-24 17:38:57,507 TRACE util.FileUtils (LogUtils.java:runAndLog(61)) - Successfully ran Files.createDirectories /workdir/ratis-logservice/target/test/data/9271f28e/MiniRaftClusterWithNettye90a1e28/s0/2e64840e-333b-43da-a0ea-a0b953e7444c/current
2019-09-24 17:38:57,507 TRACE util.FileUtils (LogUtils.java:runAndLog(61)) - Successfully ran Files.createDirectories /workdir/ratis-logservice/target/test/data/9271f28e/MiniRaftClusterWithNettye90a1e28/s1/2e64840e-333b-43da-a0ea-a0b953e7444c/current
2019-09-24 17:38:57,508 TRACE util.FileUtils (LogUtils.java:runAndLog(61)) - Successfully ran Files.createDirectories /workdir/ratis-logservice/target/test/data/9271f28e/MiniRaftClusterWithNettye90a1e28/s0/2e64840e-333b-43da-a0ea-a0b953e7444c/sm
2019-09-24 17:38:57,508 TRACE util.FileUtils (LogUtils.java:runAndLog(61)) - Successfully ran Files.createDirectories /workdir/ratis-logservice/target/test/data/9271f28e/MiniRaftClusterWithNettye90a1e28/s1/2e64840e-333b-43da-a0ea-a0b953e7444c/sm
2019-09-24 17:38:57,507 TRACE util.FileUtils (LogUtils.java:runAndLog(61)) - Successfully ran Files.createDirectories /workdir/ratis-logservice/target/test/data/9271f28e/MiniRaftClusterWithNettye90a1e28/s2/2e64840e-333b-43da-a0ea-a0b953e7444c/current
2019-09-24 17:38:57,508 TRACE util.FileUtils (LogUtils.java:runAndLog(61)) - Successfully ran Files.createDirectories /workdir/ratis-logservice/target/test/data/9271f28e/MiniRaftClusterWithNettye90a1e28/s2/2e64840e-333b-43da-a0ea-a0b953e7444c/sm
2019-09-24 17:38:57,540 INFO  storage.RaftStorage (RaftStorage.java:format(84)) - Storage directory /workdir/ratis-logservice/target/test/data/9271f28e/MiniRaftClusterWithNettye90a1e28/s1/2e64840e-333b-43da-a0ea-a0b953e7444c has been successfully formatted.
2019-09-24 17:38:57,540 INFO  storage.RaftStorage (RaftStorage.java:format(84)) - Storage directory /workdir/ratis-logservice/target/test/data/9271f28e/MiniRaftClusterWithNettye90a1e28/s0/2e64840e-333b-43da-a0ea-a0b953e7444c has been successfully formatted.
2019-09-24 17:38:57,540 INFO  storage.RaftStorage (RaftStorage.java:format(84)) - Storage directory /workdir/ratis-logservice/target/test/data/9271f28e/MiniRaftClusterWithNettye90a1e28/s2/2e64840e-333b-43da-a0ea-a0b953e7444c has been successfully formatted.
2019-09-24 17:38:57,543 WARN  server.LogStateMachine (LogStateMachine.java:load(226)) - The snapshot info is null.
2019-09-24 17:38:57,544 INFO  server.RaftServerConfigKeys (ConfUtils.java:logGet(43)) - raft.server.notification.no-leader.timeout = 60s (default)
2019-09-24 17:38:57,544 WARN  server.LogStateMachine (LogStateMachine.java:load(226)) - The snapshot info is null.
2019-09-24 17:38:57,544 INFO  server.RaftServerConfigKeys (ConfUtils.java:logGet(43)) - raft.server.log.use.memory = false (default)
2019-09-24 17:38:57,544 INFO  server.RaftServerConfigKeys (ConfUtils.java:logGet(43)) - raft.server.notification.no-leader.timeout = 60s (default)
2019-09-24 17:38:57,544 INFO  server.RaftServerConfigKeys (ConfUtils.java:logGet(43)) - raft.server.log.purge.gap = 1024 (default)
2019-09-24 17:38:57,544 WARN  server.LogStateMachine (LogStateMachine.java:load(226)) - The snapshot info is null.
2019-09-24 17:38:57,545 INFO  server.RaftServerConfigKeys (ConfUtils.java:logGet(43)) - raft.server.log.appender.buffer.byte-limit = 4MB (=4194304) (default)
2019-09-24 17:38:57,545 INFO  server.RaftServerConfigKeys (ConfUtils.java:logGet(43)) - raft.server.log.use.memory = false (default)
2019-09-24 17:38:57,545 INFO  server.RaftServerConfigKeys (ConfUtils.java:logGet(43)) - raft.server.log.segment.size.max = 8MB (=8388608) (default)
2019-09-24 17:38:57,545 INFO  server.RaftServerConfigKeys (ConfUtils.java:logGet(43)) - raft.server.notification.no-leader.timeout = 60s (default)
2019-09-24 17:38:57,546 INFO  server.RaftServerConfigKeys (ConfUtils.java:logGet(43)) - raft.server.log.segment.cache.num.max = 6 (default)
2019-09-24 17:38:57,545 INFO  server.RaftServerConfigKeys (ConfUtils.java:logGet(43)) - raft.server.log.purge.gap = 1024 (default)
2019-09-24 17:38:57,546 INFO  segmented.SegmentedRaftLogWorker (SegmentedRaftLogWorker.java:<init>(172)) - new s1@group-A0B953E7444C-SegmentedRaftLogWorker for RaftStorage:Storage Directory /workdir/ratis-logservice/target/test/data/9271f28e/MiniRaftClusterWithNettye90a1e28/s1/2e64840e-333b-43da-a0ea-a0b953e7444c
2019-09-24 17:38:57,546 INFO  server.RaftServerConfigKeys (ConfUtils.java:logGet(43)) - raft.server.log.use.memory = false (default)
2019-09-24 17:38:57,546 INFO  server.RaftServerConfigKeys (ConfUtils.java:logGet(43)) - raft.server.log.queue.byte-limit = 64MB (=67108864) (default)
2019-09-24 17:38:57,546 INFO  server.RaftServerConfigKeys (ConfUtils.java:logGet(43)) - raft.server.log.appender.buffer.byte-limit = 4MB (=4194304) (default)
2019-09-24 17:38:57,547 INFO  server.RaftServerConfigKeys (ConfUtils.java:logGet(43)) - raft.server.log.queue.element-limit = 4096 (default)
2019-09-24 17:38:57,546 INFO  server.RaftServerConfigKeys (ConfUtils.java:logGet(43)) - raft.server.log.purge.gap = 1024 (default)
2019-09-24 17:38:57,547 INFO  server.RaftServerConfigKeys (ConfUtils.java:logGet(43)) - raft.server.log.segment.size.max = 8MB (=8388608) (default)
2019-09-24 17:38:57,547 INFO  server.RaftServerConfigKeys (ConfUtils.java:logGet(43)) - raft.server.log.segment.size.max = 8MB (=8388608) (default)
2019-09-24 17:38:57,547 INFO  server.RaftServerConfigKeys (ConfUtils.java:logGet(43)) - raft.server.log.preallocated.size = 4MB (=4194304) (default)
2019-09-24 17:38:57,547 INFO  server.RaftServerConfigKeys (ConfUtils.java:logGet(43)) - raft.server.log.appender.buffer.byte-limit = 4MB (=4194304) (default)
2019-09-24 17:38:57,548 INFO  server.RaftServerConfigKeys (ConfUtils.java:logGet(43)) - raft.server.log.write.buffer.size = 64KB (=65536) (default)
2019-09-24 17:38:57,547 INFO  server.RaftServerConfigKeys (ConfUtils.java:logGet(43)) - raft.server.log.segment.cache.num.max = 6 (default)
2019-09-24 17:38:57,548 INFO  server.RaftServerConfigKeys (ConfUtils.java:logGet(43)) - raft.server.log.force.sync.num = 128 (default)
2019-09-24 17:38:57,548 INFO  server.RaftServerConfigKeys (ConfUtils.java:logGet(43)) - raft.server.log.segment.size.max = 8MB (=8388608) (default)
2019-09-24 17:38:57,548 INFO  server.RaftServerConfigKeys (ConfUtils.java:logGet(43)) - raft.server.log.statemachine.data.sync = true (default)
2019-09-24 17:38:57,548 INFO  segmented.SegmentedRaftLogWorker (SegmentedRaftLogWorker.java:<init>(172)) - new s2@group-A0B953E7444C-SegmentedRaftLogWorker for RaftStorage:Storage Directory /workdir/ratis-logservice/target/test/data/9271f28e/MiniRaftClusterWithNettye90a1e28/s2/2e64840e-333b-43da-a0ea-a0b953e7444c
2019-09-24 17:38:57,549 INFO  server.RaftServerConfigKeys (ConfUtils.java:logGet(43)) - raft.server.log.statemachine.data.sync.timeout = 10s (default)
2019-09-24 17:38:57,549 INFO  server.RaftServerConfigKeys (ConfUtils.java:logGet(43)) - raft.server.log.segment.cache.num.max = 6 (default)
2019-09-24 17:38:57,549 INFO  server.RaftServerConfigKeys (ConfUtils.java:logGet(43)) - raft.server.log.statemachine.data.sync.timeout.retry = -1 (default)
2019-09-24 17:38:57,549 INFO  server.RaftServerConfigKeys (ConfUtils.java:logGet(43)) - raft.server.log.queue.byte-limit = 64MB (=67108864) (default)
2019-09-24 17:38:57,550 INFO  server.RaftServerConfigKeys (ConfUtils.java:logGet(43)) - raft.server.log.statemachine.data.caching.enabled = false (default)
2019-09-24 17:38:57,549 INFO  segmented.SegmentedRaftLogWorker (SegmentedRaftLogWorker.java:<init>(172)) - new s0@group-A0B953E7444C-SegmentedRaftLogWorker for RaftStorage:Storage Directory /workdir/ratis-logservice/target/test/data/9271f28e/MiniRaftClusterWithNettye90a1e28/s0/2e64840e-333b-43da-a0ea-a0b953e7444c
2019-09-24 17:38:57,550 INFO  server.RaftServerConfigKeys (ConfUtils.java:logGet(43)) - raft.server.log.queue.element-limit = 4096 (default)
2019-09-24 17:38:57,550 INFO  segmented.SegmentedRaftLogWorker (SegmentedRaftLogWorker.java:lambda$new$0(132)) - s1@group-A0B953E7444C-SegmentedRaftLogWorker: flushIndex: setUnconditionally 0 -> -1
2019-09-24 17:38:57,550 INFO  server.RaftServerConfigKeys (ConfUtils.java:logGet(43)) - raft.server.log.queue.byte-limit = 64MB (=67108864) (default)
2019-09-24 17:38:57,550 INFO  server.RaftServerConfigKeys (ConfUtils.java:logGet(43)) - raft.server.log.segment.size.max = 8MB (=8388608) (default)
2019-09-24 17:38:57,551 INFO  server.RaftServerConfigKeys (ConfUtils.java:logGet(43)) - raft.server.snapshot.auto.trigger.enabled = false (default)
2019-09-24 17:38:57,551 INFO  server.RaftServerConfigKeys (ConfUtils.java:logGet(43)) - raft.server.log.queue.element-limit = 4096 (default)
2019-09-24 17:38:57,551 INFO  server.RaftServerConfigKeys (ConfUtils.java:logGet(43)) - raft.server.snapshot.retention.file.num = -1 (default)
2019-09-24 17:38:57,551 INFO  server.RaftServerConfigKeys (ConfUtils.java:logGet(43)) - raft.server.log.preallocated.size = 4MB (=4194304) (default)
2019-09-24 17:38:57,551 INFO  server.RaftServerConfigKeys (ConfUtils.java:logGet(43)) - raft.server.retrycache.expirytime = 60s (default)
2019-09-24 17:38:57,551 INFO  server.RaftServerConfigKeys (ConfUtils.java:logGet(43)) - raft.server.log.segment.size.max = 8MB (=8388608) (default)
2019-09-24 17:38:57,551 INFO  server.RaftServerConfigKeys (ConfUtils.java:logGet(43)) - raft.server.log.write.buffer.size = 64KB (=65536) (default)
2019-09-24 17:38:57,552 INFO  server.RaftServerConfigKeys (ConfUtils.java:logGet(43)) - raft.server.log.preallocated.size = 4MB (=4194304) (default)
2019-09-24 17:38:57,552 INFO  server.RaftServerConfigKeys (ConfUtils.java:logGet(43)) - raft.server.log.force.sync.num = 128 (default)
2019-09-24 17:38:57,552 INFO  server.RaftServerConfigKeys (ConfUtils.java:logGet(43)) - raft.server.log.write.buffer.size = 64KB (=65536) (default)
2019-09-24 17:38:57,552 INFO  server.RaftServerConfigKeys (ConfUtils.java:logGet(43)) - raft.server.log.statemachine.data.sync = true (default)
2019-09-24 17:38:57,552 INFO  server.RaftServerConfigKeys (ConfUtils.java:logGet(43)) - raft.server.log.force.sync.num = 128 (default)
2019-09-24 17:38:57,552 INFO  server.RaftServerConfigKeys (ConfUtils.java:logGet(43)) - raft.server.log.statemachine.data.sync.timeout = 10s (default)
2019-09-24 17:38:57,553 INFO  server.RaftServerConfigKeys (ConfUtils.java:logGet(43)) - raft.server.log.statemachine.data.sync = true (default)
2019-09-24 17:38:57,553 INFO  server.RaftServerConfigKeys (ConfUtils.java:logGet(43)) - raft.server.log.statemachine.data.sync.timeout.retry = -1 (default)
2019-09-24 17:38:57,553 INFO  server.RaftServerConfigKeys (ConfUtils.java:logGet(43)) - raft.server.log.statemachine.data.sync.timeout = 10s (default)
2019-09-24 17:38:57,553 INFO  server.RaftServerConfigKeys (ConfUtils.java:logGet(43)) - raft.server.log.statemachine.data.caching.enabled = false (default)
2019-09-24 17:38:57,553 INFO  server.RaftServerConfigKeys (ConfUtils.java:logGet(43)) - raft.server.log.statemachine.data.sync.timeout.retry = -1 (default)
2019-09-24 17:38:57,554 INFO  server.RaftServerConfigKeys (ConfUtils.java:logGet(43)) - raft.server.log.statemachine.data.caching.enabled = false (default)
2019-09-24 17:38:57,554 INFO  segmented.SegmentedRaftLogWorker (SegmentedRaftLogWorker.java:lambda$new$0(132)) - s2@group-A0B953E7444C-SegmentedRaftLogWorker: flushIndex: setUnconditionally 0 -> -1
2019-09-24 17:38:57,554 INFO  segmented.SegmentedRaftLogWorker (SegmentedRaftLogWorker.java:lambda$new$0(132)) - s0@group-A0B953E7444C-SegmentedRaftLogWorker: flushIndex: setUnconditionally 0 -> -1
2019-09-24 17:38:57,554 INFO  server.RaftServerConfigKeys (ConfUtils.java:logGet(43)) - raft.server.snapshot.auto.trigger.enabled = false (default)
2019-09-24 17:38:57,554 INFO  server.RaftServerConfigKeys (ConfUtils.java:logGet(43)) - raft.server.snapshot.retention.file.num = -1 (default)
2019-09-24 17:38:57,555 INFO  server.RaftServerConfigKeys (ConfUtils.java:logGet(43)) - raft.server.snapshot.auto.trigger.enabled = false (default)
2019-09-24 17:38:57,555 INFO  server.RaftServerConfigKeys (ConfUtils.java:logGet(43)) - raft.server.retrycache.expirytime = 60s (default)
2019-09-24 17:38:57,555 INFO  server.RaftServerConfigKeys (ConfUtils.java:logGet(43)) - raft.server.snapshot.retention.file.num = -1 (default)
2019-09-24 17:38:57,555 INFO  server.RaftServerConfigKeys (ConfUtils.java:logGet(43)) - raft.server.retrycache.expirytime = 60s (default)
2019-09-24 17:38:57,560 INFO  impl.RaftServerImpl (RaftServerImpl.java:start(181)) - s0@group-A0B953E7444C: start as a follower, conf=-1: [s0:0.0.0.0:41124, s1:0.0.0.0:40422, s2:0.0.0.0:39538], old=null
2019-09-24 17:38:57,560 INFO  impl.RaftServerImpl (RaftServerImpl.java:setRole(170)) - s0@group-A0B953E7444C: changes role from      null to FOLLOWER at term 0 for startAsFollower
2019-09-24 17:38:57,561 INFO  impl.RoleInfo (RoleInfo.java:updateAndGet(143)) - s0: start FollowerState
2019-09-24 17:38:57,562 INFO  util.JmxRegister (JmxRegister.java:tryRegister(44)) - Successfully registered JMX Bean with object name Ratis:service=RaftServer,group=group-A0B953E7444C,id=s0
2019-09-24 17:38:57,569 INFO  impl.RaftServerProxy (RaftServerProxy.java:lambda$start$3(299)) - s0: start RPC server
2019-09-24 17:38:57,571 INFO  impl.RaftServerImpl (RaftServerImpl.java:start(181)) - s1@group-A0B953E7444C: start as a follower, conf=-1: [s0:0.0.0.0:41124, s1:0.0.0.0:40422, s2:0.0.0.0:39538], old=null
2019-09-24 17:38:57,571 INFO  impl.RaftServerImpl (RaftServerImpl.java:setRole(170)) - s1@group-A0B953E7444C: changes role from      null to FOLLOWER at term 0 for startAsFollower
2019-09-24 17:38:57,571 INFO  impl.RoleInfo (RoleInfo.java:updateAndGet(143)) - s1: start FollowerState
2019-09-24 17:38:57,572 INFO  util.JmxRegister (JmxRegister.java:tryRegister(44)) - Successfully registered JMX Bean with object name Ratis:service=RaftServer,group=group-A0B953E7444C,id=s1
2019-09-24 17:38:57,581 INFO  impl.RaftServerProxy (RaftServerProxy.java:lambda$start$3(299)) - s1: start RPC server
2019-09-24 17:38:57,582 INFO  impl.RaftServerImpl (RaftServerImpl.java:start(181)) - s2@group-A0B953E7444C: start as a follower, conf=-1: [s0:0.0.0.0:41124, s1:0.0.0.0:40422, s2:0.0.0.0:39538], old=null
2019-09-24 17:38:57,583 INFO  impl.RaftServerImpl (RaftServerImpl.java:setRole(170)) - s2@group-A0B953E7444C: changes role from      null to FOLLOWER at term 0 for startAsFollower
2019-09-24 17:38:57,583 INFO  impl.RoleInfo (RoleInfo.java:updateAndGet(143)) - s2: start FollowerState
2019-09-24 17:38:57,584 INFO  util.JmxRegister (JmxRegister.java:tryRegister(44)) - Successfully registered JMX Bean with object name Ratis:service=RaftServer,group=group-A0B953E7444C,id=s2
2019-09-24 17:38:57,591 INFO  impl.RaftServerProxy (RaftServerProxy.java:lambda$start$3(299)) - s2: start RPC server
2019-09-24 17:38:57,592 INFO  server.RaftServerConfigKeys (ConfUtils.java:logGet(43)) - raft.server.rpc.timeout.max = 300ms (default)
2019-09-24 17:38:57,592 INFO  ratis.RaftTestUtil (RaftTestUtil.java:waitForLeader(86)) - printing ALL groups
  s0:  RUNNING  FOLLOWER s0@group-A0B953E7444C:t0, leader=null, voted=null, raftlog=s0@group-A0B953E7444C-SegmentedRaftLog:OPENED:c-1,f-1,i0, conf=-1: [s0:0.0.0.0:41124, s1:0.0.0.0:40422, s2:0.0.0.0:39538], old=null RUNNING
  s1:  RUNNING  FOLLOWER s1@group-A0B953E7444C:t0, leader=null, voted=null, raftlog=s1@group-A0B953E7444C-SegmentedRaftLog:OPENED:c-1,f-1,i0, conf=-1: [s0:0.0.0.0:41124, s1:0.0.0.0:40422, s2:0.0.0.0:39538], old=null RUNNING
  s2:  RUNNING  FOLLOWER s2@group-A0B953E7444C:t0, leader=null, voted=null, raftlog=s2@group-A0B953E7444C-SegmentedRaftLog:OPENED:c-1,f-1,i0, conf=-1: [s0:0.0.0.0:41124, s1:0.0.0.0:40422, s2:0.0.0.0:39538], old=null RUNNING
2019-09-24 17:38:57,593 WARN  ratis.RaftTestUtil (JavaUtils.java:attempt(158)) - FAILED "waitForLeader-null-(expectLeader? true)", attempt #1/100: java.lang.IllegalStateException: No leader yet : printing ALL groups
  s0:  RUNNING  FOLLOWER s0@group-A0B953E7444C:t0, leader=null, voted=null, raftlog=s0@group-A0B953E7444C-SegmentedRaftLog:OPENED:c-1,f-1,i0, conf=-1: [s0:0.0.0.0:41124, s1:0.0.0.0:40422, s2:0.0.0.0:39538], old=null RUNNING
  s1:  RUNNING  FOLLOWER s1@group-A0B953E7444C:t0, leader=null, voted=null, raftlog=s1@group-A0B953E7444C-SegmentedRaftLog:OPENED:c-1,f-1,i0, conf=-1: [s0:0.0.0.0:41124, s1:0.0.0.0:40422, s2:0.0.0.0:39538], old=null RUNNING
  s2:  RUNNING  FOLLOWER s2@group-A0B953E7444C:t0, leader=null, voted=null, raftlog=s2@group-A0B953E7444C-SegmentedRaftLog:OPENED:c-1,f-1,i0, conf=-1: [s0:0.0.0.0:41124, s1:0.0.0.0:40422, s2:0.0.0.0:39538], old=null RUNNING, sleep 450ms and then retry.
java.lang.IllegalStateException: No leader yet : printing ALL groups
  s0:  RUNNING  FOLLOWER s0@group-A0B953E7444C:t0, leader=null, voted=null, raftlog=s0@group-A0B953E7444C-SegmentedRaftLog:OPENED:c-1,f-1,i0, conf=-1: [s0:0.0.0.0:41124, s1:0.0.0.0:40422, s2:0.0.0.0:39538], old=null RUNNING
  s1:  RUNNING  FOLLOWER s1@group-A0B953E7444C:t0, leader=null, voted=null, raftlog=s1@group-A0B953E7444C-SegmentedRaftLog:OPENED:c-1,f-1,i0, conf=-1: [s0:0.0.0.0:41124, s1:0.0.0.0:40422, s2:0.0.0.0:39538], old=null RUNNING
  s2:  RUNNING  FOLLOWER s2@group-A0B953E7444C:t0, leader=null, voted=null, raftlog=s2@group-A0B953E7444C-SegmentedRaftLog:OPENED:c-1,f-1,i0, conf=-1: [s0:0.0.0.0:41124, s1:0.0.0.0:40422, s2:0.0.0.0:39538], old=null RUNNING
	at org.apache.ratis.MiniRaftCluster.newIllegalStateExceptionForNoLeaders(MiniRaftCluster.java:506)
	at org.apache.ratis.RaftTestUtil.lambda$waitForLeader$1(RaftTestUtil.java:90)
	at org.apache.ratis.MiniRaftCluster.getLeader(MiniRaftCluster.java:539)
	at org.apache.ratis.MiniRaftCluster.getLeader(MiniRaftCluster.java:532)
	at org.apache.ratis.RaftTestUtil.lambda$waitForLeader$3(RaftTestUtil.java:98)
	at org.apache.ratis.util.JavaUtils.attempt(JavaUtils.java:152)
	at org.apache.ratis.RaftTestUtil.waitForLeader(RaftTestUtil.java:97)
	at org.apache.ratis.RaftTestUtil.waitForLeader(RaftTestUtil.java:77)
	at org.apache.ratis.RaftTestUtil.waitForLeader(RaftTestUtil.java:72)
	at org.apache.ratis.logservice.LogServiceReadWriteBase.setUpCluster(LogServiceReadWriteBase.java:116)
	at sun.reflect.NativeMethodAccessorImpl.invoke0(Native Method)
	at sun.reflect.NativeMethodAccessorImpl.invoke(NativeMethodAccessorImpl.java:62)
	at sun.reflect.DelegatingMethodAccessorImpl.invoke(DelegatingMethodAccessorImpl.java:43)
	at java.lang.reflect.Method.invoke(Method.java:498)
	at org.junit.runners.model.FrameworkMethod$1.runReflectiveCall(FrameworkMethod.java:50)
	at org.junit.internal.runners.model.ReflectiveCallable.run(ReflectiveCallable.java:12)
	at org.junit.runners.model.FrameworkMethod.invokeExplosively(FrameworkMethod.java:47)
	at org.junit.internal.runners.statements.RunBefores.evaluate(RunBefores.java:24)
	at org.junit.internal.runners.statements.RunAfters.evaluate(RunAfters.java:27)
	at org.junit.internal.runners.statements.FailOnTimeout$CallableStatement.call(FailOnTimeout.java:298)
	at org.junit.internal.runners.statements.FailOnTimeout$CallableStatement.call(FailOnTimeout.java:292)
	at java.util.concurrent.FutureTask.run(FutureTask.java:266)
	at java.lang.Thread.run(Thread.java:748)
2019-09-24 17:38:57,749 INFO  impl.FollowerState (FollowerState.java:run(108)) - s0@group-A0B953E7444C-FollowerState: change to CANDIDATE, lastRpcTime:187ms, electionTimeout:187ms
2019-09-24 17:38:57,750 INFO  impl.RoleInfo (RoleInfo.java:shutdownFollowerState(121)) - s0: shutdown FollowerState
2019-09-24 17:38:57,750 INFO  impl.RaftServerImpl (RaftServerImpl.java:setRole(170)) - s0@group-A0B953E7444C: changes role from  FOLLOWER to CANDIDATE at term 0 for changeToCandidate
2019-09-24 17:38:57,750 INFO  impl.RoleInfo (RoleInfo.java:updateAndGet(143)) - s0: start LeaderElection
2019-09-24 17:38:57,769 INFO  impl.FollowerState (FollowerState.java:run(108)) - s1@group-A0B953E7444C-FollowerState: change to CANDIDATE, lastRpcTime:197ms, electionTimeout:197ms
2019-09-24 17:38:57,770 INFO  impl.RoleInfo (RoleInfo.java:shutdownFollowerState(121)) - s1: shutdown FollowerState
2019-09-24 17:38:57,770 INFO  impl.RaftServerImpl (RaftServerImpl.java:setRole(170)) - s1@group-A0B953E7444C: changes role from  FOLLOWER to CANDIDATE at term 0 for changeToCandidate
2019-09-24 17:38:57,770 INFO  impl.RoleInfo (RoleInfo.java:updateAndGet(143)) - s1: start LeaderElection
2019-09-24 17:38:57,781 INFO  impl.LeaderElection (LeaderElection.java:askForVotes(178)) - s0@group-A0B953E7444C-LeaderElection20: begin an election at term 1 for -1: [s0:0.0.0.0:41124, s1:0.0.0.0:40422, s2:0.0.0.0:39538], old=null
2019-09-24 17:38:57,787 INFO  logging.LoggingHandler (AbstractInternalLogger.java:log(150)) - [id: 0xb9c1becf, L:/0.0.0.0:40422] READ: [id: 0xd1fbb43d, L:/192.168.5.142:40422 - R:/192.168.5.142:45316]
2019-09-24 17:38:57,787 INFO  logging.LoggingHandler (AbstractInternalLogger.java:log(150)) - [id: 0x3f57019e, L:/0.0.0.0:39538] READ: [id: 0xa31fe8b5, L:/192.168.5.142:39538 - R:/192.168.5.142:38466]
2019-09-24 17:38:57,787 INFO  logging.LoggingHandler (AbstractInternalLogger.java:log(150)) - [id: 0xb9c1becf, L:/0.0.0.0:40422] READ COMPLETE
2019-09-24 17:38:57,788 INFO  logging.LoggingHandler (AbstractInternalLogger.java:log(150)) - [id: 0x3f57019e, L:/0.0.0.0:39538] READ COMPLETE
2019-09-24 17:38:57,792 INFO  impl.RaftServerImpl (RaftServerImpl.java:setRole(170)) - s2@group-A0B953E7444C: changes role from  FOLLOWER to FOLLOWER at term 1 for recognizeCandidate:s0
2019-09-24 17:38:57,793 INFO  impl.RoleInfo (RoleInfo.java:shutdownFollowerState(121)) - s2: shutdown FollowerState
2019-09-24 17:38:57,793 INFO  impl.RoleInfo (RoleInfo.java:updateAndGet(143)) - s2: start FollowerState
2019-09-24 17:38:57,793 INFO  impl.FollowerState (FollowerState.java:run(117)) - s2@group-A0B953E7444C-FollowerState was interrupted: java.lang.InterruptedException: sleep interrupted
2019-09-24 17:38:57,804 INFO  impl.LeaderElection (LeaderElection.java:askForVotes(178)) - s1@group-A0B953E7444C-LeaderElection21: begin an election at term 1 for -1: [s0:0.0.0.0:41124, s1:0.0.0.0:40422, s2:0.0.0.0:39538], old=null
2019-09-24 17:38:57,806 INFO  impl.LeaderElection (LeaderElection.java:logAndReturn(56)) - s0@group-A0B953E7444C-LeaderElection20: Election PASSED; received 2 response(s) [s0<-s1#0:FAIL-t1, s0<-s2#0:OK-t1] and 0 exception(s); s0@group-A0B953E7444C:t1, leader=null, voted=s0, raftlog=s0@group-A0B953E7444C-SegmentedRaftLog:OPENED:c-1,f-1,i0, conf=-1: [s0:0.0.0.0:41124, s1:0.0.0.0:40422, s2:0.0.0.0:39538], old=null
2019-09-24 17:38:57,806 INFO  impl.RoleInfo (RoleInfo.java:shutdownLeaderElection(134)) - s0: shutdown LeaderElection
2019-09-24 17:38:57,808 INFO  impl.RaftServerImpl (RaftServerImpl.java:setRole(170)) - s0@group-A0B953E7444C: changes role from CANDIDATE to LEADER at term 1 for changeToLeader
2019-09-24 17:38:57,808 INFO  impl.RaftServerImpl (ServerState.java:setLeader(254)) - s0@group-A0B953E7444C: change Leader from null to s0 at term 1 for becomeLeader, leader elected after 262ms
2019-09-24 17:38:57,811 INFO  server.RaftServerConfigKeys (ConfUtils.java:logGet(43)) - raft.server.staging.catchup.gap = 1000 (default)
2019-09-24 17:38:57,812 INFO  server.RaftServerConfigKeys (ConfUtils.java:logGet(43)) - raft.server.rpc.sleep.time = 25ms (default)
2019-09-24 17:38:57,813 INFO  logging.LoggingHandler (AbstractInternalLogger.java:log(150)) - [id: 0x3f57019e, L:/0.0.0.0:39538] READ: [id: 0x7ce66733, L:/192.168.5.142:39538 - R:/192.168.5.142:38468]
2019-09-24 17:38:57,813 INFO  server.RaftServerConfigKeys (ConfUtils.java:logGet(43)) - raft.server.write.element-limit = 4096 (default)
2019-09-24 17:38:57,814 INFO  logging.LoggingHandler (AbstractInternalLogger.java:log(150)) - [id: 0x9d43ff7a, L:/0.0.0.0:41124] READ: [id: 0xb0f3ab34, L:/192.168.5.142:41124 - R:/192.168.5.142:59216]
2019-09-24 17:38:57,814 INFO  server.RaftServerConfigKeys (ConfUtils.java:logGet(43)) - raft.server.watch.timeout = 10s (default)
2019-09-24 17:38:57,814 INFO  logging.LoggingHandler (AbstractInternalLogger.java:log(150)) - [id: 0x3f57019e, L:/0.0.0.0:39538] READ COMPLETE
2019-09-24 17:38:57,816 INFO  logging.LoggingHandler (AbstractInternalLogger.java:log(150)) - [id: 0x9d43ff7a, L:/0.0.0.0:41124] READ COMPLETE
2019-09-24 17:38:57,814 INFO  server.RaftServerConfigKeys (ConfUtils.java:logGet(43)) - raft.server.watch.timeout.denomination = 1s (default)
2019-09-24 17:38:57,816 INFO  server.RaftServerConfigKeys (ConfUtils.java:logGet(43)) - raft.server.watch.element-limit = 65536 (default)
2019-09-24 17:38:57,822 INFO  server.RaftServerConfigKeys (ConfUtils.java:logGet(43)) - raft.server.log.appender.snapshot.chunk.size.max = 16MB (=16777216) (default)
2019-09-24 17:38:57,822 INFO  server.RaftServerConfigKeys (ConfUtils.java:logGet(43)) - raft.server.log.appender.buffer.byte-limit = 4MB (=4194304) (default)
2019-09-24 17:38:57,823 INFO  server.RaftServerConfigKeys (ConfUtils.java:logGet(43)) - raft.server.log.appender.buffer.element-limit = 0 (default)
2019-09-24 17:38:57,823 INFO  server.RaftServerConfigKeys (ConfUtils.java:logGet(43)) - raft.server.log.appender.snapshot.chunk.size.max = 16MB (=16777216) (default)
2019-09-24 17:38:57,823 INFO  server.RaftServerConfigKeys (ConfUtils.java:logGet(43)) - raft.server.log.appender.buffer.byte-limit = 4MB (=4194304) (default)
2019-09-24 17:38:57,824 INFO  server.RaftServerConfigKeys (ConfUtils.java:logGet(43)) - raft.server.log.appender.buffer.element-limit = 0 (default)
2019-09-24 17:38:57,824 INFO  impl.RoleInfo (RoleInfo.java:updateAndGet(143)) - s0: start LeaderState
2019-09-24 17:38:57,824 INFO  segmented.SegmentedRaftLogWorker (SegmentedRaftLogWorker.java:startLogSegment(380)) - s0@group-A0B953E7444C-SegmentedRaftLogWorker: Starting segment from index:0
2019-09-24 17:38:57,825 INFO  impl.RaftServerImpl (ServerState.java:setRaftConf(355)) - s0@group-A0B953E7444C: set configuration 0: [s0:0.0.0.0:41124, s1:0.0.0.0:40422, s2:0.0.0.0:39538], old=null at 0
2019-09-24 17:38:57,826 INFO  impl.RaftServerImpl (RaftServerImpl.java:requestVote(754)) - s0@group-A0B953E7444C-   LEADER: Withhold vote from candidate s1 with term 1. State: leader=s0, term=1, lastRpcElapsed=null
2019-09-24 17:38:57,827 INFO  impl.RaftServerImpl (RaftServerImpl.java:setRole(170)) - s1@group-A0B953E7444C: changes role from CANDIDATE to FOLLOWER at term 1 for appendEntries
2019-09-24 17:38:57,827 INFO  impl.RaftServerImpl (ServerState.java:setLeader(254)) - s2@group-A0B953E7444C: change Leader from null to s0 at term 1 for appendEntries, leader elected after 282ms
2019-09-24 17:38:57,828 INFO  impl.LeaderElection (LeaderElection.java:logAndReturn(56)) - s1@group-A0B953E7444C-LeaderElection21: Election REJECTED; received 2 response(s) [s1<-s0#0:FAIL-t1, s1<-s2#0:FAIL-t1] and 0 exception(s); s1@group-A0B953E7444C:t1, leader=null, voted=s1, raftlog=s1@group-A0B953E7444C-SegmentedRaftLog:OPENED:c-1,f-1,i0, conf=-1: [s0:0.0.0.0:41124, s1:0.0.0.0:40422, s2:0.0.0.0:39538], old=null
2019-09-24 17:38:57,828 INFO  impl.RoleInfo (RoleInfo.java:shutdownLeaderElection(134)) - s1: shutdown LeaderElection
2019-09-24 17:38:57,829 INFO  impl.RoleInfo (RoleInfo.java:updateAndGet(143)) - s1: start FollowerState
2019-09-24 17:38:57,830 INFO  impl.RaftServerImpl (ServerState.java:setLeader(254)) - s1@group-A0B953E7444C: change Leader from null to s0 at term 1 for appendEntries, leader elected after 285ms
2019-09-24 17:38:57,831 INFO  impl.RaftServerImpl (ServerState.java:setRaftConf(355)) - s2@group-A0B953E7444C: set configuration 0: [s0:0.0.0.0:41124, s1:0.0.0.0:40422, s2:0.0.0.0:39538], old=null at 0
2019-09-24 17:38:57,831 INFO  segmented.SegmentedRaftLogWorker (SegmentedRaftLogWorker.java:startLogSegment(380)) - s2@group-A0B953E7444C-SegmentedRaftLogWorker: Starting segment from index:0
2019-09-24 17:38:57,832 INFO  impl.RaftServerImpl (ServerState.java:setRaftConf(355)) - s1@group-A0B953E7444C: set configuration 0: [s0:0.0.0.0:41124, s1:0.0.0.0:40422, s2:0.0.0.0:39538], old=null at 0
2019-09-24 17:38:57,832 INFO  segmented.SegmentedRaftLogWorker (SegmentedRaftLogWorker.java:startLogSegment(380)) - s1@group-A0B953E7444C-SegmentedRaftLogWorker: Starting segment from index:0
2019-09-24 17:38:58,045 INFO  ratis.RaftTestUtil (RaftTestUtil.java:waitForLeader(101)) - printing ALL groups
  s0:  RUNNING    LEADER s0@group-A0B953E7444C:t1, leader=s0, voted=s0, raftlog=s0@group-A0B953E7444C-SegmentedRaftLog:OPENED:c-1,f-1,i0, conf=0: [s0:0.0.0.0:41124, s1:0.0.0.0:40422, s2:0.0.0.0:39538], old=null RUNNING
  s1:  RUNNING  FOLLOWER s1@group-A0B953E7444C:t1, leader=s0, voted=s1, raftlog=s1@group-A0B953E7444C-SegmentedRaftLog:OPENED:c-1,f-1,i0, conf=0: [s0:0.0.0.0:41124, s1:0.0.0.0:40422, s2:0.0.0.0:39538], old=null RUNNING
  s2:  RUNNING  FOLLOWER s2@group-A0B953E7444C:t1, leader=s0, voted=s0, raftlog=s2@group-A0B953E7444C-SegmentedRaftLog:OPENED:c-1,f-1,i0, conf=0: [s0:0.0.0.0:41124, s1:0.0.0.0:40422, s2:0.0.0.0:39538], old=null RUNNING
2019-09-24 17:38:58,047 INFO  logservice.LogServiceReadWriteBase (LogServiceReadWriteBase.java:testSeeking(226)) - Writing 100 records
2019-09-24 17:38:58,050 INFO  logging.LoggingHandler (AbstractInternalLogger.java:log(150)) - [id: 0x9d43ff7a, L:/0.0.0.0:41124] READ: [id: 0x901a4eb1, L:/192.168.5.142:41124 - R:/192.168.5.142:59218]
2019-09-24 17:38:58,051 INFO  logging.LoggingHandler (AbstractInternalLogger.java:log(150)) - [id: 0x9d43ff7a, L:/0.0.0.0:41124] READ COMPLETE
2019-09-24 17:38:58,084 INFO  segmented.SegmentedRaftLogWorker (SegmentedRaftLogWorker.java:execute(569)) - s1@group-A0B953E7444C-SegmentedRaftLogWorker: created new log segment /workdir/ratis-logservice/target/test/data/9271f28e/MiniRaftClusterWithNettye90a1e28/s1/2e64840e-333b-43da-a0ea-a0b953e7444c/current/log_inprogress_0
2019-09-24 17:38:58,084 INFO  segmented.SegmentedRaftLogWorker (SegmentedRaftLogWorker.java:execute(569)) - s0@group-A0B953E7444C-SegmentedRaftLogWorker: created new log segment /workdir/ratis-logservice/target/test/data/9271f28e/MiniRaftClusterWithNettye90a1e28/s0/2e64840e-333b-43da-a0ea-a0b953e7444c/current/log_inprogress_0
2019-09-24 17:38:58,084 INFO  segmented.SegmentedRaftLogWorker (SegmentedRaftLogWorker.java:execute(569)) - s2@group-A0B953E7444C-SegmentedRaftLogWorker: created new log segment /workdir/ratis-logservice/target/test/data/9271f28e/MiniRaftClusterWithNettye90a1e28/s2/2e64840e-333b-43da-a0ea-a0b953e7444c/current/log_inprogress_0
2019-09-24 17:39:02,281 DEBUG logservice.LogServiceReadWriteBase (LogServiceReadWriteBase.java:testSeeking(233)) - Seek and read'ing records
2019-09-24 17:39:02,283 INFO  logservice.LogServiceReadWriteBase (LogServiceReadWriteBase.java:testSeeking(236)) - Seeking to 9
2019-09-24 17:39:02,283 INFO  logservice.LogServiceReadWriteBase (LogServiceReadWriteBase.java:testSeeking(238)) - Reading one record
2019-09-24 17:39:02,284 INFO  logservice.LogServiceReadWriteBase (LogServiceReadWriteBase.java:testSeeking(236)) - Seeking to 19
2019-09-24 17:39:02,284 INFO  logservice.LogServiceReadWriteBase (LogServiceReadWriteBase.java:testSeeking(238)) - Reading one record
2019-09-24 17:39:02,285 INFO  logservice.LogServiceReadWriteBase (LogServiceReadWriteBase.java:testSeeking(236)) - Seeking to 29
2019-09-24 17:39:02,285 INFO  logservice.LogServiceReadWriteBase (LogServiceReadWriteBase.java:testSeeking(238)) - Reading one record
2019-09-24 17:39:02,286 INFO  logservice.LogServiceReadWriteBase (LogServiceReadWriteBase.java:testSeeking(236)) - Seeking to 39
2019-09-24 17:39:02,286 INFO  logservice.LogServiceReadWriteBase (LogServiceReadWriteBase.java:testSeeking(238)) - Reading one record
2019-09-24 17:39:02,287 INFO  logservice.LogServiceReadWriteBase (LogServiceReadWriteBase.java:testSeeking(236)) - Seeking to 49
2019-09-24 17:39:02,287 INFO  logservice.LogServiceReadWriteBase (LogServiceReadWriteBase.java:testSeeking(238)) - Reading one record
2019-09-24 17:39:02,288 INFO  logservice.LogServiceReadWriteBase (LogServiceReadWriteBase.java:testSeeking(236)) - Seeking to 59
2019-09-24 17:39:02,288 INFO  logservice.LogServiceReadWriteBase (LogServiceReadWriteBase.java:testSeeking(238)) - Reading one record
2019-09-24 17:39:02,289 INFO  logservice.LogServiceReadWriteBase (LogServiceReadWriteBase.java:testSeeking(236)) - Seeking to 69
2019-09-24 17:39:02,289 INFO  logservice.LogServiceReadWriteBase (LogServiceReadWriteBase.java:testSeeking(238)) - Reading one record
2019-09-24 17:39:02,290 INFO  logservice.LogServiceReadWriteBase (LogServiceReadWriteBase.java:testSeeking(236)) - Seeking to 79
2019-09-24 17:39:02,290 INFO  logservice.LogServiceReadWriteBase (LogServiceReadWriteBase.java:testSeeking(238)) - Reading one record
2019-09-24 17:39:02,291 INFO  logservice.LogServiceReadWriteBase (LogServiceReadWriteBase.java:testSeeking(236)) - Seeking to 89
2019-09-24 17:39:02,291 INFO  logservice.LogServiceReadWriteBase (LogServiceReadWriteBase.java:testSeeking(238)) - Reading one record
2019-09-24 17:39:02,292 INFO  logservice.LogServiceReadWriteBase (LogServiceReadWriteBase.java:testSeeking(236)) - Seeking to 99
2019-09-24 17:39:02,292 INFO  logservice.LogServiceReadWriteBase (LogServiceReadWriteBase.java:testSeeking(238)) - Reading one record
2019-09-24 17:39:02,293 INFO  ratis.MiniRaftCluster (MiniRaftCluster.java:shutdown(700)) - ************************************************************** 
2019-09-24 17:39:02,293 INFO  ratis.MiniRaftCluster (MiniRaftCluster.java:shutdown(701)) - *** 
2019-09-24 17:39:02,293 INFO  ratis.MiniRaftCluster (MiniRaftCluster.java:shutdown(702)) - ***     Stopping MiniRaftClusterWithNetty
2019-09-24 17:39:02,293 INFO  ratis.MiniRaftCluster (MiniRaftCluster.java:shutdown(703)) - *** 
2019-09-24 17:39:02,294 INFO  ratis.MiniRaftCluster (MiniRaftCluster.java:shutdown(704)) - ************************************************************** 
2019-09-24 17:39:02,294 INFO  ratis.MiniRaftCluster (MiniRaftCluster.java:shutdown(705)) - printing ALL groups
  s0:  RUNNING    LEADER s0@group-A0B953E7444C:t1, leader=s0, voted=s0, raftlog=s0@group-A0B953E7444C-SegmentedRaftLog:OPENED:c199,f199,i200, conf=0: [s0:0.0.0.0:41124, s1:0.0.0.0:40422, s2:0.0.0.0:39538], old=null RUNNING
  s1:  RUNNING  FOLLOWER s1@group-A0B953E7444C:t1, leader=s0, voted=s1, raftlog=s1@group-A0B953E7444C-SegmentedRaftLog:OPENED:c198,f199,i200, conf=0: [s0:0.0.0.0:41124, s1:0.0.0.0:40422, s2:0.0.0.0:39538], old=null RUNNING
  s2:  RUNNING  FOLLOWER s2@group-A0B953E7444C:t1, leader=s0, voted=s0, raftlog=s2@group-A0B953E7444C-SegmentedRaftLog:OPENED:c197,f199,i200, conf=0: [s0:0.0.0.0:41124, s1:0.0.0.0:40422, s2:0.0.0.0:39538], old=null RUNNING
2019-09-24 17:39:02,296 INFO  impl.RaftServerProxy (RaftServerProxy.java:lambda$close$4(314)) - s1: close
2019-09-24 17:39:02,296 INFO  impl.RaftServerProxy (RaftServerProxy.java:lambda$close$4(314)) - s2: close
2019-09-24 17:39:02,297 INFO  impl.RaftServerImpl (RaftServerImpl.java:lambda$shutdown$3(247)) - s1@group-A0B953E7444C: shutdown
2019-09-24 17:39:02,296 INFO  impl.RaftServerProxy (RaftServerProxy.java:lambda$close$4(314)) - s0: close
2019-09-24 17:39:02,298 INFO  impl.RaftServerImpl (RaftServerImpl.java:lambda$shutdown$3(247)) - s2@group-A0B953E7444C: shutdown
2019-09-24 17:39:02,300 INFO  util.JmxRegister (JmxRegister.java:unregister(73)) - Successfully un-registered JMX Bean with object name Ratis:service=RaftServer,group=group-A0B953E7444C,id=s1
2019-09-24 17:39:02,300 INFO  impl.RoleInfo (RoleInfo.java:shutdownFollowerState(121)) - s1: shutdown FollowerState
2019-09-24 17:39:02,299 INFO  impl.RaftServerImpl (RaftServerImpl.java:lambda$shutdown$3(247)) - s0@group-A0B953E7444C: shutdown
2019-09-24 17:39:02,301 INFO  impl.FollowerState (FollowerState.java:run(117)) - s1@group-A0B953E7444C-FollowerState was interrupted: java.lang.InterruptedException: sleep interrupted
2019-09-24 17:39:02,300 INFO  impl.StateMachineUpdater (StateMachineUpdater.java:stopAndJoin(136)) - s1@group-A0B953E7444C-StateMachineUpdater: set stopIndex = 199
2019-09-24 17:39:02,300 INFO  util.JmxRegister (JmxRegister.java:unregister(73)) - Successfully un-registered JMX Bean with object name Ratis:service=RaftServer,group=group-A0B953E7444C,id=s2
2019-09-24 17:39:02,302 INFO  impl.RaftServerImpl (ServerState.java:close(386)) - s1@group-A0B953E7444C: closes. applyIndex: 199
2019-09-24 17:39:02,301 INFO  util.JmxRegister (JmxRegister.java:unregister(73)) - Successfully un-registered JMX Bean with object name Ratis:service=RaftServer,group=group-A0B953E7444C,id=s0
2019-09-24 17:39:02,303 INFO  segmented.SegmentedRaftLogWorker (SegmentedRaftLogWorker.java:run(313)) - s1@group-A0B953E7444C-SegmentedRaftLogWorker was interrupted, exiting. There are 0 tasks remaining in the queue.
2019-09-24 17:39:02,303 INFO  impl.RoleInfo (RoleInfo.java:shutdownFollowerState(121)) - s2: shutdown FollowerState
2019-09-24 17:39:02,303 INFO  impl.RoleInfo (RoleInfo.java:shutdownLeaderState(104)) - s0: shutdown LeaderState
2019-09-24 17:39:02,305 INFO  impl.FollowerState (FollowerState.java:run(117)) - s2@group-A0B953E7444C-FollowerState was interrupted: java.lang.InterruptedException: sleep interrupted
2019-09-24 17:39:02,304 INFO  impl.StateMachineUpdater (StateMachineUpdater.java:stopAndJoin(136)) - s2@group-A0B953E7444C-StateMachineUpdater: set stopIndex = 199
2019-09-24 17:39:02,306 INFO  impl.PendingRequests (PendingRequests.java:sendNotLeaderResponses(202)) - s0@group-A0B953E7444C-PendingRequests: sendNotLeaderResponses
2019-09-24 17:39:02,306 INFO  impl.LogAppender (LogAppender.java:run(78)) - s0@group-A0B953E7444C->s2-LogAppender-AppenderDaemon was interrupted: java.lang.InterruptedException
2019-09-24 17:39:02,306 INFO  impl.LogAppender (LogAppender.java:run(78)) - s0@group-A0B953E7444C->s1-LogAppender-AppenderDaemon was interrupted: java.lang.InterruptedException
2019-09-24 17:39:02,308 INFO  impl.StateMachineUpdater (StateMachineUpdater.java:stopAndJoin(136)) - s0@group-A0B953E7444C-StateMachineUpdater: set stopIndex = 200
2019-09-24 17:39:02,307 INFO  segmented.SegmentedRaftLogWorker (SegmentedRaftLogWorker.java:close(228)) - s1@group-A0B953E7444C-SegmentedRaftLogWorker close()
2019-09-24 17:39:02,307 INFO  impl.RaftServerImpl (ServerState.java:close(386)) - s2@group-A0B953E7444C: closes. applyIndex: 199
2019-09-24 17:39:02,309 INFO  impl.RaftServerImpl (ServerState.java:close(386)) - s0@group-A0B953E7444C: closes. applyIndex: 200
2019-09-24 17:39:02,310 INFO  segmented.SegmentedRaftLogWorker (SegmentedRaftLogWorker.java:run(313)) - s2@group-A0B953E7444C-SegmentedRaftLogWorker was interrupted, exiting. There are 0 tasks remaining in the queue.
2019-09-24 17:39:02,311 INFO  segmented.SegmentedRaftLogWorker (SegmentedRaftLogWorker.java:run(313)) - s0@group-A0B953E7444C-SegmentedRaftLogWorker was interrupted, exiting. There are 0 tasks remaining in the queue.
2019-09-24 17:39:02,312 INFO  logging.LoggingHandler (AbstractInternalLogger.java:log(150)) - [id: 0xb9c1becf, L:/0.0.0.0:40422] UNREGISTERED
2019-09-24 17:39:02,313 INFO  segmented.SegmentedRaftLogWorker (SegmentedRaftLogWorker.java:close(228)) - s2@group-A0B953E7444C-SegmentedRaftLogWorker close()
2019-09-24 17:39:02,314 INFO  segmented.SegmentedRaftLogWorker (SegmentedRaftLogWorker.java:close(228)) - s0@group-A0B953E7444C-SegmentedRaftLogWorker close()
2019-09-24 17:39:02,315 INFO  logging.LoggingHandler (AbstractInternalLogger.java:log(150)) - [id: 0x3f57019e, L:/0.0.0.0:39538] UNREGISTERED
2019-09-24 17:39:02,318 INFO  logging.LoggingHandler (AbstractInternalLogger.java:log(150)) - [id: 0x9d43ff7a, L:/0.0.0.0:41124] UNREGISTERED
2019-09-24 17:39:02,322 INFO  ratis.MiniRaftCluster (MiniRaftCluster.java:shutdown(722)) - MiniRaftClusterWithNetty shutdown completed
]]></system-out>
  </testcase>
  <testcase name="testLogServiceReadWrite" classname="org.apache.ratis.logservice.TestLogServiceWithNetty" time="0.75">
    <failure message="expected:&lt;10&gt; but was:&lt;0&gt;" type="java.lang.AssertionError"><![CDATA[java.lang.AssertionError: expected:<10> but was:<0>
]]></failure>
    <system-out><![CDATA[2019-09-24 17:39:02,324 INFO  util.LogUtils (LogUtils.java:setLogLevel(41)) - Set org.apache.ratis.conf.ConfUtils log level to WARN
2019-09-24 17:39:02,325 INFO  util.LogUtils (LogUtils.java:setLogLevel(41)) - Set org.apache.ratis.util.FileUtils log level to TRACE
2019-09-24 17:39:02,325 INFO  logservice.LogServiceReadWriteBase (LogServiceReadWriteBase.java:<init>(65)) - Set LogStateMachine OK
2019-09-24 17:39:02,326 INFO  ratis.MiniRaftCluster (MiniRaftCluster.java:<init>(253)) - new MiniRaftClusterWithNetty with group-0EDB4F56F758:[s0:0.0.0.0:45651, s1:0.0.0.0:43208, s2:0.0.0.0:42028]
2019-09-24 17:39:02,327 INFO  ratis.MiniRaftCluster (MiniRaftCluster.java:start(287)) - .............................................................. 
2019-09-24 17:39:02,327 INFO  ratis.MiniRaftCluster (MiniRaftCluster.java:start(288)) - ... 
2019-09-24 17:39:02,327 INFO  ratis.MiniRaftCluster (MiniRaftCluster.java:start(289)) - ...     Starting MiniRaftClusterWithNetty
2019-09-24 17:39:02,327 INFO  ratis.MiniRaftCluster (MiniRaftCluster.java:start(290)) - ... 
2019-09-24 17:39:02,327 INFO  ratis.MiniRaftCluster (MiniRaftCluster.java:start(291)) - .............................................................. 
2019-09-24 17:39:02,327 INFO  ratis.MiniRaftCluster (MiniRaftCluster.java:initServers(265)) - servers = {}
2019-09-24 17:39:02,328 INFO  ratis.MiniRaftCluster (MiniRaftCluster.java:newRaftServer(330)) - newRaftServer: s0, group-0EDB4F56F758:[s0:0.0.0.0:45651, s1:0.0.0.0:43208, s2:0.0.0.0:42028], format? true
2019-09-24 17:39:02,328 TRACE util.FileUtils (FileUtils.java:deleteFully(88)) - deleteFully target/test/data/9271f28e/MiniRaftClusterWithNetty3b85840e/s0
2019-09-24 17:39:02,329 TRACE util.FileUtils (FileUtils.java:deleteFully(104)) - deleteFully: target/test/data/9271f28e/MiniRaftClusterWithNetty3b85840e/s0 does not exist.
2019-09-24 17:39:02,329 INFO  ratis.MiniRaftCluster (MiniRaftCluster.java:newRaftServer(335)) - Formatted directory target/test/data/9271f28e/MiniRaftClusterWithNetty3b85840e/s0
2019-09-24 17:39:02,330 INFO  impl.RaftServerProxy (ConfUtils.java:logGet(43)) - raft.rpc.type = NETTY (custom)
2019-09-24 17:39:02,332 INFO  netty.NettyConfigKeys$Server (ConfUtils.java:logGet(43)) - raft.netty.server.port = 45651 (custom)
2019-09-24 17:39:02,334 INFO  server.RaftServerConfigKeys (ConfUtils.java:logGet(43)) - raft.server.storage.dir = [/workdir/ratis-logservice/target/test/data/9271f28e/MiniRaftClusterWithNetty3b85840e/s0] (custom)
2019-09-24 17:39:02,334 INFO  logging.LoggingHandler (AbstractInternalLogger.java:log(150)) - [id: 0x25ee1a9b] REGISTERED
2019-09-24 17:39:02,334 INFO  logging.LoggingHandler (AbstractInternalLogger.java:log(150)) - [id: 0x25ee1a9b] BIND: 0.0.0.0/0.0.0.0:45651
2019-09-24 17:39:02,334 INFO  impl.RaftServerProxy (RaftServerProxy.java:addNew(89)) - s0: addNew group-0EDB4F56F758:[s0:0.0.0.0:45651, s1:0.0.0.0:43208, s2:0.0.0.0:42028] returns group-0EDB4F56F758:java.util.concurrent.CompletableFuture@4724a180[Not completed]
2019-09-24 17:39:02,335 INFO  logging.LoggingHandler (AbstractInternalLogger.java:log(150)) - [id: 0x25ee1a9b, L:/0.0.0.0:45651] ACTIVE
2019-09-24 17:39:02,336 INFO  impl.RaftServerImpl (RaftServerImpl.java:<init>(95)) - s0: new RaftServerImpl for group-0EDB4F56F758:[s0:0.0.0.0:45651, s1:0.0.0.0:43208, s2:0.0.0.0:42028] with LogStateMachine:uninitialized
2019-09-24 17:39:02,336 INFO  ratis.MiniRaftCluster (MiniRaftCluster.java:newRaftServer(330)) - newRaftServer: s1, group-0EDB4F56F758:[s0:0.0.0.0:45651, s1:0.0.0.0:43208, s2:0.0.0.0:42028], format? true
2019-09-24 17:39:02,336 INFO  server.RaftServerConfigKeys (ConfUtils.java:logGet(43)) - raft.server.rpc.timeout.min = 150ms (default)
2019-09-24 17:39:02,337 TRACE util.FileUtils (FileUtils.java:deleteFully(88)) - deleteFully target/test/data/9271f28e/MiniRaftClusterWithNetty3b85840e/s1
2019-09-24 17:39:02,337 INFO  server.RaftServerConfigKeys (ConfUtils.java:logGet(43)) - raft.server.rpc.timeout.max = 300ms (default)
2019-09-24 17:39:02,337 INFO  server.RaftServerConfigKeys (ConfUtils.java:logGet(43)) - raft.server.rpcslowness.timeout = 60s (default)
2019-09-24 17:39:02,337 TRACE util.FileUtils (FileUtils.java:deleteFully(104)) - deleteFully: target/test/data/9271f28e/MiniRaftClusterWithNetty3b85840e/s1 does not exist.
2019-09-24 17:39:02,337 INFO  server.RaftServerConfigKeys (ConfUtils.java:logGet(43)) - raft.server.sleep.deviation.threshold = 300 (default)
2019-09-24 17:39:02,338 INFO  ratis.MiniRaftCluster (MiniRaftCluster.java:newRaftServer(335)) - Formatted directory target/test/data/9271f28e/MiniRaftClusterWithNetty3b85840e/s1
2019-09-24 17:39:02,338 INFO  server.RaftServerConfigKeys (ConfUtils.java:logGet(43)) - raft.server.log.appender.install.snapshot.enabled = true (default)
2019-09-24 17:39:02,338 INFO  impl.RaftServerImpl (ServerState.java:<init>(103)) - s0@group-0EDB4F56F758: ConfigurationManager, init=-1: [s0:0.0.0.0:45651, s1:0.0.0.0:43208, s2:0.0.0.0:42028], old=null, confs=<EMPTY_MAP>
2019-09-24 17:39:02,338 INFO  impl.RaftServerProxy (ConfUtils.java:logGet(43)) - raft.rpc.type = NETTY (custom)
2019-09-24 17:39:02,339 INFO  server.RaftServerConfigKeys (ConfUtils.java:logGet(43)) - raft.server.storage.dir = [/workdir/ratis-logservice/target/test/data/9271f28e/MiniRaftClusterWithNetty3b85840e/s0] (custom)
2019-09-24 17:39:02,339 INFO  server.RaftServerConfigKeys (ConfUtils.java:logGet(43)) - raft.server.log.corruption.policy = EXCEPTION (default)
2019-09-24 17:39:02,339 INFO  storage.RaftStorageDirectory (RaftStorageDirectory.java:analyzeStorage(246)) - The storage directory /workdir/ratis-logservice/target/test/data/9271f28e/MiniRaftClusterWithNetty3b85840e/s0/99bddb40-9860-45df-874f-0edb4f56f758 does not exist. Creating ...
2019-09-24 17:39:02,340 INFO  netty.NettyConfigKeys$Server (ConfUtils.java:logGet(43)) - raft.netty.server.port = 43208 (custom)
2019-09-24 17:39:02,340 TRACE util.FileUtils (LogUtils.java:runAndLog(61)) - Successfully ran Files.createDirectories /workdir/ratis-logservice/target/test/data/9271f28e/MiniRaftClusterWithNetty3b85840e/s0/99bddb40-9860-45df-874f-0edb4f56f758
2019-09-24 17:39:02,342 INFO  server.RaftServerConfigKeys (ConfUtils.java:logGet(43)) - raft.server.storage.dir = [/workdir/ratis-logservice/target/test/data/9271f28e/MiniRaftClusterWithNetty3b85840e/s1] (custom)
2019-09-24 17:39:02,342 INFO  logging.LoggingHandler (AbstractInternalLogger.java:log(150)) - [id: 0xd1c10705] REGISTERED
2019-09-24 17:39:02,342 INFO  logging.LoggingHandler (AbstractInternalLogger.java:log(150)) - [id: 0xd1c10705] BIND: 0.0.0.0/0.0.0.0:43208
2019-09-24 17:39:02,342 INFO  impl.RaftServerProxy (RaftServerProxy.java:addNew(89)) - s1: addNew group-0EDB4F56F758:[s0:0.0.0.0:45651, s1:0.0.0.0:43208, s2:0.0.0.0:42028] returns group-0EDB4F56F758:java.util.concurrent.CompletableFuture@69af6d4f[Not completed]
2019-09-24 17:39:02,342 INFO  logging.LoggingHandler (AbstractInternalLogger.java:log(150)) - [id: 0xd1c10705, L:/0.0.0.0:43208] ACTIVE
2019-09-24 17:39:02,343 INFO  impl.RaftServerImpl (RaftServerImpl.java:<init>(95)) - s1: new RaftServerImpl for group-0EDB4F56F758:[s0:0.0.0.0:45651, s1:0.0.0.0:43208, s2:0.0.0.0:42028] with LogStateMachine:uninitialized
2019-09-24 17:39:02,343 INFO  ratis.MiniRaftCluster (MiniRaftCluster.java:newRaftServer(330)) - newRaftServer: s2, group-0EDB4F56F758:[s0:0.0.0.0:45651, s1:0.0.0.0:43208, s2:0.0.0.0:42028], format? true
2019-09-24 17:39:02,344 INFO  server.RaftServerConfigKeys (ConfUtils.java:logGet(43)) - raft.server.rpc.timeout.min = 150ms (default)
2019-09-24 17:39:02,344 TRACE util.FileUtils (FileUtils.java:deleteFully(88)) - deleteFully target/test/data/9271f28e/MiniRaftClusterWithNetty3b85840e/s2
2019-09-24 17:39:02,344 INFO  server.RaftServerConfigKeys (ConfUtils.java:logGet(43)) - raft.server.rpc.timeout.max = 300ms (default)
2019-09-24 17:39:02,345 TRACE util.FileUtils (FileUtils.java:deleteFully(104)) - deleteFully: target/test/data/9271f28e/MiniRaftClusterWithNetty3b85840e/s2 does not exist.
2019-09-24 17:39:02,345 INFO  ratis.MiniRaftCluster (MiniRaftCluster.java:newRaftServer(335)) - Formatted directory target/test/data/9271f28e/MiniRaftClusterWithNetty3b85840e/s2
2019-09-24 17:39:02,345 INFO  server.RaftServerConfigKeys (ConfUtils.java:logGet(43)) - raft.server.rpcslowness.timeout = 60s (default)
2019-09-24 17:39:02,345 INFO  server.RaftServerConfigKeys (ConfUtils.java:logGet(43)) - raft.server.sleep.deviation.threshold = 300 (default)
2019-09-24 17:39:02,345 INFO  impl.RaftServerProxy (ConfUtils.java:logGet(43)) - raft.rpc.type = NETTY (custom)
2019-09-24 17:39:02,346 INFO  server.RaftServerConfigKeys (ConfUtils.java:logGet(43)) - raft.server.log.appender.install.snapshot.enabled = true (default)
2019-09-24 17:39:02,346 INFO  impl.RaftServerImpl (ServerState.java:<init>(103)) - s1@group-0EDB4F56F758: ConfigurationManager, init=-1: [s0:0.0.0.0:45651, s1:0.0.0.0:43208, s2:0.0.0.0:42028], old=null, confs=<EMPTY_MAP>
2019-09-24 17:39:02,346 INFO  server.RaftServerConfigKeys (ConfUtils.java:logGet(43)) - raft.server.storage.dir = [/workdir/ratis-logservice/target/test/data/9271f28e/MiniRaftClusterWithNetty3b85840e/s1] (custom)
2019-09-24 17:39:02,347 INFO  server.RaftServerConfigKeys (ConfUtils.java:logGet(43)) - raft.server.log.corruption.policy = EXCEPTION (default)
2019-09-24 17:39:02,347 INFO  storage.RaftStorageDirectory (RaftStorageDirectory.java:analyzeStorage(246)) - The storage directory /workdir/ratis-logservice/target/test/data/9271f28e/MiniRaftClusterWithNetty3b85840e/s1/99bddb40-9860-45df-874f-0edb4f56f758 does not exist. Creating ...
2019-09-24 17:39:02,347 INFO  netty.NettyConfigKeys$Server (ConfUtils.java:logGet(43)) - raft.netty.server.port = 42028 (custom)
2019-09-24 17:39:02,347 TRACE util.FileUtils (LogUtils.java:runAndLog(61)) - Successfully ran Files.createDirectories /workdir/ratis-logservice/target/test/data/9271f28e/MiniRaftClusterWithNetty3b85840e/s1/99bddb40-9860-45df-874f-0edb4f56f758
2019-09-24 17:39:02,348 INFO  server.RaftServerConfigKeys (ConfUtils.java:logGet(43)) - raft.server.storage.dir = [/workdir/ratis-logservice/target/test/data/9271f28e/MiniRaftClusterWithNetty3b85840e/s2] (custom)
2019-09-24 17:39:02,348 INFO  logging.LoggingHandler (AbstractInternalLogger.java:log(150)) - [id: 0x0ffd44d0] REGISTERED
2019-09-24 17:39:02,349 INFO  impl.RaftServerProxy (RaftServerProxy.java:addNew(89)) - s2: addNew group-0EDB4F56F758:[s0:0.0.0.0:45651, s1:0.0.0.0:43208, s2:0.0.0.0:42028] returns group-0EDB4F56F758:java.util.concurrent.CompletableFuture@7cc00a11[Not completed]
2019-09-24 17:39:02,349 INFO  logging.LoggingHandler (AbstractInternalLogger.java:log(150)) - [id: 0x0ffd44d0] BIND: 0.0.0.0/0.0.0.0:42028
2019-09-24 17:39:02,349 INFO  logging.LoggingHandler (AbstractInternalLogger.java:log(150)) - [id: 0x0ffd44d0, L:/0.0.0.0:42028] ACTIVE
2019-09-24 17:39:02,350 INFO  impl.RaftServerImpl (RaftServerImpl.java:<init>(95)) - s2: new RaftServerImpl for group-0EDB4F56F758:[s0:0.0.0.0:45651, s1:0.0.0.0:43208, s2:0.0.0.0:42028] with LogStateMachine:uninitialized
2019-09-24 17:39:02,350 INFO  server.RaftServerConfigKeys (ConfUtils.java:logGet(43)) - raft.server.rpc.timeout.min = 150ms (default)
2019-09-24 17:39:02,351 INFO  server.RaftServerConfigKeys (ConfUtils.java:logGet(43)) - raft.server.rpc.timeout.max = 300ms (default)
2019-09-24 17:39:02,351 INFO  server.RaftServerConfigKeys (ConfUtils.java:logGet(43)) - raft.server.rpcslowness.timeout = 60s (default)
2019-09-24 17:39:02,351 INFO  server.RaftServerConfigKeys (ConfUtils.java:logGet(43)) - raft.server.sleep.deviation.threshold = 300 (default)
2019-09-24 17:39:02,351 INFO  server.RaftServerConfigKeys (ConfUtils.java:logGet(43)) - raft.server.log.appender.install.snapshot.enabled = true (default)
2019-09-24 17:39:02,351 INFO  impl.RaftServerImpl (ServerState.java:<init>(103)) - s2@group-0EDB4F56F758: ConfigurationManager, init=-1: [s0:0.0.0.0:45651, s1:0.0.0.0:43208, s2:0.0.0.0:42028], old=null, confs=<EMPTY_MAP>
2019-09-24 17:39:02,352 INFO  server.RaftServerConfigKeys (ConfUtils.java:logGet(43)) - raft.server.storage.dir = [/workdir/ratis-logservice/target/test/data/9271f28e/MiniRaftClusterWithNetty3b85840e/s2] (custom)
2019-09-24 17:39:02,352 INFO  server.RaftServerConfigKeys (ConfUtils.java:logGet(43)) - raft.server.log.corruption.policy = EXCEPTION (default)
2019-09-24 17:39:02,352 INFO  storage.RaftStorageDirectory (RaftStorageDirectory.java:analyzeStorage(246)) - The storage directory /workdir/ratis-logservice/target/test/data/9271f28e/MiniRaftClusterWithNetty3b85840e/s2/99bddb40-9860-45df-874f-0edb4f56f758 does not exist. Creating ...
2019-09-24 17:39:02,354 TRACE util.FileUtils (LogUtils.java:runAndLog(61)) - Successfully ran Files.createDirectories /workdir/ratis-logservice/target/test/data/9271f28e/MiniRaftClusterWithNetty3b85840e/s2/99bddb40-9860-45df-874f-0edb4f56f758
2019-09-24 17:39:02,366 INFO  storage.RaftStorageDirectory (RaftStorageDirectory.java:tryLock(328)) - Lock on /workdir/ratis-logservice/target/test/data/9271f28e/MiniRaftClusterWithNetty3b85840e/s1/99bddb40-9860-45df-874f-0edb4f56f758/in_use.lock acquired by nodename 662@ratis-test-vphbd-3564017154
2019-09-24 17:39:02,366 INFO  storage.RaftStorageDirectory (RaftStorageDirectory.java:tryLock(328)) - Lock on /workdir/ratis-logservice/target/test/data/9271f28e/MiniRaftClusterWithNetty3b85840e/s0/99bddb40-9860-45df-874f-0edb4f56f758/in_use.lock acquired by nodename 662@ratis-test-vphbd-3564017154
2019-09-24 17:39:02,367 TRACE util.FileUtils (LogUtils.java:runAndLog(61)) - Successfully ran Files.createDirectories /workdir/ratis-logservice/target/test/data/9271f28e/MiniRaftClusterWithNetty3b85840e/s1/99bddb40-9860-45df-874f-0edb4f56f758/current
2019-09-24 17:39:02,367 TRACE util.FileUtils (LogUtils.java:runAndLog(61)) - Successfully ran Files.createDirectories /workdir/ratis-logservice/target/test/data/9271f28e/MiniRaftClusterWithNetty3b85840e/s0/99bddb40-9860-45df-874f-0edb4f56f758/current
2019-09-24 17:39:02,367 TRACE util.FileUtils (LogUtils.java:runAndLog(61)) - Successfully ran Files.createDirectories /workdir/ratis-logservice/target/test/data/9271f28e/MiniRaftClusterWithNetty3b85840e/s1/99bddb40-9860-45df-874f-0edb4f56f758/sm
2019-09-24 17:39:02,367 INFO  storage.RaftStorageDirectory (RaftStorageDirectory.java:tryLock(328)) - Lock on /workdir/ratis-logservice/target/test/data/9271f28e/MiniRaftClusterWithNetty3b85840e/s2/99bddb40-9860-45df-874f-0edb4f56f758/in_use.lock acquired by nodename 662@ratis-test-vphbd-3564017154
2019-09-24 17:39:02,367 TRACE util.FileUtils (LogUtils.java:runAndLog(61)) - Successfully ran Files.createDirectories /workdir/ratis-logservice/target/test/data/9271f28e/MiniRaftClusterWithNetty3b85840e/s0/99bddb40-9860-45df-874f-0edb4f56f758/sm
2019-09-24 17:39:02,368 TRACE util.FileUtils (LogUtils.java:runAndLog(61)) - Successfully ran Files.createDirectories /workdir/ratis-logservice/target/test/data/9271f28e/MiniRaftClusterWithNetty3b85840e/s2/99bddb40-9860-45df-874f-0edb4f56f758/current
2019-09-24 17:39:02,368 TRACE util.FileUtils (LogUtils.java:runAndLog(61)) - Successfully ran Files.createDirectories /workdir/ratis-logservice/target/test/data/9271f28e/MiniRaftClusterWithNetty3b85840e/s2/99bddb40-9860-45df-874f-0edb4f56f758/sm
2019-09-24 17:39:02,400 INFO  storage.RaftStorage (RaftStorage.java:format(84)) - Storage directory /workdir/ratis-logservice/target/test/data/9271f28e/MiniRaftClusterWithNetty3b85840e/s0/99bddb40-9860-45df-874f-0edb4f56f758 has been successfully formatted.
2019-09-24 17:39:02,400 INFO  storage.RaftStorage (RaftStorage.java:format(84)) - Storage directory /workdir/ratis-logservice/target/test/data/9271f28e/MiniRaftClusterWithNetty3b85840e/s2/99bddb40-9860-45df-874f-0edb4f56f758 has been successfully formatted.
2019-09-24 17:39:02,400 INFO  storage.RaftStorage (RaftStorage.java:format(84)) - Storage directory /workdir/ratis-logservice/target/test/data/9271f28e/MiniRaftClusterWithNetty3b85840e/s1/99bddb40-9860-45df-874f-0edb4f56f758 has been successfully formatted.
2019-09-24 17:39:02,403 WARN  server.LogStateMachine (LogStateMachine.java:load(226)) - The snapshot info is null.
2019-09-24 17:39:02,404 INFO  server.RaftServerConfigKeys (ConfUtils.java:logGet(43)) - raft.server.notification.no-leader.timeout = 60s (default)
2019-09-24 17:39:02,404 WARN  server.LogStateMachine (LogStateMachine.java:load(226)) - The snapshot info is null.
2019-09-24 17:39:02,404 INFO  server.RaftServerConfigKeys (ConfUtils.java:logGet(43)) - raft.server.log.use.memory = false (default)
2019-09-24 17:39:02,404 INFO  server.RaftServerConfigKeys (ConfUtils.java:logGet(43)) - raft.server.notification.no-leader.timeout = 60s (default)
2019-09-24 17:39:02,404 INFO  server.RaftServerConfigKeys (ConfUtils.java:logGet(43)) - raft.server.log.purge.gap = 1024 (default)
2019-09-24 17:39:02,404 INFO  server.RaftServerConfigKeys (ConfUtils.java:logGet(43)) - raft.server.log.use.memory = false (default)
2019-09-24 17:39:02,405 INFO  server.RaftServerConfigKeys (ConfUtils.java:logGet(43)) - raft.server.log.appender.buffer.byte-limit = 4MB (=4194304) (default)
2019-09-24 17:39:02,405 INFO  server.RaftServerConfigKeys (ConfUtils.java:logGet(43)) - raft.server.log.purge.gap = 1024 (default)
2019-09-24 17:39:02,405 INFO  server.RaftServerConfigKeys (ConfUtils.java:logGet(43)) - raft.server.log.segment.size.max = 8MB (=8388608) (default)
2019-09-24 17:39:02,405 INFO  server.RaftServerConfigKeys (ConfUtils.java:logGet(43)) - raft.server.log.appender.buffer.byte-limit = 4MB (=4194304) (default)
2019-09-24 17:39:02,405 WARN  server.LogStateMachine (LogStateMachine.java:load(226)) - The snapshot info is null.
2019-09-24 17:39:02,405 INFO  server.RaftServerConfigKeys (ConfUtils.java:logGet(43)) - raft.server.log.segment.size.max = 8MB (=8388608) (default)
2019-09-24 17:39:02,405 INFO  server.RaftServerConfigKeys (ConfUtils.java:logGet(43)) - raft.server.log.segment.cache.num.max = 6 (default)
2019-09-24 17:39:02,406 INFO  server.RaftServerConfigKeys (ConfUtils.java:logGet(43)) - raft.server.log.segment.cache.num.max = 6 (default)
2019-09-24 17:39:02,406 INFO  server.RaftServerConfigKeys (ConfUtils.java:logGet(43)) - raft.server.notification.no-leader.timeout = 60s (default)
2019-09-24 17:39:02,406 INFO  segmented.SegmentedRaftLogWorker (SegmentedRaftLogWorker.java:<init>(172)) - new s1@group-0EDB4F56F758-SegmentedRaftLogWorker for RaftStorage:Storage Directory /workdir/ratis-logservice/target/test/data/9271f28e/MiniRaftClusterWithNetty3b85840e/s1/99bddb40-9860-45df-874f-0edb4f56f758
2019-09-24 17:39:02,406 INFO  segmented.SegmentedRaftLogWorker (SegmentedRaftLogWorker.java:<init>(172)) - new s0@group-0EDB4F56F758-SegmentedRaftLogWorker for RaftStorage:Storage Directory /workdir/ratis-logservice/target/test/data/9271f28e/MiniRaftClusterWithNetty3b85840e/s0/99bddb40-9860-45df-874f-0edb4f56f758
2019-09-24 17:39:02,407 INFO  server.RaftServerConfigKeys (ConfUtils.java:logGet(43)) - raft.server.log.queue.byte-limit = 64MB (=67108864) (default)
2019-09-24 17:39:02,406 INFO  server.RaftServerConfigKeys (ConfUtils.java:logGet(43)) - raft.server.log.use.memory = false (default)
2019-09-24 17:39:02,407 INFO  server.RaftServerConfigKeys (ConfUtils.java:logGet(43)) - raft.server.log.queue.element-limit = 4096 (default)
2019-09-24 17:39:02,407 INFO  server.RaftServerConfigKeys (ConfUtils.java:logGet(43)) - raft.server.log.queue.byte-limit = 64MB (=67108864) (default)
2019-09-24 17:39:02,407 INFO  server.RaftServerConfigKeys (ConfUtils.java:logGet(43)) - raft.server.log.segment.size.max = 8MB (=8388608) (default)
2019-09-24 17:39:02,407 INFO  server.RaftServerConfigKeys (ConfUtils.java:logGet(43)) - raft.server.log.purge.gap = 1024 (default)
2019-09-24 17:39:02,408 INFO  server.RaftServerConfigKeys (ConfUtils.java:logGet(43)) - raft.server.log.preallocated.size = 4MB (=4194304) (default)
2019-09-24 17:39:02,407 INFO  server.RaftServerConfigKeys (ConfUtils.java:logGet(43)) - raft.server.log.queue.element-limit = 4096 (default)
2019-09-24 17:39:02,408 INFO  server.RaftServerConfigKeys (ConfUtils.java:logGet(43)) - raft.server.log.write.buffer.size = 64KB (=65536) (default)
2019-09-24 17:39:02,408 INFO  server.RaftServerConfigKeys (ConfUtils.java:logGet(43)) - raft.server.log.appender.buffer.byte-limit = 4MB (=4194304) (default)
2019-09-24 17:39:02,408 INFO  server.RaftServerConfigKeys (ConfUtils.java:logGet(43)) - raft.server.log.force.sync.num = 128 (default)
2019-09-24 17:39:02,408 INFO  server.RaftServerConfigKeys (ConfUtils.java:logGet(43)) - raft.server.log.segment.size.max = 8MB (=8388608) (default)
2019-09-24 17:39:02,409 INFO  server.RaftServerConfigKeys (ConfUtils.java:logGet(43)) - raft.server.log.statemachine.data.sync = true (default)
2019-09-24 17:39:02,409 INFO  server.RaftServerConfigKeys (ConfUtils.java:logGet(43)) - raft.server.log.segment.size.max = 8MB (=8388608) (default)
2019-09-24 17:39:02,409 INFO  server.RaftServerConfigKeys (ConfUtils.java:logGet(43)) - raft.server.log.statemachine.data.sync.timeout = 10s (default)
2019-09-24 17:39:02,409 INFO  server.RaftServerConfigKeys (ConfUtils.java:logGet(43)) - raft.server.log.preallocated.size = 4MB (=4194304) (default)
2019-09-24 17:39:02,409 INFO  server.RaftServerConfigKeys (ConfUtils.java:logGet(43)) - raft.server.log.statemachine.data.sync.timeout.retry = -1 (default)
2019-09-24 17:39:02,409 INFO  server.RaftServerConfigKeys (ConfUtils.java:logGet(43)) - raft.server.log.segment.cache.num.max = 6 (default)
2019-09-24 17:39:02,410 INFO  server.RaftServerConfigKeys (ConfUtils.java:logGet(43)) - raft.server.log.statemachine.data.caching.enabled = false (default)
2019-09-24 17:39:02,410 INFO  server.RaftServerConfigKeys (ConfUtils.java:logGet(43)) - raft.server.log.write.buffer.size = 64KB (=65536) (default)
2019-09-24 17:39:02,410 INFO  segmented.SegmentedRaftLogWorker (SegmentedRaftLogWorker.java:<init>(172)) - new s2@group-0EDB4F56F758-SegmentedRaftLogWorker for RaftStorage:Storage Directory /workdir/ratis-logservice/target/test/data/9271f28e/MiniRaftClusterWithNetty3b85840e/s2/99bddb40-9860-45df-874f-0edb4f56f758
2019-09-24 17:39:02,411 INFO  segmented.SegmentedRaftLogWorker (SegmentedRaftLogWorker.java:lambda$new$0(132)) - s1@group-0EDB4F56F758-SegmentedRaftLogWorker: flushIndex: setUnconditionally 0 -> -1
2019-09-24 17:39:02,410 INFO  server.RaftServerConfigKeys (ConfUtils.java:logGet(43)) - raft.server.log.force.sync.num = 128 (default)
2019-09-24 17:39:02,411 INFO  server.RaftServerConfigKeys (ConfUtils.java:logGet(43)) - raft.server.log.queue.byte-limit = 64MB (=67108864) (default)
2019-09-24 17:39:02,411 INFO  server.RaftServerConfigKeys (ConfUtils.java:logGet(43)) - raft.server.log.statemachine.data.sync = true (default)
2019-09-24 17:39:02,411 INFO  server.RaftServerConfigKeys (ConfUtils.java:logGet(43)) - raft.server.snapshot.auto.trigger.enabled = false (default)
2019-09-24 17:39:02,412 INFO  server.RaftServerConfigKeys (ConfUtils.java:logGet(43)) - raft.server.log.statemachine.data.sync.timeout = 10s (default)
2019-09-24 17:39:02,411 INFO  server.RaftServerConfigKeys (ConfUtils.java:logGet(43)) - raft.server.log.queue.element-limit = 4096 (default)
2019-09-24 17:39:02,412 INFO  server.RaftServerConfigKeys (ConfUtils.java:logGet(43)) - raft.server.log.statemachine.data.sync.timeout.retry = -1 (default)
2019-09-24 17:39:02,412 INFO  server.RaftServerConfigKeys (ConfUtils.java:logGet(43)) - raft.server.snapshot.retention.file.num = -1 (default)
2019-09-24 17:39:02,412 INFO  server.RaftServerConfigKeys (ConfUtils.java:logGet(43)) - raft.server.log.statemachine.data.caching.enabled = false (default)
2019-09-24 17:39:02,412 INFO  server.RaftServerConfigKeys (ConfUtils.java:logGet(43)) - raft.server.log.segment.size.max = 8MB (=8388608) (default)
2019-09-24 17:39:02,413 INFO  segmented.SegmentedRaftLogWorker (SegmentedRaftLogWorker.java:lambda$new$0(132)) - s0@group-0EDB4F56F758-SegmentedRaftLogWorker: flushIndex: setUnconditionally 0 -> -1
2019-09-24 17:39:02,412 INFO  server.RaftServerConfigKeys (ConfUtils.java:logGet(43)) - raft.server.retrycache.expirytime = 60s (default)
2019-09-24 17:39:02,413 INFO  server.RaftServerConfigKeys (ConfUtils.java:logGet(43)) - raft.server.log.preallocated.size = 4MB (=4194304) (default)
2019-09-24 17:39:02,413 INFO  server.RaftServerConfigKeys (ConfUtils.java:logGet(43)) - raft.server.snapshot.auto.trigger.enabled = false (default)
2019-09-24 17:39:02,413 INFO  server.RaftServerConfigKeys (ConfUtils.java:logGet(43)) - raft.server.log.write.buffer.size = 64KB (=65536) (default)
2019-09-24 17:39:02,413 INFO  server.RaftServerConfigKeys (ConfUtils.java:logGet(43)) - raft.server.snapshot.retention.file.num = -1 (default)
2019-09-24 17:39:02,414 INFO  server.RaftServerConfigKeys (ConfUtils.java:logGet(43)) - raft.server.log.force.sync.num = 128 (default)
2019-09-24 17:39:02,414 INFO  server.RaftServerConfigKeys (ConfUtils.java:logGet(43)) - raft.server.retrycache.expirytime = 60s (default)
2019-09-24 17:39:02,414 INFO  server.RaftServerConfigKeys (ConfUtils.java:logGet(43)) - raft.server.log.statemachine.data.sync = true (default)
2019-09-24 17:39:02,414 INFO  server.RaftServerConfigKeys (ConfUtils.java:logGet(43)) - raft.server.log.statemachine.data.sync.timeout = 10s (default)
2019-09-24 17:39:02,414 INFO  server.RaftServerConfigKeys (ConfUtils.java:logGet(43)) - raft.server.log.statemachine.data.sync.timeout.retry = -1 (default)
2019-09-24 17:39:02,415 INFO  server.RaftServerConfigKeys (ConfUtils.java:logGet(43)) - raft.server.log.statemachine.data.caching.enabled = false (default)
2019-09-24 17:39:02,415 INFO  segmented.SegmentedRaftLogWorker (SegmentedRaftLogWorker.java:lambda$new$0(132)) - s2@group-0EDB4F56F758-SegmentedRaftLogWorker: flushIndex: setUnconditionally 0 -> -1
2019-09-24 17:39:02,416 INFO  server.RaftServerConfigKeys (ConfUtils.java:logGet(43)) - raft.server.snapshot.auto.trigger.enabled = false (default)
2019-09-24 17:39:02,416 INFO  server.RaftServerConfigKeys (ConfUtils.java:logGet(43)) - raft.server.snapshot.retention.file.num = -1 (default)
2019-09-24 17:39:02,416 INFO  server.RaftServerConfigKeys (ConfUtils.java:logGet(43)) - raft.server.retrycache.expirytime = 60s (default)
2019-09-24 17:39:02,420 INFO  impl.RaftServerImpl (RaftServerImpl.java:start(181)) - s0@group-0EDB4F56F758: start as a follower, conf=-1: [s0:0.0.0.0:45651, s1:0.0.0.0:43208, s2:0.0.0.0:42028], old=null
2019-09-24 17:39:02,420 INFO  impl.RaftServerImpl (RaftServerImpl.java:setRole(170)) - s0@group-0EDB4F56F758: changes role from      null to FOLLOWER at term 0 for startAsFollower
2019-09-24 17:39:02,420 INFO  impl.RoleInfo (RoleInfo.java:updateAndGet(143)) - s0: start FollowerState
2019-09-24 17:39:02,421 INFO  util.JmxRegister (JmxRegister.java:tryRegister(44)) - Successfully registered JMX Bean with object name Ratis:service=RaftServer,group=group-0EDB4F56F758,id=s0
2019-09-24 17:39:02,426 INFO  impl.RaftServerProxy (RaftServerProxy.java:lambda$start$3(299)) - s0: start RPC server
2019-09-24 17:39:02,427 INFO  impl.RaftServerImpl (RaftServerImpl.java:start(181)) - s1@group-0EDB4F56F758: start as a follower, conf=-1: [s0:0.0.0.0:45651, s1:0.0.0.0:43208, s2:0.0.0.0:42028], old=null
2019-09-24 17:39:02,427 INFO  impl.RaftServerImpl (RaftServerImpl.java:setRole(170)) - s1@group-0EDB4F56F758: changes role from      null to FOLLOWER at term 0 for startAsFollower
2019-09-24 17:39:02,428 INFO  impl.RoleInfo (RoleInfo.java:updateAndGet(143)) - s1: start FollowerState
2019-09-24 17:39:02,428 INFO  util.JmxRegister (JmxRegister.java:tryRegister(44)) - Successfully registered JMX Bean with object name Ratis:service=RaftServer,group=group-0EDB4F56F758,id=s1
2019-09-24 17:39:02,433 INFO  impl.RaftServerProxy (RaftServerProxy.java:lambda$start$3(299)) - s1: start RPC server
2019-09-24 17:39:02,434 INFO  impl.RaftServerImpl (RaftServerImpl.java:start(181)) - s2@group-0EDB4F56F758: start as a follower, conf=-1: [s0:0.0.0.0:45651, s1:0.0.0.0:43208, s2:0.0.0.0:42028], old=null
2019-09-24 17:39:02,434 INFO  impl.RaftServerImpl (RaftServerImpl.java:setRole(170)) - s2@group-0EDB4F56F758: changes role from      null to FOLLOWER at term 0 for startAsFollower
2019-09-24 17:39:02,434 INFO  impl.RoleInfo (RoleInfo.java:updateAndGet(143)) - s2: start FollowerState
2019-09-24 17:39:02,435 INFO  util.JmxRegister (JmxRegister.java:tryRegister(44)) - Successfully registered JMX Bean with object name Ratis:service=RaftServer,group=group-0EDB4F56F758,id=s2
2019-09-24 17:39:02,439 INFO  impl.RaftServerProxy (RaftServerProxy.java:lambda$start$3(299)) - s2: start RPC server
2019-09-24 17:39:02,440 INFO  server.RaftServerConfigKeys (ConfUtils.java:logGet(43)) - raft.server.rpc.timeout.max = 300ms (default)
2019-09-24 17:39:02,440 INFO  ratis.RaftTestUtil (RaftTestUtil.java:waitForLeader(86)) - printing ALL groups
  s0:  RUNNING  FOLLOWER s0@group-0EDB4F56F758:t0, leader=null, voted=null, raftlog=s0@group-0EDB4F56F758-SegmentedRaftLog:OPENED:c-1,f-1,i0, conf=-1: [s0:0.0.0.0:45651, s1:0.0.0.0:43208, s2:0.0.0.0:42028], old=null RUNNING
  s1:  RUNNING  FOLLOWER s1@group-0EDB4F56F758:t0, leader=null, voted=null, raftlog=s1@group-0EDB4F56F758-SegmentedRaftLog:OPENED:c-1,f-1,i0, conf=-1: [s0:0.0.0.0:45651, s1:0.0.0.0:43208, s2:0.0.0.0:42028], old=null RUNNING
  s2:  RUNNING  FOLLOWER s2@group-0EDB4F56F758:t0, leader=null, voted=null, raftlog=s2@group-0EDB4F56F758-SegmentedRaftLog:OPENED:c-1,f-1,i0, conf=-1: [s0:0.0.0.0:45651, s1:0.0.0.0:43208, s2:0.0.0.0:42028], old=null RUNNING
2019-09-24 17:39:02,441 WARN  ratis.RaftTestUtil (JavaUtils.java:attempt(158)) - FAILED "waitForLeader-null-(expectLeader? true)", attempt #1/100: java.lang.IllegalStateException: No leader yet : printing ALL groups
  s0:  RUNNING  FOLLOWER s0@group-0EDB4F56F758:t0, leader=null, voted=null, raftlog=s0@group-0EDB4F56F758-SegmentedRaftLog:OPENED:c-1,f-1,i0, conf=-1: [s0:0.0.0.0:45651, s1:0.0.0.0:43208, s2:0.0.0.0:42028], old=null RUNNING
  s1:  RUNNING  FOLLOWER s1@group-0EDB4F56F758:t0, leader=null, voted=null, raftlog=s1@group-0EDB4F56F758-SegmentedRaftLog:OPENED:c-1,f-1,i0, conf=-1: [s0:0.0.0.0:45651, s1:0.0.0.0:43208, s2:0.0.0.0:42028], old=null RUNNING
  s2:  RUNNING  FOLLOWER s2@group-0EDB4F56F758:t0, leader=null, voted=null, raftlog=s2@group-0EDB4F56F758-SegmentedRaftLog:OPENED:c-1,f-1,i0, conf=-1: [s0:0.0.0.0:45651, s1:0.0.0.0:43208, s2:0.0.0.0:42028], old=null RUNNING, sleep 450ms and then retry.
java.lang.IllegalStateException: No leader yet : printing ALL groups
  s0:  RUNNING  FOLLOWER s0@group-0EDB4F56F758:t0, leader=null, voted=null, raftlog=s0@group-0EDB4F56F758-SegmentedRaftLog:OPENED:c-1,f-1,i0, conf=-1: [s0:0.0.0.0:45651, s1:0.0.0.0:43208, s2:0.0.0.0:42028], old=null RUNNING
  s1:  RUNNING  FOLLOWER s1@group-0EDB4F56F758:t0, leader=null, voted=null, raftlog=s1@group-0EDB4F56F758-SegmentedRaftLog:OPENED:c-1,f-1,i0, conf=-1: [s0:0.0.0.0:45651, s1:0.0.0.0:43208, s2:0.0.0.0:42028], old=null RUNNING
  s2:  RUNNING  FOLLOWER s2@group-0EDB4F56F758:t0, leader=null, voted=null, raftlog=s2@group-0EDB4F56F758-SegmentedRaftLog:OPENED:c-1,f-1,i0, conf=-1: [s0:0.0.0.0:45651, s1:0.0.0.0:43208, s2:0.0.0.0:42028], old=null RUNNING
	at org.apache.ratis.MiniRaftCluster.newIllegalStateExceptionForNoLeaders(MiniRaftCluster.java:506)
	at org.apache.ratis.RaftTestUtil.lambda$waitForLeader$1(RaftTestUtil.java:90)
	at org.apache.ratis.MiniRaftCluster.getLeader(MiniRaftCluster.java:539)
	at org.apache.ratis.MiniRaftCluster.getLeader(MiniRaftCluster.java:532)
	at org.apache.ratis.RaftTestUtil.lambda$waitForLeader$3(RaftTestUtil.java:98)
	at org.apache.ratis.util.JavaUtils.attempt(JavaUtils.java:152)
	at org.apache.ratis.RaftTestUtil.waitForLeader(RaftTestUtil.java:97)
	at org.apache.ratis.RaftTestUtil.waitForLeader(RaftTestUtil.java:77)
	at org.apache.ratis.RaftTestUtil.waitForLeader(RaftTestUtil.java:72)
	at org.apache.ratis.logservice.LogServiceReadWriteBase.setUpCluster(LogServiceReadWriteBase.java:116)
	at sun.reflect.NativeMethodAccessorImpl.invoke0(Native Method)
	at sun.reflect.NativeMethodAccessorImpl.invoke(NativeMethodAccessorImpl.java:62)
	at sun.reflect.DelegatingMethodAccessorImpl.invoke(DelegatingMethodAccessorImpl.java:43)
	at java.lang.reflect.Method.invoke(Method.java:498)
	at org.junit.runners.model.FrameworkMethod$1.runReflectiveCall(FrameworkMethod.java:50)
	at org.junit.internal.runners.model.ReflectiveCallable.run(ReflectiveCallable.java:12)
	at org.junit.runners.model.FrameworkMethod.invokeExplosively(FrameworkMethod.java:47)
	at org.junit.internal.runners.statements.RunBefores.evaluate(RunBefores.java:24)
	at org.junit.internal.runners.statements.RunAfters.evaluate(RunAfters.java:27)
	at org.junit.internal.runners.statements.FailOnTimeout$CallableStatement.call(FailOnTimeout.java:298)
	at org.junit.internal.runners.statements.FailOnTimeout$CallableStatement.call(FailOnTimeout.java:292)
	at java.util.concurrent.FutureTask.run(FutureTask.java:266)
	at java.lang.Thread.run(Thread.java:748)
2019-09-24 17:39:02,629 INFO  impl.FollowerState (FollowerState.java:run(108)) - s0@group-0EDB4F56F758-FollowerState: change to CANDIDATE, lastRpcTime:208ms, electionTimeout:208ms
2019-09-24 17:39:02,630 INFO  impl.RoleInfo (RoleInfo.java:shutdownFollowerState(121)) - s0: shutdown FollowerState
2019-09-24 17:39:02,630 INFO  impl.RaftServerImpl (RaftServerImpl.java:setRole(170)) - s0@group-0EDB4F56F758: changes role from  FOLLOWER to CANDIDATE at term 0 for changeToCandidate
2019-09-24 17:39:02,631 INFO  impl.RoleInfo (RoleInfo.java:updateAndGet(143)) - s0: start LeaderElection
2019-09-24 17:39:02,643 INFO  impl.FollowerState (FollowerState.java:run(108)) - s1@group-0EDB4F56F758-FollowerState: change to CANDIDATE, lastRpcTime:215ms, electionTimeout:215ms
2019-09-24 17:39:02,644 INFO  impl.RoleInfo (RoleInfo.java:shutdownFollowerState(121)) - s1: shutdown FollowerState
2019-09-24 17:39:02,644 INFO  impl.RaftServerImpl (RaftServerImpl.java:setRole(170)) - s1@group-0EDB4F56F758: changes role from  FOLLOWER to CANDIDATE at term 0 for changeToCandidate
2019-09-24 17:39:02,645 INFO  impl.RoleInfo (RoleInfo.java:updateAndGet(143)) - s1: start LeaderElection
2019-09-24 17:39:02,673 INFO  impl.LeaderElection (LeaderElection.java:askForVotes(178)) - s0@group-0EDB4F56F758-LeaderElection22: begin an election at term 1 for -1: [s0:0.0.0.0:45651, s1:0.0.0.0:43208, s2:0.0.0.0:42028], old=null
2019-09-24 17:39:02,673 INFO  impl.LeaderElection (LeaderElection.java:askForVotes(178)) - s1@group-0EDB4F56F758-LeaderElection23: begin an election at term 1 for -1: [s0:0.0.0.0:45651, s1:0.0.0.0:43208, s2:0.0.0.0:42028], old=null
2019-09-24 17:39:02,676 INFO  logging.LoggingHandler (AbstractInternalLogger.java:log(150)) - [id: 0xd1c10705, L:/0.0.0.0:43208] READ: [id: 0x61b795ff, L:/192.168.5.142:43208 - R:/192.168.5.142:43696]
2019-09-24 17:39:02,677 INFO  logging.LoggingHandler (AbstractInternalLogger.java:log(150)) - [id: 0xd1c10705, L:/0.0.0.0:43208] READ COMPLETE
2019-09-24 17:39:02,678 INFO  logging.LoggingHandler (AbstractInternalLogger.java:log(150)) - [id: 0x0ffd44d0, L:/0.0.0.0:42028] READ: [id: 0xe9f2c773, L:/192.168.5.142:42028 - R:/192.168.5.142:36604]
2019-09-24 17:39:02,678 INFO  logging.LoggingHandler (AbstractInternalLogger.java:log(150)) - [id: 0x25ee1a9b, L:/0.0.0.0:45651] READ: [id: 0xde0cb0d1, L:/192.168.5.142:45651 - R:/192.168.5.142:37592]
2019-09-24 17:39:02,679 INFO  logging.LoggingHandler (AbstractInternalLogger.java:log(150)) - [id: 0x0ffd44d0, L:/0.0.0.0:42028] READ COMPLETE
2019-09-24 17:39:02,681 INFO  logging.LoggingHandler (AbstractInternalLogger.java:log(150)) - [id: 0x25ee1a9b, L:/0.0.0.0:45651] READ COMPLETE
2019-09-24 17:39:02,682 INFO  logging.LoggingHandler (AbstractInternalLogger.java:log(150)) - [id: 0x0ffd44d0, L:/0.0.0.0:42028] READ: [id: 0x71505b32, L:/192.168.5.142:42028 - R:/192.168.5.142:36606]
2019-09-24 17:39:02,682 INFO  logging.LoggingHandler (AbstractInternalLogger.java:log(150)) - [id: 0x0ffd44d0, L:/0.0.0.0:42028] READ COMPLETE
2019-09-24 17:39:02,684 INFO  impl.RaftServerImpl (RaftServerImpl.java:setRole(170)) - s2@group-0EDB4F56F758: changes role from  FOLLOWER to FOLLOWER at term 1 for recognizeCandidate:s1
2019-09-24 17:39:02,685 INFO  impl.RoleInfo (RoleInfo.java:shutdownFollowerState(121)) - s2: shutdown FollowerState
2019-09-24 17:39:02,685 INFO  impl.RoleInfo (RoleInfo.java:updateAndGet(143)) - s2: start FollowerState
2019-09-24 17:39:02,685 INFO  impl.FollowerState (FollowerState.java:run(117)) - s2@group-0EDB4F56F758-FollowerState was interrupted: java.lang.InterruptedException: sleep interrupted
2019-09-24 17:39:02,716 INFO  impl.LeaderElection (LeaderElection.java:logAndReturn(56)) - s1@group-0EDB4F56F758-LeaderElection23: Election PASSED; received 2 response(s) [s1<-s0#0:FAIL-t1, s1<-s2#0:OK-t1] and 0 exception(s); s1@group-0EDB4F56F758:t1, leader=null, voted=s1, raftlog=s1@group-0EDB4F56F758-SegmentedRaftLog:OPENED:c-1,f-1,i0, conf=-1: [s0:0.0.0.0:45651, s1:0.0.0.0:43208, s2:0.0.0.0:42028], old=null
2019-09-24 17:39:02,716 INFO  impl.LeaderElection (LeaderElection.java:logAndReturn(56)) - s0@group-0EDB4F56F758-LeaderElection22: Election REJECTED; received 2 response(s) [s0<-s1#0:FAIL-t1, s0<-s2#0:FAIL-t1] and 0 exception(s); s0@group-0EDB4F56F758:t1, leader=null, voted=s0, raftlog=s0@group-0EDB4F56F758-SegmentedRaftLog:OPENED:c-1,f-1,i0, conf=-1: [s0:0.0.0.0:45651, s1:0.0.0.0:43208, s2:0.0.0.0:42028], old=null
2019-09-24 17:39:02,716 INFO  impl.RoleInfo (RoleInfo.java:shutdownLeaderElection(134)) - s1: shutdown LeaderElection
2019-09-24 17:39:02,717 INFO  impl.RaftServerImpl (RaftServerImpl.java:setRole(170)) - s0@group-0EDB4F56F758: changes role from CANDIDATE to FOLLOWER at term 1 for DISCOVERED_A_NEW_TERM
2019-09-24 17:39:02,719 INFO  impl.RaftServerImpl (RaftServerImpl.java:setRole(170)) - s1@group-0EDB4F56F758: changes role from CANDIDATE to LEADER at term 1 for changeToLeader
2019-09-24 17:39:02,719 INFO  impl.RoleInfo (RoleInfo.java:shutdownLeaderElection(134)) - s0: shutdown LeaderElection
2019-09-24 17:39:02,719 INFO  impl.RaftServerImpl (ServerState.java:setLeader(254)) - s1@group-0EDB4F56F758: change Leader from null to s1 at term 1 for becomeLeader, leader elected after 315ms
2019-09-24 17:39:02,720 INFO  impl.RoleInfo (RoleInfo.java:updateAndGet(143)) - s0: start FollowerState
2019-09-24 17:39:02,720 INFO  server.RaftServerConfigKeys (ConfUtils.java:logGet(43)) - raft.server.staging.catchup.gap = 1000 (default)
2019-09-24 17:39:02,720 INFO  server.RaftServerConfigKeys (ConfUtils.java:logGet(43)) - raft.server.rpc.sleep.time = 25ms (default)
2019-09-24 17:39:02,720 INFO  server.RaftServerConfigKeys (ConfUtils.java:logGet(43)) - raft.server.write.element-limit = 4096 (default)
2019-09-24 17:39:02,721 INFO  server.RaftServerConfigKeys (ConfUtils.java:logGet(43)) - raft.server.watch.timeout = 10s (default)
2019-09-24 17:39:02,721 INFO  server.RaftServerConfigKeys (ConfUtils.java:logGet(43)) - raft.server.watch.timeout.denomination = 1s (default)
2019-09-24 17:39:02,721 INFO  server.RaftServerConfigKeys (ConfUtils.java:logGet(43)) - raft.server.watch.element-limit = 65536 (default)
2019-09-24 17:39:02,724 INFO  server.RaftServerConfigKeys (ConfUtils.java:logGet(43)) - raft.server.log.appender.snapshot.chunk.size.max = 16MB (=16777216) (default)
2019-09-24 17:39:02,724 INFO  server.RaftServerConfigKeys (ConfUtils.java:logGet(43)) - raft.server.log.appender.buffer.byte-limit = 4MB (=4194304) (default)
2019-09-24 17:39:02,725 INFO  server.RaftServerConfigKeys (ConfUtils.java:logGet(43)) - raft.server.log.appender.buffer.element-limit = 0 (default)
2019-09-24 17:39:02,725 INFO  server.RaftServerConfigKeys (ConfUtils.java:logGet(43)) - raft.server.log.appender.snapshot.chunk.size.max = 16MB (=16777216) (default)
2019-09-24 17:39:02,725 INFO  server.RaftServerConfigKeys (ConfUtils.java:logGet(43)) - raft.server.log.appender.buffer.byte-limit = 4MB (=4194304) (default)
2019-09-24 17:39:02,726 INFO  server.RaftServerConfigKeys (ConfUtils.java:logGet(43)) - raft.server.log.appender.buffer.element-limit = 0 (default)
2019-09-24 17:39:02,726 INFO  impl.RoleInfo (RoleInfo.java:updateAndGet(143)) - s1: start LeaderState
2019-09-24 17:39:02,727 INFO  segmented.SegmentedRaftLogWorker (SegmentedRaftLogWorker.java:startLogSegment(380)) - s1@group-0EDB4F56F758-SegmentedRaftLogWorker: Starting segment from index:0
2019-09-24 17:39:02,728 INFO  impl.RaftServerImpl (ServerState.java:setRaftConf(355)) - s1@group-0EDB4F56F758: set configuration 0: [s0:0.0.0.0:45651, s1:0.0.0.0:43208, s2:0.0.0.0:42028], old=null at 0
2019-09-24 17:39:02,730 INFO  impl.RaftServerImpl (ServerState.java:setLeader(254)) - s0@group-0EDB4F56F758: change Leader from null to s1 at term 1 for appendEntries, leader elected after 326ms
2019-09-24 17:39:02,730 INFO  impl.RaftServerImpl (ServerState.java:setLeader(254)) - s2@group-0EDB4F56F758: change Leader from null to s1 at term 1 for appendEntries, leader elected after 324ms
2019-09-24 17:39:02,732 INFO  impl.RaftServerImpl (ServerState.java:setRaftConf(355)) - s0@group-0EDB4F56F758: set configuration 0: [s0:0.0.0.0:45651, s1:0.0.0.0:43208, s2:0.0.0.0:42028], old=null at 0
2019-09-24 17:39:02,732 INFO  impl.RaftServerImpl (ServerState.java:setRaftConf(355)) - s2@group-0EDB4F56F758: set configuration 0: [s0:0.0.0.0:45651, s1:0.0.0.0:43208, s2:0.0.0.0:42028], old=null at 0
2019-09-24 17:39:02,732 INFO  segmented.SegmentedRaftLogWorker (SegmentedRaftLogWorker.java:startLogSegment(380)) - s0@group-0EDB4F56F758-SegmentedRaftLogWorker: Starting segment from index:0
2019-09-24 17:39:02,732 INFO  segmented.SegmentedRaftLogWorker (SegmentedRaftLogWorker.java:startLogSegment(380)) - s2@group-0EDB4F56F758-SegmentedRaftLogWorker: Starting segment from index:0
2019-09-24 17:39:02,892 INFO  ratis.RaftTestUtil (RaftTestUtil.java:waitForLeader(101)) - printing ALL groups
  s0:  RUNNING  FOLLOWER s0@group-0EDB4F56F758:t1, leader=s1, voted=s0, raftlog=s0@group-0EDB4F56F758-SegmentedRaftLog:OPENED:c-1,f-1,i0, conf=0: [s0:0.0.0.0:45651, s1:0.0.0.0:43208, s2:0.0.0.0:42028], old=null RUNNING
  s1:  RUNNING    LEADER s1@group-0EDB4F56F758:t1, leader=s1, voted=s1, raftlog=s1@group-0EDB4F56F758-SegmentedRaftLog:OPENED:c-1,f-1,i0, conf=0: [s0:0.0.0.0:45651, s1:0.0.0.0:43208, s2:0.0.0.0:42028], old=null RUNNING
  s2:  RUNNING  FOLLOWER s2@group-0EDB4F56F758:t1, leader=s1, voted=s1, raftlog=s2@group-0EDB4F56F758-SegmentedRaftLog:OPENED:c-1,f-1,i0, conf=0: [s0:0.0.0.0:45651, s1:0.0.0.0:43208, s2:0.0.0.0:42028], old=null RUNNING
2019-09-24 17:39:02,904 INFO  logging.LoggingHandler (AbstractInternalLogger.java:log(150)) - [id: 0x25ee1a9b, L:/0.0.0.0:45651] READ: [id: 0x1c0dd41d, L:/192.168.5.142:45651 - R:/192.168.5.142:37594]
2019-09-24 17:39:02,904 INFO  logging.LoggingHandler (AbstractInternalLogger.java:log(150)) - [id: 0x25ee1a9b, L:/0.0.0.0:45651] READ COMPLETE
2019-09-24 17:39:02,920 INFO  logging.LoggingHandler (AbstractInternalLogger.java:log(150)) - [id: 0xd1c10705, L:/0.0.0.0:43208] READ: [id: 0x82e4d366, L:/192.168.5.142:43208 - R:/192.168.5.142:43706]
2019-09-24 17:39:02,921 INFO  logging.LoggingHandler (AbstractInternalLogger.java:log(150)) - [id: 0xd1c10705, L:/0.0.0.0:43208] READ COMPLETE
2019-09-24 17:39:02,942 INFO  segmented.SegmentedRaftLogWorker (SegmentedRaftLogWorker.java:execute(569)) - s2@group-0EDB4F56F758-SegmentedRaftLogWorker: created new log segment /workdir/ratis-logservice/target/test/data/9271f28e/MiniRaftClusterWithNetty3b85840e/s2/99bddb40-9860-45df-874f-0edb4f56f758/current/log_inprogress_0
2019-09-24 17:39:02,942 INFO  segmented.SegmentedRaftLogWorker (SegmentedRaftLogWorker.java:execute(569)) - s1@group-0EDB4F56F758-SegmentedRaftLogWorker: created new log segment /workdir/ratis-logservice/target/test/data/9271f28e/MiniRaftClusterWithNetty3b85840e/s1/99bddb40-9860-45df-874f-0edb4f56f758/current/log_inprogress_0
2019-09-24 17:39:02,942 INFO  segmented.SegmentedRaftLogWorker (SegmentedRaftLogWorker.java:execute(569)) - s0@group-0EDB4F56F758-SegmentedRaftLogWorker: created new log segment /workdir/ratis-logservice/target/test/data/9271f28e/MiniRaftClusterWithNetty3b85840e/s0/99bddb40-9860-45df-874f-0edb4f56f758/current/log_inprogress_0
2019-09-24 17:39:02,998 INFO  logservice.LogServiceReadWriteBase (LogServiceReadWriteBase.java:testLogServiceReadWrite(138)) - last id 0
2019-09-24 17:39:03,033 INFO  logservice.LogServiceReadWriteBase (LogServiceReadWriteBase.java:testLogServiceReadWrite(143)) - ids [0, 1, 2, 3, 4, 5, 6, 7, 8, 9]
2019-09-24 17:39:03,034 INFO  logservice.LogServiceReadWriteBase (LogServiceReadWriteBase.java:testLogServiceReadWrite(150)) - last id 1
2019-09-24 17:39:03,044 INFO  logservice.LogServiceReadWriteBase (LogServiceReadWriteBase.java:testLogServiceReadWrite(154)) - start id 0
2019-09-24 17:39:03,045 INFO  ratis.MiniRaftCluster (MiniRaftCluster.java:shutdown(700)) - ************************************************************** 
2019-09-24 17:39:03,046 INFO  ratis.MiniRaftCluster (MiniRaftCluster.java:shutdown(701)) - *** 
2019-09-24 17:39:03,046 INFO  ratis.MiniRaftCluster (MiniRaftCluster.java:shutdown(702)) - ***     Stopping MiniRaftClusterWithNetty
2019-09-24 17:39:03,046 INFO  ratis.MiniRaftCluster (MiniRaftCluster.java:shutdown(703)) - *** 
2019-09-24 17:39:03,046 INFO  ratis.MiniRaftCluster (MiniRaftCluster.java:shutdown(704)) - ************************************************************** 
2019-09-24 17:39:03,046 INFO  ratis.MiniRaftCluster (MiniRaftCluster.java:shutdown(705)) - printing ALL groups
  s0:  RUNNING  FOLLOWER s0@group-0EDB4F56F758:t1, leader=s1, voted=s0, raftlog=s0@group-0EDB4F56F758-SegmentedRaftLog:OPENED:c0,f1,i2, conf=0: [s0:0.0.0.0:45651, s1:0.0.0.0:43208, s2:0.0.0.0:42028], old=null RUNNING
  s1:  RUNNING    LEADER s1@group-0EDB4F56F758:t1, leader=s1, voted=s1, raftlog=s1@group-0EDB4F56F758-SegmentedRaftLog:OPENED:c1,f1,i2, conf=0: [s0:0.0.0.0:45651, s1:0.0.0.0:43208, s2:0.0.0.0:42028], old=null RUNNING
  s2:  RUNNING  FOLLOWER s2@group-0EDB4F56F758:t1, leader=s1, voted=s1, raftlog=s2@group-0EDB4F56F758-SegmentedRaftLog:OPENED:c0,f1,i2, conf=0: [s0:0.0.0.0:45651, s1:0.0.0.0:43208, s2:0.0.0.0:42028], old=null RUNNING
2019-09-24 17:39:03,047 INFO  impl.RaftServerProxy (RaftServerProxy.java:lambda$close$4(314)) - s0: close
2019-09-24 17:39:03,047 INFO  impl.RaftServerProxy (RaftServerProxy.java:lambda$close$4(314)) - s1: close
2019-09-24 17:39:03,048 INFO  impl.RaftServerImpl (RaftServerImpl.java:lambda$shutdown$3(247)) - s0@group-0EDB4F56F758: shutdown
2019-09-24 17:39:03,049 INFO  impl.RaftServerImpl (RaftServerImpl.java:lambda$shutdown$3(247)) - s1@group-0EDB4F56F758: shutdown
2019-09-24 17:39:03,049 INFO  impl.RaftServerProxy (RaftServerProxy.java:lambda$close$4(314)) - s2: close
2019-09-24 17:39:03,050 INFO  util.JmxRegister (JmxRegister.java:unregister(73)) - Successfully un-registered JMX Bean with object name Ratis:service=RaftServer,group=group-0EDB4F56F758,id=s1
2019-09-24 17:39:03,049 INFO  util.JmxRegister (JmxRegister.java:unregister(73)) - Successfully un-registered JMX Bean with object name Ratis:service=RaftServer,group=group-0EDB4F56F758,id=s0
2019-09-24 17:39:03,050 INFO  impl.RoleInfo (RoleInfo.java:shutdownLeaderState(104)) - s1: shutdown LeaderState
2019-09-24 17:39:03,050 INFO  impl.RaftServerImpl (RaftServerImpl.java:lambda$shutdown$3(247)) - s2@group-0EDB4F56F758: shutdown
2019-09-24 17:39:03,052 INFO  impl.PendingRequests (PendingRequests.java:sendNotLeaderResponses(202)) - s1@group-0EDB4F56F758-PendingRequests: sendNotLeaderResponses
2019-09-24 17:39:03,051 INFO  impl.RoleInfo (RoleInfo.java:shutdownFollowerState(121)) - s0: shutdown FollowerState
2019-09-24 17:39:03,052 INFO  util.JmxRegister (JmxRegister.java:unregister(73)) - Successfully un-registered JMX Bean with object name Ratis:service=RaftServer,group=group-0EDB4F56F758,id=s2
2019-09-24 17:39:03,056 INFO  impl.FollowerState (FollowerState.java:run(117)) - s0@group-0EDB4F56F758-FollowerState was interrupted: java.lang.InterruptedException: sleep interrupted
2019-09-24 17:39:03,056 INFO  impl.LogAppender (LogAppender.java:run(78)) - s1@group-0EDB4F56F758->s0-LogAppender-AppenderDaemon was interrupted: java.io.InterruptedIOException: s1->s0#0 sending from s0:0.0.0.0:45651 is interrupted.
2019-09-24 17:39:03,056 INFO  impl.LogAppender (LogAppender.java:run(78)) - s1@group-0EDB4F56F758->s2-LogAppender-AppenderDaemon was interrupted: java.io.InterruptedIOException: s1->s2#0 sending from s2:0.0.0.0:42028 is interrupted.
2019-09-24 17:39:03,056 INFO  impl.StateMachineUpdater (StateMachineUpdater.java:stopAndJoin(136)) - s0@group-0EDB4F56F758-StateMachineUpdater: set stopIndex = 0
2019-09-24 17:39:03,056 INFO  impl.StateMachineUpdater (StateMachineUpdater.java:stopAndJoin(136)) - s1@group-0EDB4F56F758-StateMachineUpdater: set stopIndex = 1
2019-09-24 17:39:03,058 INFO  impl.RaftServerImpl (ServerState.java:close(386)) - s0@group-0EDB4F56F758: closes. applyIndex: 0
2019-09-24 17:39:03,056 INFO  impl.RoleInfo (RoleInfo.java:shutdownFollowerState(121)) - s2: shutdown FollowerState
2019-09-24 17:39:03,058 INFO  segmented.SegmentedRaftLogWorker (SegmentedRaftLogWorker.java:run(313)) - s0@group-0EDB4F56F758-SegmentedRaftLogWorker was interrupted, exiting. There are 0 tasks remaining in the queue.
2019-09-24 17:39:03,058 INFO  impl.RaftServerImpl (ServerState.java:close(386)) - s1@group-0EDB4F56F758: closes. applyIndex: 1
2019-09-24 17:39:03,058 INFO  impl.FollowerState (FollowerState.java:run(117)) - s2@group-0EDB4F56F758-FollowerState was interrupted: java.lang.InterruptedException: sleep interrupted
2019-09-24 17:39:03,058 INFO  impl.StateMachineUpdater (StateMachineUpdater.java:stopAndJoin(136)) - s2@group-0EDB4F56F758-StateMachineUpdater: set stopIndex = 1
2019-09-24 17:39:03,060 INFO  impl.RaftServerImpl (ServerState.java:close(386)) - s2@group-0EDB4F56F758: closes. applyIndex: 1
2019-09-24 17:39:03,059 INFO  segmented.SegmentedRaftLogWorker (SegmentedRaftLogWorker.java:run(313)) - s1@group-0EDB4F56F758-SegmentedRaftLogWorker was interrupted, exiting. There are 0 tasks remaining in the queue.
2019-09-24 17:39:03,060 INFO  segmented.SegmentedRaftLogWorker (SegmentedRaftLogWorker.java:run(313)) - s2@group-0EDB4F56F758-SegmentedRaftLogWorker was interrupted, exiting. There are 0 tasks remaining in the queue.
2019-09-24 17:39:03,061 INFO  segmented.SegmentedRaftLogWorker (SegmentedRaftLogWorker.java:close(228)) - s0@group-0EDB4F56F758-SegmentedRaftLogWorker close()
2019-09-24 17:39:03,063 INFO  segmented.SegmentedRaftLogWorker (SegmentedRaftLogWorker.java:close(228)) - s1@group-0EDB4F56F758-SegmentedRaftLogWorker close()
2019-09-24 17:39:03,065 INFO  logging.LoggingHandler (AbstractInternalLogger.java:log(150)) - [id: 0x25ee1a9b, L:/0.0.0.0:45651] UNREGISTERED
2019-09-24 17:39:03,065 INFO  segmented.SegmentedRaftLogWorker (SegmentedRaftLogWorker.java:close(228)) - s2@group-0EDB4F56F758-SegmentedRaftLogWorker close()
2019-09-24 17:39:03,066 INFO  logging.LoggingHandler (AbstractInternalLogger.java:log(150)) - [id: 0xd1c10705, L:/0.0.0.0:43208] UNREGISTERED
2019-09-24 17:39:03,067 INFO  logging.LoggingHandler (AbstractInternalLogger.java:log(150)) - [id: 0x0ffd44d0, L:/0.0.0.0:42028] UNREGISTERED
2019-09-24 17:39:03,073 INFO  ratis.MiniRaftCluster (MiniRaftCluster.java:shutdown(722)) - MiniRaftClusterWithNetty shutdown completed
]]></system-out>
  </testcase>
</testsuite>