<?xml version="1.0" encoding="UTF-8"?>
<testsuite xmlns:xsi="http://www.w3.org/2001/XMLSchema-instance" xsi:noNamespaceSchemaLocation="https://maven.apache.org/surefire/maven-surefire-plugin/xsd/surefire-test-report.xsd" name="org.apache.hadoop.ozone.freon.TestDataValidateWithUnsafeByteOperations" time="58.672" tests="3" errors="3" skipped="0" failures="0">
  <properties>
    <property name="awt.toolkit" value="sun.awt.X11.XToolkit"/>
    <property name="file.encoding.pkg" value="sun.io"/>
    <property name="java.specification.version" value="1.8"/>
    <property name="sun.cpu.isalist" value=""/>
    <property name="sun.jnu.encoding" value="UTF-8"/>
    <property name="java.class.path" value="/workdir/hadoop-ozone/tools/target/test-classes:/workdir/hadoop-ozone/tools/target/classes:/home/user/.m2/repository/org/apache/hadoop/hadoop-ozone-ozone-manager/0.5.0-SNAPSHOT/hadoop-ozone-ozone-manager-0.5.0-SNAPSHOT.jar:/home/user/.m2/repository/org/apache/hadoop/hadoop-hdds-docs/0.5.0-SNAPSHOT/hadoop-hdds-docs-0.5.0-SNAPSHOT.jar:/home/user/.m2/repository/org/bouncycastle/bcprov-jdk15on/1.60/bcprov-jdk15on-1.60.jar:/home/user/.m2/repository/org/apache/hadoop/hadoop-ozone-common/0.5.0-SNAPSHOT/hadoop-ozone-common-0.5.0-SNAPSHOT.jar:/home/user/.m2/repository/org/apache/commons/commons-compress/1.4.1/commons-compress-1.4.1.jar:/home/user/.m2/repository/org/tukaani/xz/1.0/xz-1.0.jar:/home/user/.m2/repository/org/apache/hadoop/hadoop-hdfs-client/3.2.0/hadoop-hdfs-client-3.2.0.jar:/home/user/.m2/repository/com/fasterxml/jackson/core/jackson-annotations/2.9.9/jackson-annotations-2.9.9.jar:/home/user/.m2/repository/org/apache/hadoop/hadoop-hdds-common/0.5.0-SNAPSHOT/hadoop-hdds-common-0.5.0-SNAPSHOT.jar:/home/user/.m2/repository/org/apache/hadoop/hadoop-hdds-config/0.5.0-SNAPSHOT/hadoop-hdds-config-0.5.0-SNAPSHOT.jar:/home/user/.m2/repository/javax/annotation/javax.annotation-api/1.2/javax.annotation-api-1.2.jar:/home/user/.m2/repository/org/apache/ratis/ratis-server/0.4.0/ratis-server-0.4.0.jar:/home/user/.m2/repository/org/apache/ratis/ratis-thirdparty-misc/0.2.0/ratis-thirdparty-misc-0.2.0.jar:/home/user/.m2/repository/org/apache/ratis/ratis-proto/0.4.0/ratis-proto-0.4.0.jar:/home/user/.m2/repository/org/apache/ratis/ratis-common/0.4.0/ratis-common-0.4.0.jar:/home/user/.m2/repository/org/apache/ratis/ratis-client/0.4.0/ratis-client-0.4.0.jar:/home/user/.m2/repository/org/apache/ratis/ratis-metrics/0.4.0/ratis-metrics-0.4.0.jar:/home/user/.m2/repository/com/github/joshelser/dropwizard-metrics-hadoop-metrics2-reporter/0.1.2/dropwizard-metrics-hadoop-metrics2-reporter-0.1.2.jar:/home/user/.m2/repository/io/dropwizard/metrics/metrics-jvm/3.2.5/metrics-jvm-3.2.5.jar:/home/user/.m2/repository/io/dropwizard/metrics/metrics-ganglia/3.2.5/metrics-ganglia-3.2.5.jar:/home/user/.m2/repository/info/ganglia/gmetric4j/gmetric4j/1.0.7/gmetric4j-1.0.7.jar:/home/user/.m2/repository/org/apache/ratis/ratis-netty/0.4.0/ratis-netty-0.4.0.jar:/home/user/.m2/repository/org/apache/ratis/ratis-grpc/0.4.0/ratis-grpc-0.4.0.jar:/home/user/.m2/repository/org/rocksdb/rocksdbjni/6.0.1/rocksdbjni-6.0.1.jar:/home/user/.m2/repository/org/apache/logging/log4j/log4j-api/2.11.0/log4j-api-2.11.0.jar:/home/user/.m2/repository/org/apache/logging/log4j/log4j-core/2.11.0/log4j-core-2.11.0.jar:/home/user/.m2/repository/com/lmax/disruptor/3.4.2/disruptor-3.4.2.jar:/home/user/.m2/repository/org/apache/commons/commons-pool2/2.6.0/commons-pool2-2.6.0.jar:/home/user/.m2/repository/org/bouncycastle/bcpkix-jdk15on/1.60/bcpkix-jdk15on-1.60.jar:/home/user/.m2/repository/commons-validator/commons-validator/1.6/commons-validator-1.6.jar:/home/user/.m2/repository/commons-digester/commons-digester/1.8.1/commons-digester-1.8.1.jar:/home/user/.m2/repository/io/jaegertracing/jaeger-client/0.34.0/jaeger-client-0.34.0.jar:/home/user/.m2/repository/io/jaegertracing/jaeger-thrift/0.34.0/jaeger-thrift-0.34.0.jar:/home/user/.m2/repository/org/apache/thrift/libthrift/0.12.0/libthrift-0.12.0.jar:/home/user/.m2/repository/com/squareup/okhttp3/okhttp/3.9.0/okhttp-3.9.0.jar:/home/user/.m2/repository/com/squareup/okio/okio/1.13.0/okio-1.13.0.jar:/home/user/.m2/repository/io/jaegertracing/jaeger-core/0.34.0/jaeger-core-0.34.0.jar:/home/user/.m2/repository/io/jaegertracing/jaeger-tracerresolver/0.34.0/jaeger-tracerresolver-0.34.0.jar:/home/user/.m2/repository/io/opentracing/contrib/opentracing-tracerresolver/0.1.5/opentracing-tracerresolver-0.1.5.jar:/home/user/.m2/repository/io/opentracing/opentracing-util/0.31.0/opentracing-util-0.31.0.jar:/home/user/.m2/repository/io/opentracing/opentracing-api/0.31.0/opentracing-api-0.31.0.jar:/home/user/.m2/repository/io/opentracing/opentracing-noop/0.31.0/opentracing-noop-0.31.0.jar:/home/user/.m2/repository/org/yaml/snakeyaml/1.16/snakeyaml-1.16.jar:/home/user/.m2/repository/org/apache/hadoop/hadoop-hdds-container-service/0.5.0-SNAPSHOT/hadoop-hdds-container-service-0.5.0-SNAPSHOT.jar:/home/user/.m2/repository/org/apache/hadoop/hadoop-hdds-client/0.5.0-SNAPSHOT/hadoop-hdds-client-0.5.0-SNAPSHOT.jar:/home/user/.m2/repository/org/apache/hadoop/hadoop-hdds-tools/0.5.0-SNAPSHOT/hadoop-hdds-tools-0.5.0-SNAPSHOT.jar:/home/user/.m2/repository/org/xerial/sqlite-jdbc/3.25.2/sqlite-jdbc-3.25.2.jar:/home/user/.m2/repository/org/apache/hadoop/hadoop-hdds-server-scm/0.5.0-SNAPSHOT/hadoop-hdds-server-scm-0.5.0-SNAPSHOT.jar:/home/user/.m2/repository/org/hamcrest/hamcrest-all/1.3/hamcrest-all-1.3.jar:/home/user/.m2/repository/info/picocli/picocli/3.9.6/picocli-3.9.6.jar:/home/user/.m2/repository/com/google/protobuf/protobuf-java/2.5.0/protobuf-java-2.5.0.jar:/home/user/.m2/repository/com/google/guava/guava/11.0.2/guava-11.0.2.jar:/home/user/.m2/repository/org/apache/hadoop/hadoop-ozone-client/0.5.0-SNAPSHOT/hadoop-ozone-client-0.5.0-SNAPSHOT.jar:/workdir/hadoop-ozone/ozonefs/target/classes:/home/user/.m2/repository/org/apache/hadoop/hadoop-hdds-server-framework/0.5.0-SNAPSHOT/hadoop-hdds-server-framework-0.5.0-SNAPSHOT.jar:/home/user/.m2/repository/org/apache/hadoop/hadoop-common/3.2.0/hadoop-common-3.2.0.jar:/home/user/.m2/repository/org/apache/hadoop/hadoop-annotations/3.2.0/hadoop-annotations-3.2.0.jar:/usr/lib/jvm/java-1.8-openjdk/jre/../lib/tools.jar:/home/user/.m2/repository/commons-cli/commons-cli/1.2/commons-cli-1.2.jar:/home/user/.m2/repository/org/apache/commons/commons-math3/3.1.1/commons-math3-3.1.1.jar:/home/user/.m2/repository/org/apache/httpcomponents/httpclient/4.5.2/httpclient-4.5.2.jar:/home/user/.m2/repository/org/apache/httpcomponents/httpcore/4.4.4/httpcore-4.4.4.jar:/home/user/.m2/repository/commons-codec/commons-codec/1.11/commons-codec-1.11.jar:/home/user/.m2/repository/commons-io/commons-io/2.5/commons-io-2.5.jar:/home/user/.m2/repository/commons-net/commons-net/3.6/commons-net-3.6.jar:/home/user/.m2/repository/commons-collections/commons-collections/3.2.2/commons-collections-3.2.2.jar:/home/user/.m2/repository/javax/servlet/javax.servlet-api/3.1.0/javax.servlet-api-3.1.0.jar:/home/user/.m2/repository/org/eclipse/jetty/jetty-server/9.3.25.v20180904/jetty-server-9.3.25.v20180904.jar:/home/user/.m2/repository/org/eclipse/jetty/jetty-http/9.3.25.v20180904/jetty-http-9.3.25.v20180904.jar:/home/user/.m2/repository/org/eclipse/jetty/jetty-io/9.3.25.v20180904/jetty-io-9.3.25.v20180904.jar:/home/user/.m2/repository/org/eclipse/jetty/jetty-util/9.3.25.v20180904/jetty-util-9.3.25.v20180904.jar:/home/user/.m2/repository/org/eclipse/jetty/jetty-servlet/9.3.25.v20180904/jetty-servlet-9.3.25.v20180904.jar:/home/user/.m2/repository/org/eclipse/jetty/jetty-security/9.3.25.v20180904/jetty-security-9.3.25.v20180904.jar:/home/user/.m2/repository/org/eclipse/jetty/jetty-webapp/9.3.25.v20180904/jetty-webapp-9.3.25.v20180904.jar:/home/user/.m2/repository/org/eclipse/jetty/jetty-xml/9.3.25.v20180904/jetty-xml-9.3.25.v20180904.jar:/home/user/.m2/repository/javax/servlet/jsp/jsp-api/2.1/jsp-api-2.1.jar:/home/user/.m2/repository/com/sun/jersey/jersey-core/1.19/jersey-core-1.19.jar:/home/user/.m2/repository/javax/ws/rs/jsr311-api/1.1.1/jsr311-api-1.1.1.jar:/home/user/.m2/repository/com/sun/jersey/jersey-servlet/1.19/jersey-servlet-1.19.jar:/home/user/.m2/repository/com/sun/jersey/jersey-json/1.19/jersey-json-1.19.jar:/home/user/.m2/repository/org/codehaus/jettison/jettison/1.1/jettison-1.1.jar:/home/user/.m2/repository/com/sun/xml/bind/jaxb-impl/2.3.0.1/jaxb-impl-2.3.0.1.jar:/home/user/.m2/repository/org/codehaus/jackson/jackson-core-asl/1.9.13/jackson-core-asl-1.9.13.jar:/home/user/.m2/repository/org/codehaus/jackson/jackson-mapper-asl/1.9.13/jackson-mapper-asl-1.9.13.jar:/home/user/.m2/repository/org/codehaus/jackson/jackson-jaxrs/1.9.13/jackson-jaxrs-1.9.13.jar:/home/user/.m2/repository/org/codehaus/jackson/jackson-xc/1.9.13/jackson-xc-1.9.13.jar:/home/user/.m2/repository/com/sun/jersey/jersey-server/1.19/jersey-server-1.19.jar:/home/user/.m2/repository/commons-logging/commons-logging/1.1.3/commons-logging-1.1.3.jar:/home/user/.m2/repository/log4j/log4j/1.2.17/log4j-1.2.17.jar:/home/user/.m2/repository/commons-beanutils/commons-beanutils/1.9.4/commons-beanutils-1.9.4.jar:/home/user/.m2/repository/org/apache/commons/commons-configuration2/2.1.1/commons-configuration2-2.1.1.jar:/home/user/.m2/repository/org/apache/commons/commons-lang3/3.7/commons-lang3-3.7.jar:/home/user/.m2/repository/org/apache/commons/commons-text/1.4/commons-text-1.4.jar:/home/user/.m2/repository/org/slf4j/slf4j-api/1.7.25/slf4j-api-1.7.25.jar:/home/user/.m2/repository/org/slf4j/slf4j-log4j12/1.7.25/slf4j-log4j12-1.7.25.jar:/home/user/.m2/repository/org/apache/avro/avro/1.7.7/avro-1.7.7.jar:/home/user/.m2/repository/com/thoughtworks/paranamer/paranamer/2.3/paranamer-2.3.jar:/home/user/.m2/repository/org/xerial/snappy/snappy-java/1.0.5/snappy-java-1.0.5.jar:/home/user/.m2/repository/com/google/re2j/re2j/1.1/re2j-1.1.jar:/home/user/.m2/repository/com/google/code/gson/gson/2.2.4/gson-2.2.4.jar:/home/user/.m2/repository/org/apache/hadoop/hadoop-auth/3.2.0/hadoop-auth-3.2.0.jar:/home/user/.m2/repository/com/nimbusds/nimbus-jose-jwt/4.41.1/nimbus-jose-jwt-4.41.1.jar:/home/user/.m2/repository/com/github/stephenc/jcip/jcip-annotations/1.0-1/jcip-annotations-1.0-1.jar:/home/user/.m2/repository/net/minidev/json-smart/2.3/json-smart-2.3.jar:/home/user/.m2/repository/net/minidev/accessors-smart/1.2/accessors-smart-1.2.jar:/home/user/.m2/repository/org/apache/curator/curator-framework/2.12.0/curator-framework-2.12.0.jar:/home/user/.m2/repository/com/jcraft/jsch/0.1.54/jsch-0.1.54.jar:/home/user/.m2/repository/org/apache/curator/curator-client/2.12.0/curator-client-2.12.0.jar:/home/user/.m2/repository/org/apache/curator/curator-recipes/2.12.0/curator-recipes-2.12.0.jar:/home/user/.m2/repository/com/google/code/findbugs/jsr305/3.0.0/jsr305-3.0.0.jar:/home/user/.m2/repository/org/apache/htrace/htrace-core4/4.1.0-incubating/htrace-core4-4.1.0-incubating.jar:/home/user/.m2/repository/org/apache/zookeeper/zookeeper/3.4.13/zookeeper-3.4.13.jar:/home/user/.m2/repository/jline/jline/0.9.94/jline-0.9.94.jar:/home/user/.m2/repository/org/apache/yetus/audience-annotations/0.5.0/audience-annotations-0.5.0.jar:/home/user/.m2/repository/org/apache/kerby/kerb-simplekdc/1.0.1/kerb-simplekdc-1.0.1.jar:/home/user/.m2/repository/org/apache/kerby/kerb-client/1.0.1/kerb-client-1.0.1.jar:/home/user/.m2/repository/org/apache/kerby/kerby-config/1.0.1/kerby-config-1.0.1.jar:/home/user/.m2/repository/org/apache/kerby/kerb-core/1.0.1/kerb-core-1.0.1.jar:/home/user/.m2/repository/org/apache/kerby/kerby-pkix/1.0.1/kerby-pkix-1.0.1.jar:/home/user/.m2/repository/org/apache/kerby/kerby-asn1/1.0.1/kerby-asn1-1.0.1.jar:/home/user/.m2/repository/org/apache/kerby/kerby-util/1.0.1/kerby-util-1.0.1.jar:/home/user/.m2/repository/org/apache/kerby/kerb-common/1.0.1/kerb-common-1.0.1.jar:/home/user/.m2/repository/org/apache/kerby/kerb-crypto/1.0.1/kerb-crypto-1.0.1.jar:/home/user/.m2/repository/org/apache/kerby/kerb-util/1.0.1/kerb-util-1.0.1.jar:/home/user/.m2/repository/org/apache/kerby/token-provider/1.0.1/token-provider-1.0.1.jar:/home/user/.m2/repository/org/apache/kerby/kerb-admin/1.0.1/kerb-admin-1.0.1.jar:/home/user/.m2/repository/org/apache/kerby/kerb-server/1.0.1/kerb-server-1.0.1.jar:/home/user/.m2/repository/org/apache/kerby/kerb-identity/1.0.1/kerb-identity-1.0.1.jar:/home/user/.m2/repository/org/apache/kerby/kerby-xdr/1.0.1/kerby-xdr-1.0.1.jar:/home/user/.m2/repository/com/fasterxml/jackson/core/jackson-databind/2.9.9/jackson-databind-2.9.9.jar:/home/user/.m2/repository/com/fasterxml/jackson/core/jackson-core/2.9.9/jackson-core-2.9.9.jar:/home/user/.m2/repository/org/codehaus/woodstox/stax2-api/3.1.4/stax2-api-3.1.4.jar:/home/user/.m2/repository/com/fasterxml/woodstox/woodstox-core/5.0.3/woodstox-core-5.0.3.jar:/home/user/.m2/repository/dnsjava/dnsjava/2.1.7/dnsjava-2.1.7.jar:/home/user/.m2/repository/org/apache/hadoop/hadoop-hdfs/3.2.0/hadoop-hdfs-3.2.0.jar:/home/user/.m2/repository/org/eclipse/jetty/jetty-util-ajax/9.3.25.v20180904/jetty-util-ajax-9.3.25.v20180904.jar:/home/user/.m2/repository/commons-daemon/commons-daemon/1.0.13/commons-daemon-1.0.13.jar:/home/user/.m2/repository/io/netty/netty/3.10.5.Final/netty-3.10.5.Final.jar:/home/user/.m2/repository/io/netty/netty-all/4.0.52.Final/netty-all-4.0.52.Final.jar:/home/user/.m2/repository/org/fusesource/leveldbjni/leveldbjni-all/1.8/leveldbjni-all-1.8.jar:/home/user/.m2/repository/com/sun/xml/bind/jaxb-core/2.3.0.1/jaxb-core-2.3.0.1.jar:/home/user/.m2/repository/javax/xml/bind/jaxb-api/2.3.0/jaxb-api-2.3.0.jar:/home/user/.m2/repository/javax/activation/activation/1.1.1/activation-1.1.1.jar:/home/user/.m2/repository/io/dropwizard/metrics/metrics-core/3.2.4/metrics-core-3.2.4.jar:/home/user/.m2/repository/org/openjdk/jmh/jmh-core/1.19/jmh-core-1.19.jar:/home/user/.m2/repository/net/sf/jopt-simple/jopt-simple/4.6/jopt-simple-4.6.jar:/home/user/.m2/repository/org/openjdk/jmh/jmh-generator-annprocess/1.19/jmh-generator-annprocess-1.19.jar:/home/user/.m2/repository/com/amazonaws/aws-java-sdk-s3/1.11.615/aws-java-sdk-s3-1.11.615.jar:/home/user/.m2/repository/com/amazonaws/aws-java-sdk-kms/1.11.615/aws-java-sdk-kms-1.11.615.jar:/home/user/.m2/repository/com/amazonaws/aws-java-sdk-core/1.11.615/aws-java-sdk-core-1.11.615.jar:/home/user/.m2/repository/software/amazon/ion/ion-java/1.0.2/ion-java-1.0.2.jar:/home/user/.m2/repository/com/fasterxml/jackson/dataformat/jackson-dataformat-cbor/2.9.9/jackson-dataformat-cbor-2.9.9.jar:/home/user/.m2/repository/joda-time/joda-time/2.9.9/joda-time-2.9.9.jar:/home/user/.m2/repository/com/amazonaws/jmespath-java/1.11.615/jmespath-java-1.11.615.jar:/home/user/.m2/repository/com/google/code/findbugs/findbugs/3.0.1/findbugs-3.0.1.jar:/home/user/.m2/repository/net/jcip/jcip-annotations/1.0/jcip-annotations-1.0.jar:/home/user/.m2/repository/com/google/code/findbugs/bcel-findbugs/6.0/bcel-findbugs-6.0.jar:/home/user/.m2/repository/com/google/code/findbugs/jFormatString/2.0.1/jFormatString-2.0.1.jar:/home/user/.m2/repository/dom4j/dom4j/1.6.1/dom4j-1.6.1.jar:/home/user/.m2/repository/xml-apis/xml-apis/1.0.b2/xml-apis-1.0.b2.jar:/home/user/.m2/repository/org/ow2/asm/asm-debug-all/5.0.2/asm-debug-all-5.0.2.jar:/home/user/.m2/repository/org/ow2/asm/asm-commons/5.0.2/asm-commons-5.0.2.jar:/home/user/.m2/repository/org/ow2/asm/asm-tree/5.0.2/asm-tree-5.0.2.jar:/home/user/.m2/repository/org/ow2/asm/asm/5.0.4/asm-5.0.4.jar:/home/user/.m2/repository/commons-lang/commons-lang/2.6/commons-lang-2.6.jar:/home/user/.m2/repository/com/apple/AppleJavaExtensions/1.4/AppleJavaExtensions-1.4.jar:/home/user/.m2/repository/jaxen/jaxen/1.1.6/jaxen-1.1.6.jar:/home/user/.m2/repository/junit/junit/4.11/junit-4.11.jar:/home/user/.m2/repository/org/hamcrest/hamcrest-core/1.3/hamcrest-core-1.3.jar:/home/user/.m2/repository/org/apache/hadoop/hadoop-common/3.2.0/hadoop-common-3.2.0-tests.jar:/workdir/hadoop-ozone/integration-test/target/test-classes:/home/user/.m2/repository/org/apache/hadoop/hadoop-ozone-s3gateway/0.5.0-SNAPSHOT/hadoop-ozone-s3gateway-0.5.0-SNAPSHOT.jar:/home/user/.m2/repository/org/jboss/weld/servlet/weld-servlet/2.4.7.Final/weld-servlet-2.4.7.Final.jar:/home/user/.m2/repository/org/glassfish/jersey/containers/jersey-container-servlet-core/2.27/jersey-container-servlet-core-2.27.jar:/home/user/.m2/repository/org/glassfish/hk2/external/javax.inject/2.5.0-b42/javax.inject-2.5.0-b42.jar:/home/user/.m2/repository/org/glassfish/jersey/core/jersey-common/2.27/jersey-common-2.27.jar:/home/user/.m2/repository/org/glassfish/hk2/osgi-resource-locator/1.0.1/osgi-resource-locator-1.0.1.jar:/home/user/.m2/repository/javax/ws/rs/javax.ws.rs-api/2.1/javax.ws.rs-api-2.1.jar:/home/user/.m2/repository/org/glassfish/jersey/ext/cdi/jersey-cdi1x/2.27/jersey-cdi1x-2.27.jar:/home/user/.m2/repository/org/glassfish/jersey/inject/jersey-hk2/2.27/jersey-hk2-2.27.jar:/home/user/.m2/repository/org/glassfish/hk2/hk2-locator/2.5.0-b42/hk2-locator-2.5.0-b42.jar:/home/user/.m2/repository/org/javassist/javassist/3.22.0-CR2/javassist-3.22.0-CR2.jar:/home/user/.m2/repository/org/glassfish/hk2/hk2-api/2.5.0/hk2-api-2.5.0.jar:/home/user/.m2/repository/org/glassfish/hk2/external/jakarta.inject/2.5.0/jakarta.inject-2.5.0.jar:/home/user/.m2/repository/org/glassfish/hk2/hk2-utils/2.5.0/hk2-utils-2.5.0.jar:/home/user/.m2/repository/jakarta/annotation/jakarta.annotation-api/1.3.4/jakarta.annotation-api-1.3.4.jar:/home/user/.m2/repository/org/glassfish/hk2/external/aopalliance-repackaged/2.5.0/aopalliance-repackaged-2.5.0.jar:/home/user/.m2/repository/com/fasterxml/jackson/dataformat/jackson-dataformat-xml/2.9.0/jackson-dataformat-xml-2.9.0.jar:/home/user/.m2/repository/com/fasterxml/jackson/module/jackson-module-jaxb-annotations/2.9.9/jackson-module-jaxb-annotations-2.9.9.jar:/home/user/.m2/repository/javax/enterprise/cdi-api/1.2/cdi-api-1.2.jar:/home/user/.m2/repository/javax/el/javax.el-api/3.0.0/javax.el-api-3.0.0.jar:/home/user/.m2/repository/javax/interceptor/javax.interceptor-api/1.2/javax.interceptor-api-1.2.jar:/home/user/.m2/repository/javax/inject/javax.inject/1/javax.inject-1.jar:/home/user/.m2/repository/org/apache/hadoop/hadoop-ozone-csi/0.5.0-SNAPSHOT/hadoop-ozone-csi-0.5.0-SNAPSHOT.jar:/home/user/.m2/repository/com/google/protobuf/protobuf-java-util/3.5.1/protobuf-java-util-3.5.1.jar:/home/user/.m2/repository/io/grpc/grpc-netty/1.17.1/grpc-netty-1.17.1.jar:/home/user/.m2/repository/io/grpc/grpc-core/1.17.1/grpc-core-1.17.1.jar:/home/user/.m2/repository/io/grpc/grpc-context/1.17.1/grpc-context-1.17.1.jar:/home/user/.m2/repository/com/google/errorprone/error_prone_annotations/2.2.0/error_prone_annotations-2.2.0.jar:/home/user/.m2/repository/org/codehaus/mojo/animal-sniffer-annotations/1.17/animal-sniffer-annotations-1.17.jar:/home/user/.m2/repository/io/opencensus/opencensus-api/0.17.0/opencensus-api-0.17.0.jar:/home/user/.m2/repository/io/opencensus/opencensus-contrib-grpc-metrics/0.17.0/opencensus-contrib-grpc-metrics-0.17.0.jar:/home/user/.m2/repository/io/netty/netty-codec-http2/4.1.30.Final/netty-codec-http2-4.1.30.Final.jar:/home/user/.m2/repository/io/netty/netty-codec-http/4.1.30.Final/netty-codec-http-4.1.30.Final.jar:/home/user/.m2/repository/io/netty/netty-codec/4.1.30.Final/netty-codec-4.1.30.Final.jar:/home/user/.m2/repository/io/netty/netty-handler/4.1.30.Final/netty-handler-4.1.30.Final.jar:/home/user/.m2/repository/io/netty/netty-handler-proxy/4.1.30.Final/netty-handler-proxy-4.1.30.Final.jar:/home/user/.m2/repository/io/netty/netty-codec-socks/4.1.30.Final/netty-codec-socks-4.1.30.Final.jar:/home/user/.m2/repository/io/netty/netty-transport-native-epoll/4.1.30.Final/netty-transport-native-epoll-4.1.30.Final.jar:/home/user/.m2/repository/io/netty/netty-common/4.1.30.Final/netty-common-4.1.30.Final.jar:/home/user/.m2/repository/io/netty/netty-buffer/4.1.30.Final/netty-buffer-4.1.30.Final.jar:/home/user/.m2/repository/io/netty/netty-transport/4.1.30.Final/netty-transport-4.1.30.Final.jar:/home/user/.m2/repository/io/netty/netty-resolver/4.1.30.Final/netty-resolver-4.1.30.Final.jar:/home/user/.m2/repository/io/netty/netty-transport-native-unix-common/4.1.30.Final/netty-transport-native-unix-common-4.1.30.Final.jar:/home/user/.m2/repository/io/grpc/grpc-protobuf/1.17.1/grpc-protobuf-1.17.1.jar:/home/user/.m2/repository/com/google/api/grpc/proto-google-common-protos/1.0.0/proto-google-common-protos-1.0.0.jar:/home/user/.m2/repository/io/grpc/grpc-protobuf-lite/1.17.1/grpc-protobuf-lite-1.17.1.jar:/home/user/.m2/repository/io/grpc/grpc-stub/1.17.1/grpc-stub-1.17.1.jar:/home/user/.m2/repository/org/apache/hadoop/hadoop-ozone-recon/0.5.0-SNAPSHOT/hadoop-ozone-recon-0.5.0-SNAPSHOT.jar:/home/user/.m2/repository/org/apache/hadoop/hadoop-ozone-reconcodegen/0.5.0-SNAPSHOT/hadoop-ozone-reconcodegen-0.5.0-SNAPSHOT.jar:/home/user/.m2/repository/com/google/inject/extensions/guice-multibindings/4.0/guice-multibindings-4.0.jar:/home/user/.m2/repository/com/google/inject/guice/4.0/guice-4.0.jar:/home/user/.m2/repository/aopalliance/aopalliance/1.0/aopalliance-1.0.jar:/home/user/.m2/repository/com/google/inject/extensions/guice-servlet/4.0/guice-servlet-4.0.jar:/home/user/.m2/repository/org/glassfish/jersey/containers/jersey-container-servlet/2.27/jersey-container-servlet-2.27.jar:/home/user/.m2/repository/org/glassfish/hk2/guice-bridge/2.5.0/guice-bridge-2.5.0.jar:/home/user/.m2/repository/org/glassfish/jersey/core/jersey-server/2.27/jersey-server-2.27.jar:/home/user/.m2/repository/org/glassfish/jersey/core/jersey-client/2.27/jersey-client-2.27.jar:/home/user/.m2/repository/org/glassfish/jersey/media/jersey-media-jaxb/2.27/jersey-media-jaxb-2.27.jar:/home/user/.m2/repository/javax/validation/validation-api/1.1.0.Final/validation-api-1.1.0.Final.jar:/home/user/.m2/repository/org/glassfish/jersey/media/jersey-media-json-jackson/2.27/jersey-media-json-jackson-2.27.jar:/home/user/.m2/repository/org/glassfish/jersey/ext/jersey-entity-filtering/2.27/jersey-entity-filtering-2.27.jar:/home/user/.m2/repository/com/google/inject/extensions/guice-assistedinject/4.0/guice-assistedinject-4.0.jar:/home/user/.m2/repository/org/jooq/jooq/3.11.10/jooq-3.11.10.jar:/home/user/.m2/repository/org/jooq/jooq-meta/3.11.10/jooq-meta-3.11.10.jar:/home/user/.m2/repository/org/jooq/jooq-codegen/3.11.10/jooq-codegen-3.11.10.jar:/home/user/.m2/repository/com/jolbox/bonecp/0.8.0.RELEASE/bonecp-0.8.0.RELEASE.jar:/home/user/.m2/repository/org/springframework/spring-jdbc/5.1.3.RELEASE/spring-jdbc-5.1.3.RELEASE.jar:/home/user/.m2/repository/org/springframework/spring-beans/5.1.3.RELEASE/spring-beans-5.1.3.RELEASE.jar:/home/user/.m2/repository/org/springframework/spring-core/5.1.3.RELEASE/spring-core-5.1.3.RELEASE.jar:/home/user/.m2/repository/org/springframework/spring-jcl/5.1.3.RELEASE/spring-jcl-5.1.3.RELEASE.jar:/home/user/.m2/repository/org/springframework/spring-tx/5.1.3.RELEASE/spring-tx-5.1.3.RELEASE.jar:/home/user/.m2/repository/org/mockito/mockito-core/2.15.0/mockito-core-2.15.0.jar:/home/user/.m2/repository/net/bytebuddy/byte-buddy/1.7.9/byte-buddy-1.7.9.jar:/home/user/.m2/repository/net/bytebuddy/byte-buddy-agent/1.7.9/byte-buddy-agent-1.7.9.jar:/home/user/.m2/repository/org/objenesis/objenesis/1.0/objenesis-1.0.jar:"/>
    <property name="java.vm.vendor" value="IcedTea"/>
    <property name="sun.arch.data.model" value="64"/>
    <property name="test.build.dir" value="/workdir/hadoop-ozone/tools/target/test-dir"/>
    <property name="test.cache.data" value=""/>
    <property name="java.vendor.url" value="https://icedtea.classpath.org"/>
    <property name="user.timezone" value=""/>
    <property name="java.vm.specification.version" value="1.8"/>
    <property name="os.name" value="Linux"/>
    <property name="test.build.data" value="/workdir/hadoop-ozone/tools/target/test-dir"/>
    <property name="user.country" value="US"/>
    <property name="sun.java.launcher" value="SUN_STANDARD"/>
    <property name="sun.boot.library.path" value="/usr/lib/jvm/java-1.8-openjdk/jre/lib/amd64"/>
    <property name="sun.java.command" value="/workdir/hadoop-ozone/tools/target/surefire/surefirebooter1980953632682158644.jar /workdir/hadoop-ozone/tools/target/surefire 2019-09-25T03-07-58_965-jvmRun1 surefire6460137938557225423tmp surefire_1075190098777790586648tmp"/>
    <property name="test" value="!TestMiniChaosOzoneCluster"/>
    <property name="surefire.test.class.path" value="/workdir/hadoop-ozone/tools/target/test-classes:/workdir/hadoop-ozone/tools/target/classes:/home/user/.m2/repository/org/apache/hadoop/hadoop-ozone-ozone-manager/0.5.0-SNAPSHOT/hadoop-ozone-ozone-manager-0.5.0-SNAPSHOT.jar:/home/user/.m2/repository/org/apache/hadoop/hadoop-hdds-docs/0.5.0-SNAPSHOT/hadoop-hdds-docs-0.5.0-SNAPSHOT.jar:/home/user/.m2/repository/org/bouncycastle/bcprov-jdk15on/1.60/bcprov-jdk15on-1.60.jar:/home/user/.m2/repository/org/apache/hadoop/hadoop-ozone-common/0.5.0-SNAPSHOT/hadoop-ozone-common-0.5.0-SNAPSHOT.jar:/home/user/.m2/repository/org/apache/commons/commons-compress/1.4.1/commons-compress-1.4.1.jar:/home/user/.m2/repository/org/tukaani/xz/1.0/xz-1.0.jar:/home/user/.m2/repository/org/apache/hadoop/hadoop-hdfs-client/3.2.0/hadoop-hdfs-client-3.2.0.jar:/home/user/.m2/repository/com/fasterxml/jackson/core/jackson-annotations/2.9.9/jackson-annotations-2.9.9.jar:/home/user/.m2/repository/org/apache/hadoop/hadoop-hdds-common/0.5.0-SNAPSHOT/hadoop-hdds-common-0.5.0-SNAPSHOT.jar:/home/user/.m2/repository/org/apache/hadoop/hadoop-hdds-config/0.5.0-SNAPSHOT/hadoop-hdds-config-0.5.0-SNAPSHOT.jar:/home/user/.m2/repository/javax/annotation/javax.annotation-api/1.2/javax.annotation-api-1.2.jar:/home/user/.m2/repository/org/apache/ratis/ratis-server/0.4.0/ratis-server-0.4.0.jar:/home/user/.m2/repository/org/apache/ratis/ratis-thirdparty-misc/0.2.0/ratis-thirdparty-misc-0.2.0.jar:/home/user/.m2/repository/org/apache/ratis/ratis-proto/0.4.0/ratis-proto-0.4.0.jar:/home/user/.m2/repository/org/apache/ratis/ratis-common/0.4.0/ratis-common-0.4.0.jar:/home/user/.m2/repository/org/apache/ratis/ratis-client/0.4.0/ratis-client-0.4.0.jar:/home/user/.m2/repository/org/apache/ratis/ratis-metrics/0.4.0/ratis-metrics-0.4.0.jar:/home/user/.m2/repository/com/github/joshelser/dropwizard-metrics-hadoop-metrics2-reporter/0.1.2/dropwizard-metrics-hadoop-metrics2-reporter-0.1.2.jar:/home/user/.m2/repository/io/dropwizard/metrics/metrics-jvm/3.2.5/metrics-jvm-3.2.5.jar:/home/user/.m2/repository/io/dropwizard/metrics/metrics-ganglia/3.2.5/metrics-ganglia-3.2.5.jar:/home/user/.m2/repository/info/ganglia/gmetric4j/gmetric4j/1.0.7/gmetric4j-1.0.7.jar:/home/user/.m2/repository/org/apache/ratis/ratis-netty/0.4.0/ratis-netty-0.4.0.jar:/home/user/.m2/repository/org/apache/ratis/ratis-grpc/0.4.0/ratis-grpc-0.4.0.jar:/home/user/.m2/repository/org/rocksdb/rocksdbjni/6.0.1/rocksdbjni-6.0.1.jar:/home/user/.m2/repository/org/apache/logging/log4j/log4j-api/2.11.0/log4j-api-2.11.0.jar:/home/user/.m2/repository/org/apache/logging/log4j/log4j-core/2.11.0/log4j-core-2.11.0.jar:/home/user/.m2/repository/com/lmax/disruptor/3.4.2/disruptor-3.4.2.jar:/home/user/.m2/repository/org/apache/commons/commons-pool2/2.6.0/commons-pool2-2.6.0.jar:/home/user/.m2/repository/org/bouncycastle/bcpkix-jdk15on/1.60/bcpkix-jdk15on-1.60.jar:/home/user/.m2/repository/commons-validator/commons-validator/1.6/commons-validator-1.6.jar:/home/user/.m2/repository/commons-digester/commons-digester/1.8.1/commons-digester-1.8.1.jar:/home/user/.m2/repository/io/jaegertracing/jaeger-client/0.34.0/jaeger-client-0.34.0.jar:/home/user/.m2/repository/io/jaegertracing/jaeger-thrift/0.34.0/jaeger-thrift-0.34.0.jar:/home/user/.m2/repository/org/apache/thrift/libthrift/0.12.0/libthrift-0.12.0.jar:/home/user/.m2/repository/com/squareup/okhttp3/okhttp/3.9.0/okhttp-3.9.0.jar:/home/user/.m2/repository/com/squareup/okio/okio/1.13.0/okio-1.13.0.jar:/home/user/.m2/repository/io/jaegertracing/jaeger-core/0.34.0/jaeger-core-0.34.0.jar:/home/user/.m2/repository/io/jaegertracing/jaeger-tracerresolver/0.34.0/jaeger-tracerresolver-0.34.0.jar:/home/user/.m2/repository/io/opentracing/contrib/opentracing-tracerresolver/0.1.5/opentracing-tracerresolver-0.1.5.jar:/home/user/.m2/repository/io/opentracing/opentracing-util/0.31.0/opentracing-util-0.31.0.jar:/home/user/.m2/repository/io/opentracing/opentracing-api/0.31.0/opentracing-api-0.31.0.jar:/home/user/.m2/repository/io/opentracing/opentracing-noop/0.31.0/opentracing-noop-0.31.0.jar:/home/user/.m2/repository/org/yaml/snakeyaml/1.16/snakeyaml-1.16.jar:/home/user/.m2/repository/org/apache/hadoop/hadoop-hdds-container-service/0.5.0-SNAPSHOT/hadoop-hdds-container-service-0.5.0-SNAPSHOT.jar:/home/user/.m2/repository/org/apache/hadoop/hadoop-hdds-client/0.5.0-SNAPSHOT/hadoop-hdds-client-0.5.0-SNAPSHOT.jar:/home/user/.m2/repository/org/apache/hadoop/hadoop-hdds-tools/0.5.0-SNAPSHOT/hadoop-hdds-tools-0.5.0-SNAPSHOT.jar:/home/user/.m2/repository/org/xerial/sqlite-jdbc/3.25.2/sqlite-jdbc-3.25.2.jar:/home/user/.m2/repository/org/apache/hadoop/hadoop-hdds-server-scm/0.5.0-SNAPSHOT/hadoop-hdds-server-scm-0.5.0-SNAPSHOT.jar:/home/user/.m2/repository/org/hamcrest/hamcrest-all/1.3/hamcrest-all-1.3.jar:/home/user/.m2/repository/info/picocli/picocli/3.9.6/picocli-3.9.6.jar:/home/user/.m2/repository/com/google/protobuf/protobuf-java/2.5.0/protobuf-java-2.5.0.jar:/home/user/.m2/repository/com/google/guava/guava/11.0.2/guava-11.0.2.jar:/home/user/.m2/repository/org/apache/hadoop/hadoop-ozone-client/0.5.0-SNAPSHOT/hadoop-ozone-client-0.5.0-SNAPSHOT.jar:/workdir/hadoop-ozone/ozonefs/target/classes:/home/user/.m2/repository/org/apache/hadoop/hadoop-hdds-server-framework/0.5.0-SNAPSHOT/hadoop-hdds-server-framework-0.5.0-SNAPSHOT.jar:/home/user/.m2/repository/org/apache/hadoop/hadoop-common/3.2.0/hadoop-common-3.2.0.jar:/home/user/.m2/repository/org/apache/hadoop/hadoop-annotations/3.2.0/hadoop-annotations-3.2.0.jar:/usr/lib/jvm/java-1.8-openjdk/jre/../lib/tools.jar:/home/user/.m2/repository/commons-cli/commons-cli/1.2/commons-cli-1.2.jar:/home/user/.m2/repository/org/apache/commons/commons-math3/3.1.1/commons-math3-3.1.1.jar:/home/user/.m2/repository/org/apache/httpcomponents/httpclient/4.5.2/httpclient-4.5.2.jar:/home/user/.m2/repository/org/apache/httpcomponents/httpcore/4.4.4/httpcore-4.4.4.jar:/home/user/.m2/repository/commons-codec/commons-codec/1.11/commons-codec-1.11.jar:/home/user/.m2/repository/commons-io/commons-io/2.5/commons-io-2.5.jar:/home/user/.m2/repository/commons-net/commons-net/3.6/commons-net-3.6.jar:/home/user/.m2/repository/commons-collections/commons-collections/3.2.2/commons-collections-3.2.2.jar:/home/user/.m2/repository/javax/servlet/javax.servlet-api/3.1.0/javax.servlet-api-3.1.0.jar:/home/user/.m2/repository/org/eclipse/jetty/jetty-server/9.3.25.v20180904/jetty-server-9.3.25.v20180904.jar:/home/user/.m2/repository/org/eclipse/jetty/jetty-http/9.3.25.v20180904/jetty-http-9.3.25.v20180904.jar:/home/user/.m2/repository/org/eclipse/jetty/jetty-io/9.3.25.v20180904/jetty-io-9.3.25.v20180904.jar:/home/user/.m2/repository/org/eclipse/jetty/jetty-util/9.3.25.v20180904/jetty-util-9.3.25.v20180904.jar:/home/user/.m2/repository/org/eclipse/jetty/jetty-servlet/9.3.25.v20180904/jetty-servlet-9.3.25.v20180904.jar:/home/user/.m2/repository/org/eclipse/jetty/jetty-security/9.3.25.v20180904/jetty-security-9.3.25.v20180904.jar:/home/user/.m2/repository/org/eclipse/jetty/jetty-webapp/9.3.25.v20180904/jetty-webapp-9.3.25.v20180904.jar:/home/user/.m2/repository/org/eclipse/jetty/jetty-xml/9.3.25.v20180904/jetty-xml-9.3.25.v20180904.jar:/home/user/.m2/repository/javax/servlet/jsp/jsp-api/2.1/jsp-api-2.1.jar:/home/user/.m2/repository/com/sun/jersey/jersey-core/1.19/jersey-core-1.19.jar:/home/user/.m2/repository/javax/ws/rs/jsr311-api/1.1.1/jsr311-api-1.1.1.jar:/home/user/.m2/repository/com/sun/jersey/jersey-servlet/1.19/jersey-servlet-1.19.jar:/home/user/.m2/repository/com/sun/jersey/jersey-json/1.19/jersey-json-1.19.jar:/home/user/.m2/repository/org/codehaus/jettison/jettison/1.1/jettison-1.1.jar:/home/user/.m2/repository/com/sun/xml/bind/jaxb-impl/2.3.0.1/jaxb-impl-2.3.0.1.jar:/home/user/.m2/repository/org/codehaus/jackson/jackson-core-asl/1.9.13/jackson-core-asl-1.9.13.jar:/home/user/.m2/repository/org/codehaus/jackson/jackson-mapper-asl/1.9.13/jackson-mapper-asl-1.9.13.jar:/home/user/.m2/repository/org/codehaus/jackson/jackson-jaxrs/1.9.13/jackson-jaxrs-1.9.13.jar:/home/user/.m2/repository/org/codehaus/jackson/jackson-xc/1.9.13/jackson-xc-1.9.13.jar:/home/user/.m2/repository/com/sun/jersey/jersey-server/1.19/jersey-server-1.19.jar:/home/user/.m2/repository/commons-logging/commons-logging/1.1.3/commons-logging-1.1.3.jar:/home/user/.m2/repository/log4j/log4j/1.2.17/log4j-1.2.17.jar:/home/user/.m2/repository/commons-beanutils/commons-beanutils/1.9.4/commons-beanutils-1.9.4.jar:/home/user/.m2/repository/org/apache/commons/commons-configuration2/2.1.1/commons-configuration2-2.1.1.jar:/home/user/.m2/repository/org/apache/commons/commons-lang3/3.7/commons-lang3-3.7.jar:/home/user/.m2/repository/org/apache/commons/commons-text/1.4/commons-text-1.4.jar:/home/user/.m2/repository/org/slf4j/slf4j-api/1.7.25/slf4j-api-1.7.25.jar:/home/user/.m2/repository/org/slf4j/slf4j-log4j12/1.7.25/slf4j-log4j12-1.7.25.jar:/home/user/.m2/repository/org/apache/avro/avro/1.7.7/avro-1.7.7.jar:/home/user/.m2/repository/com/thoughtworks/paranamer/paranamer/2.3/paranamer-2.3.jar:/home/user/.m2/repository/org/xerial/snappy/snappy-java/1.0.5/snappy-java-1.0.5.jar:/home/user/.m2/repository/com/google/re2j/re2j/1.1/re2j-1.1.jar:/home/user/.m2/repository/com/google/code/gson/gson/2.2.4/gson-2.2.4.jar:/home/user/.m2/repository/org/apache/hadoop/hadoop-auth/3.2.0/hadoop-auth-3.2.0.jar:/home/user/.m2/repository/com/nimbusds/nimbus-jose-jwt/4.41.1/nimbus-jose-jwt-4.41.1.jar:/home/user/.m2/repository/com/github/stephenc/jcip/jcip-annotations/1.0-1/jcip-annotations-1.0-1.jar:/home/user/.m2/repository/net/minidev/json-smart/2.3/json-smart-2.3.jar:/home/user/.m2/repository/net/minidev/accessors-smart/1.2/accessors-smart-1.2.jar:/home/user/.m2/repository/org/apache/curator/curator-framework/2.12.0/curator-framework-2.12.0.jar:/home/user/.m2/repository/com/jcraft/jsch/0.1.54/jsch-0.1.54.jar:/home/user/.m2/repository/org/apache/curator/curator-client/2.12.0/curator-client-2.12.0.jar:/home/user/.m2/repository/org/apache/curator/curator-recipes/2.12.0/curator-recipes-2.12.0.jar:/home/user/.m2/repository/com/google/code/findbugs/jsr305/3.0.0/jsr305-3.0.0.jar:/home/user/.m2/repository/org/apache/htrace/htrace-core4/4.1.0-incubating/htrace-core4-4.1.0-incubating.jar:/home/user/.m2/repository/org/apache/zookeeper/zookeeper/3.4.13/zookeeper-3.4.13.jar:/home/user/.m2/repository/jline/jline/0.9.94/jline-0.9.94.jar:/home/user/.m2/repository/org/apache/yetus/audience-annotations/0.5.0/audience-annotations-0.5.0.jar:/home/user/.m2/repository/org/apache/kerby/kerb-simplekdc/1.0.1/kerb-simplekdc-1.0.1.jar:/home/user/.m2/repository/org/apache/kerby/kerb-client/1.0.1/kerb-client-1.0.1.jar:/home/user/.m2/repository/org/apache/kerby/kerby-config/1.0.1/kerby-config-1.0.1.jar:/home/user/.m2/repository/org/apache/kerby/kerb-core/1.0.1/kerb-core-1.0.1.jar:/home/user/.m2/repository/org/apache/kerby/kerby-pkix/1.0.1/kerby-pkix-1.0.1.jar:/home/user/.m2/repository/org/apache/kerby/kerby-asn1/1.0.1/kerby-asn1-1.0.1.jar:/home/user/.m2/repository/org/apache/kerby/kerby-util/1.0.1/kerby-util-1.0.1.jar:/home/user/.m2/repository/org/apache/kerby/kerb-common/1.0.1/kerb-common-1.0.1.jar:/home/user/.m2/repository/org/apache/kerby/kerb-crypto/1.0.1/kerb-crypto-1.0.1.jar:/home/user/.m2/repository/org/apache/kerby/kerb-util/1.0.1/kerb-util-1.0.1.jar:/home/user/.m2/repository/org/apache/kerby/token-provider/1.0.1/token-provider-1.0.1.jar:/home/user/.m2/repository/org/apache/kerby/kerb-admin/1.0.1/kerb-admin-1.0.1.jar:/home/user/.m2/repository/org/apache/kerby/kerb-server/1.0.1/kerb-server-1.0.1.jar:/home/user/.m2/repository/org/apache/kerby/kerb-identity/1.0.1/kerb-identity-1.0.1.jar:/home/user/.m2/repository/org/apache/kerby/kerby-xdr/1.0.1/kerby-xdr-1.0.1.jar:/home/user/.m2/repository/com/fasterxml/jackson/core/jackson-databind/2.9.9/jackson-databind-2.9.9.jar:/home/user/.m2/repository/com/fasterxml/jackson/core/jackson-core/2.9.9/jackson-core-2.9.9.jar:/home/user/.m2/repository/org/codehaus/woodstox/stax2-api/3.1.4/stax2-api-3.1.4.jar:/home/user/.m2/repository/com/fasterxml/woodstox/woodstox-core/5.0.3/woodstox-core-5.0.3.jar:/home/user/.m2/repository/dnsjava/dnsjava/2.1.7/dnsjava-2.1.7.jar:/home/user/.m2/repository/org/apache/hadoop/hadoop-hdfs/3.2.0/hadoop-hdfs-3.2.0.jar:/home/user/.m2/repository/org/eclipse/jetty/jetty-util-ajax/9.3.25.v20180904/jetty-util-ajax-9.3.25.v20180904.jar:/home/user/.m2/repository/commons-daemon/commons-daemon/1.0.13/commons-daemon-1.0.13.jar:/home/user/.m2/repository/io/netty/netty/3.10.5.Final/netty-3.10.5.Final.jar:/home/user/.m2/repository/io/netty/netty-all/4.0.52.Final/netty-all-4.0.52.Final.jar:/home/user/.m2/repository/org/fusesource/leveldbjni/leveldbjni-all/1.8/leveldbjni-all-1.8.jar:/home/user/.m2/repository/com/sun/xml/bind/jaxb-core/2.3.0.1/jaxb-core-2.3.0.1.jar:/home/user/.m2/repository/javax/xml/bind/jaxb-api/2.3.0/jaxb-api-2.3.0.jar:/home/user/.m2/repository/javax/activation/activation/1.1.1/activation-1.1.1.jar:/home/user/.m2/repository/io/dropwizard/metrics/metrics-core/3.2.4/metrics-core-3.2.4.jar:/home/user/.m2/repository/org/openjdk/jmh/jmh-core/1.19/jmh-core-1.19.jar:/home/user/.m2/repository/net/sf/jopt-simple/jopt-simple/4.6/jopt-simple-4.6.jar:/home/user/.m2/repository/org/openjdk/jmh/jmh-generator-annprocess/1.19/jmh-generator-annprocess-1.19.jar:/home/user/.m2/repository/com/amazonaws/aws-java-sdk-s3/1.11.615/aws-java-sdk-s3-1.11.615.jar:/home/user/.m2/repository/com/amazonaws/aws-java-sdk-kms/1.11.615/aws-java-sdk-kms-1.11.615.jar:/home/user/.m2/repository/com/amazonaws/aws-java-sdk-core/1.11.615/aws-java-sdk-core-1.11.615.jar:/home/user/.m2/repository/software/amazon/ion/ion-java/1.0.2/ion-java-1.0.2.jar:/home/user/.m2/repository/com/fasterxml/jackson/dataformat/jackson-dataformat-cbor/2.9.9/jackson-dataformat-cbor-2.9.9.jar:/home/user/.m2/repository/joda-time/joda-time/2.9.9/joda-time-2.9.9.jar:/home/user/.m2/repository/com/amazonaws/jmespath-java/1.11.615/jmespath-java-1.11.615.jar:/home/user/.m2/repository/com/google/code/findbugs/findbugs/3.0.1/findbugs-3.0.1.jar:/home/user/.m2/repository/net/jcip/jcip-annotations/1.0/jcip-annotations-1.0.jar:/home/user/.m2/repository/com/google/code/findbugs/bcel-findbugs/6.0/bcel-findbugs-6.0.jar:/home/user/.m2/repository/com/google/code/findbugs/jFormatString/2.0.1/jFormatString-2.0.1.jar:/home/user/.m2/repository/dom4j/dom4j/1.6.1/dom4j-1.6.1.jar:/home/user/.m2/repository/xml-apis/xml-apis/1.0.b2/xml-apis-1.0.b2.jar:/home/user/.m2/repository/org/ow2/asm/asm-debug-all/5.0.2/asm-debug-all-5.0.2.jar:/home/user/.m2/repository/org/ow2/asm/asm-commons/5.0.2/asm-commons-5.0.2.jar:/home/user/.m2/repository/org/ow2/asm/asm-tree/5.0.2/asm-tree-5.0.2.jar:/home/user/.m2/repository/org/ow2/asm/asm/5.0.4/asm-5.0.4.jar:/home/user/.m2/repository/commons-lang/commons-lang/2.6/commons-lang-2.6.jar:/home/user/.m2/repository/com/apple/AppleJavaExtensions/1.4/AppleJavaExtensions-1.4.jar:/home/user/.m2/repository/jaxen/jaxen/1.1.6/jaxen-1.1.6.jar:/home/user/.m2/repository/junit/junit/4.11/junit-4.11.jar:/home/user/.m2/repository/org/hamcrest/hamcrest-core/1.3/hamcrest-core-1.3.jar:/home/user/.m2/repository/org/apache/hadoop/hadoop-common/3.2.0/hadoop-common-3.2.0-tests.jar:/workdir/hadoop-ozone/integration-test/target/test-classes:/home/user/.m2/repository/org/apache/hadoop/hadoop-ozone-s3gateway/0.5.0-SNAPSHOT/hadoop-ozone-s3gateway-0.5.0-SNAPSHOT.jar:/home/user/.m2/repository/org/jboss/weld/servlet/weld-servlet/2.4.7.Final/weld-servlet-2.4.7.Final.jar:/home/user/.m2/repository/org/glassfish/jersey/containers/jersey-container-servlet-core/2.27/jersey-container-servlet-core-2.27.jar:/home/user/.m2/repository/org/glassfish/hk2/external/javax.inject/2.5.0-b42/javax.inject-2.5.0-b42.jar:/home/user/.m2/repository/org/glassfish/jersey/core/jersey-common/2.27/jersey-common-2.27.jar:/home/user/.m2/repository/org/glassfish/hk2/osgi-resource-locator/1.0.1/osgi-resource-locator-1.0.1.jar:/home/user/.m2/repository/javax/ws/rs/javax.ws.rs-api/2.1/javax.ws.rs-api-2.1.jar:/home/user/.m2/repository/org/glassfish/jersey/ext/cdi/jersey-cdi1x/2.27/jersey-cdi1x-2.27.jar:/home/user/.m2/repository/org/glassfish/jersey/inject/jersey-hk2/2.27/jersey-hk2-2.27.jar:/home/user/.m2/repository/org/glassfish/hk2/hk2-locator/2.5.0-b42/hk2-locator-2.5.0-b42.jar:/home/user/.m2/repository/org/javassist/javassist/3.22.0-CR2/javassist-3.22.0-CR2.jar:/home/user/.m2/repository/org/glassfish/hk2/hk2-api/2.5.0/hk2-api-2.5.0.jar:/home/user/.m2/repository/org/glassfish/hk2/external/jakarta.inject/2.5.0/jakarta.inject-2.5.0.jar:/home/user/.m2/repository/org/glassfish/hk2/hk2-utils/2.5.0/hk2-utils-2.5.0.jar:/home/user/.m2/repository/jakarta/annotation/jakarta.annotation-api/1.3.4/jakarta.annotation-api-1.3.4.jar:/home/user/.m2/repository/org/glassfish/hk2/external/aopalliance-repackaged/2.5.0/aopalliance-repackaged-2.5.0.jar:/home/user/.m2/repository/com/fasterxml/jackson/dataformat/jackson-dataformat-xml/2.9.0/jackson-dataformat-xml-2.9.0.jar:/home/user/.m2/repository/com/fasterxml/jackson/module/jackson-module-jaxb-annotations/2.9.9/jackson-module-jaxb-annotations-2.9.9.jar:/home/user/.m2/repository/javax/enterprise/cdi-api/1.2/cdi-api-1.2.jar:/home/user/.m2/repository/javax/el/javax.el-api/3.0.0/javax.el-api-3.0.0.jar:/home/user/.m2/repository/javax/interceptor/javax.interceptor-api/1.2/javax.interceptor-api-1.2.jar:/home/user/.m2/repository/javax/inject/javax.inject/1/javax.inject-1.jar:/home/user/.m2/repository/org/apache/hadoop/hadoop-ozone-csi/0.5.0-SNAPSHOT/hadoop-ozone-csi-0.5.0-SNAPSHOT.jar:/home/user/.m2/repository/com/google/protobuf/protobuf-java-util/3.5.1/protobuf-java-util-3.5.1.jar:/home/user/.m2/repository/io/grpc/grpc-netty/1.17.1/grpc-netty-1.17.1.jar:/home/user/.m2/repository/io/grpc/grpc-core/1.17.1/grpc-core-1.17.1.jar:/home/user/.m2/repository/io/grpc/grpc-context/1.17.1/grpc-context-1.17.1.jar:/home/user/.m2/repository/com/google/errorprone/error_prone_annotations/2.2.0/error_prone_annotations-2.2.0.jar:/home/user/.m2/repository/org/codehaus/mojo/animal-sniffer-annotations/1.17/animal-sniffer-annotations-1.17.jar:/home/user/.m2/repository/io/opencensus/opencensus-api/0.17.0/opencensus-api-0.17.0.jar:/home/user/.m2/repository/io/opencensus/opencensus-contrib-grpc-metrics/0.17.0/opencensus-contrib-grpc-metrics-0.17.0.jar:/home/user/.m2/repository/io/netty/netty-codec-http2/4.1.30.Final/netty-codec-http2-4.1.30.Final.jar:/home/user/.m2/repository/io/netty/netty-codec-http/4.1.30.Final/netty-codec-http-4.1.30.Final.jar:/home/user/.m2/repository/io/netty/netty-codec/4.1.30.Final/netty-codec-4.1.30.Final.jar:/home/user/.m2/repository/io/netty/netty-handler/4.1.30.Final/netty-handler-4.1.30.Final.jar:/home/user/.m2/repository/io/netty/netty-handler-proxy/4.1.30.Final/netty-handler-proxy-4.1.30.Final.jar:/home/user/.m2/repository/io/netty/netty-codec-socks/4.1.30.Final/netty-codec-socks-4.1.30.Final.jar:/home/user/.m2/repository/io/netty/netty-transport-native-epoll/4.1.30.Final/netty-transport-native-epoll-4.1.30.Final.jar:/home/user/.m2/repository/io/netty/netty-common/4.1.30.Final/netty-common-4.1.30.Final.jar:/home/user/.m2/repository/io/netty/netty-buffer/4.1.30.Final/netty-buffer-4.1.30.Final.jar:/home/user/.m2/repository/io/netty/netty-transport/4.1.30.Final/netty-transport-4.1.30.Final.jar:/home/user/.m2/repository/io/netty/netty-resolver/4.1.30.Final/netty-resolver-4.1.30.Final.jar:/home/user/.m2/repository/io/netty/netty-transport-native-unix-common/4.1.30.Final/netty-transport-native-unix-common-4.1.30.Final.jar:/home/user/.m2/repository/io/grpc/grpc-protobuf/1.17.1/grpc-protobuf-1.17.1.jar:/home/user/.m2/repository/com/google/api/grpc/proto-google-common-protos/1.0.0/proto-google-common-protos-1.0.0.jar:/home/user/.m2/repository/io/grpc/grpc-protobuf-lite/1.17.1/grpc-protobuf-lite-1.17.1.jar:/home/user/.m2/repository/io/grpc/grpc-stub/1.17.1/grpc-stub-1.17.1.jar:/home/user/.m2/repository/org/apache/hadoop/hadoop-ozone-recon/0.5.0-SNAPSHOT/hadoop-ozone-recon-0.5.0-SNAPSHOT.jar:/home/user/.m2/repository/org/apache/hadoop/hadoop-ozone-reconcodegen/0.5.0-SNAPSHOT/hadoop-ozone-reconcodegen-0.5.0-SNAPSHOT.jar:/home/user/.m2/repository/com/google/inject/extensions/guice-multibindings/4.0/guice-multibindings-4.0.jar:/home/user/.m2/repository/com/google/inject/guice/4.0/guice-4.0.jar:/home/user/.m2/repository/aopalliance/aopalliance/1.0/aopalliance-1.0.jar:/home/user/.m2/repository/com/google/inject/extensions/guice-servlet/4.0/guice-servlet-4.0.jar:/home/user/.m2/repository/org/glassfish/jersey/containers/jersey-container-servlet/2.27/jersey-container-servlet-2.27.jar:/home/user/.m2/repository/org/glassfish/hk2/guice-bridge/2.5.0/guice-bridge-2.5.0.jar:/home/user/.m2/repository/org/glassfish/jersey/core/jersey-server/2.27/jersey-server-2.27.jar:/home/user/.m2/repository/org/glassfish/jersey/core/jersey-client/2.27/jersey-client-2.27.jar:/home/user/.m2/repository/org/glassfish/jersey/media/jersey-media-jaxb/2.27/jersey-media-jaxb-2.27.jar:/home/user/.m2/repository/javax/validation/validation-api/1.1.0.Final/validation-api-1.1.0.Final.jar:/home/user/.m2/repository/org/glassfish/jersey/media/jersey-media-json-jackson/2.27/jersey-media-json-jackson-2.27.jar:/home/user/.m2/repository/org/glassfish/jersey/ext/jersey-entity-filtering/2.27/jersey-entity-filtering-2.27.jar:/home/user/.m2/repository/com/google/inject/extensions/guice-assistedinject/4.0/guice-assistedinject-4.0.jar:/home/user/.m2/repository/org/jooq/jooq/3.11.10/jooq-3.11.10.jar:/home/user/.m2/repository/org/jooq/jooq-meta/3.11.10/jooq-meta-3.11.10.jar:/home/user/.m2/repository/org/jooq/jooq-codegen/3.11.10/jooq-codegen-3.11.10.jar:/home/user/.m2/repository/com/jolbox/bonecp/0.8.0.RELEASE/bonecp-0.8.0.RELEASE.jar:/home/user/.m2/repository/org/springframework/spring-jdbc/5.1.3.RELEASE/spring-jdbc-5.1.3.RELEASE.jar:/home/user/.m2/repository/org/springframework/spring-beans/5.1.3.RELEASE/spring-beans-5.1.3.RELEASE.jar:/home/user/.m2/repository/org/springframework/spring-core/5.1.3.RELEASE/spring-core-5.1.3.RELEASE.jar:/home/user/.m2/repository/org/springframework/spring-jcl/5.1.3.RELEASE/spring-jcl-5.1.3.RELEASE.jar:/home/user/.m2/repository/org/springframework/spring-tx/5.1.3.RELEASE/spring-tx-5.1.3.RELEASE.jar:/home/user/.m2/repository/org/mockito/mockito-core/2.15.0/mockito-core-2.15.0.jar:/home/user/.m2/repository/net/bytebuddy/byte-buddy/1.7.9/byte-buddy-1.7.9.jar:/home/user/.m2/repository/net/bytebuddy/byte-buddy-agent/1.7.9/byte-buddy-agent-1.7.9.jar:/home/user/.m2/repository/org/objenesis/objenesis/1.0/objenesis-1.0.jar:"/>
    <property name="sun.cpu.endian" value="little"/>
    <property name="user.home" value="/home/user"/>
    <property name="user.language" value="en"/>
    <property name="java.specification.vendor" value="Oracle Corporation"/>
    <property name="java.home" value="/usr/lib/jvm/java-1.8-openjdk/jre"/>
    <property name="java.security.krb5.conf" value="/workdir/hadoop-ozone/tools/target/test-classes/krb5.conf"/>
    <property name="basedir" value="/workdir/hadoop-ozone/tools"/>
    <property name="file.separator" value="/"/>
    <property name="line.separator" value="&#10;"/>
    <property name="java.vm.specification.vendor" value="Oracle Corporation"/>
    <property name="java.specification.name" value="Java Platform API Specification"/>
    <property name="java.awt.graphicsenv" value="sun.awt.X11GraphicsEnvironment"/>
    <property name="surefire.real.class.path" value="/workdir/hadoop-ozone/tools/target/surefire/surefirebooter1980953632682158644.jar"/>
    <property name="hadoop.log.dir" value="/workdir/hadoop-ozone/tools/target/log"/>
    <property name="sun.boot.class.path" value="/usr/lib/jvm/java-1.8-openjdk/jre/lib/resources.jar:/usr/lib/jvm/java-1.8-openjdk/jre/lib/rt.jar:/usr/lib/jvm/java-1.8-openjdk/jre/lib/sunrsasign.jar:/usr/lib/jvm/java-1.8-openjdk/jre/lib/jsse.jar:/usr/lib/jvm/java-1.8-openjdk/jre/lib/jce.jar:/usr/lib/jvm/java-1.8-openjdk/jre/lib/charsets.jar:/usr/lib/jvm/java-1.8-openjdk/jre/lib/jfr.jar:/usr/lib/jvm/java-1.8-openjdk/jre/classes"/>
    <property name="sun.management.compiler" value="HotSpot 64-Bit Tiered Compilers"/>
    <property name="java.runtime.version" value="1.8.0_212-b04"/>
    <property name="java.net.preferIPv4Stack" value="true"/>
    <property name="user.name" value="jenkins1000"/>
    <property name="path.separator" value=":"/>
    <property name="java.security.egd" value="file:///dev/urandom"/>
    <property name="os.version" value="3.10.0-957.12.2.el7.x86_64"/>
    <property name="java.endorsed.dirs" value="/usr/lib/jvm/java-1.8-openjdk/jre/lib/endorsed"/>
    <property name="java.runtime.name" value="OpenJDK Runtime Environment"/>
    <property name="file.encoding" value="UTF-8"/>
    <property name="java.vm.name" value="OpenJDK 64-Bit Server VM"/>
    <property name="test.build.webapps" value=""/>
    <property name="localRepository" value="/home/user/.m2/repository"/>
    <property name="java.vendor.url.bug" value="https://icedtea.classpath.org/bugzilla"/>
    <property name="java.io.tmpdir" value="/tmp"/>
    <property name="require.test.libhadoop" value=""/>
    <property name="java.version" value="1.8.0_212"/>
    <property name="user.dir" value="/workdir/hadoop-ozone/tools"/>
    <property name="os.arch" value="amd64"/>
    <property name="java.vm.specification.name" value="Java Virtual Machine Specification"/>
    <property name="test.build.classes" value="/workdir/hadoop-ozone/tools/target/test-classes"/>
    <property name="java.awt.printerjob" value="sun.print.PSPrinterJob"/>
    <property name="sun.os.patch.level" value="unknown"/>
    <property name="hadoop.tmp.dir" value="/workdir/hadoop-ozone/tools/target/tmp"/>
    <property name="java.library.path" value="/usr/lib/jvm/java-1.8-openjdk/jre/lib/amd64/server:/usr/lib/jvm/java-1.8-openjdk/jre/lib/amd64:/usr/lib/jvm/java-1.8-openjdk/jre/../lib/amd64:/workdir/hadoop-ozone/tools/target/native/target/usr/local/lib:/workdir/hadoop-ozone/tools/../../hadoop-common-project/hadoop-common/target/native/target/usr/local/lib:/usr/java/packages/lib/amd64:/usr/lib64:/lib64:/lib:/usr/lib"/>
    <property name="java.vm.info" value="mixed mode"/>
    <property name="java.vendor" value="IcedTea"/>
    <property name="java.vm.version" value="25.212-b04"/>
    <property name="java.ext.dirs" value="/usr/lib/jvm/java-1.8-openjdk/jre/lib/ext:/usr/java/packages/lib/ext"/>
    <property name="sun.io.unicode.encoding" value="UnicodeLittle"/>
    <property name="java.class.version" value="52.0"/>
  </properties>
  <testcase name="ratisTestLargeKey" classname="org.apache.hadoop.ozone.freon.TestDataValidateWithUnsafeByteOperations" time="10.85">
    <error message="Allocated 0 blocks. Requested 5 blocks" type="INTERNAL_ERROR org.apache.hadoop.ozone.om.exceptions.OMException">INTERNAL_ERROR org.apache.hadoop.ozone.om.exceptions.OMException: Allocated 0 blocks. Requested 5 blocks
	at org.apache.hadoop.ozone.om.protocolPB.OzoneManagerProtocolClientSideTranslatorPB.handleError(OzoneManagerProtocolClientSideTranslatorPB.java:732)
	at org.apache.hadoop.ozone.om.protocolPB.OzoneManagerProtocolClientSideTranslatorPB.openKey(OzoneManagerProtocolClientSideTranslatorPB.java:723)
	at sun.reflect.NativeMethodAccessorImpl.invoke0(Native Method)
	at sun.reflect.NativeMethodAccessorImpl.invoke(NativeMethodAccessorImpl.java:62)
	at sun.reflect.DelegatingMethodAccessorImpl.invoke(DelegatingMethodAccessorImpl.java:43)
	at java.lang.reflect.Method.invoke(Method.java:498)
	at org.apache.hadoop.hdds.tracing.TraceAllMethod.invoke(TraceAllMethod.java:66)
	at com.sun.proxy.$Proxy37.openKey(Unknown Source)
	at org.apache.hadoop.ozone.client.rpc.RpcClient.createKey(RpcClient.java:614)
	at org.apache.hadoop.ozone.client.OzoneBucket.createKey(OzoneBucket.java:325)
	at org.apache.hadoop.ozone.freon.RandomKeyGenerator.createKey(RandomKeyGenerator.java:695)
	at org.apache.hadoop.ozone.freon.RandomKeyGenerator.access$1100(RandomKeyGenerator.java:88)
	at org.apache.hadoop.ozone.freon.RandomKeyGenerator$ObjectCreator.run(RandomKeyGenerator.java:615)
	at java.util.concurrent.Executors$RunnableAdapter.call(Executors.java:511)
	at java.util.concurrent.FutureTask.run(FutureTask.java:266)
	at java.util.concurrent.ThreadPoolExecutor.runWorker(ThreadPoolExecutor.java:1149)
	at java.util.concurrent.ThreadPoolExecutor$Worker.run(ThreadPoolExecutor.java:624)
	at java.lang.Thread.run(Thread.java:748)
</error>
    <system-out><![CDATA[2019-09-25 07:28:21,160 [main] WARN  server.ServerUtils (ServerUtils.java:getScmDbDir(145)) - ozone.scm.db.dirs is not configured. We recommend adding this setting. Falling back to ozone.metadata.dirs instead.
2019-09-25 07:28:21,296 [main] WARN  server.ServerUtils (ServerUtils.java:getScmDbDir(145)) - ozone.scm.db.dirs is not configured. We recommend adding this setting. Falling back to ozone.metadata.dirs instead.
2019-09-25 07:28:21,300 [main] WARN  server.ServerUtils (ServerUtils.java:getScmDbDir(145)) - ozone.scm.db.dirs is not configured. We recommend adding this setting. Falling back to ozone.metadata.dirs instead.
2019-09-25 07:28:21,318 [main] INFO  util.log (Log.java:initialized(192)) - Logging initialized @909ms
2019-09-25 07:28:21,420 [main] INFO  db.DBStoreBuilder (DBStoreBuilder.java:addTable(110)) - using custom profile for table: deletedBlocks
2019-09-25 07:28:21,421 [main] INFO  db.DBStoreBuilder (DBStoreBuilder.java:processTables(161)) - Using default column profile:DBProfile.DISK for Table:deletedBlocks
2019-09-25 07:28:21,421 [main] INFO  db.DBStoreBuilder (DBStoreBuilder.java:addTable(110)) - using custom profile for table: validCerts
2019-09-25 07:28:21,421 [main] INFO  db.DBStoreBuilder (DBStoreBuilder.java:processTables(161)) - Using default column profile:DBProfile.DISK for Table:validCerts
2019-09-25 07:28:21,422 [main] INFO  db.DBStoreBuilder (DBStoreBuilder.java:addTable(110)) - using custom profile for table: revokedCerts
2019-09-25 07:28:21,422 [main] INFO  db.DBStoreBuilder (DBStoreBuilder.java:processTables(161)) - Using default column profile:DBProfile.DISK for Table:revokedCerts
2019-09-25 07:28:21,434 [main] INFO  db.DBStoreBuilder (DBStoreBuilder.java:addTable(110)) - using custom profile for table: default
2019-09-25 07:28:21,434 [main] INFO  db.DBStoreBuilder (DBStoreBuilder.java:processTables(167)) - Using default column profile:DBProfile.DISK for Table:default
2019-09-25 07:28:21,436 [main] INFO  db.DBStoreBuilder (DBStoreBuilder.java:getDbProfile(198)) - Using default options. DBProfile.DISK
2019-09-25 07:28:21,664 [main] INFO  net.NodeSchemaLoader (NodeSchemaLoader.java:loadSchemaFromFile(125)) - Loading file from sun.misc.CompoundEnumeration@3e694b3f
2019-09-25 07:28:21,666 [main] INFO  net.NodeSchemaLoader (NodeSchemaLoader.java:loadSchema(171)) - Loading network topology layer schema file
2019-09-25 07:28:21,755 [main] WARN  server.ServerUtils (ServerUtils.java:sanitizeUserArgs(70)) - ozone.scm.stale.node.interval value = 300000 is larger than max = 100000 based on the key value of ozone.scm.heartbeat.thread.interval, reset to the max value 100000.
2019-09-25 07:28:21,758 [main] WARN  server.ServerUtils (ServerUtils.java:sanitizeUserArgs(70)) - ozone.scm.stale.node.interval value = 300000 is larger than max = 100000 based on the key value of ozone.scm.heartbeat.thread.interval, reset to the max value 100000.
2019-09-25 07:28:21,761 [main] INFO  node.SCMNodeManager (SCMNodeManager.java:<init>(114)) - Entering startup safe mode.
2019-09-25 07:28:21,836 [main] INFO  algorithms.ContainerPlacementPolicyFactory (ContainerPlacementPolicyFactory.java:getPolicy(59)) - Create container placement policy of type org.apache.hadoop.hdds.scm.container.placement.algorithms.SCMContainerPlacementRandom
2019-09-25 07:28:21,859 [main] WARN  server.ServerUtils (ServerUtils.java:getScmDbDir(145)) - ozone.scm.db.dirs is not configured. We recommend adding this setting. Falling back to ozone.metadata.dirs instead.
2019-09-25 07:28:21,948 [main] INFO  pipeline.SCMPipelineManager (SCMPipelineManager.java:initializePipelineState(132)) - No pipeline exists in current db
2019-09-25 07:28:21,952 [main] WARN  server.ServerUtils (ServerUtils.java:getScmDbDir(145)) - ozone.scm.db.dirs is not configured. We recommend adding this setting. Falling back to ozone.metadata.dirs instead.
2019-09-25 07:28:22,103 [main] WARN  events.EventQueue (EventQueue.java:fireEvent(183)) - No event handler registered for event TypedEvent{payloadType=SafeModeStatus, name='SafeModeStatus'}
2019-09-25 07:28:22,446 [main] INFO  ipc.CallQueueManager (CallQueueManager.java:<init>(84)) - Using callQueue: class java.util.concurrent.LinkedBlockingQueue, queueCapacity: 2000, scheduler: class org.apache.hadoop.ipc.DefaultRpcScheduler, ipcBackoff: false.
2019-09-25 07:28:22,474 [Socket Reader #1 for port 33191] INFO  ipc.Server (Server.java:run(1074)) - Starting Socket Reader #1 for port 33191
2019-09-25 07:28:22,607 [main] INFO  ipc.CallQueueManager (CallQueueManager.java:<init>(84)) - Using callQueue: class java.util.concurrent.LinkedBlockingQueue, queueCapacity: 2000, scheduler: class org.apache.hadoop.ipc.DefaultRpcScheduler, ipcBackoff: false.
2019-09-25 07:28:22,608 [Socket Reader #1 for port 33386] INFO  ipc.Server (Server.java:run(1074)) - Starting Socket Reader #1 for port 33386
2019-09-25 07:28:22,616 [main] INFO  ipc.CallQueueManager (CallQueueManager.java:<init>(84)) - Using callQueue: class java.util.concurrent.LinkedBlockingQueue, queueCapacity: 2000, scheduler: class org.apache.hadoop.ipc.DefaultRpcScheduler, ipcBackoff: false.
2019-09-25 07:28:22,617 [Socket Reader #1 for port 41610] INFO  ipc.Server (Server.java:run(1074)) - Starting Socket Reader #1 for port 41610
2019-09-25 07:28:22,640 [main] INFO  hdfs.DFSUtil (DFSUtil.java:httpServerTemplateForNNAndJN(1641)) - Starting Web-server for scm at: http://0.0.0.0:0
2019-09-25 07:28:22,773 [main] INFO  server.AuthenticationFilter (AuthenticationFilter.java:constructSecretProvider(240)) - Unable to initialize FileSignerSecretProvider, falling back to use random secrets.
2019-09-25 07:28:22,789 [main] WARN  http.HttpRequestLog (HttpRequestLog.java:getRequestLog(97)) - Jetty request log can only be enabled using Log4j
2019-09-25 07:28:22,799 [main] INFO  http.HttpServer2 (HttpServer2.java:addGlobalFilter(975)) - Added global filter 'safety' (class=org.apache.hadoop.http.HttpServer2$QuotingInputFilter)
2019-09-25 07:28:22,802 [main] INFO  http.HttpServer2 (HttpServer2.java:addFilter(948)) - Added filter static_user_filter (class=org.apache.hadoop.http.lib.StaticUserWebFilter$StaticUserFilter) to context scm
2019-09-25 07:28:22,802 [main] INFO  http.HttpServer2 (HttpServer2.java:addFilter(958)) - Added filter static_user_filter (class=org.apache.hadoop.http.lib.StaticUserWebFilter$StaticUserFilter) to context static
2019-09-25 07:28:22,803 [main] INFO  http.HttpServer2 (HttpServer2.java:addFilter(958)) - Added filter static_user_filter (class=org.apache.hadoop.http.lib.StaticUserWebFilter$StaticUserFilter) to context logs
2019-09-25 07:28:22,837 [main] INFO  server.StorageContainerManager (StorageContainerManager.java:start(770)) - StorageContainerLocationProtocol RPC server is listening at /0.0.0.0:41610
2019-09-25 07:28:22,909 [main] WARN  impl.MetricsConfig (MetricsConfig.java:loadFirst(134)) - Cannot locate configuration: tried hadoop-metrics2-storagecontainermanager.properties,hadoop-metrics2.properties
2019-09-25 07:28:22,924 [main] INFO  impl.MetricsSystemImpl (MetricsSystemImpl.java:startTimer(374)) - Scheduled Metric snapshot period at 10 second(s).
2019-09-25 07:28:22,924 [main] INFO  impl.MetricsSystemImpl (MetricsSystemImpl.java:start(191)) - StorageContainerManager metrics system started
2019-09-25 07:28:23,144 [main] INFO  server.SCMClientProtocolServer (SCMClientProtocolServer.java:start(151)) - RPC server for Client  is listening at /0.0.0.0:41610
2019-09-25 07:28:23,145 [IPC Server Responder] INFO  ipc.Server (Server.java:run(1314)) - IPC Server Responder: starting
2019-09-25 07:28:23,145 [IPC Server listener on 41610] INFO  ipc.Server (Server.java:run(1153)) - IPC Server listener on 41610: starting
2019-09-25 07:28:23,151 [main] INFO  server.StorageContainerManager (StorageContainerManager.java:start(780)) - ScmBlockLocationProtocol RPC server is listening at /0.0.0.0:33386
2019-09-25 07:28:23,153 [main] INFO  server.SCMBlockProtocolServer (SCMBlockProtocolServer.java:start(146)) - RPC server for Block Protocol is listening at /0.0.0.0:33386
2019-09-25 07:28:23,153 [IPC Server Responder] INFO  ipc.Server (Server.java:run(1314)) - IPC Server Responder: starting
2019-09-25 07:28:23,153 [IPC Server listener on 33386] INFO  ipc.Server (Server.java:run(1153)) - IPC Server listener on 33386: starting
2019-09-25 07:28:23,158 [main] INFO  server.StorageContainerManager (StorageContainerManager.java:start(784)) - ScmDatanodeProtocl RPC server is listening at /0.0.0.0:33191
2019-09-25 07:28:23,158 [main] INFO  server.SCMDatanodeProtocolServer (SCMDatanodeProtocolServer.java:start(191)) - RPC server for DataNodes is listening at /0.0.0.0:33191
2019-09-25 07:28:23,159 [IPC Server Responder] INFO  ipc.Server (Server.java:run(1314)) - IPC Server Responder: starting
2019-09-25 07:28:23,159 [IPC Server listener on 33191] INFO  ipc.Server (Server.java:run(1153)) - IPC Server listener on 33191: starting
2019-09-25 07:28:23,168 [main] INFO  http.HttpServer2 (HttpServer2.java:bindListener(1191)) - Jetty bound to port 36415
2019-09-25 07:28:23,171 [main] INFO  server.Server (Server.java:doStart(351)) - jetty-9.3.25.v20180904, build timestamp: 2018-09-04T21:11:46Z, git hash: 3ce520221d0240229c862b122d2b06c12a625732
2019-09-25 07:28:23,222 [main] INFO  handler.ContextHandler (ContextHandler.java:doStart(781)) - Started o.e.j.s.ServletContextHandler@4983159f{/logs,file:///workdir/hadoop-ozone/tools/target/log,AVAILABLE}
2019-09-25 07:28:23,222 [main] INFO  handler.ContextHandler (ContextHandler.java:doStart(781)) - Started o.e.j.s.ServletContextHandler@1d2bd371{/static,jar:file:/home/user/.m2/repository/org/apache/hadoop/hadoop-hdds-server-scm/0.5.0-SNAPSHOT/hadoop-hdds-server-scm-0.5.0-SNAPSHOT.jar!/webapps/static,AVAILABLE}
2019-09-25 07:28:23,298 [main] INFO  handler.ContextHandler (ContextHandler.java:doStart(781)) - Started o.e.j.w.WebAppContext@78461bc4{/,file:///tmp/jetty-0.0.0.0-36415-scm-_-any-6735603525382012722.dir/webapp/,AVAILABLE}{/scm}
2019-09-25 07:28:23,303 [main] INFO  server.AbstractConnector (AbstractConnector.java:doStart(278)) - Started ServerConnector@51f49060{HTTP/1.1,[http/1.1]}{0.0.0.0:36415}
2019-09-25 07:28:23,303 [main] INFO  server.Server (Server.java:doStart(419)) - Started @2894ms
2019-09-25 07:28:23,305 [main] INFO  impl.MetricsSinkAdapter (MetricsSinkAdapter.java:start(204)) - Sink prometheus started
2019-09-25 07:28:23,306 [main] INFO  impl.MetricsSystemImpl (MetricsSystemImpl.java:registerSink(301)) - Registered sink prometheus
2019-09-25 07:28:23,307 [main] INFO  server.BaseHttpServer (BaseHttpServer.java:updateConnectorAddress(215)) - HTTP server of SCM is listening at http://0.0.0.0:36415
2019-09-25 07:28:23,316 [org.apache.hadoop.util.JvmPauseMonitor$Monitor@46ab18da] INFO  util.JvmPauseMonitor (JvmPauseMonitor.java:run(188)) - Starting JVM pause monitor
2019-09-25 07:28:23,321 [main] WARN  server.ServerUtils (ServerUtils.java:getDBPath(222)) - ozone.om.db.dirs is not configured. We recommend adding this setting. Falling back to ozone.metadata.dirs instead.
2019-09-25 07:28:23,452 [main] WARN  server.ServerUtils (ServerUtils.java:getDBPath(222)) - ozone.om.db.dirs is not configured. We recommend adding this setting. Falling back to ozone.metadata.dirs instead.
2019-09-25 07:28:23,452 [main] WARN  server.ServerUtils (ServerUtils.java:getDBPath(222)) - ozone.om.db.dirs is not configured. We recommend adding this setting. Falling back to ozone.metadata.dirs instead.
2019-09-25 07:28:23,453 [main] INFO  om.OzoneManager (OzoneManager.java:setOMNodeDetails(652)) - OM Service ID is not set. Setting it to the default ID: omServiceIdDefault
2019-09-25 07:28:23,454 [main] INFO  om.OzoneManager (OzoneManager.java:setOMNodeDetails(658)) - OM Node ID is not set. Setting it to the OmStorage's OmID: e96a15e2-b57c-485b-b26d-94348e2ae0fc
2019-09-25 07:28:23,455 [main] INFO  om.OzoneManager (OzoneManager.java:loadOMHAConfigs(609)) - Found matching OM address with OMServiceId: null, OMNodeId: null, RPC Address: localhost:0 and Ratis port: 9872
2019-09-25 07:28:24,221 [main] WARN  server.ServerUtils (ServerUtils.java:getDBPath(222)) - ozone.om.db.dirs is not configured. We recommend adding this setting. Falling back to ozone.metadata.dirs instead.
2019-09-25 07:28:24,229 [main] INFO  db.DBStoreBuilder (DBStoreBuilder.java:addTable(110)) - using custom profile for table: userTable
2019-09-25 07:28:24,229 [main] INFO  db.DBStoreBuilder (DBStoreBuilder.java:processTables(161)) - Using default column profile:DBProfile.DISK for Table:userTable
2019-09-25 07:28:24,230 [main] INFO  db.DBStoreBuilder (DBStoreBuilder.java:addTable(110)) - using custom profile for table: volumeTable
2019-09-25 07:28:24,230 [main] INFO  db.DBStoreBuilder (DBStoreBuilder.java:processTables(161)) - Using default column profile:DBProfile.DISK for Table:volumeTable
2019-09-25 07:28:24,230 [main] INFO  db.DBStoreBuilder (DBStoreBuilder.java:addTable(110)) - using custom profile for table: bucketTable
2019-09-25 07:28:24,231 [main] INFO  db.DBStoreBuilder (DBStoreBuilder.java:processTables(161)) - Using default column profile:DBProfile.DISK for Table:bucketTable
2019-09-25 07:28:24,231 [main] INFO  db.DBStoreBuilder (DBStoreBuilder.java:addTable(110)) - using custom profile for table: keyTable
2019-09-25 07:28:24,231 [main] INFO  db.DBStoreBuilder (DBStoreBuilder.java:processTables(161)) - Using default column profile:DBProfile.DISK for Table:keyTable
2019-09-25 07:28:24,231 [main] INFO  db.DBStoreBuilder (DBStoreBuilder.java:addTable(110)) - using custom profile for table: deletedTable
2019-09-25 07:28:24,232 [main] INFO  db.DBStoreBuilder (DBStoreBuilder.java:processTables(161)) - Using default column profile:DBProfile.DISK for Table:deletedTable
2019-09-25 07:28:24,232 [main] INFO  db.DBStoreBuilder (DBStoreBuilder.java:addTable(110)) - using custom profile for table: openKeyTable
2019-09-25 07:28:24,232 [main] INFO  db.DBStoreBuilder (DBStoreBuilder.java:processTables(161)) - Using default column profile:DBProfile.DISK for Table:openKeyTable
2019-09-25 07:28:24,232 [main] INFO  db.DBStoreBuilder (DBStoreBuilder.java:addTable(110)) - using custom profile for table: s3Table
2019-09-25 07:28:24,233 [main] INFO  db.DBStoreBuilder (DBStoreBuilder.java:processTables(161)) - Using default column profile:DBProfile.DISK for Table:s3Table
2019-09-25 07:28:24,233 [main] INFO  db.DBStoreBuilder (DBStoreBuilder.java:addTable(110)) - using custom profile for table: multipartInfoTable
2019-09-25 07:28:24,233 [main] INFO  db.DBStoreBuilder (DBStoreBuilder.java:processTables(161)) - Using default column profile:DBProfile.DISK for Table:multipartInfoTable
2019-09-25 07:28:24,233 [main] INFO  db.DBStoreBuilder (DBStoreBuilder.java:addTable(110)) - using custom profile for table: dTokenTable
2019-09-25 07:28:24,234 [main] INFO  db.DBStoreBuilder (DBStoreBuilder.java:processTables(161)) - Using default column profile:DBProfile.DISK for Table:dTokenTable
2019-09-25 07:28:24,234 [main] INFO  db.DBStoreBuilder (DBStoreBuilder.java:addTable(110)) - using custom profile for table: s3SecretTable
2019-09-25 07:28:24,234 [main] INFO  db.DBStoreBuilder (DBStoreBuilder.java:processTables(161)) - Using default column profile:DBProfile.DISK for Table:s3SecretTable
2019-09-25 07:28:24,234 [main] INFO  db.DBStoreBuilder (DBStoreBuilder.java:addTable(110)) - using custom profile for table: prefixTable
2019-09-25 07:28:24,235 [main] INFO  db.DBStoreBuilder (DBStoreBuilder.java:processTables(161)) - Using default column profile:DBProfile.DISK for Table:prefixTable
2019-09-25 07:28:24,235 [main] INFO  db.DBStoreBuilder (DBStoreBuilder.java:addTable(110)) - using custom profile for table: default
2019-09-25 07:28:24,235 [main] INFO  db.DBStoreBuilder (DBStoreBuilder.java:processTables(167)) - Using default column profile:DBProfile.DISK for Table:default
2019-09-25 07:28:24,235 [main] INFO  db.DBStoreBuilder (DBStoreBuilder.java:getDbProfile(198)) - Using default options. DBProfile.DISK
2019-09-25 07:28:26,413 [main] INFO  ipc.CallQueueManager (CallQueueManager.java:<init>(84)) - Using callQueue: class java.util.concurrent.LinkedBlockingQueue, queueCapacity: 2000, scheduler: class org.apache.hadoop.ipc.DefaultRpcScheduler, ipcBackoff: false.
2019-09-25 07:28:26,415 [Socket Reader #1 for port 33965] INFO  ipc.Server (Server.java:run(1074)) - Starting Socket Reader #1 for port 33965
2019-09-25 07:28:26,443 [main] INFO  om.OzoneManager (OzoneManager.java:start(1243)) - OzoneManager RPC server is listening at localhost/127.0.0.1:33965
2019-09-25 07:28:26,443 [main] INFO  impl.MetricsSystemImpl (MetricsSystemImpl.java:init(158)) - OzoneManager metrics system started (again)
2019-09-25 07:28:26,444 [IPC Server Responder] INFO  ipc.Server (Server.java:run(1314)) - IPC Server Responder: starting
2019-09-25 07:28:26,445 [IPC Server listener on 33965] INFO  ipc.Server (Server.java:run(1153)) - IPC Server listener on 33965: starting
2019-09-25 07:28:26,452 [main] INFO  hdfs.DFSUtil (DFSUtil.java:httpServerTemplateForNNAndJN(1641)) - Starting Web-server for ozoneManager at: http://0.0.0.0:0
2019-09-25 07:28:26,456 [main] INFO  server.AuthenticationFilter (AuthenticationFilter.java:constructSecretProvider(240)) - Unable to initialize FileSignerSecretProvider, falling back to use random secrets.
2019-09-25 07:28:26,458 [main] WARN  http.HttpRequestLog (HttpRequestLog.java:getRequestLog(97)) - Jetty request log can only be enabled using Log4j
2019-09-25 07:28:26,461 [main] INFO  http.HttpServer2 (HttpServer2.java:addGlobalFilter(975)) - Added global filter 'safety' (class=org.apache.hadoop.http.HttpServer2$QuotingInputFilter)
2019-09-25 07:28:26,463 [main] INFO  http.HttpServer2 (HttpServer2.java:addFilter(948)) - Added filter static_user_filter (class=org.apache.hadoop.http.lib.StaticUserWebFilter$StaticUserFilter) to context ozoneManager
2019-09-25 07:28:26,463 [main] INFO  http.HttpServer2 (HttpServer2.java:addFilter(958)) - Added filter static_user_filter (class=org.apache.hadoop.http.lib.StaticUserWebFilter$StaticUserFilter) to context logs
2019-09-25 07:28:26,464 [main] INFO  http.HttpServer2 (HttpServer2.java:addFilter(958)) - Added filter static_user_filter (class=org.apache.hadoop.http.lib.StaticUserWebFilter$StaticUserFilter) to context static
2019-09-25 07:28:26,467 [main] INFO  http.HttpServer2 (HttpServer2.java:bindListener(1191)) - Jetty bound to port 33017
2019-09-25 07:28:26,467 [main] INFO  server.Server (Server.java:doStart(351)) - jetty-9.3.25.v20180904, build timestamp: 2018-09-04T21:11:46Z, git hash: 3ce520221d0240229c862b122d2b06c12a625732
2019-09-25 07:28:26,472 [main] INFO  handler.ContextHandler (ContextHandler.java:doStart(781)) - Started o.e.j.s.ServletContextHandler@55b8dbda{/logs,file:///workdir/hadoop-ozone/tools/target/log,AVAILABLE}
2019-09-25 07:28:26,473 [main] INFO  handler.ContextHandler (ContextHandler.java:doStart(781)) - Started o.e.j.s.ServletContextHandler@3a022576{/static,jar:file:/home/user/.m2/repository/org/apache/hadoop/hadoop-ozone-ozone-manager/0.5.0-SNAPSHOT/hadoop-ozone-ozone-manager-0.5.0-SNAPSHOT.jar!/webapps/static,AVAILABLE}
2019-09-25 07:28:26,538 [main] INFO  handler.ContextHandler (ContextHandler.java:doStart(781)) - Started o.e.j.w.WebAppContext@388b401d{/,file:///tmp/jetty-0.0.0.0-33017-ozoneManager-_-any-8539918595419138379.dir/webapp/,AVAILABLE}{/ozoneManager}
2019-09-25 07:28:26,540 [main] INFO  server.AbstractConnector (AbstractConnector.java:doStart(278)) - Started ServerConnector@2bcec6a6{HTTP/1.1,[http/1.1]}{0.0.0.0:33017}
2019-09-25 07:28:26,541 [main] INFO  server.Server (Server.java:doStart(419)) - Started @6132ms
2019-09-25 07:28:26,541 [main] WARN  impl.MetricsSystemImpl (MetricsSystemImpl.java:register(276)) - Sink prometheus already exists!
2019-09-25 07:28:26,542 [main] INFO  server.BaseHttpServer (BaseHttpServer.java:updateConnectorAddress(215)) - HTTP server of OZONEMANAGER is listening at http://0.0.0.0:33017
2019-09-25 07:28:26,900 [main] INFO  impl.MetricsSystemImpl (MetricsSystemImpl.java:init(158)) - HddsDatanode metrics system started (again)
2019-09-25 07:28:26,959 [main] INFO  ozone.HddsDatanodeService (HddsDatanodeService.java:start(184)) - HddsDatanodeService host:pr-hdds-1569-s62bp-3040748787 ip:192.168.30.10
2019-09-25 07:28:26,996 [main] INFO  volume.HddsVolume (HddsVolume.java:<init>(176)) - Creating Volume: /workdir/hadoop-ozone/tools/target/test-dir/MiniOzoneClusterImpl-024f4a54-ba4e-4a80-aa90-cb3ecc4826ee/datanode-0/data/containers/hdds of  storage type : DISK and capacity : 1482555576320
2019-09-25 07:28:26,999 [main] INFO  volume.VolumeSet (VolumeSet.java:initializeVolumeSet(170)) - Added Volume : /workdir/hadoop-ozone/tools/target/test-dir/MiniOzoneClusterImpl-024f4a54-ba4e-4a80-aa90-cb3ecc4826ee/datanode-0/data/containers/hdds to VolumeSet
2019-09-25 07:28:27,002 [main] INFO  volume.ThrottledAsyncChecker (ThrottledAsyncChecker.java:schedule(139)) - Scheduling a check for org.apache.hadoop.ozone.container.common.volume.HddsVolume@5ff60a8c
2019-09-25 07:28:27,020 [main] INFO  volume.HddsVolumeChecker (HddsVolumeChecker.java:checkAllVolumes(202)) - Scheduled health check for volume org.apache.hadoop.ozone.container.common.volume.HddsVolume@5ff60a8c
2019-09-25 07:28:27,154 [main] INFO  impl.RaftServerProxy (ConfUtils.java:logGet(43)) - raft.rpc.type = GRPC (default)
2019-09-25 07:28:27,250 [main] INFO  grpc.GrpcFactory (GrpcFactory.java:checkPooledByteBufAllocatorUseCacheForAllThreads(45)) - PERFORMANCE WARNING: useCacheForAllThreads is true that may cause Netty to create a lot garbage objects and, as a result, trigger GC.
	It is recommended to disable useCacheForAllThreads by setting -Dorg.apache.ratis.thirdparty.io.netty.allocator.useCacheForAllThreads=false in command line.
2019-09-25 07:28:27,255 [main] INFO  grpc.GrpcConfigKeys$Server (ConfUtils.java:logGet(43)) - raft.grpc.server.port = 0 (default)
2019-09-25 07:28:27,256 [main] INFO  server.GrpcService (ConfUtils.java:logGet(43)) - raft.grpc.message.size.max = 33570816 (custom)
2019-09-25 07:28:27,258 [main] INFO  server.RaftServerConfigKeys (ConfUtils.java:logGet(43)) - raft.server.log.appender.buffer.byte-limit = 33554432 (custom)
2019-09-25 07:28:27,259 [main] INFO  server.GrpcService (ConfUtils.java:logGet(43)) - raft.grpc.flow.control.window = 1MB (=1048576) (default)
2019-09-25 07:28:27,259 [main] INFO  server.RaftServerConfigKeys (ConfUtils.java:logGet(43)) - raft.server.rpc.request.timeout = 3000ms (default)
2019-09-25 07:28:27,421 [main] INFO  server.RaftServerConfigKeys (ConfUtils.java:logGet(43)) - raft.server.storage.dir = [/workdir/hadoop-ozone/tools/target/test-dir/MiniOzoneClusterImpl-024f4a54-ba4e-4a80-aa90-cb3ecc4826ee/datanode-0/data/ratis] (custom)
2019-09-25 07:28:27,475 [main] INFO  hdfs.DFSUtil (DFSUtil.java:httpServerTemplateForNNAndJN(1641)) - Starting Web-server for hddsDatanode at: http://0.0.0.0:0
2019-09-25 07:28:27,478 [main] INFO  server.AuthenticationFilter (AuthenticationFilter.java:constructSecretProvider(240)) - Unable to initialize FileSignerSecretProvider, falling back to use random secrets.
2019-09-25 07:28:27,479 [main] WARN  http.HttpRequestLog (HttpRequestLog.java:getRequestLog(97)) - Jetty request log can only be enabled using Log4j
2019-09-25 07:28:27,483 [main] INFO  http.HttpServer2 (HttpServer2.java:addGlobalFilter(975)) - Added global filter 'safety' (class=org.apache.hadoop.http.HttpServer2$QuotingInputFilter)
2019-09-25 07:28:27,484 [main] INFO  http.HttpServer2 (HttpServer2.java:addFilter(948)) - Added filter static_user_filter (class=org.apache.hadoop.http.lib.StaticUserWebFilter$StaticUserFilter) to context hddsDatanode
2019-09-25 07:28:27,484 [main] INFO  http.HttpServer2 (HttpServer2.java:addFilter(958)) - Added filter static_user_filter (class=org.apache.hadoop.http.lib.StaticUserWebFilter$StaticUserFilter) to context logs
2019-09-25 07:28:27,485 [main] INFO  http.HttpServer2 (HttpServer2.java:addFilter(958)) - Added filter static_user_filter (class=org.apache.hadoop.http.lib.StaticUserWebFilter$StaticUserFilter) to context static
2019-09-25 07:28:27,486 [main] INFO  http.HttpServer2 (HttpServer2.java:bindListener(1191)) - Jetty bound to port 46190
2019-09-25 07:28:27,487 [main] INFO  server.Server (Server.java:doStart(351)) - jetty-9.3.25.v20180904, build timestamp: 2018-09-04T21:11:46Z, git hash: 3ce520221d0240229c862b122d2b06c12a625732
2019-09-25 07:28:27,489 [main] INFO  handler.ContextHandler (ContextHandler.java:doStart(781)) - Started o.e.j.s.ServletContextHandler@352c44a8{/logs,file:///workdir/hadoop-ozone/tools/target/log,AVAILABLE}
2019-09-25 07:28:27,490 [main] INFO  handler.ContextHandler (ContextHandler.java:doStart(781)) - Started o.e.j.s.ServletContextHandler@a66e580{/static,jar:file:/home/user/.m2/repository/org/apache/hadoop/hadoop-hdds-container-service/0.5.0-SNAPSHOT/hadoop-hdds-container-service-0.5.0-SNAPSHOT.jar!/webapps/static,AVAILABLE}
2019-09-25 07:28:27,536 [main] INFO  handler.ContextHandler (ContextHandler.java:doStart(781)) - Started o.e.j.w.WebAppContext@3dffc764{/,file:///tmp/jetty-0.0.0.0-46190-hddsDatanode-_-any-8675451214580896209.dir/webapp/,AVAILABLE}{/hddsDatanode}
2019-09-25 07:28:27,537 [main] INFO  server.AbstractConnector (AbstractConnector.java:doStart(278)) - Started ServerConnector@4b6e1c0{HTTP/1.1,[http/1.1]}{0.0.0.0:46190}
2019-09-25 07:28:27,538 [main] INFO  server.Server (Server.java:doStart(419)) - Started @7129ms
2019-09-25 07:28:27,539 [main] WARN  impl.MetricsSystemImpl (MetricsSystemImpl.java:register(276)) - Sink prometheus already exists!
2019-09-25 07:28:27,540 [main] INFO  server.BaseHttpServer (BaseHttpServer.java:updateConnectorAddress(215)) - HTTP server of HDDSDATANODE is listening at http://0.0.0.0:46190
2019-09-25 07:28:27,541 [main] INFO  impl.MetricsSystemImpl (MetricsSystemImpl.java:init(158)) - HddsDatanode metrics system started (again)
2019-09-25 07:28:27,545 [main] INFO  ozone.HddsDatanodeService (HddsDatanodeService.java:start(184)) - HddsDatanodeService host:pr-hdds-1569-s62bp-3040748787 ip:192.168.30.10
2019-09-25 07:28:27,547 [org.apache.hadoop.util.JvmPauseMonitor$Monitor@777f6e07] INFO  util.JvmPauseMonitor (JvmPauseMonitor.java:run(188)) - Starting JVM pause monitor
2019-09-25 07:28:27,556 [main] INFO  volume.HddsVolume (HddsVolume.java:<init>(176)) - Creating Volume: /workdir/hadoop-ozone/tools/target/test-dir/MiniOzoneClusterImpl-024f4a54-ba4e-4a80-aa90-cb3ecc4826ee/datanode-1/data/containers/hdds of  storage type : DISK and capacity : 1482555576320
2019-09-25 07:28:27,557 [main] INFO  volume.VolumeSet (VolumeSet.java:initializeVolumeSet(170)) - Added Volume : /workdir/hadoop-ozone/tools/target/test-dir/MiniOzoneClusterImpl-024f4a54-ba4e-4a80-aa90-cb3ecc4826ee/datanode-1/data/containers/hdds to VolumeSet
2019-09-25 07:28:27,557 [main] INFO  volume.ThrottledAsyncChecker (ThrottledAsyncChecker.java:schedule(139)) - Scheduling a check for org.apache.hadoop.ozone.container.common.volume.HddsVolume@12fcc71f
2019-09-25 07:28:27,558 [main] INFO  volume.HddsVolumeChecker (HddsVolumeChecker.java:checkAllVolumes(202)) - Scheduled health check for volume org.apache.hadoop.ozone.container.common.volume.HddsVolume@12fcc71f
2019-09-25 07:28:27,579 [main] INFO  impl.RaftServerProxy (ConfUtils.java:logGet(43)) - raft.rpc.type = GRPC (default)
2019-09-25 07:28:27,580 [main] INFO  grpc.GrpcFactory (GrpcFactory.java:checkPooledByteBufAllocatorUseCacheForAllThreads(45)) - PERFORMANCE WARNING: useCacheForAllThreads is true that may cause Netty to create a lot garbage objects and, as a result, trigger GC.
	It is recommended to disable useCacheForAllThreads by setting -Dorg.apache.ratis.thirdparty.io.netty.allocator.useCacheForAllThreads=false in command line.
2019-09-25 07:28:27,581 [main] INFO  grpc.GrpcConfigKeys$Server (ConfUtils.java:logGet(43)) - raft.grpc.server.port = 0 (default)
2019-09-25 07:28:27,581 [main] INFO  server.GrpcService (ConfUtils.java:logGet(43)) - raft.grpc.message.size.max = 33570816 (custom)
2019-09-25 07:28:27,581 [main] INFO  server.RaftServerConfigKeys (ConfUtils.java:logGet(43)) - raft.server.log.appender.buffer.byte-limit = 33554432 (custom)
2019-09-25 07:28:27,582 [main] INFO  server.GrpcService (ConfUtils.java:logGet(43)) - raft.grpc.flow.control.window = 1MB (=1048576) (default)
2019-09-25 07:28:27,582 [main] INFO  server.RaftServerConfigKeys (ConfUtils.java:logGet(43)) - raft.server.rpc.request.timeout = 3000ms (default)
2019-09-25 07:28:27,583 [main] INFO  server.RaftServerConfigKeys (ConfUtils.java:logGet(43)) - raft.server.storage.dir = [/workdir/hadoop-ozone/tools/target/test-dir/MiniOzoneClusterImpl-024f4a54-ba4e-4a80-aa90-cb3ecc4826ee/datanode-1/data/ratis] (custom)
2019-09-25 07:28:27,585 [main] INFO  hdfs.DFSUtil (DFSUtil.java:httpServerTemplateForNNAndJN(1641)) - Starting Web-server for hddsDatanode at: http://0.0.0.0:0
2019-09-25 07:28:27,587 [main] INFO  server.AuthenticationFilter (AuthenticationFilter.java:constructSecretProvider(240)) - Unable to initialize FileSignerSecretProvider, falling back to use random secrets.
2019-09-25 07:28:27,588 [main] WARN  http.HttpRequestLog (HttpRequestLog.java:getRequestLog(97)) - Jetty request log can only be enabled using Log4j
2019-09-25 07:28:27,590 [main] INFO  http.HttpServer2 (HttpServer2.java:addGlobalFilter(975)) - Added global filter 'safety' (class=org.apache.hadoop.http.HttpServer2$QuotingInputFilter)
2019-09-25 07:28:27,591 [main] INFO  http.HttpServer2 (HttpServer2.java:addFilter(948)) - Added filter static_user_filter (class=org.apache.hadoop.http.lib.StaticUserWebFilter$StaticUserFilter) to context hddsDatanode
2019-09-25 07:28:27,591 [main] INFO  http.HttpServer2 (HttpServer2.java:addFilter(958)) - Added filter static_user_filter (class=org.apache.hadoop.http.lib.StaticUserWebFilter$StaticUserFilter) to context static
2019-09-25 07:28:27,591 [main] INFO  http.HttpServer2 (HttpServer2.java:addFilter(958)) - Added filter static_user_filter (class=org.apache.hadoop.http.lib.StaticUserWebFilter$StaticUserFilter) to context logs
2019-09-25 07:28:27,592 [main] INFO  http.HttpServer2 (HttpServer2.java:bindListener(1191)) - Jetty bound to port 40695
2019-09-25 07:28:27,592 [main] INFO  server.Server (Server.java:doStart(351)) - jetty-9.3.25.v20180904, build timestamp: 2018-09-04T21:11:46Z, git hash: 3ce520221d0240229c862b122d2b06c12a625732
2019-09-25 07:28:27,596 [main] INFO  handler.ContextHandler (ContextHandler.java:doStart(781)) - Started o.e.j.s.ServletContextHandler@7bc44ce8{/logs,file:///workdir/hadoop-ozone/tools/target/log,AVAILABLE}
2019-09-25 07:28:27,597 [main] INFO  handler.ContextHandler (ContextHandler.java:doStart(781)) - Started o.e.j.s.ServletContextHandler@58472096{/static,jar:file:/home/user/.m2/repository/org/apache/hadoop/hadoop-hdds-container-service/0.5.0-SNAPSHOT/hadoop-hdds-container-service-0.5.0-SNAPSHOT.jar!/webapps/static,AVAILABLE}
2019-09-25 07:28:27,631 [main] INFO  handler.ContextHandler (ContextHandler.java:doStart(781)) - Started o.e.j.w.WebAppContext@2e66bc32{/,file:///tmp/jetty-0.0.0.0-40695-hddsDatanode-_-any-7711419614218983315.dir/webapp/,AVAILABLE}{/hddsDatanode}
2019-09-25 07:28:27,632 [main] INFO  server.AbstractConnector (AbstractConnector.java:doStart(278)) - Started ServerConnector@54d8c20d{HTTP/1.1,[http/1.1]}{0.0.0.0:40695}
2019-09-25 07:28:27,633 [main] INFO  server.Server (Server.java:doStart(419)) - Started @7224ms
2019-09-25 07:28:27,633 [main] WARN  impl.MetricsSystemImpl (MetricsSystemImpl.java:register(276)) - Sink prometheus already exists!
2019-09-25 07:28:27,634 [main] INFO  server.BaseHttpServer (BaseHttpServer.java:updateConnectorAddress(215)) - HTTP server of HDDSDATANODE is listening at http://0.0.0.0:40695
2019-09-25 07:28:27,635 [main] INFO  impl.MetricsSystemImpl (MetricsSystemImpl.java:init(158)) - HddsDatanode metrics system started (again)
2019-09-25 07:28:27,638 [main] INFO  ozone.HddsDatanodeService (HddsDatanodeService.java:start(184)) - HddsDatanodeService host:pr-hdds-1569-s62bp-3040748787 ip:192.168.30.10
2019-09-25 07:28:27,638 [org.apache.hadoop.util.JvmPauseMonitor$Monitor@4d87f215] INFO  util.JvmPauseMonitor (JvmPauseMonitor.java:run(188)) - Starting JVM pause monitor
2019-09-25 07:28:27,647 [main] INFO  volume.HddsVolume (HddsVolume.java:<init>(176)) - Creating Volume: /workdir/hadoop-ozone/tools/target/test-dir/MiniOzoneClusterImpl-024f4a54-ba4e-4a80-aa90-cb3ecc4826ee/datanode-2/data/containers/hdds of  storage type : DISK and capacity : 1482555576320
2019-09-25 07:28:27,647 [main] INFO  volume.VolumeSet (VolumeSet.java:initializeVolumeSet(170)) - Added Volume : /workdir/hadoop-ozone/tools/target/test-dir/MiniOzoneClusterImpl-024f4a54-ba4e-4a80-aa90-cb3ecc4826ee/datanode-2/data/containers/hdds to VolumeSet
2019-09-25 07:28:27,647 [main] INFO  volume.ThrottledAsyncChecker (ThrottledAsyncChecker.java:schedule(139)) - Scheduling a check for org.apache.hadoop.ozone.container.common.volume.HddsVolume@4faa298
2019-09-25 07:28:27,648 [main] INFO  volume.HddsVolumeChecker (HddsVolumeChecker.java:checkAllVolumes(202)) - Scheduled health check for volume org.apache.hadoop.ozone.container.common.volume.HddsVolume@4faa298
2019-09-25 07:28:27,652 [Datanode State Machine Thread - 0] INFO  datanode.InitDatanodeState (InitDatanodeState.java:persistContainerDatanodeDetails(140)) - DatanodeDetails is persisted to /workdir/hadoop-ozone/tools/target/test-dir/MiniOzoneClusterImpl-024f4a54-ba4e-4a80-aa90-cb3ecc4826ee/datanode-0/meta/datanode.id
2019-09-25 07:28:27,657 [Datanode State Machine Thread - 0] INFO  datanode.InitDatanodeState (InitDatanodeState.java:persistContainerDatanodeDetails(140)) - DatanodeDetails is persisted to /workdir/hadoop-ozone/tools/target/test-dir/MiniOzoneClusterImpl-024f4a54-ba4e-4a80-aa90-cb3ecc4826ee/datanode-1/meta/datanode.id
2019-09-25 07:28:27,667 [main] INFO  impl.RaftServerProxy (ConfUtils.java:logGet(43)) - raft.rpc.type = GRPC (default)
2019-09-25 07:28:27,667 [main] INFO  grpc.GrpcFactory (GrpcFactory.java:checkPooledByteBufAllocatorUseCacheForAllThreads(45)) - PERFORMANCE WARNING: useCacheForAllThreads is true that may cause Netty to create a lot garbage objects and, as a result, trigger GC.
	It is recommended to disable useCacheForAllThreads by setting -Dorg.apache.ratis.thirdparty.io.netty.allocator.useCacheForAllThreads=false in command line.
2019-09-25 07:28:27,667 [main] INFO  grpc.GrpcConfigKeys$Server (ConfUtils.java:logGet(43)) - raft.grpc.server.port = 0 (default)
2019-09-25 07:28:27,668 [main] INFO  server.GrpcService (ConfUtils.java:logGet(43)) - raft.grpc.message.size.max = 33570816 (custom)
2019-09-25 07:28:27,668 [main] INFO  server.RaftServerConfigKeys (ConfUtils.java:logGet(43)) - raft.server.log.appender.buffer.byte-limit = 33554432 (custom)
2019-09-25 07:28:27,668 [main] INFO  server.GrpcService (ConfUtils.java:logGet(43)) - raft.grpc.flow.control.window = 1MB (=1048576) (default)
2019-09-25 07:28:27,668 [main] INFO  server.RaftServerConfigKeys (ConfUtils.java:logGet(43)) - raft.server.rpc.request.timeout = 3000ms (default)
2019-09-25 07:28:27,669 [main] INFO  server.RaftServerConfigKeys (ConfUtils.java:logGet(43)) - raft.server.storage.dir = [/workdir/hadoop-ozone/tools/target/test-dir/MiniOzoneClusterImpl-024f4a54-ba4e-4a80-aa90-cb3ecc4826ee/datanode-2/data/ratis] (custom)
2019-09-25 07:28:27,671 [main] INFO  hdfs.DFSUtil (DFSUtil.java:httpServerTemplateForNNAndJN(1641)) - Starting Web-server for hddsDatanode at: http://0.0.0.0:0
2019-09-25 07:28:27,672 [main] INFO  server.AuthenticationFilter (AuthenticationFilter.java:constructSecretProvider(240)) - Unable to initialize FileSignerSecretProvider, falling back to use random secrets.
2019-09-25 07:28:27,673 [main] WARN  http.HttpRequestLog (HttpRequestLog.java:getRequestLog(97)) - Jetty request log can only be enabled using Log4j
2019-09-25 07:28:27,674 [main] INFO  http.HttpServer2 (HttpServer2.java:addGlobalFilter(975)) - Added global filter 'safety' (class=org.apache.hadoop.http.HttpServer2$QuotingInputFilter)
2019-09-25 07:28:27,675 [main] INFO  http.HttpServer2 (HttpServer2.java:addFilter(948)) - Added filter static_user_filter (class=org.apache.hadoop.http.lib.StaticUserWebFilter$StaticUserFilter) to context hddsDatanode
2019-09-25 07:28:27,675 [main] INFO  http.HttpServer2 (HttpServer2.java:addFilter(958)) - Added filter static_user_filter (class=org.apache.hadoop.http.lib.StaticUserWebFilter$StaticUserFilter) to context static
2019-09-25 07:28:27,675 [main] INFO  http.HttpServer2 (HttpServer2.java:addFilter(958)) - Added filter static_user_filter (class=org.apache.hadoop.http.lib.StaticUserWebFilter$StaticUserFilter) to context logs
2019-09-25 07:28:27,676 [main] INFO  http.HttpServer2 (HttpServer2.java:bindListener(1191)) - Jetty bound to port 32772
2019-09-25 07:28:27,676 [main] INFO  server.Server (Server.java:doStart(351)) - jetty-9.3.25.v20180904, build timestamp: 2018-09-04T21:11:46Z, git hash: 3ce520221d0240229c862b122d2b06c12a625732
2019-09-25 07:28:27,678 [main] INFO  handler.ContextHandler (ContextHandler.java:doStart(781)) - Started o.e.j.s.ServletContextHandler@5dd903be{/logs,file:///workdir/hadoop-ozone/tools/target/log,AVAILABLE}
2019-09-25 07:28:27,678 [main] INFO  handler.ContextHandler (ContextHandler.java:doStart(781)) - Started o.e.j.s.ServletContextHandler@4a163575{/static,jar:file:/home/user/.m2/repository/org/apache/hadoop/hadoop-hdds-container-service/0.5.0-SNAPSHOT/hadoop-hdds-container-service-0.5.0-SNAPSHOT.jar!/webapps/static,AVAILABLE}
2019-09-25 07:28:27,707 [main] INFO  handler.ContextHandler (ContextHandler.java:doStart(781)) - Started o.e.j.w.WebAppContext@74ecacc3{/,file:///tmp/jetty-0.0.0.0-32772-hddsDatanode-_-any-7352313982354637117.dir/webapp/,AVAILABLE}{/hddsDatanode}
2019-09-25 07:28:27,708 [main] INFO  server.AbstractConnector (AbstractConnector.java:doStart(278)) - Started ServerConnector@517a2b0{HTTP/1.1,[http/1.1]}{0.0.0.0:32772}
2019-09-25 07:28:27,709 [main] INFO  server.Server (Server.java:doStart(419)) - Started @7300ms
2019-09-25 07:28:27,710 [main] WARN  impl.MetricsSystemImpl (MetricsSystemImpl.java:register(276)) - Sink prometheus already exists!
2019-09-25 07:28:27,711 [main] INFO  server.BaseHttpServer (BaseHttpServer.java:updateConnectorAddress(215)) - HTTP server of HDDSDATANODE is listening at http://0.0.0.0:32772
2019-09-25 07:28:27,711 [main] INFO  impl.MetricsSystemImpl (MetricsSystemImpl.java:init(158)) - HddsDatanode metrics system started (again)
2019-09-25 07:28:27,714 [main] INFO  ozone.HddsDatanodeService (HddsDatanodeService.java:start(184)) - HddsDatanodeService host:pr-hdds-1569-s62bp-3040748787 ip:192.168.30.10
2019-09-25 07:28:27,715 [org.apache.hadoop.util.JvmPauseMonitor$Monitor@6801ca99] INFO  util.JvmPauseMonitor (JvmPauseMonitor.java:run(188)) - Starting JVM pause monitor
2019-09-25 07:28:27,718 [Datanode State Machine Thread - 0] INFO  datanode.InitDatanodeState (InitDatanodeState.java:persistContainerDatanodeDetails(140)) - DatanodeDetails is persisted to /workdir/hadoop-ozone/tools/target/test-dir/MiniOzoneClusterImpl-024f4a54-ba4e-4a80-aa90-cb3ecc4826ee/datanode-2/meta/datanode.id
2019-09-25 07:28:27,723 [main] INFO  volume.HddsVolume (HddsVolume.java:<init>(176)) - Creating Volume: /workdir/hadoop-ozone/tools/target/test-dir/MiniOzoneClusterImpl-024f4a54-ba4e-4a80-aa90-cb3ecc4826ee/datanode-3/data/containers/hdds of  storage type : DISK and capacity : 1482555576320
2019-09-25 07:28:27,724 [main] INFO  volume.VolumeSet (VolumeSet.java:initializeVolumeSet(170)) - Added Volume : /workdir/hadoop-ozone/tools/target/test-dir/MiniOzoneClusterImpl-024f4a54-ba4e-4a80-aa90-cb3ecc4826ee/datanode-3/data/containers/hdds to VolumeSet
2019-09-25 07:28:27,724 [main] INFO  volume.ThrottledAsyncChecker (ThrottledAsyncChecker.java:schedule(139)) - Scheduling a check for org.apache.hadoop.ozone.container.common.volume.HddsVolume@642f9a77
2019-09-25 07:28:27,725 [main] INFO  volume.HddsVolumeChecker (HddsVolumeChecker.java:checkAllVolumes(202)) - Scheduled health check for volume org.apache.hadoop.ozone.container.common.volume.HddsVolume@642f9a77
2019-09-25 07:28:27,739 [main] INFO  impl.RaftServerProxy (ConfUtils.java:logGet(43)) - raft.rpc.type = GRPC (default)
2019-09-25 07:28:27,739 [main] INFO  grpc.GrpcFactory (GrpcFactory.java:checkPooledByteBufAllocatorUseCacheForAllThreads(45)) - PERFORMANCE WARNING: useCacheForAllThreads is true that may cause Netty to create a lot garbage objects and, as a result, trigger GC.
	It is recommended to disable useCacheForAllThreads by setting -Dorg.apache.ratis.thirdparty.io.netty.allocator.useCacheForAllThreads=false in command line.
2019-09-25 07:28:27,740 [main] INFO  grpc.GrpcConfigKeys$Server (ConfUtils.java:logGet(43)) - raft.grpc.server.port = 0 (default)
2019-09-25 07:28:27,740 [main] INFO  server.GrpcService (ConfUtils.java:logGet(43)) - raft.grpc.message.size.max = 33570816 (custom)
2019-09-25 07:28:27,740 [main] INFO  server.RaftServerConfigKeys (ConfUtils.java:logGet(43)) - raft.server.log.appender.buffer.byte-limit = 33554432 (custom)
2019-09-25 07:28:27,740 [main] INFO  server.GrpcService (ConfUtils.java:logGet(43)) - raft.grpc.flow.control.window = 1MB (=1048576) (default)
2019-09-25 07:28:27,741 [main] INFO  server.RaftServerConfigKeys (ConfUtils.java:logGet(43)) - raft.server.rpc.request.timeout = 3000ms (default)
2019-09-25 07:28:27,741 [main] INFO  server.RaftServerConfigKeys (ConfUtils.java:logGet(43)) - raft.server.storage.dir = [/workdir/hadoop-ozone/tools/target/test-dir/MiniOzoneClusterImpl-024f4a54-ba4e-4a80-aa90-cb3ecc4826ee/datanode-3/data/ratis] (custom)
2019-09-25 07:28:27,743 [main] INFO  hdfs.DFSUtil (DFSUtil.java:httpServerTemplateForNNAndJN(1641)) - Starting Web-server for hddsDatanode at: http://0.0.0.0:0
2019-09-25 07:28:27,744 [main] INFO  server.AuthenticationFilter (AuthenticationFilter.java:constructSecretProvider(240)) - Unable to initialize FileSignerSecretProvider, falling back to use random secrets.
2019-09-25 07:28:27,745 [main] WARN  http.HttpRequestLog (HttpRequestLog.java:getRequestLog(97)) - Jetty request log can only be enabled using Log4j
2019-09-25 07:28:27,746 [main] INFO  http.HttpServer2 (HttpServer2.java:addGlobalFilter(975)) - Added global filter 'safety' (class=org.apache.hadoop.http.HttpServer2$QuotingInputFilter)
2019-09-25 07:28:27,747 [main] INFO  http.HttpServer2 (HttpServer2.java:addFilter(948)) - Added filter static_user_filter (class=org.apache.hadoop.http.lib.StaticUserWebFilter$StaticUserFilter) to context hddsDatanode
2019-09-25 07:28:27,747 [main] INFO  http.HttpServer2 (HttpServer2.java:addFilter(958)) - Added filter static_user_filter (class=org.apache.hadoop.http.lib.StaticUserWebFilter$StaticUserFilter) to context logs
2019-09-25 07:28:27,747 [main] INFO  http.HttpServer2 (HttpServer2.java:addFilter(958)) - Added filter static_user_filter (class=org.apache.hadoop.http.lib.StaticUserWebFilter$StaticUserFilter) to context static
2019-09-25 07:28:27,748 [main] INFO  http.HttpServer2 (HttpServer2.java:bindListener(1191)) - Jetty bound to port 45622
2019-09-25 07:28:27,748 [main] INFO  server.Server (Server.java:doStart(351)) - jetty-9.3.25.v20180904, build timestamp: 2018-09-04T21:11:46Z, git hash: 3ce520221d0240229c862b122d2b06c12a625732
2019-09-25 07:28:27,752 [main] INFO  handler.ContextHandler (ContextHandler.java:doStart(781)) - Started o.e.j.s.ServletContextHandler@181b8c4b{/logs,file:///workdir/hadoop-ozone/tools/target/log,AVAILABLE}
2019-09-25 07:28:27,752 [main] INFO  handler.ContextHandler (ContextHandler.java:doStart(781)) - Started o.e.j.s.ServletContextHandler@437486cd{/static,jar:file:/home/user/.m2/repository/org/apache/hadoop/hadoop-hdds-container-service/0.5.0-SNAPSHOT/hadoop-hdds-container-service-0.5.0-SNAPSHOT.jar!/webapps/static,AVAILABLE}
2019-09-25 07:28:27,781 [main] INFO  handler.ContextHandler (ContextHandler.java:doStart(781)) - Started o.e.j.w.WebAppContext@77a074b4{/,file:///tmp/jetty-0.0.0.0-45622-hddsDatanode-_-any-8749417008882109397.dir/webapp/,AVAILABLE}{/hddsDatanode}
2019-09-25 07:28:27,782 [main] INFO  server.AbstractConnector (AbstractConnector.java:doStart(278)) - Started ServerConnector@333c8791{HTTP/1.1,[http/1.1]}{0.0.0.0:45622}
2019-09-25 07:28:27,783 [main] INFO  server.Server (Server.java:doStart(419)) - Started @7374ms
2019-09-25 07:28:27,783 [main] WARN  impl.MetricsSystemImpl (MetricsSystemImpl.java:register(276)) - Sink prometheus already exists!
2019-09-25 07:28:27,783 [main] INFO  server.BaseHttpServer (BaseHttpServer.java:updateConnectorAddress(215)) - HTTP server of HDDSDATANODE is listening at http://0.0.0.0:45622
2019-09-25 07:28:27,784 [main] INFO  impl.MetricsSystemImpl (MetricsSystemImpl.java:init(158)) - HddsDatanode metrics system started (again)
2019-09-25 07:28:27,787 [org.apache.hadoop.util.JvmPauseMonitor$Monitor@3adbe250] INFO  util.JvmPauseMonitor (JvmPauseMonitor.java:run(188)) - Starting JVM pause monitor
2019-09-25 07:28:27,788 [main] INFO  ozone.HddsDatanodeService (HddsDatanodeService.java:start(184)) - HddsDatanodeService host:pr-hdds-1569-s62bp-3040748787 ip:192.168.30.10
2019-09-25 07:28:27,791 [Datanode State Machine Thread - 0] INFO  datanode.InitDatanodeState (InitDatanodeState.java:persistContainerDatanodeDetails(140)) - DatanodeDetails is persisted to /workdir/hadoop-ozone/tools/target/test-dir/MiniOzoneClusterImpl-024f4a54-ba4e-4a80-aa90-cb3ecc4826ee/datanode-3/meta/datanode.id
2019-09-25 07:28:27,796 [main] INFO  volume.HddsVolume (HddsVolume.java:<init>(176)) - Creating Volume: /workdir/hadoop-ozone/tools/target/test-dir/MiniOzoneClusterImpl-024f4a54-ba4e-4a80-aa90-cb3ecc4826ee/datanode-4/data/containers/hdds of  storage type : DISK and capacity : 1482555576320
2019-09-25 07:28:27,797 [main] INFO  volume.VolumeSet (VolumeSet.java:initializeVolumeSet(170)) - Added Volume : /workdir/hadoop-ozone/tools/target/test-dir/MiniOzoneClusterImpl-024f4a54-ba4e-4a80-aa90-cb3ecc4826ee/datanode-4/data/containers/hdds to VolumeSet
2019-09-25 07:28:27,797 [main] INFO  volume.ThrottledAsyncChecker (ThrottledAsyncChecker.java:schedule(139)) - Scheduling a check for org.apache.hadoop.ozone.container.common.volume.HddsVolume@60c8a093
2019-09-25 07:28:27,797 [main] INFO  volume.HddsVolumeChecker (HddsVolumeChecker.java:checkAllVolumes(202)) - Scheduled health check for volume org.apache.hadoop.ozone.container.common.volume.HddsVolume@60c8a093
2019-09-25 07:28:27,814 [main] INFO  impl.RaftServerProxy (ConfUtils.java:logGet(43)) - raft.rpc.type = GRPC (default)
2019-09-25 07:28:27,814 [main] INFO  grpc.GrpcFactory (GrpcFactory.java:checkPooledByteBufAllocatorUseCacheForAllThreads(45)) - PERFORMANCE WARNING: useCacheForAllThreads is true that may cause Netty to create a lot garbage objects and, as a result, trigger GC.
	It is recommended to disable useCacheForAllThreads by setting -Dorg.apache.ratis.thirdparty.io.netty.allocator.useCacheForAllThreads=false in command line.
2019-09-25 07:28:27,814 [main] INFO  grpc.GrpcConfigKeys$Server (ConfUtils.java:logGet(43)) - raft.grpc.server.port = 0 (default)
2019-09-25 07:28:27,814 [main] INFO  server.GrpcService (ConfUtils.java:logGet(43)) - raft.grpc.message.size.max = 33570816 (custom)
2019-09-25 07:28:27,815 [main] INFO  server.RaftServerConfigKeys (ConfUtils.java:logGet(43)) - raft.server.log.appender.buffer.byte-limit = 33554432 (custom)
2019-09-25 07:28:27,815 [main] INFO  server.GrpcService (ConfUtils.java:logGet(43)) - raft.grpc.flow.control.window = 1MB (=1048576) (default)
2019-09-25 07:28:27,815 [main] INFO  server.RaftServerConfigKeys (ConfUtils.java:logGet(43)) - raft.server.rpc.request.timeout = 3000ms (default)
2019-09-25 07:28:27,816 [main] INFO  server.RaftServerConfigKeys (ConfUtils.java:logGet(43)) - raft.server.storage.dir = [/workdir/hadoop-ozone/tools/target/test-dir/MiniOzoneClusterImpl-024f4a54-ba4e-4a80-aa90-cb3ecc4826ee/datanode-4/data/ratis] (custom)
2019-09-25 07:28:27,817 [main] INFO  hdfs.DFSUtil (DFSUtil.java:httpServerTemplateForNNAndJN(1641)) - Starting Web-server for hddsDatanode at: http://0.0.0.0:0
2019-09-25 07:28:27,818 [main] INFO  server.AuthenticationFilter (AuthenticationFilter.java:constructSecretProvider(240)) - Unable to initialize FileSignerSecretProvider, falling back to use random secrets.
2019-09-25 07:28:27,819 [main] WARN  http.HttpRequestLog (HttpRequestLog.java:getRequestLog(97)) - Jetty request log can only be enabled using Log4j
2019-09-25 07:28:27,821 [main] INFO  http.HttpServer2 (HttpServer2.java:addGlobalFilter(975)) - Added global filter 'safety' (class=org.apache.hadoop.http.HttpServer2$QuotingInputFilter)
2019-09-25 07:28:27,822 [main] INFO  http.HttpServer2 (HttpServer2.java:addFilter(948)) - Added filter static_user_filter (class=org.apache.hadoop.http.lib.StaticUserWebFilter$StaticUserFilter) to context hddsDatanode
2019-09-25 07:28:27,822 [main] INFO  http.HttpServer2 (HttpServer2.java:addFilter(958)) - Added filter static_user_filter (class=org.apache.hadoop.http.lib.StaticUserWebFilter$StaticUserFilter) to context static
2019-09-25 07:28:27,822 [main] INFO  http.HttpServer2 (HttpServer2.java:addFilter(958)) - Added filter static_user_filter (class=org.apache.hadoop.http.lib.StaticUserWebFilter$StaticUserFilter) to context logs
2019-09-25 07:28:27,823 [main] INFO  http.HttpServer2 (HttpServer2.java:bindListener(1191)) - Jetty bound to port 39311
2019-09-25 07:28:27,823 [main] INFO  server.Server (Server.java:doStart(351)) - jetty-9.3.25.v20180904, build timestamp: 2018-09-04T21:11:46Z, git hash: 3ce520221d0240229c862b122d2b06c12a625732
2019-09-25 07:28:27,825 [main] INFO  handler.ContextHandler (ContextHandler.java:doStart(781)) - Started o.e.j.s.ServletContextHandler@eac3a26{/logs,file:///workdir/hadoop-ozone/tools/target/log,AVAILABLE}
2019-09-25 07:28:27,826 [main] INFO  handler.ContextHandler (ContextHandler.java:doStart(781)) - Started o.e.j.s.ServletContextHandler@53cf9c99{/static,jar:file:/home/user/.m2/repository/org/apache/hadoop/hadoop-hdds-container-service/0.5.0-SNAPSHOT/hadoop-hdds-container-service-0.5.0-SNAPSHOT.jar!/webapps/static,AVAILABLE}
2019-09-25 07:28:27,854 [main] INFO  handler.ContextHandler (ContextHandler.java:doStart(781)) - Started o.e.j.w.WebAppContext@ccf91df{/,file:///tmp/jetty-0.0.0.0-39311-hddsDatanode-_-any-6339002624202786743.dir/webapp/,AVAILABLE}{/hddsDatanode}
2019-09-25 07:28:27,856 [main] INFO  server.AbstractConnector (AbstractConnector.java:doStart(278)) - Started ServerConnector@117d32e{HTTP/1.1,[http/1.1]}{0.0.0.0:39311}
2019-09-25 07:28:27,856 [main] INFO  server.Server (Server.java:doStart(419)) - Started @7447ms
2019-09-25 07:28:27,856 [main] WARN  impl.MetricsSystemImpl (MetricsSystemImpl.java:register(276)) - Sink prometheus already exists!
2019-09-25 07:28:27,857 [main] INFO  server.BaseHttpServer (BaseHttpServer.java:updateConnectorAddress(215)) - HTTP server of HDDSDATANODE is listening at http://0.0.0.0:39311
2019-09-25 07:28:27,862 [main] INFO  ozone.MiniOzoneClusterImpl (MiniOzoneClusterImpl.java:lambda$waitForClusterToBeReady$0(147)) - Waiting for cluster to be ready. Got 0 of 5 DN Heartbeats.
2019-09-25 07:28:27,863 [org.apache.hadoop.util.JvmPauseMonitor$Monitor@10d6a1b2] INFO  util.JvmPauseMonitor (JvmPauseMonitor.java:run(188)) - Starting JVM pause monitor
2019-09-25 07:28:27,867 [Datanode State Machine Thread - 0] INFO  datanode.InitDatanodeState (InitDatanodeState.java:persistContainerDatanodeDetails(140)) - DatanodeDetails is persisted to /workdir/hadoop-ozone/tools/target/test-dir/MiniOzoneClusterImpl-024f4a54-ba4e-4a80-aa90-cb3ecc4826ee/datanode-4/meta/datanode.id
2019-09-25 07:28:28,862 [main] INFO  ozone.MiniOzoneClusterImpl (MiniOzoneClusterImpl.java:lambda$waitForClusterToBeReady$0(147)) - Waiting for cluster to be ready. Got 0 of 5 DN Heartbeats.
2019-09-25 07:28:29,622 [Datanode State Machine Thread - 0] INFO  ozoneimpl.OzoneContainer (OzoneContainer.java:start(217)) - Attempting to start container services.
2019-09-25 07:28:29,625 [Datanode State Machine Thread - 0] INFO  ozoneimpl.OzoneContainer (OzoneContainer.java:startContainerScrub(179)) - Background container scanner has been disabled.
2019-09-25 07:28:29,626 [Datanode State Machine Thread - 0] INFO  ratis.XceiverServerRatis (XceiverServerRatis.java:start(411)) - Starting XceiverServerRatis a3425e08-24ce-4736-9f6e-1b8551260ff2 at port 0
2019-09-25 07:28:29,650 [Datanode State Machine Thread - 0] INFO  impl.RaftServerProxy (RaftServerProxy.java:lambda$start$3(299)) - a3425e08-24ce-4736-9f6e-1b8551260ff2: start RPC server
2019-09-25 07:28:29,656 [Datanode State Machine Thread - 0] INFO  ozoneimpl.OzoneContainer (OzoneContainer.java:start(217)) - Attempting to start container services.
2019-09-25 07:28:29,662 [Datanode State Machine Thread - 0] INFO  ozoneimpl.OzoneContainer (OzoneContainer.java:startContainerScrub(179)) - Background container scanner has been disabled.
2019-09-25 07:28:29,662 [Datanode State Machine Thread - 0] INFO  ratis.XceiverServerRatis (XceiverServerRatis.java:start(411)) - Starting XceiverServerRatis 319eb9b2-446a-4b5b-95c2-98d772c8b042 at port 0
2019-09-25 07:28:29,671 [Datanode State Machine Thread - 0] INFO  impl.RaftServerProxy (RaftServerProxy.java:lambda$start$3(299)) - 319eb9b2-446a-4b5b-95c2-98d772c8b042: start RPC server
2019-09-25 07:28:29,730 [Datanode State Machine Thread - 0] INFO  ozoneimpl.OzoneContainer (OzoneContainer.java:start(217)) - Attempting to start container services.
2019-09-25 07:28:29,732 [Datanode State Machine Thread - 0] INFO  ozoneimpl.OzoneContainer (OzoneContainer.java:startContainerScrub(179)) - Background container scanner has been disabled.
2019-09-25 07:28:29,732 [Datanode State Machine Thread - 0] INFO  ratis.XceiverServerRatis (XceiverServerRatis.java:start(411)) - Starting XceiverServerRatis 7f677846-6321-4837-a536-8a7cfa3ddebf at port 0
2019-09-25 07:28:29,739 [Datanode State Machine Thread - 0] INFO  impl.RaftServerProxy (RaftServerProxy.java:lambda$start$3(299)) - 7f677846-6321-4837-a536-8a7cfa3ddebf: start RPC server
2019-09-25 07:28:29,805 [Datanode State Machine Thread - 0] INFO  ozoneimpl.OzoneContainer (OzoneContainer.java:start(217)) - Attempting to start container services.
2019-09-25 07:28:29,807 [Datanode State Machine Thread - 0] INFO  ozoneimpl.OzoneContainer (OzoneContainer.java:startContainerScrub(179)) - Background container scanner has been disabled.
2019-09-25 07:28:29,808 [Datanode State Machine Thread - 0] INFO  ratis.XceiverServerRatis (XceiverServerRatis.java:start(411)) - Starting XceiverServerRatis e9a92b31-f57e-42f9-b032-4050b3cc8be5 at port 0
2019-09-25 07:28:29,829 [Datanode State Machine Thread - 0] INFO  impl.RaftServerProxy (RaftServerProxy.java:lambda$start$3(299)) - e9a92b31-f57e-42f9-b032-4050b3cc8be5: start RPC server
2019-09-25 07:28:29,836 [Datanode State Machine Thread - 0] INFO  server.GrpcService (GrpcService.java:startImpl(158)) - 7f677846-6321-4837-a536-8a7cfa3ddebf: GrpcService started, listening on 0.0.0.0/0.0.0.0:43630
2019-09-25 07:28:29,836 [Datanode State Machine Thread - 0] INFO  server.GrpcService (GrpcService.java:startImpl(158)) - 319eb9b2-446a-4b5b-95c2-98d772c8b042: GrpcService started, listening on 0.0.0.0/0.0.0.0:42608
2019-09-25 07:28:29,836 [Datanode State Machine Thread - 0] INFO  server.GrpcService (GrpcService.java:startImpl(158)) - e9a92b31-f57e-42f9-b032-4050b3cc8be5: GrpcService started, listening on 0.0.0.0/0.0.0.0:37831
2019-09-25 07:28:29,836 [Datanode State Machine Thread - 0] INFO  server.GrpcService (GrpcService.java:startImpl(158)) - a3425e08-24ce-4736-9f6e-1b8551260ff2: GrpcService started, listening on 0.0.0.0/0.0.0.0:37358
2019-09-25 07:28:29,838 [Datanode State Machine Thread - 0] INFO  ratis.XceiverServerRatis (XceiverServerRatis.java:start(421)) - XceiverServerRatis e9a92b31-f57e-42f9-b032-4050b3cc8be5 is started using port 37831
2019-09-25 07:28:29,837 [Datanode State Machine Thread - 0] INFO  ratis.XceiverServerRatis (XceiverServerRatis.java:start(421)) - XceiverServerRatis 319eb9b2-446a-4b5b-95c2-98d772c8b042 is started using port 42608
2019-09-25 07:28:29,837 [Datanode State Machine Thread - 0] INFO  ratis.XceiverServerRatis (XceiverServerRatis.java:start(421)) - XceiverServerRatis 7f677846-6321-4837-a536-8a7cfa3ddebf is started using port 43630
2019-09-25 07:28:29,838 [Datanode State Machine Thread - 0] INFO  ratis.XceiverServerRatis (XceiverServerRatis.java:start(421)) - XceiverServerRatis a3425e08-24ce-4736-9f6e-1b8551260ff2 is started using port 37358
2019-09-25 07:28:29,848 [Datanode State Machine Thread - 0] INFO  server.XceiverServerGrpc (XceiverServerGrpc.java:start(149)) - XceiverServerGrpc a3425e08-24ce-4736-9f6e-1b8551260ff2 is started using port 44986
2019-09-25 07:28:29,849 [Datanode State Machine Thread - 0] INFO  server.XceiverServerGrpc (XceiverServerGrpc.java:start(149)) - XceiverServerGrpc 7f677846-6321-4837-a536-8a7cfa3ddebf is started using port 32940
2019-09-25 07:28:29,848 [Datanode State Machine Thread - 0] INFO  server.XceiverServerGrpc (XceiverServerGrpc.java:start(149)) - XceiverServerGrpc e9a92b31-f57e-42f9-b032-4050b3cc8be5 is started using port 37959
2019-09-25 07:28:29,848 [Datanode State Machine Thread - 0] INFO  server.XceiverServerGrpc (XceiverServerGrpc.java:start(149)) - XceiverServerGrpc 319eb9b2-446a-4b5b-95c2-98d772c8b042 is started using port 43955
2019-09-25 07:28:29,863 [main] INFO  ozone.MiniOzoneClusterImpl (MiniOzoneClusterImpl.java:lambda$waitForClusterToBeReady$0(147)) - Waiting for cluster to be ready. Got 0 of 5 DN Heartbeats.
2019-09-25 07:28:29,880 [Datanode State Machine Thread - 0] INFO  ozoneimpl.OzoneContainer (OzoneContainer.java:start(217)) - Attempting to start container services.
2019-09-25 07:28:29,885 [Datanode State Machine Thread - 0] INFO  ozoneimpl.OzoneContainer (OzoneContainer.java:startContainerScrub(179)) - Background container scanner has been disabled.
2019-09-25 07:28:29,885 [Datanode State Machine Thread - 0] INFO  ratis.XceiverServerRatis (XceiverServerRatis.java:start(411)) - Starting XceiverServerRatis cdf8b493-8d99-4b97-bf55-1e19bf837156 at port 0
2019-09-25 07:28:29,893 [Datanode State Machine Thread - 0] INFO  impl.RaftServerProxy (RaftServerProxy.java:lambda$start$3(299)) - cdf8b493-8d99-4b97-bf55-1e19bf837156: start RPC server
2019-09-25 07:28:29,896 [Datanode State Machine Thread - 0] INFO  server.GrpcService (GrpcService.java:startImpl(158)) - cdf8b493-8d99-4b97-bf55-1e19bf837156: GrpcService started, listening on 0.0.0.0/0.0.0.0:41087
2019-09-25 07:28:29,896 [Datanode State Machine Thread - 0] INFO  ratis.XceiverServerRatis (XceiverServerRatis.java:start(421)) - XceiverServerRatis cdf8b493-8d99-4b97-bf55-1e19bf837156 is started using port 41087
2019-09-25 07:28:29,899 [Datanode State Machine Thread - 0] INFO  server.XceiverServerGrpc (XceiverServerGrpc.java:start(149)) - XceiverServerGrpc cdf8b493-8d99-4b97-bf55-1e19bf837156 is started using port 34484
2019-09-25 07:28:30,863 [main] INFO  ozone.MiniOzoneClusterImpl (MiniOzoneClusterImpl.java:lambda$waitForClusterToBeReady$0(147)) - Waiting for cluster to be ready. Got 0 of 5 DN Heartbeats.
2019-09-25 07:28:31,592 [IPC Server handler 1 on 33191] INFO  net.NetworkTopology (NetworkTopologyImpl.java:add(111)) - Added a new node: /default-rack/a3425e08-24ce-4736-9f6e-1b8551260ff2
2019-09-25 07:28:31,593 [IPC Server handler 1 on 33191] INFO  node.SCMNodeManager (SCMNodeManager.java:register(266)) - Registered Data node : a3425e08-24ce-4736-9f6e-1b8551260ff2{ip: 192.168.30.10, host: pr-hdds-1569-s62bp-3040748787, networkLocation: /default-rack, certSerialId: null}
2019-09-25 07:28:31,599 [EventQueue-NodeRegistrationContainerReportForDataNodeSafeModeRule] INFO  safemode.SCMSafeModeManager (DataNodeSafeModeRule.java:process(71)) - SCM in safe mode. 1 DataNodes registered, 1 required.
2019-09-25 07:28:31,599 [EventQueue-NodeRegistrationContainerReportForDataNodeSafeModeRule] INFO  safemode.SCMSafeModeManager (SCMSafeModeManager.java:validateSafeModeExitRules(177)) - ScmSafeModeManager, all rules are successfully validated
2019-09-25 07:28:31,599 [EventQueue-NodeRegistrationContainerReportForDataNodeSafeModeRule] INFO  safemode.SCMSafeModeManager (SCMSafeModeManager.java:exitSafeMode(193)) - SCM exiting safe mode.
2019-09-25 07:28:31,643 [IPC Server handler 2 on 33191] INFO  net.NetworkTopology (NetworkTopologyImpl.java:add(111)) - Added a new node: /default-rack/319eb9b2-446a-4b5b-95c2-98d772c8b042
2019-09-25 07:28:31,643 [IPC Server handler 2 on 33191] INFO  node.SCMNodeManager (SCMNodeManager.java:register(266)) - Registered Data node : 319eb9b2-446a-4b5b-95c2-98d772c8b042{ip: 192.168.30.10, host: pr-hdds-1569-s62bp-3040748787, networkLocation: /default-rack, certSerialId: null}
2019-09-25 07:28:31,717 [IPC Server handler 3 on 33191] INFO  net.NetworkTopology (NetworkTopologyImpl.java:add(111)) - Added a new node: /default-rack/7f677846-6321-4837-a536-8a7cfa3ddebf
2019-09-25 07:28:31,718 [IPC Server handler 3 on 33191] INFO  node.SCMNodeManager (SCMNodeManager.java:register(266)) - Registered Data node : 7f677846-6321-4837-a536-8a7cfa3ddebf{ip: 192.168.30.10, host: pr-hdds-1569-s62bp-3040748787, networkLocation: /default-rack, certSerialId: null}
2019-09-25 07:28:31,792 [IPC Server handler 5 on 33191] INFO  net.NetworkTopology (NetworkTopologyImpl.java:add(111)) - Added a new node: /default-rack/e9a92b31-f57e-42f9-b032-4050b3cc8be5
2019-09-25 07:28:31,793 [IPC Server handler 5 on 33191] INFO  node.SCMNodeManager (SCMNodeManager.java:register(266)) - Registered Data node : e9a92b31-f57e-42f9-b032-4050b3cc8be5{ip: 192.168.30.10, host: pr-hdds-1569-s62bp-3040748787, networkLocation: /default-rack, certSerialId: null}
2019-09-25 07:28:31,864 [main] INFO  ozone.MiniOzoneClusterImpl (MiniOzoneClusterImpl.java:lambda$waitForClusterToBeReady$0(147)) - Waiting for cluster to be ready. Got 4 of 5 DN Heartbeats.
2019-09-25 07:28:31,867 [IPC Server handler 4 on 33191] INFO  net.NetworkTopology (NetworkTopologyImpl.java:add(111)) - Added a new node: /default-rack/cdf8b493-8d99-4b97-bf55-1e19bf837156
2019-09-25 07:28:31,867 [IPC Server handler 4 on 33191] INFO  node.SCMNodeManager (SCMNodeManager.java:register(266)) - Registered Data node : cdf8b493-8d99-4b97-bf55-1e19bf837156{ip: 192.168.30.10, host: pr-hdds-1569-s62bp-3040748787, networkLocation: /default-rack, certSerialId: null}
2019-09-25 07:28:32,143 [grpc-default-executor-0] INFO  impl.RaftServerProxy (RaftServerProxy.java:addNew(89)) - a3425e08-24ce-4736-9f6e-1b8551260ff2: addNew group-46AC0C7C9A13:[a3425e08-24ce-4736-9f6e-1b8551260ff2:192.168.30.10:37358] returns group-46AC0C7C9A13:java.util.concurrent.CompletableFuture@24e3b6cc[Not completed]
2019-09-25 07:28:32,154 [pool-27-thread-1] INFO  impl.RaftServerImpl (RaftServerImpl.java:<init>(95)) - a3425e08-24ce-4736-9f6e-1b8551260ff2: new RaftServerImpl for group-46AC0C7C9A13:[a3425e08-24ce-4736-9f6e-1b8551260ff2:192.168.30.10:37358] with ContainerStateMachine:uninitialized
2019-09-25 07:28:32,156 [pool-27-thread-1] INFO  server.RaftServerConfigKeys (ConfUtils.java:logGet(43)) - raft.server.rpc.timeout.min = 5s (custom)
2019-09-25 07:28:32,157 [pool-27-thread-1] INFO  server.RaftServerConfigKeys (ConfUtils.java:logGet(43)) - raft.server.rpc.timeout.max = 5200ms (custom)
2019-09-25 07:28:32,157 [pool-27-thread-1] INFO  server.RaftServerConfigKeys (ConfUtils.java:logGet(43)) - raft.server.rpcslowness.timeout = 120s (custom)
2019-09-25 07:28:32,158 [pool-27-thread-1] INFO  server.RaftServerConfigKeys (ConfUtils.java:logGet(43)) - raft.server.sleep.deviation.threshold = 300 (default)
2019-09-25 07:28:32,159 [pool-27-thread-1] INFO  server.RaftServerConfigKeys (ConfUtils.java:logGet(43)) - raft.server.log.appender.install.snapshot.enabled = false (custom)
2019-09-25 07:28:32,166 [pool-27-thread-1] INFO  impl.RaftServerImpl (ServerState.java:<init>(103)) - a3425e08-24ce-4736-9f6e-1b8551260ff2@group-46AC0C7C9A13: ConfigurationManager, init=-1: [a3425e08-24ce-4736-9f6e-1b8551260ff2:192.168.30.10:37358], old=null, confs=<EMPTY_MAP>
2019-09-25 07:28:32,167 [pool-27-thread-1] INFO  server.RaftServerConfigKeys (ConfUtils.java:logGet(43)) - raft.server.storage.dir = [/workdir/hadoop-ozone/tools/target/test-dir/MiniOzoneClusterImpl-024f4a54-ba4e-4a80-aa90-cb3ecc4826ee/datanode-0/data/ratis] (custom)
2019-09-25 07:28:32,174 [pool-27-thread-1] INFO  storage.RaftStorageDirectory (RaftStorageDirectory.java:analyzeStorage(246)) - The storage directory /workdir/hadoop-ozone/tools/target/test-dir/MiniOzoneClusterImpl-024f4a54-ba4e-4a80-aa90-cb3ecc4826ee/datanode-0/data/ratis/1465d164-4c90-4f18-b8f2-46ac0c7c9a13 does not exist. Creating ...
2019-09-25 07:28:32,199 [pool-27-thread-1] INFO  storage.RaftStorageDirectory (RaftStorageDirectory.java:tryLock(328)) - Lock on /workdir/hadoop-ozone/tools/target/test-dir/MiniOzoneClusterImpl-024f4a54-ba4e-4a80-aa90-cb3ecc4826ee/datanode-0/data/ratis/1465d164-4c90-4f18-b8f2-46ac0c7c9a13/in_use.lock acquired by nodename 7900@pr-hdds-1569-s62bp-3040748787
2019-09-25 07:28:32,214 [pool-27-thread-1] INFO  storage.RaftStorage (RaftStorage.java:format(72)) - Storage directory /workdir/hadoop-ozone/tools/target/test-dir/MiniOzoneClusterImpl-024f4a54-ba4e-4a80-aa90-cb3ecc4826ee/datanode-0/data/ratis/1465d164-4c90-4f18-b8f2-46ac0c7c9a13 has been successfully formatted.
2019-09-25 07:28:32,216 [pool-27-thread-1] INFO  ratis.ContainerStateMachine (ContainerStateMachine.java:loadSnapshot(230)) - group-46AC0C7C9A13: The snapshot info is null. Setting the last applied indexto:(t:0, i:~)
2019-09-25 07:28:32,216 [pool-27-thread-1] INFO  server.RaftServerConfigKeys (ConfUtils.java:logGet(43)) - raft.server.notification.no-leader.timeout = 120s (custom)
2019-09-25 07:28:32,218 [pool-27-thread-1] INFO  server.RaftServerConfigKeys (ConfUtils.java:logGet(43)) - raft.server.log.use.memory = false (default)
2019-09-25 07:28:32,225 [pool-27-thread-1] INFO  server.RaftServerConfigKeys (ConfUtils.java:logGet(43)) - raft.server.log.purge.gap = 1000000 (custom)
2019-09-25 07:28:32,226 [pool-27-thread-1] INFO  server.RaftServerConfigKeys (ConfUtils.java:logGet(43)) - raft.server.log.appender.buffer.byte-limit = 33554432 (custom)
2019-09-25 07:28:32,228 [pool-27-thread-1] INFO  server.RaftServerConfigKeys (ConfUtils.java:logGet(43)) - raft.server.log.segment.size.max = 1048576 (custom)
2019-09-25 07:28:32,232 [pool-27-thread-1] INFO  server.RaftServerConfigKeys (ConfUtils.java:logGet(43)) - raft.server.log.segment.cache.num.max = 2 (custom)
2019-09-25 07:28:32,238 [pool-27-thread-1] INFO  segmented.SegmentedRaftLogWorker (SegmentedRaftLogWorker.java:<init>(172)) - new a3425e08-24ce-4736-9f6e-1b8551260ff2@group-46AC0C7C9A13-SegmentedRaftLogWorker for RaftStorage:Storage Directory /workdir/hadoop-ozone/tools/target/test-dir/MiniOzoneClusterImpl-024f4a54-ba4e-4a80-aa90-cb3ecc4826ee/datanode-0/data/ratis/1465d164-4c90-4f18-b8f2-46ac0c7c9a13
2019-09-25 07:28:32,239 [pool-27-thread-1] INFO  impl.MetricsSystemImpl (MetricsSystemImpl.java:init(158)) - ratis metrics system started (again)
2019-09-25 07:28:32,246 [pool-27-thread-1] INFO  metrics.MetricRegistries (MetricRegistriesLoader.java:load(64)) - Loaded MetricRegistries class org.apache.ratis.metrics.impl.MetricRegistriesImpl
2019-09-25 07:28:32,282 [pool-27-thread-1] INFO  server.RaftServerConfigKeys (ConfUtils.java:logGet(43)) - raft.server.log.queue.byte-limit = 2147483647 (custom)
2019-09-25 07:28:32,283 [pool-27-thread-1] INFO  server.RaftServerConfigKeys (ConfUtils.java:logGet(43)) - raft.server.log.queue.element-limit = 1024 (custom)
2019-09-25 07:28:32,287 [pool-27-thread-1] INFO  server.RaftServerConfigKeys (ConfUtils.java:logGet(43)) - raft.server.log.segment.size.max = 1048576 (custom)
2019-09-25 07:28:32,288 [pool-27-thread-1] INFO  server.RaftServerConfigKeys (ConfUtils.java:logGet(43)) - raft.server.log.preallocated.size = 16384 (custom)
2019-09-25 07:28:32,288 [pool-27-thread-1] INFO  server.RaftServerConfigKeys (ConfUtils.java:logGet(43)) - raft.server.log.write.buffer.size = 33554432 (custom)
2019-09-25 07:28:32,289 [pool-27-thread-1] INFO  server.RaftServerConfigKeys (ConfUtils.java:logGet(43)) - raft.server.log.force.sync.num = 128 (default)
2019-09-25 07:28:32,290 [pool-27-thread-1] INFO  server.RaftServerConfigKeys (ConfUtils.java:logGet(43)) - raft.server.log.statemachine.data.sync = true (default)
2019-09-25 07:28:32,290 [pool-27-thread-1] INFO  server.RaftServerConfigKeys (ConfUtils.java:logGet(43)) - raft.server.log.statemachine.data.sync.timeout = 10s (default)
2019-09-25 07:28:32,291 [pool-27-thread-1] INFO  server.RaftServerConfigKeys (ConfUtils.java:logGet(43)) - raft.server.log.statemachine.data.sync.timeout.retry = -1 (default)
2019-09-25 07:28:32,307 [pool-27-thread-1] INFO  server.RaftServerConfigKeys (ConfUtils.java:logGet(43)) - raft.server.log.statemachine.data.caching.enabled = true (custom)
2019-09-25 07:28:32,312 [pool-27-thread-1] INFO  segmented.SegmentedRaftLogWorker (SegmentedRaftLogWorker.java:lambda$new$0(132)) - a3425e08-24ce-4736-9f6e-1b8551260ff2@group-46AC0C7C9A13-SegmentedRaftLogWorker: flushIndex: setUnconditionally 0 -> -1
2019-09-25 07:28:32,317 [pool-27-thread-1] INFO  server.RaftServerConfigKeys (ConfUtils.java:logGet(43)) - raft.server.snapshot.auto.trigger.enabled = true (custom)
2019-09-25 07:28:32,317 [pool-27-thread-1] INFO  server.RaftServerConfigKeys (ConfUtils.java:logGet(43)) - raft.server.snapshot.auto.trigger.threshold = 10000 (custom)
2019-09-25 07:28:32,318 [pool-27-thread-1] INFO  server.RaftServerConfigKeys (ConfUtils.java:logGet(43)) - raft.server.snapshot.retention.num.files = 5 (custom)
2019-09-25 07:28:32,319 [pool-27-thread-1] INFO  server.RaftServerConfigKeys (ConfUtils.java:logGet(43)) - raft.server.retrycache.expirytime = 600000ms (custom)
2019-09-25 07:28:32,344 [pool-27-thread-1] INFO  impl.RaftServerImpl (RaftServerImpl.java:start(185)) - a3425e08-24ce-4736-9f6e-1b8551260ff2@group-46AC0C7C9A13: start as a follower, conf=-1: [a3425e08-24ce-4736-9f6e-1b8551260ff2:192.168.30.10:37358], old=null
2019-09-25 07:28:32,345 [pool-27-thread-1] INFO  impl.RaftServerImpl (RaftServerImpl.java:setRole(174)) - a3425e08-24ce-4736-9f6e-1b8551260ff2@group-46AC0C7C9A13: changes role from      null to FOLLOWER at term 0 for startAsFollower
2019-09-25 07:28:32,346 [pool-27-thread-1] INFO  impl.RoleInfo (RoleInfo.java:updateAndGet(143)) - a3425e08-24ce-4736-9f6e-1b8551260ff2: start FollowerState
2019-09-25 07:28:32,348 [pool-27-thread-1] INFO  util.JmxRegister (JmxRegister.java:tryRegister(44)) - Successfully registered JMX Bean with object name Ratis:service=RaftServer,group=group-46AC0C7C9A13,id=a3425e08-24ce-4736-9f6e-1b8551260ff2
2019-09-25 07:28:32,412 [RatisPipelineUtilsThread] INFO  pipeline.PipelineStateManager (PipelineStateManager.java:addPipeline(56)) - Created pipeline Pipeline[ Id: 1465d164-4c90-4f18-b8f2-46ac0c7c9a13, Nodes: a3425e08-24ce-4736-9f6e-1b8551260ff2{ip: 192.168.30.10, host: pr-hdds-1569-s62bp-3040748787, networkLocation: /default-rack, certSerialId: null}, Type:RATIS, Factor:ONE, State:OPEN]
2019-09-25 07:28:32,435 [grpc-default-executor-0] INFO  impl.RaftServerProxy (RaftServerProxy.java:addNew(89)) - e9a92b31-f57e-42f9-b032-4050b3cc8be5: addNew group-8779C3C2E944:[e9a92b31-f57e-42f9-b032-4050b3cc8be5:192.168.30.10:37831] returns group-8779C3C2E944:java.util.concurrent.CompletableFuture@64d1abf3[Not completed]
2019-09-25 07:28:32,479 [pool-57-thread-1] INFO  impl.RaftServerImpl (RaftServerImpl.java:<init>(95)) - e9a92b31-f57e-42f9-b032-4050b3cc8be5: new RaftServerImpl for group-8779C3C2E944:[e9a92b31-f57e-42f9-b032-4050b3cc8be5:192.168.30.10:37831] with ContainerStateMachine:uninitialized
2019-09-25 07:28:32,480 [pool-57-thread-1] INFO  server.RaftServerConfigKeys (ConfUtils.java:logGet(43)) - raft.server.rpc.timeout.min = 5s (custom)
2019-09-25 07:28:32,481 [pool-57-thread-1] INFO  server.RaftServerConfigKeys (ConfUtils.java:logGet(43)) - raft.server.rpc.timeout.max = 5200ms (custom)
2019-09-25 07:28:32,481 [pool-57-thread-1] INFO  server.RaftServerConfigKeys (ConfUtils.java:logGet(43)) - raft.server.rpcslowness.timeout = 120s (custom)
2019-09-25 07:28:32,481 [pool-57-thread-1] INFO  server.RaftServerConfigKeys (ConfUtils.java:logGet(43)) - raft.server.sleep.deviation.threshold = 300 (default)
2019-09-25 07:28:32,481 [pool-57-thread-1] INFO  server.RaftServerConfigKeys (ConfUtils.java:logGet(43)) - raft.server.log.appender.install.snapshot.enabled = false (custom)
2019-09-25 07:28:32,481 [pool-57-thread-1] INFO  impl.RaftServerImpl (ServerState.java:<init>(103)) - e9a92b31-f57e-42f9-b032-4050b3cc8be5@group-8779C3C2E944: ConfigurationManager, init=-1: [e9a92b31-f57e-42f9-b032-4050b3cc8be5:192.168.30.10:37831], old=null, confs=<EMPTY_MAP>
2019-09-25 07:28:32,481 [pool-57-thread-1] INFO  server.RaftServerConfigKeys (ConfUtils.java:logGet(43)) - raft.server.storage.dir = [/workdir/hadoop-ozone/tools/target/test-dir/MiniOzoneClusterImpl-024f4a54-ba4e-4a80-aa90-cb3ecc4826ee/datanode-3/data/ratis] (custom)
2019-09-25 07:28:32,482 [pool-57-thread-1] INFO  storage.RaftStorageDirectory (RaftStorageDirectory.java:analyzeStorage(246)) - The storage directory /workdir/hadoop-ozone/tools/target/test-dir/MiniOzoneClusterImpl-024f4a54-ba4e-4a80-aa90-cb3ecc4826ee/datanode-3/data/ratis/4c19d70c-36ec-4d51-85e9-8779c3c2e944 does not exist. Creating ...
2019-09-25 07:28:32,498 [pool-57-thread-1] INFO  storage.RaftStorageDirectory (RaftStorageDirectory.java:tryLock(328)) - Lock on /workdir/hadoop-ozone/tools/target/test-dir/MiniOzoneClusterImpl-024f4a54-ba4e-4a80-aa90-cb3ecc4826ee/datanode-3/data/ratis/4c19d70c-36ec-4d51-85e9-8779c3c2e944/in_use.lock acquired by nodename 7900@pr-hdds-1569-s62bp-3040748787
2019-09-25 07:28:32,511 [pool-57-thread-1] INFO  storage.RaftStorage (RaftStorage.java:format(72)) - Storage directory /workdir/hadoop-ozone/tools/target/test-dir/MiniOzoneClusterImpl-024f4a54-ba4e-4a80-aa90-cb3ecc4826ee/datanode-3/data/ratis/4c19d70c-36ec-4d51-85e9-8779c3c2e944 has been successfully formatted.
2019-09-25 07:28:32,513 [pool-57-thread-1] INFO  ratis.ContainerStateMachine (ContainerStateMachine.java:loadSnapshot(230)) - group-8779C3C2E944: The snapshot info is null. Setting the last applied indexto:(t:0, i:~)
2019-09-25 07:28:32,514 [pool-57-thread-1] INFO  server.RaftServerConfigKeys (ConfUtils.java:logGet(43)) - raft.server.notification.no-leader.timeout = 120s (custom)
2019-09-25 07:28:32,514 [pool-57-thread-1] INFO  server.RaftServerConfigKeys (ConfUtils.java:logGet(43)) - raft.server.log.use.memory = false (default)
2019-09-25 07:28:32,514 [pool-57-thread-1] INFO  server.RaftServerConfigKeys (ConfUtils.java:logGet(43)) - raft.server.log.purge.gap = 1000000 (custom)
2019-09-25 07:28:32,515 [pool-57-thread-1] INFO  server.RaftServerConfigKeys (ConfUtils.java:logGet(43)) - raft.server.log.appender.buffer.byte-limit = 33554432 (custom)
2019-09-25 07:28:32,515 [pool-57-thread-1] INFO  server.RaftServerConfigKeys (ConfUtils.java:logGet(43)) - raft.server.log.segment.size.max = 1048576 (custom)
2019-09-25 07:28:32,515 [pool-57-thread-1] INFO  server.RaftServerConfigKeys (ConfUtils.java:logGet(43)) - raft.server.log.segment.cache.num.max = 2 (custom)
2019-09-25 07:28:32,515 [pool-57-thread-1] INFO  segmented.SegmentedRaftLogWorker (SegmentedRaftLogWorker.java:<init>(172)) - new e9a92b31-f57e-42f9-b032-4050b3cc8be5@group-8779C3C2E944-SegmentedRaftLogWorker for RaftStorage:Storage Directory /workdir/hadoop-ozone/tools/target/test-dir/MiniOzoneClusterImpl-024f4a54-ba4e-4a80-aa90-cb3ecc4826ee/datanode-3/data/ratis/4c19d70c-36ec-4d51-85e9-8779c3c2e944
2019-09-25 07:28:32,521 [pool-57-thread-1] INFO  server.RaftServerConfigKeys (ConfUtils.java:logGet(43)) - raft.server.log.queue.byte-limit = 2147483647 (custom)
2019-09-25 07:28:32,522 [pool-57-thread-1] INFO  server.RaftServerConfigKeys (ConfUtils.java:logGet(43)) - raft.server.log.queue.element-limit = 1024 (custom)
2019-09-25 07:28:32,522 [pool-57-thread-1] INFO  server.RaftServerConfigKeys (ConfUtils.java:logGet(43)) - raft.server.log.segment.size.max = 1048576 (custom)
2019-09-25 07:28:32,522 [pool-57-thread-1] INFO  server.RaftServerConfigKeys (ConfUtils.java:logGet(43)) - raft.server.log.preallocated.size = 16384 (custom)
2019-09-25 07:28:32,522 [pool-57-thread-1] INFO  server.RaftServerConfigKeys (ConfUtils.java:logGet(43)) - raft.server.log.write.buffer.size = 33554432 (custom)
2019-09-25 07:28:32,522 [pool-57-thread-1] INFO  server.RaftServerConfigKeys (ConfUtils.java:logGet(43)) - raft.server.log.force.sync.num = 128 (default)
2019-09-25 07:28:32,522 [pool-57-thread-1] INFO  server.RaftServerConfigKeys (ConfUtils.java:logGet(43)) - raft.server.log.statemachine.data.sync = true (default)
2019-09-25 07:28:32,523 [pool-57-thread-1] INFO  server.RaftServerConfigKeys (ConfUtils.java:logGet(43)) - raft.server.log.statemachine.data.sync.timeout = 10s (default)
2019-09-25 07:28:32,523 [pool-57-thread-1] INFO  server.RaftServerConfigKeys (ConfUtils.java:logGet(43)) - raft.server.log.statemachine.data.sync.timeout.retry = -1 (default)
2019-09-25 07:28:32,523 [pool-57-thread-1] INFO  server.RaftServerConfigKeys (ConfUtils.java:logGet(43)) - raft.server.log.statemachine.data.caching.enabled = true (custom)
2019-09-25 07:28:32,523 [pool-57-thread-1] INFO  segmented.SegmentedRaftLogWorker (SegmentedRaftLogWorker.java:lambda$new$0(132)) - e9a92b31-f57e-42f9-b032-4050b3cc8be5@group-8779C3C2E944-SegmentedRaftLogWorker: flushIndex: setUnconditionally 0 -> -1
2019-09-25 07:28:32,524 [pool-57-thread-1] INFO  server.RaftServerConfigKeys (ConfUtils.java:logGet(43)) - raft.server.snapshot.auto.trigger.enabled = true (custom)
2019-09-25 07:28:32,524 [pool-57-thread-1] INFO  server.RaftServerConfigKeys (ConfUtils.java:logGet(43)) - raft.server.snapshot.auto.trigger.threshold = 10000 (custom)
2019-09-25 07:28:32,524 [pool-57-thread-1] INFO  server.RaftServerConfigKeys (ConfUtils.java:logGet(43)) - raft.server.snapshot.retention.num.files = 5 (custom)
2019-09-25 07:28:32,524 [pool-57-thread-1] INFO  server.RaftServerConfigKeys (ConfUtils.java:logGet(43)) - raft.server.retrycache.expirytime = 600000ms (custom)
2019-09-25 07:28:32,529 [pool-57-thread-1] INFO  impl.RaftServerImpl (RaftServerImpl.java:start(185)) - e9a92b31-f57e-42f9-b032-4050b3cc8be5@group-8779C3C2E944: start as a follower, conf=-1: [e9a92b31-f57e-42f9-b032-4050b3cc8be5:192.168.30.10:37831], old=null
2019-09-25 07:28:32,529 [pool-57-thread-1] INFO  impl.RaftServerImpl (RaftServerImpl.java:setRole(174)) - e9a92b31-f57e-42f9-b032-4050b3cc8be5@group-8779C3C2E944: changes role from      null to FOLLOWER at term 0 for startAsFollower
2019-09-25 07:28:32,529 [pool-57-thread-1] INFO  impl.RoleInfo (RoleInfo.java:updateAndGet(143)) - e9a92b31-f57e-42f9-b032-4050b3cc8be5: start FollowerState
2019-09-25 07:28:32,531 [pool-57-thread-1] INFO  util.JmxRegister (JmxRegister.java:tryRegister(44)) - Successfully registered JMX Bean with object name Ratis:service=RaftServer,group=group-8779C3C2E944,id=e9a92b31-f57e-42f9-b032-4050b3cc8be5
2019-09-25 07:28:32,548 [RatisPipelineUtilsThread] INFO  pipeline.PipelineStateManager (PipelineStateManager.java:addPipeline(56)) - Created pipeline Pipeline[ Id: 4c19d70c-36ec-4d51-85e9-8779c3c2e944, Nodes: e9a92b31-f57e-42f9-b032-4050b3cc8be5{ip: 192.168.30.10, host: pr-hdds-1569-s62bp-3040748787, networkLocation: /default-rack, certSerialId: null}, Type:RATIS, Factor:ONE, State:OPEN]
2019-09-25 07:28:32,571 [grpc-default-executor-0] INFO  impl.RaftServerProxy (RaftServerProxy.java:addNew(89)) - a3425e08-24ce-4736-9f6e-1b8551260ff2: addNew group-0EEA8C2B14F9:[a3425e08-24ce-4736-9f6e-1b8551260ff2:192.168.30.10:37358] returns group-0EEA8C2B14F9:java.util.concurrent.CompletableFuture@127a35ec[Not completed]
2019-09-25 07:28:32,592 [pool-27-thread-1] INFO  impl.RaftServerImpl (RaftServerImpl.java:<init>(95)) - a3425e08-24ce-4736-9f6e-1b8551260ff2: new RaftServerImpl for group-0EEA8C2B14F9:[a3425e08-24ce-4736-9f6e-1b8551260ff2:192.168.30.10:37358] with ContainerStateMachine:uninitialized
2019-09-25 07:28:32,592 [pool-27-thread-1] INFO  server.RaftServerConfigKeys (ConfUtils.java:logGet(43)) - raft.server.rpc.timeout.min = 5s (custom)
2019-09-25 07:28:32,593 [pool-27-thread-1] INFO  server.RaftServerConfigKeys (ConfUtils.java:logGet(43)) - raft.server.rpc.timeout.max = 5200ms (custom)
2019-09-25 07:28:32,593 [pool-27-thread-1] INFO  server.RaftServerConfigKeys (ConfUtils.java:logGet(43)) - raft.server.rpcslowness.timeout = 120s (custom)
2019-09-25 07:28:32,593 [pool-27-thread-1] INFO  server.RaftServerConfigKeys (ConfUtils.java:logGet(43)) - raft.server.sleep.deviation.threshold = 300 (default)
2019-09-25 07:28:32,593 [pool-27-thread-1] INFO  server.RaftServerConfigKeys (ConfUtils.java:logGet(43)) - raft.server.log.appender.install.snapshot.enabled = false (custom)
2019-09-25 07:28:32,593 [pool-27-thread-1] INFO  impl.RaftServerImpl (ServerState.java:<init>(103)) - a3425e08-24ce-4736-9f6e-1b8551260ff2@group-0EEA8C2B14F9: ConfigurationManager, init=-1: [a3425e08-24ce-4736-9f6e-1b8551260ff2:192.168.30.10:37358], old=null, confs=<EMPTY_MAP>
2019-09-25 07:28:32,593 [pool-27-thread-1] INFO  server.RaftServerConfigKeys (ConfUtils.java:logGet(43)) - raft.server.storage.dir = [/workdir/hadoop-ozone/tools/target/test-dir/MiniOzoneClusterImpl-024f4a54-ba4e-4a80-aa90-cb3ecc4826ee/datanode-0/data/ratis] (custom)
2019-09-25 07:28:32,594 [pool-27-thread-1] INFO  storage.RaftStorageDirectory (RaftStorageDirectory.java:analyzeStorage(246)) - The storage directory /workdir/hadoop-ozone/tools/target/test-dir/MiniOzoneClusterImpl-024f4a54-ba4e-4a80-aa90-cb3ecc4826ee/datanode-0/data/ratis/5c667fe0-8a85-418a-bf34-0eea8c2b14f9 does not exist. Creating ...
2019-09-25 07:28:32,607 [pool-27-thread-1] INFO  storage.RaftStorageDirectory (RaftStorageDirectory.java:tryLock(328)) - Lock on /workdir/hadoop-ozone/tools/target/test-dir/MiniOzoneClusterImpl-024f4a54-ba4e-4a80-aa90-cb3ecc4826ee/datanode-0/data/ratis/5c667fe0-8a85-418a-bf34-0eea8c2b14f9/in_use.lock acquired by nodename 7900@pr-hdds-1569-s62bp-3040748787
2019-09-25 07:28:32,630 [pool-27-thread-1] INFO  storage.RaftStorage (RaftStorage.java:format(72)) - Storage directory /workdir/hadoop-ozone/tools/target/test-dir/MiniOzoneClusterImpl-024f4a54-ba4e-4a80-aa90-cb3ecc4826ee/datanode-0/data/ratis/5c667fe0-8a85-418a-bf34-0eea8c2b14f9 has been successfully formatted.
2019-09-25 07:28:32,631 [pool-27-thread-1] INFO  ratis.ContainerStateMachine (ContainerStateMachine.java:loadSnapshot(230)) - group-0EEA8C2B14F9: The snapshot info is null. Setting the last applied indexto:(t:0, i:~)
2019-09-25 07:28:32,631 [pool-27-thread-1] INFO  server.RaftServerConfigKeys (ConfUtils.java:logGet(43)) - raft.server.notification.no-leader.timeout = 120s (custom)
2019-09-25 07:28:32,631 [pool-27-thread-1] INFO  server.RaftServerConfigKeys (ConfUtils.java:logGet(43)) - raft.server.log.use.memory = false (default)
2019-09-25 07:28:32,631 [pool-27-thread-1] INFO  server.RaftServerConfigKeys (ConfUtils.java:logGet(43)) - raft.server.log.purge.gap = 1000000 (custom)
2019-09-25 07:28:32,631 [pool-27-thread-1] INFO  server.RaftServerConfigKeys (ConfUtils.java:logGet(43)) - raft.server.log.appender.buffer.byte-limit = 33554432 (custom)
2019-09-25 07:28:32,632 [pool-27-thread-1] INFO  server.RaftServerConfigKeys (ConfUtils.java:logGet(43)) - raft.server.log.segment.size.max = 1048576 (custom)
2019-09-25 07:28:32,632 [pool-27-thread-1] INFO  server.RaftServerConfigKeys (ConfUtils.java:logGet(43)) - raft.server.log.segment.cache.num.max = 2 (custom)
2019-09-25 07:28:32,632 [pool-27-thread-1] INFO  segmented.SegmentedRaftLogWorker (SegmentedRaftLogWorker.java:<init>(172)) - new a3425e08-24ce-4736-9f6e-1b8551260ff2@group-0EEA8C2B14F9-SegmentedRaftLogWorker for RaftStorage:Storage Directory /workdir/hadoop-ozone/tools/target/test-dir/MiniOzoneClusterImpl-024f4a54-ba4e-4a80-aa90-cb3ecc4826ee/datanode-0/data/ratis/5c667fe0-8a85-418a-bf34-0eea8c2b14f9
2019-09-25 07:28:32,632 [pool-27-thread-1] INFO  server.RaftServerConfigKeys (ConfUtils.java:logGet(43)) - raft.server.log.queue.byte-limit = 2147483647 (custom)
2019-09-25 07:28:32,633 [pool-27-thread-1] INFO  server.RaftServerConfigKeys (ConfUtils.java:logGet(43)) - raft.server.log.queue.element-limit = 1024 (custom)
2019-09-25 07:28:32,633 [pool-27-thread-1] INFO  server.RaftServerConfigKeys (ConfUtils.java:logGet(43)) - raft.server.log.segment.size.max = 1048576 (custom)
2019-09-25 07:28:32,633 [pool-27-thread-1] INFO  server.RaftServerConfigKeys (ConfUtils.java:logGet(43)) - raft.server.log.preallocated.size = 16384 (custom)
2019-09-25 07:28:32,633 [pool-27-thread-1] INFO  server.RaftServerConfigKeys (ConfUtils.java:logGet(43)) - raft.server.log.write.buffer.size = 33554432 (custom)
2019-09-25 07:28:32,633 [pool-27-thread-1] INFO  server.RaftServerConfigKeys (ConfUtils.java:logGet(43)) - raft.server.log.force.sync.num = 128 (default)
2019-09-25 07:28:32,634 [pool-27-thread-1] INFO  server.RaftServerConfigKeys (ConfUtils.java:logGet(43)) - raft.server.log.statemachine.data.sync = true (default)
2019-09-25 07:28:32,634 [pool-27-thread-1] INFO  server.RaftServerConfigKeys (ConfUtils.java:logGet(43)) - raft.server.log.statemachine.data.sync.timeout = 10s (default)
2019-09-25 07:28:32,634 [pool-27-thread-1] INFO  server.RaftServerConfigKeys (ConfUtils.java:logGet(43)) - raft.server.log.statemachine.data.sync.timeout.retry = -1 (default)
2019-09-25 07:28:32,634 [pool-27-thread-1] INFO  server.RaftServerConfigKeys (ConfUtils.java:logGet(43)) - raft.server.log.statemachine.data.caching.enabled = true (custom)
2019-09-25 07:28:32,635 [pool-27-thread-1] INFO  segmented.SegmentedRaftLogWorker (SegmentedRaftLogWorker.java:lambda$new$0(132)) - a3425e08-24ce-4736-9f6e-1b8551260ff2@group-0EEA8C2B14F9-SegmentedRaftLogWorker: flushIndex: setUnconditionally 0 -> -1
2019-09-25 07:28:32,635 [pool-27-thread-1] INFO  server.RaftServerConfigKeys (ConfUtils.java:logGet(43)) - raft.server.snapshot.auto.trigger.enabled = true (custom)
2019-09-25 07:28:32,635 [pool-27-thread-1] INFO  server.RaftServerConfigKeys (ConfUtils.java:logGet(43)) - raft.server.snapshot.auto.trigger.threshold = 10000 (custom)
2019-09-25 07:28:32,636 [pool-27-thread-1] INFO  server.RaftServerConfigKeys (ConfUtils.java:logGet(43)) - raft.server.snapshot.retention.num.files = 5 (custom)
2019-09-25 07:28:32,636 [pool-27-thread-1] INFO  server.RaftServerConfigKeys (ConfUtils.java:logGet(43)) - raft.server.retrycache.expirytime = 600000ms (custom)
2019-09-25 07:28:32,676 [pool-27-thread-1] INFO  impl.RaftServerImpl (RaftServerImpl.java:start(185)) - a3425e08-24ce-4736-9f6e-1b8551260ff2@group-0EEA8C2B14F9: start as a follower, conf=-1: [a3425e08-24ce-4736-9f6e-1b8551260ff2:192.168.30.10:37358], old=null
2019-09-25 07:28:32,676 [pool-27-thread-1] INFO  impl.RaftServerImpl (RaftServerImpl.java:setRole(174)) - a3425e08-24ce-4736-9f6e-1b8551260ff2@group-0EEA8C2B14F9: changes role from      null to FOLLOWER at term 0 for startAsFollower
2019-09-25 07:28:32,676 [pool-27-thread-1] INFO  impl.RoleInfo (RoleInfo.java:updateAndGet(143)) - a3425e08-24ce-4736-9f6e-1b8551260ff2: start FollowerState
2019-09-25 07:28:32,677 [pool-27-thread-1] INFO  util.JmxRegister (JmxRegister.java:tryRegister(44)) - Successfully registered JMX Bean with object name Ratis:service=RaftServer,group=group-0EEA8C2B14F9,id=a3425e08-24ce-4736-9f6e-1b8551260ff2
2019-09-25 07:28:32,688 [RatisPipelineUtilsThread] INFO  pipeline.PipelineStateManager (PipelineStateManager.java:addPipeline(56)) - Created pipeline Pipeline[ Id: 5c667fe0-8a85-418a-bf34-0eea8c2b14f9, Nodes: a3425e08-24ce-4736-9f6e-1b8551260ff2{ip: 192.168.30.10, host: pr-hdds-1569-s62bp-3040748787, networkLocation: /default-rack, certSerialId: null}, Type:RATIS, Factor:ONE, State:OPEN]
2019-09-25 07:28:32,708 [grpc-default-executor-0] INFO  impl.RaftServerProxy (RaftServerProxy.java:addNew(89)) - a3425e08-24ce-4736-9f6e-1b8551260ff2: addNew group-057A71891E68:[a3425e08-24ce-4736-9f6e-1b8551260ff2:192.168.30.10:37358] returns group-057A71891E68:java.util.concurrent.CompletableFuture@51023339[Not completed]
2019-09-25 07:28:32,710 [pool-27-thread-1] INFO  impl.RaftServerImpl (RaftServerImpl.java:<init>(95)) - a3425e08-24ce-4736-9f6e-1b8551260ff2: new RaftServerImpl for group-057A71891E68:[a3425e08-24ce-4736-9f6e-1b8551260ff2:192.168.30.10:37358] with ContainerStateMachine:uninitialized
2019-09-25 07:28:32,710 [pool-27-thread-1] INFO  server.RaftServerConfigKeys (ConfUtils.java:logGet(43)) - raft.server.rpc.timeout.min = 5s (custom)
2019-09-25 07:28:32,710 [pool-27-thread-1] INFO  server.RaftServerConfigKeys (ConfUtils.java:logGet(43)) - raft.server.rpc.timeout.max = 5200ms (custom)
2019-09-25 07:28:32,710 [pool-27-thread-1] INFO  server.RaftServerConfigKeys (ConfUtils.java:logGet(43)) - raft.server.rpcslowness.timeout = 120s (custom)
2019-09-25 07:28:32,710 [pool-27-thread-1] INFO  server.RaftServerConfigKeys (ConfUtils.java:logGet(43)) - raft.server.sleep.deviation.threshold = 300 (default)
2019-09-25 07:28:32,711 [pool-27-thread-1] INFO  server.RaftServerConfigKeys (ConfUtils.java:logGet(43)) - raft.server.log.appender.install.snapshot.enabled = false (custom)
2019-09-25 07:28:32,711 [pool-27-thread-1] INFO  impl.RaftServerImpl (ServerState.java:<init>(103)) - a3425e08-24ce-4736-9f6e-1b8551260ff2@group-057A71891E68: ConfigurationManager, init=-1: [a3425e08-24ce-4736-9f6e-1b8551260ff2:192.168.30.10:37358], old=null, confs=<EMPTY_MAP>
2019-09-25 07:28:32,711 [pool-27-thread-1] INFO  server.RaftServerConfigKeys (ConfUtils.java:logGet(43)) - raft.server.storage.dir = [/workdir/hadoop-ozone/tools/target/test-dir/MiniOzoneClusterImpl-024f4a54-ba4e-4a80-aa90-cb3ecc4826ee/datanode-0/data/ratis] (custom)
2019-09-25 07:28:32,711 [pool-27-thread-1] INFO  storage.RaftStorageDirectory (RaftStorageDirectory.java:analyzeStorage(246)) - The storage directory /workdir/hadoop-ozone/tools/target/test-dir/MiniOzoneClusterImpl-024f4a54-ba4e-4a80-aa90-cb3ecc4826ee/datanode-0/data/ratis/a94a9d9b-064b-4703-9052-057a71891e68 does not exist. Creating ...
2019-09-25 07:28:32,732 [pool-27-thread-1] INFO  storage.RaftStorageDirectory (RaftStorageDirectory.java:tryLock(328)) - Lock on /workdir/hadoop-ozone/tools/target/test-dir/MiniOzoneClusterImpl-024f4a54-ba4e-4a80-aa90-cb3ecc4826ee/datanode-0/data/ratis/a94a9d9b-064b-4703-9052-057a71891e68/in_use.lock acquired by nodename 7900@pr-hdds-1569-s62bp-3040748787
2019-09-25 07:28:32,747 [pool-27-thread-1] INFO  storage.RaftStorage (RaftStorage.java:format(72)) - Storage directory /workdir/hadoop-ozone/tools/target/test-dir/MiniOzoneClusterImpl-024f4a54-ba4e-4a80-aa90-cb3ecc4826ee/datanode-0/data/ratis/a94a9d9b-064b-4703-9052-057a71891e68 has been successfully formatted.
2019-09-25 07:28:32,747 [pool-27-thread-1] INFO  ratis.ContainerStateMachine (ContainerStateMachine.java:loadSnapshot(230)) - group-057A71891E68: The snapshot info is null. Setting the last applied indexto:(t:0, i:~)
2019-09-25 07:28:32,747 [pool-27-thread-1] INFO  server.RaftServerConfigKeys (ConfUtils.java:logGet(43)) - raft.server.notification.no-leader.timeout = 120s (custom)
2019-09-25 07:28:32,747 [pool-27-thread-1] INFO  server.RaftServerConfigKeys (ConfUtils.java:logGet(43)) - raft.server.log.use.memory = false (default)
2019-09-25 07:28:32,748 [pool-27-thread-1] INFO  server.RaftServerConfigKeys (ConfUtils.java:logGet(43)) - raft.server.log.purge.gap = 1000000 (custom)
2019-09-25 07:28:32,748 [pool-27-thread-1] INFO  server.RaftServerConfigKeys (ConfUtils.java:logGet(43)) - raft.server.log.appender.buffer.byte-limit = 33554432 (custom)
2019-09-25 07:28:32,748 [pool-27-thread-1] INFO  server.RaftServerConfigKeys (ConfUtils.java:logGet(43)) - raft.server.log.segment.size.max = 1048576 (custom)
2019-09-25 07:28:32,748 [pool-27-thread-1] INFO  server.RaftServerConfigKeys (ConfUtils.java:logGet(43)) - raft.server.log.segment.cache.num.max = 2 (custom)
2019-09-25 07:28:32,748 [pool-27-thread-1] INFO  segmented.SegmentedRaftLogWorker (SegmentedRaftLogWorker.java:<init>(172)) - new a3425e08-24ce-4736-9f6e-1b8551260ff2@group-057A71891E68-SegmentedRaftLogWorker for RaftStorage:Storage Directory /workdir/hadoop-ozone/tools/target/test-dir/MiniOzoneClusterImpl-024f4a54-ba4e-4a80-aa90-cb3ecc4826ee/datanode-0/data/ratis/a94a9d9b-064b-4703-9052-057a71891e68
2019-09-25 07:28:32,748 [pool-27-thread-1] INFO  server.RaftServerConfigKeys (ConfUtils.java:logGet(43)) - raft.server.log.queue.byte-limit = 2147483647 (custom)
2019-09-25 07:28:32,748 [pool-27-thread-1] INFO  server.RaftServerConfigKeys (ConfUtils.java:logGet(43)) - raft.server.log.queue.element-limit = 1024 (custom)
2019-09-25 07:28:32,748 [pool-27-thread-1] INFO  server.RaftServerConfigKeys (ConfUtils.java:logGet(43)) - raft.server.log.segment.size.max = 1048576 (custom)
2019-09-25 07:28:32,749 [pool-27-thread-1] INFO  server.RaftServerConfigKeys (ConfUtils.java:logGet(43)) - raft.server.log.preallocated.size = 16384 (custom)
2019-09-25 07:28:32,749 [pool-27-thread-1] INFO  server.RaftServerConfigKeys (ConfUtils.java:logGet(43)) - raft.server.log.write.buffer.size = 33554432 (custom)
2019-09-25 07:28:32,749 [pool-27-thread-1] INFO  server.RaftServerConfigKeys (ConfUtils.java:logGet(43)) - raft.server.log.force.sync.num = 128 (default)
2019-09-25 07:28:32,749 [pool-27-thread-1] INFO  server.RaftServerConfigKeys (ConfUtils.java:logGet(43)) - raft.server.log.statemachine.data.sync = true (default)
2019-09-25 07:28:32,749 [pool-27-thread-1] INFO  server.RaftServerConfigKeys (ConfUtils.java:logGet(43)) - raft.server.log.statemachine.data.sync.timeout = 10s (default)
2019-09-25 07:28:32,749 [pool-27-thread-1] INFO  server.RaftServerConfigKeys (ConfUtils.java:logGet(43)) - raft.server.log.statemachine.data.sync.timeout.retry = -1 (default)
2019-09-25 07:28:32,749 [pool-27-thread-1] INFO  server.RaftServerConfigKeys (ConfUtils.java:logGet(43)) - raft.server.log.statemachine.data.caching.enabled = true (custom)
2019-09-25 07:28:32,750 [pool-27-thread-1] INFO  segmented.SegmentedRaftLogWorker (SegmentedRaftLogWorker.java:lambda$new$0(132)) - a3425e08-24ce-4736-9f6e-1b8551260ff2@group-057A71891E68-SegmentedRaftLogWorker: flushIndex: setUnconditionally 0 -> -1
2019-09-25 07:28:32,750 [pool-27-thread-1] INFO  server.RaftServerConfigKeys (ConfUtils.java:logGet(43)) - raft.server.snapshot.auto.trigger.enabled = true (custom)
2019-09-25 07:28:32,750 [pool-27-thread-1] INFO  server.RaftServerConfigKeys (ConfUtils.java:logGet(43)) - raft.server.snapshot.auto.trigger.threshold = 10000 (custom)
2019-09-25 07:28:32,750 [pool-27-thread-1] INFO  server.RaftServerConfigKeys (ConfUtils.java:logGet(43)) - raft.server.snapshot.retention.num.files = 5 (custom)
2019-09-25 07:28:32,750 [pool-27-thread-1] INFO  server.RaftServerConfigKeys (ConfUtils.java:logGet(43)) - raft.server.retrycache.expirytime = 600000ms (custom)
2019-09-25 07:28:32,754 [pool-27-thread-1] INFO  impl.RaftServerImpl (RaftServerImpl.java:start(185)) - a3425e08-24ce-4736-9f6e-1b8551260ff2@group-057A71891E68: start as a follower, conf=-1: [a3425e08-24ce-4736-9f6e-1b8551260ff2:192.168.30.10:37358], old=null
2019-09-25 07:28:32,754 [pool-27-thread-1] INFO  impl.RaftServerImpl (RaftServerImpl.java:setRole(174)) - a3425e08-24ce-4736-9f6e-1b8551260ff2@group-057A71891E68: changes role from      null to FOLLOWER at term 0 for startAsFollower
2019-09-25 07:28:32,754 [pool-27-thread-1] INFO  impl.RoleInfo (RoleInfo.java:updateAndGet(143)) - a3425e08-24ce-4736-9f6e-1b8551260ff2: start FollowerState
2019-09-25 07:28:32,755 [pool-27-thread-1] INFO  util.JmxRegister (JmxRegister.java:tryRegister(44)) - Successfully registered JMX Bean with object name Ratis:service=RaftServer,group=group-057A71891E68,id=a3425e08-24ce-4736-9f6e-1b8551260ff2
2019-09-25 07:28:32,770 [RatisPipelineUtilsThread] INFO  pipeline.PipelineStateManager (PipelineStateManager.java:addPipeline(56)) - Created pipeline Pipeline[ Id: a94a9d9b-064b-4703-9052-057a71891e68, Nodes: a3425e08-24ce-4736-9f6e-1b8551260ff2{ip: 192.168.30.10, host: pr-hdds-1569-s62bp-3040748787, networkLocation: /default-rack, certSerialId: null}, Type:RATIS, Factor:ONE, State:OPEN]
2019-09-25 07:28:32,792 [grpc-default-executor-0] INFO  impl.RaftServerProxy (RaftServerProxy.java:addNew(89)) - a3425e08-24ce-4736-9f6e-1b8551260ff2: addNew group-039671D25F70:[a3425e08-24ce-4736-9f6e-1b8551260ff2:192.168.30.10:37358] returns group-039671D25F70:java.util.concurrent.CompletableFuture@662609eb[Not completed]
2019-09-25 07:28:32,793 [pool-27-thread-1] INFO  impl.RaftServerImpl (RaftServerImpl.java:<init>(95)) - a3425e08-24ce-4736-9f6e-1b8551260ff2: new RaftServerImpl for group-039671D25F70:[a3425e08-24ce-4736-9f6e-1b8551260ff2:192.168.30.10:37358] with ContainerStateMachine:uninitialized
2019-09-25 07:28:32,793 [pool-27-thread-1] INFO  server.RaftServerConfigKeys (ConfUtils.java:logGet(43)) - raft.server.rpc.timeout.min = 5s (custom)
2019-09-25 07:28:32,793 [pool-27-thread-1] INFO  server.RaftServerConfigKeys (ConfUtils.java:logGet(43)) - raft.server.rpc.timeout.max = 5200ms (custom)
2019-09-25 07:28:32,793 [pool-27-thread-1] INFO  server.RaftServerConfigKeys (ConfUtils.java:logGet(43)) - raft.server.rpcslowness.timeout = 120s (custom)
2019-09-25 07:28:32,794 [pool-27-thread-1] INFO  server.RaftServerConfigKeys (ConfUtils.java:logGet(43)) - raft.server.sleep.deviation.threshold = 300 (default)
2019-09-25 07:28:32,794 [pool-27-thread-1] INFO  server.RaftServerConfigKeys (ConfUtils.java:logGet(43)) - raft.server.log.appender.install.snapshot.enabled = false (custom)
2019-09-25 07:28:32,794 [pool-27-thread-1] INFO  impl.RaftServerImpl (ServerState.java:<init>(103)) - a3425e08-24ce-4736-9f6e-1b8551260ff2@group-039671D25F70: ConfigurationManager, init=-1: [a3425e08-24ce-4736-9f6e-1b8551260ff2:192.168.30.10:37358], old=null, confs=<EMPTY_MAP>
2019-09-25 07:28:32,794 [pool-27-thread-1] INFO  server.RaftServerConfigKeys (ConfUtils.java:logGet(43)) - raft.server.storage.dir = [/workdir/hadoop-ozone/tools/target/test-dir/MiniOzoneClusterImpl-024f4a54-ba4e-4a80-aa90-cb3ecc4826ee/datanode-0/data/ratis] (custom)
2019-09-25 07:28:32,794 [pool-27-thread-1] INFO  storage.RaftStorageDirectory (RaftStorageDirectory.java:analyzeStorage(246)) - The storage directory /workdir/hadoop-ozone/tools/target/test-dir/MiniOzoneClusterImpl-024f4a54-ba4e-4a80-aa90-cb3ecc4826ee/datanode-0/data/ratis/e047e605-7aa2-4ab5-9c31-039671d25f70 does not exist. Creating ...
2019-09-25 07:28:32,807 [pool-27-thread-1] INFO  storage.RaftStorageDirectory (RaftStorageDirectory.java:tryLock(328)) - Lock on /workdir/hadoop-ozone/tools/target/test-dir/MiniOzoneClusterImpl-024f4a54-ba4e-4a80-aa90-cb3ecc4826ee/datanode-0/data/ratis/e047e605-7aa2-4ab5-9c31-039671d25f70/in_use.lock acquired by nodename 7900@pr-hdds-1569-s62bp-3040748787
2019-09-25 07:28:32,820 [pool-27-thread-1] INFO  storage.RaftStorage (RaftStorage.java:format(72)) - Storage directory /workdir/hadoop-ozone/tools/target/test-dir/MiniOzoneClusterImpl-024f4a54-ba4e-4a80-aa90-cb3ecc4826ee/datanode-0/data/ratis/e047e605-7aa2-4ab5-9c31-039671d25f70 has been successfully formatted.
2019-09-25 07:28:32,820 [pool-27-thread-1] INFO  ratis.ContainerStateMachine (ContainerStateMachine.java:loadSnapshot(230)) - group-039671D25F70: The snapshot info is null. Setting the last applied indexto:(t:0, i:~)
2019-09-25 07:28:32,820 [pool-27-thread-1] INFO  server.RaftServerConfigKeys (ConfUtils.java:logGet(43)) - raft.server.notification.no-leader.timeout = 120s (custom)
2019-09-25 07:28:32,820 [pool-27-thread-1] INFO  server.RaftServerConfigKeys (ConfUtils.java:logGet(43)) - raft.server.log.use.memory = false (default)
2019-09-25 07:28:32,821 [pool-27-thread-1] INFO  server.RaftServerConfigKeys (ConfUtils.java:logGet(43)) - raft.server.log.purge.gap = 1000000 (custom)
2019-09-25 07:28:32,821 [pool-27-thread-1] INFO  server.RaftServerConfigKeys (ConfUtils.java:logGet(43)) - raft.server.log.appender.buffer.byte-limit = 33554432 (custom)
2019-09-25 07:28:32,821 [pool-27-thread-1] INFO  server.RaftServerConfigKeys (ConfUtils.java:logGet(43)) - raft.server.log.segment.size.max = 1048576 (custom)
2019-09-25 07:28:32,821 [pool-27-thread-1] INFO  server.RaftServerConfigKeys (ConfUtils.java:logGet(43)) - raft.server.log.segment.cache.num.max = 2 (custom)
2019-09-25 07:28:32,821 [pool-27-thread-1] INFO  segmented.SegmentedRaftLogWorker (SegmentedRaftLogWorker.java:<init>(172)) - new a3425e08-24ce-4736-9f6e-1b8551260ff2@group-039671D25F70-SegmentedRaftLogWorker for RaftStorage:Storage Directory /workdir/hadoop-ozone/tools/target/test-dir/MiniOzoneClusterImpl-024f4a54-ba4e-4a80-aa90-cb3ecc4826ee/datanode-0/data/ratis/e047e605-7aa2-4ab5-9c31-039671d25f70
2019-09-25 07:28:32,821 [pool-27-thread-1] INFO  server.RaftServerConfigKeys (ConfUtils.java:logGet(43)) - raft.server.log.queue.byte-limit = 2147483647 (custom)
2019-09-25 07:28:32,821 [pool-27-thread-1] INFO  server.RaftServerConfigKeys (ConfUtils.java:logGet(43)) - raft.server.log.queue.element-limit = 1024 (custom)
2019-09-25 07:28:32,822 [pool-27-thread-1] INFO  server.RaftServerConfigKeys (ConfUtils.java:logGet(43)) - raft.server.log.segment.size.max = 1048576 (custom)
2019-09-25 07:28:32,822 [pool-27-thread-1] INFO  server.RaftServerConfigKeys (ConfUtils.java:logGet(43)) - raft.server.log.preallocated.size = 16384 (custom)
2019-09-25 07:28:32,822 [pool-27-thread-1] INFO  server.RaftServerConfigKeys (ConfUtils.java:logGet(43)) - raft.server.log.write.buffer.size = 33554432 (custom)
2019-09-25 07:28:32,822 [pool-27-thread-1] INFO  server.RaftServerConfigKeys (ConfUtils.java:logGet(43)) - raft.server.log.force.sync.num = 128 (default)
2019-09-25 07:28:32,822 [pool-27-thread-1] INFO  server.RaftServerConfigKeys (ConfUtils.java:logGet(43)) - raft.server.log.statemachine.data.sync = true (default)
2019-09-25 07:28:32,822 [pool-27-thread-1] INFO  server.RaftServerConfigKeys (ConfUtils.java:logGet(43)) - raft.server.log.statemachine.data.sync.timeout = 10s (default)
2019-09-25 07:28:32,822 [pool-27-thread-1] INFO  server.RaftServerConfigKeys (ConfUtils.java:logGet(43)) - raft.server.log.statemachine.data.sync.timeout.retry = -1 (default)
2019-09-25 07:28:32,823 [pool-27-thread-1] INFO  server.RaftServerConfigKeys (ConfUtils.java:logGet(43)) - raft.server.log.statemachine.data.caching.enabled = true (custom)
2019-09-25 07:28:32,823 [pool-27-thread-1] INFO  segmented.SegmentedRaftLogWorker (SegmentedRaftLogWorker.java:lambda$new$0(132)) - a3425e08-24ce-4736-9f6e-1b8551260ff2@group-039671D25F70-SegmentedRaftLogWorker: flushIndex: setUnconditionally 0 -> -1
2019-09-25 07:28:32,823 [pool-27-thread-1] INFO  server.RaftServerConfigKeys (ConfUtils.java:logGet(43)) - raft.server.snapshot.auto.trigger.enabled = true (custom)
2019-09-25 07:28:32,823 [pool-27-thread-1] INFO  server.RaftServerConfigKeys (ConfUtils.java:logGet(43)) - raft.server.snapshot.auto.trigger.threshold = 10000 (custom)
2019-09-25 07:28:32,823 [pool-27-thread-1] INFO  server.RaftServerConfigKeys (ConfUtils.java:logGet(43)) - raft.server.snapshot.retention.num.files = 5 (custom)
2019-09-25 07:28:32,823 [pool-27-thread-1] INFO  server.RaftServerConfigKeys (ConfUtils.java:logGet(43)) - raft.server.retrycache.expirytime = 600000ms (custom)
2019-09-25 07:28:32,827 [pool-27-thread-1] INFO  impl.RaftServerImpl (RaftServerImpl.java:start(185)) - a3425e08-24ce-4736-9f6e-1b8551260ff2@group-039671D25F70: start as a follower, conf=-1: [a3425e08-24ce-4736-9f6e-1b8551260ff2:192.168.30.10:37358], old=null
2019-09-25 07:28:32,827 [pool-27-thread-1] INFO  impl.RaftServerImpl (RaftServerImpl.java:setRole(174)) - a3425e08-24ce-4736-9f6e-1b8551260ff2@group-039671D25F70: changes role from      null to FOLLOWER at term 0 for startAsFollower
2019-09-25 07:28:32,828 [pool-27-thread-1] INFO  impl.RoleInfo (RoleInfo.java:updateAndGet(143)) - a3425e08-24ce-4736-9f6e-1b8551260ff2: start FollowerState
2019-09-25 07:28:32,828 [pool-27-thread-1] INFO  util.JmxRegister (JmxRegister.java:tryRegister(44)) - Successfully registered JMX Bean with object name Ratis:service=RaftServer,group=group-039671D25F70,id=a3425e08-24ce-4736-9f6e-1b8551260ff2
2019-09-25 07:28:32,846 [RatisPipelineUtilsThread] INFO  pipeline.PipelineStateManager (PipelineStateManager.java:addPipeline(56)) - Created pipeline Pipeline[ Id: e047e605-7aa2-4ab5-9c31-039671d25f70, Nodes: a3425e08-24ce-4736-9f6e-1b8551260ff2{ip: 192.168.30.10, host: pr-hdds-1569-s62bp-3040748787, networkLocation: /default-rack, certSerialId: null}, Type:RATIS, Factor:ONE, State:OPEN]
2019-09-25 07:28:32,865 [grpc-default-executor-0] INFO  impl.RaftServerProxy (RaftServerProxy.java:addNew(89)) - 319eb9b2-446a-4b5b-95c2-98d772c8b042: addNew group-617521CE924D:[319eb9b2-446a-4b5b-95c2-98d772c8b042:192.168.30.10:42608] returns group-617521CE924D:java.util.concurrent.CompletableFuture@13bd847b[Not completed]
2019-09-25 07:28:32,866 [main] INFO  ozone.MiniOzoneClusterImpl (MiniOzoneClusterImpl.java:lambda$waitForClusterToBeReady$0(147)) - Cluster is ready. Got 5 of 5 DN Heartbeats.
2019-09-25 07:28:32,867 [pool-37-thread-1] INFO  impl.RaftServerImpl (RaftServerImpl.java:<init>(95)) - 319eb9b2-446a-4b5b-95c2-98d772c8b042: new RaftServerImpl for group-617521CE924D:[319eb9b2-446a-4b5b-95c2-98d772c8b042:192.168.30.10:42608] with ContainerStateMachine:uninitialized
2019-09-25 07:28:32,867 [pool-37-thread-1] INFO  server.RaftServerConfigKeys (ConfUtils.java:logGet(43)) - raft.server.rpc.timeout.min = 5s (custom)
2019-09-25 07:28:32,867 [pool-37-thread-1] INFO  server.RaftServerConfigKeys (ConfUtils.java:logGet(43)) - raft.server.rpc.timeout.max = 5200ms (custom)
2019-09-25 07:28:32,867 [pool-37-thread-1] INFO  server.RaftServerConfigKeys (ConfUtils.java:logGet(43)) - raft.server.rpcslowness.timeout = 120s (custom)
2019-09-25 07:28:32,867 [pool-37-thread-1] INFO  server.RaftServerConfigKeys (ConfUtils.java:logGet(43)) - raft.server.sleep.deviation.threshold = 300 (default)
2019-09-25 07:28:32,867 [pool-37-thread-1] INFO  server.RaftServerConfigKeys (ConfUtils.java:logGet(43)) - raft.server.log.appender.install.snapshot.enabled = false (custom)
2019-09-25 07:28:32,868 [pool-37-thread-1] INFO  impl.RaftServerImpl (ServerState.java:<init>(103)) - 319eb9b2-446a-4b5b-95c2-98d772c8b042@group-617521CE924D: ConfigurationManager, init=-1: [319eb9b2-446a-4b5b-95c2-98d772c8b042:192.168.30.10:42608], old=null, confs=<EMPTY_MAP>
2019-09-25 07:28:32,868 [pool-37-thread-1] INFO  server.RaftServerConfigKeys (ConfUtils.java:logGet(43)) - raft.server.storage.dir = [/workdir/hadoop-ozone/tools/target/test-dir/MiniOzoneClusterImpl-024f4a54-ba4e-4a80-aa90-cb3ecc4826ee/datanode-1/data/ratis] (custom)
2019-09-25 07:28:32,868 [pool-37-thread-1] INFO  storage.RaftStorageDirectory (RaftStorageDirectory.java:analyzeStorage(246)) - The storage directory /workdir/hadoop-ozone/tools/target/test-dir/MiniOzoneClusterImpl-024f4a54-ba4e-4a80-aa90-cb3ecc4826ee/datanode-1/data/ratis/c642fa98-6daf-4fc8-b147-617521ce924d does not exist. Creating ...
2019-09-25 07:28:32,881 [pool-37-thread-1] INFO  storage.RaftStorageDirectory (RaftStorageDirectory.java:tryLock(328)) - Lock on /workdir/hadoop-ozone/tools/target/test-dir/MiniOzoneClusterImpl-024f4a54-ba4e-4a80-aa90-cb3ecc4826ee/datanode-1/data/ratis/c642fa98-6daf-4fc8-b147-617521ce924d/in_use.lock acquired by nodename 7900@pr-hdds-1569-s62bp-3040748787
2019-09-25 07:28:32,893 [pool-37-thread-1] INFO  storage.RaftStorage (RaftStorage.java:format(72)) - Storage directory /workdir/hadoop-ozone/tools/target/test-dir/MiniOzoneClusterImpl-024f4a54-ba4e-4a80-aa90-cb3ecc4826ee/datanode-1/data/ratis/c642fa98-6daf-4fc8-b147-617521ce924d has been successfully formatted.
2019-09-25 07:28:32,894 [pool-37-thread-1] INFO  ratis.ContainerStateMachine (ContainerStateMachine.java:loadSnapshot(230)) - group-617521CE924D: The snapshot info is null. Setting the last applied indexto:(t:0, i:~)
2019-09-25 07:28:32,894 [pool-37-thread-1] INFO  server.RaftServerConfigKeys (ConfUtils.java:logGet(43)) - raft.server.notification.no-leader.timeout = 120s (custom)
2019-09-25 07:28:32,894 [pool-37-thread-1] INFO  server.RaftServerConfigKeys (ConfUtils.java:logGet(43)) - raft.server.log.use.memory = false (default)
2019-09-25 07:28:32,894 [pool-37-thread-1] INFO  server.RaftServerConfigKeys (ConfUtils.java:logGet(43)) - raft.server.log.purge.gap = 1000000 (custom)
2019-09-25 07:28:32,894 [pool-37-thread-1] INFO  server.RaftServerConfigKeys (ConfUtils.java:logGet(43)) - raft.server.log.appender.buffer.byte-limit = 33554432 (custom)
2019-09-25 07:28:32,894 [pool-37-thread-1] INFO  server.RaftServerConfigKeys (ConfUtils.java:logGet(43)) - raft.server.log.segment.size.max = 1048576 (custom)
2019-09-25 07:28:32,894 [pool-37-thread-1] INFO  server.RaftServerConfigKeys (ConfUtils.java:logGet(43)) - raft.server.log.segment.cache.num.max = 2 (custom)
2019-09-25 07:28:32,895 [pool-37-thread-1] INFO  segmented.SegmentedRaftLogWorker (SegmentedRaftLogWorker.java:<init>(172)) - new 319eb9b2-446a-4b5b-95c2-98d772c8b042@group-617521CE924D-SegmentedRaftLogWorker for RaftStorage:Storage Directory /workdir/hadoop-ozone/tools/target/test-dir/MiniOzoneClusterImpl-024f4a54-ba4e-4a80-aa90-cb3ecc4826ee/datanode-1/data/ratis/c642fa98-6daf-4fc8-b147-617521ce924d
2019-09-25 07:28:32,898 [pool-37-thread-1] INFO  server.RaftServerConfigKeys (ConfUtils.java:logGet(43)) - raft.server.log.queue.byte-limit = 2147483647 (custom)
2019-09-25 07:28:32,898 [pool-37-thread-1] INFO  server.RaftServerConfigKeys (ConfUtils.java:logGet(43)) - raft.server.log.queue.element-limit = 1024 (custom)
2019-09-25 07:28:32,899 [pool-37-thread-1] INFO  server.RaftServerConfigKeys (ConfUtils.java:logGet(43)) - raft.server.log.segment.size.max = 1048576 (custom)
2019-09-25 07:28:32,899 [pool-37-thread-1] INFO  server.RaftServerConfigKeys (ConfUtils.java:logGet(43)) - raft.server.log.preallocated.size = 16384 (custom)
2019-09-25 07:28:32,899 [pool-37-thread-1] INFO  server.RaftServerConfigKeys (ConfUtils.java:logGet(43)) - raft.server.log.write.buffer.size = 33554432 (custom)
2019-09-25 07:28:32,899 [pool-37-thread-1] INFO  server.RaftServerConfigKeys (ConfUtils.java:logGet(43)) - raft.server.log.force.sync.num = 128 (default)
2019-09-25 07:28:32,899 [pool-37-thread-1] INFO  server.RaftServerConfigKeys (ConfUtils.java:logGet(43)) - raft.server.log.statemachine.data.sync = true (default)
2019-09-25 07:28:32,899 [pool-37-thread-1] INFO  server.RaftServerConfigKeys (ConfUtils.java:logGet(43)) - raft.server.log.statemachine.data.sync.timeout = 10s (default)
2019-09-25 07:28:32,899 [pool-37-thread-1] INFO  server.RaftServerConfigKeys (ConfUtils.java:logGet(43)) - raft.server.log.statemachine.data.sync.timeout.retry = -1 (default)
2019-09-25 07:28:32,899 [pool-37-thread-1] INFO  server.RaftServerConfigKeys (ConfUtils.java:logGet(43)) - raft.server.log.statemachine.data.caching.enabled = true (custom)
2019-09-25 07:28:32,900 [pool-37-thread-1] INFO  segmented.SegmentedRaftLogWorker (SegmentedRaftLogWorker.java:lambda$new$0(132)) - 319eb9b2-446a-4b5b-95c2-98d772c8b042@group-617521CE924D-SegmentedRaftLogWorker: flushIndex: setUnconditionally 0 -> -1
2019-09-25 07:28:32,900 [pool-37-thread-1] INFO  server.RaftServerConfigKeys (ConfUtils.java:logGet(43)) - raft.server.snapshot.auto.trigger.enabled = true (custom)
2019-09-25 07:28:32,900 [pool-37-thread-1] INFO  server.RaftServerConfigKeys (ConfUtils.java:logGet(43)) - raft.server.snapshot.auto.trigger.threshold = 10000 (custom)
2019-09-25 07:28:32,900 [pool-37-thread-1] INFO  server.RaftServerConfigKeys (ConfUtils.java:logGet(43)) - raft.server.snapshot.retention.num.files = 5 (custom)
2019-09-25 07:28:32,900 [pool-37-thread-1] INFO  server.RaftServerConfigKeys (ConfUtils.java:logGet(43)) - raft.server.retrycache.expirytime = 600000ms (custom)
2019-09-25 07:28:32,909 [pool-37-thread-1] INFO  impl.RaftServerImpl (RaftServerImpl.java:start(185)) - 319eb9b2-446a-4b5b-95c2-98d772c8b042@group-617521CE924D: start as a follower, conf=-1: [319eb9b2-446a-4b5b-95c2-98d772c8b042:192.168.30.10:42608], old=null
2019-09-25 07:28:32,909 [pool-37-thread-1] INFO  impl.RaftServerImpl (RaftServerImpl.java:setRole(174)) - 319eb9b2-446a-4b5b-95c2-98d772c8b042@group-617521CE924D: changes role from      null to FOLLOWER at term 0 for startAsFollower
2019-09-25 07:28:32,909 [pool-37-thread-1] INFO  impl.RoleInfo (RoleInfo.java:updateAndGet(143)) - 319eb9b2-446a-4b5b-95c2-98d772c8b042: start FollowerState
2019-09-25 07:28:32,910 [pool-37-thread-1] INFO  util.JmxRegister (JmxRegister.java:tryRegister(44)) - Successfully registered JMX Bean with object name Ratis:service=RaftServer,group=group-617521CE924D,id=319eb9b2-446a-4b5b-95c2-98d772c8b042
2019-09-25 07:28:32,927 [RatisPipelineUtilsThread] INFO  pipeline.PipelineStateManager (PipelineStateManager.java:addPipeline(56)) - Created pipeline Pipeline[ Id: c642fa98-6daf-4fc8-b147-617521ce924d, Nodes: 319eb9b2-446a-4b5b-95c2-98d772c8b042{ip: 192.168.30.10, host: pr-hdds-1569-s62bp-3040748787, networkLocation: /default-rack, certSerialId: null}, Type:RATIS, Factor:ONE, State:OPEN]
2019-09-25 07:28:32,941 [grpc-default-executor-0] INFO  impl.RaftServerProxy (RaftServerProxy.java:addNew(89)) - a3425e08-24ce-4736-9f6e-1b8551260ff2: addNew group-C3F319D0DDEB:[a3425e08-24ce-4736-9f6e-1b8551260ff2:192.168.30.10:37358] returns group-C3F319D0DDEB:java.util.concurrent.CompletableFuture@77db0b3b[Not completed]
2019-09-25 07:28:33,089 [pool-27-thread-1] INFO  impl.RaftServerImpl (RaftServerImpl.java:<init>(95)) - a3425e08-24ce-4736-9f6e-1b8551260ff2: new RaftServerImpl for group-C3F319D0DDEB:[a3425e08-24ce-4736-9f6e-1b8551260ff2:192.168.30.10:37358] with ContainerStateMachine:uninitialized
2019-09-25 07:28:33,089 [pool-27-thread-1] INFO  server.RaftServerConfigKeys (ConfUtils.java:logGet(43)) - raft.server.rpc.timeout.min = 5s (custom)
2019-09-25 07:28:33,090 [pool-27-thread-1] INFO  server.RaftServerConfigKeys (ConfUtils.java:logGet(43)) - raft.server.rpc.timeout.max = 5200ms (custom)
2019-09-25 07:28:33,090 [pool-27-thread-1] INFO  server.RaftServerConfigKeys (ConfUtils.java:logGet(43)) - raft.server.rpcslowness.timeout = 120s (custom)
2019-09-25 07:28:33,090 [pool-27-thread-1] INFO  server.RaftServerConfigKeys (ConfUtils.java:logGet(43)) - raft.server.sleep.deviation.threshold = 300 (default)
2019-09-25 07:28:33,090 [pool-27-thread-1] INFO  server.RaftServerConfigKeys (ConfUtils.java:logGet(43)) - raft.server.log.appender.install.snapshot.enabled = false (custom)
2019-09-25 07:28:33,090 [pool-27-thread-1] INFO  impl.RaftServerImpl (ServerState.java:<init>(103)) - a3425e08-24ce-4736-9f6e-1b8551260ff2@group-C3F319D0DDEB: ConfigurationManager, init=-1: [a3425e08-24ce-4736-9f6e-1b8551260ff2:192.168.30.10:37358], old=null, confs=<EMPTY_MAP>
2019-09-25 07:28:33,091 [pool-27-thread-1] INFO  server.RaftServerConfigKeys (ConfUtils.java:logGet(43)) - raft.server.storage.dir = [/workdir/hadoop-ozone/tools/target/test-dir/MiniOzoneClusterImpl-024f4a54-ba4e-4a80-aa90-cb3ecc4826ee/datanode-0/data/ratis] (custom)
2019-09-25 07:28:33,091 [pool-27-thread-1] INFO  storage.RaftStorageDirectory (RaftStorageDirectory.java:analyzeStorage(246)) - The storage directory /workdir/hadoop-ozone/tools/target/test-dir/MiniOzoneClusterImpl-024f4a54-ba4e-4a80-aa90-cb3ecc4826ee/datanode-0/data/ratis/9bbe4114-30f9-425d-bf5d-c3f319d0ddeb does not exist. Creating ...
2019-09-25 07:28:33,117 [pool-27-thread-1] INFO  storage.RaftStorageDirectory (RaftStorageDirectory.java:tryLock(328)) - Lock on /workdir/hadoop-ozone/tools/target/test-dir/MiniOzoneClusterImpl-024f4a54-ba4e-4a80-aa90-cb3ecc4826ee/datanode-0/data/ratis/9bbe4114-30f9-425d-bf5d-c3f319d0ddeb/in_use.lock acquired by nodename 7900@pr-hdds-1569-s62bp-3040748787
2019-09-25 07:28:33,130 [pool-27-thread-1] INFO  storage.RaftStorage (RaftStorage.java:format(72)) - Storage directory /workdir/hadoop-ozone/tools/target/test-dir/MiniOzoneClusterImpl-024f4a54-ba4e-4a80-aa90-cb3ecc4826ee/datanode-0/data/ratis/9bbe4114-30f9-425d-bf5d-c3f319d0ddeb has been successfully formatted.
2019-09-25 07:28:33,131 [pool-27-thread-1] INFO  ratis.ContainerStateMachine (ContainerStateMachine.java:loadSnapshot(230)) - group-C3F319D0DDEB: The snapshot info is null. Setting the last applied indexto:(t:0, i:~)
2019-09-25 07:28:33,131 [pool-27-thread-1] INFO  server.RaftServerConfigKeys (ConfUtils.java:logGet(43)) - raft.server.notification.no-leader.timeout = 120s (custom)
2019-09-25 07:28:33,131 [pool-27-thread-1] INFO  server.RaftServerConfigKeys (ConfUtils.java:logGet(43)) - raft.server.log.use.memory = false (default)
2019-09-25 07:28:33,131 [pool-27-thread-1] INFO  server.RaftServerConfigKeys (ConfUtils.java:logGet(43)) - raft.server.log.purge.gap = 1000000 (custom)
2019-09-25 07:28:33,132 [pool-27-thread-1] INFO  server.RaftServerConfigKeys (ConfUtils.java:logGet(43)) - raft.server.log.appender.buffer.byte-limit = 33554432 (custom)
2019-09-25 07:28:33,132 [pool-27-thread-1] INFO  server.RaftServerConfigKeys (ConfUtils.java:logGet(43)) - raft.server.log.segment.size.max = 1048576 (custom)
2019-09-25 07:28:33,132 [pool-27-thread-1] INFO  server.RaftServerConfigKeys (ConfUtils.java:logGet(43)) - raft.server.log.segment.cache.num.max = 2 (custom)
2019-09-25 07:28:33,132 [pool-27-thread-1] INFO  segmented.SegmentedRaftLogWorker (SegmentedRaftLogWorker.java:<init>(172)) - new a3425e08-24ce-4736-9f6e-1b8551260ff2@group-C3F319D0DDEB-SegmentedRaftLogWorker for RaftStorage:Storage Directory /workdir/hadoop-ozone/tools/target/test-dir/MiniOzoneClusterImpl-024f4a54-ba4e-4a80-aa90-cb3ecc4826ee/datanode-0/data/ratis/9bbe4114-30f9-425d-bf5d-c3f319d0ddeb
2019-09-25 07:28:33,132 [pool-27-thread-1] INFO  server.RaftServerConfigKeys (ConfUtils.java:logGet(43)) - raft.server.log.queue.byte-limit = 2147483647 (custom)
2019-09-25 07:28:33,133 [pool-27-thread-1] INFO  server.RaftServerConfigKeys (ConfUtils.java:logGet(43)) - raft.server.log.queue.element-limit = 1024 (custom)
2019-09-25 07:28:33,133 [pool-27-thread-1] INFO  server.RaftServerConfigKeys (ConfUtils.java:logGet(43)) - raft.server.log.segment.size.max = 1048576 (custom)
2019-09-25 07:28:33,133 [pool-27-thread-1] INFO  server.RaftServerConfigKeys (ConfUtils.java:logGet(43)) - raft.server.log.preallocated.size = 16384 (custom)
2019-09-25 07:28:33,133 [pool-27-thread-1] INFO  server.RaftServerConfigKeys (ConfUtils.java:logGet(43)) - raft.server.log.write.buffer.size = 33554432 (custom)
2019-09-25 07:28:33,133 [pool-27-thread-1] INFO  server.RaftServerConfigKeys (ConfUtils.java:logGet(43)) - raft.server.log.force.sync.num = 128 (default)
2019-09-25 07:28:33,133 [pool-27-thread-1] INFO  server.RaftServerConfigKeys (ConfUtils.java:logGet(43)) - raft.server.log.statemachine.data.sync = true (default)
2019-09-25 07:28:33,134 [pool-27-thread-1] INFO  server.RaftServerConfigKeys (ConfUtils.java:logGet(43)) - raft.server.log.statemachine.data.sync.timeout = 10s (default)
2019-09-25 07:28:33,134 [pool-27-thread-1] INFO  server.RaftServerConfigKeys (ConfUtils.java:logGet(43)) - raft.server.log.statemachine.data.sync.timeout.retry = -1 (default)
2019-09-25 07:28:33,134 [pool-27-thread-1] INFO  server.RaftServerConfigKeys (ConfUtils.java:logGet(43)) - raft.server.log.statemachine.data.caching.enabled = true (custom)
2019-09-25 07:28:33,135 [pool-27-thread-1] INFO  segmented.SegmentedRaftLogWorker (SegmentedRaftLogWorker.java:lambda$new$0(132)) - a3425e08-24ce-4736-9f6e-1b8551260ff2@group-C3F319D0DDEB-SegmentedRaftLogWorker: flushIndex: setUnconditionally 0 -> -1
2019-09-25 07:28:33,135 [pool-27-thread-1] INFO  server.RaftServerConfigKeys (ConfUtils.java:logGet(43)) - raft.server.snapshot.auto.trigger.enabled = true (custom)
2019-09-25 07:28:33,135 [pool-27-thread-1] INFO  server.RaftServerConfigKeys (ConfUtils.java:logGet(43)) - raft.server.snapshot.auto.trigger.threshold = 10000 (custom)
2019-09-25 07:28:33,135 [pool-27-thread-1] INFO  server.RaftServerConfigKeys (ConfUtils.java:logGet(43)) - raft.server.snapshot.retention.num.files = 5 (custom)
2019-09-25 07:28:33,135 [pool-27-thread-1] INFO  server.RaftServerConfigKeys (ConfUtils.java:logGet(43)) - raft.server.retrycache.expirytime = 600000ms (custom)
2019-09-25 07:28:33,140 [pool-27-thread-1] INFO  impl.RaftServerImpl (RaftServerImpl.java:start(185)) - a3425e08-24ce-4736-9f6e-1b8551260ff2@group-C3F319D0DDEB: start as a follower, conf=-1: [a3425e08-24ce-4736-9f6e-1b8551260ff2:192.168.30.10:37358], old=null
2019-09-25 07:28:33,140 [pool-27-thread-1] INFO  impl.RaftServerImpl (RaftServerImpl.java:setRole(174)) - a3425e08-24ce-4736-9f6e-1b8551260ff2@group-C3F319D0DDEB: changes role from      null to FOLLOWER at term 0 for startAsFollower
2019-09-25 07:28:33,141 [pool-27-thread-1] INFO  impl.RoleInfo (RoleInfo.java:updateAndGet(143)) - a3425e08-24ce-4736-9f6e-1b8551260ff2: start FollowerState
2019-09-25 07:28:33,141 [pool-27-thread-1] INFO  util.JmxRegister (JmxRegister.java:tryRegister(44)) - Successfully registered JMX Bean with object name Ratis:service=RaftServer,group=group-C3F319D0DDEB,id=a3425e08-24ce-4736-9f6e-1b8551260ff2
2019-09-25 07:28:33,158 [RatisPipelineUtilsThread] INFO  pipeline.PipelineStateManager (PipelineStateManager.java:addPipeline(56)) - Created pipeline Pipeline[ Id: 9bbe4114-30f9-425d-bf5d-c3f319d0ddeb, Nodes: a3425e08-24ce-4736-9f6e-1b8551260ff2{ip: 192.168.30.10, host: pr-hdds-1569-s62bp-3040748787, networkLocation: /default-rack, certSerialId: null}, Type:RATIS, Factor:ONE, State:OPEN]
2019-09-25 07:28:33,173 [grpc-default-executor-0] INFO  impl.RaftServerProxy (RaftServerProxy.java:addNew(89)) - 7f677846-6321-4837-a536-8a7cfa3ddebf: addNew group-1CE673173F28:[7f677846-6321-4837-a536-8a7cfa3ddebf:192.168.30.10:43630] returns group-1CE673173F28:java.util.concurrent.CompletableFuture@71f045f9[Not completed]
2019-09-25 07:28:33,176 [pool-47-thread-1] INFO  impl.RaftServerImpl (RaftServerImpl.java:<init>(95)) - 7f677846-6321-4837-a536-8a7cfa3ddebf: new RaftServerImpl for group-1CE673173F28:[7f677846-6321-4837-a536-8a7cfa3ddebf:192.168.30.10:43630] with ContainerStateMachine:uninitialized
2019-09-25 07:28:33,176 [pool-47-thread-1] INFO  server.RaftServerConfigKeys (ConfUtils.java:logGet(43)) - raft.server.rpc.timeout.min = 5s (custom)
2019-09-25 07:28:33,176 [pool-47-thread-1] INFO  server.RaftServerConfigKeys (ConfUtils.java:logGet(43)) - raft.server.rpc.timeout.max = 5200ms (custom)
2019-09-25 07:28:33,176 [pool-47-thread-1] INFO  server.RaftServerConfigKeys (ConfUtils.java:logGet(43)) - raft.server.rpcslowness.timeout = 120s (custom)
2019-09-25 07:28:33,176 [pool-47-thread-1] INFO  server.RaftServerConfigKeys (ConfUtils.java:logGet(43)) - raft.server.sleep.deviation.threshold = 300 (default)
2019-09-25 07:28:33,177 [pool-47-thread-1] INFO  server.RaftServerConfigKeys (ConfUtils.java:logGet(43)) - raft.server.log.appender.install.snapshot.enabled = false (custom)
2019-09-25 07:28:33,177 [pool-47-thread-1] INFO  impl.RaftServerImpl (ServerState.java:<init>(103)) - 7f677846-6321-4837-a536-8a7cfa3ddebf@group-1CE673173F28: ConfigurationManager, init=-1: [7f677846-6321-4837-a536-8a7cfa3ddebf:192.168.30.10:43630], old=null, confs=<EMPTY_MAP>
2019-09-25 07:28:33,177 [pool-47-thread-1] INFO  server.RaftServerConfigKeys (ConfUtils.java:logGet(43)) - raft.server.storage.dir = [/workdir/hadoop-ozone/tools/target/test-dir/MiniOzoneClusterImpl-024f4a54-ba4e-4a80-aa90-cb3ecc4826ee/datanode-2/data/ratis] (custom)
2019-09-25 07:28:33,177 [pool-47-thread-1] INFO  storage.RaftStorageDirectory (RaftStorageDirectory.java:analyzeStorage(246)) - The storage directory /workdir/hadoop-ozone/tools/target/test-dir/MiniOzoneClusterImpl-024f4a54-ba4e-4a80-aa90-cb3ecc4826ee/datanode-2/data/ratis/23724c9d-508f-4113-b74c-1ce673173f28 does not exist. Creating ...
2019-09-25 07:28:33,194 [pool-47-thread-1] INFO  storage.RaftStorageDirectory (RaftStorageDirectory.java:tryLock(328)) - Lock on /workdir/hadoop-ozone/tools/target/test-dir/MiniOzoneClusterImpl-024f4a54-ba4e-4a80-aa90-cb3ecc4826ee/datanode-2/data/ratis/23724c9d-508f-4113-b74c-1ce673173f28/in_use.lock acquired by nodename 7900@pr-hdds-1569-s62bp-3040748787
2019-09-25 07:28:33,221 [pool-47-thread-1] INFO  storage.RaftStorage (RaftStorage.java:format(72)) - Storage directory /workdir/hadoop-ozone/tools/target/test-dir/MiniOzoneClusterImpl-024f4a54-ba4e-4a80-aa90-cb3ecc4826ee/datanode-2/data/ratis/23724c9d-508f-4113-b74c-1ce673173f28 has been successfully formatted.
2019-09-25 07:28:33,222 [pool-47-thread-1] INFO  ratis.ContainerStateMachine (ContainerStateMachine.java:loadSnapshot(230)) - group-1CE673173F28: The snapshot info is null. Setting the last applied indexto:(t:0, i:~)
2019-09-25 07:28:33,222 [pool-47-thread-1] INFO  server.RaftServerConfigKeys (ConfUtils.java:logGet(43)) - raft.server.notification.no-leader.timeout = 120s (custom)
2019-09-25 07:28:33,222 [pool-47-thread-1] INFO  server.RaftServerConfigKeys (ConfUtils.java:logGet(43)) - raft.server.log.use.memory = false (default)
2019-09-25 07:28:33,222 [pool-47-thread-1] INFO  server.RaftServerConfigKeys (ConfUtils.java:logGet(43)) - raft.server.log.purge.gap = 1000000 (custom)
2019-09-25 07:28:33,222 [pool-47-thread-1] INFO  server.RaftServerConfigKeys (ConfUtils.java:logGet(43)) - raft.server.log.appender.buffer.byte-limit = 33554432 (custom)
2019-09-25 07:28:33,223 [pool-47-thread-1] INFO  server.RaftServerConfigKeys (ConfUtils.java:logGet(43)) - raft.server.log.segment.size.max = 1048576 (custom)
2019-09-25 07:28:33,223 [pool-47-thread-1] INFO  server.RaftServerConfigKeys (ConfUtils.java:logGet(43)) - raft.server.log.segment.cache.num.max = 2 (custom)
2019-09-25 07:28:33,223 [pool-47-thread-1] INFO  segmented.SegmentedRaftLogWorker (SegmentedRaftLogWorker.java:<init>(172)) - new 7f677846-6321-4837-a536-8a7cfa3ddebf@group-1CE673173F28-SegmentedRaftLogWorker for RaftStorage:Storage Directory /workdir/hadoop-ozone/tools/target/test-dir/MiniOzoneClusterImpl-024f4a54-ba4e-4a80-aa90-cb3ecc4826ee/datanode-2/data/ratis/23724c9d-508f-4113-b74c-1ce673173f28
2019-09-25 07:28:33,227 [pool-47-thread-1] INFO  server.RaftServerConfigKeys (ConfUtils.java:logGet(43)) - raft.server.log.queue.byte-limit = 2147483647 (custom)
2019-09-25 07:28:33,227 [pool-47-thread-1] INFO  server.RaftServerConfigKeys (ConfUtils.java:logGet(43)) - raft.server.log.queue.element-limit = 1024 (custom)
2019-09-25 07:28:33,227 [pool-47-thread-1] INFO  server.RaftServerConfigKeys (ConfUtils.java:logGet(43)) - raft.server.log.segment.size.max = 1048576 (custom)
2019-09-25 07:28:33,227 [pool-47-thread-1] INFO  server.RaftServerConfigKeys (ConfUtils.java:logGet(43)) - raft.server.log.preallocated.size = 16384 (custom)
2019-09-25 07:28:33,227 [pool-47-thread-1] INFO  server.RaftServerConfigKeys (ConfUtils.java:logGet(43)) - raft.server.log.write.buffer.size = 33554432 (custom)
2019-09-25 07:28:33,227 [pool-47-thread-1] INFO  server.RaftServerConfigKeys (ConfUtils.java:logGet(43)) - raft.server.log.force.sync.num = 128 (default)
2019-09-25 07:28:33,228 [pool-47-thread-1] INFO  server.RaftServerConfigKeys (ConfUtils.java:logGet(43)) - raft.server.log.statemachine.data.sync = true (default)
2019-09-25 07:28:33,228 [pool-47-thread-1] INFO  server.RaftServerConfigKeys (ConfUtils.java:logGet(43)) - raft.server.log.statemachine.data.sync.timeout = 10s (default)
2019-09-25 07:28:33,228 [pool-47-thread-1] INFO  server.RaftServerConfigKeys (ConfUtils.java:logGet(43)) - raft.server.log.statemachine.data.sync.timeout.retry = -1 (default)
2019-09-25 07:28:33,228 [pool-47-thread-1] INFO  server.RaftServerConfigKeys (ConfUtils.java:logGet(43)) - raft.server.log.statemachine.data.caching.enabled = true (custom)
2019-09-25 07:28:33,229 [pool-47-thread-1] INFO  segmented.SegmentedRaftLogWorker (SegmentedRaftLogWorker.java:lambda$new$0(132)) - 7f677846-6321-4837-a536-8a7cfa3ddebf@group-1CE673173F28-SegmentedRaftLogWorker: flushIndex: setUnconditionally 0 -> -1
2019-09-25 07:28:33,229 [pool-47-thread-1] INFO  server.RaftServerConfigKeys (ConfUtils.java:logGet(43)) - raft.server.snapshot.auto.trigger.enabled = true (custom)
2019-09-25 07:28:33,229 [pool-47-thread-1] INFO  server.RaftServerConfigKeys (ConfUtils.java:logGet(43)) - raft.server.snapshot.auto.trigger.threshold = 10000 (custom)
2019-09-25 07:28:33,230 [pool-47-thread-1] INFO  server.RaftServerConfigKeys (ConfUtils.java:logGet(43)) - raft.server.snapshot.retention.num.files = 5 (custom)
2019-09-25 07:28:33,230 [pool-47-thread-1] INFO  server.RaftServerConfigKeys (ConfUtils.java:logGet(43)) - raft.server.retrycache.expirytime = 600000ms (custom)
2019-09-25 07:28:33,235 [pool-47-thread-1] INFO  impl.RaftServerImpl (RaftServerImpl.java:start(185)) - 7f677846-6321-4837-a536-8a7cfa3ddebf@group-1CE673173F28: start as a follower, conf=-1: [7f677846-6321-4837-a536-8a7cfa3ddebf:192.168.30.10:43630], old=null
2019-09-25 07:28:33,235 [pool-47-thread-1] INFO  impl.RaftServerImpl (RaftServerImpl.java:setRole(174)) - 7f677846-6321-4837-a536-8a7cfa3ddebf@group-1CE673173F28: changes role from      null to FOLLOWER at term 0 for startAsFollower
2019-09-25 07:28:33,236 [pool-47-thread-1] INFO  impl.RoleInfo (RoleInfo.java:updateAndGet(143)) - 7f677846-6321-4837-a536-8a7cfa3ddebf: start FollowerState
2019-09-25 07:28:33,236 [pool-47-thread-1] INFO  util.JmxRegister (JmxRegister.java:tryRegister(44)) - Successfully registered JMX Bean with object name Ratis:service=RaftServer,group=group-1CE673173F28,id=7f677846-6321-4837-a536-8a7cfa3ddebf
2019-09-25 07:28:33,249 [RatisPipelineUtilsThread] INFO  pipeline.PipelineStateManager (PipelineStateManager.java:addPipeline(56)) - Created pipeline Pipeline[ Id: 23724c9d-508f-4113-b74c-1ce673173f28, Nodes: 7f677846-6321-4837-a536-8a7cfa3ddebf{ip: 192.168.30.10, host: pr-hdds-1569-s62bp-3040748787, networkLocation: /default-rack, certSerialId: null}, Type:RATIS, Factor:ONE, State:OPEN]
2019-09-25 07:28:33,277 [grpc-default-executor-0] INFO  impl.RaftServerProxy (RaftServerProxy.java:addNew(89)) - 319eb9b2-446a-4b5b-95c2-98d772c8b042: addNew group-84273C5D0C78:[319eb9b2-446a-4b5b-95c2-98d772c8b042:192.168.30.10:42608] returns group-84273C5D0C78:java.util.concurrent.CompletableFuture@378e1adf[Not completed]
2019-09-25 07:28:33,280 [pool-37-thread-1] INFO  impl.RaftServerImpl (RaftServerImpl.java:<init>(95)) - 319eb9b2-446a-4b5b-95c2-98d772c8b042: new RaftServerImpl for group-84273C5D0C78:[319eb9b2-446a-4b5b-95c2-98d772c8b042:192.168.30.10:42608] with ContainerStateMachine:uninitialized
2019-09-25 07:28:33,280 [pool-37-thread-1] INFO  server.RaftServerConfigKeys (ConfUtils.java:logGet(43)) - raft.server.rpc.timeout.min = 5s (custom)
2019-09-25 07:28:33,280 [pool-37-thread-1] INFO  server.RaftServerConfigKeys (ConfUtils.java:logGet(43)) - raft.server.rpc.timeout.max = 5200ms (custom)
2019-09-25 07:28:33,280 [pool-37-thread-1] INFO  server.RaftServerConfigKeys (ConfUtils.java:logGet(43)) - raft.server.rpcslowness.timeout = 120s (custom)
2019-09-25 07:28:33,280 [pool-37-thread-1] INFO  server.RaftServerConfigKeys (ConfUtils.java:logGet(43)) - raft.server.sleep.deviation.threshold = 300 (default)
2019-09-25 07:28:33,281 [pool-37-thread-1] INFO  server.RaftServerConfigKeys (ConfUtils.java:logGet(43)) - raft.server.log.appender.install.snapshot.enabled = false (custom)
2019-09-25 07:28:33,281 [pool-37-thread-1] INFO  impl.RaftServerImpl (ServerState.java:<init>(103)) - 319eb9b2-446a-4b5b-95c2-98d772c8b042@group-84273C5D0C78: ConfigurationManager, init=-1: [319eb9b2-446a-4b5b-95c2-98d772c8b042:192.168.30.10:42608], old=null, confs=<EMPTY_MAP>
2019-09-25 07:28:33,281 [pool-37-thread-1] INFO  server.RaftServerConfigKeys (ConfUtils.java:logGet(43)) - raft.server.storage.dir = [/workdir/hadoop-ozone/tools/target/test-dir/MiniOzoneClusterImpl-024f4a54-ba4e-4a80-aa90-cb3ecc4826ee/datanode-1/data/ratis] (custom)
2019-09-25 07:28:33,282 [pool-37-thread-1] INFO  storage.RaftStorageDirectory (RaftStorageDirectory.java:analyzeStorage(246)) - The storage directory /workdir/hadoop-ozone/tools/target/test-dir/MiniOzoneClusterImpl-024f4a54-ba4e-4a80-aa90-cb3ecc4826ee/datanode-1/data/ratis/b8decb3b-ee63-42f4-828e-84273c5d0c78 does not exist. Creating ...
2019-09-25 07:28:33,294 [pool-37-thread-1] INFO  storage.RaftStorageDirectory (RaftStorageDirectory.java:tryLock(328)) - Lock on /workdir/hadoop-ozone/tools/target/test-dir/MiniOzoneClusterImpl-024f4a54-ba4e-4a80-aa90-cb3ecc4826ee/datanode-1/data/ratis/b8decb3b-ee63-42f4-828e-84273c5d0c78/in_use.lock acquired by nodename 7900@pr-hdds-1569-s62bp-3040748787
2019-09-25 07:28:33,308 [pool-37-thread-1] INFO  storage.RaftStorage (RaftStorage.java:format(72)) - Storage directory /workdir/hadoop-ozone/tools/target/test-dir/MiniOzoneClusterImpl-024f4a54-ba4e-4a80-aa90-cb3ecc4826ee/datanode-1/data/ratis/b8decb3b-ee63-42f4-828e-84273c5d0c78 has been successfully formatted.
2019-09-25 07:28:33,308 [pool-37-thread-1] INFO  ratis.ContainerStateMachine (ContainerStateMachine.java:loadSnapshot(230)) - group-84273C5D0C78: The snapshot info is null. Setting the last applied indexto:(t:0, i:~)
2019-09-25 07:28:33,308 [pool-37-thread-1] INFO  server.RaftServerConfigKeys (ConfUtils.java:logGet(43)) - raft.server.notification.no-leader.timeout = 120s (custom)
2019-09-25 07:28:33,309 [pool-37-thread-1] INFO  server.RaftServerConfigKeys (ConfUtils.java:logGet(43)) - raft.server.log.use.memory = false (default)
2019-09-25 07:28:33,309 [pool-37-thread-1] INFO  server.RaftServerConfigKeys (ConfUtils.java:logGet(43)) - raft.server.log.purge.gap = 1000000 (custom)
2019-09-25 07:28:33,309 [pool-37-thread-1] INFO  server.RaftServerConfigKeys (ConfUtils.java:logGet(43)) - raft.server.log.appender.buffer.byte-limit = 33554432 (custom)
2019-09-25 07:28:33,309 [pool-37-thread-1] INFO  server.RaftServerConfigKeys (ConfUtils.java:logGet(43)) - raft.server.log.segment.size.max = 1048576 (custom)
2019-09-25 07:28:33,309 [pool-37-thread-1] INFO  server.RaftServerConfigKeys (ConfUtils.java:logGet(43)) - raft.server.log.segment.cache.num.max = 2 (custom)
2019-09-25 07:28:33,309 [pool-37-thread-1] INFO  segmented.SegmentedRaftLogWorker (SegmentedRaftLogWorker.java:<init>(172)) - new 319eb9b2-446a-4b5b-95c2-98d772c8b042@group-84273C5D0C78-SegmentedRaftLogWorker for RaftStorage:Storage Directory /workdir/hadoop-ozone/tools/target/test-dir/MiniOzoneClusterImpl-024f4a54-ba4e-4a80-aa90-cb3ecc4826ee/datanode-1/data/ratis/b8decb3b-ee63-42f4-828e-84273c5d0c78
2019-09-25 07:28:33,310 [pool-37-thread-1] INFO  server.RaftServerConfigKeys (ConfUtils.java:logGet(43)) - raft.server.log.queue.byte-limit = 2147483647 (custom)
2019-09-25 07:28:33,310 [pool-37-thread-1] INFO  server.RaftServerConfigKeys (ConfUtils.java:logGet(43)) - raft.server.log.queue.element-limit = 1024 (custom)
2019-09-25 07:28:33,310 [pool-37-thread-1] INFO  server.RaftServerConfigKeys (ConfUtils.java:logGet(43)) - raft.server.log.segment.size.max = 1048576 (custom)
2019-09-25 07:28:33,310 [pool-37-thread-1] INFO  server.RaftServerConfigKeys (ConfUtils.java:logGet(43)) - raft.server.log.preallocated.size = 16384 (custom)
2019-09-25 07:28:33,310 [pool-37-thread-1] INFO  server.RaftServerConfigKeys (ConfUtils.java:logGet(43)) - raft.server.log.write.buffer.size = 33554432 (custom)
2019-09-25 07:28:33,311 [pool-37-thread-1] INFO  server.RaftServerConfigKeys (ConfUtils.java:logGet(43)) - raft.server.log.force.sync.num = 128 (default)
2019-09-25 07:28:33,311 [pool-37-thread-1] INFO  server.RaftServerConfigKeys (ConfUtils.java:logGet(43)) - raft.server.log.statemachine.data.sync = true (default)
2019-09-25 07:28:33,311 [pool-37-thread-1] INFO  server.RaftServerConfigKeys (ConfUtils.java:logGet(43)) - raft.server.log.statemachine.data.sync.timeout = 10s (default)
2019-09-25 07:28:33,311 [pool-37-thread-1] INFO  server.RaftServerConfigKeys (ConfUtils.java:logGet(43)) - raft.server.log.statemachine.data.sync.timeout.retry = -1 (default)
2019-09-25 07:28:33,311 [pool-37-thread-1] INFO  server.RaftServerConfigKeys (ConfUtils.java:logGet(43)) - raft.server.log.statemachine.data.caching.enabled = true (custom)
2019-09-25 07:28:33,312 [pool-37-thread-1] INFO  segmented.SegmentedRaftLogWorker (SegmentedRaftLogWorker.java:lambda$new$0(132)) - 319eb9b2-446a-4b5b-95c2-98d772c8b042@group-84273C5D0C78-SegmentedRaftLogWorker: flushIndex: setUnconditionally 0 -> -1
2019-09-25 07:28:33,312 [pool-37-thread-1] INFO  server.RaftServerConfigKeys (ConfUtils.java:logGet(43)) - raft.server.snapshot.auto.trigger.enabled = true (custom)
2019-09-25 07:28:33,312 [pool-37-thread-1] INFO  server.RaftServerConfigKeys (ConfUtils.java:logGet(43)) - raft.server.snapshot.auto.trigger.threshold = 10000 (custom)
2019-09-25 07:28:33,312 [pool-37-thread-1] INFO  server.RaftServerConfigKeys (ConfUtils.java:logGet(43)) - raft.server.snapshot.retention.num.files = 5 (custom)
2019-09-25 07:28:33,313 [pool-37-thread-1] INFO  server.RaftServerConfigKeys (ConfUtils.java:logGet(43)) - raft.server.retrycache.expirytime = 600000ms (custom)
2019-09-25 07:28:33,317 [pool-37-thread-1] INFO  impl.RaftServerImpl (RaftServerImpl.java:start(185)) - 319eb9b2-446a-4b5b-95c2-98d772c8b042@group-84273C5D0C78: start as a follower, conf=-1: [319eb9b2-446a-4b5b-95c2-98d772c8b042:192.168.30.10:42608], old=null
2019-09-25 07:28:33,317 [pool-37-thread-1] INFO  impl.RaftServerImpl (RaftServerImpl.java:setRole(174)) - 319eb9b2-446a-4b5b-95c2-98d772c8b042@group-84273C5D0C78: changes role from      null to FOLLOWER at term 0 for startAsFollower
2019-09-25 07:28:33,317 [pool-37-thread-1] INFO  impl.RoleInfo (RoleInfo.java:updateAndGet(143)) - 319eb9b2-446a-4b5b-95c2-98d772c8b042: start FollowerState
2019-09-25 07:28:33,317 [pool-37-thread-1] INFO  util.JmxRegister (JmxRegister.java:tryRegister(44)) - Successfully registered JMX Bean with object name Ratis:service=RaftServer,group=group-84273C5D0C78,id=319eb9b2-446a-4b5b-95c2-98d772c8b042
2019-09-25 07:28:33,334 [RatisPipelineUtilsThread] INFO  pipeline.PipelineStateManager (PipelineStateManager.java:addPipeline(56)) - Created pipeline Pipeline[ Id: b8decb3b-ee63-42f4-828e-84273c5d0c78, Nodes: 319eb9b2-446a-4b5b-95c2-98d772c8b042{ip: 192.168.30.10, host: pr-hdds-1569-s62bp-3040748787, networkLocation: /default-rack, certSerialId: null}, Type:RATIS, Factor:ONE, State:OPEN]
2019-09-25 07:28:33,347 [grpc-default-executor-0] INFO  impl.RaftServerProxy (RaftServerProxy.java:addNew(89)) - 7f677846-6321-4837-a536-8a7cfa3ddebf: addNew group-21A848288337:[7f677846-6321-4837-a536-8a7cfa3ddebf:192.168.30.10:43630] returns group-21A848288337:java.util.concurrent.CompletableFuture@5c2eaf21[Not completed]
2019-09-25 07:28:33,349 [pool-47-thread-1] INFO  impl.RaftServerImpl (RaftServerImpl.java:<init>(95)) - 7f677846-6321-4837-a536-8a7cfa3ddebf: new RaftServerImpl for group-21A848288337:[7f677846-6321-4837-a536-8a7cfa3ddebf:192.168.30.10:43630] with ContainerStateMachine:uninitialized
2019-09-25 07:28:33,349 [pool-47-thread-1] INFO  server.RaftServerConfigKeys (ConfUtils.java:logGet(43)) - raft.server.rpc.timeout.min = 5s (custom)
2019-09-25 07:28:33,350 [pool-47-thread-1] INFO  server.RaftServerConfigKeys (ConfUtils.java:logGet(43)) - raft.server.rpc.timeout.max = 5200ms (custom)
2019-09-25 07:28:33,350 [pool-47-thread-1] INFO  server.RaftServerConfigKeys (ConfUtils.java:logGet(43)) - raft.server.rpcslowness.timeout = 120s (custom)
2019-09-25 07:28:33,350 [pool-47-thread-1] INFO  server.RaftServerConfigKeys (ConfUtils.java:logGet(43)) - raft.server.sleep.deviation.threshold = 300 (default)
2019-09-25 07:28:33,350 [pool-47-thread-1] INFO  server.RaftServerConfigKeys (ConfUtils.java:logGet(43)) - raft.server.log.appender.install.snapshot.enabled = false (custom)
2019-09-25 07:28:33,350 [pool-47-thread-1] INFO  impl.RaftServerImpl (ServerState.java:<init>(103)) - 7f677846-6321-4837-a536-8a7cfa3ddebf@group-21A848288337: ConfigurationManager, init=-1: [7f677846-6321-4837-a536-8a7cfa3ddebf:192.168.30.10:43630], old=null, confs=<EMPTY_MAP>
2019-09-25 07:28:33,350 [pool-47-thread-1] INFO  server.RaftServerConfigKeys (ConfUtils.java:logGet(43)) - raft.server.storage.dir = [/workdir/hadoop-ozone/tools/target/test-dir/MiniOzoneClusterImpl-024f4a54-ba4e-4a80-aa90-cb3ecc4826ee/datanode-2/data/ratis] (custom)
2019-09-25 07:28:33,351 [pool-47-thread-1] INFO  storage.RaftStorageDirectory (RaftStorageDirectory.java:analyzeStorage(246)) - The storage directory /workdir/hadoop-ozone/tools/target/test-dir/MiniOzoneClusterImpl-024f4a54-ba4e-4a80-aa90-cb3ecc4826ee/datanode-2/data/ratis/96f5a4f9-402c-4248-b32d-21a848288337 does not exist. Creating ...
2019-09-25 07:28:33,363 [pool-47-thread-1] INFO  storage.RaftStorageDirectory (RaftStorageDirectory.java:tryLock(328)) - Lock on /workdir/hadoop-ozone/tools/target/test-dir/MiniOzoneClusterImpl-024f4a54-ba4e-4a80-aa90-cb3ecc4826ee/datanode-2/data/ratis/96f5a4f9-402c-4248-b32d-21a848288337/in_use.lock acquired by nodename 7900@pr-hdds-1569-s62bp-3040748787
2019-09-25 07:28:33,376 [pool-47-thread-1] INFO  storage.RaftStorage (RaftStorage.java:format(72)) - Storage directory /workdir/hadoop-ozone/tools/target/test-dir/MiniOzoneClusterImpl-024f4a54-ba4e-4a80-aa90-cb3ecc4826ee/datanode-2/data/ratis/96f5a4f9-402c-4248-b32d-21a848288337 has been successfully formatted.
2019-09-25 07:28:33,376 [pool-47-thread-1] INFO  ratis.ContainerStateMachine (ContainerStateMachine.java:loadSnapshot(230)) - group-21A848288337: The snapshot info is null. Setting the last applied indexto:(t:0, i:~)
2019-09-25 07:28:33,376 [pool-47-thread-1] INFO  server.RaftServerConfigKeys (ConfUtils.java:logGet(43)) - raft.server.notification.no-leader.timeout = 120s (custom)
2019-09-25 07:28:33,376 [pool-47-thread-1] INFO  server.RaftServerConfigKeys (ConfUtils.java:logGet(43)) - raft.server.log.use.memory = false (default)
2019-09-25 07:28:33,377 [pool-47-thread-1] INFO  server.RaftServerConfigKeys (ConfUtils.java:logGet(43)) - raft.server.log.purge.gap = 1000000 (custom)
2019-09-25 07:28:33,377 [pool-47-thread-1] INFO  server.RaftServerConfigKeys (ConfUtils.java:logGet(43)) - raft.server.log.appender.buffer.byte-limit = 33554432 (custom)
2019-09-25 07:28:33,377 [pool-47-thread-1] INFO  server.RaftServerConfigKeys (ConfUtils.java:logGet(43)) - raft.server.log.segment.size.max = 1048576 (custom)
2019-09-25 07:28:33,377 [pool-47-thread-1] INFO  server.RaftServerConfigKeys (ConfUtils.java:logGet(43)) - raft.server.log.segment.cache.num.max = 2 (custom)
2019-09-25 07:28:33,377 [pool-47-thread-1] INFO  segmented.SegmentedRaftLogWorker (SegmentedRaftLogWorker.java:<init>(172)) - new 7f677846-6321-4837-a536-8a7cfa3ddebf@group-21A848288337-SegmentedRaftLogWorker for RaftStorage:Storage Directory /workdir/hadoop-ozone/tools/target/test-dir/MiniOzoneClusterImpl-024f4a54-ba4e-4a80-aa90-cb3ecc4826ee/datanode-2/data/ratis/96f5a4f9-402c-4248-b32d-21a848288337
2019-09-25 07:28:33,377 [pool-47-thread-1] INFO  server.RaftServerConfigKeys (ConfUtils.java:logGet(43)) - raft.server.log.queue.byte-limit = 2147483647 (custom)
2019-09-25 07:28:33,377 [pool-47-thread-1] INFO  server.RaftServerConfigKeys (ConfUtils.java:logGet(43)) - raft.server.log.queue.element-limit = 1024 (custom)
2019-09-25 07:28:33,377 [pool-47-thread-1] INFO  server.RaftServerConfigKeys (ConfUtils.java:logGet(43)) - raft.server.log.segment.size.max = 1048576 (custom)
2019-09-25 07:28:33,378 [pool-47-thread-1] INFO  server.RaftServerConfigKeys (ConfUtils.java:logGet(43)) - raft.server.log.preallocated.size = 16384 (custom)
2019-09-25 07:28:33,378 [pool-47-thread-1] INFO  server.RaftServerConfigKeys (ConfUtils.java:logGet(43)) - raft.server.log.write.buffer.size = 33554432 (custom)
2019-09-25 07:28:33,378 [pool-47-thread-1] INFO  server.RaftServerConfigKeys (ConfUtils.java:logGet(43)) - raft.server.log.force.sync.num = 128 (default)
2019-09-25 07:28:33,378 [pool-47-thread-1] INFO  server.RaftServerConfigKeys (ConfUtils.java:logGet(43)) - raft.server.log.statemachine.data.sync = true (default)
2019-09-25 07:28:33,378 [pool-47-thread-1] INFO  server.RaftServerConfigKeys (ConfUtils.java:logGet(43)) - raft.server.log.statemachine.data.sync.timeout = 10s (default)
2019-09-25 07:28:33,378 [pool-47-thread-1] INFO  server.RaftServerConfigKeys (ConfUtils.java:logGet(43)) - raft.server.log.statemachine.data.sync.timeout.retry = -1 (default)
2019-09-25 07:28:33,379 [pool-47-thread-1] INFO  server.RaftServerConfigKeys (ConfUtils.java:logGet(43)) - raft.server.log.statemachine.data.caching.enabled = true (custom)
2019-09-25 07:28:33,379 [pool-47-thread-1] INFO  segmented.SegmentedRaftLogWorker (SegmentedRaftLogWorker.java:lambda$new$0(132)) - 7f677846-6321-4837-a536-8a7cfa3ddebf@group-21A848288337-SegmentedRaftLogWorker: flushIndex: setUnconditionally 0 -> -1
2019-09-25 07:28:33,379 [pool-47-thread-1] INFO  server.RaftServerConfigKeys (ConfUtils.java:logGet(43)) - raft.server.snapshot.auto.trigger.enabled = true (custom)
2019-09-25 07:28:33,379 [pool-47-thread-1] INFO  server.RaftServerConfigKeys (ConfUtils.java:logGet(43)) - raft.server.snapshot.auto.trigger.threshold = 10000 (custom)
2019-09-25 07:28:33,379 [pool-47-thread-1] INFO  server.RaftServerConfigKeys (ConfUtils.java:logGet(43)) - raft.server.snapshot.retention.num.files = 5 (custom)
2019-09-25 07:28:33,380 [pool-47-thread-1] INFO  server.RaftServerConfigKeys (ConfUtils.java:logGet(43)) - raft.server.retrycache.expirytime = 600000ms (custom)
2019-09-25 07:28:33,382 [pool-47-thread-1] INFO  impl.RaftServerImpl (RaftServerImpl.java:start(185)) - 7f677846-6321-4837-a536-8a7cfa3ddebf@group-21A848288337: start as a follower, conf=-1: [7f677846-6321-4837-a536-8a7cfa3ddebf:192.168.30.10:43630], old=null
2019-09-25 07:28:33,382 [pool-47-thread-1] INFO  impl.RaftServerImpl (RaftServerImpl.java:setRole(174)) - 7f677846-6321-4837-a536-8a7cfa3ddebf@group-21A848288337: changes role from      null to FOLLOWER at term 0 for startAsFollower
2019-09-25 07:28:33,382 [pool-47-thread-1] INFO  impl.RoleInfo (RoleInfo.java:updateAndGet(143)) - 7f677846-6321-4837-a536-8a7cfa3ddebf: start FollowerState
2019-09-25 07:28:33,383 [pool-47-thread-1] INFO  util.JmxRegister (JmxRegister.java:tryRegister(44)) - Successfully registered JMX Bean with object name Ratis:service=RaftServer,group=group-21A848288337,id=7f677846-6321-4837-a536-8a7cfa3ddebf
2019-09-25 07:28:33,392 [RatisPipelineUtilsThread] INFO  pipeline.PipelineStateManager (PipelineStateManager.java:addPipeline(56)) - Created pipeline Pipeline[ Id: 96f5a4f9-402c-4248-b32d-21a848288337, Nodes: 7f677846-6321-4837-a536-8a7cfa3ddebf{ip: 192.168.30.10, host: pr-hdds-1569-s62bp-3040748787, networkLocation: /default-rack, certSerialId: null}, Type:RATIS, Factor:ONE, State:OPEN]
2019-09-25 07:28:33,406 [grpc-default-executor-0] INFO  impl.RaftServerProxy (RaftServerProxy.java:addNew(89)) - a3425e08-24ce-4736-9f6e-1b8551260ff2: addNew group-0BC90C65DA2F:[a3425e08-24ce-4736-9f6e-1b8551260ff2:192.168.30.10:37358] returns group-0BC90C65DA2F:java.util.concurrent.CompletableFuture@2d0bed96[Not completed]
2019-09-25 07:28:33,408 [pool-27-thread-1] INFO  impl.RaftServerImpl (RaftServerImpl.java:<init>(95)) - a3425e08-24ce-4736-9f6e-1b8551260ff2: new RaftServerImpl for group-0BC90C65DA2F:[a3425e08-24ce-4736-9f6e-1b8551260ff2:192.168.30.10:37358] with ContainerStateMachine:uninitialized
2019-09-25 07:28:33,408 [pool-27-thread-1] INFO  server.RaftServerConfigKeys (ConfUtils.java:logGet(43)) - raft.server.rpc.timeout.min = 5s (custom)
2019-09-25 07:28:33,408 [pool-27-thread-1] INFO  server.RaftServerConfigKeys (ConfUtils.java:logGet(43)) - raft.server.rpc.timeout.max = 5200ms (custom)
2019-09-25 07:28:33,408 [pool-27-thread-1] INFO  server.RaftServerConfigKeys (ConfUtils.java:logGet(43)) - raft.server.rpcslowness.timeout = 120s (custom)
2019-09-25 07:28:33,408 [pool-27-thread-1] INFO  server.RaftServerConfigKeys (ConfUtils.java:logGet(43)) - raft.server.sleep.deviation.threshold = 300 (default)
2019-09-25 07:28:33,408 [pool-27-thread-1] INFO  server.RaftServerConfigKeys (ConfUtils.java:logGet(43)) - raft.server.log.appender.install.snapshot.enabled = false (custom)
2019-09-25 07:28:33,409 [pool-27-thread-1] INFO  impl.RaftServerImpl (ServerState.java:<init>(103)) - a3425e08-24ce-4736-9f6e-1b8551260ff2@group-0BC90C65DA2F: ConfigurationManager, init=-1: [a3425e08-24ce-4736-9f6e-1b8551260ff2:192.168.30.10:37358], old=null, confs=<EMPTY_MAP>
2019-09-25 07:28:33,409 [pool-27-thread-1] INFO  server.RaftServerConfigKeys (ConfUtils.java:logGet(43)) - raft.server.storage.dir = [/workdir/hadoop-ozone/tools/target/test-dir/MiniOzoneClusterImpl-024f4a54-ba4e-4a80-aa90-cb3ecc4826ee/datanode-0/data/ratis] (custom)
2019-09-25 07:28:33,409 [pool-27-thread-1] INFO  storage.RaftStorageDirectory (RaftStorageDirectory.java:analyzeStorage(246)) - The storage directory /workdir/hadoop-ozone/tools/target/test-dir/MiniOzoneClusterImpl-024f4a54-ba4e-4a80-aa90-cb3ecc4826ee/datanode-0/data/ratis/0de2f7ea-2a1f-47cd-81e7-0bc90c65da2f does not exist. Creating ...
2019-09-25 07:28:33,422 [pool-27-thread-1] INFO  storage.RaftStorageDirectory (RaftStorageDirectory.java:tryLock(328)) - Lock on /workdir/hadoop-ozone/tools/target/test-dir/MiniOzoneClusterImpl-024f4a54-ba4e-4a80-aa90-cb3ecc4826ee/datanode-0/data/ratis/0de2f7ea-2a1f-47cd-81e7-0bc90c65da2f/in_use.lock acquired by nodename 7900@pr-hdds-1569-s62bp-3040748787
2019-09-25 07:28:33,435 [pool-27-thread-1] INFO  storage.RaftStorage (RaftStorage.java:format(72)) - Storage directory /workdir/hadoop-ozone/tools/target/test-dir/MiniOzoneClusterImpl-024f4a54-ba4e-4a80-aa90-cb3ecc4826ee/datanode-0/data/ratis/0de2f7ea-2a1f-47cd-81e7-0bc90c65da2f has been successfully formatted.
2019-09-25 07:28:33,436 [pool-27-thread-1] INFO  ratis.ContainerStateMachine (ContainerStateMachine.java:loadSnapshot(230)) - group-0BC90C65DA2F: The snapshot info is null. Setting the last applied indexto:(t:0, i:~)
2019-09-25 07:28:33,436 [pool-27-thread-1] INFO  server.RaftServerConfigKeys (ConfUtils.java:logGet(43)) - raft.server.notification.no-leader.timeout = 120s (custom)
2019-09-25 07:28:33,436 [pool-27-thread-1] INFO  server.RaftServerConfigKeys (ConfUtils.java:logGet(43)) - raft.server.log.use.memory = false (default)
2019-09-25 07:28:33,436 [pool-27-thread-1] INFO  server.RaftServerConfigKeys (ConfUtils.java:logGet(43)) - raft.server.log.purge.gap = 1000000 (custom)
2019-09-25 07:28:33,436 [pool-27-thread-1] INFO  server.RaftServerConfigKeys (ConfUtils.java:logGet(43)) - raft.server.log.appender.buffer.byte-limit = 33554432 (custom)
2019-09-25 07:28:33,437 [pool-27-thread-1] INFO  server.RaftServerConfigKeys (ConfUtils.java:logGet(43)) - raft.server.log.segment.size.max = 1048576 (custom)
2019-09-25 07:28:33,437 [pool-27-thread-1] INFO  server.RaftServerConfigKeys (ConfUtils.java:logGet(43)) - raft.server.log.segment.cache.num.max = 2 (custom)
2019-09-25 07:28:33,437 [pool-27-thread-1] INFO  segmented.SegmentedRaftLogWorker (SegmentedRaftLogWorker.java:<init>(172)) - new a3425e08-24ce-4736-9f6e-1b8551260ff2@group-0BC90C65DA2F-SegmentedRaftLogWorker for RaftStorage:Storage Directory /workdir/hadoop-ozone/tools/target/test-dir/MiniOzoneClusterImpl-024f4a54-ba4e-4a80-aa90-cb3ecc4826ee/datanode-0/data/ratis/0de2f7ea-2a1f-47cd-81e7-0bc90c65da2f
2019-09-25 07:28:33,437 [pool-27-thread-1] INFO  server.RaftServerConfigKeys (ConfUtils.java:logGet(43)) - raft.server.log.queue.byte-limit = 2147483647 (custom)
2019-09-25 07:28:33,437 [pool-27-thread-1] INFO  server.RaftServerConfigKeys (ConfUtils.java:logGet(43)) - raft.server.log.queue.element-limit = 1024 (custom)
2019-09-25 07:28:33,437 [pool-27-thread-1] INFO  server.RaftServerConfigKeys (ConfUtils.java:logGet(43)) - raft.server.log.segment.size.max = 1048576 (custom)
2019-09-25 07:28:33,437 [pool-27-thread-1] INFO  server.RaftServerConfigKeys (ConfUtils.java:logGet(43)) - raft.server.log.preallocated.size = 16384 (custom)
2019-09-25 07:28:33,438 [pool-27-thread-1] INFO  server.RaftServerConfigKeys (ConfUtils.java:logGet(43)) - raft.server.log.write.buffer.size = 33554432 (custom)
2019-09-25 07:28:33,438 [pool-27-thread-1] INFO  server.RaftServerConfigKeys (ConfUtils.java:logGet(43)) - raft.server.log.force.sync.num = 128 (default)
2019-09-25 07:28:33,438 [pool-27-thread-1] INFO  server.RaftServerConfigKeys (ConfUtils.java:logGet(43)) - raft.server.log.statemachine.data.sync = true (default)
2019-09-25 07:28:33,438 [pool-27-thread-1] INFO  server.RaftServerConfigKeys (ConfUtils.java:logGet(43)) - raft.server.log.statemachine.data.sync.timeout = 10s (default)
2019-09-25 07:28:33,438 [pool-27-thread-1] INFO  server.RaftServerConfigKeys (ConfUtils.java:logGet(43)) - raft.server.log.statemachine.data.sync.timeout.retry = -1 (default)
2019-09-25 07:28:33,438 [pool-27-thread-1] INFO  server.RaftServerConfigKeys (ConfUtils.java:logGet(43)) - raft.server.log.statemachine.data.caching.enabled = true (custom)
2019-09-25 07:28:33,439 [pool-27-thread-1] INFO  segmented.SegmentedRaftLogWorker (SegmentedRaftLogWorker.java:lambda$new$0(132)) - a3425e08-24ce-4736-9f6e-1b8551260ff2@group-0BC90C65DA2F-SegmentedRaftLogWorker: flushIndex: setUnconditionally 0 -> -1
2019-09-25 07:28:33,439 [pool-27-thread-1] INFO  server.RaftServerConfigKeys (ConfUtils.java:logGet(43)) - raft.server.snapshot.auto.trigger.enabled = true (custom)
2019-09-25 07:28:33,439 [pool-27-thread-1] INFO  server.RaftServerConfigKeys (ConfUtils.java:logGet(43)) - raft.server.snapshot.auto.trigger.threshold = 10000 (custom)
2019-09-25 07:28:33,439 [pool-27-thread-1] INFO  server.RaftServerConfigKeys (ConfUtils.java:logGet(43)) - raft.server.snapshot.retention.num.files = 5 (custom)
2019-09-25 07:28:33,440 [pool-27-thread-1] INFO  server.RaftServerConfigKeys (ConfUtils.java:logGet(43)) - raft.server.retrycache.expirytime = 600000ms (custom)
2019-09-25 07:28:33,443 [pool-27-thread-1] INFO  impl.RaftServerImpl (RaftServerImpl.java:start(185)) - a3425e08-24ce-4736-9f6e-1b8551260ff2@group-0BC90C65DA2F: start as a follower, conf=-1: [a3425e08-24ce-4736-9f6e-1b8551260ff2:192.168.30.10:37358], old=null
2019-09-25 07:28:33,443 [pool-27-thread-1] INFO  impl.RaftServerImpl (RaftServerImpl.java:setRole(174)) - a3425e08-24ce-4736-9f6e-1b8551260ff2@group-0BC90C65DA2F: changes role from      null to FOLLOWER at term 0 for startAsFollower
2019-09-25 07:28:33,443 [pool-27-thread-1] INFO  impl.RoleInfo (RoleInfo.java:updateAndGet(143)) - a3425e08-24ce-4736-9f6e-1b8551260ff2: start FollowerState
2019-09-25 07:28:33,444 [pool-27-thread-1] INFO  util.JmxRegister (JmxRegister.java:tryRegister(44)) - Successfully registered JMX Bean with object name Ratis:service=RaftServer,group=group-0BC90C65DA2F,id=a3425e08-24ce-4736-9f6e-1b8551260ff2
2019-09-25 07:28:33,454 [RatisPipelineUtilsThread] INFO  pipeline.PipelineStateManager (PipelineStateManager.java:addPipeline(56)) - Created pipeline Pipeline[ Id: 0de2f7ea-2a1f-47cd-81e7-0bc90c65da2f, Nodes: a3425e08-24ce-4736-9f6e-1b8551260ff2{ip: 192.168.30.10, host: pr-hdds-1569-s62bp-3040748787, networkLocation: /default-rack, certSerialId: null}, Type:RATIS, Factor:ONE, State:OPEN]
2019-09-25 07:28:33,455 [RatisPipelineUtilsThread] INFO  pipeline.PipelinePlacementPolicy (PipelinePlacementPolicy.java:meetCriteria(91)) - Pipeline Placement: Doesn't meet the criteria to be viable node： a3425e08-24ce-4736-9f6e-1b8551260ff2 Heaviness: 6 limit: 5
2019-09-25 07:28:33,471 [grpc-default-executor-0] INFO  impl.RaftServerProxy (RaftServerProxy.java:addNew(89)) - cdf8b493-8d99-4b97-bf55-1e19bf837156: addNew group-BFFEE62B2317:[cdf8b493-8d99-4b97-bf55-1e19bf837156:192.168.30.10:41087] returns group-BFFEE62B2317:java.util.concurrent.CompletableFuture@74814b80[Not completed]
2019-09-25 07:28:33,475 [pool-67-thread-1] INFO  impl.RaftServerImpl (RaftServerImpl.java:<init>(95)) - cdf8b493-8d99-4b97-bf55-1e19bf837156: new RaftServerImpl for group-BFFEE62B2317:[cdf8b493-8d99-4b97-bf55-1e19bf837156:192.168.30.10:41087] with ContainerStateMachine:uninitialized
2019-09-25 07:28:33,476 [pool-67-thread-1] INFO  server.RaftServerConfigKeys (ConfUtils.java:logGet(43)) - raft.server.rpc.timeout.min = 5s (custom)
2019-09-25 07:28:33,476 [pool-67-thread-1] INFO  server.RaftServerConfigKeys (ConfUtils.java:logGet(43)) - raft.server.rpc.timeout.max = 5200ms (custom)
2019-09-25 07:28:33,476 [pool-67-thread-1] INFO  server.RaftServerConfigKeys (ConfUtils.java:logGet(43)) - raft.server.rpcslowness.timeout = 120s (custom)
2019-09-25 07:28:33,476 [pool-67-thread-1] INFO  server.RaftServerConfigKeys (ConfUtils.java:logGet(43)) - raft.server.sleep.deviation.threshold = 300 (default)
2019-09-25 07:28:33,476 [pool-67-thread-1] INFO  server.RaftServerConfigKeys (ConfUtils.java:logGet(43)) - raft.server.log.appender.install.snapshot.enabled = false (custom)
2019-09-25 07:28:33,477 [pool-67-thread-1] INFO  impl.RaftServerImpl (ServerState.java:<init>(103)) - cdf8b493-8d99-4b97-bf55-1e19bf837156@group-BFFEE62B2317: ConfigurationManager, init=-1: [cdf8b493-8d99-4b97-bf55-1e19bf837156:192.168.30.10:41087], old=null, confs=<EMPTY_MAP>
2019-09-25 07:28:33,477 [pool-67-thread-1] INFO  server.RaftServerConfigKeys (ConfUtils.java:logGet(43)) - raft.server.storage.dir = [/workdir/hadoop-ozone/tools/target/test-dir/MiniOzoneClusterImpl-024f4a54-ba4e-4a80-aa90-cb3ecc4826ee/datanode-4/data/ratis] (custom)
2019-09-25 07:28:33,477 [pool-67-thread-1] INFO  storage.RaftStorageDirectory (RaftStorageDirectory.java:analyzeStorage(246)) - The storage directory /workdir/hadoop-ozone/tools/target/test-dir/MiniOzoneClusterImpl-024f4a54-ba4e-4a80-aa90-cb3ecc4826ee/datanode-4/data/ratis/434b0652-cefa-4c58-bd01-bffee62b2317 does not exist. Creating ...
2019-09-25 07:28:33,490 [pool-67-thread-1] INFO  storage.RaftStorageDirectory (RaftStorageDirectory.java:tryLock(328)) - Lock on /workdir/hadoop-ozone/tools/target/test-dir/MiniOzoneClusterImpl-024f4a54-ba4e-4a80-aa90-cb3ecc4826ee/datanode-4/data/ratis/434b0652-cefa-4c58-bd01-bffee62b2317/in_use.lock acquired by nodename 7900@pr-hdds-1569-s62bp-3040748787
2019-09-25 07:28:33,503 [pool-67-thread-1] INFO  storage.RaftStorage (RaftStorage.java:format(72)) - Storage directory /workdir/hadoop-ozone/tools/target/test-dir/MiniOzoneClusterImpl-024f4a54-ba4e-4a80-aa90-cb3ecc4826ee/datanode-4/data/ratis/434b0652-cefa-4c58-bd01-bffee62b2317 has been successfully formatted.
2019-09-25 07:28:33,503 [pool-67-thread-1] INFO  ratis.ContainerStateMachine (ContainerStateMachine.java:loadSnapshot(230)) - group-BFFEE62B2317: The snapshot info is null. Setting the last applied indexto:(t:0, i:~)
2019-09-25 07:28:33,504 [pool-67-thread-1] INFO  server.RaftServerConfigKeys (ConfUtils.java:logGet(43)) - raft.server.notification.no-leader.timeout = 120s (custom)
2019-09-25 07:28:33,504 [pool-67-thread-1] INFO  server.RaftServerConfigKeys (ConfUtils.java:logGet(43)) - raft.server.log.use.memory = false (default)
2019-09-25 07:28:33,504 [pool-67-thread-1] INFO  server.RaftServerConfigKeys (ConfUtils.java:logGet(43)) - raft.server.log.purge.gap = 1000000 (custom)
2019-09-25 07:28:33,504 [pool-67-thread-1] INFO  server.RaftServerConfigKeys (ConfUtils.java:logGet(43)) - raft.server.log.appender.buffer.byte-limit = 33554432 (custom)
2019-09-25 07:28:33,504 [pool-67-thread-1] INFO  server.RaftServerConfigKeys (ConfUtils.java:logGet(43)) - raft.server.log.segment.size.max = 1048576 (custom)
2019-09-25 07:28:33,505 [pool-67-thread-1] INFO  server.RaftServerConfigKeys (ConfUtils.java:logGet(43)) - raft.server.log.segment.cache.num.max = 2 (custom)
2019-09-25 07:28:33,505 [pool-67-thread-1] INFO  segmented.SegmentedRaftLogWorker (SegmentedRaftLogWorker.java:<init>(172)) - new cdf8b493-8d99-4b97-bf55-1e19bf837156@group-BFFEE62B2317-SegmentedRaftLogWorker for RaftStorage:Storage Directory /workdir/hadoop-ozone/tools/target/test-dir/MiniOzoneClusterImpl-024f4a54-ba4e-4a80-aa90-cb3ecc4826ee/datanode-4/data/ratis/434b0652-cefa-4c58-bd01-bffee62b2317
2019-09-25 07:28:33,508 [pool-67-thread-1] INFO  server.RaftServerConfigKeys (ConfUtils.java:logGet(43)) - raft.server.log.queue.byte-limit = 2147483647 (custom)
2019-09-25 07:28:33,508 [pool-67-thread-1] INFO  server.RaftServerConfigKeys (ConfUtils.java:logGet(43)) - raft.server.log.queue.element-limit = 1024 (custom)
2019-09-25 07:28:33,508 [pool-67-thread-1] INFO  server.RaftServerConfigKeys (ConfUtils.java:logGet(43)) - raft.server.log.segment.size.max = 1048576 (custom)
2019-09-25 07:28:33,508 [pool-67-thread-1] INFO  server.RaftServerConfigKeys (ConfUtils.java:logGet(43)) - raft.server.log.preallocated.size = 16384 (custom)
2019-09-25 07:28:33,509 [pool-67-thread-1] INFO  server.RaftServerConfigKeys (ConfUtils.java:logGet(43)) - raft.server.log.write.buffer.size = 33554432 (custom)
2019-09-25 07:28:33,509 [pool-67-thread-1] INFO  server.RaftServerConfigKeys (ConfUtils.java:logGet(43)) - raft.server.log.force.sync.num = 128 (default)
2019-09-25 07:28:33,509 [pool-67-thread-1] INFO  server.RaftServerConfigKeys (ConfUtils.java:logGet(43)) - raft.server.log.statemachine.data.sync = true (default)
2019-09-25 07:28:33,509 [pool-67-thread-1] INFO  server.RaftServerConfigKeys (ConfUtils.java:logGet(43)) - raft.server.log.statemachine.data.sync.timeout = 10s (default)
2019-09-25 07:28:33,509 [pool-67-thread-1] INFO  server.RaftServerConfigKeys (ConfUtils.java:logGet(43)) - raft.server.log.statemachine.data.sync.timeout.retry = -1 (default)
2019-09-25 07:28:33,511 [pool-67-thread-1] INFO  server.RaftServerConfigKeys (ConfUtils.java:logGet(43)) - raft.server.log.statemachine.data.caching.enabled = true (custom)
2019-09-25 07:28:33,511 [pool-67-thread-1] INFO  segmented.SegmentedRaftLogWorker (SegmentedRaftLogWorker.java:lambda$new$0(132)) - cdf8b493-8d99-4b97-bf55-1e19bf837156@group-BFFEE62B2317-SegmentedRaftLogWorker: flushIndex: setUnconditionally 0 -> -1
2019-09-25 07:28:33,512 [pool-67-thread-1] INFO  server.RaftServerConfigKeys (ConfUtils.java:logGet(43)) - raft.server.snapshot.auto.trigger.enabled = true (custom)
2019-09-25 07:28:33,512 [pool-67-thread-1] INFO  server.RaftServerConfigKeys (ConfUtils.java:logGet(43)) - raft.server.snapshot.auto.trigger.threshold = 10000 (custom)
2019-09-25 07:28:33,513 [pool-67-thread-1] INFO  server.RaftServerConfigKeys (ConfUtils.java:logGet(43)) - raft.server.snapshot.retention.num.files = 5 (custom)
2019-09-25 07:28:33,513 [pool-67-thread-1] INFO  server.RaftServerConfigKeys (ConfUtils.java:logGet(43)) - raft.server.retrycache.expirytime = 600000ms (custom)
2019-09-25 07:28:33,516 [pool-67-thread-1] INFO  impl.RaftServerImpl (RaftServerImpl.java:start(185)) - cdf8b493-8d99-4b97-bf55-1e19bf837156@group-BFFEE62B2317: start as a follower, conf=-1: [cdf8b493-8d99-4b97-bf55-1e19bf837156:192.168.30.10:41087], old=null
2019-09-25 07:28:33,516 [pool-67-thread-1] INFO  impl.RaftServerImpl (RaftServerImpl.java:setRole(174)) - cdf8b493-8d99-4b97-bf55-1e19bf837156@group-BFFEE62B2317: changes role from      null to FOLLOWER at term 0 for startAsFollower
2019-09-25 07:28:33,516 [pool-67-thread-1] INFO  impl.RoleInfo (RoleInfo.java:updateAndGet(143)) - cdf8b493-8d99-4b97-bf55-1e19bf837156: start FollowerState
2019-09-25 07:28:33,517 [pool-67-thread-1] INFO  util.JmxRegister (JmxRegister.java:tryRegister(44)) - Successfully registered JMX Bean with object name Ratis:service=RaftServer,group=group-BFFEE62B2317,id=cdf8b493-8d99-4b97-bf55-1e19bf837156
2019-09-25 07:28:33,527 [RatisPipelineUtilsThread] INFO  pipeline.PipelineStateManager (PipelineStateManager.java:addPipeline(56)) - Created pipeline Pipeline[ Id: 434b0652-cefa-4c58-bd01-bffee62b2317, Nodes: cdf8b493-8d99-4b97-bf55-1e19bf837156{ip: 192.168.30.10, host: pr-hdds-1569-s62bp-3040748787, networkLocation: /default-rack, certSerialId: null}, Type:RATIS, Factor:ONE, State:OPEN]
2019-09-25 07:28:33,527 [RatisPipelineUtilsThread] INFO  pipeline.PipelinePlacementPolicy (PipelinePlacementPolicy.java:meetCriteria(91)) - Pipeline Placement: Doesn't meet the criteria to be viable node： a3425e08-24ce-4736-9f6e-1b8551260ff2 Heaviness: 6 limit: 5
2019-09-25 07:28:33,539 [grpc-default-executor-0] INFO  impl.RaftServerProxy (RaftServerProxy.java:addNew(89)) - 7f677846-6321-4837-a536-8a7cfa3ddebf: addNew group-05C3804B7FB4:[7f677846-6321-4837-a536-8a7cfa3ddebf:192.168.30.10:43630] returns group-05C3804B7FB4:java.util.concurrent.CompletableFuture@34ac8a34[Not completed]
2019-09-25 07:28:33,541 [pool-47-thread-1] INFO  impl.RaftServerImpl (RaftServerImpl.java:<init>(95)) - 7f677846-6321-4837-a536-8a7cfa3ddebf: new RaftServerImpl for group-05C3804B7FB4:[7f677846-6321-4837-a536-8a7cfa3ddebf:192.168.30.10:43630] with ContainerStateMachine:uninitialized
2019-09-25 07:28:33,541 [pool-47-thread-1] INFO  server.RaftServerConfigKeys (ConfUtils.java:logGet(43)) - raft.server.rpc.timeout.min = 5s (custom)
2019-09-25 07:28:33,541 [pool-47-thread-1] INFO  server.RaftServerConfigKeys (ConfUtils.java:logGet(43)) - raft.server.rpc.timeout.max = 5200ms (custom)
2019-09-25 07:28:33,542 [pool-47-thread-1] INFO  server.RaftServerConfigKeys (ConfUtils.java:logGet(43)) - raft.server.rpcslowness.timeout = 120s (custom)
2019-09-25 07:28:33,542 [pool-47-thread-1] INFO  server.RaftServerConfigKeys (ConfUtils.java:logGet(43)) - raft.server.sleep.deviation.threshold = 300 (default)
2019-09-25 07:28:33,542 [pool-47-thread-1] INFO  server.RaftServerConfigKeys (ConfUtils.java:logGet(43)) - raft.server.log.appender.install.snapshot.enabled = false (custom)
2019-09-25 07:28:33,542 [pool-47-thread-1] INFO  impl.RaftServerImpl (ServerState.java:<init>(103)) - 7f677846-6321-4837-a536-8a7cfa3ddebf@group-05C3804B7FB4: ConfigurationManager, init=-1: [7f677846-6321-4837-a536-8a7cfa3ddebf:192.168.30.10:43630], old=null, confs=<EMPTY_MAP>
2019-09-25 07:28:33,543 [pool-47-thread-1] INFO  server.RaftServerConfigKeys (ConfUtils.java:logGet(43)) - raft.server.storage.dir = [/workdir/hadoop-ozone/tools/target/test-dir/MiniOzoneClusterImpl-024f4a54-ba4e-4a80-aa90-cb3ecc4826ee/datanode-2/data/ratis] (custom)
2019-09-25 07:28:33,543 [pool-47-thread-1] INFO  storage.RaftStorageDirectory (RaftStorageDirectory.java:analyzeStorage(246)) - The storage directory /workdir/hadoop-ozone/tools/target/test-dir/MiniOzoneClusterImpl-024f4a54-ba4e-4a80-aa90-cb3ecc4826ee/datanode-2/data/ratis/a05265f7-525b-4e79-87f7-05c3804b7fb4 does not exist. Creating ...
2019-09-25 07:28:33,557 [pool-47-thread-1] INFO  storage.RaftStorageDirectory (RaftStorageDirectory.java:tryLock(328)) - Lock on /workdir/hadoop-ozone/tools/target/test-dir/MiniOzoneClusterImpl-024f4a54-ba4e-4a80-aa90-cb3ecc4826ee/datanode-2/data/ratis/a05265f7-525b-4e79-87f7-05c3804b7fb4/in_use.lock acquired by nodename 7900@pr-hdds-1569-s62bp-3040748787
2019-09-25 07:28:33,572 [pool-47-thread-1] INFO  storage.RaftStorage (RaftStorage.java:format(72)) - Storage directory /workdir/hadoop-ozone/tools/target/test-dir/MiniOzoneClusterImpl-024f4a54-ba4e-4a80-aa90-cb3ecc4826ee/datanode-2/data/ratis/a05265f7-525b-4e79-87f7-05c3804b7fb4 has been successfully formatted.
2019-09-25 07:28:33,572 [pool-47-thread-1] INFO  ratis.ContainerStateMachine (ContainerStateMachine.java:loadSnapshot(230)) - group-05C3804B7FB4: The snapshot info is null. Setting the last applied indexto:(t:0, i:~)
2019-09-25 07:28:33,572 [pool-47-thread-1] INFO  server.RaftServerConfigKeys (ConfUtils.java:logGet(43)) - raft.server.notification.no-leader.timeout = 120s (custom)
2019-09-25 07:28:33,572 [pool-47-thread-1] INFO  server.RaftServerConfigKeys (ConfUtils.java:logGet(43)) - raft.server.log.use.memory = false (default)
2019-09-25 07:28:33,573 [pool-47-thread-1] INFO  server.RaftServerConfigKeys (ConfUtils.java:logGet(43)) - raft.server.log.purge.gap = 1000000 (custom)
2019-09-25 07:28:33,573 [pool-47-thread-1] INFO  server.RaftServerConfigKeys (ConfUtils.java:logGet(43)) - raft.server.log.appender.buffer.byte-limit = 33554432 (custom)
2019-09-25 07:28:33,573 [pool-47-thread-1] INFO  server.RaftServerConfigKeys (ConfUtils.java:logGet(43)) - raft.server.log.segment.size.max = 1048576 (custom)
2019-09-25 07:28:33,573 [pool-47-thread-1] INFO  server.RaftServerConfigKeys (ConfUtils.java:logGet(43)) - raft.server.log.segment.cache.num.max = 2 (custom)
2019-09-25 07:28:33,573 [pool-47-thread-1] INFO  segmented.SegmentedRaftLogWorker (SegmentedRaftLogWorker.java:<init>(172)) - new 7f677846-6321-4837-a536-8a7cfa3ddebf@group-05C3804B7FB4-SegmentedRaftLogWorker for RaftStorage:Storage Directory /workdir/hadoop-ozone/tools/target/test-dir/MiniOzoneClusterImpl-024f4a54-ba4e-4a80-aa90-cb3ecc4826ee/datanode-2/data/ratis/a05265f7-525b-4e79-87f7-05c3804b7fb4
2019-09-25 07:28:33,573 [pool-47-thread-1] INFO  server.RaftServerConfigKeys (ConfUtils.java:logGet(43)) - raft.server.log.queue.byte-limit = 2147483647 (custom)
2019-09-25 07:28:33,574 [pool-47-thread-1] INFO  server.RaftServerConfigKeys (ConfUtils.java:logGet(43)) - raft.server.log.queue.element-limit = 1024 (custom)
2019-09-25 07:28:33,574 [pool-47-thread-1] INFO  server.RaftServerConfigKeys (ConfUtils.java:logGet(43)) - raft.server.log.segment.size.max = 1048576 (custom)
2019-09-25 07:28:33,574 [pool-47-thread-1] INFO  server.RaftServerConfigKeys (ConfUtils.java:logGet(43)) - raft.server.log.preallocated.size = 16384 (custom)
2019-09-25 07:28:33,574 [pool-47-thread-1] INFO  server.RaftServerConfigKeys (ConfUtils.java:logGet(43)) - raft.server.log.write.buffer.size = 33554432 (custom)
2019-09-25 07:28:33,574 [pool-47-thread-1] INFO  server.RaftServerConfigKeys (ConfUtils.java:logGet(43)) - raft.server.log.force.sync.num = 128 (default)
2019-09-25 07:28:33,575 [pool-47-thread-1] INFO  server.RaftServerConfigKeys (ConfUtils.java:logGet(43)) - raft.server.log.statemachine.data.sync = true (default)
2019-09-25 07:28:33,575 [pool-47-thread-1] INFO  server.RaftServerConfigKeys (ConfUtils.java:logGet(43)) - raft.server.log.statemachine.data.sync.timeout = 10s (default)
2019-09-25 07:28:33,575 [pool-47-thread-1] INFO  server.RaftServerConfigKeys (ConfUtils.java:logGet(43)) - raft.server.log.statemachine.data.sync.timeout.retry = -1 (default)
2019-09-25 07:28:33,575 [pool-47-thread-1] INFO  server.RaftServerConfigKeys (ConfUtils.java:logGet(43)) - raft.server.log.statemachine.data.caching.enabled = true (custom)
2019-09-25 07:28:33,576 [pool-47-thread-1] INFO  segmented.SegmentedRaftLogWorker (SegmentedRaftLogWorker.java:lambda$new$0(132)) - 7f677846-6321-4837-a536-8a7cfa3ddebf@group-05C3804B7FB4-SegmentedRaftLogWorker: flushIndex: setUnconditionally 0 -> -1
2019-09-25 07:28:33,576 [pool-47-thread-1] INFO  server.RaftServerConfigKeys (ConfUtils.java:logGet(43)) - raft.server.snapshot.auto.trigger.enabled = true (custom)
2019-09-25 07:28:33,576 [pool-47-thread-1] INFO  server.RaftServerConfigKeys (ConfUtils.java:logGet(43)) - raft.server.snapshot.auto.trigger.threshold = 10000 (custom)
2019-09-25 07:28:33,576 [pool-47-thread-1] INFO  server.RaftServerConfigKeys (ConfUtils.java:logGet(43)) - raft.server.snapshot.retention.num.files = 5 (custom)
2019-09-25 07:28:33,577 [pool-47-thread-1] INFO  server.RaftServerConfigKeys (ConfUtils.java:logGet(43)) - raft.server.retrycache.expirytime = 600000ms (custom)
2019-09-25 07:28:33,580 [pool-47-thread-1] INFO  impl.RaftServerImpl (RaftServerImpl.java:start(185)) - 7f677846-6321-4837-a536-8a7cfa3ddebf@group-05C3804B7FB4: start as a follower, conf=-1: [7f677846-6321-4837-a536-8a7cfa3ddebf:192.168.30.10:43630], old=null
2019-09-25 07:28:33,580 [pool-47-thread-1] INFO  impl.RaftServerImpl (RaftServerImpl.java:setRole(174)) - 7f677846-6321-4837-a536-8a7cfa3ddebf@group-05C3804B7FB4: changes role from      null to FOLLOWER at term 0 for startAsFollower
2019-09-25 07:28:33,580 [pool-47-thread-1] INFO  impl.RoleInfo (RoleInfo.java:updateAndGet(143)) - 7f677846-6321-4837-a536-8a7cfa3ddebf: start FollowerState
2019-09-25 07:28:33,580 [pool-47-thread-1] INFO  util.JmxRegister (JmxRegister.java:tryRegister(44)) - Successfully registered JMX Bean with object name Ratis:service=RaftServer,group=group-05C3804B7FB4,id=7f677846-6321-4837-a536-8a7cfa3ddebf
2019-09-25 07:28:33,590 [RatisPipelineUtilsThread] INFO  pipeline.PipelineStateManager (PipelineStateManager.java:addPipeline(56)) - Created pipeline Pipeline[ Id: a05265f7-525b-4e79-87f7-05c3804b7fb4, Nodes: 7f677846-6321-4837-a536-8a7cfa3ddebf{ip: 192.168.30.10, host: pr-hdds-1569-s62bp-3040748787, networkLocation: /default-rack, certSerialId: null}, Type:RATIS, Factor:ONE, State:OPEN]
2019-09-25 07:28:33,591 [RatisPipelineUtilsThread] INFO  pipeline.PipelinePlacementPolicy (PipelinePlacementPolicy.java:meetCriteria(91)) - Pipeline Placement: Doesn't meet the criteria to be viable node： a3425e08-24ce-4736-9f6e-1b8551260ff2 Heaviness: 6 limit: 5
2019-09-25 07:28:33,602 [grpc-default-executor-0] INFO  impl.RaftServerProxy (RaftServerProxy.java:addNew(89)) - 7f677846-6321-4837-a536-8a7cfa3ddebf: addNew group-C9120F3AC1B5:[7f677846-6321-4837-a536-8a7cfa3ddebf:192.168.30.10:43630] returns group-C9120F3AC1B5:java.util.concurrent.CompletableFuture@26862949[Not completed]
2019-09-25 07:28:33,604 [pool-47-thread-1] INFO  impl.RaftServerImpl (RaftServerImpl.java:<init>(95)) - 7f677846-6321-4837-a536-8a7cfa3ddebf: new RaftServerImpl for group-C9120F3AC1B5:[7f677846-6321-4837-a536-8a7cfa3ddebf:192.168.30.10:43630] with ContainerStateMachine:uninitialized
2019-09-25 07:28:33,604 [pool-47-thread-1] INFO  server.RaftServerConfigKeys (ConfUtils.java:logGet(43)) - raft.server.rpc.timeout.min = 5s (custom)
2019-09-25 07:28:33,605 [pool-47-thread-1] INFO  server.RaftServerConfigKeys (ConfUtils.java:logGet(43)) - raft.server.rpc.timeout.max = 5200ms (custom)
2019-09-25 07:28:33,605 [pool-47-thread-1] INFO  server.RaftServerConfigKeys (ConfUtils.java:logGet(43)) - raft.server.rpcslowness.timeout = 120s (custom)
2019-09-25 07:28:33,605 [pool-47-thread-1] INFO  server.RaftServerConfigKeys (ConfUtils.java:logGet(43)) - raft.server.sleep.deviation.threshold = 300 (default)
2019-09-25 07:28:33,605 [pool-47-thread-1] INFO  server.RaftServerConfigKeys (ConfUtils.java:logGet(43)) - raft.server.log.appender.install.snapshot.enabled = false (custom)
2019-09-25 07:28:33,605 [pool-47-thread-1] INFO  impl.RaftServerImpl (ServerState.java:<init>(103)) - 7f677846-6321-4837-a536-8a7cfa3ddebf@group-C9120F3AC1B5: ConfigurationManager, init=-1: [7f677846-6321-4837-a536-8a7cfa3ddebf:192.168.30.10:43630], old=null, confs=<EMPTY_MAP>
2019-09-25 07:28:33,605 [pool-47-thread-1] INFO  server.RaftServerConfigKeys (ConfUtils.java:logGet(43)) - raft.server.storage.dir = [/workdir/hadoop-ozone/tools/target/test-dir/MiniOzoneClusterImpl-024f4a54-ba4e-4a80-aa90-cb3ecc4826ee/datanode-2/data/ratis] (custom)
2019-09-25 07:28:33,606 [pool-47-thread-1] INFO  storage.RaftStorageDirectory (RaftStorageDirectory.java:analyzeStorage(246)) - The storage directory /workdir/hadoop-ozone/tools/target/test-dir/MiniOzoneClusterImpl-024f4a54-ba4e-4a80-aa90-cb3ecc4826ee/datanode-2/data/ratis/8be41746-c355-4635-b345-c9120f3ac1b5 does not exist. Creating ...
2019-09-25 07:28:33,618 [pool-47-thread-1] INFO  storage.RaftStorageDirectory (RaftStorageDirectory.java:tryLock(328)) - Lock on /workdir/hadoop-ozone/tools/target/test-dir/MiniOzoneClusterImpl-024f4a54-ba4e-4a80-aa90-cb3ecc4826ee/datanode-2/data/ratis/8be41746-c355-4635-b345-c9120f3ac1b5/in_use.lock acquired by nodename 7900@pr-hdds-1569-s62bp-3040748787
2019-09-25 07:28:33,631 [pool-47-thread-1] INFO  storage.RaftStorage (RaftStorage.java:format(72)) - Storage directory /workdir/hadoop-ozone/tools/target/test-dir/MiniOzoneClusterImpl-024f4a54-ba4e-4a80-aa90-cb3ecc4826ee/datanode-2/data/ratis/8be41746-c355-4635-b345-c9120f3ac1b5 has been successfully formatted.
2019-09-25 07:28:33,631 [pool-47-thread-1] INFO  ratis.ContainerStateMachine (ContainerStateMachine.java:loadSnapshot(230)) - group-C9120F3AC1B5: The snapshot info is null. Setting the last applied indexto:(t:0, i:~)
2019-09-25 07:28:33,631 [pool-47-thread-1] INFO  server.RaftServerConfigKeys (ConfUtils.java:logGet(43)) - raft.server.notification.no-leader.timeout = 120s (custom)
2019-09-25 07:28:33,631 [pool-47-thread-1] INFO  server.RaftServerConfigKeys (ConfUtils.java:logGet(43)) - raft.server.log.use.memory = false (default)
2019-09-25 07:28:33,632 [pool-47-thread-1] INFO  server.RaftServerConfigKeys (ConfUtils.java:logGet(43)) - raft.server.log.purge.gap = 1000000 (custom)
2019-09-25 07:28:33,632 [pool-47-thread-1] INFO  server.RaftServerConfigKeys (ConfUtils.java:logGet(43)) - raft.server.log.appender.buffer.byte-limit = 33554432 (custom)
2019-09-25 07:28:33,632 [pool-47-thread-1] INFO  server.RaftServerConfigKeys (ConfUtils.java:logGet(43)) - raft.server.log.segment.size.max = 1048576 (custom)
2019-09-25 07:28:33,632 [pool-47-thread-1] INFO  server.RaftServerConfigKeys (ConfUtils.java:logGet(43)) - raft.server.log.segment.cache.num.max = 2 (custom)
2019-09-25 07:28:33,632 [pool-47-thread-1] INFO  segmented.SegmentedRaftLogWorker (SegmentedRaftLogWorker.java:<init>(172)) - new 7f677846-6321-4837-a536-8a7cfa3ddebf@group-C9120F3AC1B5-SegmentedRaftLogWorker for RaftStorage:Storage Directory /workdir/hadoop-ozone/tools/target/test-dir/MiniOzoneClusterImpl-024f4a54-ba4e-4a80-aa90-cb3ecc4826ee/datanode-2/data/ratis/8be41746-c355-4635-b345-c9120f3ac1b5
2019-09-25 07:28:33,632 [pool-47-thread-1] INFO  server.RaftServerConfigKeys (ConfUtils.java:logGet(43)) - raft.server.log.queue.byte-limit = 2147483647 (custom)
2019-09-25 07:28:33,632 [pool-47-thread-1] INFO  server.RaftServerConfigKeys (ConfUtils.java:logGet(43)) - raft.server.log.queue.element-limit = 1024 (custom)
2019-09-25 07:28:33,632 [pool-47-thread-1] INFO  server.RaftServerConfigKeys (ConfUtils.java:logGet(43)) - raft.server.log.segment.size.max = 1048576 (custom)
2019-09-25 07:28:33,632 [pool-47-thread-1] INFO  server.RaftServerConfigKeys (ConfUtils.java:logGet(43)) - raft.server.log.preallocated.size = 16384 (custom)
2019-09-25 07:28:33,633 [pool-47-thread-1] INFO  server.RaftServerConfigKeys (ConfUtils.java:logGet(43)) - raft.server.log.write.buffer.size = 33554432 (custom)
2019-09-25 07:28:33,633 [pool-47-thread-1] INFO  server.RaftServerConfigKeys (ConfUtils.java:logGet(43)) - raft.server.log.force.sync.num = 128 (default)
2019-09-25 07:28:33,633 [pool-47-thread-1] INFO  server.RaftServerConfigKeys (ConfUtils.java:logGet(43)) - raft.server.log.statemachine.data.sync = true (default)
2019-09-25 07:28:33,633 [pool-47-thread-1] INFO  server.RaftServerConfigKeys (ConfUtils.java:logGet(43)) - raft.server.log.statemachine.data.sync.timeout = 10s (default)
2019-09-25 07:28:33,633 [pool-47-thread-1] INFO  server.RaftServerConfigKeys (ConfUtils.java:logGet(43)) - raft.server.log.statemachine.data.sync.timeout.retry = -1 (default)
2019-09-25 07:28:33,633 [pool-47-thread-1] INFO  server.RaftServerConfigKeys (ConfUtils.java:logGet(43)) - raft.server.log.statemachine.data.caching.enabled = true (custom)
2019-09-25 07:28:33,633 [pool-47-thread-1] INFO  segmented.SegmentedRaftLogWorker (SegmentedRaftLogWorker.java:lambda$new$0(132)) - 7f677846-6321-4837-a536-8a7cfa3ddebf@group-C9120F3AC1B5-SegmentedRaftLogWorker: flushIndex: setUnconditionally 0 -> -1
2019-09-25 07:28:33,634 [pool-47-thread-1] INFO  server.RaftServerConfigKeys (ConfUtils.java:logGet(43)) - raft.server.snapshot.auto.trigger.enabled = true (custom)
2019-09-25 07:28:33,634 [pool-47-thread-1] INFO  server.RaftServerConfigKeys (ConfUtils.java:logGet(43)) - raft.server.snapshot.auto.trigger.threshold = 10000 (custom)
2019-09-25 07:28:33,634 [pool-47-thread-1] INFO  server.RaftServerConfigKeys (ConfUtils.java:logGet(43)) - raft.server.snapshot.retention.num.files = 5 (custom)
2019-09-25 07:28:33,634 [pool-47-thread-1] INFO  server.RaftServerConfigKeys (ConfUtils.java:logGet(43)) - raft.server.retrycache.expirytime = 600000ms (custom)
2019-09-25 07:28:33,637 [pool-47-thread-1] INFO  impl.RaftServerImpl (RaftServerImpl.java:start(185)) - 7f677846-6321-4837-a536-8a7cfa3ddebf@group-C9120F3AC1B5: start as a follower, conf=-1: [7f677846-6321-4837-a536-8a7cfa3ddebf:192.168.30.10:43630], old=null
2019-09-25 07:28:33,638 [pool-47-thread-1] INFO  impl.RaftServerImpl (RaftServerImpl.java:setRole(174)) - 7f677846-6321-4837-a536-8a7cfa3ddebf@group-C9120F3AC1B5: changes role from      null to FOLLOWER at term 0 for startAsFollower
2019-09-25 07:28:33,638 [pool-47-thread-1] INFO  impl.RoleInfo (RoleInfo.java:updateAndGet(143)) - 7f677846-6321-4837-a536-8a7cfa3ddebf: start FollowerState
2019-09-25 07:28:33,641 [pool-47-thread-1] INFO  util.JmxRegister (JmxRegister.java:tryRegister(44)) - Successfully registered JMX Bean with object name Ratis:service=RaftServer,group=group-C9120F3AC1B5,id=7f677846-6321-4837-a536-8a7cfa3ddebf
2019-09-25 07:28:33,652 [RatisPipelineUtilsThread] INFO  pipeline.PipelineStateManager (PipelineStateManager.java:addPipeline(56)) - Created pipeline Pipeline[ Id: 8be41746-c355-4635-b345-c9120f3ac1b5, Nodes: 7f677846-6321-4837-a536-8a7cfa3ddebf{ip: 192.168.30.10, host: pr-hdds-1569-s62bp-3040748787, networkLocation: /default-rack, certSerialId: null}, Type:RATIS, Factor:ONE, State:OPEN]
2019-09-25 07:28:33,652 [RatisPipelineUtilsThread] INFO  pipeline.PipelinePlacementPolicy (PipelinePlacementPolicy.java:meetCriteria(91)) - Pipeline Placement: Doesn't meet the criteria to be viable node： a3425e08-24ce-4736-9f6e-1b8551260ff2 Heaviness: 6 limit: 5
2019-09-25 07:28:33,667 [grpc-default-executor-0] INFO  impl.RaftServerProxy (RaftServerProxy.java:addNew(89)) - 7f677846-6321-4837-a536-8a7cfa3ddebf: addNew group-FBB07C895004:[7f677846-6321-4837-a536-8a7cfa3ddebf:192.168.30.10:43630] returns group-FBB07C895004:java.util.concurrent.CompletableFuture@53e4b792[Not completed]
2019-09-25 07:28:33,669 [pool-47-thread-1] INFO  impl.RaftServerImpl (RaftServerImpl.java:<init>(95)) - 7f677846-6321-4837-a536-8a7cfa3ddebf: new RaftServerImpl for group-FBB07C895004:[7f677846-6321-4837-a536-8a7cfa3ddebf:192.168.30.10:43630] with ContainerStateMachine:uninitialized
2019-09-25 07:28:33,669 [pool-47-thread-1] INFO  server.RaftServerConfigKeys (ConfUtils.java:logGet(43)) - raft.server.rpc.timeout.min = 5s (custom)
2019-09-25 07:28:33,669 [pool-47-thread-1] INFO  server.RaftServerConfigKeys (ConfUtils.java:logGet(43)) - raft.server.rpc.timeout.max = 5200ms (custom)
2019-09-25 07:28:33,670 [pool-47-thread-1] INFO  server.RaftServerConfigKeys (ConfUtils.java:logGet(43)) - raft.server.rpcslowness.timeout = 120s (custom)
2019-09-25 07:28:33,670 [pool-47-thread-1] INFO  server.RaftServerConfigKeys (ConfUtils.java:logGet(43)) - raft.server.sleep.deviation.threshold = 300 (default)
2019-09-25 07:28:33,670 [pool-47-thread-1] INFO  server.RaftServerConfigKeys (ConfUtils.java:logGet(43)) - raft.server.log.appender.install.snapshot.enabled = false (custom)
2019-09-25 07:28:33,670 [pool-47-thread-1] INFO  impl.RaftServerImpl (ServerState.java:<init>(103)) - 7f677846-6321-4837-a536-8a7cfa3ddebf@group-FBB07C895004: ConfigurationManager, init=-1: [7f677846-6321-4837-a536-8a7cfa3ddebf:192.168.30.10:43630], old=null, confs=<EMPTY_MAP>
2019-09-25 07:28:33,670 [pool-47-thread-1] INFO  server.RaftServerConfigKeys (ConfUtils.java:logGet(43)) - raft.server.storage.dir = [/workdir/hadoop-ozone/tools/target/test-dir/MiniOzoneClusterImpl-024f4a54-ba4e-4a80-aa90-cb3ecc4826ee/datanode-2/data/ratis] (custom)
2019-09-25 07:28:33,670 [pool-47-thread-1] INFO  storage.RaftStorageDirectory (RaftStorageDirectory.java:analyzeStorage(246)) - The storage directory /workdir/hadoop-ozone/tools/target/test-dir/MiniOzoneClusterImpl-024f4a54-ba4e-4a80-aa90-cb3ecc4826ee/datanode-2/data/ratis/41f82182-a1ba-4d51-a01a-fbb07c895004 does not exist. Creating ...
2019-09-25 07:28:33,685 [pool-47-thread-1] INFO  storage.RaftStorageDirectory (RaftStorageDirectory.java:tryLock(328)) - Lock on /workdir/hadoop-ozone/tools/target/test-dir/MiniOzoneClusterImpl-024f4a54-ba4e-4a80-aa90-cb3ecc4826ee/datanode-2/data/ratis/41f82182-a1ba-4d51-a01a-fbb07c895004/in_use.lock acquired by nodename 7900@pr-hdds-1569-s62bp-3040748787
2019-09-25 07:28:33,698 [pool-47-thread-1] INFO  storage.RaftStorage (RaftStorage.java:format(72)) - Storage directory /workdir/hadoop-ozone/tools/target/test-dir/MiniOzoneClusterImpl-024f4a54-ba4e-4a80-aa90-cb3ecc4826ee/datanode-2/data/ratis/41f82182-a1ba-4d51-a01a-fbb07c895004 has been successfully formatted.
2019-09-25 07:28:33,698 [main] INFO  freon.RandomKeyGenerator (RandomKeyGenerator.java:call(283)) - Number of Threads: 10
2019-09-25 07:28:33,698 [pool-47-thread-1] INFO  ratis.ContainerStateMachine (ContainerStateMachine.java:loadSnapshot(230)) - group-FBB07C895004: The snapshot info is null. Setting the last applied indexto:(t:0, i:~)
2019-09-25 07:28:33,698 [pool-47-thread-1] INFO  server.RaftServerConfigKeys (ConfUtils.java:logGet(43)) - raft.server.notification.no-leader.timeout = 120s (custom)
2019-09-25 07:28:33,699 [pool-47-thread-1] INFO  server.RaftServerConfigKeys (ConfUtils.java:logGet(43)) - raft.server.log.use.memory = false (default)
2019-09-25 07:28:33,699 [pool-47-thread-1] INFO  server.RaftServerConfigKeys (ConfUtils.java:logGet(43)) - raft.server.log.purge.gap = 1000000 (custom)
2019-09-25 07:28:33,699 [main] INFO  freon.RandomKeyGenerator (RandomKeyGenerator.java:call(288)) - Number of Volumes: 1.
2019-09-25 07:28:33,699 [pool-47-thread-1] INFO  server.RaftServerConfigKeys (ConfUtils.java:logGet(43)) - raft.server.log.appender.buffer.byte-limit = 33554432 (custom)
2019-09-25 07:28:33,699 [main] INFO  freon.RandomKeyGenerator (RandomKeyGenerator.java:call(289)) - Number of Buckets per Volume: 1.
2019-09-25 07:28:33,699 [main] INFO  freon.RandomKeyGenerator (RandomKeyGenerator.java:call(290)) - Number of Keys per Bucket: 1.
2019-09-25 07:28:33,699 [pool-47-thread-1] INFO  server.RaftServerConfigKeys (ConfUtils.java:logGet(43)) - raft.server.log.segment.size.max = 1048576 (custom)
2019-09-25 07:28:33,699 [main] INFO  freon.RandomKeyGenerator (RandomKeyGenerator.java:call(291)) - Key size: 20971520 bytes
2019-09-25 07:28:33,700 [pool-47-thread-1] INFO  server.RaftServerConfigKeys (ConfUtils.java:logGet(43)) - raft.server.log.segment.cache.num.max = 2 (custom)
2019-09-25 07:28:33,700 [main] INFO  freon.RandomKeyGenerator (RandomKeyGenerator.java:call(292)) - Buffer size: 4096 bytes
2019-09-25 07:28:33,700 [pool-47-thread-1] INFO  segmented.SegmentedRaftLogWorker (SegmentedRaftLogWorker.java:<init>(172)) - new 7f677846-6321-4837-a536-8a7cfa3ddebf@group-FBB07C895004-SegmentedRaftLogWorker for RaftStorage:Storage Directory /workdir/hadoop-ozone/tools/target/test-dir/MiniOzoneClusterImpl-024f4a54-ba4e-4a80-aa90-cb3ecc4826ee/datanode-2/data/ratis/41f82182-a1ba-4d51-a01a-fbb07c895004
2019-09-25 07:28:33,700 [main] INFO  freon.RandomKeyGenerator (RandomKeyGenerator.java:call(293)) - validateWrites : true
2019-09-25 07:28:33,700 [pool-47-thread-1] INFO  server.RaftServerConfigKeys (ConfUtils.java:logGet(43)) - raft.server.log.queue.byte-limit = 2147483647 (custom)
2019-09-25 07:28:33,700 [pool-47-thread-1] INFO  server.RaftServerConfigKeys (ConfUtils.java:logGet(43)) - raft.server.log.queue.element-limit = 1024 (custom)
2019-09-25 07:28:33,700 [pool-47-thread-1] INFO  server.RaftServerConfigKeys (ConfUtils.java:logGet(43)) - raft.server.log.segment.size.max = 1048576 (custom)
2019-09-25 07:28:33,700 [pool-47-thread-1] INFO  server.RaftServerConfigKeys (ConfUtils.java:logGet(43)) - raft.server.log.preallocated.size = 16384 (custom)
2019-09-25 07:28:33,701 [pool-47-thread-1] INFO  server.RaftServerConfigKeys (ConfUtils.java:logGet(43)) - raft.server.log.write.buffer.size = 33554432 (custom)
2019-09-25 07:28:33,701 [pool-47-thread-1] INFO  server.RaftServerConfigKeys (ConfUtils.java:logGet(43)) - raft.server.log.force.sync.num = 128 (default)
2019-09-25 07:28:33,701 [pool-47-thread-1] INFO  server.RaftServerConfigKeys (ConfUtils.java:logGet(43)) - raft.server.log.statemachine.data.sync = true (default)
2019-09-25 07:28:33,701 [pool-47-thread-1] INFO  server.RaftServerConfigKeys (ConfUtils.java:logGet(43)) - raft.server.log.statemachine.data.sync.timeout = 10s (default)
2019-09-25 07:28:33,701 [pool-47-thread-1] INFO  server.RaftServerConfigKeys (ConfUtils.java:logGet(43)) - raft.server.log.statemachine.data.sync.timeout.retry = -1 (default)
2019-09-25 07:28:33,703 [pool-47-thread-1] INFO  server.RaftServerConfigKeys (ConfUtils.java:logGet(43)) - raft.server.log.statemachine.data.caching.enabled = true (custom)
2019-09-25 07:28:33,705 [pool-47-thread-1] INFO  segmented.SegmentedRaftLogWorker (SegmentedRaftLogWorker.java:lambda$new$0(132)) - 7f677846-6321-4837-a536-8a7cfa3ddebf@group-FBB07C895004-SegmentedRaftLogWorker: flushIndex: setUnconditionally 0 -> -1
2019-09-25 07:28:33,706 [pool-47-thread-1] INFO  server.RaftServerConfigKeys (ConfUtils.java:logGet(43)) - raft.server.snapshot.auto.trigger.enabled = true (custom)
2019-09-25 07:28:33,706 [pool-47-thread-1] INFO  server.RaftServerConfigKeys (ConfUtils.java:logGet(43)) - raft.server.snapshot.auto.trigger.threshold = 10000 (custom)
2019-09-25 07:28:33,706 [main] INFO  freon.RandomKeyGenerator (RandomKeyGenerator.java:call(307)) - Data validation is enabled.
2019-09-25 07:28:33,706 [pool-47-thread-1] INFO  server.RaftServerConfigKeys (ConfUtils.java:logGet(43)) - raft.server.snapshot.retention.num.files = 5 (custom)
2019-09-25 07:28:33,706 [pool-47-thread-1] INFO  server.RaftServerConfigKeys (ConfUtils.java:logGet(43)) - raft.server.retrycache.expirytime = 600000ms (custom)
2019-09-25 07:28:33,707 [main] INFO  freon.RandomKeyGenerator (RandomKeyGenerator.java:call(313)) - Starting progress bar Thread.

2019-09-25 07:28:33,709 [pool-47-thread-1] INFO  impl.RaftServerImpl (RaftServerImpl.java:start(185)) - 7f677846-6321-4837-a536-8a7cfa3ddebf@group-FBB07C895004: start as a follower, conf=-1: [7f677846-6321-4837-a536-8a7cfa3ddebf:192.168.30.10:43630], old=null
2019-09-25 07:28:33,709 [pool-47-thread-1] INFO  impl.RaftServerImpl (RaftServerImpl.java:setRole(174)) - 7f677846-6321-4837-a536-8a7cfa3ddebf@group-FBB07C895004: changes role from      null to FOLLOWER at term 0 for startAsFollower
2019-09-25 07:28:33,709 [pool-47-thread-1] INFO  impl.RoleInfo (RoleInfo.java:updateAndGet(143)) - 7f677846-6321-4837-a536-8a7cfa3ddebf: start FollowerState
2019-09-25 07:28:33,709 [pool-47-thread-1] INFO  util.JmxRegister (JmxRegister.java:tryRegister(44)) - Successfully registered JMX Bean with object name Ratis:service=RaftServer,group=group-FBB07C895004,id=7f677846-6321-4837-a536-8a7cfa3ddebf
 0.00% |█                                                                                                    |  0/1 Time: 0:00:002019-09-25 07:28:33,714 [RatisPipelineUtilsThread] INFO  pipeline.PipelineStateManager (PipelineStateManager.java:addPipeline(56)) - Created pipeline Pipeline[ Id: 41f82182-a1ba-4d51-a01a-fbb07c895004, Nodes: 7f677846-6321-4837-a536-8a7cfa3ddebf{ip: 192.168.30.10, host: pr-hdds-1569-s62bp-3040748787, networkLocation: /default-rack, certSerialId: null}, Type:RATIS, Factor:ONE, State:OPEN]
2019-09-25 07:28:33,714 [RatisPipelineUtilsThread] INFO  pipeline.PipelinePlacementPolicy (PipelinePlacementPolicy.java:meetCriteria(91)) - Pipeline Placement: Doesn't meet the criteria to be viable node： a3425e08-24ce-4736-9f6e-1b8551260ff2 Heaviness: 6 limit: 5
2019-09-25 07:28:33,742 [pool-73-thread-1] INFO  rpc.RpcClient (RpcClient.java:createVolume(276)) - Creating Volume: vol-0-17279, with jenkins1000 as owner.
2019-09-25 07:28:33,742 [grpc-default-executor-0] INFO  impl.RaftServerProxy (RaftServerProxy.java:addNew(89)) - 319eb9b2-446a-4b5b-95c2-98d772c8b042: addNew group-7682A0CA2829:[319eb9b2-446a-4b5b-95c2-98d772c8b042:192.168.30.10:42608] returns group-7682A0CA2829:java.util.concurrent.CompletableFuture@fe3611e[Not completed]
2019-09-25 07:28:33,744 [pool-37-thread-1] INFO  impl.RaftServerImpl (RaftServerImpl.java:<init>(95)) - 319eb9b2-446a-4b5b-95c2-98d772c8b042: new RaftServerImpl for group-7682A0CA2829:[319eb9b2-446a-4b5b-95c2-98d772c8b042:192.168.30.10:42608] with ContainerStateMachine:uninitialized
2019-09-25 07:28:33,744 [pool-37-thread-1] INFO  server.RaftServerConfigKeys (ConfUtils.java:logGet(43)) - raft.server.rpc.timeout.min = 5s (custom)
2019-09-25 07:28:33,744 [pool-37-thread-1] INFO  server.RaftServerConfigKeys (ConfUtils.java:logGet(43)) - raft.server.rpc.timeout.max = 5200ms (custom)
2019-09-25 07:28:33,744 [pool-37-thread-1] INFO  server.RaftServerConfigKeys (ConfUtils.java:logGet(43)) - raft.server.rpcslowness.timeout = 120s (custom)
2019-09-25 07:28:33,745 [pool-37-thread-1] INFO  server.RaftServerConfigKeys (ConfUtils.java:logGet(43)) - raft.server.sleep.deviation.threshold = 300 (default)
2019-09-25 07:28:33,745 [pool-37-thread-1] INFO  server.RaftServerConfigKeys (ConfUtils.java:logGet(43)) - raft.server.log.appender.install.snapshot.enabled = false (custom)
2019-09-25 07:28:33,745 [pool-37-thread-1] INFO  impl.RaftServerImpl (ServerState.java:<init>(103)) - 319eb9b2-446a-4b5b-95c2-98d772c8b042@group-7682A0CA2829: ConfigurationManager, init=-1: [319eb9b2-446a-4b5b-95c2-98d772c8b042:192.168.30.10:42608], old=null, confs=<EMPTY_MAP>
2019-09-25 07:28:33,745 [pool-37-thread-1] INFO  server.RaftServerConfigKeys (ConfUtils.java:logGet(43)) - raft.server.storage.dir = [/workdir/hadoop-ozone/tools/target/test-dir/MiniOzoneClusterImpl-024f4a54-ba4e-4a80-aa90-cb3ecc4826ee/datanode-1/data/ratis] (custom)
2019-09-25 07:28:33,745 [pool-37-thread-1] INFO  storage.RaftStorageDirectory (RaftStorageDirectory.java:analyzeStorage(246)) - The storage directory /workdir/hadoop-ozone/tools/target/test-dir/MiniOzoneClusterImpl-024f4a54-ba4e-4a80-aa90-cb3ecc4826ee/datanode-1/data/ratis/3fcc63d6-4ec6-4709-82d9-7682a0ca2829 does not exist. Creating ...
2019-09-25 07:28:33,759 [pool-37-thread-1] INFO  storage.RaftStorageDirectory (RaftStorageDirectory.java:tryLock(328)) - Lock on /workdir/hadoop-ozone/tools/target/test-dir/MiniOzoneClusterImpl-024f4a54-ba4e-4a80-aa90-cb3ecc4826ee/datanode-1/data/ratis/3fcc63d6-4ec6-4709-82d9-7682a0ca2829/in_use.lock acquired by nodename 7900@pr-hdds-1569-s62bp-3040748787
2019-09-25 07:28:33,772 [pool-37-thread-1] INFO  storage.RaftStorage (RaftStorage.java:format(72)) - Storage directory /workdir/hadoop-ozone/tools/target/test-dir/MiniOzoneClusterImpl-024f4a54-ba4e-4a80-aa90-cb3ecc4826ee/datanode-1/data/ratis/3fcc63d6-4ec6-4709-82d9-7682a0ca2829 has been successfully formatted.
2019-09-25 07:28:33,772 [pool-37-thread-1] INFO  ratis.ContainerStateMachine (ContainerStateMachine.java:loadSnapshot(230)) - group-7682A0CA2829: The snapshot info is null. Setting the last applied indexto:(t:0, i:~)
2019-09-25 07:28:33,772 [pool-37-thread-1] INFO  server.RaftServerConfigKeys (ConfUtils.java:logGet(43)) - raft.server.notification.no-leader.timeout = 120s (custom)
2019-09-25 07:28:33,772 [pool-37-thread-1] INFO  server.RaftServerConfigKeys (ConfUtils.java:logGet(43)) - raft.server.log.use.memory = false (default)
2019-09-25 07:28:33,772 [pool-37-thread-1] INFO  server.RaftServerConfigKeys (ConfUtils.java:logGet(43)) - raft.server.log.purge.gap = 1000000 (custom)
2019-09-25 07:28:33,772 [pool-37-thread-1] INFO  server.RaftServerConfigKeys (ConfUtils.java:logGet(43)) - raft.server.log.appender.buffer.byte-limit = 33554432 (custom)
2019-09-25 07:28:33,773 [pool-37-thread-1] INFO  server.RaftServerConfigKeys (ConfUtils.java:logGet(43)) - raft.server.log.segment.size.max = 1048576 (custom)
2019-09-25 07:28:33,773 [pool-37-thread-1] INFO  server.RaftServerConfigKeys (ConfUtils.java:logGet(43)) - raft.server.log.segment.cache.num.max = 2 (custom)
2019-09-25 07:28:33,773 [pool-37-thread-1] INFO  segmented.SegmentedRaftLogWorker (SegmentedRaftLogWorker.java:<init>(172)) - new 319eb9b2-446a-4b5b-95c2-98d772c8b042@group-7682A0CA2829-SegmentedRaftLogWorker for RaftStorage:Storage Directory /workdir/hadoop-ozone/tools/target/test-dir/MiniOzoneClusterImpl-024f4a54-ba4e-4a80-aa90-cb3ecc4826ee/datanode-1/data/ratis/3fcc63d6-4ec6-4709-82d9-7682a0ca2829
2019-09-25 07:28:33,773 [pool-37-thread-1] INFO  server.RaftServerConfigKeys (ConfUtils.java:logGet(43)) - raft.server.log.queue.byte-limit = 2147483647 (custom)
2019-09-25 07:28:33,773 [pool-37-thread-1] INFO  server.RaftServerConfigKeys (ConfUtils.java:logGet(43)) - raft.server.log.queue.element-limit = 1024 (custom)
2019-09-25 07:28:33,774 [pool-37-thread-1] INFO  server.RaftServerConfigKeys (ConfUtils.java:logGet(43)) - raft.server.log.segment.size.max = 1048576 (custom)
2019-09-25 07:28:33,774 [pool-37-thread-1] INFO  server.RaftServerConfigKeys (ConfUtils.java:logGet(43)) - raft.server.log.preallocated.size = 16384 (custom)
2019-09-25 07:28:33,774 [pool-37-thread-1] INFO  server.RaftServerConfigKeys (ConfUtils.java:logGet(43)) - raft.server.log.write.buffer.size = 33554432 (custom)
2019-09-25 07:28:33,774 [pool-37-thread-1] INFO  server.RaftServerConfigKeys (ConfUtils.java:logGet(43)) - raft.server.log.force.sync.num = 128 (default)
2019-09-25 07:28:33,774 [pool-37-thread-1] INFO  server.RaftServerConfigKeys (ConfUtils.java:logGet(43)) - raft.server.log.statemachine.data.sync = true (default)
2019-09-25 07:28:33,774 [pool-37-thread-1] INFO  server.RaftServerConfigKeys (ConfUtils.java:logGet(43)) - raft.server.log.statemachine.data.sync.timeout = 10s (default)
2019-09-25 07:28:33,774 [pool-37-thread-1] INFO  server.RaftServerConfigKeys (ConfUtils.java:logGet(43)) - raft.server.log.statemachine.data.sync.timeout.retry = -1 (default)
2019-09-25 07:28:33,775 [pool-37-thread-1] INFO  server.RaftServerConfigKeys (ConfUtils.java:logGet(43)) - raft.server.log.statemachine.data.caching.enabled = true (custom)
2019-09-25 07:28:33,775 [pool-37-thread-1] INFO  segmented.SegmentedRaftLogWorker (SegmentedRaftLogWorker.java:lambda$new$0(132)) - 319eb9b2-446a-4b5b-95c2-98d772c8b042@group-7682A0CA2829-SegmentedRaftLogWorker: flushIndex: setUnconditionally 0 -> -1
2019-09-25 07:28:33,775 [pool-37-thread-1] INFO  server.RaftServerConfigKeys (ConfUtils.java:logGet(43)) - raft.server.snapshot.auto.trigger.enabled = true (custom)
2019-09-25 07:28:33,775 [pool-37-thread-1] INFO  server.RaftServerConfigKeys (ConfUtils.java:logGet(43)) - raft.server.snapshot.auto.trigger.threshold = 10000 (custom)
2019-09-25 07:28:33,776 [pool-37-thread-1] INFO  server.RaftServerConfigKeys (ConfUtils.java:logGet(43)) - raft.server.snapshot.retention.num.files = 5 (custom)
2019-09-25 07:28:33,776 [pool-37-thread-1] INFO  server.RaftServerConfigKeys (ConfUtils.java:logGet(43)) - raft.server.retrycache.expirytime = 600000ms (custom)
2019-09-25 07:28:33,779 [pool-37-thread-1] INFO  impl.RaftServerImpl (RaftServerImpl.java:start(185)) - 319eb9b2-446a-4b5b-95c2-98d772c8b042@group-7682A0CA2829: start as a follower, conf=-1: [319eb9b2-446a-4b5b-95c2-98d772c8b042:192.168.30.10:42608], old=null
2019-09-25 07:28:33,779 [pool-37-thread-1] INFO  impl.RaftServerImpl (RaftServerImpl.java:setRole(174)) - 319eb9b2-446a-4b5b-95c2-98d772c8b042@group-7682A0CA2829: changes role from      null to FOLLOWER at term 0 for startAsFollower
2019-09-25 07:28:33,779 [pool-37-thread-1] INFO  impl.RoleInfo (RoleInfo.java:updateAndGet(143)) - 319eb9b2-446a-4b5b-95c2-98d772c8b042: start FollowerState
2019-09-25 07:28:33,780 [pool-37-thread-1] INFO  util.JmxRegister (JmxRegister.java:tryRegister(44)) - Successfully registered JMX Bean with object name Ratis:service=RaftServer,group=group-7682A0CA2829,id=319eb9b2-446a-4b5b-95c2-98d772c8b042
2019-09-25 07:28:33,785 [RatisPipelineUtilsThread] INFO  pipeline.PipelineStateManager (PipelineStateManager.java:addPipeline(56)) - Created pipeline Pipeline[ Id: 3fcc63d6-4ec6-4709-82d9-7682a0ca2829, Nodes: 319eb9b2-446a-4b5b-95c2-98d772c8b042{ip: 192.168.30.10, host: pr-hdds-1569-s62bp-3040748787, networkLocation: /default-rack, certSerialId: null}, Type:RATIS, Factor:ONE, State:OPEN]
2019-09-25 07:28:33,786 [RatisPipelineUtilsThread] INFO  pipeline.PipelinePlacementPolicy (PipelinePlacementPolicy.java:meetCriteria(91)) - Pipeline Placement: Doesn't meet the criteria to be viable node： a3425e08-24ce-4736-9f6e-1b8551260ff2 Heaviness: 6 limit: 5
2019-09-25 07:28:33,799 [grpc-default-executor-0] INFO  impl.RaftServerProxy (RaftServerProxy.java:addNew(89)) - e9a92b31-f57e-42f9-b032-4050b3cc8be5: addNew group-4852137DEB57:[e9a92b31-f57e-42f9-b032-4050b3cc8be5:192.168.30.10:37831] returns group-4852137DEB57:java.util.concurrent.CompletableFuture@45bd1863[Not completed]
2019-09-25 07:28:33,801 [pool-57-thread-1] INFO  impl.RaftServerImpl (RaftServerImpl.java:<init>(95)) - e9a92b31-f57e-42f9-b032-4050b3cc8be5: new RaftServerImpl for group-4852137DEB57:[e9a92b31-f57e-42f9-b032-4050b3cc8be5:192.168.30.10:37831] with ContainerStateMachine:uninitialized
2019-09-25 07:28:33,801 [pool-57-thread-1] INFO  server.RaftServerConfigKeys (ConfUtils.java:logGet(43)) - raft.server.rpc.timeout.min = 5s (custom)
2019-09-25 07:28:33,802 [pool-57-thread-1] INFO  server.RaftServerConfigKeys (ConfUtils.java:logGet(43)) - raft.server.rpc.timeout.max = 5200ms (custom)
2019-09-25 07:28:33,802 [pool-57-thread-1] INFO  server.RaftServerConfigKeys (ConfUtils.java:logGet(43)) - raft.server.rpcslowness.timeout = 120s (custom)
2019-09-25 07:28:33,802 [pool-57-thread-1] INFO  server.RaftServerConfigKeys (ConfUtils.java:logGet(43)) - raft.server.sleep.deviation.threshold = 300 (default)
2019-09-25 07:28:33,802 [pool-57-thread-1] INFO  server.RaftServerConfigKeys (ConfUtils.java:logGet(43)) - raft.server.log.appender.install.snapshot.enabled = false (custom)
2019-09-25 07:28:33,802 [pool-57-thread-1] INFO  impl.RaftServerImpl (ServerState.java:<init>(103)) - e9a92b31-f57e-42f9-b032-4050b3cc8be5@group-4852137DEB57: ConfigurationManager, init=-1: [e9a92b31-f57e-42f9-b032-4050b3cc8be5:192.168.30.10:37831], old=null, confs=<EMPTY_MAP>
2019-09-25 07:28:33,803 [pool-57-thread-1] INFO  server.RaftServerConfigKeys (ConfUtils.java:logGet(43)) - raft.server.storage.dir = [/workdir/hadoop-ozone/tools/target/test-dir/MiniOzoneClusterImpl-024f4a54-ba4e-4a80-aa90-cb3ecc4826ee/datanode-3/data/ratis] (custom)
2019-09-25 07:28:33,803 [pool-57-thread-1] INFO  storage.RaftStorageDirectory (RaftStorageDirectory.java:analyzeStorage(246)) - The storage directory /workdir/hadoop-ozone/tools/target/test-dir/MiniOzoneClusterImpl-024f4a54-ba4e-4a80-aa90-cb3ecc4826ee/datanode-3/data/ratis/6c2e7de1-02d4-4661-b671-4852137deb57 does not exist. Creating ...
2019-09-25 07:28:33,816 [pool-57-thread-1] INFO  storage.RaftStorageDirectory (RaftStorageDirectory.java:tryLock(328)) - Lock on /workdir/hadoop-ozone/tools/target/test-dir/MiniOzoneClusterImpl-024f4a54-ba4e-4a80-aa90-cb3ecc4826ee/datanode-3/data/ratis/6c2e7de1-02d4-4661-b671-4852137deb57/in_use.lock acquired by nodename 7900@pr-hdds-1569-s62bp-3040748787
2019-09-25 07:28:33,829 [pool-57-thread-1] INFO  storage.RaftStorage (RaftStorage.java:format(72)) - Storage directory /workdir/hadoop-ozone/tools/target/test-dir/MiniOzoneClusterImpl-024f4a54-ba4e-4a80-aa90-cb3ecc4826ee/datanode-3/data/ratis/6c2e7de1-02d4-4661-b671-4852137deb57 has been successfully formatted.
2019-09-25 07:28:33,829 [pool-57-thread-1] INFO  ratis.ContainerStateMachine (ContainerStateMachine.java:loadSnapshot(230)) - group-4852137DEB57: The snapshot info is null. Setting the last applied indexto:(t:0, i:~)
2019-09-25 07:28:33,829 [pool-57-thread-1] INFO  server.RaftServerConfigKeys (ConfUtils.java:logGet(43)) - raft.server.notification.no-leader.timeout = 120s (custom)
2019-09-25 07:28:33,829 [pool-57-thread-1] INFO  server.RaftServerConfigKeys (ConfUtils.java:logGet(43)) - raft.server.log.use.memory = false (default)
2019-09-25 07:28:33,829 [pool-57-thread-1] INFO  server.RaftServerConfigKeys (ConfUtils.java:logGet(43)) - raft.server.log.purge.gap = 1000000 (custom)
2019-09-25 07:28:33,830 [pool-57-thread-1] INFO  server.RaftServerConfigKeys (ConfUtils.java:logGet(43)) - raft.server.log.appender.buffer.byte-limit = 33554432 (custom)
2019-09-25 07:28:33,830 [pool-57-thread-1] INFO  server.RaftServerConfigKeys (ConfUtils.java:logGet(43)) - raft.server.log.segment.size.max = 1048576 (custom)
2019-09-25 07:28:33,830 [pool-57-thread-1] INFO  server.RaftServerConfigKeys (ConfUtils.java:logGet(43)) - raft.server.log.segment.cache.num.max = 2 (custom)
2019-09-25 07:28:33,830 [pool-57-thread-1] INFO  segmented.SegmentedRaftLogWorker (SegmentedRaftLogWorker.java:<init>(172)) - new e9a92b31-f57e-42f9-b032-4050b3cc8be5@group-4852137DEB57-SegmentedRaftLogWorker for RaftStorage:Storage Directory /workdir/hadoop-ozone/tools/target/test-dir/MiniOzoneClusterImpl-024f4a54-ba4e-4a80-aa90-cb3ecc4826ee/datanode-3/data/ratis/6c2e7de1-02d4-4661-b671-4852137deb57
2019-09-25 07:28:33,830 [pool-57-thread-1] INFO  server.RaftServerConfigKeys (ConfUtils.java:logGet(43)) - raft.server.log.queue.byte-limit = 2147483647 (custom)
2019-09-25 07:28:33,831 [pool-57-thread-1] INFO  server.RaftServerConfigKeys (ConfUtils.java:logGet(43)) - raft.server.log.queue.element-limit = 1024 (custom)
2019-09-25 07:28:33,831 [pool-57-thread-1] INFO  server.RaftServerConfigKeys (ConfUtils.java:logGet(43)) - raft.server.log.segment.size.max = 1048576 (custom)
2019-09-25 07:28:33,831 [pool-57-thread-1] INFO  server.RaftServerConfigKeys (ConfUtils.java:logGet(43)) - raft.server.log.preallocated.size = 16384 (custom)
2019-09-25 07:28:33,831 [pool-57-thread-1] INFO  server.RaftServerConfigKeys (ConfUtils.java:logGet(43)) - raft.server.log.write.buffer.size = 33554432 (custom)
2019-09-25 07:28:33,831 [pool-57-thread-1] INFO  server.RaftServerConfigKeys (ConfUtils.java:logGet(43)) - raft.server.log.force.sync.num = 128 (default)
2019-09-25 07:28:33,831 [pool-57-thread-1] INFO  server.RaftServerConfigKeys (ConfUtils.java:logGet(43)) - raft.server.log.statemachine.data.sync = true (default)
2019-09-25 07:28:33,832 [pool-57-thread-1] INFO  server.RaftServerConfigKeys (ConfUtils.java:logGet(43)) - raft.server.log.statemachine.data.sync.timeout = 10s (default)
2019-09-25 07:28:33,832 [pool-57-thread-1] INFO  server.RaftServerConfigKeys (ConfUtils.java:logGet(43)) - raft.server.log.statemachine.data.sync.timeout.retry = -1 (default)
2019-09-25 07:28:33,832 [pool-57-thread-1] INFO  server.RaftServerConfigKeys (ConfUtils.java:logGet(43)) - raft.server.log.statemachine.data.caching.enabled = true (custom)
2019-09-25 07:28:33,832 [pool-57-thread-1] INFO  segmented.SegmentedRaftLogWorker (SegmentedRaftLogWorker.java:lambda$new$0(132)) - e9a92b31-f57e-42f9-b032-4050b3cc8be5@group-4852137DEB57-SegmentedRaftLogWorker: flushIndex: setUnconditionally 0 -> -1
2019-09-25 07:28:33,833 [pool-57-thread-1] INFO  server.RaftServerConfigKeys (ConfUtils.java:logGet(43)) - raft.server.snapshot.auto.trigger.enabled = true (custom)
2019-09-25 07:28:33,833 [pool-57-thread-1] INFO  server.RaftServerConfigKeys (ConfUtils.java:logGet(43)) - raft.server.snapshot.auto.trigger.threshold = 10000 (custom)
2019-09-25 07:28:33,833 [pool-57-thread-1] INFO  server.RaftServerConfigKeys (ConfUtils.java:logGet(43)) - raft.server.snapshot.retention.num.files = 5 (custom)
2019-09-25 07:28:33,833 [pool-57-thread-1] INFO  server.RaftServerConfigKeys (ConfUtils.java:logGet(43)) - raft.server.retrycache.expirytime = 600000ms (custom)
2019-09-25 07:28:33,837 [pool-57-thread-1] INFO  impl.RaftServerImpl (RaftServerImpl.java:start(185)) - e9a92b31-f57e-42f9-b032-4050b3cc8be5@group-4852137DEB57: start as a follower, conf=-1: [e9a92b31-f57e-42f9-b032-4050b3cc8be5:192.168.30.10:37831], old=null
2019-09-25 07:28:33,837 [pool-57-thread-1] INFO  impl.RaftServerImpl (RaftServerImpl.java:setRole(174)) - e9a92b31-f57e-42f9-b032-4050b3cc8be5@group-4852137DEB57: changes role from      null to FOLLOWER at term 0 for startAsFollower
2019-09-25 07:28:33,837 [pool-57-thread-1] INFO  impl.RoleInfo (RoleInfo.java:updateAndGet(143)) - e9a92b31-f57e-42f9-b032-4050b3cc8be5: start FollowerState
2019-09-25 07:28:33,838 [pool-57-thread-1] INFO  util.JmxRegister (JmxRegister.java:tryRegister(44)) - Successfully registered JMX Bean with object name Ratis:service=RaftServer,group=group-4852137DEB57,id=e9a92b31-f57e-42f9-b032-4050b3cc8be5
2019-09-25 07:28:33,844 [RatisPipelineUtilsThread] INFO  pipeline.PipelineStateManager (PipelineStateManager.java:addPipeline(56)) - Created pipeline Pipeline[ Id: 6c2e7de1-02d4-4661-b671-4852137deb57, Nodes: e9a92b31-f57e-42f9-b032-4050b3cc8be5{ip: 192.168.30.10, host: pr-hdds-1569-s62bp-3040748787, networkLocation: /default-rack, certSerialId: null}, Type:RATIS, Factor:ONE, State:OPEN]
2019-09-25 07:28:33,844 [RatisPipelineUtilsThread] INFO  pipeline.PipelinePlacementPolicy (PipelinePlacementPolicy.java:meetCriteria(91)) - Pipeline Placement: Doesn't meet the criteria to be viable node： a3425e08-24ce-4736-9f6e-1b8551260ff2 Heaviness: 6 limit: 5
2019-09-25 07:28:33,856 [grpc-default-executor-0] INFO  impl.RaftServerProxy (RaftServerProxy.java:addNew(89)) - 7f677846-6321-4837-a536-8a7cfa3ddebf: addNew group-FFF9E96A4731:[7f677846-6321-4837-a536-8a7cfa3ddebf:192.168.30.10:43630] returns group-FFF9E96A4731:java.util.concurrent.CompletableFuture@4012a0d5[Not completed]
2019-09-25 07:28:33,858 [pool-47-thread-1] INFO  impl.RaftServerImpl (RaftServerImpl.java:<init>(95)) - 7f677846-6321-4837-a536-8a7cfa3ddebf: new RaftServerImpl for group-FFF9E96A4731:[7f677846-6321-4837-a536-8a7cfa3ddebf:192.168.30.10:43630] with ContainerStateMachine:uninitialized
2019-09-25 07:28:33,858 [pool-47-thread-1] INFO  server.RaftServerConfigKeys (ConfUtils.java:logGet(43)) - raft.server.rpc.timeout.min = 5s (custom)
2019-09-25 07:28:33,858 [pool-47-thread-1] INFO  server.RaftServerConfigKeys (ConfUtils.java:logGet(43)) - raft.server.rpc.timeout.max = 5200ms (custom)
2019-09-25 07:28:33,858 [pool-47-thread-1] INFO  server.RaftServerConfigKeys (ConfUtils.java:logGet(43)) - raft.server.rpcslowness.timeout = 120s (custom)
2019-09-25 07:28:33,859 [pool-47-thread-1] INFO  server.RaftServerConfigKeys (ConfUtils.java:logGet(43)) - raft.server.sleep.deviation.threshold = 300 (default)
2019-09-25 07:28:33,859 [pool-47-thread-1] INFO  server.RaftServerConfigKeys (ConfUtils.java:logGet(43)) - raft.server.log.appender.install.snapshot.enabled = false (custom)
2019-09-25 07:28:33,859 [pool-47-thread-1] INFO  impl.RaftServerImpl (ServerState.java:<init>(103)) - 7f677846-6321-4837-a536-8a7cfa3ddebf@group-FFF9E96A4731: ConfigurationManager, init=-1: [7f677846-6321-4837-a536-8a7cfa3ddebf:192.168.30.10:43630], old=null, confs=<EMPTY_MAP>
2019-09-25 07:28:33,859 [pool-47-thread-1] INFO  server.RaftServerConfigKeys (ConfUtils.java:logGet(43)) - raft.server.storage.dir = [/workdir/hadoop-ozone/tools/target/test-dir/MiniOzoneClusterImpl-024f4a54-ba4e-4a80-aa90-cb3ecc4826ee/datanode-2/data/ratis] (custom)
2019-09-25 07:28:33,860 [pool-47-thread-1] INFO  storage.RaftStorageDirectory (RaftStorageDirectory.java:analyzeStorage(246)) - The storage directory /workdir/hadoop-ozone/tools/target/test-dir/MiniOzoneClusterImpl-024f4a54-ba4e-4a80-aa90-cb3ecc4826ee/datanode-2/data/ratis/f9ad85ea-b2e6-4b9e-873f-fff9e96a4731 does not exist. Creating ...
2019-09-25 07:28:33,861 [IPC Server handler 0 on 33965] INFO  volume.OMVolumeCreateRequest (OMVolumeCreateRequest.java:validateAndUpdateCache(189)) - created volume:vol-0-17279 for user:jenkins1000
2019-09-25 07:28:33,872 [pool-47-thread-1] INFO  storage.RaftStorageDirectory (RaftStorageDirectory.java:tryLock(328)) - Lock on /workdir/hadoop-ozone/tools/target/test-dir/MiniOzoneClusterImpl-024f4a54-ba4e-4a80-aa90-cb3ecc4826ee/datanode-2/data/ratis/f9ad85ea-b2e6-4b9e-873f-fff9e96a4731/in_use.lock acquired by nodename 7900@pr-hdds-1569-s62bp-3040748787
2019-09-25 07:28:33,889 [pool-47-thread-1] INFO  storage.RaftStorage (RaftStorage.java:format(72)) - Storage directory /workdir/hadoop-ozone/tools/target/test-dir/MiniOzoneClusterImpl-024f4a54-ba4e-4a80-aa90-cb3ecc4826ee/datanode-2/data/ratis/f9ad85ea-b2e6-4b9e-873f-fff9e96a4731 has been successfully formatted.
2019-09-25 07:28:33,889 [pool-47-thread-1] INFO  ratis.ContainerStateMachine (ContainerStateMachine.java:loadSnapshot(230)) - group-FFF9E96A4731: The snapshot info is null. Setting the last applied indexto:(t:0, i:~)
2019-09-25 07:28:33,889 [pool-47-thread-1] INFO  server.RaftServerConfigKeys (ConfUtils.java:logGet(43)) - raft.server.notification.no-leader.timeout = 120s (custom)
2019-09-25 07:28:33,890 [pool-47-thread-1] INFO  server.RaftServerConfigKeys (ConfUtils.java:logGet(43)) - raft.server.log.use.memory = false (default)
2019-09-25 07:28:33,890 [pool-47-thread-1] INFO  server.RaftServerConfigKeys (ConfUtils.java:logGet(43)) - raft.server.log.purge.gap = 1000000 (custom)
2019-09-25 07:28:33,890 [pool-47-thread-1] INFO  server.RaftServerConfigKeys (ConfUtils.java:logGet(43)) - raft.server.log.appender.buffer.byte-limit = 33554432 (custom)
2019-09-25 07:28:33,890 [pool-47-thread-1] INFO  server.RaftServerConfigKeys (ConfUtils.java:logGet(43)) - raft.server.log.segment.size.max = 1048576 (custom)
2019-09-25 07:28:33,890 [pool-47-thread-1] INFO  server.RaftServerConfigKeys (ConfUtils.java:logGet(43)) - raft.server.log.segment.cache.num.max = 2 (custom)
2019-09-25 07:28:33,890 [pool-47-thread-1] INFO  segmented.SegmentedRaftLogWorker (SegmentedRaftLogWorker.java:<init>(172)) - new 7f677846-6321-4837-a536-8a7cfa3ddebf@group-FFF9E96A4731-SegmentedRaftLogWorker for RaftStorage:Storage Directory /workdir/hadoop-ozone/tools/target/test-dir/MiniOzoneClusterImpl-024f4a54-ba4e-4a80-aa90-cb3ecc4826ee/datanode-2/data/ratis/f9ad85ea-b2e6-4b9e-873f-fff9e96a4731
2019-09-25 07:28:33,890 [pool-47-thread-1] INFO  server.RaftServerConfigKeys (ConfUtils.java:logGet(43)) - raft.server.log.queue.byte-limit = 2147483647 (custom)
2019-09-25 07:28:33,891 [pool-47-thread-1] INFO  server.RaftServerConfigKeys (ConfUtils.java:logGet(43)) - raft.server.log.queue.element-limit = 1024 (custom)
2019-09-25 07:28:33,891 [pool-47-thread-1] INFO  server.RaftServerConfigKeys (ConfUtils.java:logGet(43)) - raft.server.log.segment.size.max = 1048576 (custom)
2019-09-25 07:28:33,891 [pool-47-thread-1] INFO  server.RaftServerConfigKeys (ConfUtils.java:logGet(43)) - raft.server.log.preallocated.size = 16384 (custom)
2019-09-25 07:28:33,891 [pool-47-thread-1] INFO  server.RaftServerConfigKeys (ConfUtils.java:logGet(43)) - raft.server.log.write.buffer.size = 33554432 (custom)
2019-09-25 07:28:33,891 [pool-47-thread-1] INFO  server.RaftServerConfigKeys (ConfUtils.java:logGet(43)) - raft.server.log.force.sync.num = 128 (default)
2019-09-25 07:28:33,892 [pool-47-thread-1] INFO  server.RaftServerConfigKeys (ConfUtils.java:logGet(43)) - raft.server.log.statemachine.data.sync = true (default)
2019-09-25 07:28:33,892 [pool-47-thread-1] INFO  server.RaftServerConfigKeys (ConfUtils.java:logGet(43)) - raft.server.log.statemachine.data.sync.timeout = 10s (default)
2019-09-25 07:28:33,892 [pool-47-thread-1] INFO  server.RaftServerConfigKeys (ConfUtils.java:logGet(43)) - raft.server.log.statemachine.data.sync.timeout.retry = -1 (default)
2019-09-25 07:28:33,894 [pool-47-thread-1] INFO  server.RaftServerConfigKeys (ConfUtils.java:logGet(43)) - raft.server.log.statemachine.data.caching.enabled = true (custom)
2019-09-25 07:28:33,895 [pool-47-thread-1] INFO  segmented.SegmentedRaftLogWorker (SegmentedRaftLogWorker.java:lambda$new$0(132)) - 7f677846-6321-4837-a536-8a7cfa3ddebf@group-FFF9E96A4731-SegmentedRaftLogWorker: flushIndex: setUnconditionally 0 -> -1
2019-09-25 07:28:33,895 [pool-47-thread-1] INFO  server.RaftServerConfigKeys (ConfUtils.java:logGet(43)) - raft.server.snapshot.auto.trigger.enabled = true (custom)
2019-09-25 07:28:33,896 [pool-47-thread-1] INFO  server.RaftServerConfigKeys (ConfUtils.java:logGet(43)) - raft.server.snapshot.auto.trigger.threshold = 10000 (custom)
2019-09-25 07:28:33,896 [pool-47-thread-1] INFO  server.RaftServerConfigKeys (ConfUtils.java:logGet(43)) - raft.server.snapshot.retention.num.files = 5 (custom)
2019-09-25 07:28:33,896 [pool-47-thread-1] INFO  server.RaftServerConfigKeys (ConfUtils.java:logGet(43)) - raft.server.retrycache.expirytime = 600000ms (custom)
2019-09-25 07:28:33,904 [pool-47-thread-1] INFO  impl.RaftServerImpl (RaftServerImpl.java:start(185)) - 7f677846-6321-4837-a536-8a7cfa3ddebf@group-FFF9E96A4731: start as a follower, conf=-1: [7f677846-6321-4837-a536-8a7cfa3ddebf:192.168.30.10:43630], old=null
2019-09-25 07:28:33,904 [pool-47-thread-1] INFO  impl.RaftServerImpl (RaftServerImpl.java:setRole(174)) - 7f677846-6321-4837-a536-8a7cfa3ddebf@group-FFF9E96A4731: changes role from      null to FOLLOWER at term 0 for startAsFollower
2019-09-25 07:28:33,904 [pool-47-thread-1] INFO  impl.RoleInfo (RoleInfo.java:updateAndGet(143)) - 7f677846-6321-4837-a536-8a7cfa3ddebf: start FollowerState
2019-09-25 07:28:33,904 [pool-47-thread-1] INFO  util.JmxRegister (JmxRegister.java:tryRegister(44)) - Successfully registered JMX Bean with object name Ratis:service=RaftServer,group=group-FFF9E96A4731,id=7f677846-6321-4837-a536-8a7cfa3ddebf
2019-09-25 07:28:33,920 [pool-73-thread-2] INFO  rpc.RpcClient (RpcClient.java:createBucket(415)) - Creating Bucket: vol-0-17279/bucket-0-38978, with Versioning false and Storage Type set to DISK and Encryption set to false 
2019-09-25 07:28:33,923 [RatisPipelineUtilsThread] INFO  pipeline.PipelineStateManager (PipelineStateManager.java:addPipeline(56)) - Created pipeline Pipeline[ Id: f9ad85ea-b2e6-4b9e-873f-fff9e96a4731, Nodes: 7f677846-6321-4837-a536-8a7cfa3ddebf{ip: 192.168.30.10, host: pr-hdds-1569-s62bp-3040748787, networkLocation: /default-rack, certSerialId: null}, Type:RATIS, Factor:ONE, State:OPEN]
2019-09-25 07:28:33,923 [RatisPipelineUtilsThread] INFO  pipeline.PipelinePlacementPolicy (PipelinePlacementPolicy.java:meetCriteria(91)) - Pipeline Placement: Doesn't meet the criteria to be viable node： a3425e08-24ce-4736-9f6e-1b8551260ff2 Heaviness: 6 limit: 5
2019-09-25 07:28:33,924 [RatisPipelineUtilsThread] INFO  pipeline.PipelinePlacementPolicy (PipelinePlacementPolicy.java:meetCriteria(91)) - Pipeline Placement: Doesn't meet the criteria to be viable node： 7f677846-6321-4837-a536-8a7cfa3ddebf Heaviness: 6 limit: 5
2019-09-25 07:28:33,937 [grpc-default-executor-0] INFO  impl.RaftServerProxy (RaftServerProxy.java:addNew(89)) - e9a92b31-f57e-42f9-b032-4050b3cc8be5: addNew group-BDC628B6678B:[e9a92b31-f57e-42f9-b032-4050b3cc8be5:192.168.30.10:37831] returns group-BDC628B6678B:java.util.concurrent.CompletableFuture@7abfea40[Not completed]
2019-09-25 07:28:33,940 [pool-57-thread-1] INFO  impl.RaftServerImpl (RaftServerImpl.java:<init>(95)) - e9a92b31-f57e-42f9-b032-4050b3cc8be5: new RaftServerImpl for group-BDC628B6678B:[e9a92b31-f57e-42f9-b032-4050b3cc8be5:192.168.30.10:37831] with ContainerStateMachine:uninitialized
2019-09-25 07:28:33,940 [pool-57-thread-1] INFO  server.RaftServerConfigKeys (ConfUtils.java:logGet(43)) - raft.server.rpc.timeout.min = 5s (custom)
2019-09-25 07:28:33,941 [pool-57-thread-1] INFO  server.RaftServerConfigKeys (ConfUtils.java:logGet(43)) - raft.server.rpc.timeout.max = 5200ms (custom)
2019-09-25 07:28:33,942 [pool-57-thread-1] INFO  server.RaftServerConfigKeys (ConfUtils.java:logGet(43)) - raft.server.rpcslowness.timeout = 120s (custom)
2019-09-25 07:28:33,942 [pool-57-thread-1] INFO  server.RaftServerConfigKeys (ConfUtils.java:logGet(43)) - raft.server.sleep.deviation.threshold = 300 (default)
2019-09-25 07:28:33,942 [pool-57-thread-1] INFO  server.RaftServerConfigKeys (ConfUtils.java:logGet(43)) - raft.server.log.appender.install.snapshot.enabled = false (custom)
2019-09-25 07:28:33,943 [pool-57-thread-1] INFO  impl.RaftServerImpl (ServerState.java:<init>(103)) - e9a92b31-f57e-42f9-b032-4050b3cc8be5@group-BDC628B6678B: ConfigurationManager, init=-1: [e9a92b31-f57e-42f9-b032-4050b3cc8be5:192.168.30.10:37831], old=null, confs=<EMPTY_MAP>
2019-09-25 07:28:33,943 [pool-57-thread-1] INFO  server.RaftServerConfigKeys (ConfUtils.java:logGet(43)) - raft.server.storage.dir = [/workdir/hadoop-ozone/tools/target/test-dir/MiniOzoneClusterImpl-024f4a54-ba4e-4a80-aa90-cb3ecc4826ee/datanode-3/data/ratis] (custom)
2019-09-25 07:28:33,943 [pool-57-thread-1] INFO  storage.RaftStorageDirectory (RaftStorageDirectory.java:analyzeStorage(246)) - The storage directory /workdir/hadoop-ozone/tools/target/test-dir/MiniOzoneClusterImpl-024f4a54-ba4e-4a80-aa90-cb3ecc4826ee/datanode-3/data/ratis/0301260e-0c7f-4366-bbb9-bdc628b6678b does not exist. Creating ...
2019-09-25 07:28:34,266 [pool-57-thread-1] INFO  storage.RaftStorageDirectory (RaftStorageDirectory.java:tryLock(328)) - Lock on /workdir/hadoop-ozone/tools/target/test-dir/MiniOzoneClusterImpl-024f4a54-ba4e-4a80-aa90-cb3ecc4826ee/datanode-3/data/ratis/0301260e-0c7f-4366-bbb9-bdc628b6678b/in_use.lock acquired by nodename 7900@pr-hdds-1569-s62bp-3040748787
2019-09-25 07:28:34,298 [pool-57-thread-1] INFO  storage.RaftStorage (RaftStorage.java:format(72)) - Storage directory /workdir/hadoop-ozone/tools/target/test-dir/MiniOzoneClusterImpl-024f4a54-ba4e-4a80-aa90-cb3ecc4826ee/datanode-3/data/ratis/0301260e-0c7f-4366-bbb9-bdc628b6678b has been successfully formatted.
2019-09-25 07:28:34,299 [pool-57-thread-1] INFO  ratis.ContainerStateMachine (ContainerStateMachine.java:loadSnapshot(230)) - group-BDC628B6678B: The snapshot info is null. Setting the last applied indexto:(t:0, i:~)
2019-09-25 07:28:34,299 [pool-57-thread-1] INFO  server.RaftServerConfigKeys (ConfUtils.java:logGet(43)) - raft.server.notification.no-leader.timeout = 120s (custom)
2019-09-25 07:28:34,300 [pool-57-thread-1] INFO  server.RaftServerConfigKeys (ConfUtils.java:logGet(43)) - raft.server.log.use.memory = false (default)
2019-09-25 07:28:34,300 [pool-57-thread-1] INFO  server.RaftServerConfigKeys (ConfUtils.java:logGet(43)) - raft.server.log.purge.gap = 1000000 (custom)
2019-09-25 07:28:34,300 [pool-57-thread-1] INFO  server.RaftServerConfigKeys (ConfUtils.java:logGet(43)) - raft.server.log.appender.buffer.byte-limit = 33554432 (custom)
2019-09-25 07:28:34,300 [pool-57-thread-1] INFO  server.RaftServerConfigKeys (ConfUtils.java:logGet(43)) - raft.server.log.segment.size.max = 1048576 (custom)
2019-09-25 07:28:34,300 [pool-57-thread-1] INFO  server.RaftServerConfigKeys (ConfUtils.java:logGet(43)) - raft.server.log.segment.cache.num.max = 2 (custom)
2019-09-25 07:28:34,301 [pool-57-thread-1] INFO  segmented.SegmentedRaftLogWorker (SegmentedRaftLogWorker.java:<init>(172)) - new e9a92b31-f57e-42f9-b032-4050b3cc8be5@group-BDC628B6678B-SegmentedRaftLogWorker for RaftStorage:Storage Directory /workdir/hadoop-ozone/tools/target/test-dir/MiniOzoneClusterImpl-024f4a54-ba4e-4a80-aa90-cb3ecc4826ee/datanode-3/data/ratis/0301260e-0c7f-4366-bbb9-bdc628b6678b
2019-09-25 07:28:34,301 [pool-57-thread-1] INFO  server.RaftServerConfigKeys (ConfUtils.java:logGet(43)) - raft.server.log.queue.byte-limit = 2147483647 (custom)
2019-09-25 07:28:34,301 [pool-57-thread-1] INFO  server.RaftServerConfigKeys (ConfUtils.java:logGet(43)) - raft.server.log.queue.element-limit = 1024 (custom)
2019-09-25 07:28:34,301 [pool-57-thread-1] INFO  server.RaftServerConfigKeys (ConfUtils.java:logGet(43)) - raft.server.log.segment.size.max = 1048576 (custom)
2019-09-25 07:28:34,301 [pool-57-thread-1] INFO  server.RaftServerConfigKeys (ConfUtils.java:logGet(43)) - raft.server.log.preallocated.size = 16384 (custom)
2019-09-25 07:28:34,302 [pool-57-thread-1] INFO  server.RaftServerConfigKeys (ConfUtils.java:logGet(43)) - raft.server.log.write.buffer.size = 33554432 (custom)
2019-09-25 07:28:34,302 [pool-57-thread-1] INFO  server.RaftServerConfigKeys (ConfUtils.java:logGet(43)) - raft.server.log.force.sync.num = 128 (default)
2019-09-25 07:28:34,302 [pool-57-thread-1] INFO  server.RaftServerConfigKeys (ConfUtils.java:logGet(43)) - raft.server.log.statemachine.data.sync = true (default)
2019-09-25 07:28:34,302 [pool-57-thread-1] INFO  server.RaftServerConfigKeys (ConfUtils.java:logGet(43)) - raft.server.log.statemachine.data.sync.timeout = 10s (default)
2019-09-25 07:28:34,302 [pool-57-thread-1] INFO  server.RaftServerConfigKeys (ConfUtils.java:logGet(43)) - raft.server.log.statemachine.data.sync.timeout.retry = -1 (default)
2019-09-25 07:28:34,303 [pool-57-thread-1] INFO  server.RaftServerConfigKeys (ConfUtils.java:logGet(43)) - raft.server.log.statemachine.data.caching.enabled = true (custom)
2019-09-25 07:28:34,303 [pool-57-thread-1] INFO  segmented.SegmentedRaftLogWorker (SegmentedRaftLogWorker.java:lambda$new$0(132)) - e9a92b31-f57e-42f9-b032-4050b3cc8be5@group-BDC628B6678B-SegmentedRaftLogWorker: flushIndex: setUnconditionally 0 -> -1
2019-09-25 07:28:34,304 [pool-57-thread-1] INFO  server.RaftServerConfigKeys (ConfUtils.java:logGet(43)) - raft.server.snapshot.auto.trigger.enabled = true (custom)
2019-09-25 07:28:34,304 [pool-57-thread-1] INFO  server.RaftServerConfigKeys (ConfUtils.java:logGet(43)) - raft.server.snapshot.auto.trigger.threshold = 10000 (custom)
2019-09-25 07:28:34,304 [pool-57-thread-1] INFO  server.RaftServerConfigKeys (ConfUtils.java:logGet(43)) - raft.server.snapshot.retention.num.files = 5 (custom)
2019-09-25 07:28:34,304 [pool-57-thread-1] INFO  server.RaftServerConfigKeys (ConfUtils.java:logGet(43)) - raft.server.retrycache.expirytime = 600000ms (custom)
2019-09-25 07:28:34,308 [pool-57-thread-1] INFO  impl.RaftServerImpl (RaftServerImpl.java:start(185)) - e9a92b31-f57e-42f9-b032-4050b3cc8be5@group-BDC628B6678B: start as a follower, conf=-1: [e9a92b31-f57e-42f9-b032-4050b3cc8be5:192.168.30.10:37831], old=null
2019-09-25 07:28:34,308 [pool-57-thread-1] INFO  impl.RaftServerImpl (RaftServerImpl.java:setRole(174)) - e9a92b31-f57e-42f9-b032-4050b3cc8be5@group-BDC628B6678B: changes role from      null to FOLLOWER at term 0 for startAsFollower
2019-09-25 07:28:34,308 [pool-57-thread-1] INFO  impl.RoleInfo (RoleInfo.java:updateAndGet(143)) - e9a92b31-f57e-42f9-b032-4050b3cc8be5: start FollowerState
2019-09-25 07:28:34,309 [pool-57-thread-1] INFO  util.JmxRegister (JmxRegister.java:tryRegister(44)) - Successfully registered JMX Bean with object name Ratis:service=RaftServer,group=group-BDC628B6678B,id=e9a92b31-f57e-42f9-b032-4050b3cc8be5
2019-09-25 07:28:34,317 [RatisPipelineUtilsThread] INFO  pipeline.PipelineStateManager (PipelineStateManager.java:addPipeline(56)) - Created pipeline Pipeline[ Id: 0301260e-0c7f-4366-bbb9-bdc628b6678b, Nodes: e9a92b31-f57e-42f9-b032-4050b3cc8be5{ip: 192.168.30.10, host: pr-hdds-1569-s62bp-3040748787, networkLocation: /default-rack, certSerialId: null}, Type:RATIS, Factor:ONE, State:OPEN]
2019-09-25 07:28:34,317 [RatisPipelineUtilsThread] INFO  pipeline.PipelinePlacementPolicy (PipelinePlacementPolicy.java:meetCriteria(91)) - Pipeline Placement: Doesn't meet the criteria to be viable node： a3425e08-24ce-4736-9f6e-1b8551260ff2 Heaviness: 6 limit: 5
2019-09-25 07:28:34,317 [RatisPipelineUtilsThread] INFO  pipeline.PipelinePlacementPolicy (PipelinePlacementPolicy.java:meetCriteria(91)) - Pipeline Placement: Doesn't meet the criteria to be viable node： 7f677846-6321-4837-a536-8a7cfa3ddebf Heaviness: 6 limit: 5
2019-09-25 07:28:34,339 [grpc-default-executor-0] INFO  impl.RaftServerProxy (RaftServerProxy.java:addNew(89)) - 319eb9b2-446a-4b5b-95c2-98d772c8b042: addNew group-33F5AF887535:[319eb9b2-446a-4b5b-95c2-98d772c8b042:192.168.30.10:42608] returns group-33F5AF887535:java.util.concurrent.CompletableFuture@15aff2e8[Not completed]
2019-09-25 07:28:34,342 [pool-37-thread-1] INFO  impl.RaftServerImpl (RaftServerImpl.java:<init>(95)) - 319eb9b2-446a-4b5b-95c2-98d772c8b042: new RaftServerImpl for group-33F5AF887535:[319eb9b2-446a-4b5b-95c2-98d772c8b042:192.168.30.10:42608] with ContainerStateMachine:uninitialized
2019-09-25 07:28:34,342 [pool-37-thread-1] INFO  server.RaftServerConfigKeys (ConfUtils.java:logGet(43)) - raft.server.rpc.timeout.min = 5s (custom)
2019-09-25 07:28:34,342 [pool-37-thread-1] INFO  server.RaftServerConfigKeys (ConfUtils.java:logGet(43)) - raft.server.rpc.timeout.max = 5200ms (custom)
2019-09-25 07:28:34,342 [pool-37-thread-1] INFO  server.RaftServerConfigKeys (ConfUtils.java:logGet(43)) - raft.server.rpcslowness.timeout = 120s (custom)
2019-09-25 07:28:34,343 [pool-37-thread-1] INFO  server.RaftServerConfigKeys (ConfUtils.java:logGet(43)) - raft.server.sleep.deviation.threshold = 300 (default)
2019-09-25 07:28:34,343 [pool-37-thread-1] INFO  server.RaftServerConfigKeys (ConfUtils.java:logGet(43)) - raft.server.log.appender.install.snapshot.enabled = false (custom)
2019-09-25 07:28:34,343 [pool-37-thread-1] INFO  impl.RaftServerImpl (ServerState.java:<init>(103)) - 319eb9b2-446a-4b5b-95c2-98d772c8b042@group-33F5AF887535: ConfigurationManager, init=-1: [319eb9b2-446a-4b5b-95c2-98d772c8b042:192.168.30.10:42608], old=null, confs=<EMPTY_MAP>
2019-09-25 07:28:34,343 [pool-37-thread-1] INFO  server.RaftServerConfigKeys (ConfUtils.java:logGet(43)) - raft.server.storage.dir = [/workdir/hadoop-ozone/tools/target/test-dir/MiniOzoneClusterImpl-024f4a54-ba4e-4a80-aa90-cb3ecc4826ee/datanode-1/data/ratis] (custom)
2019-09-25 07:28:34,344 [pool-37-thread-1] INFO  storage.RaftStorageDirectory (RaftStorageDirectory.java:analyzeStorage(246)) - The storage directory /workdir/hadoop-ozone/tools/target/test-dir/MiniOzoneClusterImpl-024f4a54-ba4e-4a80-aa90-cb3ecc4826ee/datanode-1/data/ratis/42a58bd0-576d-499e-8126-33f5af887535 does not exist. Creating ...
2019-09-25 07:28:34,369 [pool-37-thread-1] INFO  storage.RaftStorageDirectory (RaftStorageDirectory.java:tryLock(328)) - Lock on /workdir/hadoop-ozone/tools/target/test-dir/MiniOzoneClusterImpl-024f4a54-ba4e-4a80-aa90-cb3ecc4826ee/datanode-1/data/ratis/42a58bd0-576d-499e-8126-33f5af887535/in_use.lock acquired by nodename 7900@pr-hdds-1569-s62bp-3040748787
2019-09-25 07:28:34,382 [pool-37-thread-1] INFO  storage.RaftStorage (RaftStorage.java:format(72)) - Storage directory /workdir/hadoop-ozone/tools/target/test-dir/MiniOzoneClusterImpl-024f4a54-ba4e-4a80-aa90-cb3ecc4826ee/datanode-1/data/ratis/42a58bd0-576d-499e-8126-33f5af887535 has been successfully formatted.
2019-09-25 07:28:34,383 [pool-37-thread-1] INFO  ratis.ContainerStateMachine (ContainerStateMachine.java:loadSnapshot(230)) - group-33F5AF887535: The snapshot info is null. Setting the last applied indexto:(t:0, i:~)
2019-09-25 07:28:34,383 [pool-37-thread-1] INFO  server.RaftServerConfigKeys (ConfUtils.java:logGet(43)) - raft.server.notification.no-leader.timeout = 120s (custom)
2019-09-25 07:28:34,383 [pool-37-thread-1] INFO  server.RaftServerConfigKeys (ConfUtils.java:logGet(43)) - raft.server.log.use.memory = false (default)
2019-09-25 07:28:34,383 [pool-37-thread-1] INFO  server.RaftServerConfigKeys (ConfUtils.java:logGet(43)) - raft.server.log.purge.gap = 1000000 (custom)
2019-09-25 07:28:34,383 [pool-37-thread-1] INFO  server.RaftServerConfigKeys (ConfUtils.java:logGet(43)) - raft.server.log.appender.buffer.byte-limit = 33554432 (custom)
2019-09-25 07:28:34,384 [pool-37-thread-1] INFO  server.RaftServerConfigKeys (ConfUtils.java:logGet(43)) - raft.server.log.segment.size.max = 1048576 (custom)
2019-09-25 07:28:34,384 [pool-37-thread-1] INFO  server.RaftServerConfigKeys (ConfUtils.java:logGet(43)) - raft.server.log.segment.cache.num.max = 2 (custom)
2019-09-25 07:28:34,384 [pool-37-thread-1] INFO  segmented.SegmentedRaftLogWorker (SegmentedRaftLogWorker.java:<init>(172)) - new 319eb9b2-446a-4b5b-95c2-98d772c8b042@group-33F5AF887535-SegmentedRaftLogWorker for RaftStorage:Storage Directory /workdir/hadoop-ozone/tools/target/test-dir/MiniOzoneClusterImpl-024f4a54-ba4e-4a80-aa90-cb3ecc4826ee/datanode-1/data/ratis/42a58bd0-576d-499e-8126-33f5af887535
2019-09-25 07:28:34,384 [pool-37-thread-1] INFO  server.RaftServerConfigKeys (ConfUtils.java:logGet(43)) - raft.server.log.queue.byte-limit = 2147483647 (custom)
2019-09-25 07:28:34,385 [pool-37-thread-1] INFO  server.RaftServerConfigKeys (ConfUtils.java:logGet(43)) - raft.server.log.queue.element-limit = 1024 (custom)
2019-09-25 07:28:34,385 [pool-37-thread-1] INFO  server.RaftServerConfigKeys (ConfUtils.java:logGet(43)) - raft.server.log.segment.size.max = 1048576 (custom)
2019-09-25 07:28:34,385 [pool-37-thread-1] INFO  server.RaftServerConfigKeys (ConfUtils.java:logGet(43)) - raft.server.log.preallocated.size = 16384 (custom)
2019-09-25 07:28:34,386 [pool-37-thread-1] INFO  server.RaftServerConfigKeys (ConfUtils.java:logGet(43)) - raft.server.log.write.buffer.size = 33554432 (custom)
2019-09-25 07:28:34,386 [pool-37-thread-1] INFO  server.RaftServerConfigKeys (ConfUtils.java:logGet(43)) - raft.server.log.force.sync.num = 128 (default)
2019-09-25 07:28:34,386 [pool-37-thread-1] INFO  server.RaftServerConfigKeys (ConfUtils.java:logGet(43)) - raft.server.log.statemachine.data.sync = true (default)
2019-09-25 07:28:34,386 [pool-37-thread-1] INFO  server.RaftServerConfigKeys (ConfUtils.java:logGet(43)) - raft.server.log.statemachine.data.sync.timeout = 10s (default)
2019-09-25 07:28:34,386 [pool-37-thread-1] INFO  server.RaftServerConfigKeys (ConfUtils.java:logGet(43)) - raft.server.log.statemachine.data.sync.timeout.retry = -1 (default)
2019-09-25 07:28:34,387 [pool-37-thread-1] INFO  server.RaftServerConfigKeys (ConfUtils.java:logGet(43)) - raft.server.log.statemachine.data.caching.enabled = true (custom)
2019-09-25 07:28:34,387 [pool-37-thread-1] INFO  segmented.SegmentedRaftLogWorker (SegmentedRaftLogWorker.java:lambda$new$0(132)) - 319eb9b2-446a-4b5b-95c2-98d772c8b042@group-33F5AF887535-SegmentedRaftLogWorker: flushIndex: setUnconditionally 0 -> -1
2019-09-25 07:28:34,387 [pool-37-thread-1] INFO  server.RaftServerConfigKeys (ConfUtils.java:logGet(43)) - raft.server.snapshot.auto.trigger.enabled = true (custom)
2019-09-25 07:28:34,387 [pool-37-thread-1] INFO  server.RaftServerConfigKeys (ConfUtils.java:logGet(43)) - raft.server.snapshot.auto.trigger.threshold = 10000 (custom)
2019-09-25 07:28:34,388 [pool-37-thread-1] INFO  server.RaftServerConfigKeys (ConfUtils.java:logGet(43)) - raft.server.snapshot.retention.num.files = 5 (custom)
2019-09-25 07:28:34,388 [pool-37-thread-1] INFO  server.RaftServerConfigKeys (ConfUtils.java:logGet(43)) - raft.server.retrycache.expirytime = 600000ms (custom)
2019-09-25 07:28:34,391 [pool-37-thread-1] INFO  impl.RaftServerImpl (RaftServerImpl.java:start(185)) - 319eb9b2-446a-4b5b-95c2-98d772c8b042@group-33F5AF887535: start as a follower, conf=-1: [319eb9b2-446a-4b5b-95c2-98d772c8b042:192.168.30.10:42608], old=null
2019-09-25 07:28:34,391 [pool-37-thread-1] INFO  impl.RaftServerImpl (RaftServerImpl.java:setRole(174)) - 319eb9b2-446a-4b5b-95c2-98d772c8b042@group-33F5AF887535: changes role from      null to FOLLOWER at term 0 for startAsFollower
2019-09-25 07:28:34,391 [pool-37-thread-1] INFO  impl.RoleInfo (RoleInfo.java:updateAndGet(143)) - 319eb9b2-446a-4b5b-95c2-98d772c8b042: start FollowerState
2019-09-25 07:28:34,395 [pool-37-thread-1] INFO  util.JmxRegister (JmxRegister.java:tryRegister(44)) - Successfully registered JMX Bean with object name Ratis:service=RaftServer,group=group-33F5AF887535,id=319eb9b2-446a-4b5b-95c2-98d772c8b042
2019-09-25 07:28:34,405 [RatisPipelineUtilsThread] INFO  pipeline.PipelineStateManager (PipelineStateManager.java:addPipeline(56)) - Created pipeline Pipeline[ Id: 42a58bd0-576d-499e-8126-33f5af887535, Nodes: 319eb9b2-446a-4b5b-95c2-98d772c8b042{ip: 192.168.30.10, host: pr-hdds-1569-s62bp-3040748787, networkLocation: /default-rack, certSerialId: null}, Type:RATIS, Factor:ONE, State:OPEN]
2019-09-25 07:28:34,405 [RatisPipelineUtilsThread] INFO  pipeline.PipelinePlacementPolicy (PipelinePlacementPolicy.java:meetCriteria(91)) - Pipeline Placement: Doesn't meet the criteria to be viable node： a3425e08-24ce-4736-9f6e-1b8551260ff2 Heaviness: 6 limit: 5
2019-09-25 07:28:34,406 [RatisPipelineUtilsThread] INFO  pipeline.PipelinePlacementPolicy (PipelinePlacementPolicy.java:meetCriteria(91)) - Pipeline Placement: Doesn't meet the criteria to be viable node： 7f677846-6321-4837-a536-8a7cfa3ddebf Heaviness: 6 limit: 5
2019-09-25 07:28:34,415 [grpc-default-executor-0] INFO  impl.RaftServerProxy (RaftServerProxy.java:addNew(89)) - e9a92b31-f57e-42f9-b032-4050b3cc8be5: addNew group-7D3DB7709AFC:[e9a92b31-f57e-42f9-b032-4050b3cc8be5:192.168.30.10:37831] returns group-7D3DB7709AFC:java.util.concurrent.CompletableFuture@236e0787[Not completed]
2019-09-25 07:28:34,417 [pool-57-thread-1] INFO  impl.RaftServerImpl (RaftServerImpl.java:<init>(95)) - e9a92b31-f57e-42f9-b032-4050b3cc8be5: new RaftServerImpl for group-7D3DB7709AFC:[e9a92b31-f57e-42f9-b032-4050b3cc8be5:192.168.30.10:37831] with ContainerStateMachine:uninitialized
2019-09-25 07:28:34,417 [pool-57-thread-1] INFO  server.RaftServerConfigKeys (ConfUtils.java:logGet(43)) - raft.server.rpc.timeout.min = 5s (custom)
2019-09-25 07:28:34,418 [pool-57-thread-1] INFO  server.RaftServerConfigKeys (ConfUtils.java:logGet(43)) - raft.server.rpc.timeout.max = 5200ms (custom)
2019-09-25 07:28:34,418 [pool-57-thread-1] INFO  server.RaftServerConfigKeys (ConfUtils.java:logGet(43)) - raft.server.rpcslowness.timeout = 120s (custom)
2019-09-25 07:28:34,418 [pool-57-thread-1] INFO  server.RaftServerConfigKeys (ConfUtils.java:logGet(43)) - raft.server.sleep.deviation.threshold = 300 (default)
2019-09-25 07:28:34,418 [pool-57-thread-1] INFO  server.RaftServerConfigKeys (ConfUtils.java:logGet(43)) - raft.server.log.appender.install.snapshot.enabled = false (custom)
2019-09-25 07:28:34,418 [pool-57-thread-1] INFO  impl.RaftServerImpl (ServerState.java:<init>(103)) - e9a92b31-f57e-42f9-b032-4050b3cc8be5@group-7D3DB7709AFC: ConfigurationManager, init=-1: [e9a92b31-f57e-42f9-b032-4050b3cc8be5:192.168.30.10:37831], old=null, confs=<EMPTY_MAP>
2019-09-25 07:28:34,419 [pool-57-thread-1] INFO  server.RaftServerConfigKeys (ConfUtils.java:logGet(43)) - raft.server.storage.dir = [/workdir/hadoop-ozone/tools/target/test-dir/MiniOzoneClusterImpl-024f4a54-ba4e-4a80-aa90-cb3ecc4826ee/datanode-3/data/ratis] (custom)
2019-09-25 07:28:34,419 [pool-57-thread-1] INFO  storage.RaftStorageDirectory (RaftStorageDirectory.java:analyzeStorage(246)) - The storage directory /workdir/hadoop-ozone/tools/target/test-dir/MiniOzoneClusterImpl-024f4a54-ba4e-4a80-aa90-cb3ecc4826ee/datanode-3/data/ratis/36c3f4eb-7f5d-4018-898c-7d3db7709afc does not exist. Creating ...
2019-09-25 07:28:34,444 [pool-57-thread-1] INFO  storage.RaftStorageDirectory (RaftStorageDirectory.java:tryLock(328)) - Lock on /workdir/hadoop-ozone/tools/target/test-dir/MiniOzoneClusterImpl-024f4a54-ba4e-4a80-aa90-cb3ecc4826ee/datanode-3/data/ratis/36c3f4eb-7f5d-4018-898c-7d3db7709afc/in_use.lock acquired by nodename 7900@pr-hdds-1569-s62bp-3040748787
2019-09-25 07:28:34,465 [pool-57-thread-1] INFO  storage.RaftStorage (RaftStorage.java:format(72)) - Storage directory /workdir/hadoop-ozone/tools/target/test-dir/MiniOzoneClusterImpl-024f4a54-ba4e-4a80-aa90-cb3ecc4826ee/datanode-3/data/ratis/36c3f4eb-7f5d-4018-898c-7d3db7709afc has been successfully formatted.
2019-09-25 07:28:34,466 [pool-57-thread-1] INFO  ratis.ContainerStateMachine (ContainerStateMachine.java:loadSnapshot(230)) - group-7D3DB7709AFC: The snapshot info is null. Setting the last applied indexto:(t:0, i:~)
2019-09-25 07:28:34,466 [pool-57-thread-1] INFO  server.RaftServerConfigKeys (ConfUtils.java:logGet(43)) - raft.server.notification.no-leader.timeout = 120s (custom)
2019-09-25 07:28:34,466 [pool-57-thread-1] INFO  server.RaftServerConfigKeys (ConfUtils.java:logGet(43)) - raft.server.log.use.memory = false (default)
2019-09-25 07:28:34,466 [pool-57-thread-1] INFO  server.RaftServerConfigKeys (ConfUtils.java:logGet(43)) - raft.server.log.purge.gap = 1000000 (custom)
2019-09-25 07:28:34,466 [pool-57-thread-1] INFO  server.RaftServerConfigKeys (ConfUtils.java:logGet(43)) - raft.server.log.appender.buffer.byte-limit = 33554432 (custom)
2019-09-25 07:28:34,467 [pool-57-thread-1] INFO  server.RaftServerConfigKeys (ConfUtils.java:logGet(43)) - raft.server.log.segment.size.max = 1048576 (custom)
2019-09-25 07:28:34,467 [pool-57-thread-1] INFO  server.RaftServerConfigKeys (ConfUtils.java:logGet(43)) - raft.server.log.segment.cache.num.max = 2 (custom)
2019-09-25 07:28:34,467 [pool-57-thread-1] INFO  segmented.SegmentedRaftLogWorker (SegmentedRaftLogWorker.java:<init>(172)) - new e9a92b31-f57e-42f9-b032-4050b3cc8be5@group-7D3DB7709AFC-SegmentedRaftLogWorker for RaftStorage:Storage Directory /workdir/hadoop-ozone/tools/target/test-dir/MiniOzoneClusterImpl-024f4a54-ba4e-4a80-aa90-cb3ecc4826ee/datanode-3/data/ratis/36c3f4eb-7f5d-4018-898c-7d3db7709afc
2019-09-25 07:28:34,467 [pool-57-thread-1] INFO  server.RaftServerConfigKeys (ConfUtils.java:logGet(43)) - raft.server.log.queue.byte-limit = 2147483647 (custom)
2019-09-25 07:28:34,467 [pool-57-thread-1] INFO  server.RaftServerConfigKeys (ConfUtils.java:logGet(43)) - raft.server.log.queue.element-limit = 1024 (custom)
2019-09-25 07:28:34,467 [pool-57-thread-1] INFO  server.RaftServerConfigKeys (ConfUtils.java:logGet(43)) - raft.server.log.segment.size.max = 1048576 (custom)
2019-09-25 07:28:34,468 [pool-57-thread-1] INFO  server.RaftServerConfigKeys (ConfUtils.java:logGet(43)) - raft.server.log.preallocated.size = 16384 (custom)
2019-09-25 07:28:34,468 [pool-57-thread-1] INFO  server.RaftServerConfigKeys (ConfUtils.java:logGet(43)) - raft.server.log.write.buffer.size = 33554432 (custom)
2019-09-25 07:28:34,468 [pool-57-thread-1] INFO  server.RaftServerConfigKeys (ConfUtils.java:logGet(43)) - raft.server.log.force.sync.num = 128 (default)
2019-09-25 07:28:34,468 [pool-57-thread-1] INFO  server.RaftServerConfigKeys (ConfUtils.java:logGet(43)) - raft.server.log.statemachine.data.sync = true (default)
2019-09-25 07:28:34,468 [pool-57-thread-1] INFO  server.RaftServerConfigKeys (ConfUtils.java:logGet(43)) - raft.server.log.statemachine.data.sync.timeout = 10s (default)
2019-09-25 07:28:34,468 [pool-57-thread-1] INFO  server.RaftServerConfigKeys (ConfUtils.java:logGet(43)) - raft.server.log.statemachine.data.sync.timeout.retry = -1 (default)
2019-09-25 07:28:34,469 [pool-57-thread-1] INFO  server.RaftServerConfigKeys (ConfUtils.java:logGet(43)) - raft.server.log.statemachine.data.caching.enabled = true (custom)
2019-09-25 07:28:34,469 [pool-57-thread-1] INFO  segmented.SegmentedRaftLogWorker (SegmentedRaftLogWorker.java:lambda$new$0(132)) - e9a92b31-f57e-42f9-b032-4050b3cc8be5@group-7D3DB7709AFC-SegmentedRaftLogWorker: flushIndex: setUnconditionally 0 -> -1
2019-09-25 07:28:34,469 [pool-57-thread-1] INFO  server.RaftServerConfigKeys (ConfUtils.java:logGet(43)) - raft.server.snapshot.auto.trigger.enabled = true (custom)
2019-09-25 07:28:34,469 [pool-57-thread-1] INFO  server.RaftServerConfigKeys (ConfUtils.java:logGet(43)) - raft.server.snapshot.auto.trigger.threshold = 10000 (custom)
2019-09-25 07:28:34,470 [pool-57-thread-1] INFO  server.RaftServerConfigKeys (ConfUtils.java:logGet(43)) - raft.server.snapshot.retention.num.files = 5 (custom)
2019-09-25 07:28:34,470 [pool-57-thread-1] INFO  server.RaftServerConfigKeys (ConfUtils.java:logGet(43)) - raft.server.retrycache.expirytime = 600000ms (custom)
2019-09-25 07:28:34,472 [pool-57-thread-1] INFO  impl.RaftServerImpl (RaftServerImpl.java:start(185)) - e9a92b31-f57e-42f9-b032-4050b3cc8be5@group-7D3DB7709AFC: start as a follower, conf=-1: [e9a92b31-f57e-42f9-b032-4050b3cc8be5:192.168.30.10:37831], old=null
2019-09-25 07:28:34,472 [pool-57-thread-1] INFO  impl.RaftServerImpl (RaftServerImpl.java:setRole(174)) - e9a92b31-f57e-42f9-b032-4050b3cc8be5@group-7D3DB7709AFC: changes role from      null to FOLLOWER at term 0 for startAsFollower
2019-09-25 07:28:34,472 [pool-57-thread-1] INFO  impl.RoleInfo (RoleInfo.java:updateAndGet(143)) - e9a92b31-f57e-42f9-b032-4050b3cc8be5: start FollowerState
2019-09-25 07:28:34,473 [pool-57-thread-1] INFO  util.JmxRegister (JmxRegister.java:tryRegister(44)) - Successfully registered JMX Bean with object name Ratis:service=RaftServer,group=group-7D3DB7709AFC,id=e9a92b31-f57e-42f9-b032-4050b3cc8be5
2019-09-25 07:28:34,478 [RatisPipelineUtilsThread] INFO  pipeline.PipelineStateManager (PipelineStateManager.java:addPipeline(56)) - Created pipeline Pipeline[ Id: 36c3f4eb-7f5d-4018-898c-7d3db7709afc, Nodes: e9a92b31-f57e-42f9-b032-4050b3cc8be5{ip: 192.168.30.10, host: pr-hdds-1569-s62bp-3040748787, networkLocation: /default-rack, certSerialId: null}, Type:RATIS, Factor:ONE, State:OPEN]
2019-09-25 07:28:34,478 [RatisPipelineUtilsThread] INFO  pipeline.PipelinePlacementPolicy (PipelinePlacementPolicy.java:meetCriteria(91)) - Pipeline Placement: Doesn't meet the criteria to be viable node： a3425e08-24ce-4736-9f6e-1b8551260ff2 Heaviness: 6 limit: 5
2019-09-25 07:28:34,478 [RatisPipelineUtilsThread] INFO  pipeline.PipelinePlacementPolicy (PipelinePlacementPolicy.java:meetCriteria(91)) - Pipeline Placement: Doesn't meet the criteria to be viable node： 7f677846-6321-4837-a536-8a7cfa3ddebf Heaviness: 6 limit: 5
2019-09-25 07:28:34,488 [grpc-default-executor-0] INFO  impl.RaftServerProxy (RaftServerProxy.java:addNew(89)) - 319eb9b2-446a-4b5b-95c2-98d772c8b042: addNew group-3CC2692D85B0:[319eb9b2-446a-4b5b-95c2-98d772c8b042:192.168.30.10:42608] returns group-3CC2692D85B0:java.util.concurrent.CompletableFuture@7ed4f2ae[Not completed]
2019-09-25 07:28:34,490 [pool-37-thread-1] INFO  impl.RaftServerImpl (RaftServerImpl.java:<init>(95)) - 319eb9b2-446a-4b5b-95c2-98d772c8b042: new RaftServerImpl for group-3CC2692D85B0:[319eb9b2-446a-4b5b-95c2-98d772c8b042:192.168.30.10:42608] with ContainerStateMachine:uninitialized
2019-09-25 07:28:34,490 [pool-37-thread-1] INFO  server.RaftServerConfigKeys (ConfUtils.java:logGet(43)) - raft.server.rpc.timeout.min = 5s (custom)
2019-09-25 07:28:34,490 [pool-37-thread-1] INFO  server.RaftServerConfigKeys (ConfUtils.java:logGet(43)) - raft.server.rpc.timeout.max = 5200ms (custom)
2019-09-25 07:28:34,490 [pool-37-thread-1] INFO  server.RaftServerConfigKeys (ConfUtils.java:logGet(43)) - raft.server.rpcslowness.timeout = 120s (custom)
2019-09-25 07:28:34,490 [pool-37-thread-1] INFO  server.RaftServerConfigKeys (ConfUtils.java:logGet(43)) - raft.server.sleep.deviation.threshold = 300 (default)
2019-09-25 07:28:34,491 [pool-37-thread-1] INFO  server.RaftServerConfigKeys (ConfUtils.java:logGet(43)) - raft.server.log.appender.install.snapshot.enabled = false (custom)
2019-09-25 07:28:34,491 [pool-37-thread-1] INFO  impl.RaftServerImpl (ServerState.java:<init>(103)) - 319eb9b2-446a-4b5b-95c2-98d772c8b042@group-3CC2692D85B0: ConfigurationManager, init=-1: [319eb9b2-446a-4b5b-95c2-98d772c8b042:192.168.30.10:42608], old=null, confs=<EMPTY_MAP>
2019-09-25 07:28:34,491 [pool-37-thread-1] INFO  server.RaftServerConfigKeys (ConfUtils.java:logGet(43)) - raft.server.storage.dir = [/workdir/hadoop-ozone/tools/target/test-dir/MiniOzoneClusterImpl-024f4a54-ba4e-4a80-aa90-cb3ecc4826ee/datanode-1/data/ratis] (custom)
2019-09-25 07:28:34,492 [pool-37-thread-1] INFO  storage.RaftStorageDirectory (RaftStorageDirectory.java:analyzeStorage(246)) - The storage directory /workdir/hadoop-ozone/tools/target/test-dir/MiniOzoneClusterImpl-024f4a54-ba4e-4a80-aa90-cb3ecc4826ee/datanode-1/data/ratis/6070eb42-f104-4ddb-9e8b-3cc2692d85b0 does not exist. Creating ...
2019-09-25 07:28:34,523 [pool-37-thread-1] INFO  storage.RaftStorageDirectory (RaftStorageDirectory.java:tryLock(328)) - Lock on /workdir/hadoop-ozone/tools/target/test-dir/MiniOzoneClusterImpl-024f4a54-ba4e-4a80-aa90-cb3ecc4826ee/datanode-1/data/ratis/6070eb42-f104-4ddb-9e8b-3cc2692d85b0/in_use.lock acquired by nodename 7900@pr-hdds-1569-s62bp-3040748787
2019-09-25 07:28:34,536 [pool-37-thread-1] INFO  storage.RaftStorage (RaftStorage.java:format(72)) - Storage directory /workdir/hadoop-ozone/tools/target/test-dir/MiniOzoneClusterImpl-024f4a54-ba4e-4a80-aa90-cb3ecc4826ee/datanode-1/data/ratis/6070eb42-f104-4ddb-9e8b-3cc2692d85b0 has been successfully formatted.
2019-09-25 07:28:34,537 [pool-37-thread-1] INFO  ratis.ContainerStateMachine (ContainerStateMachine.java:loadSnapshot(230)) - group-3CC2692D85B0: The snapshot info is null. Setting the last applied indexto:(t:0, i:~)
2019-09-25 07:28:34,537 [pool-37-thread-1] INFO  server.RaftServerConfigKeys (ConfUtils.java:logGet(43)) - raft.server.notification.no-leader.timeout = 120s (custom)
2019-09-25 07:28:34,537 [pool-37-thread-1] INFO  server.RaftServerConfigKeys (ConfUtils.java:logGet(43)) - raft.server.log.use.memory = false (default)
2019-09-25 07:28:34,537 [pool-37-thread-1] INFO  server.RaftServerConfigKeys (ConfUtils.java:logGet(43)) - raft.server.log.purge.gap = 1000000 (custom)
2019-09-25 07:28:34,537 [pool-37-thread-1] INFO  server.RaftServerConfigKeys (ConfUtils.java:logGet(43)) - raft.server.log.appender.buffer.byte-limit = 33554432 (custom)
2019-09-25 07:28:34,537 [pool-37-thread-1] INFO  server.RaftServerConfigKeys (ConfUtils.java:logGet(43)) - raft.server.log.segment.size.max = 1048576 (custom)
2019-09-25 07:28:34,537 [pool-37-thread-1] INFO  server.RaftServerConfigKeys (ConfUtils.java:logGet(43)) - raft.server.log.segment.cache.num.max = 2 (custom)
2019-09-25 07:28:34,538 [pool-37-thread-1] INFO  segmented.SegmentedRaftLogWorker (SegmentedRaftLogWorker.java:<init>(172)) - new 319eb9b2-446a-4b5b-95c2-98d772c8b042@group-3CC2692D85B0-SegmentedRaftLogWorker for RaftStorage:Storage Directory /workdir/hadoop-ozone/tools/target/test-dir/MiniOzoneClusterImpl-024f4a54-ba4e-4a80-aa90-cb3ecc4826ee/datanode-1/data/ratis/6070eb42-f104-4ddb-9e8b-3cc2692d85b0
2019-09-25 07:28:34,538 [pool-37-thread-1] INFO  server.RaftServerConfigKeys (ConfUtils.java:logGet(43)) - raft.server.log.queue.byte-limit = 2147483647 (custom)
2019-09-25 07:28:34,538 [pool-37-thread-1] INFO  server.RaftServerConfigKeys (ConfUtils.java:logGet(43)) - raft.server.log.queue.element-limit = 1024 (custom)
2019-09-25 07:28:34,538 [pool-37-thread-1] INFO  server.RaftServerConfigKeys (ConfUtils.java:logGet(43)) - raft.server.log.segment.size.max = 1048576 (custom)
2019-09-25 07:28:34,538 [pool-37-thread-1] INFO  server.RaftServerConfigKeys (ConfUtils.java:logGet(43)) - raft.server.log.preallocated.size = 16384 (custom)
2019-09-25 07:28:34,538 [pool-37-thread-1] INFO  server.RaftServerConfigKeys (ConfUtils.java:logGet(43)) - raft.server.log.write.buffer.size = 33554432 (custom)
2019-09-25 07:28:34,538 [pool-37-thread-1] INFO  server.RaftServerConfigKeys (ConfUtils.java:logGet(43)) - raft.server.log.force.sync.num = 128 (default)
2019-09-25 07:28:34,538 [pool-37-thread-1] INFO  server.RaftServerConfigKeys (ConfUtils.java:logGet(43)) - raft.server.log.statemachine.data.sync = true (default)
2019-09-25 07:28:34,538 [pool-37-thread-1] INFO  server.RaftServerConfigKeys (ConfUtils.java:logGet(43)) - raft.server.log.statemachine.data.sync.timeout = 10s (default)
2019-09-25 07:28:34,539 [pool-37-thread-1] INFO  server.RaftServerConfigKeys (ConfUtils.java:logGet(43)) - raft.server.log.statemachine.data.sync.timeout.retry = -1 (default)
2019-09-25 07:28:34,539 [pool-37-thread-1] INFO  server.RaftServerConfigKeys (ConfUtils.java:logGet(43)) - raft.server.log.statemachine.data.caching.enabled = true (custom)
2019-09-25 07:28:34,539 [pool-37-thread-1] INFO  segmented.SegmentedRaftLogWorker (SegmentedRaftLogWorker.java:lambda$new$0(132)) - 319eb9b2-446a-4b5b-95c2-98d772c8b042@group-3CC2692D85B0-SegmentedRaftLogWorker: flushIndex: setUnconditionally 0 -> -1
2019-09-25 07:28:34,539 [pool-37-thread-1] INFO  server.RaftServerConfigKeys (ConfUtils.java:logGet(43)) - raft.server.snapshot.auto.trigger.enabled = true (custom)
2019-09-25 07:28:34,540 [pool-37-thread-1] INFO  server.RaftServerConfigKeys (ConfUtils.java:logGet(43)) - raft.server.snapshot.auto.trigger.threshold = 10000 (custom)
2019-09-25 07:28:34,540 [pool-37-thread-1] INFO  server.RaftServerConfigKeys (ConfUtils.java:logGet(43)) - raft.server.snapshot.retention.num.files = 5 (custom)
2019-09-25 07:28:34,540 [pool-37-thread-1] INFO  server.RaftServerConfigKeys (ConfUtils.java:logGet(43)) - raft.server.retrycache.expirytime = 600000ms (custom)
2019-09-25 07:28:34,542 [pool-37-thread-1] INFO  impl.RaftServerImpl (RaftServerImpl.java:start(185)) - 319eb9b2-446a-4b5b-95c2-98d772c8b042@group-3CC2692D85B0: start as a follower, conf=-1: [319eb9b2-446a-4b5b-95c2-98d772c8b042:192.168.30.10:42608], old=null
2019-09-25 07:28:34,542 [pool-37-thread-1] INFO  impl.RaftServerImpl (RaftServerImpl.java:setRole(174)) - 319eb9b2-446a-4b5b-95c2-98d772c8b042@group-3CC2692D85B0: changes role from      null to FOLLOWER at term 0 for startAsFollower
2019-09-25 07:28:34,543 [pool-37-thread-1] INFO  impl.RoleInfo (RoleInfo.java:updateAndGet(143)) - 319eb9b2-446a-4b5b-95c2-98d772c8b042: start FollowerState
2019-09-25 07:28:34,543 [pool-37-thread-1] INFO  util.JmxRegister (JmxRegister.java:tryRegister(44)) - Successfully registered JMX Bean with object name Ratis:service=RaftServer,group=group-3CC2692D85B0,id=319eb9b2-446a-4b5b-95c2-98d772c8b042
2019-09-25 07:28:34,550 [RatisPipelineUtilsThread] INFO  pipeline.PipelineStateManager (PipelineStateManager.java:addPipeline(56)) - Created pipeline Pipeline[ Id: 6070eb42-f104-4ddb-9e8b-3cc2692d85b0, Nodes: 319eb9b2-446a-4b5b-95c2-98d772c8b042{ip: 192.168.30.10, host: pr-hdds-1569-s62bp-3040748787, networkLocation: /default-rack, certSerialId: null}, Type:RATIS, Factor:ONE, State:OPEN]
2019-09-25 07:28:34,551 [RatisPipelineUtilsThread] INFO  pipeline.PipelinePlacementPolicy (PipelinePlacementPolicy.java:meetCriteria(91)) - Pipeline Placement: Doesn't meet the criteria to be viable node： a3425e08-24ce-4736-9f6e-1b8551260ff2 Heaviness: 6 limit: 5
2019-09-25 07:28:34,551 [RatisPipelineUtilsThread] INFO  pipeline.PipelinePlacementPolicy (PipelinePlacementPolicy.java:meetCriteria(91)) - Pipeline Placement: Doesn't meet the criteria to be viable node： 7f677846-6321-4837-a536-8a7cfa3ddebf Heaviness: 6 limit: 5
2019-09-25 07:28:34,561 [grpc-default-executor-0] INFO  impl.RaftServerProxy (RaftServerProxy.java:addNew(89)) - 319eb9b2-446a-4b5b-95c2-98d772c8b042: addNew group-7B6A203BE390:[319eb9b2-446a-4b5b-95c2-98d772c8b042:192.168.30.10:42608] returns group-7B6A203BE390:java.util.concurrent.CompletableFuture@3be250c1[Not completed]
2019-09-25 07:28:34,563 [pool-37-thread-1] INFO  impl.RaftServerImpl (RaftServerImpl.java:<init>(95)) - 319eb9b2-446a-4b5b-95c2-98d772c8b042: new RaftServerImpl for group-7B6A203BE390:[319eb9b2-446a-4b5b-95c2-98d772c8b042:192.168.30.10:42608] with ContainerStateMachine:uninitialized
2019-09-25 07:28:34,563 [pool-37-thread-1] INFO  server.RaftServerConfigKeys (ConfUtils.java:logGet(43)) - raft.server.rpc.timeout.min = 5s (custom)
2019-09-25 07:28:34,563 [pool-37-thread-1] INFO  server.RaftServerConfigKeys (ConfUtils.java:logGet(43)) - raft.server.rpc.timeout.max = 5200ms (custom)
2019-09-25 07:28:34,563 [pool-37-thread-1] INFO  server.RaftServerConfigKeys (ConfUtils.java:logGet(43)) - raft.server.rpcslowness.timeout = 120s (custom)
2019-09-25 07:28:34,563 [pool-37-thread-1] INFO  server.RaftServerConfigKeys (ConfUtils.java:logGet(43)) - raft.server.sleep.deviation.threshold = 300 (default)
2019-09-25 07:28:34,563 [pool-37-thread-1] INFO  server.RaftServerConfigKeys (ConfUtils.java:logGet(43)) - raft.server.log.appender.install.snapshot.enabled = false (custom)
2019-09-25 07:28:34,563 [pool-37-thread-1] INFO  impl.RaftServerImpl (ServerState.java:<init>(103)) - 319eb9b2-446a-4b5b-95c2-98d772c8b042@group-7B6A203BE390: ConfigurationManager, init=-1: [319eb9b2-446a-4b5b-95c2-98d772c8b042:192.168.30.10:42608], old=null, confs=<EMPTY_MAP>
2019-09-25 07:28:34,563 [pool-37-thread-1] INFO  server.RaftServerConfigKeys (ConfUtils.java:logGet(43)) - raft.server.storage.dir = [/workdir/hadoop-ozone/tools/target/test-dir/MiniOzoneClusterImpl-024f4a54-ba4e-4a80-aa90-cb3ecc4826ee/datanode-1/data/ratis] (custom)
2019-09-25 07:28:34,564 [pool-37-thread-1] INFO  storage.RaftStorageDirectory (RaftStorageDirectory.java:analyzeStorage(246)) - The storage directory /workdir/hadoop-ozone/tools/target/test-dir/MiniOzoneClusterImpl-024f4a54-ba4e-4a80-aa90-cb3ecc4826ee/datanode-1/data/ratis/a91cec6c-1229-497c-8fa1-7b6a203be390 does not exist. Creating ...
2019-09-25 07:28:34,591 [pool-37-thread-1] INFO  storage.RaftStorageDirectory (RaftStorageDirectory.java:tryLock(328)) - Lock on /workdir/hadoop-ozone/tools/target/test-dir/MiniOzoneClusterImpl-024f4a54-ba4e-4a80-aa90-cb3ecc4826ee/datanode-1/data/ratis/a91cec6c-1229-497c-8fa1-7b6a203be390/in_use.lock acquired by nodename 7900@pr-hdds-1569-s62bp-3040748787
2019-09-25 07:28:34,605 [Thread-208] INFO  container.ReplicationManager (ReplicationManager.java:start(163)) - Starting Replication Monitor Thread.
2019-09-25 07:28:34,607 [ReplicationMonitor] INFO  container.ReplicationManager (ReplicationManager.java:run(226)) - Replication Monitor Thread took 1 milliseconds for processing 0 containers.
2019-09-25 07:28:34,616 [pool-37-thread-1] INFO  storage.RaftStorage (RaftStorage.java:format(72)) - Storage directory /workdir/hadoop-ozone/tools/target/test-dir/MiniOzoneClusterImpl-024f4a54-ba4e-4a80-aa90-cb3ecc4826ee/datanode-1/data/ratis/a91cec6c-1229-497c-8fa1-7b6a203be390 has been successfully formatted.
2019-09-25 07:28:34,616 [pool-37-thread-1] INFO  ratis.ContainerStateMachine (ContainerStateMachine.java:loadSnapshot(230)) - group-7B6A203BE390: The snapshot info is null. Setting the last applied indexto:(t:0, i:~)
2019-09-25 07:28:34,616 [pool-37-thread-1] INFO  server.RaftServerConfigKeys (ConfUtils.java:logGet(43)) - raft.server.notification.no-leader.timeout = 120s (custom)
2019-09-25 07:28:34,616 [pool-37-thread-1] INFO  server.RaftServerConfigKeys (ConfUtils.java:logGet(43)) - raft.server.log.use.memory = false (default)
2019-09-25 07:28:34,617 [pool-37-thread-1] INFO  server.RaftServerConfigKeys (ConfUtils.java:logGet(43)) - raft.server.log.purge.gap = 1000000 (custom)
2019-09-25 07:28:34,617 [pool-37-thread-1] INFO  server.RaftServerConfigKeys (ConfUtils.java:logGet(43)) - raft.server.log.appender.buffer.byte-limit = 33554432 (custom)
2019-09-25 07:28:34,617 [pool-37-thread-1] INFO  server.RaftServerConfigKeys (ConfUtils.java:logGet(43)) - raft.server.log.segment.size.max = 1048576 (custom)
2019-09-25 07:28:34,617 [pool-37-thread-1] INFO  server.RaftServerConfigKeys (ConfUtils.java:logGet(43)) - raft.server.log.segment.cache.num.max = 2 (custom)
2019-09-25 07:28:34,617 [pool-37-thread-1] INFO  segmented.SegmentedRaftLogWorker (SegmentedRaftLogWorker.java:<init>(172)) - new 319eb9b2-446a-4b5b-95c2-98d772c8b042@group-7B6A203BE390-SegmentedRaftLogWorker for RaftStorage:Storage Directory /workdir/hadoop-ozone/tools/target/test-dir/MiniOzoneClusterImpl-024f4a54-ba4e-4a80-aa90-cb3ecc4826ee/datanode-1/data/ratis/a91cec6c-1229-497c-8fa1-7b6a203be390
2019-09-25 07:28:34,617 [pool-37-thread-1] INFO  server.RaftServerConfigKeys (ConfUtils.java:logGet(43)) - raft.server.log.queue.byte-limit = 2147483647 (custom)
2019-09-25 07:28:34,617 [pool-37-thread-1] INFO  server.RaftServerConfigKeys (ConfUtils.java:logGet(43)) - raft.server.log.queue.element-limit = 1024 (custom)
2019-09-25 07:28:34,617 [pool-37-thread-1] INFO  server.RaftServerConfigKeys (ConfUtils.java:logGet(43)) - raft.server.log.segment.size.max = 1048576 (custom)
2019-09-25 07:28:34,617 [pool-37-thread-1] INFO  server.RaftServerConfigKeys (ConfUtils.java:logGet(43)) - raft.server.log.preallocated.size = 16384 (custom)
2019-09-25 07:28:34,618 [pool-37-thread-1] INFO  server.RaftServerConfigKeys (ConfUtils.java:logGet(43)) - raft.server.log.write.buffer.size = 33554432 (custom)
2019-09-25 07:28:34,618 [pool-37-thread-1] INFO  server.RaftServerConfigKeys (ConfUtils.java:logGet(43)) - raft.server.log.force.sync.num = 128 (default)
2019-09-25 07:28:34,618 [pool-37-thread-1] INFO  server.RaftServerConfigKeys (ConfUtils.java:logGet(43)) - raft.server.log.statemachine.data.sync = true (default)
2019-09-25 07:28:34,618 [pool-37-thread-1] INFO  server.RaftServerConfigKeys (ConfUtils.java:logGet(43)) - raft.server.log.statemachine.data.sync.timeout = 10s (default)
2019-09-25 07:28:34,618 [pool-37-thread-1] INFO  server.RaftServerConfigKeys (ConfUtils.java:logGet(43)) - raft.server.log.statemachine.data.sync.timeout.retry = -1 (default)
2019-09-25 07:28:34,618 [pool-37-thread-1] INFO  server.RaftServerConfigKeys (ConfUtils.java:logGet(43)) - raft.server.log.statemachine.data.caching.enabled = true (custom)
2019-09-25 07:28:34,618 [pool-37-thread-1] INFO  segmented.SegmentedRaftLogWorker (SegmentedRaftLogWorker.java:lambda$new$0(132)) - 319eb9b2-446a-4b5b-95c2-98d772c8b042@group-7B6A203BE390-SegmentedRaftLogWorker: flushIndex: setUnconditionally 0 -> -1
2019-09-25 07:28:34,619 [pool-37-thread-1] INFO  server.RaftServerConfigKeys (ConfUtils.java:logGet(43)) - raft.server.snapshot.auto.trigger.enabled = true (custom)
2019-09-25 07:28:34,619 [pool-37-thread-1] INFO  server.RaftServerConfigKeys (ConfUtils.java:logGet(43)) - raft.server.snapshot.auto.trigger.threshold = 10000 (custom)
2019-09-25 07:28:34,619 [pool-37-thread-1] INFO  server.RaftServerConfigKeys (ConfUtils.java:logGet(43)) - raft.server.snapshot.retention.num.files = 5 (custom)
2019-09-25 07:28:34,619 [pool-37-thread-1] INFO  server.RaftServerConfigKeys (ConfUtils.java:logGet(43)) - raft.server.retrycache.expirytime = 600000ms (custom)
2019-09-25 07:28:34,621 [pool-37-thread-1] INFO  impl.RaftServerImpl (RaftServerImpl.java:start(185)) - 319eb9b2-446a-4b5b-95c2-98d772c8b042@group-7B6A203BE390: start as a follower, conf=-1: [319eb9b2-446a-4b5b-95c2-98d772c8b042:192.168.30.10:42608], old=null
2019-09-25 07:28:34,621 [pool-37-thread-1] INFO  impl.RaftServerImpl (RaftServerImpl.java:setRole(174)) - 319eb9b2-446a-4b5b-95c2-98d772c8b042@group-7B6A203BE390: changes role from      null to FOLLOWER at term 0 for startAsFollower
2019-09-25 07:28:34,621 [pool-37-thread-1] INFO  impl.RoleInfo (RoleInfo.java:updateAndGet(143)) - 319eb9b2-446a-4b5b-95c2-98d772c8b042: start FollowerState
2019-09-25 07:28:34,622 [pool-37-thread-1] INFO  util.JmxRegister (JmxRegister.java:tryRegister(44)) - Successfully registered JMX Bean with object name Ratis:service=RaftServer,group=group-7B6A203BE390,id=319eb9b2-446a-4b5b-95c2-98d772c8b042
2019-09-25 07:28:34,628 [RatisPipelineUtilsThread] INFO  pipeline.PipelineStateManager (PipelineStateManager.java:addPipeline(56)) - Created pipeline Pipeline[ Id: a91cec6c-1229-497c-8fa1-7b6a203be390, Nodes: 319eb9b2-446a-4b5b-95c2-98d772c8b042{ip: 192.168.30.10, host: pr-hdds-1569-s62bp-3040748787, networkLocation: /default-rack, certSerialId: null}, Type:RATIS, Factor:ONE, State:OPEN]
2019-09-25 07:28:34,628 [RatisPipelineUtilsThread] INFO  pipeline.PipelinePlacementPolicy (PipelinePlacementPolicy.java:meetCriteria(91)) - Pipeline Placement: Doesn't meet the criteria to be viable node： 319eb9b2-446a-4b5b-95c2-98d772c8b042 Heaviness: 6 limit: 5
2019-09-25 07:28:34,628 [RatisPipelineUtilsThread] INFO  pipeline.PipelinePlacementPolicy (PipelinePlacementPolicy.java:meetCriteria(91)) - Pipeline Placement: Doesn't meet the criteria to be viable node： a3425e08-24ce-4736-9f6e-1b8551260ff2 Heaviness: 6 limit: 5
2019-09-25 07:28:34,629 [RatisPipelineUtilsThread] INFO  pipeline.PipelinePlacementPolicy (PipelinePlacementPolicy.java:meetCriteria(91)) - Pipeline Placement: Doesn't meet the criteria to be viable node： 7f677846-6321-4837-a536-8a7cfa3ddebf Heaviness: 6 limit: 5
2019-09-25 07:28:34,642 [grpc-default-executor-0] INFO  impl.RaftServerProxy (RaftServerProxy.java:addNew(89)) - e9a92b31-f57e-42f9-b032-4050b3cc8be5: addNew group-3EE92948D9EB:[e9a92b31-f57e-42f9-b032-4050b3cc8be5:192.168.30.10:37831] returns group-3EE92948D9EB:java.util.concurrent.CompletableFuture@4588182d[Not completed]
2019-09-25 07:28:34,643 [pool-57-thread-1] INFO  impl.RaftServerImpl (RaftServerImpl.java:<init>(95)) - e9a92b31-f57e-42f9-b032-4050b3cc8be5: new RaftServerImpl for group-3EE92948D9EB:[e9a92b31-f57e-42f9-b032-4050b3cc8be5:192.168.30.10:37831] with ContainerStateMachine:uninitialized
2019-09-25 07:28:34,644 [pool-57-thread-1] INFO  server.RaftServerConfigKeys (ConfUtils.java:logGet(43)) - raft.server.rpc.timeout.min = 5s (custom)
2019-09-25 07:28:34,644 [pool-57-thread-1] INFO  server.RaftServerConfigKeys (ConfUtils.java:logGet(43)) - raft.server.rpc.timeout.max = 5200ms (custom)
2019-09-25 07:28:34,644 [pool-57-thread-1] INFO  server.RaftServerConfigKeys (ConfUtils.java:logGet(43)) - raft.server.rpcslowness.timeout = 120s (custom)
2019-09-25 07:28:34,644 [pool-57-thread-1] INFO  server.RaftServerConfigKeys (ConfUtils.java:logGet(43)) - raft.server.sleep.deviation.threshold = 300 (default)
2019-09-25 07:28:34,644 [pool-57-thread-1] INFO  server.RaftServerConfigKeys (ConfUtils.java:logGet(43)) - raft.server.log.appender.install.snapshot.enabled = false (custom)
2019-09-25 07:28:34,644 [pool-57-thread-1] INFO  impl.RaftServerImpl (ServerState.java:<init>(103)) - e9a92b31-f57e-42f9-b032-4050b3cc8be5@group-3EE92948D9EB: ConfigurationManager, init=-1: [e9a92b31-f57e-42f9-b032-4050b3cc8be5:192.168.30.10:37831], old=null, confs=<EMPTY_MAP>
2019-09-25 07:28:34,645 [pool-57-thread-1] INFO  server.RaftServerConfigKeys (ConfUtils.java:logGet(43)) - raft.server.storage.dir = [/workdir/hadoop-ozone/tools/target/test-dir/MiniOzoneClusterImpl-024f4a54-ba4e-4a80-aa90-cb3ecc4826ee/datanode-3/data/ratis] (custom)
2019-09-25 07:28:34,645 [pool-57-thread-1] INFO  storage.RaftStorageDirectory (RaftStorageDirectory.java:analyzeStorage(246)) - The storage directory /workdir/hadoop-ozone/tools/target/test-dir/MiniOzoneClusterImpl-024f4a54-ba4e-4a80-aa90-cb3ecc4826ee/datanode-3/data/ratis/12cbb4e1-9817-4e2d-802b-3ee92948d9eb does not exist. Creating ...
2019-09-25 07:28:34,658 [pool-57-thread-1] INFO  storage.RaftStorageDirectory (RaftStorageDirectory.java:tryLock(328)) - Lock on /workdir/hadoop-ozone/tools/target/test-dir/MiniOzoneClusterImpl-024f4a54-ba4e-4a80-aa90-cb3ecc4826ee/datanode-3/data/ratis/12cbb4e1-9817-4e2d-802b-3ee92948d9eb/in_use.lock acquired by nodename 7900@pr-hdds-1569-s62bp-3040748787
2019-09-25 07:28:34,671 [pool-57-thread-1] INFO  storage.RaftStorage (RaftStorage.java:format(72)) - Storage directory /workdir/hadoop-ozone/tools/target/test-dir/MiniOzoneClusterImpl-024f4a54-ba4e-4a80-aa90-cb3ecc4826ee/datanode-3/data/ratis/12cbb4e1-9817-4e2d-802b-3ee92948d9eb has been successfully formatted.
2019-09-25 07:28:34,671 [pool-57-thread-1] INFO  ratis.ContainerStateMachine (ContainerStateMachine.java:loadSnapshot(230)) - group-3EE92948D9EB: The snapshot info is null. Setting the last applied indexto:(t:0, i:~)
2019-09-25 07:28:34,672 [pool-57-thread-1] INFO  server.RaftServerConfigKeys (ConfUtils.java:logGet(43)) - raft.server.notification.no-leader.timeout = 120s (custom)
2019-09-25 07:28:34,672 [pool-57-thread-1] INFO  server.RaftServerConfigKeys (ConfUtils.java:logGet(43)) - raft.server.log.use.memory = false (default)
2019-09-25 07:28:34,672 [pool-57-thread-1] INFO  server.RaftServerConfigKeys (ConfUtils.java:logGet(43)) - raft.server.log.purge.gap = 1000000 (custom)
2019-09-25 07:28:34,672 [pool-57-thread-1] INFO  server.RaftServerConfigKeys (ConfUtils.java:logGet(43)) - raft.server.log.appender.buffer.byte-limit = 33554432 (custom)
2019-09-25 07:28:34,672 [pool-57-thread-1] INFO  server.RaftServerConfigKeys (ConfUtils.java:logGet(43)) - raft.server.log.segment.size.max = 1048576 (custom)
2019-09-25 07:28:34,673 [pool-57-thread-1] INFO  server.RaftServerConfigKeys (ConfUtils.java:logGet(43)) - raft.server.log.segment.cache.num.max = 2 (custom)
2019-09-25 07:28:34,673 [pool-57-thread-1] INFO  segmented.SegmentedRaftLogWorker (SegmentedRaftLogWorker.java:<init>(172)) - new e9a92b31-f57e-42f9-b032-4050b3cc8be5@group-3EE92948D9EB-SegmentedRaftLogWorker for RaftStorage:Storage Directory /workdir/hadoop-ozone/tools/target/test-dir/MiniOzoneClusterImpl-024f4a54-ba4e-4a80-aa90-cb3ecc4826ee/datanode-3/data/ratis/12cbb4e1-9817-4e2d-802b-3ee92948d9eb
2019-09-25 07:28:34,673 [pool-57-thread-1] INFO  server.RaftServerConfigKeys (ConfUtils.java:logGet(43)) - raft.server.log.queue.byte-limit = 2147483647 (custom)
2019-09-25 07:28:34,673 [pool-57-thread-1] INFO  server.RaftServerConfigKeys (ConfUtils.java:logGet(43)) - raft.server.log.queue.element-limit = 1024 (custom)
2019-09-25 07:28:34,673 [pool-57-thread-1] INFO  server.RaftServerConfigKeys (ConfUtils.java:logGet(43)) - raft.server.log.segment.size.max = 1048576 (custom)
2019-09-25 07:28:34,673 [pool-57-thread-1] INFO  server.RaftServerConfigKeys (ConfUtils.java:logGet(43)) - raft.server.log.preallocated.size = 16384 (custom)
2019-09-25 07:28:34,674 [pool-57-thread-1] INFO  server.RaftServerConfigKeys (ConfUtils.java:logGet(43)) - raft.server.log.write.buffer.size = 33554432 (custom)
2019-09-25 07:28:34,674 [pool-57-thread-1] INFO  server.RaftServerConfigKeys (ConfUtils.java:logGet(43)) - raft.server.log.force.sync.num = 128 (default)
2019-09-25 07:28:34,674 [pool-57-thread-1] INFO  server.RaftServerConfigKeys (ConfUtils.java:logGet(43)) - raft.server.log.statemachine.data.sync = true (default)
2019-09-25 07:28:34,674 [pool-57-thread-1] INFO  server.RaftServerConfigKeys (ConfUtils.java:logGet(43)) - raft.server.log.statemachine.data.sync.timeout = 10s (default)
2019-09-25 07:28:34,674 [pool-57-thread-1] INFO  server.RaftServerConfigKeys (ConfUtils.java:logGet(43)) - raft.server.log.statemachine.data.sync.timeout.retry = -1 (default)
2019-09-25 07:28:34,674 [pool-57-thread-1] INFO  server.RaftServerConfigKeys (ConfUtils.java:logGet(43)) - raft.server.log.statemachine.data.caching.enabled = true (custom)
2019-09-25 07:28:34,675 [pool-57-thread-1] INFO  segmented.SegmentedRaftLogWorker (SegmentedRaftLogWorker.java:lambda$new$0(132)) - e9a92b31-f57e-42f9-b032-4050b3cc8be5@group-3EE92948D9EB-SegmentedRaftLogWorker: flushIndex: setUnconditionally 0 -> -1
2019-09-25 07:28:34,675 [pool-57-thread-1] INFO  server.RaftServerConfigKeys (ConfUtils.java:logGet(43)) - raft.server.snapshot.auto.trigger.enabled = true (custom)
2019-09-25 07:28:34,675 [pool-57-thread-1] INFO  server.RaftServerConfigKeys (ConfUtils.java:logGet(43)) - raft.server.snapshot.auto.trigger.threshold = 10000 (custom)
2019-09-25 07:28:34,676 [pool-57-thread-1] INFO  server.RaftServerConfigKeys (ConfUtils.java:logGet(43)) - raft.server.snapshot.retention.num.files = 5 (custom)
2019-09-25 07:28:34,676 [pool-57-thread-1] INFO  server.RaftServerConfigKeys (ConfUtils.java:logGet(43)) - raft.server.retrycache.expirytime = 600000ms (custom)
2019-09-25 07:28:34,679 [pool-57-thread-1] INFO  impl.RaftServerImpl (RaftServerImpl.java:start(185)) - e9a92b31-f57e-42f9-b032-4050b3cc8be5@group-3EE92948D9EB: start as a follower, conf=-1: [e9a92b31-f57e-42f9-b032-4050b3cc8be5:192.168.30.10:37831], old=null
2019-09-25 07:28:34,679 [pool-57-thread-1] INFO  impl.RaftServerImpl (RaftServerImpl.java:setRole(174)) - e9a92b31-f57e-42f9-b032-4050b3cc8be5@group-3EE92948D9EB: changes role from      null to FOLLOWER at term 0 for startAsFollower
2019-09-25 07:28:34,679 [pool-57-thread-1] INFO  impl.RoleInfo (RoleInfo.java:updateAndGet(143)) - e9a92b31-f57e-42f9-b032-4050b3cc8be5: start FollowerState
2019-09-25 07:28:34,680 [pool-57-thread-1] INFO  util.JmxRegister (JmxRegister.java:tryRegister(44)) - Successfully registered JMX Bean with object name Ratis:service=RaftServer,group=group-3EE92948D9EB,id=e9a92b31-f57e-42f9-b032-4050b3cc8be5
2019-09-25 07:28:34,686 [RatisPipelineUtilsThread] INFO  pipeline.PipelineStateManager (PipelineStateManager.java:addPipeline(56)) - Created pipeline Pipeline[ Id: 12cbb4e1-9817-4e2d-802b-3ee92948d9eb, Nodes: e9a92b31-f57e-42f9-b032-4050b3cc8be5{ip: 192.168.30.10, host: pr-hdds-1569-s62bp-3040748787, networkLocation: /default-rack, certSerialId: null}, Type:RATIS, Factor:ONE, State:OPEN]
2019-09-25 07:28:34,686 [RatisPipelineUtilsThread] INFO  pipeline.PipelinePlacementPolicy (PipelinePlacementPolicy.java:meetCriteria(91)) - Pipeline Placement: Doesn't meet the criteria to be viable node： 319eb9b2-446a-4b5b-95c2-98d772c8b042 Heaviness: 6 limit: 5
2019-09-25 07:28:34,687 [RatisPipelineUtilsThread] INFO  pipeline.PipelinePlacementPolicy (PipelinePlacementPolicy.java:meetCriteria(91)) - Pipeline Placement: Doesn't meet the criteria to be viable node： a3425e08-24ce-4736-9f6e-1b8551260ff2 Heaviness: 6 limit: 5
2019-09-25 07:28:34,687 [RatisPipelineUtilsThread] INFO  pipeline.PipelinePlacementPolicy (PipelinePlacementPolicy.java:meetCriteria(91)) - Pipeline Placement: Doesn't meet the criteria to be viable node： 7f677846-6321-4837-a536-8a7cfa3ddebf Heaviness: 6 limit: 5
2019-09-25 07:28:34,697 [grpc-default-executor-0] INFO  impl.RaftServerProxy (RaftServerProxy.java:addNew(89)) - e9a92b31-f57e-42f9-b032-4050b3cc8be5: addNew group-6CDDFC221407:[e9a92b31-f57e-42f9-b032-4050b3cc8be5:192.168.30.10:37831] returns group-6CDDFC221407:java.util.concurrent.CompletableFuture@1dd4526b[Not completed]
2019-09-25 07:28:34,698 [pool-57-thread-1] INFO  impl.RaftServerImpl (RaftServerImpl.java:<init>(95)) - e9a92b31-f57e-42f9-b032-4050b3cc8be5: new RaftServerImpl for group-6CDDFC221407:[e9a92b31-f57e-42f9-b032-4050b3cc8be5:192.168.30.10:37831] with ContainerStateMachine:uninitialized
2019-09-25 07:28:34,699 [pool-57-thread-1] INFO  server.RaftServerConfigKeys (ConfUtils.java:logGet(43)) - raft.server.rpc.timeout.min = 5s (custom)
2019-09-25 07:28:34,699 [pool-57-thread-1] INFO  server.RaftServerConfigKeys (ConfUtils.java:logGet(43)) - raft.server.rpc.timeout.max = 5200ms (custom)
2019-09-25 07:28:34,699 [pool-57-thread-1] INFO  server.RaftServerConfigKeys (ConfUtils.java:logGet(43)) - raft.server.rpcslowness.timeout = 120s (custom)
2019-09-25 07:28:34,699 [pool-57-thread-1] INFO  server.RaftServerConfigKeys (ConfUtils.java:logGet(43)) - raft.server.sleep.deviation.threshold = 300 (default)
2019-09-25 07:28:34,699 [pool-57-thread-1] INFO  server.RaftServerConfigKeys (ConfUtils.java:logGet(43)) - raft.server.log.appender.install.snapshot.enabled = false (custom)
2019-09-25 07:28:34,699 [pool-57-thread-1] INFO  impl.RaftServerImpl (ServerState.java:<init>(103)) - e9a92b31-f57e-42f9-b032-4050b3cc8be5@group-6CDDFC221407: ConfigurationManager, init=-1: [e9a92b31-f57e-42f9-b032-4050b3cc8be5:192.168.30.10:37831], old=null, confs=<EMPTY_MAP>
2019-09-25 07:28:34,699 [pool-57-thread-1] INFO  server.RaftServerConfigKeys (ConfUtils.java:logGet(43)) - raft.server.storage.dir = [/workdir/hadoop-ozone/tools/target/test-dir/MiniOzoneClusterImpl-024f4a54-ba4e-4a80-aa90-cb3ecc4826ee/datanode-3/data/ratis] (custom)
2019-09-25 07:28:34,700 [pool-57-thread-1] INFO  storage.RaftStorageDirectory (RaftStorageDirectory.java:analyzeStorage(246)) - The storage directory /workdir/hadoop-ozone/tools/target/test-dir/MiniOzoneClusterImpl-024f4a54-ba4e-4a80-aa90-cb3ecc4826ee/datanode-3/data/ratis/5deb6022-0e5d-47e3-8567-6cddfc221407 does not exist. Creating ...
 0.00% |█                                                                                                    |  0/1 Time: 0:00:012019-09-25 07:28:34,714 [pool-57-thread-1] INFO  storage.RaftStorageDirectory (RaftStorageDirectory.java:tryLock(328)) - Lock on /workdir/hadoop-ozone/tools/target/test-dir/MiniOzoneClusterImpl-024f4a54-ba4e-4a80-aa90-cb3ecc4826ee/datanode-3/data/ratis/5deb6022-0e5d-47e3-8567-6cddfc221407/in_use.lock acquired by nodename 7900@pr-hdds-1569-s62bp-3040748787
2019-09-25 07:28:34,731 [pool-57-thread-1] INFO  storage.RaftStorage (RaftStorage.java:format(72)) - Storage directory /workdir/hadoop-ozone/tools/target/test-dir/MiniOzoneClusterImpl-024f4a54-ba4e-4a80-aa90-cb3ecc4826ee/datanode-3/data/ratis/5deb6022-0e5d-47e3-8567-6cddfc221407 has been successfully formatted.
2019-09-25 07:28:34,731 [pool-57-thread-1] INFO  ratis.ContainerStateMachine (ContainerStateMachine.java:loadSnapshot(230)) - group-6CDDFC221407: The snapshot info is null. Setting the last applied indexto:(t:0, i:~)
2019-09-25 07:28:34,731 [pool-57-thread-1] INFO  server.RaftServerConfigKeys (ConfUtils.java:logGet(43)) - raft.server.notification.no-leader.timeout = 120s (custom)
2019-09-25 07:28:34,731 [pool-57-thread-1] INFO  server.RaftServerConfigKeys (ConfUtils.java:logGet(43)) - raft.server.log.use.memory = false (default)
2019-09-25 07:28:34,732 [pool-57-thread-1] INFO  server.RaftServerConfigKeys (ConfUtils.java:logGet(43)) - raft.server.log.purge.gap = 1000000 (custom)
2019-09-25 07:28:34,732 [pool-57-thread-1] INFO  server.RaftServerConfigKeys (ConfUtils.java:logGet(43)) - raft.server.log.appender.buffer.byte-limit = 33554432 (custom)
2019-09-25 07:28:34,732 [pool-57-thread-1] INFO  server.RaftServerConfigKeys (ConfUtils.java:logGet(43)) - raft.server.log.segment.size.max = 1048576 (custom)
2019-09-25 07:28:34,732 [pool-57-thread-1] INFO  server.RaftServerConfigKeys (ConfUtils.java:logGet(43)) - raft.server.log.segment.cache.num.max = 2 (custom)
2019-09-25 07:28:34,732 [pool-57-thread-1] INFO  segmented.SegmentedRaftLogWorker (SegmentedRaftLogWorker.java:<init>(172)) - new e9a92b31-f57e-42f9-b032-4050b3cc8be5@group-6CDDFC221407-SegmentedRaftLogWorker for RaftStorage:Storage Directory /workdir/hadoop-ozone/tools/target/test-dir/MiniOzoneClusterImpl-024f4a54-ba4e-4a80-aa90-cb3ecc4826ee/datanode-3/data/ratis/5deb6022-0e5d-47e3-8567-6cddfc221407
2019-09-25 07:28:34,732 [pool-57-thread-1] INFO  server.RaftServerConfigKeys (ConfUtils.java:logGet(43)) - raft.server.log.queue.byte-limit = 2147483647 (custom)
2019-09-25 07:28:34,733 [pool-57-thread-1] INFO  server.RaftServerConfigKeys (ConfUtils.java:logGet(43)) - raft.server.log.queue.element-limit = 1024 (custom)
2019-09-25 07:28:34,733 [pool-57-thread-1] INFO  server.RaftServerConfigKeys (ConfUtils.java:logGet(43)) - raft.server.log.segment.size.max = 1048576 (custom)
2019-09-25 07:28:34,733 [pool-57-thread-1] INFO  server.RaftServerConfigKeys (ConfUtils.java:logGet(43)) - raft.server.log.preallocated.size = 16384 (custom)
2019-09-25 07:28:34,733 [pool-57-thread-1] INFO  server.RaftServerConfigKeys (ConfUtils.java:logGet(43)) - raft.server.log.write.buffer.size = 33554432 (custom)
2019-09-25 07:28:34,733 [pool-57-thread-1] INFO  server.RaftServerConfigKeys (ConfUtils.java:logGet(43)) - raft.server.log.force.sync.num = 128 (default)
2019-09-25 07:28:34,733 [pool-57-thread-1] INFO  server.RaftServerConfigKeys (ConfUtils.java:logGet(43)) - raft.server.log.statemachine.data.sync = true (default)
2019-09-25 07:28:34,733 [pool-57-thread-1] INFO  server.RaftServerConfigKeys (ConfUtils.java:logGet(43)) - raft.server.log.statemachine.data.sync.timeout = 10s (default)
2019-09-25 07:28:34,734 [pool-57-thread-1] INFO  server.RaftServerConfigKeys (ConfUtils.java:logGet(43)) - raft.server.log.statemachine.data.sync.timeout.retry = -1 (default)
2019-09-25 07:28:34,734 [pool-57-thread-1] INFO  server.RaftServerConfigKeys (ConfUtils.java:logGet(43)) - raft.server.log.statemachine.data.caching.enabled = true (custom)
2019-09-25 07:28:34,734 [pool-57-thread-1] INFO  segmented.SegmentedRaftLogWorker (SegmentedRaftLogWorker.java:lambda$new$0(132)) - e9a92b31-f57e-42f9-b032-4050b3cc8be5@group-6CDDFC221407-SegmentedRaftLogWorker: flushIndex: setUnconditionally 0 -> -1
2019-09-25 07:28:34,735 [pool-57-thread-1] INFO  server.RaftServerConfigKeys (ConfUtils.java:logGet(43)) - raft.server.snapshot.auto.trigger.enabled = true (custom)
2019-09-25 07:28:34,735 [pool-57-thread-1] INFO  server.RaftServerConfigKeys (ConfUtils.java:logGet(43)) - raft.server.snapshot.auto.trigger.threshold = 10000 (custom)
2019-09-25 07:28:34,735 [pool-57-thread-1] INFO  server.RaftServerConfigKeys (ConfUtils.java:logGet(43)) - raft.server.snapshot.retention.num.files = 5 (custom)
2019-09-25 07:28:34,735 [pool-57-thread-1] INFO  server.RaftServerConfigKeys (ConfUtils.java:logGet(43)) - raft.server.retrycache.expirytime = 600000ms (custom)
2019-09-25 07:28:34,737 [pool-57-thread-1] INFO  impl.RaftServerImpl (RaftServerImpl.java:start(185)) - e9a92b31-f57e-42f9-b032-4050b3cc8be5@group-6CDDFC221407: start as a follower, conf=-1: [e9a92b31-f57e-42f9-b032-4050b3cc8be5:192.168.30.10:37831], old=null
2019-09-25 07:28:34,738 [pool-57-thread-1] INFO  impl.RaftServerImpl (RaftServerImpl.java:setRole(174)) - e9a92b31-f57e-42f9-b032-4050b3cc8be5@group-6CDDFC221407: changes role from      null to FOLLOWER at term 0 for startAsFollower
2019-09-25 07:28:34,738 [pool-57-thread-1] INFO  impl.RoleInfo (RoleInfo.java:updateAndGet(143)) - e9a92b31-f57e-42f9-b032-4050b3cc8be5: start FollowerState
2019-09-25 07:28:34,738 [pool-57-thread-1] INFO  util.JmxRegister (JmxRegister.java:tryRegister(44)) - Successfully registered JMX Bean with object name Ratis:service=RaftServer,group=group-6CDDFC221407,id=e9a92b31-f57e-42f9-b032-4050b3cc8be5
2019-09-25 07:28:34,743 [RatisPipelineUtilsThread] INFO  pipeline.PipelineStateManager (PipelineStateManager.java:addPipeline(56)) - Created pipeline Pipeline[ Id: 5deb6022-0e5d-47e3-8567-6cddfc221407, Nodes: e9a92b31-f57e-42f9-b032-4050b3cc8be5{ip: 192.168.30.10, host: pr-hdds-1569-s62bp-3040748787, networkLocation: /default-rack, certSerialId: null}, Type:RATIS, Factor:ONE, State:OPEN]
2019-09-25 07:28:34,744 [RatisPipelineUtilsThread] INFO  pipeline.PipelinePlacementPolicy (PipelinePlacementPolicy.java:meetCriteria(91)) - Pipeline Placement: Doesn't meet the criteria to be viable node： 319eb9b2-446a-4b5b-95c2-98d772c8b042 Heaviness: 6 limit: 5
2019-09-25 07:28:34,744 [RatisPipelineUtilsThread] INFO  pipeline.PipelinePlacementPolicy (PipelinePlacementPolicy.java:meetCriteria(91)) - Pipeline Placement: Doesn't meet the criteria to be viable node： e9a92b31-f57e-42f9-b032-4050b3cc8be5 Heaviness: 6 limit: 5
2019-09-25 07:28:34,744 [RatisPipelineUtilsThread] INFO  pipeline.PipelinePlacementPolicy (PipelinePlacementPolicy.java:meetCriteria(91)) - Pipeline Placement: Doesn't meet the criteria to be viable node： a3425e08-24ce-4736-9f6e-1b8551260ff2 Heaviness: 6 limit: 5
2019-09-25 07:28:34,744 [RatisPipelineUtilsThread] INFO  pipeline.PipelinePlacementPolicy (PipelinePlacementPolicy.java:meetCriteria(91)) - Pipeline Placement: Doesn't meet the criteria to be viable node： 7f677846-6321-4837-a536-8a7cfa3ddebf Heaviness: 6 limit: 5
2019-09-25 07:28:34,754 [grpc-default-executor-0] INFO  impl.RaftServerProxy (RaftServerProxy.java:addNew(89)) - cdf8b493-8d99-4b97-bf55-1e19bf837156: addNew group-093E7115BF0F:[cdf8b493-8d99-4b97-bf55-1e19bf837156:192.168.30.10:41087] returns group-093E7115BF0F:java.util.concurrent.CompletableFuture@2566cbc[Not completed]
2019-09-25 07:28:34,756 [pool-67-thread-1] INFO  impl.RaftServerImpl (RaftServerImpl.java:<init>(95)) - cdf8b493-8d99-4b97-bf55-1e19bf837156: new RaftServerImpl for group-093E7115BF0F:[cdf8b493-8d99-4b97-bf55-1e19bf837156:192.168.30.10:41087] with ContainerStateMachine:uninitialized
2019-09-25 07:28:34,756 [pool-67-thread-1] INFO  server.RaftServerConfigKeys (ConfUtils.java:logGet(43)) - raft.server.rpc.timeout.min = 5s (custom)
2019-09-25 07:28:34,756 [pool-67-thread-1] INFO  server.RaftServerConfigKeys (ConfUtils.java:logGet(43)) - raft.server.rpc.timeout.max = 5200ms (custom)
2019-09-25 07:28:34,756 [pool-67-thread-1] INFO  server.RaftServerConfigKeys (ConfUtils.java:logGet(43)) - raft.server.rpcslowness.timeout = 120s (custom)
2019-09-25 07:28:34,756 [pool-67-thread-1] INFO  server.RaftServerConfigKeys (ConfUtils.java:logGet(43)) - raft.server.sleep.deviation.threshold = 300 (default)
2019-09-25 07:28:34,757 [pool-67-thread-1] INFO  server.RaftServerConfigKeys (ConfUtils.java:logGet(43)) - raft.server.log.appender.install.snapshot.enabled = false (custom)
2019-09-25 07:28:34,757 [pool-67-thread-1] INFO  impl.RaftServerImpl (ServerState.java:<init>(103)) - cdf8b493-8d99-4b97-bf55-1e19bf837156@group-093E7115BF0F: ConfigurationManager, init=-1: [cdf8b493-8d99-4b97-bf55-1e19bf837156:192.168.30.10:41087], old=null, confs=<EMPTY_MAP>
2019-09-25 07:28:34,757 [pool-67-thread-1] INFO  server.RaftServerConfigKeys (ConfUtils.java:logGet(43)) - raft.server.storage.dir = [/workdir/hadoop-ozone/tools/target/test-dir/MiniOzoneClusterImpl-024f4a54-ba4e-4a80-aa90-cb3ecc4826ee/datanode-4/data/ratis] (custom)
2019-09-25 07:28:34,757 [pool-67-thread-1] INFO  storage.RaftStorageDirectory (RaftStorageDirectory.java:analyzeStorage(246)) - The storage directory /workdir/hadoop-ozone/tools/target/test-dir/MiniOzoneClusterImpl-024f4a54-ba4e-4a80-aa90-cb3ecc4826ee/datanode-4/data/ratis/33eeae62-579e-4f8b-8476-093e7115bf0f does not exist. Creating ...
2019-09-25 07:28:34,779 [pool-67-thread-1] INFO  storage.RaftStorageDirectory (RaftStorageDirectory.java:tryLock(328)) - Lock on /workdir/hadoop-ozone/tools/target/test-dir/MiniOzoneClusterImpl-024f4a54-ba4e-4a80-aa90-cb3ecc4826ee/datanode-4/data/ratis/33eeae62-579e-4f8b-8476-093e7115bf0f/in_use.lock acquired by nodename 7900@pr-hdds-1569-s62bp-3040748787
2019-09-25 07:28:34,794 [pool-67-thread-1] INFO  storage.RaftStorage (RaftStorage.java:format(72)) - Storage directory /workdir/hadoop-ozone/tools/target/test-dir/MiniOzoneClusterImpl-024f4a54-ba4e-4a80-aa90-cb3ecc4826ee/datanode-4/data/ratis/33eeae62-579e-4f8b-8476-093e7115bf0f has been successfully formatted.
2019-09-25 07:28:34,794 [pool-67-thread-1] INFO  ratis.ContainerStateMachine (ContainerStateMachine.java:loadSnapshot(230)) - group-093E7115BF0F: The snapshot info is null. Setting the last applied indexto:(t:0, i:~)
2019-09-25 07:28:34,795 [pool-67-thread-1] INFO  server.RaftServerConfigKeys (ConfUtils.java:logGet(43)) - raft.server.notification.no-leader.timeout = 120s (custom)
2019-09-25 07:28:34,795 [pool-67-thread-1] INFO  server.RaftServerConfigKeys (ConfUtils.java:logGet(43)) - raft.server.log.use.memory = false (default)
2019-09-25 07:28:34,795 [pool-67-thread-1] INFO  server.RaftServerConfigKeys (ConfUtils.java:logGet(43)) - raft.server.log.purge.gap = 1000000 (custom)
2019-09-25 07:28:34,795 [pool-67-thread-1] INFO  server.RaftServerConfigKeys (ConfUtils.java:logGet(43)) - raft.server.log.appender.buffer.byte-limit = 33554432 (custom)
2019-09-25 07:28:34,795 [pool-67-thread-1] INFO  server.RaftServerConfigKeys (ConfUtils.java:logGet(43)) - raft.server.log.segment.size.max = 1048576 (custom)
2019-09-25 07:28:34,795 [pool-67-thread-1] INFO  server.RaftServerConfigKeys (ConfUtils.java:logGet(43)) - raft.server.log.segment.cache.num.max = 2 (custom)
2019-09-25 07:28:34,796 [pool-67-thread-1] INFO  segmented.SegmentedRaftLogWorker (SegmentedRaftLogWorker.java:<init>(172)) - new cdf8b493-8d99-4b97-bf55-1e19bf837156@group-093E7115BF0F-SegmentedRaftLogWorker for RaftStorage:Storage Directory /workdir/hadoop-ozone/tools/target/test-dir/MiniOzoneClusterImpl-024f4a54-ba4e-4a80-aa90-cb3ecc4826ee/datanode-4/data/ratis/33eeae62-579e-4f8b-8476-093e7115bf0f
2019-09-25 07:28:34,796 [pool-67-thread-1] INFO  server.RaftServerConfigKeys (ConfUtils.java:logGet(43)) - raft.server.log.queue.byte-limit = 2147483647 (custom)
2019-09-25 07:28:34,796 [pool-67-thread-1] INFO  server.RaftServerConfigKeys (ConfUtils.java:logGet(43)) - raft.server.log.queue.element-limit = 1024 (custom)
2019-09-25 07:28:34,796 [pool-67-thread-1] INFO  server.RaftServerConfigKeys (ConfUtils.java:logGet(43)) - raft.server.log.segment.size.max = 1048576 (custom)
2019-09-25 07:28:34,796 [pool-67-thread-1] INFO  server.RaftServerConfigKeys (ConfUtils.java:logGet(43)) - raft.server.log.preallocated.size = 16384 (custom)
2019-09-25 07:28:34,796 [pool-67-thread-1] INFO  server.RaftServerConfigKeys (ConfUtils.java:logGet(43)) - raft.server.log.write.buffer.size = 33554432 (custom)
2019-09-25 07:28:34,797 [pool-67-thread-1] INFO  server.RaftServerConfigKeys (ConfUtils.java:logGet(43)) - raft.server.log.force.sync.num = 128 (default)
2019-09-25 07:28:34,797 [pool-67-thread-1] INFO  server.RaftServerConfigKeys (ConfUtils.java:logGet(43)) - raft.server.log.statemachine.data.sync = true (default)
2019-09-25 07:28:34,797 [pool-67-thread-1] INFO  server.RaftServerConfigKeys (ConfUtils.java:logGet(43)) - raft.server.log.statemachine.data.sync.timeout = 10s (default)
2019-09-25 07:28:34,797 [pool-67-thread-1] INFO  server.RaftServerConfigKeys (ConfUtils.java:logGet(43)) - raft.server.log.statemachine.data.sync.timeout.retry = -1 (default)
2019-09-25 07:28:34,797 [pool-67-thread-1] INFO  server.RaftServerConfigKeys (ConfUtils.java:logGet(43)) - raft.server.log.statemachine.data.caching.enabled = true (custom)
2019-09-25 07:28:34,798 [pool-67-thread-1] INFO  segmented.SegmentedRaftLogWorker (SegmentedRaftLogWorker.java:lambda$new$0(132)) - cdf8b493-8d99-4b97-bf55-1e19bf837156@group-093E7115BF0F-SegmentedRaftLogWorker: flushIndex: setUnconditionally 0 -> -1
2019-09-25 07:28:34,798 [pool-67-thread-1] INFO  server.RaftServerConfigKeys (ConfUtils.java:logGet(43)) - raft.server.snapshot.auto.trigger.enabled = true (custom)
2019-09-25 07:28:34,798 [pool-67-thread-1] INFO  server.RaftServerConfigKeys (ConfUtils.java:logGet(43)) - raft.server.snapshot.auto.trigger.threshold = 10000 (custom)
2019-09-25 07:28:34,798 [pool-67-thread-1] INFO  server.RaftServerConfigKeys (ConfUtils.java:logGet(43)) - raft.server.snapshot.retention.num.files = 5 (custom)
2019-09-25 07:28:34,799 [pool-67-thread-1] INFO  server.RaftServerConfigKeys (ConfUtils.java:logGet(43)) - raft.server.retrycache.expirytime = 600000ms (custom)
2019-09-25 07:28:34,802 [pool-67-thread-1] INFO  impl.RaftServerImpl (RaftServerImpl.java:start(185)) - cdf8b493-8d99-4b97-bf55-1e19bf837156@group-093E7115BF0F: start as a follower, conf=-1: [cdf8b493-8d99-4b97-bf55-1e19bf837156:192.168.30.10:41087], old=null
2019-09-25 07:28:34,802 [pool-67-thread-1] INFO  impl.RaftServerImpl (RaftServerImpl.java:setRole(174)) - cdf8b493-8d99-4b97-bf55-1e19bf837156@group-093E7115BF0F: changes role from      null to FOLLOWER at term 0 for startAsFollower
2019-09-25 07:28:34,802 [pool-67-thread-1] INFO  impl.RoleInfo (RoleInfo.java:updateAndGet(143)) - cdf8b493-8d99-4b97-bf55-1e19bf837156: start FollowerState
2019-09-25 07:28:34,802 [pool-67-thread-1] INFO  util.JmxRegister (JmxRegister.java:tryRegister(44)) - Successfully registered JMX Bean with object name Ratis:service=RaftServer,group=group-093E7115BF0F,id=cdf8b493-8d99-4b97-bf55-1e19bf837156
2019-09-25 07:28:34,809 [RatisPipelineUtilsThread] INFO  pipeline.PipelineStateManager (PipelineStateManager.java:addPipeline(56)) - Created pipeline Pipeline[ Id: 33eeae62-579e-4f8b-8476-093e7115bf0f, Nodes: cdf8b493-8d99-4b97-bf55-1e19bf837156{ip: 192.168.30.10, host: pr-hdds-1569-s62bp-3040748787, networkLocation: /default-rack, certSerialId: null}, Type:RATIS, Factor:ONE, State:OPEN]
2019-09-25 07:28:34,809 [RatisPipelineUtilsThread] INFO  pipeline.PipelinePlacementPolicy (PipelinePlacementPolicy.java:meetCriteria(91)) - Pipeline Placement: Doesn't meet the criteria to be viable node： 319eb9b2-446a-4b5b-95c2-98d772c8b042 Heaviness: 6 limit: 5
2019-09-25 07:28:34,809 [RatisPipelineUtilsThread] INFO  pipeline.PipelinePlacementPolicy (PipelinePlacementPolicy.java:meetCriteria(91)) - Pipeline Placement: Doesn't meet the criteria to be viable node： e9a92b31-f57e-42f9-b032-4050b3cc8be5 Heaviness: 6 limit: 5
2019-09-25 07:28:34,809 [RatisPipelineUtilsThread] INFO  pipeline.PipelinePlacementPolicy (PipelinePlacementPolicy.java:meetCriteria(91)) - Pipeline Placement: Doesn't meet the criteria to be viable node： a3425e08-24ce-4736-9f6e-1b8551260ff2 Heaviness: 6 limit: 5
2019-09-25 07:28:34,810 [RatisPipelineUtilsThread] INFO  pipeline.PipelinePlacementPolicy (PipelinePlacementPolicy.java:meetCriteria(91)) - Pipeline Placement: Doesn't meet the criteria to be viable node： 7f677846-6321-4837-a536-8a7cfa3ddebf Heaviness: 6 limit: 5
2019-09-25 07:28:34,820 [grpc-default-executor-0] INFO  impl.RaftServerProxy (RaftServerProxy.java:addNew(89)) - cdf8b493-8d99-4b97-bf55-1e19bf837156: addNew group-CB5535E800BD:[cdf8b493-8d99-4b97-bf55-1e19bf837156:192.168.30.10:41087] returns group-CB5535E800BD:java.util.concurrent.CompletableFuture@428b84b8[Not completed]
2019-09-25 07:28:34,821 [pool-67-thread-1] INFO  impl.RaftServerImpl (RaftServerImpl.java:<init>(95)) - cdf8b493-8d99-4b97-bf55-1e19bf837156: new RaftServerImpl for group-CB5535E800BD:[cdf8b493-8d99-4b97-bf55-1e19bf837156:192.168.30.10:41087] with ContainerStateMachine:uninitialized
2019-09-25 07:28:34,821 [pool-67-thread-1] INFO  server.RaftServerConfigKeys (ConfUtils.java:logGet(43)) - raft.server.rpc.timeout.min = 5s (custom)
2019-09-25 07:28:34,822 [pool-67-thread-1] INFO  server.RaftServerConfigKeys (ConfUtils.java:logGet(43)) - raft.server.rpc.timeout.max = 5200ms (custom)
2019-09-25 07:28:34,822 [pool-67-thread-1] INFO  server.RaftServerConfigKeys (ConfUtils.java:logGet(43)) - raft.server.rpcslowness.timeout = 120s (custom)
2019-09-25 07:28:34,822 [pool-67-thread-1] INFO  server.RaftServerConfigKeys (ConfUtils.java:logGet(43)) - raft.server.sleep.deviation.threshold = 300 (default)
2019-09-25 07:28:34,822 [pool-67-thread-1] INFO  server.RaftServerConfigKeys (ConfUtils.java:logGet(43)) - raft.server.log.appender.install.snapshot.enabled = false (custom)
2019-09-25 07:28:34,822 [pool-67-thread-1] INFO  impl.RaftServerImpl (ServerState.java:<init>(103)) - cdf8b493-8d99-4b97-bf55-1e19bf837156@group-CB5535E800BD: ConfigurationManager, init=-1: [cdf8b493-8d99-4b97-bf55-1e19bf837156:192.168.30.10:41087], old=null, confs=<EMPTY_MAP>
2019-09-25 07:28:34,822 [pool-67-thread-1] INFO  server.RaftServerConfigKeys (ConfUtils.java:logGet(43)) - raft.server.storage.dir = [/workdir/hadoop-ozone/tools/target/test-dir/MiniOzoneClusterImpl-024f4a54-ba4e-4a80-aa90-cb3ecc4826ee/datanode-4/data/ratis] (custom)
2019-09-25 07:28:34,823 [pool-67-thread-1] INFO  storage.RaftStorageDirectory (RaftStorageDirectory.java:analyzeStorage(246)) - The storage directory /workdir/hadoop-ozone/tools/target/test-dir/MiniOzoneClusterImpl-024f4a54-ba4e-4a80-aa90-cb3ecc4826ee/datanode-4/data/ratis/ee2e2328-12bd-44fd-9cb4-cb5535e800bd does not exist. Creating ...
2019-09-25 07:28:34,836 [pool-67-thread-1] INFO  storage.RaftStorageDirectory (RaftStorageDirectory.java:tryLock(328)) - Lock on /workdir/hadoop-ozone/tools/target/test-dir/MiniOzoneClusterImpl-024f4a54-ba4e-4a80-aa90-cb3ecc4826ee/datanode-4/data/ratis/ee2e2328-12bd-44fd-9cb4-cb5535e800bd/in_use.lock acquired by nodename 7900@pr-hdds-1569-s62bp-3040748787
2019-09-25 07:28:34,850 [pool-67-thread-1] INFO  storage.RaftStorage (RaftStorage.java:format(72)) - Storage directory /workdir/hadoop-ozone/tools/target/test-dir/MiniOzoneClusterImpl-024f4a54-ba4e-4a80-aa90-cb3ecc4826ee/datanode-4/data/ratis/ee2e2328-12bd-44fd-9cb4-cb5535e800bd has been successfully formatted.
2019-09-25 07:28:34,851 [pool-67-thread-1] INFO  ratis.ContainerStateMachine (ContainerStateMachine.java:loadSnapshot(230)) - group-CB5535E800BD: The snapshot info is null. Setting the last applied indexto:(t:0, i:~)
2019-09-25 07:28:34,851 [pool-67-thread-1] INFO  server.RaftServerConfigKeys (ConfUtils.java:logGet(43)) - raft.server.notification.no-leader.timeout = 120s (custom)
2019-09-25 07:28:34,851 [pool-67-thread-1] INFO  server.RaftServerConfigKeys (ConfUtils.java:logGet(43)) - raft.server.log.use.memory = false (default)
2019-09-25 07:28:34,851 [pool-67-thread-1] INFO  server.RaftServerConfigKeys (ConfUtils.java:logGet(43)) - raft.server.log.purge.gap = 1000000 (custom)
2019-09-25 07:28:34,851 [pool-67-thread-1] INFO  server.RaftServerConfigKeys (ConfUtils.java:logGet(43)) - raft.server.log.appender.buffer.byte-limit = 33554432 (custom)
2019-09-25 07:28:34,852 [pool-67-thread-1] INFO  server.RaftServerConfigKeys (ConfUtils.java:logGet(43)) - raft.server.log.segment.size.max = 1048576 (custom)
2019-09-25 07:28:34,852 [pool-67-thread-1] INFO  server.RaftServerConfigKeys (ConfUtils.java:logGet(43)) - raft.server.log.segment.cache.num.max = 2 (custom)
2019-09-25 07:28:34,852 [pool-67-thread-1] INFO  segmented.SegmentedRaftLogWorker (SegmentedRaftLogWorker.java:<init>(172)) - new cdf8b493-8d99-4b97-bf55-1e19bf837156@group-CB5535E800BD-SegmentedRaftLogWorker for RaftStorage:Storage Directory /workdir/hadoop-ozone/tools/target/test-dir/MiniOzoneClusterImpl-024f4a54-ba4e-4a80-aa90-cb3ecc4826ee/datanode-4/data/ratis/ee2e2328-12bd-44fd-9cb4-cb5535e800bd
2019-09-25 07:28:34,852 [pool-67-thread-1] INFO  server.RaftServerConfigKeys (ConfUtils.java:logGet(43)) - raft.server.log.queue.byte-limit = 2147483647 (custom)
2019-09-25 07:28:34,852 [pool-67-thread-1] INFO  server.RaftServerConfigKeys (ConfUtils.java:logGet(43)) - raft.server.log.queue.element-limit = 1024 (custom)
2019-09-25 07:28:34,852 [pool-67-thread-1] INFO  server.RaftServerConfigKeys (ConfUtils.java:logGet(43)) - raft.server.log.segment.size.max = 1048576 (custom)
2019-09-25 07:28:34,852 [pool-67-thread-1] INFO  server.RaftServerConfigKeys (ConfUtils.java:logGet(43)) - raft.server.log.preallocated.size = 16384 (custom)
2019-09-25 07:28:34,853 [pool-67-thread-1] INFO  server.RaftServerConfigKeys (ConfUtils.java:logGet(43)) - raft.server.log.write.buffer.size = 33554432 (custom)
2019-09-25 07:28:34,853 [pool-67-thread-1] INFO  server.RaftServerConfigKeys (ConfUtils.java:logGet(43)) - raft.server.log.force.sync.num = 128 (default)
2019-09-25 07:28:34,853 [pool-67-thread-1] INFO  server.RaftServerConfigKeys (ConfUtils.java:logGet(43)) - raft.server.log.statemachine.data.sync = true (default)
2019-09-25 07:28:34,853 [pool-67-thread-1] INFO  server.RaftServerConfigKeys (ConfUtils.java:logGet(43)) - raft.server.log.statemachine.data.sync.timeout = 10s (default)
2019-09-25 07:28:34,853 [pool-67-thread-1] INFO  server.RaftServerConfigKeys (ConfUtils.java:logGet(43)) - raft.server.log.statemachine.data.sync.timeout.retry = -1 (default)
2019-09-25 07:28:34,854 [pool-67-thread-1] INFO  server.RaftServerConfigKeys (ConfUtils.java:logGet(43)) - raft.server.log.statemachine.data.caching.enabled = true (custom)
2019-09-25 07:28:34,854 [pool-67-thread-1] INFO  segmented.SegmentedRaftLogWorker (SegmentedRaftLogWorker.java:lambda$new$0(132)) - cdf8b493-8d99-4b97-bf55-1e19bf837156@group-CB5535E800BD-SegmentedRaftLogWorker: flushIndex: setUnconditionally 0 -> -1
2019-09-25 07:28:34,854 [pool-67-thread-1] INFO  server.RaftServerConfigKeys (ConfUtils.java:logGet(43)) - raft.server.snapshot.auto.trigger.enabled = true (custom)
2019-09-25 07:28:34,854 [pool-67-thread-1] INFO  server.RaftServerConfigKeys (ConfUtils.java:logGet(43)) - raft.server.snapshot.auto.trigger.threshold = 10000 (custom)
2019-09-25 07:28:34,855 [pool-67-thread-1] INFO  server.RaftServerConfigKeys (ConfUtils.java:logGet(43)) - raft.server.snapshot.retention.num.files = 5 (custom)
2019-09-25 07:28:34,855 [pool-67-thread-1] INFO  server.RaftServerConfigKeys (ConfUtils.java:logGet(43)) - raft.server.retrycache.expirytime = 600000ms (custom)
2019-09-25 07:28:34,858 [pool-67-thread-1] INFO  impl.RaftServerImpl (RaftServerImpl.java:start(185)) - cdf8b493-8d99-4b97-bf55-1e19bf837156@group-CB5535E800BD: start as a follower, conf=-1: [cdf8b493-8d99-4b97-bf55-1e19bf837156:192.168.30.10:41087], old=null
2019-09-25 07:28:34,858 [pool-67-thread-1] INFO  impl.RaftServerImpl (RaftServerImpl.java:setRole(174)) - cdf8b493-8d99-4b97-bf55-1e19bf837156@group-CB5535E800BD: changes role from      null to FOLLOWER at term 0 for startAsFollower
2019-09-25 07:28:34,858 [pool-67-thread-1] INFO  impl.RoleInfo (RoleInfo.java:updateAndGet(143)) - cdf8b493-8d99-4b97-bf55-1e19bf837156: start FollowerState
2019-09-25 07:28:34,858 [pool-67-thread-1] INFO  util.JmxRegister (JmxRegister.java:tryRegister(44)) - Successfully registered JMX Bean with object name Ratis:service=RaftServer,group=group-CB5535E800BD,id=cdf8b493-8d99-4b97-bf55-1e19bf837156
2019-09-25 07:28:34,864 [RatisPipelineUtilsThread] INFO  pipeline.PipelineStateManager (PipelineStateManager.java:addPipeline(56)) - Created pipeline Pipeline[ Id: ee2e2328-12bd-44fd-9cb4-cb5535e800bd, Nodes: cdf8b493-8d99-4b97-bf55-1e19bf837156{ip: 192.168.30.10, host: pr-hdds-1569-s62bp-3040748787, networkLocation: /default-rack, certSerialId: null}, Type:RATIS, Factor:ONE, State:OPEN]
2019-09-25 07:28:34,866 [RatisPipelineUtilsThread] INFO  pipeline.PipelinePlacementPolicy (PipelinePlacementPolicy.java:meetCriteria(91)) - Pipeline Placement: Doesn't meet the criteria to be viable node： 319eb9b2-446a-4b5b-95c2-98d772c8b042 Heaviness: 6 limit: 5
2019-09-25 07:28:34,866 [RatisPipelineUtilsThread] INFO  pipeline.PipelinePlacementPolicy (PipelinePlacementPolicy.java:meetCriteria(91)) - Pipeline Placement: Doesn't meet the criteria to be viable node： e9a92b31-f57e-42f9-b032-4050b3cc8be5 Heaviness: 6 limit: 5
2019-09-25 07:28:34,866 [RatisPipelineUtilsThread] INFO  pipeline.PipelinePlacementPolicy (PipelinePlacementPolicy.java:meetCriteria(91)) - Pipeline Placement: Doesn't meet the criteria to be viable node： a3425e08-24ce-4736-9f6e-1b8551260ff2 Heaviness: 6 limit: 5
2019-09-25 07:28:34,866 [RatisPipelineUtilsThread] INFO  pipeline.PipelinePlacementPolicy (PipelinePlacementPolicy.java:meetCriteria(91)) - Pipeline Placement: Doesn't meet the criteria to be viable node： 7f677846-6321-4837-a536-8a7cfa3ddebf Heaviness: 6 limit: 5
2019-09-25 07:28:34,877 [grpc-default-executor-0] INFO  impl.RaftServerProxy (RaftServerProxy.java:addNew(89)) - cdf8b493-8d99-4b97-bf55-1e19bf837156: addNew group-4C946DEEAE31:[cdf8b493-8d99-4b97-bf55-1e19bf837156:192.168.30.10:41087] returns group-4C946DEEAE31:java.util.concurrent.CompletableFuture@266ed663[Not completed]
2019-09-25 07:28:34,878 [pool-67-thread-1] INFO  impl.RaftServerImpl (RaftServerImpl.java:<init>(95)) - cdf8b493-8d99-4b97-bf55-1e19bf837156: new RaftServerImpl for group-4C946DEEAE31:[cdf8b493-8d99-4b97-bf55-1e19bf837156:192.168.30.10:41087] with ContainerStateMachine:uninitialized
2019-09-25 07:28:34,878 [pool-67-thread-1] INFO  server.RaftServerConfigKeys (ConfUtils.java:logGet(43)) - raft.server.rpc.timeout.min = 5s (custom)
2019-09-25 07:28:34,878 [pool-67-thread-1] INFO  server.RaftServerConfigKeys (ConfUtils.java:logGet(43)) - raft.server.rpc.timeout.max = 5200ms (custom)
2019-09-25 07:28:34,878 [pool-67-thread-1] INFO  server.RaftServerConfigKeys (ConfUtils.java:logGet(43)) - raft.server.rpcslowness.timeout = 120s (custom)
2019-09-25 07:28:34,878 [pool-67-thread-1] INFO  server.RaftServerConfigKeys (ConfUtils.java:logGet(43)) - raft.server.sleep.deviation.threshold = 300 (default)
2019-09-25 07:28:34,878 [pool-67-thread-1] INFO  server.RaftServerConfigKeys (ConfUtils.java:logGet(43)) - raft.server.log.appender.install.snapshot.enabled = false (custom)
2019-09-25 07:28:34,879 [pool-67-thread-1] INFO  impl.RaftServerImpl (ServerState.java:<init>(103)) - cdf8b493-8d99-4b97-bf55-1e19bf837156@group-4C946DEEAE31: ConfigurationManager, init=-1: [cdf8b493-8d99-4b97-bf55-1e19bf837156:192.168.30.10:41087], old=null, confs=<EMPTY_MAP>
2019-09-25 07:28:34,879 [pool-67-thread-1] INFO  server.RaftServerConfigKeys (ConfUtils.java:logGet(43)) - raft.server.storage.dir = [/workdir/hadoop-ozone/tools/target/test-dir/MiniOzoneClusterImpl-024f4a54-ba4e-4a80-aa90-cb3ecc4826ee/datanode-4/data/ratis] (custom)
2019-09-25 07:28:34,879 [pool-67-thread-1] INFO  storage.RaftStorageDirectory (RaftStorageDirectory.java:analyzeStorage(246)) - The storage directory /workdir/hadoop-ozone/tools/target/test-dir/MiniOzoneClusterImpl-024f4a54-ba4e-4a80-aa90-cb3ecc4826ee/datanode-4/data/ratis/476491bb-4338-4f5e-98c5-4c946deeae31 does not exist. Creating ...
2019-09-25 07:28:34,891 [pool-67-thread-1] INFO  storage.RaftStorageDirectory (RaftStorageDirectory.java:tryLock(328)) - Lock on /workdir/hadoop-ozone/tools/target/test-dir/MiniOzoneClusterImpl-024f4a54-ba4e-4a80-aa90-cb3ecc4826ee/datanode-4/data/ratis/476491bb-4338-4f5e-98c5-4c946deeae31/in_use.lock acquired by nodename 7900@pr-hdds-1569-s62bp-3040748787
2019-09-25 07:28:34,906 [pool-67-thread-1] INFO  storage.RaftStorage (RaftStorage.java:format(72)) - Storage directory /workdir/hadoop-ozone/tools/target/test-dir/MiniOzoneClusterImpl-024f4a54-ba4e-4a80-aa90-cb3ecc4826ee/datanode-4/data/ratis/476491bb-4338-4f5e-98c5-4c946deeae31 has been successfully formatted.
2019-09-25 07:28:34,906 [pool-67-thread-1] INFO  ratis.ContainerStateMachine (ContainerStateMachine.java:loadSnapshot(230)) - group-4C946DEEAE31: The snapshot info is null. Setting the last applied indexto:(t:0, i:~)
2019-09-25 07:28:34,906 [pool-67-thread-1] INFO  server.RaftServerConfigKeys (ConfUtils.java:logGet(43)) - raft.server.notification.no-leader.timeout = 120s (custom)
2019-09-25 07:28:34,907 [pool-67-thread-1] INFO  server.RaftServerConfigKeys (ConfUtils.java:logGet(43)) - raft.server.log.use.memory = false (default)
2019-09-25 07:28:34,907 [pool-67-thread-1] INFO  server.RaftServerConfigKeys (ConfUtils.java:logGet(43)) - raft.server.log.purge.gap = 1000000 (custom)
2019-09-25 07:28:34,907 [pool-67-thread-1] INFO  server.RaftServerConfigKeys (ConfUtils.java:logGet(43)) - raft.server.log.appender.buffer.byte-limit = 33554432 (custom)
2019-09-25 07:28:34,907 [pool-67-thread-1] INFO  server.RaftServerConfigKeys (ConfUtils.java:logGet(43)) - raft.server.log.segment.size.max = 1048576 (custom)
2019-09-25 07:28:34,907 [pool-67-thread-1] INFO  server.RaftServerConfigKeys (ConfUtils.java:logGet(43)) - raft.server.log.segment.cache.num.max = 2 (custom)
2019-09-25 07:28:34,907 [pool-67-thread-1] INFO  segmented.SegmentedRaftLogWorker (SegmentedRaftLogWorker.java:<init>(172)) - new cdf8b493-8d99-4b97-bf55-1e19bf837156@group-4C946DEEAE31-SegmentedRaftLogWorker for RaftStorage:Storage Directory /workdir/hadoop-ozone/tools/target/test-dir/MiniOzoneClusterImpl-024f4a54-ba4e-4a80-aa90-cb3ecc4826ee/datanode-4/data/ratis/476491bb-4338-4f5e-98c5-4c946deeae31
2019-09-25 07:28:34,907 [pool-67-thread-1] INFO  server.RaftServerConfigKeys (ConfUtils.java:logGet(43)) - raft.server.log.queue.byte-limit = 2147483647 (custom)
2019-09-25 07:28:34,908 [pool-67-thread-1] INFO  server.RaftServerConfigKeys (ConfUtils.java:logGet(43)) - raft.server.log.queue.element-limit = 1024 (custom)
2019-09-25 07:28:34,908 [pool-67-thread-1] INFO  server.RaftServerConfigKeys (ConfUtils.java:logGet(43)) - raft.server.log.segment.size.max = 1048576 (custom)
2019-09-25 07:28:34,908 [pool-67-thread-1] INFO  server.RaftServerConfigKeys (ConfUtils.java:logGet(43)) - raft.server.log.preallocated.size = 16384 (custom)
2019-09-25 07:28:34,908 [pool-67-thread-1] INFO  server.RaftServerConfigKeys (ConfUtils.java:logGet(43)) - raft.server.log.write.buffer.size = 33554432 (custom)
2019-09-25 07:28:34,908 [pool-67-thread-1] INFO  server.RaftServerConfigKeys (ConfUtils.java:logGet(43)) - raft.server.log.force.sync.num = 128 (default)
2019-09-25 07:28:34,908 [pool-67-thread-1] INFO  server.RaftServerConfigKeys (ConfUtils.java:logGet(43)) - raft.server.log.statemachine.data.sync = true (default)
2019-09-25 07:28:34,909 [pool-67-thread-1] INFO  server.RaftServerConfigKeys (ConfUtils.java:logGet(43)) - raft.server.log.statemachine.data.sync.timeout = 10s (default)
2019-09-25 07:28:34,909 [pool-67-thread-1] INFO  server.RaftServerConfigKeys (ConfUtils.java:logGet(43)) - raft.server.log.statemachine.data.sync.timeout.retry = -1 (default)
2019-09-25 07:28:34,909 [pool-67-thread-1] INFO  server.RaftServerConfigKeys (ConfUtils.java:logGet(43)) - raft.server.log.statemachine.data.caching.enabled = true (custom)
2019-09-25 07:28:34,909 [pool-67-thread-1] INFO  segmented.SegmentedRaftLogWorker (SegmentedRaftLogWorker.java:lambda$new$0(132)) - cdf8b493-8d99-4b97-bf55-1e19bf837156@group-4C946DEEAE31-SegmentedRaftLogWorker: flushIndex: setUnconditionally 0 -> -1
2019-09-25 07:28:34,910 [pool-67-thread-1] INFO  server.RaftServerConfigKeys (ConfUtils.java:logGet(43)) - raft.server.snapshot.auto.trigger.enabled = true (custom)
2019-09-25 07:28:34,910 [pool-67-thread-1] INFO  server.RaftServerConfigKeys (ConfUtils.java:logGet(43)) - raft.server.snapshot.auto.trigger.threshold = 10000 (custom)
2019-09-25 07:28:34,910 [pool-67-thread-1] INFO  server.RaftServerConfigKeys (ConfUtils.java:logGet(43)) - raft.server.snapshot.retention.num.files = 5 (custom)
2019-09-25 07:28:34,910 [pool-67-thread-1] INFO  server.RaftServerConfigKeys (ConfUtils.java:logGet(43)) - raft.server.retrycache.expirytime = 600000ms (custom)
2019-09-25 07:28:34,912 [pool-67-thread-1] INFO  impl.RaftServerImpl (RaftServerImpl.java:start(185)) - cdf8b493-8d99-4b97-bf55-1e19bf837156@group-4C946DEEAE31: start as a follower, conf=-1: [cdf8b493-8d99-4b97-bf55-1e19bf837156:192.168.30.10:41087], old=null
2019-09-25 07:28:34,913 [pool-67-thread-1] INFO  impl.RaftServerImpl (RaftServerImpl.java:setRole(174)) - cdf8b493-8d99-4b97-bf55-1e19bf837156@group-4C946DEEAE31: changes role from      null to FOLLOWER at term 0 for startAsFollower
2019-09-25 07:28:34,913 [pool-67-thread-1] INFO  impl.RoleInfo (RoleInfo.java:updateAndGet(143)) - cdf8b493-8d99-4b97-bf55-1e19bf837156: start FollowerState
2019-09-25 07:28:34,913 [pool-67-thread-1] INFO  util.JmxRegister (JmxRegister.java:tryRegister(44)) - Successfully registered JMX Bean with object name Ratis:service=RaftServer,group=group-4C946DEEAE31,id=cdf8b493-8d99-4b97-bf55-1e19bf837156
2019-09-25 07:28:34,918 [RatisPipelineUtilsThread] INFO  pipeline.PipelineStateManager (PipelineStateManager.java:addPipeline(56)) - Created pipeline Pipeline[ Id: 476491bb-4338-4f5e-98c5-4c946deeae31, Nodes: cdf8b493-8d99-4b97-bf55-1e19bf837156{ip: 192.168.30.10, host: pr-hdds-1569-s62bp-3040748787, networkLocation: /default-rack, certSerialId: null}, Type:RATIS, Factor:ONE, State:OPEN]
2019-09-25 07:28:34,919 [RatisPipelineUtilsThread] INFO  pipeline.PipelinePlacementPolicy (PipelinePlacementPolicy.java:meetCriteria(91)) - Pipeline Placement: Doesn't meet the criteria to be viable node： 319eb9b2-446a-4b5b-95c2-98d772c8b042 Heaviness: 6 limit: 5
2019-09-25 07:28:34,919 [RatisPipelineUtilsThread] INFO  pipeline.PipelinePlacementPolicy (PipelinePlacementPolicy.java:meetCriteria(91)) - Pipeline Placement: Doesn't meet the criteria to be viable node： e9a92b31-f57e-42f9-b032-4050b3cc8be5 Heaviness: 6 limit: 5
2019-09-25 07:28:34,919 [RatisPipelineUtilsThread] INFO  pipeline.PipelinePlacementPolicy (PipelinePlacementPolicy.java:meetCriteria(91)) - Pipeline Placement: Doesn't meet the criteria to be viable node： a3425e08-24ce-4736-9f6e-1b8551260ff2 Heaviness: 6 limit: 5
2019-09-25 07:28:34,919 [RatisPipelineUtilsThread] INFO  pipeline.PipelinePlacementPolicy (PipelinePlacementPolicy.java:meetCriteria(91)) - Pipeline Placement: Doesn't meet the criteria to be viable node： 7f677846-6321-4837-a536-8a7cfa3ddebf Heaviness: 6 limit: 5
2019-09-25 07:28:34,936 [grpc-default-executor-0] INFO  impl.RaftServerProxy (RaftServerProxy.java:addNew(89)) - cdf8b493-8d99-4b97-bf55-1e19bf837156: addNew group-C49F11C04728:[cdf8b493-8d99-4b97-bf55-1e19bf837156:192.168.30.10:41087] returns group-C49F11C04728:java.util.concurrent.CompletableFuture@5b7d9e72[Not completed]
2019-09-25 07:28:34,937 [pool-67-thread-1] INFO  impl.RaftServerImpl (RaftServerImpl.java:<init>(95)) - cdf8b493-8d99-4b97-bf55-1e19bf837156: new RaftServerImpl for group-C49F11C04728:[cdf8b493-8d99-4b97-bf55-1e19bf837156:192.168.30.10:41087] with ContainerStateMachine:uninitialized
2019-09-25 07:28:34,937 [pool-67-thread-1] INFO  server.RaftServerConfigKeys (ConfUtils.java:logGet(43)) - raft.server.rpc.timeout.min = 5s (custom)
2019-09-25 07:28:34,937 [pool-67-thread-1] INFO  server.RaftServerConfigKeys (ConfUtils.java:logGet(43)) - raft.server.rpc.timeout.max = 5200ms (custom)
2019-09-25 07:28:34,938 [pool-67-thread-1] INFO  server.RaftServerConfigKeys (ConfUtils.java:logGet(43)) - raft.server.rpcslowness.timeout = 120s (custom)
2019-09-25 07:28:34,938 [pool-67-thread-1] INFO  server.RaftServerConfigKeys (ConfUtils.java:logGet(43)) - raft.server.sleep.deviation.threshold = 300 (default)
2019-09-25 07:28:34,938 [pool-67-thread-1] INFO  server.RaftServerConfigKeys (ConfUtils.java:logGet(43)) - raft.server.log.appender.install.snapshot.enabled = false (custom)
2019-09-25 07:28:34,938 [pool-67-thread-1] INFO  impl.RaftServerImpl (ServerState.java:<init>(103)) - cdf8b493-8d99-4b97-bf55-1e19bf837156@group-C49F11C04728: ConfigurationManager, init=-1: [cdf8b493-8d99-4b97-bf55-1e19bf837156:192.168.30.10:41087], old=null, confs=<EMPTY_MAP>
2019-09-25 07:28:34,938 [pool-67-thread-1] INFO  server.RaftServerConfigKeys (ConfUtils.java:logGet(43)) - raft.server.storage.dir = [/workdir/hadoop-ozone/tools/target/test-dir/MiniOzoneClusterImpl-024f4a54-ba4e-4a80-aa90-cb3ecc4826ee/datanode-4/data/ratis] (custom)
2019-09-25 07:28:34,939 [pool-67-thread-1] INFO  storage.RaftStorageDirectory (RaftStorageDirectory.java:analyzeStorage(246)) - The storage directory /workdir/hadoop-ozone/tools/target/test-dir/MiniOzoneClusterImpl-024f4a54-ba4e-4a80-aa90-cb3ecc4826ee/datanode-4/data/ratis/2be89b58-d172-4770-9443-c49f11c04728 does not exist. Creating ...
2019-09-25 07:28:34,952 [pool-67-thread-1] INFO  storage.RaftStorageDirectory (RaftStorageDirectory.java:tryLock(328)) - Lock on /workdir/hadoop-ozone/tools/target/test-dir/MiniOzoneClusterImpl-024f4a54-ba4e-4a80-aa90-cb3ecc4826ee/datanode-4/data/ratis/2be89b58-d172-4770-9443-c49f11c04728/in_use.lock acquired by nodename 7900@pr-hdds-1569-s62bp-3040748787
2019-09-25 07:28:34,970 [pool-67-thread-1] INFO  storage.RaftStorage (RaftStorage.java:format(72)) - Storage directory /workdir/hadoop-ozone/tools/target/test-dir/MiniOzoneClusterImpl-024f4a54-ba4e-4a80-aa90-cb3ecc4826ee/datanode-4/data/ratis/2be89b58-d172-4770-9443-c49f11c04728 has been successfully formatted.
2019-09-25 07:28:34,970 [pool-67-thread-1] INFO  ratis.ContainerStateMachine (ContainerStateMachine.java:loadSnapshot(230)) - group-C49F11C04728: The snapshot info is null. Setting the last applied indexto:(t:0, i:~)
2019-09-25 07:28:34,971 [pool-67-thread-1] INFO  server.RaftServerConfigKeys (ConfUtils.java:logGet(43)) - raft.server.notification.no-leader.timeout = 120s (custom)
2019-09-25 07:28:34,971 [pool-67-thread-1] INFO  server.RaftServerConfigKeys (ConfUtils.java:logGet(43)) - raft.server.log.use.memory = false (default)
2019-09-25 07:28:34,972 [pool-67-thread-1] INFO  server.RaftServerConfigKeys (ConfUtils.java:logGet(43)) - raft.server.log.purge.gap = 1000000 (custom)
2019-09-25 07:28:34,973 [pool-67-thread-1] INFO  server.RaftServerConfigKeys (ConfUtils.java:logGet(43)) - raft.server.log.appender.buffer.byte-limit = 33554432 (custom)
2019-09-25 07:28:34,973 [pool-67-thread-1] INFO  server.RaftServerConfigKeys (ConfUtils.java:logGet(43)) - raft.server.log.segment.size.max = 1048576 (custom)
2019-09-25 07:28:34,973 [pool-67-thread-1] INFO  server.RaftServerConfigKeys (ConfUtils.java:logGet(43)) - raft.server.log.segment.cache.num.max = 2 (custom)
2019-09-25 07:28:34,973 [pool-67-thread-1] INFO  segmented.SegmentedRaftLogWorker (SegmentedRaftLogWorker.java:<init>(172)) - new cdf8b493-8d99-4b97-bf55-1e19bf837156@group-C49F11C04728-SegmentedRaftLogWorker for RaftStorage:Storage Directory /workdir/hadoop-ozone/tools/target/test-dir/MiniOzoneClusterImpl-024f4a54-ba4e-4a80-aa90-cb3ecc4826ee/datanode-4/data/ratis/2be89b58-d172-4770-9443-c49f11c04728
2019-09-25 07:28:34,973 [pool-67-thread-1] INFO  server.RaftServerConfigKeys (ConfUtils.java:logGet(43)) - raft.server.log.queue.byte-limit = 2147483647 (custom)
2019-09-25 07:28:34,973 [pool-67-thread-1] INFO  server.RaftServerConfigKeys (ConfUtils.java:logGet(43)) - raft.server.log.queue.element-limit = 1024 (custom)
2019-09-25 07:28:34,973 [pool-67-thread-1] INFO  server.RaftServerConfigKeys (ConfUtils.java:logGet(43)) - raft.server.log.segment.size.max = 1048576 (custom)
2019-09-25 07:28:34,974 [pool-67-thread-1] INFO  server.RaftServerConfigKeys (ConfUtils.java:logGet(43)) - raft.server.log.preallocated.size = 16384 (custom)
2019-09-25 07:28:34,974 [pool-67-thread-1] INFO  server.RaftServerConfigKeys (ConfUtils.java:logGet(43)) - raft.server.log.write.buffer.size = 33554432 (custom)
2019-09-25 07:28:34,974 [pool-67-thread-1] INFO  server.RaftServerConfigKeys (ConfUtils.java:logGet(43)) - raft.server.log.force.sync.num = 128 (default)
2019-09-25 07:28:34,974 [pool-67-thread-1] INFO  server.RaftServerConfigKeys (ConfUtils.java:logGet(43)) - raft.server.log.statemachine.data.sync = true (default)
2019-09-25 07:28:34,974 [pool-67-thread-1] INFO  server.RaftServerConfigKeys (ConfUtils.java:logGet(43)) - raft.server.log.statemachine.data.sync.timeout = 10s (default)
2019-09-25 07:28:34,974 [pool-67-thread-1] INFO  server.RaftServerConfigKeys (ConfUtils.java:logGet(43)) - raft.server.log.statemachine.data.sync.timeout.retry = -1 (default)
2019-09-25 07:28:34,974 [pool-67-thread-1] INFO  server.RaftServerConfigKeys (ConfUtils.java:logGet(43)) - raft.server.log.statemachine.data.caching.enabled = true (custom)
2019-09-25 07:28:34,975 [pool-67-thread-1] INFO  segmented.SegmentedRaftLogWorker (SegmentedRaftLogWorker.java:lambda$new$0(132)) - cdf8b493-8d99-4b97-bf55-1e19bf837156@group-C49F11C04728-SegmentedRaftLogWorker: flushIndex: setUnconditionally 0 -> -1
2019-09-25 07:28:34,975 [pool-67-thread-1] INFO  server.RaftServerConfigKeys (ConfUtils.java:logGet(43)) - raft.server.snapshot.auto.trigger.enabled = true (custom)
2019-09-25 07:28:34,975 [pool-67-thread-1] INFO  server.RaftServerConfigKeys (ConfUtils.java:logGet(43)) - raft.server.snapshot.auto.trigger.threshold = 10000 (custom)
2019-09-25 07:28:34,975 [pool-67-thread-1] INFO  server.RaftServerConfigKeys (ConfUtils.java:logGet(43)) - raft.server.snapshot.retention.num.files = 5 (custom)
2019-09-25 07:28:34,975 [pool-67-thread-1] INFO  server.RaftServerConfigKeys (ConfUtils.java:logGet(43)) - raft.server.retrycache.expirytime = 600000ms (custom)
2019-09-25 07:28:34,978 [pool-67-thread-1] INFO  impl.RaftServerImpl (RaftServerImpl.java:start(185)) - cdf8b493-8d99-4b97-bf55-1e19bf837156@group-C49F11C04728: start as a follower, conf=-1: [cdf8b493-8d99-4b97-bf55-1e19bf837156:192.168.30.10:41087], old=null
2019-09-25 07:28:34,978 [pool-67-thread-1] INFO  impl.RaftServerImpl (RaftServerImpl.java:setRole(174)) - cdf8b493-8d99-4b97-bf55-1e19bf837156@group-C49F11C04728: changes role from      null to FOLLOWER at term 0 for startAsFollower
2019-09-25 07:28:34,978 [pool-67-thread-1] INFO  impl.RoleInfo (RoleInfo.java:updateAndGet(143)) - cdf8b493-8d99-4b97-bf55-1e19bf837156: start FollowerState
2019-09-25 07:28:34,978 [pool-67-thread-1] INFO  util.JmxRegister (JmxRegister.java:tryRegister(44)) - Successfully registered JMX Bean with object name Ratis:service=RaftServer,group=group-C49F11C04728,id=cdf8b493-8d99-4b97-bf55-1e19bf837156
2019-09-25 07:28:34,984 [RatisPipelineUtilsThread] INFO  pipeline.PipelineStateManager (PipelineStateManager.java:addPipeline(56)) - Created pipeline Pipeline[ Id: 2be89b58-d172-4770-9443-c49f11c04728, Nodes: cdf8b493-8d99-4b97-bf55-1e19bf837156{ip: 192.168.30.10, host: pr-hdds-1569-s62bp-3040748787, networkLocation: /default-rack, certSerialId: null}, Type:RATIS, Factor:ONE, State:OPEN]
2019-09-25 07:28:34,984 [RatisPipelineUtilsThread] INFO  pipeline.PipelinePlacementPolicy (PipelinePlacementPolicy.java:meetCriteria(91)) - Pipeline Placement: Doesn't meet the criteria to be viable node： 319eb9b2-446a-4b5b-95c2-98d772c8b042 Heaviness: 6 limit: 5
2019-09-25 07:28:34,984 [RatisPipelineUtilsThread] INFO  pipeline.PipelinePlacementPolicy (PipelinePlacementPolicy.java:meetCriteria(91)) - Pipeline Placement: Doesn't meet the criteria to be viable node： e9a92b31-f57e-42f9-b032-4050b3cc8be5 Heaviness: 6 limit: 5
2019-09-25 07:28:34,984 [RatisPipelineUtilsThread] INFO  pipeline.PipelinePlacementPolicy (PipelinePlacementPolicy.java:meetCriteria(91)) - Pipeline Placement: Doesn't meet the criteria to be viable node： a3425e08-24ce-4736-9f6e-1b8551260ff2 Heaviness: 6 limit: 5
2019-09-25 07:28:34,984 [RatisPipelineUtilsThread] INFO  pipeline.PipelinePlacementPolicy (PipelinePlacementPolicy.java:meetCriteria(91)) - Pipeline Placement: Doesn't meet the criteria to be viable node： 7f677846-6321-4837-a536-8a7cfa3ddebf Heaviness: 6 limit: 5
2019-09-25 07:28:34,995 [grpc-default-executor-0] INFO  impl.RaftServerProxy (RaftServerProxy.java:addNew(89)) - cdf8b493-8d99-4b97-bf55-1e19bf837156: addNew group-9A12549FED0F:[cdf8b493-8d99-4b97-bf55-1e19bf837156:192.168.30.10:41087] returns group-9A12549FED0F:java.util.concurrent.CompletableFuture@7fb529f2[Not completed]
2019-09-25 07:28:34,996 [pool-67-thread-1] INFO  impl.RaftServerImpl (RaftServerImpl.java:<init>(95)) - cdf8b493-8d99-4b97-bf55-1e19bf837156: new RaftServerImpl for group-9A12549FED0F:[cdf8b493-8d99-4b97-bf55-1e19bf837156:192.168.30.10:41087] with ContainerStateMachine:uninitialized
2019-09-25 07:28:34,996 [pool-67-thread-1] INFO  server.RaftServerConfigKeys (ConfUtils.java:logGet(43)) - raft.server.rpc.timeout.min = 5s (custom)
2019-09-25 07:28:34,997 [pool-67-thread-1] INFO  server.RaftServerConfigKeys (ConfUtils.java:logGet(43)) - raft.server.rpc.timeout.max = 5200ms (custom)
2019-09-25 07:28:34,997 [pool-67-thread-1] INFO  server.RaftServerConfigKeys (ConfUtils.java:logGet(43)) - raft.server.rpcslowness.timeout = 120s (custom)
2019-09-25 07:28:34,997 [pool-67-thread-1] INFO  server.RaftServerConfigKeys (ConfUtils.java:logGet(43)) - raft.server.sleep.deviation.threshold = 300 (default)
2019-09-25 07:28:34,997 [pool-67-thread-1] INFO  server.RaftServerConfigKeys (ConfUtils.java:logGet(43)) - raft.server.log.appender.install.snapshot.enabled = false (custom)
2019-09-25 07:28:34,997 [pool-67-thread-1] INFO  impl.RaftServerImpl (ServerState.java:<init>(103)) - cdf8b493-8d99-4b97-bf55-1e19bf837156@group-9A12549FED0F: ConfigurationManager, init=-1: [cdf8b493-8d99-4b97-bf55-1e19bf837156:192.168.30.10:41087], old=null, confs=<EMPTY_MAP>
2019-09-25 07:28:34,997 [pool-67-thread-1] INFO  server.RaftServerConfigKeys (ConfUtils.java:logGet(43)) - raft.server.storage.dir = [/workdir/hadoop-ozone/tools/target/test-dir/MiniOzoneClusterImpl-024f4a54-ba4e-4a80-aa90-cb3ecc4826ee/datanode-4/data/ratis] (custom)
2019-09-25 07:28:34,998 [pool-67-thread-1] INFO  storage.RaftStorageDirectory (RaftStorageDirectory.java:analyzeStorage(246)) - The storage directory /workdir/hadoop-ozone/tools/target/test-dir/MiniOzoneClusterImpl-024f4a54-ba4e-4a80-aa90-cb3ecc4826ee/datanode-4/data/ratis/3666be6a-01bc-485b-a3d3-9a12549fed0f does not exist. Creating ...
2019-09-25 07:28:35,023 [pool-67-thread-1] INFO  storage.RaftStorageDirectory (RaftStorageDirectory.java:tryLock(328)) - Lock on /workdir/hadoop-ozone/tools/target/test-dir/MiniOzoneClusterImpl-024f4a54-ba4e-4a80-aa90-cb3ecc4826ee/datanode-4/data/ratis/3666be6a-01bc-485b-a3d3-9a12549fed0f/in_use.lock acquired by nodename 7900@pr-hdds-1569-s62bp-3040748787
2019-09-25 07:28:35,044 [pool-67-thread-1] INFO  storage.RaftStorage (RaftStorage.java:format(72)) - Storage directory /workdir/hadoop-ozone/tools/target/test-dir/MiniOzoneClusterImpl-024f4a54-ba4e-4a80-aa90-cb3ecc4826ee/datanode-4/data/ratis/3666be6a-01bc-485b-a3d3-9a12549fed0f has been successfully formatted.
2019-09-25 07:28:35,044 [pool-67-thread-1] INFO  ratis.ContainerStateMachine (ContainerStateMachine.java:loadSnapshot(230)) - group-9A12549FED0F: The snapshot info is null. Setting the last applied indexto:(t:0, i:~)
2019-09-25 07:28:35,044 [pool-67-thread-1] INFO  server.RaftServerConfigKeys (ConfUtils.java:logGet(43)) - raft.server.notification.no-leader.timeout = 120s (custom)
2019-09-25 07:28:35,044 [pool-67-thread-1] INFO  server.RaftServerConfigKeys (ConfUtils.java:logGet(43)) - raft.server.log.use.memory = false (default)
2019-09-25 07:28:35,045 [pool-67-thread-1] INFO  server.RaftServerConfigKeys (ConfUtils.java:logGet(43)) - raft.server.log.purge.gap = 1000000 (custom)
2019-09-25 07:28:35,045 [pool-67-thread-1] INFO  server.RaftServerConfigKeys (ConfUtils.java:logGet(43)) - raft.server.log.appender.buffer.byte-limit = 33554432 (custom)
2019-09-25 07:28:35,045 [pool-67-thread-1] INFO  server.RaftServerConfigKeys (ConfUtils.java:logGet(43)) - raft.server.log.segment.size.max = 1048576 (custom)
2019-09-25 07:28:35,045 [pool-67-thread-1] INFO  server.RaftServerConfigKeys (ConfUtils.java:logGet(43)) - raft.server.log.segment.cache.num.max = 2 (custom)
2019-09-25 07:28:35,045 [pool-67-thread-1] INFO  segmented.SegmentedRaftLogWorker (SegmentedRaftLogWorker.java:<init>(172)) - new cdf8b493-8d99-4b97-bf55-1e19bf837156@group-9A12549FED0F-SegmentedRaftLogWorker for RaftStorage:Storage Directory /workdir/hadoop-ozone/tools/target/test-dir/MiniOzoneClusterImpl-024f4a54-ba4e-4a80-aa90-cb3ecc4826ee/datanode-4/data/ratis/3666be6a-01bc-485b-a3d3-9a12549fed0f
2019-09-25 07:28:35,045 [pool-67-thread-1] INFO  server.RaftServerConfigKeys (ConfUtils.java:logGet(43)) - raft.server.log.queue.byte-limit = 2147483647 (custom)
2019-09-25 07:28:35,045 [pool-67-thread-1] INFO  server.RaftServerConfigKeys (ConfUtils.java:logGet(43)) - raft.server.log.queue.element-limit = 1024 (custom)
2019-09-25 07:28:35,046 [pool-67-thread-1] INFO  server.RaftServerConfigKeys (ConfUtils.java:logGet(43)) - raft.server.log.segment.size.max = 1048576 (custom)
2019-09-25 07:28:35,046 [pool-67-thread-1] INFO  server.RaftServerConfigKeys (ConfUtils.java:logGet(43)) - raft.server.log.preallocated.size = 16384 (custom)
2019-09-25 07:28:35,046 [pool-67-thread-1] INFO  server.RaftServerConfigKeys (ConfUtils.java:logGet(43)) - raft.server.log.write.buffer.size = 33554432 (custom)
2019-09-25 07:28:35,046 [pool-67-thread-1] INFO  server.RaftServerConfigKeys (ConfUtils.java:logGet(43)) - raft.server.log.force.sync.num = 128 (default)
2019-09-25 07:28:35,046 [pool-67-thread-1] INFO  server.RaftServerConfigKeys (ConfUtils.java:logGet(43)) - raft.server.log.statemachine.data.sync = true (default)
2019-09-25 07:28:35,046 [pool-67-thread-1] INFO  server.RaftServerConfigKeys (ConfUtils.java:logGet(43)) - raft.server.log.statemachine.data.sync.timeout = 10s (default)
2019-09-25 07:28:35,047 [pool-67-thread-1] INFO  server.RaftServerConfigKeys (ConfUtils.java:logGet(43)) - raft.server.log.statemachine.data.sync.timeout.retry = -1 (default)
2019-09-25 07:28:35,047 [pool-67-thread-1] INFO  server.RaftServerConfigKeys (ConfUtils.java:logGet(43)) - raft.server.log.statemachine.data.caching.enabled = true (custom)
2019-09-25 07:28:35,047 [pool-67-thread-1] INFO  segmented.SegmentedRaftLogWorker (SegmentedRaftLogWorker.java:lambda$new$0(132)) - cdf8b493-8d99-4b97-bf55-1e19bf837156@group-9A12549FED0F-SegmentedRaftLogWorker: flushIndex: setUnconditionally 0 -> -1
2019-09-25 07:28:35,048 [pool-67-thread-1] INFO  server.RaftServerConfigKeys (ConfUtils.java:logGet(43)) - raft.server.snapshot.auto.trigger.enabled = true (custom)
2019-09-25 07:28:35,048 [pool-67-thread-1] INFO  server.RaftServerConfigKeys (ConfUtils.java:logGet(43)) - raft.server.snapshot.auto.trigger.threshold = 10000 (custom)
2019-09-25 07:28:35,048 [pool-67-thread-1] INFO  server.RaftServerConfigKeys (ConfUtils.java:logGet(43)) - raft.server.snapshot.retention.num.files = 5 (custom)
2019-09-25 07:28:35,048 [pool-67-thread-1] INFO  server.RaftServerConfigKeys (ConfUtils.java:logGet(43)) - raft.server.retrycache.expirytime = 600000ms (custom)
2019-09-25 07:28:35,051 [pool-67-thread-1] INFO  impl.RaftServerImpl (RaftServerImpl.java:start(185)) - cdf8b493-8d99-4b97-bf55-1e19bf837156@group-9A12549FED0F: start as a follower, conf=-1: [cdf8b493-8d99-4b97-bf55-1e19bf837156:192.168.30.10:41087], old=null
2019-09-25 07:28:35,051 [pool-67-thread-1] INFO  impl.RaftServerImpl (RaftServerImpl.java:setRole(174)) - cdf8b493-8d99-4b97-bf55-1e19bf837156@group-9A12549FED0F: changes role from      null to FOLLOWER at term 0 for startAsFollower
2019-09-25 07:28:35,051 [pool-67-thread-1] INFO  impl.RoleInfo (RoleInfo.java:updateAndGet(143)) - cdf8b493-8d99-4b97-bf55-1e19bf837156: start FollowerState
2019-09-25 07:28:35,051 [pool-67-thread-1] INFO  util.JmxRegister (JmxRegister.java:tryRegister(44)) - Successfully registered JMX Bean with object name Ratis:service=RaftServer,group=group-9A12549FED0F,id=cdf8b493-8d99-4b97-bf55-1e19bf837156
2019-09-25 07:28:35,059 [RatisPipelineUtilsThread] INFO  pipeline.PipelineStateManager (PipelineStateManager.java:addPipeline(56)) - Created pipeline Pipeline[ Id: 3666be6a-01bc-485b-a3d3-9a12549fed0f, Nodes: cdf8b493-8d99-4b97-bf55-1e19bf837156{ip: 192.168.30.10, host: pr-hdds-1569-s62bp-3040748787, networkLocation: /default-rack, certSerialId: null}, Type:RATIS, Factor:ONE, State:OPEN]
2019-09-25 07:28:35,059 [RatisPipelineUtilsThread] INFO  pipeline.PipelinePlacementPolicy (PipelinePlacementPolicy.java:meetCriteria(91)) - Pipeline Placement: Doesn't meet the criteria to be viable node： 319eb9b2-446a-4b5b-95c2-98d772c8b042 Heaviness: 6 limit: 5
2019-09-25 07:28:35,060 [RatisPipelineUtilsThread] INFO  pipeline.PipelinePlacementPolicy (PipelinePlacementPolicy.java:meetCriteria(91)) - Pipeline Placement: Doesn't meet the criteria to be viable node： e9a92b31-f57e-42f9-b032-4050b3cc8be5 Heaviness: 6 limit: 5
2019-09-25 07:28:35,060 [RatisPipelineUtilsThread] INFO  pipeline.PipelinePlacementPolicy (PipelinePlacementPolicy.java:meetCriteria(91)) - Pipeline Placement: Doesn't meet the criteria to be viable node： cdf8b493-8d99-4b97-bf55-1e19bf837156 Heaviness: 6 limit: 5
2019-09-25 07:28:35,060 [RatisPipelineUtilsThread] INFO  pipeline.PipelinePlacementPolicy (PipelinePlacementPolicy.java:meetCriteria(91)) - Pipeline Placement: Doesn't meet the criteria to be viable node： a3425e08-24ce-4736-9f6e-1b8551260ff2 Heaviness: 6 limit: 5
2019-09-25 07:28:35,060 [RatisPipelineUtilsThread] INFO  pipeline.PipelinePlacementPolicy (PipelinePlacementPolicy.java:meetCriteria(91)) - Pipeline Placement: Doesn't meet the criteria to be viable node： 7f677846-6321-4837-a536-8a7cfa3ddebf Heaviness: 6 limit: 5
2019-09-25 07:28:35,061 [RatisPipelineUtilsThread] ERROR pipeline.PipelinePlacementPolicy (PipelinePlacementPolicy.java:filterViableNodes(148)) - Unable to find enough nodes that meet the criteria that cannot engage in more than 5 pipelines. Nodes required: 1 Found: 0, healthy nodes count inNodeManager: 5.
2019-09-25 07:28:35,062 [RatisPipelineUtilsThread] ERROR pipeline.SCMPipelineManager (SCMPipelineManager.java:createPipeline(167)) - Pipeline creation failed due to exception: Unable to find enough nodes that meet the criteria that cannot engage in more than 5 pipelines. Nodes required: 1 Found: 0, healthy nodes count inNodeManager: 5.
2019-09-25 07:28:35,063 [RatisPipelineUtilsThread] INFO  pipeline.PipelinePlacementPolicy (PipelinePlacementPolicy.java:meetCriteria(91)) - Pipeline Placement: Doesn't meet the criteria to be viable node： 319eb9b2-446a-4b5b-95c2-98d772c8b042 Heaviness: 6 limit: 5
2019-09-25 07:28:35,063 [RatisPipelineUtilsThread] INFO  pipeline.PipelinePlacementPolicy (PipelinePlacementPolicy.java:meetCriteria(91)) - Pipeline Placement: Doesn't meet the criteria to be viable node： e9a92b31-f57e-42f9-b032-4050b3cc8be5 Heaviness: 6 limit: 5
2019-09-25 07:28:35,063 [RatisPipelineUtilsThread] INFO  pipeline.PipelinePlacementPolicy (PipelinePlacementPolicy.java:meetCriteria(91)) - Pipeline Placement: Doesn't meet the criteria to be viable node： cdf8b493-8d99-4b97-bf55-1e19bf837156 Heaviness: 6 limit: 5
2019-09-25 07:28:35,063 [RatisPipelineUtilsThread] INFO  pipeline.PipelinePlacementPolicy (PipelinePlacementPolicy.java:meetCriteria(91)) - Pipeline Placement: Doesn't meet the criteria to be viable node： a3425e08-24ce-4736-9f6e-1b8551260ff2 Heaviness: 6 limit: 5
2019-09-25 07:28:35,063 [RatisPipelineUtilsThread] INFO  pipeline.PipelinePlacementPolicy (PipelinePlacementPolicy.java:meetCriteria(91)) - Pipeline Placement: Doesn't meet the criteria to be viable node： 7f677846-6321-4837-a536-8a7cfa3ddebf Heaviness: 6 limit: 5
2019-09-25 07:28:35,064 [RatisPipelineUtilsThread] ERROR pipeline.PipelinePlacementPolicy (PipelinePlacementPolicy.java:filterViableNodes(148)) - Unable to find enough nodes that meet the criteria that cannot engage in more than 5 pipelines. Nodes required: 3 Found: 0, healthy nodes count inNodeManager: 5.
2019-09-25 07:28:35,064 [RatisPipelineUtilsThread] ERROR pipeline.SCMPipelineManager (SCMPipelineManager.java:createPipeline(167)) - Pipeline creation failed due to exception: Unable to find enough nodes that meet the criteria that cannot engage in more than 5 pipelines. Nodes required: 3 Found: 0, healthy nodes count inNodeManager: 5.
2019-09-25 07:28:35,066 [RatisPipelineUtilsThread] INFO  pipeline.PipelinePlacementPolicy (PipelinePlacementPolicy.java:meetCriteria(91)) - Pipeline Placement: Doesn't meet the criteria to be viable node： 319eb9b2-446a-4b5b-95c2-98d772c8b042 Heaviness: 6 limit: 5
2019-09-25 07:28:35,066 [RatisPipelineUtilsThread] INFO  pipeline.PipelinePlacementPolicy (PipelinePlacementPolicy.java:meetCriteria(91)) - Pipeline Placement: Doesn't meet the criteria to be viable node： e9a92b31-f57e-42f9-b032-4050b3cc8be5 Heaviness: 6 limit: 5
2019-09-25 07:28:35,066 [RatisPipelineUtilsThread] INFO  pipeline.PipelinePlacementPolicy (PipelinePlacementPolicy.java:meetCriteria(91)) - Pipeline Placement: Doesn't meet the criteria to be viable node： cdf8b493-8d99-4b97-bf55-1e19bf837156 Heaviness: 6 limit: 5
2019-09-25 07:28:35,066 [RatisPipelineUtilsThread] INFO  pipeline.PipelinePlacementPolicy (PipelinePlacementPolicy.java:meetCriteria(91)) - Pipeline Placement: Doesn't meet the criteria to be viable node： a3425e08-24ce-4736-9f6e-1b8551260ff2 Heaviness: 6 limit: 5
2019-09-25 07:28:35,067 [RatisPipelineUtilsThread] INFO  pipeline.PipelinePlacementPolicy (PipelinePlacementPolicy.java:meetCriteria(91)) - Pipeline Placement: Doesn't meet the criteria to be viable node： 7f677846-6321-4837-a536-8a7cfa3ddebf Heaviness: 6 limit: 5
2019-09-25 07:28:35,067 [RatisPipelineUtilsThread] ERROR pipeline.PipelinePlacementPolicy (PipelinePlacementPolicy.java:filterViableNodes(148)) - Unable to find enough nodes that meet the criteria that cannot engage in more than 5 pipelines. Nodes required: 1 Found: 0, healthy nodes count inNodeManager: 5.
2019-09-25 07:28:35,067 [RatisPipelineUtilsThread] ERROR pipeline.SCMPipelineManager (SCMPipelineManager.java:createPipeline(167)) - Pipeline creation failed due to exception: Unable to find enough nodes that meet the criteria that cannot engage in more than 5 pipelines. Nodes required: 1 Found: 0, healthy nodes count inNodeManager: 5.
2019-09-25 07:28:35,067 [RatisPipelineUtilsThread] INFO  pipeline.PipelinePlacementPolicy (PipelinePlacementPolicy.java:meetCriteria(91)) - Pipeline Placement: Doesn't meet the criteria to be viable node： 319eb9b2-446a-4b5b-95c2-98d772c8b042 Heaviness: 6 limit: 5
2019-09-25 07:28:35,067 [RatisPipelineUtilsThread] INFO  pipeline.PipelinePlacementPolicy (PipelinePlacementPolicy.java:meetCriteria(91)) - Pipeline Placement: Doesn't meet the criteria to be viable node： e9a92b31-f57e-42f9-b032-4050b3cc8be5 Heaviness: 6 limit: 5
2019-09-25 07:28:35,068 [RatisPipelineUtilsThread] INFO  pipeline.PipelinePlacementPolicy (PipelinePlacementPolicy.java:meetCriteria(91)) - Pipeline Placement: Doesn't meet the criteria to be viable node： cdf8b493-8d99-4b97-bf55-1e19bf837156 Heaviness: 6 limit: 5
2019-09-25 07:28:35,068 [RatisPipelineUtilsThread] INFO  pipeline.PipelinePlacementPolicy (PipelinePlacementPolicy.java:meetCriteria(91)) - Pipeline Placement: Doesn't meet the criteria to be viable node： a3425e08-24ce-4736-9f6e-1b8551260ff2 Heaviness: 6 limit: 5
2019-09-25 07:28:35,068 [RatisPipelineUtilsThread] INFO  pipeline.PipelinePlacementPolicy (PipelinePlacementPolicy.java:meetCriteria(91)) - Pipeline Placement: Doesn't meet the criteria to be viable node： 7f677846-6321-4837-a536-8a7cfa3ddebf Heaviness: 6 limit: 5
2019-09-25 07:28:35,068 [RatisPipelineUtilsThread] ERROR pipeline.PipelinePlacementPolicy (PipelinePlacementPolicy.java:filterViableNodes(148)) - Unable to find enough nodes that meet the criteria that cannot engage in more than 5 pipelines. Nodes required: 3 Found: 0, healthy nodes count inNodeManager: 5.
2019-09-25 07:28:35,068 [RatisPipelineUtilsThread] ERROR pipeline.SCMPipelineManager (SCMPipelineManager.java:createPipeline(167)) - Pipeline creation failed due to exception: Unable to find enough nodes that meet the criteria that cannot engage in more than 5 pipelines. Nodes required: 3 Found: 0, healthy nodes count inNodeManager: 5.
2019-09-25 07:28:35,069 [IPC Server handler 0 on 33386] INFO  pipeline.PipelinePlacementPolicy (PipelinePlacementPolicy.java:meetCriteria(91)) - Pipeline Placement: Doesn't meet the criteria to be viable node： 319eb9b2-446a-4b5b-95c2-98d772c8b042 Heaviness: 6 limit: 5
2019-09-25 07:28:35,069 [IPC Server handler 0 on 33386] INFO  pipeline.PipelinePlacementPolicy (PipelinePlacementPolicy.java:meetCriteria(91)) - Pipeline Placement: Doesn't meet the criteria to be viable node： e9a92b31-f57e-42f9-b032-4050b3cc8be5 Heaviness: 6 limit: 5
2019-09-25 07:28:35,069 [IPC Server handler 0 on 33386] INFO  pipeline.PipelinePlacementPolicy (PipelinePlacementPolicy.java:meetCriteria(91)) - Pipeline Placement: Doesn't meet the criteria to be viable node： cdf8b493-8d99-4b97-bf55-1e19bf837156 Heaviness: 6 limit: 5
2019-09-25 07:28:35,070 [IPC Server handler 0 on 33386] INFO  pipeline.PipelinePlacementPolicy (PipelinePlacementPolicy.java:meetCriteria(91)) - Pipeline Placement: Doesn't meet the criteria to be viable node： a3425e08-24ce-4736-9f6e-1b8551260ff2 Heaviness: 6 limit: 5
2019-09-25 07:28:35,070 [IPC Server handler 0 on 33386] INFO  pipeline.PipelinePlacementPolicy (PipelinePlacementPolicy.java:meetCriteria(91)) - Pipeline Placement: Doesn't meet the criteria to be viable node： 7f677846-6321-4837-a536-8a7cfa3ddebf Heaviness: 6 limit: 5
2019-09-25 07:28:35,070 [IPC Server handler 0 on 33386] ERROR pipeline.PipelinePlacementPolicy (PipelinePlacementPolicy.java:filterViableNodes(148)) - Unable to find enough nodes that meet the criteria that cannot engage in more than 5 pipelines. Nodes required: 3 Found: 0, healthy nodes count inNodeManager: 5.
2019-09-25 07:28:35,070 [IPC Server handler 0 on 33386] ERROR pipeline.SCMPipelineManager (SCMPipelineManager.java:createPipeline(167)) - Pipeline creation failed due to exception: Unable to find enough nodes that meet the criteria that cannot engage in more than 5 pipelines. Nodes required: 3 Found: 0, healthy nodes count inNodeManager: 5.
2019-09-25 07:28:35,071 [IPC Server handler 0 on 33386] WARN  block.BlockManagerImpl (BlockManagerImpl.java:allocateBlock(192)) - Pipeline creation failed for type:RATIS factor:THREE. Retrying get pipelines call once.
org.apache.hadoop.hdds.scm.exceptions.SCMException: Unable to find enough nodes that meet the criteria that cannot engage in more than 5 pipelines. Nodes required: 3 Found: 0, healthy nodes count inNodeManager: 5.
	at org.apache.hadoop.hdds.scm.pipeline.PipelinePlacementPolicy.filterViableNodes(PipelinePlacementPolicy.java:149)
	at org.apache.hadoop.hdds.scm.pipeline.PipelinePlacementPolicy.chooseDatanodes(PipelinePlacementPolicy.java:172)
	at org.apache.hadoop.hdds.scm.pipeline.RatisPipelineProvider.create(RatisPipelineProvider.java:93)
	at org.apache.hadoop.hdds.scm.pipeline.PipelineFactory.create(PipelineFactory.java:58)
	at org.apache.hadoop.hdds.scm.pipeline.SCMPipelineManager.createPipeline(SCMPipelineManager.java:155)
	at org.apache.hadoop.hdds.scm.block.BlockManagerImpl.allocateBlock(BlockManagerImpl.java:190)
	at org.apache.hadoop.hdds.scm.server.SCMBlockProtocolServer.allocateBlock(SCMBlockProtocolServer.java:182)
	at org.apache.hadoop.ozone.protocolPB.ScmBlockLocationProtocolServerSideTranslatorPB.allocateScmBlock(ScmBlockLocationProtocolServerSideTranslatorPB.java:183)
	at org.apache.hadoop.ozone.protocolPB.ScmBlockLocationProtocolServerSideTranslatorPB.processMessage(ScmBlockLocationProtocolServerSideTranslatorPB.java:141)
	at org.apache.hadoop.ozone.protocolPB.ScmBlockLocationProtocolServerSideTranslatorPB.send(ScmBlockLocationProtocolServerSideTranslatorPB.java:116)
	at org.apache.hadoop.hdds.protocol.proto.ScmBlockLocationProtocolProtos$ScmBlockLocationProtocolService$2.callBlockingMethod(ScmBlockLocationProtocolProtos.java:13157)
	at org.apache.hadoop.ipc.ProtobufRpcEngine$Server$ProtoBufRpcInvoker.call(ProtobufRpcEngine.java:524)
	at org.apache.hadoop.ipc.RPC$Server.call(RPC.java:1025)
	at org.apache.hadoop.ipc.Server$RpcCall.run(Server.java:876)
	at org.apache.hadoop.ipc.Server$RpcCall.run(Server.java:822)
	at java.security.AccessController.doPrivileged(Native Method)
	at javax.security.auth.Subject.doAs(Subject.java:422)
	at org.apache.hadoop.security.UserGroupInformation.doAs(UserGroupInformation.java:1730)
	at org.apache.hadoop.ipc.Server$Handler.run(Server.java:2682)
2019-09-25 07:28:35,073 [IPC Server handler 0 on 33386] INFO  block.BlockManagerImpl (BlockManagerImpl.java:allocateBlock(198)) - Could not find available pipeline of type:RATIS and factor:THREE even after retrying
2019-09-25 07:28:35,074 [IPC Server handler 0 on 33386] ERROR block.BlockManagerImpl (BlockManagerImpl.java:allocateBlock(222)) - Unable to allocate a block for the size: 4194304, type: RATIS, factor: THREE
2019-09-25 07:28:35,074 [IPC Server handler 0 on 33386] INFO  pipeline.PipelinePlacementPolicy (PipelinePlacementPolicy.java:meetCriteria(91)) - Pipeline Placement: Doesn't meet the criteria to be viable node： 319eb9b2-446a-4b5b-95c2-98d772c8b042 Heaviness: 6 limit: 5
2019-09-25 07:28:35,074 [IPC Server handler 0 on 33386] INFO  pipeline.PipelinePlacementPolicy (PipelinePlacementPolicy.java:meetCriteria(91)) - Pipeline Placement: Doesn't meet the criteria to be viable node： e9a92b31-f57e-42f9-b032-4050b3cc8be5 Heaviness: 6 limit: 5
2019-09-25 07:28:35,074 [IPC Server handler 0 on 33386] INFO  pipeline.PipelinePlacementPolicy (PipelinePlacementPolicy.java:meetCriteria(91)) - Pipeline Placement: Doesn't meet the criteria to be viable node： cdf8b493-8d99-4b97-bf55-1e19bf837156 Heaviness: 6 limit: 5
2019-09-25 07:28:35,075 [IPC Server handler 0 on 33386] INFO  pipeline.PipelinePlacementPolicy (PipelinePlacementPolicy.java:meetCriteria(91)) - Pipeline Placement: Doesn't meet the criteria to be viable node： a3425e08-24ce-4736-9f6e-1b8551260ff2 Heaviness: 6 limit: 5
2019-09-25 07:28:35,075 [IPC Server handler 0 on 33386] INFO  pipeline.PipelinePlacementPolicy (PipelinePlacementPolicy.java:meetCriteria(91)) - Pipeline Placement: Doesn't meet the criteria to be viable node： 7f677846-6321-4837-a536-8a7cfa3ddebf Heaviness: 6 limit: 5
2019-09-25 07:28:35,075 [IPC Server handler 0 on 33386] ERROR pipeline.PipelinePlacementPolicy (PipelinePlacementPolicy.java:filterViableNodes(148)) - Unable to find enough nodes that meet the criteria that cannot engage in more than 5 pipelines. Nodes required: 3 Found: 0, healthy nodes count inNodeManager: 5.
2019-09-25 07:28:35,075 [IPC Server handler 0 on 33386] ERROR pipeline.SCMPipelineManager (SCMPipelineManager.java:createPipeline(167)) - Pipeline creation failed due to exception: Unable to find enough nodes that meet the criteria that cannot engage in more than 5 pipelines. Nodes required: 3 Found: 0, healthy nodes count inNodeManager: 5.
2019-09-25 07:28:35,075 [IPC Server handler 0 on 33386] WARN  block.BlockManagerImpl (BlockManagerImpl.java:allocateBlock(192)) - Pipeline creation failed for type:RATIS factor:THREE. Retrying get pipelines call once.
org.apache.hadoop.hdds.scm.exceptions.SCMException: Unable to find enough nodes that meet the criteria that cannot engage in more than 5 pipelines. Nodes required: 3 Found: 0, healthy nodes count inNodeManager: 5.
	at org.apache.hadoop.hdds.scm.pipeline.PipelinePlacementPolicy.filterViableNodes(PipelinePlacementPolicy.java:149)
	at org.apache.hadoop.hdds.scm.pipeline.PipelinePlacementPolicy.chooseDatanodes(PipelinePlacementPolicy.java:172)
	at org.apache.hadoop.hdds.scm.pipeline.RatisPipelineProvider.create(RatisPipelineProvider.java:93)
	at org.apache.hadoop.hdds.scm.pipeline.PipelineFactory.create(PipelineFactory.java:58)
	at org.apache.hadoop.hdds.scm.pipeline.SCMPipelineManager.createPipeline(SCMPipelineManager.java:155)
	at org.apache.hadoop.hdds.scm.block.BlockManagerImpl.allocateBlock(BlockManagerImpl.java:190)
	at org.apache.hadoop.hdds.scm.server.SCMBlockProtocolServer.allocateBlock(SCMBlockProtocolServer.java:182)
	at org.apache.hadoop.ozone.protocolPB.ScmBlockLocationProtocolServerSideTranslatorPB.allocateScmBlock(ScmBlockLocationProtocolServerSideTranslatorPB.java:183)
	at org.apache.hadoop.ozone.protocolPB.ScmBlockLocationProtocolServerSideTranslatorPB.processMessage(ScmBlockLocationProtocolServerSideTranslatorPB.java:141)
	at org.apache.hadoop.ozone.protocolPB.ScmBlockLocationProtocolServerSideTranslatorPB.send(ScmBlockLocationProtocolServerSideTranslatorPB.java:116)
	at org.apache.hadoop.hdds.protocol.proto.ScmBlockLocationProtocolProtos$ScmBlockLocationProtocolService$2.callBlockingMethod(ScmBlockLocationProtocolProtos.java:13157)
	at org.apache.hadoop.ipc.ProtobufRpcEngine$Server$ProtoBufRpcInvoker.call(ProtobufRpcEngine.java:524)
	at org.apache.hadoop.ipc.RPC$Server.call(RPC.java:1025)
	at org.apache.hadoop.ipc.Server$RpcCall.run(Server.java:876)
	at org.apache.hadoop.ipc.Server$RpcCall.run(Server.java:822)
	at java.security.AccessController.doPrivileged(Native Method)
	at javax.security.auth.Subject.doAs(Subject.java:422)
	at org.apache.hadoop.security.UserGroupInformation.doAs(UserGroupInformation.java:1730)
	at org.apache.hadoop.ipc.Server$Handler.run(Server.java:2682)
2019-09-25 07:28:35,076 [IPC Server handler 0 on 33386] INFO  block.BlockManagerImpl (BlockManagerImpl.java:allocateBlock(198)) - Could not find available pipeline of type:RATIS and factor:THREE even after retrying
2019-09-25 07:28:35,076 [IPC Server handler 0 on 33386] ERROR block.BlockManagerImpl (BlockManagerImpl.java:allocateBlock(222)) - Unable to allocate a block for the size: 4194304, type: RATIS, factor: THREE
2019-09-25 07:28:35,076 [IPC Server handler 0 on 33386] INFO  pipeline.PipelinePlacementPolicy (PipelinePlacementPolicy.java:meetCriteria(91)) - Pipeline Placement: Doesn't meet the criteria to be viable node： 319eb9b2-446a-4b5b-95c2-98d772c8b042 Heaviness: 6 limit: 5
2019-09-25 07:28:35,077 [IPC Server handler 0 on 33386] INFO  pipeline.PipelinePlacementPolicy (PipelinePlacementPolicy.java:meetCriteria(91)) - Pipeline Placement: Doesn't meet the criteria to be viable node： e9a92b31-f57e-42f9-b032-4050b3cc8be5 Heaviness: 6 limit: 5
2019-09-25 07:28:35,077 [IPC Server handler 0 on 33386] INFO  pipeline.PipelinePlacementPolicy (PipelinePlacementPolicy.java:meetCriteria(91)) - Pipeline Placement: Doesn't meet the criteria to be viable node： cdf8b493-8d99-4b97-bf55-1e19bf837156 Heaviness: 6 limit: 5
2019-09-25 07:28:35,077 [IPC Server handler 0 on 33386] INFO  pipeline.PipelinePlacementPolicy (PipelinePlacementPolicy.java:meetCriteria(91)) - Pipeline Placement: Doesn't meet the criteria to be viable node： a3425e08-24ce-4736-9f6e-1b8551260ff2 Heaviness: 6 limit: 5
2019-09-25 07:28:35,077 [IPC Server handler 0 on 33386] INFO  pipeline.PipelinePlacementPolicy (PipelinePlacementPolicy.java:meetCriteria(91)) - Pipeline Placement: Doesn't meet the criteria to be viable node： 7f677846-6321-4837-a536-8a7cfa3ddebf Heaviness: 6 limit: 5
2019-09-25 07:28:35,077 [IPC Server handler 0 on 33386] ERROR pipeline.PipelinePlacementPolicy (PipelinePlacementPolicy.java:filterViableNodes(148)) - Unable to find enough nodes that meet the criteria that cannot engage in more than 5 pipelines. Nodes required: 3 Found: 0, healthy nodes count inNodeManager: 5.
2019-09-25 07:28:35,078 [IPC Server handler 0 on 33386] ERROR pipeline.SCMPipelineManager (SCMPipelineManager.java:createPipeline(167)) - Pipeline creation failed due to exception: Unable to find enough nodes that meet the criteria that cannot engage in more than 5 pipelines. Nodes required: 3 Found: 0, healthy nodes count inNodeManager: 5.
2019-09-25 07:28:35,078 [IPC Server handler 0 on 33386] WARN  block.BlockManagerImpl (BlockManagerImpl.java:allocateBlock(192)) - Pipeline creation failed for type:RATIS factor:THREE. Retrying get pipelines call once.
org.apache.hadoop.hdds.scm.exceptions.SCMException: Unable to find enough nodes that meet the criteria that cannot engage in more than 5 pipelines. Nodes required: 3 Found: 0, healthy nodes count inNodeManager: 5.
	at org.apache.hadoop.hdds.scm.pipeline.PipelinePlacementPolicy.filterViableNodes(PipelinePlacementPolicy.java:149)
	at org.apache.hadoop.hdds.scm.pipeline.PipelinePlacementPolicy.chooseDatanodes(PipelinePlacementPolicy.java:172)
	at org.apache.hadoop.hdds.scm.pipeline.RatisPipelineProvider.create(RatisPipelineProvider.java:93)
	at org.apache.hadoop.hdds.scm.pipeline.PipelineFactory.create(PipelineFactory.java:58)
	at org.apache.hadoop.hdds.scm.pipeline.SCMPipelineManager.createPipeline(SCMPipelineManager.java:155)
	at org.apache.hadoop.hdds.scm.block.BlockManagerImpl.allocateBlock(BlockManagerImpl.java:190)
	at org.apache.hadoop.hdds.scm.server.SCMBlockProtocolServer.allocateBlock(SCMBlockProtocolServer.java:182)
	at org.apache.hadoop.ozone.protocolPB.ScmBlockLocationProtocolServerSideTranslatorPB.allocateScmBlock(ScmBlockLocationProtocolServerSideTranslatorPB.java:183)
	at org.apache.hadoop.ozone.protocolPB.ScmBlockLocationProtocolServerSideTranslatorPB.processMessage(ScmBlockLocationProtocolServerSideTranslatorPB.java:141)
	at org.apache.hadoop.ozone.protocolPB.ScmBlockLocationProtocolServerSideTranslatorPB.send(ScmBlockLocationProtocolServerSideTranslatorPB.java:116)
	at org.apache.hadoop.hdds.protocol.proto.ScmBlockLocationProtocolProtos$ScmBlockLocationProtocolService$2.callBlockingMethod(ScmBlockLocationProtocolProtos.java:13157)
	at org.apache.hadoop.ipc.ProtobufRpcEngine$Server$ProtoBufRpcInvoker.call(ProtobufRpcEngine.java:524)
	at org.apache.hadoop.ipc.RPC$Server.call(RPC.java:1025)
	at org.apache.hadoop.ipc.Server$RpcCall.run(Server.java:876)
	at org.apache.hadoop.ipc.Server$RpcCall.run(Server.java:822)
	at java.security.AccessController.doPrivileged(Native Method)
	at javax.security.auth.Subject.doAs(Subject.java:422)
	at org.apache.hadoop.security.UserGroupInformation.doAs(UserGroupInformation.java:1730)
	at org.apache.hadoop.ipc.Server$Handler.run(Server.java:2682)
2019-09-25 07:28:35,078 [IPC Server handler 0 on 33386] INFO  block.BlockManagerImpl (BlockManagerImpl.java:allocateBlock(198)) - Could not find available pipeline of type:RATIS and factor:THREE even after retrying
2019-09-25 07:28:35,078 [IPC Server handler 0 on 33386] ERROR block.BlockManagerImpl (BlockManagerImpl.java:allocateBlock(222)) - Unable to allocate a block for the size: 4194304, type: RATIS, factor: THREE
2019-09-25 07:28:35,079 [IPC Server handler 0 on 33386] INFO  pipeline.PipelinePlacementPolicy (PipelinePlacementPolicy.java:meetCriteria(91)) - Pipeline Placement: Doesn't meet the criteria to be viable node： 319eb9b2-446a-4b5b-95c2-98d772c8b042 Heaviness: 6 limit: 5
2019-09-25 07:28:35,079 [IPC Server handler 0 on 33386] INFO  pipeline.PipelinePlacementPolicy (PipelinePlacementPolicy.java:meetCriteria(91)) - Pipeline Placement: Doesn't meet the criteria to be viable node： e9a92b31-f57e-42f9-b032-4050b3cc8be5 Heaviness: 6 limit: 5
2019-09-25 07:28:35,079 [IPC Server handler 0 on 33386] INFO  pipeline.PipelinePlacementPolicy (PipelinePlacementPolicy.java:meetCriteria(91)) - Pipeline Placement: Doesn't meet the criteria to be viable node： cdf8b493-8d99-4b97-bf55-1e19bf837156 Heaviness: 6 limit: 5
2019-09-25 07:28:35,079 [IPC Server handler 0 on 33386] INFO  pipeline.PipelinePlacementPolicy (PipelinePlacementPolicy.java:meetCriteria(91)) - Pipeline Placement: Doesn't meet the criteria to be viable node： a3425e08-24ce-4736-9f6e-1b8551260ff2 Heaviness: 6 limit: 5
2019-09-25 07:28:35,079 [IPC Server handler 0 on 33386] INFO  pipeline.PipelinePlacementPolicy (PipelinePlacementPolicy.java:meetCriteria(91)) - Pipeline Placement: Doesn't meet the criteria to be viable node： 7f677846-6321-4837-a536-8a7cfa3ddebf Heaviness: 6 limit: 5
2019-09-25 07:28:35,080 [IPC Server handler 0 on 33386] ERROR pipeline.PipelinePlacementPolicy (PipelinePlacementPolicy.java:filterViableNodes(148)) - Unable to find enough nodes that meet the criteria that cannot engage in more than 5 pipelines. Nodes required: 3 Found: 0, healthy nodes count inNodeManager: 5.
2019-09-25 07:28:35,080 [IPC Server handler 0 on 33386] ERROR pipeline.SCMPipelineManager (SCMPipelineManager.java:createPipeline(167)) - Pipeline creation failed due to exception: Unable to find enough nodes that meet the criteria that cannot engage in more than 5 pipelines. Nodes required: 3 Found: 0, healthy nodes count inNodeManager: 5.
2019-09-25 07:28:35,080 [IPC Server handler 0 on 33386] WARN  block.BlockManagerImpl (BlockManagerImpl.java:allocateBlock(192)) - Pipeline creation failed for type:RATIS factor:THREE. Retrying get pipelines call once.
org.apache.hadoop.hdds.scm.exceptions.SCMException: Unable to find enough nodes that meet the criteria that cannot engage in more than 5 pipelines. Nodes required: 3 Found: 0, healthy nodes count inNodeManager: 5.
	at org.apache.hadoop.hdds.scm.pipeline.PipelinePlacementPolicy.filterViableNodes(PipelinePlacementPolicy.java:149)
	at org.apache.hadoop.hdds.scm.pipeline.PipelinePlacementPolicy.chooseDatanodes(PipelinePlacementPolicy.java:172)
	at org.apache.hadoop.hdds.scm.pipeline.RatisPipelineProvider.create(RatisPipelineProvider.java:93)
	at org.apache.hadoop.hdds.scm.pipeline.PipelineFactory.create(PipelineFactory.java:58)
	at org.apache.hadoop.hdds.scm.pipeline.SCMPipelineManager.createPipeline(SCMPipelineManager.java:155)
	at org.apache.hadoop.hdds.scm.block.BlockManagerImpl.allocateBlock(BlockManagerImpl.java:190)
	at org.apache.hadoop.hdds.scm.server.SCMBlockProtocolServer.allocateBlock(SCMBlockProtocolServer.java:182)
	at org.apache.hadoop.ozone.protocolPB.ScmBlockLocationProtocolServerSideTranslatorPB.allocateScmBlock(ScmBlockLocationProtocolServerSideTranslatorPB.java:183)
	at org.apache.hadoop.ozone.protocolPB.ScmBlockLocationProtocolServerSideTranslatorPB.processMessage(ScmBlockLocationProtocolServerSideTranslatorPB.java:141)
	at org.apache.hadoop.ozone.protocolPB.ScmBlockLocationProtocolServerSideTranslatorPB.send(ScmBlockLocationProtocolServerSideTranslatorPB.java:116)
	at org.apache.hadoop.hdds.protocol.proto.ScmBlockLocationProtocolProtos$ScmBlockLocationProtocolService$2.callBlockingMethod(ScmBlockLocationProtocolProtos.java:13157)
	at org.apache.hadoop.ipc.ProtobufRpcEngine$Server$ProtoBufRpcInvoker.call(ProtobufRpcEngine.java:524)
	at org.apache.hadoop.ipc.RPC$Server.call(RPC.java:1025)
	at org.apache.hadoop.ipc.Server$RpcCall.run(Server.java:876)
	at org.apache.hadoop.ipc.Server$RpcCall.run(Server.java:822)
	at java.security.AccessController.doPrivileged(Native Method)
	at javax.security.auth.Subject.doAs(Subject.java:422)
	at org.apache.hadoop.security.UserGroupInformation.doAs(UserGroupInformation.java:1730)
	at org.apache.hadoop.ipc.Server$Handler.run(Server.java:2682)
2019-09-25 07:28:35,081 [IPC Server handler 0 on 33386] INFO  block.BlockManagerImpl (BlockManagerImpl.java:allocateBlock(198)) - Could not find available pipeline of type:RATIS and factor:THREE even after retrying
2019-09-25 07:28:35,081 [IPC Server handler 0 on 33386] ERROR block.BlockManagerImpl (BlockManagerImpl.java:allocateBlock(222)) - Unable to allocate a block for the size: 4194304, type: RATIS, factor: THREE
2019-09-25 07:28:35,081 [IPC Server handler 0 on 33386] INFO  pipeline.PipelinePlacementPolicy (PipelinePlacementPolicy.java:meetCriteria(91)) - Pipeline Placement: Doesn't meet the criteria to be viable node： 319eb9b2-446a-4b5b-95c2-98d772c8b042 Heaviness: 6 limit: 5
2019-09-25 07:28:35,081 [IPC Server handler 0 on 33386] INFO  pipeline.PipelinePlacementPolicy (PipelinePlacementPolicy.java:meetCriteria(91)) - Pipeline Placement: Doesn't meet the criteria to be viable node： e9a92b31-f57e-42f9-b032-4050b3cc8be5 Heaviness: 6 limit: 5
2019-09-25 07:28:35,082 [IPC Server handler 0 on 33386] INFO  pipeline.PipelinePlacementPolicy (PipelinePlacementPolicy.java:meetCriteria(91)) - Pipeline Placement: Doesn't meet the criteria to be viable node： cdf8b493-8d99-4b97-bf55-1e19bf837156 Heaviness: 6 limit: 5
2019-09-25 07:28:35,082 [IPC Server handler 0 on 33386] INFO  pipeline.PipelinePlacementPolicy (PipelinePlacementPolicy.java:meetCriteria(91)) - Pipeline Placement: Doesn't meet the criteria to be viable node： a3425e08-24ce-4736-9f6e-1b8551260ff2 Heaviness: 6 limit: 5
2019-09-25 07:28:35,082 [IPC Server handler 0 on 33386] INFO  pipeline.PipelinePlacementPolicy (PipelinePlacementPolicy.java:meetCriteria(91)) - Pipeline Placement: Doesn't meet the criteria to be viable node： 7f677846-6321-4837-a536-8a7cfa3ddebf Heaviness: 6 limit: 5
2019-09-25 07:28:35,082 [IPC Server handler 0 on 33386] ERROR pipeline.PipelinePlacementPolicy (PipelinePlacementPolicy.java:filterViableNodes(148)) - Unable to find enough nodes that meet the criteria that cannot engage in more than 5 pipelines. Nodes required: 3 Found: 0, healthy nodes count inNodeManager: 5.
2019-09-25 07:28:35,082 [IPC Server handler 0 on 33386] ERROR pipeline.SCMPipelineManager (SCMPipelineManager.java:createPipeline(167)) - Pipeline creation failed due to exception: Unable to find enough nodes that meet the criteria that cannot engage in more than 5 pipelines. Nodes required: 3 Found: 0, healthy nodes count inNodeManager: 5.
2019-09-25 07:28:35,082 [IPC Server handler 0 on 33386] WARN  block.BlockManagerImpl (BlockManagerImpl.java:allocateBlock(192)) - Pipeline creation failed for type:RATIS factor:THREE. Retrying get pipelines call once.
org.apache.hadoop.hdds.scm.exceptions.SCMException: Unable to find enough nodes that meet the criteria that cannot engage in more than 5 pipelines. Nodes required: 3 Found: 0, healthy nodes count inNodeManager: 5.
	at org.apache.hadoop.hdds.scm.pipeline.PipelinePlacementPolicy.filterViableNodes(PipelinePlacementPolicy.java:149)
	at org.apache.hadoop.hdds.scm.pipeline.PipelinePlacementPolicy.chooseDatanodes(PipelinePlacementPolicy.java:172)
	at org.apache.hadoop.hdds.scm.pipeline.RatisPipelineProvider.create(RatisPipelineProvider.java:93)
	at org.apache.hadoop.hdds.scm.pipeline.PipelineFactory.create(PipelineFactory.java:58)
	at org.apache.hadoop.hdds.scm.pipeline.SCMPipelineManager.createPipeline(SCMPipelineManager.java:155)
	at org.apache.hadoop.hdds.scm.block.BlockManagerImpl.allocateBlock(BlockManagerImpl.java:190)
	at org.apache.hadoop.hdds.scm.server.SCMBlockProtocolServer.allocateBlock(SCMBlockProtocolServer.java:182)
	at org.apache.hadoop.ozone.protocolPB.ScmBlockLocationProtocolServerSideTranslatorPB.allocateScmBlock(ScmBlockLocationProtocolServerSideTranslatorPB.java:183)
	at org.apache.hadoop.ozone.protocolPB.ScmBlockLocationProtocolServerSideTranslatorPB.processMessage(ScmBlockLocationProtocolServerSideTranslatorPB.java:141)
	at org.apache.hadoop.ozone.protocolPB.ScmBlockLocationProtocolServerSideTranslatorPB.send(ScmBlockLocationProtocolServerSideTranslatorPB.java:116)
	at org.apache.hadoop.hdds.protocol.proto.ScmBlockLocationProtocolProtos$ScmBlockLocationProtocolService$2.callBlockingMethod(ScmBlockLocationProtocolProtos.java:13157)
	at org.apache.hadoop.ipc.ProtobufRpcEngine$Server$ProtoBufRpcInvoker.call(ProtobufRpcEngine.java:524)
	at org.apache.hadoop.ipc.RPC$Server.call(RPC.java:1025)
	at org.apache.hadoop.ipc.Server$RpcCall.run(Server.java:876)
	at org.apache.hadoop.ipc.Server$RpcCall.run(Server.java:822)
	at java.security.AccessController.doPrivileged(Native Method)
	at javax.security.auth.Subject.doAs(Subject.java:422)
	at org.apache.hadoop.security.UserGroupInformation.doAs(UserGroupInformation.java:1730)
	at org.apache.hadoop.ipc.Server$Handler.run(Server.java:2682)
2019-09-25 07:28:35,083 [IPC Server handler 0 on 33386] INFO  block.BlockManagerImpl (BlockManagerImpl.java:allocateBlock(198)) - Could not find available pipeline of type:RATIS and factor:THREE even after retrying
2019-09-25 07:28:35,083 [IPC Server handler 0 on 33386] ERROR block.BlockManagerImpl (BlockManagerImpl.java:allocateBlock(222)) - Unable to allocate a block for the size: 4194304, type: RATIS, factor: THREE
2019-09-25 07:28:35,091 [pool-73-thread-3] ERROR freon.RandomKeyGenerator (RandomKeyGenerator.java:createKey(733)) - Exception while adding key: key-0-19409 in bucket: bucket-0-38978 of volume: vol-0-17279.
INTERNAL_ERROR org.apache.hadoop.ozone.om.exceptions.OMException: Allocated 0 blocks. Requested 5 blocks
	at org.apache.hadoop.ozone.om.protocolPB.OzoneManagerProtocolClientSideTranslatorPB.handleError(OzoneManagerProtocolClientSideTranslatorPB.java:732)
	at org.apache.hadoop.ozone.om.protocolPB.OzoneManagerProtocolClientSideTranslatorPB.openKey(OzoneManagerProtocolClientSideTranslatorPB.java:723)
	at sun.reflect.NativeMethodAccessorImpl.invoke0(Native Method)
	at sun.reflect.NativeMethodAccessorImpl.invoke(NativeMethodAccessorImpl.java:62)
	at sun.reflect.DelegatingMethodAccessorImpl.invoke(DelegatingMethodAccessorImpl.java:43)
	at java.lang.reflect.Method.invoke(Method.java:498)
	at org.apache.hadoop.hdds.tracing.TraceAllMethod.invoke(TraceAllMethod.java:66)
	at com.sun.proxy.$Proxy37.openKey(Unknown Source)
	at org.apache.hadoop.ozone.client.rpc.RpcClient.createKey(RpcClient.java:614)
	at org.apache.hadoop.ozone.client.OzoneBucket.createKey(OzoneBucket.java:325)
	at org.apache.hadoop.ozone.freon.RandomKeyGenerator.createKey(RandomKeyGenerator.java:695)
	at org.apache.hadoop.ozone.freon.RandomKeyGenerator.access$1100(RandomKeyGenerator.java:88)
	at org.apache.hadoop.ozone.freon.RandomKeyGenerator$ObjectCreator.run(RandomKeyGenerator.java:615)
	at java.util.concurrent.Executors$RunnableAdapter.call(Executors.java:511)
	at java.util.concurrent.FutureTask.run(FutureTask.java:266)
	at java.util.concurrent.ThreadPoolExecutor.runWorker(ThreadPoolExecutor.java:1149)
	at java.util.concurrent.ThreadPoolExecutor$Worker.run(ThreadPoolExecutor.java:624)
	at java.lang.Thread.run(Thread.java:748)
 0.00% |█                                                                                                    |  0/1 Time: 0:00:02 0.00% |█                                                                                                    |  0/1 Time: 0:00:032019-09-25 07:28:37,510 [Thread-210] INFO  impl.FollowerState (FollowerState.java:run(106)) - a3425e08-24ce-4736-9f6e-1b8551260ff2:group-46AC0C7C9A13 changes to CANDIDATE, lastRpcTime:5164, electionTimeout:5163ms
2019-09-25 07:28:37,514 [Thread-210] INFO  impl.RoleInfo (RoleInfo.java:shutdownFollowerState(121)) - a3425e08-24ce-4736-9f6e-1b8551260ff2: shutdown FollowerState
2019-09-25 07:28:37,514 [Thread-210] INFO  impl.RaftServerImpl (RaftServerImpl.java:setRole(174)) - a3425e08-24ce-4736-9f6e-1b8551260ff2@group-46AC0C7C9A13: changes role from  FOLLOWER to CANDIDATE at term 0 for changeToCandidate
2019-09-25 07:28:37,522 [Thread-210] INFO  impl.RoleInfo (RoleInfo.java:updateAndGet(143)) - a3425e08-24ce-4736-9f6e-1b8551260ff2: start LeaderElection
2019-09-25 07:28:37,663 [Thread-213] INFO  impl.FollowerState (FollowerState.java:run(106)) - e9a92b31-f57e-42f9-b032-4050b3cc8be5:group-8779C3C2E944 changes to CANDIDATE, lastRpcTime:5133, electionTimeout:5132ms
2019-09-25 07:28:37,665 [Thread-213] INFO  impl.RoleInfo (RoleInfo.java:shutdownFollowerState(121)) - e9a92b31-f57e-42f9-b032-4050b3cc8be5: shutdown FollowerState
2019-09-25 07:28:37,665 [Thread-213] INFO  impl.RaftServerImpl (RaftServerImpl.java:setRole(174)) - e9a92b31-f57e-42f9-b032-4050b3cc8be5@group-8779C3C2E944: changes role from  FOLLOWER to CANDIDATE at term 0 for changeToCandidate
2019-09-25 07:28:37,666 [Thread-213] INFO  impl.RoleInfo (RoleInfo.java:updateAndGet(143)) - e9a92b31-f57e-42f9-b032-4050b3cc8be5: start LeaderElection
 0.00% |█                                                                                                    |  0/1 Time: 0:00:042019-09-25 07:28:37,729 [Thread-216] INFO  impl.FollowerState (FollowerState.java:run(106)) - a3425e08-24ce-4736-9f6e-1b8551260ff2:group-0EEA8C2B14F9 changes to CANDIDATE, lastRpcTime:5052, electionTimeout:5052ms
2019-09-25 07:28:37,729 [Thread-216] INFO  impl.RoleInfo (RoleInfo.java:shutdownFollowerState(121)) - a3425e08-24ce-4736-9f6e-1b8551260ff2: shutdown FollowerState
2019-09-25 07:28:37,730 [Thread-216] INFO  impl.RaftServerImpl (RaftServerImpl.java:setRole(174)) - a3425e08-24ce-4736-9f6e-1b8551260ff2@group-0EEA8C2B14F9: changes role from  FOLLOWER to CANDIDATE at term 0 for changeToCandidate
2019-09-25 07:28:37,730 [Thread-216] INFO  impl.RoleInfo (RoleInfo.java:updateAndGet(143)) - a3425e08-24ce-4736-9f6e-1b8551260ff2: start LeaderElection
2019-09-25 07:28:37,814 [Thread-219] INFO  impl.FollowerState (FollowerState.java:run(106)) - a3425e08-24ce-4736-9f6e-1b8551260ff2:group-057A71891E68 changes to CANDIDATE, lastRpcTime:5059, electionTimeout:5059ms
2019-09-25 07:28:37,814 [Thread-219] INFO  impl.RoleInfo (RoleInfo.java:shutdownFollowerState(121)) - a3425e08-24ce-4736-9f6e-1b8551260ff2: shutdown FollowerState
2019-09-25 07:28:37,814 [Thread-219] INFO  impl.RaftServerImpl (RaftServerImpl.java:setRole(174)) - a3425e08-24ce-4736-9f6e-1b8551260ff2@group-057A71891E68: changes role from  FOLLOWER to CANDIDATE at term 0 for changeToCandidate
2019-09-25 07:28:37,815 [Thread-219] INFO  impl.RoleInfo (RoleInfo.java:updateAndGet(143)) - a3425e08-24ce-4736-9f6e-1b8551260ff2: start LeaderElection
2019-09-25 07:28:37,897 [Thread-222] INFO  impl.FollowerState (FollowerState.java:run(106)) - a3425e08-24ce-4736-9f6e-1b8551260ff2:group-039671D25F70 changes to CANDIDATE, lastRpcTime:5069, electionTimeout:5069ms
2019-09-25 07:28:37,898 [Thread-222] INFO  impl.RoleInfo (RoleInfo.java:shutdownFollowerState(121)) - a3425e08-24ce-4736-9f6e-1b8551260ff2: shutdown FollowerState
2019-09-25 07:28:37,898 [Thread-222] INFO  impl.RaftServerImpl (RaftServerImpl.java:setRole(174)) - a3425e08-24ce-4736-9f6e-1b8551260ff2@group-039671D25F70: changes role from  FOLLOWER to CANDIDATE at term 0 for changeToCandidate
2019-09-25 07:28:37,898 [Thread-222] INFO  impl.RoleInfo (RoleInfo.java:updateAndGet(143)) - a3425e08-24ce-4736-9f6e-1b8551260ff2: start LeaderElection
2019-09-25 07:28:38,109 [Thread-225] INFO  impl.FollowerState (FollowerState.java:run(106)) - 319eb9b2-446a-4b5b-95c2-98d772c8b042:group-617521CE924D changes to CANDIDATE, lastRpcTime:5199, electionTimeout:5199ms
2019-09-25 07:28:38,109 [Thread-225] INFO  impl.RoleInfo (RoleInfo.java:shutdownFollowerState(121)) - 319eb9b2-446a-4b5b-95c2-98d772c8b042: shutdown FollowerState
2019-09-25 07:28:38,109 [Thread-225] INFO  impl.RaftServerImpl (RaftServerImpl.java:setRole(174)) - 319eb9b2-446a-4b5b-95c2-98d772c8b042@group-617521CE924D: changes role from  FOLLOWER to CANDIDATE at term 0 for changeToCandidate
2019-09-25 07:28:38,110 [Thread-225] INFO  impl.RoleInfo (RoleInfo.java:updateAndGet(143)) - 319eb9b2-446a-4b5b-95c2-98d772c8b042: start LeaderElection
2019-09-25 07:28:38,160 [Thread-228] INFO  impl.FollowerState (FollowerState.java:run(106)) - a3425e08-24ce-4736-9f6e-1b8551260ff2:group-C3F319D0DDEB changes to CANDIDATE, lastRpcTime:5019, electionTimeout:5019ms
2019-09-25 07:28:38,161 [Thread-228] INFO  impl.RoleInfo (RoleInfo.java:shutdownFollowerState(121)) - a3425e08-24ce-4736-9f6e-1b8551260ff2: shutdown FollowerState
2019-09-25 07:28:38,161 [Thread-228] INFO  impl.RaftServerImpl (RaftServerImpl.java:setRole(174)) - a3425e08-24ce-4736-9f6e-1b8551260ff2@group-C3F319D0DDEB: changes role from  FOLLOWER to CANDIDATE at term 0 for changeToCandidate
2019-09-25 07:28:38,161 [Thread-228] INFO  impl.RoleInfo (RoleInfo.java:updateAndGet(143)) - a3425e08-24ce-4736-9f6e-1b8551260ff2: start LeaderElection
2019-09-25 07:28:38,332 [Thread-235] INFO  impl.FollowerState (FollowerState.java:run(106)) - 319eb9b2-446a-4b5b-95c2-98d772c8b042:group-84273C5D0C78 changes to CANDIDATE, lastRpcTime:5014, electionTimeout:5014ms
2019-09-25 07:28:38,332 [Thread-235] INFO  impl.RoleInfo (RoleInfo.java:shutdownFollowerState(121)) - 319eb9b2-446a-4b5b-95c2-98d772c8b042: shutdown FollowerState
2019-09-25 07:28:38,332 [Thread-235] INFO  impl.RaftServerImpl (RaftServerImpl.java:setRole(174)) - 319eb9b2-446a-4b5b-95c2-98d772c8b042@group-84273C5D0C78: changes role from  FOLLOWER to CANDIDATE at term 0 for changeToCandidate
2019-09-25 07:28:38,332 [Thread-235] INFO  impl.RoleInfo (RoleInfo.java:updateAndGet(143)) - 319eb9b2-446a-4b5b-95c2-98d772c8b042: start LeaderElection
2019-09-25 07:28:38,346 [Thread-231] INFO  impl.FollowerState (FollowerState.java:run(106)) - 7f677846-6321-4837-a536-8a7cfa3ddebf:group-1CE673173F28 changes to CANDIDATE, lastRpcTime:5110, electionTimeout:5110ms
2019-09-25 07:28:38,346 [Thread-231] INFO  impl.RoleInfo (RoleInfo.java:shutdownFollowerState(121)) - 7f677846-6321-4837-a536-8a7cfa3ddebf: shutdown FollowerState
2019-09-25 07:28:38,347 [Thread-231] INFO  impl.RaftServerImpl (RaftServerImpl.java:setRole(174)) - 7f677846-6321-4837-a536-8a7cfa3ddebf@group-1CE673173F28: changes role from  FOLLOWER to CANDIDATE at term 0 for changeToCandidate
2019-09-25 07:28:38,347 [Thread-231] INFO  impl.RoleInfo (RoleInfo.java:updateAndGet(143)) - 7f677846-6321-4837-a536-8a7cfa3ddebf: start LeaderElection
2019-09-25 07:28:38,437 [Thread-238] INFO  impl.FollowerState (FollowerState.java:run(106)) - 7f677846-6321-4837-a536-8a7cfa3ddebf:group-21A848288337 changes to CANDIDATE, lastRpcTime:5054, electionTimeout:5054ms
2019-09-25 07:28:38,437 [Thread-238] INFO  impl.RoleInfo (RoleInfo.java:shutdownFollowerState(121)) - 7f677846-6321-4837-a536-8a7cfa3ddebf: shutdown FollowerState
2019-09-25 07:28:38,437 [Thread-238] INFO  impl.RaftServerImpl (RaftServerImpl.java:setRole(174)) - 7f677846-6321-4837-a536-8a7cfa3ddebf@group-21A848288337: changes role from  FOLLOWER to CANDIDATE at term 0 for changeToCandidate
2019-09-25 07:28:38,437 [Thread-238] INFO  impl.RoleInfo (RoleInfo.java:updateAndGet(143)) - 7f677846-6321-4837-a536-8a7cfa3ddebf: start LeaderElection
2019-09-25 07:28:38,447 [Thread-241] INFO  impl.FollowerState (FollowerState.java:run(106)) - a3425e08-24ce-4736-9f6e-1b8551260ff2:group-0BC90C65DA2F changes to CANDIDATE, lastRpcTime:5003, electionTimeout:5003ms
2019-09-25 07:28:38,447 [Thread-241] INFO  impl.RoleInfo (RoleInfo.java:shutdownFollowerState(121)) - a3425e08-24ce-4736-9f6e-1b8551260ff2: shutdown FollowerState
2019-09-25 07:28:38,447 [Thread-241] INFO  impl.RaftServerImpl (RaftServerImpl.java:setRole(174)) - a3425e08-24ce-4736-9f6e-1b8551260ff2@group-0BC90C65DA2F: changes role from  FOLLOWER to CANDIDATE at term 0 for changeToCandidate
2019-09-25 07:28:38,447 [Thread-241] INFO  impl.RoleInfo (RoleInfo.java:updateAndGet(143)) - a3425e08-24ce-4736-9f6e-1b8551260ff2: start LeaderElection
2019-09-25 07:28:38,624 [Thread-245] INFO  impl.FollowerState (FollowerState.java:run(106)) - cdf8b493-8d99-4b97-bf55-1e19bf837156:group-BFFEE62B2317 changes to CANDIDATE, lastRpcTime:5107, electionTimeout:5107ms
2019-09-25 07:28:38,624 [Thread-245] INFO  impl.RoleInfo (RoleInfo.java:shutdownFollowerState(121)) - cdf8b493-8d99-4b97-bf55-1e19bf837156: shutdown FollowerState
2019-09-25 07:28:38,624 [Thread-245] INFO  impl.RaftServerImpl (RaftServerImpl.java:setRole(174)) - cdf8b493-8d99-4b97-bf55-1e19bf837156@group-BFFEE62B2317: changes role from  FOLLOWER to CANDIDATE at term 0 for changeToCandidate
2019-09-25 07:28:38,625 [Thread-245] INFO  impl.RoleInfo (RoleInfo.java:updateAndGet(143)) - cdf8b493-8d99-4b97-bf55-1e19bf837156: start LeaderElection
2019-09-25 07:28:38,683 [Thread-248] INFO  impl.FollowerState (FollowerState.java:run(106)) - 7f677846-6321-4837-a536-8a7cfa3ddebf:group-05C3804B7FB4 changes to CANDIDATE, lastRpcTime:5102, electionTimeout:5102ms
2019-09-25 07:28:38,683 [Thread-248] INFO  impl.RoleInfo (RoleInfo.java:shutdownFollowerState(121)) - 7f677846-6321-4837-a536-8a7cfa3ddebf: shutdown FollowerState
2019-09-25 07:28:38,683 [Thread-248] INFO  impl.RaftServerImpl (RaftServerImpl.java:setRole(174)) - 7f677846-6321-4837-a536-8a7cfa3ddebf@group-05C3804B7FB4: changes role from  FOLLOWER to CANDIDATE at term 0 for changeToCandidate
2019-09-25 07:28:38,683 [Thread-248] INFO  impl.RoleInfo (RoleInfo.java:updateAndGet(143)) - 7f677846-6321-4837-a536-8a7cfa3ddebf: start LeaderElection
2019-09-25 07:28:38,712 [Thread-251] INFO  impl.FollowerState (FollowerState.java:run(106)) - 7f677846-6321-4837-a536-8a7cfa3ddebf:group-C9120F3AC1B5 changes to CANDIDATE, lastRpcTime:5073, electionTimeout:5071ms
2019-09-25 07:28:38,712 [Thread-251] INFO  impl.RoleInfo (RoleInfo.java:shutdownFollowerState(121)) - 7f677846-6321-4837-a536-8a7cfa3ddebf: shutdown FollowerState
 100.00% |█████████████████████████████████████████████████████████████████████████████████████████████████████|  1/1 Time: 0:00:05
2019-09-25 07:28:38,712 [Thread-251] INFO  impl.RaftServerImpl (RaftServerImpl.java:setRole(174)) - 7f677846-6321-4837-a536-8a7cfa3ddebf@group-C9120F3AC1B5: changes role from  FOLLOWER to CANDIDATE at term 0 for changeToCandidate
2019-09-25 07:28:38,712 [Thread-251] INFO  impl.RoleInfo (RoleInfo.java:updateAndGet(143)) - 7f677846-6321-4837-a536-8a7cfa3ddebf: start LeaderElection
2019-09-25 07:28:38,762 [Thread-257] INFO  impl.FollowerState (FollowerState.java:run(106)) - 7f677846-6321-4837-a536-8a7cfa3ddebf:group-FBB07C895004 changes to CANDIDATE, lastRpcTime:5053, electionTimeout:5053ms
2019-09-25 07:28:38,763 [Thread-257] INFO  impl.RoleInfo (RoleInfo.java:shutdownFollowerState(121)) - 7f677846-6321-4837-a536-8a7cfa3ddebf: shutdown FollowerState
2019-09-25 07:28:38,763 [Thread-257] INFO  impl.RaftServerImpl (RaftServerImpl.java:setRole(174)) - 7f677846-6321-4837-a536-8a7cfa3ddebf@group-FBB07C895004: changes role from  FOLLOWER to CANDIDATE at term 0 for changeToCandidate
2019-09-25 07:28:38,763 [Thread-257] INFO  impl.RoleInfo (RoleInfo.java:updateAndGet(143)) - 7f677846-6321-4837-a536-8a7cfa3ddebf: start LeaderElection
2019-09-25 07:28:38,872 [Thread-264] INFO  impl.FollowerState (FollowerState.java:run(106)) - e9a92b31-f57e-42f9-b032-4050b3cc8be5:group-4852137DEB57 changes to CANDIDATE, lastRpcTime:5034, electionTimeout:5034ms
2019-09-25 07:28:38,872 [Thread-264] INFO  impl.RoleInfo (RoleInfo.java:shutdownFollowerState(121)) - e9a92b31-f57e-42f9-b032-4050b3cc8be5: shutdown FollowerState
2019-09-25 07:28:38,872 [Thread-264] INFO  impl.RaftServerImpl (RaftServerImpl.java:setRole(174)) - e9a92b31-f57e-42f9-b032-4050b3cc8be5@group-4852137DEB57: changes role from  FOLLOWER to CANDIDATE at term 0 for changeToCandidate
2019-09-25 07:28:38,873 [Thread-264] INFO  impl.RoleInfo (RoleInfo.java:updateAndGet(143)) - e9a92b31-f57e-42f9-b032-4050b3cc8be5: start LeaderElection
2019-09-25 07:28:38,955 [Thread-261] INFO  impl.FollowerState (FollowerState.java:run(106)) - 319eb9b2-446a-4b5b-95c2-98d772c8b042:group-7682A0CA2829 changes to CANDIDATE, lastRpcTime:5175, electionTimeout:5175ms
2019-09-25 07:28:38,955 [Thread-261] INFO  impl.RoleInfo (RoleInfo.java:shutdownFollowerState(121)) - 319eb9b2-446a-4b5b-95c2-98d772c8b042: shutdown FollowerState
2019-09-25 07:28:38,955 [Thread-261] INFO  impl.RaftServerImpl (RaftServerImpl.java:setRole(174)) - 319eb9b2-446a-4b5b-95c2-98d772c8b042@group-7682A0CA2829: changes role from  FOLLOWER to CANDIDATE at term 0 for changeToCandidate
2019-09-25 07:28:38,956 [Thread-261] INFO  impl.RoleInfo (RoleInfo.java:updateAndGet(143)) - 319eb9b2-446a-4b5b-95c2-98d772c8b042: start LeaderElection
2019-09-25 07:28:39,035 [Thread-267] INFO  impl.FollowerState (FollowerState.java:run(106)) - 7f677846-6321-4837-a536-8a7cfa3ddebf:group-FFF9E96A4731 changes to CANDIDATE, lastRpcTime:5130, electionTimeout:5130ms
2019-09-25 07:28:39,035 [Thread-267] INFO  impl.RoleInfo (RoleInfo.java:shutdownFollowerState(121)) - 7f677846-6321-4837-a536-8a7cfa3ddebf: shutdown FollowerState
2019-09-25 07:28:39,035 [Thread-267] INFO  impl.RaftServerImpl (RaftServerImpl.java:setRole(174)) - 7f677846-6321-4837-a536-8a7cfa3ddebf@group-FFF9E96A4731: changes role from  FOLLOWER to CANDIDATE at term 0 for changeToCandidate
2019-09-25 07:28:39,036 [Thread-267] INFO  impl.RoleInfo (RoleInfo.java:updateAndGet(143)) - 7f677846-6321-4837-a536-8a7cfa3ddebf: start LeaderElection
2019-09-25 07:28:39,357 [a3425e08-24ce-4736-9f6e-1b8551260ff2@group-46AC0C7C9A13:LeaderElection1] INFO  impl.LeaderElection (LeaderElection.java:askForVotes(182)) - a3425e08-24ce-4736-9f6e-1b8551260ff2@group-46AC0C7C9A13:LeaderElection1: begin an election at term 1 for -1: [a3425e08-24ce-4736-9f6e-1b8551260ff2:192.168.30.10:37358], old=null
2019-09-25 07:28:39,360 [319eb9b2-446a-4b5b-95c2-98d772c8b042@group-84273C5D0C78:LeaderElection8] INFO  impl.LeaderElection (LeaderElection.java:askForVotes(182)) - 319eb9b2-446a-4b5b-95c2-98d772c8b042@group-84273C5D0C78:LeaderElection8: begin an election at term 1 for -1: [319eb9b2-446a-4b5b-95c2-98d772c8b042:192.168.30.10:42608], old=null
2019-09-25 07:28:39,361 [7f677846-6321-4837-a536-8a7cfa3ddebf@group-C9120F3AC1B5:LeaderElection14] INFO  impl.LeaderElection (LeaderElection.java:askForVotes(182)) - 7f677846-6321-4837-a536-8a7cfa3ddebf@group-C9120F3AC1B5:LeaderElection14: begin an election at term 1 for -1: [7f677846-6321-4837-a536-8a7cfa3ddebf:192.168.30.10:43630], old=null
2019-09-25 07:28:39,361 [319eb9b2-446a-4b5b-95c2-98d772c8b042@group-7682A0CA2829:LeaderElection17] INFO  impl.LeaderElection (LeaderElection.java:askForVotes(182)) - 319eb9b2-446a-4b5b-95c2-98d772c8b042@group-7682A0CA2829:LeaderElection17: begin an election at term 1 for -1: [319eb9b2-446a-4b5b-95c2-98d772c8b042:192.168.30.10:42608], old=null
2019-09-25 07:28:39,361 [319eb9b2-446a-4b5b-95c2-98d772c8b042@group-617521CE924D:LeaderElection6] INFO  impl.LeaderElection (LeaderElection.java:askForVotes(182)) - 319eb9b2-446a-4b5b-95c2-98d772c8b042@group-617521CE924D:LeaderElection6: begin an election at term 1 for -1: [319eb9b2-446a-4b5b-95c2-98d772c8b042:192.168.30.10:42608], old=null
2019-09-25 07:28:39,361 [cdf8b493-8d99-4b97-bf55-1e19bf837156@group-BFFEE62B2317:LeaderElection12] INFO  impl.LeaderElection (LeaderElection.java:askForVotes(182)) - cdf8b493-8d99-4b97-bf55-1e19bf837156@group-BFFEE62B2317:LeaderElection12: begin an election at term 1 for -1: [cdf8b493-8d99-4b97-bf55-1e19bf837156:192.168.30.10:41087], old=null
2019-09-25 07:28:39,361 [7f677846-6321-4837-a536-8a7cfa3ddebf@group-21A848288337:LeaderElection10] INFO  impl.LeaderElection (LeaderElection.java:askForVotes(182)) - 7f677846-6321-4837-a536-8a7cfa3ddebf@group-21A848288337:LeaderElection10: begin an election at term 1 for -1: [7f677846-6321-4837-a536-8a7cfa3ddebf:192.168.30.10:43630], old=null
2019-09-25 07:28:39,361 [7f677846-6321-4837-a536-8a7cfa3ddebf@group-FBB07C895004:LeaderElection15] INFO  impl.LeaderElection (LeaderElection.java:askForVotes(182)) - 7f677846-6321-4837-a536-8a7cfa3ddebf@group-FBB07C895004:LeaderElection15: begin an election at term 1 for -1: [7f677846-6321-4837-a536-8a7cfa3ddebf:192.168.30.10:43630], old=null
2019-09-25 07:28:39,361 [7f677846-6321-4837-a536-8a7cfa3ddebf@group-05C3804B7FB4:LeaderElection13] INFO  impl.LeaderElection (LeaderElection.java:askForVotes(182)) - 7f677846-6321-4837-a536-8a7cfa3ddebf@group-05C3804B7FB4:LeaderElection13: begin an election at term 1 for -1: [7f677846-6321-4837-a536-8a7cfa3ddebf:192.168.30.10:43630], old=null
2019-09-25 07:28:39,361 [a3425e08-24ce-4736-9f6e-1b8551260ff2@group-0BC90C65DA2F:LeaderElection11] INFO  impl.LeaderElection (LeaderElection.java:askForVotes(182)) - a3425e08-24ce-4736-9f6e-1b8551260ff2@group-0BC90C65DA2F:LeaderElection11: begin an election at term 1 for -1: [a3425e08-24ce-4736-9f6e-1b8551260ff2:192.168.30.10:37358], old=null
2019-09-25 07:28:39,360 [a3425e08-24ce-4736-9f6e-1b8551260ff2@group-C3F319D0DDEB:LeaderElection7] INFO  impl.LeaderElection (LeaderElection.java:askForVotes(182)) - a3425e08-24ce-4736-9f6e-1b8551260ff2@group-C3F319D0DDEB:LeaderElection7: begin an election at term 1 for -1: [a3425e08-24ce-4736-9f6e-1b8551260ff2:192.168.30.10:37358], old=null
2019-09-25 07:28:39,360 [7f677846-6321-4837-a536-8a7cfa3ddebf@group-1CE673173F28:LeaderElection9] INFO  impl.LeaderElection (LeaderElection.java:askForVotes(182)) - 7f677846-6321-4837-a536-8a7cfa3ddebf@group-1CE673173F28:LeaderElection9: begin an election at term 1 for -1: [7f677846-6321-4837-a536-8a7cfa3ddebf:192.168.30.10:43630], old=null
2019-09-25 07:28:39,357 [a3425e08-24ce-4736-9f6e-1b8551260ff2@group-0EEA8C2B14F9:LeaderElection3] INFO  impl.LeaderElection (LeaderElection.java:askForVotes(182)) - a3425e08-24ce-4736-9f6e-1b8551260ff2@group-0EEA8C2B14F9:LeaderElection3: begin an election at term 1 for -1: [a3425e08-24ce-4736-9f6e-1b8551260ff2:192.168.30.10:37358], old=null
2019-09-25 07:28:39,357 [a3425e08-24ce-4736-9f6e-1b8551260ff2@group-057A71891E68:LeaderElection4] INFO  impl.LeaderElection (LeaderElection.java:askForVotes(182)) - a3425e08-24ce-4736-9f6e-1b8551260ff2@group-057A71891E68:LeaderElection4: begin an election at term 1 for -1: [a3425e08-24ce-4736-9f6e-1b8551260ff2:192.168.30.10:37358], old=null
2019-09-25 07:28:39,357 [a3425e08-24ce-4736-9f6e-1b8551260ff2@group-039671D25F70:LeaderElection5] INFO  impl.LeaderElection (LeaderElection.java:askForVotes(182)) - a3425e08-24ce-4736-9f6e-1b8551260ff2@group-039671D25F70:LeaderElection5: begin an election at term 1 for -1: [a3425e08-24ce-4736-9f6e-1b8551260ff2:192.168.30.10:37358], old=null
2019-09-25 07:28:39,357 [e9a92b31-f57e-42f9-b032-4050b3cc8be5@group-8779C3C2E944:LeaderElection2] INFO  impl.LeaderElection (LeaderElection.java:askForVotes(182)) - e9a92b31-f57e-42f9-b032-4050b3cc8be5@group-8779C3C2E944:LeaderElection2: begin an election at term 1 for -1: [e9a92b31-f57e-42f9-b032-4050b3cc8be5:192.168.30.10:37831], old=null
2019-09-25 07:28:39,364 [a3425e08-24ce-4736-9f6e-1b8551260ff2@group-46AC0C7C9A13:LeaderElection1] INFO  impl.RoleInfo (RoleInfo.java:shutdownLeaderElection(134)) - a3425e08-24ce-4736-9f6e-1b8551260ff2: shutdown LeaderElection
2019-09-25 07:28:39,364 [7f677846-6321-4837-a536-8a7cfa3ddebf@group-21A848288337:LeaderElection10] INFO  impl.RoleInfo (RoleInfo.java:shutdownLeaderElection(134)) - 7f677846-6321-4837-a536-8a7cfa3ddebf: shutdown LeaderElection
2019-09-25 07:28:39,364 [7f677846-6321-4837-a536-8a7cfa3ddebf@group-05C3804B7FB4:LeaderElection13] INFO  impl.RoleInfo (RoleInfo.java:shutdownLeaderElection(134)) - 7f677846-6321-4837-a536-8a7cfa3ddebf: shutdown LeaderElection
2019-09-25 07:28:39,364 [cdf8b493-8d99-4b97-bf55-1e19bf837156@group-BFFEE62B2317:LeaderElection12] INFO  impl.RoleInfo (RoleInfo.java:shutdownLeaderElection(134)) - cdf8b493-8d99-4b97-bf55-1e19bf837156: shutdown LeaderElection
2019-09-25 07:28:39,364 [a3425e08-24ce-4736-9f6e-1b8551260ff2@group-0EEA8C2B14F9:LeaderElection3] INFO  impl.RoleInfo (RoleInfo.java:shutdownLeaderElection(134)) - a3425e08-24ce-4736-9f6e-1b8551260ff2: shutdown LeaderElection
2019-09-25 07:28:39,364 [a3425e08-24ce-4736-9f6e-1b8551260ff2@group-039671D25F70:LeaderElection5] INFO  impl.RoleInfo (RoleInfo.java:shutdownLeaderElection(134)) - a3425e08-24ce-4736-9f6e-1b8551260ff2: shutdown LeaderElection
2019-09-25 07:28:39,364 [319eb9b2-446a-4b5b-95c2-98d772c8b042@group-7682A0CA2829:LeaderElection17] INFO  impl.RoleInfo (RoleInfo.java:shutdownLeaderElection(134)) - 319eb9b2-446a-4b5b-95c2-98d772c8b042: shutdown LeaderElection
2019-09-25 07:28:39,364 [319eb9b2-446a-4b5b-95c2-98d772c8b042@group-84273C5D0C78:LeaderElection8] INFO  impl.RoleInfo (RoleInfo.java:shutdownLeaderElection(134)) - 319eb9b2-446a-4b5b-95c2-98d772c8b042: shutdown LeaderElection
2019-09-25 07:28:39,364 [7f677846-6321-4837-a536-8a7cfa3ddebf@group-1CE673173F28:LeaderElection9] INFO  impl.RoleInfo (RoleInfo.java:shutdownLeaderElection(134)) - 7f677846-6321-4837-a536-8a7cfa3ddebf: shutdown LeaderElection
2019-09-25 07:28:39,364 [a3425e08-24ce-4736-9f6e-1b8551260ff2@group-0BC90C65DA2F:LeaderElection11] INFO  impl.RoleInfo (RoleInfo.java:shutdownLeaderElection(134)) - a3425e08-24ce-4736-9f6e-1b8551260ff2: shutdown LeaderElection
2019-09-25 07:28:39,361 [e9a92b31-f57e-42f9-b032-4050b3cc8be5@group-4852137DEB57:LeaderElection16] INFO  impl.LeaderElection (LeaderElection.java:askForVotes(182)) - e9a92b31-f57e-42f9-b032-4050b3cc8be5@group-4852137DEB57:LeaderElection16: begin an election at term 1 for -1: [e9a92b31-f57e-42f9-b032-4050b3cc8be5:192.168.30.10:37831], old=null
2019-09-25 07:28:39,365 [a3425e08-24ce-4736-9f6e-1b8551260ff2@group-0BC90C65DA2F:LeaderElection11] INFO  impl.RaftServerImpl (RaftServerImpl.java:setRole(174)) - a3425e08-24ce-4736-9f6e-1b8551260ff2@group-0BC90C65DA2F: changes role from CANDIDATE to LEADER at term 1 for changeToLeader
2019-09-25 07:28:39,365 [7f677846-6321-4837-a536-8a7cfa3ddebf@group-1CE673173F28:LeaderElection9] INFO  impl.RaftServerImpl (RaftServerImpl.java:setRole(174)) - 7f677846-6321-4837-a536-8a7cfa3ddebf@group-1CE673173F28: changes role from CANDIDATE to LEADER at term 1 for changeToLeader
2019-09-25 07:28:39,366 [a3425e08-24ce-4736-9f6e-1b8551260ff2@group-0BC90C65DA2F:LeaderElection11] INFO  impl.RaftServerImpl (ServerState.java:setLeader(253)) - a3425e08-24ce-4736-9f6e-1b8551260ff2@group-0BC90C65DA2F: change Leader from null to a3425e08-24ce-4736-9f6e-1b8551260ff2 at term 1 for becomeLeader, leader elected after 5929ms
2019-09-25 07:28:39,365 [319eb9b2-446a-4b5b-95c2-98d772c8b042@group-84273C5D0C78:LeaderElection8] INFO  impl.RaftServerImpl (RaftServerImpl.java:setRole(174)) - 319eb9b2-446a-4b5b-95c2-98d772c8b042@group-84273C5D0C78: changes role from CANDIDATE to LEADER at term 1 for changeToLeader
2019-09-25 07:28:39,365 [319eb9b2-446a-4b5b-95c2-98d772c8b042@group-7682A0CA2829:LeaderElection17] INFO  impl.RaftServerImpl (RaftServerImpl.java:setRole(174)) - 319eb9b2-446a-4b5b-95c2-98d772c8b042@group-7682A0CA2829: changes role from CANDIDATE to LEADER at term 1 for changeToLeader
2019-09-25 07:28:39,365 [cdf8b493-8d99-4b97-bf55-1e19bf837156@group-BFFEE62B2317:LeaderElection12] INFO  impl.RaftServerImpl (RaftServerImpl.java:setRole(174)) - cdf8b493-8d99-4b97-bf55-1e19bf837156@group-BFFEE62B2317: changes role from CANDIDATE to LEADER at term 1 for changeToLeader
2019-09-25 07:28:39,365 [a3425e08-24ce-4736-9f6e-1b8551260ff2@group-039671D25F70:LeaderElection5] INFO  impl.RaftServerImpl (RaftServerImpl.java:setRole(174)) - a3425e08-24ce-4736-9f6e-1b8551260ff2@group-039671D25F70: changes role from CANDIDATE to LEADER at term 1 for changeToLeader
2019-09-25 07:28:39,365 [7f677846-6321-4837-a536-8a7cfa3ddebf@group-21A848288337:LeaderElection10] INFO  impl.RaftServerImpl (RaftServerImpl.java:setRole(174)) - 7f677846-6321-4837-a536-8a7cfa3ddebf@group-21A848288337: changes role from CANDIDATE to LEADER at term 1 for changeToLeader
2019-09-25 07:28:39,367 [7f677846-6321-4837-a536-8a7cfa3ddebf@group-21A848288337:LeaderElection10] INFO  impl.RaftServerImpl (ServerState.java:setLeader(253)) - 7f677846-6321-4837-a536-8a7cfa3ddebf@group-21A848288337: change Leader from null to 7f677846-6321-4837-a536-8a7cfa3ddebf at term 1 for becomeLeader, leader elected after 5990ms
2019-09-25 07:28:39,365 [a3425e08-24ce-4736-9f6e-1b8551260ff2@group-0EEA8C2B14F9:LeaderElection3] INFO  impl.RaftServerImpl (RaftServerImpl.java:setRole(174)) - a3425e08-24ce-4736-9f6e-1b8551260ff2@group-0EEA8C2B14F9: changes role from CANDIDATE to LEADER at term 1 for changeToLeader
2019-09-25 07:28:39,367 [a3425e08-24ce-4736-9f6e-1b8551260ff2@group-0EEA8C2B14F9:LeaderElection3] INFO  impl.RaftServerImpl (ServerState.java:setLeader(253)) - a3425e08-24ce-4736-9f6e-1b8551260ff2@group-0EEA8C2B14F9: change Leader from null to a3425e08-24ce-4736-9f6e-1b8551260ff2 at term 1 for becomeLeader, leader elected after 6736ms
2019-09-25 07:28:39,365 [7f677846-6321-4837-a536-8a7cfa3ddebf@group-05C3804B7FB4:LeaderElection13] INFO  impl.RaftServerImpl (RaftServerImpl.java:setRole(174)) - 7f677846-6321-4837-a536-8a7cfa3ddebf@group-05C3804B7FB4: changes role from CANDIDATE to LEADER at term 1 for changeToLeader
2019-09-25 07:28:39,367 [7f677846-6321-4837-a536-8a7cfa3ddebf@group-05C3804B7FB4:LeaderElection13] INFO  impl.RaftServerImpl (ServerState.java:setLeader(253)) - 7f677846-6321-4837-a536-8a7cfa3ddebf@group-05C3804B7FB4: change Leader from null to 7f677846-6321-4837-a536-8a7cfa3ddebf at term 1 for becomeLeader, leader elected after 5795ms
2019-09-25 07:28:39,365 [a3425e08-24ce-4736-9f6e-1b8551260ff2@group-46AC0C7C9A13:LeaderElection1] INFO  impl.RaftServerImpl (RaftServerImpl.java:setRole(174)) - a3425e08-24ce-4736-9f6e-1b8551260ff2@group-46AC0C7C9A13: changes role from CANDIDATE to LEADER at term 1 for changeToLeader
2019-09-25 07:28:39,364 [e9a92b31-f57e-42f9-b032-4050b3cc8be5@group-8779C3C2E944:LeaderElection2] INFO  impl.RoleInfo (RoleInfo.java:shutdownLeaderElection(134)) - e9a92b31-f57e-42f9-b032-4050b3cc8be5: shutdown LeaderElection
2019-09-25 07:28:39,364 [7f677846-6321-4837-a536-8a7cfa3ddebf@group-FBB07C895004:LeaderElection15] INFO  impl.RoleInfo (RoleInfo.java:shutdownLeaderElection(134)) - 7f677846-6321-4837-a536-8a7cfa3ddebf: shutdown LeaderElection
2019-09-25 07:28:39,364 [a3425e08-24ce-4736-9f6e-1b8551260ff2@group-057A71891E68:LeaderElection4] INFO  impl.RoleInfo (RoleInfo.java:shutdownLeaderElection(134)) - a3425e08-24ce-4736-9f6e-1b8551260ff2: shutdown LeaderElection
2019-09-25 07:28:39,364 [319eb9b2-446a-4b5b-95c2-98d772c8b042@group-617521CE924D:LeaderElection6] INFO  impl.RoleInfo (RoleInfo.java:shutdownLeaderElection(134)) - 319eb9b2-446a-4b5b-95c2-98d772c8b042: shutdown LeaderElection
2019-09-25 07:28:39,364 [7f677846-6321-4837-a536-8a7cfa3ddebf@group-C9120F3AC1B5:LeaderElection14] INFO  impl.RoleInfo (RoleInfo.java:shutdownLeaderElection(134)) - 7f677846-6321-4837-a536-8a7cfa3ddebf: shutdown LeaderElection
2019-09-25 07:28:39,364 [a3425e08-24ce-4736-9f6e-1b8551260ff2@group-C3F319D0DDEB:LeaderElection7] INFO  impl.RoleInfo (RoleInfo.java:shutdownLeaderElection(134)) - a3425e08-24ce-4736-9f6e-1b8551260ff2: shutdown LeaderElection
2019-09-25 07:28:39,369 [7f677846-6321-4837-a536-8a7cfa3ddebf@group-C9120F3AC1B5:LeaderElection14] INFO  impl.RaftServerImpl (RaftServerImpl.java:setRole(174)) - 7f677846-6321-4837-a536-8a7cfa3ddebf@group-C9120F3AC1B5: changes role from CANDIDATE to LEADER at term 1 for changeToLeader
2019-09-25 07:28:39,369 [319eb9b2-446a-4b5b-95c2-98d772c8b042@group-617521CE924D:LeaderElection6] INFO  impl.RaftServerImpl (RaftServerImpl.java:setRole(174)) - 319eb9b2-446a-4b5b-95c2-98d772c8b042@group-617521CE924D: changes role from CANDIDATE to LEADER at term 1 for changeToLeader
2019-09-25 07:28:39,368 [a3425e08-24ce-4736-9f6e-1b8551260ff2@group-057A71891E68:LeaderElection4] INFO  impl.RaftServerImpl (RaftServerImpl.java:setRole(174)) - a3425e08-24ce-4736-9f6e-1b8551260ff2@group-057A71891E68: changes role from CANDIDATE to LEADER at term 1 for changeToLeader
2019-09-25 07:28:39,368 [7f677846-6321-4837-a536-8a7cfa3ddebf@group-FBB07C895004:LeaderElection15] INFO  impl.RaftServerImpl (RaftServerImpl.java:setRole(174)) - 7f677846-6321-4837-a536-8a7cfa3ddebf@group-FBB07C895004: changes role from CANDIDATE to LEADER at term 1 for changeToLeader
2019-09-25 07:28:39,368 [e9a92b31-f57e-42f9-b032-4050b3cc8be5@group-8779C3C2E944:LeaderElection2] INFO  impl.RaftServerImpl (RaftServerImpl.java:setRole(174)) - e9a92b31-f57e-42f9-b032-4050b3cc8be5@group-8779C3C2E944: changes role from CANDIDATE to LEADER at term 1 for changeToLeader
2019-09-25 07:28:39,368 [a3425e08-24ce-4736-9f6e-1b8551260ff2@group-46AC0C7C9A13:LeaderElection1] INFO  impl.RaftServerImpl (ServerState.java:setLeader(253)) - a3425e08-24ce-4736-9f6e-1b8551260ff2@group-46AC0C7C9A13: change Leader from null to a3425e08-24ce-4736-9f6e-1b8551260ff2 at term 1 for becomeLeader, leader elected after 7151ms
2019-09-25 07:28:39,367 [a3425e08-24ce-4736-9f6e-1b8551260ff2@group-039671D25F70:LeaderElection5] INFO  impl.RaftServerImpl (ServerState.java:setLeader(253)) - a3425e08-24ce-4736-9f6e-1b8551260ff2@group-039671D25F70: change Leader from null to a3425e08-24ce-4736-9f6e-1b8551260ff2 at term 1 for becomeLeader, leader elected after 6546ms
2019-09-25 07:28:39,366 [cdf8b493-8d99-4b97-bf55-1e19bf837156@group-BFFEE62B2317:LeaderElection12] INFO  impl.RaftServerImpl (ServerState.java:setLeader(253)) - cdf8b493-8d99-4b97-bf55-1e19bf837156@group-BFFEE62B2317: change Leader from null to cdf8b493-8d99-4b97-bf55-1e19bf837156 at term 1 for becomeLeader, leader elected after 5862ms
2019-09-25 07:28:39,366 [319eb9b2-446a-4b5b-95c2-98d772c8b042@group-7682A0CA2829:LeaderElection17] INFO  impl.RaftServerImpl (ServerState.java:setLeader(253)) - 319eb9b2-446a-4b5b-95c2-98d772c8b042@group-7682A0CA2829: change Leader from null to 319eb9b2-446a-4b5b-95c2-98d772c8b042 at term 1 for becomeLeader, leader elected after 5594ms
2019-09-25 07:28:39,366 [319eb9b2-446a-4b5b-95c2-98d772c8b042@group-84273C5D0C78:LeaderElection8] INFO  impl.RaftServerImpl (ServerState.java:setLeader(253)) - 319eb9b2-446a-4b5b-95c2-98d772c8b042@group-84273C5D0C78: change Leader from null to 319eb9b2-446a-4b5b-95c2-98d772c8b042 at term 1 for becomeLeader, leader elected after 6057ms
2019-09-25 07:28:39,366 [7f677846-6321-4837-a536-8a7cfa3ddebf@group-1CE673173F28:LeaderElection9] INFO  impl.RaftServerImpl (ServerState.java:setLeader(253)) - 7f677846-6321-4837-a536-8a7cfa3ddebf@group-1CE673173F28: change Leader from null to 7f677846-6321-4837-a536-8a7cfa3ddebf at term 1 for becomeLeader, leader elected after 6143ms
2019-09-25 07:28:39,366 [e9a92b31-f57e-42f9-b032-4050b3cc8be5@group-4852137DEB57:LeaderElection16] INFO  impl.RoleInfo (RoleInfo.java:shutdownLeaderElection(134)) - e9a92b31-f57e-42f9-b032-4050b3cc8be5: shutdown LeaderElection
2019-09-25 07:28:39,370 [e9a92b31-f57e-42f9-b032-4050b3cc8be5@group-8779C3C2E944:LeaderElection2] INFO  impl.RaftServerImpl (ServerState.java:setLeader(253)) - e9a92b31-f57e-42f9-b032-4050b3cc8be5@group-8779C3C2E944: change Leader from null to e9a92b31-f57e-42f9-b032-4050b3cc8be5 at term 1 for becomeLeader, leader elected after 6855ms
2019-09-25 07:28:39,370 [7f677846-6321-4837-a536-8a7cfa3ddebf@group-FBB07C895004:LeaderElection15] INFO  impl.RaftServerImpl (ServerState.java:setLeader(253)) - 7f677846-6321-4837-a536-8a7cfa3ddebf@group-FBB07C895004: change Leader from null to 7f677846-6321-4837-a536-8a7cfa3ddebf at term 1 for becomeLeader, leader elected after 5671ms
2019-09-25 07:28:39,369 [a3425e08-24ce-4736-9f6e-1b8551260ff2@group-057A71891E68:LeaderElection4] INFO  impl.RaftServerImpl (ServerState.java:setLeader(253)) - a3425e08-24ce-4736-9f6e-1b8551260ff2@group-057A71891E68: change Leader from null to a3425e08-24ce-4736-9f6e-1b8551260ff2 at term 1 for becomeLeader, leader elected after 6622ms
2019-09-25 07:28:39,369 [319eb9b2-446a-4b5b-95c2-98d772c8b042@group-617521CE924D:LeaderElection6] INFO  impl.RaftServerImpl (ServerState.java:setLeader(253)) - 319eb9b2-446a-4b5b-95c2-98d772c8b042@group-617521CE924D: change Leader from null to 319eb9b2-446a-4b5b-95c2-98d772c8b042 at term 1 for becomeLeader, leader elected after 6475ms
2019-09-25 07:28:39,369 [7f677846-6321-4837-a536-8a7cfa3ddebf@group-C9120F3AC1B5:LeaderElection14] INFO  impl.RaftServerImpl (ServerState.java:setLeader(253)) - 7f677846-6321-4837-a536-8a7cfa3ddebf@group-C9120F3AC1B5: change Leader from null to 7f677846-6321-4837-a536-8a7cfa3ddebf at term 1 for becomeLeader, leader elected after 5737ms
2019-09-25 07:28:39,369 [a3425e08-24ce-4736-9f6e-1b8551260ff2@group-C3F319D0DDEB:LeaderElection7] INFO  impl.RaftServerImpl (RaftServerImpl.java:setRole(174)) - a3425e08-24ce-4736-9f6e-1b8551260ff2@group-C3F319D0DDEB: changes role from CANDIDATE to LEADER at term 1 for changeToLeader
2019-09-25 07:28:39,371 [e9a92b31-f57e-42f9-b032-4050b3cc8be5@group-4852137DEB57:LeaderElection16] INFO  impl.RaftServerImpl (RaftServerImpl.java:setRole(174)) - e9a92b31-f57e-42f9-b032-4050b3cc8be5@group-4852137DEB57: changes role from CANDIDATE to LEADER at term 1 for changeToLeader
2019-09-25 07:28:39,372 [a3425e08-24ce-4736-9f6e-1b8551260ff2@group-C3F319D0DDEB:LeaderElection7] INFO  impl.RaftServerImpl (ServerState.java:setLeader(253)) - a3425e08-24ce-4736-9f6e-1b8551260ff2@group-C3F319D0DDEB: change Leader from null to a3425e08-24ce-4736-9f6e-1b8551260ff2 at term 1 for becomeLeader, leader elected after 6241ms
2019-09-25 07:28:39,372 [e9a92b31-f57e-42f9-b032-4050b3cc8be5@group-4852137DEB57:LeaderElection16] INFO  impl.RaftServerImpl (ServerState.java:setLeader(253)) - e9a92b31-f57e-42f9-b032-4050b3cc8be5@group-4852137DEB57: change Leader from null to e9a92b31-f57e-42f9-b032-4050b3cc8be5 at term 1 for becomeLeader, leader elected after 5543ms
2019-09-25 07:28:39,382 [e9a92b31-f57e-42f9-b032-4050b3cc8be5@group-8779C3C2E944:LeaderElection2] INFO  server.RaftServerConfigKeys (ConfUtils.java:logGet(43)) - raft.server.staging.catchup.gap = 1000 (default)
2019-09-25 07:28:39,382 [a3425e08-24ce-4736-9f6e-1b8551260ff2@group-C3F319D0DDEB:LeaderElection7] INFO  server.RaftServerConfigKeys (ConfUtils.java:logGet(43)) - raft.server.staging.catchup.gap = 1000 (default)
2019-09-25 07:28:39,382 [7f677846-6321-4837-a536-8a7cfa3ddebf@group-05C3804B7FB4:LeaderElection13] INFO  server.RaftServerConfigKeys (ConfUtils.java:logGet(43)) - raft.server.staging.catchup.gap = 1000 (default)
2019-09-25 07:28:39,382 [a3425e08-24ce-4736-9f6e-1b8551260ff2@group-057A71891E68:LeaderElection4] INFO  server.RaftServerConfigKeys (ConfUtils.java:logGet(43)) - raft.server.staging.catchup.gap = 1000 (default)
2019-09-25 07:28:39,382 [a3425e08-24ce-4736-9f6e-1b8551260ff2@group-057A71891E68:LeaderElection4] INFO  server.RaftServerConfigKeys (ConfUtils.java:logGet(43)) - raft.server.rpc.sleep.time = 25ms (default)
2019-09-25 07:28:39,382 [7f677846-6321-4837-a536-8a7cfa3ddebf@group-1CE673173F28:LeaderElection9] INFO  server.RaftServerConfigKeys (ConfUtils.java:logGet(43)) - raft.server.staging.catchup.gap = 1000 (default)
2019-09-25 07:28:39,382 [e9a92b31-f57e-42f9-b032-4050b3cc8be5@group-8779C3C2E944:LeaderElection2] INFO  server.RaftServerConfigKeys (ConfUtils.java:logGet(43)) - raft.server.rpc.sleep.time = 25ms (default)
2019-09-25 07:28:39,382 [a3425e08-24ce-4736-9f6e-1b8551260ff2@group-0BC90C65DA2F:LeaderElection11] INFO  server.RaftServerConfigKeys (ConfUtils.java:logGet(43)) - raft.server.staging.catchup.gap = 1000 (default)
2019-09-25 07:28:39,382 [e9a92b31-f57e-42f9-b032-4050b3cc8be5@group-4852137DEB57:LeaderElection16] INFO  server.RaftServerConfigKeys (ConfUtils.java:logGet(43)) - raft.server.staging.catchup.gap = 1000 (default)
2019-09-25 07:28:39,382 [a3425e08-24ce-4736-9f6e-1b8551260ff2@group-0EEA8C2B14F9:LeaderElection3] INFO  server.RaftServerConfigKeys (ConfUtils.java:logGet(43)) - raft.server.staging.catchup.gap = 1000 (default)
2019-09-25 07:28:39,382 [a3425e08-24ce-4736-9f6e-1b8551260ff2@group-46AC0C7C9A13:LeaderElection1] INFO  server.RaftServerConfigKeys (ConfUtils.java:logGet(43)) - raft.server.staging.catchup.gap = 1000 (default)
2019-09-25 07:28:39,382 [cdf8b493-8d99-4b97-bf55-1e19bf837156@group-BFFEE62B2317:LeaderElection12] INFO  server.RaftServerConfigKeys (ConfUtils.java:logGet(43)) - raft.server.staging.catchup.gap = 1000 (default)
2019-09-25 07:28:39,382 [319eb9b2-446a-4b5b-95c2-98d772c8b042@group-617521CE924D:LeaderElection6] INFO  server.RaftServerConfigKeys (ConfUtils.java:logGet(43)) - raft.server.staging.catchup.gap = 1000 (default)
2019-09-25 07:28:39,382 [319eb9b2-446a-4b5b-95c2-98d772c8b042@group-84273C5D0C78:LeaderElection8] INFO  server.RaftServerConfigKeys (ConfUtils.java:logGet(43)) - raft.server.staging.catchup.gap = 1000 (default)
2019-09-25 07:28:39,382 [7f677846-6321-4837-a536-8a7cfa3ddebf@group-FBB07C895004:LeaderElection15] INFO  server.RaftServerConfigKeys (ConfUtils.java:logGet(43)) - raft.server.staging.catchup.gap = 1000 (default)
2019-09-25 07:28:39,382 [7f677846-6321-4837-a536-8a7cfa3ddebf@group-21A848288337:LeaderElection10] INFO  server.RaftServerConfigKeys (ConfUtils.java:logGet(43)) - raft.server.staging.catchup.gap = 1000 (default)
2019-09-25 07:28:39,385 [7f677846-6321-4837-a536-8a7cfa3ddebf@group-21A848288337:LeaderElection10] INFO  server.RaftServerConfigKeys (ConfUtils.java:logGet(43)) - raft.server.rpc.sleep.time = 25ms (default)
2019-09-25 07:28:39,382 [7f677846-6321-4837-a536-8a7cfa3ddebf@group-C9120F3AC1B5:LeaderElection14] INFO  server.RaftServerConfigKeys (ConfUtils.java:logGet(43)) - raft.server.staging.catchup.gap = 1000 (default)
2019-09-25 07:28:39,385 [7f677846-6321-4837-a536-8a7cfa3ddebf@group-FBB07C895004:LeaderElection15] INFO  server.RaftServerConfigKeys (ConfUtils.java:logGet(43)) - raft.server.rpc.sleep.time = 25ms (default)
2019-09-25 07:28:39,384 [319eb9b2-446a-4b5b-95c2-98d772c8b042@group-84273C5D0C78:LeaderElection8] INFO  server.RaftServerConfigKeys (ConfUtils.java:logGet(43)) - raft.server.rpc.sleep.time = 25ms (default)
2019-09-25 07:28:39,384 [319eb9b2-446a-4b5b-95c2-98d772c8b042@group-617521CE924D:LeaderElection6] INFO  server.RaftServerConfigKeys (ConfUtils.java:logGet(43)) - raft.server.rpc.sleep.time = 25ms (default)
2019-09-25 07:28:39,384 [cdf8b493-8d99-4b97-bf55-1e19bf837156@group-BFFEE62B2317:LeaderElection12] INFO  server.RaftServerConfigKeys (ConfUtils.java:logGet(43)) - raft.server.rpc.sleep.time = 25ms (default)
2019-09-25 07:28:39,384 [a3425e08-24ce-4736-9f6e-1b8551260ff2@group-46AC0C7C9A13:LeaderElection1] INFO  server.RaftServerConfigKeys (ConfUtils.java:logGet(43)) - raft.server.rpc.sleep.time = 25ms (default)
2019-09-25 07:28:39,384 [a3425e08-24ce-4736-9f6e-1b8551260ff2@group-0EEA8C2B14F9:LeaderElection3] INFO  server.RaftServerConfigKeys (ConfUtils.java:logGet(43)) - raft.server.rpc.sleep.time = 25ms (default)
2019-09-25 07:28:39,383 [e9a92b31-f57e-42f9-b032-4050b3cc8be5@group-4852137DEB57:LeaderElection16] INFO  server.RaftServerConfigKeys (ConfUtils.java:logGet(43)) - raft.server.rpc.sleep.time = 25ms (default)
2019-09-25 07:28:39,383 [a3425e08-24ce-4736-9f6e-1b8551260ff2@group-0BC90C65DA2F:LeaderElection11] INFO  server.RaftServerConfigKeys (ConfUtils.java:logGet(43)) - raft.server.rpc.sleep.time = 25ms (default)
2019-09-25 07:28:39,383 [7f677846-6321-4837-a536-8a7cfa3ddebf@group-1CE673173F28:LeaderElection9] INFO  server.RaftServerConfigKeys (ConfUtils.java:logGet(43)) - raft.server.rpc.sleep.time = 25ms (default)
2019-09-25 07:28:39,382 [7f677846-6321-4837-a536-8a7cfa3ddebf@group-05C3804B7FB4:LeaderElection13] INFO  server.RaftServerConfigKeys (ConfUtils.java:logGet(43)) - raft.server.rpc.sleep.time = 25ms (default)
2019-09-25 07:28:39,382 [319eb9b2-446a-4b5b-95c2-98d772c8b042@group-7682A0CA2829:LeaderElection17] INFO  server.RaftServerConfigKeys (ConfUtils.java:logGet(43)) - raft.server.staging.catchup.gap = 1000 (default)
2019-09-25 07:28:39,387 [e9a92b31-f57e-42f9-b032-4050b3cc8be5@group-4852137DEB57:LeaderElection16] INFO  server.RaftServerConfigKeys (ConfUtils.java:logGet(43)) - raft.server.write.element-limit = 4096 (default)
2019-09-25 07:28:39,388 [7f677846-6321-4837-a536-8a7cfa3ddebf@group-1CE673173F28:LeaderElection9] INFO  server.RaftServerConfigKeys (ConfUtils.java:logGet(43)) - raft.server.write.element-limit = 4096 (default)
2019-09-25 07:28:39,388 [7f677846-6321-4837-a536-8a7cfa3ddebf@group-FBB07C895004:LeaderElection15] INFO  server.RaftServerConfigKeys (ConfUtils.java:logGet(43)) - raft.server.write.element-limit = 4096 (default)
2019-09-25 07:28:39,382 [a3425e08-24ce-4736-9f6e-1b8551260ff2@group-C3F319D0DDEB:LeaderElection7] INFO  server.RaftServerConfigKeys (ConfUtils.java:logGet(43)) - raft.server.rpc.sleep.time = 25ms (default)
2019-09-25 07:28:39,382 [a3425e08-24ce-4736-9f6e-1b8551260ff2@group-039671D25F70:LeaderElection5] INFO  server.RaftServerConfigKeys (ConfUtils.java:logGet(43)) - raft.server.staging.catchup.gap = 1000 (default)
2019-09-25 07:28:39,388 [a3425e08-24ce-4736-9f6e-1b8551260ff2@group-C3F319D0DDEB:LeaderElection7] INFO  server.RaftServerConfigKeys (ConfUtils.java:logGet(43)) - raft.server.write.element-limit = 4096 (default)
2019-09-25 07:28:39,388 [a3425e08-24ce-4736-9f6e-1b8551260ff2@group-0BC90C65DA2F:LeaderElection11] INFO  server.RaftServerConfigKeys (ConfUtils.java:logGet(43)) - raft.server.write.element-limit = 4096 (default)
2019-09-25 07:28:39,388 [319eb9b2-446a-4b5b-95c2-98d772c8b042@group-617521CE924D:LeaderElection6] INFO  server.RaftServerConfigKeys (ConfUtils.java:logGet(43)) - raft.server.write.element-limit = 4096 (default)
2019-09-25 07:28:39,388 [a3425e08-24ce-4736-9f6e-1b8551260ff2@group-057A71891E68:LeaderElection4] INFO  server.RaftServerConfigKeys (ConfUtils.java:logGet(43)) - raft.server.write.element-limit = 4096 (default)
2019-09-25 07:28:39,387 [cdf8b493-8d99-4b97-bf55-1e19bf837156@group-BFFEE62B2317:LeaderElection12] INFO  server.RaftServerConfigKeys (ConfUtils.java:logGet(43)) - raft.server.write.element-limit = 4096 (default)
2019-09-25 07:28:39,387 [a3425e08-24ce-4736-9f6e-1b8551260ff2@group-0EEA8C2B14F9:LeaderElection3] INFO  server.RaftServerConfigKeys (ConfUtils.java:logGet(43)) - raft.server.write.element-limit = 4096 (default)
2019-09-25 07:28:39,387 [7f677846-6321-4837-a536-8a7cfa3ddebf@group-21A848288337:LeaderElection10] INFO  server.RaftServerConfigKeys (ConfUtils.java:logGet(43)) - raft.server.write.element-limit = 4096 (default)
2019-09-25 07:28:39,387 [a3425e08-24ce-4736-9f6e-1b8551260ff2@group-46AC0C7C9A13:LeaderElection1] INFO  server.RaftServerConfigKeys (ConfUtils.java:logGet(43)) - raft.server.write.element-limit = 4096 (default)
2019-09-25 07:28:39,387 [319eb9b2-446a-4b5b-95c2-98d772c8b042@group-7682A0CA2829:LeaderElection17] INFO  server.RaftServerConfigKeys (ConfUtils.java:logGet(43)) - raft.server.rpc.sleep.time = 25ms (default)
2019-09-25 07:28:39,387 [319eb9b2-446a-4b5b-95c2-98d772c8b042@group-84273C5D0C78:LeaderElection8] INFO  server.RaftServerConfigKeys (ConfUtils.java:logGet(43)) - raft.server.write.element-limit = 4096 (default)
2019-09-25 07:28:39,390 [319eb9b2-446a-4b5b-95c2-98d772c8b042@group-7682A0CA2829:LeaderElection17] INFO  server.RaftServerConfigKeys (ConfUtils.java:logGet(43)) - raft.server.write.element-limit = 4096 (default)
2019-09-25 07:28:39,387 [7f677846-6321-4837-a536-8a7cfa3ddebf@group-05C3804B7FB4:LeaderElection13] INFO  server.RaftServerConfigKeys (ConfUtils.java:logGet(43)) - raft.server.write.element-limit = 4096 (default)
2019-09-25 07:28:39,387 [e9a92b31-f57e-42f9-b032-4050b3cc8be5@group-8779C3C2E944:LeaderElection2] INFO  server.RaftServerConfigKeys (ConfUtils.java:logGet(43)) - raft.server.write.element-limit = 4096 (default)
2019-09-25 07:28:39,385 [7f677846-6321-4837-a536-8a7cfa3ddebf@group-C9120F3AC1B5:LeaderElection14] INFO  server.RaftServerConfigKeys (ConfUtils.java:logGet(43)) - raft.server.rpc.sleep.time = 25ms (default)
2019-09-25 07:28:39,388 [a3425e08-24ce-4736-9f6e-1b8551260ff2@group-039671D25F70:LeaderElection5] INFO  server.RaftServerConfigKeys (ConfUtils.java:logGet(43)) - raft.server.rpc.sleep.time = 25ms (default)
2019-09-25 07:28:39,391 [7f677846-6321-4837-a536-8a7cfa3ddebf@group-C9120F3AC1B5:LeaderElection14] INFO  server.RaftServerConfigKeys (ConfUtils.java:logGet(43)) - raft.server.write.element-limit = 4096 (default)
2019-09-25 07:28:39,391 [a3425e08-24ce-4736-9f6e-1b8551260ff2@group-039671D25F70:LeaderElection5] INFO  server.RaftServerConfigKeys (ConfUtils.java:logGet(43)) - raft.server.write.element-limit = 4096 (default)
2019-09-25 07:28:39,392 [319eb9b2-446a-4b5b-95c2-98d772c8b042@group-7682A0CA2829:LeaderElection17] INFO  server.RaftServerConfigKeys (ConfUtils.java:logGet(43)) - raft.server.watch.timeout = 10s (default)
2019-09-25 07:28:39,392 [cdf8b493-8d99-4b97-bf55-1e19bf837156@group-BFFEE62B2317:LeaderElection12] INFO  server.RaftServerConfigKeys (ConfUtils.java:logGet(43)) - raft.server.watch.timeout = 10s (default)
2019-09-25 07:28:39,392 [7f677846-6321-4837-a536-8a7cfa3ddebf@group-21A848288337:LeaderElection10] INFO  server.RaftServerConfigKeys (ConfUtils.java:logGet(43)) - raft.server.watch.timeout = 10s (default)
2019-09-25 07:28:39,392 [a3425e08-24ce-4736-9f6e-1b8551260ff2@group-46AC0C7C9A13:LeaderElection1] INFO  server.RaftServerConfigKeys (ConfUtils.java:logGet(43)) - raft.server.watch.timeout = 10s (default)
2019-09-25 07:28:39,392 [7f677846-6321-4837-a536-8a7cfa3ddebf@group-C9120F3AC1B5:LeaderElection14] INFO  server.RaftServerConfigKeys (ConfUtils.java:logGet(43)) - raft.server.watch.timeout = 10s (default)
2019-09-25 07:28:39,392 [a3425e08-24ce-4736-9f6e-1b8551260ff2@group-0BC90C65DA2F:LeaderElection11] INFO  server.RaftServerConfigKeys (ConfUtils.java:logGet(43)) - raft.server.watch.timeout = 10s (default)
2019-09-25 07:28:39,392 [319eb9b2-446a-4b5b-95c2-98d772c8b042@group-617521CE924D:LeaderElection6] INFO  server.RaftServerConfigKeys (ConfUtils.java:logGet(43)) - raft.server.watch.timeout = 10s (default)
2019-09-25 07:28:39,392 [a3425e08-24ce-4736-9f6e-1b8551260ff2@group-C3F319D0DDEB:LeaderElection7] INFO  server.RaftServerConfigKeys (ConfUtils.java:logGet(43)) - raft.server.watch.timeout = 10s (default)
2019-09-25 07:28:39,392 [7f677846-6321-4837-a536-8a7cfa3ddebf@group-05C3804B7FB4:LeaderElection13] INFO  server.RaftServerConfigKeys (ConfUtils.java:logGet(43)) - raft.server.watch.timeout = 10s (default)
2019-09-25 07:28:39,392 [7f677846-6321-4837-a536-8a7cfa3ddebf@group-1CE673173F28:LeaderElection9] INFO  server.RaftServerConfigKeys (ConfUtils.java:logGet(43)) - raft.server.watch.timeout = 10s (default)
2019-09-25 07:28:39,392 [319eb9b2-446a-4b5b-95c2-98d772c8b042@group-84273C5D0C78:LeaderElection8] INFO  server.RaftServerConfigKeys (ConfUtils.java:logGet(43)) - raft.server.watch.timeout = 10s (default)
2019-09-25 07:28:39,392 [a3425e08-24ce-4736-9f6e-1b8551260ff2@group-039671D25F70:LeaderElection5] INFO  server.RaftServerConfigKeys (ConfUtils.java:logGet(43)) - raft.server.watch.timeout = 10s (default)
2019-09-25 07:28:39,394 [a3425e08-24ce-4736-9f6e-1b8551260ff2@group-039671D25F70:LeaderElection5] INFO  server.RaftServerConfigKeys (ConfUtils.java:logGet(43)) - raft.server.watch.timeout.denomination = 1s (default)
2019-09-25 07:28:39,392 [e9a92b31-f57e-42f9-b032-4050b3cc8be5@group-4852137DEB57:LeaderElection16] INFO  server.RaftServerConfigKeys (ConfUtils.java:logGet(43)) - raft.server.watch.timeout = 10s (default)
2019-09-25 07:28:39,392 [a3425e08-24ce-4736-9f6e-1b8551260ff2@group-057A71891E68:LeaderElection4] INFO  server.RaftServerConfigKeys (ConfUtils.java:logGet(43)) - raft.server.watch.timeout = 10s (default)
2019-09-25 07:28:39,392 [e9a92b31-f57e-42f9-b032-4050b3cc8be5@group-8779C3C2E944:LeaderElection2] INFO  server.RaftServerConfigKeys (ConfUtils.java:logGet(43)) - raft.server.watch.timeout = 10s (default)
2019-09-25 07:28:39,395 [a3425e08-24ce-4736-9f6e-1b8551260ff2@group-057A71891E68:LeaderElection4] INFO  server.RaftServerConfigKeys (ConfUtils.java:logGet(43)) - raft.server.watch.timeout.denomination = 1s (default)
2019-09-25 07:28:39,395 [e9a92b31-f57e-42f9-b032-4050b3cc8be5@group-4852137DEB57:LeaderElection16] INFO  server.RaftServerConfigKeys (ConfUtils.java:logGet(43)) - raft.server.watch.timeout.denomination = 1s (default)
2019-09-25 07:28:39,394 [319eb9b2-446a-4b5b-95c2-98d772c8b042@group-84273C5D0C78:LeaderElection8] INFO  server.RaftServerConfigKeys (ConfUtils.java:logGet(43)) - raft.server.watch.timeout.denomination = 1s (default)
2019-09-25 07:28:39,394 [7f677846-6321-4837-a536-8a7cfa3ddebf@group-1CE673173F28:LeaderElection9] INFO  server.RaftServerConfigKeys (ConfUtils.java:logGet(43)) - raft.server.watch.timeout.denomination = 1s (default)
2019-09-25 07:28:39,394 [7f677846-6321-4837-a536-8a7cfa3ddebf@group-05C3804B7FB4:LeaderElection13] INFO  server.RaftServerConfigKeys (ConfUtils.java:logGet(43)) - raft.server.watch.timeout.denomination = 1s (default)
2019-09-25 07:28:39,393 [a3425e08-24ce-4736-9f6e-1b8551260ff2@group-C3F319D0DDEB:LeaderElection7] INFO  server.RaftServerConfigKeys (ConfUtils.java:logGet(43)) - raft.server.watch.timeout.denomination = 1s (default)
2019-09-25 07:28:39,393 [319eb9b2-446a-4b5b-95c2-98d772c8b042@group-617521CE924D:LeaderElection6] INFO  server.RaftServerConfigKeys (ConfUtils.java:logGet(43)) - raft.server.watch.timeout.denomination = 1s (default)
2019-09-25 07:28:39,393 [a3425e08-24ce-4736-9f6e-1b8551260ff2@group-0BC90C65DA2F:LeaderElection11] INFO  server.RaftServerConfigKeys (ConfUtils.java:logGet(43)) - raft.server.watch.timeout.denomination = 1s (default)
2019-09-25 07:28:39,393 [7f677846-6321-4837-a536-8a7cfa3ddebf@group-C9120F3AC1B5:LeaderElection14] INFO  server.RaftServerConfigKeys (ConfUtils.java:logGet(43)) - raft.server.watch.timeout.denomination = 1s (default)
2019-09-25 07:28:39,393 [a3425e08-24ce-4736-9f6e-1b8551260ff2@group-46AC0C7C9A13:LeaderElection1] INFO  server.RaftServerConfigKeys (ConfUtils.java:logGet(43)) - raft.server.watch.timeout.denomination = 1s (default)
2019-09-25 07:28:39,392 [7f677846-6321-4837-a536-8a7cfa3ddebf@group-21A848288337:LeaderElection10] INFO  server.RaftServerConfigKeys (ConfUtils.java:logGet(43)) - raft.server.watch.timeout.denomination = 1s (default)
2019-09-25 07:28:39,392 [cdf8b493-8d99-4b97-bf55-1e19bf837156@group-BFFEE62B2317:LeaderElection12] INFO  server.RaftServerConfigKeys (ConfUtils.java:logGet(43)) - raft.server.watch.timeout.denomination = 1s (default)
2019-09-25 07:28:39,392 [7f677846-6321-4837-a536-8a7cfa3ddebf@group-FBB07C895004:LeaderElection15] INFO  server.RaftServerConfigKeys (ConfUtils.java:logGet(43)) - raft.server.watch.timeout = 10s (default)
2019-09-25 07:28:39,392 [319eb9b2-446a-4b5b-95c2-98d772c8b042@group-7682A0CA2829:LeaderElection17] INFO  server.RaftServerConfigKeys (ConfUtils.java:logGet(43)) - raft.server.watch.timeout.denomination = 1s (default)
2019-09-25 07:28:39,392 [a3425e08-24ce-4736-9f6e-1b8551260ff2@group-0EEA8C2B14F9:LeaderElection3] INFO  server.RaftServerConfigKeys (ConfUtils.java:logGet(43)) - raft.server.watch.timeout = 10s (default)
2019-09-25 07:28:39,398 [319eb9b2-446a-4b5b-95c2-98d772c8b042@group-7682A0CA2829:LeaderElection17] INFO  server.RaftServerConfigKeys (ConfUtils.java:logGet(43)) - raft.server.watch.element-limit = 65536 (default)
2019-09-25 07:28:39,398 [7f677846-6321-4837-a536-8a7cfa3ddebf@group-FBB07C895004:LeaderElection15] INFO  server.RaftServerConfigKeys (ConfUtils.java:logGet(43)) - raft.server.watch.timeout.denomination = 1s (default)
2019-09-25 07:28:39,398 [7f677846-6321-4837-a536-8a7cfa3ddebf@group-FFF9E96A4731:LeaderElection18] INFO  impl.LeaderElection (LeaderElection.java:askForVotes(182)) - 7f677846-6321-4837-a536-8a7cfa3ddebf@group-FFF9E96A4731:LeaderElection18: begin an election at term 1 for -1: [7f677846-6321-4837-a536-8a7cfa3ddebf:192.168.30.10:43630], old=null
2019-09-25 07:28:39,398 [cdf8b493-8d99-4b97-bf55-1e19bf837156@group-BFFEE62B2317:LeaderElection12] INFO  server.RaftServerConfigKeys (ConfUtils.java:logGet(43)) - raft.server.watch.element-limit = 65536 (default)
2019-09-25 07:28:39,397 [7f677846-6321-4837-a536-8a7cfa3ddebf@group-21A848288337:LeaderElection10] INFO  server.RaftServerConfigKeys (ConfUtils.java:logGet(43)) - raft.server.watch.element-limit = 65536 (default)
2019-09-25 07:28:39,397 [a3425e08-24ce-4736-9f6e-1b8551260ff2@group-46AC0C7C9A13:LeaderElection1] INFO  server.RaftServerConfigKeys (ConfUtils.java:logGet(43)) - raft.server.watch.element-limit = 65536 (default)
2019-09-25 07:28:39,397 [7f677846-6321-4837-a536-8a7cfa3ddebf@group-C9120F3AC1B5:LeaderElection14] INFO  server.RaftServerConfigKeys (ConfUtils.java:logGet(43)) - raft.server.watch.element-limit = 65536 (default)
2019-09-25 07:28:39,397 [a3425e08-24ce-4736-9f6e-1b8551260ff2@group-0BC90C65DA2F:LeaderElection11] INFO  server.RaftServerConfigKeys (ConfUtils.java:logGet(43)) - raft.server.watch.element-limit = 65536 (default)
2019-09-25 07:28:39,397 [319eb9b2-446a-4b5b-95c2-98d772c8b042@group-617521CE924D:LeaderElection6] INFO  server.RaftServerConfigKeys (ConfUtils.java:logGet(43)) - raft.server.watch.element-limit = 65536 (default)
2019-09-25 07:28:39,396 [a3425e08-24ce-4736-9f6e-1b8551260ff2@group-C3F319D0DDEB:LeaderElection7] INFO  server.RaftServerConfigKeys (ConfUtils.java:logGet(43)) - raft.server.watch.element-limit = 65536 (default)
2019-09-25 07:28:39,396 [e9a92b31-f57e-42f9-b032-4050b3cc8be5@group-4852137DEB57:LeaderElection16] INFO  server.RaftServerConfigKeys (ConfUtils.java:logGet(43)) - raft.server.watch.element-limit = 65536 (default)
2019-09-25 07:28:39,396 [7f677846-6321-4837-a536-8a7cfa3ddebf@group-05C3804B7FB4:LeaderElection13] INFO  server.RaftServerConfigKeys (ConfUtils.java:logGet(43)) - raft.server.watch.element-limit = 65536 (default)
2019-09-25 07:28:39,396 [7f677846-6321-4837-a536-8a7cfa3ddebf@group-1CE673173F28:LeaderElection9] INFO  server.RaftServerConfigKeys (ConfUtils.java:logGet(43)) - raft.server.watch.element-limit = 65536 (default)
2019-09-25 07:28:39,396 [a3425e08-24ce-4736-9f6e-1b8551260ff2@group-057A71891E68:LeaderElection4] INFO  server.RaftServerConfigKeys (ConfUtils.java:logGet(43)) - raft.server.watch.element-limit = 65536 (default)
2019-09-25 07:28:39,396 [a3425e08-24ce-4736-9f6e-1b8551260ff2@group-039671D25F70:LeaderElection5] INFO  server.RaftServerConfigKeys (ConfUtils.java:logGet(43)) - raft.server.watch.element-limit = 65536 (default)
2019-09-25 07:28:39,396 [319eb9b2-446a-4b5b-95c2-98d772c8b042@group-84273C5D0C78:LeaderElection8] INFO  server.RaftServerConfigKeys (ConfUtils.java:logGet(43)) - raft.server.watch.element-limit = 65536 (default)
2019-09-25 07:28:39,395 [e9a92b31-f57e-42f9-b032-4050b3cc8be5@group-8779C3C2E944:LeaderElection2] INFO  server.RaftServerConfigKeys (ConfUtils.java:logGet(43)) - raft.server.watch.timeout.denomination = 1s (default)
2019-09-25 07:28:39,399 [7f677846-6321-4837-a536-8a7cfa3ddebf@group-FFF9E96A4731:LeaderElection18] INFO  impl.RoleInfo (RoleInfo.java:shutdownLeaderElection(134)) - 7f677846-6321-4837-a536-8a7cfa3ddebf: shutdown LeaderElection
2019-09-25 07:28:39,399 [7f677846-6321-4837-a536-8a7cfa3ddebf@group-FBB07C895004:LeaderElection15] INFO  server.RaftServerConfigKeys (ConfUtils.java:logGet(43)) - raft.server.watch.element-limit = 65536 (default)
2019-09-25 07:28:39,398 [a3425e08-24ce-4736-9f6e-1b8551260ff2@group-0EEA8C2B14F9:LeaderElection3] INFO  server.RaftServerConfigKeys (ConfUtils.java:logGet(43)) - raft.server.watch.timeout.denomination = 1s (default)
2019-09-25 07:28:39,402 [7f677846-6321-4837-a536-8a7cfa3ddebf@group-FFF9E96A4731:LeaderElection18] INFO  impl.RaftServerImpl (RaftServerImpl.java:setRole(174)) - 7f677846-6321-4837-a536-8a7cfa3ddebf@group-FFF9E96A4731: changes role from CANDIDATE to LEADER at term 1 for changeToLeader
2019-09-25 07:28:39,402 [e9a92b31-f57e-42f9-b032-4050b3cc8be5@group-8779C3C2E944:LeaderElection2] INFO  server.RaftServerConfigKeys (ConfUtils.java:logGet(43)) - raft.server.watch.element-limit = 65536 (default)
2019-09-25 07:28:39,403 [7f677846-6321-4837-a536-8a7cfa3ddebf@group-FFF9E96A4731:LeaderElection18] INFO  impl.RaftServerImpl (ServerState.java:setLeader(253)) - 7f677846-6321-4837-a536-8a7cfa3ddebf@group-FFF9E96A4731: change Leader from null to 7f677846-6321-4837-a536-8a7cfa3ddebf at term 1 for becomeLeader, leader elected after 5513ms
2019-09-25 07:28:39,402 [a3425e08-24ce-4736-9f6e-1b8551260ff2@group-0EEA8C2B14F9:LeaderElection3] INFO  server.RaftServerConfigKeys (ConfUtils.java:logGet(43)) - raft.server.watch.element-limit = 65536 (default)
2019-09-25 07:28:39,403 [7f677846-6321-4837-a536-8a7cfa3ddebf@group-FFF9E96A4731:LeaderElection18] INFO  server.RaftServerConfigKeys (ConfUtils.java:logGet(43)) - raft.server.staging.catchup.gap = 1000 (default)
2019-09-25 07:28:39,404 [7f677846-6321-4837-a536-8a7cfa3ddebf@group-FFF9E96A4731:LeaderElection18] INFO  server.RaftServerConfigKeys (ConfUtils.java:logGet(43)) - raft.server.rpc.sleep.time = 25ms (default)
2019-09-25 07:28:39,404 [7f677846-6321-4837-a536-8a7cfa3ddebf@group-FFF9E96A4731:LeaderElection18] INFO  server.RaftServerConfigKeys (ConfUtils.java:logGet(43)) - raft.server.write.element-limit = 4096 (default)
2019-09-25 07:28:39,405 [7f677846-6321-4837-a536-8a7cfa3ddebf@group-FFF9E96A4731:LeaderElection18] INFO  server.RaftServerConfigKeys (ConfUtils.java:logGet(43)) - raft.server.watch.timeout = 10s (default)
2019-09-25 07:28:39,405 [7f677846-6321-4837-a536-8a7cfa3ddebf@group-FFF9E96A4731:LeaderElection18] INFO  server.RaftServerConfigKeys (ConfUtils.java:logGet(43)) - raft.server.watch.timeout.denomination = 1s (default)
2019-09-25 07:28:39,405 [7f677846-6321-4837-a536-8a7cfa3ddebf@group-FFF9E96A4731:LeaderElection18] INFO  server.RaftServerConfigKeys (ConfUtils.java:logGet(43)) - raft.server.watch.element-limit = 65536 (default)
2019-09-25 07:28:39,427 [a3425e08-24ce-4736-9f6e-1b8551260ff2@group-0EEA8C2B14F9:LeaderElection3] INFO  impl.RoleInfo (RoleInfo.java:updateAndGet(143)) - a3425e08-24ce-4736-9f6e-1b8551260ff2: start LeaderState
2019-09-25 07:28:39,430 [Thread-270] INFO  impl.FollowerState (FollowerState.java:run(106)) - e9a92b31-f57e-42f9-b032-4050b3cc8be5:group-BDC628B6678B changes to CANDIDATE, lastRpcTime:5121, electionTimeout:5121ms
2019-09-25 07:28:39,431 [Thread-270] INFO  impl.RoleInfo (RoleInfo.java:shutdownFollowerState(121)) - e9a92b31-f57e-42f9-b032-4050b3cc8be5: shutdown FollowerState
2019-09-25 07:28:39,431 [Thread-270] INFO  impl.RaftServerImpl (RaftServerImpl.java:setRole(174)) - e9a92b31-f57e-42f9-b032-4050b3cc8be5@group-BDC628B6678B: changes role from  FOLLOWER to CANDIDATE at term 0 for changeToCandidate
2019-09-25 07:28:39,431 [Thread-270] INFO  impl.RoleInfo (RoleInfo.java:updateAndGet(143)) - e9a92b31-f57e-42f9-b032-4050b3cc8be5: start LeaderElection
2019-09-25 07:28:39,435 [cdf8b493-8d99-4b97-bf55-1e19bf837156@group-BFFEE62B2317:LeaderElection12] INFO  impl.RoleInfo (RoleInfo.java:updateAndGet(143)) - cdf8b493-8d99-4b97-bf55-1e19bf837156: start LeaderState
2019-09-25 07:28:39,447 [7f677846-6321-4837-a536-8a7cfa3ddebf@group-1CE673173F28:LeaderElection9] INFO  impl.RoleInfo (RoleInfo.java:updateAndGet(143)) - 7f677846-6321-4837-a536-8a7cfa3ddebf: start LeaderState
2019-09-25 07:28:39,450 [a3425e08-24ce-4736-9f6e-1b8551260ff2@group-057A71891E68:LeaderElection4] INFO  impl.RoleInfo (RoleInfo.java:updateAndGet(143)) - a3425e08-24ce-4736-9f6e-1b8551260ff2: start LeaderState
2019-09-25 07:28:39,452 [7f677846-6321-4837-a536-8a7cfa3ddebf@group-05C3804B7FB4:LeaderElection13] INFO  impl.RoleInfo (RoleInfo.java:updateAndGet(143)) - 7f677846-6321-4837-a536-8a7cfa3ddebf: start LeaderState
2019-09-25 07:28:39,454 [7f677846-6321-4837-a536-8a7cfa3ddebf@group-FBB07C895004:LeaderElection15] INFO  impl.RoleInfo (RoleInfo.java:updateAndGet(143)) - 7f677846-6321-4837-a536-8a7cfa3ddebf: start LeaderState
2019-09-25 07:28:39,455 [7f677846-6321-4837-a536-8a7cfa3ddebf@group-21A848288337:LeaderElection10] INFO  impl.RoleInfo (RoleInfo.java:updateAndGet(143)) - 7f677846-6321-4837-a536-8a7cfa3ddebf: start LeaderState
2019-09-25 07:28:39,460 [e9a92b31-f57e-42f9-b032-4050b3cc8be5@group-8779C3C2E944:LeaderElection2] INFO  impl.RoleInfo (RoleInfo.java:updateAndGet(143)) - e9a92b31-f57e-42f9-b032-4050b3cc8be5: start LeaderState
2019-09-25 07:28:39,461 [e9a92b31-f57e-42f9-b032-4050b3cc8be5@group-4852137DEB57:LeaderElection16] INFO  impl.RoleInfo (RoleInfo.java:updateAndGet(143)) - e9a92b31-f57e-42f9-b032-4050b3cc8be5: start LeaderState
2019-09-25 07:28:39,462 [e9a92b31-f57e-42f9-b032-4050b3cc8be5@group-4852137DEB57:LeaderElection16] INFO  segmented.SegmentedRaftLogWorker (SegmentedRaftLogWorker.java:startLogSegment(380)) - e9a92b31-f57e-42f9-b032-4050b3cc8be5@group-4852137DEB57-SegmentedRaftLogWorker: Starting segment from index:0
2019-09-25 07:28:39,462 [7f677846-6321-4837-a536-8a7cfa3ddebf@group-21A848288337:LeaderElection10] INFO  segmented.SegmentedRaftLogWorker (SegmentedRaftLogWorker.java:startLogSegment(380)) - 7f677846-6321-4837-a536-8a7cfa3ddebf@group-21A848288337-SegmentedRaftLogWorker: Starting segment from index:0
2019-09-25 07:28:39,462 [e9a92b31-f57e-42f9-b032-4050b3cc8be5@group-8779C3C2E944:LeaderElection2] INFO  segmented.SegmentedRaftLogWorker (SegmentedRaftLogWorker.java:startLogSegment(380)) - e9a92b31-f57e-42f9-b032-4050b3cc8be5@group-8779C3C2E944-SegmentedRaftLogWorker: Starting segment from index:0
2019-09-25 07:28:39,462 [a3425e08-24ce-4736-9f6e-1b8551260ff2@group-0EEA8C2B14F9:LeaderElection3] INFO  segmented.SegmentedRaftLogWorker (SegmentedRaftLogWorker.java:startLogSegment(380)) - a3425e08-24ce-4736-9f6e-1b8551260ff2@group-0EEA8C2B14F9-SegmentedRaftLogWorker: Starting segment from index:0
2019-09-25 07:28:39,462 [cdf8b493-8d99-4b97-bf55-1e19bf837156@group-BFFEE62B2317:LeaderElection12] INFO  segmented.SegmentedRaftLogWorker (SegmentedRaftLogWorker.java:startLogSegment(380)) - cdf8b493-8d99-4b97-bf55-1e19bf837156@group-BFFEE62B2317-SegmentedRaftLogWorker: Starting segment from index:0
2019-09-25 07:28:39,462 [7f677846-6321-4837-a536-8a7cfa3ddebf@group-1CE673173F28:LeaderElection9] INFO  segmented.SegmentedRaftLogWorker (SegmentedRaftLogWorker.java:startLogSegment(380)) - 7f677846-6321-4837-a536-8a7cfa3ddebf@group-1CE673173F28-SegmentedRaftLogWorker: Starting segment from index:0
2019-09-25 07:28:39,462 [a3425e08-24ce-4736-9f6e-1b8551260ff2@group-057A71891E68:LeaderElection4] INFO  segmented.SegmentedRaftLogWorker (SegmentedRaftLogWorker.java:startLogSegment(380)) - a3425e08-24ce-4736-9f6e-1b8551260ff2@group-057A71891E68-SegmentedRaftLogWorker: Starting segment from index:0
2019-09-25 07:28:39,462 [7f677846-6321-4837-a536-8a7cfa3ddebf@group-05C3804B7FB4:LeaderElection13] INFO  segmented.SegmentedRaftLogWorker (SegmentedRaftLogWorker.java:startLogSegment(380)) - 7f677846-6321-4837-a536-8a7cfa3ddebf@group-05C3804B7FB4-SegmentedRaftLogWorker: Starting segment from index:0
2019-09-25 07:28:39,462 [7f677846-6321-4837-a536-8a7cfa3ddebf@group-FBB07C895004:LeaderElection15] INFO  segmented.SegmentedRaftLogWorker (SegmentedRaftLogWorker.java:startLogSegment(380)) - 7f677846-6321-4837-a536-8a7cfa3ddebf@group-FBB07C895004-SegmentedRaftLogWorker: Starting segment from index:0
2019-09-25 07:28:39,463 [a3425e08-24ce-4736-9f6e-1b8551260ff2@group-46AC0C7C9A13:LeaderElection1] INFO  impl.RoleInfo (RoleInfo.java:updateAndGet(143)) - a3425e08-24ce-4736-9f6e-1b8551260ff2: start LeaderState
2019-09-25 07:28:39,463 [a3425e08-24ce-4736-9f6e-1b8551260ff2@group-0BC90C65DA2F:LeaderElection11] INFO  impl.RoleInfo (RoleInfo.java:updateAndGet(143)) - a3425e08-24ce-4736-9f6e-1b8551260ff2: start LeaderState
2019-09-25 07:28:39,462 [319eb9b2-446a-4b5b-95c2-98d772c8b042@group-7682A0CA2829:LeaderElection17] INFO  impl.RoleInfo (RoleInfo.java:updateAndGet(143)) - 319eb9b2-446a-4b5b-95c2-98d772c8b042: start LeaderState
2019-09-25 07:28:39,464 [a3425e08-24ce-4736-9f6e-1b8551260ff2@group-46AC0C7C9A13:LeaderElection1] INFO  segmented.SegmentedRaftLogWorker (SegmentedRaftLogWorker.java:startLogSegment(380)) - a3425e08-24ce-4736-9f6e-1b8551260ff2@group-46AC0C7C9A13-SegmentedRaftLogWorker: Starting segment from index:0
2019-09-25 07:28:39,464 [319eb9b2-446a-4b5b-95c2-98d772c8b042@group-7682A0CA2829:LeaderElection17] INFO  segmented.SegmentedRaftLogWorker (SegmentedRaftLogWorker.java:startLogSegment(380)) - 319eb9b2-446a-4b5b-95c2-98d772c8b042@group-7682A0CA2829-SegmentedRaftLogWorker: Starting segment from index:0
2019-09-25 07:28:39,464 [7f677846-6321-4837-a536-8a7cfa3ddebf@group-FFF9E96A4731:LeaderElection18] INFO  impl.RoleInfo (RoleInfo.java:updateAndGet(143)) - 7f677846-6321-4837-a536-8a7cfa3ddebf: start LeaderState
2019-09-25 07:28:39,464 [a3425e08-24ce-4736-9f6e-1b8551260ff2@group-0BC90C65DA2F:LeaderElection11] INFO  segmented.SegmentedRaftLogWorker (SegmentedRaftLogWorker.java:startLogSegment(380)) - a3425e08-24ce-4736-9f6e-1b8551260ff2@group-0BC90C65DA2F-SegmentedRaftLogWorker: Starting segment from index:0
2019-09-25 07:28:39,465 [7f677846-6321-4837-a536-8a7cfa3ddebf@group-FFF9E96A4731:LeaderElection18] INFO  segmented.SegmentedRaftLogWorker (SegmentedRaftLogWorker.java:startLogSegment(380)) - 7f677846-6321-4837-a536-8a7cfa3ddebf@group-FFF9E96A4731-SegmentedRaftLogWorker: Starting segment from index:0
2019-09-25 07:28:39,465 [e9a92b31-f57e-42f9-b032-4050b3cc8be5@group-BDC628B6678B:LeaderElection19] INFO  impl.LeaderElection (LeaderElection.java:askForVotes(182)) - e9a92b31-f57e-42f9-b032-4050b3cc8be5@group-BDC628B6678B:LeaderElection19: begin an election at term 1 for -1: [e9a92b31-f57e-42f9-b032-4050b3cc8be5:192.168.30.10:37831], old=null
2019-09-25 07:28:39,464 [319eb9b2-446a-4b5b-95c2-98d772c8b042@group-84273C5D0C78:LeaderElection8] INFO  impl.RoleInfo (RoleInfo.java:updateAndGet(143)) - 319eb9b2-446a-4b5b-95c2-98d772c8b042: start LeaderState
2019-09-25 07:28:39,465 [a3425e08-24ce-4736-9f6e-1b8551260ff2@group-039671D25F70:LeaderElection5] INFO  impl.RoleInfo (RoleInfo.java:updateAndGet(143)) - a3425e08-24ce-4736-9f6e-1b8551260ff2: start LeaderState
2019-09-25 07:28:39,465 [e9a92b31-f57e-42f9-b032-4050b3cc8be5@group-BDC628B6678B:LeaderElection19] INFO  impl.RoleInfo (RoleInfo.java:shutdownLeaderElection(134)) - e9a92b31-f57e-42f9-b032-4050b3cc8be5: shutdown LeaderElection
2019-09-25 07:28:39,465 [a3425e08-24ce-4736-9f6e-1b8551260ff2@group-C3F319D0DDEB:LeaderElection7] INFO  impl.RoleInfo (RoleInfo.java:updateAndGet(143)) - a3425e08-24ce-4736-9f6e-1b8551260ff2: start LeaderState
2019-09-25 07:28:39,465 [7f677846-6321-4837-a536-8a7cfa3ddebf@group-C9120F3AC1B5:LeaderElection14] INFO  impl.RoleInfo (RoleInfo.java:updateAndGet(143)) - 7f677846-6321-4837-a536-8a7cfa3ddebf: start LeaderState
2019-09-25 07:28:39,466 [a3425e08-24ce-4736-9f6e-1b8551260ff2@group-C3F319D0DDEB:LeaderElection7] INFO  segmented.SegmentedRaftLogWorker (SegmentedRaftLogWorker.java:startLogSegment(380)) - a3425e08-24ce-4736-9f6e-1b8551260ff2@group-C3F319D0DDEB-SegmentedRaftLogWorker: Starting segment from index:0
2019-09-25 07:28:39,466 [e9a92b31-f57e-42f9-b032-4050b3cc8be5@group-BDC628B6678B:LeaderElection19] INFO  impl.RaftServerImpl (RaftServerImpl.java:setRole(174)) - e9a92b31-f57e-42f9-b032-4050b3cc8be5@group-BDC628B6678B: changes role from CANDIDATE to LEADER at term 1 for changeToLeader
2019-09-25 07:28:39,466 [a3425e08-24ce-4736-9f6e-1b8551260ff2@group-039671D25F70:LeaderElection5] INFO  segmented.SegmentedRaftLogWorker (SegmentedRaftLogWorker.java:startLogSegment(380)) - a3425e08-24ce-4736-9f6e-1b8551260ff2@group-039671D25F70-SegmentedRaftLogWorker: Starting segment from index:0
2019-09-25 07:28:39,465 [319eb9b2-446a-4b5b-95c2-98d772c8b042@group-84273C5D0C78:LeaderElection8] INFO  segmented.SegmentedRaftLogWorker (SegmentedRaftLogWorker.java:startLogSegment(380)) - 319eb9b2-446a-4b5b-95c2-98d772c8b042@group-84273C5D0C78-SegmentedRaftLogWorker: Starting segment from index:0
2019-09-25 07:28:39,465 [319eb9b2-446a-4b5b-95c2-98d772c8b042@group-617521CE924D:LeaderElection6] INFO  impl.RoleInfo (RoleInfo.java:updateAndGet(143)) - 319eb9b2-446a-4b5b-95c2-98d772c8b042: start LeaderState
2019-09-25 07:28:39,466 [e9a92b31-f57e-42f9-b032-4050b3cc8be5@group-BDC628B6678B:LeaderElection19] INFO  impl.RaftServerImpl (ServerState.java:setLeader(253)) - e9a92b31-f57e-42f9-b032-4050b3cc8be5@group-BDC628B6678B: change Leader from null to e9a92b31-f57e-42f9-b032-4050b3cc8be5 at term 1 for becomeLeader, leader elected after 5167ms
2019-09-25 07:28:39,466 [7f677846-6321-4837-a536-8a7cfa3ddebf@group-C9120F3AC1B5:LeaderElection14] INFO  segmented.SegmentedRaftLogWorker (SegmentedRaftLogWorker.java:startLogSegment(380)) - 7f677846-6321-4837-a536-8a7cfa3ddebf@group-C9120F3AC1B5-SegmentedRaftLogWorker: Starting segment from index:0
2019-09-25 07:28:39,467 [e9a92b31-f57e-42f9-b032-4050b3cc8be5@group-BDC628B6678B:LeaderElection19] INFO  server.RaftServerConfigKeys (ConfUtils.java:logGet(43)) - raft.server.staging.catchup.gap = 1000 (default)
2019-09-25 07:28:39,467 [319eb9b2-446a-4b5b-95c2-98d772c8b042@group-617521CE924D:LeaderElection6] INFO  segmented.SegmentedRaftLogWorker (SegmentedRaftLogWorker.java:startLogSegment(380)) - 319eb9b2-446a-4b5b-95c2-98d772c8b042@group-617521CE924D-SegmentedRaftLogWorker: Starting segment from index:0
2019-09-25 07:28:39,467 [e9a92b31-f57e-42f9-b032-4050b3cc8be5@group-BDC628B6678B:LeaderElection19] INFO  server.RaftServerConfigKeys (ConfUtils.java:logGet(43)) - raft.server.rpc.sleep.time = 25ms (default)
2019-09-25 07:28:39,468 [e9a92b31-f57e-42f9-b032-4050b3cc8be5@group-BDC628B6678B:LeaderElection19] INFO  server.RaftServerConfigKeys (ConfUtils.java:logGet(43)) - raft.server.write.element-limit = 4096 (default)
2019-09-25 07:28:39,468 [e9a92b31-f57e-42f9-b032-4050b3cc8be5@group-BDC628B6678B:LeaderElection19] INFO  server.RaftServerConfigKeys (ConfUtils.java:logGet(43)) - raft.server.watch.timeout = 10s (default)
2019-09-25 07:28:39,468 [e9a92b31-f57e-42f9-b032-4050b3cc8be5@group-BDC628B6678B:LeaderElection19] INFO  server.RaftServerConfigKeys (ConfUtils.java:logGet(43)) - raft.server.watch.timeout.denomination = 1s (default)
2019-09-25 07:28:39,468 [e9a92b31-f57e-42f9-b032-4050b3cc8be5@group-BDC628B6678B:LeaderElection19] INFO  server.RaftServerConfigKeys (ConfUtils.java:logGet(43)) - raft.server.watch.element-limit = 65536 (default)
2019-09-25 07:28:39,472 [e9a92b31-f57e-42f9-b032-4050b3cc8be5@group-BDC628B6678B:LeaderElection19] INFO  impl.RoleInfo (RoleInfo.java:updateAndGet(143)) - e9a92b31-f57e-42f9-b032-4050b3cc8be5: start LeaderState
2019-09-25 07:28:39,472 [e9a92b31-f57e-42f9-b032-4050b3cc8be5@group-BDC628B6678B:LeaderElection19] INFO  segmented.SegmentedRaftLogWorker (SegmentedRaftLogWorker.java:startLogSegment(380)) - e9a92b31-f57e-42f9-b032-4050b3cc8be5@group-BDC628B6678B-SegmentedRaftLogWorker: Starting segment from index:0
2019-09-25 07:28:39,474 [a3425e08-24ce-4736-9f6e-1b8551260ff2@group-057A71891E68:LeaderElection4] INFO  impl.RaftServerImpl (ServerState.java:setRaftConf(354)) - a3425e08-24ce-4736-9f6e-1b8551260ff2@group-057A71891E68: set configuration 0: [a3425e08-24ce-4736-9f6e-1b8551260ff2:192.168.30.10:37358], old=null at 0
2019-09-25 07:28:39,474 [a3425e08-24ce-4736-9f6e-1b8551260ff2@group-0EEA8C2B14F9:LeaderElection3] INFO  impl.RaftServerImpl (ServerState.java:setRaftConf(354)) - a3425e08-24ce-4736-9f6e-1b8551260ff2@group-0EEA8C2B14F9: set configuration 0: [a3425e08-24ce-4736-9f6e-1b8551260ff2:192.168.30.10:37358], old=null at 0
2019-09-25 07:28:39,474 [319eb9b2-446a-4b5b-95c2-98d772c8b042@group-7682A0CA2829:LeaderElection17] INFO  impl.RaftServerImpl (ServerState.java:setRaftConf(354)) - 319eb9b2-446a-4b5b-95c2-98d772c8b042@group-7682A0CA2829: set configuration 0: [319eb9b2-446a-4b5b-95c2-98d772c8b042:192.168.30.10:42608], old=null at 0
2019-09-25 07:28:39,474 [319eb9b2-446a-4b5b-95c2-98d772c8b042@group-84273C5D0C78:LeaderElection8] INFO  impl.RaftServerImpl (ServerState.java:setRaftConf(354)) - 319eb9b2-446a-4b5b-95c2-98d772c8b042@group-84273C5D0C78: set configuration 0: [319eb9b2-446a-4b5b-95c2-98d772c8b042:192.168.30.10:42608], old=null at 0
2019-09-25 07:28:39,475 [7f677846-6321-4837-a536-8a7cfa3ddebf@group-FFF9E96A4731:LeaderElection18] INFO  impl.RaftServerImpl (ServerState.java:setRaftConf(354)) - 7f677846-6321-4837-a536-8a7cfa3ddebf@group-FFF9E96A4731: set configuration 0: [7f677846-6321-4837-a536-8a7cfa3ddebf:192.168.30.10:43630], old=null at 0
2019-09-25 07:28:39,474 [7f677846-6321-4837-a536-8a7cfa3ddebf@group-FBB07C895004:LeaderElection15] INFO  impl.RaftServerImpl (ServerState.java:setRaftConf(354)) - 7f677846-6321-4837-a536-8a7cfa3ddebf@group-FBB07C895004: set configuration 0: [7f677846-6321-4837-a536-8a7cfa3ddebf:192.168.30.10:43630], old=null at 0
2019-09-25 07:28:39,478 [e9a92b31-f57e-42f9-b032-4050b3cc8be5@group-BDC628B6678B:LeaderElection19] INFO  impl.RaftServerImpl (ServerState.java:setRaftConf(354)) - e9a92b31-f57e-42f9-b032-4050b3cc8be5@group-BDC628B6678B: set configuration 0: [e9a92b31-f57e-42f9-b032-4050b3cc8be5:192.168.30.10:37831], old=null at 0
2019-09-25 07:28:39,474 [7f677846-6321-4837-a536-8a7cfa3ddebf@group-21A848288337:LeaderElection10] INFO  impl.RaftServerImpl (ServerState.java:setRaftConf(354)) - 7f677846-6321-4837-a536-8a7cfa3ddebf@group-21A848288337: set configuration 0: [7f677846-6321-4837-a536-8a7cfa3ddebf:192.168.30.10:43630], old=null at 0
2019-09-25 07:28:39,478 [a3425e08-24ce-4736-9f6e-1b8551260ff2@group-039671D25F70:LeaderElection5] INFO  impl.RaftServerImpl (ServerState.java:setRaftConf(354)) - a3425e08-24ce-4736-9f6e-1b8551260ff2@group-039671D25F70: set configuration 0: [a3425e08-24ce-4736-9f6e-1b8551260ff2:192.168.30.10:37358], old=null at 0
2019-09-25 07:28:39,478 [319eb9b2-446a-4b5b-95c2-98d772c8b042@group-617521CE924D:LeaderElection6] INFO  impl.RaftServerImpl (ServerState.java:setRaftConf(354)) - 319eb9b2-446a-4b5b-95c2-98d772c8b042@group-617521CE924D: set configuration 0: [319eb9b2-446a-4b5b-95c2-98d772c8b042:192.168.30.10:42608], old=null at 0
2019-09-25 07:28:39,478 [e9a92b31-f57e-42f9-b032-4050b3cc8be5@group-8779C3C2E944:LeaderElection2] INFO  impl.RaftServerImpl (ServerState.java:setRaftConf(354)) - e9a92b31-f57e-42f9-b032-4050b3cc8be5@group-8779C3C2E944: set configuration 0: [e9a92b31-f57e-42f9-b032-4050b3cc8be5:192.168.30.10:37831], old=null at 0
2019-09-25 07:28:39,478 [a3425e08-24ce-4736-9f6e-1b8551260ff2@group-46AC0C7C9A13:LeaderElection1] INFO  impl.RaftServerImpl (ServerState.java:setRaftConf(354)) - a3425e08-24ce-4736-9f6e-1b8551260ff2@group-46AC0C7C9A13: set configuration 0: [a3425e08-24ce-4736-9f6e-1b8551260ff2:192.168.30.10:37358], old=null at 0
2019-09-25 07:28:39,478 [a3425e08-24ce-4736-9f6e-1b8551260ff2@group-0BC90C65DA2F:LeaderElection11] INFO  impl.RaftServerImpl (ServerState.java:setRaftConf(354)) - a3425e08-24ce-4736-9f6e-1b8551260ff2@group-0BC90C65DA2F: set configuration 0: [a3425e08-24ce-4736-9f6e-1b8551260ff2:192.168.30.10:37358], old=null at 0
2019-09-25 07:28:39,477 [7f677846-6321-4837-a536-8a7cfa3ddebf@group-05C3804B7FB4:LeaderElection13] INFO  impl.RaftServerImpl (ServerState.java:setRaftConf(354)) - 7f677846-6321-4837-a536-8a7cfa3ddebf@group-05C3804B7FB4: set configuration 0: [7f677846-6321-4837-a536-8a7cfa3ddebf:192.168.30.10:43630], old=null at 0
2019-09-25 07:28:39,477 [a3425e08-24ce-4736-9f6e-1b8551260ff2@group-C3F319D0DDEB:LeaderElection7] INFO  impl.RaftServerImpl (ServerState.java:setRaftConf(354)) - a3425e08-24ce-4736-9f6e-1b8551260ff2@group-C3F319D0DDEB: set configuration 0: [a3425e08-24ce-4736-9f6e-1b8551260ff2:192.168.30.10:37358], old=null at 0
2019-09-25 07:28:39,477 [7f677846-6321-4837-a536-8a7cfa3ddebf@group-1CE673173F28:LeaderElection9] INFO  impl.RaftServerImpl (ServerState.java:setRaftConf(354)) - 7f677846-6321-4837-a536-8a7cfa3ddebf@group-1CE673173F28: set configuration 0: [7f677846-6321-4837-a536-8a7cfa3ddebf:192.168.30.10:43630], old=null at 0
2019-09-25 07:28:39,475 [7f677846-6321-4837-a536-8a7cfa3ddebf@group-C9120F3AC1B5:LeaderElection14] INFO  impl.RaftServerImpl (ServerState.java:setRaftConf(354)) - 7f677846-6321-4837-a536-8a7cfa3ddebf@group-C9120F3AC1B5: set configuration 0: [7f677846-6321-4837-a536-8a7cfa3ddebf:192.168.30.10:43630], old=null at 0
2019-09-25 07:28:39,474 [cdf8b493-8d99-4b97-bf55-1e19bf837156@group-BFFEE62B2317:LeaderElection12] INFO  impl.RaftServerImpl (ServerState.java:setRaftConf(354)) - cdf8b493-8d99-4b97-bf55-1e19bf837156@group-BFFEE62B2317: set configuration 0: [cdf8b493-8d99-4b97-bf55-1e19bf837156:192.168.30.10:41087], old=null at 0
2019-09-25 07:28:39,474 [e9a92b31-f57e-42f9-b032-4050b3cc8be5@group-4852137DEB57:LeaderElection16] INFO  impl.RaftServerImpl (ServerState.java:setRaftConf(354)) - e9a92b31-f57e-42f9-b032-4050b3cc8be5@group-4852137DEB57: set configuration 0: [e9a92b31-f57e-42f9-b032-4050b3cc8be5:192.168.30.10:37831], old=null at 0
2019-09-25 07:28:39,562 [Thread-274] INFO  impl.FollowerState (FollowerState.java:run(106)) - 319eb9b2-446a-4b5b-95c2-98d772c8b042:group-33F5AF887535 changes to CANDIDATE, lastRpcTime:5170, electionTimeout:5167ms
2019-09-25 07:28:39,562 [Thread-274] INFO  impl.RoleInfo (RoleInfo.java:shutdownFollowerState(121)) - 319eb9b2-446a-4b5b-95c2-98d772c8b042: shutdown FollowerState
2019-09-25 07:28:39,562 [Thread-274] INFO  impl.RaftServerImpl (RaftServerImpl.java:setRole(174)) - 319eb9b2-446a-4b5b-95c2-98d772c8b042@group-33F5AF887535: changes role from  FOLLOWER to CANDIDATE at term 0 for changeToCandidate
2019-09-25 07:28:39,563 [Thread-274] INFO  impl.RoleInfo (RoleInfo.java:updateAndGet(143)) - 319eb9b2-446a-4b5b-95c2-98d772c8b042: start LeaderElection
2019-09-25 07:28:39,597 [319eb9b2-446a-4b5b-95c2-98d772c8b042@group-33F5AF887535:LeaderElection20] INFO  impl.LeaderElection (LeaderElection.java:askForVotes(182)) - 319eb9b2-446a-4b5b-95c2-98d772c8b042@group-33F5AF887535:LeaderElection20: begin an election at term 1 for -1: [319eb9b2-446a-4b5b-95c2-98d772c8b042:192.168.30.10:42608], old=null
2019-09-25 07:28:39,597 [319eb9b2-446a-4b5b-95c2-98d772c8b042@group-33F5AF887535:LeaderElection20] INFO  impl.RoleInfo (RoleInfo.java:shutdownLeaderElection(134)) - 319eb9b2-446a-4b5b-95c2-98d772c8b042: shutdown LeaderElection
2019-09-25 07:28:39,598 [319eb9b2-446a-4b5b-95c2-98d772c8b042@group-33F5AF887535:LeaderElection20] INFO  impl.RaftServerImpl (RaftServerImpl.java:setRole(174)) - 319eb9b2-446a-4b5b-95c2-98d772c8b042@group-33F5AF887535: changes role from CANDIDATE to LEADER at term 1 for changeToLeader
2019-09-25 07:28:39,598 [319eb9b2-446a-4b5b-95c2-98d772c8b042@group-33F5AF887535:LeaderElection20] INFO  impl.RaftServerImpl (ServerState.java:setLeader(253)) - 319eb9b2-446a-4b5b-95c2-98d772c8b042@group-33F5AF887535: change Leader from null to 319eb9b2-446a-4b5b-95c2-98d772c8b042 at term 1 for becomeLeader, leader elected after 5214ms
2019-09-25 07:28:39,598 [319eb9b2-446a-4b5b-95c2-98d772c8b042@group-33F5AF887535:LeaderElection20] INFO  server.RaftServerConfigKeys (ConfUtils.java:logGet(43)) - raft.server.staging.catchup.gap = 1000 (default)
2019-09-25 07:28:39,598 [319eb9b2-446a-4b5b-95c2-98d772c8b042@group-33F5AF887535:LeaderElection20] INFO  server.RaftServerConfigKeys (ConfUtils.java:logGet(43)) - raft.server.rpc.sleep.time = 25ms (default)
2019-09-25 07:28:39,598 [319eb9b2-446a-4b5b-95c2-98d772c8b042@group-33F5AF887535:LeaderElection20] INFO  server.RaftServerConfigKeys (ConfUtils.java:logGet(43)) - raft.server.write.element-limit = 4096 (default)
2019-09-25 07:28:39,598 [319eb9b2-446a-4b5b-95c2-98d772c8b042@group-33F5AF887535:LeaderElection20] INFO  server.RaftServerConfigKeys (ConfUtils.java:logGet(43)) - raft.server.watch.timeout = 10s (default)
2019-09-25 07:28:39,598 [319eb9b2-446a-4b5b-95c2-98d772c8b042@group-33F5AF887535:LeaderElection20] INFO  server.RaftServerConfigKeys (ConfUtils.java:logGet(43)) - raft.server.watch.timeout.denomination = 1s (default)
2019-09-25 07:28:39,598 [319eb9b2-446a-4b5b-95c2-98d772c8b042@group-33F5AF887535:LeaderElection20] INFO  server.RaftServerConfigKeys (ConfUtils.java:logGet(43)) - raft.server.watch.element-limit = 65536 (default)
2019-09-25 07:28:39,601 [319eb9b2-446a-4b5b-95c2-98d772c8b042@group-33F5AF887535:LeaderElection20] INFO  impl.RoleInfo (RoleInfo.java:updateAndGet(143)) - 319eb9b2-446a-4b5b-95c2-98d772c8b042: start LeaderState
2019-09-25 07:28:39,601 [319eb9b2-446a-4b5b-95c2-98d772c8b042@group-33F5AF887535:LeaderElection20] INFO  segmented.SegmentedRaftLogWorker (SegmentedRaftLogWorker.java:startLogSegment(380)) - 319eb9b2-446a-4b5b-95c2-98d772c8b042@group-33F5AF887535-SegmentedRaftLogWorker: Starting segment from index:0
2019-09-25 07:28:39,602 [319eb9b2-446a-4b5b-95c2-98d772c8b042@group-33F5AF887535:LeaderElection20] INFO  impl.RaftServerImpl (ServerState.java:setRaftConf(354)) - 319eb9b2-446a-4b5b-95c2-98d772c8b042@group-33F5AF887535: set configuration 0: [319eb9b2-446a-4b5b-95c2-98d772c8b042:192.168.30.10:42608], old=null at 0
2019-09-25 07:28:39,641 [Thread-277] INFO  impl.FollowerState (FollowerState.java:run(106)) - e9a92b31-f57e-42f9-b032-4050b3cc8be5:group-7D3DB7709AFC changes to CANDIDATE, lastRpcTime:5168, electionTimeout:5168ms
2019-09-25 07:28:39,641 [Thread-277] INFO  impl.RoleInfo (RoleInfo.java:shutdownFollowerState(121)) - e9a92b31-f57e-42f9-b032-4050b3cc8be5: shutdown FollowerState
2019-09-25 07:28:39,641 [Thread-277] INFO  impl.RaftServerImpl (RaftServerImpl.java:setRole(174)) - e9a92b31-f57e-42f9-b032-4050b3cc8be5@group-7D3DB7709AFC: changes role from  FOLLOWER to CANDIDATE at term 0 for changeToCandidate
2019-09-25 07:28:39,642 [Thread-277] INFO  impl.RoleInfo (RoleInfo.java:updateAndGet(143)) - e9a92b31-f57e-42f9-b032-4050b3cc8be5: start LeaderElection
2019-09-25 07:28:39,657 [e9a92b31-f57e-42f9-b032-4050b3cc8be5@group-7D3DB7709AFC:LeaderElection21] INFO  impl.LeaderElection (LeaderElection.java:askForVotes(182)) - e9a92b31-f57e-42f9-b032-4050b3cc8be5@group-7D3DB7709AFC:LeaderElection21: begin an election at term 1 for -1: [e9a92b31-f57e-42f9-b032-4050b3cc8be5:192.168.30.10:37831], old=null
2019-09-25 07:28:39,657 [e9a92b31-f57e-42f9-b032-4050b3cc8be5@group-7D3DB7709AFC:LeaderElection21] INFO  impl.RoleInfo (RoleInfo.java:shutdownLeaderElection(134)) - e9a92b31-f57e-42f9-b032-4050b3cc8be5: shutdown LeaderElection
2019-09-25 07:28:39,657 [e9a92b31-f57e-42f9-b032-4050b3cc8be5@group-7D3DB7709AFC:LeaderElection21] INFO  impl.RaftServerImpl (RaftServerImpl.java:setRole(174)) - e9a92b31-f57e-42f9-b032-4050b3cc8be5@group-7D3DB7709AFC: changes role from CANDIDATE to LEADER at term 1 for changeToLeader
2019-09-25 07:28:39,657 [e9a92b31-f57e-42f9-b032-4050b3cc8be5@group-7D3DB7709AFC:LeaderElection21] INFO  impl.RaftServerImpl (ServerState.java:setLeader(253)) - e9a92b31-f57e-42f9-b032-4050b3cc8be5@group-7D3DB7709AFC: change Leader from null to e9a92b31-f57e-42f9-b032-4050b3cc8be5 at term 1 for becomeLeader, leader elected after 5191ms
2019-09-25 07:28:39,658 [e9a92b31-f57e-42f9-b032-4050b3cc8be5@group-7D3DB7709AFC:LeaderElection21] INFO  server.RaftServerConfigKeys (ConfUtils.java:logGet(43)) - raft.server.staging.catchup.gap = 1000 (default)
2019-09-25 07:28:39,658 [e9a92b31-f57e-42f9-b032-4050b3cc8be5@group-7D3DB7709AFC:LeaderElection21] INFO  server.RaftServerConfigKeys (ConfUtils.java:logGet(43)) - raft.server.rpc.sleep.time = 25ms (default)
2019-09-25 07:28:39,658 [e9a92b31-f57e-42f9-b032-4050b3cc8be5@group-7D3DB7709AFC:LeaderElection21] INFO  server.RaftServerConfigKeys (ConfUtils.java:logGet(43)) - raft.server.write.element-limit = 4096 (default)
2019-09-25 07:28:39,658 [e9a92b31-f57e-42f9-b032-4050b3cc8be5@group-7D3DB7709AFC:LeaderElection21] INFO  server.RaftServerConfigKeys (ConfUtils.java:logGet(43)) - raft.server.watch.timeout = 10s (default)
2019-09-25 07:28:39,658 [e9a92b31-f57e-42f9-b032-4050b3cc8be5@group-7D3DB7709AFC:LeaderElection21] INFO  server.RaftServerConfigKeys (ConfUtils.java:logGet(43)) - raft.server.watch.timeout.denomination = 1s (default)
2019-09-25 07:28:39,659 [e9a92b31-f57e-42f9-b032-4050b3cc8be5@group-7D3DB7709AFC:LeaderElection21] INFO  server.RaftServerConfigKeys (ConfUtils.java:logGet(43)) - raft.server.watch.element-limit = 65536 (default)
2019-09-25 07:28:39,662 [e9a92b31-f57e-42f9-b032-4050b3cc8be5@group-7D3DB7709AFC:LeaderElection21] INFO  impl.RoleInfo (RoleInfo.java:updateAndGet(143)) - e9a92b31-f57e-42f9-b032-4050b3cc8be5: start LeaderState
2019-09-25 07:28:39,662 [e9a92b31-f57e-42f9-b032-4050b3cc8be5@group-7D3DB7709AFC:LeaderElection21] INFO  segmented.SegmentedRaftLogWorker (SegmentedRaftLogWorker.java:startLogSegment(380)) - e9a92b31-f57e-42f9-b032-4050b3cc8be5@group-7D3DB7709AFC-SegmentedRaftLogWorker: Starting segment from index:0
2019-09-25 07:28:39,663 [e9a92b31-f57e-42f9-b032-4050b3cc8be5@group-7D3DB7709AFC:LeaderElection21] INFO  impl.RaftServerImpl (ServerState.java:setRaftConf(354)) - e9a92b31-f57e-42f9-b032-4050b3cc8be5@group-7D3DB7709AFC: set configuration 0: [e9a92b31-f57e-42f9-b032-4050b3cc8be5:192.168.30.10:37831], old=null at 0
2019-09-25 07:28:39,702 [Thread-284] INFO  impl.FollowerState (FollowerState.java:run(106)) - 319eb9b2-446a-4b5b-95c2-98d772c8b042:group-7B6A203BE390 changes to CANDIDATE, lastRpcTime:5080, electionTimeout:5080ms
2019-09-25 07:28:39,702 [Thread-284] INFO  impl.RoleInfo (RoleInfo.java:shutdownFollowerState(121)) - 319eb9b2-446a-4b5b-95c2-98d772c8b042: shutdown FollowerState
2019-09-25 07:28:39,702 [Thread-284] INFO  impl.RaftServerImpl (RaftServerImpl.java:setRole(174)) - 319eb9b2-446a-4b5b-95c2-98d772c8b042@group-7B6A203BE390: changes role from  FOLLOWER to CANDIDATE at term 0 for changeToCandidate
2019-09-25 07:28:39,703 [Thread-284] INFO  impl.RoleInfo (RoleInfo.java:updateAndGet(143)) - 319eb9b2-446a-4b5b-95c2-98d772c8b042: start LeaderElection
2019-09-25 07:28:39,708 [Thread-287] INFO  impl.FollowerState (FollowerState.java:run(106)) - e9a92b31-f57e-42f9-b032-4050b3cc8be5:group-3EE92948D9EB changes to CANDIDATE, lastRpcTime:5028, electionTimeout:5028ms
2019-09-25 07:28:39,708 [Thread-287] INFO  impl.RoleInfo (RoleInfo.java:shutdownFollowerState(121)) - e9a92b31-f57e-42f9-b032-4050b3cc8be5: shutdown FollowerState
2019-09-25 07:28:39,708 [Thread-280] INFO  impl.FollowerState (FollowerState.java:run(106)) - 319eb9b2-446a-4b5b-95c2-98d772c8b042:group-3CC2692D85B0 changes to CANDIDATE, lastRpcTime:5165, electionTimeout:5165ms
2019-09-25 07:28:39,708 [Thread-287] INFO  impl.RaftServerImpl (RaftServerImpl.java:setRole(174)) - e9a92b31-f57e-42f9-b032-4050b3cc8be5@group-3EE92948D9EB: changes role from  FOLLOWER to CANDIDATE at term 0 for changeToCandidate
2019-09-25 07:28:39,708 [Thread-280] INFO  impl.RoleInfo (RoleInfo.java:shutdownFollowerState(121)) - 319eb9b2-446a-4b5b-95c2-98d772c8b042: shutdown FollowerState
2019-09-25 07:28:39,709 [Thread-287] INFO  impl.RoleInfo (RoleInfo.java:updateAndGet(143)) - e9a92b31-f57e-42f9-b032-4050b3cc8be5: start LeaderElection
2019-09-25 07:28:39,709 [Thread-280] INFO  impl.RaftServerImpl (RaftServerImpl.java:setRole(174)) - 319eb9b2-446a-4b5b-95c2-98d772c8b042@group-3CC2692D85B0: changes role from  FOLLOWER to CANDIDATE at term 0 for changeToCandidate
2019-09-25 07:28:39,709 [Thread-280] INFO  impl.RoleInfo (RoleInfo.java:updateAndGet(143)) - 319eb9b2-446a-4b5b-95c2-98d772c8b042: start LeaderElection
2019-09-25 07:28:39,720 [e9a92b31-f57e-42f9-b032-4050b3cc8be5@group-3EE92948D9EB:LeaderElection23] INFO  impl.LeaderElection (LeaderElection.java:askForVotes(182)) - e9a92b31-f57e-42f9-b032-4050b3cc8be5@group-3EE92948D9EB:LeaderElection23: begin an election at term 1 for -1: [e9a92b31-f57e-42f9-b032-4050b3cc8be5:192.168.30.10:37831], old=null
2019-09-25 07:28:39,720 [319eb9b2-446a-4b5b-95c2-98d772c8b042@group-7B6A203BE390:LeaderElection22] INFO  impl.LeaderElection (LeaderElection.java:askForVotes(182)) - 319eb9b2-446a-4b5b-95c2-98d772c8b042@group-7B6A203BE390:LeaderElection22: begin an election at term 1 for -1: [319eb9b2-446a-4b5b-95c2-98d772c8b042:192.168.30.10:42608], old=null
2019-09-25 07:28:39,721 [e9a92b31-f57e-42f9-b032-4050b3cc8be5@group-3EE92948D9EB:LeaderElection23] INFO  impl.RoleInfo (RoleInfo.java:shutdownLeaderElection(134)) - e9a92b31-f57e-42f9-b032-4050b3cc8be5: shutdown LeaderElection
2019-09-25 07:28:39,720 [319eb9b2-446a-4b5b-95c2-98d772c8b042@group-3CC2692D85B0:LeaderElection24] INFO  impl.LeaderElection (LeaderElection.java:askForVotes(182)) - 319eb9b2-446a-4b5b-95c2-98d772c8b042@group-3CC2692D85B0:LeaderElection24: begin an election at term 1 for -1: [319eb9b2-446a-4b5b-95c2-98d772c8b042:192.168.30.10:42608], old=null
2019-09-25 07:28:39,721 [e9a92b31-f57e-42f9-b032-4050b3cc8be5@group-3EE92948D9EB:LeaderElection23] INFO  impl.RaftServerImpl (RaftServerImpl.java:setRole(174)) - e9a92b31-f57e-42f9-b032-4050b3cc8be5@group-3EE92948D9EB: changes role from CANDIDATE to LEADER at term 1 for changeToLeader
2019-09-25 07:28:39,721 [319eb9b2-446a-4b5b-95c2-98d772c8b042@group-7B6A203BE390:LeaderElection22] INFO  impl.RoleInfo (RoleInfo.java:shutdownLeaderElection(134)) - 319eb9b2-446a-4b5b-95c2-98d772c8b042: shutdown LeaderElection
2019-09-25 07:28:39,721 [e9a92b31-f57e-42f9-b032-4050b3cc8be5@group-3EE92948D9EB:LeaderElection23] INFO  impl.RaftServerImpl (ServerState.java:setLeader(253)) - e9a92b31-f57e-42f9-b032-4050b3cc8be5@group-3EE92948D9EB: change Leader from null to e9a92b31-f57e-42f9-b032-4050b3cc8be5 at term 1 for becomeLeader, leader elected after 5049ms
2019-09-25 07:28:39,721 [319eb9b2-446a-4b5b-95c2-98d772c8b042@group-3CC2692D85B0:LeaderElection24] INFO  impl.RoleInfo (RoleInfo.java:shutdownLeaderElection(134)) - 319eb9b2-446a-4b5b-95c2-98d772c8b042: shutdown LeaderElection
2019-09-25 07:28:39,722 [e9a92b31-f57e-42f9-b032-4050b3cc8be5@group-3EE92948D9EB:LeaderElection23] INFO  server.RaftServerConfigKeys (ConfUtils.java:logGet(43)) - raft.server.staging.catchup.gap = 1000 (default)
2019-09-25 07:28:39,722 [319eb9b2-446a-4b5b-95c2-98d772c8b042@group-7B6A203BE390:LeaderElection22] INFO  impl.RaftServerImpl (RaftServerImpl.java:setRole(174)) - 319eb9b2-446a-4b5b-95c2-98d772c8b042@group-7B6A203BE390: changes role from CANDIDATE to LEADER at term 1 for changeToLeader
2019-09-25 07:28:39,722 [e9a92b31-f57e-42f9-b032-4050b3cc8be5@group-3EE92948D9EB:LeaderElection23] INFO  server.RaftServerConfigKeys (ConfUtils.java:logGet(43)) - raft.server.rpc.sleep.time = 25ms (default)
2019-09-25 07:28:39,722 [319eb9b2-446a-4b5b-95c2-98d772c8b042@group-3CC2692D85B0:LeaderElection24] INFO  impl.RaftServerImpl (RaftServerImpl.java:setRole(174)) - 319eb9b2-446a-4b5b-95c2-98d772c8b042@group-3CC2692D85B0: changes role from CANDIDATE to LEADER at term 1 for changeToLeader
2019-09-25 07:28:39,722 [319eb9b2-446a-4b5b-95c2-98d772c8b042@group-7B6A203BE390:LeaderElection22] INFO  impl.RaftServerImpl (ServerState.java:setLeader(253)) - 319eb9b2-446a-4b5b-95c2-98d772c8b042@group-7B6A203BE390: change Leader from null to 319eb9b2-446a-4b5b-95c2-98d772c8b042 at term 1 for becomeLeader, leader elected after 5105ms
2019-09-25 07:28:39,723 [e9a92b31-f57e-42f9-b032-4050b3cc8be5@group-3EE92948D9EB:LeaderElection23] INFO  server.RaftServerConfigKeys (ConfUtils.java:logGet(43)) - raft.server.write.element-limit = 4096 (default)
2019-09-25 07:28:39,723 [319eb9b2-446a-4b5b-95c2-98d772c8b042@group-3CC2692D85B0:LeaderElection24] INFO  impl.RaftServerImpl (ServerState.java:setLeader(253)) - 319eb9b2-446a-4b5b-95c2-98d772c8b042@group-3CC2692D85B0: change Leader from null to 319eb9b2-446a-4b5b-95c2-98d772c8b042 at term 1 for becomeLeader, leader elected after 5185ms
2019-09-25 07:28:39,723 [e9a92b31-f57e-42f9-b032-4050b3cc8be5@group-3EE92948D9EB:LeaderElection23] INFO  server.RaftServerConfigKeys (ConfUtils.java:logGet(43)) - raft.server.watch.timeout = 10s (default)
2019-09-25 07:28:39,723 [319eb9b2-446a-4b5b-95c2-98d772c8b042@group-7B6A203BE390:LeaderElection22] INFO  server.RaftServerConfigKeys (ConfUtils.java:logGet(43)) - raft.server.staging.catchup.gap = 1000 (default)
2019-09-25 07:28:39,724 [e9a92b31-f57e-42f9-b032-4050b3cc8be5@group-3EE92948D9EB:LeaderElection23] INFO  server.RaftServerConfigKeys (ConfUtils.java:logGet(43)) - raft.server.watch.timeout.denomination = 1s (default)
2019-09-25 07:28:39,723 [319eb9b2-446a-4b5b-95c2-98d772c8b042@group-3CC2692D85B0:LeaderElection24] INFO  server.RaftServerConfigKeys (ConfUtils.java:logGet(43)) - raft.server.staging.catchup.gap = 1000 (default)
2019-09-25 07:28:39,724 [e9a92b31-f57e-42f9-b032-4050b3cc8be5@group-3EE92948D9EB:LeaderElection23] INFO  server.RaftServerConfigKeys (ConfUtils.java:logGet(43)) - raft.server.watch.element-limit = 65536 (default)
2019-09-25 07:28:39,724 [319eb9b2-446a-4b5b-95c2-98d772c8b042@group-7B6A203BE390:LeaderElection22] INFO  server.RaftServerConfigKeys (ConfUtils.java:logGet(43)) - raft.server.rpc.sleep.time = 25ms (default)
2019-09-25 07:28:39,724 [319eb9b2-446a-4b5b-95c2-98d772c8b042@group-3CC2692D85B0:LeaderElection24] INFO  server.RaftServerConfigKeys (ConfUtils.java:logGet(43)) - raft.server.rpc.sleep.time = 25ms (default)
2019-09-25 07:28:39,725 [319eb9b2-446a-4b5b-95c2-98d772c8b042@group-7B6A203BE390:LeaderElection22] INFO  server.RaftServerConfigKeys (ConfUtils.java:logGet(43)) - raft.server.write.element-limit = 4096 (default)
2019-09-25 07:28:39,725 [319eb9b2-446a-4b5b-95c2-98d772c8b042@group-3CC2692D85B0:LeaderElection24] INFO  server.RaftServerConfigKeys (ConfUtils.java:logGet(43)) - raft.server.write.element-limit = 4096 (default)
2019-09-25 07:28:39,725 [319eb9b2-446a-4b5b-95c2-98d772c8b042@group-7B6A203BE390:LeaderElection22] INFO  server.RaftServerConfigKeys (ConfUtils.java:logGet(43)) - raft.server.watch.timeout = 10s (default)
2019-09-25 07:28:39,725 [319eb9b2-446a-4b5b-95c2-98d772c8b042@group-3CC2692D85B0:LeaderElection24] INFO  server.RaftServerConfigKeys (ConfUtils.java:logGet(43)) - raft.server.watch.timeout = 10s (default)
2019-09-25 07:28:39,725 [319eb9b2-446a-4b5b-95c2-98d772c8b042@group-7B6A203BE390:LeaderElection22] INFO  server.RaftServerConfigKeys (ConfUtils.java:logGet(43)) - raft.server.watch.timeout.denomination = 1s (default)
2019-09-25 07:28:39,726 [319eb9b2-446a-4b5b-95c2-98d772c8b042@group-3CC2692D85B0:LeaderElection24] INFO  server.RaftServerConfigKeys (ConfUtils.java:logGet(43)) - raft.server.watch.timeout.denomination = 1s (default)
2019-09-25 07:28:39,726 [319eb9b2-446a-4b5b-95c2-98d772c8b042@group-7B6A203BE390:LeaderElection22] INFO  server.RaftServerConfigKeys (ConfUtils.java:logGet(43)) - raft.server.watch.element-limit = 65536 (default)
2019-09-25 07:28:39,726 [319eb9b2-446a-4b5b-95c2-98d772c8b042@group-3CC2692D85B0:LeaderElection24] INFO  server.RaftServerConfigKeys (ConfUtils.java:logGet(43)) - raft.server.watch.element-limit = 65536 (default)
2019-09-25 07:28:39,729 [e9a92b31-f57e-42f9-b032-4050b3cc8be5@group-3EE92948D9EB:LeaderElection23] INFO  impl.RoleInfo (RoleInfo.java:updateAndGet(143)) - e9a92b31-f57e-42f9-b032-4050b3cc8be5: start LeaderState
2019-09-25 07:28:39,729 [e9a92b31-f57e-42f9-b032-4050b3cc8be5@group-3EE92948D9EB:LeaderElection23] INFO  segmented.SegmentedRaftLogWorker (SegmentedRaftLogWorker.java:startLogSegment(380)) - e9a92b31-f57e-42f9-b032-4050b3cc8be5@group-3EE92948D9EB-SegmentedRaftLogWorker: Starting segment from index:0
2019-09-25 07:28:39,730 [e9a92b31-f57e-42f9-b032-4050b3cc8be5@group-3EE92948D9EB:LeaderElection23] INFO  impl.RaftServerImpl (ServerState.java:setRaftConf(354)) - e9a92b31-f57e-42f9-b032-4050b3cc8be5@group-3EE92948D9EB: set configuration 0: [e9a92b31-f57e-42f9-b032-4050b3cc8be5:192.168.30.10:37831], old=null at 0
2019-09-25 07:28:39,789 [319eb9b2-446a-4b5b-95c2-98d772c8b042@group-7B6A203BE390:LeaderElection22] INFO  impl.RoleInfo (RoleInfo.java:updateAndGet(143)) - 319eb9b2-446a-4b5b-95c2-98d772c8b042: start LeaderState
2019-09-25 07:28:39,789 [319eb9b2-446a-4b5b-95c2-98d772c8b042@group-3CC2692D85B0:LeaderElection24] INFO  impl.RoleInfo (RoleInfo.java:updateAndGet(143)) - 319eb9b2-446a-4b5b-95c2-98d772c8b042: start LeaderState
2019-09-25 07:28:39,790 [319eb9b2-446a-4b5b-95c2-98d772c8b042@group-7B6A203BE390:LeaderElection22] INFO  segmented.SegmentedRaftLogWorker (SegmentedRaftLogWorker.java:startLogSegment(380)) - 319eb9b2-446a-4b5b-95c2-98d772c8b042@group-7B6A203BE390-SegmentedRaftLogWorker: Starting segment from index:0
2019-09-25 07:28:39,790 [319eb9b2-446a-4b5b-95c2-98d772c8b042@group-3CC2692D85B0:LeaderElection24] INFO  segmented.SegmentedRaftLogWorker (SegmentedRaftLogWorker.java:startLogSegment(380)) - 319eb9b2-446a-4b5b-95c2-98d772c8b042@group-3CC2692D85B0-SegmentedRaftLogWorker: Starting segment from index:0
2019-09-25 07:28:39,790 [319eb9b2-446a-4b5b-95c2-98d772c8b042@group-7B6A203BE390:LeaderElection22] INFO  impl.RaftServerImpl (ServerState.java:setRaftConf(354)) - 319eb9b2-446a-4b5b-95c2-98d772c8b042@group-7B6A203BE390: set configuration 0: [319eb9b2-446a-4b5b-95c2-98d772c8b042:192.168.30.10:42608], old=null at 0
2019-09-25 07:28:39,822 [319eb9b2-446a-4b5b-95c2-98d772c8b042@group-3CC2692D85B0:LeaderElection24] INFO  impl.RaftServerImpl (ServerState.java:setRaftConf(354)) - 319eb9b2-446a-4b5b-95c2-98d772c8b042@group-3CC2692D85B0: set configuration 0: [319eb9b2-446a-4b5b-95c2-98d772c8b042:192.168.30.10:42608], old=null at 0
2019-09-25 07:28:39,848 [Thread-293] INFO  impl.FollowerState (FollowerState.java:run(106)) - cdf8b493-8d99-4b97-bf55-1e19bf837156:group-093E7115BF0F changes to CANDIDATE, lastRpcTime:5046, electionTimeout:5030ms
2019-09-25 07:28:39,848 [Thread-293] INFO  impl.RoleInfo (RoleInfo.java:shutdownFollowerState(121)) - cdf8b493-8d99-4b97-bf55-1e19bf837156: shutdown FollowerState
2019-09-25 07:28:39,848 [Thread-293] INFO  impl.RaftServerImpl (RaftServerImpl.java:setRole(174)) - cdf8b493-8d99-4b97-bf55-1e19bf837156@group-093E7115BF0F: changes role from  FOLLOWER to CANDIDATE at term 0 for changeToCandidate
2019-09-25 07:28:39,849 [Thread-293] INFO  impl.RoleInfo (RoleInfo.java:updateAndGet(143)) - cdf8b493-8d99-4b97-bf55-1e19bf837156: start LeaderElection
2019-09-25 07:28:39,876 [e9a92b31-f57e-42f9-b032-4050b3cc8be5@group-3EE92948D9EB-SegmentedRaftLogWorker] INFO  segmented.SegmentedRaftLogWorker (SegmentedRaftLogWorker.java:execute(569)) - e9a92b31-f57e-42f9-b032-4050b3cc8be5@group-3EE92948D9EB-SegmentedRaftLogWorker: created new log segment /workdir/hadoop-ozone/tools/target/test-dir/MiniOzoneClusterImpl-024f4a54-ba4e-4a80-aa90-cb3ecc4826ee/datanode-3/data/ratis/12cbb4e1-9817-4e2d-802b-3ee92948d9eb/current/log_inprogress_0
2019-09-25 07:28:39,876 [e9a92b31-f57e-42f9-b032-4050b3cc8be5@group-7D3DB7709AFC-SegmentedRaftLogWorker] INFO  segmented.SegmentedRaftLogWorker (SegmentedRaftLogWorker.java:execute(569)) - e9a92b31-f57e-42f9-b032-4050b3cc8be5@group-7D3DB7709AFC-SegmentedRaftLogWorker: created new log segment /workdir/hadoop-ozone/tools/target/test-dir/MiniOzoneClusterImpl-024f4a54-ba4e-4a80-aa90-cb3ecc4826ee/datanode-3/data/ratis/36c3f4eb-7f5d-4018-898c-7d3db7709afc/current/log_inprogress_0
2019-09-25 07:28:39,877 [e9a92b31-f57e-42f9-b032-4050b3cc8be5@group-8779C3C2E944-SegmentedRaftLogWorker] INFO  segmented.SegmentedRaftLogWorker (SegmentedRaftLogWorker.java:execute(569)) - e9a92b31-f57e-42f9-b032-4050b3cc8be5@group-8779C3C2E944-SegmentedRaftLogWorker: created new log segment /workdir/hadoop-ozone/tools/target/test-dir/MiniOzoneClusterImpl-024f4a54-ba4e-4a80-aa90-cb3ecc4826ee/datanode-3/data/ratis/4c19d70c-36ec-4d51-85e9-8779c3c2e944/current/log_inprogress_0
2019-09-25 07:28:39,877 [cdf8b493-8d99-4b97-bf55-1e19bf837156@group-093E7115BF0F:LeaderElection25] INFO  impl.LeaderElection (LeaderElection.java:askForVotes(182)) - cdf8b493-8d99-4b97-bf55-1e19bf837156@group-093E7115BF0F:LeaderElection25: begin an election at term 1 for -1: [cdf8b493-8d99-4b97-bf55-1e19bf837156:192.168.30.10:41087], old=null
2019-09-25 07:28:39,876 [319eb9b2-446a-4b5b-95c2-98d772c8b042@group-617521CE924D-SegmentedRaftLogWorker] INFO  segmented.SegmentedRaftLogWorker (SegmentedRaftLogWorker.java:execute(569)) - 319eb9b2-446a-4b5b-95c2-98d772c8b042@group-617521CE924D-SegmentedRaftLogWorker: created new log segment /workdir/hadoop-ozone/tools/target/test-dir/MiniOzoneClusterImpl-024f4a54-ba4e-4a80-aa90-cb3ecc4826ee/datanode-1/data/ratis/c642fa98-6daf-4fc8-b147-617521ce924d/current/log_inprogress_0
2019-09-25 07:28:39,876 [7f677846-6321-4837-a536-8a7cfa3ddebf@group-FBB07C895004-SegmentedRaftLogWorker] INFO  segmented.SegmentedRaftLogWorker (SegmentedRaftLogWorker.java:execute(569)) - 7f677846-6321-4837-a536-8a7cfa3ddebf@group-FBB07C895004-SegmentedRaftLogWorker: created new log segment /workdir/hadoop-ozone/tools/target/test-dir/MiniOzoneClusterImpl-024f4a54-ba4e-4a80-aa90-cb3ecc4826ee/datanode-2/data/ratis/41f82182-a1ba-4d51-a01a-fbb07c895004/current/log_inprogress_0
2019-09-25 07:28:39,876 [7f677846-6321-4837-a536-8a7cfa3ddebf@group-21A848288337-SegmentedRaftLogWorker] INFO  segmented.SegmentedRaftLogWorker (SegmentedRaftLogWorker.java:execute(569)) - 7f677846-6321-4837-a536-8a7cfa3ddebf@group-21A848288337-SegmentedRaftLogWorker: created new log segment /workdir/hadoop-ozone/tools/target/test-dir/MiniOzoneClusterImpl-024f4a54-ba4e-4a80-aa90-cb3ecc4826ee/datanode-2/data/ratis/96f5a4f9-402c-4248-b32d-21a848288337/current/log_inprogress_0
2019-09-25 07:28:39,876 [cdf8b493-8d99-4b97-bf55-1e19bf837156@group-BFFEE62B2317-SegmentedRaftLogWorker] INFO  segmented.SegmentedRaftLogWorker (SegmentedRaftLogWorker.java:execute(569)) - cdf8b493-8d99-4b97-bf55-1e19bf837156@group-BFFEE62B2317-SegmentedRaftLogWorker: created new log segment /workdir/hadoop-ozone/tools/target/test-dir/MiniOzoneClusterImpl-024f4a54-ba4e-4a80-aa90-cb3ecc4826ee/datanode-4/data/ratis/434b0652-cefa-4c58-bd01-bffee62b2317/current/log_inprogress_0
2019-09-25 07:28:39,876 [a3425e08-24ce-4736-9f6e-1b8551260ff2@group-0BC90C65DA2F-SegmentedRaftLogWorker] INFO  segmented.SegmentedRaftLogWorker (SegmentedRaftLogWorker.java:execute(569)) - a3425e08-24ce-4736-9f6e-1b8551260ff2@group-0BC90C65DA2F-SegmentedRaftLogWorker: created new log segment /workdir/hadoop-ozone/tools/target/test-dir/MiniOzoneClusterImpl-024f4a54-ba4e-4a80-aa90-cb3ecc4826ee/datanode-0/data/ratis/0de2f7ea-2a1f-47cd-81e7-0bc90c65da2f/current/log_inprogress_0
2019-09-25 07:28:39,876 [7f677846-6321-4837-a536-8a7cfa3ddebf@group-1CE673173F28-SegmentedRaftLogWorker] INFO  segmented.SegmentedRaftLogWorker (SegmentedRaftLogWorker.java:execute(569)) - 7f677846-6321-4837-a536-8a7cfa3ddebf@group-1CE673173F28-SegmentedRaftLogWorker: created new log segment /workdir/hadoop-ozone/tools/target/test-dir/MiniOzoneClusterImpl-024f4a54-ba4e-4a80-aa90-cb3ecc4826ee/datanode-2/data/ratis/23724c9d-508f-4113-b74c-1ce673173f28/current/log_inprogress_0
2019-09-25 07:28:39,876 [7f677846-6321-4837-a536-8a7cfa3ddebf@group-FFF9E96A4731-SegmentedRaftLogWorker] INFO  segmented.SegmentedRaftLogWorker (SegmentedRaftLogWorker.java:execute(569)) - 7f677846-6321-4837-a536-8a7cfa3ddebf@group-FFF9E96A4731-SegmentedRaftLogWorker: created new log segment /workdir/hadoop-ozone/tools/target/test-dir/MiniOzoneClusterImpl-024f4a54-ba4e-4a80-aa90-cb3ecc4826ee/datanode-2/data/ratis/f9ad85ea-b2e6-4b9e-873f-fff9e96a4731/current/log_inprogress_0
2019-09-25 07:28:39,876 [7f677846-6321-4837-a536-8a7cfa3ddebf@group-05C3804B7FB4-SegmentedRaftLogWorker] INFO  segmented.SegmentedRaftLogWorker (SegmentedRaftLogWorker.java:execute(569)) - 7f677846-6321-4837-a536-8a7cfa3ddebf@group-05C3804B7FB4-SegmentedRaftLogWorker: created new log segment /workdir/hadoop-ozone/tools/target/test-dir/MiniOzoneClusterImpl-024f4a54-ba4e-4a80-aa90-cb3ecc4826ee/datanode-2/data/ratis/a05265f7-525b-4e79-87f7-05c3804b7fb4/current/log_inprogress_0
2019-09-25 07:28:39,876 [a3425e08-24ce-4736-9f6e-1b8551260ff2@group-039671D25F70-SegmentedRaftLogWorker] INFO  segmented.SegmentedRaftLogWorker (SegmentedRaftLogWorker.java:execute(569)) - a3425e08-24ce-4736-9f6e-1b8551260ff2@group-039671D25F70-SegmentedRaftLogWorker: created new log segment /workdir/hadoop-ozone/tools/target/test-dir/MiniOzoneClusterImpl-024f4a54-ba4e-4a80-aa90-cb3ecc4826ee/datanode-0/data/ratis/e047e605-7aa2-4ab5-9c31-039671d25f70/current/log_inprogress_0
2019-09-25 07:28:39,876 [e9a92b31-f57e-42f9-b032-4050b3cc8be5@group-BDC628B6678B-SegmentedRaftLogWorker] INFO  segmented.SegmentedRaftLogWorker (SegmentedRaftLogWorker.java:execute(569)) - e9a92b31-f57e-42f9-b032-4050b3cc8be5@group-BDC628B6678B-SegmentedRaftLogWorker: created new log segment /workdir/hadoop-ozone/tools/target/test-dir/MiniOzoneClusterImpl-024f4a54-ba4e-4a80-aa90-cb3ecc4826ee/datanode-3/data/ratis/0301260e-0c7f-4366-bbb9-bdc628b6678b/current/log_inprogress_0
2019-09-25 07:28:39,876 [a3425e08-24ce-4736-9f6e-1b8551260ff2@group-46AC0C7C9A13-SegmentedRaftLogWorker] INFO  segmented.SegmentedRaftLogWorker (SegmentedRaftLogWorker.java:execute(569)) - a3425e08-24ce-4736-9f6e-1b8551260ff2@group-46AC0C7C9A13-SegmentedRaftLogWorker: created new log segment /workdir/hadoop-ozone/tools/target/test-dir/MiniOzoneClusterImpl-024f4a54-ba4e-4a80-aa90-cb3ecc4826ee/datanode-0/data/ratis/1465d164-4c90-4f18-b8f2-46ac0c7c9a13/current/log_inprogress_0
2019-09-25 07:28:39,876 [7f677846-6321-4837-a536-8a7cfa3ddebf@group-C9120F3AC1B5-SegmentedRaftLogWorker] INFO  segmented.SegmentedRaftLogWorker (SegmentedRaftLogWorker.java:execute(569)) - 7f677846-6321-4837-a536-8a7cfa3ddebf@group-C9120F3AC1B5-SegmentedRaftLogWorker: created new log segment /workdir/hadoop-ozone/tools/target/test-dir/MiniOzoneClusterImpl-024f4a54-ba4e-4a80-aa90-cb3ecc4826ee/datanode-2/data/ratis/8be41746-c355-4635-b345-c9120f3ac1b5/current/log_inprogress_0
2019-09-25 07:28:39,876 [e9a92b31-f57e-42f9-b032-4050b3cc8be5@group-4852137DEB57-SegmentedRaftLogWorker] INFO  segmented.SegmentedRaftLogWorker (SegmentedRaftLogWorker.java:execute(569)) - e9a92b31-f57e-42f9-b032-4050b3cc8be5@group-4852137DEB57-SegmentedRaftLogWorker: created new log segment /workdir/hadoop-ozone/tools/target/test-dir/MiniOzoneClusterImpl-024f4a54-ba4e-4a80-aa90-cb3ecc4826ee/datanode-3/data/ratis/6c2e7de1-02d4-4661-b671-4852137deb57/current/log_inprogress_0
2019-09-25 07:28:39,876 [319eb9b2-446a-4b5b-95c2-98d772c8b042@group-84273C5D0C78-SegmentedRaftLogWorker] INFO  segmented.SegmentedRaftLogWorker (SegmentedRaftLogWorker.java:execute(569)) - 319eb9b2-446a-4b5b-95c2-98d772c8b042@group-84273C5D0C78-SegmentedRaftLogWorker: created new log segment /workdir/hadoop-ozone/tools/target/test-dir/MiniOzoneClusterImpl-024f4a54-ba4e-4a80-aa90-cb3ecc4826ee/datanode-1/data/ratis/b8decb3b-ee63-42f4-828e-84273c5d0c78/current/log_inprogress_0
2019-09-25 07:28:39,876 [a3425e08-24ce-4736-9f6e-1b8551260ff2@group-057A71891E68-SegmentedRaftLogWorker] INFO  segmented.SegmentedRaftLogWorker (SegmentedRaftLogWorker.java:execute(569)) - a3425e08-24ce-4736-9f6e-1b8551260ff2@group-057A71891E68-SegmentedRaftLogWorker: created new log segment /workdir/hadoop-ozone/tools/target/test-dir/MiniOzoneClusterImpl-024f4a54-ba4e-4a80-aa90-cb3ecc4826ee/datanode-0/data/ratis/a94a9d9b-064b-4703-9052-057a71891e68/current/log_inprogress_0
2019-09-25 07:28:39,876 [319eb9b2-446a-4b5b-95c2-98d772c8b042@group-33F5AF887535-SegmentedRaftLogWorker] INFO  segmented.SegmentedRaftLogWorker (SegmentedRaftLogWorker.java:execute(569)) - 319eb9b2-446a-4b5b-95c2-98d772c8b042@group-33F5AF887535-SegmentedRaftLogWorker: created new log segment /workdir/hadoop-ozone/tools/target/test-dir/MiniOzoneClusterImpl-024f4a54-ba4e-4a80-aa90-cb3ecc4826ee/datanode-1/data/ratis/42a58bd0-576d-499e-8126-33f5af887535/current/log_inprogress_0
2019-09-25 07:28:39,876 [a3425e08-24ce-4736-9f6e-1b8551260ff2@group-0EEA8C2B14F9-SegmentedRaftLogWorker] INFO  segmented.SegmentedRaftLogWorker (SegmentedRaftLogWorker.java:execute(569)) - a3425e08-24ce-4736-9f6e-1b8551260ff2@group-0EEA8C2B14F9-SegmentedRaftLogWorker: created new log segment /workdir/hadoop-ozone/tools/target/test-dir/MiniOzoneClusterImpl-024f4a54-ba4e-4a80-aa90-cb3ecc4826ee/datanode-0/data/ratis/5c667fe0-8a85-418a-bf34-0eea8c2b14f9/current/log_inprogress_0
2019-09-25 07:28:39,876 [319eb9b2-446a-4b5b-95c2-98d772c8b042@group-7B6A203BE390-SegmentedRaftLogWorker] INFO  segmented.SegmentedRaftLogWorker (SegmentedRaftLogWorker.java:execute(569)) - 319eb9b2-446a-4b5b-95c2-98d772c8b042@group-7B6A203BE390-SegmentedRaftLogWorker: created new log segment /workdir/hadoop-ozone/tools/target/test-dir/MiniOzoneClusterImpl-024f4a54-ba4e-4a80-aa90-cb3ecc4826ee/datanode-1/data/ratis/a91cec6c-1229-497c-8fa1-7b6a203be390/current/log_inprogress_0
2019-09-25 07:28:39,876 [319eb9b2-446a-4b5b-95c2-98d772c8b042@group-7682A0CA2829-SegmentedRaftLogWorker] INFO  segmented.SegmentedRaftLogWorker (SegmentedRaftLogWorker.java:execute(569)) - 319eb9b2-446a-4b5b-95c2-98d772c8b042@group-7682A0CA2829-SegmentedRaftLogWorker: created new log segment /workdir/hadoop-ozone/tools/target/test-dir/MiniOzoneClusterImpl-024f4a54-ba4e-4a80-aa90-cb3ecc4826ee/datanode-1/data/ratis/3fcc63d6-4ec6-4709-82d9-7682a0ca2829/current/log_inprogress_0
2019-09-25 07:28:39,876 [319eb9b2-446a-4b5b-95c2-98d772c8b042@group-3CC2692D85B0-SegmentedRaftLogWorker] INFO  segmented.SegmentedRaftLogWorker (SegmentedRaftLogWorker.java:execute(569)) - 319eb9b2-446a-4b5b-95c2-98d772c8b042@group-3CC2692D85B0-SegmentedRaftLogWorker: created new log segment /workdir/hadoop-ozone/tools/target/test-dir/MiniOzoneClusterImpl-024f4a54-ba4e-4a80-aa90-cb3ecc4826ee/datanode-1/data/ratis/6070eb42-f104-4ddb-9e8b-3cc2692d85b0/current/log_inprogress_0
2019-09-25 07:28:39,876 [a3425e08-24ce-4736-9f6e-1b8551260ff2@group-C3F319D0DDEB-SegmentedRaftLogWorker] INFO  segmented.SegmentedRaftLogWorker (SegmentedRaftLogWorker.java:execute(569)) - a3425e08-24ce-4736-9f6e-1b8551260ff2@group-C3F319D0DDEB-SegmentedRaftLogWorker: created new log segment /workdir/hadoop-ozone/tools/target/test-dir/MiniOzoneClusterImpl-024f4a54-ba4e-4a80-aa90-cb3ecc4826ee/datanode-0/data/ratis/9bbe4114-30f9-425d-bf5d-c3f319d0ddeb/current/log_inprogress_0
2019-09-25 07:28:39,877 [cdf8b493-8d99-4b97-bf55-1e19bf837156@group-093E7115BF0F:LeaderElection25] INFO  impl.RoleInfo (RoleInfo.java:shutdownLeaderElection(134)) - cdf8b493-8d99-4b97-bf55-1e19bf837156: shutdown LeaderElection
2019-09-25 07:28:39,880 [cdf8b493-8d99-4b97-bf55-1e19bf837156@group-093E7115BF0F:LeaderElection25] INFO  impl.RaftServerImpl (RaftServerImpl.java:setRole(174)) - cdf8b493-8d99-4b97-bf55-1e19bf837156@group-093E7115BF0F: changes role from CANDIDATE to LEADER at term 1 for changeToLeader
2019-09-25 07:28:39,880 [cdf8b493-8d99-4b97-bf55-1e19bf837156@group-093E7115BF0F:LeaderElection25] INFO  impl.RaftServerImpl (ServerState.java:setLeader(253)) - cdf8b493-8d99-4b97-bf55-1e19bf837156@group-093E7115BF0F: change Leader from null to cdf8b493-8d99-4b97-bf55-1e19bf837156 at term 1 for becomeLeader, leader elected after 5085ms
2019-09-25 07:28:39,881 [cdf8b493-8d99-4b97-bf55-1e19bf837156@group-093E7115BF0F:LeaderElection25] INFO  server.RaftServerConfigKeys (ConfUtils.java:logGet(43)) - raft.server.staging.catchup.gap = 1000 (default)
2019-09-25 07:28:39,881 [cdf8b493-8d99-4b97-bf55-1e19bf837156@group-093E7115BF0F:LeaderElection25] INFO  server.RaftServerConfigKeys (ConfUtils.java:logGet(43)) - raft.server.rpc.sleep.time = 25ms (default)
2019-09-25 07:28:39,881 [cdf8b493-8d99-4b97-bf55-1e19bf837156@group-093E7115BF0F:LeaderElection25] INFO  server.RaftServerConfigKeys (ConfUtils.java:logGet(43)) - raft.server.write.element-limit = 4096 (default)
2019-09-25 07:28:39,881 [cdf8b493-8d99-4b97-bf55-1e19bf837156@group-093E7115BF0F:LeaderElection25] INFO  server.RaftServerConfigKeys (ConfUtils.java:logGet(43)) - raft.server.watch.timeout = 10s (default)
2019-09-25 07:28:39,882 [cdf8b493-8d99-4b97-bf55-1e19bf837156@group-093E7115BF0F:LeaderElection25] INFO  server.RaftServerConfigKeys (ConfUtils.java:logGet(43)) - raft.server.watch.timeout.denomination = 1s (default)
2019-09-25 07:28:39,882 [cdf8b493-8d99-4b97-bf55-1e19bf837156@group-093E7115BF0F:LeaderElection25] INFO  server.RaftServerConfigKeys (ConfUtils.java:logGet(43)) - raft.server.watch.element-limit = 65536 (default)
2019-09-25 07:28:39,884 [cdf8b493-8d99-4b97-bf55-1e19bf837156@group-093E7115BF0F:LeaderElection25] INFO  impl.RoleInfo (RoleInfo.java:updateAndGet(143)) - cdf8b493-8d99-4b97-bf55-1e19bf837156: start LeaderState
2019-09-25 07:28:39,885 [cdf8b493-8d99-4b97-bf55-1e19bf837156@group-093E7115BF0F:LeaderElection25] INFO  segmented.SegmentedRaftLogWorker (SegmentedRaftLogWorker.java:startLogSegment(380)) - cdf8b493-8d99-4b97-bf55-1e19bf837156@group-093E7115BF0F-SegmentedRaftLogWorker: Starting segment from index:0
2019-09-25 07:28:39,885 [cdf8b493-8d99-4b97-bf55-1e19bf837156@group-093E7115BF0F:LeaderElection25] INFO  impl.RaftServerImpl (ServerState.java:setRaftConf(354)) - cdf8b493-8d99-4b97-bf55-1e19bf837156@group-093E7115BF0F: set configuration 0: [cdf8b493-8d99-4b97-bf55-1e19bf837156:192.168.30.10:41087], old=null at 0
2019-09-25 07:28:39,923 [Thread-290] INFO  impl.FollowerState (FollowerState.java:run(106)) - e9a92b31-f57e-42f9-b032-4050b3cc8be5:group-6CDDFC221407 changes to CANDIDATE, lastRpcTime:5184, electionTimeout:5167ms
2019-09-25 07:28:39,923 [Thread-290] INFO  impl.RoleInfo (RoleInfo.java:shutdownFollowerState(121)) - e9a92b31-f57e-42f9-b032-4050b3cc8be5: shutdown FollowerState
2019-09-25 07:28:39,923 [Thread-290] INFO  impl.RaftServerImpl (RaftServerImpl.java:setRole(174)) - e9a92b31-f57e-42f9-b032-4050b3cc8be5@group-6CDDFC221407: changes role from  FOLLOWER to CANDIDATE at term 0 for changeToCandidate
2019-09-25 07:28:39,923 [Thread-290] INFO  impl.RoleInfo (RoleInfo.java:updateAndGet(143)) - e9a92b31-f57e-42f9-b032-4050b3cc8be5: start LeaderElection
2019-09-25 07:28:39,946 [cdf8b493-8d99-4b97-bf55-1e19bf837156@group-093E7115BF0F-SegmentedRaftLogWorker] INFO  segmented.SegmentedRaftLogWorker (SegmentedRaftLogWorker.java:execute(569)) - cdf8b493-8d99-4b97-bf55-1e19bf837156@group-093E7115BF0F-SegmentedRaftLogWorker: created new log segment /workdir/hadoop-ozone/tools/target/test-dir/MiniOzoneClusterImpl-024f4a54-ba4e-4a80-aa90-cb3ecc4826ee/datanode-4/data/ratis/33eeae62-579e-4f8b-8476-093e7115bf0f/current/log_inprogress_0
2019-09-25 07:28:39,949 [Thread-299] INFO  impl.FollowerState (FollowerState.java:run(106)) - cdf8b493-8d99-4b97-bf55-1e19bf837156:group-4C946DEEAE31 changes to CANDIDATE, lastRpcTime:5036, electionTimeout:5036ms
2019-09-25 07:28:39,949 [e9a92b31-f57e-42f9-b032-4050b3cc8be5@group-6CDDFC221407:LeaderElection26] INFO  impl.LeaderElection (LeaderElection.java:askForVotes(182)) - e9a92b31-f57e-42f9-b032-4050b3cc8be5@group-6CDDFC221407:LeaderElection26: begin an election at term 1 for -1: [e9a92b31-f57e-42f9-b032-4050b3cc8be5:192.168.30.10:37831], old=null
2019-09-25 07:28:39,950 [e9a92b31-f57e-42f9-b032-4050b3cc8be5@group-6CDDFC221407:LeaderElection26] INFO  impl.RoleInfo (RoleInfo.java:shutdownLeaderElection(134)) - e9a92b31-f57e-42f9-b032-4050b3cc8be5: shutdown LeaderElection
2019-09-25 07:28:39,950 [Thread-299] INFO  impl.RoleInfo (RoleInfo.java:shutdownFollowerState(121)) - cdf8b493-8d99-4b97-bf55-1e19bf837156: shutdown FollowerState
2019-09-25 07:28:39,950 [e9a92b31-f57e-42f9-b032-4050b3cc8be5@group-6CDDFC221407:LeaderElection26] INFO  impl.RaftServerImpl (RaftServerImpl.java:setRole(174)) - e9a92b31-f57e-42f9-b032-4050b3cc8be5@group-6CDDFC221407: changes role from CANDIDATE to LEADER at term 1 for changeToLeader
2019-09-25 07:28:39,950 [Thread-299] INFO  impl.RaftServerImpl (RaftServerImpl.java:setRole(174)) - cdf8b493-8d99-4b97-bf55-1e19bf837156@group-4C946DEEAE31: changes role from  FOLLOWER to CANDIDATE at term 0 for changeToCandidate
2019-09-25 07:28:39,950 [e9a92b31-f57e-42f9-b032-4050b3cc8be5@group-6CDDFC221407:LeaderElection26] INFO  impl.RaftServerImpl (ServerState.java:setLeader(253)) - e9a92b31-f57e-42f9-b032-4050b3cc8be5@group-6CDDFC221407: change Leader from null to e9a92b31-f57e-42f9-b032-4050b3cc8be5 at term 1 for becomeLeader, leader elected after 5218ms
2019-09-25 07:28:39,950 [e9a92b31-f57e-42f9-b032-4050b3cc8be5@group-6CDDFC221407:LeaderElection26] INFO  server.RaftServerConfigKeys (ConfUtils.java:logGet(43)) - raft.server.staging.catchup.gap = 1000 (default)
2019-09-25 07:28:39,950 [Thread-299] INFO  impl.RoleInfo (RoleInfo.java:updateAndGet(143)) - cdf8b493-8d99-4b97-bf55-1e19bf837156: start LeaderElection
2019-09-25 07:28:39,951 [e9a92b31-f57e-42f9-b032-4050b3cc8be5@group-6CDDFC221407:LeaderElection26] INFO  server.RaftServerConfigKeys (ConfUtils.java:logGet(43)) - raft.server.rpc.sleep.time = 25ms (default)
2019-09-25 07:28:39,951 [e9a92b31-f57e-42f9-b032-4050b3cc8be5@group-6CDDFC221407:LeaderElection26] INFO  server.RaftServerConfigKeys (ConfUtils.java:logGet(43)) - raft.server.write.element-limit = 4096 (default)
2019-09-25 07:28:39,951 [e9a92b31-f57e-42f9-b032-4050b3cc8be5@group-6CDDFC221407:LeaderElection26] INFO  server.RaftServerConfigKeys (ConfUtils.java:logGet(43)) - raft.server.watch.timeout = 10s (default)
2019-09-25 07:28:39,954 [e9a92b31-f57e-42f9-b032-4050b3cc8be5@group-6CDDFC221407:LeaderElection26] INFO  server.RaftServerConfigKeys (ConfUtils.java:logGet(43)) - raft.server.watch.timeout.denomination = 1s (default)
2019-09-25 07:28:39,954 [e9a92b31-f57e-42f9-b032-4050b3cc8be5@group-6CDDFC221407:LeaderElection26] INFO  server.RaftServerConfigKeys (ConfUtils.java:logGet(43)) - raft.server.watch.element-limit = 65536 (default)
2019-09-25 07:28:39,956 [e9a92b31-f57e-42f9-b032-4050b3cc8be5@group-6CDDFC221407:LeaderElection26] INFO  impl.RoleInfo (RoleInfo.java:updateAndGet(143)) - e9a92b31-f57e-42f9-b032-4050b3cc8be5: start LeaderState
2019-09-25 07:28:39,957 [e9a92b31-f57e-42f9-b032-4050b3cc8be5@group-6CDDFC221407:LeaderElection26] INFO  segmented.SegmentedRaftLogWorker (SegmentedRaftLogWorker.java:startLogSegment(380)) - e9a92b31-f57e-42f9-b032-4050b3cc8be5@group-6CDDFC221407-SegmentedRaftLogWorker: Starting segment from index:0
2019-09-25 07:28:39,957 [e9a92b31-f57e-42f9-b032-4050b3cc8be5@group-6CDDFC221407:LeaderElection26] INFO  impl.RaftServerImpl (ServerState.java:setRaftConf(354)) - e9a92b31-f57e-42f9-b032-4050b3cc8be5@group-6CDDFC221407: set configuration 0: [e9a92b31-f57e-42f9-b032-4050b3cc8be5:192.168.30.10:37831], old=null at 0
2019-09-25 07:28:39,993 [Thread-296] INFO  impl.FollowerState (FollowerState.java:run(106)) - cdf8b493-8d99-4b97-bf55-1e19bf837156:group-CB5535E800BD changes to CANDIDATE, lastRpcTime:5134, electionTimeout:5104ms
2019-09-25 07:28:39,993 [Thread-296] INFO  impl.RoleInfo (RoleInfo.java:shutdownFollowerState(121)) - cdf8b493-8d99-4b97-bf55-1e19bf837156: shutdown FollowerState
2019-09-25 07:28:39,993 [Thread-296] INFO  impl.RaftServerImpl (RaftServerImpl.java:setRole(174)) - cdf8b493-8d99-4b97-bf55-1e19bf837156@group-CB5535E800BD: changes role from  FOLLOWER to CANDIDATE at term 0 for changeToCandidate
2019-09-25 07:28:39,994 [Thread-296] INFO  impl.RoleInfo (RoleInfo.java:updateAndGet(143)) - cdf8b493-8d99-4b97-bf55-1e19bf837156: start LeaderElection
2019-09-25 07:28:39,994 [cdf8b493-8d99-4b97-bf55-1e19bf837156@group-4C946DEEAE31:LeaderElection27] INFO  impl.LeaderElection (LeaderElection.java:askForVotes(182)) - cdf8b493-8d99-4b97-bf55-1e19bf837156@group-4C946DEEAE31:LeaderElection27: begin an election at term 1 for -1: [cdf8b493-8d99-4b97-bf55-1e19bf837156:192.168.30.10:41087], old=null
2019-09-25 07:28:39,996 [cdf8b493-8d99-4b97-bf55-1e19bf837156@group-4C946DEEAE31:LeaderElection27] INFO  impl.RoleInfo (RoleInfo.java:shutdownLeaderElection(134)) - cdf8b493-8d99-4b97-bf55-1e19bf837156: shutdown LeaderElection
2019-09-25 07:28:39,996 [cdf8b493-8d99-4b97-bf55-1e19bf837156@group-4C946DEEAE31:LeaderElection27] INFO  impl.RaftServerImpl (RaftServerImpl.java:setRole(174)) - cdf8b493-8d99-4b97-bf55-1e19bf837156@group-4C946DEEAE31: changes role from CANDIDATE to LEADER at term 1 for changeToLeader
2019-09-25 07:28:39,996 [cdf8b493-8d99-4b97-bf55-1e19bf837156@group-4C946DEEAE31:LeaderElection27] INFO  impl.RaftServerImpl (ServerState.java:setLeader(253)) - cdf8b493-8d99-4b97-bf55-1e19bf837156@group-4C946DEEAE31: change Leader from null to cdf8b493-8d99-4b97-bf55-1e19bf837156 at term 1 for becomeLeader, leader elected after 5089ms
2019-09-25 07:28:39,996 [cdf8b493-8d99-4b97-bf55-1e19bf837156@group-4C946DEEAE31:LeaderElection27] INFO  server.RaftServerConfigKeys (ConfUtils.java:logGet(43)) - raft.server.staging.catchup.gap = 1000 (default)
2019-09-25 07:28:39,996 [cdf8b493-8d99-4b97-bf55-1e19bf837156@group-4C946DEEAE31:LeaderElection27] INFO  server.RaftServerConfigKeys (ConfUtils.java:logGet(43)) - raft.server.rpc.sleep.time = 25ms (default)
2019-09-25 07:28:39,997 [cdf8b493-8d99-4b97-bf55-1e19bf837156@group-4C946DEEAE31:LeaderElection27] INFO  server.RaftServerConfigKeys (ConfUtils.java:logGet(43)) - raft.server.write.element-limit = 4096 (default)
2019-09-25 07:28:39,997 [cdf8b493-8d99-4b97-bf55-1e19bf837156@group-4C946DEEAE31:LeaderElection27] INFO  server.RaftServerConfigKeys (ConfUtils.java:logGet(43)) - raft.server.watch.timeout = 10s (default)
2019-09-25 07:28:39,997 [cdf8b493-8d99-4b97-bf55-1e19bf837156@group-4C946DEEAE31:LeaderElection27] INFO  server.RaftServerConfigKeys (ConfUtils.java:logGet(43)) - raft.server.watch.timeout.denomination = 1s (default)
2019-09-25 07:28:39,997 [cdf8b493-8d99-4b97-bf55-1e19bf837156@group-4C946DEEAE31:LeaderElection27] INFO  server.RaftServerConfigKeys (ConfUtils.java:logGet(43)) - raft.server.watch.element-limit = 65536 (default)
2019-09-25 07:28:40,002 [cdf8b493-8d99-4b97-bf55-1e19bf837156@group-4C946DEEAE31:LeaderElection27] INFO  impl.RoleInfo (RoleInfo.java:updateAndGet(143)) - cdf8b493-8d99-4b97-bf55-1e19bf837156: start LeaderState
2019-09-25 07:28:40,002 [cdf8b493-8d99-4b97-bf55-1e19bf837156@group-4C946DEEAE31:LeaderElection27] INFO  segmented.SegmentedRaftLogWorker (SegmentedRaftLogWorker.java:startLogSegment(380)) - cdf8b493-8d99-4b97-bf55-1e19bf837156@group-4C946DEEAE31-SegmentedRaftLogWorker: Starting segment from index:0
2019-09-25 07:28:40,003 [cdf8b493-8d99-4b97-bf55-1e19bf837156@group-4C946DEEAE31:LeaderElection27] INFO  impl.RaftServerImpl (ServerState.java:setRaftConf(354)) - cdf8b493-8d99-4b97-bf55-1e19bf837156@group-4C946DEEAE31: set configuration 0: [cdf8b493-8d99-4b97-bf55-1e19bf837156:192.168.30.10:41087], old=null at 0
2019-09-25 07:28:40,032 [e9a92b31-f57e-42f9-b032-4050b3cc8be5@group-6CDDFC221407-SegmentedRaftLogWorker] INFO  segmented.SegmentedRaftLogWorker (SegmentedRaftLogWorker.java:execute(569)) - e9a92b31-f57e-42f9-b032-4050b3cc8be5@group-6CDDFC221407-SegmentedRaftLogWorker: created new log segment /workdir/hadoop-ozone/tools/target/test-dir/MiniOzoneClusterImpl-024f4a54-ba4e-4a80-aa90-cb3ecc4826ee/datanode-3/data/ratis/5deb6022-0e5d-47e3-8567-6cddfc221407/current/log_inprogress_0
2019-09-25 07:28:40,032 [cdf8b493-8d99-4b97-bf55-1e19bf837156@group-CB5535E800BD:LeaderElection28] INFO  impl.LeaderElection (LeaderElection.java:askForVotes(182)) - cdf8b493-8d99-4b97-bf55-1e19bf837156@group-CB5535E800BD:LeaderElection28: begin an election at term 1 for -1: [cdf8b493-8d99-4b97-bf55-1e19bf837156:192.168.30.10:41087], old=null
2019-09-25 07:28:40,032 [cdf8b493-8d99-4b97-bf55-1e19bf837156@group-CB5535E800BD:LeaderElection28] INFO  impl.RoleInfo (RoleInfo.java:shutdownLeaderElection(134)) - cdf8b493-8d99-4b97-bf55-1e19bf837156: shutdown LeaderElection
2019-09-25 07:28:40,033 [cdf8b493-8d99-4b97-bf55-1e19bf837156@group-CB5535E800BD:LeaderElection28] INFO  impl.RaftServerImpl (RaftServerImpl.java:setRole(174)) - cdf8b493-8d99-4b97-bf55-1e19bf837156@group-CB5535E800BD: changes role from CANDIDATE to LEADER at term 1 for changeToLeader
2019-09-25 07:28:40,033 [cdf8b493-8d99-4b97-bf55-1e19bf837156@group-CB5535E800BD:LeaderElection28] INFO  impl.RaftServerImpl (ServerState.java:setLeader(253)) - cdf8b493-8d99-4b97-bf55-1e19bf837156@group-CB5535E800BD: change Leader from null to cdf8b493-8d99-4b97-bf55-1e19bf837156 at term 1 for becomeLeader, leader elected after 5181ms
2019-09-25 07:28:40,033 [cdf8b493-8d99-4b97-bf55-1e19bf837156@group-CB5535E800BD:LeaderElection28] INFO  server.RaftServerConfigKeys (ConfUtils.java:logGet(43)) - raft.server.staging.catchup.gap = 1000 (default)
2019-09-25 07:28:40,033 [cdf8b493-8d99-4b97-bf55-1e19bf837156@group-CB5535E800BD:LeaderElection28] INFO  server.RaftServerConfigKeys (ConfUtils.java:logGet(43)) - raft.server.rpc.sleep.time = 25ms (default)
2019-09-25 07:28:40,033 [cdf8b493-8d99-4b97-bf55-1e19bf837156@group-CB5535E800BD:LeaderElection28] INFO  server.RaftServerConfigKeys (ConfUtils.java:logGet(43)) - raft.server.write.element-limit = 4096 (default)
2019-09-25 07:28:40,033 [cdf8b493-8d99-4b97-bf55-1e19bf837156@group-CB5535E800BD:LeaderElection28] INFO  server.RaftServerConfigKeys (ConfUtils.java:logGet(43)) - raft.server.watch.timeout = 10s (default)
2019-09-25 07:28:40,034 [cdf8b493-8d99-4b97-bf55-1e19bf837156@group-CB5535E800BD:LeaderElection28] INFO  server.RaftServerConfigKeys (ConfUtils.java:logGet(43)) - raft.server.watch.timeout.denomination = 1s (default)
2019-09-25 07:28:40,034 [cdf8b493-8d99-4b97-bf55-1e19bf837156@group-CB5535E800BD:LeaderElection28] INFO  server.RaftServerConfigKeys (ConfUtils.java:logGet(43)) - raft.server.watch.element-limit = 65536 (default)
2019-09-25 07:28:40,037 [cdf8b493-8d99-4b97-bf55-1e19bf837156@group-CB5535E800BD:LeaderElection28] INFO  impl.RoleInfo (RoleInfo.java:updateAndGet(143)) - cdf8b493-8d99-4b97-bf55-1e19bf837156: start LeaderState
2019-09-25 07:28:40,037 [cdf8b493-8d99-4b97-bf55-1e19bf837156@group-CB5535E800BD:LeaderElection28] INFO  segmented.SegmentedRaftLogWorker (SegmentedRaftLogWorker.java:startLogSegment(380)) - cdf8b493-8d99-4b97-bf55-1e19bf837156@group-CB5535E800BD-SegmentedRaftLogWorker: Starting segment from index:0
2019-09-25 07:28:40,038 [cdf8b493-8d99-4b97-bf55-1e19bf837156@group-CB5535E800BD:LeaderElection28] INFO  impl.RaftServerImpl (ServerState.java:setRaftConf(354)) - cdf8b493-8d99-4b97-bf55-1e19bf837156@group-CB5535E800BD: set configuration 0: [cdf8b493-8d99-4b97-bf55-1e19bf837156:192.168.30.10:41087], old=null at 0
2019-09-25 07:28:40,066 [cdf8b493-8d99-4b97-bf55-1e19bf837156@group-4C946DEEAE31-SegmentedRaftLogWorker] INFO  segmented.SegmentedRaftLogWorker (SegmentedRaftLogWorker.java:execute(569)) - cdf8b493-8d99-4b97-bf55-1e19bf837156@group-4C946DEEAE31-SegmentedRaftLogWorker: created new log segment /workdir/hadoop-ozone/tools/target/test-dir/MiniOzoneClusterImpl-024f4a54-ba4e-4a80-aa90-cb3ecc4826ee/datanode-4/data/ratis/476491bb-4338-4f5e-98c5-4c946deeae31/current/log_inprogress_0
2019-09-25 07:28:40,087 [cdf8b493-8d99-4b97-bf55-1e19bf837156@group-CB5535E800BD-SegmentedRaftLogWorker] INFO  segmented.SegmentedRaftLogWorker (SegmentedRaftLogWorker.java:execute(569)) - cdf8b493-8d99-4b97-bf55-1e19bf837156@group-CB5535E800BD-SegmentedRaftLogWorker: created new log segment /workdir/hadoop-ozone/tools/target/test-dir/MiniOzoneClusterImpl-024f4a54-ba4e-4a80-aa90-cb3ecc4826ee/datanode-4/data/ratis/ee2e2328-12bd-44fd-9cb4-cb5535e800bd/current/log_inprogress_0
2019-09-25 07:28:40,161 [Thread-302] INFO  impl.FollowerState (FollowerState.java:run(106)) - cdf8b493-8d99-4b97-bf55-1e19bf837156:group-C49F11C04728 changes to CANDIDATE, lastRpcTime:5182, electionTimeout:5182ms
2019-09-25 07:28:40,161 [Thread-302] INFO  impl.RoleInfo (RoleInfo.java:shutdownFollowerState(121)) - cdf8b493-8d99-4b97-bf55-1e19bf837156: shutdown FollowerState
2019-09-25 07:28:40,161 [Thread-302] INFO  impl.RaftServerImpl (RaftServerImpl.java:setRole(174)) - cdf8b493-8d99-4b97-bf55-1e19bf837156@group-C49F11C04728: changes role from  FOLLOWER to CANDIDATE at term 0 for changeToCandidate
2019-09-25 07:28:40,161 [Thread-302] INFO  impl.RoleInfo (RoleInfo.java:updateAndGet(143)) - cdf8b493-8d99-4b97-bf55-1e19bf837156: start LeaderElection
2019-09-25 07:28:40,170 [Thread-305] INFO  impl.FollowerState (FollowerState.java:run(106)) - cdf8b493-8d99-4b97-bf55-1e19bf837156:group-9A12549FED0F changes to CANDIDATE, lastRpcTime:5118, electionTimeout:5118ms
2019-09-25 07:28:40,170 [Thread-305] INFO  impl.RoleInfo (RoleInfo.java:shutdownFollowerState(121)) - cdf8b493-8d99-4b97-bf55-1e19bf837156: shutdown FollowerState
2019-09-25 07:28:40,170 [Thread-305] INFO  impl.RaftServerImpl (RaftServerImpl.java:setRole(174)) - cdf8b493-8d99-4b97-bf55-1e19bf837156@group-9A12549FED0F: changes role from  FOLLOWER to CANDIDATE at term 0 for changeToCandidate
2019-09-25 07:28:40,171 [Thread-305] INFO  impl.RoleInfo (RoleInfo.java:updateAndGet(143)) - cdf8b493-8d99-4b97-bf55-1e19bf837156: start LeaderElection
2019-09-25 07:28:40,192 [cdf8b493-8d99-4b97-bf55-1e19bf837156@group-9A12549FED0F:LeaderElection30] INFO  impl.LeaderElection (LeaderElection.java:askForVotes(182)) - cdf8b493-8d99-4b97-bf55-1e19bf837156@group-9A12549FED0F:LeaderElection30: begin an election at term 1 for -1: [cdf8b493-8d99-4b97-bf55-1e19bf837156:192.168.30.10:41087], old=null
2019-09-25 07:28:40,192 [cdf8b493-8d99-4b97-bf55-1e19bf837156@group-C49F11C04728:LeaderElection29] INFO  impl.LeaderElection (LeaderElection.java:askForVotes(182)) - cdf8b493-8d99-4b97-bf55-1e19bf837156@group-C49F11C04728:LeaderElection29: begin an election at term 1 for -1: [cdf8b493-8d99-4b97-bf55-1e19bf837156:192.168.30.10:41087], old=null
2019-09-25 07:28:40,192 [cdf8b493-8d99-4b97-bf55-1e19bf837156@group-9A12549FED0F:LeaderElection30] INFO  impl.RoleInfo (RoleInfo.java:shutdownLeaderElection(134)) - cdf8b493-8d99-4b97-bf55-1e19bf837156: shutdown LeaderElection
2019-09-25 07:28:40,192 [cdf8b493-8d99-4b97-bf55-1e19bf837156@group-C49F11C04728:LeaderElection29] INFO  impl.RoleInfo (RoleInfo.java:shutdownLeaderElection(134)) - cdf8b493-8d99-4b97-bf55-1e19bf837156: shutdown LeaderElection
2019-09-25 07:28:40,192 [cdf8b493-8d99-4b97-bf55-1e19bf837156@group-9A12549FED0F:LeaderElection30] INFO  impl.RaftServerImpl (RaftServerImpl.java:setRole(174)) - cdf8b493-8d99-4b97-bf55-1e19bf837156@group-9A12549FED0F: changes role from CANDIDATE to LEADER at term 1 for changeToLeader
2019-09-25 07:28:40,192 [cdf8b493-8d99-4b97-bf55-1e19bf837156@group-C49F11C04728:LeaderElection29] INFO  impl.RaftServerImpl (RaftServerImpl.java:setRole(174)) - cdf8b493-8d99-4b97-bf55-1e19bf837156@group-C49F11C04728: changes role from CANDIDATE to LEADER at term 1 for changeToLeader
2019-09-25 07:28:40,192 [cdf8b493-8d99-4b97-bf55-1e19bf837156@group-9A12549FED0F:LeaderElection30] INFO  impl.RaftServerImpl (ServerState.java:setLeader(253)) - cdf8b493-8d99-4b97-bf55-1e19bf837156@group-9A12549FED0F: change Leader from null to cdf8b493-8d99-4b97-bf55-1e19bf837156 at term 1 for becomeLeader, leader elected after 5147ms
2019-09-25 07:28:40,192 [cdf8b493-8d99-4b97-bf55-1e19bf837156@group-C49F11C04728:LeaderElection29] INFO  impl.RaftServerImpl (ServerState.java:setLeader(253)) - cdf8b493-8d99-4b97-bf55-1e19bf837156@group-C49F11C04728: change Leader from null to cdf8b493-8d99-4b97-bf55-1e19bf837156 at term 1 for becomeLeader, leader elected after 5221ms
2019-09-25 07:28:40,193 [cdf8b493-8d99-4b97-bf55-1e19bf837156@group-9A12549FED0F:LeaderElection30] INFO  server.RaftServerConfigKeys (ConfUtils.java:logGet(43)) - raft.server.staging.catchup.gap = 1000 (default)
2019-09-25 07:28:40,193 [cdf8b493-8d99-4b97-bf55-1e19bf837156@group-C49F11C04728:LeaderElection29] INFO  server.RaftServerConfigKeys (ConfUtils.java:logGet(43)) - raft.server.staging.catchup.gap = 1000 (default)
2019-09-25 07:28:40,193 [cdf8b493-8d99-4b97-bf55-1e19bf837156@group-9A12549FED0F:LeaderElection30] INFO  server.RaftServerConfigKeys (ConfUtils.java:logGet(43)) - raft.server.rpc.sleep.time = 25ms (default)
2019-09-25 07:28:40,193 [cdf8b493-8d99-4b97-bf55-1e19bf837156@group-C49F11C04728:LeaderElection29] INFO  server.RaftServerConfigKeys (ConfUtils.java:logGet(43)) - raft.server.rpc.sleep.time = 25ms (default)
2019-09-25 07:28:40,193 [cdf8b493-8d99-4b97-bf55-1e19bf837156@group-9A12549FED0F:LeaderElection30] INFO  server.RaftServerConfigKeys (ConfUtils.java:logGet(43)) - raft.server.write.element-limit = 4096 (default)
2019-09-25 07:28:40,193 [cdf8b493-8d99-4b97-bf55-1e19bf837156@group-C49F11C04728:LeaderElection29] INFO  server.RaftServerConfigKeys (ConfUtils.java:logGet(43)) - raft.server.write.element-limit = 4096 (default)
2019-09-25 07:28:40,193 [cdf8b493-8d99-4b97-bf55-1e19bf837156@group-9A12549FED0F:LeaderElection30] INFO  server.RaftServerConfigKeys (ConfUtils.java:logGet(43)) - raft.server.watch.timeout = 10s (default)
2019-09-25 07:28:40,194 [cdf8b493-8d99-4b97-bf55-1e19bf837156@group-C49F11C04728:LeaderElection29] INFO  server.RaftServerConfigKeys (ConfUtils.java:logGet(43)) - raft.server.watch.timeout = 10s (default)
2019-09-25 07:28:40,194 [cdf8b493-8d99-4b97-bf55-1e19bf837156@group-9A12549FED0F:LeaderElection30] INFO  server.RaftServerConfigKeys (ConfUtils.java:logGet(43)) - raft.server.watch.timeout.denomination = 1s (default)
2019-09-25 07:28:40,194 [cdf8b493-8d99-4b97-bf55-1e19bf837156@group-C49F11C04728:LeaderElection29] INFO  server.RaftServerConfigKeys (ConfUtils.java:logGet(43)) - raft.server.watch.timeout.denomination = 1s (default)
2019-09-25 07:28:40,194 [cdf8b493-8d99-4b97-bf55-1e19bf837156@group-9A12549FED0F:LeaderElection30] INFO  server.RaftServerConfigKeys (ConfUtils.java:logGet(43)) - raft.server.watch.element-limit = 65536 (default)
2019-09-25 07:28:40,194 [cdf8b493-8d99-4b97-bf55-1e19bf837156@group-C49F11C04728:LeaderElection29] INFO  server.RaftServerConfigKeys (ConfUtils.java:logGet(43)) - raft.server.watch.element-limit = 65536 (default)
2019-09-25 07:28:40,198 [cdf8b493-8d99-4b97-bf55-1e19bf837156@group-9A12549FED0F:LeaderElection30] INFO  impl.RoleInfo (RoleInfo.java:updateAndGet(143)) - cdf8b493-8d99-4b97-bf55-1e19bf837156: start LeaderState
2019-09-25 07:28:40,198 [cdf8b493-8d99-4b97-bf55-1e19bf837156@group-9A12549FED0F:LeaderElection30] INFO  segmented.SegmentedRaftLogWorker (SegmentedRaftLogWorker.java:startLogSegment(380)) - cdf8b493-8d99-4b97-bf55-1e19bf837156@group-9A12549FED0F-SegmentedRaftLogWorker: Starting segment from index:0
2019-09-25 07:28:40,198 [cdf8b493-8d99-4b97-bf55-1e19bf837156@group-C49F11C04728:LeaderElection29] INFO  impl.RoleInfo (RoleInfo.java:updateAndGet(143)) - cdf8b493-8d99-4b97-bf55-1e19bf837156: start LeaderState
2019-09-25 07:28:40,199 [cdf8b493-8d99-4b97-bf55-1e19bf837156@group-C49F11C04728:LeaderElection29] INFO  segmented.SegmentedRaftLogWorker (SegmentedRaftLogWorker.java:startLogSegment(380)) - cdf8b493-8d99-4b97-bf55-1e19bf837156@group-C49F11C04728-SegmentedRaftLogWorker: Starting segment from index:0
2019-09-25 07:28:40,199 [cdf8b493-8d99-4b97-bf55-1e19bf837156@group-9A12549FED0F:LeaderElection30] INFO  impl.RaftServerImpl (ServerState.java:setRaftConf(354)) - cdf8b493-8d99-4b97-bf55-1e19bf837156@group-9A12549FED0F: set configuration 0: [cdf8b493-8d99-4b97-bf55-1e19bf837156:192.168.30.10:41087], old=null at 0
2019-09-25 07:28:40,238 [cdf8b493-8d99-4b97-bf55-1e19bf837156@group-C49F11C04728:LeaderElection29] INFO  impl.RaftServerImpl (ServerState.java:setRaftConf(354)) - cdf8b493-8d99-4b97-bf55-1e19bf837156@group-C49F11C04728: set configuration 0: [cdf8b493-8d99-4b97-bf55-1e19bf837156:192.168.30.10:41087], old=null at 0
2019-09-25 07:28:40,275 [cdf8b493-8d99-4b97-bf55-1e19bf837156@group-9A12549FED0F-SegmentedRaftLogWorker] INFO  segmented.SegmentedRaftLogWorker (SegmentedRaftLogWorker.java:execute(569)) - cdf8b493-8d99-4b97-bf55-1e19bf837156@group-9A12549FED0F-SegmentedRaftLogWorker: created new log segment /workdir/hadoop-ozone/tools/target/test-dir/MiniOzoneClusterImpl-024f4a54-ba4e-4a80-aa90-cb3ecc4826ee/datanode-4/data/ratis/3666be6a-01bc-485b-a3d3-9a12549fed0f/current/log_inprogress_0
2019-09-25 07:28:40,299 [cdf8b493-8d99-4b97-bf55-1e19bf837156@group-C49F11C04728-SegmentedRaftLogWorker] INFO  segmented.SegmentedRaftLogWorker (SegmentedRaftLogWorker.java:execute(569)) - cdf8b493-8d99-4b97-bf55-1e19bf837156@group-C49F11C04728-SegmentedRaftLogWorker: created new log segment /workdir/hadoop-ozone/tools/target/test-dir/MiniOzoneClusterImpl-024f4a54-ba4e-4a80-aa90-cb3ecc4826ee/datanode-4/data/ratis/2be89b58-d172-4770-9443-c49f11c04728/current/log_inprogress_0
]]></system-out>
    <system-err><![CDATA[ERROR StatusLogger No Log4j 2 configuration file found. Using default configuration (logging only errors to the console), or user programmatically provided configurations. Set system property 'log4j2.debug' to show Log4j 2 internal initialization logging. See https://logging.apache.org/log4j/2.x/manual/configuration.html for instructions on how to configure Log4j 2
]]></system-err>
  </testcase>
  <testcase name="standaloneTestLargeKey" classname="org.apache.hadoop.ozone.freon.TestDataValidateWithUnsafeByteOperations" time="10.138">
    <error message="Allocated 0 blocks. Requested 5 blocks" type="INTERNAL_ERROR org.apache.hadoop.ozone.om.exceptions.OMException">INTERNAL_ERROR org.apache.hadoop.ozone.om.exceptions.OMException: Allocated 0 blocks. Requested 5 blocks
	at org.apache.hadoop.ozone.om.protocolPB.OzoneManagerProtocolClientSideTranslatorPB.handleError(OzoneManagerProtocolClientSideTranslatorPB.java:732)
	at org.apache.hadoop.ozone.om.protocolPB.OzoneManagerProtocolClientSideTranslatorPB.openKey(OzoneManagerProtocolClientSideTranslatorPB.java:723)
	at sun.reflect.NativeMethodAccessorImpl.invoke0(Native Method)
	at sun.reflect.NativeMethodAccessorImpl.invoke(NativeMethodAccessorImpl.java:62)
	at sun.reflect.DelegatingMethodAccessorImpl.invoke(DelegatingMethodAccessorImpl.java:43)
	at java.lang.reflect.Method.invoke(Method.java:498)
	at org.apache.hadoop.hdds.tracing.TraceAllMethod.invoke(TraceAllMethod.java:66)
	at com.sun.proxy.$Proxy37.openKey(Unknown Source)
	at org.apache.hadoop.ozone.client.rpc.RpcClient.createKey(RpcClient.java:614)
	at org.apache.hadoop.ozone.client.OzoneBucket.createKey(OzoneBucket.java:325)
	at org.apache.hadoop.ozone.freon.RandomKeyGenerator.createKey(RandomKeyGenerator.java:695)
	at org.apache.hadoop.ozone.freon.RandomKeyGenerator.access$1100(RandomKeyGenerator.java:88)
	at org.apache.hadoop.ozone.freon.RandomKeyGenerator$ObjectCreator.run(RandomKeyGenerator.java:615)
	at java.util.concurrent.Executors$RunnableAdapter.call(Executors.java:511)
	at java.util.concurrent.FutureTask.run(FutureTask.java:266)
	at java.util.concurrent.ThreadPoolExecutor.runWorker(ThreadPoolExecutor.java:1149)
	at java.util.concurrent.ThreadPoolExecutor$Worker.run(ThreadPoolExecutor.java:624)
	at java.lang.Thread.run(Thread.java:748)
</error>
    <system-out><![CDATA[2019-09-25 07:28:43,850 [main] INFO  freon.RandomKeyGenerator (RandomKeyGenerator.java:call(283)) - Number of Threads: 10
2019-09-25 07:28:43,853 [main] INFO  freon.RandomKeyGenerator (RandomKeyGenerator.java:call(288)) - Number of Volumes: 1.
2019-09-25 07:28:43,853 [main] INFO  freon.RandomKeyGenerator (RandomKeyGenerator.java:call(289)) - Number of Buckets per Volume: 1.
2019-09-25 07:28:43,853 [main] INFO  freon.RandomKeyGenerator (RandomKeyGenerator.java:call(290)) - Number of Keys per Bucket: 1.
2019-09-25 07:28:43,854 [main] INFO  freon.RandomKeyGenerator (RandomKeyGenerator.java:call(291)) - Key size: 20971520 bytes
2019-09-25 07:28:43,854 [main] INFO  freon.RandomKeyGenerator (RandomKeyGenerator.java:call(292)) - Buffer size: 4096 bytes
2019-09-25 07:28:43,854 [main] INFO  freon.RandomKeyGenerator (RandomKeyGenerator.java:call(293)) - validateWrites : true
2019-09-25 07:28:43,855 [pool-74-thread-1] INFO  rpc.RpcClient (RpcClient.java:createVolume(276)) - Creating Volume: vol-0-26441, with jenkins1000 as owner.
2019-09-25 07:28:43,855 [main] INFO  freon.RandomKeyGenerator (RandomKeyGenerator.java:call(307)) - Data validation is enabled.
2019-09-25 07:28:43,858 [main] INFO  freon.RandomKeyGenerator (RandomKeyGenerator.java:call(313)) - Starting progress bar Thread.

 0.00% |█                                                                                                    |  0/1 Time: 0:00:002019-09-25 07:28:43,860 [IPC Server handler 2 on 33965] INFO  volume.OMVolumeCreateRequest (OMVolumeCreateRequest.java:validateAndUpdateCache(189)) - created volume:vol-0-26441 for user:jenkins1000
2019-09-25 07:28:43,875 [pool-74-thread-2] INFO  rpc.RpcClient (RpcClient.java:createBucket(415)) - Creating Bucket: vol-0-26441/bucket-0-98269, with Versioning false and Storage Type set to DISK and Encryption set to false 
2019-09-25 07:28:43,889 [IPC Server handler 0 on 33386] INFO  pipeline.PipelinePlacementPolicy (PipelinePlacementPolicy.java:meetCriteria(91)) - Pipeline Placement: Doesn't meet the criteria to be viable node： 319eb9b2-446a-4b5b-95c2-98d772c8b042 Heaviness: 6 limit: 5
2019-09-25 07:28:43,889 [IPC Server handler 0 on 33386] INFO  pipeline.PipelinePlacementPolicy (PipelinePlacementPolicy.java:meetCriteria(91)) - Pipeline Placement: Doesn't meet the criteria to be viable node： e9a92b31-f57e-42f9-b032-4050b3cc8be5 Heaviness: 6 limit: 5
2019-09-25 07:28:43,889 [IPC Server handler 0 on 33386] INFO  pipeline.PipelinePlacementPolicy (PipelinePlacementPolicy.java:meetCriteria(91)) - Pipeline Placement: Doesn't meet the criteria to be viable node： cdf8b493-8d99-4b97-bf55-1e19bf837156 Heaviness: 6 limit: 5
2019-09-25 07:28:43,890 [IPC Server handler 0 on 33386] INFO  pipeline.PipelinePlacementPolicy (PipelinePlacementPolicy.java:meetCriteria(91)) - Pipeline Placement: Doesn't meet the criteria to be viable node： a3425e08-24ce-4736-9f6e-1b8551260ff2 Heaviness: 6 limit: 5
2019-09-25 07:28:43,890 [IPC Server handler 0 on 33386] INFO  pipeline.PipelinePlacementPolicy (PipelinePlacementPolicy.java:meetCriteria(91)) - Pipeline Placement: Doesn't meet the criteria to be viable node： 7f677846-6321-4837-a536-8a7cfa3ddebf Heaviness: 6 limit: 5
2019-09-25 07:28:43,890 [IPC Server handler 0 on 33386] ERROR pipeline.PipelinePlacementPolicy (PipelinePlacementPolicy.java:filterViableNodes(148)) - Unable to find enough nodes that meet the criteria that cannot engage in more than 5 pipelines. Nodes required: 3 Found: 0, healthy nodes count inNodeManager: 5.
2019-09-25 07:28:43,890 [IPC Server handler 0 on 33386] ERROR pipeline.SCMPipelineManager (SCMPipelineManager.java:createPipeline(167)) - Pipeline creation failed due to exception: Unable to find enough nodes that meet the criteria that cannot engage in more than 5 pipelines. Nodes required: 3 Found: 0, healthy nodes count inNodeManager: 5.
2019-09-25 07:28:43,891 [IPC Server handler 0 on 33386] WARN  block.BlockManagerImpl (BlockManagerImpl.java:allocateBlock(192)) - Pipeline creation failed for type:RATIS factor:THREE. Retrying get pipelines call once.
org.apache.hadoop.hdds.scm.exceptions.SCMException: Unable to find enough nodes that meet the criteria that cannot engage in more than 5 pipelines. Nodes required: 3 Found: 0, healthy nodes count inNodeManager: 5.
	at org.apache.hadoop.hdds.scm.pipeline.PipelinePlacementPolicy.filterViableNodes(PipelinePlacementPolicy.java:149)
	at org.apache.hadoop.hdds.scm.pipeline.PipelinePlacementPolicy.chooseDatanodes(PipelinePlacementPolicy.java:172)
	at org.apache.hadoop.hdds.scm.pipeline.RatisPipelineProvider.create(RatisPipelineProvider.java:93)
	at org.apache.hadoop.hdds.scm.pipeline.PipelineFactory.create(PipelineFactory.java:58)
	at org.apache.hadoop.hdds.scm.pipeline.SCMPipelineManager.createPipeline(SCMPipelineManager.java:155)
	at org.apache.hadoop.hdds.scm.block.BlockManagerImpl.allocateBlock(BlockManagerImpl.java:190)
	at org.apache.hadoop.hdds.scm.server.SCMBlockProtocolServer.allocateBlock(SCMBlockProtocolServer.java:182)
	at org.apache.hadoop.ozone.protocolPB.ScmBlockLocationProtocolServerSideTranslatorPB.allocateScmBlock(ScmBlockLocationProtocolServerSideTranslatorPB.java:183)
	at org.apache.hadoop.ozone.protocolPB.ScmBlockLocationProtocolServerSideTranslatorPB.processMessage(ScmBlockLocationProtocolServerSideTranslatorPB.java:141)
	at org.apache.hadoop.ozone.protocolPB.ScmBlockLocationProtocolServerSideTranslatorPB.send(ScmBlockLocationProtocolServerSideTranslatorPB.java:116)
	at org.apache.hadoop.hdds.protocol.proto.ScmBlockLocationProtocolProtos$ScmBlockLocationProtocolService$2.callBlockingMethod(ScmBlockLocationProtocolProtos.java:13157)
	at org.apache.hadoop.ipc.ProtobufRpcEngine$Server$ProtoBufRpcInvoker.call(ProtobufRpcEngine.java:524)
	at org.apache.hadoop.ipc.RPC$Server.call(RPC.java:1025)
	at org.apache.hadoop.ipc.Server$RpcCall.run(Server.java:876)
	at org.apache.hadoop.ipc.Server$RpcCall.run(Server.java:822)
	at java.security.AccessController.doPrivileged(Native Method)
	at javax.security.auth.Subject.doAs(Subject.java:422)
	at org.apache.hadoop.security.UserGroupInformation.doAs(UserGroupInformation.java:1730)
	at org.apache.hadoop.ipc.Server$Handler.run(Server.java:2682)
2019-09-25 07:28:43,892 [IPC Server handler 0 on 33386] INFO  block.BlockManagerImpl (BlockManagerImpl.java:allocateBlock(198)) - Could not find available pipeline of type:RATIS and factor:THREE even after retrying
2019-09-25 07:28:43,892 [IPC Server handler 0 on 33386] ERROR block.BlockManagerImpl (BlockManagerImpl.java:allocateBlock(222)) - Unable to allocate a block for the size: 4194304, type: RATIS, factor: THREE
2019-09-25 07:28:43,892 [IPC Server handler 0 on 33386] INFO  pipeline.PipelinePlacementPolicy (PipelinePlacementPolicy.java:meetCriteria(91)) - Pipeline Placement: Doesn't meet the criteria to be viable node： 319eb9b2-446a-4b5b-95c2-98d772c8b042 Heaviness: 6 limit: 5
2019-09-25 07:28:43,892 [IPC Server handler 0 on 33386] INFO  pipeline.PipelinePlacementPolicy (PipelinePlacementPolicy.java:meetCriteria(91)) - Pipeline Placement: Doesn't meet the criteria to be viable node： e9a92b31-f57e-42f9-b032-4050b3cc8be5 Heaviness: 6 limit: 5
2019-09-25 07:28:43,893 [IPC Server handler 0 on 33386] INFO  pipeline.PipelinePlacementPolicy (PipelinePlacementPolicy.java:meetCriteria(91)) - Pipeline Placement: Doesn't meet the criteria to be viable node： cdf8b493-8d99-4b97-bf55-1e19bf837156 Heaviness: 6 limit: 5
2019-09-25 07:28:43,893 [IPC Server handler 0 on 33386] INFO  pipeline.PipelinePlacementPolicy (PipelinePlacementPolicy.java:meetCriteria(91)) - Pipeline Placement: Doesn't meet the criteria to be viable node： a3425e08-24ce-4736-9f6e-1b8551260ff2 Heaviness: 6 limit: 5
2019-09-25 07:28:43,893 [IPC Server handler 0 on 33386] INFO  pipeline.PipelinePlacementPolicy (PipelinePlacementPolicy.java:meetCriteria(91)) - Pipeline Placement: Doesn't meet the criteria to be viable node： 7f677846-6321-4837-a536-8a7cfa3ddebf Heaviness: 6 limit: 5
2019-09-25 07:28:43,893 [IPC Server handler 0 on 33386] ERROR pipeline.PipelinePlacementPolicy (PipelinePlacementPolicy.java:filterViableNodes(148)) - Unable to find enough nodes that meet the criteria that cannot engage in more than 5 pipelines. Nodes required: 3 Found: 0, healthy nodes count inNodeManager: 5.
2019-09-25 07:28:43,893 [IPC Server handler 0 on 33386] ERROR pipeline.SCMPipelineManager (SCMPipelineManager.java:createPipeline(167)) - Pipeline creation failed due to exception: Unable to find enough nodes that meet the criteria that cannot engage in more than 5 pipelines. Nodes required: 3 Found: 0, healthy nodes count inNodeManager: 5.
2019-09-25 07:28:43,894 [IPC Server handler 0 on 33386] WARN  block.BlockManagerImpl (BlockManagerImpl.java:allocateBlock(192)) - Pipeline creation failed for type:RATIS factor:THREE. Retrying get pipelines call once.
org.apache.hadoop.hdds.scm.exceptions.SCMException: Unable to find enough nodes that meet the criteria that cannot engage in more than 5 pipelines. Nodes required: 3 Found: 0, healthy nodes count inNodeManager: 5.
	at org.apache.hadoop.hdds.scm.pipeline.PipelinePlacementPolicy.filterViableNodes(PipelinePlacementPolicy.java:149)
	at org.apache.hadoop.hdds.scm.pipeline.PipelinePlacementPolicy.chooseDatanodes(PipelinePlacementPolicy.java:172)
	at org.apache.hadoop.hdds.scm.pipeline.RatisPipelineProvider.create(RatisPipelineProvider.java:93)
	at org.apache.hadoop.hdds.scm.pipeline.PipelineFactory.create(PipelineFactory.java:58)
	at org.apache.hadoop.hdds.scm.pipeline.SCMPipelineManager.createPipeline(SCMPipelineManager.java:155)
	at org.apache.hadoop.hdds.scm.block.BlockManagerImpl.allocateBlock(BlockManagerImpl.java:190)
	at org.apache.hadoop.hdds.scm.server.SCMBlockProtocolServer.allocateBlock(SCMBlockProtocolServer.java:182)
	at org.apache.hadoop.ozone.protocolPB.ScmBlockLocationProtocolServerSideTranslatorPB.allocateScmBlock(ScmBlockLocationProtocolServerSideTranslatorPB.java:183)
	at org.apache.hadoop.ozone.protocolPB.ScmBlockLocationProtocolServerSideTranslatorPB.processMessage(ScmBlockLocationProtocolServerSideTranslatorPB.java:141)
	at org.apache.hadoop.ozone.protocolPB.ScmBlockLocationProtocolServerSideTranslatorPB.send(ScmBlockLocationProtocolServerSideTranslatorPB.java:116)
	at org.apache.hadoop.hdds.protocol.proto.ScmBlockLocationProtocolProtos$ScmBlockLocationProtocolService$2.callBlockingMethod(ScmBlockLocationProtocolProtos.java:13157)
	at org.apache.hadoop.ipc.ProtobufRpcEngine$Server$ProtoBufRpcInvoker.call(ProtobufRpcEngine.java:524)
	at org.apache.hadoop.ipc.RPC$Server.call(RPC.java:1025)
	at org.apache.hadoop.ipc.Server$RpcCall.run(Server.java:876)
	at org.apache.hadoop.ipc.Server$RpcCall.run(Server.java:822)
	at java.security.AccessController.doPrivileged(Native Method)
	at javax.security.auth.Subject.doAs(Subject.java:422)
	at org.apache.hadoop.security.UserGroupInformation.doAs(UserGroupInformation.java:1730)
	at org.apache.hadoop.ipc.Server$Handler.run(Server.java:2682)
2019-09-25 07:28:43,894 [IPC Server handler 0 on 33386] INFO  block.BlockManagerImpl (BlockManagerImpl.java:allocateBlock(198)) - Could not find available pipeline of type:RATIS and factor:THREE even after retrying
2019-09-25 07:28:43,894 [IPC Server handler 0 on 33386] ERROR block.BlockManagerImpl (BlockManagerImpl.java:allocateBlock(222)) - Unable to allocate a block for the size: 4194304, type: RATIS, factor: THREE
2019-09-25 07:28:43,895 [IPC Server handler 0 on 33386] INFO  pipeline.PipelinePlacementPolicy (PipelinePlacementPolicy.java:meetCriteria(91)) - Pipeline Placement: Doesn't meet the criteria to be viable node： 319eb9b2-446a-4b5b-95c2-98d772c8b042 Heaviness: 6 limit: 5
2019-09-25 07:28:43,895 [IPC Server handler 0 on 33386] INFO  pipeline.PipelinePlacementPolicy (PipelinePlacementPolicy.java:meetCriteria(91)) - Pipeline Placement: Doesn't meet the criteria to be viable node： e9a92b31-f57e-42f9-b032-4050b3cc8be5 Heaviness: 6 limit: 5
2019-09-25 07:28:43,895 [IPC Server handler 0 on 33386] INFO  pipeline.PipelinePlacementPolicy (PipelinePlacementPolicy.java:meetCriteria(91)) - Pipeline Placement: Doesn't meet the criteria to be viable node： cdf8b493-8d99-4b97-bf55-1e19bf837156 Heaviness: 6 limit: 5
2019-09-25 07:28:43,895 [IPC Server handler 0 on 33386] INFO  pipeline.PipelinePlacementPolicy (PipelinePlacementPolicy.java:meetCriteria(91)) - Pipeline Placement: Doesn't meet the criteria to be viable node： a3425e08-24ce-4736-9f6e-1b8551260ff2 Heaviness: 6 limit: 5
2019-09-25 07:28:43,896 [IPC Server handler 0 on 33386] INFO  pipeline.PipelinePlacementPolicy (PipelinePlacementPolicy.java:meetCriteria(91)) - Pipeline Placement: Doesn't meet the criteria to be viable node： 7f677846-6321-4837-a536-8a7cfa3ddebf Heaviness: 6 limit: 5
2019-09-25 07:28:43,896 [IPC Server handler 0 on 33386] ERROR pipeline.PipelinePlacementPolicy (PipelinePlacementPolicy.java:filterViableNodes(148)) - Unable to find enough nodes that meet the criteria that cannot engage in more than 5 pipelines. Nodes required: 3 Found: 0, healthy nodes count inNodeManager: 5.
2019-09-25 07:28:43,896 [IPC Server handler 0 on 33386] ERROR pipeline.SCMPipelineManager (SCMPipelineManager.java:createPipeline(167)) - Pipeline creation failed due to exception: Unable to find enough nodes that meet the criteria that cannot engage in more than 5 pipelines. Nodes required: 3 Found: 0, healthy nodes count inNodeManager: 5.
2019-09-25 07:28:43,896 [IPC Server handler 0 on 33386] WARN  block.BlockManagerImpl (BlockManagerImpl.java:allocateBlock(192)) - Pipeline creation failed for type:RATIS factor:THREE. Retrying get pipelines call once.
org.apache.hadoop.hdds.scm.exceptions.SCMException: Unable to find enough nodes that meet the criteria that cannot engage in more than 5 pipelines. Nodes required: 3 Found: 0, healthy nodes count inNodeManager: 5.
	at org.apache.hadoop.hdds.scm.pipeline.PipelinePlacementPolicy.filterViableNodes(PipelinePlacementPolicy.java:149)
	at org.apache.hadoop.hdds.scm.pipeline.PipelinePlacementPolicy.chooseDatanodes(PipelinePlacementPolicy.java:172)
	at org.apache.hadoop.hdds.scm.pipeline.RatisPipelineProvider.create(RatisPipelineProvider.java:93)
	at org.apache.hadoop.hdds.scm.pipeline.PipelineFactory.create(PipelineFactory.java:58)
	at org.apache.hadoop.hdds.scm.pipeline.SCMPipelineManager.createPipeline(SCMPipelineManager.java:155)
	at org.apache.hadoop.hdds.scm.block.BlockManagerImpl.allocateBlock(BlockManagerImpl.java:190)
	at org.apache.hadoop.hdds.scm.server.SCMBlockProtocolServer.allocateBlock(SCMBlockProtocolServer.java:182)
	at org.apache.hadoop.ozone.protocolPB.ScmBlockLocationProtocolServerSideTranslatorPB.allocateScmBlock(ScmBlockLocationProtocolServerSideTranslatorPB.java:183)
	at org.apache.hadoop.ozone.protocolPB.ScmBlockLocationProtocolServerSideTranslatorPB.processMessage(ScmBlockLocationProtocolServerSideTranslatorPB.java:141)
	at org.apache.hadoop.ozone.protocolPB.ScmBlockLocationProtocolServerSideTranslatorPB.send(ScmBlockLocationProtocolServerSideTranslatorPB.java:116)
	at org.apache.hadoop.hdds.protocol.proto.ScmBlockLocationProtocolProtos$ScmBlockLocationProtocolService$2.callBlockingMethod(ScmBlockLocationProtocolProtos.java:13157)
	at org.apache.hadoop.ipc.ProtobufRpcEngine$Server$ProtoBufRpcInvoker.call(ProtobufRpcEngine.java:524)
	at org.apache.hadoop.ipc.RPC$Server.call(RPC.java:1025)
	at org.apache.hadoop.ipc.Server$RpcCall.run(Server.java:876)
	at org.apache.hadoop.ipc.Server$RpcCall.run(Server.java:822)
	at java.security.AccessController.doPrivileged(Native Method)
	at javax.security.auth.Subject.doAs(Subject.java:422)
	at org.apache.hadoop.security.UserGroupInformation.doAs(UserGroupInformation.java:1730)
	at org.apache.hadoop.ipc.Server$Handler.run(Server.java:2682)
2019-09-25 07:28:43,897 [IPC Server handler 0 on 33386] INFO  block.BlockManagerImpl (BlockManagerImpl.java:allocateBlock(198)) - Could not find available pipeline of type:RATIS and factor:THREE even after retrying
2019-09-25 07:28:43,897 [IPC Server handler 0 on 33386] ERROR block.BlockManagerImpl (BlockManagerImpl.java:allocateBlock(222)) - Unable to allocate a block for the size: 4194304, type: RATIS, factor: THREE
2019-09-25 07:28:43,897 [IPC Server handler 0 on 33386] INFO  pipeline.PipelinePlacementPolicy (PipelinePlacementPolicy.java:meetCriteria(91)) - Pipeline Placement: Doesn't meet the criteria to be viable node： 319eb9b2-446a-4b5b-95c2-98d772c8b042 Heaviness: 6 limit: 5
2019-09-25 07:28:43,897 [IPC Server handler 0 on 33386] INFO  pipeline.PipelinePlacementPolicy (PipelinePlacementPolicy.java:meetCriteria(91)) - Pipeline Placement: Doesn't meet the criteria to be viable node： e9a92b31-f57e-42f9-b032-4050b3cc8be5 Heaviness: 6 limit: 5
2019-09-25 07:28:43,898 [IPC Server handler 0 on 33386] INFO  pipeline.PipelinePlacementPolicy (PipelinePlacementPolicy.java:meetCriteria(91)) - Pipeline Placement: Doesn't meet the criteria to be viable node： cdf8b493-8d99-4b97-bf55-1e19bf837156 Heaviness: 6 limit: 5
2019-09-25 07:28:43,898 [IPC Server handler 0 on 33386] INFO  pipeline.PipelinePlacementPolicy (PipelinePlacementPolicy.java:meetCriteria(91)) - Pipeline Placement: Doesn't meet the criteria to be viable node： a3425e08-24ce-4736-9f6e-1b8551260ff2 Heaviness: 6 limit: 5
2019-09-25 07:28:43,898 [IPC Server handler 0 on 33386] INFO  pipeline.PipelinePlacementPolicy (PipelinePlacementPolicy.java:meetCriteria(91)) - Pipeline Placement: Doesn't meet the criteria to be viable node： 7f677846-6321-4837-a536-8a7cfa3ddebf Heaviness: 6 limit: 5
2019-09-25 07:28:43,898 [IPC Server handler 0 on 33386] ERROR pipeline.PipelinePlacementPolicy (PipelinePlacementPolicy.java:filterViableNodes(148)) - Unable to find enough nodes that meet the criteria that cannot engage in more than 5 pipelines. Nodes required: 3 Found: 0, healthy nodes count inNodeManager: 5.
2019-09-25 07:28:43,898 [IPC Server handler 0 on 33386] ERROR pipeline.SCMPipelineManager (SCMPipelineManager.java:createPipeline(167)) - Pipeline creation failed due to exception: Unable to find enough nodes that meet the criteria that cannot engage in more than 5 pipelines. Nodes required: 3 Found: 0, healthy nodes count inNodeManager: 5.
2019-09-25 07:28:43,899 [IPC Server handler 0 on 33386] WARN  block.BlockManagerImpl (BlockManagerImpl.java:allocateBlock(192)) - Pipeline creation failed for type:RATIS factor:THREE. Retrying get pipelines call once.
org.apache.hadoop.hdds.scm.exceptions.SCMException: Unable to find enough nodes that meet the criteria that cannot engage in more than 5 pipelines. Nodes required: 3 Found: 0, healthy nodes count inNodeManager: 5.
	at org.apache.hadoop.hdds.scm.pipeline.PipelinePlacementPolicy.filterViableNodes(PipelinePlacementPolicy.java:149)
	at org.apache.hadoop.hdds.scm.pipeline.PipelinePlacementPolicy.chooseDatanodes(PipelinePlacementPolicy.java:172)
	at org.apache.hadoop.hdds.scm.pipeline.RatisPipelineProvider.create(RatisPipelineProvider.java:93)
	at org.apache.hadoop.hdds.scm.pipeline.PipelineFactory.create(PipelineFactory.java:58)
	at org.apache.hadoop.hdds.scm.pipeline.SCMPipelineManager.createPipeline(SCMPipelineManager.java:155)
	at org.apache.hadoop.hdds.scm.block.BlockManagerImpl.allocateBlock(BlockManagerImpl.java:190)
	at org.apache.hadoop.hdds.scm.server.SCMBlockProtocolServer.allocateBlock(SCMBlockProtocolServer.java:182)
	at org.apache.hadoop.ozone.protocolPB.ScmBlockLocationProtocolServerSideTranslatorPB.allocateScmBlock(ScmBlockLocationProtocolServerSideTranslatorPB.java:183)
	at org.apache.hadoop.ozone.protocolPB.ScmBlockLocationProtocolServerSideTranslatorPB.processMessage(ScmBlockLocationProtocolServerSideTranslatorPB.java:141)
	at org.apache.hadoop.ozone.protocolPB.ScmBlockLocationProtocolServerSideTranslatorPB.send(ScmBlockLocationProtocolServerSideTranslatorPB.java:116)
	at org.apache.hadoop.hdds.protocol.proto.ScmBlockLocationProtocolProtos$ScmBlockLocationProtocolService$2.callBlockingMethod(ScmBlockLocationProtocolProtos.java:13157)
	at org.apache.hadoop.ipc.ProtobufRpcEngine$Server$ProtoBufRpcInvoker.call(ProtobufRpcEngine.java:524)
	at org.apache.hadoop.ipc.RPC$Server.call(RPC.java:1025)
	at org.apache.hadoop.ipc.Server$RpcCall.run(Server.java:876)
	at org.apache.hadoop.ipc.Server$RpcCall.run(Server.java:822)
	at java.security.AccessController.doPrivileged(Native Method)
	at javax.security.auth.Subject.doAs(Subject.java:422)
	at org.apache.hadoop.security.UserGroupInformation.doAs(UserGroupInformation.java:1730)
	at org.apache.hadoop.ipc.Server$Handler.run(Server.java:2682)
2019-09-25 07:28:43,899 [IPC Server handler 0 on 33386] INFO  block.BlockManagerImpl (BlockManagerImpl.java:allocateBlock(198)) - Could not find available pipeline of type:RATIS and factor:THREE even after retrying
2019-09-25 07:28:43,899 [IPC Server handler 0 on 33386] ERROR block.BlockManagerImpl (BlockManagerImpl.java:allocateBlock(222)) - Unable to allocate a block for the size: 4194304, type: RATIS, factor: THREE
2019-09-25 07:28:43,900 [IPC Server handler 0 on 33386] INFO  pipeline.PipelinePlacementPolicy (PipelinePlacementPolicy.java:meetCriteria(91)) - Pipeline Placement: Doesn't meet the criteria to be viable node： 319eb9b2-446a-4b5b-95c2-98d772c8b042 Heaviness: 6 limit: 5
2019-09-25 07:28:43,900 [IPC Server handler 0 on 33386] INFO  pipeline.PipelinePlacementPolicy (PipelinePlacementPolicy.java:meetCriteria(91)) - Pipeline Placement: Doesn't meet the criteria to be viable node： e9a92b31-f57e-42f9-b032-4050b3cc8be5 Heaviness: 6 limit: 5
2019-09-25 07:28:43,900 [IPC Server handler 0 on 33386] INFO  pipeline.PipelinePlacementPolicy (PipelinePlacementPolicy.java:meetCriteria(91)) - Pipeline Placement: Doesn't meet the criteria to be viable node： cdf8b493-8d99-4b97-bf55-1e19bf837156 Heaviness: 6 limit: 5
2019-09-25 07:28:43,900 [IPC Server handler 0 on 33386] INFO  pipeline.PipelinePlacementPolicy (PipelinePlacementPolicy.java:meetCriteria(91)) - Pipeline Placement: Doesn't meet the criteria to be viable node： a3425e08-24ce-4736-9f6e-1b8551260ff2 Heaviness: 6 limit: 5
2019-09-25 07:28:43,901 [IPC Server handler 0 on 33386] INFO  pipeline.PipelinePlacementPolicy (PipelinePlacementPolicy.java:meetCriteria(91)) - Pipeline Placement: Doesn't meet the criteria to be viable node： 7f677846-6321-4837-a536-8a7cfa3ddebf Heaviness: 6 limit: 5
2019-09-25 07:28:43,901 [IPC Server handler 0 on 33386] ERROR pipeline.PipelinePlacementPolicy (PipelinePlacementPolicy.java:filterViableNodes(148)) - Unable to find enough nodes that meet the criteria that cannot engage in more than 5 pipelines. Nodes required: 3 Found: 0, healthy nodes count inNodeManager: 5.
2019-09-25 07:28:43,901 [IPC Server handler 0 on 33386] ERROR pipeline.SCMPipelineManager (SCMPipelineManager.java:createPipeline(167)) - Pipeline creation failed due to exception: Unable to find enough nodes that meet the criteria that cannot engage in more than 5 pipelines. Nodes required: 3 Found: 0, healthy nodes count inNodeManager: 5.
2019-09-25 07:28:43,901 [IPC Server handler 0 on 33386] WARN  block.BlockManagerImpl (BlockManagerImpl.java:allocateBlock(192)) - Pipeline creation failed for type:RATIS factor:THREE. Retrying get pipelines call once.
org.apache.hadoop.hdds.scm.exceptions.SCMException: Unable to find enough nodes that meet the criteria that cannot engage in more than 5 pipelines. Nodes required: 3 Found: 0, healthy nodes count inNodeManager: 5.
	at org.apache.hadoop.hdds.scm.pipeline.PipelinePlacementPolicy.filterViableNodes(PipelinePlacementPolicy.java:149)
	at org.apache.hadoop.hdds.scm.pipeline.PipelinePlacementPolicy.chooseDatanodes(PipelinePlacementPolicy.java:172)
	at org.apache.hadoop.hdds.scm.pipeline.RatisPipelineProvider.create(RatisPipelineProvider.java:93)
	at org.apache.hadoop.hdds.scm.pipeline.PipelineFactory.create(PipelineFactory.java:58)
	at org.apache.hadoop.hdds.scm.pipeline.SCMPipelineManager.createPipeline(SCMPipelineManager.java:155)
	at org.apache.hadoop.hdds.scm.block.BlockManagerImpl.allocateBlock(BlockManagerImpl.java:190)
	at org.apache.hadoop.hdds.scm.server.SCMBlockProtocolServer.allocateBlock(SCMBlockProtocolServer.java:182)
	at org.apache.hadoop.ozone.protocolPB.ScmBlockLocationProtocolServerSideTranslatorPB.allocateScmBlock(ScmBlockLocationProtocolServerSideTranslatorPB.java:183)
	at org.apache.hadoop.ozone.protocolPB.ScmBlockLocationProtocolServerSideTranslatorPB.processMessage(ScmBlockLocationProtocolServerSideTranslatorPB.java:141)
	at org.apache.hadoop.ozone.protocolPB.ScmBlockLocationProtocolServerSideTranslatorPB.send(ScmBlockLocationProtocolServerSideTranslatorPB.java:116)
	at org.apache.hadoop.hdds.protocol.proto.ScmBlockLocationProtocolProtos$ScmBlockLocationProtocolService$2.callBlockingMethod(ScmBlockLocationProtocolProtos.java:13157)
	at org.apache.hadoop.ipc.ProtobufRpcEngine$Server$ProtoBufRpcInvoker.call(ProtobufRpcEngine.java:524)
	at org.apache.hadoop.ipc.RPC$Server.call(RPC.java:1025)
	at org.apache.hadoop.ipc.Server$RpcCall.run(Server.java:876)
	at org.apache.hadoop.ipc.Server$RpcCall.run(Server.java:822)
	at java.security.AccessController.doPrivileged(Native Method)
	at javax.security.auth.Subject.doAs(Subject.java:422)
	at org.apache.hadoop.security.UserGroupInformation.doAs(UserGroupInformation.java:1730)
	at org.apache.hadoop.ipc.Server$Handler.run(Server.java:2682)
2019-09-25 07:28:43,902 [IPC Server handler 0 on 33386] INFO  block.BlockManagerImpl (BlockManagerImpl.java:allocateBlock(198)) - Could not find available pipeline of type:RATIS and factor:THREE even after retrying
2019-09-25 07:28:43,902 [IPC Server handler 0 on 33386] ERROR block.BlockManagerImpl (BlockManagerImpl.java:allocateBlock(222)) - Unable to allocate a block for the size: 4194304, type: RATIS, factor: THREE
2019-09-25 07:28:43,903 [pool-74-thread-3] ERROR freon.RandomKeyGenerator (RandomKeyGenerator.java:createKey(733)) - Exception while adding key: key-0-43678 in bucket: bucket-0-98269 of volume: vol-0-26441.
INTERNAL_ERROR org.apache.hadoop.ozone.om.exceptions.OMException: Allocated 0 blocks. Requested 5 blocks
	at org.apache.hadoop.ozone.om.protocolPB.OzoneManagerProtocolClientSideTranslatorPB.handleError(OzoneManagerProtocolClientSideTranslatorPB.java:732)
	at org.apache.hadoop.ozone.om.protocolPB.OzoneManagerProtocolClientSideTranslatorPB.openKey(OzoneManagerProtocolClientSideTranslatorPB.java:723)
	at sun.reflect.NativeMethodAccessorImpl.invoke0(Native Method)
	at sun.reflect.NativeMethodAccessorImpl.invoke(NativeMethodAccessorImpl.java:62)
	at sun.reflect.DelegatingMethodAccessorImpl.invoke(DelegatingMethodAccessorImpl.java:43)
	at java.lang.reflect.Method.invoke(Method.java:498)
	at org.apache.hadoop.hdds.tracing.TraceAllMethod.invoke(TraceAllMethod.java:66)
	at com.sun.proxy.$Proxy37.openKey(Unknown Source)
	at org.apache.hadoop.ozone.client.rpc.RpcClient.createKey(RpcClient.java:614)
	at org.apache.hadoop.ozone.client.OzoneBucket.createKey(OzoneBucket.java:325)
	at org.apache.hadoop.ozone.freon.RandomKeyGenerator.createKey(RandomKeyGenerator.java:695)
	at org.apache.hadoop.ozone.freon.RandomKeyGenerator.access$1100(RandomKeyGenerator.java:88)
	at org.apache.hadoop.ozone.freon.RandomKeyGenerator$ObjectCreator.run(RandomKeyGenerator.java:615)
	at java.util.concurrent.Executors$RunnableAdapter.call(Executors.java:511)
	at java.util.concurrent.FutureTask.run(FutureTask.java:266)
	at java.util.concurrent.ThreadPoolExecutor.runWorker(ThreadPoolExecutor.java:1149)
	at java.util.concurrent.ThreadPoolExecutor$Worker.run(ThreadPoolExecutor.java:624)
	at java.lang.Thread.run(Thread.java:748)
 0.00% |█                                                                                                    |  0/1 Time: 0:00:01 0.00% |█                                                                                                    |  0/1 Time: 0:00:02 0.00% |█                                                                                                    |  0/1 Time: 0:00:03 0.00% |█                                                                                                    |  0/1 Time: 0:00:04 100.00% |█████████████████████████████████████████████████████████████████████████████████████████████████████|  1/1 Time: 0:00:05
]]></system-out>
  </testcase>
  <testcase name="validateWriteTest" classname="org.apache.hadoop.ozone.freon.TestDataValidateWithUnsafeByteOperations" time="10.03">
    <error message="Allocated 0 blocks. Requested 1 blocks" type="INTERNAL_ERROR org.apache.hadoop.ozone.om.exceptions.OMException">INTERNAL_ERROR org.apache.hadoop.ozone.om.exceptions.OMException: Allocated 0 blocks. Requested 1 blocks
	at org.apache.hadoop.ozone.om.protocolPB.OzoneManagerProtocolClientSideTranslatorPB.handleError(OzoneManagerProtocolClientSideTranslatorPB.java:732)
	at org.apache.hadoop.ozone.om.protocolPB.OzoneManagerProtocolClientSideTranslatorPB.openKey(OzoneManagerProtocolClientSideTranslatorPB.java:723)
	at sun.reflect.NativeMethodAccessorImpl.invoke0(Native Method)
	at sun.reflect.NativeMethodAccessorImpl.invoke(NativeMethodAccessorImpl.java:62)
	at sun.reflect.DelegatingMethodAccessorImpl.invoke(DelegatingMethodAccessorImpl.java:43)
	at java.lang.reflect.Method.invoke(Method.java:498)
	at org.apache.hadoop.hdds.tracing.TraceAllMethod.invoke(TraceAllMethod.java:66)
	at com.sun.proxy.$Proxy37.openKey(Unknown Source)
	at org.apache.hadoop.ozone.client.rpc.RpcClient.createKey(RpcClient.java:614)
	at org.apache.hadoop.ozone.client.OzoneBucket.createKey(OzoneBucket.java:325)
	at org.apache.hadoop.ozone.freon.RandomKeyGenerator.createKey(RandomKeyGenerator.java:695)
	at org.apache.hadoop.ozone.freon.RandomKeyGenerator.access$1100(RandomKeyGenerator.java:88)
	at org.apache.hadoop.ozone.freon.RandomKeyGenerator$ObjectCreator.run(RandomKeyGenerator.java:615)
	at java.util.concurrent.Executors$RunnableAdapter.call(Executors.java:511)
	at java.util.concurrent.FutureTask.run(FutureTask.java:266)
	at java.util.concurrent.ThreadPoolExecutor.runWorker(ThreadPoolExecutor.java:1149)
	at java.util.concurrent.ThreadPoolExecutor$Worker.run(ThreadPoolExecutor.java:624)
	at java.lang.Thread.run(Thread.java:748)
</error>
    <system-out><![CDATA[2019-09-25 07:28:53,882 [main] INFO  freon.RandomKeyGenerator (RandomKeyGenerator.java:call(283)) - Number of Threads: 10
2019-09-25 07:28:53,883 [main] INFO  freon.RandomKeyGenerator (RandomKeyGenerator.java:call(288)) - Number of Volumes: 2.
2019-09-25 07:28:53,883 [main] INFO  freon.RandomKeyGenerator (RandomKeyGenerator.java:call(289)) - Number of Buckets per Volume: 5.
2019-09-25 07:28:53,883 [main] INFO  freon.RandomKeyGenerator (RandomKeyGenerator.java:call(290)) - Number of Keys per Bucket: 10.
2019-09-25 07:28:53,883 [main] INFO  freon.RandomKeyGenerator (RandomKeyGenerator.java:call(291)) - Key size: 10240 bytes
2019-09-25 07:28:53,884 [main] INFO  freon.RandomKeyGenerator (RandomKeyGenerator.java:call(292)) - Buffer size: 4096 bytes
2019-09-25 07:28:53,884 [main] INFO  freon.RandomKeyGenerator (RandomKeyGenerator.java:call(293)) - validateWrites : true
2019-09-25 07:28:53,885 [pool-75-thread-1] INFO  rpc.RpcClient (RpcClient.java:createVolume(276)) - Creating Volume: vol-0-46160, with jenkins1000 as owner.
2019-09-25 07:28:53,885 [pool-75-thread-2] INFO  rpc.RpcClient (RpcClient.java:createVolume(276)) - Creating Volume: vol-1-94171, with jenkins1000 as owner.
2019-09-25 07:28:53,888 [main] INFO  freon.RandomKeyGenerator (RandomKeyGenerator.java:call(307)) - Data validation is enabled.
2019-09-25 07:28:53,889 [main] INFO  freon.RandomKeyGenerator (RandomKeyGenerator.java:call(313)) - Starting progress bar Thread.

 0.00% |█                                                                                                    |  0/100 Time: 0:00:002019-09-25 07:28:53,890 [IPC Server handler 13 on 33965] INFO  volume.OMVolumeCreateRequest (OMVolumeCreateRequest.java:validateAndUpdateCache(189)) - created volume:vol-1-94171 for user:jenkins1000
2019-09-25 07:28:53,897 [IPC Server handler 3 on 33965] INFO  volume.OMVolumeCreateRequest (OMVolumeCreateRequest.java:validateAndUpdateCache(189)) - created volume:vol-0-46160 for user:jenkins1000
2019-09-25 07:28:53,905 [pool-75-thread-1] INFO  rpc.RpcClient (RpcClient.java:createBucket(415)) - Creating Bucket: vol-1-94171/bucket-4-29248, with Versioning false and Storage Type set to DISK and Encryption set to false 
2019-09-25 07:28:53,905 [pool-75-thread-3] INFO  rpc.RpcClient (RpcClient.java:createBucket(415)) - Creating Bucket: vol-0-46160/bucket-0-88792, with Versioning false and Storage Type set to DISK and Encryption set to false 
2019-09-25 07:28:53,906 [pool-75-thread-4] INFO  rpc.RpcClient (RpcClient.java:createBucket(415)) - Creating Bucket: vol-1-94171/bucket-0-61660, with Versioning false and Storage Type set to DISK and Encryption set to false 
2019-09-25 07:28:53,906 [pool-75-thread-5] INFO  rpc.RpcClient (RpcClient.java:createBucket(415)) - Creating Bucket: vol-0-46160/bucket-1-95397, with Versioning false and Storage Type set to DISK and Encryption set to false 
2019-09-25 07:28:53,906 [pool-75-thread-6] INFO  rpc.RpcClient (RpcClient.java:createBucket(415)) - Creating Bucket: vol-1-94171/bucket-1-85633, with Versioning false and Storage Type set to DISK and Encryption set to false 
2019-09-25 07:28:53,910 [pool-75-thread-10] INFO  rpc.RpcClient (RpcClient.java:createBucket(415)) - Creating Bucket: vol-1-94171/bucket-3-58979, with Versioning false and Storage Type set to DISK and Encryption set to false 
2019-09-25 07:28:53,912 [pool-75-thread-7] INFO  rpc.RpcClient (RpcClient.java:createBucket(415)) - Creating Bucket: vol-0-46160/bucket-2-16123, with Versioning false and Storage Type set to DISK and Encryption set to false 
2019-09-25 07:28:53,912 [pool-75-thread-9] INFO  rpc.RpcClient (RpcClient.java:createBucket(415)) - Creating Bucket: vol-0-46160/bucket-3-91778, with Versioning false and Storage Type set to DISK and Encryption set to false 
2019-09-25 07:28:53,912 [pool-75-thread-8] INFO  rpc.RpcClient (RpcClient.java:createBucket(415)) - Creating Bucket: vol-1-94171/bucket-2-51843, with Versioning false and Storage Type set to DISK and Encryption set to false 
2019-09-25 07:28:53,912 [pool-75-thread-2] INFO  rpc.RpcClient (RpcClient.java:createBucket(415)) - Creating Bucket: vol-0-46160/bucket-4-21775, with Versioning false and Storage Type set to DISK and Encryption set to false 
2019-09-25 07:28:53,946 [IPC Server handler 10 on 33386] INFO  pipeline.PipelinePlacementPolicy (PipelinePlacementPolicy.java:meetCriteria(91)) - Pipeline Placement: Doesn't meet the criteria to be viable node： 319eb9b2-446a-4b5b-95c2-98d772c8b042 Heaviness: 6 limit: 5
2019-09-25 07:28:53,947 [IPC Server handler 10 on 33386] INFO  pipeline.PipelinePlacementPolicy (PipelinePlacementPolicy.java:meetCriteria(91)) - Pipeline Placement: Doesn't meet the criteria to be viable node： e9a92b31-f57e-42f9-b032-4050b3cc8be5 Heaviness: 6 limit: 5
2019-09-25 07:28:53,947 [IPC Server handler 10 on 33386] INFO  pipeline.PipelinePlacementPolicy (PipelinePlacementPolicy.java:meetCriteria(91)) - Pipeline Placement: Doesn't meet the criteria to be viable node： cdf8b493-8d99-4b97-bf55-1e19bf837156 Heaviness: 6 limit: 5
2019-09-25 07:28:53,947 [IPC Server handler 10 on 33386] INFO  pipeline.PipelinePlacementPolicy (PipelinePlacementPolicy.java:meetCriteria(91)) - Pipeline Placement: Doesn't meet the criteria to be viable node： a3425e08-24ce-4736-9f6e-1b8551260ff2 Heaviness: 6 limit: 5
2019-09-25 07:28:53,947 [IPC Server handler 10 on 33386] INFO  pipeline.PipelinePlacementPolicy (PipelinePlacementPolicy.java:meetCriteria(91)) - Pipeline Placement: Doesn't meet the criteria to be viable node： 7f677846-6321-4837-a536-8a7cfa3ddebf Heaviness: 6 limit: 5
2019-09-25 07:28:53,947 [IPC Server handler 10 on 33386] ERROR pipeline.PipelinePlacementPolicy (PipelinePlacementPolicy.java:filterViableNodes(148)) - Unable to find enough nodes that meet the criteria that cannot engage in more than 5 pipelines. Nodes required: 3 Found: 0, healthy nodes count inNodeManager: 5.
2019-09-25 07:28:53,947 [IPC Server handler 10 on 33386] ERROR pipeline.SCMPipelineManager (SCMPipelineManager.java:createPipeline(167)) - Pipeline creation failed due to exception: Unable to find enough nodes that meet the criteria that cannot engage in more than 5 pipelines. Nodes required: 3 Found: 0, healthy nodes count inNodeManager: 5.
2019-09-25 07:28:53,948 [IPC Server handler 10 on 33386] WARN  block.BlockManagerImpl (BlockManagerImpl.java:allocateBlock(192)) - Pipeline creation failed for type:RATIS factor:THREE. Retrying get pipelines call once.
org.apache.hadoop.hdds.scm.exceptions.SCMException: Unable to find enough nodes that meet the criteria that cannot engage in more than 5 pipelines. Nodes required: 3 Found: 0, healthy nodes count inNodeManager: 5.
	at org.apache.hadoop.hdds.scm.pipeline.PipelinePlacementPolicy.filterViableNodes(PipelinePlacementPolicy.java:149)
	at org.apache.hadoop.hdds.scm.pipeline.PipelinePlacementPolicy.chooseDatanodes(PipelinePlacementPolicy.java:172)
	at org.apache.hadoop.hdds.scm.pipeline.RatisPipelineProvider.create(RatisPipelineProvider.java:93)
	at org.apache.hadoop.hdds.scm.pipeline.PipelineFactory.create(PipelineFactory.java:58)
	at org.apache.hadoop.hdds.scm.pipeline.SCMPipelineManager.createPipeline(SCMPipelineManager.java:155)
	at org.apache.hadoop.hdds.scm.block.BlockManagerImpl.allocateBlock(BlockManagerImpl.java:190)
	at org.apache.hadoop.hdds.scm.server.SCMBlockProtocolServer.allocateBlock(SCMBlockProtocolServer.java:182)
	at org.apache.hadoop.ozone.protocolPB.ScmBlockLocationProtocolServerSideTranslatorPB.allocateScmBlock(ScmBlockLocationProtocolServerSideTranslatorPB.java:183)
	at org.apache.hadoop.ozone.protocolPB.ScmBlockLocationProtocolServerSideTranslatorPB.processMessage(ScmBlockLocationProtocolServerSideTranslatorPB.java:141)
	at org.apache.hadoop.ozone.protocolPB.ScmBlockLocationProtocolServerSideTranslatorPB.send(ScmBlockLocationProtocolServerSideTranslatorPB.java:116)
	at org.apache.hadoop.hdds.protocol.proto.ScmBlockLocationProtocolProtos$ScmBlockLocationProtocolService$2.callBlockingMethod(ScmBlockLocationProtocolProtos.java:13157)
	at org.apache.hadoop.ipc.ProtobufRpcEngine$Server$ProtoBufRpcInvoker.call(ProtobufRpcEngine.java:524)
	at org.apache.hadoop.ipc.RPC$Server.call(RPC.java:1025)
	at org.apache.hadoop.ipc.Server$RpcCall.run(Server.java:876)
	at org.apache.hadoop.ipc.Server$RpcCall.run(Server.java:822)
	at java.security.AccessController.doPrivileged(Native Method)
	at javax.security.auth.Subject.doAs(Subject.java:422)
	at org.apache.hadoop.security.UserGroupInformation.doAs(UserGroupInformation.java:1730)
	at org.apache.hadoop.ipc.Server$Handler.run(Server.java:2682)
2019-09-25 07:28:53,948 [IPC Server handler 11 on 33386] INFO  pipeline.PipelinePlacementPolicy (PipelinePlacementPolicy.java:meetCriteria(91)) - Pipeline Placement: Doesn't meet the criteria to be viable node： 319eb9b2-446a-4b5b-95c2-98d772c8b042 Heaviness: 6 limit: 5
2019-09-25 07:28:53,948 [IPC Server handler 11 on 33386] INFO  pipeline.PipelinePlacementPolicy (PipelinePlacementPolicy.java:meetCriteria(91)) - Pipeline Placement: Doesn't meet the criteria to be viable node： e9a92b31-f57e-42f9-b032-4050b3cc8be5 Heaviness: 6 limit: 5
2019-09-25 07:28:53,948 [IPC Server handler 11 on 33386] INFO  pipeline.PipelinePlacementPolicy (PipelinePlacementPolicy.java:meetCriteria(91)) - Pipeline Placement: Doesn't meet the criteria to be viable node： cdf8b493-8d99-4b97-bf55-1e19bf837156 Heaviness: 6 limit: 5
2019-09-25 07:28:53,949 [IPC Server handler 11 on 33386] INFO  pipeline.PipelinePlacementPolicy (PipelinePlacementPolicy.java:meetCriteria(91)) - Pipeline Placement: Doesn't meet the criteria to be viable node： a3425e08-24ce-4736-9f6e-1b8551260ff2 Heaviness: 6 limit: 5
2019-09-25 07:28:53,949 [IPC Server handler 11 on 33386] INFO  pipeline.PipelinePlacementPolicy (PipelinePlacementPolicy.java:meetCriteria(91)) - Pipeline Placement: Doesn't meet the criteria to be viable node： 7f677846-6321-4837-a536-8a7cfa3ddebf Heaviness: 6 limit: 5
2019-09-25 07:28:53,949 [IPC Server handler 11 on 33386] ERROR pipeline.PipelinePlacementPolicy (PipelinePlacementPolicy.java:filterViableNodes(148)) - Unable to find enough nodes that meet the criteria that cannot engage in more than 5 pipelines. Nodes required: 3 Found: 0, healthy nodes count inNodeManager: 5.
2019-09-25 07:28:53,949 [IPC Server handler 11 on 33386] ERROR pipeline.SCMPipelineManager (SCMPipelineManager.java:createPipeline(167)) - Pipeline creation failed due to exception: Unable to find enough nodes that meet the criteria that cannot engage in more than 5 pipelines. Nodes required: 3 Found: 0, healthy nodes count inNodeManager: 5.
2019-09-25 07:28:53,949 [IPC Server handler 11 on 33386] WARN  block.BlockManagerImpl (BlockManagerImpl.java:allocateBlock(192)) - Pipeline creation failed for type:RATIS factor:THREE. Retrying get pipelines call once.
org.apache.hadoop.hdds.scm.exceptions.SCMException: Unable to find enough nodes that meet the criteria that cannot engage in more than 5 pipelines. Nodes required: 3 Found: 0, healthy nodes count inNodeManager: 5.
	at org.apache.hadoop.hdds.scm.pipeline.PipelinePlacementPolicy.filterViableNodes(PipelinePlacementPolicy.java:149)
	at org.apache.hadoop.hdds.scm.pipeline.PipelinePlacementPolicy.chooseDatanodes(PipelinePlacementPolicy.java:172)
	at org.apache.hadoop.hdds.scm.pipeline.RatisPipelineProvider.create(RatisPipelineProvider.java:93)
	at org.apache.hadoop.hdds.scm.pipeline.PipelineFactory.create(PipelineFactory.java:58)
	at org.apache.hadoop.hdds.scm.pipeline.SCMPipelineManager.createPipeline(SCMPipelineManager.java:155)
	at org.apache.hadoop.hdds.scm.block.BlockManagerImpl.allocateBlock(BlockManagerImpl.java:190)
	at org.apache.hadoop.hdds.scm.server.SCMBlockProtocolServer.allocateBlock(SCMBlockProtocolServer.java:182)
	at org.apache.hadoop.ozone.protocolPB.ScmBlockLocationProtocolServerSideTranslatorPB.allocateScmBlock(ScmBlockLocationProtocolServerSideTranslatorPB.java:183)
	at org.apache.hadoop.ozone.protocolPB.ScmBlockLocationProtocolServerSideTranslatorPB.processMessage(ScmBlockLocationProtocolServerSideTranslatorPB.java:141)
	at org.apache.hadoop.ozone.protocolPB.ScmBlockLocationProtocolServerSideTranslatorPB.send(ScmBlockLocationProtocolServerSideTranslatorPB.java:116)
	at org.apache.hadoop.hdds.protocol.proto.ScmBlockLocationProtocolProtos$ScmBlockLocationProtocolService$2.callBlockingMethod(ScmBlockLocationProtocolProtos.java:13157)
	at org.apache.hadoop.ipc.ProtobufRpcEngine$Server$ProtoBufRpcInvoker.call(ProtobufRpcEngine.java:524)
	at org.apache.hadoop.ipc.RPC$Server.call(RPC.java:1025)
	at org.apache.hadoop.ipc.Server$RpcCall.run(Server.java:876)
	at org.apache.hadoop.ipc.Server$RpcCall.run(Server.java:822)
	at java.security.AccessController.doPrivileged(Native Method)
	at javax.security.auth.Subject.doAs(Subject.java:422)
	at org.apache.hadoop.security.UserGroupInformation.doAs(UserGroupInformation.java:1730)
	at org.apache.hadoop.ipc.Server$Handler.run(Server.java:2682)
2019-09-25 07:28:53,950 [IPC Server handler 13 on 33386] INFO  pipeline.PipelinePlacementPolicy (PipelinePlacementPolicy.java:meetCriteria(91)) - Pipeline Placement: Doesn't meet the criteria to be viable node： 319eb9b2-446a-4b5b-95c2-98d772c8b042 Heaviness: 6 limit: 5
2019-09-25 07:28:53,949 [IPC Server handler 10 on 33386] INFO  block.BlockManagerImpl (BlockManagerImpl.java:allocateBlock(198)) - Could not find available pipeline of type:RATIS and factor:THREE even after retrying
2019-09-25 07:28:53,953 [IPC Server handler 13 on 33386] INFO  pipeline.PipelinePlacementPolicy (PipelinePlacementPolicy.java:meetCriteria(91)) - Pipeline Placement: Doesn't meet the criteria to be viable node： e9a92b31-f57e-42f9-b032-4050b3cc8be5 Heaviness: 6 limit: 5
2019-09-25 07:28:53,953 [IPC Server handler 10 on 33386] ERROR block.BlockManagerImpl (BlockManagerImpl.java:allocateBlock(222)) - Unable to allocate a block for the size: 4194304, type: RATIS, factor: THREE
2019-09-25 07:28:53,953 [IPC Server handler 13 on 33386] INFO  pipeline.PipelinePlacementPolicy (PipelinePlacementPolicy.java:meetCriteria(91)) - Pipeline Placement: Doesn't meet the criteria to be viable node： cdf8b493-8d99-4b97-bf55-1e19bf837156 Heaviness: 6 limit: 5
2019-09-25 07:28:53,954 [IPC Server handler 13 on 33386] INFO  pipeline.PipelinePlacementPolicy (PipelinePlacementPolicy.java:meetCriteria(91)) - Pipeline Placement: Doesn't meet the criteria to be viable node： a3425e08-24ce-4736-9f6e-1b8551260ff2 Heaviness: 6 limit: 5
2019-09-25 07:28:53,954 [IPC Server handler 13 on 33386] INFO  pipeline.PipelinePlacementPolicy (PipelinePlacementPolicy.java:meetCriteria(91)) - Pipeline Placement: Doesn't meet the criteria to be viable node： 7f677846-6321-4837-a536-8a7cfa3ddebf Heaviness: 6 limit: 5
2019-09-25 07:28:53,954 [IPC Server handler 13 on 33386] ERROR pipeline.PipelinePlacementPolicy (PipelinePlacementPolicy.java:filterViableNodes(148)) - Unable to find enough nodes that meet the criteria that cannot engage in more than 5 pipelines. Nodes required: 3 Found: 0, healthy nodes count inNodeManager: 5.
2019-09-25 07:28:53,954 [IPC Server handler 13 on 33386] ERROR pipeline.SCMPipelineManager (SCMPipelineManager.java:createPipeline(167)) - Pipeline creation failed due to exception: Unable to find enough nodes that meet the criteria that cannot engage in more than 5 pipelines. Nodes required: 3 Found: 0, healthy nodes count inNodeManager: 5.
2019-09-25 07:28:53,954 [IPC Server handler 13 on 33386] WARN  block.BlockManagerImpl (BlockManagerImpl.java:allocateBlock(192)) - Pipeline creation failed for type:RATIS factor:THREE. Retrying get pipelines call once.
org.apache.hadoop.hdds.scm.exceptions.SCMException: Unable to find enough nodes that meet the criteria that cannot engage in more than 5 pipelines. Nodes required: 3 Found: 0, healthy nodes count inNodeManager: 5.
	at org.apache.hadoop.hdds.scm.pipeline.PipelinePlacementPolicy.filterViableNodes(PipelinePlacementPolicy.java:149)
	at org.apache.hadoop.hdds.scm.pipeline.PipelinePlacementPolicy.chooseDatanodes(PipelinePlacementPolicy.java:172)
	at org.apache.hadoop.hdds.scm.pipeline.RatisPipelineProvider.create(RatisPipelineProvider.java:93)
	at org.apache.hadoop.hdds.scm.pipeline.PipelineFactory.create(PipelineFactory.java:58)
	at org.apache.hadoop.hdds.scm.pipeline.SCMPipelineManager.createPipeline(SCMPipelineManager.java:155)
	at org.apache.hadoop.hdds.scm.block.BlockManagerImpl.allocateBlock(BlockManagerImpl.java:190)
	at org.apache.hadoop.hdds.scm.server.SCMBlockProtocolServer.allocateBlock(SCMBlockProtocolServer.java:182)
	at org.apache.hadoop.ozone.protocolPB.ScmBlockLocationProtocolServerSideTranslatorPB.allocateScmBlock(ScmBlockLocationProtocolServerSideTranslatorPB.java:183)
	at org.apache.hadoop.ozone.protocolPB.ScmBlockLocationProtocolServerSideTranslatorPB.processMessage(ScmBlockLocationProtocolServerSideTranslatorPB.java:141)
	at org.apache.hadoop.ozone.protocolPB.ScmBlockLocationProtocolServerSideTranslatorPB.send(ScmBlockLocationProtocolServerSideTranslatorPB.java:116)
	at org.apache.hadoop.hdds.protocol.proto.ScmBlockLocationProtocolProtos$ScmBlockLocationProtocolService$2.callBlockingMethod(ScmBlockLocationProtocolProtos.java:13157)
	at org.apache.hadoop.ipc.ProtobufRpcEngine$Server$ProtoBufRpcInvoker.call(ProtobufRpcEngine.java:524)
	at org.apache.hadoop.ipc.RPC$Server.call(RPC.java:1025)
	at org.apache.hadoop.ipc.Server$RpcCall.run(Server.java:876)
	at org.apache.hadoop.ipc.Server$RpcCall.run(Server.java:822)
	at java.security.AccessController.doPrivileged(Native Method)
	at javax.security.auth.Subject.doAs(Subject.java:422)
	at org.apache.hadoop.security.UserGroupInformation.doAs(UserGroupInformation.java:1730)
	at org.apache.hadoop.ipc.Server$Handler.run(Server.java:2682)
2019-09-25 07:28:53,955 [IPC Server handler 8 on 33386] INFO  pipeline.PipelinePlacementPolicy (PipelinePlacementPolicy.java:meetCriteria(91)) - Pipeline Placement: Doesn't meet the criteria to be viable node： 319eb9b2-446a-4b5b-95c2-98d772c8b042 Heaviness: 6 limit: 5
2019-09-25 07:28:53,954 [pool-75-thread-1] ERROR freon.RandomKeyGenerator (RandomKeyGenerator.java:createKey(733)) - Exception while adding key: key-0-85666 in bucket: bucket-0-61660 of volume: vol-1-94171.
INTERNAL_ERROR org.apache.hadoop.ozone.om.exceptions.OMException: Allocated 0 blocks. Requested 1 blocks
	at org.apache.hadoop.ozone.om.protocolPB.OzoneManagerProtocolClientSideTranslatorPB.handleError(OzoneManagerProtocolClientSideTranslatorPB.java:732)
	at org.apache.hadoop.ozone.om.protocolPB.OzoneManagerProtocolClientSideTranslatorPB.openKey(OzoneManagerProtocolClientSideTranslatorPB.java:723)
	at sun.reflect.NativeMethodAccessorImpl.invoke0(Native Method)
	at sun.reflect.NativeMethodAccessorImpl.invoke(NativeMethodAccessorImpl.java:62)
	at sun.reflect.DelegatingMethodAccessorImpl.invoke(DelegatingMethodAccessorImpl.java:43)
	at java.lang.reflect.Method.invoke(Method.java:498)
	at org.apache.hadoop.hdds.tracing.TraceAllMethod.invoke(TraceAllMethod.java:66)
	at com.sun.proxy.$Proxy37.openKey(Unknown Source)
	at org.apache.hadoop.ozone.client.rpc.RpcClient.createKey(RpcClient.java:614)
	at org.apache.hadoop.ozone.client.OzoneBucket.createKey(OzoneBucket.java:325)
	at org.apache.hadoop.ozone.freon.RandomKeyGenerator.createKey(RandomKeyGenerator.java:695)
	at org.apache.hadoop.ozone.freon.RandomKeyGenerator.access$1100(RandomKeyGenerator.java:88)
	at org.apache.hadoop.ozone.freon.RandomKeyGenerator$ObjectCreator.run(RandomKeyGenerator.java:615)
	at java.util.concurrent.Executors$RunnableAdapter.call(Executors.java:511)
	at java.util.concurrent.FutureTask.run(FutureTask.java:266)
	at java.util.concurrent.ThreadPoolExecutor.runWorker(ThreadPoolExecutor.java:1149)
	at java.util.concurrent.ThreadPoolExecutor$Worker.run(ThreadPoolExecutor.java:624)
	at java.lang.Thread.run(Thread.java:748)
2019-09-25 07:28:53,954 [IPC Server handler 11 on 33386] INFO  block.BlockManagerImpl (BlockManagerImpl.java:allocateBlock(198)) - Could not find available pipeline of type:RATIS and factor:THREE even after retrying
2019-09-25 07:28:53,955 [IPC Server handler 8 on 33386] INFO  pipeline.PipelinePlacementPolicy (PipelinePlacementPolicy.java:meetCriteria(91)) - Pipeline Placement: Doesn't meet the criteria to be viable node： e9a92b31-f57e-42f9-b032-4050b3cc8be5 Heaviness: 6 limit: 5
2019-09-25 07:28:53,956 [IPC Server handler 11 on 33386] ERROR block.BlockManagerImpl (BlockManagerImpl.java:allocateBlock(222)) - Unable to allocate a block for the size: 4194304, type: RATIS, factor: THREE
2019-09-25 07:28:53,956 [IPC Server handler 8 on 33386] INFO  pipeline.PipelinePlacementPolicy (PipelinePlacementPolicy.java:meetCriteria(91)) - Pipeline Placement: Doesn't meet the criteria to be viable node： cdf8b493-8d99-4b97-bf55-1e19bf837156 Heaviness: 6 limit: 5
2019-09-25 07:28:53,958 [IPC Server handler 8 on 33386] INFO  pipeline.PipelinePlacementPolicy (PipelinePlacementPolicy.java:meetCriteria(91)) - Pipeline Placement: Doesn't meet the criteria to be viable node： a3425e08-24ce-4736-9f6e-1b8551260ff2 Heaviness: 6 limit: 5
2019-09-25 07:28:53,958 [IPC Server handler 8 on 33386] INFO  pipeline.PipelinePlacementPolicy (PipelinePlacementPolicy.java:meetCriteria(91)) - Pipeline Placement: Doesn't meet the criteria to be viable node： 7f677846-6321-4837-a536-8a7cfa3ddebf Heaviness: 6 limit: 5
2019-09-25 07:28:53,958 [IPC Server handler 8 on 33386] ERROR pipeline.PipelinePlacementPolicy (PipelinePlacementPolicy.java:filterViableNodes(148)) - Unable to find enough nodes that meet the criteria that cannot engage in more than 5 pipelines. Nodes required: 3 Found: 0, healthy nodes count inNodeManager: 5.
2019-09-25 07:28:53,959 [IPC Server handler 8 on 33386] ERROR pipeline.SCMPipelineManager (SCMPipelineManager.java:createPipeline(167)) - Pipeline creation failed due to exception: Unable to find enough nodes that meet the criteria that cannot engage in more than 5 pipelines. Nodes required: 3 Found: 0, healthy nodes count inNodeManager: 5.
2019-09-25 07:28:53,959 [IPC Server handler 8 on 33386] WARN  block.BlockManagerImpl (BlockManagerImpl.java:allocateBlock(192)) - Pipeline creation failed for type:RATIS factor:THREE. Retrying get pipelines call once.
org.apache.hadoop.hdds.scm.exceptions.SCMException: Unable to find enough nodes that meet the criteria that cannot engage in more than 5 pipelines. Nodes required: 3 Found: 0, healthy nodes count inNodeManager: 5.
	at org.apache.hadoop.hdds.scm.pipeline.PipelinePlacementPolicy.filterViableNodes(PipelinePlacementPolicy.java:149)
	at org.apache.hadoop.hdds.scm.pipeline.PipelinePlacementPolicy.chooseDatanodes(PipelinePlacementPolicy.java:172)
	at org.apache.hadoop.hdds.scm.pipeline.RatisPipelineProvider.create(RatisPipelineProvider.java:93)
	at org.apache.hadoop.hdds.scm.pipeline.PipelineFactory.create(PipelineFactory.java:58)
	at org.apache.hadoop.hdds.scm.pipeline.SCMPipelineManager.createPipeline(SCMPipelineManager.java:155)
	at org.apache.hadoop.hdds.scm.block.BlockManagerImpl.allocateBlock(BlockManagerImpl.java:190)
	at org.apache.hadoop.hdds.scm.server.SCMBlockProtocolServer.allocateBlock(SCMBlockProtocolServer.java:182)
	at org.apache.hadoop.ozone.protocolPB.ScmBlockLocationProtocolServerSideTranslatorPB.allocateScmBlock(ScmBlockLocationProtocolServerSideTranslatorPB.java:183)
	at org.apache.hadoop.ozone.protocolPB.ScmBlockLocationProtocolServerSideTranslatorPB.processMessage(ScmBlockLocationProtocolServerSideTranslatorPB.java:141)
	at org.apache.hadoop.ozone.protocolPB.ScmBlockLocationProtocolServerSideTranslatorPB.send(ScmBlockLocationProtocolServerSideTranslatorPB.java:116)
	at org.apache.hadoop.hdds.protocol.proto.ScmBlockLocationProtocolProtos$ScmBlockLocationProtocolService$2.callBlockingMethod(ScmBlockLocationProtocolProtos.java:13157)
	at org.apache.hadoop.ipc.ProtobufRpcEngine$Server$ProtoBufRpcInvoker.call(ProtobufRpcEngine.java:524)
	at org.apache.hadoop.ipc.RPC$Server.call(RPC.java:1025)
	at org.apache.hadoop.ipc.Server$RpcCall.run(Server.java:876)
	at org.apache.hadoop.ipc.Server$RpcCall.run(Server.java:822)
	at java.security.AccessController.doPrivileged(Native Method)
	at javax.security.auth.Subject.doAs(Subject.java:422)
	at org.apache.hadoop.security.UserGroupInformation.doAs(UserGroupInformation.java:1730)
	at org.apache.hadoop.ipc.Server$Handler.run(Server.java:2682)
2019-09-25 07:28:53,959 [pool-75-thread-5] ERROR freon.RandomKeyGenerator (RandomKeyGenerator.java:createKey(733)) - Exception while adding key: key-0-18308 in bucket: bucket-1-95397 of volume: vol-0-46160.
INTERNAL_ERROR org.apache.hadoop.ozone.om.exceptions.OMException: Allocated 0 blocks. Requested 1 blocks
	at org.apache.hadoop.ozone.om.protocolPB.OzoneManagerProtocolClientSideTranslatorPB.handleError(OzoneManagerProtocolClientSideTranslatorPB.java:732)
	at org.apache.hadoop.ozone.om.protocolPB.OzoneManagerProtocolClientSideTranslatorPB.openKey(OzoneManagerProtocolClientSideTranslatorPB.java:723)
	at sun.reflect.NativeMethodAccessorImpl.invoke0(Native Method)
	at sun.reflect.NativeMethodAccessorImpl.invoke(NativeMethodAccessorImpl.java:62)
	at sun.reflect.DelegatingMethodAccessorImpl.invoke(DelegatingMethodAccessorImpl.java:43)
	at java.lang.reflect.Method.invoke(Method.java:498)
	at org.apache.hadoop.hdds.tracing.TraceAllMethod.invoke(TraceAllMethod.java:66)
	at com.sun.proxy.$Proxy37.openKey(Unknown Source)
	at org.apache.hadoop.ozone.client.rpc.RpcClient.createKey(RpcClient.java:614)
	at org.apache.hadoop.ozone.client.OzoneBucket.createKey(OzoneBucket.java:325)
	at org.apache.hadoop.ozone.freon.RandomKeyGenerator.createKey(RandomKeyGenerator.java:695)
	at org.apache.hadoop.ozone.freon.RandomKeyGenerator.access$1100(RandomKeyGenerator.java:88)
	at org.apache.hadoop.ozone.freon.RandomKeyGenerator$ObjectCreator.run(RandomKeyGenerator.java:615)
	at java.util.concurrent.Executors$RunnableAdapter.call(Executors.java:511)
	at java.util.concurrent.FutureTask.run(FutureTask.java:266)
	at java.util.concurrent.ThreadPoolExecutor.runWorker(ThreadPoolExecutor.java:1149)
	at java.util.concurrent.ThreadPoolExecutor$Worker.run(ThreadPoolExecutor.java:624)
	at java.lang.Thread.run(Thread.java:748)
2019-09-25 07:28:53,959 [IPC Server handler 12 on 33386] INFO  pipeline.PipelinePlacementPolicy (PipelinePlacementPolicy.java:meetCriteria(91)) - Pipeline Placement: Doesn't meet the criteria to be viable node： 319eb9b2-446a-4b5b-95c2-98d772c8b042 Heaviness: 6 limit: 5
2019-09-25 07:28:53,960 [IPC Server handler 12 on 33386] INFO  pipeline.PipelinePlacementPolicy (PipelinePlacementPolicy.java:meetCriteria(91)) - Pipeline Placement: Doesn't meet the criteria to be viable node： e9a92b31-f57e-42f9-b032-4050b3cc8be5 Heaviness: 6 limit: 5
2019-09-25 07:28:53,960 [IPC Server handler 12 on 33386] INFO  pipeline.PipelinePlacementPolicy (PipelinePlacementPolicy.java:meetCriteria(91)) - Pipeline Placement: Doesn't meet the criteria to be viable node： cdf8b493-8d99-4b97-bf55-1e19bf837156 Heaviness: 6 limit: 5
2019-09-25 07:28:53,960 [IPC Server handler 12 on 33386] INFO  pipeline.PipelinePlacementPolicy (PipelinePlacementPolicy.java:meetCriteria(91)) - Pipeline Placement: Doesn't meet the criteria to be viable node： a3425e08-24ce-4736-9f6e-1b8551260ff2 Heaviness: 6 limit: 5
2019-09-25 07:28:53,960 [IPC Server handler 12 on 33386] INFO  pipeline.PipelinePlacementPolicy (PipelinePlacementPolicy.java:meetCriteria(91)) - Pipeline Placement: Doesn't meet the criteria to be viable node： 7f677846-6321-4837-a536-8a7cfa3ddebf Heaviness: 6 limit: 5
2019-09-25 07:28:53,961 [IPC Server handler 12 on 33386] ERROR pipeline.PipelinePlacementPolicy (PipelinePlacementPolicy.java:filterViableNodes(148)) - Unable to find enough nodes that meet the criteria that cannot engage in more than 5 pipelines. Nodes required: 3 Found: 0, healthy nodes count inNodeManager: 5.
2019-09-25 07:28:53,961 [IPC Server handler 12 on 33386] ERROR pipeline.SCMPipelineManager (SCMPipelineManager.java:createPipeline(167)) - Pipeline creation failed due to exception: Unable to find enough nodes that meet the criteria that cannot engage in more than 5 pipelines. Nodes required: 3 Found: 0, healthy nodes count inNodeManager: 5.
2019-09-25 07:28:53,961 [IPC Server handler 12 on 33386] WARN  block.BlockManagerImpl (BlockManagerImpl.java:allocateBlock(192)) - Pipeline creation failed for type:RATIS factor:THREE. Retrying get pipelines call once.
org.apache.hadoop.hdds.scm.exceptions.SCMException: Unable to find enough nodes that meet the criteria that cannot engage in more than 5 pipelines. Nodes required: 3 Found: 0, healthy nodes count inNodeManager: 5.
	at org.apache.hadoop.hdds.scm.pipeline.PipelinePlacementPolicy.filterViableNodes(PipelinePlacementPolicy.java:149)
	at org.apache.hadoop.hdds.scm.pipeline.PipelinePlacementPolicy.chooseDatanodes(PipelinePlacementPolicy.java:172)
	at org.apache.hadoop.hdds.scm.pipeline.RatisPipelineProvider.create(RatisPipelineProvider.java:93)
	at org.apache.hadoop.hdds.scm.pipeline.PipelineFactory.create(PipelineFactory.java:58)
	at org.apache.hadoop.hdds.scm.pipeline.SCMPipelineManager.createPipeline(SCMPipelineManager.java:155)
	at org.apache.hadoop.hdds.scm.block.BlockManagerImpl.allocateBlock(BlockManagerImpl.java:190)
	at org.apache.hadoop.hdds.scm.server.SCMBlockProtocolServer.allocateBlock(SCMBlockProtocolServer.java:182)
	at org.apache.hadoop.ozone.protocolPB.ScmBlockLocationProtocolServerSideTranslatorPB.allocateScmBlock(ScmBlockLocationProtocolServerSideTranslatorPB.java:183)
	at org.apache.hadoop.ozone.protocolPB.ScmBlockLocationProtocolServerSideTranslatorPB.processMessage(ScmBlockLocationProtocolServerSideTranslatorPB.java:141)
	at org.apache.hadoop.ozone.protocolPB.ScmBlockLocationProtocolServerSideTranslatorPB.send(ScmBlockLocationProtocolServerSideTranslatorPB.java:116)
	at org.apache.hadoop.hdds.protocol.proto.ScmBlockLocationProtocolProtos$ScmBlockLocationProtocolService$2.callBlockingMethod(ScmBlockLocationProtocolProtos.java:13157)
	at org.apache.hadoop.ipc.ProtobufRpcEngine$Server$ProtoBufRpcInvoker.call(ProtobufRpcEngine.java:524)
	at org.apache.hadoop.ipc.RPC$Server.call(RPC.java:1025)
	at org.apache.hadoop.ipc.Server$RpcCall.run(Server.java:876)
	at org.apache.hadoop.ipc.Server$RpcCall.run(Server.java:822)
	at java.security.AccessController.doPrivileged(Native Method)
	at javax.security.auth.Subject.doAs(Subject.java:422)
	at org.apache.hadoop.security.UserGroupInformation.doAs(UserGroupInformation.java:1730)
	at org.apache.hadoop.ipc.Server$Handler.run(Server.java:2682)
2019-09-25 07:28:53,961 [IPC Server handler 15 on 33386] INFO  pipeline.PipelinePlacementPolicy (PipelinePlacementPolicy.java:meetCriteria(91)) - Pipeline Placement: Doesn't meet the criteria to be viable node： 319eb9b2-446a-4b5b-95c2-98d772c8b042 Heaviness: 6 limit: 5
2019-09-25 07:28:53,961 [IPC Server handler 15 on 33386] INFO  pipeline.PipelinePlacementPolicy (PipelinePlacementPolicy.java:meetCriteria(91)) - Pipeline Placement: Doesn't meet the criteria to be viable node： e9a92b31-f57e-42f9-b032-4050b3cc8be5 Heaviness: 6 limit: 5
2019-09-25 07:28:53,962 [IPC Server handler 15 on 33386] INFO  pipeline.PipelinePlacementPolicy (PipelinePlacementPolicy.java:meetCriteria(91)) - Pipeline Placement: Doesn't meet the criteria to be viable node： cdf8b493-8d99-4b97-bf55-1e19bf837156 Heaviness: 6 limit: 5
2019-09-25 07:28:53,962 [IPC Server handler 15 on 33386] INFO  pipeline.PipelinePlacementPolicy (PipelinePlacementPolicy.java:meetCriteria(91)) - Pipeline Placement: Doesn't meet the criteria to be viable node： a3425e08-24ce-4736-9f6e-1b8551260ff2 Heaviness: 6 limit: 5
2019-09-25 07:28:53,962 [IPC Server handler 15 on 33386] INFO  pipeline.PipelinePlacementPolicy (PipelinePlacementPolicy.java:meetCriteria(91)) - Pipeline Placement: Doesn't meet the criteria to be viable node： 7f677846-6321-4837-a536-8a7cfa3ddebf Heaviness: 6 limit: 5
2019-09-25 07:28:53,962 [IPC Server handler 15 on 33386] ERROR pipeline.PipelinePlacementPolicy (PipelinePlacementPolicy.java:filterViableNodes(148)) - Unable to find enough nodes that meet the criteria that cannot engage in more than 5 pipelines. Nodes required: 3 Found: 0, healthy nodes count inNodeManager: 5.
2019-09-25 07:28:53,962 [IPC Server handler 15 on 33386] ERROR pipeline.SCMPipelineManager (SCMPipelineManager.java:createPipeline(167)) - Pipeline creation failed due to exception: Unable to find enough nodes that meet the criteria that cannot engage in more than 5 pipelines. Nodes required: 3 Found: 0, healthy nodes count inNodeManager: 5.
2019-09-25 07:28:53,962 [IPC Server handler 15 on 33386] WARN  block.BlockManagerImpl (BlockManagerImpl.java:allocateBlock(192)) - Pipeline creation failed for type:RATIS factor:THREE. Retrying get pipelines call once.
org.apache.hadoop.hdds.scm.exceptions.SCMException: Unable to find enough nodes that meet the criteria that cannot engage in more than 5 pipelines. Nodes required: 3 Found: 0, healthy nodes count inNodeManager: 5.
	at org.apache.hadoop.hdds.scm.pipeline.PipelinePlacementPolicy.filterViableNodes(PipelinePlacementPolicy.java:149)
	at org.apache.hadoop.hdds.scm.pipeline.PipelinePlacementPolicy.chooseDatanodes(PipelinePlacementPolicy.java:172)
	at org.apache.hadoop.hdds.scm.pipeline.RatisPipelineProvider.create(RatisPipelineProvider.java:93)
	at org.apache.hadoop.hdds.scm.pipeline.PipelineFactory.create(PipelineFactory.java:58)
	at org.apache.hadoop.hdds.scm.pipeline.SCMPipelineManager.createPipeline(SCMPipelineManager.java:155)
	at org.apache.hadoop.hdds.scm.block.BlockManagerImpl.allocateBlock(BlockManagerImpl.java:190)
	at org.apache.hadoop.hdds.scm.server.SCMBlockProtocolServer.allocateBlock(SCMBlockProtocolServer.java:182)
	at org.apache.hadoop.ozone.protocolPB.ScmBlockLocationProtocolServerSideTranslatorPB.allocateScmBlock(ScmBlockLocationProtocolServerSideTranslatorPB.java:183)
	at org.apache.hadoop.ozone.protocolPB.ScmBlockLocationProtocolServerSideTranslatorPB.processMessage(ScmBlockLocationProtocolServerSideTranslatorPB.java:141)
	at org.apache.hadoop.ozone.protocolPB.ScmBlockLocationProtocolServerSideTranslatorPB.send(ScmBlockLocationProtocolServerSideTranslatorPB.java:116)
	at org.apache.hadoop.hdds.protocol.proto.ScmBlockLocationProtocolProtos$ScmBlockLocationProtocolService$2.callBlockingMethod(ScmBlockLocationProtocolProtos.java:13157)
	at org.apache.hadoop.ipc.ProtobufRpcEngine$Server$ProtoBufRpcInvoker.call(ProtobufRpcEngine.java:524)
	at org.apache.hadoop.ipc.RPC$Server.call(RPC.java:1025)
	at org.apache.hadoop.ipc.Server$RpcCall.run(Server.java:876)
	at org.apache.hadoop.ipc.Server$RpcCall.run(Server.java:822)
	at java.security.AccessController.doPrivileged(Native Method)
	at javax.security.auth.Subject.doAs(Subject.java:422)
	at org.apache.hadoop.security.UserGroupInformation.doAs(UserGroupInformation.java:1730)
	at org.apache.hadoop.ipc.Server$Handler.run(Server.java:2682)
2019-09-25 07:28:53,963 [IPC Server handler 1 on 33386] INFO  pipeline.PipelinePlacementPolicy (PipelinePlacementPolicy.java:meetCriteria(91)) - Pipeline Placement: Doesn't meet the criteria to be viable node： 319eb9b2-446a-4b5b-95c2-98d772c8b042 Heaviness: 6 limit: 5
2019-09-25 07:28:53,963 [IPC Server handler 1 on 33386] INFO  pipeline.PipelinePlacementPolicy (PipelinePlacementPolicy.java:meetCriteria(91)) - Pipeline Placement: Doesn't meet the criteria to be viable node： e9a92b31-f57e-42f9-b032-4050b3cc8be5 Heaviness: 6 limit: 5
2019-09-25 07:28:53,963 [IPC Server handler 1 on 33386] INFO  pipeline.PipelinePlacementPolicy (PipelinePlacementPolicy.java:meetCriteria(91)) - Pipeline Placement: Doesn't meet the criteria to be viable node： cdf8b493-8d99-4b97-bf55-1e19bf837156 Heaviness: 6 limit: 5
2019-09-25 07:28:53,963 [IPC Server handler 1 on 33386] INFO  pipeline.PipelinePlacementPolicy (PipelinePlacementPolicy.java:meetCriteria(91)) - Pipeline Placement: Doesn't meet the criteria to be viable node： a3425e08-24ce-4736-9f6e-1b8551260ff2 Heaviness: 6 limit: 5
2019-09-25 07:28:53,963 [IPC Server handler 1 on 33386] INFO  pipeline.PipelinePlacementPolicy (PipelinePlacementPolicy.java:meetCriteria(91)) - Pipeline Placement: Doesn't meet the criteria to be viable node： 7f677846-6321-4837-a536-8a7cfa3ddebf Heaviness: 6 limit: 5
2019-09-25 07:28:53,964 [IPC Server handler 1 on 33386] ERROR pipeline.PipelinePlacementPolicy (PipelinePlacementPolicy.java:filterViableNodes(148)) - Unable to find enough nodes that meet the criteria that cannot engage in more than 5 pipelines. Nodes required: 3 Found: 0, healthy nodes count inNodeManager: 5.
2019-09-25 07:28:53,964 [IPC Server handler 1 on 33386] ERROR pipeline.SCMPipelineManager (SCMPipelineManager.java:createPipeline(167)) - Pipeline creation failed due to exception: Unable to find enough nodes that meet the criteria that cannot engage in more than 5 pipelines. Nodes required: 3 Found: 0, healthy nodes count inNodeManager: 5.
2019-09-25 07:28:53,964 [IPC Server handler 1 on 33386] WARN  block.BlockManagerImpl (BlockManagerImpl.java:allocateBlock(192)) - Pipeline creation failed for type:RATIS factor:THREE. Retrying get pipelines call once.
org.apache.hadoop.hdds.scm.exceptions.SCMException: Unable to find enough nodes that meet the criteria that cannot engage in more than 5 pipelines. Nodes required: 3 Found: 0, healthy nodes count inNodeManager: 5.
	at org.apache.hadoop.hdds.scm.pipeline.PipelinePlacementPolicy.filterViableNodes(PipelinePlacementPolicy.java:149)
	at org.apache.hadoop.hdds.scm.pipeline.PipelinePlacementPolicy.chooseDatanodes(PipelinePlacementPolicy.java:172)
	at org.apache.hadoop.hdds.scm.pipeline.RatisPipelineProvider.create(RatisPipelineProvider.java:93)
	at org.apache.hadoop.hdds.scm.pipeline.PipelineFactory.create(PipelineFactory.java:58)
	at org.apache.hadoop.hdds.scm.pipeline.SCMPipelineManager.createPipeline(SCMPipelineManager.java:155)
	at org.apache.hadoop.hdds.scm.block.BlockManagerImpl.allocateBlock(BlockManagerImpl.java:190)
	at org.apache.hadoop.hdds.scm.server.SCMBlockProtocolServer.allocateBlock(SCMBlockProtocolServer.java:182)
	at org.apache.hadoop.ozone.protocolPB.ScmBlockLocationProtocolServerSideTranslatorPB.allocateScmBlock(ScmBlockLocationProtocolServerSideTranslatorPB.java:183)
	at org.apache.hadoop.ozone.protocolPB.ScmBlockLocationProtocolServerSideTranslatorPB.processMessage(ScmBlockLocationProtocolServerSideTranslatorPB.java:141)
	at org.apache.hadoop.ozone.protocolPB.ScmBlockLocationProtocolServerSideTranslatorPB.send(ScmBlockLocationProtocolServerSideTranslatorPB.java:116)
	at org.apache.hadoop.hdds.protocol.proto.ScmBlockLocationProtocolProtos$ScmBlockLocationProtocolService$2.callBlockingMethod(ScmBlockLocationProtocolProtos.java:13157)
	at org.apache.hadoop.ipc.ProtobufRpcEngine$Server$ProtoBufRpcInvoker.call(ProtobufRpcEngine.java:524)
	at org.apache.hadoop.ipc.RPC$Server.call(RPC.java:1025)
	at org.apache.hadoop.ipc.Server$RpcCall.run(Server.java:876)
	at org.apache.hadoop.ipc.Server$RpcCall.run(Server.java:822)
	at java.security.AccessController.doPrivileged(Native Method)
	at javax.security.auth.Subject.doAs(Subject.java:422)
	at org.apache.hadoop.security.UserGroupInformation.doAs(UserGroupInformation.java:1730)
	at org.apache.hadoop.ipc.Server$Handler.run(Server.java:2682)
2019-09-25 07:28:53,964 [IPC Server handler 2 on 33386] INFO  pipeline.PipelinePlacementPolicy (PipelinePlacementPolicy.java:meetCriteria(91)) - Pipeline Placement: Doesn't meet the criteria to be viable node： 319eb9b2-446a-4b5b-95c2-98d772c8b042 Heaviness: 6 limit: 5
2019-09-25 07:28:53,965 [IPC Server handler 2 on 33386] INFO  pipeline.PipelinePlacementPolicy (PipelinePlacementPolicy.java:meetCriteria(91)) - Pipeline Placement: Doesn't meet the criteria to be viable node： e9a92b31-f57e-42f9-b032-4050b3cc8be5 Heaviness: 6 limit: 5
2019-09-25 07:28:53,965 [IPC Server handler 2 on 33386] INFO  pipeline.PipelinePlacementPolicy (PipelinePlacementPolicy.java:meetCriteria(91)) - Pipeline Placement: Doesn't meet the criteria to be viable node： cdf8b493-8d99-4b97-bf55-1e19bf837156 Heaviness: 6 limit: 5
2019-09-25 07:28:53,964 [IPC Server handler 15 on 33386] INFO  block.BlockManagerImpl (BlockManagerImpl.java:allocateBlock(198)) - Could not find available pipeline of type:RATIS and factor:THREE even after retrying
2019-09-25 07:28:53,965 [IPC Server handler 15 on 33386] ERROR block.BlockManagerImpl (BlockManagerImpl.java:allocateBlock(222)) - Unable to allocate a block for the size: 4194304, type: RATIS, factor: THREE
2019-09-25 07:28:53,964 [IPC Server handler 12 on 33386] INFO  block.BlockManagerImpl (BlockManagerImpl.java:allocateBlock(198)) - Could not find available pipeline of type:RATIS and factor:THREE even after retrying
2019-09-25 07:28:53,965 [IPC Server handler 12 on 33386] ERROR block.BlockManagerImpl (BlockManagerImpl.java:allocateBlock(222)) - Unable to allocate a block for the size: 4194304, type: RATIS, factor: THREE
2019-09-25 07:28:53,964 [IPC Server handler 8 on 33386] INFO  block.BlockManagerImpl (BlockManagerImpl.java:allocateBlock(198)) - Could not find available pipeline of type:RATIS and factor:THREE even after retrying
2019-09-25 07:28:53,966 [IPC Server handler 8 on 33386] ERROR block.BlockManagerImpl (BlockManagerImpl.java:allocateBlock(222)) - Unable to allocate a block for the size: 4194304, type: RATIS, factor: THREE
2019-09-25 07:28:53,964 [IPC Server handler 13 on 33386] INFO  block.BlockManagerImpl (BlockManagerImpl.java:allocateBlock(198)) - Could not find available pipeline of type:RATIS and factor:THREE even after retrying
2019-09-25 07:28:53,966 [IPC Server handler 13 on 33386] ERROR block.BlockManagerImpl (BlockManagerImpl.java:allocateBlock(222)) - Unable to allocate a block for the size: 4194304, type: RATIS, factor: THREE
2019-09-25 07:28:53,965 [IPC Server handler 2 on 33386] INFO  pipeline.PipelinePlacementPolicy (PipelinePlacementPolicy.java:meetCriteria(91)) - Pipeline Placement: Doesn't meet the criteria to be viable node： a3425e08-24ce-4736-9f6e-1b8551260ff2 Heaviness: 6 limit: 5
2019-09-25 07:28:53,966 [pool-75-thread-7] ERROR freon.RandomKeyGenerator (RandomKeyGenerator.java:createKey(733)) - Exception while adding key: key-0-96737 in bucket: bucket-3-91778 of volume: vol-0-46160.
INTERNAL_ERROR org.apache.hadoop.ozone.om.exceptions.OMException: Allocated 0 blocks. Requested 1 blocks
	at org.apache.hadoop.ozone.om.protocolPB.OzoneManagerProtocolClientSideTranslatorPB.handleError(OzoneManagerProtocolClientSideTranslatorPB.java:732)
	at org.apache.hadoop.ozone.om.protocolPB.OzoneManagerProtocolClientSideTranslatorPB.openKey(OzoneManagerProtocolClientSideTranslatorPB.java:723)
	at sun.reflect.NativeMethodAccessorImpl.invoke0(Native Method)
	at sun.reflect.NativeMethodAccessorImpl.invoke(NativeMethodAccessorImpl.java:62)
	at sun.reflect.DelegatingMethodAccessorImpl.invoke(DelegatingMethodAccessorImpl.java:43)
	at java.lang.reflect.Method.invoke(Method.java:498)
	at org.apache.hadoop.hdds.tracing.TraceAllMethod.invoke(TraceAllMethod.java:66)
	at com.sun.proxy.$Proxy37.openKey(Unknown Source)
	at org.apache.hadoop.ozone.client.rpc.RpcClient.createKey(RpcClient.java:614)
	at org.apache.hadoop.ozone.client.OzoneBucket.createKey(OzoneBucket.java:325)
	at org.apache.hadoop.ozone.freon.RandomKeyGenerator.createKey(RandomKeyGenerator.java:695)
	at org.apache.hadoop.ozone.freon.RandomKeyGenerator.access$1100(RandomKeyGenerator.java:88)
	at org.apache.hadoop.ozone.freon.RandomKeyGenerator$ObjectCreator.run(RandomKeyGenerator.java:615)
	at java.util.concurrent.Executors$RunnableAdapter.call(Executors.java:511)
	at java.util.concurrent.FutureTask.run(FutureTask.java:266)
	at java.util.concurrent.ThreadPoolExecutor.runWorker(ThreadPoolExecutor.java:1149)
	at java.util.concurrent.ThreadPoolExecutor$Worker.run(ThreadPoolExecutor.java:624)
	at java.lang.Thread.run(Thread.java:748)
2019-09-25 07:28:53,967 [pool-75-thread-4] ERROR freon.RandomKeyGenerator (RandomKeyGenerator.java:createKey(733)) - Exception while adding key: key-0-85812 in bucket: bucket-1-85633 of volume: vol-1-94171.
INTERNAL_ERROR org.apache.hadoop.ozone.om.exceptions.OMException: Allocated 0 blocks. Requested 1 blocks
	at org.apache.hadoop.ozone.om.protocolPB.OzoneManagerProtocolClientSideTranslatorPB.handleError(OzoneManagerProtocolClientSideTranslatorPB.java:732)
	at org.apache.hadoop.ozone.om.protocolPB.OzoneManagerProtocolClientSideTranslatorPB.openKey(OzoneManagerProtocolClientSideTranslatorPB.java:723)
	at sun.reflect.NativeMethodAccessorImpl.invoke0(Native Method)
	at sun.reflect.NativeMethodAccessorImpl.invoke(NativeMethodAccessorImpl.java:62)
	at sun.reflect.DelegatingMethodAccessorImpl.invoke(DelegatingMethodAccessorImpl.java:43)
	at java.lang.reflect.Method.invoke(Method.java:498)
	at org.apache.hadoop.hdds.tracing.TraceAllMethod.invoke(TraceAllMethod.java:66)
	at com.sun.proxy.$Proxy37.openKey(Unknown Source)
	at org.apache.hadoop.ozone.client.rpc.RpcClient.createKey(RpcClient.java:614)
	at org.apache.hadoop.ozone.client.OzoneBucket.createKey(OzoneBucket.java:325)
	at org.apache.hadoop.ozone.freon.RandomKeyGenerator.createKey(RandomKeyGenerator.java:695)
	at org.apache.hadoop.ozone.freon.RandomKeyGenerator.access$1100(RandomKeyGenerator.java:88)
	at org.apache.hadoop.ozone.freon.RandomKeyGenerator$ObjectCreator.run(RandomKeyGenerator.java:615)
	at java.util.concurrent.Executors$RunnableAdapter.call(Executors.java:511)
	at java.util.concurrent.FutureTask.run(FutureTask.java:266)
	at java.util.concurrent.ThreadPoolExecutor.runWorker(ThreadPoolExecutor.java:1149)
	at java.util.concurrent.ThreadPoolExecutor$Worker.run(ThreadPoolExecutor.java:624)
	at java.lang.Thread.run(Thread.java:748)
2019-09-25 07:28:53,967 [pool-75-thread-6] ERROR freon.RandomKeyGenerator (RandomKeyGenerator.java:createKey(733)) - Exception while adding key: key-0-76719 in bucket: bucket-2-16123 of volume: vol-0-46160.
INTERNAL_ERROR org.apache.hadoop.ozone.om.exceptions.OMException: Allocated 0 blocks. Requested 1 blocks
	at org.apache.hadoop.ozone.om.protocolPB.OzoneManagerProtocolClientSideTranslatorPB.handleError(OzoneManagerProtocolClientSideTranslatorPB.java:732)
	at org.apache.hadoop.ozone.om.protocolPB.OzoneManagerProtocolClientSideTranslatorPB.openKey(OzoneManagerProtocolClientSideTranslatorPB.java:723)
	at sun.reflect.NativeMethodAccessorImpl.invoke0(Native Method)
	at sun.reflect.NativeMethodAccessorImpl.invoke(NativeMethodAccessorImpl.java:62)
	at sun.reflect.DelegatingMethodAccessorImpl.invoke(DelegatingMethodAccessorImpl.java:43)
	at java.lang.reflect.Method.invoke(Method.java:498)
	at org.apache.hadoop.hdds.tracing.TraceAllMethod.invoke(TraceAllMethod.java:66)
	at com.sun.proxy.$Proxy37.openKey(Unknown Source)
	at org.apache.hadoop.ozone.client.rpc.RpcClient.createKey(RpcClient.java:614)
	at org.apache.hadoop.ozone.client.OzoneBucket.createKey(OzoneBucket.java:325)
	at org.apache.hadoop.ozone.freon.RandomKeyGenerator.createKey(RandomKeyGenerator.java:695)
	at org.apache.hadoop.ozone.freon.RandomKeyGenerator.access$1100(RandomKeyGenerator.java:88)
	at org.apache.hadoop.ozone.freon.RandomKeyGenerator$ObjectCreator.run(RandomKeyGenerator.java:615)
	at java.util.concurrent.Executors$RunnableAdapter.call(Executors.java:511)
	at java.util.concurrent.FutureTask.run(FutureTask.java:266)
	at java.util.concurrent.ThreadPoolExecutor.runWorker(ThreadPoolExecutor.java:1149)
	at java.util.concurrent.ThreadPoolExecutor$Worker.run(ThreadPoolExecutor.java:624)
	at java.lang.Thread.run(Thread.java:748)
2019-09-25 07:28:53,967 [IPC Server handler 2 on 33386] INFO  pipeline.PipelinePlacementPolicy (PipelinePlacementPolicy.java:meetCriteria(91)) - Pipeline Placement: Doesn't meet the criteria to be viable node： 7f677846-6321-4837-a536-8a7cfa3ddebf Heaviness: 6 limit: 5
2019-09-25 07:28:53,967 [pool-75-thread-3] ERROR freon.RandomKeyGenerator (RandomKeyGenerator.java:createKey(733)) - Exception while adding key: key-0-01900 in bucket: bucket-0-88792 of volume: vol-0-46160.
INTERNAL_ERROR org.apache.hadoop.ozone.om.exceptions.OMException: Allocated 0 blocks. Requested 1 blocks
	at org.apache.hadoop.ozone.om.protocolPB.OzoneManagerProtocolClientSideTranslatorPB.handleError(OzoneManagerProtocolClientSideTranslatorPB.java:732)
	at org.apache.hadoop.ozone.om.protocolPB.OzoneManagerProtocolClientSideTranslatorPB.openKey(OzoneManagerProtocolClientSideTranslatorPB.java:723)
	at sun.reflect.NativeMethodAccessorImpl.invoke0(Native Method)
	at sun.reflect.NativeMethodAccessorImpl.invoke(NativeMethodAccessorImpl.java:62)
	at sun.reflect.DelegatingMethodAccessorImpl.invoke(DelegatingMethodAccessorImpl.java:43)
	at java.lang.reflect.Method.invoke(Method.java:498)
	at org.apache.hadoop.hdds.tracing.TraceAllMethod.invoke(TraceAllMethod.java:66)
	at com.sun.proxy.$Proxy37.openKey(Unknown Source)
	at org.apache.hadoop.ozone.client.rpc.RpcClient.createKey(RpcClient.java:614)
	at org.apache.hadoop.ozone.client.OzoneBucket.createKey(OzoneBucket.java:325)
	at org.apache.hadoop.ozone.freon.RandomKeyGenerator.createKey(RandomKeyGenerator.java:695)
	at org.apache.hadoop.ozone.freon.RandomKeyGenerator.access$1100(RandomKeyGenerator.java:88)
	at org.apache.hadoop.ozone.freon.RandomKeyGenerator$ObjectCreator.run(RandomKeyGenerator.java:615)
	at java.util.concurrent.Executors$RunnableAdapter.call(Executors.java:511)
	at java.util.concurrent.FutureTask.run(FutureTask.java:266)
	at java.util.concurrent.ThreadPoolExecutor.runWorker(ThreadPoolExecutor.java:1149)
	at java.util.concurrent.ThreadPoolExecutor$Worker.run(ThreadPoolExecutor.java:624)
	at java.lang.Thread.run(Thread.java:748)
2019-09-25 07:28:53,968 [IPC Server handler 2 on 33386] ERROR pipeline.PipelinePlacementPolicy (PipelinePlacementPolicy.java:filterViableNodes(148)) - Unable to find enough nodes that meet the criteria that cannot engage in more than 5 pipelines. Nodes required: 3 Found: 0, healthy nodes count inNodeManager: 5.
2019-09-25 07:28:53,968 [IPC Server handler 2 on 33386] ERROR pipeline.SCMPipelineManager (SCMPipelineManager.java:createPipeline(167)) - Pipeline creation failed due to exception: Unable to find enough nodes that meet the criteria that cannot engage in more than 5 pipelines. Nodes required: 3 Found: 0, healthy nodes count inNodeManager: 5.
2019-09-25 07:28:53,969 [IPC Server handler 2 on 33386] WARN  block.BlockManagerImpl (BlockManagerImpl.java:allocateBlock(192)) - Pipeline creation failed for type:RATIS factor:THREE. Retrying get pipelines call once.
org.apache.hadoop.hdds.scm.exceptions.SCMException: Unable to find enough nodes that meet the criteria that cannot engage in more than 5 pipelines. Nodes required: 3 Found: 0, healthy nodes count inNodeManager: 5.
	at org.apache.hadoop.hdds.scm.pipeline.PipelinePlacementPolicy.filterViableNodes(PipelinePlacementPolicy.java:149)
	at org.apache.hadoop.hdds.scm.pipeline.PipelinePlacementPolicy.chooseDatanodes(PipelinePlacementPolicy.java:172)
	at org.apache.hadoop.hdds.scm.pipeline.RatisPipelineProvider.create(RatisPipelineProvider.java:93)
	at org.apache.hadoop.hdds.scm.pipeline.PipelineFactory.create(PipelineFactory.java:58)
	at org.apache.hadoop.hdds.scm.pipeline.SCMPipelineManager.createPipeline(SCMPipelineManager.java:155)
	at org.apache.hadoop.hdds.scm.block.BlockManagerImpl.allocateBlock(BlockManagerImpl.java:190)
	at org.apache.hadoop.hdds.scm.server.SCMBlockProtocolServer.allocateBlock(SCMBlockProtocolServer.java:182)
	at org.apache.hadoop.ozone.protocolPB.ScmBlockLocationProtocolServerSideTranslatorPB.allocateScmBlock(ScmBlockLocationProtocolServerSideTranslatorPB.java:183)
	at org.apache.hadoop.ozone.protocolPB.ScmBlockLocationProtocolServerSideTranslatorPB.processMessage(ScmBlockLocationProtocolServerSideTranslatorPB.java:141)
	at org.apache.hadoop.ozone.protocolPB.ScmBlockLocationProtocolServerSideTranslatorPB.send(ScmBlockLocationProtocolServerSideTranslatorPB.java:116)
	at org.apache.hadoop.hdds.protocol.proto.ScmBlockLocationProtocolProtos$ScmBlockLocationProtocolService$2.callBlockingMethod(ScmBlockLocationProtocolProtos.java:13157)
	at org.apache.hadoop.ipc.ProtobufRpcEngine$Server$ProtoBufRpcInvoker.call(ProtobufRpcEngine.java:524)
	at org.apache.hadoop.ipc.RPC$Server.call(RPC.java:1025)
	at org.apache.hadoop.ipc.Server$RpcCall.run(Server.java:876)
	at org.apache.hadoop.ipc.Server$RpcCall.run(Server.java:822)
	at java.security.AccessController.doPrivileged(Native Method)
	at javax.security.auth.Subject.doAs(Subject.java:422)
	at org.apache.hadoop.security.UserGroupInformation.doAs(UserGroupInformation.java:1730)
	at org.apache.hadoop.ipc.Server$Handler.run(Server.java:2682)
2019-09-25 07:28:53,969 [IPC Server handler 5 on 33386] INFO  pipeline.PipelinePlacementPolicy (PipelinePlacementPolicy.java:meetCriteria(91)) - Pipeline Placement: Doesn't meet the criteria to be viable node： 319eb9b2-446a-4b5b-95c2-98d772c8b042 Heaviness: 6 limit: 5
2019-09-25 07:28:53,969 [IPC Server handler 5 on 33386] INFO  pipeline.PipelinePlacementPolicy (PipelinePlacementPolicy.java:meetCriteria(91)) - Pipeline Placement: Doesn't meet the criteria to be viable node： e9a92b31-f57e-42f9-b032-4050b3cc8be5 Heaviness: 6 limit: 5
2019-09-25 07:28:53,969 [IPC Server handler 1 on 33386] INFO  block.BlockManagerImpl (BlockManagerImpl.java:allocateBlock(198)) - Could not find available pipeline of type:RATIS and factor:THREE even after retrying
2019-09-25 07:28:53,969 [IPC Server handler 5 on 33386] INFO  pipeline.PipelinePlacementPolicy (PipelinePlacementPolicy.java:meetCriteria(91)) - Pipeline Placement: Doesn't meet the criteria to be viable node： cdf8b493-8d99-4b97-bf55-1e19bf837156 Heaviness: 6 limit: 5
2019-09-25 07:28:53,970 [IPC Server handler 1 on 33386] ERROR block.BlockManagerImpl (BlockManagerImpl.java:allocateBlock(222)) - Unable to allocate a block for the size: 4194304, type: RATIS, factor: THREE
2019-09-25 07:28:53,970 [IPC Server handler 5 on 33386] INFO  pipeline.PipelinePlacementPolicy (PipelinePlacementPolicy.java:meetCriteria(91)) - Pipeline Placement: Doesn't meet the criteria to be viable node： a3425e08-24ce-4736-9f6e-1b8551260ff2 Heaviness: 6 limit: 5
2019-09-25 07:28:53,970 [IPC Server handler 5 on 33386] INFO  pipeline.PipelinePlacementPolicy (PipelinePlacementPolicy.java:meetCriteria(91)) - Pipeline Placement: Doesn't meet the criteria to be viable node： 7f677846-6321-4837-a536-8a7cfa3ddebf Heaviness: 6 limit: 5
2019-09-25 07:28:53,970 [IPC Server handler 5 on 33386] ERROR pipeline.PipelinePlacementPolicy (PipelinePlacementPolicy.java:filterViableNodes(148)) - Unable to find enough nodes that meet the criteria that cannot engage in more than 5 pipelines. Nodes required: 3 Found: 0, healthy nodes count inNodeManager: 5.
2019-09-25 07:28:53,970 [IPC Server handler 5 on 33386] ERROR pipeline.SCMPipelineManager (SCMPipelineManager.java:createPipeline(167)) - Pipeline creation failed due to exception: Unable to find enough nodes that meet the criteria that cannot engage in more than 5 pipelines. Nodes required: 3 Found: 0, healthy nodes count inNodeManager: 5.
2019-09-25 07:28:53,970 [IPC Server handler 5 on 33386] WARN  block.BlockManagerImpl (BlockManagerImpl.java:allocateBlock(192)) - Pipeline creation failed for type:RATIS factor:THREE. Retrying get pipelines call once.
org.apache.hadoop.hdds.scm.exceptions.SCMException: Unable to find enough nodes that meet the criteria that cannot engage in more than 5 pipelines. Nodes required: 3 Found: 0, healthy nodes count inNodeManager: 5.
	at org.apache.hadoop.hdds.scm.pipeline.PipelinePlacementPolicy.filterViableNodes(PipelinePlacementPolicy.java:149)
	at org.apache.hadoop.hdds.scm.pipeline.PipelinePlacementPolicy.chooseDatanodes(PipelinePlacementPolicy.java:172)
	at org.apache.hadoop.hdds.scm.pipeline.RatisPipelineProvider.create(RatisPipelineProvider.java:93)
	at org.apache.hadoop.hdds.scm.pipeline.PipelineFactory.create(PipelineFactory.java:58)
	at org.apache.hadoop.hdds.scm.pipeline.SCMPipelineManager.createPipeline(SCMPipelineManager.java:155)
	at org.apache.hadoop.hdds.scm.block.BlockManagerImpl.allocateBlock(BlockManagerImpl.java:190)
	at org.apache.hadoop.hdds.scm.server.SCMBlockProtocolServer.allocateBlock(SCMBlockProtocolServer.java:182)
	at org.apache.hadoop.ozone.protocolPB.ScmBlockLocationProtocolServerSideTranslatorPB.allocateScmBlock(ScmBlockLocationProtocolServerSideTranslatorPB.java:183)
	at org.apache.hadoop.ozone.protocolPB.ScmBlockLocationProtocolServerSideTranslatorPB.processMessage(ScmBlockLocationProtocolServerSideTranslatorPB.java:141)
	at org.apache.hadoop.ozone.protocolPB.ScmBlockLocationProtocolServerSideTranslatorPB.send(ScmBlockLocationProtocolServerSideTranslatorPB.java:116)
	at org.apache.hadoop.hdds.protocol.proto.ScmBlockLocationProtocolProtos$ScmBlockLocationProtocolService$2.callBlockingMethod(ScmBlockLocationProtocolProtos.java:13157)
	at org.apache.hadoop.ipc.ProtobufRpcEngine$Server$ProtoBufRpcInvoker.call(ProtobufRpcEngine.java:524)
	at org.apache.hadoop.ipc.RPC$Server.call(RPC.java:1025)
	at org.apache.hadoop.ipc.Server$RpcCall.run(Server.java:876)
	at org.apache.hadoop.ipc.Server$RpcCall.run(Server.java:822)
	at java.security.AccessController.doPrivileged(Native Method)
	at javax.security.auth.Subject.doAs(Subject.java:422)
	at org.apache.hadoop.security.UserGroupInformation.doAs(UserGroupInformation.java:1730)
	at org.apache.hadoop.ipc.Server$Handler.run(Server.java:2682)
2019-09-25 07:28:53,970 [IPC Server handler 6 on 33386] INFO  pipeline.PipelinePlacementPolicy (PipelinePlacementPolicy.java:meetCriteria(91)) - Pipeline Placement: Doesn't meet the criteria to be viable node： 319eb9b2-446a-4b5b-95c2-98d772c8b042 Heaviness: 6 limit: 5
2019-09-25 07:28:53,971 [IPC Server handler 6 on 33386] INFO  pipeline.PipelinePlacementPolicy (PipelinePlacementPolicy.java:meetCriteria(91)) - Pipeline Placement: Doesn't meet the criteria to be viable node： e9a92b31-f57e-42f9-b032-4050b3cc8be5 Heaviness: 6 limit: 5
2019-09-25 07:28:53,971 [IPC Server handler 6 on 33386] INFO  pipeline.PipelinePlacementPolicy (PipelinePlacementPolicy.java:meetCriteria(91)) - Pipeline Placement: Doesn't meet the criteria to be viable node： cdf8b493-8d99-4b97-bf55-1e19bf837156 Heaviness: 6 limit: 5
2019-09-25 07:28:53,971 [IPC Server handler 6 on 33386] INFO  pipeline.PipelinePlacementPolicy (PipelinePlacementPolicy.java:meetCriteria(91)) - Pipeline Placement: Doesn't meet the criteria to be viable node： a3425e08-24ce-4736-9f6e-1b8551260ff2 Heaviness: 6 limit: 5
2019-09-25 07:28:53,971 [IPC Server handler 6 on 33386] INFO  pipeline.PipelinePlacementPolicy (PipelinePlacementPolicy.java:meetCriteria(91)) - Pipeline Placement: Doesn't meet the criteria to be viable node： 7f677846-6321-4837-a536-8a7cfa3ddebf Heaviness: 6 limit: 5
2019-09-25 07:28:53,971 [pool-75-thread-10] ERROR freon.RandomKeyGenerator (RandomKeyGenerator.java:createKey(733)) - Exception while adding key: key-0-66194 in bucket: bucket-2-51843 of volume: vol-1-94171.
INTERNAL_ERROR org.apache.hadoop.ozone.om.exceptions.OMException: Allocated 0 blocks. Requested 1 blocks
	at org.apache.hadoop.ozone.om.protocolPB.OzoneManagerProtocolClientSideTranslatorPB.handleError(OzoneManagerProtocolClientSideTranslatorPB.java:732)
	at org.apache.hadoop.ozone.om.protocolPB.OzoneManagerProtocolClientSideTranslatorPB.openKey(OzoneManagerProtocolClientSideTranslatorPB.java:723)
	at sun.reflect.NativeMethodAccessorImpl.invoke0(Native Method)
	at sun.reflect.NativeMethodAccessorImpl.invoke(NativeMethodAccessorImpl.java:62)
	at sun.reflect.DelegatingMethodAccessorImpl.invoke(DelegatingMethodAccessorImpl.java:43)
	at java.lang.reflect.Method.invoke(Method.java:498)
	at org.apache.hadoop.hdds.tracing.TraceAllMethod.invoke(TraceAllMethod.java:66)
	at com.sun.proxy.$Proxy37.openKey(Unknown Source)
	at org.apache.hadoop.ozone.client.rpc.RpcClient.createKey(RpcClient.java:614)
	at org.apache.hadoop.ozone.client.OzoneBucket.createKey(OzoneBucket.java:325)
	at org.apache.hadoop.ozone.freon.RandomKeyGenerator.createKey(RandomKeyGenerator.java:695)
	at org.apache.hadoop.ozone.freon.RandomKeyGenerator.access$1100(RandomKeyGenerator.java:88)
	at org.apache.hadoop.ozone.freon.RandomKeyGenerator$ObjectCreator.run(RandomKeyGenerator.java:615)
	at java.util.concurrent.Executors$RunnableAdapter.call(Executors.java:511)
	at java.util.concurrent.FutureTask.run(FutureTask.java:266)
	at java.util.concurrent.ThreadPoolExecutor.runWorker(ThreadPoolExecutor.java:1149)
	at java.util.concurrent.ThreadPoolExecutor$Worker.run(ThreadPoolExecutor.java:624)
	at java.lang.Thread.run(Thread.java:748)
2019-09-25 07:28:53,972 [IPC Server handler 6 on 33386] ERROR pipeline.PipelinePlacementPolicy (PipelinePlacementPolicy.java:filterViableNodes(148)) - Unable to find enough nodes that meet the criteria that cannot engage in more than 5 pipelines. Nodes required: 3 Found: 0, healthy nodes count inNodeManager: 5.
2019-09-25 07:28:53,972 [IPC Server handler 6 on 33386] ERROR pipeline.SCMPipelineManager (SCMPipelineManager.java:createPipeline(167)) - Pipeline creation failed due to exception: Unable to find enough nodes that meet the criteria that cannot engage in more than 5 pipelines. Nodes required: 3 Found: 0, healthy nodes count inNodeManager: 5.
2019-09-25 07:28:53,972 [IPC Server handler 6 on 33386] WARN  block.BlockManagerImpl (BlockManagerImpl.java:allocateBlock(192)) - Pipeline creation failed for type:RATIS factor:THREE. Retrying get pipelines call once.
org.apache.hadoop.hdds.scm.exceptions.SCMException: Unable to find enough nodes that meet the criteria that cannot engage in more than 5 pipelines. Nodes required: 3 Found: 0, healthy nodes count inNodeManager: 5.
	at org.apache.hadoop.hdds.scm.pipeline.PipelinePlacementPolicy.filterViableNodes(PipelinePlacementPolicy.java:149)
	at org.apache.hadoop.hdds.scm.pipeline.PipelinePlacementPolicy.chooseDatanodes(PipelinePlacementPolicy.java:172)
	at org.apache.hadoop.hdds.scm.pipeline.RatisPipelineProvider.create(RatisPipelineProvider.java:93)
	at org.apache.hadoop.hdds.scm.pipeline.PipelineFactory.create(PipelineFactory.java:58)
	at org.apache.hadoop.hdds.scm.pipeline.SCMPipelineManager.createPipeline(SCMPipelineManager.java:155)
	at org.apache.hadoop.hdds.scm.block.BlockManagerImpl.allocateBlock(BlockManagerImpl.java:190)
	at org.apache.hadoop.hdds.scm.server.SCMBlockProtocolServer.allocateBlock(SCMBlockProtocolServer.java:182)
	at org.apache.hadoop.ozone.protocolPB.ScmBlockLocationProtocolServerSideTranslatorPB.allocateScmBlock(ScmBlockLocationProtocolServerSideTranslatorPB.java:183)
	at org.apache.hadoop.ozone.protocolPB.ScmBlockLocationProtocolServerSideTranslatorPB.processMessage(ScmBlockLocationProtocolServerSideTranslatorPB.java:141)
	at org.apache.hadoop.ozone.protocolPB.ScmBlockLocationProtocolServerSideTranslatorPB.send(ScmBlockLocationProtocolServerSideTranslatorPB.java:116)
	at org.apache.hadoop.hdds.protocol.proto.ScmBlockLocationProtocolProtos$ScmBlockLocationProtocolService$2.callBlockingMethod(ScmBlockLocationProtocolProtos.java:13157)
	at org.apache.hadoop.ipc.ProtobufRpcEngine$Server$ProtoBufRpcInvoker.call(ProtobufRpcEngine.java:524)
	at org.apache.hadoop.ipc.RPC$Server.call(RPC.java:1025)
	at org.apache.hadoop.ipc.Server$RpcCall.run(Server.java:876)
	at org.apache.hadoop.ipc.Server$RpcCall.run(Server.java:822)
	at java.security.AccessController.doPrivileged(Native Method)
	at javax.security.auth.Subject.doAs(Subject.java:422)
	at org.apache.hadoop.security.UserGroupInformation.doAs(UserGroupInformation.java:1730)
	at org.apache.hadoop.ipc.Server$Handler.run(Server.java:2682)
2019-09-25 07:28:53,972 [IPC Server handler 5 on 33386] INFO  block.BlockManagerImpl (BlockManagerImpl.java:allocateBlock(198)) - Could not find available pipeline of type:RATIS and factor:THREE even after retrying
2019-09-25 07:28:53,979 [IPC Server handler 5 on 33386] ERROR block.BlockManagerImpl (BlockManagerImpl.java:allocateBlock(222)) - Unable to allocate a block for the size: 4194304, type: RATIS, factor: THREE
2019-09-25 07:28:53,972 [IPC Server handler 2 on 33386] INFO  block.BlockManagerImpl (BlockManagerImpl.java:allocateBlock(198)) - Could not find available pipeline of type:RATIS and factor:THREE even after retrying
2019-09-25 07:28:53,980 [IPC Server handler 2 on 33386] ERROR block.BlockManagerImpl (BlockManagerImpl.java:allocateBlock(222)) - Unable to allocate a block for the size: 4194304, type: RATIS, factor: THREE
2019-09-25 07:28:53,979 [IPC Server handler 6 on 33386] INFO  block.BlockManagerImpl (BlockManagerImpl.java:allocateBlock(198)) - Could not find available pipeline of type:RATIS and factor:THREE even after retrying
2019-09-25 07:28:53,980 [IPC Server handler 6 on 33386] ERROR block.BlockManagerImpl (BlockManagerImpl.java:allocateBlock(222)) - Unable to allocate a block for the size: 4194304, type: RATIS, factor: THREE
2019-09-25 07:28:53,981 [pool-75-thread-8] ERROR freon.RandomKeyGenerator (RandomKeyGenerator.java:createKey(733)) - Exception while adding key: key-0-21151 in bucket: bucket-4-29248 of volume: vol-1-94171.
INTERNAL_ERROR org.apache.hadoop.ozone.om.exceptions.OMException: Allocated 0 blocks. Requested 1 blocks
	at org.apache.hadoop.ozone.om.protocolPB.OzoneManagerProtocolClientSideTranslatorPB.handleError(OzoneManagerProtocolClientSideTranslatorPB.java:732)
	at org.apache.hadoop.ozone.om.protocolPB.OzoneManagerProtocolClientSideTranslatorPB.openKey(OzoneManagerProtocolClientSideTranslatorPB.java:723)
	at sun.reflect.NativeMethodAccessorImpl.invoke0(Native Method)
	at sun.reflect.NativeMethodAccessorImpl.invoke(NativeMethodAccessorImpl.java:62)
	at sun.reflect.DelegatingMethodAccessorImpl.invoke(DelegatingMethodAccessorImpl.java:43)
	at java.lang.reflect.Method.invoke(Method.java:498)
	at org.apache.hadoop.hdds.tracing.TraceAllMethod.invoke(TraceAllMethod.java:66)
	at com.sun.proxy.$Proxy37.openKey(Unknown Source)
	at org.apache.hadoop.ozone.client.rpc.RpcClient.createKey(RpcClient.java:614)
	at org.apache.hadoop.ozone.client.OzoneBucket.createKey(OzoneBucket.java:325)
	at org.apache.hadoop.ozone.freon.RandomKeyGenerator.createKey(RandomKeyGenerator.java:695)
	at org.apache.hadoop.ozone.freon.RandomKeyGenerator.access$1100(RandomKeyGenerator.java:88)
	at org.apache.hadoop.ozone.freon.RandomKeyGenerator$ObjectCreator.run(RandomKeyGenerator.java:615)
	at java.util.concurrent.Executors$RunnableAdapter.call(Executors.java:511)
	at java.util.concurrent.FutureTask.run(FutureTask.java:266)
	at java.util.concurrent.ThreadPoolExecutor.runWorker(ThreadPoolExecutor.java:1149)
	at java.util.concurrent.ThreadPoolExecutor$Worker.run(ThreadPoolExecutor.java:624)
	at java.lang.Thread.run(Thread.java:748)
2019-09-25 07:28:53,981 [pool-75-thread-9] ERROR freon.RandomKeyGenerator (RandomKeyGenerator.java:createKey(733)) - Exception while adding key: key-0-53699 in bucket: bucket-3-58979 of volume: vol-1-94171.
INTERNAL_ERROR org.apache.hadoop.ozone.om.exceptions.OMException: Allocated 0 blocks. Requested 1 blocks
	at org.apache.hadoop.ozone.om.protocolPB.OzoneManagerProtocolClientSideTranslatorPB.handleError(OzoneManagerProtocolClientSideTranslatorPB.java:732)
	at org.apache.hadoop.ozone.om.protocolPB.OzoneManagerProtocolClientSideTranslatorPB.openKey(OzoneManagerProtocolClientSideTranslatorPB.java:723)
	at sun.reflect.NativeMethodAccessorImpl.invoke0(Native Method)
	at sun.reflect.NativeMethodAccessorImpl.invoke(NativeMethodAccessorImpl.java:62)
	at sun.reflect.DelegatingMethodAccessorImpl.invoke(DelegatingMethodAccessorImpl.java:43)
	at java.lang.reflect.Method.invoke(Method.java:498)
	at org.apache.hadoop.hdds.tracing.TraceAllMethod.invoke(TraceAllMethod.java:66)
	at com.sun.proxy.$Proxy37.openKey(Unknown Source)
	at org.apache.hadoop.ozone.client.rpc.RpcClient.createKey(RpcClient.java:614)
	at org.apache.hadoop.ozone.client.OzoneBucket.createKey(OzoneBucket.java:325)
	at org.apache.hadoop.ozone.freon.RandomKeyGenerator.createKey(RandomKeyGenerator.java:695)
	at org.apache.hadoop.ozone.freon.RandomKeyGenerator.access$1100(RandomKeyGenerator.java:88)
	at org.apache.hadoop.ozone.freon.RandomKeyGenerator$ObjectCreator.run(RandomKeyGenerator.java:615)
	at java.util.concurrent.Executors$RunnableAdapter.call(Executors.java:511)
	at java.util.concurrent.FutureTask.run(FutureTask.java:266)
	at java.util.concurrent.ThreadPoolExecutor.runWorker(ThreadPoolExecutor.java:1149)
	at java.util.concurrent.ThreadPoolExecutor$Worker.run(ThreadPoolExecutor.java:624)
	at java.lang.Thread.run(Thread.java:748)
2019-09-25 07:28:53,982 [pool-75-thread-2] ERROR freon.RandomKeyGenerator (RandomKeyGenerator.java:createKey(733)) - Exception while adding key: key-0-94977 in bucket: bucket-4-21775 of volume: vol-0-46160.
INTERNAL_ERROR org.apache.hadoop.ozone.om.exceptions.OMException: Allocated 0 blocks. Requested 1 blocks
	at org.apache.hadoop.ozone.om.protocolPB.OzoneManagerProtocolClientSideTranslatorPB.handleError(OzoneManagerProtocolClientSideTranslatorPB.java:732)
	at org.apache.hadoop.ozone.om.protocolPB.OzoneManagerProtocolClientSideTranslatorPB.openKey(OzoneManagerProtocolClientSideTranslatorPB.java:723)
	at sun.reflect.NativeMethodAccessorImpl.invoke0(Native Method)
	at sun.reflect.NativeMethodAccessorImpl.invoke(NativeMethodAccessorImpl.java:62)
	at sun.reflect.DelegatingMethodAccessorImpl.invoke(DelegatingMethodAccessorImpl.java:43)
	at java.lang.reflect.Method.invoke(Method.java:498)
	at org.apache.hadoop.hdds.tracing.TraceAllMethod.invoke(TraceAllMethod.java:66)
	at com.sun.proxy.$Proxy37.openKey(Unknown Source)
	at org.apache.hadoop.ozone.client.rpc.RpcClient.createKey(RpcClient.java:614)
	at org.apache.hadoop.ozone.client.OzoneBucket.createKey(OzoneBucket.java:325)
	at org.apache.hadoop.ozone.freon.RandomKeyGenerator.createKey(RandomKeyGenerator.java:695)
	at org.apache.hadoop.ozone.freon.RandomKeyGenerator.access$1100(RandomKeyGenerator.java:88)
	at org.apache.hadoop.ozone.freon.RandomKeyGenerator$ObjectCreator.run(RandomKeyGenerator.java:615)
	at java.util.concurrent.Executors$RunnableAdapter.call(Executors.java:511)
	at java.util.concurrent.FutureTask.run(FutureTask.java:266)
	at java.util.concurrent.ThreadPoolExecutor.runWorker(ThreadPoolExecutor.java:1149)
	at java.util.concurrent.ThreadPoolExecutor$Worker.run(ThreadPoolExecutor.java:624)
	at java.lang.Thread.run(Thread.java:748)
 0.00% |█                                                                                                    |  0/100 Time: 0:00:01 0.00% |█                                                                                                    |  0/100 Time: 0:00:02 0.00% |█                                                                                                    |  0/100 Time: 0:00:03 0.00% |█                                                                                                    |  0/100 Time: 0:00:04 100.00% |█████████████████████████████████████████████████████████████████████████████████████████████████████|  100/100 Time: 0:00:05
]]></system-out>
  </testcase>
</testsuite>