<?xml version="1.0" encoding="UTF-8"?>
<testsuite xmlns:xsi="http://www.w3.org/2001/XMLSchema-instance" xsi:noNamespaceSchemaLocation="https://maven.apache.org/surefire/maven-surefire-plugin/xsd/surefire-test-report.xsd" name="org.apache.hadoop.ozone.freon.TestDataValidateWithDummyContainers" time="37.646" tests="3" errors="2" skipped="0" failures="0">
  <properties>
    <property name="awt.toolkit" value="sun.awt.X11.XToolkit"/>
    <property name="file.encoding.pkg" value="sun.io"/>
    <property name="java.specification.version" value="1.8"/>
    <property name="sun.cpu.isalist" value=""/>
    <property name="sun.jnu.encoding" value="UTF-8"/>
    <property name="java.class.path" value="/workdir/hadoop-ozone/tools/target/test-classes:/workdir/hadoop-ozone/tools/target/classes:/home/user/.m2/repository/org/apache/hadoop/hadoop-ozone-ozone-manager/0.5.0-SNAPSHOT/hadoop-ozone-ozone-manager-0.5.0-SNAPSHOT.jar:/home/user/.m2/repository/org/apache/hadoop/hadoop-hdds-docs/0.5.0-SNAPSHOT/hadoop-hdds-docs-0.5.0-SNAPSHOT.jar:/home/user/.m2/repository/org/bouncycastle/bcprov-jdk15on/1.60/bcprov-jdk15on-1.60.jar:/home/user/.m2/repository/org/apache/hadoop/hadoop-ozone-common/0.5.0-SNAPSHOT/hadoop-ozone-common-0.5.0-SNAPSHOT.jar:/home/user/.m2/repository/org/apache/commons/commons-compress/1.4.1/commons-compress-1.4.1.jar:/home/user/.m2/repository/org/tukaani/xz/1.0/xz-1.0.jar:/home/user/.m2/repository/org/apache/hadoop/hadoop-hdfs-client/3.2.0/hadoop-hdfs-client-3.2.0.jar:/home/user/.m2/repository/com/fasterxml/jackson/core/jackson-annotations/2.9.9/jackson-annotations-2.9.9.jar:/home/user/.m2/repository/org/apache/hadoop/hadoop-hdds-common/0.5.0-SNAPSHOT/hadoop-hdds-common-0.5.0-SNAPSHOT.jar:/home/user/.m2/repository/org/apache/hadoop/hadoop-hdds-config/0.5.0-SNAPSHOT/hadoop-hdds-config-0.5.0-SNAPSHOT.jar:/home/user/.m2/repository/javax/annotation/javax.annotation-api/1.2/javax.annotation-api-1.2.jar:/home/user/.m2/repository/org/apache/ratis/ratis-server/0.4.0/ratis-server-0.4.0.jar:/home/user/.m2/repository/org/apache/ratis/ratis-thirdparty-misc/0.2.0/ratis-thirdparty-misc-0.2.0.jar:/home/user/.m2/repository/org/apache/ratis/ratis-proto/0.4.0/ratis-proto-0.4.0.jar:/home/user/.m2/repository/org/apache/ratis/ratis-common/0.4.0/ratis-common-0.4.0.jar:/home/user/.m2/repository/org/apache/ratis/ratis-client/0.4.0/ratis-client-0.4.0.jar:/home/user/.m2/repository/org/apache/ratis/ratis-metrics/0.4.0/ratis-metrics-0.4.0.jar:/home/user/.m2/repository/com/github/joshelser/dropwizard-metrics-hadoop-metrics2-reporter/0.1.2/dropwizard-metrics-hadoop-metrics2-reporter-0.1.2.jar:/home/user/.m2/repository/io/dropwizard/metrics/metrics-jvm/3.2.5/metrics-jvm-3.2.5.jar:/home/user/.m2/repository/io/dropwizard/metrics/metrics-ganglia/3.2.5/metrics-ganglia-3.2.5.jar:/home/user/.m2/repository/info/ganglia/gmetric4j/gmetric4j/1.0.7/gmetric4j-1.0.7.jar:/home/user/.m2/repository/org/apache/ratis/ratis-netty/0.4.0/ratis-netty-0.4.0.jar:/home/user/.m2/repository/org/apache/ratis/ratis-grpc/0.4.0/ratis-grpc-0.4.0.jar:/home/user/.m2/repository/org/rocksdb/rocksdbjni/6.0.1/rocksdbjni-6.0.1.jar:/home/user/.m2/repository/org/apache/logging/log4j/log4j-api/2.11.0/log4j-api-2.11.0.jar:/home/user/.m2/repository/org/apache/logging/log4j/log4j-core/2.11.0/log4j-core-2.11.0.jar:/home/user/.m2/repository/com/lmax/disruptor/3.4.2/disruptor-3.4.2.jar:/home/user/.m2/repository/org/apache/commons/commons-pool2/2.6.0/commons-pool2-2.6.0.jar:/home/user/.m2/repository/org/bouncycastle/bcpkix-jdk15on/1.60/bcpkix-jdk15on-1.60.jar:/home/user/.m2/repository/commons-validator/commons-validator/1.6/commons-validator-1.6.jar:/home/user/.m2/repository/commons-digester/commons-digester/1.8.1/commons-digester-1.8.1.jar:/home/user/.m2/repository/io/jaegertracing/jaeger-client/0.34.0/jaeger-client-0.34.0.jar:/home/user/.m2/repository/io/jaegertracing/jaeger-thrift/0.34.0/jaeger-thrift-0.34.0.jar:/home/user/.m2/repository/org/apache/thrift/libthrift/0.12.0/libthrift-0.12.0.jar:/home/user/.m2/repository/com/squareup/okhttp3/okhttp/3.9.0/okhttp-3.9.0.jar:/home/user/.m2/repository/com/squareup/okio/okio/1.13.0/okio-1.13.0.jar:/home/user/.m2/repository/io/jaegertracing/jaeger-core/0.34.0/jaeger-core-0.34.0.jar:/home/user/.m2/repository/io/jaegertracing/jaeger-tracerresolver/0.34.0/jaeger-tracerresolver-0.34.0.jar:/home/user/.m2/repository/io/opentracing/contrib/opentracing-tracerresolver/0.1.5/opentracing-tracerresolver-0.1.5.jar:/home/user/.m2/repository/io/opentracing/opentracing-util/0.31.0/opentracing-util-0.31.0.jar:/home/user/.m2/repository/io/opentracing/opentracing-api/0.31.0/opentracing-api-0.31.0.jar:/home/user/.m2/repository/io/opentracing/opentracing-noop/0.31.0/opentracing-noop-0.31.0.jar:/home/user/.m2/repository/org/yaml/snakeyaml/1.16/snakeyaml-1.16.jar:/home/user/.m2/repository/org/apache/hadoop/hadoop-hdds-container-service/0.5.0-SNAPSHOT/hadoop-hdds-container-service-0.5.0-SNAPSHOT.jar:/home/user/.m2/repository/org/apache/hadoop/hadoop-hdds-client/0.5.0-SNAPSHOT/hadoop-hdds-client-0.5.0-SNAPSHOT.jar:/home/user/.m2/repository/org/apache/hadoop/hadoop-hdds-tools/0.5.0-SNAPSHOT/hadoop-hdds-tools-0.5.0-SNAPSHOT.jar:/home/user/.m2/repository/org/xerial/sqlite-jdbc/3.25.2/sqlite-jdbc-3.25.2.jar:/home/user/.m2/repository/org/apache/hadoop/hadoop-hdds-server-scm/0.5.0-SNAPSHOT/hadoop-hdds-server-scm-0.5.0-SNAPSHOT.jar:/home/user/.m2/repository/org/hamcrest/hamcrest-all/1.3/hamcrest-all-1.3.jar:/home/user/.m2/repository/info/picocli/picocli/3.9.6/picocli-3.9.6.jar:/home/user/.m2/repository/com/google/protobuf/protobuf-java/2.5.0/protobuf-java-2.5.0.jar:/home/user/.m2/repository/com/google/guava/guava/11.0.2/guava-11.0.2.jar:/home/user/.m2/repository/org/apache/hadoop/hadoop-ozone-client/0.5.0-SNAPSHOT/hadoop-ozone-client-0.5.0-SNAPSHOT.jar:/workdir/hadoop-ozone/ozonefs/target/classes:/home/user/.m2/repository/org/apache/hadoop/hadoop-hdds-server-framework/0.5.0-SNAPSHOT/hadoop-hdds-server-framework-0.5.0-SNAPSHOT.jar:/home/user/.m2/repository/org/apache/hadoop/hadoop-common/3.2.0/hadoop-common-3.2.0.jar:/home/user/.m2/repository/org/apache/hadoop/hadoop-annotations/3.2.0/hadoop-annotations-3.2.0.jar:/usr/lib/jvm/java-1.8-openjdk/jre/../lib/tools.jar:/home/user/.m2/repository/commons-cli/commons-cli/1.2/commons-cli-1.2.jar:/home/user/.m2/repository/org/apache/commons/commons-math3/3.1.1/commons-math3-3.1.1.jar:/home/user/.m2/repository/org/apache/httpcomponents/httpclient/4.5.2/httpclient-4.5.2.jar:/home/user/.m2/repository/org/apache/httpcomponents/httpcore/4.4.4/httpcore-4.4.4.jar:/home/user/.m2/repository/commons-codec/commons-codec/1.11/commons-codec-1.11.jar:/home/user/.m2/repository/commons-io/commons-io/2.5/commons-io-2.5.jar:/home/user/.m2/repository/commons-net/commons-net/3.6/commons-net-3.6.jar:/home/user/.m2/repository/commons-collections/commons-collections/3.2.2/commons-collections-3.2.2.jar:/home/user/.m2/repository/javax/servlet/javax.servlet-api/3.1.0/javax.servlet-api-3.1.0.jar:/home/user/.m2/repository/org/eclipse/jetty/jetty-server/9.3.25.v20180904/jetty-server-9.3.25.v20180904.jar:/home/user/.m2/repository/org/eclipse/jetty/jetty-http/9.3.25.v20180904/jetty-http-9.3.25.v20180904.jar:/home/user/.m2/repository/org/eclipse/jetty/jetty-io/9.3.25.v20180904/jetty-io-9.3.25.v20180904.jar:/home/user/.m2/repository/org/eclipse/jetty/jetty-util/9.3.25.v20180904/jetty-util-9.3.25.v20180904.jar:/home/user/.m2/repository/org/eclipse/jetty/jetty-servlet/9.3.25.v20180904/jetty-servlet-9.3.25.v20180904.jar:/home/user/.m2/repository/org/eclipse/jetty/jetty-security/9.3.25.v20180904/jetty-security-9.3.25.v20180904.jar:/home/user/.m2/repository/org/eclipse/jetty/jetty-webapp/9.3.25.v20180904/jetty-webapp-9.3.25.v20180904.jar:/home/user/.m2/repository/org/eclipse/jetty/jetty-xml/9.3.25.v20180904/jetty-xml-9.3.25.v20180904.jar:/home/user/.m2/repository/javax/servlet/jsp/jsp-api/2.1/jsp-api-2.1.jar:/home/user/.m2/repository/com/sun/jersey/jersey-core/1.19/jersey-core-1.19.jar:/home/user/.m2/repository/javax/ws/rs/jsr311-api/1.1.1/jsr311-api-1.1.1.jar:/home/user/.m2/repository/com/sun/jersey/jersey-servlet/1.19/jersey-servlet-1.19.jar:/home/user/.m2/repository/com/sun/jersey/jersey-json/1.19/jersey-json-1.19.jar:/home/user/.m2/repository/org/codehaus/jettison/jettison/1.1/jettison-1.1.jar:/home/user/.m2/repository/com/sun/xml/bind/jaxb-impl/2.3.0.1/jaxb-impl-2.3.0.1.jar:/home/user/.m2/repository/org/codehaus/jackson/jackson-core-asl/1.9.13/jackson-core-asl-1.9.13.jar:/home/user/.m2/repository/org/codehaus/jackson/jackson-mapper-asl/1.9.13/jackson-mapper-asl-1.9.13.jar:/home/user/.m2/repository/org/codehaus/jackson/jackson-jaxrs/1.9.13/jackson-jaxrs-1.9.13.jar:/home/user/.m2/repository/org/codehaus/jackson/jackson-xc/1.9.13/jackson-xc-1.9.13.jar:/home/user/.m2/repository/com/sun/jersey/jersey-server/1.19/jersey-server-1.19.jar:/home/user/.m2/repository/commons-logging/commons-logging/1.1.3/commons-logging-1.1.3.jar:/home/user/.m2/repository/log4j/log4j/1.2.17/log4j-1.2.17.jar:/home/user/.m2/repository/commons-beanutils/commons-beanutils/1.9.4/commons-beanutils-1.9.4.jar:/home/user/.m2/repository/org/apache/commons/commons-configuration2/2.1.1/commons-configuration2-2.1.1.jar:/home/user/.m2/repository/org/apache/commons/commons-lang3/3.7/commons-lang3-3.7.jar:/home/user/.m2/repository/org/apache/commons/commons-text/1.4/commons-text-1.4.jar:/home/user/.m2/repository/org/slf4j/slf4j-api/1.7.25/slf4j-api-1.7.25.jar:/home/user/.m2/repository/org/slf4j/slf4j-log4j12/1.7.25/slf4j-log4j12-1.7.25.jar:/home/user/.m2/repository/org/apache/avro/avro/1.7.7/avro-1.7.7.jar:/home/user/.m2/repository/com/thoughtworks/paranamer/paranamer/2.3/paranamer-2.3.jar:/home/user/.m2/repository/org/xerial/snappy/snappy-java/1.0.5/snappy-java-1.0.5.jar:/home/user/.m2/repository/com/google/re2j/re2j/1.1/re2j-1.1.jar:/home/user/.m2/repository/com/google/code/gson/gson/2.2.4/gson-2.2.4.jar:/home/user/.m2/repository/org/apache/hadoop/hadoop-auth/3.2.0/hadoop-auth-3.2.0.jar:/home/user/.m2/repository/com/nimbusds/nimbus-jose-jwt/4.41.1/nimbus-jose-jwt-4.41.1.jar:/home/user/.m2/repository/com/github/stephenc/jcip/jcip-annotations/1.0-1/jcip-annotations-1.0-1.jar:/home/user/.m2/repository/net/minidev/json-smart/2.3/json-smart-2.3.jar:/home/user/.m2/repository/net/minidev/accessors-smart/1.2/accessors-smart-1.2.jar:/home/user/.m2/repository/org/apache/curator/curator-framework/2.12.0/curator-framework-2.12.0.jar:/home/user/.m2/repository/com/jcraft/jsch/0.1.54/jsch-0.1.54.jar:/home/user/.m2/repository/org/apache/curator/curator-client/2.12.0/curator-client-2.12.0.jar:/home/user/.m2/repository/org/apache/curator/curator-recipes/2.12.0/curator-recipes-2.12.0.jar:/home/user/.m2/repository/com/google/code/findbugs/jsr305/3.0.0/jsr305-3.0.0.jar:/home/user/.m2/repository/org/apache/htrace/htrace-core4/4.1.0-incubating/htrace-core4-4.1.0-incubating.jar:/home/user/.m2/repository/org/apache/zookeeper/zookeeper/3.4.13/zookeeper-3.4.13.jar:/home/user/.m2/repository/jline/jline/0.9.94/jline-0.9.94.jar:/home/user/.m2/repository/org/apache/yetus/audience-annotations/0.5.0/audience-annotations-0.5.0.jar:/home/user/.m2/repository/org/apache/kerby/kerb-simplekdc/1.0.1/kerb-simplekdc-1.0.1.jar:/home/user/.m2/repository/org/apache/kerby/kerb-client/1.0.1/kerb-client-1.0.1.jar:/home/user/.m2/repository/org/apache/kerby/kerby-config/1.0.1/kerby-config-1.0.1.jar:/home/user/.m2/repository/org/apache/kerby/kerb-core/1.0.1/kerb-core-1.0.1.jar:/home/user/.m2/repository/org/apache/kerby/kerby-pkix/1.0.1/kerby-pkix-1.0.1.jar:/home/user/.m2/repository/org/apache/kerby/kerby-asn1/1.0.1/kerby-asn1-1.0.1.jar:/home/user/.m2/repository/org/apache/kerby/kerby-util/1.0.1/kerby-util-1.0.1.jar:/home/user/.m2/repository/org/apache/kerby/kerb-common/1.0.1/kerb-common-1.0.1.jar:/home/user/.m2/repository/org/apache/kerby/kerb-crypto/1.0.1/kerb-crypto-1.0.1.jar:/home/user/.m2/repository/org/apache/kerby/kerb-util/1.0.1/kerb-util-1.0.1.jar:/home/user/.m2/repository/org/apache/kerby/token-provider/1.0.1/token-provider-1.0.1.jar:/home/user/.m2/repository/org/apache/kerby/kerb-admin/1.0.1/kerb-admin-1.0.1.jar:/home/user/.m2/repository/org/apache/kerby/kerb-server/1.0.1/kerb-server-1.0.1.jar:/home/user/.m2/repository/org/apache/kerby/kerb-identity/1.0.1/kerb-identity-1.0.1.jar:/home/user/.m2/repository/org/apache/kerby/kerby-xdr/1.0.1/kerby-xdr-1.0.1.jar:/home/user/.m2/repository/com/fasterxml/jackson/core/jackson-databind/2.9.9/jackson-databind-2.9.9.jar:/home/user/.m2/repository/com/fasterxml/jackson/core/jackson-core/2.9.9/jackson-core-2.9.9.jar:/home/user/.m2/repository/org/codehaus/woodstox/stax2-api/3.1.4/stax2-api-3.1.4.jar:/home/user/.m2/repository/com/fasterxml/woodstox/woodstox-core/5.0.3/woodstox-core-5.0.3.jar:/home/user/.m2/repository/dnsjava/dnsjava/2.1.7/dnsjava-2.1.7.jar:/home/user/.m2/repository/org/apache/hadoop/hadoop-hdfs/3.2.0/hadoop-hdfs-3.2.0.jar:/home/user/.m2/repository/org/eclipse/jetty/jetty-util-ajax/9.3.25.v20180904/jetty-util-ajax-9.3.25.v20180904.jar:/home/user/.m2/repository/commons-daemon/commons-daemon/1.0.13/commons-daemon-1.0.13.jar:/home/user/.m2/repository/io/netty/netty/3.10.5.Final/netty-3.10.5.Final.jar:/home/user/.m2/repository/io/netty/netty-all/4.0.52.Final/netty-all-4.0.52.Final.jar:/home/user/.m2/repository/org/fusesource/leveldbjni/leveldbjni-all/1.8/leveldbjni-all-1.8.jar:/home/user/.m2/repository/com/sun/xml/bind/jaxb-core/2.3.0.1/jaxb-core-2.3.0.1.jar:/home/user/.m2/repository/javax/xml/bind/jaxb-api/2.3.0/jaxb-api-2.3.0.jar:/home/user/.m2/repository/javax/activation/activation/1.1.1/activation-1.1.1.jar:/home/user/.m2/repository/io/dropwizard/metrics/metrics-core/3.2.4/metrics-core-3.2.4.jar:/home/user/.m2/repository/org/openjdk/jmh/jmh-core/1.19/jmh-core-1.19.jar:/home/user/.m2/repository/net/sf/jopt-simple/jopt-simple/4.6/jopt-simple-4.6.jar:/home/user/.m2/repository/org/openjdk/jmh/jmh-generator-annprocess/1.19/jmh-generator-annprocess-1.19.jar:/home/user/.m2/repository/com/amazonaws/aws-java-sdk-s3/1.11.615/aws-java-sdk-s3-1.11.615.jar:/home/user/.m2/repository/com/amazonaws/aws-java-sdk-kms/1.11.615/aws-java-sdk-kms-1.11.615.jar:/home/user/.m2/repository/com/amazonaws/aws-java-sdk-core/1.11.615/aws-java-sdk-core-1.11.615.jar:/home/user/.m2/repository/software/amazon/ion/ion-java/1.0.2/ion-java-1.0.2.jar:/home/user/.m2/repository/com/fasterxml/jackson/dataformat/jackson-dataformat-cbor/2.9.9/jackson-dataformat-cbor-2.9.9.jar:/home/user/.m2/repository/joda-time/joda-time/2.9.9/joda-time-2.9.9.jar:/home/user/.m2/repository/com/amazonaws/jmespath-java/1.11.615/jmespath-java-1.11.615.jar:/home/user/.m2/repository/com/google/code/findbugs/findbugs/3.0.1/findbugs-3.0.1.jar:/home/user/.m2/repository/net/jcip/jcip-annotations/1.0/jcip-annotations-1.0.jar:/home/user/.m2/repository/com/google/code/findbugs/bcel-findbugs/6.0/bcel-findbugs-6.0.jar:/home/user/.m2/repository/com/google/code/findbugs/jFormatString/2.0.1/jFormatString-2.0.1.jar:/home/user/.m2/repository/dom4j/dom4j/1.6.1/dom4j-1.6.1.jar:/home/user/.m2/repository/xml-apis/xml-apis/1.0.b2/xml-apis-1.0.b2.jar:/home/user/.m2/repository/org/ow2/asm/asm-debug-all/5.0.2/asm-debug-all-5.0.2.jar:/home/user/.m2/repository/org/ow2/asm/asm-commons/5.0.2/asm-commons-5.0.2.jar:/home/user/.m2/repository/org/ow2/asm/asm-tree/5.0.2/asm-tree-5.0.2.jar:/home/user/.m2/repository/org/ow2/asm/asm/5.0.4/asm-5.0.4.jar:/home/user/.m2/repository/commons-lang/commons-lang/2.6/commons-lang-2.6.jar:/home/user/.m2/repository/com/apple/AppleJavaExtensions/1.4/AppleJavaExtensions-1.4.jar:/home/user/.m2/repository/jaxen/jaxen/1.1.6/jaxen-1.1.6.jar:/home/user/.m2/repository/junit/junit/4.11/junit-4.11.jar:/home/user/.m2/repository/org/hamcrest/hamcrest-core/1.3/hamcrest-core-1.3.jar:/home/user/.m2/repository/org/apache/hadoop/hadoop-common/3.2.0/hadoop-common-3.2.0-tests.jar:/workdir/hadoop-ozone/integration-test/target/test-classes:/home/user/.m2/repository/org/apache/hadoop/hadoop-ozone-s3gateway/0.5.0-SNAPSHOT/hadoop-ozone-s3gateway-0.5.0-SNAPSHOT.jar:/home/user/.m2/repository/org/jboss/weld/servlet/weld-servlet/2.4.7.Final/weld-servlet-2.4.7.Final.jar:/home/user/.m2/repository/org/glassfish/jersey/containers/jersey-container-servlet-core/2.27/jersey-container-servlet-core-2.27.jar:/home/user/.m2/repository/org/glassfish/hk2/external/javax.inject/2.5.0-b42/javax.inject-2.5.0-b42.jar:/home/user/.m2/repository/org/glassfish/jersey/core/jersey-common/2.27/jersey-common-2.27.jar:/home/user/.m2/repository/org/glassfish/hk2/osgi-resource-locator/1.0.1/osgi-resource-locator-1.0.1.jar:/home/user/.m2/repository/javax/ws/rs/javax.ws.rs-api/2.1/javax.ws.rs-api-2.1.jar:/home/user/.m2/repository/org/glassfish/jersey/ext/cdi/jersey-cdi1x/2.27/jersey-cdi1x-2.27.jar:/home/user/.m2/repository/org/glassfish/jersey/inject/jersey-hk2/2.27/jersey-hk2-2.27.jar:/home/user/.m2/repository/org/glassfish/hk2/hk2-locator/2.5.0-b42/hk2-locator-2.5.0-b42.jar:/home/user/.m2/repository/org/javassist/javassist/3.22.0-CR2/javassist-3.22.0-CR2.jar:/home/user/.m2/repository/org/glassfish/hk2/hk2-api/2.5.0/hk2-api-2.5.0.jar:/home/user/.m2/repository/org/glassfish/hk2/external/jakarta.inject/2.5.0/jakarta.inject-2.5.0.jar:/home/user/.m2/repository/org/glassfish/hk2/hk2-utils/2.5.0/hk2-utils-2.5.0.jar:/home/user/.m2/repository/jakarta/annotation/jakarta.annotation-api/1.3.4/jakarta.annotation-api-1.3.4.jar:/home/user/.m2/repository/org/glassfish/hk2/external/aopalliance-repackaged/2.5.0/aopalliance-repackaged-2.5.0.jar:/home/user/.m2/repository/com/fasterxml/jackson/dataformat/jackson-dataformat-xml/2.9.0/jackson-dataformat-xml-2.9.0.jar:/home/user/.m2/repository/com/fasterxml/jackson/module/jackson-module-jaxb-annotations/2.9.9/jackson-module-jaxb-annotations-2.9.9.jar:/home/user/.m2/repository/javax/enterprise/cdi-api/1.2/cdi-api-1.2.jar:/home/user/.m2/repository/javax/el/javax.el-api/3.0.0/javax.el-api-3.0.0.jar:/home/user/.m2/repository/javax/interceptor/javax.interceptor-api/1.2/javax.interceptor-api-1.2.jar:/home/user/.m2/repository/javax/inject/javax.inject/1/javax.inject-1.jar:/home/user/.m2/repository/org/apache/hadoop/hadoop-ozone-csi/0.5.0-SNAPSHOT/hadoop-ozone-csi-0.5.0-SNAPSHOT.jar:/home/user/.m2/repository/com/google/protobuf/protobuf-java-util/3.5.1/protobuf-java-util-3.5.1.jar:/home/user/.m2/repository/io/grpc/grpc-netty/1.17.1/grpc-netty-1.17.1.jar:/home/user/.m2/repository/io/grpc/grpc-core/1.17.1/grpc-core-1.17.1.jar:/home/user/.m2/repository/io/grpc/grpc-context/1.17.1/grpc-context-1.17.1.jar:/home/user/.m2/repository/com/google/errorprone/error_prone_annotations/2.2.0/error_prone_annotations-2.2.0.jar:/home/user/.m2/repository/org/codehaus/mojo/animal-sniffer-annotations/1.17/animal-sniffer-annotations-1.17.jar:/home/user/.m2/repository/io/opencensus/opencensus-api/0.17.0/opencensus-api-0.17.0.jar:/home/user/.m2/repository/io/opencensus/opencensus-contrib-grpc-metrics/0.17.0/opencensus-contrib-grpc-metrics-0.17.0.jar:/home/user/.m2/repository/io/netty/netty-codec-http2/4.1.30.Final/netty-codec-http2-4.1.30.Final.jar:/home/user/.m2/repository/io/netty/netty-codec-http/4.1.30.Final/netty-codec-http-4.1.30.Final.jar:/home/user/.m2/repository/io/netty/netty-codec/4.1.30.Final/netty-codec-4.1.30.Final.jar:/home/user/.m2/repository/io/netty/netty-handler/4.1.30.Final/netty-handler-4.1.30.Final.jar:/home/user/.m2/repository/io/netty/netty-handler-proxy/4.1.30.Final/netty-handler-proxy-4.1.30.Final.jar:/home/user/.m2/repository/io/netty/netty-codec-socks/4.1.30.Final/netty-codec-socks-4.1.30.Final.jar:/home/user/.m2/repository/io/netty/netty-transport-native-epoll/4.1.30.Final/netty-transport-native-epoll-4.1.30.Final.jar:/home/user/.m2/repository/io/netty/netty-common/4.1.30.Final/netty-common-4.1.30.Final.jar:/home/user/.m2/repository/io/netty/netty-buffer/4.1.30.Final/netty-buffer-4.1.30.Final.jar:/home/user/.m2/repository/io/netty/netty-transport/4.1.30.Final/netty-transport-4.1.30.Final.jar:/home/user/.m2/repository/io/netty/netty-resolver/4.1.30.Final/netty-resolver-4.1.30.Final.jar:/home/user/.m2/repository/io/netty/netty-transport-native-unix-common/4.1.30.Final/netty-transport-native-unix-common-4.1.30.Final.jar:/home/user/.m2/repository/io/grpc/grpc-protobuf/1.17.1/grpc-protobuf-1.17.1.jar:/home/user/.m2/repository/com/google/api/grpc/proto-google-common-protos/1.0.0/proto-google-common-protos-1.0.0.jar:/home/user/.m2/repository/io/grpc/grpc-protobuf-lite/1.17.1/grpc-protobuf-lite-1.17.1.jar:/home/user/.m2/repository/io/grpc/grpc-stub/1.17.1/grpc-stub-1.17.1.jar:/home/user/.m2/repository/org/apache/hadoop/hadoop-ozone-recon/0.5.0-SNAPSHOT/hadoop-ozone-recon-0.5.0-SNAPSHOT.jar:/home/user/.m2/repository/org/apache/hadoop/hadoop-ozone-reconcodegen/0.5.0-SNAPSHOT/hadoop-ozone-reconcodegen-0.5.0-SNAPSHOT.jar:/home/user/.m2/repository/com/google/inject/extensions/guice-multibindings/4.0/guice-multibindings-4.0.jar:/home/user/.m2/repository/com/google/inject/guice/4.0/guice-4.0.jar:/home/user/.m2/repository/aopalliance/aopalliance/1.0/aopalliance-1.0.jar:/home/user/.m2/repository/com/google/inject/extensions/guice-servlet/4.0/guice-servlet-4.0.jar:/home/user/.m2/repository/org/glassfish/jersey/containers/jersey-container-servlet/2.27/jersey-container-servlet-2.27.jar:/home/user/.m2/repository/org/glassfish/hk2/guice-bridge/2.5.0/guice-bridge-2.5.0.jar:/home/user/.m2/repository/org/glassfish/jersey/core/jersey-server/2.27/jersey-server-2.27.jar:/home/user/.m2/repository/org/glassfish/jersey/core/jersey-client/2.27/jersey-client-2.27.jar:/home/user/.m2/repository/org/glassfish/jersey/media/jersey-media-jaxb/2.27/jersey-media-jaxb-2.27.jar:/home/user/.m2/repository/javax/validation/validation-api/1.1.0.Final/validation-api-1.1.0.Final.jar:/home/user/.m2/repository/org/glassfish/jersey/media/jersey-media-json-jackson/2.27/jersey-media-json-jackson-2.27.jar:/home/user/.m2/repository/org/glassfish/jersey/ext/jersey-entity-filtering/2.27/jersey-entity-filtering-2.27.jar:/home/user/.m2/repository/com/google/inject/extensions/guice-assistedinject/4.0/guice-assistedinject-4.0.jar:/home/user/.m2/repository/org/jooq/jooq/3.11.10/jooq-3.11.10.jar:/home/user/.m2/repository/org/jooq/jooq-meta/3.11.10/jooq-meta-3.11.10.jar:/home/user/.m2/repository/org/jooq/jooq-codegen/3.11.10/jooq-codegen-3.11.10.jar:/home/user/.m2/repository/com/jolbox/bonecp/0.8.0.RELEASE/bonecp-0.8.0.RELEASE.jar:/home/user/.m2/repository/org/springframework/spring-jdbc/5.1.3.RELEASE/spring-jdbc-5.1.3.RELEASE.jar:/home/user/.m2/repository/org/springframework/spring-beans/5.1.3.RELEASE/spring-beans-5.1.3.RELEASE.jar:/home/user/.m2/repository/org/springframework/spring-core/5.1.3.RELEASE/spring-core-5.1.3.RELEASE.jar:/home/user/.m2/repository/org/springframework/spring-jcl/5.1.3.RELEASE/spring-jcl-5.1.3.RELEASE.jar:/home/user/.m2/repository/org/springframework/spring-tx/5.1.3.RELEASE/spring-tx-5.1.3.RELEASE.jar:/home/user/.m2/repository/org/mockito/mockito-core/2.15.0/mockito-core-2.15.0.jar:/home/user/.m2/repository/net/bytebuddy/byte-buddy/1.7.9/byte-buddy-1.7.9.jar:/home/user/.m2/repository/net/bytebuddy/byte-buddy-agent/1.7.9/byte-buddy-agent-1.7.9.jar:/home/user/.m2/repository/org/objenesis/objenesis/1.0/objenesis-1.0.jar:"/>
    <property name="java.vm.vendor" value="IcedTea"/>
    <property name="sun.arch.data.model" value="64"/>
    <property name="test.build.dir" value="/workdir/hadoop-ozone/tools/target/test-dir"/>
    <property name="test.cache.data" value=""/>
    <property name="java.vendor.url" value="https://icedtea.classpath.org"/>
    <property name="user.timezone" value=""/>
    <property name="java.vm.specification.version" value="1.8"/>
    <property name="os.name" value="Linux"/>
    <property name="test.build.data" value="/workdir/hadoop-ozone/tools/target/test-dir"/>
    <property name="user.country" value="US"/>
    <property name="sun.java.launcher" value="SUN_STANDARD"/>
    <property name="sun.boot.library.path" value="/usr/lib/jvm/java-1.8-openjdk/jre/lib/amd64"/>
    <property name="sun.java.command" value="/workdir/hadoop-ozone/tools/target/surefire/surefirebooter8719916732342781460.jar /workdir/hadoop-ozone/tools/target/surefire 2019-09-25T03-07-58_965-jvmRun1 surefire4741847437486424798tmp surefire_1102685417118964879667tmp"/>
    <property name="test" value="!TestMiniChaosOzoneCluster"/>
    <property name="surefire.test.class.path" value="/workdir/hadoop-ozone/tools/target/test-classes:/workdir/hadoop-ozone/tools/target/classes:/home/user/.m2/repository/org/apache/hadoop/hadoop-ozone-ozone-manager/0.5.0-SNAPSHOT/hadoop-ozone-ozone-manager-0.5.0-SNAPSHOT.jar:/home/user/.m2/repository/org/apache/hadoop/hadoop-hdds-docs/0.5.0-SNAPSHOT/hadoop-hdds-docs-0.5.0-SNAPSHOT.jar:/home/user/.m2/repository/org/bouncycastle/bcprov-jdk15on/1.60/bcprov-jdk15on-1.60.jar:/home/user/.m2/repository/org/apache/hadoop/hadoop-ozone-common/0.5.0-SNAPSHOT/hadoop-ozone-common-0.5.0-SNAPSHOT.jar:/home/user/.m2/repository/org/apache/commons/commons-compress/1.4.1/commons-compress-1.4.1.jar:/home/user/.m2/repository/org/tukaani/xz/1.0/xz-1.0.jar:/home/user/.m2/repository/org/apache/hadoop/hadoop-hdfs-client/3.2.0/hadoop-hdfs-client-3.2.0.jar:/home/user/.m2/repository/com/fasterxml/jackson/core/jackson-annotations/2.9.9/jackson-annotations-2.9.9.jar:/home/user/.m2/repository/org/apache/hadoop/hadoop-hdds-common/0.5.0-SNAPSHOT/hadoop-hdds-common-0.5.0-SNAPSHOT.jar:/home/user/.m2/repository/org/apache/hadoop/hadoop-hdds-config/0.5.0-SNAPSHOT/hadoop-hdds-config-0.5.0-SNAPSHOT.jar:/home/user/.m2/repository/javax/annotation/javax.annotation-api/1.2/javax.annotation-api-1.2.jar:/home/user/.m2/repository/org/apache/ratis/ratis-server/0.4.0/ratis-server-0.4.0.jar:/home/user/.m2/repository/org/apache/ratis/ratis-thirdparty-misc/0.2.0/ratis-thirdparty-misc-0.2.0.jar:/home/user/.m2/repository/org/apache/ratis/ratis-proto/0.4.0/ratis-proto-0.4.0.jar:/home/user/.m2/repository/org/apache/ratis/ratis-common/0.4.0/ratis-common-0.4.0.jar:/home/user/.m2/repository/org/apache/ratis/ratis-client/0.4.0/ratis-client-0.4.0.jar:/home/user/.m2/repository/org/apache/ratis/ratis-metrics/0.4.0/ratis-metrics-0.4.0.jar:/home/user/.m2/repository/com/github/joshelser/dropwizard-metrics-hadoop-metrics2-reporter/0.1.2/dropwizard-metrics-hadoop-metrics2-reporter-0.1.2.jar:/home/user/.m2/repository/io/dropwizard/metrics/metrics-jvm/3.2.5/metrics-jvm-3.2.5.jar:/home/user/.m2/repository/io/dropwizard/metrics/metrics-ganglia/3.2.5/metrics-ganglia-3.2.5.jar:/home/user/.m2/repository/info/ganglia/gmetric4j/gmetric4j/1.0.7/gmetric4j-1.0.7.jar:/home/user/.m2/repository/org/apache/ratis/ratis-netty/0.4.0/ratis-netty-0.4.0.jar:/home/user/.m2/repository/org/apache/ratis/ratis-grpc/0.4.0/ratis-grpc-0.4.0.jar:/home/user/.m2/repository/org/rocksdb/rocksdbjni/6.0.1/rocksdbjni-6.0.1.jar:/home/user/.m2/repository/org/apache/logging/log4j/log4j-api/2.11.0/log4j-api-2.11.0.jar:/home/user/.m2/repository/org/apache/logging/log4j/log4j-core/2.11.0/log4j-core-2.11.0.jar:/home/user/.m2/repository/com/lmax/disruptor/3.4.2/disruptor-3.4.2.jar:/home/user/.m2/repository/org/apache/commons/commons-pool2/2.6.0/commons-pool2-2.6.0.jar:/home/user/.m2/repository/org/bouncycastle/bcpkix-jdk15on/1.60/bcpkix-jdk15on-1.60.jar:/home/user/.m2/repository/commons-validator/commons-validator/1.6/commons-validator-1.6.jar:/home/user/.m2/repository/commons-digester/commons-digester/1.8.1/commons-digester-1.8.1.jar:/home/user/.m2/repository/io/jaegertracing/jaeger-client/0.34.0/jaeger-client-0.34.0.jar:/home/user/.m2/repository/io/jaegertracing/jaeger-thrift/0.34.0/jaeger-thrift-0.34.0.jar:/home/user/.m2/repository/org/apache/thrift/libthrift/0.12.0/libthrift-0.12.0.jar:/home/user/.m2/repository/com/squareup/okhttp3/okhttp/3.9.0/okhttp-3.9.0.jar:/home/user/.m2/repository/com/squareup/okio/okio/1.13.0/okio-1.13.0.jar:/home/user/.m2/repository/io/jaegertracing/jaeger-core/0.34.0/jaeger-core-0.34.0.jar:/home/user/.m2/repository/io/jaegertracing/jaeger-tracerresolver/0.34.0/jaeger-tracerresolver-0.34.0.jar:/home/user/.m2/repository/io/opentracing/contrib/opentracing-tracerresolver/0.1.5/opentracing-tracerresolver-0.1.5.jar:/home/user/.m2/repository/io/opentracing/opentracing-util/0.31.0/opentracing-util-0.31.0.jar:/home/user/.m2/repository/io/opentracing/opentracing-api/0.31.0/opentracing-api-0.31.0.jar:/home/user/.m2/repository/io/opentracing/opentracing-noop/0.31.0/opentracing-noop-0.31.0.jar:/home/user/.m2/repository/org/yaml/snakeyaml/1.16/snakeyaml-1.16.jar:/home/user/.m2/repository/org/apache/hadoop/hadoop-hdds-container-service/0.5.0-SNAPSHOT/hadoop-hdds-container-service-0.5.0-SNAPSHOT.jar:/home/user/.m2/repository/org/apache/hadoop/hadoop-hdds-client/0.5.0-SNAPSHOT/hadoop-hdds-client-0.5.0-SNAPSHOT.jar:/home/user/.m2/repository/org/apache/hadoop/hadoop-hdds-tools/0.5.0-SNAPSHOT/hadoop-hdds-tools-0.5.0-SNAPSHOT.jar:/home/user/.m2/repository/org/xerial/sqlite-jdbc/3.25.2/sqlite-jdbc-3.25.2.jar:/home/user/.m2/repository/org/apache/hadoop/hadoop-hdds-server-scm/0.5.0-SNAPSHOT/hadoop-hdds-server-scm-0.5.0-SNAPSHOT.jar:/home/user/.m2/repository/org/hamcrest/hamcrest-all/1.3/hamcrest-all-1.3.jar:/home/user/.m2/repository/info/picocli/picocli/3.9.6/picocli-3.9.6.jar:/home/user/.m2/repository/com/google/protobuf/protobuf-java/2.5.0/protobuf-java-2.5.0.jar:/home/user/.m2/repository/com/google/guava/guava/11.0.2/guava-11.0.2.jar:/home/user/.m2/repository/org/apache/hadoop/hadoop-ozone-client/0.5.0-SNAPSHOT/hadoop-ozone-client-0.5.0-SNAPSHOT.jar:/workdir/hadoop-ozone/ozonefs/target/classes:/home/user/.m2/repository/org/apache/hadoop/hadoop-hdds-server-framework/0.5.0-SNAPSHOT/hadoop-hdds-server-framework-0.5.0-SNAPSHOT.jar:/home/user/.m2/repository/org/apache/hadoop/hadoop-common/3.2.0/hadoop-common-3.2.0.jar:/home/user/.m2/repository/org/apache/hadoop/hadoop-annotations/3.2.0/hadoop-annotations-3.2.0.jar:/usr/lib/jvm/java-1.8-openjdk/jre/../lib/tools.jar:/home/user/.m2/repository/commons-cli/commons-cli/1.2/commons-cli-1.2.jar:/home/user/.m2/repository/org/apache/commons/commons-math3/3.1.1/commons-math3-3.1.1.jar:/home/user/.m2/repository/org/apache/httpcomponents/httpclient/4.5.2/httpclient-4.5.2.jar:/home/user/.m2/repository/org/apache/httpcomponents/httpcore/4.4.4/httpcore-4.4.4.jar:/home/user/.m2/repository/commons-codec/commons-codec/1.11/commons-codec-1.11.jar:/home/user/.m2/repository/commons-io/commons-io/2.5/commons-io-2.5.jar:/home/user/.m2/repository/commons-net/commons-net/3.6/commons-net-3.6.jar:/home/user/.m2/repository/commons-collections/commons-collections/3.2.2/commons-collections-3.2.2.jar:/home/user/.m2/repository/javax/servlet/javax.servlet-api/3.1.0/javax.servlet-api-3.1.0.jar:/home/user/.m2/repository/org/eclipse/jetty/jetty-server/9.3.25.v20180904/jetty-server-9.3.25.v20180904.jar:/home/user/.m2/repository/org/eclipse/jetty/jetty-http/9.3.25.v20180904/jetty-http-9.3.25.v20180904.jar:/home/user/.m2/repository/org/eclipse/jetty/jetty-io/9.3.25.v20180904/jetty-io-9.3.25.v20180904.jar:/home/user/.m2/repository/org/eclipse/jetty/jetty-util/9.3.25.v20180904/jetty-util-9.3.25.v20180904.jar:/home/user/.m2/repository/org/eclipse/jetty/jetty-servlet/9.3.25.v20180904/jetty-servlet-9.3.25.v20180904.jar:/home/user/.m2/repository/org/eclipse/jetty/jetty-security/9.3.25.v20180904/jetty-security-9.3.25.v20180904.jar:/home/user/.m2/repository/org/eclipse/jetty/jetty-webapp/9.3.25.v20180904/jetty-webapp-9.3.25.v20180904.jar:/home/user/.m2/repository/org/eclipse/jetty/jetty-xml/9.3.25.v20180904/jetty-xml-9.3.25.v20180904.jar:/home/user/.m2/repository/javax/servlet/jsp/jsp-api/2.1/jsp-api-2.1.jar:/home/user/.m2/repository/com/sun/jersey/jersey-core/1.19/jersey-core-1.19.jar:/home/user/.m2/repository/javax/ws/rs/jsr311-api/1.1.1/jsr311-api-1.1.1.jar:/home/user/.m2/repository/com/sun/jersey/jersey-servlet/1.19/jersey-servlet-1.19.jar:/home/user/.m2/repository/com/sun/jersey/jersey-json/1.19/jersey-json-1.19.jar:/home/user/.m2/repository/org/codehaus/jettison/jettison/1.1/jettison-1.1.jar:/home/user/.m2/repository/com/sun/xml/bind/jaxb-impl/2.3.0.1/jaxb-impl-2.3.0.1.jar:/home/user/.m2/repository/org/codehaus/jackson/jackson-core-asl/1.9.13/jackson-core-asl-1.9.13.jar:/home/user/.m2/repository/org/codehaus/jackson/jackson-mapper-asl/1.9.13/jackson-mapper-asl-1.9.13.jar:/home/user/.m2/repository/org/codehaus/jackson/jackson-jaxrs/1.9.13/jackson-jaxrs-1.9.13.jar:/home/user/.m2/repository/org/codehaus/jackson/jackson-xc/1.9.13/jackson-xc-1.9.13.jar:/home/user/.m2/repository/com/sun/jersey/jersey-server/1.19/jersey-server-1.19.jar:/home/user/.m2/repository/commons-logging/commons-logging/1.1.3/commons-logging-1.1.3.jar:/home/user/.m2/repository/log4j/log4j/1.2.17/log4j-1.2.17.jar:/home/user/.m2/repository/commons-beanutils/commons-beanutils/1.9.4/commons-beanutils-1.9.4.jar:/home/user/.m2/repository/org/apache/commons/commons-configuration2/2.1.1/commons-configuration2-2.1.1.jar:/home/user/.m2/repository/org/apache/commons/commons-lang3/3.7/commons-lang3-3.7.jar:/home/user/.m2/repository/org/apache/commons/commons-text/1.4/commons-text-1.4.jar:/home/user/.m2/repository/org/slf4j/slf4j-api/1.7.25/slf4j-api-1.7.25.jar:/home/user/.m2/repository/org/slf4j/slf4j-log4j12/1.7.25/slf4j-log4j12-1.7.25.jar:/home/user/.m2/repository/org/apache/avro/avro/1.7.7/avro-1.7.7.jar:/home/user/.m2/repository/com/thoughtworks/paranamer/paranamer/2.3/paranamer-2.3.jar:/home/user/.m2/repository/org/xerial/snappy/snappy-java/1.0.5/snappy-java-1.0.5.jar:/home/user/.m2/repository/com/google/re2j/re2j/1.1/re2j-1.1.jar:/home/user/.m2/repository/com/google/code/gson/gson/2.2.4/gson-2.2.4.jar:/home/user/.m2/repository/org/apache/hadoop/hadoop-auth/3.2.0/hadoop-auth-3.2.0.jar:/home/user/.m2/repository/com/nimbusds/nimbus-jose-jwt/4.41.1/nimbus-jose-jwt-4.41.1.jar:/home/user/.m2/repository/com/github/stephenc/jcip/jcip-annotations/1.0-1/jcip-annotations-1.0-1.jar:/home/user/.m2/repository/net/minidev/json-smart/2.3/json-smart-2.3.jar:/home/user/.m2/repository/net/minidev/accessors-smart/1.2/accessors-smart-1.2.jar:/home/user/.m2/repository/org/apache/curator/curator-framework/2.12.0/curator-framework-2.12.0.jar:/home/user/.m2/repository/com/jcraft/jsch/0.1.54/jsch-0.1.54.jar:/home/user/.m2/repository/org/apache/curator/curator-client/2.12.0/curator-client-2.12.0.jar:/home/user/.m2/repository/org/apache/curator/curator-recipes/2.12.0/curator-recipes-2.12.0.jar:/home/user/.m2/repository/com/google/code/findbugs/jsr305/3.0.0/jsr305-3.0.0.jar:/home/user/.m2/repository/org/apache/htrace/htrace-core4/4.1.0-incubating/htrace-core4-4.1.0-incubating.jar:/home/user/.m2/repository/org/apache/zookeeper/zookeeper/3.4.13/zookeeper-3.4.13.jar:/home/user/.m2/repository/jline/jline/0.9.94/jline-0.9.94.jar:/home/user/.m2/repository/org/apache/yetus/audience-annotations/0.5.0/audience-annotations-0.5.0.jar:/home/user/.m2/repository/org/apache/kerby/kerb-simplekdc/1.0.1/kerb-simplekdc-1.0.1.jar:/home/user/.m2/repository/org/apache/kerby/kerb-client/1.0.1/kerb-client-1.0.1.jar:/home/user/.m2/repository/org/apache/kerby/kerby-config/1.0.1/kerby-config-1.0.1.jar:/home/user/.m2/repository/org/apache/kerby/kerb-core/1.0.1/kerb-core-1.0.1.jar:/home/user/.m2/repository/org/apache/kerby/kerby-pkix/1.0.1/kerby-pkix-1.0.1.jar:/home/user/.m2/repository/org/apache/kerby/kerby-asn1/1.0.1/kerby-asn1-1.0.1.jar:/home/user/.m2/repository/org/apache/kerby/kerby-util/1.0.1/kerby-util-1.0.1.jar:/home/user/.m2/repository/org/apache/kerby/kerb-common/1.0.1/kerb-common-1.0.1.jar:/home/user/.m2/repository/org/apache/kerby/kerb-crypto/1.0.1/kerb-crypto-1.0.1.jar:/home/user/.m2/repository/org/apache/kerby/kerb-util/1.0.1/kerb-util-1.0.1.jar:/home/user/.m2/repository/org/apache/kerby/token-provider/1.0.1/token-provider-1.0.1.jar:/home/user/.m2/repository/org/apache/kerby/kerb-admin/1.0.1/kerb-admin-1.0.1.jar:/home/user/.m2/repository/org/apache/kerby/kerb-server/1.0.1/kerb-server-1.0.1.jar:/home/user/.m2/repository/org/apache/kerby/kerb-identity/1.0.1/kerb-identity-1.0.1.jar:/home/user/.m2/repository/org/apache/kerby/kerby-xdr/1.0.1/kerby-xdr-1.0.1.jar:/home/user/.m2/repository/com/fasterxml/jackson/core/jackson-databind/2.9.9/jackson-databind-2.9.9.jar:/home/user/.m2/repository/com/fasterxml/jackson/core/jackson-core/2.9.9/jackson-core-2.9.9.jar:/home/user/.m2/repository/org/codehaus/woodstox/stax2-api/3.1.4/stax2-api-3.1.4.jar:/home/user/.m2/repository/com/fasterxml/woodstox/woodstox-core/5.0.3/woodstox-core-5.0.3.jar:/home/user/.m2/repository/dnsjava/dnsjava/2.1.7/dnsjava-2.1.7.jar:/home/user/.m2/repository/org/apache/hadoop/hadoop-hdfs/3.2.0/hadoop-hdfs-3.2.0.jar:/home/user/.m2/repository/org/eclipse/jetty/jetty-util-ajax/9.3.25.v20180904/jetty-util-ajax-9.3.25.v20180904.jar:/home/user/.m2/repository/commons-daemon/commons-daemon/1.0.13/commons-daemon-1.0.13.jar:/home/user/.m2/repository/io/netty/netty/3.10.5.Final/netty-3.10.5.Final.jar:/home/user/.m2/repository/io/netty/netty-all/4.0.52.Final/netty-all-4.0.52.Final.jar:/home/user/.m2/repository/org/fusesource/leveldbjni/leveldbjni-all/1.8/leveldbjni-all-1.8.jar:/home/user/.m2/repository/com/sun/xml/bind/jaxb-core/2.3.0.1/jaxb-core-2.3.0.1.jar:/home/user/.m2/repository/javax/xml/bind/jaxb-api/2.3.0/jaxb-api-2.3.0.jar:/home/user/.m2/repository/javax/activation/activation/1.1.1/activation-1.1.1.jar:/home/user/.m2/repository/io/dropwizard/metrics/metrics-core/3.2.4/metrics-core-3.2.4.jar:/home/user/.m2/repository/org/openjdk/jmh/jmh-core/1.19/jmh-core-1.19.jar:/home/user/.m2/repository/net/sf/jopt-simple/jopt-simple/4.6/jopt-simple-4.6.jar:/home/user/.m2/repository/org/openjdk/jmh/jmh-generator-annprocess/1.19/jmh-generator-annprocess-1.19.jar:/home/user/.m2/repository/com/amazonaws/aws-java-sdk-s3/1.11.615/aws-java-sdk-s3-1.11.615.jar:/home/user/.m2/repository/com/amazonaws/aws-java-sdk-kms/1.11.615/aws-java-sdk-kms-1.11.615.jar:/home/user/.m2/repository/com/amazonaws/aws-java-sdk-core/1.11.615/aws-java-sdk-core-1.11.615.jar:/home/user/.m2/repository/software/amazon/ion/ion-java/1.0.2/ion-java-1.0.2.jar:/home/user/.m2/repository/com/fasterxml/jackson/dataformat/jackson-dataformat-cbor/2.9.9/jackson-dataformat-cbor-2.9.9.jar:/home/user/.m2/repository/joda-time/joda-time/2.9.9/joda-time-2.9.9.jar:/home/user/.m2/repository/com/amazonaws/jmespath-java/1.11.615/jmespath-java-1.11.615.jar:/home/user/.m2/repository/com/google/code/findbugs/findbugs/3.0.1/findbugs-3.0.1.jar:/home/user/.m2/repository/net/jcip/jcip-annotations/1.0/jcip-annotations-1.0.jar:/home/user/.m2/repository/com/google/code/findbugs/bcel-findbugs/6.0/bcel-findbugs-6.0.jar:/home/user/.m2/repository/com/google/code/findbugs/jFormatString/2.0.1/jFormatString-2.0.1.jar:/home/user/.m2/repository/dom4j/dom4j/1.6.1/dom4j-1.6.1.jar:/home/user/.m2/repository/xml-apis/xml-apis/1.0.b2/xml-apis-1.0.b2.jar:/home/user/.m2/repository/org/ow2/asm/asm-debug-all/5.0.2/asm-debug-all-5.0.2.jar:/home/user/.m2/repository/org/ow2/asm/asm-commons/5.0.2/asm-commons-5.0.2.jar:/home/user/.m2/repository/org/ow2/asm/asm-tree/5.0.2/asm-tree-5.0.2.jar:/home/user/.m2/repository/org/ow2/asm/asm/5.0.4/asm-5.0.4.jar:/home/user/.m2/repository/commons-lang/commons-lang/2.6/commons-lang-2.6.jar:/home/user/.m2/repository/com/apple/AppleJavaExtensions/1.4/AppleJavaExtensions-1.4.jar:/home/user/.m2/repository/jaxen/jaxen/1.1.6/jaxen-1.1.6.jar:/home/user/.m2/repository/junit/junit/4.11/junit-4.11.jar:/home/user/.m2/repository/org/hamcrest/hamcrest-core/1.3/hamcrest-core-1.3.jar:/home/user/.m2/repository/org/apache/hadoop/hadoop-common/3.2.0/hadoop-common-3.2.0-tests.jar:/workdir/hadoop-ozone/integration-test/target/test-classes:/home/user/.m2/repository/org/apache/hadoop/hadoop-ozone-s3gateway/0.5.0-SNAPSHOT/hadoop-ozone-s3gateway-0.5.0-SNAPSHOT.jar:/home/user/.m2/repository/org/jboss/weld/servlet/weld-servlet/2.4.7.Final/weld-servlet-2.4.7.Final.jar:/home/user/.m2/repository/org/glassfish/jersey/containers/jersey-container-servlet-core/2.27/jersey-container-servlet-core-2.27.jar:/home/user/.m2/repository/org/glassfish/hk2/external/javax.inject/2.5.0-b42/javax.inject-2.5.0-b42.jar:/home/user/.m2/repository/org/glassfish/jersey/core/jersey-common/2.27/jersey-common-2.27.jar:/home/user/.m2/repository/org/glassfish/hk2/osgi-resource-locator/1.0.1/osgi-resource-locator-1.0.1.jar:/home/user/.m2/repository/javax/ws/rs/javax.ws.rs-api/2.1/javax.ws.rs-api-2.1.jar:/home/user/.m2/repository/org/glassfish/jersey/ext/cdi/jersey-cdi1x/2.27/jersey-cdi1x-2.27.jar:/home/user/.m2/repository/org/glassfish/jersey/inject/jersey-hk2/2.27/jersey-hk2-2.27.jar:/home/user/.m2/repository/org/glassfish/hk2/hk2-locator/2.5.0-b42/hk2-locator-2.5.0-b42.jar:/home/user/.m2/repository/org/javassist/javassist/3.22.0-CR2/javassist-3.22.0-CR2.jar:/home/user/.m2/repository/org/glassfish/hk2/hk2-api/2.5.0/hk2-api-2.5.0.jar:/home/user/.m2/repository/org/glassfish/hk2/external/jakarta.inject/2.5.0/jakarta.inject-2.5.0.jar:/home/user/.m2/repository/org/glassfish/hk2/hk2-utils/2.5.0/hk2-utils-2.5.0.jar:/home/user/.m2/repository/jakarta/annotation/jakarta.annotation-api/1.3.4/jakarta.annotation-api-1.3.4.jar:/home/user/.m2/repository/org/glassfish/hk2/external/aopalliance-repackaged/2.5.0/aopalliance-repackaged-2.5.0.jar:/home/user/.m2/repository/com/fasterxml/jackson/dataformat/jackson-dataformat-xml/2.9.0/jackson-dataformat-xml-2.9.0.jar:/home/user/.m2/repository/com/fasterxml/jackson/module/jackson-module-jaxb-annotations/2.9.9/jackson-module-jaxb-annotations-2.9.9.jar:/home/user/.m2/repository/javax/enterprise/cdi-api/1.2/cdi-api-1.2.jar:/home/user/.m2/repository/javax/el/javax.el-api/3.0.0/javax.el-api-3.0.0.jar:/home/user/.m2/repository/javax/interceptor/javax.interceptor-api/1.2/javax.interceptor-api-1.2.jar:/home/user/.m2/repository/javax/inject/javax.inject/1/javax.inject-1.jar:/home/user/.m2/repository/org/apache/hadoop/hadoop-ozone-csi/0.5.0-SNAPSHOT/hadoop-ozone-csi-0.5.0-SNAPSHOT.jar:/home/user/.m2/repository/com/google/protobuf/protobuf-java-util/3.5.1/protobuf-java-util-3.5.1.jar:/home/user/.m2/repository/io/grpc/grpc-netty/1.17.1/grpc-netty-1.17.1.jar:/home/user/.m2/repository/io/grpc/grpc-core/1.17.1/grpc-core-1.17.1.jar:/home/user/.m2/repository/io/grpc/grpc-context/1.17.1/grpc-context-1.17.1.jar:/home/user/.m2/repository/com/google/errorprone/error_prone_annotations/2.2.0/error_prone_annotations-2.2.0.jar:/home/user/.m2/repository/org/codehaus/mojo/animal-sniffer-annotations/1.17/animal-sniffer-annotations-1.17.jar:/home/user/.m2/repository/io/opencensus/opencensus-api/0.17.0/opencensus-api-0.17.0.jar:/home/user/.m2/repository/io/opencensus/opencensus-contrib-grpc-metrics/0.17.0/opencensus-contrib-grpc-metrics-0.17.0.jar:/home/user/.m2/repository/io/netty/netty-codec-http2/4.1.30.Final/netty-codec-http2-4.1.30.Final.jar:/home/user/.m2/repository/io/netty/netty-codec-http/4.1.30.Final/netty-codec-http-4.1.30.Final.jar:/home/user/.m2/repository/io/netty/netty-codec/4.1.30.Final/netty-codec-4.1.30.Final.jar:/home/user/.m2/repository/io/netty/netty-handler/4.1.30.Final/netty-handler-4.1.30.Final.jar:/home/user/.m2/repository/io/netty/netty-handler-proxy/4.1.30.Final/netty-handler-proxy-4.1.30.Final.jar:/home/user/.m2/repository/io/netty/netty-codec-socks/4.1.30.Final/netty-codec-socks-4.1.30.Final.jar:/home/user/.m2/repository/io/netty/netty-transport-native-epoll/4.1.30.Final/netty-transport-native-epoll-4.1.30.Final.jar:/home/user/.m2/repository/io/netty/netty-common/4.1.30.Final/netty-common-4.1.30.Final.jar:/home/user/.m2/repository/io/netty/netty-buffer/4.1.30.Final/netty-buffer-4.1.30.Final.jar:/home/user/.m2/repository/io/netty/netty-transport/4.1.30.Final/netty-transport-4.1.30.Final.jar:/home/user/.m2/repository/io/netty/netty-resolver/4.1.30.Final/netty-resolver-4.1.30.Final.jar:/home/user/.m2/repository/io/netty/netty-transport-native-unix-common/4.1.30.Final/netty-transport-native-unix-common-4.1.30.Final.jar:/home/user/.m2/repository/io/grpc/grpc-protobuf/1.17.1/grpc-protobuf-1.17.1.jar:/home/user/.m2/repository/com/google/api/grpc/proto-google-common-protos/1.0.0/proto-google-common-protos-1.0.0.jar:/home/user/.m2/repository/io/grpc/grpc-protobuf-lite/1.17.1/grpc-protobuf-lite-1.17.1.jar:/home/user/.m2/repository/io/grpc/grpc-stub/1.17.1/grpc-stub-1.17.1.jar:/home/user/.m2/repository/org/apache/hadoop/hadoop-ozone-recon/0.5.0-SNAPSHOT/hadoop-ozone-recon-0.5.0-SNAPSHOT.jar:/home/user/.m2/repository/org/apache/hadoop/hadoop-ozone-reconcodegen/0.5.0-SNAPSHOT/hadoop-ozone-reconcodegen-0.5.0-SNAPSHOT.jar:/home/user/.m2/repository/com/google/inject/extensions/guice-multibindings/4.0/guice-multibindings-4.0.jar:/home/user/.m2/repository/com/google/inject/guice/4.0/guice-4.0.jar:/home/user/.m2/repository/aopalliance/aopalliance/1.0/aopalliance-1.0.jar:/home/user/.m2/repository/com/google/inject/extensions/guice-servlet/4.0/guice-servlet-4.0.jar:/home/user/.m2/repository/org/glassfish/jersey/containers/jersey-container-servlet/2.27/jersey-container-servlet-2.27.jar:/home/user/.m2/repository/org/glassfish/hk2/guice-bridge/2.5.0/guice-bridge-2.5.0.jar:/home/user/.m2/repository/org/glassfish/jersey/core/jersey-server/2.27/jersey-server-2.27.jar:/home/user/.m2/repository/org/glassfish/jersey/core/jersey-client/2.27/jersey-client-2.27.jar:/home/user/.m2/repository/org/glassfish/jersey/media/jersey-media-jaxb/2.27/jersey-media-jaxb-2.27.jar:/home/user/.m2/repository/javax/validation/validation-api/1.1.0.Final/validation-api-1.1.0.Final.jar:/home/user/.m2/repository/org/glassfish/jersey/media/jersey-media-json-jackson/2.27/jersey-media-json-jackson-2.27.jar:/home/user/.m2/repository/org/glassfish/jersey/ext/jersey-entity-filtering/2.27/jersey-entity-filtering-2.27.jar:/home/user/.m2/repository/com/google/inject/extensions/guice-assistedinject/4.0/guice-assistedinject-4.0.jar:/home/user/.m2/repository/org/jooq/jooq/3.11.10/jooq-3.11.10.jar:/home/user/.m2/repository/org/jooq/jooq-meta/3.11.10/jooq-meta-3.11.10.jar:/home/user/.m2/repository/org/jooq/jooq-codegen/3.11.10/jooq-codegen-3.11.10.jar:/home/user/.m2/repository/com/jolbox/bonecp/0.8.0.RELEASE/bonecp-0.8.0.RELEASE.jar:/home/user/.m2/repository/org/springframework/spring-jdbc/5.1.3.RELEASE/spring-jdbc-5.1.3.RELEASE.jar:/home/user/.m2/repository/org/springframework/spring-beans/5.1.3.RELEASE/spring-beans-5.1.3.RELEASE.jar:/home/user/.m2/repository/org/springframework/spring-core/5.1.3.RELEASE/spring-core-5.1.3.RELEASE.jar:/home/user/.m2/repository/org/springframework/spring-jcl/5.1.3.RELEASE/spring-jcl-5.1.3.RELEASE.jar:/home/user/.m2/repository/org/springframework/spring-tx/5.1.3.RELEASE/spring-tx-5.1.3.RELEASE.jar:/home/user/.m2/repository/org/mockito/mockito-core/2.15.0/mockito-core-2.15.0.jar:/home/user/.m2/repository/net/bytebuddy/byte-buddy/1.7.9/byte-buddy-1.7.9.jar:/home/user/.m2/repository/net/bytebuddy/byte-buddy-agent/1.7.9/byte-buddy-agent-1.7.9.jar:/home/user/.m2/repository/org/objenesis/objenesis/1.0/objenesis-1.0.jar:"/>
    <property name="sun.cpu.endian" value="little"/>
    <property name="user.home" value="/home/user"/>
    <property name="user.language" value="en"/>
    <property name="java.specification.vendor" value="Oracle Corporation"/>
    <property name="java.home" value="/usr/lib/jvm/java-1.8-openjdk/jre"/>
    <property name="java.security.krb5.conf" value="/workdir/hadoop-ozone/tools/target/test-classes/krb5.conf"/>
    <property name="basedir" value="/workdir/hadoop-ozone/tools"/>
    <property name="file.separator" value="/"/>
    <property name="line.separator" value="&#10;"/>
    <property name="java.vm.specification.vendor" value="Oracle Corporation"/>
    <property name="java.specification.name" value="Java Platform API Specification"/>
    <property name="java.awt.graphicsenv" value="sun.awt.X11GraphicsEnvironment"/>
    <property name="surefire.real.class.path" value="/workdir/hadoop-ozone/tools/target/surefire/surefirebooter8719916732342781460.jar"/>
    <property name="hadoop.log.dir" value="/workdir/hadoop-ozone/tools/target/log"/>
    <property name="sun.boot.class.path" value="/usr/lib/jvm/java-1.8-openjdk/jre/lib/resources.jar:/usr/lib/jvm/java-1.8-openjdk/jre/lib/rt.jar:/usr/lib/jvm/java-1.8-openjdk/jre/lib/sunrsasign.jar:/usr/lib/jvm/java-1.8-openjdk/jre/lib/jsse.jar:/usr/lib/jvm/java-1.8-openjdk/jre/lib/jce.jar:/usr/lib/jvm/java-1.8-openjdk/jre/lib/charsets.jar:/usr/lib/jvm/java-1.8-openjdk/jre/lib/jfr.jar:/usr/lib/jvm/java-1.8-openjdk/jre/classes"/>
    <property name="sun.management.compiler" value="HotSpot 64-Bit Tiered Compilers"/>
    <property name="java.runtime.version" value="1.8.0_212-b04"/>
    <property name="java.net.preferIPv4Stack" value="true"/>
    <property name="user.name" value="jenkins1000"/>
    <property name="path.separator" value=":"/>
    <property name="java.security.egd" value="file:///dev/urandom"/>
    <property name="os.version" value="3.10.0-957.12.2.el7.x86_64"/>
    <property name="java.endorsed.dirs" value="/usr/lib/jvm/java-1.8-openjdk/jre/lib/endorsed"/>
    <property name="java.runtime.name" value="OpenJDK Runtime Environment"/>
    <property name="file.encoding" value="UTF-8"/>
    <property name="java.vm.name" value="OpenJDK 64-Bit Server VM"/>
    <property name="test.build.webapps" value=""/>
    <property name="localRepository" value="/home/user/.m2/repository"/>
    <property name="java.vendor.url.bug" value="https://icedtea.classpath.org/bugzilla"/>
    <property name="java.io.tmpdir" value="/tmp"/>
    <property name="require.test.libhadoop" value=""/>
    <property name="java.version" value="1.8.0_212"/>
    <property name="user.dir" value="/workdir/hadoop-ozone/tools"/>
    <property name="os.arch" value="amd64"/>
    <property name="java.vm.specification.name" value="Java Virtual Machine Specification"/>
    <property name="test.build.classes" value="/workdir/hadoop-ozone/tools/target/test-classes"/>
    <property name="java.awt.printerjob" value="sun.print.PSPrinterJob"/>
    <property name="sun.os.patch.level" value="unknown"/>
    <property name="hadoop.tmp.dir" value="/workdir/hadoop-ozone/tools/target/tmp"/>
    <property name="java.library.path" value="/usr/lib/jvm/java-1.8-openjdk/jre/lib/amd64/server:/usr/lib/jvm/java-1.8-openjdk/jre/lib/amd64:/usr/lib/jvm/java-1.8-openjdk/jre/../lib/amd64:/workdir/hadoop-ozone/tools/target/native/target/usr/local/lib:/workdir/hadoop-ozone/tools/../../hadoop-common-project/hadoop-common/target/native/target/usr/local/lib:/usr/java/packages/lib/amd64:/usr/lib64:/lib64:/lib:/usr/lib"/>
    <property name="java.vm.info" value="mixed mode"/>
    <property name="java.vendor" value="IcedTea"/>
    <property name="java.vm.version" value="25.212-b04"/>
    <property name="java.ext.dirs" value="/usr/lib/jvm/java-1.8-openjdk/jre/lib/ext:/usr/java/packages/lib/ext"/>
    <property name="sun.io.unicode.encoding" value="UnicodeLittle"/>
    <property name="java.class.version" value="52.0"/>
  </properties>
  <testcase name="validateWriteTest" classname="org.apache.hadoop.ozone.freon.TestDataValidateWithDummyContainers" time="0.001"/>
  <testcase name="ratisTestLargeKey" classname="org.apache.hadoop.ozone.freon.TestDataValidateWithDummyContainers" time="6.731">
    <error message="Allocated 0 blocks. Requested 5 blocks" type="INTERNAL_ERROR org.apache.hadoop.ozone.om.exceptions.OMException">INTERNAL_ERROR org.apache.hadoop.ozone.om.exceptions.OMException: Allocated 0 blocks. Requested 5 blocks
	at org.apache.hadoop.ozone.om.protocolPB.OzoneManagerProtocolClientSideTranslatorPB.handleError(OzoneManagerProtocolClientSideTranslatorPB.java:732)
	at org.apache.hadoop.ozone.om.protocolPB.OzoneManagerProtocolClientSideTranslatorPB.openKey(OzoneManagerProtocolClientSideTranslatorPB.java:723)
	at sun.reflect.NativeMethodAccessorImpl.invoke0(Native Method)
	at sun.reflect.NativeMethodAccessorImpl.invoke(NativeMethodAccessorImpl.java:62)
	at sun.reflect.DelegatingMethodAccessorImpl.invoke(DelegatingMethodAccessorImpl.java:43)
	at java.lang.reflect.Method.invoke(Method.java:498)
	at org.apache.hadoop.hdds.tracing.TraceAllMethod.invoke(TraceAllMethod.java:66)
	at com.sun.proxy.$Proxy37.openKey(Unknown Source)
	at org.apache.hadoop.ozone.client.rpc.RpcClient.createKey(RpcClient.java:614)
	at org.apache.hadoop.ozone.client.OzoneBucket.createKey(OzoneBucket.java:325)
	at org.apache.hadoop.ozone.freon.RandomKeyGenerator.createKey(RandomKeyGenerator.java:695)
	at org.apache.hadoop.ozone.freon.RandomKeyGenerator.access$1100(RandomKeyGenerator.java:88)
	at org.apache.hadoop.ozone.freon.RandomKeyGenerator$ObjectCreator.run(RandomKeyGenerator.java:615)
	at java.util.concurrent.Executors$RunnableAdapter.call(Executors.java:511)
	at java.util.concurrent.FutureTask.run(FutureTask.java:266)
	at java.util.concurrent.ThreadPoolExecutor.runWorker(ThreadPoolExecutor.java:1149)
	at java.util.concurrent.ThreadPoolExecutor$Worker.run(ThreadPoolExecutor.java:624)
	at java.lang.Thread.run(Thread.java:748)
</error>
    <system-out><![CDATA[2019-09-25 07:29:55,645 [main] INFO  freon.RandomKeyGenerator (RandomKeyGenerator.java:call(258)) - Override validateWrites to false, because hdds.container.chunk.persistdata is set to false.
2019-09-25 07:29:55,653 [pool-37-thread-1] INFO  storage.RaftStorage (RaftStorage.java:format(72)) - Storage directory /workdir/hadoop-ozone/tools/target/test-dir/MiniOzoneClusterImpl-e625f0dc-3f73-4bc5-9a9c-4cc4b5f58c2e/datanode-1/data/ratis/620bbc86-1371-4ebb-ad10-2edaf3f832a5 has been successfully formatted.
2019-09-25 07:29:55,653 [pool-37-thread-1] INFO  ratis.ContainerStateMachine (ContainerStateMachine.java:loadSnapshot(230)) - group-2EDAF3F832A5: The snapshot info is null. Setting the last applied indexto:(t:0, i:~)
2019-09-25 07:29:55,654 [pool-37-thread-1] INFO  server.RaftServerConfigKeys (ConfUtils.java:logGet(43)) - raft.server.notification.no-leader.timeout = 120s (custom)
2019-09-25 07:29:55,654 [pool-37-thread-1] INFO  server.RaftServerConfigKeys (ConfUtils.java:logGet(43)) - raft.server.log.use.memory = false (default)
2019-09-25 07:29:55,654 [pool-37-thread-1] INFO  server.RaftServerConfigKeys (ConfUtils.java:logGet(43)) - raft.server.log.purge.gap = 1000000 (custom)
2019-09-25 07:29:55,654 [pool-37-thread-1] INFO  server.RaftServerConfigKeys (ConfUtils.java:logGet(43)) - raft.server.log.appender.buffer.byte-limit = 33554432 (custom)
2019-09-25 07:29:55,654 [pool-37-thread-1] INFO  server.RaftServerConfigKeys (ConfUtils.java:logGet(43)) - raft.server.log.segment.size.max = 1048576 (custom)
2019-09-25 07:29:55,654 [pool-37-thread-1] INFO  server.RaftServerConfigKeys (ConfUtils.java:logGet(43)) - raft.server.log.segment.cache.num.max = 2 (custom)
2019-09-25 07:29:55,654 [pool-37-thread-1] INFO  segmented.SegmentedRaftLogWorker (SegmentedRaftLogWorker.java:<init>(172)) - new d56c4ccc-443a-4cf4-ae59-75174e2c5ce7@group-2EDAF3F832A5-SegmentedRaftLogWorker for RaftStorage:Storage Directory /workdir/hadoop-ozone/tools/target/test-dir/MiniOzoneClusterImpl-e625f0dc-3f73-4bc5-9a9c-4cc4b5f58c2e/datanode-1/data/ratis/620bbc86-1371-4ebb-ad10-2edaf3f832a5
2019-09-25 07:29:55,655 [pool-37-thread-1] INFO  server.RaftServerConfigKeys (ConfUtils.java:logGet(43)) - raft.server.log.queue.byte-limit = 2147483647 (custom)
2019-09-25 07:29:55,655 [pool-37-thread-1] INFO  server.RaftServerConfigKeys (ConfUtils.java:logGet(43)) - raft.server.log.queue.element-limit = 1024 (custom)
2019-09-25 07:29:55,655 [pool-37-thread-1] INFO  server.RaftServerConfigKeys (ConfUtils.java:logGet(43)) - raft.server.log.segment.size.max = 1048576 (custom)
2019-09-25 07:29:55,655 [pool-37-thread-1] INFO  server.RaftServerConfigKeys (ConfUtils.java:logGet(43)) - raft.server.log.preallocated.size = 16384 (custom)
2019-09-25 07:29:55,655 [pool-37-thread-1] INFO  server.RaftServerConfigKeys (ConfUtils.java:logGet(43)) - raft.server.log.write.buffer.size = 33554432 (custom)
2019-09-25 07:29:55,655 [pool-37-thread-1] INFO  server.RaftServerConfigKeys (ConfUtils.java:logGet(43)) - raft.server.log.force.sync.num = 128 (default)
2019-09-25 07:29:55,655 [pool-37-thread-1] INFO  server.RaftServerConfigKeys (ConfUtils.java:logGet(43)) - raft.server.log.statemachine.data.sync = true (default)
2019-09-25 07:29:55,655 [pool-37-thread-1] INFO  server.RaftServerConfigKeys (ConfUtils.java:logGet(43)) - raft.server.log.statemachine.data.sync.timeout = 10s (default)
2019-09-25 07:29:55,656 [pool-37-thread-1] INFO  server.RaftServerConfigKeys (ConfUtils.java:logGet(43)) - raft.server.log.statemachine.data.sync.timeout.retry = -1 (default)
2019-09-25 07:29:55,656 [pool-37-thread-1] INFO  server.RaftServerConfigKeys (ConfUtils.java:logGet(43)) - raft.server.log.statemachine.data.caching.enabled = true (custom)
2019-09-25 07:29:55,656 [pool-37-thread-1] INFO  segmented.SegmentedRaftLogWorker (SegmentedRaftLogWorker.java:lambda$new$0(132)) - d56c4ccc-443a-4cf4-ae59-75174e2c5ce7@group-2EDAF3F832A5-SegmentedRaftLogWorker: flushIndex: setUnconditionally 0 -> -1
2019-09-25 07:29:55,656 [pool-37-thread-1] INFO  server.RaftServerConfigKeys (ConfUtils.java:logGet(43)) - raft.server.snapshot.auto.trigger.enabled = true (custom)
2019-09-25 07:29:55,656 [pool-37-thread-1] INFO  server.RaftServerConfigKeys (ConfUtils.java:logGet(43)) - raft.server.snapshot.auto.trigger.threshold = 10000 (custom)
2019-09-25 07:29:55,657 [pool-37-thread-1] INFO  server.RaftServerConfigKeys (ConfUtils.java:logGet(43)) - raft.server.snapshot.retention.num.files = 5 (custom)
2019-09-25 07:29:55,657 [pool-37-thread-1] INFO  server.RaftServerConfigKeys (ConfUtils.java:logGet(43)) - raft.server.retrycache.expirytime = 600000ms (custom)
2019-09-25 07:29:55,661 [pool-37-thread-1] INFO  impl.RaftServerImpl (RaftServerImpl.java:start(185)) - d56c4ccc-443a-4cf4-ae59-75174e2c5ce7@group-2EDAF3F832A5: start as a follower, conf=-1: [d56c4ccc-443a-4cf4-ae59-75174e2c5ce7:192.168.30.10:41980], old=null
2019-09-25 07:29:55,661 [pool-37-thread-1] INFO  impl.RaftServerImpl (RaftServerImpl.java:setRole(174)) - d56c4ccc-443a-4cf4-ae59-75174e2c5ce7@group-2EDAF3F832A5: changes role from      null to FOLLOWER at term 0 for startAsFollower
2019-09-25 07:29:55,661 [pool-37-thread-1] INFO  impl.RoleInfo (RoleInfo.java:updateAndGet(143)) - d56c4ccc-443a-4cf4-ae59-75174e2c5ce7: start FollowerState
2019-09-25 07:29:55,662 [pool-37-thread-1] INFO  util.JmxRegister (JmxRegister.java:tryRegister(44)) - Successfully registered JMX Bean with object name Ratis:service=RaftServer,group=group-2EDAF3F832A5,id=d56c4ccc-443a-4cf4-ae59-75174e2c5ce7
2019-09-25 07:29:55,674 [RatisPipelineUtilsThread] INFO  pipeline.PipelineStateManager (PipelineStateManager.java:addPipeline(56)) - Created pipeline Pipeline[ Id: 620bbc86-1371-4ebb-ad10-2edaf3f832a5, Nodes: d56c4ccc-443a-4cf4-ae59-75174e2c5ce7{ip: 192.168.30.10, host: pr-hdds-1569-s62bp-3040748787, networkLocation: /default-rack, certSerialId: null}, Type:RATIS, Factor:ONE, State:OPEN]
2019-09-25 07:29:55,692 [grpc-default-executor-0] INFO  impl.RaftServerProxy (RaftServerProxy.java:addNew(89)) - d56c4ccc-443a-4cf4-ae59-75174e2c5ce7: addNew group-31DBE977A045:[d56c4ccc-443a-4cf4-ae59-75174e2c5ce7:192.168.30.10:41980] returns group-31DBE977A045:java.util.concurrent.CompletableFuture@260b6a8b[Not completed]
2019-09-25 07:29:55,694 [pool-37-thread-1] INFO  impl.RaftServerImpl (RaftServerImpl.java:<init>(95)) - d56c4ccc-443a-4cf4-ae59-75174e2c5ce7: new RaftServerImpl for group-31DBE977A045:[d56c4ccc-443a-4cf4-ae59-75174e2c5ce7:192.168.30.10:41980] with ContainerStateMachine:uninitialized
2019-09-25 07:29:55,694 [pool-37-thread-1] INFO  server.RaftServerConfigKeys (ConfUtils.java:logGet(43)) - raft.server.rpc.timeout.min = 5s (custom)
2019-09-25 07:29:55,694 [pool-37-thread-1] INFO  server.RaftServerConfigKeys (ConfUtils.java:logGet(43)) - raft.server.rpc.timeout.max = 5200ms (custom)
2019-09-25 07:29:55,694 [pool-37-thread-1] INFO  server.RaftServerConfigKeys (ConfUtils.java:logGet(43)) - raft.server.rpcslowness.timeout = 120s (custom)
2019-09-25 07:29:55,694 [pool-37-thread-1] INFO  server.RaftServerConfigKeys (ConfUtils.java:logGet(43)) - raft.server.sleep.deviation.threshold = 300 (default)
2019-09-25 07:29:55,694 [pool-37-thread-1] INFO  server.RaftServerConfigKeys (ConfUtils.java:logGet(43)) - raft.server.log.appender.install.snapshot.enabled = false (custom)
2019-09-25 07:29:55,694 [pool-37-thread-1] INFO  impl.RaftServerImpl (ServerState.java:<init>(103)) - d56c4ccc-443a-4cf4-ae59-75174e2c5ce7@group-31DBE977A045: ConfigurationManager, init=-1: [d56c4ccc-443a-4cf4-ae59-75174e2c5ce7:192.168.30.10:41980], old=null, confs=<EMPTY_MAP>
2019-09-25 07:29:55,694 [pool-37-thread-1] INFO  server.RaftServerConfigKeys (ConfUtils.java:logGet(43)) - raft.server.storage.dir = [/workdir/hadoop-ozone/tools/target/test-dir/MiniOzoneClusterImpl-e625f0dc-3f73-4bc5-9a9c-4cc4b5f58c2e/datanode-1/data/ratis] (custom)
2019-09-25 07:29:55,695 [pool-37-thread-1] INFO  storage.RaftStorageDirectory (RaftStorageDirectory.java:analyzeStorage(246)) - The storage directory /workdir/hadoop-ozone/tools/target/test-dir/MiniOzoneClusterImpl-e625f0dc-3f73-4bc5-9a9c-4cc4b5f58c2e/datanode-1/data/ratis/4d0400e4-180d-44f5-a7f6-31dbe977a045 does not exist. Creating ...
2019-09-25 07:29:55,720 [pool-37-thread-1] INFO  storage.RaftStorageDirectory (RaftStorageDirectory.java:tryLock(328)) - Lock on /workdir/hadoop-ozone/tools/target/test-dir/MiniOzoneClusterImpl-e625f0dc-3f73-4bc5-9a9c-4cc4b5f58c2e/datanode-1/data/ratis/4d0400e4-180d-44f5-a7f6-31dbe977a045/in_use.lock acquired by nodename 9675@pr-hdds-1569-s62bp-3040748787
2019-09-25 07:29:55,732 [pool-37-thread-1] INFO  storage.RaftStorage (RaftStorage.java:format(72)) - Storage directory /workdir/hadoop-ozone/tools/target/test-dir/MiniOzoneClusterImpl-e625f0dc-3f73-4bc5-9a9c-4cc4b5f58c2e/datanode-1/data/ratis/4d0400e4-180d-44f5-a7f6-31dbe977a045 has been successfully formatted.
2019-09-25 07:29:55,733 [pool-37-thread-1] INFO  ratis.ContainerStateMachine (ContainerStateMachine.java:loadSnapshot(230)) - group-31DBE977A045: The snapshot info is null. Setting the last applied indexto:(t:0, i:~)
2019-09-25 07:29:55,733 [pool-37-thread-1] INFO  server.RaftServerConfigKeys (ConfUtils.java:logGet(43)) - raft.server.notification.no-leader.timeout = 120s (custom)
2019-09-25 07:29:55,733 [pool-37-thread-1] INFO  server.RaftServerConfigKeys (ConfUtils.java:logGet(43)) - raft.server.log.use.memory = false (default)
2019-09-25 07:29:55,733 [pool-37-thread-1] INFO  server.RaftServerConfigKeys (ConfUtils.java:logGet(43)) - raft.server.log.purge.gap = 1000000 (custom)
2019-09-25 07:29:55,733 [pool-37-thread-1] INFO  server.RaftServerConfigKeys (ConfUtils.java:logGet(43)) - raft.server.log.appender.buffer.byte-limit = 33554432 (custom)
2019-09-25 07:29:55,733 [pool-37-thread-1] INFO  server.RaftServerConfigKeys (ConfUtils.java:logGet(43)) - raft.server.log.segment.size.max = 1048576 (custom)
2019-09-25 07:29:55,733 [pool-37-thread-1] INFO  server.RaftServerConfigKeys (ConfUtils.java:logGet(43)) - raft.server.log.segment.cache.num.max = 2 (custom)
2019-09-25 07:29:55,734 [pool-37-thread-1] INFO  segmented.SegmentedRaftLogWorker (SegmentedRaftLogWorker.java:<init>(172)) - new d56c4ccc-443a-4cf4-ae59-75174e2c5ce7@group-31DBE977A045-SegmentedRaftLogWorker for RaftStorage:Storage Directory /workdir/hadoop-ozone/tools/target/test-dir/MiniOzoneClusterImpl-e625f0dc-3f73-4bc5-9a9c-4cc4b5f58c2e/datanode-1/data/ratis/4d0400e4-180d-44f5-a7f6-31dbe977a045
2019-09-25 07:29:55,734 [pool-37-thread-1] INFO  server.RaftServerConfigKeys (ConfUtils.java:logGet(43)) - raft.server.log.queue.byte-limit = 2147483647 (custom)
2019-09-25 07:29:55,734 [pool-37-thread-1] INFO  server.RaftServerConfigKeys (ConfUtils.java:logGet(43)) - raft.server.log.queue.element-limit = 1024 (custom)
2019-09-25 07:29:55,734 [pool-37-thread-1] INFO  server.RaftServerConfigKeys (ConfUtils.java:logGet(43)) - raft.server.log.segment.size.max = 1048576 (custom)
2019-09-25 07:29:55,734 [pool-37-thread-1] INFO  server.RaftServerConfigKeys (ConfUtils.java:logGet(43)) - raft.server.log.preallocated.size = 16384 (custom)
2019-09-25 07:29:55,734 [pool-37-thread-1] INFO  server.RaftServerConfigKeys (ConfUtils.java:logGet(43)) - raft.server.log.write.buffer.size = 33554432 (custom)
2019-09-25 07:29:55,734 [pool-37-thread-1] INFO  server.RaftServerConfigKeys (ConfUtils.java:logGet(43)) - raft.server.log.force.sync.num = 128 (default)
2019-09-25 07:29:55,734 [pool-37-thread-1] INFO  server.RaftServerConfigKeys (ConfUtils.java:logGet(43)) - raft.server.log.statemachine.data.sync = true (default)
2019-09-25 07:29:55,735 [pool-37-thread-1] INFO  server.RaftServerConfigKeys (ConfUtils.java:logGet(43)) - raft.server.log.statemachine.data.sync.timeout = 10s (default)
2019-09-25 07:29:55,735 [pool-37-thread-1] INFO  server.RaftServerConfigKeys (ConfUtils.java:logGet(43)) - raft.server.log.statemachine.data.sync.timeout.retry = -1 (default)
2019-09-25 07:29:55,735 [pool-37-thread-1] INFO  server.RaftServerConfigKeys (ConfUtils.java:logGet(43)) - raft.server.log.statemachine.data.caching.enabled = true (custom)
2019-09-25 07:29:55,735 [pool-37-thread-1] INFO  segmented.SegmentedRaftLogWorker (SegmentedRaftLogWorker.java:lambda$new$0(132)) - d56c4ccc-443a-4cf4-ae59-75174e2c5ce7@group-31DBE977A045-SegmentedRaftLogWorker: flushIndex: setUnconditionally 0 -> -1
2019-09-25 07:29:55,736 [pool-37-thread-1] INFO  server.RaftServerConfigKeys (ConfUtils.java:logGet(43)) - raft.server.snapshot.auto.trigger.enabled = true (custom)
2019-09-25 07:29:55,736 [pool-37-thread-1] INFO  server.RaftServerConfigKeys (ConfUtils.java:logGet(43)) - raft.server.snapshot.auto.trigger.threshold = 10000 (custom)
2019-09-25 07:29:55,736 [pool-37-thread-1] INFO  server.RaftServerConfigKeys (ConfUtils.java:logGet(43)) - raft.server.snapshot.retention.num.files = 5 (custom)
2019-09-25 07:29:55,736 [pool-37-thread-1] INFO  server.RaftServerConfigKeys (ConfUtils.java:logGet(43)) - raft.server.retrycache.expirytime = 600000ms (custom)
2019-09-25 07:29:55,740 [pool-37-thread-1] INFO  impl.RaftServerImpl (RaftServerImpl.java:start(185)) - d56c4ccc-443a-4cf4-ae59-75174e2c5ce7@group-31DBE977A045: start as a follower, conf=-1: [d56c4ccc-443a-4cf4-ae59-75174e2c5ce7:192.168.30.10:41980], old=null
2019-09-25 07:29:55,740 [pool-37-thread-1] INFO  impl.RaftServerImpl (RaftServerImpl.java:setRole(174)) - d56c4ccc-443a-4cf4-ae59-75174e2c5ce7@group-31DBE977A045: changes role from      null to FOLLOWER at term 0 for startAsFollower
2019-09-25 07:29:55,740 [pool-37-thread-1] INFO  impl.RoleInfo (RoleInfo.java:updateAndGet(143)) - d56c4ccc-443a-4cf4-ae59-75174e2c5ce7: start FollowerState
2019-09-25 07:29:55,741 [pool-37-thread-1] INFO  util.JmxRegister (JmxRegister.java:tryRegister(44)) - Successfully registered JMX Bean with object name Ratis:service=RaftServer,group=group-31DBE977A045,id=d56c4ccc-443a-4cf4-ae59-75174e2c5ce7
2019-09-25 07:29:55,765 [RatisPipelineUtilsThread] INFO  pipeline.PipelineStateManager (PipelineStateManager.java:addPipeline(56)) - Created pipeline Pipeline[ Id: 4d0400e4-180d-44f5-a7f6-31dbe977a045, Nodes: d56c4ccc-443a-4cf4-ae59-75174e2c5ce7{ip: 192.168.30.10, host: pr-hdds-1569-s62bp-3040748787, networkLocation: /default-rack, certSerialId: null}, Type:RATIS, Factor:ONE, State:OPEN]
2019-09-25 07:29:55,782 [grpc-default-executor-0] INFO  impl.RaftServerProxy (RaftServerProxy.java:addNew(89)) - 2c509cf8-45fb-4761-813c-06899a301674: addNew group-68801C8A5937:[2c509cf8-45fb-4761-813c-06899a301674:192.168.30.10:34142] returns group-68801C8A5937:java.util.concurrent.CompletableFuture@4861f3f9[Not completed]
2019-09-25 07:29:55,786 [pool-57-thread-1] INFO  impl.RaftServerImpl (RaftServerImpl.java:<init>(95)) - 2c509cf8-45fb-4761-813c-06899a301674: new RaftServerImpl for group-68801C8A5937:[2c509cf8-45fb-4761-813c-06899a301674:192.168.30.10:34142] with ContainerStateMachine:uninitialized
2019-09-25 07:29:55,786 [pool-57-thread-1] INFO  server.RaftServerConfigKeys (ConfUtils.java:logGet(43)) - raft.server.rpc.timeout.min = 5s (custom)
2019-09-25 07:29:55,786 [pool-57-thread-1] INFO  server.RaftServerConfigKeys (ConfUtils.java:logGet(43)) - raft.server.rpc.timeout.max = 5200ms (custom)
2019-09-25 07:29:55,786 [pool-57-thread-1] INFO  server.RaftServerConfigKeys (ConfUtils.java:logGet(43)) - raft.server.rpcslowness.timeout = 120s (custom)
2019-09-25 07:29:55,787 [pool-57-thread-1] INFO  server.RaftServerConfigKeys (ConfUtils.java:logGet(43)) - raft.server.sleep.deviation.threshold = 300 (default)
2019-09-25 07:29:55,787 [pool-57-thread-1] INFO  server.RaftServerConfigKeys (ConfUtils.java:logGet(43)) - raft.server.log.appender.install.snapshot.enabled = false (custom)
2019-09-25 07:29:55,787 [pool-57-thread-1] INFO  impl.RaftServerImpl (ServerState.java:<init>(103)) - 2c509cf8-45fb-4761-813c-06899a301674@group-68801C8A5937: ConfigurationManager, init=-1: [2c509cf8-45fb-4761-813c-06899a301674:192.168.30.10:34142], old=null, confs=<EMPTY_MAP>
2019-09-25 07:29:55,787 [pool-57-thread-1] INFO  server.RaftServerConfigKeys (ConfUtils.java:logGet(43)) - raft.server.storage.dir = [/workdir/hadoop-ozone/tools/target/test-dir/MiniOzoneClusterImpl-e625f0dc-3f73-4bc5-9a9c-4cc4b5f58c2e/datanode-3/data/ratis] (custom)
2019-09-25 07:29:55,788 [pool-57-thread-1] INFO  storage.RaftStorageDirectory (RaftStorageDirectory.java:analyzeStorage(246)) - The storage directory /workdir/hadoop-ozone/tools/target/test-dir/MiniOzoneClusterImpl-e625f0dc-3f73-4bc5-9a9c-4cc4b5f58c2e/datanode-3/data/ratis/b5eafe5a-3f5b-444f-bc93-68801c8a5937 does not exist. Creating ...
2019-09-25 07:29:55,831 [pool-57-thread-1] INFO  storage.RaftStorageDirectory (RaftStorageDirectory.java:tryLock(328)) - Lock on /workdir/hadoop-ozone/tools/target/test-dir/MiniOzoneClusterImpl-e625f0dc-3f73-4bc5-9a9c-4cc4b5f58c2e/datanode-3/data/ratis/b5eafe5a-3f5b-444f-bc93-68801c8a5937/in_use.lock acquired by nodename 9675@pr-hdds-1569-s62bp-3040748787
2019-09-25 07:29:55,846 [pool-57-thread-1] INFO  storage.RaftStorage (RaftStorage.java:format(72)) - Storage directory /workdir/hadoop-ozone/tools/target/test-dir/MiniOzoneClusterImpl-e625f0dc-3f73-4bc5-9a9c-4cc4b5f58c2e/datanode-3/data/ratis/b5eafe5a-3f5b-444f-bc93-68801c8a5937 has been successfully formatted.
2019-09-25 07:29:55,846 [pool-57-thread-1] INFO  ratis.ContainerStateMachine (ContainerStateMachine.java:loadSnapshot(230)) - group-68801C8A5937: The snapshot info is null. Setting the last applied indexto:(t:0, i:~)
2019-09-25 07:29:55,846 [pool-57-thread-1] INFO  server.RaftServerConfigKeys (ConfUtils.java:logGet(43)) - raft.server.notification.no-leader.timeout = 120s (custom)
2019-09-25 07:29:55,847 [pool-57-thread-1] INFO  server.RaftServerConfigKeys (ConfUtils.java:logGet(43)) - raft.server.log.use.memory = false (default)
2019-09-25 07:29:55,847 [pool-57-thread-1] INFO  server.RaftServerConfigKeys (ConfUtils.java:logGet(43)) - raft.server.log.purge.gap = 1000000 (custom)
2019-09-25 07:29:55,847 [pool-57-thread-1] INFO  server.RaftServerConfigKeys (ConfUtils.java:logGet(43)) - raft.server.log.appender.buffer.byte-limit = 33554432 (custom)
2019-09-25 07:29:55,847 [pool-57-thread-1] INFO  server.RaftServerConfigKeys (ConfUtils.java:logGet(43)) - raft.server.log.segment.size.max = 1048576 (custom)
2019-09-25 07:29:55,848 [pool-57-thread-1] INFO  server.RaftServerConfigKeys (ConfUtils.java:logGet(43)) - raft.server.log.segment.cache.num.max = 2 (custom)
2019-09-25 07:29:55,848 [pool-57-thread-1] INFO  segmented.SegmentedRaftLogWorker (SegmentedRaftLogWorker.java:<init>(172)) - new 2c509cf8-45fb-4761-813c-06899a301674@group-68801C8A5937-SegmentedRaftLogWorker for RaftStorage:Storage Directory /workdir/hadoop-ozone/tools/target/test-dir/MiniOzoneClusterImpl-e625f0dc-3f73-4bc5-9a9c-4cc4b5f58c2e/datanode-3/data/ratis/b5eafe5a-3f5b-444f-bc93-68801c8a5937
2019-09-25 07:29:55,853 [pool-57-thread-1] INFO  server.RaftServerConfigKeys (ConfUtils.java:logGet(43)) - raft.server.log.queue.byte-limit = 2147483647 (custom)
2019-09-25 07:29:55,853 [pool-57-thread-1] INFO  server.RaftServerConfigKeys (ConfUtils.java:logGet(43)) - raft.server.log.queue.element-limit = 1024 (custom)
2019-09-25 07:29:55,853 [pool-57-thread-1] INFO  server.RaftServerConfigKeys (ConfUtils.java:logGet(43)) - raft.server.log.segment.size.max = 1048576 (custom)
2019-09-25 07:29:55,853 [pool-57-thread-1] INFO  server.RaftServerConfigKeys (ConfUtils.java:logGet(43)) - raft.server.log.preallocated.size = 16384 (custom)
2019-09-25 07:29:55,854 [pool-57-thread-1] INFO  server.RaftServerConfigKeys (ConfUtils.java:logGet(43)) - raft.server.log.write.buffer.size = 33554432 (custom)
2019-09-25 07:29:55,854 [pool-57-thread-1] INFO  server.RaftServerConfigKeys (ConfUtils.java:logGet(43)) - raft.server.log.force.sync.num = 128 (default)
2019-09-25 07:29:55,854 [pool-57-thread-1] INFO  server.RaftServerConfigKeys (ConfUtils.java:logGet(43)) - raft.server.log.statemachine.data.sync = true (default)
2019-09-25 07:29:55,854 [pool-57-thread-1] INFO  server.RaftServerConfigKeys (ConfUtils.java:logGet(43)) - raft.server.log.statemachine.data.sync.timeout = 10s (default)
2019-09-25 07:29:55,854 [pool-57-thread-1] INFO  server.RaftServerConfigKeys (ConfUtils.java:logGet(43)) - raft.server.log.statemachine.data.sync.timeout.retry = -1 (default)
2019-09-25 07:29:55,855 [pool-57-thread-1] INFO  server.RaftServerConfigKeys (ConfUtils.java:logGet(43)) - raft.server.log.statemachine.data.caching.enabled = true (custom)
2019-09-25 07:29:55,855 [pool-57-thread-1] INFO  segmented.SegmentedRaftLogWorker (SegmentedRaftLogWorker.java:lambda$new$0(132)) - 2c509cf8-45fb-4761-813c-06899a301674@group-68801C8A5937-SegmentedRaftLogWorker: flushIndex: setUnconditionally 0 -> -1
2019-09-25 07:29:55,856 [pool-57-thread-1] INFO  server.RaftServerConfigKeys (ConfUtils.java:logGet(43)) - raft.server.snapshot.auto.trigger.enabled = true (custom)
2019-09-25 07:29:55,856 [pool-57-thread-1] INFO  server.RaftServerConfigKeys (ConfUtils.java:logGet(43)) - raft.server.snapshot.auto.trigger.threshold = 10000 (custom)
2019-09-25 07:29:55,856 [pool-57-thread-1] INFO  server.RaftServerConfigKeys (ConfUtils.java:logGet(43)) - raft.server.snapshot.retention.num.files = 5 (custom)
2019-09-25 07:29:55,856 [pool-57-thread-1] INFO  server.RaftServerConfigKeys (ConfUtils.java:logGet(43)) - raft.server.retrycache.expirytime = 600000ms (custom)
2019-09-25 07:29:55,860 [pool-57-thread-1] INFO  impl.RaftServerImpl (RaftServerImpl.java:start(185)) - 2c509cf8-45fb-4761-813c-06899a301674@group-68801C8A5937: start as a follower, conf=-1: [2c509cf8-45fb-4761-813c-06899a301674:192.168.30.10:34142], old=null
2019-09-25 07:29:55,861 [pool-57-thread-1] INFO  impl.RaftServerImpl (RaftServerImpl.java:setRole(174)) - 2c509cf8-45fb-4761-813c-06899a301674@group-68801C8A5937: changes role from      null to FOLLOWER at term 0 for startAsFollower
2019-09-25 07:29:55,861 [pool-57-thread-1] INFO  impl.RoleInfo (RoleInfo.java:updateAndGet(143)) - 2c509cf8-45fb-4761-813c-06899a301674: start FollowerState
2019-09-25 07:29:55,861 [pool-57-thread-1] INFO  util.JmxRegister (JmxRegister.java:tryRegister(44)) - Successfully registered JMX Bean with object name Ratis:service=RaftServer,group=group-68801C8A5937,id=2c509cf8-45fb-4761-813c-06899a301674
2019-09-25 07:29:55,874 [RatisPipelineUtilsThread] INFO  pipeline.PipelineStateManager (PipelineStateManager.java:addPipeline(56)) - Created pipeline Pipeline[ Id: b5eafe5a-3f5b-444f-bc93-68801c8a5937, Nodes: 2c509cf8-45fb-4761-813c-06899a301674{ip: 192.168.30.10, host: pr-hdds-1569-s62bp-3040748787, networkLocation: /default-rack, certSerialId: null}, Type:RATIS, Factor:ONE, State:OPEN]
2019-09-25 07:29:55,886 [grpc-default-executor-0] INFO  impl.RaftServerProxy (RaftServerProxy.java:addNew(89)) - 3b163acc-90b4-4277-b760-810609058c95: addNew group-740793ACE693:[3b163acc-90b4-4277-b760-810609058c95:192.168.30.10:34012] returns group-740793ACE693:java.util.concurrent.CompletableFuture@7f947316[Not completed]
2019-09-25 07:29:55,888 [pool-27-thread-1] INFO  impl.RaftServerImpl (RaftServerImpl.java:<init>(95)) - 3b163acc-90b4-4277-b760-810609058c95: new RaftServerImpl for group-740793ACE693:[3b163acc-90b4-4277-b760-810609058c95:192.168.30.10:34012] with ContainerStateMachine:uninitialized
2019-09-25 07:29:55,889 [pool-27-thread-1] INFO  server.RaftServerConfigKeys (ConfUtils.java:logGet(43)) - raft.server.rpc.timeout.min = 5s (custom)
2019-09-25 07:29:55,889 [pool-27-thread-1] INFO  server.RaftServerConfigKeys (ConfUtils.java:logGet(43)) - raft.server.rpc.timeout.max = 5200ms (custom)
2019-09-25 07:29:55,889 [pool-27-thread-1] INFO  server.RaftServerConfigKeys (ConfUtils.java:logGet(43)) - raft.server.rpcslowness.timeout = 120s (custom)
2019-09-25 07:29:55,889 [pool-27-thread-1] INFO  server.RaftServerConfigKeys (ConfUtils.java:logGet(43)) - raft.server.sleep.deviation.threshold = 300 (default)
2019-09-25 07:29:55,889 [pool-27-thread-1] INFO  server.RaftServerConfigKeys (ConfUtils.java:logGet(43)) - raft.server.log.appender.install.snapshot.enabled = false (custom)
2019-09-25 07:29:55,889 [pool-27-thread-1] INFO  impl.RaftServerImpl (ServerState.java:<init>(103)) - 3b163acc-90b4-4277-b760-810609058c95@group-740793ACE693: ConfigurationManager, init=-1: [3b163acc-90b4-4277-b760-810609058c95:192.168.30.10:34012], old=null, confs=<EMPTY_MAP>
2019-09-25 07:29:55,890 [pool-27-thread-1] INFO  server.RaftServerConfigKeys (ConfUtils.java:logGet(43)) - raft.server.storage.dir = [/workdir/hadoop-ozone/tools/target/test-dir/MiniOzoneClusterImpl-e625f0dc-3f73-4bc5-9a9c-4cc4b5f58c2e/datanode-0/data/ratis] (custom)
2019-09-25 07:29:55,890 [pool-27-thread-1] INFO  storage.RaftStorageDirectory (RaftStorageDirectory.java:analyzeStorage(246)) - The storage directory /workdir/hadoop-ozone/tools/target/test-dir/MiniOzoneClusterImpl-e625f0dc-3f73-4bc5-9a9c-4cc4b5f58c2e/datanode-0/data/ratis/f6052b29-d876-4c68-9fd0-740793ace693 does not exist. Creating ...
2019-09-25 07:29:55,916 [pool-27-thread-1] INFO  storage.RaftStorageDirectory (RaftStorageDirectory.java:tryLock(328)) - Lock on /workdir/hadoop-ozone/tools/target/test-dir/MiniOzoneClusterImpl-e625f0dc-3f73-4bc5-9a9c-4cc4b5f58c2e/datanode-0/data/ratis/f6052b29-d876-4c68-9fd0-740793ace693/in_use.lock acquired by nodename 9675@pr-hdds-1569-s62bp-3040748787
2019-09-25 07:29:55,929 [pool-27-thread-1] INFO  storage.RaftStorage (RaftStorage.java:format(72)) - Storage directory /workdir/hadoop-ozone/tools/target/test-dir/MiniOzoneClusterImpl-e625f0dc-3f73-4bc5-9a9c-4cc4b5f58c2e/datanode-0/data/ratis/f6052b29-d876-4c68-9fd0-740793ace693 has been successfully formatted.
2019-09-25 07:29:55,930 [pool-27-thread-1] INFO  ratis.ContainerStateMachine (ContainerStateMachine.java:loadSnapshot(230)) - group-740793ACE693: The snapshot info is null. Setting the last applied indexto:(t:0, i:~)
2019-09-25 07:29:55,930 [pool-27-thread-1] INFO  server.RaftServerConfigKeys (ConfUtils.java:logGet(43)) - raft.server.notification.no-leader.timeout = 120s (custom)
2019-09-25 07:29:55,930 [pool-27-thread-1] INFO  server.RaftServerConfigKeys (ConfUtils.java:logGet(43)) - raft.server.log.use.memory = false (default)
2019-09-25 07:29:55,930 [pool-27-thread-1] INFO  server.RaftServerConfigKeys (ConfUtils.java:logGet(43)) - raft.server.log.purge.gap = 1000000 (custom)
2019-09-25 07:29:55,930 [pool-27-thread-1] INFO  server.RaftServerConfigKeys (ConfUtils.java:logGet(43)) - raft.server.log.appender.buffer.byte-limit = 33554432 (custom)
2019-09-25 07:29:55,931 [pool-27-thread-1] INFO  server.RaftServerConfigKeys (ConfUtils.java:logGet(43)) - raft.server.log.segment.size.max = 1048576 (custom)
2019-09-25 07:29:55,935 [pool-27-thread-1] INFO  server.RaftServerConfigKeys (ConfUtils.java:logGet(43)) - raft.server.log.segment.cache.num.max = 2 (custom)
2019-09-25 07:29:55,935 [pool-27-thread-1] INFO  segmented.SegmentedRaftLogWorker (SegmentedRaftLogWorker.java:<init>(172)) - new 3b163acc-90b4-4277-b760-810609058c95@group-740793ACE693-SegmentedRaftLogWorker for RaftStorage:Storage Directory /workdir/hadoop-ozone/tools/target/test-dir/MiniOzoneClusterImpl-e625f0dc-3f73-4bc5-9a9c-4cc4b5f58c2e/datanode-0/data/ratis/f6052b29-d876-4c68-9fd0-740793ace693
2019-09-25 07:29:55,935 [pool-27-thread-1] INFO  server.RaftServerConfigKeys (ConfUtils.java:logGet(43)) - raft.server.log.queue.byte-limit = 2147483647 (custom)
2019-09-25 07:29:55,935 [pool-27-thread-1] INFO  server.RaftServerConfigKeys (ConfUtils.java:logGet(43)) - raft.server.log.queue.element-limit = 1024 (custom)
2019-09-25 07:29:55,935 [pool-27-thread-1] INFO  server.RaftServerConfigKeys (ConfUtils.java:logGet(43)) - raft.server.log.segment.size.max = 1048576 (custom)
2019-09-25 07:29:55,935 [pool-27-thread-1] INFO  server.RaftServerConfigKeys (ConfUtils.java:logGet(43)) - raft.server.log.preallocated.size = 16384 (custom)
2019-09-25 07:29:55,936 [pool-27-thread-1] INFO  server.RaftServerConfigKeys (ConfUtils.java:logGet(43)) - raft.server.log.write.buffer.size = 33554432 (custom)
2019-09-25 07:29:55,936 [pool-27-thread-1] INFO  server.RaftServerConfigKeys (ConfUtils.java:logGet(43)) - raft.server.log.force.sync.num = 128 (default)
2019-09-25 07:29:55,936 [pool-27-thread-1] INFO  server.RaftServerConfigKeys (ConfUtils.java:logGet(43)) - raft.server.log.statemachine.data.sync = true (default)
2019-09-25 07:29:55,936 [pool-27-thread-1] INFO  server.RaftServerConfigKeys (ConfUtils.java:logGet(43)) - raft.server.log.statemachine.data.sync.timeout = 10s (default)
2019-09-25 07:29:55,936 [pool-27-thread-1] INFO  server.RaftServerConfigKeys (ConfUtils.java:logGet(43)) - raft.server.log.statemachine.data.sync.timeout.retry = -1 (default)
2019-09-25 07:29:55,936 [pool-27-thread-1] INFO  server.RaftServerConfigKeys (ConfUtils.java:logGet(43)) - raft.server.log.statemachine.data.caching.enabled = true (custom)
2019-09-25 07:29:55,937 [pool-27-thread-1] INFO  segmented.SegmentedRaftLogWorker (SegmentedRaftLogWorker.java:lambda$new$0(132)) - 3b163acc-90b4-4277-b760-810609058c95@group-740793ACE693-SegmentedRaftLogWorker: flushIndex: setUnconditionally 0 -> -1
2019-09-25 07:29:55,937 [pool-27-thread-1] INFO  server.RaftServerConfigKeys (ConfUtils.java:logGet(43)) - raft.server.snapshot.auto.trigger.enabled = true (custom)
2019-09-25 07:29:55,937 [pool-27-thread-1] INFO  server.RaftServerConfigKeys (ConfUtils.java:logGet(43)) - raft.server.snapshot.auto.trigger.threshold = 10000 (custom)
2019-09-25 07:29:55,937 [pool-27-thread-1] INFO  server.RaftServerConfigKeys (ConfUtils.java:logGet(43)) - raft.server.snapshot.retention.num.files = 5 (custom)
2019-09-25 07:29:55,938 [pool-27-thread-1] INFO  server.RaftServerConfigKeys (ConfUtils.java:logGet(43)) - raft.server.retrycache.expirytime = 600000ms (custom)
2019-09-25 07:29:55,943 [pool-27-thread-1] INFO  impl.RaftServerImpl (RaftServerImpl.java:start(185)) - 3b163acc-90b4-4277-b760-810609058c95@group-740793ACE693: start as a follower, conf=-1: [3b163acc-90b4-4277-b760-810609058c95:192.168.30.10:34012], old=null
2019-09-25 07:29:55,943 [pool-27-thread-1] INFO  impl.RaftServerImpl (RaftServerImpl.java:setRole(174)) - 3b163acc-90b4-4277-b760-810609058c95@group-740793ACE693: changes role from      null to FOLLOWER at term 0 for startAsFollower
2019-09-25 07:29:55,943 [pool-27-thread-1] INFO  impl.RoleInfo (RoleInfo.java:updateAndGet(143)) - 3b163acc-90b4-4277-b760-810609058c95: start FollowerState
2019-09-25 07:29:55,944 [pool-27-thread-1] INFO  util.JmxRegister (JmxRegister.java:tryRegister(44)) - Successfully registered JMX Bean with object name Ratis:service=RaftServer,group=group-740793ACE693,id=3b163acc-90b4-4277-b760-810609058c95
2019-09-25 07:29:55,955 [RatisPipelineUtilsThread] INFO  pipeline.PipelineStateManager (PipelineStateManager.java:addPipeline(56)) - Created pipeline Pipeline[ Id: f6052b29-d876-4c68-9fd0-740793ace693, Nodes: 3b163acc-90b4-4277-b760-810609058c95{ip: 192.168.30.10, host: pr-hdds-1569-s62bp-3040748787, networkLocation: /default-rack, certSerialId: null}, Type:RATIS, Factor:ONE, State:OPEN]
2019-09-25 07:29:55,967 [grpc-default-executor-0] INFO  impl.RaftServerProxy (RaftServerProxy.java:addNew(89)) - 3b163acc-90b4-4277-b760-810609058c95: addNew group-0E1390C6AA5E:[3b163acc-90b4-4277-b760-810609058c95:192.168.30.10:34012] returns group-0E1390C6AA5E:java.util.concurrent.CompletableFuture@2363b0c7[Not completed]
2019-09-25 07:29:55,968 [pool-27-thread-1] INFO  impl.RaftServerImpl (RaftServerImpl.java:<init>(95)) - 3b163acc-90b4-4277-b760-810609058c95: new RaftServerImpl for group-0E1390C6AA5E:[3b163acc-90b4-4277-b760-810609058c95:192.168.30.10:34012] with ContainerStateMachine:uninitialized
2019-09-25 07:29:55,969 [pool-27-thread-1] INFO  server.RaftServerConfigKeys (ConfUtils.java:logGet(43)) - raft.server.rpc.timeout.min = 5s (custom)
2019-09-25 07:29:55,969 [pool-27-thread-1] INFO  server.RaftServerConfigKeys (ConfUtils.java:logGet(43)) - raft.server.rpc.timeout.max = 5200ms (custom)
2019-09-25 07:29:55,969 [pool-27-thread-1] INFO  server.RaftServerConfigKeys (ConfUtils.java:logGet(43)) - raft.server.rpcslowness.timeout = 120s (custom)
2019-09-25 07:29:55,969 [pool-27-thread-1] INFO  server.RaftServerConfigKeys (ConfUtils.java:logGet(43)) - raft.server.sleep.deviation.threshold = 300 (default)
2019-09-25 07:29:55,969 [pool-27-thread-1] INFO  server.RaftServerConfigKeys (ConfUtils.java:logGet(43)) - raft.server.log.appender.install.snapshot.enabled = false (custom)
2019-09-25 07:29:55,969 [pool-27-thread-1] INFO  impl.RaftServerImpl (ServerState.java:<init>(103)) - 3b163acc-90b4-4277-b760-810609058c95@group-0E1390C6AA5E: ConfigurationManager, init=-1: [3b163acc-90b4-4277-b760-810609058c95:192.168.30.10:34012], old=null, confs=<EMPTY_MAP>
2019-09-25 07:29:55,969 [pool-27-thread-1] INFO  server.RaftServerConfigKeys (ConfUtils.java:logGet(43)) - raft.server.storage.dir = [/workdir/hadoop-ozone/tools/target/test-dir/MiniOzoneClusterImpl-e625f0dc-3f73-4bc5-9a9c-4cc4b5f58c2e/datanode-0/data/ratis] (custom)
2019-09-25 07:29:55,970 [pool-27-thread-1] INFO  storage.RaftStorageDirectory (RaftStorageDirectory.java:analyzeStorage(246)) - The storage directory /workdir/hadoop-ozone/tools/target/test-dir/MiniOzoneClusterImpl-e625f0dc-3f73-4bc5-9a9c-4cc4b5f58c2e/datanode-0/data/ratis/7840cc28-fe54-4939-a4a1-0e1390c6aa5e does not exist. Creating ...
2019-09-25 07:29:55,983 [pool-27-thread-1] INFO  storage.RaftStorageDirectory (RaftStorageDirectory.java:tryLock(328)) - Lock on /workdir/hadoop-ozone/tools/target/test-dir/MiniOzoneClusterImpl-e625f0dc-3f73-4bc5-9a9c-4cc4b5f58c2e/datanode-0/data/ratis/7840cc28-fe54-4939-a4a1-0e1390c6aa5e/in_use.lock acquired by nodename 9675@pr-hdds-1569-s62bp-3040748787
2019-09-25 07:29:55,996 [pool-27-thread-1] INFO  storage.RaftStorage (RaftStorage.java:format(72)) - Storage directory /workdir/hadoop-ozone/tools/target/test-dir/MiniOzoneClusterImpl-e625f0dc-3f73-4bc5-9a9c-4cc4b5f58c2e/datanode-0/data/ratis/7840cc28-fe54-4939-a4a1-0e1390c6aa5e has been successfully formatted.
2019-09-25 07:29:55,996 [pool-27-thread-1] INFO  ratis.ContainerStateMachine (ContainerStateMachine.java:loadSnapshot(230)) - group-0E1390C6AA5E: The snapshot info is null. Setting the last applied indexto:(t:0, i:~)
2019-09-25 07:29:55,996 [pool-27-thread-1] INFO  server.RaftServerConfigKeys (ConfUtils.java:logGet(43)) - raft.server.notification.no-leader.timeout = 120s (custom)
2019-09-25 07:29:55,996 [pool-27-thread-1] INFO  server.RaftServerConfigKeys (ConfUtils.java:logGet(43)) - raft.server.log.use.memory = false (default)
2019-09-25 07:29:55,996 [pool-27-thread-1] INFO  server.RaftServerConfigKeys (ConfUtils.java:logGet(43)) - raft.server.log.purge.gap = 1000000 (custom)
2019-09-25 07:29:55,997 [pool-27-thread-1] INFO  server.RaftServerConfigKeys (ConfUtils.java:logGet(43)) - raft.server.log.appender.buffer.byte-limit = 33554432 (custom)
2019-09-25 07:29:55,997 [pool-27-thread-1] INFO  server.RaftServerConfigKeys (ConfUtils.java:logGet(43)) - raft.server.log.segment.size.max = 1048576 (custom)
2019-09-25 07:29:55,997 [pool-27-thread-1] INFO  server.RaftServerConfigKeys (ConfUtils.java:logGet(43)) - raft.server.log.segment.cache.num.max = 2 (custom)
2019-09-25 07:29:55,997 [pool-27-thread-1] INFO  segmented.SegmentedRaftLogWorker (SegmentedRaftLogWorker.java:<init>(172)) - new 3b163acc-90b4-4277-b760-810609058c95@group-0E1390C6AA5E-SegmentedRaftLogWorker for RaftStorage:Storage Directory /workdir/hadoop-ozone/tools/target/test-dir/MiniOzoneClusterImpl-e625f0dc-3f73-4bc5-9a9c-4cc4b5f58c2e/datanode-0/data/ratis/7840cc28-fe54-4939-a4a1-0e1390c6aa5e
2019-09-25 07:29:55,997 [pool-27-thread-1] INFO  server.RaftServerConfigKeys (ConfUtils.java:logGet(43)) - raft.server.log.queue.byte-limit = 2147483647 (custom)
2019-09-25 07:29:55,997 [pool-27-thread-1] INFO  server.RaftServerConfigKeys (ConfUtils.java:logGet(43)) - raft.server.log.queue.element-limit = 1024 (custom)
2019-09-25 07:29:55,997 [pool-27-thread-1] INFO  server.RaftServerConfigKeys (ConfUtils.java:logGet(43)) - raft.server.log.segment.size.max = 1048576 (custom)
2019-09-25 07:29:55,998 [pool-27-thread-1] INFO  server.RaftServerConfigKeys (ConfUtils.java:logGet(43)) - raft.server.log.preallocated.size = 16384 (custom)
2019-09-25 07:29:55,998 [pool-27-thread-1] INFO  server.RaftServerConfigKeys (ConfUtils.java:logGet(43)) - raft.server.log.write.buffer.size = 33554432 (custom)
2019-09-25 07:29:55,998 [pool-27-thread-1] INFO  server.RaftServerConfigKeys (ConfUtils.java:logGet(43)) - raft.server.log.force.sync.num = 128 (default)
2019-09-25 07:29:55,998 [pool-27-thread-1] INFO  server.RaftServerConfigKeys (ConfUtils.java:logGet(43)) - raft.server.log.statemachine.data.sync = true (default)
2019-09-25 07:29:55,998 [pool-27-thread-1] INFO  server.RaftServerConfigKeys (ConfUtils.java:logGet(43)) - raft.server.log.statemachine.data.sync.timeout = 10s (default)
2019-09-25 07:29:55,998 [pool-27-thread-1] INFO  server.RaftServerConfigKeys (ConfUtils.java:logGet(43)) - raft.server.log.statemachine.data.sync.timeout.retry = -1 (default)
2019-09-25 07:29:55,998 [pool-27-thread-1] INFO  server.RaftServerConfigKeys (ConfUtils.java:logGet(43)) - raft.server.log.statemachine.data.caching.enabled = true (custom)
2019-09-25 07:29:55,999 [pool-27-thread-1] INFO  segmented.SegmentedRaftLogWorker (SegmentedRaftLogWorker.java:lambda$new$0(132)) - 3b163acc-90b4-4277-b760-810609058c95@group-0E1390C6AA5E-SegmentedRaftLogWorker: flushIndex: setUnconditionally 0 -> -1
2019-09-25 07:29:55,999 [pool-27-thread-1] INFO  server.RaftServerConfigKeys (ConfUtils.java:logGet(43)) - raft.server.snapshot.auto.trigger.enabled = true (custom)
2019-09-25 07:29:55,999 [pool-27-thread-1] INFO  server.RaftServerConfigKeys (ConfUtils.java:logGet(43)) - raft.server.snapshot.auto.trigger.threshold = 10000 (custom)
2019-09-25 07:29:55,999 [pool-27-thread-1] INFO  server.RaftServerConfigKeys (ConfUtils.java:logGet(43)) - raft.server.snapshot.retention.num.files = 5 (custom)
2019-09-25 07:29:56,000 [pool-27-thread-1] INFO  server.RaftServerConfigKeys (ConfUtils.java:logGet(43)) - raft.server.retrycache.expirytime = 600000ms (custom)
2019-09-25 07:29:56,003 [pool-27-thread-1] INFO  impl.RaftServerImpl (RaftServerImpl.java:start(185)) - 3b163acc-90b4-4277-b760-810609058c95@group-0E1390C6AA5E: start as a follower, conf=-1: [3b163acc-90b4-4277-b760-810609058c95:192.168.30.10:34012], old=null
2019-09-25 07:29:56,003 [pool-27-thread-1] INFO  impl.RaftServerImpl (RaftServerImpl.java:setRole(174)) - 3b163acc-90b4-4277-b760-810609058c95@group-0E1390C6AA5E: changes role from      null to FOLLOWER at term 0 for startAsFollower
2019-09-25 07:29:56,003 [pool-27-thread-1] INFO  impl.RoleInfo (RoleInfo.java:updateAndGet(143)) - 3b163acc-90b4-4277-b760-810609058c95: start FollowerState
2019-09-25 07:29:56,003 [pool-27-thread-1] INFO  util.JmxRegister (JmxRegister.java:tryRegister(44)) - Successfully registered JMX Bean with object name Ratis:service=RaftServer,group=group-0E1390C6AA5E,id=3b163acc-90b4-4277-b760-810609058c95
2019-09-25 07:29:56,013 [RatisPipelineUtilsThread] INFO  pipeline.PipelineStateManager (PipelineStateManager.java:addPipeline(56)) - Created pipeline Pipeline[ Id: 7840cc28-fe54-4939-a4a1-0e1390c6aa5e, Nodes: 3b163acc-90b4-4277-b760-810609058c95{ip: 192.168.30.10, host: pr-hdds-1569-s62bp-3040748787, networkLocation: /default-rack, certSerialId: null}, Type:RATIS, Factor:ONE, State:OPEN]
2019-09-25 07:29:56,028 [grpc-default-executor-0] INFO  impl.RaftServerProxy (RaftServerProxy.java:addNew(89)) - d8a61d6a-3767-4395-9d18-c8065c09d76e: addNew group-E3BA4126AE73:[d8a61d6a-3767-4395-9d18-c8065c09d76e:192.168.30.10:42388] returns group-E3BA4126AE73:java.util.concurrent.CompletableFuture@6142f1c8[Not completed]
2019-09-25 07:29:56,031 [pool-47-thread-1] INFO  impl.RaftServerImpl (RaftServerImpl.java:<init>(95)) - d8a61d6a-3767-4395-9d18-c8065c09d76e: new RaftServerImpl for group-E3BA4126AE73:[d8a61d6a-3767-4395-9d18-c8065c09d76e:192.168.30.10:42388] with ContainerStateMachine:uninitialized
2019-09-25 07:29:56,031 [pool-47-thread-1] INFO  server.RaftServerConfigKeys (ConfUtils.java:logGet(43)) - raft.server.rpc.timeout.min = 5s (custom)
2019-09-25 07:29:56,031 [pool-47-thread-1] INFO  server.RaftServerConfigKeys (ConfUtils.java:logGet(43)) - raft.server.rpc.timeout.max = 5200ms (custom)
2019-09-25 07:29:56,031 [pool-47-thread-1] INFO  server.RaftServerConfigKeys (ConfUtils.java:logGet(43)) - raft.server.rpcslowness.timeout = 120s (custom)
2019-09-25 07:29:56,032 [pool-47-thread-1] INFO  server.RaftServerConfigKeys (ConfUtils.java:logGet(43)) - raft.server.sleep.deviation.threshold = 300 (default)
2019-09-25 07:29:56,032 [pool-47-thread-1] INFO  server.RaftServerConfigKeys (ConfUtils.java:logGet(43)) - raft.server.log.appender.install.snapshot.enabled = false (custom)
2019-09-25 07:29:56,032 [pool-47-thread-1] INFO  impl.RaftServerImpl (ServerState.java:<init>(103)) - d8a61d6a-3767-4395-9d18-c8065c09d76e@group-E3BA4126AE73: ConfigurationManager, init=-1: [d8a61d6a-3767-4395-9d18-c8065c09d76e:192.168.30.10:42388], old=null, confs=<EMPTY_MAP>
2019-09-25 07:29:56,032 [pool-47-thread-1] INFO  server.RaftServerConfigKeys (ConfUtils.java:logGet(43)) - raft.server.storage.dir = [/workdir/hadoop-ozone/tools/target/test-dir/MiniOzoneClusterImpl-e625f0dc-3f73-4bc5-9a9c-4cc4b5f58c2e/datanode-2/data/ratis] (custom)
2019-09-25 07:29:56,033 [pool-47-thread-1] INFO  storage.RaftStorageDirectory (RaftStorageDirectory.java:analyzeStorage(246)) - The storage directory /workdir/hadoop-ozone/tools/target/test-dir/MiniOzoneClusterImpl-e625f0dc-3f73-4bc5-9a9c-4cc4b5f58c2e/datanode-2/data/ratis/e4adbbef-167c-4346-9c97-e3ba4126ae73 does not exist. Creating ...
2019-09-25 07:29:56,045 [pool-47-thread-1] INFO  storage.RaftStorageDirectory (RaftStorageDirectory.java:tryLock(328)) - Lock on /workdir/hadoop-ozone/tools/target/test-dir/MiniOzoneClusterImpl-e625f0dc-3f73-4bc5-9a9c-4cc4b5f58c2e/datanode-2/data/ratis/e4adbbef-167c-4346-9c97-e3ba4126ae73/in_use.lock acquired by nodename 9675@pr-hdds-1569-s62bp-3040748787
2019-09-25 07:29:56,074 [pool-47-thread-1] INFO  storage.RaftStorage (RaftStorage.java:format(72)) - Storage directory /workdir/hadoop-ozone/tools/target/test-dir/MiniOzoneClusterImpl-e625f0dc-3f73-4bc5-9a9c-4cc4b5f58c2e/datanode-2/data/ratis/e4adbbef-167c-4346-9c97-e3ba4126ae73 has been successfully formatted.
2019-09-25 07:29:56,075 [pool-47-thread-1] INFO  ratis.ContainerStateMachine (ContainerStateMachine.java:loadSnapshot(230)) - group-E3BA4126AE73: The snapshot info is null. Setting the last applied indexto:(t:0, i:~)
2019-09-25 07:29:56,075 [pool-47-thread-1] INFO  server.RaftServerConfigKeys (ConfUtils.java:logGet(43)) - raft.server.notification.no-leader.timeout = 120s (custom)
2019-09-25 07:29:56,075 [pool-47-thread-1] INFO  server.RaftServerConfigKeys (ConfUtils.java:logGet(43)) - raft.server.log.use.memory = false (default)
2019-09-25 07:29:56,075 [pool-47-thread-1] INFO  server.RaftServerConfigKeys (ConfUtils.java:logGet(43)) - raft.server.log.purge.gap = 1000000 (custom)
2019-09-25 07:29:56,076 [pool-47-thread-1] INFO  server.RaftServerConfigKeys (ConfUtils.java:logGet(43)) - raft.server.log.appender.buffer.byte-limit = 33554432 (custom)
2019-09-25 07:29:56,076 [pool-47-thread-1] INFO  server.RaftServerConfigKeys (ConfUtils.java:logGet(43)) - raft.server.log.segment.size.max = 1048576 (custom)
2019-09-25 07:29:56,076 [pool-47-thread-1] INFO  server.RaftServerConfigKeys (ConfUtils.java:logGet(43)) - raft.server.log.segment.cache.num.max = 2 (custom)
2019-09-25 07:29:56,076 [pool-47-thread-1] INFO  segmented.SegmentedRaftLogWorker (SegmentedRaftLogWorker.java:<init>(172)) - new d8a61d6a-3767-4395-9d18-c8065c09d76e@group-E3BA4126AE73-SegmentedRaftLogWorker for RaftStorage:Storage Directory /workdir/hadoop-ozone/tools/target/test-dir/MiniOzoneClusterImpl-e625f0dc-3f73-4bc5-9a9c-4cc4b5f58c2e/datanode-2/data/ratis/e4adbbef-167c-4346-9c97-e3ba4126ae73
2019-09-25 07:29:56,079 [pool-47-thread-1] INFO  server.RaftServerConfigKeys (ConfUtils.java:logGet(43)) - raft.server.log.queue.byte-limit = 2147483647 (custom)
2019-09-25 07:29:56,080 [pool-47-thread-1] INFO  server.RaftServerConfigKeys (ConfUtils.java:logGet(43)) - raft.server.log.queue.element-limit = 1024 (custom)
2019-09-25 07:29:56,080 [pool-47-thread-1] INFO  server.RaftServerConfigKeys (ConfUtils.java:logGet(43)) - raft.server.log.segment.size.max = 1048576 (custom)
2019-09-25 07:29:56,080 [pool-47-thread-1] INFO  server.RaftServerConfigKeys (ConfUtils.java:logGet(43)) - raft.server.log.preallocated.size = 16384 (custom)
2019-09-25 07:29:56,080 [pool-47-thread-1] INFO  server.RaftServerConfigKeys (ConfUtils.java:logGet(43)) - raft.server.log.write.buffer.size = 33554432 (custom)
2019-09-25 07:29:56,080 [pool-47-thread-1] INFO  server.RaftServerConfigKeys (ConfUtils.java:logGet(43)) - raft.server.log.force.sync.num = 128 (default)
2019-09-25 07:29:56,081 [pool-47-thread-1] INFO  server.RaftServerConfigKeys (ConfUtils.java:logGet(43)) - raft.server.log.statemachine.data.sync = true (default)
2019-09-25 07:29:56,081 [pool-47-thread-1] INFO  server.RaftServerConfigKeys (ConfUtils.java:logGet(43)) - raft.server.log.statemachine.data.sync.timeout = 10s (default)
2019-09-25 07:29:56,081 [pool-47-thread-1] INFO  server.RaftServerConfigKeys (ConfUtils.java:logGet(43)) - raft.server.log.statemachine.data.sync.timeout.retry = -1 (default)
2019-09-25 07:29:56,081 [pool-47-thread-1] INFO  server.RaftServerConfigKeys (ConfUtils.java:logGet(43)) - raft.server.log.statemachine.data.caching.enabled = true (custom)
2019-09-25 07:29:56,082 [pool-47-thread-1] INFO  segmented.SegmentedRaftLogWorker (SegmentedRaftLogWorker.java:lambda$new$0(132)) - d8a61d6a-3767-4395-9d18-c8065c09d76e@group-E3BA4126AE73-SegmentedRaftLogWorker: flushIndex: setUnconditionally 0 -> -1
2019-09-25 07:29:56,082 [pool-47-thread-1] INFO  server.RaftServerConfigKeys (ConfUtils.java:logGet(43)) - raft.server.snapshot.auto.trigger.enabled = true (custom)
2019-09-25 07:29:56,082 [pool-47-thread-1] INFO  server.RaftServerConfigKeys (ConfUtils.java:logGet(43)) - raft.server.snapshot.auto.trigger.threshold = 10000 (custom)
2019-09-25 07:29:56,082 [pool-47-thread-1] INFO  server.RaftServerConfigKeys (ConfUtils.java:logGet(43)) - raft.server.snapshot.retention.num.files = 5 (custom)
2019-09-25 07:29:56,083 [pool-47-thread-1] INFO  server.RaftServerConfigKeys (ConfUtils.java:logGet(43)) - raft.server.retrycache.expirytime = 600000ms (custom)
2019-09-25 07:29:56,086 [pool-47-thread-1] INFO  impl.RaftServerImpl (RaftServerImpl.java:start(185)) - d8a61d6a-3767-4395-9d18-c8065c09d76e@group-E3BA4126AE73: start as a follower, conf=-1: [d8a61d6a-3767-4395-9d18-c8065c09d76e:192.168.30.10:42388], old=null
2019-09-25 07:29:56,086 [pool-47-thread-1] INFO  impl.RaftServerImpl (RaftServerImpl.java:setRole(174)) - d8a61d6a-3767-4395-9d18-c8065c09d76e@group-E3BA4126AE73: changes role from      null to FOLLOWER at term 0 for startAsFollower
2019-09-25 07:29:56,086 [pool-47-thread-1] INFO  impl.RoleInfo (RoleInfo.java:updateAndGet(143)) - d8a61d6a-3767-4395-9d18-c8065c09d76e: start FollowerState
2019-09-25 07:29:56,087 [pool-47-thread-1] INFO  util.JmxRegister (JmxRegister.java:tryRegister(44)) - Successfully registered JMX Bean with object name Ratis:service=RaftServer,group=group-E3BA4126AE73,id=d8a61d6a-3767-4395-9d18-c8065c09d76e
2019-09-25 07:29:56,097 [RatisPipelineUtilsThread] INFO  pipeline.PipelineStateManager (PipelineStateManager.java:addPipeline(56)) - Created pipeline Pipeline[ Id: e4adbbef-167c-4346-9c97-e3ba4126ae73, Nodes: d8a61d6a-3767-4395-9d18-c8065c09d76e{ip: 192.168.30.10, host: pr-hdds-1569-s62bp-3040748787, networkLocation: /default-rack, certSerialId: null}, Type:RATIS, Factor:ONE, State:OPEN]
2019-09-25 07:29:56,112 [grpc-default-executor-0] INFO  impl.RaftServerProxy (RaftServerProxy.java:addNew(89)) - d56c4ccc-443a-4cf4-ae59-75174e2c5ce7: addNew group-3B2B7E8C758B:[d56c4ccc-443a-4cf4-ae59-75174e2c5ce7:192.168.30.10:41980] returns group-3B2B7E8C758B:java.util.concurrent.CompletableFuture@486d52f6[Not completed]
2019-09-25 07:29:56,114 [pool-37-thread-1] INFO  impl.RaftServerImpl (RaftServerImpl.java:<init>(95)) - d56c4ccc-443a-4cf4-ae59-75174e2c5ce7: new RaftServerImpl for group-3B2B7E8C758B:[d56c4ccc-443a-4cf4-ae59-75174e2c5ce7:192.168.30.10:41980] with ContainerStateMachine:uninitialized
2019-09-25 07:29:56,114 [pool-37-thread-1] INFO  server.RaftServerConfigKeys (ConfUtils.java:logGet(43)) - raft.server.rpc.timeout.min = 5s (custom)
2019-09-25 07:29:56,114 [pool-37-thread-1] INFO  server.RaftServerConfigKeys (ConfUtils.java:logGet(43)) - raft.server.rpc.timeout.max = 5200ms (custom)
2019-09-25 07:29:56,114 [pool-37-thread-1] INFO  server.RaftServerConfigKeys (ConfUtils.java:logGet(43)) - raft.server.rpcslowness.timeout = 120s (custom)
2019-09-25 07:29:56,114 [pool-37-thread-1] INFO  server.RaftServerConfigKeys (ConfUtils.java:logGet(43)) - raft.server.sleep.deviation.threshold = 300 (default)
2019-09-25 07:29:56,115 [pool-37-thread-1] INFO  server.RaftServerConfigKeys (ConfUtils.java:logGet(43)) - raft.server.log.appender.install.snapshot.enabled = false (custom)
2019-09-25 07:29:56,115 [pool-37-thread-1] INFO  impl.RaftServerImpl (ServerState.java:<init>(103)) - d56c4ccc-443a-4cf4-ae59-75174e2c5ce7@group-3B2B7E8C758B: ConfigurationManager, init=-1: [d56c4ccc-443a-4cf4-ae59-75174e2c5ce7:192.168.30.10:41980], old=null, confs=<EMPTY_MAP>
2019-09-25 07:29:56,115 [pool-37-thread-1] INFO  server.RaftServerConfigKeys (ConfUtils.java:logGet(43)) - raft.server.storage.dir = [/workdir/hadoop-ozone/tools/target/test-dir/MiniOzoneClusterImpl-e625f0dc-3f73-4bc5-9a9c-4cc4b5f58c2e/datanode-1/data/ratis] (custom)
2019-09-25 07:29:56,115 [pool-37-thread-1] INFO  storage.RaftStorageDirectory (RaftStorageDirectory.java:analyzeStorage(246)) - The storage directory /workdir/hadoop-ozone/tools/target/test-dir/MiniOzoneClusterImpl-e625f0dc-3f73-4bc5-9a9c-4cc4b5f58c2e/datanode-1/data/ratis/b6100bfc-bd3c-4a03-ba8c-3b2b7e8c758b does not exist. Creating ...
2019-09-25 07:29:56,141 [pool-37-thread-1] INFO  storage.RaftStorageDirectory (RaftStorageDirectory.java:tryLock(328)) - Lock on /workdir/hadoop-ozone/tools/target/test-dir/MiniOzoneClusterImpl-e625f0dc-3f73-4bc5-9a9c-4cc4b5f58c2e/datanode-1/data/ratis/b6100bfc-bd3c-4a03-ba8c-3b2b7e8c758b/in_use.lock acquired by nodename 9675@pr-hdds-1569-s62bp-3040748787
2019-09-25 07:29:56,154 [pool-37-thread-1] INFO  storage.RaftStorage (RaftStorage.java:format(72)) - Storage directory /workdir/hadoop-ozone/tools/target/test-dir/MiniOzoneClusterImpl-e625f0dc-3f73-4bc5-9a9c-4cc4b5f58c2e/datanode-1/data/ratis/b6100bfc-bd3c-4a03-ba8c-3b2b7e8c758b has been successfully formatted.
2019-09-25 07:29:56,154 [pool-37-thread-1] INFO  ratis.ContainerStateMachine (ContainerStateMachine.java:loadSnapshot(230)) - group-3B2B7E8C758B: The snapshot info is null. Setting the last applied indexto:(t:0, i:~)
2019-09-25 07:29:56,154 [pool-37-thread-1] INFO  server.RaftServerConfigKeys (ConfUtils.java:logGet(43)) - raft.server.notification.no-leader.timeout = 120s (custom)
2019-09-25 07:29:56,154 [pool-37-thread-1] INFO  server.RaftServerConfigKeys (ConfUtils.java:logGet(43)) - raft.server.log.use.memory = false (default)
2019-09-25 07:29:56,154 [pool-37-thread-1] INFO  server.RaftServerConfigKeys (ConfUtils.java:logGet(43)) - raft.server.log.purge.gap = 1000000 (custom)
2019-09-25 07:29:56,155 [pool-37-thread-1] INFO  server.RaftServerConfigKeys (ConfUtils.java:logGet(43)) - raft.server.log.appender.buffer.byte-limit = 33554432 (custom)
2019-09-25 07:29:56,155 [pool-37-thread-1] INFO  server.RaftServerConfigKeys (ConfUtils.java:logGet(43)) - raft.server.log.segment.size.max = 1048576 (custom)
2019-09-25 07:29:56,155 [pool-37-thread-1] INFO  server.RaftServerConfigKeys (ConfUtils.java:logGet(43)) - raft.server.log.segment.cache.num.max = 2 (custom)
2019-09-25 07:29:56,155 [pool-37-thread-1] INFO  segmented.SegmentedRaftLogWorker (SegmentedRaftLogWorker.java:<init>(172)) - new d56c4ccc-443a-4cf4-ae59-75174e2c5ce7@group-3B2B7E8C758B-SegmentedRaftLogWorker for RaftStorage:Storage Directory /workdir/hadoop-ozone/tools/target/test-dir/MiniOzoneClusterImpl-e625f0dc-3f73-4bc5-9a9c-4cc4b5f58c2e/datanode-1/data/ratis/b6100bfc-bd3c-4a03-ba8c-3b2b7e8c758b
2019-09-25 07:29:56,155 [pool-37-thread-1] INFO  server.RaftServerConfigKeys (ConfUtils.java:logGet(43)) - raft.server.log.queue.byte-limit = 2147483647 (custom)
2019-09-25 07:29:56,155 [pool-37-thread-1] INFO  server.RaftServerConfigKeys (ConfUtils.java:logGet(43)) - raft.server.log.queue.element-limit = 1024 (custom)
2019-09-25 07:29:56,156 [pool-37-thread-1] INFO  server.RaftServerConfigKeys (ConfUtils.java:logGet(43)) - raft.server.log.segment.size.max = 1048576 (custom)
2019-09-25 07:29:56,156 [pool-37-thread-1] INFO  server.RaftServerConfigKeys (ConfUtils.java:logGet(43)) - raft.server.log.preallocated.size = 16384 (custom)
2019-09-25 07:29:56,156 [pool-37-thread-1] INFO  server.RaftServerConfigKeys (ConfUtils.java:logGet(43)) - raft.server.log.write.buffer.size = 33554432 (custom)
2019-09-25 07:29:56,156 [pool-37-thread-1] INFO  server.RaftServerConfigKeys (ConfUtils.java:logGet(43)) - raft.server.log.force.sync.num = 128 (default)
2019-09-25 07:29:56,156 [pool-37-thread-1] INFO  server.RaftServerConfigKeys (ConfUtils.java:logGet(43)) - raft.server.log.statemachine.data.sync = true (default)
2019-09-25 07:29:56,156 [pool-37-thread-1] INFO  server.RaftServerConfigKeys (ConfUtils.java:logGet(43)) - raft.server.log.statemachine.data.sync.timeout = 10s (default)
2019-09-25 07:29:56,156 [pool-37-thread-1] INFO  server.RaftServerConfigKeys (ConfUtils.java:logGet(43)) - raft.server.log.statemachine.data.sync.timeout.retry = -1 (default)
2019-09-25 07:29:56,157 [pool-37-thread-1] INFO  server.RaftServerConfigKeys (ConfUtils.java:logGet(43)) - raft.server.log.statemachine.data.caching.enabled = true (custom)
2019-09-25 07:29:56,157 [pool-37-thread-1] INFO  segmented.SegmentedRaftLogWorker (SegmentedRaftLogWorker.java:lambda$new$0(132)) - d56c4ccc-443a-4cf4-ae59-75174e2c5ce7@group-3B2B7E8C758B-SegmentedRaftLogWorker: flushIndex: setUnconditionally 0 -> -1
2019-09-25 07:29:56,157 [pool-37-thread-1] INFO  server.RaftServerConfigKeys (ConfUtils.java:logGet(43)) - raft.server.snapshot.auto.trigger.enabled = true (custom)
2019-09-25 07:29:56,157 [pool-37-thread-1] INFO  server.RaftServerConfigKeys (ConfUtils.java:logGet(43)) - raft.server.snapshot.auto.trigger.threshold = 10000 (custom)
2019-09-25 07:29:56,158 [pool-37-thread-1] INFO  server.RaftServerConfigKeys (ConfUtils.java:logGet(43)) - raft.server.snapshot.retention.num.files = 5 (custom)
2019-09-25 07:29:56,159 [pool-37-thread-1] INFO  server.RaftServerConfigKeys (ConfUtils.java:logGet(43)) - raft.server.retrycache.expirytime = 600000ms (custom)
2019-09-25 07:29:56,164 [pool-37-thread-1] INFO  impl.RaftServerImpl (RaftServerImpl.java:start(185)) - d56c4ccc-443a-4cf4-ae59-75174e2c5ce7@group-3B2B7E8C758B: start as a follower, conf=-1: [d56c4ccc-443a-4cf4-ae59-75174e2c5ce7:192.168.30.10:41980], old=null
2019-09-25 07:29:56,164 [pool-37-thread-1] INFO  impl.RaftServerImpl (RaftServerImpl.java:setRole(174)) - d56c4ccc-443a-4cf4-ae59-75174e2c5ce7@group-3B2B7E8C758B: changes role from      null to FOLLOWER at term 0 for startAsFollower
2019-09-25 07:29:56,164 [pool-37-thread-1] INFO  impl.RoleInfo (RoleInfo.java:updateAndGet(143)) - d56c4ccc-443a-4cf4-ae59-75174e2c5ce7: start FollowerState
2019-09-25 07:29:56,164 [pool-37-thread-1] INFO  util.JmxRegister (JmxRegister.java:tryRegister(44)) - Successfully registered JMX Bean with object name Ratis:service=RaftServer,group=group-3B2B7E8C758B,id=d56c4ccc-443a-4cf4-ae59-75174e2c5ce7
2019-09-25 07:29:56,174 [RatisPipelineUtilsThread] INFO  pipeline.PipelineStateManager (PipelineStateManager.java:addPipeline(56)) - Created pipeline Pipeline[ Id: b6100bfc-bd3c-4a03-ba8c-3b2b7e8c758b, Nodes: d56c4ccc-443a-4cf4-ae59-75174e2c5ce7{ip: 192.168.30.10, host: pr-hdds-1569-s62bp-3040748787, networkLocation: /default-rack, certSerialId: null}, Type:RATIS, Factor:ONE, State:OPEN]
2019-09-25 07:29:56,187 [grpc-default-executor-0] INFO  impl.RaftServerProxy (RaftServerProxy.java:addNew(89)) - 3b163acc-90b4-4277-b760-810609058c95: addNew group-93EBA98865C1:[3b163acc-90b4-4277-b760-810609058c95:192.168.30.10:34012] returns group-93EBA98865C1:java.util.concurrent.CompletableFuture@735d1dd1[Not completed]
2019-09-25 07:29:56,189 [pool-27-thread-1] INFO  impl.RaftServerImpl (RaftServerImpl.java:<init>(95)) - 3b163acc-90b4-4277-b760-810609058c95: new RaftServerImpl for group-93EBA98865C1:[3b163acc-90b4-4277-b760-810609058c95:192.168.30.10:34012] with ContainerStateMachine:uninitialized
2019-09-25 07:29:56,189 [pool-27-thread-1] INFO  server.RaftServerConfigKeys (ConfUtils.java:logGet(43)) - raft.server.rpc.timeout.min = 5s (custom)
2019-09-25 07:29:56,189 [pool-27-thread-1] INFO  server.RaftServerConfigKeys (ConfUtils.java:logGet(43)) - raft.server.rpc.timeout.max = 5200ms (custom)
2019-09-25 07:29:56,189 [pool-27-thread-1] INFO  server.RaftServerConfigKeys (ConfUtils.java:logGet(43)) - raft.server.rpcslowness.timeout = 120s (custom)
2019-09-25 07:29:56,189 [pool-27-thread-1] INFO  server.RaftServerConfigKeys (ConfUtils.java:logGet(43)) - raft.server.sleep.deviation.threshold = 300 (default)
2019-09-25 07:29:56,189 [pool-27-thread-1] INFO  server.RaftServerConfigKeys (ConfUtils.java:logGet(43)) - raft.server.log.appender.install.snapshot.enabled = false (custom)
2019-09-25 07:29:56,189 [pool-27-thread-1] INFO  impl.RaftServerImpl (ServerState.java:<init>(103)) - 3b163acc-90b4-4277-b760-810609058c95@group-93EBA98865C1: ConfigurationManager, init=-1: [3b163acc-90b4-4277-b760-810609058c95:192.168.30.10:34012], old=null, confs=<EMPTY_MAP>
2019-09-25 07:29:56,189 [pool-27-thread-1] INFO  server.RaftServerConfigKeys (ConfUtils.java:logGet(43)) - raft.server.storage.dir = [/workdir/hadoop-ozone/tools/target/test-dir/MiniOzoneClusterImpl-e625f0dc-3f73-4bc5-9a9c-4cc4b5f58c2e/datanode-0/data/ratis] (custom)
2019-09-25 07:29:56,190 [pool-27-thread-1] INFO  storage.RaftStorageDirectory (RaftStorageDirectory.java:analyzeStorage(246)) - The storage directory /workdir/hadoop-ozone/tools/target/test-dir/MiniOzoneClusterImpl-e625f0dc-3f73-4bc5-9a9c-4cc4b5f58c2e/datanode-0/data/ratis/aa92f5bb-ad31-41f7-869e-93eba98865c1 does not exist. Creating ...
2019-09-25 07:29:56,214 [pool-27-thread-1] INFO  storage.RaftStorageDirectory (RaftStorageDirectory.java:tryLock(328)) - Lock on /workdir/hadoop-ozone/tools/target/test-dir/MiniOzoneClusterImpl-e625f0dc-3f73-4bc5-9a9c-4cc4b5f58c2e/datanode-0/data/ratis/aa92f5bb-ad31-41f7-869e-93eba98865c1/in_use.lock acquired by nodename 9675@pr-hdds-1569-s62bp-3040748787
2019-09-25 07:29:56,216 [main] INFO  freon.RandomKeyGenerator (RandomKeyGenerator.java:call(283)) - Number of Threads: 10
2019-09-25 07:29:56,217 [main] INFO  freon.RandomKeyGenerator (RandomKeyGenerator.java:call(288)) - Number of Volumes: 1.
2019-09-25 07:29:56,217 [main] INFO  freon.RandomKeyGenerator (RandomKeyGenerator.java:call(289)) - Number of Buckets per Volume: 1.
2019-09-25 07:29:56,217 [main] INFO  freon.RandomKeyGenerator (RandomKeyGenerator.java:call(290)) - Number of Keys per Bucket: 1.
2019-09-25 07:29:56,217 [main] INFO  freon.RandomKeyGenerator (RandomKeyGenerator.java:call(291)) - Key size: 20971520 bytes
2019-09-25 07:29:56,217 [main] INFO  freon.RandomKeyGenerator (RandomKeyGenerator.java:call(292)) - Buffer size: 4096 bytes
2019-09-25 07:29:56,217 [main] INFO  freon.RandomKeyGenerator (RandomKeyGenerator.java:call(293)) - validateWrites : false
2019-09-25 07:29:56,224 [main] INFO  freon.RandomKeyGenerator (RandomKeyGenerator.java:call(313)) - Starting progress bar Thread.

 0.00% |█                                                                                                    |  0/1 Time: 0:00:002019-09-25 07:29:56,227 [pool-27-thread-1] INFO  storage.RaftStorage (RaftStorage.java:format(72)) - Storage directory /workdir/hadoop-ozone/tools/target/test-dir/MiniOzoneClusterImpl-e625f0dc-3f73-4bc5-9a9c-4cc4b5f58c2e/datanode-0/data/ratis/aa92f5bb-ad31-41f7-869e-93eba98865c1 has been successfully formatted.
2019-09-25 07:29:56,228 [pool-27-thread-1] INFO  ratis.ContainerStateMachine (ContainerStateMachine.java:loadSnapshot(230)) - group-93EBA98865C1: The snapshot info is null. Setting the last applied indexto:(t:0, i:~)
2019-09-25 07:29:56,228 [pool-27-thread-1] INFO  server.RaftServerConfigKeys (ConfUtils.java:logGet(43)) - raft.server.notification.no-leader.timeout = 120s (custom)
2019-09-25 07:29:56,228 [pool-27-thread-1] INFO  server.RaftServerConfigKeys (ConfUtils.java:logGet(43)) - raft.server.log.use.memory = false (default)
2019-09-25 07:29:56,228 [pool-27-thread-1] INFO  server.RaftServerConfigKeys (ConfUtils.java:logGet(43)) - raft.server.log.purge.gap = 1000000 (custom)
2019-09-25 07:29:56,228 [pool-27-thread-1] INFO  server.RaftServerConfigKeys (ConfUtils.java:logGet(43)) - raft.server.log.appender.buffer.byte-limit = 33554432 (custom)
2019-09-25 07:29:56,229 [pool-27-thread-1] INFO  server.RaftServerConfigKeys (ConfUtils.java:logGet(43)) - raft.server.log.segment.size.max = 1048576 (custom)
2019-09-25 07:29:56,229 [pool-27-thread-1] INFO  server.RaftServerConfigKeys (ConfUtils.java:logGet(43)) - raft.server.log.segment.cache.num.max = 2 (custom)
2019-09-25 07:29:56,229 [pool-27-thread-1] INFO  segmented.SegmentedRaftLogWorker (SegmentedRaftLogWorker.java:<init>(172)) - new 3b163acc-90b4-4277-b760-810609058c95@group-93EBA98865C1-SegmentedRaftLogWorker for RaftStorage:Storage Directory /workdir/hadoop-ozone/tools/target/test-dir/MiniOzoneClusterImpl-e625f0dc-3f73-4bc5-9a9c-4cc4b5f58c2e/datanode-0/data/ratis/aa92f5bb-ad31-41f7-869e-93eba98865c1
2019-09-25 07:29:56,229 [pool-27-thread-1] INFO  server.RaftServerConfigKeys (ConfUtils.java:logGet(43)) - raft.server.log.queue.byte-limit = 2147483647 (custom)
2019-09-25 07:29:56,229 [pool-27-thread-1] INFO  server.RaftServerConfigKeys (ConfUtils.java:logGet(43)) - raft.server.log.queue.element-limit = 1024 (custom)
2019-09-25 07:29:56,229 [pool-27-thread-1] INFO  server.RaftServerConfigKeys (ConfUtils.java:logGet(43)) - raft.server.log.segment.size.max = 1048576 (custom)
2019-09-25 07:29:56,230 [pool-27-thread-1] INFO  server.RaftServerConfigKeys (ConfUtils.java:logGet(43)) - raft.server.log.preallocated.size = 16384 (custom)
2019-09-25 07:29:56,230 [pool-27-thread-1] INFO  server.RaftServerConfigKeys (ConfUtils.java:logGet(43)) - raft.server.log.write.buffer.size = 33554432 (custom)
2019-09-25 07:29:56,230 [pool-27-thread-1] INFO  server.RaftServerConfigKeys (ConfUtils.java:logGet(43)) - raft.server.log.force.sync.num = 128 (default)
2019-09-25 07:29:56,230 [pool-27-thread-1] INFO  server.RaftServerConfigKeys (ConfUtils.java:logGet(43)) - raft.server.log.statemachine.data.sync = true (default)
2019-09-25 07:29:56,230 [pool-27-thread-1] INFO  server.RaftServerConfigKeys (ConfUtils.java:logGet(43)) - raft.server.log.statemachine.data.sync.timeout = 10s (default)
2019-09-25 07:29:56,230 [pool-27-thread-1] INFO  server.RaftServerConfigKeys (ConfUtils.java:logGet(43)) - raft.server.log.statemachine.data.sync.timeout.retry = -1 (default)
2019-09-25 07:29:56,231 [pool-27-thread-1] INFO  server.RaftServerConfigKeys (ConfUtils.java:logGet(43)) - raft.server.log.statemachine.data.caching.enabled = true (custom)
2019-09-25 07:29:56,231 [pool-27-thread-1] INFO  segmented.SegmentedRaftLogWorker (SegmentedRaftLogWorker.java:lambda$new$0(132)) - 3b163acc-90b4-4277-b760-810609058c95@group-93EBA98865C1-SegmentedRaftLogWorker: flushIndex: setUnconditionally 0 -> -1
2019-09-25 07:29:56,231 [pool-27-thread-1] INFO  server.RaftServerConfigKeys (ConfUtils.java:logGet(43)) - raft.server.snapshot.auto.trigger.enabled = true (custom)
2019-09-25 07:29:56,232 [pool-27-thread-1] INFO  server.RaftServerConfigKeys (ConfUtils.java:logGet(43)) - raft.server.snapshot.auto.trigger.threshold = 10000 (custom)
2019-09-25 07:29:56,232 [pool-27-thread-1] INFO  server.RaftServerConfigKeys (ConfUtils.java:logGet(43)) - raft.server.snapshot.retention.num.files = 5 (custom)
2019-09-25 07:29:56,232 [pool-27-thread-1] INFO  server.RaftServerConfigKeys (ConfUtils.java:logGet(43)) - raft.server.retrycache.expirytime = 600000ms (custom)
2019-09-25 07:29:56,235 [pool-27-thread-1] INFO  impl.RaftServerImpl (RaftServerImpl.java:start(185)) - 3b163acc-90b4-4277-b760-810609058c95@group-93EBA98865C1: start as a follower, conf=-1: [3b163acc-90b4-4277-b760-810609058c95:192.168.30.10:34012], old=null
2019-09-25 07:29:56,235 [pool-27-thread-1] INFO  impl.RaftServerImpl (RaftServerImpl.java:setRole(174)) - 3b163acc-90b4-4277-b760-810609058c95@group-93EBA98865C1: changes role from      null to FOLLOWER at term 0 for startAsFollower
2019-09-25 07:29:56,235 [pool-27-thread-1] INFO  impl.RoleInfo (RoleInfo.java:updateAndGet(143)) - 3b163acc-90b4-4277-b760-810609058c95: start FollowerState
2019-09-25 07:29:56,235 [pool-27-thread-1] INFO  util.JmxRegister (JmxRegister.java:tryRegister(44)) - Successfully registered JMX Bean with object name Ratis:service=RaftServer,group=group-93EBA98865C1,id=3b163acc-90b4-4277-b760-810609058c95
2019-09-25 07:29:56,251 [RatisPipelineUtilsThread] INFO  pipeline.PipelineStateManager (PipelineStateManager.java:addPipeline(56)) - Created pipeline Pipeline[ Id: aa92f5bb-ad31-41f7-869e-93eba98865c1, Nodes: 3b163acc-90b4-4277-b760-810609058c95{ip: 192.168.30.10, host: pr-hdds-1569-s62bp-3040748787, networkLocation: /default-rack, certSerialId: null}, Type:RATIS, Factor:ONE, State:OPEN]
2019-09-25 07:29:56,252 [RatisPipelineUtilsThread] INFO  pipeline.PipelinePlacementPolicy (PipelinePlacementPolicy.java:meetCriteria(91)) - Pipeline Placement: Doesn't meet the criteria to be viable node： 3b163acc-90b4-4277-b760-810609058c95 Heaviness: 6 limit: 5
2019-09-25 07:29:56,258 [pool-73-thread-1] INFO  rpc.RpcClient (RpcClient.java:createVolume(276)) - Creating Volume: vol-0-73925, with jenkins1000 as owner.
2019-09-25 07:29:56,266 [grpc-default-executor-0] INFO  impl.RaftServerProxy (RaftServerProxy.java:addNew(89)) - cd2c40c8-d07b-4b9d-aa49-bfe6dbbda9a0: addNew group-543833E0FB45:[cd2c40c8-d07b-4b9d-aa49-bfe6dbbda9a0:192.168.30.10:35976] returns group-543833E0FB45:java.util.concurrent.CompletableFuture@7c53dce6[Not completed]
2019-09-25 07:29:56,271 [pool-67-thread-1] INFO  impl.RaftServerImpl (RaftServerImpl.java:<init>(95)) - cd2c40c8-d07b-4b9d-aa49-bfe6dbbda9a0: new RaftServerImpl for group-543833E0FB45:[cd2c40c8-d07b-4b9d-aa49-bfe6dbbda9a0:192.168.30.10:35976] with ContainerStateMachine:uninitialized
2019-09-25 07:29:56,271 [pool-67-thread-1] INFO  server.RaftServerConfigKeys (ConfUtils.java:logGet(43)) - raft.server.rpc.timeout.min = 5s (custom)
2019-09-25 07:29:56,271 [pool-67-thread-1] INFO  server.RaftServerConfigKeys (ConfUtils.java:logGet(43)) - raft.server.rpc.timeout.max = 5200ms (custom)
2019-09-25 07:29:56,272 [pool-67-thread-1] INFO  server.RaftServerConfigKeys (ConfUtils.java:logGet(43)) - raft.server.rpcslowness.timeout = 120s (custom)
2019-09-25 07:29:56,272 [pool-67-thread-1] INFO  server.RaftServerConfigKeys (ConfUtils.java:logGet(43)) - raft.server.sleep.deviation.threshold = 300 (default)
2019-09-25 07:29:56,272 [pool-67-thread-1] INFO  server.RaftServerConfigKeys (ConfUtils.java:logGet(43)) - raft.server.log.appender.install.snapshot.enabled = false (custom)
2019-09-25 07:29:56,272 [pool-67-thread-1] INFO  impl.RaftServerImpl (ServerState.java:<init>(103)) - cd2c40c8-d07b-4b9d-aa49-bfe6dbbda9a0@group-543833E0FB45: ConfigurationManager, init=-1: [cd2c40c8-d07b-4b9d-aa49-bfe6dbbda9a0:192.168.30.10:35976], old=null, confs=<EMPTY_MAP>
2019-09-25 07:29:56,272 [pool-67-thread-1] INFO  server.RaftServerConfigKeys (ConfUtils.java:logGet(43)) - raft.server.storage.dir = [/workdir/hadoop-ozone/tools/target/test-dir/MiniOzoneClusterImpl-e625f0dc-3f73-4bc5-9a9c-4cc4b5f58c2e/datanode-4/data/ratis] (custom)
2019-09-25 07:29:56,273 [pool-67-thread-1] INFO  storage.RaftStorageDirectory (RaftStorageDirectory.java:analyzeStorage(246)) - The storage directory /workdir/hadoop-ozone/tools/target/test-dir/MiniOzoneClusterImpl-e625f0dc-3f73-4bc5-9a9c-4cc4b5f58c2e/datanode-4/data/ratis/b5f57f86-5e40-4200-b975-543833e0fb45 does not exist. Creating ...
2019-09-25 07:29:56,294 [pool-67-thread-1] INFO  storage.RaftStorageDirectory (RaftStorageDirectory.java:tryLock(328)) - Lock on /workdir/hadoop-ozone/tools/target/test-dir/MiniOzoneClusterImpl-e625f0dc-3f73-4bc5-9a9c-4cc4b5f58c2e/datanode-4/data/ratis/b5f57f86-5e40-4200-b975-543833e0fb45/in_use.lock acquired by nodename 9675@pr-hdds-1569-s62bp-3040748787
2019-09-25 07:29:56,307 [pool-67-thread-1] INFO  storage.RaftStorage (RaftStorage.java:format(72)) - Storage directory /workdir/hadoop-ozone/tools/target/test-dir/MiniOzoneClusterImpl-e625f0dc-3f73-4bc5-9a9c-4cc4b5f58c2e/datanode-4/data/ratis/b5f57f86-5e40-4200-b975-543833e0fb45 has been successfully formatted.
2019-09-25 07:29:56,307 [pool-67-thread-1] INFO  ratis.ContainerStateMachine (ContainerStateMachine.java:loadSnapshot(230)) - group-543833E0FB45: The snapshot info is null. Setting the last applied indexto:(t:0, i:~)
2019-09-25 07:29:56,307 [pool-67-thread-1] INFO  server.RaftServerConfigKeys (ConfUtils.java:logGet(43)) - raft.server.notification.no-leader.timeout = 120s (custom)
2019-09-25 07:29:56,308 [pool-67-thread-1] INFO  server.RaftServerConfigKeys (ConfUtils.java:logGet(43)) - raft.server.log.use.memory = false (default)
2019-09-25 07:29:56,308 [pool-67-thread-1] INFO  server.RaftServerConfigKeys (ConfUtils.java:logGet(43)) - raft.server.log.purge.gap = 1000000 (custom)
2019-09-25 07:29:56,308 [pool-67-thread-1] INFO  server.RaftServerConfigKeys (ConfUtils.java:logGet(43)) - raft.server.log.appender.buffer.byte-limit = 33554432 (custom)
2019-09-25 07:29:56,308 [pool-67-thread-1] INFO  server.RaftServerConfigKeys (ConfUtils.java:logGet(43)) - raft.server.log.segment.size.max = 1048576 (custom)
2019-09-25 07:29:56,309 [pool-67-thread-1] INFO  server.RaftServerConfigKeys (ConfUtils.java:logGet(43)) - raft.server.log.segment.cache.num.max = 2 (custom)
2019-09-25 07:29:56,309 [pool-67-thread-1] INFO  segmented.SegmentedRaftLogWorker (SegmentedRaftLogWorker.java:<init>(172)) - new cd2c40c8-d07b-4b9d-aa49-bfe6dbbda9a0@group-543833E0FB45-SegmentedRaftLogWorker for RaftStorage:Storage Directory /workdir/hadoop-ozone/tools/target/test-dir/MiniOzoneClusterImpl-e625f0dc-3f73-4bc5-9a9c-4cc4b5f58c2e/datanode-4/data/ratis/b5f57f86-5e40-4200-b975-543833e0fb45
2019-09-25 07:29:56,312 [pool-67-thread-1] INFO  server.RaftServerConfigKeys (ConfUtils.java:logGet(43)) - raft.server.log.queue.byte-limit = 2147483647 (custom)
2019-09-25 07:29:56,312 [pool-67-thread-1] INFO  server.RaftServerConfigKeys (ConfUtils.java:logGet(43)) - raft.server.log.queue.element-limit = 1024 (custom)
2019-09-25 07:29:56,312 [pool-67-thread-1] INFO  server.RaftServerConfigKeys (ConfUtils.java:logGet(43)) - raft.server.log.segment.size.max = 1048576 (custom)
2019-09-25 07:29:56,312 [pool-67-thread-1] INFO  server.RaftServerConfigKeys (ConfUtils.java:logGet(43)) - raft.server.log.preallocated.size = 16384 (custom)
2019-09-25 07:29:56,313 [pool-67-thread-1] INFO  server.RaftServerConfigKeys (ConfUtils.java:logGet(43)) - raft.server.log.write.buffer.size = 33554432 (custom)
2019-09-25 07:29:56,313 [pool-67-thread-1] INFO  server.RaftServerConfigKeys (ConfUtils.java:logGet(43)) - raft.server.log.force.sync.num = 128 (default)
2019-09-25 07:29:56,313 [pool-67-thread-1] INFO  server.RaftServerConfigKeys (ConfUtils.java:logGet(43)) - raft.server.log.statemachine.data.sync = true (default)
2019-09-25 07:29:56,313 [pool-67-thread-1] INFO  server.RaftServerConfigKeys (ConfUtils.java:logGet(43)) - raft.server.log.statemachine.data.sync.timeout = 10s (default)
2019-09-25 07:29:56,313 [pool-67-thread-1] INFO  server.RaftServerConfigKeys (ConfUtils.java:logGet(43)) - raft.server.log.statemachine.data.sync.timeout.retry = -1 (default)
2019-09-25 07:29:56,313 [pool-67-thread-1] INFO  server.RaftServerConfigKeys (ConfUtils.java:logGet(43)) - raft.server.log.statemachine.data.caching.enabled = true (custom)
2019-09-25 07:29:56,314 [pool-67-thread-1] INFO  segmented.SegmentedRaftLogWorker (SegmentedRaftLogWorker.java:lambda$new$0(132)) - cd2c40c8-d07b-4b9d-aa49-bfe6dbbda9a0@group-543833E0FB45-SegmentedRaftLogWorker: flushIndex: setUnconditionally 0 -> -1
2019-09-25 07:29:56,314 [pool-67-thread-1] INFO  server.RaftServerConfigKeys (ConfUtils.java:logGet(43)) - raft.server.snapshot.auto.trigger.enabled = true (custom)
2019-09-25 07:29:56,314 [pool-67-thread-1] INFO  server.RaftServerConfigKeys (ConfUtils.java:logGet(43)) - raft.server.snapshot.auto.trigger.threshold = 10000 (custom)
2019-09-25 07:29:56,315 [pool-67-thread-1] INFO  server.RaftServerConfigKeys (ConfUtils.java:logGet(43)) - raft.server.snapshot.retention.num.files = 5 (custom)
2019-09-25 07:29:56,315 [pool-67-thread-1] INFO  server.RaftServerConfigKeys (ConfUtils.java:logGet(43)) - raft.server.retrycache.expirytime = 600000ms (custom)
2019-09-25 07:29:56,317 [pool-67-thread-1] INFO  impl.RaftServerImpl (RaftServerImpl.java:start(185)) - cd2c40c8-d07b-4b9d-aa49-bfe6dbbda9a0@group-543833E0FB45: start as a follower, conf=-1: [cd2c40c8-d07b-4b9d-aa49-bfe6dbbda9a0:192.168.30.10:35976], old=null
2019-09-25 07:29:56,317 [pool-67-thread-1] INFO  impl.RaftServerImpl (RaftServerImpl.java:setRole(174)) - cd2c40c8-d07b-4b9d-aa49-bfe6dbbda9a0@group-543833E0FB45: changes role from      null to FOLLOWER at term 0 for startAsFollower
2019-09-25 07:29:56,318 [pool-67-thread-1] INFO  impl.RoleInfo (RoleInfo.java:updateAndGet(143)) - cd2c40c8-d07b-4b9d-aa49-bfe6dbbda9a0: start FollowerState
2019-09-25 07:29:56,318 [pool-67-thread-1] INFO  util.JmxRegister (JmxRegister.java:tryRegister(44)) - Successfully registered JMX Bean with object name Ratis:service=RaftServer,group=group-543833E0FB45,id=cd2c40c8-d07b-4b9d-aa49-bfe6dbbda9a0
2019-09-25 07:29:56,328 [RatisPipelineUtilsThread] INFO  pipeline.PipelineStateManager (PipelineStateManager.java:addPipeline(56)) - Created pipeline Pipeline[ Id: b5f57f86-5e40-4200-b975-543833e0fb45, Nodes: cd2c40c8-d07b-4b9d-aa49-bfe6dbbda9a0{ip: 192.168.30.10, host: pr-hdds-1569-s62bp-3040748787, networkLocation: /default-rack, certSerialId: null}, Type:RATIS, Factor:ONE, State:OPEN]
2019-09-25 07:29:56,328 [RatisPipelineUtilsThread] INFO  pipeline.PipelinePlacementPolicy (PipelinePlacementPolicy.java:meetCriteria(91)) - Pipeline Placement: Doesn't meet the criteria to be viable node： 3b163acc-90b4-4277-b760-810609058c95 Heaviness: 6 limit: 5
2019-09-25 07:29:56,342 [grpc-default-executor-0] INFO  impl.RaftServerProxy (RaftServerProxy.java:addNew(89)) - d8a61d6a-3767-4395-9d18-c8065c09d76e: addNew group-3BE7C2A920E6:[d8a61d6a-3767-4395-9d18-c8065c09d76e:192.168.30.10:42388] returns group-3BE7C2A920E6:java.util.concurrent.CompletableFuture@10e19bb5[Not completed]
2019-09-25 07:29:56,344 [pool-47-thread-1] INFO  impl.RaftServerImpl (RaftServerImpl.java:<init>(95)) - d8a61d6a-3767-4395-9d18-c8065c09d76e: new RaftServerImpl for group-3BE7C2A920E6:[d8a61d6a-3767-4395-9d18-c8065c09d76e:192.168.30.10:42388] with ContainerStateMachine:uninitialized
2019-09-25 07:29:56,344 [pool-47-thread-1] INFO  server.RaftServerConfigKeys (ConfUtils.java:logGet(43)) - raft.server.rpc.timeout.min = 5s (custom)
2019-09-25 07:29:56,344 [pool-47-thread-1] INFO  server.RaftServerConfigKeys (ConfUtils.java:logGet(43)) - raft.server.rpc.timeout.max = 5200ms (custom)
2019-09-25 07:29:56,345 [pool-47-thread-1] INFO  server.RaftServerConfigKeys (ConfUtils.java:logGet(43)) - raft.server.rpcslowness.timeout = 120s (custom)
2019-09-25 07:29:56,345 [pool-47-thread-1] INFO  server.RaftServerConfigKeys (ConfUtils.java:logGet(43)) - raft.server.sleep.deviation.threshold = 300 (default)
2019-09-25 07:29:56,345 [pool-47-thread-1] INFO  server.RaftServerConfigKeys (ConfUtils.java:logGet(43)) - raft.server.log.appender.install.snapshot.enabled = false (custom)
2019-09-25 07:29:56,345 [pool-47-thread-1] INFO  impl.RaftServerImpl (ServerState.java:<init>(103)) - d8a61d6a-3767-4395-9d18-c8065c09d76e@group-3BE7C2A920E6: ConfigurationManager, init=-1: [d8a61d6a-3767-4395-9d18-c8065c09d76e:192.168.30.10:42388], old=null, confs=<EMPTY_MAP>
2019-09-25 07:29:56,345 [pool-47-thread-1] INFO  server.RaftServerConfigKeys (ConfUtils.java:logGet(43)) - raft.server.storage.dir = [/workdir/hadoop-ozone/tools/target/test-dir/MiniOzoneClusterImpl-e625f0dc-3f73-4bc5-9a9c-4cc4b5f58c2e/datanode-2/data/ratis] (custom)
2019-09-25 07:29:56,346 [pool-47-thread-1] INFO  storage.RaftStorageDirectory (RaftStorageDirectory.java:analyzeStorage(246)) - The storage directory /workdir/hadoop-ozone/tools/target/test-dir/MiniOzoneClusterImpl-e625f0dc-3f73-4bc5-9a9c-4cc4b5f58c2e/datanode-2/data/ratis/874452b3-4cc3-4674-abd8-3be7c2a920e6 does not exist. Creating ...
2019-09-25 07:29:56,383 [pool-47-thread-1] INFO  storage.RaftStorageDirectory (RaftStorageDirectory.java:tryLock(328)) - Lock on /workdir/hadoop-ozone/tools/target/test-dir/MiniOzoneClusterImpl-e625f0dc-3f73-4bc5-9a9c-4cc4b5f58c2e/datanode-2/data/ratis/874452b3-4cc3-4674-abd8-3be7c2a920e6/in_use.lock acquired by nodename 9675@pr-hdds-1569-s62bp-3040748787
2019-09-25 07:29:56,387 [IPC Server handler 0 on 39745] INFO  volume.OMVolumeCreateRequest (OMVolumeCreateRequest.java:validateAndUpdateCache(189)) - created volume:vol-0-73925 for user:jenkins1000
2019-09-25 07:29:56,388 [pool-47-thread-1] INFO  storage.RaftStorage (RaftStorage.java:format(72)) - Storage directory /workdir/hadoop-ozone/tools/target/test-dir/MiniOzoneClusterImpl-e625f0dc-3f73-4bc5-9a9c-4cc4b5f58c2e/datanode-2/data/ratis/874452b3-4cc3-4674-abd8-3be7c2a920e6 has been successfully formatted.
2019-09-25 07:29:56,388 [pool-47-thread-1] INFO  ratis.ContainerStateMachine (ContainerStateMachine.java:loadSnapshot(230)) - group-3BE7C2A920E6: The snapshot info is null. Setting the last applied indexto:(t:0, i:~)
2019-09-25 07:29:56,388 [pool-47-thread-1] INFO  server.RaftServerConfigKeys (ConfUtils.java:logGet(43)) - raft.server.notification.no-leader.timeout = 120s (custom)
2019-09-25 07:29:56,388 [pool-47-thread-1] INFO  server.RaftServerConfigKeys (ConfUtils.java:logGet(43)) - raft.server.log.use.memory = false (default)
2019-09-25 07:29:56,389 [pool-47-thread-1] INFO  server.RaftServerConfigKeys (ConfUtils.java:logGet(43)) - raft.server.log.purge.gap = 1000000 (custom)
2019-09-25 07:29:56,389 [pool-47-thread-1] INFO  server.RaftServerConfigKeys (ConfUtils.java:logGet(43)) - raft.server.log.appender.buffer.byte-limit = 33554432 (custom)
2019-09-25 07:29:56,389 [pool-47-thread-1] INFO  server.RaftServerConfigKeys (ConfUtils.java:logGet(43)) - raft.server.log.segment.size.max = 1048576 (custom)
2019-09-25 07:29:56,389 [pool-47-thread-1] INFO  server.RaftServerConfigKeys (ConfUtils.java:logGet(43)) - raft.server.log.segment.cache.num.max = 2 (custom)
2019-09-25 07:29:56,389 [pool-47-thread-1] INFO  segmented.SegmentedRaftLogWorker (SegmentedRaftLogWorker.java:<init>(172)) - new d8a61d6a-3767-4395-9d18-c8065c09d76e@group-3BE7C2A920E6-SegmentedRaftLogWorker for RaftStorage:Storage Directory /workdir/hadoop-ozone/tools/target/test-dir/MiniOzoneClusterImpl-e625f0dc-3f73-4bc5-9a9c-4cc4b5f58c2e/datanode-2/data/ratis/874452b3-4cc3-4674-abd8-3be7c2a920e6
2019-09-25 07:29:56,389 [pool-47-thread-1] INFO  server.RaftServerConfigKeys (ConfUtils.java:logGet(43)) - raft.server.log.queue.byte-limit = 2147483647 (custom)
2019-09-25 07:29:56,390 [pool-47-thread-1] INFO  server.RaftServerConfigKeys (ConfUtils.java:logGet(43)) - raft.server.log.queue.element-limit = 1024 (custom)
2019-09-25 07:29:56,390 [pool-47-thread-1] INFO  server.RaftServerConfigKeys (ConfUtils.java:logGet(43)) - raft.server.log.segment.size.max = 1048576 (custom)
2019-09-25 07:29:56,390 [pool-47-thread-1] INFO  server.RaftServerConfigKeys (ConfUtils.java:logGet(43)) - raft.server.log.preallocated.size = 16384 (custom)
2019-09-25 07:29:56,390 [pool-47-thread-1] INFO  server.RaftServerConfigKeys (ConfUtils.java:logGet(43)) - raft.server.log.write.buffer.size = 33554432 (custom)
2019-09-25 07:29:56,390 [pool-47-thread-1] INFO  server.RaftServerConfigKeys (ConfUtils.java:logGet(43)) - raft.server.log.force.sync.num = 128 (default)
2019-09-25 07:29:56,390 [pool-47-thread-1] INFO  server.RaftServerConfigKeys (ConfUtils.java:logGet(43)) - raft.server.log.statemachine.data.sync = true (default)
2019-09-25 07:29:56,391 [pool-47-thread-1] INFO  server.RaftServerConfigKeys (ConfUtils.java:logGet(43)) - raft.server.log.statemachine.data.sync.timeout = 10s (default)
2019-09-25 07:29:56,391 [pool-47-thread-1] INFO  server.RaftServerConfigKeys (ConfUtils.java:logGet(43)) - raft.server.log.statemachine.data.sync.timeout.retry = -1 (default)
2019-09-25 07:29:56,391 [pool-47-thread-1] INFO  server.RaftServerConfigKeys (ConfUtils.java:logGet(43)) - raft.server.log.statemachine.data.caching.enabled = true (custom)
2019-09-25 07:29:56,391 [pool-47-thread-1] INFO  segmented.SegmentedRaftLogWorker (SegmentedRaftLogWorker.java:lambda$new$0(132)) - d8a61d6a-3767-4395-9d18-c8065c09d76e@group-3BE7C2A920E6-SegmentedRaftLogWorker: flushIndex: setUnconditionally 0 -> -1
2019-09-25 07:29:56,392 [pool-47-thread-1] INFO  server.RaftServerConfigKeys (ConfUtils.java:logGet(43)) - raft.server.snapshot.auto.trigger.enabled = true (custom)
2019-09-25 07:29:56,392 [pool-47-thread-1] INFO  server.RaftServerConfigKeys (ConfUtils.java:logGet(43)) - raft.server.snapshot.auto.trigger.threshold = 10000 (custom)
2019-09-25 07:29:56,392 [pool-47-thread-1] INFO  server.RaftServerConfigKeys (ConfUtils.java:logGet(43)) - raft.server.snapshot.retention.num.files = 5 (custom)
2019-09-25 07:29:56,392 [pool-47-thread-1] INFO  server.RaftServerConfigKeys (ConfUtils.java:logGet(43)) - raft.server.retrycache.expirytime = 600000ms (custom)
2019-09-25 07:29:56,395 [pool-47-thread-1] INFO  impl.RaftServerImpl (RaftServerImpl.java:start(185)) - d8a61d6a-3767-4395-9d18-c8065c09d76e@group-3BE7C2A920E6: start as a follower, conf=-1: [d8a61d6a-3767-4395-9d18-c8065c09d76e:192.168.30.10:42388], old=null
2019-09-25 07:29:56,396 [pool-47-thread-1] INFO  impl.RaftServerImpl (RaftServerImpl.java:setRole(174)) - d8a61d6a-3767-4395-9d18-c8065c09d76e@group-3BE7C2A920E6: changes role from      null to FOLLOWER at term 0 for startAsFollower
2019-09-25 07:29:56,396 [pool-47-thread-1] INFO  impl.RoleInfo (RoleInfo.java:updateAndGet(143)) - d8a61d6a-3767-4395-9d18-c8065c09d76e: start FollowerState
2019-09-25 07:29:56,398 [pool-47-thread-1] INFO  util.JmxRegister (JmxRegister.java:tryRegister(44)) - Successfully registered JMX Bean with object name Ratis:service=RaftServer,group=group-3BE7C2A920E6,id=d8a61d6a-3767-4395-9d18-c8065c09d76e
2019-09-25 07:29:56,415 [RatisPipelineUtilsThread] INFO  pipeline.PipelineStateManager (PipelineStateManager.java:addPipeline(56)) - Created pipeline Pipeline[ Id: 874452b3-4cc3-4674-abd8-3be7c2a920e6, Nodes: d8a61d6a-3767-4395-9d18-c8065c09d76e{ip: 192.168.30.10, host: pr-hdds-1569-s62bp-3040748787, networkLocation: /default-rack, certSerialId: null}, Type:RATIS, Factor:ONE, State:OPEN]
2019-09-25 07:29:56,416 [RatisPipelineUtilsThread] INFO  pipeline.PipelinePlacementPolicy (PipelinePlacementPolicy.java:meetCriteria(91)) - Pipeline Placement: Doesn't meet the criteria to be viable node： 3b163acc-90b4-4277-b760-810609058c95 Heaviness: 6 limit: 5
2019-09-25 07:29:56,436 [pool-73-thread-2] INFO  rpc.RpcClient (RpcClient.java:createBucket(415)) - Creating Bucket: vol-0-73925/bucket-0-69831, with Versioning false and Storage Type set to DISK and Encryption set to false 
2019-09-25 07:29:56,441 [grpc-default-executor-0] INFO  impl.RaftServerProxy (RaftServerProxy.java:addNew(89)) - cd2c40c8-d07b-4b9d-aa49-bfe6dbbda9a0: addNew group-23F3CE6407E7:[cd2c40c8-d07b-4b9d-aa49-bfe6dbbda9a0:192.168.30.10:35976] returns group-23F3CE6407E7:java.util.concurrent.CompletableFuture@6737bf07[Not completed]
2019-09-25 07:29:56,445 [pool-67-thread-1] INFO  impl.RaftServerImpl (RaftServerImpl.java:<init>(95)) - cd2c40c8-d07b-4b9d-aa49-bfe6dbbda9a0: new RaftServerImpl for group-23F3CE6407E7:[cd2c40c8-d07b-4b9d-aa49-bfe6dbbda9a0:192.168.30.10:35976] with ContainerStateMachine:uninitialized
2019-09-25 07:29:56,445 [pool-67-thread-1] INFO  server.RaftServerConfigKeys (ConfUtils.java:logGet(43)) - raft.server.rpc.timeout.min = 5s (custom)
2019-09-25 07:29:56,446 [pool-67-thread-1] INFO  server.RaftServerConfigKeys (ConfUtils.java:logGet(43)) - raft.server.rpc.timeout.max = 5200ms (custom)
2019-09-25 07:29:56,446 [pool-67-thread-1] INFO  server.RaftServerConfigKeys (ConfUtils.java:logGet(43)) - raft.server.rpcslowness.timeout = 120s (custom)
2019-09-25 07:29:56,446 [pool-67-thread-1] INFO  server.RaftServerConfigKeys (ConfUtils.java:logGet(43)) - raft.server.sleep.deviation.threshold = 300 (default)
2019-09-25 07:29:56,446 [pool-67-thread-1] INFO  server.RaftServerConfigKeys (ConfUtils.java:logGet(43)) - raft.server.log.appender.install.snapshot.enabled = false (custom)
2019-09-25 07:29:56,448 [pool-67-thread-1] INFO  impl.RaftServerImpl (ServerState.java:<init>(103)) - cd2c40c8-d07b-4b9d-aa49-bfe6dbbda9a0@group-23F3CE6407E7: ConfigurationManager, init=-1: [cd2c40c8-d07b-4b9d-aa49-bfe6dbbda9a0:192.168.30.10:35976], old=null, confs=<EMPTY_MAP>
2019-09-25 07:29:56,448 [pool-67-thread-1] INFO  server.RaftServerConfigKeys (ConfUtils.java:logGet(43)) - raft.server.storage.dir = [/workdir/hadoop-ozone/tools/target/test-dir/MiniOzoneClusterImpl-e625f0dc-3f73-4bc5-9a9c-4cc4b5f58c2e/datanode-4/data/ratis] (custom)
2019-09-25 07:29:56,449 [pool-67-thread-1] INFO  storage.RaftStorageDirectory (RaftStorageDirectory.java:analyzeStorage(246)) - The storage directory /workdir/hadoop-ozone/tools/target/test-dir/MiniOzoneClusterImpl-e625f0dc-3f73-4bc5-9a9c-4cc4b5f58c2e/datanode-4/data/ratis/d2315dcf-c747-49d7-a984-23f3ce6407e7 does not exist. Creating ...
2019-09-25 07:29:56,462 [pool-67-thread-1] INFO  storage.RaftStorageDirectory (RaftStorageDirectory.java:tryLock(328)) - Lock on /workdir/hadoop-ozone/tools/target/test-dir/MiniOzoneClusterImpl-e625f0dc-3f73-4bc5-9a9c-4cc4b5f58c2e/datanode-4/data/ratis/d2315dcf-c747-49d7-a984-23f3ce6407e7/in_use.lock acquired by nodename 9675@pr-hdds-1569-s62bp-3040748787
2019-09-25 07:29:56,466 [pool-67-thread-1] INFO  storage.RaftStorage (RaftStorage.java:format(72)) - Storage directory /workdir/hadoop-ozone/tools/target/test-dir/MiniOzoneClusterImpl-e625f0dc-3f73-4bc5-9a9c-4cc4b5f58c2e/datanode-4/data/ratis/d2315dcf-c747-49d7-a984-23f3ce6407e7 has been successfully formatted.
2019-09-25 07:29:56,466 [pool-67-thread-1] INFO  ratis.ContainerStateMachine (ContainerStateMachine.java:loadSnapshot(230)) - group-23F3CE6407E7: The snapshot info is null. Setting the last applied indexto:(t:0, i:~)
2019-09-25 07:29:56,466 [pool-67-thread-1] INFO  server.RaftServerConfigKeys (ConfUtils.java:logGet(43)) - raft.server.notification.no-leader.timeout = 120s (custom)
2019-09-25 07:29:56,467 [pool-67-thread-1] INFO  server.RaftServerConfigKeys (ConfUtils.java:logGet(43)) - raft.server.log.use.memory = false (default)
2019-09-25 07:29:56,467 [pool-67-thread-1] INFO  server.RaftServerConfigKeys (ConfUtils.java:logGet(43)) - raft.server.log.purge.gap = 1000000 (custom)
2019-09-25 07:29:56,467 [pool-67-thread-1] INFO  server.RaftServerConfigKeys (ConfUtils.java:logGet(43)) - raft.server.log.appender.buffer.byte-limit = 33554432 (custom)
2019-09-25 07:29:56,467 [pool-67-thread-1] INFO  server.RaftServerConfigKeys (ConfUtils.java:logGet(43)) - raft.server.log.segment.size.max = 1048576 (custom)
2019-09-25 07:29:56,467 [pool-67-thread-1] INFO  server.RaftServerConfigKeys (ConfUtils.java:logGet(43)) - raft.server.log.segment.cache.num.max = 2 (custom)
2019-09-25 07:29:56,468 [pool-67-thread-1] INFO  segmented.SegmentedRaftLogWorker (SegmentedRaftLogWorker.java:<init>(172)) - new cd2c40c8-d07b-4b9d-aa49-bfe6dbbda9a0@group-23F3CE6407E7-SegmentedRaftLogWorker for RaftStorage:Storage Directory /workdir/hadoop-ozone/tools/target/test-dir/MiniOzoneClusterImpl-e625f0dc-3f73-4bc5-9a9c-4cc4b5f58c2e/datanode-4/data/ratis/d2315dcf-c747-49d7-a984-23f3ce6407e7
2019-09-25 07:29:56,468 [pool-67-thread-1] INFO  server.RaftServerConfigKeys (ConfUtils.java:logGet(43)) - raft.server.log.queue.byte-limit = 2147483647 (custom)
2019-09-25 07:29:56,468 [pool-67-thread-1] INFO  server.RaftServerConfigKeys (ConfUtils.java:logGet(43)) - raft.server.log.queue.element-limit = 1024 (custom)
2019-09-25 07:29:56,468 [pool-67-thread-1] INFO  server.RaftServerConfigKeys (ConfUtils.java:logGet(43)) - raft.server.log.segment.size.max = 1048576 (custom)
2019-09-25 07:29:56,468 [pool-67-thread-1] INFO  server.RaftServerConfigKeys (ConfUtils.java:logGet(43)) - raft.server.log.preallocated.size = 16384 (custom)
2019-09-25 07:29:56,468 [pool-67-thread-1] INFO  server.RaftServerConfigKeys (ConfUtils.java:logGet(43)) - raft.server.log.write.buffer.size = 33554432 (custom)
2019-09-25 07:29:56,469 [pool-67-thread-1] INFO  server.RaftServerConfigKeys (ConfUtils.java:logGet(43)) - raft.server.log.force.sync.num = 128 (default)
2019-09-25 07:29:56,474 [pool-67-thread-1] INFO  server.RaftServerConfigKeys (ConfUtils.java:logGet(43)) - raft.server.log.statemachine.data.sync = true (default)
2019-09-25 07:29:56,478 [pool-67-thread-1] INFO  server.RaftServerConfigKeys (ConfUtils.java:logGet(43)) - raft.server.log.statemachine.data.sync.timeout = 10s (default)
2019-09-25 07:29:56,478 [pool-67-thread-1] INFO  server.RaftServerConfigKeys (ConfUtils.java:logGet(43)) - raft.server.log.statemachine.data.sync.timeout.retry = -1 (default)
2019-09-25 07:29:56,478 [pool-67-thread-1] INFO  server.RaftServerConfigKeys (ConfUtils.java:logGet(43)) - raft.server.log.statemachine.data.caching.enabled = true (custom)
2019-09-25 07:29:56,479 [pool-67-thread-1] INFO  segmented.SegmentedRaftLogWorker (SegmentedRaftLogWorker.java:lambda$new$0(132)) - cd2c40c8-d07b-4b9d-aa49-bfe6dbbda9a0@group-23F3CE6407E7-SegmentedRaftLogWorker: flushIndex: setUnconditionally 0 -> -1
2019-09-25 07:29:56,479 [pool-67-thread-1] INFO  server.RaftServerConfigKeys (ConfUtils.java:logGet(43)) - raft.server.snapshot.auto.trigger.enabled = true (custom)
2019-09-25 07:29:56,479 [pool-67-thread-1] INFO  server.RaftServerConfigKeys (ConfUtils.java:logGet(43)) - raft.server.snapshot.auto.trigger.threshold = 10000 (custom)
2019-09-25 07:29:56,479 [pool-67-thread-1] INFO  server.RaftServerConfigKeys (ConfUtils.java:logGet(43)) - raft.server.snapshot.retention.num.files = 5 (custom)
2019-09-25 07:29:56,480 [pool-67-thread-1] INFO  server.RaftServerConfigKeys (ConfUtils.java:logGet(43)) - raft.server.retrycache.expirytime = 600000ms (custom)
2019-09-25 07:29:56,482 [pool-67-thread-1] INFO  impl.RaftServerImpl (RaftServerImpl.java:start(185)) - cd2c40c8-d07b-4b9d-aa49-bfe6dbbda9a0@group-23F3CE6407E7: start as a follower, conf=-1: [cd2c40c8-d07b-4b9d-aa49-bfe6dbbda9a0:192.168.30.10:35976], old=null
2019-09-25 07:29:56,483 [pool-67-thread-1] INFO  impl.RaftServerImpl (RaftServerImpl.java:setRole(174)) - cd2c40c8-d07b-4b9d-aa49-bfe6dbbda9a0@group-23F3CE6407E7: changes role from      null to FOLLOWER at term 0 for startAsFollower
2019-09-25 07:29:56,483 [pool-67-thread-1] INFO  impl.RoleInfo (RoleInfo.java:updateAndGet(143)) - cd2c40c8-d07b-4b9d-aa49-bfe6dbbda9a0: start FollowerState
2019-09-25 07:29:56,483 [pool-67-thread-1] INFO  util.JmxRegister (JmxRegister.java:tryRegister(44)) - Successfully registered JMX Bean with object name Ratis:service=RaftServer,group=group-23F3CE6407E7,id=cd2c40c8-d07b-4b9d-aa49-bfe6dbbda9a0
2019-09-25 07:29:56,488 [RatisPipelineUtilsThread] INFO  pipeline.PipelineStateManager (PipelineStateManager.java:addPipeline(56)) - Created pipeline Pipeline[ Id: d2315dcf-c747-49d7-a984-23f3ce6407e7, Nodes: cd2c40c8-d07b-4b9d-aa49-bfe6dbbda9a0{ip: 192.168.30.10, host: pr-hdds-1569-s62bp-3040748787, networkLocation: /default-rack, certSerialId: null}, Type:RATIS, Factor:ONE, State:OPEN]
2019-09-25 07:29:56,488 [RatisPipelineUtilsThread] INFO  pipeline.PipelinePlacementPolicy (PipelinePlacementPolicy.java:meetCriteria(91)) - Pipeline Placement: Doesn't meet the criteria to be viable node： 3b163acc-90b4-4277-b760-810609058c95 Heaviness: 6 limit: 5
2019-09-25 07:29:56,498 [grpc-default-executor-0] INFO  impl.RaftServerProxy (RaftServerProxy.java:addNew(89)) - d8a61d6a-3767-4395-9d18-c8065c09d76e: addNew group-DBA1095B7303:[d8a61d6a-3767-4395-9d18-c8065c09d76e:192.168.30.10:42388] returns group-DBA1095B7303:java.util.concurrent.CompletableFuture@133e3a95[Not completed]
2019-09-25 07:29:56,503 [pool-47-thread-1] INFO  impl.RaftServerImpl (RaftServerImpl.java:<init>(95)) - d8a61d6a-3767-4395-9d18-c8065c09d76e: new RaftServerImpl for group-DBA1095B7303:[d8a61d6a-3767-4395-9d18-c8065c09d76e:192.168.30.10:42388] with ContainerStateMachine:uninitialized
2019-09-25 07:29:56,503 [pool-47-thread-1] INFO  server.RaftServerConfigKeys (ConfUtils.java:logGet(43)) - raft.server.rpc.timeout.min = 5s (custom)
2019-09-25 07:29:56,503 [pool-47-thread-1] INFO  server.RaftServerConfigKeys (ConfUtils.java:logGet(43)) - raft.server.rpc.timeout.max = 5200ms (custom)
2019-09-25 07:29:56,504 [pool-47-thread-1] INFO  server.RaftServerConfigKeys (ConfUtils.java:logGet(43)) - raft.server.rpcslowness.timeout = 120s (custom)
2019-09-25 07:29:56,504 [pool-47-thread-1] INFO  server.RaftServerConfigKeys (ConfUtils.java:logGet(43)) - raft.server.sleep.deviation.threshold = 300 (default)
2019-09-25 07:29:56,504 [pool-47-thread-1] INFO  server.RaftServerConfigKeys (ConfUtils.java:logGet(43)) - raft.server.log.appender.install.snapshot.enabled = false (custom)
2019-09-25 07:29:56,504 [pool-47-thread-1] INFO  impl.RaftServerImpl (ServerState.java:<init>(103)) - d8a61d6a-3767-4395-9d18-c8065c09d76e@group-DBA1095B7303: ConfigurationManager, init=-1: [d8a61d6a-3767-4395-9d18-c8065c09d76e:192.168.30.10:42388], old=null, confs=<EMPTY_MAP>
2019-09-25 07:29:56,505 [pool-47-thread-1] INFO  server.RaftServerConfigKeys (ConfUtils.java:logGet(43)) - raft.server.storage.dir = [/workdir/hadoop-ozone/tools/target/test-dir/MiniOzoneClusterImpl-e625f0dc-3f73-4bc5-9a9c-4cc4b5f58c2e/datanode-2/data/ratis] (custom)
2019-09-25 07:29:56,505 [pool-47-thread-1] INFO  storage.RaftStorageDirectory (RaftStorageDirectory.java:analyzeStorage(246)) - The storage directory /workdir/hadoop-ozone/tools/target/test-dir/MiniOzoneClusterImpl-e625f0dc-3f73-4bc5-9a9c-4cc4b5f58c2e/datanode-2/data/ratis/e0506a43-ac70-4f2a-a96f-dba1095b7303 does not exist. Creating ...
2019-09-25 07:29:56,802 [pool-47-thread-1] INFO  storage.RaftStorageDirectory (RaftStorageDirectory.java:tryLock(328)) - Lock on /workdir/hadoop-ozone/tools/target/test-dir/MiniOzoneClusterImpl-e625f0dc-3f73-4bc5-9a9c-4cc4b5f58c2e/datanode-2/data/ratis/e0506a43-ac70-4f2a-a96f-dba1095b7303/in_use.lock acquired by nodename 9675@pr-hdds-1569-s62bp-3040748787
2019-09-25 07:29:56,832 [pool-47-thread-1] INFO  storage.RaftStorage (RaftStorage.java:format(72)) - Storage directory /workdir/hadoop-ozone/tools/target/test-dir/MiniOzoneClusterImpl-e625f0dc-3f73-4bc5-9a9c-4cc4b5f58c2e/datanode-2/data/ratis/e0506a43-ac70-4f2a-a96f-dba1095b7303 has been successfully formatted.
2019-09-25 07:29:56,835 [pool-47-thread-1] INFO  ratis.ContainerStateMachine (ContainerStateMachine.java:loadSnapshot(230)) - group-DBA1095B7303: The snapshot info is null. Setting the last applied indexto:(t:0, i:~)
2019-09-25 07:29:56,835 [pool-47-thread-1] INFO  server.RaftServerConfigKeys (ConfUtils.java:logGet(43)) - raft.server.notification.no-leader.timeout = 120s (custom)
2019-09-25 07:29:56,835 [pool-47-thread-1] INFO  server.RaftServerConfigKeys (ConfUtils.java:logGet(43)) - raft.server.log.use.memory = false (default)
2019-09-25 07:29:56,836 [pool-47-thread-1] INFO  server.RaftServerConfigKeys (ConfUtils.java:logGet(43)) - raft.server.log.purge.gap = 1000000 (custom)
2019-09-25 07:29:56,840 [pool-47-thread-1] INFO  server.RaftServerConfigKeys (ConfUtils.java:logGet(43)) - raft.server.log.appender.buffer.byte-limit = 33554432 (custom)
2019-09-25 07:29:56,849 [pool-47-thread-1] INFO  server.RaftServerConfigKeys (ConfUtils.java:logGet(43)) - raft.server.log.segment.size.max = 1048576 (custom)
2019-09-25 07:29:56,849 [pool-47-thread-1] INFO  server.RaftServerConfigKeys (ConfUtils.java:logGet(43)) - raft.server.log.segment.cache.num.max = 2 (custom)
2019-09-25 07:29:56,850 [pool-47-thread-1] INFO  segmented.SegmentedRaftLogWorker (SegmentedRaftLogWorker.java:<init>(172)) - new d8a61d6a-3767-4395-9d18-c8065c09d76e@group-DBA1095B7303-SegmentedRaftLogWorker for RaftStorage:Storage Directory /workdir/hadoop-ozone/tools/target/test-dir/MiniOzoneClusterImpl-e625f0dc-3f73-4bc5-9a9c-4cc4b5f58c2e/datanode-2/data/ratis/e0506a43-ac70-4f2a-a96f-dba1095b7303
2019-09-25 07:29:56,850 [pool-47-thread-1] INFO  server.RaftServerConfigKeys (ConfUtils.java:logGet(43)) - raft.server.log.queue.byte-limit = 2147483647 (custom)
2019-09-25 07:29:56,850 [pool-47-thread-1] INFO  server.RaftServerConfigKeys (ConfUtils.java:logGet(43)) - raft.server.log.queue.element-limit = 1024 (custom)
2019-09-25 07:29:56,850 [pool-47-thread-1] INFO  server.RaftServerConfigKeys (ConfUtils.java:logGet(43)) - raft.server.log.segment.size.max = 1048576 (custom)
2019-09-25 07:29:56,850 [pool-47-thread-1] INFO  server.RaftServerConfigKeys (ConfUtils.java:logGet(43)) - raft.server.log.preallocated.size = 16384 (custom)
2019-09-25 07:29:56,851 [pool-47-thread-1] INFO  server.RaftServerConfigKeys (ConfUtils.java:logGet(43)) - raft.server.log.write.buffer.size = 33554432 (custom)
2019-09-25 07:29:56,851 [pool-47-thread-1] INFO  server.RaftServerConfigKeys (ConfUtils.java:logGet(43)) - raft.server.log.force.sync.num = 128 (default)
2019-09-25 07:29:56,851 [pool-47-thread-1] INFO  server.RaftServerConfigKeys (ConfUtils.java:logGet(43)) - raft.server.log.statemachine.data.sync = true (default)
2019-09-25 07:29:56,851 [pool-47-thread-1] INFO  server.RaftServerConfigKeys (ConfUtils.java:logGet(43)) - raft.server.log.statemachine.data.sync.timeout = 10s (default)
2019-09-25 07:29:56,852 [pool-47-thread-1] INFO  server.RaftServerConfigKeys (ConfUtils.java:logGet(43)) - raft.server.log.statemachine.data.sync.timeout.retry = -1 (default)
2019-09-25 07:29:56,852 [pool-47-thread-1] INFO  server.RaftServerConfigKeys (ConfUtils.java:logGet(43)) - raft.server.log.statemachine.data.caching.enabled = true (custom)
2019-09-25 07:29:56,852 [pool-47-thread-1] INFO  segmented.SegmentedRaftLogWorker (SegmentedRaftLogWorker.java:lambda$new$0(132)) - d8a61d6a-3767-4395-9d18-c8065c09d76e@group-DBA1095B7303-SegmentedRaftLogWorker: flushIndex: setUnconditionally 0 -> -1
2019-09-25 07:29:56,853 [pool-47-thread-1] INFO  server.RaftServerConfigKeys (ConfUtils.java:logGet(43)) - raft.server.snapshot.auto.trigger.enabled = true (custom)
2019-09-25 07:29:56,853 [pool-47-thread-1] INFO  server.RaftServerConfigKeys (ConfUtils.java:logGet(43)) - raft.server.snapshot.auto.trigger.threshold = 10000 (custom)
2019-09-25 07:29:56,853 [pool-47-thread-1] INFO  server.RaftServerConfigKeys (ConfUtils.java:logGet(43)) - raft.server.snapshot.retention.num.files = 5 (custom)
2019-09-25 07:29:56,853 [pool-47-thread-1] INFO  server.RaftServerConfigKeys (ConfUtils.java:logGet(43)) - raft.server.retrycache.expirytime = 600000ms (custom)
2019-09-25 07:29:56,857 [pool-47-thread-1] INFO  impl.RaftServerImpl (RaftServerImpl.java:start(185)) - d8a61d6a-3767-4395-9d18-c8065c09d76e@group-DBA1095B7303: start as a follower, conf=-1: [d8a61d6a-3767-4395-9d18-c8065c09d76e:192.168.30.10:42388], old=null
2019-09-25 07:29:56,857 [pool-47-thread-1] INFO  impl.RaftServerImpl (RaftServerImpl.java:setRole(174)) - d8a61d6a-3767-4395-9d18-c8065c09d76e@group-DBA1095B7303: changes role from      null to FOLLOWER at term 0 for startAsFollower
2019-09-25 07:29:56,857 [pool-47-thread-1] INFO  impl.RoleInfo (RoleInfo.java:updateAndGet(143)) - d8a61d6a-3767-4395-9d18-c8065c09d76e: start FollowerState
2019-09-25 07:29:56,858 [pool-47-thread-1] INFO  util.JmxRegister (JmxRegister.java:tryRegister(44)) - Successfully registered JMX Bean with object name Ratis:service=RaftServer,group=group-DBA1095B7303,id=d8a61d6a-3767-4395-9d18-c8065c09d76e
2019-09-25 07:29:56,864 [RatisPipelineUtilsThread] INFO  pipeline.PipelineStateManager (PipelineStateManager.java:addPipeline(56)) - Created pipeline Pipeline[ Id: e0506a43-ac70-4f2a-a96f-dba1095b7303, Nodes: d8a61d6a-3767-4395-9d18-c8065c09d76e{ip: 192.168.30.10, host: pr-hdds-1569-s62bp-3040748787, networkLocation: /default-rack, certSerialId: null}, Type:RATIS, Factor:ONE, State:OPEN]
2019-09-25 07:29:56,864 [RatisPipelineUtilsThread] INFO  pipeline.PipelinePlacementPolicy (PipelinePlacementPolicy.java:meetCriteria(91)) - Pipeline Placement: Doesn't meet the criteria to be viable node： 3b163acc-90b4-4277-b760-810609058c95 Heaviness: 6 limit: 5
2019-09-25 07:29:56,876 [grpc-default-executor-0] INFO  impl.RaftServerProxy (RaftServerProxy.java:addNew(89)) - 2c509cf8-45fb-4761-813c-06899a301674: addNew group-7E7CC82B86F2:[2c509cf8-45fb-4761-813c-06899a301674:192.168.30.10:34142] returns group-7E7CC82B86F2:java.util.concurrent.CompletableFuture@fa1c3bd[Not completed]
2019-09-25 07:29:56,877 [pool-57-thread-1] INFO  impl.RaftServerImpl (RaftServerImpl.java:<init>(95)) - 2c509cf8-45fb-4761-813c-06899a301674: new RaftServerImpl for group-7E7CC82B86F2:[2c509cf8-45fb-4761-813c-06899a301674:192.168.30.10:34142] with ContainerStateMachine:uninitialized
2019-09-25 07:29:56,878 [pool-57-thread-1] INFO  server.RaftServerConfigKeys (ConfUtils.java:logGet(43)) - raft.server.rpc.timeout.min = 5s (custom)
2019-09-25 07:29:56,878 [pool-57-thread-1] INFO  server.RaftServerConfigKeys (ConfUtils.java:logGet(43)) - raft.server.rpc.timeout.max = 5200ms (custom)
2019-09-25 07:29:56,878 [pool-57-thread-1] INFO  server.RaftServerConfigKeys (ConfUtils.java:logGet(43)) - raft.server.rpcslowness.timeout = 120s (custom)
2019-09-25 07:29:56,878 [pool-57-thread-1] INFO  server.RaftServerConfigKeys (ConfUtils.java:logGet(43)) - raft.server.sleep.deviation.threshold = 300 (default)
2019-09-25 07:29:56,878 [pool-57-thread-1] INFO  server.RaftServerConfigKeys (ConfUtils.java:logGet(43)) - raft.server.log.appender.install.snapshot.enabled = false (custom)
2019-09-25 07:29:56,878 [pool-57-thread-1] INFO  impl.RaftServerImpl (ServerState.java:<init>(103)) - 2c509cf8-45fb-4761-813c-06899a301674@group-7E7CC82B86F2: ConfigurationManager, init=-1: [2c509cf8-45fb-4761-813c-06899a301674:192.168.30.10:34142], old=null, confs=<EMPTY_MAP>
2019-09-25 07:29:56,879 [pool-57-thread-1] INFO  server.RaftServerConfigKeys (ConfUtils.java:logGet(43)) - raft.server.storage.dir = [/workdir/hadoop-ozone/tools/target/test-dir/MiniOzoneClusterImpl-e625f0dc-3f73-4bc5-9a9c-4cc4b5f58c2e/datanode-3/data/ratis] (custom)
2019-09-25 07:29:56,879 [pool-57-thread-1] INFO  storage.RaftStorageDirectory (RaftStorageDirectory.java:analyzeStorage(246)) - The storage directory /workdir/hadoop-ozone/tools/target/test-dir/MiniOzoneClusterImpl-e625f0dc-3f73-4bc5-9a9c-4cc4b5f58c2e/datanode-3/data/ratis/23e5b4d3-3b3f-405d-bbe1-7e7cc82b86f2 does not exist. Creating ...
2019-09-25 07:29:56,904 [pool-57-thread-1] INFO  storage.RaftStorageDirectory (RaftStorageDirectory.java:tryLock(328)) - Lock on /workdir/hadoop-ozone/tools/target/test-dir/MiniOzoneClusterImpl-e625f0dc-3f73-4bc5-9a9c-4cc4b5f58c2e/datanode-3/data/ratis/23e5b4d3-3b3f-405d-bbe1-7e7cc82b86f2/in_use.lock acquired by nodename 9675@pr-hdds-1569-s62bp-3040748787
2019-09-25 07:29:56,942 [pool-57-thread-1] INFO  storage.RaftStorage (RaftStorage.java:format(72)) - Storage directory /workdir/hadoop-ozone/tools/target/test-dir/MiniOzoneClusterImpl-e625f0dc-3f73-4bc5-9a9c-4cc4b5f58c2e/datanode-3/data/ratis/23e5b4d3-3b3f-405d-bbe1-7e7cc82b86f2 has been successfully formatted.
2019-09-25 07:29:56,942 [pool-57-thread-1] INFO  ratis.ContainerStateMachine (ContainerStateMachine.java:loadSnapshot(230)) - group-7E7CC82B86F2: The snapshot info is null. Setting the last applied indexto:(t:0, i:~)
2019-09-25 07:29:56,942 [pool-57-thread-1] INFO  server.RaftServerConfigKeys (ConfUtils.java:logGet(43)) - raft.server.notification.no-leader.timeout = 120s (custom)
2019-09-25 07:29:56,943 [pool-57-thread-1] INFO  server.RaftServerConfigKeys (ConfUtils.java:logGet(43)) - raft.server.log.use.memory = false (default)
2019-09-25 07:29:56,943 [pool-57-thread-1] INFO  server.RaftServerConfigKeys (ConfUtils.java:logGet(43)) - raft.server.log.purge.gap = 1000000 (custom)
2019-09-25 07:29:56,943 [pool-57-thread-1] INFO  server.RaftServerConfigKeys (ConfUtils.java:logGet(43)) - raft.server.log.appender.buffer.byte-limit = 33554432 (custom)
2019-09-25 07:29:56,943 [pool-57-thread-1] INFO  server.RaftServerConfigKeys (ConfUtils.java:logGet(43)) - raft.server.log.segment.size.max = 1048576 (custom)
2019-09-25 07:29:56,943 [pool-57-thread-1] INFO  server.RaftServerConfigKeys (ConfUtils.java:logGet(43)) - raft.server.log.segment.cache.num.max = 2 (custom)
2019-09-25 07:29:56,944 [pool-57-thread-1] INFO  segmented.SegmentedRaftLogWorker (SegmentedRaftLogWorker.java:<init>(172)) - new 2c509cf8-45fb-4761-813c-06899a301674@group-7E7CC82B86F2-SegmentedRaftLogWorker for RaftStorage:Storage Directory /workdir/hadoop-ozone/tools/target/test-dir/MiniOzoneClusterImpl-e625f0dc-3f73-4bc5-9a9c-4cc4b5f58c2e/datanode-3/data/ratis/23e5b4d3-3b3f-405d-bbe1-7e7cc82b86f2
2019-09-25 07:29:56,944 [pool-57-thread-1] INFO  server.RaftServerConfigKeys (ConfUtils.java:logGet(43)) - raft.server.log.queue.byte-limit = 2147483647 (custom)
2019-09-25 07:29:56,944 [pool-57-thread-1] INFO  server.RaftServerConfigKeys (ConfUtils.java:logGet(43)) - raft.server.log.queue.element-limit = 1024 (custom)
2019-09-25 07:29:56,944 [pool-57-thread-1] INFO  server.RaftServerConfigKeys (ConfUtils.java:logGet(43)) - raft.server.log.segment.size.max = 1048576 (custom)
2019-09-25 07:29:56,944 [pool-57-thread-1] INFO  server.RaftServerConfigKeys (ConfUtils.java:logGet(43)) - raft.server.log.preallocated.size = 16384 (custom)
2019-09-25 07:29:56,945 [pool-57-thread-1] INFO  server.RaftServerConfigKeys (ConfUtils.java:logGet(43)) - raft.server.log.write.buffer.size = 33554432 (custom)
2019-09-25 07:29:56,945 [pool-57-thread-1] INFO  server.RaftServerConfigKeys (ConfUtils.java:logGet(43)) - raft.server.log.force.sync.num = 128 (default)
2019-09-25 07:29:56,945 [pool-57-thread-1] INFO  server.RaftServerConfigKeys (ConfUtils.java:logGet(43)) - raft.server.log.statemachine.data.sync = true (default)
2019-09-25 07:29:56,945 [pool-57-thread-1] INFO  server.RaftServerConfigKeys (ConfUtils.java:logGet(43)) - raft.server.log.statemachine.data.sync.timeout = 10s (default)
2019-09-25 07:29:56,945 [pool-57-thread-1] INFO  server.RaftServerConfigKeys (ConfUtils.java:logGet(43)) - raft.server.log.statemachine.data.sync.timeout.retry = -1 (default)
2019-09-25 07:29:56,946 [pool-57-thread-1] INFO  server.RaftServerConfigKeys (ConfUtils.java:logGet(43)) - raft.server.log.statemachine.data.caching.enabled = true (custom)
2019-09-25 07:29:56,946 [pool-57-thread-1] INFO  segmented.SegmentedRaftLogWorker (SegmentedRaftLogWorker.java:lambda$new$0(132)) - 2c509cf8-45fb-4761-813c-06899a301674@group-7E7CC82B86F2-SegmentedRaftLogWorker: flushIndex: setUnconditionally 0 -> -1
2019-09-25 07:29:56,946 [pool-57-thread-1] INFO  server.RaftServerConfigKeys (ConfUtils.java:logGet(43)) - raft.server.snapshot.auto.trigger.enabled = true (custom)
2019-09-25 07:29:56,947 [pool-57-thread-1] INFO  server.RaftServerConfigKeys (ConfUtils.java:logGet(43)) - raft.server.snapshot.auto.trigger.threshold = 10000 (custom)
2019-09-25 07:29:56,947 [pool-57-thread-1] INFO  server.RaftServerConfigKeys (ConfUtils.java:logGet(43)) - raft.server.snapshot.retention.num.files = 5 (custom)
2019-09-25 07:29:56,947 [pool-57-thread-1] INFO  server.RaftServerConfigKeys (ConfUtils.java:logGet(43)) - raft.server.retrycache.expirytime = 600000ms (custom)
2019-09-25 07:29:56,950 [pool-57-thread-1] INFO  impl.RaftServerImpl (RaftServerImpl.java:start(185)) - 2c509cf8-45fb-4761-813c-06899a301674@group-7E7CC82B86F2: start as a follower, conf=-1: [2c509cf8-45fb-4761-813c-06899a301674:192.168.30.10:34142], old=null
2019-09-25 07:29:56,950 [pool-57-thread-1] INFO  impl.RaftServerImpl (RaftServerImpl.java:setRole(174)) - 2c509cf8-45fb-4761-813c-06899a301674@group-7E7CC82B86F2: changes role from      null to FOLLOWER at term 0 for startAsFollower
2019-09-25 07:29:56,950 [pool-57-thread-1] INFO  impl.RoleInfo (RoleInfo.java:updateAndGet(143)) - 2c509cf8-45fb-4761-813c-06899a301674: start FollowerState
2019-09-25 07:29:56,951 [pool-57-thread-1] INFO  util.JmxRegister (JmxRegister.java:tryRegister(44)) - Successfully registered JMX Bean with object name Ratis:service=RaftServer,group=group-7E7CC82B86F2,id=2c509cf8-45fb-4761-813c-06899a301674
2019-09-25 07:29:56,957 [RatisPipelineUtilsThread] INFO  pipeline.PipelineStateManager (PipelineStateManager.java:addPipeline(56)) - Created pipeline Pipeline[ Id: 23e5b4d3-3b3f-405d-bbe1-7e7cc82b86f2, Nodes: 2c509cf8-45fb-4761-813c-06899a301674{ip: 192.168.30.10, host: pr-hdds-1569-s62bp-3040748787, networkLocation: /default-rack, certSerialId: null}, Type:RATIS, Factor:ONE, State:OPEN]
2019-09-25 07:29:56,957 [RatisPipelineUtilsThread] INFO  pipeline.PipelinePlacementPolicy (PipelinePlacementPolicy.java:meetCriteria(91)) - Pipeline Placement: Doesn't meet the criteria to be viable node： 3b163acc-90b4-4277-b760-810609058c95 Heaviness: 6 limit: 5
2019-09-25 07:29:56,969 [grpc-default-executor-0] INFO  impl.RaftServerProxy (RaftServerProxy.java:addNew(89)) - cd2c40c8-d07b-4b9d-aa49-bfe6dbbda9a0: addNew group-00B583B54FE0:[cd2c40c8-d07b-4b9d-aa49-bfe6dbbda9a0:192.168.30.10:35976] returns group-00B583B54FE0:java.util.concurrent.CompletableFuture@7f49303d[Not completed]
2019-09-25 07:29:56,970 [pool-67-thread-1] INFO  impl.RaftServerImpl (RaftServerImpl.java:<init>(95)) - cd2c40c8-d07b-4b9d-aa49-bfe6dbbda9a0: new RaftServerImpl for group-00B583B54FE0:[cd2c40c8-d07b-4b9d-aa49-bfe6dbbda9a0:192.168.30.10:35976] with ContainerStateMachine:uninitialized
2019-09-25 07:29:56,971 [pool-67-thread-1] INFO  server.RaftServerConfigKeys (ConfUtils.java:logGet(43)) - raft.server.rpc.timeout.min = 5s (custom)
2019-09-25 07:29:56,971 [pool-67-thread-1] INFO  server.RaftServerConfigKeys (ConfUtils.java:logGet(43)) - raft.server.rpc.timeout.max = 5200ms (custom)
2019-09-25 07:29:56,971 [pool-67-thread-1] INFO  server.RaftServerConfigKeys (ConfUtils.java:logGet(43)) - raft.server.rpcslowness.timeout = 120s (custom)
2019-09-25 07:29:56,971 [pool-67-thread-1] INFO  server.RaftServerConfigKeys (ConfUtils.java:logGet(43)) - raft.server.sleep.deviation.threshold = 300 (default)
2019-09-25 07:29:56,971 [pool-67-thread-1] INFO  server.RaftServerConfigKeys (ConfUtils.java:logGet(43)) - raft.server.log.appender.install.snapshot.enabled = false (custom)
2019-09-25 07:29:56,972 [pool-67-thread-1] INFO  impl.RaftServerImpl (ServerState.java:<init>(103)) - cd2c40c8-d07b-4b9d-aa49-bfe6dbbda9a0@group-00B583B54FE0: ConfigurationManager, init=-1: [cd2c40c8-d07b-4b9d-aa49-bfe6dbbda9a0:192.168.30.10:35976], old=null, confs=<EMPTY_MAP>
2019-09-25 07:29:56,972 [pool-67-thread-1] INFO  server.RaftServerConfigKeys (ConfUtils.java:logGet(43)) - raft.server.storage.dir = [/workdir/hadoop-ozone/tools/target/test-dir/MiniOzoneClusterImpl-e625f0dc-3f73-4bc5-9a9c-4cc4b5f58c2e/datanode-4/data/ratis] (custom)
2019-09-25 07:29:56,972 [pool-67-thread-1] INFO  storage.RaftStorageDirectory (RaftStorageDirectory.java:analyzeStorage(246)) - The storage directory /workdir/hadoop-ozone/tools/target/test-dir/MiniOzoneClusterImpl-e625f0dc-3f73-4bc5-9a9c-4cc4b5f58c2e/datanode-4/data/ratis/56387d4b-72bd-4970-886f-00b583b54fe0 does not exist. Creating ...
2019-09-25 07:29:56,998 [pool-67-thread-1] INFO  storage.RaftStorageDirectory (RaftStorageDirectory.java:tryLock(328)) - Lock on /workdir/hadoop-ozone/tools/target/test-dir/MiniOzoneClusterImpl-e625f0dc-3f73-4bc5-9a9c-4cc4b5f58c2e/datanode-4/data/ratis/56387d4b-72bd-4970-886f-00b583b54fe0/in_use.lock acquired by nodename 9675@pr-hdds-1569-s62bp-3040748787
2019-09-25 07:29:57,012 [pool-67-thread-1] INFO  storage.RaftStorage (RaftStorage.java:format(72)) - Storage directory /workdir/hadoop-ozone/tools/target/test-dir/MiniOzoneClusterImpl-e625f0dc-3f73-4bc5-9a9c-4cc4b5f58c2e/datanode-4/data/ratis/56387d4b-72bd-4970-886f-00b583b54fe0 has been successfully formatted.
2019-09-25 07:29:57,013 [pool-67-thread-1] INFO  ratis.ContainerStateMachine (ContainerStateMachine.java:loadSnapshot(230)) - group-00B583B54FE0: The snapshot info is null. Setting the last applied indexto:(t:0, i:~)
2019-09-25 07:29:57,013 [pool-67-thread-1] INFO  server.RaftServerConfigKeys (ConfUtils.java:logGet(43)) - raft.server.notification.no-leader.timeout = 120s (custom)
2019-09-25 07:29:57,013 [pool-67-thread-1] INFO  server.RaftServerConfigKeys (ConfUtils.java:logGet(43)) - raft.server.log.use.memory = false (default)
2019-09-25 07:29:57,013 [pool-67-thread-1] INFO  server.RaftServerConfigKeys (ConfUtils.java:logGet(43)) - raft.server.log.purge.gap = 1000000 (custom)
2019-09-25 07:29:57,013 [pool-67-thread-1] INFO  server.RaftServerConfigKeys (ConfUtils.java:logGet(43)) - raft.server.log.appender.buffer.byte-limit = 33554432 (custom)
2019-09-25 07:29:57,014 [pool-67-thread-1] INFO  server.RaftServerConfigKeys (ConfUtils.java:logGet(43)) - raft.server.log.segment.size.max = 1048576 (custom)
2019-09-25 07:29:57,014 [pool-67-thread-1] INFO  server.RaftServerConfigKeys (ConfUtils.java:logGet(43)) - raft.server.log.segment.cache.num.max = 2 (custom)
2019-09-25 07:29:57,014 [pool-67-thread-1] INFO  segmented.SegmentedRaftLogWorker (SegmentedRaftLogWorker.java:<init>(172)) - new cd2c40c8-d07b-4b9d-aa49-bfe6dbbda9a0@group-00B583B54FE0-SegmentedRaftLogWorker for RaftStorage:Storage Directory /workdir/hadoop-ozone/tools/target/test-dir/MiniOzoneClusterImpl-e625f0dc-3f73-4bc5-9a9c-4cc4b5f58c2e/datanode-4/data/ratis/56387d4b-72bd-4970-886f-00b583b54fe0
2019-09-25 07:29:57,014 [pool-67-thread-1] INFO  server.RaftServerConfigKeys (ConfUtils.java:logGet(43)) - raft.server.log.queue.byte-limit = 2147483647 (custom)
2019-09-25 07:29:57,014 [pool-67-thread-1] INFO  server.RaftServerConfigKeys (ConfUtils.java:logGet(43)) - raft.server.log.queue.element-limit = 1024 (custom)
2019-09-25 07:29:57,014 [pool-67-thread-1] INFO  server.RaftServerConfigKeys (ConfUtils.java:logGet(43)) - raft.server.log.segment.size.max = 1048576 (custom)
2019-09-25 07:29:57,015 [pool-67-thread-1] INFO  server.RaftServerConfigKeys (ConfUtils.java:logGet(43)) - raft.server.log.preallocated.size = 16384 (custom)
2019-09-25 07:29:57,015 [pool-67-thread-1] INFO  server.RaftServerConfigKeys (ConfUtils.java:logGet(43)) - raft.server.log.write.buffer.size = 33554432 (custom)
2019-09-25 07:29:57,015 [pool-67-thread-1] INFO  server.RaftServerConfigKeys (ConfUtils.java:logGet(43)) - raft.server.log.force.sync.num = 128 (default)
2019-09-25 07:29:57,015 [pool-67-thread-1] INFO  server.RaftServerConfigKeys (ConfUtils.java:logGet(43)) - raft.server.log.statemachine.data.sync = true (default)
2019-09-25 07:29:57,015 [pool-67-thread-1] INFO  server.RaftServerConfigKeys (ConfUtils.java:logGet(43)) - raft.server.log.statemachine.data.sync.timeout = 10s (default)
2019-09-25 07:29:57,016 [pool-67-thread-1] INFO  server.RaftServerConfigKeys (ConfUtils.java:logGet(43)) - raft.server.log.statemachine.data.sync.timeout.retry = -1 (default)
2019-09-25 07:29:57,016 [pool-67-thread-1] INFO  server.RaftServerConfigKeys (ConfUtils.java:logGet(43)) - raft.server.log.statemachine.data.caching.enabled = true (custom)
2019-09-25 07:29:57,016 [pool-67-thread-1] INFO  segmented.SegmentedRaftLogWorker (SegmentedRaftLogWorker.java:lambda$new$0(132)) - cd2c40c8-d07b-4b9d-aa49-bfe6dbbda9a0@group-00B583B54FE0-SegmentedRaftLogWorker: flushIndex: setUnconditionally 0 -> -1
2019-09-25 07:29:57,017 [pool-67-thread-1] INFO  server.RaftServerConfigKeys (ConfUtils.java:logGet(43)) - raft.server.snapshot.auto.trigger.enabled = true (custom)
2019-09-25 07:29:57,017 [pool-67-thread-1] INFO  server.RaftServerConfigKeys (ConfUtils.java:logGet(43)) - raft.server.snapshot.auto.trigger.threshold = 10000 (custom)
2019-09-25 07:29:57,017 [pool-67-thread-1] INFO  server.RaftServerConfigKeys (ConfUtils.java:logGet(43)) - raft.server.snapshot.retention.num.files = 5 (custom)
2019-09-25 07:29:57,017 [pool-67-thread-1] INFO  server.RaftServerConfigKeys (ConfUtils.java:logGet(43)) - raft.server.retrycache.expirytime = 600000ms (custom)
2019-09-25 07:29:57,021 [pool-67-thread-1] INFO  impl.RaftServerImpl (RaftServerImpl.java:start(185)) - cd2c40c8-d07b-4b9d-aa49-bfe6dbbda9a0@group-00B583B54FE0: start as a follower, conf=-1: [cd2c40c8-d07b-4b9d-aa49-bfe6dbbda9a0:192.168.30.10:35976], old=null
2019-09-25 07:29:57,021 [pool-67-thread-1] INFO  impl.RaftServerImpl (RaftServerImpl.java:setRole(174)) - cd2c40c8-d07b-4b9d-aa49-bfe6dbbda9a0@group-00B583B54FE0: changes role from      null to FOLLOWER at term 0 for startAsFollower
2019-09-25 07:29:57,021 [pool-67-thread-1] INFO  impl.RoleInfo (RoleInfo.java:updateAndGet(143)) - cd2c40c8-d07b-4b9d-aa49-bfe6dbbda9a0: start FollowerState
2019-09-25 07:29:57,022 [pool-67-thread-1] INFO  util.JmxRegister (JmxRegister.java:tryRegister(44)) - Successfully registered JMX Bean with object name Ratis:service=RaftServer,group=group-00B583B54FE0,id=cd2c40c8-d07b-4b9d-aa49-bfe6dbbda9a0
2019-09-25 07:29:57,027 [RatisPipelineUtilsThread] INFO  pipeline.PipelineStateManager (PipelineStateManager.java:addPipeline(56)) - Created pipeline Pipeline[ Id: 56387d4b-72bd-4970-886f-00b583b54fe0, Nodes: cd2c40c8-d07b-4b9d-aa49-bfe6dbbda9a0{ip: 192.168.30.10, host: pr-hdds-1569-s62bp-3040748787, networkLocation: /default-rack, certSerialId: null}, Type:RATIS, Factor:ONE, State:OPEN]
2019-09-25 07:29:57,027 [RatisPipelineUtilsThread] INFO  pipeline.PipelinePlacementPolicy (PipelinePlacementPolicy.java:meetCriteria(91)) - Pipeline Placement: Doesn't meet the criteria to be viable node： 3b163acc-90b4-4277-b760-810609058c95 Heaviness: 6 limit: 5
2019-09-25 07:29:57,038 [grpc-default-executor-0] INFO  impl.RaftServerProxy (RaftServerProxy.java:addNew(89)) - d8a61d6a-3767-4395-9d18-c8065c09d76e: addNew group-E2D1BD2526C1:[d8a61d6a-3767-4395-9d18-c8065c09d76e:192.168.30.10:42388] returns group-E2D1BD2526C1:java.util.concurrent.CompletableFuture@7719709e[Not completed]
2019-09-25 07:29:57,039 [pool-47-thread-1] INFO  impl.RaftServerImpl (RaftServerImpl.java:<init>(95)) - d8a61d6a-3767-4395-9d18-c8065c09d76e: new RaftServerImpl for group-E2D1BD2526C1:[d8a61d6a-3767-4395-9d18-c8065c09d76e:192.168.30.10:42388] with ContainerStateMachine:uninitialized
2019-09-25 07:29:57,039 [pool-47-thread-1] INFO  server.RaftServerConfigKeys (ConfUtils.java:logGet(43)) - raft.server.rpc.timeout.min = 5s (custom)
2019-09-25 07:29:57,039 [pool-47-thread-1] INFO  server.RaftServerConfigKeys (ConfUtils.java:logGet(43)) - raft.server.rpc.timeout.max = 5200ms (custom)
2019-09-25 07:29:57,039 [pool-47-thread-1] INFO  server.RaftServerConfigKeys (ConfUtils.java:logGet(43)) - raft.server.rpcslowness.timeout = 120s (custom)
2019-09-25 07:29:57,040 [pool-47-thread-1] INFO  server.RaftServerConfigKeys (ConfUtils.java:logGet(43)) - raft.server.sleep.deviation.threshold = 300 (default)
2019-09-25 07:29:57,040 [pool-47-thread-1] INFO  server.RaftServerConfigKeys (ConfUtils.java:logGet(43)) - raft.server.log.appender.install.snapshot.enabled = false (custom)
2019-09-25 07:29:57,040 [pool-47-thread-1] INFO  impl.RaftServerImpl (ServerState.java:<init>(103)) - d8a61d6a-3767-4395-9d18-c8065c09d76e@group-E2D1BD2526C1: ConfigurationManager, init=-1: [d8a61d6a-3767-4395-9d18-c8065c09d76e:192.168.30.10:42388], old=null, confs=<EMPTY_MAP>
2019-09-25 07:29:57,040 [pool-47-thread-1] INFO  server.RaftServerConfigKeys (ConfUtils.java:logGet(43)) - raft.server.storage.dir = [/workdir/hadoop-ozone/tools/target/test-dir/MiniOzoneClusterImpl-e625f0dc-3f73-4bc5-9a9c-4cc4b5f58c2e/datanode-2/data/ratis] (custom)
2019-09-25 07:29:57,040 [pool-47-thread-1] INFO  storage.RaftStorageDirectory (RaftStorageDirectory.java:analyzeStorage(246)) - The storage directory /workdir/hadoop-ozone/tools/target/test-dir/MiniOzoneClusterImpl-e625f0dc-3f73-4bc5-9a9c-4cc4b5f58c2e/datanode-2/data/ratis/68db172d-9ae5-4a9a-b32f-e2d1bd2526c1 does not exist. Creating ...
2019-09-25 07:29:57,065 [pool-47-thread-1] INFO  storage.RaftStorageDirectory (RaftStorageDirectory.java:tryLock(328)) - Lock on /workdir/hadoop-ozone/tools/target/test-dir/MiniOzoneClusterImpl-e625f0dc-3f73-4bc5-9a9c-4cc4b5f58c2e/datanode-2/data/ratis/68db172d-9ae5-4a9a-b32f-e2d1bd2526c1/in_use.lock acquired by nodename 9675@pr-hdds-1569-s62bp-3040748787
2019-09-25 07:29:57,091 [pool-47-thread-1] INFO  storage.RaftStorage (RaftStorage.java:format(72)) - Storage directory /workdir/hadoop-ozone/tools/target/test-dir/MiniOzoneClusterImpl-e625f0dc-3f73-4bc5-9a9c-4cc4b5f58c2e/datanode-2/data/ratis/68db172d-9ae5-4a9a-b32f-e2d1bd2526c1 has been successfully formatted.
2019-09-25 07:29:57,091 [pool-47-thread-1] INFO  ratis.ContainerStateMachine (ContainerStateMachine.java:loadSnapshot(230)) - group-E2D1BD2526C1: The snapshot info is null. Setting the last applied indexto:(t:0, i:~)
2019-09-25 07:29:57,091 [pool-47-thread-1] INFO  server.RaftServerConfigKeys (ConfUtils.java:logGet(43)) - raft.server.notification.no-leader.timeout = 120s (custom)
2019-09-25 07:29:57,091 [pool-47-thread-1] INFO  server.RaftServerConfigKeys (ConfUtils.java:logGet(43)) - raft.server.log.use.memory = false (default)
2019-09-25 07:29:57,091 [pool-47-thread-1] INFO  server.RaftServerConfigKeys (ConfUtils.java:logGet(43)) - raft.server.log.purge.gap = 1000000 (custom)
2019-09-25 07:29:57,092 [pool-47-thread-1] INFO  server.RaftServerConfigKeys (ConfUtils.java:logGet(43)) - raft.server.log.appender.buffer.byte-limit = 33554432 (custom)
2019-09-25 07:29:57,092 [pool-47-thread-1] INFO  server.RaftServerConfigKeys (ConfUtils.java:logGet(43)) - raft.server.log.segment.size.max = 1048576 (custom)
2019-09-25 07:29:57,092 [pool-47-thread-1] INFO  server.RaftServerConfigKeys (ConfUtils.java:logGet(43)) - raft.server.log.segment.cache.num.max = 2 (custom)
2019-09-25 07:29:57,092 [pool-47-thread-1] INFO  segmented.SegmentedRaftLogWorker (SegmentedRaftLogWorker.java:<init>(172)) - new d8a61d6a-3767-4395-9d18-c8065c09d76e@group-E2D1BD2526C1-SegmentedRaftLogWorker for RaftStorage:Storage Directory /workdir/hadoop-ozone/tools/target/test-dir/MiniOzoneClusterImpl-e625f0dc-3f73-4bc5-9a9c-4cc4b5f58c2e/datanode-2/data/ratis/68db172d-9ae5-4a9a-b32f-e2d1bd2526c1
2019-09-25 07:29:57,093 [pool-47-thread-1] INFO  server.RaftServerConfigKeys (ConfUtils.java:logGet(43)) - raft.server.log.queue.byte-limit = 2147483647 (custom)
2019-09-25 07:29:57,093 [pool-47-thread-1] INFO  server.RaftServerConfigKeys (ConfUtils.java:logGet(43)) - raft.server.log.queue.element-limit = 1024 (custom)
2019-09-25 07:29:57,093 [pool-47-thread-1] INFO  server.RaftServerConfigKeys (ConfUtils.java:logGet(43)) - raft.server.log.segment.size.max = 1048576 (custom)
2019-09-25 07:29:57,093 [pool-47-thread-1] INFO  server.RaftServerConfigKeys (ConfUtils.java:logGet(43)) - raft.server.log.preallocated.size = 16384 (custom)
2019-09-25 07:29:57,093 [pool-47-thread-1] INFO  server.RaftServerConfigKeys (ConfUtils.java:logGet(43)) - raft.server.log.write.buffer.size = 33554432 (custom)
2019-09-25 07:29:57,094 [pool-47-thread-1] INFO  server.RaftServerConfigKeys (ConfUtils.java:logGet(43)) - raft.server.log.force.sync.num = 128 (default)
2019-09-25 07:29:57,094 [pool-47-thread-1] INFO  server.RaftServerConfigKeys (ConfUtils.java:logGet(43)) - raft.server.log.statemachine.data.sync = true (default)
2019-09-25 07:29:57,094 [pool-47-thread-1] INFO  server.RaftServerConfigKeys (ConfUtils.java:logGet(43)) - raft.server.log.statemachine.data.sync.timeout = 10s (default)
2019-09-25 07:29:57,094 [pool-47-thread-1] INFO  server.RaftServerConfigKeys (ConfUtils.java:logGet(43)) - raft.server.log.statemachine.data.sync.timeout.retry = -1 (default)
2019-09-25 07:29:57,094 [pool-47-thread-1] INFO  server.RaftServerConfigKeys (ConfUtils.java:logGet(43)) - raft.server.log.statemachine.data.caching.enabled = true (custom)
2019-09-25 07:29:57,095 [pool-47-thread-1] INFO  segmented.SegmentedRaftLogWorker (SegmentedRaftLogWorker.java:lambda$new$0(132)) - d8a61d6a-3767-4395-9d18-c8065c09d76e@group-E2D1BD2526C1-SegmentedRaftLogWorker: flushIndex: setUnconditionally 0 -> -1
2019-09-25 07:29:57,095 [pool-47-thread-1] INFO  server.RaftServerConfigKeys (ConfUtils.java:logGet(43)) - raft.server.snapshot.auto.trigger.enabled = true (custom)
2019-09-25 07:29:57,095 [pool-47-thread-1] INFO  server.RaftServerConfigKeys (ConfUtils.java:logGet(43)) - raft.server.snapshot.auto.trigger.threshold = 10000 (custom)
2019-09-25 07:29:57,096 [pool-47-thread-1] INFO  server.RaftServerConfigKeys (ConfUtils.java:logGet(43)) - raft.server.snapshot.retention.num.files = 5 (custom)
2019-09-25 07:29:57,096 [pool-47-thread-1] INFO  server.RaftServerConfigKeys (ConfUtils.java:logGet(43)) - raft.server.retrycache.expirytime = 600000ms (custom)
2019-09-25 07:29:57,099 [pool-47-thread-1] INFO  impl.RaftServerImpl (RaftServerImpl.java:start(185)) - d8a61d6a-3767-4395-9d18-c8065c09d76e@group-E2D1BD2526C1: start as a follower, conf=-1: [d8a61d6a-3767-4395-9d18-c8065c09d76e:192.168.30.10:42388], old=null
2019-09-25 07:29:57,100 [pool-47-thread-1] INFO  impl.RaftServerImpl (RaftServerImpl.java:setRole(174)) - d8a61d6a-3767-4395-9d18-c8065c09d76e@group-E2D1BD2526C1: changes role from      null to FOLLOWER at term 0 for startAsFollower
2019-09-25 07:29:57,100 [pool-47-thread-1] INFO  impl.RoleInfo (RoleInfo.java:updateAndGet(143)) - d8a61d6a-3767-4395-9d18-c8065c09d76e: start FollowerState
2019-09-25 07:29:57,100 [pool-47-thread-1] INFO  util.JmxRegister (JmxRegister.java:tryRegister(44)) - Successfully registered JMX Bean with object name Ratis:service=RaftServer,group=group-E2D1BD2526C1,id=d8a61d6a-3767-4395-9d18-c8065c09d76e
2019-09-25 07:29:57,107 [RatisPipelineUtilsThread] INFO  pipeline.PipelineStateManager (PipelineStateManager.java:addPipeline(56)) - Created pipeline Pipeline[ Id: 68db172d-9ae5-4a9a-b32f-e2d1bd2526c1, Nodes: d8a61d6a-3767-4395-9d18-c8065c09d76e{ip: 192.168.30.10, host: pr-hdds-1569-s62bp-3040748787, networkLocation: /default-rack, certSerialId: null}, Type:RATIS, Factor:ONE, State:OPEN]
2019-09-25 07:29:57,107 [RatisPipelineUtilsThread] INFO  pipeline.PipelinePlacementPolicy (PipelinePlacementPolicy.java:meetCriteria(91)) - Pipeline Placement: Doesn't meet the criteria to be viable node： 3b163acc-90b4-4277-b760-810609058c95 Heaviness: 6 limit: 5
2019-09-25 07:29:57,134 [grpc-default-executor-0] INFO  impl.RaftServerProxy (RaftServerProxy.java:addNew(89)) - d56c4ccc-443a-4cf4-ae59-75174e2c5ce7: addNew group-A8A71EBCF2F2:[d56c4ccc-443a-4cf4-ae59-75174e2c5ce7:192.168.30.10:41980] returns group-A8A71EBCF2F2:java.util.concurrent.CompletableFuture@566da4d3[Not completed]
2019-09-25 07:29:57,136 [pool-37-thread-1] INFO  impl.RaftServerImpl (RaftServerImpl.java:<init>(95)) - d56c4ccc-443a-4cf4-ae59-75174e2c5ce7: new RaftServerImpl for group-A8A71EBCF2F2:[d56c4ccc-443a-4cf4-ae59-75174e2c5ce7:192.168.30.10:41980] with ContainerStateMachine:uninitialized
2019-09-25 07:29:57,136 [pool-37-thread-1] INFO  server.RaftServerConfigKeys (ConfUtils.java:logGet(43)) - raft.server.rpc.timeout.min = 5s (custom)
2019-09-25 07:29:57,137 [pool-37-thread-1] INFO  server.RaftServerConfigKeys (ConfUtils.java:logGet(43)) - raft.server.rpc.timeout.max = 5200ms (custom)
2019-09-25 07:29:57,137 [pool-37-thread-1] INFO  server.RaftServerConfigKeys (ConfUtils.java:logGet(43)) - raft.server.rpcslowness.timeout = 120s (custom)
2019-09-25 07:29:57,137 [pool-37-thread-1] INFO  server.RaftServerConfigKeys (ConfUtils.java:logGet(43)) - raft.server.sleep.deviation.threshold = 300 (default)
2019-09-25 07:29:57,137 [pool-37-thread-1] INFO  server.RaftServerConfigKeys (ConfUtils.java:logGet(43)) - raft.server.log.appender.install.snapshot.enabled = false (custom)
2019-09-25 07:29:57,138 [pool-37-thread-1] INFO  impl.RaftServerImpl (ServerState.java:<init>(103)) - d56c4ccc-443a-4cf4-ae59-75174e2c5ce7@group-A8A71EBCF2F2: ConfigurationManager, init=-1: [d56c4ccc-443a-4cf4-ae59-75174e2c5ce7:192.168.30.10:41980], old=null, confs=<EMPTY_MAP>
2019-09-25 07:29:57,138 [pool-37-thread-1] INFO  server.RaftServerConfigKeys (ConfUtils.java:logGet(43)) - raft.server.storage.dir = [/workdir/hadoop-ozone/tools/target/test-dir/MiniOzoneClusterImpl-e625f0dc-3f73-4bc5-9a9c-4cc4b5f58c2e/datanode-1/data/ratis] (custom)
2019-09-25 07:29:57,138 [pool-37-thread-1] INFO  storage.RaftStorageDirectory (RaftStorageDirectory.java:analyzeStorage(246)) - The storage directory /workdir/hadoop-ozone/tools/target/test-dir/MiniOzoneClusterImpl-e625f0dc-3f73-4bc5-9a9c-4cc4b5f58c2e/datanode-1/data/ratis/1ae8b30a-d62a-46c9-87ee-a8a71ebcf2f2 does not exist. Creating ...
2019-09-25 07:29:57,176 [pool-37-thread-1] INFO  storage.RaftStorageDirectory (RaftStorageDirectory.java:tryLock(328)) - Lock on /workdir/hadoop-ozone/tools/target/test-dir/MiniOzoneClusterImpl-e625f0dc-3f73-4bc5-9a9c-4cc4b5f58c2e/datanode-1/data/ratis/1ae8b30a-d62a-46c9-87ee-a8a71ebcf2f2/in_use.lock acquired by nodename 9675@pr-hdds-1569-s62bp-3040748787
2019-09-25 07:29:57,189 [pool-37-thread-1] INFO  storage.RaftStorage (RaftStorage.java:format(72)) - Storage directory /workdir/hadoop-ozone/tools/target/test-dir/MiniOzoneClusterImpl-e625f0dc-3f73-4bc5-9a9c-4cc4b5f58c2e/datanode-1/data/ratis/1ae8b30a-d62a-46c9-87ee-a8a71ebcf2f2 has been successfully formatted.
2019-09-25 07:29:57,189 [pool-37-thread-1] INFO  ratis.ContainerStateMachine (ContainerStateMachine.java:loadSnapshot(230)) - group-A8A71EBCF2F2: The snapshot info is null. Setting the last applied indexto:(t:0, i:~)
2019-09-25 07:29:57,189 [pool-37-thread-1] INFO  server.RaftServerConfigKeys (ConfUtils.java:logGet(43)) - raft.server.notification.no-leader.timeout = 120s (custom)
2019-09-25 07:29:57,189 [pool-37-thread-1] INFO  server.RaftServerConfigKeys (ConfUtils.java:logGet(43)) - raft.server.log.use.memory = false (default)
2019-09-25 07:29:57,190 [pool-37-thread-1] INFO  server.RaftServerConfigKeys (ConfUtils.java:logGet(43)) - raft.server.log.purge.gap = 1000000 (custom)
2019-09-25 07:29:57,190 [pool-37-thread-1] INFO  server.RaftServerConfigKeys (ConfUtils.java:logGet(43)) - raft.server.log.appender.buffer.byte-limit = 33554432 (custom)
2019-09-25 07:29:57,190 [pool-37-thread-1] INFO  server.RaftServerConfigKeys (ConfUtils.java:logGet(43)) - raft.server.log.segment.size.max = 1048576 (custom)
2019-09-25 07:29:57,190 [pool-37-thread-1] INFO  server.RaftServerConfigKeys (ConfUtils.java:logGet(43)) - raft.server.log.segment.cache.num.max = 2 (custom)
2019-09-25 07:29:57,191 [pool-37-thread-1] INFO  segmented.SegmentedRaftLogWorker (SegmentedRaftLogWorker.java:<init>(172)) - new d56c4ccc-443a-4cf4-ae59-75174e2c5ce7@group-A8A71EBCF2F2-SegmentedRaftLogWorker for RaftStorage:Storage Directory /workdir/hadoop-ozone/tools/target/test-dir/MiniOzoneClusterImpl-e625f0dc-3f73-4bc5-9a9c-4cc4b5f58c2e/datanode-1/data/ratis/1ae8b30a-d62a-46c9-87ee-a8a71ebcf2f2
2019-09-25 07:29:57,193 [pool-37-thread-1] INFO  server.RaftServerConfigKeys (ConfUtils.java:logGet(43)) - raft.server.log.queue.byte-limit = 2147483647 (custom)
2019-09-25 07:29:57,194 [pool-37-thread-1] INFO  server.RaftServerConfigKeys (ConfUtils.java:logGet(43)) - raft.server.log.queue.element-limit = 1024 (custom)
2019-09-25 07:29:57,194 [pool-37-thread-1] INFO  server.RaftServerConfigKeys (ConfUtils.java:logGet(43)) - raft.server.log.segment.size.max = 1048576 (custom)
2019-09-25 07:29:57,194 [pool-37-thread-1] INFO  server.RaftServerConfigKeys (ConfUtils.java:logGet(43)) - raft.server.log.preallocated.size = 16384 (custom)
2019-09-25 07:29:57,194 [pool-37-thread-1] INFO  server.RaftServerConfigKeys (ConfUtils.java:logGet(43)) - raft.server.log.write.buffer.size = 33554432 (custom)
2019-09-25 07:29:57,194 [pool-37-thread-1] INFO  server.RaftServerConfigKeys (ConfUtils.java:logGet(43)) - raft.server.log.force.sync.num = 128 (default)
2019-09-25 07:29:57,195 [pool-37-thread-1] INFO  server.RaftServerConfigKeys (ConfUtils.java:logGet(43)) - raft.server.log.statemachine.data.sync = true (default)
2019-09-25 07:29:57,195 [pool-37-thread-1] INFO  server.RaftServerConfigKeys (ConfUtils.java:logGet(43)) - raft.server.log.statemachine.data.sync.timeout = 10s (default)
2019-09-25 07:29:57,195 [pool-37-thread-1] INFO  server.RaftServerConfigKeys (ConfUtils.java:logGet(43)) - raft.server.log.statemachine.data.sync.timeout.retry = -1 (default)
2019-09-25 07:29:57,195 [pool-37-thread-1] INFO  server.RaftServerConfigKeys (ConfUtils.java:logGet(43)) - raft.server.log.statemachine.data.caching.enabled = true (custom)
2019-09-25 07:29:57,196 [pool-37-thread-1] INFO  segmented.SegmentedRaftLogWorker (SegmentedRaftLogWorker.java:lambda$new$0(132)) - d56c4ccc-443a-4cf4-ae59-75174e2c5ce7@group-A8A71EBCF2F2-SegmentedRaftLogWorker: flushIndex: setUnconditionally 0 -> -1
2019-09-25 07:29:57,196 [pool-37-thread-1] INFO  server.RaftServerConfigKeys (ConfUtils.java:logGet(43)) - raft.server.snapshot.auto.trigger.enabled = true (custom)
2019-09-25 07:29:57,196 [pool-37-thread-1] INFO  server.RaftServerConfigKeys (ConfUtils.java:logGet(43)) - raft.server.snapshot.auto.trigger.threshold = 10000 (custom)
2019-09-25 07:29:57,196 [pool-37-thread-1] INFO  server.RaftServerConfigKeys (ConfUtils.java:logGet(43)) - raft.server.snapshot.retention.num.files = 5 (custom)
2019-09-25 07:29:57,197 [pool-37-thread-1] INFO  server.RaftServerConfigKeys (ConfUtils.java:logGet(43)) - raft.server.retrycache.expirytime = 600000ms (custom)
2019-09-25 07:29:57,199 [pool-37-thread-1] INFO  impl.RaftServerImpl (RaftServerImpl.java:start(185)) - d56c4ccc-443a-4cf4-ae59-75174e2c5ce7@group-A8A71EBCF2F2: start as a follower, conf=-1: [d56c4ccc-443a-4cf4-ae59-75174e2c5ce7:192.168.30.10:41980], old=null
2019-09-25 07:29:57,199 [pool-37-thread-1] INFO  impl.RaftServerImpl (RaftServerImpl.java:setRole(174)) - d56c4ccc-443a-4cf4-ae59-75174e2c5ce7@group-A8A71EBCF2F2: changes role from      null to FOLLOWER at term 0 for startAsFollower
2019-09-25 07:29:57,199 [pool-37-thread-1] INFO  impl.RoleInfo (RoleInfo.java:updateAndGet(143)) - d56c4ccc-443a-4cf4-ae59-75174e2c5ce7: start FollowerState
2019-09-25 07:29:57,205 [pool-37-thread-1] INFO  util.JmxRegister (JmxRegister.java:tryRegister(44)) - Successfully registered JMX Bean with object name Ratis:service=RaftServer,group=group-A8A71EBCF2F2,id=d56c4ccc-443a-4cf4-ae59-75174e2c5ce7
2019-09-25 07:29:57,220 [RatisPipelineUtilsThread] INFO  pipeline.PipelineStateManager (PipelineStateManager.java:addPipeline(56)) - Created pipeline Pipeline[ Id: 1ae8b30a-d62a-46c9-87ee-a8a71ebcf2f2, Nodes: d56c4ccc-443a-4cf4-ae59-75174e2c5ce7{ip: 192.168.30.10, host: pr-hdds-1569-s62bp-3040748787, networkLocation: /default-rack, certSerialId: null}, Type:RATIS, Factor:ONE, State:OPEN]
2019-09-25 07:29:57,221 [RatisPipelineUtilsThread] INFO  pipeline.PipelinePlacementPolicy (PipelinePlacementPolicy.java:meetCriteria(91)) - Pipeline Placement: Doesn't meet the criteria to be viable node： 3b163acc-90b4-4277-b760-810609058c95 Heaviness: 6 limit: 5
 0.00% |█                                                                                                    |  0/1 Time: 0:00:012019-09-25 07:29:57,232 [grpc-default-executor-0] INFO  impl.RaftServerProxy (RaftServerProxy.java:addNew(89)) - 2c509cf8-45fb-4761-813c-06899a301674: addNew group-85C4A52618A8:[2c509cf8-45fb-4761-813c-06899a301674:192.168.30.10:34142] returns group-85C4A52618A8:java.util.concurrent.CompletableFuture@3bf750af[Not completed]
2019-09-25 07:29:57,234 [pool-57-thread-1] INFO  impl.RaftServerImpl (RaftServerImpl.java:<init>(95)) - 2c509cf8-45fb-4761-813c-06899a301674: new RaftServerImpl for group-85C4A52618A8:[2c509cf8-45fb-4761-813c-06899a301674:192.168.30.10:34142] with ContainerStateMachine:uninitialized
2019-09-25 07:29:57,234 [pool-57-thread-1] INFO  server.RaftServerConfigKeys (ConfUtils.java:logGet(43)) - raft.server.rpc.timeout.min = 5s (custom)
2019-09-25 07:29:57,234 [pool-57-thread-1] INFO  server.RaftServerConfigKeys (ConfUtils.java:logGet(43)) - raft.server.rpc.timeout.max = 5200ms (custom)
2019-09-25 07:29:57,234 [pool-57-thread-1] INFO  server.RaftServerConfigKeys (ConfUtils.java:logGet(43)) - raft.server.rpcslowness.timeout = 120s (custom)
2019-09-25 07:29:57,234 [pool-57-thread-1] INFO  server.RaftServerConfigKeys (ConfUtils.java:logGet(43)) - raft.server.sleep.deviation.threshold = 300 (default)
2019-09-25 07:29:57,234 [pool-57-thread-1] INFO  server.RaftServerConfigKeys (ConfUtils.java:logGet(43)) - raft.server.log.appender.install.snapshot.enabled = false (custom)
2019-09-25 07:29:57,234 [pool-57-thread-1] INFO  impl.RaftServerImpl (ServerState.java:<init>(103)) - 2c509cf8-45fb-4761-813c-06899a301674@group-85C4A52618A8: ConfigurationManager, init=-1: [2c509cf8-45fb-4761-813c-06899a301674:192.168.30.10:34142], old=null, confs=<EMPTY_MAP>
2019-09-25 07:29:57,235 [pool-57-thread-1] INFO  server.RaftServerConfigKeys (ConfUtils.java:logGet(43)) - raft.server.storage.dir = [/workdir/hadoop-ozone/tools/target/test-dir/MiniOzoneClusterImpl-e625f0dc-3f73-4bc5-9a9c-4cc4b5f58c2e/datanode-3/data/ratis] (custom)
2019-09-25 07:29:57,235 [pool-57-thread-1] INFO  storage.RaftStorageDirectory (RaftStorageDirectory.java:analyzeStorage(246)) - The storage directory /workdir/hadoop-ozone/tools/target/test-dir/MiniOzoneClusterImpl-e625f0dc-3f73-4bc5-9a9c-4cc4b5f58c2e/datanode-3/data/ratis/992d1150-bac2-4378-8e30-85c4a52618a8 does not exist. Creating ...
2019-09-25 07:29:57,248 [pool-57-thread-1] INFO  storage.RaftStorageDirectory (RaftStorageDirectory.java:tryLock(328)) - Lock on /workdir/hadoop-ozone/tools/target/test-dir/MiniOzoneClusterImpl-e625f0dc-3f73-4bc5-9a9c-4cc4b5f58c2e/datanode-3/data/ratis/992d1150-bac2-4378-8e30-85c4a52618a8/in_use.lock acquired by nodename 9675@pr-hdds-1569-s62bp-3040748787
2019-09-25 07:29:57,262 [pool-57-thread-1] INFO  storage.RaftStorage (RaftStorage.java:format(72)) - Storage directory /workdir/hadoop-ozone/tools/target/test-dir/MiniOzoneClusterImpl-e625f0dc-3f73-4bc5-9a9c-4cc4b5f58c2e/datanode-3/data/ratis/992d1150-bac2-4378-8e30-85c4a52618a8 has been successfully formatted.
2019-09-25 07:29:57,262 [pool-57-thread-1] INFO  ratis.ContainerStateMachine (ContainerStateMachine.java:loadSnapshot(230)) - group-85C4A52618A8: The snapshot info is null. Setting the last applied indexto:(t:0, i:~)
2019-09-25 07:29:57,262 [pool-57-thread-1] INFO  server.RaftServerConfigKeys (ConfUtils.java:logGet(43)) - raft.server.notification.no-leader.timeout = 120s (custom)
2019-09-25 07:29:57,262 [pool-57-thread-1] INFO  server.RaftServerConfigKeys (ConfUtils.java:logGet(43)) - raft.server.log.use.memory = false (default)
2019-09-25 07:29:57,263 [pool-57-thread-1] INFO  server.RaftServerConfigKeys (ConfUtils.java:logGet(43)) - raft.server.log.purge.gap = 1000000 (custom)
2019-09-25 07:29:57,263 [pool-57-thread-1] INFO  server.RaftServerConfigKeys (ConfUtils.java:logGet(43)) - raft.server.log.appender.buffer.byte-limit = 33554432 (custom)
2019-09-25 07:29:57,263 [pool-57-thread-1] INFO  server.RaftServerConfigKeys (ConfUtils.java:logGet(43)) - raft.server.log.segment.size.max = 1048576 (custom)
2019-09-25 07:29:57,263 [pool-57-thread-1] INFO  server.RaftServerConfigKeys (ConfUtils.java:logGet(43)) - raft.server.log.segment.cache.num.max = 2 (custom)
2019-09-25 07:29:57,263 [pool-57-thread-1] INFO  segmented.SegmentedRaftLogWorker (SegmentedRaftLogWorker.java:<init>(172)) - new 2c509cf8-45fb-4761-813c-06899a301674@group-85C4A52618A8-SegmentedRaftLogWorker for RaftStorage:Storage Directory /workdir/hadoop-ozone/tools/target/test-dir/MiniOzoneClusterImpl-e625f0dc-3f73-4bc5-9a9c-4cc4b5f58c2e/datanode-3/data/ratis/992d1150-bac2-4378-8e30-85c4a52618a8
2019-09-25 07:29:57,263 [pool-57-thread-1] INFO  server.RaftServerConfigKeys (ConfUtils.java:logGet(43)) - raft.server.log.queue.byte-limit = 2147483647 (custom)
2019-09-25 07:29:57,264 [pool-57-thread-1] INFO  server.RaftServerConfigKeys (ConfUtils.java:logGet(43)) - raft.server.log.queue.element-limit = 1024 (custom)
2019-09-25 07:29:57,264 [pool-57-thread-1] INFO  server.RaftServerConfigKeys (ConfUtils.java:logGet(43)) - raft.server.log.segment.size.max = 1048576 (custom)
2019-09-25 07:29:57,264 [pool-57-thread-1] INFO  server.RaftServerConfigKeys (ConfUtils.java:logGet(43)) - raft.server.log.preallocated.size = 16384 (custom)
2019-09-25 07:29:57,264 [pool-57-thread-1] INFO  server.RaftServerConfigKeys (ConfUtils.java:logGet(43)) - raft.server.log.write.buffer.size = 33554432 (custom)
2019-09-25 07:29:57,264 [pool-57-thread-1] INFO  server.RaftServerConfigKeys (ConfUtils.java:logGet(43)) - raft.server.log.force.sync.num = 128 (default)
2019-09-25 07:29:57,264 [pool-57-thread-1] INFO  server.RaftServerConfigKeys (ConfUtils.java:logGet(43)) - raft.server.log.statemachine.data.sync = true (default)
2019-09-25 07:29:57,265 [pool-57-thread-1] INFO  server.RaftServerConfigKeys (ConfUtils.java:logGet(43)) - raft.server.log.statemachine.data.sync.timeout = 10s (default)
2019-09-25 07:29:57,265 [pool-57-thread-1] INFO  server.RaftServerConfigKeys (ConfUtils.java:logGet(43)) - raft.server.log.statemachine.data.sync.timeout.retry = -1 (default)
2019-09-25 07:29:57,265 [pool-57-thread-1] INFO  server.RaftServerConfigKeys (ConfUtils.java:logGet(43)) - raft.server.log.statemachine.data.caching.enabled = true (custom)
2019-09-25 07:29:57,265 [pool-57-thread-1] INFO  segmented.SegmentedRaftLogWorker (SegmentedRaftLogWorker.java:lambda$new$0(132)) - 2c509cf8-45fb-4761-813c-06899a301674@group-85C4A52618A8-SegmentedRaftLogWorker: flushIndex: setUnconditionally 0 -> -1
2019-09-25 07:29:57,266 [pool-57-thread-1] INFO  server.RaftServerConfigKeys (ConfUtils.java:logGet(43)) - raft.server.snapshot.auto.trigger.enabled = true (custom)
2019-09-25 07:29:57,266 [pool-57-thread-1] INFO  server.RaftServerConfigKeys (ConfUtils.java:logGet(43)) - raft.server.snapshot.auto.trigger.threshold = 10000 (custom)
2019-09-25 07:29:57,266 [pool-57-thread-1] INFO  server.RaftServerConfigKeys (ConfUtils.java:logGet(43)) - raft.server.snapshot.retention.num.files = 5 (custom)
2019-09-25 07:29:57,266 [pool-57-thread-1] INFO  server.RaftServerConfigKeys (ConfUtils.java:logGet(43)) - raft.server.retrycache.expirytime = 600000ms (custom)
2019-09-25 07:29:57,269 [pool-57-thread-1] INFO  impl.RaftServerImpl (RaftServerImpl.java:start(185)) - 2c509cf8-45fb-4761-813c-06899a301674@group-85C4A52618A8: start as a follower, conf=-1: [2c509cf8-45fb-4761-813c-06899a301674:192.168.30.10:34142], old=null
2019-09-25 07:29:57,269 [pool-57-thread-1] INFO  impl.RaftServerImpl (RaftServerImpl.java:setRole(174)) - 2c509cf8-45fb-4761-813c-06899a301674@group-85C4A52618A8: changes role from      null to FOLLOWER at term 0 for startAsFollower
2019-09-25 07:29:57,270 [pool-57-thread-1] INFO  impl.RoleInfo (RoleInfo.java:updateAndGet(143)) - 2c509cf8-45fb-4761-813c-06899a301674: start FollowerState
2019-09-25 07:29:57,270 [pool-57-thread-1] INFO  util.JmxRegister (JmxRegister.java:tryRegister(44)) - Successfully registered JMX Bean with object name Ratis:service=RaftServer,group=group-85C4A52618A8,id=2c509cf8-45fb-4761-813c-06899a301674
2019-09-25 07:29:57,278 [RatisPipelineUtilsThread] INFO  pipeline.PipelineStateManager (PipelineStateManager.java:addPipeline(56)) - Created pipeline Pipeline[ Id: 992d1150-bac2-4378-8e30-85c4a52618a8, Nodes: 2c509cf8-45fb-4761-813c-06899a301674{ip: 192.168.30.10, host: pr-hdds-1569-s62bp-3040748787, networkLocation: /default-rack, certSerialId: null}, Type:RATIS, Factor:ONE, State:OPEN]
2019-09-25 07:29:57,278 [RatisPipelineUtilsThread] INFO  pipeline.PipelinePlacementPolicy (PipelinePlacementPolicy.java:meetCriteria(91)) - Pipeline Placement: Doesn't meet the criteria to be viable node： 3b163acc-90b4-4277-b760-810609058c95 Heaviness: 6 limit: 5
2019-09-25 07:29:57,290 [grpc-default-executor-0] INFO  impl.RaftServerProxy (RaftServerProxy.java:addNew(89)) - d8a61d6a-3767-4395-9d18-c8065c09d76e: addNew group-865009826550:[d8a61d6a-3767-4395-9d18-c8065c09d76e:192.168.30.10:42388] returns group-865009826550:java.util.concurrent.CompletableFuture@7da872d9[Not completed]
2019-09-25 07:29:57,292 [pool-47-thread-1] INFO  impl.RaftServerImpl (RaftServerImpl.java:<init>(95)) - d8a61d6a-3767-4395-9d18-c8065c09d76e: new RaftServerImpl for group-865009826550:[d8a61d6a-3767-4395-9d18-c8065c09d76e:192.168.30.10:42388] with ContainerStateMachine:uninitialized
2019-09-25 07:29:57,292 [pool-47-thread-1] INFO  server.RaftServerConfigKeys (ConfUtils.java:logGet(43)) - raft.server.rpc.timeout.min = 5s (custom)
2019-09-25 07:29:57,292 [pool-47-thread-1] INFO  server.RaftServerConfigKeys (ConfUtils.java:logGet(43)) - raft.server.rpc.timeout.max = 5200ms (custom)
2019-09-25 07:29:57,293 [pool-47-thread-1] INFO  server.RaftServerConfigKeys (ConfUtils.java:logGet(43)) - raft.server.rpcslowness.timeout = 120s (custom)
2019-09-25 07:29:57,293 [pool-47-thread-1] INFO  server.RaftServerConfigKeys (ConfUtils.java:logGet(43)) - raft.server.sleep.deviation.threshold = 300 (default)
2019-09-25 07:29:57,293 [pool-47-thread-1] INFO  server.RaftServerConfigKeys (ConfUtils.java:logGet(43)) - raft.server.log.appender.install.snapshot.enabled = false (custom)
2019-09-25 07:29:57,293 [pool-47-thread-1] INFO  impl.RaftServerImpl (ServerState.java:<init>(103)) - d8a61d6a-3767-4395-9d18-c8065c09d76e@group-865009826550: ConfigurationManager, init=-1: [d8a61d6a-3767-4395-9d18-c8065c09d76e:192.168.30.10:42388], old=null, confs=<EMPTY_MAP>
2019-09-25 07:29:57,293 [pool-47-thread-1] INFO  server.RaftServerConfigKeys (ConfUtils.java:logGet(43)) - raft.server.storage.dir = [/workdir/hadoop-ozone/tools/target/test-dir/MiniOzoneClusterImpl-e625f0dc-3f73-4bc5-9a9c-4cc4b5f58c2e/datanode-2/data/ratis] (custom)
2019-09-25 07:29:57,294 [pool-47-thread-1] INFO  storage.RaftStorageDirectory (RaftStorageDirectory.java:analyzeStorage(246)) - The storage directory /workdir/hadoop-ozone/tools/target/test-dir/MiniOzoneClusterImpl-e625f0dc-3f73-4bc5-9a9c-4cc4b5f58c2e/datanode-2/data/ratis/830333d9-122a-4291-915b-865009826550 does not exist. Creating ...
2019-09-25 07:29:57,308 [pool-47-thread-1] INFO  storage.RaftStorageDirectory (RaftStorageDirectory.java:tryLock(328)) - Lock on /workdir/hadoop-ozone/tools/target/test-dir/MiniOzoneClusterImpl-e625f0dc-3f73-4bc5-9a9c-4cc4b5f58c2e/datanode-2/data/ratis/830333d9-122a-4291-915b-865009826550/in_use.lock acquired by nodename 9675@pr-hdds-1569-s62bp-3040748787
2019-09-25 07:29:57,321 [pool-47-thread-1] INFO  storage.RaftStorage (RaftStorage.java:format(72)) - Storage directory /workdir/hadoop-ozone/tools/target/test-dir/MiniOzoneClusterImpl-e625f0dc-3f73-4bc5-9a9c-4cc4b5f58c2e/datanode-2/data/ratis/830333d9-122a-4291-915b-865009826550 has been successfully formatted.
2019-09-25 07:29:57,322 [pool-47-thread-1] INFO  ratis.ContainerStateMachine (ContainerStateMachine.java:loadSnapshot(230)) - group-865009826550: The snapshot info is null. Setting the last applied indexto:(t:0, i:~)
2019-09-25 07:29:57,322 [pool-47-thread-1] INFO  server.RaftServerConfigKeys (ConfUtils.java:logGet(43)) - raft.server.notification.no-leader.timeout = 120s (custom)
2019-09-25 07:29:57,322 [pool-47-thread-1] INFO  server.RaftServerConfigKeys (ConfUtils.java:logGet(43)) - raft.server.log.use.memory = false (default)
2019-09-25 07:29:57,322 [pool-47-thread-1] INFO  server.RaftServerConfigKeys (ConfUtils.java:logGet(43)) - raft.server.log.purge.gap = 1000000 (custom)
2019-09-25 07:29:57,322 [pool-47-thread-1] INFO  server.RaftServerConfigKeys (ConfUtils.java:logGet(43)) - raft.server.log.appender.buffer.byte-limit = 33554432 (custom)
2019-09-25 07:29:57,323 [pool-47-thread-1] INFO  server.RaftServerConfigKeys (ConfUtils.java:logGet(43)) - raft.server.log.segment.size.max = 1048576 (custom)
2019-09-25 07:29:57,323 [pool-47-thread-1] INFO  server.RaftServerConfigKeys (ConfUtils.java:logGet(43)) - raft.server.log.segment.cache.num.max = 2 (custom)
2019-09-25 07:29:57,323 [pool-47-thread-1] INFO  segmented.SegmentedRaftLogWorker (SegmentedRaftLogWorker.java:<init>(172)) - new d8a61d6a-3767-4395-9d18-c8065c09d76e@group-865009826550-SegmentedRaftLogWorker for RaftStorage:Storage Directory /workdir/hadoop-ozone/tools/target/test-dir/MiniOzoneClusterImpl-e625f0dc-3f73-4bc5-9a9c-4cc4b5f58c2e/datanode-2/data/ratis/830333d9-122a-4291-915b-865009826550
2019-09-25 07:29:57,323 [pool-47-thread-1] INFO  server.RaftServerConfigKeys (ConfUtils.java:logGet(43)) - raft.server.log.queue.byte-limit = 2147483647 (custom)
2019-09-25 07:29:57,323 [pool-47-thread-1] INFO  server.RaftServerConfigKeys (ConfUtils.java:logGet(43)) - raft.server.log.queue.element-limit = 1024 (custom)
2019-09-25 07:29:57,323 [pool-47-thread-1] INFO  server.RaftServerConfigKeys (ConfUtils.java:logGet(43)) - raft.server.log.segment.size.max = 1048576 (custom)
2019-09-25 07:29:57,324 [pool-47-thread-1] INFO  server.RaftServerConfigKeys (ConfUtils.java:logGet(43)) - raft.server.log.preallocated.size = 16384 (custom)
2019-09-25 07:29:57,324 [pool-47-thread-1] INFO  server.RaftServerConfigKeys (ConfUtils.java:logGet(43)) - raft.server.log.write.buffer.size = 33554432 (custom)
2019-09-25 07:29:57,324 [pool-47-thread-1] INFO  server.RaftServerConfigKeys (ConfUtils.java:logGet(43)) - raft.server.log.force.sync.num = 128 (default)
2019-09-25 07:29:57,324 [pool-47-thread-1] INFO  server.RaftServerConfigKeys (ConfUtils.java:logGet(43)) - raft.server.log.statemachine.data.sync = true (default)
2019-09-25 07:29:57,324 [pool-47-thread-1] INFO  server.RaftServerConfigKeys (ConfUtils.java:logGet(43)) - raft.server.log.statemachine.data.sync.timeout = 10s (default)
2019-09-25 07:29:57,324 [pool-47-thread-1] INFO  server.RaftServerConfigKeys (ConfUtils.java:logGet(43)) - raft.server.log.statemachine.data.sync.timeout.retry = -1 (default)
2019-09-25 07:29:57,325 [pool-47-thread-1] INFO  server.RaftServerConfigKeys (ConfUtils.java:logGet(43)) - raft.server.log.statemachine.data.caching.enabled = true (custom)
2019-09-25 07:29:57,325 [pool-47-thread-1] INFO  segmented.SegmentedRaftLogWorker (SegmentedRaftLogWorker.java:lambda$new$0(132)) - d8a61d6a-3767-4395-9d18-c8065c09d76e@group-865009826550-SegmentedRaftLogWorker: flushIndex: setUnconditionally 0 -> -1
2019-09-25 07:29:57,325 [pool-47-thread-1] INFO  server.RaftServerConfigKeys (ConfUtils.java:logGet(43)) - raft.server.snapshot.auto.trigger.enabled = true (custom)
2019-09-25 07:29:57,325 [pool-47-thread-1] INFO  server.RaftServerConfigKeys (ConfUtils.java:logGet(43)) - raft.server.snapshot.auto.trigger.threshold = 10000 (custom)
2019-09-25 07:29:57,326 [pool-47-thread-1] INFO  server.RaftServerConfigKeys (ConfUtils.java:logGet(43)) - raft.server.snapshot.retention.num.files = 5 (custom)
2019-09-25 07:29:57,326 [pool-47-thread-1] INFO  server.RaftServerConfigKeys (ConfUtils.java:logGet(43)) - raft.server.retrycache.expirytime = 600000ms (custom)
2019-09-25 07:29:57,326 [Thread-204] INFO  container.ReplicationManager (ReplicationManager.java:start(163)) - Starting Replication Monitor Thread.
2019-09-25 07:29:57,328 [ReplicationMonitor] INFO  container.ReplicationManager (ReplicationManager.java:run(226)) - Replication Monitor Thread took 1 milliseconds for processing 0 containers.
2019-09-25 07:29:57,329 [pool-47-thread-1] INFO  impl.RaftServerImpl (RaftServerImpl.java:start(185)) - d8a61d6a-3767-4395-9d18-c8065c09d76e@group-865009826550: start as a follower, conf=-1: [d8a61d6a-3767-4395-9d18-c8065c09d76e:192.168.30.10:42388], old=null
2019-09-25 07:29:57,329 [pool-47-thread-1] INFO  impl.RaftServerImpl (RaftServerImpl.java:setRole(174)) - d8a61d6a-3767-4395-9d18-c8065c09d76e@group-865009826550: changes role from      null to FOLLOWER at term 0 for startAsFollower
2019-09-25 07:29:57,329 [pool-47-thread-1] INFO  impl.RoleInfo (RoleInfo.java:updateAndGet(143)) - d8a61d6a-3767-4395-9d18-c8065c09d76e: start FollowerState
2019-09-25 07:29:57,330 [pool-47-thread-1] INFO  util.JmxRegister (JmxRegister.java:tryRegister(44)) - Successfully registered JMX Bean with object name Ratis:service=RaftServer,group=group-865009826550,id=d8a61d6a-3767-4395-9d18-c8065c09d76e
2019-09-25 07:29:57,336 [RatisPipelineUtilsThread] INFO  pipeline.PipelineStateManager (PipelineStateManager.java:addPipeline(56)) - Created pipeline Pipeline[ Id: 830333d9-122a-4291-915b-865009826550, Nodes: d8a61d6a-3767-4395-9d18-c8065c09d76e{ip: 192.168.30.10, host: pr-hdds-1569-s62bp-3040748787, networkLocation: /default-rack, certSerialId: null}, Type:RATIS, Factor:ONE, State:OPEN]
2019-09-25 07:29:57,336 [RatisPipelineUtilsThread] INFO  pipeline.PipelinePlacementPolicy (PipelinePlacementPolicy.java:meetCriteria(91)) - Pipeline Placement: Doesn't meet the criteria to be viable node： 3b163acc-90b4-4277-b760-810609058c95 Heaviness: 6 limit: 5
2019-09-25 07:29:57,348 [grpc-default-executor-0] INFO  impl.RaftServerProxy (RaftServerProxy.java:addNew(89)) - d8a61d6a-3767-4395-9d18-c8065c09d76e: addNew group-EB024624112B:[d8a61d6a-3767-4395-9d18-c8065c09d76e:192.168.30.10:42388] returns group-EB024624112B:java.util.concurrent.CompletableFuture@49d29721[Not completed]
2019-09-25 07:29:57,349 [pool-47-thread-1] INFO  impl.RaftServerImpl (RaftServerImpl.java:<init>(95)) - d8a61d6a-3767-4395-9d18-c8065c09d76e: new RaftServerImpl for group-EB024624112B:[d8a61d6a-3767-4395-9d18-c8065c09d76e:192.168.30.10:42388] with ContainerStateMachine:uninitialized
2019-09-25 07:29:57,350 [pool-47-thread-1] INFO  server.RaftServerConfigKeys (ConfUtils.java:logGet(43)) - raft.server.rpc.timeout.min = 5s (custom)
2019-09-25 07:29:57,350 [pool-47-thread-1] INFO  server.RaftServerConfigKeys (ConfUtils.java:logGet(43)) - raft.server.rpc.timeout.max = 5200ms (custom)
2019-09-25 07:29:57,350 [pool-47-thread-1] INFO  server.RaftServerConfigKeys (ConfUtils.java:logGet(43)) - raft.server.rpcslowness.timeout = 120s (custom)
2019-09-25 07:29:57,350 [pool-47-thread-1] INFO  server.RaftServerConfigKeys (ConfUtils.java:logGet(43)) - raft.server.sleep.deviation.threshold = 300 (default)
2019-09-25 07:29:57,350 [pool-47-thread-1] INFO  server.RaftServerConfigKeys (ConfUtils.java:logGet(43)) - raft.server.log.appender.install.snapshot.enabled = false (custom)
2019-09-25 07:29:57,350 [pool-47-thread-1] INFO  impl.RaftServerImpl (ServerState.java:<init>(103)) - d8a61d6a-3767-4395-9d18-c8065c09d76e@group-EB024624112B: ConfigurationManager, init=-1: [d8a61d6a-3767-4395-9d18-c8065c09d76e:192.168.30.10:42388], old=null, confs=<EMPTY_MAP>
2019-09-25 07:29:57,351 [pool-47-thread-1] INFO  server.RaftServerConfigKeys (ConfUtils.java:logGet(43)) - raft.server.storage.dir = [/workdir/hadoop-ozone/tools/target/test-dir/MiniOzoneClusterImpl-e625f0dc-3f73-4bc5-9a9c-4cc4b5f58c2e/datanode-2/data/ratis] (custom)
2019-09-25 07:29:57,351 [pool-47-thread-1] INFO  storage.RaftStorageDirectory (RaftStorageDirectory.java:analyzeStorage(246)) - The storage directory /workdir/hadoop-ozone/tools/target/test-dir/MiniOzoneClusterImpl-e625f0dc-3f73-4bc5-9a9c-4cc4b5f58c2e/datanode-2/data/ratis/cf45245b-fc14-4fb7-8d8c-eb024624112b does not exist. Creating ...
2019-09-25 07:29:57,365 [pool-47-thread-1] INFO  storage.RaftStorageDirectory (RaftStorageDirectory.java:tryLock(328)) - Lock on /workdir/hadoop-ozone/tools/target/test-dir/MiniOzoneClusterImpl-e625f0dc-3f73-4bc5-9a9c-4cc4b5f58c2e/datanode-2/data/ratis/cf45245b-fc14-4fb7-8d8c-eb024624112b/in_use.lock acquired by nodename 9675@pr-hdds-1569-s62bp-3040748787
2019-09-25 07:29:57,378 [pool-47-thread-1] INFO  storage.RaftStorage (RaftStorage.java:format(72)) - Storage directory /workdir/hadoop-ozone/tools/target/test-dir/MiniOzoneClusterImpl-e625f0dc-3f73-4bc5-9a9c-4cc4b5f58c2e/datanode-2/data/ratis/cf45245b-fc14-4fb7-8d8c-eb024624112b has been successfully formatted.
2019-09-25 07:29:57,379 [pool-47-thread-1] INFO  ratis.ContainerStateMachine (ContainerStateMachine.java:loadSnapshot(230)) - group-EB024624112B: The snapshot info is null. Setting the last applied indexto:(t:0, i:~)
2019-09-25 07:29:57,379 [pool-47-thread-1] INFO  server.RaftServerConfigKeys (ConfUtils.java:logGet(43)) - raft.server.notification.no-leader.timeout = 120s (custom)
2019-09-25 07:29:57,379 [pool-47-thread-1] INFO  server.RaftServerConfigKeys (ConfUtils.java:logGet(43)) - raft.server.log.use.memory = false (default)
2019-09-25 07:29:57,379 [pool-47-thread-1] INFO  server.RaftServerConfigKeys (ConfUtils.java:logGet(43)) - raft.server.log.purge.gap = 1000000 (custom)
2019-09-25 07:29:57,379 [pool-47-thread-1] INFO  server.RaftServerConfigKeys (ConfUtils.java:logGet(43)) - raft.server.log.appender.buffer.byte-limit = 33554432 (custom)
2019-09-25 07:29:57,380 [pool-47-thread-1] INFO  server.RaftServerConfigKeys (ConfUtils.java:logGet(43)) - raft.server.log.segment.size.max = 1048576 (custom)
2019-09-25 07:29:57,380 [pool-47-thread-1] INFO  server.RaftServerConfigKeys (ConfUtils.java:logGet(43)) - raft.server.log.segment.cache.num.max = 2 (custom)
2019-09-25 07:29:57,380 [pool-47-thread-1] INFO  segmented.SegmentedRaftLogWorker (SegmentedRaftLogWorker.java:<init>(172)) - new d8a61d6a-3767-4395-9d18-c8065c09d76e@group-EB024624112B-SegmentedRaftLogWorker for RaftStorage:Storage Directory /workdir/hadoop-ozone/tools/target/test-dir/MiniOzoneClusterImpl-e625f0dc-3f73-4bc5-9a9c-4cc4b5f58c2e/datanode-2/data/ratis/cf45245b-fc14-4fb7-8d8c-eb024624112b
2019-09-25 07:29:57,380 [pool-47-thread-1] INFO  server.RaftServerConfigKeys (ConfUtils.java:logGet(43)) - raft.server.log.queue.byte-limit = 2147483647 (custom)
2019-09-25 07:29:57,380 [pool-47-thread-1] INFO  server.RaftServerConfigKeys (ConfUtils.java:logGet(43)) - raft.server.log.queue.element-limit = 1024 (custom)
2019-09-25 07:29:57,381 [pool-47-thread-1] INFO  server.RaftServerConfigKeys (ConfUtils.java:logGet(43)) - raft.server.log.segment.size.max = 1048576 (custom)
2019-09-25 07:29:57,381 [pool-47-thread-1] INFO  server.RaftServerConfigKeys (ConfUtils.java:logGet(43)) - raft.server.log.preallocated.size = 16384 (custom)
2019-09-25 07:29:57,381 [pool-47-thread-1] INFO  server.RaftServerConfigKeys (ConfUtils.java:logGet(43)) - raft.server.log.write.buffer.size = 33554432 (custom)
2019-09-25 07:29:57,381 [pool-47-thread-1] INFO  server.RaftServerConfigKeys (ConfUtils.java:logGet(43)) - raft.server.log.force.sync.num = 128 (default)
2019-09-25 07:29:57,381 [pool-47-thread-1] INFO  server.RaftServerConfigKeys (ConfUtils.java:logGet(43)) - raft.server.log.statemachine.data.sync = true (default)
2019-09-25 07:29:57,381 [pool-47-thread-1] INFO  server.RaftServerConfigKeys (ConfUtils.java:logGet(43)) - raft.server.log.statemachine.data.sync.timeout = 10s (default)
2019-09-25 07:29:57,381 [pool-47-thread-1] INFO  server.RaftServerConfigKeys (ConfUtils.java:logGet(43)) - raft.server.log.statemachine.data.sync.timeout.retry = -1 (default)
2019-09-25 07:29:57,382 [pool-47-thread-1] INFO  server.RaftServerConfigKeys (ConfUtils.java:logGet(43)) - raft.server.log.statemachine.data.caching.enabled = true (custom)
2019-09-25 07:29:57,382 [pool-47-thread-1] INFO  segmented.SegmentedRaftLogWorker (SegmentedRaftLogWorker.java:lambda$new$0(132)) - d8a61d6a-3767-4395-9d18-c8065c09d76e@group-EB024624112B-SegmentedRaftLogWorker: flushIndex: setUnconditionally 0 -> -1
2019-09-25 07:29:57,382 [pool-47-thread-1] INFO  server.RaftServerConfigKeys (ConfUtils.java:logGet(43)) - raft.server.snapshot.auto.trigger.enabled = true (custom)
2019-09-25 07:29:57,383 [pool-47-thread-1] INFO  server.RaftServerConfigKeys (ConfUtils.java:logGet(43)) - raft.server.snapshot.auto.trigger.threshold = 10000 (custom)
2019-09-25 07:29:57,383 [pool-47-thread-1] INFO  server.RaftServerConfigKeys (ConfUtils.java:logGet(43)) - raft.server.snapshot.retention.num.files = 5 (custom)
2019-09-25 07:29:57,383 [pool-47-thread-1] INFO  server.RaftServerConfigKeys (ConfUtils.java:logGet(43)) - raft.server.retrycache.expirytime = 600000ms (custom)
2019-09-25 07:29:57,386 [pool-47-thread-1] INFO  impl.RaftServerImpl (RaftServerImpl.java:start(185)) - d8a61d6a-3767-4395-9d18-c8065c09d76e@group-EB024624112B: start as a follower, conf=-1: [d8a61d6a-3767-4395-9d18-c8065c09d76e:192.168.30.10:42388], old=null
2019-09-25 07:29:57,386 [pool-47-thread-1] INFO  impl.RaftServerImpl (RaftServerImpl.java:setRole(174)) - d8a61d6a-3767-4395-9d18-c8065c09d76e@group-EB024624112B: changes role from      null to FOLLOWER at term 0 for startAsFollower
2019-09-25 07:29:57,386 [pool-47-thread-1] INFO  impl.RoleInfo (RoleInfo.java:updateAndGet(143)) - d8a61d6a-3767-4395-9d18-c8065c09d76e: start FollowerState
2019-09-25 07:29:57,387 [pool-47-thread-1] INFO  util.JmxRegister (JmxRegister.java:tryRegister(44)) - Successfully registered JMX Bean with object name Ratis:service=RaftServer,group=group-EB024624112B,id=d8a61d6a-3767-4395-9d18-c8065c09d76e
2019-09-25 07:29:57,393 [RatisPipelineUtilsThread] INFO  pipeline.PipelineStateManager (PipelineStateManager.java:addPipeline(56)) - Created pipeline Pipeline[ Id: cf45245b-fc14-4fb7-8d8c-eb024624112b, Nodes: d8a61d6a-3767-4395-9d18-c8065c09d76e{ip: 192.168.30.10, host: pr-hdds-1569-s62bp-3040748787, networkLocation: /default-rack, certSerialId: null}, Type:RATIS, Factor:ONE, State:OPEN]
2019-09-25 07:29:57,394 [RatisPipelineUtilsThread] INFO  pipeline.PipelinePlacementPolicy (PipelinePlacementPolicy.java:meetCriteria(91)) - Pipeline Placement: Doesn't meet the criteria to be viable node： d8a61d6a-3767-4395-9d18-c8065c09d76e Heaviness: 6 limit: 5
2019-09-25 07:29:57,394 [RatisPipelineUtilsThread] INFO  pipeline.PipelinePlacementPolicy (PipelinePlacementPolicy.java:meetCriteria(91)) - Pipeline Placement: Doesn't meet the criteria to be viable node： 3b163acc-90b4-4277-b760-810609058c95 Heaviness: 6 limit: 5
2019-09-25 07:29:57,405 [grpc-default-executor-0] INFO  impl.RaftServerProxy (RaftServerProxy.java:addNew(89)) - d56c4ccc-443a-4cf4-ae59-75174e2c5ce7: addNew group-5BE3327AD66A:[d56c4ccc-443a-4cf4-ae59-75174e2c5ce7:192.168.30.10:41980] returns group-5BE3327AD66A:java.util.concurrent.CompletableFuture@71e3d10c[Not completed]
2019-09-25 07:29:57,407 [pool-37-thread-1] INFO  impl.RaftServerImpl (RaftServerImpl.java:<init>(95)) - d56c4ccc-443a-4cf4-ae59-75174e2c5ce7: new RaftServerImpl for group-5BE3327AD66A:[d56c4ccc-443a-4cf4-ae59-75174e2c5ce7:192.168.30.10:41980] with ContainerStateMachine:uninitialized
2019-09-25 07:29:57,408 [pool-37-thread-1] INFO  server.RaftServerConfigKeys (ConfUtils.java:logGet(43)) - raft.server.rpc.timeout.min = 5s (custom)
2019-09-25 07:29:57,408 [pool-37-thread-1] INFO  server.RaftServerConfigKeys (ConfUtils.java:logGet(43)) - raft.server.rpc.timeout.max = 5200ms (custom)
2019-09-25 07:29:57,408 [pool-37-thread-1] INFO  server.RaftServerConfigKeys (ConfUtils.java:logGet(43)) - raft.server.rpcslowness.timeout = 120s (custom)
2019-09-25 07:29:57,408 [pool-37-thread-1] INFO  server.RaftServerConfigKeys (ConfUtils.java:logGet(43)) - raft.server.sleep.deviation.threshold = 300 (default)
2019-09-25 07:29:57,408 [pool-37-thread-1] INFO  server.RaftServerConfigKeys (ConfUtils.java:logGet(43)) - raft.server.log.appender.install.snapshot.enabled = false (custom)
2019-09-25 07:29:57,408 [pool-37-thread-1] INFO  impl.RaftServerImpl (ServerState.java:<init>(103)) - d56c4ccc-443a-4cf4-ae59-75174e2c5ce7@group-5BE3327AD66A: ConfigurationManager, init=-1: [d56c4ccc-443a-4cf4-ae59-75174e2c5ce7:192.168.30.10:41980], old=null, confs=<EMPTY_MAP>
2019-09-25 07:29:57,409 [pool-37-thread-1] INFO  server.RaftServerConfigKeys (ConfUtils.java:logGet(43)) - raft.server.storage.dir = [/workdir/hadoop-ozone/tools/target/test-dir/MiniOzoneClusterImpl-e625f0dc-3f73-4bc5-9a9c-4cc4b5f58c2e/datanode-1/data/ratis] (custom)
2019-09-25 07:29:57,409 [pool-37-thread-1] INFO  storage.RaftStorageDirectory (RaftStorageDirectory.java:analyzeStorage(246)) - The storage directory /workdir/hadoop-ozone/tools/target/test-dir/MiniOzoneClusterImpl-e625f0dc-3f73-4bc5-9a9c-4cc4b5f58c2e/datanode-1/data/ratis/4d76e15f-2349-4976-98a3-5be3327ad66a does not exist. Creating ...
2019-09-25 07:29:57,422 [pool-37-thread-1] INFO  storage.RaftStorageDirectory (RaftStorageDirectory.java:tryLock(328)) - Lock on /workdir/hadoop-ozone/tools/target/test-dir/MiniOzoneClusterImpl-e625f0dc-3f73-4bc5-9a9c-4cc4b5f58c2e/datanode-1/data/ratis/4d76e15f-2349-4976-98a3-5be3327ad66a/in_use.lock acquired by nodename 9675@pr-hdds-1569-s62bp-3040748787
2019-09-25 07:29:57,455 [pool-37-thread-1] INFO  storage.RaftStorage (RaftStorage.java:format(72)) - Storage directory /workdir/hadoop-ozone/tools/target/test-dir/MiniOzoneClusterImpl-e625f0dc-3f73-4bc5-9a9c-4cc4b5f58c2e/datanode-1/data/ratis/4d76e15f-2349-4976-98a3-5be3327ad66a has been successfully formatted.
2019-09-25 07:29:57,455 [pool-37-thread-1] INFO  ratis.ContainerStateMachine (ContainerStateMachine.java:loadSnapshot(230)) - group-5BE3327AD66A: The snapshot info is null. Setting the last applied indexto:(t:0, i:~)
2019-09-25 07:29:57,455 [pool-37-thread-1] INFO  server.RaftServerConfigKeys (ConfUtils.java:logGet(43)) - raft.server.notification.no-leader.timeout = 120s (custom)
2019-09-25 07:29:57,456 [pool-37-thread-1] INFO  server.RaftServerConfigKeys (ConfUtils.java:logGet(43)) - raft.server.log.use.memory = false (default)
2019-09-25 07:29:57,456 [pool-37-thread-1] INFO  server.RaftServerConfigKeys (ConfUtils.java:logGet(43)) - raft.server.log.purge.gap = 1000000 (custom)
2019-09-25 07:29:57,456 [pool-37-thread-1] INFO  server.RaftServerConfigKeys (ConfUtils.java:logGet(43)) - raft.server.log.appender.buffer.byte-limit = 33554432 (custom)
2019-09-25 07:29:57,458 [pool-37-thread-1] INFO  server.RaftServerConfigKeys (ConfUtils.java:logGet(43)) - raft.server.log.segment.size.max = 1048576 (custom)
2019-09-25 07:29:57,458 [pool-37-thread-1] INFO  server.RaftServerConfigKeys (ConfUtils.java:logGet(43)) - raft.server.log.segment.cache.num.max = 2 (custom)
2019-09-25 07:29:57,458 [pool-37-thread-1] INFO  segmented.SegmentedRaftLogWorker (SegmentedRaftLogWorker.java:<init>(172)) - new d56c4ccc-443a-4cf4-ae59-75174e2c5ce7@group-5BE3327AD66A-SegmentedRaftLogWorker for RaftStorage:Storage Directory /workdir/hadoop-ozone/tools/target/test-dir/MiniOzoneClusterImpl-e625f0dc-3f73-4bc5-9a9c-4cc4b5f58c2e/datanode-1/data/ratis/4d76e15f-2349-4976-98a3-5be3327ad66a
2019-09-25 07:29:57,458 [pool-37-thread-1] INFO  server.RaftServerConfigKeys (ConfUtils.java:logGet(43)) - raft.server.log.queue.byte-limit = 2147483647 (custom)
2019-09-25 07:29:57,459 [pool-37-thread-1] INFO  server.RaftServerConfigKeys (ConfUtils.java:logGet(43)) - raft.server.log.queue.element-limit = 1024 (custom)
2019-09-25 07:29:57,459 [pool-37-thread-1] INFO  server.RaftServerConfigKeys (ConfUtils.java:logGet(43)) - raft.server.log.segment.size.max = 1048576 (custom)
2019-09-25 07:29:57,459 [pool-37-thread-1] INFO  server.RaftServerConfigKeys (ConfUtils.java:logGet(43)) - raft.server.log.preallocated.size = 16384 (custom)
2019-09-25 07:29:57,459 [pool-37-thread-1] INFO  server.RaftServerConfigKeys (ConfUtils.java:logGet(43)) - raft.server.log.write.buffer.size = 33554432 (custom)
2019-09-25 07:29:57,459 [pool-37-thread-1] INFO  server.RaftServerConfigKeys (ConfUtils.java:logGet(43)) - raft.server.log.force.sync.num = 128 (default)
2019-09-25 07:29:57,459 [pool-37-thread-1] INFO  server.RaftServerConfigKeys (ConfUtils.java:logGet(43)) - raft.server.log.statemachine.data.sync = true (default)
2019-09-25 07:29:57,459 [pool-37-thread-1] INFO  server.RaftServerConfigKeys (ConfUtils.java:logGet(43)) - raft.server.log.statemachine.data.sync.timeout = 10s (default)
2019-09-25 07:29:57,460 [pool-37-thread-1] INFO  server.RaftServerConfigKeys (ConfUtils.java:logGet(43)) - raft.server.log.statemachine.data.sync.timeout.retry = -1 (default)
2019-09-25 07:29:57,460 [pool-37-thread-1] INFO  server.RaftServerConfigKeys (ConfUtils.java:logGet(43)) - raft.server.log.statemachine.data.caching.enabled = true (custom)
2019-09-25 07:29:57,460 [pool-37-thread-1] INFO  segmented.SegmentedRaftLogWorker (SegmentedRaftLogWorker.java:lambda$new$0(132)) - d56c4ccc-443a-4cf4-ae59-75174e2c5ce7@group-5BE3327AD66A-SegmentedRaftLogWorker: flushIndex: setUnconditionally 0 -> -1
2019-09-25 07:29:57,460 [pool-37-thread-1] INFO  server.RaftServerConfigKeys (ConfUtils.java:logGet(43)) - raft.server.snapshot.auto.trigger.enabled = true (custom)
2019-09-25 07:29:57,461 [pool-37-thread-1] INFO  server.RaftServerConfigKeys (ConfUtils.java:logGet(43)) - raft.server.snapshot.auto.trigger.threshold = 10000 (custom)
2019-09-25 07:29:57,461 [pool-37-thread-1] INFO  server.RaftServerConfigKeys (ConfUtils.java:logGet(43)) - raft.server.snapshot.retention.num.files = 5 (custom)
2019-09-25 07:29:57,461 [pool-37-thread-1] INFO  server.RaftServerConfigKeys (ConfUtils.java:logGet(43)) - raft.server.retrycache.expirytime = 600000ms (custom)
2019-09-25 07:29:57,463 [pool-37-thread-1] INFO  impl.RaftServerImpl (RaftServerImpl.java:start(185)) - d56c4ccc-443a-4cf4-ae59-75174e2c5ce7@group-5BE3327AD66A: start as a follower, conf=-1: [d56c4ccc-443a-4cf4-ae59-75174e2c5ce7:192.168.30.10:41980], old=null
2019-09-25 07:29:57,464 [pool-37-thread-1] INFO  impl.RaftServerImpl (RaftServerImpl.java:setRole(174)) - d56c4ccc-443a-4cf4-ae59-75174e2c5ce7@group-5BE3327AD66A: changes role from      null to FOLLOWER at term 0 for startAsFollower
2019-09-25 07:29:57,464 [pool-37-thread-1] INFO  impl.RoleInfo (RoleInfo.java:updateAndGet(143)) - d56c4ccc-443a-4cf4-ae59-75174e2c5ce7: start FollowerState
2019-09-25 07:29:57,464 [pool-37-thread-1] INFO  util.JmxRegister (JmxRegister.java:tryRegister(44)) - Successfully registered JMX Bean with object name Ratis:service=RaftServer,group=group-5BE3327AD66A,id=d56c4ccc-443a-4cf4-ae59-75174e2c5ce7
2019-09-25 07:29:57,470 [RatisPipelineUtilsThread] INFO  pipeline.PipelineStateManager (PipelineStateManager.java:addPipeline(56)) - Created pipeline Pipeline[ Id: 4d76e15f-2349-4976-98a3-5be3327ad66a, Nodes: d56c4ccc-443a-4cf4-ae59-75174e2c5ce7{ip: 192.168.30.10, host: pr-hdds-1569-s62bp-3040748787, networkLocation: /default-rack, certSerialId: null}, Type:RATIS, Factor:ONE, State:OPEN]
2019-09-25 07:29:57,470 [RatisPipelineUtilsThread] INFO  pipeline.PipelinePlacementPolicy (PipelinePlacementPolicy.java:meetCriteria(91)) - Pipeline Placement: Doesn't meet the criteria to be viable node： d8a61d6a-3767-4395-9d18-c8065c09d76e Heaviness: 6 limit: 5
2019-09-25 07:29:57,470 [RatisPipelineUtilsThread] INFO  pipeline.PipelinePlacementPolicy (PipelinePlacementPolicy.java:meetCriteria(91)) - Pipeline Placement: Doesn't meet the criteria to be viable node： d56c4ccc-443a-4cf4-ae59-75174e2c5ce7 Heaviness: 6 limit: 5
2019-09-25 07:29:57,470 [RatisPipelineUtilsThread] INFO  pipeline.PipelinePlacementPolicy (PipelinePlacementPolicy.java:meetCriteria(91)) - Pipeline Placement: Doesn't meet the criteria to be viable node： 3b163acc-90b4-4277-b760-810609058c95 Heaviness: 6 limit: 5
2019-09-25 07:29:57,481 [grpc-default-executor-0] INFO  impl.RaftServerProxy (RaftServerProxy.java:addNew(89)) - 2c509cf8-45fb-4761-813c-06899a301674: addNew group-5FD338926CF2:[2c509cf8-45fb-4761-813c-06899a301674:192.168.30.10:34142] returns group-5FD338926CF2:java.util.concurrent.CompletableFuture@6a177d1c[Not completed]
2019-09-25 07:29:57,482 [pool-57-thread-1] INFO  impl.RaftServerImpl (RaftServerImpl.java:<init>(95)) - 2c509cf8-45fb-4761-813c-06899a301674: new RaftServerImpl for group-5FD338926CF2:[2c509cf8-45fb-4761-813c-06899a301674:192.168.30.10:34142] with ContainerStateMachine:uninitialized
2019-09-25 07:29:57,482 [pool-57-thread-1] INFO  server.RaftServerConfigKeys (ConfUtils.java:logGet(43)) - raft.server.rpc.timeout.min = 5s (custom)
2019-09-25 07:29:57,483 [pool-57-thread-1] INFO  server.RaftServerConfigKeys (ConfUtils.java:logGet(43)) - raft.server.rpc.timeout.max = 5200ms (custom)
2019-09-25 07:29:57,483 [pool-57-thread-1] INFO  server.RaftServerConfigKeys (ConfUtils.java:logGet(43)) - raft.server.rpcslowness.timeout = 120s (custom)
2019-09-25 07:29:57,483 [pool-57-thread-1] INFO  server.RaftServerConfigKeys (ConfUtils.java:logGet(43)) - raft.server.sleep.deviation.threshold = 300 (default)
2019-09-25 07:29:57,483 [pool-57-thread-1] INFO  server.RaftServerConfigKeys (ConfUtils.java:logGet(43)) - raft.server.log.appender.install.snapshot.enabled = false (custom)
2019-09-25 07:29:57,483 [pool-57-thread-1] INFO  impl.RaftServerImpl (ServerState.java:<init>(103)) - 2c509cf8-45fb-4761-813c-06899a301674@group-5FD338926CF2: ConfigurationManager, init=-1: [2c509cf8-45fb-4761-813c-06899a301674:192.168.30.10:34142], old=null, confs=<EMPTY_MAP>
2019-09-25 07:29:57,483 [pool-57-thread-1] INFO  server.RaftServerConfigKeys (ConfUtils.java:logGet(43)) - raft.server.storage.dir = [/workdir/hadoop-ozone/tools/target/test-dir/MiniOzoneClusterImpl-e625f0dc-3f73-4bc5-9a9c-4cc4b5f58c2e/datanode-3/data/ratis] (custom)
2019-09-25 07:29:57,484 [pool-57-thread-1] INFO  storage.RaftStorageDirectory (RaftStorageDirectory.java:analyzeStorage(246)) - The storage directory /workdir/hadoop-ozone/tools/target/test-dir/MiniOzoneClusterImpl-e625f0dc-3f73-4bc5-9a9c-4cc4b5f58c2e/datanode-3/data/ratis/ce1c39f0-269f-4427-a024-5fd338926cf2 does not exist. Creating ...
2019-09-25 07:29:57,508 [pool-57-thread-1] INFO  storage.RaftStorageDirectory (RaftStorageDirectory.java:tryLock(328)) - Lock on /workdir/hadoop-ozone/tools/target/test-dir/MiniOzoneClusterImpl-e625f0dc-3f73-4bc5-9a9c-4cc4b5f58c2e/datanode-3/data/ratis/ce1c39f0-269f-4427-a024-5fd338926cf2/in_use.lock acquired by nodename 9675@pr-hdds-1569-s62bp-3040748787
2019-09-25 07:29:57,533 [pool-57-thread-1] INFO  storage.RaftStorage (RaftStorage.java:format(72)) - Storage directory /workdir/hadoop-ozone/tools/target/test-dir/MiniOzoneClusterImpl-e625f0dc-3f73-4bc5-9a9c-4cc4b5f58c2e/datanode-3/data/ratis/ce1c39f0-269f-4427-a024-5fd338926cf2 has been successfully formatted.
2019-09-25 07:29:57,536 [pool-57-thread-1] INFO  ratis.ContainerStateMachine (ContainerStateMachine.java:loadSnapshot(230)) - group-5FD338926CF2: The snapshot info is null. Setting the last applied indexto:(t:0, i:~)
2019-09-25 07:29:57,537 [pool-57-thread-1] INFO  server.RaftServerConfigKeys (ConfUtils.java:logGet(43)) - raft.server.notification.no-leader.timeout = 120s (custom)
2019-09-25 07:29:57,537 [pool-57-thread-1] INFO  server.RaftServerConfigKeys (ConfUtils.java:logGet(43)) - raft.server.log.use.memory = false (default)
2019-09-25 07:29:57,537 [pool-57-thread-1] INFO  server.RaftServerConfigKeys (ConfUtils.java:logGet(43)) - raft.server.log.purge.gap = 1000000 (custom)
2019-09-25 07:29:57,537 [pool-57-thread-1] INFO  server.RaftServerConfigKeys (ConfUtils.java:logGet(43)) - raft.server.log.appender.buffer.byte-limit = 33554432 (custom)
2019-09-25 07:29:57,537 [pool-57-thread-1] INFO  server.RaftServerConfigKeys (ConfUtils.java:logGet(43)) - raft.server.log.segment.size.max = 1048576 (custom)
2019-09-25 07:29:57,538 [pool-57-thread-1] INFO  server.RaftServerConfigKeys (ConfUtils.java:logGet(43)) - raft.server.log.segment.cache.num.max = 2 (custom)
2019-09-25 07:29:57,538 [pool-57-thread-1] INFO  segmented.SegmentedRaftLogWorker (SegmentedRaftLogWorker.java:<init>(172)) - new 2c509cf8-45fb-4761-813c-06899a301674@group-5FD338926CF2-SegmentedRaftLogWorker for RaftStorage:Storage Directory /workdir/hadoop-ozone/tools/target/test-dir/MiniOzoneClusterImpl-e625f0dc-3f73-4bc5-9a9c-4cc4b5f58c2e/datanode-3/data/ratis/ce1c39f0-269f-4427-a024-5fd338926cf2
2019-09-25 07:29:57,538 [pool-57-thread-1] INFO  server.RaftServerConfigKeys (ConfUtils.java:logGet(43)) - raft.server.log.queue.byte-limit = 2147483647 (custom)
2019-09-25 07:29:57,538 [pool-57-thread-1] INFO  server.RaftServerConfigKeys (ConfUtils.java:logGet(43)) - raft.server.log.queue.element-limit = 1024 (custom)
2019-09-25 07:29:57,538 [pool-57-thread-1] INFO  server.RaftServerConfigKeys (ConfUtils.java:logGet(43)) - raft.server.log.segment.size.max = 1048576 (custom)
2019-09-25 07:29:57,539 [pool-57-thread-1] INFO  server.RaftServerConfigKeys (ConfUtils.java:logGet(43)) - raft.server.log.preallocated.size = 16384 (custom)
2019-09-25 07:29:57,539 [pool-57-thread-1] INFO  server.RaftServerConfigKeys (ConfUtils.java:logGet(43)) - raft.server.log.write.buffer.size = 33554432 (custom)
2019-09-25 07:29:57,539 [pool-57-thread-1] INFO  server.RaftServerConfigKeys (ConfUtils.java:logGet(43)) - raft.server.log.force.sync.num = 128 (default)
2019-09-25 07:29:57,539 [pool-57-thread-1] INFO  server.RaftServerConfigKeys (ConfUtils.java:logGet(43)) - raft.server.log.statemachine.data.sync = true (default)
2019-09-25 07:29:57,539 [pool-57-thread-1] INFO  server.RaftServerConfigKeys (ConfUtils.java:logGet(43)) - raft.server.log.statemachine.data.sync.timeout = 10s (default)
2019-09-25 07:29:57,539 [pool-57-thread-1] INFO  server.RaftServerConfigKeys (ConfUtils.java:logGet(43)) - raft.server.log.statemachine.data.sync.timeout.retry = -1 (default)
2019-09-25 07:29:57,540 [pool-57-thread-1] INFO  server.RaftServerConfigKeys (ConfUtils.java:logGet(43)) - raft.server.log.statemachine.data.caching.enabled = true (custom)
2019-09-25 07:29:57,542 [pool-57-thread-1] INFO  segmented.SegmentedRaftLogWorker (SegmentedRaftLogWorker.java:lambda$new$0(132)) - 2c509cf8-45fb-4761-813c-06899a301674@group-5FD338926CF2-SegmentedRaftLogWorker: flushIndex: setUnconditionally 0 -> -1
2019-09-25 07:29:57,564 [pool-57-thread-1] INFO  server.RaftServerConfigKeys (ConfUtils.java:logGet(43)) - raft.server.snapshot.auto.trigger.enabled = true (custom)
2019-09-25 07:29:57,567 [pool-57-thread-1] INFO  server.RaftServerConfigKeys (ConfUtils.java:logGet(43)) - raft.server.snapshot.auto.trigger.threshold = 10000 (custom)
2019-09-25 07:29:57,567 [pool-57-thread-1] INFO  server.RaftServerConfigKeys (ConfUtils.java:logGet(43)) - raft.server.snapshot.retention.num.files = 5 (custom)
2019-09-25 07:29:57,568 [pool-57-thread-1] INFO  server.RaftServerConfigKeys (ConfUtils.java:logGet(43)) - raft.server.retrycache.expirytime = 600000ms (custom)
2019-09-25 07:29:57,727 [pool-57-thread-1] INFO  impl.RaftServerImpl (RaftServerImpl.java:start(185)) - 2c509cf8-45fb-4761-813c-06899a301674@group-5FD338926CF2: start as a follower, conf=-1: [2c509cf8-45fb-4761-813c-06899a301674:192.168.30.10:34142], old=null
2019-09-25 07:29:57,727 [pool-57-thread-1] INFO  impl.RaftServerImpl (RaftServerImpl.java:setRole(174)) - 2c509cf8-45fb-4761-813c-06899a301674@group-5FD338926CF2: changes role from      null to FOLLOWER at term 0 for startAsFollower
2019-09-25 07:29:57,727 [pool-57-thread-1] INFO  impl.RoleInfo (RoleInfo.java:updateAndGet(143)) - 2c509cf8-45fb-4761-813c-06899a301674: start FollowerState
2019-09-25 07:29:57,728 [pool-57-thread-1] INFO  util.JmxRegister (JmxRegister.java:tryRegister(44)) - Successfully registered JMX Bean with object name Ratis:service=RaftServer,group=group-5FD338926CF2,id=2c509cf8-45fb-4761-813c-06899a301674
2019-09-25 07:29:57,733 [RatisPipelineUtilsThread] INFO  pipeline.PipelineStateManager (PipelineStateManager.java:addPipeline(56)) - Created pipeline Pipeline[ Id: ce1c39f0-269f-4427-a024-5fd338926cf2, Nodes: 2c509cf8-45fb-4761-813c-06899a301674{ip: 192.168.30.10, host: pr-hdds-1569-s62bp-3040748787, networkLocation: /default-rack, certSerialId: null}, Type:RATIS, Factor:ONE, State:OPEN]
2019-09-25 07:29:57,734 [RatisPipelineUtilsThread] INFO  pipeline.PipelinePlacementPolicy (PipelinePlacementPolicy.java:meetCriteria(91)) - Pipeline Placement: Doesn't meet the criteria to be viable node： d8a61d6a-3767-4395-9d18-c8065c09d76e Heaviness: 6 limit: 5
2019-09-25 07:29:57,734 [RatisPipelineUtilsThread] INFO  pipeline.PipelinePlacementPolicy (PipelinePlacementPolicy.java:meetCriteria(91)) - Pipeline Placement: Doesn't meet the criteria to be viable node： d56c4ccc-443a-4cf4-ae59-75174e2c5ce7 Heaviness: 6 limit: 5
2019-09-25 07:29:57,734 [RatisPipelineUtilsThread] INFO  pipeline.PipelinePlacementPolicy (PipelinePlacementPolicy.java:meetCriteria(91)) - Pipeline Placement: Doesn't meet the criteria to be viable node： 3b163acc-90b4-4277-b760-810609058c95 Heaviness: 6 limit: 5
2019-09-25 07:29:57,744 [grpc-default-executor-0] INFO  impl.RaftServerProxy (RaftServerProxy.java:addNew(89)) - 2c509cf8-45fb-4761-813c-06899a301674: addNew group-34A72359528B:[2c509cf8-45fb-4761-813c-06899a301674:192.168.30.10:34142] returns group-34A72359528B:java.util.concurrent.CompletableFuture@50c1ee4c[Not completed]
2019-09-25 07:29:57,745 [pool-57-thread-1] INFO  impl.RaftServerImpl (RaftServerImpl.java:<init>(95)) - 2c509cf8-45fb-4761-813c-06899a301674: new RaftServerImpl for group-34A72359528B:[2c509cf8-45fb-4761-813c-06899a301674:192.168.30.10:34142] with ContainerStateMachine:uninitialized
2019-09-25 07:29:57,745 [pool-57-thread-1] INFO  server.RaftServerConfigKeys (ConfUtils.java:logGet(43)) - raft.server.rpc.timeout.min = 5s (custom)
2019-09-25 07:29:57,746 [pool-57-thread-1] INFO  server.RaftServerConfigKeys (ConfUtils.java:logGet(43)) - raft.server.rpc.timeout.max = 5200ms (custom)
2019-09-25 07:29:57,746 [pool-57-thread-1] INFO  server.RaftServerConfigKeys (ConfUtils.java:logGet(43)) - raft.server.rpcslowness.timeout = 120s (custom)
2019-09-25 07:29:57,746 [pool-57-thread-1] INFO  server.RaftServerConfigKeys (ConfUtils.java:logGet(43)) - raft.server.sleep.deviation.threshold = 300 (default)
2019-09-25 07:29:57,746 [pool-57-thread-1] INFO  server.RaftServerConfigKeys (ConfUtils.java:logGet(43)) - raft.server.log.appender.install.snapshot.enabled = false (custom)
2019-09-25 07:29:57,746 [pool-57-thread-1] INFO  impl.RaftServerImpl (ServerState.java:<init>(103)) - 2c509cf8-45fb-4761-813c-06899a301674@group-34A72359528B: ConfigurationManager, init=-1: [2c509cf8-45fb-4761-813c-06899a301674:192.168.30.10:34142], old=null, confs=<EMPTY_MAP>
2019-09-25 07:29:57,746 [pool-57-thread-1] INFO  server.RaftServerConfigKeys (ConfUtils.java:logGet(43)) - raft.server.storage.dir = [/workdir/hadoop-ozone/tools/target/test-dir/MiniOzoneClusterImpl-e625f0dc-3f73-4bc5-9a9c-4cc4b5f58c2e/datanode-3/data/ratis] (custom)
2019-09-25 07:29:57,747 [pool-57-thread-1] INFO  storage.RaftStorageDirectory (RaftStorageDirectory.java:analyzeStorage(246)) - The storage directory /workdir/hadoop-ozone/tools/target/test-dir/MiniOzoneClusterImpl-e625f0dc-3f73-4bc5-9a9c-4cc4b5f58c2e/datanode-3/data/ratis/9ab33b4a-1393-4dc3-8d7e-34a72359528b does not exist. Creating ...
2019-09-25 07:29:57,760 [pool-57-thread-1] INFO  storage.RaftStorageDirectory (RaftStorageDirectory.java:tryLock(328)) - Lock on /workdir/hadoop-ozone/tools/target/test-dir/MiniOzoneClusterImpl-e625f0dc-3f73-4bc5-9a9c-4cc4b5f58c2e/datanode-3/data/ratis/9ab33b4a-1393-4dc3-8d7e-34a72359528b/in_use.lock acquired by nodename 9675@pr-hdds-1569-s62bp-3040748787
2019-09-25 07:29:57,781 [pool-57-thread-1] INFO  storage.RaftStorage (RaftStorage.java:format(72)) - Storage directory /workdir/hadoop-ozone/tools/target/test-dir/MiniOzoneClusterImpl-e625f0dc-3f73-4bc5-9a9c-4cc4b5f58c2e/datanode-3/data/ratis/9ab33b4a-1393-4dc3-8d7e-34a72359528b has been successfully formatted.
2019-09-25 07:29:57,781 [pool-57-thread-1] INFO  ratis.ContainerStateMachine (ContainerStateMachine.java:loadSnapshot(230)) - group-34A72359528B: The snapshot info is null. Setting the last applied indexto:(t:0, i:~)
2019-09-25 07:29:57,782 [pool-57-thread-1] INFO  server.RaftServerConfigKeys (ConfUtils.java:logGet(43)) - raft.server.notification.no-leader.timeout = 120s (custom)
2019-09-25 07:29:57,782 [pool-57-thread-1] INFO  server.RaftServerConfigKeys (ConfUtils.java:logGet(43)) - raft.server.log.use.memory = false (default)
2019-09-25 07:29:57,782 [pool-57-thread-1] INFO  server.RaftServerConfigKeys (ConfUtils.java:logGet(43)) - raft.server.log.purge.gap = 1000000 (custom)
2019-09-25 07:29:57,782 [pool-57-thread-1] INFO  server.RaftServerConfigKeys (ConfUtils.java:logGet(43)) - raft.server.log.appender.buffer.byte-limit = 33554432 (custom)
2019-09-25 07:29:57,782 [pool-57-thread-1] INFO  server.RaftServerConfigKeys (ConfUtils.java:logGet(43)) - raft.server.log.segment.size.max = 1048576 (custom)
2019-09-25 07:29:57,783 [pool-57-thread-1] INFO  server.RaftServerConfigKeys (ConfUtils.java:logGet(43)) - raft.server.log.segment.cache.num.max = 2 (custom)
2019-09-25 07:29:57,783 [pool-57-thread-1] INFO  segmented.SegmentedRaftLogWorker (SegmentedRaftLogWorker.java:<init>(172)) - new 2c509cf8-45fb-4761-813c-06899a301674@group-34A72359528B-SegmentedRaftLogWorker for RaftStorage:Storage Directory /workdir/hadoop-ozone/tools/target/test-dir/MiniOzoneClusterImpl-e625f0dc-3f73-4bc5-9a9c-4cc4b5f58c2e/datanode-3/data/ratis/9ab33b4a-1393-4dc3-8d7e-34a72359528b
2019-09-25 07:29:57,783 [pool-57-thread-1] INFO  server.RaftServerConfigKeys (ConfUtils.java:logGet(43)) - raft.server.log.queue.byte-limit = 2147483647 (custom)
2019-09-25 07:29:57,783 [pool-57-thread-1] INFO  server.RaftServerConfigKeys (ConfUtils.java:logGet(43)) - raft.server.log.queue.element-limit = 1024 (custom)
2019-09-25 07:29:57,783 [pool-57-thread-1] INFO  server.RaftServerConfigKeys (ConfUtils.java:logGet(43)) - raft.server.log.segment.size.max = 1048576 (custom)
2019-09-25 07:29:57,783 [pool-57-thread-1] INFO  server.RaftServerConfigKeys (ConfUtils.java:logGet(43)) - raft.server.log.preallocated.size = 16384 (custom)
2019-09-25 07:29:57,783 [pool-57-thread-1] INFO  server.RaftServerConfigKeys (ConfUtils.java:logGet(43)) - raft.server.log.write.buffer.size = 33554432 (custom)
2019-09-25 07:29:57,784 [pool-57-thread-1] INFO  server.RaftServerConfigKeys (ConfUtils.java:logGet(43)) - raft.server.log.force.sync.num = 128 (default)
2019-09-25 07:29:57,784 [pool-57-thread-1] INFO  server.RaftServerConfigKeys (ConfUtils.java:logGet(43)) - raft.server.log.statemachine.data.sync = true (default)
2019-09-25 07:29:57,784 [pool-57-thread-1] INFO  server.RaftServerConfigKeys (ConfUtils.java:logGet(43)) - raft.server.log.statemachine.data.sync.timeout = 10s (default)
2019-09-25 07:29:57,784 [pool-57-thread-1] INFO  server.RaftServerConfigKeys (ConfUtils.java:logGet(43)) - raft.server.log.statemachine.data.sync.timeout.retry = -1 (default)
2019-09-25 07:29:57,784 [pool-57-thread-1] INFO  server.RaftServerConfigKeys (ConfUtils.java:logGet(43)) - raft.server.log.statemachine.data.caching.enabled = true (custom)
2019-09-25 07:29:57,785 [pool-57-thread-1] INFO  segmented.SegmentedRaftLogWorker (SegmentedRaftLogWorker.java:lambda$new$0(132)) - 2c509cf8-45fb-4761-813c-06899a301674@group-34A72359528B-SegmentedRaftLogWorker: flushIndex: setUnconditionally 0 -> -1
2019-09-25 07:29:57,785 [pool-57-thread-1] INFO  server.RaftServerConfigKeys (ConfUtils.java:logGet(43)) - raft.server.snapshot.auto.trigger.enabled = true (custom)
2019-09-25 07:29:57,785 [pool-57-thread-1] INFO  server.RaftServerConfigKeys (ConfUtils.java:logGet(43)) - raft.server.snapshot.auto.trigger.threshold = 10000 (custom)
2019-09-25 07:29:57,785 [pool-57-thread-1] INFO  server.RaftServerConfigKeys (ConfUtils.java:logGet(43)) - raft.server.snapshot.retention.num.files = 5 (custom)
2019-09-25 07:29:57,786 [pool-57-thread-1] INFO  server.RaftServerConfigKeys (ConfUtils.java:logGet(43)) - raft.server.retrycache.expirytime = 600000ms (custom)
2019-09-25 07:29:57,789 [pool-57-thread-1] INFO  impl.RaftServerImpl (RaftServerImpl.java:start(185)) - 2c509cf8-45fb-4761-813c-06899a301674@group-34A72359528B: start as a follower, conf=-1: [2c509cf8-45fb-4761-813c-06899a301674:192.168.30.10:34142], old=null
2019-09-25 07:29:57,789 [pool-57-thread-1] INFO  impl.RaftServerImpl (RaftServerImpl.java:setRole(174)) - 2c509cf8-45fb-4761-813c-06899a301674@group-34A72359528B: changes role from      null to FOLLOWER at term 0 for startAsFollower
2019-09-25 07:29:57,789 [pool-57-thread-1] INFO  impl.RoleInfo (RoleInfo.java:updateAndGet(143)) - 2c509cf8-45fb-4761-813c-06899a301674: start FollowerState
2019-09-25 07:29:57,790 [pool-57-thread-1] INFO  util.JmxRegister (JmxRegister.java:tryRegister(44)) - Successfully registered JMX Bean with object name Ratis:service=RaftServer,group=group-34A72359528B,id=2c509cf8-45fb-4761-813c-06899a301674
2019-09-25 07:29:57,795 [RatisPipelineUtilsThread] INFO  pipeline.PipelineStateManager (PipelineStateManager.java:addPipeline(56)) - Created pipeline Pipeline[ Id: 9ab33b4a-1393-4dc3-8d7e-34a72359528b, Nodes: 2c509cf8-45fb-4761-813c-06899a301674{ip: 192.168.30.10, host: pr-hdds-1569-s62bp-3040748787, networkLocation: /default-rack, certSerialId: null}, Type:RATIS, Factor:ONE, State:OPEN]
2019-09-25 07:29:57,795 [RatisPipelineUtilsThread] INFO  pipeline.PipelinePlacementPolicy (PipelinePlacementPolicy.java:meetCriteria(91)) - Pipeline Placement: Doesn't meet the criteria to be viable node： d8a61d6a-3767-4395-9d18-c8065c09d76e Heaviness: 6 limit: 5
2019-09-25 07:29:57,796 [RatisPipelineUtilsThread] INFO  pipeline.PipelinePlacementPolicy (PipelinePlacementPolicy.java:meetCriteria(91)) - Pipeline Placement: Doesn't meet the criteria to be viable node： d56c4ccc-443a-4cf4-ae59-75174e2c5ce7 Heaviness: 6 limit: 5
2019-09-25 07:29:57,796 [RatisPipelineUtilsThread] INFO  pipeline.PipelinePlacementPolicy (PipelinePlacementPolicy.java:meetCriteria(91)) - Pipeline Placement: Doesn't meet the criteria to be viable node： 3b163acc-90b4-4277-b760-810609058c95 Heaviness: 6 limit: 5
2019-09-25 07:29:57,813 [grpc-default-executor-0] INFO  impl.RaftServerProxy (RaftServerProxy.java:addNew(89)) - cd2c40c8-d07b-4b9d-aa49-bfe6dbbda9a0: addNew group-38C8B707847E:[cd2c40c8-d07b-4b9d-aa49-bfe6dbbda9a0:192.168.30.10:35976] returns group-38C8B707847E:java.util.concurrent.CompletableFuture@3a8f6fd8[Not completed]
2019-09-25 07:29:57,814 [pool-67-thread-1] INFO  impl.RaftServerImpl (RaftServerImpl.java:<init>(95)) - cd2c40c8-d07b-4b9d-aa49-bfe6dbbda9a0: new RaftServerImpl for group-38C8B707847E:[cd2c40c8-d07b-4b9d-aa49-bfe6dbbda9a0:192.168.30.10:35976] with ContainerStateMachine:uninitialized
2019-09-25 07:29:57,815 [pool-67-thread-1] INFO  server.RaftServerConfigKeys (ConfUtils.java:logGet(43)) - raft.server.rpc.timeout.min = 5s (custom)
2019-09-25 07:29:57,815 [pool-67-thread-1] INFO  server.RaftServerConfigKeys (ConfUtils.java:logGet(43)) - raft.server.rpc.timeout.max = 5200ms (custom)
2019-09-25 07:29:57,815 [pool-67-thread-1] INFO  server.RaftServerConfigKeys (ConfUtils.java:logGet(43)) - raft.server.rpcslowness.timeout = 120s (custom)
2019-09-25 07:29:57,815 [pool-67-thread-1] INFO  server.RaftServerConfigKeys (ConfUtils.java:logGet(43)) - raft.server.sleep.deviation.threshold = 300 (default)
2019-09-25 07:29:57,815 [pool-67-thread-1] INFO  server.RaftServerConfigKeys (ConfUtils.java:logGet(43)) - raft.server.log.appender.install.snapshot.enabled = false (custom)
2019-09-25 07:29:57,815 [pool-67-thread-1] INFO  impl.RaftServerImpl (ServerState.java:<init>(103)) - cd2c40c8-d07b-4b9d-aa49-bfe6dbbda9a0@group-38C8B707847E: ConfigurationManager, init=-1: [cd2c40c8-d07b-4b9d-aa49-bfe6dbbda9a0:192.168.30.10:35976], old=null, confs=<EMPTY_MAP>
2019-09-25 07:29:57,815 [pool-67-thread-1] INFO  server.RaftServerConfigKeys (ConfUtils.java:logGet(43)) - raft.server.storage.dir = [/workdir/hadoop-ozone/tools/target/test-dir/MiniOzoneClusterImpl-e625f0dc-3f73-4bc5-9a9c-4cc4b5f58c2e/datanode-4/data/ratis] (custom)
2019-09-25 07:29:57,816 [pool-67-thread-1] INFO  storage.RaftStorageDirectory (RaftStorageDirectory.java:analyzeStorage(246)) - The storage directory /workdir/hadoop-ozone/tools/target/test-dir/MiniOzoneClusterImpl-e625f0dc-3f73-4bc5-9a9c-4cc4b5f58c2e/datanode-4/data/ratis/0b1b7414-d2d4-494c-b3dd-38c8b707847e does not exist. Creating ...
2019-09-25 07:29:57,828 [pool-67-thread-1] INFO  storage.RaftStorageDirectory (RaftStorageDirectory.java:tryLock(328)) - Lock on /workdir/hadoop-ozone/tools/target/test-dir/MiniOzoneClusterImpl-e625f0dc-3f73-4bc5-9a9c-4cc4b5f58c2e/datanode-4/data/ratis/0b1b7414-d2d4-494c-b3dd-38c8b707847e/in_use.lock acquired by nodename 9675@pr-hdds-1569-s62bp-3040748787
2019-09-25 07:29:57,841 [pool-67-thread-1] INFO  storage.RaftStorage (RaftStorage.java:format(72)) - Storage directory /workdir/hadoop-ozone/tools/target/test-dir/MiniOzoneClusterImpl-e625f0dc-3f73-4bc5-9a9c-4cc4b5f58c2e/datanode-4/data/ratis/0b1b7414-d2d4-494c-b3dd-38c8b707847e has been successfully formatted.
2019-09-25 07:29:57,841 [pool-67-thread-1] INFO  ratis.ContainerStateMachine (ContainerStateMachine.java:loadSnapshot(230)) - group-38C8B707847E: The snapshot info is null. Setting the last applied indexto:(t:0, i:~)
2019-09-25 07:29:57,842 [pool-67-thread-1] INFO  server.RaftServerConfigKeys (ConfUtils.java:logGet(43)) - raft.server.notification.no-leader.timeout = 120s (custom)
2019-09-25 07:29:57,842 [pool-67-thread-1] INFO  server.RaftServerConfigKeys (ConfUtils.java:logGet(43)) - raft.server.log.use.memory = false (default)
2019-09-25 07:29:57,842 [pool-67-thread-1] INFO  server.RaftServerConfigKeys (ConfUtils.java:logGet(43)) - raft.server.log.purge.gap = 1000000 (custom)
2019-09-25 07:29:57,842 [pool-67-thread-1] INFO  server.RaftServerConfigKeys (ConfUtils.java:logGet(43)) - raft.server.log.appender.buffer.byte-limit = 33554432 (custom)
2019-09-25 07:29:57,842 [pool-67-thread-1] INFO  server.RaftServerConfigKeys (ConfUtils.java:logGet(43)) - raft.server.log.segment.size.max = 1048576 (custom)
2019-09-25 07:29:57,842 [pool-67-thread-1] INFO  server.RaftServerConfigKeys (ConfUtils.java:logGet(43)) - raft.server.log.segment.cache.num.max = 2 (custom)
2019-09-25 07:29:57,842 [pool-67-thread-1] INFO  segmented.SegmentedRaftLogWorker (SegmentedRaftLogWorker.java:<init>(172)) - new cd2c40c8-d07b-4b9d-aa49-bfe6dbbda9a0@group-38C8B707847E-SegmentedRaftLogWorker for RaftStorage:Storage Directory /workdir/hadoop-ozone/tools/target/test-dir/MiniOzoneClusterImpl-e625f0dc-3f73-4bc5-9a9c-4cc4b5f58c2e/datanode-4/data/ratis/0b1b7414-d2d4-494c-b3dd-38c8b707847e
2019-09-25 07:29:57,842 [pool-67-thread-1] INFO  server.RaftServerConfigKeys (ConfUtils.java:logGet(43)) - raft.server.log.queue.byte-limit = 2147483647 (custom)
2019-09-25 07:29:57,842 [pool-67-thread-1] INFO  server.RaftServerConfigKeys (ConfUtils.java:logGet(43)) - raft.server.log.queue.element-limit = 1024 (custom)
2019-09-25 07:29:57,843 [pool-67-thread-1] INFO  server.RaftServerConfigKeys (ConfUtils.java:logGet(43)) - raft.server.log.segment.size.max = 1048576 (custom)
2019-09-25 07:29:57,843 [pool-67-thread-1] INFO  server.RaftServerConfigKeys (ConfUtils.java:logGet(43)) - raft.server.log.preallocated.size = 16384 (custom)
2019-09-25 07:29:57,843 [pool-67-thread-1] INFO  server.RaftServerConfigKeys (ConfUtils.java:logGet(43)) - raft.server.log.write.buffer.size = 33554432 (custom)
2019-09-25 07:29:57,843 [pool-67-thread-1] INFO  server.RaftServerConfigKeys (ConfUtils.java:logGet(43)) - raft.server.log.force.sync.num = 128 (default)
2019-09-25 07:29:57,843 [pool-67-thread-1] INFO  server.RaftServerConfigKeys (ConfUtils.java:logGet(43)) - raft.server.log.statemachine.data.sync = true (default)
2019-09-25 07:29:57,843 [pool-67-thread-1] INFO  server.RaftServerConfigKeys (ConfUtils.java:logGet(43)) - raft.server.log.statemachine.data.sync.timeout = 10s (default)
2019-09-25 07:29:57,843 [pool-67-thread-1] INFO  server.RaftServerConfigKeys (ConfUtils.java:logGet(43)) - raft.server.log.statemachine.data.sync.timeout.retry = -1 (default)
2019-09-25 07:29:57,843 [pool-67-thread-1] INFO  server.RaftServerConfigKeys (ConfUtils.java:logGet(43)) - raft.server.log.statemachine.data.caching.enabled = true (custom)
2019-09-25 07:29:57,844 [pool-67-thread-1] INFO  segmented.SegmentedRaftLogWorker (SegmentedRaftLogWorker.java:lambda$new$0(132)) - cd2c40c8-d07b-4b9d-aa49-bfe6dbbda9a0@group-38C8B707847E-SegmentedRaftLogWorker: flushIndex: setUnconditionally 0 -> -1
2019-09-25 07:29:57,844 [pool-67-thread-1] INFO  server.RaftServerConfigKeys (ConfUtils.java:logGet(43)) - raft.server.snapshot.auto.trigger.enabled = true (custom)
2019-09-25 07:29:57,844 [pool-67-thread-1] INFO  server.RaftServerConfigKeys (ConfUtils.java:logGet(43)) - raft.server.snapshot.auto.trigger.threshold = 10000 (custom)
2019-09-25 07:29:57,844 [pool-67-thread-1] INFO  server.RaftServerConfigKeys (ConfUtils.java:logGet(43)) - raft.server.snapshot.retention.num.files = 5 (custom)
2019-09-25 07:29:57,844 [pool-67-thread-1] INFO  server.RaftServerConfigKeys (ConfUtils.java:logGet(43)) - raft.server.retrycache.expirytime = 600000ms (custom)
2019-09-25 07:29:57,847 [pool-67-thread-1] INFO  impl.RaftServerImpl (RaftServerImpl.java:start(185)) - cd2c40c8-d07b-4b9d-aa49-bfe6dbbda9a0@group-38C8B707847E: start as a follower, conf=-1: [cd2c40c8-d07b-4b9d-aa49-bfe6dbbda9a0:192.168.30.10:35976], old=null
2019-09-25 07:29:57,847 [pool-67-thread-1] INFO  impl.RaftServerImpl (RaftServerImpl.java:setRole(174)) - cd2c40c8-d07b-4b9d-aa49-bfe6dbbda9a0@group-38C8B707847E: changes role from      null to FOLLOWER at term 0 for startAsFollower
2019-09-25 07:29:57,847 [pool-67-thread-1] INFO  impl.RoleInfo (RoleInfo.java:updateAndGet(143)) - cd2c40c8-d07b-4b9d-aa49-bfe6dbbda9a0: start FollowerState
2019-09-25 07:29:57,847 [pool-67-thread-1] INFO  util.JmxRegister (JmxRegister.java:tryRegister(44)) - Successfully registered JMX Bean with object name Ratis:service=RaftServer,group=group-38C8B707847E,id=cd2c40c8-d07b-4b9d-aa49-bfe6dbbda9a0
2019-09-25 07:29:57,852 [RatisPipelineUtilsThread] INFO  pipeline.PipelineStateManager (PipelineStateManager.java:addPipeline(56)) - Created pipeline Pipeline[ Id: 0b1b7414-d2d4-494c-b3dd-38c8b707847e, Nodes: cd2c40c8-d07b-4b9d-aa49-bfe6dbbda9a0{ip: 192.168.30.10, host: pr-hdds-1569-s62bp-3040748787, networkLocation: /default-rack, certSerialId: null}, Type:RATIS, Factor:ONE, State:OPEN]
2019-09-25 07:29:57,852 [RatisPipelineUtilsThread] INFO  pipeline.PipelinePlacementPolicy (PipelinePlacementPolicy.java:meetCriteria(91)) - Pipeline Placement: Doesn't meet the criteria to be viable node： d8a61d6a-3767-4395-9d18-c8065c09d76e Heaviness: 6 limit: 5
2019-09-25 07:29:57,852 [RatisPipelineUtilsThread] INFO  pipeline.PipelinePlacementPolicy (PipelinePlacementPolicy.java:meetCriteria(91)) - Pipeline Placement: Doesn't meet the criteria to be viable node： d56c4ccc-443a-4cf4-ae59-75174e2c5ce7 Heaviness: 6 limit: 5
2019-09-25 07:29:57,852 [RatisPipelineUtilsThread] INFO  pipeline.PipelinePlacementPolicy (PipelinePlacementPolicy.java:meetCriteria(91)) - Pipeline Placement: Doesn't meet the criteria to be viable node： 3b163acc-90b4-4277-b760-810609058c95 Heaviness: 6 limit: 5
2019-09-25 07:29:57,861 [grpc-default-executor-0] INFO  impl.RaftServerProxy (RaftServerProxy.java:addNew(89)) - cd2c40c8-d07b-4b9d-aa49-bfe6dbbda9a0: addNew group-F379E4D0C6E0:[cd2c40c8-d07b-4b9d-aa49-bfe6dbbda9a0:192.168.30.10:35976] returns group-F379E4D0C6E0:java.util.concurrent.CompletableFuture@73287621[Not completed]
2019-09-25 07:29:57,863 [pool-67-thread-1] INFO  impl.RaftServerImpl (RaftServerImpl.java:<init>(95)) - cd2c40c8-d07b-4b9d-aa49-bfe6dbbda9a0: new RaftServerImpl for group-F379E4D0C6E0:[cd2c40c8-d07b-4b9d-aa49-bfe6dbbda9a0:192.168.30.10:35976] with ContainerStateMachine:uninitialized
2019-09-25 07:29:57,863 [pool-67-thread-1] INFO  server.RaftServerConfigKeys (ConfUtils.java:logGet(43)) - raft.server.rpc.timeout.min = 5s (custom)
2019-09-25 07:29:57,863 [pool-67-thread-1] INFO  server.RaftServerConfigKeys (ConfUtils.java:logGet(43)) - raft.server.rpc.timeout.max = 5200ms (custom)
2019-09-25 07:29:57,863 [pool-67-thread-1] INFO  server.RaftServerConfigKeys (ConfUtils.java:logGet(43)) - raft.server.rpcslowness.timeout = 120s (custom)
2019-09-25 07:29:57,863 [pool-67-thread-1] INFO  server.RaftServerConfigKeys (ConfUtils.java:logGet(43)) - raft.server.sleep.deviation.threshold = 300 (default)
2019-09-25 07:29:57,863 [pool-67-thread-1] INFO  server.RaftServerConfigKeys (ConfUtils.java:logGet(43)) - raft.server.log.appender.install.snapshot.enabled = false (custom)
2019-09-25 07:29:57,863 [pool-67-thread-1] INFO  impl.RaftServerImpl (ServerState.java:<init>(103)) - cd2c40c8-d07b-4b9d-aa49-bfe6dbbda9a0@group-F379E4D0C6E0: ConfigurationManager, init=-1: [cd2c40c8-d07b-4b9d-aa49-bfe6dbbda9a0:192.168.30.10:35976], old=null, confs=<EMPTY_MAP>
2019-09-25 07:29:57,864 [pool-67-thread-1] INFO  server.RaftServerConfigKeys (ConfUtils.java:logGet(43)) - raft.server.storage.dir = [/workdir/hadoop-ozone/tools/target/test-dir/MiniOzoneClusterImpl-e625f0dc-3f73-4bc5-9a9c-4cc4b5f58c2e/datanode-4/data/ratis] (custom)
2019-09-25 07:29:57,864 [pool-67-thread-1] INFO  storage.RaftStorageDirectory (RaftStorageDirectory.java:analyzeStorage(246)) - The storage directory /workdir/hadoop-ozone/tools/target/test-dir/MiniOzoneClusterImpl-e625f0dc-3f73-4bc5-9a9c-4cc4b5f58c2e/datanode-4/data/ratis/563e6d8d-ee34-4a77-999e-f379e4d0c6e0 does not exist. Creating ...
2019-09-25 07:29:57,879 [pool-67-thread-1] INFO  storage.RaftStorageDirectory (RaftStorageDirectory.java:tryLock(328)) - Lock on /workdir/hadoop-ozone/tools/target/test-dir/MiniOzoneClusterImpl-e625f0dc-3f73-4bc5-9a9c-4cc4b5f58c2e/datanode-4/data/ratis/563e6d8d-ee34-4a77-999e-f379e4d0c6e0/in_use.lock acquired by nodename 9675@pr-hdds-1569-s62bp-3040748787
2019-09-25 07:29:57,892 [pool-67-thread-1] INFO  storage.RaftStorage (RaftStorage.java:format(72)) - Storage directory /workdir/hadoop-ozone/tools/target/test-dir/MiniOzoneClusterImpl-e625f0dc-3f73-4bc5-9a9c-4cc4b5f58c2e/datanode-4/data/ratis/563e6d8d-ee34-4a77-999e-f379e4d0c6e0 has been successfully formatted.
2019-09-25 07:29:57,893 [pool-67-thread-1] INFO  ratis.ContainerStateMachine (ContainerStateMachine.java:loadSnapshot(230)) - group-F379E4D0C6E0: The snapshot info is null. Setting the last applied indexto:(t:0, i:~)
2019-09-25 07:29:57,893 [pool-67-thread-1] INFO  server.RaftServerConfigKeys (ConfUtils.java:logGet(43)) - raft.server.notification.no-leader.timeout = 120s (custom)
2019-09-25 07:29:57,893 [pool-67-thread-1] INFO  server.RaftServerConfigKeys (ConfUtils.java:logGet(43)) - raft.server.log.use.memory = false (default)
2019-09-25 07:29:57,893 [pool-67-thread-1] INFO  server.RaftServerConfigKeys (ConfUtils.java:logGet(43)) - raft.server.log.purge.gap = 1000000 (custom)
2019-09-25 07:29:57,893 [pool-67-thread-1] INFO  server.RaftServerConfigKeys (ConfUtils.java:logGet(43)) - raft.server.log.appender.buffer.byte-limit = 33554432 (custom)
2019-09-25 07:29:57,893 [pool-67-thread-1] INFO  server.RaftServerConfigKeys (ConfUtils.java:logGet(43)) - raft.server.log.segment.size.max = 1048576 (custom)
2019-09-25 07:29:57,894 [pool-67-thread-1] INFO  server.RaftServerConfigKeys (ConfUtils.java:logGet(43)) - raft.server.log.segment.cache.num.max = 2 (custom)
2019-09-25 07:29:57,894 [pool-67-thread-1] INFO  segmented.SegmentedRaftLogWorker (SegmentedRaftLogWorker.java:<init>(172)) - new cd2c40c8-d07b-4b9d-aa49-bfe6dbbda9a0@group-F379E4D0C6E0-SegmentedRaftLogWorker for RaftStorage:Storage Directory /workdir/hadoop-ozone/tools/target/test-dir/MiniOzoneClusterImpl-e625f0dc-3f73-4bc5-9a9c-4cc4b5f58c2e/datanode-4/data/ratis/563e6d8d-ee34-4a77-999e-f379e4d0c6e0
2019-09-25 07:29:57,894 [pool-67-thread-1] INFO  server.RaftServerConfigKeys (ConfUtils.java:logGet(43)) - raft.server.log.queue.byte-limit = 2147483647 (custom)
2019-09-25 07:29:57,894 [pool-67-thread-1] INFO  server.RaftServerConfigKeys (ConfUtils.java:logGet(43)) - raft.server.log.queue.element-limit = 1024 (custom)
2019-09-25 07:29:57,894 [pool-67-thread-1] INFO  server.RaftServerConfigKeys (ConfUtils.java:logGet(43)) - raft.server.log.segment.size.max = 1048576 (custom)
2019-09-25 07:29:57,894 [pool-67-thread-1] INFO  server.RaftServerConfigKeys (ConfUtils.java:logGet(43)) - raft.server.log.preallocated.size = 16384 (custom)
2019-09-25 07:29:57,894 [pool-67-thread-1] INFO  server.RaftServerConfigKeys (ConfUtils.java:logGet(43)) - raft.server.log.write.buffer.size = 33554432 (custom)
2019-09-25 07:29:57,895 [pool-67-thread-1] INFO  server.RaftServerConfigKeys (ConfUtils.java:logGet(43)) - raft.server.log.force.sync.num = 128 (default)
2019-09-25 07:29:57,895 [pool-67-thread-1] INFO  server.RaftServerConfigKeys (ConfUtils.java:logGet(43)) - raft.server.log.statemachine.data.sync = true (default)
2019-09-25 07:29:57,895 [pool-67-thread-1] INFO  server.RaftServerConfigKeys (ConfUtils.java:logGet(43)) - raft.server.log.statemachine.data.sync.timeout = 10s (default)
2019-09-25 07:29:57,895 [pool-67-thread-1] INFO  server.RaftServerConfigKeys (ConfUtils.java:logGet(43)) - raft.server.log.statemachine.data.sync.timeout.retry = -1 (default)
2019-09-25 07:29:57,895 [pool-67-thread-1] INFO  server.RaftServerConfigKeys (ConfUtils.java:logGet(43)) - raft.server.log.statemachine.data.caching.enabled = true (custom)
2019-09-25 07:29:57,896 [pool-67-thread-1] INFO  segmented.SegmentedRaftLogWorker (SegmentedRaftLogWorker.java:lambda$new$0(132)) - cd2c40c8-d07b-4b9d-aa49-bfe6dbbda9a0@group-F379E4D0C6E0-SegmentedRaftLogWorker: flushIndex: setUnconditionally 0 -> -1
2019-09-25 07:29:57,896 [pool-67-thread-1] INFO  server.RaftServerConfigKeys (ConfUtils.java:logGet(43)) - raft.server.snapshot.auto.trigger.enabled = true (custom)
2019-09-25 07:29:57,896 [pool-67-thread-1] INFO  server.RaftServerConfigKeys (ConfUtils.java:logGet(43)) - raft.server.snapshot.auto.trigger.threshold = 10000 (custom)
2019-09-25 07:29:57,896 [pool-67-thread-1] INFO  server.RaftServerConfigKeys (ConfUtils.java:logGet(43)) - raft.server.snapshot.retention.num.files = 5 (custom)
2019-09-25 07:29:57,897 [pool-67-thread-1] INFO  server.RaftServerConfigKeys (ConfUtils.java:logGet(43)) - raft.server.retrycache.expirytime = 600000ms (custom)
2019-09-25 07:29:57,900 [pool-67-thread-1] INFO  impl.RaftServerImpl (RaftServerImpl.java:start(185)) - cd2c40c8-d07b-4b9d-aa49-bfe6dbbda9a0@group-F379E4D0C6E0: start as a follower, conf=-1: [cd2c40c8-d07b-4b9d-aa49-bfe6dbbda9a0:192.168.30.10:35976], old=null
2019-09-25 07:29:57,900 [pool-67-thread-1] INFO  impl.RaftServerImpl (RaftServerImpl.java:setRole(174)) - cd2c40c8-d07b-4b9d-aa49-bfe6dbbda9a0@group-F379E4D0C6E0: changes role from      null to FOLLOWER at term 0 for startAsFollower
2019-09-25 07:29:57,900 [pool-67-thread-1] INFO  impl.RoleInfo (RoleInfo.java:updateAndGet(143)) - cd2c40c8-d07b-4b9d-aa49-bfe6dbbda9a0: start FollowerState
2019-09-25 07:29:57,900 [pool-67-thread-1] INFO  util.JmxRegister (JmxRegister.java:tryRegister(44)) - Successfully registered JMX Bean with object name Ratis:service=RaftServer,group=group-F379E4D0C6E0,id=cd2c40c8-d07b-4b9d-aa49-bfe6dbbda9a0
2019-09-25 07:29:57,905 [RatisPipelineUtilsThread] INFO  pipeline.PipelineStateManager (PipelineStateManager.java:addPipeline(56)) - Created pipeline Pipeline[ Id: 563e6d8d-ee34-4a77-999e-f379e4d0c6e0, Nodes: cd2c40c8-d07b-4b9d-aa49-bfe6dbbda9a0{ip: 192.168.30.10, host: pr-hdds-1569-s62bp-3040748787, networkLocation: /default-rack, certSerialId: null}, Type:RATIS, Factor:ONE, State:OPEN]
2019-09-25 07:29:57,906 [RatisPipelineUtilsThread] INFO  pipeline.PipelinePlacementPolicy (PipelinePlacementPolicy.java:meetCriteria(91)) - Pipeline Placement: Doesn't meet the criteria to be viable node： d8a61d6a-3767-4395-9d18-c8065c09d76e Heaviness: 6 limit: 5
2019-09-25 07:29:57,906 [RatisPipelineUtilsThread] INFO  pipeline.PipelinePlacementPolicy (PipelinePlacementPolicy.java:meetCriteria(91)) - Pipeline Placement: Doesn't meet the criteria to be viable node： d56c4ccc-443a-4cf4-ae59-75174e2c5ce7 Heaviness: 6 limit: 5
2019-09-25 07:29:57,906 [RatisPipelineUtilsThread] INFO  pipeline.PipelinePlacementPolicy (PipelinePlacementPolicy.java:meetCriteria(91)) - Pipeline Placement: Doesn't meet the criteria to be viable node： 3b163acc-90b4-4277-b760-810609058c95 Heaviness: 6 limit: 5
2019-09-25 07:29:57,915 [grpc-default-executor-0] INFO  impl.RaftServerProxy (RaftServerProxy.java:addNew(89)) - 2c509cf8-45fb-4761-813c-06899a301674: addNew group-2B3F1509D21A:[2c509cf8-45fb-4761-813c-06899a301674:192.168.30.10:34142] returns group-2B3F1509D21A:java.util.concurrent.CompletableFuture@515b6cfb[Not completed]
2019-09-25 07:29:57,917 [pool-57-thread-1] INFO  impl.RaftServerImpl (RaftServerImpl.java:<init>(95)) - 2c509cf8-45fb-4761-813c-06899a301674: new RaftServerImpl for group-2B3F1509D21A:[2c509cf8-45fb-4761-813c-06899a301674:192.168.30.10:34142] with ContainerStateMachine:uninitialized
2019-09-25 07:29:57,917 [pool-57-thread-1] INFO  server.RaftServerConfigKeys (ConfUtils.java:logGet(43)) - raft.server.rpc.timeout.min = 5s (custom)
2019-09-25 07:29:57,917 [pool-57-thread-1] INFO  server.RaftServerConfigKeys (ConfUtils.java:logGet(43)) - raft.server.rpc.timeout.max = 5200ms (custom)
2019-09-25 07:29:57,917 [pool-57-thread-1] INFO  server.RaftServerConfigKeys (ConfUtils.java:logGet(43)) - raft.server.rpcslowness.timeout = 120s (custom)
2019-09-25 07:29:57,917 [pool-57-thread-1] INFO  server.RaftServerConfigKeys (ConfUtils.java:logGet(43)) - raft.server.sleep.deviation.threshold = 300 (default)
2019-09-25 07:29:57,917 [pool-57-thread-1] INFO  server.RaftServerConfigKeys (ConfUtils.java:logGet(43)) - raft.server.log.appender.install.snapshot.enabled = false (custom)
2019-09-25 07:29:57,918 [pool-57-thread-1] INFO  impl.RaftServerImpl (ServerState.java:<init>(103)) - 2c509cf8-45fb-4761-813c-06899a301674@group-2B3F1509D21A: ConfigurationManager, init=-1: [2c509cf8-45fb-4761-813c-06899a301674:192.168.30.10:34142], old=null, confs=<EMPTY_MAP>
2019-09-25 07:29:57,918 [pool-57-thread-1] INFO  server.RaftServerConfigKeys (ConfUtils.java:logGet(43)) - raft.server.storage.dir = [/workdir/hadoop-ozone/tools/target/test-dir/MiniOzoneClusterImpl-e625f0dc-3f73-4bc5-9a9c-4cc4b5f58c2e/datanode-3/data/ratis] (custom)
2019-09-25 07:29:57,918 [pool-57-thread-1] INFO  storage.RaftStorageDirectory (RaftStorageDirectory.java:analyzeStorage(246)) - The storage directory /workdir/hadoop-ozone/tools/target/test-dir/MiniOzoneClusterImpl-e625f0dc-3f73-4bc5-9a9c-4cc4b5f58c2e/datanode-3/data/ratis/e35f8102-48e9-4945-a842-2b3f1509d21a does not exist. Creating ...
2019-09-25 07:29:57,931 [pool-57-thread-1] INFO  storage.RaftStorageDirectory (RaftStorageDirectory.java:tryLock(328)) - Lock on /workdir/hadoop-ozone/tools/target/test-dir/MiniOzoneClusterImpl-e625f0dc-3f73-4bc5-9a9c-4cc4b5f58c2e/datanode-3/data/ratis/e35f8102-48e9-4945-a842-2b3f1509d21a/in_use.lock acquired by nodename 9675@pr-hdds-1569-s62bp-3040748787
2019-09-25 07:29:57,944 [pool-57-thread-1] INFO  storage.RaftStorage (RaftStorage.java:format(72)) - Storage directory /workdir/hadoop-ozone/tools/target/test-dir/MiniOzoneClusterImpl-e625f0dc-3f73-4bc5-9a9c-4cc4b5f58c2e/datanode-3/data/ratis/e35f8102-48e9-4945-a842-2b3f1509d21a has been successfully formatted.
2019-09-25 07:29:57,944 [pool-57-thread-1] INFO  ratis.ContainerStateMachine (ContainerStateMachine.java:loadSnapshot(230)) - group-2B3F1509D21A: The snapshot info is null. Setting the last applied indexto:(t:0, i:~)
2019-09-25 07:29:57,944 [pool-57-thread-1] INFO  server.RaftServerConfigKeys (ConfUtils.java:logGet(43)) - raft.server.notification.no-leader.timeout = 120s (custom)
2019-09-25 07:29:57,945 [pool-57-thread-1] INFO  server.RaftServerConfigKeys (ConfUtils.java:logGet(43)) - raft.server.log.use.memory = false (default)
2019-09-25 07:29:57,945 [pool-57-thread-1] INFO  server.RaftServerConfigKeys (ConfUtils.java:logGet(43)) - raft.server.log.purge.gap = 1000000 (custom)
2019-09-25 07:29:57,945 [pool-57-thread-1] INFO  server.RaftServerConfigKeys (ConfUtils.java:logGet(43)) - raft.server.log.appender.buffer.byte-limit = 33554432 (custom)
2019-09-25 07:29:57,945 [pool-57-thread-1] INFO  server.RaftServerConfigKeys (ConfUtils.java:logGet(43)) - raft.server.log.segment.size.max = 1048576 (custom)
2019-09-25 07:29:57,945 [pool-57-thread-1] INFO  server.RaftServerConfigKeys (ConfUtils.java:logGet(43)) - raft.server.log.segment.cache.num.max = 2 (custom)
2019-09-25 07:29:57,945 [pool-57-thread-1] INFO  segmented.SegmentedRaftLogWorker (SegmentedRaftLogWorker.java:<init>(172)) - new 2c509cf8-45fb-4761-813c-06899a301674@group-2B3F1509D21A-SegmentedRaftLogWorker for RaftStorage:Storage Directory /workdir/hadoop-ozone/tools/target/test-dir/MiniOzoneClusterImpl-e625f0dc-3f73-4bc5-9a9c-4cc4b5f58c2e/datanode-3/data/ratis/e35f8102-48e9-4945-a842-2b3f1509d21a
2019-09-25 07:29:57,945 [pool-57-thread-1] INFO  server.RaftServerConfigKeys (ConfUtils.java:logGet(43)) - raft.server.log.queue.byte-limit = 2147483647 (custom)
2019-09-25 07:29:57,945 [pool-57-thread-1] INFO  server.RaftServerConfigKeys (ConfUtils.java:logGet(43)) - raft.server.log.queue.element-limit = 1024 (custom)
2019-09-25 07:29:57,946 [pool-57-thread-1] INFO  server.RaftServerConfigKeys (ConfUtils.java:logGet(43)) - raft.server.log.segment.size.max = 1048576 (custom)
2019-09-25 07:29:57,946 [pool-57-thread-1] INFO  server.RaftServerConfigKeys (ConfUtils.java:logGet(43)) - raft.server.log.preallocated.size = 16384 (custom)
2019-09-25 07:29:57,946 [pool-57-thread-1] INFO  server.RaftServerConfigKeys (ConfUtils.java:logGet(43)) - raft.server.log.write.buffer.size = 33554432 (custom)
2019-09-25 07:29:57,946 [pool-57-thread-1] INFO  server.RaftServerConfigKeys (ConfUtils.java:logGet(43)) - raft.server.log.force.sync.num = 128 (default)
2019-09-25 07:29:57,946 [pool-57-thread-1] INFO  server.RaftServerConfigKeys (ConfUtils.java:logGet(43)) - raft.server.log.statemachine.data.sync = true (default)
2019-09-25 07:29:57,946 [pool-57-thread-1] INFO  server.RaftServerConfigKeys (ConfUtils.java:logGet(43)) - raft.server.log.statemachine.data.sync.timeout = 10s (default)
2019-09-25 07:29:57,946 [pool-57-thread-1] INFO  server.RaftServerConfigKeys (ConfUtils.java:logGet(43)) - raft.server.log.statemachine.data.sync.timeout.retry = -1 (default)
2019-09-25 07:29:57,947 [pool-57-thread-1] INFO  server.RaftServerConfigKeys (ConfUtils.java:logGet(43)) - raft.server.log.statemachine.data.caching.enabled = true (custom)
2019-09-25 07:29:57,947 [pool-57-thread-1] INFO  segmented.SegmentedRaftLogWorker (SegmentedRaftLogWorker.java:lambda$new$0(132)) - 2c509cf8-45fb-4761-813c-06899a301674@group-2B3F1509D21A-SegmentedRaftLogWorker: flushIndex: setUnconditionally 0 -> -1
2019-09-25 07:29:57,947 [pool-57-thread-1] INFO  server.RaftServerConfigKeys (ConfUtils.java:logGet(43)) - raft.server.snapshot.auto.trigger.enabled = true (custom)
2019-09-25 07:29:57,947 [pool-57-thread-1] INFO  server.RaftServerConfigKeys (ConfUtils.java:logGet(43)) - raft.server.snapshot.auto.trigger.threshold = 10000 (custom)
2019-09-25 07:29:57,947 [pool-57-thread-1] INFO  server.RaftServerConfigKeys (ConfUtils.java:logGet(43)) - raft.server.snapshot.retention.num.files = 5 (custom)
2019-09-25 07:29:57,948 [pool-57-thread-1] INFO  server.RaftServerConfigKeys (ConfUtils.java:logGet(43)) - raft.server.retrycache.expirytime = 600000ms (custom)
2019-09-25 07:29:57,950 [pool-57-thread-1] INFO  impl.RaftServerImpl (RaftServerImpl.java:start(185)) - 2c509cf8-45fb-4761-813c-06899a301674@group-2B3F1509D21A: start as a follower, conf=-1: [2c509cf8-45fb-4761-813c-06899a301674:192.168.30.10:34142], old=null
2019-09-25 07:29:57,950 [pool-57-thread-1] INFO  impl.RaftServerImpl (RaftServerImpl.java:setRole(174)) - 2c509cf8-45fb-4761-813c-06899a301674@group-2B3F1509D21A: changes role from      null to FOLLOWER at term 0 for startAsFollower
2019-09-25 07:29:57,950 [pool-57-thread-1] INFO  impl.RoleInfo (RoleInfo.java:updateAndGet(143)) - 2c509cf8-45fb-4761-813c-06899a301674: start FollowerState
2019-09-25 07:29:57,951 [pool-57-thread-1] INFO  util.JmxRegister (JmxRegister.java:tryRegister(44)) - Successfully registered JMX Bean with object name Ratis:service=RaftServer,group=group-2B3F1509D21A,id=2c509cf8-45fb-4761-813c-06899a301674
2019-09-25 07:29:57,956 [RatisPipelineUtilsThread] INFO  pipeline.PipelineStateManager (PipelineStateManager.java:addPipeline(56)) - Created pipeline Pipeline[ Id: e35f8102-48e9-4945-a842-2b3f1509d21a, Nodes: 2c509cf8-45fb-4761-813c-06899a301674{ip: 192.168.30.10, host: pr-hdds-1569-s62bp-3040748787, networkLocation: /default-rack, certSerialId: null}, Type:RATIS, Factor:ONE, State:OPEN]
2019-09-25 07:29:57,956 [RatisPipelineUtilsThread] INFO  pipeline.PipelinePlacementPolicy (PipelinePlacementPolicy.java:meetCriteria(91)) - Pipeline Placement: Doesn't meet the criteria to be viable node： 2c509cf8-45fb-4761-813c-06899a301674 Heaviness: 6 limit: 5
2019-09-25 07:29:57,956 [RatisPipelineUtilsThread] INFO  pipeline.PipelinePlacementPolicy (PipelinePlacementPolicy.java:meetCriteria(91)) - Pipeline Placement: Doesn't meet the criteria to be viable node： d8a61d6a-3767-4395-9d18-c8065c09d76e Heaviness: 6 limit: 5
2019-09-25 07:29:57,956 [RatisPipelineUtilsThread] INFO  pipeline.PipelinePlacementPolicy (PipelinePlacementPolicy.java:meetCriteria(91)) - Pipeline Placement: Doesn't meet the criteria to be viable node： d56c4ccc-443a-4cf4-ae59-75174e2c5ce7 Heaviness: 6 limit: 5
2019-09-25 07:29:57,957 [RatisPipelineUtilsThread] INFO  pipeline.PipelinePlacementPolicy (PipelinePlacementPolicy.java:meetCriteria(91)) - Pipeline Placement: Doesn't meet the criteria to be viable node： 3b163acc-90b4-4277-b760-810609058c95 Heaviness: 6 limit: 5
2019-09-25 07:29:57,966 [grpc-default-executor-1] INFO  impl.RaftServerProxy (RaftServerProxy.java:addNew(89)) - cd2c40c8-d07b-4b9d-aa49-bfe6dbbda9a0: addNew group-EFE7CB405266:[cd2c40c8-d07b-4b9d-aa49-bfe6dbbda9a0:192.168.30.10:35976] returns group-EFE7CB405266:java.util.concurrent.CompletableFuture@56ac93a9[Not completed]
2019-09-25 07:29:57,967 [pool-67-thread-1] INFO  impl.RaftServerImpl (RaftServerImpl.java:<init>(95)) - cd2c40c8-d07b-4b9d-aa49-bfe6dbbda9a0: new RaftServerImpl for group-EFE7CB405266:[cd2c40c8-d07b-4b9d-aa49-bfe6dbbda9a0:192.168.30.10:35976] with ContainerStateMachine:uninitialized
2019-09-25 07:29:57,967 [pool-67-thread-1] INFO  server.RaftServerConfigKeys (ConfUtils.java:logGet(43)) - raft.server.rpc.timeout.min = 5s (custom)
2019-09-25 07:29:57,968 [pool-67-thread-1] INFO  server.RaftServerConfigKeys (ConfUtils.java:logGet(43)) - raft.server.rpc.timeout.max = 5200ms (custom)
2019-09-25 07:29:57,968 [pool-67-thread-1] INFO  server.RaftServerConfigKeys (ConfUtils.java:logGet(43)) - raft.server.rpcslowness.timeout = 120s (custom)
2019-09-25 07:29:57,968 [pool-67-thread-1] INFO  server.RaftServerConfigKeys (ConfUtils.java:logGet(43)) - raft.server.sleep.deviation.threshold = 300 (default)
2019-09-25 07:29:57,968 [pool-67-thread-1] INFO  server.RaftServerConfigKeys (ConfUtils.java:logGet(43)) - raft.server.log.appender.install.snapshot.enabled = false (custom)
2019-09-25 07:29:57,968 [pool-67-thread-1] INFO  impl.RaftServerImpl (ServerState.java:<init>(103)) - cd2c40c8-d07b-4b9d-aa49-bfe6dbbda9a0@group-EFE7CB405266: ConfigurationManager, init=-1: [cd2c40c8-d07b-4b9d-aa49-bfe6dbbda9a0:192.168.30.10:35976], old=null, confs=<EMPTY_MAP>
2019-09-25 07:29:57,968 [pool-67-thread-1] INFO  server.RaftServerConfigKeys (ConfUtils.java:logGet(43)) - raft.server.storage.dir = [/workdir/hadoop-ozone/tools/target/test-dir/MiniOzoneClusterImpl-e625f0dc-3f73-4bc5-9a9c-4cc4b5f58c2e/datanode-4/data/ratis] (custom)
2019-09-25 07:29:57,969 [pool-67-thread-1] INFO  storage.RaftStorageDirectory (RaftStorageDirectory.java:analyzeStorage(246)) - The storage directory /workdir/hadoop-ozone/tools/target/test-dir/MiniOzoneClusterImpl-e625f0dc-3f73-4bc5-9a9c-4cc4b5f58c2e/datanode-4/data/ratis/f4b36cfd-0f99-4402-befc-efe7cb405266 does not exist. Creating ...
2019-09-25 07:29:57,995 [pool-67-thread-1] INFO  storage.RaftStorageDirectory (RaftStorageDirectory.java:tryLock(328)) - Lock on /workdir/hadoop-ozone/tools/target/test-dir/MiniOzoneClusterImpl-e625f0dc-3f73-4bc5-9a9c-4cc4b5f58c2e/datanode-4/data/ratis/f4b36cfd-0f99-4402-befc-efe7cb405266/in_use.lock acquired by nodename 9675@pr-hdds-1569-s62bp-3040748787
2019-09-25 07:29:58,011 [pool-67-thread-1] INFO  storage.RaftStorage (RaftStorage.java:format(72)) - Storage directory /workdir/hadoop-ozone/tools/target/test-dir/MiniOzoneClusterImpl-e625f0dc-3f73-4bc5-9a9c-4cc4b5f58c2e/datanode-4/data/ratis/f4b36cfd-0f99-4402-befc-efe7cb405266 has been successfully formatted.
2019-09-25 07:29:58,012 [pool-67-thread-1] INFO  ratis.ContainerStateMachine (ContainerStateMachine.java:loadSnapshot(230)) - group-EFE7CB405266: The snapshot info is null. Setting the last applied indexto:(t:0, i:~)
2019-09-25 07:29:58,012 [pool-67-thread-1] INFO  server.RaftServerConfigKeys (ConfUtils.java:logGet(43)) - raft.server.notification.no-leader.timeout = 120s (custom)
2019-09-25 07:29:58,012 [pool-67-thread-1] INFO  server.RaftServerConfigKeys (ConfUtils.java:logGet(43)) - raft.server.log.use.memory = false (default)
2019-09-25 07:29:58,012 [pool-67-thread-1] INFO  server.RaftServerConfigKeys (ConfUtils.java:logGet(43)) - raft.server.log.purge.gap = 1000000 (custom)
2019-09-25 07:29:58,013 [pool-67-thread-1] INFO  server.RaftServerConfigKeys (ConfUtils.java:logGet(43)) - raft.server.log.appender.buffer.byte-limit = 33554432 (custom)
2019-09-25 07:29:58,013 [pool-67-thread-1] INFO  server.RaftServerConfigKeys (ConfUtils.java:logGet(43)) - raft.server.log.segment.size.max = 1048576 (custom)
2019-09-25 07:29:58,013 [pool-67-thread-1] INFO  server.RaftServerConfigKeys (ConfUtils.java:logGet(43)) - raft.server.log.segment.cache.num.max = 2 (custom)
2019-09-25 07:29:58,013 [pool-67-thread-1] INFO  segmented.SegmentedRaftLogWorker (SegmentedRaftLogWorker.java:<init>(172)) - new cd2c40c8-d07b-4b9d-aa49-bfe6dbbda9a0@group-EFE7CB405266-SegmentedRaftLogWorker for RaftStorage:Storage Directory /workdir/hadoop-ozone/tools/target/test-dir/MiniOzoneClusterImpl-e625f0dc-3f73-4bc5-9a9c-4cc4b5f58c2e/datanode-4/data/ratis/f4b36cfd-0f99-4402-befc-efe7cb405266
2019-09-25 07:29:58,013 [pool-67-thread-1] INFO  server.RaftServerConfigKeys (ConfUtils.java:logGet(43)) - raft.server.log.queue.byte-limit = 2147483647 (custom)
2019-09-25 07:29:58,013 [pool-67-thread-1] INFO  server.RaftServerConfigKeys (ConfUtils.java:logGet(43)) - raft.server.log.queue.element-limit = 1024 (custom)
2019-09-25 07:29:58,014 [pool-67-thread-1] INFO  server.RaftServerConfigKeys (ConfUtils.java:logGet(43)) - raft.server.log.segment.size.max = 1048576 (custom)
2019-09-25 07:29:58,014 [pool-67-thread-1] INFO  server.RaftServerConfigKeys (ConfUtils.java:logGet(43)) - raft.server.log.preallocated.size = 16384 (custom)
2019-09-25 07:29:58,014 [pool-67-thread-1] INFO  server.RaftServerConfigKeys (ConfUtils.java:logGet(43)) - raft.server.log.write.buffer.size = 33554432 (custom)
2019-09-25 07:29:58,014 [pool-67-thread-1] INFO  server.RaftServerConfigKeys (ConfUtils.java:logGet(43)) - raft.server.log.force.sync.num = 128 (default)
2019-09-25 07:29:58,014 [pool-67-thread-1] INFO  server.RaftServerConfigKeys (ConfUtils.java:logGet(43)) - raft.server.log.statemachine.data.sync = true (default)
2019-09-25 07:29:58,014 [pool-67-thread-1] INFO  server.RaftServerConfigKeys (ConfUtils.java:logGet(43)) - raft.server.log.statemachine.data.sync.timeout = 10s (default)
2019-09-25 07:29:58,015 [pool-67-thread-1] INFO  server.RaftServerConfigKeys (ConfUtils.java:logGet(43)) - raft.server.log.statemachine.data.sync.timeout.retry = -1 (default)
2019-09-25 07:29:58,015 [pool-67-thread-1] INFO  server.RaftServerConfigKeys (ConfUtils.java:logGet(43)) - raft.server.log.statemachine.data.caching.enabled = true (custom)
2019-09-25 07:29:58,015 [pool-67-thread-1] INFO  segmented.SegmentedRaftLogWorker (SegmentedRaftLogWorker.java:lambda$new$0(132)) - cd2c40c8-d07b-4b9d-aa49-bfe6dbbda9a0@group-EFE7CB405266-SegmentedRaftLogWorker: flushIndex: setUnconditionally 0 -> -1
2019-09-25 07:29:58,016 [pool-67-thread-1] INFO  server.RaftServerConfigKeys (ConfUtils.java:logGet(43)) - raft.server.snapshot.auto.trigger.enabled = true (custom)
2019-09-25 07:29:58,016 [pool-67-thread-1] INFO  server.RaftServerConfigKeys (ConfUtils.java:logGet(43)) - raft.server.snapshot.auto.trigger.threshold = 10000 (custom)
2019-09-25 07:29:58,016 [pool-67-thread-1] INFO  server.RaftServerConfigKeys (ConfUtils.java:logGet(43)) - raft.server.snapshot.retention.num.files = 5 (custom)
2019-09-25 07:29:58,016 [pool-67-thread-1] INFO  server.RaftServerConfigKeys (ConfUtils.java:logGet(43)) - raft.server.retrycache.expirytime = 600000ms (custom)
2019-09-25 07:29:58,019 [pool-67-thread-1] INFO  impl.RaftServerImpl (RaftServerImpl.java:start(185)) - cd2c40c8-d07b-4b9d-aa49-bfe6dbbda9a0@group-EFE7CB405266: start as a follower, conf=-1: [cd2c40c8-d07b-4b9d-aa49-bfe6dbbda9a0:192.168.30.10:35976], old=null
2019-09-25 07:29:58,020 [pool-67-thread-1] INFO  impl.RaftServerImpl (RaftServerImpl.java:setRole(174)) - cd2c40c8-d07b-4b9d-aa49-bfe6dbbda9a0@group-EFE7CB405266: changes role from      null to FOLLOWER at term 0 for startAsFollower
2019-09-25 07:29:58,020 [pool-67-thread-1] INFO  impl.RoleInfo (RoleInfo.java:updateAndGet(143)) - cd2c40c8-d07b-4b9d-aa49-bfe6dbbda9a0: start FollowerState
2019-09-25 07:29:58,020 [pool-67-thread-1] INFO  util.JmxRegister (JmxRegister.java:tryRegister(44)) - Successfully registered JMX Bean with object name Ratis:service=RaftServer,group=group-EFE7CB405266,id=cd2c40c8-d07b-4b9d-aa49-bfe6dbbda9a0
2019-09-25 07:29:58,025 [RatisPipelineUtilsThread] INFO  pipeline.PipelineStateManager (PipelineStateManager.java:addPipeline(56)) - Created pipeline Pipeline[ Id: f4b36cfd-0f99-4402-befc-efe7cb405266, Nodes: cd2c40c8-d07b-4b9d-aa49-bfe6dbbda9a0{ip: 192.168.30.10, host: pr-hdds-1569-s62bp-3040748787, networkLocation: /default-rack, certSerialId: null}, Type:RATIS, Factor:ONE, State:OPEN]
2019-09-25 07:29:58,026 [RatisPipelineUtilsThread] INFO  pipeline.PipelinePlacementPolicy (PipelinePlacementPolicy.java:meetCriteria(91)) - Pipeline Placement: Doesn't meet the criteria to be viable node： cd2c40c8-d07b-4b9d-aa49-bfe6dbbda9a0 Heaviness: 6 limit: 5
2019-09-25 07:29:58,026 [RatisPipelineUtilsThread] INFO  pipeline.PipelinePlacementPolicy (PipelinePlacementPolicy.java:meetCriteria(91)) - Pipeline Placement: Doesn't meet the criteria to be viable node： 2c509cf8-45fb-4761-813c-06899a301674 Heaviness: 6 limit: 5
2019-09-25 07:29:58,026 [RatisPipelineUtilsThread] INFO  pipeline.PipelinePlacementPolicy (PipelinePlacementPolicy.java:meetCriteria(91)) - Pipeline Placement: Doesn't meet the criteria to be viable node： d8a61d6a-3767-4395-9d18-c8065c09d76e Heaviness: 6 limit: 5
2019-09-25 07:29:58,026 [RatisPipelineUtilsThread] INFO  pipeline.PipelinePlacementPolicy (PipelinePlacementPolicy.java:meetCriteria(91)) - Pipeline Placement: Doesn't meet the criteria to be viable node： d56c4ccc-443a-4cf4-ae59-75174e2c5ce7 Heaviness: 6 limit: 5
2019-09-25 07:29:58,027 [RatisPipelineUtilsThread] INFO  pipeline.PipelinePlacementPolicy (PipelinePlacementPolicy.java:meetCriteria(91)) - Pipeline Placement: Doesn't meet the criteria to be viable node： 3b163acc-90b4-4277-b760-810609058c95 Heaviness: 6 limit: 5
2019-09-25 07:29:58,027 [RatisPipelineUtilsThread] ERROR pipeline.PipelinePlacementPolicy (PipelinePlacementPolicy.java:filterViableNodes(148)) - Unable to find enough nodes that meet the criteria that cannot engage in more than 5 pipelines. Nodes required: 1 Found: 0, healthy nodes count inNodeManager: 5.
2019-09-25 07:29:58,028 [RatisPipelineUtilsThread] ERROR pipeline.SCMPipelineManager (SCMPipelineManager.java:createPipeline(167)) - Pipeline creation failed due to exception: Unable to find enough nodes that meet the criteria that cannot engage in more than 5 pipelines. Nodes required: 1 Found: 0, healthy nodes count inNodeManager: 5.
2019-09-25 07:29:58,029 [RatisPipelineUtilsThread] INFO  pipeline.PipelinePlacementPolicy (PipelinePlacementPolicy.java:meetCriteria(91)) - Pipeline Placement: Doesn't meet the criteria to be viable node： cd2c40c8-d07b-4b9d-aa49-bfe6dbbda9a0 Heaviness: 6 limit: 5
2019-09-25 07:29:58,029 [RatisPipelineUtilsThread] INFO  pipeline.PipelinePlacementPolicy (PipelinePlacementPolicy.java:meetCriteria(91)) - Pipeline Placement: Doesn't meet the criteria to be viable node： 2c509cf8-45fb-4761-813c-06899a301674 Heaviness: 6 limit: 5
2019-09-25 07:29:58,029 [RatisPipelineUtilsThread] INFO  pipeline.PipelinePlacementPolicy (PipelinePlacementPolicy.java:meetCriteria(91)) - Pipeline Placement: Doesn't meet the criteria to be viable node： d8a61d6a-3767-4395-9d18-c8065c09d76e Heaviness: 6 limit: 5
2019-09-25 07:29:58,029 [RatisPipelineUtilsThread] INFO  pipeline.PipelinePlacementPolicy (PipelinePlacementPolicy.java:meetCriteria(91)) - Pipeline Placement: Doesn't meet the criteria to be viable node： d56c4ccc-443a-4cf4-ae59-75174e2c5ce7 Heaviness: 6 limit: 5
2019-09-25 07:29:58,029 [RatisPipelineUtilsThread] INFO  pipeline.PipelinePlacementPolicy (PipelinePlacementPolicy.java:meetCriteria(91)) - Pipeline Placement: Doesn't meet the criteria to be viable node： 3b163acc-90b4-4277-b760-810609058c95 Heaviness: 6 limit: 5
2019-09-25 07:29:58,030 [RatisPipelineUtilsThread] ERROR pipeline.PipelinePlacementPolicy (PipelinePlacementPolicy.java:filterViableNodes(148)) - Unable to find enough nodes that meet the criteria that cannot engage in more than 5 pipelines. Nodes required: 3 Found: 0, healthy nodes count inNodeManager: 5.
2019-09-25 07:29:58,030 [RatisPipelineUtilsThread] ERROR pipeline.SCMPipelineManager (SCMPipelineManager.java:createPipeline(167)) - Pipeline creation failed due to exception: Unable to find enough nodes that meet the criteria that cannot engage in more than 5 pipelines. Nodes required: 3 Found: 0, healthy nodes count inNodeManager: 5.
2019-09-25 07:29:58,032 [RatisPipelineUtilsThread] INFO  pipeline.PipelinePlacementPolicy (PipelinePlacementPolicy.java:meetCriteria(91)) - Pipeline Placement: Doesn't meet the criteria to be viable node： cd2c40c8-d07b-4b9d-aa49-bfe6dbbda9a0 Heaviness: 6 limit: 5
2019-09-25 07:29:58,032 [RatisPipelineUtilsThread] INFO  pipeline.PipelinePlacementPolicy (PipelinePlacementPolicy.java:meetCriteria(91)) - Pipeline Placement: Doesn't meet the criteria to be viable node： 2c509cf8-45fb-4761-813c-06899a301674 Heaviness: 6 limit: 5
2019-09-25 07:29:58,032 [RatisPipelineUtilsThread] INFO  pipeline.PipelinePlacementPolicy (PipelinePlacementPolicy.java:meetCriteria(91)) - Pipeline Placement: Doesn't meet the criteria to be viable node： d8a61d6a-3767-4395-9d18-c8065c09d76e Heaviness: 6 limit: 5
2019-09-25 07:29:58,032 [RatisPipelineUtilsThread] INFO  pipeline.PipelinePlacementPolicy (PipelinePlacementPolicy.java:meetCriteria(91)) - Pipeline Placement: Doesn't meet the criteria to be viable node： d56c4ccc-443a-4cf4-ae59-75174e2c5ce7 Heaviness: 6 limit: 5
2019-09-25 07:29:58,032 [RatisPipelineUtilsThread] INFO  pipeline.PipelinePlacementPolicy (PipelinePlacementPolicy.java:meetCriteria(91)) - Pipeline Placement: Doesn't meet the criteria to be viable node： 3b163acc-90b4-4277-b760-810609058c95 Heaviness: 6 limit: 5
2019-09-25 07:29:58,033 [RatisPipelineUtilsThread] ERROR pipeline.PipelinePlacementPolicy (PipelinePlacementPolicy.java:filterViableNodes(148)) - Unable to find enough nodes that meet the criteria that cannot engage in more than 5 pipelines. Nodes required: 1 Found: 0, healthy nodes count inNodeManager: 5.
2019-09-25 07:29:58,033 [RatisPipelineUtilsThread] ERROR pipeline.SCMPipelineManager (SCMPipelineManager.java:createPipeline(167)) - Pipeline creation failed due to exception: Unable to find enough nodes that meet the criteria that cannot engage in more than 5 pipelines. Nodes required: 1 Found: 0, healthy nodes count inNodeManager: 5.
2019-09-25 07:29:58,033 [RatisPipelineUtilsThread] INFO  pipeline.PipelinePlacementPolicy (PipelinePlacementPolicy.java:meetCriteria(91)) - Pipeline Placement: Doesn't meet the criteria to be viable node： cd2c40c8-d07b-4b9d-aa49-bfe6dbbda9a0 Heaviness: 6 limit: 5
2019-09-25 07:29:58,033 [RatisPipelineUtilsThread] INFO  pipeline.PipelinePlacementPolicy (PipelinePlacementPolicy.java:meetCriteria(91)) - Pipeline Placement: Doesn't meet the criteria to be viable node： 2c509cf8-45fb-4761-813c-06899a301674 Heaviness: 6 limit: 5
2019-09-25 07:29:58,033 [RatisPipelineUtilsThread] INFO  pipeline.PipelinePlacementPolicy (PipelinePlacementPolicy.java:meetCriteria(91)) - Pipeline Placement: Doesn't meet the criteria to be viable node： d8a61d6a-3767-4395-9d18-c8065c09d76e Heaviness: 6 limit: 5
2019-09-25 07:29:58,034 [RatisPipelineUtilsThread] INFO  pipeline.PipelinePlacementPolicy (PipelinePlacementPolicy.java:meetCriteria(91)) - Pipeline Placement: Doesn't meet the criteria to be viable node： d56c4ccc-443a-4cf4-ae59-75174e2c5ce7 Heaviness: 6 limit: 5
2019-09-25 07:29:58,034 [RatisPipelineUtilsThread] INFO  pipeline.PipelinePlacementPolicy (PipelinePlacementPolicy.java:meetCriteria(91)) - Pipeline Placement: Doesn't meet the criteria to be viable node： 3b163acc-90b4-4277-b760-810609058c95 Heaviness: 6 limit: 5
2019-09-25 07:29:58,034 [RatisPipelineUtilsThread] ERROR pipeline.PipelinePlacementPolicy (PipelinePlacementPolicy.java:filterViableNodes(148)) - Unable to find enough nodes that meet the criteria that cannot engage in more than 5 pipelines. Nodes required: 3 Found: 0, healthy nodes count inNodeManager: 5.
2019-09-25 07:29:58,034 [RatisPipelineUtilsThread] ERROR pipeline.SCMPipelineManager (SCMPipelineManager.java:createPipeline(167)) - Pipeline creation failed due to exception: Unable to find enough nodes that meet the criteria that cannot engage in more than 5 pipelines. Nodes required: 3 Found: 0, healthy nodes count inNodeManager: 5.
2019-09-25 07:29:58,035 [IPC Server handler 0 on 42756] INFO  pipeline.PipelinePlacementPolicy (PipelinePlacementPolicy.java:meetCriteria(91)) - Pipeline Placement: Doesn't meet the criteria to be viable node： cd2c40c8-d07b-4b9d-aa49-bfe6dbbda9a0 Heaviness: 6 limit: 5
2019-09-25 07:29:58,035 [IPC Server handler 0 on 42756] INFO  pipeline.PipelinePlacementPolicy (PipelinePlacementPolicy.java:meetCriteria(91)) - Pipeline Placement: Doesn't meet the criteria to be viable node： 2c509cf8-45fb-4761-813c-06899a301674 Heaviness: 6 limit: 5
2019-09-25 07:29:58,035 [IPC Server handler 0 on 42756] INFO  pipeline.PipelinePlacementPolicy (PipelinePlacementPolicy.java:meetCriteria(91)) - Pipeline Placement: Doesn't meet the criteria to be viable node： d8a61d6a-3767-4395-9d18-c8065c09d76e Heaviness: 6 limit: 5
2019-09-25 07:29:58,035 [IPC Server handler 0 on 42756] INFO  pipeline.PipelinePlacementPolicy (PipelinePlacementPolicy.java:meetCriteria(91)) - Pipeline Placement: Doesn't meet the criteria to be viable node： d56c4ccc-443a-4cf4-ae59-75174e2c5ce7 Heaviness: 6 limit: 5
2019-09-25 07:29:58,036 [IPC Server handler 0 on 42756] INFO  pipeline.PipelinePlacementPolicy (PipelinePlacementPolicy.java:meetCriteria(91)) - Pipeline Placement: Doesn't meet the criteria to be viable node： 3b163acc-90b4-4277-b760-810609058c95 Heaviness: 6 limit: 5
2019-09-25 07:29:58,036 [IPC Server handler 0 on 42756] ERROR pipeline.PipelinePlacementPolicy (PipelinePlacementPolicy.java:filterViableNodes(148)) - Unable to find enough nodes that meet the criteria that cannot engage in more than 5 pipelines. Nodes required: 3 Found: 0, healthy nodes count inNodeManager: 5.
2019-09-25 07:29:58,036 [IPC Server handler 0 on 42756] ERROR pipeline.SCMPipelineManager (SCMPipelineManager.java:createPipeline(167)) - Pipeline creation failed due to exception: Unable to find enough nodes that meet the criteria that cannot engage in more than 5 pipelines. Nodes required: 3 Found: 0, healthy nodes count inNodeManager: 5.
2019-09-25 07:29:58,037 [IPC Server handler 0 on 42756] WARN  block.BlockManagerImpl (BlockManagerImpl.java:allocateBlock(192)) - Pipeline creation failed for type:RATIS factor:THREE. Retrying get pipelines call once.
org.apache.hadoop.hdds.scm.exceptions.SCMException: Unable to find enough nodes that meet the criteria that cannot engage in more than 5 pipelines. Nodes required: 3 Found: 0, healthy nodes count inNodeManager: 5.
	at org.apache.hadoop.hdds.scm.pipeline.PipelinePlacementPolicy.filterViableNodes(PipelinePlacementPolicy.java:149)
	at org.apache.hadoop.hdds.scm.pipeline.PipelinePlacementPolicy.chooseDatanodes(PipelinePlacementPolicy.java:172)
	at org.apache.hadoop.hdds.scm.pipeline.RatisPipelineProvider.create(RatisPipelineProvider.java:93)
	at org.apache.hadoop.hdds.scm.pipeline.PipelineFactory.create(PipelineFactory.java:58)
	at org.apache.hadoop.hdds.scm.pipeline.SCMPipelineManager.createPipeline(SCMPipelineManager.java:155)
	at org.apache.hadoop.hdds.scm.block.BlockManagerImpl.allocateBlock(BlockManagerImpl.java:190)
	at org.apache.hadoop.hdds.scm.server.SCMBlockProtocolServer.allocateBlock(SCMBlockProtocolServer.java:182)
	at org.apache.hadoop.ozone.protocolPB.ScmBlockLocationProtocolServerSideTranslatorPB.allocateScmBlock(ScmBlockLocationProtocolServerSideTranslatorPB.java:183)
	at org.apache.hadoop.ozone.protocolPB.ScmBlockLocationProtocolServerSideTranslatorPB.processMessage(ScmBlockLocationProtocolServerSideTranslatorPB.java:141)
	at org.apache.hadoop.ozone.protocolPB.ScmBlockLocationProtocolServerSideTranslatorPB.send(ScmBlockLocationProtocolServerSideTranslatorPB.java:116)
	at org.apache.hadoop.hdds.protocol.proto.ScmBlockLocationProtocolProtos$ScmBlockLocationProtocolService$2.callBlockingMethod(ScmBlockLocationProtocolProtos.java:13157)
	at org.apache.hadoop.ipc.ProtobufRpcEngine$Server$ProtoBufRpcInvoker.call(ProtobufRpcEngine.java:524)
	at org.apache.hadoop.ipc.RPC$Server.call(RPC.java:1025)
	at org.apache.hadoop.ipc.Server$RpcCall.run(Server.java:876)
	at org.apache.hadoop.ipc.Server$RpcCall.run(Server.java:822)
	at java.security.AccessController.doPrivileged(Native Method)
	at javax.security.auth.Subject.doAs(Subject.java:422)
	at org.apache.hadoop.security.UserGroupInformation.doAs(UserGroupInformation.java:1730)
	at org.apache.hadoop.ipc.Server$Handler.run(Server.java:2682)
2019-09-25 07:29:58,040 [IPC Server handler 0 on 42756] INFO  block.BlockManagerImpl (BlockManagerImpl.java:allocateBlock(198)) - Could not find available pipeline of type:RATIS and factor:THREE even after retrying
2019-09-25 07:29:58,040 [IPC Server handler 0 on 42756] ERROR block.BlockManagerImpl (BlockManagerImpl.java:allocateBlock(222)) - Unable to allocate a block for the size: 4194304, type: RATIS, factor: THREE
2019-09-25 07:29:58,040 [IPC Server handler 0 on 42756] INFO  pipeline.PipelinePlacementPolicy (PipelinePlacementPolicy.java:meetCriteria(91)) - Pipeline Placement: Doesn't meet the criteria to be viable node： cd2c40c8-d07b-4b9d-aa49-bfe6dbbda9a0 Heaviness: 6 limit: 5
2019-09-25 07:29:58,040 [IPC Server handler 0 on 42756] INFO  pipeline.PipelinePlacementPolicy (PipelinePlacementPolicy.java:meetCriteria(91)) - Pipeline Placement: Doesn't meet the criteria to be viable node： 2c509cf8-45fb-4761-813c-06899a301674 Heaviness: 6 limit: 5
2019-09-25 07:29:58,040 [IPC Server handler 0 on 42756] INFO  pipeline.PipelinePlacementPolicy (PipelinePlacementPolicy.java:meetCriteria(91)) - Pipeline Placement: Doesn't meet the criteria to be viable node： d8a61d6a-3767-4395-9d18-c8065c09d76e Heaviness: 6 limit: 5
2019-09-25 07:29:58,041 [IPC Server handler 0 on 42756] INFO  pipeline.PipelinePlacementPolicy (PipelinePlacementPolicy.java:meetCriteria(91)) - Pipeline Placement: Doesn't meet the criteria to be viable node： d56c4ccc-443a-4cf4-ae59-75174e2c5ce7 Heaviness: 6 limit: 5
2019-09-25 07:29:58,041 [IPC Server handler 0 on 42756] INFO  pipeline.PipelinePlacementPolicy (PipelinePlacementPolicy.java:meetCriteria(91)) - Pipeline Placement: Doesn't meet the criteria to be viable node： 3b163acc-90b4-4277-b760-810609058c95 Heaviness: 6 limit: 5
2019-09-25 07:29:58,041 [IPC Server handler 0 on 42756] ERROR pipeline.PipelinePlacementPolicy (PipelinePlacementPolicy.java:filterViableNodes(148)) - Unable to find enough nodes that meet the criteria that cannot engage in more than 5 pipelines. Nodes required: 3 Found: 0, healthy nodes count inNodeManager: 5.
2019-09-25 07:29:58,041 [IPC Server handler 0 on 42756] ERROR pipeline.SCMPipelineManager (SCMPipelineManager.java:createPipeline(167)) - Pipeline creation failed due to exception: Unable to find enough nodes that meet the criteria that cannot engage in more than 5 pipelines. Nodes required: 3 Found: 0, healthy nodes count inNodeManager: 5.
2019-09-25 07:29:58,041 [IPC Server handler 0 on 42756] WARN  block.BlockManagerImpl (BlockManagerImpl.java:allocateBlock(192)) - Pipeline creation failed for type:RATIS factor:THREE. Retrying get pipelines call once.
org.apache.hadoop.hdds.scm.exceptions.SCMException: Unable to find enough nodes that meet the criteria that cannot engage in more than 5 pipelines. Nodes required: 3 Found: 0, healthy nodes count inNodeManager: 5.
	at org.apache.hadoop.hdds.scm.pipeline.PipelinePlacementPolicy.filterViableNodes(PipelinePlacementPolicy.java:149)
	at org.apache.hadoop.hdds.scm.pipeline.PipelinePlacementPolicy.chooseDatanodes(PipelinePlacementPolicy.java:172)
	at org.apache.hadoop.hdds.scm.pipeline.RatisPipelineProvider.create(RatisPipelineProvider.java:93)
	at org.apache.hadoop.hdds.scm.pipeline.PipelineFactory.create(PipelineFactory.java:58)
	at org.apache.hadoop.hdds.scm.pipeline.SCMPipelineManager.createPipeline(SCMPipelineManager.java:155)
	at org.apache.hadoop.hdds.scm.block.BlockManagerImpl.allocateBlock(BlockManagerImpl.java:190)
	at org.apache.hadoop.hdds.scm.server.SCMBlockProtocolServer.allocateBlock(SCMBlockProtocolServer.java:182)
	at org.apache.hadoop.ozone.protocolPB.ScmBlockLocationProtocolServerSideTranslatorPB.allocateScmBlock(ScmBlockLocationProtocolServerSideTranslatorPB.java:183)
	at org.apache.hadoop.ozone.protocolPB.ScmBlockLocationProtocolServerSideTranslatorPB.processMessage(ScmBlockLocationProtocolServerSideTranslatorPB.java:141)
	at org.apache.hadoop.ozone.protocolPB.ScmBlockLocationProtocolServerSideTranslatorPB.send(ScmBlockLocationProtocolServerSideTranslatorPB.java:116)
	at org.apache.hadoop.hdds.protocol.proto.ScmBlockLocationProtocolProtos$ScmBlockLocationProtocolService$2.callBlockingMethod(ScmBlockLocationProtocolProtos.java:13157)
	at org.apache.hadoop.ipc.ProtobufRpcEngine$Server$ProtoBufRpcInvoker.call(ProtobufRpcEngine.java:524)
	at org.apache.hadoop.ipc.RPC$Server.call(RPC.java:1025)
	at org.apache.hadoop.ipc.Server$RpcCall.run(Server.java:876)
	at org.apache.hadoop.ipc.Server$RpcCall.run(Server.java:822)
	at java.security.AccessController.doPrivileged(Native Method)
	at javax.security.auth.Subject.doAs(Subject.java:422)
	at org.apache.hadoop.security.UserGroupInformation.doAs(UserGroupInformation.java:1730)
	at org.apache.hadoop.ipc.Server$Handler.run(Server.java:2682)
2019-09-25 07:29:58,042 [IPC Server handler 0 on 42756] INFO  block.BlockManagerImpl (BlockManagerImpl.java:allocateBlock(198)) - Could not find available pipeline of type:RATIS and factor:THREE even after retrying
2019-09-25 07:29:58,042 [IPC Server handler 0 on 42756] ERROR block.BlockManagerImpl (BlockManagerImpl.java:allocateBlock(222)) - Unable to allocate a block for the size: 4194304, type: RATIS, factor: THREE
2019-09-25 07:29:58,042 [IPC Server handler 0 on 42756] INFO  pipeline.PipelinePlacementPolicy (PipelinePlacementPolicy.java:meetCriteria(91)) - Pipeline Placement: Doesn't meet the criteria to be viable node： cd2c40c8-d07b-4b9d-aa49-bfe6dbbda9a0 Heaviness: 6 limit: 5
2019-09-25 07:29:58,043 [IPC Server handler 0 on 42756] INFO  pipeline.PipelinePlacementPolicy (PipelinePlacementPolicy.java:meetCriteria(91)) - Pipeline Placement: Doesn't meet the criteria to be viable node： 2c509cf8-45fb-4761-813c-06899a301674 Heaviness: 6 limit: 5
2019-09-25 07:29:58,043 [IPC Server handler 0 on 42756] INFO  pipeline.PipelinePlacementPolicy (PipelinePlacementPolicy.java:meetCriteria(91)) - Pipeline Placement: Doesn't meet the criteria to be viable node： d8a61d6a-3767-4395-9d18-c8065c09d76e Heaviness: 6 limit: 5
2019-09-25 07:29:58,043 [IPC Server handler 0 on 42756] INFO  pipeline.PipelinePlacementPolicy (PipelinePlacementPolicy.java:meetCriteria(91)) - Pipeline Placement: Doesn't meet the criteria to be viable node： d56c4ccc-443a-4cf4-ae59-75174e2c5ce7 Heaviness: 6 limit: 5
2019-09-25 07:29:58,043 [IPC Server handler 0 on 42756] INFO  pipeline.PipelinePlacementPolicy (PipelinePlacementPolicy.java:meetCriteria(91)) - Pipeline Placement: Doesn't meet the criteria to be viable node： 3b163acc-90b4-4277-b760-810609058c95 Heaviness: 6 limit: 5
2019-09-25 07:29:58,044 [IPC Server handler 0 on 42756] ERROR pipeline.PipelinePlacementPolicy (PipelinePlacementPolicy.java:filterViableNodes(148)) - Unable to find enough nodes that meet the criteria that cannot engage in more than 5 pipelines. Nodes required: 3 Found: 0, healthy nodes count inNodeManager: 5.
2019-09-25 07:29:58,044 [IPC Server handler 0 on 42756] ERROR pipeline.SCMPipelineManager (SCMPipelineManager.java:createPipeline(167)) - Pipeline creation failed due to exception: Unable to find enough nodes that meet the criteria that cannot engage in more than 5 pipelines. Nodes required: 3 Found: 0, healthy nodes count inNodeManager: 5.
2019-09-25 07:29:58,044 [IPC Server handler 0 on 42756] WARN  block.BlockManagerImpl (BlockManagerImpl.java:allocateBlock(192)) - Pipeline creation failed for type:RATIS factor:THREE. Retrying get pipelines call once.
org.apache.hadoop.hdds.scm.exceptions.SCMException: Unable to find enough nodes that meet the criteria that cannot engage in more than 5 pipelines. Nodes required: 3 Found: 0, healthy nodes count inNodeManager: 5.
	at org.apache.hadoop.hdds.scm.pipeline.PipelinePlacementPolicy.filterViableNodes(PipelinePlacementPolicy.java:149)
	at org.apache.hadoop.hdds.scm.pipeline.PipelinePlacementPolicy.chooseDatanodes(PipelinePlacementPolicy.java:172)
	at org.apache.hadoop.hdds.scm.pipeline.RatisPipelineProvider.create(RatisPipelineProvider.java:93)
	at org.apache.hadoop.hdds.scm.pipeline.PipelineFactory.create(PipelineFactory.java:58)
	at org.apache.hadoop.hdds.scm.pipeline.SCMPipelineManager.createPipeline(SCMPipelineManager.java:155)
	at org.apache.hadoop.hdds.scm.block.BlockManagerImpl.allocateBlock(BlockManagerImpl.java:190)
	at org.apache.hadoop.hdds.scm.server.SCMBlockProtocolServer.allocateBlock(SCMBlockProtocolServer.java:182)
	at org.apache.hadoop.ozone.protocolPB.ScmBlockLocationProtocolServerSideTranslatorPB.allocateScmBlock(ScmBlockLocationProtocolServerSideTranslatorPB.java:183)
	at org.apache.hadoop.ozone.protocolPB.ScmBlockLocationProtocolServerSideTranslatorPB.processMessage(ScmBlockLocationProtocolServerSideTranslatorPB.java:141)
	at org.apache.hadoop.ozone.protocolPB.ScmBlockLocationProtocolServerSideTranslatorPB.send(ScmBlockLocationProtocolServerSideTranslatorPB.java:116)
	at org.apache.hadoop.hdds.protocol.proto.ScmBlockLocationProtocolProtos$ScmBlockLocationProtocolService$2.callBlockingMethod(ScmBlockLocationProtocolProtos.java:13157)
	at org.apache.hadoop.ipc.ProtobufRpcEngine$Server$ProtoBufRpcInvoker.call(ProtobufRpcEngine.java:524)
	at org.apache.hadoop.ipc.RPC$Server.call(RPC.java:1025)
	at org.apache.hadoop.ipc.Server$RpcCall.run(Server.java:876)
	at org.apache.hadoop.ipc.Server$RpcCall.run(Server.java:822)
	at java.security.AccessController.doPrivileged(Native Method)
	at javax.security.auth.Subject.doAs(Subject.java:422)
	at org.apache.hadoop.security.UserGroupInformation.doAs(UserGroupInformation.java:1730)
	at org.apache.hadoop.ipc.Server$Handler.run(Server.java:2682)
2019-09-25 07:29:58,045 [IPC Server handler 0 on 42756] INFO  block.BlockManagerImpl (BlockManagerImpl.java:allocateBlock(198)) - Could not find available pipeline of type:RATIS and factor:THREE even after retrying
2019-09-25 07:29:58,045 [IPC Server handler 0 on 42756] ERROR block.BlockManagerImpl (BlockManagerImpl.java:allocateBlock(222)) - Unable to allocate a block for the size: 4194304, type: RATIS, factor: THREE
2019-09-25 07:29:58,045 [IPC Server handler 0 on 42756] INFO  pipeline.PipelinePlacementPolicy (PipelinePlacementPolicy.java:meetCriteria(91)) - Pipeline Placement: Doesn't meet the criteria to be viable node： cd2c40c8-d07b-4b9d-aa49-bfe6dbbda9a0 Heaviness: 6 limit: 5
2019-09-25 07:29:58,045 [IPC Server handler 0 on 42756] INFO  pipeline.PipelinePlacementPolicy (PipelinePlacementPolicy.java:meetCriteria(91)) - Pipeline Placement: Doesn't meet the criteria to be viable node： 2c509cf8-45fb-4761-813c-06899a301674 Heaviness: 6 limit: 5
2019-09-25 07:29:58,045 [IPC Server handler 0 on 42756] INFO  pipeline.PipelinePlacementPolicy (PipelinePlacementPolicy.java:meetCriteria(91)) - Pipeline Placement: Doesn't meet the criteria to be viable node： d8a61d6a-3767-4395-9d18-c8065c09d76e Heaviness: 6 limit: 5
2019-09-25 07:29:58,046 [IPC Server handler 0 on 42756] INFO  pipeline.PipelinePlacementPolicy (PipelinePlacementPolicy.java:meetCriteria(91)) - Pipeline Placement: Doesn't meet the criteria to be viable node： d56c4ccc-443a-4cf4-ae59-75174e2c5ce7 Heaviness: 6 limit: 5
2019-09-25 07:29:58,046 [IPC Server handler 0 on 42756] INFO  pipeline.PipelinePlacementPolicy (PipelinePlacementPolicy.java:meetCriteria(91)) - Pipeline Placement: Doesn't meet the criteria to be viable node： 3b163acc-90b4-4277-b760-810609058c95 Heaviness: 6 limit: 5
2019-09-25 07:29:58,046 [IPC Server handler 0 on 42756] ERROR pipeline.PipelinePlacementPolicy (PipelinePlacementPolicy.java:filterViableNodes(148)) - Unable to find enough nodes that meet the criteria that cannot engage in more than 5 pipelines. Nodes required: 3 Found: 0, healthy nodes count inNodeManager: 5.
2019-09-25 07:29:58,046 [IPC Server handler 0 on 42756] ERROR pipeline.SCMPipelineManager (SCMPipelineManager.java:createPipeline(167)) - Pipeline creation failed due to exception: Unable to find enough nodes that meet the criteria that cannot engage in more than 5 pipelines. Nodes required: 3 Found: 0, healthy nodes count inNodeManager: 5.
2019-09-25 07:29:58,046 [IPC Server handler 0 on 42756] WARN  block.BlockManagerImpl (BlockManagerImpl.java:allocateBlock(192)) - Pipeline creation failed for type:RATIS factor:THREE. Retrying get pipelines call once.
org.apache.hadoop.hdds.scm.exceptions.SCMException: Unable to find enough nodes that meet the criteria that cannot engage in more than 5 pipelines. Nodes required: 3 Found: 0, healthy nodes count inNodeManager: 5.
	at org.apache.hadoop.hdds.scm.pipeline.PipelinePlacementPolicy.filterViableNodes(PipelinePlacementPolicy.java:149)
	at org.apache.hadoop.hdds.scm.pipeline.PipelinePlacementPolicy.chooseDatanodes(PipelinePlacementPolicy.java:172)
	at org.apache.hadoop.hdds.scm.pipeline.RatisPipelineProvider.create(RatisPipelineProvider.java:93)
	at org.apache.hadoop.hdds.scm.pipeline.PipelineFactory.create(PipelineFactory.java:58)
	at org.apache.hadoop.hdds.scm.pipeline.SCMPipelineManager.createPipeline(SCMPipelineManager.java:155)
	at org.apache.hadoop.hdds.scm.block.BlockManagerImpl.allocateBlock(BlockManagerImpl.java:190)
	at org.apache.hadoop.hdds.scm.server.SCMBlockProtocolServer.allocateBlock(SCMBlockProtocolServer.java:182)
	at org.apache.hadoop.ozone.protocolPB.ScmBlockLocationProtocolServerSideTranslatorPB.allocateScmBlock(ScmBlockLocationProtocolServerSideTranslatorPB.java:183)
	at org.apache.hadoop.ozone.protocolPB.ScmBlockLocationProtocolServerSideTranslatorPB.processMessage(ScmBlockLocationProtocolServerSideTranslatorPB.java:141)
	at org.apache.hadoop.ozone.protocolPB.ScmBlockLocationProtocolServerSideTranslatorPB.send(ScmBlockLocationProtocolServerSideTranslatorPB.java:116)
	at org.apache.hadoop.hdds.protocol.proto.ScmBlockLocationProtocolProtos$ScmBlockLocationProtocolService$2.callBlockingMethod(ScmBlockLocationProtocolProtos.java:13157)
	at org.apache.hadoop.ipc.ProtobufRpcEngine$Server$ProtoBufRpcInvoker.call(ProtobufRpcEngine.java:524)
	at org.apache.hadoop.ipc.RPC$Server.call(RPC.java:1025)
	at org.apache.hadoop.ipc.Server$RpcCall.run(Server.java:876)
	at org.apache.hadoop.ipc.Server$RpcCall.run(Server.java:822)
	at java.security.AccessController.doPrivileged(Native Method)
	at javax.security.auth.Subject.doAs(Subject.java:422)
	at org.apache.hadoop.security.UserGroupInformation.doAs(UserGroupInformation.java:1730)
	at org.apache.hadoop.ipc.Server$Handler.run(Server.java:2682)
2019-09-25 07:29:58,047 [IPC Server handler 0 on 42756] INFO  block.BlockManagerImpl (BlockManagerImpl.java:allocateBlock(198)) - Could not find available pipeline of type:RATIS and factor:THREE even after retrying
2019-09-25 07:29:58,047 [IPC Server handler 0 on 42756] ERROR block.BlockManagerImpl (BlockManagerImpl.java:allocateBlock(222)) - Unable to allocate a block for the size: 4194304, type: RATIS, factor: THREE
2019-09-25 07:29:58,048 [IPC Server handler 0 on 42756] INFO  pipeline.PipelinePlacementPolicy (PipelinePlacementPolicy.java:meetCriteria(91)) - Pipeline Placement: Doesn't meet the criteria to be viable node： cd2c40c8-d07b-4b9d-aa49-bfe6dbbda9a0 Heaviness: 6 limit: 5
2019-09-25 07:29:58,048 [IPC Server handler 0 on 42756] INFO  pipeline.PipelinePlacementPolicy (PipelinePlacementPolicy.java:meetCriteria(91)) - Pipeline Placement: Doesn't meet the criteria to be viable node： 2c509cf8-45fb-4761-813c-06899a301674 Heaviness: 6 limit: 5
2019-09-25 07:29:58,048 [IPC Server handler 0 on 42756] INFO  pipeline.PipelinePlacementPolicy (PipelinePlacementPolicy.java:meetCriteria(91)) - Pipeline Placement: Doesn't meet the criteria to be viable node： d8a61d6a-3767-4395-9d18-c8065c09d76e Heaviness: 6 limit: 5
2019-09-25 07:29:58,048 [IPC Server handler 0 on 42756] INFO  pipeline.PipelinePlacementPolicy (PipelinePlacementPolicy.java:meetCriteria(91)) - Pipeline Placement: Doesn't meet the criteria to be viable node： d56c4ccc-443a-4cf4-ae59-75174e2c5ce7 Heaviness: 6 limit: 5
2019-09-25 07:29:58,048 [IPC Server handler 0 on 42756] INFO  pipeline.PipelinePlacementPolicy (PipelinePlacementPolicy.java:meetCriteria(91)) - Pipeline Placement: Doesn't meet the criteria to be viable node： 3b163acc-90b4-4277-b760-810609058c95 Heaviness: 6 limit: 5
2019-09-25 07:29:58,049 [IPC Server handler 0 on 42756] ERROR pipeline.PipelinePlacementPolicy (PipelinePlacementPolicy.java:filterViableNodes(148)) - Unable to find enough nodes that meet the criteria that cannot engage in more than 5 pipelines. Nodes required: 3 Found: 0, healthy nodes count inNodeManager: 5.
2019-09-25 07:29:58,049 [IPC Server handler 0 on 42756] ERROR pipeline.SCMPipelineManager (SCMPipelineManager.java:createPipeline(167)) - Pipeline creation failed due to exception: Unable to find enough nodes that meet the criteria that cannot engage in more than 5 pipelines. Nodes required: 3 Found: 0, healthy nodes count inNodeManager: 5.
2019-09-25 07:29:58,049 [IPC Server handler 0 on 42756] WARN  block.BlockManagerImpl (BlockManagerImpl.java:allocateBlock(192)) - Pipeline creation failed for type:RATIS factor:THREE. Retrying get pipelines call once.
org.apache.hadoop.hdds.scm.exceptions.SCMException: Unable to find enough nodes that meet the criteria that cannot engage in more than 5 pipelines. Nodes required: 3 Found: 0, healthy nodes count inNodeManager: 5.
	at org.apache.hadoop.hdds.scm.pipeline.PipelinePlacementPolicy.filterViableNodes(PipelinePlacementPolicy.java:149)
	at org.apache.hadoop.hdds.scm.pipeline.PipelinePlacementPolicy.chooseDatanodes(PipelinePlacementPolicy.java:172)
	at org.apache.hadoop.hdds.scm.pipeline.RatisPipelineProvider.create(RatisPipelineProvider.java:93)
	at org.apache.hadoop.hdds.scm.pipeline.PipelineFactory.create(PipelineFactory.java:58)
	at org.apache.hadoop.hdds.scm.pipeline.SCMPipelineManager.createPipeline(SCMPipelineManager.java:155)
	at org.apache.hadoop.hdds.scm.block.BlockManagerImpl.allocateBlock(BlockManagerImpl.java:190)
	at org.apache.hadoop.hdds.scm.server.SCMBlockProtocolServer.allocateBlock(SCMBlockProtocolServer.java:182)
	at org.apache.hadoop.ozone.protocolPB.ScmBlockLocationProtocolServerSideTranslatorPB.allocateScmBlock(ScmBlockLocationProtocolServerSideTranslatorPB.java:183)
	at org.apache.hadoop.ozone.protocolPB.ScmBlockLocationProtocolServerSideTranslatorPB.processMessage(ScmBlockLocationProtocolServerSideTranslatorPB.java:141)
	at org.apache.hadoop.ozone.protocolPB.ScmBlockLocationProtocolServerSideTranslatorPB.send(ScmBlockLocationProtocolServerSideTranslatorPB.java:116)
	at org.apache.hadoop.hdds.protocol.proto.ScmBlockLocationProtocolProtos$ScmBlockLocationProtocolService$2.callBlockingMethod(ScmBlockLocationProtocolProtos.java:13157)
	at org.apache.hadoop.ipc.ProtobufRpcEngine$Server$ProtoBufRpcInvoker.call(ProtobufRpcEngine.java:524)
	at org.apache.hadoop.ipc.RPC$Server.call(RPC.java:1025)
	at org.apache.hadoop.ipc.Server$RpcCall.run(Server.java:876)
	at org.apache.hadoop.ipc.Server$RpcCall.run(Server.java:822)
	at java.security.AccessController.doPrivileged(Native Method)
	at javax.security.auth.Subject.doAs(Subject.java:422)
	at org.apache.hadoop.security.UserGroupInformation.doAs(UserGroupInformation.java:1730)
	at org.apache.hadoop.ipc.Server$Handler.run(Server.java:2682)
2019-09-25 07:29:58,049 [IPC Server handler 0 on 42756] INFO  block.BlockManagerImpl (BlockManagerImpl.java:allocateBlock(198)) - Could not find available pipeline of type:RATIS and factor:THREE even after retrying
2019-09-25 07:29:58,050 [IPC Server handler 0 on 42756] ERROR block.BlockManagerImpl (BlockManagerImpl.java:allocateBlock(222)) - Unable to allocate a block for the size: 4194304, type: RATIS, factor: THREE
2019-09-25 07:29:58,057 [pool-73-thread-3] ERROR freon.RandomKeyGenerator (RandomKeyGenerator.java:createKey(733)) - Exception while adding key: key-0-41559 in bucket: bucket-0-69831 of volume: vol-0-73925.
INTERNAL_ERROR org.apache.hadoop.ozone.om.exceptions.OMException: Allocated 0 blocks. Requested 5 blocks
	at org.apache.hadoop.ozone.om.protocolPB.OzoneManagerProtocolClientSideTranslatorPB.handleError(OzoneManagerProtocolClientSideTranslatorPB.java:732)
	at org.apache.hadoop.ozone.om.protocolPB.OzoneManagerProtocolClientSideTranslatorPB.openKey(OzoneManagerProtocolClientSideTranslatorPB.java:723)
	at sun.reflect.NativeMethodAccessorImpl.invoke0(Native Method)
	at sun.reflect.NativeMethodAccessorImpl.invoke(NativeMethodAccessorImpl.java:62)
	at sun.reflect.DelegatingMethodAccessorImpl.invoke(DelegatingMethodAccessorImpl.java:43)
	at java.lang.reflect.Method.invoke(Method.java:498)
	at org.apache.hadoop.hdds.tracing.TraceAllMethod.invoke(TraceAllMethod.java:66)
	at com.sun.proxy.$Proxy37.openKey(Unknown Source)
	at org.apache.hadoop.ozone.client.rpc.RpcClient.createKey(RpcClient.java:614)
	at org.apache.hadoop.ozone.client.OzoneBucket.createKey(OzoneBucket.java:325)
	at org.apache.hadoop.ozone.freon.RandomKeyGenerator.createKey(RandomKeyGenerator.java:695)
	at org.apache.hadoop.ozone.freon.RandomKeyGenerator.access$1100(RandomKeyGenerator.java:88)
	at org.apache.hadoop.ozone.freon.RandomKeyGenerator$ObjectCreator.run(RandomKeyGenerator.java:615)
	at java.util.concurrent.Executors$RunnableAdapter.call(Executors.java:511)
	at java.util.concurrent.FutureTask.run(FutureTask.java:266)
	at java.util.concurrent.ThreadPoolExecutor.runWorker(ThreadPoolExecutor.java:1149)
	at java.util.concurrent.ThreadPoolExecutor$Worker.run(ThreadPoolExecutor.java:624)
	at java.lang.Thread.run(Thread.java:748)
 0.00% |█                                                                                                    |  0/1 Time: 0:00:02 0.00% |█                                                                                                    |  0/1 Time: 0:00:03 0.00% |█                                                                                                    |  0/1 Time: 0:00:042019-09-25 07:30:00,245 [Thread-210] INFO  impl.FollowerState (FollowerState.java:run(106)) - 3b163acc-90b4-4277-b760-810609058c95:group-57D103DB90F7 changes to CANDIDATE, lastRpcTime:5086, electionTimeout:5086ms
2019-09-25 07:30:00,248 [Thread-210] INFO  impl.RoleInfo (RoleInfo.java:shutdownFollowerState(121)) - 3b163acc-90b4-4277-b760-810609058c95: shutdown FollowerState
2019-09-25 07:30:00,248 [Thread-210] INFO  impl.RaftServerImpl (RaftServerImpl.java:setRole(174)) - 3b163acc-90b4-4277-b760-810609058c95@group-57D103DB90F7: changes role from  FOLLOWER to CANDIDATE at term 0 for changeToCandidate
2019-09-25 07:30:00,255 [Thread-210] INFO  impl.RoleInfo (RoleInfo.java:updateAndGet(143)) - 3b163acc-90b4-4277-b760-810609058c95: start LeaderElection
2019-09-25 07:30:00,289 [3b163acc-90b4-4277-b760-810609058c95@group-57D103DB90F7:LeaderElection1] INFO  impl.LeaderElection (LeaderElection.java:askForVotes(182)) - 3b163acc-90b4-4277-b760-810609058c95@group-57D103DB90F7:LeaderElection1: begin an election at term 1 for -1: [3b163acc-90b4-4277-b760-810609058c95:192.168.30.10:34012], old=null
2019-09-25 07:30:00,291 [3b163acc-90b4-4277-b760-810609058c95@group-57D103DB90F7:LeaderElection1] INFO  impl.RoleInfo (RoleInfo.java:shutdownLeaderElection(134)) - 3b163acc-90b4-4277-b760-810609058c95: shutdown LeaderElection
2019-09-25 07:30:00,292 [3b163acc-90b4-4277-b760-810609058c95@group-57D103DB90F7:LeaderElection1] INFO  impl.RaftServerImpl (RaftServerImpl.java:setRole(174)) - 3b163acc-90b4-4277-b760-810609058c95@group-57D103DB90F7: changes role from CANDIDATE to LEADER at term 1 for changeToLeader
2019-09-25 07:30:00,292 [3b163acc-90b4-4277-b760-810609058c95@group-57D103DB90F7:LeaderElection1] INFO  impl.RaftServerImpl (ServerState.java:setLeader(253)) - 3b163acc-90b4-4277-b760-810609058c95@group-57D103DB90F7: change Leader from null to 3b163acc-90b4-4277-b760-810609058c95 at term 1 for becomeLeader, leader elected after 5273ms
2019-09-25 07:30:00,301 [3b163acc-90b4-4277-b760-810609058c95@group-57D103DB90F7:LeaderElection1] INFO  server.RaftServerConfigKeys (ConfUtils.java:logGet(43)) - raft.server.staging.catchup.gap = 1000 (default)
2019-09-25 07:30:00,301 [3b163acc-90b4-4277-b760-810609058c95@group-57D103DB90F7:LeaderElection1] INFO  server.RaftServerConfigKeys (ConfUtils.java:logGet(43)) - raft.server.rpc.sleep.time = 25ms (default)
2019-09-25 07:30:00,304 [3b163acc-90b4-4277-b760-810609058c95@group-57D103DB90F7:LeaderElection1] INFO  server.RaftServerConfigKeys (ConfUtils.java:logGet(43)) - raft.server.write.element-limit = 4096 (default)
2019-09-25 07:30:00,307 [3b163acc-90b4-4277-b760-810609058c95@group-57D103DB90F7:LeaderElection1] INFO  server.RaftServerConfigKeys (ConfUtils.java:logGet(43)) - raft.server.watch.timeout = 10s (default)
2019-09-25 07:30:00,307 [3b163acc-90b4-4277-b760-810609058c95@group-57D103DB90F7:LeaderElection1] INFO  server.RaftServerConfigKeys (ConfUtils.java:logGet(43)) - raft.server.watch.timeout.denomination = 1s (default)
2019-09-25 07:30:00,308 [3b163acc-90b4-4277-b760-810609058c95@group-57D103DB90F7:LeaderElection1] INFO  server.RaftServerConfigKeys (ConfUtils.java:logGet(43)) - raft.server.watch.element-limit = 65536 (default)
2019-09-25 07:30:00,319 [3b163acc-90b4-4277-b760-810609058c95@group-57D103DB90F7:LeaderElection1] INFO  impl.RoleInfo (RoleInfo.java:updateAndGet(143)) - 3b163acc-90b4-4277-b760-810609058c95: start LeaderState
2019-09-25 07:30:00,328 [Thread-213] INFO  impl.FollowerState (FollowerState.java:run(106)) - 3b163acc-90b4-4277-b760-810609058c95:group-BE6C63F2929A changes to CANDIDATE, lastRpcTime:5021, electionTimeout:5021ms
2019-09-25 07:30:00,337 [Thread-213] INFO  impl.RoleInfo (RoleInfo.java:shutdownFollowerState(121)) - 3b163acc-90b4-4277-b760-810609058c95: shutdown FollowerState
2019-09-25 07:30:00,337 [Thread-213] INFO  impl.RaftServerImpl (RaftServerImpl.java:setRole(174)) - 3b163acc-90b4-4277-b760-810609058c95@group-BE6C63F2929A: changes role from  FOLLOWER to CANDIDATE at term 0 for changeToCandidate
2019-09-25 07:30:00,337 [Thread-213] INFO  impl.RoleInfo (RoleInfo.java:updateAndGet(143)) - 3b163acc-90b4-4277-b760-810609058c95: start LeaderElection
2019-09-25 07:30:00,352 [3b163acc-90b4-4277-b760-810609058c95@group-57D103DB90F7:LeaderElection1] INFO  segmented.SegmentedRaftLogWorker (SegmentedRaftLogWorker.java:startLogSegment(380)) - 3b163acc-90b4-4277-b760-810609058c95@group-57D103DB90F7-SegmentedRaftLogWorker: Starting segment from index:0
2019-09-25 07:30:00,363 [3b163acc-90b4-4277-b760-810609058c95@group-57D103DB90F7:LeaderElection1] INFO  impl.RaftServerImpl (ServerState.java:setRaftConf(354)) - 3b163acc-90b4-4277-b760-810609058c95@group-57D103DB90F7: set configuration 0: [3b163acc-90b4-4277-b760-810609058c95:192.168.30.10:34012], old=null at 0
2019-09-25 07:30:00,367 [3b163acc-90b4-4277-b760-810609058c95@group-BE6C63F2929A:LeaderElection2] INFO  impl.LeaderElection (LeaderElection.java:askForVotes(182)) - 3b163acc-90b4-4277-b760-810609058c95@group-BE6C63F2929A:LeaderElection2: begin an election at term 1 for -1: [3b163acc-90b4-4277-b760-810609058c95:192.168.30.10:34012], old=null
2019-09-25 07:30:00,368 [3b163acc-90b4-4277-b760-810609058c95@group-BE6C63F2929A:LeaderElection2] INFO  impl.RoleInfo (RoleInfo.java:shutdownLeaderElection(134)) - 3b163acc-90b4-4277-b760-810609058c95: shutdown LeaderElection
2019-09-25 07:30:00,368 [3b163acc-90b4-4277-b760-810609058c95@group-BE6C63F2929A:LeaderElection2] INFO  impl.RaftServerImpl (RaftServerImpl.java:setRole(174)) - 3b163acc-90b4-4277-b760-810609058c95@group-BE6C63F2929A: changes role from CANDIDATE to LEADER at term 1 for changeToLeader
2019-09-25 07:30:00,368 [3b163acc-90b4-4277-b760-810609058c95@group-BE6C63F2929A:LeaderElection2] INFO  impl.RaftServerImpl (ServerState.java:setLeader(253)) - 3b163acc-90b4-4277-b760-810609058c95@group-BE6C63F2929A: change Leader from null to 3b163acc-90b4-4277-b760-810609058c95 at term 1 for becomeLeader, leader elected after 5068ms
2019-09-25 07:30:00,368 [3b163acc-90b4-4277-b760-810609058c95@group-BE6C63F2929A:LeaderElection2] INFO  server.RaftServerConfigKeys (ConfUtils.java:logGet(43)) - raft.server.staging.catchup.gap = 1000 (default)
2019-09-25 07:30:00,368 [3b163acc-90b4-4277-b760-810609058c95@group-BE6C63F2929A:LeaderElection2] INFO  server.RaftServerConfigKeys (ConfUtils.java:logGet(43)) - raft.server.rpc.sleep.time = 25ms (default)
2019-09-25 07:30:00,368 [3b163acc-90b4-4277-b760-810609058c95@group-BE6C63F2929A:LeaderElection2] INFO  server.RaftServerConfigKeys (ConfUtils.java:logGet(43)) - raft.server.write.element-limit = 4096 (default)
2019-09-25 07:30:00,368 [3b163acc-90b4-4277-b760-810609058c95@group-BE6C63F2929A:LeaderElection2] INFO  server.RaftServerConfigKeys (ConfUtils.java:logGet(43)) - raft.server.watch.timeout = 10s (default)
2019-09-25 07:30:00,369 [3b163acc-90b4-4277-b760-810609058c95@group-BE6C63F2929A:LeaderElection2] INFO  server.RaftServerConfigKeys (ConfUtils.java:logGet(43)) - raft.server.watch.timeout.denomination = 1s (default)
2019-09-25 07:30:00,369 [3b163acc-90b4-4277-b760-810609058c95@group-BE6C63F2929A:LeaderElection2] INFO  server.RaftServerConfigKeys (ConfUtils.java:logGet(43)) - raft.server.watch.element-limit = 65536 (default)
2019-09-25 07:30:00,371 [3b163acc-90b4-4277-b760-810609058c95@group-BE6C63F2929A:LeaderElection2] INFO  impl.RoleInfo (RoleInfo.java:updateAndGet(143)) - 3b163acc-90b4-4277-b760-810609058c95: start LeaderState
2019-09-25 07:30:00,372 [3b163acc-90b4-4277-b760-810609058c95@group-BE6C63F2929A:LeaderElection2] INFO  segmented.SegmentedRaftLogWorker (SegmentedRaftLogWorker.java:startLogSegment(380)) - 3b163acc-90b4-4277-b760-810609058c95@group-BE6C63F2929A-SegmentedRaftLogWorker: Starting segment from index:0
2019-09-25 07:30:00,372 [3b163acc-90b4-4277-b760-810609058c95@group-BE6C63F2929A:LeaderElection2] INFO  impl.RaftServerImpl (ServerState.java:setRaftConf(354)) - 3b163acc-90b4-4277-b760-810609058c95@group-BE6C63F2929A: set configuration 0: [3b163acc-90b4-4277-b760-810609058c95:192.168.30.10:34012], old=null at 0
2019-09-25 07:30:00,517 [Thread-216] INFO  impl.FollowerState (FollowerState.java:run(106)) - d56c4ccc-443a-4cf4-ae59-75174e2c5ce7:group-C93394BEC0C9 changes to CANDIDATE, lastRpcTime:5064, electionTimeout:5063ms
2019-09-25 07:30:00,549 [Thread-216] INFO  impl.RoleInfo (RoleInfo.java:shutdownFollowerState(121)) - d56c4ccc-443a-4cf4-ae59-75174e2c5ce7: shutdown FollowerState
2019-09-25 07:30:00,550 [Thread-216] INFO  impl.RaftServerImpl (RaftServerImpl.java:setRole(174)) - d56c4ccc-443a-4cf4-ae59-75174e2c5ce7@group-C93394BEC0C9: changes role from  FOLLOWER to CANDIDATE at term 0 for changeToCandidate
2019-09-25 07:30:00,550 [Thread-216] INFO  impl.RoleInfo (RoleInfo.java:updateAndGet(143)) - d56c4ccc-443a-4cf4-ae59-75174e2c5ce7: start LeaderElection
2019-09-25 07:30:00,568 [3b163acc-90b4-4277-b760-810609058c95@group-BE6C63F2929A-SegmentedRaftLogWorker] INFO  segmented.SegmentedRaftLogWorker (SegmentedRaftLogWorker.java:execute(569)) - 3b163acc-90b4-4277-b760-810609058c95@group-BE6C63F2929A-SegmentedRaftLogWorker: created new log segment /workdir/hadoop-ozone/tools/target/test-dir/MiniOzoneClusterImpl-e625f0dc-3f73-4bc5-9a9c-4cc4b5f58c2e/datanode-0/data/ratis/d34bea17-a5bf-4444-ac70-be6c63f2929a/current/log_inprogress_0
2019-09-25 07:30:00,568 [d56c4ccc-443a-4cf4-ae59-75174e2c5ce7@group-C93394BEC0C9:LeaderElection3] INFO  impl.LeaderElection (LeaderElection.java:askForVotes(182)) - d56c4ccc-443a-4cf4-ae59-75174e2c5ce7@group-C93394BEC0C9:LeaderElection3: begin an election at term 1 for -1: [d56c4ccc-443a-4cf4-ae59-75174e2c5ce7:192.168.30.10:41980], old=null
2019-09-25 07:30:00,568 [3b163acc-90b4-4277-b760-810609058c95@group-57D103DB90F7-SegmentedRaftLogWorker] INFO  segmented.SegmentedRaftLogWorker (SegmentedRaftLogWorker.java:execute(569)) - 3b163acc-90b4-4277-b760-810609058c95@group-57D103DB90F7-SegmentedRaftLogWorker: created new log segment /workdir/hadoop-ozone/tools/target/test-dir/MiniOzoneClusterImpl-e625f0dc-3f73-4bc5-9a9c-4cc4b5f58c2e/datanode-0/data/ratis/4203c9e2-9122-4597-bcbf-57d103db90f7/current/log_inprogress_0
2019-09-25 07:30:00,571 [d56c4ccc-443a-4cf4-ae59-75174e2c5ce7@group-C93394BEC0C9:LeaderElection3] INFO  impl.RoleInfo (RoleInfo.java:shutdownLeaderElection(134)) - d56c4ccc-443a-4cf4-ae59-75174e2c5ce7: shutdown LeaderElection
2019-09-25 07:30:00,571 [d56c4ccc-443a-4cf4-ae59-75174e2c5ce7@group-C93394BEC0C9:LeaderElection3] INFO  impl.RaftServerImpl (RaftServerImpl.java:setRole(174)) - d56c4ccc-443a-4cf4-ae59-75174e2c5ce7@group-C93394BEC0C9: changes role from CANDIDATE to LEADER at term 1 for changeToLeader
2019-09-25 07:30:00,571 [d56c4ccc-443a-4cf4-ae59-75174e2c5ce7@group-C93394BEC0C9:LeaderElection3] INFO  impl.RaftServerImpl (ServerState.java:setLeader(253)) - d56c4ccc-443a-4cf4-ae59-75174e2c5ce7@group-C93394BEC0C9: change Leader from null to d56c4ccc-443a-4cf4-ae59-75174e2c5ce7 at term 1 for becomeLeader, leader elected after 5133ms
2019-09-25 07:30:00,573 [d56c4ccc-443a-4cf4-ae59-75174e2c5ce7@group-C93394BEC0C9:LeaderElection3] INFO  server.RaftServerConfigKeys (ConfUtils.java:logGet(43)) - raft.server.staging.catchup.gap = 1000 (default)
2019-09-25 07:30:00,574 [d56c4ccc-443a-4cf4-ae59-75174e2c5ce7@group-C93394BEC0C9:LeaderElection3] INFO  server.RaftServerConfigKeys (ConfUtils.java:logGet(43)) - raft.server.rpc.sleep.time = 25ms (default)
2019-09-25 07:30:00,574 [d56c4ccc-443a-4cf4-ae59-75174e2c5ce7@group-C93394BEC0C9:LeaderElection3] INFO  server.RaftServerConfigKeys (ConfUtils.java:logGet(43)) - raft.server.write.element-limit = 4096 (default)
2019-09-25 07:30:00,574 [d56c4ccc-443a-4cf4-ae59-75174e2c5ce7@group-C93394BEC0C9:LeaderElection3] INFO  server.RaftServerConfigKeys (ConfUtils.java:logGet(43)) - raft.server.watch.timeout = 10s (default)
2019-09-25 07:30:00,574 [d56c4ccc-443a-4cf4-ae59-75174e2c5ce7@group-C93394BEC0C9:LeaderElection3] INFO  server.RaftServerConfigKeys (ConfUtils.java:logGet(43)) - raft.server.watch.timeout.denomination = 1s (default)
2019-09-25 07:30:00,574 [d56c4ccc-443a-4cf4-ae59-75174e2c5ce7@group-C93394BEC0C9:LeaderElection3] INFO  server.RaftServerConfigKeys (ConfUtils.java:logGet(43)) - raft.server.watch.element-limit = 65536 (default)
2019-09-25 07:30:00,577 [d56c4ccc-443a-4cf4-ae59-75174e2c5ce7@group-C93394BEC0C9:LeaderElection3] INFO  impl.RoleInfo (RoleInfo.java:updateAndGet(143)) - d56c4ccc-443a-4cf4-ae59-75174e2c5ce7: start LeaderState
2019-09-25 07:30:00,578 [d56c4ccc-443a-4cf4-ae59-75174e2c5ce7@group-C93394BEC0C9:LeaderElection3] INFO  segmented.SegmentedRaftLogWorker (SegmentedRaftLogWorker.java:startLogSegment(380)) - d56c4ccc-443a-4cf4-ae59-75174e2c5ce7@group-C93394BEC0C9-SegmentedRaftLogWorker: Starting segment from index:0
2019-09-25 07:30:00,578 [d56c4ccc-443a-4cf4-ae59-75174e2c5ce7@group-C93394BEC0C9:LeaderElection3] INFO  impl.RaftServerImpl (ServerState.java:setRaftConf(354)) - d56c4ccc-443a-4cf4-ae59-75174e2c5ce7@group-C93394BEC0C9: set configuration 0: [d56c4ccc-443a-4cf4-ae59-75174e2c5ce7:192.168.30.10:41980], old=null at 0
2019-09-25 07:30:00,628 [d56c4ccc-443a-4cf4-ae59-75174e2c5ce7@group-C93394BEC0C9-SegmentedRaftLogWorker] INFO  segmented.SegmentedRaftLogWorker (SegmentedRaftLogWorker.java:execute(569)) - d56c4ccc-443a-4cf4-ae59-75174e2c5ce7@group-C93394BEC0C9-SegmentedRaftLogWorker: created new log segment /workdir/hadoop-ozone/tools/target/test-dir/MiniOzoneClusterImpl-e625f0dc-3f73-4bc5-9a9c-4cc4b5f58c2e/datanode-1/data/ratis/28df58b0-6554-4051-a00e-c93394bec0c9/current/log_inprogress_0
2019-09-25 07:30:00,662 [Thread-219] INFO  impl.FollowerState (FollowerState.java:run(106)) - 3b163acc-90b4-4277-b760-810609058c95:group-D1D0F3D36C98 changes to CANDIDATE, lastRpcTime:5091, electionTimeout:5091ms
2019-09-25 07:30:00,662 [Thread-219] INFO  impl.RoleInfo (RoleInfo.java:shutdownFollowerState(121)) - 3b163acc-90b4-4277-b760-810609058c95: shutdown FollowerState
2019-09-25 07:30:00,662 [Thread-219] INFO  impl.RaftServerImpl (RaftServerImpl.java:setRole(174)) - 3b163acc-90b4-4277-b760-810609058c95@group-D1D0F3D36C98: changes role from  FOLLOWER to CANDIDATE at term 0 for changeToCandidate
2019-09-25 07:30:00,662 [Thread-219] INFO  impl.RoleInfo (RoleInfo.java:updateAndGet(143)) - 3b163acc-90b4-4277-b760-810609058c95: start LeaderElection
2019-09-25 07:30:00,663 [Thread-222] INFO  impl.FollowerState (FollowerState.java:run(106)) - d56c4ccc-443a-4cf4-ae59-75174e2c5ce7:group-2EDAF3F832A5 changes to CANDIDATE, lastRpcTime:5001, electionTimeout:5001ms
2019-09-25 07:30:00,668 [Thread-222] INFO  impl.RoleInfo (RoleInfo.java:shutdownFollowerState(121)) - d56c4ccc-443a-4cf4-ae59-75174e2c5ce7: shutdown FollowerState
2019-09-25 07:30:00,668 [Thread-222] INFO  impl.RaftServerImpl (RaftServerImpl.java:setRole(174)) - d56c4ccc-443a-4cf4-ae59-75174e2c5ce7@group-2EDAF3F832A5: changes role from  FOLLOWER to CANDIDATE at term 0 for changeToCandidate
2019-09-25 07:30:00,669 [Thread-222] INFO  impl.RoleInfo (RoleInfo.java:updateAndGet(143)) - d56c4ccc-443a-4cf4-ae59-75174e2c5ce7: start LeaderElection
2019-09-25 07:30:00,683 [3b163acc-90b4-4277-b760-810609058c95@group-D1D0F3D36C98:LeaderElection4] INFO  impl.LeaderElection (LeaderElection.java:askForVotes(182)) - 3b163acc-90b4-4277-b760-810609058c95@group-D1D0F3D36C98:LeaderElection4: begin an election at term 1 for -1: [3b163acc-90b4-4277-b760-810609058c95:192.168.30.10:34012], old=null
2019-09-25 07:30:00,683 [d56c4ccc-443a-4cf4-ae59-75174e2c5ce7@group-2EDAF3F832A5:LeaderElection5] INFO  impl.LeaderElection (LeaderElection.java:askForVotes(182)) - d56c4ccc-443a-4cf4-ae59-75174e2c5ce7@group-2EDAF3F832A5:LeaderElection5: begin an election at term 1 for -1: [d56c4ccc-443a-4cf4-ae59-75174e2c5ce7:192.168.30.10:41980], old=null
2019-09-25 07:30:00,683 [3b163acc-90b4-4277-b760-810609058c95@group-D1D0F3D36C98:LeaderElection4] INFO  impl.RoleInfo (RoleInfo.java:shutdownLeaderElection(134)) - 3b163acc-90b4-4277-b760-810609058c95: shutdown LeaderElection
2019-09-25 07:30:00,683 [d56c4ccc-443a-4cf4-ae59-75174e2c5ce7@group-2EDAF3F832A5:LeaderElection5] INFO  impl.RoleInfo (RoleInfo.java:shutdownLeaderElection(134)) - d56c4ccc-443a-4cf4-ae59-75174e2c5ce7: shutdown LeaderElection
2019-09-25 07:30:00,684 [3b163acc-90b4-4277-b760-810609058c95@group-D1D0F3D36C98:LeaderElection4] INFO  impl.RaftServerImpl (RaftServerImpl.java:setRole(174)) - 3b163acc-90b4-4277-b760-810609058c95@group-D1D0F3D36C98: changes role from CANDIDATE to LEADER at term 1 for changeToLeader
2019-09-25 07:30:00,684 [d56c4ccc-443a-4cf4-ae59-75174e2c5ce7@group-2EDAF3F832A5:LeaderElection5] INFO  impl.RaftServerImpl (RaftServerImpl.java:setRole(174)) - d56c4ccc-443a-4cf4-ae59-75174e2c5ce7@group-2EDAF3F832A5: changes role from CANDIDATE to LEADER at term 1 for changeToLeader
2019-09-25 07:30:00,684 [3b163acc-90b4-4277-b760-810609058c95@group-D1D0F3D36C98:LeaderElection4] INFO  impl.RaftServerImpl (ServerState.java:setLeader(253)) - 3b163acc-90b4-4277-b760-810609058c95@group-D1D0F3D36C98: change Leader from null to 3b163acc-90b4-4277-b760-810609058c95 at term 1 for becomeLeader, leader elected after 5150ms
2019-09-25 07:30:00,684 [d56c4ccc-443a-4cf4-ae59-75174e2c5ce7@group-2EDAF3F832A5:LeaderElection5] INFO  impl.RaftServerImpl (ServerState.java:setLeader(253)) - d56c4ccc-443a-4cf4-ae59-75174e2c5ce7@group-2EDAF3F832A5: change Leader from null to d56c4ccc-443a-4cf4-ae59-75174e2c5ce7 at term 1 for becomeLeader, leader elected after 5030ms
2019-09-25 07:30:00,684 [3b163acc-90b4-4277-b760-810609058c95@group-D1D0F3D36C98:LeaderElection4] INFO  server.RaftServerConfigKeys (ConfUtils.java:logGet(43)) - raft.server.staging.catchup.gap = 1000 (default)
2019-09-25 07:30:00,684 [d56c4ccc-443a-4cf4-ae59-75174e2c5ce7@group-2EDAF3F832A5:LeaderElection5] INFO  server.RaftServerConfigKeys (ConfUtils.java:logGet(43)) - raft.server.staging.catchup.gap = 1000 (default)
2019-09-25 07:30:00,684 [3b163acc-90b4-4277-b760-810609058c95@group-D1D0F3D36C98:LeaderElection4] INFO  server.RaftServerConfigKeys (ConfUtils.java:logGet(43)) - raft.server.rpc.sleep.time = 25ms (default)
2019-09-25 07:30:00,684 [d56c4ccc-443a-4cf4-ae59-75174e2c5ce7@group-2EDAF3F832A5:LeaderElection5] INFO  server.RaftServerConfigKeys (ConfUtils.java:logGet(43)) - raft.server.rpc.sleep.time = 25ms (default)
2019-09-25 07:30:00,685 [3b163acc-90b4-4277-b760-810609058c95@group-D1D0F3D36C98:LeaderElection4] INFO  server.RaftServerConfigKeys (ConfUtils.java:logGet(43)) - raft.server.write.element-limit = 4096 (default)
2019-09-25 07:30:00,685 [d56c4ccc-443a-4cf4-ae59-75174e2c5ce7@group-2EDAF3F832A5:LeaderElection5] INFO  server.RaftServerConfigKeys (ConfUtils.java:logGet(43)) - raft.server.write.element-limit = 4096 (default)
2019-09-25 07:30:00,685 [3b163acc-90b4-4277-b760-810609058c95@group-D1D0F3D36C98:LeaderElection4] INFO  server.RaftServerConfigKeys (ConfUtils.java:logGet(43)) - raft.server.watch.timeout = 10s (default)
2019-09-25 07:30:00,685 [d56c4ccc-443a-4cf4-ae59-75174e2c5ce7@group-2EDAF3F832A5:LeaderElection5] INFO  server.RaftServerConfigKeys (ConfUtils.java:logGet(43)) - raft.server.watch.timeout = 10s (default)
2019-09-25 07:30:00,685 [3b163acc-90b4-4277-b760-810609058c95@group-D1D0F3D36C98:LeaderElection4] INFO  server.RaftServerConfigKeys (ConfUtils.java:logGet(43)) - raft.server.watch.timeout.denomination = 1s (default)
2019-09-25 07:30:00,685 [d56c4ccc-443a-4cf4-ae59-75174e2c5ce7@group-2EDAF3F832A5:LeaderElection5] INFO  server.RaftServerConfigKeys (ConfUtils.java:logGet(43)) - raft.server.watch.timeout.denomination = 1s (default)
2019-09-25 07:30:00,685 [3b163acc-90b4-4277-b760-810609058c95@group-D1D0F3D36C98:LeaderElection4] INFO  server.RaftServerConfigKeys (ConfUtils.java:logGet(43)) - raft.server.watch.element-limit = 65536 (default)
2019-09-25 07:30:00,686 [d56c4ccc-443a-4cf4-ae59-75174e2c5ce7@group-2EDAF3F832A5:LeaderElection5] INFO  server.RaftServerConfigKeys (ConfUtils.java:logGet(43)) - raft.server.watch.element-limit = 65536 (default)
2019-09-25 07:30:00,689 [3b163acc-90b4-4277-b760-810609058c95@group-D1D0F3D36C98:LeaderElection4] INFO  impl.RoleInfo (RoleInfo.java:updateAndGet(143)) - 3b163acc-90b4-4277-b760-810609058c95: start LeaderState
2019-09-25 07:30:00,689 [3b163acc-90b4-4277-b760-810609058c95@group-D1D0F3D36C98:LeaderElection4] INFO  segmented.SegmentedRaftLogWorker (SegmentedRaftLogWorker.java:startLogSegment(380)) - 3b163acc-90b4-4277-b760-810609058c95@group-D1D0F3D36C98-SegmentedRaftLogWorker: Starting segment from index:0
2019-09-25 07:30:00,690 [d56c4ccc-443a-4cf4-ae59-75174e2c5ce7@group-2EDAF3F832A5:LeaderElection5] INFO  impl.RoleInfo (RoleInfo.java:updateAndGet(143)) - d56c4ccc-443a-4cf4-ae59-75174e2c5ce7: start LeaderState
2019-09-25 07:30:00,690 [d56c4ccc-443a-4cf4-ae59-75174e2c5ce7@group-2EDAF3F832A5:LeaderElection5] INFO  segmented.SegmentedRaftLogWorker (SegmentedRaftLogWorker.java:startLogSegment(380)) - d56c4ccc-443a-4cf4-ae59-75174e2c5ce7@group-2EDAF3F832A5-SegmentedRaftLogWorker: Starting segment from index:0
2019-09-25 07:30:00,690 [3b163acc-90b4-4277-b760-810609058c95@group-D1D0F3D36C98:LeaderElection4] INFO  impl.RaftServerImpl (ServerState.java:setRaftConf(354)) - 3b163acc-90b4-4277-b760-810609058c95@group-D1D0F3D36C98: set configuration 0: [3b163acc-90b4-4277-b760-810609058c95:192.168.30.10:34012], old=null at 0
2019-09-25 07:30:00,724 [d56c4ccc-443a-4cf4-ae59-75174e2c5ce7@group-2EDAF3F832A5:LeaderElection5] INFO  impl.RaftServerImpl (ServerState.java:setRaftConf(354)) - d56c4ccc-443a-4cf4-ae59-75174e2c5ce7@group-2EDAF3F832A5: set configuration 0: [d56c4ccc-443a-4cf4-ae59-75174e2c5ce7:192.168.30.10:41980], old=null at 0
2019-09-25 07:30:00,760 [3b163acc-90b4-4277-b760-810609058c95@group-D1D0F3D36C98-SegmentedRaftLogWorker] INFO  segmented.SegmentedRaftLogWorker (SegmentedRaftLogWorker.java:execute(569)) - 3b163acc-90b4-4277-b760-810609058c95@group-D1D0F3D36C98-SegmentedRaftLogWorker: created new log segment /workdir/hadoop-ozone/tools/target/test-dir/MiniOzoneClusterImpl-e625f0dc-3f73-4bc5-9a9c-4cc4b5f58c2e/datanode-0/data/ratis/e8f69f18-27a0-4608-8037-d1d0f3d36c98/current/log_inprogress_0
2019-09-25 07:30:00,782 [d56c4ccc-443a-4cf4-ae59-75174e2c5ce7@group-2EDAF3F832A5-SegmentedRaftLogWorker] INFO  segmented.SegmentedRaftLogWorker (SegmentedRaftLogWorker.java:execute(569)) - d56c4ccc-443a-4cf4-ae59-75174e2c5ce7@group-2EDAF3F832A5-SegmentedRaftLogWorker: created new log segment /workdir/hadoop-ozone/tools/target/test-dir/MiniOzoneClusterImpl-e625f0dc-3f73-4bc5-9a9c-4cc4b5f58c2e/datanode-1/data/ratis/620bbc86-1371-4ebb-ad10-2edaf3f832a5/current/log_inprogress_0
2019-09-25 07:30:00,904 [Thread-225] INFO  impl.FollowerState (FollowerState.java:run(106)) - d56c4ccc-443a-4cf4-ae59-75174e2c5ce7:group-31DBE977A045 changes to CANDIDATE, lastRpcTime:5163, electionTimeout:5163ms
2019-09-25 07:30:00,904 [Thread-225] INFO  impl.RoleInfo (RoleInfo.java:shutdownFollowerState(121)) - d56c4ccc-443a-4cf4-ae59-75174e2c5ce7: shutdown FollowerState
2019-09-25 07:30:00,904 [Thread-225] INFO  impl.RaftServerImpl (RaftServerImpl.java:setRole(174)) - d56c4ccc-443a-4cf4-ae59-75174e2c5ce7@group-31DBE977A045: changes role from  FOLLOWER to CANDIDATE at term 0 for changeToCandidate
2019-09-25 07:30:00,905 [Thread-225] INFO  impl.RoleInfo (RoleInfo.java:updateAndGet(143)) - d56c4ccc-443a-4cf4-ae59-75174e2c5ce7: start LeaderElection
2019-09-25 07:30:00,921 [d56c4ccc-443a-4cf4-ae59-75174e2c5ce7@group-31DBE977A045:LeaderElection6] INFO  impl.LeaderElection (LeaderElection.java:askForVotes(182)) - d56c4ccc-443a-4cf4-ae59-75174e2c5ce7@group-31DBE977A045:LeaderElection6: begin an election at term 1 for -1: [d56c4ccc-443a-4cf4-ae59-75174e2c5ce7:192.168.30.10:41980], old=null
2019-09-25 07:30:00,921 [d56c4ccc-443a-4cf4-ae59-75174e2c5ce7@group-31DBE977A045:LeaderElection6] INFO  impl.RoleInfo (RoleInfo.java:shutdownLeaderElection(134)) - d56c4ccc-443a-4cf4-ae59-75174e2c5ce7: shutdown LeaderElection
2019-09-25 07:30:00,922 [d56c4ccc-443a-4cf4-ae59-75174e2c5ce7@group-31DBE977A045:LeaderElection6] INFO  impl.RaftServerImpl (RaftServerImpl.java:setRole(174)) - d56c4ccc-443a-4cf4-ae59-75174e2c5ce7@group-31DBE977A045: changes role from CANDIDATE to LEADER at term 1 for changeToLeader
2019-09-25 07:30:00,922 [d56c4ccc-443a-4cf4-ae59-75174e2c5ce7@group-31DBE977A045:LeaderElection6] INFO  impl.RaftServerImpl (ServerState.java:setLeader(253)) - d56c4ccc-443a-4cf4-ae59-75174e2c5ce7@group-31DBE977A045: change Leader from null to d56c4ccc-443a-4cf4-ae59-75174e2c5ce7 at term 1 for becomeLeader, leader elected after 5188ms
2019-09-25 07:30:00,922 [d56c4ccc-443a-4cf4-ae59-75174e2c5ce7@group-31DBE977A045:LeaderElection6] INFO  server.RaftServerConfigKeys (ConfUtils.java:logGet(43)) - raft.server.staging.catchup.gap = 1000 (default)
2019-09-25 07:30:00,922 [d56c4ccc-443a-4cf4-ae59-75174e2c5ce7@group-31DBE977A045:LeaderElection6] INFO  server.RaftServerConfigKeys (ConfUtils.java:logGet(43)) - raft.server.rpc.sleep.time = 25ms (default)
2019-09-25 07:30:00,922 [d56c4ccc-443a-4cf4-ae59-75174e2c5ce7@group-31DBE977A045:LeaderElection6] INFO  server.RaftServerConfigKeys (ConfUtils.java:logGet(43)) - raft.server.write.element-limit = 4096 (default)
2019-09-25 07:30:00,922 [d56c4ccc-443a-4cf4-ae59-75174e2c5ce7@group-31DBE977A045:LeaderElection6] INFO  server.RaftServerConfigKeys (ConfUtils.java:logGet(43)) - raft.server.watch.timeout = 10s (default)
2019-09-25 07:30:00,922 [d56c4ccc-443a-4cf4-ae59-75174e2c5ce7@group-31DBE977A045:LeaderElection6] INFO  server.RaftServerConfigKeys (ConfUtils.java:logGet(43)) - raft.server.watch.timeout.denomination = 1s (default)
2019-09-25 07:30:00,922 [d56c4ccc-443a-4cf4-ae59-75174e2c5ce7@group-31DBE977A045:LeaderElection6] INFO  server.RaftServerConfigKeys (ConfUtils.java:logGet(43)) - raft.server.watch.element-limit = 65536 (default)
2019-09-25 07:30:00,925 [d56c4ccc-443a-4cf4-ae59-75174e2c5ce7@group-31DBE977A045:LeaderElection6] INFO  impl.RoleInfo (RoleInfo.java:updateAndGet(143)) - d56c4ccc-443a-4cf4-ae59-75174e2c5ce7: start LeaderState
2019-09-25 07:30:00,925 [d56c4ccc-443a-4cf4-ae59-75174e2c5ce7@group-31DBE977A045:LeaderElection6] INFO  segmented.SegmentedRaftLogWorker (SegmentedRaftLogWorker.java:startLogSegment(380)) - d56c4ccc-443a-4cf4-ae59-75174e2c5ce7@group-31DBE977A045-SegmentedRaftLogWorker: Starting segment from index:0
2019-09-25 07:30:00,925 [d56c4ccc-443a-4cf4-ae59-75174e2c5ce7@group-31DBE977A045:LeaderElection6] INFO  impl.RaftServerImpl (ServerState.java:setRaftConf(354)) - d56c4ccc-443a-4cf4-ae59-75174e2c5ce7@group-31DBE977A045: set configuration 0: [d56c4ccc-443a-4cf4-ae59-75174e2c5ce7:192.168.30.10:41980], old=null at 0
2019-09-25 07:30:00,982 [d56c4ccc-443a-4cf4-ae59-75174e2c5ce7@group-31DBE977A045-SegmentedRaftLogWorker] INFO  segmented.SegmentedRaftLogWorker (SegmentedRaftLogWorker.java:execute(569)) - d56c4ccc-443a-4cf4-ae59-75174e2c5ce7@group-31DBE977A045-SegmentedRaftLogWorker: created new log segment /workdir/hadoop-ozone/tools/target/test-dir/MiniOzoneClusterImpl-e625f0dc-3f73-4bc5-9a9c-4cc4b5f58c2e/datanode-1/data/ratis/4d0400e4-180d-44f5-a7f6-31dbe977a045/current/log_inprogress_0
2019-09-25 07:30:00,990 [Thread-228] INFO  impl.FollowerState (FollowerState.java:run(106)) - 2c509cf8-45fb-4761-813c-06899a301674:group-68801C8A5937 changes to CANDIDATE, lastRpcTime:5129, electionTimeout:5129ms
2019-09-25 07:30:00,991 [Thread-228] INFO  impl.RoleInfo (RoleInfo.java:shutdownFollowerState(121)) - 2c509cf8-45fb-4761-813c-06899a301674: shutdown FollowerState
2019-09-25 07:30:00,991 [Thread-228] INFO  impl.RaftServerImpl (RaftServerImpl.java:setRole(174)) - 2c509cf8-45fb-4761-813c-06899a301674@group-68801C8A5937: changes role from  FOLLOWER to CANDIDATE at term 0 for changeToCandidate
2019-09-25 07:30:00,991 [Thread-228] INFO  impl.RoleInfo (RoleInfo.java:updateAndGet(143)) - 2c509cf8-45fb-4761-813c-06899a301674: start LeaderElection
2019-09-25 07:30:01,028 [2c509cf8-45fb-4761-813c-06899a301674@group-68801C8A5937:LeaderElection7] INFO  impl.LeaderElection (LeaderElection.java:askForVotes(182)) - 2c509cf8-45fb-4761-813c-06899a301674@group-68801C8A5937:LeaderElection7: begin an election at term 1 for -1: [2c509cf8-45fb-4761-813c-06899a301674:192.168.30.10:34142], old=null
2019-09-25 07:30:01,028 [2c509cf8-45fb-4761-813c-06899a301674@group-68801C8A5937:LeaderElection7] INFO  impl.RoleInfo (RoleInfo.java:shutdownLeaderElection(134)) - 2c509cf8-45fb-4761-813c-06899a301674: shutdown LeaderElection
2019-09-25 07:30:01,028 [2c509cf8-45fb-4761-813c-06899a301674@group-68801C8A5937:LeaderElection7] INFO  impl.RaftServerImpl (RaftServerImpl.java:setRole(174)) - 2c509cf8-45fb-4761-813c-06899a301674@group-68801C8A5937: changes role from CANDIDATE to LEADER at term 1 for changeToLeader
2019-09-25 07:30:01,028 [2c509cf8-45fb-4761-813c-06899a301674@group-68801C8A5937:LeaderElection7] INFO  impl.RaftServerImpl (ServerState.java:setLeader(253)) - 2c509cf8-45fb-4761-813c-06899a301674@group-68801C8A5937: change Leader from null to 2c509cf8-45fb-4761-813c-06899a301674 at term 1 for becomeLeader, leader elected after 5181ms
2019-09-25 07:30:01,031 [2c509cf8-45fb-4761-813c-06899a301674@group-68801C8A5937:LeaderElection7] INFO  server.RaftServerConfigKeys (ConfUtils.java:logGet(43)) - raft.server.staging.catchup.gap = 1000 (default)
2019-09-25 07:30:01,031 [2c509cf8-45fb-4761-813c-06899a301674@group-68801C8A5937:LeaderElection7] INFO  server.RaftServerConfigKeys (ConfUtils.java:logGet(43)) - raft.server.rpc.sleep.time = 25ms (default)
2019-09-25 07:30:01,031 [2c509cf8-45fb-4761-813c-06899a301674@group-68801C8A5937:LeaderElection7] INFO  server.RaftServerConfigKeys (ConfUtils.java:logGet(43)) - raft.server.write.element-limit = 4096 (default)
2019-09-25 07:30:01,031 [2c509cf8-45fb-4761-813c-06899a301674@group-68801C8A5937:LeaderElection7] INFO  server.RaftServerConfigKeys (ConfUtils.java:logGet(43)) - raft.server.watch.timeout = 10s (default)
2019-09-25 07:30:01,031 [2c509cf8-45fb-4761-813c-06899a301674@group-68801C8A5937:LeaderElection7] INFO  server.RaftServerConfigKeys (ConfUtils.java:logGet(43)) - raft.server.watch.timeout.denomination = 1s (default)
2019-09-25 07:30:01,031 [2c509cf8-45fb-4761-813c-06899a301674@group-68801C8A5937:LeaderElection7] INFO  server.RaftServerConfigKeys (ConfUtils.java:logGet(43)) - raft.server.watch.element-limit = 65536 (default)
2019-09-25 07:30:01,034 [2c509cf8-45fb-4761-813c-06899a301674@group-68801C8A5937:LeaderElection7] INFO  impl.RoleInfo (RoleInfo.java:updateAndGet(143)) - 2c509cf8-45fb-4761-813c-06899a301674: start LeaderState
2019-09-25 07:30:01,034 [2c509cf8-45fb-4761-813c-06899a301674@group-68801C8A5937:LeaderElection7] INFO  segmented.SegmentedRaftLogWorker (SegmentedRaftLogWorker.java:startLogSegment(380)) - 2c509cf8-45fb-4761-813c-06899a301674@group-68801C8A5937-SegmentedRaftLogWorker: Starting segment from index:0
2019-09-25 07:30:01,035 [2c509cf8-45fb-4761-813c-06899a301674@group-68801C8A5937:LeaderElection7] INFO  impl.RaftServerImpl (ServerState.java:setRaftConf(354)) - 2c509cf8-45fb-4761-813c-06899a301674@group-68801C8A5937: set configuration 0: [2c509cf8-45fb-4761-813c-06899a301674:192.168.30.10:34142], old=null at 0
2019-09-25 07:30:01,091 [2c509cf8-45fb-4761-813c-06899a301674@group-68801C8A5937-SegmentedRaftLogWorker] INFO  segmented.SegmentedRaftLogWorker (SegmentedRaftLogWorker.java:execute(569)) - 2c509cf8-45fb-4761-813c-06899a301674@group-68801C8A5937-SegmentedRaftLogWorker: created new log segment /workdir/hadoop-ozone/tools/target/test-dir/MiniOzoneClusterImpl-e625f0dc-3f73-4bc5-9a9c-4cc4b5f58c2e/datanode-3/data/ratis/b5eafe5a-3f5b-444f-bc93-68801c8a5937/current/log_inprogress_0
2019-09-25 07:30:01,111 [Thread-235] INFO  impl.FollowerState (FollowerState.java:run(106)) - 3b163acc-90b4-4277-b760-810609058c95:group-0E1390C6AA5E changes to CANDIDATE, lastRpcTime:5108, electionTimeout:5108ms
2019-09-25 07:30:01,112 [Thread-235] INFO  impl.RoleInfo (RoleInfo.java:shutdownFollowerState(121)) - 3b163acc-90b4-4277-b760-810609058c95: shutdown FollowerState
2019-09-25 07:30:01,112 [Thread-235] INFO  impl.RaftServerImpl (RaftServerImpl.java:setRole(174)) - 3b163acc-90b4-4277-b760-810609058c95@group-0E1390C6AA5E: changes role from  FOLLOWER to CANDIDATE at term 0 for changeToCandidate
2019-09-25 07:30:01,112 [Thread-235] INFO  impl.RoleInfo (RoleInfo.java:updateAndGet(143)) - 3b163acc-90b4-4277-b760-810609058c95: start LeaderElection
2019-09-25 07:30:01,129 [3b163acc-90b4-4277-b760-810609058c95@group-0E1390C6AA5E:LeaderElection8] INFO  impl.LeaderElection (LeaderElection.java:askForVotes(182)) - 3b163acc-90b4-4277-b760-810609058c95@group-0E1390C6AA5E:LeaderElection8: begin an election at term 1 for -1: [3b163acc-90b4-4277-b760-810609058c95:192.168.30.10:34012], old=null
2019-09-25 07:30:01,129 [3b163acc-90b4-4277-b760-810609058c95@group-0E1390C6AA5E:LeaderElection8] INFO  impl.RoleInfo (RoleInfo.java:shutdownLeaderElection(134)) - 3b163acc-90b4-4277-b760-810609058c95: shutdown LeaderElection
2019-09-25 07:30:01,129 [3b163acc-90b4-4277-b760-810609058c95@group-0E1390C6AA5E:LeaderElection8] INFO  impl.RaftServerImpl (RaftServerImpl.java:setRole(174)) - 3b163acc-90b4-4277-b760-810609058c95@group-0E1390C6AA5E: changes role from CANDIDATE to LEADER at term 1 for changeToLeader
2019-09-25 07:30:01,129 [3b163acc-90b4-4277-b760-810609058c95@group-0E1390C6AA5E:LeaderElection8] INFO  impl.RaftServerImpl (ServerState.java:setLeader(253)) - 3b163acc-90b4-4277-b760-810609058c95@group-0E1390C6AA5E: change Leader from null to 3b163acc-90b4-4277-b760-810609058c95 at term 1 for becomeLeader, leader elected after 5132ms
2019-09-25 07:30:01,129 [3b163acc-90b4-4277-b760-810609058c95@group-0E1390C6AA5E:LeaderElection8] INFO  server.RaftServerConfigKeys (ConfUtils.java:logGet(43)) - raft.server.staging.catchup.gap = 1000 (default)
2019-09-25 07:30:01,129 [3b163acc-90b4-4277-b760-810609058c95@group-0E1390C6AA5E:LeaderElection8] INFO  server.RaftServerConfigKeys (ConfUtils.java:logGet(43)) - raft.server.rpc.sleep.time = 25ms (default)
2019-09-25 07:30:01,130 [3b163acc-90b4-4277-b760-810609058c95@group-0E1390C6AA5E:LeaderElection8] INFO  server.RaftServerConfigKeys (ConfUtils.java:logGet(43)) - raft.server.write.element-limit = 4096 (default)
2019-09-25 07:30:01,130 [3b163acc-90b4-4277-b760-810609058c95@group-0E1390C6AA5E:LeaderElection8] INFO  server.RaftServerConfigKeys (ConfUtils.java:logGet(43)) - raft.server.watch.timeout = 10s (default)
2019-09-25 07:30:01,130 [3b163acc-90b4-4277-b760-810609058c95@group-0E1390C6AA5E:LeaderElection8] INFO  server.RaftServerConfigKeys (ConfUtils.java:logGet(43)) - raft.server.watch.timeout.denomination = 1s (default)
2019-09-25 07:30:01,130 [3b163acc-90b4-4277-b760-810609058c95@group-0E1390C6AA5E:LeaderElection8] INFO  server.RaftServerConfigKeys (ConfUtils.java:logGet(43)) - raft.server.watch.element-limit = 65536 (default)
2019-09-25 07:30:01,131 [Thread-232] INFO  impl.FollowerState (FollowerState.java:run(106)) - 3b163acc-90b4-4277-b760-810609058c95:group-740793ACE693 changes to CANDIDATE, lastRpcTime:5187, electionTimeout:5187ms
2019-09-25 07:30:01,131 [Thread-232] INFO  impl.RoleInfo (RoleInfo.java:shutdownFollowerState(121)) - 3b163acc-90b4-4277-b760-810609058c95: shutdown FollowerState
2019-09-25 07:30:01,131 [Thread-232] INFO  impl.RaftServerImpl (RaftServerImpl.java:setRole(174)) - 3b163acc-90b4-4277-b760-810609058c95@group-740793ACE693: changes role from  FOLLOWER to CANDIDATE at term 0 for changeToCandidate
2019-09-25 07:30:01,131 [Thread-232] INFO  impl.RoleInfo (RoleInfo.java:updateAndGet(143)) - 3b163acc-90b4-4277-b760-810609058c95: start LeaderElection
2019-09-25 07:30:01,134 [3b163acc-90b4-4277-b760-810609058c95@group-0E1390C6AA5E:LeaderElection8] INFO  impl.RoleInfo (RoleInfo.java:updateAndGet(143)) - 3b163acc-90b4-4277-b760-810609058c95: start LeaderState
2019-09-25 07:30:01,134 [3b163acc-90b4-4277-b760-810609058c95@group-0E1390C6AA5E:LeaderElection8] INFO  segmented.SegmentedRaftLogWorker (SegmentedRaftLogWorker.java:startLogSegment(380)) - 3b163acc-90b4-4277-b760-810609058c95@group-0E1390C6AA5E-SegmentedRaftLogWorker: Starting segment from index:0
2019-09-25 07:30:01,135 [3b163acc-90b4-4277-b760-810609058c95@group-0E1390C6AA5E:LeaderElection8] INFO  impl.RaftServerImpl (ServerState.java:setRaftConf(354)) - 3b163acc-90b4-4277-b760-810609058c95@group-0E1390C6AA5E: set configuration 0: [3b163acc-90b4-4277-b760-810609058c95:192.168.30.10:34012], old=null at 0
2019-09-25 07:30:01,160 [3b163acc-90b4-4277-b760-810609058c95@group-740793ACE693:LeaderElection9] INFO  impl.LeaderElection (LeaderElection.java:askForVotes(182)) - 3b163acc-90b4-4277-b760-810609058c95@group-740793ACE693:LeaderElection9: begin an election at term 1 for -1: [3b163acc-90b4-4277-b760-810609058c95:192.168.30.10:34012], old=null
2019-09-25 07:30:01,160 [3b163acc-90b4-4277-b760-810609058c95@group-740793ACE693:LeaderElection9] INFO  impl.RoleInfo (RoleInfo.java:shutdownLeaderElection(134)) - 3b163acc-90b4-4277-b760-810609058c95: shutdown LeaderElection
2019-09-25 07:30:01,160 [3b163acc-90b4-4277-b760-810609058c95@group-740793ACE693:LeaderElection9] INFO  impl.RaftServerImpl (RaftServerImpl.java:setRole(174)) - 3b163acc-90b4-4277-b760-810609058c95@group-740793ACE693: changes role from CANDIDATE to LEADER at term 1 for changeToLeader
2019-09-25 07:30:01,160 [3b163acc-90b4-4277-b760-810609058c95@group-740793ACE693:LeaderElection9] INFO  impl.RaftServerImpl (ServerState.java:setLeader(253)) - 3b163acc-90b4-4277-b760-810609058c95@group-740793ACE693: change Leader from null to 3b163acc-90b4-4277-b760-810609058c95 at term 1 for becomeLeader, leader elected after 5230ms
2019-09-25 07:30:01,160 [3b163acc-90b4-4277-b760-810609058c95@group-740793ACE693:LeaderElection9] INFO  server.RaftServerConfigKeys (ConfUtils.java:logGet(43)) - raft.server.staging.catchup.gap = 1000 (default)
2019-09-25 07:30:01,160 [3b163acc-90b4-4277-b760-810609058c95@group-740793ACE693:LeaderElection9] INFO  server.RaftServerConfigKeys (ConfUtils.java:logGet(43)) - raft.server.rpc.sleep.time = 25ms (default)
2019-09-25 07:30:01,160 [3b163acc-90b4-4277-b760-810609058c95@group-740793ACE693:LeaderElection9] INFO  server.RaftServerConfigKeys (ConfUtils.java:logGet(43)) - raft.server.write.element-limit = 4096 (default)
2019-09-25 07:30:01,160 [3b163acc-90b4-4277-b760-810609058c95@group-740793ACE693:LeaderElection9] INFO  server.RaftServerConfigKeys (ConfUtils.java:logGet(43)) - raft.server.watch.timeout = 10s (default)
2019-09-25 07:30:01,161 [3b163acc-90b4-4277-b760-810609058c95@group-740793ACE693:LeaderElection9] INFO  server.RaftServerConfigKeys (ConfUtils.java:logGet(43)) - raft.server.watch.timeout.denomination = 1s (default)
2019-09-25 07:30:01,161 [3b163acc-90b4-4277-b760-810609058c95@group-740793ACE693:LeaderElection9] INFO  server.RaftServerConfigKeys (ConfUtils.java:logGet(43)) - raft.server.watch.element-limit = 65536 (default)
2019-09-25 07:30:01,162 [3b163acc-90b4-4277-b760-810609058c95@group-740793ACE693:LeaderElection9] INFO  impl.RoleInfo (RoleInfo.java:updateAndGet(143)) - 3b163acc-90b4-4277-b760-810609058c95: start LeaderState
2019-09-25 07:30:01,163 [3b163acc-90b4-4277-b760-810609058c95@group-740793ACE693:LeaderElection9] INFO  segmented.SegmentedRaftLogWorker (SegmentedRaftLogWorker.java:startLogSegment(380)) - 3b163acc-90b4-4277-b760-810609058c95@group-740793ACE693-SegmentedRaftLogWorker: Starting segment from index:0
2019-09-25 07:30:01,163 [3b163acc-90b4-4277-b760-810609058c95@group-740793ACE693:LeaderElection9] INFO  impl.RaftServerImpl (ServerState.java:setRaftConf(354)) - 3b163acc-90b4-4277-b760-810609058c95@group-740793ACE693: set configuration 0: [3b163acc-90b4-4277-b760-810609058c95:192.168.30.10:34012], old=null at 0
2019-09-25 07:30:01,206 [3b163acc-90b4-4277-b760-810609058c95@group-0E1390C6AA5E-SegmentedRaftLogWorker] INFO  segmented.SegmentedRaftLogWorker (SegmentedRaftLogWorker.java:execute(569)) - 3b163acc-90b4-4277-b760-810609058c95@group-0E1390C6AA5E-SegmentedRaftLogWorker: created new log segment /workdir/hadoop-ozone/tools/target/test-dir/MiniOzoneClusterImpl-e625f0dc-3f73-4bc5-9a9c-4cc4b5f58c2e/datanode-0/data/ratis/7840cc28-fe54-4939-a4a1-0e1390c6aa5e/current/log_inprogress_0
2019-09-25 07:30:01,206 [Thread-242] INFO  impl.FollowerState (FollowerState.java:run(106)) - d56c4ccc-443a-4cf4-ae59-75174e2c5ce7:group-3B2B7E8C758B changes to CANDIDATE, lastRpcTime:5041, electionTimeout:5034ms
2019-09-25 07:30:01,206 [Thread-242] INFO  impl.RoleInfo (RoleInfo.java:shutdownFollowerState(121)) - d56c4ccc-443a-4cf4-ae59-75174e2c5ce7: shutdown FollowerState
2019-09-25 07:30:01,206 [Thread-242] INFO  impl.RaftServerImpl (RaftServerImpl.java:setRole(174)) - d56c4ccc-443a-4cf4-ae59-75174e2c5ce7@group-3B2B7E8C758B: changes role from  FOLLOWER to CANDIDATE at term 0 for changeToCandidate
2019-09-25 07:30:01,207 [Thread-242] INFO  impl.RoleInfo (RoleInfo.java:updateAndGet(143)) - d56c4ccc-443a-4cf4-ae59-75174e2c5ce7: start LeaderElection
2019-09-25 07:30:01,219 [3b163acc-90b4-4277-b760-810609058c95@group-740793ACE693-SegmentedRaftLogWorker] INFO  segmented.SegmentedRaftLogWorker (SegmentedRaftLogWorker.java:execute(569)) - 3b163acc-90b4-4277-b760-810609058c95@group-740793ACE693-SegmentedRaftLogWorker: created new log segment /workdir/hadoop-ozone/tools/target/test-dir/MiniOzoneClusterImpl-e625f0dc-3f73-4bc5-9a9c-4cc4b5f58c2e/datanode-0/data/ratis/f6052b29-d876-4c68-9fd0-740793ace693/current/log_inprogress_0
2019-09-25 07:30:01,219 [d56c4ccc-443a-4cf4-ae59-75174e2c5ce7@group-3B2B7E8C758B:LeaderElection10] INFO  impl.LeaderElection (LeaderElection.java:askForVotes(182)) - d56c4ccc-443a-4cf4-ae59-75174e2c5ce7@group-3B2B7E8C758B:LeaderElection10: begin an election at term 1 for -1: [d56c4ccc-443a-4cf4-ae59-75174e2c5ce7:192.168.30.10:41980], old=null
2019-09-25 07:30:01,219 [d56c4ccc-443a-4cf4-ae59-75174e2c5ce7@group-3B2B7E8C758B:LeaderElection10] INFO  impl.RoleInfo (RoleInfo.java:shutdownLeaderElection(134)) - d56c4ccc-443a-4cf4-ae59-75174e2c5ce7: shutdown LeaderElection
2019-09-25 07:30:01,219 [d56c4ccc-443a-4cf4-ae59-75174e2c5ce7@group-3B2B7E8C758B:LeaderElection10] INFO  impl.RaftServerImpl (RaftServerImpl.java:setRole(174)) - d56c4ccc-443a-4cf4-ae59-75174e2c5ce7@group-3B2B7E8C758B: changes role from CANDIDATE to LEADER at term 1 for changeToLeader
2019-09-25 07:30:01,219 [d56c4ccc-443a-4cf4-ae59-75174e2c5ce7@group-3B2B7E8C758B:LeaderElection10] INFO  impl.RaftServerImpl (ServerState.java:setLeader(253)) - d56c4ccc-443a-4cf4-ae59-75174e2c5ce7@group-3B2B7E8C758B: change Leader from null to d56c4ccc-443a-4cf4-ae59-75174e2c5ce7 at term 1 for becomeLeader, leader elected after 5065ms
2019-09-25 07:30:01,219 [d56c4ccc-443a-4cf4-ae59-75174e2c5ce7@group-3B2B7E8C758B:LeaderElection10] INFO  server.RaftServerConfigKeys (ConfUtils.java:logGet(43)) - raft.server.staging.catchup.gap = 1000 (default)
2019-09-25 07:30:01,220 [d56c4ccc-443a-4cf4-ae59-75174e2c5ce7@group-3B2B7E8C758B:LeaderElection10] INFO  server.RaftServerConfigKeys (ConfUtils.java:logGet(43)) - raft.server.rpc.sleep.time = 25ms (default)
2019-09-25 07:30:01,220 [d56c4ccc-443a-4cf4-ae59-75174e2c5ce7@group-3B2B7E8C758B:LeaderElection10] INFO  server.RaftServerConfigKeys (ConfUtils.java:logGet(43)) - raft.server.write.element-limit = 4096 (default)
2019-09-25 07:30:01,220 [d56c4ccc-443a-4cf4-ae59-75174e2c5ce7@group-3B2B7E8C758B:LeaderElection10] INFO  server.RaftServerConfigKeys (ConfUtils.java:logGet(43)) - raft.server.watch.timeout = 10s (default)
2019-09-25 07:30:01,220 [d56c4ccc-443a-4cf4-ae59-75174e2c5ce7@group-3B2B7E8C758B:LeaderElection10] INFO  server.RaftServerConfigKeys (ConfUtils.java:logGet(43)) - raft.server.watch.timeout.denomination = 1s (default)
2019-09-25 07:30:01,220 [d56c4ccc-443a-4cf4-ae59-75174e2c5ce7@group-3B2B7E8C758B:LeaderElection10] INFO  server.RaftServerConfigKeys (ConfUtils.java:logGet(43)) - raft.server.watch.element-limit = 65536 (default)
2019-09-25 07:30:01,222 [d56c4ccc-443a-4cf4-ae59-75174e2c5ce7@group-3B2B7E8C758B:LeaderElection10] INFO  impl.RoleInfo (RoleInfo.java:updateAndGet(143)) - d56c4ccc-443a-4cf4-ae59-75174e2c5ce7: start LeaderState
2019-09-25 07:30:01,223 [d56c4ccc-443a-4cf4-ae59-75174e2c5ce7@group-3B2B7E8C758B:LeaderElection10] INFO  segmented.SegmentedRaftLogWorker (SegmentedRaftLogWorker.java:startLogSegment(380)) - d56c4ccc-443a-4cf4-ae59-75174e2c5ce7@group-3B2B7E8C758B-SegmentedRaftLogWorker: Starting segment from index:0
2019-09-25 07:30:01,223 [d56c4ccc-443a-4cf4-ae59-75174e2c5ce7@group-3B2B7E8C758B:LeaderElection10] INFO  impl.RaftServerImpl (ServerState.java:setRaftConf(354)) - d56c4ccc-443a-4cf4-ae59-75174e2c5ce7@group-3B2B7E8C758B: set configuration 0: [d56c4ccc-443a-4cf4-ae59-75174e2c5ce7:192.168.30.10:41980], old=null at 0
2019-09-25 07:30:01,260 [Thread-238] INFO  impl.FollowerState (FollowerState.java:run(106)) - d8a61d6a-3767-4395-9d18-c8065c09d76e:group-E3BA4126AE73 changes to CANDIDATE, lastRpcTime:5173, electionTimeout:5144ms
 0.00% |█                                                                                                    |  0/1 Time: 0:00:052019-09-25 07:30:01,260 [Thread-238] INFO  impl.RoleInfo (RoleInfo.java:shutdownFollowerState(121)) - d8a61d6a-3767-4395-9d18-c8065c09d76e: shutdown FollowerState
2019-09-25 07:30:01,260 [Thread-238] INFO  impl.RaftServerImpl (RaftServerImpl.java:setRole(174)) - d8a61d6a-3767-4395-9d18-c8065c09d76e@group-E3BA4126AE73: changes role from  FOLLOWER to CANDIDATE at term 0 for changeToCandidate
2019-09-25 07:30:01,261 [Thread-238] INFO  impl.RoleInfo (RoleInfo.java:updateAndGet(143)) - d8a61d6a-3767-4395-9d18-c8065c09d76e: start LeaderElection
2019-09-25 07:30:01,264 [d56c4ccc-443a-4cf4-ae59-75174e2c5ce7@group-3B2B7E8C758B-SegmentedRaftLogWorker] INFO  segmented.SegmentedRaftLogWorker (SegmentedRaftLogWorker.java:execute(569)) - d56c4ccc-443a-4cf4-ae59-75174e2c5ce7@group-3B2B7E8C758B-SegmentedRaftLogWorker: created new log segment /workdir/hadoop-ozone/tools/target/test-dir/MiniOzoneClusterImpl-e625f0dc-3f73-4bc5-9a9c-4cc4b5f58c2e/datanode-1/data/ratis/b6100bfc-bd3c-4a03-ba8c-3b2b7e8c758b/current/log_inprogress_0
2019-09-25 07:30:01,278 [Thread-248] INFO  impl.FollowerState (FollowerState.java:run(106)) - 3b163acc-90b4-4277-b760-810609058c95:group-93EBA98865C1 changes to CANDIDATE, lastRpcTime:5043, electionTimeout:5043ms
2019-09-25 07:30:01,279 [Thread-248] INFO  impl.RoleInfo (RoleInfo.java:shutdownFollowerState(121)) - 3b163acc-90b4-4277-b760-810609058c95: shutdown FollowerState
2019-09-25 07:30:01,279 [Thread-248] INFO  impl.RaftServerImpl (RaftServerImpl.java:setRole(174)) - 3b163acc-90b4-4277-b760-810609058c95@group-93EBA98865C1: changes role from  FOLLOWER to CANDIDATE at term 0 for changeToCandidate
2019-09-25 07:30:01,279 [Thread-248] INFO  impl.RoleInfo (RoleInfo.java:updateAndGet(143)) - 3b163acc-90b4-4277-b760-810609058c95: start LeaderElection
2019-09-25 07:30:01,279 [d8a61d6a-3767-4395-9d18-c8065c09d76e@group-E3BA4126AE73:LeaderElection11] INFO  impl.LeaderElection (LeaderElection.java:askForVotes(182)) - d8a61d6a-3767-4395-9d18-c8065c09d76e@group-E3BA4126AE73:LeaderElection11: begin an election at term 1 for -1: [d8a61d6a-3767-4395-9d18-c8065c09d76e:192.168.30.10:42388], old=null
2019-09-25 07:30:01,280 [d8a61d6a-3767-4395-9d18-c8065c09d76e@group-E3BA4126AE73:LeaderElection11] INFO  impl.RoleInfo (RoleInfo.java:shutdownLeaderElection(134)) - d8a61d6a-3767-4395-9d18-c8065c09d76e: shutdown LeaderElection
2019-09-25 07:30:01,283 [d8a61d6a-3767-4395-9d18-c8065c09d76e@group-E3BA4126AE73:LeaderElection11] INFO  impl.RaftServerImpl (RaftServerImpl.java:setRole(174)) - d8a61d6a-3767-4395-9d18-c8065c09d76e@group-E3BA4126AE73: changes role from CANDIDATE to LEADER at term 1 for changeToLeader
2019-09-25 07:30:01,283 [d8a61d6a-3767-4395-9d18-c8065c09d76e@group-E3BA4126AE73:LeaderElection11] INFO  impl.RaftServerImpl (ServerState.java:setLeader(253)) - d8a61d6a-3767-4395-9d18-c8065c09d76e@group-E3BA4126AE73: change Leader from null to d8a61d6a-3767-4395-9d18-c8065c09d76e at term 1 for becomeLeader, leader elected after 5208ms
2019-09-25 07:30:01,284 [d8a61d6a-3767-4395-9d18-c8065c09d76e@group-E3BA4126AE73:LeaderElection11] INFO  server.RaftServerConfigKeys (ConfUtils.java:logGet(43)) - raft.server.staging.catchup.gap = 1000 (default)
2019-09-25 07:30:01,284 [d8a61d6a-3767-4395-9d18-c8065c09d76e@group-E3BA4126AE73:LeaderElection11] INFO  server.RaftServerConfigKeys (ConfUtils.java:logGet(43)) - raft.server.rpc.sleep.time = 25ms (default)
2019-09-25 07:30:01,285 [d8a61d6a-3767-4395-9d18-c8065c09d76e@group-E3BA4126AE73:LeaderElection11] INFO  server.RaftServerConfigKeys (ConfUtils.java:logGet(43)) - raft.server.write.element-limit = 4096 (default)
2019-09-25 07:30:01,285 [d8a61d6a-3767-4395-9d18-c8065c09d76e@group-E3BA4126AE73:LeaderElection11] INFO  server.RaftServerConfigKeys (ConfUtils.java:logGet(43)) - raft.server.watch.timeout = 10s (default)
2019-09-25 07:30:01,285 [d8a61d6a-3767-4395-9d18-c8065c09d76e@group-E3BA4126AE73:LeaderElection11] INFO  server.RaftServerConfigKeys (ConfUtils.java:logGet(43)) - raft.server.watch.timeout.denomination = 1s (default)
2019-09-25 07:30:01,285 [d8a61d6a-3767-4395-9d18-c8065c09d76e@group-E3BA4126AE73:LeaderElection11] INFO  server.RaftServerConfigKeys (ConfUtils.java:logGet(43)) - raft.server.watch.element-limit = 65536 (default)
2019-09-25 07:30:01,288 [d8a61d6a-3767-4395-9d18-c8065c09d76e@group-E3BA4126AE73:LeaderElection11] INFO  impl.RoleInfo (RoleInfo.java:updateAndGet(143)) - d8a61d6a-3767-4395-9d18-c8065c09d76e: start LeaderState
2019-09-25 07:30:01,288 [d8a61d6a-3767-4395-9d18-c8065c09d76e@group-E3BA4126AE73:LeaderElection11] INFO  segmented.SegmentedRaftLogWorker (SegmentedRaftLogWorker.java:startLogSegment(380)) - d8a61d6a-3767-4395-9d18-c8065c09d76e@group-E3BA4126AE73-SegmentedRaftLogWorker: Starting segment from index:0
2019-09-25 07:30:01,289 [d8a61d6a-3767-4395-9d18-c8065c09d76e@group-E3BA4126AE73:LeaderElection11] INFO  impl.RaftServerImpl (ServerState.java:setRaftConf(354)) - d8a61d6a-3767-4395-9d18-c8065c09d76e@group-E3BA4126AE73: set configuration 0: [d8a61d6a-3767-4395-9d18-c8065c09d76e:192.168.30.10:42388], old=null at 0
2019-09-25 07:30:01,325 [3b163acc-90b4-4277-b760-810609058c95@group-93EBA98865C1:LeaderElection12] INFO  impl.LeaderElection (LeaderElection.java:askForVotes(182)) - 3b163acc-90b4-4277-b760-810609058c95@group-93EBA98865C1:LeaderElection12: begin an election at term 1 for -1: [3b163acc-90b4-4277-b760-810609058c95:192.168.30.10:34012], old=null
2019-09-25 07:30:01,325 [3b163acc-90b4-4277-b760-810609058c95@group-93EBA98865C1:LeaderElection12] INFO  impl.RoleInfo (RoleInfo.java:shutdownLeaderElection(134)) - 3b163acc-90b4-4277-b760-810609058c95: shutdown LeaderElection
2019-09-25 07:30:01,325 [3b163acc-90b4-4277-b760-810609058c95@group-93EBA98865C1:LeaderElection12] INFO  impl.RaftServerImpl (RaftServerImpl.java:setRole(174)) - 3b163acc-90b4-4277-b760-810609058c95@group-93EBA98865C1: changes role from CANDIDATE to LEADER at term 1 for changeToLeader
2019-09-25 07:30:01,326 [3b163acc-90b4-4277-b760-810609058c95@group-93EBA98865C1:LeaderElection12] INFO  impl.RaftServerImpl (ServerState.java:setLeader(253)) - 3b163acc-90b4-4277-b760-810609058c95@group-93EBA98865C1: change Leader from null to 3b163acc-90b4-4277-b760-810609058c95 at term 1 for becomeLeader, leader elected after 5097ms
2019-09-25 07:30:01,326 [3b163acc-90b4-4277-b760-810609058c95@group-93EBA98865C1:LeaderElection12] INFO  server.RaftServerConfigKeys (ConfUtils.java:logGet(43)) - raft.server.staging.catchup.gap = 1000 (default)
2019-09-25 07:30:01,326 [3b163acc-90b4-4277-b760-810609058c95@group-93EBA98865C1:LeaderElection12] INFO  server.RaftServerConfigKeys (ConfUtils.java:logGet(43)) - raft.server.rpc.sleep.time = 25ms (default)
2019-09-25 07:30:01,326 [3b163acc-90b4-4277-b760-810609058c95@group-93EBA98865C1:LeaderElection12] INFO  server.RaftServerConfigKeys (ConfUtils.java:logGet(43)) - raft.server.write.element-limit = 4096 (default)
2019-09-25 07:30:01,326 [3b163acc-90b4-4277-b760-810609058c95@group-93EBA98865C1:LeaderElection12] INFO  server.RaftServerConfigKeys (ConfUtils.java:logGet(43)) - raft.server.watch.timeout = 10s (default)
2019-09-25 07:30:01,327 [3b163acc-90b4-4277-b760-810609058c95@group-93EBA98865C1:LeaderElection12] INFO  server.RaftServerConfigKeys (ConfUtils.java:logGet(43)) - raft.server.watch.timeout.denomination = 1s (default)
2019-09-25 07:30:01,327 [3b163acc-90b4-4277-b760-810609058c95@group-93EBA98865C1:LeaderElection12] INFO  server.RaftServerConfigKeys (ConfUtils.java:logGet(43)) - raft.server.watch.element-limit = 65536 (default)
2019-09-25 07:30:01,330 [3b163acc-90b4-4277-b760-810609058c95@group-93EBA98865C1:LeaderElection12] INFO  impl.RoleInfo (RoleInfo.java:updateAndGet(143)) - 3b163acc-90b4-4277-b760-810609058c95: start LeaderState
2019-09-25 07:30:01,330 [3b163acc-90b4-4277-b760-810609058c95@group-93EBA98865C1:LeaderElection12] INFO  segmented.SegmentedRaftLogWorker (SegmentedRaftLogWorker.java:startLogSegment(380)) - 3b163acc-90b4-4277-b760-810609058c95@group-93EBA98865C1-SegmentedRaftLogWorker: Starting segment from index:0
2019-09-25 07:30:01,331 [3b163acc-90b4-4277-b760-810609058c95@group-93EBA98865C1:LeaderElection12] INFO  impl.RaftServerImpl (ServerState.java:setRaftConf(354)) - 3b163acc-90b4-4277-b760-810609058c95@group-93EBA98865C1: set configuration 0: [3b163acc-90b4-4277-b760-810609058c95:192.168.30.10:34012], old=null at 0
2019-09-25 07:30:01,363 [d8a61d6a-3767-4395-9d18-c8065c09d76e@group-E3BA4126AE73-SegmentedRaftLogWorker] INFO  segmented.SegmentedRaftLogWorker (SegmentedRaftLogWorker.java:execute(569)) - d8a61d6a-3767-4395-9d18-c8065c09d76e@group-E3BA4126AE73-SegmentedRaftLogWorker: created new log segment /workdir/hadoop-ozone/tools/target/test-dir/MiniOzoneClusterImpl-e625f0dc-3f73-4bc5-9a9c-4cc4b5f58c2e/datanode-2/data/ratis/e4adbbef-167c-4346-9c97-e3ba4126ae73/current/log_inprogress_0
2019-09-25 07:30:01,376 [3b163acc-90b4-4277-b760-810609058c95@group-93EBA98865C1-SegmentedRaftLogWorker] INFO  segmented.SegmentedRaftLogWorker (SegmentedRaftLogWorker.java:execute(569)) - 3b163acc-90b4-4277-b760-810609058c95@group-93EBA98865C1-SegmentedRaftLogWorker: created new log segment /workdir/hadoop-ozone/tools/target/test-dir/MiniOzoneClusterImpl-e625f0dc-3f73-4bc5-9a9c-4cc4b5f58c2e/datanode-0/data/ratis/aa92f5bb-ad31-41f7-869e-93eba98865c1/current/log_inprogress_0
2019-09-25 07:30:01,486 [Thread-251] INFO  impl.FollowerState (FollowerState.java:run(106)) - cd2c40c8-d07b-4b9d-aa49-bfe6dbbda9a0:group-543833E0FB45 changes to CANDIDATE, lastRpcTime:5168, electionTimeout:5168ms
2019-09-25 07:30:01,486 [Thread-251] INFO  impl.RoleInfo (RoleInfo.java:shutdownFollowerState(121)) - cd2c40c8-d07b-4b9d-aa49-bfe6dbbda9a0: shutdown FollowerState
2019-09-25 07:30:01,487 [Thread-251] INFO  impl.RaftServerImpl (RaftServerImpl.java:setRole(174)) - cd2c40c8-d07b-4b9d-aa49-bfe6dbbda9a0@group-543833E0FB45: changes role from  FOLLOWER to CANDIDATE at term 0 for changeToCandidate
2019-09-25 07:30:01,487 [Thread-251] INFO  impl.RoleInfo (RoleInfo.java:updateAndGet(143)) - cd2c40c8-d07b-4b9d-aa49-bfe6dbbda9a0: start LeaderElection
2019-09-25 07:30:01,507 [cd2c40c8-d07b-4b9d-aa49-bfe6dbbda9a0@group-543833E0FB45:LeaderElection13] INFO  impl.LeaderElection (LeaderElection.java:askForVotes(182)) - cd2c40c8-d07b-4b9d-aa49-bfe6dbbda9a0@group-543833E0FB45:LeaderElection13: begin an election at term 1 for -1: [cd2c40c8-d07b-4b9d-aa49-bfe6dbbda9a0:192.168.30.10:35976], old=null
2019-09-25 07:30:01,508 [cd2c40c8-d07b-4b9d-aa49-bfe6dbbda9a0@group-543833E0FB45:LeaderElection13] INFO  impl.RoleInfo (RoleInfo.java:shutdownLeaderElection(134)) - cd2c40c8-d07b-4b9d-aa49-bfe6dbbda9a0: shutdown LeaderElection
2019-09-25 07:30:01,508 [cd2c40c8-d07b-4b9d-aa49-bfe6dbbda9a0@group-543833E0FB45:LeaderElection13] INFO  impl.RaftServerImpl (RaftServerImpl.java:setRole(174)) - cd2c40c8-d07b-4b9d-aa49-bfe6dbbda9a0@group-543833E0FB45: changes role from CANDIDATE to LEADER at term 1 for changeToLeader
2019-09-25 07:30:01,508 [cd2c40c8-d07b-4b9d-aa49-bfe6dbbda9a0@group-543833E0FB45:LeaderElection13] INFO  impl.RaftServerImpl (ServerState.java:setLeader(253)) - cd2c40c8-d07b-4b9d-aa49-bfe6dbbda9a0@group-543833E0FB45: change Leader from null to cd2c40c8-d07b-4b9d-aa49-bfe6dbbda9a0 at term 1 for becomeLeader, leader elected after 5200ms
2019-09-25 07:30:01,511 [cd2c40c8-d07b-4b9d-aa49-bfe6dbbda9a0@group-543833E0FB45:LeaderElection13] INFO  server.RaftServerConfigKeys (ConfUtils.java:logGet(43)) - raft.server.staging.catchup.gap = 1000 (default)
2019-09-25 07:30:01,511 [cd2c40c8-d07b-4b9d-aa49-bfe6dbbda9a0@group-543833E0FB45:LeaderElection13] INFO  server.RaftServerConfigKeys (ConfUtils.java:logGet(43)) - raft.server.rpc.sleep.time = 25ms (default)
2019-09-25 07:30:01,511 [cd2c40c8-d07b-4b9d-aa49-bfe6dbbda9a0@group-543833E0FB45:LeaderElection13] INFO  server.RaftServerConfigKeys (ConfUtils.java:logGet(43)) - raft.server.write.element-limit = 4096 (default)
2019-09-25 07:30:01,512 [cd2c40c8-d07b-4b9d-aa49-bfe6dbbda9a0@group-543833E0FB45:LeaderElection13] INFO  server.RaftServerConfigKeys (ConfUtils.java:logGet(43)) - raft.server.watch.timeout = 10s (default)
2019-09-25 07:30:01,512 [cd2c40c8-d07b-4b9d-aa49-bfe6dbbda9a0@group-543833E0FB45:LeaderElection13] INFO  server.RaftServerConfigKeys (ConfUtils.java:logGet(43)) - raft.server.watch.timeout.denomination = 1s (default)
2019-09-25 07:30:01,512 [cd2c40c8-d07b-4b9d-aa49-bfe6dbbda9a0@group-543833E0FB45:LeaderElection13] INFO  server.RaftServerConfigKeys (ConfUtils.java:logGet(43)) - raft.server.watch.element-limit = 65536 (default)
2019-09-25 07:30:01,515 [cd2c40c8-d07b-4b9d-aa49-bfe6dbbda9a0@group-543833E0FB45:LeaderElection13] INFO  impl.RoleInfo (RoleInfo.java:updateAndGet(143)) - cd2c40c8-d07b-4b9d-aa49-bfe6dbbda9a0: start LeaderState
2019-09-25 07:30:01,515 [cd2c40c8-d07b-4b9d-aa49-bfe6dbbda9a0@group-543833E0FB45:LeaderElection13] INFO  segmented.SegmentedRaftLogWorker (SegmentedRaftLogWorker.java:startLogSegment(380)) - cd2c40c8-d07b-4b9d-aa49-bfe6dbbda9a0@group-543833E0FB45-SegmentedRaftLogWorker: Starting segment from index:0
2019-09-25 07:30:01,516 [cd2c40c8-d07b-4b9d-aa49-bfe6dbbda9a0@group-543833E0FB45:LeaderElection13] INFO  impl.RaftServerImpl (ServerState.java:setRaftConf(354)) - cd2c40c8-d07b-4b9d-aa49-bfe6dbbda9a0@group-543833E0FB45: set configuration 0: [cd2c40c8-d07b-4b9d-aa49-bfe6dbbda9a0:192.168.30.10:35976], old=null at 0
2019-09-25 07:30:01,555 [Thread-257] INFO  impl.FollowerState (FollowerState.java:run(106)) - cd2c40c8-d07b-4b9d-aa49-bfe6dbbda9a0:group-23F3CE6407E7 changes to CANDIDATE, lastRpcTime:5071, electionTimeout:5055ms
2019-09-25 07:30:01,555 [Thread-257] INFO  impl.RoleInfo (RoleInfo.java:shutdownFollowerState(121)) - cd2c40c8-d07b-4b9d-aa49-bfe6dbbda9a0: shutdown FollowerState
2019-09-25 07:30:01,555 [Thread-257] INFO  impl.RaftServerImpl (RaftServerImpl.java:setRole(174)) - cd2c40c8-d07b-4b9d-aa49-bfe6dbbda9a0@group-23F3CE6407E7: changes role from  FOLLOWER to CANDIDATE at term 0 for changeToCandidate
2019-09-25 07:30:01,555 [Thread-257] INFO  impl.RoleInfo (RoleInfo.java:updateAndGet(143)) - cd2c40c8-d07b-4b9d-aa49-bfe6dbbda9a0: start LeaderElection
2019-09-25 07:30:01,568 [cd2c40c8-d07b-4b9d-aa49-bfe6dbbda9a0@group-543833E0FB45-SegmentedRaftLogWorker] INFO  segmented.SegmentedRaftLogWorker (SegmentedRaftLogWorker.java:execute(569)) - cd2c40c8-d07b-4b9d-aa49-bfe6dbbda9a0@group-543833E0FB45-SegmentedRaftLogWorker: created new log segment /workdir/hadoop-ozone/tools/target/test-dir/MiniOzoneClusterImpl-e625f0dc-3f73-4bc5-9a9c-4cc4b5f58c2e/datanode-4/data/ratis/b5f57f86-5e40-4200-b975-543833e0fb45/current/log_inprogress_0
2019-09-25 07:30:01,568 [cd2c40c8-d07b-4b9d-aa49-bfe6dbbda9a0@group-23F3CE6407E7:LeaderElection14] INFO  impl.LeaderElection (LeaderElection.java:askForVotes(182)) - cd2c40c8-d07b-4b9d-aa49-bfe6dbbda9a0@group-23F3CE6407E7:LeaderElection14: begin an election at term 1 for -1: [cd2c40c8-d07b-4b9d-aa49-bfe6dbbda9a0:192.168.30.10:35976], old=null
2019-09-25 07:30:01,568 [cd2c40c8-d07b-4b9d-aa49-bfe6dbbda9a0@group-23F3CE6407E7:LeaderElection14] INFO  impl.RoleInfo (RoleInfo.java:shutdownLeaderElection(134)) - cd2c40c8-d07b-4b9d-aa49-bfe6dbbda9a0: shutdown LeaderElection
2019-09-25 07:30:01,568 [cd2c40c8-d07b-4b9d-aa49-bfe6dbbda9a0@group-23F3CE6407E7:LeaderElection14] INFO  impl.RaftServerImpl (RaftServerImpl.java:setRole(174)) - cd2c40c8-d07b-4b9d-aa49-bfe6dbbda9a0@group-23F3CE6407E7: changes role from CANDIDATE to LEADER at term 1 for changeToLeader
2019-09-25 07:30:01,569 [cd2c40c8-d07b-4b9d-aa49-bfe6dbbda9a0@group-23F3CE6407E7:LeaderElection14] INFO  impl.RaftServerImpl (ServerState.java:setLeader(253)) - cd2c40c8-d07b-4b9d-aa49-bfe6dbbda9a0@group-23F3CE6407E7: change Leader from null to cd2c40c8-d07b-4b9d-aa49-bfe6dbbda9a0 at term 1 for becomeLeader, leader elected after 5102ms
2019-09-25 07:30:01,569 [cd2c40c8-d07b-4b9d-aa49-bfe6dbbda9a0@group-23F3CE6407E7:LeaderElection14] INFO  server.RaftServerConfigKeys (ConfUtils.java:logGet(43)) - raft.server.staging.catchup.gap = 1000 (default)
2019-09-25 07:30:01,569 [cd2c40c8-d07b-4b9d-aa49-bfe6dbbda9a0@group-23F3CE6407E7:LeaderElection14] INFO  server.RaftServerConfigKeys (ConfUtils.java:logGet(43)) - raft.server.rpc.sleep.time = 25ms (default)
2019-09-25 07:30:01,569 [cd2c40c8-d07b-4b9d-aa49-bfe6dbbda9a0@group-23F3CE6407E7:LeaderElection14] INFO  server.RaftServerConfigKeys (ConfUtils.java:logGet(43)) - raft.server.write.element-limit = 4096 (default)
2019-09-25 07:30:01,569 [cd2c40c8-d07b-4b9d-aa49-bfe6dbbda9a0@group-23F3CE6407E7:LeaderElection14] INFO  server.RaftServerConfigKeys (ConfUtils.java:logGet(43)) - raft.server.watch.timeout = 10s (default)
2019-09-25 07:30:01,570 [cd2c40c8-d07b-4b9d-aa49-bfe6dbbda9a0@group-23F3CE6407E7:LeaderElection14] INFO  server.RaftServerConfigKeys (ConfUtils.java:logGet(43)) - raft.server.watch.timeout.denomination = 1s (default)
2019-09-25 07:30:01,570 [cd2c40c8-d07b-4b9d-aa49-bfe6dbbda9a0@group-23F3CE6407E7:LeaderElection14] INFO  server.RaftServerConfigKeys (ConfUtils.java:logGet(43)) - raft.server.watch.element-limit = 65536 (default)
2019-09-25 07:30:01,570 [Thread-254] INFO  impl.FollowerState (FollowerState.java:run(106)) - d8a61d6a-3767-4395-9d18-c8065c09d76e:group-3BE7C2A920E6 changes to CANDIDATE, lastRpcTime:5174, electionTimeout:5172ms
2019-09-25 07:30:01,570 [Thread-254] INFO  impl.RoleInfo (RoleInfo.java:shutdownFollowerState(121)) - d8a61d6a-3767-4395-9d18-c8065c09d76e: shutdown FollowerState
2019-09-25 07:30:01,570 [Thread-254] INFO  impl.RaftServerImpl (RaftServerImpl.java:setRole(174)) - d8a61d6a-3767-4395-9d18-c8065c09d76e@group-3BE7C2A920E6: changes role from  FOLLOWER to CANDIDATE at term 0 for changeToCandidate
2019-09-25 07:30:01,571 [Thread-254] INFO  impl.RoleInfo (RoleInfo.java:updateAndGet(143)) - d8a61d6a-3767-4395-9d18-c8065c09d76e: start LeaderElection
2019-09-25 07:30:01,580 [cd2c40c8-d07b-4b9d-aa49-bfe6dbbda9a0@group-23F3CE6407E7:LeaderElection14] INFO  impl.RoleInfo (RoleInfo.java:updateAndGet(143)) - cd2c40c8-d07b-4b9d-aa49-bfe6dbbda9a0: start LeaderState
2019-09-25 07:30:01,580 [cd2c40c8-d07b-4b9d-aa49-bfe6dbbda9a0@group-23F3CE6407E7:LeaderElection14] INFO  segmented.SegmentedRaftLogWorker (SegmentedRaftLogWorker.java:startLogSegment(380)) - cd2c40c8-d07b-4b9d-aa49-bfe6dbbda9a0@group-23F3CE6407E7-SegmentedRaftLogWorker: Starting segment from index:0
2019-09-25 07:30:01,581 [cd2c40c8-d07b-4b9d-aa49-bfe6dbbda9a0@group-23F3CE6407E7:LeaderElection14] INFO  impl.RaftServerImpl (ServerState.java:setRaftConf(354)) - cd2c40c8-d07b-4b9d-aa49-bfe6dbbda9a0@group-23F3CE6407E7: set configuration 0: [cd2c40c8-d07b-4b9d-aa49-bfe6dbbda9a0:192.168.30.10:35976], old=null at 0
2019-09-25 07:30:01,618 [d8a61d6a-3767-4395-9d18-c8065c09d76e@group-3BE7C2A920E6:LeaderElection15] INFO  impl.LeaderElection (LeaderElection.java:askForVotes(182)) - d8a61d6a-3767-4395-9d18-c8065c09d76e@group-3BE7C2A920E6:LeaderElection15: begin an election at term 1 for -1: [d8a61d6a-3767-4395-9d18-c8065c09d76e:192.168.30.10:42388], old=null
2019-09-25 07:30:01,618 [d8a61d6a-3767-4395-9d18-c8065c09d76e@group-3BE7C2A920E6:LeaderElection15] INFO  impl.RoleInfo (RoleInfo.java:shutdownLeaderElection(134)) - d8a61d6a-3767-4395-9d18-c8065c09d76e: shutdown LeaderElection
2019-09-25 07:30:01,619 [d8a61d6a-3767-4395-9d18-c8065c09d76e@group-3BE7C2A920E6:LeaderElection15] INFO  impl.RaftServerImpl (RaftServerImpl.java:setRole(174)) - d8a61d6a-3767-4395-9d18-c8065c09d76e@group-3BE7C2A920E6: changes role from CANDIDATE to LEADER at term 1 for changeToLeader
2019-09-25 07:30:01,619 [d8a61d6a-3767-4395-9d18-c8065c09d76e@group-3BE7C2A920E6:LeaderElection15] INFO  impl.RaftServerImpl (ServerState.java:setLeader(253)) - d8a61d6a-3767-4395-9d18-c8065c09d76e@group-3BE7C2A920E6: change Leader from null to d8a61d6a-3767-4395-9d18-c8065c09d76e at term 1 for becomeLeader, leader elected after 5230ms
2019-09-25 07:30:01,619 [d8a61d6a-3767-4395-9d18-c8065c09d76e@group-3BE7C2A920E6:LeaderElection15] INFO  server.RaftServerConfigKeys (ConfUtils.java:logGet(43)) - raft.server.staging.catchup.gap = 1000 (default)
2019-09-25 07:30:01,619 [d8a61d6a-3767-4395-9d18-c8065c09d76e@group-3BE7C2A920E6:LeaderElection15] INFO  server.RaftServerConfigKeys (ConfUtils.java:logGet(43)) - raft.server.rpc.sleep.time = 25ms (default)
2019-09-25 07:30:01,619 [d8a61d6a-3767-4395-9d18-c8065c09d76e@group-3BE7C2A920E6:LeaderElection15] INFO  server.RaftServerConfigKeys (ConfUtils.java:logGet(43)) - raft.server.write.element-limit = 4096 (default)
2019-09-25 07:30:01,619 [d8a61d6a-3767-4395-9d18-c8065c09d76e@group-3BE7C2A920E6:LeaderElection15] INFO  server.RaftServerConfigKeys (ConfUtils.java:logGet(43)) - raft.server.watch.timeout = 10s (default)
2019-09-25 07:30:01,620 [d8a61d6a-3767-4395-9d18-c8065c09d76e@group-3BE7C2A920E6:LeaderElection15] INFO  server.RaftServerConfigKeys (ConfUtils.java:logGet(43)) - raft.server.watch.timeout.denomination = 1s (default)
2019-09-25 07:30:01,620 [d8a61d6a-3767-4395-9d18-c8065c09d76e@group-3BE7C2A920E6:LeaderElection15] INFO  server.RaftServerConfigKeys (ConfUtils.java:logGet(43)) - raft.server.watch.element-limit = 65536 (default)
2019-09-25 07:30:01,622 [d8a61d6a-3767-4395-9d18-c8065c09d76e@group-3BE7C2A920E6:LeaderElection15] INFO  impl.RoleInfo (RoleInfo.java:updateAndGet(143)) - d8a61d6a-3767-4395-9d18-c8065c09d76e: start LeaderState
2019-09-25 07:30:01,622 [d8a61d6a-3767-4395-9d18-c8065c09d76e@group-3BE7C2A920E6:LeaderElection15] INFO  segmented.SegmentedRaftLogWorker (SegmentedRaftLogWorker.java:startLogSegment(380)) - d8a61d6a-3767-4395-9d18-c8065c09d76e@group-3BE7C2A920E6-SegmentedRaftLogWorker: Starting segment from index:0
2019-09-25 07:30:01,623 [d8a61d6a-3767-4395-9d18-c8065c09d76e@group-3BE7C2A920E6:LeaderElection15] INFO  impl.RaftServerImpl (ServerState.java:setRaftConf(354)) - d8a61d6a-3767-4395-9d18-c8065c09d76e@group-3BE7C2A920E6: set configuration 0: [d8a61d6a-3767-4395-9d18-c8065c09d76e:192.168.30.10:42388], old=null at 0
2019-09-25 07:30:01,657 [cd2c40c8-d07b-4b9d-aa49-bfe6dbbda9a0@group-23F3CE6407E7-SegmentedRaftLogWorker] INFO  segmented.SegmentedRaftLogWorker (SegmentedRaftLogWorker.java:execute(569)) - cd2c40c8-d07b-4b9d-aa49-bfe6dbbda9a0@group-23F3CE6407E7-SegmentedRaftLogWorker: created new log segment /workdir/hadoop-ozone/tools/target/test-dir/MiniOzoneClusterImpl-e625f0dc-3f73-4bc5-9a9c-4cc4b5f58c2e/datanode-4/data/ratis/d2315dcf-c747-49d7-a984-23f3ce6407e7/current/log_inprogress_0
2019-09-25 07:30:01,682 [d8a61d6a-3767-4395-9d18-c8065c09d76e@group-3BE7C2A920E6-SegmentedRaftLogWorker] INFO  segmented.SegmentedRaftLogWorker (SegmentedRaftLogWorker.java:execute(569)) - d8a61d6a-3767-4395-9d18-c8065c09d76e@group-3BE7C2A920E6-SegmentedRaftLogWorker: created new log segment /workdir/hadoop-ozone/tools/target/test-dir/MiniOzoneClusterImpl-e625f0dc-3f73-4bc5-9a9c-4cc4b5f58c2e/datanode-2/data/ratis/874452b3-4cc3-4674-abd8-3be7c2a920e6/current/log_inprogress_0
2019-09-25 07:30:01,935 [Thread-260] INFO  impl.FollowerState (FollowerState.java:run(106)) - d8a61d6a-3767-4395-9d18-c8065c09d76e:group-DBA1095B7303 changes to CANDIDATE, lastRpcTime:5077, electionTimeout:5077ms
2019-09-25 07:30:01,935 [Thread-260] INFO  impl.RoleInfo (RoleInfo.java:shutdownFollowerState(121)) - d8a61d6a-3767-4395-9d18-c8065c09d76e: shutdown FollowerState
2019-09-25 07:30:01,936 [Thread-260] INFO  impl.RaftServerImpl (RaftServerImpl.java:setRole(174)) - d8a61d6a-3767-4395-9d18-c8065c09d76e@group-DBA1095B7303: changes role from  FOLLOWER to CANDIDATE at term 0 for changeToCandidate
2019-09-25 07:30:01,936 [Thread-260] INFO  impl.RoleInfo (RoleInfo.java:updateAndGet(143)) - d8a61d6a-3767-4395-9d18-c8065c09d76e: start LeaderElection
2019-09-25 07:30:01,967 [d8a61d6a-3767-4395-9d18-c8065c09d76e@group-DBA1095B7303:LeaderElection16] INFO  impl.LeaderElection (LeaderElection.java:askForVotes(182)) - d8a61d6a-3767-4395-9d18-c8065c09d76e@group-DBA1095B7303:LeaderElection16: begin an election at term 1 for -1: [d8a61d6a-3767-4395-9d18-c8065c09d76e:192.168.30.10:42388], old=null
2019-09-25 07:30:01,968 [d8a61d6a-3767-4395-9d18-c8065c09d76e@group-DBA1095B7303:LeaderElection16] INFO  impl.RoleInfo (RoleInfo.java:shutdownLeaderElection(134)) - d8a61d6a-3767-4395-9d18-c8065c09d76e: shutdown LeaderElection
2019-09-25 07:30:01,968 [d8a61d6a-3767-4395-9d18-c8065c09d76e@group-DBA1095B7303:LeaderElection16] INFO  impl.RaftServerImpl (RaftServerImpl.java:setRole(174)) - d8a61d6a-3767-4395-9d18-c8065c09d76e@group-DBA1095B7303: changes role from CANDIDATE to LEADER at term 1 for changeToLeader
2019-09-25 07:30:01,968 [d8a61d6a-3767-4395-9d18-c8065c09d76e@group-DBA1095B7303:LeaderElection16] INFO  impl.RaftServerImpl (ServerState.java:setLeader(253)) - d8a61d6a-3767-4395-9d18-c8065c09d76e@group-DBA1095B7303: change Leader from null to d8a61d6a-3767-4395-9d18-c8065c09d76e at term 1 for becomeLeader, leader elected after 5133ms
2019-09-25 07:30:01,968 [d8a61d6a-3767-4395-9d18-c8065c09d76e@group-DBA1095B7303:LeaderElection16] INFO  server.RaftServerConfigKeys (ConfUtils.java:logGet(43)) - raft.server.staging.catchup.gap = 1000 (default)
2019-09-25 07:30:01,969 [d8a61d6a-3767-4395-9d18-c8065c09d76e@group-DBA1095B7303:LeaderElection16] INFO  server.RaftServerConfigKeys (ConfUtils.java:logGet(43)) - raft.server.rpc.sleep.time = 25ms (default)
2019-09-25 07:30:01,969 [d8a61d6a-3767-4395-9d18-c8065c09d76e@group-DBA1095B7303:LeaderElection16] INFO  server.RaftServerConfigKeys (ConfUtils.java:logGet(43)) - raft.server.write.element-limit = 4096 (default)
2019-09-25 07:30:01,969 [d8a61d6a-3767-4395-9d18-c8065c09d76e@group-DBA1095B7303:LeaderElection16] INFO  server.RaftServerConfigKeys (ConfUtils.java:logGet(43)) - raft.server.watch.timeout = 10s (default)
2019-09-25 07:30:01,970 [d8a61d6a-3767-4395-9d18-c8065c09d76e@group-DBA1095B7303:LeaderElection16] INFO  server.RaftServerConfigKeys (ConfUtils.java:logGet(43)) - raft.server.watch.timeout.denomination = 1s (default)
2019-09-25 07:30:01,970 [d8a61d6a-3767-4395-9d18-c8065c09d76e@group-DBA1095B7303:LeaderElection16] INFO  server.RaftServerConfigKeys (ConfUtils.java:logGet(43)) - raft.server.watch.element-limit = 65536 (default)
2019-09-25 07:30:01,973 [d8a61d6a-3767-4395-9d18-c8065c09d76e@group-DBA1095B7303:LeaderElection16] INFO  impl.RoleInfo (RoleInfo.java:updateAndGet(143)) - d8a61d6a-3767-4395-9d18-c8065c09d76e: start LeaderState
2019-09-25 07:30:01,973 [d8a61d6a-3767-4395-9d18-c8065c09d76e@group-DBA1095B7303:LeaderElection16] INFO  segmented.SegmentedRaftLogWorker (SegmentedRaftLogWorker.java:startLogSegment(380)) - d8a61d6a-3767-4395-9d18-c8065c09d76e@group-DBA1095B7303-SegmentedRaftLogWorker: Starting segment from index:0
2019-09-25 07:30:01,974 [d8a61d6a-3767-4395-9d18-c8065c09d76e@group-DBA1095B7303:LeaderElection16] INFO  impl.RaftServerImpl (ServerState.java:setRaftConf(354)) - d8a61d6a-3767-4395-9d18-c8065c09d76e@group-DBA1095B7303: set configuration 0: [d8a61d6a-3767-4395-9d18-c8065c09d76e:192.168.30.10:42388], old=null at 0
2019-09-25 07:30:02,023 [d8a61d6a-3767-4395-9d18-c8065c09d76e@group-DBA1095B7303-SegmentedRaftLogWorker] INFO  segmented.SegmentedRaftLogWorker (SegmentedRaftLogWorker.java:execute(569)) - d8a61d6a-3767-4395-9d18-c8065c09d76e@group-DBA1095B7303-SegmentedRaftLogWorker: created new log segment /workdir/hadoop-ozone/tools/target/test-dir/MiniOzoneClusterImpl-e625f0dc-3f73-4bc5-9a9c-4cc4b5f58c2e/datanode-2/data/ratis/e0506a43-ac70-4f2a-a96f-dba1095b7303/current/log_inprogress_0
2019-09-25 07:30:02,110 [Thread-263] INFO  impl.FollowerState (FollowerState.java:run(106)) - 2c509cf8-45fb-4761-813c-06899a301674:group-7E7CC82B86F2 changes to CANDIDATE, lastRpcTime:5159, electionTimeout:5159ms
2019-09-25 07:30:02,110 [Thread-263] INFO  impl.RoleInfo (RoleInfo.java:shutdownFollowerState(121)) - 2c509cf8-45fb-4761-813c-06899a301674: shutdown FollowerState
2019-09-25 07:30:02,111 [Thread-263] INFO  impl.RaftServerImpl (RaftServerImpl.java:setRole(174)) - 2c509cf8-45fb-4761-813c-06899a301674@group-7E7CC82B86F2: changes role from  FOLLOWER to CANDIDATE at term 0 for changeToCandidate
2019-09-25 07:30:02,111 [Thread-263] INFO  impl.RoleInfo (RoleInfo.java:updateAndGet(143)) - 2c509cf8-45fb-4761-813c-06899a301674: start LeaderElection
2019-09-25 07:30:02,130 [2c509cf8-45fb-4761-813c-06899a301674@group-7E7CC82B86F2:LeaderElection17] INFO  impl.LeaderElection (LeaderElection.java:askForVotes(182)) - 2c509cf8-45fb-4761-813c-06899a301674@group-7E7CC82B86F2:LeaderElection17: begin an election at term 1 for -1: [2c509cf8-45fb-4761-813c-06899a301674:192.168.30.10:34142], old=null
2019-09-25 07:30:02,131 [2c509cf8-45fb-4761-813c-06899a301674@group-7E7CC82B86F2:LeaderElection17] INFO  impl.RoleInfo (RoleInfo.java:shutdownLeaderElection(134)) - 2c509cf8-45fb-4761-813c-06899a301674: shutdown LeaderElection
2019-09-25 07:30:02,131 [2c509cf8-45fb-4761-813c-06899a301674@group-7E7CC82B86F2:LeaderElection17] INFO  impl.RaftServerImpl (RaftServerImpl.java:setRole(174)) - 2c509cf8-45fb-4761-813c-06899a301674@group-7E7CC82B86F2: changes role from CANDIDATE to LEADER at term 1 for changeToLeader
2019-09-25 07:30:02,131 [2c509cf8-45fb-4761-813c-06899a301674@group-7E7CC82B86F2:LeaderElection17] INFO  impl.RaftServerImpl (ServerState.java:setLeader(253)) - 2c509cf8-45fb-4761-813c-06899a301674@group-7E7CC82B86F2: change Leader from null to 2c509cf8-45fb-4761-813c-06899a301674 at term 1 for becomeLeader, leader elected after 5188ms
2019-09-25 07:30:02,132 [2c509cf8-45fb-4761-813c-06899a301674@group-7E7CC82B86F2:LeaderElection17] INFO  server.RaftServerConfigKeys (ConfUtils.java:logGet(43)) - raft.server.staging.catchup.gap = 1000 (default)
2019-09-25 07:30:02,132 [2c509cf8-45fb-4761-813c-06899a301674@group-7E7CC82B86F2:LeaderElection17] INFO  server.RaftServerConfigKeys (ConfUtils.java:logGet(43)) - raft.server.rpc.sleep.time = 25ms (default)
2019-09-25 07:30:02,132 [2c509cf8-45fb-4761-813c-06899a301674@group-7E7CC82B86F2:LeaderElection17] INFO  server.RaftServerConfigKeys (ConfUtils.java:logGet(43)) - raft.server.write.element-limit = 4096 (default)
2019-09-25 07:30:02,133 [2c509cf8-45fb-4761-813c-06899a301674@group-7E7CC82B86F2:LeaderElection17] INFO  server.RaftServerConfigKeys (ConfUtils.java:logGet(43)) - raft.server.watch.timeout = 10s (default)
2019-09-25 07:30:02,133 [2c509cf8-45fb-4761-813c-06899a301674@group-7E7CC82B86F2:LeaderElection17] INFO  server.RaftServerConfigKeys (ConfUtils.java:logGet(43)) - raft.server.watch.timeout.denomination = 1s (default)
2019-09-25 07:30:02,133 [2c509cf8-45fb-4761-813c-06899a301674@group-7E7CC82B86F2:LeaderElection17] INFO  server.RaftServerConfigKeys (ConfUtils.java:logGet(43)) - raft.server.watch.element-limit = 65536 (default)
2019-09-25 07:30:02,137 [2c509cf8-45fb-4761-813c-06899a301674@group-7E7CC82B86F2:LeaderElection17] INFO  impl.RoleInfo (RoleInfo.java:updateAndGet(143)) - 2c509cf8-45fb-4761-813c-06899a301674: start LeaderState
2019-09-25 07:30:02,137 [2c509cf8-45fb-4761-813c-06899a301674@group-7E7CC82B86F2:LeaderElection17] INFO  segmented.SegmentedRaftLogWorker (SegmentedRaftLogWorker.java:startLogSegment(380)) - 2c509cf8-45fb-4761-813c-06899a301674@group-7E7CC82B86F2-SegmentedRaftLogWorker: Starting segment from index:0
2019-09-25 07:30:02,138 [2c509cf8-45fb-4761-813c-06899a301674@group-7E7CC82B86F2:LeaderElection17] INFO  impl.RaftServerImpl (ServerState.java:setRaftConf(354)) - 2c509cf8-45fb-4761-813c-06899a301674@group-7E7CC82B86F2: set configuration 0: [2c509cf8-45fb-4761-813c-06899a301674:192.168.30.10:34142], old=null at 0
2019-09-25 07:30:02,179 [Thread-269] INFO  impl.FollowerState (FollowerState.java:run(106)) - d8a61d6a-3767-4395-9d18-c8065c09d76e:group-E2D1BD2526C1 changes to CANDIDATE, lastRpcTime:5078, electionTimeout:5078ms
2019-09-25 07:30:02,179 [Thread-269] INFO  impl.RoleInfo (RoleInfo.java:shutdownFollowerState(121)) - d8a61d6a-3767-4395-9d18-c8065c09d76e: shutdown FollowerState
2019-09-25 07:30:02,179 [Thread-269] INFO  impl.RaftServerImpl (RaftServerImpl.java:setRole(174)) - d8a61d6a-3767-4395-9d18-c8065c09d76e@group-E2D1BD2526C1: changes role from  FOLLOWER to CANDIDATE at term 0 for changeToCandidate
2019-09-25 07:30:02,179 [Thread-269] INFO  impl.RoleInfo (RoleInfo.java:updateAndGet(143)) - d8a61d6a-3767-4395-9d18-c8065c09d76e: start LeaderElection
2019-09-25 07:30:02,198 [2c509cf8-45fb-4761-813c-06899a301674@group-7E7CC82B86F2-SegmentedRaftLogWorker] INFO  segmented.SegmentedRaftLogWorker (SegmentedRaftLogWorker.java:execute(569)) - 2c509cf8-45fb-4761-813c-06899a301674@group-7E7CC82B86F2-SegmentedRaftLogWorker: created new log segment /workdir/hadoop-ozone/tools/target/test-dir/MiniOzoneClusterImpl-e625f0dc-3f73-4bc5-9a9c-4cc4b5f58c2e/datanode-3/data/ratis/23e5b4d3-3b3f-405d-bbe1-7e7cc82b86f2/current/log_inprogress_0
2019-09-25 07:30:02,198 [d8a61d6a-3767-4395-9d18-c8065c09d76e@group-E2D1BD2526C1:LeaderElection18] INFO  impl.LeaderElection (LeaderElection.java:askForVotes(182)) - d8a61d6a-3767-4395-9d18-c8065c09d76e@group-E2D1BD2526C1:LeaderElection18: begin an election at term 1 for -1: [d8a61d6a-3767-4395-9d18-c8065c09d76e:192.168.30.10:42388], old=null
2019-09-25 07:30:02,199 [d8a61d6a-3767-4395-9d18-c8065c09d76e@group-E2D1BD2526C1:LeaderElection18] INFO  impl.RoleInfo (RoleInfo.java:shutdownLeaderElection(134)) - d8a61d6a-3767-4395-9d18-c8065c09d76e: shutdown LeaderElection
2019-09-25 07:30:02,199 [d8a61d6a-3767-4395-9d18-c8065c09d76e@group-E2D1BD2526C1:LeaderElection18] INFO  impl.RaftServerImpl (RaftServerImpl.java:setRole(174)) - d8a61d6a-3767-4395-9d18-c8065c09d76e@group-E2D1BD2526C1: changes role from CANDIDATE to LEADER at term 1 for changeToLeader
2019-09-25 07:30:02,199 [d8a61d6a-3767-4395-9d18-c8065c09d76e@group-E2D1BD2526C1:LeaderElection18] INFO  impl.RaftServerImpl (ServerState.java:setLeader(253)) - d8a61d6a-3767-4395-9d18-c8065c09d76e@group-E2D1BD2526C1: change Leader from null to d8a61d6a-3767-4395-9d18-c8065c09d76e at term 1 for becomeLeader, leader elected after 5108ms
2019-09-25 07:30:02,199 [d8a61d6a-3767-4395-9d18-c8065c09d76e@group-E2D1BD2526C1:LeaderElection18] INFO  server.RaftServerConfigKeys (ConfUtils.java:logGet(43)) - raft.server.staging.catchup.gap = 1000 (default)
2019-09-25 07:30:02,199 [d8a61d6a-3767-4395-9d18-c8065c09d76e@group-E2D1BD2526C1:LeaderElection18] INFO  server.RaftServerConfigKeys (ConfUtils.java:logGet(43)) - raft.server.rpc.sleep.time = 25ms (default)
2019-09-25 07:30:02,200 [d8a61d6a-3767-4395-9d18-c8065c09d76e@group-E2D1BD2526C1:LeaderElection18] INFO  server.RaftServerConfigKeys (ConfUtils.java:logGet(43)) - raft.server.write.element-limit = 4096 (default)
2019-09-25 07:30:02,200 [d8a61d6a-3767-4395-9d18-c8065c09d76e@group-E2D1BD2526C1:LeaderElection18] INFO  server.RaftServerConfigKeys (ConfUtils.java:logGet(43)) - raft.server.watch.timeout = 10s (default)
2019-09-25 07:30:02,200 [d8a61d6a-3767-4395-9d18-c8065c09d76e@group-E2D1BD2526C1:LeaderElection18] INFO  server.RaftServerConfigKeys (ConfUtils.java:logGet(43)) - raft.server.watch.timeout.denomination = 1s (default)
2019-09-25 07:30:02,200 [d8a61d6a-3767-4395-9d18-c8065c09d76e@group-E2D1BD2526C1:LeaderElection18] INFO  server.RaftServerConfigKeys (ConfUtils.java:logGet(43)) - raft.server.watch.element-limit = 65536 (default)
2019-09-25 07:30:02,203 [Thread-266] INFO  impl.FollowerState (FollowerState.java:run(106)) - cd2c40c8-d07b-4b9d-aa49-bfe6dbbda9a0:group-00B583B54FE0 changes to CANDIDATE, lastRpcTime:5181, electionTimeout:5181ms
2019-09-25 07:30:02,203 [Thread-266] INFO  impl.RoleInfo (RoleInfo.java:shutdownFollowerState(121)) - cd2c40c8-d07b-4b9d-aa49-bfe6dbbda9a0: shutdown FollowerState
2019-09-25 07:30:02,203 [Thread-266] INFO  impl.RaftServerImpl (RaftServerImpl.java:setRole(174)) - cd2c40c8-d07b-4b9d-aa49-bfe6dbbda9a0@group-00B583B54FE0: changes role from  FOLLOWER to CANDIDATE at term 0 for changeToCandidate
2019-09-25 07:30:02,203 [Thread-266] INFO  impl.RoleInfo (RoleInfo.java:updateAndGet(143)) - cd2c40c8-d07b-4b9d-aa49-bfe6dbbda9a0: start LeaderElection
2019-09-25 07:30:02,203 [d8a61d6a-3767-4395-9d18-c8065c09d76e@group-E2D1BD2526C1:LeaderElection18] INFO  impl.RoleInfo (RoleInfo.java:updateAndGet(143)) - d8a61d6a-3767-4395-9d18-c8065c09d76e: start LeaderState
2019-09-25 07:30:02,205 [d8a61d6a-3767-4395-9d18-c8065c09d76e@group-E2D1BD2526C1:LeaderElection18] INFO  segmented.SegmentedRaftLogWorker (SegmentedRaftLogWorker.java:startLogSegment(380)) - d8a61d6a-3767-4395-9d18-c8065c09d76e@group-E2D1BD2526C1-SegmentedRaftLogWorker: Starting segment from index:0
2019-09-25 07:30:02,206 [d8a61d6a-3767-4395-9d18-c8065c09d76e@group-E2D1BD2526C1:LeaderElection18] INFO  impl.RaftServerImpl (ServerState.java:setRaftConf(354)) - d8a61d6a-3767-4395-9d18-c8065c09d76e@group-E2D1BD2526C1: set configuration 0: [d8a61d6a-3767-4395-9d18-c8065c09d76e:192.168.30.10:42388], old=null at 0
2019-09-25 07:30:02,246 [cd2c40c8-d07b-4b9d-aa49-bfe6dbbda9a0@group-00B583B54FE0:LeaderElection19] INFO  impl.LeaderElection (LeaderElection.java:askForVotes(182)) - cd2c40c8-d07b-4b9d-aa49-bfe6dbbda9a0@group-00B583B54FE0:LeaderElection19: begin an election at term 1 for -1: [cd2c40c8-d07b-4b9d-aa49-bfe6dbbda9a0:192.168.30.10:35976], old=null
2019-09-25 07:30:02,246 [cd2c40c8-d07b-4b9d-aa49-bfe6dbbda9a0@group-00B583B54FE0:LeaderElection19] INFO  impl.RoleInfo (RoleInfo.java:shutdownLeaderElection(134)) - cd2c40c8-d07b-4b9d-aa49-bfe6dbbda9a0: shutdown LeaderElection
2019-09-25 07:30:02,246 [cd2c40c8-d07b-4b9d-aa49-bfe6dbbda9a0@group-00B583B54FE0:LeaderElection19] INFO  impl.RaftServerImpl (RaftServerImpl.java:setRole(174)) - cd2c40c8-d07b-4b9d-aa49-bfe6dbbda9a0@group-00B583B54FE0: changes role from CANDIDATE to LEADER at term 1 for changeToLeader
2019-09-25 07:30:02,246 [cd2c40c8-d07b-4b9d-aa49-bfe6dbbda9a0@group-00B583B54FE0:LeaderElection19] INFO  impl.RaftServerImpl (ServerState.java:setLeader(253)) - cd2c40c8-d07b-4b9d-aa49-bfe6dbbda9a0@group-00B583B54FE0: change Leader from null to cd2c40c8-d07b-4b9d-aa49-bfe6dbbda9a0 at term 1 for becomeLeader, leader elected after 5233ms
2019-09-25 07:30:02,246 [cd2c40c8-d07b-4b9d-aa49-bfe6dbbda9a0@group-00B583B54FE0:LeaderElection19] INFO  server.RaftServerConfigKeys (ConfUtils.java:logGet(43)) - raft.server.staging.catchup.gap = 1000 (default)
2019-09-25 07:30:02,247 [cd2c40c8-d07b-4b9d-aa49-bfe6dbbda9a0@group-00B583B54FE0:LeaderElection19] INFO  server.RaftServerConfigKeys (ConfUtils.java:logGet(43)) - raft.server.rpc.sleep.time = 25ms (default)
2019-09-25 07:30:02,247 [cd2c40c8-d07b-4b9d-aa49-bfe6dbbda9a0@group-00B583B54FE0:LeaderElection19] INFO  server.RaftServerConfigKeys (ConfUtils.java:logGet(43)) - raft.server.write.element-limit = 4096 (default)
2019-09-25 07:30:02,247 [cd2c40c8-d07b-4b9d-aa49-bfe6dbbda9a0@group-00B583B54FE0:LeaderElection19] INFO  server.RaftServerConfigKeys (ConfUtils.java:logGet(43)) - raft.server.watch.timeout = 10s (default)
2019-09-25 07:30:02,247 [cd2c40c8-d07b-4b9d-aa49-bfe6dbbda9a0@group-00B583B54FE0:LeaderElection19] INFO  server.RaftServerConfigKeys (ConfUtils.java:logGet(43)) - raft.server.watch.timeout.denomination = 1s (default)
2019-09-25 07:30:02,247 [cd2c40c8-d07b-4b9d-aa49-bfe6dbbda9a0@group-00B583B54FE0:LeaderElection19] INFO  server.RaftServerConfigKeys (ConfUtils.java:logGet(43)) - raft.server.watch.element-limit = 65536 (default)
2019-09-25 07:30:02,249 [cd2c40c8-d07b-4b9d-aa49-bfe6dbbda9a0@group-00B583B54FE0:LeaderElection19] INFO  impl.RoleInfo (RoleInfo.java:updateAndGet(143)) - cd2c40c8-d07b-4b9d-aa49-bfe6dbbda9a0: start LeaderState
2019-09-25 07:30:02,250 [cd2c40c8-d07b-4b9d-aa49-bfe6dbbda9a0@group-00B583B54FE0:LeaderElection19] INFO  segmented.SegmentedRaftLogWorker (SegmentedRaftLogWorker.java:startLogSegment(380)) - cd2c40c8-d07b-4b9d-aa49-bfe6dbbda9a0@group-00B583B54FE0-SegmentedRaftLogWorker: Starting segment from index:0
2019-09-25 07:30:02,250 [cd2c40c8-d07b-4b9d-aa49-bfe6dbbda9a0@group-00B583B54FE0:LeaderElection19] INFO  impl.RaftServerImpl (ServerState.java:setRaftConf(354)) - cd2c40c8-d07b-4b9d-aa49-bfe6dbbda9a0@group-00B583B54FE0: set configuration 0: [cd2c40c8-d07b-4b9d-aa49-bfe6dbbda9a0:192.168.30.10:35976], old=null at 0
2019-09-25 07:30:02,288 [Thread-272] INFO  impl.FollowerState (FollowerState.java:run(106)) - d56c4ccc-443a-4cf4-ae59-75174e2c5ce7:group-A8A71EBCF2F2 changes to CANDIDATE, lastRpcTime:5088, electionTimeout:5075ms
2019-09-25 07:30:02,288 [d8a61d6a-3767-4395-9d18-c8065c09d76e@group-E2D1BD2526C1-SegmentedRaftLogWorker] INFO  segmented.SegmentedRaftLogWorker (SegmentedRaftLogWorker.java:execute(569)) - d8a61d6a-3767-4395-9d18-c8065c09d76e@group-E2D1BD2526C1-SegmentedRaftLogWorker: created new log segment /workdir/hadoop-ozone/tools/target/test-dir/MiniOzoneClusterImpl-e625f0dc-3f73-4bc5-9a9c-4cc4b5f58c2e/datanode-2/data/ratis/68db172d-9ae5-4a9a-b32f-e2d1bd2526c1/current/log_inprogress_0
2019-09-25 07:30:02,288 [Thread-272] INFO  impl.RoleInfo (RoleInfo.java:shutdownFollowerState(121)) - d56c4ccc-443a-4cf4-ae59-75174e2c5ce7: shutdown FollowerState
2019-09-25 07:30:02,288 [Thread-272] INFO  impl.RaftServerImpl (RaftServerImpl.java:setRole(174)) - d56c4ccc-443a-4cf4-ae59-75174e2c5ce7@group-A8A71EBCF2F2: changes role from  FOLLOWER to CANDIDATE at term 0 for changeToCandidate
 100.00% |█████████████████████████████████████████████████████████████████████████████████████████████████████|  1/1 Time: 0:00:06
2019-09-25 07:30:02,289 [Thread-272] INFO  impl.RoleInfo (RoleInfo.java:updateAndGet(143)) - d56c4ccc-443a-4cf4-ae59-75174e2c5ce7: start LeaderElection
2019-09-25 07:30:02,312 [cd2c40c8-d07b-4b9d-aa49-bfe6dbbda9a0@group-00B583B54FE0-SegmentedRaftLogWorker] INFO  segmented.SegmentedRaftLogWorker (SegmentedRaftLogWorker.java:execute(569)) - cd2c40c8-d07b-4b9d-aa49-bfe6dbbda9a0@group-00B583B54FE0-SegmentedRaftLogWorker: created new log segment /workdir/hadoop-ozone/tools/target/test-dir/MiniOzoneClusterImpl-e625f0dc-3f73-4bc5-9a9c-4cc4b5f58c2e/datanode-4/data/ratis/56387d4b-72bd-4970-886f-00b583b54fe0/current/log_inprogress_0
2019-09-25 07:30:02,316 [d56c4ccc-443a-4cf4-ae59-75174e2c5ce7@group-A8A71EBCF2F2:LeaderElection20] INFO  impl.LeaderElection (LeaderElection.java:askForVotes(182)) - d56c4ccc-443a-4cf4-ae59-75174e2c5ce7@group-A8A71EBCF2F2:LeaderElection20: begin an election at term 1 for -1: [d56c4ccc-443a-4cf4-ae59-75174e2c5ce7:192.168.30.10:41980], old=null
2019-09-25 07:30:02,316 [d56c4ccc-443a-4cf4-ae59-75174e2c5ce7@group-A8A71EBCF2F2:LeaderElection20] INFO  impl.RoleInfo (RoleInfo.java:shutdownLeaderElection(134)) - d56c4ccc-443a-4cf4-ae59-75174e2c5ce7: shutdown LeaderElection
2019-09-25 07:30:02,316 [d56c4ccc-443a-4cf4-ae59-75174e2c5ce7@group-A8A71EBCF2F2:LeaderElection20] INFO  impl.RaftServerImpl (RaftServerImpl.java:setRole(174)) - d56c4ccc-443a-4cf4-ae59-75174e2c5ce7@group-A8A71EBCF2F2: changes role from CANDIDATE to LEADER at term 1 for changeToLeader
2019-09-25 07:30:02,316 [d56c4ccc-443a-4cf4-ae59-75174e2c5ce7@group-A8A71EBCF2F2:LeaderElection20] INFO  impl.RaftServerImpl (ServerState.java:setLeader(253)) - d56c4ccc-443a-4cf4-ae59-75174e2c5ce7@group-A8A71EBCF2F2: change Leader from null to d56c4ccc-443a-4cf4-ae59-75174e2c5ce7 at term 1 for becomeLeader, leader elected after 5127ms
2019-09-25 07:30:02,317 [d56c4ccc-443a-4cf4-ae59-75174e2c5ce7@group-A8A71EBCF2F2:LeaderElection20] INFO  server.RaftServerConfigKeys (ConfUtils.java:logGet(43)) - raft.server.staging.catchup.gap = 1000 (default)
2019-09-25 07:30:02,317 [d56c4ccc-443a-4cf4-ae59-75174e2c5ce7@group-A8A71EBCF2F2:LeaderElection20] INFO  server.RaftServerConfigKeys (ConfUtils.java:logGet(43)) - raft.server.rpc.sleep.time = 25ms (default)
2019-09-25 07:30:02,317 [d56c4ccc-443a-4cf4-ae59-75174e2c5ce7@group-A8A71EBCF2F2:LeaderElection20] INFO  server.RaftServerConfigKeys (ConfUtils.java:logGet(43)) - raft.server.write.element-limit = 4096 (default)
2019-09-25 07:30:02,317 [d56c4ccc-443a-4cf4-ae59-75174e2c5ce7@group-A8A71EBCF2F2:LeaderElection20] INFO  server.RaftServerConfigKeys (ConfUtils.java:logGet(43)) - raft.server.watch.timeout = 10s (default)
2019-09-25 07:30:02,317 [d56c4ccc-443a-4cf4-ae59-75174e2c5ce7@group-A8A71EBCF2F2:LeaderElection20] INFO  server.RaftServerConfigKeys (ConfUtils.java:logGet(43)) - raft.server.watch.timeout.denomination = 1s (default)
2019-09-25 07:30:02,318 [d56c4ccc-443a-4cf4-ae59-75174e2c5ce7@group-A8A71EBCF2F2:LeaderElection20] INFO  server.RaftServerConfigKeys (ConfUtils.java:logGet(43)) - raft.server.watch.element-limit = 65536 (default)
2019-09-25 07:30:02,320 [d56c4ccc-443a-4cf4-ae59-75174e2c5ce7@group-A8A71EBCF2F2:LeaderElection20] INFO  impl.RoleInfo (RoleInfo.java:updateAndGet(143)) - d56c4ccc-443a-4cf4-ae59-75174e2c5ce7: start LeaderState
2019-09-25 07:30:02,320 [d56c4ccc-443a-4cf4-ae59-75174e2c5ce7@group-A8A71EBCF2F2:LeaderElection20] INFO  segmented.SegmentedRaftLogWorker (SegmentedRaftLogWorker.java:startLogSegment(380)) - d56c4ccc-443a-4cf4-ae59-75174e2c5ce7@group-A8A71EBCF2F2-SegmentedRaftLogWorker: Starting segment from index:0
2019-09-25 07:30:02,321 [d56c4ccc-443a-4cf4-ae59-75174e2c5ce7@group-A8A71EBCF2F2:LeaderElection20] INFO  impl.RaftServerImpl (ServerState.java:setRaftConf(354)) - d56c4ccc-443a-4cf4-ae59-75174e2c5ce7@group-A8A71EBCF2F2: set configuration 0: [d56c4ccc-443a-4cf4-ae59-75174e2c5ce7:192.168.30.10:41980], old=null at 0
2019-09-25 07:30:02,355 [Thread-275] INFO  impl.FollowerState (FollowerState.java:run(106)) - 2c509cf8-45fb-4761-813c-06899a301674:group-85C4A52618A8 changes to CANDIDATE, lastRpcTime:5085, electionTimeout:5074ms
2019-09-25 07:30:02,363 [Thread-275] INFO  impl.RoleInfo (RoleInfo.java:shutdownFollowerState(121)) - 2c509cf8-45fb-4761-813c-06899a301674: shutdown FollowerState
2019-09-25 07:30:02,363 [Thread-275] INFO  impl.RaftServerImpl (RaftServerImpl.java:setRole(174)) - 2c509cf8-45fb-4761-813c-06899a301674@group-85C4A52618A8: changes role from  FOLLOWER to CANDIDATE at term 0 for changeToCandidate
2019-09-25 07:30:02,363 [Thread-275] INFO  impl.RoleInfo (RoleInfo.java:updateAndGet(143)) - 2c509cf8-45fb-4761-813c-06899a301674: start LeaderElection
2019-09-25 07:30:02,368 [d56c4ccc-443a-4cf4-ae59-75174e2c5ce7@group-A8A71EBCF2F2-SegmentedRaftLogWorker] INFO  segmented.SegmentedRaftLogWorker (SegmentedRaftLogWorker.java:execute(569)) - d56c4ccc-443a-4cf4-ae59-75174e2c5ce7@group-A8A71EBCF2F2-SegmentedRaftLogWorker: created new log segment /workdir/hadoop-ozone/tools/target/test-dir/MiniOzoneClusterImpl-e625f0dc-3f73-4bc5-9a9c-4cc4b5f58c2e/datanode-1/data/ratis/1ae8b30a-d62a-46c9-87ee-a8a71ebcf2f2/current/log_inprogress_0
]]></system-out>
  </testcase>
  <testcase name="standaloneTestLargeKey" classname="org.apache.hadoop.ozone.freon.TestDataValidateWithDummyContainers" time="5.069">
    <error message="Allocated 0 blocks. Requested 5 blocks" type="INTERNAL_ERROR org.apache.hadoop.ozone.om.exceptions.OMException">INTERNAL_ERROR org.apache.hadoop.ozone.om.exceptions.OMException: Allocated 0 blocks. Requested 5 blocks
	at org.apache.hadoop.ozone.om.protocolPB.OzoneManagerProtocolClientSideTranslatorPB.handleError(OzoneManagerProtocolClientSideTranslatorPB.java:732)
	at org.apache.hadoop.ozone.om.protocolPB.OzoneManagerProtocolClientSideTranslatorPB.openKey(OzoneManagerProtocolClientSideTranslatorPB.java:723)
	at sun.reflect.NativeMethodAccessorImpl.invoke0(Native Method)
	at sun.reflect.NativeMethodAccessorImpl.invoke(NativeMethodAccessorImpl.java:62)
	at sun.reflect.DelegatingMethodAccessorImpl.invoke(DelegatingMethodAccessorImpl.java:43)
	at java.lang.reflect.Method.invoke(Method.java:498)
	at org.apache.hadoop.hdds.tracing.TraceAllMethod.invoke(TraceAllMethod.java:66)
	at com.sun.proxy.$Proxy37.openKey(Unknown Source)
	at org.apache.hadoop.ozone.client.rpc.RpcClient.createKey(RpcClient.java:614)
	at org.apache.hadoop.ozone.client.OzoneBucket.createKey(OzoneBucket.java:325)
	at org.apache.hadoop.ozone.freon.RandomKeyGenerator.createKey(RandomKeyGenerator.java:695)
	at org.apache.hadoop.ozone.freon.RandomKeyGenerator.access$1100(RandomKeyGenerator.java:88)
	at org.apache.hadoop.ozone.freon.RandomKeyGenerator$ObjectCreator.run(RandomKeyGenerator.java:615)
	at java.util.concurrent.Executors$RunnableAdapter.call(Executors.java:511)
	at java.util.concurrent.FutureTask.run(FutureTask.java:266)
	at java.util.concurrent.ThreadPoolExecutor.runWorker(ThreadPoolExecutor.java:1149)
	at java.util.concurrent.ThreadPoolExecutor$Worker.run(ThreadPoolExecutor.java:624)
	at java.lang.Thread.run(Thread.java:748)
</error>
    <system-out><![CDATA[2019-09-25 07:30:02,371 [main] INFO  freon.RandomKeyGenerator (RandomKeyGenerator.java:call(258)) - Override validateWrites to false, because hdds.container.chunk.persistdata is set to false.
2019-09-25 07:30:02,371 [2c509cf8-45fb-4761-813c-06899a301674@group-85C4A52618A8:LeaderElection21] INFO  impl.LeaderElection (LeaderElection.java:askForVotes(182)) - 2c509cf8-45fb-4761-813c-06899a301674@group-85C4A52618A8:LeaderElection21: begin an election at term 1 for -1: [2c509cf8-45fb-4761-813c-06899a301674:192.168.30.10:34142], old=null
2019-09-25 07:30:02,371 [2c509cf8-45fb-4761-813c-06899a301674@group-85C4A52618A8:LeaderElection21] INFO  impl.RoleInfo (RoleInfo.java:shutdownLeaderElection(134)) - 2c509cf8-45fb-4761-813c-06899a301674: shutdown LeaderElection
2019-09-25 07:30:02,372 [2c509cf8-45fb-4761-813c-06899a301674@group-85C4A52618A8:LeaderElection21] INFO  impl.RaftServerImpl (RaftServerImpl.java:setRole(174)) - 2c509cf8-45fb-4761-813c-06899a301674@group-85C4A52618A8: changes role from CANDIDATE to LEADER at term 1 for changeToLeader
2019-09-25 07:30:02,372 [2c509cf8-45fb-4761-813c-06899a301674@group-85C4A52618A8:LeaderElection21] INFO  impl.RaftServerImpl (ServerState.java:setLeader(253)) - 2c509cf8-45fb-4761-813c-06899a301674@group-85C4A52618A8: change Leader from null to 2c509cf8-45fb-4761-813c-06899a301674 at term 1 for becomeLeader, leader elected after 5109ms
2019-09-25 07:30:02,372 [2c509cf8-45fb-4761-813c-06899a301674@group-85C4A52618A8:LeaderElection21] INFO  server.RaftServerConfigKeys (ConfUtils.java:logGet(43)) - raft.server.staging.catchup.gap = 1000 (default)
2019-09-25 07:30:02,372 [2c509cf8-45fb-4761-813c-06899a301674@group-85C4A52618A8:LeaderElection21] INFO  server.RaftServerConfigKeys (ConfUtils.java:logGet(43)) - raft.server.rpc.sleep.time = 25ms (default)
2019-09-25 07:30:02,372 [2c509cf8-45fb-4761-813c-06899a301674@group-85C4A52618A8:LeaderElection21] INFO  server.RaftServerConfigKeys (ConfUtils.java:logGet(43)) - raft.server.write.element-limit = 4096 (default)
2019-09-25 07:30:02,373 [2c509cf8-45fb-4761-813c-06899a301674@group-85C4A52618A8:LeaderElection21] INFO  server.RaftServerConfigKeys (ConfUtils.java:logGet(43)) - raft.server.watch.timeout = 10s (default)
2019-09-25 07:30:02,373 [2c509cf8-45fb-4761-813c-06899a301674@group-85C4A52618A8:LeaderElection21] INFO  server.RaftServerConfigKeys (ConfUtils.java:logGet(43)) - raft.server.watch.timeout.denomination = 1s (default)
2019-09-25 07:30:02,373 [2c509cf8-45fb-4761-813c-06899a301674@group-85C4A52618A8:LeaderElection21] INFO  server.RaftServerConfigKeys (ConfUtils.java:logGet(43)) - raft.server.watch.element-limit = 65536 (default)
2019-09-25 07:30:02,376 [2c509cf8-45fb-4761-813c-06899a301674@group-85C4A52618A8:LeaderElection21] INFO  impl.RoleInfo (RoleInfo.java:updateAndGet(143)) - 2c509cf8-45fb-4761-813c-06899a301674: start LeaderState
2019-09-25 07:30:02,377 [2c509cf8-45fb-4761-813c-06899a301674@group-85C4A52618A8:LeaderElection21] INFO  segmented.SegmentedRaftLogWorker (SegmentedRaftLogWorker.java:startLogSegment(380)) - 2c509cf8-45fb-4761-813c-06899a301674@group-85C4A52618A8-SegmentedRaftLogWorker: Starting segment from index:0
2019-09-25 07:30:02,377 [2c509cf8-45fb-4761-813c-06899a301674@group-85C4A52618A8:LeaderElection21] INFO  impl.RaftServerImpl (ServerState.java:setRaftConf(354)) - 2c509cf8-45fb-4761-813c-06899a301674@group-85C4A52618A8: set configuration 0: [2c509cf8-45fb-4761-813c-06899a301674:192.168.30.10:34142], old=null at 0
2019-09-25 07:30:02,418 [Thread-279] INFO  impl.FollowerState (FollowerState.java:run(106)) - d8a61d6a-3767-4395-9d18-c8065c09d76e:group-865009826550 changes to CANDIDATE, lastRpcTime:5089, electionTimeout:5074ms
2019-09-25 07:30:02,419 [Thread-279] INFO  impl.RoleInfo (RoleInfo.java:shutdownFollowerState(121)) - d8a61d6a-3767-4395-9d18-c8065c09d76e: shutdown FollowerState
2019-09-25 07:30:02,420 [Thread-279] INFO  impl.RaftServerImpl (RaftServerImpl.java:setRole(174)) - d8a61d6a-3767-4395-9d18-c8065c09d76e@group-865009826550: changes role from  FOLLOWER to CANDIDATE at term 0 for changeToCandidate
2019-09-25 07:30:02,420 [Thread-279] INFO  impl.RoleInfo (RoleInfo.java:updateAndGet(143)) - d8a61d6a-3767-4395-9d18-c8065c09d76e: start LeaderElection
2019-09-25 07:30:02,430 [main] INFO  freon.RandomKeyGenerator (RandomKeyGenerator.java:call(283)) - Number of Threads: 10
2019-09-25 07:30:02,430 [main] INFO  freon.RandomKeyGenerator (RandomKeyGenerator.java:call(288)) - Number of Volumes: 1.
2019-09-25 07:30:02,430 [main] INFO  freon.RandomKeyGenerator (RandomKeyGenerator.java:call(289)) - Number of Buckets per Volume: 1.
2019-09-25 07:30:02,430 [main] INFO  freon.RandomKeyGenerator (RandomKeyGenerator.java:call(290)) - Number of Keys per Bucket: 1.
2019-09-25 07:30:02,431 [main] INFO  freon.RandomKeyGenerator (RandomKeyGenerator.java:call(291)) - Key size: 20971520 bytes
2019-09-25 07:30:02,431 [main] INFO  freon.RandomKeyGenerator (RandomKeyGenerator.java:call(292)) - Buffer size: 4096 bytes
2019-09-25 07:30:02,433 [main] INFO  freon.RandomKeyGenerator (RandomKeyGenerator.java:call(293)) - validateWrites : false
2019-09-25 07:30:02,434 [pool-74-thread-1] INFO  rpc.RpcClient (RpcClient.java:createVolume(276)) - Creating Volume: vol-0-61702, with jenkins1000 as owner.
2019-09-25 07:30:02,436 [main] INFO  freon.RandomKeyGenerator (RandomKeyGenerator.java:call(313)) - Starting progress bar Thread.

 0.00% |█                                                                                                    |  0/1 Time: 0:00:002019-09-25 07:30:02,438 [IPC Server handler 3 on 39745] INFO  volume.OMVolumeCreateRequest (OMVolumeCreateRequest.java:validateAndUpdateCache(189)) - created volume:vol-0-61702 for user:jenkins1000
2019-09-25 07:30:02,444 [2c509cf8-45fb-4761-813c-06899a301674@group-85C4A52618A8-SegmentedRaftLogWorker] INFO  segmented.SegmentedRaftLogWorker (SegmentedRaftLogWorker.java:execute(569)) - 2c509cf8-45fb-4761-813c-06899a301674@group-85C4A52618A8-SegmentedRaftLogWorker: created new log segment /workdir/hadoop-ozone/tools/target/test-dir/MiniOzoneClusterImpl-e625f0dc-3f73-4bc5-9a9c-4cc4b5f58c2e/datanode-3/data/ratis/992d1150-bac2-4378-8e30-85c4a52618a8/current/log_inprogress_0
2019-09-25 07:30:02,444 [d8a61d6a-3767-4395-9d18-c8065c09d76e@group-865009826550:LeaderElection22] INFO  impl.LeaderElection (LeaderElection.java:askForVotes(182)) - d8a61d6a-3767-4395-9d18-c8065c09d76e@group-865009826550:LeaderElection22: begin an election at term 1 for -1: [d8a61d6a-3767-4395-9d18-c8065c09d76e:192.168.30.10:42388], old=null
2019-09-25 07:30:02,444 [d8a61d6a-3767-4395-9d18-c8065c09d76e@group-865009826550:LeaderElection22] INFO  impl.RoleInfo (RoleInfo.java:shutdownLeaderElection(134)) - d8a61d6a-3767-4395-9d18-c8065c09d76e: shutdown LeaderElection
2019-09-25 07:30:02,444 [d8a61d6a-3767-4395-9d18-c8065c09d76e@group-865009826550:LeaderElection22] INFO  impl.RaftServerImpl (RaftServerImpl.java:setRole(174)) - d8a61d6a-3767-4395-9d18-c8065c09d76e@group-865009826550: changes role from CANDIDATE to LEADER at term 1 for changeToLeader
2019-09-25 07:30:02,448 [d8a61d6a-3767-4395-9d18-c8065c09d76e@group-865009826550:LeaderElection22] INFO  impl.RaftServerImpl (ServerState.java:setLeader(253)) - d8a61d6a-3767-4395-9d18-c8065c09d76e@group-865009826550: change Leader from null to d8a61d6a-3767-4395-9d18-c8065c09d76e at term 1 for becomeLeader, leader elected after 5126ms
2019-09-25 07:30:02,449 [d8a61d6a-3767-4395-9d18-c8065c09d76e@group-865009826550:LeaderElection22] INFO  server.RaftServerConfigKeys (ConfUtils.java:logGet(43)) - raft.server.staging.catchup.gap = 1000 (default)
2019-09-25 07:30:02,449 [d8a61d6a-3767-4395-9d18-c8065c09d76e@group-865009826550:LeaderElection22] INFO  server.RaftServerConfigKeys (ConfUtils.java:logGet(43)) - raft.server.rpc.sleep.time = 25ms (default)
2019-09-25 07:30:02,449 [d8a61d6a-3767-4395-9d18-c8065c09d76e@group-865009826550:LeaderElection22] INFO  server.RaftServerConfigKeys (ConfUtils.java:logGet(43)) - raft.server.write.element-limit = 4096 (default)
2019-09-25 07:30:02,450 [d8a61d6a-3767-4395-9d18-c8065c09d76e@group-865009826550:LeaderElection22] INFO  server.RaftServerConfigKeys (ConfUtils.java:logGet(43)) - raft.server.watch.timeout = 10s (default)
2019-09-25 07:30:02,450 [d8a61d6a-3767-4395-9d18-c8065c09d76e@group-865009826550:LeaderElection22] INFO  server.RaftServerConfigKeys (ConfUtils.java:logGet(43)) - raft.server.watch.timeout.denomination = 1s (default)
2019-09-25 07:30:02,450 [d8a61d6a-3767-4395-9d18-c8065c09d76e@group-865009826550:LeaderElection22] INFO  server.RaftServerConfigKeys (ConfUtils.java:logGet(43)) - raft.server.watch.element-limit = 65536 (default)
2019-09-25 07:30:02,454 [d8a61d6a-3767-4395-9d18-c8065c09d76e@group-865009826550:LeaderElection22] INFO  impl.RoleInfo (RoleInfo.java:updateAndGet(143)) - d8a61d6a-3767-4395-9d18-c8065c09d76e: start LeaderState
2019-09-25 07:30:02,454 [d8a61d6a-3767-4395-9d18-c8065c09d76e@group-865009826550:LeaderElection22] INFO  segmented.SegmentedRaftLogWorker (SegmentedRaftLogWorker.java:startLogSegment(380)) - d8a61d6a-3767-4395-9d18-c8065c09d76e@group-865009826550-SegmentedRaftLogWorker: Starting segment from index:0
2019-09-25 07:30:02,454 [pool-74-thread-2] INFO  rpc.RpcClient (RpcClient.java:createBucket(415)) - Creating Bucket: vol-0-61702/bucket-0-68837, with Versioning false and Storage Type set to DISK and Encryption set to false 
2019-09-25 07:30:02,455 [d8a61d6a-3767-4395-9d18-c8065c09d76e@group-865009826550:LeaderElection22] INFO  impl.RaftServerImpl (ServerState.java:setRaftConf(354)) - d8a61d6a-3767-4395-9d18-c8065c09d76e@group-865009826550: set configuration 0: [d8a61d6a-3767-4395-9d18-c8065c09d76e:192.168.30.10:42388], old=null at 0
2019-09-25 07:30:02,493 [Thread-282] INFO  impl.FollowerState (FollowerState.java:run(106)) - d8a61d6a-3767-4395-9d18-c8065c09d76e:group-EB024624112B changes to CANDIDATE, lastRpcTime:5106, electionTimeout:5081ms
2019-09-25 07:30:02,494 [Thread-282] INFO  impl.RoleInfo (RoleInfo.java:shutdownFollowerState(121)) - d8a61d6a-3767-4395-9d18-c8065c09d76e: shutdown FollowerState
2019-09-25 07:30:02,494 [Thread-282] INFO  impl.RaftServerImpl (RaftServerImpl.java:setRole(174)) - d8a61d6a-3767-4395-9d18-c8065c09d76e@group-EB024624112B: changes role from  FOLLOWER to CANDIDATE at term 0 for changeToCandidate
2019-09-25 07:30:02,494 [Thread-282] INFO  impl.RoleInfo (RoleInfo.java:updateAndGet(143)) - d8a61d6a-3767-4395-9d18-c8065c09d76e: start LeaderElection
2019-09-25 07:30:02,508 [IPC Server handler 15 on 42756] INFO  pipeline.PipelinePlacementPolicy (PipelinePlacementPolicy.java:meetCriteria(91)) - Pipeline Placement: Doesn't meet the criteria to be viable node： cd2c40c8-d07b-4b9d-aa49-bfe6dbbda9a0 Heaviness: 6 limit: 5
2019-09-25 07:30:02,508 [IPC Server handler 15 on 42756] INFO  pipeline.PipelinePlacementPolicy (PipelinePlacementPolicy.java:meetCriteria(91)) - Pipeline Placement: Doesn't meet the criteria to be viable node： 2c509cf8-45fb-4761-813c-06899a301674 Heaviness: 6 limit: 5
2019-09-25 07:30:02,508 [IPC Server handler 15 on 42756] INFO  pipeline.PipelinePlacementPolicy (PipelinePlacementPolicy.java:meetCriteria(91)) - Pipeline Placement: Doesn't meet the criteria to be viable node： d8a61d6a-3767-4395-9d18-c8065c09d76e Heaviness: 6 limit: 5
2019-09-25 07:30:02,508 [IPC Server handler 15 on 42756] INFO  pipeline.PipelinePlacementPolicy (PipelinePlacementPolicy.java:meetCriteria(91)) - Pipeline Placement: Doesn't meet the criteria to be viable node： d56c4ccc-443a-4cf4-ae59-75174e2c5ce7 Heaviness: 6 limit: 5
2019-09-25 07:30:02,509 [IPC Server handler 15 on 42756] INFO  pipeline.PipelinePlacementPolicy (PipelinePlacementPolicy.java:meetCriteria(91)) - Pipeline Placement: Doesn't meet the criteria to be viable node： 3b163acc-90b4-4277-b760-810609058c95 Heaviness: 6 limit: 5
2019-09-25 07:30:02,509 [IPC Server handler 15 on 42756] ERROR pipeline.PipelinePlacementPolicy (PipelinePlacementPolicy.java:filterViableNodes(148)) - Unable to find enough nodes that meet the criteria that cannot engage in more than 5 pipelines. Nodes required: 3 Found: 0, healthy nodes count inNodeManager: 5.
2019-09-25 07:30:02,509 [IPC Server handler 15 on 42756] ERROR pipeline.SCMPipelineManager (SCMPipelineManager.java:createPipeline(167)) - Pipeline creation failed due to exception: Unable to find enough nodes that meet the criteria that cannot engage in more than 5 pipelines. Nodes required: 3 Found: 0, healthy nodes count inNodeManager: 5.
2019-09-25 07:30:02,509 [IPC Server handler 15 on 42756] WARN  block.BlockManagerImpl (BlockManagerImpl.java:allocateBlock(192)) - Pipeline creation failed for type:RATIS factor:THREE. Retrying get pipelines call once.
org.apache.hadoop.hdds.scm.exceptions.SCMException: Unable to find enough nodes that meet the criteria that cannot engage in more than 5 pipelines. Nodes required: 3 Found: 0, healthy nodes count inNodeManager: 5.
	at org.apache.hadoop.hdds.scm.pipeline.PipelinePlacementPolicy.filterViableNodes(PipelinePlacementPolicy.java:149)
	at org.apache.hadoop.hdds.scm.pipeline.PipelinePlacementPolicy.chooseDatanodes(PipelinePlacementPolicy.java:172)
	at org.apache.hadoop.hdds.scm.pipeline.RatisPipelineProvider.create(RatisPipelineProvider.java:93)
	at org.apache.hadoop.hdds.scm.pipeline.PipelineFactory.create(PipelineFactory.java:58)
	at org.apache.hadoop.hdds.scm.pipeline.SCMPipelineManager.createPipeline(SCMPipelineManager.java:155)
	at org.apache.hadoop.hdds.scm.block.BlockManagerImpl.allocateBlock(BlockManagerImpl.java:190)
	at org.apache.hadoop.hdds.scm.server.SCMBlockProtocolServer.allocateBlock(SCMBlockProtocolServer.java:182)
	at org.apache.hadoop.ozone.protocolPB.ScmBlockLocationProtocolServerSideTranslatorPB.allocateScmBlock(ScmBlockLocationProtocolServerSideTranslatorPB.java:183)
	at org.apache.hadoop.ozone.protocolPB.ScmBlockLocationProtocolServerSideTranslatorPB.processMessage(ScmBlockLocationProtocolServerSideTranslatorPB.java:141)
	at org.apache.hadoop.ozone.protocolPB.ScmBlockLocationProtocolServerSideTranslatorPB.send(ScmBlockLocationProtocolServerSideTranslatorPB.java:116)
	at org.apache.hadoop.hdds.protocol.proto.ScmBlockLocationProtocolProtos$ScmBlockLocationProtocolService$2.callBlockingMethod(ScmBlockLocationProtocolProtos.java:13157)
	at org.apache.hadoop.ipc.ProtobufRpcEngine$Server$ProtoBufRpcInvoker.call(ProtobufRpcEngine.java:524)
	at org.apache.hadoop.ipc.RPC$Server.call(RPC.java:1025)
	at org.apache.hadoop.ipc.Server$RpcCall.run(Server.java:876)
	at org.apache.hadoop.ipc.Server$RpcCall.run(Server.java:822)
	at java.security.AccessController.doPrivileged(Native Method)
	at javax.security.auth.Subject.doAs(Subject.java:422)
	at org.apache.hadoop.security.UserGroupInformation.doAs(UserGroupInformation.java:1730)
	at org.apache.hadoop.ipc.Server$Handler.run(Server.java:2682)
2019-09-25 07:30:02,510 [IPC Server handler 15 on 42756] INFO  block.BlockManagerImpl (BlockManagerImpl.java:allocateBlock(198)) - Could not find available pipeline of type:RATIS and factor:THREE even after retrying
2019-09-25 07:30:02,510 [IPC Server handler 15 on 42756] ERROR block.BlockManagerImpl (BlockManagerImpl.java:allocateBlock(222)) - Unable to allocate a block for the size: 4194304, type: RATIS, factor: THREE
2019-09-25 07:30:02,510 [IPC Server handler 15 on 42756] INFO  pipeline.PipelinePlacementPolicy (PipelinePlacementPolicy.java:meetCriteria(91)) - Pipeline Placement: Doesn't meet the criteria to be viable node： cd2c40c8-d07b-4b9d-aa49-bfe6dbbda9a0 Heaviness: 6 limit: 5
2019-09-25 07:30:02,510 [IPC Server handler 15 on 42756] INFO  pipeline.PipelinePlacementPolicy (PipelinePlacementPolicy.java:meetCriteria(91)) - Pipeline Placement: Doesn't meet the criteria to be viable node： 2c509cf8-45fb-4761-813c-06899a301674 Heaviness: 6 limit: 5
2019-09-25 07:30:02,511 [IPC Server handler 15 on 42756] INFO  pipeline.PipelinePlacementPolicy (PipelinePlacementPolicy.java:meetCriteria(91)) - Pipeline Placement: Doesn't meet the criteria to be viable node： d8a61d6a-3767-4395-9d18-c8065c09d76e Heaviness: 6 limit: 5
2019-09-25 07:30:02,511 [IPC Server handler 15 on 42756] INFO  pipeline.PipelinePlacementPolicy (PipelinePlacementPolicy.java:meetCriteria(91)) - Pipeline Placement: Doesn't meet the criteria to be viable node： d56c4ccc-443a-4cf4-ae59-75174e2c5ce7 Heaviness: 6 limit: 5
2019-09-25 07:30:02,511 [IPC Server handler 15 on 42756] INFO  pipeline.PipelinePlacementPolicy (PipelinePlacementPolicy.java:meetCriteria(91)) - Pipeline Placement: Doesn't meet the criteria to be viable node： 3b163acc-90b4-4277-b760-810609058c95 Heaviness: 6 limit: 5
2019-09-25 07:30:02,511 [IPC Server handler 15 on 42756] ERROR pipeline.PipelinePlacementPolicy (PipelinePlacementPolicy.java:filterViableNodes(148)) - Unable to find enough nodes that meet the criteria that cannot engage in more than 5 pipelines. Nodes required: 3 Found: 0, healthy nodes count inNodeManager: 5.
2019-09-25 07:30:02,511 [IPC Server handler 15 on 42756] ERROR pipeline.SCMPipelineManager (SCMPipelineManager.java:createPipeline(167)) - Pipeline creation failed due to exception: Unable to find enough nodes that meet the criteria that cannot engage in more than 5 pipelines. Nodes required: 3 Found: 0, healthy nodes count inNodeManager: 5.
2019-09-25 07:30:02,511 [IPC Server handler 15 on 42756] WARN  block.BlockManagerImpl (BlockManagerImpl.java:allocateBlock(192)) - Pipeline creation failed for type:RATIS factor:THREE. Retrying get pipelines call once.
org.apache.hadoop.hdds.scm.exceptions.SCMException: Unable to find enough nodes that meet the criteria that cannot engage in more than 5 pipelines. Nodes required: 3 Found: 0, healthy nodes count inNodeManager: 5.
	at org.apache.hadoop.hdds.scm.pipeline.PipelinePlacementPolicy.filterViableNodes(PipelinePlacementPolicy.java:149)
	at org.apache.hadoop.hdds.scm.pipeline.PipelinePlacementPolicy.chooseDatanodes(PipelinePlacementPolicy.java:172)
	at org.apache.hadoop.hdds.scm.pipeline.RatisPipelineProvider.create(RatisPipelineProvider.java:93)
	at org.apache.hadoop.hdds.scm.pipeline.PipelineFactory.create(PipelineFactory.java:58)
	at org.apache.hadoop.hdds.scm.pipeline.SCMPipelineManager.createPipeline(SCMPipelineManager.java:155)
	at org.apache.hadoop.hdds.scm.block.BlockManagerImpl.allocateBlock(BlockManagerImpl.java:190)
	at org.apache.hadoop.hdds.scm.server.SCMBlockProtocolServer.allocateBlock(SCMBlockProtocolServer.java:182)
	at org.apache.hadoop.ozone.protocolPB.ScmBlockLocationProtocolServerSideTranslatorPB.allocateScmBlock(ScmBlockLocationProtocolServerSideTranslatorPB.java:183)
	at org.apache.hadoop.ozone.protocolPB.ScmBlockLocationProtocolServerSideTranslatorPB.processMessage(ScmBlockLocationProtocolServerSideTranslatorPB.java:141)
	at org.apache.hadoop.ozone.protocolPB.ScmBlockLocationProtocolServerSideTranslatorPB.send(ScmBlockLocationProtocolServerSideTranslatorPB.java:116)
	at org.apache.hadoop.hdds.protocol.proto.ScmBlockLocationProtocolProtos$ScmBlockLocationProtocolService$2.callBlockingMethod(ScmBlockLocationProtocolProtos.java:13157)
	at org.apache.hadoop.ipc.ProtobufRpcEngine$Server$ProtoBufRpcInvoker.call(ProtobufRpcEngine.java:524)
	at org.apache.hadoop.ipc.RPC$Server.call(RPC.java:1025)
	at org.apache.hadoop.ipc.Server$RpcCall.run(Server.java:876)
	at org.apache.hadoop.ipc.Server$RpcCall.run(Server.java:822)
	at java.security.AccessController.doPrivileged(Native Method)
	at javax.security.auth.Subject.doAs(Subject.java:422)
	at org.apache.hadoop.security.UserGroupInformation.doAs(UserGroupInformation.java:1730)
	at org.apache.hadoop.ipc.Server$Handler.run(Server.java:2682)
2019-09-25 07:30:02,512 [IPC Server handler 15 on 42756] INFO  block.BlockManagerImpl (BlockManagerImpl.java:allocateBlock(198)) - Could not find available pipeline of type:RATIS and factor:THREE even after retrying
2019-09-25 07:30:02,512 [IPC Server handler 15 on 42756] ERROR block.BlockManagerImpl (BlockManagerImpl.java:allocateBlock(222)) - Unable to allocate a block for the size: 4194304, type: RATIS, factor: THREE
2019-09-25 07:30:02,512 [IPC Server handler 15 on 42756] INFO  pipeline.PipelinePlacementPolicy (PipelinePlacementPolicy.java:meetCriteria(91)) - Pipeline Placement: Doesn't meet the criteria to be viable node： cd2c40c8-d07b-4b9d-aa49-bfe6dbbda9a0 Heaviness: 6 limit: 5
2019-09-25 07:30:02,513 [IPC Server handler 15 on 42756] INFO  pipeline.PipelinePlacementPolicy (PipelinePlacementPolicy.java:meetCriteria(91)) - Pipeline Placement: Doesn't meet the criteria to be viable node： 2c509cf8-45fb-4761-813c-06899a301674 Heaviness: 6 limit: 5
2019-09-25 07:30:02,513 [IPC Server handler 15 on 42756] INFO  pipeline.PipelinePlacementPolicy (PipelinePlacementPolicy.java:meetCriteria(91)) - Pipeline Placement: Doesn't meet the criteria to be viable node： d8a61d6a-3767-4395-9d18-c8065c09d76e Heaviness: 6 limit: 5
2019-09-25 07:30:02,513 [IPC Server handler 15 on 42756] INFO  pipeline.PipelinePlacementPolicy (PipelinePlacementPolicy.java:meetCriteria(91)) - Pipeline Placement: Doesn't meet the criteria to be viable node： d56c4ccc-443a-4cf4-ae59-75174e2c5ce7 Heaviness: 6 limit: 5
2019-09-25 07:30:02,513 [IPC Server handler 15 on 42756] INFO  pipeline.PipelinePlacementPolicy (PipelinePlacementPolicy.java:meetCriteria(91)) - Pipeline Placement: Doesn't meet the criteria to be viable node： 3b163acc-90b4-4277-b760-810609058c95 Heaviness: 6 limit: 5
2019-09-25 07:30:02,513 [IPC Server handler 15 on 42756] ERROR pipeline.PipelinePlacementPolicy (PipelinePlacementPolicy.java:filterViableNodes(148)) - Unable to find enough nodes that meet the criteria that cannot engage in more than 5 pipelines. Nodes required: 3 Found: 0, healthy nodes count inNodeManager: 5.
2019-09-25 07:30:02,513 [IPC Server handler 15 on 42756] ERROR pipeline.SCMPipelineManager (SCMPipelineManager.java:createPipeline(167)) - Pipeline creation failed due to exception: Unable to find enough nodes that meet the criteria that cannot engage in more than 5 pipelines. Nodes required: 3 Found: 0, healthy nodes count inNodeManager: 5.
2019-09-25 07:30:02,514 [IPC Server handler 15 on 42756] WARN  block.BlockManagerImpl (BlockManagerImpl.java:allocateBlock(192)) - Pipeline creation failed for type:RATIS factor:THREE. Retrying get pipelines call once.
org.apache.hadoop.hdds.scm.exceptions.SCMException: Unable to find enough nodes that meet the criteria that cannot engage in more than 5 pipelines. Nodes required: 3 Found: 0, healthy nodes count inNodeManager: 5.
	at org.apache.hadoop.hdds.scm.pipeline.PipelinePlacementPolicy.filterViableNodes(PipelinePlacementPolicy.java:149)
	at org.apache.hadoop.hdds.scm.pipeline.PipelinePlacementPolicy.chooseDatanodes(PipelinePlacementPolicy.java:172)
	at org.apache.hadoop.hdds.scm.pipeline.RatisPipelineProvider.create(RatisPipelineProvider.java:93)
	at org.apache.hadoop.hdds.scm.pipeline.PipelineFactory.create(PipelineFactory.java:58)
	at org.apache.hadoop.hdds.scm.pipeline.SCMPipelineManager.createPipeline(SCMPipelineManager.java:155)
	at org.apache.hadoop.hdds.scm.block.BlockManagerImpl.allocateBlock(BlockManagerImpl.java:190)
	at org.apache.hadoop.hdds.scm.server.SCMBlockProtocolServer.allocateBlock(SCMBlockProtocolServer.java:182)
	at org.apache.hadoop.ozone.protocolPB.ScmBlockLocationProtocolServerSideTranslatorPB.allocateScmBlock(ScmBlockLocationProtocolServerSideTranslatorPB.java:183)
	at org.apache.hadoop.ozone.protocolPB.ScmBlockLocationProtocolServerSideTranslatorPB.processMessage(ScmBlockLocationProtocolServerSideTranslatorPB.java:141)
	at org.apache.hadoop.ozone.protocolPB.ScmBlockLocationProtocolServerSideTranslatorPB.send(ScmBlockLocationProtocolServerSideTranslatorPB.java:116)
	at org.apache.hadoop.hdds.protocol.proto.ScmBlockLocationProtocolProtos$ScmBlockLocationProtocolService$2.callBlockingMethod(ScmBlockLocationProtocolProtos.java:13157)
	at org.apache.hadoop.ipc.ProtobufRpcEngine$Server$ProtoBufRpcInvoker.call(ProtobufRpcEngine.java:524)
	at org.apache.hadoop.ipc.RPC$Server.call(RPC.java:1025)
	at org.apache.hadoop.ipc.Server$RpcCall.run(Server.java:876)
	at org.apache.hadoop.ipc.Server$RpcCall.run(Server.java:822)
	at java.security.AccessController.doPrivileged(Native Method)
	at javax.security.auth.Subject.doAs(Subject.java:422)
	at org.apache.hadoop.security.UserGroupInformation.doAs(UserGroupInformation.java:1730)
	at org.apache.hadoop.ipc.Server$Handler.run(Server.java:2682)
2019-09-25 07:30:02,514 [IPC Server handler 15 on 42756] INFO  block.BlockManagerImpl (BlockManagerImpl.java:allocateBlock(198)) - Could not find available pipeline of type:RATIS and factor:THREE even after retrying
2019-09-25 07:30:02,514 [IPC Server handler 15 on 42756] ERROR block.BlockManagerImpl (BlockManagerImpl.java:allocateBlock(222)) - Unable to allocate a block for the size: 4194304, type: RATIS, factor: THREE
2019-09-25 07:30:02,514 [IPC Server handler 15 on 42756] INFO  pipeline.PipelinePlacementPolicy (PipelinePlacementPolicy.java:meetCriteria(91)) - Pipeline Placement: Doesn't meet the criteria to be viable node： cd2c40c8-d07b-4b9d-aa49-bfe6dbbda9a0 Heaviness: 6 limit: 5
2019-09-25 07:30:02,515 [IPC Server handler 15 on 42756] INFO  pipeline.PipelinePlacementPolicy (PipelinePlacementPolicy.java:meetCriteria(91)) - Pipeline Placement: Doesn't meet the criteria to be viable node： 2c509cf8-45fb-4761-813c-06899a301674 Heaviness: 6 limit: 5
2019-09-25 07:30:02,515 [IPC Server handler 15 on 42756] INFO  pipeline.PipelinePlacementPolicy (PipelinePlacementPolicy.java:meetCriteria(91)) - Pipeline Placement: Doesn't meet the criteria to be viable node： d8a61d6a-3767-4395-9d18-c8065c09d76e Heaviness: 6 limit: 5
2019-09-25 07:30:02,515 [IPC Server handler 15 on 42756] INFO  pipeline.PipelinePlacementPolicy (PipelinePlacementPolicy.java:meetCriteria(91)) - Pipeline Placement: Doesn't meet the criteria to be viable node： d56c4ccc-443a-4cf4-ae59-75174e2c5ce7 Heaviness: 6 limit: 5
2019-09-25 07:30:02,515 [IPC Server handler 15 on 42756] INFO  pipeline.PipelinePlacementPolicy (PipelinePlacementPolicy.java:meetCriteria(91)) - Pipeline Placement: Doesn't meet the criteria to be viable node： 3b163acc-90b4-4277-b760-810609058c95 Heaviness: 6 limit: 5
2019-09-25 07:30:02,515 [IPC Server handler 15 on 42756] ERROR pipeline.PipelinePlacementPolicy (PipelinePlacementPolicy.java:filterViableNodes(148)) - Unable to find enough nodes that meet the criteria that cannot engage in more than 5 pipelines. Nodes required: 3 Found: 0, healthy nodes count inNodeManager: 5.
2019-09-25 07:30:02,515 [IPC Server handler 15 on 42756] ERROR pipeline.SCMPipelineManager (SCMPipelineManager.java:createPipeline(167)) - Pipeline creation failed due to exception: Unable to find enough nodes that meet the criteria that cannot engage in more than 5 pipelines. Nodes required: 3 Found: 0, healthy nodes count inNodeManager: 5.
2019-09-25 07:30:02,516 [IPC Server handler 15 on 42756] WARN  block.BlockManagerImpl (BlockManagerImpl.java:allocateBlock(192)) - Pipeline creation failed for type:RATIS factor:THREE. Retrying get pipelines call once.
org.apache.hadoop.hdds.scm.exceptions.SCMException: Unable to find enough nodes that meet the criteria that cannot engage in more than 5 pipelines. Nodes required: 3 Found: 0, healthy nodes count inNodeManager: 5.
	at org.apache.hadoop.hdds.scm.pipeline.PipelinePlacementPolicy.filterViableNodes(PipelinePlacementPolicy.java:149)
	at org.apache.hadoop.hdds.scm.pipeline.PipelinePlacementPolicy.chooseDatanodes(PipelinePlacementPolicy.java:172)
	at org.apache.hadoop.hdds.scm.pipeline.RatisPipelineProvider.create(RatisPipelineProvider.java:93)
	at org.apache.hadoop.hdds.scm.pipeline.PipelineFactory.create(PipelineFactory.java:58)
	at org.apache.hadoop.hdds.scm.pipeline.SCMPipelineManager.createPipeline(SCMPipelineManager.java:155)
	at org.apache.hadoop.hdds.scm.block.BlockManagerImpl.allocateBlock(BlockManagerImpl.java:190)
	at org.apache.hadoop.hdds.scm.server.SCMBlockProtocolServer.allocateBlock(SCMBlockProtocolServer.java:182)
	at org.apache.hadoop.ozone.protocolPB.ScmBlockLocationProtocolServerSideTranslatorPB.allocateScmBlock(ScmBlockLocationProtocolServerSideTranslatorPB.java:183)
	at org.apache.hadoop.ozone.protocolPB.ScmBlockLocationProtocolServerSideTranslatorPB.processMessage(ScmBlockLocationProtocolServerSideTranslatorPB.java:141)
	at org.apache.hadoop.ozone.protocolPB.ScmBlockLocationProtocolServerSideTranslatorPB.send(ScmBlockLocationProtocolServerSideTranslatorPB.java:116)
	at org.apache.hadoop.hdds.protocol.proto.ScmBlockLocationProtocolProtos$ScmBlockLocationProtocolService$2.callBlockingMethod(ScmBlockLocationProtocolProtos.java:13157)
	at org.apache.hadoop.ipc.ProtobufRpcEngine$Server$ProtoBufRpcInvoker.call(ProtobufRpcEngine.java:524)
	at org.apache.hadoop.ipc.RPC$Server.call(RPC.java:1025)
	at org.apache.hadoop.ipc.Server$RpcCall.run(Server.java:876)
	at org.apache.hadoop.ipc.Server$RpcCall.run(Server.java:822)
	at java.security.AccessController.doPrivileged(Native Method)
	at javax.security.auth.Subject.doAs(Subject.java:422)
	at org.apache.hadoop.security.UserGroupInformation.doAs(UserGroupInformation.java:1730)
	at org.apache.hadoop.ipc.Server$Handler.run(Server.java:2682)
2019-09-25 07:30:02,516 [IPC Server handler 15 on 42756] INFO  block.BlockManagerImpl (BlockManagerImpl.java:allocateBlock(198)) - Could not find available pipeline of type:RATIS and factor:THREE even after retrying
2019-09-25 07:30:02,516 [IPC Server handler 15 on 42756] ERROR block.BlockManagerImpl (BlockManagerImpl.java:allocateBlock(222)) - Unable to allocate a block for the size: 4194304, type: RATIS, factor: THREE
2019-09-25 07:30:02,516 [IPC Server handler 15 on 42756] INFO  pipeline.PipelinePlacementPolicy (PipelinePlacementPolicy.java:meetCriteria(91)) - Pipeline Placement: Doesn't meet the criteria to be viable node： cd2c40c8-d07b-4b9d-aa49-bfe6dbbda9a0 Heaviness: 6 limit: 5
2019-09-25 07:30:02,517 [IPC Server handler 15 on 42756] INFO  pipeline.PipelinePlacementPolicy (PipelinePlacementPolicy.java:meetCriteria(91)) - Pipeline Placement: Doesn't meet the criteria to be viable node： 2c509cf8-45fb-4761-813c-06899a301674 Heaviness: 6 limit: 5
2019-09-25 07:30:02,517 [IPC Server handler 15 on 42756] INFO  pipeline.PipelinePlacementPolicy (PipelinePlacementPolicy.java:meetCriteria(91)) - Pipeline Placement: Doesn't meet the criteria to be viable node： d8a61d6a-3767-4395-9d18-c8065c09d76e Heaviness: 6 limit: 5
2019-09-25 07:30:02,517 [IPC Server handler 15 on 42756] INFO  pipeline.PipelinePlacementPolicy (PipelinePlacementPolicy.java:meetCriteria(91)) - Pipeline Placement: Doesn't meet the criteria to be viable node： d56c4ccc-443a-4cf4-ae59-75174e2c5ce7 Heaviness: 6 limit: 5
2019-09-25 07:30:02,517 [IPC Server handler 15 on 42756] INFO  pipeline.PipelinePlacementPolicy (PipelinePlacementPolicy.java:meetCriteria(91)) - Pipeline Placement: Doesn't meet the criteria to be viable node： 3b163acc-90b4-4277-b760-810609058c95 Heaviness: 6 limit: 5
2019-09-25 07:30:02,517 [IPC Server handler 15 on 42756] ERROR pipeline.PipelinePlacementPolicy (PipelinePlacementPolicy.java:filterViableNodes(148)) - Unable to find enough nodes that meet the criteria that cannot engage in more than 5 pipelines. Nodes required: 3 Found: 0, healthy nodes count inNodeManager: 5.
2019-09-25 07:30:02,517 [IPC Server handler 15 on 42756] ERROR pipeline.SCMPipelineManager (SCMPipelineManager.java:createPipeline(167)) - Pipeline creation failed due to exception: Unable to find enough nodes that meet the criteria that cannot engage in more than 5 pipelines. Nodes required: 3 Found: 0, healthy nodes count inNodeManager: 5.
2019-09-25 07:30:02,518 [IPC Server handler 15 on 42756] WARN  block.BlockManagerImpl (BlockManagerImpl.java:allocateBlock(192)) - Pipeline creation failed for type:RATIS factor:THREE. Retrying get pipelines call once.
org.apache.hadoop.hdds.scm.exceptions.SCMException: Unable to find enough nodes that meet the criteria that cannot engage in more than 5 pipelines. Nodes required: 3 Found: 0, healthy nodes count inNodeManager: 5.
	at org.apache.hadoop.hdds.scm.pipeline.PipelinePlacementPolicy.filterViableNodes(PipelinePlacementPolicy.java:149)
	at org.apache.hadoop.hdds.scm.pipeline.PipelinePlacementPolicy.chooseDatanodes(PipelinePlacementPolicy.java:172)
	at org.apache.hadoop.hdds.scm.pipeline.RatisPipelineProvider.create(RatisPipelineProvider.java:93)
	at org.apache.hadoop.hdds.scm.pipeline.PipelineFactory.create(PipelineFactory.java:58)
	at org.apache.hadoop.hdds.scm.pipeline.SCMPipelineManager.createPipeline(SCMPipelineManager.java:155)
	at org.apache.hadoop.hdds.scm.block.BlockManagerImpl.allocateBlock(BlockManagerImpl.java:190)
	at org.apache.hadoop.hdds.scm.server.SCMBlockProtocolServer.allocateBlock(SCMBlockProtocolServer.java:182)
	at org.apache.hadoop.ozone.protocolPB.ScmBlockLocationProtocolServerSideTranslatorPB.allocateScmBlock(ScmBlockLocationProtocolServerSideTranslatorPB.java:183)
	at org.apache.hadoop.ozone.protocolPB.ScmBlockLocationProtocolServerSideTranslatorPB.processMessage(ScmBlockLocationProtocolServerSideTranslatorPB.java:141)
	at org.apache.hadoop.ozone.protocolPB.ScmBlockLocationProtocolServerSideTranslatorPB.send(ScmBlockLocationProtocolServerSideTranslatorPB.java:116)
	at org.apache.hadoop.hdds.protocol.proto.ScmBlockLocationProtocolProtos$ScmBlockLocationProtocolService$2.callBlockingMethod(ScmBlockLocationProtocolProtos.java:13157)
	at org.apache.hadoop.ipc.ProtobufRpcEngine$Server$ProtoBufRpcInvoker.call(ProtobufRpcEngine.java:524)
	at org.apache.hadoop.ipc.RPC$Server.call(RPC.java:1025)
	at org.apache.hadoop.ipc.Server$RpcCall.run(Server.java:876)
	at org.apache.hadoop.ipc.Server$RpcCall.run(Server.java:822)
	at java.security.AccessController.doPrivileged(Native Method)
	at javax.security.auth.Subject.doAs(Subject.java:422)
	at org.apache.hadoop.security.UserGroupInformation.doAs(UserGroupInformation.java:1730)
	at org.apache.hadoop.ipc.Server$Handler.run(Server.java:2682)
2019-09-25 07:30:02,518 [d8a61d6a-3767-4395-9d18-c8065c09d76e@group-865009826550-SegmentedRaftLogWorker] INFO  segmented.SegmentedRaftLogWorker (SegmentedRaftLogWorker.java:execute(569)) - d8a61d6a-3767-4395-9d18-c8065c09d76e@group-865009826550-SegmentedRaftLogWorker: created new log segment /workdir/hadoop-ozone/tools/target/test-dir/MiniOzoneClusterImpl-e625f0dc-3f73-4bc5-9a9c-4cc4b5f58c2e/datanode-2/data/ratis/830333d9-122a-4291-915b-865009826550/current/log_inprogress_0
2019-09-25 07:30:02,518 [d8a61d6a-3767-4395-9d18-c8065c09d76e@group-EB024624112B:LeaderElection23] INFO  impl.LeaderElection (LeaderElection.java:askForVotes(182)) - d8a61d6a-3767-4395-9d18-c8065c09d76e@group-EB024624112B:LeaderElection23: begin an election at term 1 for -1: [d8a61d6a-3767-4395-9d18-c8065c09d76e:192.168.30.10:42388], old=null
2019-09-25 07:30:02,518 [IPC Server handler 15 on 42756] INFO  block.BlockManagerImpl (BlockManagerImpl.java:allocateBlock(198)) - Could not find available pipeline of type:RATIS and factor:THREE even after retrying
2019-09-25 07:30:02,519 [d8a61d6a-3767-4395-9d18-c8065c09d76e@group-EB024624112B:LeaderElection23] INFO  impl.RoleInfo (RoleInfo.java:shutdownLeaderElection(134)) - d8a61d6a-3767-4395-9d18-c8065c09d76e: shutdown LeaderElection
2019-09-25 07:30:02,519 [IPC Server handler 15 on 42756] ERROR block.BlockManagerImpl (BlockManagerImpl.java:allocateBlock(222)) - Unable to allocate a block for the size: 4194304, type: RATIS, factor: THREE
2019-09-25 07:30:02,519 [d8a61d6a-3767-4395-9d18-c8065c09d76e@group-EB024624112B:LeaderElection23] INFO  impl.RaftServerImpl (RaftServerImpl.java:setRole(174)) - d8a61d6a-3767-4395-9d18-c8065c09d76e@group-EB024624112B: changes role from CANDIDATE to LEADER at term 1 for changeToLeader
2019-09-25 07:30:02,519 [d8a61d6a-3767-4395-9d18-c8065c09d76e@group-EB024624112B:LeaderElection23] INFO  impl.RaftServerImpl (ServerState.java:setLeader(253)) - d8a61d6a-3767-4395-9d18-c8065c09d76e@group-EB024624112B: change Leader from null to d8a61d6a-3767-4395-9d18-c8065c09d76e at term 1 for becomeLeader, leader elected after 5140ms
2019-09-25 07:30:02,520 [d8a61d6a-3767-4395-9d18-c8065c09d76e@group-EB024624112B:LeaderElection23] INFO  server.RaftServerConfigKeys (ConfUtils.java:logGet(43)) - raft.server.staging.catchup.gap = 1000 (default)
2019-09-25 07:30:02,520 [d8a61d6a-3767-4395-9d18-c8065c09d76e@group-EB024624112B:LeaderElection23] INFO  server.RaftServerConfigKeys (ConfUtils.java:logGet(43)) - raft.server.rpc.sleep.time = 25ms (default)
2019-09-25 07:30:02,520 [d8a61d6a-3767-4395-9d18-c8065c09d76e@group-EB024624112B:LeaderElection23] INFO  server.RaftServerConfigKeys (ConfUtils.java:logGet(43)) - raft.server.write.element-limit = 4096 (default)
2019-09-25 07:30:02,520 [d8a61d6a-3767-4395-9d18-c8065c09d76e@group-EB024624112B:LeaderElection23] INFO  server.RaftServerConfigKeys (ConfUtils.java:logGet(43)) - raft.server.watch.timeout = 10s (default)
2019-09-25 07:30:02,521 [d8a61d6a-3767-4395-9d18-c8065c09d76e@group-EB024624112B:LeaderElection23] INFO  server.RaftServerConfigKeys (ConfUtils.java:logGet(43)) - raft.server.watch.timeout.denomination = 1s (default)
2019-09-25 07:30:02,521 [d8a61d6a-3767-4395-9d18-c8065c09d76e@group-EB024624112B:LeaderElection23] INFO  server.RaftServerConfigKeys (ConfUtils.java:logGet(43)) - raft.server.watch.element-limit = 65536 (default)
2019-09-25 07:30:02,521 [pool-74-thread-3] ERROR freon.RandomKeyGenerator (RandomKeyGenerator.java:createKey(733)) - Exception while adding key: key-0-44564 in bucket: bucket-0-68837 of volume: vol-0-61702.
INTERNAL_ERROR org.apache.hadoop.ozone.om.exceptions.OMException: Allocated 0 blocks. Requested 5 blocks
	at org.apache.hadoop.ozone.om.protocolPB.OzoneManagerProtocolClientSideTranslatorPB.handleError(OzoneManagerProtocolClientSideTranslatorPB.java:732)
	at org.apache.hadoop.ozone.om.protocolPB.OzoneManagerProtocolClientSideTranslatorPB.openKey(OzoneManagerProtocolClientSideTranslatorPB.java:723)
	at sun.reflect.NativeMethodAccessorImpl.invoke0(Native Method)
	at sun.reflect.NativeMethodAccessorImpl.invoke(NativeMethodAccessorImpl.java:62)
	at sun.reflect.DelegatingMethodAccessorImpl.invoke(DelegatingMethodAccessorImpl.java:43)
	at java.lang.reflect.Method.invoke(Method.java:498)
	at org.apache.hadoop.hdds.tracing.TraceAllMethod.invoke(TraceAllMethod.java:66)
	at com.sun.proxy.$Proxy37.openKey(Unknown Source)
	at org.apache.hadoop.ozone.client.rpc.RpcClient.createKey(RpcClient.java:614)
	at org.apache.hadoop.ozone.client.OzoneBucket.createKey(OzoneBucket.java:325)
	at org.apache.hadoop.ozone.freon.RandomKeyGenerator.createKey(RandomKeyGenerator.java:695)
	at org.apache.hadoop.ozone.freon.RandomKeyGenerator.access$1100(RandomKeyGenerator.java:88)
	at org.apache.hadoop.ozone.freon.RandomKeyGenerator$ObjectCreator.run(RandomKeyGenerator.java:615)
	at java.util.concurrent.Executors$RunnableAdapter.call(Executors.java:511)
	at java.util.concurrent.FutureTask.run(FutureTask.java:266)
	at java.util.concurrent.ThreadPoolExecutor.runWorker(ThreadPoolExecutor.java:1149)
	at java.util.concurrent.ThreadPoolExecutor$Worker.run(ThreadPoolExecutor.java:624)
	at java.lang.Thread.run(Thread.java:748)
2019-09-25 07:30:02,524 [d8a61d6a-3767-4395-9d18-c8065c09d76e@group-EB024624112B:LeaderElection23] INFO  impl.RoleInfo (RoleInfo.java:updateAndGet(143)) - d8a61d6a-3767-4395-9d18-c8065c09d76e: start LeaderState
2019-09-25 07:30:02,525 [d8a61d6a-3767-4395-9d18-c8065c09d76e@group-EB024624112B:LeaderElection23] INFO  segmented.SegmentedRaftLogWorker (SegmentedRaftLogWorker.java:startLogSegment(380)) - d8a61d6a-3767-4395-9d18-c8065c09d76e@group-EB024624112B-SegmentedRaftLogWorker: Starting segment from index:0
2019-09-25 07:30:02,525 [d8a61d6a-3767-4395-9d18-c8065c09d76e@group-EB024624112B:LeaderElection23] INFO  impl.RaftServerImpl (ServerState.java:setRaftConf(354)) - d8a61d6a-3767-4395-9d18-c8065c09d76e@group-EB024624112B: set configuration 0: [d8a61d6a-3767-4395-9d18-c8065c09d76e:192.168.30.10:42388], old=null at 0
2019-09-25 07:30:02,561 [Thread-285] INFO  impl.FollowerState (FollowerState.java:run(106)) - d56c4ccc-443a-4cf4-ae59-75174e2c5ce7:group-5BE3327AD66A changes to CANDIDATE, lastRpcTime:5097, electionTimeout:5096ms
2019-09-25 07:30:02,562 [Thread-285] INFO  impl.RoleInfo (RoleInfo.java:shutdownFollowerState(121)) - d56c4ccc-443a-4cf4-ae59-75174e2c5ce7: shutdown FollowerState
2019-09-25 07:30:02,562 [Thread-285] INFO  impl.RaftServerImpl (RaftServerImpl.java:setRole(174)) - d56c4ccc-443a-4cf4-ae59-75174e2c5ce7@group-5BE3327AD66A: changes role from  FOLLOWER to CANDIDATE at term 0 for changeToCandidate
2019-09-25 07:30:02,562 [Thread-285] INFO  impl.RoleInfo (RoleInfo.java:updateAndGet(143)) - d56c4ccc-443a-4cf4-ae59-75174e2c5ce7: start LeaderElection
2019-09-25 07:30:02,587 [d8a61d6a-3767-4395-9d18-c8065c09d76e@group-EB024624112B-SegmentedRaftLogWorker] INFO  segmented.SegmentedRaftLogWorker (SegmentedRaftLogWorker.java:execute(569)) - d8a61d6a-3767-4395-9d18-c8065c09d76e@group-EB024624112B-SegmentedRaftLogWorker: created new log segment /workdir/hadoop-ozone/tools/target/test-dir/MiniOzoneClusterImpl-e625f0dc-3f73-4bc5-9a9c-4cc4b5f58c2e/datanode-2/data/ratis/cf45245b-fc14-4fb7-8d8c-eb024624112b/current/log_inprogress_0
2019-09-25 07:30:02,587 [d56c4ccc-443a-4cf4-ae59-75174e2c5ce7@group-5BE3327AD66A:LeaderElection24] INFO  impl.LeaderElection (LeaderElection.java:askForVotes(182)) - d56c4ccc-443a-4cf4-ae59-75174e2c5ce7@group-5BE3327AD66A:LeaderElection24: begin an election at term 1 for -1: [d56c4ccc-443a-4cf4-ae59-75174e2c5ce7:192.168.30.10:41980], old=null
2019-09-25 07:30:02,587 [d56c4ccc-443a-4cf4-ae59-75174e2c5ce7@group-5BE3327AD66A:LeaderElection24] INFO  impl.RoleInfo (RoleInfo.java:shutdownLeaderElection(134)) - d56c4ccc-443a-4cf4-ae59-75174e2c5ce7: shutdown LeaderElection
2019-09-25 07:30:02,587 [d56c4ccc-443a-4cf4-ae59-75174e2c5ce7@group-5BE3327AD66A:LeaderElection24] INFO  impl.RaftServerImpl (RaftServerImpl.java:setRole(174)) - d56c4ccc-443a-4cf4-ae59-75174e2c5ce7@group-5BE3327AD66A: changes role from CANDIDATE to LEADER at term 1 for changeToLeader
2019-09-25 07:30:02,587 [d56c4ccc-443a-4cf4-ae59-75174e2c5ce7@group-5BE3327AD66A:LeaderElection24] INFO  impl.RaftServerImpl (ServerState.java:setLeader(253)) - d56c4ccc-443a-4cf4-ae59-75174e2c5ce7@group-5BE3327AD66A: change Leader from null to d56c4ccc-443a-4cf4-ae59-75174e2c5ce7 at term 1 for becomeLeader, leader elected after 5131ms
2019-09-25 07:30:02,588 [d56c4ccc-443a-4cf4-ae59-75174e2c5ce7@group-5BE3327AD66A:LeaderElection24] INFO  server.RaftServerConfigKeys (ConfUtils.java:logGet(43)) - raft.server.staging.catchup.gap = 1000 (default)
2019-09-25 07:30:02,588 [d56c4ccc-443a-4cf4-ae59-75174e2c5ce7@group-5BE3327AD66A:LeaderElection24] INFO  server.RaftServerConfigKeys (ConfUtils.java:logGet(43)) - raft.server.rpc.sleep.time = 25ms (default)
2019-09-25 07:30:02,588 [d56c4ccc-443a-4cf4-ae59-75174e2c5ce7@group-5BE3327AD66A:LeaderElection24] INFO  server.RaftServerConfigKeys (ConfUtils.java:logGet(43)) - raft.server.write.element-limit = 4096 (default)
2019-09-25 07:30:02,588 [d56c4ccc-443a-4cf4-ae59-75174e2c5ce7@group-5BE3327AD66A:LeaderElection24] INFO  server.RaftServerConfigKeys (ConfUtils.java:logGet(43)) - raft.server.watch.timeout = 10s (default)
2019-09-25 07:30:02,588 [d56c4ccc-443a-4cf4-ae59-75174e2c5ce7@group-5BE3327AD66A:LeaderElection24] INFO  server.RaftServerConfigKeys (ConfUtils.java:logGet(43)) - raft.server.watch.timeout.denomination = 1s (default)
2019-09-25 07:30:02,589 [d56c4ccc-443a-4cf4-ae59-75174e2c5ce7@group-5BE3327AD66A:LeaderElection24] INFO  server.RaftServerConfigKeys (ConfUtils.java:logGet(43)) - raft.server.watch.element-limit = 65536 (default)
2019-09-25 07:30:02,592 [d56c4ccc-443a-4cf4-ae59-75174e2c5ce7@group-5BE3327AD66A:LeaderElection24] INFO  impl.RoleInfo (RoleInfo.java:updateAndGet(143)) - d56c4ccc-443a-4cf4-ae59-75174e2c5ce7: start LeaderState
2019-09-25 07:30:02,592 [d56c4ccc-443a-4cf4-ae59-75174e2c5ce7@group-5BE3327AD66A:LeaderElection24] INFO  segmented.SegmentedRaftLogWorker (SegmentedRaftLogWorker.java:startLogSegment(380)) - d56c4ccc-443a-4cf4-ae59-75174e2c5ce7@group-5BE3327AD66A-SegmentedRaftLogWorker: Starting segment from index:0
2019-09-25 07:30:02,593 [d56c4ccc-443a-4cf4-ae59-75174e2c5ce7@group-5BE3327AD66A:LeaderElection24] INFO  impl.RaftServerImpl (ServerState.java:setRaftConf(354)) - d56c4ccc-443a-4cf4-ae59-75174e2c5ce7@group-5BE3327AD66A: set configuration 0: [d56c4ccc-443a-4cf4-ae59-75174e2c5ce7:192.168.30.10:41980], old=null at 0
2019-09-25 07:30:02,644 [d56c4ccc-443a-4cf4-ae59-75174e2c5ce7@group-5BE3327AD66A-SegmentedRaftLogWorker] INFO  segmented.SegmentedRaftLogWorker (SegmentedRaftLogWorker.java:execute(569)) - d56c4ccc-443a-4cf4-ae59-75174e2c5ce7@group-5BE3327AD66A-SegmentedRaftLogWorker: created new log segment /workdir/hadoop-ozone/tools/target/test-dir/MiniOzoneClusterImpl-e625f0dc-3f73-4bc5-9a9c-4cc4b5f58c2e/datanode-1/data/ratis/4d76e15f-2349-4976-98a3-5be3327ad66a/current/log_inprogress_0
2019-09-25 07:30:02,845 [Thread-288] INFO  impl.FollowerState (FollowerState.java:run(106)) - 2c509cf8-45fb-4761-813c-06899a301674:group-5FD338926CF2 changes to CANDIDATE, lastRpcTime:5117, electionTimeout:5117ms
2019-09-25 07:30:02,845 [Thread-288] INFO  impl.RoleInfo (RoleInfo.java:shutdownFollowerState(121)) - 2c509cf8-45fb-4761-813c-06899a301674: shutdown FollowerState
2019-09-25 07:30:02,845 [Thread-288] INFO  impl.RaftServerImpl (RaftServerImpl.java:setRole(174)) - 2c509cf8-45fb-4761-813c-06899a301674@group-5FD338926CF2: changes role from  FOLLOWER to CANDIDATE at term 0 for changeToCandidate
2019-09-25 07:30:02,846 [Thread-288] INFO  impl.RoleInfo (RoleInfo.java:updateAndGet(143)) - 2c509cf8-45fb-4761-813c-06899a301674: start LeaderElection
2019-09-25 07:30:02,863 [2c509cf8-45fb-4761-813c-06899a301674@group-5FD338926CF2:LeaderElection25] INFO  impl.LeaderElection (LeaderElection.java:askForVotes(182)) - 2c509cf8-45fb-4761-813c-06899a301674@group-5FD338926CF2:LeaderElection25: begin an election at term 1 for -1: [2c509cf8-45fb-4761-813c-06899a301674:192.168.30.10:34142], old=null
2019-09-25 07:30:02,864 [2c509cf8-45fb-4761-813c-06899a301674@group-5FD338926CF2:LeaderElection25] INFO  impl.RoleInfo (RoleInfo.java:shutdownLeaderElection(134)) - 2c509cf8-45fb-4761-813c-06899a301674: shutdown LeaderElection
2019-09-25 07:30:02,864 [2c509cf8-45fb-4761-813c-06899a301674@group-5FD338926CF2:LeaderElection25] INFO  impl.RaftServerImpl (RaftServerImpl.java:setRole(174)) - 2c509cf8-45fb-4761-813c-06899a301674@group-5FD338926CF2: changes role from CANDIDATE to LEADER at term 1 for changeToLeader
2019-09-25 07:30:02,864 [2c509cf8-45fb-4761-813c-06899a301674@group-5FD338926CF2:LeaderElection25] INFO  impl.RaftServerImpl (ServerState.java:setLeader(253)) - 2c509cf8-45fb-4761-813c-06899a301674@group-5FD338926CF2: change Leader from null to 2c509cf8-45fb-4761-813c-06899a301674 at term 1 for becomeLeader, leader elected after 5327ms
2019-09-25 07:30:02,864 [2c509cf8-45fb-4761-813c-06899a301674@group-5FD338926CF2:LeaderElection25] INFO  server.RaftServerConfigKeys (ConfUtils.java:logGet(43)) - raft.server.staging.catchup.gap = 1000 (default)
2019-09-25 07:30:02,864 [2c509cf8-45fb-4761-813c-06899a301674@group-5FD338926CF2:LeaderElection25] INFO  server.RaftServerConfigKeys (ConfUtils.java:logGet(43)) - raft.server.rpc.sleep.time = 25ms (default)
2019-09-25 07:30:02,864 [2c509cf8-45fb-4761-813c-06899a301674@group-5FD338926CF2:LeaderElection25] INFO  server.RaftServerConfigKeys (ConfUtils.java:logGet(43)) - raft.server.write.element-limit = 4096 (default)
2019-09-25 07:30:02,865 [2c509cf8-45fb-4761-813c-06899a301674@group-5FD338926CF2:LeaderElection25] INFO  server.RaftServerConfigKeys (ConfUtils.java:logGet(43)) - raft.server.watch.timeout = 10s (default)
2019-09-25 07:30:02,865 [2c509cf8-45fb-4761-813c-06899a301674@group-5FD338926CF2:LeaderElection25] INFO  server.RaftServerConfigKeys (ConfUtils.java:logGet(43)) - raft.server.watch.timeout.denomination = 1s (default)
2019-09-25 07:30:02,865 [2c509cf8-45fb-4761-813c-06899a301674@group-5FD338926CF2:LeaderElection25] INFO  server.RaftServerConfigKeys (ConfUtils.java:logGet(43)) - raft.server.watch.element-limit = 65536 (default)
2019-09-25 07:30:02,868 [2c509cf8-45fb-4761-813c-06899a301674@group-5FD338926CF2:LeaderElection25] INFO  impl.RoleInfo (RoleInfo.java:updateAndGet(143)) - 2c509cf8-45fb-4761-813c-06899a301674: start LeaderState
2019-09-25 07:30:02,868 [2c509cf8-45fb-4761-813c-06899a301674@group-5FD338926CF2:LeaderElection25] INFO  segmented.SegmentedRaftLogWorker (SegmentedRaftLogWorker.java:startLogSegment(380)) - 2c509cf8-45fb-4761-813c-06899a301674@group-5FD338926CF2-SegmentedRaftLogWorker: Starting segment from index:0
2019-09-25 07:30:02,869 [2c509cf8-45fb-4761-813c-06899a301674@group-5FD338926CF2:LeaderElection25] INFO  impl.RaftServerImpl (ServerState.java:setRaftConf(354)) - 2c509cf8-45fb-4761-813c-06899a301674@group-5FD338926CF2: set configuration 0: [2c509cf8-45fb-4761-813c-06899a301674:192.168.30.10:34142], old=null at 0
2019-09-25 07:30:02,926 [Thread-291] INFO  impl.FollowerState (FollowerState.java:run(106)) - 2c509cf8-45fb-4761-813c-06899a301674:group-34A72359528B changes to CANDIDATE, lastRpcTime:5136, electionTimeout:5132ms
2019-09-25 07:30:02,926 [Thread-291] INFO  impl.RoleInfo (RoleInfo.java:shutdownFollowerState(121)) - 2c509cf8-45fb-4761-813c-06899a301674: shutdown FollowerState
2019-09-25 07:30:02,926 [Thread-291] INFO  impl.RaftServerImpl (RaftServerImpl.java:setRole(174)) - 2c509cf8-45fb-4761-813c-06899a301674@group-34A72359528B: changes role from  FOLLOWER to CANDIDATE at term 0 for changeToCandidate
2019-09-25 07:30:02,926 [Thread-291] INFO  impl.RoleInfo (RoleInfo.java:updateAndGet(143)) - 2c509cf8-45fb-4761-813c-06899a301674: start LeaderElection
2019-09-25 07:30:02,929 [2c509cf8-45fb-4761-813c-06899a301674@group-5FD338926CF2-SegmentedRaftLogWorker] INFO  segmented.SegmentedRaftLogWorker (SegmentedRaftLogWorker.java:execute(569)) - 2c509cf8-45fb-4761-813c-06899a301674@group-5FD338926CF2-SegmentedRaftLogWorker: created new log segment /workdir/hadoop-ozone/tools/target/test-dir/MiniOzoneClusterImpl-e625f0dc-3f73-4bc5-9a9c-4cc4b5f58c2e/datanode-3/data/ratis/ce1c39f0-269f-4427-a024-5fd338926cf2/current/log_inprogress_0
2019-09-25 07:30:02,955 [2c509cf8-45fb-4761-813c-06899a301674@group-34A72359528B:LeaderElection26] INFO  impl.LeaderElection (LeaderElection.java:askForVotes(182)) - 2c509cf8-45fb-4761-813c-06899a301674@group-34A72359528B:LeaderElection26: begin an election at term 1 for -1: [2c509cf8-45fb-4761-813c-06899a301674:192.168.30.10:34142], old=null
2019-09-25 07:30:02,955 [2c509cf8-45fb-4761-813c-06899a301674@group-34A72359528B:LeaderElection26] INFO  impl.RoleInfo (RoleInfo.java:shutdownLeaderElection(134)) - 2c509cf8-45fb-4761-813c-06899a301674: shutdown LeaderElection
2019-09-25 07:30:02,955 [2c509cf8-45fb-4761-813c-06899a301674@group-34A72359528B:LeaderElection26] INFO  impl.RaftServerImpl (RaftServerImpl.java:setRole(174)) - 2c509cf8-45fb-4761-813c-06899a301674@group-34A72359528B: changes role from CANDIDATE to LEADER at term 1 for changeToLeader
2019-09-25 07:30:02,955 [2c509cf8-45fb-4761-813c-06899a301674@group-34A72359528B:LeaderElection26] INFO  impl.RaftServerImpl (ServerState.java:setLeader(253)) - 2c509cf8-45fb-4761-813c-06899a301674@group-34A72359528B: change Leader from null to 2c509cf8-45fb-4761-813c-06899a301674 at term 1 for becomeLeader, leader elected after 5173ms
2019-09-25 07:30:02,955 [2c509cf8-45fb-4761-813c-06899a301674@group-34A72359528B:LeaderElection26] INFO  server.RaftServerConfigKeys (ConfUtils.java:logGet(43)) - raft.server.staging.catchup.gap = 1000 (default)
2019-09-25 07:30:02,956 [2c509cf8-45fb-4761-813c-06899a301674@group-34A72359528B:LeaderElection26] INFO  server.RaftServerConfigKeys (ConfUtils.java:logGet(43)) - raft.server.rpc.sleep.time = 25ms (default)
2019-09-25 07:30:02,956 [2c509cf8-45fb-4761-813c-06899a301674@group-34A72359528B:LeaderElection26] INFO  server.RaftServerConfigKeys (ConfUtils.java:logGet(43)) - raft.server.write.element-limit = 4096 (default)
2019-09-25 07:30:02,956 [2c509cf8-45fb-4761-813c-06899a301674@group-34A72359528B:LeaderElection26] INFO  server.RaftServerConfigKeys (ConfUtils.java:logGet(43)) - raft.server.watch.timeout = 10s (default)
2019-09-25 07:30:02,956 [2c509cf8-45fb-4761-813c-06899a301674@group-34A72359528B:LeaderElection26] INFO  server.RaftServerConfigKeys (ConfUtils.java:logGet(43)) - raft.server.watch.timeout.denomination = 1s (default)
2019-09-25 07:30:02,956 [2c509cf8-45fb-4761-813c-06899a301674@group-34A72359528B:LeaderElection26] INFO  server.RaftServerConfigKeys (ConfUtils.java:logGet(43)) - raft.server.watch.element-limit = 65536 (default)
2019-09-25 07:30:02,959 [2c509cf8-45fb-4761-813c-06899a301674@group-34A72359528B:LeaderElection26] INFO  impl.RoleInfo (RoleInfo.java:updateAndGet(143)) - 2c509cf8-45fb-4761-813c-06899a301674: start LeaderState
2019-09-25 07:30:02,959 [2c509cf8-45fb-4761-813c-06899a301674@group-34A72359528B:LeaderElection26] INFO  segmented.SegmentedRaftLogWorker (SegmentedRaftLogWorker.java:startLogSegment(380)) - 2c509cf8-45fb-4761-813c-06899a301674@group-34A72359528B-SegmentedRaftLogWorker: Starting segment from index:0
2019-09-25 07:30:02,960 [2c509cf8-45fb-4761-813c-06899a301674@group-34A72359528B:LeaderElection26] INFO  impl.RaftServerImpl (ServerState.java:setRaftConf(354)) - 2c509cf8-45fb-4761-813c-06899a301674@group-34A72359528B: set configuration 0: [2c509cf8-45fb-4761-813c-06899a301674:192.168.30.10:34142], old=null at 0
2019-09-25 07:30:02,996 [Thread-294] INFO  impl.FollowerState (FollowerState.java:run(106)) - cd2c40c8-d07b-4b9d-aa49-bfe6dbbda9a0:group-38C8B707847E changes to CANDIDATE, lastRpcTime:5149, electionTimeout:5132ms
2019-09-25 07:30:02,996 [Thread-297] INFO  impl.FollowerState (FollowerState.java:run(106)) - cd2c40c8-d07b-4b9d-aa49-bfe6dbbda9a0:group-F379E4D0C6E0 changes to CANDIDATE, lastRpcTime:5096, electionTimeout:5072ms
2019-09-25 07:30:02,997 [Thread-294] INFO  impl.RoleInfo (RoleInfo.java:shutdownFollowerState(121)) - cd2c40c8-d07b-4b9d-aa49-bfe6dbbda9a0: shutdown FollowerState
2019-09-25 07:30:02,997 [Thread-297] INFO  impl.RoleInfo (RoleInfo.java:shutdownFollowerState(121)) - cd2c40c8-d07b-4b9d-aa49-bfe6dbbda9a0: shutdown FollowerState
2019-09-25 07:30:02,997 [Thread-294] INFO  impl.RaftServerImpl (RaftServerImpl.java:setRole(174)) - cd2c40c8-d07b-4b9d-aa49-bfe6dbbda9a0@group-38C8B707847E: changes role from  FOLLOWER to CANDIDATE at term 0 for changeToCandidate
2019-09-25 07:30:02,997 [Thread-297] INFO  impl.RaftServerImpl (RaftServerImpl.java:setRole(174)) - cd2c40c8-d07b-4b9d-aa49-bfe6dbbda9a0@group-F379E4D0C6E0: changes role from  FOLLOWER to CANDIDATE at term 0 for changeToCandidate
2019-09-25 07:30:02,997 [Thread-294] INFO  impl.RoleInfo (RoleInfo.java:updateAndGet(143)) - cd2c40c8-d07b-4b9d-aa49-bfe6dbbda9a0: start LeaderElection
2019-09-25 07:30:02,998 [Thread-297] INFO  impl.RoleInfo (RoleInfo.java:updateAndGet(143)) - cd2c40c8-d07b-4b9d-aa49-bfe6dbbda9a0: start LeaderElection
2019-09-25 07:30:03,009 [2c509cf8-45fb-4761-813c-06899a301674@group-34A72359528B-SegmentedRaftLogWorker] INFO  segmented.SegmentedRaftLogWorker (SegmentedRaftLogWorker.java:execute(569)) - 2c509cf8-45fb-4761-813c-06899a301674@group-34A72359528B-SegmentedRaftLogWorker: created new log segment /workdir/hadoop-ozone/tools/target/test-dir/MiniOzoneClusterImpl-e625f0dc-3f73-4bc5-9a9c-4cc4b5f58c2e/datanode-3/data/ratis/9ab33b4a-1393-4dc3-8d7e-34a72359528b/current/log_inprogress_0
2019-09-25 07:30:03,010 [cd2c40c8-d07b-4b9d-aa49-bfe6dbbda9a0@group-38C8B707847E:LeaderElection27] INFO  impl.LeaderElection (LeaderElection.java:askForVotes(182)) - cd2c40c8-d07b-4b9d-aa49-bfe6dbbda9a0@group-38C8B707847E:LeaderElection27: begin an election at term 1 for -1: [cd2c40c8-d07b-4b9d-aa49-bfe6dbbda9a0:192.168.30.10:35976], old=null
2019-09-25 07:30:03,010 [cd2c40c8-d07b-4b9d-aa49-bfe6dbbda9a0@group-F379E4D0C6E0:LeaderElection28] INFO  impl.LeaderElection (LeaderElection.java:askForVotes(182)) - cd2c40c8-d07b-4b9d-aa49-bfe6dbbda9a0@group-F379E4D0C6E0:LeaderElection28: begin an election at term 1 for -1: [cd2c40c8-d07b-4b9d-aa49-bfe6dbbda9a0:192.168.30.10:35976], old=null
2019-09-25 07:30:03,010 [cd2c40c8-d07b-4b9d-aa49-bfe6dbbda9a0@group-38C8B707847E:LeaderElection27] INFO  impl.RoleInfo (RoleInfo.java:shutdownLeaderElection(134)) - cd2c40c8-d07b-4b9d-aa49-bfe6dbbda9a0: shutdown LeaderElection
2019-09-25 07:30:03,010 [cd2c40c8-d07b-4b9d-aa49-bfe6dbbda9a0@group-F379E4D0C6E0:LeaderElection28] INFO  impl.RoleInfo (RoleInfo.java:shutdownLeaderElection(134)) - cd2c40c8-d07b-4b9d-aa49-bfe6dbbda9a0: shutdown LeaderElection
2019-09-25 07:30:03,010 [cd2c40c8-d07b-4b9d-aa49-bfe6dbbda9a0@group-38C8B707847E:LeaderElection27] INFO  impl.RaftServerImpl (RaftServerImpl.java:setRole(174)) - cd2c40c8-d07b-4b9d-aa49-bfe6dbbda9a0@group-38C8B707847E: changes role from CANDIDATE to LEADER at term 1 for changeToLeader
2019-09-25 07:30:03,010 [cd2c40c8-d07b-4b9d-aa49-bfe6dbbda9a0@group-F379E4D0C6E0:LeaderElection28] INFO  impl.RaftServerImpl (RaftServerImpl.java:setRole(174)) - cd2c40c8-d07b-4b9d-aa49-bfe6dbbda9a0@group-F379E4D0C6E0: changes role from CANDIDATE to LEADER at term 1 for changeToLeader
2019-09-25 07:30:03,010 [cd2c40c8-d07b-4b9d-aa49-bfe6dbbda9a0@group-38C8B707847E:LeaderElection27] INFO  impl.RaftServerImpl (ServerState.java:setLeader(253)) - cd2c40c8-d07b-4b9d-aa49-bfe6dbbda9a0@group-38C8B707847E: change Leader from null to cd2c40c8-d07b-4b9d-aa49-bfe6dbbda9a0 at term 1 for becomeLeader, leader elected after 5168ms
2019-09-25 07:30:03,010 [cd2c40c8-d07b-4b9d-aa49-bfe6dbbda9a0@group-F379E4D0C6E0:LeaderElection28] INFO  impl.RaftServerImpl (ServerState.java:setLeader(253)) - cd2c40c8-d07b-4b9d-aa49-bfe6dbbda9a0@group-F379E4D0C6E0: change Leader from null to cd2c40c8-d07b-4b9d-aa49-bfe6dbbda9a0 at term 1 for becomeLeader, leader elected after 5117ms
2019-09-25 07:30:03,011 [cd2c40c8-d07b-4b9d-aa49-bfe6dbbda9a0@group-38C8B707847E:LeaderElection27] INFO  server.RaftServerConfigKeys (ConfUtils.java:logGet(43)) - raft.server.staging.catchup.gap = 1000 (default)
2019-09-25 07:30:03,011 [cd2c40c8-d07b-4b9d-aa49-bfe6dbbda9a0@group-F379E4D0C6E0:LeaderElection28] INFO  server.RaftServerConfigKeys (ConfUtils.java:logGet(43)) - raft.server.staging.catchup.gap = 1000 (default)
2019-09-25 07:30:03,011 [cd2c40c8-d07b-4b9d-aa49-bfe6dbbda9a0@group-38C8B707847E:LeaderElection27] INFO  server.RaftServerConfigKeys (ConfUtils.java:logGet(43)) - raft.server.rpc.sleep.time = 25ms (default)
2019-09-25 07:30:03,011 [cd2c40c8-d07b-4b9d-aa49-bfe6dbbda9a0@group-F379E4D0C6E0:LeaderElection28] INFO  server.RaftServerConfigKeys (ConfUtils.java:logGet(43)) - raft.server.rpc.sleep.time = 25ms (default)
2019-09-25 07:30:03,011 [cd2c40c8-d07b-4b9d-aa49-bfe6dbbda9a0@group-38C8B707847E:LeaderElection27] INFO  server.RaftServerConfigKeys (ConfUtils.java:logGet(43)) - raft.server.write.element-limit = 4096 (default)
2019-09-25 07:30:03,011 [cd2c40c8-d07b-4b9d-aa49-bfe6dbbda9a0@group-F379E4D0C6E0:LeaderElection28] INFO  server.RaftServerConfigKeys (ConfUtils.java:logGet(43)) - raft.server.write.element-limit = 4096 (default)
2019-09-25 07:30:03,012 [cd2c40c8-d07b-4b9d-aa49-bfe6dbbda9a0@group-38C8B707847E:LeaderElection27] INFO  server.RaftServerConfigKeys (ConfUtils.java:logGet(43)) - raft.server.watch.timeout = 10s (default)
2019-09-25 07:30:03,012 [cd2c40c8-d07b-4b9d-aa49-bfe6dbbda9a0@group-F379E4D0C6E0:LeaderElection28] INFO  server.RaftServerConfigKeys (ConfUtils.java:logGet(43)) - raft.server.watch.timeout = 10s (default)
2019-09-25 07:30:03,012 [cd2c40c8-d07b-4b9d-aa49-bfe6dbbda9a0@group-38C8B707847E:LeaderElection27] INFO  server.RaftServerConfigKeys (ConfUtils.java:logGet(43)) - raft.server.watch.timeout.denomination = 1s (default)
2019-09-25 07:30:03,012 [cd2c40c8-d07b-4b9d-aa49-bfe6dbbda9a0@group-F379E4D0C6E0:LeaderElection28] INFO  server.RaftServerConfigKeys (ConfUtils.java:logGet(43)) - raft.server.watch.timeout.denomination = 1s (default)
2019-09-25 07:30:03,012 [cd2c40c8-d07b-4b9d-aa49-bfe6dbbda9a0@group-38C8B707847E:LeaderElection27] INFO  server.RaftServerConfigKeys (ConfUtils.java:logGet(43)) - raft.server.watch.element-limit = 65536 (default)
2019-09-25 07:30:03,012 [cd2c40c8-d07b-4b9d-aa49-bfe6dbbda9a0@group-F379E4D0C6E0:LeaderElection28] INFO  server.RaftServerConfigKeys (ConfUtils.java:logGet(43)) - raft.server.watch.element-limit = 65536 (default)
2019-09-25 07:30:03,016 [cd2c40c8-d07b-4b9d-aa49-bfe6dbbda9a0@group-38C8B707847E:LeaderElection27] INFO  impl.RoleInfo (RoleInfo.java:updateAndGet(143)) - cd2c40c8-d07b-4b9d-aa49-bfe6dbbda9a0: start LeaderState
2019-09-25 07:30:03,016 [cd2c40c8-d07b-4b9d-aa49-bfe6dbbda9a0@group-F379E4D0C6E0:LeaderElection28] INFO  impl.RoleInfo (RoleInfo.java:updateAndGet(143)) - cd2c40c8-d07b-4b9d-aa49-bfe6dbbda9a0: start LeaderState
2019-09-25 07:30:03,016 [cd2c40c8-d07b-4b9d-aa49-bfe6dbbda9a0@group-38C8B707847E:LeaderElection27] INFO  segmented.SegmentedRaftLogWorker (SegmentedRaftLogWorker.java:startLogSegment(380)) - cd2c40c8-d07b-4b9d-aa49-bfe6dbbda9a0@group-38C8B707847E-SegmentedRaftLogWorker: Starting segment from index:0
2019-09-25 07:30:03,016 [cd2c40c8-d07b-4b9d-aa49-bfe6dbbda9a0@group-F379E4D0C6E0:LeaderElection28] INFO  segmented.SegmentedRaftLogWorker (SegmentedRaftLogWorker.java:startLogSegment(380)) - cd2c40c8-d07b-4b9d-aa49-bfe6dbbda9a0@group-F379E4D0C6E0-SegmentedRaftLogWorker: Starting segment from index:0
2019-09-25 07:30:03,017 [cd2c40c8-d07b-4b9d-aa49-bfe6dbbda9a0@group-38C8B707847E:LeaderElection27] INFO  impl.RaftServerImpl (ServerState.java:setRaftConf(354)) - cd2c40c8-d07b-4b9d-aa49-bfe6dbbda9a0@group-38C8B707847E: set configuration 0: [cd2c40c8-d07b-4b9d-aa49-bfe6dbbda9a0:192.168.30.10:35976], old=null at 0
2019-09-25 07:30:03,050 [Thread-300] INFO  impl.FollowerState (FollowerState.java:run(106)) - 2c509cf8-45fb-4761-813c-06899a301674:group-2B3F1509D21A changes to CANDIDATE, lastRpcTime:5099, electionTimeout:5095ms
2019-09-25 07:30:03,051 [cd2c40c8-d07b-4b9d-aa49-bfe6dbbda9a0@group-F379E4D0C6E0:LeaderElection28] INFO  impl.RaftServerImpl (ServerState.java:setRaftConf(354)) - cd2c40c8-d07b-4b9d-aa49-bfe6dbbda9a0@group-F379E4D0C6E0: set configuration 0: [cd2c40c8-d07b-4b9d-aa49-bfe6dbbda9a0:192.168.30.10:35976], old=null at 0
2019-09-25 07:30:03,051 [Thread-300] INFO  impl.RoleInfo (RoleInfo.java:shutdownFollowerState(121)) - 2c509cf8-45fb-4761-813c-06899a301674: shutdown FollowerState
2019-09-25 07:30:03,088 [cd2c40c8-d07b-4b9d-aa49-bfe6dbbda9a0@group-38C8B707847E-SegmentedRaftLogWorker] INFO  segmented.SegmentedRaftLogWorker (SegmentedRaftLogWorker.java:execute(569)) - cd2c40c8-d07b-4b9d-aa49-bfe6dbbda9a0@group-38C8B707847E-SegmentedRaftLogWorker: created new log segment /workdir/hadoop-ozone/tools/target/test-dir/MiniOzoneClusterImpl-e625f0dc-3f73-4bc5-9a9c-4cc4b5f58c2e/datanode-4/data/ratis/0b1b7414-d2d4-494c-b3dd-38c8b707847e/current/log_inprogress_0
2019-09-25 07:30:03,088 [Thread-303] INFO  impl.FollowerState (FollowerState.java:run(106)) - cd2c40c8-d07b-4b9d-aa49-bfe6dbbda9a0:group-EFE7CB405266 changes to CANDIDATE, lastRpcTime:5068, electionTimeout:5063ms
2019-09-25 07:30:03,089 [Thread-300] INFO  impl.RaftServerImpl (RaftServerImpl.java:setRole(174)) - 2c509cf8-45fb-4761-813c-06899a301674@group-2B3F1509D21A: changes role from  FOLLOWER to CANDIDATE at term 0 for changeToCandidate
2019-09-25 07:30:03,089 [Thread-303] INFO  impl.RoleInfo (RoleInfo.java:shutdownFollowerState(121)) - cd2c40c8-d07b-4b9d-aa49-bfe6dbbda9a0: shutdown FollowerState
2019-09-25 07:30:03,089 [Thread-300] INFO  impl.RoleInfo (RoleInfo.java:updateAndGet(143)) - 2c509cf8-45fb-4761-813c-06899a301674: start LeaderElection
2019-09-25 07:30:03,089 [Thread-303] INFO  impl.RaftServerImpl (RaftServerImpl.java:setRole(174)) - cd2c40c8-d07b-4b9d-aa49-bfe6dbbda9a0@group-EFE7CB405266: changes role from  FOLLOWER to CANDIDATE at term 0 for changeToCandidate
2019-09-25 07:30:03,090 [Thread-303] INFO  impl.RoleInfo (RoleInfo.java:updateAndGet(143)) - cd2c40c8-d07b-4b9d-aa49-bfe6dbbda9a0: start LeaderElection
2019-09-25 07:30:03,103 [cd2c40c8-d07b-4b9d-aa49-bfe6dbbda9a0@group-F379E4D0C6E0-SegmentedRaftLogWorker] INFO  segmented.SegmentedRaftLogWorker (SegmentedRaftLogWorker.java:execute(569)) - cd2c40c8-d07b-4b9d-aa49-bfe6dbbda9a0@group-F379E4D0C6E0-SegmentedRaftLogWorker: created new log segment /workdir/hadoop-ozone/tools/target/test-dir/MiniOzoneClusterImpl-e625f0dc-3f73-4bc5-9a9c-4cc4b5f58c2e/datanode-4/data/ratis/563e6d8d-ee34-4a77-999e-f379e4d0c6e0/current/log_inprogress_0
2019-09-25 07:30:03,103 [2c509cf8-45fb-4761-813c-06899a301674@group-2B3F1509D21A:LeaderElection29] INFO  impl.LeaderElection (LeaderElection.java:askForVotes(182)) - 2c509cf8-45fb-4761-813c-06899a301674@group-2B3F1509D21A:LeaderElection29: begin an election at term 1 for -1: [2c509cf8-45fb-4761-813c-06899a301674:192.168.30.10:34142], old=null
2019-09-25 07:30:03,103 [cd2c40c8-d07b-4b9d-aa49-bfe6dbbda9a0@group-EFE7CB405266:LeaderElection30] INFO  impl.LeaderElection (LeaderElection.java:askForVotes(182)) - cd2c40c8-d07b-4b9d-aa49-bfe6dbbda9a0@group-EFE7CB405266:LeaderElection30: begin an election at term 1 for -1: [cd2c40c8-d07b-4b9d-aa49-bfe6dbbda9a0:192.168.30.10:35976], old=null
2019-09-25 07:30:03,103 [2c509cf8-45fb-4761-813c-06899a301674@group-2B3F1509D21A:LeaderElection29] INFO  impl.RoleInfo (RoleInfo.java:shutdownLeaderElection(134)) - 2c509cf8-45fb-4761-813c-06899a301674: shutdown LeaderElection
2019-09-25 07:30:03,104 [cd2c40c8-d07b-4b9d-aa49-bfe6dbbda9a0@group-EFE7CB405266:LeaderElection30] INFO  impl.RoleInfo (RoleInfo.java:shutdownLeaderElection(134)) - cd2c40c8-d07b-4b9d-aa49-bfe6dbbda9a0: shutdown LeaderElection
2019-09-25 07:30:03,104 [2c509cf8-45fb-4761-813c-06899a301674@group-2B3F1509D21A:LeaderElection29] INFO  impl.RaftServerImpl (RaftServerImpl.java:setRole(174)) - 2c509cf8-45fb-4761-813c-06899a301674@group-2B3F1509D21A: changes role from CANDIDATE to LEADER at term 1 for changeToLeader
2019-09-25 07:30:03,104 [cd2c40c8-d07b-4b9d-aa49-bfe6dbbda9a0@group-EFE7CB405266:LeaderElection30] INFO  impl.RaftServerImpl (RaftServerImpl.java:setRole(174)) - cd2c40c8-d07b-4b9d-aa49-bfe6dbbda9a0@group-EFE7CB405266: changes role from CANDIDATE to LEADER at term 1 for changeToLeader
2019-09-25 07:30:03,104 [2c509cf8-45fb-4761-813c-06899a301674@group-2B3F1509D21A:LeaderElection29] INFO  impl.RaftServerImpl (ServerState.java:setLeader(253)) - 2c509cf8-45fb-4761-813c-06899a301674@group-2B3F1509D21A: change Leader from null to 2c509cf8-45fb-4761-813c-06899a301674 at term 1 for becomeLeader, leader elected after 5159ms
2019-09-25 07:30:03,104 [cd2c40c8-d07b-4b9d-aa49-bfe6dbbda9a0@group-EFE7CB405266:LeaderElection30] INFO  impl.RaftServerImpl (ServerState.java:setLeader(253)) - cd2c40c8-d07b-4b9d-aa49-bfe6dbbda9a0@group-EFE7CB405266: change Leader from null to cd2c40c8-d07b-4b9d-aa49-bfe6dbbda9a0 at term 1 for becomeLeader, leader elected after 5092ms
2019-09-25 07:30:03,104 [2c509cf8-45fb-4761-813c-06899a301674@group-2B3F1509D21A:LeaderElection29] INFO  server.RaftServerConfigKeys (ConfUtils.java:logGet(43)) - raft.server.staging.catchup.gap = 1000 (default)
2019-09-25 07:30:03,105 [cd2c40c8-d07b-4b9d-aa49-bfe6dbbda9a0@group-EFE7CB405266:LeaderElection30] INFO  server.RaftServerConfigKeys (ConfUtils.java:logGet(43)) - raft.server.staging.catchup.gap = 1000 (default)
2019-09-25 07:30:03,105 [2c509cf8-45fb-4761-813c-06899a301674@group-2B3F1509D21A:LeaderElection29] INFO  server.RaftServerConfigKeys (ConfUtils.java:logGet(43)) - raft.server.rpc.sleep.time = 25ms (default)
2019-09-25 07:30:03,105 [cd2c40c8-d07b-4b9d-aa49-bfe6dbbda9a0@group-EFE7CB405266:LeaderElection30] INFO  server.RaftServerConfigKeys (ConfUtils.java:logGet(43)) - raft.server.rpc.sleep.time = 25ms (default)
2019-09-25 07:30:03,105 [2c509cf8-45fb-4761-813c-06899a301674@group-2B3F1509D21A:LeaderElection29] INFO  server.RaftServerConfigKeys (ConfUtils.java:logGet(43)) - raft.server.write.element-limit = 4096 (default)
2019-09-25 07:30:03,105 [cd2c40c8-d07b-4b9d-aa49-bfe6dbbda9a0@group-EFE7CB405266:LeaderElection30] INFO  server.RaftServerConfigKeys (ConfUtils.java:logGet(43)) - raft.server.write.element-limit = 4096 (default)
2019-09-25 07:30:03,105 [2c509cf8-45fb-4761-813c-06899a301674@group-2B3F1509D21A:LeaderElection29] INFO  server.RaftServerConfigKeys (ConfUtils.java:logGet(43)) - raft.server.watch.timeout = 10s (default)
2019-09-25 07:30:03,105 [cd2c40c8-d07b-4b9d-aa49-bfe6dbbda9a0@group-EFE7CB405266:LeaderElection30] INFO  server.RaftServerConfigKeys (ConfUtils.java:logGet(43)) - raft.server.watch.timeout = 10s (default)
2019-09-25 07:30:03,106 [2c509cf8-45fb-4761-813c-06899a301674@group-2B3F1509D21A:LeaderElection29] INFO  server.RaftServerConfigKeys (ConfUtils.java:logGet(43)) - raft.server.watch.timeout.denomination = 1s (default)
2019-09-25 07:30:03,106 [cd2c40c8-d07b-4b9d-aa49-bfe6dbbda9a0@group-EFE7CB405266:LeaderElection30] INFO  server.RaftServerConfigKeys (ConfUtils.java:logGet(43)) - raft.server.watch.timeout.denomination = 1s (default)
2019-09-25 07:30:03,106 [2c509cf8-45fb-4761-813c-06899a301674@group-2B3F1509D21A:LeaderElection29] INFO  server.RaftServerConfigKeys (ConfUtils.java:logGet(43)) - raft.server.watch.element-limit = 65536 (default)
2019-09-25 07:30:03,106 [cd2c40c8-d07b-4b9d-aa49-bfe6dbbda9a0@group-EFE7CB405266:LeaderElection30] INFO  server.RaftServerConfigKeys (ConfUtils.java:logGet(43)) - raft.server.watch.element-limit = 65536 (default)
2019-09-25 07:30:03,110 [2c509cf8-45fb-4761-813c-06899a301674@group-2B3F1509D21A:LeaderElection29] INFO  impl.RoleInfo (RoleInfo.java:updateAndGet(143)) - 2c509cf8-45fb-4761-813c-06899a301674: start LeaderState
2019-09-25 07:30:03,111 [2c509cf8-45fb-4761-813c-06899a301674@group-2B3F1509D21A:LeaderElection29] INFO  segmented.SegmentedRaftLogWorker (SegmentedRaftLogWorker.java:startLogSegment(380)) - 2c509cf8-45fb-4761-813c-06899a301674@group-2B3F1509D21A-SegmentedRaftLogWorker: Starting segment from index:0
2019-09-25 07:30:03,111 [cd2c40c8-d07b-4b9d-aa49-bfe6dbbda9a0@group-EFE7CB405266:LeaderElection30] INFO  impl.RoleInfo (RoleInfo.java:updateAndGet(143)) - cd2c40c8-d07b-4b9d-aa49-bfe6dbbda9a0: start LeaderState
2019-09-25 07:30:03,111 [2c509cf8-45fb-4761-813c-06899a301674@group-2B3F1509D21A:LeaderElection29] INFO  impl.RaftServerImpl (ServerState.java:setRaftConf(354)) - 2c509cf8-45fb-4761-813c-06899a301674@group-2B3F1509D21A: set configuration 0: [2c509cf8-45fb-4761-813c-06899a301674:192.168.30.10:34142], old=null at 0
2019-09-25 07:30:03,112 [cd2c40c8-d07b-4b9d-aa49-bfe6dbbda9a0@group-EFE7CB405266:LeaderElection30] INFO  segmented.SegmentedRaftLogWorker (SegmentedRaftLogWorker.java:startLogSegment(380)) - cd2c40c8-d07b-4b9d-aa49-bfe6dbbda9a0@group-EFE7CB405266-SegmentedRaftLogWorker: Starting segment from index:0
2019-09-25 07:30:03,150 [cd2c40c8-d07b-4b9d-aa49-bfe6dbbda9a0@group-EFE7CB405266:LeaderElection30] INFO  impl.RaftServerImpl (ServerState.java:setRaftConf(354)) - cd2c40c8-d07b-4b9d-aa49-bfe6dbbda9a0@group-EFE7CB405266: set configuration 0: [cd2c40c8-d07b-4b9d-aa49-bfe6dbbda9a0:192.168.30.10:35976], old=null at 0
2019-09-25 07:30:03,184 [2c509cf8-45fb-4761-813c-06899a301674@group-2B3F1509D21A-SegmentedRaftLogWorker] INFO  segmented.SegmentedRaftLogWorker (SegmentedRaftLogWorker.java:execute(569)) - 2c509cf8-45fb-4761-813c-06899a301674@group-2B3F1509D21A-SegmentedRaftLogWorker: created new log segment /workdir/hadoop-ozone/tools/target/test-dir/MiniOzoneClusterImpl-e625f0dc-3f73-4bc5-9a9c-4cc4b5f58c2e/datanode-3/data/ratis/e35f8102-48e9-4945-a842-2b3f1509d21a/current/log_inprogress_0
2019-09-25 07:30:03,202 [cd2c40c8-d07b-4b9d-aa49-bfe6dbbda9a0@group-EFE7CB405266-SegmentedRaftLogWorker] INFO  segmented.SegmentedRaftLogWorker (SegmentedRaftLogWorker.java:execute(569)) - cd2c40c8-d07b-4b9d-aa49-bfe6dbbda9a0@group-EFE7CB405266-SegmentedRaftLogWorker: created new log segment /workdir/hadoop-ozone/tools/target/test-dir/MiniOzoneClusterImpl-e625f0dc-3f73-4bc5-9a9c-4cc4b5f58c2e/datanode-4/data/ratis/f4b36cfd-0f99-4402-befc-efe7cb405266/current/log_inprogress_0
 0.00% |█                                                                                                    |  0/1 Time: 0:00:01 0.00% |█                                                                                                    |  0/1 Time: 0:00:02 0.00% |█                                                                                                    |  0/1 Time: 0:00:03 0.00% |█                                                                                                    |  0/1 Time: 0:00:04 100.00% |█████████████████████████████████████████████████████████████████████████████████████████████████████|  1/1 Time: 0:00:05
]]></system-out>
  </testcase>
</testsuite>