<?xml version="1.0" encoding="UTF-8"?>
<testsuite xmlns:xsi="http://www.w3.org/2001/XMLSchema-instance" xsi:noNamespaceSchemaLocation="https://maven.apache.org/surefire/maven-surefire-plugin/xsd/surefire-test-report.xsd" name="org.apache.hadoop.ozone.client.rpc.TestMultiBlockWritesWithDnFailures" time="155.542" tests="2" errors="1" skipped="0" failures="0">
  <properties>
    <property name="awt.toolkit" value="sun.awt.X11.XToolkit"/>
    <property name="file.encoding.pkg" value="sun.io"/>
    <property name="java.specification.version" value="1.8"/>
    <property name="sun.cpu.isalist" value=""/>
    <property name="sun.jnu.encoding" value="UTF-8"/>
    <property name="java.class.path" value="/workdir/hadoop-ozone/integration-test/target/test-classes:/workdir/hadoop-ozone/integration-test/target/classes:/home/user/.m2/repository/org/apache/hadoop/hadoop-ozone-common/0.5.0-SNAPSHOT/hadoop-ozone-common-0.5.0-SNAPSHOT.jar:/home/user/.m2/repository/org/apache/commons/commons-compress/1.4.1/commons-compress-1.4.1.jar:/home/user/.m2/repository/org/tukaani/xz/1.0/xz-1.0.jar:/home/user/.m2/repository/org/apache/hadoop/hadoop-common/3.2.0/hadoop-common-3.2.0.jar:/home/user/.m2/repository/org/apache/hadoop/hadoop-hdfs/3.2.0/hadoop-hdfs-3.2.0.jar:/home/user/.m2/repository/org/apache/hadoop/hadoop-hdfs-client/3.2.0/hadoop-hdfs-client-3.2.0.jar:/home/user/.m2/repository/com/fasterxml/jackson/core/jackson-annotations/2.9.5/jackson-annotations-2.9.5.jar:/home/user/.m2/repository/org/apache/hadoop/hadoop-hdds-common/0.5.0-SNAPSHOT/hadoop-hdds-common-0.5.0-SNAPSHOT.jar:/home/user/.m2/repository/javax/annotation/javax.annotation-api/1.2/javax.annotation-api-1.2.jar:/home/user/.m2/repository/org/apache/ratis/ratis-server/0.4.0-78e95b9-SNAPSHOT/ratis-server-0.4.0-78e95b9-SNAPSHOT.jar:/home/user/.m2/repository/org/apache/ratis/ratis-thirdparty-misc/0.2.0/ratis-thirdparty-misc-0.2.0.jar:/home/user/.m2/repository/org/apache/ratis/ratis-proto/0.4.0-78e95b9-SNAPSHOT/ratis-proto-0.4.0-78e95b9-SNAPSHOT.jar:/home/user/.m2/repository/org/apache/ratis/ratis-common/0.4.0-78e95b9-SNAPSHOT/ratis-common-0.4.0-78e95b9-SNAPSHOT.jar:/home/user/.m2/repository/org/apache/ratis/ratis-client/0.4.0-78e95b9-SNAPSHOT/ratis-client-0.4.0-78e95b9-SNAPSHOT.jar:/home/user/.m2/repository/org/apache/ratis/ratis-metrics/0.4.0-78e95b9-SNAPSHOT/ratis-metrics-0.4.0-78e95b9-SNAPSHOT.jar:/home/user/.m2/repository/com/github/joshelser/dropwizard-metrics-hadoop-metrics2-reporter/0.1.2/dropwizard-metrics-hadoop-metrics2-reporter-0.1.2.jar:/home/user/.m2/repository/io/dropwizard/metrics/metrics-jvm/3.2.5/metrics-jvm-3.2.5.jar:/home/user/.m2/repository/io/dropwizard/metrics/metrics-ganglia/3.2.5/metrics-ganglia-3.2.5.jar:/home/user/.m2/repository/info/ganglia/gmetric4j/gmetric4j/1.0.7/gmetric4j-1.0.7.jar:/home/user/.m2/repository/org/apache/ratis/ratis-netty/0.4.0-78e95b9-SNAPSHOT/ratis-netty-0.4.0-78e95b9-SNAPSHOT.jar:/home/user/.m2/repository/org/apache/ratis/ratis-grpc/0.4.0-78e95b9-SNAPSHOT/ratis-grpc-0.4.0-78e95b9-SNAPSHOT.jar:/home/user/.m2/repository/org/rocksdb/rocksdbjni/6.0.1/rocksdbjni-6.0.1.jar:/home/user/.m2/repository/org/apache/logging/log4j/log4j-api/2.11.0/log4j-api-2.11.0.jar:/home/user/.m2/repository/org/apache/logging/log4j/log4j-core/2.11.0/log4j-core-2.11.0.jar:/home/user/.m2/repository/com/lmax/disruptor/3.4.2/disruptor-3.4.2.jar:/home/user/.m2/repository/org/apache/commons/commons-pool2/2.6.0/commons-pool2-2.6.0.jar:/home/user/.m2/repository/org/bouncycastle/bcpkix-jdk15on/1.60/bcpkix-jdk15on-1.60.jar:/home/user/.m2/repository/commons-validator/commons-validator/1.6/commons-validator-1.6.jar:/home/user/.m2/repository/commons-digester/commons-digester/1.8.1/commons-digester-1.8.1.jar:/home/user/.m2/repository/io/jaegertracing/jaeger-client/0.33.1/jaeger-client-0.33.1.jar:/home/user/.m2/repository/io/jaegertracing/jaeger-thrift/0.33.1/jaeger-thrift-0.33.1.jar:/home/user/.m2/repository/org/apache/thrift/libthrift/0.11.0/libthrift-0.11.0.jar:/home/user/.m2/repository/com/squareup/okhttp3/okhttp/3.9.0/okhttp-3.9.0.jar:/home/user/.m2/repository/com/squareup/okio/okio/1.13.0/okio-1.13.0.jar:/home/user/.m2/repository/io/jaegertracing/jaeger-core/0.33.1/jaeger-core-0.33.1.jar:/home/user/.m2/repository/io/jaegertracing/jaeger-tracerresolver/0.33.1/jaeger-tracerresolver-0.33.1.jar:/home/user/.m2/repository/io/opentracing/contrib/opentracing-tracerresolver/0.1.5/opentracing-tracerresolver-0.1.5.jar:/home/user/.m2/repository/io/opentracing/opentracing-util/0.31.0/opentracing-util-0.31.0.jar:/home/user/.m2/repository/io/opentracing/opentracing-api/0.31.0/opentracing-api-0.31.0.jar:/home/user/.m2/repository/io/opentracing/opentracing-noop/0.31.0/opentracing-noop-0.31.0.jar:/home/user/.m2/repository/org/apache/hadoop/hadoop-hdds-server-framework/0.5.0-SNAPSHOT/hadoop-hdds-server-framework-0.5.0-SNAPSHOT.jar:/home/user/.m2/repository/org/apache/hadoop/hadoop-hdds-container-service/0.5.0-SNAPSHOT/hadoop-hdds-container-service-0.5.0-SNAPSHOT.jar:/home/user/.m2/repository/org/apache/hadoop/hadoop-hdds-client/0.5.0-SNAPSHOT/hadoop-hdds-client-0.5.0-SNAPSHOT.jar:/home/user/.m2/repository/org/apache/hadoop/hadoop-hdds-tools/0.5.0-SNAPSHOT/hadoop-hdds-tools-0.5.0-SNAPSHOT.jar:/home/user/.m2/repository/org/apache/hadoop/hadoop-hdds-server-scm/0.5.0-SNAPSHOT/hadoop-hdds-server-scm-0.5.0-SNAPSHOT.jar:/home/user/.m2/repository/org/apache/hadoop/hadoop-hdds-docs/0.5.0-SNAPSHOT/hadoop-hdds-docs-0.5.0-SNAPSHOT.jar:/home/user/.m2/repository/io/dropwizard/metrics/metrics-core/3.2.4/metrics-core-3.2.4.jar:/home/user/.m2/repository/org/hamcrest/hamcrest-all/1.3/hamcrest-all-1.3.jar:/home/user/.m2/repository/org/bouncycastle/bcprov-jdk15on/1.60/bcprov-jdk15on-1.60.jar:/home/user/.m2/repository/info/picocli/picocli/3.9.6/picocli-3.9.6.jar:/home/user/.m2/repository/com/google/protobuf/protobuf-java/2.5.0/protobuf-java-2.5.0.jar:/home/user/.m2/repository/com/google/guava/guava/11.0.2/guava-11.0.2.jar:/home/user/.m2/repository/org/apache/hadoop/hadoop-ozone-ozone-manager/0.5.0-SNAPSHOT/hadoop-ozone-ozone-manager-0.5.0-SNAPSHOT.jar:/home/user/.m2/repository/org/apache/hadoop/hadoop-minikdc/3.2.0/hadoop-minikdc-3.2.0.jar:/home/user/.m2/repository/commons-io/commons-io/2.5/commons-io-2.5.jar:/home/user/.m2/repository/org/apache/kerby/kerb-simplekdc/1.0.1/kerb-simplekdc-1.0.1.jar:/home/user/.m2/repository/org/apache/kerby/kerb-client/1.0.1/kerb-client-1.0.1.jar:/home/user/.m2/repository/org/apache/kerby/kerby-config/1.0.1/kerby-config-1.0.1.jar:/home/user/.m2/repository/org/apache/kerby/kerb-core/1.0.1/kerb-core-1.0.1.jar:/home/user/.m2/repository/org/apache/kerby/kerby-pkix/1.0.1/kerby-pkix-1.0.1.jar:/home/user/.m2/repository/org/apache/kerby/kerby-asn1/1.0.1/kerby-asn1-1.0.1.jar:/home/user/.m2/repository/org/apache/kerby/kerby-util/1.0.1/kerby-util-1.0.1.jar:/home/user/.m2/repository/org/apache/kerby/kerb-common/1.0.1/kerb-common-1.0.1.jar:/home/user/.m2/repository/org/apache/kerby/kerb-crypto/1.0.1/kerb-crypto-1.0.1.jar:/home/user/.m2/repository/org/apache/kerby/kerb-util/1.0.1/kerb-util-1.0.1.jar:/home/user/.m2/repository/org/apache/kerby/token-provider/1.0.1/token-provider-1.0.1.jar:/home/user/.m2/repository/org/apache/kerby/kerb-admin/1.0.1/kerb-admin-1.0.1.jar:/home/user/.m2/repository/org/apache/kerby/kerb-server/1.0.1/kerb-server-1.0.1.jar:/home/user/.m2/repository/org/apache/kerby/kerb-identity/1.0.1/kerb-identity-1.0.1.jar:/home/user/.m2/repository/org/apache/kerby/kerby-xdr/1.0.1/kerby-xdr-1.0.1.jar:/home/user/.m2/repository/org/slf4j/slf4j-log4j12/1.7.25/slf4j-log4j12-1.7.25.jar:/home/user/.m2/repository/org/apache/hadoop/hadoop-ozone-s3gateway/0.5.0-SNAPSHOT/hadoop-ozone-s3gateway-0.5.0-SNAPSHOT.jar:/home/user/.m2/repository/org/jboss/weld/servlet/weld-servlet/2.4.7.Final/weld-servlet-2.4.7.Final.jar:/home/user/.m2/repository/org/glassfish/jersey/containers/jersey-container-servlet-core/2.27/jersey-container-servlet-core-2.27.jar:/home/user/.m2/repository/org/glassfish/hk2/external/javax.inject/2.5.0-b42/javax.inject-2.5.0-b42.jar:/home/user/.m2/repository/org/glassfish/jersey/core/jersey-common/2.27/jersey-common-2.27.jar:/home/user/.m2/repository/org/glassfish/hk2/osgi-resource-locator/1.0.1/osgi-resource-locator-1.0.1.jar:/home/user/.m2/repository/javax/ws/rs/javax.ws.rs-api/2.1/javax.ws.rs-api-2.1.jar:/home/user/.m2/repository/org/glassfish/jersey/ext/cdi/jersey-cdi1x/2.27/jersey-cdi1x-2.27.jar:/home/user/.m2/repository/org/glassfish/jersey/inject/jersey-hk2/2.27/jersey-hk2-2.27.jar:/home/user/.m2/repository/org/glassfish/hk2/hk2-locator/2.5.0-b42/hk2-locator-2.5.0-b42.jar:/home/user/.m2/repository/org/javassist/javassist/3.22.0-CR2/javassist-3.22.0-CR2.jar:/home/user/.m2/repository/org/glassfish/hk2/hk2-api/2.5.0/hk2-api-2.5.0.jar:/home/user/.m2/repository/org/glassfish/hk2/external/jakarta.inject/2.5.0/jakarta.inject-2.5.0.jar:/home/user/.m2/repository/org/glassfish/hk2/hk2-utils/2.5.0/hk2-utils-2.5.0.jar:/home/user/.m2/repository/jakarta/annotation/jakarta.annotation-api/1.3.4/jakarta.annotation-api-1.3.4.jar:/home/user/.m2/repository/org/glassfish/hk2/external/aopalliance-repackaged/2.5.0/aopalliance-repackaged-2.5.0.jar:/home/user/.m2/repository/com/fasterxml/jackson/dataformat/jackson-dataformat-xml/2.9.0/jackson-dataformat-xml-2.9.0.jar:/home/user/.m2/repository/com/fasterxml/jackson/core/jackson-core/2.9.5/jackson-core-2.9.5.jar:/home/user/.m2/repository/com/fasterxml/jackson/module/jackson-module-jaxb-annotations/2.9.5/jackson-module-jaxb-annotations-2.9.5.jar:/home/user/.m2/repository/javax/enterprise/cdi-api/1.2/cdi-api-1.2.jar:/home/user/.m2/repository/javax/el/javax.el-api/3.0.0/javax.el-api-3.0.0.jar:/home/user/.m2/repository/javax/interceptor/javax.interceptor-api/1.2/javax.interceptor-api-1.2.jar:/home/user/.m2/repository/javax/inject/javax.inject/1/javax.inject-1.jar:/home/user/.m2/repository/com/sun/xml/bind/jaxb-impl/2.3.0.1/jaxb-impl-2.3.0.1.jar:/home/user/.m2/repository/com/sun/xml/bind/jaxb-core/2.3.0.1/jaxb-core-2.3.0.1.jar:/home/user/.m2/repository/javax/xml/bind/jaxb-api/2.3.0/jaxb-api-2.3.0.jar:/home/user/.m2/repository/javax/activation/activation/1.1.1/activation-1.1.1.jar:/home/user/.m2/repository/org/apache/hadoop/hadoop-ozone-csi/0.5.0-SNAPSHOT/hadoop-ozone-csi-0.5.0-SNAPSHOT.jar:/home/user/.m2/repository/com/google/protobuf/protobuf-java-util/3.5.1/protobuf-java-util-3.5.1.jar:/home/user/.m2/repository/org/apache/hadoop/hadoop-hdds-config/0.5.0-SNAPSHOT/hadoop-hdds-config-0.5.0-SNAPSHOT.jar:/home/user/.m2/repository/io/grpc/grpc-netty/1.17.1/grpc-netty-1.17.1.jar:/home/user/.m2/repository/io/grpc/grpc-core/1.17.1/grpc-core-1.17.1.jar:/home/user/.m2/repository/io/grpc/grpc-context/1.17.1/grpc-context-1.17.1.jar:/home/user/.m2/repository/com/google/errorprone/error_prone_annotations/2.2.0/error_prone_annotations-2.2.0.jar:/home/user/.m2/repository/org/codehaus/mojo/animal-sniffer-annotations/1.17/animal-sniffer-annotations-1.17.jar:/home/user/.m2/repository/io/opencensus/opencensus-api/0.17.0/opencensus-api-0.17.0.jar:/home/user/.m2/repository/io/opencensus/opencensus-contrib-grpc-metrics/0.17.0/opencensus-contrib-grpc-metrics-0.17.0.jar:/home/user/.m2/repository/io/netty/netty-codec-http2/4.1.30.Final/netty-codec-http2-4.1.30.Final.jar:/home/user/.m2/repository/io/netty/netty-codec-http/4.1.30.Final/netty-codec-http-4.1.30.Final.jar:/home/user/.m2/repository/io/netty/netty-codec/4.1.30.Final/netty-codec-4.1.30.Final.jar:/home/user/.m2/repository/io/netty/netty-handler/4.1.30.Final/netty-handler-4.1.30.Final.jar:/home/user/.m2/repository/io/netty/netty-handler-proxy/4.1.30.Final/netty-handler-proxy-4.1.30.Final.jar:/home/user/.m2/repository/io/netty/netty-codec-socks/4.1.30.Final/netty-codec-socks-4.1.30.Final.jar:/home/user/.m2/repository/io/netty/netty-transport-native-epoll/4.1.30.Final/netty-transport-native-epoll-4.1.30.Final.jar:/home/user/.m2/repository/io/netty/netty-common/4.1.30.Final/netty-common-4.1.30.Final.jar:/home/user/.m2/repository/io/netty/netty-buffer/4.1.30.Final/netty-buffer-4.1.30.Final.jar:/home/user/.m2/repository/io/netty/netty-transport/4.1.30.Final/netty-transport-4.1.30.Final.jar:/home/user/.m2/repository/io/netty/netty-resolver/4.1.30.Final/netty-resolver-4.1.30.Final.jar:/home/user/.m2/repository/io/netty/netty-transport-native-unix-common/4.1.30.Final/netty-transport-native-unix-common-4.1.30.Final.jar:/home/user/.m2/repository/io/grpc/grpc-protobuf/1.17.1/grpc-protobuf-1.17.1.jar:/home/user/.m2/repository/com/google/api/grpc/proto-google-common-protos/1.0.0/proto-google-common-protos-1.0.0.jar:/home/user/.m2/repository/io/grpc/grpc-protobuf-lite/1.17.1/grpc-protobuf-lite-1.17.1.jar:/home/user/.m2/repository/io/grpc/grpc-stub/1.17.1/grpc-stub-1.17.1.jar:/home/user/.m2/repository/org/apache/hadoop/hadoop-ozone-recon/0.5.0-SNAPSHOT/hadoop-ozone-recon-0.5.0-SNAPSHOT.jar:/home/user/.m2/repository/org/apache/hadoop/hadoop-ozone-reconcodegen/0.5.0-SNAPSHOT/hadoop-ozone-reconcodegen-0.5.0-SNAPSHOT.jar:/home/user/.m2/repository/com/google/inject/extensions/guice-multibindings/4.0/guice-multibindings-4.0.jar:/home/user/.m2/repository/com/google/inject/guice/4.0/guice-4.0.jar:/home/user/.m2/repository/aopalliance/aopalliance/1.0/aopalliance-1.0.jar:/home/user/.m2/repository/com/google/inject/extensions/guice-servlet/4.0/guice-servlet-4.0.jar:/home/user/.m2/repository/org/glassfish/jersey/containers/jersey-container-servlet/2.27/jersey-container-servlet-2.27.jar:/home/user/.m2/repository/org/glassfish/hk2/guice-bridge/2.5.0/guice-bridge-2.5.0.jar:/home/user/.m2/repository/org/glassfish/jersey/core/jersey-server/2.27/jersey-server-2.27.jar:/home/user/.m2/repository/org/glassfish/jersey/core/jersey-client/2.27/jersey-client-2.27.jar:/home/user/.m2/repository/org/glassfish/jersey/media/jersey-media-jaxb/2.27/jersey-media-jaxb-2.27.jar:/home/user/.m2/repository/javax/validation/validation-api/1.1.0.Final/validation-api-1.1.0.Final.jar:/home/user/.m2/repository/org/glassfish/jersey/media/jersey-media-json-jackson/2.27/jersey-media-json-jackson-2.27.jar:/home/user/.m2/repository/org/glassfish/jersey/ext/jersey-entity-filtering/2.27/jersey-entity-filtering-2.27.jar:/home/user/.m2/repository/com/google/inject/extensions/guice-assistedinject/4.0/guice-assistedinject-4.0.jar:/home/user/.m2/repository/org/jooq/jooq/3.11.10/jooq-3.11.10.jar:/home/user/.m2/repository/org/jooq/jooq-meta/3.11.10/jooq-meta-3.11.10.jar:/home/user/.m2/repository/org/jooq/jooq-codegen/3.11.10/jooq-codegen-3.11.10.jar:/home/user/.m2/repository/com/jolbox/bonecp/0.8.0.RELEASE/bonecp-0.8.0.RELEASE.jar:/home/user/.m2/repository/org/xerial/sqlite-jdbc/3.25.2/sqlite-jdbc-3.25.2.jar:/home/user/.m2/repository/org/springframework/spring-jdbc/5.1.3.RELEASE/spring-jdbc-5.1.3.RELEASE.jar:/home/user/.m2/repository/org/springframework/spring-beans/5.1.3.RELEASE/spring-beans-5.1.3.RELEASE.jar:/home/user/.m2/repository/org/springframework/spring-core/5.1.3.RELEASE/spring-core-5.1.3.RELEASE.jar:/home/user/.m2/repository/org/springframework/spring-jcl/5.1.3.RELEASE/spring-jcl-5.1.3.RELEASE.jar:/home/user/.m2/repository/org/springframework/spring-tx/5.1.3.RELEASE/spring-tx-5.1.3.RELEASE.jar:/home/user/.m2/repository/org/apache/hadoop/hadoop-ozone-client/0.5.0-SNAPSHOT/hadoop-ozone-client-0.5.0-SNAPSHOT.jar:/home/user/.m2/repository/commons-lang/commons-lang/2.6/commons-lang-2.6.jar:/home/user/.m2/repository/org/apache/hadoop/hadoop-ozone-ozone-manager/0.5.0-SNAPSHOT/hadoop-ozone-ozone-manager-0.5.0-SNAPSHOT-tests.jar:/home/user/.m2/repository/junit/junit/4.11/junit-4.11.jar:/home/user/.m2/repository/org/hamcrest/hamcrest-core/1.3/hamcrest-core-1.3.jar:/home/user/.m2/repository/org/openjdk/jmh/jmh-core/1.19/jmh-core-1.19.jar:/home/user/.m2/repository/net/sf/jopt-simple/jopt-simple/4.6/jopt-simple-4.6.jar:/home/user/.m2/repository/org/apache/commons/commons-math3/3.1.1/commons-math3-3.1.1.jar:/home/user/.m2/repository/org/openjdk/jmh/jmh-generator-annprocess/1.19/jmh-generator-annprocess-1.19.jar:/home/user/.m2/repository/org/mockito/mockito-all/1.8.5/mockito-all-1.8.5.jar:/home/user/.m2/repository/org/apache/hadoop/hadoop-kms/3.2.0/hadoop-kms-3.2.0.jar:/home/user/.m2/repository/org/apache/hadoop/hadoop-auth/3.2.0/hadoop-auth-3.2.0.jar:/home/user/.m2/repository/com/nimbusds/nimbus-jose-jwt/4.41.1/nimbus-jose-jwt-4.41.1.jar:/home/user/.m2/repository/com/github/stephenc/jcip/jcip-annotations/1.0-1/jcip-annotations-1.0-1.jar:/home/user/.m2/repository/net/minidev/json-smart/2.3/json-smart-2.3.jar:/home/user/.m2/repository/net/minidev/accessors-smart/1.2/accessors-smart-1.2.jar:/home/user/.m2/repository/org/ow2/asm/asm/5.0.4/asm-5.0.4.jar:/home/user/.m2/repository/org/apache/curator/curator-framework/2.12.0/curator-framework-2.12.0.jar:/home/user/.m2/repository/com/sun/jersey/jersey-core/1.19/jersey-core-1.19.jar:/home/user/.m2/repository/javax/ws/rs/jsr311-api/1.1.1/jsr311-api-1.1.1.jar:/home/user/.m2/repository/com/sun/jersey/jersey-server/1.19/jersey-server-1.19.jar:/home/user/.m2/repository/javax/servlet/javax.servlet-api/3.1.0/javax.servlet-api-3.1.0.jar:/home/user/.m2/repository/org/eclipse/jetty/jetty-server/9.3.24.v20180605/jetty-server-9.3.24.v20180605.jar:/home/user/.m2/repository/org/eclipse/jetty/jetty-http/9.3.24.v20180605/jetty-http-9.3.24.v20180605.jar:/home/user/.m2/repository/org/eclipse/jetty/jetty-io/9.3.24.v20180605/jetty-io-9.3.24.v20180605.jar:/home/user/.m2/repository/org/eclipse/jetty/jetty-webapp/9.3.24.v20180605/jetty-webapp-9.3.24.v20180605.jar:/home/user/.m2/repository/org/eclipse/jetty/jetty-xml/9.3.24.v20180605/jetty-xml-9.3.24.v20180605.jar:/home/user/.m2/repository/log4j/log4j/1.2.17/log4j-1.2.17.jar:/home/user/.m2/repository/org/slf4j/slf4j-api/1.7.25/slf4j-api-1.7.25.jar:/home/user/.m2/repository/org/slf4j/jul-to-slf4j/1.7.25/jul-to-slf4j-1.7.25.jar:/home/user/.m2/repository/org/eclipse/jetty/jetty-util/9.3.24.v20180605/jetty-util-9.3.24.v20180605.jar:/home/user/.m2/repository/com/fasterxml/jackson/core/jackson-databind/2.9.5/jackson-databind-2.9.5.jar:/home/user/.m2/repository/org/apache/hadoop/hadoop-kms/3.2.0/hadoop-kms-3.2.0-tests.jar:/home/user/.m2/repository/org/apache/hadoop/hadoop-hdds-server-scm/0.5.0-SNAPSHOT/hadoop-hdds-server-scm-0.5.0-SNAPSHOT-tests.jar:/home/user/.m2/repository/org/apache/hadoop/hadoop-hdds-container-service/0.5.0-SNAPSHOT/hadoop-hdds-container-service-0.5.0-SNAPSHOT-tests.jar:/home/user/.m2/repository/org/yaml/snakeyaml/1.16/snakeyaml-1.16.jar:/home/user/.m2/repository/org/apache/hadoop/hadoop-common/3.2.0/hadoop-common-3.2.0-tests.jar:/home/user/.m2/repository/org/apache/hadoop/hadoop-annotations/3.2.0/hadoop-annotations-3.2.0.jar:/usr/lib/jvm/java-1.8-openjdk/jre/../lib/tools.jar:/home/user/.m2/repository/commons-cli/commons-cli/1.2/commons-cli-1.2.jar:/home/user/.m2/repository/org/apache/httpcomponents/httpclient/4.5.2/httpclient-4.5.2.jar:/home/user/.m2/repository/org/apache/httpcomponents/httpcore/4.4.4/httpcore-4.4.4.jar:/home/user/.m2/repository/commons-codec/commons-codec/1.11/commons-codec-1.11.jar:/home/user/.m2/repository/commons-net/commons-net/3.6/commons-net-3.6.jar:/home/user/.m2/repository/commons-collections/commons-collections/3.2.2/commons-collections-3.2.2.jar:/home/user/.m2/repository/org/eclipse/jetty/jetty-servlet/9.3.24.v20180605/jetty-servlet-9.3.24.v20180605.jar:/home/user/.m2/repository/org/eclipse/jetty/jetty-security/9.3.24.v20180605/jetty-security-9.3.24.v20180605.jar:/home/user/.m2/repository/javax/servlet/jsp/jsp-api/2.1/jsp-api-2.1.jar:/home/user/.m2/repository/com/sun/jersey/jersey-servlet/1.19/jersey-servlet-1.19.jar:/home/user/.m2/repository/com/sun/jersey/jersey-json/1.19/jersey-json-1.19.jar:/home/user/.m2/repository/org/codehaus/jettison/jettison/1.1/jettison-1.1.jar:/home/user/.m2/repository/org/codehaus/jackson/jackson-core-asl/1.9.13/jackson-core-asl-1.9.13.jar:/home/user/.m2/repository/org/codehaus/jackson/jackson-mapper-asl/1.9.13/jackson-mapper-asl-1.9.13.jar:/home/user/.m2/repository/org/codehaus/jackson/jackson-jaxrs/1.9.13/jackson-jaxrs-1.9.13.jar:/home/user/.m2/repository/org/codehaus/jackson/jackson-xc/1.9.13/jackson-xc-1.9.13.jar:/home/user/.m2/repository/commons-logging/commons-logging/1.1.3/commons-logging-1.1.3.jar:/home/user/.m2/repository/commons-beanutils/commons-beanutils/1.9.3/commons-beanutils-1.9.3.jar:/home/user/.m2/repository/org/apache/commons/commons-configuration2/2.1.1/commons-configuration2-2.1.1.jar:/home/user/.m2/repository/org/apache/commons/commons-lang3/3.7/commons-lang3-3.7.jar:/home/user/.m2/repository/org/apache/commons/commons-text/1.4/commons-text-1.4.jar:/home/user/.m2/repository/org/apache/avro/avro/1.7.7/avro-1.7.7.jar:/home/user/.m2/repository/com/thoughtworks/paranamer/paranamer/2.3/paranamer-2.3.jar:/home/user/.m2/repository/org/xerial/snappy/snappy-java/1.0.5/snappy-java-1.0.5.jar:/home/user/.m2/repository/com/google/re2j/re2j/1.1/re2j-1.1.jar:/home/user/.m2/repository/com/google/code/gson/gson/2.2.4/gson-2.2.4.jar:/home/user/.m2/repository/com/jcraft/jsch/0.1.54/jsch-0.1.54.jar:/home/user/.m2/repository/org/apache/curator/curator-client/2.12.0/curator-client-2.12.0.jar:/home/user/.m2/repository/org/apache/curator/curator-recipes/2.12.0/curator-recipes-2.12.0.jar:/home/user/.m2/repository/com/google/code/findbugs/jsr305/3.0.0/jsr305-3.0.0.jar:/home/user/.m2/repository/org/apache/htrace/htrace-core4/4.1.0-incubating/htrace-core4-4.1.0-incubating.jar:/home/user/.m2/repository/org/apache/zookeeper/zookeeper/3.4.13/zookeeper-3.4.13.jar:/home/user/.m2/repository/org/apache/yetus/audience-annotations/0.5.0/audience-annotations-0.5.0.jar:/home/user/.m2/repository/org/codehaus/woodstox/stax2-api/3.1.4/stax2-api-3.1.4.jar:/home/user/.m2/repository/com/fasterxml/woodstox/woodstox-core/5.0.3/woodstox-core-5.0.3.jar:/home/user/.m2/repository/dnsjava/dnsjava/2.1.7/dnsjava-2.1.7.jar:/home/user/.m2/repository/org/apache/hadoop/hadoop-hdfs/3.2.0/hadoop-hdfs-3.2.0-tests.jar:/home/user/.m2/repository/org/eclipse/jetty/jetty-util-ajax/9.3.24.v20180605/jetty-util-ajax-9.3.24.v20180605.jar:/home/user/.m2/repository/commons-daemon/commons-daemon/1.0.13/commons-daemon-1.0.13.jar:/home/user/.m2/repository/io/netty/netty/3.10.5.Final/netty-3.10.5.Final.jar:/home/user/.m2/repository/io/netty/netty-all/4.0.52.Final/netty-all-4.0.52.Final.jar:/home/user/.m2/repository/org/fusesource/leveldbjni/leveldbjni-all/1.8/leveldbjni-all-1.8.jar:"/>
    <property name="java.vm.vendor" value="IcedTea"/>
    <property name="sun.arch.data.model" value="64"/>
    <property name="test.build.dir" value="/workdir/hadoop-ozone/integration-test/target/test-dir"/>
    <property name="test.cache.data" value=""/>
    <property name="java.vendor.url" value="https://icedtea.classpath.org"/>
    <property name="user.timezone" value=""/>
    <property name="java.vm.specification.version" value="1.8"/>
    <property name="os.name" value="Linux"/>
    <property name="test.build.data" value="/workdir/hadoop-ozone/integration-test/target/test-dir"/>
    <property name="user.country" value="US"/>
    <property name="sun.java.launcher" value="SUN_STANDARD"/>
    <property name="sun.boot.library.path" value="/usr/lib/jvm/java-1.8-openjdk/jre/lib/amd64"/>
    <property name="sun.java.command" value="/workdir/hadoop-ozone/integration-test/target/surefire/surefirebooter1599722917940336708.jar /workdir/hadoop-ozone/integration-test/target/surefire 2019-09-17T13-22-39_720-jvmRun1 surefire6675076749318973229tmp surefire_724077938598947458974tmp"/>
    <property name="test" value="!TestMiniChaosOzoneCluster"/>
    <property name="surefire.test.class.path" value="/workdir/hadoop-ozone/integration-test/target/test-classes:/workdir/hadoop-ozone/integration-test/target/classes:/home/user/.m2/repository/org/apache/hadoop/hadoop-ozone-common/0.5.0-SNAPSHOT/hadoop-ozone-common-0.5.0-SNAPSHOT.jar:/home/user/.m2/repository/org/apache/commons/commons-compress/1.4.1/commons-compress-1.4.1.jar:/home/user/.m2/repository/org/tukaani/xz/1.0/xz-1.0.jar:/home/user/.m2/repository/org/apache/hadoop/hadoop-common/3.2.0/hadoop-common-3.2.0.jar:/home/user/.m2/repository/org/apache/hadoop/hadoop-hdfs/3.2.0/hadoop-hdfs-3.2.0.jar:/home/user/.m2/repository/org/apache/hadoop/hadoop-hdfs-client/3.2.0/hadoop-hdfs-client-3.2.0.jar:/home/user/.m2/repository/com/fasterxml/jackson/core/jackson-annotations/2.9.5/jackson-annotations-2.9.5.jar:/home/user/.m2/repository/org/apache/hadoop/hadoop-hdds-common/0.5.0-SNAPSHOT/hadoop-hdds-common-0.5.0-SNAPSHOT.jar:/home/user/.m2/repository/javax/annotation/javax.annotation-api/1.2/javax.annotation-api-1.2.jar:/home/user/.m2/repository/org/apache/ratis/ratis-server/0.4.0-78e95b9-SNAPSHOT/ratis-server-0.4.0-78e95b9-SNAPSHOT.jar:/home/user/.m2/repository/org/apache/ratis/ratis-thirdparty-misc/0.2.0/ratis-thirdparty-misc-0.2.0.jar:/home/user/.m2/repository/org/apache/ratis/ratis-proto/0.4.0-78e95b9-SNAPSHOT/ratis-proto-0.4.0-78e95b9-SNAPSHOT.jar:/home/user/.m2/repository/org/apache/ratis/ratis-common/0.4.0-78e95b9-SNAPSHOT/ratis-common-0.4.0-78e95b9-SNAPSHOT.jar:/home/user/.m2/repository/org/apache/ratis/ratis-client/0.4.0-78e95b9-SNAPSHOT/ratis-client-0.4.0-78e95b9-SNAPSHOT.jar:/home/user/.m2/repository/org/apache/ratis/ratis-metrics/0.4.0-78e95b9-SNAPSHOT/ratis-metrics-0.4.0-78e95b9-SNAPSHOT.jar:/home/user/.m2/repository/com/github/joshelser/dropwizard-metrics-hadoop-metrics2-reporter/0.1.2/dropwizard-metrics-hadoop-metrics2-reporter-0.1.2.jar:/home/user/.m2/repository/io/dropwizard/metrics/metrics-jvm/3.2.5/metrics-jvm-3.2.5.jar:/home/user/.m2/repository/io/dropwizard/metrics/metrics-ganglia/3.2.5/metrics-ganglia-3.2.5.jar:/home/user/.m2/repository/info/ganglia/gmetric4j/gmetric4j/1.0.7/gmetric4j-1.0.7.jar:/home/user/.m2/repository/org/apache/ratis/ratis-netty/0.4.0-78e95b9-SNAPSHOT/ratis-netty-0.4.0-78e95b9-SNAPSHOT.jar:/home/user/.m2/repository/org/apache/ratis/ratis-grpc/0.4.0-78e95b9-SNAPSHOT/ratis-grpc-0.4.0-78e95b9-SNAPSHOT.jar:/home/user/.m2/repository/org/rocksdb/rocksdbjni/6.0.1/rocksdbjni-6.0.1.jar:/home/user/.m2/repository/org/apache/logging/log4j/log4j-api/2.11.0/log4j-api-2.11.0.jar:/home/user/.m2/repository/org/apache/logging/log4j/log4j-core/2.11.0/log4j-core-2.11.0.jar:/home/user/.m2/repository/com/lmax/disruptor/3.4.2/disruptor-3.4.2.jar:/home/user/.m2/repository/org/apache/commons/commons-pool2/2.6.0/commons-pool2-2.6.0.jar:/home/user/.m2/repository/org/bouncycastle/bcpkix-jdk15on/1.60/bcpkix-jdk15on-1.60.jar:/home/user/.m2/repository/commons-validator/commons-validator/1.6/commons-validator-1.6.jar:/home/user/.m2/repository/commons-digester/commons-digester/1.8.1/commons-digester-1.8.1.jar:/home/user/.m2/repository/io/jaegertracing/jaeger-client/0.33.1/jaeger-client-0.33.1.jar:/home/user/.m2/repository/io/jaegertracing/jaeger-thrift/0.33.1/jaeger-thrift-0.33.1.jar:/home/user/.m2/repository/org/apache/thrift/libthrift/0.11.0/libthrift-0.11.0.jar:/home/user/.m2/repository/com/squareup/okhttp3/okhttp/3.9.0/okhttp-3.9.0.jar:/home/user/.m2/repository/com/squareup/okio/okio/1.13.0/okio-1.13.0.jar:/home/user/.m2/repository/io/jaegertracing/jaeger-core/0.33.1/jaeger-core-0.33.1.jar:/home/user/.m2/repository/io/jaegertracing/jaeger-tracerresolver/0.33.1/jaeger-tracerresolver-0.33.1.jar:/home/user/.m2/repository/io/opentracing/contrib/opentracing-tracerresolver/0.1.5/opentracing-tracerresolver-0.1.5.jar:/home/user/.m2/repository/io/opentracing/opentracing-util/0.31.0/opentracing-util-0.31.0.jar:/home/user/.m2/repository/io/opentracing/opentracing-api/0.31.0/opentracing-api-0.31.0.jar:/home/user/.m2/repository/io/opentracing/opentracing-noop/0.31.0/opentracing-noop-0.31.0.jar:/home/user/.m2/repository/org/apache/hadoop/hadoop-hdds-server-framework/0.5.0-SNAPSHOT/hadoop-hdds-server-framework-0.5.0-SNAPSHOT.jar:/home/user/.m2/repository/org/apache/hadoop/hadoop-hdds-container-service/0.5.0-SNAPSHOT/hadoop-hdds-container-service-0.5.0-SNAPSHOT.jar:/home/user/.m2/repository/org/apache/hadoop/hadoop-hdds-client/0.5.0-SNAPSHOT/hadoop-hdds-client-0.5.0-SNAPSHOT.jar:/home/user/.m2/repository/org/apache/hadoop/hadoop-hdds-tools/0.5.0-SNAPSHOT/hadoop-hdds-tools-0.5.0-SNAPSHOT.jar:/home/user/.m2/repository/org/apache/hadoop/hadoop-hdds-server-scm/0.5.0-SNAPSHOT/hadoop-hdds-server-scm-0.5.0-SNAPSHOT.jar:/home/user/.m2/repository/org/apache/hadoop/hadoop-hdds-docs/0.5.0-SNAPSHOT/hadoop-hdds-docs-0.5.0-SNAPSHOT.jar:/home/user/.m2/repository/io/dropwizard/metrics/metrics-core/3.2.4/metrics-core-3.2.4.jar:/home/user/.m2/repository/org/hamcrest/hamcrest-all/1.3/hamcrest-all-1.3.jar:/home/user/.m2/repository/org/bouncycastle/bcprov-jdk15on/1.60/bcprov-jdk15on-1.60.jar:/home/user/.m2/repository/info/picocli/picocli/3.9.6/picocli-3.9.6.jar:/home/user/.m2/repository/com/google/protobuf/protobuf-java/2.5.0/protobuf-java-2.5.0.jar:/home/user/.m2/repository/com/google/guava/guava/11.0.2/guava-11.0.2.jar:/home/user/.m2/repository/org/apache/hadoop/hadoop-ozone-ozone-manager/0.5.0-SNAPSHOT/hadoop-ozone-ozone-manager-0.5.0-SNAPSHOT.jar:/home/user/.m2/repository/org/apache/hadoop/hadoop-minikdc/3.2.0/hadoop-minikdc-3.2.0.jar:/home/user/.m2/repository/commons-io/commons-io/2.5/commons-io-2.5.jar:/home/user/.m2/repository/org/apache/kerby/kerb-simplekdc/1.0.1/kerb-simplekdc-1.0.1.jar:/home/user/.m2/repository/org/apache/kerby/kerb-client/1.0.1/kerb-client-1.0.1.jar:/home/user/.m2/repository/org/apache/kerby/kerby-config/1.0.1/kerby-config-1.0.1.jar:/home/user/.m2/repository/org/apache/kerby/kerb-core/1.0.1/kerb-core-1.0.1.jar:/home/user/.m2/repository/org/apache/kerby/kerby-pkix/1.0.1/kerby-pkix-1.0.1.jar:/home/user/.m2/repository/org/apache/kerby/kerby-asn1/1.0.1/kerby-asn1-1.0.1.jar:/home/user/.m2/repository/org/apache/kerby/kerby-util/1.0.1/kerby-util-1.0.1.jar:/home/user/.m2/repository/org/apache/kerby/kerb-common/1.0.1/kerb-common-1.0.1.jar:/home/user/.m2/repository/org/apache/kerby/kerb-crypto/1.0.1/kerb-crypto-1.0.1.jar:/home/user/.m2/repository/org/apache/kerby/kerb-util/1.0.1/kerb-util-1.0.1.jar:/home/user/.m2/repository/org/apache/kerby/token-provider/1.0.1/token-provider-1.0.1.jar:/home/user/.m2/repository/org/apache/kerby/kerb-admin/1.0.1/kerb-admin-1.0.1.jar:/home/user/.m2/repository/org/apache/kerby/kerb-server/1.0.1/kerb-server-1.0.1.jar:/home/user/.m2/repository/org/apache/kerby/kerb-identity/1.0.1/kerb-identity-1.0.1.jar:/home/user/.m2/repository/org/apache/kerby/kerby-xdr/1.0.1/kerby-xdr-1.0.1.jar:/home/user/.m2/repository/org/slf4j/slf4j-log4j12/1.7.25/slf4j-log4j12-1.7.25.jar:/home/user/.m2/repository/org/apache/hadoop/hadoop-ozone-s3gateway/0.5.0-SNAPSHOT/hadoop-ozone-s3gateway-0.5.0-SNAPSHOT.jar:/home/user/.m2/repository/org/jboss/weld/servlet/weld-servlet/2.4.7.Final/weld-servlet-2.4.7.Final.jar:/home/user/.m2/repository/org/glassfish/jersey/containers/jersey-container-servlet-core/2.27/jersey-container-servlet-core-2.27.jar:/home/user/.m2/repository/org/glassfish/hk2/external/javax.inject/2.5.0-b42/javax.inject-2.5.0-b42.jar:/home/user/.m2/repository/org/glassfish/jersey/core/jersey-common/2.27/jersey-common-2.27.jar:/home/user/.m2/repository/org/glassfish/hk2/osgi-resource-locator/1.0.1/osgi-resource-locator-1.0.1.jar:/home/user/.m2/repository/javax/ws/rs/javax.ws.rs-api/2.1/javax.ws.rs-api-2.1.jar:/home/user/.m2/repository/org/glassfish/jersey/ext/cdi/jersey-cdi1x/2.27/jersey-cdi1x-2.27.jar:/home/user/.m2/repository/org/glassfish/jersey/inject/jersey-hk2/2.27/jersey-hk2-2.27.jar:/home/user/.m2/repository/org/glassfish/hk2/hk2-locator/2.5.0-b42/hk2-locator-2.5.0-b42.jar:/home/user/.m2/repository/org/javassist/javassist/3.22.0-CR2/javassist-3.22.0-CR2.jar:/home/user/.m2/repository/org/glassfish/hk2/hk2-api/2.5.0/hk2-api-2.5.0.jar:/home/user/.m2/repository/org/glassfish/hk2/external/jakarta.inject/2.5.0/jakarta.inject-2.5.0.jar:/home/user/.m2/repository/org/glassfish/hk2/hk2-utils/2.5.0/hk2-utils-2.5.0.jar:/home/user/.m2/repository/jakarta/annotation/jakarta.annotation-api/1.3.4/jakarta.annotation-api-1.3.4.jar:/home/user/.m2/repository/org/glassfish/hk2/external/aopalliance-repackaged/2.5.0/aopalliance-repackaged-2.5.0.jar:/home/user/.m2/repository/com/fasterxml/jackson/dataformat/jackson-dataformat-xml/2.9.0/jackson-dataformat-xml-2.9.0.jar:/home/user/.m2/repository/com/fasterxml/jackson/core/jackson-core/2.9.5/jackson-core-2.9.5.jar:/home/user/.m2/repository/com/fasterxml/jackson/module/jackson-module-jaxb-annotations/2.9.5/jackson-module-jaxb-annotations-2.9.5.jar:/home/user/.m2/repository/javax/enterprise/cdi-api/1.2/cdi-api-1.2.jar:/home/user/.m2/repository/javax/el/javax.el-api/3.0.0/javax.el-api-3.0.0.jar:/home/user/.m2/repository/javax/interceptor/javax.interceptor-api/1.2/javax.interceptor-api-1.2.jar:/home/user/.m2/repository/javax/inject/javax.inject/1/javax.inject-1.jar:/home/user/.m2/repository/com/sun/xml/bind/jaxb-impl/2.3.0.1/jaxb-impl-2.3.0.1.jar:/home/user/.m2/repository/com/sun/xml/bind/jaxb-core/2.3.0.1/jaxb-core-2.3.0.1.jar:/home/user/.m2/repository/javax/xml/bind/jaxb-api/2.3.0/jaxb-api-2.3.0.jar:/home/user/.m2/repository/javax/activation/activation/1.1.1/activation-1.1.1.jar:/home/user/.m2/repository/org/apache/hadoop/hadoop-ozone-csi/0.5.0-SNAPSHOT/hadoop-ozone-csi-0.5.0-SNAPSHOT.jar:/home/user/.m2/repository/com/google/protobuf/protobuf-java-util/3.5.1/protobuf-java-util-3.5.1.jar:/home/user/.m2/repository/org/apache/hadoop/hadoop-hdds-config/0.5.0-SNAPSHOT/hadoop-hdds-config-0.5.0-SNAPSHOT.jar:/home/user/.m2/repository/io/grpc/grpc-netty/1.17.1/grpc-netty-1.17.1.jar:/home/user/.m2/repository/io/grpc/grpc-core/1.17.1/grpc-core-1.17.1.jar:/home/user/.m2/repository/io/grpc/grpc-context/1.17.1/grpc-context-1.17.1.jar:/home/user/.m2/repository/com/google/errorprone/error_prone_annotations/2.2.0/error_prone_annotations-2.2.0.jar:/home/user/.m2/repository/org/codehaus/mojo/animal-sniffer-annotations/1.17/animal-sniffer-annotations-1.17.jar:/home/user/.m2/repository/io/opencensus/opencensus-api/0.17.0/opencensus-api-0.17.0.jar:/home/user/.m2/repository/io/opencensus/opencensus-contrib-grpc-metrics/0.17.0/opencensus-contrib-grpc-metrics-0.17.0.jar:/home/user/.m2/repository/io/netty/netty-codec-http2/4.1.30.Final/netty-codec-http2-4.1.30.Final.jar:/home/user/.m2/repository/io/netty/netty-codec-http/4.1.30.Final/netty-codec-http-4.1.30.Final.jar:/home/user/.m2/repository/io/netty/netty-codec/4.1.30.Final/netty-codec-4.1.30.Final.jar:/home/user/.m2/repository/io/netty/netty-handler/4.1.30.Final/netty-handler-4.1.30.Final.jar:/home/user/.m2/repository/io/netty/netty-handler-proxy/4.1.30.Final/netty-handler-proxy-4.1.30.Final.jar:/home/user/.m2/repository/io/netty/netty-codec-socks/4.1.30.Final/netty-codec-socks-4.1.30.Final.jar:/home/user/.m2/repository/io/netty/netty-transport-native-epoll/4.1.30.Final/netty-transport-native-epoll-4.1.30.Final.jar:/home/user/.m2/repository/io/netty/netty-common/4.1.30.Final/netty-common-4.1.30.Final.jar:/home/user/.m2/repository/io/netty/netty-buffer/4.1.30.Final/netty-buffer-4.1.30.Final.jar:/home/user/.m2/repository/io/netty/netty-transport/4.1.30.Final/netty-transport-4.1.30.Final.jar:/home/user/.m2/repository/io/netty/netty-resolver/4.1.30.Final/netty-resolver-4.1.30.Final.jar:/home/user/.m2/repository/io/netty/netty-transport-native-unix-common/4.1.30.Final/netty-transport-native-unix-common-4.1.30.Final.jar:/home/user/.m2/repository/io/grpc/grpc-protobuf/1.17.1/grpc-protobuf-1.17.1.jar:/home/user/.m2/repository/com/google/api/grpc/proto-google-common-protos/1.0.0/proto-google-common-protos-1.0.0.jar:/home/user/.m2/repository/io/grpc/grpc-protobuf-lite/1.17.1/grpc-protobuf-lite-1.17.1.jar:/home/user/.m2/repository/io/grpc/grpc-stub/1.17.1/grpc-stub-1.17.1.jar:/home/user/.m2/repository/org/apache/hadoop/hadoop-ozone-recon/0.5.0-SNAPSHOT/hadoop-ozone-recon-0.5.0-SNAPSHOT.jar:/home/user/.m2/repository/org/apache/hadoop/hadoop-ozone-reconcodegen/0.5.0-SNAPSHOT/hadoop-ozone-reconcodegen-0.5.0-SNAPSHOT.jar:/home/user/.m2/repository/com/google/inject/extensions/guice-multibindings/4.0/guice-multibindings-4.0.jar:/home/user/.m2/repository/com/google/inject/guice/4.0/guice-4.0.jar:/home/user/.m2/repository/aopalliance/aopalliance/1.0/aopalliance-1.0.jar:/home/user/.m2/repository/com/google/inject/extensions/guice-servlet/4.0/guice-servlet-4.0.jar:/home/user/.m2/repository/org/glassfish/jersey/containers/jersey-container-servlet/2.27/jersey-container-servlet-2.27.jar:/home/user/.m2/repository/org/glassfish/hk2/guice-bridge/2.5.0/guice-bridge-2.5.0.jar:/home/user/.m2/repository/org/glassfish/jersey/core/jersey-server/2.27/jersey-server-2.27.jar:/home/user/.m2/repository/org/glassfish/jersey/core/jersey-client/2.27/jersey-client-2.27.jar:/home/user/.m2/repository/org/glassfish/jersey/media/jersey-media-jaxb/2.27/jersey-media-jaxb-2.27.jar:/home/user/.m2/repository/javax/validation/validation-api/1.1.0.Final/validation-api-1.1.0.Final.jar:/home/user/.m2/repository/org/glassfish/jersey/media/jersey-media-json-jackson/2.27/jersey-media-json-jackson-2.27.jar:/home/user/.m2/repository/org/glassfish/jersey/ext/jersey-entity-filtering/2.27/jersey-entity-filtering-2.27.jar:/home/user/.m2/repository/com/google/inject/extensions/guice-assistedinject/4.0/guice-assistedinject-4.0.jar:/home/user/.m2/repository/org/jooq/jooq/3.11.10/jooq-3.11.10.jar:/home/user/.m2/repository/org/jooq/jooq-meta/3.11.10/jooq-meta-3.11.10.jar:/home/user/.m2/repository/org/jooq/jooq-codegen/3.11.10/jooq-codegen-3.11.10.jar:/home/user/.m2/repository/com/jolbox/bonecp/0.8.0.RELEASE/bonecp-0.8.0.RELEASE.jar:/home/user/.m2/repository/org/xerial/sqlite-jdbc/3.25.2/sqlite-jdbc-3.25.2.jar:/home/user/.m2/repository/org/springframework/spring-jdbc/5.1.3.RELEASE/spring-jdbc-5.1.3.RELEASE.jar:/home/user/.m2/repository/org/springframework/spring-beans/5.1.3.RELEASE/spring-beans-5.1.3.RELEASE.jar:/home/user/.m2/repository/org/springframework/spring-core/5.1.3.RELEASE/spring-core-5.1.3.RELEASE.jar:/home/user/.m2/repository/org/springframework/spring-jcl/5.1.3.RELEASE/spring-jcl-5.1.3.RELEASE.jar:/home/user/.m2/repository/org/springframework/spring-tx/5.1.3.RELEASE/spring-tx-5.1.3.RELEASE.jar:/home/user/.m2/repository/org/apache/hadoop/hadoop-ozone-client/0.5.0-SNAPSHOT/hadoop-ozone-client-0.5.0-SNAPSHOT.jar:/home/user/.m2/repository/commons-lang/commons-lang/2.6/commons-lang-2.6.jar:/home/user/.m2/repository/org/apache/hadoop/hadoop-ozone-ozone-manager/0.5.0-SNAPSHOT/hadoop-ozone-ozone-manager-0.5.0-SNAPSHOT-tests.jar:/home/user/.m2/repository/junit/junit/4.11/junit-4.11.jar:/home/user/.m2/repository/org/hamcrest/hamcrest-core/1.3/hamcrest-core-1.3.jar:/home/user/.m2/repository/org/openjdk/jmh/jmh-core/1.19/jmh-core-1.19.jar:/home/user/.m2/repository/net/sf/jopt-simple/jopt-simple/4.6/jopt-simple-4.6.jar:/home/user/.m2/repository/org/apache/commons/commons-math3/3.1.1/commons-math3-3.1.1.jar:/home/user/.m2/repository/org/openjdk/jmh/jmh-generator-annprocess/1.19/jmh-generator-annprocess-1.19.jar:/home/user/.m2/repository/org/mockito/mockito-all/1.8.5/mockito-all-1.8.5.jar:/home/user/.m2/repository/org/apache/hadoop/hadoop-kms/3.2.0/hadoop-kms-3.2.0.jar:/home/user/.m2/repository/org/apache/hadoop/hadoop-auth/3.2.0/hadoop-auth-3.2.0.jar:/home/user/.m2/repository/com/nimbusds/nimbus-jose-jwt/4.41.1/nimbus-jose-jwt-4.41.1.jar:/home/user/.m2/repository/com/github/stephenc/jcip/jcip-annotations/1.0-1/jcip-annotations-1.0-1.jar:/home/user/.m2/repository/net/minidev/json-smart/2.3/json-smart-2.3.jar:/home/user/.m2/repository/net/minidev/accessors-smart/1.2/accessors-smart-1.2.jar:/home/user/.m2/repository/org/ow2/asm/asm/5.0.4/asm-5.0.4.jar:/home/user/.m2/repository/org/apache/curator/curator-framework/2.12.0/curator-framework-2.12.0.jar:/home/user/.m2/repository/com/sun/jersey/jersey-core/1.19/jersey-core-1.19.jar:/home/user/.m2/repository/javax/ws/rs/jsr311-api/1.1.1/jsr311-api-1.1.1.jar:/home/user/.m2/repository/com/sun/jersey/jersey-server/1.19/jersey-server-1.19.jar:/home/user/.m2/repository/javax/servlet/javax.servlet-api/3.1.0/javax.servlet-api-3.1.0.jar:/home/user/.m2/repository/org/eclipse/jetty/jetty-server/9.3.24.v20180605/jetty-server-9.3.24.v20180605.jar:/home/user/.m2/repository/org/eclipse/jetty/jetty-http/9.3.24.v20180605/jetty-http-9.3.24.v20180605.jar:/home/user/.m2/repository/org/eclipse/jetty/jetty-io/9.3.24.v20180605/jetty-io-9.3.24.v20180605.jar:/home/user/.m2/repository/org/eclipse/jetty/jetty-webapp/9.3.24.v20180605/jetty-webapp-9.3.24.v20180605.jar:/home/user/.m2/repository/org/eclipse/jetty/jetty-xml/9.3.24.v20180605/jetty-xml-9.3.24.v20180605.jar:/home/user/.m2/repository/log4j/log4j/1.2.17/log4j-1.2.17.jar:/home/user/.m2/repository/org/slf4j/slf4j-api/1.7.25/slf4j-api-1.7.25.jar:/home/user/.m2/repository/org/slf4j/jul-to-slf4j/1.7.25/jul-to-slf4j-1.7.25.jar:/home/user/.m2/repository/org/eclipse/jetty/jetty-util/9.3.24.v20180605/jetty-util-9.3.24.v20180605.jar:/home/user/.m2/repository/com/fasterxml/jackson/core/jackson-databind/2.9.5/jackson-databind-2.9.5.jar:/home/user/.m2/repository/org/apache/hadoop/hadoop-kms/3.2.0/hadoop-kms-3.2.0-tests.jar:/home/user/.m2/repository/org/apache/hadoop/hadoop-hdds-server-scm/0.5.0-SNAPSHOT/hadoop-hdds-server-scm-0.5.0-SNAPSHOT-tests.jar:/home/user/.m2/repository/org/apache/hadoop/hadoop-hdds-container-service/0.5.0-SNAPSHOT/hadoop-hdds-container-service-0.5.0-SNAPSHOT-tests.jar:/home/user/.m2/repository/org/yaml/snakeyaml/1.16/snakeyaml-1.16.jar:/home/user/.m2/repository/org/apache/hadoop/hadoop-common/3.2.0/hadoop-common-3.2.0-tests.jar:/home/user/.m2/repository/org/apache/hadoop/hadoop-annotations/3.2.0/hadoop-annotations-3.2.0.jar:/usr/lib/jvm/java-1.8-openjdk/jre/../lib/tools.jar:/home/user/.m2/repository/commons-cli/commons-cli/1.2/commons-cli-1.2.jar:/home/user/.m2/repository/org/apache/httpcomponents/httpclient/4.5.2/httpclient-4.5.2.jar:/home/user/.m2/repository/org/apache/httpcomponents/httpcore/4.4.4/httpcore-4.4.4.jar:/home/user/.m2/repository/commons-codec/commons-codec/1.11/commons-codec-1.11.jar:/home/user/.m2/repository/commons-net/commons-net/3.6/commons-net-3.6.jar:/home/user/.m2/repository/commons-collections/commons-collections/3.2.2/commons-collections-3.2.2.jar:/home/user/.m2/repository/org/eclipse/jetty/jetty-servlet/9.3.24.v20180605/jetty-servlet-9.3.24.v20180605.jar:/home/user/.m2/repository/org/eclipse/jetty/jetty-security/9.3.24.v20180605/jetty-security-9.3.24.v20180605.jar:/home/user/.m2/repository/javax/servlet/jsp/jsp-api/2.1/jsp-api-2.1.jar:/home/user/.m2/repository/com/sun/jersey/jersey-servlet/1.19/jersey-servlet-1.19.jar:/home/user/.m2/repository/com/sun/jersey/jersey-json/1.19/jersey-json-1.19.jar:/home/user/.m2/repository/org/codehaus/jettison/jettison/1.1/jettison-1.1.jar:/home/user/.m2/repository/org/codehaus/jackson/jackson-core-asl/1.9.13/jackson-core-asl-1.9.13.jar:/home/user/.m2/repository/org/codehaus/jackson/jackson-mapper-asl/1.9.13/jackson-mapper-asl-1.9.13.jar:/home/user/.m2/repository/org/codehaus/jackson/jackson-jaxrs/1.9.13/jackson-jaxrs-1.9.13.jar:/home/user/.m2/repository/org/codehaus/jackson/jackson-xc/1.9.13/jackson-xc-1.9.13.jar:/home/user/.m2/repository/commons-logging/commons-logging/1.1.3/commons-logging-1.1.3.jar:/home/user/.m2/repository/commons-beanutils/commons-beanutils/1.9.3/commons-beanutils-1.9.3.jar:/home/user/.m2/repository/org/apache/commons/commons-configuration2/2.1.1/commons-configuration2-2.1.1.jar:/home/user/.m2/repository/org/apache/commons/commons-lang3/3.7/commons-lang3-3.7.jar:/home/user/.m2/repository/org/apache/commons/commons-text/1.4/commons-text-1.4.jar:/home/user/.m2/repository/org/apache/avro/avro/1.7.7/avro-1.7.7.jar:/home/user/.m2/repository/com/thoughtworks/paranamer/paranamer/2.3/paranamer-2.3.jar:/home/user/.m2/repository/org/xerial/snappy/snappy-java/1.0.5/snappy-java-1.0.5.jar:/home/user/.m2/repository/com/google/re2j/re2j/1.1/re2j-1.1.jar:/home/user/.m2/repository/com/google/code/gson/gson/2.2.4/gson-2.2.4.jar:/home/user/.m2/repository/com/jcraft/jsch/0.1.54/jsch-0.1.54.jar:/home/user/.m2/repository/org/apache/curator/curator-client/2.12.0/curator-client-2.12.0.jar:/home/user/.m2/repository/org/apache/curator/curator-recipes/2.12.0/curator-recipes-2.12.0.jar:/home/user/.m2/repository/com/google/code/findbugs/jsr305/3.0.0/jsr305-3.0.0.jar:/home/user/.m2/repository/org/apache/htrace/htrace-core4/4.1.0-incubating/htrace-core4-4.1.0-incubating.jar:/home/user/.m2/repository/org/apache/zookeeper/zookeeper/3.4.13/zookeeper-3.4.13.jar:/home/user/.m2/repository/org/apache/yetus/audience-annotations/0.5.0/audience-annotations-0.5.0.jar:/home/user/.m2/repository/org/codehaus/woodstox/stax2-api/3.1.4/stax2-api-3.1.4.jar:/home/user/.m2/repository/com/fasterxml/woodstox/woodstox-core/5.0.3/woodstox-core-5.0.3.jar:/home/user/.m2/repository/dnsjava/dnsjava/2.1.7/dnsjava-2.1.7.jar:/home/user/.m2/repository/org/apache/hadoop/hadoop-hdfs/3.2.0/hadoop-hdfs-3.2.0-tests.jar:/home/user/.m2/repository/org/eclipse/jetty/jetty-util-ajax/9.3.24.v20180605/jetty-util-ajax-9.3.24.v20180605.jar:/home/user/.m2/repository/commons-daemon/commons-daemon/1.0.13/commons-daemon-1.0.13.jar:/home/user/.m2/repository/io/netty/netty/3.10.5.Final/netty-3.10.5.Final.jar:/home/user/.m2/repository/io/netty/netty-all/4.0.52.Final/netty-all-4.0.52.Final.jar:/home/user/.m2/repository/org/fusesource/leveldbjni/leveldbjni-all/1.8/leveldbjni-all-1.8.jar:"/>
    <property name="sun.cpu.endian" value="little"/>
    <property name="user.home" value="/home/user"/>
    <property name="user.language" value="en"/>
    <property name="java.specification.vendor" value="Oracle Corporation"/>
    <property name="java.home" value="/usr/lib/jvm/java-1.8-openjdk/jre"/>
    <property name="java.security.krb5.conf" value="/workdir/hadoop-ozone/integration-test/target/test-classes/krb5.conf"/>
    <property name="basedir" value="/workdir/hadoop-ozone/integration-test"/>
    <property name="file.separator" value="/"/>
    <property name="line.separator" value="&#10;"/>
    <property name="java.vm.specification.vendor" value="Oracle Corporation"/>
    <property name="java.specification.name" value="Java Platform API Specification"/>
    <property name="java.awt.graphicsenv" value="sun.awt.X11GraphicsEnvironment"/>
    <property name="surefire.real.class.path" value="/workdir/hadoop-ozone/integration-test/target/surefire/surefirebooter1599722917940336708.jar"/>
    <property name="hadoop.log.dir" value="/workdir/hadoop-ozone/integration-test/target/log"/>
    <property name="sun.boot.class.path" value="/usr/lib/jvm/java-1.8-openjdk/jre/lib/resources.jar:/usr/lib/jvm/java-1.8-openjdk/jre/lib/rt.jar:/usr/lib/jvm/java-1.8-openjdk/jre/lib/sunrsasign.jar:/usr/lib/jvm/java-1.8-openjdk/jre/lib/jsse.jar:/usr/lib/jvm/java-1.8-openjdk/jre/lib/jce.jar:/usr/lib/jvm/java-1.8-openjdk/jre/lib/charsets.jar:/usr/lib/jvm/java-1.8-openjdk/jre/lib/jfr.jar:/usr/lib/jvm/java-1.8-openjdk/jre/classes"/>
    <property name="sun.management.compiler" value="HotSpot 64-Bit Tiered Compilers"/>
    <property name="java.runtime.version" value="1.8.0_212-b04"/>
    <property name="java.net.preferIPv4Stack" value="true"/>
    <property name="user.name" value="jenkins1000"/>
    <property name="path.separator" value=":"/>
    <property name="java.security.egd" value="file:///dev/urandom"/>
    <property name="os.version" value="3.10.0-957.12.2.el7.x86_64"/>
    <property name="java.endorsed.dirs" value="/usr/lib/jvm/java-1.8-openjdk/jre/lib/endorsed"/>
    <property name="java.runtime.name" value="OpenJDK Runtime Environment"/>
    <property name="file.encoding" value="UTF-8"/>
    <property name="java.vm.name" value="OpenJDK 64-Bit Server VM"/>
    <property name="test.build.webapps" value=""/>
    <property name="localRepository" value="/home/user/.m2/repository"/>
    <property name="java.vendor.url.bug" value="https://icedtea.classpath.org/bugzilla"/>
    <property name="java.io.tmpdir" value="/tmp"/>
    <property name="require.test.libhadoop" value=""/>
    <property name="java.version" value="1.8.0_212"/>
    <property name="user.dir" value="/workdir/hadoop-ozone/integration-test"/>
    <property name="os.arch" value="amd64"/>
    <property name="java.vm.specification.name" value="Java Virtual Machine Specification"/>
    <property name="test.build.classes" value="/workdir/hadoop-ozone/integration-test/target/test-classes"/>
    <property name="java.awt.printerjob" value="sun.print.PSPrinterJob"/>
    <property name="sun.os.patch.level" value="unknown"/>
    <property name="hadoop.tmp.dir" value="/workdir/hadoop-ozone/integration-test/target/tmp"/>
    <property name="java.library.path" value="/usr/lib/jvm/java-1.8-openjdk/jre/lib/amd64/server:/usr/lib/jvm/java-1.8-openjdk/jre/lib/amd64:/usr/lib/jvm/java-1.8-openjdk/jre/../lib/amd64:/workdir/hadoop-ozone/integration-test/target/native/target/usr/local/lib:/workdir/hadoop-ozone/integration-test/../../hadoop-common-project/hadoop-common/target/native/target/usr/local/lib:/usr/java/packages/lib/amd64:/usr/lib64:/lib64:/lib:/usr/lib"/>
    <property name="java.vm.info" value="mixed mode"/>
    <property name="java.vendor" value="IcedTea"/>
    <property name="java.vm.version" value="25.212-b04"/>
    <property name="java.ext.dirs" value="/usr/lib/jvm/java-1.8-openjdk/jre/lib/ext:/usr/java/packages/lib/ext"/>
    <property name="sun.io.unicode.encoding" value="UnicodeLittle"/>
    <property name="java.class.version" value="52.0"/>
  </properties>
  <testcase name="testMultiBlockWritesWithIntermittentDnFailures" classname="org.apache.hadoop.ozone.client.rpc.TestMultiBlockWritesWithDnFailures" time="105.889">
    <error message="Allocated 0 blocks. Requested 1 blocks" type="INTERNAL_ERROR org.apache.hadoop.ozone.om.exceptions.OMException">INTERNAL_ERROR org.apache.hadoop.ozone.om.exceptions.OMException: Allocated 0 blocks. Requested 1 blocks
	at org.apache.hadoop.ozone.om.protocolPB.OzoneManagerProtocolClientSideTranslatorPB.handleError(OzoneManagerProtocolClientSideTranslatorPB.java:726)
	at org.apache.hadoop.ozone.om.protocolPB.OzoneManagerProtocolClientSideTranslatorPB.allocateBlock(OzoneManagerProtocolClientSideTranslatorPB.java:758)
	at sun.reflect.NativeMethodAccessorImpl.invoke0(Native Method)
	at sun.reflect.NativeMethodAccessorImpl.invoke(NativeMethodAccessorImpl.java:62)
	at sun.reflect.DelegatingMethodAccessorImpl.invoke(DelegatingMethodAccessorImpl.java:43)
	at java.lang.reflect.Method.invoke(Method.java:498)
	at org.apache.hadoop.hdds.tracing.TraceAllMethod.invoke(TraceAllMethod.java:66)
	at com.sun.proxy.$Proxy36.allocateBlock(Unknown Source)
	at org.apache.hadoop.ozone.client.io.BlockOutputStreamEntryPool.allocateNewBlock(BlockOutputStreamEntryPool.java:248)
	at org.apache.hadoop.ozone.client.io.BlockOutputStreamEntryPool.allocateBlockIfNeeded(BlockOutputStreamEntryPool.java:296)
	at org.apache.hadoop.ozone.client.io.KeyOutputStream.handleWrite(KeyOutputStream.java:201)
	at org.apache.hadoop.ozone.client.io.KeyOutputStream.handleRetry(KeyOutputStream.java:376)
	at org.apache.hadoop.ozone.client.io.KeyOutputStream.handleException(KeyOutputStream.java:325)
	at org.apache.hadoop.ozone.client.io.KeyOutputStream.handleWrite(KeyOutputStream.java:231)
	at org.apache.hadoop.ozone.client.io.KeyOutputStream.write(KeyOutputStream.java:193)
	at org.apache.hadoop.ozone.client.io.OzoneOutputStream.write(OzoneOutputStream.java:49)
	at java.io.OutputStream.write(OutputStream.java:75)
	at org.apache.hadoop.ozone.client.rpc.TestMultiBlockWritesWithDnFailures.testMultiBlockWritesWithIntermittentDnFailures(TestMultiBlockWritesWithDnFailures.java:196)
	at sun.reflect.NativeMethodAccessorImpl.invoke0(Native Method)
	at sun.reflect.NativeMethodAccessorImpl.invoke(NativeMethodAccessorImpl.java:62)
	at sun.reflect.DelegatingMethodAccessorImpl.invoke(DelegatingMethodAccessorImpl.java:43)
	at java.lang.reflect.Method.invoke(Method.java:498)
	at org.junit.runners.model.FrameworkMethod$1.runReflectiveCall(FrameworkMethod.java:47)
	at org.junit.internal.runners.model.ReflectiveCallable.run(ReflectiveCallable.java:12)
	at org.junit.runners.model.FrameworkMethod.invokeExplosively(FrameworkMethod.java:44)
	at org.junit.internal.runners.statements.InvokeMethod.evaluate(InvokeMethod.java:17)
	at org.junit.internal.runners.statements.RunAfters.evaluate(RunAfters.java:27)
	at org.junit.runners.ParentRunner.runLeaf(ParentRunner.java:271)
	at org.junit.runners.BlockJUnit4ClassRunner.runChild(BlockJUnit4ClassRunner.java:70)
	at org.junit.runners.BlockJUnit4ClassRunner.runChild(BlockJUnit4ClassRunner.java:50)
	at org.junit.runners.ParentRunner$3.run(ParentRunner.java:238)
	at org.junit.runners.ParentRunner$1.schedule(ParentRunner.java:63)
	at org.junit.runners.ParentRunner.runChildren(ParentRunner.java:236)
	at org.junit.runners.ParentRunner.access$000(ParentRunner.java:53)
	at org.junit.runners.ParentRunner$2.evaluate(ParentRunner.java:229)
	at org.junit.runners.ParentRunner.run(ParentRunner.java:309)
	at org.apache.maven.surefire.junit4.JUnit4Provider.execute(JUnit4Provider.java:365)
	at org.apache.maven.surefire.junit4.JUnit4Provider.executeWithRerun(JUnit4Provider.java:273)
	at org.apache.maven.surefire.junit4.JUnit4Provider.executeTestSet(JUnit4Provider.java:238)
	at org.apache.maven.surefire.junit4.JUnit4Provider.invoke(JUnit4Provider.java:159)
	at org.apache.maven.surefire.booter.ForkedBooter.invokeProviderInSameClassLoader(ForkedBooter.java:384)
	at org.apache.maven.surefire.booter.ForkedBooter.runSuitesInProcess(ForkedBooter.java:345)
	at org.apache.maven.surefire.booter.ForkedBooter.execute(ForkedBooter.java:126)
	at org.apache.maven.surefire.booter.ForkedBooter.main(ForkedBooter.java:418)
</error>
    <system-out><![CDATA[2019-09-17 14:54:11,011 [main] WARN  server.ServerUtils (ServerUtils.java:getScmDbDir(145)) - ozone.scm.db.dirs is not configured. We recommend adding this setting. Falling back to ozone.metadata.dirs instead.
2019-09-17 14:54:11,103 [main] WARN  server.ServerUtils (ServerUtils.java:getScmDbDir(145)) - ozone.scm.db.dirs is not configured. We recommend adding this setting. Falling back to ozone.metadata.dirs instead.
2019-09-17 14:54:11,106 [main] WARN  server.ServerUtils (ServerUtils.java:getScmDbDir(145)) - ozone.scm.db.dirs is not configured. We recommend adding this setting. Falling back to ozone.metadata.dirs instead.
2019-09-17 14:54:11,124 [main] INFO  util.log (Log.java:initialized(192)) - Logging initialized @948ms
2019-09-17 14:54:11,229 [main] INFO  db.DBStoreBuilder (DBStoreBuilder.java:addTable(110)) - using custom profile for table: deletedBlocks
2019-09-17 14:54:11,230 [main] INFO  db.DBStoreBuilder (DBStoreBuilder.java:processTables(161)) - Using default column profile:DBProfile.DISK for Table:deletedBlocks
2019-09-17 14:54:11,230 [main] INFO  db.DBStoreBuilder (DBStoreBuilder.java:addTable(110)) - using custom profile for table: validCerts
2019-09-17 14:54:11,230 [main] INFO  db.DBStoreBuilder (DBStoreBuilder.java:processTables(161)) - Using default column profile:DBProfile.DISK for Table:validCerts
2019-09-17 14:54:11,231 [main] INFO  db.DBStoreBuilder (DBStoreBuilder.java:addTable(110)) - using custom profile for table: revokedCerts
2019-09-17 14:54:11,231 [main] INFO  db.DBStoreBuilder (DBStoreBuilder.java:processTables(161)) - Using default column profile:DBProfile.DISK for Table:revokedCerts
2019-09-17 14:54:11,244 [main] INFO  db.DBStoreBuilder (DBStoreBuilder.java:addTable(110)) - using custom profile for table: default
2019-09-17 14:54:11,244 [main] INFO  db.DBStoreBuilder (DBStoreBuilder.java:processTables(167)) - Using default column profile:DBProfile.DISK for Table:default
2019-09-17 14:54:11,245 [main] INFO  db.DBStoreBuilder (DBStoreBuilder.java:getDbProfile(198)) - Using default options. DBProfile.DISK
2019-09-17 14:54:11,498 [main] INFO  net.NodeSchemaLoader (NodeSchemaLoader.java:loadSchemaFromFile(125)) - Loading file from sun.misc.CompoundEnumeration@4218d6a3
2019-09-17 14:54:11,500 [main] INFO  net.NodeSchemaLoader (NodeSchemaLoader.java:loadSchema(171)) - Loading network topology layer schema file
2019-09-17 14:54:11,572 [main] INFO  node.SCMNodeManager (SCMNodeManager.java:<init>(114)) - Entering startup safe mode.
2019-09-17 14:54:11,644 [main] INFO  algorithms.ContainerPlacementPolicyFactory (ContainerPlacementPolicyFactory.java:getPolicy(57)) - Create container placement policy of type org.apache.hadoop.hdds.scm.container.placement.algorithms.SCMContainerPlacementRandom
2019-09-17 14:54:11,659 [main] WARN  server.ServerUtils (ServerUtils.java:getScmDbDir(145)) - ozone.scm.db.dirs is not configured. We recommend adding this setting. Falling back to ozone.metadata.dirs instead.
2019-09-17 14:54:11,708 [main] INFO  pipeline.SCMPipelineManager (SCMPipelineManager.java:initializePipelineState(128)) - No pipeline exists in current db
2019-09-17 14:54:11,711 [main] WARN  server.ServerUtils (ServerUtils.java:getScmDbDir(145)) - ozone.scm.db.dirs is not configured. We recommend adding this setting. Falling back to ozone.metadata.dirs instead.
2019-09-17 14:54:11,819 [main] WARN  events.EventQueue (EventQueue.java:fireEvent(183)) - No event handler registered for event TypedEvent{payloadType=SafeModeStatus, name='SafeModeStatus'}
2019-09-17 14:54:12,173 [main] INFO  ipc.CallQueueManager (CallQueueManager.java:<init>(84)) - Using callQueue: class java.util.concurrent.LinkedBlockingQueue, queueCapacity: 2000, scheduler: class org.apache.hadoop.ipc.DefaultRpcScheduler, ipcBackoff: false.
2019-09-17 14:54:12,201 [Socket Reader #1 for port 37109] INFO  ipc.Server (Server.java:run(1074)) - Starting Socket Reader #1 for port 37109
2019-09-17 14:54:12,386 [main] INFO  ipc.CallQueueManager (CallQueueManager.java:<init>(84)) - Using callQueue: class java.util.concurrent.LinkedBlockingQueue, queueCapacity: 2000, scheduler: class org.apache.hadoop.ipc.DefaultRpcScheduler, ipcBackoff: false.
2019-09-17 14:54:12,388 [Socket Reader #1 for port 43483] INFO  ipc.Server (Server.java:run(1074)) - Starting Socket Reader #1 for port 43483
2019-09-17 14:54:12,400 [main] INFO  ipc.CallQueueManager (CallQueueManager.java:<init>(84)) - Using callQueue: class java.util.concurrent.LinkedBlockingQueue, queueCapacity: 2000, scheduler: class org.apache.hadoop.ipc.DefaultRpcScheduler, ipcBackoff: false.
2019-09-17 14:54:12,401 [Socket Reader #1 for port 33614] INFO  ipc.Server (Server.java:run(1074)) - Starting Socket Reader #1 for port 33614
2019-09-17 14:54:12,430 [main] INFO  hdfs.DFSUtil (DFSUtil.java:httpServerTemplateForNNAndJN(1641)) - Starting Web-server for scm at: http://0.0.0.0:0
2019-09-17 14:54:12,609 [main] INFO  server.AuthenticationFilter (AuthenticationFilter.java:constructSecretProvider(240)) - Unable to initialize FileSignerSecretProvider, falling back to use random secrets.
2019-09-17 14:54:12,619 [main] WARN  http.HttpRequestLog (HttpRequestLog.java:getRequestLog(97)) - Jetty request log can only be enabled using Log4j
2019-09-17 14:54:12,629 [main] INFO  http.HttpServer2 (HttpServer2.java:addGlobalFilter(975)) - Added global filter 'safety' (class=org.apache.hadoop.http.HttpServer2$QuotingInputFilter)
2019-09-17 14:54:12,632 [main] INFO  http.HttpServer2 (HttpServer2.java:addFilter(948)) - Added filter static_user_filter (class=org.apache.hadoop.http.lib.StaticUserWebFilter$StaticUserFilter) to context scm
2019-09-17 14:54:12,632 [main] INFO  http.HttpServer2 (HttpServer2.java:addFilter(958)) - Added filter static_user_filter (class=org.apache.hadoop.http.lib.StaticUserWebFilter$StaticUserFilter) to context logs
2019-09-17 14:54:12,633 [main] INFO  http.HttpServer2 (HttpServer2.java:addFilter(958)) - Added filter static_user_filter (class=org.apache.hadoop.http.lib.StaticUserWebFilter$StaticUserFilter) to context static
2019-09-17 14:54:12,668 [main] INFO  server.StorageContainerManager (StorageContainerManager.java:start(763)) - StorageContainerLocationProtocol RPC server is listening at /0.0.0.0:33614
2019-09-17 14:54:12,734 [main] WARN  impl.MetricsConfig (MetricsConfig.java:loadFirst(134)) - Cannot locate configuration: tried hadoop-metrics2-storagecontainermanager.properties,hadoop-metrics2.properties
2019-09-17 14:54:12,747 [main] INFO  impl.MetricsSystemImpl (MetricsSystemImpl.java:startTimer(374)) - Scheduled Metric snapshot period at 10 second(s).
2019-09-17 14:54:12,747 [main] INFO  impl.MetricsSystemImpl (MetricsSystemImpl.java:start(191)) - StorageContainerManager metrics system started
2019-09-17 14:54:12,972 [main] INFO  server.SCMClientProtocolServer (SCMClientProtocolServer.java:start(151)) - RPC server for Client  is listening at /0.0.0.0:33614
2019-09-17 14:54:12,973 [IPC Server Responder] INFO  ipc.Server (Server.java:run(1314)) - IPC Server Responder: starting
2019-09-17 14:54:12,973 [IPC Server listener on 33614] INFO  ipc.Server (Server.java:run(1153)) - IPC Server listener on 33614: starting
2019-09-17 14:54:12,976 [main] INFO  server.StorageContainerManager (StorageContainerManager.java:start(773)) - ScmBlockLocationProtocol RPC server is listening at /0.0.0.0:43483
2019-09-17 14:54:12,977 [main] INFO  server.SCMBlockProtocolServer (SCMBlockProtocolServer.java:start(146)) - RPC server for Block Protocol is listening at /0.0.0.0:43483
2019-09-17 14:54:12,978 [IPC Server Responder] INFO  ipc.Server (Server.java:run(1314)) - IPC Server Responder: starting
2019-09-17 14:54:12,978 [IPC Server listener on 43483] INFO  ipc.Server (Server.java:run(1153)) - IPC Server listener on 43483: starting
2019-09-17 14:54:12,981 [main] INFO  server.StorageContainerManager (StorageContainerManager.java:start(777)) - ScmDatanodeProtocl RPC server is listening at /0.0.0.0:37109
2019-09-17 14:54:12,981 [main] INFO  server.SCMDatanodeProtocolServer (SCMDatanodeProtocolServer.java:start(191)) - RPC server for DataNodes is listening at /0.0.0.0:37109
2019-09-17 14:54:12,982 [IPC Server Responder] INFO  ipc.Server (Server.java:run(1314)) - IPC Server Responder: starting
2019-09-17 14:54:12,982 [IPC Server listener on 37109] INFO  ipc.Server (Server.java:run(1153)) - IPC Server listener on 37109: starting
2019-09-17 14:54:12,985 [main] INFO  http.HttpServer2 (HttpServer2.java:bindListener(1191)) - Jetty bound to port 41508
2019-09-17 14:54:12,987 [main] INFO  server.Server (Server.java:doStart(351)) - jetty-9.3.24.v20180605, build timestamp: 2018-06-05T17:11:56Z, git hash: 84205aa28f11a4f31f2a3b86d1bba2cc8ab69827
2019-09-17 14:54:13,027 [main] INFO  handler.ContextHandler (ContextHandler.java:doStart(781)) - Started o.e.j.s.ServletContextHandler@299321e2{/logs,file:///workdir/hadoop-ozone/integration-test/target/log,AVAILABLE}
2019-09-17 14:54:13,027 [main] INFO  handler.ContextHandler (ContextHandler.java:doStart(781)) - Started o.e.j.s.ServletContextHandler@64ba3208{/static,file:///workdir/hadoop-ozone/integration-test/target/test-classes/webapps/static,AVAILABLE}
2019-09-17 14:54:13,062 [main] INFO  handler.ContextHandler (ContextHandler.java:doStart(781)) - Started o.e.j.w.WebAppContext@5398edd0{/,file:///workdir/hadoop-ozone/integration-test/target/test-classes/webapps/scm/,AVAILABLE}{/scm}
2019-09-17 14:54:13,067 [main] INFO  server.AbstractConnector (AbstractConnector.java:doStart(278)) - Started ServerConnector@3f093abe{HTTP/1.1,[http/1.1]}{0.0.0.0:41508}
2019-09-17 14:54:13,068 [main] INFO  server.Server (Server.java:doStart(419)) - Started @2892ms
2019-09-17 14:54:13,070 [main] INFO  impl.MetricsSinkAdapter (MetricsSinkAdapter.java:start(204)) - Sink prometheus started
2019-09-17 14:54:13,070 [main] INFO  impl.MetricsSystemImpl (MetricsSystemImpl.java:registerSink(301)) - Registered sink prometheus
2019-09-17 14:54:13,073 [main] INFO  server.BaseHttpServer (BaseHttpServer.java:updateConnectorAddress(215)) - HTTP server of SCM is listening at http://0.0.0.0:41508
2019-09-17 14:54:13,081 [org.apache.hadoop.util.JvmPauseMonitor$Monitor@1095f122] INFO  util.JvmPauseMonitor (JvmPauseMonitor.java:run(188)) - Starting JVM pause monitor
2019-09-17 14:54:13,085 [main] WARN  server.ServerUtils (ServerUtils.java:getDBPath(222)) - ozone.om.db.dirs is not configured. We recommend adding this setting. Falling back to ozone.metadata.dirs instead.
2019-09-17 14:54:13,208 [main] WARN  server.ServerUtils (ServerUtils.java:getDBPath(222)) - ozone.om.db.dirs is not configured. We recommend adding this setting. Falling back to ozone.metadata.dirs instead.
2019-09-17 14:54:13,209 [main] WARN  server.ServerUtils (ServerUtils.java:getDBPath(222)) - ozone.om.db.dirs is not configured. We recommend adding this setting. Falling back to ozone.metadata.dirs instead.
2019-09-17 14:54:13,210 [main] INFO  om.OzoneManager (OzoneManager.java:setOMNodeDetails(649)) - OM Service ID is not set. Setting it to the default ID: omServiceIdDefault
2019-09-17 14:54:13,210 [main] INFO  om.OzoneManager (OzoneManager.java:setOMNodeDetails(655)) - OM Node ID is not set. Setting it to the OmStorage's OmID: 1f1ec4e8-6d73-488e-8e5b-5f4ae60e13d6
2019-09-17 14:54:13,212 [main] INFO  om.OzoneManager (OzoneManager.java:loadOMHAConfigs(606)) - Found matching OM address with OMServiceId: null, OMNodeId: null, RPC Address: localhost:0 and Ratis port: 9872
2019-09-17 14:54:13,965 [main] WARN  server.ServerUtils (ServerUtils.java:getDBPath(222)) - ozone.om.db.dirs is not configured. We recommend adding this setting. Falling back to ozone.metadata.dirs instead.
2019-09-17 14:54:13,973 [main] INFO  db.DBStoreBuilder (DBStoreBuilder.java:addTable(110)) - using custom profile for table: userTable
2019-09-17 14:54:13,973 [main] INFO  db.DBStoreBuilder (DBStoreBuilder.java:processTables(161)) - Using default column profile:DBProfile.DISK for Table:userTable
2019-09-17 14:54:13,973 [main] INFO  db.DBStoreBuilder (DBStoreBuilder.java:addTable(110)) - using custom profile for table: volumeTable
2019-09-17 14:54:13,973 [main] INFO  db.DBStoreBuilder (DBStoreBuilder.java:processTables(161)) - Using default column profile:DBProfile.DISK for Table:volumeTable
2019-09-17 14:54:13,974 [main] INFO  db.DBStoreBuilder (DBStoreBuilder.java:addTable(110)) - using custom profile for table: bucketTable
2019-09-17 14:54:13,974 [main] INFO  db.DBStoreBuilder (DBStoreBuilder.java:processTables(161)) - Using default column profile:DBProfile.DISK for Table:bucketTable
2019-09-17 14:54:13,974 [main] INFO  db.DBStoreBuilder (DBStoreBuilder.java:addTable(110)) - using custom profile for table: keyTable
2019-09-17 14:54:13,974 [main] INFO  db.DBStoreBuilder (DBStoreBuilder.java:processTables(161)) - Using default column profile:DBProfile.DISK for Table:keyTable
2019-09-17 14:54:13,975 [main] INFO  db.DBStoreBuilder (DBStoreBuilder.java:addTable(110)) - using custom profile for table: deletedTable
2019-09-17 14:54:13,975 [main] INFO  db.DBStoreBuilder (DBStoreBuilder.java:processTables(161)) - Using default column profile:DBProfile.DISK for Table:deletedTable
2019-09-17 14:54:13,975 [main] INFO  db.DBStoreBuilder (DBStoreBuilder.java:addTable(110)) - using custom profile for table: openKeyTable
2019-09-17 14:54:13,975 [main] INFO  db.DBStoreBuilder (DBStoreBuilder.java:processTables(161)) - Using default column profile:DBProfile.DISK for Table:openKeyTable
2019-09-17 14:54:13,976 [main] INFO  db.DBStoreBuilder (DBStoreBuilder.java:addTable(110)) - using custom profile for table: s3Table
2019-09-17 14:54:13,976 [main] INFO  db.DBStoreBuilder (DBStoreBuilder.java:processTables(161)) - Using default column profile:DBProfile.DISK for Table:s3Table
2019-09-17 14:54:13,976 [main] INFO  db.DBStoreBuilder (DBStoreBuilder.java:addTable(110)) - using custom profile for table: multipartInfoTable
2019-09-17 14:54:13,976 [main] INFO  db.DBStoreBuilder (DBStoreBuilder.java:processTables(161)) - Using default column profile:DBProfile.DISK for Table:multipartInfoTable
2019-09-17 14:54:13,977 [main] INFO  db.DBStoreBuilder (DBStoreBuilder.java:addTable(110)) - using custom profile for table: dTokenTable
2019-09-17 14:54:13,977 [main] INFO  db.DBStoreBuilder (DBStoreBuilder.java:processTables(161)) - Using default column profile:DBProfile.DISK for Table:dTokenTable
2019-09-17 14:54:13,977 [main] INFO  db.DBStoreBuilder (DBStoreBuilder.java:addTable(110)) - using custom profile for table: s3SecretTable
2019-09-17 14:54:13,977 [main] INFO  db.DBStoreBuilder (DBStoreBuilder.java:processTables(161)) - Using default column profile:DBProfile.DISK for Table:s3SecretTable
2019-09-17 14:54:13,978 [main] INFO  db.DBStoreBuilder (DBStoreBuilder.java:addTable(110)) - using custom profile for table: prefixTable
2019-09-17 14:54:13,978 [main] INFO  db.DBStoreBuilder (DBStoreBuilder.java:processTables(161)) - Using default column profile:DBProfile.DISK for Table:prefixTable
2019-09-17 14:54:13,978 [main] INFO  db.DBStoreBuilder (DBStoreBuilder.java:addTable(110)) - using custom profile for table: default
2019-09-17 14:54:13,978 [main] INFO  db.DBStoreBuilder (DBStoreBuilder.java:processTables(167)) - Using default column profile:DBProfile.DISK for Table:default
2019-09-17 14:54:13,979 [main] INFO  db.DBStoreBuilder (DBStoreBuilder.java:getDbProfile(198)) - Using default options. DBProfile.DISK
2019-09-17 14:54:14,438 [main] INFO  ipc.CallQueueManager (CallQueueManager.java:<init>(84)) - Using callQueue: class java.util.concurrent.LinkedBlockingQueue, queueCapacity: 2000, scheduler: class org.apache.hadoop.ipc.DefaultRpcScheduler, ipcBackoff: false.
2019-09-17 14:54:14,439 [Socket Reader #1 for port 38916] INFO  ipc.Server (Server.java:run(1074)) - Starting Socket Reader #1 for port 38916
2019-09-17 14:54:14,461 [main] INFO  om.OzoneManager (OzoneManager.java:start(1240)) - OzoneManager RPC server is listening at localhost/127.0.0.1:38916
2019-09-17 14:54:14,461 [main] INFO  impl.MetricsSystemImpl (MetricsSystemImpl.java:init(158)) - OzoneManager metrics system started (again)
2019-09-17 14:54:14,463 [IPC Server Responder] INFO  ipc.Server (Server.java:run(1314)) - IPC Server Responder: starting
2019-09-17 14:54:14,463 [IPC Server listener on 38916] INFO  ipc.Server (Server.java:run(1153)) - IPC Server listener on 38916: starting
2019-09-17 14:54:14,469 [main] INFO  hdfs.DFSUtil (DFSUtil.java:httpServerTemplateForNNAndJN(1641)) - Starting Web-server for ozoneManager at: http://0.0.0.0:0
2019-09-17 14:54:14,471 [main] INFO  server.AuthenticationFilter (AuthenticationFilter.java:constructSecretProvider(240)) - Unable to initialize FileSignerSecretProvider, falling back to use random secrets.
2019-09-17 14:54:14,472 [main] WARN  http.HttpRequestLog (HttpRequestLog.java:getRequestLog(97)) - Jetty request log can only be enabled using Log4j
2019-09-17 14:54:14,476 [main] INFO  http.HttpServer2 (HttpServer2.java:addGlobalFilter(975)) - Added global filter 'safety' (class=org.apache.hadoop.http.HttpServer2$QuotingInputFilter)
2019-09-17 14:54:14,478 [main] INFO  http.HttpServer2 (HttpServer2.java:addFilter(948)) - Added filter static_user_filter (class=org.apache.hadoop.http.lib.StaticUserWebFilter$StaticUserFilter) to context ozoneManager
2019-09-17 14:54:14,478 [main] INFO  http.HttpServer2 (HttpServer2.java:addFilter(958)) - Added filter static_user_filter (class=org.apache.hadoop.http.lib.StaticUserWebFilter$StaticUserFilter) to context logs
2019-09-17 14:54:14,479 [main] INFO  http.HttpServer2 (HttpServer2.java:addFilter(958)) - Added filter static_user_filter (class=org.apache.hadoop.http.lib.StaticUserWebFilter$StaticUserFilter) to context static
2019-09-17 14:54:14,482 [main] INFO  http.HttpServer2 (HttpServer2.java:bindListener(1191)) - Jetty bound to port 44470
2019-09-17 14:54:14,483 [main] INFO  server.Server (Server.java:doStart(351)) - jetty-9.3.24.v20180605, build timestamp: 2018-06-05T17:11:56Z, git hash: 84205aa28f11a4f31f2a3b86d1bba2cc8ab69827
2019-09-17 14:54:14,486 [main] INFO  handler.ContextHandler (ContextHandler.java:doStart(781)) - Started o.e.j.s.ServletContextHandler@74fe5966{/logs,file:///workdir/hadoop-ozone/integration-test/target/log,AVAILABLE}
2019-09-17 14:54:14,487 [main] INFO  handler.ContextHandler (ContextHandler.java:doStart(781)) - Started o.e.j.s.ServletContextHandler@677b8e13{/static,file:///workdir/hadoop-ozone/integration-test/target/test-classes/webapps/static,AVAILABLE}
2019-09-17 14:54:14,495 [main] INFO  handler.ContextHandler (ContextHandler.java:doStart(781)) - Started o.e.j.w.WebAppContext@55b8dbda{/,file:///workdir/hadoop-ozone/integration-test/target/test-classes/webapps/ozoneManager/,AVAILABLE}{/ozoneManager}
2019-09-17 14:54:14,496 [main] INFO  server.AbstractConnector (AbstractConnector.java:doStart(278)) - Started ServerConnector@3b569985{HTTP/1.1,[http/1.1]}{0.0.0.0:44470}
2019-09-17 14:54:14,498 [main] INFO  server.Server (Server.java:doStart(419)) - Started @4322ms
2019-09-17 14:54:14,498 [main] WARN  impl.MetricsSystemImpl (MetricsSystemImpl.java:register(276)) - Sink prometheus already exists!
2019-09-17 14:54:14,499 [main] INFO  server.BaseHttpServer (BaseHttpServer.java:updateConnectorAddress(215)) - HTTP server of OZONEMANAGER is listening at http://0.0.0.0:44470
2019-09-17 14:54:14,867 [main] INFO  impl.MetricsSystemImpl (MetricsSystemImpl.java:init(158)) - HddsDatanode metrics system started (again)
2019-09-17 14:54:14,927 [main] INFO  ozone.HddsDatanodeService (HddsDatanodeService.java:start(184)) - HddsDatanodeService host:pr-hdds-2137-trunk-f8w4d-2934045284 ip:192.168.151.72
2019-09-17 14:54:14,963 [main] INFO  volume.HddsVolume (HddsVolume.java:<init>(176)) - Creating Volume: /workdir/hadoop-ozone/integration-test/target/test-dir/MiniOzoneClusterImpl-845ee491-3861-4700-afca-e6762de221c3/datanode-0/data/containers/hdds of  storage type : DISK and capacity : 1482555576320
2019-09-17 14:54:14,965 [main] INFO  volume.VolumeSet (VolumeSet.java:initializeVolumeSet(170)) - Added Volume : /workdir/hadoop-ozone/integration-test/target/test-dir/MiniOzoneClusterImpl-845ee491-3861-4700-afca-e6762de221c3/datanode-0/data/containers/hdds to VolumeSet
2019-09-17 14:54:14,968 [main] INFO  volume.ThrottledAsyncChecker (ThrottledAsyncChecker.java:schedule(139)) - Scheduling a check for org.apache.hadoop.ozone.container.common.volume.HddsVolume@53ac845a
2019-09-17 14:54:14,987 [main] INFO  volume.HddsVolumeChecker (HddsVolumeChecker.java:checkAllVolumes(202)) - Scheduled health check for volume org.apache.hadoop.ozone.container.common.volume.HddsVolume@53ac845a
2019-09-17 14:54:15,096 [main] INFO  impl.RaftServerProxy (ConfUtils.java:logGet(43)) - raft.rpc.type = GRPC (default)
2019-09-17 14:54:15,160 [main] INFO  grpc.GrpcFactory (GrpcFactory.java:checkPooledByteBufAllocatorUseCacheForAllThreads(45)) - PERFORMANCE WARNING: useCacheForAllThreads is true that may cause Netty to create a lot garbage objects and, as a result, trigger GC.
	It is recommended to disable useCacheForAllThreads by setting -Dorg.apache.ratis.thirdparty.io.netty.allocator.useCacheForAllThreads=false in command line.
2019-09-17 14:54:15,165 [main] INFO  grpc.GrpcConfigKeys$Server (ConfUtils.java:logGet(43)) - raft.grpc.server.port = 0 (default)
2019-09-17 14:54:15,166 [main] INFO  server.GrpcService (ConfUtils.java:logGet(43)) - raft.grpc.message.size.max = 33570816 (custom)
2019-09-17 14:54:15,168 [main] INFO  server.RaftServerConfigKeys (ConfUtils.java:logGet(43)) - raft.server.log.appender.buffer.byte-limit = 33554432 (custom)
2019-09-17 14:54:15,168 [main] INFO  server.GrpcService (ConfUtils.java:logGet(43)) - raft.grpc.flow.control.window = 1MB (=1048576) (default)
2019-09-17 14:54:15,169 [main] INFO  server.RaftServerConfigKeys (ConfUtils.java:logGet(43)) - raft.server.rpc.request.timeout = 3000ms (default)
2019-09-17 14:54:15,337 [main] INFO  server.RaftServerConfigKeys (ConfUtils.java:logGet(43)) - raft.server.storage.dir = [/workdir/hadoop-ozone/integration-test/target/test-dir/MiniOzoneClusterImpl-845ee491-3861-4700-afca-e6762de221c3/datanode-0/data/ratis] (custom)
2019-09-17 14:54:15,391 [main] INFO  hdfs.DFSUtil (DFSUtil.java:httpServerTemplateForNNAndJN(1641)) - Starting Web-server for hddsDatanode at: http://0.0.0.0:0
2019-09-17 14:54:15,393 [main] INFO  server.AuthenticationFilter (AuthenticationFilter.java:constructSecretProvider(240)) - Unable to initialize FileSignerSecretProvider, falling back to use random secrets.
2019-09-17 14:54:15,394 [main] WARN  http.HttpRequestLog (HttpRequestLog.java:getRequestLog(97)) - Jetty request log can only be enabled using Log4j
2019-09-17 14:54:15,396 [main] INFO  http.HttpServer2 (HttpServer2.java:addGlobalFilter(975)) - Added global filter 'safety' (class=org.apache.hadoop.http.HttpServer2$QuotingInputFilter)
2019-09-17 14:54:15,397 [main] INFO  http.HttpServer2 (HttpServer2.java:addFilter(948)) - Added filter static_user_filter (class=org.apache.hadoop.http.lib.StaticUserWebFilter$StaticUserFilter) to context hddsDatanode
2019-09-17 14:54:15,397 [main] INFO  http.HttpServer2 (HttpServer2.java:addFilter(958)) - Added filter static_user_filter (class=org.apache.hadoop.http.lib.StaticUserWebFilter$StaticUserFilter) to context logs
2019-09-17 14:54:15,397 [main] INFO  http.HttpServer2 (HttpServer2.java:addFilter(958)) - Added filter static_user_filter (class=org.apache.hadoop.http.lib.StaticUserWebFilter$StaticUserFilter) to context static
2019-09-17 14:54:15,398 [main] INFO  http.HttpServer2 (HttpServer2.java:bindListener(1191)) - Jetty bound to port 44796
2019-09-17 14:54:15,398 [main] INFO  server.Server (Server.java:doStart(351)) - jetty-9.3.24.v20180605, build timestamp: 2018-06-05T17:11:56Z, git hash: 84205aa28f11a4f31f2a3b86d1bba2cc8ab69827
2019-09-17 14:54:15,401 [main] INFO  handler.ContextHandler (ContextHandler.java:doStart(781)) - Started o.e.j.s.ServletContextHandler@6d1dcdff{/logs,file:///workdir/hadoop-ozone/integration-test/target/log,AVAILABLE}
2019-09-17 14:54:15,402 [main] INFO  handler.ContextHandler (ContextHandler.java:doStart(781)) - Started o.e.j.s.ServletContextHandler@7ff35a3f{/static,jar:file:/home/user/.m2/repository/org/apache/hadoop/hadoop-hdds-container-service/0.5.0-SNAPSHOT/hadoop-hdds-container-service-0.5.0-SNAPSHOT.jar!/webapps/static,AVAILABLE}
2019-09-17 14:54:15,434 [main] INFO  handler.ContextHandler (ContextHandler.java:doStart(781)) - Started o.e.j.w.WebAppContext@a66e580{/,file:///tmp/jetty-0.0.0.0-44796-hddsDatanode-_-any-5651558928496098544.dir/webapp/,AVAILABLE}{/hddsDatanode}
2019-09-17 14:54:15,435 [main] INFO  server.AbstractConnector (AbstractConnector.java:doStart(278)) - Started ServerConnector@5b852b49{HTTP/1.1,[http/1.1]}{0.0.0.0:44796}
2019-09-17 14:54:15,436 [main] INFO  server.Server (Server.java:doStart(419)) - Started @5260ms
2019-09-17 14:54:15,436 [main] WARN  impl.MetricsSystemImpl (MetricsSystemImpl.java:register(276)) - Sink prometheus already exists!
2019-09-17 14:54:15,439 [main] INFO  server.BaseHttpServer (BaseHttpServer.java:updateConnectorAddress(215)) - HTTP server of HDDSDATANODE is listening at http://0.0.0.0:44796
2019-09-17 14:54:15,440 [main] INFO  impl.MetricsSystemImpl (MetricsSystemImpl.java:init(158)) - HddsDatanode metrics system started (again)
2019-09-17 14:54:15,444 [main] INFO  ozone.HddsDatanodeService (HddsDatanodeService.java:start(184)) - HddsDatanodeService host:pr-hdds-2137-trunk-f8w4d-2934045284 ip:192.168.151.72
2019-09-17 14:54:15,447 [org.apache.hadoop.util.JvmPauseMonitor$Monitor@2060704d] INFO  util.JvmPauseMonitor (JvmPauseMonitor.java:run(188)) - Starting JVM pause monitor
2019-09-17 14:54:15,458 [main] INFO  volume.HddsVolume (HddsVolume.java:<init>(176)) - Creating Volume: /workdir/hadoop-ozone/integration-test/target/test-dir/MiniOzoneClusterImpl-845ee491-3861-4700-afca-e6762de221c3/datanode-1/data/containers/hdds of  storage type : DISK and capacity : 1482555576320
2019-09-17 14:54:15,459 [main] INFO  volume.VolumeSet (VolumeSet.java:initializeVolumeSet(170)) - Added Volume : /workdir/hadoop-ozone/integration-test/target/test-dir/MiniOzoneClusterImpl-845ee491-3861-4700-afca-e6762de221c3/datanode-1/data/containers/hdds to VolumeSet
2019-09-17 14:54:15,460 [main] INFO  volume.ThrottledAsyncChecker (ThrottledAsyncChecker.java:schedule(139)) - Scheduling a check for org.apache.hadoop.ozone.container.common.volume.HddsVolume@5f7989fa
2019-09-17 14:54:15,461 [main] INFO  volume.HddsVolumeChecker (HddsVolumeChecker.java:checkAllVolumes(202)) - Scheduled health check for volume org.apache.hadoop.ozone.container.common.volume.HddsVolume@5f7989fa
2019-09-17 14:54:15,482 [main] INFO  impl.RaftServerProxy (ConfUtils.java:logGet(43)) - raft.rpc.type = GRPC (default)
2019-09-17 14:54:15,482 [main] INFO  grpc.GrpcFactory (GrpcFactory.java:checkPooledByteBufAllocatorUseCacheForAllThreads(45)) - PERFORMANCE WARNING: useCacheForAllThreads is true that may cause Netty to create a lot garbage objects and, as a result, trigger GC.
	It is recommended to disable useCacheForAllThreads by setting -Dorg.apache.ratis.thirdparty.io.netty.allocator.useCacheForAllThreads=false in command line.
2019-09-17 14:54:15,483 [main] INFO  grpc.GrpcConfigKeys$Server (ConfUtils.java:logGet(43)) - raft.grpc.server.port = 0 (default)
2019-09-17 14:54:15,484 [main] INFO  server.GrpcService (ConfUtils.java:logGet(43)) - raft.grpc.message.size.max = 33570816 (custom)
2019-09-17 14:54:15,484 [main] INFO  server.RaftServerConfigKeys (ConfUtils.java:logGet(43)) - raft.server.log.appender.buffer.byte-limit = 33554432 (custom)
2019-09-17 14:54:15,485 [main] INFO  server.GrpcService (ConfUtils.java:logGet(43)) - raft.grpc.flow.control.window = 1MB (=1048576) (default)
2019-09-17 14:54:15,485 [main] INFO  server.RaftServerConfigKeys (ConfUtils.java:logGet(43)) - raft.server.rpc.request.timeout = 3000ms (default)
2019-09-17 14:54:15,486 [main] INFO  server.RaftServerConfigKeys (ConfUtils.java:logGet(43)) - raft.server.storage.dir = [/workdir/hadoop-ozone/integration-test/target/test-dir/MiniOzoneClusterImpl-845ee491-3861-4700-afca-e6762de221c3/datanode-1/data/ratis] (custom)
2019-09-17 14:54:15,489 [main] INFO  hdfs.DFSUtil (DFSUtil.java:httpServerTemplateForNNAndJN(1641)) - Starting Web-server for hddsDatanode at: http://0.0.0.0:0
2019-09-17 14:54:15,490 [main] INFO  server.AuthenticationFilter (AuthenticationFilter.java:constructSecretProvider(240)) - Unable to initialize FileSignerSecretProvider, falling back to use random secrets.
2019-09-17 14:54:15,492 [main] WARN  http.HttpRequestLog (HttpRequestLog.java:getRequestLog(97)) - Jetty request log can only be enabled using Log4j
2019-09-17 14:54:15,494 [main] INFO  http.HttpServer2 (HttpServer2.java:addGlobalFilter(975)) - Added global filter 'safety' (class=org.apache.hadoop.http.HttpServer2$QuotingInputFilter)
2019-09-17 14:54:15,495 [main] INFO  http.HttpServer2 (HttpServer2.java:addFilter(948)) - Added filter static_user_filter (class=org.apache.hadoop.http.lib.StaticUserWebFilter$StaticUserFilter) to context hddsDatanode
2019-09-17 14:54:15,495 [main] INFO  http.HttpServer2 (HttpServer2.java:addFilter(958)) - Added filter static_user_filter (class=org.apache.hadoop.http.lib.StaticUserWebFilter$StaticUserFilter) to context static
2019-09-17 14:54:15,495 [main] INFO  http.HttpServer2 (HttpServer2.java:addFilter(958)) - Added filter static_user_filter (class=org.apache.hadoop.http.lib.StaticUserWebFilter$StaticUserFilter) to context logs
2019-09-17 14:54:15,497 [main] INFO  http.HttpServer2 (HttpServer2.java:bindListener(1191)) - Jetty bound to port 41058
2019-09-17 14:54:15,497 [main] INFO  server.Server (Server.java:doStart(351)) - jetty-9.3.24.v20180605, build timestamp: 2018-06-05T17:11:56Z, git hash: 84205aa28f11a4f31f2a3b86d1bba2cc8ab69827
2019-09-17 14:54:15,501 [main] INFO  handler.ContextHandler (ContextHandler.java:doStart(781)) - Started o.e.j.s.ServletContextHandler@277b8fa4{/logs,file:///workdir/hadoop-ozone/integration-test/target/log,AVAILABLE}
2019-09-17 14:54:15,501 [main] INFO  handler.ContextHandler (ContextHandler.java:doStart(781)) - Started o.e.j.s.ServletContextHandler@620c8641{/static,jar:file:/home/user/.m2/repository/org/apache/hadoop/hadoop-hdds-container-service/0.5.0-SNAPSHOT/hadoop-hdds-container-service-0.5.0-SNAPSHOT.jar!/webapps/static,AVAILABLE}
2019-09-17 14:54:15,537 [main] INFO  handler.ContextHandler (ContextHandler.java:doStart(781)) - Started o.e.j.w.WebAppContext@7bc44ce8{/,file:///tmp/jetty-0.0.0.0-41058-hddsDatanode-_-any-8051534314482166887.dir/webapp/,AVAILABLE}{/hddsDatanode}
2019-09-17 14:54:15,537 [main] INFO  server.AbstractConnector (AbstractConnector.java:doStart(278)) - Started ServerConnector@59072e9d{HTTP/1.1,[http/1.1]}{0.0.0.0:41058}
2019-09-17 14:54:15,538 [main] INFO  server.Server (Server.java:doStart(419)) - Started @5362ms
2019-09-17 14:54:15,540 [main] WARN  impl.MetricsSystemImpl (MetricsSystemImpl.java:register(276)) - Sink prometheus already exists!
2019-09-17 14:54:15,540 [main] INFO  server.BaseHttpServer (BaseHttpServer.java:updateConnectorAddress(215)) - HTTP server of HDDSDATANODE is listening at http://0.0.0.0:41058
2019-09-17 14:54:15,541 [main] INFO  impl.MetricsSystemImpl (MetricsSystemImpl.java:init(158)) - HddsDatanode metrics system started (again)
2019-09-17 14:54:15,544 [org.apache.hadoop.util.JvmPauseMonitor$Monitor@7ddcfee0] INFO  util.JvmPauseMonitor (JvmPauseMonitor.java:run(188)) - Starting JVM pause monitor
2019-09-17 14:54:15,544 [main] INFO  ozone.HddsDatanodeService (HddsDatanodeService.java:start(184)) - HddsDatanodeService host:pr-hdds-2137-trunk-f8w4d-2934045284 ip:192.168.151.72
2019-09-17 14:54:15,554 [main] INFO  volume.HddsVolume (HddsVolume.java:<init>(176)) - Creating Volume: /workdir/hadoop-ozone/integration-test/target/test-dir/MiniOzoneClusterImpl-845ee491-3861-4700-afca-e6762de221c3/datanode-2/data/containers/hdds of  storage type : DISK and capacity : 1482555576320
2019-09-17 14:54:15,554 [main] INFO  volume.VolumeSet (VolumeSet.java:initializeVolumeSet(170)) - Added Volume : /workdir/hadoop-ozone/integration-test/target/test-dir/MiniOzoneClusterImpl-845ee491-3861-4700-afca-e6762de221c3/datanode-2/data/containers/hdds to VolumeSet
2019-09-17 14:54:15,554 [main] INFO  volume.ThrottledAsyncChecker (ThrottledAsyncChecker.java:schedule(139)) - Scheduling a check for org.apache.hadoop.ozone.container.common.volume.HddsVolume@6cc86152
2019-09-17 14:54:15,555 [main] INFO  volume.HddsVolumeChecker (HddsVolumeChecker.java:checkAllVolumes(202)) - Scheduled health check for volume org.apache.hadoop.ozone.container.common.volume.HddsVolume@6cc86152
2019-09-17 14:54:15,571 [main] INFO  impl.RaftServerProxy (ConfUtils.java:logGet(43)) - raft.rpc.type = GRPC (default)
2019-09-17 14:54:15,571 [main] INFO  grpc.GrpcFactory (GrpcFactory.java:checkPooledByteBufAllocatorUseCacheForAllThreads(45)) - PERFORMANCE WARNING: useCacheForAllThreads is true that may cause Netty to create a lot garbage objects and, as a result, trigger GC.
	It is recommended to disable useCacheForAllThreads by setting -Dorg.apache.ratis.thirdparty.io.netty.allocator.useCacheForAllThreads=false in command line.
2019-09-17 14:54:15,571 [main] INFO  grpc.GrpcConfigKeys$Server (ConfUtils.java:logGet(43)) - raft.grpc.server.port = 0 (default)
2019-09-17 14:54:15,572 [main] INFO  server.GrpcService (ConfUtils.java:logGet(43)) - raft.grpc.message.size.max = 33570816 (custom)
2019-09-17 14:54:15,572 [main] INFO  server.RaftServerConfigKeys (ConfUtils.java:logGet(43)) - raft.server.log.appender.buffer.byte-limit = 33554432 (custom)
2019-09-17 14:54:15,572 [main] INFO  server.GrpcService (ConfUtils.java:logGet(43)) - raft.grpc.flow.control.window = 1MB (=1048576) (default)
2019-09-17 14:54:15,572 [Datanode State Machine Thread - 0] INFO  datanode.InitDatanodeState (InitDatanodeState.java:persistContainerDatanodeDetails(140)) - DatanodeDetails is persisted to /workdir/hadoop-ozone/integration-test/target/test-dir/MiniOzoneClusterImpl-845ee491-3861-4700-afca-e6762de221c3/datanode-0/meta/datanode.id
2019-09-17 14:54:15,572 [main] INFO  server.RaftServerConfigKeys (ConfUtils.java:logGet(43)) - raft.server.rpc.request.timeout = 3000ms (default)
2019-09-17 14:54:15,575 [main] INFO  server.RaftServerConfigKeys (ConfUtils.java:logGet(43)) - raft.server.storage.dir = [/workdir/hadoop-ozone/integration-test/target/test-dir/MiniOzoneClusterImpl-845ee491-3861-4700-afca-e6762de221c3/datanode-2/data/ratis] (custom)
2019-09-17 14:54:15,578 [Datanode State Machine Thread - 0] INFO  datanode.InitDatanodeState (InitDatanodeState.java:persistContainerDatanodeDetails(140)) - DatanodeDetails is persisted to /workdir/hadoop-ozone/integration-test/target/test-dir/MiniOzoneClusterImpl-845ee491-3861-4700-afca-e6762de221c3/datanode-1/meta/datanode.id
2019-09-17 14:54:15,578 [main] INFO  hdfs.DFSUtil (DFSUtil.java:httpServerTemplateForNNAndJN(1641)) - Starting Web-server for hddsDatanode at: http://0.0.0.0:0
2019-09-17 14:54:15,580 [main] INFO  server.AuthenticationFilter (AuthenticationFilter.java:constructSecretProvider(240)) - Unable to initialize FileSignerSecretProvider, falling back to use random secrets.
2019-09-17 14:54:15,580 [main] WARN  http.HttpRequestLog (HttpRequestLog.java:getRequestLog(97)) - Jetty request log can only be enabled using Log4j
2019-09-17 14:54:15,582 [main] INFO  http.HttpServer2 (HttpServer2.java:addGlobalFilter(975)) - Added global filter 'safety' (class=org.apache.hadoop.http.HttpServer2$QuotingInputFilter)
2019-09-17 14:54:15,582 [main] INFO  http.HttpServer2 (HttpServer2.java:addFilter(948)) - Added filter static_user_filter (class=org.apache.hadoop.http.lib.StaticUserWebFilter$StaticUserFilter) to context hddsDatanode
2019-09-17 14:54:15,583 [main] INFO  http.HttpServer2 (HttpServer2.java:addFilter(958)) - Added filter static_user_filter (class=org.apache.hadoop.http.lib.StaticUserWebFilter$StaticUserFilter) to context logs
2019-09-17 14:54:15,583 [main] INFO  http.HttpServer2 (HttpServer2.java:addFilter(958)) - Added filter static_user_filter (class=org.apache.hadoop.http.lib.StaticUserWebFilter$StaticUserFilter) to context static
2019-09-17 14:54:15,584 [main] INFO  http.HttpServer2 (HttpServer2.java:bindListener(1191)) - Jetty bound to port 46064
2019-09-17 14:54:15,584 [main] INFO  server.Server (Server.java:doStart(351)) - jetty-9.3.24.v20180605, build timestamp: 2018-06-05T17:11:56Z, git hash: 84205aa28f11a4f31f2a3b86d1bba2cc8ab69827
2019-09-17 14:54:15,586 [main] INFO  handler.ContextHandler (ContextHandler.java:doStart(781)) - Started o.e.j.s.ServletContextHandler@77b919a3{/logs,file:///workdir/hadoop-ozone/integration-test/target/log,AVAILABLE}
2019-09-17 14:54:15,587 [main] INFO  handler.ContextHandler (ContextHandler.java:doStart(781)) - Started o.e.j.s.ServletContextHandler@36681447{/static,jar:file:/home/user/.m2/repository/org/apache/hadoop/hadoop-hdds-container-service/0.5.0-SNAPSHOT/hadoop-hdds-container-service-0.5.0-SNAPSHOT.jar!/webapps/static,AVAILABLE}
2019-09-17 14:54:15,615 [main] INFO  handler.ContextHandler (ContextHandler.java:doStart(781)) - Started o.e.j.w.WebAppContext@12e0f1cb{/,file:///tmp/jetty-0.0.0.0-46064-hddsDatanode-_-any-2801662188768737086.dir/webapp/,AVAILABLE}{/hddsDatanode}
2019-09-17 14:54:15,616 [main] INFO  server.AbstractConnector (AbstractConnector.java:doStart(278)) - Started ServerConnector@4a163575{HTTP/1.1,[http/1.1]}{0.0.0.0:46064}
2019-09-17 14:54:15,616 [main] INFO  server.Server (Server.java:doStart(419)) - Started @5441ms
2019-09-17 14:54:15,617 [main] WARN  impl.MetricsSystemImpl (MetricsSystemImpl.java:register(276)) - Sink prometheus already exists!
2019-09-17 14:54:15,619 [main] INFO  server.BaseHttpServer (BaseHttpServer.java:updateConnectorAddress(215)) - HTTP server of HDDSDATANODE is listening at http://0.0.0.0:46064
2019-09-17 14:54:15,619 [main] INFO  impl.MetricsSystemImpl (MetricsSystemImpl.java:init(158)) - HddsDatanode metrics system started (again)
2019-09-17 14:54:15,622 [main] INFO  ozone.HddsDatanodeService (HddsDatanodeService.java:start(184)) - HddsDatanodeService host:pr-hdds-2137-trunk-f8w4d-2934045284 ip:192.168.151.72
2019-09-17 14:54:15,623 [org.apache.hadoop.util.JvmPauseMonitor$Monitor@23830349] INFO  util.JvmPauseMonitor (JvmPauseMonitor.java:run(188)) - Starting JVM pause monitor
2019-09-17 14:54:15,626 [Datanode State Machine Thread - 0] INFO  datanode.InitDatanodeState (InitDatanodeState.java:persistContainerDatanodeDetails(140)) - DatanodeDetails is persisted to /workdir/hadoop-ozone/integration-test/target/test-dir/MiniOzoneClusterImpl-845ee491-3861-4700-afca-e6762de221c3/datanode-2/meta/datanode.id
2019-09-17 14:54:15,631 [main] INFO  volume.HddsVolume (HddsVolume.java:<init>(176)) - Creating Volume: /workdir/hadoop-ozone/integration-test/target/test-dir/MiniOzoneClusterImpl-845ee491-3861-4700-afca-e6762de221c3/datanode-3/data/containers/hdds of  storage type : DISK and capacity : 1482555576320
2019-09-17 14:54:15,632 [main] INFO  volume.VolumeSet (VolumeSet.java:initializeVolumeSet(170)) - Added Volume : /workdir/hadoop-ozone/integration-test/target/test-dir/MiniOzoneClusterImpl-845ee491-3861-4700-afca-e6762de221c3/datanode-3/data/containers/hdds to VolumeSet
2019-09-17 14:54:15,632 [main] INFO  volume.ThrottledAsyncChecker (ThrottledAsyncChecker.java:schedule(139)) - Scheduling a check for org.apache.hadoop.ozone.container.common.volume.HddsVolume@4613311f
2019-09-17 14:54:15,633 [main] INFO  volume.HddsVolumeChecker (HddsVolumeChecker.java:checkAllVolumes(202)) - Scheduled health check for volume org.apache.hadoop.ozone.container.common.volume.HddsVolume@4613311f
2019-09-17 14:54:15,658 [main] INFO  impl.RaftServerProxy (ConfUtils.java:logGet(43)) - raft.rpc.type = GRPC (default)
2019-09-17 14:54:15,658 [main] INFO  grpc.GrpcFactory (GrpcFactory.java:checkPooledByteBufAllocatorUseCacheForAllThreads(45)) - PERFORMANCE WARNING: useCacheForAllThreads is true that may cause Netty to create a lot garbage objects and, as a result, trigger GC.
	It is recommended to disable useCacheForAllThreads by setting -Dorg.apache.ratis.thirdparty.io.netty.allocator.useCacheForAllThreads=false in command line.
2019-09-17 14:54:15,659 [main] INFO  grpc.GrpcConfigKeys$Server (ConfUtils.java:logGet(43)) - raft.grpc.server.port = 0 (default)
2019-09-17 14:54:15,659 [main] INFO  server.GrpcService (ConfUtils.java:logGet(43)) - raft.grpc.message.size.max = 33570816 (custom)
2019-09-17 14:54:15,659 [main] INFO  server.RaftServerConfigKeys (ConfUtils.java:logGet(43)) - raft.server.log.appender.buffer.byte-limit = 33554432 (custom)
2019-09-17 14:54:15,660 [main] INFO  server.GrpcService (ConfUtils.java:logGet(43)) - raft.grpc.flow.control.window = 1MB (=1048576) (default)
2019-09-17 14:54:15,660 [main] INFO  server.RaftServerConfigKeys (ConfUtils.java:logGet(43)) - raft.server.rpc.request.timeout = 3000ms (default)
2019-09-17 14:54:15,661 [main] INFO  server.RaftServerConfigKeys (ConfUtils.java:logGet(43)) - raft.server.storage.dir = [/workdir/hadoop-ozone/integration-test/target/test-dir/MiniOzoneClusterImpl-845ee491-3861-4700-afca-e6762de221c3/datanode-3/data/ratis] (custom)
2019-09-17 14:54:15,664 [main] INFO  hdfs.DFSUtil (DFSUtil.java:httpServerTemplateForNNAndJN(1641)) - Starting Web-server for hddsDatanode at: http://0.0.0.0:0
2019-09-17 14:54:15,666 [main] INFO  server.AuthenticationFilter (AuthenticationFilter.java:constructSecretProvider(240)) - Unable to initialize FileSignerSecretProvider, falling back to use random secrets.
2019-09-17 14:54:15,666 [main] WARN  http.HttpRequestLog (HttpRequestLog.java:getRequestLog(97)) - Jetty request log can only be enabled using Log4j
2019-09-17 14:54:15,669 [main] INFO  http.HttpServer2 (HttpServer2.java:addGlobalFilter(975)) - Added global filter 'safety' (class=org.apache.hadoop.http.HttpServer2$QuotingInputFilter)
2019-09-17 14:54:15,670 [main] INFO  http.HttpServer2 (HttpServer2.java:addFilter(948)) - Added filter static_user_filter (class=org.apache.hadoop.http.lib.StaticUserWebFilter$StaticUserFilter) to context hddsDatanode
2019-09-17 14:54:15,670 [main] INFO  http.HttpServer2 (HttpServer2.java:addFilter(958)) - Added filter static_user_filter (class=org.apache.hadoop.http.lib.StaticUserWebFilter$StaticUserFilter) to context logs
2019-09-17 14:54:15,670 [main] INFO  http.HttpServer2 (HttpServer2.java:addFilter(958)) - Added filter static_user_filter (class=org.apache.hadoop.http.lib.StaticUserWebFilter$StaticUserFilter) to context static
2019-09-17 14:54:15,672 [main] INFO  http.HttpServer2 (HttpServer2.java:bindListener(1191)) - Jetty bound to port 38933
2019-09-17 14:54:15,672 [main] INFO  server.Server (Server.java:doStart(351)) - jetty-9.3.24.v20180605, build timestamp: 2018-06-05T17:11:56Z, git hash: 84205aa28f11a4f31f2a3b86d1bba2cc8ab69827
2019-09-17 14:54:15,679 [main] INFO  handler.ContextHandler (ContextHandler.java:doStart(781)) - Started o.e.j.s.ServletContextHandler@41eb94bc{/logs,file:///workdir/hadoop-ozone/integration-test/target/log,AVAILABLE}
2019-09-17 14:54:15,680 [main] INFO  handler.ContextHandler (ContextHandler.java:doStart(781)) - Started o.e.j.s.ServletContextHandler@97d0c06{/static,jar:file:/home/user/.m2/repository/org/apache/hadoop/hadoop-hdds-container-service/0.5.0-SNAPSHOT/hadoop-hdds-container-service-0.5.0-SNAPSHOT.jar!/webapps/static,AVAILABLE}
2019-09-17 14:54:15,721 [main] INFO  handler.ContextHandler (ContextHandler.java:doStart(781)) - Started o.e.j.w.WebAppContext@38eb0f4d{/,file:///tmp/jetty-0.0.0.0-38933-hddsDatanode-_-any-7138178242449138627.dir/webapp/,AVAILABLE}{/hddsDatanode}
2019-09-17 14:54:15,722 [main] INFO  server.AbstractConnector (AbstractConnector.java:doStart(278)) - Started ServerConnector@437486cd{HTTP/1.1,[http/1.1]}{0.0.0.0:38933}
2019-09-17 14:54:15,723 [main] INFO  server.Server (Server.java:doStart(419)) - Started @5547ms
2019-09-17 14:54:15,724 [main] WARN  impl.MetricsSystemImpl (MetricsSystemImpl.java:register(276)) - Sink prometheus already exists!
2019-09-17 14:54:15,725 [main] INFO  server.BaseHttpServer (BaseHttpServer.java:updateConnectorAddress(215)) - HTTP server of HDDSDATANODE is listening at http://0.0.0.0:38933
2019-09-17 14:54:15,726 [main] INFO  impl.MetricsSystemImpl (MetricsSystemImpl.java:init(158)) - HddsDatanode metrics system started (again)
2019-09-17 14:54:15,730 [org.apache.hadoop.util.JvmPauseMonitor$Monitor@554a1ed1] INFO  util.JvmPauseMonitor (JvmPauseMonitor.java:run(188)) - Starting JVM pause monitor
2019-09-17 14:54:15,732 [main] INFO  ozone.HddsDatanodeService (HddsDatanodeService.java:start(184)) - HddsDatanodeService host:pr-hdds-2137-trunk-f8w4d-2934045284 ip:192.168.151.72
2019-09-17 14:54:15,734 [Datanode State Machine Thread - 0] INFO  datanode.InitDatanodeState (InitDatanodeState.java:persistContainerDatanodeDetails(140)) - DatanodeDetails is persisted to /workdir/hadoop-ozone/integration-test/target/test-dir/MiniOzoneClusterImpl-845ee491-3861-4700-afca-e6762de221c3/datanode-3/meta/datanode.id
2019-09-17 14:54:15,743 [main] INFO  volume.HddsVolume (HddsVolume.java:<init>(176)) - Creating Volume: /workdir/hadoop-ozone/integration-test/target/test-dir/MiniOzoneClusterImpl-845ee491-3861-4700-afca-e6762de221c3/datanode-4/data/containers/hdds of  storage type : DISK and capacity : 1482555576320
2019-09-17 14:54:15,746 [main] INFO  volume.VolumeSet (VolumeSet.java:initializeVolumeSet(170)) - Added Volume : /workdir/hadoop-ozone/integration-test/target/test-dir/MiniOzoneClusterImpl-845ee491-3861-4700-afca-e6762de221c3/datanode-4/data/containers/hdds to VolumeSet
2019-09-17 14:54:15,747 [main] INFO  volume.ThrottledAsyncChecker (ThrottledAsyncChecker.java:schedule(139)) - Scheduling a check for org.apache.hadoop.ozone.container.common.volume.HddsVolume@748d2277
2019-09-17 14:54:15,747 [main] INFO  volume.HddsVolumeChecker (HddsVolumeChecker.java:checkAllVolumes(202)) - Scheduled health check for volume org.apache.hadoop.ozone.container.common.volume.HddsVolume@748d2277
2019-09-17 14:54:15,770 [main] INFO  impl.RaftServerProxy (ConfUtils.java:logGet(43)) - raft.rpc.type = GRPC (default)
2019-09-17 14:54:15,770 [main] INFO  grpc.GrpcFactory (GrpcFactory.java:checkPooledByteBufAllocatorUseCacheForAllThreads(45)) - PERFORMANCE WARNING: useCacheForAllThreads is true that may cause Netty to create a lot garbage objects and, as a result, trigger GC.
	It is recommended to disable useCacheForAllThreads by setting -Dorg.apache.ratis.thirdparty.io.netty.allocator.useCacheForAllThreads=false in command line.
2019-09-17 14:54:15,771 [main] INFO  grpc.GrpcConfigKeys$Server (ConfUtils.java:logGet(43)) - raft.grpc.server.port = 0 (default)
2019-09-17 14:54:15,771 [main] INFO  server.GrpcService (ConfUtils.java:logGet(43)) - raft.grpc.message.size.max = 33570816 (custom)
2019-09-17 14:54:15,772 [main] INFO  server.RaftServerConfigKeys (ConfUtils.java:logGet(43)) - raft.server.log.appender.buffer.byte-limit = 33554432 (custom)
2019-09-17 14:54:15,772 [main] INFO  server.GrpcService (ConfUtils.java:logGet(43)) - raft.grpc.flow.control.window = 1MB (=1048576) (default)
2019-09-17 14:54:15,773 [main] INFO  server.RaftServerConfigKeys (ConfUtils.java:logGet(43)) - raft.server.rpc.request.timeout = 3000ms (default)
2019-09-17 14:54:15,773 [main] INFO  server.RaftServerConfigKeys (ConfUtils.java:logGet(43)) - raft.server.storage.dir = [/workdir/hadoop-ozone/integration-test/target/test-dir/MiniOzoneClusterImpl-845ee491-3861-4700-afca-e6762de221c3/datanode-4/data/ratis] (custom)
2019-09-17 14:54:15,776 [main] INFO  hdfs.DFSUtil (DFSUtil.java:httpServerTemplateForNNAndJN(1641)) - Starting Web-server for hddsDatanode at: http://0.0.0.0:0
2019-09-17 14:54:15,778 [main] INFO  server.AuthenticationFilter (AuthenticationFilter.java:constructSecretProvider(240)) - Unable to initialize FileSignerSecretProvider, falling back to use random secrets.
2019-09-17 14:54:15,779 [main] WARN  http.HttpRequestLog (HttpRequestLog.java:getRequestLog(97)) - Jetty request log can only be enabled using Log4j
2019-09-17 14:54:15,781 [main] INFO  http.HttpServer2 (HttpServer2.java:addGlobalFilter(975)) - Added global filter 'safety' (class=org.apache.hadoop.http.HttpServer2$QuotingInputFilter)
2019-09-17 14:54:15,782 [main] INFO  http.HttpServer2 (HttpServer2.java:addFilter(948)) - Added filter static_user_filter (class=org.apache.hadoop.http.lib.StaticUserWebFilter$StaticUserFilter) to context hddsDatanode
2019-09-17 14:54:15,782 [main] INFO  http.HttpServer2 (HttpServer2.java:addFilter(958)) - Added filter static_user_filter (class=org.apache.hadoop.http.lib.StaticUserWebFilter$StaticUserFilter) to context static
2019-09-17 14:54:15,783 [main] INFO  http.HttpServer2 (HttpServer2.java:addFilter(958)) - Added filter static_user_filter (class=org.apache.hadoop.http.lib.StaticUserWebFilter$StaticUserFilter) to context logs
2019-09-17 14:54:15,784 [main] INFO  http.HttpServer2 (HttpServer2.java:bindListener(1191)) - Jetty bound to port 39048
2019-09-17 14:54:15,784 [main] INFO  server.Server (Server.java:doStart(351)) - jetty-9.3.24.v20180605, build timestamp: 2018-06-05T17:11:56Z, git hash: 84205aa28f11a4f31f2a3b86d1bba2cc8ab69827
2019-09-17 14:54:15,787 [main] INFO  handler.ContextHandler (ContextHandler.java:doStart(781)) - Started o.e.j.s.ServletContextHandler@6a1d3225{/logs,file:///workdir/hadoop-ozone/integration-test/target/log,AVAILABLE}
2019-09-17 14:54:15,788 [main] INFO  handler.ContextHandler (ContextHandler.java:doStart(781)) - Started o.e.j.s.ServletContextHandler@50fb33a{/static,jar:file:/home/user/.m2/repository/org/apache/hadoop/hadoop-hdds-container-service/0.5.0-SNAPSHOT/hadoop-hdds-container-service-0.5.0-SNAPSHOT.jar!/webapps/static,AVAILABLE}
2019-09-17 14:54:15,829 [main] INFO  handler.ContextHandler (ContextHandler.java:doStart(781)) - Started o.e.j.w.WebAppContext@10b1a751{/,file:///tmp/jetty-0.0.0.0-39048-hddsDatanode-_-any-5445867386161980546.dir/webapp/,AVAILABLE}{/hddsDatanode}
2019-09-17 14:54:15,830 [main] INFO  server.AbstractConnector (AbstractConnector.java:doStart(278)) - Started ServerConnector@53cf9c99{HTTP/1.1,[http/1.1]}{0.0.0.0:39048}
2019-09-17 14:54:15,831 [main] INFO  server.Server (Server.java:doStart(419)) - Started @5655ms
2019-09-17 14:54:15,834 [main] WARN  impl.MetricsSystemImpl (MetricsSystemImpl.java:register(276)) - Sink prometheus already exists!
2019-09-17 14:54:15,835 [main] INFO  server.BaseHttpServer (BaseHttpServer.java:updateConnectorAddress(215)) - HTTP server of HDDSDATANODE is listening at http://0.0.0.0:39048
2019-09-17 14:54:15,835 [main] INFO  impl.MetricsSystemImpl (MetricsSystemImpl.java:init(158)) - HddsDatanode metrics system started (again)
2019-09-17 14:54:15,840 [org.apache.hadoop.util.JvmPauseMonitor$Monitor@37c8a178] INFO  util.JvmPauseMonitor (JvmPauseMonitor.java:run(188)) - Starting JVM pause monitor
2019-09-17 14:54:15,841 [main] INFO  ozone.HddsDatanodeService (HddsDatanodeService.java:start(184)) - HddsDatanodeService host:pr-hdds-2137-trunk-f8w4d-2934045284 ip:192.168.151.72
2019-09-17 14:54:15,844 [Datanode State Machine Thread - 0] INFO  datanode.InitDatanodeState (InitDatanodeState.java:persistContainerDatanodeDetails(140)) - DatanodeDetails is persisted to /workdir/hadoop-ozone/integration-test/target/test-dir/MiniOzoneClusterImpl-845ee491-3861-4700-afca-e6762de221c3/datanode-4/meta/datanode.id
2019-09-17 14:54:15,852 [main] INFO  volume.HddsVolume (HddsVolume.java:<init>(176)) - Creating Volume: /workdir/hadoop-ozone/integration-test/target/test-dir/MiniOzoneClusterImpl-845ee491-3861-4700-afca-e6762de221c3/datanode-5/data/containers/hdds of  storage type : DISK and capacity : 1482555576320
2019-09-17 14:54:15,853 [main] INFO  volume.VolumeSet (VolumeSet.java:initializeVolumeSet(170)) - Added Volume : /workdir/hadoop-ozone/integration-test/target/test-dir/MiniOzoneClusterImpl-845ee491-3861-4700-afca-e6762de221c3/datanode-5/data/containers/hdds to VolumeSet
2019-09-17 14:54:15,853 [main] INFO  volume.ThrottledAsyncChecker (ThrottledAsyncChecker.java:schedule(139)) - Scheduling a check for org.apache.hadoop.ozone.container.common.volume.HddsVolume@6f911326
2019-09-17 14:54:15,854 [main] INFO  volume.HddsVolumeChecker (HddsVolumeChecker.java:checkAllVolumes(202)) - Scheduled health check for volume org.apache.hadoop.ozone.container.common.volume.HddsVolume@6f911326
2019-09-17 14:54:15,881 [main] INFO  impl.RaftServerProxy (ConfUtils.java:logGet(43)) - raft.rpc.type = GRPC (default)
2019-09-17 14:54:15,881 [main] INFO  grpc.GrpcFactory (GrpcFactory.java:checkPooledByteBufAllocatorUseCacheForAllThreads(45)) - PERFORMANCE WARNING: useCacheForAllThreads is true that may cause Netty to create a lot garbage objects and, as a result, trigger GC.
	It is recommended to disable useCacheForAllThreads by setting -Dorg.apache.ratis.thirdparty.io.netty.allocator.useCacheForAllThreads=false in command line.
2019-09-17 14:54:15,882 [main] INFO  grpc.GrpcConfigKeys$Server (ConfUtils.java:logGet(43)) - raft.grpc.server.port = 0 (default)
2019-09-17 14:54:15,882 [main] INFO  server.GrpcService (ConfUtils.java:logGet(43)) - raft.grpc.message.size.max = 33570816 (custom)
2019-09-17 14:54:15,883 [main] INFO  server.RaftServerConfigKeys (ConfUtils.java:logGet(43)) - raft.server.log.appender.buffer.byte-limit = 33554432 (custom)
2019-09-17 14:54:15,883 [main] INFO  server.GrpcService (ConfUtils.java:logGet(43)) - raft.grpc.flow.control.window = 1MB (=1048576) (default)
2019-09-17 14:54:15,883 [main] INFO  server.RaftServerConfigKeys (ConfUtils.java:logGet(43)) - raft.server.rpc.request.timeout = 3000ms (default)
2019-09-17 14:54:15,884 [main] INFO  server.RaftServerConfigKeys (ConfUtils.java:logGet(43)) - raft.server.storage.dir = [/workdir/hadoop-ozone/integration-test/target/test-dir/MiniOzoneClusterImpl-845ee491-3861-4700-afca-e6762de221c3/datanode-5/data/ratis] (custom)
2019-09-17 14:54:15,886 [main] INFO  hdfs.DFSUtil (DFSUtil.java:httpServerTemplateForNNAndJN(1641)) - Starting Web-server for hddsDatanode at: http://0.0.0.0:0
2019-09-17 14:54:15,888 [main] INFO  server.AuthenticationFilter (AuthenticationFilter.java:constructSecretProvider(240)) - Unable to initialize FileSignerSecretProvider, falling back to use random secrets.
2019-09-17 14:54:15,889 [main] WARN  http.HttpRequestLog (HttpRequestLog.java:getRequestLog(97)) - Jetty request log can only be enabled using Log4j
2019-09-17 14:54:15,891 [main] INFO  http.HttpServer2 (HttpServer2.java:addGlobalFilter(975)) - Added global filter 'safety' (class=org.apache.hadoop.http.HttpServer2$QuotingInputFilter)
2019-09-17 14:54:15,892 [main] INFO  http.HttpServer2 (HttpServer2.java:addFilter(948)) - Added filter static_user_filter (class=org.apache.hadoop.http.lib.StaticUserWebFilter$StaticUserFilter) to context hddsDatanode
2019-09-17 14:54:15,892 [main] INFO  http.HttpServer2 (HttpServer2.java:addFilter(958)) - Added filter static_user_filter (class=org.apache.hadoop.http.lib.StaticUserWebFilter$StaticUserFilter) to context logs
2019-09-17 14:54:15,892 [main] INFO  http.HttpServer2 (HttpServer2.java:addFilter(958)) - Added filter static_user_filter (class=org.apache.hadoop.http.lib.StaticUserWebFilter$StaticUserFilter) to context static
2019-09-17 14:54:15,893 [main] INFO  http.HttpServer2 (HttpServer2.java:bindListener(1191)) - Jetty bound to port 33038
2019-09-17 14:54:15,893 [main] INFO  server.Server (Server.java:doStart(351)) - jetty-9.3.24.v20180605, build timestamp: 2018-06-05T17:11:56Z, git hash: 84205aa28f11a4f31f2a3b86d1bba2cc8ab69827
2019-09-17 14:54:15,896 [main] INFO  handler.ContextHandler (ContextHandler.java:doStart(781)) - Started o.e.j.s.ServletContextHandler@6cf0a747{/logs,file:///workdir/hadoop-ozone/integration-test/target/log,AVAILABLE}
2019-09-17 14:54:15,897 [main] INFO  handler.ContextHandler (ContextHandler.java:doStart(781)) - Started o.e.j.s.ServletContextHandler@7e53339{/static,jar:file:/home/user/.m2/repository/org/apache/hadoop/hadoop-hdds-container-service/0.5.0-SNAPSHOT/hadoop-hdds-container-service-0.5.0-SNAPSHOT.jar!/webapps/static,AVAILABLE}
2019-09-17 14:54:15,936 [main] INFO  handler.ContextHandler (ContextHandler.java:doStart(781)) - Started o.e.j.w.WebAppContext@17143b3b{/,file:///tmp/jetty-0.0.0.0-33038-hddsDatanode-_-any-7537512627382260444.dir/webapp/,AVAILABLE}{/hddsDatanode}
2019-09-17 14:54:15,938 [main] INFO  server.AbstractConnector (AbstractConnector.java:doStart(278)) - Started ServerConnector@100c8b75{HTTP/1.1,[http/1.1]}{0.0.0.0:33038}
2019-09-17 14:54:15,938 [main] INFO  server.Server (Server.java:doStart(419)) - Started @5762ms
2019-09-17 14:54:15,938 [main] WARN  impl.MetricsSystemImpl (MetricsSystemImpl.java:register(276)) - Sink prometheus already exists!
2019-09-17 14:54:15,939 [main] INFO  server.BaseHttpServer (BaseHttpServer.java:updateConnectorAddress(215)) - HTTP server of HDDSDATANODE is listening at http://0.0.0.0:33038
2019-09-17 14:54:15,940 [main] INFO  impl.MetricsSystemImpl (MetricsSystemImpl.java:init(158)) - HddsDatanode metrics system started (again)
2019-09-17 14:54:15,944 [main] INFO  ozone.HddsDatanodeService (HddsDatanodeService.java:start(184)) - HddsDatanodeService host:pr-hdds-2137-trunk-f8w4d-2934045284 ip:192.168.151.72
2019-09-17 14:54:15,944 [org.apache.hadoop.util.JvmPauseMonitor$Monitor@23708007] INFO  util.JvmPauseMonitor (JvmPauseMonitor.java:run(188)) - Starting JVM pause monitor
2019-09-17 14:54:15,948 [Datanode State Machine Thread - 0] INFO  datanode.InitDatanodeState (InitDatanodeState.java:persistContainerDatanodeDetails(140)) - DatanodeDetails is persisted to /workdir/hadoop-ozone/integration-test/target/test-dir/MiniOzoneClusterImpl-845ee491-3861-4700-afca-e6762de221c3/datanode-5/meta/datanode.id
2019-09-17 14:54:15,953 [main] INFO  volume.HddsVolume (HddsVolume.java:<init>(176)) - Creating Volume: /workdir/hadoop-ozone/integration-test/target/test-dir/MiniOzoneClusterImpl-845ee491-3861-4700-afca-e6762de221c3/datanode-6/data/containers/hdds of  storage type : DISK and capacity : 1482555576320
2019-09-17 14:54:15,953 [main] INFO  volume.VolumeSet (VolumeSet.java:initializeVolumeSet(170)) - Added Volume : /workdir/hadoop-ozone/integration-test/target/test-dir/MiniOzoneClusterImpl-845ee491-3861-4700-afca-e6762de221c3/datanode-6/data/containers/hdds to VolumeSet
2019-09-17 14:54:15,953 [main] INFO  volume.ThrottledAsyncChecker (ThrottledAsyncChecker.java:schedule(139)) - Scheduling a check for org.apache.hadoop.ozone.container.common.volume.HddsVolume@7ab34619
2019-09-17 14:54:15,954 [main] INFO  volume.HddsVolumeChecker (HddsVolumeChecker.java:checkAllVolumes(202)) - Scheduled health check for volume org.apache.hadoop.ozone.container.common.volume.HddsVolume@7ab34619
2019-09-17 14:54:15,969 [main] INFO  impl.RaftServerProxy (ConfUtils.java:logGet(43)) - raft.rpc.type = GRPC (default)
2019-09-17 14:54:15,969 [main] INFO  grpc.GrpcFactory (GrpcFactory.java:checkPooledByteBufAllocatorUseCacheForAllThreads(45)) - PERFORMANCE WARNING: useCacheForAllThreads is true that may cause Netty to create a lot garbage objects and, as a result, trigger GC.
	It is recommended to disable useCacheForAllThreads by setting -Dorg.apache.ratis.thirdparty.io.netty.allocator.useCacheForAllThreads=false in command line.
2019-09-17 14:54:15,969 [main] INFO  grpc.GrpcConfigKeys$Server (ConfUtils.java:logGet(43)) - raft.grpc.server.port = 0 (default)
2019-09-17 14:54:15,970 [main] INFO  server.GrpcService (ConfUtils.java:logGet(43)) - raft.grpc.message.size.max = 33570816 (custom)
2019-09-17 14:54:15,970 [main] INFO  server.RaftServerConfigKeys (ConfUtils.java:logGet(43)) - raft.server.log.appender.buffer.byte-limit = 33554432 (custom)
2019-09-17 14:54:15,970 [main] INFO  server.GrpcService (ConfUtils.java:logGet(43)) - raft.grpc.flow.control.window = 1MB (=1048576) (default)
2019-09-17 14:54:15,970 [main] INFO  server.RaftServerConfigKeys (ConfUtils.java:logGet(43)) - raft.server.rpc.request.timeout = 3000ms (default)
2019-09-17 14:54:15,971 [main] INFO  server.RaftServerConfigKeys (ConfUtils.java:logGet(43)) - raft.server.storage.dir = [/workdir/hadoop-ozone/integration-test/target/test-dir/MiniOzoneClusterImpl-845ee491-3861-4700-afca-e6762de221c3/datanode-6/data/ratis] (custom)
2019-09-17 14:54:15,972 [main] INFO  hdfs.DFSUtil (DFSUtil.java:httpServerTemplateForNNAndJN(1641)) - Starting Web-server for hddsDatanode at: http://0.0.0.0:0
2019-09-17 14:54:15,974 [main] INFO  server.AuthenticationFilter (AuthenticationFilter.java:constructSecretProvider(240)) - Unable to initialize FileSignerSecretProvider, falling back to use random secrets.
2019-09-17 14:54:15,974 [main] WARN  http.HttpRequestLog (HttpRequestLog.java:getRequestLog(97)) - Jetty request log can only be enabled using Log4j
2019-09-17 14:54:15,976 [main] INFO  http.HttpServer2 (HttpServer2.java:addGlobalFilter(975)) - Added global filter 'safety' (class=org.apache.hadoop.http.HttpServer2$QuotingInputFilter)
2019-09-17 14:54:15,976 [main] INFO  http.HttpServer2 (HttpServer2.java:addFilter(948)) - Added filter static_user_filter (class=org.apache.hadoop.http.lib.StaticUserWebFilter$StaticUserFilter) to context hddsDatanode
2019-09-17 14:54:15,976 [main] INFO  http.HttpServer2 (HttpServer2.java:addFilter(958)) - Added filter static_user_filter (class=org.apache.hadoop.http.lib.StaticUserWebFilter$StaticUserFilter) to context logs
2019-09-17 14:54:15,977 [main] INFO  http.HttpServer2 (HttpServer2.java:addFilter(958)) - Added filter static_user_filter (class=org.apache.hadoop.http.lib.StaticUserWebFilter$StaticUserFilter) to context static
2019-09-17 14:54:15,977 [main] INFO  http.HttpServer2 (HttpServer2.java:bindListener(1191)) - Jetty bound to port 38106
2019-09-17 14:54:15,978 [main] INFO  server.Server (Server.java:doStart(351)) - jetty-9.3.24.v20180605, build timestamp: 2018-06-05T17:11:56Z, git hash: 84205aa28f11a4f31f2a3b86d1bba2cc8ab69827
2019-09-17 14:54:15,979 [main] INFO  handler.ContextHandler (ContextHandler.java:doStart(781)) - Started o.e.j.s.ServletContextHandler@34780cd9{/logs,file:///workdir/hadoop-ozone/integration-test/target/log,AVAILABLE}
2019-09-17 14:54:15,980 [main] INFO  handler.ContextHandler (ContextHandler.java:doStart(781)) - Started o.e.j.s.ServletContextHandler@7c8c70d6{/static,jar:file:/home/user/.m2/repository/org/apache/hadoop/hadoop-hdds-container-service/0.5.0-SNAPSHOT/hadoop-hdds-container-service-0.5.0-SNAPSHOT.jar!/webapps/static,AVAILABLE}
2019-09-17 14:54:16,008 [main] INFO  handler.ContextHandler (ContextHandler.java:doStart(781)) - Started o.e.j.w.WebAppContext@625dfff3{/,file:///tmp/jetty-0.0.0.0-38106-hddsDatanode-_-any-529453129532049195.dir/webapp/,AVAILABLE}{/hddsDatanode}
2019-09-17 14:54:16,009 [main] INFO  server.AbstractConnector (AbstractConnector.java:doStart(278)) - Started ServerConnector@26350ea2{HTTP/1.1,[http/1.1]}{0.0.0.0:38106}
2019-09-17 14:54:16,010 [main] INFO  server.Server (Server.java:doStart(419)) - Started @5834ms
2019-09-17 14:54:16,010 [main] WARN  impl.MetricsSystemImpl (MetricsSystemImpl.java:register(276)) - Sink prometheus already exists!
2019-09-17 14:54:16,011 [main] INFO  server.BaseHttpServer (BaseHttpServer.java:updateConnectorAddress(215)) - HTTP server of HDDSDATANODE is listening at http://0.0.0.0:38106
2019-09-17 14:54:16,012 [main] INFO  impl.MetricsSystemImpl (MetricsSystemImpl.java:init(158)) - HddsDatanode metrics system started (again)
2019-09-17 14:54:16,016 [main] INFO  ozone.HddsDatanodeService (HddsDatanodeService.java:start(184)) - HddsDatanodeService host:pr-hdds-2137-trunk-f8w4d-2934045284 ip:192.168.151.72
2019-09-17 14:54:16,016 [org.apache.hadoop.util.JvmPauseMonitor$Monitor@496d1cc5] INFO  util.JvmPauseMonitor (JvmPauseMonitor.java:run(188)) - Starting JVM pause monitor
2019-09-17 14:54:16,019 [Datanode State Machine Thread - 0] INFO  datanode.InitDatanodeState (InitDatanodeState.java:persistContainerDatanodeDetails(140)) - DatanodeDetails is persisted to /workdir/hadoop-ozone/integration-test/target/test-dir/MiniOzoneClusterImpl-845ee491-3861-4700-afca-e6762de221c3/datanode-6/meta/datanode.id
2019-09-17 14:54:16,026 [main] INFO  volume.HddsVolume (HddsVolume.java:<init>(176)) - Creating Volume: /workdir/hadoop-ozone/integration-test/target/test-dir/MiniOzoneClusterImpl-845ee491-3861-4700-afca-e6762de221c3/datanode-7/data/containers/hdds of  storage type : DISK and capacity : 1482555576320
2019-09-17 14:54:16,026 [main] INFO  volume.VolumeSet (VolumeSet.java:initializeVolumeSet(170)) - Added Volume : /workdir/hadoop-ozone/integration-test/target/test-dir/MiniOzoneClusterImpl-845ee491-3861-4700-afca-e6762de221c3/datanode-7/data/containers/hdds to VolumeSet
2019-09-17 14:54:16,026 [main] INFO  volume.ThrottledAsyncChecker (ThrottledAsyncChecker.java:schedule(139)) - Scheduling a check for org.apache.hadoop.ozone.container.common.volume.HddsVolume@3c74aa0d
2019-09-17 14:54:16,027 [main] INFO  volume.HddsVolumeChecker (HddsVolumeChecker.java:checkAllVolumes(202)) - Scheduled health check for volume org.apache.hadoop.ozone.container.common.volume.HddsVolume@3c74aa0d
2019-09-17 14:54:16,042 [main] INFO  impl.RaftServerProxy (ConfUtils.java:logGet(43)) - raft.rpc.type = GRPC (default)
2019-09-17 14:54:16,043 [main] INFO  grpc.GrpcFactory (GrpcFactory.java:checkPooledByteBufAllocatorUseCacheForAllThreads(45)) - PERFORMANCE WARNING: useCacheForAllThreads is true that may cause Netty to create a lot garbage objects and, as a result, trigger GC.
	It is recommended to disable useCacheForAllThreads by setting -Dorg.apache.ratis.thirdparty.io.netty.allocator.useCacheForAllThreads=false in command line.
2019-09-17 14:54:16,043 [main] INFO  grpc.GrpcConfigKeys$Server (ConfUtils.java:logGet(43)) - raft.grpc.server.port = 0 (default)
2019-09-17 14:54:16,043 [main] INFO  server.GrpcService (ConfUtils.java:logGet(43)) - raft.grpc.message.size.max = 33570816 (custom)
2019-09-17 14:54:16,043 [main] INFO  server.RaftServerConfigKeys (ConfUtils.java:logGet(43)) - raft.server.log.appender.buffer.byte-limit = 33554432 (custom)
2019-09-17 14:54:16,043 [main] INFO  server.GrpcService (ConfUtils.java:logGet(43)) - raft.grpc.flow.control.window = 1MB (=1048576) (default)
2019-09-17 14:54:16,044 [main] INFO  server.RaftServerConfigKeys (ConfUtils.java:logGet(43)) - raft.server.rpc.request.timeout = 3000ms (default)
2019-09-17 14:54:16,044 [main] INFO  server.RaftServerConfigKeys (ConfUtils.java:logGet(43)) - raft.server.storage.dir = [/workdir/hadoop-ozone/integration-test/target/test-dir/MiniOzoneClusterImpl-845ee491-3861-4700-afca-e6762de221c3/datanode-7/data/ratis] (custom)
2019-09-17 14:54:16,046 [main] INFO  hdfs.DFSUtil (DFSUtil.java:httpServerTemplateForNNAndJN(1641)) - Starting Web-server for hddsDatanode at: http://0.0.0.0:0
2019-09-17 14:54:16,047 [main] INFO  server.AuthenticationFilter (AuthenticationFilter.java:constructSecretProvider(240)) - Unable to initialize FileSignerSecretProvider, falling back to use random secrets.
2019-09-17 14:54:16,047 [main] WARN  http.HttpRequestLog (HttpRequestLog.java:getRequestLog(97)) - Jetty request log can only be enabled using Log4j
2019-09-17 14:54:16,049 [main] INFO  http.HttpServer2 (HttpServer2.java:addGlobalFilter(975)) - Added global filter 'safety' (class=org.apache.hadoop.http.HttpServer2$QuotingInputFilter)
2019-09-17 14:54:16,050 [main] INFO  http.HttpServer2 (HttpServer2.java:addFilter(948)) - Added filter static_user_filter (class=org.apache.hadoop.http.lib.StaticUserWebFilter$StaticUserFilter) to context hddsDatanode
2019-09-17 14:54:16,050 [main] INFO  http.HttpServer2 (HttpServer2.java:addFilter(958)) - Added filter static_user_filter (class=org.apache.hadoop.http.lib.StaticUserWebFilter$StaticUserFilter) to context logs
2019-09-17 14:54:16,050 [main] INFO  http.HttpServer2 (HttpServer2.java:addFilter(958)) - Added filter static_user_filter (class=org.apache.hadoop.http.lib.StaticUserWebFilter$StaticUserFilter) to context static
2019-09-17 14:54:16,051 [main] INFO  http.HttpServer2 (HttpServer2.java:bindListener(1191)) - Jetty bound to port 46424
2019-09-17 14:54:16,051 [main] INFO  server.Server (Server.java:doStart(351)) - jetty-9.3.24.v20180605, build timestamp: 2018-06-05T17:11:56Z, git hash: 84205aa28f11a4f31f2a3b86d1bba2cc8ab69827
2019-09-17 14:54:16,053 [main] INFO  handler.ContextHandler (ContextHandler.java:doStart(781)) - Started o.e.j.s.ServletContextHandler@2eeb0f9b{/logs,file:///workdir/hadoop-ozone/integration-test/target/log,AVAILABLE}
2019-09-17 14:54:16,053 [main] INFO  handler.ContextHandler (ContextHandler.java:doStart(781)) - Started o.e.j.s.ServletContextHandler@1645f294{/static,jar:file:/home/user/.m2/repository/org/apache/hadoop/hadoop-hdds-container-service/0.5.0-SNAPSHOT/hadoop-hdds-container-service-0.5.0-SNAPSHOT.jar!/webapps/static,AVAILABLE}
2019-09-17 14:54:16,082 [main] INFO  handler.ContextHandler (ContextHandler.java:doStart(781)) - Started o.e.j.w.WebAppContext@3650d4fc{/,file:///tmp/jetty-0.0.0.0-46424-hddsDatanode-_-any-6601352282151873996.dir/webapp/,AVAILABLE}{/hddsDatanode}
2019-09-17 14:54:16,083 [main] INFO  server.AbstractConnector (AbstractConnector.java:doStart(278)) - Started ServerConnector@aaa0f76{HTTP/1.1,[http/1.1]}{0.0.0.0:46424}
2019-09-17 14:54:16,084 [main] INFO  server.Server (Server.java:doStart(419)) - Started @5908ms
2019-09-17 14:54:16,084 [main] WARN  impl.MetricsSystemImpl (MetricsSystemImpl.java:register(276)) - Sink prometheus already exists!
2019-09-17 14:54:16,085 [main] INFO  server.BaseHttpServer (BaseHttpServer.java:updateConnectorAddress(215)) - HTTP server of HDDSDATANODE is listening at http://0.0.0.0:46424
2019-09-17 14:54:16,085 [main] INFO  impl.MetricsSystemImpl (MetricsSystemImpl.java:init(158)) - HddsDatanode metrics system started (again)
2019-09-17 14:54:16,090 [org.apache.hadoop.util.JvmPauseMonitor$Monitor@143bf2cc] INFO  util.JvmPauseMonitor (JvmPauseMonitor.java:run(188)) - Starting JVM pause monitor
2019-09-17 14:54:16,090 [main] INFO  ozone.HddsDatanodeService (HddsDatanodeService.java:start(184)) - HddsDatanodeService host:pr-hdds-2137-trunk-f8w4d-2934045284 ip:192.168.151.72
2019-09-17 14:54:16,093 [Datanode State Machine Thread - 0] INFO  datanode.InitDatanodeState (InitDatanodeState.java:persistContainerDatanodeDetails(140)) - DatanodeDetails is persisted to /workdir/hadoop-ozone/integration-test/target/test-dir/MiniOzoneClusterImpl-845ee491-3861-4700-afca-e6762de221c3/datanode-7/meta/datanode.id
2019-09-17 14:54:16,103 [main] INFO  volume.HddsVolume (HddsVolume.java:<init>(176)) - Creating Volume: /workdir/hadoop-ozone/integration-test/target/test-dir/MiniOzoneClusterImpl-845ee491-3861-4700-afca-e6762de221c3/datanode-8/data/containers/hdds of  storage type : DISK and capacity : 1482555576320
2019-09-17 14:54:16,103 [main] INFO  volume.VolumeSet (VolumeSet.java:initializeVolumeSet(170)) - Added Volume : /workdir/hadoop-ozone/integration-test/target/test-dir/MiniOzoneClusterImpl-845ee491-3861-4700-afca-e6762de221c3/datanode-8/data/containers/hdds to VolumeSet
2019-09-17 14:54:16,104 [main] INFO  volume.ThrottledAsyncChecker (ThrottledAsyncChecker.java:schedule(139)) - Scheduling a check for org.apache.hadoop.ozone.container.common.volume.HddsVolume@23f86d8a
2019-09-17 14:54:16,104 [main] INFO  volume.HddsVolumeChecker (HddsVolumeChecker.java:checkAllVolumes(202)) - Scheduled health check for volume org.apache.hadoop.ozone.container.common.volume.HddsVolume@23f86d8a
2019-09-17 14:54:16,130 [main] INFO  impl.RaftServerProxy (ConfUtils.java:logGet(43)) - raft.rpc.type = GRPC (default)
2019-09-17 14:54:16,130 [main] INFO  grpc.GrpcFactory (GrpcFactory.java:checkPooledByteBufAllocatorUseCacheForAllThreads(45)) - PERFORMANCE WARNING: useCacheForAllThreads is true that may cause Netty to create a lot garbage objects and, as a result, trigger GC.
	It is recommended to disable useCacheForAllThreads by setting -Dorg.apache.ratis.thirdparty.io.netty.allocator.useCacheForAllThreads=false in command line.
2019-09-17 14:54:16,130 [main] INFO  grpc.GrpcConfigKeys$Server (ConfUtils.java:logGet(43)) - raft.grpc.server.port = 0 (default)
2019-09-17 14:54:16,131 [main] INFO  server.GrpcService (ConfUtils.java:logGet(43)) - raft.grpc.message.size.max = 33570816 (custom)
2019-09-17 14:54:16,131 [main] INFO  server.RaftServerConfigKeys (ConfUtils.java:logGet(43)) - raft.server.log.appender.buffer.byte-limit = 33554432 (custom)
2019-09-17 14:54:16,131 [main] INFO  server.GrpcService (ConfUtils.java:logGet(43)) - raft.grpc.flow.control.window = 1MB (=1048576) (default)
2019-09-17 14:54:16,132 [main] INFO  server.RaftServerConfigKeys (ConfUtils.java:logGet(43)) - raft.server.rpc.request.timeout = 3000ms (default)
2019-09-17 14:54:16,133 [main] INFO  server.RaftServerConfigKeys (ConfUtils.java:logGet(43)) - raft.server.storage.dir = [/workdir/hadoop-ozone/integration-test/target/test-dir/MiniOzoneClusterImpl-845ee491-3861-4700-afca-e6762de221c3/datanode-8/data/ratis] (custom)
2019-09-17 14:54:16,135 [main] INFO  hdfs.DFSUtil (DFSUtil.java:httpServerTemplateForNNAndJN(1641)) - Starting Web-server for hddsDatanode at: http://0.0.0.0:0
2019-09-17 14:54:16,137 [main] INFO  server.AuthenticationFilter (AuthenticationFilter.java:constructSecretProvider(240)) - Unable to initialize FileSignerSecretProvider, falling back to use random secrets.
2019-09-17 14:54:16,138 [main] WARN  http.HttpRequestLog (HttpRequestLog.java:getRequestLog(97)) - Jetty request log can only be enabled using Log4j
2019-09-17 14:54:16,141 [main] INFO  http.HttpServer2 (HttpServer2.java:addGlobalFilter(975)) - Added global filter 'safety' (class=org.apache.hadoop.http.HttpServer2$QuotingInputFilter)
2019-09-17 14:54:16,142 [main] INFO  http.HttpServer2 (HttpServer2.java:addFilter(948)) - Added filter static_user_filter (class=org.apache.hadoop.http.lib.StaticUserWebFilter$StaticUserFilter) to context hddsDatanode
2019-09-17 14:54:16,142 [main] INFO  http.HttpServer2 (HttpServer2.java:addFilter(958)) - Added filter static_user_filter (class=org.apache.hadoop.http.lib.StaticUserWebFilter$StaticUserFilter) to context logs
2019-09-17 14:54:16,142 [main] INFO  http.HttpServer2 (HttpServer2.java:addFilter(958)) - Added filter static_user_filter (class=org.apache.hadoop.http.lib.StaticUserWebFilter$StaticUserFilter) to context static
2019-09-17 14:54:16,144 [main] INFO  http.HttpServer2 (HttpServer2.java:bindListener(1191)) - Jetty bound to port 42788
2019-09-17 14:54:16,144 [main] INFO  server.Server (Server.java:doStart(351)) - jetty-9.3.24.v20180605, build timestamp: 2018-06-05T17:11:56Z, git hash: 84205aa28f11a4f31f2a3b86d1bba2cc8ab69827
2019-09-17 14:54:16,146 [main] INFO  handler.ContextHandler (ContextHandler.java:doStart(781)) - Started o.e.j.s.ServletContextHandler@4b74b35{/logs,file:///workdir/hadoop-ozone/integration-test/target/log,AVAILABLE}
2019-09-17 14:54:16,147 [main] INFO  handler.ContextHandler (ContextHandler.java:doStart(781)) - Started o.e.j.s.ServletContextHandler@6d11ceef{/static,jar:file:/home/user/.m2/repository/org/apache/hadoop/hadoop-hdds-container-service/0.5.0-SNAPSHOT/hadoop-hdds-container-service-0.5.0-SNAPSHOT.jar!/webapps/static,AVAILABLE}
2019-09-17 14:54:16,188 [main] INFO  handler.ContextHandler (ContextHandler.java:doStart(781)) - Started o.e.j.w.WebAppContext@512575e9{/,file:///tmp/jetty-0.0.0.0-42788-hddsDatanode-_-any-4630996461552553984.dir/webapp/,AVAILABLE}{/hddsDatanode}
2019-09-17 14:54:16,190 [main] INFO  server.AbstractConnector (AbstractConnector.java:doStart(278)) - Started ServerConnector@6f1a16fe{HTTP/1.1,[http/1.1]}{0.0.0.0:42788}
2019-09-17 14:54:16,190 [main] INFO  server.Server (Server.java:doStart(419)) - Started @6014ms
2019-09-17 14:54:16,191 [main] WARN  impl.MetricsSystemImpl (MetricsSystemImpl.java:register(276)) - Sink prometheus already exists!
2019-09-17 14:54:16,191 [main] INFO  server.BaseHttpServer (BaseHttpServer.java:updateConnectorAddress(215)) - HTTP server of HDDSDATANODE is listening at http://0.0.0.0:42788
2019-09-17 14:54:16,192 [main] INFO  impl.MetricsSystemImpl (MetricsSystemImpl.java:init(158)) - HddsDatanode metrics system started (again)
2019-09-17 14:54:16,197 [org.apache.hadoop.util.JvmPauseMonitor$Monitor@4ab328fe] INFO  util.JvmPauseMonitor (JvmPauseMonitor.java:run(188)) - Starting JVM pause monitor
2019-09-17 14:54:16,198 [main] INFO  ozone.HddsDatanodeService (HddsDatanodeService.java:start(184)) - HddsDatanodeService host:pr-hdds-2137-trunk-f8w4d-2934045284 ip:192.168.151.72
2019-09-17 14:54:16,201 [Datanode State Machine Thread - 0] INFO  datanode.InitDatanodeState (InitDatanodeState.java:persistContainerDatanodeDetails(140)) - DatanodeDetails is persisted to /workdir/hadoop-ozone/integration-test/target/test-dir/MiniOzoneClusterImpl-845ee491-3861-4700-afca-e6762de221c3/datanode-8/meta/datanode.id
2019-09-17 14:54:16,210 [main] INFO  volume.HddsVolume (HddsVolume.java:<init>(176)) - Creating Volume: /workdir/hadoop-ozone/integration-test/target/test-dir/MiniOzoneClusterImpl-845ee491-3861-4700-afca-e6762de221c3/datanode-9/data/containers/hdds of  storage type : DISK and capacity : 1482555576320
2019-09-17 14:54:16,211 [main] INFO  volume.VolumeSet (VolumeSet.java:initializeVolumeSet(170)) - Added Volume : /workdir/hadoop-ozone/integration-test/target/test-dir/MiniOzoneClusterImpl-845ee491-3861-4700-afca-e6762de221c3/datanode-9/data/containers/hdds to VolumeSet
2019-09-17 14:54:16,211 [main] INFO  volume.ThrottledAsyncChecker (ThrottledAsyncChecker.java:schedule(139)) - Scheduling a check for org.apache.hadoop.ozone.container.common.volume.HddsVolume@67064bdc
2019-09-17 14:54:16,212 [main] INFO  volume.HddsVolumeChecker (HddsVolumeChecker.java:checkAllVolumes(202)) - Scheduled health check for volume org.apache.hadoop.ozone.container.common.volume.HddsVolume@67064bdc
2019-09-17 14:54:16,229 [main] INFO  impl.RaftServerProxy (ConfUtils.java:logGet(43)) - raft.rpc.type = GRPC (default)
2019-09-17 14:54:16,230 [main] INFO  grpc.GrpcFactory (GrpcFactory.java:checkPooledByteBufAllocatorUseCacheForAllThreads(45)) - PERFORMANCE WARNING: useCacheForAllThreads is true that may cause Netty to create a lot garbage objects and, as a result, trigger GC.
	It is recommended to disable useCacheForAllThreads by setting -Dorg.apache.ratis.thirdparty.io.netty.allocator.useCacheForAllThreads=false in command line.
2019-09-17 14:54:16,230 [main] INFO  grpc.GrpcConfigKeys$Server (ConfUtils.java:logGet(43)) - raft.grpc.server.port = 0 (default)
2019-09-17 14:54:16,230 [main] INFO  server.GrpcService (ConfUtils.java:logGet(43)) - raft.grpc.message.size.max = 33570816 (custom)
2019-09-17 14:54:16,230 [main] INFO  server.RaftServerConfigKeys (ConfUtils.java:logGet(43)) - raft.server.log.appender.buffer.byte-limit = 33554432 (custom)
2019-09-17 14:54:16,231 [main] INFO  server.GrpcService (ConfUtils.java:logGet(43)) - raft.grpc.flow.control.window = 1MB (=1048576) (default)
2019-09-17 14:54:16,231 [main] INFO  server.RaftServerConfigKeys (ConfUtils.java:logGet(43)) - raft.server.rpc.request.timeout = 3000ms (default)
2019-09-17 14:54:16,232 [main] INFO  server.RaftServerConfigKeys (ConfUtils.java:logGet(43)) - raft.server.storage.dir = [/workdir/hadoop-ozone/integration-test/target/test-dir/MiniOzoneClusterImpl-845ee491-3861-4700-afca-e6762de221c3/datanode-9/data/ratis] (custom)
2019-09-17 14:54:16,233 [main] INFO  hdfs.DFSUtil (DFSUtil.java:httpServerTemplateForNNAndJN(1641)) - Starting Web-server for hddsDatanode at: http://0.0.0.0:0
2019-09-17 14:54:16,234 [main] INFO  server.AuthenticationFilter (AuthenticationFilter.java:constructSecretProvider(240)) - Unable to initialize FileSignerSecretProvider, falling back to use random secrets.
2019-09-17 14:54:16,235 [main] WARN  http.HttpRequestLog (HttpRequestLog.java:getRequestLog(97)) - Jetty request log can only be enabled using Log4j
2019-09-17 14:54:16,237 [main] INFO  http.HttpServer2 (HttpServer2.java:addGlobalFilter(975)) - Added global filter 'safety' (class=org.apache.hadoop.http.HttpServer2$QuotingInputFilter)
2019-09-17 14:54:16,238 [main] INFO  http.HttpServer2 (HttpServer2.java:addFilter(948)) - Added filter static_user_filter (class=org.apache.hadoop.http.lib.StaticUserWebFilter$StaticUserFilter) to context hddsDatanode
2019-09-17 14:54:16,238 [main] INFO  http.HttpServer2 (HttpServer2.java:addFilter(958)) - Added filter static_user_filter (class=org.apache.hadoop.http.lib.StaticUserWebFilter$StaticUserFilter) to context logs
2019-09-17 14:54:16,238 [main] INFO  http.HttpServer2 (HttpServer2.java:addFilter(958)) - Added filter static_user_filter (class=org.apache.hadoop.http.lib.StaticUserWebFilter$StaticUserFilter) to context static
2019-09-17 14:54:16,239 [main] INFO  http.HttpServer2 (HttpServer2.java:bindListener(1191)) - Jetty bound to port 39229
2019-09-17 14:54:16,239 [main] INFO  server.Server (Server.java:doStart(351)) - jetty-9.3.24.v20180605, build timestamp: 2018-06-05T17:11:56Z, git hash: 84205aa28f11a4f31f2a3b86d1bba2cc8ab69827
2019-09-17 14:54:16,241 [main] INFO  handler.ContextHandler (ContextHandler.java:doStart(781)) - Started o.e.j.s.ServletContextHandler@1b7a52dd{/logs,file:///workdir/hadoop-ozone/integration-test/target/log,AVAILABLE}
2019-09-17 14:54:16,241 [main] INFO  handler.ContextHandler (ContextHandler.java:doStart(781)) - Started o.e.j.s.ServletContextHandler@5ad5be4a{/static,jar:file:/home/user/.m2/repository/org/apache/hadoop/hadoop-hdds-container-service/0.5.0-SNAPSHOT/hadoop-hdds-container-service-0.5.0-SNAPSHOT.jar!/webapps/static,AVAILABLE}
2019-09-17 14:54:16,272 [main] INFO  handler.ContextHandler (ContextHandler.java:doStart(781)) - Started o.e.j.w.WebAppContext@2c8c16c0{/,file:///tmp/jetty-0.0.0.0-39229-hddsDatanode-_-any-1443664362257579130.dir/webapp/,AVAILABLE}{/hddsDatanode}
2019-09-17 14:54:16,272 [main] INFO  server.AbstractConnector (AbstractConnector.java:doStart(278)) - Started ServerConnector@80bfa9d{HTTP/1.1,[http/1.1]}{0.0.0.0:39229}
2019-09-17 14:54:16,273 [main] INFO  server.Server (Server.java:doStart(419)) - Started @6098ms
2019-09-17 14:54:16,274 [main] WARN  impl.MetricsSystemImpl (MetricsSystemImpl.java:register(276)) - Sink prometheus already exists!
2019-09-17 14:54:16,274 [main] INFO  server.BaseHttpServer (BaseHttpServer.java:updateConnectorAddress(215)) - HTTP server of HDDSDATANODE is listening at http://0.0.0.0:39229
2019-09-17 14:54:16,279 [main] INFO  ozone.MiniOzoneClusterImpl (MiniOzoneClusterImpl.java:lambda$waitForClusterToBeReady$0(145)) - Waiting for cluster to be ready. Got 0 of 10 DN Heartbeats.
2019-09-17 14:54:16,280 [org.apache.hadoop.util.JvmPauseMonitor$Monitor@208400de] INFO  util.JvmPauseMonitor (JvmPauseMonitor.java:run(188)) - Starting JVM pause monitor
2019-09-17 14:54:16,285 [Datanode State Machine Thread - 0] INFO  datanode.InitDatanodeState (InitDatanodeState.java:persistContainerDatanodeDetails(140)) - DatanodeDetails is persisted to /workdir/hadoop-ozone/integration-test/target/test-dir/MiniOzoneClusterImpl-845ee491-3861-4700-afca-e6762de221c3/datanode-9/meta/datanode.id
2019-09-17 14:54:17,280 [main] INFO  ozone.MiniOzoneClusterImpl (MiniOzoneClusterImpl.java:lambda$waitForClusterToBeReady$0(145)) - Waiting for cluster to be ready. Got 0 of 10 DN Heartbeats.
2019-09-17 14:54:17,542 [Datanode State Machine Thread - 0] INFO  ozoneimpl.OzoneContainer (OzoneContainer.java:start(217)) - Attempting to start container services.
2019-09-17 14:54:17,543 [Datanode State Machine Thread - 0] INFO  ozoneimpl.OzoneContainer (OzoneContainer.java:startContainerScrub(179)) - Background container scanner has been disabled.
2019-09-17 14:54:17,544 [Datanode State Machine Thread - 0] INFO  ratis.XceiverServerRatis (XceiverServerRatis.java:start(411)) - Starting XceiverServerRatis 87bd24bf-ffb9-4c07-ac8f-086f94142b7e at port 0
2019-09-17 14:54:17,570 [Datanode State Machine Thread - 0] INFO  impl.RaftServerProxy (RaftServerProxy.java:lambda$start$3(299)) - 87bd24bf-ffb9-4c07-ac8f-086f94142b7e: start RPC server
2019-09-17 14:54:17,573 [Datanode State Machine Thread - 0] INFO  ozoneimpl.OzoneContainer (OzoneContainer.java:start(217)) - Attempting to start container services.
2019-09-17 14:54:17,582 [Datanode State Machine Thread - 0] INFO  ozoneimpl.OzoneContainer (OzoneContainer.java:startContainerScrub(179)) - Background container scanner has been disabled.
2019-09-17 14:54:17,582 [Datanode State Machine Thread - 0] INFO  ratis.XceiverServerRatis (XceiverServerRatis.java:start(411)) - Starting XceiverServerRatis 55160a25-c10a-4fac-977f-ea88e555cd0f at port 0
2019-09-17 14:54:17,594 [Datanode State Machine Thread - 0] INFO  impl.RaftServerProxy (RaftServerProxy.java:lambda$start$3(299)) - 55160a25-c10a-4fac-977f-ea88e555cd0f: start RPC server
2019-09-17 14:54:17,640 [Datanode State Machine Thread - 0] INFO  ozoneimpl.OzoneContainer (OzoneContainer.java:start(217)) - Attempting to start container services.
2019-09-17 14:54:17,640 [Datanode State Machine Thread - 0] INFO  ozoneimpl.OzoneContainer (OzoneContainer.java:startContainerScrub(179)) - Background container scanner has been disabled.
2019-09-17 14:54:17,640 [Datanode State Machine Thread - 0] INFO  ratis.XceiverServerRatis (XceiverServerRatis.java:start(411)) - Starting XceiverServerRatis 0d659ca8-8d3f-4ad5-ad2a-cdb4ab88523b at port 0
2019-09-17 14:54:17,650 [Datanode State Machine Thread - 0] INFO  impl.RaftServerProxy (RaftServerProxy.java:lambda$start$3(299)) - 0d659ca8-8d3f-4ad5-ad2a-cdb4ab88523b: start RPC server
2019-09-17 14:54:17,764 [Datanode State Machine Thread - 0] INFO  server.GrpcService (GrpcService.java:startImpl(158)) - 0d659ca8-8d3f-4ad5-ad2a-cdb4ab88523b: GrpcService started, listening on 0.0.0.0/0.0.0.0:38283
2019-09-17 14:54:17,768 [Datanode State Machine Thread - 0] INFO  ozoneimpl.OzoneContainer (OzoneContainer.java:start(217)) - Attempting to start container services.
2019-09-17 14:54:17,764 [Datanode State Machine Thread - 0] INFO  server.GrpcService (GrpcService.java:startImpl(158)) - 87bd24bf-ffb9-4c07-ac8f-086f94142b7e: GrpcService started, listening on 0.0.0.0/0.0.0.0:43501
2019-09-17 14:54:17,764 [Datanode State Machine Thread - 0] INFO  server.GrpcService (GrpcService.java:startImpl(158)) - 55160a25-c10a-4fac-977f-ea88e555cd0f: GrpcService started, listening on 0.0.0.0/0.0.0.0:33878
2019-09-17 14:54:17,769 [Datanode State Machine Thread - 0] INFO  ozoneimpl.OzoneContainer (OzoneContainer.java:startContainerScrub(179)) - Background container scanner has been disabled.
2019-09-17 14:54:17,769 [Datanode State Machine Thread - 0] INFO  ratis.XceiverServerRatis (XceiverServerRatis.java:start(421)) - XceiverServerRatis 87bd24bf-ffb9-4c07-ac8f-086f94142b7e is started using port 43501
2019-09-17 14:54:17,768 [Datanode State Machine Thread - 0] INFO  ratis.XceiverServerRatis (XceiverServerRatis.java:start(421)) - XceiverServerRatis 0d659ca8-8d3f-4ad5-ad2a-cdb4ab88523b is started using port 38283
2019-09-17 14:54:17,769 [Datanode State Machine Thread - 0] INFO  ratis.XceiverServerRatis (XceiverServerRatis.java:start(411)) - Starting XceiverServerRatis 24ee45b5-4e6b-4499-8d3c-0bcd5a303b6d at port 0
2019-09-17 14:54:17,769 [Datanode State Machine Thread - 0] INFO  ratis.XceiverServerRatis (XceiverServerRatis.java:start(421)) - XceiverServerRatis 55160a25-c10a-4fac-977f-ea88e555cd0f is started using port 33878
2019-09-17 14:54:17,778 [Datanode State Machine Thread - 0] INFO  server.XceiverServerGrpc (XceiverServerGrpc.java:start(163)) - XceiverServerGrpc 55160a25-c10a-4fac-977f-ea88e555cd0f is started using port 45470
2019-09-17 14:54:17,778 [Datanode State Machine Thread - 0] INFO  server.XceiverServerGrpc (XceiverServerGrpc.java:start(163)) - XceiverServerGrpc 0d659ca8-8d3f-4ad5-ad2a-cdb4ab88523b is started using port 40092
2019-09-17 14:54:17,778 [Datanode State Machine Thread - 0] INFO  server.XceiverServerGrpc (XceiverServerGrpc.java:start(163)) - XceiverServerGrpc 87bd24bf-ffb9-4c07-ac8f-086f94142b7e is started using port 44124
2019-09-17 14:54:17,789 [Datanode State Machine Thread - 0] INFO  impl.RaftServerProxy (RaftServerProxy.java:lambda$start$3(299)) - 24ee45b5-4e6b-4499-8d3c-0bcd5a303b6d: start RPC server
2019-09-17 14:54:17,795 [Datanode State Machine Thread - 0] INFO  server.GrpcService (GrpcService.java:startImpl(158)) - 24ee45b5-4e6b-4499-8d3c-0bcd5a303b6d: GrpcService started, listening on 0.0.0.0/0.0.0.0:44891
2019-09-17 14:54:17,795 [Datanode State Machine Thread - 0] INFO  ratis.XceiverServerRatis (XceiverServerRatis.java:start(421)) - XceiverServerRatis 24ee45b5-4e6b-4499-8d3c-0bcd5a303b6d is started using port 44891
2019-09-17 14:54:17,798 [Datanode State Machine Thread - 0] INFO  server.XceiverServerGrpc (XceiverServerGrpc.java:start(163)) - XceiverServerGrpc 24ee45b5-4e6b-4499-8d3c-0bcd5a303b6d is started using port 34311
2019-09-17 14:54:17,866 [Datanode State Machine Thread - 0] INFO  ozoneimpl.OzoneContainer (OzoneContainer.java:start(217)) - Attempting to start container services.
2019-09-17 14:54:17,867 [Datanode State Machine Thread - 0] INFO  ozoneimpl.OzoneContainer (OzoneContainer.java:startContainerScrub(179)) - Background container scanner has been disabled.
2019-09-17 14:54:17,867 [Datanode State Machine Thread - 0] INFO  ratis.XceiverServerRatis (XceiverServerRatis.java:start(411)) - Starting XceiverServerRatis 296d1e6a-4d03-4625-a926-8603881e9a06 at port 0
2019-09-17 14:54:17,877 [Datanode State Machine Thread - 0] INFO  impl.RaftServerProxy (RaftServerProxy.java:lambda$start$3(299)) - 296d1e6a-4d03-4625-a926-8603881e9a06: start RPC server
2019-09-17 14:54:17,882 [Datanode State Machine Thread - 0] INFO  server.GrpcService (GrpcService.java:startImpl(158)) - 296d1e6a-4d03-4625-a926-8603881e9a06: GrpcService started, listening on 0.0.0.0/0.0.0.0:33407
2019-09-17 14:54:17,882 [Datanode State Machine Thread - 0] INFO  ratis.XceiverServerRatis (XceiverServerRatis.java:start(421)) - XceiverServerRatis 296d1e6a-4d03-4625-a926-8603881e9a06 is started using port 33407
2019-09-17 14:54:17,886 [Datanode State Machine Thread - 0] INFO  server.XceiverServerGrpc (XceiverServerGrpc.java:start(163)) - XceiverServerGrpc 296d1e6a-4d03-4625-a926-8603881e9a06 is started using port 36882
2019-09-17 14:54:17,961 [Datanode State Machine Thread - 0] INFO  ozoneimpl.OzoneContainer (OzoneContainer.java:start(217)) - Attempting to start container services.
2019-09-17 14:54:17,961 [Datanode State Machine Thread - 0] INFO  ozoneimpl.OzoneContainer (OzoneContainer.java:startContainerScrub(179)) - Background container scanner has been disabled.
2019-09-17 14:54:17,962 [Datanode State Machine Thread - 0] INFO  ratis.XceiverServerRatis (XceiverServerRatis.java:start(411)) - Starting XceiverServerRatis 9b5674b6-1da3-4a18-a3b1-2bf65c31b2e5 at port 0
2019-09-17 14:54:17,974 [Datanode State Machine Thread - 0] INFO  impl.RaftServerProxy (RaftServerProxy.java:lambda$start$3(299)) - 9b5674b6-1da3-4a18-a3b1-2bf65c31b2e5: start RPC server
2019-09-17 14:54:17,979 [Datanode State Machine Thread - 0] INFO  server.GrpcService (GrpcService.java:startImpl(158)) - 9b5674b6-1da3-4a18-a3b1-2bf65c31b2e5: GrpcService started, listening on 0.0.0.0/0.0.0.0:42570
2019-09-17 14:54:17,979 [Datanode State Machine Thread - 0] INFO  ratis.XceiverServerRatis (XceiverServerRatis.java:start(421)) - XceiverServerRatis 9b5674b6-1da3-4a18-a3b1-2bf65c31b2e5 is started using port 42570
2019-09-17 14:54:17,984 [Datanode State Machine Thread - 0] INFO  server.XceiverServerGrpc (XceiverServerGrpc.java:start(163)) - XceiverServerGrpc 9b5674b6-1da3-4a18-a3b1-2bf65c31b2e5 is started using port 44851
2019-09-17 14:54:18,033 [Datanode State Machine Thread - 0] INFO  ozoneimpl.OzoneContainer (OzoneContainer.java:start(217)) - Attempting to start container services.
2019-09-17 14:54:18,034 [Datanode State Machine Thread - 0] INFO  ozoneimpl.OzoneContainer (OzoneContainer.java:startContainerScrub(179)) - Background container scanner has been disabled.
2019-09-17 14:54:18,034 [Datanode State Machine Thread - 0] INFO  ratis.XceiverServerRatis (XceiverServerRatis.java:start(411)) - Starting XceiverServerRatis 4fc98c0c-5a86-4e60-8142-4a73cef3337e at port 0
2019-09-17 14:54:18,045 [Datanode State Machine Thread - 0] INFO  impl.RaftServerProxy (RaftServerProxy.java:lambda$start$3(299)) - 4fc98c0c-5a86-4e60-8142-4a73cef3337e: start RPC server
2019-09-17 14:54:18,050 [Datanode State Machine Thread - 0] INFO  server.GrpcService (GrpcService.java:startImpl(158)) - 4fc98c0c-5a86-4e60-8142-4a73cef3337e: GrpcService started, listening on 0.0.0.0/0.0.0.0:35979
2019-09-17 14:54:18,051 [Datanode State Machine Thread - 0] INFO  ratis.XceiverServerRatis (XceiverServerRatis.java:start(421)) - XceiverServerRatis 4fc98c0c-5a86-4e60-8142-4a73cef3337e is started using port 35979
2019-09-17 14:54:18,055 [Datanode State Machine Thread - 0] INFO  server.XceiverServerGrpc (XceiverServerGrpc.java:start(163)) - XceiverServerGrpc 4fc98c0c-5a86-4e60-8142-4a73cef3337e is started using port 34642
2019-09-17 14:54:18,114 [Datanode State Machine Thread - 0] INFO  ozoneimpl.OzoneContainer (OzoneContainer.java:start(217)) - Attempting to start container services.
2019-09-17 14:54:18,115 [Datanode State Machine Thread - 0] INFO  ozoneimpl.OzoneContainer (OzoneContainer.java:startContainerScrub(179)) - Background container scanner has been disabled.
2019-09-17 14:54:18,115 [Datanode State Machine Thread - 0] INFO  ratis.XceiverServerRatis (XceiverServerRatis.java:start(411)) - Starting XceiverServerRatis 5824bb7b-23b5-4080-8c55-4e36ce35b3ee at port 0
2019-09-17 14:54:18,124 [Datanode State Machine Thread - 0] INFO  impl.RaftServerProxy (RaftServerProxy.java:lambda$start$3(299)) - 5824bb7b-23b5-4080-8c55-4e36ce35b3ee: start RPC server
2019-09-17 14:54:18,129 [Datanode State Machine Thread - 0] INFO  server.GrpcService (GrpcService.java:startImpl(158)) - 5824bb7b-23b5-4080-8c55-4e36ce35b3ee: GrpcService started, listening on 0.0.0.0/0.0.0.0:44174
2019-09-17 14:54:18,130 [Datanode State Machine Thread - 0] INFO  ratis.XceiverServerRatis (XceiverServerRatis.java:start(421)) - XceiverServerRatis 5824bb7b-23b5-4080-8c55-4e36ce35b3ee is started using port 44174
2019-09-17 14:54:18,135 [Datanode State Machine Thread - 0] INFO  server.XceiverServerGrpc (XceiverServerGrpc.java:start(163)) - XceiverServerGrpc 5824bb7b-23b5-4080-8c55-4e36ce35b3ee is started using port 42400
2019-09-17 14:54:18,214 [Datanode State Machine Thread - 0] INFO  ozoneimpl.OzoneContainer (OzoneContainer.java:start(217)) - Attempting to start container services.
2019-09-17 14:54:18,214 [Datanode State Machine Thread - 0] INFO  ozoneimpl.OzoneContainer (OzoneContainer.java:startContainerScrub(179)) - Background container scanner has been disabled.
2019-09-17 14:54:18,214 [Datanode State Machine Thread - 0] INFO  ratis.XceiverServerRatis (XceiverServerRatis.java:start(411)) - Starting XceiverServerRatis 64dc86e1-b58a-47fa-9209-c80a04613504 at port 0
2019-09-17 14:54:18,223 [Datanode State Machine Thread - 0] INFO  impl.RaftServerProxy (RaftServerProxy.java:lambda$start$3(299)) - 64dc86e1-b58a-47fa-9209-c80a04613504: start RPC server
2019-09-17 14:54:18,231 [Datanode State Machine Thread - 0] INFO  server.GrpcService (GrpcService.java:startImpl(158)) - 64dc86e1-b58a-47fa-9209-c80a04613504: GrpcService started, listening on 0.0.0.0/0.0.0.0:41434
2019-09-17 14:54:18,231 [Datanode State Machine Thread - 0] INFO  ratis.XceiverServerRatis (XceiverServerRatis.java:start(421)) - XceiverServerRatis 64dc86e1-b58a-47fa-9209-c80a04613504 is started using port 41434
2019-09-17 14:54:18,237 [Datanode State Machine Thread - 0] INFO  server.XceiverServerGrpc (XceiverServerGrpc.java:start(163)) - XceiverServerGrpc 64dc86e1-b58a-47fa-9209-c80a04613504 is started using port 41305
2019-09-17 14:54:18,280 [main] INFO  ozone.MiniOzoneClusterImpl (MiniOzoneClusterImpl.java:lambda$waitForClusterToBeReady$0(145)) - Waiting for cluster to be ready. Got 0 of 10 DN Heartbeats.
2019-09-17 14:54:18,298 [Datanode State Machine Thread - 0] INFO  ozoneimpl.OzoneContainer (OzoneContainer.java:start(217)) - Attempting to start container services.
2019-09-17 14:54:18,299 [Datanode State Machine Thread - 0] INFO  ozoneimpl.OzoneContainer (OzoneContainer.java:startContainerScrub(179)) - Background container scanner has been disabled.
2019-09-17 14:54:18,299 [Datanode State Machine Thread - 0] INFO  ratis.XceiverServerRatis (XceiverServerRatis.java:start(411)) - Starting XceiverServerRatis bbb4e265-cb6b-4caa-8b5d-65801261426c at port 0
2019-09-17 14:54:18,309 [Datanode State Machine Thread - 0] INFO  impl.RaftServerProxy (RaftServerProxy.java:lambda$start$3(299)) - bbb4e265-cb6b-4caa-8b5d-65801261426c: start RPC server
2019-09-17 14:54:18,326 [Datanode State Machine Thread - 0] INFO  server.GrpcService (GrpcService.java:startImpl(158)) - bbb4e265-cb6b-4caa-8b5d-65801261426c: GrpcService started, listening on 0.0.0.0/0.0.0.0:38991
2019-09-17 14:54:18,326 [Datanode State Machine Thread - 0] INFO  ratis.XceiverServerRatis (XceiverServerRatis.java:start(421)) - XceiverServerRatis bbb4e265-cb6b-4caa-8b5d-65801261426c is started using port 38991
2019-09-17 14:54:18,350 [Datanode State Machine Thread - 0] INFO  server.XceiverServerGrpc (XceiverServerGrpc.java:start(163)) - XceiverServerGrpc bbb4e265-cb6b-4caa-8b5d-65801261426c is started using port 34195
2019-09-17 14:54:19,281 [main] INFO  ozone.MiniOzoneClusterImpl (MiniOzoneClusterImpl.java:lambda$waitForClusterToBeReady$0(145)) - Waiting for cluster to be ready. Got 0 of 10 DN Heartbeats.
2019-09-17 14:54:19,502 [IPC Server handler 4 on 37109] INFO  net.NetworkTopology (NetworkTopologyImpl.java:add(110)) - Added a new node: /default-rack/87bd24bf-ffb9-4c07-ac8f-086f94142b7e
2019-09-17 14:54:19,503 [IPC Server handler 4 on 37109] INFO  node.SCMNodeManager (SCMNodeManager.java:register(266)) - Registered Data node : 87bd24bf-ffb9-4c07-ac8f-086f94142b7e{ip: 192.168.151.72, host: pr-hdds-2137-trunk-f8w4d-2934045284, networkLocation: /default-rack, certSerialId: null}
2019-09-17 14:54:19,510 [EventQueue-NodeRegistrationContainerReportForDataNodeSafeModeRule] INFO  safemode.SCMSafeModeManager (DataNodeSafeModeRule.java:process(71)) - SCM in safe mode. 1 DataNodes registered, 1 required.
2019-09-17 14:54:19,510 [EventQueue-NodeRegistrationContainerReportForDataNodeSafeModeRule] INFO  safemode.SCMSafeModeManager (SCMSafeModeManager.java:validateSafeModeExitRules(177)) - ScmSafeModeManager, all rules are successfully validated
2019-09-17 14:54:19,511 [EventQueue-NodeRegistrationContainerReportForDataNodeSafeModeRule] INFO  safemode.SCMSafeModeManager (SCMSafeModeManager.java:exitSafeMode(193)) - SCM exiting safe mode.
2019-09-17 14:54:19,548 [IPC Server handler 6 on 37109] INFO  net.NetworkTopology (NetworkTopologyImpl.java:add(110)) - Added a new node: /default-rack/55160a25-c10a-4fac-977f-ea88e555cd0f
2019-09-17 14:54:19,549 [IPC Server handler 6 on 37109] INFO  node.SCMNodeManager (SCMNodeManager.java:register(266)) - Registered Data node : 55160a25-c10a-4fac-977f-ea88e555cd0f{ip: 192.168.151.72, host: pr-hdds-2137-trunk-f8w4d-2934045284, networkLocation: /default-rack, certSerialId: null}
2019-09-17 14:54:19,628 [IPC Server handler 10 on 37109] INFO  net.NetworkTopology (NetworkTopologyImpl.java:add(110)) - Added a new node: /default-rack/0d659ca8-8d3f-4ad5-ad2a-cdb4ab88523b
2019-09-17 14:54:19,628 [IPC Server handler 10 on 37109] INFO  node.SCMNodeManager (SCMNodeManager.java:register(266)) - Registered Data node : 0d659ca8-8d3f-4ad5-ad2a-cdb4ab88523b{ip: 192.168.151.72, host: pr-hdds-2137-trunk-f8w4d-2934045284, networkLocation: /default-rack, certSerialId: null}
2019-09-17 14:54:19,736 [IPC Server handler 9 on 37109] INFO  net.NetworkTopology (NetworkTopologyImpl.java:add(110)) - Added a new node: /default-rack/24ee45b5-4e6b-4499-8d3c-0bcd5a303b6d
2019-09-17 14:54:19,737 [IPC Server handler 9 on 37109] INFO  node.SCMNodeManager (SCMNodeManager.java:register(266)) - Registered Data node : 24ee45b5-4e6b-4499-8d3c-0bcd5a303b6d{ip: 192.168.151.72, host: pr-hdds-2137-trunk-f8w4d-2934045284, networkLocation: /default-rack, certSerialId: null}
2019-09-17 14:54:19,845 [IPC Server handler 7 on 37109] INFO  net.NetworkTopology (NetworkTopologyImpl.java:add(110)) - Added a new node: /default-rack/296d1e6a-4d03-4625-a926-8603881e9a06
2019-09-17 14:54:19,846 [IPC Server handler 7 on 37109] INFO  node.SCMNodeManager (SCMNodeManager.java:register(266)) - Registered Data node : 296d1e6a-4d03-4625-a926-8603881e9a06{ip: 192.168.151.72, host: pr-hdds-2137-trunk-f8w4d-2934045284, networkLocation: /default-rack, certSerialId: null}
2019-09-17 14:54:19,950 [IPC Server handler 5 on 37109] INFO  net.NetworkTopology (NetworkTopologyImpl.java:add(110)) - Added a new node: /default-rack/9b5674b6-1da3-4a18-a3b1-2bf65c31b2e5
2019-09-17 14:54:19,950 [IPC Server handler 5 on 37109] INFO  node.SCMNodeManager (SCMNodeManager.java:register(266)) - Registered Data node : 9b5674b6-1da3-4a18-a3b1-2bf65c31b2e5{ip: 192.168.151.72, host: pr-hdds-2137-trunk-f8w4d-2934045284, networkLocation: /default-rack, certSerialId: null}
2019-09-17 14:54:20,020 [IPC Server handler 0 on 37109] INFO  net.NetworkTopology (NetworkTopologyImpl.java:add(110)) - Added a new node: /default-rack/4fc98c0c-5a86-4e60-8142-4a73cef3337e
2019-09-17 14:54:20,021 [IPC Server handler 0 on 37109] INFO  node.SCMNodeManager (SCMNodeManager.java:register(266)) - Registered Data node : 4fc98c0c-5a86-4e60-8142-4a73cef3337e{ip: 192.168.151.72, host: pr-hdds-2137-trunk-f8w4d-2934045284, networkLocation: /default-rack, certSerialId: null}
2019-09-17 14:54:20,094 [IPC Server handler 1 on 37109] INFO  net.NetworkTopology (NetworkTopologyImpl.java:add(110)) - Added a new node: /default-rack/5824bb7b-23b5-4080-8c55-4e36ce35b3ee
2019-09-17 14:54:20,094 [IPC Server handler 1 on 37109] INFO  node.SCMNodeManager (SCMNodeManager.java:register(266)) - Registered Data node : 5824bb7b-23b5-4080-8c55-4e36ce35b3ee{ip: 192.168.151.72, host: pr-hdds-2137-trunk-f8w4d-2934045284, networkLocation: /default-rack, certSerialId: null}
2019-09-17 14:54:20,176 [grpc-default-executor-0] INFO  impl.RaftServerProxy (RaftServerProxy.java:addNew(89)) - 87bd24bf-ffb9-4c07-ac8f-086f94142b7e: addNew group-EA0C3C784A36:[87bd24bf-ffb9-4c07-ac8f-086f94142b7e:192.168.151.72:43501] returns group-EA0C3C784A36:java.util.concurrent.CompletableFuture@46eff811[Not completed]
2019-09-17 14:54:20,201 [IPC Server handler 2 on 37109] INFO  net.NetworkTopology (NetworkTopologyImpl.java:add(110)) - Added a new node: /default-rack/64dc86e1-b58a-47fa-9209-c80a04613504
2019-09-17 14:54:20,201 [IPC Server handler 2 on 37109] INFO  node.SCMNodeManager (SCMNodeManager.java:register(266)) - Registered Data node : 64dc86e1-b58a-47fa-9209-c80a04613504{ip: 192.168.151.72, host: pr-hdds-2137-trunk-f8w4d-2934045284, networkLocation: /default-rack, certSerialId: null}
2019-09-17 14:54:20,210 [pool-27-thread-1] INFO  impl.RaftServerImpl (RaftServerImpl.java:<init>(95)) - 87bd24bf-ffb9-4c07-ac8f-086f94142b7e: new RaftServerImpl for group-EA0C3C784A36:[87bd24bf-ffb9-4c07-ac8f-086f94142b7e:192.168.151.72:43501] with ContainerStateMachine:uninitialized
2019-09-17 14:54:20,212 [pool-27-thread-1] INFO  server.RaftServerConfigKeys (ConfUtils.java:logGet(43)) - raft.server.rpc.timeout.min = 1s (custom)
2019-09-17 14:54:20,214 [pool-27-thread-1] INFO  server.RaftServerConfigKeys (ConfUtils.java:logGet(43)) - raft.server.rpc.timeout.max = 1200ms (custom)
2019-09-17 14:54:20,214 [pool-27-thread-1] INFO  server.RaftServerConfigKeys (ConfUtils.java:logGet(43)) - raft.server.rpcslowness.timeout = 120s (custom)
2019-09-17 14:54:20,215 [pool-27-thread-1] INFO  server.RaftServerConfigKeys (ConfUtils.java:logGet(43)) - raft.server.sleep.deviation.threshold = 300 (default)
2019-09-17 14:54:20,216 [pool-27-thread-1] INFO  server.RaftServerConfigKeys (ConfUtils.java:logGet(43)) - raft.server.log.appender.install.snapshot.enabled = false (custom)
2019-09-17 14:54:20,227 [pool-27-thread-1] INFO  impl.RaftServerImpl (ServerState.java:<init>(103)) - 87bd24bf-ffb9-4c07-ac8f-086f94142b7e@group-EA0C3C784A36: ConfigurationManager, init=-1: [87bd24bf-ffb9-4c07-ac8f-086f94142b7e:192.168.151.72:43501], old=null, confs=<EMPTY_MAP>
2019-09-17 14:54:20,227 [pool-27-thread-1] INFO  server.RaftServerConfigKeys (ConfUtils.java:logGet(43)) - raft.server.storage.dir = [/workdir/hadoop-ozone/integration-test/target/test-dir/MiniOzoneClusterImpl-845ee491-3861-4700-afca-e6762de221c3/datanode-0/data/ratis] (custom)
2019-09-17 14:54:20,236 [pool-27-thread-1] INFO  storage.RaftStorageDirectory (RaftStorageDirectory.java:analyzeStorage(246)) - The storage directory /workdir/hadoop-ozone/integration-test/target/test-dir/MiniOzoneClusterImpl-845ee491-3861-4700-afca-e6762de221c3/datanode-0/data/ratis/ee5b306a-777f-4d48-94f1-ea0c3c784a36 does not exist. Creating ...
2019-09-17 14:54:20,266 [pool-27-thread-1] INFO  storage.RaftStorageDirectory (RaftStorageDirectory.java:tryLock(328)) - Lock on /workdir/hadoop-ozone/integration-test/target/test-dir/MiniOzoneClusterImpl-845ee491-3861-4700-afca-e6762de221c3/datanode-0/data/ratis/ee5b306a-777f-4d48-94f1-ea0c3c784a36/in_use.lock acquired by nodename 9959@pr-hdds-2137-trunk-f8w4d-2934045284
2019-09-17 14:54:20,281 [pool-27-thread-1] INFO  storage.RaftStorage (RaftStorage.java:format(72)) - Storage directory /workdir/hadoop-ozone/integration-test/target/test-dir/MiniOzoneClusterImpl-845ee491-3861-4700-afca-e6762de221c3/datanode-0/data/ratis/ee5b306a-777f-4d48-94f1-ea0c3c784a36 has been successfully formatted.
2019-09-17 14:54:20,282 [main] INFO  ozone.MiniOzoneClusterImpl (MiniOzoneClusterImpl.java:lambda$waitForClusterToBeReady$0(145)) - Waiting for cluster to be ready. Got 9 of 10 DN Heartbeats.
2019-09-17 14:54:20,301 [IPC Server handler 4 on 37109] INFO  net.NetworkTopology (NetworkTopologyImpl.java:add(110)) - Added a new node: /default-rack/bbb4e265-cb6b-4caa-8b5d-65801261426c
2019-09-17 14:54:20,301 [IPC Server handler 4 on 37109] INFO  node.SCMNodeManager (SCMNodeManager.java:register(266)) - Registered Data node : bbb4e265-cb6b-4caa-8b5d-65801261426c{ip: 192.168.151.72, host: pr-hdds-2137-trunk-f8w4d-2934045284, networkLocation: /default-rack, certSerialId: null}
2019-09-17 14:54:20,301 [pool-27-thread-1] INFO  ratis.ContainerStateMachine (ContainerStateMachine.java:loadSnapshot(230)) - group-EA0C3C784A36: The snapshot info is null. Setting the last applied indexto:(t:0, i:~)
2019-09-17 14:54:20,302 [pool-27-thread-1] INFO  server.RaftServerConfigKeys (ConfUtils.java:logGet(43)) - raft.server.notification.no-leader.timeout = 120s (custom)
2019-09-17 14:54:20,304 [pool-27-thread-1] INFO  server.RaftServerConfigKeys (ConfUtils.java:logGet(43)) - raft.server.log.use.memory = false (default)
2019-09-17 14:54:20,312 [pool-27-thread-1] INFO  server.RaftServerConfigKeys (ConfUtils.java:logGet(43)) - raft.server.log.purge.gap = 1000000 (custom)
2019-09-17 14:54:20,312 [pool-27-thread-1] INFO  server.RaftServerConfigKeys (ConfUtils.java:logGet(43)) - raft.server.log.appender.buffer.byte-limit = 33554432 (custom)
2019-09-17 14:54:20,314 [pool-27-thread-1] INFO  server.RaftServerConfigKeys (ConfUtils.java:logGet(43)) - raft.server.log.segment.size.max = 1048576 (custom)
2019-09-17 14:54:20,320 [pool-27-thread-1] INFO  server.RaftServerConfigKeys (ConfUtils.java:logGet(43)) - raft.server.log.segment.cache.num.max = 2 (custom)
2019-09-17 14:54:20,326 [pool-27-thread-1] INFO  segmented.SegmentedRaftLogWorker (SegmentedRaftLogWorker.java:<init>(172)) - new 87bd24bf-ffb9-4c07-ac8f-086f94142b7e@group-EA0C3C784A36-SegmentedRaftLogWorker for RaftStorage:Storage Directory /workdir/hadoop-ozone/integration-test/target/test-dir/MiniOzoneClusterImpl-845ee491-3861-4700-afca-e6762de221c3/datanode-0/data/ratis/ee5b306a-777f-4d48-94f1-ea0c3c784a36
2019-09-17 14:54:20,328 [pool-27-thread-1] INFO  impl.MetricsSystemImpl (MetricsSystemImpl.java:init(158)) - ratis metrics system started (again)
2019-09-17 14:54:20,366 [pool-27-thread-1] INFO  server.RaftServerConfigKeys (ConfUtils.java:logGet(43)) - raft.server.log.queue.byte-limit = 2147483647 (custom)
2019-09-17 14:54:20,367 [pool-27-thread-1] INFO  server.RaftServerConfigKeys (ConfUtils.java:logGet(43)) - raft.server.log.queue.element-limit = 1024 (custom)
2019-09-17 14:54:20,370 [pool-27-thread-1] INFO  server.RaftServerConfigKeys (ConfUtils.java:logGet(43)) - raft.server.log.segment.size.max = 1048576 (custom)
2019-09-17 14:54:20,371 [pool-27-thread-1] INFO  server.RaftServerConfigKeys (ConfUtils.java:logGet(43)) - raft.server.log.preallocated.size = 16384 (custom)
2019-09-17 14:54:20,371 [pool-27-thread-1] INFO  server.RaftServerConfigKeys (ConfUtils.java:logGet(43)) - raft.server.log.write.buffer.size = 33554432 (custom)
2019-09-17 14:54:20,372 [pool-27-thread-1] INFO  server.RaftServerConfigKeys (ConfUtils.java:logGet(43)) - raft.server.log.force.sync.num = 128 (default)
2019-09-17 14:54:20,372 [pool-27-thread-1] INFO  server.RaftServerConfigKeys (ConfUtils.java:logGet(43)) - raft.server.log.statemachine.data.sync = true (default)
2019-09-17 14:54:20,373 [pool-27-thread-1] INFO  server.RaftServerConfigKeys (ConfUtils.java:logGet(43)) - raft.server.log.statemachine.data.sync.timeout = 10s (default)
2019-09-17 14:54:20,373 [pool-27-thread-1] INFO  server.RaftServerConfigKeys (ConfUtils.java:logGet(43)) - raft.server.log.statemachine.data.sync.timeout.retry = -1 (default)
2019-09-17 14:54:20,382 [pool-27-thread-1] INFO  server.RaftServerConfigKeys (ConfUtils.java:logGet(43)) - raft.server.log.statemachine.data.caching.enabled = true (custom)
2019-09-17 14:54:20,387 [pool-27-thread-1] INFO  segmented.SegmentedRaftLogWorker (SegmentedRaftLogWorker.java:lambda$new$0(132)) - 87bd24bf-ffb9-4c07-ac8f-086f94142b7e@group-EA0C3C784A36-SegmentedRaftLogWorker: flushIndex: setUnconditionally 0 -> -1
2019-09-17 14:54:20,391 [pool-27-thread-1] INFO  server.RaftServerConfigKeys (ConfUtils.java:logGet(43)) - raft.server.snapshot.auto.trigger.enabled = true (custom)
2019-09-17 14:54:20,392 [pool-27-thread-1] INFO  server.RaftServerConfigKeys (ConfUtils.java:logGet(43)) - raft.server.snapshot.auto.trigger.threshold = 10000 (custom)
2019-09-17 14:54:20,393 [pool-27-thread-1] INFO  server.RaftServerConfigKeys (ConfUtils.java:logGet(43)) - raft.server.snapshot.retention.num.files = 5 (custom)
2019-09-17 14:54:20,393 [pool-27-thread-1] INFO  server.RaftServerConfigKeys (ConfUtils.java:logGet(43)) - raft.server.retrycache.expirytime = 600000ms (custom)
2019-09-17 14:54:20,419 [pool-27-thread-1] INFO  impl.RaftServerImpl (RaftServerImpl.java:start(185)) - 87bd24bf-ffb9-4c07-ac8f-086f94142b7e@group-EA0C3C784A36: start as a follower, conf=-1: [87bd24bf-ffb9-4c07-ac8f-086f94142b7e:192.168.151.72:43501], old=null
2019-09-17 14:54:20,420 [pool-27-thread-1] INFO  impl.RaftServerImpl (RaftServerImpl.java:setRole(174)) - 87bd24bf-ffb9-4c07-ac8f-086f94142b7e@group-EA0C3C784A36: changes role from      null to FOLLOWER at term 0 for startAsFollower
2019-09-17 14:54:20,421 [pool-27-thread-1] INFO  impl.RoleInfo (RoleInfo.java:updateAndGet(143)) - 87bd24bf-ffb9-4c07-ac8f-086f94142b7e: start FollowerState
2019-09-17 14:54:20,423 [pool-27-thread-1] INFO  util.JmxRegister (JmxRegister.java:tryRegister(44)) - Successfully registered JMX Bean with object name Ratis:service=RaftServer,group=group-EA0C3C784A36,id=87bd24bf-ffb9-4c07-ac8f-086f94142b7e
2019-09-17 14:54:20,503 [RatisPipelineUtilsThread] INFO  pipeline.PipelineStateManager (PipelineStateManager.java:addPipeline(56)) - Created pipeline Pipeline[ Id: ee5b306a-777f-4d48-94f1-ea0c3c784a36, Nodes: 87bd24bf-ffb9-4c07-ac8f-086f94142b7e{ip: 192.168.151.72, host: pr-hdds-2137-trunk-f8w4d-2934045284, networkLocation: /default-rack, certSerialId: null}, Type:RATIS, Factor:ONE, State:OPEN]
2019-09-17 14:54:20,539 [grpc-default-executor-0] INFO  impl.RaftServerProxy (RaftServerProxy.java:addNew(89)) - bbb4e265-cb6b-4caa-8b5d-65801261426c: addNew group-12E789ACEF07:[bbb4e265-cb6b-4caa-8b5d-65801261426c:192.168.151.72:38991] returns group-12E789ACEF07:java.util.concurrent.CompletableFuture@58a0b90d[Not completed]
2019-09-17 14:54:20,617 [pool-117-thread-1] INFO  impl.RaftServerImpl (RaftServerImpl.java:<init>(95)) - bbb4e265-cb6b-4caa-8b5d-65801261426c: new RaftServerImpl for group-12E789ACEF07:[bbb4e265-cb6b-4caa-8b5d-65801261426c:192.168.151.72:38991] with ContainerStateMachine:uninitialized
2019-09-17 14:54:20,619 [pool-117-thread-1] INFO  server.RaftServerConfigKeys (ConfUtils.java:logGet(43)) - raft.server.rpc.timeout.min = 1s (custom)
2019-09-17 14:54:20,619 [pool-117-thread-1] INFO  server.RaftServerConfigKeys (ConfUtils.java:logGet(43)) - raft.server.rpc.timeout.max = 1200ms (custom)
2019-09-17 14:54:20,619 [pool-117-thread-1] INFO  server.RaftServerConfigKeys (ConfUtils.java:logGet(43)) - raft.server.rpcslowness.timeout = 120s (custom)
2019-09-17 14:54:20,619 [pool-117-thread-1] INFO  server.RaftServerConfigKeys (ConfUtils.java:logGet(43)) - raft.server.sleep.deviation.threshold = 300 (default)
2019-09-17 14:54:20,620 [pool-117-thread-1] INFO  server.RaftServerConfigKeys (ConfUtils.java:logGet(43)) - raft.server.log.appender.install.snapshot.enabled = false (custom)
2019-09-17 14:54:20,620 [pool-117-thread-1] INFO  impl.RaftServerImpl (ServerState.java:<init>(103)) - bbb4e265-cb6b-4caa-8b5d-65801261426c@group-12E789ACEF07: ConfigurationManager, init=-1: [bbb4e265-cb6b-4caa-8b5d-65801261426c:192.168.151.72:38991], old=null, confs=<EMPTY_MAP>
2019-09-17 14:54:20,620 [pool-117-thread-1] INFO  server.RaftServerConfigKeys (ConfUtils.java:logGet(43)) - raft.server.storage.dir = [/workdir/hadoop-ozone/integration-test/target/test-dir/MiniOzoneClusterImpl-845ee491-3861-4700-afca-e6762de221c3/datanode-9/data/ratis] (custom)
2019-09-17 14:54:20,620 [pool-117-thread-1] INFO  storage.RaftStorageDirectory (RaftStorageDirectory.java:analyzeStorage(246)) - The storage directory /workdir/hadoop-ozone/integration-test/target/test-dir/MiniOzoneClusterImpl-845ee491-3861-4700-afca-e6762de221c3/datanode-9/data/ratis/c87de7aa-265a-4681-8db3-12e789acef07 does not exist. Creating ...
2019-09-17 14:54:20,635 [pool-117-thread-1] INFO  storage.RaftStorageDirectory (RaftStorageDirectory.java:tryLock(328)) - Lock on /workdir/hadoop-ozone/integration-test/target/test-dir/MiniOzoneClusterImpl-845ee491-3861-4700-afca-e6762de221c3/datanode-9/data/ratis/c87de7aa-265a-4681-8db3-12e789acef07/in_use.lock acquired by nodename 9959@pr-hdds-2137-trunk-f8w4d-2934045284
2019-09-17 14:54:20,648 [pool-117-thread-1] INFO  storage.RaftStorage (RaftStorage.java:format(72)) - Storage directory /workdir/hadoop-ozone/integration-test/target/test-dir/MiniOzoneClusterImpl-845ee491-3861-4700-afca-e6762de221c3/datanode-9/data/ratis/c87de7aa-265a-4681-8db3-12e789acef07 has been successfully formatted.
2019-09-17 14:54:20,651 [pool-117-thread-1] INFO  ratis.ContainerStateMachine (ContainerStateMachine.java:loadSnapshot(230)) - group-12E789ACEF07: The snapshot info is null. Setting the last applied indexto:(t:0, i:~)
2019-09-17 14:54:20,653 [pool-117-thread-1] INFO  server.RaftServerConfigKeys (ConfUtils.java:logGet(43)) - raft.server.notification.no-leader.timeout = 120s (custom)
2019-09-17 14:54:20,653 [pool-117-thread-1] INFO  server.RaftServerConfigKeys (ConfUtils.java:logGet(43)) - raft.server.log.use.memory = false (default)
2019-09-17 14:54:20,654 [pool-117-thread-1] INFO  server.RaftServerConfigKeys (ConfUtils.java:logGet(43)) - raft.server.log.purge.gap = 1000000 (custom)
2019-09-17 14:54:20,654 [pool-117-thread-1] INFO  server.RaftServerConfigKeys (ConfUtils.java:logGet(43)) - raft.server.log.appender.buffer.byte-limit = 33554432 (custom)
2019-09-17 14:54:20,654 [pool-117-thread-1] INFO  server.RaftServerConfigKeys (ConfUtils.java:logGet(43)) - raft.server.log.segment.size.max = 1048576 (custom)
2019-09-17 14:54:20,654 [pool-117-thread-1] INFO  server.RaftServerConfigKeys (ConfUtils.java:logGet(43)) - raft.server.log.segment.cache.num.max = 2 (custom)
2019-09-17 14:54:20,654 [pool-117-thread-1] INFO  segmented.SegmentedRaftLogWorker (SegmentedRaftLogWorker.java:<init>(172)) - new bbb4e265-cb6b-4caa-8b5d-65801261426c@group-12E789ACEF07-SegmentedRaftLogWorker for RaftStorage:Storage Directory /workdir/hadoop-ozone/integration-test/target/test-dir/MiniOzoneClusterImpl-845ee491-3861-4700-afca-e6762de221c3/datanode-9/data/ratis/c87de7aa-265a-4681-8db3-12e789acef07
2019-09-17 14:54:20,662 [pool-117-thread-1] INFO  server.RaftServerConfigKeys (ConfUtils.java:logGet(43)) - raft.server.log.queue.byte-limit = 2147483647 (custom)
2019-09-17 14:54:20,662 [pool-117-thread-1] INFO  server.RaftServerConfigKeys (ConfUtils.java:logGet(43)) - raft.server.log.queue.element-limit = 1024 (custom)
2019-09-17 14:54:20,663 [pool-117-thread-1] INFO  server.RaftServerConfigKeys (ConfUtils.java:logGet(43)) - raft.server.log.segment.size.max = 1048576 (custom)
2019-09-17 14:54:20,663 [pool-117-thread-1] INFO  server.RaftServerConfigKeys (ConfUtils.java:logGet(43)) - raft.server.log.preallocated.size = 16384 (custom)
2019-09-17 14:54:20,663 [pool-117-thread-1] INFO  server.RaftServerConfigKeys (ConfUtils.java:logGet(43)) - raft.server.log.write.buffer.size = 33554432 (custom)
2019-09-17 14:54:20,663 [pool-117-thread-1] INFO  server.RaftServerConfigKeys (ConfUtils.java:logGet(43)) - raft.server.log.force.sync.num = 128 (default)
2019-09-17 14:54:20,663 [pool-117-thread-1] INFO  server.RaftServerConfigKeys (ConfUtils.java:logGet(43)) - raft.server.log.statemachine.data.sync = true (default)
2019-09-17 14:54:20,663 [pool-117-thread-1] INFO  server.RaftServerConfigKeys (ConfUtils.java:logGet(43)) - raft.server.log.statemachine.data.sync.timeout = 10s (default)
2019-09-17 14:54:20,663 [pool-117-thread-1] INFO  server.RaftServerConfigKeys (ConfUtils.java:logGet(43)) - raft.server.log.statemachine.data.sync.timeout.retry = -1 (default)
2019-09-17 14:54:20,664 [pool-117-thread-1] INFO  server.RaftServerConfigKeys (ConfUtils.java:logGet(43)) - raft.server.log.statemachine.data.caching.enabled = true (custom)
2019-09-17 14:54:20,664 [pool-117-thread-1] INFO  segmented.SegmentedRaftLogWorker (SegmentedRaftLogWorker.java:lambda$new$0(132)) - bbb4e265-cb6b-4caa-8b5d-65801261426c@group-12E789ACEF07-SegmentedRaftLogWorker: flushIndex: setUnconditionally 0 -> -1
2019-09-17 14:54:20,668 [pool-117-thread-1] INFO  server.RaftServerConfigKeys (ConfUtils.java:logGet(43)) - raft.server.snapshot.auto.trigger.enabled = true (custom)
2019-09-17 14:54:20,668 [pool-117-thread-1] INFO  server.RaftServerConfigKeys (ConfUtils.java:logGet(43)) - raft.server.snapshot.auto.trigger.threshold = 10000 (custom)
2019-09-17 14:54:20,669 [pool-117-thread-1] INFO  server.RaftServerConfigKeys (ConfUtils.java:logGet(43)) - raft.server.snapshot.retention.num.files = 5 (custom)
2019-09-17 14:54:20,669 [pool-117-thread-1] INFO  server.RaftServerConfigKeys (ConfUtils.java:logGet(43)) - raft.server.retrycache.expirytime = 600000ms (custom)
2019-09-17 14:54:20,674 [pool-117-thread-1] INFO  impl.RaftServerImpl (RaftServerImpl.java:start(185)) - bbb4e265-cb6b-4caa-8b5d-65801261426c@group-12E789ACEF07: start as a follower, conf=-1: [bbb4e265-cb6b-4caa-8b5d-65801261426c:192.168.151.72:38991], old=null
2019-09-17 14:54:20,674 [pool-117-thread-1] INFO  impl.RaftServerImpl (RaftServerImpl.java:setRole(174)) - bbb4e265-cb6b-4caa-8b5d-65801261426c@group-12E789ACEF07: changes role from      null to FOLLOWER at term 0 for startAsFollower
2019-09-17 14:54:20,675 [pool-117-thread-1] INFO  impl.RoleInfo (RoleInfo.java:updateAndGet(143)) - bbb4e265-cb6b-4caa-8b5d-65801261426c: start FollowerState
2019-09-17 14:54:20,678 [pool-117-thread-1] INFO  util.JmxRegister (JmxRegister.java:tryRegister(44)) - Successfully registered JMX Bean with object name Ratis:service=RaftServer,group=group-12E789ACEF07,id=bbb4e265-cb6b-4caa-8b5d-65801261426c
2019-09-17 14:54:20,706 [RatisPipelineUtilsThread] INFO  pipeline.PipelineStateManager (PipelineStateManager.java:addPipeline(56)) - Created pipeline Pipeline[ Id: c87de7aa-265a-4681-8db3-12e789acef07, Nodes: bbb4e265-cb6b-4caa-8b5d-65801261426c{ip: 192.168.151.72, host: pr-hdds-2137-trunk-f8w4d-2934045284, networkLocation: /default-rack, certSerialId: null}, Type:RATIS, Factor:ONE, State:OPEN]
2019-09-17 14:54:20,739 [grpc-default-executor-0] INFO  impl.RaftServerProxy (RaftServerProxy.java:addNew(89)) - 5824bb7b-23b5-4080-8c55-4e36ce35b3ee: addNew group-A9EAC6442E78:[5824bb7b-23b5-4080-8c55-4e36ce35b3ee:192.168.151.72:44174] returns group-A9EAC6442E78:java.util.concurrent.CompletableFuture@7c84b36d[Not completed]
2019-09-17 14:54:20,780 [pool-97-thread-1] INFO  impl.RaftServerImpl (RaftServerImpl.java:<init>(95)) - 5824bb7b-23b5-4080-8c55-4e36ce35b3ee: new RaftServerImpl for group-A9EAC6442E78:[5824bb7b-23b5-4080-8c55-4e36ce35b3ee:192.168.151.72:44174] with ContainerStateMachine:uninitialized
2019-09-17 14:54:20,780 [pool-97-thread-1] INFO  server.RaftServerConfigKeys (ConfUtils.java:logGet(43)) - raft.server.rpc.timeout.min = 1s (custom)
2019-09-17 14:54:20,780 [pool-97-thread-1] INFO  server.RaftServerConfigKeys (ConfUtils.java:logGet(43)) - raft.server.rpc.timeout.max = 1200ms (custom)
2019-09-17 14:54:20,780 [pool-97-thread-1] INFO  server.RaftServerConfigKeys (ConfUtils.java:logGet(43)) - raft.server.rpcslowness.timeout = 120s (custom)
2019-09-17 14:54:20,781 [pool-97-thread-1] INFO  server.RaftServerConfigKeys (ConfUtils.java:logGet(43)) - raft.server.sleep.deviation.threshold = 300 (default)
2019-09-17 14:54:20,781 [pool-97-thread-1] INFO  server.RaftServerConfigKeys (ConfUtils.java:logGet(43)) - raft.server.log.appender.install.snapshot.enabled = false (custom)
2019-09-17 14:54:20,781 [pool-97-thread-1] INFO  impl.RaftServerImpl (ServerState.java:<init>(103)) - 5824bb7b-23b5-4080-8c55-4e36ce35b3ee@group-A9EAC6442E78: ConfigurationManager, init=-1: [5824bb7b-23b5-4080-8c55-4e36ce35b3ee:192.168.151.72:44174], old=null, confs=<EMPTY_MAP>
2019-09-17 14:54:20,781 [pool-97-thread-1] INFO  server.RaftServerConfigKeys (ConfUtils.java:logGet(43)) - raft.server.storage.dir = [/workdir/hadoop-ozone/integration-test/target/test-dir/MiniOzoneClusterImpl-845ee491-3861-4700-afca-e6762de221c3/datanode-7/data/ratis] (custom)
2019-09-17 14:54:20,782 [pool-97-thread-1] INFO  storage.RaftStorageDirectory (RaftStorageDirectory.java:analyzeStorage(246)) - The storage directory /workdir/hadoop-ozone/integration-test/target/test-dir/MiniOzoneClusterImpl-845ee491-3861-4700-afca-e6762de221c3/datanode-7/data/ratis/b413cf59-36a9-4bfd-ada0-a9eac6442e78 does not exist. Creating ...
2019-09-17 14:54:20,794 [pool-97-thread-1] INFO  storage.RaftStorageDirectory (RaftStorageDirectory.java:tryLock(328)) - Lock on /workdir/hadoop-ozone/integration-test/target/test-dir/MiniOzoneClusterImpl-845ee491-3861-4700-afca-e6762de221c3/datanode-7/data/ratis/b413cf59-36a9-4bfd-ada0-a9eac6442e78/in_use.lock acquired by nodename 9959@pr-hdds-2137-trunk-f8w4d-2934045284
2019-09-17 14:54:20,827 [pool-97-thread-1] INFO  storage.RaftStorage (RaftStorage.java:format(72)) - Storage directory /workdir/hadoop-ozone/integration-test/target/test-dir/MiniOzoneClusterImpl-845ee491-3861-4700-afca-e6762de221c3/datanode-7/data/ratis/b413cf59-36a9-4bfd-ada0-a9eac6442e78 has been successfully formatted.
2019-09-17 14:54:20,828 [pool-97-thread-1] INFO  ratis.ContainerStateMachine (ContainerStateMachine.java:loadSnapshot(230)) - group-A9EAC6442E78: The snapshot info is null. Setting the last applied indexto:(t:0, i:~)
2019-09-17 14:54:20,828 [pool-97-thread-1] INFO  server.RaftServerConfigKeys (ConfUtils.java:logGet(43)) - raft.server.notification.no-leader.timeout = 120s (custom)
2019-09-17 14:54:20,828 [pool-97-thread-1] INFO  server.RaftServerConfigKeys (ConfUtils.java:logGet(43)) - raft.server.log.use.memory = false (default)
2019-09-17 14:54:20,828 [pool-97-thread-1] INFO  server.RaftServerConfigKeys (ConfUtils.java:logGet(43)) - raft.server.log.purge.gap = 1000000 (custom)
2019-09-17 14:54:20,829 [pool-97-thread-1] INFO  server.RaftServerConfigKeys (ConfUtils.java:logGet(43)) - raft.server.log.appender.buffer.byte-limit = 33554432 (custom)
2019-09-17 14:54:20,829 [pool-97-thread-1] INFO  server.RaftServerConfigKeys (ConfUtils.java:logGet(43)) - raft.server.log.segment.size.max = 1048576 (custom)
2019-09-17 14:54:20,829 [pool-97-thread-1] INFO  server.RaftServerConfigKeys (ConfUtils.java:logGet(43)) - raft.server.log.segment.cache.num.max = 2 (custom)
2019-09-17 14:54:20,829 [pool-97-thread-1] INFO  segmented.SegmentedRaftLogWorker (SegmentedRaftLogWorker.java:<init>(172)) - new 5824bb7b-23b5-4080-8c55-4e36ce35b3ee@group-A9EAC6442E78-SegmentedRaftLogWorker for RaftStorage:Storage Directory /workdir/hadoop-ozone/integration-test/target/test-dir/MiniOzoneClusterImpl-845ee491-3861-4700-afca-e6762de221c3/datanode-7/data/ratis/b413cf59-36a9-4bfd-ada0-a9eac6442e78
2019-09-17 14:54:20,985 [pool-97-thread-1] INFO  server.RaftServerConfigKeys (ConfUtils.java:logGet(43)) - raft.server.log.queue.byte-limit = 2147483647 (custom)
2019-09-17 14:54:20,985 [pool-97-thread-1] INFO  server.RaftServerConfigKeys (ConfUtils.java:logGet(43)) - raft.server.log.queue.element-limit = 1024 (custom)
2019-09-17 14:54:20,990 [pool-97-thread-1] INFO  server.RaftServerConfigKeys (ConfUtils.java:logGet(43)) - raft.server.log.segment.size.max = 1048576 (custom)
2019-09-17 14:54:20,990 [pool-97-thread-1] INFO  server.RaftServerConfigKeys (ConfUtils.java:logGet(43)) - raft.server.log.preallocated.size = 16384 (custom)
2019-09-17 14:54:20,990 [pool-97-thread-1] INFO  server.RaftServerConfigKeys (ConfUtils.java:logGet(43)) - raft.server.log.write.buffer.size = 33554432 (custom)
2019-09-17 14:54:20,991 [pool-97-thread-1] INFO  server.RaftServerConfigKeys (ConfUtils.java:logGet(43)) - raft.server.log.force.sync.num = 128 (default)
2019-09-17 14:54:20,991 [pool-97-thread-1] INFO  server.RaftServerConfigKeys (ConfUtils.java:logGet(43)) - raft.server.log.statemachine.data.sync = true (default)
2019-09-17 14:54:20,991 [pool-97-thread-1] INFO  server.RaftServerConfigKeys (ConfUtils.java:logGet(43)) - raft.server.log.statemachine.data.sync.timeout = 10s (default)
2019-09-17 14:54:20,991 [pool-97-thread-1] INFO  server.RaftServerConfigKeys (ConfUtils.java:logGet(43)) - raft.server.log.statemachine.data.sync.timeout.retry = -1 (default)
2019-09-17 14:54:20,994 [pool-97-thread-1] INFO  server.RaftServerConfigKeys (ConfUtils.java:logGet(43)) - raft.server.log.statemachine.data.caching.enabled = true (custom)
2019-09-17 14:54:20,995 [pool-97-thread-1] INFO  segmented.SegmentedRaftLogWorker (SegmentedRaftLogWorker.java:lambda$new$0(132)) - 5824bb7b-23b5-4080-8c55-4e36ce35b3ee@group-A9EAC6442E78-SegmentedRaftLogWorker: flushIndex: setUnconditionally 0 -> -1
2019-09-17 14:54:20,995 [pool-97-thread-1] INFO  server.RaftServerConfigKeys (ConfUtils.java:logGet(43)) - raft.server.snapshot.auto.trigger.enabled = true (custom)
2019-09-17 14:54:20,996 [pool-97-thread-1] INFO  server.RaftServerConfigKeys (ConfUtils.java:logGet(43)) - raft.server.snapshot.auto.trigger.threshold = 10000 (custom)
2019-09-17 14:54:20,996 [pool-97-thread-1] INFO  server.RaftServerConfigKeys (ConfUtils.java:logGet(43)) - raft.server.snapshot.retention.num.files = 5 (custom)
2019-09-17 14:54:21,030 [pool-97-thread-1] INFO  server.RaftServerConfigKeys (ConfUtils.java:logGet(43)) - raft.server.retrycache.expirytime = 600000ms (custom)
2019-09-17 14:54:21,037 [pool-97-thread-1] INFO  impl.RaftServerImpl (RaftServerImpl.java:start(185)) - 5824bb7b-23b5-4080-8c55-4e36ce35b3ee@group-A9EAC6442E78: start as a follower, conf=-1: [5824bb7b-23b5-4080-8c55-4e36ce35b3ee:192.168.151.72:44174], old=null
2019-09-17 14:54:21,037 [pool-97-thread-1] INFO  impl.RaftServerImpl (RaftServerImpl.java:setRole(174)) - 5824bb7b-23b5-4080-8c55-4e36ce35b3ee@group-A9EAC6442E78: changes role from      null to FOLLOWER at term 0 for startAsFollower
2019-09-17 14:54:21,037 [pool-97-thread-1] INFO  impl.RoleInfo (RoleInfo.java:updateAndGet(143)) - 5824bb7b-23b5-4080-8c55-4e36ce35b3ee: start FollowerState
2019-09-17 14:54:21,038 [pool-97-thread-1] INFO  util.JmxRegister (JmxRegister.java:tryRegister(44)) - Successfully registered JMX Bean with object name Ratis:service=RaftServer,group=group-A9EAC6442E78,id=5824bb7b-23b5-4080-8c55-4e36ce35b3ee
2019-09-17 14:54:21,056 [RatisPipelineUtilsThread] INFO  pipeline.PipelineStateManager (PipelineStateManager.java:addPipeline(56)) - Created pipeline Pipeline[ Id: b413cf59-36a9-4bfd-ada0-a9eac6442e78, Nodes: 5824bb7b-23b5-4080-8c55-4e36ce35b3ee{ip: 192.168.151.72, host: pr-hdds-2137-trunk-f8w4d-2934045284, networkLocation: /default-rack, certSerialId: null}, Type:RATIS, Factor:ONE, State:OPEN]
2019-09-17 14:54:21,087 [grpc-default-executor-0] INFO  impl.RaftServerProxy (RaftServerProxy.java:addNew(89)) - 24ee45b5-4e6b-4499-8d3c-0bcd5a303b6d: addNew group-23B4E85C39AD:[24ee45b5-4e6b-4499-8d3c-0bcd5a303b6d:192.168.151.72:44891] returns group-23B4E85C39AD:java.util.concurrent.CompletableFuture@328bbbe2[Not completed]
2019-09-17 14:54:21,094 [pool-57-thread-1] INFO  impl.RaftServerImpl (RaftServerImpl.java:<init>(95)) - 24ee45b5-4e6b-4499-8d3c-0bcd5a303b6d: new RaftServerImpl for group-23B4E85C39AD:[24ee45b5-4e6b-4499-8d3c-0bcd5a303b6d:192.168.151.72:44891] with ContainerStateMachine:uninitialized
2019-09-17 14:54:21,094 [pool-57-thread-1] INFO  server.RaftServerConfigKeys (ConfUtils.java:logGet(43)) - raft.server.rpc.timeout.min = 1s (custom)
2019-09-17 14:54:21,094 [pool-57-thread-1] INFO  server.RaftServerConfigKeys (ConfUtils.java:logGet(43)) - raft.server.rpc.timeout.max = 1200ms (custom)
2019-09-17 14:54:21,095 [pool-57-thread-1] INFO  server.RaftServerConfigKeys (ConfUtils.java:logGet(43)) - raft.server.rpcslowness.timeout = 120s (custom)
2019-09-17 14:54:21,095 [pool-57-thread-1] INFO  server.RaftServerConfigKeys (ConfUtils.java:logGet(43)) - raft.server.sleep.deviation.threshold = 300 (default)
2019-09-17 14:54:21,095 [pool-57-thread-1] INFO  server.RaftServerConfigKeys (ConfUtils.java:logGet(43)) - raft.server.log.appender.install.snapshot.enabled = false (custom)
2019-09-17 14:54:21,095 [pool-57-thread-1] INFO  impl.RaftServerImpl (ServerState.java:<init>(103)) - 24ee45b5-4e6b-4499-8d3c-0bcd5a303b6d@group-23B4E85C39AD: ConfigurationManager, init=-1: [24ee45b5-4e6b-4499-8d3c-0bcd5a303b6d:192.168.151.72:44891], old=null, confs=<EMPTY_MAP>
2019-09-17 14:54:21,095 [pool-57-thread-1] INFO  server.RaftServerConfigKeys (ConfUtils.java:logGet(43)) - raft.server.storage.dir = [/workdir/hadoop-ozone/integration-test/target/test-dir/MiniOzoneClusterImpl-845ee491-3861-4700-afca-e6762de221c3/datanode-3/data/ratis] (custom)
2019-09-17 14:54:21,096 [pool-57-thread-1] INFO  storage.RaftStorageDirectory (RaftStorageDirectory.java:analyzeStorage(246)) - The storage directory /workdir/hadoop-ozone/integration-test/target/test-dir/MiniOzoneClusterImpl-845ee491-3861-4700-afca-e6762de221c3/datanode-3/data/ratis/3fd5e659-eae6-4af0-91ed-23b4e85c39ad does not exist. Creating ...
2019-09-17 14:54:21,109 [pool-57-thread-1] INFO  storage.RaftStorageDirectory (RaftStorageDirectory.java:tryLock(328)) - Lock on /workdir/hadoop-ozone/integration-test/target/test-dir/MiniOzoneClusterImpl-845ee491-3861-4700-afca-e6762de221c3/datanode-3/data/ratis/3fd5e659-eae6-4af0-91ed-23b4e85c39ad/in_use.lock acquired by nodename 9959@pr-hdds-2137-trunk-f8w4d-2934045284
2019-09-17 14:54:21,122 [pool-57-thread-1] INFO  storage.RaftStorage (RaftStorage.java:format(72)) - Storage directory /workdir/hadoop-ozone/integration-test/target/test-dir/MiniOzoneClusterImpl-845ee491-3861-4700-afca-e6762de221c3/datanode-3/data/ratis/3fd5e659-eae6-4af0-91ed-23b4e85c39ad has been successfully formatted.
2019-09-17 14:54:21,123 [pool-57-thread-1] INFO  ratis.ContainerStateMachine (ContainerStateMachine.java:loadSnapshot(230)) - group-23B4E85C39AD: The snapshot info is null. Setting the last applied indexto:(t:0, i:~)
2019-09-17 14:54:21,123 [pool-57-thread-1] INFO  server.RaftServerConfigKeys (ConfUtils.java:logGet(43)) - raft.server.notification.no-leader.timeout = 120s (custom)
2019-09-17 14:54:21,123 [pool-57-thread-1] INFO  server.RaftServerConfigKeys (ConfUtils.java:logGet(43)) - raft.server.log.use.memory = false (default)
2019-09-17 14:54:21,123 [pool-57-thread-1] INFO  server.RaftServerConfigKeys (ConfUtils.java:logGet(43)) - raft.server.log.purge.gap = 1000000 (custom)
2019-09-17 14:54:21,123 [pool-57-thread-1] INFO  server.RaftServerConfigKeys (ConfUtils.java:logGet(43)) - raft.server.log.appender.buffer.byte-limit = 33554432 (custom)
2019-09-17 14:54:21,124 [pool-57-thread-1] INFO  server.RaftServerConfigKeys (ConfUtils.java:logGet(43)) - raft.server.log.segment.size.max = 1048576 (custom)
2019-09-17 14:54:21,124 [pool-57-thread-1] INFO  server.RaftServerConfigKeys (ConfUtils.java:logGet(43)) - raft.server.log.segment.cache.num.max = 2 (custom)
2019-09-17 14:54:21,124 [pool-57-thread-1] INFO  segmented.SegmentedRaftLogWorker (SegmentedRaftLogWorker.java:<init>(172)) - new 24ee45b5-4e6b-4499-8d3c-0bcd5a303b6d@group-23B4E85C39AD-SegmentedRaftLogWorker for RaftStorage:Storage Directory /workdir/hadoop-ozone/integration-test/target/test-dir/MiniOzoneClusterImpl-845ee491-3861-4700-afca-e6762de221c3/datanode-3/data/ratis/3fd5e659-eae6-4af0-91ed-23b4e85c39ad
2019-09-17 14:54:21,130 [pool-57-thread-1] INFO  server.RaftServerConfigKeys (ConfUtils.java:logGet(43)) - raft.server.log.queue.byte-limit = 2147483647 (custom)
2019-09-17 14:54:21,130 [pool-57-thread-1] INFO  server.RaftServerConfigKeys (ConfUtils.java:logGet(43)) - raft.server.log.queue.element-limit = 1024 (custom)
2019-09-17 14:54:21,130 [pool-57-thread-1] INFO  server.RaftServerConfigKeys (ConfUtils.java:logGet(43)) - raft.server.log.segment.size.max = 1048576 (custom)
2019-09-17 14:54:21,131 [pool-57-thread-1] INFO  server.RaftServerConfigKeys (ConfUtils.java:logGet(43)) - raft.server.log.preallocated.size = 16384 (custom)
2019-09-17 14:54:21,131 [pool-57-thread-1] INFO  server.RaftServerConfigKeys (ConfUtils.java:logGet(43)) - raft.server.log.write.buffer.size = 33554432 (custom)
2019-09-17 14:54:21,131 [pool-57-thread-1] INFO  server.RaftServerConfigKeys (ConfUtils.java:logGet(43)) - raft.server.log.force.sync.num = 128 (default)
2019-09-17 14:54:21,131 [pool-57-thread-1] INFO  server.RaftServerConfigKeys (ConfUtils.java:logGet(43)) - raft.server.log.statemachine.data.sync = true (default)
2019-09-17 14:54:21,131 [pool-57-thread-1] INFO  server.RaftServerConfigKeys (ConfUtils.java:logGet(43)) - raft.server.log.statemachine.data.sync.timeout = 10s (default)
2019-09-17 14:54:21,132 [pool-57-thread-1] INFO  server.RaftServerConfigKeys (ConfUtils.java:logGet(43)) - raft.server.log.statemachine.data.sync.timeout.retry = -1 (default)
2019-09-17 14:54:21,132 [pool-57-thread-1] INFO  server.RaftServerConfigKeys (ConfUtils.java:logGet(43)) - raft.server.log.statemachine.data.caching.enabled = true (custom)
2019-09-17 14:54:21,132 [pool-57-thread-1] INFO  segmented.SegmentedRaftLogWorker (SegmentedRaftLogWorker.java:lambda$new$0(132)) - 24ee45b5-4e6b-4499-8d3c-0bcd5a303b6d@group-23B4E85C39AD-SegmentedRaftLogWorker: flushIndex: setUnconditionally 0 -> -1
2019-09-17 14:54:21,133 [pool-57-thread-1] INFO  server.RaftServerConfigKeys (ConfUtils.java:logGet(43)) - raft.server.snapshot.auto.trigger.enabled = true (custom)
2019-09-17 14:54:21,133 [pool-57-thread-1] INFO  server.RaftServerConfigKeys (ConfUtils.java:logGet(43)) - raft.server.snapshot.auto.trigger.threshold = 10000 (custom)
2019-09-17 14:54:21,133 [pool-57-thread-1] INFO  server.RaftServerConfigKeys (ConfUtils.java:logGet(43)) - raft.server.snapshot.retention.num.files = 5 (custom)
2019-09-17 14:54:21,133 [pool-57-thread-1] INFO  server.RaftServerConfigKeys (ConfUtils.java:logGet(43)) - raft.server.retrycache.expirytime = 600000ms (custom)
2019-09-17 14:54:21,139 [pool-57-thread-1] INFO  impl.RaftServerImpl (RaftServerImpl.java:start(185)) - 24ee45b5-4e6b-4499-8d3c-0bcd5a303b6d@group-23B4E85C39AD: start as a follower, conf=-1: [24ee45b5-4e6b-4499-8d3c-0bcd5a303b6d:192.168.151.72:44891], old=null
2019-09-17 14:54:21,139 [pool-57-thread-1] INFO  impl.RaftServerImpl (RaftServerImpl.java:setRole(174)) - 24ee45b5-4e6b-4499-8d3c-0bcd5a303b6d@group-23B4E85C39AD: changes role from      null to FOLLOWER at term 0 for startAsFollower
2019-09-17 14:54:21,139 [pool-57-thread-1] INFO  impl.RoleInfo (RoleInfo.java:updateAndGet(143)) - 24ee45b5-4e6b-4499-8d3c-0bcd5a303b6d: start FollowerState
2019-09-17 14:54:21,140 [pool-57-thread-1] INFO  util.JmxRegister (JmxRegister.java:tryRegister(44)) - Successfully registered JMX Bean with object name Ratis:service=RaftServer,group=group-23B4E85C39AD,id=24ee45b5-4e6b-4499-8d3c-0bcd5a303b6d
2019-09-17 14:54:21,174 [RatisPipelineUtilsThread] INFO  pipeline.PipelineStateManager (PipelineStateManager.java:addPipeline(56)) - Created pipeline Pipeline[ Id: 3fd5e659-eae6-4af0-91ed-23b4e85c39ad, Nodes: 24ee45b5-4e6b-4499-8d3c-0bcd5a303b6d{ip: 192.168.151.72, host: pr-hdds-2137-trunk-f8w4d-2934045284, networkLocation: /default-rack, certSerialId: null}, Type:RATIS, Factor:ONE, State:OPEN]
2019-09-17 14:54:21,197 [grpc-default-executor-0] INFO  impl.RaftServerProxy (RaftServerProxy.java:addNew(89)) - 55160a25-c10a-4fac-977f-ea88e555cd0f: addNew group-660D7BEDFB0B:[55160a25-c10a-4fac-977f-ea88e555cd0f:192.168.151.72:33878] returns group-660D7BEDFB0B:java.util.concurrent.CompletableFuture@398be609[Not completed]
2019-09-17 14:54:21,203 [pool-37-thread-1] INFO  impl.RaftServerImpl (RaftServerImpl.java:<init>(95)) - 55160a25-c10a-4fac-977f-ea88e555cd0f: new RaftServerImpl for group-660D7BEDFB0B:[55160a25-c10a-4fac-977f-ea88e555cd0f:192.168.151.72:33878] with ContainerStateMachine:uninitialized
2019-09-17 14:54:21,203 [pool-37-thread-1] INFO  server.RaftServerConfigKeys (ConfUtils.java:logGet(43)) - raft.server.rpc.timeout.min = 1s (custom)
2019-09-17 14:54:21,204 [pool-37-thread-1] INFO  server.RaftServerConfigKeys (ConfUtils.java:logGet(43)) - raft.server.rpc.timeout.max = 1200ms (custom)
2019-09-17 14:54:21,204 [pool-37-thread-1] INFO  server.RaftServerConfigKeys (ConfUtils.java:logGet(43)) - raft.server.rpcslowness.timeout = 120s (custom)
2019-09-17 14:54:21,204 [pool-37-thread-1] INFO  server.RaftServerConfigKeys (ConfUtils.java:logGet(43)) - raft.server.sleep.deviation.threshold = 300 (default)
2019-09-17 14:54:21,204 [pool-37-thread-1] INFO  server.RaftServerConfigKeys (ConfUtils.java:logGet(43)) - raft.server.log.appender.install.snapshot.enabled = false (custom)
2019-09-17 14:54:21,204 [pool-37-thread-1] INFO  impl.RaftServerImpl (ServerState.java:<init>(103)) - 55160a25-c10a-4fac-977f-ea88e555cd0f@group-660D7BEDFB0B: ConfigurationManager, init=-1: [55160a25-c10a-4fac-977f-ea88e555cd0f:192.168.151.72:33878], old=null, confs=<EMPTY_MAP>
2019-09-17 14:54:21,205 [pool-37-thread-1] INFO  server.RaftServerConfigKeys (ConfUtils.java:logGet(43)) - raft.server.storage.dir = [/workdir/hadoop-ozone/integration-test/target/test-dir/MiniOzoneClusterImpl-845ee491-3861-4700-afca-e6762de221c3/datanode-1/data/ratis] (custom)
2019-09-17 14:54:21,205 [pool-37-thread-1] INFO  storage.RaftStorageDirectory (RaftStorageDirectory.java:analyzeStorage(246)) - The storage directory /workdir/hadoop-ozone/integration-test/target/test-dir/MiniOzoneClusterImpl-845ee491-3861-4700-afca-e6762de221c3/datanode-1/data/ratis/b658358c-309b-44df-8b2a-660d7bedfb0b does not exist. Creating ...
2019-09-17 14:54:21,224 [pool-37-thread-1] INFO  storage.RaftStorageDirectory (RaftStorageDirectory.java:tryLock(328)) - Lock on /workdir/hadoop-ozone/integration-test/target/test-dir/MiniOzoneClusterImpl-845ee491-3861-4700-afca-e6762de221c3/datanode-1/data/ratis/b658358c-309b-44df-8b2a-660d7bedfb0b/in_use.lock acquired by nodename 9959@pr-hdds-2137-trunk-f8w4d-2934045284
2019-09-17 14:54:21,261 [pool-37-thread-1] INFO  storage.RaftStorage (RaftStorage.java:format(72)) - Storage directory /workdir/hadoop-ozone/integration-test/target/test-dir/MiniOzoneClusterImpl-845ee491-3861-4700-afca-e6762de221c3/datanode-1/data/ratis/b658358c-309b-44df-8b2a-660d7bedfb0b has been successfully formatted.
2019-09-17 14:54:21,261 [pool-37-thread-1] INFO  ratis.ContainerStateMachine (ContainerStateMachine.java:loadSnapshot(230)) - group-660D7BEDFB0B: The snapshot info is null. Setting the last applied indexto:(t:0, i:~)
2019-09-17 14:54:21,262 [pool-37-thread-1] INFO  server.RaftServerConfigKeys (ConfUtils.java:logGet(43)) - raft.server.notification.no-leader.timeout = 120s (custom)
2019-09-17 14:54:21,262 [pool-37-thread-1] INFO  server.RaftServerConfigKeys (ConfUtils.java:logGet(43)) - raft.server.log.use.memory = false (default)
2019-09-17 14:54:21,262 [pool-37-thread-1] INFO  server.RaftServerConfigKeys (ConfUtils.java:logGet(43)) - raft.server.log.purge.gap = 1000000 (custom)
2019-09-17 14:54:21,262 [pool-37-thread-1] INFO  server.RaftServerConfigKeys (ConfUtils.java:logGet(43)) - raft.server.log.appender.buffer.byte-limit = 33554432 (custom)
2019-09-17 14:54:21,262 [pool-37-thread-1] INFO  server.RaftServerConfigKeys (ConfUtils.java:logGet(43)) - raft.server.log.segment.size.max = 1048576 (custom)
2019-09-17 14:54:21,262 [pool-37-thread-1] INFO  server.RaftServerConfigKeys (ConfUtils.java:logGet(43)) - raft.server.log.segment.cache.num.max = 2 (custom)
2019-09-17 14:54:21,263 [pool-37-thread-1] INFO  segmented.SegmentedRaftLogWorker (SegmentedRaftLogWorker.java:<init>(172)) - new 55160a25-c10a-4fac-977f-ea88e555cd0f@group-660D7BEDFB0B-SegmentedRaftLogWorker for RaftStorage:Storage Directory /workdir/hadoop-ozone/integration-test/target/test-dir/MiniOzoneClusterImpl-845ee491-3861-4700-afca-e6762de221c3/datanode-1/data/ratis/b658358c-309b-44df-8b2a-660d7bedfb0b
2019-09-17 14:54:21,268 [pool-37-thread-1] INFO  server.RaftServerConfigKeys (ConfUtils.java:logGet(43)) - raft.server.log.queue.byte-limit = 2147483647 (custom)
2019-09-17 14:54:21,268 [pool-37-thread-1] INFO  server.RaftServerConfigKeys (ConfUtils.java:logGet(43)) - raft.server.log.queue.element-limit = 1024 (custom)
2019-09-17 14:54:21,268 [pool-37-thread-1] INFO  server.RaftServerConfigKeys (ConfUtils.java:logGet(43)) - raft.server.log.segment.size.max = 1048576 (custom)
2019-09-17 14:54:21,268 [pool-37-thread-1] INFO  server.RaftServerConfigKeys (ConfUtils.java:logGet(43)) - raft.server.log.preallocated.size = 16384 (custom)
2019-09-17 14:54:21,269 [pool-37-thread-1] INFO  server.RaftServerConfigKeys (ConfUtils.java:logGet(43)) - raft.server.log.write.buffer.size = 33554432 (custom)
2019-09-17 14:54:21,269 [pool-37-thread-1] INFO  server.RaftServerConfigKeys (ConfUtils.java:logGet(43)) - raft.server.log.force.sync.num = 128 (default)
2019-09-17 14:54:21,269 [pool-37-thread-1] INFO  server.RaftServerConfigKeys (ConfUtils.java:logGet(43)) - raft.server.log.statemachine.data.sync = true (default)
2019-09-17 14:54:21,269 [pool-37-thread-1] INFO  server.RaftServerConfigKeys (ConfUtils.java:logGet(43)) - raft.server.log.statemachine.data.sync.timeout = 10s (default)
2019-09-17 14:54:21,269 [pool-37-thread-1] INFO  server.RaftServerConfigKeys (ConfUtils.java:logGet(43)) - raft.server.log.statemachine.data.sync.timeout.retry = -1 (default)
2019-09-17 14:54:21,270 [pool-37-thread-1] INFO  server.RaftServerConfigKeys (ConfUtils.java:logGet(43)) - raft.server.log.statemachine.data.caching.enabled = true (custom)
2019-09-17 14:54:21,270 [pool-37-thread-1] INFO  segmented.SegmentedRaftLogWorker (SegmentedRaftLogWorker.java:lambda$new$0(132)) - 55160a25-c10a-4fac-977f-ea88e555cd0f@group-660D7BEDFB0B-SegmentedRaftLogWorker: flushIndex: setUnconditionally 0 -> -1
2019-09-17 14:54:21,271 [pool-37-thread-1] INFO  server.RaftServerConfigKeys (ConfUtils.java:logGet(43)) - raft.server.snapshot.auto.trigger.enabled = true (custom)
2019-09-17 14:54:21,271 [pool-37-thread-1] INFO  server.RaftServerConfigKeys (ConfUtils.java:logGet(43)) - raft.server.snapshot.auto.trigger.threshold = 10000 (custom)
2019-09-17 14:54:21,271 [pool-37-thread-1] INFO  server.RaftServerConfigKeys (ConfUtils.java:logGet(43)) - raft.server.snapshot.retention.num.files = 5 (custom)
2019-09-17 14:54:21,271 [pool-37-thread-1] INFO  server.RaftServerConfigKeys (ConfUtils.java:logGet(43)) - raft.server.retrycache.expirytime = 600000ms (custom)
2019-09-17 14:54:21,274 [pool-37-thread-1] INFO  impl.RaftServerImpl (RaftServerImpl.java:start(185)) - 55160a25-c10a-4fac-977f-ea88e555cd0f@group-660D7BEDFB0B: start as a follower, conf=-1: [55160a25-c10a-4fac-977f-ea88e555cd0f:192.168.151.72:33878], old=null
2019-09-17 14:54:21,275 [pool-37-thread-1] INFO  impl.RaftServerImpl (RaftServerImpl.java:setRole(174)) - 55160a25-c10a-4fac-977f-ea88e555cd0f@group-660D7BEDFB0B: changes role from      null to FOLLOWER at term 0 for startAsFollower
2019-09-17 14:54:21,275 [pool-37-thread-1] INFO  impl.RoleInfo (RoleInfo.java:updateAndGet(143)) - 55160a25-c10a-4fac-977f-ea88e555cd0f: start FollowerState
2019-09-17 14:54:21,275 [pool-37-thread-1] INFO  util.JmxRegister (JmxRegister.java:tryRegister(44)) - Successfully registered JMX Bean with object name Ratis:service=RaftServer,group=group-660D7BEDFB0B,id=55160a25-c10a-4fac-977f-ea88e555cd0f
2019-09-17 14:54:21,290 [RatisPipelineUtilsThread] INFO  pipeline.PipelineStateManager (PipelineStateManager.java:addPipeline(56)) - Created pipeline Pipeline[ Id: b658358c-309b-44df-8b2a-660d7bedfb0b, Nodes: 55160a25-c10a-4fac-977f-ea88e555cd0f{ip: 192.168.151.72, host: pr-hdds-2137-trunk-f8w4d-2934045284, networkLocation: /default-rack, certSerialId: null}, Type:RATIS, Factor:ONE, State:OPEN]
2019-09-17 14:54:21,300 [main] INFO  ozone.MiniOzoneClusterImpl (MiniOzoneClusterImpl.java:lambda$waitForClusterToBeReady$0(145)) - Cluster is ready. Got 10 of 10 DN Heartbeats.
2019-09-17 14:54:21,311 [grpc-default-executor-0] INFO  impl.RaftServerProxy (RaftServerProxy.java:addNew(89)) - 9b5674b6-1da3-4a18-a3b1-2bf65c31b2e5: addNew group-875646F0E444:[9b5674b6-1da3-4a18-a3b1-2bf65c31b2e5:192.168.151.72:42570] returns group-875646F0E444:java.util.concurrent.CompletableFuture@77e25d94[Not completed]
2019-09-17 14:54:21,316 [pool-77-thread-1] INFO  impl.RaftServerImpl (RaftServerImpl.java:<init>(95)) - 9b5674b6-1da3-4a18-a3b1-2bf65c31b2e5: new RaftServerImpl for group-875646F0E444:[9b5674b6-1da3-4a18-a3b1-2bf65c31b2e5:192.168.151.72:42570] with ContainerStateMachine:uninitialized
2019-09-17 14:54:21,316 [pool-77-thread-1] INFO  server.RaftServerConfigKeys (ConfUtils.java:logGet(43)) - raft.server.rpc.timeout.min = 1s (custom)
2019-09-17 14:54:21,317 [pool-77-thread-1] INFO  server.RaftServerConfigKeys (ConfUtils.java:logGet(43)) - raft.server.rpc.timeout.max = 1200ms (custom)
2019-09-17 14:54:21,317 [pool-77-thread-1] INFO  server.RaftServerConfigKeys (ConfUtils.java:logGet(43)) - raft.server.rpcslowness.timeout = 120s (custom)
2019-09-17 14:54:21,317 [pool-77-thread-1] INFO  server.RaftServerConfigKeys (ConfUtils.java:logGet(43)) - raft.server.sleep.deviation.threshold = 300 (default)
2019-09-17 14:54:21,317 [pool-77-thread-1] INFO  server.RaftServerConfigKeys (ConfUtils.java:logGet(43)) - raft.server.log.appender.install.snapshot.enabled = false (custom)
2019-09-17 14:54:21,317 [pool-77-thread-1] INFO  impl.RaftServerImpl (ServerState.java:<init>(103)) - 9b5674b6-1da3-4a18-a3b1-2bf65c31b2e5@group-875646F0E444: ConfigurationManager, init=-1: [9b5674b6-1da3-4a18-a3b1-2bf65c31b2e5:192.168.151.72:42570], old=null, confs=<EMPTY_MAP>
2019-09-17 14:54:21,317 [pool-77-thread-1] INFO  server.RaftServerConfigKeys (ConfUtils.java:logGet(43)) - raft.server.storage.dir = [/workdir/hadoop-ozone/integration-test/target/test-dir/MiniOzoneClusterImpl-845ee491-3861-4700-afca-e6762de221c3/datanode-5/data/ratis] (custom)
2019-09-17 14:54:21,318 [pool-77-thread-1] INFO  storage.RaftStorageDirectory (RaftStorageDirectory.java:analyzeStorage(246)) - The storage directory /workdir/hadoop-ozone/integration-test/target/test-dir/MiniOzoneClusterImpl-845ee491-3861-4700-afca-e6762de221c3/datanode-5/data/ratis/8aa123f1-f3b3-44e8-ae9f-875646f0e444 does not exist. Creating ...
2019-09-17 14:54:21,321 [pool-77-thread-1] INFO  storage.RaftStorageDirectory (RaftStorageDirectory.java:tryLock(328)) - Lock on /workdir/hadoop-ozone/integration-test/target/test-dir/MiniOzoneClusterImpl-845ee491-3861-4700-afca-e6762de221c3/datanode-5/data/ratis/8aa123f1-f3b3-44e8-ae9f-875646f0e444/in_use.lock acquired by nodename 9959@pr-hdds-2137-trunk-f8w4d-2934045284
2019-09-17 14:54:21,325 [pool-77-thread-1] INFO  storage.RaftStorage (RaftStorage.java:format(72)) - Storage directory /workdir/hadoop-ozone/integration-test/target/test-dir/MiniOzoneClusterImpl-845ee491-3861-4700-afca-e6762de221c3/datanode-5/data/ratis/8aa123f1-f3b3-44e8-ae9f-875646f0e444 has been successfully formatted.
2019-09-17 14:54:21,326 [pool-77-thread-1] INFO  ratis.ContainerStateMachine (ContainerStateMachine.java:loadSnapshot(230)) - group-875646F0E444: The snapshot info is null. Setting the last applied indexto:(t:0, i:~)
2019-09-17 14:54:21,326 [pool-77-thread-1] INFO  server.RaftServerConfigKeys (ConfUtils.java:logGet(43)) - raft.server.notification.no-leader.timeout = 120s (custom)
2019-09-17 14:54:21,326 [pool-77-thread-1] INFO  server.RaftServerConfigKeys (ConfUtils.java:logGet(43)) - raft.server.log.use.memory = false (default)
2019-09-17 14:54:21,326 [pool-77-thread-1] INFO  server.RaftServerConfigKeys (ConfUtils.java:logGet(43)) - raft.server.log.purge.gap = 1000000 (custom)
2019-09-17 14:54:21,326 [pool-77-thread-1] INFO  server.RaftServerConfigKeys (ConfUtils.java:logGet(43)) - raft.server.log.appender.buffer.byte-limit = 33554432 (custom)
2019-09-17 14:54:21,327 [pool-77-thread-1] INFO  server.RaftServerConfigKeys (ConfUtils.java:logGet(43)) - raft.server.log.segment.size.max = 1048576 (custom)
2019-09-17 14:54:21,327 [pool-77-thread-1] INFO  server.RaftServerConfigKeys (ConfUtils.java:logGet(43)) - raft.server.log.segment.cache.num.max = 2 (custom)
2019-09-17 14:54:21,327 [pool-77-thread-1] INFO  segmented.SegmentedRaftLogWorker (SegmentedRaftLogWorker.java:<init>(172)) - new 9b5674b6-1da3-4a18-a3b1-2bf65c31b2e5@group-875646F0E444-SegmentedRaftLogWorker for RaftStorage:Storage Directory /workdir/hadoop-ozone/integration-test/target/test-dir/MiniOzoneClusterImpl-845ee491-3861-4700-afca-e6762de221c3/datanode-5/data/ratis/8aa123f1-f3b3-44e8-ae9f-875646f0e444
2019-09-17 14:54:21,331 [pool-77-thread-1] INFO  server.RaftServerConfigKeys (ConfUtils.java:logGet(43)) - raft.server.log.queue.byte-limit = 2147483647 (custom)
2019-09-17 14:54:21,331 [pool-77-thread-1] INFO  server.RaftServerConfigKeys (ConfUtils.java:logGet(43)) - raft.server.log.queue.element-limit = 1024 (custom)
2019-09-17 14:54:21,331 [pool-77-thread-1] INFO  server.RaftServerConfigKeys (ConfUtils.java:logGet(43)) - raft.server.log.segment.size.max = 1048576 (custom)
2019-09-17 14:54:21,331 [pool-77-thread-1] INFO  server.RaftServerConfigKeys (ConfUtils.java:logGet(43)) - raft.server.log.preallocated.size = 16384 (custom)
2019-09-17 14:54:21,331 [pool-77-thread-1] INFO  server.RaftServerConfigKeys (ConfUtils.java:logGet(43)) - raft.server.log.write.buffer.size = 33554432 (custom)
2019-09-17 14:54:21,331 [pool-77-thread-1] INFO  server.RaftServerConfigKeys (ConfUtils.java:logGet(43)) - raft.server.log.force.sync.num = 128 (default)
2019-09-17 14:54:21,331 [pool-77-thread-1] INFO  server.RaftServerConfigKeys (ConfUtils.java:logGet(43)) - raft.server.log.statemachine.data.sync = true (default)
2019-09-17 14:54:21,332 [pool-77-thread-1] INFO  server.RaftServerConfigKeys (ConfUtils.java:logGet(43)) - raft.server.log.statemachine.data.sync.timeout = 10s (default)
2019-09-17 14:54:21,332 [pool-77-thread-1] INFO  server.RaftServerConfigKeys (ConfUtils.java:logGet(43)) - raft.server.log.statemachine.data.sync.timeout.retry = -1 (default)
2019-09-17 14:54:21,332 [pool-77-thread-1] INFO  server.RaftServerConfigKeys (ConfUtils.java:logGet(43)) - raft.server.log.statemachine.data.caching.enabled = true (custom)
2019-09-17 14:54:21,332 [pool-77-thread-1] INFO  segmented.SegmentedRaftLogWorker (SegmentedRaftLogWorker.java:lambda$new$0(132)) - 9b5674b6-1da3-4a18-a3b1-2bf65c31b2e5@group-875646F0E444-SegmentedRaftLogWorker: flushIndex: setUnconditionally 0 -> -1
2019-09-17 14:54:21,333 [pool-77-thread-1] INFO  server.RaftServerConfigKeys (ConfUtils.java:logGet(43)) - raft.server.snapshot.auto.trigger.enabled = true (custom)
2019-09-17 14:54:21,333 [pool-77-thread-1] INFO  server.RaftServerConfigKeys (ConfUtils.java:logGet(43)) - raft.server.snapshot.auto.trigger.threshold = 10000 (custom)
2019-09-17 14:54:21,333 [pool-77-thread-1] INFO  server.RaftServerConfigKeys (ConfUtils.java:logGet(43)) - raft.server.snapshot.retention.num.files = 5 (custom)
2019-09-17 14:54:21,333 [pool-77-thread-1] INFO  server.RaftServerConfigKeys (ConfUtils.java:logGet(43)) - raft.server.retrycache.expirytime = 600000ms (custom)
2019-09-17 14:54:21,335 [pool-77-thread-1] INFO  impl.RaftServerImpl (RaftServerImpl.java:start(185)) - 9b5674b6-1da3-4a18-a3b1-2bf65c31b2e5@group-875646F0E444: start as a follower, conf=-1: [9b5674b6-1da3-4a18-a3b1-2bf65c31b2e5:192.168.151.72:42570], old=null
2019-09-17 14:54:21,335 [pool-77-thread-1] INFO  impl.RaftServerImpl (RaftServerImpl.java:setRole(174)) - 9b5674b6-1da3-4a18-a3b1-2bf65c31b2e5@group-875646F0E444: changes role from      null to FOLLOWER at term 0 for startAsFollower
2019-09-17 14:54:21,336 [pool-77-thread-1] INFO  impl.RoleInfo (RoleInfo.java:updateAndGet(143)) - 9b5674b6-1da3-4a18-a3b1-2bf65c31b2e5: start FollowerState
2019-09-17 14:54:21,336 [pool-77-thread-1] INFO  util.JmxRegister (JmxRegister.java:tryRegister(44)) - Successfully registered JMX Bean with object name Ratis:service=RaftServer,group=group-875646F0E444,id=9b5674b6-1da3-4a18-a3b1-2bf65c31b2e5
2019-09-17 14:54:21,352 [RatisPipelineUtilsThread] INFO  pipeline.PipelineStateManager (PipelineStateManager.java:addPipeline(56)) - Created pipeline Pipeline[ Id: 8aa123f1-f3b3-44e8-ae9f-875646f0e444, Nodes: 9b5674b6-1da3-4a18-a3b1-2bf65c31b2e5{ip: 192.168.151.72, host: pr-hdds-2137-trunk-f8w4d-2934045284, networkLocation: /default-rack, certSerialId: null}, Type:RATIS, Factor:ONE, State:OPEN]
2019-09-17 14:54:21,369 [grpc-default-executor-0] INFO  impl.RaftServerProxy (RaftServerProxy.java:addNew(89)) - 0d659ca8-8d3f-4ad5-ad2a-cdb4ab88523b: addNew group-C465A817DF8C:[0d659ca8-8d3f-4ad5-ad2a-cdb4ab88523b:192.168.151.72:38283] returns group-C465A817DF8C:java.util.concurrent.CompletableFuture@3be4f3d1[Not completed]
2019-09-17 14:54:21,374 [pool-47-thread-1] INFO  impl.RaftServerImpl (RaftServerImpl.java:<init>(95)) - 0d659ca8-8d3f-4ad5-ad2a-cdb4ab88523b: new RaftServerImpl for group-C465A817DF8C:[0d659ca8-8d3f-4ad5-ad2a-cdb4ab88523b:192.168.151.72:38283] with ContainerStateMachine:uninitialized
2019-09-17 14:54:21,374 [pool-47-thread-1] INFO  server.RaftServerConfigKeys (ConfUtils.java:logGet(43)) - raft.server.rpc.timeout.min = 1s (custom)
2019-09-17 14:54:21,374 [pool-47-thread-1] INFO  server.RaftServerConfigKeys (ConfUtils.java:logGet(43)) - raft.server.rpc.timeout.max = 1200ms (custom)
2019-09-17 14:54:21,374 [pool-47-thread-1] INFO  server.RaftServerConfigKeys (ConfUtils.java:logGet(43)) - raft.server.rpcslowness.timeout = 120s (custom)
2019-09-17 14:54:21,374 [pool-47-thread-1] INFO  server.RaftServerConfigKeys (ConfUtils.java:logGet(43)) - raft.server.sleep.deviation.threshold = 300 (default)
2019-09-17 14:54:21,375 [pool-47-thread-1] INFO  server.RaftServerConfigKeys (ConfUtils.java:logGet(43)) - raft.server.log.appender.install.snapshot.enabled = false (custom)
2019-09-17 14:54:21,375 [pool-47-thread-1] INFO  impl.RaftServerImpl (ServerState.java:<init>(103)) - 0d659ca8-8d3f-4ad5-ad2a-cdb4ab88523b@group-C465A817DF8C: ConfigurationManager, init=-1: [0d659ca8-8d3f-4ad5-ad2a-cdb4ab88523b:192.168.151.72:38283], old=null, confs=<EMPTY_MAP>
2019-09-17 14:54:21,375 [pool-47-thread-1] INFO  server.RaftServerConfigKeys (ConfUtils.java:logGet(43)) - raft.server.storage.dir = [/workdir/hadoop-ozone/integration-test/target/test-dir/MiniOzoneClusterImpl-845ee491-3861-4700-afca-e6762de221c3/datanode-2/data/ratis] (custom)
2019-09-17 14:54:21,375 [pool-47-thread-1] INFO  storage.RaftStorageDirectory (RaftStorageDirectory.java:analyzeStorage(246)) - The storage directory /workdir/hadoop-ozone/integration-test/target/test-dir/MiniOzoneClusterImpl-845ee491-3861-4700-afca-e6762de221c3/datanode-2/data/ratis/d9f84d21-74d9-4df6-bec7-c465a817df8c does not exist. Creating ...
2019-09-17 14:54:21,390 [pool-47-thread-1] INFO  storage.RaftStorageDirectory (RaftStorageDirectory.java:tryLock(328)) - Lock on /workdir/hadoop-ozone/integration-test/target/test-dir/MiniOzoneClusterImpl-845ee491-3861-4700-afca-e6762de221c3/datanode-2/data/ratis/d9f84d21-74d9-4df6-bec7-c465a817df8c/in_use.lock acquired by nodename 9959@pr-hdds-2137-trunk-f8w4d-2934045284
2019-09-17 14:54:21,404 [pool-47-thread-1] INFO  storage.RaftStorage (RaftStorage.java:format(72)) - Storage directory /workdir/hadoop-ozone/integration-test/target/test-dir/MiniOzoneClusterImpl-845ee491-3861-4700-afca-e6762de221c3/datanode-2/data/ratis/d9f84d21-74d9-4df6-bec7-c465a817df8c has been successfully formatted.
2019-09-17 14:54:21,404 [pool-47-thread-1] INFO  ratis.ContainerStateMachine (ContainerStateMachine.java:loadSnapshot(230)) - group-C465A817DF8C: The snapshot info is null. Setting the last applied indexto:(t:0, i:~)
2019-09-17 14:54:21,405 [pool-47-thread-1] INFO  server.RaftServerConfigKeys (ConfUtils.java:logGet(43)) - raft.server.notification.no-leader.timeout = 120s (custom)
2019-09-17 14:54:21,405 [pool-47-thread-1] INFO  server.RaftServerConfigKeys (ConfUtils.java:logGet(43)) - raft.server.log.use.memory = false (default)
2019-09-17 14:54:21,405 [pool-47-thread-1] INFO  server.RaftServerConfigKeys (ConfUtils.java:logGet(43)) - raft.server.log.purge.gap = 1000000 (custom)
2019-09-17 14:54:21,405 [pool-47-thread-1] INFO  server.RaftServerConfigKeys (ConfUtils.java:logGet(43)) - raft.server.log.appender.buffer.byte-limit = 33554432 (custom)
2019-09-17 14:54:21,405 [pool-47-thread-1] INFO  server.RaftServerConfigKeys (ConfUtils.java:logGet(43)) - raft.server.log.segment.size.max = 1048576 (custom)
2019-09-17 14:54:21,405 [pool-47-thread-1] INFO  server.RaftServerConfigKeys (ConfUtils.java:logGet(43)) - raft.server.log.segment.cache.num.max = 2 (custom)
2019-09-17 14:54:21,405 [pool-47-thread-1] INFO  segmented.SegmentedRaftLogWorker (SegmentedRaftLogWorker.java:<init>(172)) - new 0d659ca8-8d3f-4ad5-ad2a-cdb4ab88523b@group-C465A817DF8C-SegmentedRaftLogWorker for RaftStorage:Storage Directory /workdir/hadoop-ozone/integration-test/target/test-dir/MiniOzoneClusterImpl-845ee491-3861-4700-afca-e6762de221c3/datanode-2/data/ratis/d9f84d21-74d9-4df6-bec7-c465a817df8c
2019-09-17 14:54:21,408 [pool-47-thread-1] INFO  server.RaftServerConfigKeys (ConfUtils.java:logGet(43)) - raft.server.log.queue.byte-limit = 2147483647 (custom)
2019-09-17 14:54:21,408 [pool-47-thread-1] INFO  server.RaftServerConfigKeys (ConfUtils.java:logGet(43)) - raft.server.log.queue.element-limit = 1024 (custom)
2019-09-17 14:54:21,409 [pool-47-thread-1] INFO  server.RaftServerConfigKeys (ConfUtils.java:logGet(43)) - raft.server.log.segment.size.max = 1048576 (custom)
2019-09-17 14:54:21,409 [pool-47-thread-1] INFO  server.RaftServerConfigKeys (ConfUtils.java:logGet(43)) - raft.server.log.preallocated.size = 16384 (custom)
2019-09-17 14:54:21,409 [pool-47-thread-1] INFO  server.RaftServerConfigKeys (ConfUtils.java:logGet(43)) - raft.server.log.write.buffer.size = 33554432 (custom)
2019-09-17 14:54:21,409 [pool-47-thread-1] INFO  server.RaftServerConfigKeys (ConfUtils.java:logGet(43)) - raft.server.log.force.sync.num = 128 (default)
2019-09-17 14:54:21,409 [pool-47-thread-1] INFO  server.RaftServerConfigKeys (ConfUtils.java:logGet(43)) - raft.server.log.statemachine.data.sync = true (default)
2019-09-17 14:54:21,410 [pool-47-thread-1] INFO  server.RaftServerConfigKeys (ConfUtils.java:logGet(43)) - raft.server.log.statemachine.data.sync.timeout = 10s (default)
2019-09-17 14:54:21,410 [pool-47-thread-1] INFO  server.RaftServerConfigKeys (ConfUtils.java:logGet(43)) - raft.server.log.statemachine.data.sync.timeout.retry = -1 (default)
2019-09-17 14:54:21,410 [pool-47-thread-1] INFO  server.RaftServerConfigKeys (ConfUtils.java:logGet(43)) - raft.server.log.statemachine.data.caching.enabled = true (custom)
2019-09-17 14:54:21,410 [pool-47-thread-1] INFO  segmented.SegmentedRaftLogWorker (SegmentedRaftLogWorker.java:lambda$new$0(132)) - 0d659ca8-8d3f-4ad5-ad2a-cdb4ab88523b@group-C465A817DF8C-SegmentedRaftLogWorker: flushIndex: setUnconditionally 0 -> -1
2019-09-17 14:54:21,411 [pool-47-thread-1] INFO  server.RaftServerConfigKeys (ConfUtils.java:logGet(43)) - raft.server.snapshot.auto.trigger.enabled = true (custom)
2019-09-17 14:54:21,411 [pool-47-thread-1] INFO  server.RaftServerConfigKeys (ConfUtils.java:logGet(43)) - raft.server.snapshot.auto.trigger.threshold = 10000 (custom)
2019-09-17 14:54:21,411 [pool-47-thread-1] INFO  server.RaftServerConfigKeys (ConfUtils.java:logGet(43)) - raft.server.snapshot.retention.num.files = 5 (custom)
2019-09-17 14:54:21,411 [pool-47-thread-1] INFO  server.RaftServerConfigKeys (ConfUtils.java:logGet(43)) - raft.server.retrycache.expirytime = 600000ms (custom)
2019-09-17 14:54:21,413 [pool-47-thread-1] INFO  impl.RaftServerImpl (RaftServerImpl.java:start(185)) - 0d659ca8-8d3f-4ad5-ad2a-cdb4ab88523b@group-C465A817DF8C: start as a follower, conf=-1: [0d659ca8-8d3f-4ad5-ad2a-cdb4ab88523b:192.168.151.72:38283], old=null
2019-09-17 14:54:21,413 [pool-47-thread-1] INFO  impl.RaftServerImpl (RaftServerImpl.java:setRole(174)) - 0d659ca8-8d3f-4ad5-ad2a-cdb4ab88523b@group-C465A817DF8C: changes role from      null to FOLLOWER at term 0 for startAsFollower
2019-09-17 14:54:21,414 [pool-47-thread-1] INFO  impl.RoleInfo (RoleInfo.java:updateAndGet(143)) - 0d659ca8-8d3f-4ad5-ad2a-cdb4ab88523b: start FollowerState
2019-09-17 14:54:21,414 [pool-47-thread-1] INFO  util.JmxRegister (JmxRegister.java:tryRegister(44)) - Successfully registered JMX Bean with object name Ratis:service=RaftServer,group=group-C465A817DF8C,id=0d659ca8-8d3f-4ad5-ad2a-cdb4ab88523b
2019-09-17 14:54:21,436 [RatisPipelineUtilsThread] INFO  pipeline.PipelineStateManager (PipelineStateManager.java:addPipeline(56)) - Created pipeline Pipeline[ Id: d9f84d21-74d9-4df6-bec7-c465a817df8c, Nodes: 0d659ca8-8d3f-4ad5-ad2a-cdb4ab88523b{ip: 192.168.151.72, host: pr-hdds-2137-trunk-f8w4d-2934045284, networkLocation: /default-rack, certSerialId: null}, Type:RATIS, Factor:ONE, State:OPEN]
2019-09-17 14:54:21,461 [grpc-default-executor-0] INFO  impl.RaftServerProxy (RaftServerProxy.java:addNew(89)) - 64dc86e1-b58a-47fa-9209-c80a04613504: addNew group-E3F07BE7A5EB:[64dc86e1-b58a-47fa-9209-c80a04613504:192.168.151.72:41434] returns group-E3F07BE7A5EB:java.util.concurrent.CompletableFuture@26dc76bf[Not completed]
2019-09-17 14:54:21,467 [pool-107-thread-1] INFO  impl.RaftServerImpl (RaftServerImpl.java:<init>(95)) - 64dc86e1-b58a-47fa-9209-c80a04613504: new RaftServerImpl for group-E3F07BE7A5EB:[64dc86e1-b58a-47fa-9209-c80a04613504:192.168.151.72:41434] with ContainerStateMachine:uninitialized
2019-09-17 14:54:21,467 [Thread-285] INFO  impl.FollowerState (FollowerState.java:run(106)) - 87bd24bf-ffb9-4c07-ac8f-086f94142b7e:group-EA0C3C784A36 changes to CANDIDATE, lastRpcTime:1046, electionTimeout:1045ms
2019-09-17 14:54:21,468 [pool-107-thread-1] INFO  server.RaftServerConfigKeys (ConfUtils.java:logGet(43)) - raft.server.rpc.timeout.min = 1s (custom)
2019-09-17 14:54:21,468 [pool-107-thread-1] INFO  server.RaftServerConfigKeys (ConfUtils.java:logGet(43)) - raft.server.rpc.timeout.max = 1200ms (custom)
2019-09-17 14:54:21,468 [pool-107-thread-1] INFO  server.RaftServerConfigKeys (ConfUtils.java:logGet(43)) - raft.server.rpcslowness.timeout = 120s (custom)
2019-09-17 14:54:21,468 [pool-107-thread-1] INFO  server.RaftServerConfigKeys (ConfUtils.java:logGet(43)) - raft.server.sleep.deviation.threshold = 300 (default)
2019-09-17 14:54:21,471 [pool-107-thread-1] INFO  server.RaftServerConfigKeys (ConfUtils.java:logGet(43)) - raft.server.log.appender.install.snapshot.enabled = false (custom)
2019-09-17 14:54:21,471 [pool-107-thread-1] INFO  impl.RaftServerImpl (ServerState.java:<init>(103)) - 64dc86e1-b58a-47fa-9209-c80a04613504@group-E3F07BE7A5EB: ConfigurationManager, init=-1: [64dc86e1-b58a-47fa-9209-c80a04613504:192.168.151.72:41434], old=null, confs=<EMPTY_MAP>
2019-09-17 14:54:21,471 [pool-107-thread-1] INFO  server.RaftServerConfigKeys (ConfUtils.java:logGet(43)) - raft.server.storage.dir = [/workdir/hadoop-ozone/integration-test/target/test-dir/MiniOzoneClusterImpl-845ee491-3861-4700-afca-e6762de221c3/datanode-8/data/ratis] (custom)
2019-09-17 14:54:21,472 [pool-107-thread-1] INFO  storage.RaftStorageDirectory (RaftStorageDirectory.java:analyzeStorage(246)) - The storage directory /workdir/hadoop-ozone/integration-test/target/test-dir/MiniOzoneClusterImpl-845ee491-3861-4700-afca-e6762de221c3/datanode-8/data/ratis/64b8bbc4-3d4b-4c57-b1d1-e3f07be7a5eb does not exist. Creating ...
2019-09-17 14:54:21,472 [Thread-285] INFO  impl.RoleInfo (RoleInfo.java:shutdownFollowerState(121)) - 87bd24bf-ffb9-4c07-ac8f-086f94142b7e: shutdown FollowerState
2019-09-17 14:54:21,472 [Thread-285] INFO  impl.RaftServerImpl (RaftServerImpl.java:setRole(174)) - 87bd24bf-ffb9-4c07-ac8f-086f94142b7e@group-EA0C3C784A36: changes role from  FOLLOWER to CANDIDATE at term 0 for changeToCandidate
2019-09-17 14:54:21,480 [Thread-285] INFO  impl.RoleInfo (RoleInfo.java:updateAndGet(143)) - 87bd24bf-ffb9-4c07-ac8f-086f94142b7e: start LeaderElection
2019-09-17 14:54:21,485 [pool-107-thread-1] INFO  storage.RaftStorageDirectory (RaftStorageDirectory.java:tryLock(328)) - Lock on /workdir/hadoop-ozone/integration-test/target/test-dir/MiniOzoneClusterImpl-845ee491-3861-4700-afca-e6762de221c3/datanode-8/data/ratis/64b8bbc4-3d4b-4c57-b1d1-e3f07be7a5eb/in_use.lock acquired by nodename 9959@pr-hdds-2137-trunk-f8w4d-2934045284
2019-09-17 14:54:21,500 [pool-107-thread-1] INFO  storage.RaftStorage (RaftStorage.java:format(72)) - Storage directory /workdir/hadoop-ozone/integration-test/target/test-dir/MiniOzoneClusterImpl-845ee491-3861-4700-afca-e6762de221c3/datanode-8/data/ratis/64b8bbc4-3d4b-4c57-b1d1-e3f07be7a5eb has been successfully formatted.
2019-09-17 14:54:21,501 [87bd24bf-ffb9-4c07-ac8f-086f94142b7e@group-EA0C3C784A36:LeaderElection1] INFO  impl.LeaderElection (LeaderElection.java:askForVotes(182)) - 87bd24bf-ffb9-4c07-ac8f-086f94142b7e@group-EA0C3C784A36:LeaderElection1: begin an election at term 1 for -1: [87bd24bf-ffb9-4c07-ac8f-086f94142b7e:192.168.151.72:43501], old=null
2019-09-17 14:54:21,501 [pool-107-thread-1] INFO  ratis.ContainerStateMachine (ContainerStateMachine.java:loadSnapshot(230)) - group-E3F07BE7A5EB: The snapshot info is null. Setting the last applied indexto:(t:0, i:~)
2019-09-17 14:54:21,501 [pool-107-thread-1] INFO  server.RaftServerConfigKeys (ConfUtils.java:logGet(43)) - raft.server.notification.no-leader.timeout = 120s (custom)
2019-09-17 14:54:21,501 [pool-107-thread-1] INFO  server.RaftServerConfigKeys (ConfUtils.java:logGet(43)) - raft.server.log.use.memory = false (default)
2019-09-17 14:54:21,501 [pool-107-thread-1] INFO  server.RaftServerConfigKeys (ConfUtils.java:logGet(43)) - raft.server.log.purge.gap = 1000000 (custom)
2019-09-17 14:54:21,501 [pool-107-thread-1] INFO  server.RaftServerConfigKeys (ConfUtils.java:logGet(43)) - raft.server.log.appender.buffer.byte-limit = 33554432 (custom)
2019-09-17 14:54:21,502 [pool-107-thread-1] INFO  server.RaftServerConfigKeys (ConfUtils.java:logGet(43)) - raft.server.log.segment.size.max = 1048576 (custom)
2019-09-17 14:54:21,502 [pool-107-thread-1] INFO  server.RaftServerConfigKeys (ConfUtils.java:logGet(43)) - raft.server.log.segment.cache.num.max = 2 (custom)
2019-09-17 14:54:21,502 [87bd24bf-ffb9-4c07-ac8f-086f94142b7e@group-EA0C3C784A36:LeaderElection1] INFO  impl.RoleInfo (RoleInfo.java:shutdownLeaderElection(134)) - 87bd24bf-ffb9-4c07-ac8f-086f94142b7e: shutdown LeaderElection
2019-09-17 14:54:21,502 [pool-107-thread-1] INFO  segmented.SegmentedRaftLogWorker (SegmentedRaftLogWorker.java:<init>(172)) - new 64dc86e1-b58a-47fa-9209-c80a04613504@group-E3F07BE7A5EB-SegmentedRaftLogWorker for RaftStorage:Storage Directory /workdir/hadoop-ozone/integration-test/target/test-dir/MiniOzoneClusterImpl-845ee491-3861-4700-afca-e6762de221c3/datanode-8/data/ratis/64b8bbc4-3d4b-4c57-b1d1-e3f07be7a5eb
2019-09-17 14:54:21,503 [87bd24bf-ffb9-4c07-ac8f-086f94142b7e@group-EA0C3C784A36:LeaderElection1] INFO  impl.RaftServerImpl (RaftServerImpl.java:setRole(174)) - 87bd24bf-ffb9-4c07-ac8f-086f94142b7e@group-EA0C3C784A36: changes role from CANDIDATE to LEADER at term 1 for changeToLeader
2019-09-17 14:54:21,503 [87bd24bf-ffb9-4c07-ac8f-086f94142b7e@group-EA0C3C784A36:LeaderElection1] INFO  impl.RaftServerImpl (ServerState.java:setLeader(253)) - 87bd24bf-ffb9-4c07-ac8f-086f94142b7e@group-EA0C3C784A36: change Leader from null to 87bd24bf-ffb9-4c07-ac8f-086f94142b7e at term 1 for becomeLeader, leader elected after 1201ms
2019-09-17 14:54:21,505 [pool-107-thread-1] INFO  server.RaftServerConfigKeys (ConfUtils.java:logGet(43)) - raft.server.log.queue.byte-limit = 2147483647 (custom)
2019-09-17 14:54:21,505 [pool-107-thread-1] INFO  server.RaftServerConfigKeys (ConfUtils.java:logGet(43)) - raft.server.log.queue.element-limit = 1024 (custom)
2019-09-17 14:54:21,505 [pool-107-thread-1] INFO  server.RaftServerConfigKeys (ConfUtils.java:logGet(43)) - raft.server.log.segment.size.max = 1048576 (custom)
2019-09-17 14:54:21,505 [pool-107-thread-1] INFO  server.RaftServerConfigKeys (ConfUtils.java:logGet(43)) - raft.server.log.preallocated.size = 16384 (custom)
2019-09-17 14:54:21,505 [pool-107-thread-1] INFO  server.RaftServerConfigKeys (ConfUtils.java:logGet(43)) - raft.server.log.write.buffer.size = 33554432 (custom)
2019-09-17 14:54:21,506 [pool-107-thread-1] INFO  server.RaftServerConfigKeys (ConfUtils.java:logGet(43)) - raft.server.log.force.sync.num = 128 (default)
2019-09-17 14:54:21,506 [pool-107-thread-1] INFO  server.RaftServerConfigKeys (ConfUtils.java:logGet(43)) - raft.server.log.statemachine.data.sync = true (default)
2019-09-17 14:54:21,506 [pool-107-thread-1] INFO  server.RaftServerConfigKeys (ConfUtils.java:logGet(43)) - raft.server.log.statemachine.data.sync.timeout = 10s (default)
2019-09-17 14:54:21,506 [pool-107-thread-1] INFO  server.RaftServerConfigKeys (ConfUtils.java:logGet(43)) - raft.server.log.statemachine.data.sync.timeout.retry = -1 (default)
2019-09-17 14:54:21,506 [pool-107-thread-1] INFO  server.RaftServerConfigKeys (ConfUtils.java:logGet(43)) - raft.server.log.statemachine.data.caching.enabled = true (custom)
2019-09-17 14:54:21,506 [pool-107-thread-1] INFO  segmented.SegmentedRaftLogWorker (SegmentedRaftLogWorker.java:lambda$new$0(132)) - 64dc86e1-b58a-47fa-9209-c80a04613504@group-E3F07BE7A5EB-SegmentedRaftLogWorker: flushIndex: setUnconditionally 0 -> -1
2019-09-17 14:54:21,507 [pool-107-thread-1] INFO  server.RaftServerConfigKeys (ConfUtils.java:logGet(43)) - raft.server.snapshot.auto.trigger.enabled = true (custom)
2019-09-17 14:54:21,507 [pool-107-thread-1] INFO  server.RaftServerConfigKeys (ConfUtils.java:logGet(43)) - raft.server.snapshot.auto.trigger.threshold = 10000 (custom)
2019-09-17 14:54:21,507 [pool-107-thread-1] INFO  server.RaftServerConfigKeys (ConfUtils.java:logGet(43)) - raft.server.snapshot.retention.num.files = 5 (custom)
2019-09-17 14:54:21,507 [pool-107-thread-1] INFO  server.RaftServerConfigKeys (ConfUtils.java:logGet(43)) - raft.server.retrycache.expirytime = 600000ms (custom)
2019-09-17 14:54:21,509 [pool-107-thread-1] INFO  impl.RaftServerImpl (RaftServerImpl.java:start(185)) - 64dc86e1-b58a-47fa-9209-c80a04613504@group-E3F07BE7A5EB: start as a follower, conf=-1: [64dc86e1-b58a-47fa-9209-c80a04613504:192.168.151.72:41434], old=null
2019-09-17 14:54:21,509 [pool-107-thread-1] INFO  impl.RaftServerImpl (RaftServerImpl.java:setRole(174)) - 64dc86e1-b58a-47fa-9209-c80a04613504@group-E3F07BE7A5EB: changes role from      null to FOLLOWER at term 0 for startAsFollower
2019-09-17 14:54:21,509 [pool-107-thread-1] INFO  impl.RoleInfo (RoleInfo.java:updateAndGet(143)) - 64dc86e1-b58a-47fa-9209-c80a04613504: start FollowerState
2019-09-17 14:54:21,512 [87bd24bf-ffb9-4c07-ac8f-086f94142b7e@group-EA0C3C784A36:LeaderElection1] INFO  server.RaftServerConfigKeys (ConfUtils.java:logGet(43)) - raft.server.staging.catchup.gap = 1000 (default)
2019-09-17 14:54:21,512 [87bd24bf-ffb9-4c07-ac8f-086f94142b7e@group-EA0C3C784A36:LeaderElection1] INFO  server.RaftServerConfigKeys (ConfUtils.java:logGet(43)) - raft.server.rpc.sleep.time = 25ms (default)
2019-09-17 14:54:21,512 [pool-107-thread-1] INFO  util.JmxRegister (JmxRegister.java:tryRegister(44)) - Successfully registered JMX Bean with object name Ratis:service=RaftServer,group=group-E3F07BE7A5EB,id=64dc86e1-b58a-47fa-9209-c80a04613504
2019-09-17 14:54:21,522 [87bd24bf-ffb9-4c07-ac8f-086f94142b7e@group-EA0C3C784A36:LeaderElection1] INFO  server.RaftServerConfigKeys (ConfUtils.java:logGet(43)) - raft.server.write.element-limit = 4096 (default)
2019-09-17 14:54:21,527 [RatisPipelineUtilsThread] INFO  pipeline.PipelineStateManager (PipelineStateManager.java:addPipeline(56)) - Created pipeline Pipeline[ Id: 64b8bbc4-3d4b-4c57-b1d1-e3f07be7a5eb, Nodes: 64dc86e1-b58a-47fa-9209-c80a04613504{ip: 192.168.151.72, host: pr-hdds-2137-trunk-f8w4d-2934045284, networkLocation: /default-rack, certSerialId: null}, Type:RATIS, Factor:ONE, State:OPEN]
2019-09-17 14:54:21,531 [87bd24bf-ffb9-4c07-ac8f-086f94142b7e@group-EA0C3C784A36:LeaderElection1] INFO  server.RaftServerConfigKeys (ConfUtils.java:logGet(43)) - raft.server.watch.timeout = 10s (default)
2019-09-17 14:54:21,531 [87bd24bf-ffb9-4c07-ac8f-086f94142b7e@group-EA0C3C784A36:LeaderElection1] INFO  server.RaftServerConfigKeys (ConfUtils.java:logGet(43)) - raft.server.watch.timeout.denomination = 1s (default)
2019-09-17 14:54:21,538 [87bd24bf-ffb9-4c07-ac8f-086f94142b7e@group-EA0C3C784A36:LeaderElection1] INFO  server.RaftServerConfigKeys (ConfUtils.java:logGet(43)) - raft.server.watch.element-limit = 65536 (default)
2019-09-17 14:54:21,552 [grpc-default-executor-0] INFO  impl.RaftServerProxy (RaftServerProxy.java:addNew(89)) - 296d1e6a-4d03-4625-a926-8603881e9a06: addNew group-8C78F49F91F0:[296d1e6a-4d03-4625-a926-8603881e9a06:192.168.151.72:33407] returns group-8C78F49F91F0:java.util.concurrent.CompletableFuture@44c75890[Not completed]
2019-09-17 14:54:21,566 [pool-67-thread-1] INFO  impl.RaftServerImpl (RaftServerImpl.java:<init>(95)) - 296d1e6a-4d03-4625-a926-8603881e9a06: new RaftServerImpl for group-8C78F49F91F0:[296d1e6a-4d03-4625-a926-8603881e9a06:192.168.151.72:33407] with ContainerStateMachine:uninitialized
2019-09-17 14:54:21,566 [pool-67-thread-1] INFO  server.RaftServerConfigKeys (ConfUtils.java:logGet(43)) - raft.server.rpc.timeout.min = 1s (custom)
2019-09-17 14:54:21,567 [pool-67-thread-1] INFO  server.RaftServerConfigKeys (ConfUtils.java:logGet(43)) - raft.server.rpc.timeout.max = 1200ms (custom)
2019-09-17 14:54:21,567 [pool-67-thread-1] INFO  server.RaftServerConfigKeys (ConfUtils.java:logGet(43)) - raft.server.rpcslowness.timeout = 120s (custom)
2019-09-17 14:54:21,567 [pool-67-thread-1] INFO  server.RaftServerConfigKeys (ConfUtils.java:logGet(43)) - raft.server.sleep.deviation.threshold = 300 (default)
2019-09-17 14:54:21,567 [pool-67-thread-1] INFO  server.RaftServerConfigKeys (ConfUtils.java:logGet(43)) - raft.server.log.appender.install.snapshot.enabled = false (custom)
2019-09-17 14:54:21,567 [pool-67-thread-1] INFO  impl.RaftServerImpl (ServerState.java:<init>(103)) - 296d1e6a-4d03-4625-a926-8603881e9a06@group-8C78F49F91F0: ConfigurationManager, init=-1: [296d1e6a-4d03-4625-a926-8603881e9a06:192.168.151.72:33407], old=null, confs=<EMPTY_MAP>
2019-09-17 14:54:21,567 [pool-67-thread-1] INFO  server.RaftServerConfigKeys (ConfUtils.java:logGet(43)) - raft.server.storage.dir = [/workdir/hadoop-ozone/integration-test/target/test-dir/MiniOzoneClusterImpl-845ee491-3861-4700-afca-e6762de221c3/datanode-4/data/ratis] (custom)
2019-09-17 14:54:21,568 [pool-67-thread-1] INFO  storage.RaftStorageDirectory (RaftStorageDirectory.java:analyzeStorage(246)) - The storage directory /workdir/hadoop-ozone/integration-test/target/test-dir/MiniOzoneClusterImpl-845ee491-3861-4700-afca-e6762de221c3/datanode-4/data/ratis/27aff7fc-816d-482b-a4ba-8c78f49f91f0 does not exist. Creating ...
2019-09-17 14:54:21,571 [pool-67-thread-1] INFO  storage.RaftStorageDirectory (RaftStorageDirectory.java:tryLock(328)) - Lock on /workdir/hadoop-ozone/integration-test/target/test-dir/MiniOzoneClusterImpl-845ee491-3861-4700-afca-e6762de221c3/datanode-4/data/ratis/27aff7fc-816d-482b-a4ba-8c78f49f91f0/in_use.lock acquired by nodename 9959@pr-hdds-2137-trunk-f8w4d-2934045284
2019-09-17 14:54:21,573 [87bd24bf-ffb9-4c07-ac8f-086f94142b7e@group-EA0C3C784A36:LeaderElection1] INFO  impl.RoleInfo (RoleInfo.java:updateAndGet(143)) - 87bd24bf-ffb9-4c07-ac8f-086f94142b7e: start LeaderState
2019-09-17 14:54:21,574 [pool-67-thread-1] INFO  storage.RaftStorage (RaftStorage.java:format(72)) - Storage directory /workdir/hadoop-ozone/integration-test/target/test-dir/MiniOzoneClusterImpl-845ee491-3861-4700-afca-e6762de221c3/datanode-4/data/ratis/27aff7fc-816d-482b-a4ba-8c78f49f91f0 has been successfully formatted.
2019-09-17 14:54:21,575 [pool-67-thread-1] INFO  ratis.ContainerStateMachine (ContainerStateMachine.java:loadSnapshot(230)) - group-8C78F49F91F0: The snapshot info is null. Setting the last applied indexto:(t:0, i:~)
2019-09-17 14:54:21,575 [pool-67-thread-1] INFO  server.RaftServerConfigKeys (ConfUtils.java:logGet(43)) - raft.server.notification.no-leader.timeout = 120s (custom)
2019-09-17 14:54:21,575 [pool-67-thread-1] INFO  server.RaftServerConfigKeys (ConfUtils.java:logGet(43)) - raft.server.log.use.memory = false (default)
2019-09-17 14:54:21,575 [pool-67-thread-1] INFO  server.RaftServerConfigKeys (ConfUtils.java:logGet(43)) - raft.server.log.purge.gap = 1000000 (custom)
2019-09-17 14:54:21,575 [pool-67-thread-1] INFO  server.RaftServerConfigKeys (ConfUtils.java:logGet(43)) - raft.server.log.appender.buffer.byte-limit = 33554432 (custom)
2019-09-17 14:54:21,575 [pool-67-thread-1] INFO  server.RaftServerConfigKeys (ConfUtils.java:logGet(43)) - raft.server.log.segment.size.max = 1048576 (custom)
2019-09-17 14:54:21,576 [pool-67-thread-1] INFO  server.RaftServerConfigKeys (ConfUtils.java:logGet(43)) - raft.server.log.segment.cache.num.max = 2 (custom)
2019-09-17 14:54:21,576 [pool-67-thread-1] INFO  segmented.SegmentedRaftLogWorker (SegmentedRaftLogWorker.java:<init>(172)) - new 296d1e6a-4d03-4625-a926-8603881e9a06@group-8C78F49F91F0-SegmentedRaftLogWorker for RaftStorage:Storage Directory /workdir/hadoop-ozone/integration-test/target/test-dir/MiniOzoneClusterImpl-845ee491-3861-4700-afca-e6762de221c3/datanode-4/data/ratis/27aff7fc-816d-482b-a4ba-8c78f49f91f0
2019-09-17 14:54:21,578 [pool-67-thread-1] INFO  server.RaftServerConfigKeys (ConfUtils.java:logGet(43)) - raft.server.log.queue.byte-limit = 2147483647 (custom)
2019-09-17 14:54:21,578 [pool-67-thread-1] INFO  server.RaftServerConfigKeys (ConfUtils.java:logGet(43)) - raft.server.log.queue.element-limit = 1024 (custom)
2019-09-17 14:54:21,579 [pool-67-thread-1] INFO  server.RaftServerConfigKeys (ConfUtils.java:logGet(43)) - raft.server.log.segment.size.max = 1048576 (custom)
2019-09-17 14:54:21,579 [pool-67-thread-1] INFO  server.RaftServerConfigKeys (ConfUtils.java:logGet(43)) - raft.server.log.preallocated.size = 16384 (custom)
2019-09-17 14:54:21,579 [pool-67-thread-1] INFO  server.RaftServerConfigKeys (ConfUtils.java:logGet(43)) - raft.server.log.write.buffer.size = 33554432 (custom)
2019-09-17 14:54:21,579 [pool-67-thread-1] INFO  server.RaftServerConfigKeys (ConfUtils.java:logGet(43)) - raft.server.log.force.sync.num = 128 (default)
2019-09-17 14:54:21,579 [pool-67-thread-1] INFO  server.RaftServerConfigKeys (ConfUtils.java:logGet(43)) - raft.server.log.statemachine.data.sync = true (default)
2019-09-17 14:54:21,579 [pool-67-thread-1] INFO  server.RaftServerConfigKeys (ConfUtils.java:logGet(43)) - raft.server.log.statemachine.data.sync.timeout = 10s (default)
2019-09-17 14:54:21,580 [pool-67-thread-1] INFO  server.RaftServerConfigKeys (ConfUtils.java:logGet(43)) - raft.server.log.statemachine.data.sync.timeout.retry = -1 (default)
2019-09-17 14:54:21,580 [pool-67-thread-1] INFO  server.RaftServerConfigKeys (ConfUtils.java:logGet(43)) - raft.server.log.statemachine.data.caching.enabled = true (custom)
2019-09-17 14:54:21,580 [pool-67-thread-1] INFO  segmented.SegmentedRaftLogWorker (SegmentedRaftLogWorker.java:lambda$new$0(132)) - 296d1e6a-4d03-4625-a926-8603881e9a06@group-8C78F49F91F0-SegmentedRaftLogWorker: flushIndex: setUnconditionally 0 -> -1
2019-09-17 14:54:21,580 [pool-67-thread-1] INFO  server.RaftServerConfigKeys (ConfUtils.java:logGet(43)) - raft.server.snapshot.auto.trigger.enabled = true (custom)
2019-09-17 14:54:21,581 [pool-67-thread-1] INFO  server.RaftServerConfigKeys (ConfUtils.java:logGet(43)) - raft.server.snapshot.auto.trigger.threshold = 10000 (custom)
2019-09-17 14:54:21,581 [pool-67-thread-1] INFO  server.RaftServerConfigKeys (ConfUtils.java:logGet(43)) - raft.server.snapshot.retention.num.files = 5 (custom)
2019-09-17 14:54:21,581 [pool-67-thread-1] INFO  server.RaftServerConfigKeys (ConfUtils.java:logGet(43)) - raft.server.retrycache.expirytime = 600000ms (custom)
2019-09-17 14:54:21,583 [pool-67-thread-1] INFO  impl.RaftServerImpl (RaftServerImpl.java:start(185)) - 296d1e6a-4d03-4625-a926-8603881e9a06@group-8C78F49F91F0: start as a follower, conf=-1: [296d1e6a-4d03-4625-a926-8603881e9a06:192.168.151.72:33407], old=null
2019-09-17 14:54:21,583 [pool-67-thread-1] INFO  impl.RaftServerImpl (RaftServerImpl.java:setRole(174)) - 296d1e6a-4d03-4625-a926-8603881e9a06@group-8C78F49F91F0: changes role from      null to FOLLOWER at term 0 for startAsFollower
2019-09-17 14:54:21,584 [pool-67-thread-1] INFO  impl.RoleInfo (RoleInfo.java:updateAndGet(143)) - 296d1e6a-4d03-4625-a926-8603881e9a06: start FollowerState
2019-09-17 14:54:21,584 [pool-67-thread-1] INFO  util.JmxRegister (JmxRegister.java:tryRegister(44)) - Successfully registered JMX Bean with object name Ratis:service=RaftServer,group=group-8C78F49F91F0,id=296d1e6a-4d03-4625-a926-8603881e9a06
2019-09-17 14:54:21,603 [RatisPipelineUtilsThread] INFO  pipeline.PipelineStateManager (PipelineStateManager.java:addPipeline(56)) - Created pipeline Pipeline[ Id: 27aff7fc-816d-482b-a4ba-8c78f49f91f0, Nodes: 296d1e6a-4d03-4625-a926-8603881e9a06{ip: 192.168.151.72, host: pr-hdds-2137-trunk-f8w4d-2934045284, networkLocation: /default-rack, certSerialId: null}, Type:RATIS, Factor:ONE, State:OPEN]
2019-09-17 14:54:21,613 [87bd24bf-ffb9-4c07-ac8f-086f94142b7e@group-EA0C3C784A36:LeaderElection1] INFO  segmented.SegmentedRaftLogWorker (SegmentedRaftLogWorker.java:startLogSegment(380)) - 87bd24bf-ffb9-4c07-ac8f-086f94142b7e@group-EA0C3C784A36-SegmentedRaftLogWorker: Starting segment from index:0
2019-09-17 14:54:21,638 [grpc-default-executor-0] INFO  impl.RaftServerProxy (RaftServerProxy.java:addNew(89)) - 4fc98c0c-5a86-4e60-8142-4a73cef3337e: addNew group-5FB6FC4E68B8:[4fc98c0c-5a86-4e60-8142-4a73cef3337e:192.168.151.72:35979] returns group-5FB6FC4E68B8:java.util.concurrent.CompletableFuture@1beb8185[Not completed]
2019-09-17 14:54:21,639 [87bd24bf-ffb9-4c07-ac8f-086f94142b7e@group-EA0C3C784A36:LeaderElection1] INFO  impl.RaftServerImpl (ServerState.java:setRaftConf(354)) - 87bd24bf-ffb9-4c07-ac8f-086f94142b7e@group-EA0C3C784A36: set configuration 0: [87bd24bf-ffb9-4c07-ac8f-086f94142b7e:192.168.151.72:43501], old=null at 0
2019-09-17 14:54:21,640 [pool-87-thread-1] INFO  impl.RaftServerImpl (RaftServerImpl.java:<init>(95)) - 4fc98c0c-5a86-4e60-8142-4a73cef3337e: new RaftServerImpl for group-5FB6FC4E68B8:[4fc98c0c-5a86-4e60-8142-4a73cef3337e:192.168.151.72:35979] with ContainerStateMachine:uninitialized
2019-09-17 14:54:21,641 [pool-87-thread-1] INFO  server.RaftServerConfigKeys (ConfUtils.java:logGet(43)) - raft.server.rpc.timeout.min = 1s (custom)
2019-09-17 14:54:21,642 [pool-87-thread-1] INFO  server.RaftServerConfigKeys (ConfUtils.java:logGet(43)) - raft.server.rpc.timeout.max = 1200ms (custom)
2019-09-17 14:54:21,642 [pool-87-thread-1] INFO  server.RaftServerConfigKeys (ConfUtils.java:logGet(43)) - raft.server.rpcslowness.timeout = 120s (custom)
2019-09-17 14:54:21,642 [pool-87-thread-1] INFO  server.RaftServerConfigKeys (ConfUtils.java:logGet(43)) - raft.server.sleep.deviation.threshold = 300 (default)
2019-09-17 14:54:21,642 [pool-87-thread-1] INFO  server.RaftServerConfigKeys (ConfUtils.java:logGet(43)) - raft.server.log.appender.install.snapshot.enabled = false (custom)
2019-09-17 14:54:21,642 [pool-87-thread-1] INFO  impl.RaftServerImpl (ServerState.java:<init>(103)) - 4fc98c0c-5a86-4e60-8142-4a73cef3337e@group-5FB6FC4E68B8: ConfigurationManager, init=-1: [4fc98c0c-5a86-4e60-8142-4a73cef3337e:192.168.151.72:35979], old=null, confs=<EMPTY_MAP>
2019-09-17 14:54:21,643 [pool-87-thread-1] INFO  server.RaftServerConfigKeys (ConfUtils.java:logGet(43)) - raft.server.storage.dir = [/workdir/hadoop-ozone/integration-test/target/test-dir/MiniOzoneClusterImpl-845ee491-3861-4700-afca-e6762de221c3/datanode-6/data/ratis] (custom)
2019-09-17 14:54:21,643 [pool-87-thread-1] INFO  storage.RaftStorageDirectory (RaftStorageDirectory.java:analyzeStorage(246)) - The storage directory /workdir/hadoop-ozone/integration-test/target/test-dir/MiniOzoneClusterImpl-845ee491-3861-4700-afca-e6762de221c3/datanode-6/data/ratis/40f9cf40-c70d-4649-be12-5fb6fc4e68b8 does not exist. Creating ...
2019-09-17 14:54:21,660 [pool-87-thread-1] INFO  storage.RaftStorageDirectory (RaftStorageDirectory.java:tryLock(328)) - Lock on /workdir/hadoop-ozone/integration-test/target/test-dir/MiniOzoneClusterImpl-845ee491-3861-4700-afca-e6762de221c3/datanode-6/data/ratis/40f9cf40-c70d-4649-be12-5fb6fc4e68b8/in_use.lock acquired by nodename 9959@pr-hdds-2137-trunk-f8w4d-2934045284
2019-09-17 14:54:21,673 [pool-87-thread-1] INFO  storage.RaftStorage (RaftStorage.java:format(72)) - Storage directory /workdir/hadoop-ozone/integration-test/target/test-dir/MiniOzoneClusterImpl-845ee491-3861-4700-afca-e6762de221c3/datanode-6/data/ratis/40f9cf40-c70d-4649-be12-5fb6fc4e68b8 has been successfully formatted.
2019-09-17 14:54:21,673 [pool-87-thread-1] INFO  ratis.ContainerStateMachine (ContainerStateMachine.java:loadSnapshot(230)) - group-5FB6FC4E68B8: The snapshot info is null. Setting the last applied indexto:(t:0, i:~)
2019-09-17 14:54:21,673 [pool-87-thread-1] INFO  server.RaftServerConfigKeys (ConfUtils.java:logGet(43)) - raft.server.notification.no-leader.timeout = 120s (custom)
2019-09-17 14:54:21,673 [pool-87-thread-1] INFO  server.RaftServerConfigKeys (ConfUtils.java:logGet(43)) - raft.server.log.use.memory = false (default)
2019-09-17 14:54:21,674 [pool-87-thread-1] INFO  server.RaftServerConfigKeys (ConfUtils.java:logGet(43)) - raft.server.log.purge.gap = 1000000 (custom)
2019-09-17 14:54:21,674 [pool-87-thread-1] INFO  server.RaftServerConfigKeys (ConfUtils.java:logGet(43)) - raft.server.log.appender.buffer.byte-limit = 33554432 (custom)
2019-09-17 14:54:21,674 [pool-87-thread-1] INFO  server.RaftServerConfigKeys (ConfUtils.java:logGet(43)) - raft.server.log.segment.size.max = 1048576 (custom)
2019-09-17 14:54:21,674 [pool-87-thread-1] INFO  server.RaftServerConfigKeys (ConfUtils.java:logGet(43)) - raft.server.log.segment.cache.num.max = 2 (custom)
2019-09-17 14:54:21,674 [pool-87-thread-1] INFO  segmented.SegmentedRaftLogWorker (SegmentedRaftLogWorker.java:<init>(172)) - new 4fc98c0c-5a86-4e60-8142-4a73cef3337e@group-5FB6FC4E68B8-SegmentedRaftLogWorker for RaftStorage:Storage Directory /workdir/hadoop-ozone/integration-test/target/test-dir/MiniOzoneClusterImpl-845ee491-3861-4700-afca-e6762de221c3/datanode-6/data/ratis/40f9cf40-c70d-4649-be12-5fb6fc4e68b8
2019-09-17 14:54:21,677 [pool-87-thread-1] INFO  server.RaftServerConfigKeys (ConfUtils.java:logGet(43)) - raft.server.log.queue.byte-limit = 2147483647 (custom)
2019-09-17 14:54:21,677 [pool-87-thread-1] INFO  server.RaftServerConfigKeys (ConfUtils.java:logGet(43)) - raft.server.log.queue.element-limit = 1024 (custom)
2019-09-17 14:54:21,677 [pool-87-thread-1] INFO  server.RaftServerConfigKeys (ConfUtils.java:logGet(43)) - raft.server.log.segment.size.max = 1048576 (custom)
2019-09-17 14:54:21,677 [pool-87-thread-1] INFO  server.RaftServerConfigKeys (ConfUtils.java:logGet(43)) - raft.server.log.preallocated.size = 16384 (custom)
2019-09-17 14:54:21,678 [pool-87-thread-1] INFO  server.RaftServerConfigKeys (ConfUtils.java:logGet(43)) - raft.server.log.write.buffer.size = 33554432 (custom)
2019-09-17 14:54:21,678 [pool-87-thread-1] INFO  server.RaftServerConfigKeys (ConfUtils.java:logGet(43)) - raft.server.log.force.sync.num = 128 (default)
2019-09-17 14:54:21,678 [pool-87-thread-1] INFO  server.RaftServerConfigKeys (ConfUtils.java:logGet(43)) - raft.server.log.statemachine.data.sync = true (default)
2019-09-17 14:54:21,678 [pool-87-thread-1] INFO  server.RaftServerConfigKeys (ConfUtils.java:logGet(43)) - raft.server.log.statemachine.data.sync.timeout = 10s (default)
2019-09-17 14:54:21,678 [pool-87-thread-1] INFO  server.RaftServerConfigKeys (ConfUtils.java:logGet(43)) - raft.server.log.statemachine.data.sync.timeout.retry = -1 (default)
2019-09-17 14:54:21,679 [pool-87-thread-1] INFO  server.RaftServerConfigKeys (ConfUtils.java:logGet(43)) - raft.server.log.statemachine.data.caching.enabled = true (custom)
2019-09-17 14:54:21,679 [pool-87-thread-1] INFO  segmented.SegmentedRaftLogWorker (SegmentedRaftLogWorker.java:lambda$new$0(132)) - 4fc98c0c-5a86-4e60-8142-4a73cef3337e@group-5FB6FC4E68B8-SegmentedRaftLogWorker: flushIndex: setUnconditionally 0 -> -1
2019-09-17 14:54:21,679 [pool-87-thread-1] INFO  server.RaftServerConfigKeys (ConfUtils.java:logGet(43)) - raft.server.snapshot.auto.trigger.enabled = true (custom)
2019-09-17 14:54:21,680 [pool-87-thread-1] INFO  server.RaftServerConfigKeys (ConfUtils.java:logGet(43)) - raft.server.snapshot.auto.trigger.threshold = 10000 (custom)
2019-09-17 14:54:21,680 [pool-87-thread-1] INFO  server.RaftServerConfigKeys (ConfUtils.java:logGet(43)) - raft.server.snapshot.retention.num.files = 5 (custom)
2019-09-17 14:54:21,680 [pool-87-thread-1] INFO  server.RaftServerConfigKeys (ConfUtils.java:logGet(43)) - raft.server.retrycache.expirytime = 600000ms (custom)
2019-09-17 14:54:21,682 [pool-87-thread-1] INFO  impl.RaftServerImpl (RaftServerImpl.java:start(185)) - 4fc98c0c-5a86-4e60-8142-4a73cef3337e@group-5FB6FC4E68B8: start as a follower, conf=-1: [4fc98c0c-5a86-4e60-8142-4a73cef3337e:192.168.151.72:35979], old=null
2019-09-17 14:54:21,683 [pool-87-thread-1] INFO  impl.RaftServerImpl (RaftServerImpl.java:setRole(174)) - 4fc98c0c-5a86-4e60-8142-4a73cef3337e@group-5FB6FC4E68B8: changes role from      null to FOLLOWER at term 0 for startAsFollower
2019-09-17 14:54:21,683 [pool-87-thread-1] INFO  impl.RoleInfo (RoleInfo.java:updateAndGet(143)) - 4fc98c0c-5a86-4e60-8142-4a73cef3337e: start FollowerState
2019-09-17 14:54:21,683 [pool-87-thread-1] INFO  util.JmxRegister (JmxRegister.java:tryRegister(44)) - Successfully registered JMX Bean with object name Ratis:service=RaftServer,group=group-5FB6FC4E68B8,id=4fc98c0c-5a86-4e60-8142-4a73cef3337e
2019-09-17 14:54:21,698 [RatisPipelineUtilsThread] INFO  pipeline.PipelineStateManager (PipelineStateManager.java:addPipeline(56)) - Created pipeline Pipeline[ Id: 40f9cf40-c70d-4649-be12-5fb6fc4e68b8, Nodes: 4fc98c0c-5a86-4e60-8142-4a73cef3337e{ip: 192.168.151.72, host: pr-hdds-2137-trunk-f8w4d-2934045284, networkLocation: /default-rack, certSerialId: null}, Type:RATIS, Factor:ONE, State:OPEN]
2019-09-17 14:54:21,737 [grpc-default-executor-2] INFO  impl.RaftServerProxy (RaftServerProxy.java:addNew(89)) - 24ee45b5-4e6b-4499-8d3c-0bcd5a303b6d: addNew group-218101269A2C:[bbb4e265-cb6b-4caa-8b5d-65801261426c:192.168.151.72:38991, 5824bb7b-23b5-4080-8c55-4e36ce35b3ee:192.168.151.72:44174, 24ee45b5-4e6b-4499-8d3c-0bcd5a303b6d:192.168.151.72:44891] returns group-218101269A2C:java.util.concurrent.CompletableFuture@5b3b7fdf[Not completed]
2019-09-17 14:54:21,740 [grpc-default-executor-2] INFO  impl.RaftServerProxy (RaftServerProxy.java:addNew(89)) - bbb4e265-cb6b-4caa-8b5d-65801261426c: addNew group-218101269A2C:[bbb4e265-cb6b-4caa-8b5d-65801261426c:192.168.151.72:38991, 5824bb7b-23b5-4080-8c55-4e36ce35b3ee:192.168.151.72:44174, 24ee45b5-4e6b-4499-8d3c-0bcd5a303b6d:192.168.151.72:44891] returns group-218101269A2C:java.util.concurrent.CompletableFuture@1a0675e4[Not completed]
2019-09-17 14:54:21,740 [pool-57-thread-1] INFO  impl.RaftServerImpl (RaftServerImpl.java:<init>(95)) - 24ee45b5-4e6b-4499-8d3c-0bcd5a303b6d: new RaftServerImpl for group-218101269A2C:[bbb4e265-cb6b-4caa-8b5d-65801261426c:192.168.151.72:38991, 5824bb7b-23b5-4080-8c55-4e36ce35b3ee:192.168.151.72:44174, 24ee45b5-4e6b-4499-8d3c-0bcd5a303b6d:192.168.151.72:44891] with ContainerStateMachine:uninitialized
2019-09-17 14:54:21,743 [pool-57-thread-1] INFO  server.RaftServerConfigKeys (ConfUtils.java:logGet(43)) - raft.server.rpc.timeout.min = 1s (custom)
2019-09-17 14:54:21,743 [pool-57-thread-1] INFO  server.RaftServerConfigKeys (ConfUtils.java:logGet(43)) - raft.server.rpc.timeout.max = 1200ms (custom)
2019-09-17 14:54:21,743 [pool-57-thread-1] INFO  server.RaftServerConfigKeys (ConfUtils.java:logGet(43)) - raft.server.rpcslowness.timeout = 120s (custom)
2019-09-17 14:54:21,743 [pool-57-thread-1] INFO  server.RaftServerConfigKeys (ConfUtils.java:logGet(43)) - raft.server.sleep.deviation.threshold = 300 (default)
2019-09-17 14:54:21,743 [pool-57-thread-1] INFO  server.RaftServerConfigKeys (ConfUtils.java:logGet(43)) - raft.server.log.appender.install.snapshot.enabled = false (custom)
2019-09-17 14:54:21,743 [grpc-default-executor-2] INFO  impl.RaftServerProxy (RaftServerProxy.java:addNew(89)) - 5824bb7b-23b5-4080-8c55-4e36ce35b3ee: addNew group-218101269A2C:[bbb4e265-cb6b-4caa-8b5d-65801261426c:192.168.151.72:38991, 5824bb7b-23b5-4080-8c55-4e36ce35b3ee:192.168.151.72:44174, 24ee45b5-4e6b-4499-8d3c-0bcd5a303b6d:192.168.151.72:44891] returns group-218101269A2C:java.util.concurrent.CompletableFuture@2b13c9bf[Not completed]
2019-09-17 14:54:21,743 [pool-57-thread-1] INFO  impl.RaftServerImpl (ServerState.java:<init>(103)) - 24ee45b5-4e6b-4499-8d3c-0bcd5a303b6d@group-218101269A2C: ConfigurationManager, init=-1: [bbb4e265-cb6b-4caa-8b5d-65801261426c:192.168.151.72:38991, 5824bb7b-23b5-4080-8c55-4e36ce35b3ee:192.168.151.72:44174, 24ee45b5-4e6b-4499-8d3c-0bcd5a303b6d:192.168.151.72:44891], old=null, confs=<EMPTY_MAP>
2019-09-17 14:54:21,744 [pool-57-thread-1] INFO  server.RaftServerConfigKeys (ConfUtils.java:logGet(43)) - raft.server.storage.dir = [/workdir/hadoop-ozone/integration-test/target/test-dir/MiniOzoneClusterImpl-845ee491-3861-4700-afca-e6762de221c3/datanode-3/data/ratis] (custom)
2019-09-17 14:54:21,744 [pool-117-thread-1] INFO  impl.RaftServerImpl (RaftServerImpl.java:<init>(95)) - bbb4e265-cb6b-4caa-8b5d-65801261426c: new RaftServerImpl for group-218101269A2C:[bbb4e265-cb6b-4caa-8b5d-65801261426c:192.168.151.72:38991, 5824bb7b-23b5-4080-8c55-4e36ce35b3ee:192.168.151.72:44174, 24ee45b5-4e6b-4499-8d3c-0bcd5a303b6d:192.168.151.72:44891] with ContainerStateMachine:uninitialized
2019-09-17 14:54:21,744 [pool-117-thread-1] INFO  server.RaftServerConfigKeys (ConfUtils.java:logGet(43)) - raft.server.rpc.timeout.min = 1s (custom)
2019-09-17 14:54:21,744 [pool-57-thread-1] INFO  storage.RaftStorageDirectory (RaftStorageDirectory.java:analyzeStorage(246)) - The storage directory /workdir/hadoop-ozone/integration-test/target/test-dir/MiniOzoneClusterImpl-845ee491-3861-4700-afca-e6762de221c3/datanode-3/data/ratis/4f8d5d5a-f561-4b2a-a81e-218101269a2c does not exist. Creating ...
2019-09-17 14:54:21,744 [pool-117-thread-1] INFO  server.RaftServerConfigKeys (ConfUtils.java:logGet(43)) - raft.server.rpc.timeout.max = 1200ms (custom)
2019-09-17 14:54:21,745 [pool-117-thread-1] INFO  server.RaftServerConfigKeys (ConfUtils.java:logGet(43)) - raft.server.rpcslowness.timeout = 120s (custom)
2019-09-17 14:54:21,745 [pool-117-thread-1] INFO  server.RaftServerConfigKeys (ConfUtils.java:logGet(43)) - raft.server.sleep.deviation.threshold = 300 (default)
2019-09-17 14:54:21,745 [pool-117-thread-1] INFO  server.RaftServerConfigKeys (ConfUtils.java:logGet(43)) - raft.server.log.appender.install.snapshot.enabled = false (custom)
2019-09-17 14:54:21,745 [pool-117-thread-1] INFO  impl.RaftServerImpl (ServerState.java:<init>(103)) - bbb4e265-cb6b-4caa-8b5d-65801261426c@group-218101269A2C: ConfigurationManager, init=-1: [bbb4e265-cb6b-4caa-8b5d-65801261426c:192.168.151.72:38991, 5824bb7b-23b5-4080-8c55-4e36ce35b3ee:192.168.151.72:44174, 24ee45b5-4e6b-4499-8d3c-0bcd5a303b6d:192.168.151.72:44891], old=null, confs=<EMPTY_MAP>
2019-09-17 14:54:21,745 [pool-97-thread-1] INFO  impl.RaftServerImpl (RaftServerImpl.java:<init>(95)) - 5824bb7b-23b5-4080-8c55-4e36ce35b3ee: new RaftServerImpl for group-218101269A2C:[bbb4e265-cb6b-4caa-8b5d-65801261426c:192.168.151.72:38991, 5824bb7b-23b5-4080-8c55-4e36ce35b3ee:192.168.151.72:44174, 24ee45b5-4e6b-4499-8d3c-0bcd5a303b6d:192.168.151.72:44891] with ContainerStateMachine:uninitialized
2019-09-17 14:54:21,745 [pool-117-thread-1] INFO  server.RaftServerConfigKeys (ConfUtils.java:logGet(43)) - raft.server.storage.dir = [/workdir/hadoop-ozone/integration-test/target/test-dir/MiniOzoneClusterImpl-845ee491-3861-4700-afca-e6762de221c3/datanode-9/data/ratis] (custom)
2019-09-17 14:54:21,745 [pool-97-thread-1] INFO  server.RaftServerConfigKeys (ConfUtils.java:logGet(43)) - raft.server.rpc.timeout.min = 1s (custom)
2019-09-17 14:54:21,746 [pool-97-thread-1] INFO  server.RaftServerConfigKeys (ConfUtils.java:logGet(43)) - raft.server.rpc.timeout.max = 1200ms (custom)
2019-09-17 14:54:21,746 [pool-117-thread-1] INFO  storage.RaftStorageDirectory (RaftStorageDirectory.java:analyzeStorage(246)) - The storage directory /workdir/hadoop-ozone/integration-test/target/test-dir/MiniOzoneClusterImpl-845ee491-3861-4700-afca-e6762de221c3/datanode-9/data/ratis/4f8d5d5a-f561-4b2a-a81e-218101269a2c does not exist. Creating ...
2019-09-17 14:54:21,746 [pool-97-thread-1] INFO  server.RaftServerConfigKeys (ConfUtils.java:logGet(43)) - raft.server.rpcslowness.timeout = 120s (custom)
2019-09-17 14:54:21,746 [pool-97-thread-1] INFO  server.RaftServerConfigKeys (ConfUtils.java:logGet(43)) - raft.server.sleep.deviation.threshold = 300 (default)
2019-09-17 14:54:21,746 [pool-97-thread-1] INFO  server.RaftServerConfigKeys (ConfUtils.java:logGet(43)) - raft.server.log.appender.install.snapshot.enabled = false (custom)
2019-09-17 14:54:21,746 [pool-97-thread-1] INFO  impl.RaftServerImpl (ServerState.java:<init>(103)) - 5824bb7b-23b5-4080-8c55-4e36ce35b3ee@group-218101269A2C: ConfigurationManager, init=-1: [bbb4e265-cb6b-4caa-8b5d-65801261426c:192.168.151.72:38991, 5824bb7b-23b5-4080-8c55-4e36ce35b3ee:192.168.151.72:44174, 24ee45b5-4e6b-4499-8d3c-0bcd5a303b6d:192.168.151.72:44891], old=null, confs=<EMPTY_MAP>
2019-09-17 14:54:21,747 [pool-97-thread-1] INFO  server.RaftServerConfigKeys (ConfUtils.java:logGet(43)) - raft.server.storage.dir = [/workdir/hadoop-ozone/integration-test/target/test-dir/MiniOzoneClusterImpl-845ee491-3861-4700-afca-e6762de221c3/datanode-7/data/ratis] (custom)
2019-09-17 14:54:21,747 [pool-97-thread-1] INFO  storage.RaftStorageDirectory (RaftStorageDirectory.java:analyzeStorage(246)) - The storage directory /workdir/hadoop-ozone/integration-test/target/test-dir/MiniOzoneClusterImpl-845ee491-3861-4700-afca-e6762de221c3/datanode-7/data/ratis/4f8d5d5a-f561-4b2a-a81e-218101269a2c does not exist. Creating ...
2019-09-17 14:54:21,758 [pool-117-thread-1] INFO  storage.RaftStorageDirectory (RaftStorageDirectory.java:tryLock(328)) - Lock on /workdir/hadoop-ozone/integration-test/target/test-dir/MiniOzoneClusterImpl-845ee491-3861-4700-afca-e6762de221c3/datanode-9/data/ratis/4f8d5d5a-f561-4b2a-a81e-218101269a2c/in_use.lock acquired by nodename 9959@pr-hdds-2137-trunk-f8w4d-2934045284
2019-09-17 14:54:21,758 [pool-97-thread-1] INFO  storage.RaftStorageDirectory (RaftStorageDirectory.java:tryLock(328)) - Lock on /workdir/hadoop-ozone/integration-test/target/test-dir/MiniOzoneClusterImpl-845ee491-3861-4700-afca-e6762de221c3/datanode-7/data/ratis/4f8d5d5a-f561-4b2a-a81e-218101269a2c/in_use.lock acquired by nodename 9959@pr-hdds-2137-trunk-f8w4d-2934045284
2019-09-17 14:54:21,758 [pool-57-thread-1] INFO  storage.RaftStorageDirectory (RaftStorageDirectory.java:tryLock(328)) - Lock on /workdir/hadoop-ozone/integration-test/target/test-dir/MiniOzoneClusterImpl-845ee491-3861-4700-afca-e6762de221c3/datanode-3/data/ratis/4f8d5d5a-f561-4b2a-a81e-218101269a2c/in_use.lock acquired by nodename 9959@pr-hdds-2137-trunk-f8w4d-2934045284
2019-09-17 14:54:21,772 [pool-97-thread-1] INFO  storage.RaftStorage (RaftStorage.java:format(72)) - Storage directory /workdir/hadoop-ozone/integration-test/target/test-dir/MiniOzoneClusterImpl-845ee491-3861-4700-afca-e6762de221c3/datanode-7/data/ratis/4f8d5d5a-f561-4b2a-a81e-218101269a2c has been successfully formatted.
2019-09-17 14:54:21,772 [pool-57-thread-1] INFO  storage.RaftStorage (RaftStorage.java:format(72)) - Storage directory /workdir/hadoop-ozone/integration-test/target/test-dir/MiniOzoneClusterImpl-845ee491-3861-4700-afca-e6762de221c3/datanode-3/data/ratis/4f8d5d5a-f561-4b2a-a81e-218101269a2c has been successfully formatted.
2019-09-17 14:54:21,772 [pool-97-thread-1] INFO  ratis.ContainerStateMachine (ContainerStateMachine.java:loadSnapshot(230)) - group-218101269A2C: The snapshot info is null. Setting the last applied indexto:(t:0, i:~)
2019-09-17 14:54:21,772 [pool-117-thread-1] INFO  storage.RaftStorage (RaftStorage.java:format(72)) - Storage directory /workdir/hadoop-ozone/integration-test/target/test-dir/MiniOzoneClusterImpl-845ee491-3861-4700-afca-e6762de221c3/datanode-9/data/ratis/4f8d5d5a-f561-4b2a-a81e-218101269a2c has been successfully formatted.
2019-09-17 14:54:21,772 [pool-97-thread-1] INFO  server.RaftServerConfigKeys (ConfUtils.java:logGet(43)) - raft.server.notification.no-leader.timeout = 120s (custom)
2019-09-17 14:54:21,772 [pool-57-thread-1] INFO  ratis.ContainerStateMachine (ContainerStateMachine.java:loadSnapshot(230)) - group-218101269A2C: The snapshot info is null. Setting the last applied indexto:(t:0, i:~)
2019-09-17 14:54:21,774 [pool-97-thread-1] INFO  server.RaftServerConfigKeys (ConfUtils.java:logGet(43)) - raft.server.log.use.memory = false (default)
2019-09-17 14:54:21,774 [pool-117-thread-1] INFO  ratis.ContainerStateMachine (ContainerStateMachine.java:loadSnapshot(230)) - group-218101269A2C: The snapshot info is null. Setting the last applied indexto:(t:0, i:~)
2019-09-17 14:54:21,775 [pool-97-thread-1] INFO  server.RaftServerConfigKeys (ConfUtils.java:logGet(43)) - raft.server.log.purge.gap = 1000000 (custom)
2019-09-17 14:54:21,775 [pool-57-thread-1] INFO  server.RaftServerConfigKeys (ConfUtils.java:logGet(43)) - raft.server.notification.no-leader.timeout = 120s (custom)
2019-09-17 14:54:21,775 [pool-97-thread-1] INFO  server.RaftServerConfigKeys (ConfUtils.java:logGet(43)) - raft.server.log.appender.buffer.byte-limit = 33554432 (custom)
2019-09-17 14:54:21,775 [pool-57-thread-1] INFO  server.RaftServerConfigKeys (ConfUtils.java:logGet(43)) - raft.server.log.use.memory = false (default)
2019-09-17 14:54:21,775 [pool-117-thread-1] INFO  server.RaftServerConfigKeys (ConfUtils.java:logGet(43)) - raft.server.notification.no-leader.timeout = 120s (custom)
2019-09-17 14:54:21,775 [pool-57-thread-1] INFO  server.RaftServerConfigKeys (ConfUtils.java:logGet(43)) - raft.server.log.purge.gap = 1000000 (custom)
2019-09-17 14:54:21,775 [pool-97-thread-1] INFO  server.RaftServerConfigKeys (ConfUtils.java:logGet(43)) - raft.server.log.segment.size.max = 1048576 (custom)
2019-09-17 14:54:21,776 [pool-57-thread-1] INFO  server.RaftServerConfigKeys (ConfUtils.java:logGet(43)) - raft.server.log.appender.buffer.byte-limit = 33554432 (custom)
2019-09-17 14:54:21,775 [pool-117-thread-1] INFO  server.RaftServerConfigKeys (ConfUtils.java:logGet(43)) - raft.server.log.use.memory = false (default)
2019-09-17 14:54:21,776 [pool-57-thread-1] INFO  server.RaftServerConfigKeys (ConfUtils.java:logGet(43)) - raft.server.log.segment.size.max = 1048576 (custom)
2019-09-17 14:54:21,776 [pool-97-thread-1] INFO  server.RaftServerConfigKeys (ConfUtils.java:logGet(43)) - raft.server.log.segment.cache.num.max = 2 (custom)
2019-09-17 14:54:21,776 [pool-57-thread-1] INFO  server.RaftServerConfigKeys (ConfUtils.java:logGet(43)) - raft.server.log.segment.cache.num.max = 2 (custom)
2019-09-17 14:54:21,776 [pool-117-thread-1] INFO  server.RaftServerConfigKeys (ConfUtils.java:logGet(43)) - raft.server.log.purge.gap = 1000000 (custom)
2019-09-17 14:54:21,777 [pool-57-thread-1] INFO  segmented.SegmentedRaftLogWorker (SegmentedRaftLogWorker.java:<init>(172)) - new 24ee45b5-4e6b-4499-8d3c-0bcd5a303b6d@group-218101269A2C-SegmentedRaftLogWorker for RaftStorage:Storage Directory /workdir/hadoop-ozone/integration-test/target/test-dir/MiniOzoneClusterImpl-845ee491-3861-4700-afca-e6762de221c3/datanode-3/data/ratis/4f8d5d5a-f561-4b2a-a81e-218101269a2c
2019-09-17 14:54:21,776 [pool-97-thread-1] INFO  segmented.SegmentedRaftLogWorker (SegmentedRaftLogWorker.java:<init>(172)) - new 5824bb7b-23b5-4080-8c55-4e36ce35b3ee@group-218101269A2C-SegmentedRaftLogWorker for RaftStorage:Storage Directory /workdir/hadoop-ozone/integration-test/target/test-dir/MiniOzoneClusterImpl-845ee491-3861-4700-afca-e6762de221c3/datanode-7/data/ratis/4f8d5d5a-f561-4b2a-a81e-218101269a2c
2019-09-17 14:54:21,777 [pool-57-thread-1] INFO  server.RaftServerConfigKeys (ConfUtils.java:logGet(43)) - raft.server.log.queue.byte-limit = 2147483647 (custom)
2019-09-17 14:54:21,777 [pool-117-thread-1] INFO  server.RaftServerConfigKeys (ConfUtils.java:logGet(43)) - raft.server.log.appender.buffer.byte-limit = 33554432 (custom)
2019-09-17 14:54:21,777 [pool-57-thread-1] INFO  server.RaftServerConfigKeys (ConfUtils.java:logGet(43)) - raft.server.log.queue.element-limit = 1024 (custom)
2019-09-17 14:54:21,777 [pool-97-thread-1] INFO  server.RaftServerConfigKeys (ConfUtils.java:logGet(43)) - raft.server.log.queue.byte-limit = 2147483647 (custom)
2019-09-17 14:54:21,777 [pool-57-thread-1] INFO  server.RaftServerConfigKeys (ConfUtils.java:logGet(43)) - raft.server.log.segment.size.max = 1048576 (custom)
2019-09-17 14:54:21,777 [pool-117-thread-1] INFO  server.RaftServerConfigKeys (ConfUtils.java:logGet(43)) - raft.server.log.segment.size.max = 1048576 (custom)
2019-09-17 14:54:21,778 [pool-57-thread-1] INFO  server.RaftServerConfigKeys (ConfUtils.java:logGet(43)) - raft.server.log.preallocated.size = 16384 (custom)
2019-09-17 14:54:21,778 [pool-97-thread-1] INFO  server.RaftServerConfigKeys (ConfUtils.java:logGet(43)) - raft.server.log.queue.element-limit = 1024 (custom)
2019-09-17 14:54:21,778 [pool-57-thread-1] INFO  server.RaftServerConfigKeys (ConfUtils.java:logGet(43)) - raft.server.log.write.buffer.size = 33554432 (custom)
2019-09-17 14:54:21,778 [pool-117-thread-1] INFO  server.RaftServerConfigKeys (ConfUtils.java:logGet(43)) - raft.server.log.segment.cache.num.max = 2 (custom)
2019-09-17 14:54:21,779 [pool-57-thread-1] INFO  server.RaftServerConfigKeys (ConfUtils.java:logGet(43)) - raft.server.log.force.sync.num = 128 (default)
2019-09-17 14:54:21,778 [pool-97-thread-1] INFO  server.RaftServerConfigKeys (ConfUtils.java:logGet(43)) - raft.server.log.segment.size.max = 1048576 (custom)
2019-09-17 14:54:21,779 [pool-57-thread-1] INFO  server.RaftServerConfigKeys (ConfUtils.java:logGet(43)) - raft.server.log.statemachine.data.sync = true (default)
2019-09-17 14:54:21,779 [pool-117-thread-1] INFO  segmented.SegmentedRaftLogWorker (SegmentedRaftLogWorker.java:<init>(172)) - new bbb4e265-cb6b-4caa-8b5d-65801261426c@group-218101269A2C-SegmentedRaftLogWorker for RaftStorage:Storage Directory /workdir/hadoop-ozone/integration-test/target/test-dir/MiniOzoneClusterImpl-845ee491-3861-4700-afca-e6762de221c3/datanode-9/data/ratis/4f8d5d5a-f561-4b2a-a81e-218101269a2c
2019-09-17 14:54:21,779 [pool-57-thread-1] INFO  server.RaftServerConfigKeys (ConfUtils.java:logGet(43)) - raft.server.log.statemachine.data.sync.timeout = 10s (default)
2019-09-17 14:54:21,779 [pool-97-thread-1] INFO  server.RaftServerConfigKeys (ConfUtils.java:logGet(43)) - raft.server.log.preallocated.size = 16384 (custom)
2019-09-17 14:54:21,779 [pool-57-thread-1] INFO  server.RaftServerConfigKeys (ConfUtils.java:logGet(43)) - raft.server.log.statemachine.data.sync.timeout.retry = -1 (default)
2019-09-17 14:54:21,779 [pool-117-thread-1] INFO  server.RaftServerConfigKeys (ConfUtils.java:logGet(43)) - raft.server.log.queue.byte-limit = 2147483647 (custom)
2019-09-17 14:54:21,780 [pool-57-thread-1] INFO  server.RaftServerConfigKeys (ConfUtils.java:logGet(43)) - raft.server.log.statemachine.data.caching.enabled = true (custom)
2019-09-17 14:54:21,780 [pool-97-thread-1] INFO  server.RaftServerConfigKeys (ConfUtils.java:logGet(43)) - raft.server.log.write.buffer.size = 33554432 (custom)
2019-09-17 14:54:21,780 [pool-117-thread-1] INFO  server.RaftServerConfigKeys (ConfUtils.java:logGet(43)) - raft.server.log.queue.element-limit = 1024 (custom)
2019-09-17 14:54:21,780 [pool-57-thread-1] INFO  segmented.SegmentedRaftLogWorker (SegmentedRaftLogWorker.java:lambda$new$0(132)) - 24ee45b5-4e6b-4499-8d3c-0bcd5a303b6d@group-218101269A2C-SegmentedRaftLogWorker: flushIndex: setUnconditionally 0 -> -1
2019-09-17 14:54:21,780 [pool-97-thread-1] INFO  server.RaftServerConfigKeys (ConfUtils.java:logGet(43)) - raft.server.log.force.sync.num = 128 (default)
2019-09-17 14:54:21,780 [pool-117-thread-1] INFO  server.RaftServerConfigKeys (ConfUtils.java:logGet(43)) - raft.server.log.segment.size.max = 1048576 (custom)
2019-09-17 14:54:21,781 [pool-57-thread-1] INFO  server.RaftServerConfigKeys (ConfUtils.java:logGet(43)) - raft.server.snapshot.auto.trigger.enabled = true (custom)
2019-09-17 14:54:21,781 [pool-97-thread-1] INFO  server.RaftServerConfigKeys (ConfUtils.java:logGet(43)) - raft.server.log.statemachine.data.sync = true (default)
2019-09-17 14:54:21,781 [pool-57-thread-1] INFO  server.RaftServerConfigKeys (ConfUtils.java:logGet(43)) - raft.server.snapshot.auto.trigger.threshold = 10000 (custom)
2019-09-17 14:54:21,781 [pool-117-thread-1] INFO  server.RaftServerConfigKeys (ConfUtils.java:logGet(43)) - raft.server.log.preallocated.size = 16384 (custom)
2019-09-17 14:54:21,781 [pool-57-thread-1] INFO  server.RaftServerConfigKeys (ConfUtils.java:logGet(43)) - raft.server.snapshot.retention.num.files = 5 (custom)
2019-09-17 14:54:21,781 [pool-97-thread-1] INFO  server.RaftServerConfigKeys (ConfUtils.java:logGet(43)) - raft.server.log.statemachine.data.sync.timeout = 10s (default)
2019-09-17 14:54:21,782 [pool-57-thread-1] INFO  server.RaftServerConfigKeys (ConfUtils.java:logGet(43)) - raft.server.retrycache.expirytime = 600000ms (custom)
2019-09-17 14:54:21,782 [pool-117-thread-1] INFO  server.RaftServerConfigKeys (ConfUtils.java:logGet(43)) - raft.server.log.write.buffer.size = 33554432 (custom)
2019-09-17 14:54:21,782 [pool-97-thread-1] INFO  server.RaftServerConfigKeys (ConfUtils.java:logGet(43)) - raft.server.log.statemachine.data.sync.timeout.retry = -1 (default)
2019-09-17 14:54:21,782 [pool-117-thread-1] INFO  server.RaftServerConfigKeys (ConfUtils.java:logGet(43)) - raft.server.log.force.sync.num = 128 (default)
2019-09-17 14:54:21,782 [pool-97-thread-1] INFO  server.RaftServerConfigKeys (ConfUtils.java:logGet(43)) - raft.server.log.statemachine.data.caching.enabled = true (custom)
2019-09-17 14:54:21,782 [pool-117-thread-1] INFO  server.RaftServerConfigKeys (ConfUtils.java:logGet(43)) - raft.server.log.statemachine.data.sync = true (default)
2019-09-17 14:54:21,782 [pool-117-thread-1] INFO  server.RaftServerConfigKeys (ConfUtils.java:logGet(43)) - raft.server.log.statemachine.data.sync.timeout = 10s (default)
2019-09-17 14:54:21,782 [pool-97-thread-1] INFO  segmented.SegmentedRaftLogWorker (SegmentedRaftLogWorker.java:lambda$new$0(132)) - 5824bb7b-23b5-4080-8c55-4e36ce35b3ee@group-218101269A2C-SegmentedRaftLogWorker: flushIndex: setUnconditionally 0 -> -1
2019-09-17 14:54:21,783 [pool-117-thread-1] INFO  server.RaftServerConfigKeys (ConfUtils.java:logGet(43)) - raft.server.log.statemachine.data.sync.timeout.retry = -1 (default)
2019-09-17 14:54:21,783 [pool-97-thread-1] INFO  server.RaftServerConfigKeys (ConfUtils.java:logGet(43)) - raft.server.snapshot.auto.trigger.enabled = true (custom)
2019-09-17 14:54:21,783 [pool-117-thread-1] INFO  server.RaftServerConfigKeys (ConfUtils.java:logGet(43)) - raft.server.log.statemachine.data.caching.enabled = true (custom)
2019-09-17 14:54:21,783 [pool-97-thread-1] INFO  server.RaftServerConfigKeys (ConfUtils.java:logGet(43)) - raft.server.snapshot.auto.trigger.threshold = 10000 (custom)
2019-09-17 14:54:21,783 [pool-97-thread-1] INFO  server.RaftServerConfigKeys (ConfUtils.java:logGet(43)) - raft.server.snapshot.retention.num.files = 5 (custom)
2019-09-17 14:54:21,783 [pool-117-thread-1] INFO  segmented.SegmentedRaftLogWorker (SegmentedRaftLogWorker.java:lambda$new$0(132)) - bbb4e265-cb6b-4caa-8b5d-65801261426c@group-218101269A2C-SegmentedRaftLogWorker: flushIndex: setUnconditionally 0 -> -1
2019-09-17 14:54:21,783 [pool-97-thread-1] INFO  server.RaftServerConfigKeys (ConfUtils.java:logGet(43)) - raft.server.retrycache.expirytime = 600000ms (custom)
2019-09-17 14:54:21,784 [pool-117-thread-1] INFO  server.RaftServerConfigKeys (ConfUtils.java:logGet(43)) - raft.server.snapshot.auto.trigger.enabled = true (custom)
2019-09-17 14:54:21,784 [pool-117-thread-1] INFO  server.RaftServerConfigKeys (ConfUtils.java:logGet(43)) - raft.server.snapshot.auto.trigger.threshold = 10000 (custom)
2019-09-17 14:54:21,784 [pool-117-thread-1] INFO  server.RaftServerConfigKeys (ConfUtils.java:logGet(43)) - raft.server.snapshot.retention.num.files = 5 (custom)
2019-09-17 14:54:21,784 [pool-117-thread-1] INFO  server.RaftServerConfigKeys (ConfUtils.java:logGet(43)) - raft.server.retrycache.expirytime = 600000ms (custom)
2019-09-17 14:54:21,785 [pool-57-thread-1] INFO  impl.RaftServerImpl (RaftServerImpl.java:start(185)) - 24ee45b5-4e6b-4499-8d3c-0bcd5a303b6d@group-218101269A2C: start as a follower, conf=-1: [bbb4e265-cb6b-4caa-8b5d-65801261426c:192.168.151.72:38991, 5824bb7b-23b5-4080-8c55-4e36ce35b3ee:192.168.151.72:44174, 24ee45b5-4e6b-4499-8d3c-0bcd5a303b6d:192.168.151.72:44891], old=null
2019-09-17 14:54:21,785 [pool-57-thread-1] INFO  impl.RaftServerImpl (RaftServerImpl.java:setRole(174)) - 24ee45b5-4e6b-4499-8d3c-0bcd5a303b6d@group-218101269A2C: changes role from      null to FOLLOWER at term 0 for startAsFollower
2019-09-17 14:54:21,785 [pool-57-thread-1] INFO  impl.RoleInfo (RoleInfo.java:updateAndGet(143)) - 24ee45b5-4e6b-4499-8d3c-0bcd5a303b6d: start FollowerState
2019-09-17 14:54:21,786 [pool-57-thread-1] INFO  util.JmxRegister (JmxRegister.java:tryRegister(44)) - Successfully registered JMX Bean with object name Ratis:service=RaftServer,group=group-218101269A2C,id=24ee45b5-4e6b-4499-8d3c-0bcd5a303b6d
2019-09-17 14:54:21,786 [pool-97-thread-1] INFO  impl.RaftServerImpl (RaftServerImpl.java:start(185)) - 5824bb7b-23b5-4080-8c55-4e36ce35b3ee@group-218101269A2C: start as a follower, conf=-1: [bbb4e265-cb6b-4caa-8b5d-65801261426c:192.168.151.72:38991, 5824bb7b-23b5-4080-8c55-4e36ce35b3ee:192.168.151.72:44174, 24ee45b5-4e6b-4499-8d3c-0bcd5a303b6d:192.168.151.72:44891], old=null
2019-09-17 14:54:21,786 [pool-97-thread-1] INFO  impl.RaftServerImpl (RaftServerImpl.java:setRole(174)) - 5824bb7b-23b5-4080-8c55-4e36ce35b3ee@group-218101269A2C: changes role from      null to FOLLOWER at term 0 for startAsFollower
2019-09-17 14:54:21,787 [pool-97-thread-1] INFO  impl.RoleInfo (RoleInfo.java:updateAndGet(143)) - 5824bb7b-23b5-4080-8c55-4e36ce35b3ee: start FollowerState
2019-09-17 14:54:21,787 [pool-117-thread-1] INFO  impl.RaftServerImpl (RaftServerImpl.java:start(185)) - bbb4e265-cb6b-4caa-8b5d-65801261426c@group-218101269A2C: start as a follower, conf=-1: [bbb4e265-cb6b-4caa-8b5d-65801261426c:192.168.151.72:38991, 5824bb7b-23b5-4080-8c55-4e36ce35b3ee:192.168.151.72:44174, 24ee45b5-4e6b-4499-8d3c-0bcd5a303b6d:192.168.151.72:44891], old=null
2019-09-17 14:54:21,787 [pool-117-thread-1] INFO  impl.RaftServerImpl (RaftServerImpl.java:setRole(174)) - bbb4e265-cb6b-4caa-8b5d-65801261426c@group-218101269A2C: changes role from      null to FOLLOWER at term 0 for startAsFollower
2019-09-17 14:54:21,787 [pool-97-thread-1] INFO  util.JmxRegister (JmxRegister.java:tryRegister(44)) - Successfully registered JMX Bean with object name Ratis:service=RaftServer,group=group-218101269A2C,id=5824bb7b-23b5-4080-8c55-4e36ce35b3ee
2019-09-17 14:54:21,787 [pool-117-thread-1] INFO  impl.RoleInfo (RoleInfo.java:updateAndGet(143)) - bbb4e265-cb6b-4caa-8b5d-65801261426c: start FollowerState
2019-09-17 14:54:21,787 [pool-117-thread-1] INFO  util.JmxRegister (JmxRegister.java:tryRegister(44)) - Successfully registered JMX Bean with object name Ratis:service=RaftServer,group=group-218101269A2C,id=bbb4e265-cb6b-4caa-8b5d-65801261426c
2019-09-17 14:54:21,829 [Thread-288] INFO  impl.FollowerState (FollowerState.java:run(106)) - bbb4e265-cb6b-4caa-8b5d-65801261426c:group-12E789ACEF07 changes to CANDIDATE, lastRpcTime:1154, electionTimeout:1151ms
2019-09-17 14:54:21,837 [Thread-288] INFO  impl.RoleInfo (RoleInfo.java:shutdownFollowerState(121)) - bbb4e265-cb6b-4caa-8b5d-65801261426c: shutdown FollowerState
2019-09-17 14:54:21,838 [Thread-288] INFO  impl.RaftServerImpl (RaftServerImpl.java:setRole(174)) - bbb4e265-cb6b-4caa-8b5d-65801261426c@group-12E789ACEF07: changes role from  FOLLOWER to CANDIDATE at term 0 for changeToCandidate
2019-09-17 14:54:21,840 [Thread-288] INFO  impl.RoleInfo (RoleInfo.java:updateAndGet(143)) - bbb4e265-cb6b-4caa-8b5d-65801261426c: start LeaderElection
2019-09-17 14:54:21,840 [RatisPipelineUtilsThread] INFO  pipeline.PipelineStateManager (PipelineStateManager.java:addPipeline(56)) - Created pipeline Pipeline[ Id: 4f8d5d5a-f561-4b2a-a81e-218101269a2c, Nodes: bbb4e265-cb6b-4caa-8b5d-65801261426c{ip: 192.168.151.72, host: pr-hdds-2137-trunk-f8w4d-2934045284, networkLocation: /default-rack, certSerialId: null}5824bb7b-23b5-4080-8c55-4e36ce35b3ee{ip: 192.168.151.72, host: pr-hdds-2137-trunk-f8w4d-2934045284, networkLocation: /default-rack, certSerialId: null}24ee45b5-4e6b-4499-8d3c-0bcd5a303b6d{ip: 192.168.151.72, host: pr-hdds-2137-trunk-f8w4d-2934045284, networkLocation: /default-rack, certSerialId: null}, Type:RATIS, Factor:THREE, State:OPEN]
2019-09-17 14:54:21,863 [bbb4e265-cb6b-4caa-8b5d-65801261426c@group-12E789ACEF07:LeaderElection2] INFO  impl.LeaderElection (LeaderElection.java:askForVotes(182)) - bbb4e265-cb6b-4caa-8b5d-65801261426c@group-12E789ACEF07:LeaderElection2: begin an election at term 1 for -1: [bbb4e265-cb6b-4caa-8b5d-65801261426c:192.168.151.72:38991], old=null
2019-09-17 14:54:21,866 [bbb4e265-cb6b-4caa-8b5d-65801261426c@group-12E789ACEF07:LeaderElection2] INFO  impl.RoleInfo (RoleInfo.java:shutdownLeaderElection(134)) - bbb4e265-cb6b-4caa-8b5d-65801261426c: shutdown LeaderElection
2019-09-17 14:54:21,866 [bbb4e265-cb6b-4caa-8b5d-65801261426c@group-12E789ACEF07:LeaderElection2] INFO  impl.RaftServerImpl (RaftServerImpl.java:setRole(174)) - bbb4e265-cb6b-4caa-8b5d-65801261426c@group-12E789ACEF07: changes role from CANDIDATE to LEADER at term 1 for changeToLeader
2019-09-17 14:54:21,866 [bbb4e265-cb6b-4caa-8b5d-65801261426c@group-12E789ACEF07:LeaderElection2] INFO  impl.RaftServerImpl (ServerState.java:setLeader(253)) - bbb4e265-cb6b-4caa-8b5d-65801261426c@group-12E789ACEF07: change Leader from null to bbb4e265-cb6b-4caa-8b5d-65801261426c at term 1 for becomeLeader, leader elected after 1213ms
2019-09-17 14:54:21,866 [bbb4e265-cb6b-4caa-8b5d-65801261426c@group-12E789ACEF07:LeaderElection2] INFO  server.RaftServerConfigKeys (ConfUtils.java:logGet(43)) - raft.server.staging.catchup.gap = 1000 (default)
2019-09-17 14:54:21,867 [bbb4e265-cb6b-4caa-8b5d-65801261426c@group-12E789ACEF07:LeaderElection2] INFO  server.RaftServerConfigKeys (ConfUtils.java:logGet(43)) - raft.server.rpc.sleep.time = 25ms (default)
2019-09-17 14:54:21,867 [bbb4e265-cb6b-4caa-8b5d-65801261426c@group-12E789ACEF07:LeaderElection2] INFO  server.RaftServerConfigKeys (ConfUtils.java:logGet(43)) - raft.server.write.element-limit = 4096 (default)
2019-09-17 14:54:21,867 [bbb4e265-cb6b-4caa-8b5d-65801261426c@group-12E789ACEF07:LeaderElection2] INFO  server.RaftServerConfigKeys (ConfUtils.java:logGet(43)) - raft.server.watch.timeout = 10s (default)
2019-09-17 14:54:21,867 [bbb4e265-cb6b-4caa-8b5d-65801261426c@group-12E789ACEF07:LeaderElection2] INFO  server.RaftServerConfigKeys (ConfUtils.java:logGet(43)) - raft.server.watch.timeout.denomination = 1s (default)
2019-09-17 14:54:21,867 [bbb4e265-cb6b-4caa-8b5d-65801261426c@group-12E789ACEF07:LeaderElection2] INFO  server.RaftServerConfigKeys (ConfUtils.java:logGet(43)) - raft.server.watch.element-limit = 65536 (default)
2019-09-17 14:54:21,872 [grpc-default-executor-0] INFO  impl.RaftServerProxy (RaftServerProxy.java:addNew(89)) - 55160a25-c10a-4fac-977f-ea88e555cd0f: addNew group-A10EF1BAEC68:[87bd24bf-ffb9-4c07-ac8f-086f94142b7e:192.168.151.72:43501, 9b5674b6-1da3-4a18-a3b1-2bf65c31b2e5:192.168.151.72:42570, 55160a25-c10a-4fac-977f-ea88e555cd0f:192.168.151.72:33878] returns group-A10EF1BAEC68:java.util.concurrent.CompletableFuture@714cd3c7[Not completed]
2019-09-17 14:54:21,880 [grpc-default-executor-0] INFO  impl.RaftServerProxy (RaftServerProxy.java:addNew(89)) - 87bd24bf-ffb9-4c07-ac8f-086f94142b7e: addNew group-A10EF1BAEC68:[87bd24bf-ffb9-4c07-ac8f-086f94142b7e:192.168.151.72:43501, 9b5674b6-1da3-4a18-a3b1-2bf65c31b2e5:192.168.151.72:42570, 55160a25-c10a-4fac-977f-ea88e555cd0f:192.168.151.72:33878] returns group-A10EF1BAEC68:java.util.concurrent.CompletableFuture@b6c5ff2[Not completed]
2019-09-17 14:54:21,880 [grpc-default-executor-2] INFO  impl.RaftServerProxy (RaftServerProxy.java:addNew(89)) - 9b5674b6-1da3-4a18-a3b1-2bf65c31b2e5: addNew group-A10EF1BAEC68:[87bd24bf-ffb9-4c07-ac8f-086f94142b7e:192.168.151.72:43501, 9b5674b6-1da3-4a18-a3b1-2bf65c31b2e5:192.168.151.72:42570, 55160a25-c10a-4fac-977f-ea88e555cd0f:192.168.151.72:33878] returns group-A10EF1BAEC68:java.util.concurrent.CompletableFuture@53296c7f[Not completed]
2019-09-17 14:54:21,880 [pool-37-thread-1] INFO  impl.RaftServerImpl (RaftServerImpl.java:<init>(95)) - 55160a25-c10a-4fac-977f-ea88e555cd0f: new RaftServerImpl for group-A10EF1BAEC68:[87bd24bf-ffb9-4c07-ac8f-086f94142b7e:192.168.151.72:43501, 9b5674b6-1da3-4a18-a3b1-2bf65c31b2e5:192.168.151.72:42570, 55160a25-c10a-4fac-977f-ea88e555cd0f:192.168.151.72:33878] with ContainerStateMachine:uninitialized
2019-09-17 14:54:21,880 [bbb4e265-cb6b-4caa-8b5d-65801261426c@group-12E789ACEF07:LeaderElection2] INFO  impl.RoleInfo (RoleInfo.java:updateAndGet(143)) - bbb4e265-cb6b-4caa-8b5d-65801261426c: start LeaderState
2019-09-17 14:54:21,880 [pool-37-thread-1] INFO  server.RaftServerConfigKeys (ConfUtils.java:logGet(43)) - raft.server.rpc.timeout.min = 1s (custom)
2019-09-17 14:54:21,881 [pool-37-thread-1] INFO  server.RaftServerConfigKeys (ConfUtils.java:logGet(43)) - raft.server.rpc.timeout.max = 1200ms (custom)
2019-09-17 14:54:21,881 [bbb4e265-cb6b-4caa-8b5d-65801261426c@group-12E789ACEF07:LeaderElection2] INFO  segmented.SegmentedRaftLogWorker (SegmentedRaftLogWorker.java:startLogSegment(380)) - bbb4e265-cb6b-4caa-8b5d-65801261426c@group-12E789ACEF07-SegmentedRaftLogWorker: Starting segment from index:0
2019-09-17 14:54:21,881 [pool-37-thread-1] INFO  server.RaftServerConfigKeys (ConfUtils.java:logGet(43)) - raft.server.rpcslowness.timeout = 120s (custom)
2019-09-17 14:54:21,881 [pool-37-thread-1] INFO  server.RaftServerConfigKeys (ConfUtils.java:logGet(43)) - raft.server.sleep.deviation.threshold = 300 (default)
2019-09-17 14:54:21,881 [pool-37-thread-1] INFO  server.RaftServerConfigKeys (ConfUtils.java:logGet(43)) - raft.server.log.appender.install.snapshot.enabled = false (custom)
2019-09-17 14:54:21,881 [bbb4e265-cb6b-4caa-8b5d-65801261426c@group-12E789ACEF07:LeaderElection2] INFO  impl.RaftServerImpl (ServerState.java:setRaftConf(354)) - bbb4e265-cb6b-4caa-8b5d-65801261426c@group-12E789ACEF07: set configuration 0: [bbb4e265-cb6b-4caa-8b5d-65801261426c:192.168.151.72:38991], old=null at 0
2019-09-17 14:54:21,881 [pool-37-thread-1] INFO  impl.RaftServerImpl (ServerState.java:<init>(103)) - 55160a25-c10a-4fac-977f-ea88e555cd0f@group-A10EF1BAEC68: ConfigurationManager, init=-1: [87bd24bf-ffb9-4c07-ac8f-086f94142b7e:192.168.151.72:43501, 9b5674b6-1da3-4a18-a3b1-2bf65c31b2e5:192.168.151.72:42570, 55160a25-c10a-4fac-977f-ea88e555cd0f:192.168.151.72:33878], old=null, confs=<EMPTY_MAP>
2019-09-17 14:54:21,883 [pool-37-thread-1] INFO  server.RaftServerConfigKeys (ConfUtils.java:logGet(43)) - raft.server.storage.dir = [/workdir/hadoop-ozone/integration-test/target/test-dir/MiniOzoneClusterImpl-845ee491-3861-4700-afca-e6762de221c3/datanode-1/data/ratis] (custom)
2019-09-17 14:54:21,884 [pool-37-thread-1] INFO  storage.RaftStorageDirectory (RaftStorageDirectory.java:analyzeStorage(246)) - The storage directory /workdir/hadoop-ozone/integration-test/target/test-dir/MiniOzoneClusterImpl-845ee491-3861-4700-afca-e6762de221c3/datanode-1/data/ratis/a9c0be52-3882-478e-9292-a10ef1baec68 does not exist. Creating ...
2019-09-17 14:54:21,884 [pool-27-thread-1] INFO  impl.RaftServerImpl (RaftServerImpl.java:<init>(95)) - 87bd24bf-ffb9-4c07-ac8f-086f94142b7e: new RaftServerImpl for group-A10EF1BAEC68:[87bd24bf-ffb9-4c07-ac8f-086f94142b7e:192.168.151.72:43501, 9b5674b6-1da3-4a18-a3b1-2bf65c31b2e5:192.168.151.72:42570, 55160a25-c10a-4fac-977f-ea88e555cd0f:192.168.151.72:33878] with ContainerStateMachine:uninitialized
2019-09-17 14:54:21,885 [pool-27-thread-1] INFO  server.RaftServerConfigKeys (ConfUtils.java:logGet(43)) - raft.server.rpc.timeout.min = 1s (custom)
2019-09-17 14:54:21,885 [pool-27-thread-1] INFO  server.RaftServerConfigKeys (ConfUtils.java:logGet(43)) - raft.server.rpc.timeout.max = 1200ms (custom)
2019-09-17 14:54:21,885 [pool-27-thread-1] INFO  server.RaftServerConfigKeys (ConfUtils.java:logGet(43)) - raft.server.rpcslowness.timeout = 120s (custom)
2019-09-17 14:54:21,885 [pool-27-thread-1] INFO  server.RaftServerConfigKeys (ConfUtils.java:logGet(43)) - raft.server.sleep.deviation.threshold = 300 (default)
2019-09-17 14:54:21,885 [pool-27-thread-1] INFO  server.RaftServerConfigKeys (ConfUtils.java:logGet(43)) - raft.server.log.appender.install.snapshot.enabled = false (custom)
2019-09-17 14:54:21,885 [pool-77-thread-1] INFO  impl.RaftServerImpl (RaftServerImpl.java:<init>(95)) - 9b5674b6-1da3-4a18-a3b1-2bf65c31b2e5: new RaftServerImpl for group-A10EF1BAEC68:[87bd24bf-ffb9-4c07-ac8f-086f94142b7e:192.168.151.72:43501, 9b5674b6-1da3-4a18-a3b1-2bf65c31b2e5:192.168.151.72:42570, 55160a25-c10a-4fac-977f-ea88e555cd0f:192.168.151.72:33878] with ContainerStateMachine:uninitialized
2019-09-17 14:54:21,885 [pool-27-thread-1] INFO  impl.RaftServerImpl (ServerState.java:<init>(103)) - 87bd24bf-ffb9-4c07-ac8f-086f94142b7e@group-A10EF1BAEC68: ConfigurationManager, init=-1: [87bd24bf-ffb9-4c07-ac8f-086f94142b7e:192.168.151.72:43501, 9b5674b6-1da3-4a18-a3b1-2bf65c31b2e5:192.168.151.72:42570, 55160a25-c10a-4fac-977f-ea88e555cd0f:192.168.151.72:33878], old=null, confs=<EMPTY_MAP>
2019-09-17 14:54:21,886 [pool-77-thread-1] INFO  server.RaftServerConfigKeys (ConfUtils.java:logGet(43)) - raft.server.rpc.timeout.min = 1s (custom)
2019-09-17 14:54:21,886 [pool-27-thread-1] INFO  server.RaftServerConfigKeys (ConfUtils.java:logGet(43)) - raft.server.storage.dir = [/workdir/hadoop-ozone/integration-test/target/test-dir/MiniOzoneClusterImpl-845ee491-3861-4700-afca-e6762de221c3/datanode-0/data/ratis] (custom)
2019-09-17 14:54:21,886 [pool-77-thread-1] INFO  server.RaftServerConfigKeys (ConfUtils.java:logGet(43)) - raft.server.rpc.timeout.max = 1200ms (custom)
2019-09-17 14:54:21,886 [pool-77-thread-1] INFO  server.RaftServerConfigKeys (ConfUtils.java:logGet(43)) - raft.server.rpcslowness.timeout = 120s (custom)
2019-09-17 14:54:21,886 [pool-77-thread-1] INFO  server.RaftServerConfigKeys (ConfUtils.java:logGet(43)) - raft.server.sleep.deviation.threshold = 300 (default)
2019-09-17 14:54:21,886 [pool-27-thread-1] INFO  storage.RaftStorageDirectory (RaftStorageDirectory.java:analyzeStorage(246)) - The storage directory /workdir/hadoop-ozone/integration-test/target/test-dir/MiniOzoneClusterImpl-845ee491-3861-4700-afca-e6762de221c3/datanode-0/data/ratis/a9c0be52-3882-478e-9292-a10ef1baec68 does not exist. Creating ...
2019-09-17 14:54:21,886 [pool-77-thread-1] INFO  server.RaftServerConfigKeys (ConfUtils.java:logGet(43)) - raft.server.log.appender.install.snapshot.enabled = false (custom)
2019-09-17 14:54:21,887 [pool-77-thread-1] INFO  impl.RaftServerImpl (ServerState.java:<init>(103)) - 9b5674b6-1da3-4a18-a3b1-2bf65c31b2e5@group-A10EF1BAEC68: ConfigurationManager, init=-1: [87bd24bf-ffb9-4c07-ac8f-086f94142b7e:192.168.151.72:43501, 9b5674b6-1da3-4a18-a3b1-2bf65c31b2e5:192.168.151.72:42570, 55160a25-c10a-4fac-977f-ea88e555cd0f:192.168.151.72:33878], old=null, confs=<EMPTY_MAP>
2019-09-17 14:54:21,887 [pool-77-thread-1] INFO  server.RaftServerConfigKeys (ConfUtils.java:logGet(43)) - raft.server.storage.dir = [/workdir/hadoop-ozone/integration-test/target/test-dir/MiniOzoneClusterImpl-845ee491-3861-4700-afca-e6762de221c3/datanode-5/data/ratis] (custom)
2019-09-17 14:54:21,887 [pool-77-thread-1] INFO  storage.RaftStorageDirectory (RaftStorageDirectory.java:analyzeStorage(246)) - The storage directory /workdir/hadoop-ozone/integration-test/target/test-dir/MiniOzoneClusterImpl-845ee491-3861-4700-afca-e6762de221c3/datanode-5/data/ratis/a9c0be52-3882-478e-9292-a10ef1baec68 does not exist. Creating ...
2019-09-17 14:54:21,909 [pool-37-thread-1] INFO  storage.RaftStorageDirectory (RaftStorageDirectory.java:tryLock(328)) - Lock on /workdir/hadoop-ozone/integration-test/target/test-dir/MiniOzoneClusterImpl-845ee491-3861-4700-afca-e6762de221c3/datanode-1/data/ratis/a9c0be52-3882-478e-9292-a10ef1baec68/in_use.lock acquired by nodename 9959@pr-hdds-2137-trunk-f8w4d-2934045284
2019-09-17 14:54:21,909 [pool-77-thread-1] INFO  storage.RaftStorageDirectory (RaftStorageDirectory.java:tryLock(328)) - Lock on /workdir/hadoop-ozone/integration-test/target/test-dir/MiniOzoneClusterImpl-845ee491-3861-4700-afca-e6762de221c3/datanode-5/data/ratis/a9c0be52-3882-478e-9292-a10ef1baec68/in_use.lock acquired by nodename 9959@pr-hdds-2137-trunk-f8w4d-2934045284
2019-09-17 14:54:21,909 [pool-27-thread-1] INFO  storage.RaftStorageDirectory (RaftStorageDirectory.java:tryLock(328)) - Lock on /workdir/hadoop-ozone/integration-test/target/test-dir/MiniOzoneClusterImpl-845ee491-3861-4700-afca-e6762de221c3/datanode-0/data/ratis/a9c0be52-3882-478e-9292-a10ef1baec68/in_use.lock acquired by nodename 9959@pr-hdds-2137-trunk-f8w4d-2934045284
2019-09-17 14:54:21,935 [pool-27-thread-1] INFO  storage.RaftStorage (RaftStorage.java:format(72)) - Storage directory /workdir/hadoop-ozone/integration-test/target/test-dir/MiniOzoneClusterImpl-845ee491-3861-4700-afca-e6762de221c3/datanode-0/data/ratis/a9c0be52-3882-478e-9292-a10ef1baec68 has been successfully formatted.
2019-09-17 14:54:21,935 [pool-37-thread-1] INFO  storage.RaftStorage (RaftStorage.java:format(72)) - Storage directory /workdir/hadoop-ozone/integration-test/target/test-dir/MiniOzoneClusterImpl-845ee491-3861-4700-afca-e6762de221c3/datanode-1/data/ratis/a9c0be52-3882-478e-9292-a10ef1baec68 has been successfully formatted.
2019-09-17 14:54:21,935 [pool-77-thread-1] INFO  storage.RaftStorage (RaftStorage.java:format(72)) - Storage directory /workdir/hadoop-ozone/integration-test/target/test-dir/MiniOzoneClusterImpl-845ee491-3861-4700-afca-e6762de221c3/datanode-5/data/ratis/a9c0be52-3882-478e-9292-a10ef1baec68 has been successfully formatted.
2019-09-17 14:54:21,935 [pool-27-thread-1] INFO  ratis.ContainerStateMachine (ContainerStateMachine.java:loadSnapshot(230)) - group-A10EF1BAEC68: The snapshot info is null. Setting the last applied indexto:(t:0, i:~)
2019-09-17 14:54:21,935 [pool-37-thread-1] INFO  ratis.ContainerStateMachine (ContainerStateMachine.java:loadSnapshot(230)) - group-A10EF1BAEC68: The snapshot info is null. Setting the last applied indexto:(t:0, i:~)
2019-09-17 14:54:21,935 [pool-77-thread-1] INFO  ratis.ContainerStateMachine (ContainerStateMachine.java:loadSnapshot(230)) - group-A10EF1BAEC68: The snapshot info is null. Setting the last applied indexto:(t:0, i:~)
2019-09-17 14:54:21,935 [pool-27-thread-1] INFO  server.RaftServerConfigKeys (ConfUtils.java:logGet(43)) - raft.server.notification.no-leader.timeout = 120s (custom)
2019-09-17 14:54:21,936 [pool-77-thread-1] INFO  server.RaftServerConfigKeys (ConfUtils.java:logGet(43)) - raft.server.notification.no-leader.timeout = 120s (custom)
2019-09-17 14:54:21,935 [pool-37-thread-1] INFO  server.RaftServerConfigKeys (ConfUtils.java:logGet(43)) - raft.server.notification.no-leader.timeout = 120s (custom)
2019-09-17 14:54:21,936 [pool-77-thread-1] INFO  server.RaftServerConfigKeys (ConfUtils.java:logGet(43)) - raft.server.log.use.memory = false (default)
2019-09-17 14:54:21,936 [pool-27-thread-1] INFO  server.RaftServerConfigKeys (ConfUtils.java:logGet(43)) - raft.server.log.use.memory = false (default)
2019-09-17 14:54:21,936 [pool-77-thread-1] INFO  server.RaftServerConfigKeys (ConfUtils.java:logGet(43)) - raft.server.log.purge.gap = 1000000 (custom)
2019-09-17 14:54:21,936 [pool-37-thread-1] INFO  server.RaftServerConfigKeys (ConfUtils.java:logGet(43)) - raft.server.log.use.memory = false (default)
2019-09-17 14:54:21,936 [pool-77-thread-1] INFO  server.RaftServerConfigKeys (ConfUtils.java:logGet(43)) - raft.server.log.appender.buffer.byte-limit = 33554432 (custom)
2019-09-17 14:54:21,936 [pool-27-thread-1] INFO  server.RaftServerConfigKeys (ConfUtils.java:logGet(43)) - raft.server.log.purge.gap = 1000000 (custom)
2019-09-17 14:54:21,937 [pool-77-thread-1] INFO  server.RaftServerConfigKeys (ConfUtils.java:logGet(43)) - raft.server.log.segment.size.max = 1048576 (custom)
2019-09-17 14:54:21,937 [pool-37-thread-1] INFO  server.RaftServerConfigKeys (ConfUtils.java:logGet(43)) - raft.server.log.purge.gap = 1000000 (custom)
2019-09-17 14:54:21,937 [pool-77-thread-1] INFO  server.RaftServerConfigKeys (ConfUtils.java:logGet(43)) - raft.server.log.segment.cache.num.max = 2 (custom)
2019-09-17 14:54:21,937 [pool-27-thread-1] INFO  server.RaftServerConfigKeys (ConfUtils.java:logGet(43)) - raft.server.log.appender.buffer.byte-limit = 33554432 (custom)
2019-09-17 14:54:21,937 [pool-77-thread-1] INFO  segmented.SegmentedRaftLogWorker (SegmentedRaftLogWorker.java:<init>(172)) - new 9b5674b6-1da3-4a18-a3b1-2bf65c31b2e5@group-A10EF1BAEC68-SegmentedRaftLogWorker for RaftStorage:Storage Directory /workdir/hadoop-ozone/integration-test/target/test-dir/MiniOzoneClusterImpl-845ee491-3861-4700-afca-e6762de221c3/datanode-5/data/ratis/a9c0be52-3882-478e-9292-a10ef1baec68
2019-09-17 14:54:21,937 [pool-37-thread-1] INFO  server.RaftServerConfigKeys (ConfUtils.java:logGet(43)) - raft.server.log.appender.buffer.byte-limit = 33554432 (custom)
2019-09-17 14:54:21,938 [pool-77-thread-1] INFO  server.RaftServerConfigKeys (ConfUtils.java:logGet(43)) - raft.server.log.queue.byte-limit = 2147483647 (custom)
2019-09-17 14:54:21,937 [pool-27-thread-1] INFO  server.RaftServerConfigKeys (ConfUtils.java:logGet(43)) - raft.server.log.segment.size.max = 1048576 (custom)
2019-09-17 14:54:21,938 [pool-77-thread-1] INFO  server.RaftServerConfigKeys (ConfUtils.java:logGet(43)) - raft.server.log.queue.element-limit = 1024 (custom)
2019-09-17 14:54:21,938 [pool-37-thread-1] INFO  server.RaftServerConfigKeys (ConfUtils.java:logGet(43)) - raft.server.log.segment.size.max = 1048576 (custom)
2019-09-17 14:54:21,938 [pool-77-thread-1] INFO  server.RaftServerConfigKeys (ConfUtils.java:logGet(43)) - raft.server.log.segment.size.max = 1048576 (custom)
2019-09-17 14:54:21,938 [pool-27-thread-1] INFO  server.RaftServerConfigKeys (ConfUtils.java:logGet(43)) - raft.server.log.segment.cache.num.max = 2 (custom)
2019-09-17 14:54:21,938 [pool-77-thread-1] INFO  server.RaftServerConfigKeys (ConfUtils.java:logGet(43)) - raft.server.log.preallocated.size = 16384 (custom)
2019-09-17 14:54:21,938 [pool-37-thread-1] INFO  server.RaftServerConfigKeys (ConfUtils.java:logGet(43)) - raft.server.log.segment.cache.num.max = 2 (custom)
2019-09-17 14:54:21,939 [pool-77-thread-1] INFO  server.RaftServerConfigKeys (ConfUtils.java:logGet(43)) - raft.server.log.write.buffer.size = 33554432 (custom)
2019-09-17 14:54:21,939 [pool-27-thread-1] INFO  segmented.SegmentedRaftLogWorker (SegmentedRaftLogWorker.java:<init>(172)) - new 87bd24bf-ffb9-4c07-ac8f-086f94142b7e@group-A10EF1BAEC68-SegmentedRaftLogWorker for RaftStorage:Storage Directory /workdir/hadoop-ozone/integration-test/target/test-dir/MiniOzoneClusterImpl-845ee491-3861-4700-afca-e6762de221c3/datanode-0/data/ratis/a9c0be52-3882-478e-9292-a10ef1baec68
2019-09-17 14:54:21,939 [pool-77-thread-1] INFO  server.RaftServerConfigKeys (ConfUtils.java:logGet(43)) - raft.server.log.force.sync.num = 128 (default)
2019-09-17 14:54:21,939 [pool-37-thread-1] INFO  segmented.SegmentedRaftLogWorker (SegmentedRaftLogWorker.java:<init>(172)) - new 55160a25-c10a-4fac-977f-ea88e555cd0f@group-A10EF1BAEC68-SegmentedRaftLogWorker for RaftStorage:Storage Directory /workdir/hadoop-ozone/integration-test/target/test-dir/MiniOzoneClusterImpl-845ee491-3861-4700-afca-e6762de221c3/datanode-1/data/ratis/a9c0be52-3882-478e-9292-a10ef1baec68
2019-09-17 14:54:21,939 [pool-77-thread-1] INFO  server.RaftServerConfigKeys (ConfUtils.java:logGet(43)) - raft.server.log.statemachine.data.sync = true (default)
2019-09-17 14:54:21,939 [pool-27-thread-1] INFO  server.RaftServerConfigKeys (ConfUtils.java:logGet(43)) - raft.server.log.queue.byte-limit = 2147483647 (custom)
2019-09-17 14:54:21,940 [pool-77-thread-1] INFO  server.RaftServerConfigKeys (ConfUtils.java:logGet(43)) - raft.server.log.statemachine.data.sync.timeout = 10s (default)
2019-09-17 14:54:21,940 [pool-37-thread-1] INFO  server.RaftServerConfigKeys (ConfUtils.java:logGet(43)) - raft.server.log.queue.byte-limit = 2147483647 (custom)
2019-09-17 14:54:21,940 [pool-77-thread-1] INFO  server.RaftServerConfigKeys (ConfUtils.java:logGet(43)) - raft.server.log.statemachine.data.sync.timeout.retry = -1 (default)
2019-09-17 14:54:21,940 [pool-27-thread-1] INFO  server.RaftServerConfigKeys (ConfUtils.java:logGet(43)) - raft.server.log.queue.element-limit = 1024 (custom)
2019-09-17 14:54:21,940 [pool-37-thread-1] INFO  server.RaftServerConfigKeys (ConfUtils.java:logGet(43)) - raft.server.log.queue.element-limit = 1024 (custom)
2019-09-17 14:54:21,941 [pool-27-thread-1] INFO  server.RaftServerConfigKeys (ConfUtils.java:logGet(43)) - raft.server.log.segment.size.max = 1048576 (custom)
2019-09-17 14:54:21,940 [pool-77-thread-1] INFO  server.RaftServerConfigKeys (ConfUtils.java:logGet(43)) - raft.server.log.statemachine.data.caching.enabled = true (custom)
2019-09-17 14:54:21,941 [pool-27-thread-1] INFO  server.RaftServerConfigKeys (ConfUtils.java:logGet(43)) - raft.server.log.preallocated.size = 16384 (custom)
2019-09-17 14:54:21,941 [pool-37-thread-1] INFO  server.RaftServerConfigKeys (ConfUtils.java:logGet(43)) - raft.server.log.segment.size.max = 1048576 (custom)
2019-09-17 14:54:21,941 [pool-27-thread-1] INFO  server.RaftServerConfigKeys (ConfUtils.java:logGet(43)) - raft.server.log.write.buffer.size = 33554432 (custom)
2019-09-17 14:54:21,941 [pool-77-thread-1] INFO  segmented.SegmentedRaftLogWorker (SegmentedRaftLogWorker.java:lambda$new$0(132)) - 9b5674b6-1da3-4a18-a3b1-2bf65c31b2e5@group-A10EF1BAEC68-SegmentedRaftLogWorker: flushIndex: setUnconditionally 0 -> -1
2019-09-17 14:54:21,941 [pool-37-thread-1] INFO  server.RaftServerConfigKeys (ConfUtils.java:logGet(43)) - raft.server.log.preallocated.size = 16384 (custom)
2019-09-17 14:54:21,942 [pool-37-thread-1] INFO  server.RaftServerConfigKeys (ConfUtils.java:logGet(43)) - raft.server.log.write.buffer.size = 33554432 (custom)
2019-09-17 14:54:21,941 [pool-27-thread-1] INFO  server.RaftServerConfigKeys (ConfUtils.java:logGet(43)) - raft.server.log.force.sync.num = 128 (default)
2019-09-17 14:54:21,942 [pool-77-thread-1] INFO  server.RaftServerConfigKeys (ConfUtils.java:logGet(43)) - raft.server.snapshot.auto.trigger.enabled = true (custom)
2019-09-17 14:54:21,942 [pool-37-thread-1] INFO  server.RaftServerConfigKeys (ConfUtils.java:logGet(43)) - raft.server.log.force.sync.num = 128 (default)
2019-09-17 14:54:21,942 [pool-77-thread-1] INFO  server.RaftServerConfigKeys (ConfUtils.java:logGet(43)) - raft.server.snapshot.auto.trigger.threshold = 10000 (custom)
2019-09-17 14:54:21,942 [pool-27-thread-1] INFO  server.RaftServerConfigKeys (ConfUtils.java:logGet(43)) - raft.server.log.statemachine.data.sync = true (default)
2019-09-17 14:54:21,942 [pool-77-thread-1] INFO  server.RaftServerConfigKeys (ConfUtils.java:logGet(43)) - raft.server.snapshot.retention.num.files = 5 (custom)
2019-09-17 14:54:21,942 [pool-37-thread-1] INFO  server.RaftServerConfigKeys (ConfUtils.java:logGet(43)) - raft.server.log.statemachine.data.sync = true (default)
2019-09-17 14:54:21,943 [pool-77-thread-1] INFO  server.RaftServerConfigKeys (ConfUtils.java:logGet(43)) - raft.server.retrycache.expirytime = 600000ms (custom)
2019-09-17 14:54:21,942 [pool-27-thread-1] INFO  server.RaftServerConfigKeys (ConfUtils.java:logGet(43)) - raft.server.log.statemachine.data.sync.timeout = 10s (default)
2019-09-17 14:54:21,943 [pool-37-thread-1] INFO  server.RaftServerConfigKeys (ConfUtils.java:logGet(43)) - raft.server.log.statemachine.data.sync.timeout = 10s (default)
2019-09-17 14:54:21,943 [pool-27-thread-1] INFO  server.RaftServerConfigKeys (ConfUtils.java:logGet(43)) - raft.server.log.statemachine.data.sync.timeout.retry = -1 (default)
2019-09-17 14:54:21,943 [pool-37-thread-1] INFO  server.RaftServerConfigKeys (ConfUtils.java:logGet(43)) - raft.server.log.statemachine.data.sync.timeout.retry = -1 (default)
2019-09-17 14:54:21,944 [pool-27-thread-1] INFO  server.RaftServerConfigKeys (ConfUtils.java:logGet(43)) - raft.server.log.statemachine.data.caching.enabled = true (custom)
2019-09-17 14:54:21,944 [pool-37-thread-1] INFO  server.RaftServerConfigKeys (ConfUtils.java:logGet(43)) - raft.server.log.statemachine.data.caching.enabled = true (custom)
2019-09-17 14:54:21,944 [pool-27-thread-1] INFO  segmented.SegmentedRaftLogWorker (SegmentedRaftLogWorker.java:lambda$new$0(132)) - 87bd24bf-ffb9-4c07-ac8f-086f94142b7e@group-A10EF1BAEC68-SegmentedRaftLogWorker: flushIndex: setUnconditionally 0 -> -1
2019-09-17 14:54:21,944 [pool-37-thread-1] INFO  segmented.SegmentedRaftLogWorker (SegmentedRaftLogWorker.java:lambda$new$0(132)) - 55160a25-c10a-4fac-977f-ea88e555cd0f@group-A10EF1BAEC68-SegmentedRaftLogWorker: flushIndex: setUnconditionally 0 -> -1
2019-09-17 14:54:21,944 [pool-27-thread-1] INFO  server.RaftServerConfigKeys (ConfUtils.java:logGet(43)) - raft.server.snapshot.auto.trigger.enabled = true (custom)
2019-09-17 14:54:21,945 [pool-27-thread-1] INFO  server.RaftServerConfigKeys (ConfUtils.java:logGet(43)) - raft.server.snapshot.auto.trigger.threshold = 10000 (custom)
2019-09-17 14:54:21,951 [pool-27-thread-1] INFO  server.RaftServerConfigKeys (ConfUtils.java:logGet(43)) - raft.server.snapshot.retention.num.files = 5 (custom)
2019-09-17 14:54:21,951 [pool-37-thread-1] INFO  server.RaftServerConfigKeys (ConfUtils.java:logGet(43)) - raft.server.snapshot.auto.trigger.enabled = true (custom)
2019-09-17 14:54:21,951 [pool-27-thread-1] INFO  server.RaftServerConfigKeys (ConfUtils.java:logGet(43)) - raft.server.retrycache.expirytime = 600000ms (custom)
2019-09-17 14:54:21,951 [pool-37-thread-1] INFO  server.RaftServerConfigKeys (ConfUtils.java:logGet(43)) - raft.server.snapshot.auto.trigger.threshold = 10000 (custom)
2019-09-17 14:54:21,952 [pool-37-thread-1] INFO  server.RaftServerConfigKeys (ConfUtils.java:logGet(43)) - raft.server.snapshot.retention.num.files = 5 (custom)
2019-09-17 14:54:21,952 [pool-37-thread-1] INFO  server.RaftServerConfigKeys (ConfUtils.java:logGet(43)) - raft.server.retrycache.expirytime = 600000ms (custom)
2019-09-17 14:54:21,955 [pool-77-thread-1] INFO  impl.RaftServerImpl (RaftServerImpl.java:start(185)) - 9b5674b6-1da3-4a18-a3b1-2bf65c31b2e5@group-A10EF1BAEC68: start as a follower, conf=-1: [87bd24bf-ffb9-4c07-ac8f-086f94142b7e:192.168.151.72:43501, 9b5674b6-1da3-4a18-a3b1-2bf65c31b2e5:192.168.151.72:42570, 55160a25-c10a-4fac-977f-ea88e555cd0f:192.168.151.72:33878], old=null
2019-09-17 14:54:21,955 [pool-77-thread-1] INFO  impl.RaftServerImpl (RaftServerImpl.java:setRole(174)) - 9b5674b6-1da3-4a18-a3b1-2bf65c31b2e5@group-A10EF1BAEC68: changes role from      null to FOLLOWER at term 0 for startAsFollower
2019-09-17 14:54:21,955 [pool-77-thread-1] INFO  impl.RoleInfo (RoleInfo.java:updateAndGet(143)) - 9b5674b6-1da3-4a18-a3b1-2bf65c31b2e5: start FollowerState
2019-09-17 14:54:21,955 [pool-27-thread-1] INFO  impl.RaftServerImpl (RaftServerImpl.java:start(185)) - 87bd24bf-ffb9-4c07-ac8f-086f94142b7e@group-A10EF1BAEC68: start as a follower, conf=-1: [87bd24bf-ffb9-4c07-ac8f-086f94142b7e:192.168.151.72:43501, 9b5674b6-1da3-4a18-a3b1-2bf65c31b2e5:192.168.151.72:42570, 55160a25-c10a-4fac-977f-ea88e555cd0f:192.168.151.72:33878], old=null
2019-09-17 14:54:21,955 [pool-77-thread-1] INFO  util.JmxRegister (JmxRegister.java:tryRegister(44)) - Successfully registered JMX Bean with object name Ratis:service=RaftServer,group=group-A10EF1BAEC68,id=9b5674b6-1da3-4a18-a3b1-2bf65c31b2e5
2019-09-17 14:54:21,955 [pool-27-thread-1] INFO  impl.RaftServerImpl (RaftServerImpl.java:setRole(174)) - 87bd24bf-ffb9-4c07-ac8f-086f94142b7e@group-A10EF1BAEC68: changes role from      null to FOLLOWER at term 0 for startAsFollower
2019-09-17 14:54:21,956 [pool-37-thread-1] INFO  impl.RaftServerImpl (RaftServerImpl.java:start(185)) - 55160a25-c10a-4fac-977f-ea88e555cd0f@group-A10EF1BAEC68: start as a follower, conf=-1: [87bd24bf-ffb9-4c07-ac8f-086f94142b7e:192.168.151.72:43501, 9b5674b6-1da3-4a18-a3b1-2bf65c31b2e5:192.168.151.72:42570, 55160a25-c10a-4fac-977f-ea88e555cd0f:192.168.151.72:33878], old=null
2019-09-17 14:54:21,956 [pool-27-thread-1] INFO  impl.RoleInfo (RoleInfo.java:updateAndGet(143)) - 87bd24bf-ffb9-4c07-ac8f-086f94142b7e: start FollowerState
2019-09-17 14:54:21,956 [pool-37-thread-1] INFO  impl.RaftServerImpl (RaftServerImpl.java:setRole(174)) - 55160a25-c10a-4fac-977f-ea88e555cd0f@group-A10EF1BAEC68: changes role from      null to FOLLOWER at term 0 for startAsFollower
2019-09-17 14:54:21,956 [pool-37-thread-1] INFO  impl.RoleInfo (RoleInfo.java:updateAndGet(143)) - 55160a25-c10a-4fac-977f-ea88e555cd0f: start FollowerState
2019-09-17 14:54:21,956 [pool-27-thread-1] INFO  util.JmxRegister (JmxRegister.java:tryRegister(44)) - Successfully registered JMX Bean with object name Ratis:service=RaftServer,group=group-A10EF1BAEC68,id=87bd24bf-ffb9-4c07-ac8f-086f94142b7e
2019-09-17 14:54:21,957 [pool-37-thread-1] INFO  util.JmxRegister (JmxRegister.java:tryRegister(44)) - Successfully registered JMX Bean with object name Ratis:service=RaftServer,group=group-A10EF1BAEC68,id=55160a25-c10a-4fac-977f-ea88e555cd0f
2019-09-17 14:54:21,969 [87bd24bf-ffb9-4c07-ac8f-086f94142b7e@group-EA0C3C784A36-SegmentedRaftLogWorker] INFO  segmented.SegmentedRaftLogWorker (SegmentedRaftLogWorker.java:execute(569)) - 87bd24bf-ffb9-4c07-ac8f-086f94142b7e@group-EA0C3C784A36-SegmentedRaftLogWorker: created new log segment /workdir/hadoop-ozone/integration-test/target/test-dir/MiniOzoneClusterImpl-845ee491-3861-4700-afca-e6762de221c3/datanode-0/data/ratis/ee5b306a-777f-4d48-94f1-ea0c3c784a36/current/log_inprogress_0
2019-09-17 14:54:21,969 [bbb4e265-cb6b-4caa-8b5d-65801261426c@group-12E789ACEF07-SegmentedRaftLogWorker] INFO  segmented.SegmentedRaftLogWorker (SegmentedRaftLogWorker.java:execute(569)) - bbb4e265-cb6b-4caa-8b5d-65801261426c@group-12E789ACEF07-SegmentedRaftLogWorker: created new log segment /workdir/hadoop-ozone/integration-test/target/test-dir/MiniOzoneClusterImpl-845ee491-3861-4700-afca-e6762de221c3/datanode-9/data/ratis/c87de7aa-265a-4681-8db3-12e789acef07/current/log_inprogress_0
2019-09-17 14:54:21,973 [RatisPipelineUtilsThread] INFO  pipeline.PipelineStateManager (PipelineStateManager.java:addPipeline(56)) - Created pipeline Pipeline[ Id: a9c0be52-3882-478e-9292-a10ef1baec68, Nodes: 87bd24bf-ffb9-4c07-ac8f-086f94142b7e{ip: 192.168.151.72, host: pr-hdds-2137-trunk-f8w4d-2934045284, networkLocation: /default-rack, certSerialId: null}55160a25-c10a-4fac-977f-ea88e555cd0f{ip: 192.168.151.72, host: pr-hdds-2137-trunk-f8w4d-2934045284, networkLocation: /default-rack, certSerialId: null}9b5674b6-1da3-4a18-a3b1-2bf65c31b2e5{ip: 192.168.151.72, host: pr-hdds-2137-trunk-f8w4d-2934045284, networkLocation: /default-rack, certSerialId: null}, Type:RATIS, Factor:THREE, State:OPEN]
2019-09-17 14:54:21,997 [grpc-default-executor-2] INFO  impl.RaftServerProxy (RaftServerProxy.java:addNew(89)) - 0d659ca8-8d3f-4ad5-ad2a-cdb4ab88523b: addNew group-85515DBFC7EF:[296d1e6a-4d03-4625-a926-8603881e9a06:192.168.151.72:33407, 0d659ca8-8d3f-4ad5-ad2a-cdb4ab88523b:192.168.151.72:38283, 64dc86e1-b58a-47fa-9209-c80a04613504:192.168.151.72:41434] returns group-85515DBFC7EF:java.util.concurrent.CompletableFuture@4fc2ea60[Not completed]
2019-09-17 14:54:21,998 [grpc-default-executor-0] INFO  impl.RaftServerProxy (RaftServerProxy.java:addNew(89)) - 296d1e6a-4d03-4625-a926-8603881e9a06: addNew group-85515DBFC7EF:[296d1e6a-4d03-4625-a926-8603881e9a06:192.168.151.72:33407, 0d659ca8-8d3f-4ad5-ad2a-cdb4ab88523b:192.168.151.72:38283, 64dc86e1-b58a-47fa-9209-c80a04613504:192.168.151.72:41434] returns group-85515DBFC7EF:java.util.concurrent.CompletableFuture@4e99a107[Not completed]
2019-09-17 14:54:21,998 [grpc-default-executor-1] INFO  impl.RaftServerProxy (RaftServerProxy.java:addNew(89)) - 64dc86e1-b58a-47fa-9209-c80a04613504: addNew group-85515DBFC7EF:[296d1e6a-4d03-4625-a926-8603881e9a06:192.168.151.72:33407, 0d659ca8-8d3f-4ad5-ad2a-cdb4ab88523b:192.168.151.72:38283, 64dc86e1-b58a-47fa-9209-c80a04613504:192.168.151.72:41434] returns group-85515DBFC7EF:java.util.concurrent.CompletableFuture@38bf82fc[Not completed]
2019-09-17 14:54:22,001 [pool-47-thread-1] INFO  impl.RaftServerImpl (RaftServerImpl.java:<init>(95)) - 0d659ca8-8d3f-4ad5-ad2a-cdb4ab88523b: new RaftServerImpl for group-85515DBFC7EF:[296d1e6a-4d03-4625-a926-8603881e9a06:192.168.151.72:33407, 0d659ca8-8d3f-4ad5-ad2a-cdb4ab88523b:192.168.151.72:38283, 64dc86e1-b58a-47fa-9209-c80a04613504:192.168.151.72:41434] with ContainerStateMachine:uninitialized
2019-09-17 14:54:22,001 [pool-47-thread-1] INFO  server.RaftServerConfigKeys (ConfUtils.java:logGet(43)) - raft.server.rpc.timeout.min = 1s (custom)
2019-09-17 14:54:22,001 [pool-47-thread-1] INFO  server.RaftServerConfigKeys (ConfUtils.java:logGet(43)) - raft.server.rpc.timeout.max = 1200ms (custom)
2019-09-17 14:54:22,001 [pool-47-thread-1] INFO  server.RaftServerConfigKeys (ConfUtils.java:logGet(43)) - raft.server.rpcslowness.timeout = 120s (custom)
2019-09-17 14:54:22,001 [pool-47-thread-1] INFO  server.RaftServerConfigKeys (ConfUtils.java:logGet(43)) - raft.server.sleep.deviation.threshold = 300 (default)
2019-09-17 14:54:22,002 [pool-47-thread-1] INFO  server.RaftServerConfigKeys (ConfUtils.java:logGet(43)) - raft.server.log.appender.install.snapshot.enabled = false (custom)
2019-09-17 14:54:22,002 [pool-47-thread-1] INFO  impl.RaftServerImpl (ServerState.java:<init>(103)) - 0d659ca8-8d3f-4ad5-ad2a-cdb4ab88523b@group-85515DBFC7EF: ConfigurationManager, init=-1: [296d1e6a-4d03-4625-a926-8603881e9a06:192.168.151.72:33407, 0d659ca8-8d3f-4ad5-ad2a-cdb4ab88523b:192.168.151.72:38283, 64dc86e1-b58a-47fa-9209-c80a04613504:192.168.151.72:41434], old=null, confs=<EMPTY_MAP>
2019-09-17 14:54:22,002 [pool-107-thread-1] INFO  impl.RaftServerImpl (RaftServerImpl.java:<init>(95)) - 64dc86e1-b58a-47fa-9209-c80a04613504: new RaftServerImpl for group-85515DBFC7EF:[296d1e6a-4d03-4625-a926-8603881e9a06:192.168.151.72:33407, 0d659ca8-8d3f-4ad5-ad2a-cdb4ab88523b:192.168.151.72:38283, 64dc86e1-b58a-47fa-9209-c80a04613504:192.168.151.72:41434] with ContainerStateMachine:uninitialized
2019-09-17 14:54:22,002 [pool-47-thread-1] INFO  server.RaftServerConfigKeys (ConfUtils.java:logGet(43)) - raft.server.storage.dir = [/workdir/hadoop-ozone/integration-test/target/test-dir/MiniOzoneClusterImpl-845ee491-3861-4700-afca-e6762de221c3/datanode-2/data/ratis] (custom)
2019-09-17 14:54:22,002 [pool-107-thread-1] INFO  server.RaftServerConfigKeys (ConfUtils.java:logGet(43)) - raft.server.rpc.timeout.min = 1s (custom)
2019-09-17 14:54:22,002 [pool-107-thread-1] INFO  server.RaftServerConfigKeys (ConfUtils.java:logGet(43)) - raft.server.rpc.timeout.max = 1200ms (custom)
2019-09-17 14:54:22,002 [pool-47-thread-1] INFO  storage.RaftStorageDirectory (RaftStorageDirectory.java:analyzeStorage(246)) - The storage directory /workdir/hadoop-ozone/integration-test/target/test-dir/MiniOzoneClusterImpl-845ee491-3861-4700-afca-e6762de221c3/datanode-2/data/ratis/7a1be835-dbe0-4477-9aa1-85515dbfc7ef does not exist. Creating ...
2019-09-17 14:54:22,003 [pool-107-thread-1] INFO  server.RaftServerConfigKeys (ConfUtils.java:logGet(43)) - raft.server.rpcslowness.timeout = 120s (custom)
2019-09-17 14:54:22,003 [pool-107-thread-1] INFO  server.RaftServerConfigKeys (ConfUtils.java:logGet(43)) - raft.server.sleep.deviation.threshold = 300 (default)
2019-09-17 14:54:22,003 [pool-107-thread-1] INFO  server.RaftServerConfigKeys (ConfUtils.java:logGet(43)) - raft.server.log.appender.install.snapshot.enabled = false (custom)
2019-09-17 14:54:22,003 [pool-107-thread-1] INFO  impl.RaftServerImpl (ServerState.java:<init>(103)) - 64dc86e1-b58a-47fa-9209-c80a04613504@group-85515DBFC7EF: ConfigurationManager, init=-1: [296d1e6a-4d03-4625-a926-8603881e9a06:192.168.151.72:33407, 0d659ca8-8d3f-4ad5-ad2a-cdb4ab88523b:192.168.151.72:38283, 64dc86e1-b58a-47fa-9209-c80a04613504:192.168.151.72:41434], old=null, confs=<EMPTY_MAP>
2019-09-17 14:54:22,003 [pool-67-thread-1] INFO  impl.RaftServerImpl (RaftServerImpl.java:<init>(95)) - 296d1e6a-4d03-4625-a926-8603881e9a06: new RaftServerImpl for group-85515DBFC7EF:[296d1e6a-4d03-4625-a926-8603881e9a06:192.168.151.72:33407, 0d659ca8-8d3f-4ad5-ad2a-cdb4ab88523b:192.168.151.72:38283, 64dc86e1-b58a-47fa-9209-c80a04613504:192.168.151.72:41434] with ContainerStateMachine:uninitialized
2019-09-17 14:54:22,005 [pool-107-thread-1] INFO  server.RaftServerConfigKeys (ConfUtils.java:logGet(43)) - raft.server.storage.dir = [/workdir/hadoop-ozone/integration-test/target/test-dir/MiniOzoneClusterImpl-845ee491-3861-4700-afca-e6762de221c3/datanode-8/data/ratis] (custom)
2019-09-17 14:54:22,005 [pool-67-thread-1] INFO  server.RaftServerConfigKeys (ConfUtils.java:logGet(43)) - raft.server.rpc.timeout.min = 1s (custom)
2019-09-17 14:54:22,006 [pool-67-thread-1] INFO  server.RaftServerConfigKeys (ConfUtils.java:logGet(43)) - raft.server.rpc.timeout.max = 1200ms (custom)
2019-09-17 14:54:22,006 [pool-107-thread-1] INFO  storage.RaftStorageDirectory (RaftStorageDirectory.java:analyzeStorage(246)) - The storage directory /workdir/hadoop-ozone/integration-test/target/test-dir/MiniOzoneClusterImpl-845ee491-3861-4700-afca-e6762de221c3/datanode-8/data/ratis/7a1be835-dbe0-4477-9aa1-85515dbfc7ef does not exist. Creating ...
2019-09-17 14:54:22,006 [pool-67-thread-1] INFO  server.RaftServerConfigKeys (ConfUtils.java:logGet(43)) - raft.server.rpcslowness.timeout = 120s (custom)
2019-09-17 14:54:22,006 [pool-67-thread-1] INFO  server.RaftServerConfigKeys (ConfUtils.java:logGet(43)) - raft.server.sleep.deviation.threshold = 300 (default)
2019-09-17 14:54:22,007 [pool-67-thread-1] INFO  server.RaftServerConfigKeys (ConfUtils.java:logGet(43)) - raft.server.log.appender.install.snapshot.enabled = false (custom)
2019-09-17 14:54:22,007 [pool-67-thread-1] INFO  impl.RaftServerImpl (ServerState.java:<init>(103)) - 296d1e6a-4d03-4625-a926-8603881e9a06@group-85515DBFC7EF: ConfigurationManager, init=-1: [296d1e6a-4d03-4625-a926-8603881e9a06:192.168.151.72:33407, 0d659ca8-8d3f-4ad5-ad2a-cdb4ab88523b:192.168.151.72:38283, 64dc86e1-b58a-47fa-9209-c80a04613504:192.168.151.72:41434], old=null, confs=<EMPTY_MAP>
2019-09-17 14:54:22,007 [pool-67-thread-1] INFO  server.RaftServerConfigKeys (ConfUtils.java:logGet(43)) - raft.server.storage.dir = [/workdir/hadoop-ozone/integration-test/target/test-dir/MiniOzoneClusterImpl-845ee491-3861-4700-afca-e6762de221c3/datanode-4/data/ratis] (custom)
2019-09-17 14:54:22,008 [pool-67-thread-1] INFO  storage.RaftStorageDirectory (RaftStorageDirectory.java:analyzeStorage(246)) - The storage directory /workdir/hadoop-ozone/integration-test/target/test-dir/MiniOzoneClusterImpl-845ee491-3861-4700-afca-e6762de221c3/datanode-4/data/ratis/7a1be835-dbe0-4477-9aa1-85515dbfc7ef does not exist. Creating ...
2019-09-17 14:54:22,020 [pool-107-thread-1] INFO  storage.RaftStorageDirectory (RaftStorageDirectory.java:tryLock(328)) - Lock on /workdir/hadoop-ozone/integration-test/target/test-dir/MiniOzoneClusterImpl-845ee491-3861-4700-afca-e6762de221c3/datanode-8/data/ratis/7a1be835-dbe0-4477-9aa1-85515dbfc7ef/in_use.lock acquired by nodename 9959@pr-hdds-2137-trunk-f8w4d-2934045284
2019-09-17 14:54:22,020 [pool-67-thread-1] INFO  storage.RaftStorageDirectory (RaftStorageDirectory.java:tryLock(328)) - Lock on /workdir/hadoop-ozone/integration-test/target/test-dir/MiniOzoneClusterImpl-845ee491-3861-4700-afca-e6762de221c3/datanode-4/data/ratis/7a1be835-dbe0-4477-9aa1-85515dbfc7ef/in_use.lock acquired by nodename 9959@pr-hdds-2137-trunk-f8w4d-2934045284
2019-09-17 14:54:22,020 [pool-47-thread-1] INFO  storage.RaftStorageDirectory (RaftStorageDirectory.java:tryLock(328)) - Lock on /workdir/hadoop-ozone/integration-test/target/test-dir/MiniOzoneClusterImpl-845ee491-3861-4700-afca-e6762de221c3/datanode-2/data/ratis/7a1be835-dbe0-4477-9aa1-85515dbfc7ef/in_use.lock acquired by nodename 9959@pr-hdds-2137-trunk-f8w4d-2934045284
2019-09-17 14:54:22,049 [pool-47-thread-1] INFO  storage.RaftStorage (RaftStorage.java:format(72)) - Storage directory /workdir/hadoop-ozone/integration-test/target/test-dir/MiniOzoneClusterImpl-845ee491-3861-4700-afca-e6762de221c3/datanode-2/data/ratis/7a1be835-dbe0-4477-9aa1-85515dbfc7ef has been successfully formatted.
2019-09-17 14:54:22,049 [pool-107-thread-1] INFO  storage.RaftStorage (RaftStorage.java:format(72)) - Storage directory /workdir/hadoop-ozone/integration-test/target/test-dir/MiniOzoneClusterImpl-845ee491-3861-4700-afca-e6762de221c3/datanode-8/data/ratis/7a1be835-dbe0-4477-9aa1-85515dbfc7ef has been successfully formatted.
2019-09-17 14:54:22,049 [pool-67-thread-1] INFO  storage.RaftStorage (RaftStorage.java:format(72)) - Storage directory /workdir/hadoop-ozone/integration-test/target/test-dir/MiniOzoneClusterImpl-845ee491-3861-4700-afca-e6762de221c3/datanode-4/data/ratis/7a1be835-dbe0-4477-9aa1-85515dbfc7ef has been successfully formatted.
2019-09-17 14:54:22,049 [pool-47-thread-1] INFO  ratis.ContainerStateMachine (ContainerStateMachine.java:loadSnapshot(230)) - group-85515DBFC7EF: The snapshot info is null. Setting the last applied indexto:(t:0, i:~)
2019-09-17 14:54:22,050 [pool-67-thread-1] INFO  ratis.ContainerStateMachine (ContainerStateMachine.java:loadSnapshot(230)) - group-85515DBFC7EF: The snapshot info is null. Setting the last applied indexto:(t:0, i:~)
2019-09-17 14:54:22,049 [pool-107-thread-1] INFO  ratis.ContainerStateMachine (ContainerStateMachine.java:loadSnapshot(230)) - group-85515DBFC7EF: The snapshot info is null. Setting the last applied indexto:(t:0, i:~)
2019-09-17 14:54:22,050 [pool-67-thread-1] INFO  server.RaftServerConfigKeys (ConfUtils.java:logGet(43)) - raft.server.notification.no-leader.timeout = 120s (custom)
2019-09-17 14:54:22,050 [pool-47-thread-1] INFO  server.RaftServerConfigKeys (ConfUtils.java:logGet(43)) - raft.server.notification.no-leader.timeout = 120s (custom)
2019-09-17 14:54:22,050 [pool-67-thread-1] INFO  server.RaftServerConfigKeys (ConfUtils.java:logGet(43)) - raft.server.log.use.memory = false (default)
2019-09-17 14:54:22,050 [pool-107-thread-1] INFO  server.RaftServerConfigKeys (ConfUtils.java:logGet(43)) - raft.server.notification.no-leader.timeout = 120s (custom)
2019-09-17 14:54:22,050 [pool-67-thread-1] INFO  server.RaftServerConfigKeys (ConfUtils.java:logGet(43)) - raft.server.log.purge.gap = 1000000 (custom)
2019-09-17 14:54:22,050 [pool-47-thread-1] INFO  server.RaftServerConfigKeys (ConfUtils.java:logGet(43)) - raft.server.log.use.memory = false (default)
2019-09-17 14:54:22,051 [pool-67-thread-1] INFO  server.RaftServerConfigKeys (ConfUtils.java:logGet(43)) - raft.server.log.appender.buffer.byte-limit = 33554432 (custom)
2019-09-17 14:54:22,050 [pool-107-thread-1] INFO  server.RaftServerConfigKeys (ConfUtils.java:logGet(43)) - raft.server.log.use.memory = false (default)
2019-09-17 14:54:22,051 [pool-67-thread-1] INFO  server.RaftServerConfigKeys (ConfUtils.java:logGet(43)) - raft.server.log.segment.size.max = 1048576 (custom)
2019-09-17 14:54:22,051 [pool-47-thread-1] INFO  server.RaftServerConfigKeys (ConfUtils.java:logGet(43)) - raft.server.log.purge.gap = 1000000 (custom)
2019-09-17 14:54:22,051 [pool-67-thread-1] INFO  server.RaftServerConfigKeys (ConfUtils.java:logGet(43)) - raft.server.log.segment.cache.num.max = 2 (custom)
2019-09-17 14:54:22,051 [pool-107-thread-1] INFO  server.RaftServerConfigKeys (ConfUtils.java:logGet(43)) - raft.server.log.purge.gap = 1000000 (custom)
2019-09-17 14:54:22,052 [pool-67-thread-1] INFO  segmented.SegmentedRaftLogWorker (SegmentedRaftLogWorker.java:<init>(172)) - new 296d1e6a-4d03-4625-a926-8603881e9a06@group-85515DBFC7EF-SegmentedRaftLogWorker for RaftStorage:Storage Directory /workdir/hadoop-ozone/integration-test/target/test-dir/MiniOzoneClusterImpl-845ee491-3861-4700-afca-e6762de221c3/datanode-4/data/ratis/7a1be835-dbe0-4477-9aa1-85515dbfc7ef
2019-09-17 14:54:22,051 [pool-47-thread-1] INFO  server.RaftServerConfigKeys (ConfUtils.java:logGet(43)) - raft.server.log.appender.buffer.byte-limit = 33554432 (custom)
2019-09-17 14:54:22,052 [pool-67-thread-1] INFO  server.RaftServerConfigKeys (ConfUtils.java:logGet(43)) - raft.server.log.queue.byte-limit = 2147483647 (custom)
2019-09-17 14:54:22,052 [pool-107-thread-1] INFO  server.RaftServerConfigKeys (ConfUtils.java:logGet(43)) - raft.server.log.appender.buffer.byte-limit = 33554432 (custom)
2019-09-17 14:54:22,052 [pool-67-thread-1] INFO  server.RaftServerConfigKeys (ConfUtils.java:logGet(43)) - raft.server.log.queue.element-limit = 1024 (custom)
2019-09-17 14:54:22,052 [pool-47-thread-1] INFO  server.RaftServerConfigKeys (ConfUtils.java:logGet(43)) - raft.server.log.segment.size.max = 1048576 (custom)
2019-09-17 14:54:22,052 [pool-67-thread-1] INFO  server.RaftServerConfigKeys (ConfUtils.java:logGet(43)) - raft.server.log.segment.size.max = 1048576 (custom)
2019-09-17 14:54:22,052 [pool-107-thread-1] INFO  server.RaftServerConfigKeys (ConfUtils.java:logGet(43)) - raft.server.log.segment.size.max = 1048576 (custom)
2019-09-17 14:54:22,053 [pool-67-thread-1] INFO  server.RaftServerConfigKeys (ConfUtils.java:logGet(43)) - raft.server.log.preallocated.size = 16384 (custom)
2019-09-17 14:54:22,053 [pool-47-thread-1] INFO  server.RaftServerConfigKeys (ConfUtils.java:logGet(43)) - raft.server.log.segment.cache.num.max = 2 (custom)
2019-09-17 14:54:22,053 [pool-67-thread-1] INFO  server.RaftServerConfigKeys (ConfUtils.java:logGet(43)) - raft.server.log.write.buffer.size = 33554432 (custom)
2019-09-17 14:54:22,053 [pool-107-thread-1] INFO  server.RaftServerConfigKeys (ConfUtils.java:logGet(43)) - raft.server.log.segment.cache.num.max = 2 (custom)
2019-09-17 14:54:22,053 [pool-67-thread-1] INFO  server.RaftServerConfigKeys (ConfUtils.java:logGet(43)) - raft.server.log.force.sync.num = 128 (default)
2019-09-17 14:54:22,053 [pool-47-thread-1] INFO  segmented.SegmentedRaftLogWorker (SegmentedRaftLogWorker.java:<init>(172)) - new 0d659ca8-8d3f-4ad5-ad2a-cdb4ab88523b@group-85515DBFC7EF-SegmentedRaftLogWorker for RaftStorage:Storage Directory /workdir/hadoop-ozone/integration-test/target/test-dir/MiniOzoneClusterImpl-845ee491-3861-4700-afca-e6762de221c3/datanode-2/data/ratis/7a1be835-dbe0-4477-9aa1-85515dbfc7ef
2019-09-17 14:54:22,054 [pool-67-thread-1] INFO  server.RaftServerConfigKeys (ConfUtils.java:logGet(43)) - raft.server.log.statemachine.data.sync = true (default)
2019-09-17 14:54:22,054 [pool-107-thread-1] INFO  segmented.SegmentedRaftLogWorker (SegmentedRaftLogWorker.java:<init>(172)) - new 64dc86e1-b58a-47fa-9209-c80a04613504@group-85515DBFC7EF-SegmentedRaftLogWorker for RaftStorage:Storage Directory /workdir/hadoop-ozone/integration-test/target/test-dir/MiniOzoneClusterImpl-845ee491-3861-4700-afca-e6762de221c3/datanode-8/data/ratis/7a1be835-dbe0-4477-9aa1-85515dbfc7ef
2019-09-17 14:54:22,054 [pool-67-thread-1] INFO  server.RaftServerConfigKeys (ConfUtils.java:logGet(43)) - raft.server.log.statemachine.data.sync.timeout = 10s (default)
2019-09-17 14:54:22,054 [pool-47-thread-1] INFO  server.RaftServerConfigKeys (ConfUtils.java:logGet(43)) - raft.server.log.queue.byte-limit = 2147483647 (custom)
2019-09-17 14:54:22,054 [pool-67-thread-1] INFO  server.RaftServerConfigKeys (ConfUtils.java:logGet(43)) - raft.server.log.statemachine.data.sync.timeout.retry = -1 (default)
2019-09-17 14:54:22,054 [pool-107-thread-1] INFO  server.RaftServerConfigKeys (ConfUtils.java:logGet(43)) - raft.server.log.queue.byte-limit = 2147483647 (custom)
2019-09-17 14:54:22,055 [pool-67-thread-1] INFO  server.RaftServerConfigKeys (ConfUtils.java:logGet(43)) - raft.server.log.statemachine.data.caching.enabled = true (custom)
2019-09-17 14:54:22,054 [pool-47-thread-1] INFO  server.RaftServerConfigKeys (ConfUtils.java:logGet(43)) - raft.server.log.queue.element-limit = 1024 (custom)
2019-09-17 14:54:22,055 [pool-107-thread-1] INFO  server.RaftServerConfigKeys (ConfUtils.java:logGet(43)) - raft.server.log.queue.element-limit = 1024 (custom)
2019-09-17 14:54:22,055 [pool-47-thread-1] INFO  server.RaftServerConfigKeys (ConfUtils.java:logGet(43)) - raft.server.log.segment.size.max = 1048576 (custom)
2019-09-17 14:54:22,055 [pool-67-thread-1] INFO  segmented.SegmentedRaftLogWorker (SegmentedRaftLogWorker.java:lambda$new$0(132)) - 296d1e6a-4d03-4625-a926-8603881e9a06@group-85515DBFC7EF-SegmentedRaftLogWorker: flushIndex: setUnconditionally 0 -> -1
2019-09-17 14:54:22,055 [pool-47-thread-1] INFO  server.RaftServerConfigKeys (ConfUtils.java:logGet(43)) - raft.server.log.preallocated.size = 16384 (custom)
2019-09-17 14:54:22,055 [pool-107-thread-1] INFO  server.RaftServerConfigKeys (ConfUtils.java:logGet(43)) - raft.server.log.segment.size.max = 1048576 (custom)
2019-09-17 14:54:22,061 [pool-47-thread-1] INFO  server.RaftServerConfigKeys (ConfUtils.java:logGet(43)) - raft.server.log.write.buffer.size = 33554432 (custom)
2019-09-17 14:54:22,061 [pool-107-thread-1] INFO  server.RaftServerConfigKeys (ConfUtils.java:logGet(43)) - raft.server.log.preallocated.size = 16384 (custom)
2019-09-17 14:54:22,056 [pool-67-thread-1] INFO  server.RaftServerConfigKeys (ConfUtils.java:logGet(43)) - raft.server.snapshot.auto.trigger.enabled = true (custom)
2019-09-17 14:54:22,061 [pool-107-thread-1] INFO  server.RaftServerConfigKeys (ConfUtils.java:logGet(43)) - raft.server.log.write.buffer.size = 33554432 (custom)
2019-09-17 14:54:22,061 [pool-47-thread-1] INFO  server.RaftServerConfigKeys (ConfUtils.java:logGet(43)) - raft.server.log.force.sync.num = 128 (default)
2019-09-17 14:54:22,061 [pool-107-thread-1] INFO  server.RaftServerConfigKeys (ConfUtils.java:logGet(43)) - raft.server.log.force.sync.num = 128 (default)
2019-09-17 14:54:22,061 [pool-67-thread-1] INFO  server.RaftServerConfigKeys (ConfUtils.java:logGet(43)) - raft.server.snapshot.auto.trigger.threshold = 10000 (custom)
2019-09-17 14:54:22,062 [pool-107-thread-1] INFO  server.RaftServerConfigKeys (ConfUtils.java:logGet(43)) - raft.server.log.statemachine.data.sync = true (default)
2019-09-17 14:54:22,061 [pool-47-thread-1] INFO  server.RaftServerConfigKeys (ConfUtils.java:logGet(43)) - raft.server.log.statemachine.data.sync = true (default)
2019-09-17 14:54:22,062 [pool-107-thread-1] INFO  server.RaftServerConfigKeys (ConfUtils.java:logGet(43)) - raft.server.log.statemachine.data.sync.timeout = 10s (default)
2019-09-17 14:54:22,062 [pool-67-thread-1] INFO  server.RaftServerConfigKeys (ConfUtils.java:logGet(43)) - raft.server.snapshot.retention.num.files = 5 (custom)
2019-09-17 14:54:22,062 [pool-107-thread-1] INFO  server.RaftServerConfigKeys (ConfUtils.java:logGet(43)) - raft.server.log.statemachine.data.sync.timeout.retry = -1 (default)
2019-09-17 14:54:22,062 [pool-47-thread-1] INFO  server.RaftServerConfigKeys (ConfUtils.java:logGet(43)) - raft.server.log.statemachine.data.sync.timeout = 10s (default)
2019-09-17 14:54:22,063 [pool-107-thread-1] INFO  server.RaftServerConfigKeys (ConfUtils.java:logGet(43)) - raft.server.log.statemachine.data.caching.enabled = true (custom)
2019-09-17 14:54:22,063 [pool-67-thread-1] INFO  server.RaftServerConfigKeys (ConfUtils.java:logGet(43)) - raft.server.retrycache.expirytime = 600000ms (custom)
2019-09-17 14:54:22,063 [pool-47-thread-1] INFO  server.RaftServerConfigKeys (ConfUtils.java:logGet(43)) - raft.server.log.statemachine.data.sync.timeout.retry = -1 (default)
2019-09-17 14:54:22,063 [pool-107-thread-1] INFO  segmented.SegmentedRaftLogWorker (SegmentedRaftLogWorker.java:lambda$new$0(132)) - 64dc86e1-b58a-47fa-9209-c80a04613504@group-85515DBFC7EF-SegmentedRaftLogWorker: flushIndex: setUnconditionally 0 -> -1
2019-09-17 14:54:22,063 [pool-47-thread-1] INFO  server.RaftServerConfigKeys (ConfUtils.java:logGet(43)) - raft.server.log.statemachine.data.caching.enabled = true (custom)
2019-09-17 14:54:22,064 [pool-107-thread-1] INFO  server.RaftServerConfigKeys (ConfUtils.java:logGet(43)) - raft.server.snapshot.auto.trigger.enabled = true (custom)
2019-09-17 14:54:22,064 [pool-47-thread-1] INFO  segmented.SegmentedRaftLogWorker (SegmentedRaftLogWorker.java:lambda$new$0(132)) - 0d659ca8-8d3f-4ad5-ad2a-cdb4ab88523b@group-85515DBFC7EF-SegmentedRaftLogWorker: flushIndex: setUnconditionally 0 -> -1
2019-09-17 14:54:22,064 [pool-107-thread-1] INFO  server.RaftServerConfigKeys (ConfUtils.java:logGet(43)) - raft.server.snapshot.auto.trigger.threshold = 10000 (custom)
2019-09-17 14:54:22,064 [pool-107-thread-1] INFO  server.RaftServerConfigKeys (ConfUtils.java:logGet(43)) - raft.server.snapshot.retention.num.files = 5 (custom)
2019-09-17 14:54:22,064 [pool-47-thread-1] INFO  server.RaftServerConfigKeys (ConfUtils.java:logGet(43)) - raft.server.snapshot.auto.trigger.enabled = true (custom)
2019-09-17 14:54:22,064 [pool-107-thread-1] INFO  server.RaftServerConfigKeys (ConfUtils.java:logGet(43)) - raft.server.retrycache.expirytime = 600000ms (custom)
2019-09-17 14:54:22,064 [pool-47-thread-1] INFO  server.RaftServerConfigKeys (ConfUtils.java:logGet(43)) - raft.server.snapshot.auto.trigger.threshold = 10000 (custom)
2019-09-17 14:54:22,065 [pool-47-thread-1] INFO  server.RaftServerConfigKeys (ConfUtils.java:logGet(43)) - raft.server.snapshot.retention.num.files = 5 (custom)
2019-09-17 14:54:22,065 [pool-47-thread-1] INFO  server.RaftServerConfigKeys (ConfUtils.java:logGet(43)) - raft.server.retrycache.expirytime = 600000ms (custom)
2019-09-17 14:54:22,065 [pool-67-thread-1] INFO  impl.RaftServerImpl (RaftServerImpl.java:start(185)) - 296d1e6a-4d03-4625-a926-8603881e9a06@group-85515DBFC7EF: start as a follower, conf=-1: [296d1e6a-4d03-4625-a926-8603881e9a06:192.168.151.72:33407, 0d659ca8-8d3f-4ad5-ad2a-cdb4ab88523b:192.168.151.72:38283, 64dc86e1-b58a-47fa-9209-c80a04613504:192.168.151.72:41434], old=null
2019-09-17 14:54:22,066 [pool-67-thread-1] INFO  impl.RaftServerImpl (RaftServerImpl.java:setRole(174)) - 296d1e6a-4d03-4625-a926-8603881e9a06@group-85515DBFC7EF: changes role from      null to FOLLOWER at term 0 for startAsFollower
2019-09-17 14:54:22,066 [pool-67-thread-1] INFO  impl.RoleInfo (RoleInfo.java:updateAndGet(143)) - 296d1e6a-4d03-4625-a926-8603881e9a06: start FollowerState
2019-09-17 14:54:22,066 [pool-67-thread-1] INFO  util.JmxRegister (JmxRegister.java:tryRegister(44)) - Successfully registered JMX Bean with object name Ratis:service=RaftServer,group=group-85515DBFC7EF,id=296d1e6a-4d03-4625-a926-8603881e9a06
2019-09-17 14:54:22,071 [Thread-291] INFO  impl.FollowerState (FollowerState.java:run(106)) - 5824bb7b-23b5-4080-8c55-4e36ce35b3ee:group-A9EAC6442E78 changes to CANDIDATE, lastRpcTime:1033, electionTimeout:1033ms
2019-09-17 14:54:22,071 [Thread-291] INFO  impl.RoleInfo (RoleInfo.java:shutdownFollowerState(121)) - 5824bb7b-23b5-4080-8c55-4e36ce35b3ee: shutdown FollowerState
2019-09-17 14:54:22,071 [Thread-291] INFO  impl.RaftServerImpl (RaftServerImpl.java:setRole(174)) - 5824bb7b-23b5-4080-8c55-4e36ce35b3ee@group-A9EAC6442E78: changes role from  FOLLOWER to CANDIDATE at term 0 for changeToCandidate
2019-09-17 14:54:22,071 [Thread-291] INFO  impl.RoleInfo (RoleInfo.java:updateAndGet(143)) - 5824bb7b-23b5-4080-8c55-4e36ce35b3ee: start LeaderElection
2019-09-17 14:54:22,074 [pool-107-thread-1] INFO  impl.RaftServerImpl (RaftServerImpl.java:start(185)) - 64dc86e1-b58a-47fa-9209-c80a04613504@group-85515DBFC7EF: start as a follower, conf=-1: [296d1e6a-4d03-4625-a926-8603881e9a06:192.168.151.72:33407, 0d659ca8-8d3f-4ad5-ad2a-cdb4ab88523b:192.168.151.72:38283, 64dc86e1-b58a-47fa-9209-c80a04613504:192.168.151.72:41434], old=null
2019-09-17 14:54:22,085 [pool-107-thread-1] INFO  impl.RaftServerImpl (RaftServerImpl.java:setRole(174)) - 64dc86e1-b58a-47fa-9209-c80a04613504@group-85515DBFC7EF: changes role from      null to FOLLOWER at term 0 for startAsFollower
2019-09-17 14:54:22,085 [pool-107-thread-1] INFO  impl.RoleInfo (RoleInfo.java:updateAndGet(143)) - 64dc86e1-b58a-47fa-9209-c80a04613504: start FollowerState
2019-09-17 14:54:22,085 [pool-47-thread-1] INFO  impl.RaftServerImpl (RaftServerImpl.java:start(185)) - 0d659ca8-8d3f-4ad5-ad2a-cdb4ab88523b@group-85515DBFC7EF: start as a follower, conf=-1: [296d1e6a-4d03-4625-a926-8603881e9a06:192.168.151.72:33407, 0d659ca8-8d3f-4ad5-ad2a-cdb4ab88523b:192.168.151.72:38283, 64dc86e1-b58a-47fa-9209-c80a04613504:192.168.151.72:41434], old=null
2019-09-17 14:54:22,085 [pool-47-thread-1] INFO  impl.RaftServerImpl (RaftServerImpl.java:setRole(174)) - 0d659ca8-8d3f-4ad5-ad2a-cdb4ab88523b@group-85515DBFC7EF: changes role from      null to FOLLOWER at term 0 for startAsFollower
2019-09-17 14:54:22,085 [pool-107-thread-1] INFO  util.JmxRegister (JmxRegister.java:tryRegister(44)) - Successfully registered JMX Bean with object name Ratis:service=RaftServer,group=group-85515DBFC7EF,id=64dc86e1-b58a-47fa-9209-c80a04613504
2019-09-17 14:54:22,086 [pool-47-thread-1] INFO  impl.RoleInfo (RoleInfo.java:updateAndGet(143)) - 0d659ca8-8d3f-4ad5-ad2a-cdb4ab88523b: start FollowerState
2019-09-17 14:54:22,086 [pool-47-thread-1] INFO  util.JmxRegister (JmxRegister.java:tryRegister(44)) - Successfully registered JMX Bean with object name Ratis:service=RaftServer,group=group-85515DBFC7EF,id=0d659ca8-8d3f-4ad5-ad2a-cdb4ab88523b
2019-09-17 14:54:22,097 [RatisPipelineUtilsThread] INFO  pipeline.PipelineStateManager (PipelineStateManager.java:addPipeline(56)) - Created pipeline Pipeline[ Id: 7a1be835-dbe0-4477-9aa1-85515dbfc7ef, Nodes: 0d659ca8-8d3f-4ad5-ad2a-cdb4ab88523b{ip: 192.168.151.72, host: pr-hdds-2137-trunk-f8w4d-2934045284, networkLocation: /default-rack, certSerialId: null}64dc86e1-b58a-47fa-9209-c80a04613504{ip: 192.168.151.72, host: pr-hdds-2137-trunk-f8w4d-2934045284, networkLocation: /default-rack, certSerialId: null}296d1e6a-4d03-4625-a926-8603881e9a06{ip: 192.168.151.72, host: pr-hdds-2137-trunk-f8w4d-2934045284, networkLocation: /default-rack, certSerialId: null}, Type:RATIS, Factor:THREE, State:OPEN]
2019-09-17 14:54:22,097 [5824bb7b-23b5-4080-8c55-4e36ce35b3ee@group-A9EAC6442E78:LeaderElection3] INFO  impl.LeaderElection (LeaderElection.java:askForVotes(182)) - 5824bb7b-23b5-4080-8c55-4e36ce35b3ee@group-A9EAC6442E78:LeaderElection3: begin an election at term 1 for -1: [5824bb7b-23b5-4080-8c55-4e36ce35b3ee:192.168.151.72:44174], old=null
2019-09-17 14:54:22,098 [5824bb7b-23b5-4080-8c55-4e36ce35b3ee@group-A9EAC6442E78:LeaderElection3] INFO  impl.RoleInfo (RoleInfo.java:shutdownLeaderElection(134)) - 5824bb7b-23b5-4080-8c55-4e36ce35b3ee: shutdown LeaderElection
2019-09-17 14:54:22,098 [5824bb7b-23b5-4080-8c55-4e36ce35b3ee@group-A9EAC6442E78:LeaderElection3] INFO  impl.RaftServerImpl (RaftServerImpl.java:setRole(174)) - 5824bb7b-23b5-4080-8c55-4e36ce35b3ee@group-A9EAC6442E78: changes role from CANDIDATE to LEADER at term 1 for changeToLeader
2019-09-17 14:54:22,098 [5824bb7b-23b5-4080-8c55-4e36ce35b3ee@group-A9EAC6442E78:LeaderElection3] INFO  impl.RaftServerImpl (ServerState.java:setLeader(253)) - 5824bb7b-23b5-4080-8c55-4e36ce35b3ee@group-A9EAC6442E78: change Leader from null to 5824bb7b-23b5-4080-8c55-4e36ce35b3ee at term 1 for becomeLeader, leader elected after 1270ms
2019-09-17 14:54:22,098 [5824bb7b-23b5-4080-8c55-4e36ce35b3ee@group-A9EAC6442E78:LeaderElection3] INFO  server.RaftServerConfigKeys (ConfUtils.java:logGet(43)) - raft.server.staging.catchup.gap = 1000 (default)
2019-09-17 14:54:22,098 [5824bb7b-23b5-4080-8c55-4e36ce35b3ee@group-A9EAC6442E78:LeaderElection3] INFO  server.RaftServerConfigKeys (ConfUtils.java:logGet(43)) - raft.server.rpc.sleep.time = 25ms (default)
2019-09-17 14:54:22,098 [5824bb7b-23b5-4080-8c55-4e36ce35b3ee@group-A9EAC6442E78:LeaderElection3] INFO  server.RaftServerConfigKeys (ConfUtils.java:logGet(43)) - raft.server.write.element-limit = 4096 (default)
2019-09-17 14:54:22,099 [5824bb7b-23b5-4080-8c55-4e36ce35b3ee@group-A9EAC6442E78:LeaderElection3] INFO  server.RaftServerConfigKeys (ConfUtils.java:logGet(43)) - raft.server.watch.timeout = 10s (default)
2019-09-17 14:54:22,099 [5824bb7b-23b5-4080-8c55-4e36ce35b3ee@group-A9EAC6442E78:LeaderElection3] INFO  server.RaftServerConfigKeys (ConfUtils.java:logGet(43)) - raft.server.watch.timeout.denomination = 1s (default)
2019-09-17 14:54:22,101 [5824bb7b-23b5-4080-8c55-4e36ce35b3ee@group-A9EAC6442E78:LeaderElection3] INFO  server.RaftServerConfigKeys (ConfUtils.java:logGet(43)) - raft.server.watch.element-limit = 65536 (default)
2019-09-17 14:54:22,103 [5824bb7b-23b5-4080-8c55-4e36ce35b3ee@group-A9EAC6442E78:LeaderElection3] INFO  impl.RoleInfo (RoleInfo.java:updateAndGet(143)) - 5824bb7b-23b5-4080-8c55-4e36ce35b3ee: start LeaderState
2019-09-17 14:54:22,104 [5824bb7b-23b5-4080-8c55-4e36ce35b3ee@group-A9EAC6442E78:LeaderElection3] INFO  segmented.SegmentedRaftLogWorker (SegmentedRaftLogWorker.java:startLogSegment(380)) - 5824bb7b-23b5-4080-8c55-4e36ce35b3ee@group-A9EAC6442E78-SegmentedRaftLogWorker: Starting segment from index:0
2019-09-17 14:54:22,104 [5824bb7b-23b5-4080-8c55-4e36ce35b3ee@group-A9EAC6442E78:LeaderElection3] INFO  impl.RaftServerImpl (ServerState.java:setRaftConf(354)) - 5824bb7b-23b5-4080-8c55-4e36ce35b3ee@group-A9EAC6442E78: set configuration 0: [5824bb7b-23b5-4080-8c55-4e36ce35b3ee:192.168.151.72:44174], old=null at 0
2019-09-17 14:54:22,154 [5824bb7b-23b5-4080-8c55-4e36ce35b3ee@group-A9EAC6442E78-SegmentedRaftLogWorker] INFO  segmented.SegmentedRaftLogWorker (SegmentedRaftLogWorker.java:execute(569)) - 5824bb7b-23b5-4080-8c55-4e36ce35b3ee@group-A9EAC6442E78-SegmentedRaftLogWorker: created new log segment /workdir/hadoop-ozone/integration-test/target/test-dir/MiniOzoneClusterImpl-845ee491-3861-4700-afca-e6762de221c3/datanode-7/data/ratis/b413cf59-36a9-4bfd-ada0-a9eac6442e78/current/log_inprogress_0
2019-09-17 14:54:22,197 [Thread-294] INFO  impl.FollowerState (FollowerState.java:run(106)) - 24ee45b5-4e6b-4499-8d3c-0bcd5a303b6d:group-23B4E85C39AD changes to CANDIDATE, lastRpcTime:1057, electionTimeout:1054ms
2019-09-17 14:54:22,199 [Thread-294] INFO  impl.RoleInfo (RoleInfo.java:shutdownFollowerState(121)) - 24ee45b5-4e6b-4499-8d3c-0bcd5a303b6d: shutdown FollowerState
2019-09-17 14:54:22,200 [Thread-294] INFO  impl.RaftServerImpl (RaftServerImpl.java:setRole(174)) - 24ee45b5-4e6b-4499-8d3c-0bcd5a303b6d@group-23B4E85C39AD: changes role from  FOLLOWER to CANDIDATE at term 0 for changeToCandidate
2019-09-17 14:54:22,203 [Thread-294] INFO  impl.RoleInfo (RoleInfo.java:updateAndGet(143)) - 24ee45b5-4e6b-4499-8d3c-0bcd5a303b6d: start LeaderElection
2019-09-17 14:54:22,218 [main] INFO  rpc.RpcClient (RpcClient.java:createVolume(302)) - Creating Volume: datanodefailurehandlingtest, with jenkins1000 as owner.
2019-09-17 14:54:22,224 [24ee45b5-4e6b-4499-8d3c-0bcd5a303b6d@group-23B4E85C39AD:LeaderElection4] INFO  impl.LeaderElection (LeaderElection.java:askForVotes(182)) - 24ee45b5-4e6b-4499-8d3c-0bcd5a303b6d@group-23B4E85C39AD:LeaderElection4: begin an election at term 1 for -1: [24ee45b5-4e6b-4499-8d3c-0bcd5a303b6d:192.168.151.72:44891], old=null
2019-09-17 14:54:22,224 [24ee45b5-4e6b-4499-8d3c-0bcd5a303b6d@group-23B4E85C39AD:LeaderElection4] INFO  impl.RoleInfo (RoleInfo.java:shutdownLeaderElection(134)) - 24ee45b5-4e6b-4499-8d3c-0bcd5a303b6d: shutdown LeaderElection
2019-09-17 14:54:22,224 [24ee45b5-4e6b-4499-8d3c-0bcd5a303b6d@group-23B4E85C39AD:LeaderElection4] INFO  impl.RaftServerImpl (RaftServerImpl.java:setRole(174)) - 24ee45b5-4e6b-4499-8d3c-0bcd5a303b6d@group-23B4E85C39AD: changes role from CANDIDATE to LEADER at term 1 for changeToLeader
2019-09-17 14:54:22,224 [24ee45b5-4e6b-4499-8d3c-0bcd5a303b6d@group-23B4E85C39AD:LeaderElection4] INFO  impl.RaftServerImpl (ServerState.java:setLeader(253)) - 24ee45b5-4e6b-4499-8d3c-0bcd5a303b6d@group-23B4E85C39AD: change Leader from null to 24ee45b5-4e6b-4499-8d3c-0bcd5a303b6d at term 1 for becomeLeader, leader elected after 1101ms
2019-09-17 14:54:22,225 [24ee45b5-4e6b-4499-8d3c-0bcd5a303b6d@group-23B4E85C39AD:LeaderElection4] INFO  server.RaftServerConfigKeys (ConfUtils.java:logGet(43)) - raft.server.staging.catchup.gap = 1000 (default)
2019-09-17 14:54:22,225 [24ee45b5-4e6b-4499-8d3c-0bcd5a303b6d@group-23B4E85C39AD:LeaderElection4] INFO  server.RaftServerConfigKeys (ConfUtils.java:logGet(43)) - raft.server.rpc.sleep.time = 25ms (default)
2019-09-17 14:54:22,225 [24ee45b5-4e6b-4499-8d3c-0bcd5a303b6d@group-23B4E85C39AD:LeaderElection4] INFO  server.RaftServerConfigKeys (ConfUtils.java:logGet(43)) - raft.server.write.element-limit = 4096 (default)
2019-09-17 14:54:22,225 [24ee45b5-4e6b-4499-8d3c-0bcd5a303b6d@group-23B4E85C39AD:LeaderElection4] INFO  server.RaftServerConfigKeys (ConfUtils.java:logGet(43)) - raft.server.watch.timeout = 10s (default)
2019-09-17 14:54:22,225 [24ee45b5-4e6b-4499-8d3c-0bcd5a303b6d@group-23B4E85C39AD:LeaderElection4] INFO  server.RaftServerConfigKeys (ConfUtils.java:logGet(43)) - raft.server.watch.timeout.denomination = 1s (default)
2019-09-17 14:54:22,226 [24ee45b5-4e6b-4499-8d3c-0bcd5a303b6d@group-23B4E85C39AD:LeaderElection4] INFO  server.RaftServerConfigKeys (ConfUtils.java:logGet(43)) - raft.server.watch.element-limit = 65536 (default)
2019-09-17 14:54:22,231 [24ee45b5-4e6b-4499-8d3c-0bcd5a303b6d@group-23B4E85C39AD:LeaderElection4] INFO  impl.RoleInfo (RoleInfo.java:updateAndGet(143)) - 24ee45b5-4e6b-4499-8d3c-0bcd5a303b6d: start LeaderState
2019-09-17 14:54:22,232 [24ee45b5-4e6b-4499-8d3c-0bcd5a303b6d@group-23B4E85C39AD:LeaderElection4] INFO  segmented.SegmentedRaftLogWorker (SegmentedRaftLogWorker.java:startLogSegment(380)) - 24ee45b5-4e6b-4499-8d3c-0bcd5a303b6d@group-23B4E85C39AD-SegmentedRaftLogWorker: Starting segment from index:0
2019-09-17 14:54:22,232 [24ee45b5-4e6b-4499-8d3c-0bcd5a303b6d@group-23B4E85C39AD:LeaderElection4] INFO  impl.RaftServerImpl (ServerState.java:setRaftConf(354)) - 24ee45b5-4e6b-4499-8d3c-0bcd5a303b6d@group-23B4E85C39AD: set configuration 0: [24ee45b5-4e6b-4499-8d3c-0bcd5a303b6d:192.168.151.72:44891], old=null at 0
2019-09-17 14:54:22,293 [24ee45b5-4e6b-4499-8d3c-0bcd5a303b6d@group-23B4E85C39AD-SegmentedRaftLogWorker] INFO  segmented.SegmentedRaftLogWorker (SegmentedRaftLogWorker.java:execute(569)) - 24ee45b5-4e6b-4499-8d3c-0bcd5a303b6d@group-23B4E85C39AD-SegmentedRaftLogWorker: created new log segment /workdir/hadoop-ozone/integration-test/target/test-dir/MiniOzoneClusterImpl-845ee491-3861-4700-afca-e6762de221c3/datanode-3/data/ratis/3fd5e659-eae6-4af0-91ed-23b4e85c39ad/current/log_inprogress_0
2019-09-17 14:54:22,340 [Thread-297] INFO  impl.FollowerState (FollowerState.java:run(106)) - 55160a25-c10a-4fac-977f-ea88e555cd0f:group-660D7BEDFB0B changes to CANDIDATE, lastRpcTime:1065, electionTimeout:1065ms
2019-09-17 14:54:22,341 [Thread-297] INFO  impl.RoleInfo (RoleInfo.java:shutdownFollowerState(121)) - 55160a25-c10a-4fac-977f-ea88e555cd0f: shutdown FollowerState
2019-09-17 14:54:22,341 [Thread-297] INFO  impl.RaftServerImpl (RaftServerImpl.java:setRole(174)) - 55160a25-c10a-4fac-977f-ea88e555cd0f@group-660D7BEDFB0B: changes role from  FOLLOWER to CANDIDATE at term 0 for changeToCandidate
2019-09-17 14:54:22,341 [Thread-297] INFO  impl.RoleInfo (RoleInfo.java:updateAndGet(143)) - 55160a25-c10a-4fac-977f-ea88e555cd0f: start LeaderElection
2019-09-17 14:54:22,361 [55160a25-c10a-4fac-977f-ea88e555cd0f@group-660D7BEDFB0B:LeaderElection5] INFO  impl.LeaderElection (LeaderElection.java:askForVotes(182)) - 55160a25-c10a-4fac-977f-ea88e555cd0f@group-660D7BEDFB0B:LeaderElection5: begin an election at term 1 for -1: [55160a25-c10a-4fac-977f-ea88e555cd0f:192.168.151.72:33878], old=null
2019-09-17 14:54:22,361 [55160a25-c10a-4fac-977f-ea88e555cd0f@group-660D7BEDFB0B:LeaderElection5] INFO  impl.RoleInfo (RoleInfo.java:shutdownLeaderElection(134)) - 55160a25-c10a-4fac-977f-ea88e555cd0f: shutdown LeaderElection
2019-09-17 14:54:22,361 [55160a25-c10a-4fac-977f-ea88e555cd0f@group-660D7BEDFB0B:LeaderElection5] INFO  impl.RaftServerImpl (RaftServerImpl.java:setRole(174)) - 55160a25-c10a-4fac-977f-ea88e555cd0f@group-660D7BEDFB0B: changes role from CANDIDATE to LEADER at term 1 for changeToLeader
2019-09-17 14:54:22,361 [55160a25-c10a-4fac-977f-ea88e555cd0f@group-660D7BEDFB0B:LeaderElection5] INFO  impl.RaftServerImpl (ServerState.java:setLeader(253)) - 55160a25-c10a-4fac-977f-ea88e555cd0f@group-660D7BEDFB0B: change Leader from null to 55160a25-c10a-4fac-977f-ea88e555cd0f at term 1 for becomeLeader, leader elected after 1099ms
2019-09-17 14:54:22,362 [55160a25-c10a-4fac-977f-ea88e555cd0f@group-660D7BEDFB0B:LeaderElection5] INFO  server.RaftServerConfigKeys (ConfUtils.java:logGet(43)) - raft.server.staging.catchup.gap = 1000 (default)
2019-09-17 14:54:22,362 [55160a25-c10a-4fac-977f-ea88e555cd0f@group-660D7BEDFB0B:LeaderElection5] INFO  server.RaftServerConfigKeys (ConfUtils.java:logGet(43)) - raft.server.rpc.sleep.time = 25ms (default)
2019-09-17 14:54:22,362 [55160a25-c10a-4fac-977f-ea88e555cd0f@group-660D7BEDFB0B:LeaderElection5] INFO  server.RaftServerConfigKeys (ConfUtils.java:logGet(43)) - raft.server.write.element-limit = 4096 (default)
2019-09-17 14:54:22,362 [55160a25-c10a-4fac-977f-ea88e555cd0f@group-660D7BEDFB0B:LeaderElection5] INFO  server.RaftServerConfigKeys (ConfUtils.java:logGet(43)) - raft.server.watch.timeout = 10s (default)
2019-09-17 14:54:22,362 [55160a25-c10a-4fac-977f-ea88e555cd0f@group-660D7BEDFB0B:LeaderElection5] INFO  server.RaftServerConfigKeys (ConfUtils.java:logGet(43)) - raft.server.watch.timeout.denomination = 1s (default)
2019-09-17 14:54:22,363 [55160a25-c10a-4fac-977f-ea88e555cd0f@group-660D7BEDFB0B:LeaderElection5] INFO  server.RaftServerConfigKeys (ConfUtils.java:logGet(43)) - raft.server.watch.element-limit = 65536 (default)
2019-09-17 14:54:22,706 [Thread-307] INFO  impl.FollowerState (FollowerState.java:run(106)) - 64dc86e1-b58a-47fa-9209-c80a04613504:group-E3F07BE7A5EB changes to CANDIDATE, lastRpcTime:1196, electionTimeout:1086ms
2019-09-17 14:54:22,707 [Thread-303] INFO  impl.FollowerState (FollowerState.java:run(106)) - 0d659ca8-8d3f-4ad5-ad2a-cdb4ab88523b:group-C465A817DF8C changes to CANDIDATE, lastRpcTime:1293, electionTimeout:1065ms
2019-09-17 14:54:22,707 [Thread-307] INFO  impl.RoleInfo (RoleInfo.java:shutdownFollowerState(121)) - 64dc86e1-b58a-47fa-9209-c80a04613504: shutdown FollowerState
2019-09-17 14:54:22,707 [Thread-303] INFO  impl.RoleInfo (RoleInfo.java:shutdownFollowerState(121)) - 0d659ca8-8d3f-4ad5-ad2a-cdb4ab88523b: shutdown FollowerState
2019-09-17 14:54:22,708 [Thread-300] INFO  impl.FollowerState (FollowerState.java:run(106)) - 9b5674b6-1da3-4a18-a3b1-2bf65c31b2e5:group-875646F0E444 changes to CANDIDATE, lastRpcTime:1371, electionTimeout:1081ms
2019-09-17 14:54:22,708 [Thread-303] INFO  impl.RaftServerImpl (RaftServerImpl.java:setRole(174)) - 0d659ca8-8d3f-4ad5-ad2a-cdb4ab88523b@group-C465A817DF8C: changes role from  FOLLOWER to CANDIDATE at term 0 for changeToCandidate
2019-09-17 14:54:22,708 [Thread-300] INFO  impl.RoleInfo (RoleInfo.java:shutdownFollowerState(121)) - 9b5674b6-1da3-4a18-a3b1-2bf65c31b2e5: shutdown FollowerState
2019-09-17 14:54:22,708 [Thread-307] INFO  impl.RaftServerImpl (RaftServerImpl.java:setRole(174)) - 64dc86e1-b58a-47fa-9209-c80a04613504@group-E3F07BE7A5EB: changes role from  FOLLOWER to CANDIDATE at term 0 for changeToCandidate
2019-09-17 14:54:22,708 [Thread-303] INFO  impl.RoleInfo (RoleInfo.java:updateAndGet(143)) - 0d659ca8-8d3f-4ad5-ad2a-cdb4ab88523b: start LeaderElection
2019-09-17 14:54:22,708 [Thread-300] INFO  impl.RaftServerImpl (RaftServerImpl.java:setRole(174)) - 9b5674b6-1da3-4a18-a3b1-2bf65c31b2e5@group-875646F0E444: changes role from  FOLLOWER to CANDIDATE at term 0 for changeToCandidate
2019-09-17 14:54:22,714 [Thread-307] INFO  impl.RoleInfo (RoleInfo.java:updateAndGet(143)) - 64dc86e1-b58a-47fa-9209-c80a04613504: start LeaderElection
2019-09-17 14:54:22,722 [Thread-300] INFO  impl.RoleInfo (RoleInfo.java:updateAndGet(143)) - 9b5674b6-1da3-4a18-a3b1-2bf65c31b2e5: start LeaderElection
2019-09-17 14:54:22,741 [55160a25-c10a-4fac-977f-ea88e555cd0f@group-660D7BEDFB0B:LeaderElection5] INFO  impl.RoleInfo (RoleInfo.java:updateAndGet(143)) - 55160a25-c10a-4fac-977f-ea88e555cd0f: start LeaderState
2019-09-17 14:54:22,741 [55160a25-c10a-4fac-977f-ea88e555cd0f@group-660D7BEDFB0B:LeaderElection5] INFO  segmented.SegmentedRaftLogWorker (SegmentedRaftLogWorker.java:startLogSegment(380)) - 55160a25-c10a-4fac-977f-ea88e555cd0f@group-660D7BEDFB0B-SegmentedRaftLogWorker: Starting segment from index:0
2019-09-17 14:54:22,742 [Thread-283] INFO  container.ReplicationManager (ReplicationManager.java:start(162)) - Starting Replication Monitor Thread.
2019-09-17 14:54:22,742 [55160a25-c10a-4fac-977f-ea88e555cd0f@group-660D7BEDFB0B:LeaderElection5] INFO  impl.RaftServerImpl (ServerState.java:setRaftConf(354)) - 55160a25-c10a-4fac-977f-ea88e555cd0f@group-660D7BEDFB0B: set configuration 0: [55160a25-c10a-4fac-977f-ea88e555cd0f:192.168.151.72:33878], old=null at 0
2019-09-17 14:54:22,780 [64dc86e1-b58a-47fa-9209-c80a04613504@group-E3F07BE7A5EB:LeaderElection7] INFO  impl.LeaderElection (LeaderElection.java:askForVotes(182)) - 64dc86e1-b58a-47fa-9209-c80a04613504@group-E3F07BE7A5EB:LeaderElection7: begin an election at term 1 for -1: [64dc86e1-b58a-47fa-9209-c80a04613504:192.168.151.72:41434], old=null
2019-09-17 14:54:22,780 [0d659ca8-8d3f-4ad5-ad2a-cdb4ab88523b@group-C465A817DF8C:LeaderElection6] INFO  impl.LeaderElection (LeaderElection.java:askForVotes(182)) - 0d659ca8-8d3f-4ad5-ad2a-cdb4ab88523b@group-C465A817DF8C:LeaderElection6: begin an election at term 1 for -1: [0d659ca8-8d3f-4ad5-ad2a-cdb4ab88523b:192.168.151.72:38283], old=null
2019-09-17 14:54:22,780 [9b5674b6-1da3-4a18-a3b1-2bf65c31b2e5@group-875646F0E444:LeaderElection8] INFO  impl.LeaderElection (LeaderElection.java:askForVotes(182)) - 9b5674b6-1da3-4a18-a3b1-2bf65c31b2e5@group-875646F0E444:LeaderElection8: begin an election at term 1 for -1: [9b5674b6-1da3-4a18-a3b1-2bf65c31b2e5:192.168.151.72:42570], old=null
2019-09-17 14:54:22,780 [64dc86e1-b58a-47fa-9209-c80a04613504@group-E3F07BE7A5EB:LeaderElection7] INFO  impl.RoleInfo (RoleInfo.java:shutdownLeaderElection(134)) - 64dc86e1-b58a-47fa-9209-c80a04613504: shutdown LeaderElection
2019-09-17 14:54:22,781 [9b5674b6-1da3-4a18-a3b1-2bf65c31b2e5@group-875646F0E444:LeaderElection8] INFO  impl.RoleInfo (RoleInfo.java:shutdownLeaderElection(134)) - 9b5674b6-1da3-4a18-a3b1-2bf65c31b2e5: shutdown LeaderElection
2019-09-17 14:54:22,781 [0d659ca8-8d3f-4ad5-ad2a-cdb4ab88523b@group-C465A817DF8C:LeaderElection6] INFO  impl.RoleInfo (RoleInfo.java:shutdownLeaderElection(134)) - 0d659ca8-8d3f-4ad5-ad2a-cdb4ab88523b: shutdown LeaderElection
2019-09-17 14:54:22,781 [9b5674b6-1da3-4a18-a3b1-2bf65c31b2e5@group-875646F0E444:LeaderElection8] INFO  impl.RaftServerImpl (RaftServerImpl.java:setRole(174)) - 9b5674b6-1da3-4a18-a3b1-2bf65c31b2e5@group-875646F0E444: changes role from CANDIDATE to LEADER at term 1 for changeToLeader
2019-09-17 14:54:22,781 [64dc86e1-b58a-47fa-9209-c80a04613504@group-E3F07BE7A5EB:LeaderElection7] INFO  impl.RaftServerImpl (RaftServerImpl.java:setRole(174)) - 64dc86e1-b58a-47fa-9209-c80a04613504@group-E3F07BE7A5EB: changes role from CANDIDATE to LEADER at term 1 for changeToLeader
2019-09-17 14:54:22,781 [9b5674b6-1da3-4a18-a3b1-2bf65c31b2e5@group-875646F0E444:LeaderElection8] INFO  impl.RaftServerImpl (ServerState.java:setLeader(253)) - 9b5674b6-1da3-4a18-a3b1-2bf65c31b2e5@group-875646F0E444: change Leader from null to 9b5674b6-1da3-4a18-a3b1-2bf65c31b2e5 at term 1 for becomeLeader, leader elected after 1455ms
2019-09-17 14:54:22,781 [0d659ca8-8d3f-4ad5-ad2a-cdb4ab88523b@group-C465A817DF8C:LeaderElection6] INFO  impl.RaftServerImpl (RaftServerImpl.java:setRole(174)) - 0d659ca8-8d3f-4ad5-ad2a-cdb4ab88523b@group-C465A817DF8C: changes role from CANDIDATE to LEADER at term 1 for changeToLeader
2019-09-17 14:54:22,782 [9b5674b6-1da3-4a18-a3b1-2bf65c31b2e5@group-875646F0E444:LeaderElection8] INFO  server.RaftServerConfigKeys (ConfUtils.java:logGet(43)) - raft.server.staging.catchup.gap = 1000 (default)
2019-09-17 14:54:22,781 [64dc86e1-b58a-47fa-9209-c80a04613504@group-E3F07BE7A5EB:LeaderElection7] INFO  impl.RaftServerImpl (ServerState.java:setLeader(253)) - 64dc86e1-b58a-47fa-9209-c80a04613504@group-E3F07BE7A5EB: change Leader from null to 64dc86e1-b58a-47fa-9209-c80a04613504 at term 1 for becomeLeader, leader elected after 1280ms
2019-09-17 14:54:22,782 [9b5674b6-1da3-4a18-a3b1-2bf65c31b2e5@group-875646F0E444:LeaderElection8] INFO  server.RaftServerConfigKeys (ConfUtils.java:logGet(43)) - raft.server.rpc.sleep.time = 25ms (default)
2019-09-17 14:54:22,782 [0d659ca8-8d3f-4ad5-ad2a-cdb4ab88523b@group-C465A817DF8C:LeaderElection6] INFO  impl.RaftServerImpl (ServerState.java:setLeader(253)) - 0d659ca8-8d3f-4ad5-ad2a-cdb4ab88523b@group-C465A817DF8C: change Leader from null to 0d659ca8-8d3f-4ad5-ad2a-cdb4ab88523b at term 1 for becomeLeader, leader elected after 1377ms
2019-09-17 14:54:22,782 [9b5674b6-1da3-4a18-a3b1-2bf65c31b2e5@group-875646F0E444:LeaderElection8] INFO  server.RaftServerConfigKeys (ConfUtils.java:logGet(43)) - raft.server.write.element-limit = 4096 (default)
2019-09-17 14:54:22,782 [Thread-311] INFO  impl.FollowerState (FollowerState.java:run(106)) - 296d1e6a-4d03-4625-a926-8603881e9a06:group-8C78F49F91F0 changes to CANDIDATE, lastRpcTime:1198, electionTimeout:1198ms
2019-09-17 14:54:22,782 [64dc86e1-b58a-47fa-9209-c80a04613504@group-E3F07BE7A5EB:LeaderElection7] INFO  server.RaftServerConfigKeys (ConfUtils.java:logGet(43)) - raft.server.staging.catchup.gap = 1000 (default)
2019-09-17 14:54:22,782 [ReplicationMonitor] INFO  container.ReplicationManager (ReplicationManager.java:run(225)) - Replication Monitor Thread took 1 milliseconds for processing 0 containers.
2019-09-17 14:54:22,783 [64dc86e1-b58a-47fa-9209-c80a04613504@group-E3F07BE7A5EB:LeaderElection7] INFO  server.RaftServerConfigKeys (ConfUtils.java:logGet(43)) - raft.server.rpc.sleep.time = 25ms (default)
2019-09-17 14:54:22,783 [Thread-311] INFO  impl.RoleInfo (RoleInfo.java:shutdownFollowerState(121)) - 296d1e6a-4d03-4625-a926-8603881e9a06: shutdown FollowerState
2019-09-17 14:54:22,784 [64dc86e1-b58a-47fa-9209-c80a04613504@group-E3F07BE7A5EB:LeaderElection7] INFO  server.RaftServerConfigKeys (ConfUtils.java:logGet(43)) - raft.server.write.element-limit = 4096 (default)
2019-09-17 14:54:22,783 [9b5674b6-1da3-4a18-a3b1-2bf65c31b2e5@group-875646F0E444:LeaderElection8] INFO  server.RaftServerConfigKeys (ConfUtils.java:logGet(43)) - raft.server.watch.timeout = 10s (default)
2019-09-17 14:54:22,782 [0d659ca8-8d3f-4ad5-ad2a-cdb4ab88523b@group-C465A817DF8C:LeaderElection6] INFO  server.RaftServerConfigKeys (ConfUtils.java:logGet(43)) - raft.server.staging.catchup.gap = 1000 (default)
2019-09-17 14:54:22,784 [9b5674b6-1da3-4a18-a3b1-2bf65c31b2e5@group-875646F0E444:LeaderElection8] INFO  server.RaftServerConfigKeys (ConfUtils.java:logGet(43)) - raft.server.watch.timeout.denomination = 1s (default)
2019-09-17 14:54:22,784 [64dc86e1-b58a-47fa-9209-c80a04613504@group-E3F07BE7A5EB:LeaderElection7] INFO  server.RaftServerConfigKeys (ConfUtils.java:logGet(43)) - raft.server.watch.timeout = 10s (default)
2019-09-17 14:54:22,784 [Thread-311] INFO  impl.RaftServerImpl (RaftServerImpl.java:setRole(174)) - 296d1e6a-4d03-4625-a926-8603881e9a06@group-8C78F49F91F0: changes role from  FOLLOWER to CANDIDATE at term 0 for changeToCandidate
2019-09-17 14:54:22,785 [64dc86e1-b58a-47fa-9209-c80a04613504@group-E3F07BE7A5EB:LeaderElection7] INFO  server.RaftServerConfigKeys (ConfUtils.java:logGet(43)) - raft.server.watch.timeout.denomination = 1s (default)
2019-09-17 14:54:22,784 [9b5674b6-1da3-4a18-a3b1-2bf65c31b2e5@group-875646F0E444:LeaderElection8] INFO  server.RaftServerConfigKeys (ConfUtils.java:logGet(43)) - raft.server.watch.element-limit = 65536 (default)
2019-09-17 14:54:22,784 [0d659ca8-8d3f-4ad5-ad2a-cdb4ab88523b@group-C465A817DF8C:LeaderElection6] INFO  server.RaftServerConfigKeys (ConfUtils.java:logGet(43)) - raft.server.rpc.sleep.time = 25ms (default)
2019-09-17 14:54:22,785 [64dc86e1-b58a-47fa-9209-c80a04613504@group-E3F07BE7A5EB:LeaderElection7] INFO  server.RaftServerConfigKeys (ConfUtils.java:logGet(43)) - raft.server.watch.element-limit = 65536 (default)
2019-09-17 14:54:22,786 [0d659ca8-8d3f-4ad5-ad2a-cdb4ab88523b@group-C465A817DF8C:LeaderElection6] INFO  server.RaftServerConfigKeys (ConfUtils.java:logGet(43)) - raft.server.write.element-limit = 4096 (default)
2019-09-17 14:54:22,785 [Thread-311] INFO  impl.RoleInfo (RoleInfo.java:updateAndGet(143)) - 296d1e6a-4d03-4625-a926-8603881e9a06: start LeaderElection
2019-09-17 14:54:22,786 [0d659ca8-8d3f-4ad5-ad2a-cdb4ab88523b@group-C465A817DF8C:LeaderElection6] INFO  server.RaftServerConfigKeys (ConfUtils.java:logGet(43)) - raft.server.watch.timeout = 10s (default)
2019-09-17 14:54:22,786 [0d659ca8-8d3f-4ad5-ad2a-cdb4ab88523b@group-C465A817DF8C:LeaderElection6] INFO  server.RaftServerConfigKeys (ConfUtils.java:logGet(43)) - raft.server.watch.timeout.denomination = 1s (default)
2019-09-17 14:54:22,789 [0d659ca8-8d3f-4ad5-ad2a-cdb4ab88523b@group-C465A817DF8C:LeaderElection6] INFO  server.RaftServerConfigKeys (ConfUtils.java:logGet(43)) - raft.server.watch.element-limit = 65536 (default)
2019-09-17 14:54:22,793 [55160a25-c10a-4fac-977f-ea88e555cd0f@group-660D7BEDFB0B-SegmentedRaftLogWorker] INFO  segmented.SegmentedRaftLogWorker (SegmentedRaftLogWorker.java:execute(569)) - 55160a25-c10a-4fac-977f-ea88e555cd0f@group-660D7BEDFB0B-SegmentedRaftLogWorker: created new log segment /workdir/hadoop-ozone/integration-test/target/test-dir/MiniOzoneClusterImpl-845ee491-3861-4700-afca-e6762de221c3/datanode-1/data/ratis/b658358c-309b-44df-8b2a-660d7bedfb0b/current/log_inprogress_0
2019-09-17 14:54:22,813 [296d1e6a-4d03-4625-a926-8603881e9a06@group-8C78F49F91F0:LeaderElection9] INFO  impl.LeaderElection (LeaderElection.java:askForVotes(182)) - 296d1e6a-4d03-4625-a926-8603881e9a06@group-8C78F49F91F0:LeaderElection9: begin an election at term 1 for -1: [296d1e6a-4d03-4625-a926-8603881e9a06:192.168.151.72:33407], old=null
2019-09-17 14:54:22,823 [Thread-322] INFO  impl.FollowerState (FollowerState.java:run(106)) - 5824bb7b-23b5-4080-8c55-4e36ce35b3ee:group-218101269A2C changes to CANDIDATE, lastRpcTime:1024, electionTimeout:1017ms
2019-09-17 14:54:22,831 [296d1e6a-4d03-4625-a926-8603881e9a06@group-8C78F49F91F0:LeaderElection9] INFO  impl.RoleInfo (RoleInfo.java:shutdownLeaderElection(134)) - 296d1e6a-4d03-4625-a926-8603881e9a06: shutdown LeaderElection
2019-09-17 14:54:22,831 [Thread-322] INFO  impl.RoleInfo (RoleInfo.java:shutdownFollowerState(121)) - 5824bb7b-23b5-4080-8c55-4e36ce35b3ee: shutdown FollowerState
2019-09-17 14:54:22,832 [296d1e6a-4d03-4625-a926-8603881e9a06@group-8C78F49F91F0:LeaderElection9] INFO  impl.RaftServerImpl (RaftServerImpl.java:setRole(174)) - 296d1e6a-4d03-4625-a926-8603881e9a06@group-8C78F49F91F0: changes role from CANDIDATE to LEADER at term 1 for changeToLeader
2019-09-17 14:54:22,832 [Thread-322] INFO  impl.RaftServerImpl (RaftServerImpl.java:setRole(174)) - 5824bb7b-23b5-4080-8c55-4e36ce35b3ee@group-218101269A2C: changes role from  FOLLOWER to CANDIDATE at term 0 for changeToCandidate
2019-09-17 14:54:22,832 [296d1e6a-4d03-4625-a926-8603881e9a06@group-8C78F49F91F0:LeaderElection9] INFO  impl.RaftServerImpl (ServerState.java:setLeader(253)) - 296d1e6a-4d03-4625-a926-8603881e9a06@group-8C78F49F91F0: change Leader from null to 296d1e6a-4d03-4625-a926-8603881e9a06 at term 1 for becomeLeader, leader elected after 1256ms
2019-09-17 14:54:22,832 [Thread-322] INFO  impl.RoleInfo (RoleInfo.java:updateAndGet(143)) - 5824bb7b-23b5-4080-8c55-4e36ce35b3ee: start LeaderElection
2019-09-17 14:54:22,832 [296d1e6a-4d03-4625-a926-8603881e9a06@group-8C78F49F91F0:LeaderElection9] INFO  server.RaftServerConfigKeys (ConfUtils.java:logGet(43)) - raft.server.staging.catchup.gap = 1000 (default)
2019-09-17 14:54:22,832 [296d1e6a-4d03-4625-a926-8603881e9a06@group-8C78F49F91F0:LeaderElection9] INFO  server.RaftServerConfigKeys (ConfUtils.java:logGet(43)) - raft.server.rpc.sleep.time = 25ms (default)
2019-09-17 14:54:22,836 [296d1e6a-4d03-4625-a926-8603881e9a06@group-8C78F49F91F0:LeaderElection9] INFO  server.RaftServerConfigKeys (ConfUtils.java:logGet(43)) - raft.server.write.element-limit = 4096 (default)
2019-09-17 14:54:22,836 [296d1e6a-4d03-4625-a926-8603881e9a06@group-8C78F49F91F0:LeaderElection9] INFO  server.RaftServerConfigKeys (ConfUtils.java:logGet(43)) - raft.server.watch.timeout = 10s (default)
2019-09-17 14:54:22,836 [296d1e6a-4d03-4625-a926-8603881e9a06@group-8C78F49F91F0:LeaderElection9] INFO  server.RaftServerConfigKeys (ConfUtils.java:logGet(43)) - raft.server.watch.timeout.denomination = 1s (default)
2019-09-17 14:54:22,837 [296d1e6a-4d03-4625-a926-8603881e9a06@group-8C78F49F91F0:LeaderElection9] INFO  server.RaftServerConfigKeys (ConfUtils.java:logGet(43)) - raft.server.watch.element-limit = 65536 (default)
2019-09-17 14:54:22,849 [5824bb7b-23b5-4080-8c55-4e36ce35b3ee@group-218101269A2C:LeaderElection10] INFO  impl.LeaderElection (LeaderElection.java:askForVotes(182)) - 5824bb7b-23b5-4080-8c55-4e36ce35b3ee@group-218101269A2C:LeaderElection10: begin an election at term 1 for -1: [bbb4e265-cb6b-4caa-8b5d-65801261426c:192.168.151.72:38991, 5824bb7b-23b5-4080-8c55-4e36ce35b3ee:192.168.151.72:44174, 24ee45b5-4e6b-4499-8d3c-0bcd5a303b6d:192.168.151.72:44891], old=null
2019-09-17 14:54:22,854 [Thread-315] INFO  impl.FollowerState (FollowerState.java:run(106)) - 4fc98c0c-5a86-4e60-8142-4a73cef3337e:group-5FB6FC4E68B8 changes to CANDIDATE, lastRpcTime:1171, electionTimeout:1171ms
2019-09-17 14:54:22,855 [Thread-315] INFO  impl.RoleInfo (RoleInfo.java:shutdownFollowerState(121)) - 4fc98c0c-5a86-4e60-8142-4a73cef3337e: shutdown FollowerState
2019-09-17 14:54:22,855 [Thread-315] INFO  impl.RaftServerImpl (RaftServerImpl.java:setRole(174)) - 4fc98c0c-5a86-4e60-8142-4a73cef3337e@group-5FB6FC4E68B8: changes role from  FOLLOWER to CANDIDATE at term 0 for changeToCandidate
2019-09-17 14:54:22,859 [Thread-323] INFO  impl.FollowerState (FollowerState.java:run(106)) - bbb4e265-cb6b-4caa-8b5d-65801261426c:group-218101269A2C changes to CANDIDATE, lastRpcTime:1071, electionTimeout:1071ms
2019-09-17 14:54:22,859 [Thread-323] INFO  impl.RoleInfo (RoleInfo.java:shutdownFollowerState(121)) - bbb4e265-cb6b-4caa-8b5d-65801261426c: shutdown FollowerState
2019-09-17 14:54:22,859 [Thread-323] INFO  impl.RaftServerImpl (RaftServerImpl.java:setRole(174)) - bbb4e265-cb6b-4caa-8b5d-65801261426c@group-218101269A2C: changes role from  FOLLOWER to CANDIDATE at term 0 for changeToCandidate
2019-09-17 14:54:22,862 [Thread-323] INFO  impl.RoleInfo (RoleInfo.java:updateAndGet(143)) - bbb4e265-cb6b-4caa-8b5d-65801261426c: start LeaderElection
2019-09-17 14:54:22,862 [Thread-315] INFO  impl.RoleInfo (RoleInfo.java:updateAndGet(143)) - 4fc98c0c-5a86-4e60-8142-4a73cef3337e: start LeaderElection
2019-09-17 14:54:22,904 [bbb4e265-cb6b-4caa-8b5d-65801261426c@group-218101269A2C:LeaderElection12] INFO  impl.LeaderElection (LeaderElection.java:askForVotes(182)) - bbb4e265-cb6b-4caa-8b5d-65801261426c@group-218101269A2C:LeaderElection12: begin an election at term 1 for -1: [bbb4e265-cb6b-4caa-8b5d-65801261426c:192.168.151.72:38991, 5824bb7b-23b5-4080-8c55-4e36ce35b3ee:192.168.151.72:44174, 24ee45b5-4e6b-4499-8d3c-0bcd5a303b6d:192.168.151.72:44891], old=null
2019-09-17 14:54:22,904 [4fc98c0c-5a86-4e60-8142-4a73cef3337e@group-5FB6FC4E68B8:LeaderElection11] INFO  impl.LeaderElection (LeaderElection.java:askForVotes(182)) - 4fc98c0c-5a86-4e60-8142-4a73cef3337e@group-5FB6FC4E68B8:LeaderElection11: begin an election at term 1 for -1: [4fc98c0c-5a86-4e60-8142-4a73cef3337e:192.168.151.72:35979], old=null
2019-09-17 14:54:22,904 [4fc98c0c-5a86-4e60-8142-4a73cef3337e@group-5FB6FC4E68B8:LeaderElection11] INFO  impl.RoleInfo (RoleInfo.java:shutdownLeaderElection(134)) - 4fc98c0c-5a86-4e60-8142-4a73cef3337e: shutdown LeaderElection
2019-09-17 14:54:22,904 [4fc98c0c-5a86-4e60-8142-4a73cef3337e@group-5FB6FC4E68B8:LeaderElection11] INFO  impl.RaftServerImpl (RaftServerImpl.java:setRole(174)) - 4fc98c0c-5a86-4e60-8142-4a73cef3337e@group-5FB6FC4E68B8: changes role from CANDIDATE to LEADER at term 1 for changeToLeader
2019-09-17 14:54:22,904 [4fc98c0c-5a86-4e60-8142-4a73cef3337e@group-5FB6FC4E68B8:LeaderElection11] INFO  impl.RaftServerImpl (ServerState.java:setLeader(253)) - 4fc98c0c-5a86-4e60-8142-4a73cef3337e@group-5FB6FC4E68B8: change Leader from null to 4fc98c0c-5a86-4e60-8142-4a73cef3337e at term 1 for becomeLeader, leader elected after 1230ms
2019-09-17 14:54:22,904 [4fc98c0c-5a86-4e60-8142-4a73cef3337e@group-5FB6FC4E68B8:LeaderElection11] INFO  server.RaftServerConfigKeys (ConfUtils.java:logGet(43)) - raft.server.staging.catchup.gap = 1000 (default)
2019-09-17 14:54:22,904 [4fc98c0c-5a86-4e60-8142-4a73cef3337e@group-5FB6FC4E68B8:LeaderElection11] INFO  server.RaftServerConfigKeys (ConfUtils.java:logGet(43)) - raft.server.rpc.sleep.time = 25ms (default)
2019-09-17 14:54:22,910 [4fc98c0c-5a86-4e60-8142-4a73cef3337e@group-5FB6FC4E68B8:LeaderElection11] INFO  server.RaftServerConfigKeys (ConfUtils.java:logGet(43)) - raft.server.write.element-limit = 4096 (default)
2019-09-17 14:54:22,917 [IPC Server handler 4 on 38916] INFO  volume.OMVolumeCreateRequest (OMVolumeCreateRequest.java:validateAndUpdateCache(189)) - created volume:datanodefailurehandlingtest for user:jenkins1000
2019-09-17 14:54:22,933 [4fc98c0c-5a86-4e60-8142-4a73cef3337e@group-5FB6FC4E68B8:LeaderElection11] INFO  server.RaftServerConfigKeys (ConfUtils.java:logGet(43)) - raft.server.watch.timeout = 10s (default)
2019-09-17 14:54:22,938 [4fc98c0c-5a86-4e60-8142-4a73cef3337e@group-5FB6FC4E68B8:LeaderElection11] INFO  server.RaftServerConfigKeys (ConfUtils.java:logGet(43)) - raft.server.watch.timeout.denomination = 1s (default)
2019-09-17 14:54:22,938 [4fc98c0c-5a86-4e60-8142-4a73cef3337e@group-5FB6FC4E68B8:LeaderElection11] INFO  server.RaftServerConfigKeys (ConfUtils.java:logGet(43)) - raft.server.watch.element-limit = 65536 (default)
2019-09-17 14:54:22,949 [Thread-320] INFO  impl.FollowerState (FollowerState.java:run(106)) - 24ee45b5-4e6b-4499-8d3c-0bcd5a303b6d:group-218101269A2C changes to CANDIDATE, lastRpcTime:1163, electionTimeout:1162ms
2019-09-17 14:54:22,949 [Thread-320] INFO  impl.RoleInfo (RoleInfo.java:shutdownFollowerState(121)) - 24ee45b5-4e6b-4499-8d3c-0bcd5a303b6d: shutdown FollowerState
2019-09-17 14:54:22,950 [Thread-320] INFO  impl.RaftServerImpl (RaftServerImpl.java:setRole(174)) - 24ee45b5-4e6b-4499-8d3c-0bcd5a303b6d@group-218101269A2C: changes role from  FOLLOWER to CANDIDATE at term 0 for changeToCandidate
2019-09-17 14:54:23,007 [Thread-332] INFO  impl.FollowerState (FollowerState.java:run(106)) - 87bd24bf-ffb9-4c07-ac8f-086f94142b7e:group-A10EF1BAEC68 changes to CANDIDATE, lastRpcTime:1030, electionTimeout:1010ms
2019-09-17 14:54:23,007 [Thread-332] INFO  impl.RoleInfo (RoleInfo.java:shutdownFollowerState(121)) - 87bd24bf-ffb9-4c07-ac8f-086f94142b7e: shutdown FollowerState
2019-09-17 14:54:23,007 [Thread-332] INFO  impl.RaftServerImpl (RaftServerImpl.java:setRole(174)) - 87bd24bf-ffb9-4c07-ac8f-086f94142b7e@group-A10EF1BAEC68: changes role from  FOLLOWER to CANDIDATE at term 0 for changeToCandidate
2019-09-17 14:54:23,017 [Thread-331] INFO  impl.FollowerState (FollowerState.java:run(106)) - 9b5674b6-1da3-4a18-a3b1-2bf65c31b2e5:group-A10EF1BAEC68 changes to CANDIDATE, lastRpcTime:1061, electionTimeout:1061ms
2019-09-17 14:54:23,017 [Thread-331] INFO  impl.RoleInfo (RoleInfo.java:shutdownFollowerState(121)) - 9b5674b6-1da3-4a18-a3b1-2bf65c31b2e5: shutdown FollowerState
2019-09-17 14:54:23,017 [Thread-331] INFO  impl.RaftServerImpl (RaftServerImpl.java:setRole(174)) - 9b5674b6-1da3-4a18-a3b1-2bf65c31b2e5@group-A10EF1BAEC68: changes role from  FOLLOWER to CANDIDATE at term 0 for changeToCandidate
2019-09-17 14:54:23,039 [Thread-331] INFO  impl.RoleInfo (RoleInfo.java:updateAndGet(143)) - 9b5674b6-1da3-4a18-a3b1-2bf65c31b2e5: start LeaderElection
2019-09-17 14:54:23,054 [Thread-320] INFO  impl.RoleInfo (RoleInfo.java:updateAndGet(143)) - 24ee45b5-4e6b-4499-8d3c-0bcd5a303b6d: start LeaderElection
2019-09-17 14:54:23,061 [Thread-332] INFO  impl.RoleInfo (RoleInfo.java:updateAndGet(143)) - 87bd24bf-ffb9-4c07-ac8f-086f94142b7e: start LeaderElection
2019-09-17 14:54:23,075 [Thread-334] INFO  impl.FollowerState (FollowerState.java:run(106)) - 55160a25-c10a-4fac-977f-ea88e555cd0f:group-A10EF1BAEC68 changes to CANDIDATE, lastRpcTime:1118, electionTimeout:1118ms
2019-09-17 14:54:23,075 [Thread-334] INFO  impl.RoleInfo (RoleInfo.java:shutdownFollowerState(121)) - 55160a25-c10a-4fac-977f-ea88e555cd0f: shutdown FollowerState
2019-09-17 14:54:23,075 [Thread-334] INFO  impl.RaftServerImpl (RaftServerImpl.java:setRole(174)) - 55160a25-c10a-4fac-977f-ea88e555cd0f@group-A10EF1BAEC68: changes role from  FOLLOWER to CANDIDATE at term 0 for changeToCandidate
2019-09-17 14:54:23,076 [Thread-341] INFO  impl.FollowerState (FollowerState.java:run(106)) - 296d1e6a-4d03-4625-a926-8603881e9a06:group-85515DBFC7EF changes to CANDIDATE, lastRpcTime:1010, electionTimeout:1010ms
2019-09-17 14:54:23,077 [Thread-341] INFO  impl.RoleInfo (RoleInfo.java:shutdownFollowerState(121)) - 296d1e6a-4d03-4625-a926-8603881e9a06: shutdown FollowerState
2019-09-17 14:54:23,077 [Thread-341] INFO  impl.RaftServerImpl (RaftServerImpl.java:setRole(174)) - 296d1e6a-4d03-4625-a926-8603881e9a06@group-85515DBFC7EF: changes role from  FOLLOWER to CANDIDATE at term 0 for changeToCandidate
2019-09-17 14:54:23,079 [main] INFO  rpc.RpcClient (RpcClient.java:createBucket(441)) - Creating Bucket: datanodefailurehandlingtest/datanodefailurehandlingtest, with Versioning false and Storage Type set to DISK and Encryption set to false 
2019-09-17 14:54:23,084 [9b5674b6-1da3-4a18-a3b1-2bf65c31b2e5@group-A10EF1BAEC68:LeaderElection15] INFO  impl.LeaderElection (LeaderElection.java:askForVotes(182)) - 9b5674b6-1da3-4a18-a3b1-2bf65c31b2e5@group-A10EF1BAEC68:LeaderElection15: begin an election at term 1 for -1: [87bd24bf-ffb9-4c07-ac8f-086f94142b7e:192.168.151.72:43501, 9b5674b6-1da3-4a18-a3b1-2bf65c31b2e5:192.168.151.72:42570, 55160a25-c10a-4fac-977f-ea88e555cd0f:192.168.151.72:33878], old=null
2019-09-17 14:54:23,084 [24ee45b5-4e6b-4499-8d3c-0bcd5a303b6d@group-218101269A2C:LeaderElection13] INFO  impl.LeaderElection (LeaderElection.java:askForVotes(182)) - 24ee45b5-4e6b-4499-8d3c-0bcd5a303b6d@group-218101269A2C:LeaderElection13: begin an election at term 1 for -1: [bbb4e265-cb6b-4caa-8b5d-65801261426c:192.168.151.72:38991, 5824bb7b-23b5-4080-8c55-4e36ce35b3ee:192.168.151.72:44174, 24ee45b5-4e6b-4499-8d3c-0bcd5a303b6d:192.168.151.72:44891], old=null
2019-09-17 14:54:23,084 [87bd24bf-ffb9-4c07-ac8f-086f94142b7e@group-A10EF1BAEC68:LeaderElection14] INFO  impl.LeaderElection (LeaderElection.java:askForVotes(182)) - 87bd24bf-ffb9-4c07-ac8f-086f94142b7e@group-A10EF1BAEC68:LeaderElection14: begin an election at term 1 for -1: [87bd24bf-ffb9-4c07-ac8f-086f94142b7e:192.168.151.72:43501, 9b5674b6-1da3-4a18-a3b1-2bf65c31b2e5:192.168.151.72:42570, 55160a25-c10a-4fac-977f-ea88e555cd0f:192.168.151.72:33878], old=null
2019-09-17 14:54:23,116 [Thread-341] INFO  impl.RoleInfo (RoleInfo.java:updateAndGet(143)) - 296d1e6a-4d03-4625-a926-8603881e9a06: start LeaderElection
2019-09-17 14:54:23,116 [Thread-334] INFO  impl.RoleInfo (RoleInfo.java:updateAndGet(143)) - 55160a25-c10a-4fac-977f-ea88e555cd0f: start LeaderElection
2019-09-17 14:54:23,138 [5824bb7b-23b5-4080-8c55-4e36ce35b3ee@group-218101269A2C:LeaderElection10] INFO  impl.LeaderElection (LeaderElection.java:logAndReturn(56)) - 5824bb7b-23b5-4080-8c55-4e36ce35b3ee@group-218101269A2C:LeaderElection10: Election REJECTED; received 2 response(s) [5824bb7b-23b5-4080-8c55-4e36ce35b3ee<-bbb4e265-cb6b-4caa-8b5d-65801261426c#0:FAIL-t1, 5824bb7b-23b5-4080-8c55-4e36ce35b3ee<-24ee45b5-4e6b-4499-8d3c-0bcd5a303b6d#0:FAIL-t1] and 0 exception(s); 5824bb7b-23b5-4080-8c55-4e36ce35b3ee@group-218101269A2C:t1, leader=null, voted=5824bb7b-23b5-4080-8c55-4e36ce35b3ee, raftlog=5824bb7b-23b5-4080-8c55-4e36ce35b3ee@group-218101269A2C-SegmentedRaftLog:OPENED:c-1,f-1,i0, conf=-1: [bbb4e265-cb6b-4caa-8b5d-65801261426c:192.168.151.72:38991, 5824bb7b-23b5-4080-8c55-4e36ce35b3ee:192.168.151.72:44174, 24ee45b5-4e6b-4499-8d3c-0bcd5a303b6d:192.168.151.72:44891], old=null
2019-09-17 14:54:23,138 [bbb4e265-cb6b-4caa-8b5d-65801261426c@group-218101269A2C:LeaderElection12] INFO  impl.LeaderElection (LeaderElection.java:logAndReturn(56)) - bbb4e265-cb6b-4caa-8b5d-65801261426c@group-218101269A2C:LeaderElection12: Election REJECTED; received 2 response(s) [bbb4e265-cb6b-4caa-8b5d-65801261426c<-5824bb7b-23b5-4080-8c55-4e36ce35b3ee#0:FAIL-t1, bbb4e265-cb6b-4caa-8b5d-65801261426c<-24ee45b5-4e6b-4499-8d3c-0bcd5a303b6d#0:FAIL-t1] and 0 exception(s); bbb4e265-cb6b-4caa-8b5d-65801261426c@group-218101269A2C:t1, leader=null, voted=bbb4e265-cb6b-4caa-8b5d-65801261426c, raftlog=bbb4e265-cb6b-4caa-8b5d-65801261426c@group-218101269A2C-SegmentedRaftLog:OPENED:c-1,f-1,i0, conf=-1: [bbb4e265-cb6b-4caa-8b5d-65801261426c:192.168.151.72:38991, 5824bb7b-23b5-4080-8c55-4e36ce35b3ee:192.168.151.72:44174, 24ee45b5-4e6b-4499-8d3c-0bcd5a303b6d:192.168.151.72:44891], old=null
2019-09-17 14:54:23,141 [296d1e6a-4d03-4625-a926-8603881e9a06@group-85515DBFC7EF:LeaderElection17] INFO  impl.LeaderElection (LeaderElection.java:askForVotes(182)) - 296d1e6a-4d03-4625-a926-8603881e9a06@group-85515DBFC7EF:LeaderElection17: begin an election at term 1 for -1: [296d1e6a-4d03-4625-a926-8603881e9a06:192.168.151.72:33407, 0d659ca8-8d3f-4ad5-ad2a-cdb4ab88523b:192.168.151.72:38283, 64dc86e1-b58a-47fa-9209-c80a04613504:192.168.151.72:41434], old=null
2019-09-17 14:54:23,141 [55160a25-c10a-4fac-977f-ea88e555cd0f@group-A10EF1BAEC68:LeaderElection16] INFO  impl.LeaderElection (LeaderElection.java:askForVotes(182)) - 55160a25-c10a-4fac-977f-ea88e555cd0f@group-A10EF1BAEC68:LeaderElection16: begin an election at term 1 for -1: [87bd24bf-ffb9-4c07-ac8f-086f94142b7e:192.168.151.72:43501, 9b5674b6-1da3-4a18-a3b1-2bf65c31b2e5:192.168.151.72:42570, 55160a25-c10a-4fac-977f-ea88e555cd0f:192.168.151.72:33878], old=null
2019-09-17 14:54:23,179 [5824bb7b-23b5-4080-8c55-4e36ce35b3ee@group-218101269A2C:LeaderElection10] INFO  impl.RaftServerImpl (RaftServerImpl.java:setRole(174)) - 5824bb7b-23b5-4080-8c55-4e36ce35b3ee@group-218101269A2C: changes role from CANDIDATE to FOLLOWER at term 1 for DISCOVERED_A_NEW_TERM
2019-09-17 14:54:23,179 [5824bb7b-23b5-4080-8c55-4e36ce35b3ee@group-218101269A2C:LeaderElection10] INFO  impl.RoleInfo (RoleInfo.java:shutdownLeaderElection(134)) - 5824bb7b-23b5-4080-8c55-4e36ce35b3ee: shutdown LeaderElection
2019-09-17 14:54:23,179 [bbb4e265-cb6b-4caa-8b5d-65801261426c@group-218101269A2C:LeaderElection12] INFO  impl.RaftServerImpl (RaftServerImpl.java:setRole(174)) - bbb4e265-cb6b-4caa-8b5d-65801261426c@group-218101269A2C: changes role from CANDIDATE to FOLLOWER at term 1 for DISCOVERED_A_NEW_TERM
2019-09-17 14:54:23,179 [bbb4e265-cb6b-4caa-8b5d-65801261426c@group-218101269A2C:LeaderElection12] INFO  impl.RoleInfo (RoleInfo.java:shutdownLeaderElection(134)) - bbb4e265-cb6b-4caa-8b5d-65801261426c: shutdown LeaderElection
2019-09-17 14:54:23,179 [5824bb7b-23b5-4080-8c55-4e36ce35b3ee@group-218101269A2C:LeaderElection10] INFO  impl.RoleInfo (RoleInfo.java:updateAndGet(143)) - 5824bb7b-23b5-4080-8c55-4e36ce35b3ee: start FollowerState
2019-09-17 14:54:23,182 [bbb4e265-cb6b-4caa-8b5d-65801261426c@group-218101269A2C:LeaderElection12] INFO  impl.RoleInfo (RoleInfo.java:updateAndGet(143)) - bbb4e265-cb6b-4caa-8b5d-65801261426c: start FollowerState
2019-09-17 14:54:23,209 [Thread-345] INFO  impl.FollowerState (FollowerState.java:run(106)) - 0d659ca8-8d3f-4ad5-ad2a-cdb4ab88523b:group-85515DBFC7EF changes to CANDIDATE, lastRpcTime:1123, electionTimeout:1123ms
2019-09-17 14:54:23,210 [Thread-345] INFO  impl.RoleInfo (RoleInfo.java:shutdownFollowerState(121)) - 0d659ca8-8d3f-4ad5-ad2a-cdb4ab88523b: shutdown FollowerState
2019-09-17 14:54:23,210 [Thread-345] INFO  impl.RaftServerImpl (RaftServerImpl.java:setRole(174)) - 0d659ca8-8d3f-4ad5-ad2a-cdb4ab88523b@group-85515DBFC7EF: changes role from  FOLLOWER to CANDIDATE at term 0 for changeToCandidate
2019-09-17 14:54:23,218 [Thread-345] INFO  impl.RoleInfo (RoleInfo.java:updateAndGet(143)) - 0d659ca8-8d3f-4ad5-ad2a-cdb4ab88523b: start LeaderElection
2019-09-17 14:54:23,232 [Thread-344] INFO  impl.FollowerState (FollowerState.java:run(106)) - 64dc86e1-b58a-47fa-9209-c80a04613504:group-85515DBFC7EF changes to CANDIDATE, lastRpcTime:1147, electionTimeout:1140ms
2019-09-17 14:54:23,233 [Thread-344] INFO  impl.RoleInfo (RoleInfo.java:shutdownFollowerState(121)) - 64dc86e1-b58a-47fa-9209-c80a04613504: shutdown FollowerState
2019-09-17 14:54:23,233 [Thread-344] INFO  impl.RaftServerImpl (RaftServerImpl.java:setRole(174)) - 64dc86e1-b58a-47fa-9209-c80a04613504@group-85515DBFC7EF: changes role from  FOLLOWER to CANDIDATE at term 0 for changeToCandidate
2019-09-17 14:54:23,235 [Thread-344] INFO  impl.RoleInfo (RoleInfo.java:updateAndGet(143)) - 64dc86e1-b58a-47fa-9209-c80a04613504: start LeaderElection
2019-09-17 14:54:23,245 [0d659ca8-8d3f-4ad5-ad2a-cdb4ab88523b@group-85515DBFC7EF:LeaderElection18] INFO  impl.LeaderElection (LeaderElection.java:askForVotes(182)) - 0d659ca8-8d3f-4ad5-ad2a-cdb4ab88523b@group-85515DBFC7EF:LeaderElection18: begin an election at term 1 for -1: [296d1e6a-4d03-4625-a926-8603881e9a06:192.168.151.72:33407, 0d659ca8-8d3f-4ad5-ad2a-cdb4ab88523b:192.168.151.72:38283, 64dc86e1-b58a-47fa-9209-c80a04613504:192.168.151.72:41434], old=null
2019-09-17 14:54:23,297 [64dc86e1-b58a-47fa-9209-c80a04613504@group-85515DBFC7EF:LeaderElection19] INFO  impl.LeaderElection (LeaderElection.java:askForVotes(182)) - 64dc86e1-b58a-47fa-9209-c80a04613504@group-85515DBFC7EF:LeaderElection19: begin an election at term 1 for -1: [296d1e6a-4d03-4625-a926-8603881e9a06:192.168.151.72:33407, 0d659ca8-8d3f-4ad5-ad2a-cdb4ab88523b:192.168.151.72:38283, 64dc86e1-b58a-47fa-9209-c80a04613504:192.168.151.72:41434], old=null
2019-09-17 14:54:23,308 [9b5674b6-1da3-4a18-a3b1-2bf65c31b2e5@group-A10EF1BAEC68:LeaderElection15] INFO  impl.LeaderElection (LeaderElection.java:logAndReturn(56)) - 9b5674b6-1da3-4a18-a3b1-2bf65c31b2e5@group-A10EF1BAEC68:LeaderElection15: Election REJECTED; received 2 response(s) [9b5674b6-1da3-4a18-a3b1-2bf65c31b2e5<-87bd24bf-ffb9-4c07-ac8f-086f94142b7e#0:FAIL-t1, 9b5674b6-1da3-4a18-a3b1-2bf65c31b2e5<-55160a25-c10a-4fac-977f-ea88e555cd0f#0:FAIL-t1] and 0 exception(s); 9b5674b6-1da3-4a18-a3b1-2bf65c31b2e5@group-A10EF1BAEC68:t1, leader=null, voted=9b5674b6-1da3-4a18-a3b1-2bf65c31b2e5, raftlog=9b5674b6-1da3-4a18-a3b1-2bf65c31b2e5@group-A10EF1BAEC68-SegmentedRaftLog:OPENED:c-1,f-1,i0, conf=-1: [87bd24bf-ffb9-4c07-ac8f-086f94142b7e:192.168.151.72:43501, 9b5674b6-1da3-4a18-a3b1-2bf65c31b2e5:192.168.151.72:42570, 55160a25-c10a-4fac-977f-ea88e555cd0f:192.168.151.72:33878], old=null
2019-09-17 14:54:23,309 [9b5674b6-1da3-4a18-a3b1-2bf65c31b2e5@group-A10EF1BAEC68:LeaderElection15] INFO  impl.RaftServerImpl (RaftServerImpl.java:setRole(174)) - 9b5674b6-1da3-4a18-a3b1-2bf65c31b2e5@group-A10EF1BAEC68: changes role from CANDIDATE to FOLLOWER at term 1 for DISCOVERED_A_NEW_TERM
2019-09-17 14:54:23,317 [9b5674b6-1da3-4a18-a3b1-2bf65c31b2e5@group-A10EF1BAEC68:LeaderElection15] INFO  impl.RoleInfo (RoleInfo.java:shutdownLeaderElection(134)) - 9b5674b6-1da3-4a18-a3b1-2bf65c31b2e5: shutdown LeaderElection
2019-09-17 14:54:23,317 [9b5674b6-1da3-4a18-a3b1-2bf65c31b2e5@group-A10EF1BAEC68:LeaderElection15] INFO  impl.RoleInfo (RoleInfo.java:updateAndGet(143)) - 9b5674b6-1da3-4a18-a3b1-2bf65c31b2e5: start FollowerState
2019-09-17 14:54:23,405 [55160a25-c10a-4fac-977f-ea88e555cd0f@group-A10EF1BAEC68:LeaderElection16] INFO  impl.LeaderElection (LeaderElection.java:logAndReturn(56)) - 55160a25-c10a-4fac-977f-ea88e555cd0f@group-A10EF1BAEC68:LeaderElection16: Election REJECTED; received 2 response(s) [55160a25-c10a-4fac-977f-ea88e555cd0f<-87bd24bf-ffb9-4c07-ac8f-086f94142b7e#0:FAIL-t1, 55160a25-c10a-4fac-977f-ea88e555cd0f<-9b5674b6-1da3-4a18-a3b1-2bf65c31b2e5#0:FAIL-t1] and 0 exception(s); 55160a25-c10a-4fac-977f-ea88e555cd0f@group-A10EF1BAEC68:t1, leader=null, voted=55160a25-c10a-4fac-977f-ea88e555cd0f, raftlog=55160a25-c10a-4fac-977f-ea88e555cd0f@group-A10EF1BAEC68-SegmentedRaftLog:OPENED:c-1,f-1,i0, conf=-1: [87bd24bf-ffb9-4c07-ac8f-086f94142b7e:192.168.151.72:43501, 9b5674b6-1da3-4a18-a3b1-2bf65c31b2e5:192.168.151.72:42570, 55160a25-c10a-4fac-977f-ea88e555cd0f:192.168.151.72:33878], old=null
2019-09-17 14:54:23,408 [55160a25-c10a-4fac-977f-ea88e555cd0f@group-A10EF1BAEC68:LeaderElection16] INFO  impl.RaftServerImpl (RaftServerImpl.java:setRole(174)) - 55160a25-c10a-4fac-977f-ea88e555cd0f@group-A10EF1BAEC68: changes role from CANDIDATE to FOLLOWER at term 1 for DISCOVERED_A_NEW_TERM
2019-09-17 14:54:23,416 [55160a25-c10a-4fac-977f-ea88e555cd0f@group-A10EF1BAEC68:LeaderElection16] INFO  impl.RoleInfo (RoleInfo.java:shutdownLeaderElection(134)) - 55160a25-c10a-4fac-977f-ea88e555cd0f: shutdown LeaderElection
2019-09-17 14:54:23,418 [55160a25-c10a-4fac-977f-ea88e555cd0f@group-A10EF1BAEC68:LeaderElection16] INFO  impl.RoleInfo (RoleInfo.java:updateAndGet(143)) - 55160a25-c10a-4fac-977f-ea88e555cd0f: start FollowerState
2019-09-17 14:54:23,441 [24ee45b5-4e6b-4499-8d3c-0bcd5a303b6d@group-218101269A2C:LeaderElection13] INFO  impl.LeaderElection (LeaderElection.java:logAndReturn(56)) - 24ee45b5-4e6b-4499-8d3c-0bcd5a303b6d@group-218101269A2C:LeaderElection13: Election REJECTED; received 2 response(s) [24ee45b5-4e6b-4499-8d3c-0bcd5a303b6d<-bbb4e265-cb6b-4caa-8b5d-65801261426c#0:FAIL-t1, 24ee45b5-4e6b-4499-8d3c-0bcd5a303b6d<-5824bb7b-23b5-4080-8c55-4e36ce35b3ee#0:FAIL-t1] and 0 exception(s); 24ee45b5-4e6b-4499-8d3c-0bcd5a303b6d@group-218101269A2C:t1, leader=null, voted=24ee45b5-4e6b-4499-8d3c-0bcd5a303b6d, raftlog=24ee45b5-4e6b-4499-8d3c-0bcd5a303b6d@group-218101269A2C-SegmentedRaftLog:OPENED:c-1,f-1,i0, conf=-1: [bbb4e265-cb6b-4caa-8b5d-65801261426c:192.168.151.72:38991, 5824bb7b-23b5-4080-8c55-4e36ce35b3ee:192.168.151.72:44174, 24ee45b5-4e6b-4499-8d3c-0bcd5a303b6d:192.168.151.72:44891], old=null
2019-09-17 14:54:23,445 [24ee45b5-4e6b-4499-8d3c-0bcd5a303b6d@group-218101269A2C:LeaderElection13] INFO  impl.RaftServerImpl (RaftServerImpl.java:setRole(174)) - 24ee45b5-4e6b-4499-8d3c-0bcd5a303b6d@group-218101269A2C: changes role from CANDIDATE to FOLLOWER at term 1 for DISCOVERED_A_NEW_TERM
2019-09-17 14:54:23,455 [24ee45b5-4e6b-4499-8d3c-0bcd5a303b6d@group-218101269A2C:LeaderElection13] INFO  impl.RoleInfo (RoleInfo.java:shutdownLeaderElection(134)) - 24ee45b5-4e6b-4499-8d3c-0bcd5a303b6d: shutdown LeaderElection
2019-09-17 14:54:23,473 [24ee45b5-4e6b-4499-8d3c-0bcd5a303b6d@group-218101269A2C:LeaderElection13] INFO  impl.RoleInfo (RoleInfo.java:updateAndGet(143)) - 24ee45b5-4e6b-4499-8d3c-0bcd5a303b6d: start FollowerState
2019-09-17 14:54:23,495 [296d1e6a-4d03-4625-a926-8603881e9a06@group-85515DBFC7EF:LeaderElection17] INFO  impl.LeaderElection (LeaderElection.java:logAndReturn(56)) - 296d1e6a-4d03-4625-a926-8603881e9a06@group-85515DBFC7EF:LeaderElection17: Election REJECTED; received 2 response(s) [296d1e6a-4d03-4625-a926-8603881e9a06<-0d659ca8-8d3f-4ad5-ad2a-cdb4ab88523b#0:FAIL-t1, 296d1e6a-4d03-4625-a926-8603881e9a06<-64dc86e1-b58a-47fa-9209-c80a04613504#0:FAIL-t1] and 0 exception(s); 296d1e6a-4d03-4625-a926-8603881e9a06@group-85515DBFC7EF:t1, leader=null, voted=296d1e6a-4d03-4625-a926-8603881e9a06, raftlog=296d1e6a-4d03-4625-a926-8603881e9a06@group-85515DBFC7EF-SegmentedRaftLog:OPENED:c-1,f-1,i0, conf=-1: [296d1e6a-4d03-4625-a926-8603881e9a06:192.168.151.72:33407, 0d659ca8-8d3f-4ad5-ad2a-cdb4ab88523b:192.168.151.72:38283, 64dc86e1-b58a-47fa-9209-c80a04613504:192.168.151.72:41434], old=null
2019-09-17 14:54:23,499 [296d1e6a-4d03-4625-a926-8603881e9a06@group-85515DBFC7EF:LeaderElection17] INFO  impl.RaftServerImpl (RaftServerImpl.java:setRole(174)) - 296d1e6a-4d03-4625-a926-8603881e9a06@group-85515DBFC7EF: changes role from CANDIDATE to FOLLOWER at term 1 for DISCOVERED_A_NEW_TERM
2019-09-17 14:54:23,499 [296d1e6a-4d03-4625-a926-8603881e9a06@group-85515DBFC7EF:LeaderElection17] INFO  impl.RoleInfo (RoleInfo.java:shutdownLeaderElection(134)) - 296d1e6a-4d03-4625-a926-8603881e9a06: shutdown LeaderElection
2019-09-17 14:54:23,502 [296d1e6a-4d03-4625-a926-8603881e9a06@group-85515DBFC7EF:LeaderElection17] INFO  impl.RoleInfo (RoleInfo.java:updateAndGet(143)) - 296d1e6a-4d03-4625-a926-8603881e9a06: start FollowerState
2019-09-17 14:54:23,509 [87bd24bf-ffb9-4c07-ac8f-086f94142b7e@group-A10EF1BAEC68:LeaderElection14] INFO  impl.LeaderElection (LeaderElection.java:logAndReturn(56)) - 87bd24bf-ffb9-4c07-ac8f-086f94142b7e@group-A10EF1BAEC68:LeaderElection14: Election REJECTED; received 2 response(s) [87bd24bf-ffb9-4c07-ac8f-086f94142b7e<-9b5674b6-1da3-4a18-a3b1-2bf65c31b2e5#0:FAIL-t1, 87bd24bf-ffb9-4c07-ac8f-086f94142b7e<-55160a25-c10a-4fac-977f-ea88e555cd0f#0:FAIL-t1] and 0 exception(s); 87bd24bf-ffb9-4c07-ac8f-086f94142b7e@group-A10EF1BAEC68:t1, leader=null, voted=87bd24bf-ffb9-4c07-ac8f-086f94142b7e, raftlog=87bd24bf-ffb9-4c07-ac8f-086f94142b7e@group-A10EF1BAEC68-SegmentedRaftLog:OPENED:c-1,f-1,i0, conf=-1: [87bd24bf-ffb9-4c07-ac8f-086f94142b7e:192.168.151.72:43501, 9b5674b6-1da3-4a18-a3b1-2bf65c31b2e5:192.168.151.72:42570, 55160a25-c10a-4fac-977f-ea88e555cd0f:192.168.151.72:33878], old=null
2019-09-17 14:54:23,513 [87bd24bf-ffb9-4c07-ac8f-086f94142b7e@group-A10EF1BAEC68:LeaderElection14] INFO  impl.RaftServerImpl (RaftServerImpl.java:setRole(174)) - 87bd24bf-ffb9-4c07-ac8f-086f94142b7e@group-A10EF1BAEC68: changes role from CANDIDATE to FOLLOWER at term 1 for DISCOVERED_A_NEW_TERM
2019-09-17 14:54:23,513 [87bd24bf-ffb9-4c07-ac8f-086f94142b7e@group-A10EF1BAEC68:LeaderElection14] INFO  impl.RoleInfo (RoleInfo.java:shutdownLeaderElection(134)) - 87bd24bf-ffb9-4c07-ac8f-086f94142b7e: shutdown LeaderElection
2019-09-17 14:54:23,513 [87bd24bf-ffb9-4c07-ac8f-086f94142b7e@group-A10EF1BAEC68:LeaderElection14] INFO  impl.RoleInfo (RoleInfo.java:updateAndGet(143)) - 87bd24bf-ffb9-4c07-ac8f-086f94142b7e: start FollowerState
2019-09-17 14:54:23,532 [64dc86e1-b58a-47fa-9209-c80a04613504@group-85515DBFC7EF:LeaderElection19] INFO  impl.LeaderElection (LeaderElection.java:logAndReturn(56)) - 64dc86e1-b58a-47fa-9209-c80a04613504@group-85515DBFC7EF:LeaderElection19: Election REJECTED; received 2 response(s) [64dc86e1-b58a-47fa-9209-c80a04613504<-296d1e6a-4d03-4625-a926-8603881e9a06#0:FAIL-t1, 64dc86e1-b58a-47fa-9209-c80a04613504<-0d659ca8-8d3f-4ad5-ad2a-cdb4ab88523b#0:FAIL-t1] and 0 exception(s); 64dc86e1-b58a-47fa-9209-c80a04613504@group-85515DBFC7EF:t1, leader=null, voted=64dc86e1-b58a-47fa-9209-c80a04613504, raftlog=64dc86e1-b58a-47fa-9209-c80a04613504@group-85515DBFC7EF-SegmentedRaftLog:OPENED:c-1,f-1,i0, conf=-1: [296d1e6a-4d03-4625-a926-8603881e9a06:192.168.151.72:33407, 0d659ca8-8d3f-4ad5-ad2a-cdb4ab88523b:192.168.151.72:38283, 64dc86e1-b58a-47fa-9209-c80a04613504:192.168.151.72:41434], old=null
2019-09-17 14:54:23,532 [0d659ca8-8d3f-4ad5-ad2a-cdb4ab88523b@group-85515DBFC7EF:LeaderElection18] INFO  impl.LeaderElection (LeaderElection.java:logAndReturn(56)) - 0d659ca8-8d3f-4ad5-ad2a-cdb4ab88523b@group-85515DBFC7EF:LeaderElection18: Election REJECTED; received 2 response(s) [0d659ca8-8d3f-4ad5-ad2a-cdb4ab88523b<-296d1e6a-4d03-4625-a926-8603881e9a06#0:FAIL-t1, 0d659ca8-8d3f-4ad5-ad2a-cdb4ab88523b<-64dc86e1-b58a-47fa-9209-c80a04613504#0:FAIL-t1] and 0 exception(s); 0d659ca8-8d3f-4ad5-ad2a-cdb4ab88523b@group-85515DBFC7EF:t1, leader=null, voted=0d659ca8-8d3f-4ad5-ad2a-cdb4ab88523b, raftlog=0d659ca8-8d3f-4ad5-ad2a-cdb4ab88523b@group-85515DBFC7EF-SegmentedRaftLog:OPENED:c-1,f-1,i0, conf=-1: [296d1e6a-4d03-4625-a926-8603881e9a06:192.168.151.72:33407, 0d659ca8-8d3f-4ad5-ad2a-cdb4ab88523b:192.168.151.72:38283, 64dc86e1-b58a-47fa-9209-c80a04613504:192.168.151.72:41434], old=null
2019-09-17 14:54:23,534 [64dc86e1-b58a-47fa-9209-c80a04613504@group-85515DBFC7EF:LeaderElection19] INFO  impl.RaftServerImpl (RaftServerImpl.java:setRole(174)) - 64dc86e1-b58a-47fa-9209-c80a04613504@group-85515DBFC7EF: changes role from CANDIDATE to FOLLOWER at term 1 for DISCOVERED_A_NEW_TERM
2019-09-17 14:54:23,537 [0d659ca8-8d3f-4ad5-ad2a-cdb4ab88523b@group-85515DBFC7EF:LeaderElection18] INFO  impl.RaftServerImpl (RaftServerImpl.java:setRole(174)) - 0d659ca8-8d3f-4ad5-ad2a-cdb4ab88523b@group-85515DBFC7EF: changes role from CANDIDATE to FOLLOWER at term 1 for DISCOVERED_A_NEW_TERM
2019-09-17 14:54:23,539 [0d659ca8-8d3f-4ad5-ad2a-cdb4ab88523b@group-85515DBFC7EF:LeaderElection18] INFO  impl.RoleInfo (RoleInfo.java:shutdownLeaderElection(134)) - 0d659ca8-8d3f-4ad5-ad2a-cdb4ab88523b: shutdown LeaderElection
2019-09-17 14:54:23,539 [64dc86e1-b58a-47fa-9209-c80a04613504@group-85515DBFC7EF:LeaderElection19] INFO  impl.RoleInfo (RoleInfo.java:shutdownLeaderElection(134)) - 64dc86e1-b58a-47fa-9209-c80a04613504: shutdown LeaderElection
2019-09-17 14:54:23,540 [0d659ca8-8d3f-4ad5-ad2a-cdb4ab88523b@group-85515DBFC7EF:LeaderElection18] INFO  impl.RoleInfo (RoleInfo.java:updateAndGet(143)) - 0d659ca8-8d3f-4ad5-ad2a-cdb4ab88523b: start FollowerState
2019-09-17 14:54:23,540 [64dc86e1-b58a-47fa-9209-c80a04613504@group-85515DBFC7EF:LeaderElection19] INFO  impl.RoleInfo (RoleInfo.java:updateAndGet(143)) - 64dc86e1-b58a-47fa-9209-c80a04613504: start FollowerState
2019-09-17 14:54:23,541 [296d1e6a-4d03-4625-a926-8603881e9a06@group-8C78F49F91F0:LeaderElection9] INFO  impl.RoleInfo (RoleInfo.java:updateAndGet(143)) - 296d1e6a-4d03-4625-a926-8603881e9a06: start LeaderState
2019-09-17 14:54:23,541 [296d1e6a-4d03-4625-a926-8603881e9a06@group-8C78F49F91F0:LeaderElection9] INFO  segmented.SegmentedRaftLogWorker (SegmentedRaftLogWorker.java:startLogSegment(380)) - 296d1e6a-4d03-4625-a926-8603881e9a06@group-8C78F49F91F0-SegmentedRaftLogWorker: Starting segment from index:0
2019-09-17 14:54:23,542 [4fc98c0c-5a86-4e60-8142-4a73cef3337e@group-5FB6FC4E68B8:LeaderElection11] INFO  impl.RoleInfo (RoleInfo.java:updateAndGet(143)) - 4fc98c0c-5a86-4e60-8142-4a73cef3337e: start LeaderState
2019-09-17 14:54:23,542 [296d1e6a-4d03-4625-a926-8603881e9a06@group-8C78F49F91F0:LeaderElection9] INFO  impl.RaftServerImpl (ServerState.java:setRaftConf(354)) - 296d1e6a-4d03-4625-a926-8603881e9a06@group-8C78F49F91F0: set configuration 0: [296d1e6a-4d03-4625-a926-8603881e9a06:192.168.151.72:33407], old=null at 0
2019-09-17 14:54:23,542 [4fc98c0c-5a86-4e60-8142-4a73cef3337e@group-5FB6FC4E68B8:LeaderElection11] INFO  segmented.SegmentedRaftLogWorker (SegmentedRaftLogWorker.java:startLogSegment(380)) - 4fc98c0c-5a86-4e60-8142-4a73cef3337e@group-5FB6FC4E68B8-SegmentedRaftLogWorker: Starting segment from index:0
2019-09-17 14:54:23,542 [0d659ca8-8d3f-4ad5-ad2a-cdb4ab88523b@group-C465A817DF8C:LeaderElection6] INFO  impl.RoleInfo (RoleInfo.java:updateAndGet(143)) - 0d659ca8-8d3f-4ad5-ad2a-cdb4ab88523b: start LeaderState
2019-09-17 14:54:23,543 [4fc98c0c-5a86-4e60-8142-4a73cef3337e@group-5FB6FC4E68B8:LeaderElection11] INFO  impl.RaftServerImpl (ServerState.java:setRaftConf(354)) - 4fc98c0c-5a86-4e60-8142-4a73cef3337e@group-5FB6FC4E68B8: set configuration 0: [4fc98c0c-5a86-4e60-8142-4a73cef3337e:192.168.151.72:35979], old=null at 0
2019-09-17 14:54:23,543 [0d659ca8-8d3f-4ad5-ad2a-cdb4ab88523b@group-C465A817DF8C:LeaderElection6] INFO  segmented.SegmentedRaftLogWorker (SegmentedRaftLogWorker.java:startLogSegment(380)) - 0d659ca8-8d3f-4ad5-ad2a-cdb4ab88523b@group-C465A817DF8C-SegmentedRaftLogWorker: Starting segment from index:0
2019-09-17 14:54:23,543 [64dc86e1-b58a-47fa-9209-c80a04613504@group-E3F07BE7A5EB:LeaderElection7] INFO  impl.RoleInfo (RoleInfo.java:updateAndGet(143)) - 64dc86e1-b58a-47fa-9209-c80a04613504: start LeaderState
2019-09-17 14:54:23,543 [9b5674b6-1da3-4a18-a3b1-2bf65c31b2e5@group-875646F0E444:LeaderElection8] INFO  impl.RoleInfo (RoleInfo.java:updateAndGet(143)) - 9b5674b6-1da3-4a18-a3b1-2bf65c31b2e5: start LeaderState
2019-09-17 14:54:23,543 [64dc86e1-b58a-47fa-9209-c80a04613504@group-E3F07BE7A5EB:LeaderElection7] INFO  segmented.SegmentedRaftLogWorker (SegmentedRaftLogWorker.java:startLogSegment(380)) - 64dc86e1-b58a-47fa-9209-c80a04613504@group-E3F07BE7A5EB-SegmentedRaftLogWorker: Starting segment from index:0
2019-09-17 14:54:23,543 [0d659ca8-8d3f-4ad5-ad2a-cdb4ab88523b@group-C465A817DF8C:LeaderElection6] INFO  impl.RaftServerImpl (ServerState.java:setRaftConf(354)) - 0d659ca8-8d3f-4ad5-ad2a-cdb4ab88523b@group-C465A817DF8C: set configuration 0: [0d659ca8-8d3f-4ad5-ad2a-cdb4ab88523b:192.168.151.72:38283], old=null at 0
2019-09-17 14:54:23,543 [9b5674b6-1da3-4a18-a3b1-2bf65c31b2e5@group-875646F0E444:LeaderElection8] INFO  segmented.SegmentedRaftLogWorker (SegmentedRaftLogWorker.java:startLogSegment(380)) - 9b5674b6-1da3-4a18-a3b1-2bf65c31b2e5@group-875646F0E444-SegmentedRaftLogWorker: Starting segment from index:0
2019-09-17 14:54:23,544 [64dc86e1-b58a-47fa-9209-c80a04613504@group-E3F07BE7A5EB:LeaderElection7] INFO  impl.RaftServerImpl (ServerState.java:setRaftConf(354)) - 64dc86e1-b58a-47fa-9209-c80a04613504@group-E3F07BE7A5EB: set configuration 0: [64dc86e1-b58a-47fa-9209-c80a04613504:192.168.151.72:41434], old=null at 0
2019-09-17 14:54:23,544 [9b5674b6-1da3-4a18-a3b1-2bf65c31b2e5@group-875646F0E444:LeaderElection8] INFO  impl.RaftServerImpl (ServerState.java:setRaftConf(354)) - 9b5674b6-1da3-4a18-a3b1-2bf65c31b2e5@group-875646F0E444: set configuration 0: [9b5674b6-1da3-4a18-a3b1-2bf65c31b2e5:192.168.151.72:42570], old=null at 0
2019-09-17 14:54:23,585 [4fc98c0c-5a86-4e60-8142-4a73cef3337e@group-5FB6FC4E68B8-SegmentedRaftLogWorker] INFO  segmented.SegmentedRaftLogWorker (SegmentedRaftLogWorker.java:execute(569)) - 4fc98c0c-5a86-4e60-8142-4a73cef3337e@group-5FB6FC4E68B8-SegmentedRaftLogWorker: created new log segment /workdir/hadoop-ozone/integration-test/target/test-dir/MiniOzoneClusterImpl-845ee491-3861-4700-afca-e6762de221c3/datanode-6/data/ratis/40f9cf40-c70d-4649-be12-5fb6fc4e68b8/current/log_inprogress_0
2019-09-17 14:54:23,585 [296d1e6a-4d03-4625-a926-8603881e9a06@group-8C78F49F91F0-SegmentedRaftLogWorker] INFO  segmented.SegmentedRaftLogWorker (SegmentedRaftLogWorker.java:execute(569)) - 296d1e6a-4d03-4625-a926-8603881e9a06@group-8C78F49F91F0-SegmentedRaftLogWorker: created new log segment /workdir/hadoop-ozone/integration-test/target/test-dir/MiniOzoneClusterImpl-845ee491-3861-4700-afca-e6762de221c3/datanode-4/data/ratis/27aff7fc-816d-482b-a4ba-8c78f49f91f0/current/log_inprogress_0
2019-09-17 14:54:23,585 [0d659ca8-8d3f-4ad5-ad2a-cdb4ab88523b@group-C465A817DF8C-SegmentedRaftLogWorker] INFO  segmented.SegmentedRaftLogWorker (SegmentedRaftLogWorker.java:execute(569)) - 0d659ca8-8d3f-4ad5-ad2a-cdb4ab88523b@group-C465A817DF8C-SegmentedRaftLogWorker: created new log segment /workdir/hadoop-ozone/integration-test/target/test-dir/MiniOzoneClusterImpl-845ee491-3861-4700-afca-e6762de221c3/datanode-2/data/ratis/d9f84d21-74d9-4df6-bec7-c465a817df8c/current/log_inprogress_0
2019-09-17 14:54:23,598 [9b5674b6-1da3-4a18-a3b1-2bf65c31b2e5@group-875646F0E444-SegmentedRaftLogWorker] INFO  segmented.SegmentedRaftLogWorker (SegmentedRaftLogWorker.java:execute(569)) - 9b5674b6-1da3-4a18-a3b1-2bf65c31b2e5@group-875646F0E444-SegmentedRaftLogWorker: created new log segment /workdir/hadoop-ozone/integration-test/target/test-dir/MiniOzoneClusterImpl-845ee491-3861-4700-afca-e6762de221c3/datanode-5/data/ratis/8aa123f1-f3b3-44e8-ae9f-875646f0e444/current/log_inprogress_0
2019-09-17 14:54:23,598 [64dc86e1-b58a-47fa-9209-c80a04613504@group-E3F07BE7A5EB-SegmentedRaftLogWorker] INFO  segmented.SegmentedRaftLogWorker (SegmentedRaftLogWorker.java:execute(569)) - 64dc86e1-b58a-47fa-9209-c80a04613504@group-E3F07BE7A5EB-SegmentedRaftLogWorker: created new log segment /workdir/hadoop-ozone/integration-test/target/test-dir/MiniOzoneClusterImpl-845ee491-3861-4700-afca-e6762de221c3/datanode-8/data/ratis/64b8bbc4-3d4b-4c57-b1d1-e3f07be7a5eb/current/log_inprogress_0
2019-09-17 14:54:23,675 [main] INFO  impl.MetricsSystemImpl (MetricsSystemImpl.java:init(158)) - XceiverClientMetrics metrics system started (again)
2019-09-17 14:54:23,801 [grpc-default-executor-5] INFO  client.GrpcClientProtocolClient (GrpcClientProtocolClient.java:onNext(264)) - client-0D2C65C77844->bbb4e265-cb6b-4caa-8b5d-65801261426c: receive RaftClientReply:client-0D2C65C77844->bbb4e265-cb6b-4caa-8b5d-65801261426c@group-218101269A2C, cid=19, FAILED org.apache.ratis.protocol.NotLeaderException: Server bbb4e265-cb6b-4caa-8b5d-65801261426c@group-218101269A2C is not the leader, logIndex=0, commits[bbb4e265-cb6b-4caa-8b5d-65801261426c:c-1]
2019-09-17 14:54:24,344 [Thread-387] INFO  impl.FollowerState (FollowerState.java:run(106)) - bbb4e265-cb6b-4caa-8b5d-65801261426c:group-218101269A2C changes to CANDIDATE, lastRpcTime:1162, electionTimeout:1153ms
2019-09-17 14:54:24,345 [Thread-387] INFO  impl.RoleInfo (RoleInfo.java:shutdownFollowerState(121)) - bbb4e265-cb6b-4caa-8b5d-65801261426c: shutdown FollowerState
2019-09-17 14:54:24,345 [Thread-387] INFO  impl.RaftServerImpl (RaftServerImpl.java:setRole(174)) - bbb4e265-cb6b-4caa-8b5d-65801261426c@group-218101269A2C: changes role from  FOLLOWER to CANDIDATE at term 1 for changeToCandidate
2019-09-17 14:54:24,345 [Thread-387] INFO  impl.RoleInfo (RoleInfo.java:updateAndGet(143)) - bbb4e265-cb6b-4caa-8b5d-65801261426c: start LeaderElection
2019-09-17 14:54:24,363 [Thread-394] INFO  impl.FollowerState (FollowerState.java:run(106)) - 9b5674b6-1da3-4a18-a3b1-2bf65c31b2e5:group-A10EF1BAEC68 changes to CANDIDATE, lastRpcTime:1046, electionTimeout:1019ms
2019-09-17 14:54:24,364 [Thread-394] INFO  impl.RoleInfo (RoleInfo.java:shutdownFollowerState(121)) - 9b5674b6-1da3-4a18-a3b1-2bf65c31b2e5: shutdown FollowerState
2019-09-17 14:54:24,364 [Thread-394] INFO  impl.RaftServerImpl (RaftServerImpl.java:setRole(174)) - 9b5674b6-1da3-4a18-a3b1-2bf65c31b2e5@group-A10EF1BAEC68: changes role from  FOLLOWER to CANDIDATE at term 1 for changeToCandidate
2019-09-17 14:54:24,364 [Thread-394] INFO  impl.RoleInfo (RoleInfo.java:updateAndGet(143)) - 9b5674b6-1da3-4a18-a3b1-2bf65c31b2e5: start LeaderElection
2019-09-17 14:54:24,366 [Thread-386] INFO  impl.FollowerState (FollowerState.java:run(106)) - 5824bb7b-23b5-4080-8c55-4e36ce35b3ee:group-218101269A2C changes to CANDIDATE, lastRpcTime:1186, electionTimeout:1180ms
2019-09-17 14:54:24,366 [Thread-386] INFO  impl.RoleInfo (RoleInfo.java:shutdownFollowerState(121)) - 5824bb7b-23b5-4080-8c55-4e36ce35b3ee: shutdown FollowerState
2019-09-17 14:54:24,366 [Thread-386] INFO  impl.RaftServerImpl (RaftServerImpl.java:setRole(174)) - 5824bb7b-23b5-4080-8c55-4e36ce35b3ee@group-218101269A2C: changes role from  FOLLOWER to CANDIDATE at term 1 for changeToCandidate
2019-09-17 14:54:24,366 [Thread-386] INFO  impl.RoleInfo (RoleInfo.java:updateAndGet(143)) - 5824bb7b-23b5-4080-8c55-4e36ce35b3ee: start LeaderElection
2019-09-17 14:54:24,372 [bbb4e265-cb6b-4caa-8b5d-65801261426c@group-218101269A2C:LeaderElection20] INFO  impl.LeaderElection (LeaderElection.java:askForVotes(182)) - bbb4e265-cb6b-4caa-8b5d-65801261426c@group-218101269A2C:LeaderElection20: begin an election at term 2 for -1: [bbb4e265-cb6b-4caa-8b5d-65801261426c:192.168.151.72:38991, 5824bb7b-23b5-4080-8c55-4e36ce35b3ee:192.168.151.72:44174, 24ee45b5-4e6b-4499-8d3c-0bcd5a303b6d:192.168.151.72:44891], old=null
2019-09-17 14:54:24,372 [5824bb7b-23b5-4080-8c55-4e36ce35b3ee@group-218101269A2C:LeaderElection22] INFO  impl.LeaderElection (LeaderElection.java:askForVotes(182)) - 5824bb7b-23b5-4080-8c55-4e36ce35b3ee@group-218101269A2C:LeaderElection22: begin an election at term 2 for -1: [bbb4e265-cb6b-4caa-8b5d-65801261426c:192.168.151.72:38991, 5824bb7b-23b5-4080-8c55-4e36ce35b3ee:192.168.151.72:44174, 24ee45b5-4e6b-4499-8d3c-0bcd5a303b6d:192.168.151.72:44891], old=null
2019-09-17 14:54:24,372 [9b5674b6-1da3-4a18-a3b1-2bf65c31b2e5@group-A10EF1BAEC68:LeaderElection21] INFO  impl.LeaderElection (LeaderElection.java:askForVotes(182)) - 9b5674b6-1da3-4a18-a3b1-2bf65c31b2e5@group-A10EF1BAEC68:LeaderElection21: begin an election at term 2 for -1: [87bd24bf-ffb9-4c07-ac8f-086f94142b7e:192.168.151.72:43501, 9b5674b6-1da3-4a18-a3b1-2bf65c31b2e5:192.168.151.72:42570, 55160a25-c10a-4fac-977f-ea88e555cd0f:192.168.151.72:33878], old=null
2019-09-17 14:54:24,388 [grpc-default-executor-5] INFO  impl.RaftServerImpl (RaftServerImpl.java:setRole(174)) - 24ee45b5-4e6b-4499-8d3c-0bcd5a303b6d@group-218101269A2C: changes role from  FOLLOWER to FOLLOWER at term 2 for recognizeCandidate:bbb4e265-cb6b-4caa-8b5d-65801261426c
2019-09-17 14:54:24,388 [grpc-default-executor-5] INFO  impl.RoleInfo (RoleInfo.java:shutdownFollowerState(121)) - 24ee45b5-4e6b-4499-8d3c-0bcd5a303b6d: shutdown FollowerState
2019-09-17 14:54:24,388 [grpc-default-executor-5] INFO  impl.RoleInfo (RoleInfo.java:updateAndGet(143)) - 24ee45b5-4e6b-4499-8d3c-0bcd5a303b6d: start FollowerState
2019-09-17 14:54:24,389 [Thread-396] INFO  impl.FollowerState (FollowerState.java:run(115)) - 24ee45b5-4e6b-4499-8d3c-0bcd5a303b6d: FollowerState was interrupted: java.lang.InterruptedException: sleep interrupted
2019-09-17 14:54:24,390 [grpc-default-executor-2] INFO  impl.RaftServerImpl (RaftServerImpl.java:setRole(174)) - 55160a25-c10a-4fac-977f-ea88e555cd0f@group-A10EF1BAEC68: changes role from  FOLLOWER to FOLLOWER at term 2 for recognizeCandidate:9b5674b6-1da3-4a18-a3b1-2bf65c31b2e5
2019-09-17 14:54:24,390 [grpc-default-executor-2] INFO  impl.RoleInfo (RoleInfo.java:shutdownFollowerState(121)) - 55160a25-c10a-4fac-977f-ea88e555cd0f: shutdown FollowerState
2019-09-17 14:54:24,390 [grpc-default-executor-3] INFO  impl.RaftServerImpl (RaftServerImpl.java:setRole(174)) - 87bd24bf-ffb9-4c07-ac8f-086f94142b7e@group-A10EF1BAEC68: changes role from  FOLLOWER to FOLLOWER at term 2 for recognizeCandidate:9b5674b6-1da3-4a18-a3b1-2bf65c31b2e5
2019-09-17 14:54:24,391 [Thread-395] INFO  impl.FollowerState (FollowerState.java:run(115)) - 55160a25-c10a-4fac-977f-ea88e555cd0f: FollowerState was interrupted: java.lang.InterruptedException: sleep interrupted
2019-09-17 14:54:24,390 [grpc-default-executor-2] INFO  impl.RoleInfo (RoleInfo.java:updateAndGet(143)) - 55160a25-c10a-4fac-977f-ea88e555cd0f: start FollowerState
2019-09-17 14:54:24,391 [grpc-default-executor-3] INFO  impl.RoleInfo (RoleInfo.java:shutdownFollowerState(121)) - 87bd24bf-ffb9-4c07-ac8f-086f94142b7e: shutdown FollowerState
2019-09-17 14:54:24,391 [grpc-default-executor-3] INFO  impl.RoleInfo (RoleInfo.java:updateAndGet(143)) - 87bd24bf-ffb9-4c07-ac8f-086f94142b7e: start FollowerState
2019-09-17 14:54:24,391 [Thread-398] INFO  impl.FollowerState (FollowerState.java:run(115)) - 87bd24bf-ffb9-4c07-ac8f-086f94142b7e: FollowerState was interrupted: java.lang.InterruptedException: sleep interrupted
2019-09-17 14:54:24,408 [bbb4e265-cb6b-4caa-8b5d-65801261426c@group-218101269A2C:LeaderElection20] INFO  impl.LeaderElection (LeaderElection.java:logAndReturn(56)) - bbb4e265-cb6b-4caa-8b5d-65801261426c@group-218101269A2C:LeaderElection20: Election PASSED; received 2 response(s) [bbb4e265-cb6b-4caa-8b5d-65801261426c<-5824bb7b-23b5-4080-8c55-4e36ce35b3ee#0:FAIL-t2, bbb4e265-cb6b-4caa-8b5d-65801261426c<-24ee45b5-4e6b-4499-8d3c-0bcd5a303b6d#0:OK-t2] and 0 exception(s); bbb4e265-cb6b-4caa-8b5d-65801261426c@group-218101269A2C:t2, leader=null, voted=bbb4e265-cb6b-4caa-8b5d-65801261426c, raftlog=bbb4e265-cb6b-4caa-8b5d-65801261426c@group-218101269A2C-SegmentedRaftLog:OPENED:c-1,f-1,i0, conf=-1: [bbb4e265-cb6b-4caa-8b5d-65801261426c:192.168.151.72:38991, 5824bb7b-23b5-4080-8c55-4e36ce35b3ee:192.168.151.72:44174, 24ee45b5-4e6b-4499-8d3c-0bcd5a303b6d:192.168.151.72:44891], old=null
2019-09-17 14:54:24,408 [bbb4e265-cb6b-4caa-8b5d-65801261426c@group-218101269A2C:LeaderElection20] INFO  impl.RoleInfo (RoleInfo.java:shutdownLeaderElection(134)) - bbb4e265-cb6b-4caa-8b5d-65801261426c: shutdown LeaderElection
2019-09-17 14:54:24,408 [9b5674b6-1da3-4a18-a3b1-2bf65c31b2e5@group-A10EF1BAEC68:LeaderElection21] INFO  impl.LeaderElection (LeaderElection.java:logAndReturn(56)) - 9b5674b6-1da3-4a18-a3b1-2bf65c31b2e5@group-A10EF1BAEC68:LeaderElection21: Election PASSED; received 1 response(s) [9b5674b6-1da3-4a18-a3b1-2bf65c31b2e5<-55160a25-c10a-4fac-977f-ea88e555cd0f#0:OK-t2] and 0 exception(s); 9b5674b6-1da3-4a18-a3b1-2bf65c31b2e5@group-A10EF1BAEC68:t2, leader=null, voted=9b5674b6-1da3-4a18-a3b1-2bf65c31b2e5, raftlog=9b5674b6-1da3-4a18-a3b1-2bf65c31b2e5@group-A10EF1BAEC68-SegmentedRaftLog:OPENED:c-1,f-1,i0, conf=-1: [87bd24bf-ffb9-4c07-ac8f-086f94142b7e:192.168.151.72:43501, 9b5674b6-1da3-4a18-a3b1-2bf65c31b2e5:192.168.151.72:42570, 55160a25-c10a-4fac-977f-ea88e555cd0f:192.168.151.72:33878], old=null
2019-09-17 14:54:24,412 [bbb4e265-cb6b-4caa-8b5d-65801261426c@group-218101269A2C:LeaderElection20] INFO  impl.RaftServerImpl (RaftServerImpl.java:setRole(174)) - bbb4e265-cb6b-4caa-8b5d-65801261426c@group-218101269A2C: changes role from CANDIDATE to LEADER at term 2 for changeToLeader
2019-09-17 14:54:24,412 [9b5674b6-1da3-4a18-a3b1-2bf65c31b2e5@group-A10EF1BAEC68:LeaderElection21] INFO  impl.RoleInfo (RoleInfo.java:shutdownLeaderElection(134)) - 9b5674b6-1da3-4a18-a3b1-2bf65c31b2e5: shutdown LeaderElection
2019-09-17 14:54:24,412 [bbb4e265-cb6b-4caa-8b5d-65801261426c@group-218101269A2C:LeaderElection20] INFO  impl.RaftServerImpl (ServerState.java:setLeader(253)) - bbb4e265-cb6b-4caa-8b5d-65801261426c@group-218101269A2C: change Leader from null to bbb4e265-cb6b-4caa-8b5d-65801261426c at term 2 for becomeLeader, leader elected after 2637ms
2019-09-17 14:54:24,416 [9b5674b6-1da3-4a18-a3b1-2bf65c31b2e5@group-A10EF1BAEC68:LeaderElection21] INFO  impl.RaftServerImpl (RaftServerImpl.java:setRole(174)) - 9b5674b6-1da3-4a18-a3b1-2bf65c31b2e5@group-A10EF1BAEC68: changes role from CANDIDATE to LEADER at term 2 for changeToLeader
2019-09-17 14:54:24,416 [bbb4e265-cb6b-4caa-8b5d-65801261426c@group-218101269A2C:LeaderElection20] INFO  server.RaftServerConfigKeys (ConfUtils.java:logGet(43)) - raft.server.staging.catchup.gap = 1000 (default)
2019-09-17 14:54:24,416 [9b5674b6-1da3-4a18-a3b1-2bf65c31b2e5@group-A10EF1BAEC68:LeaderElection21] INFO  impl.RaftServerImpl (ServerState.java:setLeader(253)) - 9b5674b6-1da3-4a18-a3b1-2bf65c31b2e5@group-A10EF1BAEC68: change Leader from null to 9b5674b6-1da3-4a18-a3b1-2bf65c31b2e5 at term 2 for becomeLeader, leader elected after 2480ms
2019-09-17 14:54:24,421 [9b5674b6-1da3-4a18-a3b1-2bf65c31b2e5@group-A10EF1BAEC68:LeaderElection21] INFO  server.RaftServerConfigKeys (ConfUtils.java:logGet(43)) - raft.server.staging.catchup.gap = 1000 (default)
2019-09-17 14:54:24,421 [9b5674b6-1da3-4a18-a3b1-2bf65c31b2e5@group-A10EF1BAEC68:LeaderElection21] INFO  server.RaftServerConfigKeys (ConfUtils.java:logGet(43)) - raft.server.rpc.sleep.time = 25ms (default)
2019-09-17 14:54:24,421 [5824bb7b-23b5-4080-8c55-4e36ce35b3ee@group-218101269A2C:LeaderElection22] INFO  impl.LeaderElection (LeaderElection.java:logAndReturn(56)) - 5824bb7b-23b5-4080-8c55-4e36ce35b3ee@group-218101269A2C:LeaderElection22: Election REJECTED; received 2 response(s) [5824bb7b-23b5-4080-8c55-4e36ce35b3ee<-bbb4e265-cb6b-4caa-8b5d-65801261426c#0:FAIL-t2, 5824bb7b-23b5-4080-8c55-4e36ce35b3ee<-24ee45b5-4e6b-4499-8d3c-0bcd5a303b6d#0:FAIL-t2] and 0 exception(s); 5824bb7b-23b5-4080-8c55-4e36ce35b3ee@group-218101269A2C:t2, leader=null, voted=5824bb7b-23b5-4080-8c55-4e36ce35b3ee, raftlog=5824bb7b-23b5-4080-8c55-4e36ce35b3ee@group-218101269A2C-SegmentedRaftLog:OPENED:c-1,f-1,i0, conf=-1: [bbb4e265-cb6b-4caa-8b5d-65801261426c:192.168.151.72:38991, 5824bb7b-23b5-4080-8c55-4e36ce35b3ee:192.168.151.72:44174, 24ee45b5-4e6b-4499-8d3c-0bcd5a303b6d:192.168.151.72:44891], old=null
2019-09-17 14:54:24,421 [9b5674b6-1da3-4a18-a3b1-2bf65c31b2e5@group-A10EF1BAEC68:LeaderElection21] INFO  server.RaftServerConfigKeys (ConfUtils.java:logGet(43)) - raft.server.write.element-limit = 4096 (default)
2019-09-17 14:54:24,416 [bbb4e265-cb6b-4caa-8b5d-65801261426c@group-218101269A2C:LeaderElection20] INFO  server.RaftServerConfigKeys (ConfUtils.java:logGet(43)) - raft.server.rpc.sleep.time = 25ms (default)
2019-09-17 14:54:24,422 [9b5674b6-1da3-4a18-a3b1-2bf65c31b2e5@group-A10EF1BAEC68:LeaderElection21] INFO  server.RaftServerConfigKeys (ConfUtils.java:logGet(43)) - raft.server.watch.timeout = 10s (default)
2019-09-17 14:54:24,422 [5824bb7b-23b5-4080-8c55-4e36ce35b3ee@group-218101269A2C:LeaderElection22] INFO  impl.RaftServerImpl (RaftServerImpl.java:setRole(174)) - 5824bb7b-23b5-4080-8c55-4e36ce35b3ee@group-218101269A2C: changes role from CANDIDATE to FOLLOWER at term 2 for DISCOVERED_A_NEW_TERM
2019-09-17 14:54:24,426 [9b5674b6-1da3-4a18-a3b1-2bf65c31b2e5@group-A10EF1BAEC68:LeaderElection21] INFO  server.RaftServerConfigKeys (ConfUtils.java:logGet(43)) - raft.server.watch.timeout.denomination = 1s (default)
2019-09-17 14:54:24,425 [bbb4e265-cb6b-4caa-8b5d-65801261426c@group-218101269A2C:LeaderElection20] INFO  server.RaftServerConfigKeys (ConfUtils.java:logGet(43)) - raft.server.write.element-limit = 4096 (default)
2019-09-17 14:54:24,426 [9b5674b6-1da3-4a18-a3b1-2bf65c31b2e5@group-A10EF1BAEC68:LeaderElection21] INFO  server.RaftServerConfigKeys (ConfUtils.java:logGet(43)) - raft.server.watch.element-limit = 65536 (default)
2019-09-17 14:54:24,426 [5824bb7b-23b5-4080-8c55-4e36ce35b3ee@group-218101269A2C:LeaderElection22] INFO  impl.RoleInfo (RoleInfo.java:shutdownLeaderElection(134)) - 5824bb7b-23b5-4080-8c55-4e36ce35b3ee: shutdown LeaderElection
2019-09-17 14:54:24,426 [bbb4e265-cb6b-4caa-8b5d-65801261426c@group-218101269A2C:LeaderElection20] INFO  server.RaftServerConfigKeys (ConfUtils.java:logGet(43)) - raft.server.watch.timeout = 10s (default)
2019-09-17 14:54:24,426 [5824bb7b-23b5-4080-8c55-4e36ce35b3ee@group-218101269A2C:LeaderElection22] INFO  impl.RoleInfo (RoleInfo.java:updateAndGet(143)) - 5824bb7b-23b5-4080-8c55-4e36ce35b3ee: start FollowerState
2019-09-17 14:54:24,427 [bbb4e265-cb6b-4caa-8b5d-65801261426c@group-218101269A2C:LeaderElection20] INFO  server.RaftServerConfigKeys (ConfUtils.java:logGet(43)) - raft.server.watch.timeout.denomination = 1s (default)
2019-09-17 14:54:24,427 [bbb4e265-cb6b-4caa-8b5d-65801261426c@group-218101269A2C:LeaderElection20] INFO  server.RaftServerConfigKeys (ConfUtils.java:logGet(43)) - raft.server.watch.element-limit = 65536 (default)
2019-09-17 14:54:24,436 [bbb4e265-cb6b-4caa-8b5d-65801261426c@group-218101269A2C:LeaderElection20] INFO  server.RaftServerConfigKeys (ConfUtils.java:logGet(43)) - raft.server.log.appender.snapshot.chunk.size.max = 16MB (=16777216) (default)
2019-09-17 14:54:24,436 [9b5674b6-1da3-4a18-a3b1-2bf65c31b2e5@group-A10EF1BAEC68:LeaderElection21] INFO  server.RaftServerConfigKeys (ConfUtils.java:logGet(43)) - raft.server.log.appender.snapshot.chunk.size.max = 16MB (=16777216) (default)
2019-09-17 14:54:24,436 [bbb4e265-cb6b-4caa-8b5d-65801261426c@group-218101269A2C:LeaderElection20] INFO  server.RaftServerConfigKeys (ConfUtils.java:logGet(43)) - raft.server.log.appender.buffer.byte-limit = 33554432 (custom)
2019-09-17 14:54:24,436 [9b5674b6-1da3-4a18-a3b1-2bf65c31b2e5@group-A10EF1BAEC68:LeaderElection21] INFO  server.RaftServerConfigKeys (ConfUtils.java:logGet(43)) - raft.server.log.appender.buffer.byte-limit = 33554432 (custom)
2019-09-17 14:54:24,437 [bbb4e265-cb6b-4caa-8b5d-65801261426c@group-218101269A2C:LeaderElection20] INFO  server.RaftServerConfigKeys (ConfUtils.java:logGet(43)) - raft.server.log.appender.buffer.element-limit = 1 (custom)
2019-09-17 14:54:24,437 [9b5674b6-1da3-4a18-a3b1-2bf65c31b2e5@group-A10EF1BAEC68:LeaderElection21] INFO  server.RaftServerConfigKeys (ConfUtils.java:logGet(43)) - raft.server.log.appender.buffer.element-limit = 1 (custom)
2019-09-17 14:54:24,441 [9b5674b6-1da3-4a18-a3b1-2bf65c31b2e5@group-A10EF1BAEC68:LeaderElection21] INFO  grpc.GrpcConfigKeys$Server (ConfUtils.java:logGet(43)) - raft.grpc.server.leader.outstanding.appends.max = 128 (default)
2019-09-17 14:54:24,441 [bbb4e265-cb6b-4caa-8b5d-65801261426c@group-218101269A2C:LeaderElection20] INFO  grpc.GrpcConfigKeys$Server (ConfUtils.java:logGet(43)) - raft.grpc.server.leader.outstanding.appends.max = 128 (default)
2019-09-17 14:54:24,452 [9b5674b6-1da3-4a18-a3b1-2bf65c31b2e5@group-A10EF1BAEC68:LeaderElection21] INFO  server.RaftServerConfigKeys (ConfUtils.java:logGet(43)) - raft.server.rpc.request.timeout = 3000ms (default)
2019-09-17 14:54:24,452 [bbb4e265-cb6b-4caa-8b5d-65801261426c@group-218101269A2C:LeaderElection20] INFO  server.RaftServerConfigKeys (ConfUtils.java:logGet(43)) - raft.server.rpc.request.timeout = 3000ms (default)
2019-09-17 14:54:24,453 [9b5674b6-1da3-4a18-a3b1-2bf65c31b2e5@group-A10EF1BAEC68:LeaderElection21] INFO  server.RaftServerConfigKeys (ConfUtils.java:logGet(43)) - raft.server.log.appender.install.snapshot.enabled = false (custom)
2019-09-17 14:54:24,453 [bbb4e265-cb6b-4caa-8b5d-65801261426c@group-218101269A2C:LeaderElection20] INFO  server.RaftServerConfigKeys (ConfUtils.java:logGet(43)) - raft.server.log.appender.install.snapshot.enabled = false (custom)
2019-09-17 14:54:24,454 [9b5674b6-1da3-4a18-a3b1-2bf65c31b2e5@group-A10EF1BAEC68:LeaderElection21] INFO  server.RaftServerConfigKeys (ConfUtils.java:logGet(43)) - raft.server.log.appender.snapshot.chunk.size.max = 16MB (=16777216) (default)
2019-09-17 14:54:24,454 [bbb4e265-cb6b-4caa-8b5d-65801261426c@group-218101269A2C:LeaderElection20] INFO  server.RaftServerConfigKeys (ConfUtils.java:logGet(43)) - raft.server.log.appender.snapshot.chunk.size.max = 16MB (=16777216) (default)
2019-09-17 14:54:24,454 [9b5674b6-1da3-4a18-a3b1-2bf65c31b2e5@group-A10EF1BAEC68:LeaderElection21] INFO  server.RaftServerConfigKeys (ConfUtils.java:logGet(43)) - raft.server.log.appender.buffer.byte-limit = 33554432 (custom)
2019-09-17 14:54:24,454 [bbb4e265-cb6b-4caa-8b5d-65801261426c@group-218101269A2C:LeaderElection20] INFO  server.RaftServerConfigKeys (ConfUtils.java:logGet(43)) - raft.server.log.appender.buffer.byte-limit = 33554432 (custom)
2019-09-17 14:54:24,455 [9b5674b6-1da3-4a18-a3b1-2bf65c31b2e5@group-A10EF1BAEC68:LeaderElection21] INFO  server.RaftServerConfigKeys (ConfUtils.java:logGet(43)) - raft.server.log.appender.buffer.element-limit = 1 (custom)
2019-09-17 14:54:24,455 [bbb4e265-cb6b-4caa-8b5d-65801261426c@group-218101269A2C:LeaderElection20] INFO  server.RaftServerConfigKeys (ConfUtils.java:logGet(43)) - raft.server.log.appender.buffer.element-limit = 1 (custom)
2019-09-17 14:54:24,455 [9b5674b6-1da3-4a18-a3b1-2bf65c31b2e5@group-A10EF1BAEC68:LeaderElection21] INFO  grpc.GrpcConfigKeys$Server (ConfUtils.java:logGet(43)) - raft.grpc.server.leader.outstanding.appends.max = 128 (default)
2019-09-17 14:54:24,455 [bbb4e265-cb6b-4caa-8b5d-65801261426c@group-218101269A2C:LeaderElection20] INFO  grpc.GrpcConfigKeys$Server (ConfUtils.java:logGet(43)) - raft.grpc.server.leader.outstanding.appends.max = 128 (default)
2019-09-17 14:54:24,455 [9b5674b6-1da3-4a18-a3b1-2bf65c31b2e5@group-A10EF1BAEC68:LeaderElection21] INFO  server.RaftServerConfigKeys (ConfUtils.java:logGet(43)) - raft.server.rpc.request.timeout = 3000ms (default)
2019-09-17 14:54:24,456 [bbb4e265-cb6b-4caa-8b5d-65801261426c@group-218101269A2C:LeaderElection20] INFO  server.RaftServerConfigKeys (ConfUtils.java:logGet(43)) - raft.server.rpc.request.timeout = 3000ms (default)
2019-09-17 14:54:24,456 [9b5674b6-1da3-4a18-a3b1-2bf65c31b2e5@group-A10EF1BAEC68:LeaderElection21] INFO  server.RaftServerConfigKeys (ConfUtils.java:logGet(43)) - raft.server.log.appender.install.snapshot.enabled = false (custom)
2019-09-17 14:54:24,456 [bbb4e265-cb6b-4caa-8b5d-65801261426c@group-218101269A2C:LeaderElection20] INFO  server.RaftServerConfigKeys (ConfUtils.java:logGet(43)) - raft.server.log.appender.install.snapshot.enabled = false (custom)
2019-09-17 14:54:24,458 [9b5674b6-1da3-4a18-a3b1-2bf65c31b2e5@group-A10EF1BAEC68:LeaderElection21] INFO  impl.RoleInfo (RoleInfo.java:updateAndGet(143)) - 9b5674b6-1da3-4a18-a3b1-2bf65c31b2e5: start LeaderState
2019-09-17 14:54:24,458 [bbb4e265-cb6b-4caa-8b5d-65801261426c@group-218101269A2C:LeaderElection20] INFO  impl.RoleInfo (RoleInfo.java:updateAndGet(143)) - bbb4e265-cb6b-4caa-8b5d-65801261426c: start LeaderState
2019-09-17 14:54:24,458 [9b5674b6-1da3-4a18-a3b1-2bf65c31b2e5@group-A10EF1BAEC68:LeaderElection21] INFO  segmented.SegmentedRaftLogWorker (SegmentedRaftLogWorker.java:startLogSegment(380)) - 9b5674b6-1da3-4a18-a3b1-2bf65c31b2e5@group-A10EF1BAEC68-SegmentedRaftLogWorker: Starting segment from index:0
2019-09-17 14:54:24,458 [bbb4e265-cb6b-4caa-8b5d-65801261426c@group-218101269A2C:LeaderElection20] INFO  segmented.SegmentedRaftLogWorker (SegmentedRaftLogWorker.java:startLogSegment(380)) - bbb4e265-cb6b-4caa-8b5d-65801261426c@group-218101269A2C-SegmentedRaftLogWorker: Starting segment from index:0
2019-09-17 14:54:24,460 [9b5674b6-1da3-4a18-a3b1-2bf65c31b2e5@group-A10EF1BAEC68:LeaderElection21] INFO  impl.RaftServerImpl (ServerState.java:setRaftConf(354)) - 9b5674b6-1da3-4a18-a3b1-2bf65c31b2e5@group-A10EF1BAEC68: set configuration 0: [87bd24bf-ffb9-4c07-ac8f-086f94142b7e:192.168.151.72:43501, 9b5674b6-1da3-4a18-a3b1-2bf65c31b2e5:192.168.151.72:42570, 55160a25-c10a-4fac-977f-ea88e555cd0f:192.168.151.72:33878], old=null at 0
2019-09-17 14:54:24,497 [bbb4e265-cb6b-4caa-8b5d-65801261426c@group-218101269A2C:LeaderElection20] INFO  impl.RaftServerImpl (ServerState.java:setRaftConf(354)) - bbb4e265-cb6b-4caa-8b5d-65801261426c@group-218101269A2C: set configuration 0: [bbb4e265-cb6b-4caa-8b5d-65801261426c:192.168.151.72:38991, 5824bb7b-23b5-4080-8c55-4e36ce35b3ee:192.168.151.72:44174, 24ee45b5-4e6b-4499-8d3c-0bcd5a303b6d:192.168.151.72:44891], old=null at 0
2019-09-17 14:54:24,511 [9b5674b6-1da3-4a18-a3b1-2bf65c31b2e5@group-A10EF1BAEC68-SegmentedRaftLogWorker] INFO  segmented.SegmentedRaftLogWorker (SegmentedRaftLogWorker.java:execute(569)) - 9b5674b6-1da3-4a18-a3b1-2bf65c31b2e5@group-A10EF1BAEC68-SegmentedRaftLogWorker: created new log segment /workdir/hadoop-ozone/integration-test/target/test-dir/MiniOzoneClusterImpl-845ee491-3861-4700-afca-e6762de221c3/datanode-5/data/ratis/a9c0be52-3882-478e-9292-a10ef1baec68/current/log_inprogress_0
2019-09-17 14:54:24,511 [bbb4e265-cb6b-4caa-8b5d-65801261426c@group-218101269A2C-SegmentedRaftLogWorker] INFO  segmented.SegmentedRaftLogWorker (SegmentedRaftLogWorker.java:execute(569)) - bbb4e265-cb6b-4caa-8b5d-65801261426c@group-218101269A2C-SegmentedRaftLogWorker: created new log segment /workdir/hadoop-ozone/integration-test/target/test-dir/MiniOzoneClusterImpl-845ee491-3861-4700-afca-e6762de221c3/datanode-9/data/ratis/4f8d5d5a-f561-4b2a-a81e-218101269a2c/current/log_inprogress_0
2019-09-17 14:54:24,531 [grpc-default-executor-5] INFO  impl.RaftServerImpl (ServerState.java:setLeader(253)) - 5824bb7b-23b5-4080-8c55-4e36ce35b3ee@group-218101269A2C: change Leader from null to bbb4e265-cb6b-4caa-8b5d-65801261426c at term 2 for appendEntries, leader elected after 2758ms
2019-09-17 14:54:24,531 [grpc-default-executor-1] INFO  impl.RaftServerImpl (ServerState.java:setLeader(253)) - 87bd24bf-ffb9-4c07-ac8f-086f94142b7e@group-A10EF1BAEC68: change Leader from null to 9b5674b6-1da3-4a18-a3b1-2bf65c31b2e5 at term 2 for appendEntries, leader elected after 2595ms
2019-09-17 14:54:24,531 [grpc-default-executor-3] INFO  impl.RaftServerImpl (ServerState.java:setLeader(253)) - 55160a25-c10a-4fac-977f-ea88e555cd0f@group-A10EF1BAEC68: change Leader from null to 9b5674b6-1da3-4a18-a3b1-2bf65c31b2e5 at term 2 for appendEntries, leader elected after 2595ms
2019-09-17 14:54:24,531 [grpc-default-executor-2] INFO  impl.RaftServerImpl (ServerState.java:setLeader(253)) - 24ee45b5-4e6b-4499-8d3c-0bcd5a303b6d@group-218101269A2C: change Leader from null to bbb4e265-cb6b-4caa-8b5d-65801261426c at term 2 for appendEntries, leader elected after 2756ms
2019-09-17 14:54:24,554 [Thread-400] INFO  impl.FollowerState (FollowerState.java:run(106)) - 64dc86e1-b58a-47fa-9209-c80a04613504:group-85515DBFC7EF changes to CANDIDATE, lastRpcTime:1014, electionTimeout:1012ms
2019-09-17 14:54:24,554 [Thread-400] INFO  impl.RoleInfo (RoleInfo.java:shutdownFollowerState(121)) - 64dc86e1-b58a-47fa-9209-c80a04613504: shutdown FollowerState
2019-09-17 14:54:24,554 [Thread-400] INFO  impl.RaftServerImpl (RaftServerImpl.java:setRole(174)) - 64dc86e1-b58a-47fa-9209-c80a04613504@group-85515DBFC7EF: changes role from  FOLLOWER to CANDIDATE at term 1 for changeToCandidate
2019-09-17 14:54:24,555 [Thread-400] INFO  impl.RoleInfo (RoleInfo.java:updateAndGet(143)) - 64dc86e1-b58a-47fa-9209-c80a04613504: start LeaderElection
2019-09-17 14:54:24,574 [64dc86e1-b58a-47fa-9209-c80a04613504@group-85515DBFC7EF:LeaderElection23] INFO  impl.LeaderElection (LeaderElection.java:askForVotes(182)) - 64dc86e1-b58a-47fa-9209-c80a04613504@group-85515DBFC7EF:LeaderElection23: begin an election at term 2 for -1: [296d1e6a-4d03-4625-a926-8603881e9a06:192.168.151.72:33407, 0d659ca8-8d3f-4ad5-ad2a-cdb4ab88523b:192.168.151.72:38283, 64dc86e1-b58a-47fa-9209-c80a04613504:192.168.151.72:41434], old=null
2019-09-17 14:54:24,578 [grpc-default-executor-5] INFO  impl.RaftServerImpl (RaftServerImpl.java:setRole(174)) - 296d1e6a-4d03-4625-a926-8603881e9a06@group-85515DBFC7EF: changes role from  FOLLOWER to FOLLOWER at term 2 for recognizeCandidate:64dc86e1-b58a-47fa-9209-c80a04613504
2019-09-17 14:54:24,578 [grpc-default-executor-1] INFO  impl.RaftServerImpl (RaftServerImpl.java:setRole(174)) - 0d659ca8-8d3f-4ad5-ad2a-cdb4ab88523b@group-85515DBFC7EF: changes role from  FOLLOWER to FOLLOWER at term 2 for recognizeCandidate:64dc86e1-b58a-47fa-9209-c80a04613504
2019-09-17 14:54:24,579 [grpc-default-executor-5] INFO  impl.RoleInfo (RoleInfo.java:shutdownFollowerState(121)) - 296d1e6a-4d03-4625-a926-8603881e9a06: shutdown FollowerState
2019-09-17 14:54:24,579 [grpc-default-executor-1] INFO  impl.RoleInfo (RoleInfo.java:shutdownFollowerState(121)) - 0d659ca8-8d3f-4ad5-ad2a-cdb4ab88523b: shutdown FollowerState
2019-09-17 14:54:24,579 [Thread-397] INFO  impl.FollowerState (FollowerState.java:run(115)) - 296d1e6a-4d03-4625-a926-8603881e9a06: FollowerState was interrupted: java.lang.InterruptedException: sleep interrupted
2019-09-17 14:54:24,579 [grpc-default-executor-5] INFO  impl.RoleInfo (RoleInfo.java:updateAndGet(143)) - 296d1e6a-4d03-4625-a926-8603881e9a06: start FollowerState
2019-09-17 14:54:24,579 [grpc-default-executor-1] INFO  impl.RoleInfo (RoleInfo.java:updateAndGet(143)) - 0d659ca8-8d3f-4ad5-ad2a-cdb4ab88523b: start FollowerState
2019-09-17 14:54:24,579 [Thread-399] INFO  impl.FollowerState (FollowerState.java:run(115)) - 0d659ca8-8d3f-4ad5-ad2a-cdb4ab88523b: FollowerState was interrupted: java.lang.InterruptedException: sleep interrupted
2019-09-17 14:54:24,582 [grpc-default-executor-3] INFO  impl.RaftServerImpl (ServerState.java:setRaftConf(354)) - 55160a25-c10a-4fac-977f-ea88e555cd0f@group-A10EF1BAEC68: set configuration 0: [87bd24bf-ffb9-4c07-ac8f-086f94142b7e:192.168.151.72:43501, 9b5674b6-1da3-4a18-a3b1-2bf65c31b2e5:192.168.151.72:42570, 55160a25-c10a-4fac-977f-ea88e555cd0f:192.168.151.72:33878], old=null at 0
2019-09-17 14:54:24,582 [grpc-default-executor-2] INFO  impl.RaftServerImpl (ServerState.java:setRaftConf(354)) - 87bd24bf-ffb9-4c07-ac8f-086f94142b7e@group-A10EF1BAEC68: set configuration 0: [87bd24bf-ffb9-4c07-ac8f-086f94142b7e:192.168.151.72:43501, 9b5674b6-1da3-4a18-a3b1-2bf65c31b2e5:192.168.151.72:42570, 55160a25-c10a-4fac-977f-ea88e555cd0f:192.168.151.72:33878], old=null at 0
2019-09-17 14:54:24,582 [grpc-default-executor-4] INFO  impl.RaftServerImpl (ServerState.java:setRaftConf(354)) - 24ee45b5-4e6b-4499-8d3c-0bcd5a303b6d@group-218101269A2C: set configuration 0: [bbb4e265-cb6b-4caa-8b5d-65801261426c:192.168.151.72:38991, 5824bb7b-23b5-4080-8c55-4e36ce35b3ee:192.168.151.72:44174, 24ee45b5-4e6b-4499-8d3c-0bcd5a303b6d:192.168.151.72:44891], old=null at 0
2019-09-17 14:54:24,583 [grpc-default-executor-2] INFO  segmented.SegmentedRaftLogWorker (SegmentedRaftLogWorker.java:startLogSegment(380)) - 87bd24bf-ffb9-4c07-ac8f-086f94142b7e@group-A10EF1BAEC68-SegmentedRaftLogWorker: Starting segment from index:0
2019-09-17 14:54:24,583 [grpc-default-executor-3] INFO  segmented.SegmentedRaftLogWorker (SegmentedRaftLogWorker.java:startLogSegment(380)) - 55160a25-c10a-4fac-977f-ea88e555cd0f@group-A10EF1BAEC68-SegmentedRaftLogWorker: Starting segment from index:0
2019-09-17 14:54:24,582 [grpc-default-executor-0] INFO  impl.RaftServerImpl (ServerState.java:setRaftConf(354)) - 5824bb7b-23b5-4080-8c55-4e36ce35b3ee@group-218101269A2C: set configuration 0: [bbb4e265-cb6b-4caa-8b5d-65801261426c:192.168.151.72:38991, 5824bb7b-23b5-4080-8c55-4e36ce35b3ee:192.168.151.72:44174, 24ee45b5-4e6b-4499-8d3c-0bcd5a303b6d:192.168.151.72:44891], old=null at 0
2019-09-17 14:54:24,583 [grpc-default-executor-4] INFO  segmented.SegmentedRaftLogWorker (SegmentedRaftLogWorker.java:startLogSegment(380)) - 24ee45b5-4e6b-4499-8d3c-0bcd5a303b6d@group-218101269A2C-SegmentedRaftLogWorker: Starting segment from index:0
2019-09-17 14:54:24,584 [grpc-default-executor-0] INFO  segmented.SegmentedRaftLogWorker (SegmentedRaftLogWorker.java:startLogSegment(380)) - 5824bb7b-23b5-4080-8c55-4e36ce35b3ee@group-218101269A2C-SegmentedRaftLogWorker: Starting segment from index:0
2019-09-17 14:54:24,586 [64dc86e1-b58a-47fa-9209-c80a04613504@group-85515DBFC7EF:LeaderElection23] INFO  impl.LeaderElection (LeaderElection.java:logAndReturn(56)) - 64dc86e1-b58a-47fa-9209-c80a04613504@group-85515DBFC7EF:LeaderElection23: Election PASSED; received 1 response(s) [64dc86e1-b58a-47fa-9209-c80a04613504<-0d659ca8-8d3f-4ad5-ad2a-cdb4ab88523b#0:OK-t2] and 0 exception(s); 64dc86e1-b58a-47fa-9209-c80a04613504@group-85515DBFC7EF:t2, leader=null, voted=64dc86e1-b58a-47fa-9209-c80a04613504, raftlog=64dc86e1-b58a-47fa-9209-c80a04613504@group-85515DBFC7EF-SegmentedRaftLog:OPENED:c-1,f-1,i0, conf=-1: [296d1e6a-4d03-4625-a926-8603881e9a06:192.168.151.72:33407, 0d659ca8-8d3f-4ad5-ad2a-cdb4ab88523b:192.168.151.72:38283, 64dc86e1-b58a-47fa-9209-c80a04613504:192.168.151.72:41434], old=null
2019-09-17 14:54:24,586 [64dc86e1-b58a-47fa-9209-c80a04613504@group-85515DBFC7EF:LeaderElection23] INFO  impl.RoleInfo (RoleInfo.java:shutdownLeaderElection(134)) - 64dc86e1-b58a-47fa-9209-c80a04613504: shutdown LeaderElection
2019-09-17 14:54:24,620 [64dc86e1-b58a-47fa-9209-c80a04613504@group-85515DBFC7EF:LeaderElection23] INFO  impl.RaftServerImpl (RaftServerImpl.java:setRole(174)) - 64dc86e1-b58a-47fa-9209-c80a04613504@group-85515DBFC7EF: changes role from CANDIDATE to LEADER at term 2 for changeToLeader
2019-09-17 14:54:24,624 [64dc86e1-b58a-47fa-9209-c80a04613504@group-85515DBFC7EF:LeaderElection23] INFO  impl.RaftServerImpl (ServerState.java:setLeader(253)) - 64dc86e1-b58a-47fa-9209-c80a04613504@group-85515DBFC7EF: change Leader from null to 64dc86e1-b58a-47fa-9209-c80a04613504 at term 2 for becomeLeader, leader elected after 2574ms
2019-09-17 14:54:24,624 [64dc86e1-b58a-47fa-9209-c80a04613504@group-85515DBFC7EF:LeaderElection23] INFO  server.RaftServerConfigKeys (ConfUtils.java:logGet(43)) - raft.server.staging.catchup.gap = 1000 (default)
2019-09-17 14:54:24,625 [64dc86e1-b58a-47fa-9209-c80a04613504@group-85515DBFC7EF:LeaderElection23] INFO  server.RaftServerConfigKeys (ConfUtils.java:logGet(43)) - raft.server.rpc.sleep.time = 25ms (default)
2019-09-17 14:54:24,625 [64dc86e1-b58a-47fa-9209-c80a04613504@group-85515DBFC7EF:LeaderElection23] INFO  server.RaftServerConfigKeys (ConfUtils.java:logGet(43)) - raft.server.write.element-limit = 4096 (default)
2019-09-17 14:54:24,625 [64dc86e1-b58a-47fa-9209-c80a04613504@group-85515DBFC7EF:LeaderElection23] INFO  server.RaftServerConfigKeys (ConfUtils.java:logGet(43)) - raft.server.watch.timeout = 10s (default)
2019-09-17 14:54:24,625 [64dc86e1-b58a-47fa-9209-c80a04613504@group-85515DBFC7EF:LeaderElection23] INFO  server.RaftServerConfigKeys (ConfUtils.java:logGet(43)) - raft.server.watch.timeout.denomination = 1s (default)
2019-09-17 14:54:24,626 [64dc86e1-b58a-47fa-9209-c80a04613504@group-85515DBFC7EF:LeaderElection23] INFO  server.RaftServerConfigKeys (ConfUtils.java:logGet(43)) - raft.server.watch.element-limit = 65536 (default)
2019-09-17 14:54:24,630 [64dc86e1-b58a-47fa-9209-c80a04613504@group-85515DBFC7EF:LeaderElection23] INFO  server.RaftServerConfigKeys (ConfUtils.java:logGet(43)) - raft.server.log.appender.snapshot.chunk.size.max = 16MB (=16777216) (default)
2019-09-17 14:54:24,631 [64dc86e1-b58a-47fa-9209-c80a04613504@group-85515DBFC7EF:LeaderElection23] INFO  server.RaftServerConfigKeys (ConfUtils.java:logGet(43)) - raft.server.log.appender.buffer.byte-limit = 33554432 (custom)
2019-09-17 14:54:24,631 [64dc86e1-b58a-47fa-9209-c80a04613504@group-85515DBFC7EF:LeaderElection23] INFO  server.RaftServerConfigKeys (ConfUtils.java:logGet(43)) - raft.server.log.appender.buffer.element-limit = 1 (custom)
2019-09-17 14:54:24,631 [64dc86e1-b58a-47fa-9209-c80a04613504@group-85515DBFC7EF:LeaderElection23] INFO  grpc.GrpcConfigKeys$Server (ConfUtils.java:logGet(43)) - raft.grpc.server.leader.outstanding.appends.max = 128 (default)
2019-09-17 14:54:24,631 [55160a25-c10a-4fac-977f-ea88e555cd0f@group-A10EF1BAEC68-SegmentedRaftLogWorker] INFO  segmented.SegmentedRaftLogWorker (SegmentedRaftLogWorker.java:execute(569)) - 55160a25-c10a-4fac-977f-ea88e555cd0f@group-A10EF1BAEC68-SegmentedRaftLogWorker: created new log segment /workdir/hadoop-ozone/integration-test/target/test-dir/MiniOzoneClusterImpl-845ee491-3861-4700-afca-e6762de221c3/datanode-1/data/ratis/a9c0be52-3882-478e-9292-a10ef1baec68/current/log_inprogress_0
2019-09-17 14:54:24,631 [24ee45b5-4e6b-4499-8d3c-0bcd5a303b6d@group-218101269A2C-SegmentedRaftLogWorker] INFO  segmented.SegmentedRaftLogWorker (SegmentedRaftLogWorker.java:execute(569)) - 24ee45b5-4e6b-4499-8d3c-0bcd5a303b6d@group-218101269A2C-SegmentedRaftLogWorker: created new log segment /workdir/hadoop-ozone/integration-test/target/test-dir/MiniOzoneClusterImpl-845ee491-3861-4700-afca-e6762de221c3/datanode-3/data/ratis/4f8d5d5a-f561-4b2a-a81e-218101269a2c/current/log_inprogress_0
2019-09-17 14:54:24,631 [87bd24bf-ffb9-4c07-ac8f-086f94142b7e@group-A10EF1BAEC68-SegmentedRaftLogWorker] INFO  segmented.SegmentedRaftLogWorker (SegmentedRaftLogWorker.java:execute(569)) - 87bd24bf-ffb9-4c07-ac8f-086f94142b7e@group-A10EF1BAEC68-SegmentedRaftLogWorker: created new log segment /workdir/hadoop-ozone/integration-test/target/test-dir/MiniOzoneClusterImpl-845ee491-3861-4700-afca-e6762de221c3/datanode-0/data/ratis/a9c0be52-3882-478e-9292-a10ef1baec68/current/log_inprogress_0
2019-09-17 14:54:24,631 [5824bb7b-23b5-4080-8c55-4e36ce35b3ee@group-218101269A2C-SegmentedRaftLogWorker] INFO  segmented.SegmentedRaftLogWorker (SegmentedRaftLogWorker.java:execute(569)) - 5824bb7b-23b5-4080-8c55-4e36ce35b3ee@group-218101269A2C-SegmentedRaftLogWorker: created new log segment /workdir/hadoop-ozone/integration-test/target/test-dir/MiniOzoneClusterImpl-845ee491-3861-4700-afca-e6762de221c3/datanode-7/data/ratis/4f8d5d5a-f561-4b2a-a81e-218101269a2c/current/log_inprogress_0
2019-09-17 14:54:24,634 [64dc86e1-b58a-47fa-9209-c80a04613504@group-85515DBFC7EF:LeaderElection23] INFO  server.RaftServerConfigKeys (ConfUtils.java:logGet(43)) - raft.server.rpc.request.timeout = 3000ms (default)
2019-09-17 14:54:24,635 [64dc86e1-b58a-47fa-9209-c80a04613504@group-85515DBFC7EF:LeaderElection23] INFO  server.RaftServerConfigKeys (ConfUtils.java:logGet(43)) - raft.server.log.appender.install.snapshot.enabled = false (custom)
2019-09-17 14:54:24,635 [64dc86e1-b58a-47fa-9209-c80a04613504@group-85515DBFC7EF:LeaderElection23] INFO  server.RaftServerConfigKeys (ConfUtils.java:logGet(43)) - raft.server.log.appender.snapshot.chunk.size.max = 16MB (=16777216) (default)
2019-09-17 14:54:24,635 [64dc86e1-b58a-47fa-9209-c80a04613504@group-85515DBFC7EF:LeaderElection23] INFO  server.RaftServerConfigKeys (ConfUtils.java:logGet(43)) - raft.server.log.appender.buffer.byte-limit = 33554432 (custom)
2019-09-17 14:54:24,636 [64dc86e1-b58a-47fa-9209-c80a04613504@group-85515DBFC7EF:LeaderElection23] INFO  server.RaftServerConfigKeys (ConfUtils.java:logGet(43)) - raft.server.log.appender.buffer.element-limit = 1 (custom)
2019-09-17 14:54:24,636 [64dc86e1-b58a-47fa-9209-c80a04613504@group-85515DBFC7EF:LeaderElection23] INFO  grpc.GrpcConfigKeys$Server (ConfUtils.java:logGet(43)) - raft.grpc.server.leader.outstanding.appends.max = 128 (default)
2019-09-17 14:54:24,636 [64dc86e1-b58a-47fa-9209-c80a04613504@group-85515DBFC7EF:LeaderElection23] INFO  server.RaftServerConfigKeys (ConfUtils.java:logGet(43)) - raft.server.rpc.request.timeout = 3000ms (default)
2019-09-17 14:54:24,636 [64dc86e1-b58a-47fa-9209-c80a04613504@group-85515DBFC7EF:LeaderElection23] INFO  server.RaftServerConfigKeys (ConfUtils.java:logGet(43)) - raft.server.log.appender.install.snapshot.enabled = false (custom)
2019-09-17 14:54:24,636 [64dc86e1-b58a-47fa-9209-c80a04613504@group-85515DBFC7EF:LeaderElection23] INFO  impl.RoleInfo (RoleInfo.java:updateAndGet(143)) - 64dc86e1-b58a-47fa-9209-c80a04613504: start LeaderState
2019-09-17 14:54:24,637 [64dc86e1-b58a-47fa-9209-c80a04613504@group-85515DBFC7EF:LeaderElection23] INFO  segmented.SegmentedRaftLogWorker (SegmentedRaftLogWorker.java:startLogSegment(380)) - 64dc86e1-b58a-47fa-9209-c80a04613504@group-85515DBFC7EF-SegmentedRaftLogWorker: Starting segment from index:0
2019-09-17 14:54:24,638 [64dc86e1-b58a-47fa-9209-c80a04613504@group-85515DBFC7EF:LeaderElection23] INFO  impl.RaftServerImpl (ServerState.java:setRaftConf(354)) - 64dc86e1-b58a-47fa-9209-c80a04613504@group-85515DBFC7EF: set configuration 0: [296d1e6a-4d03-4625-a926-8603881e9a06:192.168.151.72:33407, 0d659ca8-8d3f-4ad5-ad2a-cdb4ab88523b:192.168.151.72:38283, 64dc86e1-b58a-47fa-9209-c80a04613504:192.168.151.72:41434], old=null at 0
2019-09-17 14:54:24,668 [grpc-default-executor-5] INFO  impl.RaftServerImpl (ServerState.java:setLeader(253)) - 0d659ca8-8d3f-4ad5-ad2a-cdb4ab88523b@group-85515DBFC7EF: change Leader from null to 64dc86e1-b58a-47fa-9209-c80a04613504 at term 2 for appendEntries, leader elected after 2618ms
2019-09-17 14:54:24,668 [grpc-default-executor-0] INFO  impl.RaftServerImpl (ServerState.java:setLeader(253)) - 296d1e6a-4d03-4625-a926-8603881e9a06@group-85515DBFC7EF: change Leader from null to 64dc86e1-b58a-47fa-9209-c80a04613504 at term 2 for appendEntries, leader elected after 2618ms
2019-09-17 14:54:24,671 [64dc86e1-b58a-47fa-9209-c80a04613504@group-85515DBFC7EF-SegmentedRaftLogWorker] INFO  segmented.SegmentedRaftLogWorker (SegmentedRaftLogWorker.java:execute(569)) - 64dc86e1-b58a-47fa-9209-c80a04613504@group-85515DBFC7EF-SegmentedRaftLogWorker: created new log segment /workdir/hadoop-ozone/integration-test/target/test-dir/MiniOzoneClusterImpl-845ee491-3861-4700-afca-e6762de221c3/datanode-8/data/ratis/7a1be835-dbe0-4477-9aa1-85515dbfc7ef/current/log_inprogress_0
2019-09-17 14:54:24,671 [grpc-default-executor-0] INFO  impl.RaftServerImpl (ServerState.java:setRaftConf(354)) - 0d659ca8-8d3f-4ad5-ad2a-cdb4ab88523b@group-85515DBFC7EF: set configuration 0: [296d1e6a-4d03-4625-a926-8603881e9a06:192.168.151.72:33407, 0d659ca8-8d3f-4ad5-ad2a-cdb4ab88523b:192.168.151.72:38283, 64dc86e1-b58a-47fa-9209-c80a04613504:192.168.151.72:41434], old=null at 0
2019-09-17 14:54:24,671 [grpc-default-executor-5] INFO  impl.RaftServerImpl (ServerState.java:setRaftConf(354)) - 296d1e6a-4d03-4625-a926-8603881e9a06@group-85515DBFC7EF: set configuration 0: [296d1e6a-4d03-4625-a926-8603881e9a06:192.168.151.72:33407, 0d659ca8-8d3f-4ad5-ad2a-cdb4ab88523b:192.168.151.72:38283, 64dc86e1-b58a-47fa-9209-c80a04613504:192.168.151.72:41434], old=null at 0
2019-09-17 14:54:24,671 [grpc-default-executor-0] INFO  segmented.SegmentedRaftLogWorker (SegmentedRaftLogWorker.java:startLogSegment(380)) - 0d659ca8-8d3f-4ad5-ad2a-cdb4ab88523b@group-85515DBFC7EF-SegmentedRaftLogWorker: Starting segment from index:0
2019-09-17 14:54:24,672 [grpc-default-executor-5] INFO  segmented.SegmentedRaftLogWorker (SegmentedRaftLogWorker.java:startLogSegment(380)) - 296d1e6a-4d03-4625-a926-8603881e9a06@group-85515DBFC7EF-SegmentedRaftLogWorker: Starting segment from index:0
2019-09-17 14:54:24,715 [296d1e6a-4d03-4625-a926-8603881e9a06@group-85515DBFC7EF-SegmentedRaftLogWorker] INFO  segmented.SegmentedRaftLogWorker (SegmentedRaftLogWorker.java:execute(569)) - 296d1e6a-4d03-4625-a926-8603881e9a06@group-85515DBFC7EF-SegmentedRaftLogWorker: created new log segment /workdir/hadoop-ozone/integration-test/target/test-dir/MiniOzoneClusterImpl-845ee491-3861-4700-afca-e6762de221c3/datanode-4/data/ratis/7a1be835-dbe0-4477-9aa1-85515dbfc7ef/current/log_inprogress_0
2019-09-17 14:54:24,715 [0d659ca8-8d3f-4ad5-ad2a-cdb4ab88523b@group-85515DBFC7EF-SegmentedRaftLogWorker] INFO  segmented.SegmentedRaftLogWorker (SegmentedRaftLogWorker.java:execute(569)) - 0d659ca8-8d3f-4ad5-ad2a-cdb4ab88523b@group-85515DBFC7EF-SegmentedRaftLogWorker: created new log segment /workdir/hadoop-ozone/integration-test/target/test-dir/MiniOzoneClusterImpl-845ee491-3861-4700-afca-e6762de221c3/datanode-2/data/ratis/7a1be835-dbe0-4477-9aa1-85515dbfc7ef/current/log_inprogress_0
2019-09-17 14:54:24,847 [grpc-default-executor-5] INFO  client.GrpcClientProtocolClient (GrpcClientProtocolClient.java:onNext(264)) - client-0D2C65C77844->24ee45b5-4e6b-4499-8d3c-0bcd5a303b6d: receive RaftClientReply:client-0D2C65C77844->24ee45b5-4e6b-4499-8d3c-0bcd5a303b6d@group-218101269A2C, cid=19, FAILED org.apache.ratis.protocol.NotLeaderException: Server 24ee45b5-4e6b-4499-8d3c-0bcd5a303b6d@group-218101269A2C is not the leader bbb4e265-cb6b-4caa-8b5d-65801261426c:192.168.151.72:38991, logIndex=0, commits[24ee45b5-4e6b-4499-8d3c-0bcd5a303b6d:c0, bbb4e265-cb6b-4caa-8b5d-65801261426c:c0, 5824bb7b-23b5-4080-8c55-4e36ce35b3ee:c-1]
2019-09-17 14:54:25,188 [grpc-default-executor-0] INFO  client.GrpcClientProtocolClient (GrpcClientProtocolClient.java:onNext(264)) - client-0D2C65C77844->bbb4e265-cb6b-4caa-8b5d-65801261426c: receive RaftClientReply:client-0D2C65C77844->bbb4e265-cb6b-4caa-8b5d-65801261426c@group-218101269A2C, cid=19, SUCCESS, logIndex=1, commits[bbb4e265-cb6b-4caa-8b5d-65801261426c:c2, 5824bb7b-23b5-4080-8c55-4e36ce35b3ee:c1, 24ee45b5-4e6b-4499-8d3c-0bcd5a303b6d:c1]
2019-09-17 14:54:25,596 [grpc-default-executor-0] INFO  client.GrpcClientProtocolClient (GrpcClientProtocolClient.java:onNext(264)) - client-0D2C65C77844->bbb4e265-cb6b-4caa-8b5d-65801261426c: receive RaftClientReply:client-0D2C65C77844->bbb4e265-cb6b-4caa-8b5d-65801261426c@group-218101269A2C, cid=20, SUCCESS, logIndex=3, commits[bbb4e265-cb6b-4caa-8b5d-65801261426c:c8, 5824bb7b-23b5-4080-8c55-4e36ce35b3ee:c5, 24ee45b5-4e6b-4499-8d3c-0bcd5a303b6d:c5]
2019-09-17 14:54:25,603 [grpc-default-executor-0] INFO  client.GrpcClientProtocolClient (GrpcClientProtocolClient.java:onNext(264)) - client-0D2C65C77844->bbb4e265-cb6b-4caa-8b5d-65801261426c: receive RaftClientReply:client-0D2C65C77844->bbb4e265-cb6b-4caa-8b5d-65801261426c@group-218101269A2C, cid=21, SUCCESS, logIndex=4, commits[bbb4e265-cb6b-4caa-8b5d-65801261426c:c8, 5824bb7b-23b5-4080-8c55-4e36ce35b3ee:c5, 24ee45b5-4e6b-4499-8d3c-0bcd5a303b6d:c5]
2019-09-17 14:54:25,604 [grpc-default-executor-0] INFO  client.GrpcClientProtocolClient (GrpcClientProtocolClient.java:onNext(264)) - client-0D2C65C77844->bbb4e265-cb6b-4caa-8b5d-65801261426c: receive RaftClientReply:client-0D2C65C77844->bbb4e265-cb6b-4caa-8b5d-65801261426c@group-218101269A2C, cid=22, SUCCESS, logIndex=5, commits[bbb4e265-cb6b-4caa-8b5d-65801261426c:c8, 5824bb7b-23b5-4080-8c55-4e36ce35b3ee:c5, 24ee45b5-4e6b-4499-8d3c-0bcd5a303b6d:c5]
2019-09-17 14:54:25,659 [grpc-default-executor-0] INFO  client.GrpcClientProtocolClient (GrpcClientProtocolClient.java:onNext(264)) - client-0D2C65C77844->bbb4e265-cb6b-4caa-8b5d-65801261426c: receive RaftClientReply:client-0D2C65C77844->bbb4e265-cb6b-4caa-8b5d-65801261426c@group-218101269A2C, cid=23, SUCCESS, logIndex=9, commits[bbb4e265-cb6b-4caa-8b5d-65801261426c:c10, 5824bb7b-23b5-4080-8c55-4e36ce35b3ee:c8, 24ee45b5-4e6b-4499-8d3c-0bcd5a303b6d:c8]
2019-09-17 14:54:25,660 [grpc-default-executor-0] INFO  client.GrpcClientProtocolClient (GrpcClientProtocolClient.java:onNext(264)) - client-0D2C65C77844->bbb4e265-cb6b-4caa-8b5d-65801261426c: receive RaftClientReply:client-0D2C65C77844->bbb4e265-cb6b-4caa-8b5d-65801261426c@group-218101269A2C, cid=24, SUCCESS, logIndex=10, commits[bbb4e265-cb6b-4caa-8b5d-65801261426c:c10, 5824bb7b-23b5-4080-8c55-4e36ce35b3ee:c8, 24ee45b5-4e6b-4499-8d3c-0bcd5a303b6d:c8]
2019-09-17 14:54:25,672 [grpc-default-executor-5] INFO  client.GrpcClientProtocolClient (GrpcClientProtocolClient.java:onNext(264)) - client-0D2C65C77844->bbb4e265-cb6b-4caa-8b5d-65801261426c: receive RaftClientReply:client-0D2C65C77844->bbb4e265-cb6b-4caa-8b5d-65801261426c@group-218101269A2C, cid=25, SUCCESS, logIndex=11, commits[bbb4e265-cb6b-4caa-8b5d-65801261426c:c12, 5824bb7b-23b5-4080-8c55-4e36ce35b3ee:c8, 24ee45b5-4e6b-4499-8d3c-0bcd5a303b6d:c8]
2019-09-17 14:54:25,675 [grpc-default-executor-5] INFO  client.GrpcClientProtocolClient (GrpcClientProtocolClient.java:onNext(264)) - client-0D2C65C77844->bbb4e265-cb6b-4caa-8b5d-65801261426c: receive RaftClientReply:client-0D2C65C77844->bbb4e265-cb6b-4caa-8b5d-65801261426c@group-218101269A2C, cid=26, SUCCESS, logIndex=12, commits[bbb4e265-cb6b-4caa-8b5d-65801261426c:c14, 5824bb7b-23b5-4080-8c55-4e36ce35b3ee:c10, 24ee45b5-4e6b-4499-8d3c-0bcd5a303b6d:c10]
2019-09-17 14:54:25,714 [grpc-default-executor-0] INFO  client.GrpcClientProtocolClient (GrpcClientProtocolClient.java:onNext(264)) - client-0D2C65C77844->bbb4e265-cb6b-4caa-8b5d-65801261426c: receive RaftClientReply:client-0D2C65C77844->bbb4e265-cb6b-4caa-8b5d-65801261426c@group-218101269A2C, cid=27, SUCCESS, logIndex=0, commits[bbb4e265-cb6b-4caa-8b5d-65801261426c:c16, 5824bb7b-23b5-4080-8c55-4e36ce35b3ee:c12, 24ee45b5-4e6b-4499-8d3c-0bcd5a303b6d:c12]
2019-09-17 14:54:25,737 [grpc-default-executor-0] INFO  client.GrpcClientProtocolClient (GrpcClientProtocolClient.java:onNext(264)) - client-30C4B51AD9D2->0d659ca8-8d3f-4ad5-ad2a-cdb4ab88523b: receive RaftClientReply:client-30C4B51AD9D2->0d659ca8-8d3f-4ad5-ad2a-cdb4ab88523b@group-85515DBFC7EF, cid=28, FAILED org.apache.ratis.protocol.NotLeaderException: Server 0d659ca8-8d3f-4ad5-ad2a-cdb4ab88523b@group-85515DBFC7EF is not the leader 64dc86e1-b58a-47fa-9209-c80a04613504:192.168.151.72:41434, logIndex=0, commits[0d659ca8-8d3f-4ad5-ad2a-cdb4ab88523b:c0, 296d1e6a-4d03-4625-a926-8603881e9a06:c-1, 64dc86e1-b58a-47fa-9209-c80a04613504:c0]
2019-09-17 14:54:25,988 [grpc-default-executor-0] INFO  client.GrpcClientProtocolClient (GrpcClientProtocolClient.java:onNext(264)) - client-30C4B51AD9D2->64dc86e1-b58a-47fa-9209-c80a04613504: receive RaftClientReply:client-30C4B51AD9D2->64dc86e1-b58a-47fa-9209-c80a04613504@group-85515DBFC7EF, cid=28, SUCCESS, logIndex=1, commits[64dc86e1-b58a-47fa-9209-c80a04613504:c1, 296d1e6a-4d03-4625-a926-8603881e9a06:c0, 0d659ca8-8d3f-4ad5-ad2a-cdb4ab88523b:c0]
2019-09-17 14:54:26,193 [grpc-default-executor-4] INFO  client.GrpcClientProtocolClient (GrpcClientProtocolClient.java:onNext(264)) - client-30C4B51AD9D2->64dc86e1-b58a-47fa-9209-c80a04613504: receive RaftClientReply:client-30C4B51AD9D2->64dc86e1-b58a-47fa-9209-c80a04613504@group-85515DBFC7EF, cid=29, SUCCESS, logIndex=3, commits[64dc86e1-b58a-47fa-9209-c80a04613504:c8, 296d1e6a-4d03-4625-a926-8603881e9a06:c5, 0d659ca8-8d3f-4ad5-ad2a-cdb4ab88523b:c5]
2019-09-17 14:54:26,197 [grpc-default-executor-4] INFO  client.GrpcClientProtocolClient (GrpcClientProtocolClient.java:onNext(264)) - client-30C4B51AD9D2->64dc86e1-b58a-47fa-9209-c80a04613504: receive RaftClientReply:client-30C4B51AD9D2->64dc86e1-b58a-47fa-9209-c80a04613504@group-85515DBFC7EF, cid=30, SUCCESS, logIndex=4, commits[64dc86e1-b58a-47fa-9209-c80a04613504:c8, 296d1e6a-4d03-4625-a926-8603881e9a06:c5, 0d659ca8-8d3f-4ad5-ad2a-cdb4ab88523b:c5]
2019-09-17 14:54:26,278 [grpc-default-executor-2] INFO  client.GrpcClientProtocolClient (GrpcClientProtocolClient.java:onNext(264)) - client-30C4B51AD9D2->64dc86e1-b58a-47fa-9209-c80a04613504: receive RaftClientReply:client-30C4B51AD9D2->64dc86e1-b58a-47fa-9209-c80a04613504@group-85515DBFC7EF, cid=31, SUCCESS, logIndex=5, commits[64dc86e1-b58a-47fa-9209-c80a04613504:c8, 296d1e6a-4d03-4625-a926-8603881e9a06:c5, 0d659ca8-8d3f-4ad5-ad2a-cdb4ab88523b:c5]
2019-09-17 14:54:26,316 [grpc-default-executor-4] INFO  client.GrpcClientProtocolClient (GrpcClientProtocolClient.java:onNext(264)) - client-30C4B51AD9D2->64dc86e1-b58a-47fa-9209-c80a04613504: receive RaftClientReply:client-30C4B51AD9D2->64dc86e1-b58a-47fa-9209-c80a04613504@group-85515DBFC7EF, cid=32, SUCCESS, logIndex=9, commits[64dc86e1-b58a-47fa-9209-c80a04613504:c10, 296d1e6a-4d03-4625-a926-8603881e9a06:c8, 0d659ca8-8d3f-4ad5-ad2a-cdb4ab88523b:c8]
2019-09-17 14:54:26,317 [grpc-default-executor-1] INFO  client.GrpcClientProtocolClient (GrpcClientProtocolClient.java:onNext(264)) - client-30C4B51AD9D2->64dc86e1-b58a-47fa-9209-c80a04613504: receive RaftClientReply:client-30C4B51AD9D2->64dc86e1-b58a-47fa-9209-c80a04613504@group-85515DBFC7EF, cid=33, SUCCESS, logIndex=10, commits[64dc86e1-b58a-47fa-9209-c80a04613504:c12, 296d1e6a-4d03-4625-a926-8603881e9a06:c8, 0d659ca8-8d3f-4ad5-ad2a-cdb4ab88523b:c8]
2019-09-17 14:54:26,317 [grpc-default-executor-4] INFO  client.GrpcClientProtocolClient (GrpcClientProtocolClient.java:onNext(264)) - client-30C4B51AD9D2->64dc86e1-b58a-47fa-9209-c80a04613504: receive RaftClientReply:client-30C4B51AD9D2->64dc86e1-b58a-47fa-9209-c80a04613504@group-85515DBFC7EF, cid=34, SUCCESS, logIndex=11, commits[64dc86e1-b58a-47fa-9209-c80a04613504:c12, 296d1e6a-4d03-4625-a926-8603881e9a06:c8, 0d659ca8-8d3f-4ad5-ad2a-cdb4ab88523b:c8]
2019-09-17 14:54:26,318 [grpc-default-executor-4] INFO  client.GrpcClientProtocolClient (GrpcClientProtocolClient.java:onNext(264)) - client-30C4B51AD9D2->64dc86e1-b58a-47fa-9209-c80a04613504: receive RaftClientReply:client-30C4B51AD9D2->64dc86e1-b58a-47fa-9209-c80a04613504@group-85515DBFC7EF, cid=35, SUCCESS, logIndex=12, commits[64dc86e1-b58a-47fa-9209-c80a04613504:c12, 296d1e6a-4d03-4625-a926-8603881e9a06:c8, 0d659ca8-8d3f-4ad5-ad2a-cdb4ab88523b:c8]
2019-09-17 14:54:26,334 [grpc-default-executor-4] INFO  client.GrpcClientProtocolClient (GrpcClientProtocolClient.java:onNext(264)) - client-30C4B51AD9D2->64dc86e1-b58a-47fa-9209-c80a04613504: receive RaftClientReply:client-30C4B51AD9D2->64dc86e1-b58a-47fa-9209-c80a04613504@group-85515DBFC7EF, cid=36, SUCCESS, logIndex=0, commits[64dc86e1-b58a-47fa-9209-c80a04613504:c16, 296d1e6a-4d03-4625-a926-8603881e9a06:c12, 0d659ca8-8d3f-4ad5-ad2a-cdb4ab88523b:c12]
2019-09-17 14:54:26,338 [grpc-default-executor-4] INFO  client.GrpcClientProtocolClient (GrpcClientProtocolClient.java:onNext(264)) - client-30C4B51AD9D2->64dc86e1-b58a-47fa-9209-c80a04613504: receive RaftClientReply:client-30C4B51AD9D2->64dc86e1-b58a-47fa-9209-c80a04613504@group-85515DBFC7EF, cid=37, SUCCESS, logIndex=0, commits[64dc86e1-b58a-47fa-9209-c80a04613504:c16, 296d1e6a-4d03-4625-a926-8603881e9a06:c12, 0d659ca8-8d3f-4ad5-ad2a-cdb4ab88523b:c12]
2019-09-17 14:54:26,354 [grpc-default-executor-4] INFO  client.GrpcClientProtocolClient (GrpcClientProtocolClient.java:onNext(264)) - client-3427B6AFFE0B->87bd24bf-ffb9-4c07-ac8f-086f94142b7e: receive RaftClientReply:client-3427B6AFFE0B->87bd24bf-ffb9-4c07-ac8f-086f94142b7e@group-A10EF1BAEC68, cid=38, FAILED org.apache.ratis.protocol.NotLeaderException: Server 87bd24bf-ffb9-4c07-ac8f-086f94142b7e@group-A10EF1BAEC68 is not the leader 9b5674b6-1da3-4a18-a3b1-2bf65c31b2e5:192.168.151.72:42570, logIndex=0, commits[87bd24bf-ffb9-4c07-ac8f-086f94142b7e:c0, 9b5674b6-1da3-4a18-a3b1-2bf65c31b2e5:c0, 55160a25-c10a-4fac-977f-ea88e555cd0f:c0]
2019-09-17 14:54:26,518 [grpc-default-executor-2] INFO  client.GrpcClientProtocolClient (GrpcClientProtocolClient.java:onNext(264)) - client-3427B6AFFE0B->9b5674b6-1da3-4a18-a3b1-2bf65c31b2e5: receive RaftClientReply:client-3427B6AFFE0B->9b5674b6-1da3-4a18-a3b1-2bf65c31b2e5@group-A10EF1BAEC68, cid=38, SUCCESS, logIndex=1, commits[9b5674b6-1da3-4a18-a3b1-2bf65c31b2e5:c1, 87bd24bf-ffb9-4c07-ac8f-086f94142b7e:c0, 55160a25-c10a-4fac-977f-ea88e555cd0f:c0]
2019-09-17 14:54:26,588 [grpc-default-executor-2] INFO  client.GrpcClientProtocolClient (GrpcClientProtocolClient.java:onNext(264)) - client-3427B6AFFE0B->9b5674b6-1da3-4a18-a3b1-2bf65c31b2e5: receive RaftClientReply:client-3427B6AFFE0B->9b5674b6-1da3-4a18-a3b1-2bf65c31b2e5@group-A10EF1BAEC68, cid=39, SUCCESS, logIndex=3, commits[9b5674b6-1da3-4a18-a3b1-2bf65c31b2e5:c7, 87bd24bf-ffb9-4c07-ac8f-086f94142b7e:c4, 55160a25-c10a-4fac-977f-ea88e555cd0f:c4]
2019-09-17 14:54:26,589 [grpc-default-executor-2] INFO  client.GrpcClientProtocolClient (GrpcClientProtocolClient.java:onNext(264)) - client-3427B6AFFE0B->9b5674b6-1da3-4a18-a3b1-2bf65c31b2e5: receive RaftClientReply:client-3427B6AFFE0B->9b5674b6-1da3-4a18-a3b1-2bf65c31b2e5@group-A10EF1BAEC68, cid=40, SUCCESS, logIndex=4, commits[9b5674b6-1da3-4a18-a3b1-2bf65c31b2e5:c7, 87bd24bf-ffb9-4c07-ac8f-086f94142b7e:c4, 55160a25-c10a-4fac-977f-ea88e555cd0f:c4]
2019-09-17 14:54:26,656 [grpc-default-executor-2] INFO  client.GrpcClientProtocolClient (GrpcClientProtocolClient.java:onNext(264)) - client-3427B6AFFE0B->9b5674b6-1da3-4a18-a3b1-2bf65c31b2e5: receive RaftClientReply:client-3427B6AFFE0B->9b5674b6-1da3-4a18-a3b1-2bf65c31b2e5@group-A10EF1BAEC68, cid=41, SUCCESS, logIndex=5, commits[9b5674b6-1da3-4a18-a3b1-2bf65c31b2e5:c7, 87bd24bf-ffb9-4c07-ac8f-086f94142b7e:c4, 55160a25-c10a-4fac-977f-ea88e555cd0f:c4]
2019-09-17 14:54:27,071 [grpc-default-executor-2] INFO  client.GrpcClientProtocolClient (GrpcClientProtocolClient.java:onNext(264)) - client-3427B6AFFE0B->9b5674b6-1da3-4a18-a3b1-2bf65c31b2e5: receive RaftClientReply:client-3427B6AFFE0B->9b5674b6-1da3-4a18-a3b1-2bf65c31b2e5@group-A10EF1BAEC68, cid=42, SUCCESS, logIndex=0, commits[9b5674b6-1da3-4a18-a3b1-2bf65c31b2e5:c7, 87bd24bf-ffb9-4c07-ac8f-086f94142b7e:c7, 55160a25-c10a-4fac-977f-ea88e555cd0f:c7]
2019-09-17 14:54:28,010 [Datanode State Machine Thread - 0] INFO  statemachine.DatanodeStateMachine (DatanodeStateMachine.java:lambda$startDaemon$0(350)) - Ozone container server started.
2019-09-17 14:54:32,075 [main] INFO  ozoneimpl.OzoneContainer (OzoneContainer.java:stop(231)) - Attempting to stop container services.
2019-09-17 14:54:32,076 [main] INFO  impl.RaftServerProxy (RaftServerProxy.java:lambda$close$4(314)) - bbb4e265-cb6b-4caa-8b5d-65801261426c: close
2019-09-17 14:54:32,079 [main] INFO  impl.RaftServerImpl (RaftServerImpl.java:lambda$shutdown$3(251)) - bbb4e265-cb6b-4caa-8b5d-65801261426c@group-12E789ACEF07: shutdown
2019-09-17 14:54:32,079 [ForkJoinPool.commonPool-worker-1] INFO  impl.RaftServerImpl (RaftServerImpl.java:lambda$shutdown$3(251)) - bbb4e265-cb6b-4caa-8b5d-65801261426c@group-218101269A2C: shutdown
2019-09-17 14:54:32,079 [main] INFO  util.JmxRegister (JmxRegister.java:unregister(73)) - Successfully un-registered JMX Bean with object name Ratis:service=RaftServer,group=group-12E789ACEF07,id=bbb4e265-cb6b-4caa-8b5d-65801261426c
2019-09-17 14:54:32,079 [ForkJoinPool.commonPool-worker-1] INFO  util.JmxRegister (JmxRegister.java:unregister(73)) - Successfully un-registered JMX Bean with object name Ratis:service=RaftServer,group=group-218101269A2C,id=bbb4e265-cb6b-4caa-8b5d-65801261426c
2019-09-17 14:54:32,080 [main] INFO  impl.RoleInfo (RoleInfo.java:shutdownLeaderState(104)) - bbb4e265-cb6b-4caa-8b5d-65801261426c: shutdown LeaderState
2019-09-17 14:54:32,080 [ForkJoinPool.commonPool-worker-1] INFO  impl.RoleInfo (RoleInfo.java:shutdownLeaderState(104)) - bbb4e265-cb6b-4caa-8b5d-65801261426c: shutdown LeaderState
2019-09-17 14:54:32,086 [ForkJoinPool.commonPool-worker-1] INFO  impl.PendingRequests (PendingRequests.java:sendNotLeaderResponses(202)) - bbb4e265-cb6b-4caa-8b5d-65801261426c-PendingRequests: sendNotLeaderResponses
2019-09-17 14:54:32,086 [org.apache.ratis.server.impl.LogAppender$AppenderDaemon$$Lambda$511/63489391@4354cfb4] WARN  server.GrpcLogAppender (GrpcLogAppender.java:mayWait(143)) - bbb4e265-cb6b-4caa-8b5d-65801261426c@group-218101269A2C->5824bb7b-23b5-4080-8c55-4e36ce35b3ee-GrpcLogAppender: Wait interrupted by java.lang.InterruptedException
2019-09-17 14:54:32,090 [main] INFO  impl.PendingRequests (PendingRequests.java:sendNotLeaderResponses(202)) - bbb4e265-cb6b-4caa-8b5d-65801261426c-PendingRequests: sendNotLeaderResponses
2019-09-17 14:54:32,086 [org.apache.ratis.server.impl.LogAppender$AppenderDaemon$$Lambda$511/63489391@78bb3bc5] WARN  server.GrpcLogAppender (GrpcLogAppender.java:mayWait(143)) - bbb4e265-cb6b-4caa-8b5d-65801261426c@group-218101269A2C->24ee45b5-4e6b-4499-8d3c-0bcd5a303b6d-GrpcLogAppender: Wait interrupted by java.lang.InterruptedException
2019-09-17 14:54:32,097 [grpc-default-executor-2] INFO  server.GrpcServerProtocolService (GrpcServerProtocolService.java:onCompleted(113)) - 24ee45b5-4e6b-4499-8d3c-0bcd5a303b6d: Completed APPEND_ENTRIES, lastRequest: bbb4e265-cb6b-4caa-8b5d-65801261426c->24ee45b5-4e6b-4499-8d3c-0bcd5a303b6d#29-t2, previous=(t:2, i:16), leaderCommit=16, initializing? false, entries: <empty>
2019-09-17 14:54:32,097 [grpc-default-executor-4] INFO  server.GrpcServerProtocolService (GrpcServerProtocolService.java:onCompleted(113)) - 5824bb7b-23b5-4080-8c55-4e36ce35b3ee: Completed APPEND_ENTRIES, lastRequest: bbb4e265-cb6b-4caa-8b5d-65801261426c->5824bb7b-23b5-4080-8c55-4e36ce35b3ee#29-t2, previous=(t:2, i:16), leaderCommit=16, initializing? false, entries: <empty>
2019-09-17 14:54:32,099 [main] INFO  impl.StateMachineUpdater (StateMachineUpdater.java:stopAndJoin(125)) - bbb4e265-cb6b-4caa-8b5d-65801261426c@group-12E789ACEF07-StateMachineUpdater: set stopIndex = 0
2019-09-17 14:54:32,100 [main] INFO  impl.RaftServerImpl (ServerState.java:close(385)) - bbb4e265-cb6b-4caa-8b5d-65801261426c@group-12E789ACEF07: closes. applyIndex: 0
2019-09-17 14:54:32,100 [grpc-default-executor-4] INFO  server.GrpcLogAppender (GrpcLogAppender.java:onCompleted(293)) - bbb4e265-cb6b-4caa-8b5d-65801261426c@group-218101269A2C->24ee45b5-4e6b-4499-8d3c-0bcd5a303b6d-AppendLogResponseHandler: follower responses appendEntries COMPLETED
2019-09-17 14:54:32,100 [grpc-default-executor-2] INFO  server.GrpcLogAppender (GrpcLogAppender.java:onCompleted(293)) - bbb4e265-cb6b-4caa-8b5d-65801261426c@group-218101269A2C->5824bb7b-23b5-4080-8c55-4e36ce35b3ee-AppendLogResponseHandler: follower responses appendEntries COMPLETED
2019-09-17 14:54:32,105 [grpc-default-executor-4] INFO  impl.FollowerInfo (FollowerInfo.java:lambda$new$0(51)) - bbb4e265-cb6b-4caa-8b5d-65801261426c@group-218101269A2C->24ee45b5-4e6b-4499-8d3c-0bcd5a303b6d: nextIndex: updateUnconditionally 17 -> 16
2019-09-17 14:54:32,105 [grpc-default-executor-2] INFO  impl.FollowerInfo (FollowerInfo.java:lambda$new$0(51)) - bbb4e265-cb6b-4caa-8b5d-65801261426c@group-218101269A2C->5824bb7b-23b5-4080-8c55-4e36ce35b3ee: nextIndex: updateUnconditionally 17 -> 16
2019-09-17 14:54:32,110 [ForkJoinPool.commonPool-worker-1] INFO  impl.StateMachineUpdater (StateMachineUpdater.java:stopAndJoin(125)) - bbb4e265-cb6b-4caa-8b5d-65801261426c@group-218101269A2C-StateMachineUpdater: set stopIndex = 16
2019-09-17 14:54:32,113 [bbb4e265-cb6b-4caa-8b5d-65801261426c@group-218101269A2C-StateMachineUpdater] INFO  ratis.ContainerStateMachine (ContainerStateMachine.java:takeSnapshot(289)) - group-218101269A2C: Taking a snapshot at:(t:2, i:14) file /workdir/hadoop-ozone/integration-test/target/test-dir/MiniOzoneClusterImpl-845ee491-3861-4700-afca-e6762de221c3/datanode-9/data/ratis/4f8d5d5a-f561-4b2a-a81e-218101269a2c/sm/snapshot.2_14
2019-09-17 14:54:32,113 [bbb4e265-cb6b-4caa-8b5d-65801261426c@group-12E789ACEF07-SegmentedRaftLogWorker] INFO  segmented.SegmentedRaftLogWorker (SegmentedRaftLogWorker.java:run(313)) - bbb4e265-cb6b-4caa-8b5d-65801261426c@group-12E789ACEF07-SegmentedRaftLogWorker was interrupted, exiting. There are 0 tasks remaining in the queue.
2019-09-17 14:54:32,116 [main] INFO  segmented.SegmentedRaftLogWorker (SegmentedRaftLogWorker.java:close(228)) - bbb4e265-cb6b-4caa-8b5d-65801261426c@group-12E789ACEF07-SegmentedRaftLogWorker close()
2019-09-17 14:54:32,166 [bbb4e265-cb6b-4caa-8b5d-65801261426c@group-218101269A2C-StateMachineUpdater] INFO  ratis.ContainerStateMachine (ContainerStateMachine.java:takeSnapshot(300)) - group-218101269A2C: Finished taking a snapshot at:(t:2, i:14) file:/workdir/hadoop-ozone/integration-test/target/test-dir/MiniOzoneClusterImpl-845ee491-3861-4700-afca-e6762de221c3/datanode-9/data/ratis/4f8d5d5a-f561-4b2a-a81e-218101269a2c/sm/snapshot.2_14 time:54
2019-09-17 14:54:32,168 [bbb4e265-cb6b-4caa-8b5d-65801261426c@group-218101269A2C-StateMachineUpdater] INFO  impl.StateMachineUpdater (StateMachineUpdater.java:takeSnapshot(258)) - bbb4e265-cb6b-4caa-8b5d-65801261426c@group-218101269A2C-StateMachineUpdater: Took a snapshot at index 14
2019-09-17 14:54:32,168 [bbb4e265-cb6b-4caa-8b5d-65801261426c@group-218101269A2C-StateMachineUpdater] INFO  impl.StateMachineUpdater (StateMachineUpdater.java:lambda$new$0(83)) - bbb4e265-cb6b-4caa-8b5d-65801261426c@group-218101269A2C-StateMachineUpdater: snapshotIndex: updateIncreasingly -1 -> 14
2019-09-17 14:54:32,172 [bbb4e265-cb6b-4caa-8b5d-65801261426c@group-218101269A2C-StateMachineUpdater] INFO  ratis.ContainerStateMachine (ContainerStateMachine.java:takeSnapshot(289)) - group-218101269A2C: Taking a snapshot at:(t:2, i:14) file /workdir/hadoop-ozone/integration-test/target/test-dir/MiniOzoneClusterImpl-845ee491-3861-4700-afca-e6762de221c3/datanode-9/data/ratis/4f8d5d5a-f561-4b2a-a81e-218101269a2c/sm/snapshot.2_14
2019-09-17 14:54:32,181 [bbb4e265-cb6b-4caa-8b5d-65801261426c@group-218101269A2C-StateMachineUpdater] INFO  ratis.ContainerStateMachine (ContainerStateMachine.java:takeSnapshot(300)) - group-218101269A2C: Finished taking a snapshot at:(t:2, i:14) file:/workdir/hadoop-ozone/integration-test/target/test-dir/MiniOzoneClusterImpl-845ee491-3861-4700-afca-e6762de221c3/datanode-9/data/ratis/4f8d5d5a-f561-4b2a-a81e-218101269a2c/sm/snapshot.2_14 time:9
2019-09-17 14:54:32,182 [bbb4e265-cb6b-4caa-8b5d-65801261426c@group-218101269A2C-StateMachineUpdater] INFO  impl.StateMachineUpdater (StateMachineUpdater.java:takeSnapshot(258)) - bbb4e265-cb6b-4caa-8b5d-65801261426c@group-218101269A2C-StateMachineUpdater: Took a snapshot at index 14
2019-09-17 14:54:32,182 [bbb4e265-cb6b-4caa-8b5d-65801261426c@group-218101269A2C-StateMachineUpdater] INFO  impl.StateMachineUpdater (StateMachineUpdater.java:lambda$new$0(83)) - bbb4e265-cb6b-4caa-8b5d-65801261426c@group-218101269A2C-StateMachineUpdater: snapshotIndex: updateIncreasingly 14 -> 14
2019-09-17 14:54:32,182 [ForkJoinPool.commonPool-worker-1] INFO  impl.RaftServerImpl (ServerState.java:close(385)) - bbb4e265-cb6b-4caa-8b5d-65801261426c@group-218101269A2C: closes. applyIndex: 16
2019-09-17 14:54:32,182 [bbb4e265-cb6b-4caa-8b5d-65801261426c@group-218101269A2C-SegmentedRaftLogWorker] INFO  segmented.SegmentedRaftLogWorker (SegmentedRaftLogWorker.java:run(313)) - bbb4e265-cb6b-4caa-8b5d-65801261426c@group-218101269A2C-SegmentedRaftLogWorker was interrupted, exiting. There are 0 tasks remaining in the queue.
2019-09-17 14:54:32,186 [ForkJoinPool.commonPool-worker-1] INFO  segmented.SegmentedRaftLogWorker (SegmentedRaftLogWorker.java:close(228)) - bbb4e265-cb6b-4caa-8b5d-65801261426c@group-218101269A2C-SegmentedRaftLogWorker close()
2019-09-17 14:54:32,190 [main] INFO  server.GrpcService (GrpcService.java:closeImpl(164)) - bbb4e265-cb6b-4caa-8b5d-65801261426c: shutdown server with port 38991 now
2019-09-17 14:54:32,195 [main] INFO  server.GrpcService (GrpcService.java:closeImpl(172)) - bbb4e265-cb6b-4caa-8b5d-65801261426c: shutdown server with port 38991 successfully
2019-09-17 14:54:32,195 [grpc-default-executor-4] WARN  client.GrpcClientProtocolService (LogUtils.java:warn(134)) - 2-UnorderedRequestStreamObserver2: onError: org.apache.ratis.thirdparty.io.grpc.StatusRuntimeException: CANCELLED: cancelled before receiving half close
2019-09-17 14:54:32,201 [refreshUsed-/workdir/hadoop-ozone/integration-test/target/test-dir/MiniOzoneClusterImpl-845ee491-3861-4700-afca-e6762de221c3/datanode-9/data/containers] WARN  fs.CachingGetSpaceUsed (CachingGetSpaceUsed.java:run(183)) - Thread Interrupted waiting to refresh disk information: sleep interrupted
2019-09-17 14:54:32,216 [main] INFO  utils.BackgroundService (BackgroundService.java:shutdown(148)) - Shutting down service BlockDeletingService
2019-09-17 14:54:32,224 [main] INFO  statemachine.DatanodeStateMachine (DatanodeStateMachine.java:stopDaemon(395)) - Ozone container server stopped.
2019-09-17 14:54:32,229 [main] INFO  handler.ContextHandler (ContextHandler.java:doStop(910)) - Stopped o.e.j.w.WebAppContext@2c8c16c0{/,null,UNAVAILABLE}{/hddsDatanode}
2019-09-17 14:54:32,234 [main] INFO  server.AbstractConnector (AbstractConnector.java:doStop(318)) - Stopped ServerConnector@80bfa9d{HTTP/1.1,[http/1.1]}{0.0.0.0:0}
2019-09-17 14:54:32,234 [main] INFO  handler.ContextHandler (ContextHandler.java:doStop(910)) - Stopped o.e.j.s.ServletContextHandler@5ad5be4a{/static,jar:file:/home/user/.m2/repository/org/apache/hadoop/hadoop-hdds-container-service/0.5.0-SNAPSHOT/hadoop-hdds-container-service-0.5.0-SNAPSHOT.jar!/webapps/static,UNAVAILABLE}
2019-09-17 14:54:32,235 [main] INFO  handler.ContextHandler (ContextHandler.java:doStop(910)) - Stopped o.e.j.s.ServletContextHandler@1b7a52dd{/logs,file:///workdir/hadoop-ozone/integration-test/target/log,UNAVAILABLE}
2019-09-17 14:54:32,300 [grpc-default-executor-2] INFO  client.GrpcClientProtocolClient (GrpcClientProtocolClient.java:onNext(264)) - client-3427B6AFFE0B->9b5674b6-1da3-4a18-a3b1-2bf65c31b2e5: receive RaftClientReply:client-3427B6AFFE0B->9b5674b6-1da3-4a18-a3b1-2bf65c31b2e5@group-A10EF1BAEC68, cid=43, SUCCESS, logIndex=8, commits[9b5674b6-1da3-4a18-a3b1-2bf65c31b2e5:c9, 87bd24bf-ffb9-4c07-ac8f-086f94142b7e:c7, 55160a25-c10a-4fac-977f-ea88e555cd0f:c7]
2019-09-17 14:54:32,303 [grpc-default-executor-4] INFO  client.GrpcClientProtocolClient (GrpcClientProtocolClient.java:onNext(264)) - client-3427B6AFFE0B->9b5674b6-1da3-4a18-a3b1-2bf65c31b2e5: receive RaftClientReply:client-3427B6AFFE0B->9b5674b6-1da3-4a18-a3b1-2bf65c31b2e5@group-A10EF1BAEC68, cid=44, SUCCESS, logIndex=9, commits[9b5674b6-1da3-4a18-a3b1-2bf65c31b2e5:c11, 87bd24bf-ffb9-4c07-ac8f-086f94142b7e:c7, 55160a25-c10a-4fac-977f-ea88e555cd0f:c7]
2019-09-17 14:54:32,304 [grpc-default-executor-4] INFO  client.GrpcClientProtocolClient (GrpcClientProtocolClient.java:onNext(264)) - client-3427B6AFFE0B->9b5674b6-1da3-4a18-a3b1-2bf65c31b2e5: receive RaftClientReply:client-3427B6AFFE0B->9b5674b6-1da3-4a18-a3b1-2bf65c31b2e5@group-A10EF1BAEC68, cid=45, SUCCESS, logIndex=10, commits[9b5674b6-1da3-4a18-a3b1-2bf65c31b2e5:c11, 87bd24bf-ffb9-4c07-ac8f-086f94142b7e:c7, 55160a25-c10a-4fac-977f-ea88e555cd0f:c7]
2019-09-17 14:54:32,305 [grpc-default-executor-4] INFO  client.GrpcClientProtocolClient (GrpcClientProtocolClient.java:onNext(264)) - client-3427B6AFFE0B->9b5674b6-1da3-4a18-a3b1-2bf65c31b2e5: receive RaftClientReply:client-3427B6AFFE0B->9b5674b6-1da3-4a18-a3b1-2bf65c31b2e5@group-A10EF1BAEC68, cid=46, SUCCESS, logIndex=11, commits[9b5674b6-1da3-4a18-a3b1-2bf65c31b2e5:c12, 87bd24bf-ffb9-4c07-ac8f-086f94142b7e:c9, 55160a25-c10a-4fac-977f-ea88e555cd0f:c8]
2019-09-17 14:54:32,309 [grpc-default-executor-4] INFO  client.GrpcClientProtocolClient (GrpcClientProtocolClient.java:onNext(264)) - client-3427B6AFFE0B->9b5674b6-1da3-4a18-a3b1-2bf65c31b2e5: receive RaftClientReply:client-3427B6AFFE0B->9b5674b6-1da3-4a18-a3b1-2bf65c31b2e5@group-A10EF1BAEC68, cid=47, SUCCESS, logIndex=0, commits[9b5674b6-1da3-4a18-a3b1-2bf65c31b2e5:c13, 87bd24bf-ffb9-4c07-ac8f-086f94142b7e:c9, 55160a25-c10a-4fac-977f-ea88e555cd0f:c10]
2019-09-17 14:54:32,312 [grpc-default-executor-4] INFO  client.GrpcClientProtocolClient (GrpcClientProtocolClient.java:onNext(264)) - client-3427B6AFFE0B->9b5674b6-1da3-4a18-a3b1-2bf65c31b2e5: receive RaftClientReply:client-3427B6AFFE0B->9b5674b6-1da3-4a18-a3b1-2bf65c31b2e5@group-A10EF1BAEC68, cid=48, SUCCESS, logIndex=0, commits[9b5674b6-1da3-4a18-a3b1-2bf65c31b2e5:c15, 87bd24bf-ffb9-4c07-ac8f-086f94142b7e:c11, 55160a25-c10a-4fac-977f-ea88e555cd0f:c11]
2019-09-17 14:54:33,314 [Thread-418] INFO  impl.FollowerState (FollowerState.java:run(106)) - 5824bb7b-23b5-4080-8c55-4e36ce35b3ee:group-218101269A2C changes to CANDIDATE, lastRpcTime:1581, electionTimeout:1192ms
2019-09-17 14:54:33,314 [Thread-418] INFO  impl.RoleInfo (RoleInfo.java:shutdownFollowerState(121)) - 5824bb7b-23b5-4080-8c55-4e36ce35b3ee: shutdown FollowerState
2019-09-17 14:54:33,315 [Thread-418] INFO  impl.RaftServerImpl (RaftServerImpl.java:setRole(174)) - 5824bb7b-23b5-4080-8c55-4e36ce35b3ee@group-218101269A2C: changes role from  FOLLOWER to CANDIDATE at term 2 for changeToCandidate
2019-09-17 14:54:33,315 [Thread-418] INFO  impl.RoleInfo (RoleInfo.java:updateAndGet(143)) - 5824bb7b-23b5-4080-8c55-4e36ce35b3ee: start LeaderElection
2019-09-17 14:54:33,319 [5824bb7b-23b5-4080-8c55-4e36ce35b3ee@group-218101269A2C:LeaderElection24] INFO  impl.RaftServerImpl (ServerState.java:setLeader(253)) - 5824bb7b-23b5-4080-8c55-4e36ce35b3ee@group-218101269A2C: change Leader from bbb4e265-cb6b-4caa-8b5d-65801261426c to null at term 2 for initElection
2019-09-17 14:54:33,332 [5824bb7b-23b5-4080-8c55-4e36ce35b3ee@group-218101269A2C:LeaderElection24] INFO  impl.LeaderElection (LeaderElection.java:askForVotes(182)) - 5824bb7b-23b5-4080-8c55-4e36ce35b3ee@group-218101269A2C:LeaderElection24: begin an election at term 3 for 0: [bbb4e265-cb6b-4caa-8b5d-65801261426c:192.168.151.72:38991, 5824bb7b-23b5-4080-8c55-4e36ce35b3ee:192.168.151.72:44174, 24ee45b5-4e6b-4499-8d3c-0bcd5a303b6d:192.168.151.72:44891], old=null
2019-09-17 14:54:33,335 [grpc-default-executor-0] INFO  impl.RaftServerImpl (ServerState.java:setLeader(253)) - 24ee45b5-4e6b-4499-8d3c-0bcd5a303b6d@group-218101269A2C: change Leader from bbb4e265-cb6b-4caa-8b5d-65801261426c to null at term 3 for updateCurrentTerm
2019-09-17 14:54:33,335 [grpc-default-executor-0] INFO  impl.RaftServerImpl (RaftServerImpl.java:setRole(174)) - 24ee45b5-4e6b-4499-8d3c-0bcd5a303b6d@group-218101269A2C: changes role from  FOLLOWER to FOLLOWER at term 3 for recognizeCandidate:5824bb7b-23b5-4080-8c55-4e36ce35b3ee
2019-09-17 14:54:33,335 [grpc-default-executor-0] INFO  impl.RoleInfo (RoleInfo.java:shutdownFollowerState(121)) - 24ee45b5-4e6b-4499-8d3c-0bcd5a303b6d: shutdown FollowerState
2019-09-17 14:54:33,335 [grpc-default-executor-0] INFO  impl.RoleInfo (RoleInfo.java:updateAndGet(143)) - 24ee45b5-4e6b-4499-8d3c-0bcd5a303b6d: start FollowerState
2019-09-17 14:54:33,335 [Thread-413] INFO  impl.FollowerState (FollowerState.java:run(115)) - 24ee45b5-4e6b-4499-8d3c-0bcd5a303b6d: FollowerState was interrupted: java.lang.InterruptedException: sleep interrupted
2019-09-17 14:54:33,346 [5824bb7b-23b5-4080-8c55-4e36ce35b3ee@group-218101269A2C:LeaderElection24] INFO  impl.LeaderElection (LeaderElection.java:logAndReturn(56)) - 5824bb7b-23b5-4080-8c55-4e36ce35b3ee@group-218101269A2C:LeaderElection24: Election PASSED; received 1 response(s) [5824bb7b-23b5-4080-8c55-4e36ce35b3ee<-24ee45b5-4e6b-4499-8d3c-0bcd5a303b6d#0:OK-t3] and 0 exception(s); 5824bb7b-23b5-4080-8c55-4e36ce35b3ee@group-218101269A2C:t3, leader=null, voted=5824bb7b-23b5-4080-8c55-4e36ce35b3ee, raftlog=5824bb7b-23b5-4080-8c55-4e36ce35b3ee@group-218101269A2C-SegmentedRaftLog:OPENED:c16,f16,i16, conf=0: [bbb4e265-cb6b-4caa-8b5d-65801261426c:192.168.151.72:38991, 5824bb7b-23b5-4080-8c55-4e36ce35b3ee:192.168.151.72:44174, 24ee45b5-4e6b-4499-8d3c-0bcd5a303b6d:192.168.151.72:44891], old=null
2019-09-17 14:54:33,347 [5824bb7b-23b5-4080-8c55-4e36ce35b3ee@group-218101269A2C:LeaderElection24] INFO  impl.RoleInfo (RoleInfo.java:shutdownLeaderElection(134)) - 5824bb7b-23b5-4080-8c55-4e36ce35b3ee: shutdown LeaderElection
2019-09-17 14:54:33,357 [5824bb7b-23b5-4080-8c55-4e36ce35b3ee@group-218101269A2C:LeaderElection24] INFO  impl.RaftServerImpl (RaftServerImpl.java:setRole(174)) - 5824bb7b-23b5-4080-8c55-4e36ce35b3ee@group-218101269A2C: changes role from CANDIDATE to LEADER at term 3 for changeToLeader
2019-09-17 14:54:33,357 [5824bb7b-23b5-4080-8c55-4e36ce35b3ee@group-218101269A2C:LeaderElection24] INFO  impl.RaftServerImpl (ServerState.java:setLeader(253)) - 5824bb7b-23b5-4080-8c55-4e36ce35b3ee@group-218101269A2C: change Leader from null to 5824bb7b-23b5-4080-8c55-4e36ce35b3ee at term 3 for becomeLeader, leader elected after 38ms
2019-09-17 14:54:33,358 [5824bb7b-23b5-4080-8c55-4e36ce35b3ee@group-218101269A2C:LeaderElection24] INFO  server.RaftServerConfigKeys (ConfUtils.java:logGet(43)) - raft.server.staging.catchup.gap = 1000 (default)
2019-09-17 14:54:33,358 [5824bb7b-23b5-4080-8c55-4e36ce35b3ee@group-218101269A2C:LeaderElection24] INFO  server.RaftServerConfigKeys (ConfUtils.java:logGet(43)) - raft.server.rpc.sleep.time = 25ms (default)
2019-09-17 14:54:33,358 [5824bb7b-23b5-4080-8c55-4e36ce35b3ee@group-218101269A2C:LeaderElection24] INFO  server.RaftServerConfigKeys (ConfUtils.java:logGet(43)) - raft.server.write.element-limit = 4096 (default)
2019-09-17 14:54:33,358 [5824bb7b-23b5-4080-8c55-4e36ce35b3ee@group-218101269A2C:LeaderElection24] INFO  server.RaftServerConfigKeys (ConfUtils.java:logGet(43)) - raft.server.watch.timeout = 10s (default)
2019-09-17 14:54:33,358 [5824bb7b-23b5-4080-8c55-4e36ce35b3ee@group-218101269A2C:LeaderElection24] INFO  server.RaftServerConfigKeys (ConfUtils.java:logGet(43)) - raft.server.watch.timeout.denomination = 1s (default)
2019-09-17 14:54:33,358 [5824bb7b-23b5-4080-8c55-4e36ce35b3ee@group-218101269A2C:LeaderElection24] INFO  server.RaftServerConfigKeys (ConfUtils.java:logGet(43)) - raft.server.watch.element-limit = 65536 (default)
2019-09-17 14:54:33,361 [5824bb7b-23b5-4080-8c55-4e36ce35b3ee@group-218101269A2C:LeaderElection24] INFO  server.RaftServerConfigKeys (ConfUtils.java:logGet(43)) - raft.server.log.appender.snapshot.chunk.size.max = 16MB (=16777216) (default)
2019-09-17 14:54:33,361 [5824bb7b-23b5-4080-8c55-4e36ce35b3ee@group-218101269A2C:LeaderElection24] INFO  server.RaftServerConfigKeys (ConfUtils.java:logGet(43)) - raft.server.log.appender.buffer.byte-limit = 33554432 (custom)
2019-09-17 14:54:33,362 [5824bb7b-23b5-4080-8c55-4e36ce35b3ee@group-218101269A2C:LeaderElection24] INFO  server.RaftServerConfigKeys (ConfUtils.java:logGet(43)) - raft.server.log.appender.buffer.element-limit = 1 (custom)
2019-09-17 14:54:33,362 [5824bb7b-23b5-4080-8c55-4e36ce35b3ee@group-218101269A2C:LeaderElection24] INFO  grpc.GrpcConfigKeys$Server (ConfUtils.java:logGet(43)) - raft.grpc.server.leader.outstanding.appends.max = 128 (default)
2019-09-17 14:54:33,362 [5824bb7b-23b5-4080-8c55-4e36ce35b3ee@group-218101269A2C:LeaderElection24] INFO  server.RaftServerConfigKeys (ConfUtils.java:logGet(43)) - raft.server.rpc.request.timeout = 3000ms (default)
2019-09-17 14:54:33,362 [5824bb7b-23b5-4080-8c55-4e36ce35b3ee@group-218101269A2C:LeaderElection24] INFO  server.RaftServerConfigKeys (ConfUtils.java:logGet(43)) - raft.server.log.appender.install.snapshot.enabled = false (custom)
2019-09-17 14:54:33,362 [5824bb7b-23b5-4080-8c55-4e36ce35b3ee@group-218101269A2C:LeaderElection24] INFO  server.RaftServerConfigKeys (ConfUtils.java:logGet(43)) - raft.server.log.appender.snapshot.chunk.size.max = 16MB (=16777216) (default)
2019-09-17 14:54:33,362 [5824bb7b-23b5-4080-8c55-4e36ce35b3ee@group-218101269A2C:LeaderElection24] INFO  server.RaftServerConfigKeys (ConfUtils.java:logGet(43)) - raft.server.log.appender.buffer.byte-limit = 33554432 (custom)
2019-09-17 14:54:33,363 [5824bb7b-23b5-4080-8c55-4e36ce35b3ee@group-218101269A2C:LeaderElection24] INFO  server.RaftServerConfigKeys (ConfUtils.java:logGet(43)) - raft.server.log.appender.buffer.element-limit = 1 (custom)
2019-09-17 14:54:33,363 [5824bb7b-23b5-4080-8c55-4e36ce35b3ee@group-218101269A2C:LeaderElection24] INFO  grpc.GrpcConfigKeys$Server (ConfUtils.java:logGet(43)) - raft.grpc.server.leader.outstanding.appends.max = 128 (default)
2019-09-17 14:54:33,363 [5824bb7b-23b5-4080-8c55-4e36ce35b3ee@group-218101269A2C:LeaderElection24] INFO  server.RaftServerConfigKeys (ConfUtils.java:logGet(43)) - raft.server.rpc.request.timeout = 3000ms (default)
2019-09-17 14:54:33,363 [5824bb7b-23b5-4080-8c55-4e36ce35b3ee@group-218101269A2C:LeaderElection24] INFO  server.RaftServerConfigKeys (ConfUtils.java:logGet(43)) - raft.server.log.appender.install.snapshot.enabled = false (custom)
2019-09-17 14:54:33,363 [5824bb7b-23b5-4080-8c55-4e36ce35b3ee@group-218101269A2C:LeaderElection24] INFO  impl.RoleInfo (RoleInfo.java:updateAndGet(143)) - 5824bb7b-23b5-4080-8c55-4e36ce35b3ee: start LeaderState
2019-09-17 14:54:33,364 [5824bb7b-23b5-4080-8c55-4e36ce35b3ee@group-218101269A2C:LeaderElection24] INFO  segmented.SegmentedRaftLogWorker (SegmentedRaftLogWorker.java:rollLogSegment(385)) - 5824bb7b-23b5-4080-8c55-4e36ce35b3ee@group-218101269A2C-SegmentedRaftLogWorker: Rolling segment log-0_16 to index:16
2019-09-17 14:54:33,365 [5824bb7b-23b5-4080-8c55-4e36ce35b3ee@group-218101269A2C:LeaderElection24] INFO  impl.RaftServerImpl (ServerState.java:setRaftConf(354)) - 5824bb7b-23b5-4080-8c55-4e36ce35b3ee@group-218101269A2C: set configuration 17: [bbb4e265-cb6b-4caa-8b5d-65801261426c:192.168.151.72:38991, 5824bb7b-23b5-4080-8c55-4e36ce35b3ee:192.168.151.72:44174, 24ee45b5-4e6b-4499-8d3c-0bcd5a303b6d:192.168.151.72:44891], old=null at 17
2019-09-17 14:54:33,366 [5824bb7b-23b5-4080-8c55-4e36ce35b3ee@group-218101269A2C-SegmentedRaftLogWorker] INFO  segmented.SegmentedRaftLogWorker (SegmentedRaftLogWorker.java:execute(526)) - 5824bb7b-23b5-4080-8c55-4e36ce35b3ee@group-218101269A2C-SegmentedRaftLogWorker: Rolled log segment from /workdir/hadoop-ozone/integration-test/target/test-dir/MiniOzoneClusterImpl-845ee491-3861-4700-afca-e6762de221c3/datanode-7/data/ratis/4f8d5d5a-f561-4b2a-a81e-218101269a2c/current/log_inprogress_0 to /workdir/hadoop-ozone/integration-test/target/test-dir/MiniOzoneClusterImpl-845ee491-3861-4700-afca-e6762de221c3/datanode-7/data/ratis/4f8d5d5a-f561-4b2a-a81e-218101269a2c/current/log_0-16
2019-09-17 14:54:33,375 [grpc-default-executor-2] WARN  server.GrpcLogAppender (LogUtils.java:warn(134)) - 5824bb7b-23b5-4080-8c55-4e36ce35b3ee@group-218101269A2C->bbb4e265-cb6b-4caa-8b5d-65801261426c-AppendLogResponseHandler: Failed appendEntries: org.apache.ratis.thirdparty.io.grpc.StatusRuntimeException: UNAVAILABLE: io exception
2019-09-17 14:54:33,382 [grpc-default-executor-2] INFO  impl.FollowerInfo (FollowerInfo.java:lambda$new$0(51)) - 5824bb7b-23b5-4080-8c55-4e36ce35b3ee@group-218101269A2C->bbb4e265-cb6b-4caa-8b5d-65801261426c: nextIndex: updateUnconditionally 17 -> 1
2019-09-17 14:54:33,382 [grpc-default-executor-0] INFO  impl.RaftServerImpl (ServerState.java:setLeader(253)) - 24ee45b5-4e6b-4499-8d3c-0bcd5a303b6d@group-218101269A2C: change Leader from null to 5824bb7b-23b5-4080-8c55-4e36ce35b3ee at term 3 for appendEntries, leader elected after 47ms
2019-09-17 14:54:33,415 [grpc-default-executor-0] INFO  impl.RaftServerImpl (ServerState.java:setRaftConf(354)) - 24ee45b5-4e6b-4499-8d3c-0bcd5a303b6d@group-218101269A2C: set configuration 17: [bbb4e265-cb6b-4caa-8b5d-65801261426c:192.168.151.72:38991, 5824bb7b-23b5-4080-8c55-4e36ce35b3ee:192.168.151.72:44174, 24ee45b5-4e6b-4499-8d3c-0bcd5a303b6d:192.168.151.72:44891], old=null at 17
2019-09-17 14:54:33,416 [grpc-default-executor-0] INFO  segmented.SegmentedRaftLogWorker (SegmentedRaftLogWorker.java:rollLogSegment(385)) - 24ee45b5-4e6b-4499-8d3c-0bcd5a303b6d@group-218101269A2C-SegmentedRaftLogWorker: Rolling segment log-0_16 to index:16
2019-09-17 14:54:33,416 [24ee45b5-4e6b-4499-8d3c-0bcd5a303b6d@group-218101269A2C-SegmentedRaftLogWorker] INFO  segmented.SegmentedRaftLogWorker (SegmentedRaftLogWorker.java:execute(526)) - 24ee45b5-4e6b-4499-8d3c-0bcd5a303b6d@group-218101269A2C-SegmentedRaftLogWorker: Rolled log segment from /workdir/hadoop-ozone/integration-test/target/test-dir/MiniOzoneClusterImpl-845ee491-3861-4700-afca-e6762de221c3/datanode-3/data/ratis/4f8d5d5a-f561-4b2a-a81e-218101269a2c/current/log_inprogress_0 to /workdir/hadoop-ozone/integration-test/target/test-dir/MiniOzoneClusterImpl-845ee491-3861-4700-afca-e6762de221c3/datanode-3/data/ratis/4f8d5d5a-f561-4b2a-a81e-218101269a2c/current/log_0-16
2019-09-17 14:54:33,437 [5824bb7b-23b5-4080-8c55-4e36ce35b3ee@group-218101269A2C-SegmentedRaftLogWorker] INFO  segmented.SegmentedRaftLogWorker (SegmentedRaftLogWorker.java:execute(569)) - 5824bb7b-23b5-4080-8c55-4e36ce35b3ee@group-218101269A2C-SegmentedRaftLogWorker: created new log segment /workdir/hadoop-ozone/integration-test/target/test-dir/MiniOzoneClusterImpl-845ee491-3861-4700-afca-e6762de221c3/datanode-7/data/ratis/4f8d5d5a-f561-4b2a-a81e-218101269a2c/current/log_inprogress_17
2019-09-17 14:54:33,458 [24ee45b5-4e6b-4499-8d3c-0bcd5a303b6d@group-218101269A2C-SegmentedRaftLogWorker] INFO  segmented.SegmentedRaftLogWorker (SegmentedRaftLogWorker.java:execute(569)) - 24ee45b5-4e6b-4499-8d3c-0bcd5a303b6d@group-218101269A2C-SegmentedRaftLogWorker: created new log segment /workdir/hadoop-ozone/integration-test/target/test-dir/MiniOzoneClusterImpl-845ee491-3861-4700-afca-e6762de221c3/datanode-3/data/ratis/4f8d5d5a-f561-4b2a-a81e-218101269a2c/current/log_inprogress_17
2019-09-17 14:54:33,504 [grpc-default-executor-4] WARN  server.GrpcLogAppender (LogUtils.java:warn(134)) - 5824bb7b-23b5-4080-8c55-4e36ce35b3ee@group-218101269A2C->bbb4e265-cb6b-4caa-8b5d-65801261426c-AppendLogResponseHandler: Failed appendEntries: org.apache.ratis.thirdparty.io.grpc.StatusRuntimeException: UNAVAILABLE: io exception
2019-09-17 14:54:33,508 [grpc-default-executor-4] INFO  impl.FollowerInfo (FollowerInfo.java:lambda$new$0(51)) - 5824bb7b-23b5-4080-8c55-4e36ce35b3ee@group-218101269A2C->bbb4e265-cb6b-4caa-8b5d-65801261426c: nextIndex: updateUnconditionally 2 -> 1
2019-09-17 14:54:34,004 [grpc-default-executor-2] WARN  server.GrpcLogAppender (LogUtils.java:warn(134)) - 5824bb7b-23b5-4080-8c55-4e36ce35b3ee@group-218101269A2C->bbb4e265-cb6b-4caa-8b5d-65801261426c-AppendLogResponseHandler: Failed appendEntries: org.apache.ratis.thirdparty.io.grpc.StatusRuntimeException: UNAVAILABLE: io exception
2019-09-17 14:54:34,009 [grpc-default-executor-2] INFO  impl.FollowerInfo (FollowerInfo.java:lambda$new$0(51)) - 5824bb7b-23b5-4080-8c55-4e36ce35b3ee@group-218101269A2C->bbb4e265-cb6b-4caa-8b5d-65801261426c: nextIndex: updateUnconditionally 1 -> 0
2019-09-17 14:54:34,506 [grpc-default-executor-4] WARN  server.GrpcLogAppender (LogUtils.java:warn(134)) - 5824bb7b-23b5-4080-8c55-4e36ce35b3ee@group-218101269A2C->bbb4e265-cb6b-4caa-8b5d-65801261426c-AppendLogResponseHandler: Failed appendEntries: org.apache.ratis.thirdparty.io.grpc.StatusRuntimeException: UNAVAILABLE: io exception
2019-09-17 14:54:34,510 [grpc-default-executor-4] INFO  impl.FollowerInfo (FollowerInfo.java:lambda$new$0(51)) - 5824bb7b-23b5-4080-8c55-4e36ce35b3ee@group-218101269A2C->bbb4e265-cb6b-4caa-8b5d-65801261426c: nextIndex: updateUnconditionally 0 -> 0
2019-09-17 14:54:35,009 [grpc-default-executor-2] WARN  server.GrpcLogAppender (LogUtils.java:warn(134)) - 5824bb7b-23b5-4080-8c55-4e36ce35b3ee@group-218101269A2C->bbb4e265-cb6b-4caa-8b5d-65801261426c-AppendLogResponseHandler: Failed appendEntries: org.apache.ratis.thirdparty.io.grpc.StatusRuntimeException: UNAVAILABLE: io exception
2019-09-17 14:54:35,018 [grpc-default-executor-2] INFO  impl.FollowerInfo (FollowerInfo.java:lambda$new$0(51)) - 5824bb7b-23b5-4080-8c55-4e36ce35b3ee@group-218101269A2C->bbb4e265-cb6b-4caa-8b5d-65801261426c: nextIndex: updateUnconditionally 0 -> 0
2019-09-17 14:54:35,324 [java.util.concurrent.ThreadPoolExecutor$Worker@1fe41ca9[State = -1, empty queue]] WARN  server.GrpcLogAppender (GrpcLogAppender.java:timeoutAppendRequest(200)) - 64dc86e1-b58a-47fa-9209-c80a04613504@group-85515DBFC7EF->0d659ca8-8d3f-4ad5-ad2a-cdb4ab88523b-GrpcLogAppender: appendEntries Timeout, request=64dc86e1-b58a-47fa-9209-c80a04613504->0d659ca8-8d3f-4ad5-ad2a-cdb4ab88523b#31-t2, previous=(t:2, i:16), leaderCommit=16, initializing? false, entries: size=1, first=(t:2, i:17), STATEMACHINELOGENTRY, client-30C4B51AD9D2, cid=49
2019-09-17 14:54:35,325 [java.util.concurrent.ThreadPoolExecutor$Worker@486b56da[State = -1, empty queue]] WARN  server.GrpcLogAppender (GrpcLogAppender.java:timeoutAppendRequest(200)) - 64dc86e1-b58a-47fa-9209-c80a04613504@group-85515DBFC7EF->296d1e6a-4d03-4625-a926-8603881e9a06-GrpcLogAppender: appendEntries Timeout, request=64dc86e1-b58a-47fa-9209-c80a04613504->296d1e6a-4d03-4625-a926-8603881e9a06#31-t2, previous=(t:2, i:16), leaderCommit=16, initializing? false, entries: size=1, first=(t:2, i:17), STATEMACHINELOGENTRY, client-30C4B51AD9D2, cid=49
2019-09-17 14:54:35,325 [java.util.concurrent.ThreadPoolExecutor$Worker@1fe41ca9[State = -1, empty queue]] WARN  server.GrpcLogAppender (GrpcLogAppender.java:timeoutAppendRequest(200)) - 64dc86e1-b58a-47fa-9209-c80a04613504@group-85515DBFC7EF->0d659ca8-8d3f-4ad5-ad2a-cdb4ab88523b-GrpcLogAppender: appendEntries Timeout, request=64dc86e1-b58a-47fa-9209-c80a04613504->0d659ca8-8d3f-4ad5-ad2a-cdb4ab88523b#32-t2, previous=(t:2, i:17), leaderCommit=16, initializing? false, entries: size=1, first=(t:2, i:18), STATEMACHINELOGENTRY, client-30C4B51AD9D2, cid=50
2019-09-17 14:54:35,331 [java.util.concurrent.ThreadPoolExecutor$Worker@486b56da[State = -1, empty queue]] WARN  server.GrpcLogAppender (GrpcLogAppender.java:timeoutAppendRequest(200)) - 64dc86e1-b58a-47fa-9209-c80a04613504@group-85515DBFC7EF->296d1e6a-4d03-4625-a926-8603881e9a06-GrpcLogAppender: appendEntries Timeout, request=64dc86e1-b58a-47fa-9209-c80a04613504->296d1e6a-4d03-4625-a926-8603881e9a06#32-t2, previous=(t:2, i:17), leaderCommit=16, initializing? false, entries: size=1, first=(t:2, i:18), STATEMACHINELOGENTRY, client-30C4B51AD9D2, cid=50
2019-09-17 14:54:35,335 [java.util.concurrent.ThreadPoolExecutor$Worker@1fe41ca9[State = -1, empty queue]] WARN  server.GrpcLogAppender (GrpcLogAppender.java:timeoutAppendRequest(200)) - 64dc86e1-b58a-47fa-9209-c80a04613504@group-85515DBFC7EF->0d659ca8-8d3f-4ad5-ad2a-cdb4ab88523b-GrpcLogAppender: appendEntries Timeout, request=64dc86e1-b58a-47fa-9209-c80a04613504->0d659ca8-8d3f-4ad5-ad2a-cdb4ab88523b#33-t2, previous=(t:2, i:18), leaderCommit=16, initializing? false, entries: size=1, first=(t:2, i:19), STATEMACHINELOGENTRY, client-30C4B51AD9D2, cid=51
2019-09-17 14:54:35,337 [java.util.concurrent.ThreadPoolExecutor$Worker@1fe41ca9[State = -1, empty queue]] WARN  server.GrpcLogAppender (GrpcLogAppender.java:timeoutAppendRequest(200)) - 64dc86e1-b58a-47fa-9209-c80a04613504@group-85515DBFC7EF->0d659ca8-8d3f-4ad5-ad2a-cdb4ab88523b-GrpcLogAppender: appendEntries Timeout, request=64dc86e1-b58a-47fa-9209-c80a04613504->0d659ca8-8d3f-4ad5-ad2a-cdb4ab88523b#34-t2, previous=(t:2, i:19), leaderCommit=16, initializing? false, entries: size=1, first=(t:2, i:20), STATEMACHINELOGENTRY, client-30C4B51AD9D2, cid=52
2019-09-17 14:54:35,338 [java.util.concurrent.ThreadPoolExecutor$Worker@486b56da[State = -1, empty queue]] WARN  server.GrpcLogAppender (GrpcLogAppender.java:timeoutAppendRequest(200)) - 64dc86e1-b58a-47fa-9209-c80a04613504@group-85515DBFC7EF->296d1e6a-4d03-4625-a926-8603881e9a06-GrpcLogAppender: appendEntries Timeout, request=64dc86e1-b58a-47fa-9209-c80a04613504->296d1e6a-4d03-4625-a926-8603881e9a06#33-t2, previous=(t:2, i:18), leaderCommit=16, initializing? false, entries: size=1, first=(t:2, i:19), STATEMACHINELOGENTRY, client-30C4B51AD9D2, cid=51
2019-09-17 14:54:35,340 [java.util.concurrent.ThreadPoolExecutor$Worker@486b56da[State = -1, empty queue]] WARN  server.GrpcLogAppender (GrpcLogAppender.java:timeoutAppendRequest(200)) - 64dc86e1-b58a-47fa-9209-c80a04613504@group-85515DBFC7EF->296d1e6a-4d03-4625-a926-8603881e9a06-GrpcLogAppender: appendEntries Timeout, request=64dc86e1-b58a-47fa-9209-c80a04613504->296d1e6a-4d03-4625-a926-8603881e9a06#34-t2, previous=(t:2, i:19), leaderCommit=16, initializing? false, entries: size=1, first=(t:2, i:20), STATEMACHINELOGENTRY, client-30C4B51AD9D2, cid=52
2019-09-17 14:54:35,512 [grpc-default-executor-2] WARN  server.GrpcLogAppender (LogUtils.java:warn(134)) - 5824bb7b-23b5-4080-8c55-4e36ce35b3ee@group-218101269A2C->bbb4e265-cb6b-4caa-8b5d-65801261426c-AppendLogResponseHandler: Failed appendEntries: org.apache.ratis.thirdparty.io.grpc.StatusRuntimeException: UNAVAILABLE: io exception
2019-09-17 14:54:35,517 [grpc-default-executor-2] INFO  impl.FollowerInfo (FollowerInfo.java:lambda$new$0(51)) - 5824bb7b-23b5-4080-8c55-4e36ce35b3ee@group-218101269A2C->bbb4e265-cb6b-4caa-8b5d-65801261426c: nextIndex: updateUnconditionally 0 -> 0
2019-09-17 14:54:35,830 [java.util.concurrent.ThreadPoolExecutor$Worker@486b56da[State = -1, empty queue]] WARN  server.GrpcLogAppender (GrpcLogAppender.java:timeoutAppendRequest(200)) - 64dc86e1-b58a-47fa-9209-c80a04613504@group-85515DBFC7EF->296d1e6a-4d03-4625-a926-8603881e9a06-GrpcLogAppender: appendEntries Timeout, request=64dc86e1-b58a-47fa-9209-c80a04613504->296d1e6a-4d03-4625-a926-8603881e9a06#35-t2, previous=(t:2, i:20), leaderCommit=16, initializing? false, entries: <empty>
2019-09-17 14:54:35,834 [java.util.concurrent.ThreadPoolExecutor$Worker@1fe41ca9[State = -1, empty queue]] WARN  server.GrpcLogAppender (GrpcLogAppender.java:timeoutAppendRequest(200)) - 64dc86e1-b58a-47fa-9209-c80a04613504@group-85515DBFC7EF->0d659ca8-8d3f-4ad5-ad2a-cdb4ab88523b-GrpcLogAppender: appendEntries Timeout, request=64dc86e1-b58a-47fa-9209-c80a04613504->0d659ca8-8d3f-4ad5-ad2a-cdb4ab88523b#35-t2, previous=(t:2, i:20), leaderCommit=16, initializing? false, entries: <empty>
2019-09-17 14:54:36,012 [grpc-default-executor-4] WARN  server.GrpcLogAppender (LogUtils.java:warn(134)) - 5824bb7b-23b5-4080-8c55-4e36ce35b3ee@group-218101269A2C->bbb4e265-cb6b-4caa-8b5d-65801261426c-AppendLogResponseHandler: Failed appendEntries: org.apache.ratis.thirdparty.io.grpc.StatusRuntimeException: UNAVAILABLE: io exception
2019-09-17 14:54:36,016 [grpc-default-executor-4] INFO  impl.FollowerInfo (FollowerInfo.java:lambda$new$0(51)) - 5824bb7b-23b5-4080-8c55-4e36ce35b3ee@group-218101269A2C->bbb4e265-cb6b-4caa-8b5d-65801261426c: nextIndex: updateUnconditionally 0 -> 0
2019-09-17 14:54:36,331 [java.util.concurrent.ThreadPoolExecutor$Worker@486b56da[State = -1, empty queue]] WARN  server.GrpcLogAppender (GrpcLogAppender.java:timeoutAppendRequest(200)) - 64dc86e1-b58a-47fa-9209-c80a04613504@group-85515DBFC7EF->296d1e6a-4d03-4625-a926-8603881e9a06-GrpcLogAppender: appendEntries Timeout, request=64dc86e1-b58a-47fa-9209-c80a04613504->296d1e6a-4d03-4625-a926-8603881e9a06#36-t2, previous=(t:2, i:20), leaderCommit=16, initializing? false, entries: <empty>
2019-09-17 14:54:36,331 [java.util.concurrent.ThreadPoolExecutor$Worker@1fe41ca9[State = -1, empty queue]] WARN  server.GrpcLogAppender (GrpcLogAppender.java:timeoutAppendRequest(200)) - 64dc86e1-b58a-47fa-9209-c80a04613504@group-85515DBFC7EF->0d659ca8-8d3f-4ad5-ad2a-cdb4ab88523b-GrpcLogAppender: appendEntries Timeout, request=64dc86e1-b58a-47fa-9209-c80a04613504->0d659ca8-8d3f-4ad5-ad2a-cdb4ab88523b#36-t2, previous=(t:2, i:20), leaderCommit=16, initializing? false, entries: <empty>
2019-09-17 14:54:36,513 [grpc-default-executor-2] WARN  server.GrpcLogAppender (LogUtils.java:warn(134)) - 5824bb7b-23b5-4080-8c55-4e36ce35b3ee@group-218101269A2C->bbb4e265-cb6b-4caa-8b5d-65801261426c-AppendLogResponseHandler: Failed appendEntries: org.apache.ratis.thirdparty.io.grpc.StatusRuntimeException: UNAVAILABLE: io exception
2019-09-17 14:54:36,516 [grpc-default-executor-2] INFO  impl.FollowerInfo (FollowerInfo.java:lambda$new$0(51)) - 5824bb7b-23b5-4080-8c55-4e36ce35b3ee@group-218101269A2C->bbb4e265-cb6b-4caa-8b5d-65801261426c: nextIndex: updateUnconditionally 0 -> 0
2019-09-17 14:54:36,831 [java.util.concurrent.ThreadPoolExecutor$Worker@486b56da[State = -1, empty queue]] WARN  server.GrpcLogAppender (GrpcLogAppender.java:timeoutAppendRequest(200)) - 64dc86e1-b58a-47fa-9209-c80a04613504@group-85515DBFC7EF->296d1e6a-4d03-4625-a926-8603881e9a06-GrpcLogAppender: appendEntries Timeout, request=64dc86e1-b58a-47fa-9209-c80a04613504->296d1e6a-4d03-4625-a926-8603881e9a06#37-t2, previous=(t:2, i:20), leaderCommit=16, initializing? false, entries: <empty>
2019-09-17 14:54:36,831 [java.util.concurrent.ThreadPoolExecutor$Worker@1fe41ca9[State = -1, empty queue]] WARN  server.GrpcLogAppender (GrpcLogAppender.java:timeoutAppendRequest(200)) - 64dc86e1-b58a-47fa-9209-c80a04613504@group-85515DBFC7EF->0d659ca8-8d3f-4ad5-ad2a-cdb4ab88523b-GrpcLogAppender: appendEntries Timeout, request=64dc86e1-b58a-47fa-9209-c80a04613504->0d659ca8-8d3f-4ad5-ad2a-cdb4ab88523b#37-t2, previous=(t:2, i:20), leaderCommit=16, initializing? false, entries: <empty>
2019-09-17 14:54:37,013 [grpc-default-executor-4] WARN  server.GrpcLogAppender (LogUtils.java:warn(134)) - 5824bb7b-23b5-4080-8c55-4e36ce35b3ee@group-218101269A2C->bbb4e265-cb6b-4caa-8b5d-65801261426c-AppendLogResponseHandler: Failed appendEntries: org.apache.ratis.thirdparty.io.grpc.StatusRuntimeException: UNAVAILABLE: io exception
2019-09-17 14:54:37,018 [grpc-default-executor-4] INFO  impl.FollowerInfo (FollowerInfo.java:lambda$new$0(51)) - 5824bb7b-23b5-4080-8c55-4e36ce35b3ee@group-218101269A2C->bbb4e265-cb6b-4caa-8b5d-65801261426c: nextIndex: updateUnconditionally 0 -> 0
2019-09-17 14:54:37,332 [java.util.concurrent.ThreadPoolExecutor$Worker@1fe41ca9[State = -1, empty queue]] WARN  server.GrpcLogAppender (GrpcLogAppender.java:timeoutAppendRequest(200)) - 64dc86e1-b58a-47fa-9209-c80a04613504@group-85515DBFC7EF->0d659ca8-8d3f-4ad5-ad2a-cdb4ab88523b-GrpcLogAppender: appendEntries Timeout, request=64dc86e1-b58a-47fa-9209-c80a04613504->0d659ca8-8d3f-4ad5-ad2a-cdb4ab88523b#38-t2, previous=(t:2, i:20), leaderCommit=16, initializing? false, entries: <empty>
2019-09-17 14:54:37,332 [java.util.concurrent.ThreadPoolExecutor$Worker@486b56da[State = -1, empty queue]] WARN  server.GrpcLogAppender (GrpcLogAppender.java:timeoutAppendRequest(200)) - 64dc86e1-b58a-47fa-9209-c80a04613504@group-85515DBFC7EF->296d1e6a-4d03-4625-a926-8603881e9a06-GrpcLogAppender: appendEntries Timeout, request=64dc86e1-b58a-47fa-9209-c80a04613504->296d1e6a-4d03-4625-a926-8603881e9a06#38-t2, previous=(t:2, i:20), leaderCommit=16, initializing? false, entries: <empty>
2019-09-17 14:54:37,400 [grpc-default-executor-4] INFO  client.GrpcClientProtocolClient (GrpcClientProtocolClient.java:onNext(264)) - client-30C4B51AD9D2->0d659ca8-8d3f-4ad5-ad2a-cdb4ab88523b: receive RaftClientReply:client-30C4B51AD9D2->0d659ca8-8d3f-4ad5-ad2a-cdb4ab88523b@group-85515DBFC7EF, cid=49, FAILED org.apache.ratis.protocol.NotLeaderException: Server 0d659ca8-8d3f-4ad5-ad2a-cdb4ab88523b@group-85515DBFC7EF is not the leader 64dc86e1-b58a-47fa-9209-c80a04613504:192.168.151.72:41434, logIndex=0, commits[0d659ca8-8d3f-4ad5-ad2a-cdb4ab88523b:c16, 296d1e6a-4d03-4625-a926-8603881e9a06:c16, 64dc86e1-b58a-47fa-9209-c80a04613504:c16]
2019-09-17 14:54:37,514 [grpc-default-executor-0] WARN  server.GrpcLogAppender (LogUtils.java:warn(134)) - 5824bb7b-23b5-4080-8c55-4e36ce35b3ee@group-218101269A2C->bbb4e265-cb6b-4caa-8b5d-65801261426c-AppendLogResponseHandler: Failed appendEntries: org.apache.ratis.thirdparty.io.grpc.StatusRuntimeException: UNAVAILABLE: io exception
2019-09-17 14:54:37,518 [grpc-default-executor-0] INFO  impl.FollowerInfo (FollowerInfo.java:lambda$new$0(51)) - 5824bb7b-23b5-4080-8c55-4e36ce35b3ee@group-218101269A2C->bbb4e265-cb6b-4caa-8b5d-65801261426c: nextIndex: updateUnconditionally 0 -> 0
2019-09-17 14:54:37,832 [java.util.concurrent.ThreadPoolExecutor$Worker@1fe41ca9[State = -1, empty queue]] WARN  server.GrpcLogAppender (GrpcLogAppender.java:timeoutAppendRequest(200)) - 64dc86e1-b58a-47fa-9209-c80a04613504@group-85515DBFC7EF->0d659ca8-8d3f-4ad5-ad2a-cdb4ab88523b-GrpcLogAppender: appendEntries Timeout, request=64dc86e1-b58a-47fa-9209-c80a04613504->0d659ca8-8d3f-4ad5-ad2a-cdb4ab88523b#39-t2, previous=(t:2, i:20), leaderCommit=16, initializing? false, entries: <empty>
2019-09-17 14:54:37,833 [java.util.concurrent.ThreadPoolExecutor$Worker@486b56da[State = -1, empty queue]] WARN  server.GrpcLogAppender (GrpcLogAppender.java:timeoutAppendRequest(200)) - 64dc86e1-b58a-47fa-9209-c80a04613504@group-85515DBFC7EF->296d1e6a-4d03-4625-a926-8603881e9a06-GrpcLogAppender: appendEntries Timeout, request=64dc86e1-b58a-47fa-9209-c80a04613504->296d1e6a-4d03-4625-a926-8603881e9a06#39-t2, previous=(t:2, i:20), leaderCommit=16, initializing? false, entries: <empty>
2019-09-17 14:54:38,015 [grpc-default-executor-2] WARN  server.GrpcLogAppender (LogUtils.java:warn(134)) - 5824bb7b-23b5-4080-8c55-4e36ce35b3ee@group-218101269A2C->bbb4e265-cb6b-4caa-8b5d-65801261426c-AppendLogResponseHandler: Failed appendEntries: org.apache.ratis.thirdparty.io.grpc.StatusRuntimeException: UNAVAILABLE: io exception
2019-09-17 14:54:38,019 [grpc-default-executor-2] INFO  impl.FollowerInfo (FollowerInfo.java:lambda$new$0(51)) - 5824bb7b-23b5-4080-8c55-4e36ce35b3ee@group-218101269A2C->bbb4e265-cb6b-4caa-8b5d-65801261426c: nextIndex: updateUnconditionally 0 -> 0
2019-09-17 14:54:38,341 [java.util.concurrent.ThreadPoolExecutor$Worker@486b56da[State = -1, empty queue]] WARN  server.GrpcLogAppender (GrpcLogAppender.java:timeoutAppendRequest(200)) - 64dc86e1-b58a-47fa-9209-c80a04613504@group-85515DBFC7EF->296d1e6a-4d03-4625-a926-8603881e9a06-GrpcLogAppender: appendEntries Timeout, request=64dc86e1-b58a-47fa-9209-c80a04613504->296d1e6a-4d03-4625-a926-8603881e9a06#40-t2, previous=(t:2, i:20), leaderCommit=16, initializing? false, entries: <empty>
2019-09-17 14:54:38,341 [java.util.concurrent.ThreadPoolExecutor$Worker@1fe41ca9[State = -1, empty queue]] WARN  server.GrpcLogAppender (GrpcLogAppender.java:timeoutAppendRequest(200)) - 64dc86e1-b58a-47fa-9209-c80a04613504@group-85515DBFC7EF->0d659ca8-8d3f-4ad5-ad2a-cdb4ab88523b-GrpcLogAppender: appendEntries Timeout, request=64dc86e1-b58a-47fa-9209-c80a04613504->0d659ca8-8d3f-4ad5-ad2a-cdb4ab88523b#40-t2, previous=(t:2, i:20), leaderCommit=16, initializing? false, entries: <empty>
2019-09-17 14:54:38,516 [grpc-default-executor-4] WARN  server.GrpcLogAppender (LogUtils.java:warn(134)) - 5824bb7b-23b5-4080-8c55-4e36ce35b3ee@group-218101269A2C->bbb4e265-cb6b-4caa-8b5d-65801261426c-AppendLogResponseHandler: Failed appendEntries: org.apache.ratis.thirdparty.io.grpc.StatusRuntimeException: UNAVAILABLE: io exception
2019-09-17 14:54:38,529 [grpc-default-executor-4] INFO  impl.FollowerInfo (FollowerInfo.java:lambda$new$0(51)) - 5824bb7b-23b5-4080-8c55-4e36ce35b3ee@group-218101269A2C->bbb4e265-cb6b-4caa-8b5d-65801261426c: nextIndex: updateUnconditionally 0 -> 0
2019-09-17 14:54:38,842 [java.util.concurrent.ThreadPoolExecutor$Worker@486b56da[State = -1, empty queue]] WARN  server.GrpcLogAppender (GrpcLogAppender.java:timeoutAppendRequest(200)) - 64dc86e1-b58a-47fa-9209-c80a04613504@group-85515DBFC7EF->296d1e6a-4d03-4625-a926-8603881e9a06-GrpcLogAppender: appendEntries Timeout, request=64dc86e1-b58a-47fa-9209-c80a04613504->296d1e6a-4d03-4625-a926-8603881e9a06#41-t2, previous=(t:2, i:20), leaderCommit=16, initializing? false, entries: <empty>
2019-09-17 14:54:38,842 [java.util.concurrent.ThreadPoolExecutor$Worker@1fe41ca9[State = -1, empty queue]] WARN  server.GrpcLogAppender (GrpcLogAppender.java:timeoutAppendRequest(200)) - 64dc86e1-b58a-47fa-9209-c80a04613504@group-85515DBFC7EF->0d659ca8-8d3f-4ad5-ad2a-cdb4ab88523b-GrpcLogAppender: appendEntries Timeout, request=64dc86e1-b58a-47fa-9209-c80a04613504->0d659ca8-8d3f-4ad5-ad2a-cdb4ab88523b#41-t2, previous=(t:2, i:20), leaderCommit=16, initializing? false, entries: <empty>
2019-09-17 14:54:39,016 [grpc-default-executor-0] WARN  server.GrpcLogAppender (LogUtils.java:warn(134)) - 5824bb7b-23b5-4080-8c55-4e36ce35b3ee@group-218101269A2C->bbb4e265-cb6b-4caa-8b5d-65801261426c-AppendLogResponseHandler: Failed appendEntries: org.apache.ratis.thirdparty.io.grpc.StatusRuntimeException: UNAVAILABLE: io exception
2019-09-17 14:54:39,021 [grpc-default-executor-0] INFO  impl.FollowerInfo (FollowerInfo.java:lambda$new$0(51)) - 5824bb7b-23b5-4080-8c55-4e36ce35b3ee@group-218101269A2C->bbb4e265-cb6b-4caa-8b5d-65801261426c: nextIndex: updateUnconditionally 0 -> 0
2019-09-17 14:54:39,342 [java.util.concurrent.ThreadPoolExecutor$Worker@1fe41ca9[State = -1, empty queue]] WARN  server.GrpcLogAppender (GrpcLogAppender.java:timeoutAppendRequest(200)) - 64dc86e1-b58a-47fa-9209-c80a04613504@group-85515DBFC7EF->0d659ca8-8d3f-4ad5-ad2a-cdb4ab88523b-GrpcLogAppender: appendEntries Timeout, request=64dc86e1-b58a-47fa-9209-c80a04613504->0d659ca8-8d3f-4ad5-ad2a-cdb4ab88523b#42-t2, previous=(t:2, i:20), leaderCommit=16, initializing? false, entries: <empty>
2019-09-17 14:54:39,342 [java.util.concurrent.ThreadPoolExecutor$Worker@486b56da[State = -1, empty queue]] WARN  server.GrpcLogAppender (GrpcLogAppender.java:timeoutAppendRequest(200)) - 64dc86e1-b58a-47fa-9209-c80a04613504@group-85515DBFC7EF->296d1e6a-4d03-4625-a926-8603881e9a06-GrpcLogAppender: appendEntries Timeout, request=64dc86e1-b58a-47fa-9209-c80a04613504->296d1e6a-4d03-4625-a926-8603881e9a06#42-t2, previous=(t:2, i:20), leaderCommit=16, initializing? false, entries: <empty>
2019-09-17 14:54:39,517 [grpc-default-executor-2] WARN  server.GrpcLogAppender (LogUtils.java:warn(134)) - 5824bb7b-23b5-4080-8c55-4e36ce35b3ee@group-218101269A2C->bbb4e265-cb6b-4caa-8b5d-65801261426c-AppendLogResponseHandler: Failed appendEntries: org.apache.ratis.thirdparty.io.grpc.StatusRuntimeException: UNAVAILABLE: io exception
2019-09-17 14:54:39,522 [grpc-default-executor-2] INFO  impl.FollowerInfo (FollowerInfo.java:lambda$new$0(51)) - 5824bb7b-23b5-4080-8c55-4e36ce35b3ee@group-218101269A2C->bbb4e265-cb6b-4caa-8b5d-65801261426c: nextIndex: updateUnconditionally 0 -> 0
2019-09-17 14:54:39,843 [java.util.concurrent.ThreadPoolExecutor$Worker@1fe41ca9[State = -1, empty queue]] WARN  server.GrpcLogAppender (GrpcLogAppender.java:timeoutAppendRequest(200)) - 64dc86e1-b58a-47fa-9209-c80a04613504@group-85515DBFC7EF->0d659ca8-8d3f-4ad5-ad2a-cdb4ab88523b-GrpcLogAppender: appendEntries Timeout, request=64dc86e1-b58a-47fa-9209-c80a04613504->0d659ca8-8d3f-4ad5-ad2a-cdb4ab88523b#43-t2, previous=(t:2, i:20), leaderCommit=16, initializing? false, entries: <empty>
2019-09-17 14:54:39,843 [java.util.concurrent.ThreadPoolExecutor$Worker@486b56da[State = -1, empty queue]] WARN  server.GrpcLogAppender (GrpcLogAppender.java:timeoutAppendRequest(200)) - 64dc86e1-b58a-47fa-9209-c80a04613504@group-85515DBFC7EF->296d1e6a-4d03-4625-a926-8603881e9a06-GrpcLogAppender: appendEntries Timeout, request=64dc86e1-b58a-47fa-9209-c80a04613504->296d1e6a-4d03-4625-a926-8603881e9a06#43-t2, previous=(t:2, i:20), leaderCommit=16, initializing? false, entries: <empty>
2019-09-17 14:54:40,019 [grpc-default-executor-0] WARN  server.GrpcLogAppender (LogUtils.java:warn(134)) - 5824bb7b-23b5-4080-8c55-4e36ce35b3ee@group-218101269A2C->bbb4e265-cb6b-4caa-8b5d-65801261426c-AppendLogResponseHandler: Failed appendEntries: org.apache.ratis.thirdparty.io.grpc.StatusRuntimeException: UNAVAILABLE: io exception
2019-09-17 14:54:40,024 [grpc-default-executor-0] INFO  impl.FollowerInfo (FollowerInfo.java:lambda$new$0(51)) - 5824bb7b-23b5-4080-8c55-4e36ce35b3ee@group-218101269A2C->bbb4e265-cb6b-4caa-8b5d-65801261426c: nextIndex: updateUnconditionally 0 -> 0
2019-09-17 14:54:40,343 [java.util.concurrent.ThreadPoolExecutor$Worker@1fe41ca9[State = -1, empty queue]] WARN  server.GrpcLogAppender (GrpcLogAppender.java:timeoutAppendRequest(200)) - 64dc86e1-b58a-47fa-9209-c80a04613504@group-85515DBFC7EF->0d659ca8-8d3f-4ad5-ad2a-cdb4ab88523b-GrpcLogAppender: appendEntries Timeout, request=64dc86e1-b58a-47fa-9209-c80a04613504->0d659ca8-8d3f-4ad5-ad2a-cdb4ab88523b#44-t2, previous=(t:2, i:20), leaderCommit=16, initializing? false, entries: <empty>
2019-09-17 14:54:40,343 [java.util.concurrent.ThreadPoolExecutor$Worker@486b56da[State = -1, empty queue]] WARN  server.GrpcLogAppender (GrpcLogAppender.java:timeoutAppendRequest(200)) - 64dc86e1-b58a-47fa-9209-c80a04613504@group-85515DBFC7EF->296d1e6a-4d03-4625-a926-8603881e9a06-GrpcLogAppender: appendEntries Timeout, request=64dc86e1-b58a-47fa-9209-c80a04613504->296d1e6a-4d03-4625-a926-8603881e9a06#44-t2, previous=(t:2, i:20), leaderCommit=16, initializing? false, entries: <empty>
2019-09-17 14:54:40,520 [grpc-default-executor-2] WARN  server.GrpcLogAppender (LogUtils.java:warn(134)) - 5824bb7b-23b5-4080-8c55-4e36ce35b3ee@group-218101269A2C->bbb4e265-cb6b-4caa-8b5d-65801261426c-AppendLogResponseHandler: Failed appendEntries: org.apache.ratis.thirdparty.io.grpc.StatusRuntimeException: UNAVAILABLE: io exception
2019-09-17 14:54:40,524 [grpc-default-executor-2] INFO  impl.FollowerInfo (FollowerInfo.java:lambda$new$0(51)) - 5824bb7b-23b5-4080-8c55-4e36ce35b3ee@group-218101269A2C->bbb4e265-cb6b-4caa-8b5d-65801261426c: nextIndex: updateUnconditionally 0 -> 0
2019-09-17 14:54:40,844 [java.util.concurrent.ThreadPoolExecutor$Worker@486b56da[State = -1, empty queue]] WARN  server.GrpcLogAppender (GrpcLogAppender.java:timeoutAppendRequest(200)) - 64dc86e1-b58a-47fa-9209-c80a04613504@group-85515DBFC7EF->296d1e6a-4d03-4625-a926-8603881e9a06-GrpcLogAppender: appendEntries Timeout, request=64dc86e1-b58a-47fa-9209-c80a04613504->296d1e6a-4d03-4625-a926-8603881e9a06#45-t2, previous=(t:2, i:20), leaderCommit=16, initializing? false, entries: <empty>
2019-09-17 14:54:40,844 [java.util.concurrent.ThreadPoolExecutor$Worker@1fe41ca9[State = -1, empty queue]] WARN  server.GrpcLogAppender (GrpcLogAppender.java:timeoutAppendRequest(200)) - 64dc86e1-b58a-47fa-9209-c80a04613504@group-85515DBFC7EF->0d659ca8-8d3f-4ad5-ad2a-cdb4ab88523b-GrpcLogAppender: appendEntries Timeout, request=64dc86e1-b58a-47fa-9209-c80a04613504->0d659ca8-8d3f-4ad5-ad2a-cdb4ab88523b#45-t2, previous=(t:2, i:20), leaderCommit=16, initializing? false, entries: <empty>
2019-09-17 14:54:41,165 [grpc-default-executor-0] WARN  server.GrpcLogAppender (LogUtils.java:warn(134)) - 5824bb7b-23b5-4080-8c55-4e36ce35b3ee@group-218101269A2C->bbb4e265-cb6b-4caa-8b5d-65801261426c-AppendLogResponseHandler: Failed appendEntries: org.apache.ratis.thirdparty.io.grpc.StatusRuntimeException: UNAVAILABLE: io exception
2019-09-17 14:54:41,169 [grpc-default-executor-0] INFO  impl.FollowerInfo (FollowerInfo.java:lambda$new$0(51)) - 5824bb7b-23b5-4080-8c55-4e36ce35b3ee@group-218101269A2C->bbb4e265-cb6b-4caa-8b5d-65801261426c: nextIndex: updateUnconditionally 0 -> 0
2019-09-17 14:54:41,344 [java.util.concurrent.ThreadPoolExecutor$Worker@1fe41ca9[State = -1, empty queue]] WARN  server.GrpcLogAppender (GrpcLogAppender.java:timeoutAppendRequest(200)) - 64dc86e1-b58a-47fa-9209-c80a04613504@group-85515DBFC7EF->0d659ca8-8d3f-4ad5-ad2a-cdb4ab88523b-GrpcLogAppender: appendEntries Timeout, request=64dc86e1-b58a-47fa-9209-c80a04613504->0d659ca8-8d3f-4ad5-ad2a-cdb4ab88523b#46-t2, previous=(t:2, i:20), leaderCommit=16, initializing? false, entries: <empty>
2019-09-17 14:54:41,344 [java.util.concurrent.ThreadPoolExecutor$Worker@486b56da[State = -1, empty queue]] WARN  server.GrpcLogAppender (GrpcLogAppender.java:timeoutAppendRequest(200)) - 64dc86e1-b58a-47fa-9209-c80a04613504@group-85515DBFC7EF->296d1e6a-4d03-4625-a926-8603881e9a06-GrpcLogAppender: appendEntries Timeout, request=64dc86e1-b58a-47fa-9209-c80a04613504->296d1e6a-4d03-4625-a926-8603881e9a06#46-t2, previous=(t:2, i:20), leaderCommit=16, initializing? false, entries: <empty>
2019-09-17 14:54:41,666 [grpc-default-executor-2] WARN  server.GrpcLogAppender (LogUtils.java:warn(134)) - 5824bb7b-23b5-4080-8c55-4e36ce35b3ee@group-218101269A2C->bbb4e265-cb6b-4caa-8b5d-65801261426c-AppendLogResponseHandler: Failed appendEntries: org.apache.ratis.thirdparty.io.grpc.StatusRuntimeException: UNAVAILABLE: io exception
2019-09-17 14:54:41,673 [grpc-default-executor-2] INFO  impl.FollowerInfo (FollowerInfo.java:lambda$new$0(51)) - 5824bb7b-23b5-4080-8c55-4e36ce35b3ee@group-218101269A2C->bbb4e265-cb6b-4caa-8b5d-65801261426c: nextIndex: updateUnconditionally 0 -> 0
2019-09-17 14:54:41,845 [java.util.concurrent.ThreadPoolExecutor$Worker@1fe41ca9[State = -1, empty queue]] WARN  server.GrpcLogAppender (GrpcLogAppender.java:timeoutAppendRequest(200)) - 64dc86e1-b58a-47fa-9209-c80a04613504@group-85515DBFC7EF->0d659ca8-8d3f-4ad5-ad2a-cdb4ab88523b-GrpcLogAppender: appendEntries Timeout, request=64dc86e1-b58a-47fa-9209-c80a04613504->0d659ca8-8d3f-4ad5-ad2a-cdb4ab88523b#47-t2, previous=(t:2, i:20), leaderCommit=16, initializing? false, entries: <empty>
2019-09-17 14:54:41,845 [java.util.concurrent.ThreadPoolExecutor$Worker@486b56da[State = -1, empty queue]] WARN  server.GrpcLogAppender (GrpcLogAppender.java:timeoutAppendRequest(200)) - 64dc86e1-b58a-47fa-9209-c80a04613504@group-85515DBFC7EF->296d1e6a-4d03-4625-a926-8603881e9a06-GrpcLogAppender: appendEntries Timeout, request=64dc86e1-b58a-47fa-9209-c80a04613504->296d1e6a-4d03-4625-a926-8603881e9a06#47-t2, previous=(t:2, i:20), leaderCommit=16, initializing? false, entries: <empty>
2019-09-17 14:54:42,172 [grpc-default-executor-4] WARN  server.GrpcLogAppender (LogUtils.java:warn(134)) - 5824bb7b-23b5-4080-8c55-4e36ce35b3ee@group-218101269A2C->bbb4e265-cb6b-4caa-8b5d-65801261426c-AppendLogResponseHandler: Failed appendEntries: org.apache.ratis.thirdparty.io.grpc.StatusRuntimeException: UNAVAILABLE: io exception
2019-09-17 14:54:42,180 [grpc-default-executor-4] INFO  impl.FollowerInfo (FollowerInfo.java:lambda$new$0(51)) - 5824bb7b-23b5-4080-8c55-4e36ce35b3ee@group-218101269A2C->bbb4e265-cb6b-4caa-8b5d-65801261426c: nextIndex: updateUnconditionally 0 -> 0
2019-09-17 14:54:42,339 [296d1e6a-4d03-4625-a926-8603881e9a06@group-85515DBFC7EF-SegmentedRaftLogWorker] WARN  segmented.SegmentedRaftLogWorker (SegmentedRaftLogWorker.java:getFromFuture(90)) - Timeout 0/~
org.apache.ratis.protocol.TimeoutIOException: Timeout 10s: WriteLog:17: (t:2, i:17), STATEMACHINELOGENTRY, client-30C4B51AD9D2, cid=49-writeStateMachineData
	at org.apache.ratis.util.IOUtils.getFromFuture(IOUtils.java:87)
	at org.apache.ratis.server.raftlog.segmented.SegmentedRaftLogWorker$StateMachineDataPolicy.getFromFuture(SegmentedRaftLogWorker.java:87)
	at org.apache.ratis.server.raftlog.segmented.SegmentedRaftLogWorker$WriteLog.execute(SegmentedRaftLogWorker.java:477)
	at org.apache.ratis.server.raftlog.segmented.SegmentedRaftLogWorker.run(SegmentedRaftLogWorker.java:289)
	at java.lang.Thread.run(Thread.java:748)
Caused by: java.util.concurrent.TimeoutException
	at java.util.concurrent.CompletableFuture.timedGet(CompletableFuture.java:1771)
	at java.util.concurrent.CompletableFuture.get(CompletableFuture.java:1915)
	at org.apache.ratis.util.IOUtils.getFromFuture(IOUtils.java:79)
	... 4 more
2019-09-17 14:54:42,345 [java.util.concurrent.ThreadPoolExecutor$Worker@1fe41ca9[State = -1, empty queue]] WARN  server.GrpcLogAppender (GrpcLogAppender.java:timeoutAppendRequest(200)) - 64dc86e1-b58a-47fa-9209-c80a04613504@group-85515DBFC7EF->0d659ca8-8d3f-4ad5-ad2a-cdb4ab88523b-GrpcLogAppender: appendEntries Timeout, request=64dc86e1-b58a-47fa-9209-c80a04613504->0d659ca8-8d3f-4ad5-ad2a-cdb4ab88523b#48-t2, previous=(t:2, i:20), leaderCommit=16, initializing? false, entries: <empty>
2019-09-17 14:54:42,345 [java.util.concurrent.ThreadPoolExecutor$Worker@486b56da[State = -1, empty queue]] WARN  server.GrpcLogAppender (GrpcLogAppender.java:timeoutAppendRequest(200)) - 64dc86e1-b58a-47fa-9209-c80a04613504@group-85515DBFC7EF->296d1e6a-4d03-4625-a926-8603881e9a06-GrpcLogAppender: appendEntries Timeout, request=64dc86e1-b58a-47fa-9209-c80a04613504->296d1e6a-4d03-4625-a926-8603881e9a06#48-t2, previous=(t:2, i:20), leaderCommit=16, initializing? false, entries: <empty>
2019-09-17 14:54:42,370 [64dc86e1-b58a-47fa-9209-c80a04613504@group-85515DBFC7EF-SegmentedRaftLogWorker] WARN  segmented.SegmentedRaftLogWorker (SegmentedRaftLogWorker.java:getFromFuture(90)) - Timeout 0/~
org.apache.ratis.protocol.TimeoutIOException: Timeout 10s: WriteLog:19: (t:2, i:19), STATEMACHINELOGENTRY, client-30C4B51AD9D2, cid=51-writeStateMachineData
	at org.apache.ratis.util.IOUtils.getFromFuture(IOUtils.java:87)
	at org.apache.ratis.server.raftlog.segmented.SegmentedRaftLogWorker$StateMachineDataPolicy.getFromFuture(SegmentedRaftLogWorker.java:87)
	at org.apache.ratis.server.raftlog.segmented.SegmentedRaftLogWorker$WriteLog.execute(SegmentedRaftLogWorker.java:477)
	at org.apache.ratis.server.raftlog.segmented.SegmentedRaftLogWorker.run(SegmentedRaftLogWorker.java:289)
	at java.lang.Thread.run(Thread.java:748)
Caused by: java.util.concurrent.TimeoutException
	at java.util.concurrent.CompletableFuture.timedGet(CompletableFuture.java:1771)
	at java.util.concurrent.CompletableFuture.get(CompletableFuture.java:1915)
	at org.apache.ratis.util.IOUtils.getFromFuture(IOUtils.java:79)
	... 4 more
2019-09-17 14:54:42,387 [0d659ca8-8d3f-4ad5-ad2a-cdb4ab88523b@group-85515DBFC7EF-SegmentedRaftLogWorker] WARN  segmented.SegmentedRaftLogWorker (SegmentedRaftLogWorker.java:getFromFuture(90)) - Timeout 0/~
org.apache.ratis.protocol.TimeoutIOException: Timeout 10s: WriteLog:19: (t:2, i:19), STATEMACHINELOGENTRY, client-30C4B51AD9D2, cid=51-writeStateMachineData
	at org.apache.ratis.util.IOUtils.getFromFuture(IOUtils.java:87)
	at org.apache.ratis.server.raftlog.segmented.SegmentedRaftLogWorker$StateMachineDataPolicy.getFromFuture(SegmentedRaftLogWorker.java:87)
	at org.apache.ratis.server.raftlog.segmented.SegmentedRaftLogWorker$WriteLog.execute(SegmentedRaftLogWorker.java:477)
	at org.apache.ratis.server.raftlog.segmented.SegmentedRaftLogWorker.run(SegmentedRaftLogWorker.java:289)
	at java.lang.Thread.run(Thread.java:748)
Caused by: java.util.concurrent.TimeoutException
	at java.util.concurrent.CompletableFuture.timedGet(CompletableFuture.java:1771)
	at java.util.concurrent.CompletableFuture.get(CompletableFuture.java:1915)
	at org.apache.ratis.util.IOUtils.getFromFuture(IOUtils.java:79)
	... 4 more
2019-09-17 14:54:42,466 [grpc-default-executor-4] INFO  client.GrpcClientProtocolClient (GrpcClientProtocolClient.java:onNext(264)) - client-30C4B51AD9D2->296d1e6a-4d03-4625-a926-8603881e9a06: receive RaftClientReply:client-30C4B51AD9D2->296d1e6a-4d03-4625-a926-8603881e9a06@group-85515DBFC7EF, cid=49, FAILED org.apache.ratis.protocol.NotLeaderException: Server 296d1e6a-4d03-4625-a926-8603881e9a06@group-85515DBFC7EF is not the leader 64dc86e1-b58a-47fa-9209-c80a04613504:192.168.151.72:41434, logIndex=0, commits[296d1e6a-4d03-4625-a926-8603881e9a06:c16, 0d659ca8-8d3f-4ad5-ad2a-cdb4ab88523b:c16, 64dc86e1-b58a-47fa-9209-c80a04613504:c16]
2019-09-17 14:54:42,689 [grpc-default-executor-0] WARN  server.GrpcLogAppender (LogUtils.java:warn(134)) - 5824bb7b-23b5-4080-8c55-4e36ce35b3ee@group-218101269A2C->bbb4e265-cb6b-4caa-8b5d-65801261426c-AppendLogResponseHandler: Failed appendEntries: org.apache.ratis.thirdparty.io.grpc.StatusRuntimeException: UNAVAILABLE: io exception
2019-09-17 14:54:42,692 [grpc-default-executor-0] INFO  impl.FollowerInfo (FollowerInfo.java:lambda$new$0(51)) - 5824bb7b-23b5-4080-8c55-4e36ce35b3ee@group-218101269A2C->bbb4e265-cb6b-4caa-8b5d-65801261426c: nextIndex: updateUnconditionally 0 -> 0
2019-09-17 14:54:42,846 [java.util.concurrent.ThreadPoolExecutor$Worker@486b56da[State = -1, empty queue]] WARN  server.GrpcLogAppender (GrpcLogAppender.java:timeoutAppendRequest(200)) - 64dc86e1-b58a-47fa-9209-c80a04613504@group-85515DBFC7EF->296d1e6a-4d03-4625-a926-8603881e9a06-GrpcLogAppender: appendEntries Timeout, request=64dc86e1-b58a-47fa-9209-c80a04613504->296d1e6a-4d03-4625-a926-8603881e9a06#49-t2, previous=(t:2, i:20), leaderCommit=16, initializing? false, entries: <empty>
2019-09-17 14:54:42,846 [java.util.concurrent.ThreadPoolExecutor$Worker@1fe41ca9[State = -1, empty queue]] WARN  server.GrpcLogAppender (GrpcLogAppender.java:timeoutAppendRequest(200)) - 64dc86e1-b58a-47fa-9209-c80a04613504@group-85515DBFC7EF->0d659ca8-8d3f-4ad5-ad2a-cdb4ab88523b-GrpcLogAppender: appendEntries Timeout, request=64dc86e1-b58a-47fa-9209-c80a04613504->0d659ca8-8d3f-4ad5-ad2a-cdb4ab88523b#49-t2, previous=(t:2, i:20), leaderCommit=16, initializing? false, entries: <empty>
2019-09-17 14:54:43,171 [grpc-default-executor-4] WARN  server.GrpcLogAppender (LogUtils.java:warn(134)) - 5824bb7b-23b5-4080-8c55-4e36ce35b3ee@group-218101269A2C->bbb4e265-cb6b-4caa-8b5d-65801261426c-AppendLogResponseHandler: Failed appendEntries: org.apache.ratis.thirdparty.io.grpc.StatusRuntimeException: UNAVAILABLE: io exception
2019-09-17 14:54:43,176 [grpc-default-executor-4] INFO  impl.FollowerInfo (FollowerInfo.java:lambda$new$0(51)) - 5824bb7b-23b5-4080-8c55-4e36ce35b3ee@group-218101269A2C->bbb4e265-cb6b-4caa-8b5d-65801261426c: nextIndex: updateUnconditionally 0 -> 0
2019-09-17 14:54:43,346 [java.util.concurrent.ThreadPoolExecutor$Worker@486b56da[State = -1, empty queue]] WARN  server.GrpcLogAppender (GrpcLogAppender.java:timeoutAppendRequest(200)) - 64dc86e1-b58a-47fa-9209-c80a04613504@group-85515DBFC7EF->296d1e6a-4d03-4625-a926-8603881e9a06-GrpcLogAppender: appendEntries Timeout, request=64dc86e1-b58a-47fa-9209-c80a04613504->296d1e6a-4d03-4625-a926-8603881e9a06#50-t2, previous=(t:2, i:20), leaderCommit=16, initializing? false, entries: <empty>
2019-09-17 14:54:43,346 [java.util.concurrent.ThreadPoolExecutor$Worker@1fe41ca9[State = -1, empty queue]] WARN  server.GrpcLogAppender (GrpcLogAppender.java:timeoutAppendRequest(200)) - 64dc86e1-b58a-47fa-9209-c80a04613504@group-85515DBFC7EF->0d659ca8-8d3f-4ad5-ad2a-cdb4ab88523b-GrpcLogAppender: appendEntries Timeout, request=64dc86e1-b58a-47fa-9209-c80a04613504->0d659ca8-8d3f-4ad5-ad2a-cdb4ab88523b#50-t2, previous=(t:2, i:20), leaderCommit=16, initializing? false, entries: <empty>
2019-09-17 14:54:43,672 [grpc-default-executor-2] WARN  server.GrpcLogAppender (LogUtils.java:warn(134)) - 5824bb7b-23b5-4080-8c55-4e36ce35b3ee@group-218101269A2C->bbb4e265-cb6b-4caa-8b5d-65801261426c-AppendLogResponseHandler: Failed appendEntries: org.apache.ratis.thirdparty.io.grpc.StatusRuntimeException: UNAVAILABLE: io exception
2019-09-17 14:54:43,676 [grpc-default-executor-2] INFO  impl.FollowerInfo (FollowerInfo.java:lambda$new$0(51)) - 5824bb7b-23b5-4080-8c55-4e36ce35b3ee@group-218101269A2C->bbb4e265-cb6b-4caa-8b5d-65801261426c: nextIndex: updateUnconditionally 0 -> 0
2019-09-17 14:54:43,847 [java.util.concurrent.ThreadPoolExecutor$Worker@1fe41ca9[State = -1, empty queue]] WARN  server.GrpcLogAppender (GrpcLogAppender.java:timeoutAppendRequest(200)) - 64dc86e1-b58a-47fa-9209-c80a04613504@group-85515DBFC7EF->0d659ca8-8d3f-4ad5-ad2a-cdb4ab88523b-GrpcLogAppender: appendEntries Timeout, request=64dc86e1-b58a-47fa-9209-c80a04613504->0d659ca8-8d3f-4ad5-ad2a-cdb4ab88523b#51-t2, previous=(t:2, i:20), leaderCommit=16, initializing? false, entries: <empty>
2019-09-17 14:54:43,847 [java.util.concurrent.ThreadPoolExecutor$Worker@486b56da[State = -1, empty queue]] WARN  server.GrpcLogAppender (GrpcLogAppender.java:timeoutAppendRequest(200)) - 64dc86e1-b58a-47fa-9209-c80a04613504@group-85515DBFC7EF->296d1e6a-4d03-4625-a926-8603881e9a06-GrpcLogAppender: appendEntries Timeout, request=64dc86e1-b58a-47fa-9209-c80a04613504->296d1e6a-4d03-4625-a926-8603881e9a06#51-t2, previous=(t:2, i:20), leaderCommit=16, initializing? false, entries: <empty>
2019-09-17 14:54:44,173 [grpc-default-executor-1] WARN  server.GrpcLogAppender (LogUtils.java:warn(134)) - 5824bb7b-23b5-4080-8c55-4e36ce35b3ee@group-218101269A2C->bbb4e265-cb6b-4caa-8b5d-65801261426c-AppendLogResponseHandler: Failed appendEntries: org.apache.ratis.thirdparty.io.grpc.StatusRuntimeException: UNAVAILABLE: io exception
2019-09-17 14:54:44,177 [grpc-default-executor-1] INFO  impl.FollowerInfo (FollowerInfo.java:lambda$new$0(51)) - 5824bb7b-23b5-4080-8c55-4e36ce35b3ee@group-218101269A2C->bbb4e265-cb6b-4caa-8b5d-65801261426c: nextIndex: updateUnconditionally 0 -> 0
2019-09-17 14:54:44,347 [java.util.concurrent.ThreadPoolExecutor$Worker@1fe41ca9[State = -1, empty queue]] WARN  server.GrpcLogAppender (GrpcLogAppender.java:timeoutAppendRequest(200)) - 64dc86e1-b58a-47fa-9209-c80a04613504@group-85515DBFC7EF->0d659ca8-8d3f-4ad5-ad2a-cdb4ab88523b-GrpcLogAppender: appendEntries Timeout, request=64dc86e1-b58a-47fa-9209-c80a04613504->0d659ca8-8d3f-4ad5-ad2a-cdb4ab88523b#52-t2, previous=(t:2, i:20), leaderCommit=16, initializing? false, entries: <empty>
2019-09-17 14:54:44,347 [java.util.concurrent.ThreadPoolExecutor$Worker@486b56da[State = -1, empty queue]] WARN  server.GrpcLogAppender (GrpcLogAppender.java:timeoutAppendRequest(200)) - 64dc86e1-b58a-47fa-9209-c80a04613504@group-85515DBFC7EF->296d1e6a-4d03-4625-a926-8603881e9a06-GrpcLogAppender: appendEntries Timeout, request=64dc86e1-b58a-47fa-9209-c80a04613504->296d1e6a-4d03-4625-a926-8603881e9a06#52-t2, previous=(t:2, i:20), leaderCommit=16, initializing? false, entries: <empty>
2019-09-17 14:54:44,674 [grpc-default-executor-1] WARN  server.GrpcLogAppender (LogUtils.java:warn(134)) - 5824bb7b-23b5-4080-8c55-4e36ce35b3ee@group-218101269A2C->bbb4e265-cb6b-4caa-8b5d-65801261426c-AppendLogResponseHandler: Failed appendEntries: org.apache.ratis.thirdparty.io.grpc.StatusRuntimeException: UNAVAILABLE: io exception
2019-09-17 14:54:44,678 [grpc-default-executor-1] INFO  impl.FollowerInfo (FollowerInfo.java:lambda$new$0(51)) - 5824bb7b-23b5-4080-8c55-4e36ce35b3ee@group-218101269A2C->bbb4e265-cb6b-4caa-8b5d-65801261426c: nextIndex: updateUnconditionally 0 -> 0
2019-09-17 14:54:44,850 [java.util.concurrent.ThreadPoolExecutor$Worker@486b56da[State = -1, empty queue]] WARN  server.GrpcLogAppender (GrpcLogAppender.java:timeoutAppendRequest(200)) - 64dc86e1-b58a-47fa-9209-c80a04613504@group-85515DBFC7EF->296d1e6a-4d03-4625-a926-8603881e9a06-GrpcLogAppender: appendEntries Timeout, request=64dc86e1-b58a-47fa-9209-c80a04613504->296d1e6a-4d03-4625-a926-8603881e9a06#53-t2, previous=(t:2, i:20), leaderCommit=16, initializing? false, entries: <empty>
2019-09-17 14:54:44,850 [java.util.concurrent.ThreadPoolExecutor$Worker@1fe41ca9[State = -1, empty queue]] WARN  server.GrpcLogAppender (GrpcLogAppender.java:timeoutAppendRequest(200)) - 64dc86e1-b58a-47fa-9209-c80a04613504@group-85515DBFC7EF->0d659ca8-8d3f-4ad5-ad2a-cdb4ab88523b-GrpcLogAppender: appendEntries Timeout, request=64dc86e1-b58a-47fa-9209-c80a04613504->0d659ca8-8d3f-4ad5-ad2a-cdb4ab88523b#53-t2, previous=(t:2, i:20), leaderCommit=16, initializing? false, entries: <empty>
2019-09-17 14:54:45,175 [grpc-default-executor-2] WARN  server.GrpcLogAppender (LogUtils.java:warn(134)) - 5824bb7b-23b5-4080-8c55-4e36ce35b3ee@group-218101269A2C->bbb4e265-cb6b-4caa-8b5d-65801261426c-AppendLogResponseHandler: Failed appendEntries: org.apache.ratis.thirdparty.io.grpc.StatusRuntimeException: UNAVAILABLE: io exception
2019-09-17 14:54:45,178 [grpc-default-executor-2] INFO  impl.FollowerInfo (FollowerInfo.java:lambda$new$0(51)) - 5824bb7b-23b5-4080-8c55-4e36ce35b3ee@group-218101269A2C->bbb4e265-cb6b-4caa-8b5d-65801261426c: nextIndex: updateUnconditionally 0 -> 0
2019-09-17 14:54:45,350 [java.util.concurrent.ThreadPoolExecutor$Worker@1fe41ca9[State = -1, empty queue]] WARN  server.GrpcLogAppender (GrpcLogAppender.java:timeoutAppendRequest(200)) - 64dc86e1-b58a-47fa-9209-c80a04613504@group-85515DBFC7EF->0d659ca8-8d3f-4ad5-ad2a-cdb4ab88523b-GrpcLogAppender: appendEntries Timeout, request=64dc86e1-b58a-47fa-9209-c80a04613504->0d659ca8-8d3f-4ad5-ad2a-cdb4ab88523b#54-t2, previous=(t:2, i:20), leaderCommit=16, initializing? false, entries: <empty>
2019-09-17 14:54:45,350 [java.util.concurrent.ThreadPoolExecutor$Worker@486b56da[State = -1, empty queue]] WARN  server.GrpcLogAppender (GrpcLogAppender.java:timeoutAppendRequest(200)) - 64dc86e1-b58a-47fa-9209-c80a04613504@group-85515DBFC7EF->296d1e6a-4d03-4625-a926-8603881e9a06-GrpcLogAppender: appendEntries Timeout, request=64dc86e1-b58a-47fa-9209-c80a04613504->296d1e6a-4d03-4625-a926-8603881e9a06#54-t2, previous=(t:2, i:20), leaderCommit=16, initializing? false, entries: <empty>
2019-09-17 14:54:45,676 [grpc-default-executor-1] WARN  server.GrpcLogAppender (LogUtils.java:warn(134)) - 5824bb7b-23b5-4080-8c55-4e36ce35b3ee@group-218101269A2C->bbb4e265-cb6b-4caa-8b5d-65801261426c-AppendLogResponseHandler: Failed appendEntries: org.apache.ratis.thirdparty.io.grpc.StatusRuntimeException: UNAVAILABLE: io exception
2019-09-17 14:54:45,680 [grpc-default-executor-1] INFO  impl.FollowerInfo (FollowerInfo.java:lambda$new$0(51)) - 5824bb7b-23b5-4080-8c55-4e36ce35b3ee@group-218101269A2C->bbb4e265-cb6b-4caa-8b5d-65801261426c: nextIndex: updateUnconditionally 0 -> 0
2019-09-17 14:54:45,854 [java.util.concurrent.ThreadPoolExecutor$Worker@1fe41ca9[State = -1, empty queue]] WARN  server.GrpcLogAppender (GrpcLogAppender.java:timeoutAppendRequest(200)) - 64dc86e1-b58a-47fa-9209-c80a04613504@group-85515DBFC7EF->0d659ca8-8d3f-4ad5-ad2a-cdb4ab88523b-GrpcLogAppender: appendEntries Timeout, request=64dc86e1-b58a-47fa-9209-c80a04613504->0d659ca8-8d3f-4ad5-ad2a-cdb4ab88523b#55-t2, previous=(t:2, i:20), leaderCommit=16, initializing? false, entries: <empty>
2019-09-17 14:54:45,854 [java.util.concurrent.ThreadPoolExecutor$Worker@486b56da[State = -1, empty queue]] WARN  server.GrpcLogAppender (GrpcLogAppender.java:timeoutAppendRequest(200)) - 64dc86e1-b58a-47fa-9209-c80a04613504@group-85515DBFC7EF->296d1e6a-4d03-4625-a926-8603881e9a06-GrpcLogAppender: appendEntries Timeout, request=64dc86e1-b58a-47fa-9209-c80a04613504->296d1e6a-4d03-4625-a926-8603881e9a06#55-t2, previous=(t:2, i:20), leaderCommit=16, initializing? false, entries: <empty>
2019-09-17 14:54:46,177 [grpc-default-executor-4] WARN  server.GrpcLogAppender (LogUtils.java:warn(134)) - 5824bb7b-23b5-4080-8c55-4e36ce35b3ee@group-218101269A2C->bbb4e265-cb6b-4caa-8b5d-65801261426c-AppendLogResponseHandler: Failed appendEntries: org.apache.ratis.thirdparty.io.grpc.StatusRuntimeException: UNAVAILABLE: io exception
2019-09-17 14:54:46,181 [grpc-default-executor-4] INFO  impl.FollowerInfo (FollowerInfo.java:lambda$new$0(51)) - 5824bb7b-23b5-4080-8c55-4e36ce35b3ee@group-218101269A2C->bbb4e265-cb6b-4caa-8b5d-65801261426c: nextIndex: updateUnconditionally 0 -> 0
2019-09-17 14:54:46,355 [java.util.concurrent.ThreadPoolExecutor$Worker@1fe41ca9[State = -1, empty queue]] WARN  server.GrpcLogAppender (GrpcLogAppender.java:timeoutAppendRequest(200)) - 64dc86e1-b58a-47fa-9209-c80a04613504@group-85515DBFC7EF->0d659ca8-8d3f-4ad5-ad2a-cdb4ab88523b-GrpcLogAppender: appendEntries Timeout, request=64dc86e1-b58a-47fa-9209-c80a04613504->0d659ca8-8d3f-4ad5-ad2a-cdb4ab88523b#56-t2, previous=(t:2, i:20), leaderCommit=16, initializing? false, entries: <empty>
2019-09-17 14:54:46,355 [java.util.concurrent.ThreadPoolExecutor$Worker@486b56da[State = -1, empty queue]] WARN  server.GrpcLogAppender (GrpcLogAppender.java:timeoutAppendRequest(200)) - 64dc86e1-b58a-47fa-9209-c80a04613504@group-85515DBFC7EF->296d1e6a-4d03-4625-a926-8603881e9a06-GrpcLogAppender: appendEntries Timeout, request=64dc86e1-b58a-47fa-9209-c80a04613504->296d1e6a-4d03-4625-a926-8603881e9a06#56-t2, previous=(t:2, i:20), leaderCommit=16, initializing? false, entries: <empty>
2019-09-17 14:54:46,678 [grpc-default-executor-1] WARN  server.GrpcLogAppender (LogUtils.java:warn(134)) - 5824bb7b-23b5-4080-8c55-4e36ce35b3ee@group-218101269A2C->bbb4e265-cb6b-4caa-8b5d-65801261426c-AppendLogResponseHandler: Failed appendEntries: org.apache.ratis.thirdparty.io.grpc.StatusRuntimeException: UNAVAILABLE: io exception
2019-09-17 14:54:46,683 [grpc-default-executor-1] INFO  impl.FollowerInfo (FollowerInfo.java:lambda$new$0(51)) - 5824bb7b-23b5-4080-8c55-4e36ce35b3ee@group-218101269A2C->bbb4e265-cb6b-4caa-8b5d-65801261426c: nextIndex: updateUnconditionally 0 -> 0
2019-09-17 14:54:46,855 [java.util.concurrent.ThreadPoolExecutor$Worker@1fe41ca9[State = -1, empty queue]] WARN  server.GrpcLogAppender (GrpcLogAppender.java:timeoutAppendRequest(200)) - 64dc86e1-b58a-47fa-9209-c80a04613504@group-85515DBFC7EF->0d659ca8-8d3f-4ad5-ad2a-cdb4ab88523b-GrpcLogAppender: appendEntries Timeout, request=64dc86e1-b58a-47fa-9209-c80a04613504->0d659ca8-8d3f-4ad5-ad2a-cdb4ab88523b#57-t2, previous=(t:2, i:20), leaderCommit=16, initializing? false, entries: <empty>
2019-09-17 14:54:46,855 [java.util.concurrent.ThreadPoolExecutor$Worker@486b56da[State = -1, empty queue]] WARN  server.GrpcLogAppender (GrpcLogAppender.java:timeoutAppendRequest(200)) - 64dc86e1-b58a-47fa-9209-c80a04613504@group-85515DBFC7EF->296d1e6a-4d03-4625-a926-8603881e9a06-GrpcLogAppender: appendEntries Timeout, request=64dc86e1-b58a-47fa-9209-c80a04613504->296d1e6a-4d03-4625-a926-8603881e9a06#57-t2, previous=(t:2, i:20), leaderCommit=16, initializing? false, entries: <empty>
2019-09-17 14:54:47,179 [grpc-default-executor-4] WARN  server.GrpcLogAppender (LogUtils.java:warn(134)) - 5824bb7b-23b5-4080-8c55-4e36ce35b3ee@group-218101269A2C->bbb4e265-cb6b-4caa-8b5d-65801261426c-AppendLogResponseHandler: Failed appendEntries: org.apache.ratis.thirdparty.io.grpc.StatusRuntimeException: UNAVAILABLE: io exception
2019-09-17 14:54:47,183 [grpc-default-executor-4] INFO  impl.FollowerInfo (FollowerInfo.java:lambda$new$0(51)) - 5824bb7b-23b5-4080-8c55-4e36ce35b3ee@group-218101269A2C->bbb4e265-cb6b-4caa-8b5d-65801261426c: nextIndex: updateUnconditionally 0 -> 0
2019-09-17 14:54:47,355 [java.util.concurrent.ThreadPoolExecutor$Worker@1fe41ca9[State = -1, empty queue]] WARN  server.GrpcLogAppender (GrpcLogAppender.java:timeoutAppendRequest(200)) - 64dc86e1-b58a-47fa-9209-c80a04613504@group-85515DBFC7EF->0d659ca8-8d3f-4ad5-ad2a-cdb4ab88523b-GrpcLogAppender: appendEntries Timeout, request=64dc86e1-b58a-47fa-9209-c80a04613504->0d659ca8-8d3f-4ad5-ad2a-cdb4ab88523b#58-t2, previous=(t:2, i:20), leaderCommit=16, initializing? false, entries: <empty>
2019-09-17 14:54:47,355 [java.util.concurrent.ThreadPoolExecutor$Worker@486b56da[State = -1, empty queue]] WARN  server.GrpcLogAppender (GrpcLogAppender.java:timeoutAppendRequest(200)) - 64dc86e1-b58a-47fa-9209-c80a04613504@group-85515DBFC7EF->296d1e6a-4d03-4625-a926-8603881e9a06-GrpcLogAppender: appendEntries Timeout, request=64dc86e1-b58a-47fa-9209-c80a04613504->296d1e6a-4d03-4625-a926-8603881e9a06#58-t2, previous=(t:2, i:20), leaderCommit=16, initializing? false, entries: <empty>
2019-09-17 14:54:47,518 [grpc-default-executor-4] INFO  client.GrpcClientProtocolClient (GrpcClientProtocolClient.java:onNext(264)) - client-30C4B51AD9D2->0d659ca8-8d3f-4ad5-ad2a-cdb4ab88523b: receive RaftClientReply:client-30C4B51AD9D2->0d659ca8-8d3f-4ad5-ad2a-cdb4ab88523b@group-85515DBFC7EF, cid=49, FAILED org.apache.ratis.protocol.NotLeaderException: Server 0d659ca8-8d3f-4ad5-ad2a-cdb4ab88523b@group-85515DBFC7EF is not the leader 64dc86e1-b58a-47fa-9209-c80a04613504:192.168.151.72:41434, logIndex=0, commits[0d659ca8-8d3f-4ad5-ad2a-cdb4ab88523b:c16, 296d1e6a-4d03-4625-a926-8603881e9a06:c16, 64dc86e1-b58a-47fa-9209-c80a04613504:c16]
2019-09-17 14:54:47,680 [grpc-default-executor-1] WARN  server.GrpcLogAppender (LogUtils.java:warn(134)) - 5824bb7b-23b5-4080-8c55-4e36ce35b3ee@group-218101269A2C->bbb4e265-cb6b-4caa-8b5d-65801261426c-AppendLogResponseHandler: Failed appendEntries: org.apache.ratis.thirdparty.io.grpc.StatusRuntimeException: UNAVAILABLE: io exception
2019-09-17 14:54:47,680 [grpc-default-executor-1] INFO  impl.FollowerInfo (FollowerInfo.java:lambda$new$0(51)) - 5824bb7b-23b5-4080-8c55-4e36ce35b3ee@group-218101269A2C->bbb4e265-cb6b-4caa-8b5d-65801261426c: nextIndex: updateUnconditionally 0 -> 0
2019-09-17 14:54:47,856 [java.util.concurrent.ThreadPoolExecutor$Worker@1fe41ca9[State = -1, empty queue]] WARN  server.GrpcLogAppender (GrpcLogAppender.java:timeoutAppendRequest(200)) - 64dc86e1-b58a-47fa-9209-c80a04613504@group-85515DBFC7EF->0d659ca8-8d3f-4ad5-ad2a-cdb4ab88523b-GrpcLogAppender: appendEntries Timeout, request=64dc86e1-b58a-47fa-9209-c80a04613504->0d659ca8-8d3f-4ad5-ad2a-cdb4ab88523b#59-t2, previous=(t:2, i:20), leaderCommit=16, initializing? false, entries: <empty>
2019-09-17 14:54:47,860 [java.util.concurrent.ThreadPoolExecutor$Worker@486b56da[State = -1, empty queue]] WARN  server.GrpcLogAppender (GrpcLogAppender.java:timeoutAppendRequest(200)) - 64dc86e1-b58a-47fa-9209-c80a04613504@group-85515DBFC7EF->296d1e6a-4d03-4625-a926-8603881e9a06-GrpcLogAppender: appendEntries Timeout, request=64dc86e1-b58a-47fa-9209-c80a04613504->296d1e6a-4d03-4625-a926-8603881e9a06#59-t2, previous=(t:2, i:20), leaderCommit=16, initializing? false, entries: <empty>
2019-09-17 14:54:48,180 [grpc-default-executor-4] WARN  server.GrpcLogAppender (LogUtils.java:warn(134)) - 5824bb7b-23b5-4080-8c55-4e36ce35b3ee@group-218101269A2C->bbb4e265-cb6b-4caa-8b5d-65801261426c-AppendLogResponseHandler: Failed appendEntries: org.apache.ratis.thirdparty.io.grpc.StatusRuntimeException: UNAVAILABLE: io exception
2019-09-17 14:54:48,181 [grpc-default-executor-4] INFO  impl.FollowerInfo (FollowerInfo.java:lambda$new$0(51)) - 5824bb7b-23b5-4080-8c55-4e36ce35b3ee@group-218101269A2C->bbb4e265-cb6b-4caa-8b5d-65801261426c: nextIndex: updateUnconditionally 0 -> 0
2019-09-17 14:54:48,356 [java.util.concurrent.ThreadPoolExecutor$Worker@1fe41ca9[State = -1, empty queue]] WARN  server.GrpcLogAppender (GrpcLogAppender.java:timeoutAppendRequest(200)) - 64dc86e1-b58a-47fa-9209-c80a04613504@group-85515DBFC7EF->0d659ca8-8d3f-4ad5-ad2a-cdb4ab88523b-GrpcLogAppender: appendEntries Timeout, request=64dc86e1-b58a-47fa-9209-c80a04613504->0d659ca8-8d3f-4ad5-ad2a-cdb4ab88523b#60-t2, previous=(t:2, i:20), leaderCommit=16, initializing? false, entries: <empty>
2019-09-17 14:54:48,356 [java.util.concurrent.ThreadPoolExecutor$Worker@486b56da[State = -1, empty queue]] WARN  server.GrpcLogAppender (GrpcLogAppender.java:timeoutAppendRequest(200)) - 64dc86e1-b58a-47fa-9209-c80a04613504@group-85515DBFC7EF->296d1e6a-4d03-4625-a926-8603881e9a06-GrpcLogAppender: appendEntries Timeout, request=64dc86e1-b58a-47fa-9209-c80a04613504->296d1e6a-4d03-4625-a926-8603881e9a06#60-t2, previous=(t:2, i:20), leaderCommit=16, initializing? false, entries: <empty>
2019-09-17 14:54:48,682 [grpc-default-executor-2] WARN  server.GrpcLogAppender (LogUtils.java:warn(134)) - 5824bb7b-23b5-4080-8c55-4e36ce35b3ee@group-218101269A2C->bbb4e265-cb6b-4caa-8b5d-65801261426c-AppendLogResponseHandler: Failed appendEntries: org.apache.ratis.thirdparty.io.grpc.StatusRuntimeException: UNAVAILABLE: io exception
2019-09-17 14:54:48,682 [grpc-default-executor-2] INFO  impl.FollowerInfo (FollowerInfo.java:lambda$new$0(51)) - 5824bb7b-23b5-4080-8c55-4e36ce35b3ee@group-218101269A2C->bbb4e265-cb6b-4caa-8b5d-65801261426c: nextIndex: updateUnconditionally 0 -> 0
2019-09-17 14:54:48,856 [java.util.concurrent.ThreadPoolExecutor$Worker@1fe41ca9[State = -1, empty queue]] WARN  server.GrpcLogAppender (GrpcLogAppender.java:timeoutAppendRequest(200)) - 64dc86e1-b58a-47fa-9209-c80a04613504@group-85515DBFC7EF->0d659ca8-8d3f-4ad5-ad2a-cdb4ab88523b-GrpcLogAppender: appendEntries Timeout, request=64dc86e1-b58a-47fa-9209-c80a04613504->0d659ca8-8d3f-4ad5-ad2a-cdb4ab88523b#61-t2, previous=(t:2, i:20), leaderCommit=16, initializing? false, entries: <empty>
2019-09-17 14:54:48,857 [java.util.concurrent.ThreadPoolExecutor$Worker@486b56da[State = -1, empty queue]] WARN  server.GrpcLogAppender (GrpcLogAppender.java:timeoutAppendRequest(200)) - 64dc86e1-b58a-47fa-9209-c80a04613504@group-85515DBFC7EF->296d1e6a-4d03-4625-a926-8603881e9a06-GrpcLogAppender: appendEntries Timeout, request=64dc86e1-b58a-47fa-9209-c80a04613504->296d1e6a-4d03-4625-a926-8603881e9a06#61-t2, previous=(t:2, i:20), leaderCommit=16, initializing? false, entries: <empty>
2019-09-17 14:54:49,184 [grpc-default-executor-2] WARN  server.GrpcLogAppender (LogUtils.java:warn(134)) - 5824bb7b-23b5-4080-8c55-4e36ce35b3ee@group-218101269A2C->bbb4e265-cb6b-4caa-8b5d-65801261426c-AppendLogResponseHandler: Failed appendEntries: org.apache.ratis.thirdparty.io.grpc.StatusRuntimeException: UNAVAILABLE: io exception
2019-09-17 14:54:49,185 [grpc-default-executor-2] INFO  impl.FollowerInfo (FollowerInfo.java:lambda$new$0(51)) - 5824bb7b-23b5-4080-8c55-4e36ce35b3ee@group-218101269A2C->bbb4e265-cb6b-4caa-8b5d-65801261426c: nextIndex: updateUnconditionally 0 -> 0
2019-09-17 14:54:49,357 [java.util.concurrent.ThreadPoolExecutor$Worker@486b56da[State = -1, empty queue]] WARN  server.GrpcLogAppender (GrpcLogAppender.java:timeoutAppendRequest(200)) - 64dc86e1-b58a-47fa-9209-c80a04613504@group-85515DBFC7EF->296d1e6a-4d03-4625-a926-8603881e9a06-GrpcLogAppender: appendEntries Timeout, request=64dc86e1-b58a-47fa-9209-c80a04613504->296d1e6a-4d03-4625-a926-8603881e9a06#62-t2, previous=(t:2, i:20), leaderCommit=16, initializing? false, entries: <empty>
2019-09-17 14:54:49,357 [java.util.concurrent.ThreadPoolExecutor$Worker@1fe41ca9[State = -1, empty queue]] WARN  server.GrpcLogAppender (GrpcLogAppender.java:timeoutAppendRequest(200)) - 64dc86e1-b58a-47fa-9209-c80a04613504@group-85515DBFC7EF->0d659ca8-8d3f-4ad5-ad2a-cdb4ab88523b-GrpcLogAppender: appendEntries Timeout, request=64dc86e1-b58a-47fa-9209-c80a04613504->0d659ca8-8d3f-4ad5-ad2a-cdb4ab88523b#62-t2, previous=(t:2, i:20), leaderCommit=16, initializing? false, entries: <empty>
2019-09-17 14:54:49,685 [grpc-default-executor-2] WARN  server.GrpcLogAppender (LogUtils.java:warn(134)) - 5824bb7b-23b5-4080-8c55-4e36ce35b3ee@group-218101269A2C->bbb4e265-cb6b-4caa-8b5d-65801261426c-AppendLogResponseHandler: Failed appendEntries: org.apache.ratis.thirdparty.io.grpc.StatusRuntimeException: UNAVAILABLE: io exception
2019-09-17 14:54:49,686 [grpc-default-executor-2] INFO  impl.FollowerInfo (FollowerInfo.java:lambda$new$0(51)) - 5824bb7b-23b5-4080-8c55-4e36ce35b3ee@group-218101269A2C->bbb4e265-cb6b-4caa-8b5d-65801261426c: nextIndex: updateUnconditionally 0 -> 0
2019-09-17 14:54:49,857 [java.util.concurrent.ThreadPoolExecutor$Worker@1fe41ca9[State = -1, empty queue]] WARN  server.GrpcLogAppender (GrpcLogAppender.java:timeoutAppendRequest(200)) - 64dc86e1-b58a-47fa-9209-c80a04613504@group-85515DBFC7EF->0d659ca8-8d3f-4ad5-ad2a-cdb4ab88523b-GrpcLogAppender: appendEntries Timeout, request=64dc86e1-b58a-47fa-9209-c80a04613504->0d659ca8-8d3f-4ad5-ad2a-cdb4ab88523b#63-t2, previous=(t:2, i:20), leaderCommit=16, initializing? false, entries: <empty>
2019-09-17 14:54:49,857 [java.util.concurrent.ThreadPoolExecutor$Worker@486b56da[State = -1, empty queue]] WARN  server.GrpcLogAppender (GrpcLogAppender.java:timeoutAppendRequest(200)) - 64dc86e1-b58a-47fa-9209-c80a04613504@group-85515DBFC7EF->296d1e6a-4d03-4625-a926-8603881e9a06-GrpcLogAppender: appendEntries Timeout, request=64dc86e1-b58a-47fa-9209-c80a04613504->296d1e6a-4d03-4625-a926-8603881e9a06#63-t2, previous=(t:2, i:20), leaderCommit=16, initializing? false, entries: <empty>
2019-09-17 14:54:50,188 [grpc-default-executor-1] WARN  server.GrpcLogAppender (LogUtils.java:warn(134)) - 5824bb7b-23b5-4080-8c55-4e36ce35b3ee@group-218101269A2C->bbb4e265-cb6b-4caa-8b5d-65801261426c-AppendLogResponseHandler: Failed appendEntries: org.apache.ratis.thirdparty.io.grpc.StatusRuntimeException: UNAVAILABLE: io exception
2019-09-17 14:54:50,189 [grpc-default-executor-1] INFO  impl.FollowerInfo (FollowerInfo.java:lambda$new$0(51)) - 5824bb7b-23b5-4080-8c55-4e36ce35b3ee@group-218101269A2C->bbb4e265-cb6b-4caa-8b5d-65801261426c: nextIndex: updateUnconditionally 0 -> 0
2019-09-17 14:54:50,358 [java.util.concurrent.ThreadPoolExecutor$Worker@486b56da[State = -1, empty queue]] WARN  server.GrpcLogAppender (GrpcLogAppender.java:timeoutAppendRequest(200)) - 64dc86e1-b58a-47fa-9209-c80a04613504@group-85515DBFC7EF->296d1e6a-4d03-4625-a926-8603881e9a06-GrpcLogAppender: appendEntries Timeout, request=64dc86e1-b58a-47fa-9209-c80a04613504->296d1e6a-4d03-4625-a926-8603881e9a06#64-t2, previous=(t:2, i:20), leaderCommit=16, initializing? false, entries: <empty>
2019-09-17 14:54:50,358 [java.util.concurrent.ThreadPoolExecutor$Worker@1fe41ca9[State = -1, empty queue]] WARN  server.GrpcLogAppender (GrpcLogAppender.java:timeoutAppendRequest(200)) - 64dc86e1-b58a-47fa-9209-c80a04613504@group-85515DBFC7EF->0d659ca8-8d3f-4ad5-ad2a-cdb4ab88523b-GrpcLogAppender: appendEntries Timeout, request=64dc86e1-b58a-47fa-9209-c80a04613504->0d659ca8-8d3f-4ad5-ad2a-cdb4ab88523b#64-t2, previous=(t:2, i:20), leaderCommit=16, initializing? false, entries: <empty>
2019-09-17 14:54:50,564 [main] WARN  io.KeyOutputStream (KeyOutputStream.java:handleException(276)) - Encountered exception java.io.IOException: Unexpected Storage Container Exception: java.util.concurrent.CompletionException: java.util.concurrent.CompletionException: org.apache.ratis.protocol.RaftRetryFailureException: Failed RaftClientRequest:client-30C4B51AD9D2->64dc86e1-b58a-47fa-9209-c80a04613504@group-85515DBFC7EF, cid=49, seq=9*, RW, org.apache.hadoop.hdds.scm.XceiverClientRatis$$Lambda$435/1403539444@79e142df for 10 attempts with RetryLimited(maxAttempts=10, sleepTime=1000ms) on the pipeline Pipeline[ Id: 7a1be835-dbe0-4477-9aa1-85515dbfc7ef, Nodes: 0d659ca8-8d3f-4ad5-ad2a-cdb4ab88523b{ip: 192.168.151.72, host: pr-hdds-2137-trunk-f8w4d-2934045284, networkLocation: /default-rack, certSerialId: null}64dc86e1-b58a-47fa-9209-c80a04613504{ip: 192.168.151.72, host: pr-hdds-2137-trunk-f8w4d-2934045284, networkLocation: /default-rack, certSerialId: null}296d1e6a-4d03-4625-a926-8603881e9a06{ip: 192.168.151.72, host: pr-hdds-2137-trunk-f8w4d-2934045284, networkLocation: /default-rack, certSerialId: null}, Type:RATIS, Factor:THREE, State:OPEN]. The last committed block length is 0, uncommitted data length is 2097152 retry count 0
2019-09-17 14:54:50,687 [grpc-default-executor-1] WARN  server.GrpcLogAppender (LogUtils.java:warn(134)) - 5824bb7b-23b5-4080-8c55-4e36ce35b3ee@group-218101269A2C->bbb4e265-cb6b-4caa-8b5d-65801261426c-AppendLogResponseHandler: Failed appendEntries: org.apache.ratis.thirdparty.io.grpc.StatusRuntimeException: UNAVAILABLE: io exception
2019-09-17 14:54:50,688 [grpc-default-executor-1] INFO  impl.FollowerInfo (FollowerInfo.java:lambda$new$0(51)) - 5824bb7b-23b5-4080-8c55-4e36ce35b3ee@group-218101269A2C->bbb4e265-cb6b-4caa-8b5d-65801261426c: nextIndex: updateUnconditionally 0 -> 0
2019-09-17 14:54:50,860 [java.util.concurrent.ThreadPoolExecutor$Worker@1fe41ca9[State = -1, empty queue]] WARN  server.GrpcLogAppender (GrpcLogAppender.java:timeoutAppendRequest(200)) - 64dc86e1-b58a-47fa-9209-c80a04613504@group-85515DBFC7EF->0d659ca8-8d3f-4ad5-ad2a-cdb4ab88523b-GrpcLogAppender: appendEntries Timeout, request=64dc86e1-b58a-47fa-9209-c80a04613504->0d659ca8-8d3f-4ad5-ad2a-cdb4ab88523b#65-t2, previous=(t:2, i:20), leaderCommit=16, initializing? false, entries: <empty>
2019-09-17 14:54:50,860 [java.util.concurrent.ThreadPoolExecutor$Worker@486b56da[State = -1, empty queue]] WARN  server.GrpcLogAppender (GrpcLogAppender.java:timeoutAppendRequest(200)) - 64dc86e1-b58a-47fa-9209-c80a04613504@group-85515DBFC7EF->296d1e6a-4d03-4625-a926-8603881e9a06-GrpcLogAppender: appendEntries Timeout, request=64dc86e1-b58a-47fa-9209-c80a04613504->296d1e6a-4d03-4625-a926-8603881e9a06#65-t2, previous=(t:2, i:20), leaderCommit=16, initializing? false, entries: <empty>
2019-09-17 14:54:51,188 [grpc-default-executor-1] WARN  server.GrpcLogAppender (LogUtils.java:warn(134)) - 5824bb7b-23b5-4080-8c55-4e36ce35b3ee@group-218101269A2C->bbb4e265-cb6b-4caa-8b5d-65801261426c-AppendLogResponseHandler: Failed appendEntries: org.apache.ratis.thirdparty.io.grpc.StatusRuntimeException: UNAVAILABLE: io exception
2019-09-17 14:54:51,189 [grpc-default-executor-1] INFO  impl.FollowerInfo (FollowerInfo.java:lambda$new$0(51)) - 5824bb7b-23b5-4080-8c55-4e36ce35b3ee@group-218101269A2C->bbb4e265-cb6b-4caa-8b5d-65801261426c: nextIndex: updateUnconditionally 0 -> 0
2019-09-17 14:54:51,360 [java.util.concurrent.ThreadPoolExecutor$Worker@1fe41ca9[State = -1, empty queue]] WARN  server.GrpcLogAppender (GrpcLogAppender.java:timeoutAppendRequest(200)) - 64dc86e1-b58a-47fa-9209-c80a04613504@group-85515DBFC7EF->0d659ca8-8d3f-4ad5-ad2a-cdb4ab88523b-GrpcLogAppender: appendEntries Timeout, request=64dc86e1-b58a-47fa-9209-c80a04613504->0d659ca8-8d3f-4ad5-ad2a-cdb4ab88523b#66-t2, previous=(t:2, i:20), leaderCommit=16, initializing? false, entries: <empty>
2019-09-17 14:54:51,360 [java.util.concurrent.ThreadPoolExecutor$Worker@486b56da[State = -1, empty queue]] WARN  server.GrpcLogAppender (GrpcLogAppender.java:timeoutAppendRequest(200)) - 64dc86e1-b58a-47fa-9209-c80a04613504@group-85515DBFC7EF->296d1e6a-4d03-4625-a926-8603881e9a06-GrpcLogAppender: appendEntries Timeout, request=64dc86e1-b58a-47fa-9209-c80a04613504->296d1e6a-4d03-4625-a926-8603881e9a06#66-t2, previous=(t:2, i:20), leaderCommit=16, initializing? false, entries: <empty>
2019-09-17 14:54:51,633 [grpc-default-executor-1] WARN  server.GrpcLogAppender (LogUtils.java:warn(134)) - 5824bb7b-23b5-4080-8c55-4e36ce35b3ee@group-218101269A2C->bbb4e265-cb6b-4caa-8b5d-65801261426c-AppendLogResponseHandler: Failed appendEntries: org.apache.ratis.thirdparty.io.grpc.StatusRuntimeException: UNAVAILABLE: io exception
2019-09-17 14:54:51,633 [grpc-default-executor-1] INFO  impl.FollowerInfo (FollowerInfo.java:lambda$new$0(51)) - 5824bb7b-23b5-4080-8c55-4e36ce35b3ee@group-218101269A2C->bbb4e265-cb6b-4caa-8b5d-65801261426c: nextIndex: updateUnconditionally 1 -> 0
2019-09-17 14:54:51,768 [grpc-default-executor-0] WARN  server.GrpcLogAppender (LogUtils.java:warn(134)) - 5824bb7b-23b5-4080-8c55-4e36ce35b3ee@group-218101269A2C->bbb4e265-cb6b-4caa-8b5d-65801261426c-AppendLogResponseHandler: Failed appendEntries: org.apache.ratis.thirdparty.io.grpc.StatusRuntimeException: UNAVAILABLE: io exception
2019-09-17 14:54:51,775 [grpc-default-executor-0] INFO  impl.FollowerInfo (FollowerInfo.java:lambda$new$0(51)) - 5824bb7b-23b5-4080-8c55-4e36ce35b3ee@group-218101269A2C->bbb4e265-cb6b-4caa-8b5d-65801261426c: nextIndex: updateUnconditionally 1 -> 0
2019-09-17 14:54:51,775 [grpc-default-executor-4] INFO  client.GrpcClientProtocolClient (GrpcClientProtocolClient.java:onNext(264)) - client-0643CBBFECAA->5824bb7b-23b5-4080-8c55-4e36ce35b3ee: receive RaftClientReply:client-0643CBBFECAA->5824bb7b-23b5-4080-8c55-4e36ce35b3ee@group-218101269A2C, cid=53, SUCCESS, logIndex=19, commits[5824bb7b-23b5-4080-8c55-4e36ce35b3ee:c19, bbb4e265-cb6b-4caa-8b5d-65801261426c:c16, 24ee45b5-4e6b-4499-8d3c-0bcd5a303b6d:c18]
2019-09-17 14:54:51,786 [grpc-default-executor-0] WARN  server.GrpcLogAppender (LogUtils.java:warn(134)) - 5824bb7b-23b5-4080-8c55-4e36ce35b3ee@group-218101269A2C->bbb4e265-cb6b-4caa-8b5d-65801261426c-AppendLogResponseHandler: Failed appendEntries: org.apache.ratis.thirdparty.io.grpc.StatusRuntimeException: UNAVAILABLE: io exception
2019-09-17 14:54:51,786 [grpc-default-executor-0] INFO  impl.FollowerInfo (FollowerInfo.java:lambda$new$0(51)) - 5824bb7b-23b5-4080-8c55-4e36ce35b3ee@group-218101269A2C->bbb4e265-cb6b-4caa-8b5d-65801261426c: nextIndex: updateUnconditionally 1 -> 0
2019-09-17 14:54:51,793 [grpc-default-executor-4] WARN  server.GrpcLogAppender (LogUtils.java:warn(134)) - 5824bb7b-23b5-4080-8c55-4e36ce35b3ee@group-218101269A2C->bbb4e265-cb6b-4caa-8b5d-65801261426c-AppendLogResponseHandler: Failed appendEntries: org.apache.ratis.thirdparty.io.grpc.StatusRuntimeException: UNAVAILABLE: io exception
2019-09-17 14:54:51,793 [grpc-default-executor-4] INFO  impl.FollowerInfo (FollowerInfo.java:lambda$new$0(51)) - 5824bb7b-23b5-4080-8c55-4e36ce35b3ee@group-218101269A2C->bbb4e265-cb6b-4caa-8b5d-65801261426c: nextIndex: updateUnconditionally 1 -> 0
2019-09-17 14:54:51,801 [grpc-default-executor-0] WARN  server.GrpcLogAppender (LogUtils.java:warn(134)) - 5824bb7b-23b5-4080-8c55-4e36ce35b3ee@group-218101269A2C->bbb4e265-cb6b-4caa-8b5d-65801261426c-AppendLogResponseHandler: Failed appendEntries: org.apache.ratis.thirdparty.io.grpc.StatusRuntimeException: UNAVAILABLE: io exception
2019-09-17 14:54:51,801 [grpc-default-executor-0] INFO  impl.FollowerInfo (FollowerInfo.java:lambda$new$0(51)) - 5824bb7b-23b5-4080-8c55-4e36ce35b3ee@group-218101269A2C->bbb4e265-cb6b-4caa-8b5d-65801261426c: nextIndex: updateUnconditionally 1 -> 0
2019-09-17 14:54:51,811 [grpc-default-executor-4] WARN  server.GrpcLogAppender (LogUtils.java:warn(134)) - 5824bb7b-23b5-4080-8c55-4e36ce35b3ee@group-218101269A2C->bbb4e265-cb6b-4caa-8b5d-65801261426c-AppendLogResponseHandler: Failed appendEntries: org.apache.ratis.thirdparty.io.grpc.StatusRuntimeException: UNAVAILABLE: io exception
2019-09-17 14:54:51,811 [grpc-default-executor-4] INFO  impl.FollowerInfo (FollowerInfo.java:lambda$new$0(51)) - 5824bb7b-23b5-4080-8c55-4e36ce35b3ee@group-218101269A2C->bbb4e265-cb6b-4caa-8b5d-65801261426c: nextIndex: updateUnconditionally 1 -> 0
2019-09-17 14:54:51,816 [grpc-default-executor-2] WARN  server.GrpcLogAppender (LogUtils.java:warn(134)) - 5824bb7b-23b5-4080-8c55-4e36ce35b3ee@group-218101269A2C->bbb4e265-cb6b-4caa-8b5d-65801261426c-AppendLogResponseHandler: Failed appendEntries: org.apache.ratis.thirdparty.io.grpc.StatusRuntimeException: UNAVAILABLE: io exception
2019-09-17 14:54:51,816 [grpc-default-executor-2] INFO  impl.FollowerInfo (FollowerInfo.java:lambda$new$0(51)) - 5824bb7b-23b5-4080-8c55-4e36ce35b3ee@group-218101269A2C->bbb4e265-cb6b-4caa-8b5d-65801261426c: nextIndex: updateUnconditionally 1 -> 0
2019-09-17 14:54:51,830 [grpc-default-executor-2] INFO  client.GrpcClientProtocolClient (GrpcClientProtocolClient.java:onNext(264)) - client-0643CBBFECAA->5824bb7b-23b5-4080-8c55-4e36ce35b3ee: receive RaftClientReply:client-0643CBBFECAA->5824bb7b-23b5-4080-8c55-4e36ce35b3ee@group-218101269A2C, cid=54, SUCCESS, logIndex=21, commits[5824bb7b-23b5-4080-8c55-4e36ce35b3ee:c25, bbb4e265-cb6b-4caa-8b5d-65801261426c:c16, 24ee45b5-4e6b-4499-8d3c-0bcd5a303b6d:c22]
2019-09-17 14:54:51,831 [grpc-default-executor-2] INFO  client.GrpcClientProtocolClient (GrpcClientProtocolClient.java:onNext(264)) - client-0643CBBFECAA->5824bb7b-23b5-4080-8c55-4e36ce35b3ee: receive RaftClientReply:client-0643CBBFECAA->5824bb7b-23b5-4080-8c55-4e36ce35b3ee@group-218101269A2C, cid=55, SUCCESS, logIndex=22, commits[5824bb7b-23b5-4080-8c55-4e36ce35b3ee:c25, bbb4e265-cb6b-4caa-8b5d-65801261426c:c16, 24ee45b5-4e6b-4499-8d3c-0bcd5a303b6d:c22]
2019-09-17 14:54:51,862 [grpc-default-executor-2] INFO  client.GrpcClientProtocolClient (GrpcClientProtocolClient.java:onNext(264)) - client-0643CBBFECAA->5824bb7b-23b5-4080-8c55-4e36ce35b3ee: receive RaftClientReply:client-0643CBBFECAA->5824bb7b-23b5-4080-8c55-4e36ce35b3ee@group-218101269A2C, cid=56, SUCCESS, logIndex=23, commits[5824bb7b-23b5-4080-8c55-4e36ce35b3ee:c25, bbb4e265-cb6b-4caa-8b5d-65801261426c:c16, 24ee45b5-4e6b-4499-8d3c-0bcd5a303b6d:c22]
2019-09-17 14:54:51,864 [java.util.concurrent.ThreadPoolExecutor$Worker@1fe41ca9[State = -1, empty queue]] WARN  server.GrpcLogAppender (GrpcLogAppender.java:timeoutAppendRequest(200)) - 64dc86e1-b58a-47fa-9209-c80a04613504@group-85515DBFC7EF->0d659ca8-8d3f-4ad5-ad2a-cdb4ab88523b-GrpcLogAppender: appendEntries Timeout, request=64dc86e1-b58a-47fa-9209-c80a04613504->0d659ca8-8d3f-4ad5-ad2a-cdb4ab88523b#67-t2, previous=(t:2, i:20), leaderCommit=16, initializing? false, entries: <empty>
2019-09-17 14:54:51,864 [java.util.concurrent.ThreadPoolExecutor$Worker@486b56da[State = -1, empty queue]] WARN  server.GrpcLogAppender (GrpcLogAppender.java:timeoutAppendRequest(200)) - 64dc86e1-b58a-47fa-9209-c80a04613504@group-85515DBFC7EF->296d1e6a-4d03-4625-a926-8603881e9a06-GrpcLogAppender: appendEntries Timeout, request=64dc86e1-b58a-47fa-9209-c80a04613504->296d1e6a-4d03-4625-a926-8603881e9a06#67-t2, previous=(t:2, i:20), leaderCommit=16, initializing? false, entries: <empty>
2019-09-17 14:54:52,318 [grpc-default-executor-0] WARN  server.GrpcLogAppender (LogUtils.java:warn(134)) - 5824bb7b-23b5-4080-8c55-4e36ce35b3ee@group-218101269A2C->bbb4e265-cb6b-4caa-8b5d-65801261426c-AppendLogResponseHandler: Failed appendEntries: org.apache.ratis.thirdparty.io.grpc.StatusRuntimeException: UNAVAILABLE: io exception
2019-09-17 14:54:52,319 [grpc-default-executor-0] INFO  impl.FollowerInfo (FollowerInfo.java:lambda$new$0(51)) - 5824bb7b-23b5-4080-8c55-4e36ce35b3ee@group-218101269A2C->bbb4e265-cb6b-4caa-8b5d-65801261426c: nextIndex: updateUnconditionally 0 -> 0
2019-09-17 14:54:52,343 [296d1e6a-4d03-4625-a926-8603881e9a06@group-85515DBFC7EF-SegmentedRaftLogWorker] WARN  segmented.SegmentedRaftLogWorker (SegmentedRaftLogWorker.java:getFromFuture(90)) - Timeout 1/~
org.apache.ratis.protocol.TimeoutIOException: Timeout 10s: WriteLog:17: (t:2, i:17), STATEMACHINELOGENTRY, client-30C4B51AD9D2, cid=49-writeStateMachineData
	at org.apache.ratis.util.IOUtils.getFromFuture(IOUtils.java:87)
	at org.apache.ratis.server.raftlog.segmented.SegmentedRaftLogWorker$StateMachineDataPolicy.getFromFuture(SegmentedRaftLogWorker.java:87)
	at org.apache.ratis.server.raftlog.segmented.SegmentedRaftLogWorker$WriteLog.execute(SegmentedRaftLogWorker.java:477)
	at org.apache.ratis.server.raftlog.segmented.SegmentedRaftLogWorker.run(SegmentedRaftLogWorker.java:289)
	at java.lang.Thread.run(Thread.java:748)
Caused by: java.util.concurrent.TimeoutException
	at java.util.concurrent.CompletableFuture.timedGet(CompletableFuture.java:1771)
	at java.util.concurrent.CompletableFuture.get(CompletableFuture.java:1915)
	at org.apache.ratis.util.IOUtils.getFromFuture(IOUtils.java:79)
	... 4 more
2019-09-17 14:54:52,364 [java.util.concurrent.ThreadPoolExecutor$Worker@1fe41ca9[State = -1, empty queue]] WARN  server.GrpcLogAppender (GrpcLogAppender.java:timeoutAppendRequest(200)) - 64dc86e1-b58a-47fa-9209-c80a04613504@group-85515DBFC7EF->0d659ca8-8d3f-4ad5-ad2a-cdb4ab88523b-GrpcLogAppender: appendEntries Timeout, request=64dc86e1-b58a-47fa-9209-c80a04613504->0d659ca8-8d3f-4ad5-ad2a-cdb4ab88523b#68-t2, previous=(t:2, i:20), leaderCommit=16, initializing? false, entries: <empty>
2019-09-17 14:54:52,365 [java.util.concurrent.ThreadPoolExecutor$Worker@486b56da[State = -1, empty queue]] WARN  server.GrpcLogAppender (GrpcLogAppender.java:timeoutAppendRequest(200)) - 64dc86e1-b58a-47fa-9209-c80a04613504@group-85515DBFC7EF->296d1e6a-4d03-4625-a926-8603881e9a06-GrpcLogAppender: appendEntries Timeout, request=64dc86e1-b58a-47fa-9209-c80a04613504->296d1e6a-4d03-4625-a926-8603881e9a06#68-t2, previous=(t:2, i:20), leaderCommit=16, initializing? false, entries: <empty>
2019-09-17 14:54:52,371 [64dc86e1-b58a-47fa-9209-c80a04613504@group-85515DBFC7EF-SegmentedRaftLogWorker] WARN  segmented.SegmentedRaftLogWorker (SegmentedRaftLogWorker.java:getFromFuture(90)) - Timeout 1/~
org.apache.ratis.protocol.TimeoutIOException: Timeout 10s: WriteLog:19: (t:2, i:19), STATEMACHINELOGENTRY, client-30C4B51AD9D2, cid=51-writeStateMachineData
	at org.apache.ratis.util.IOUtils.getFromFuture(IOUtils.java:87)
	at org.apache.ratis.server.raftlog.segmented.SegmentedRaftLogWorker$StateMachineDataPolicy.getFromFuture(SegmentedRaftLogWorker.java:87)
	at org.apache.ratis.server.raftlog.segmented.SegmentedRaftLogWorker$WriteLog.execute(SegmentedRaftLogWorker.java:477)
	at org.apache.ratis.server.raftlog.segmented.SegmentedRaftLogWorker.run(SegmentedRaftLogWorker.java:289)
	at java.lang.Thread.run(Thread.java:748)
Caused by: java.util.concurrent.TimeoutException
	at java.util.concurrent.CompletableFuture.timedGet(CompletableFuture.java:1771)
	at java.util.concurrent.CompletableFuture.get(CompletableFuture.java:1915)
	at org.apache.ratis.util.IOUtils.getFromFuture(IOUtils.java:79)
	... 4 more
2019-09-17 14:54:52,388 [0d659ca8-8d3f-4ad5-ad2a-cdb4ab88523b@group-85515DBFC7EF-SegmentedRaftLogWorker] WARN  segmented.SegmentedRaftLogWorker (SegmentedRaftLogWorker.java:getFromFuture(90)) - Timeout 1/~
org.apache.ratis.protocol.TimeoutIOException: Timeout 10s: WriteLog:19: (t:2, i:19), STATEMACHINELOGENTRY, client-30C4B51AD9D2, cid=51-writeStateMachineData
	at org.apache.ratis.util.IOUtils.getFromFuture(IOUtils.java:87)
	at org.apache.ratis.server.raftlog.segmented.SegmentedRaftLogWorker$StateMachineDataPolicy.getFromFuture(SegmentedRaftLogWorker.java:87)
	at org.apache.ratis.server.raftlog.segmented.SegmentedRaftLogWorker$WriteLog.execute(SegmentedRaftLogWorker.java:477)
	at org.apache.ratis.server.raftlog.segmented.SegmentedRaftLogWorker.run(SegmentedRaftLogWorker.java:289)
	at java.lang.Thread.run(Thread.java:748)
Caused by: java.util.concurrent.TimeoutException
	at java.util.concurrent.CompletableFuture.timedGet(CompletableFuture.java:1771)
	at java.util.concurrent.CompletableFuture.get(CompletableFuture.java:1915)
	at org.apache.ratis.util.IOUtils.getFromFuture(IOUtils.java:79)
	... 4 more
2019-09-17 14:54:52,818 [grpc-default-executor-1] WARN  server.GrpcLogAppender (LogUtils.java:warn(134)) - 5824bb7b-23b5-4080-8c55-4e36ce35b3ee@group-218101269A2C->bbb4e265-cb6b-4caa-8b5d-65801261426c-AppendLogResponseHandler: Failed appendEntries: org.apache.ratis.thirdparty.io.grpc.StatusRuntimeException: UNAVAILABLE: io exception
2019-09-17 14:54:52,819 [grpc-default-executor-1] INFO  impl.FollowerInfo (FollowerInfo.java:lambda$new$0(51)) - 5824bb7b-23b5-4080-8c55-4e36ce35b3ee@group-218101269A2C->bbb4e265-cb6b-4caa-8b5d-65801261426c: nextIndex: updateUnconditionally 0 -> 0
2019-09-17 14:54:52,865 [java.util.concurrent.ThreadPoolExecutor$Worker@486b56da[State = -1, empty queue]] WARN  server.GrpcLogAppender (GrpcLogAppender.java:timeoutAppendRequest(200)) - 64dc86e1-b58a-47fa-9209-c80a04613504@group-85515DBFC7EF->296d1e6a-4d03-4625-a926-8603881e9a06-GrpcLogAppender: appendEntries Timeout, request=64dc86e1-b58a-47fa-9209-c80a04613504->296d1e6a-4d03-4625-a926-8603881e9a06#69-t2, previous=(t:2, i:20), leaderCommit=16, initializing? false, entries: <empty>
2019-09-17 14:54:52,865 [java.util.concurrent.ThreadPoolExecutor$Worker@1fe41ca9[State = -1, empty queue]] WARN  server.GrpcLogAppender (GrpcLogAppender.java:timeoutAppendRequest(200)) - 64dc86e1-b58a-47fa-9209-c80a04613504@group-85515DBFC7EF->0d659ca8-8d3f-4ad5-ad2a-cdb4ab88523b-GrpcLogAppender: appendEntries Timeout, request=64dc86e1-b58a-47fa-9209-c80a04613504->0d659ca8-8d3f-4ad5-ad2a-cdb4ab88523b#69-t2, previous=(t:2, i:20), leaderCommit=16, initializing? false, entries: <empty>
2019-09-17 14:54:53,319 [grpc-default-executor-0] WARN  server.GrpcLogAppender (LogUtils.java:warn(134)) - 5824bb7b-23b5-4080-8c55-4e36ce35b3ee@group-218101269A2C->bbb4e265-cb6b-4caa-8b5d-65801261426c-AppendLogResponseHandler: Failed appendEntries: org.apache.ratis.thirdparty.io.grpc.StatusRuntimeException: UNAVAILABLE: io exception
2019-09-17 14:54:53,320 [grpc-default-executor-0] INFO  impl.FollowerInfo (FollowerInfo.java:lambda$new$0(51)) - 5824bb7b-23b5-4080-8c55-4e36ce35b3ee@group-218101269A2C->bbb4e265-cb6b-4caa-8b5d-65801261426c: nextIndex: updateUnconditionally 0 -> 0
2019-09-17 14:54:53,365 [java.util.concurrent.ThreadPoolExecutor$Worker@1fe41ca9[State = -1, empty queue]] WARN  server.GrpcLogAppender (GrpcLogAppender.java:timeoutAppendRequest(200)) - 64dc86e1-b58a-47fa-9209-c80a04613504@group-85515DBFC7EF->0d659ca8-8d3f-4ad5-ad2a-cdb4ab88523b-GrpcLogAppender: appendEntries Timeout, request=64dc86e1-b58a-47fa-9209-c80a04613504->0d659ca8-8d3f-4ad5-ad2a-cdb4ab88523b#70-t2, previous=(t:2, i:20), leaderCommit=16, initializing? false, entries: <empty>
2019-09-17 14:54:53,365 [java.util.concurrent.ThreadPoolExecutor$Worker@486b56da[State = -1, empty queue]] WARN  server.GrpcLogAppender (GrpcLogAppender.java:timeoutAppendRequest(200)) - 64dc86e1-b58a-47fa-9209-c80a04613504@group-85515DBFC7EF->296d1e6a-4d03-4625-a926-8603881e9a06-GrpcLogAppender: appendEntries Timeout, request=64dc86e1-b58a-47fa-9209-c80a04613504->296d1e6a-4d03-4625-a926-8603881e9a06#70-t2, previous=(t:2, i:20), leaderCommit=16, initializing? false, entries: <empty>
2019-09-17 14:54:53,820 [grpc-default-executor-1] WARN  server.GrpcLogAppender (LogUtils.java:warn(134)) - 5824bb7b-23b5-4080-8c55-4e36ce35b3ee@group-218101269A2C->bbb4e265-cb6b-4caa-8b5d-65801261426c-AppendLogResponseHandler: Failed appendEntries: org.apache.ratis.thirdparty.io.grpc.StatusRuntimeException: UNAVAILABLE: io exception
2019-09-17 14:54:53,821 [grpc-default-executor-1] INFO  impl.FollowerInfo (FollowerInfo.java:lambda$new$0(51)) - 5824bb7b-23b5-4080-8c55-4e36ce35b3ee@group-218101269A2C->bbb4e265-cb6b-4caa-8b5d-65801261426c: nextIndex: updateUnconditionally 0 -> 0
2019-09-17 14:54:53,866 [java.util.concurrent.ThreadPoolExecutor$Worker@486b56da[State = -1, empty queue]] WARN  server.GrpcLogAppender (GrpcLogAppender.java:timeoutAppendRequest(200)) - 64dc86e1-b58a-47fa-9209-c80a04613504@group-85515DBFC7EF->296d1e6a-4d03-4625-a926-8603881e9a06-GrpcLogAppender: appendEntries Timeout, request=64dc86e1-b58a-47fa-9209-c80a04613504->296d1e6a-4d03-4625-a926-8603881e9a06#71-t2, previous=(t:2, i:20), leaderCommit=16, initializing? false, entries: <empty>
2019-09-17 14:54:53,866 [java.util.concurrent.ThreadPoolExecutor$Worker@1fe41ca9[State = -1, empty queue]] WARN  server.GrpcLogAppender (GrpcLogAppender.java:timeoutAppendRequest(200)) - 64dc86e1-b58a-47fa-9209-c80a04613504@group-85515DBFC7EF->0d659ca8-8d3f-4ad5-ad2a-cdb4ab88523b-GrpcLogAppender: appendEntries Timeout, request=64dc86e1-b58a-47fa-9209-c80a04613504->0d659ca8-8d3f-4ad5-ad2a-cdb4ab88523b#71-t2, previous=(t:2, i:20), leaderCommit=16, initializing? false, entries: <empty>
2019-09-17 14:54:54,326 [grpc-default-executor-0] WARN  server.GrpcLogAppender (LogUtils.java:warn(134)) - 5824bb7b-23b5-4080-8c55-4e36ce35b3ee@group-218101269A2C->bbb4e265-cb6b-4caa-8b5d-65801261426c-AppendLogResponseHandler: Failed appendEntries: org.apache.ratis.thirdparty.io.grpc.StatusRuntimeException: UNAVAILABLE: io exception
2019-09-17 14:54:54,327 [grpc-default-executor-0] INFO  impl.FollowerInfo (FollowerInfo.java:lambda$new$0(51)) - 5824bb7b-23b5-4080-8c55-4e36ce35b3ee@group-218101269A2C->bbb4e265-cb6b-4caa-8b5d-65801261426c: nextIndex: updateUnconditionally 0 -> 0
2019-09-17 14:54:54,366 [java.util.concurrent.ThreadPoolExecutor$Worker@1fe41ca9[State = -1, empty queue]] WARN  server.GrpcLogAppender (GrpcLogAppender.java:timeoutAppendRequest(200)) - 64dc86e1-b58a-47fa-9209-c80a04613504@group-85515DBFC7EF->0d659ca8-8d3f-4ad5-ad2a-cdb4ab88523b-GrpcLogAppender: appendEntries Timeout, request=64dc86e1-b58a-47fa-9209-c80a04613504->0d659ca8-8d3f-4ad5-ad2a-cdb4ab88523b#72-t2, previous=(t:2, i:20), leaderCommit=16, initializing? false, entries: <empty>
2019-09-17 14:54:54,366 [java.util.concurrent.ThreadPoolExecutor$Worker@486b56da[State = -1, empty queue]] WARN  server.GrpcLogAppender (GrpcLogAppender.java:timeoutAppendRequest(200)) - 64dc86e1-b58a-47fa-9209-c80a04613504@group-85515DBFC7EF->296d1e6a-4d03-4625-a926-8603881e9a06-GrpcLogAppender: appendEntries Timeout, request=64dc86e1-b58a-47fa-9209-c80a04613504->296d1e6a-4d03-4625-a926-8603881e9a06#72-t2, previous=(t:2, i:20), leaderCommit=16, initializing? false, entries: <empty>
2019-09-17 14:54:54,827 [grpc-default-executor-1] WARN  server.GrpcLogAppender (LogUtils.java:warn(134)) - 5824bb7b-23b5-4080-8c55-4e36ce35b3ee@group-218101269A2C->bbb4e265-cb6b-4caa-8b5d-65801261426c-AppendLogResponseHandler: Failed appendEntries: org.apache.ratis.thirdparty.io.grpc.StatusRuntimeException: UNAVAILABLE: io exception
2019-09-17 14:54:54,828 [grpc-default-executor-1] INFO  impl.FollowerInfo (FollowerInfo.java:lambda$new$0(51)) - 5824bb7b-23b5-4080-8c55-4e36ce35b3ee@group-218101269A2C->bbb4e265-cb6b-4caa-8b5d-65801261426c: nextIndex: updateUnconditionally 0 -> 0
2019-09-17 14:54:54,872 [java.util.concurrent.ThreadPoolExecutor$Worker@486b56da[State = -1, empty queue]] WARN  server.GrpcLogAppender (GrpcLogAppender.java:timeoutAppendRequest(200)) - 64dc86e1-b58a-47fa-9209-c80a04613504@group-85515DBFC7EF->296d1e6a-4d03-4625-a926-8603881e9a06-GrpcLogAppender: appendEntries Timeout, request=64dc86e1-b58a-47fa-9209-c80a04613504->296d1e6a-4d03-4625-a926-8603881e9a06#73-t2, previous=(t:2, i:20), leaderCommit=16, initializing? false, entries: <empty>
2019-09-17 14:54:54,872 [java.util.concurrent.ThreadPoolExecutor$Worker@1fe41ca9[State = -1, empty queue]] WARN  server.GrpcLogAppender (GrpcLogAppender.java:timeoutAppendRequest(200)) - 64dc86e1-b58a-47fa-9209-c80a04613504@group-85515DBFC7EF->0d659ca8-8d3f-4ad5-ad2a-cdb4ab88523b-GrpcLogAppender: appendEntries Timeout, request=64dc86e1-b58a-47fa-9209-c80a04613504->0d659ca8-8d3f-4ad5-ad2a-cdb4ab88523b#73-t2, previous=(t:2, i:20), leaderCommit=16, initializing? false, entries: <empty>
2019-09-17 14:54:55,329 [grpc-default-executor-4] WARN  server.GrpcLogAppender (LogUtils.java:warn(134)) - 5824bb7b-23b5-4080-8c55-4e36ce35b3ee@group-218101269A2C->bbb4e265-cb6b-4caa-8b5d-65801261426c-AppendLogResponseHandler: Failed appendEntries: org.apache.ratis.thirdparty.io.grpc.StatusRuntimeException: UNAVAILABLE: io exception
2019-09-17 14:54:55,331 [grpc-default-executor-4] INFO  impl.FollowerInfo (FollowerInfo.java:lambda$new$0(51)) - 5824bb7b-23b5-4080-8c55-4e36ce35b3ee@group-218101269A2C->bbb4e265-cb6b-4caa-8b5d-65801261426c: nextIndex: updateUnconditionally 0 -> 0
2019-09-17 14:54:55,366 [java.util.concurrent.ThreadPoolExecutor$Worker@486b56da[State = -1, empty queue]] WARN  server.GrpcLogAppender (GrpcLogAppender.java:timeoutAppendRequest(200)) - 64dc86e1-b58a-47fa-9209-c80a04613504@group-85515DBFC7EF->296d1e6a-4d03-4625-a926-8603881e9a06-GrpcLogAppender: appendEntries Timeout, request=64dc86e1-b58a-47fa-9209-c80a04613504->296d1e6a-4d03-4625-a926-8603881e9a06#74-t2, previous=(t:2, i:20), leaderCommit=16, initializing? false, entries: <empty>
2019-09-17 14:54:55,367 [java.util.concurrent.ThreadPoolExecutor$Worker@1fe41ca9[State = -1, empty queue]] WARN  server.GrpcLogAppender (GrpcLogAppender.java:timeoutAppendRequest(200)) - 64dc86e1-b58a-47fa-9209-c80a04613504@group-85515DBFC7EF->0d659ca8-8d3f-4ad5-ad2a-cdb4ab88523b-GrpcLogAppender: appendEntries Timeout, request=64dc86e1-b58a-47fa-9209-c80a04613504->0d659ca8-8d3f-4ad5-ad2a-cdb4ab88523b#74-t2, previous=(t:2, i:20), leaderCommit=16, initializing? false, entries: <empty>
2019-09-17 14:54:55,828 [grpc-default-executor-0] WARN  server.GrpcLogAppender (LogUtils.java:warn(134)) - 5824bb7b-23b5-4080-8c55-4e36ce35b3ee@group-218101269A2C->bbb4e265-cb6b-4caa-8b5d-65801261426c-AppendLogResponseHandler: Failed appendEntries: org.apache.ratis.thirdparty.io.grpc.StatusRuntimeException: UNAVAILABLE: io exception
2019-09-17 14:54:55,829 [grpc-default-executor-0] INFO  impl.FollowerInfo (FollowerInfo.java:lambda$new$0(51)) - 5824bb7b-23b5-4080-8c55-4e36ce35b3ee@group-218101269A2C->bbb4e265-cb6b-4caa-8b5d-65801261426c: nextIndex: updateUnconditionally 0 -> 0
2019-09-17 14:54:55,867 [java.util.concurrent.ThreadPoolExecutor$Worker@486b56da[State = -1, empty queue]] WARN  server.GrpcLogAppender (GrpcLogAppender.java:timeoutAppendRequest(200)) - 64dc86e1-b58a-47fa-9209-c80a04613504@group-85515DBFC7EF->296d1e6a-4d03-4625-a926-8603881e9a06-GrpcLogAppender: appendEntries Timeout, request=64dc86e1-b58a-47fa-9209-c80a04613504->296d1e6a-4d03-4625-a926-8603881e9a06#75-t2, previous=(t:2, i:20), leaderCommit=16, initializing? false, entries: <empty>
2019-09-17 14:54:55,867 [java.util.concurrent.ThreadPoolExecutor$Worker@1fe41ca9[State = -1, empty queue]] WARN  server.GrpcLogAppender (GrpcLogAppender.java:timeoutAppendRequest(200)) - 64dc86e1-b58a-47fa-9209-c80a04613504@group-85515DBFC7EF->0d659ca8-8d3f-4ad5-ad2a-cdb4ab88523b-GrpcLogAppender: appendEntries Timeout, request=64dc86e1-b58a-47fa-9209-c80a04613504->0d659ca8-8d3f-4ad5-ad2a-cdb4ab88523b#75-t2, previous=(t:2, i:20), leaderCommit=16, initializing? false, entries: <empty>
2019-09-17 14:54:56,330 [grpc-default-executor-0] WARN  server.GrpcLogAppender (LogUtils.java:warn(134)) - 5824bb7b-23b5-4080-8c55-4e36ce35b3ee@group-218101269A2C->bbb4e265-cb6b-4caa-8b5d-65801261426c-AppendLogResponseHandler: Failed appendEntries: org.apache.ratis.thirdparty.io.grpc.StatusRuntimeException: UNAVAILABLE: io exception
2019-09-17 14:54:56,330 [grpc-default-executor-0] INFO  impl.FollowerInfo (FollowerInfo.java:lambda$new$0(51)) - 5824bb7b-23b5-4080-8c55-4e36ce35b3ee@group-218101269A2C->bbb4e265-cb6b-4caa-8b5d-65801261426c: nextIndex: updateUnconditionally 0 -> 0
2019-09-17 14:54:56,367 [java.util.concurrent.ThreadPoolExecutor$Worker@1fe41ca9[State = -1, empty queue]] WARN  server.GrpcLogAppender (GrpcLogAppender.java:timeoutAppendRequest(200)) - 64dc86e1-b58a-47fa-9209-c80a04613504@group-85515DBFC7EF->0d659ca8-8d3f-4ad5-ad2a-cdb4ab88523b-GrpcLogAppender: appendEntries Timeout, request=64dc86e1-b58a-47fa-9209-c80a04613504->0d659ca8-8d3f-4ad5-ad2a-cdb4ab88523b#76-t2, previous=(t:2, i:20), leaderCommit=16, initializing? false, entries: <empty>
2019-09-17 14:54:56,367 [java.util.concurrent.ThreadPoolExecutor$Worker@486b56da[State = -1, empty queue]] WARN  server.GrpcLogAppender (GrpcLogAppender.java:timeoutAppendRequest(200)) - 64dc86e1-b58a-47fa-9209-c80a04613504@group-85515DBFC7EF->296d1e6a-4d03-4625-a926-8603881e9a06-GrpcLogAppender: appendEntries Timeout, request=64dc86e1-b58a-47fa-9209-c80a04613504->296d1e6a-4d03-4625-a926-8603881e9a06#76-t2, previous=(t:2, i:20), leaderCommit=16, initializing? false, entries: <empty>
2019-09-17 14:54:56,832 [grpc-default-executor-4] WARN  server.GrpcLogAppender (LogUtils.java:warn(134)) - 5824bb7b-23b5-4080-8c55-4e36ce35b3ee@group-218101269A2C->bbb4e265-cb6b-4caa-8b5d-65801261426c-AppendLogResponseHandler: Failed appendEntries: org.apache.ratis.thirdparty.io.grpc.StatusRuntimeException: UNAVAILABLE: io exception
2019-09-17 14:54:56,833 [grpc-default-executor-4] INFO  impl.FollowerInfo (FollowerInfo.java:lambda$new$0(51)) - 5824bb7b-23b5-4080-8c55-4e36ce35b3ee@group-218101269A2C->bbb4e265-cb6b-4caa-8b5d-65801261426c: nextIndex: updateUnconditionally 0 -> 0
2019-09-17 14:54:56,865 [main] WARN  scm.XceiverClientRatis (XceiverClientRatis.java:watchForCommit(262)) - 3 way commit failed on pipeline Pipeline[ Id: 4f8d5d5a-f561-4b2a-a81e-218101269a2c, Nodes: bbb4e265-cb6b-4caa-8b5d-65801261426c{ip: 192.168.151.72, host: pr-hdds-2137-trunk-f8w4d-2934045284, networkLocation: /default-rack, certSerialId: null}5824bb7b-23b5-4080-8c55-4e36ce35b3ee{ip: 192.168.151.72, host: pr-hdds-2137-trunk-f8w4d-2934045284, networkLocation: /default-rack, certSerialId: null}24ee45b5-4e6b-4499-8d3c-0bcd5a303b6d{ip: 192.168.151.72, host: pr-hdds-2137-trunk-f8w4d-2934045284, networkLocation: /default-rack, certSerialId: null}, Type:RATIS, Factor:THREE, State:OPEN]
java.util.concurrent.TimeoutException
	at java.util.concurrent.CompletableFuture.timedGet(CompletableFuture.java:1771)
	at java.util.concurrent.CompletableFuture.get(CompletableFuture.java:1915)
	at org.apache.hadoop.hdds.scm.XceiverClientRatis.watchForCommit(XceiverClientRatis.java:259)
	at org.apache.hadoop.hdds.scm.storage.CommitWatcher.watchForCommit(CommitWatcher.java:194)
	at org.apache.hadoop.hdds.scm.storage.CommitWatcher.watchOnFirstIndex(CommitWatcher.java:135)
	at org.apache.hadoop.hdds.scm.storage.BlockOutputStream.watchForCommit(BlockOutputStream.java:347)
	at org.apache.hadoop.hdds.scm.storage.BlockOutputStream.handleFullBuffer(BlockOutputStream.java:324)
	at org.apache.hadoop.hdds.scm.storage.BlockOutputStream.writeOnRetry(BlockOutputStream.java:302)
	at org.apache.hadoop.ozone.client.io.BlockOutputStreamEntry.writeOnRetry(BlockOutputStreamEntry.java:200)
	at org.apache.hadoop.ozone.client.io.KeyOutputStream.handleWrite(KeyOutputStream.java:209)
	at org.apache.hadoop.ozone.client.io.KeyOutputStream.handleRetry(KeyOutputStream.java:376)
	at org.apache.hadoop.ozone.client.io.KeyOutputStream.handleException(KeyOutputStream.java:325)
	at org.apache.hadoop.ozone.client.io.KeyOutputStream.handleWrite(KeyOutputStream.java:231)
	at org.apache.hadoop.ozone.client.io.KeyOutputStream.write(KeyOutputStream.java:193)
	at org.apache.hadoop.ozone.client.io.OzoneOutputStream.write(OzoneOutputStream.java:49)
	at java.io.OutputStream.write(OutputStream.java:75)
	at org.apache.hadoop.ozone.client.rpc.TestMultiBlockWritesWithDnFailures.testMultiBlockWritesWithIntermittentDnFailures(TestMultiBlockWritesWithDnFailures.java:192)
	at sun.reflect.NativeMethodAccessorImpl.invoke0(Native Method)
	at sun.reflect.NativeMethodAccessorImpl.invoke(NativeMethodAccessorImpl.java:62)
	at sun.reflect.DelegatingMethodAccessorImpl.invoke(DelegatingMethodAccessorImpl.java:43)
	at java.lang.reflect.Method.invoke(Method.java:498)
	at org.junit.runners.model.FrameworkMethod$1.runReflectiveCall(FrameworkMethod.java:47)
	at org.junit.internal.runners.model.ReflectiveCallable.run(ReflectiveCallable.java:12)
	at org.junit.runners.model.FrameworkMethod.invokeExplosively(FrameworkMethod.java:44)
	at org.junit.internal.runners.statements.InvokeMethod.evaluate(InvokeMethod.java:17)
	at org.junit.internal.runners.statements.RunAfters.evaluate(RunAfters.java:27)
	at org.junit.runners.ParentRunner.runLeaf(ParentRunner.java:271)
	at org.junit.runners.BlockJUnit4ClassRunner.runChild(BlockJUnit4ClassRunner.java:70)
	at org.junit.runners.BlockJUnit4ClassRunner.runChild(BlockJUnit4ClassRunner.java:50)
	at org.junit.runners.ParentRunner$3.run(ParentRunner.java:238)
	at org.junit.runners.ParentRunner$1.schedule(ParentRunner.java:63)
	at org.junit.runners.ParentRunner.runChildren(ParentRunner.java:236)
	at org.junit.runners.ParentRunner.access$000(ParentRunner.java:53)
	at org.junit.runners.ParentRunner$2.evaluate(ParentRunner.java:229)
	at org.junit.runners.ParentRunner.run(ParentRunner.java:309)
	at org.apache.maven.surefire.junit4.JUnit4Provider.execute(JUnit4Provider.java:365)
	at org.apache.maven.surefire.junit4.JUnit4Provider.executeWithRerun(JUnit4Provider.java:273)
	at org.apache.maven.surefire.junit4.JUnit4Provider.executeTestSet(JUnit4Provider.java:238)
	at org.apache.maven.surefire.junit4.JUnit4Provider.invoke(JUnit4Provider.java:159)
	at org.apache.maven.surefire.booter.ForkedBooter.invokeProviderInSameClassLoader(ForkedBooter.java:384)
	at org.apache.maven.surefire.booter.ForkedBooter.runSuitesInProcess(ForkedBooter.java:345)
	at org.apache.maven.surefire.booter.ForkedBooter.execute(ForkedBooter.java:126)
	at org.apache.maven.surefire.booter.ForkedBooter.main(ForkedBooter.java:418)
2019-09-17 14:54:56,868 [java.util.concurrent.ThreadPoolExecutor$Worker@1fe41ca9[State = -1, empty queue]] WARN  server.GrpcLogAppender (GrpcLogAppender.java:timeoutAppendRequest(200)) - 64dc86e1-b58a-47fa-9209-c80a04613504@group-85515DBFC7EF->0d659ca8-8d3f-4ad5-ad2a-cdb4ab88523b-GrpcLogAppender: appendEntries Timeout, request=64dc86e1-b58a-47fa-9209-c80a04613504->0d659ca8-8d3f-4ad5-ad2a-cdb4ab88523b#77-t2, previous=(t:2, i:20), leaderCommit=16, initializing? false, entries: <empty>
2019-09-17 14:54:56,868 [java.util.concurrent.ThreadPoolExecutor$Worker@486b56da[State = -1, empty queue]] WARN  server.GrpcLogAppender (GrpcLogAppender.java:timeoutAppendRequest(200)) - 64dc86e1-b58a-47fa-9209-c80a04613504@group-85515DBFC7EF->296d1e6a-4d03-4625-a926-8603881e9a06-GrpcLogAppender: appendEntries Timeout, request=64dc86e1-b58a-47fa-9209-c80a04613504->296d1e6a-4d03-4625-a926-8603881e9a06#77-t2, previous=(t:2, i:20), leaderCommit=16, initializing? false, entries: <empty>
2019-09-17 14:54:56,880 [grpc-default-executor-1] INFO  client.GrpcClientProtocolClient (GrpcClientProtocolClient.java:onNext(264)) - client-0643CBBFECAA->5824bb7b-23b5-4080-8c55-4e36ce35b3ee: receive RaftClientReply:client-0643CBBFECAA->5824bb7b-23b5-4080-8c55-4e36ce35b3ee@group-218101269A2C, cid=58, SUCCESS, logIndex=0, commits[5824bb7b-23b5-4080-8c55-4e36ce35b3ee:c25, bbb4e265-cb6b-4caa-8b5d-65801261426c:c16, 24ee45b5-4e6b-4499-8d3c-0bcd5a303b6d:c25]
2019-09-17 14:54:56,885 [main] INFO  scm.XceiverClientRatis (XceiverClientRatis.java:lambda$watchForCommit$7(280)) - Could not commit index 21 on pipeline Pipeline[ Id: 4f8d5d5a-f561-4b2a-a81e-218101269a2c, Nodes: bbb4e265-cb6b-4caa-8b5d-65801261426c{ip: 192.168.151.72, host: pr-hdds-2137-trunk-f8w4d-2934045284, networkLocation: /default-rack, certSerialId: null}5824bb7b-23b5-4080-8c55-4e36ce35b3ee{ip: 192.168.151.72, host: pr-hdds-2137-trunk-f8w4d-2934045284, networkLocation: /default-rack, certSerialId: null}24ee45b5-4e6b-4499-8d3c-0bcd5a303b6d{ip: 192.168.151.72, host: pr-hdds-2137-trunk-f8w4d-2934045284, networkLocation: /default-rack, certSerialId: null}, Type:RATIS, Factor:THREE, State:OPEN] to all the nodes. Server bbb4e265-cb6b-4caa-8b5d-65801261426c has failed. Committed by majority.
2019-09-17 14:54:56,886 [main] WARN  storage.BlockOutputStream (BlockOutputStream.java:watchForCommit(353)) - Failed to commit BlockId conID: 5 locID: 102808424502001668 bcsId: 23 on Pipeline[ Id: 4f8d5d5a-f561-4b2a-a81e-218101269a2c, Nodes: bbb4e265-cb6b-4caa-8b5d-65801261426c{ip: 192.168.151.72, host: pr-hdds-2137-trunk-f8w4d-2934045284, networkLocation: /default-rack, certSerialId: null}5824bb7b-23b5-4080-8c55-4e36ce35b3ee{ip: 192.168.151.72, host: pr-hdds-2137-trunk-f8w4d-2934045284, networkLocation: /default-rack, certSerialId: null}24ee45b5-4e6b-4499-8d3c-0bcd5a303b6d{ip: 192.168.151.72, host: pr-hdds-2137-trunk-f8w4d-2934045284, networkLocation: /default-rack, certSerialId: null}, Type:RATIS, Factor:THREE, State:OPEN]. Failed nodes: [bbb4e265-cb6b-4caa-8b5d-65801261426c{ip: null, host: null, networkLocation: /default-rack, certSerialId: null}]
2019-09-17 14:54:56,911 [grpc-default-executor-2] WARN  server.GrpcLogAppender (LogUtils.java:warn(134)) - 5824bb7b-23b5-4080-8c55-4e36ce35b3ee@group-218101269A2C->bbb4e265-cb6b-4caa-8b5d-65801261426c-AppendLogResponseHandler: Failed appendEntries: org.apache.ratis.thirdparty.io.grpc.StatusRuntimeException: UNAVAILABLE: io exception
2019-09-17 14:54:56,915 [grpc-default-executor-2] INFO  impl.FollowerInfo (FollowerInfo.java:lambda$new$0(51)) - 5824bb7b-23b5-4080-8c55-4e36ce35b3ee@group-218101269A2C->bbb4e265-cb6b-4caa-8b5d-65801261426c: nextIndex: updateUnconditionally 1 -> 0
2019-09-17 14:54:56,935 [grpc-default-executor-4] INFO  client.GrpcClientProtocolClient (GrpcClientProtocolClient.java:onNext(264)) - client-0643CBBFECAA->5824bb7b-23b5-4080-8c55-4e36ce35b3ee: receive RaftClientReply:client-0643CBBFECAA->5824bb7b-23b5-4080-8c55-4e36ce35b3ee@group-218101269A2C, cid=59, SUCCESS, logIndex=26, commits[5824bb7b-23b5-4080-8c55-4e36ce35b3ee:c27, bbb4e265-cb6b-4caa-8b5d-65801261426c:c16, 24ee45b5-4e6b-4499-8d3c-0bcd5a303b6d:c25]
2019-09-17 14:54:56,938 [grpc-default-executor-0] WARN  server.GrpcLogAppender (LogUtils.java:warn(134)) - 5824bb7b-23b5-4080-8c55-4e36ce35b3ee@group-218101269A2C->bbb4e265-cb6b-4caa-8b5d-65801261426c-AppendLogResponseHandler: Failed appendEntries: org.apache.ratis.thirdparty.io.grpc.StatusRuntimeException: UNAVAILABLE: io exception
2019-09-17 14:54:56,939 [grpc-default-executor-0] INFO  impl.FollowerInfo (FollowerInfo.java:lambda$new$0(51)) - 5824bb7b-23b5-4080-8c55-4e36ce35b3ee@group-218101269A2C->bbb4e265-cb6b-4caa-8b5d-65801261426c: nextIndex: updateUnconditionally 1 -> 0
2019-09-17 14:54:56,939 [grpc-default-executor-0] INFO  client.GrpcClientProtocolClient (GrpcClientProtocolClient.java:onNext(264)) - client-0643CBBFECAA->5824bb7b-23b5-4080-8c55-4e36ce35b3ee: receive RaftClientReply:client-0643CBBFECAA->5824bb7b-23b5-4080-8c55-4e36ce35b3ee@group-218101269A2C, cid=60, SUCCESS, logIndex=27, commits[5824bb7b-23b5-4080-8c55-4e36ce35b3ee:c27, bbb4e265-cb6b-4caa-8b5d-65801261426c:c16, 24ee45b5-4e6b-4499-8d3c-0bcd5a303b6d:c25]
2019-09-17 14:54:56,949 [grpc-default-executor-2] WARN  server.GrpcLogAppender (LogUtils.java:warn(134)) - 5824bb7b-23b5-4080-8c55-4e36ce35b3ee@group-218101269A2C->bbb4e265-cb6b-4caa-8b5d-65801261426c-AppendLogResponseHandler: Failed appendEntries: org.apache.ratis.thirdparty.io.grpc.StatusRuntimeException: UNAVAILABLE: io exception
2019-09-17 14:54:56,949 [grpc-default-executor-2] INFO  impl.FollowerInfo (FollowerInfo.java:lambda$new$0(51)) - 5824bb7b-23b5-4080-8c55-4e36ce35b3ee@group-218101269A2C->bbb4e265-cb6b-4caa-8b5d-65801261426c: nextIndex: updateUnconditionally 1 -> 0
2019-09-17 14:54:57,368 [java.util.concurrent.ThreadPoolExecutor$Worker@1fe41ca9[State = -1, empty queue]] WARN  server.GrpcLogAppender (GrpcLogAppender.java:timeoutAppendRequest(200)) - 64dc86e1-b58a-47fa-9209-c80a04613504@group-85515DBFC7EF->0d659ca8-8d3f-4ad5-ad2a-cdb4ab88523b-GrpcLogAppender: appendEntries Timeout, request=64dc86e1-b58a-47fa-9209-c80a04613504->0d659ca8-8d3f-4ad5-ad2a-cdb4ab88523b#78-t2, previous=(t:2, i:20), leaderCommit=16, initializing? false, entries: <empty>
2019-09-17 14:54:57,368 [java.util.concurrent.ThreadPoolExecutor$Worker@486b56da[State = -1, empty queue]] WARN  server.GrpcLogAppender (GrpcLogAppender.java:timeoutAppendRequest(200)) - 64dc86e1-b58a-47fa-9209-c80a04613504@group-85515DBFC7EF->296d1e6a-4d03-4625-a926-8603881e9a06-GrpcLogAppender: appendEntries Timeout, request=64dc86e1-b58a-47fa-9209-c80a04613504->296d1e6a-4d03-4625-a926-8603881e9a06#78-t2, previous=(t:2, i:20), leaderCommit=16, initializing? false, entries: <empty>
2019-09-17 14:54:57,450 [grpc-default-executor-2] WARN  server.GrpcLogAppender (LogUtils.java:warn(134)) - 5824bb7b-23b5-4080-8c55-4e36ce35b3ee@group-218101269A2C->bbb4e265-cb6b-4caa-8b5d-65801261426c-AppendLogResponseHandler: Failed appendEntries: org.apache.ratis.thirdparty.io.grpc.StatusRuntimeException: UNAVAILABLE: io exception
2019-09-17 14:54:57,451 [grpc-default-executor-2] INFO  impl.FollowerInfo (FollowerInfo.java:lambda$new$0(51)) - 5824bb7b-23b5-4080-8c55-4e36ce35b3ee@group-218101269A2C->bbb4e265-cb6b-4caa-8b5d-65801261426c: nextIndex: updateUnconditionally 0 -> 0
2019-09-17 14:54:57,727 [Datanode State Machine Thread - 0] INFO  statemachine.DatanodeStateMachine (DatanodeStateMachine.java:lambda$startDaemon$0(350)) - Ozone container server started.
2019-09-17 14:54:57,873 [java.util.concurrent.ThreadPoolExecutor$Worker@486b56da[State = -1, empty queue]] WARN  server.GrpcLogAppender (GrpcLogAppender.java:timeoutAppendRequest(200)) - 64dc86e1-b58a-47fa-9209-c80a04613504@group-85515DBFC7EF->296d1e6a-4d03-4625-a926-8603881e9a06-GrpcLogAppender: appendEntries Timeout, request=64dc86e1-b58a-47fa-9209-c80a04613504->296d1e6a-4d03-4625-a926-8603881e9a06#79-t2, previous=(t:2, i:20), leaderCommit=16, initializing? false, entries: <empty>
2019-09-17 14:54:57,873 [java.util.concurrent.ThreadPoolExecutor$Worker@1fe41ca9[State = -1, empty queue]] WARN  server.GrpcLogAppender (GrpcLogAppender.java:timeoutAppendRequest(200)) - 64dc86e1-b58a-47fa-9209-c80a04613504@group-85515DBFC7EF->0d659ca8-8d3f-4ad5-ad2a-cdb4ab88523b-GrpcLogAppender: appendEntries Timeout, request=64dc86e1-b58a-47fa-9209-c80a04613504->0d659ca8-8d3f-4ad5-ad2a-cdb4ab88523b#79-t2, previous=(t:2, i:20), leaderCommit=16, initializing? false, entries: <empty>
2019-09-17 14:54:57,951 [grpc-default-executor-2] WARN  server.GrpcLogAppender (LogUtils.java:warn(134)) - 5824bb7b-23b5-4080-8c55-4e36ce35b3ee@group-218101269A2C->bbb4e265-cb6b-4caa-8b5d-65801261426c-AppendLogResponseHandler: Failed appendEntries: org.apache.ratis.thirdparty.io.grpc.StatusRuntimeException: UNAVAILABLE: io exception
2019-09-17 14:54:57,951 [grpc-default-executor-2] INFO  impl.FollowerInfo (FollowerInfo.java:lambda$new$0(51)) - 5824bb7b-23b5-4080-8c55-4e36ce35b3ee@group-218101269A2C->bbb4e265-cb6b-4caa-8b5d-65801261426c: nextIndex: updateUnconditionally 0 -> 0
2019-09-17 14:54:58,373 [java.util.concurrent.ThreadPoolExecutor$Worker@1fe41ca9[State = -1, empty queue]] WARN  server.GrpcLogAppender (GrpcLogAppender.java:timeoutAppendRequest(200)) - 64dc86e1-b58a-47fa-9209-c80a04613504@group-85515DBFC7EF->0d659ca8-8d3f-4ad5-ad2a-cdb4ab88523b-GrpcLogAppender: appendEntries Timeout, request=64dc86e1-b58a-47fa-9209-c80a04613504->0d659ca8-8d3f-4ad5-ad2a-cdb4ab88523b#80-t2, previous=(t:2, i:20), leaderCommit=16, initializing? false, entries: <empty>
2019-09-17 14:54:58,373 [java.util.concurrent.ThreadPoolExecutor$Worker@486b56da[State = -1, empty queue]] WARN  server.GrpcLogAppender (GrpcLogAppender.java:timeoutAppendRequest(200)) - 64dc86e1-b58a-47fa-9209-c80a04613504@group-85515DBFC7EF->296d1e6a-4d03-4625-a926-8603881e9a06-GrpcLogAppender: appendEntries Timeout, request=64dc86e1-b58a-47fa-9209-c80a04613504->296d1e6a-4d03-4625-a926-8603881e9a06#80-t2, previous=(t:2, i:20), leaderCommit=16, initializing? false, entries: <empty>
2019-09-17 14:54:58,452 [grpc-default-executor-4] WARN  server.GrpcLogAppender (LogUtils.java:warn(134)) - 5824bb7b-23b5-4080-8c55-4e36ce35b3ee@group-218101269A2C->bbb4e265-cb6b-4caa-8b5d-65801261426c-AppendLogResponseHandler: Failed appendEntries: org.apache.ratis.thirdparty.io.grpc.StatusRuntimeException: UNAVAILABLE: io exception
2019-09-17 14:54:58,452 [grpc-default-executor-4] INFO  impl.FollowerInfo (FollowerInfo.java:lambda$new$0(51)) - 5824bb7b-23b5-4080-8c55-4e36ce35b3ee@group-218101269A2C->bbb4e265-cb6b-4caa-8b5d-65801261426c: nextIndex: updateUnconditionally 0 -> 0
2019-09-17 14:54:58,878 [java.util.concurrent.ThreadPoolExecutor$Worker@1fe41ca9[State = -1, empty queue]] WARN  server.GrpcLogAppender (GrpcLogAppender.java:timeoutAppendRequest(200)) - 64dc86e1-b58a-47fa-9209-c80a04613504@group-85515DBFC7EF->0d659ca8-8d3f-4ad5-ad2a-cdb4ab88523b-GrpcLogAppender: appendEntries Timeout, request=64dc86e1-b58a-47fa-9209-c80a04613504->0d659ca8-8d3f-4ad5-ad2a-cdb4ab88523b#81-t2, previous=(t:2, i:20), leaderCommit=16, initializing? false, entries: <empty>
2019-09-17 14:54:58,878 [java.util.concurrent.ThreadPoolExecutor$Worker@486b56da[State = -1, empty queue]] WARN  server.GrpcLogAppender (GrpcLogAppender.java:timeoutAppendRequest(200)) - 64dc86e1-b58a-47fa-9209-c80a04613504@group-85515DBFC7EF->296d1e6a-4d03-4625-a926-8603881e9a06-GrpcLogAppender: appendEntries Timeout, request=64dc86e1-b58a-47fa-9209-c80a04613504->296d1e6a-4d03-4625-a926-8603881e9a06#81-t2, previous=(t:2, i:20), leaderCommit=16, initializing? false, entries: <empty>
2019-09-17 14:54:58,953 [grpc-default-executor-0] WARN  server.GrpcLogAppender (LogUtils.java:warn(134)) - 5824bb7b-23b5-4080-8c55-4e36ce35b3ee@group-218101269A2C->bbb4e265-cb6b-4caa-8b5d-65801261426c-AppendLogResponseHandler: Failed appendEntries: org.apache.ratis.thirdparty.io.grpc.StatusRuntimeException: UNAVAILABLE: io exception
2019-09-17 14:54:58,953 [grpc-default-executor-0] INFO  impl.FollowerInfo (FollowerInfo.java:lambda$new$0(51)) - 5824bb7b-23b5-4080-8c55-4e36ce35b3ee@group-218101269A2C->bbb4e265-cb6b-4caa-8b5d-65801261426c: nextIndex: updateUnconditionally 0 -> 0
2019-09-17 14:54:59,378 [java.util.concurrent.ThreadPoolExecutor$Worker@1fe41ca9[State = -1, empty queue]] WARN  server.GrpcLogAppender (GrpcLogAppender.java:timeoutAppendRequest(200)) - 64dc86e1-b58a-47fa-9209-c80a04613504@group-85515DBFC7EF->0d659ca8-8d3f-4ad5-ad2a-cdb4ab88523b-GrpcLogAppender: appendEntries Timeout, request=64dc86e1-b58a-47fa-9209-c80a04613504->0d659ca8-8d3f-4ad5-ad2a-cdb4ab88523b#82-t2, previous=(t:2, i:20), leaderCommit=16, initializing? false, entries: <empty>
2019-09-17 14:54:59,380 [java.util.concurrent.ThreadPoolExecutor$Worker@486b56da[State = -1, empty queue]] WARN  server.GrpcLogAppender (GrpcLogAppender.java:timeoutAppendRequest(200)) - 64dc86e1-b58a-47fa-9209-c80a04613504@group-85515DBFC7EF->296d1e6a-4d03-4625-a926-8603881e9a06-GrpcLogAppender: appendEntries Timeout, request=64dc86e1-b58a-47fa-9209-c80a04613504->296d1e6a-4d03-4625-a926-8603881e9a06#82-t2, previous=(t:2, i:20), leaderCommit=16, initializing? false, entries: <empty>
2019-09-17 14:54:59,454 [grpc-default-executor-2] WARN  server.GrpcLogAppender (LogUtils.java:warn(134)) - 5824bb7b-23b5-4080-8c55-4e36ce35b3ee@group-218101269A2C->bbb4e265-cb6b-4caa-8b5d-65801261426c-AppendLogResponseHandler: Failed appendEntries: org.apache.ratis.thirdparty.io.grpc.StatusRuntimeException: UNAVAILABLE: io exception
2019-09-17 14:54:59,455 [grpc-default-executor-2] INFO  impl.FollowerInfo (FollowerInfo.java:lambda$new$0(51)) - 5824bb7b-23b5-4080-8c55-4e36ce35b3ee@group-218101269A2C->bbb4e265-cb6b-4caa-8b5d-65801261426c: nextIndex: updateUnconditionally 0 -> 0
2019-09-17 14:54:59,878 [java.util.concurrent.ThreadPoolExecutor$Worker@1fe41ca9[State = -1, empty queue]] WARN  server.GrpcLogAppender (GrpcLogAppender.java:timeoutAppendRequest(200)) - 64dc86e1-b58a-47fa-9209-c80a04613504@group-85515DBFC7EF->0d659ca8-8d3f-4ad5-ad2a-cdb4ab88523b-GrpcLogAppender: appendEntries Timeout, request=64dc86e1-b58a-47fa-9209-c80a04613504->0d659ca8-8d3f-4ad5-ad2a-cdb4ab88523b#83-t2, previous=(t:2, i:20), leaderCommit=16, initializing? false, entries: <empty>
2019-09-17 14:54:59,880 [java.util.concurrent.ThreadPoolExecutor$Worker@486b56da[State = -1, empty queue]] WARN  server.GrpcLogAppender (GrpcLogAppender.java:timeoutAppendRequest(200)) - 64dc86e1-b58a-47fa-9209-c80a04613504@group-85515DBFC7EF->296d1e6a-4d03-4625-a926-8603881e9a06-GrpcLogAppender: appendEntries Timeout, request=64dc86e1-b58a-47fa-9209-c80a04613504->296d1e6a-4d03-4625-a926-8603881e9a06#83-t2, previous=(t:2, i:20), leaderCommit=16, initializing? false, entries: <empty>
2019-09-17 14:54:59,962 [grpc-default-executor-2] WARN  server.GrpcLogAppender (LogUtils.java:warn(134)) - 5824bb7b-23b5-4080-8c55-4e36ce35b3ee@group-218101269A2C->bbb4e265-cb6b-4caa-8b5d-65801261426c-AppendLogResponseHandler: Failed appendEntries: org.apache.ratis.thirdparty.io.grpc.StatusRuntimeException: UNAVAILABLE: io exception
2019-09-17 14:54:59,963 [grpc-default-executor-2] INFO  impl.FollowerInfo (FollowerInfo.java:lambda$new$0(51)) - 5824bb7b-23b5-4080-8c55-4e36ce35b3ee@group-218101269A2C->bbb4e265-cb6b-4caa-8b5d-65801261426c: nextIndex: updateUnconditionally 0 -> 0
2019-09-17 14:55:00,379 [java.util.concurrent.ThreadPoolExecutor$Worker@1fe41ca9[State = -1, empty queue]] WARN  server.GrpcLogAppender (GrpcLogAppender.java:timeoutAppendRequest(200)) - 64dc86e1-b58a-47fa-9209-c80a04613504@group-85515DBFC7EF->0d659ca8-8d3f-4ad5-ad2a-cdb4ab88523b-GrpcLogAppender: appendEntries Timeout, request=64dc86e1-b58a-47fa-9209-c80a04613504->0d659ca8-8d3f-4ad5-ad2a-cdb4ab88523b#84-t2, previous=(t:2, i:20), leaderCommit=16, initializing? false, entries: <empty>
2019-09-17 14:55:00,380 [java.util.concurrent.ThreadPoolExecutor$Worker@486b56da[State = -1, empty queue]] WARN  server.GrpcLogAppender (GrpcLogAppender.java:timeoutAppendRequest(200)) - 64dc86e1-b58a-47fa-9209-c80a04613504@group-85515DBFC7EF->296d1e6a-4d03-4625-a926-8603881e9a06-GrpcLogAppender: appendEntries Timeout, request=64dc86e1-b58a-47fa-9209-c80a04613504->296d1e6a-4d03-4625-a926-8603881e9a06#84-t2, previous=(t:2, i:20), leaderCommit=16, initializing? false, entries: <empty>
2019-09-17 14:55:00,465 [grpc-default-executor-2] WARN  server.GrpcLogAppender (LogUtils.java:warn(134)) - 5824bb7b-23b5-4080-8c55-4e36ce35b3ee@group-218101269A2C->bbb4e265-cb6b-4caa-8b5d-65801261426c-AppendLogResponseHandler: Failed appendEntries: org.apache.ratis.thirdparty.io.grpc.StatusRuntimeException: UNAVAILABLE: io exception
2019-09-17 14:55:00,465 [grpc-default-executor-2] INFO  impl.FollowerInfo (FollowerInfo.java:lambda$new$0(51)) - 5824bb7b-23b5-4080-8c55-4e36ce35b3ee@group-218101269A2C->bbb4e265-cb6b-4caa-8b5d-65801261426c: nextIndex: updateUnconditionally 0 -> 0
2019-09-17 14:55:00,879 [java.util.concurrent.ThreadPoolExecutor$Worker@1fe41ca9[State = -1, empty queue]] WARN  server.GrpcLogAppender (GrpcLogAppender.java:timeoutAppendRequest(200)) - 64dc86e1-b58a-47fa-9209-c80a04613504@group-85515DBFC7EF->0d659ca8-8d3f-4ad5-ad2a-cdb4ab88523b-GrpcLogAppender: appendEntries Timeout, request=64dc86e1-b58a-47fa-9209-c80a04613504->0d659ca8-8d3f-4ad5-ad2a-cdb4ab88523b#85-t2, previous=(t:2, i:20), leaderCommit=16, initializing? false, entries: <empty>
2019-09-17 14:55:00,880 [java.util.concurrent.ThreadPoolExecutor$Worker@486b56da[State = -1, empty queue]] WARN  server.GrpcLogAppender (GrpcLogAppender.java:timeoutAppendRequest(200)) - 64dc86e1-b58a-47fa-9209-c80a04613504@group-85515DBFC7EF->296d1e6a-4d03-4625-a926-8603881e9a06-GrpcLogAppender: appendEntries Timeout, request=64dc86e1-b58a-47fa-9209-c80a04613504->296d1e6a-4d03-4625-a926-8603881e9a06#85-t2, previous=(t:2, i:20), leaderCommit=16, initializing? false, entries: <empty>
2019-09-17 14:55:00,965 [grpc-default-executor-2] WARN  server.GrpcLogAppender (LogUtils.java:warn(134)) - 5824bb7b-23b5-4080-8c55-4e36ce35b3ee@group-218101269A2C->bbb4e265-cb6b-4caa-8b5d-65801261426c-AppendLogResponseHandler: Failed appendEntries: org.apache.ratis.thirdparty.io.grpc.StatusRuntimeException: UNAVAILABLE: io exception
2019-09-17 14:55:00,966 [grpc-default-executor-2] INFO  impl.FollowerInfo (FollowerInfo.java:lambda$new$0(51)) - 5824bb7b-23b5-4080-8c55-4e36ce35b3ee@group-218101269A2C->bbb4e265-cb6b-4caa-8b5d-65801261426c: nextIndex: updateUnconditionally 0 -> 0
2019-09-17 14:55:01,379 [java.util.concurrent.ThreadPoolExecutor$Worker@1fe41ca9[State = -1, empty queue]] WARN  server.GrpcLogAppender (GrpcLogAppender.java:timeoutAppendRequest(200)) - 64dc86e1-b58a-47fa-9209-c80a04613504@group-85515DBFC7EF->0d659ca8-8d3f-4ad5-ad2a-cdb4ab88523b-GrpcLogAppender: appendEntries Timeout, request=64dc86e1-b58a-47fa-9209-c80a04613504->0d659ca8-8d3f-4ad5-ad2a-cdb4ab88523b#86-t2, previous=(t:2, i:20), leaderCommit=16, initializing? false, entries: <empty>
2019-09-17 14:55:01,381 [java.util.concurrent.ThreadPoolExecutor$Worker@486b56da[State = -1, empty queue]] WARN  server.GrpcLogAppender (GrpcLogAppender.java:timeoutAppendRequest(200)) - 64dc86e1-b58a-47fa-9209-c80a04613504@group-85515DBFC7EF->296d1e6a-4d03-4625-a926-8603881e9a06-GrpcLogAppender: appendEntries Timeout, request=64dc86e1-b58a-47fa-9209-c80a04613504->296d1e6a-4d03-4625-a926-8603881e9a06#86-t2, previous=(t:2, i:20), leaderCommit=16, initializing? false, entries: <empty>
2019-09-17 14:55:01,466 [grpc-default-executor-1] WARN  server.GrpcLogAppender (LogUtils.java:warn(134)) - 5824bb7b-23b5-4080-8c55-4e36ce35b3ee@group-218101269A2C->bbb4e265-cb6b-4caa-8b5d-65801261426c-AppendLogResponseHandler: Failed appendEntries: org.apache.ratis.thirdparty.io.grpc.StatusRuntimeException: UNAVAILABLE: io exception
2019-09-17 14:55:01,467 [grpc-default-executor-1] INFO  impl.FollowerInfo (FollowerInfo.java:lambda$new$0(51)) - 5824bb7b-23b5-4080-8c55-4e36ce35b3ee@group-218101269A2C->bbb4e265-cb6b-4caa-8b5d-65801261426c: nextIndex: updateUnconditionally 0 -> 0
2019-09-17 14:55:01,879 [java.util.concurrent.ThreadPoolExecutor$Worker@1fe41ca9[State = -1, empty queue]] WARN  server.GrpcLogAppender (GrpcLogAppender.java:timeoutAppendRequest(200)) - 64dc86e1-b58a-47fa-9209-c80a04613504@group-85515DBFC7EF->0d659ca8-8d3f-4ad5-ad2a-cdb4ab88523b-GrpcLogAppender: appendEntries Timeout, request=64dc86e1-b58a-47fa-9209-c80a04613504->0d659ca8-8d3f-4ad5-ad2a-cdb4ab88523b#87-t2, previous=(t:2, i:20), leaderCommit=16, initializing? false, entries: <empty>
2019-09-17 14:55:01,885 [java.util.concurrent.ThreadPoolExecutor$Worker@486b56da[State = -1, empty queue]] WARN  server.GrpcLogAppender (GrpcLogAppender.java:timeoutAppendRequest(200)) - 64dc86e1-b58a-47fa-9209-c80a04613504@group-85515DBFC7EF->296d1e6a-4d03-4625-a926-8603881e9a06-GrpcLogAppender: appendEntries Timeout, request=64dc86e1-b58a-47fa-9209-c80a04613504->296d1e6a-4d03-4625-a926-8603881e9a06#87-t2, previous=(t:2, i:20), leaderCommit=16, initializing? false, entries: <empty>
2019-09-17 14:55:01,941 [main] INFO  ozoneimpl.OzoneContainer (OzoneContainer.java:stop(231)) - Attempting to stop container services.
2019-09-17 14:55:01,942 [main] INFO  impl.RaftServerProxy (RaftServerProxy.java:lambda$close$4(314)) - 5824bb7b-23b5-4080-8c55-4e36ce35b3ee: close
2019-09-17 14:55:01,944 [main] INFO  impl.RaftServerImpl (RaftServerImpl.java:lambda$shutdown$3(251)) - 5824bb7b-23b5-4080-8c55-4e36ce35b3ee@group-A9EAC6442E78: shutdown
2019-09-17 14:55:01,944 [main] INFO  util.JmxRegister (JmxRegister.java:unregister(73)) - Successfully un-registered JMX Bean with object name Ratis:service=RaftServer,group=group-A9EAC6442E78,id=5824bb7b-23b5-4080-8c55-4e36ce35b3ee
2019-09-17 14:55:01,945 [main] INFO  impl.RoleInfo (RoleInfo.java:shutdownLeaderState(104)) - 5824bb7b-23b5-4080-8c55-4e36ce35b3ee: shutdown LeaderState
2019-09-17 14:55:01,945 [main] INFO  impl.PendingRequests (PendingRequests.java:sendNotLeaderResponses(202)) - 5824bb7b-23b5-4080-8c55-4e36ce35b3ee-PendingRequests: sendNotLeaderResponses
2019-09-17 14:55:01,946 [main] INFO  impl.StateMachineUpdater (StateMachineUpdater.java:stopAndJoin(125)) - 5824bb7b-23b5-4080-8c55-4e36ce35b3ee@group-A9EAC6442E78-StateMachineUpdater: set stopIndex = 0
2019-09-17 14:55:01,947 [main] INFO  impl.RaftServerImpl (ServerState.java:close(385)) - 5824bb7b-23b5-4080-8c55-4e36ce35b3ee@group-A9EAC6442E78: closes. applyIndex: 0
2019-09-17 14:55:01,948 [5824bb7b-23b5-4080-8c55-4e36ce35b3ee@group-A9EAC6442E78-SegmentedRaftLogWorker] INFO  segmented.SegmentedRaftLogWorker (SegmentedRaftLogWorker.java:run(313)) - 5824bb7b-23b5-4080-8c55-4e36ce35b3ee@group-A9EAC6442E78-SegmentedRaftLogWorker was interrupted, exiting. There are 0 tasks remaining in the queue.
2019-09-17 14:55:01,958 [main] INFO  segmented.SegmentedRaftLogWorker (SegmentedRaftLogWorker.java:close(228)) - 5824bb7b-23b5-4080-8c55-4e36ce35b3ee@group-A9EAC6442E78-SegmentedRaftLogWorker close()
2019-09-17 14:55:01,964 [main] INFO  impl.RaftServerImpl (RaftServerImpl.java:lambda$shutdown$3(251)) - 5824bb7b-23b5-4080-8c55-4e36ce35b3ee@group-218101269A2C: shutdown
2019-09-17 14:55:01,964 [main] INFO  util.JmxRegister (JmxRegister.java:unregister(73)) - Successfully un-registered JMX Bean with object name Ratis:service=RaftServer,group=group-218101269A2C,id=5824bb7b-23b5-4080-8c55-4e36ce35b3ee
2019-09-17 14:55:01,965 [main] INFO  impl.RoleInfo (RoleInfo.java:shutdownLeaderState(104)) - 5824bb7b-23b5-4080-8c55-4e36ce35b3ee: shutdown LeaderState
2019-09-17 14:55:01,970 [main] INFO  impl.PendingRequests (PendingRequests.java:sendNotLeaderResponses(202)) - 5824bb7b-23b5-4080-8c55-4e36ce35b3ee-PendingRequests: sendNotLeaderResponses
2019-09-17 14:55:01,970 [org.apache.ratis.server.impl.LogAppender$AppenderDaemon$$Lambda$511/63489391@42bed7e6] WARN  server.GrpcLogAppender (GrpcLogAppender.java:mayWait(143)) - 5824bb7b-23b5-4080-8c55-4e36ce35b3ee@group-218101269A2C->24ee45b5-4e6b-4499-8d3c-0bcd5a303b6d-GrpcLogAppender: Wait interrupted by java.lang.InterruptedException
2019-09-17 14:55:01,970 [org.apache.ratis.server.impl.LogAppender$AppenderDaemon$$Lambda$511/63489391@556b4d66] WARN  server.GrpcLogAppender (GrpcLogAppender.java:mayWait(143)) - 5824bb7b-23b5-4080-8c55-4e36ce35b3ee@group-218101269A2C->bbb4e265-cb6b-4caa-8b5d-65801261426c-GrpcLogAppender: Wait interrupted by java.lang.InterruptedException
2019-09-17 14:55:01,972 [grpc-default-executor-0] INFO  server.GrpcServerProtocolService (GrpcServerProtocolService.java:onCompleted(113)) - 24ee45b5-4e6b-4499-8d3c-0bcd5a303b6d: Completed APPEND_ENTRIES, lastRequest: 5824bb7b-23b5-4080-8c55-4e36ce35b3ee->24ee45b5-4e6b-4499-8d3c-0bcd5a303b6d#68-t3, previous=(t:3, i:29), leaderCommit=29, initializing? false, entries: <empty>
2019-09-17 14:55:01,973 [main] INFO  impl.StateMachineUpdater (StateMachineUpdater.java:stopAndJoin(125)) - 5824bb7b-23b5-4080-8c55-4e36ce35b3ee@group-218101269A2C-StateMachineUpdater: set stopIndex = 29
2019-09-17 14:55:01,973 [5824bb7b-23b5-4080-8c55-4e36ce35b3ee@group-218101269A2C-StateMachineUpdater] INFO  ratis.ContainerStateMachine (ContainerStateMachine.java:takeSnapshot(289)) - group-218101269A2C: Taking a snapshot at:(t:3, i:27) file /workdir/hadoop-ozone/integration-test/target/test-dir/MiniOzoneClusterImpl-845ee491-3861-4700-afca-e6762de221c3/datanode-7/data/ratis/4f8d5d5a-f561-4b2a-a81e-218101269a2c/sm/snapshot.3_27
2019-09-17 14:55:01,973 [Thread-1017] INFO  client.GrpcClientProtocolService (GrpcClientProtocolService.java:lambda$processClientRequest$0(278)) - Failed RaftClientRequest:client-0643CBBFECAA->5824bb7b-23b5-4080-8c55-4e36ce35b3ee@group-218101269A2C, cid=57, seq=0, Watch-ALL_COMMITTED(21), Message:<EMPTY>, reply=RaftClientReply:client-0643CBBFECAA->5824bb7b-23b5-4080-8c55-4e36ce35b3ee@group-218101269A2C, cid=57, FAILED org.apache.ratis.protocol.NotLeaderException: Server 5824bb7b-23b5-4080-8c55-4e36ce35b3ee@group-218101269A2C is not the leader, logIndex=0, commits[5824bb7b-23b5-4080-8c55-4e36ce35b3ee:c29]
2019-09-17 14:55:01,977 [grpc-default-executor-2] INFO  server.GrpcLogAppender (GrpcLogAppender.java:onError(282)) - 5824bb7b-23b5-4080-8c55-4e36ce35b3ee@group-218101269A2C->bbb4e265-cb6b-4caa-8b5d-65801261426c-GrpcLogAppender is stopped
2019-09-17 14:55:01,973 [Thread-1019] INFO  client.GrpcClientProtocolService (GrpcClientProtocolService.java:lambda$processClientRequest$0(278)) - Failed RaftClientRequest:client-0643CBBFECAA->5824bb7b-23b5-4080-8c55-4e36ce35b3ee@group-218101269A2C, cid=57, seq=0, Watch-ALL_COMMITTED(21), Message:<EMPTY>, reply=RaftClientReply:client-0643CBBFECAA->5824bb7b-23b5-4080-8c55-4e36ce35b3ee@group-218101269A2C, cid=57, FAILED org.apache.ratis.protocol.NotLeaderException: Server 5824bb7b-23b5-4080-8c55-4e36ce35b3ee@group-218101269A2C is not the leader, logIndex=0, commits[5824bb7b-23b5-4080-8c55-4e36ce35b3ee:c29]
2019-09-17 14:55:01,973 [Thread-1018] INFO  client.GrpcClientProtocolService (GrpcClientProtocolService.java:lambda$processClientRequest$0(278)) - Failed RaftClientRequest:client-0643CBBFECAA->5824bb7b-23b5-4080-8c55-4e36ce35b3ee@group-218101269A2C, cid=57, seq=0, Watch-ALL_COMMITTED(21), Message:<EMPTY>, reply=RaftClientReply:client-0643CBBFECAA->5824bb7b-23b5-4080-8c55-4e36ce35b3ee@group-218101269A2C, cid=57, FAILED org.apache.ratis.protocol.NotLeaderException: Server 5824bb7b-23b5-4080-8c55-4e36ce35b3ee@group-218101269A2C is not the leader, logIndex=0, commits[5824bb7b-23b5-4080-8c55-4e36ce35b3ee:c29]
2019-09-17 14:55:01,980 [grpc-default-executor-2] INFO  server.GrpcLogAppender (GrpcLogAppender.java:onCompleted(293)) - 5824bb7b-23b5-4080-8c55-4e36ce35b3ee@group-218101269A2C->24ee45b5-4e6b-4499-8d3c-0bcd5a303b6d-AppendLogResponseHandler: follower responses appendEntries COMPLETED
2019-09-17 14:55:01,983 [grpc-default-executor-2] INFO  impl.FollowerInfo (FollowerInfo.java:lambda$new$0(51)) - 5824bb7b-23b5-4080-8c55-4e36ce35b3ee@group-218101269A2C->24ee45b5-4e6b-4499-8d3c-0bcd5a303b6d: nextIndex: updateUnconditionally 30 -> 29
2019-09-17 14:55:01,984 [grpc-default-executor-2] INFO  client.GrpcClientProtocolClient (GrpcClientProtocolClient.java:onNext(264)) - client-0643CBBFECAA->5824bb7b-23b5-4080-8c55-4e36ce35b3ee: receive RaftClientReply:client-0643CBBFECAA->5824bb7b-23b5-4080-8c55-4e36ce35b3ee@group-218101269A2C, cid=57, FAILED org.apache.ratis.protocol.NotLeaderException: Server 5824bb7b-23b5-4080-8c55-4e36ce35b3ee@group-218101269A2C is not the leader, logIndex=0, commits[5824bb7b-23b5-4080-8c55-4e36ce35b3ee:c29]
2019-09-17 14:55:01,984 [grpc-default-executor-2] INFO  client.GrpcClientProtocolClient (GrpcClientProtocolClient.java:onNext(264)) - client-0643CBBFECAA->5824bb7b-23b5-4080-8c55-4e36ce35b3ee: receive RaftClientReply:client-0643CBBFECAA->5824bb7b-23b5-4080-8c55-4e36ce35b3ee@group-218101269A2C, cid=57, FAILED org.apache.ratis.protocol.NotLeaderException: Server 5824bb7b-23b5-4080-8c55-4e36ce35b3ee@group-218101269A2C is not the leader, logIndex=0, commits[5824bb7b-23b5-4080-8c55-4e36ce35b3ee:c29]
2019-09-17 14:55:01,985 [grpc-default-executor-2] INFO  client.GrpcClientProtocolClient (GrpcClientProtocolClient.java:onNext(264)) - client-0643CBBFECAA->5824bb7b-23b5-4080-8c55-4e36ce35b3ee: receive RaftClientReply:client-0643CBBFECAA->5824bb7b-23b5-4080-8c55-4e36ce35b3ee@group-218101269A2C, cid=57, FAILED org.apache.ratis.protocol.NotLeaderException: Server 5824bb7b-23b5-4080-8c55-4e36ce35b3ee@group-218101269A2C is not the leader, logIndex=0, commits[5824bb7b-23b5-4080-8c55-4e36ce35b3ee:c29]
2019-09-17 14:55:01,993 [5824bb7b-23b5-4080-8c55-4e36ce35b3ee@group-218101269A2C-StateMachineUpdater] INFO  ratis.ContainerStateMachine (ContainerStateMachine.java:takeSnapshot(300)) - group-218101269A2C: Finished taking a snapshot at:(t:3, i:27) file:/workdir/hadoop-ozone/integration-test/target/test-dir/MiniOzoneClusterImpl-845ee491-3861-4700-afca-e6762de221c3/datanode-7/data/ratis/4f8d5d5a-f561-4b2a-a81e-218101269a2c/sm/snapshot.3_27 time:20
2019-09-17 14:55:01,996 [5824bb7b-23b5-4080-8c55-4e36ce35b3ee@group-218101269A2C-StateMachineUpdater] INFO  impl.StateMachineUpdater (StateMachineUpdater.java:takeSnapshot(258)) - 5824bb7b-23b5-4080-8c55-4e36ce35b3ee@group-218101269A2C-StateMachineUpdater: Took a snapshot at index 27
2019-09-17 14:55:01,996 [5824bb7b-23b5-4080-8c55-4e36ce35b3ee@group-218101269A2C-StateMachineUpdater] INFO  impl.StateMachineUpdater (StateMachineUpdater.java:lambda$new$0(83)) - 5824bb7b-23b5-4080-8c55-4e36ce35b3ee@group-218101269A2C-StateMachineUpdater: snapshotIndex: updateIncreasingly -1 -> 27
2019-09-17 14:55:01,996 [5824bb7b-23b5-4080-8c55-4e36ce35b3ee@group-218101269A2C-StateMachineUpdater] INFO  ratis.ContainerStateMachine (ContainerStateMachine.java:takeSnapshot(289)) - group-218101269A2C: Taking a snapshot at:(t:3, i:27) file /workdir/hadoop-ozone/integration-test/target/test-dir/MiniOzoneClusterImpl-845ee491-3861-4700-afca-e6762de221c3/datanode-7/data/ratis/4f8d5d5a-f561-4b2a-a81e-218101269a2c/sm/snapshot.3_27
2019-09-17 14:55:02,009 [5824bb7b-23b5-4080-8c55-4e36ce35b3ee@group-218101269A2C-StateMachineUpdater] INFO  ratis.ContainerStateMachine (ContainerStateMachine.java:takeSnapshot(300)) - group-218101269A2C: Finished taking a snapshot at:(t:3, i:27) file:/workdir/hadoop-ozone/integration-test/target/test-dir/MiniOzoneClusterImpl-845ee491-3861-4700-afca-e6762de221c3/datanode-7/data/ratis/4f8d5d5a-f561-4b2a-a81e-218101269a2c/sm/snapshot.3_27 time:12
2019-09-17 14:55:02,009 [5824bb7b-23b5-4080-8c55-4e36ce35b3ee@group-218101269A2C-StateMachineUpdater] INFO  impl.StateMachineUpdater (StateMachineUpdater.java:takeSnapshot(258)) - 5824bb7b-23b5-4080-8c55-4e36ce35b3ee@group-218101269A2C-StateMachineUpdater: Took a snapshot at index 27
2019-09-17 14:55:02,009 [5824bb7b-23b5-4080-8c55-4e36ce35b3ee@group-218101269A2C-StateMachineUpdater] INFO  impl.StateMachineUpdater (StateMachineUpdater.java:lambda$new$0(83)) - 5824bb7b-23b5-4080-8c55-4e36ce35b3ee@group-218101269A2C-StateMachineUpdater: snapshotIndex: updateIncreasingly 27 -> 27
2019-09-17 14:55:02,009 [main] INFO  impl.RaftServerImpl (ServerState.java:close(385)) - 5824bb7b-23b5-4080-8c55-4e36ce35b3ee@group-218101269A2C: closes. applyIndex: 29
2019-09-17 14:55:02,010 [5824bb7b-23b5-4080-8c55-4e36ce35b3ee@group-218101269A2C-SegmentedRaftLogWorker] INFO  segmented.SegmentedRaftLogWorker (SegmentedRaftLogWorker.java:run(313)) - 5824bb7b-23b5-4080-8c55-4e36ce35b3ee@group-218101269A2C-SegmentedRaftLogWorker was interrupted, exiting. There are 0 tasks remaining in the queue.
2019-09-17 14:55:02,013 [main] INFO  segmented.SegmentedRaftLogWorker (SegmentedRaftLogWorker.java:close(228)) - 5824bb7b-23b5-4080-8c55-4e36ce35b3ee@group-218101269A2C-SegmentedRaftLogWorker close()
2019-09-17 14:55:02,018 [main] INFO  server.GrpcService (GrpcService.java:closeImpl(164)) - 5824bb7b-23b5-4080-8c55-4e36ce35b3ee: shutdown server with port 44174 now
2019-09-17 14:55:02,019 [main] INFO  server.GrpcService (GrpcService.java:closeImpl(172)) - 5824bb7b-23b5-4080-8c55-4e36ce35b3ee: shutdown server with port 44174 successfully
2019-09-17 14:55:02,031 [refreshUsed-/workdir/hadoop-ozone/integration-test/target/test-dir/MiniOzoneClusterImpl-845ee491-3861-4700-afca-e6762de221c3/datanode-7/data/containers] WARN  fs.CachingGetSpaceUsed (CachingGetSpaceUsed.java:run(183)) - Thread Interrupted waiting to refresh disk information: sleep interrupted
2019-09-17 14:55:02,053 [main] INFO  utils.BackgroundService (BackgroundService.java:shutdown(148)) - Shutting down service BlockDeletingService
2019-09-17 14:55:02,059 [main] INFO  statemachine.DatanodeStateMachine (DatanodeStateMachine.java:stopDaemon(395)) - Ozone container server stopped.
2019-09-17 14:55:02,061 [main] INFO  handler.ContextHandler (ContextHandler.java:doStop(910)) - Stopped o.e.j.w.WebAppContext@3650d4fc{/,null,UNAVAILABLE}{/hddsDatanode}
2019-09-17 14:55:02,062 [main] INFO  server.AbstractConnector (AbstractConnector.java:doStop(318)) - Stopped ServerConnector@aaa0f76{HTTP/1.1,[http/1.1]}{0.0.0.0:0}
2019-09-17 14:55:02,062 [main] INFO  handler.ContextHandler (ContextHandler.java:doStop(910)) - Stopped o.e.j.s.ServletContextHandler@1645f294{/static,jar:file:/home/user/.m2/repository/org/apache/hadoop/hadoop-hdds-container-service/0.5.0-SNAPSHOT/hadoop-hdds-container-service-0.5.0-SNAPSHOT.jar!/webapps/static,UNAVAILABLE}
2019-09-17 14:55:02,063 [main] INFO  handler.ContextHandler (ContextHandler.java:doStop(910)) - Stopped o.e.j.s.ServletContextHandler@2eeb0f9b{/logs,file:///workdir/hadoop-ozone/integration-test/target/log,UNAVAILABLE}
2019-09-17 14:55:02,344 [296d1e6a-4d03-4625-a926-8603881e9a06@group-85515DBFC7EF-SegmentedRaftLogWorker] WARN  segmented.SegmentedRaftLogWorker (SegmentedRaftLogWorker.java:getFromFuture(90)) - Timeout 2/~
org.apache.ratis.protocol.TimeoutIOException: Timeout 10s: WriteLog:17: (t:2, i:17), STATEMACHINELOGENTRY, client-30C4B51AD9D2, cid=49-writeStateMachineData
	at org.apache.ratis.util.IOUtils.getFromFuture(IOUtils.java:87)
	at org.apache.ratis.server.raftlog.segmented.SegmentedRaftLogWorker$StateMachineDataPolicy.getFromFuture(SegmentedRaftLogWorker.java:87)
	at org.apache.ratis.server.raftlog.segmented.SegmentedRaftLogWorker$WriteLog.execute(SegmentedRaftLogWorker.java:477)
	at org.apache.ratis.server.raftlog.segmented.SegmentedRaftLogWorker.run(SegmentedRaftLogWorker.java:289)
	at java.lang.Thread.run(Thread.java:748)
Caused by: java.util.concurrent.TimeoutException
	at java.util.concurrent.CompletableFuture.timedGet(CompletableFuture.java:1771)
	at java.util.concurrent.CompletableFuture.get(CompletableFuture.java:1915)
	at org.apache.ratis.util.IOUtils.getFromFuture(IOUtils.java:79)
	... 4 more
2019-09-17 14:55:02,372 [64dc86e1-b58a-47fa-9209-c80a04613504@group-85515DBFC7EF-SegmentedRaftLogWorker] WARN  segmented.SegmentedRaftLogWorker (SegmentedRaftLogWorker.java:getFromFuture(90)) - Timeout 2/~
org.apache.ratis.protocol.TimeoutIOException: Timeout 10s: WriteLog:19: (t:2, i:19), STATEMACHINELOGENTRY, client-30C4B51AD9D2, cid=51-writeStateMachineData
	at org.apache.ratis.util.IOUtils.getFromFuture(IOUtils.java:87)
	at org.apache.ratis.server.raftlog.segmented.SegmentedRaftLogWorker$StateMachineDataPolicy.getFromFuture(SegmentedRaftLogWorker.java:87)
	at org.apache.ratis.server.raftlog.segmented.SegmentedRaftLogWorker$WriteLog.execute(SegmentedRaftLogWorker.java:477)
	at org.apache.ratis.server.raftlog.segmented.SegmentedRaftLogWorker.run(SegmentedRaftLogWorker.java:289)
	at java.lang.Thread.run(Thread.java:748)
Caused by: java.util.concurrent.TimeoutException
	at java.util.concurrent.CompletableFuture.timedGet(CompletableFuture.java:1771)
	at java.util.concurrent.CompletableFuture.get(CompletableFuture.java:1915)
	at org.apache.ratis.util.IOUtils.getFromFuture(IOUtils.java:79)
	... 4 more
2019-09-17 14:55:02,380 [java.util.concurrent.ThreadPoolExecutor$Worker@1fe41ca9[State = -1, empty queue]] WARN  server.GrpcLogAppender (GrpcLogAppender.java:timeoutAppendRequest(200)) - 64dc86e1-b58a-47fa-9209-c80a04613504@group-85515DBFC7EF->0d659ca8-8d3f-4ad5-ad2a-cdb4ab88523b-GrpcLogAppender: appendEntries Timeout, request=64dc86e1-b58a-47fa-9209-c80a04613504->0d659ca8-8d3f-4ad5-ad2a-cdb4ab88523b#88-t2, previous=(t:2, i:20), leaderCommit=16, initializing? false, entries: <empty>
2019-09-17 14:55:02,385 [java.util.concurrent.ThreadPoolExecutor$Worker@486b56da[State = -1, empty queue]] WARN  server.GrpcLogAppender (GrpcLogAppender.java:timeoutAppendRequest(200)) - 64dc86e1-b58a-47fa-9209-c80a04613504@group-85515DBFC7EF->296d1e6a-4d03-4625-a926-8603881e9a06-GrpcLogAppender: appendEntries Timeout, request=64dc86e1-b58a-47fa-9209-c80a04613504->296d1e6a-4d03-4625-a926-8603881e9a06#88-t2, previous=(t:2, i:20), leaderCommit=16, initializing? false, entries: <empty>
2019-09-17 14:55:02,389 [0d659ca8-8d3f-4ad5-ad2a-cdb4ab88523b@group-85515DBFC7EF-SegmentedRaftLogWorker] WARN  segmented.SegmentedRaftLogWorker (SegmentedRaftLogWorker.java:getFromFuture(90)) - Timeout 2/~
org.apache.ratis.protocol.TimeoutIOException: Timeout 10s: WriteLog:19: (t:2, i:19), STATEMACHINELOGENTRY, client-30C4B51AD9D2, cid=51-writeStateMachineData
	at org.apache.ratis.util.IOUtils.getFromFuture(IOUtils.java:87)
	at org.apache.ratis.server.raftlog.segmented.SegmentedRaftLogWorker$StateMachineDataPolicy.getFromFuture(SegmentedRaftLogWorker.java:87)
	at org.apache.ratis.server.raftlog.segmented.SegmentedRaftLogWorker$WriteLog.execute(SegmentedRaftLogWorker.java:477)
	at org.apache.ratis.server.raftlog.segmented.SegmentedRaftLogWorker.run(SegmentedRaftLogWorker.java:289)
	at java.lang.Thread.run(Thread.java:748)
Caused by: java.util.concurrent.TimeoutException
	at java.util.concurrent.CompletableFuture.timedGet(CompletableFuture.java:1771)
	at java.util.concurrent.CompletableFuture.get(CompletableFuture.java:1915)
	at org.apache.ratis.util.IOUtils.getFromFuture(IOUtils.java:79)
	... 4 more
2019-09-17 14:55:02,880 [java.util.concurrent.ThreadPoolExecutor$Worker@1fe41ca9[State = -1, empty queue]] WARN  server.GrpcLogAppender (GrpcLogAppender.java:timeoutAppendRequest(200)) - 64dc86e1-b58a-47fa-9209-c80a04613504@group-85515DBFC7EF->0d659ca8-8d3f-4ad5-ad2a-cdb4ab88523b-GrpcLogAppender: appendEntries Timeout, request=64dc86e1-b58a-47fa-9209-c80a04613504->0d659ca8-8d3f-4ad5-ad2a-cdb4ab88523b#89-t2, previous=(t:2, i:20), leaderCommit=16, initializing? false, entries: <empty>
2019-09-17 14:55:02,885 [java.util.concurrent.ThreadPoolExecutor$Worker@486b56da[State = -1, empty queue]] WARN  server.GrpcLogAppender (GrpcLogAppender.java:timeoutAppendRequest(200)) - 64dc86e1-b58a-47fa-9209-c80a04613504@group-85515DBFC7EF->296d1e6a-4d03-4625-a926-8603881e9a06-GrpcLogAppender: appendEntries Timeout, request=64dc86e1-b58a-47fa-9209-c80a04613504->296d1e6a-4d03-4625-a926-8603881e9a06#89-t2, previous=(t:2, i:20), leaderCommit=16, initializing? false, entries: <empty>
2019-09-17 14:55:02,991 [Thread-1030] INFO  client.GrpcClientProtocolService (GrpcClientProtocolService.java:lambda$processClientRequest$0(278)) - Failed RaftClientRequest:client-0643CBBFECAA->24ee45b5-4e6b-4499-8d3c-0bcd5a303b6d@group-218101269A2C, cid=57, seq=0, Watch-ALL_COMMITTED(21), Message:<EMPTY>, reply=RaftClientReply:client-0643CBBFECAA->24ee45b5-4e6b-4499-8d3c-0bcd5a303b6d@group-218101269A2C, cid=57, FAILED org.apache.ratis.protocol.NotLeaderException: Server 24ee45b5-4e6b-4499-8d3c-0bcd5a303b6d@group-218101269A2C is not the leader 5824bb7b-23b5-4080-8c55-4e36ce35b3ee:192.168.151.72:44174, logIndex=0, commits[24ee45b5-4e6b-4499-8d3c-0bcd5a303b6d:c29, bbb4e265-cb6b-4caa-8b5d-65801261426c:c16, 5824bb7b-23b5-4080-8c55-4e36ce35b3ee:c29]
2019-09-17 14:55:02,995 [grpc-default-executor-2] INFO  client.GrpcClientProtocolClient (GrpcClientProtocolClient.java:onNext(264)) - client-0643CBBFECAA->24ee45b5-4e6b-4499-8d3c-0bcd5a303b6d: receive RaftClientReply:client-0643CBBFECAA->24ee45b5-4e6b-4499-8d3c-0bcd5a303b6d@group-218101269A2C, cid=57, FAILED org.apache.ratis.protocol.NotLeaderException: Server 24ee45b5-4e6b-4499-8d3c-0bcd5a303b6d@group-218101269A2C is not the leader 5824bb7b-23b5-4080-8c55-4e36ce35b3ee:192.168.151.72:44174, logIndex=0, commits[24ee45b5-4e6b-4499-8d3c-0bcd5a303b6d:c29, bbb4e265-cb6b-4caa-8b5d-65801261426c:c16, 5824bb7b-23b5-4080-8c55-4e36ce35b3ee:c29]
2019-09-17 14:55:03,380 [java.util.concurrent.ThreadPoolExecutor$Worker@1fe41ca9[State = -1, empty queue]] WARN  server.GrpcLogAppender (GrpcLogAppender.java:timeoutAppendRequest(200)) - 64dc86e1-b58a-47fa-9209-c80a04613504@group-85515DBFC7EF->0d659ca8-8d3f-4ad5-ad2a-cdb4ab88523b-GrpcLogAppender: appendEntries Timeout, request=64dc86e1-b58a-47fa-9209-c80a04613504->0d659ca8-8d3f-4ad5-ad2a-cdb4ab88523b#90-t2, previous=(t:2, i:20), leaderCommit=16, initializing? false, entries: <empty>
2019-09-17 14:55:03,385 [java.util.concurrent.ThreadPoolExecutor$Worker@486b56da[State = -1, empty queue]] WARN  server.GrpcLogAppender (GrpcLogAppender.java:timeoutAppendRequest(200)) - 64dc86e1-b58a-47fa-9209-c80a04613504@group-85515DBFC7EF->296d1e6a-4d03-4625-a926-8603881e9a06-GrpcLogAppender: appendEntries Timeout, request=64dc86e1-b58a-47fa-9209-c80a04613504->296d1e6a-4d03-4625-a926-8603881e9a06#90-t2, previous=(t:2, i:20), leaderCommit=16, initializing? false, entries: <empty>
2019-09-17 14:55:03,881 [java.util.concurrent.ThreadPoolExecutor$Worker@1fe41ca9[State = -1, empty queue]] WARN  server.GrpcLogAppender (GrpcLogAppender.java:timeoutAppendRequest(200)) - 64dc86e1-b58a-47fa-9209-c80a04613504@group-85515DBFC7EF->0d659ca8-8d3f-4ad5-ad2a-cdb4ab88523b-GrpcLogAppender: appendEntries Timeout, request=64dc86e1-b58a-47fa-9209-c80a04613504->0d659ca8-8d3f-4ad5-ad2a-cdb4ab88523b#91-t2, previous=(t:2, i:20), leaderCommit=16, initializing? false, entries: <empty>
2019-09-17 14:55:03,886 [java.util.concurrent.ThreadPoolExecutor$Worker@486b56da[State = -1, empty queue]] WARN  server.GrpcLogAppender (GrpcLogAppender.java:timeoutAppendRequest(200)) - 64dc86e1-b58a-47fa-9209-c80a04613504@group-85515DBFC7EF->296d1e6a-4d03-4625-a926-8603881e9a06-GrpcLogAppender: appendEntries Timeout, request=64dc86e1-b58a-47fa-9209-c80a04613504->296d1e6a-4d03-4625-a926-8603881e9a06#91-t2, previous=(t:2, i:20), leaderCommit=16, initializing? false, entries: <empty>
2019-09-17 14:55:03,921 [Thread-689] INFO  impl.FollowerState (FollowerState.java:run(106)) - 24ee45b5-4e6b-4499-8d3c-0bcd5a303b6d:group-218101269A2C changes to CANDIDATE, lastRpcTime:1949, electionTimeout:1065ms
2019-09-17 14:55:03,921 [Thread-689] INFO  impl.RoleInfo (RoleInfo.java:shutdownFollowerState(121)) - 24ee45b5-4e6b-4499-8d3c-0bcd5a303b6d: shutdown FollowerState
2019-09-17 14:55:03,922 [Thread-689] INFO  impl.RaftServerImpl (RaftServerImpl.java:setRole(174)) - 24ee45b5-4e6b-4499-8d3c-0bcd5a303b6d@group-218101269A2C: changes role from  FOLLOWER to CANDIDATE at term 3 for changeToCandidate
2019-09-17 14:55:03,922 [Thread-689] INFO  impl.RoleInfo (RoleInfo.java:updateAndGet(143)) - 24ee45b5-4e6b-4499-8d3c-0bcd5a303b6d: start LeaderElection
2019-09-17 14:55:03,926 [24ee45b5-4e6b-4499-8d3c-0bcd5a303b6d@group-218101269A2C:LeaderElection25] INFO  impl.RaftServerImpl (ServerState.java:setLeader(253)) - 24ee45b5-4e6b-4499-8d3c-0bcd5a303b6d@group-218101269A2C: change Leader from 5824bb7b-23b5-4080-8c55-4e36ce35b3ee to null at term 3 for initElection
2019-09-17 14:55:03,941 [24ee45b5-4e6b-4499-8d3c-0bcd5a303b6d@group-218101269A2C:LeaderElection25] INFO  impl.LeaderElection (LeaderElection.java:askForVotes(182)) - 24ee45b5-4e6b-4499-8d3c-0bcd5a303b6d@group-218101269A2C:LeaderElection25: begin an election at term 4 for 17: [bbb4e265-cb6b-4caa-8b5d-65801261426c:192.168.151.72:38991, 5824bb7b-23b5-4080-8c55-4e36ce35b3ee:192.168.151.72:44174, 24ee45b5-4e6b-4499-8d3c-0bcd5a303b6d:192.168.151.72:44891], old=null
2019-09-17 14:55:03,947 [24ee45b5-4e6b-4499-8d3c-0bcd5a303b6d@group-218101269A2C:LeaderElection25] INFO  impl.LeaderElection (LogUtils.java:infoOrTrace(149)) - 24ee45b5-4e6b-4499-8d3c-0bcd5a303b6d@group-218101269A2C:LeaderElection25 got exception when requesting votes: {}
java.util.concurrent.ExecutionException: org.apache.ratis.thirdparty.io.grpc.StatusRuntimeException: UNAVAILABLE: io exception
	at java.util.concurrent.FutureTask.report(FutureTask.java:122)
	at java.util.concurrent.FutureTask.get(FutureTask.java:192)
	at org.apache.ratis.server.impl.LeaderElection.waitForResults(LeaderElection.java:263)
	at org.apache.ratis.server.impl.LeaderElection.askForVotes(LeaderElection.java:201)
	at org.apache.ratis.server.impl.LeaderElection.run(LeaderElection.java:133)
	at java.lang.Thread.run(Thread.java:748)
Caused by: org.apache.ratis.thirdparty.io.grpc.StatusRuntimeException: UNAVAILABLE: io exception
	at org.apache.ratis.thirdparty.io.grpc.stub.ClientCalls.toStatusRuntimeException(ClientCalls.java:233)
	at org.apache.ratis.thirdparty.io.grpc.stub.ClientCalls.getUnchecked(ClientCalls.java:214)
	at org.apache.ratis.thirdparty.io.grpc.stub.ClientCalls.blockingUnaryCall(ClientCalls.java:139)
	at org.apache.ratis.proto.grpc.RaftServerProtocolServiceGrpc$RaftServerProtocolServiceBlockingStub.requestVote(RaftServerProtocolServiceGrpc.java:265)
	at org.apache.ratis.grpc.server.GrpcServerProtocolClient.requestVote(GrpcServerProtocolClient.java:90)
	at org.apache.ratis.grpc.server.GrpcService.requestVote(GrpcService.java:204)
	at org.apache.ratis.server.impl.LeaderElection.lambda$submitRequests$1(LeaderElection.java:238)
	at java.util.concurrent.FutureTask.run(FutureTask.java:266)
	at java.util.concurrent.Executors$RunnableAdapter.call(Executors.java:511)
	at java.util.concurrent.FutureTask.run(FutureTask.java:266)
	at java.util.concurrent.ThreadPoolExecutor.runWorker(ThreadPoolExecutor.java:1149)
	at java.util.concurrent.ThreadPoolExecutor$Worker.run(ThreadPoolExecutor.java:624)
	... 1 more
Caused by: org.apache.ratis.thirdparty.io.netty.channel.AbstractChannel$AnnotatedConnectException: Connection refused: /192.168.151.72:44174
	at sun.nio.ch.SocketChannelImpl.checkConnect(Native Method)
	at sun.nio.ch.SocketChannelImpl.finishConnect(SocketChannelImpl.java:717)
	at org.apache.ratis.thirdparty.io.netty.channel.socket.nio.NioSocketChannel.doFinishConnect(NioSocketChannel.java:327)
	at org.apache.ratis.thirdparty.io.netty.channel.nio.AbstractNioChannel$AbstractNioUnsafe.finishConnect(AbstractNioChannel.java:340)
	at org.apache.ratis.thirdparty.io.netty.channel.nio.NioEventLoop.processSelectedKey(NioEventLoop.java:632)
	at org.apache.ratis.thirdparty.io.netty.channel.nio.NioEventLoop.processSelectedKeysOptimized(NioEventLoop.java:579)
	at org.apache.ratis.thirdparty.io.netty.channel.nio.NioEventLoop.processSelectedKeys(NioEventLoop.java:496)
	at org.apache.ratis.thirdparty.io.netty.channel.nio.NioEventLoop.run(NioEventLoop.java:458)
	at org.apache.ratis.thirdparty.io.netty.util.concurrent.SingleThreadEventExecutor$5.run(SingleThreadEventExecutor.java:897)
	at org.apache.ratis.thirdparty.io.netty.util.concurrent.FastThreadLocalRunnable.run(FastThreadLocalRunnable.java:30)
	... 1 more
Caused by: java.net.ConnectException: Connection refused
	... 11 more
2019-09-17 14:55:03,951 [24ee45b5-4e6b-4499-8d3c-0bcd5a303b6d@group-218101269A2C:LeaderElection25] INFO  impl.LeaderElection (LogUtils.java:infoOrTrace(149)) - 24ee45b5-4e6b-4499-8d3c-0bcd5a303b6d@group-218101269A2C:LeaderElection25 got exception when requesting votes: {}
java.util.concurrent.ExecutionException: org.apache.ratis.thirdparty.io.grpc.StatusRuntimeException: UNAVAILABLE: io exception
	at java.util.concurrent.FutureTask.report(FutureTask.java:122)
	at java.util.concurrent.FutureTask.get(FutureTask.java:192)
	at org.apache.ratis.server.impl.LeaderElection.waitForResults(LeaderElection.java:263)
	at org.apache.ratis.server.impl.LeaderElection.askForVotes(LeaderElection.java:201)
	at org.apache.ratis.server.impl.LeaderElection.run(LeaderElection.java:133)
	at java.lang.Thread.run(Thread.java:748)
Caused by: org.apache.ratis.thirdparty.io.grpc.StatusRuntimeException: UNAVAILABLE: io exception
	at org.apache.ratis.thirdparty.io.grpc.stub.ClientCalls.toStatusRuntimeException(ClientCalls.java:233)
	at org.apache.ratis.thirdparty.io.grpc.stub.ClientCalls.getUnchecked(ClientCalls.java:214)
	at org.apache.ratis.thirdparty.io.grpc.stub.ClientCalls.blockingUnaryCall(ClientCalls.java:139)
	at org.apache.ratis.proto.grpc.RaftServerProtocolServiceGrpc$RaftServerProtocolServiceBlockingStub.requestVote(RaftServerProtocolServiceGrpc.java:265)
	at org.apache.ratis.grpc.server.GrpcServerProtocolClient.requestVote(GrpcServerProtocolClient.java:90)
	at org.apache.ratis.grpc.server.GrpcService.requestVote(GrpcService.java:204)
	at org.apache.ratis.server.impl.LeaderElection.lambda$submitRequests$1(LeaderElection.java:238)
	at java.util.concurrent.FutureTask.run(FutureTask.java:266)
	at java.util.concurrent.Executors$RunnableAdapter.call(Executors.java:511)
	at java.util.concurrent.FutureTask.run(FutureTask.java:266)
	at java.util.concurrent.ThreadPoolExecutor.runWorker(ThreadPoolExecutor.java:1149)
	at java.util.concurrent.ThreadPoolExecutor$Worker.run(ThreadPoolExecutor.java:624)
	... 1 more
Caused by: org.apache.ratis.thirdparty.io.netty.channel.AbstractChannel$AnnotatedConnectException: Connection refused: /192.168.151.72:38991
	at sun.nio.ch.SocketChannelImpl.checkConnect(Native Method)
	at sun.nio.ch.SocketChannelImpl.finishConnect(SocketChannelImpl.java:717)
	at org.apache.ratis.thirdparty.io.netty.channel.socket.nio.NioSocketChannel.doFinishConnect(NioSocketChannel.java:327)
	at org.apache.ratis.thirdparty.io.netty.channel.nio.AbstractNioChannel$AbstractNioUnsafe.finishConnect(AbstractNioChannel.java:340)
	at org.apache.ratis.thirdparty.io.netty.channel.nio.NioEventLoop.processSelectedKey(NioEventLoop.java:632)
	at org.apache.ratis.thirdparty.io.netty.channel.nio.NioEventLoop.processSelectedKeysOptimized(NioEventLoop.java:579)
	at org.apache.ratis.thirdparty.io.netty.channel.nio.NioEventLoop.processSelectedKeys(NioEventLoop.java:496)
	at org.apache.ratis.thirdparty.io.netty.channel.nio.NioEventLoop.run(NioEventLoop.java:458)
	at org.apache.ratis.thirdparty.io.netty.util.concurrent.SingleThreadEventExecutor$5.run(SingleThreadEventExecutor.java:897)
	at org.apache.ratis.thirdparty.io.netty.util.concurrent.FastThreadLocalRunnable.run(FastThreadLocalRunnable.java:30)
	... 1 more
Caused by: java.net.ConnectException: Connection refused
	... 11 more
2019-09-17 14:55:03,954 [24ee45b5-4e6b-4499-8d3c-0bcd5a303b6d@group-218101269A2C:LeaderElection25] INFO  impl.LeaderElection (LeaderElection.java:logAndReturn(56)) - 24ee45b5-4e6b-4499-8d3c-0bcd5a303b6d@group-218101269A2C:LeaderElection25: Election REJECTED; received 0 response(s) [] and 2 exception(s); 24ee45b5-4e6b-4499-8d3c-0bcd5a303b6d@group-218101269A2C:t4, leader=null, voted=24ee45b5-4e6b-4499-8d3c-0bcd5a303b6d, raftlog=24ee45b5-4e6b-4499-8d3c-0bcd5a303b6d@group-218101269A2C-SegmentedRaftLog:OPENED:c29,f29,i29, conf=17: [bbb4e265-cb6b-4caa-8b5d-65801261426c:192.168.151.72:38991, 5824bb7b-23b5-4080-8c55-4e36ce35b3ee:192.168.151.72:44174, 24ee45b5-4e6b-4499-8d3c-0bcd5a303b6d:192.168.151.72:44891], old=null
2019-09-17 14:55:03,954 [24ee45b5-4e6b-4499-8d3c-0bcd5a303b6d@group-218101269A2C:LeaderElection25] INFO  impl.LeaderElection (LogUtils.java:infoOrTrace(149)) -   Exception 0: {}
java.util.concurrent.ExecutionException: org.apache.ratis.thirdparty.io.grpc.StatusRuntimeException: UNAVAILABLE: io exception
	at java.util.concurrent.FutureTask.report(FutureTask.java:122)
	at java.util.concurrent.FutureTask.get(FutureTask.java:192)
	at org.apache.ratis.server.impl.LeaderElection.waitForResults(LeaderElection.java:263)
	at org.apache.ratis.server.impl.LeaderElection.askForVotes(LeaderElection.java:201)
	at org.apache.ratis.server.impl.LeaderElection.run(LeaderElection.java:133)
	at java.lang.Thread.run(Thread.java:748)
Caused by: org.apache.ratis.thirdparty.io.grpc.StatusRuntimeException: UNAVAILABLE: io exception
	at org.apache.ratis.thirdparty.io.grpc.stub.ClientCalls.toStatusRuntimeException(ClientCalls.java:233)
	at org.apache.ratis.thirdparty.io.grpc.stub.ClientCalls.getUnchecked(ClientCalls.java:214)
	at org.apache.ratis.thirdparty.io.grpc.stub.ClientCalls.blockingUnaryCall(ClientCalls.java:139)
	at org.apache.ratis.proto.grpc.RaftServerProtocolServiceGrpc$RaftServerProtocolServiceBlockingStub.requestVote(RaftServerProtocolServiceGrpc.java:265)
	at org.apache.ratis.grpc.server.GrpcServerProtocolClient.requestVote(GrpcServerProtocolClient.java:90)
	at org.apache.ratis.grpc.server.GrpcService.requestVote(GrpcService.java:204)
	at org.apache.ratis.server.impl.LeaderElection.lambda$submitRequests$1(LeaderElection.java:238)
	at java.util.concurrent.FutureTask.run(FutureTask.java:266)
	at java.util.concurrent.Executors$RunnableAdapter.call(Executors.java:511)
	at java.util.concurrent.FutureTask.run(FutureTask.java:266)
	at java.util.concurrent.ThreadPoolExecutor.runWorker(ThreadPoolExecutor.java:1149)
	at java.util.concurrent.ThreadPoolExecutor$Worker.run(ThreadPoolExecutor.java:624)
	... 1 more
Caused by: org.apache.ratis.thirdparty.io.netty.channel.AbstractChannel$AnnotatedConnectException: Connection refused: /192.168.151.72:44174
	at sun.nio.ch.SocketChannelImpl.checkConnect(Native Method)
	at sun.nio.ch.SocketChannelImpl.finishConnect(SocketChannelImpl.java:717)
	at org.apache.ratis.thirdparty.io.netty.channel.socket.nio.NioSocketChannel.doFinishConnect(NioSocketChannel.java:327)
	at org.apache.ratis.thirdparty.io.netty.channel.nio.AbstractNioChannel$AbstractNioUnsafe.finishConnect(AbstractNioChannel.java:340)
	at org.apache.ratis.thirdparty.io.netty.channel.nio.NioEventLoop.processSelectedKey(NioEventLoop.java:632)
	at org.apache.ratis.thirdparty.io.netty.channel.nio.NioEventLoop.processSelectedKeysOptimized(NioEventLoop.java:579)
	at org.apache.ratis.thirdparty.io.netty.channel.nio.NioEventLoop.processSelectedKeys(NioEventLoop.java:496)
	at org.apache.ratis.thirdparty.io.netty.channel.nio.NioEventLoop.run(NioEventLoop.java:458)
	at org.apache.ratis.thirdparty.io.netty.util.concurrent.SingleThreadEventExecutor$5.run(SingleThreadEventExecutor.java:897)
	at org.apache.ratis.thirdparty.io.netty.util.concurrent.FastThreadLocalRunnable.run(FastThreadLocalRunnable.java:30)
	... 1 more
Caused by: java.net.ConnectException: Connection refused
	... 11 more
2019-09-17 14:55:03,955 [24ee45b5-4e6b-4499-8d3c-0bcd5a303b6d@group-218101269A2C:LeaderElection25] INFO  impl.LeaderElection (LogUtils.java:infoOrTrace(149)) -   Exception 1: {}
java.util.concurrent.ExecutionException: org.apache.ratis.thirdparty.io.grpc.StatusRuntimeException: UNAVAILABLE: io exception
	at java.util.concurrent.FutureTask.report(FutureTask.java:122)
	at java.util.concurrent.FutureTask.get(FutureTask.java:192)
	at org.apache.ratis.server.impl.LeaderElection.waitForResults(LeaderElection.java:263)
	at org.apache.ratis.server.impl.LeaderElection.askForVotes(LeaderElection.java:201)
	at org.apache.ratis.server.impl.LeaderElection.run(LeaderElection.java:133)
	at java.lang.Thread.run(Thread.java:748)
Caused by: org.apache.ratis.thirdparty.io.grpc.StatusRuntimeException: UNAVAILABLE: io exception
	at org.apache.ratis.thirdparty.io.grpc.stub.ClientCalls.toStatusRuntimeException(ClientCalls.java:233)
	at org.apache.ratis.thirdparty.io.grpc.stub.ClientCalls.getUnchecked(ClientCalls.java:214)
	at org.apache.ratis.thirdparty.io.grpc.stub.ClientCalls.blockingUnaryCall(ClientCalls.java:139)
	at org.apache.ratis.proto.grpc.RaftServerProtocolServiceGrpc$RaftServerProtocolServiceBlockingStub.requestVote(RaftServerProtocolServiceGrpc.java:265)
	at org.apache.ratis.grpc.server.GrpcServerProtocolClient.requestVote(GrpcServerProtocolClient.java:90)
	at org.apache.ratis.grpc.server.GrpcService.requestVote(GrpcService.java:204)
	at org.apache.ratis.server.impl.LeaderElection.lambda$submitRequests$1(LeaderElection.java:238)
	at java.util.concurrent.FutureTask.run(FutureTask.java:266)
	at java.util.concurrent.Executors$RunnableAdapter.call(Executors.java:511)
	at java.util.concurrent.FutureTask.run(FutureTask.java:266)
	at java.util.concurrent.ThreadPoolExecutor.runWorker(ThreadPoolExecutor.java:1149)
	at java.util.concurrent.ThreadPoolExecutor$Worker.run(ThreadPoolExecutor.java:624)
	... 1 more
Caused by: org.apache.ratis.thirdparty.io.netty.channel.AbstractChannel$AnnotatedConnectException: Connection refused: /192.168.151.72:38991
	at sun.nio.ch.SocketChannelImpl.checkConnect(Native Method)
	at sun.nio.ch.SocketChannelImpl.finishConnect(SocketChannelImpl.java:717)
	at org.apache.ratis.thirdparty.io.netty.channel.socket.nio.NioSocketChannel.doFinishConnect(NioSocketChannel.java:327)
	at org.apache.ratis.thirdparty.io.netty.channel.nio.AbstractNioChannel$AbstractNioUnsafe.finishConnect(AbstractNioChannel.java:340)
	at org.apache.ratis.thirdparty.io.netty.channel.nio.NioEventLoop.processSelectedKey(NioEventLoop.java:632)
	at org.apache.ratis.thirdparty.io.netty.channel.nio.NioEventLoop.processSelectedKeysOptimized(NioEventLoop.java:579)
	at org.apache.ratis.thirdparty.io.netty.channel.nio.NioEventLoop.processSelectedKeys(NioEventLoop.java:496)
	at org.apache.ratis.thirdparty.io.netty.channel.nio.NioEventLoop.run(NioEventLoop.java:458)
	at org.apache.ratis.thirdparty.io.netty.util.concurrent.SingleThreadEventExecutor$5.run(SingleThreadEventExecutor.java:897)
	at org.apache.ratis.thirdparty.io.netty.util.concurrent.FastThreadLocalRunnable.run(FastThreadLocalRunnable.java:30)
	... 1 more
Caused by: java.net.ConnectException: Connection refused
	... 11 more
2019-09-17 14:55:03,956 [24ee45b5-4e6b-4499-8d3c-0bcd5a303b6d@group-218101269A2C:LeaderElection25] INFO  impl.RaftServerImpl (RaftServerImpl.java:setRole(174)) - 24ee45b5-4e6b-4499-8d3c-0bcd5a303b6d@group-218101269A2C: changes role from CANDIDATE to FOLLOWER at term 4 for DISCOVERED_A_NEW_TERM
2019-09-17 14:55:03,956 [24ee45b5-4e6b-4499-8d3c-0bcd5a303b6d@group-218101269A2C:LeaderElection25] INFO  impl.RoleInfo (RoleInfo.java:shutdownLeaderElection(134)) - 24ee45b5-4e6b-4499-8d3c-0bcd5a303b6d: shutdown LeaderElection
2019-09-17 14:55:03,956 [24ee45b5-4e6b-4499-8d3c-0bcd5a303b6d@group-218101269A2C:LeaderElection25] INFO  impl.RoleInfo (RoleInfo.java:updateAndGet(143)) - 24ee45b5-4e6b-4499-8d3c-0bcd5a303b6d: start FollowerState
2019-09-17 14:55:04,042 [Thread-1048] INFO  client.GrpcClientProtocolService (GrpcClientProtocolService.java:lambda$processClientRequest$0(278)) - Failed RaftClientRequest:client-0643CBBFECAA->24ee45b5-4e6b-4499-8d3c-0bcd5a303b6d@group-218101269A2C, cid=57, seq=0, Watch-ALL_COMMITTED(21), Message:<EMPTY>, reply=RaftClientReply:client-0643CBBFECAA->24ee45b5-4e6b-4499-8d3c-0bcd5a303b6d@group-218101269A2C, cid=57, FAILED org.apache.ratis.protocol.NotLeaderException: Server 24ee45b5-4e6b-4499-8d3c-0bcd5a303b6d@group-218101269A2C is not the leader, logIndex=0, commits[24ee45b5-4e6b-4499-8d3c-0bcd5a303b6d:c29, bbb4e265-cb6b-4caa-8b5d-65801261426c:c16, 5824bb7b-23b5-4080-8c55-4e36ce35b3ee:c29]
2019-09-17 14:55:04,048 [grpc-default-executor-2] INFO  client.GrpcClientProtocolClient (GrpcClientProtocolClient.java:onNext(264)) - client-0643CBBFECAA->24ee45b5-4e6b-4499-8d3c-0bcd5a303b6d: receive RaftClientReply:client-0643CBBFECAA->24ee45b5-4e6b-4499-8d3c-0bcd5a303b6d@group-218101269A2C, cid=57, FAILED org.apache.ratis.protocol.NotLeaderException: Server 24ee45b5-4e6b-4499-8d3c-0bcd5a303b6d@group-218101269A2C is not the leader, logIndex=0, commits[24ee45b5-4e6b-4499-8d3c-0bcd5a303b6d:c29, bbb4e265-cb6b-4caa-8b5d-65801261426c:c16, 5824bb7b-23b5-4080-8c55-4e36ce35b3ee:c29]
2019-09-17 14:55:04,381 [java.util.concurrent.ThreadPoolExecutor$Worker@1fe41ca9[State = -1, empty queue]] WARN  server.GrpcLogAppender (GrpcLogAppender.java:timeoutAppendRequest(200)) - 64dc86e1-b58a-47fa-9209-c80a04613504@group-85515DBFC7EF->0d659ca8-8d3f-4ad5-ad2a-cdb4ab88523b-GrpcLogAppender: appendEntries Timeout, request=64dc86e1-b58a-47fa-9209-c80a04613504->0d659ca8-8d3f-4ad5-ad2a-cdb4ab88523b#92-t2, previous=(t:2, i:20), leaderCommit=16, initializing? false, entries: <empty>
2019-09-17 14:55:04,386 [java.util.concurrent.ThreadPoolExecutor$Worker@486b56da[State = -1, empty queue]] WARN  server.GrpcLogAppender (GrpcLogAppender.java:timeoutAppendRequest(200)) - 64dc86e1-b58a-47fa-9209-c80a04613504@group-85515DBFC7EF->296d1e6a-4d03-4625-a926-8603881e9a06-GrpcLogAppender: appendEntries Timeout, request=64dc86e1-b58a-47fa-9209-c80a04613504->296d1e6a-4d03-4625-a926-8603881e9a06#92-t2, previous=(t:2, i:20), leaderCommit=16, initializing? false, entries: <empty>
2019-09-17 14:55:04,881 [java.util.concurrent.ThreadPoolExecutor$Worker@1fe41ca9[State = -1, empty queue]] WARN  server.GrpcLogAppender (GrpcLogAppender.java:timeoutAppendRequest(200)) - 64dc86e1-b58a-47fa-9209-c80a04613504@group-85515DBFC7EF->0d659ca8-8d3f-4ad5-ad2a-cdb4ab88523b-GrpcLogAppender: appendEntries Timeout, request=64dc86e1-b58a-47fa-9209-c80a04613504->0d659ca8-8d3f-4ad5-ad2a-cdb4ab88523b#93-t2, previous=(t:2, i:20), leaderCommit=16, initializing? false, entries: <empty>
2019-09-17 14:55:04,886 [java.util.concurrent.ThreadPoolExecutor$Worker@486b56da[State = -1, empty queue]] WARN  server.GrpcLogAppender (GrpcLogAppender.java:timeoutAppendRequest(200)) - 64dc86e1-b58a-47fa-9209-c80a04613504@group-85515DBFC7EF->296d1e6a-4d03-4625-a926-8603881e9a06-GrpcLogAppender: appendEntries Timeout, request=64dc86e1-b58a-47fa-9209-c80a04613504->296d1e6a-4d03-4625-a926-8603881e9a06#93-t2, previous=(t:2, i:20), leaderCommit=16, initializing? false, entries: <empty>
2019-09-17 14:55:04,984 [Thread-1045] INFO  impl.FollowerState (FollowerState.java:run(106)) - 24ee45b5-4e6b-4499-8d3c-0bcd5a303b6d:group-218101269A2C changes to CANDIDATE, lastRpcTime:1027, electionTimeout:1027ms
2019-09-17 14:55:04,984 [Thread-1045] INFO  impl.RoleInfo (RoleInfo.java:shutdownFollowerState(121)) - 24ee45b5-4e6b-4499-8d3c-0bcd5a303b6d: shutdown FollowerState
2019-09-17 14:55:04,984 [Thread-1045] INFO  impl.RaftServerImpl (RaftServerImpl.java:setRole(174)) - 24ee45b5-4e6b-4499-8d3c-0bcd5a303b6d@group-218101269A2C: changes role from  FOLLOWER to CANDIDATE at term 4 for changeToCandidate
2019-09-17 14:55:04,985 [Thread-1045] INFO  impl.RoleInfo (RoleInfo.java:updateAndGet(143)) - 24ee45b5-4e6b-4499-8d3c-0bcd5a303b6d: start LeaderElection
2019-09-17 14:55:05,004 [24ee45b5-4e6b-4499-8d3c-0bcd5a303b6d@group-218101269A2C:LeaderElection26] INFO  impl.LeaderElection (LeaderElection.java:askForVotes(182)) - 24ee45b5-4e6b-4499-8d3c-0bcd5a303b6d@group-218101269A2C:LeaderElection26: begin an election at term 5 for 17: [bbb4e265-cb6b-4caa-8b5d-65801261426c:192.168.151.72:38991, 5824bb7b-23b5-4080-8c55-4e36ce35b3ee:192.168.151.72:44174, 24ee45b5-4e6b-4499-8d3c-0bcd5a303b6d:192.168.151.72:44891], old=null
2019-09-17 14:55:05,006 [24ee45b5-4e6b-4499-8d3c-0bcd5a303b6d@group-218101269A2C:LeaderElection26] INFO  impl.LeaderElection (LogUtils.java:infoOrTrace(149)) - 24ee45b5-4e6b-4499-8d3c-0bcd5a303b6d@group-218101269A2C:LeaderElection26 got exception when requesting votes: {}
java.util.concurrent.ExecutionException: org.apache.ratis.thirdparty.io.grpc.StatusRuntimeException: UNAVAILABLE: io exception
	at java.util.concurrent.FutureTask.report(FutureTask.java:122)
	at java.util.concurrent.FutureTask.get(FutureTask.java:192)
	at org.apache.ratis.server.impl.LeaderElection.waitForResults(LeaderElection.java:263)
	at org.apache.ratis.server.impl.LeaderElection.askForVotes(LeaderElection.java:201)
	at org.apache.ratis.server.impl.LeaderElection.run(LeaderElection.java:133)
	at java.lang.Thread.run(Thread.java:748)
Caused by: org.apache.ratis.thirdparty.io.grpc.StatusRuntimeException: UNAVAILABLE: io exception
	at org.apache.ratis.thirdparty.io.grpc.stub.ClientCalls.toStatusRuntimeException(ClientCalls.java:233)
	at org.apache.ratis.thirdparty.io.grpc.stub.ClientCalls.getUnchecked(ClientCalls.java:214)
	at org.apache.ratis.thirdparty.io.grpc.stub.ClientCalls.blockingUnaryCall(ClientCalls.java:139)
	at org.apache.ratis.proto.grpc.RaftServerProtocolServiceGrpc$RaftServerProtocolServiceBlockingStub.requestVote(RaftServerProtocolServiceGrpc.java:265)
	at org.apache.ratis.grpc.server.GrpcServerProtocolClient.requestVote(GrpcServerProtocolClient.java:90)
	at org.apache.ratis.grpc.server.GrpcService.requestVote(GrpcService.java:204)
	at org.apache.ratis.server.impl.LeaderElection.lambda$submitRequests$1(LeaderElection.java:238)
	at java.util.concurrent.FutureTask.run(FutureTask.java:266)
	at java.util.concurrent.Executors$RunnableAdapter.call(Executors.java:511)
	at java.util.concurrent.FutureTask.run(FutureTask.java:266)
	at java.util.concurrent.ThreadPoolExecutor.runWorker(ThreadPoolExecutor.java:1149)
	at java.util.concurrent.ThreadPoolExecutor$Worker.run(ThreadPoolExecutor.java:624)
	... 1 more
Caused by: org.apache.ratis.thirdparty.io.netty.channel.AbstractChannel$AnnotatedConnectException: Connection refused: /192.168.151.72:38991
	at sun.nio.ch.SocketChannelImpl.checkConnect(Native Method)
	at sun.nio.ch.SocketChannelImpl.finishConnect(SocketChannelImpl.java:717)
	at org.apache.ratis.thirdparty.io.netty.channel.socket.nio.NioSocketChannel.doFinishConnect(NioSocketChannel.java:327)
	at org.apache.ratis.thirdparty.io.netty.channel.nio.AbstractNioChannel$AbstractNioUnsafe.finishConnect(AbstractNioChannel.java:340)
	at org.apache.ratis.thirdparty.io.netty.channel.nio.NioEventLoop.processSelectedKey(NioEventLoop.java:632)
	at org.apache.ratis.thirdparty.io.netty.channel.nio.NioEventLoop.processSelectedKeysOptimized(NioEventLoop.java:579)
	at org.apache.ratis.thirdparty.io.netty.channel.nio.NioEventLoop.processSelectedKeys(NioEventLoop.java:496)
	at org.apache.ratis.thirdparty.io.netty.channel.nio.NioEventLoop.run(NioEventLoop.java:458)
	at org.apache.ratis.thirdparty.io.netty.util.concurrent.SingleThreadEventExecutor$5.run(SingleThreadEventExecutor.java:897)
	at org.apache.ratis.thirdparty.io.netty.util.concurrent.FastThreadLocalRunnable.run(FastThreadLocalRunnable.java:30)
	... 1 more
Caused by: java.net.ConnectException: Connection refused
	... 11 more
2019-09-17 14:55:05,009 [24ee45b5-4e6b-4499-8d3c-0bcd5a303b6d@group-218101269A2C:LeaderElection26] INFO  impl.LeaderElection (LogUtils.java:infoOrTrace(149)) - 24ee45b5-4e6b-4499-8d3c-0bcd5a303b6d@group-218101269A2C:LeaderElection26 got exception when requesting votes: {}
java.util.concurrent.ExecutionException: org.apache.ratis.thirdparty.io.grpc.StatusRuntimeException: UNAVAILABLE: io exception
	at java.util.concurrent.FutureTask.report(FutureTask.java:122)
	at java.util.concurrent.FutureTask.get(FutureTask.java:192)
	at org.apache.ratis.server.impl.LeaderElection.waitForResults(LeaderElection.java:263)
	at org.apache.ratis.server.impl.LeaderElection.askForVotes(LeaderElection.java:201)
	at org.apache.ratis.server.impl.LeaderElection.run(LeaderElection.java:133)
	at java.lang.Thread.run(Thread.java:748)
Caused by: org.apache.ratis.thirdparty.io.grpc.StatusRuntimeException: UNAVAILABLE: io exception
	at org.apache.ratis.thirdparty.io.grpc.stub.ClientCalls.toStatusRuntimeException(ClientCalls.java:233)
	at org.apache.ratis.thirdparty.io.grpc.stub.ClientCalls.getUnchecked(ClientCalls.java:214)
	at org.apache.ratis.thirdparty.io.grpc.stub.ClientCalls.blockingUnaryCall(ClientCalls.java:139)
	at org.apache.ratis.proto.grpc.RaftServerProtocolServiceGrpc$RaftServerProtocolServiceBlockingStub.requestVote(RaftServerProtocolServiceGrpc.java:265)
	at org.apache.ratis.grpc.server.GrpcServerProtocolClient.requestVote(GrpcServerProtocolClient.java:90)
	at org.apache.ratis.grpc.server.GrpcService.requestVote(GrpcService.java:204)
	at org.apache.ratis.server.impl.LeaderElection.lambda$submitRequests$1(LeaderElection.java:238)
	at java.util.concurrent.FutureTask.run(FutureTask.java:266)
	at java.util.concurrent.Executors$RunnableAdapter.call(Executors.java:511)
	at java.util.concurrent.FutureTask.run(FutureTask.java:266)
	at java.util.concurrent.ThreadPoolExecutor.runWorker(ThreadPoolExecutor.java:1149)
	at java.util.concurrent.ThreadPoolExecutor$Worker.run(ThreadPoolExecutor.java:624)
	... 1 more
Caused by: org.apache.ratis.thirdparty.io.netty.channel.AbstractChannel$AnnotatedConnectException: Connection refused: /192.168.151.72:44174
	at sun.nio.ch.SocketChannelImpl.checkConnect(Native Method)
	at sun.nio.ch.SocketChannelImpl.finishConnect(SocketChannelImpl.java:717)
	at org.apache.ratis.thirdparty.io.netty.channel.socket.nio.NioSocketChannel.doFinishConnect(NioSocketChannel.java:327)
	at org.apache.ratis.thirdparty.io.netty.channel.nio.AbstractNioChannel$AbstractNioUnsafe.finishConnect(AbstractNioChannel.java:340)
	at org.apache.ratis.thirdparty.io.netty.channel.nio.NioEventLoop.processSelectedKey(NioEventLoop.java:632)
	at org.apache.ratis.thirdparty.io.netty.channel.nio.NioEventLoop.processSelectedKeysOptimized(NioEventLoop.java:579)
	at org.apache.ratis.thirdparty.io.netty.channel.nio.NioEventLoop.processSelectedKeys(NioEventLoop.java:496)
	at org.apache.ratis.thirdparty.io.netty.channel.nio.NioEventLoop.run(NioEventLoop.java:458)
	at org.apache.ratis.thirdparty.io.netty.util.concurrent.SingleThreadEventExecutor$5.run(SingleThreadEventExecutor.java:897)
	at org.apache.ratis.thirdparty.io.netty.util.concurrent.FastThreadLocalRunnable.run(FastThreadLocalRunnable.java:30)
	... 1 more
Caused by: java.net.ConnectException: Connection refused
	... 11 more
2019-09-17 14:55:05,012 [24ee45b5-4e6b-4499-8d3c-0bcd5a303b6d@group-218101269A2C:LeaderElection26] INFO  impl.LeaderElection (LeaderElection.java:logAndReturn(56)) - 24ee45b5-4e6b-4499-8d3c-0bcd5a303b6d@group-218101269A2C:LeaderElection26: Election REJECTED; received 0 response(s) [] and 2 exception(s); 24ee45b5-4e6b-4499-8d3c-0bcd5a303b6d@group-218101269A2C:t5, leader=null, voted=24ee45b5-4e6b-4499-8d3c-0bcd5a303b6d, raftlog=24ee45b5-4e6b-4499-8d3c-0bcd5a303b6d@group-218101269A2C-SegmentedRaftLog:OPENED:c29,f29,i29, conf=17: [bbb4e265-cb6b-4caa-8b5d-65801261426c:192.168.151.72:38991, 5824bb7b-23b5-4080-8c55-4e36ce35b3ee:192.168.151.72:44174, 24ee45b5-4e6b-4499-8d3c-0bcd5a303b6d:192.168.151.72:44891], old=null
2019-09-17 14:55:05,012 [24ee45b5-4e6b-4499-8d3c-0bcd5a303b6d@group-218101269A2C:LeaderElection26] INFO  impl.LeaderElection (LogUtils.java:infoOrTrace(149)) -   Exception 0: {}
java.util.concurrent.ExecutionException: org.apache.ratis.thirdparty.io.grpc.StatusRuntimeException: UNAVAILABLE: io exception
	at java.util.concurrent.FutureTask.report(FutureTask.java:122)
	at java.util.concurrent.FutureTask.get(FutureTask.java:192)
	at org.apache.ratis.server.impl.LeaderElection.waitForResults(LeaderElection.java:263)
	at org.apache.ratis.server.impl.LeaderElection.askForVotes(LeaderElection.java:201)
	at org.apache.ratis.server.impl.LeaderElection.run(LeaderElection.java:133)
	at java.lang.Thread.run(Thread.java:748)
Caused by: org.apache.ratis.thirdparty.io.grpc.StatusRuntimeException: UNAVAILABLE: io exception
	at org.apache.ratis.thirdparty.io.grpc.stub.ClientCalls.toStatusRuntimeException(ClientCalls.java:233)
	at org.apache.ratis.thirdparty.io.grpc.stub.ClientCalls.getUnchecked(ClientCalls.java:214)
	at org.apache.ratis.thirdparty.io.grpc.stub.ClientCalls.blockingUnaryCall(ClientCalls.java:139)
	at org.apache.ratis.proto.grpc.RaftServerProtocolServiceGrpc$RaftServerProtocolServiceBlockingStub.requestVote(RaftServerProtocolServiceGrpc.java:265)
	at org.apache.ratis.grpc.server.GrpcServerProtocolClient.requestVote(GrpcServerProtocolClient.java:90)
	at org.apache.ratis.grpc.server.GrpcService.requestVote(GrpcService.java:204)
	at org.apache.ratis.server.impl.LeaderElection.lambda$submitRequests$1(LeaderElection.java:238)
	at java.util.concurrent.FutureTask.run(FutureTask.java:266)
	at java.util.concurrent.Executors$RunnableAdapter.call(Executors.java:511)
	at java.util.concurrent.FutureTask.run(FutureTask.java:266)
	at java.util.concurrent.ThreadPoolExecutor.runWorker(ThreadPoolExecutor.java:1149)
	at java.util.concurrent.ThreadPoolExecutor$Worker.run(ThreadPoolExecutor.java:624)
	... 1 more
Caused by: org.apache.ratis.thirdparty.io.netty.channel.AbstractChannel$AnnotatedConnectException: Connection refused: /192.168.151.72:38991
	at sun.nio.ch.SocketChannelImpl.checkConnect(Native Method)
	at sun.nio.ch.SocketChannelImpl.finishConnect(SocketChannelImpl.java:717)
	at org.apache.ratis.thirdparty.io.netty.channel.socket.nio.NioSocketChannel.doFinishConnect(NioSocketChannel.java:327)
	at org.apache.ratis.thirdparty.io.netty.channel.nio.AbstractNioChannel$AbstractNioUnsafe.finishConnect(AbstractNioChannel.java:340)
	at org.apache.ratis.thirdparty.io.netty.channel.nio.NioEventLoop.processSelectedKey(NioEventLoop.java:632)
	at org.apache.ratis.thirdparty.io.netty.channel.nio.NioEventLoop.processSelectedKeysOptimized(NioEventLoop.java:579)
	at org.apache.ratis.thirdparty.io.netty.channel.nio.NioEventLoop.processSelectedKeys(NioEventLoop.java:496)
	at org.apache.ratis.thirdparty.io.netty.channel.nio.NioEventLoop.run(NioEventLoop.java:458)
	at org.apache.ratis.thirdparty.io.netty.util.concurrent.SingleThreadEventExecutor$5.run(SingleThreadEventExecutor.java:897)
	at org.apache.ratis.thirdparty.io.netty.util.concurrent.FastThreadLocalRunnable.run(FastThreadLocalRunnable.java:30)
	... 1 more
Caused by: java.net.ConnectException: Connection refused
	... 11 more
2019-09-17 14:55:05,015 [24ee45b5-4e6b-4499-8d3c-0bcd5a303b6d@group-218101269A2C:LeaderElection26] INFO  impl.LeaderElection (LogUtils.java:infoOrTrace(149)) -   Exception 1: {}
java.util.concurrent.ExecutionException: org.apache.ratis.thirdparty.io.grpc.StatusRuntimeException: UNAVAILABLE: io exception
	at java.util.concurrent.FutureTask.report(FutureTask.java:122)
	at java.util.concurrent.FutureTask.get(FutureTask.java:192)
	at org.apache.ratis.server.impl.LeaderElection.waitForResults(LeaderElection.java:263)
	at org.apache.ratis.server.impl.LeaderElection.askForVotes(LeaderElection.java:201)
	at org.apache.ratis.server.impl.LeaderElection.run(LeaderElection.java:133)
	at java.lang.Thread.run(Thread.java:748)
Caused by: org.apache.ratis.thirdparty.io.grpc.StatusRuntimeException: UNAVAILABLE: io exception
	at org.apache.ratis.thirdparty.io.grpc.stub.ClientCalls.toStatusRuntimeException(ClientCalls.java:233)
	at org.apache.ratis.thirdparty.io.grpc.stub.ClientCalls.getUnchecked(ClientCalls.java:214)
	at org.apache.ratis.thirdparty.io.grpc.stub.ClientCalls.blockingUnaryCall(ClientCalls.java:139)
	at org.apache.ratis.proto.grpc.RaftServerProtocolServiceGrpc$RaftServerProtocolServiceBlockingStub.requestVote(RaftServerProtocolServiceGrpc.java:265)
	at org.apache.ratis.grpc.server.GrpcServerProtocolClient.requestVote(GrpcServerProtocolClient.java:90)
	at org.apache.ratis.grpc.server.GrpcService.requestVote(GrpcService.java:204)
	at org.apache.ratis.server.impl.LeaderElection.lambda$submitRequests$1(LeaderElection.java:238)
	at java.util.concurrent.FutureTask.run(FutureTask.java:266)
	at java.util.concurrent.Executors$RunnableAdapter.call(Executors.java:511)
	at java.util.concurrent.FutureTask.run(FutureTask.java:266)
	at java.util.concurrent.ThreadPoolExecutor.runWorker(ThreadPoolExecutor.java:1149)
	at java.util.concurrent.ThreadPoolExecutor$Worker.run(ThreadPoolExecutor.java:624)
	... 1 more
Caused by: org.apache.ratis.thirdparty.io.netty.channel.AbstractChannel$AnnotatedConnectException: Connection refused: /192.168.151.72:44174
	at sun.nio.ch.SocketChannelImpl.checkConnect(Native Method)
	at sun.nio.ch.SocketChannelImpl.finishConnect(SocketChannelImpl.java:717)
	at org.apache.ratis.thirdparty.io.netty.channel.socket.nio.NioSocketChannel.doFinishConnect(NioSocketChannel.java:327)
	at org.apache.ratis.thirdparty.io.netty.channel.nio.AbstractNioChannel$AbstractNioUnsafe.finishConnect(AbstractNioChannel.java:340)
	at org.apache.ratis.thirdparty.io.netty.channel.nio.NioEventLoop.processSelectedKey(NioEventLoop.java:632)
	at org.apache.ratis.thirdparty.io.netty.channel.nio.NioEventLoop.processSelectedKeysOptimized(NioEventLoop.java:579)
	at org.apache.ratis.thirdparty.io.netty.channel.nio.NioEventLoop.processSelectedKeys(NioEventLoop.java:496)
	at org.apache.ratis.thirdparty.io.netty.channel.nio.NioEventLoop.run(NioEventLoop.java:458)
	at org.apache.ratis.thirdparty.io.netty.util.concurrent.SingleThreadEventExecutor$5.run(SingleThreadEventExecutor.java:897)
	at org.apache.ratis.thirdparty.io.netty.util.concurrent.FastThreadLocalRunnable.run(FastThreadLocalRunnable.java:30)
	... 1 more
Caused by: java.net.ConnectException: Connection refused
	... 11 more
2019-09-17 14:55:05,015 [24ee45b5-4e6b-4499-8d3c-0bcd5a303b6d@group-218101269A2C:LeaderElection26] INFO  impl.RaftServerImpl (RaftServerImpl.java:setRole(174)) - 24ee45b5-4e6b-4499-8d3c-0bcd5a303b6d@group-218101269A2C: changes role from CANDIDATE to FOLLOWER at term 5 for DISCOVERED_A_NEW_TERM
2019-09-17 14:55:05,016 [24ee45b5-4e6b-4499-8d3c-0bcd5a303b6d@group-218101269A2C:LeaderElection26] INFO  impl.RoleInfo (RoleInfo.java:shutdownLeaderElection(134)) - 24ee45b5-4e6b-4499-8d3c-0bcd5a303b6d: shutdown LeaderElection
2019-09-17 14:55:05,016 [24ee45b5-4e6b-4499-8d3c-0bcd5a303b6d@group-218101269A2C:LeaderElection26] INFO  impl.RoleInfo (RoleInfo.java:updateAndGet(143)) - 24ee45b5-4e6b-4499-8d3c-0bcd5a303b6d: start FollowerState
2019-09-17 14:55:05,382 [java.util.concurrent.ThreadPoolExecutor$Worker@1fe41ca9[State = -1, empty queue]] WARN  server.GrpcLogAppender (GrpcLogAppender.java:timeoutAppendRequest(200)) - 64dc86e1-b58a-47fa-9209-c80a04613504@group-85515DBFC7EF->0d659ca8-8d3f-4ad5-ad2a-cdb4ab88523b-GrpcLogAppender: appendEntries Timeout, request=64dc86e1-b58a-47fa-9209-c80a04613504->0d659ca8-8d3f-4ad5-ad2a-cdb4ab88523b#94-t2, previous=(t:2, i:20), leaderCommit=16, initializing? false, entries: <empty>
2019-09-17 14:55:05,387 [java.util.concurrent.ThreadPoolExecutor$Worker@486b56da[State = -1, empty queue]] WARN  server.GrpcLogAppender (GrpcLogAppender.java:timeoutAppendRequest(200)) - 64dc86e1-b58a-47fa-9209-c80a04613504@group-85515DBFC7EF->296d1e6a-4d03-4625-a926-8603881e9a06-GrpcLogAppender: appendEntries Timeout, request=64dc86e1-b58a-47fa-9209-c80a04613504->296d1e6a-4d03-4625-a926-8603881e9a06#94-t2, previous=(t:2, i:20), leaderCommit=16, initializing? false, entries: <empty>
2019-09-17 14:55:05,882 [java.util.concurrent.ThreadPoolExecutor$Worker@1fe41ca9[State = -1, empty queue]] WARN  server.GrpcLogAppender (GrpcLogAppender.java:timeoutAppendRequest(200)) - 64dc86e1-b58a-47fa-9209-c80a04613504@group-85515DBFC7EF->0d659ca8-8d3f-4ad5-ad2a-cdb4ab88523b-GrpcLogAppender: appendEntries Timeout, request=64dc86e1-b58a-47fa-9209-c80a04613504->0d659ca8-8d3f-4ad5-ad2a-cdb4ab88523b#95-t2, previous=(t:2, i:20), leaderCommit=16, initializing? false, entries: <empty>
2019-09-17 14:55:05,887 [java.util.concurrent.ThreadPoolExecutor$Worker@486b56da[State = -1, empty queue]] WARN  server.GrpcLogAppender (GrpcLogAppender.java:timeoutAppendRequest(200)) - 64dc86e1-b58a-47fa-9209-c80a04613504@group-85515DBFC7EF->296d1e6a-4d03-4625-a926-8603881e9a06-GrpcLogAppender: appendEntries Timeout, request=64dc86e1-b58a-47fa-9209-c80a04613504->296d1e6a-4d03-4625-a926-8603881e9a06#95-t2, previous=(t:2, i:20), leaderCommit=16, initializing? false, entries: <empty>
2019-09-17 14:55:06,019 [Thread-1061] INFO  impl.FollowerState (FollowerState.java:run(106)) - 24ee45b5-4e6b-4499-8d3c-0bcd5a303b6d:group-218101269A2C changes to CANDIDATE, lastRpcTime:1003, electionTimeout:1003ms
2019-09-17 14:55:06,020 [Thread-1061] INFO  impl.RoleInfo (RoleInfo.java:shutdownFollowerState(121)) - 24ee45b5-4e6b-4499-8d3c-0bcd5a303b6d: shutdown FollowerState
2019-09-17 14:55:06,020 [Thread-1061] INFO  impl.RaftServerImpl (RaftServerImpl.java:setRole(174)) - 24ee45b5-4e6b-4499-8d3c-0bcd5a303b6d@group-218101269A2C: changes role from  FOLLOWER to CANDIDATE at term 5 for changeToCandidate
2019-09-17 14:55:06,020 [Thread-1061] INFO  impl.RoleInfo (RoleInfo.java:updateAndGet(143)) - 24ee45b5-4e6b-4499-8d3c-0bcd5a303b6d: start LeaderElection
2019-09-17 14:55:06,034 [24ee45b5-4e6b-4499-8d3c-0bcd5a303b6d@group-218101269A2C:LeaderElection27] INFO  impl.LeaderElection (LeaderElection.java:askForVotes(182)) - 24ee45b5-4e6b-4499-8d3c-0bcd5a303b6d@group-218101269A2C:LeaderElection27: begin an election at term 6 for 17: [bbb4e265-cb6b-4caa-8b5d-65801261426c:192.168.151.72:38991, 5824bb7b-23b5-4080-8c55-4e36ce35b3ee:192.168.151.72:44174, 24ee45b5-4e6b-4499-8d3c-0bcd5a303b6d:192.168.151.72:44891], old=null
2019-09-17 14:55:06,035 [24ee45b5-4e6b-4499-8d3c-0bcd5a303b6d@group-218101269A2C:LeaderElection27] INFO  impl.LeaderElection (LogUtils.java:infoOrTrace(149)) - 24ee45b5-4e6b-4499-8d3c-0bcd5a303b6d@group-218101269A2C:LeaderElection27 got exception when requesting votes: {}
java.util.concurrent.ExecutionException: org.apache.ratis.thirdparty.io.grpc.StatusRuntimeException: UNAVAILABLE: io exception
	at java.util.concurrent.FutureTask.report(FutureTask.java:122)
	at java.util.concurrent.FutureTask.get(FutureTask.java:192)
	at org.apache.ratis.server.impl.LeaderElection.waitForResults(LeaderElection.java:263)
	at org.apache.ratis.server.impl.LeaderElection.askForVotes(LeaderElection.java:201)
	at org.apache.ratis.server.impl.LeaderElection.run(LeaderElection.java:133)
	at java.lang.Thread.run(Thread.java:748)
Caused by: org.apache.ratis.thirdparty.io.grpc.StatusRuntimeException: UNAVAILABLE: io exception
	at org.apache.ratis.thirdparty.io.grpc.stub.ClientCalls.toStatusRuntimeException(ClientCalls.java:233)
	at org.apache.ratis.thirdparty.io.grpc.stub.ClientCalls.getUnchecked(ClientCalls.java:214)
	at org.apache.ratis.thirdparty.io.grpc.stub.ClientCalls.blockingUnaryCall(ClientCalls.java:139)
	at org.apache.ratis.proto.grpc.RaftServerProtocolServiceGrpc$RaftServerProtocolServiceBlockingStub.requestVote(RaftServerProtocolServiceGrpc.java:265)
	at org.apache.ratis.grpc.server.GrpcServerProtocolClient.requestVote(GrpcServerProtocolClient.java:90)
	at org.apache.ratis.grpc.server.GrpcService.requestVote(GrpcService.java:204)
	at org.apache.ratis.server.impl.LeaderElection.lambda$submitRequests$1(LeaderElection.java:238)
	at java.util.concurrent.FutureTask.run(FutureTask.java:266)
	at java.util.concurrent.Executors$RunnableAdapter.call(Executors.java:511)
	at java.util.concurrent.FutureTask.run(FutureTask.java:266)
	at java.util.concurrent.ThreadPoolExecutor.runWorker(ThreadPoolExecutor.java:1149)
	at java.util.concurrent.ThreadPoolExecutor$Worker.run(ThreadPoolExecutor.java:624)
	... 1 more
Caused by: org.apache.ratis.thirdparty.io.netty.channel.AbstractChannel$AnnotatedConnectException: Connection refused: /192.168.151.72:44174
	at sun.nio.ch.SocketChannelImpl.checkConnect(Native Method)
	at sun.nio.ch.SocketChannelImpl.finishConnect(SocketChannelImpl.java:717)
	at org.apache.ratis.thirdparty.io.netty.channel.socket.nio.NioSocketChannel.doFinishConnect(NioSocketChannel.java:327)
	at org.apache.ratis.thirdparty.io.netty.channel.nio.AbstractNioChannel$AbstractNioUnsafe.finishConnect(AbstractNioChannel.java:340)
	at org.apache.ratis.thirdparty.io.netty.channel.nio.NioEventLoop.processSelectedKey(NioEventLoop.java:632)
	at org.apache.ratis.thirdparty.io.netty.channel.nio.NioEventLoop.processSelectedKeysOptimized(NioEventLoop.java:579)
	at org.apache.ratis.thirdparty.io.netty.channel.nio.NioEventLoop.processSelectedKeys(NioEventLoop.java:496)
	at org.apache.ratis.thirdparty.io.netty.channel.nio.NioEventLoop.run(NioEventLoop.java:458)
	at org.apache.ratis.thirdparty.io.netty.util.concurrent.SingleThreadEventExecutor$5.run(SingleThreadEventExecutor.java:897)
	at org.apache.ratis.thirdparty.io.netty.util.concurrent.FastThreadLocalRunnable.run(FastThreadLocalRunnable.java:30)
	... 1 more
Caused by: java.net.ConnectException: Connection refused
	... 11 more
2019-09-17 14:55:06,039 [24ee45b5-4e6b-4499-8d3c-0bcd5a303b6d@group-218101269A2C:LeaderElection27] INFO  impl.LeaderElection (LogUtils.java:infoOrTrace(149)) - 24ee45b5-4e6b-4499-8d3c-0bcd5a303b6d@group-218101269A2C:LeaderElection27 got exception when requesting votes: {}
java.util.concurrent.ExecutionException: org.apache.ratis.thirdparty.io.grpc.StatusRuntimeException: UNAVAILABLE: io exception
	at java.util.concurrent.FutureTask.report(FutureTask.java:122)
	at java.util.concurrent.FutureTask.get(FutureTask.java:192)
	at org.apache.ratis.server.impl.LeaderElection.waitForResults(LeaderElection.java:263)
	at org.apache.ratis.server.impl.LeaderElection.askForVotes(LeaderElection.java:201)
	at org.apache.ratis.server.impl.LeaderElection.run(LeaderElection.java:133)
	at java.lang.Thread.run(Thread.java:748)
Caused by: org.apache.ratis.thirdparty.io.grpc.StatusRuntimeException: UNAVAILABLE: io exception
	at org.apache.ratis.thirdparty.io.grpc.stub.ClientCalls.toStatusRuntimeException(ClientCalls.java:233)
	at org.apache.ratis.thirdparty.io.grpc.stub.ClientCalls.getUnchecked(ClientCalls.java:214)
	at org.apache.ratis.thirdparty.io.grpc.stub.ClientCalls.blockingUnaryCall(ClientCalls.java:139)
	at org.apache.ratis.proto.grpc.RaftServerProtocolServiceGrpc$RaftServerProtocolServiceBlockingStub.requestVote(RaftServerProtocolServiceGrpc.java:265)
	at org.apache.ratis.grpc.server.GrpcServerProtocolClient.requestVote(GrpcServerProtocolClient.java:90)
	at org.apache.ratis.grpc.server.GrpcService.requestVote(GrpcService.java:204)
	at org.apache.ratis.server.impl.LeaderElection.lambda$submitRequests$1(LeaderElection.java:238)
	at java.util.concurrent.FutureTask.run(FutureTask.java:266)
	at java.util.concurrent.Executors$RunnableAdapter.call(Executors.java:511)
	at java.util.concurrent.FutureTask.run(FutureTask.java:266)
	at java.util.concurrent.ThreadPoolExecutor.runWorker(ThreadPoolExecutor.java:1149)
	at java.util.concurrent.ThreadPoolExecutor$Worker.run(ThreadPoolExecutor.java:624)
	... 1 more
Caused by: org.apache.ratis.thirdparty.io.netty.channel.AbstractChannel$AnnotatedConnectException: Connection refused: /192.168.151.72:38991
	at sun.nio.ch.SocketChannelImpl.checkConnect(Native Method)
	at sun.nio.ch.SocketChannelImpl.finishConnect(SocketChannelImpl.java:717)
	at org.apache.ratis.thirdparty.io.netty.channel.socket.nio.NioSocketChannel.doFinishConnect(NioSocketChannel.java:327)
	at org.apache.ratis.thirdparty.io.netty.channel.nio.AbstractNioChannel$AbstractNioUnsafe.finishConnect(AbstractNioChannel.java:340)
	at org.apache.ratis.thirdparty.io.netty.channel.nio.NioEventLoop.processSelectedKey(NioEventLoop.java:632)
	at org.apache.ratis.thirdparty.io.netty.channel.nio.NioEventLoop.processSelectedKeysOptimized(NioEventLoop.java:579)
	at org.apache.ratis.thirdparty.io.netty.channel.nio.NioEventLoop.processSelectedKeys(NioEventLoop.java:496)
	at org.apache.ratis.thirdparty.io.netty.channel.nio.NioEventLoop.run(NioEventLoop.java:458)
	at org.apache.ratis.thirdparty.io.netty.util.concurrent.SingleThreadEventExecutor$5.run(SingleThreadEventExecutor.java:897)
	at org.apache.ratis.thirdparty.io.netty.util.concurrent.FastThreadLocalRunnable.run(FastThreadLocalRunnable.java:30)
	... 1 more
Caused by: java.net.ConnectException: Connection refused
	... 11 more
2019-09-17 14:55:06,042 [24ee45b5-4e6b-4499-8d3c-0bcd5a303b6d@group-218101269A2C:LeaderElection27] INFO  impl.LeaderElection (LeaderElection.java:logAndReturn(56)) - 24ee45b5-4e6b-4499-8d3c-0bcd5a303b6d@group-218101269A2C:LeaderElection27: Election REJECTED; received 0 response(s) [] and 2 exception(s); 24ee45b5-4e6b-4499-8d3c-0bcd5a303b6d@group-218101269A2C:t6, leader=null, voted=24ee45b5-4e6b-4499-8d3c-0bcd5a303b6d, raftlog=24ee45b5-4e6b-4499-8d3c-0bcd5a303b6d@group-218101269A2C-SegmentedRaftLog:OPENED:c29,f29,i29, conf=17: [bbb4e265-cb6b-4caa-8b5d-65801261426c:192.168.151.72:38991, 5824bb7b-23b5-4080-8c55-4e36ce35b3ee:192.168.151.72:44174, 24ee45b5-4e6b-4499-8d3c-0bcd5a303b6d:192.168.151.72:44891], old=null
2019-09-17 14:55:06,042 [24ee45b5-4e6b-4499-8d3c-0bcd5a303b6d@group-218101269A2C:LeaderElection27] INFO  impl.LeaderElection (LogUtils.java:infoOrTrace(149)) -   Exception 0: {}
java.util.concurrent.ExecutionException: org.apache.ratis.thirdparty.io.grpc.StatusRuntimeException: UNAVAILABLE: io exception
	at java.util.concurrent.FutureTask.report(FutureTask.java:122)
	at java.util.concurrent.FutureTask.get(FutureTask.java:192)
	at org.apache.ratis.server.impl.LeaderElection.waitForResults(LeaderElection.java:263)
	at org.apache.ratis.server.impl.LeaderElection.askForVotes(LeaderElection.java:201)
	at org.apache.ratis.server.impl.LeaderElection.run(LeaderElection.java:133)
	at java.lang.Thread.run(Thread.java:748)
Caused by: org.apache.ratis.thirdparty.io.grpc.StatusRuntimeException: UNAVAILABLE: io exception
	at org.apache.ratis.thirdparty.io.grpc.stub.ClientCalls.toStatusRuntimeException(ClientCalls.java:233)
	at org.apache.ratis.thirdparty.io.grpc.stub.ClientCalls.getUnchecked(ClientCalls.java:214)
	at org.apache.ratis.thirdparty.io.grpc.stub.ClientCalls.blockingUnaryCall(ClientCalls.java:139)
	at org.apache.ratis.proto.grpc.RaftServerProtocolServiceGrpc$RaftServerProtocolServiceBlockingStub.requestVote(RaftServerProtocolServiceGrpc.java:265)
	at org.apache.ratis.grpc.server.GrpcServerProtocolClient.requestVote(GrpcServerProtocolClient.java:90)
	at org.apache.ratis.grpc.server.GrpcService.requestVote(GrpcService.java:204)
	at org.apache.ratis.server.impl.LeaderElection.lambda$submitRequests$1(LeaderElection.java:238)
	at java.util.concurrent.FutureTask.run(FutureTask.java:266)
	at java.util.concurrent.Executors$RunnableAdapter.call(Executors.java:511)
	at java.util.concurrent.FutureTask.run(FutureTask.java:266)
	at java.util.concurrent.ThreadPoolExecutor.runWorker(ThreadPoolExecutor.java:1149)
	at java.util.concurrent.ThreadPoolExecutor$Worker.run(ThreadPoolExecutor.java:624)
	... 1 more
Caused by: org.apache.ratis.thirdparty.io.netty.channel.AbstractChannel$AnnotatedConnectException: Connection refused: /192.168.151.72:44174
	at sun.nio.ch.SocketChannelImpl.checkConnect(Native Method)
	at sun.nio.ch.SocketChannelImpl.finishConnect(SocketChannelImpl.java:717)
	at org.apache.ratis.thirdparty.io.netty.channel.socket.nio.NioSocketChannel.doFinishConnect(NioSocketChannel.java:327)
	at org.apache.ratis.thirdparty.io.netty.channel.nio.AbstractNioChannel$AbstractNioUnsafe.finishConnect(AbstractNioChannel.java:340)
	at org.apache.ratis.thirdparty.io.netty.channel.nio.NioEventLoop.processSelectedKey(NioEventLoop.java:632)
	at org.apache.ratis.thirdparty.io.netty.channel.nio.NioEventLoop.processSelectedKeysOptimized(NioEventLoop.java:579)
	at org.apache.ratis.thirdparty.io.netty.channel.nio.NioEventLoop.processSelectedKeys(NioEventLoop.java:496)
	at org.apache.ratis.thirdparty.io.netty.channel.nio.NioEventLoop.run(NioEventLoop.java:458)
	at org.apache.ratis.thirdparty.io.netty.util.concurrent.SingleThreadEventExecutor$5.run(SingleThreadEventExecutor.java:897)
	at org.apache.ratis.thirdparty.io.netty.util.concurrent.FastThreadLocalRunnable.run(FastThreadLocalRunnable.java:30)
	... 1 more
Caused by: java.net.ConnectException: Connection refused
	... 11 more
2019-09-17 14:55:06,043 [24ee45b5-4e6b-4499-8d3c-0bcd5a303b6d@group-218101269A2C:LeaderElection27] INFO  impl.LeaderElection (LogUtils.java:infoOrTrace(149)) -   Exception 1: {}
java.util.concurrent.ExecutionException: org.apache.ratis.thirdparty.io.grpc.StatusRuntimeException: UNAVAILABLE: io exception
	at java.util.concurrent.FutureTask.report(FutureTask.java:122)
	at java.util.concurrent.FutureTask.get(FutureTask.java:192)
	at org.apache.ratis.server.impl.LeaderElection.waitForResults(LeaderElection.java:263)
	at org.apache.ratis.server.impl.LeaderElection.askForVotes(LeaderElection.java:201)
	at org.apache.ratis.server.impl.LeaderElection.run(LeaderElection.java:133)
	at java.lang.Thread.run(Thread.java:748)
Caused by: org.apache.ratis.thirdparty.io.grpc.StatusRuntimeException: UNAVAILABLE: io exception
	at org.apache.ratis.thirdparty.io.grpc.stub.ClientCalls.toStatusRuntimeException(ClientCalls.java:233)
	at org.apache.ratis.thirdparty.io.grpc.stub.ClientCalls.getUnchecked(ClientCalls.java:214)
	at org.apache.ratis.thirdparty.io.grpc.stub.ClientCalls.blockingUnaryCall(ClientCalls.java:139)
	at org.apache.ratis.proto.grpc.RaftServerProtocolServiceGrpc$RaftServerProtocolServiceBlockingStub.requestVote(RaftServerProtocolServiceGrpc.java:265)
	at org.apache.ratis.grpc.server.GrpcServerProtocolClient.requestVote(GrpcServerProtocolClient.java:90)
	at org.apache.ratis.grpc.server.GrpcService.requestVote(GrpcService.java:204)
	at org.apache.ratis.server.impl.LeaderElection.lambda$submitRequests$1(LeaderElection.java:238)
	at java.util.concurrent.FutureTask.run(FutureTask.java:266)
	at java.util.concurrent.Executors$RunnableAdapter.call(Executors.java:511)
	at java.util.concurrent.FutureTask.run(FutureTask.java:266)
	at java.util.concurrent.ThreadPoolExecutor.runWorker(ThreadPoolExecutor.java:1149)
	at java.util.concurrent.ThreadPoolExecutor$Worker.run(ThreadPoolExecutor.java:624)
	... 1 more
Caused by: org.apache.ratis.thirdparty.io.netty.channel.AbstractChannel$AnnotatedConnectException: Connection refused: /192.168.151.72:38991
	at sun.nio.ch.SocketChannelImpl.checkConnect(Native Method)
	at sun.nio.ch.SocketChannelImpl.finishConnect(SocketChannelImpl.java:717)
	at org.apache.ratis.thirdparty.io.netty.channel.socket.nio.NioSocketChannel.doFinishConnect(NioSocketChannel.java:327)
	at org.apache.ratis.thirdparty.io.netty.channel.nio.AbstractNioChannel$AbstractNioUnsafe.finishConnect(AbstractNioChannel.java:340)
	at org.apache.ratis.thirdparty.io.netty.channel.nio.NioEventLoop.processSelectedKey(NioEventLoop.java:632)
	at org.apache.ratis.thirdparty.io.netty.channel.nio.NioEventLoop.processSelectedKeysOptimized(NioEventLoop.java:579)
	at org.apache.ratis.thirdparty.io.netty.channel.nio.NioEventLoop.processSelectedKeys(NioEventLoop.java:496)
	at org.apache.ratis.thirdparty.io.netty.channel.nio.NioEventLoop.run(NioEventLoop.java:458)
	at org.apache.ratis.thirdparty.io.netty.util.concurrent.SingleThreadEventExecutor$5.run(SingleThreadEventExecutor.java:897)
	at org.apache.ratis.thirdparty.io.netty.util.concurrent.FastThreadLocalRunnable.run(FastThreadLocalRunnable.java:30)
	... 1 more
Caused by: java.net.ConnectException: Connection refused
	... 11 more
2019-09-17 14:55:06,044 [24ee45b5-4e6b-4499-8d3c-0bcd5a303b6d@group-218101269A2C:LeaderElection27] INFO  impl.RaftServerImpl (RaftServerImpl.java:setRole(174)) - 24ee45b5-4e6b-4499-8d3c-0bcd5a303b6d@group-218101269A2C: changes role from CANDIDATE to FOLLOWER at term 6 for DISCOVERED_A_NEW_TERM
2019-09-17 14:55:06,044 [24ee45b5-4e6b-4499-8d3c-0bcd5a303b6d@group-218101269A2C:LeaderElection27] INFO  impl.RoleInfo (RoleInfo.java:shutdownLeaderElection(134)) - 24ee45b5-4e6b-4499-8d3c-0bcd5a303b6d: shutdown LeaderElection
2019-09-17 14:55:06,044 [24ee45b5-4e6b-4499-8d3c-0bcd5a303b6d@group-218101269A2C:LeaderElection27] INFO  impl.RoleInfo (RoleInfo.java:updateAndGet(143)) - 24ee45b5-4e6b-4499-8d3c-0bcd5a303b6d: start FollowerState
2019-09-17 14:55:06,068 [Thread-1079] INFO  client.GrpcClientProtocolService (GrpcClientProtocolService.java:lambda$processClientRequest$0(278)) - Failed RaftClientRequest:client-0643CBBFECAA->24ee45b5-4e6b-4499-8d3c-0bcd5a303b6d@group-218101269A2C, cid=57, seq=0, Watch-ALL_COMMITTED(21), Message:<EMPTY>, reply=RaftClientReply:client-0643CBBFECAA->24ee45b5-4e6b-4499-8d3c-0bcd5a303b6d@group-218101269A2C, cid=57, FAILED org.apache.ratis.protocol.NotLeaderException: Server 24ee45b5-4e6b-4499-8d3c-0bcd5a303b6d@group-218101269A2C is not the leader, logIndex=0, commits[24ee45b5-4e6b-4499-8d3c-0bcd5a303b6d:c29, bbb4e265-cb6b-4caa-8b5d-65801261426c:c16, 5824bb7b-23b5-4080-8c55-4e36ce35b3ee:c29]
2019-09-17 14:55:06,072 [grpc-default-executor-2] INFO  client.GrpcClientProtocolClient (GrpcClientProtocolClient.java:onNext(264)) - client-0643CBBFECAA->24ee45b5-4e6b-4499-8d3c-0bcd5a303b6d: receive RaftClientReply:client-0643CBBFECAA->24ee45b5-4e6b-4499-8d3c-0bcd5a303b6d@group-218101269A2C, cid=57, FAILED org.apache.ratis.protocol.NotLeaderException: Server 24ee45b5-4e6b-4499-8d3c-0bcd5a303b6d@group-218101269A2C is not the leader, logIndex=0, commits[24ee45b5-4e6b-4499-8d3c-0bcd5a303b6d:c29, bbb4e265-cb6b-4caa-8b5d-65801261426c:c16, 5824bb7b-23b5-4080-8c55-4e36ce35b3ee:c29]
2019-09-17 14:55:06,384 [java.util.concurrent.ThreadPoolExecutor$Worker@1fe41ca9[State = -1, empty queue]] WARN  server.GrpcLogAppender (GrpcLogAppender.java:timeoutAppendRequest(200)) - 64dc86e1-b58a-47fa-9209-c80a04613504@group-85515DBFC7EF->0d659ca8-8d3f-4ad5-ad2a-cdb4ab88523b-GrpcLogAppender: appendEntries Timeout, request=64dc86e1-b58a-47fa-9209-c80a04613504->0d659ca8-8d3f-4ad5-ad2a-cdb4ab88523b#96-t2, previous=(t:2, i:20), leaderCommit=16, initializing? false, entries: <empty>
2019-09-17 14:55:06,388 [java.util.concurrent.ThreadPoolExecutor$Worker@486b56da[State = -1, empty queue]] WARN  server.GrpcLogAppender (GrpcLogAppender.java:timeoutAppendRequest(200)) - 64dc86e1-b58a-47fa-9209-c80a04613504@group-85515DBFC7EF->296d1e6a-4d03-4625-a926-8603881e9a06-GrpcLogAppender: appendEntries Timeout, request=64dc86e1-b58a-47fa-9209-c80a04613504->296d1e6a-4d03-4625-a926-8603881e9a06#96-t2, previous=(t:2, i:20), leaderCommit=16, initializing? false, entries: <empty>
2019-09-17 14:55:06,884 [java.util.concurrent.ThreadPoolExecutor$Worker@1fe41ca9[State = -1, empty queue]] WARN  server.GrpcLogAppender (GrpcLogAppender.java:timeoutAppendRequest(200)) - 64dc86e1-b58a-47fa-9209-c80a04613504@group-85515DBFC7EF->0d659ca8-8d3f-4ad5-ad2a-cdb4ab88523b-GrpcLogAppender: appendEntries Timeout, request=64dc86e1-b58a-47fa-9209-c80a04613504->0d659ca8-8d3f-4ad5-ad2a-cdb4ab88523b#97-t2, previous=(t:2, i:20), leaderCommit=16, initializing? false, entries: <empty>
2019-09-17 14:55:06,888 [java.util.concurrent.ThreadPoolExecutor$Worker@486b56da[State = -1, empty queue]] WARN  server.GrpcLogAppender (GrpcLogAppender.java:timeoutAppendRequest(200)) - 64dc86e1-b58a-47fa-9209-c80a04613504@group-85515DBFC7EF->296d1e6a-4d03-4625-a926-8603881e9a06-GrpcLogAppender: appendEntries Timeout, request=64dc86e1-b58a-47fa-9209-c80a04613504->296d1e6a-4d03-4625-a926-8603881e9a06#97-t2, previous=(t:2, i:20), leaderCommit=16, initializing? false, entries: <empty>
2019-09-17 14:55:07,082 [Thread-1091] INFO  client.GrpcClientProtocolService (GrpcClientProtocolService.java:lambda$processClientRequest$0(278)) - Failed RaftClientRequest:client-0643CBBFECAA->24ee45b5-4e6b-4499-8d3c-0bcd5a303b6d@group-218101269A2C, cid=57, seq=0, Watch-ALL_COMMITTED(21), Message:<EMPTY>, reply=RaftClientReply:client-0643CBBFECAA->24ee45b5-4e6b-4499-8d3c-0bcd5a303b6d@group-218101269A2C, cid=57, FAILED org.apache.ratis.protocol.NotLeaderException: Server 24ee45b5-4e6b-4499-8d3c-0bcd5a303b6d@group-218101269A2C is not the leader, logIndex=0, commits[24ee45b5-4e6b-4499-8d3c-0bcd5a303b6d:c29, bbb4e265-cb6b-4caa-8b5d-65801261426c:c16, 5824bb7b-23b5-4080-8c55-4e36ce35b3ee:c29]
2019-09-17 14:55:07,086 [grpc-default-executor-0] INFO  client.GrpcClientProtocolClient (GrpcClientProtocolClient.java:onNext(264)) - client-0643CBBFECAA->24ee45b5-4e6b-4499-8d3c-0bcd5a303b6d: receive RaftClientReply:client-0643CBBFECAA->24ee45b5-4e6b-4499-8d3c-0bcd5a303b6d@group-218101269A2C, cid=57, FAILED org.apache.ratis.protocol.NotLeaderException: Server 24ee45b5-4e6b-4499-8d3c-0bcd5a303b6d@group-218101269A2C is not the leader, logIndex=0, commits[24ee45b5-4e6b-4499-8d3c-0bcd5a303b6d:c29, bbb4e265-cb6b-4caa-8b5d-65801261426c:c16, 5824bb7b-23b5-4080-8c55-4e36ce35b3ee:c29]
2019-09-17 14:55:07,089 [Thread-1077] INFO  impl.FollowerState (FollowerState.java:run(106)) - 24ee45b5-4e6b-4499-8d3c-0bcd5a303b6d:group-218101269A2C changes to CANDIDATE, lastRpcTime:1044, electionTimeout:1043ms
2019-09-17 14:55:07,092 [Thread-1077] INFO  impl.RoleInfo (RoleInfo.java:shutdownFollowerState(121)) - 24ee45b5-4e6b-4499-8d3c-0bcd5a303b6d: shutdown FollowerState
2019-09-17 14:55:07,092 [Thread-1077] INFO  impl.RaftServerImpl (RaftServerImpl.java:setRole(174)) - 24ee45b5-4e6b-4499-8d3c-0bcd5a303b6d@group-218101269A2C: changes role from  FOLLOWER to CANDIDATE at term 6 for changeToCandidate
2019-09-17 14:55:07,097 [Thread-1077] INFO  impl.RoleInfo (RoleInfo.java:updateAndGet(143)) - 24ee45b5-4e6b-4499-8d3c-0bcd5a303b6d: start LeaderElection
2019-09-17 14:55:07,114 [24ee45b5-4e6b-4499-8d3c-0bcd5a303b6d@group-218101269A2C:LeaderElection28] INFO  impl.LeaderElection (LeaderElection.java:askForVotes(182)) - 24ee45b5-4e6b-4499-8d3c-0bcd5a303b6d@group-218101269A2C:LeaderElection28: begin an election at term 7 for 17: [bbb4e265-cb6b-4caa-8b5d-65801261426c:192.168.151.72:38991, 5824bb7b-23b5-4080-8c55-4e36ce35b3ee:192.168.151.72:44174, 24ee45b5-4e6b-4499-8d3c-0bcd5a303b6d:192.168.151.72:44891], old=null
2019-09-17 14:55:07,117 [24ee45b5-4e6b-4499-8d3c-0bcd5a303b6d@group-218101269A2C:LeaderElection28] INFO  impl.LeaderElection (LogUtils.java:infoOrTrace(149)) - 24ee45b5-4e6b-4499-8d3c-0bcd5a303b6d@group-218101269A2C:LeaderElection28 got exception when requesting votes: {}
java.util.concurrent.ExecutionException: org.apache.ratis.thirdparty.io.grpc.StatusRuntimeException: UNAVAILABLE: io exception
	at java.util.concurrent.FutureTask.report(FutureTask.java:122)
	at java.util.concurrent.FutureTask.get(FutureTask.java:192)
	at org.apache.ratis.server.impl.LeaderElection.waitForResults(LeaderElection.java:263)
	at org.apache.ratis.server.impl.LeaderElection.askForVotes(LeaderElection.java:201)
	at org.apache.ratis.server.impl.LeaderElection.run(LeaderElection.java:133)
	at java.lang.Thread.run(Thread.java:748)
Caused by: org.apache.ratis.thirdparty.io.grpc.StatusRuntimeException: UNAVAILABLE: io exception
	at org.apache.ratis.thirdparty.io.grpc.stub.ClientCalls.toStatusRuntimeException(ClientCalls.java:233)
	at org.apache.ratis.thirdparty.io.grpc.stub.ClientCalls.getUnchecked(ClientCalls.java:214)
	at org.apache.ratis.thirdparty.io.grpc.stub.ClientCalls.blockingUnaryCall(ClientCalls.java:139)
	at org.apache.ratis.proto.grpc.RaftServerProtocolServiceGrpc$RaftServerProtocolServiceBlockingStub.requestVote(RaftServerProtocolServiceGrpc.java:265)
	at org.apache.ratis.grpc.server.GrpcServerProtocolClient.requestVote(GrpcServerProtocolClient.java:90)
	at org.apache.ratis.grpc.server.GrpcService.requestVote(GrpcService.java:204)
	at org.apache.ratis.server.impl.LeaderElection.lambda$submitRequests$1(LeaderElection.java:238)
	at java.util.concurrent.FutureTask.run(FutureTask.java:266)
	at java.util.concurrent.Executors$RunnableAdapter.call(Executors.java:511)
	at java.util.concurrent.FutureTask.run(FutureTask.java:266)
	at java.util.concurrent.ThreadPoolExecutor.runWorker(ThreadPoolExecutor.java:1149)
	at java.util.concurrent.ThreadPoolExecutor$Worker.run(ThreadPoolExecutor.java:624)
	... 1 more
Caused by: org.apache.ratis.thirdparty.io.netty.channel.AbstractChannel$AnnotatedConnectException: Connection refused: /192.168.151.72:38991
	at sun.nio.ch.SocketChannelImpl.checkConnect(Native Method)
	at sun.nio.ch.SocketChannelImpl.finishConnect(SocketChannelImpl.java:717)
	at org.apache.ratis.thirdparty.io.netty.channel.socket.nio.NioSocketChannel.doFinishConnect(NioSocketChannel.java:327)
	at org.apache.ratis.thirdparty.io.netty.channel.nio.AbstractNioChannel$AbstractNioUnsafe.finishConnect(AbstractNioChannel.java:340)
	at org.apache.ratis.thirdparty.io.netty.channel.nio.NioEventLoop.processSelectedKey(NioEventLoop.java:632)
	at org.apache.ratis.thirdparty.io.netty.channel.nio.NioEventLoop.processSelectedKeysOptimized(NioEventLoop.java:579)
	at org.apache.ratis.thirdparty.io.netty.channel.nio.NioEventLoop.processSelectedKeys(NioEventLoop.java:496)
	at org.apache.ratis.thirdparty.io.netty.channel.nio.NioEventLoop.run(NioEventLoop.java:458)
	at org.apache.ratis.thirdparty.io.netty.util.concurrent.SingleThreadEventExecutor$5.run(SingleThreadEventExecutor.java:897)
	at org.apache.ratis.thirdparty.io.netty.util.concurrent.FastThreadLocalRunnable.run(FastThreadLocalRunnable.java:30)
	... 1 more
Caused by: java.net.ConnectException: Connection refused
	... 11 more
2019-09-17 14:55:07,120 [24ee45b5-4e6b-4499-8d3c-0bcd5a303b6d@group-218101269A2C:LeaderElection28] INFO  impl.LeaderElection (LogUtils.java:infoOrTrace(149)) - 24ee45b5-4e6b-4499-8d3c-0bcd5a303b6d@group-218101269A2C:LeaderElection28 got exception when requesting votes: {}
java.util.concurrent.ExecutionException: org.apache.ratis.thirdparty.io.grpc.StatusRuntimeException: UNAVAILABLE: io exception
	at java.util.concurrent.FutureTask.report(FutureTask.java:122)
	at java.util.concurrent.FutureTask.get(FutureTask.java:192)
	at org.apache.ratis.server.impl.LeaderElection.waitForResults(LeaderElection.java:263)
	at org.apache.ratis.server.impl.LeaderElection.askForVotes(LeaderElection.java:201)
	at org.apache.ratis.server.impl.LeaderElection.run(LeaderElection.java:133)
	at java.lang.Thread.run(Thread.java:748)
Caused by: org.apache.ratis.thirdparty.io.grpc.StatusRuntimeException: UNAVAILABLE: io exception
	at org.apache.ratis.thirdparty.io.grpc.stub.ClientCalls.toStatusRuntimeException(ClientCalls.java:233)
	at org.apache.ratis.thirdparty.io.grpc.stub.ClientCalls.getUnchecked(ClientCalls.java:214)
	at org.apache.ratis.thirdparty.io.grpc.stub.ClientCalls.blockingUnaryCall(ClientCalls.java:139)
	at org.apache.ratis.proto.grpc.RaftServerProtocolServiceGrpc$RaftServerProtocolServiceBlockingStub.requestVote(RaftServerProtocolServiceGrpc.java:265)
	at org.apache.ratis.grpc.server.GrpcServerProtocolClient.requestVote(GrpcServerProtocolClient.java:90)
	at org.apache.ratis.grpc.server.GrpcService.requestVote(GrpcService.java:204)
	at org.apache.ratis.server.impl.LeaderElection.lambda$submitRequests$1(LeaderElection.java:238)
	at java.util.concurrent.FutureTask.run(FutureTask.java:266)
	at java.util.concurrent.Executors$RunnableAdapter.call(Executors.java:511)
	at java.util.concurrent.FutureTask.run(FutureTask.java:266)
	at java.util.concurrent.ThreadPoolExecutor.runWorker(ThreadPoolExecutor.java:1149)
	at java.util.concurrent.ThreadPoolExecutor$Worker.run(ThreadPoolExecutor.java:624)
	... 1 more
Caused by: org.apache.ratis.thirdparty.io.netty.channel.AbstractChannel$AnnotatedConnectException: Connection refused: /192.168.151.72:44174
	at sun.nio.ch.SocketChannelImpl.checkConnect(Native Method)
	at sun.nio.ch.SocketChannelImpl.finishConnect(SocketChannelImpl.java:717)
	at org.apache.ratis.thirdparty.io.netty.channel.socket.nio.NioSocketChannel.doFinishConnect(NioSocketChannel.java:327)
	at org.apache.ratis.thirdparty.io.netty.channel.nio.AbstractNioChannel$AbstractNioUnsafe.finishConnect(AbstractNioChannel.java:340)
	at org.apache.ratis.thirdparty.io.netty.channel.nio.NioEventLoop.processSelectedKey(NioEventLoop.java:632)
	at org.apache.ratis.thirdparty.io.netty.channel.nio.NioEventLoop.processSelectedKeysOptimized(NioEventLoop.java:579)
	at org.apache.ratis.thirdparty.io.netty.channel.nio.NioEventLoop.processSelectedKeys(NioEventLoop.java:496)
	at org.apache.ratis.thirdparty.io.netty.channel.nio.NioEventLoop.run(NioEventLoop.java:458)
	at org.apache.ratis.thirdparty.io.netty.util.concurrent.SingleThreadEventExecutor$5.run(SingleThreadEventExecutor.java:897)
	at org.apache.ratis.thirdparty.io.netty.util.concurrent.FastThreadLocalRunnable.run(FastThreadLocalRunnable.java:30)
	... 1 more
Caused by: java.net.ConnectException: Connection refused
	... 11 more
2019-09-17 14:55:07,123 [24ee45b5-4e6b-4499-8d3c-0bcd5a303b6d@group-218101269A2C:LeaderElection28] INFO  impl.LeaderElection (LeaderElection.java:logAndReturn(56)) - 24ee45b5-4e6b-4499-8d3c-0bcd5a303b6d@group-218101269A2C:LeaderElection28: Election REJECTED; received 0 response(s) [] and 2 exception(s); 24ee45b5-4e6b-4499-8d3c-0bcd5a303b6d@group-218101269A2C:t7, leader=null, voted=24ee45b5-4e6b-4499-8d3c-0bcd5a303b6d, raftlog=24ee45b5-4e6b-4499-8d3c-0bcd5a303b6d@group-218101269A2C-SegmentedRaftLog:OPENED:c29,f29,i29, conf=17: [bbb4e265-cb6b-4caa-8b5d-65801261426c:192.168.151.72:38991, 5824bb7b-23b5-4080-8c55-4e36ce35b3ee:192.168.151.72:44174, 24ee45b5-4e6b-4499-8d3c-0bcd5a303b6d:192.168.151.72:44891], old=null
2019-09-17 14:55:07,124 [24ee45b5-4e6b-4499-8d3c-0bcd5a303b6d@group-218101269A2C:LeaderElection28] INFO  impl.LeaderElection (LogUtils.java:infoOrTrace(149)) -   Exception 0: {}
java.util.concurrent.ExecutionException: org.apache.ratis.thirdparty.io.grpc.StatusRuntimeException: UNAVAILABLE: io exception
	at java.util.concurrent.FutureTask.report(FutureTask.java:122)
	at java.util.concurrent.FutureTask.get(FutureTask.java:192)
	at org.apache.ratis.server.impl.LeaderElection.waitForResults(LeaderElection.java:263)
	at org.apache.ratis.server.impl.LeaderElection.askForVotes(LeaderElection.java:201)
	at org.apache.ratis.server.impl.LeaderElection.run(LeaderElection.java:133)
	at java.lang.Thread.run(Thread.java:748)
Caused by: org.apache.ratis.thirdparty.io.grpc.StatusRuntimeException: UNAVAILABLE: io exception
	at org.apache.ratis.thirdparty.io.grpc.stub.ClientCalls.toStatusRuntimeException(ClientCalls.java:233)
	at org.apache.ratis.thirdparty.io.grpc.stub.ClientCalls.getUnchecked(ClientCalls.java:214)
	at org.apache.ratis.thirdparty.io.grpc.stub.ClientCalls.blockingUnaryCall(ClientCalls.java:139)
	at org.apache.ratis.proto.grpc.RaftServerProtocolServiceGrpc$RaftServerProtocolServiceBlockingStub.requestVote(RaftServerProtocolServiceGrpc.java:265)
	at org.apache.ratis.grpc.server.GrpcServerProtocolClient.requestVote(GrpcServerProtocolClient.java:90)
	at org.apache.ratis.grpc.server.GrpcService.requestVote(GrpcService.java:204)
	at org.apache.ratis.server.impl.LeaderElection.lambda$submitRequests$1(LeaderElection.java:238)
	at java.util.concurrent.FutureTask.run(FutureTask.java:266)
	at java.util.concurrent.Executors$RunnableAdapter.call(Executors.java:511)
	at java.util.concurrent.FutureTask.run(FutureTask.java:266)
	at java.util.concurrent.ThreadPoolExecutor.runWorker(ThreadPoolExecutor.java:1149)
	at java.util.concurrent.ThreadPoolExecutor$Worker.run(ThreadPoolExecutor.java:624)
	... 1 more
Caused by: org.apache.ratis.thirdparty.io.netty.channel.AbstractChannel$AnnotatedConnectException: Connection refused: /192.168.151.72:38991
	at sun.nio.ch.SocketChannelImpl.checkConnect(Native Method)
	at sun.nio.ch.SocketChannelImpl.finishConnect(SocketChannelImpl.java:717)
	at org.apache.ratis.thirdparty.io.netty.channel.socket.nio.NioSocketChannel.doFinishConnect(NioSocketChannel.java:327)
	at org.apache.ratis.thirdparty.io.netty.channel.nio.AbstractNioChannel$AbstractNioUnsafe.finishConnect(AbstractNioChannel.java:340)
	at org.apache.ratis.thirdparty.io.netty.channel.nio.NioEventLoop.processSelectedKey(NioEventLoop.java:632)
	at org.apache.ratis.thirdparty.io.netty.channel.nio.NioEventLoop.processSelectedKeysOptimized(NioEventLoop.java:579)
	at org.apache.ratis.thirdparty.io.netty.channel.nio.NioEventLoop.processSelectedKeys(NioEventLoop.java:496)
	at org.apache.ratis.thirdparty.io.netty.channel.nio.NioEventLoop.run(NioEventLoop.java:458)
	at org.apache.ratis.thirdparty.io.netty.util.concurrent.SingleThreadEventExecutor$5.run(SingleThreadEventExecutor.java:897)
	at org.apache.ratis.thirdparty.io.netty.util.concurrent.FastThreadLocalRunnable.run(FastThreadLocalRunnable.java:30)
	... 1 more
Caused by: java.net.ConnectException: Connection refused
	... 11 more
2019-09-17 14:55:07,124 [24ee45b5-4e6b-4499-8d3c-0bcd5a303b6d@group-218101269A2C:LeaderElection28] INFO  impl.LeaderElection (LogUtils.java:infoOrTrace(149)) -   Exception 1: {}
java.util.concurrent.ExecutionException: org.apache.ratis.thirdparty.io.grpc.StatusRuntimeException: UNAVAILABLE: io exception
	at java.util.concurrent.FutureTask.report(FutureTask.java:122)
	at java.util.concurrent.FutureTask.get(FutureTask.java:192)
	at org.apache.ratis.server.impl.LeaderElection.waitForResults(LeaderElection.java:263)
	at org.apache.ratis.server.impl.LeaderElection.askForVotes(LeaderElection.java:201)
	at org.apache.ratis.server.impl.LeaderElection.run(LeaderElection.java:133)
	at java.lang.Thread.run(Thread.java:748)
Caused by: org.apache.ratis.thirdparty.io.grpc.StatusRuntimeException: UNAVAILABLE: io exception
	at org.apache.ratis.thirdparty.io.grpc.stub.ClientCalls.toStatusRuntimeException(ClientCalls.java:233)
	at org.apache.ratis.thirdparty.io.grpc.stub.ClientCalls.getUnchecked(ClientCalls.java:214)
	at org.apache.ratis.thirdparty.io.grpc.stub.ClientCalls.blockingUnaryCall(ClientCalls.java:139)
	at org.apache.ratis.proto.grpc.RaftServerProtocolServiceGrpc$RaftServerProtocolServiceBlockingStub.requestVote(RaftServerProtocolServiceGrpc.java:265)
	at org.apache.ratis.grpc.server.GrpcServerProtocolClient.requestVote(GrpcServerProtocolClient.java:90)
	at org.apache.ratis.grpc.server.GrpcService.requestVote(GrpcService.java:204)
	at org.apache.ratis.server.impl.LeaderElection.lambda$submitRequests$1(LeaderElection.java:238)
	at java.util.concurrent.FutureTask.run(FutureTask.java:266)
	at java.util.concurrent.Executors$RunnableAdapter.call(Executors.java:511)
	at java.util.concurrent.FutureTask.run(FutureTask.java:266)
	at java.util.concurrent.ThreadPoolExecutor.runWorker(ThreadPoolExecutor.java:1149)
	at java.util.concurrent.ThreadPoolExecutor$Worker.run(ThreadPoolExecutor.java:624)
	... 1 more
Caused by: org.apache.ratis.thirdparty.io.netty.channel.AbstractChannel$AnnotatedConnectException: Connection refused: /192.168.151.72:44174
	at sun.nio.ch.SocketChannelImpl.checkConnect(Native Method)
	at sun.nio.ch.SocketChannelImpl.finishConnect(SocketChannelImpl.java:717)
	at org.apache.ratis.thirdparty.io.netty.channel.socket.nio.NioSocketChannel.doFinishConnect(NioSocketChannel.java:327)
	at org.apache.ratis.thirdparty.io.netty.channel.nio.AbstractNioChannel$AbstractNioUnsafe.finishConnect(AbstractNioChannel.java:340)
	at org.apache.ratis.thirdparty.io.netty.channel.nio.NioEventLoop.processSelectedKey(NioEventLoop.java:632)
	at org.apache.ratis.thirdparty.io.netty.channel.nio.NioEventLoop.processSelectedKeysOptimized(NioEventLoop.java:579)
	at org.apache.ratis.thirdparty.io.netty.channel.nio.NioEventLoop.processSelectedKeys(NioEventLoop.java:496)
	at org.apache.ratis.thirdparty.io.netty.channel.nio.NioEventLoop.run(NioEventLoop.java:458)
	at org.apache.ratis.thirdparty.io.netty.util.concurrent.SingleThreadEventExecutor$5.run(SingleThreadEventExecutor.java:897)
	at org.apache.ratis.thirdparty.io.netty.util.concurrent.FastThreadLocalRunnable.run(FastThreadLocalRunnable.java:30)
	... 1 more
Caused by: java.net.ConnectException: Connection refused
	... 11 more
2019-09-17 14:55:07,124 [24ee45b5-4e6b-4499-8d3c-0bcd5a303b6d@group-218101269A2C:LeaderElection28] INFO  impl.RaftServerImpl (RaftServerImpl.java:setRole(174)) - 24ee45b5-4e6b-4499-8d3c-0bcd5a303b6d@group-218101269A2C: changes role from CANDIDATE to FOLLOWER at term 7 for DISCOVERED_A_NEW_TERM
2019-09-17 14:55:07,125 [24ee45b5-4e6b-4499-8d3c-0bcd5a303b6d@group-218101269A2C:LeaderElection28] INFO  impl.RoleInfo (RoleInfo.java:shutdownLeaderElection(134)) - 24ee45b5-4e6b-4499-8d3c-0bcd5a303b6d: shutdown LeaderElection
2019-09-17 14:55:07,125 [24ee45b5-4e6b-4499-8d3c-0bcd5a303b6d@group-218101269A2C:LeaderElection28] INFO  impl.RoleInfo (RoleInfo.java:updateAndGet(143)) - 24ee45b5-4e6b-4499-8d3c-0bcd5a303b6d: start FollowerState
2019-09-17 14:55:07,385 [java.util.concurrent.ThreadPoolExecutor$Worker@1fe41ca9[State = -1, empty queue]] WARN  server.GrpcLogAppender (GrpcLogAppender.java:timeoutAppendRequest(200)) - 64dc86e1-b58a-47fa-9209-c80a04613504@group-85515DBFC7EF->0d659ca8-8d3f-4ad5-ad2a-cdb4ab88523b-GrpcLogAppender: appendEntries Timeout, request=64dc86e1-b58a-47fa-9209-c80a04613504->0d659ca8-8d3f-4ad5-ad2a-cdb4ab88523b#98-t2, previous=(t:2, i:20), leaderCommit=16, initializing? false, entries: <empty>
2019-09-17 14:55:07,389 [java.util.concurrent.ThreadPoolExecutor$Worker@486b56da[State = -1, empty queue]] WARN  server.GrpcLogAppender (GrpcLogAppender.java:timeoutAppendRequest(200)) - 64dc86e1-b58a-47fa-9209-c80a04613504@group-85515DBFC7EF->296d1e6a-4d03-4625-a926-8603881e9a06-GrpcLogAppender: appendEntries Timeout, request=64dc86e1-b58a-47fa-9209-c80a04613504->296d1e6a-4d03-4625-a926-8603881e9a06#98-t2, previous=(t:2, i:20), leaderCommit=16, initializing? false, entries: <empty>
2019-09-17 14:55:07,885 [java.util.concurrent.ThreadPoolExecutor$Worker@1fe41ca9[State = -1, empty queue]] WARN  server.GrpcLogAppender (GrpcLogAppender.java:timeoutAppendRequest(200)) - 64dc86e1-b58a-47fa-9209-c80a04613504@group-85515DBFC7EF->0d659ca8-8d3f-4ad5-ad2a-cdb4ab88523b-GrpcLogAppender: appendEntries Timeout, request=64dc86e1-b58a-47fa-9209-c80a04613504->0d659ca8-8d3f-4ad5-ad2a-cdb4ab88523b#99-t2, previous=(t:2, i:20), leaderCommit=16, initializing? false, entries: <empty>
2019-09-17 14:55:07,889 [java.util.concurrent.ThreadPoolExecutor$Worker@486b56da[State = -1, empty queue]] WARN  server.GrpcLogAppender (GrpcLogAppender.java:timeoutAppendRequest(200)) - 64dc86e1-b58a-47fa-9209-c80a04613504@group-85515DBFC7EF->296d1e6a-4d03-4625-a926-8603881e9a06-GrpcLogAppender: appendEntries Timeout, request=64dc86e1-b58a-47fa-9209-c80a04613504->296d1e6a-4d03-4625-a926-8603881e9a06#99-t2, previous=(t:2, i:20), leaderCommit=16, initializing? false, entries: <empty>
2019-09-17 14:55:08,141 [Thread-1096] INFO  impl.FollowerState (FollowerState.java:run(106)) - 24ee45b5-4e6b-4499-8d3c-0bcd5a303b6d:group-218101269A2C changes to CANDIDATE, lastRpcTime:1016, electionTimeout:1016ms
2019-09-17 14:55:08,142 [Thread-1096] INFO  impl.RoleInfo (RoleInfo.java:shutdownFollowerState(121)) - 24ee45b5-4e6b-4499-8d3c-0bcd5a303b6d: shutdown FollowerState
2019-09-17 14:55:08,142 [Thread-1096] INFO  impl.RaftServerImpl (RaftServerImpl.java:setRole(174)) - 24ee45b5-4e6b-4499-8d3c-0bcd5a303b6d@group-218101269A2C: changes role from  FOLLOWER to CANDIDATE at term 7 for changeToCandidate
2019-09-17 14:55:08,142 [Thread-1096] INFO  impl.RoleInfo (RoleInfo.java:updateAndGet(143)) - 24ee45b5-4e6b-4499-8d3c-0bcd5a303b6d: start LeaderElection
2019-09-17 14:55:08,174 [24ee45b5-4e6b-4499-8d3c-0bcd5a303b6d@group-218101269A2C:LeaderElection29] INFO  impl.LeaderElection (LeaderElection.java:askForVotes(182)) - 24ee45b5-4e6b-4499-8d3c-0bcd5a303b6d@group-218101269A2C:LeaderElection29: begin an election at term 8 for 17: [bbb4e265-cb6b-4caa-8b5d-65801261426c:192.168.151.72:38991, 5824bb7b-23b5-4080-8c55-4e36ce35b3ee:192.168.151.72:44174, 24ee45b5-4e6b-4499-8d3c-0bcd5a303b6d:192.168.151.72:44891], old=null
2019-09-17 14:55:08,175 [24ee45b5-4e6b-4499-8d3c-0bcd5a303b6d@group-218101269A2C:LeaderElection29] INFO  impl.LeaderElection (LogUtils.java:infoOrTrace(149)) - 24ee45b5-4e6b-4499-8d3c-0bcd5a303b6d@group-218101269A2C:LeaderElection29 got exception when requesting votes: {}
java.util.concurrent.ExecutionException: org.apache.ratis.thirdparty.io.grpc.StatusRuntimeException: UNAVAILABLE: io exception
	at java.util.concurrent.FutureTask.report(FutureTask.java:122)
	at java.util.concurrent.FutureTask.get(FutureTask.java:192)
	at org.apache.ratis.server.impl.LeaderElection.waitForResults(LeaderElection.java:263)
	at org.apache.ratis.server.impl.LeaderElection.askForVotes(LeaderElection.java:201)
	at org.apache.ratis.server.impl.LeaderElection.run(LeaderElection.java:133)
	at java.lang.Thread.run(Thread.java:748)
Caused by: org.apache.ratis.thirdparty.io.grpc.StatusRuntimeException: UNAVAILABLE: io exception
	at org.apache.ratis.thirdparty.io.grpc.stub.ClientCalls.toStatusRuntimeException(ClientCalls.java:233)
	at org.apache.ratis.thirdparty.io.grpc.stub.ClientCalls.getUnchecked(ClientCalls.java:214)
	at org.apache.ratis.thirdparty.io.grpc.stub.ClientCalls.blockingUnaryCall(ClientCalls.java:139)
	at org.apache.ratis.proto.grpc.RaftServerProtocolServiceGrpc$RaftServerProtocolServiceBlockingStub.requestVote(RaftServerProtocolServiceGrpc.java:265)
	at org.apache.ratis.grpc.server.GrpcServerProtocolClient.requestVote(GrpcServerProtocolClient.java:90)
	at org.apache.ratis.grpc.server.GrpcService.requestVote(GrpcService.java:204)
	at org.apache.ratis.server.impl.LeaderElection.lambda$submitRequests$1(LeaderElection.java:238)
	at java.util.concurrent.FutureTask.run(FutureTask.java:266)
	at java.util.concurrent.Executors$RunnableAdapter.call(Executors.java:511)
	at java.util.concurrent.FutureTask.run(FutureTask.java:266)
	at java.util.concurrent.ThreadPoolExecutor.runWorker(ThreadPoolExecutor.java:1149)
	at java.util.concurrent.ThreadPoolExecutor$Worker.run(ThreadPoolExecutor.java:624)
	... 1 more
Caused by: org.apache.ratis.thirdparty.io.netty.channel.AbstractChannel$AnnotatedConnectException: Connection refused: /192.168.151.72:38991
	at sun.nio.ch.SocketChannelImpl.checkConnect(Native Method)
	at sun.nio.ch.SocketChannelImpl.finishConnect(SocketChannelImpl.java:717)
	at org.apache.ratis.thirdparty.io.netty.channel.socket.nio.NioSocketChannel.doFinishConnect(NioSocketChannel.java:327)
	at org.apache.ratis.thirdparty.io.netty.channel.nio.AbstractNioChannel$AbstractNioUnsafe.finishConnect(AbstractNioChannel.java:340)
	at org.apache.ratis.thirdparty.io.netty.channel.nio.NioEventLoop.processSelectedKey(NioEventLoop.java:632)
	at org.apache.ratis.thirdparty.io.netty.channel.nio.NioEventLoop.processSelectedKeysOptimized(NioEventLoop.java:579)
	at org.apache.ratis.thirdparty.io.netty.channel.nio.NioEventLoop.processSelectedKeys(NioEventLoop.java:496)
	at org.apache.ratis.thirdparty.io.netty.channel.nio.NioEventLoop.run(NioEventLoop.java:458)
	at org.apache.ratis.thirdparty.io.netty.util.concurrent.SingleThreadEventExecutor$5.run(SingleThreadEventExecutor.java:897)
	at org.apache.ratis.thirdparty.io.netty.util.concurrent.FastThreadLocalRunnable.run(FastThreadLocalRunnable.java:30)
	... 1 more
Caused by: java.net.ConnectException: Connection refused
	... 11 more
2019-09-17 14:55:08,178 [24ee45b5-4e6b-4499-8d3c-0bcd5a303b6d@group-218101269A2C:LeaderElection29] INFO  impl.LeaderElection (LogUtils.java:infoOrTrace(149)) - 24ee45b5-4e6b-4499-8d3c-0bcd5a303b6d@group-218101269A2C:LeaderElection29 got exception when requesting votes: {}
java.util.concurrent.ExecutionException: org.apache.ratis.thirdparty.io.grpc.StatusRuntimeException: UNAVAILABLE: io exception
	at java.util.concurrent.FutureTask.report(FutureTask.java:122)
	at java.util.concurrent.FutureTask.get(FutureTask.java:192)
	at org.apache.ratis.server.impl.LeaderElection.waitForResults(LeaderElection.java:263)
	at org.apache.ratis.server.impl.LeaderElection.askForVotes(LeaderElection.java:201)
	at org.apache.ratis.server.impl.LeaderElection.run(LeaderElection.java:133)
	at java.lang.Thread.run(Thread.java:748)
Caused by: org.apache.ratis.thirdparty.io.grpc.StatusRuntimeException: UNAVAILABLE: io exception
	at org.apache.ratis.thirdparty.io.grpc.stub.ClientCalls.toStatusRuntimeException(ClientCalls.java:233)
	at org.apache.ratis.thirdparty.io.grpc.stub.ClientCalls.getUnchecked(ClientCalls.java:214)
	at org.apache.ratis.thirdparty.io.grpc.stub.ClientCalls.blockingUnaryCall(ClientCalls.java:139)
	at org.apache.ratis.proto.grpc.RaftServerProtocolServiceGrpc$RaftServerProtocolServiceBlockingStub.requestVote(RaftServerProtocolServiceGrpc.java:265)
	at org.apache.ratis.grpc.server.GrpcServerProtocolClient.requestVote(GrpcServerProtocolClient.java:90)
	at org.apache.ratis.grpc.server.GrpcService.requestVote(GrpcService.java:204)
	at org.apache.ratis.server.impl.LeaderElection.lambda$submitRequests$1(LeaderElection.java:238)
	at java.util.concurrent.FutureTask.run(FutureTask.java:266)
	at java.util.concurrent.Executors$RunnableAdapter.call(Executors.java:511)
	at java.util.concurrent.FutureTask.run(FutureTask.java:266)
	at java.util.concurrent.ThreadPoolExecutor.runWorker(ThreadPoolExecutor.java:1149)
	at java.util.concurrent.ThreadPoolExecutor$Worker.run(ThreadPoolExecutor.java:624)
	... 1 more
Caused by: org.apache.ratis.thirdparty.io.netty.channel.AbstractChannel$AnnotatedConnectException: Connection refused: /192.168.151.72:44174
	at sun.nio.ch.SocketChannelImpl.checkConnect(Native Method)
	at sun.nio.ch.SocketChannelImpl.finishConnect(SocketChannelImpl.java:717)
	at org.apache.ratis.thirdparty.io.netty.channel.socket.nio.NioSocketChannel.doFinishConnect(NioSocketChannel.java:327)
	at org.apache.ratis.thirdparty.io.netty.channel.nio.AbstractNioChannel$AbstractNioUnsafe.finishConnect(AbstractNioChannel.java:340)
	at org.apache.ratis.thirdparty.io.netty.channel.nio.NioEventLoop.processSelectedKey(NioEventLoop.java:632)
	at org.apache.ratis.thirdparty.io.netty.channel.nio.NioEventLoop.processSelectedKeysOptimized(NioEventLoop.java:579)
	at org.apache.ratis.thirdparty.io.netty.channel.nio.NioEventLoop.processSelectedKeys(NioEventLoop.java:496)
	at org.apache.ratis.thirdparty.io.netty.channel.nio.NioEventLoop.run(NioEventLoop.java:458)
	at org.apache.ratis.thirdparty.io.netty.util.concurrent.SingleThreadEventExecutor$5.run(SingleThreadEventExecutor.java:897)
	at org.apache.ratis.thirdparty.io.netty.util.concurrent.FastThreadLocalRunnable.run(FastThreadLocalRunnable.java:30)
	... 1 more
Caused by: java.net.ConnectException: Connection refused
	... 11 more
2019-09-17 14:55:08,180 [24ee45b5-4e6b-4499-8d3c-0bcd5a303b6d@group-218101269A2C:LeaderElection29] INFO  impl.LeaderElection (LeaderElection.java:logAndReturn(56)) - 24ee45b5-4e6b-4499-8d3c-0bcd5a303b6d@group-218101269A2C:LeaderElection29: Election REJECTED; received 0 response(s) [] and 2 exception(s); 24ee45b5-4e6b-4499-8d3c-0bcd5a303b6d@group-218101269A2C:t8, leader=null, voted=24ee45b5-4e6b-4499-8d3c-0bcd5a303b6d, raftlog=24ee45b5-4e6b-4499-8d3c-0bcd5a303b6d@group-218101269A2C-SegmentedRaftLog:OPENED:c29,f29,i29, conf=17: [bbb4e265-cb6b-4caa-8b5d-65801261426c:192.168.151.72:38991, 5824bb7b-23b5-4080-8c55-4e36ce35b3ee:192.168.151.72:44174, 24ee45b5-4e6b-4499-8d3c-0bcd5a303b6d:192.168.151.72:44891], old=null
2019-09-17 14:55:08,180 [24ee45b5-4e6b-4499-8d3c-0bcd5a303b6d@group-218101269A2C:LeaderElection29] INFO  impl.LeaderElection (LogUtils.java:infoOrTrace(149)) -   Exception 0: {}
java.util.concurrent.ExecutionException: org.apache.ratis.thirdparty.io.grpc.StatusRuntimeException: UNAVAILABLE: io exception
	at java.util.concurrent.FutureTask.report(FutureTask.java:122)
	at java.util.concurrent.FutureTask.get(FutureTask.java:192)
	at org.apache.ratis.server.impl.LeaderElection.waitForResults(LeaderElection.java:263)
	at org.apache.ratis.server.impl.LeaderElection.askForVotes(LeaderElection.java:201)
	at org.apache.ratis.server.impl.LeaderElection.run(LeaderElection.java:133)
	at java.lang.Thread.run(Thread.java:748)
Caused by: org.apache.ratis.thirdparty.io.grpc.StatusRuntimeException: UNAVAILABLE: io exception
	at org.apache.ratis.thirdparty.io.grpc.stub.ClientCalls.toStatusRuntimeException(ClientCalls.java:233)
	at org.apache.ratis.thirdparty.io.grpc.stub.ClientCalls.getUnchecked(ClientCalls.java:214)
	at org.apache.ratis.thirdparty.io.grpc.stub.ClientCalls.blockingUnaryCall(ClientCalls.java:139)
	at org.apache.ratis.proto.grpc.RaftServerProtocolServiceGrpc$RaftServerProtocolServiceBlockingStub.requestVote(RaftServerProtocolServiceGrpc.java:265)
	at org.apache.ratis.grpc.server.GrpcServerProtocolClient.requestVote(GrpcServerProtocolClient.java:90)
	at org.apache.ratis.grpc.server.GrpcService.requestVote(GrpcService.java:204)
	at org.apache.ratis.server.impl.LeaderElection.lambda$submitRequests$1(LeaderElection.java:238)
	at java.util.concurrent.FutureTask.run(FutureTask.java:266)
	at java.util.concurrent.Executors$RunnableAdapter.call(Executors.java:511)
	at java.util.concurrent.FutureTask.run(FutureTask.java:266)
	at java.util.concurrent.ThreadPoolExecutor.runWorker(ThreadPoolExecutor.java:1149)
	at java.util.concurrent.ThreadPoolExecutor$Worker.run(ThreadPoolExecutor.java:624)
	... 1 more
Caused by: org.apache.ratis.thirdparty.io.netty.channel.AbstractChannel$AnnotatedConnectException: Connection refused: /192.168.151.72:38991
	at sun.nio.ch.SocketChannelImpl.checkConnect(Native Method)
	at sun.nio.ch.SocketChannelImpl.finishConnect(SocketChannelImpl.java:717)
	at org.apache.ratis.thirdparty.io.netty.channel.socket.nio.NioSocketChannel.doFinishConnect(NioSocketChannel.java:327)
	at org.apache.ratis.thirdparty.io.netty.channel.nio.AbstractNioChannel$AbstractNioUnsafe.finishConnect(AbstractNioChannel.java:340)
	at org.apache.ratis.thirdparty.io.netty.channel.nio.NioEventLoop.processSelectedKey(NioEventLoop.java:632)
	at org.apache.ratis.thirdparty.io.netty.channel.nio.NioEventLoop.processSelectedKeysOptimized(NioEventLoop.java:579)
	at org.apache.ratis.thirdparty.io.netty.channel.nio.NioEventLoop.processSelectedKeys(NioEventLoop.java:496)
	at org.apache.ratis.thirdparty.io.netty.channel.nio.NioEventLoop.run(NioEventLoop.java:458)
	at org.apache.ratis.thirdparty.io.netty.util.concurrent.SingleThreadEventExecutor$5.run(SingleThreadEventExecutor.java:897)
	at org.apache.ratis.thirdparty.io.netty.util.concurrent.FastThreadLocalRunnable.run(FastThreadLocalRunnable.java:30)
	... 1 more
Caused by: java.net.ConnectException: Connection refused
	... 11 more
2019-09-17 14:55:08,181 [24ee45b5-4e6b-4499-8d3c-0bcd5a303b6d@group-218101269A2C:LeaderElection29] INFO  impl.LeaderElection (LogUtils.java:infoOrTrace(149)) -   Exception 1: {}
java.util.concurrent.ExecutionException: org.apache.ratis.thirdparty.io.grpc.StatusRuntimeException: UNAVAILABLE: io exception
	at java.util.concurrent.FutureTask.report(FutureTask.java:122)
	at java.util.concurrent.FutureTask.get(FutureTask.java:192)
	at org.apache.ratis.server.impl.LeaderElection.waitForResults(LeaderElection.java:263)
	at org.apache.ratis.server.impl.LeaderElection.askForVotes(LeaderElection.java:201)
	at org.apache.ratis.server.impl.LeaderElection.run(LeaderElection.java:133)
	at java.lang.Thread.run(Thread.java:748)
Caused by: org.apache.ratis.thirdparty.io.grpc.StatusRuntimeException: UNAVAILABLE: io exception
	at org.apache.ratis.thirdparty.io.grpc.stub.ClientCalls.toStatusRuntimeException(ClientCalls.java:233)
	at org.apache.ratis.thirdparty.io.grpc.stub.ClientCalls.getUnchecked(ClientCalls.java:214)
	at org.apache.ratis.thirdparty.io.grpc.stub.ClientCalls.blockingUnaryCall(ClientCalls.java:139)
	at org.apache.ratis.proto.grpc.RaftServerProtocolServiceGrpc$RaftServerProtocolServiceBlockingStub.requestVote(RaftServerProtocolServiceGrpc.java:265)
	at org.apache.ratis.grpc.server.GrpcServerProtocolClient.requestVote(GrpcServerProtocolClient.java:90)
	at org.apache.ratis.grpc.server.GrpcService.requestVote(GrpcService.java:204)
	at org.apache.ratis.server.impl.LeaderElection.lambda$submitRequests$1(LeaderElection.java:238)
	at java.util.concurrent.FutureTask.run(FutureTask.java:266)
	at java.util.concurrent.Executors$RunnableAdapter.call(Executors.java:511)
	at java.util.concurrent.FutureTask.run(FutureTask.java:266)
	at java.util.concurrent.ThreadPoolExecutor.runWorker(ThreadPoolExecutor.java:1149)
	at java.util.concurrent.ThreadPoolExecutor$Worker.run(ThreadPoolExecutor.java:624)
	... 1 more
Caused by: org.apache.ratis.thirdparty.io.netty.channel.AbstractChannel$AnnotatedConnectException: Connection refused: /192.168.151.72:44174
	at sun.nio.ch.SocketChannelImpl.checkConnect(Native Method)
	at sun.nio.ch.SocketChannelImpl.finishConnect(SocketChannelImpl.java:717)
	at org.apache.ratis.thirdparty.io.netty.channel.socket.nio.NioSocketChannel.doFinishConnect(NioSocketChannel.java:327)
	at org.apache.ratis.thirdparty.io.netty.channel.nio.AbstractNioChannel$AbstractNioUnsafe.finishConnect(AbstractNioChannel.java:340)
	at org.apache.ratis.thirdparty.io.netty.channel.nio.NioEventLoop.processSelectedKey(NioEventLoop.java:632)
	at org.apache.ratis.thirdparty.io.netty.channel.nio.NioEventLoop.processSelectedKeysOptimized(NioEventLoop.java:579)
	at org.apache.ratis.thirdparty.io.netty.channel.nio.NioEventLoop.processSelectedKeys(NioEventLoop.java:496)
	at org.apache.ratis.thirdparty.io.netty.channel.nio.NioEventLoop.run(NioEventLoop.java:458)
	at org.apache.ratis.thirdparty.io.netty.util.concurrent.SingleThreadEventExecutor$5.run(SingleThreadEventExecutor.java:897)
	at org.apache.ratis.thirdparty.io.netty.util.concurrent.FastThreadLocalRunnable.run(FastThreadLocalRunnable.java:30)
	... 1 more
Caused by: java.net.ConnectException: Connection refused
	... 11 more
2019-09-17 14:55:08,181 [24ee45b5-4e6b-4499-8d3c-0bcd5a303b6d@group-218101269A2C:LeaderElection29] INFO  impl.RaftServerImpl (RaftServerImpl.java:setRole(174)) - 24ee45b5-4e6b-4499-8d3c-0bcd5a303b6d@group-218101269A2C: changes role from CANDIDATE to FOLLOWER at term 8 for DISCOVERED_A_NEW_TERM
2019-09-17 14:55:08,181 [24ee45b5-4e6b-4499-8d3c-0bcd5a303b6d@group-218101269A2C:LeaderElection29] INFO  impl.RoleInfo (RoleInfo.java:shutdownLeaderElection(134)) - 24ee45b5-4e6b-4499-8d3c-0bcd5a303b6d: shutdown LeaderElection
2019-09-17 14:55:08,182 [24ee45b5-4e6b-4499-8d3c-0bcd5a303b6d@group-218101269A2C:LeaderElection29] INFO  impl.RoleInfo (RoleInfo.java:updateAndGet(143)) - 24ee45b5-4e6b-4499-8d3c-0bcd5a303b6d: start FollowerState
2019-09-17 14:55:08,385 [java.util.concurrent.ThreadPoolExecutor$Worker@1fe41ca9[State = -1, empty queue]] WARN  server.GrpcLogAppender (GrpcLogAppender.java:timeoutAppendRequest(200)) - 64dc86e1-b58a-47fa-9209-c80a04613504@group-85515DBFC7EF->0d659ca8-8d3f-4ad5-ad2a-cdb4ab88523b-GrpcLogAppender: appendEntries Timeout, request=64dc86e1-b58a-47fa-9209-c80a04613504->0d659ca8-8d3f-4ad5-ad2a-cdb4ab88523b#100-t2, previous=(t:2, i:20), leaderCommit=16, initializing? false, entries: <empty>
2019-09-17 14:55:08,389 [java.util.concurrent.ThreadPoolExecutor$Worker@486b56da[State = -1, empty queue]] WARN  server.GrpcLogAppender (GrpcLogAppender.java:timeoutAppendRequest(200)) - 64dc86e1-b58a-47fa-9209-c80a04613504@group-85515DBFC7EF->296d1e6a-4d03-4625-a926-8603881e9a06-GrpcLogAppender: appendEntries Timeout, request=64dc86e1-b58a-47fa-9209-c80a04613504->296d1e6a-4d03-4625-a926-8603881e9a06#100-t2, previous=(t:2, i:20), leaderCommit=16, initializing? false, entries: <empty>
2019-09-17 14:55:08,885 [java.util.concurrent.ThreadPoolExecutor$Worker@1fe41ca9[State = -1, empty queue]] WARN  server.GrpcLogAppender (GrpcLogAppender.java:timeoutAppendRequest(200)) - 64dc86e1-b58a-47fa-9209-c80a04613504@group-85515DBFC7EF->0d659ca8-8d3f-4ad5-ad2a-cdb4ab88523b-GrpcLogAppender: appendEntries Timeout, request=64dc86e1-b58a-47fa-9209-c80a04613504->0d659ca8-8d3f-4ad5-ad2a-cdb4ab88523b#101-t2, previous=(t:2, i:20), leaderCommit=16, initializing? false, entries: <empty>
2019-09-17 14:55:08,890 [java.util.concurrent.ThreadPoolExecutor$Worker@486b56da[State = -1, empty queue]] WARN  server.GrpcLogAppender (GrpcLogAppender.java:timeoutAppendRequest(200)) - 64dc86e1-b58a-47fa-9209-c80a04613504@group-85515DBFC7EF->296d1e6a-4d03-4625-a926-8603881e9a06-GrpcLogAppender: appendEntries Timeout, request=64dc86e1-b58a-47fa-9209-c80a04613504->296d1e6a-4d03-4625-a926-8603881e9a06#101-t2, previous=(t:2, i:20), leaderCommit=16, initializing? false, entries: <empty>
2019-09-17 14:55:09,290 [Thread-1111] INFO  impl.FollowerState (FollowerState.java:run(106)) - 24ee45b5-4e6b-4499-8d3c-0bcd5a303b6d:group-218101269A2C changes to CANDIDATE, lastRpcTime:1108, electionTimeout:1108ms
2019-09-17 14:55:09,290 [Thread-1111] INFO  impl.RoleInfo (RoleInfo.java:shutdownFollowerState(121)) - 24ee45b5-4e6b-4499-8d3c-0bcd5a303b6d: shutdown FollowerState
2019-09-17 14:55:09,291 [Thread-1111] INFO  impl.RaftServerImpl (RaftServerImpl.java:setRole(174)) - 24ee45b5-4e6b-4499-8d3c-0bcd5a303b6d@group-218101269A2C: changes role from  FOLLOWER to CANDIDATE at term 8 for changeToCandidate
2019-09-17 14:55:09,291 [Thread-1111] INFO  impl.RoleInfo (RoleInfo.java:updateAndGet(143)) - 24ee45b5-4e6b-4499-8d3c-0bcd5a303b6d: start LeaderElection
2019-09-17 14:55:09,317 [24ee45b5-4e6b-4499-8d3c-0bcd5a303b6d@group-218101269A2C:LeaderElection30] INFO  impl.LeaderElection (LeaderElection.java:askForVotes(182)) - 24ee45b5-4e6b-4499-8d3c-0bcd5a303b6d@group-218101269A2C:LeaderElection30: begin an election at term 9 for 17: [bbb4e265-cb6b-4caa-8b5d-65801261426c:192.168.151.72:38991, 5824bb7b-23b5-4080-8c55-4e36ce35b3ee:192.168.151.72:44174, 24ee45b5-4e6b-4499-8d3c-0bcd5a303b6d:192.168.151.72:44891], old=null
2019-09-17 14:55:09,319 [24ee45b5-4e6b-4499-8d3c-0bcd5a303b6d@group-218101269A2C:LeaderElection30] INFO  impl.LeaderElection (LogUtils.java:infoOrTrace(149)) - 24ee45b5-4e6b-4499-8d3c-0bcd5a303b6d@group-218101269A2C:LeaderElection30 got exception when requesting votes: {}
java.util.concurrent.ExecutionException: org.apache.ratis.thirdparty.io.grpc.StatusRuntimeException: UNAVAILABLE: io exception
	at java.util.concurrent.FutureTask.report(FutureTask.java:122)
	at java.util.concurrent.FutureTask.get(FutureTask.java:192)
	at org.apache.ratis.server.impl.LeaderElection.waitForResults(LeaderElection.java:263)
	at org.apache.ratis.server.impl.LeaderElection.askForVotes(LeaderElection.java:201)
	at org.apache.ratis.server.impl.LeaderElection.run(LeaderElection.java:133)
	at java.lang.Thread.run(Thread.java:748)
Caused by: org.apache.ratis.thirdparty.io.grpc.StatusRuntimeException: UNAVAILABLE: io exception
	at org.apache.ratis.thirdparty.io.grpc.stub.ClientCalls.toStatusRuntimeException(ClientCalls.java:233)
	at org.apache.ratis.thirdparty.io.grpc.stub.ClientCalls.getUnchecked(ClientCalls.java:214)
	at org.apache.ratis.thirdparty.io.grpc.stub.ClientCalls.blockingUnaryCall(ClientCalls.java:139)
	at org.apache.ratis.proto.grpc.RaftServerProtocolServiceGrpc$RaftServerProtocolServiceBlockingStub.requestVote(RaftServerProtocolServiceGrpc.java:265)
	at org.apache.ratis.grpc.server.GrpcServerProtocolClient.requestVote(GrpcServerProtocolClient.java:90)
	at org.apache.ratis.grpc.server.GrpcService.requestVote(GrpcService.java:204)
	at org.apache.ratis.server.impl.LeaderElection.lambda$submitRequests$1(LeaderElection.java:238)
	at java.util.concurrent.FutureTask.run(FutureTask.java:266)
	at java.util.concurrent.Executors$RunnableAdapter.call(Executors.java:511)
	at java.util.concurrent.FutureTask.run(FutureTask.java:266)
	at java.util.concurrent.ThreadPoolExecutor.runWorker(ThreadPoolExecutor.java:1149)
	at java.util.concurrent.ThreadPoolExecutor$Worker.run(ThreadPoolExecutor.java:624)
	... 1 more
Caused by: org.apache.ratis.thirdparty.io.netty.channel.AbstractChannel$AnnotatedConnectException: Connection refused: /192.168.151.72:38991
	at sun.nio.ch.SocketChannelImpl.checkConnect(Native Method)
	at sun.nio.ch.SocketChannelImpl.finishConnect(SocketChannelImpl.java:717)
	at org.apache.ratis.thirdparty.io.netty.channel.socket.nio.NioSocketChannel.doFinishConnect(NioSocketChannel.java:327)
	at org.apache.ratis.thirdparty.io.netty.channel.nio.AbstractNioChannel$AbstractNioUnsafe.finishConnect(AbstractNioChannel.java:340)
	at org.apache.ratis.thirdparty.io.netty.channel.nio.NioEventLoop.processSelectedKey(NioEventLoop.java:632)
	at org.apache.ratis.thirdparty.io.netty.channel.nio.NioEventLoop.processSelectedKeysOptimized(NioEventLoop.java:579)
	at org.apache.ratis.thirdparty.io.netty.channel.nio.NioEventLoop.processSelectedKeys(NioEventLoop.java:496)
	at org.apache.ratis.thirdparty.io.netty.channel.nio.NioEventLoop.run(NioEventLoop.java:458)
	at org.apache.ratis.thirdparty.io.netty.util.concurrent.SingleThreadEventExecutor$5.run(SingleThreadEventExecutor.java:897)
	at org.apache.ratis.thirdparty.io.netty.util.concurrent.FastThreadLocalRunnable.run(FastThreadLocalRunnable.java:30)
	... 1 more
Caused by: java.net.ConnectException: Connection refused
	... 11 more
2019-09-17 14:55:09,322 [24ee45b5-4e6b-4499-8d3c-0bcd5a303b6d@group-218101269A2C:LeaderElection30] INFO  impl.LeaderElection (LogUtils.java:infoOrTrace(149)) - 24ee45b5-4e6b-4499-8d3c-0bcd5a303b6d@group-218101269A2C:LeaderElection30 got exception when requesting votes: {}
java.util.concurrent.ExecutionException: org.apache.ratis.thirdparty.io.grpc.StatusRuntimeException: UNAVAILABLE: io exception
	at java.util.concurrent.FutureTask.report(FutureTask.java:122)
	at java.util.concurrent.FutureTask.get(FutureTask.java:192)
	at org.apache.ratis.server.impl.LeaderElection.waitForResults(LeaderElection.java:263)
	at org.apache.ratis.server.impl.LeaderElection.askForVotes(LeaderElection.java:201)
	at org.apache.ratis.server.impl.LeaderElection.run(LeaderElection.java:133)
	at java.lang.Thread.run(Thread.java:748)
Caused by: org.apache.ratis.thirdparty.io.grpc.StatusRuntimeException: UNAVAILABLE: io exception
	at org.apache.ratis.thirdparty.io.grpc.stub.ClientCalls.toStatusRuntimeException(ClientCalls.java:233)
	at org.apache.ratis.thirdparty.io.grpc.stub.ClientCalls.getUnchecked(ClientCalls.java:214)
	at org.apache.ratis.thirdparty.io.grpc.stub.ClientCalls.blockingUnaryCall(ClientCalls.java:139)
	at org.apache.ratis.proto.grpc.RaftServerProtocolServiceGrpc$RaftServerProtocolServiceBlockingStub.requestVote(RaftServerProtocolServiceGrpc.java:265)
	at org.apache.ratis.grpc.server.GrpcServerProtocolClient.requestVote(GrpcServerProtocolClient.java:90)
	at org.apache.ratis.grpc.server.GrpcService.requestVote(GrpcService.java:204)
	at org.apache.ratis.server.impl.LeaderElection.lambda$submitRequests$1(LeaderElection.java:238)
	at java.util.concurrent.FutureTask.run(FutureTask.java:266)
	at java.util.concurrent.Executors$RunnableAdapter.call(Executors.java:511)
	at java.util.concurrent.FutureTask.run(FutureTask.java:266)
	at java.util.concurrent.ThreadPoolExecutor.runWorker(ThreadPoolExecutor.java:1149)
	at java.util.concurrent.ThreadPoolExecutor$Worker.run(ThreadPoolExecutor.java:624)
	... 1 more
Caused by: org.apache.ratis.thirdparty.io.netty.channel.AbstractChannel$AnnotatedConnectException: Connection refused: /192.168.151.72:44174
	at sun.nio.ch.SocketChannelImpl.checkConnect(Native Method)
	at sun.nio.ch.SocketChannelImpl.finishConnect(SocketChannelImpl.java:717)
	at org.apache.ratis.thirdparty.io.netty.channel.socket.nio.NioSocketChannel.doFinishConnect(NioSocketChannel.java:327)
	at org.apache.ratis.thirdparty.io.netty.channel.nio.AbstractNioChannel$AbstractNioUnsafe.finishConnect(AbstractNioChannel.java:340)
	at org.apache.ratis.thirdparty.io.netty.channel.nio.NioEventLoop.processSelectedKey(NioEventLoop.java:632)
	at org.apache.ratis.thirdparty.io.netty.channel.nio.NioEventLoop.processSelectedKeysOptimized(NioEventLoop.java:579)
	at org.apache.ratis.thirdparty.io.netty.channel.nio.NioEventLoop.processSelectedKeys(NioEventLoop.java:496)
	at org.apache.ratis.thirdparty.io.netty.channel.nio.NioEventLoop.run(NioEventLoop.java:458)
	at org.apache.ratis.thirdparty.io.netty.util.concurrent.SingleThreadEventExecutor$5.run(SingleThreadEventExecutor.java:897)
	at org.apache.ratis.thirdparty.io.netty.util.concurrent.FastThreadLocalRunnable.run(FastThreadLocalRunnable.java:30)
	... 1 more
Caused by: java.net.ConnectException: Connection refused
	... 11 more
2019-09-17 14:55:09,325 [24ee45b5-4e6b-4499-8d3c-0bcd5a303b6d@group-218101269A2C:LeaderElection30] INFO  impl.LeaderElection (LeaderElection.java:logAndReturn(56)) - 24ee45b5-4e6b-4499-8d3c-0bcd5a303b6d@group-218101269A2C:LeaderElection30: Election REJECTED; received 0 response(s) [] and 2 exception(s); 24ee45b5-4e6b-4499-8d3c-0bcd5a303b6d@group-218101269A2C:t9, leader=null, voted=24ee45b5-4e6b-4499-8d3c-0bcd5a303b6d, raftlog=24ee45b5-4e6b-4499-8d3c-0bcd5a303b6d@group-218101269A2C-SegmentedRaftLog:OPENED:c29,f29,i29, conf=17: [bbb4e265-cb6b-4caa-8b5d-65801261426c:192.168.151.72:38991, 5824bb7b-23b5-4080-8c55-4e36ce35b3ee:192.168.151.72:44174, 24ee45b5-4e6b-4499-8d3c-0bcd5a303b6d:192.168.151.72:44891], old=null
2019-09-17 14:55:09,325 [24ee45b5-4e6b-4499-8d3c-0bcd5a303b6d@group-218101269A2C:LeaderElection30] INFO  impl.LeaderElection (LogUtils.java:infoOrTrace(149)) -   Exception 0: {}
java.util.concurrent.ExecutionException: org.apache.ratis.thirdparty.io.grpc.StatusRuntimeException: UNAVAILABLE: io exception
	at java.util.concurrent.FutureTask.report(FutureTask.java:122)
	at java.util.concurrent.FutureTask.get(FutureTask.java:192)
	at org.apache.ratis.server.impl.LeaderElection.waitForResults(LeaderElection.java:263)
	at org.apache.ratis.server.impl.LeaderElection.askForVotes(LeaderElection.java:201)
	at org.apache.ratis.server.impl.LeaderElection.run(LeaderElection.java:133)
	at java.lang.Thread.run(Thread.java:748)
Caused by: org.apache.ratis.thirdparty.io.grpc.StatusRuntimeException: UNAVAILABLE: io exception
	at org.apache.ratis.thirdparty.io.grpc.stub.ClientCalls.toStatusRuntimeException(ClientCalls.java:233)
	at org.apache.ratis.thirdparty.io.grpc.stub.ClientCalls.getUnchecked(ClientCalls.java:214)
	at org.apache.ratis.thirdparty.io.grpc.stub.ClientCalls.blockingUnaryCall(ClientCalls.java:139)
	at org.apache.ratis.proto.grpc.RaftServerProtocolServiceGrpc$RaftServerProtocolServiceBlockingStub.requestVote(RaftServerProtocolServiceGrpc.java:265)
	at org.apache.ratis.grpc.server.GrpcServerProtocolClient.requestVote(GrpcServerProtocolClient.java:90)
	at org.apache.ratis.grpc.server.GrpcService.requestVote(GrpcService.java:204)
	at org.apache.ratis.server.impl.LeaderElection.lambda$submitRequests$1(LeaderElection.java:238)
	at java.util.concurrent.FutureTask.run(FutureTask.java:266)
	at java.util.concurrent.Executors$RunnableAdapter.call(Executors.java:511)
	at java.util.concurrent.FutureTask.run(FutureTask.java:266)
	at java.util.concurrent.ThreadPoolExecutor.runWorker(ThreadPoolExecutor.java:1149)
	at java.util.concurrent.ThreadPoolExecutor$Worker.run(ThreadPoolExecutor.java:624)
	... 1 more
Caused by: org.apache.ratis.thirdparty.io.netty.channel.AbstractChannel$AnnotatedConnectException: Connection refused: /192.168.151.72:38991
	at sun.nio.ch.SocketChannelImpl.checkConnect(Native Method)
	at sun.nio.ch.SocketChannelImpl.finishConnect(SocketChannelImpl.java:717)
	at org.apache.ratis.thirdparty.io.netty.channel.socket.nio.NioSocketChannel.doFinishConnect(NioSocketChannel.java:327)
	at org.apache.ratis.thirdparty.io.netty.channel.nio.AbstractNioChannel$AbstractNioUnsafe.finishConnect(AbstractNioChannel.java:340)
	at org.apache.ratis.thirdparty.io.netty.channel.nio.NioEventLoop.processSelectedKey(NioEventLoop.java:632)
	at org.apache.ratis.thirdparty.io.netty.channel.nio.NioEventLoop.processSelectedKeysOptimized(NioEventLoop.java:579)
	at org.apache.ratis.thirdparty.io.netty.channel.nio.NioEventLoop.processSelectedKeys(NioEventLoop.java:496)
	at org.apache.ratis.thirdparty.io.netty.channel.nio.NioEventLoop.run(NioEventLoop.java:458)
	at org.apache.ratis.thirdparty.io.netty.util.concurrent.SingleThreadEventExecutor$5.run(SingleThreadEventExecutor.java:897)
	at org.apache.ratis.thirdparty.io.netty.util.concurrent.FastThreadLocalRunnable.run(FastThreadLocalRunnable.java:30)
	... 1 more
Caused by: java.net.ConnectException: Connection refused
	... 11 more
2019-09-17 14:55:09,326 [24ee45b5-4e6b-4499-8d3c-0bcd5a303b6d@group-218101269A2C:LeaderElection30] INFO  impl.LeaderElection (LogUtils.java:infoOrTrace(149)) -   Exception 1: {}
java.util.concurrent.ExecutionException: org.apache.ratis.thirdparty.io.grpc.StatusRuntimeException: UNAVAILABLE: io exception
	at java.util.concurrent.FutureTask.report(FutureTask.java:122)
	at java.util.concurrent.FutureTask.get(FutureTask.java:192)
	at org.apache.ratis.server.impl.LeaderElection.waitForResults(LeaderElection.java:263)
	at org.apache.ratis.server.impl.LeaderElection.askForVotes(LeaderElection.java:201)
	at org.apache.ratis.server.impl.LeaderElection.run(LeaderElection.java:133)
	at java.lang.Thread.run(Thread.java:748)
Caused by: org.apache.ratis.thirdparty.io.grpc.StatusRuntimeException: UNAVAILABLE: io exception
	at org.apache.ratis.thirdparty.io.grpc.stub.ClientCalls.toStatusRuntimeException(ClientCalls.java:233)
	at org.apache.ratis.thirdparty.io.grpc.stub.ClientCalls.getUnchecked(ClientCalls.java:214)
	at org.apache.ratis.thirdparty.io.grpc.stub.ClientCalls.blockingUnaryCall(ClientCalls.java:139)
	at org.apache.ratis.proto.grpc.RaftServerProtocolServiceGrpc$RaftServerProtocolServiceBlockingStub.requestVote(RaftServerProtocolServiceGrpc.java:265)
	at org.apache.ratis.grpc.server.GrpcServerProtocolClient.requestVote(GrpcServerProtocolClient.java:90)
	at org.apache.ratis.grpc.server.GrpcService.requestVote(GrpcService.java:204)
	at org.apache.ratis.server.impl.LeaderElection.lambda$submitRequests$1(LeaderElection.java:238)
	at java.util.concurrent.FutureTask.run(FutureTask.java:266)
	at java.util.concurrent.Executors$RunnableAdapter.call(Executors.java:511)
	at java.util.concurrent.FutureTask.run(FutureTask.java:266)
	at java.util.concurrent.ThreadPoolExecutor.runWorker(ThreadPoolExecutor.java:1149)
	at java.util.concurrent.ThreadPoolExecutor$Worker.run(ThreadPoolExecutor.java:624)
	... 1 more
Caused by: org.apache.ratis.thirdparty.io.netty.channel.AbstractChannel$AnnotatedConnectException: Connection refused: /192.168.151.72:44174
	at sun.nio.ch.SocketChannelImpl.checkConnect(Native Method)
	at sun.nio.ch.SocketChannelImpl.finishConnect(SocketChannelImpl.java:717)
	at org.apache.ratis.thirdparty.io.netty.channel.socket.nio.NioSocketChannel.doFinishConnect(NioSocketChannel.java:327)
	at org.apache.ratis.thirdparty.io.netty.channel.nio.AbstractNioChannel$AbstractNioUnsafe.finishConnect(AbstractNioChannel.java:340)
	at org.apache.ratis.thirdparty.io.netty.channel.nio.NioEventLoop.processSelectedKey(NioEventLoop.java:632)
	at org.apache.ratis.thirdparty.io.netty.channel.nio.NioEventLoop.processSelectedKeysOptimized(NioEventLoop.java:579)
	at org.apache.ratis.thirdparty.io.netty.channel.nio.NioEventLoop.processSelectedKeys(NioEventLoop.java:496)
	at org.apache.ratis.thirdparty.io.netty.channel.nio.NioEventLoop.run(NioEventLoop.java:458)
	at org.apache.ratis.thirdparty.io.netty.util.concurrent.SingleThreadEventExecutor$5.run(SingleThreadEventExecutor.java:897)
	at org.apache.ratis.thirdparty.io.netty.util.concurrent.FastThreadLocalRunnable.run(FastThreadLocalRunnable.java:30)
	... 1 more
Caused by: java.net.ConnectException: Connection refused
	... 11 more
2019-09-17 14:55:09,327 [24ee45b5-4e6b-4499-8d3c-0bcd5a303b6d@group-218101269A2C:LeaderElection30] INFO  impl.RaftServerImpl (RaftServerImpl.java:setRole(174)) - 24ee45b5-4e6b-4499-8d3c-0bcd5a303b6d@group-218101269A2C: changes role from CANDIDATE to FOLLOWER at term 9 for DISCOVERED_A_NEW_TERM
2019-09-17 14:55:09,327 [24ee45b5-4e6b-4499-8d3c-0bcd5a303b6d@group-218101269A2C:LeaderElection30] INFO  impl.RoleInfo (RoleInfo.java:shutdownLeaderElection(134)) - 24ee45b5-4e6b-4499-8d3c-0bcd5a303b6d: shutdown LeaderElection
2019-09-17 14:55:09,327 [24ee45b5-4e6b-4499-8d3c-0bcd5a303b6d@group-218101269A2C:LeaderElection30] INFO  impl.RoleInfo (RoleInfo.java:updateAndGet(143)) - 24ee45b5-4e6b-4499-8d3c-0bcd5a303b6d: start FollowerState
2019-09-17 14:55:09,388 [java.util.concurrent.ThreadPoolExecutor$Worker@1fe41ca9[State = -1, empty queue]] WARN  server.GrpcLogAppender (GrpcLogAppender.java:timeoutAppendRequest(200)) - 64dc86e1-b58a-47fa-9209-c80a04613504@group-85515DBFC7EF->0d659ca8-8d3f-4ad5-ad2a-cdb4ab88523b-GrpcLogAppender: appendEntries Timeout, request=64dc86e1-b58a-47fa-9209-c80a04613504->0d659ca8-8d3f-4ad5-ad2a-cdb4ab88523b#102-t2, previous=(t:2, i:20), leaderCommit=16, initializing? false, entries: <empty>
2019-09-17 14:55:09,391 [java.util.concurrent.ThreadPoolExecutor$Worker@486b56da[State = -1, empty queue]] WARN  server.GrpcLogAppender (GrpcLogAppender.java:timeoutAppendRequest(200)) - 64dc86e1-b58a-47fa-9209-c80a04613504@group-85515DBFC7EF->296d1e6a-4d03-4625-a926-8603881e9a06-GrpcLogAppender: appendEntries Timeout, request=64dc86e1-b58a-47fa-9209-c80a04613504->296d1e6a-4d03-4625-a926-8603881e9a06#102-t2, previous=(t:2, i:20), leaderCommit=16, initializing? false, entries: <empty>
2019-09-17 14:55:09,888 [java.util.concurrent.ThreadPoolExecutor$Worker@1fe41ca9[State = -1, empty queue]] WARN  server.GrpcLogAppender (GrpcLogAppender.java:timeoutAppendRequest(200)) - 64dc86e1-b58a-47fa-9209-c80a04613504@group-85515DBFC7EF->0d659ca8-8d3f-4ad5-ad2a-cdb4ab88523b-GrpcLogAppender: appendEntries Timeout, request=64dc86e1-b58a-47fa-9209-c80a04613504->0d659ca8-8d3f-4ad5-ad2a-cdb4ab88523b#103-t2, previous=(t:2, i:20), leaderCommit=16, initializing? false, entries: <empty>
2019-09-17 14:55:09,891 [java.util.concurrent.ThreadPoolExecutor$Worker@486b56da[State = -1, empty queue]] WARN  server.GrpcLogAppender (GrpcLogAppender.java:timeoutAppendRequest(200)) - 64dc86e1-b58a-47fa-9209-c80a04613504@group-85515DBFC7EF->296d1e6a-4d03-4625-a926-8603881e9a06-GrpcLogAppender: appendEntries Timeout, request=64dc86e1-b58a-47fa-9209-c80a04613504->296d1e6a-4d03-4625-a926-8603881e9a06#103-t2, previous=(t:2, i:20), leaderCommit=16, initializing? false, entries: <empty>
2019-09-17 14:55:10,098 [grpc-default-executor-2] INFO  client.GrpcClientProtocolClient (GrpcClientProtocolClient.java:onNext(264)) - client-0643CBBFECAA->24ee45b5-4e6b-4499-8d3c-0bcd5a303b6d: receive RaftClientReply:client-0643CBBFECAA->24ee45b5-4e6b-4499-8d3c-0bcd5a303b6d@group-218101269A2C, cid=61, FAILED org.apache.ratis.protocol.NotLeaderException: Server 24ee45b5-4e6b-4499-8d3c-0bcd5a303b6d@group-218101269A2C is not the leader, logIndex=0, commits[24ee45b5-4e6b-4499-8d3c-0bcd5a303b6d:c29, bbb4e265-cb6b-4caa-8b5d-65801261426c:c16, 5824bb7b-23b5-4080-8c55-4e36ce35b3ee:c29]
2019-09-17 14:55:10,356 [Thread-1123] INFO  impl.FollowerState (FollowerState.java:run(106)) - 24ee45b5-4e6b-4499-8d3c-0bcd5a303b6d:group-218101269A2C changes to CANDIDATE, lastRpcTime:1028, electionTimeout:1028ms
2019-09-17 14:55:10,356 [Thread-1123] INFO  impl.RoleInfo (RoleInfo.java:shutdownFollowerState(121)) - 24ee45b5-4e6b-4499-8d3c-0bcd5a303b6d: shutdown FollowerState
2019-09-17 14:55:10,356 [Thread-1123] INFO  impl.RaftServerImpl (RaftServerImpl.java:setRole(174)) - 24ee45b5-4e6b-4499-8d3c-0bcd5a303b6d@group-218101269A2C: changes role from  FOLLOWER to CANDIDATE at term 9 for changeToCandidate
2019-09-17 14:55:10,356 [Thread-1123] INFO  impl.RoleInfo (RoleInfo.java:updateAndGet(143)) - 24ee45b5-4e6b-4499-8d3c-0bcd5a303b6d: start LeaderElection
2019-09-17 14:55:10,373 [24ee45b5-4e6b-4499-8d3c-0bcd5a303b6d@group-218101269A2C:LeaderElection31] INFO  impl.LeaderElection (LeaderElection.java:askForVotes(182)) - 24ee45b5-4e6b-4499-8d3c-0bcd5a303b6d@group-218101269A2C:LeaderElection31: begin an election at term 10 for 17: [bbb4e265-cb6b-4caa-8b5d-65801261426c:192.168.151.72:38991, 5824bb7b-23b5-4080-8c55-4e36ce35b3ee:192.168.151.72:44174, 24ee45b5-4e6b-4499-8d3c-0bcd5a303b6d:192.168.151.72:44891], old=null
2019-09-17 14:55:10,376 [24ee45b5-4e6b-4499-8d3c-0bcd5a303b6d@group-218101269A2C:LeaderElection31] INFO  impl.LeaderElection (LogUtils.java:infoOrTrace(149)) - 24ee45b5-4e6b-4499-8d3c-0bcd5a303b6d@group-218101269A2C:LeaderElection31 got exception when requesting votes: {}
java.util.concurrent.ExecutionException: org.apache.ratis.thirdparty.io.grpc.StatusRuntimeException: UNAVAILABLE: io exception
	at java.util.concurrent.FutureTask.report(FutureTask.java:122)
	at java.util.concurrent.FutureTask.get(FutureTask.java:192)
	at org.apache.ratis.server.impl.LeaderElection.waitForResults(LeaderElection.java:263)
	at org.apache.ratis.server.impl.LeaderElection.askForVotes(LeaderElection.java:201)
	at org.apache.ratis.server.impl.LeaderElection.run(LeaderElection.java:133)
	at java.lang.Thread.run(Thread.java:748)
Caused by: org.apache.ratis.thirdparty.io.grpc.StatusRuntimeException: UNAVAILABLE: io exception
	at org.apache.ratis.thirdparty.io.grpc.stub.ClientCalls.toStatusRuntimeException(ClientCalls.java:233)
	at org.apache.ratis.thirdparty.io.grpc.stub.ClientCalls.getUnchecked(ClientCalls.java:214)
	at org.apache.ratis.thirdparty.io.grpc.stub.ClientCalls.blockingUnaryCall(ClientCalls.java:139)
	at org.apache.ratis.proto.grpc.RaftServerProtocolServiceGrpc$RaftServerProtocolServiceBlockingStub.requestVote(RaftServerProtocolServiceGrpc.java:265)
	at org.apache.ratis.grpc.server.GrpcServerProtocolClient.requestVote(GrpcServerProtocolClient.java:90)
	at org.apache.ratis.grpc.server.GrpcService.requestVote(GrpcService.java:204)
	at org.apache.ratis.server.impl.LeaderElection.lambda$submitRequests$1(LeaderElection.java:238)
	at java.util.concurrent.FutureTask.run(FutureTask.java:266)
	at java.util.concurrent.Executors$RunnableAdapter.call(Executors.java:511)
	at java.util.concurrent.FutureTask.run(FutureTask.java:266)
	at java.util.concurrent.ThreadPoolExecutor.runWorker(ThreadPoolExecutor.java:1149)
	at java.util.concurrent.ThreadPoolExecutor$Worker.run(ThreadPoolExecutor.java:624)
	... 1 more
Caused by: org.apache.ratis.thirdparty.io.netty.channel.AbstractChannel$AnnotatedConnectException: Connection refused: /192.168.151.72:38991
	at sun.nio.ch.SocketChannelImpl.checkConnect(Native Method)
	at sun.nio.ch.SocketChannelImpl.finishConnect(SocketChannelImpl.java:717)
	at org.apache.ratis.thirdparty.io.netty.channel.socket.nio.NioSocketChannel.doFinishConnect(NioSocketChannel.java:327)
	at org.apache.ratis.thirdparty.io.netty.channel.nio.AbstractNioChannel$AbstractNioUnsafe.finishConnect(AbstractNioChannel.java:340)
	at org.apache.ratis.thirdparty.io.netty.channel.nio.NioEventLoop.processSelectedKey(NioEventLoop.java:632)
	at org.apache.ratis.thirdparty.io.netty.channel.nio.NioEventLoop.processSelectedKeysOptimized(NioEventLoop.java:579)
	at org.apache.ratis.thirdparty.io.netty.channel.nio.NioEventLoop.processSelectedKeys(NioEventLoop.java:496)
	at org.apache.ratis.thirdparty.io.netty.channel.nio.NioEventLoop.run(NioEventLoop.java:458)
	at org.apache.ratis.thirdparty.io.netty.util.concurrent.SingleThreadEventExecutor$5.run(SingleThreadEventExecutor.java:897)
	at org.apache.ratis.thirdparty.io.netty.util.concurrent.FastThreadLocalRunnable.run(FastThreadLocalRunnable.java:30)
	... 1 more
Caused by: java.net.ConnectException: Connection refused
	... 11 more
2019-09-17 14:55:10,380 [24ee45b5-4e6b-4499-8d3c-0bcd5a303b6d@group-218101269A2C:LeaderElection31] INFO  impl.LeaderElection (LogUtils.java:infoOrTrace(149)) - 24ee45b5-4e6b-4499-8d3c-0bcd5a303b6d@group-218101269A2C:LeaderElection31 got exception when requesting votes: {}
java.util.concurrent.ExecutionException: org.apache.ratis.thirdparty.io.grpc.StatusRuntimeException: UNAVAILABLE: io exception
	at java.util.concurrent.FutureTask.report(FutureTask.java:122)
	at java.util.concurrent.FutureTask.get(FutureTask.java:192)
	at org.apache.ratis.server.impl.LeaderElection.waitForResults(LeaderElection.java:263)
	at org.apache.ratis.server.impl.LeaderElection.askForVotes(LeaderElection.java:201)
	at org.apache.ratis.server.impl.LeaderElection.run(LeaderElection.java:133)
	at java.lang.Thread.run(Thread.java:748)
Caused by: org.apache.ratis.thirdparty.io.grpc.StatusRuntimeException: UNAVAILABLE: io exception
	at org.apache.ratis.thirdparty.io.grpc.stub.ClientCalls.toStatusRuntimeException(ClientCalls.java:233)
	at org.apache.ratis.thirdparty.io.grpc.stub.ClientCalls.getUnchecked(ClientCalls.java:214)
	at org.apache.ratis.thirdparty.io.grpc.stub.ClientCalls.blockingUnaryCall(ClientCalls.java:139)
	at org.apache.ratis.proto.grpc.RaftServerProtocolServiceGrpc$RaftServerProtocolServiceBlockingStub.requestVote(RaftServerProtocolServiceGrpc.java:265)
	at org.apache.ratis.grpc.server.GrpcServerProtocolClient.requestVote(GrpcServerProtocolClient.java:90)
	at org.apache.ratis.grpc.server.GrpcService.requestVote(GrpcService.java:204)
	at org.apache.ratis.server.impl.LeaderElection.lambda$submitRequests$1(LeaderElection.java:238)
	at java.util.concurrent.FutureTask.run(FutureTask.java:266)
	at java.util.concurrent.Executors$RunnableAdapter.call(Executors.java:511)
	at java.util.concurrent.FutureTask.run(FutureTask.java:266)
	at java.util.concurrent.ThreadPoolExecutor.runWorker(ThreadPoolExecutor.java:1149)
	at java.util.concurrent.ThreadPoolExecutor$Worker.run(ThreadPoolExecutor.java:624)
	... 1 more
Caused by: org.apache.ratis.thirdparty.io.netty.channel.AbstractChannel$AnnotatedConnectException: Connection refused: /192.168.151.72:44174
	at sun.nio.ch.SocketChannelImpl.checkConnect(Native Method)
	at sun.nio.ch.SocketChannelImpl.finishConnect(SocketChannelImpl.java:717)
	at org.apache.ratis.thirdparty.io.netty.channel.socket.nio.NioSocketChannel.doFinishConnect(NioSocketChannel.java:327)
	at org.apache.ratis.thirdparty.io.netty.channel.nio.AbstractNioChannel$AbstractNioUnsafe.finishConnect(AbstractNioChannel.java:340)
	at org.apache.ratis.thirdparty.io.netty.channel.nio.NioEventLoop.processSelectedKey(NioEventLoop.java:632)
	at org.apache.ratis.thirdparty.io.netty.channel.nio.NioEventLoop.processSelectedKeysOptimized(NioEventLoop.java:579)
	at org.apache.ratis.thirdparty.io.netty.channel.nio.NioEventLoop.processSelectedKeys(NioEventLoop.java:496)
	at org.apache.ratis.thirdparty.io.netty.channel.nio.NioEventLoop.run(NioEventLoop.java:458)
	at org.apache.ratis.thirdparty.io.netty.util.concurrent.SingleThreadEventExecutor$5.run(SingleThreadEventExecutor.java:897)
	at org.apache.ratis.thirdparty.io.netty.util.concurrent.FastThreadLocalRunnable.run(FastThreadLocalRunnable.java:30)
	... 1 more
Caused by: java.net.ConnectException: Connection refused
	... 11 more
2019-09-17 14:55:10,384 [24ee45b5-4e6b-4499-8d3c-0bcd5a303b6d@group-218101269A2C:LeaderElection31] INFO  impl.LeaderElection (LeaderElection.java:logAndReturn(56)) - 24ee45b5-4e6b-4499-8d3c-0bcd5a303b6d@group-218101269A2C:LeaderElection31: Election REJECTED; received 0 response(s) [] and 2 exception(s); 24ee45b5-4e6b-4499-8d3c-0bcd5a303b6d@group-218101269A2C:t10, leader=null, voted=24ee45b5-4e6b-4499-8d3c-0bcd5a303b6d, raftlog=24ee45b5-4e6b-4499-8d3c-0bcd5a303b6d@group-218101269A2C-SegmentedRaftLog:OPENED:c29,f29,i29, conf=17: [bbb4e265-cb6b-4caa-8b5d-65801261426c:192.168.151.72:38991, 5824bb7b-23b5-4080-8c55-4e36ce35b3ee:192.168.151.72:44174, 24ee45b5-4e6b-4499-8d3c-0bcd5a303b6d:192.168.151.72:44891], old=null
2019-09-17 14:55:10,384 [24ee45b5-4e6b-4499-8d3c-0bcd5a303b6d@group-218101269A2C:LeaderElection31] INFO  impl.LeaderElection (LogUtils.java:infoOrTrace(149)) -   Exception 0: {}
java.util.concurrent.ExecutionException: org.apache.ratis.thirdparty.io.grpc.StatusRuntimeException: UNAVAILABLE: io exception
	at java.util.concurrent.FutureTask.report(FutureTask.java:122)
	at java.util.concurrent.FutureTask.get(FutureTask.java:192)
	at org.apache.ratis.server.impl.LeaderElection.waitForResults(LeaderElection.java:263)
	at org.apache.ratis.server.impl.LeaderElection.askForVotes(LeaderElection.java:201)
	at org.apache.ratis.server.impl.LeaderElection.run(LeaderElection.java:133)
	at java.lang.Thread.run(Thread.java:748)
Caused by: org.apache.ratis.thirdparty.io.grpc.StatusRuntimeException: UNAVAILABLE: io exception
	at org.apache.ratis.thirdparty.io.grpc.stub.ClientCalls.toStatusRuntimeException(ClientCalls.java:233)
	at org.apache.ratis.thirdparty.io.grpc.stub.ClientCalls.getUnchecked(ClientCalls.java:214)
	at org.apache.ratis.thirdparty.io.grpc.stub.ClientCalls.blockingUnaryCall(ClientCalls.java:139)
	at org.apache.ratis.proto.grpc.RaftServerProtocolServiceGrpc$RaftServerProtocolServiceBlockingStub.requestVote(RaftServerProtocolServiceGrpc.java:265)
	at org.apache.ratis.grpc.server.GrpcServerProtocolClient.requestVote(GrpcServerProtocolClient.java:90)
	at org.apache.ratis.grpc.server.GrpcService.requestVote(GrpcService.java:204)
	at org.apache.ratis.server.impl.LeaderElection.lambda$submitRequests$1(LeaderElection.java:238)
	at java.util.concurrent.FutureTask.run(FutureTask.java:266)
	at java.util.concurrent.Executors$RunnableAdapter.call(Executors.java:511)
	at java.util.concurrent.FutureTask.run(FutureTask.java:266)
	at java.util.concurrent.ThreadPoolExecutor.runWorker(ThreadPoolExecutor.java:1149)
	at java.util.concurrent.ThreadPoolExecutor$Worker.run(ThreadPoolExecutor.java:624)
	... 1 more
Caused by: org.apache.ratis.thirdparty.io.netty.channel.AbstractChannel$AnnotatedConnectException: Connection refused: /192.168.151.72:38991
	at sun.nio.ch.SocketChannelImpl.checkConnect(Native Method)
	at sun.nio.ch.SocketChannelImpl.finishConnect(SocketChannelImpl.java:717)
	at org.apache.ratis.thirdparty.io.netty.channel.socket.nio.NioSocketChannel.doFinishConnect(NioSocketChannel.java:327)
	at org.apache.ratis.thirdparty.io.netty.channel.nio.AbstractNioChannel$AbstractNioUnsafe.finishConnect(AbstractNioChannel.java:340)
	at org.apache.ratis.thirdparty.io.netty.channel.nio.NioEventLoop.processSelectedKey(NioEventLoop.java:632)
	at org.apache.ratis.thirdparty.io.netty.channel.nio.NioEventLoop.processSelectedKeysOptimized(NioEventLoop.java:579)
	at org.apache.ratis.thirdparty.io.netty.channel.nio.NioEventLoop.processSelectedKeys(NioEventLoop.java:496)
	at org.apache.ratis.thirdparty.io.netty.channel.nio.NioEventLoop.run(NioEventLoop.java:458)
	at org.apache.ratis.thirdparty.io.netty.util.concurrent.SingleThreadEventExecutor$5.run(SingleThreadEventExecutor.java:897)
	at org.apache.ratis.thirdparty.io.netty.util.concurrent.FastThreadLocalRunnable.run(FastThreadLocalRunnable.java:30)
	... 1 more
Caused by: java.net.ConnectException: Connection refused
	... 11 more
2019-09-17 14:55:10,385 [24ee45b5-4e6b-4499-8d3c-0bcd5a303b6d@group-218101269A2C:LeaderElection31] INFO  impl.LeaderElection (LogUtils.java:infoOrTrace(149)) -   Exception 1: {}
java.util.concurrent.ExecutionException: org.apache.ratis.thirdparty.io.grpc.StatusRuntimeException: UNAVAILABLE: io exception
	at java.util.concurrent.FutureTask.report(FutureTask.java:122)
	at java.util.concurrent.FutureTask.get(FutureTask.java:192)
	at org.apache.ratis.server.impl.LeaderElection.waitForResults(LeaderElection.java:263)
	at org.apache.ratis.server.impl.LeaderElection.askForVotes(LeaderElection.java:201)
	at org.apache.ratis.server.impl.LeaderElection.run(LeaderElection.java:133)
	at java.lang.Thread.run(Thread.java:748)
Caused by: org.apache.ratis.thirdparty.io.grpc.StatusRuntimeException: UNAVAILABLE: io exception
	at org.apache.ratis.thirdparty.io.grpc.stub.ClientCalls.toStatusRuntimeException(ClientCalls.java:233)
	at org.apache.ratis.thirdparty.io.grpc.stub.ClientCalls.getUnchecked(ClientCalls.java:214)
	at org.apache.ratis.thirdparty.io.grpc.stub.ClientCalls.blockingUnaryCall(ClientCalls.java:139)
	at org.apache.ratis.proto.grpc.RaftServerProtocolServiceGrpc$RaftServerProtocolServiceBlockingStub.requestVote(RaftServerProtocolServiceGrpc.java:265)
	at org.apache.ratis.grpc.server.GrpcServerProtocolClient.requestVote(GrpcServerProtocolClient.java:90)
	at org.apache.ratis.grpc.server.GrpcService.requestVote(GrpcService.java:204)
	at org.apache.ratis.server.impl.LeaderElection.lambda$submitRequests$1(LeaderElection.java:238)
	at java.util.concurrent.FutureTask.run(FutureTask.java:266)
	at java.util.concurrent.Executors$RunnableAdapter.call(Executors.java:511)
	at java.util.concurrent.FutureTask.run(FutureTask.java:266)
	at java.util.concurrent.ThreadPoolExecutor.runWorker(ThreadPoolExecutor.java:1149)
	at java.util.concurrent.ThreadPoolExecutor$Worker.run(ThreadPoolExecutor.java:624)
	... 1 more
Caused by: org.apache.ratis.thirdparty.io.netty.channel.AbstractChannel$AnnotatedConnectException: Connection refused: /192.168.151.72:44174
	at sun.nio.ch.SocketChannelImpl.checkConnect(Native Method)
	at sun.nio.ch.SocketChannelImpl.finishConnect(SocketChannelImpl.java:717)
	at org.apache.ratis.thirdparty.io.netty.channel.socket.nio.NioSocketChannel.doFinishConnect(NioSocketChannel.java:327)
	at org.apache.ratis.thirdparty.io.netty.channel.nio.AbstractNioChannel$AbstractNioUnsafe.finishConnect(AbstractNioChannel.java:340)
	at org.apache.ratis.thirdparty.io.netty.channel.nio.NioEventLoop.processSelectedKey(NioEventLoop.java:632)
	at org.apache.ratis.thirdparty.io.netty.channel.nio.NioEventLoop.processSelectedKeysOptimized(NioEventLoop.java:579)
	at org.apache.ratis.thirdparty.io.netty.channel.nio.NioEventLoop.processSelectedKeys(NioEventLoop.java:496)
	at org.apache.ratis.thirdparty.io.netty.channel.nio.NioEventLoop.run(NioEventLoop.java:458)
	at org.apache.ratis.thirdparty.io.netty.util.concurrent.SingleThreadEventExecutor$5.run(SingleThreadEventExecutor.java:897)
	at org.apache.ratis.thirdparty.io.netty.util.concurrent.FastThreadLocalRunnable.run(FastThreadLocalRunnable.java:30)
	... 1 more
Caused by: java.net.ConnectException: Connection refused
	... 11 more
2019-09-17 14:55:10,386 [24ee45b5-4e6b-4499-8d3c-0bcd5a303b6d@group-218101269A2C:LeaderElection31] INFO  impl.RaftServerImpl (RaftServerImpl.java:setRole(174)) - 24ee45b5-4e6b-4499-8d3c-0bcd5a303b6d@group-218101269A2C: changes role from CANDIDATE to FOLLOWER at term 10 for DISCOVERED_A_NEW_TERM
2019-09-17 14:55:10,386 [24ee45b5-4e6b-4499-8d3c-0bcd5a303b6d@group-218101269A2C:LeaderElection31] INFO  impl.RoleInfo (RoleInfo.java:shutdownLeaderElection(134)) - 24ee45b5-4e6b-4499-8d3c-0bcd5a303b6d: shutdown LeaderElection
2019-09-17 14:55:10,386 [24ee45b5-4e6b-4499-8d3c-0bcd5a303b6d@group-218101269A2C:LeaderElection31] INFO  impl.RoleInfo (RoleInfo.java:updateAndGet(143)) - 24ee45b5-4e6b-4499-8d3c-0bcd5a303b6d: start FollowerState
2019-09-17 14:55:10,389 [java.util.concurrent.ThreadPoolExecutor$Worker@1fe41ca9[State = -1, empty queue]] WARN  server.GrpcLogAppender (GrpcLogAppender.java:timeoutAppendRequest(200)) - 64dc86e1-b58a-47fa-9209-c80a04613504@group-85515DBFC7EF->0d659ca8-8d3f-4ad5-ad2a-cdb4ab88523b-GrpcLogAppender: appendEntries Timeout, request=64dc86e1-b58a-47fa-9209-c80a04613504->0d659ca8-8d3f-4ad5-ad2a-cdb4ab88523b#104-t2, previous=(t:2, i:20), leaderCommit=16, initializing? false, entries: <empty>
2019-09-17 14:55:10,392 [java.util.concurrent.ThreadPoolExecutor$Worker@486b56da[State = -1, empty queue]] WARN  server.GrpcLogAppender (GrpcLogAppender.java:timeoutAppendRequest(200)) - 64dc86e1-b58a-47fa-9209-c80a04613504@group-85515DBFC7EF->296d1e6a-4d03-4625-a926-8603881e9a06-GrpcLogAppender: appendEntries Timeout, request=64dc86e1-b58a-47fa-9209-c80a04613504->296d1e6a-4d03-4625-a926-8603881e9a06#104-t2, previous=(t:2, i:20), leaderCommit=16, initializing? false, entries: <empty>
2019-09-17 14:55:10,889 [java.util.concurrent.ThreadPoolExecutor$Worker@1fe41ca9[State = -1, empty queue]] WARN  server.GrpcLogAppender (GrpcLogAppender.java:timeoutAppendRequest(200)) - 64dc86e1-b58a-47fa-9209-c80a04613504@group-85515DBFC7EF->0d659ca8-8d3f-4ad5-ad2a-cdb4ab88523b-GrpcLogAppender: appendEntries Timeout, request=64dc86e1-b58a-47fa-9209-c80a04613504->0d659ca8-8d3f-4ad5-ad2a-cdb4ab88523b#105-t2, previous=(t:2, i:20), leaderCommit=16, initializing? false, entries: <empty>
2019-09-17 14:55:10,892 [java.util.concurrent.ThreadPoolExecutor$Worker@486b56da[State = -1, empty queue]] WARN  server.GrpcLogAppender (GrpcLogAppender.java:timeoutAppendRequest(200)) - 64dc86e1-b58a-47fa-9209-c80a04613504@group-85515DBFC7EF->296d1e6a-4d03-4625-a926-8603881e9a06-GrpcLogAppender: appendEntries Timeout, request=64dc86e1-b58a-47fa-9209-c80a04613504->296d1e6a-4d03-4625-a926-8603881e9a06#105-t2, previous=(t:2, i:20), leaderCommit=16, initializing? false, entries: <empty>
2019-09-17 14:55:11,389 [java.util.concurrent.ThreadPoolExecutor$Worker@1fe41ca9[State = -1, empty queue]] WARN  server.GrpcLogAppender (GrpcLogAppender.java:timeoutAppendRequest(200)) - 64dc86e1-b58a-47fa-9209-c80a04613504@group-85515DBFC7EF->0d659ca8-8d3f-4ad5-ad2a-cdb4ab88523b-GrpcLogAppender: appendEntries Timeout, request=64dc86e1-b58a-47fa-9209-c80a04613504->0d659ca8-8d3f-4ad5-ad2a-cdb4ab88523b#106-t2, previous=(t:2, i:20), leaderCommit=16, initializing? false, entries: <empty>
2019-09-17 14:55:11,392 [java.util.concurrent.ThreadPoolExecutor$Worker@486b56da[State = -1, empty queue]] WARN  server.GrpcLogAppender (GrpcLogAppender.java:timeoutAppendRequest(200)) - 64dc86e1-b58a-47fa-9209-c80a04613504@group-85515DBFC7EF->296d1e6a-4d03-4625-a926-8603881e9a06-GrpcLogAppender: appendEntries Timeout, request=64dc86e1-b58a-47fa-9209-c80a04613504->296d1e6a-4d03-4625-a926-8603881e9a06#106-t2, previous=(t:2, i:20), leaderCommit=16, initializing? false, entries: <empty>
2019-09-17 14:55:11,398 [Thread-1137] INFO  impl.FollowerState (FollowerState.java:run(106)) - 24ee45b5-4e6b-4499-8d3c-0bcd5a303b6d:group-218101269A2C changes to CANDIDATE, lastRpcTime:1011, electionTimeout:1011ms
2019-09-17 14:55:11,398 [Thread-1137] INFO  impl.RoleInfo (RoleInfo.java:shutdownFollowerState(121)) - 24ee45b5-4e6b-4499-8d3c-0bcd5a303b6d: shutdown FollowerState
2019-09-17 14:55:11,398 [Thread-1137] INFO  impl.RaftServerImpl (RaftServerImpl.java:setRole(174)) - 24ee45b5-4e6b-4499-8d3c-0bcd5a303b6d@group-218101269A2C: changes role from  FOLLOWER to CANDIDATE at term 10 for changeToCandidate
2019-09-17 14:55:11,398 [Thread-1137] INFO  impl.RoleInfo (RoleInfo.java:updateAndGet(143)) - 24ee45b5-4e6b-4499-8d3c-0bcd5a303b6d: start LeaderElection
2019-09-17 14:55:11,414 [24ee45b5-4e6b-4499-8d3c-0bcd5a303b6d@group-218101269A2C:LeaderElection32] INFO  impl.LeaderElection (LeaderElection.java:askForVotes(182)) - 24ee45b5-4e6b-4499-8d3c-0bcd5a303b6d@group-218101269A2C:LeaderElection32: begin an election at term 11 for 17: [bbb4e265-cb6b-4caa-8b5d-65801261426c:192.168.151.72:38991, 5824bb7b-23b5-4080-8c55-4e36ce35b3ee:192.168.151.72:44174, 24ee45b5-4e6b-4499-8d3c-0bcd5a303b6d:192.168.151.72:44891], old=null
2019-09-17 14:55:11,416 [24ee45b5-4e6b-4499-8d3c-0bcd5a303b6d@group-218101269A2C:LeaderElection32] INFO  impl.LeaderElection (LogUtils.java:infoOrTrace(149)) - 24ee45b5-4e6b-4499-8d3c-0bcd5a303b6d@group-218101269A2C:LeaderElection32 got exception when requesting votes: {}
java.util.concurrent.ExecutionException: org.apache.ratis.thirdparty.io.grpc.StatusRuntimeException: UNAVAILABLE: io exception
	at java.util.concurrent.FutureTask.report(FutureTask.java:122)
	at java.util.concurrent.FutureTask.get(FutureTask.java:192)
	at org.apache.ratis.server.impl.LeaderElection.waitForResults(LeaderElection.java:263)
	at org.apache.ratis.server.impl.LeaderElection.askForVotes(LeaderElection.java:201)
	at org.apache.ratis.server.impl.LeaderElection.run(LeaderElection.java:133)
	at java.lang.Thread.run(Thread.java:748)
Caused by: org.apache.ratis.thirdparty.io.grpc.StatusRuntimeException: UNAVAILABLE: io exception
	at org.apache.ratis.thirdparty.io.grpc.stub.ClientCalls.toStatusRuntimeException(ClientCalls.java:233)
	at org.apache.ratis.thirdparty.io.grpc.stub.ClientCalls.getUnchecked(ClientCalls.java:214)
	at org.apache.ratis.thirdparty.io.grpc.stub.ClientCalls.blockingUnaryCall(ClientCalls.java:139)
	at org.apache.ratis.proto.grpc.RaftServerProtocolServiceGrpc$RaftServerProtocolServiceBlockingStub.requestVote(RaftServerProtocolServiceGrpc.java:265)
	at org.apache.ratis.grpc.server.GrpcServerProtocolClient.requestVote(GrpcServerProtocolClient.java:90)
	at org.apache.ratis.grpc.server.GrpcService.requestVote(GrpcService.java:204)
	at org.apache.ratis.server.impl.LeaderElection.lambda$submitRequests$1(LeaderElection.java:238)
	at java.util.concurrent.FutureTask.run(FutureTask.java:266)
	at java.util.concurrent.Executors$RunnableAdapter.call(Executors.java:511)
	at java.util.concurrent.FutureTask.run(FutureTask.java:266)
	at java.util.concurrent.ThreadPoolExecutor.runWorker(ThreadPoolExecutor.java:1149)
	at java.util.concurrent.ThreadPoolExecutor$Worker.run(ThreadPoolExecutor.java:624)
	... 1 more
Caused by: org.apache.ratis.thirdparty.io.netty.channel.AbstractChannel$AnnotatedConnectException: Connection refused: /192.168.151.72:38991
	at sun.nio.ch.SocketChannelImpl.checkConnect(Native Method)
	at sun.nio.ch.SocketChannelImpl.finishConnect(SocketChannelImpl.java:717)
	at org.apache.ratis.thirdparty.io.netty.channel.socket.nio.NioSocketChannel.doFinishConnect(NioSocketChannel.java:327)
	at org.apache.ratis.thirdparty.io.netty.channel.nio.AbstractNioChannel$AbstractNioUnsafe.finishConnect(AbstractNioChannel.java:340)
	at org.apache.ratis.thirdparty.io.netty.channel.nio.NioEventLoop.processSelectedKey(NioEventLoop.java:632)
	at org.apache.ratis.thirdparty.io.netty.channel.nio.NioEventLoop.processSelectedKeysOptimized(NioEventLoop.java:579)
	at org.apache.ratis.thirdparty.io.netty.channel.nio.NioEventLoop.processSelectedKeys(NioEventLoop.java:496)
	at org.apache.ratis.thirdparty.io.netty.channel.nio.NioEventLoop.run(NioEventLoop.java:458)
	at org.apache.ratis.thirdparty.io.netty.util.concurrent.SingleThreadEventExecutor$5.run(SingleThreadEventExecutor.java:897)
	at org.apache.ratis.thirdparty.io.netty.util.concurrent.FastThreadLocalRunnable.run(FastThreadLocalRunnable.java:30)
	... 1 more
Caused by: java.net.ConnectException: Connection refused
	... 11 more
2019-09-17 14:55:11,419 [24ee45b5-4e6b-4499-8d3c-0bcd5a303b6d@group-218101269A2C:LeaderElection32] INFO  impl.LeaderElection (LogUtils.java:infoOrTrace(149)) - 24ee45b5-4e6b-4499-8d3c-0bcd5a303b6d@group-218101269A2C:LeaderElection32 got exception when requesting votes: {}
java.util.concurrent.ExecutionException: org.apache.ratis.thirdparty.io.grpc.StatusRuntimeException: UNAVAILABLE: io exception
	at java.util.concurrent.FutureTask.report(FutureTask.java:122)
	at java.util.concurrent.FutureTask.get(FutureTask.java:192)
	at org.apache.ratis.server.impl.LeaderElection.waitForResults(LeaderElection.java:263)
	at org.apache.ratis.server.impl.LeaderElection.askForVotes(LeaderElection.java:201)
	at org.apache.ratis.server.impl.LeaderElection.run(LeaderElection.java:133)
	at java.lang.Thread.run(Thread.java:748)
Caused by: org.apache.ratis.thirdparty.io.grpc.StatusRuntimeException: UNAVAILABLE: io exception
	at org.apache.ratis.thirdparty.io.grpc.stub.ClientCalls.toStatusRuntimeException(ClientCalls.java:233)
	at org.apache.ratis.thirdparty.io.grpc.stub.ClientCalls.getUnchecked(ClientCalls.java:214)
	at org.apache.ratis.thirdparty.io.grpc.stub.ClientCalls.blockingUnaryCall(ClientCalls.java:139)
	at org.apache.ratis.proto.grpc.RaftServerProtocolServiceGrpc$RaftServerProtocolServiceBlockingStub.requestVote(RaftServerProtocolServiceGrpc.java:265)
	at org.apache.ratis.grpc.server.GrpcServerProtocolClient.requestVote(GrpcServerProtocolClient.java:90)
	at org.apache.ratis.grpc.server.GrpcService.requestVote(GrpcService.java:204)
	at org.apache.ratis.server.impl.LeaderElection.lambda$submitRequests$1(LeaderElection.java:238)
	at java.util.concurrent.FutureTask.run(FutureTask.java:266)
	at java.util.concurrent.Executors$RunnableAdapter.call(Executors.java:511)
	at java.util.concurrent.FutureTask.run(FutureTask.java:266)
	at java.util.concurrent.ThreadPoolExecutor.runWorker(ThreadPoolExecutor.java:1149)
	at java.util.concurrent.ThreadPoolExecutor$Worker.run(ThreadPoolExecutor.java:624)
	... 1 more
Caused by: org.apache.ratis.thirdparty.io.netty.channel.AbstractChannel$AnnotatedConnectException: Connection refused: /192.168.151.72:44174
	at sun.nio.ch.SocketChannelImpl.checkConnect(Native Method)
	at sun.nio.ch.SocketChannelImpl.finishConnect(SocketChannelImpl.java:717)
	at org.apache.ratis.thirdparty.io.netty.channel.socket.nio.NioSocketChannel.doFinishConnect(NioSocketChannel.java:327)
	at org.apache.ratis.thirdparty.io.netty.channel.nio.AbstractNioChannel$AbstractNioUnsafe.finishConnect(AbstractNioChannel.java:340)
	at org.apache.ratis.thirdparty.io.netty.channel.nio.NioEventLoop.processSelectedKey(NioEventLoop.java:632)
	at org.apache.ratis.thirdparty.io.netty.channel.nio.NioEventLoop.processSelectedKeysOptimized(NioEventLoop.java:579)
	at org.apache.ratis.thirdparty.io.netty.channel.nio.NioEventLoop.processSelectedKeys(NioEventLoop.java:496)
	at org.apache.ratis.thirdparty.io.netty.channel.nio.NioEventLoop.run(NioEventLoop.java:458)
	at org.apache.ratis.thirdparty.io.netty.util.concurrent.SingleThreadEventExecutor$5.run(SingleThreadEventExecutor.java:897)
	at org.apache.ratis.thirdparty.io.netty.util.concurrent.FastThreadLocalRunnable.run(FastThreadLocalRunnable.java:30)
	... 1 more
Caused by: java.net.ConnectException: Connection refused
	... 11 more
2019-09-17 14:55:11,422 [24ee45b5-4e6b-4499-8d3c-0bcd5a303b6d@group-218101269A2C:LeaderElection32] INFO  impl.LeaderElection (LeaderElection.java:logAndReturn(56)) - 24ee45b5-4e6b-4499-8d3c-0bcd5a303b6d@group-218101269A2C:LeaderElection32: Election REJECTED; received 0 response(s) [] and 2 exception(s); 24ee45b5-4e6b-4499-8d3c-0bcd5a303b6d@group-218101269A2C:t11, leader=null, voted=24ee45b5-4e6b-4499-8d3c-0bcd5a303b6d, raftlog=24ee45b5-4e6b-4499-8d3c-0bcd5a303b6d@group-218101269A2C-SegmentedRaftLog:OPENED:c29,f29,i29, conf=17: [bbb4e265-cb6b-4caa-8b5d-65801261426c:192.168.151.72:38991, 5824bb7b-23b5-4080-8c55-4e36ce35b3ee:192.168.151.72:44174, 24ee45b5-4e6b-4499-8d3c-0bcd5a303b6d:192.168.151.72:44891], old=null
2019-09-17 14:55:11,422 [24ee45b5-4e6b-4499-8d3c-0bcd5a303b6d@group-218101269A2C:LeaderElection32] INFO  impl.LeaderElection (LogUtils.java:infoOrTrace(149)) -   Exception 0: {}
java.util.concurrent.ExecutionException: org.apache.ratis.thirdparty.io.grpc.StatusRuntimeException: UNAVAILABLE: io exception
	at java.util.concurrent.FutureTask.report(FutureTask.java:122)
	at java.util.concurrent.FutureTask.get(FutureTask.java:192)
	at org.apache.ratis.server.impl.LeaderElection.waitForResults(LeaderElection.java:263)
	at org.apache.ratis.server.impl.LeaderElection.askForVotes(LeaderElection.java:201)
	at org.apache.ratis.server.impl.LeaderElection.run(LeaderElection.java:133)
	at java.lang.Thread.run(Thread.java:748)
Caused by: org.apache.ratis.thirdparty.io.grpc.StatusRuntimeException: UNAVAILABLE: io exception
	at org.apache.ratis.thirdparty.io.grpc.stub.ClientCalls.toStatusRuntimeException(ClientCalls.java:233)
	at org.apache.ratis.thirdparty.io.grpc.stub.ClientCalls.getUnchecked(ClientCalls.java:214)
	at org.apache.ratis.thirdparty.io.grpc.stub.ClientCalls.blockingUnaryCall(ClientCalls.java:139)
	at org.apache.ratis.proto.grpc.RaftServerProtocolServiceGrpc$RaftServerProtocolServiceBlockingStub.requestVote(RaftServerProtocolServiceGrpc.java:265)
	at org.apache.ratis.grpc.server.GrpcServerProtocolClient.requestVote(GrpcServerProtocolClient.java:90)
	at org.apache.ratis.grpc.server.GrpcService.requestVote(GrpcService.java:204)
	at org.apache.ratis.server.impl.LeaderElection.lambda$submitRequests$1(LeaderElection.java:238)
	at java.util.concurrent.FutureTask.run(FutureTask.java:266)
	at java.util.concurrent.Executors$RunnableAdapter.call(Executors.java:511)
	at java.util.concurrent.FutureTask.run(FutureTask.java:266)
	at java.util.concurrent.ThreadPoolExecutor.runWorker(ThreadPoolExecutor.java:1149)
	at java.util.concurrent.ThreadPoolExecutor$Worker.run(ThreadPoolExecutor.java:624)
	... 1 more
Caused by: org.apache.ratis.thirdparty.io.netty.channel.AbstractChannel$AnnotatedConnectException: Connection refused: /192.168.151.72:38991
	at sun.nio.ch.SocketChannelImpl.checkConnect(Native Method)
	at sun.nio.ch.SocketChannelImpl.finishConnect(SocketChannelImpl.java:717)
	at org.apache.ratis.thirdparty.io.netty.channel.socket.nio.NioSocketChannel.doFinishConnect(NioSocketChannel.java:327)
	at org.apache.ratis.thirdparty.io.netty.channel.nio.AbstractNioChannel$AbstractNioUnsafe.finishConnect(AbstractNioChannel.java:340)
	at org.apache.ratis.thirdparty.io.netty.channel.nio.NioEventLoop.processSelectedKey(NioEventLoop.java:632)
	at org.apache.ratis.thirdparty.io.netty.channel.nio.NioEventLoop.processSelectedKeysOptimized(NioEventLoop.java:579)
	at org.apache.ratis.thirdparty.io.netty.channel.nio.NioEventLoop.processSelectedKeys(NioEventLoop.java:496)
	at org.apache.ratis.thirdparty.io.netty.channel.nio.NioEventLoop.run(NioEventLoop.java:458)
	at org.apache.ratis.thirdparty.io.netty.util.concurrent.SingleThreadEventExecutor$5.run(SingleThreadEventExecutor.java:897)
	at org.apache.ratis.thirdparty.io.netty.util.concurrent.FastThreadLocalRunnable.run(FastThreadLocalRunnable.java:30)
	... 1 more
Caused by: java.net.ConnectException: Connection refused
	... 11 more
2019-09-17 14:55:11,423 [24ee45b5-4e6b-4499-8d3c-0bcd5a303b6d@group-218101269A2C:LeaderElection32] INFO  impl.LeaderElection (LogUtils.java:infoOrTrace(149)) -   Exception 1: {}
java.util.concurrent.ExecutionException: org.apache.ratis.thirdparty.io.grpc.StatusRuntimeException: UNAVAILABLE: io exception
	at java.util.concurrent.FutureTask.report(FutureTask.java:122)
	at java.util.concurrent.FutureTask.get(FutureTask.java:192)
	at org.apache.ratis.server.impl.LeaderElection.waitForResults(LeaderElection.java:263)
	at org.apache.ratis.server.impl.LeaderElection.askForVotes(LeaderElection.java:201)
	at org.apache.ratis.server.impl.LeaderElection.run(LeaderElection.java:133)
	at java.lang.Thread.run(Thread.java:748)
Caused by: org.apache.ratis.thirdparty.io.grpc.StatusRuntimeException: UNAVAILABLE: io exception
	at org.apache.ratis.thirdparty.io.grpc.stub.ClientCalls.toStatusRuntimeException(ClientCalls.java:233)
	at org.apache.ratis.thirdparty.io.grpc.stub.ClientCalls.getUnchecked(ClientCalls.java:214)
	at org.apache.ratis.thirdparty.io.grpc.stub.ClientCalls.blockingUnaryCall(ClientCalls.java:139)
	at org.apache.ratis.proto.grpc.RaftServerProtocolServiceGrpc$RaftServerProtocolServiceBlockingStub.requestVote(RaftServerProtocolServiceGrpc.java:265)
	at org.apache.ratis.grpc.server.GrpcServerProtocolClient.requestVote(GrpcServerProtocolClient.java:90)
	at org.apache.ratis.grpc.server.GrpcService.requestVote(GrpcService.java:204)
	at org.apache.ratis.server.impl.LeaderElection.lambda$submitRequests$1(LeaderElection.java:238)
	at java.util.concurrent.FutureTask.run(FutureTask.java:266)
	at java.util.concurrent.Executors$RunnableAdapter.call(Executors.java:511)
	at java.util.concurrent.FutureTask.run(FutureTask.java:266)
	at java.util.concurrent.ThreadPoolExecutor.runWorker(ThreadPoolExecutor.java:1149)
	at java.util.concurrent.ThreadPoolExecutor$Worker.run(ThreadPoolExecutor.java:624)
	... 1 more
Caused by: org.apache.ratis.thirdparty.io.netty.channel.AbstractChannel$AnnotatedConnectException: Connection refused: /192.168.151.72:44174
	at sun.nio.ch.SocketChannelImpl.checkConnect(Native Method)
	at sun.nio.ch.SocketChannelImpl.finishConnect(SocketChannelImpl.java:717)
	at org.apache.ratis.thirdparty.io.netty.channel.socket.nio.NioSocketChannel.doFinishConnect(NioSocketChannel.java:327)
	at org.apache.ratis.thirdparty.io.netty.channel.nio.AbstractNioChannel$AbstractNioUnsafe.finishConnect(AbstractNioChannel.java:340)
	at org.apache.ratis.thirdparty.io.netty.channel.nio.NioEventLoop.processSelectedKey(NioEventLoop.java:632)
	at org.apache.ratis.thirdparty.io.netty.channel.nio.NioEventLoop.processSelectedKeysOptimized(NioEventLoop.java:579)
	at org.apache.ratis.thirdparty.io.netty.channel.nio.NioEventLoop.processSelectedKeys(NioEventLoop.java:496)
	at org.apache.ratis.thirdparty.io.netty.channel.nio.NioEventLoop.run(NioEventLoop.java:458)
	at org.apache.ratis.thirdparty.io.netty.util.concurrent.SingleThreadEventExecutor$5.run(SingleThreadEventExecutor.java:897)
	at org.apache.ratis.thirdparty.io.netty.util.concurrent.FastThreadLocalRunnable.run(FastThreadLocalRunnable.java:30)
	... 1 more
Caused by: java.net.ConnectException: Connection refused
	... 11 more
2019-09-17 14:55:11,423 [24ee45b5-4e6b-4499-8d3c-0bcd5a303b6d@group-218101269A2C:LeaderElection32] INFO  impl.RaftServerImpl (RaftServerImpl.java:setRole(174)) - 24ee45b5-4e6b-4499-8d3c-0bcd5a303b6d@group-218101269A2C: changes role from CANDIDATE to FOLLOWER at term 11 for DISCOVERED_A_NEW_TERM
2019-09-17 14:55:11,424 [24ee45b5-4e6b-4499-8d3c-0bcd5a303b6d@group-218101269A2C:LeaderElection32] INFO  impl.RoleInfo (RoleInfo.java:shutdownLeaderElection(134)) - 24ee45b5-4e6b-4499-8d3c-0bcd5a303b6d: shutdown LeaderElection
2019-09-17 14:55:11,424 [24ee45b5-4e6b-4499-8d3c-0bcd5a303b6d@group-218101269A2C:LeaderElection32] INFO  impl.RoleInfo (RoleInfo.java:updateAndGet(143)) - 24ee45b5-4e6b-4499-8d3c-0bcd5a303b6d: start FollowerState
2019-09-17 14:55:11,889 [java.util.concurrent.ThreadPoolExecutor$Worker@1fe41ca9[State = -1, empty queue]] WARN  server.GrpcLogAppender (GrpcLogAppender.java:timeoutAppendRequest(200)) - 64dc86e1-b58a-47fa-9209-c80a04613504@group-85515DBFC7EF->0d659ca8-8d3f-4ad5-ad2a-cdb4ab88523b-GrpcLogAppender: appendEntries Timeout, request=64dc86e1-b58a-47fa-9209-c80a04613504->0d659ca8-8d3f-4ad5-ad2a-cdb4ab88523b#107-t2, previous=(t:2, i:20), leaderCommit=16, initializing? false, entries: <empty>
2019-09-17 14:55:11,902 [java.util.concurrent.ThreadPoolExecutor$Worker@486b56da[State = -1, empty queue]] WARN  server.GrpcLogAppender (GrpcLogAppender.java:timeoutAppendRequest(200)) - 64dc86e1-b58a-47fa-9209-c80a04613504@group-85515DBFC7EF->296d1e6a-4d03-4625-a926-8603881e9a06-GrpcLogAppender: appendEntries Timeout, request=64dc86e1-b58a-47fa-9209-c80a04613504->296d1e6a-4d03-4625-a926-8603881e9a06#107-t2, previous=(t:2, i:20), leaderCommit=16, initializing? false, entries: <empty>
2019-09-17 14:55:12,134 [main] WARN  io.KeyOutputStream (KeyOutputStream.java:handleException(276)) - Encountered exception java.io.IOException: Unexpected Storage Container Exception: java.util.concurrent.CompletionException: java.util.concurrent.CompletionException: org.apache.ratis.protocol.RaftRetryFailureException: Failed RaftClientRequest:client-0643CBBFECAA->bbb4e265-cb6b-4caa-8b5d-65801261426c@group-218101269A2C, cid=61, seq=7*, RW, org.apache.hadoop.hdds.scm.XceiverClientRatis$$Lambda$435/1403539444@5f57e298 for 10 attempts with RetryLimited(maxAttempts=10, sleepTime=1000ms) on the pipeline Pipeline[ Id: 4f8d5d5a-f561-4b2a-a81e-218101269a2c, Nodes: bbb4e265-cb6b-4caa-8b5d-65801261426c{ip: 192.168.151.72, host: pr-hdds-2137-trunk-f8w4d-2934045284, networkLocation: /default-rack, certSerialId: null}5824bb7b-23b5-4080-8c55-4e36ce35b3ee{ip: 192.168.151.72, host: pr-hdds-2137-trunk-f8w4d-2934045284, networkLocation: /default-rack, certSerialId: null}24ee45b5-4e6b-4499-8d3c-0bcd5a303b6d{ip: 192.168.151.72, host: pr-hdds-2137-trunk-f8w4d-2934045284, networkLocation: /default-rack, certSerialId: null}, Type:RATIS, Factor:THREE, State:OPEN]. The last committed block length is 2097152, uncommitted data length is 2097152 retry count 0
2019-09-17 14:55:12,157 [grpc-default-executor-1] INFO  client.GrpcClientProtocolClient (GrpcClientProtocolClient.java:onNext(264)) - client-CBA6351075E1->87bd24bf-ffb9-4c07-ac8f-086f94142b7e: receive RaftClientReply:client-CBA6351075E1->87bd24bf-ffb9-4c07-ac8f-086f94142b7e@group-A10EF1BAEC68, cid=63, FAILED org.apache.ratis.protocol.NotLeaderException: Server 87bd24bf-ffb9-4c07-ac8f-086f94142b7e@group-A10EF1BAEC68 is not the leader 9b5674b6-1da3-4a18-a3b1-2bf65c31b2e5:192.168.151.72:42570, logIndex=0, commits[87bd24bf-ffb9-4c07-ac8f-086f94142b7e:c15, 9b5674b6-1da3-4a18-a3b1-2bf65c31b2e5:c15, 55160a25-c10a-4fac-977f-ea88e555cd0f:c15]
2019-09-17 14:55:12,308 [grpc-default-executor-1] INFO  client.GrpcClientProtocolClient (GrpcClientProtocolClient.java:onNext(264)) - client-CBA6351075E1->9b5674b6-1da3-4a18-a3b1-2bf65c31b2e5: receive RaftClientReply:client-CBA6351075E1->9b5674b6-1da3-4a18-a3b1-2bf65c31b2e5@group-A10EF1BAEC68, cid=63, SUCCESS, logIndex=16, commits[9b5674b6-1da3-4a18-a3b1-2bf65c31b2e5:c16, 87bd24bf-ffb9-4c07-ac8f-086f94142b7e:c15, 55160a25-c10a-4fac-977f-ea88e555cd0f:c15]
2019-09-17 14:55:12,345 [296d1e6a-4d03-4625-a926-8603881e9a06@group-85515DBFC7EF-SegmentedRaftLogWorker] WARN  segmented.SegmentedRaftLogWorker (SegmentedRaftLogWorker.java:getFromFuture(90)) - Timeout 3/~
org.apache.ratis.protocol.TimeoutIOException: Timeout 10s: WriteLog:17: (t:2, i:17), STATEMACHINELOGENTRY, client-30C4B51AD9D2, cid=49-writeStateMachineData
	at org.apache.ratis.util.IOUtils.getFromFuture(IOUtils.java:87)
	at org.apache.ratis.server.raftlog.segmented.SegmentedRaftLogWorker$StateMachineDataPolicy.getFromFuture(SegmentedRaftLogWorker.java:87)
	at org.apache.ratis.server.raftlog.segmented.SegmentedRaftLogWorker$WriteLog.execute(SegmentedRaftLogWorker.java:477)
	at org.apache.ratis.server.raftlog.segmented.SegmentedRaftLogWorker.run(SegmentedRaftLogWorker.java:289)
	at java.lang.Thread.run(Thread.java:748)
Caused by: java.util.concurrent.TimeoutException
	at java.util.concurrent.CompletableFuture.timedGet(CompletableFuture.java:1771)
	at java.util.concurrent.CompletableFuture.get(CompletableFuture.java:1915)
	at org.apache.ratis.util.IOUtils.getFromFuture(IOUtils.java:79)
	... 4 more
2019-09-17 14:55:12,353 [grpc-default-executor-0] INFO  client.GrpcClientProtocolClient (GrpcClientProtocolClient.java:onNext(264)) - client-CBA6351075E1->9b5674b6-1da3-4a18-a3b1-2bf65c31b2e5: receive RaftClientReply:client-CBA6351075E1->9b5674b6-1da3-4a18-a3b1-2bf65c31b2e5@group-A10EF1BAEC68, cid=64, SUCCESS, logIndex=18, commits[9b5674b6-1da3-4a18-a3b1-2bf65c31b2e5:c22, 87bd24bf-ffb9-4c07-ac8f-086f94142b7e:c21, 55160a25-c10a-4fac-977f-ea88e555cd0f:c21]
2019-09-17 14:55:12,354 [grpc-default-executor-0] INFO  client.GrpcClientProtocolClient (GrpcClientProtocolClient.java:onNext(264)) - client-CBA6351075E1->9b5674b6-1da3-4a18-a3b1-2bf65c31b2e5: receive RaftClientReply:client-CBA6351075E1->9b5674b6-1da3-4a18-a3b1-2bf65c31b2e5@group-A10EF1BAEC68, cid=65, SUCCESS, logIndex=19, commits[9b5674b6-1da3-4a18-a3b1-2bf65c31b2e5:c22, 87bd24bf-ffb9-4c07-ac8f-086f94142b7e:c21, 55160a25-c10a-4fac-977f-ea88e555cd0f:c21]
2019-09-17 14:55:12,372 [64dc86e1-b58a-47fa-9209-c80a04613504@group-85515DBFC7EF-SegmentedRaftLogWorker] WARN  segmented.SegmentedRaftLogWorker (SegmentedRaftLogWorker.java:getFromFuture(90)) - Timeout 3/~
org.apache.ratis.protocol.TimeoutIOException: Timeout 10s: WriteLog:19: (t:2, i:19), STATEMACHINELOGENTRY, client-30C4B51AD9D2, cid=51-writeStateMachineData
	at org.apache.ratis.util.IOUtils.getFromFuture(IOUtils.java:87)
	at org.apache.ratis.server.raftlog.segmented.SegmentedRaftLogWorker$StateMachineDataPolicy.getFromFuture(SegmentedRaftLogWorker.java:87)
	at org.apache.ratis.server.raftlog.segmented.SegmentedRaftLogWorker$WriteLog.execute(SegmentedRaftLogWorker.java:477)
	at org.apache.ratis.server.raftlog.segmented.SegmentedRaftLogWorker.run(SegmentedRaftLogWorker.java:289)
	at java.lang.Thread.run(Thread.java:748)
Caused by: java.util.concurrent.TimeoutException
	at java.util.concurrent.CompletableFuture.timedGet(CompletableFuture.java:1771)
	at java.util.concurrent.CompletableFuture.get(CompletableFuture.java:1915)
	at org.apache.ratis.util.IOUtils.getFromFuture(IOUtils.java:79)
	... 4 more
2019-09-17 14:55:12,382 [grpc-default-executor-0] INFO  client.GrpcClientProtocolClient (GrpcClientProtocolClient.java:onNext(264)) - client-CBA6351075E1->9b5674b6-1da3-4a18-a3b1-2bf65c31b2e5: receive RaftClientReply:client-CBA6351075E1->9b5674b6-1da3-4a18-a3b1-2bf65c31b2e5@group-A10EF1BAEC68, cid=66, SUCCESS, logIndex=20, commits[9b5674b6-1da3-4a18-a3b1-2bf65c31b2e5:c22, 87bd24bf-ffb9-4c07-ac8f-086f94142b7e:c21, 55160a25-c10a-4fac-977f-ea88e555cd0f:c21]
2019-09-17 14:55:12,390 [0d659ca8-8d3f-4ad5-ad2a-cdb4ab88523b@group-85515DBFC7EF-SegmentedRaftLogWorker] WARN  segmented.SegmentedRaftLogWorker (SegmentedRaftLogWorker.java:getFromFuture(90)) - Timeout 3/~
org.apache.ratis.protocol.TimeoutIOException: Timeout 10s: WriteLog:19: (t:2, i:19), STATEMACHINELOGENTRY, client-30C4B51AD9D2, cid=51-writeStateMachineData
	at org.apache.ratis.util.IOUtils.getFromFuture(IOUtils.java:87)
	at org.apache.ratis.server.raftlog.segmented.SegmentedRaftLogWorker$StateMachineDataPolicy.getFromFuture(SegmentedRaftLogWorker.java:87)
	at org.apache.ratis.server.raftlog.segmented.SegmentedRaftLogWorker$WriteLog.execute(SegmentedRaftLogWorker.java:477)
	at org.apache.ratis.server.raftlog.segmented.SegmentedRaftLogWorker.run(SegmentedRaftLogWorker.java:289)
	at java.lang.Thread.run(Thread.java:748)
Caused by: java.util.concurrent.TimeoutException
	at java.util.concurrent.CompletableFuture.timedGet(CompletableFuture.java:1771)
	at java.util.concurrent.CompletableFuture.get(CompletableFuture.java:1915)
	at org.apache.ratis.util.IOUtils.getFromFuture(IOUtils.java:79)
	... 4 more
2019-09-17 14:55:12,391 [java.util.concurrent.ThreadPoolExecutor$Worker@1fe41ca9[State = -1, empty queue]] WARN  server.GrpcLogAppender (GrpcLogAppender.java:timeoutAppendRequest(200)) - 64dc86e1-b58a-47fa-9209-c80a04613504@group-85515DBFC7EF->0d659ca8-8d3f-4ad5-ad2a-cdb4ab88523b-GrpcLogAppender: appendEntries Timeout, request=64dc86e1-b58a-47fa-9209-c80a04613504->0d659ca8-8d3f-4ad5-ad2a-cdb4ab88523b#108-t2, previous=(t:2, i:20), leaderCommit=16, initializing? false, entries: <empty>
2019-09-17 14:55:12,393 [java.util.concurrent.ThreadPoolExecutor$Worker@486b56da[State = -1, empty queue]] WARN  server.GrpcLogAppender (GrpcLogAppender.java:timeoutAppendRequest(200)) - 64dc86e1-b58a-47fa-9209-c80a04613504@group-85515DBFC7EF->296d1e6a-4d03-4625-a926-8603881e9a06-GrpcLogAppender: appendEntries Timeout, request=64dc86e1-b58a-47fa-9209-c80a04613504->296d1e6a-4d03-4625-a926-8603881e9a06#108-t2, previous=(t:2, i:20), leaderCommit=16, initializing? false, entries: <empty>
2019-09-17 14:55:12,399 [grpc-default-executor-1] INFO  client.GrpcClientProtocolClient (GrpcClientProtocolClient.java:onNext(264)) - client-CBA6351075E1->9b5674b6-1da3-4a18-a3b1-2bf65c31b2e5: receive RaftClientReply:client-CBA6351075E1->9b5674b6-1da3-4a18-a3b1-2bf65c31b2e5@group-A10EF1BAEC68, cid=67, SUCCESS, logIndex=23, commits[9b5674b6-1da3-4a18-a3b1-2bf65c31b2e5:c24, 87bd24bf-ffb9-4c07-ac8f-086f94142b7e:c22, 55160a25-c10a-4fac-977f-ea88e555cd0f:c21]
2019-09-17 14:55:12,400 [grpc-default-executor-1] INFO  client.GrpcClientProtocolClient (GrpcClientProtocolClient.java:onNext(264)) - client-CBA6351075E1->9b5674b6-1da3-4a18-a3b1-2bf65c31b2e5: receive RaftClientReply:client-CBA6351075E1->9b5674b6-1da3-4a18-a3b1-2bf65c31b2e5@group-A10EF1BAEC68, cid=68, SUCCESS, logIndex=24, commits[9b5674b6-1da3-4a18-a3b1-2bf65c31b2e5:c24, 87bd24bf-ffb9-4c07-ac8f-086f94142b7e:c22, 55160a25-c10a-4fac-977f-ea88e555cd0f:c21]
2019-09-17 14:55:12,405 [grpc-default-executor-1] INFO  client.GrpcClientProtocolClient (GrpcClientProtocolClient.java:onNext(264)) - client-CBA6351075E1->9b5674b6-1da3-4a18-a3b1-2bf65c31b2e5: receive RaftClientReply:client-CBA6351075E1->9b5674b6-1da3-4a18-a3b1-2bf65c31b2e5@group-A10EF1BAEC68, cid=69, SUCCESS, logIndex=25, commits[9b5674b6-1da3-4a18-a3b1-2bf65c31b2e5:c28, 87bd24bf-ffb9-4c07-ac8f-086f94142b7e:c24, 55160a25-c10a-4fac-977f-ea88e555cd0f:c21]
2019-09-17 14:55:12,406 [grpc-default-executor-1] INFO  client.GrpcClientProtocolClient (GrpcClientProtocolClient.java:onNext(264)) - client-CBA6351075E1->9b5674b6-1da3-4a18-a3b1-2bf65c31b2e5: receive RaftClientReply:client-CBA6351075E1->9b5674b6-1da3-4a18-a3b1-2bf65c31b2e5@group-A10EF1BAEC68, cid=70, SUCCESS, logIndex=26, commits[9b5674b6-1da3-4a18-a3b1-2bf65c31b2e5:c28, 87bd24bf-ffb9-4c07-ac8f-086f94142b7e:c24, 55160a25-c10a-4fac-977f-ea88e555cd0f:c22]
2019-09-17 14:55:12,413 [grpc-default-executor-1] INFO  client.GrpcClientProtocolClient (GrpcClientProtocolClient.java:onNext(264)) - client-CBA6351075E1->9b5674b6-1da3-4a18-a3b1-2bf65c31b2e5: receive RaftClientReply:client-CBA6351075E1->9b5674b6-1da3-4a18-a3b1-2bf65c31b2e5@group-A10EF1BAEC68, cid=71, SUCCESS, logIndex=0, commits[9b5674b6-1da3-4a18-a3b1-2bf65c31b2e5:c28, 87bd24bf-ffb9-4c07-ac8f-086f94142b7e:c24, 55160a25-c10a-4fac-977f-ea88e555cd0f:c24]
2019-09-17 14:55:12,415 [grpc-default-executor-1] INFO  client.GrpcClientProtocolClient (GrpcClientProtocolClient.java:onNext(264)) - client-CBA6351075E1->9b5674b6-1da3-4a18-a3b1-2bf65c31b2e5: receive RaftClientReply:client-CBA6351075E1->9b5674b6-1da3-4a18-a3b1-2bf65c31b2e5@group-A10EF1BAEC68, cid=72, SUCCESS, logIndex=0, commits[9b5674b6-1da3-4a18-a3b1-2bf65c31b2e5:c30, 87bd24bf-ffb9-4c07-ac8f-086f94142b7e:c28, 55160a25-c10a-4fac-977f-ea88e555cd0f:c28]
2019-09-17 14:55:12,487 [Thread-1154] INFO  impl.FollowerState (FollowerState.java:run(106)) - 24ee45b5-4e6b-4499-8d3c-0bcd5a303b6d:group-218101269A2C changes to CANDIDATE, lastRpcTime:1063, electionTimeout:1063ms
2019-09-17 14:55:12,487 [Thread-1154] INFO  impl.RoleInfo (RoleInfo.java:shutdownFollowerState(121)) - 24ee45b5-4e6b-4499-8d3c-0bcd5a303b6d: shutdown FollowerState
2019-09-17 14:55:12,488 [Thread-1154] INFO  impl.RaftServerImpl (RaftServerImpl.java:setRole(174)) - 24ee45b5-4e6b-4499-8d3c-0bcd5a303b6d@group-218101269A2C: changes role from  FOLLOWER to CANDIDATE at term 11 for changeToCandidate
2019-09-17 14:55:12,488 [Thread-1154] INFO  impl.RoleInfo (RoleInfo.java:updateAndGet(143)) - 24ee45b5-4e6b-4499-8d3c-0bcd5a303b6d: start LeaderElection
2019-09-17 14:55:12,511 [24ee45b5-4e6b-4499-8d3c-0bcd5a303b6d@group-218101269A2C:LeaderElection33] INFO  impl.LeaderElection (LeaderElection.java:askForVotes(182)) - 24ee45b5-4e6b-4499-8d3c-0bcd5a303b6d@group-218101269A2C:LeaderElection33: begin an election at term 12 for 17: [bbb4e265-cb6b-4caa-8b5d-65801261426c:192.168.151.72:38991, 5824bb7b-23b5-4080-8c55-4e36ce35b3ee:192.168.151.72:44174, 24ee45b5-4e6b-4499-8d3c-0bcd5a303b6d:192.168.151.72:44891], old=null
2019-09-17 14:55:12,512 [24ee45b5-4e6b-4499-8d3c-0bcd5a303b6d@group-218101269A2C:LeaderElection33] INFO  impl.LeaderElection (LogUtils.java:infoOrTrace(149)) - 24ee45b5-4e6b-4499-8d3c-0bcd5a303b6d@group-218101269A2C:LeaderElection33 got exception when requesting votes: {}
java.util.concurrent.ExecutionException: org.apache.ratis.thirdparty.io.grpc.StatusRuntimeException: UNAVAILABLE: io exception
	at java.util.concurrent.FutureTask.report(FutureTask.java:122)
	at java.util.concurrent.FutureTask.get(FutureTask.java:192)
	at org.apache.ratis.server.impl.LeaderElection.waitForResults(LeaderElection.java:263)
	at org.apache.ratis.server.impl.LeaderElection.askForVotes(LeaderElection.java:201)
	at org.apache.ratis.server.impl.LeaderElection.run(LeaderElection.java:133)
	at java.lang.Thread.run(Thread.java:748)
Caused by: org.apache.ratis.thirdparty.io.grpc.StatusRuntimeException: UNAVAILABLE: io exception
	at org.apache.ratis.thirdparty.io.grpc.stub.ClientCalls.toStatusRuntimeException(ClientCalls.java:233)
	at org.apache.ratis.thirdparty.io.grpc.stub.ClientCalls.getUnchecked(ClientCalls.java:214)
	at org.apache.ratis.thirdparty.io.grpc.stub.ClientCalls.blockingUnaryCall(ClientCalls.java:139)
	at org.apache.ratis.proto.grpc.RaftServerProtocolServiceGrpc$RaftServerProtocolServiceBlockingStub.requestVote(RaftServerProtocolServiceGrpc.java:265)
	at org.apache.ratis.grpc.server.GrpcServerProtocolClient.requestVote(GrpcServerProtocolClient.java:90)
	at org.apache.ratis.grpc.server.GrpcService.requestVote(GrpcService.java:204)
	at org.apache.ratis.server.impl.LeaderElection.lambda$submitRequests$1(LeaderElection.java:238)
	at java.util.concurrent.FutureTask.run(FutureTask.java:266)
	at java.util.concurrent.Executors$RunnableAdapter.call(Executors.java:511)
	at java.util.concurrent.FutureTask.run(FutureTask.java:266)
	at java.util.concurrent.ThreadPoolExecutor.runWorker(ThreadPoolExecutor.java:1149)
	at java.util.concurrent.ThreadPoolExecutor$Worker.run(ThreadPoolExecutor.java:624)
	... 1 more
Caused by: org.apache.ratis.thirdparty.io.netty.channel.AbstractChannel$AnnotatedConnectException: Connection refused: /192.168.151.72:44174
	at sun.nio.ch.SocketChannelImpl.checkConnect(Native Method)
	at sun.nio.ch.SocketChannelImpl.finishConnect(SocketChannelImpl.java:717)
	at org.apache.ratis.thirdparty.io.netty.channel.socket.nio.NioSocketChannel.doFinishConnect(NioSocketChannel.java:327)
	at org.apache.ratis.thirdparty.io.netty.channel.nio.AbstractNioChannel$AbstractNioUnsafe.finishConnect(AbstractNioChannel.java:340)
	at org.apache.ratis.thirdparty.io.netty.channel.nio.NioEventLoop.processSelectedKey(NioEventLoop.java:632)
	at org.apache.ratis.thirdparty.io.netty.channel.nio.NioEventLoop.processSelectedKeysOptimized(NioEventLoop.java:579)
	at org.apache.ratis.thirdparty.io.netty.channel.nio.NioEventLoop.processSelectedKeys(NioEventLoop.java:496)
	at org.apache.ratis.thirdparty.io.netty.channel.nio.NioEventLoop.run(NioEventLoop.java:458)
	at org.apache.ratis.thirdparty.io.netty.util.concurrent.SingleThreadEventExecutor$5.run(SingleThreadEventExecutor.java:897)
	at org.apache.ratis.thirdparty.io.netty.util.concurrent.FastThreadLocalRunnable.run(FastThreadLocalRunnable.java:30)
	... 1 more
Caused by: java.net.ConnectException: Connection refused
	... 11 more
2019-09-17 14:55:12,515 [24ee45b5-4e6b-4499-8d3c-0bcd5a303b6d@group-218101269A2C:LeaderElection33] INFO  impl.LeaderElection (LogUtils.java:infoOrTrace(149)) - 24ee45b5-4e6b-4499-8d3c-0bcd5a303b6d@group-218101269A2C:LeaderElection33 got exception when requesting votes: {}
java.util.concurrent.ExecutionException: org.apache.ratis.thirdparty.io.grpc.StatusRuntimeException: UNAVAILABLE: io exception
	at java.util.concurrent.FutureTask.report(FutureTask.java:122)
	at java.util.concurrent.FutureTask.get(FutureTask.java:192)
	at org.apache.ratis.server.impl.LeaderElection.waitForResults(LeaderElection.java:263)
	at org.apache.ratis.server.impl.LeaderElection.askForVotes(LeaderElection.java:201)
	at org.apache.ratis.server.impl.LeaderElection.run(LeaderElection.java:133)
	at java.lang.Thread.run(Thread.java:748)
Caused by: org.apache.ratis.thirdparty.io.grpc.StatusRuntimeException: UNAVAILABLE: io exception
	at org.apache.ratis.thirdparty.io.grpc.stub.ClientCalls.toStatusRuntimeException(ClientCalls.java:233)
	at org.apache.ratis.thirdparty.io.grpc.stub.ClientCalls.getUnchecked(ClientCalls.java:214)
	at org.apache.ratis.thirdparty.io.grpc.stub.ClientCalls.blockingUnaryCall(ClientCalls.java:139)
	at org.apache.ratis.proto.grpc.RaftServerProtocolServiceGrpc$RaftServerProtocolServiceBlockingStub.requestVote(RaftServerProtocolServiceGrpc.java:265)
	at org.apache.ratis.grpc.server.GrpcServerProtocolClient.requestVote(GrpcServerProtocolClient.java:90)
	at org.apache.ratis.grpc.server.GrpcService.requestVote(GrpcService.java:204)
	at org.apache.ratis.server.impl.LeaderElection.lambda$submitRequests$1(LeaderElection.java:238)
	at java.util.concurrent.FutureTask.run(FutureTask.java:266)
	at java.util.concurrent.Executors$RunnableAdapter.call(Executors.java:511)
	at java.util.concurrent.FutureTask.run(FutureTask.java:266)
	at java.util.concurrent.ThreadPoolExecutor.runWorker(ThreadPoolExecutor.java:1149)
	at java.util.concurrent.ThreadPoolExecutor$Worker.run(ThreadPoolExecutor.java:624)
	... 1 more
Caused by: org.apache.ratis.thirdparty.io.netty.channel.AbstractChannel$AnnotatedConnectException: Connection refused: /192.168.151.72:38991
	at sun.nio.ch.SocketChannelImpl.checkConnect(Native Method)
	at sun.nio.ch.SocketChannelImpl.finishConnect(SocketChannelImpl.java:717)
	at org.apache.ratis.thirdparty.io.netty.channel.socket.nio.NioSocketChannel.doFinishConnect(NioSocketChannel.java:327)
	at org.apache.ratis.thirdparty.io.netty.channel.nio.AbstractNioChannel$AbstractNioUnsafe.finishConnect(AbstractNioChannel.java:340)
	at org.apache.ratis.thirdparty.io.netty.channel.nio.NioEventLoop.processSelectedKey(NioEventLoop.java:632)
	at org.apache.ratis.thirdparty.io.netty.channel.nio.NioEventLoop.processSelectedKeysOptimized(NioEventLoop.java:579)
	at org.apache.ratis.thirdparty.io.netty.channel.nio.NioEventLoop.processSelectedKeys(NioEventLoop.java:496)
	at org.apache.ratis.thirdparty.io.netty.channel.nio.NioEventLoop.run(NioEventLoop.java:458)
	at org.apache.ratis.thirdparty.io.netty.util.concurrent.SingleThreadEventExecutor$5.run(SingleThreadEventExecutor.java:897)
	at org.apache.ratis.thirdparty.io.netty.util.concurrent.FastThreadLocalRunnable.run(FastThreadLocalRunnable.java:30)
	... 1 more
Caused by: java.net.ConnectException: Connection refused
	... 11 more
2019-09-17 14:55:12,517 [24ee45b5-4e6b-4499-8d3c-0bcd5a303b6d@group-218101269A2C:LeaderElection33] INFO  impl.LeaderElection (LeaderElection.java:logAndReturn(56)) - 24ee45b5-4e6b-4499-8d3c-0bcd5a303b6d@group-218101269A2C:LeaderElection33: Election REJECTED; received 0 response(s) [] and 2 exception(s); 24ee45b5-4e6b-4499-8d3c-0bcd5a303b6d@group-218101269A2C:t12, leader=null, voted=24ee45b5-4e6b-4499-8d3c-0bcd5a303b6d, raftlog=24ee45b5-4e6b-4499-8d3c-0bcd5a303b6d@group-218101269A2C-SegmentedRaftLog:OPENED:c29,f29,i29, conf=17: [bbb4e265-cb6b-4caa-8b5d-65801261426c:192.168.151.72:38991, 5824bb7b-23b5-4080-8c55-4e36ce35b3ee:192.168.151.72:44174, 24ee45b5-4e6b-4499-8d3c-0bcd5a303b6d:192.168.151.72:44891], old=null
2019-09-17 14:55:12,517 [24ee45b5-4e6b-4499-8d3c-0bcd5a303b6d@group-218101269A2C:LeaderElection33] INFO  impl.LeaderElection (LogUtils.java:infoOrTrace(149)) -   Exception 0: {}
java.util.concurrent.ExecutionException: org.apache.ratis.thirdparty.io.grpc.StatusRuntimeException: UNAVAILABLE: io exception
	at java.util.concurrent.FutureTask.report(FutureTask.java:122)
	at java.util.concurrent.FutureTask.get(FutureTask.java:192)
	at org.apache.ratis.server.impl.LeaderElection.waitForResults(LeaderElection.java:263)
	at org.apache.ratis.server.impl.LeaderElection.askForVotes(LeaderElection.java:201)
	at org.apache.ratis.server.impl.LeaderElection.run(LeaderElection.java:133)
	at java.lang.Thread.run(Thread.java:748)
Caused by: org.apache.ratis.thirdparty.io.grpc.StatusRuntimeException: UNAVAILABLE: io exception
	at org.apache.ratis.thirdparty.io.grpc.stub.ClientCalls.toStatusRuntimeException(ClientCalls.java:233)
	at org.apache.ratis.thirdparty.io.grpc.stub.ClientCalls.getUnchecked(ClientCalls.java:214)
	at org.apache.ratis.thirdparty.io.grpc.stub.ClientCalls.blockingUnaryCall(ClientCalls.java:139)
	at org.apache.ratis.proto.grpc.RaftServerProtocolServiceGrpc$RaftServerProtocolServiceBlockingStub.requestVote(RaftServerProtocolServiceGrpc.java:265)
	at org.apache.ratis.grpc.server.GrpcServerProtocolClient.requestVote(GrpcServerProtocolClient.java:90)
	at org.apache.ratis.grpc.server.GrpcService.requestVote(GrpcService.java:204)
	at org.apache.ratis.server.impl.LeaderElection.lambda$submitRequests$1(LeaderElection.java:238)
	at java.util.concurrent.FutureTask.run(FutureTask.java:266)
	at java.util.concurrent.Executors$RunnableAdapter.call(Executors.java:511)
	at java.util.concurrent.FutureTask.run(FutureTask.java:266)
	at java.util.concurrent.ThreadPoolExecutor.runWorker(ThreadPoolExecutor.java:1149)
	at java.util.concurrent.ThreadPoolExecutor$Worker.run(ThreadPoolExecutor.java:624)
	... 1 more
Caused by: org.apache.ratis.thirdparty.io.netty.channel.AbstractChannel$AnnotatedConnectException: Connection refused: /192.168.151.72:44174
	at sun.nio.ch.SocketChannelImpl.checkConnect(Native Method)
	at sun.nio.ch.SocketChannelImpl.finishConnect(SocketChannelImpl.java:717)
	at org.apache.ratis.thirdparty.io.netty.channel.socket.nio.NioSocketChannel.doFinishConnect(NioSocketChannel.java:327)
	at org.apache.ratis.thirdparty.io.netty.channel.nio.AbstractNioChannel$AbstractNioUnsafe.finishConnect(AbstractNioChannel.java:340)
	at org.apache.ratis.thirdparty.io.netty.channel.nio.NioEventLoop.processSelectedKey(NioEventLoop.java:632)
	at org.apache.ratis.thirdparty.io.netty.channel.nio.NioEventLoop.processSelectedKeysOptimized(NioEventLoop.java:579)
	at org.apache.ratis.thirdparty.io.netty.channel.nio.NioEventLoop.processSelectedKeys(NioEventLoop.java:496)
	at org.apache.ratis.thirdparty.io.netty.channel.nio.NioEventLoop.run(NioEventLoop.java:458)
	at org.apache.ratis.thirdparty.io.netty.util.concurrent.SingleThreadEventExecutor$5.run(SingleThreadEventExecutor.java:897)
	at org.apache.ratis.thirdparty.io.netty.util.concurrent.FastThreadLocalRunnable.run(FastThreadLocalRunnable.java:30)
	... 1 more
Caused by: java.net.ConnectException: Connection refused
	... 11 more
2019-09-17 14:55:12,518 [24ee45b5-4e6b-4499-8d3c-0bcd5a303b6d@group-218101269A2C:LeaderElection33] INFO  impl.LeaderElection (LogUtils.java:infoOrTrace(149)) -   Exception 1: {}
java.util.concurrent.ExecutionException: org.apache.ratis.thirdparty.io.grpc.StatusRuntimeException: UNAVAILABLE: io exception
	at java.util.concurrent.FutureTask.report(FutureTask.java:122)
	at java.util.concurrent.FutureTask.get(FutureTask.java:192)
	at org.apache.ratis.server.impl.LeaderElection.waitForResults(LeaderElection.java:263)
	at org.apache.ratis.server.impl.LeaderElection.askForVotes(LeaderElection.java:201)
	at org.apache.ratis.server.impl.LeaderElection.run(LeaderElection.java:133)
	at java.lang.Thread.run(Thread.java:748)
Caused by: org.apache.ratis.thirdparty.io.grpc.StatusRuntimeException: UNAVAILABLE: io exception
	at org.apache.ratis.thirdparty.io.grpc.stub.ClientCalls.toStatusRuntimeException(ClientCalls.java:233)
	at org.apache.ratis.thirdparty.io.grpc.stub.ClientCalls.getUnchecked(ClientCalls.java:214)
	at org.apache.ratis.thirdparty.io.grpc.stub.ClientCalls.blockingUnaryCall(ClientCalls.java:139)
	at org.apache.ratis.proto.grpc.RaftServerProtocolServiceGrpc$RaftServerProtocolServiceBlockingStub.requestVote(RaftServerProtocolServiceGrpc.java:265)
	at org.apache.ratis.grpc.server.GrpcServerProtocolClient.requestVote(GrpcServerProtocolClient.java:90)
	at org.apache.ratis.grpc.server.GrpcService.requestVote(GrpcService.java:204)
	at org.apache.ratis.server.impl.LeaderElection.lambda$submitRequests$1(LeaderElection.java:238)
	at java.util.concurrent.FutureTask.run(FutureTask.java:266)
	at java.util.concurrent.Executors$RunnableAdapter.call(Executors.java:511)
	at java.util.concurrent.FutureTask.run(FutureTask.java:266)
	at java.util.concurrent.ThreadPoolExecutor.runWorker(ThreadPoolExecutor.java:1149)
	at java.util.concurrent.ThreadPoolExecutor$Worker.run(ThreadPoolExecutor.java:624)
	... 1 more
Caused by: org.apache.ratis.thirdparty.io.netty.channel.AbstractChannel$AnnotatedConnectException: Connection refused: /192.168.151.72:38991
	at sun.nio.ch.SocketChannelImpl.checkConnect(Native Method)
	at sun.nio.ch.SocketChannelImpl.finishConnect(SocketChannelImpl.java:717)
	at org.apache.ratis.thirdparty.io.netty.channel.socket.nio.NioSocketChannel.doFinishConnect(NioSocketChannel.java:327)
	at org.apache.ratis.thirdparty.io.netty.channel.nio.AbstractNioChannel$AbstractNioUnsafe.finishConnect(AbstractNioChannel.java:340)
	at org.apache.ratis.thirdparty.io.netty.channel.nio.NioEventLoop.processSelectedKey(NioEventLoop.java:632)
	at org.apache.ratis.thirdparty.io.netty.channel.nio.NioEventLoop.processSelectedKeysOptimized(NioEventLoop.java:579)
	at org.apache.ratis.thirdparty.io.netty.channel.nio.NioEventLoop.processSelectedKeys(NioEventLoop.java:496)
	at org.apache.ratis.thirdparty.io.netty.channel.nio.NioEventLoop.run(NioEventLoop.java:458)
	at org.apache.ratis.thirdparty.io.netty.util.concurrent.SingleThreadEventExecutor$5.run(SingleThreadEventExecutor.java:897)
	at org.apache.ratis.thirdparty.io.netty.util.concurrent.FastThreadLocalRunnable.run(FastThreadLocalRunnable.java:30)
	... 1 more
Caused by: java.net.ConnectException: Connection refused
	... 11 more
2019-09-17 14:55:12,518 [24ee45b5-4e6b-4499-8d3c-0bcd5a303b6d@group-218101269A2C:LeaderElection33] INFO  impl.RaftServerImpl (RaftServerImpl.java:setRole(174)) - 24ee45b5-4e6b-4499-8d3c-0bcd5a303b6d@group-218101269A2C: changes role from CANDIDATE to FOLLOWER at term 12 for DISCOVERED_A_NEW_TERM
2019-09-17 14:55:12,518 [24ee45b5-4e6b-4499-8d3c-0bcd5a303b6d@group-218101269A2C:LeaderElection33] INFO  impl.RoleInfo (RoleInfo.java:shutdownLeaderElection(134)) - 24ee45b5-4e6b-4499-8d3c-0bcd5a303b6d: shutdown LeaderElection
2019-09-17 14:55:12,518 [24ee45b5-4e6b-4499-8d3c-0bcd5a303b6d@group-218101269A2C:LeaderElection33] INFO  impl.RoleInfo (RoleInfo.java:updateAndGet(143)) - 24ee45b5-4e6b-4499-8d3c-0bcd5a303b6d: start FollowerState
2019-09-17 14:55:12,891 [java.util.concurrent.ThreadPoolExecutor$Worker@1fe41ca9[State = -1, empty queue]] WARN  server.GrpcLogAppender (GrpcLogAppender.java:timeoutAppendRequest(200)) - 64dc86e1-b58a-47fa-9209-c80a04613504@group-85515DBFC7EF->0d659ca8-8d3f-4ad5-ad2a-cdb4ab88523b-GrpcLogAppender: appendEntries Timeout, request=64dc86e1-b58a-47fa-9209-c80a04613504->0d659ca8-8d3f-4ad5-ad2a-cdb4ab88523b#109-t2, previous=(t:2, i:20), leaderCommit=16, initializing? false, entries: <empty>
2019-09-17 14:55:12,897 [java.util.concurrent.ThreadPoolExecutor$Worker@486b56da[State = -1, empty queue]] WARN  server.GrpcLogAppender (GrpcLogAppender.java:timeoutAppendRequest(200)) - 64dc86e1-b58a-47fa-9209-c80a04613504@group-85515DBFC7EF->296d1e6a-4d03-4625-a926-8603881e9a06-GrpcLogAppender: appendEntries Timeout, request=64dc86e1-b58a-47fa-9209-c80a04613504->296d1e6a-4d03-4625-a926-8603881e9a06#109-t2, previous=(t:2, i:20), leaderCommit=16, initializing? false, entries: <empty>
2019-09-17 14:55:13,392 [java.util.concurrent.ThreadPoolExecutor$Worker@1fe41ca9[State = -1, empty queue]] WARN  server.GrpcLogAppender (GrpcLogAppender.java:timeoutAppendRequest(200)) - 64dc86e1-b58a-47fa-9209-c80a04613504@group-85515DBFC7EF->0d659ca8-8d3f-4ad5-ad2a-cdb4ab88523b-GrpcLogAppender: appendEntries Timeout, request=64dc86e1-b58a-47fa-9209-c80a04613504->0d659ca8-8d3f-4ad5-ad2a-cdb4ab88523b#110-t2, previous=(t:2, i:20), leaderCommit=16, initializing? false, entries: <empty>
2019-09-17 14:55:13,393 [java.util.concurrent.ThreadPoolExecutor$Worker@486b56da[State = -1, empty queue]] WARN  server.GrpcLogAppender (GrpcLogAppender.java:timeoutAppendRequest(200)) - 64dc86e1-b58a-47fa-9209-c80a04613504@group-85515DBFC7EF->296d1e6a-4d03-4625-a926-8603881e9a06-GrpcLogAppender: appendEntries Timeout, request=64dc86e1-b58a-47fa-9209-c80a04613504->296d1e6a-4d03-4625-a926-8603881e9a06#110-t2, previous=(t:2, i:20), leaderCommit=16, initializing? false, entries: <empty>
2019-09-17 14:55:13,705 [Thread-1216] INFO  impl.FollowerState (FollowerState.java:run(106)) - 24ee45b5-4e6b-4499-8d3c-0bcd5a303b6d:group-218101269A2C changes to CANDIDATE, lastRpcTime:1186, electionTimeout:1186ms
2019-09-17 14:55:13,705 [Thread-1216] INFO  impl.RoleInfo (RoleInfo.java:shutdownFollowerState(121)) - 24ee45b5-4e6b-4499-8d3c-0bcd5a303b6d: shutdown FollowerState
2019-09-17 14:55:13,706 [Thread-1216] INFO  impl.RaftServerImpl (RaftServerImpl.java:setRole(174)) - 24ee45b5-4e6b-4499-8d3c-0bcd5a303b6d@group-218101269A2C: changes role from  FOLLOWER to CANDIDATE at term 12 for changeToCandidate
2019-09-17 14:55:13,706 [Thread-1216] INFO  impl.RoleInfo (RoleInfo.java:updateAndGet(143)) - 24ee45b5-4e6b-4499-8d3c-0bcd5a303b6d: start LeaderElection
2019-09-17 14:55:13,736 [24ee45b5-4e6b-4499-8d3c-0bcd5a303b6d@group-218101269A2C:LeaderElection34] INFO  impl.LeaderElection (LeaderElection.java:askForVotes(182)) - 24ee45b5-4e6b-4499-8d3c-0bcd5a303b6d@group-218101269A2C:LeaderElection34: begin an election at term 13 for 17: [bbb4e265-cb6b-4caa-8b5d-65801261426c:192.168.151.72:38991, 5824bb7b-23b5-4080-8c55-4e36ce35b3ee:192.168.151.72:44174, 24ee45b5-4e6b-4499-8d3c-0bcd5a303b6d:192.168.151.72:44891], old=null
2019-09-17 14:55:13,737 [24ee45b5-4e6b-4499-8d3c-0bcd5a303b6d@group-218101269A2C:LeaderElection34] INFO  impl.LeaderElection (LogUtils.java:infoOrTrace(149)) - 24ee45b5-4e6b-4499-8d3c-0bcd5a303b6d@group-218101269A2C:LeaderElection34 got exception when requesting votes: {}
java.util.concurrent.ExecutionException: org.apache.ratis.thirdparty.io.grpc.StatusRuntimeException: UNAVAILABLE: io exception
	at java.util.concurrent.FutureTask.report(FutureTask.java:122)
	at java.util.concurrent.FutureTask.get(FutureTask.java:192)
	at org.apache.ratis.server.impl.LeaderElection.waitForResults(LeaderElection.java:263)
	at org.apache.ratis.server.impl.LeaderElection.askForVotes(LeaderElection.java:201)
	at org.apache.ratis.server.impl.LeaderElection.run(LeaderElection.java:133)
	at java.lang.Thread.run(Thread.java:748)
Caused by: org.apache.ratis.thirdparty.io.grpc.StatusRuntimeException: UNAVAILABLE: io exception
	at org.apache.ratis.thirdparty.io.grpc.stub.ClientCalls.toStatusRuntimeException(ClientCalls.java:233)
	at org.apache.ratis.thirdparty.io.grpc.stub.ClientCalls.getUnchecked(ClientCalls.java:214)
	at org.apache.ratis.thirdparty.io.grpc.stub.ClientCalls.blockingUnaryCall(ClientCalls.java:139)
	at org.apache.ratis.proto.grpc.RaftServerProtocolServiceGrpc$RaftServerProtocolServiceBlockingStub.requestVote(RaftServerProtocolServiceGrpc.java:265)
	at org.apache.ratis.grpc.server.GrpcServerProtocolClient.requestVote(GrpcServerProtocolClient.java:90)
	at org.apache.ratis.grpc.server.GrpcService.requestVote(GrpcService.java:204)
	at org.apache.ratis.server.impl.LeaderElection.lambda$submitRequests$1(LeaderElection.java:238)
	at java.util.concurrent.FutureTask.run(FutureTask.java:266)
	at java.util.concurrent.Executors$RunnableAdapter.call(Executors.java:511)
	at java.util.concurrent.FutureTask.run(FutureTask.java:266)
	at java.util.concurrent.ThreadPoolExecutor.runWorker(ThreadPoolExecutor.java:1149)
	at java.util.concurrent.ThreadPoolExecutor$Worker.run(ThreadPoolExecutor.java:624)
	... 1 more
Caused by: org.apache.ratis.thirdparty.io.netty.channel.AbstractChannel$AnnotatedConnectException: Connection refused: /192.168.151.72:38991
	at sun.nio.ch.SocketChannelImpl.checkConnect(Native Method)
	at sun.nio.ch.SocketChannelImpl.finishConnect(SocketChannelImpl.java:717)
	at org.apache.ratis.thirdparty.io.netty.channel.socket.nio.NioSocketChannel.doFinishConnect(NioSocketChannel.java:327)
	at org.apache.ratis.thirdparty.io.netty.channel.nio.AbstractNioChannel$AbstractNioUnsafe.finishConnect(AbstractNioChannel.java:340)
	at org.apache.ratis.thirdparty.io.netty.channel.nio.NioEventLoop.processSelectedKey(NioEventLoop.java:632)
	at org.apache.ratis.thirdparty.io.netty.channel.nio.NioEventLoop.processSelectedKeysOptimized(NioEventLoop.java:579)
	at org.apache.ratis.thirdparty.io.netty.channel.nio.NioEventLoop.processSelectedKeys(NioEventLoop.java:496)
	at org.apache.ratis.thirdparty.io.netty.channel.nio.NioEventLoop.run(NioEventLoop.java:458)
	at org.apache.ratis.thirdparty.io.netty.util.concurrent.SingleThreadEventExecutor$5.run(SingleThreadEventExecutor.java:897)
	at org.apache.ratis.thirdparty.io.netty.util.concurrent.FastThreadLocalRunnable.run(FastThreadLocalRunnable.java:30)
	... 1 more
Caused by: java.net.ConnectException: Connection refused
	... 11 more
2019-09-17 14:55:13,740 [24ee45b5-4e6b-4499-8d3c-0bcd5a303b6d@group-218101269A2C:LeaderElection34] INFO  impl.LeaderElection (LogUtils.java:infoOrTrace(149)) - 24ee45b5-4e6b-4499-8d3c-0bcd5a303b6d@group-218101269A2C:LeaderElection34 got exception when requesting votes: {}
java.util.concurrent.ExecutionException: org.apache.ratis.thirdparty.io.grpc.StatusRuntimeException: UNAVAILABLE: io exception
	at java.util.concurrent.FutureTask.report(FutureTask.java:122)
	at java.util.concurrent.FutureTask.get(FutureTask.java:192)
	at org.apache.ratis.server.impl.LeaderElection.waitForResults(LeaderElection.java:263)
	at org.apache.ratis.server.impl.LeaderElection.askForVotes(LeaderElection.java:201)
	at org.apache.ratis.server.impl.LeaderElection.run(LeaderElection.java:133)
	at java.lang.Thread.run(Thread.java:748)
Caused by: org.apache.ratis.thirdparty.io.grpc.StatusRuntimeException: UNAVAILABLE: io exception
	at org.apache.ratis.thirdparty.io.grpc.stub.ClientCalls.toStatusRuntimeException(ClientCalls.java:233)
	at org.apache.ratis.thirdparty.io.grpc.stub.ClientCalls.getUnchecked(ClientCalls.java:214)
	at org.apache.ratis.thirdparty.io.grpc.stub.ClientCalls.blockingUnaryCall(ClientCalls.java:139)
	at org.apache.ratis.proto.grpc.RaftServerProtocolServiceGrpc$RaftServerProtocolServiceBlockingStub.requestVote(RaftServerProtocolServiceGrpc.java:265)
	at org.apache.ratis.grpc.server.GrpcServerProtocolClient.requestVote(GrpcServerProtocolClient.java:90)
	at org.apache.ratis.grpc.server.GrpcService.requestVote(GrpcService.java:204)
	at org.apache.ratis.server.impl.LeaderElection.lambda$submitRequests$1(LeaderElection.java:238)
	at java.util.concurrent.FutureTask.run(FutureTask.java:266)
	at java.util.concurrent.Executors$RunnableAdapter.call(Executors.java:511)
	at java.util.concurrent.FutureTask.run(FutureTask.java:266)
	at java.util.concurrent.ThreadPoolExecutor.runWorker(ThreadPoolExecutor.java:1149)
	at java.util.concurrent.ThreadPoolExecutor$Worker.run(ThreadPoolExecutor.java:624)
	... 1 more
Caused by: org.apache.ratis.thirdparty.io.netty.channel.AbstractChannel$AnnotatedConnectException: Connection refused: /192.168.151.72:44174
	at sun.nio.ch.SocketChannelImpl.checkConnect(Native Method)
	at sun.nio.ch.SocketChannelImpl.finishConnect(SocketChannelImpl.java:717)
	at org.apache.ratis.thirdparty.io.netty.channel.socket.nio.NioSocketChannel.doFinishConnect(NioSocketChannel.java:327)
	at org.apache.ratis.thirdparty.io.netty.channel.nio.AbstractNioChannel$AbstractNioUnsafe.finishConnect(AbstractNioChannel.java:340)
	at org.apache.ratis.thirdparty.io.netty.channel.nio.NioEventLoop.processSelectedKey(NioEventLoop.java:632)
	at org.apache.ratis.thirdparty.io.netty.channel.nio.NioEventLoop.processSelectedKeysOptimized(NioEventLoop.java:579)
	at org.apache.ratis.thirdparty.io.netty.channel.nio.NioEventLoop.processSelectedKeys(NioEventLoop.java:496)
	at org.apache.ratis.thirdparty.io.netty.channel.nio.NioEventLoop.run(NioEventLoop.java:458)
	at org.apache.ratis.thirdparty.io.netty.util.concurrent.SingleThreadEventExecutor$5.run(SingleThreadEventExecutor.java:897)
	at org.apache.ratis.thirdparty.io.netty.util.concurrent.FastThreadLocalRunnable.run(FastThreadLocalRunnable.java:30)
	... 1 more
Caused by: java.net.ConnectException: Connection refused
	... 11 more
2019-09-17 14:55:13,758 [24ee45b5-4e6b-4499-8d3c-0bcd5a303b6d@group-218101269A2C:LeaderElection34] INFO  impl.LeaderElection (LeaderElection.java:logAndReturn(56)) - 24ee45b5-4e6b-4499-8d3c-0bcd5a303b6d@group-218101269A2C:LeaderElection34: Election REJECTED; received 0 response(s) [] and 2 exception(s); 24ee45b5-4e6b-4499-8d3c-0bcd5a303b6d@group-218101269A2C:t13, leader=null, voted=24ee45b5-4e6b-4499-8d3c-0bcd5a303b6d, raftlog=24ee45b5-4e6b-4499-8d3c-0bcd5a303b6d@group-218101269A2C-SegmentedRaftLog:OPENED:c29,f29,i29, conf=17: [bbb4e265-cb6b-4caa-8b5d-65801261426c:192.168.151.72:38991, 5824bb7b-23b5-4080-8c55-4e36ce35b3ee:192.168.151.72:44174, 24ee45b5-4e6b-4499-8d3c-0bcd5a303b6d:192.168.151.72:44891], old=null
2019-09-17 14:55:13,758 [24ee45b5-4e6b-4499-8d3c-0bcd5a303b6d@group-218101269A2C:LeaderElection34] INFO  impl.LeaderElection (LogUtils.java:infoOrTrace(149)) -   Exception 0: {}
java.util.concurrent.ExecutionException: org.apache.ratis.thirdparty.io.grpc.StatusRuntimeException: UNAVAILABLE: io exception
	at java.util.concurrent.FutureTask.report(FutureTask.java:122)
	at java.util.concurrent.FutureTask.get(FutureTask.java:192)
	at org.apache.ratis.server.impl.LeaderElection.waitForResults(LeaderElection.java:263)
	at org.apache.ratis.server.impl.LeaderElection.askForVotes(LeaderElection.java:201)
	at org.apache.ratis.server.impl.LeaderElection.run(LeaderElection.java:133)
	at java.lang.Thread.run(Thread.java:748)
Caused by: org.apache.ratis.thirdparty.io.grpc.StatusRuntimeException: UNAVAILABLE: io exception
	at org.apache.ratis.thirdparty.io.grpc.stub.ClientCalls.toStatusRuntimeException(ClientCalls.java:233)
	at org.apache.ratis.thirdparty.io.grpc.stub.ClientCalls.getUnchecked(ClientCalls.java:214)
	at org.apache.ratis.thirdparty.io.grpc.stub.ClientCalls.blockingUnaryCall(ClientCalls.java:139)
	at org.apache.ratis.proto.grpc.RaftServerProtocolServiceGrpc$RaftServerProtocolServiceBlockingStub.requestVote(RaftServerProtocolServiceGrpc.java:265)
	at org.apache.ratis.grpc.server.GrpcServerProtocolClient.requestVote(GrpcServerProtocolClient.java:90)
	at org.apache.ratis.grpc.server.GrpcService.requestVote(GrpcService.java:204)
	at org.apache.ratis.server.impl.LeaderElection.lambda$submitRequests$1(LeaderElection.java:238)
	at java.util.concurrent.FutureTask.run(FutureTask.java:266)
	at java.util.concurrent.Executors$RunnableAdapter.call(Executors.java:511)
	at java.util.concurrent.FutureTask.run(FutureTask.java:266)
	at java.util.concurrent.ThreadPoolExecutor.runWorker(ThreadPoolExecutor.java:1149)
	at java.util.concurrent.ThreadPoolExecutor$Worker.run(ThreadPoolExecutor.java:624)
	... 1 more
Caused by: org.apache.ratis.thirdparty.io.netty.channel.AbstractChannel$AnnotatedConnectException: Connection refused: /192.168.151.72:38991
	at sun.nio.ch.SocketChannelImpl.checkConnect(Native Method)
	at sun.nio.ch.SocketChannelImpl.finishConnect(SocketChannelImpl.java:717)
	at org.apache.ratis.thirdparty.io.netty.channel.socket.nio.NioSocketChannel.doFinishConnect(NioSocketChannel.java:327)
	at org.apache.ratis.thirdparty.io.netty.channel.nio.AbstractNioChannel$AbstractNioUnsafe.finishConnect(AbstractNioChannel.java:340)
	at org.apache.ratis.thirdparty.io.netty.channel.nio.NioEventLoop.processSelectedKey(NioEventLoop.java:632)
	at org.apache.ratis.thirdparty.io.netty.channel.nio.NioEventLoop.processSelectedKeysOptimized(NioEventLoop.java:579)
	at org.apache.ratis.thirdparty.io.netty.channel.nio.NioEventLoop.processSelectedKeys(NioEventLoop.java:496)
	at org.apache.ratis.thirdparty.io.netty.channel.nio.NioEventLoop.run(NioEventLoop.java:458)
	at org.apache.ratis.thirdparty.io.netty.util.concurrent.SingleThreadEventExecutor$5.run(SingleThreadEventExecutor.java:897)
	at org.apache.ratis.thirdparty.io.netty.util.concurrent.FastThreadLocalRunnable.run(FastThreadLocalRunnable.java:30)
	... 1 more
Caused by: java.net.ConnectException: Connection refused
	... 11 more
2019-09-17 14:55:13,759 [24ee45b5-4e6b-4499-8d3c-0bcd5a303b6d@group-218101269A2C:LeaderElection34] INFO  impl.LeaderElection (LogUtils.java:infoOrTrace(149)) -   Exception 1: {}
java.util.concurrent.ExecutionException: org.apache.ratis.thirdparty.io.grpc.StatusRuntimeException: UNAVAILABLE: io exception
	at java.util.concurrent.FutureTask.report(FutureTask.java:122)
	at java.util.concurrent.FutureTask.get(FutureTask.java:192)
	at org.apache.ratis.server.impl.LeaderElection.waitForResults(LeaderElection.java:263)
	at org.apache.ratis.server.impl.LeaderElection.askForVotes(LeaderElection.java:201)
	at org.apache.ratis.server.impl.LeaderElection.run(LeaderElection.java:133)
	at java.lang.Thread.run(Thread.java:748)
Caused by: org.apache.ratis.thirdparty.io.grpc.StatusRuntimeException: UNAVAILABLE: io exception
	at org.apache.ratis.thirdparty.io.grpc.stub.ClientCalls.toStatusRuntimeException(ClientCalls.java:233)
	at org.apache.ratis.thirdparty.io.grpc.stub.ClientCalls.getUnchecked(ClientCalls.java:214)
	at org.apache.ratis.thirdparty.io.grpc.stub.ClientCalls.blockingUnaryCall(ClientCalls.java:139)
	at org.apache.ratis.proto.grpc.RaftServerProtocolServiceGrpc$RaftServerProtocolServiceBlockingStub.requestVote(RaftServerProtocolServiceGrpc.java:265)
	at org.apache.ratis.grpc.server.GrpcServerProtocolClient.requestVote(GrpcServerProtocolClient.java:90)
	at org.apache.ratis.grpc.server.GrpcService.requestVote(GrpcService.java:204)
	at org.apache.ratis.server.impl.LeaderElection.lambda$submitRequests$1(LeaderElection.java:238)
	at java.util.concurrent.FutureTask.run(FutureTask.java:266)
	at java.util.concurrent.Executors$RunnableAdapter.call(Executors.java:511)
	at java.util.concurrent.FutureTask.run(FutureTask.java:266)
	at java.util.concurrent.ThreadPoolExecutor.runWorker(ThreadPoolExecutor.java:1149)
	at java.util.concurrent.ThreadPoolExecutor$Worker.run(ThreadPoolExecutor.java:624)
	... 1 more
Caused by: org.apache.ratis.thirdparty.io.netty.channel.AbstractChannel$AnnotatedConnectException: Connection refused: /192.168.151.72:44174
	at sun.nio.ch.SocketChannelImpl.checkConnect(Native Method)
	at sun.nio.ch.SocketChannelImpl.finishConnect(SocketChannelImpl.java:717)
	at org.apache.ratis.thirdparty.io.netty.channel.socket.nio.NioSocketChannel.doFinishConnect(NioSocketChannel.java:327)
	at org.apache.ratis.thirdparty.io.netty.channel.nio.AbstractNioChannel$AbstractNioUnsafe.finishConnect(AbstractNioChannel.java:340)
	at org.apache.ratis.thirdparty.io.netty.channel.nio.NioEventLoop.processSelectedKey(NioEventLoop.java:632)
	at org.apache.ratis.thirdparty.io.netty.channel.nio.NioEventLoop.processSelectedKeysOptimized(NioEventLoop.java:579)
	at org.apache.ratis.thirdparty.io.netty.channel.nio.NioEventLoop.processSelectedKeys(NioEventLoop.java:496)
	at org.apache.ratis.thirdparty.io.netty.channel.nio.NioEventLoop.run(NioEventLoop.java:458)
	at org.apache.ratis.thirdparty.io.netty.util.concurrent.SingleThreadEventExecutor$5.run(SingleThreadEventExecutor.java:897)
	at org.apache.ratis.thirdparty.io.netty.util.concurrent.FastThreadLocalRunnable.run(FastThreadLocalRunnable.java:30)
	... 1 more
Caused by: java.net.ConnectException: Connection refused
	... 11 more
2019-09-17 14:55:13,760 [24ee45b5-4e6b-4499-8d3c-0bcd5a303b6d@group-218101269A2C:LeaderElection34] INFO  impl.RaftServerImpl (RaftServerImpl.java:setRole(174)) - 24ee45b5-4e6b-4499-8d3c-0bcd5a303b6d@group-218101269A2C: changes role from CANDIDATE to FOLLOWER at term 13 for DISCOVERED_A_NEW_TERM
2019-09-17 14:55:13,760 [24ee45b5-4e6b-4499-8d3c-0bcd5a303b6d@group-218101269A2C:LeaderElection34] INFO  impl.RoleInfo (RoleInfo.java:shutdownLeaderElection(134)) - 24ee45b5-4e6b-4499-8d3c-0bcd5a303b6d: shutdown LeaderElection
2019-09-17 14:55:13,760 [24ee45b5-4e6b-4499-8d3c-0bcd5a303b6d@group-218101269A2C:LeaderElection34] INFO  impl.RoleInfo (RoleInfo.java:updateAndGet(143)) - 24ee45b5-4e6b-4499-8d3c-0bcd5a303b6d: start FollowerState
2019-09-17 14:55:13,892 [java.util.concurrent.ThreadPoolExecutor$Worker@1fe41ca9[State = -1, empty queue]] WARN  server.GrpcLogAppender (GrpcLogAppender.java:timeoutAppendRequest(200)) - 64dc86e1-b58a-47fa-9209-c80a04613504@group-85515DBFC7EF->0d659ca8-8d3f-4ad5-ad2a-cdb4ab88523b-GrpcLogAppender: appendEntries Timeout, request=64dc86e1-b58a-47fa-9209-c80a04613504->0d659ca8-8d3f-4ad5-ad2a-cdb4ab88523b#111-t2, previous=(t:2, i:20), leaderCommit=16, initializing? false, entries: <empty>
2019-09-17 14:55:13,896 [java.util.concurrent.ThreadPoolExecutor$Worker@486b56da[State = -1, empty queue]] WARN  server.GrpcLogAppender (GrpcLogAppender.java:timeoutAppendRequest(200)) - 64dc86e1-b58a-47fa-9209-c80a04613504@group-85515DBFC7EF->296d1e6a-4d03-4625-a926-8603881e9a06-GrpcLogAppender: appendEntries Timeout, request=64dc86e1-b58a-47fa-9209-c80a04613504->296d1e6a-4d03-4625-a926-8603881e9a06#111-t2, previous=(t:2, i:20), leaderCommit=16, initializing? false, entries: <empty>
2019-09-17 14:55:14,392 [java.util.concurrent.ThreadPoolExecutor$Worker@1fe41ca9[State = -1, empty queue]] WARN  server.GrpcLogAppender (GrpcLogAppender.java:timeoutAppendRequest(200)) - 64dc86e1-b58a-47fa-9209-c80a04613504@group-85515DBFC7EF->0d659ca8-8d3f-4ad5-ad2a-cdb4ab88523b-GrpcLogAppender: appendEntries Timeout, request=64dc86e1-b58a-47fa-9209-c80a04613504->0d659ca8-8d3f-4ad5-ad2a-cdb4ab88523b#112-t2, previous=(t:2, i:20), leaderCommit=16, initializing? false, entries: <empty>
2019-09-17 14:55:14,394 [java.util.concurrent.ThreadPoolExecutor$Worker@486b56da[State = -1, empty queue]] WARN  server.GrpcLogAppender (GrpcLogAppender.java:timeoutAppendRequest(200)) - 64dc86e1-b58a-47fa-9209-c80a04613504@group-85515DBFC7EF->296d1e6a-4d03-4625-a926-8603881e9a06-GrpcLogAppender: appendEntries Timeout, request=64dc86e1-b58a-47fa-9209-c80a04613504->296d1e6a-4d03-4625-a926-8603881e9a06#112-t2, previous=(t:2, i:20), leaderCommit=16, initializing? false, entries: <empty>
2019-09-17 14:55:14,902 [java.util.concurrent.ThreadPoolExecutor$Worker@486b56da[State = -1, empty queue]] WARN  server.GrpcLogAppender (GrpcLogAppender.java:timeoutAppendRequest(200)) - 64dc86e1-b58a-47fa-9209-c80a04613504@group-85515DBFC7EF->296d1e6a-4d03-4625-a926-8603881e9a06-GrpcLogAppender: appendEntries Timeout, request=64dc86e1-b58a-47fa-9209-c80a04613504->296d1e6a-4d03-4625-a926-8603881e9a06#113-t2, previous=(t:2, i:20), leaderCommit=16, initializing? false, entries: <empty>
2019-09-17 14:55:14,904 [java.util.concurrent.ThreadPoolExecutor$Worker@1fe41ca9[State = -1, empty queue]] WARN  server.GrpcLogAppender (GrpcLogAppender.java:timeoutAppendRequest(200)) - 64dc86e1-b58a-47fa-9209-c80a04613504@group-85515DBFC7EF->0d659ca8-8d3f-4ad5-ad2a-cdb4ab88523b-GrpcLogAppender: appendEntries Timeout, request=64dc86e1-b58a-47fa-9209-c80a04613504->0d659ca8-8d3f-4ad5-ad2a-cdb4ab88523b#113-t2, previous=(t:2, i:20), leaderCommit=16, initializing? false, entries: <empty>
2019-09-17 14:55:14,940 [Thread-1228] INFO  impl.FollowerState (FollowerState.java:run(106)) - 24ee45b5-4e6b-4499-8d3c-0bcd5a303b6d:group-218101269A2C changes to CANDIDATE, lastRpcTime:1180, electionTimeout:1180ms
2019-09-17 14:55:14,941 [Thread-1228] INFO  impl.RoleInfo (RoleInfo.java:shutdownFollowerState(121)) - 24ee45b5-4e6b-4499-8d3c-0bcd5a303b6d: shutdown FollowerState
2019-09-17 14:55:14,941 [Thread-1228] INFO  impl.RaftServerImpl (RaftServerImpl.java:setRole(174)) - 24ee45b5-4e6b-4499-8d3c-0bcd5a303b6d@group-218101269A2C: changes role from  FOLLOWER to CANDIDATE at term 13 for changeToCandidate
2019-09-17 14:55:14,941 [Thread-1228] INFO  impl.RoleInfo (RoleInfo.java:updateAndGet(143)) - 24ee45b5-4e6b-4499-8d3c-0bcd5a303b6d: start LeaderElection
2019-09-17 14:55:15,098 [24ee45b5-4e6b-4499-8d3c-0bcd5a303b6d@group-218101269A2C:LeaderElection35] INFO  impl.LeaderElection (LeaderElection.java:askForVotes(182)) - 24ee45b5-4e6b-4499-8d3c-0bcd5a303b6d@group-218101269A2C:LeaderElection35: begin an election at term 14 for 17: [bbb4e265-cb6b-4caa-8b5d-65801261426c:192.168.151.72:38991, 5824bb7b-23b5-4080-8c55-4e36ce35b3ee:192.168.151.72:44174, 24ee45b5-4e6b-4499-8d3c-0bcd5a303b6d:192.168.151.72:44891], old=null
2019-09-17 14:55:15,100 [24ee45b5-4e6b-4499-8d3c-0bcd5a303b6d@group-218101269A2C:LeaderElection35] INFO  impl.LeaderElection (LogUtils.java:infoOrTrace(149)) - 24ee45b5-4e6b-4499-8d3c-0bcd5a303b6d@group-218101269A2C:LeaderElection35 got exception when requesting votes: {}
java.util.concurrent.ExecutionException: org.apache.ratis.thirdparty.io.grpc.StatusRuntimeException: UNAVAILABLE: io exception
	at java.util.concurrent.FutureTask.report(FutureTask.java:122)
	at java.util.concurrent.FutureTask.get(FutureTask.java:192)
	at org.apache.ratis.server.impl.LeaderElection.waitForResults(LeaderElection.java:263)
	at org.apache.ratis.server.impl.LeaderElection.askForVotes(LeaderElection.java:201)
	at org.apache.ratis.server.impl.LeaderElection.run(LeaderElection.java:133)
	at java.lang.Thread.run(Thread.java:748)
Caused by: org.apache.ratis.thirdparty.io.grpc.StatusRuntimeException: UNAVAILABLE: io exception
	at org.apache.ratis.thirdparty.io.grpc.stub.ClientCalls.toStatusRuntimeException(ClientCalls.java:233)
	at org.apache.ratis.thirdparty.io.grpc.stub.ClientCalls.getUnchecked(ClientCalls.java:214)
	at org.apache.ratis.thirdparty.io.grpc.stub.ClientCalls.blockingUnaryCall(ClientCalls.java:139)
	at org.apache.ratis.proto.grpc.RaftServerProtocolServiceGrpc$RaftServerProtocolServiceBlockingStub.requestVote(RaftServerProtocolServiceGrpc.java:265)
	at org.apache.ratis.grpc.server.GrpcServerProtocolClient.requestVote(GrpcServerProtocolClient.java:90)
	at org.apache.ratis.grpc.server.GrpcService.requestVote(GrpcService.java:204)
	at org.apache.ratis.server.impl.LeaderElection.lambda$submitRequests$1(LeaderElection.java:238)
	at java.util.concurrent.FutureTask.run(FutureTask.java:266)
	at java.util.concurrent.Executors$RunnableAdapter.call(Executors.java:511)
	at java.util.concurrent.FutureTask.run(FutureTask.java:266)
	at java.util.concurrent.ThreadPoolExecutor.runWorker(ThreadPoolExecutor.java:1149)
	at java.util.concurrent.ThreadPoolExecutor$Worker.run(ThreadPoolExecutor.java:624)
	... 1 more
Caused by: org.apache.ratis.thirdparty.io.netty.channel.AbstractChannel$AnnotatedConnectException: Connection refused: /192.168.151.72:38991
	at sun.nio.ch.SocketChannelImpl.checkConnect(Native Method)
	at sun.nio.ch.SocketChannelImpl.finishConnect(SocketChannelImpl.java:717)
	at org.apache.ratis.thirdparty.io.netty.channel.socket.nio.NioSocketChannel.doFinishConnect(NioSocketChannel.java:327)
	at org.apache.ratis.thirdparty.io.netty.channel.nio.AbstractNioChannel$AbstractNioUnsafe.finishConnect(AbstractNioChannel.java:340)
	at org.apache.ratis.thirdparty.io.netty.channel.nio.NioEventLoop.processSelectedKey(NioEventLoop.java:632)
	at org.apache.ratis.thirdparty.io.netty.channel.nio.NioEventLoop.processSelectedKeysOptimized(NioEventLoop.java:579)
	at org.apache.ratis.thirdparty.io.netty.channel.nio.NioEventLoop.processSelectedKeys(NioEventLoop.java:496)
	at org.apache.ratis.thirdparty.io.netty.channel.nio.NioEventLoop.run(NioEventLoop.java:458)
	at org.apache.ratis.thirdparty.io.netty.util.concurrent.SingleThreadEventExecutor$5.run(SingleThreadEventExecutor.java:897)
	at org.apache.ratis.thirdparty.io.netty.util.concurrent.FastThreadLocalRunnable.run(FastThreadLocalRunnable.java:30)
	... 1 more
Caused by: java.net.ConnectException: Connection refused
	... 11 more
2019-09-17 14:55:15,103 [24ee45b5-4e6b-4499-8d3c-0bcd5a303b6d@group-218101269A2C:LeaderElection35] INFO  impl.LeaderElection (LogUtils.java:infoOrTrace(149)) - 24ee45b5-4e6b-4499-8d3c-0bcd5a303b6d@group-218101269A2C:LeaderElection35 got exception when requesting votes: {}
java.util.concurrent.ExecutionException: org.apache.ratis.thirdparty.io.grpc.StatusRuntimeException: UNAVAILABLE: io exception
	at java.util.concurrent.FutureTask.report(FutureTask.java:122)
	at java.util.concurrent.FutureTask.get(FutureTask.java:192)
	at org.apache.ratis.server.impl.LeaderElection.waitForResults(LeaderElection.java:263)
	at org.apache.ratis.server.impl.LeaderElection.askForVotes(LeaderElection.java:201)
	at org.apache.ratis.server.impl.LeaderElection.run(LeaderElection.java:133)
	at java.lang.Thread.run(Thread.java:748)
Caused by: org.apache.ratis.thirdparty.io.grpc.StatusRuntimeException: UNAVAILABLE: io exception
	at org.apache.ratis.thirdparty.io.grpc.stub.ClientCalls.toStatusRuntimeException(ClientCalls.java:233)
	at org.apache.ratis.thirdparty.io.grpc.stub.ClientCalls.getUnchecked(ClientCalls.java:214)
	at org.apache.ratis.thirdparty.io.grpc.stub.ClientCalls.blockingUnaryCall(ClientCalls.java:139)
	at org.apache.ratis.proto.grpc.RaftServerProtocolServiceGrpc$RaftServerProtocolServiceBlockingStub.requestVote(RaftServerProtocolServiceGrpc.java:265)
	at org.apache.ratis.grpc.server.GrpcServerProtocolClient.requestVote(GrpcServerProtocolClient.java:90)
	at org.apache.ratis.grpc.server.GrpcService.requestVote(GrpcService.java:204)
	at org.apache.ratis.server.impl.LeaderElection.lambda$submitRequests$1(LeaderElection.java:238)
	at java.util.concurrent.FutureTask.run(FutureTask.java:266)
	at java.util.concurrent.Executors$RunnableAdapter.call(Executors.java:511)
	at java.util.concurrent.FutureTask.run(FutureTask.java:266)
	at java.util.concurrent.ThreadPoolExecutor.runWorker(ThreadPoolExecutor.java:1149)
	at java.util.concurrent.ThreadPoolExecutor$Worker.run(ThreadPoolExecutor.java:624)
	... 1 more
Caused by: org.apache.ratis.thirdparty.io.netty.channel.AbstractChannel$AnnotatedConnectException: Connection refused: /192.168.151.72:44174
	at sun.nio.ch.SocketChannelImpl.checkConnect(Native Method)
	at sun.nio.ch.SocketChannelImpl.finishConnect(SocketChannelImpl.java:717)
	at org.apache.ratis.thirdparty.io.netty.channel.socket.nio.NioSocketChannel.doFinishConnect(NioSocketChannel.java:327)
	at org.apache.ratis.thirdparty.io.netty.channel.nio.AbstractNioChannel$AbstractNioUnsafe.finishConnect(AbstractNioChannel.java:340)
	at org.apache.ratis.thirdparty.io.netty.channel.nio.NioEventLoop.processSelectedKey(NioEventLoop.java:632)
	at org.apache.ratis.thirdparty.io.netty.channel.nio.NioEventLoop.processSelectedKeysOptimized(NioEventLoop.java:579)
	at org.apache.ratis.thirdparty.io.netty.channel.nio.NioEventLoop.processSelectedKeys(NioEventLoop.java:496)
	at org.apache.ratis.thirdparty.io.netty.channel.nio.NioEventLoop.run(NioEventLoop.java:458)
	at org.apache.ratis.thirdparty.io.netty.util.concurrent.SingleThreadEventExecutor$5.run(SingleThreadEventExecutor.java:897)
	at org.apache.ratis.thirdparty.io.netty.util.concurrent.FastThreadLocalRunnable.run(FastThreadLocalRunnable.java:30)
	... 1 more
Caused by: java.net.ConnectException: Connection refused
	... 11 more
2019-09-17 14:55:15,106 [24ee45b5-4e6b-4499-8d3c-0bcd5a303b6d@group-218101269A2C:LeaderElection35] INFO  impl.LeaderElection (LeaderElection.java:logAndReturn(56)) - 24ee45b5-4e6b-4499-8d3c-0bcd5a303b6d@group-218101269A2C:LeaderElection35: Election REJECTED; received 0 response(s) [] and 2 exception(s); 24ee45b5-4e6b-4499-8d3c-0bcd5a303b6d@group-218101269A2C:t14, leader=null, voted=24ee45b5-4e6b-4499-8d3c-0bcd5a303b6d, raftlog=24ee45b5-4e6b-4499-8d3c-0bcd5a303b6d@group-218101269A2C-SegmentedRaftLog:OPENED:c29,f29,i29, conf=17: [bbb4e265-cb6b-4caa-8b5d-65801261426c:192.168.151.72:38991, 5824bb7b-23b5-4080-8c55-4e36ce35b3ee:192.168.151.72:44174, 24ee45b5-4e6b-4499-8d3c-0bcd5a303b6d:192.168.151.72:44891], old=null
2019-09-17 14:55:15,107 [24ee45b5-4e6b-4499-8d3c-0bcd5a303b6d@group-218101269A2C:LeaderElection35] INFO  impl.LeaderElection (LogUtils.java:infoOrTrace(149)) -   Exception 0: {}
java.util.concurrent.ExecutionException: org.apache.ratis.thirdparty.io.grpc.StatusRuntimeException: UNAVAILABLE: io exception
	at java.util.concurrent.FutureTask.report(FutureTask.java:122)
	at java.util.concurrent.FutureTask.get(FutureTask.java:192)
	at org.apache.ratis.server.impl.LeaderElection.waitForResults(LeaderElection.java:263)
	at org.apache.ratis.server.impl.LeaderElection.askForVotes(LeaderElection.java:201)
	at org.apache.ratis.server.impl.LeaderElection.run(LeaderElection.java:133)
	at java.lang.Thread.run(Thread.java:748)
Caused by: org.apache.ratis.thirdparty.io.grpc.StatusRuntimeException: UNAVAILABLE: io exception
	at org.apache.ratis.thirdparty.io.grpc.stub.ClientCalls.toStatusRuntimeException(ClientCalls.java:233)
	at org.apache.ratis.thirdparty.io.grpc.stub.ClientCalls.getUnchecked(ClientCalls.java:214)
	at org.apache.ratis.thirdparty.io.grpc.stub.ClientCalls.blockingUnaryCall(ClientCalls.java:139)
	at org.apache.ratis.proto.grpc.RaftServerProtocolServiceGrpc$RaftServerProtocolServiceBlockingStub.requestVote(RaftServerProtocolServiceGrpc.java:265)
	at org.apache.ratis.grpc.server.GrpcServerProtocolClient.requestVote(GrpcServerProtocolClient.java:90)
	at org.apache.ratis.grpc.server.GrpcService.requestVote(GrpcService.java:204)
	at org.apache.ratis.server.impl.LeaderElection.lambda$submitRequests$1(LeaderElection.java:238)
	at java.util.concurrent.FutureTask.run(FutureTask.java:266)
	at java.util.concurrent.Executors$RunnableAdapter.call(Executors.java:511)
	at java.util.concurrent.FutureTask.run(FutureTask.java:266)
	at java.util.concurrent.ThreadPoolExecutor.runWorker(ThreadPoolExecutor.java:1149)
	at java.util.concurrent.ThreadPoolExecutor$Worker.run(ThreadPoolExecutor.java:624)
	... 1 more
Caused by: org.apache.ratis.thirdparty.io.netty.channel.AbstractChannel$AnnotatedConnectException: Connection refused: /192.168.151.72:38991
	at sun.nio.ch.SocketChannelImpl.checkConnect(Native Method)
	at sun.nio.ch.SocketChannelImpl.finishConnect(SocketChannelImpl.java:717)
	at org.apache.ratis.thirdparty.io.netty.channel.socket.nio.NioSocketChannel.doFinishConnect(NioSocketChannel.java:327)
	at org.apache.ratis.thirdparty.io.netty.channel.nio.AbstractNioChannel$AbstractNioUnsafe.finishConnect(AbstractNioChannel.java:340)
	at org.apache.ratis.thirdparty.io.netty.channel.nio.NioEventLoop.processSelectedKey(NioEventLoop.java:632)
	at org.apache.ratis.thirdparty.io.netty.channel.nio.NioEventLoop.processSelectedKeysOptimized(NioEventLoop.java:579)
	at org.apache.ratis.thirdparty.io.netty.channel.nio.NioEventLoop.processSelectedKeys(NioEventLoop.java:496)
	at org.apache.ratis.thirdparty.io.netty.channel.nio.NioEventLoop.run(NioEventLoop.java:458)
	at org.apache.ratis.thirdparty.io.netty.util.concurrent.SingleThreadEventExecutor$5.run(SingleThreadEventExecutor.java:897)
	at org.apache.ratis.thirdparty.io.netty.util.concurrent.FastThreadLocalRunnable.run(FastThreadLocalRunnable.java:30)
	... 1 more
Caused by: java.net.ConnectException: Connection refused
	... 11 more
2019-09-17 14:55:15,107 [24ee45b5-4e6b-4499-8d3c-0bcd5a303b6d@group-218101269A2C:LeaderElection35] INFO  impl.LeaderElection (LogUtils.java:infoOrTrace(149)) -   Exception 1: {}
java.util.concurrent.ExecutionException: org.apache.ratis.thirdparty.io.grpc.StatusRuntimeException: UNAVAILABLE: io exception
	at java.util.concurrent.FutureTask.report(FutureTask.java:122)
	at java.util.concurrent.FutureTask.get(FutureTask.java:192)
	at org.apache.ratis.server.impl.LeaderElection.waitForResults(LeaderElection.java:263)
	at org.apache.ratis.server.impl.LeaderElection.askForVotes(LeaderElection.java:201)
	at org.apache.ratis.server.impl.LeaderElection.run(LeaderElection.java:133)
	at java.lang.Thread.run(Thread.java:748)
Caused by: org.apache.ratis.thirdparty.io.grpc.StatusRuntimeException: UNAVAILABLE: io exception
	at org.apache.ratis.thirdparty.io.grpc.stub.ClientCalls.toStatusRuntimeException(ClientCalls.java:233)
	at org.apache.ratis.thirdparty.io.grpc.stub.ClientCalls.getUnchecked(ClientCalls.java:214)
	at org.apache.ratis.thirdparty.io.grpc.stub.ClientCalls.blockingUnaryCall(ClientCalls.java:139)
	at org.apache.ratis.proto.grpc.RaftServerProtocolServiceGrpc$RaftServerProtocolServiceBlockingStub.requestVote(RaftServerProtocolServiceGrpc.java:265)
	at org.apache.ratis.grpc.server.GrpcServerProtocolClient.requestVote(GrpcServerProtocolClient.java:90)
	at org.apache.ratis.grpc.server.GrpcService.requestVote(GrpcService.java:204)
	at org.apache.ratis.server.impl.LeaderElection.lambda$submitRequests$1(LeaderElection.java:238)
	at java.util.concurrent.FutureTask.run(FutureTask.java:266)
	at java.util.concurrent.Executors$RunnableAdapter.call(Executors.java:511)
	at java.util.concurrent.FutureTask.run(FutureTask.java:266)
	at java.util.concurrent.ThreadPoolExecutor.runWorker(ThreadPoolExecutor.java:1149)
	at java.util.concurrent.ThreadPoolExecutor$Worker.run(ThreadPoolExecutor.java:624)
	... 1 more
Caused by: org.apache.ratis.thirdparty.io.netty.channel.AbstractChannel$AnnotatedConnectException: Connection refused: /192.168.151.72:44174
	at sun.nio.ch.SocketChannelImpl.checkConnect(Native Method)
	at sun.nio.ch.SocketChannelImpl.finishConnect(SocketChannelImpl.java:717)
	at org.apache.ratis.thirdparty.io.netty.channel.socket.nio.NioSocketChannel.doFinishConnect(NioSocketChannel.java:327)
	at org.apache.ratis.thirdparty.io.netty.channel.nio.AbstractNioChannel$AbstractNioUnsafe.finishConnect(AbstractNioChannel.java:340)
	at org.apache.ratis.thirdparty.io.netty.channel.nio.NioEventLoop.processSelectedKey(NioEventLoop.java:632)
	at org.apache.ratis.thirdparty.io.netty.channel.nio.NioEventLoop.processSelectedKeysOptimized(NioEventLoop.java:579)
	at org.apache.ratis.thirdparty.io.netty.channel.nio.NioEventLoop.processSelectedKeys(NioEventLoop.java:496)
	at org.apache.ratis.thirdparty.io.netty.channel.nio.NioEventLoop.run(NioEventLoop.java:458)
	at org.apache.ratis.thirdparty.io.netty.util.concurrent.SingleThreadEventExecutor$5.run(SingleThreadEventExecutor.java:897)
	at org.apache.ratis.thirdparty.io.netty.util.concurrent.FastThreadLocalRunnable.run(FastThreadLocalRunnable.java:30)
	... 1 more
Caused by: java.net.ConnectException: Connection refused
	... 11 more
2019-09-17 14:55:15,107 [24ee45b5-4e6b-4499-8d3c-0bcd5a303b6d@group-218101269A2C:LeaderElection35] INFO  impl.RaftServerImpl (RaftServerImpl.java:setRole(174)) - 24ee45b5-4e6b-4499-8d3c-0bcd5a303b6d@group-218101269A2C: changes role from CANDIDATE to FOLLOWER at term 14 for DISCOVERED_A_NEW_TERM
2019-09-17 14:55:15,108 [24ee45b5-4e6b-4499-8d3c-0bcd5a303b6d@group-218101269A2C:LeaderElection35] INFO  impl.RoleInfo (RoleInfo.java:shutdownLeaderElection(134)) - 24ee45b5-4e6b-4499-8d3c-0bcd5a303b6d: shutdown LeaderElection
2019-09-17 14:55:15,108 [24ee45b5-4e6b-4499-8d3c-0bcd5a303b6d@group-218101269A2C:LeaderElection35] INFO  impl.RoleInfo (RoleInfo.java:updateAndGet(143)) - 24ee45b5-4e6b-4499-8d3c-0bcd5a303b6d: start FollowerState
2019-09-17 14:55:15,402 [java.util.concurrent.ThreadPoolExecutor$Worker@486b56da[State = -1, empty queue]] WARN  server.GrpcLogAppender (GrpcLogAppender.java:timeoutAppendRequest(200)) - 64dc86e1-b58a-47fa-9209-c80a04613504@group-85515DBFC7EF->296d1e6a-4d03-4625-a926-8603881e9a06-GrpcLogAppender: appendEntries Timeout, request=64dc86e1-b58a-47fa-9209-c80a04613504->296d1e6a-4d03-4625-a926-8603881e9a06#114-t2, previous=(t:2, i:20), leaderCommit=16, initializing? false, entries: <empty>
2019-09-17 14:55:15,406 [java.util.concurrent.ThreadPoolExecutor$Worker@1fe41ca9[State = -1, empty queue]] WARN  server.GrpcLogAppender (GrpcLogAppender.java:timeoutAppendRequest(200)) - 64dc86e1-b58a-47fa-9209-c80a04613504@group-85515DBFC7EF->0d659ca8-8d3f-4ad5-ad2a-cdb4ab88523b-GrpcLogAppender: appendEntries Timeout, request=64dc86e1-b58a-47fa-9209-c80a04613504->0d659ca8-8d3f-4ad5-ad2a-cdb4ab88523b#114-t2, previous=(t:2, i:20), leaderCommit=16, initializing? false, entries: <empty>
2019-09-17 14:55:15,465 [java.util.concurrent.ThreadPoolExecutor$Worker@16fd9795[State = -1, empty queue]] WARN  server.GrpcLogAppender (GrpcLogAppender.java:timeoutAppendRequest(200)) - 9b5674b6-1da3-4a18-a3b1-2bf65c31b2e5@group-A10EF1BAEC68->87bd24bf-ffb9-4c07-ac8f-086f94142b7e-GrpcLogAppender: appendEntries Timeout, request=9b5674b6-1da3-4a18-a3b1-2bf65c31b2e5->87bd24bf-ffb9-4c07-ac8f-086f94142b7e#124-t2, previous=(t:2, i:30), leaderCommit=30, initializing? false, entries: size=1, first=(t:2, i:31), STATEMACHINELOGENTRY, client-CBA6351075E1, cid=73
2019-09-17 14:55:15,465 [java.util.concurrent.ThreadPoolExecutor$Worker@5ab404d3[State = -1, empty queue]] WARN  server.GrpcLogAppender (GrpcLogAppender.java:timeoutAppendRequest(200)) - 9b5674b6-1da3-4a18-a3b1-2bf65c31b2e5@group-A10EF1BAEC68->55160a25-c10a-4fac-977f-ea88e555cd0f-GrpcLogAppender: appendEntries Timeout, request=9b5674b6-1da3-4a18-a3b1-2bf65c31b2e5->55160a25-c10a-4fac-977f-ea88e555cd0f#124-t2, previous=(t:2, i:30), leaderCommit=30, initializing? false, entries: size=1, first=(t:2, i:31), STATEMACHINELOGENTRY, client-CBA6351075E1, cid=73
2019-09-17 14:55:15,466 [java.util.concurrent.ThreadPoolExecutor$Worker@16fd9795[State = -1, empty queue]] WARN  server.GrpcLogAppender (GrpcLogAppender.java:timeoutAppendRequest(200)) - 9b5674b6-1da3-4a18-a3b1-2bf65c31b2e5@group-A10EF1BAEC68->87bd24bf-ffb9-4c07-ac8f-086f94142b7e-GrpcLogAppender: appendEntries Timeout, request=9b5674b6-1da3-4a18-a3b1-2bf65c31b2e5->87bd24bf-ffb9-4c07-ac8f-086f94142b7e#125-t2, previous=(t:2, i:31), leaderCommit=30, initializing? false, entries: size=1, first=(t:2, i:32), STATEMACHINELOGENTRY, client-CBA6351075E1, cid=74
2019-09-17 14:55:15,469 [java.util.concurrent.ThreadPoolExecutor$Worker@5ab404d3[State = -1, empty queue]] WARN  server.GrpcLogAppender (GrpcLogAppender.java:timeoutAppendRequest(200)) - 9b5674b6-1da3-4a18-a3b1-2bf65c31b2e5@group-A10EF1BAEC68->55160a25-c10a-4fac-977f-ea88e555cd0f-GrpcLogAppender: appendEntries Timeout, request=9b5674b6-1da3-4a18-a3b1-2bf65c31b2e5->55160a25-c10a-4fac-977f-ea88e555cd0f#125-t2, previous=(t:2, i:31), leaderCommit=30, initializing? false, entries: size=1, first=(t:2, i:32), STATEMACHINELOGENTRY, client-CBA6351075E1, cid=74
2019-09-17 14:55:15,472 [java.util.concurrent.ThreadPoolExecutor$Worker@16fd9795[State = -1, empty queue]] WARN  server.GrpcLogAppender (GrpcLogAppender.java:timeoutAppendRequest(200)) - 9b5674b6-1da3-4a18-a3b1-2bf65c31b2e5@group-A10EF1BAEC68->87bd24bf-ffb9-4c07-ac8f-086f94142b7e-GrpcLogAppender: appendEntries Timeout, request=9b5674b6-1da3-4a18-a3b1-2bf65c31b2e5->87bd24bf-ffb9-4c07-ac8f-086f94142b7e#126-t2, previous=(t:2, i:32), leaderCommit=30, initializing? false, entries: size=1, first=(t:2, i:33), STATEMACHINELOGENTRY, client-CBA6351075E1, cid=75
2019-09-17 14:55:15,474 [java.util.concurrent.ThreadPoolExecutor$Worker@5ab404d3[State = -1, empty queue]] WARN  server.GrpcLogAppender (GrpcLogAppender.java:timeoutAppendRequest(200)) - 9b5674b6-1da3-4a18-a3b1-2bf65c31b2e5@group-A10EF1BAEC68->55160a25-c10a-4fac-977f-ea88e555cd0f-GrpcLogAppender: appendEntries Timeout, request=9b5674b6-1da3-4a18-a3b1-2bf65c31b2e5->55160a25-c10a-4fac-977f-ea88e555cd0f#126-t2, previous=(t:2, i:32), leaderCommit=30, initializing? false, entries: size=1, first=(t:2, i:33), STATEMACHINELOGENTRY, client-CBA6351075E1, cid=75
2019-09-17 14:55:15,478 [java.util.concurrent.ThreadPoolExecutor$Worker@16fd9795[State = -1, empty queue]] WARN  server.GrpcLogAppender (GrpcLogAppender.java:timeoutAppendRequest(200)) - 9b5674b6-1da3-4a18-a3b1-2bf65c31b2e5@group-A10EF1BAEC68->87bd24bf-ffb9-4c07-ac8f-086f94142b7e-GrpcLogAppender: appendEntries Timeout, request=9b5674b6-1da3-4a18-a3b1-2bf65c31b2e5->87bd24bf-ffb9-4c07-ac8f-086f94142b7e#127-t2, previous=(t:2, i:33), leaderCommit=30, initializing? false, entries: size=1, first=(t:2, i:34), STATEMACHINELOGENTRY, client-CBA6351075E1, cid=76
2019-09-17 14:55:15,478 [java.util.concurrent.ThreadPoolExecutor$Worker@5ab404d3[State = -1, empty queue]] WARN  server.GrpcLogAppender (GrpcLogAppender.java:timeoutAppendRequest(200)) - 9b5674b6-1da3-4a18-a3b1-2bf65c31b2e5@group-A10EF1BAEC68->55160a25-c10a-4fac-977f-ea88e555cd0f-GrpcLogAppender: appendEntries Timeout, request=9b5674b6-1da3-4a18-a3b1-2bf65c31b2e5->55160a25-c10a-4fac-977f-ea88e555cd0f#127-t2, previous=(t:2, i:33), leaderCommit=30, initializing? false, entries: size=1, first=(t:2, i:34), STATEMACHINELOGENTRY, client-CBA6351075E1, cid=76
2019-09-17 14:55:15,903 [java.util.concurrent.ThreadPoolExecutor$Worker@486b56da[State = -1, empty queue]] WARN  server.GrpcLogAppender (GrpcLogAppender.java:timeoutAppendRequest(200)) - 64dc86e1-b58a-47fa-9209-c80a04613504@group-85515DBFC7EF->296d1e6a-4d03-4625-a926-8603881e9a06-GrpcLogAppender: appendEntries Timeout, request=64dc86e1-b58a-47fa-9209-c80a04613504->296d1e6a-4d03-4625-a926-8603881e9a06#115-t2, previous=(t:2, i:20), leaderCommit=16, initializing? false, entries: <empty>
2019-09-17 14:55:15,906 [java.util.concurrent.ThreadPoolExecutor$Worker@1fe41ca9[State = -1, empty queue]] WARN  server.GrpcLogAppender (GrpcLogAppender.java:timeoutAppendRequest(200)) - 64dc86e1-b58a-47fa-9209-c80a04613504@group-85515DBFC7EF->0d659ca8-8d3f-4ad5-ad2a-cdb4ab88523b-GrpcLogAppender: appendEntries Timeout, request=64dc86e1-b58a-47fa-9209-c80a04613504->0d659ca8-8d3f-4ad5-ad2a-cdb4ab88523b#115-t2, previous=(t:2, i:20), leaderCommit=16, initializing? false, entries: <empty>
2019-09-17 14:55:15,970 [java.util.concurrent.ThreadPoolExecutor$Worker@16fd9795[State = -1, empty queue]] WARN  server.GrpcLogAppender (GrpcLogAppender.java:timeoutAppendRequest(200)) - 9b5674b6-1da3-4a18-a3b1-2bf65c31b2e5@group-A10EF1BAEC68->87bd24bf-ffb9-4c07-ac8f-086f94142b7e-GrpcLogAppender: appendEntries Timeout, request=9b5674b6-1da3-4a18-a3b1-2bf65c31b2e5->87bd24bf-ffb9-4c07-ac8f-086f94142b7e#128-t2, previous=(t:2, i:34), leaderCommit=30, initializing? false, entries: <empty>
2019-09-17 14:55:15,970 [java.util.concurrent.ThreadPoolExecutor$Worker@5ab404d3[State = -1, empty queue]] WARN  server.GrpcLogAppender (GrpcLogAppender.java:timeoutAppendRequest(200)) - 9b5674b6-1da3-4a18-a3b1-2bf65c31b2e5@group-A10EF1BAEC68->55160a25-c10a-4fac-977f-ea88e555cd0f-GrpcLogAppender: appendEntries Timeout, request=9b5674b6-1da3-4a18-a3b1-2bf65c31b2e5->55160a25-c10a-4fac-977f-ea88e555cd0f#128-t2, previous=(t:2, i:34), leaderCommit=30, initializing? false, entries: <empty>
2019-09-17 14:55:16,130 [Thread-1244] INFO  impl.FollowerState (FollowerState.java:run(106)) - 24ee45b5-4e6b-4499-8d3c-0bcd5a303b6d:group-218101269A2C changes to CANDIDATE, lastRpcTime:1022, electionTimeout:1022ms
2019-09-17 14:55:16,131 [Thread-1244] INFO  impl.RoleInfo (RoleInfo.java:shutdownFollowerState(121)) - 24ee45b5-4e6b-4499-8d3c-0bcd5a303b6d: shutdown FollowerState
2019-09-17 14:55:16,131 [Thread-1244] INFO  impl.RaftServerImpl (RaftServerImpl.java:setRole(174)) - 24ee45b5-4e6b-4499-8d3c-0bcd5a303b6d@group-218101269A2C: changes role from  FOLLOWER to CANDIDATE at term 14 for changeToCandidate
2019-09-17 14:55:16,131 [Thread-1244] INFO  impl.RoleInfo (RoleInfo.java:updateAndGet(143)) - 24ee45b5-4e6b-4499-8d3c-0bcd5a303b6d: start LeaderElection
2019-09-17 14:55:16,157 [24ee45b5-4e6b-4499-8d3c-0bcd5a303b6d@group-218101269A2C:LeaderElection36] INFO  impl.LeaderElection (LeaderElection.java:askForVotes(182)) - 24ee45b5-4e6b-4499-8d3c-0bcd5a303b6d@group-218101269A2C:LeaderElection36: begin an election at term 15 for 17: [bbb4e265-cb6b-4caa-8b5d-65801261426c:192.168.151.72:38991, 5824bb7b-23b5-4080-8c55-4e36ce35b3ee:192.168.151.72:44174, 24ee45b5-4e6b-4499-8d3c-0bcd5a303b6d:192.168.151.72:44891], old=null
2019-09-17 14:55:16,158 [24ee45b5-4e6b-4499-8d3c-0bcd5a303b6d@group-218101269A2C:LeaderElection36] INFO  impl.LeaderElection (LogUtils.java:infoOrTrace(149)) - 24ee45b5-4e6b-4499-8d3c-0bcd5a303b6d@group-218101269A2C:LeaderElection36 got exception when requesting votes: {}
java.util.concurrent.ExecutionException: org.apache.ratis.thirdparty.io.grpc.StatusRuntimeException: UNAVAILABLE: io exception
	at java.util.concurrent.FutureTask.report(FutureTask.java:122)
	at java.util.concurrent.FutureTask.get(FutureTask.java:192)
	at org.apache.ratis.server.impl.LeaderElection.waitForResults(LeaderElection.java:263)
	at org.apache.ratis.server.impl.LeaderElection.askForVotes(LeaderElection.java:201)
	at org.apache.ratis.server.impl.LeaderElection.run(LeaderElection.java:133)
	at java.lang.Thread.run(Thread.java:748)
Caused by: org.apache.ratis.thirdparty.io.grpc.StatusRuntimeException: UNAVAILABLE: io exception
	at org.apache.ratis.thirdparty.io.grpc.stub.ClientCalls.toStatusRuntimeException(ClientCalls.java:233)
	at org.apache.ratis.thirdparty.io.grpc.stub.ClientCalls.getUnchecked(ClientCalls.java:214)
	at org.apache.ratis.thirdparty.io.grpc.stub.ClientCalls.blockingUnaryCall(ClientCalls.java:139)
	at org.apache.ratis.proto.grpc.RaftServerProtocolServiceGrpc$RaftServerProtocolServiceBlockingStub.requestVote(RaftServerProtocolServiceGrpc.java:265)
	at org.apache.ratis.grpc.server.GrpcServerProtocolClient.requestVote(GrpcServerProtocolClient.java:90)
	at org.apache.ratis.grpc.server.GrpcService.requestVote(GrpcService.java:204)
	at org.apache.ratis.server.impl.LeaderElection.lambda$submitRequests$1(LeaderElection.java:238)
	at java.util.concurrent.FutureTask.run(FutureTask.java:266)
	at java.util.concurrent.Executors$RunnableAdapter.call(Executors.java:511)
	at java.util.concurrent.FutureTask.run(FutureTask.java:266)
	at java.util.concurrent.ThreadPoolExecutor.runWorker(ThreadPoolExecutor.java:1149)
	at java.util.concurrent.ThreadPoolExecutor$Worker.run(ThreadPoolExecutor.java:624)
	... 1 more
Caused by: org.apache.ratis.thirdparty.io.netty.channel.AbstractChannel$AnnotatedConnectException: Connection refused: /192.168.151.72:38991
	at sun.nio.ch.SocketChannelImpl.checkConnect(Native Method)
	at sun.nio.ch.SocketChannelImpl.finishConnect(SocketChannelImpl.java:717)
	at org.apache.ratis.thirdparty.io.netty.channel.socket.nio.NioSocketChannel.doFinishConnect(NioSocketChannel.java:327)
	at org.apache.ratis.thirdparty.io.netty.channel.nio.AbstractNioChannel$AbstractNioUnsafe.finishConnect(AbstractNioChannel.java:340)
	at org.apache.ratis.thirdparty.io.netty.channel.nio.NioEventLoop.processSelectedKey(NioEventLoop.java:632)
	at org.apache.ratis.thirdparty.io.netty.channel.nio.NioEventLoop.processSelectedKeysOptimized(NioEventLoop.java:579)
	at org.apache.ratis.thirdparty.io.netty.channel.nio.NioEventLoop.processSelectedKeys(NioEventLoop.java:496)
	at org.apache.ratis.thirdparty.io.netty.channel.nio.NioEventLoop.run(NioEventLoop.java:458)
	at org.apache.ratis.thirdparty.io.netty.util.concurrent.SingleThreadEventExecutor$5.run(SingleThreadEventExecutor.java:897)
	at org.apache.ratis.thirdparty.io.netty.util.concurrent.FastThreadLocalRunnable.run(FastThreadLocalRunnable.java:30)
	... 1 more
Caused by: java.net.ConnectException: Connection refused
	... 11 more
2019-09-17 14:55:16,161 [24ee45b5-4e6b-4499-8d3c-0bcd5a303b6d@group-218101269A2C:LeaderElection36] INFO  impl.LeaderElection (LogUtils.java:infoOrTrace(149)) - 24ee45b5-4e6b-4499-8d3c-0bcd5a303b6d@group-218101269A2C:LeaderElection36 got exception when requesting votes: {}
java.util.concurrent.ExecutionException: org.apache.ratis.thirdparty.io.grpc.StatusRuntimeException: UNAVAILABLE: io exception
	at java.util.concurrent.FutureTask.report(FutureTask.java:122)
	at java.util.concurrent.FutureTask.get(FutureTask.java:192)
	at org.apache.ratis.server.impl.LeaderElection.waitForResults(LeaderElection.java:263)
	at org.apache.ratis.server.impl.LeaderElection.askForVotes(LeaderElection.java:201)
	at org.apache.ratis.server.impl.LeaderElection.run(LeaderElection.java:133)
	at java.lang.Thread.run(Thread.java:748)
Caused by: org.apache.ratis.thirdparty.io.grpc.StatusRuntimeException: UNAVAILABLE: io exception
	at org.apache.ratis.thirdparty.io.grpc.stub.ClientCalls.toStatusRuntimeException(ClientCalls.java:233)
	at org.apache.ratis.thirdparty.io.grpc.stub.ClientCalls.getUnchecked(ClientCalls.java:214)
	at org.apache.ratis.thirdparty.io.grpc.stub.ClientCalls.blockingUnaryCall(ClientCalls.java:139)
	at org.apache.ratis.proto.grpc.RaftServerProtocolServiceGrpc$RaftServerProtocolServiceBlockingStub.requestVote(RaftServerProtocolServiceGrpc.java:265)
	at org.apache.ratis.grpc.server.GrpcServerProtocolClient.requestVote(GrpcServerProtocolClient.java:90)
	at org.apache.ratis.grpc.server.GrpcService.requestVote(GrpcService.java:204)
	at org.apache.ratis.server.impl.LeaderElection.lambda$submitRequests$1(LeaderElection.java:238)
	at java.util.concurrent.FutureTask.run(FutureTask.java:266)
	at java.util.concurrent.Executors$RunnableAdapter.call(Executors.java:511)
	at java.util.concurrent.FutureTask.run(FutureTask.java:266)
	at java.util.concurrent.ThreadPoolExecutor.runWorker(ThreadPoolExecutor.java:1149)
	at java.util.concurrent.ThreadPoolExecutor$Worker.run(ThreadPoolExecutor.java:624)
	... 1 more
Caused by: org.apache.ratis.thirdparty.io.netty.channel.AbstractChannel$AnnotatedConnectException: Connection refused: /192.168.151.72:44174
	at sun.nio.ch.SocketChannelImpl.checkConnect(Native Method)
	at sun.nio.ch.SocketChannelImpl.finishConnect(SocketChannelImpl.java:717)
	at org.apache.ratis.thirdparty.io.netty.channel.socket.nio.NioSocketChannel.doFinishConnect(NioSocketChannel.java:327)
	at org.apache.ratis.thirdparty.io.netty.channel.nio.AbstractNioChannel$AbstractNioUnsafe.finishConnect(AbstractNioChannel.java:340)
	at org.apache.ratis.thirdparty.io.netty.channel.nio.NioEventLoop.processSelectedKey(NioEventLoop.java:632)
	at org.apache.ratis.thirdparty.io.netty.channel.nio.NioEventLoop.processSelectedKeysOptimized(NioEventLoop.java:579)
	at org.apache.ratis.thirdparty.io.netty.channel.nio.NioEventLoop.processSelectedKeys(NioEventLoop.java:496)
	at org.apache.ratis.thirdparty.io.netty.channel.nio.NioEventLoop.run(NioEventLoop.java:458)
	at org.apache.ratis.thirdparty.io.netty.util.concurrent.SingleThreadEventExecutor$5.run(SingleThreadEventExecutor.java:897)
	at org.apache.ratis.thirdparty.io.netty.util.concurrent.FastThreadLocalRunnable.run(FastThreadLocalRunnable.java:30)
	... 1 more
Caused by: java.net.ConnectException: Connection refused
	... 11 more
2019-09-17 14:55:16,164 [24ee45b5-4e6b-4499-8d3c-0bcd5a303b6d@group-218101269A2C:LeaderElection36] INFO  impl.LeaderElection (LeaderElection.java:logAndReturn(56)) - 24ee45b5-4e6b-4499-8d3c-0bcd5a303b6d@group-218101269A2C:LeaderElection36: Election REJECTED; received 0 response(s) [] and 2 exception(s); 24ee45b5-4e6b-4499-8d3c-0bcd5a303b6d@group-218101269A2C:t15, leader=null, voted=24ee45b5-4e6b-4499-8d3c-0bcd5a303b6d, raftlog=24ee45b5-4e6b-4499-8d3c-0bcd5a303b6d@group-218101269A2C-SegmentedRaftLog:OPENED:c29,f29,i29, conf=17: [bbb4e265-cb6b-4caa-8b5d-65801261426c:192.168.151.72:38991, 5824bb7b-23b5-4080-8c55-4e36ce35b3ee:192.168.151.72:44174, 24ee45b5-4e6b-4499-8d3c-0bcd5a303b6d:192.168.151.72:44891], old=null
2019-09-17 14:55:16,164 [24ee45b5-4e6b-4499-8d3c-0bcd5a303b6d@group-218101269A2C:LeaderElection36] INFO  impl.LeaderElection (LogUtils.java:infoOrTrace(149)) -   Exception 0: {}
java.util.concurrent.ExecutionException: org.apache.ratis.thirdparty.io.grpc.StatusRuntimeException: UNAVAILABLE: io exception
	at java.util.concurrent.FutureTask.report(FutureTask.java:122)
	at java.util.concurrent.FutureTask.get(FutureTask.java:192)
	at org.apache.ratis.server.impl.LeaderElection.waitForResults(LeaderElection.java:263)
	at org.apache.ratis.server.impl.LeaderElection.askForVotes(LeaderElection.java:201)
	at org.apache.ratis.server.impl.LeaderElection.run(LeaderElection.java:133)
	at java.lang.Thread.run(Thread.java:748)
Caused by: org.apache.ratis.thirdparty.io.grpc.StatusRuntimeException: UNAVAILABLE: io exception
	at org.apache.ratis.thirdparty.io.grpc.stub.ClientCalls.toStatusRuntimeException(ClientCalls.java:233)
	at org.apache.ratis.thirdparty.io.grpc.stub.ClientCalls.getUnchecked(ClientCalls.java:214)
	at org.apache.ratis.thirdparty.io.grpc.stub.ClientCalls.blockingUnaryCall(ClientCalls.java:139)
	at org.apache.ratis.proto.grpc.RaftServerProtocolServiceGrpc$RaftServerProtocolServiceBlockingStub.requestVote(RaftServerProtocolServiceGrpc.java:265)
	at org.apache.ratis.grpc.server.GrpcServerProtocolClient.requestVote(GrpcServerProtocolClient.java:90)
	at org.apache.ratis.grpc.server.GrpcService.requestVote(GrpcService.java:204)
	at org.apache.ratis.server.impl.LeaderElection.lambda$submitRequests$1(LeaderElection.java:238)
	at java.util.concurrent.FutureTask.run(FutureTask.java:266)
	at java.util.concurrent.Executors$RunnableAdapter.call(Executors.java:511)
	at java.util.concurrent.FutureTask.run(FutureTask.java:266)
	at java.util.concurrent.ThreadPoolExecutor.runWorker(ThreadPoolExecutor.java:1149)
	at java.util.concurrent.ThreadPoolExecutor$Worker.run(ThreadPoolExecutor.java:624)
	... 1 more
Caused by: org.apache.ratis.thirdparty.io.netty.channel.AbstractChannel$AnnotatedConnectException: Connection refused: /192.168.151.72:38991
	at sun.nio.ch.SocketChannelImpl.checkConnect(Native Method)
	at sun.nio.ch.SocketChannelImpl.finishConnect(SocketChannelImpl.java:717)
	at org.apache.ratis.thirdparty.io.netty.channel.socket.nio.NioSocketChannel.doFinishConnect(NioSocketChannel.java:327)
	at org.apache.ratis.thirdparty.io.netty.channel.nio.AbstractNioChannel$AbstractNioUnsafe.finishConnect(AbstractNioChannel.java:340)
	at org.apache.ratis.thirdparty.io.netty.channel.nio.NioEventLoop.processSelectedKey(NioEventLoop.java:632)
	at org.apache.ratis.thirdparty.io.netty.channel.nio.NioEventLoop.processSelectedKeysOptimized(NioEventLoop.java:579)
	at org.apache.ratis.thirdparty.io.netty.channel.nio.NioEventLoop.processSelectedKeys(NioEventLoop.java:496)
	at org.apache.ratis.thirdparty.io.netty.channel.nio.NioEventLoop.run(NioEventLoop.java:458)
	at org.apache.ratis.thirdparty.io.netty.util.concurrent.SingleThreadEventExecutor$5.run(SingleThreadEventExecutor.java:897)
	at org.apache.ratis.thirdparty.io.netty.util.concurrent.FastThreadLocalRunnable.run(FastThreadLocalRunnable.java:30)
	... 1 more
Caused by: java.net.ConnectException: Connection refused
	... 11 more
2019-09-17 14:55:16,165 [24ee45b5-4e6b-4499-8d3c-0bcd5a303b6d@group-218101269A2C:LeaderElection36] INFO  impl.LeaderElection (LogUtils.java:infoOrTrace(149)) -   Exception 1: {}
java.util.concurrent.ExecutionException: org.apache.ratis.thirdparty.io.grpc.StatusRuntimeException: UNAVAILABLE: io exception
	at java.util.concurrent.FutureTask.report(FutureTask.java:122)
	at java.util.concurrent.FutureTask.get(FutureTask.java:192)
	at org.apache.ratis.server.impl.LeaderElection.waitForResults(LeaderElection.java:263)
	at org.apache.ratis.server.impl.LeaderElection.askForVotes(LeaderElection.java:201)
	at org.apache.ratis.server.impl.LeaderElection.run(LeaderElection.java:133)
	at java.lang.Thread.run(Thread.java:748)
Caused by: org.apache.ratis.thirdparty.io.grpc.StatusRuntimeException: UNAVAILABLE: io exception
	at org.apache.ratis.thirdparty.io.grpc.stub.ClientCalls.toStatusRuntimeException(ClientCalls.java:233)
	at org.apache.ratis.thirdparty.io.grpc.stub.ClientCalls.getUnchecked(ClientCalls.java:214)
	at org.apache.ratis.thirdparty.io.grpc.stub.ClientCalls.blockingUnaryCall(ClientCalls.java:139)
	at org.apache.ratis.proto.grpc.RaftServerProtocolServiceGrpc$RaftServerProtocolServiceBlockingStub.requestVote(RaftServerProtocolServiceGrpc.java:265)
	at org.apache.ratis.grpc.server.GrpcServerProtocolClient.requestVote(GrpcServerProtocolClient.java:90)
	at org.apache.ratis.grpc.server.GrpcService.requestVote(GrpcService.java:204)
	at org.apache.ratis.server.impl.LeaderElection.lambda$submitRequests$1(LeaderElection.java:238)
	at java.util.concurrent.FutureTask.run(FutureTask.java:266)
	at java.util.concurrent.Executors$RunnableAdapter.call(Executors.java:511)
	at java.util.concurrent.FutureTask.run(FutureTask.java:266)
	at java.util.concurrent.ThreadPoolExecutor.runWorker(ThreadPoolExecutor.java:1149)
	at java.util.concurrent.ThreadPoolExecutor$Worker.run(ThreadPoolExecutor.java:624)
	... 1 more
Caused by: org.apache.ratis.thirdparty.io.netty.channel.AbstractChannel$AnnotatedConnectException: Connection refused: /192.168.151.72:44174
	at sun.nio.ch.SocketChannelImpl.checkConnect(Native Method)
	at sun.nio.ch.SocketChannelImpl.finishConnect(SocketChannelImpl.java:717)
	at org.apache.ratis.thirdparty.io.netty.channel.socket.nio.NioSocketChannel.doFinishConnect(NioSocketChannel.java:327)
	at org.apache.ratis.thirdparty.io.netty.channel.nio.AbstractNioChannel$AbstractNioUnsafe.finishConnect(AbstractNioChannel.java:340)
	at org.apache.ratis.thirdparty.io.netty.channel.nio.NioEventLoop.processSelectedKey(NioEventLoop.java:632)
	at org.apache.ratis.thirdparty.io.netty.channel.nio.NioEventLoop.processSelectedKeysOptimized(NioEventLoop.java:579)
	at org.apache.ratis.thirdparty.io.netty.channel.nio.NioEventLoop.processSelectedKeys(NioEventLoop.java:496)
	at org.apache.ratis.thirdparty.io.netty.channel.nio.NioEventLoop.run(NioEventLoop.java:458)
	at org.apache.ratis.thirdparty.io.netty.util.concurrent.SingleThreadEventExecutor$5.run(SingleThreadEventExecutor.java:897)
	at org.apache.ratis.thirdparty.io.netty.util.concurrent.FastThreadLocalRunnable.run(FastThreadLocalRunnable.java:30)
	... 1 more
Caused by: java.net.ConnectException: Connection refused
	... 11 more
2019-09-17 14:55:16,165 [24ee45b5-4e6b-4499-8d3c-0bcd5a303b6d@group-218101269A2C:LeaderElection36] INFO  impl.RaftServerImpl (RaftServerImpl.java:setRole(174)) - 24ee45b5-4e6b-4499-8d3c-0bcd5a303b6d@group-218101269A2C: changes role from CANDIDATE to FOLLOWER at term 15 for DISCOVERED_A_NEW_TERM
2019-09-17 14:55:16,165 [24ee45b5-4e6b-4499-8d3c-0bcd5a303b6d@group-218101269A2C:LeaderElection36] INFO  impl.RoleInfo (RoleInfo.java:shutdownLeaderElection(134)) - 24ee45b5-4e6b-4499-8d3c-0bcd5a303b6d: shutdown LeaderElection
2019-09-17 14:55:16,166 [24ee45b5-4e6b-4499-8d3c-0bcd5a303b6d@group-218101269A2C:LeaderElection36] INFO  impl.RoleInfo (RoleInfo.java:updateAndGet(143)) - 24ee45b5-4e6b-4499-8d3c-0bcd5a303b6d: start FollowerState
2019-09-17 14:55:16,403 [java.util.concurrent.ThreadPoolExecutor$Worker@486b56da[State = -1, empty queue]] WARN  server.GrpcLogAppender (GrpcLogAppender.java:timeoutAppendRequest(200)) - 64dc86e1-b58a-47fa-9209-c80a04613504@group-85515DBFC7EF->296d1e6a-4d03-4625-a926-8603881e9a06-GrpcLogAppender: appendEntries Timeout, request=64dc86e1-b58a-47fa-9209-c80a04613504->296d1e6a-4d03-4625-a926-8603881e9a06#116-t2, previous=(t:2, i:20), leaderCommit=16, initializing? false, entries: <empty>
2019-09-17 14:55:16,406 [java.util.concurrent.ThreadPoolExecutor$Worker@1fe41ca9[State = -1, empty queue]] WARN  server.GrpcLogAppender (GrpcLogAppender.java:timeoutAppendRequest(200)) - 64dc86e1-b58a-47fa-9209-c80a04613504@group-85515DBFC7EF->0d659ca8-8d3f-4ad5-ad2a-cdb4ab88523b-GrpcLogAppender: appendEntries Timeout, request=64dc86e1-b58a-47fa-9209-c80a04613504->0d659ca8-8d3f-4ad5-ad2a-cdb4ab88523b#116-t2, previous=(t:2, i:20), leaderCommit=16, initializing? false, entries: <empty>
2019-09-17 14:55:16,487 [java.util.concurrent.ThreadPoolExecutor$Worker@5ab404d3[State = -1, empty queue]] WARN  server.GrpcLogAppender (GrpcLogAppender.java:timeoutAppendRequest(200)) - 9b5674b6-1da3-4a18-a3b1-2bf65c31b2e5@group-A10EF1BAEC68->55160a25-c10a-4fac-977f-ea88e555cd0f-GrpcLogAppender: appendEntries Timeout, request=9b5674b6-1da3-4a18-a3b1-2bf65c31b2e5->55160a25-c10a-4fac-977f-ea88e555cd0f#129-t2, previous=(t:2, i:34), leaderCommit=30, initializing? false, entries: <empty>
2019-09-17 14:55:16,487 [java.util.concurrent.ThreadPoolExecutor$Worker@16fd9795[State = -1, empty queue]] WARN  server.GrpcLogAppender (GrpcLogAppender.java:timeoutAppendRequest(200)) - 9b5674b6-1da3-4a18-a3b1-2bf65c31b2e5@group-A10EF1BAEC68->87bd24bf-ffb9-4c07-ac8f-086f94142b7e-GrpcLogAppender: appendEntries Timeout, request=9b5674b6-1da3-4a18-a3b1-2bf65c31b2e5->87bd24bf-ffb9-4c07-ac8f-086f94142b7e#129-t2, previous=(t:2, i:34), leaderCommit=30, initializing? false, entries: <empty>
2019-09-17 14:55:16,903 [java.util.concurrent.ThreadPoolExecutor$Worker@486b56da[State = -1, empty queue]] WARN  server.GrpcLogAppender (GrpcLogAppender.java:timeoutAppendRequest(200)) - 64dc86e1-b58a-47fa-9209-c80a04613504@group-85515DBFC7EF->296d1e6a-4d03-4625-a926-8603881e9a06-GrpcLogAppender: appendEntries Timeout, request=64dc86e1-b58a-47fa-9209-c80a04613504->296d1e6a-4d03-4625-a926-8603881e9a06#117-t2, previous=(t:2, i:20), leaderCommit=16, initializing? false, entries: <empty>
2019-09-17 14:55:16,905 [java.util.concurrent.ThreadPoolExecutor$Worker@1fe41ca9[State = -1, empty queue]] WARN  server.GrpcLogAppender (GrpcLogAppender.java:timeoutAppendRequest(200)) - 64dc86e1-b58a-47fa-9209-c80a04613504@group-85515DBFC7EF->0d659ca8-8d3f-4ad5-ad2a-cdb4ab88523b-GrpcLogAppender: appendEntries Timeout, request=64dc86e1-b58a-47fa-9209-c80a04613504->0d659ca8-8d3f-4ad5-ad2a-cdb4ab88523b#117-t2, previous=(t:2, i:20), leaderCommit=16, initializing? false, entries: <empty>
2019-09-17 14:55:16,971 [java.util.concurrent.ThreadPoolExecutor$Worker@16fd9795[State = -1, empty queue]] WARN  server.GrpcLogAppender (GrpcLogAppender.java:timeoutAppendRequest(200)) - 9b5674b6-1da3-4a18-a3b1-2bf65c31b2e5@group-A10EF1BAEC68->87bd24bf-ffb9-4c07-ac8f-086f94142b7e-GrpcLogAppender: appendEntries Timeout, request=9b5674b6-1da3-4a18-a3b1-2bf65c31b2e5->87bd24bf-ffb9-4c07-ac8f-086f94142b7e#130-t2, previous=(t:2, i:34), leaderCommit=30, initializing? false, entries: <empty>
2019-09-17 14:55:16,971 [java.util.concurrent.ThreadPoolExecutor$Worker@5ab404d3[State = -1, empty queue]] WARN  server.GrpcLogAppender (GrpcLogAppender.java:timeoutAppendRequest(200)) - 9b5674b6-1da3-4a18-a3b1-2bf65c31b2e5@group-A10EF1BAEC68->55160a25-c10a-4fac-977f-ea88e555cd0f-GrpcLogAppender: appendEntries Timeout, request=9b5674b6-1da3-4a18-a3b1-2bf65c31b2e5->55160a25-c10a-4fac-977f-ea88e555cd0f#130-t2, previous=(t:2, i:34), leaderCommit=30, initializing? false, entries: <empty>
2019-09-17 14:55:17,235 [Thread-1257] INFO  impl.FollowerState (FollowerState.java:run(106)) - 24ee45b5-4e6b-4499-8d3c-0bcd5a303b6d:group-218101269A2C changes to CANDIDATE, lastRpcTime:1069, electionTimeout:1069ms
2019-09-17 14:55:17,235 [Thread-1257] INFO  impl.RoleInfo (RoleInfo.java:shutdownFollowerState(121)) - 24ee45b5-4e6b-4499-8d3c-0bcd5a303b6d: shutdown FollowerState
2019-09-17 14:55:17,236 [Thread-1257] INFO  impl.RaftServerImpl (RaftServerImpl.java:setRole(174)) - 24ee45b5-4e6b-4499-8d3c-0bcd5a303b6d@group-218101269A2C: changes role from  FOLLOWER to CANDIDATE at term 15 for changeToCandidate
2019-09-17 14:55:17,236 [Thread-1257] INFO  impl.RoleInfo (RoleInfo.java:updateAndGet(143)) - 24ee45b5-4e6b-4499-8d3c-0bcd5a303b6d: start LeaderElection
2019-09-17 14:55:17,265 [24ee45b5-4e6b-4499-8d3c-0bcd5a303b6d@group-218101269A2C:LeaderElection37] INFO  impl.LeaderElection (LeaderElection.java:askForVotes(182)) - 24ee45b5-4e6b-4499-8d3c-0bcd5a303b6d@group-218101269A2C:LeaderElection37: begin an election at term 16 for 17: [bbb4e265-cb6b-4caa-8b5d-65801261426c:192.168.151.72:38991, 5824bb7b-23b5-4080-8c55-4e36ce35b3ee:192.168.151.72:44174, 24ee45b5-4e6b-4499-8d3c-0bcd5a303b6d:192.168.151.72:44891], old=null
2019-09-17 14:55:17,267 [24ee45b5-4e6b-4499-8d3c-0bcd5a303b6d@group-218101269A2C:LeaderElection37] INFO  impl.LeaderElection (LogUtils.java:infoOrTrace(149)) - 24ee45b5-4e6b-4499-8d3c-0bcd5a303b6d@group-218101269A2C:LeaderElection37 got exception when requesting votes: {}
java.util.concurrent.ExecutionException: org.apache.ratis.thirdparty.io.grpc.StatusRuntimeException: UNAVAILABLE: io exception
	at java.util.concurrent.FutureTask.report(FutureTask.java:122)
	at java.util.concurrent.FutureTask.get(FutureTask.java:192)
	at org.apache.ratis.server.impl.LeaderElection.waitForResults(LeaderElection.java:263)
	at org.apache.ratis.server.impl.LeaderElection.askForVotes(LeaderElection.java:201)
	at org.apache.ratis.server.impl.LeaderElection.run(LeaderElection.java:133)
	at java.lang.Thread.run(Thread.java:748)
Caused by: org.apache.ratis.thirdparty.io.grpc.StatusRuntimeException: UNAVAILABLE: io exception
	at org.apache.ratis.thirdparty.io.grpc.stub.ClientCalls.toStatusRuntimeException(ClientCalls.java:233)
	at org.apache.ratis.thirdparty.io.grpc.stub.ClientCalls.getUnchecked(ClientCalls.java:214)
	at org.apache.ratis.thirdparty.io.grpc.stub.ClientCalls.blockingUnaryCall(ClientCalls.java:139)
	at org.apache.ratis.proto.grpc.RaftServerProtocolServiceGrpc$RaftServerProtocolServiceBlockingStub.requestVote(RaftServerProtocolServiceGrpc.java:265)
	at org.apache.ratis.grpc.server.GrpcServerProtocolClient.requestVote(GrpcServerProtocolClient.java:90)
	at org.apache.ratis.grpc.server.GrpcService.requestVote(GrpcService.java:204)
	at org.apache.ratis.server.impl.LeaderElection.lambda$submitRequests$1(LeaderElection.java:238)
	at java.util.concurrent.FutureTask.run(FutureTask.java:266)
	at java.util.concurrent.Executors$RunnableAdapter.call(Executors.java:511)
	at java.util.concurrent.FutureTask.run(FutureTask.java:266)
	at java.util.concurrent.ThreadPoolExecutor.runWorker(ThreadPoolExecutor.java:1149)
	at java.util.concurrent.ThreadPoolExecutor$Worker.run(ThreadPoolExecutor.java:624)
	... 1 more
Caused by: org.apache.ratis.thirdparty.io.netty.channel.AbstractChannel$AnnotatedConnectException: Connection refused: /192.168.151.72:38991
	at sun.nio.ch.SocketChannelImpl.checkConnect(Native Method)
	at sun.nio.ch.SocketChannelImpl.finishConnect(SocketChannelImpl.java:717)
	at org.apache.ratis.thirdparty.io.netty.channel.socket.nio.NioSocketChannel.doFinishConnect(NioSocketChannel.java:327)
	at org.apache.ratis.thirdparty.io.netty.channel.nio.AbstractNioChannel$AbstractNioUnsafe.finishConnect(AbstractNioChannel.java:340)
	at org.apache.ratis.thirdparty.io.netty.channel.nio.NioEventLoop.processSelectedKey(NioEventLoop.java:632)
	at org.apache.ratis.thirdparty.io.netty.channel.nio.NioEventLoop.processSelectedKeysOptimized(NioEventLoop.java:579)
	at org.apache.ratis.thirdparty.io.netty.channel.nio.NioEventLoop.processSelectedKeys(NioEventLoop.java:496)
	at org.apache.ratis.thirdparty.io.netty.channel.nio.NioEventLoop.run(NioEventLoop.java:458)
	at org.apache.ratis.thirdparty.io.netty.util.concurrent.SingleThreadEventExecutor$5.run(SingleThreadEventExecutor.java:897)
	at org.apache.ratis.thirdparty.io.netty.util.concurrent.FastThreadLocalRunnable.run(FastThreadLocalRunnable.java:30)
	... 1 more
Caused by: java.net.ConnectException: Connection refused
	... 11 more
2019-09-17 14:55:17,270 [24ee45b5-4e6b-4499-8d3c-0bcd5a303b6d@group-218101269A2C:LeaderElection37] INFO  impl.LeaderElection (LogUtils.java:infoOrTrace(149)) - 24ee45b5-4e6b-4499-8d3c-0bcd5a303b6d@group-218101269A2C:LeaderElection37 got exception when requesting votes: {}
java.util.concurrent.ExecutionException: org.apache.ratis.thirdparty.io.grpc.StatusRuntimeException: UNAVAILABLE: io exception
	at java.util.concurrent.FutureTask.report(FutureTask.java:122)
	at java.util.concurrent.FutureTask.get(FutureTask.java:192)
	at org.apache.ratis.server.impl.LeaderElection.waitForResults(LeaderElection.java:263)
	at org.apache.ratis.server.impl.LeaderElection.askForVotes(LeaderElection.java:201)
	at org.apache.ratis.server.impl.LeaderElection.run(LeaderElection.java:133)
	at java.lang.Thread.run(Thread.java:748)
Caused by: org.apache.ratis.thirdparty.io.grpc.StatusRuntimeException: UNAVAILABLE: io exception
	at org.apache.ratis.thirdparty.io.grpc.stub.ClientCalls.toStatusRuntimeException(ClientCalls.java:233)
	at org.apache.ratis.thirdparty.io.grpc.stub.ClientCalls.getUnchecked(ClientCalls.java:214)
	at org.apache.ratis.thirdparty.io.grpc.stub.ClientCalls.blockingUnaryCall(ClientCalls.java:139)
	at org.apache.ratis.proto.grpc.RaftServerProtocolServiceGrpc$RaftServerProtocolServiceBlockingStub.requestVote(RaftServerProtocolServiceGrpc.java:265)
	at org.apache.ratis.grpc.server.GrpcServerProtocolClient.requestVote(GrpcServerProtocolClient.java:90)
	at org.apache.ratis.grpc.server.GrpcService.requestVote(GrpcService.java:204)
	at org.apache.ratis.server.impl.LeaderElection.lambda$submitRequests$1(LeaderElection.java:238)
	at java.util.concurrent.FutureTask.run(FutureTask.java:266)
	at java.util.concurrent.Executors$RunnableAdapter.call(Executors.java:511)
	at java.util.concurrent.FutureTask.run(FutureTask.java:266)
	at java.util.concurrent.ThreadPoolExecutor.runWorker(ThreadPoolExecutor.java:1149)
	at java.util.concurrent.ThreadPoolExecutor$Worker.run(ThreadPoolExecutor.java:624)
	... 1 more
Caused by: org.apache.ratis.thirdparty.io.netty.channel.AbstractChannel$AnnotatedConnectException: Connection refused: /192.168.151.72:44174
	at sun.nio.ch.SocketChannelImpl.checkConnect(Native Method)
	at sun.nio.ch.SocketChannelImpl.finishConnect(SocketChannelImpl.java:717)
	at org.apache.ratis.thirdparty.io.netty.channel.socket.nio.NioSocketChannel.doFinishConnect(NioSocketChannel.java:327)
	at org.apache.ratis.thirdparty.io.netty.channel.nio.AbstractNioChannel$AbstractNioUnsafe.finishConnect(AbstractNioChannel.java:340)
	at org.apache.ratis.thirdparty.io.netty.channel.nio.NioEventLoop.processSelectedKey(NioEventLoop.java:632)
	at org.apache.ratis.thirdparty.io.netty.channel.nio.NioEventLoop.processSelectedKeysOptimized(NioEventLoop.java:579)
	at org.apache.ratis.thirdparty.io.netty.channel.nio.NioEventLoop.processSelectedKeys(NioEventLoop.java:496)
	at org.apache.ratis.thirdparty.io.netty.channel.nio.NioEventLoop.run(NioEventLoop.java:458)
	at org.apache.ratis.thirdparty.io.netty.util.concurrent.SingleThreadEventExecutor$5.run(SingleThreadEventExecutor.java:897)
	at org.apache.ratis.thirdparty.io.netty.util.concurrent.FastThreadLocalRunnable.run(FastThreadLocalRunnable.java:30)
	... 1 more
Caused by: java.net.ConnectException: Connection refused
	... 11 more
2019-09-17 14:55:17,273 [24ee45b5-4e6b-4499-8d3c-0bcd5a303b6d@group-218101269A2C:LeaderElection37] INFO  impl.LeaderElection (LeaderElection.java:logAndReturn(56)) - 24ee45b5-4e6b-4499-8d3c-0bcd5a303b6d@group-218101269A2C:LeaderElection37: Election REJECTED; received 0 response(s) [] and 2 exception(s); 24ee45b5-4e6b-4499-8d3c-0bcd5a303b6d@group-218101269A2C:t16, leader=null, voted=24ee45b5-4e6b-4499-8d3c-0bcd5a303b6d, raftlog=24ee45b5-4e6b-4499-8d3c-0bcd5a303b6d@group-218101269A2C-SegmentedRaftLog:OPENED:c29,f29,i29, conf=17: [bbb4e265-cb6b-4caa-8b5d-65801261426c:192.168.151.72:38991, 5824bb7b-23b5-4080-8c55-4e36ce35b3ee:192.168.151.72:44174, 24ee45b5-4e6b-4499-8d3c-0bcd5a303b6d:192.168.151.72:44891], old=null
2019-09-17 14:55:17,273 [24ee45b5-4e6b-4499-8d3c-0bcd5a303b6d@group-218101269A2C:LeaderElection37] INFO  impl.LeaderElection (LogUtils.java:infoOrTrace(149)) -   Exception 0: {}
java.util.concurrent.ExecutionException: org.apache.ratis.thirdparty.io.grpc.StatusRuntimeException: UNAVAILABLE: io exception
	at java.util.concurrent.FutureTask.report(FutureTask.java:122)
	at java.util.concurrent.FutureTask.get(FutureTask.java:192)
	at org.apache.ratis.server.impl.LeaderElection.waitForResults(LeaderElection.java:263)
	at org.apache.ratis.server.impl.LeaderElection.askForVotes(LeaderElection.java:201)
	at org.apache.ratis.server.impl.LeaderElection.run(LeaderElection.java:133)
	at java.lang.Thread.run(Thread.java:748)
Caused by: org.apache.ratis.thirdparty.io.grpc.StatusRuntimeException: UNAVAILABLE: io exception
	at org.apache.ratis.thirdparty.io.grpc.stub.ClientCalls.toStatusRuntimeException(ClientCalls.java:233)
	at org.apache.ratis.thirdparty.io.grpc.stub.ClientCalls.getUnchecked(ClientCalls.java:214)
	at org.apache.ratis.thirdparty.io.grpc.stub.ClientCalls.blockingUnaryCall(ClientCalls.java:139)
	at org.apache.ratis.proto.grpc.RaftServerProtocolServiceGrpc$RaftServerProtocolServiceBlockingStub.requestVote(RaftServerProtocolServiceGrpc.java:265)
	at org.apache.ratis.grpc.server.GrpcServerProtocolClient.requestVote(GrpcServerProtocolClient.java:90)
	at org.apache.ratis.grpc.server.GrpcService.requestVote(GrpcService.java:204)
	at org.apache.ratis.server.impl.LeaderElection.lambda$submitRequests$1(LeaderElection.java:238)
	at java.util.concurrent.FutureTask.run(FutureTask.java:266)
	at java.util.concurrent.Executors$RunnableAdapter.call(Executors.java:511)
	at java.util.concurrent.FutureTask.run(FutureTask.java:266)
	at java.util.concurrent.ThreadPoolExecutor.runWorker(ThreadPoolExecutor.java:1149)
	at java.util.concurrent.ThreadPoolExecutor$Worker.run(ThreadPoolExecutor.java:624)
	... 1 more
Caused by: org.apache.ratis.thirdparty.io.netty.channel.AbstractChannel$AnnotatedConnectException: Connection refused: /192.168.151.72:38991
	at sun.nio.ch.SocketChannelImpl.checkConnect(Native Method)
	at sun.nio.ch.SocketChannelImpl.finishConnect(SocketChannelImpl.java:717)
	at org.apache.ratis.thirdparty.io.netty.channel.socket.nio.NioSocketChannel.doFinishConnect(NioSocketChannel.java:327)
	at org.apache.ratis.thirdparty.io.netty.channel.nio.AbstractNioChannel$AbstractNioUnsafe.finishConnect(AbstractNioChannel.java:340)
	at org.apache.ratis.thirdparty.io.netty.channel.nio.NioEventLoop.processSelectedKey(NioEventLoop.java:632)
	at org.apache.ratis.thirdparty.io.netty.channel.nio.NioEventLoop.processSelectedKeysOptimized(NioEventLoop.java:579)
	at org.apache.ratis.thirdparty.io.netty.channel.nio.NioEventLoop.processSelectedKeys(NioEventLoop.java:496)
	at org.apache.ratis.thirdparty.io.netty.channel.nio.NioEventLoop.run(NioEventLoop.java:458)
	at org.apache.ratis.thirdparty.io.netty.util.concurrent.SingleThreadEventExecutor$5.run(SingleThreadEventExecutor.java:897)
	at org.apache.ratis.thirdparty.io.netty.util.concurrent.FastThreadLocalRunnable.run(FastThreadLocalRunnable.java:30)
	... 1 more
Caused by: java.net.ConnectException: Connection refused
	... 11 more
2019-09-17 14:55:17,274 [24ee45b5-4e6b-4499-8d3c-0bcd5a303b6d@group-218101269A2C:LeaderElection37] INFO  impl.LeaderElection (LogUtils.java:infoOrTrace(149)) -   Exception 1: {}
java.util.concurrent.ExecutionException: org.apache.ratis.thirdparty.io.grpc.StatusRuntimeException: UNAVAILABLE: io exception
	at java.util.concurrent.FutureTask.report(FutureTask.java:122)
	at java.util.concurrent.FutureTask.get(FutureTask.java:192)
	at org.apache.ratis.server.impl.LeaderElection.waitForResults(LeaderElection.java:263)
	at org.apache.ratis.server.impl.LeaderElection.askForVotes(LeaderElection.java:201)
	at org.apache.ratis.server.impl.LeaderElection.run(LeaderElection.java:133)
	at java.lang.Thread.run(Thread.java:748)
Caused by: org.apache.ratis.thirdparty.io.grpc.StatusRuntimeException: UNAVAILABLE: io exception
	at org.apache.ratis.thirdparty.io.grpc.stub.ClientCalls.toStatusRuntimeException(ClientCalls.java:233)
	at org.apache.ratis.thirdparty.io.grpc.stub.ClientCalls.getUnchecked(ClientCalls.java:214)
	at org.apache.ratis.thirdparty.io.grpc.stub.ClientCalls.blockingUnaryCall(ClientCalls.java:139)
	at org.apache.ratis.proto.grpc.RaftServerProtocolServiceGrpc$RaftServerProtocolServiceBlockingStub.requestVote(RaftServerProtocolServiceGrpc.java:265)
	at org.apache.ratis.grpc.server.GrpcServerProtocolClient.requestVote(GrpcServerProtocolClient.java:90)
	at org.apache.ratis.grpc.server.GrpcService.requestVote(GrpcService.java:204)
	at org.apache.ratis.server.impl.LeaderElection.lambda$submitRequests$1(LeaderElection.java:238)
	at java.util.concurrent.FutureTask.run(FutureTask.java:266)
	at java.util.concurrent.Executors$RunnableAdapter.call(Executors.java:511)
	at java.util.concurrent.FutureTask.run(FutureTask.java:266)
	at java.util.concurrent.ThreadPoolExecutor.runWorker(ThreadPoolExecutor.java:1149)
	at java.util.concurrent.ThreadPoolExecutor$Worker.run(ThreadPoolExecutor.java:624)
	... 1 more
Caused by: org.apache.ratis.thirdparty.io.netty.channel.AbstractChannel$AnnotatedConnectException: Connection refused: /192.168.151.72:44174
	at sun.nio.ch.SocketChannelImpl.checkConnect(Native Method)
	at sun.nio.ch.SocketChannelImpl.finishConnect(SocketChannelImpl.java:717)
	at org.apache.ratis.thirdparty.io.netty.channel.socket.nio.NioSocketChannel.doFinishConnect(NioSocketChannel.java:327)
	at org.apache.ratis.thirdparty.io.netty.channel.nio.AbstractNioChannel$AbstractNioUnsafe.finishConnect(AbstractNioChannel.java:340)
	at org.apache.ratis.thirdparty.io.netty.channel.nio.NioEventLoop.processSelectedKey(NioEventLoop.java:632)
	at org.apache.ratis.thirdparty.io.netty.channel.nio.NioEventLoop.processSelectedKeysOptimized(NioEventLoop.java:579)
	at org.apache.ratis.thirdparty.io.netty.channel.nio.NioEventLoop.processSelectedKeys(NioEventLoop.java:496)
	at org.apache.ratis.thirdparty.io.netty.channel.nio.NioEventLoop.run(NioEventLoop.java:458)
	at org.apache.ratis.thirdparty.io.netty.util.concurrent.SingleThreadEventExecutor$5.run(SingleThreadEventExecutor.java:897)
	at org.apache.ratis.thirdparty.io.netty.util.concurrent.FastThreadLocalRunnable.run(FastThreadLocalRunnable.java:30)
	... 1 more
Caused by: java.net.ConnectException: Connection refused
	... 11 more
2019-09-17 14:55:17,274 [24ee45b5-4e6b-4499-8d3c-0bcd5a303b6d@group-218101269A2C:LeaderElection37] INFO  impl.RaftServerImpl (RaftServerImpl.java:setRole(174)) - 24ee45b5-4e6b-4499-8d3c-0bcd5a303b6d@group-218101269A2C: changes role from CANDIDATE to FOLLOWER at term 16 for DISCOVERED_A_NEW_TERM
2019-09-17 14:55:17,274 [24ee45b5-4e6b-4499-8d3c-0bcd5a303b6d@group-218101269A2C:LeaderElection37] INFO  impl.RoleInfo (RoleInfo.java:shutdownLeaderElection(134)) - 24ee45b5-4e6b-4499-8d3c-0bcd5a303b6d: shutdown LeaderElection
2019-09-17 14:55:17,274 [24ee45b5-4e6b-4499-8d3c-0bcd5a303b6d@group-218101269A2C:LeaderElection37] INFO  impl.RoleInfo (RoleInfo.java:updateAndGet(143)) - 24ee45b5-4e6b-4499-8d3c-0bcd5a303b6d: start FollowerState
2019-09-17 14:55:17,404 [java.util.concurrent.ThreadPoolExecutor$Worker@486b56da[State = -1, empty queue]] WARN  server.GrpcLogAppender (GrpcLogAppender.java:timeoutAppendRequest(200)) - 64dc86e1-b58a-47fa-9209-c80a04613504@group-85515DBFC7EF->296d1e6a-4d03-4625-a926-8603881e9a06-GrpcLogAppender: appendEntries Timeout, request=64dc86e1-b58a-47fa-9209-c80a04613504->296d1e6a-4d03-4625-a926-8603881e9a06#118-t2, previous=(t:2, i:20), leaderCommit=16, initializing? false, entries: <empty>
2019-09-17 14:55:17,406 [java.util.concurrent.ThreadPoolExecutor$Worker@1fe41ca9[State = -1, empty queue]] WARN  server.GrpcLogAppender (GrpcLogAppender.java:timeoutAppendRequest(200)) - 64dc86e1-b58a-47fa-9209-c80a04613504@group-85515DBFC7EF->0d659ca8-8d3f-4ad5-ad2a-cdb4ab88523b-GrpcLogAppender: appendEntries Timeout, request=64dc86e1-b58a-47fa-9209-c80a04613504->0d659ca8-8d3f-4ad5-ad2a-cdb4ab88523b#118-t2, previous=(t:2, i:20), leaderCommit=16, initializing? false, entries: <empty>
2019-09-17 14:55:17,471 [java.util.concurrent.ThreadPoolExecutor$Worker@5ab404d3[State = -1, empty queue]] WARN  server.GrpcLogAppender (GrpcLogAppender.java:timeoutAppendRequest(200)) - 9b5674b6-1da3-4a18-a3b1-2bf65c31b2e5@group-A10EF1BAEC68->55160a25-c10a-4fac-977f-ea88e555cd0f-GrpcLogAppender: appendEntries Timeout, request=9b5674b6-1da3-4a18-a3b1-2bf65c31b2e5->55160a25-c10a-4fac-977f-ea88e555cd0f#131-t2, previous=(t:2, i:34), leaderCommit=30, initializing? false, entries: <empty>
2019-09-17 14:55:17,471 [java.util.concurrent.ThreadPoolExecutor$Worker@16fd9795[State = -1, empty queue]] WARN  server.GrpcLogAppender (GrpcLogAppender.java:timeoutAppendRequest(200)) - 9b5674b6-1da3-4a18-a3b1-2bf65c31b2e5@group-A10EF1BAEC68->87bd24bf-ffb9-4c07-ac8f-086f94142b7e-GrpcLogAppender: appendEntries Timeout, request=9b5674b6-1da3-4a18-a3b1-2bf65c31b2e5->87bd24bf-ffb9-4c07-ac8f-086f94142b7e#131-t2, previous=(t:2, i:34), leaderCommit=30, initializing? false, entries: <empty>
2019-09-17 14:55:17,498 [grpc-default-executor-2] INFO  client.GrpcClientProtocolClient (GrpcClientProtocolClient.java:onNext(264)) - client-CBA6351075E1->55160a25-c10a-4fac-977f-ea88e555cd0f: receive RaftClientReply:client-CBA6351075E1->55160a25-c10a-4fac-977f-ea88e555cd0f@group-A10EF1BAEC68, cid=73, FAILED org.apache.ratis.protocol.NotLeaderException: Server 55160a25-c10a-4fac-977f-ea88e555cd0f@group-A10EF1BAEC68 is not the leader 9b5674b6-1da3-4a18-a3b1-2bf65c31b2e5:192.168.151.72:42570, logIndex=0, commits[55160a25-c10a-4fac-977f-ea88e555cd0f:c30, 87bd24bf-ffb9-4c07-ac8f-086f94142b7e:c28, 9b5674b6-1da3-4a18-a3b1-2bf65c31b2e5:c30]
2019-09-17 14:55:17,904 [java.util.concurrent.ThreadPoolExecutor$Worker@486b56da[State = -1, empty queue]] WARN  server.GrpcLogAppender (GrpcLogAppender.java:timeoutAppendRequest(200)) - 64dc86e1-b58a-47fa-9209-c80a04613504@group-85515DBFC7EF->296d1e6a-4d03-4625-a926-8603881e9a06-GrpcLogAppender: appendEntries Timeout, request=64dc86e1-b58a-47fa-9209-c80a04613504->296d1e6a-4d03-4625-a926-8603881e9a06#119-t2, previous=(t:2, i:20), leaderCommit=16, initializing? false, entries: <empty>
2019-09-17 14:55:17,906 [java.util.concurrent.ThreadPoolExecutor$Worker@1fe41ca9[State = -1, empty queue]] WARN  server.GrpcLogAppender (GrpcLogAppender.java:timeoutAppendRequest(200)) - 64dc86e1-b58a-47fa-9209-c80a04613504@group-85515DBFC7EF->0d659ca8-8d3f-4ad5-ad2a-cdb4ab88523b-GrpcLogAppender: appendEntries Timeout, request=64dc86e1-b58a-47fa-9209-c80a04613504->0d659ca8-8d3f-4ad5-ad2a-cdb4ab88523b#119-t2, previous=(t:2, i:20), leaderCommit=16, initializing? false, entries: <empty>
2019-09-17 14:55:17,971 [java.util.concurrent.ThreadPoolExecutor$Worker@16fd9795[State = -1, empty queue]] WARN  server.GrpcLogAppender (GrpcLogAppender.java:timeoutAppendRequest(200)) - 9b5674b6-1da3-4a18-a3b1-2bf65c31b2e5@group-A10EF1BAEC68->87bd24bf-ffb9-4c07-ac8f-086f94142b7e-GrpcLogAppender: appendEntries Timeout, request=9b5674b6-1da3-4a18-a3b1-2bf65c31b2e5->87bd24bf-ffb9-4c07-ac8f-086f94142b7e#132-t2, previous=(t:2, i:34), leaderCommit=30, initializing? false, entries: <empty>
2019-09-17 14:55:17,971 [java.util.concurrent.ThreadPoolExecutor$Worker@5ab404d3[State = -1, empty queue]] WARN  server.GrpcLogAppender (GrpcLogAppender.java:timeoutAppendRequest(200)) - 9b5674b6-1da3-4a18-a3b1-2bf65c31b2e5@group-A10EF1BAEC68->55160a25-c10a-4fac-977f-ea88e555cd0f-GrpcLogAppender: appendEntries Timeout, request=9b5674b6-1da3-4a18-a3b1-2bf65c31b2e5->55160a25-c10a-4fac-977f-ea88e555cd0f#132-t2, previous=(t:2, i:34), leaderCommit=30, initializing? false, entries: <empty>
2019-09-17 14:55:18,388 [Thread-1269] INFO  impl.FollowerState (FollowerState.java:run(106)) - 24ee45b5-4e6b-4499-8d3c-0bcd5a303b6d:group-218101269A2C changes to CANDIDATE, lastRpcTime:1113, electionTimeout:1113ms
2019-09-17 14:55:18,388 [Thread-1269] INFO  impl.RoleInfo (RoleInfo.java:shutdownFollowerState(121)) - 24ee45b5-4e6b-4499-8d3c-0bcd5a303b6d: shutdown FollowerState
2019-09-17 14:55:18,389 [Thread-1269] INFO  impl.RaftServerImpl (RaftServerImpl.java:setRole(174)) - 24ee45b5-4e6b-4499-8d3c-0bcd5a303b6d@group-218101269A2C: changes role from  FOLLOWER to CANDIDATE at term 16 for changeToCandidate
2019-09-17 14:55:18,389 [Thread-1269] INFO  impl.RoleInfo (RoleInfo.java:updateAndGet(143)) - 24ee45b5-4e6b-4499-8d3c-0bcd5a303b6d: start LeaderElection
2019-09-17 14:55:18,401 [24ee45b5-4e6b-4499-8d3c-0bcd5a303b6d@group-218101269A2C:LeaderElection38] INFO  impl.LeaderElection (LeaderElection.java:askForVotes(182)) - 24ee45b5-4e6b-4499-8d3c-0bcd5a303b6d@group-218101269A2C:LeaderElection38: begin an election at term 17 for 17: [bbb4e265-cb6b-4caa-8b5d-65801261426c:192.168.151.72:38991, 5824bb7b-23b5-4080-8c55-4e36ce35b3ee:192.168.151.72:44174, 24ee45b5-4e6b-4499-8d3c-0bcd5a303b6d:192.168.151.72:44891], old=null
2019-09-17 14:55:18,402 [24ee45b5-4e6b-4499-8d3c-0bcd5a303b6d@group-218101269A2C:LeaderElection38] INFO  impl.LeaderElection (LogUtils.java:infoOrTrace(149)) - 24ee45b5-4e6b-4499-8d3c-0bcd5a303b6d@group-218101269A2C:LeaderElection38 got exception when requesting votes: {}
java.util.concurrent.ExecutionException: org.apache.ratis.thirdparty.io.grpc.StatusRuntimeException: UNAVAILABLE: io exception
	at java.util.concurrent.FutureTask.report(FutureTask.java:122)
	at java.util.concurrent.FutureTask.get(FutureTask.java:192)
	at org.apache.ratis.server.impl.LeaderElection.waitForResults(LeaderElection.java:263)
	at org.apache.ratis.server.impl.LeaderElection.askForVotes(LeaderElection.java:201)
	at org.apache.ratis.server.impl.LeaderElection.run(LeaderElection.java:133)
	at java.lang.Thread.run(Thread.java:748)
Caused by: org.apache.ratis.thirdparty.io.grpc.StatusRuntimeException: UNAVAILABLE: io exception
	at org.apache.ratis.thirdparty.io.grpc.stub.ClientCalls.toStatusRuntimeException(ClientCalls.java:233)
	at org.apache.ratis.thirdparty.io.grpc.stub.ClientCalls.getUnchecked(ClientCalls.java:214)
	at org.apache.ratis.thirdparty.io.grpc.stub.ClientCalls.blockingUnaryCall(ClientCalls.java:139)
	at org.apache.ratis.proto.grpc.RaftServerProtocolServiceGrpc$RaftServerProtocolServiceBlockingStub.requestVote(RaftServerProtocolServiceGrpc.java:265)
	at org.apache.ratis.grpc.server.GrpcServerProtocolClient.requestVote(GrpcServerProtocolClient.java:90)
	at org.apache.ratis.grpc.server.GrpcService.requestVote(GrpcService.java:204)
	at org.apache.ratis.server.impl.LeaderElection.lambda$submitRequests$1(LeaderElection.java:238)
	at java.util.concurrent.FutureTask.run(FutureTask.java:266)
	at java.util.concurrent.Executors$RunnableAdapter.call(Executors.java:511)
	at java.util.concurrent.FutureTask.run(FutureTask.java:266)
	at java.util.concurrent.ThreadPoolExecutor.runWorker(ThreadPoolExecutor.java:1149)
	at java.util.concurrent.ThreadPoolExecutor$Worker.run(ThreadPoolExecutor.java:624)
	... 1 more
Caused by: org.apache.ratis.thirdparty.io.netty.channel.AbstractChannel$AnnotatedConnectException: Connection refused: /192.168.151.72:38991
	at sun.nio.ch.SocketChannelImpl.checkConnect(Native Method)
	at sun.nio.ch.SocketChannelImpl.finishConnect(SocketChannelImpl.java:717)
	at org.apache.ratis.thirdparty.io.netty.channel.socket.nio.NioSocketChannel.doFinishConnect(NioSocketChannel.java:327)
	at org.apache.ratis.thirdparty.io.netty.channel.nio.AbstractNioChannel$AbstractNioUnsafe.finishConnect(AbstractNioChannel.java:340)
	at org.apache.ratis.thirdparty.io.netty.channel.nio.NioEventLoop.processSelectedKey(NioEventLoop.java:632)
	at org.apache.ratis.thirdparty.io.netty.channel.nio.NioEventLoop.processSelectedKeysOptimized(NioEventLoop.java:579)
	at org.apache.ratis.thirdparty.io.netty.channel.nio.NioEventLoop.processSelectedKeys(NioEventLoop.java:496)
	at org.apache.ratis.thirdparty.io.netty.channel.nio.NioEventLoop.run(NioEventLoop.java:458)
	at org.apache.ratis.thirdparty.io.netty.util.concurrent.SingleThreadEventExecutor$5.run(SingleThreadEventExecutor.java:897)
	at org.apache.ratis.thirdparty.io.netty.util.concurrent.FastThreadLocalRunnable.run(FastThreadLocalRunnable.java:30)
	... 1 more
Caused by: java.net.ConnectException: Connection refused
	... 11 more
2019-09-17 14:55:18,406 [java.util.concurrent.ThreadPoolExecutor$Worker@486b56da[State = -1, empty queue]] WARN  server.GrpcLogAppender (GrpcLogAppender.java:timeoutAppendRequest(200)) - 64dc86e1-b58a-47fa-9209-c80a04613504@group-85515DBFC7EF->296d1e6a-4d03-4625-a926-8603881e9a06-GrpcLogAppender: appendEntries Timeout, request=64dc86e1-b58a-47fa-9209-c80a04613504->296d1e6a-4d03-4625-a926-8603881e9a06#120-t2, previous=(t:2, i:20), leaderCommit=16, initializing? false, entries: <empty>
2019-09-17 14:55:18,406 [24ee45b5-4e6b-4499-8d3c-0bcd5a303b6d@group-218101269A2C:LeaderElection38] INFO  impl.LeaderElection (LogUtils.java:infoOrTrace(149)) - 24ee45b5-4e6b-4499-8d3c-0bcd5a303b6d@group-218101269A2C:LeaderElection38 got exception when requesting votes: {}
java.util.concurrent.ExecutionException: org.apache.ratis.thirdparty.io.grpc.StatusRuntimeException: UNAVAILABLE: io exception
	at java.util.concurrent.FutureTask.report(FutureTask.java:122)
	at java.util.concurrent.FutureTask.get(FutureTask.java:192)
	at org.apache.ratis.server.impl.LeaderElection.waitForResults(LeaderElection.java:263)
	at org.apache.ratis.server.impl.LeaderElection.askForVotes(LeaderElection.java:201)
	at org.apache.ratis.server.impl.LeaderElection.run(LeaderElection.java:133)
	at java.lang.Thread.run(Thread.java:748)
Caused by: org.apache.ratis.thirdparty.io.grpc.StatusRuntimeException: UNAVAILABLE: io exception
	at org.apache.ratis.thirdparty.io.grpc.stub.ClientCalls.toStatusRuntimeException(ClientCalls.java:233)
	at org.apache.ratis.thirdparty.io.grpc.stub.ClientCalls.getUnchecked(ClientCalls.java:214)
	at org.apache.ratis.thirdparty.io.grpc.stub.ClientCalls.blockingUnaryCall(ClientCalls.java:139)
	at org.apache.ratis.proto.grpc.RaftServerProtocolServiceGrpc$RaftServerProtocolServiceBlockingStub.requestVote(RaftServerProtocolServiceGrpc.java:265)
	at org.apache.ratis.grpc.server.GrpcServerProtocolClient.requestVote(GrpcServerProtocolClient.java:90)
	at org.apache.ratis.grpc.server.GrpcService.requestVote(GrpcService.java:204)
	at org.apache.ratis.server.impl.LeaderElection.lambda$submitRequests$1(LeaderElection.java:238)
	at java.util.concurrent.FutureTask.run(FutureTask.java:266)
	at java.util.concurrent.Executors$RunnableAdapter.call(Executors.java:511)
	at java.util.concurrent.FutureTask.run(FutureTask.java:266)
	at java.util.concurrent.ThreadPoolExecutor.runWorker(ThreadPoolExecutor.java:1149)
	at java.util.concurrent.ThreadPoolExecutor$Worker.run(ThreadPoolExecutor.java:624)
	... 1 more
Caused by: org.apache.ratis.thirdparty.io.netty.channel.AbstractChannel$AnnotatedConnectException: Connection refused: /192.168.151.72:44174
	at sun.nio.ch.SocketChannelImpl.checkConnect(Native Method)
	at sun.nio.ch.SocketChannelImpl.finishConnect(SocketChannelImpl.java:717)
	at org.apache.ratis.thirdparty.io.netty.channel.socket.nio.NioSocketChannel.doFinishConnect(NioSocketChannel.java:327)
	at org.apache.ratis.thirdparty.io.netty.channel.nio.AbstractNioChannel$AbstractNioUnsafe.finishConnect(AbstractNioChannel.java:340)
	at org.apache.ratis.thirdparty.io.netty.channel.nio.NioEventLoop.processSelectedKey(NioEventLoop.java:632)
	at org.apache.ratis.thirdparty.io.netty.channel.nio.NioEventLoop.processSelectedKeysOptimized(NioEventLoop.java:579)
	at org.apache.ratis.thirdparty.io.netty.channel.nio.NioEventLoop.processSelectedKeys(NioEventLoop.java:496)
	at org.apache.ratis.thirdparty.io.netty.channel.nio.NioEventLoop.run(NioEventLoop.java:458)
	at org.apache.ratis.thirdparty.io.netty.util.concurrent.SingleThreadEventExecutor$5.run(SingleThreadEventExecutor.java:897)
	at org.apache.ratis.thirdparty.io.netty.util.concurrent.FastThreadLocalRunnable.run(FastThreadLocalRunnable.java:30)
	... 1 more
Caused by: java.net.ConnectException: Connection refused
	... 11 more
2019-09-17 14:55:18,406 [java.util.concurrent.ThreadPoolExecutor$Worker@1fe41ca9[State = -1, empty queue]] WARN  server.GrpcLogAppender (GrpcLogAppender.java:timeoutAppendRequest(200)) - 64dc86e1-b58a-47fa-9209-c80a04613504@group-85515DBFC7EF->0d659ca8-8d3f-4ad5-ad2a-cdb4ab88523b-GrpcLogAppender: appendEntries Timeout, request=64dc86e1-b58a-47fa-9209-c80a04613504->0d659ca8-8d3f-4ad5-ad2a-cdb4ab88523b#120-t2, previous=(t:2, i:20), leaderCommit=16, initializing? false, entries: <empty>
2019-09-17 14:55:18,409 [24ee45b5-4e6b-4499-8d3c-0bcd5a303b6d@group-218101269A2C:LeaderElection38] INFO  impl.LeaderElection (LeaderElection.java:logAndReturn(56)) - 24ee45b5-4e6b-4499-8d3c-0bcd5a303b6d@group-218101269A2C:LeaderElection38: Election REJECTED; received 0 response(s) [] and 2 exception(s); 24ee45b5-4e6b-4499-8d3c-0bcd5a303b6d@group-218101269A2C:t17, leader=null, voted=24ee45b5-4e6b-4499-8d3c-0bcd5a303b6d, raftlog=24ee45b5-4e6b-4499-8d3c-0bcd5a303b6d@group-218101269A2C-SegmentedRaftLog:OPENED:c29,f29,i29, conf=17: [bbb4e265-cb6b-4caa-8b5d-65801261426c:192.168.151.72:38991, 5824bb7b-23b5-4080-8c55-4e36ce35b3ee:192.168.151.72:44174, 24ee45b5-4e6b-4499-8d3c-0bcd5a303b6d:192.168.151.72:44891], old=null
2019-09-17 14:55:18,409 [24ee45b5-4e6b-4499-8d3c-0bcd5a303b6d@group-218101269A2C:LeaderElection38] INFO  impl.LeaderElection (LogUtils.java:infoOrTrace(149)) -   Exception 0: {}
java.util.concurrent.ExecutionException: org.apache.ratis.thirdparty.io.grpc.StatusRuntimeException: UNAVAILABLE: io exception
	at java.util.concurrent.FutureTask.report(FutureTask.java:122)
	at java.util.concurrent.FutureTask.get(FutureTask.java:192)
	at org.apache.ratis.server.impl.LeaderElection.waitForResults(LeaderElection.java:263)
	at org.apache.ratis.server.impl.LeaderElection.askForVotes(LeaderElection.java:201)
	at org.apache.ratis.server.impl.LeaderElection.run(LeaderElection.java:133)
	at java.lang.Thread.run(Thread.java:748)
Caused by: org.apache.ratis.thirdparty.io.grpc.StatusRuntimeException: UNAVAILABLE: io exception
	at org.apache.ratis.thirdparty.io.grpc.stub.ClientCalls.toStatusRuntimeException(ClientCalls.java:233)
	at org.apache.ratis.thirdparty.io.grpc.stub.ClientCalls.getUnchecked(ClientCalls.java:214)
	at org.apache.ratis.thirdparty.io.grpc.stub.ClientCalls.blockingUnaryCall(ClientCalls.java:139)
	at org.apache.ratis.proto.grpc.RaftServerProtocolServiceGrpc$RaftServerProtocolServiceBlockingStub.requestVote(RaftServerProtocolServiceGrpc.java:265)
	at org.apache.ratis.grpc.server.GrpcServerProtocolClient.requestVote(GrpcServerProtocolClient.java:90)
	at org.apache.ratis.grpc.server.GrpcService.requestVote(GrpcService.java:204)
	at org.apache.ratis.server.impl.LeaderElection.lambda$submitRequests$1(LeaderElection.java:238)
	at java.util.concurrent.FutureTask.run(FutureTask.java:266)
	at java.util.concurrent.Executors$RunnableAdapter.call(Executors.java:511)
	at java.util.concurrent.FutureTask.run(FutureTask.java:266)
	at java.util.concurrent.ThreadPoolExecutor.runWorker(ThreadPoolExecutor.java:1149)
	at java.util.concurrent.ThreadPoolExecutor$Worker.run(ThreadPoolExecutor.java:624)
	... 1 more
Caused by: org.apache.ratis.thirdparty.io.netty.channel.AbstractChannel$AnnotatedConnectException: Connection refused: /192.168.151.72:38991
	at sun.nio.ch.SocketChannelImpl.checkConnect(Native Method)
	at sun.nio.ch.SocketChannelImpl.finishConnect(SocketChannelImpl.java:717)
	at org.apache.ratis.thirdparty.io.netty.channel.socket.nio.NioSocketChannel.doFinishConnect(NioSocketChannel.java:327)
	at org.apache.ratis.thirdparty.io.netty.channel.nio.AbstractNioChannel$AbstractNioUnsafe.finishConnect(AbstractNioChannel.java:340)
	at org.apache.ratis.thirdparty.io.netty.channel.nio.NioEventLoop.processSelectedKey(NioEventLoop.java:632)
	at org.apache.ratis.thirdparty.io.netty.channel.nio.NioEventLoop.processSelectedKeysOptimized(NioEventLoop.java:579)
	at org.apache.ratis.thirdparty.io.netty.channel.nio.NioEventLoop.processSelectedKeys(NioEventLoop.java:496)
	at org.apache.ratis.thirdparty.io.netty.channel.nio.NioEventLoop.run(NioEventLoop.java:458)
	at org.apache.ratis.thirdparty.io.netty.util.concurrent.SingleThreadEventExecutor$5.run(SingleThreadEventExecutor.java:897)
	at org.apache.ratis.thirdparty.io.netty.util.concurrent.FastThreadLocalRunnable.run(FastThreadLocalRunnable.java:30)
	... 1 more
Caused by: java.net.ConnectException: Connection refused
	... 11 more
2019-09-17 14:55:18,410 [24ee45b5-4e6b-4499-8d3c-0bcd5a303b6d@group-218101269A2C:LeaderElection38] INFO  impl.LeaderElection (LogUtils.java:infoOrTrace(149)) -   Exception 1: {}
java.util.concurrent.ExecutionException: org.apache.ratis.thirdparty.io.grpc.StatusRuntimeException: UNAVAILABLE: io exception
	at java.util.concurrent.FutureTask.report(FutureTask.java:122)
	at java.util.concurrent.FutureTask.get(FutureTask.java:192)
	at org.apache.ratis.server.impl.LeaderElection.waitForResults(LeaderElection.java:263)
	at org.apache.ratis.server.impl.LeaderElection.askForVotes(LeaderElection.java:201)
	at org.apache.ratis.server.impl.LeaderElection.run(LeaderElection.java:133)
	at java.lang.Thread.run(Thread.java:748)
Caused by: org.apache.ratis.thirdparty.io.grpc.StatusRuntimeException: UNAVAILABLE: io exception
	at org.apache.ratis.thirdparty.io.grpc.stub.ClientCalls.toStatusRuntimeException(ClientCalls.java:233)
	at org.apache.ratis.thirdparty.io.grpc.stub.ClientCalls.getUnchecked(ClientCalls.java:214)
	at org.apache.ratis.thirdparty.io.grpc.stub.ClientCalls.blockingUnaryCall(ClientCalls.java:139)
	at org.apache.ratis.proto.grpc.RaftServerProtocolServiceGrpc$RaftServerProtocolServiceBlockingStub.requestVote(RaftServerProtocolServiceGrpc.java:265)
	at org.apache.ratis.grpc.server.GrpcServerProtocolClient.requestVote(GrpcServerProtocolClient.java:90)
	at org.apache.ratis.grpc.server.GrpcService.requestVote(GrpcService.java:204)
	at org.apache.ratis.server.impl.LeaderElection.lambda$submitRequests$1(LeaderElection.java:238)
	at java.util.concurrent.FutureTask.run(FutureTask.java:266)
	at java.util.concurrent.Executors$RunnableAdapter.call(Executors.java:511)
	at java.util.concurrent.FutureTask.run(FutureTask.java:266)
	at java.util.concurrent.ThreadPoolExecutor.runWorker(ThreadPoolExecutor.java:1149)
	at java.util.concurrent.ThreadPoolExecutor$Worker.run(ThreadPoolExecutor.java:624)
	... 1 more
Caused by: org.apache.ratis.thirdparty.io.netty.channel.AbstractChannel$AnnotatedConnectException: Connection refused: /192.168.151.72:44174
	at sun.nio.ch.SocketChannelImpl.checkConnect(Native Method)
	at sun.nio.ch.SocketChannelImpl.finishConnect(SocketChannelImpl.java:717)
	at org.apache.ratis.thirdparty.io.netty.channel.socket.nio.NioSocketChannel.doFinishConnect(NioSocketChannel.java:327)
	at org.apache.ratis.thirdparty.io.netty.channel.nio.AbstractNioChannel$AbstractNioUnsafe.finishConnect(AbstractNioChannel.java:340)
	at org.apache.ratis.thirdparty.io.netty.channel.nio.NioEventLoop.processSelectedKey(NioEventLoop.java:632)
	at org.apache.ratis.thirdparty.io.netty.channel.nio.NioEventLoop.processSelectedKeysOptimized(NioEventLoop.java:579)
	at org.apache.ratis.thirdparty.io.netty.channel.nio.NioEventLoop.processSelectedKeys(NioEventLoop.java:496)
	at org.apache.ratis.thirdparty.io.netty.channel.nio.NioEventLoop.run(NioEventLoop.java:458)
	at org.apache.ratis.thirdparty.io.netty.util.concurrent.SingleThreadEventExecutor$5.run(SingleThreadEventExecutor.java:897)
	at org.apache.ratis.thirdparty.io.netty.util.concurrent.FastThreadLocalRunnable.run(FastThreadLocalRunnable.java:30)
	... 1 more
Caused by: java.net.ConnectException: Connection refused
	... 11 more
2019-09-17 14:55:18,410 [24ee45b5-4e6b-4499-8d3c-0bcd5a303b6d@group-218101269A2C:LeaderElection38] INFO  impl.RaftServerImpl (RaftServerImpl.java:setRole(174)) - 24ee45b5-4e6b-4499-8d3c-0bcd5a303b6d@group-218101269A2C: changes role from CANDIDATE to FOLLOWER at term 17 for DISCOVERED_A_NEW_TERM
2019-09-17 14:55:18,410 [24ee45b5-4e6b-4499-8d3c-0bcd5a303b6d@group-218101269A2C:LeaderElection38] INFO  impl.RoleInfo (RoleInfo.java:shutdownLeaderElection(134)) - 24ee45b5-4e6b-4499-8d3c-0bcd5a303b6d: shutdown LeaderElection
2019-09-17 14:55:18,411 [24ee45b5-4e6b-4499-8d3c-0bcd5a303b6d@group-218101269A2C:LeaderElection38] INFO  impl.RoleInfo (RoleInfo.java:updateAndGet(143)) - 24ee45b5-4e6b-4499-8d3c-0bcd5a303b6d: start FollowerState
2019-09-17 14:55:18,472 [java.util.concurrent.ThreadPoolExecutor$Worker@16fd9795[State = -1, empty queue]] WARN  server.GrpcLogAppender (GrpcLogAppender.java:timeoutAppendRequest(200)) - 9b5674b6-1da3-4a18-a3b1-2bf65c31b2e5@group-A10EF1BAEC68->87bd24bf-ffb9-4c07-ac8f-086f94142b7e-GrpcLogAppender: appendEntries Timeout, request=9b5674b6-1da3-4a18-a3b1-2bf65c31b2e5->87bd24bf-ffb9-4c07-ac8f-086f94142b7e#133-t2, previous=(t:2, i:34), leaderCommit=30, initializing? false, entries: <empty>
2019-09-17 14:55:18,472 [java.util.concurrent.ThreadPoolExecutor$Worker@5ab404d3[State = -1, empty queue]] WARN  server.GrpcLogAppender (GrpcLogAppender.java:timeoutAppendRequest(200)) - 9b5674b6-1da3-4a18-a3b1-2bf65c31b2e5@group-A10EF1BAEC68->55160a25-c10a-4fac-977f-ea88e555cd0f-GrpcLogAppender: appendEntries Timeout, request=9b5674b6-1da3-4a18-a3b1-2bf65c31b2e5->55160a25-c10a-4fac-977f-ea88e555cd0f#133-t2, previous=(t:2, i:34), leaderCommit=30, initializing? false, entries: <empty>
2019-09-17 14:55:18,907 [java.util.concurrent.ThreadPoolExecutor$Worker@486b56da[State = -1, empty queue]] WARN  server.GrpcLogAppender (GrpcLogAppender.java:timeoutAppendRequest(200)) - 64dc86e1-b58a-47fa-9209-c80a04613504@group-85515DBFC7EF->296d1e6a-4d03-4625-a926-8603881e9a06-GrpcLogAppender: appendEntries Timeout, request=64dc86e1-b58a-47fa-9209-c80a04613504->296d1e6a-4d03-4625-a926-8603881e9a06#121-t2, previous=(t:2, i:20), leaderCommit=16, initializing? false, entries: <empty>
2019-09-17 14:55:18,907 [java.util.concurrent.ThreadPoolExecutor$Worker@1fe41ca9[State = -1, empty queue]] WARN  server.GrpcLogAppender (GrpcLogAppender.java:timeoutAppendRequest(200)) - 64dc86e1-b58a-47fa-9209-c80a04613504@group-85515DBFC7EF->0d659ca8-8d3f-4ad5-ad2a-cdb4ab88523b-GrpcLogAppender: appendEntries Timeout, request=64dc86e1-b58a-47fa-9209-c80a04613504->0d659ca8-8d3f-4ad5-ad2a-cdb4ab88523b#121-t2, previous=(t:2, i:20), leaderCommit=16, initializing? false, entries: <empty>
2019-09-17 14:55:18,972 [java.util.concurrent.ThreadPoolExecutor$Worker@5ab404d3[State = -1, empty queue]] WARN  server.GrpcLogAppender (GrpcLogAppender.java:timeoutAppendRequest(200)) - 9b5674b6-1da3-4a18-a3b1-2bf65c31b2e5@group-A10EF1BAEC68->55160a25-c10a-4fac-977f-ea88e555cd0f-GrpcLogAppender: appendEntries Timeout, request=9b5674b6-1da3-4a18-a3b1-2bf65c31b2e5->55160a25-c10a-4fac-977f-ea88e555cd0f#134-t2, previous=(t:2, i:34), leaderCommit=30, initializing? false, entries: <empty>
2019-09-17 14:55:18,972 [java.util.concurrent.ThreadPoolExecutor$Worker@16fd9795[State = -1, empty queue]] WARN  server.GrpcLogAppender (GrpcLogAppender.java:timeoutAppendRequest(200)) - 9b5674b6-1da3-4a18-a3b1-2bf65c31b2e5@group-A10EF1BAEC68->87bd24bf-ffb9-4c07-ac8f-086f94142b7e-GrpcLogAppender: appendEntries Timeout, request=9b5674b6-1da3-4a18-a3b1-2bf65c31b2e5->87bd24bf-ffb9-4c07-ac8f-086f94142b7e#134-t2, previous=(t:2, i:34), leaderCommit=30, initializing? false, entries: <empty>
2019-09-17 14:55:19,407 [java.util.concurrent.ThreadPoolExecutor$Worker@486b56da[State = -1, empty queue]] WARN  server.GrpcLogAppender (GrpcLogAppender.java:timeoutAppendRequest(200)) - 64dc86e1-b58a-47fa-9209-c80a04613504@group-85515DBFC7EF->296d1e6a-4d03-4625-a926-8603881e9a06-GrpcLogAppender: appendEntries Timeout, request=64dc86e1-b58a-47fa-9209-c80a04613504->296d1e6a-4d03-4625-a926-8603881e9a06#122-t2, previous=(t:2, i:20), leaderCommit=16, initializing? false, entries: <empty>
2019-09-17 14:55:19,407 [java.util.concurrent.ThreadPoolExecutor$Worker@1fe41ca9[State = -1, empty queue]] WARN  server.GrpcLogAppender (GrpcLogAppender.java:timeoutAppendRequest(200)) - 64dc86e1-b58a-47fa-9209-c80a04613504@group-85515DBFC7EF->0d659ca8-8d3f-4ad5-ad2a-cdb4ab88523b-GrpcLogAppender: appendEntries Timeout, request=64dc86e1-b58a-47fa-9209-c80a04613504->0d659ca8-8d3f-4ad5-ad2a-cdb4ab88523b#122-t2, previous=(t:2, i:20), leaderCommit=16, initializing? false, entries: <empty>
2019-09-17 14:55:19,487 [java.util.concurrent.ThreadPoolExecutor$Worker@5ab404d3[State = -1, empty queue]] WARN  server.GrpcLogAppender (GrpcLogAppender.java:timeoutAppendRequest(200)) - 9b5674b6-1da3-4a18-a3b1-2bf65c31b2e5@group-A10EF1BAEC68->55160a25-c10a-4fac-977f-ea88e555cd0f-GrpcLogAppender: appendEntries Timeout, request=9b5674b6-1da3-4a18-a3b1-2bf65c31b2e5->55160a25-c10a-4fac-977f-ea88e555cd0f#135-t2, previous=(t:2, i:34), leaderCommit=30, initializing? false, entries: <empty>
2019-09-17 14:55:19,487 [java.util.concurrent.ThreadPoolExecutor$Worker@16fd9795[State = -1, empty queue]] WARN  server.GrpcLogAppender (GrpcLogAppender.java:timeoutAppendRequest(200)) - 9b5674b6-1da3-4a18-a3b1-2bf65c31b2e5@group-A10EF1BAEC68->87bd24bf-ffb9-4c07-ac8f-086f94142b7e-GrpcLogAppender: appendEntries Timeout, request=9b5674b6-1da3-4a18-a3b1-2bf65c31b2e5->87bd24bf-ffb9-4c07-ac8f-086f94142b7e#135-t2, previous=(t:2, i:34), leaderCommit=30, initializing? false, entries: <empty>
2019-09-17 14:55:19,608 [Thread-1294] INFO  impl.FollowerState (FollowerState.java:run(106)) - 24ee45b5-4e6b-4499-8d3c-0bcd5a303b6d:group-218101269A2C changes to CANDIDATE, lastRpcTime:1197, electionTimeout:1197ms
2019-09-17 14:55:19,608 [Thread-1294] INFO  impl.RoleInfo (RoleInfo.java:shutdownFollowerState(121)) - 24ee45b5-4e6b-4499-8d3c-0bcd5a303b6d: shutdown FollowerState
2019-09-17 14:55:19,608 [Thread-1294] INFO  impl.RaftServerImpl (RaftServerImpl.java:setRole(174)) - 24ee45b5-4e6b-4499-8d3c-0bcd5a303b6d@group-218101269A2C: changes role from  FOLLOWER to CANDIDATE at term 17 for changeToCandidate
2019-09-17 14:55:19,609 [Thread-1294] INFO  impl.RoleInfo (RoleInfo.java:updateAndGet(143)) - 24ee45b5-4e6b-4499-8d3c-0bcd5a303b6d: start LeaderElection
2019-09-17 14:55:19,625 [24ee45b5-4e6b-4499-8d3c-0bcd5a303b6d@group-218101269A2C:LeaderElection39] INFO  impl.LeaderElection (LeaderElection.java:askForVotes(182)) - 24ee45b5-4e6b-4499-8d3c-0bcd5a303b6d@group-218101269A2C:LeaderElection39: begin an election at term 18 for 17: [bbb4e265-cb6b-4caa-8b5d-65801261426c:192.168.151.72:38991, 5824bb7b-23b5-4080-8c55-4e36ce35b3ee:192.168.151.72:44174, 24ee45b5-4e6b-4499-8d3c-0bcd5a303b6d:192.168.151.72:44891], old=null
2019-09-17 14:55:19,626 [24ee45b5-4e6b-4499-8d3c-0bcd5a303b6d@group-218101269A2C:LeaderElection39] INFO  impl.LeaderElection (LogUtils.java:infoOrTrace(149)) - 24ee45b5-4e6b-4499-8d3c-0bcd5a303b6d@group-218101269A2C:LeaderElection39 got exception when requesting votes: {}
java.util.concurrent.ExecutionException: org.apache.ratis.thirdparty.io.grpc.StatusRuntimeException: UNAVAILABLE: io exception
	at java.util.concurrent.FutureTask.report(FutureTask.java:122)
	at java.util.concurrent.FutureTask.get(FutureTask.java:192)
	at org.apache.ratis.server.impl.LeaderElection.waitForResults(LeaderElection.java:263)
	at org.apache.ratis.server.impl.LeaderElection.askForVotes(LeaderElection.java:201)
	at org.apache.ratis.server.impl.LeaderElection.run(LeaderElection.java:133)
	at java.lang.Thread.run(Thread.java:748)
Caused by: org.apache.ratis.thirdparty.io.grpc.StatusRuntimeException: UNAVAILABLE: io exception
	at org.apache.ratis.thirdparty.io.grpc.stub.ClientCalls.toStatusRuntimeException(ClientCalls.java:233)
	at org.apache.ratis.thirdparty.io.grpc.stub.ClientCalls.getUnchecked(ClientCalls.java:214)
	at org.apache.ratis.thirdparty.io.grpc.stub.ClientCalls.blockingUnaryCall(ClientCalls.java:139)
	at org.apache.ratis.proto.grpc.RaftServerProtocolServiceGrpc$RaftServerProtocolServiceBlockingStub.requestVote(RaftServerProtocolServiceGrpc.java:265)
	at org.apache.ratis.grpc.server.GrpcServerProtocolClient.requestVote(GrpcServerProtocolClient.java:90)
	at org.apache.ratis.grpc.server.GrpcService.requestVote(GrpcService.java:204)
	at org.apache.ratis.server.impl.LeaderElection.lambda$submitRequests$1(LeaderElection.java:238)
	at java.util.concurrent.FutureTask.run(FutureTask.java:266)
	at java.util.concurrent.Executors$RunnableAdapter.call(Executors.java:511)
	at java.util.concurrent.FutureTask.run(FutureTask.java:266)
	at java.util.concurrent.ThreadPoolExecutor.runWorker(ThreadPoolExecutor.java:1149)
	at java.util.concurrent.ThreadPoolExecutor$Worker.run(ThreadPoolExecutor.java:624)
	... 1 more
Caused by: org.apache.ratis.thirdparty.io.netty.channel.AbstractChannel$AnnotatedConnectException: Connection refused: /192.168.151.72:38991
	at sun.nio.ch.SocketChannelImpl.checkConnect(Native Method)
	at sun.nio.ch.SocketChannelImpl.finishConnect(SocketChannelImpl.java:717)
	at org.apache.ratis.thirdparty.io.netty.channel.socket.nio.NioSocketChannel.doFinishConnect(NioSocketChannel.java:327)
	at org.apache.ratis.thirdparty.io.netty.channel.nio.AbstractNioChannel$AbstractNioUnsafe.finishConnect(AbstractNioChannel.java:340)
	at org.apache.ratis.thirdparty.io.netty.channel.nio.NioEventLoop.processSelectedKey(NioEventLoop.java:632)
	at org.apache.ratis.thirdparty.io.netty.channel.nio.NioEventLoop.processSelectedKeysOptimized(NioEventLoop.java:579)
	at org.apache.ratis.thirdparty.io.netty.channel.nio.NioEventLoop.processSelectedKeys(NioEventLoop.java:496)
	at org.apache.ratis.thirdparty.io.netty.channel.nio.NioEventLoop.run(NioEventLoop.java:458)
	at org.apache.ratis.thirdparty.io.netty.util.concurrent.SingleThreadEventExecutor$5.run(SingleThreadEventExecutor.java:897)
	at org.apache.ratis.thirdparty.io.netty.util.concurrent.FastThreadLocalRunnable.run(FastThreadLocalRunnable.java:30)
	... 1 more
Caused by: java.net.ConnectException: Connection refused
	... 11 more
2019-09-17 14:55:19,629 [24ee45b5-4e6b-4499-8d3c-0bcd5a303b6d@group-218101269A2C:LeaderElection39] INFO  impl.LeaderElection (LogUtils.java:infoOrTrace(149)) - 24ee45b5-4e6b-4499-8d3c-0bcd5a303b6d@group-218101269A2C:LeaderElection39 got exception when requesting votes: {}
java.util.concurrent.ExecutionException: org.apache.ratis.thirdparty.io.grpc.StatusRuntimeException: UNAVAILABLE: io exception
	at java.util.concurrent.FutureTask.report(FutureTask.java:122)
	at java.util.concurrent.FutureTask.get(FutureTask.java:192)
	at org.apache.ratis.server.impl.LeaderElection.waitForResults(LeaderElection.java:263)
	at org.apache.ratis.server.impl.LeaderElection.askForVotes(LeaderElection.java:201)
	at org.apache.ratis.server.impl.LeaderElection.run(LeaderElection.java:133)
	at java.lang.Thread.run(Thread.java:748)
Caused by: org.apache.ratis.thirdparty.io.grpc.StatusRuntimeException: UNAVAILABLE: io exception
	at org.apache.ratis.thirdparty.io.grpc.stub.ClientCalls.toStatusRuntimeException(ClientCalls.java:233)
	at org.apache.ratis.thirdparty.io.grpc.stub.ClientCalls.getUnchecked(ClientCalls.java:214)
	at org.apache.ratis.thirdparty.io.grpc.stub.ClientCalls.blockingUnaryCall(ClientCalls.java:139)
	at org.apache.ratis.proto.grpc.RaftServerProtocolServiceGrpc$RaftServerProtocolServiceBlockingStub.requestVote(RaftServerProtocolServiceGrpc.java:265)
	at org.apache.ratis.grpc.server.GrpcServerProtocolClient.requestVote(GrpcServerProtocolClient.java:90)
	at org.apache.ratis.grpc.server.GrpcService.requestVote(GrpcService.java:204)
	at org.apache.ratis.server.impl.LeaderElection.lambda$submitRequests$1(LeaderElection.java:238)
	at java.util.concurrent.FutureTask.run(FutureTask.java:266)
	at java.util.concurrent.Executors$RunnableAdapter.call(Executors.java:511)
	at java.util.concurrent.FutureTask.run(FutureTask.java:266)
	at java.util.concurrent.ThreadPoolExecutor.runWorker(ThreadPoolExecutor.java:1149)
	at java.util.concurrent.ThreadPoolExecutor$Worker.run(ThreadPoolExecutor.java:624)
	... 1 more
Caused by: org.apache.ratis.thirdparty.io.netty.channel.AbstractChannel$AnnotatedConnectException: Connection refused: /192.168.151.72:44174
	at sun.nio.ch.SocketChannelImpl.checkConnect(Native Method)
	at sun.nio.ch.SocketChannelImpl.finishConnect(SocketChannelImpl.java:717)
	at org.apache.ratis.thirdparty.io.netty.channel.socket.nio.NioSocketChannel.doFinishConnect(NioSocketChannel.java:327)
	at org.apache.ratis.thirdparty.io.netty.channel.nio.AbstractNioChannel$AbstractNioUnsafe.finishConnect(AbstractNioChannel.java:340)
	at org.apache.ratis.thirdparty.io.netty.channel.nio.NioEventLoop.processSelectedKey(NioEventLoop.java:632)
	at org.apache.ratis.thirdparty.io.netty.channel.nio.NioEventLoop.processSelectedKeysOptimized(NioEventLoop.java:579)
	at org.apache.ratis.thirdparty.io.netty.channel.nio.NioEventLoop.processSelectedKeys(NioEventLoop.java:496)
	at org.apache.ratis.thirdparty.io.netty.channel.nio.NioEventLoop.run(NioEventLoop.java:458)
	at org.apache.ratis.thirdparty.io.netty.util.concurrent.SingleThreadEventExecutor$5.run(SingleThreadEventExecutor.java:897)
	at org.apache.ratis.thirdparty.io.netty.util.concurrent.FastThreadLocalRunnable.run(FastThreadLocalRunnable.java:30)
	... 1 more
Caused by: java.net.ConnectException: Connection refused
	... 11 more
2019-09-17 14:55:19,632 [24ee45b5-4e6b-4499-8d3c-0bcd5a303b6d@group-218101269A2C:LeaderElection39] INFO  impl.LeaderElection (LeaderElection.java:logAndReturn(56)) - 24ee45b5-4e6b-4499-8d3c-0bcd5a303b6d@group-218101269A2C:LeaderElection39: Election REJECTED; received 0 response(s) [] and 2 exception(s); 24ee45b5-4e6b-4499-8d3c-0bcd5a303b6d@group-218101269A2C:t18, leader=null, voted=24ee45b5-4e6b-4499-8d3c-0bcd5a303b6d, raftlog=24ee45b5-4e6b-4499-8d3c-0bcd5a303b6d@group-218101269A2C-SegmentedRaftLog:OPENED:c29,f29,i29, conf=17: [bbb4e265-cb6b-4caa-8b5d-65801261426c:192.168.151.72:38991, 5824bb7b-23b5-4080-8c55-4e36ce35b3ee:192.168.151.72:44174, 24ee45b5-4e6b-4499-8d3c-0bcd5a303b6d:192.168.151.72:44891], old=null
2019-09-17 14:55:19,632 [24ee45b5-4e6b-4499-8d3c-0bcd5a303b6d@group-218101269A2C:LeaderElection39] INFO  impl.LeaderElection (LogUtils.java:infoOrTrace(149)) -   Exception 0: {}
java.util.concurrent.ExecutionException: org.apache.ratis.thirdparty.io.grpc.StatusRuntimeException: UNAVAILABLE: io exception
	at java.util.concurrent.FutureTask.report(FutureTask.java:122)
	at java.util.concurrent.FutureTask.get(FutureTask.java:192)
	at org.apache.ratis.server.impl.LeaderElection.waitForResults(LeaderElection.java:263)
	at org.apache.ratis.server.impl.LeaderElection.askForVotes(LeaderElection.java:201)
	at org.apache.ratis.server.impl.LeaderElection.run(LeaderElection.java:133)
	at java.lang.Thread.run(Thread.java:748)
Caused by: org.apache.ratis.thirdparty.io.grpc.StatusRuntimeException: UNAVAILABLE: io exception
	at org.apache.ratis.thirdparty.io.grpc.stub.ClientCalls.toStatusRuntimeException(ClientCalls.java:233)
	at org.apache.ratis.thirdparty.io.grpc.stub.ClientCalls.getUnchecked(ClientCalls.java:214)
	at org.apache.ratis.thirdparty.io.grpc.stub.ClientCalls.blockingUnaryCall(ClientCalls.java:139)
	at org.apache.ratis.proto.grpc.RaftServerProtocolServiceGrpc$RaftServerProtocolServiceBlockingStub.requestVote(RaftServerProtocolServiceGrpc.java:265)
	at org.apache.ratis.grpc.server.GrpcServerProtocolClient.requestVote(GrpcServerProtocolClient.java:90)
	at org.apache.ratis.grpc.server.GrpcService.requestVote(GrpcService.java:204)
	at org.apache.ratis.server.impl.LeaderElection.lambda$submitRequests$1(LeaderElection.java:238)
	at java.util.concurrent.FutureTask.run(FutureTask.java:266)
	at java.util.concurrent.Executors$RunnableAdapter.call(Executors.java:511)
	at java.util.concurrent.FutureTask.run(FutureTask.java:266)
	at java.util.concurrent.ThreadPoolExecutor.runWorker(ThreadPoolExecutor.java:1149)
	at java.util.concurrent.ThreadPoolExecutor$Worker.run(ThreadPoolExecutor.java:624)
	... 1 more
Caused by: org.apache.ratis.thirdparty.io.netty.channel.AbstractChannel$AnnotatedConnectException: Connection refused: /192.168.151.72:38991
	at sun.nio.ch.SocketChannelImpl.checkConnect(Native Method)
	at sun.nio.ch.SocketChannelImpl.finishConnect(SocketChannelImpl.java:717)
	at org.apache.ratis.thirdparty.io.netty.channel.socket.nio.NioSocketChannel.doFinishConnect(NioSocketChannel.java:327)
	at org.apache.ratis.thirdparty.io.netty.channel.nio.AbstractNioChannel$AbstractNioUnsafe.finishConnect(AbstractNioChannel.java:340)
	at org.apache.ratis.thirdparty.io.netty.channel.nio.NioEventLoop.processSelectedKey(NioEventLoop.java:632)
	at org.apache.ratis.thirdparty.io.netty.channel.nio.NioEventLoop.processSelectedKeysOptimized(NioEventLoop.java:579)
	at org.apache.ratis.thirdparty.io.netty.channel.nio.NioEventLoop.processSelectedKeys(NioEventLoop.java:496)
	at org.apache.ratis.thirdparty.io.netty.channel.nio.NioEventLoop.run(NioEventLoop.java:458)
	at org.apache.ratis.thirdparty.io.netty.util.concurrent.SingleThreadEventExecutor$5.run(SingleThreadEventExecutor.java:897)
	at org.apache.ratis.thirdparty.io.netty.util.concurrent.FastThreadLocalRunnable.run(FastThreadLocalRunnable.java:30)
	... 1 more
Caused by: java.net.ConnectException: Connection refused
	... 11 more
2019-09-17 14:55:19,633 [24ee45b5-4e6b-4499-8d3c-0bcd5a303b6d@group-218101269A2C:LeaderElection39] INFO  impl.LeaderElection (LogUtils.java:infoOrTrace(149)) -   Exception 1: {}
java.util.concurrent.ExecutionException: org.apache.ratis.thirdparty.io.grpc.StatusRuntimeException: UNAVAILABLE: io exception
	at java.util.concurrent.FutureTask.report(FutureTask.java:122)
	at java.util.concurrent.FutureTask.get(FutureTask.java:192)
	at org.apache.ratis.server.impl.LeaderElection.waitForResults(LeaderElection.java:263)
	at org.apache.ratis.server.impl.LeaderElection.askForVotes(LeaderElection.java:201)
	at org.apache.ratis.server.impl.LeaderElection.run(LeaderElection.java:133)
	at java.lang.Thread.run(Thread.java:748)
Caused by: org.apache.ratis.thirdparty.io.grpc.StatusRuntimeException: UNAVAILABLE: io exception
	at org.apache.ratis.thirdparty.io.grpc.stub.ClientCalls.toStatusRuntimeException(ClientCalls.java:233)
	at org.apache.ratis.thirdparty.io.grpc.stub.ClientCalls.getUnchecked(ClientCalls.java:214)
	at org.apache.ratis.thirdparty.io.grpc.stub.ClientCalls.blockingUnaryCall(ClientCalls.java:139)
	at org.apache.ratis.proto.grpc.RaftServerProtocolServiceGrpc$RaftServerProtocolServiceBlockingStub.requestVote(RaftServerProtocolServiceGrpc.java:265)
	at org.apache.ratis.grpc.server.GrpcServerProtocolClient.requestVote(GrpcServerProtocolClient.java:90)
	at org.apache.ratis.grpc.server.GrpcService.requestVote(GrpcService.java:204)
	at org.apache.ratis.server.impl.LeaderElection.lambda$submitRequests$1(LeaderElection.java:238)
	at java.util.concurrent.FutureTask.run(FutureTask.java:266)
	at java.util.concurrent.Executors$RunnableAdapter.call(Executors.java:511)
	at java.util.concurrent.FutureTask.run(FutureTask.java:266)
	at java.util.concurrent.ThreadPoolExecutor.runWorker(ThreadPoolExecutor.java:1149)
	at java.util.concurrent.ThreadPoolExecutor$Worker.run(ThreadPoolExecutor.java:624)
	... 1 more
Caused by: org.apache.ratis.thirdparty.io.netty.channel.AbstractChannel$AnnotatedConnectException: Connection refused: /192.168.151.72:44174
	at sun.nio.ch.SocketChannelImpl.checkConnect(Native Method)
	at sun.nio.ch.SocketChannelImpl.finishConnect(SocketChannelImpl.java:717)
	at org.apache.ratis.thirdparty.io.netty.channel.socket.nio.NioSocketChannel.doFinishConnect(NioSocketChannel.java:327)
	at org.apache.ratis.thirdparty.io.netty.channel.nio.AbstractNioChannel$AbstractNioUnsafe.finishConnect(AbstractNioChannel.java:340)
	at org.apache.ratis.thirdparty.io.netty.channel.nio.NioEventLoop.processSelectedKey(NioEventLoop.java:632)
	at org.apache.ratis.thirdparty.io.netty.channel.nio.NioEventLoop.processSelectedKeysOptimized(NioEventLoop.java:579)
	at org.apache.ratis.thirdparty.io.netty.channel.nio.NioEventLoop.processSelectedKeys(NioEventLoop.java:496)
	at org.apache.ratis.thirdparty.io.netty.channel.nio.NioEventLoop.run(NioEventLoop.java:458)
	at org.apache.ratis.thirdparty.io.netty.util.concurrent.SingleThreadEventExecutor$5.run(SingleThreadEventExecutor.java:897)
	at org.apache.ratis.thirdparty.io.netty.util.concurrent.FastThreadLocalRunnable.run(FastThreadLocalRunnable.java:30)
	... 1 more
Caused by: java.net.ConnectException: Connection refused
	... 11 more
2019-09-17 14:55:19,633 [24ee45b5-4e6b-4499-8d3c-0bcd5a303b6d@group-218101269A2C:LeaderElection39] INFO  impl.RaftServerImpl (RaftServerImpl.java:setRole(174)) - 24ee45b5-4e6b-4499-8d3c-0bcd5a303b6d@group-218101269A2C: changes role from CANDIDATE to FOLLOWER at term 18 for DISCOVERED_A_NEW_TERM
2019-09-17 14:55:19,633 [24ee45b5-4e6b-4499-8d3c-0bcd5a303b6d@group-218101269A2C:LeaderElection39] INFO  impl.RoleInfo (RoleInfo.java:shutdownLeaderElection(134)) - 24ee45b5-4e6b-4499-8d3c-0bcd5a303b6d: shutdown LeaderElection
2019-09-17 14:55:19,634 [24ee45b5-4e6b-4499-8d3c-0bcd5a303b6d@group-218101269A2C:LeaderElection39] INFO  impl.RoleInfo (RoleInfo.java:updateAndGet(143)) - 24ee45b5-4e6b-4499-8d3c-0bcd5a303b6d: start FollowerState
2019-09-17 14:55:19,907 [java.util.concurrent.ThreadPoolExecutor$Worker@486b56da[State = -1, empty queue]] WARN  server.GrpcLogAppender (GrpcLogAppender.java:timeoutAppendRequest(200)) - 64dc86e1-b58a-47fa-9209-c80a04613504@group-85515DBFC7EF->296d1e6a-4d03-4625-a926-8603881e9a06-GrpcLogAppender: appendEntries Timeout, request=64dc86e1-b58a-47fa-9209-c80a04613504->296d1e6a-4d03-4625-a926-8603881e9a06#123-t2, previous=(t:2, i:20), leaderCommit=16, initializing? false, entries: <empty>
2019-09-17 14:55:19,910 [java.util.concurrent.ThreadPoolExecutor$Worker@1fe41ca9[State = -1, empty queue]] WARN  server.GrpcLogAppender (GrpcLogAppender.java:timeoutAppendRequest(200)) - 64dc86e1-b58a-47fa-9209-c80a04613504@group-85515DBFC7EF->0d659ca8-8d3f-4ad5-ad2a-cdb4ab88523b-GrpcLogAppender: appendEntries Timeout, request=64dc86e1-b58a-47fa-9209-c80a04613504->0d659ca8-8d3f-4ad5-ad2a-cdb4ab88523b#123-t2, previous=(t:2, i:20), leaderCommit=16, initializing? false, entries: <empty>
2019-09-17 14:55:19,987 [java.util.concurrent.ThreadPoolExecutor$Worker@5ab404d3[State = -1, empty queue]] WARN  server.GrpcLogAppender (GrpcLogAppender.java:timeoutAppendRequest(200)) - 9b5674b6-1da3-4a18-a3b1-2bf65c31b2e5@group-A10EF1BAEC68->55160a25-c10a-4fac-977f-ea88e555cd0f-GrpcLogAppender: appendEntries Timeout, request=9b5674b6-1da3-4a18-a3b1-2bf65c31b2e5->55160a25-c10a-4fac-977f-ea88e555cd0f#136-t2, previous=(t:2, i:34), leaderCommit=30, initializing? false, entries: <empty>
2019-09-17 14:55:19,987 [java.util.concurrent.ThreadPoolExecutor$Worker@16fd9795[State = -1, empty queue]] WARN  server.GrpcLogAppender (GrpcLogAppender.java:timeoutAppendRequest(200)) - 9b5674b6-1da3-4a18-a3b1-2bf65c31b2e5@group-A10EF1BAEC68->87bd24bf-ffb9-4c07-ac8f-086f94142b7e-GrpcLogAppender: appendEntries Timeout, request=9b5674b6-1da3-4a18-a3b1-2bf65c31b2e5->87bd24bf-ffb9-4c07-ac8f-086f94142b7e#136-t2, previous=(t:2, i:34), leaderCommit=30, initializing? false, entries: <empty>
2019-09-17 14:55:20,407 [java.util.concurrent.ThreadPoolExecutor$Worker@486b56da[State = -1, empty queue]] WARN  server.GrpcLogAppender (GrpcLogAppender.java:timeoutAppendRequest(200)) - 64dc86e1-b58a-47fa-9209-c80a04613504@group-85515DBFC7EF->296d1e6a-4d03-4625-a926-8603881e9a06-GrpcLogAppender: appendEntries Timeout, request=64dc86e1-b58a-47fa-9209-c80a04613504->296d1e6a-4d03-4625-a926-8603881e9a06#124-t2, previous=(t:2, i:20), leaderCommit=16, initializing? false, entries: <empty>
2019-09-17 14:55:20,407 [java.util.concurrent.ThreadPoolExecutor$Worker@1fe41ca9[State = -1, empty queue]] WARN  server.GrpcLogAppender (GrpcLogAppender.java:timeoutAppendRequest(200)) - 64dc86e1-b58a-47fa-9209-c80a04613504@group-85515DBFC7EF->0d659ca8-8d3f-4ad5-ad2a-cdb4ab88523b-GrpcLogAppender: appendEntries Timeout, request=64dc86e1-b58a-47fa-9209-c80a04613504->0d659ca8-8d3f-4ad5-ad2a-cdb4ab88523b#124-t2, previous=(t:2, i:20), leaderCommit=16, initializing? false, entries: <empty>
2019-09-17 14:55:20,487 [java.util.concurrent.ThreadPoolExecutor$Worker@5ab404d3[State = -1, empty queue]] WARN  server.GrpcLogAppender (GrpcLogAppender.java:timeoutAppendRequest(200)) - 9b5674b6-1da3-4a18-a3b1-2bf65c31b2e5@group-A10EF1BAEC68->55160a25-c10a-4fac-977f-ea88e555cd0f-GrpcLogAppender: appendEntries Timeout, request=9b5674b6-1da3-4a18-a3b1-2bf65c31b2e5->55160a25-c10a-4fac-977f-ea88e555cd0f#137-t2, previous=(t:2, i:34), leaderCommit=30, initializing? false, entries: <empty>
2019-09-17 14:55:20,487 [java.util.concurrent.ThreadPoolExecutor$Worker@16fd9795[State = -1, empty queue]] WARN  server.GrpcLogAppender (GrpcLogAppender.java:timeoutAppendRequest(200)) - 9b5674b6-1da3-4a18-a3b1-2bf65c31b2e5@group-A10EF1BAEC68->87bd24bf-ffb9-4c07-ac8f-086f94142b7e-GrpcLogAppender: appendEntries Timeout, request=9b5674b6-1da3-4a18-a3b1-2bf65c31b2e5->87bd24bf-ffb9-4c07-ac8f-086f94142b7e#137-t2, previous=(t:2, i:34), leaderCommit=30, initializing? false, entries: <empty>
2019-09-17 14:55:20,762 [Thread-1308] INFO  impl.FollowerState (FollowerState.java:run(106)) - 24ee45b5-4e6b-4499-8d3c-0bcd5a303b6d:group-218101269A2C changes to CANDIDATE, lastRpcTime:1128, electionTimeout:1128ms
2019-09-17 14:55:20,763 [Thread-1308] INFO  impl.RoleInfo (RoleInfo.java:shutdownFollowerState(121)) - 24ee45b5-4e6b-4499-8d3c-0bcd5a303b6d: shutdown FollowerState
2019-09-17 14:55:20,763 [Thread-1308] INFO  impl.RaftServerImpl (RaftServerImpl.java:setRole(174)) - 24ee45b5-4e6b-4499-8d3c-0bcd5a303b6d@group-218101269A2C: changes role from  FOLLOWER to CANDIDATE at term 18 for changeToCandidate
2019-09-17 14:55:20,763 [Thread-1308] INFO  impl.RoleInfo (RoleInfo.java:updateAndGet(143)) - 24ee45b5-4e6b-4499-8d3c-0bcd5a303b6d: start LeaderElection
2019-09-17 14:55:20,779 [24ee45b5-4e6b-4499-8d3c-0bcd5a303b6d@group-218101269A2C:LeaderElection40] INFO  impl.LeaderElection (LeaderElection.java:askForVotes(182)) - 24ee45b5-4e6b-4499-8d3c-0bcd5a303b6d@group-218101269A2C:LeaderElection40: begin an election at term 19 for 17: [bbb4e265-cb6b-4caa-8b5d-65801261426c:192.168.151.72:38991, 5824bb7b-23b5-4080-8c55-4e36ce35b3ee:192.168.151.72:44174, 24ee45b5-4e6b-4499-8d3c-0bcd5a303b6d:192.168.151.72:44891], old=null
2019-09-17 14:55:20,780 [24ee45b5-4e6b-4499-8d3c-0bcd5a303b6d@group-218101269A2C:LeaderElection40] INFO  impl.LeaderElection (LogUtils.java:infoOrTrace(149)) - 24ee45b5-4e6b-4499-8d3c-0bcd5a303b6d@group-218101269A2C:LeaderElection40 got exception when requesting votes: {}
java.util.concurrent.ExecutionException: org.apache.ratis.thirdparty.io.grpc.StatusRuntimeException: UNAVAILABLE: io exception
	at java.util.concurrent.FutureTask.report(FutureTask.java:122)
	at java.util.concurrent.FutureTask.get(FutureTask.java:192)
	at org.apache.ratis.server.impl.LeaderElection.waitForResults(LeaderElection.java:263)
	at org.apache.ratis.server.impl.LeaderElection.askForVotes(LeaderElection.java:201)
	at org.apache.ratis.server.impl.LeaderElection.run(LeaderElection.java:133)
	at java.lang.Thread.run(Thread.java:748)
Caused by: org.apache.ratis.thirdparty.io.grpc.StatusRuntimeException: UNAVAILABLE: io exception
	at org.apache.ratis.thirdparty.io.grpc.stub.ClientCalls.toStatusRuntimeException(ClientCalls.java:233)
	at org.apache.ratis.thirdparty.io.grpc.stub.ClientCalls.getUnchecked(ClientCalls.java:214)
	at org.apache.ratis.thirdparty.io.grpc.stub.ClientCalls.blockingUnaryCall(ClientCalls.java:139)
	at org.apache.ratis.proto.grpc.RaftServerProtocolServiceGrpc$RaftServerProtocolServiceBlockingStub.requestVote(RaftServerProtocolServiceGrpc.java:265)
	at org.apache.ratis.grpc.server.GrpcServerProtocolClient.requestVote(GrpcServerProtocolClient.java:90)
	at org.apache.ratis.grpc.server.GrpcService.requestVote(GrpcService.java:204)
	at org.apache.ratis.server.impl.LeaderElection.lambda$submitRequests$1(LeaderElection.java:238)
	at java.util.concurrent.FutureTask.run(FutureTask.java:266)
	at java.util.concurrent.Executors$RunnableAdapter.call(Executors.java:511)
	at java.util.concurrent.FutureTask.run(FutureTask.java:266)
	at java.util.concurrent.ThreadPoolExecutor.runWorker(ThreadPoolExecutor.java:1149)
	at java.util.concurrent.ThreadPoolExecutor$Worker.run(ThreadPoolExecutor.java:624)
	... 1 more
Caused by: org.apache.ratis.thirdparty.io.netty.channel.AbstractChannel$AnnotatedConnectException: Connection refused: /192.168.151.72:44174
	at sun.nio.ch.SocketChannelImpl.checkConnect(Native Method)
	at sun.nio.ch.SocketChannelImpl.finishConnect(SocketChannelImpl.java:717)
	at org.apache.ratis.thirdparty.io.netty.channel.socket.nio.NioSocketChannel.doFinishConnect(NioSocketChannel.java:327)
	at org.apache.ratis.thirdparty.io.netty.channel.nio.AbstractNioChannel$AbstractNioUnsafe.finishConnect(AbstractNioChannel.java:340)
	at org.apache.ratis.thirdparty.io.netty.channel.nio.NioEventLoop.processSelectedKey(NioEventLoop.java:632)
	at org.apache.ratis.thirdparty.io.netty.channel.nio.NioEventLoop.processSelectedKeysOptimized(NioEventLoop.java:579)
	at org.apache.ratis.thirdparty.io.netty.channel.nio.NioEventLoop.processSelectedKeys(NioEventLoop.java:496)
	at org.apache.ratis.thirdparty.io.netty.channel.nio.NioEventLoop.run(NioEventLoop.java:458)
	at org.apache.ratis.thirdparty.io.netty.util.concurrent.SingleThreadEventExecutor$5.run(SingleThreadEventExecutor.java:897)
	at org.apache.ratis.thirdparty.io.netty.util.concurrent.FastThreadLocalRunnable.run(FastThreadLocalRunnable.java:30)
	... 1 more
Caused by: java.net.ConnectException: Connection refused
	... 11 more
2019-09-17 14:55:20,783 [24ee45b5-4e6b-4499-8d3c-0bcd5a303b6d@group-218101269A2C:LeaderElection40] INFO  impl.LeaderElection (LogUtils.java:infoOrTrace(149)) - 24ee45b5-4e6b-4499-8d3c-0bcd5a303b6d@group-218101269A2C:LeaderElection40 got exception when requesting votes: {}
java.util.concurrent.ExecutionException: org.apache.ratis.thirdparty.io.grpc.StatusRuntimeException: UNAVAILABLE: io exception
	at java.util.concurrent.FutureTask.report(FutureTask.java:122)
	at java.util.concurrent.FutureTask.get(FutureTask.java:192)
	at org.apache.ratis.server.impl.LeaderElection.waitForResults(LeaderElection.java:263)
	at org.apache.ratis.server.impl.LeaderElection.askForVotes(LeaderElection.java:201)
	at org.apache.ratis.server.impl.LeaderElection.run(LeaderElection.java:133)
	at java.lang.Thread.run(Thread.java:748)
Caused by: org.apache.ratis.thirdparty.io.grpc.StatusRuntimeException: UNAVAILABLE: io exception
	at org.apache.ratis.thirdparty.io.grpc.stub.ClientCalls.toStatusRuntimeException(ClientCalls.java:233)
	at org.apache.ratis.thirdparty.io.grpc.stub.ClientCalls.getUnchecked(ClientCalls.java:214)
	at org.apache.ratis.thirdparty.io.grpc.stub.ClientCalls.blockingUnaryCall(ClientCalls.java:139)
	at org.apache.ratis.proto.grpc.RaftServerProtocolServiceGrpc$RaftServerProtocolServiceBlockingStub.requestVote(RaftServerProtocolServiceGrpc.java:265)
	at org.apache.ratis.grpc.server.GrpcServerProtocolClient.requestVote(GrpcServerProtocolClient.java:90)
	at org.apache.ratis.grpc.server.GrpcService.requestVote(GrpcService.java:204)
	at org.apache.ratis.server.impl.LeaderElection.lambda$submitRequests$1(LeaderElection.java:238)
	at java.util.concurrent.FutureTask.run(FutureTask.java:266)
	at java.util.concurrent.Executors$RunnableAdapter.call(Executors.java:511)
	at java.util.concurrent.FutureTask.run(FutureTask.java:266)
	at java.util.concurrent.ThreadPoolExecutor.runWorker(ThreadPoolExecutor.java:1149)
	at java.util.concurrent.ThreadPoolExecutor$Worker.run(ThreadPoolExecutor.java:624)
	... 1 more
Caused by: org.apache.ratis.thirdparty.io.netty.channel.AbstractChannel$AnnotatedConnectException: Connection refused: /192.168.151.72:38991
	at sun.nio.ch.SocketChannelImpl.checkConnect(Native Method)
	at sun.nio.ch.SocketChannelImpl.finishConnect(SocketChannelImpl.java:717)
	at org.apache.ratis.thirdparty.io.netty.channel.socket.nio.NioSocketChannel.doFinishConnect(NioSocketChannel.java:327)
	at org.apache.ratis.thirdparty.io.netty.channel.nio.AbstractNioChannel$AbstractNioUnsafe.finishConnect(AbstractNioChannel.java:340)
	at org.apache.ratis.thirdparty.io.netty.channel.nio.NioEventLoop.processSelectedKey(NioEventLoop.java:632)
	at org.apache.ratis.thirdparty.io.netty.channel.nio.NioEventLoop.processSelectedKeysOptimized(NioEventLoop.java:579)
	at org.apache.ratis.thirdparty.io.netty.channel.nio.NioEventLoop.processSelectedKeys(NioEventLoop.java:496)
	at org.apache.ratis.thirdparty.io.netty.channel.nio.NioEventLoop.run(NioEventLoop.java:458)
	at org.apache.ratis.thirdparty.io.netty.util.concurrent.SingleThreadEventExecutor$5.run(SingleThreadEventExecutor.java:897)
	at org.apache.ratis.thirdparty.io.netty.util.concurrent.FastThreadLocalRunnable.run(FastThreadLocalRunnable.java:30)
	... 1 more
Caused by: java.net.ConnectException: Connection refused
	... 11 more
2019-09-17 14:55:20,787 [24ee45b5-4e6b-4499-8d3c-0bcd5a303b6d@group-218101269A2C:LeaderElection40] INFO  impl.LeaderElection (LeaderElection.java:logAndReturn(56)) - 24ee45b5-4e6b-4499-8d3c-0bcd5a303b6d@group-218101269A2C:LeaderElection40: Election REJECTED; received 0 response(s) [] and 2 exception(s); 24ee45b5-4e6b-4499-8d3c-0bcd5a303b6d@group-218101269A2C:t19, leader=null, voted=24ee45b5-4e6b-4499-8d3c-0bcd5a303b6d, raftlog=24ee45b5-4e6b-4499-8d3c-0bcd5a303b6d@group-218101269A2C-SegmentedRaftLog:OPENED:c29,f29,i29, conf=17: [bbb4e265-cb6b-4caa-8b5d-65801261426c:192.168.151.72:38991, 5824bb7b-23b5-4080-8c55-4e36ce35b3ee:192.168.151.72:44174, 24ee45b5-4e6b-4499-8d3c-0bcd5a303b6d:192.168.151.72:44891], old=null
2019-09-17 14:55:20,787 [24ee45b5-4e6b-4499-8d3c-0bcd5a303b6d@group-218101269A2C:LeaderElection40] INFO  impl.LeaderElection (LogUtils.java:infoOrTrace(149)) -   Exception 0: {}
java.util.concurrent.ExecutionException: org.apache.ratis.thirdparty.io.grpc.StatusRuntimeException: UNAVAILABLE: io exception
	at java.util.concurrent.FutureTask.report(FutureTask.java:122)
	at java.util.concurrent.FutureTask.get(FutureTask.java:192)
	at org.apache.ratis.server.impl.LeaderElection.waitForResults(LeaderElection.java:263)
	at org.apache.ratis.server.impl.LeaderElection.askForVotes(LeaderElection.java:201)
	at org.apache.ratis.server.impl.LeaderElection.run(LeaderElection.java:133)
	at java.lang.Thread.run(Thread.java:748)
Caused by: org.apache.ratis.thirdparty.io.grpc.StatusRuntimeException: UNAVAILABLE: io exception
	at org.apache.ratis.thirdparty.io.grpc.stub.ClientCalls.toStatusRuntimeException(ClientCalls.java:233)
	at org.apache.ratis.thirdparty.io.grpc.stub.ClientCalls.getUnchecked(ClientCalls.java:214)
	at org.apache.ratis.thirdparty.io.grpc.stub.ClientCalls.blockingUnaryCall(ClientCalls.java:139)
	at org.apache.ratis.proto.grpc.RaftServerProtocolServiceGrpc$RaftServerProtocolServiceBlockingStub.requestVote(RaftServerProtocolServiceGrpc.java:265)
	at org.apache.ratis.grpc.server.GrpcServerProtocolClient.requestVote(GrpcServerProtocolClient.java:90)
	at org.apache.ratis.grpc.server.GrpcService.requestVote(GrpcService.java:204)
	at org.apache.ratis.server.impl.LeaderElection.lambda$submitRequests$1(LeaderElection.java:238)
	at java.util.concurrent.FutureTask.run(FutureTask.java:266)
	at java.util.concurrent.Executors$RunnableAdapter.call(Executors.java:511)
	at java.util.concurrent.FutureTask.run(FutureTask.java:266)
	at java.util.concurrent.ThreadPoolExecutor.runWorker(ThreadPoolExecutor.java:1149)
	at java.util.concurrent.ThreadPoolExecutor$Worker.run(ThreadPoolExecutor.java:624)
	... 1 more
Caused by: org.apache.ratis.thirdparty.io.netty.channel.AbstractChannel$AnnotatedConnectException: Connection refused: /192.168.151.72:44174
	at sun.nio.ch.SocketChannelImpl.checkConnect(Native Method)
	at sun.nio.ch.SocketChannelImpl.finishConnect(SocketChannelImpl.java:717)
	at org.apache.ratis.thirdparty.io.netty.channel.socket.nio.NioSocketChannel.doFinishConnect(NioSocketChannel.java:327)
	at org.apache.ratis.thirdparty.io.netty.channel.nio.AbstractNioChannel$AbstractNioUnsafe.finishConnect(AbstractNioChannel.java:340)
	at org.apache.ratis.thirdparty.io.netty.channel.nio.NioEventLoop.processSelectedKey(NioEventLoop.java:632)
	at org.apache.ratis.thirdparty.io.netty.channel.nio.NioEventLoop.processSelectedKeysOptimized(NioEventLoop.java:579)
	at org.apache.ratis.thirdparty.io.netty.channel.nio.NioEventLoop.processSelectedKeys(NioEventLoop.java:496)
	at org.apache.ratis.thirdparty.io.netty.channel.nio.NioEventLoop.run(NioEventLoop.java:458)
	at org.apache.ratis.thirdparty.io.netty.util.concurrent.SingleThreadEventExecutor$5.run(SingleThreadEventExecutor.java:897)
	at org.apache.ratis.thirdparty.io.netty.util.concurrent.FastThreadLocalRunnable.run(FastThreadLocalRunnable.java:30)
	... 1 more
Caused by: java.net.ConnectException: Connection refused
	... 11 more
2019-09-17 14:55:20,787 [24ee45b5-4e6b-4499-8d3c-0bcd5a303b6d@group-218101269A2C:LeaderElection40] INFO  impl.LeaderElection (LogUtils.java:infoOrTrace(149)) -   Exception 1: {}
java.util.concurrent.ExecutionException: org.apache.ratis.thirdparty.io.grpc.StatusRuntimeException: UNAVAILABLE: io exception
	at java.util.concurrent.FutureTask.report(FutureTask.java:122)
	at java.util.concurrent.FutureTask.get(FutureTask.java:192)
	at org.apache.ratis.server.impl.LeaderElection.waitForResults(LeaderElection.java:263)
	at org.apache.ratis.server.impl.LeaderElection.askForVotes(LeaderElection.java:201)
	at org.apache.ratis.server.impl.LeaderElection.run(LeaderElection.java:133)
	at java.lang.Thread.run(Thread.java:748)
Caused by: org.apache.ratis.thirdparty.io.grpc.StatusRuntimeException: UNAVAILABLE: io exception
	at org.apache.ratis.thirdparty.io.grpc.stub.ClientCalls.toStatusRuntimeException(ClientCalls.java:233)
	at org.apache.ratis.thirdparty.io.grpc.stub.ClientCalls.getUnchecked(ClientCalls.java:214)
	at org.apache.ratis.thirdparty.io.grpc.stub.ClientCalls.blockingUnaryCall(ClientCalls.java:139)
	at org.apache.ratis.proto.grpc.RaftServerProtocolServiceGrpc$RaftServerProtocolServiceBlockingStub.requestVote(RaftServerProtocolServiceGrpc.java:265)
	at org.apache.ratis.grpc.server.GrpcServerProtocolClient.requestVote(GrpcServerProtocolClient.java:90)
	at org.apache.ratis.grpc.server.GrpcService.requestVote(GrpcService.java:204)
	at org.apache.ratis.server.impl.LeaderElection.lambda$submitRequests$1(LeaderElection.java:238)
	at java.util.concurrent.FutureTask.run(FutureTask.java:266)
	at java.util.concurrent.Executors$RunnableAdapter.call(Executors.java:511)
	at java.util.concurrent.FutureTask.run(FutureTask.java:266)
	at java.util.concurrent.ThreadPoolExecutor.runWorker(ThreadPoolExecutor.java:1149)
	at java.util.concurrent.ThreadPoolExecutor$Worker.run(ThreadPoolExecutor.java:624)
	... 1 more
Caused by: org.apache.ratis.thirdparty.io.netty.channel.AbstractChannel$AnnotatedConnectException: Connection refused: /192.168.151.72:38991
	at sun.nio.ch.SocketChannelImpl.checkConnect(Native Method)
	at sun.nio.ch.SocketChannelImpl.finishConnect(SocketChannelImpl.java:717)
	at org.apache.ratis.thirdparty.io.netty.channel.socket.nio.NioSocketChannel.doFinishConnect(NioSocketChannel.java:327)
	at org.apache.ratis.thirdparty.io.netty.channel.nio.AbstractNioChannel$AbstractNioUnsafe.finishConnect(AbstractNioChannel.java:340)
	at org.apache.ratis.thirdparty.io.netty.channel.nio.NioEventLoop.processSelectedKey(NioEventLoop.java:632)
	at org.apache.ratis.thirdparty.io.netty.channel.nio.NioEventLoop.processSelectedKeysOptimized(NioEventLoop.java:579)
	at org.apache.ratis.thirdparty.io.netty.channel.nio.NioEventLoop.processSelectedKeys(NioEventLoop.java:496)
	at org.apache.ratis.thirdparty.io.netty.channel.nio.NioEventLoop.run(NioEventLoop.java:458)
	at org.apache.ratis.thirdparty.io.netty.util.concurrent.SingleThreadEventExecutor$5.run(SingleThreadEventExecutor.java:897)
	at org.apache.ratis.thirdparty.io.netty.util.concurrent.FastThreadLocalRunnable.run(FastThreadLocalRunnable.java:30)
	... 1 more
Caused by: java.net.ConnectException: Connection refused
	... 11 more
2019-09-17 14:55:20,788 [24ee45b5-4e6b-4499-8d3c-0bcd5a303b6d@group-218101269A2C:LeaderElection40] INFO  impl.RaftServerImpl (RaftServerImpl.java:setRole(174)) - 24ee45b5-4e6b-4499-8d3c-0bcd5a303b6d@group-218101269A2C: changes role from CANDIDATE to FOLLOWER at term 19 for DISCOVERED_A_NEW_TERM
2019-09-17 14:55:20,788 [24ee45b5-4e6b-4499-8d3c-0bcd5a303b6d@group-218101269A2C:LeaderElection40] INFO  impl.RoleInfo (RoleInfo.java:shutdownLeaderElection(134)) - 24ee45b5-4e6b-4499-8d3c-0bcd5a303b6d: shutdown LeaderElection
2019-09-17 14:55:20,788 [24ee45b5-4e6b-4499-8d3c-0bcd5a303b6d@group-218101269A2C:LeaderElection40] INFO  impl.RoleInfo (RoleInfo.java:updateAndGet(143)) - 24ee45b5-4e6b-4499-8d3c-0bcd5a303b6d: start FollowerState
2019-09-17 14:55:20,909 [java.util.concurrent.ThreadPoolExecutor$Worker@486b56da[State = -1, empty queue]] WARN  server.GrpcLogAppender (GrpcLogAppender.java:timeoutAppendRequest(200)) - 64dc86e1-b58a-47fa-9209-c80a04613504@group-85515DBFC7EF->296d1e6a-4d03-4625-a926-8603881e9a06-GrpcLogAppender: appendEntries Timeout, request=64dc86e1-b58a-47fa-9209-c80a04613504->296d1e6a-4d03-4625-a926-8603881e9a06#125-t2, previous=(t:2, i:20), leaderCommit=16, initializing? false, entries: <empty>
2019-09-17 14:55:20,909 [java.util.concurrent.ThreadPoolExecutor$Worker@1fe41ca9[State = -1, empty queue]] WARN  server.GrpcLogAppender (GrpcLogAppender.java:timeoutAppendRequest(200)) - 64dc86e1-b58a-47fa-9209-c80a04613504@group-85515DBFC7EF->0d659ca8-8d3f-4ad5-ad2a-cdb4ab88523b-GrpcLogAppender: appendEntries Timeout, request=64dc86e1-b58a-47fa-9209-c80a04613504->0d659ca8-8d3f-4ad5-ad2a-cdb4ab88523b#125-t2, previous=(t:2, i:20), leaderCommit=16, initializing? false, entries: <empty>
2019-09-17 14:55:20,988 [java.util.concurrent.ThreadPoolExecutor$Worker@5ab404d3[State = -1, empty queue]] WARN  server.GrpcLogAppender (GrpcLogAppender.java:timeoutAppendRequest(200)) - 9b5674b6-1da3-4a18-a3b1-2bf65c31b2e5@group-A10EF1BAEC68->55160a25-c10a-4fac-977f-ea88e555cd0f-GrpcLogAppender: appendEntries Timeout, request=9b5674b6-1da3-4a18-a3b1-2bf65c31b2e5->55160a25-c10a-4fac-977f-ea88e555cd0f#138-t2, previous=(t:2, i:34), leaderCommit=30, initializing? false, entries: <empty>
2019-09-17 14:55:20,988 [java.util.concurrent.ThreadPoolExecutor$Worker@16fd9795[State = -1, empty queue]] WARN  server.GrpcLogAppender (GrpcLogAppender.java:timeoutAppendRequest(200)) - 9b5674b6-1da3-4a18-a3b1-2bf65c31b2e5@group-A10EF1BAEC68->87bd24bf-ffb9-4c07-ac8f-086f94142b7e-GrpcLogAppender: appendEntries Timeout, request=9b5674b6-1da3-4a18-a3b1-2bf65c31b2e5->87bd24bf-ffb9-4c07-ac8f-086f94142b7e#138-t2, previous=(t:2, i:34), leaderCommit=30, initializing? false, entries: <empty>
2019-09-17 14:55:21,410 [java.util.concurrent.ThreadPoolExecutor$Worker@1fe41ca9[State = -1, empty queue]] WARN  server.GrpcLogAppender (GrpcLogAppender.java:timeoutAppendRequest(200)) - 64dc86e1-b58a-47fa-9209-c80a04613504@group-85515DBFC7EF->0d659ca8-8d3f-4ad5-ad2a-cdb4ab88523b-GrpcLogAppender: appendEntries Timeout, request=64dc86e1-b58a-47fa-9209-c80a04613504->0d659ca8-8d3f-4ad5-ad2a-cdb4ab88523b#126-t2, previous=(t:2, i:20), leaderCommit=16, initializing? false, entries: <empty>
2019-09-17 14:55:21,410 [java.util.concurrent.ThreadPoolExecutor$Worker@486b56da[State = -1, empty queue]] WARN  server.GrpcLogAppender (GrpcLogAppender.java:timeoutAppendRequest(200)) - 64dc86e1-b58a-47fa-9209-c80a04613504@group-85515DBFC7EF->296d1e6a-4d03-4625-a926-8603881e9a06-GrpcLogAppender: appendEntries Timeout, request=64dc86e1-b58a-47fa-9209-c80a04613504->296d1e6a-4d03-4625-a926-8603881e9a06#126-t2, previous=(t:2, i:20), leaderCommit=16, initializing? false, entries: <empty>
2019-09-17 14:55:21,488 [java.util.concurrent.ThreadPoolExecutor$Worker@5ab404d3[State = -1, empty queue]] WARN  server.GrpcLogAppender (GrpcLogAppender.java:timeoutAppendRequest(200)) - 9b5674b6-1da3-4a18-a3b1-2bf65c31b2e5@group-A10EF1BAEC68->55160a25-c10a-4fac-977f-ea88e555cd0f-GrpcLogAppender: appendEntries Timeout, request=9b5674b6-1da3-4a18-a3b1-2bf65c31b2e5->55160a25-c10a-4fac-977f-ea88e555cd0f#139-t2, previous=(t:2, i:34), leaderCommit=30, initializing? false, entries: <empty>
2019-09-17 14:55:21,488 [java.util.concurrent.ThreadPoolExecutor$Worker@16fd9795[State = -1, empty queue]] WARN  server.GrpcLogAppender (GrpcLogAppender.java:timeoutAppendRequest(200)) - 9b5674b6-1da3-4a18-a3b1-2bf65c31b2e5@group-A10EF1BAEC68->87bd24bf-ffb9-4c07-ac8f-086f94142b7e-GrpcLogAppender: appendEntries Timeout, request=9b5674b6-1da3-4a18-a3b1-2bf65c31b2e5->87bd24bf-ffb9-4c07-ac8f-086f94142b7e#139-t2, previous=(t:2, i:34), leaderCommit=30, initializing? false, entries: <empty>
2019-09-17 14:55:21,826 [Thread-1320] INFO  impl.FollowerState (FollowerState.java:run(106)) - 24ee45b5-4e6b-4499-8d3c-0bcd5a303b6d:group-218101269A2C changes to CANDIDATE, lastRpcTime:1037, electionTimeout:1037ms
2019-09-17 14:55:21,826 [Thread-1320] INFO  impl.RoleInfo (RoleInfo.java:shutdownFollowerState(121)) - 24ee45b5-4e6b-4499-8d3c-0bcd5a303b6d: shutdown FollowerState
2019-09-17 14:55:21,826 [Thread-1320] INFO  impl.RaftServerImpl (RaftServerImpl.java:setRole(174)) - 24ee45b5-4e6b-4499-8d3c-0bcd5a303b6d@group-218101269A2C: changes role from  FOLLOWER to CANDIDATE at term 19 for changeToCandidate
2019-09-17 14:55:21,827 [Thread-1320] INFO  impl.RoleInfo (RoleInfo.java:updateAndGet(143)) - 24ee45b5-4e6b-4499-8d3c-0bcd5a303b6d: start LeaderElection
2019-09-17 14:55:21,844 [24ee45b5-4e6b-4499-8d3c-0bcd5a303b6d@group-218101269A2C:LeaderElection41] INFO  impl.LeaderElection (LeaderElection.java:askForVotes(182)) - 24ee45b5-4e6b-4499-8d3c-0bcd5a303b6d@group-218101269A2C:LeaderElection41: begin an election at term 20 for 17: [bbb4e265-cb6b-4caa-8b5d-65801261426c:192.168.151.72:38991, 5824bb7b-23b5-4080-8c55-4e36ce35b3ee:192.168.151.72:44174, 24ee45b5-4e6b-4499-8d3c-0bcd5a303b6d:192.168.151.72:44891], old=null
2019-09-17 14:55:21,846 [24ee45b5-4e6b-4499-8d3c-0bcd5a303b6d@group-218101269A2C:LeaderElection41] INFO  impl.LeaderElection (LogUtils.java:infoOrTrace(149)) - 24ee45b5-4e6b-4499-8d3c-0bcd5a303b6d@group-218101269A2C:LeaderElection41 got exception when requesting votes: {}
java.util.concurrent.ExecutionException: org.apache.ratis.thirdparty.io.grpc.StatusRuntimeException: UNAVAILABLE: io exception
	at java.util.concurrent.FutureTask.report(FutureTask.java:122)
	at java.util.concurrent.FutureTask.get(FutureTask.java:192)
	at org.apache.ratis.server.impl.LeaderElection.waitForResults(LeaderElection.java:263)
	at org.apache.ratis.server.impl.LeaderElection.askForVotes(LeaderElection.java:201)
	at org.apache.ratis.server.impl.LeaderElection.run(LeaderElection.java:133)
	at java.lang.Thread.run(Thread.java:748)
Caused by: org.apache.ratis.thirdparty.io.grpc.StatusRuntimeException: UNAVAILABLE: io exception
	at org.apache.ratis.thirdparty.io.grpc.stub.ClientCalls.toStatusRuntimeException(ClientCalls.java:233)
	at org.apache.ratis.thirdparty.io.grpc.stub.ClientCalls.getUnchecked(ClientCalls.java:214)
	at org.apache.ratis.thirdparty.io.grpc.stub.ClientCalls.blockingUnaryCall(ClientCalls.java:139)
	at org.apache.ratis.proto.grpc.RaftServerProtocolServiceGrpc$RaftServerProtocolServiceBlockingStub.requestVote(RaftServerProtocolServiceGrpc.java:265)
	at org.apache.ratis.grpc.server.GrpcServerProtocolClient.requestVote(GrpcServerProtocolClient.java:90)
	at org.apache.ratis.grpc.server.GrpcService.requestVote(GrpcService.java:204)
	at org.apache.ratis.server.impl.LeaderElection.lambda$submitRequests$1(LeaderElection.java:238)
	at java.util.concurrent.FutureTask.run(FutureTask.java:266)
	at java.util.concurrent.Executors$RunnableAdapter.call(Executors.java:511)
	at java.util.concurrent.FutureTask.run(FutureTask.java:266)
	at java.util.concurrent.ThreadPoolExecutor.runWorker(ThreadPoolExecutor.java:1149)
	at java.util.concurrent.ThreadPoolExecutor$Worker.run(ThreadPoolExecutor.java:624)
	... 1 more
Caused by: org.apache.ratis.thirdparty.io.netty.channel.AbstractChannel$AnnotatedConnectException: Connection refused: /192.168.151.72:44174
	at sun.nio.ch.SocketChannelImpl.checkConnect(Native Method)
	at sun.nio.ch.SocketChannelImpl.finishConnect(SocketChannelImpl.java:717)
	at org.apache.ratis.thirdparty.io.netty.channel.socket.nio.NioSocketChannel.doFinishConnect(NioSocketChannel.java:327)
	at org.apache.ratis.thirdparty.io.netty.channel.nio.AbstractNioChannel$AbstractNioUnsafe.finishConnect(AbstractNioChannel.java:340)
	at org.apache.ratis.thirdparty.io.netty.channel.nio.NioEventLoop.processSelectedKey(NioEventLoop.java:632)
	at org.apache.ratis.thirdparty.io.netty.channel.nio.NioEventLoop.processSelectedKeysOptimized(NioEventLoop.java:579)
	at org.apache.ratis.thirdparty.io.netty.channel.nio.NioEventLoop.processSelectedKeys(NioEventLoop.java:496)
	at org.apache.ratis.thirdparty.io.netty.channel.nio.NioEventLoop.run(NioEventLoop.java:458)
	at org.apache.ratis.thirdparty.io.netty.util.concurrent.SingleThreadEventExecutor$5.run(SingleThreadEventExecutor.java:897)
	at org.apache.ratis.thirdparty.io.netty.util.concurrent.FastThreadLocalRunnable.run(FastThreadLocalRunnable.java:30)
	... 1 more
Caused by: java.net.ConnectException: Connection refused
	... 11 more
2019-09-17 14:55:21,849 [24ee45b5-4e6b-4499-8d3c-0bcd5a303b6d@group-218101269A2C:LeaderElection41] INFO  impl.LeaderElection (LogUtils.java:infoOrTrace(149)) - 24ee45b5-4e6b-4499-8d3c-0bcd5a303b6d@group-218101269A2C:LeaderElection41 got exception when requesting votes: {}
java.util.concurrent.ExecutionException: org.apache.ratis.thirdparty.io.grpc.StatusRuntimeException: UNAVAILABLE: io exception
	at java.util.concurrent.FutureTask.report(FutureTask.java:122)
	at java.util.concurrent.FutureTask.get(FutureTask.java:192)
	at org.apache.ratis.server.impl.LeaderElection.waitForResults(LeaderElection.java:263)
	at org.apache.ratis.server.impl.LeaderElection.askForVotes(LeaderElection.java:201)
	at org.apache.ratis.server.impl.LeaderElection.run(LeaderElection.java:133)
	at java.lang.Thread.run(Thread.java:748)
Caused by: org.apache.ratis.thirdparty.io.grpc.StatusRuntimeException: UNAVAILABLE: io exception
	at org.apache.ratis.thirdparty.io.grpc.stub.ClientCalls.toStatusRuntimeException(ClientCalls.java:233)
	at org.apache.ratis.thirdparty.io.grpc.stub.ClientCalls.getUnchecked(ClientCalls.java:214)
	at org.apache.ratis.thirdparty.io.grpc.stub.ClientCalls.blockingUnaryCall(ClientCalls.java:139)
	at org.apache.ratis.proto.grpc.RaftServerProtocolServiceGrpc$RaftServerProtocolServiceBlockingStub.requestVote(RaftServerProtocolServiceGrpc.java:265)
	at org.apache.ratis.grpc.server.GrpcServerProtocolClient.requestVote(GrpcServerProtocolClient.java:90)
	at org.apache.ratis.grpc.server.GrpcService.requestVote(GrpcService.java:204)
	at org.apache.ratis.server.impl.LeaderElection.lambda$submitRequests$1(LeaderElection.java:238)
	at java.util.concurrent.FutureTask.run(FutureTask.java:266)
	at java.util.concurrent.Executors$RunnableAdapter.call(Executors.java:511)
	at java.util.concurrent.FutureTask.run(FutureTask.java:266)
	at java.util.concurrent.ThreadPoolExecutor.runWorker(ThreadPoolExecutor.java:1149)
	at java.util.concurrent.ThreadPoolExecutor$Worker.run(ThreadPoolExecutor.java:624)
	... 1 more
Caused by: org.apache.ratis.thirdparty.io.netty.channel.AbstractChannel$AnnotatedConnectException: Connection refused: /192.168.151.72:38991
	at sun.nio.ch.SocketChannelImpl.checkConnect(Native Method)
	at sun.nio.ch.SocketChannelImpl.finishConnect(SocketChannelImpl.java:717)
	at org.apache.ratis.thirdparty.io.netty.channel.socket.nio.NioSocketChannel.doFinishConnect(NioSocketChannel.java:327)
	at org.apache.ratis.thirdparty.io.netty.channel.nio.AbstractNioChannel$AbstractNioUnsafe.finishConnect(AbstractNioChannel.java:340)
	at org.apache.ratis.thirdparty.io.netty.channel.nio.NioEventLoop.processSelectedKey(NioEventLoop.java:632)
	at org.apache.ratis.thirdparty.io.netty.channel.nio.NioEventLoop.processSelectedKeysOptimized(NioEventLoop.java:579)
	at org.apache.ratis.thirdparty.io.netty.channel.nio.NioEventLoop.processSelectedKeys(NioEventLoop.java:496)
	at org.apache.ratis.thirdparty.io.netty.channel.nio.NioEventLoop.run(NioEventLoop.java:458)
	at org.apache.ratis.thirdparty.io.netty.util.concurrent.SingleThreadEventExecutor$5.run(SingleThreadEventExecutor.java:897)
	at org.apache.ratis.thirdparty.io.netty.util.concurrent.FastThreadLocalRunnable.run(FastThreadLocalRunnable.java:30)
	... 1 more
Caused by: java.net.ConnectException: Connection refused
	... 11 more
2019-09-17 14:55:21,852 [24ee45b5-4e6b-4499-8d3c-0bcd5a303b6d@group-218101269A2C:LeaderElection41] INFO  impl.LeaderElection (LeaderElection.java:logAndReturn(56)) - 24ee45b5-4e6b-4499-8d3c-0bcd5a303b6d@group-218101269A2C:LeaderElection41: Election REJECTED; received 0 response(s) [] and 2 exception(s); 24ee45b5-4e6b-4499-8d3c-0bcd5a303b6d@group-218101269A2C:t20, leader=null, voted=24ee45b5-4e6b-4499-8d3c-0bcd5a303b6d, raftlog=24ee45b5-4e6b-4499-8d3c-0bcd5a303b6d@group-218101269A2C-SegmentedRaftLog:OPENED:c29,f29,i29, conf=17: [bbb4e265-cb6b-4caa-8b5d-65801261426c:192.168.151.72:38991, 5824bb7b-23b5-4080-8c55-4e36ce35b3ee:192.168.151.72:44174, 24ee45b5-4e6b-4499-8d3c-0bcd5a303b6d:192.168.151.72:44891], old=null
2019-09-17 14:55:21,853 [24ee45b5-4e6b-4499-8d3c-0bcd5a303b6d@group-218101269A2C:LeaderElection41] INFO  impl.LeaderElection (LogUtils.java:infoOrTrace(149)) -   Exception 0: {}
java.util.concurrent.ExecutionException: org.apache.ratis.thirdparty.io.grpc.StatusRuntimeException: UNAVAILABLE: io exception
	at java.util.concurrent.FutureTask.report(FutureTask.java:122)
	at java.util.concurrent.FutureTask.get(FutureTask.java:192)
	at org.apache.ratis.server.impl.LeaderElection.waitForResults(LeaderElection.java:263)
	at org.apache.ratis.server.impl.LeaderElection.askForVotes(LeaderElection.java:201)
	at org.apache.ratis.server.impl.LeaderElection.run(LeaderElection.java:133)
	at java.lang.Thread.run(Thread.java:748)
Caused by: org.apache.ratis.thirdparty.io.grpc.StatusRuntimeException: UNAVAILABLE: io exception
	at org.apache.ratis.thirdparty.io.grpc.stub.ClientCalls.toStatusRuntimeException(ClientCalls.java:233)
	at org.apache.ratis.thirdparty.io.grpc.stub.ClientCalls.getUnchecked(ClientCalls.java:214)
	at org.apache.ratis.thirdparty.io.grpc.stub.ClientCalls.blockingUnaryCall(ClientCalls.java:139)
	at org.apache.ratis.proto.grpc.RaftServerProtocolServiceGrpc$RaftServerProtocolServiceBlockingStub.requestVote(RaftServerProtocolServiceGrpc.java:265)
	at org.apache.ratis.grpc.server.GrpcServerProtocolClient.requestVote(GrpcServerProtocolClient.java:90)
	at org.apache.ratis.grpc.server.GrpcService.requestVote(GrpcService.java:204)
	at org.apache.ratis.server.impl.LeaderElection.lambda$submitRequests$1(LeaderElection.java:238)
	at java.util.concurrent.FutureTask.run(FutureTask.java:266)
	at java.util.concurrent.Executors$RunnableAdapter.call(Executors.java:511)
	at java.util.concurrent.FutureTask.run(FutureTask.java:266)
	at java.util.concurrent.ThreadPoolExecutor.runWorker(ThreadPoolExecutor.java:1149)
	at java.util.concurrent.ThreadPoolExecutor$Worker.run(ThreadPoolExecutor.java:624)
	... 1 more
Caused by: org.apache.ratis.thirdparty.io.netty.channel.AbstractChannel$AnnotatedConnectException: Connection refused: /192.168.151.72:44174
	at sun.nio.ch.SocketChannelImpl.checkConnect(Native Method)
	at sun.nio.ch.SocketChannelImpl.finishConnect(SocketChannelImpl.java:717)
	at org.apache.ratis.thirdparty.io.netty.channel.socket.nio.NioSocketChannel.doFinishConnect(NioSocketChannel.java:327)
	at org.apache.ratis.thirdparty.io.netty.channel.nio.AbstractNioChannel$AbstractNioUnsafe.finishConnect(AbstractNioChannel.java:340)
	at org.apache.ratis.thirdparty.io.netty.channel.nio.NioEventLoop.processSelectedKey(NioEventLoop.java:632)
	at org.apache.ratis.thirdparty.io.netty.channel.nio.NioEventLoop.processSelectedKeysOptimized(NioEventLoop.java:579)
	at org.apache.ratis.thirdparty.io.netty.channel.nio.NioEventLoop.processSelectedKeys(NioEventLoop.java:496)
	at org.apache.ratis.thirdparty.io.netty.channel.nio.NioEventLoop.run(NioEventLoop.java:458)
	at org.apache.ratis.thirdparty.io.netty.util.concurrent.SingleThreadEventExecutor$5.run(SingleThreadEventExecutor.java:897)
	at org.apache.ratis.thirdparty.io.netty.util.concurrent.FastThreadLocalRunnable.run(FastThreadLocalRunnable.java:30)
	... 1 more
Caused by: java.net.ConnectException: Connection refused
	... 11 more
2019-09-17 14:55:21,853 [24ee45b5-4e6b-4499-8d3c-0bcd5a303b6d@group-218101269A2C:LeaderElection41] INFO  impl.LeaderElection (LogUtils.java:infoOrTrace(149)) -   Exception 1: {}
java.util.concurrent.ExecutionException: org.apache.ratis.thirdparty.io.grpc.StatusRuntimeException: UNAVAILABLE: io exception
	at java.util.concurrent.FutureTask.report(FutureTask.java:122)
	at java.util.concurrent.FutureTask.get(FutureTask.java:192)
	at org.apache.ratis.server.impl.LeaderElection.waitForResults(LeaderElection.java:263)
	at org.apache.ratis.server.impl.LeaderElection.askForVotes(LeaderElection.java:201)
	at org.apache.ratis.server.impl.LeaderElection.run(LeaderElection.java:133)
	at java.lang.Thread.run(Thread.java:748)
Caused by: org.apache.ratis.thirdparty.io.grpc.StatusRuntimeException: UNAVAILABLE: io exception
	at org.apache.ratis.thirdparty.io.grpc.stub.ClientCalls.toStatusRuntimeException(ClientCalls.java:233)
	at org.apache.ratis.thirdparty.io.grpc.stub.ClientCalls.getUnchecked(ClientCalls.java:214)
	at org.apache.ratis.thirdparty.io.grpc.stub.ClientCalls.blockingUnaryCall(ClientCalls.java:139)
	at org.apache.ratis.proto.grpc.RaftServerProtocolServiceGrpc$RaftServerProtocolServiceBlockingStub.requestVote(RaftServerProtocolServiceGrpc.java:265)
	at org.apache.ratis.grpc.server.GrpcServerProtocolClient.requestVote(GrpcServerProtocolClient.java:90)
	at org.apache.ratis.grpc.server.GrpcService.requestVote(GrpcService.java:204)
	at org.apache.ratis.server.impl.LeaderElection.lambda$submitRequests$1(LeaderElection.java:238)
	at java.util.concurrent.FutureTask.run(FutureTask.java:266)
	at java.util.concurrent.Executors$RunnableAdapter.call(Executors.java:511)
	at java.util.concurrent.FutureTask.run(FutureTask.java:266)
	at java.util.concurrent.ThreadPoolExecutor.runWorker(ThreadPoolExecutor.java:1149)
	at java.util.concurrent.ThreadPoolExecutor$Worker.run(ThreadPoolExecutor.java:624)
	... 1 more
Caused by: org.apache.ratis.thirdparty.io.netty.channel.AbstractChannel$AnnotatedConnectException: Connection refused: /192.168.151.72:38991
	at sun.nio.ch.SocketChannelImpl.checkConnect(Native Method)
	at sun.nio.ch.SocketChannelImpl.finishConnect(SocketChannelImpl.java:717)
	at org.apache.ratis.thirdparty.io.netty.channel.socket.nio.NioSocketChannel.doFinishConnect(NioSocketChannel.java:327)
	at org.apache.ratis.thirdparty.io.netty.channel.nio.AbstractNioChannel$AbstractNioUnsafe.finishConnect(AbstractNioChannel.java:340)
	at org.apache.ratis.thirdparty.io.netty.channel.nio.NioEventLoop.processSelectedKey(NioEventLoop.java:632)
	at org.apache.ratis.thirdparty.io.netty.channel.nio.NioEventLoop.processSelectedKeysOptimized(NioEventLoop.java:579)
	at org.apache.ratis.thirdparty.io.netty.channel.nio.NioEventLoop.processSelectedKeys(NioEventLoop.java:496)
	at org.apache.ratis.thirdparty.io.netty.channel.nio.NioEventLoop.run(NioEventLoop.java:458)
	at org.apache.ratis.thirdparty.io.netty.util.concurrent.SingleThreadEventExecutor$5.run(SingleThreadEventExecutor.java:897)
	at org.apache.ratis.thirdparty.io.netty.util.concurrent.FastThreadLocalRunnable.run(FastThreadLocalRunnable.java:30)
	... 1 more
Caused by: java.net.ConnectException: Connection refused
	... 11 more
2019-09-17 14:55:21,853 [24ee45b5-4e6b-4499-8d3c-0bcd5a303b6d@group-218101269A2C:LeaderElection41] INFO  impl.RaftServerImpl (RaftServerImpl.java:setRole(174)) - 24ee45b5-4e6b-4499-8d3c-0bcd5a303b6d@group-218101269A2C: changes role from CANDIDATE to FOLLOWER at term 20 for DISCOVERED_A_NEW_TERM
2019-09-17 14:55:21,854 [24ee45b5-4e6b-4499-8d3c-0bcd5a303b6d@group-218101269A2C:LeaderElection41] INFO  impl.RoleInfo (RoleInfo.java:shutdownLeaderElection(134)) - 24ee45b5-4e6b-4499-8d3c-0bcd5a303b6d: shutdown LeaderElection
2019-09-17 14:55:21,854 [24ee45b5-4e6b-4499-8d3c-0bcd5a303b6d@group-218101269A2C:LeaderElection41] INFO  impl.RoleInfo (RoleInfo.java:updateAndGet(143)) - 24ee45b5-4e6b-4499-8d3c-0bcd5a303b6d: start FollowerState
2019-09-17 14:55:21,910 [java.util.concurrent.ThreadPoolExecutor$Worker@486b56da[State = -1, empty queue]] WARN  server.GrpcLogAppender (GrpcLogAppender.java:timeoutAppendRequest(200)) - 64dc86e1-b58a-47fa-9209-c80a04613504@group-85515DBFC7EF->296d1e6a-4d03-4625-a926-8603881e9a06-GrpcLogAppender: appendEntries Timeout, request=64dc86e1-b58a-47fa-9209-c80a04613504->296d1e6a-4d03-4625-a926-8603881e9a06#127-t2, previous=(t:2, i:20), leaderCommit=16, initializing? false, entries: <empty>
2019-09-17 14:55:21,910 [java.util.concurrent.ThreadPoolExecutor$Worker@1fe41ca9[State = -1, empty queue]] WARN  server.GrpcLogAppender (GrpcLogAppender.java:timeoutAppendRequest(200)) - 64dc86e1-b58a-47fa-9209-c80a04613504@group-85515DBFC7EF->0d659ca8-8d3f-4ad5-ad2a-cdb4ab88523b-GrpcLogAppender: appendEntries Timeout, request=64dc86e1-b58a-47fa-9209-c80a04613504->0d659ca8-8d3f-4ad5-ad2a-cdb4ab88523b#127-t2, previous=(t:2, i:20), leaderCommit=16, initializing? false, entries: <empty>
2019-09-17 14:55:21,988 [java.util.concurrent.ThreadPoolExecutor$Worker@16fd9795[State = -1, empty queue]] WARN  server.GrpcLogAppender (GrpcLogAppender.java:timeoutAppendRequest(200)) - 9b5674b6-1da3-4a18-a3b1-2bf65c31b2e5@group-A10EF1BAEC68->87bd24bf-ffb9-4c07-ac8f-086f94142b7e-GrpcLogAppender: appendEntries Timeout, request=9b5674b6-1da3-4a18-a3b1-2bf65c31b2e5->87bd24bf-ffb9-4c07-ac8f-086f94142b7e#140-t2, previous=(t:2, i:34), leaderCommit=30, initializing? false, entries: <empty>
2019-09-17 14:55:21,988 [java.util.concurrent.ThreadPoolExecutor$Worker@5ab404d3[State = -1, empty queue]] WARN  server.GrpcLogAppender (GrpcLogAppender.java:timeoutAppendRequest(200)) - 9b5674b6-1da3-4a18-a3b1-2bf65c31b2e5@group-A10EF1BAEC68->55160a25-c10a-4fac-977f-ea88e555cd0f-GrpcLogAppender: appendEntries Timeout, request=9b5674b6-1da3-4a18-a3b1-2bf65c31b2e5->55160a25-c10a-4fac-977f-ea88e555cd0f#140-t2, previous=(t:2, i:34), leaderCommit=30, initializing? false, entries: <empty>
2019-09-17 14:55:22,349 [296d1e6a-4d03-4625-a926-8603881e9a06@group-85515DBFC7EF-SegmentedRaftLogWorker] WARN  segmented.SegmentedRaftLogWorker (SegmentedRaftLogWorker.java:getFromFuture(90)) - Timeout 4/~
org.apache.ratis.protocol.TimeoutIOException: Timeout 10s: WriteLog:17: (t:2, i:17), STATEMACHINELOGENTRY, client-30C4B51AD9D2, cid=49-writeStateMachineData
	at org.apache.ratis.util.IOUtils.getFromFuture(IOUtils.java:87)
	at org.apache.ratis.server.raftlog.segmented.SegmentedRaftLogWorker$StateMachineDataPolicy.getFromFuture(SegmentedRaftLogWorker.java:87)
	at org.apache.ratis.server.raftlog.segmented.SegmentedRaftLogWorker$WriteLog.execute(SegmentedRaftLogWorker.java:477)
	at org.apache.ratis.server.raftlog.segmented.SegmentedRaftLogWorker.run(SegmentedRaftLogWorker.java:289)
	at java.lang.Thread.run(Thread.java:748)
Caused by: java.util.concurrent.TimeoutException
	at java.util.concurrent.CompletableFuture.timedGet(CompletableFuture.java:1771)
	at java.util.concurrent.CompletableFuture.get(CompletableFuture.java:1915)
	at org.apache.ratis.util.IOUtils.getFromFuture(IOUtils.java:79)
	... 4 more
2019-09-17 14:55:22,373 [64dc86e1-b58a-47fa-9209-c80a04613504@group-85515DBFC7EF-SegmentedRaftLogWorker] WARN  segmented.SegmentedRaftLogWorker (SegmentedRaftLogWorker.java:getFromFuture(90)) - Timeout 4/~
org.apache.ratis.protocol.TimeoutIOException: Timeout 10s: WriteLog:19: (t:2, i:19), STATEMACHINELOGENTRY, client-30C4B51AD9D2, cid=51-writeStateMachineData
	at org.apache.ratis.util.IOUtils.getFromFuture(IOUtils.java:87)
	at org.apache.ratis.server.raftlog.segmented.SegmentedRaftLogWorker$StateMachineDataPolicy.getFromFuture(SegmentedRaftLogWorker.java:87)
	at org.apache.ratis.server.raftlog.segmented.SegmentedRaftLogWorker$WriteLog.execute(SegmentedRaftLogWorker.java:477)
	at org.apache.ratis.server.raftlog.segmented.SegmentedRaftLogWorker.run(SegmentedRaftLogWorker.java:289)
	at java.lang.Thread.run(Thread.java:748)
Caused by: java.util.concurrent.TimeoutException
	at java.util.concurrent.CompletableFuture.timedGet(CompletableFuture.java:1771)
	at java.util.concurrent.CompletableFuture.get(CompletableFuture.java:1915)
	at org.apache.ratis.util.IOUtils.getFromFuture(IOUtils.java:79)
	... 4 more
2019-09-17 14:55:22,391 [0d659ca8-8d3f-4ad5-ad2a-cdb4ab88523b@group-85515DBFC7EF-SegmentedRaftLogWorker] WARN  segmented.SegmentedRaftLogWorker (SegmentedRaftLogWorker.java:getFromFuture(90)) - Timeout 4/~
org.apache.ratis.protocol.TimeoutIOException: Timeout 10s: WriteLog:19: (t:2, i:19), STATEMACHINELOGENTRY, client-30C4B51AD9D2, cid=51-writeStateMachineData
	at org.apache.ratis.util.IOUtils.getFromFuture(IOUtils.java:87)
	at org.apache.ratis.server.raftlog.segmented.SegmentedRaftLogWorker$StateMachineDataPolicy.getFromFuture(SegmentedRaftLogWorker.java:87)
	at org.apache.ratis.server.raftlog.segmented.SegmentedRaftLogWorker$WriteLog.execute(SegmentedRaftLogWorker.java:477)
	at org.apache.ratis.server.raftlog.segmented.SegmentedRaftLogWorker.run(SegmentedRaftLogWorker.java:289)
	at java.lang.Thread.run(Thread.java:748)
Caused by: java.util.concurrent.TimeoutException
	at java.util.concurrent.CompletableFuture.timedGet(CompletableFuture.java:1771)
	at java.util.concurrent.CompletableFuture.get(CompletableFuture.java:1915)
	at org.apache.ratis.util.IOUtils.getFromFuture(IOUtils.java:79)
	... 4 more
2019-09-17 14:55:22,411 [java.util.concurrent.ThreadPoolExecutor$Worker@1fe41ca9[State = -1, empty queue]] WARN  server.GrpcLogAppender (GrpcLogAppender.java:timeoutAppendRequest(200)) - 64dc86e1-b58a-47fa-9209-c80a04613504@group-85515DBFC7EF->0d659ca8-8d3f-4ad5-ad2a-cdb4ab88523b-GrpcLogAppender: appendEntries Timeout, request=64dc86e1-b58a-47fa-9209-c80a04613504->0d659ca8-8d3f-4ad5-ad2a-cdb4ab88523b#128-t2, previous=(t:2, i:20), leaderCommit=16, initializing? false, entries: <empty>
2019-09-17 14:55:22,411 [java.util.concurrent.ThreadPoolExecutor$Worker@486b56da[State = -1, empty queue]] WARN  server.GrpcLogAppender (GrpcLogAppender.java:timeoutAppendRequest(200)) - 64dc86e1-b58a-47fa-9209-c80a04613504@group-85515DBFC7EF->296d1e6a-4d03-4625-a926-8603881e9a06-GrpcLogAppender: appendEntries Timeout, request=64dc86e1-b58a-47fa-9209-c80a04613504->296d1e6a-4d03-4625-a926-8603881e9a06#128-t2, previous=(t:2, i:20), leaderCommit=16, initializing? false, entries: <empty>
2019-09-17 14:55:22,464 [9b5674b6-1da3-4a18-a3b1-2bf65c31b2e5@group-A10EF1BAEC68-SegmentedRaftLogWorker] WARN  segmented.SegmentedRaftLogWorker (SegmentedRaftLogWorker.java:getFromFuture(90)) - Timeout 0/~
org.apache.ratis.protocol.TimeoutIOException: Timeout 10s: WriteLog:31: (t:2, i:31), STATEMACHINELOGENTRY, client-CBA6351075E1, cid=73-writeStateMachineData
	at org.apache.ratis.util.IOUtils.getFromFuture(IOUtils.java:87)
	at org.apache.ratis.server.raftlog.segmented.SegmentedRaftLogWorker$StateMachineDataPolicy.getFromFuture(SegmentedRaftLogWorker.java:87)
	at org.apache.ratis.server.raftlog.segmented.SegmentedRaftLogWorker$WriteLog.execute(SegmentedRaftLogWorker.java:477)
	at org.apache.ratis.server.raftlog.segmented.SegmentedRaftLogWorker.run(SegmentedRaftLogWorker.java:289)
	at java.lang.Thread.run(Thread.java:748)
Caused by: java.util.concurrent.TimeoutException
	at java.util.concurrent.CompletableFuture.timedGet(CompletableFuture.java:1771)
	at java.util.concurrent.CompletableFuture.get(CompletableFuture.java:1915)
	at org.apache.ratis.util.IOUtils.getFromFuture(IOUtils.java:79)
	... 4 more
2019-09-17 14:55:22,469 [87bd24bf-ffb9-4c07-ac8f-086f94142b7e@group-A10EF1BAEC68-SegmentedRaftLogWorker] WARN  segmented.SegmentedRaftLogWorker (SegmentedRaftLogWorker.java:getFromFuture(90)) - Timeout 0/~
org.apache.ratis.protocol.TimeoutIOException: Timeout 10s: WriteLog:31: (t:2, i:31), STATEMACHINELOGENTRY, client-CBA6351075E1, cid=73-writeStateMachineData
	at org.apache.ratis.util.IOUtils.getFromFuture(IOUtils.java:87)
	at org.apache.ratis.server.raftlog.segmented.SegmentedRaftLogWorker$StateMachineDataPolicy.getFromFuture(SegmentedRaftLogWorker.java:87)
	at org.apache.ratis.server.raftlog.segmented.SegmentedRaftLogWorker$WriteLog.execute(SegmentedRaftLogWorker.java:477)
	at org.apache.ratis.server.raftlog.segmented.SegmentedRaftLogWorker.run(SegmentedRaftLogWorker.java:289)
	at java.lang.Thread.run(Thread.java:748)
Caused by: java.util.concurrent.TimeoutException
	at java.util.concurrent.CompletableFuture.timedGet(CompletableFuture.java:1771)
	at java.util.concurrent.CompletableFuture.get(CompletableFuture.java:1915)
	at org.apache.ratis.util.IOUtils.getFromFuture(IOUtils.java:79)
	... 4 more
2019-09-17 14:55:22,469 [55160a25-c10a-4fac-977f-ea88e555cd0f@group-A10EF1BAEC68-SegmentedRaftLogWorker] WARN  segmented.SegmentedRaftLogWorker (SegmentedRaftLogWorker.java:getFromFuture(90)) - Timeout 0/~
org.apache.ratis.protocol.TimeoutIOException: Timeout 10s: WriteLog:31: (t:2, i:31), STATEMACHINELOGENTRY, client-CBA6351075E1, cid=73-writeStateMachineData
	at org.apache.ratis.util.IOUtils.getFromFuture(IOUtils.java:87)
	at org.apache.ratis.server.raftlog.segmented.SegmentedRaftLogWorker$StateMachineDataPolicy.getFromFuture(SegmentedRaftLogWorker.java:87)
	at org.apache.ratis.server.raftlog.segmented.SegmentedRaftLogWorker$WriteLog.execute(SegmentedRaftLogWorker.java:477)
	at org.apache.ratis.server.raftlog.segmented.SegmentedRaftLogWorker.run(SegmentedRaftLogWorker.java:289)
	at java.lang.Thread.run(Thread.java:748)
Caused by: java.util.concurrent.TimeoutException
	at java.util.concurrent.CompletableFuture.timedGet(CompletableFuture.java:1771)
	at java.util.concurrent.CompletableFuture.get(CompletableFuture.java:1915)
	at org.apache.ratis.util.IOUtils.getFromFuture(IOUtils.java:79)
	... 4 more
2019-09-17 14:55:22,489 [java.util.concurrent.ThreadPoolExecutor$Worker@5ab404d3[State = -1, empty queue]] WARN  server.GrpcLogAppender (GrpcLogAppender.java:timeoutAppendRequest(200)) - 9b5674b6-1da3-4a18-a3b1-2bf65c31b2e5@group-A10EF1BAEC68->55160a25-c10a-4fac-977f-ea88e555cd0f-GrpcLogAppender: appendEntries Timeout, request=9b5674b6-1da3-4a18-a3b1-2bf65c31b2e5->55160a25-c10a-4fac-977f-ea88e555cd0f#141-t2, previous=(t:2, i:34), leaderCommit=30, initializing? false, entries: <empty>
2019-09-17 14:55:22,489 [java.util.concurrent.ThreadPoolExecutor$Worker@16fd9795[State = -1, empty queue]] WARN  server.GrpcLogAppender (GrpcLogAppender.java:timeoutAppendRequest(200)) - 9b5674b6-1da3-4a18-a3b1-2bf65c31b2e5@group-A10EF1BAEC68->87bd24bf-ffb9-4c07-ac8f-086f94142b7e-GrpcLogAppender: appendEntries Timeout, request=9b5674b6-1da3-4a18-a3b1-2bf65c31b2e5->87bd24bf-ffb9-4c07-ac8f-086f94142b7e#141-t2, previous=(t:2, i:34), leaderCommit=30, initializing? false, entries: <empty>
2019-09-17 14:55:22,555 [grpc-default-executor-1] INFO  client.GrpcClientProtocolClient (GrpcClientProtocolClient.java:onNext(264)) - client-CBA6351075E1->55160a25-c10a-4fac-977f-ea88e555cd0f: receive RaftClientReply:client-CBA6351075E1->55160a25-c10a-4fac-977f-ea88e555cd0f@group-A10EF1BAEC68, cid=73, FAILED org.apache.ratis.protocol.NotLeaderException: Server 55160a25-c10a-4fac-977f-ea88e555cd0f@group-A10EF1BAEC68 is not the leader 9b5674b6-1da3-4a18-a3b1-2bf65c31b2e5:192.168.151.72:42570, logIndex=0, commits[55160a25-c10a-4fac-977f-ea88e555cd0f:c30, 87bd24bf-ffb9-4c07-ac8f-086f94142b7e:c28, 9b5674b6-1da3-4a18-a3b1-2bf65c31b2e5:c30]
2019-09-17 14:55:22,911 [java.util.concurrent.ThreadPoolExecutor$Worker@1fe41ca9[State = -1, empty queue]] WARN  server.GrpcLogAppender (GrpcLogAppender.java:timeoutAppendRequest(200)) - 64dc86e1-b58a-47fa-9209-c80a04613504@group-85515DBFC7EF->0d659ca8-8d3f-4ad5-ad2a-cdb4ab88523b-GrpcLogAppender: appendEntries Timeout, request=64dc86e1-b58a-47fa-9209-c80a04613504->0d659ca8-8d3f-4ad5-ad2a-cdb4ab88523b#129-t2, previous=(t:2, i:20), leaderCommit=16, initializing? false, entries: <empty>
2019-09-17 14:55:22,911 [java.util.concurrent.ThreadPoolExecutor$Worker@486b56da[State = -1, empty queue]] WARN  server.GrpcLogAppender (GrpcLogAppender.java:timeoutAppendRequest(200)) - 64dc86e1-b58a-47fa-9209-c80a04613504@group-85515DBFC7EF->296d1e6a-4d03-4625-a926-8603881e9a06-GrpcLogAppender: appendEntries Timeout, request=64dc86e1-b58a-47fa-9209-c80a04613504->296d1e6a-4d03-4625-a926-8603881e9a06#129-t2, previous=(t:2, i:20), leaderCommit=16, initializing? false, entries: <empty>
2019-09-17 14:55:22,989 [java.util.concurrent.ThreadPoolExecutor$Worker@16fd9795[State = -1, empty queue]] WARN  server.GrpcLogAppender (GrpcLogAppender.java:timeoutAppendRequest(200)) - 9b5674b6-1da3-4a18-a3b1-2bf65c31b2e5@group-A10EF1BAEC68->87bd24bf-ffb9-4c07-ac8f-086f94142b7e-GrpcLogAppender: appendEntries Timeout, request=9b5674b6-1da3-4a18-a3b1-2bf65c31b2e5->87bd24bf-ffb9-4c07-ac8f-086f94142b7e#142-t2, previous=(t:2, i:34), leaderCommit=30, initializing? false, entries: <empty>
2019-09-17 14:55:22,989 [java.util.concurrent.ThreadPoolExecutor$Worker@5ab404d3[State = -1, empty queue]] WARN  server.GrpcLogAppender (GrpcLogAppender.java:timeoutAppendRequest(200)) - 9b5674b6-1da3-4a18-a3b1-2bf65c31b2e5@group-A10EF1BAEC68->55160a25-c10a-4fac-977f-ea88e555cd0f-GrpcLogAppender: appendEntries Timeout, request=9b5674b6-1da3-4a18-a3b1-2bf65c31b2e5->55160a25-c10a-4fac-977f-ea88e555cd0f#142-t2, previous=(t:2, i:34), leaderCommit=30, initializing? false, entries: <empty>
2019-09-17 14:55:23,025 [Thread-1332] INFO  impl.FollowerState (FollowerState.java:run(106)) - 24ee45b5-4e6b-4499-8d3c-0bcd5a303b6d:group-218101269A2C changes to CANDIDATE, lastRpcTime:1171, electionTimeout:1171ms
2019-09-17 14:55:23,026 [Thread-1332] INFO  impl.RoleInfo (RoleInfo.java:shutdownFollowerState(121)) - 24ee45b5-4e6b-4499-8d3c-0bcd5a303b6d: shutdown FollowerState
2019-09-17 14:55:23,026 [Thread-1332] INFO  impl.RaftServerImpl (RaftServerImpl.java:setRole(174)) - 24ee45b5-4e6b-4499-8d3c-0bcd5a303b6d@group-218101269A2C: changes role from  FOLLOWER to CANDIDATE at term 20 for changeToCandidate
2019-09-17 14:55:23,027 [Thread-1332] INFO  impl.RoleInfo (RoleInfo.java:updateAndGet(143)) - 24ee45b5-4e6b-4499-8d3c-0bcd5a303b6d: start LeaderElection
2019-09-17 14:55:23,045 [24ee45b5-4e6b-4499-8d3c-0bcd5a303b6d@group-218101269A2C:LeaderElection42] INFO  impl.LeaderElection (LeaderElection.java:askForVotes(182)) - 24ee45b5-4e6b-4499-8d3c-0bcd5a303b6d@group-218101269A2C:LeaderElection42: begin an election at term 21 for 17: [bbb4e265-cb6b-4caa-8b5d-65801261426c:192.168.151.72:38991, 5824bb7b-23b5-4080-8c55-4e36ce35b3ee:192.168.151.72:44174, 24ee45b5-4e6b-4499-8d3c-0bcd5a303b6d:192.168.151.72:44891], old=null
2019-09-17 14:55:23,047 [24ee45b5-4e6b-4499-8d3c-0bcd5a303b6d@group-218101269A2C:LeaderElection42] INFO  impl.LeaderElection (LogUtils.java:infoOrTrace(149)) - 24ee45b5-4e6b-4499-8d3c-0bcd5a303b6d@group-218101269A2C:LeaderElection42 got exception when requesting votes: {}
java.util.concurrent.ExecutionException: org.apache.ratis.thirdparty.io.grpc.StatusRuntimeException: UNAVAILABLE: io exception
	at java.util.concurrent.FutureTask.report(FutureTask.java:122)
	at java.util.concurrent.FutureTask.get(FutureTask.java:192)
	at org.apache.ratis.server.impl.LeaderElection.waitForResults(LeaderElection.java:263)
	at org.apache.ratis.server.impl.LeaderElection.askForVotes(LeaderElection.java:201)
	at org.apache.ratis.server.impl.LeaderElection.run(LeaderElection.java:133)
	at java.lang.Thread.run(Thread.java:748)
Caused by: org.apache.ratis.thirdparty.io.grpc.StatusRuntimeException: UNAVAILABLE: io exception
	at org.apache.ratis.thirdparty.io.grpc.stub.ClientCalls.toStatusRuntimeException(ClientCalls.java:233)
	at org.apache.ratis.thirdparty.io.grpc.stub.ClientCalls.getUnchecked(ClientCalls.java:214)
	at org.apache.ratis.thirdparty.io.grpc.stub.ClientCalls.blockingUnaryCall(ClientCalls.java:139)
	at org.apache.ratis.proto.grpc.RaftServerProtocolServiceGrpc$RaftServerProtocolServiceBlockingStub.requestVote(RaftServerProtocolServiceGrpc.java:265)
	at org.apache.ratis.grpc.server.GrpcServerProtocolClient.requestVote(GrpcServerProtocolClient.java:90)
	at org.apache.ratis.grpc.server.GrpcService.requestVote(GrpcService.java:204)
	at org.apache.ratis.server.impl.LeaderElection.lambda$submitRequests$1(LeaderElection.java:238)
	at java.util.concurrent.FutureTask.run(FutureTask.java:266)
	at java.util.concurrent.Executors$RunnableAdapter.call(Executors.java:511)
	at java.util.concurrent.FutureTask.run(FutureTask.java:266)
	at java.util.concurrent.ThreadPoolExecutor.runWorker(ThreadPoolExecutor.java:1149)
	at java.util.concurrent.ThreadPoolExecutor$Worker.run(ThreadPoolExecutor.java:624)
	... 1 more
Caused by: org.apache.ratis.thirdparty.io.netty.channel.AbstractChannel$AnnotatedConnectException: Connection refused: /192.168.151.72:44174
	at sun.nio.ch.SocketChannelImpl.checkConnect(Native Method)
	at sun.nio.ch.SocketChannelImpl.finishConnect(SocketChannelImpl.java:717)
	at org.apache.ratis.thirdparty.io.netty.channel.socket.nio.NioSocketChannel.doFinishConnect(NioSocketChannel.java:327)
	at org.apache.ratis.thirdparty.io.netty.channel.nio.AbstractNioChannel$AbstractNioUnsafe.finishConnect(AbstractNioChannel.java:340)
	at org.apache.ratis.thirdparty.io.netty.channel.nio.NioEventLoop.processSelectedKey(NioEventLoop.java:632)
	at org.apache.ratis.thirdparty.io.netty.channel.nio.NioEventLoop.processSelectedKeysOptimized(NioEventLoop.java:579)
	at org.apache.ratis.thirdparty.io.netty.channel.nio.NioEventLoop.processSelectedKeys(NioEventLoop.java:496)
	at org.apache.ratis.thirdparty.io.netty.channel.nio.NioEventLoop.run(NioEventLoop.java:458)
	at org.apache.ratis.thirdparty.io.netty.util.concurrent.SingleThreadEventExecutor$5.run(SingleThreadEventExecutor.java:897)
	at org.apache.ratis.thirdparty.io.netty.util.concurrent.FastThreadLocalRunnable.run(FastThreadLocalRunnable.java:30)
	... 1 more
Caused by: java.net.ConnectException: Connection refused
	... 11 more
2019-09-17 14:55:23,051 [24ee45b5-4e6b-4499-8d3c-0bcd5a303b6d@group-218101269A2C:LeaderElection42] INFO  impl.LeaderElection (LogUtils.java:infoOrTrace(149)) - 24ee45b5-4e6b-4499-8d3c-0bcd5a303b6d@group-218101269A2C:LeaderElection42 got exception when requesting votes: {}
java.util.concurrent.ExecutionException: org.apache.ratis.thirdparty.io.grpc.StatusRuntimeException: UNAVAILABLE: io exception
	at java.util.concurrent.FutureTask.report(FutureTask.java:122)
	at java.util.concurrent.FutureTask.get(FutureTask.java:192)
	at org.apache.ratis.server.impl.LeaderElection.waitForResults(LeaderElection.java:263)
	at org.apache.ratis.server.impl.LeaderElection.askForVotes(LeaderElection.java:201)
	at org.apache.ratis.server.impl.LeaderElection.run(LeaderElection.java:133)
	at java.lang.Thread.run(Thread.java:748)
Caused by: org.apache.ratis.thirdparty.io.grpc.StatusRuntimeException: UNAVAILABLE: io exception
	at org.apache.ratis.thirdparty.io.grpc.stub.ClientCalls.toStatusRuntimeException(ClientCalls.java:233)
	at org.apache.ratis.thirdparty.io.grpc.stub.ClientCalls.getUnchecked(ClientCalls.java:214)
	at org.apache.ratis.thirdparty.io.grpc.stub.ClientCalls.blockingUnaryCall(ClientCalls.java:139)
	at org.apache.ratis.proto.grpc.RaftServerProtocolServiceGrpc$RaftServerProtocolServiceBlockingStub.requestVote(RaftServerProtocolServiceGrpc.java:265)
	at org.apache.ratis.grpc.server.GrpcServerProtocolClient.requestVote(GrpcServerProtocolClient.java:90)
	at org.apache.ratis.grpc.server.GrpcService.requestVote(GrpcService.java:204)
	at org.apache.ratis.server.impl.LeaderElection.lambda$submitRequests$1(LeaderElection.java:238)
	at java.util.concurrent.FutureTask.run(FutureTask.java:266)
	at java.util.concurrent.Executors$RunnableAdapter.call(Executors.java:511)
	at java.util.concurrent.FutureTask.run(FutureTask.java:266)
	at java.util.concurrent.ThreadPoolExecutor.runWorker(ThreadPoolExecutor.java:1149)
	at java.util.concurrent.ThreadPoolExecutor$Worker.run(ThreadPoolExecutor.java:624)
	... 1 more
Caused by: org.apache.ratis.thirdparty.io.netty.channel.AbstractChannel$AnnotatedConnectException: Connection refused: /192.168.151.72:38991
	at sun.nio.ch.SocketChannelImpl.checkConnect(Native Method)
	at sun.nio.ch.SocketChannelImpl.finishConnect(SocketChannelImpl.java:717)
	at org.apache.ratis.thirdparty.io.netty.channel.socket.nio.NioSocketChannel.doFinishConnect(NioSocketChannel.java:327)
	at org.apache.ratis.thirdparty.io.netty.channel.nio.AbstractNioChannel$AbstractNioUnsafe.finishConnect(AbstractNioChannel.java:340)
	at org.apache.ratis.thirdparty.io.netty.channel.nio.NioEventLoop.processSelectedKey(NioEventLoop.java:632)
	at org.apache.ratis.thirdparty.io.netty.channel.nio.NioEventLoop.processSelectedKeysOptimized(NioEventLoop.java:579)
	at org.apache.ratis.thirdparty.io.netty.channel.nio.NioEventLoop.processSelectedKeys(NioEventLoop.java:496)
	at org.apache.ratis.thirdparty.io.netty.channel.nio.NioEventLoop.run(NioEventLoop.java:458)
	at org.apache.ratis.thirdparty.io.netty.util.concurrent.SingleThreadEventExecutor$5.run(SingleThreadEventExecutor.java:897)
	at org.apache.ratis.thirdparty.io.netty.util.concurrent.FastThreadLocalRunnable.run(FastThreadLocalRunnable.java:30)
	... 1 more
Caused by: java.net.ConnectException: Connection refused
	... 11 more
2019-09-17 14:55:23,054 [24ee45b5-4e6b-4499-8d3c-0bcd5a303b6d@group-218101269A2C:LeaderElection42] INFO  impl.LeaderElection (LeaderElection.java:logAndReturn(56)) - 24ee45b5-4e6b-4499-8d3c-0bcd5a303b6d@group-218101269A2C:LeaderElection42: Election REJECTED; received 0 response(s) [] and 2 exception(s); 24ee45b5-4e6b-4499-8d3c-0bcd5a303b6d@group-218101269A2C:t21, leader=null, voted=24ee45b5-4e6b-4499-8d3c-0bcd5a303b6d, raftlog=24ee45b5-4e6b-4499-8d3c-0bcd5a303b6d@group-218101269A2C-SegmentedRaftLog:OPENED:c29,f29,i29, conf=17: [bbb4e265-cb6b-4caa-8b5d-65801261426c:192.168.151.72:38991, 5824bb7b-23b5-4080-8c55-4e36ce35b3ee:192.168.151.72:44174, 24ee45b5-4e6b-4499-8d3c-0bcd5a303b6d:192.168.151.72:44891], old=null
2019-09-17 14:55:23,054 [24ee45b5-4e6b-4499-8d3c-0bcd5a303b6d@group-218101269A2C:LeaderElection42] INFO  impl.LeaderElection (LogUtils.java:infoOrTrace(149)) -   Exception 0: {}
java.util.concurrent.ExecutionException: org.apache.ratis.thirdparty.io.grpc.StatusRuntimeException: UNAVAILABLE: io exception
	at java.util.concurrent.FutureTask.report(FutureTask.java:122)
	at java.util.concurrent.FutureTask.get(FutureTask.java:192)
	at org.apache.ratis.server.impl.LeaderElection.waitForResults(LeaderElection.java:263)
	at org.apache.ratis.server.impl.LeaderElection.askForVotes(LeaderElection.java:201)
	at org.apache.ratis.server.impl.LeaderElection.run(LeaderElection.java:133)
	at java.lang.Thread.run(Thread.java:748)
Caused by: org.apache.ratis.thirdparty.io.grpc.StatusRuntimeException: UNAVAILABLE: io exception
	at org.apache.ratis.thirdparty.io.grpc.stub.ClientCalls.toStatusRuntimeException(ClientCalls.java:233)
	at org.apache.ratis.thirdparty.io.grpc.stub.ClientCalls.getUnchecked(ClientCalls.java:214)
	at org.apache.ratis.thirdparty.io.grpc.stub.ClientCalls.blockingUnaryCall(ClientCalls.java:139)
	at org.apache.ratis.proto.grpc.RaftServerProtocolServiceGrpc$RaftServerProtocolServiceBlockingStub.requestVote(RaftServerProtocolServiceGrpc.java:265)
	at org.apache.ratis.grpc.server.GrpcServerProtocolClient.requestVote(GrpcServerProtocolClient.java:90)
	at org.apache.ratis.grpc.server.GrpcService.requestVote(GrpcService.java:204)
	at org.apache.ratis.server.impl.LeaderElection.lambda$submitRequests$1(LeaderElection.java:238)
	at java.util.concurrent.FutureTask.run(FutureTask.java:266)
	at java.util.concurrent.Executors$RunnableAdapter.call(Executors.java:511)
	at java.util.concurrent.FutureTask.run(FutureTask.java:266)
	at java.util.concurrent.ThreadPoolExecutor.runWorker(ThreadPoolExecutor.java:1149)
	at java.util.concurrent.ThreadPoolExecutor$Worker.run(ThreadPoolExecutor.java:624)
	... 1 more
Caused by: org.apache.ratis.thirdparty.io.netty.channel.AbstractChannel$AnnotatedConnectException: Connection refused: /192.168.151.72:44174
	at sun.nio.ch.SocketChannelImpl.checkConnect(Native Method)
	at sun.nio.ch.SocketChannelImpl.finishConnect(SocketChannelImpl.java:717)
	at org.apache.ratis.thirdparty.io.netty.channel.socket.nio.NioSocketChannel.doFinishConnect(NioSocketChannel.java:327)
	at org.apache.ratis.thirdparty.io.netty.channel.nio.AbstractNioChannel$AbstractNioUnsafe.finishConnect(AbstractNioChannel.java:340)
	at org.apache.ratis.thirdparty.io.netty.channel.nio.NioEventLoop.processSelectedKey(NioEventLoop.java:632)
	at org.apache.ratis.thirdparty.io.netty.channel.nio.NioEventLoop.processSelectedKeysOptimized(NioEventLoop.java:579)
	at org.apache.ratis.thirdparty.io.netty.channel.nio.NioEventLoop.processSelectedKeys(NioEventLoop.java:496)
	at org.apache.ratis.thirdparty.io.netty.channel.nio.NioEventLoop.run(NioEventLoop.java:458)
	at org.apache.ratis.thirdparty.io.netty.util.concurrent.SingleThreadEventExecutor$5.run(SingleThreadEventExecutor.java:897)
	at org.apache.ratis.thirdparty.io.netty.util.concurrent.FastThreadLocalRunnable.run(FastThreadLocalRunnable.java:30)
	... 1 more
Caused by: java.net.ConnectException: Connection refused
	... 11 more
2019-09-17 14:55:23,054 [24ee45b5-4e6b-4499-8d3c-0bcd5a303b6d@group-218101269A2C:LeaderElection42] INFO  impl.LeaderElection (LogUtils.java:infoOrTrace(149)) -   Exception 1: {}
java.util.concurrent.ExecutionException: org.apache.ratis.thirdparty.io.grpc.StatusRuntimeException: UNAVAILABLE: io exception
	at java.util.concurrent.FutureTask.report(FutureTask.java:122)
	at java.util.concurrent.FutureTask.get(FutureTask.java:192)
	at org.apache.ratis.server.impl.LeaderElection.waitForResults(LeaderElection.java:263)
	at org.apache.ratis.server.impl.LeaderElection.askForVotes(LeaderElection.java:201)
	at org.apache.ratis.server.impl.LeaderElection.run(LeaderElection.java:133)
	at java.lang.Thread.run(Thread.java:748)
Caused by: org.apache.ratis.thirdparty.io.grpc.StatusRuntimeException: UNAVAILABLE: io exception
	at org.apache.ratis.thirdparty.io.grpc.stub.ClientCalls.toStatusRuntimeException(ClientCalls.java:233)
	at org.apache.ratis.thirdparty.io.grpc.stub.ClientCalls.getUnchecked(ClientCalls.java:214)
	at org.apache.ratis.thirdparty.io.grpc.stub.ClientCalls.blockingUnaryCall(ClientCalls.java:139)
	at org.apache.ratis.proto.grpc.RaftServerProtocolServiceGrpc$RaftServerProtocolServiceBlockingStub.requestVote(RaftServerProtocolServiceGrpc.java:265)
	at org.apache.ratis.grpc.server.GrpcServerProtocolClient.requestVote(GrpcServerProtocolClient.java:90)
	at org.apache.ratis.grpc.server.GrpcService.requestVote(GrpcService.java:204)
	at org.apache.ratis.server.impl.LeaderElection.lambda$submitRequests$1(LeaderElection.java:238)
	at java.util.concurrent.FutureTask.run(FutureTask.java:266)
	at java.util.concurrent.Executors$RunnableAdapter.call(Executors.java:511)
	at java.util.concurrent.FutureTask.run(FutureTask.java:266)
	at java.util.concurrent.ThreadPoolExecutor.runWorker(ThreadPoolExecutor.java:1149)
	at java.util.concurrent.ThreadPoolExecutor$Worker.run(ThreadPoolExecutor.java:624)
	... 1 more
Caused by: org.apache.ratis.thirdparty.io.netty.channel.AbstractChannel$AnnotatedConnectException: Connection refused: /192.168.151.72:38991
	at sun.nio.ch.SocketChannelImpl.checkConnect(Native Method)
	at sun.nio.ch.SocketChannelImpl.finishConnect(SocketChannelImpl.java:717)
	at org.apache.ratis.thirdparty.io.netty.channel.socket.nio.NioSocketChannel.doFinishConnect(NioSocketChannel.java:327)
	at org.apache.ratis.thirdparty.io.netty.channel.nio.AbstractNioChannel$AbstractNioUnsafe.finishConnect(AbstractNioChannel.java:340)
	at org.apache.ratis.thirdparty.io.netty.channel.nio.NioEventLoop.processSelectedKey(NioEventLoop.java:632)
	at org.apache.ratis.thirdparty.io.netty.channel.nio.NioEventLoop.processSelectedKeysOptimized(NioEventLoop.java:579)
	at org.apache.ratis.thirdparty.io.netty.channel.nio.NioEventLoop.processSelectedKeys(NioEventLoop.java:496)
	at org.apache.ratis.thirdparty.io.netty.channel.nio.NioEventLoop.run(NioEventLoop.java:458)
	at org.apache.ratis.thirdparty.io.netty.util.concurrent.SingleThreadEventExecutor$5.run(SingleThreadEventExecutor.java:897)
	at org.apache.ratis.thirdparty.io.netty.util.concurrent.FastThreadLocalRunnable.run(FastThreadLocalRunnable.java:30)
	... 1 more
Caused by: java.net.ConnectException: Connection refused
	... 11 more
2019-09-17 14:55:23,055 [24ee45b5-4e6b-4499-8d3c-0bcd5a303b6d@group-218101269A2C:LeaderElection42] INFO  impl.RaftServerImpl (RaftServerImpl.java:setRole(174)) - 24ee45b5-4e6b-4499-8d3c-0bcd5a303b6d@group-218101269A2C: changes role from CANDIDATE to FOLLOWER at term 21 for DISCOVERED_A_NEW_TERM
2019-09-17 14:55:23,055 [24ee45b5-4e6b-4499-8d3c-0bcd5a303b6d@group-218101269A2C:LeaderElection42] INFO  impl.RoleInfo (RoleInfo.java:shutdownLeaderElection(134)) - 24ee45b5-4e6b-4499-8d3c-0bcd5a303b6d: shutdown LeaderElection
2019-09-17 14:55:23,055 [24ee45b5-4e6b-4499-8d3c-0bcd5a303b6d@group-218101269A2C:LeaderElection42] INFO  impl.RoleInfo (RoleInfo.java:updateAndGet(143)) - 24ee45b5-4e6b-4499-8d3c-0bcd5a303b6d: start FollowerState
2019-09-17 14:55:23,411 [java.util.concurrent.ThreadPoolExecutor$Worker@486b56da[State = -1, empty queue]] WARN  server.GrpcLogAppender (GrpcLogAppender.java:timeoutAppendRequest(200)) - 64dc86e1-b58a-47fa-9209-c80a04613504@group-85515DBFC7EF->296d1e6a-4d03-4625-a926-8603881e9a06-GrpcLogAppender: appendEntries Timeout, request=64dc86e1-b58a-47fa-9209-c80a04613504->296d1e6a-4d03-4625-a926-8603881e9a06#130-t2, previous=(t:2, i:20), leaderCommit=16, initializing? false, entries: <empty>
2019-09-17 14:55:23,411 [java.util.concurrent.ThreadPoolExecutor$Worker@1fe41ca9[State = -1, empty queue]] WARN  server.GrpcLogAppender (GrpcLogAppender.java:timeoutAppendRequest(200)) - 64dc86e1-b58a-47fa-9209-c80a04613504@group-85515DBFC7EF->0d659ca8-8d3f-4ad5-ad2a-cdb4ab88523b-GrpcLogAppender: appendEntries Timeout, request=64dc86e1-b58a-47fa-9209-c80a04613504->0d659ca8-8d3f-4ad5-ad2a-cdb4ab88523b#130-t2, previous=(t:2, i:20), leaderCommit=16, initializing? false, entries: <empty>
2019-09-17 14:55:23,489 [java.util.concurrent.ThreadPoolExecutor$Worker@5ab404d3[State = -1, empty queue]] WARN  server.GrpcLogAppender (GrpcLogAppender.java:timeoutAppendRequest(200)) - 9b5674b6-1da3-4a18-a3b1-2bf65c31b2e5@group-A10EF1BAEC68->55160a25-c10a-4fac-977f-ea88e555cd0f-GrpcLogAppender: appendEntries Timeout, request=9b5674b6-1da3-4a18-a3b1-2bf65c31b2e5->55160a25-c10a-4fac-977f-ea88e555cd0f#143-t2, previous=(t:2, i:34), leaderCommit=30, initializing? false, entries: <empty>
2019-09-17 14:55:23,489 [java.util.concurrent.ThreadPoolExecutor$Worker@16fd9795[State = -1, empty queue]] WARN  server.GrpcLogAppender (GrpcLogAppender.java:timeoutAppendRequest(200)) - 9b5674b6-1da3-4a18-a3b1-2bf65c31b2e5@group-A10EF1BAEC68->87bd24bf-ffb9-4c07-ac8f-086f94142b7e-GrpcLogAppender: appendEntries Timeout, request=9b5674b6-1da3-4a18-a3b1-2bf65c31b2e5->87bd24bf-ffb9-4c07-ac8f-086f94142b7e#143-t2, previous=(t:2, i:34), leaderCommit=30, initializing? false, entries: <empty>
2019-09-17 14:55:23,912 [java.util.concurrent.ThreadPoolExecutor$Worker@1fe41ca9[State = -1, empty queue]] WARN  server.GrpcLogAppender (GrpcLogAppender.java:timeoutAppendRequest(200)) - 64dc86e1-b58a-47fa-9209-c80a04613504@group-85515DBFC7EF->0d659ca8-8d3f-4ad5-ad2a-cdb4ab88523b-GrpcLogAppender: appendEntries Timeout, request=64dc86e1-b58a-47fa-9209-c80a04613504->0d659ca8-8d3f-4ad5-ad2a-cdb4ab88523b#131-t2, previous=(t:2, i:20), leaderCommit=16, initializing? false, entries: <empty>
2019-09-17 14:55:23,912 [java.util.concurrent.ThreadPoolExecutor$Worker@486b56da[State = -1, empty queue]] WARN  server.GrpcLogAppender (GrpcLogAppender.java:timeoutAppendRequest(200)) - 64dc86e1-b58a-47fa-9209-c80a04613504@group-85515DBFC7EF->296d1e6a-4d03-4625-a926-8603881e9a06-GrpcLogAppender: appendEntries Timeout, request=64dc86e1-b58a-47fa-9209-c80a04613504->296d1e6a-4d03-4625-a926-8603881e9a06#131-t2, previous=(t:2, i:20), leaderCommit=16, initializing? false, entries: <empty>
2019-09-17 14:55:23,989 [java.util.concurrent.ThreadPoolExecutor$Worker@16fd9795[State = -1, empty queue]] WARN  server.GrpcLogAppender (GrpcLogAppender.java:timeoutAppendRequest(200)) - 9b5674b6-1da3-4a18-a3b1-2bf65c31b2e5@group-A10EF1BAEC68->87bd24bf-ffb9-4c07-ac8f-086f94142b7e-GrpcLogAppender: appendEntries Timeout, request=9b5674b6-1da3-4a18-a3b1-2bf65c31b2e5->87bd24bf-ffb9-4c07-ac8f-086f94142b7e#144-t2, previous=(t:2, i:34), leaderCommit=30, initializing? false, entries: <empty>
2019-09-17 14:55:23,989 [java.util.concurrent.ThreadPoolExecutor$Worker@5ab404d3[State = -1, empty queue]] WARN  server.GrpcLogAppender (GrpcLogAppender.java:timeoutAppendRequest(200)) - 9b5674b6-1da3-4a18-a3b1-2bf65c31b2e5@group-A10EF1BAEC68->55160a25-c10a-4fac-977f-ea88e555cd0f-GrpcLogAppender: appendEntries Timeout, request=9b5674b6-1da3-4a18-a3b1-2bf65c31b2e5->55160a25-c10a-4fac-977f-ea88e555cd0f#144-t2, previous=(t:2, i:34), leaderCommit=30, initializing? false, entries: <empty>
2019-09-17 14:55:24,246 [Thread-1351] INFO  impl.FollowerState (FollowerState.java:run(106)) - 24ee45b5-4e6b-4499-8d3c-0bcd5a303b6d:group-218101269A2C changes to CANDIDATE, lastRpcTime:1190, electionTimeout:1190ms
2019-09-17 14:55:24,246 [Thread-1351] INFO  impl.RoleInfo (RoleInfo.java:shutdownFollowerState(121)) - 24ee45b5-4e6b-4499-8d3c-0bcd5a303b6d: shutdown FollowerState
2019-09-17 14:55:24,246 [Thread-1351] INFO  impl.RaftServerImpl (RaftServerImpl.java:setRole(174)) - 24ee45b5-4e6b-4499-8d3c-0bcd5a303b6d@group-218101269A2C: changes role from  FOLLOWER to CANDIDATE at term 21 for changeToCandidate
2019-09-17 14:55:24,246 [Thread-1351] INFO  impl.RoleInfo (RoleInfo.java:updateAndGet(143)) - 24ee45b5-4e6b-4499-8d3c-0bcd5a303b6d: start LeaderElection
2019-09-17 14:55:24,262 [24ee45b5-4e6b-4499-8d3c-0bcd5a303b6d@group-218101269A2C:LeaderElection43] INFO  impl.LeaderElection (LeaderElection.java:askForVotes(182)) - 24ee45b5-4e6b-4499-8d3c-0bcd5a303b6d@group-218101269A2C:LeaderElection43: begin an election at term 22 for 17: [bbb4e265-cb6b-4caa-8b5d-65801261426c:192.168.151.72:38991, 5824bb7b-23b5-4080-8c55-4e36ce35b3ee:192.168.151.72:44174, 24ee45b5-4e6b-4499-8d3c-0bcd5a303b6d:192.168.151.72:44891], old=null
2019-09-17 14:55:24,264 [24ee45b5-4e6b-4499-8d3c-0bcd5a303b6d@group-218101269A2C:LeaderElection43] INFO  impl.LeaderElection (LogUtils.java:infoOrTrace(149)) - 24ee45b5-4e6b-4499-8d3c-0bcd5a303b6d@group-218101269A2C:LeaderElection43 got exception when requesting votes: {}
java.util.concurrent.ExecutionException: org.apache.ratis.thirdparty.io.grpc.StatusRuntimeException: UNAVAILABLE: io exception
	at java.util.concurrent.FutureTask.report(FutureTask.java:122)
	at java.util.concurrent.FutureTask.get(FutureTask.java:192)
	at org.apache.ratis.server.impl.LeaderElection.waitForResults(LeaderElection.java:263)
	at org.apache.ratis.server.impl.LeaderElection.askForVotes(LeaderElection.java:201)
	at org.apache.ratis.server.impl.LeaderElection.run(LeaderElection.java:133)
	at java.lang.Thread.run(Thread.java:748)
Caused by: org.apache.ratis.thirdparty.io.grpc.StatusRuntimeException: UNAVAILABLE: io exception
	at org.apache.ratis.thirdparty.io.grpc.stub.ClientCalls.toStatusRuntimeException(ClientCalls.java:233)
	at org.apache.ratis.thirdparty.io.grpc.stub.ClientCalls.getUnchecked(ClientCalls.java:214)
	at org.apache.ratis.thirdparty.io.grpc.stub.ClientCalls.blockingUnaryCall(ClientCalls.java:139)
	at org.apache.ratis.proto.grpc.RaftServerProtocolServiceGrpc$RaftServerProtocolServiceBlockingStub.requestVote(RaftServerProtocolServiceGrpc.java:265)
	at org.apache.ratis.grpc.server.GrpcServerProtocolClient.requestVote(GrpcServerProtocolClient.java:90)
	at org.apache.ratis.grpc.server.GrpcService.requestVote(GrpcService.java:204)
	at org.apache.ratis.server.impl.LeaderElection.lambda$submitRequests$1(LeaderElection.java:238)
	at java.util.concurrent.FutureTask.run(FutureTask.java:266)
	at java.util.concurrent.Executors$RunnableAdapter.call(Executors.java:511)
	at java.util.concurrent.FutureTask.run(FutureTask.java:266)
	at java.util.concurrent.ThreadPoolExecutor.runWorker(ThreadPoolExecutor.java:1149)
	at java.util.concurrent.ThreadPoolExecutor$Worker.run(ThreadPoolExecutor.java:624)
	... 1 more
Caused by: org.apache.ratis.thirdparty.io.netty.channel.AbstractChannel$AnnotatedConnectException: Connection refused: /192.168.151.72:38991
	at sun.nio.ch.SocketChannelImpl.checkConnect(Native Method)
	at sun.nio.ch.SocketChannelImpl.finishConnect(SocketChannelImpl.java:717)
	at org.apache.ratis.thirdparty.io.netty.channel.socket.nio.NioSocketChannel.doFinishConnect(NioSocketChannel.java:327)
	at org.apache.ratis.thirdparty.io.netty.channel.nio.AbstractNioChannel$AbstractNioUnsafe.finishConnect(AbstractNioChannel.java:340)
	at org.apache.ratis.thirdparty.io.netty.channel.nio.NioEventLoop.processSelectedKey(NioEventLoop.java:632)
	at org.apache.ratis.thirdparty.io.netty.channel.nio.NioEventLoop.processSelectedKeysOptimized(NioEventLoop.java:579)
	at org.apache.ratis.thirdparty.io.netty.channel.nio.NioEventLoop.processSelectedKeys(NioEventLoop.java:496)
	at org.apache.ratis.thirdparty.io.netty.channel.nio.NioEventLoop.run(NioEventLoop.java:458)
	at org.apache.ratis.thirdparty.io.netty.util.concurrent.SingleThreadEventExecutor$5.run(SingleThreadEventExecutor.java:897)
	at org.apache.ratis.thirdparty.io.netty.util.concurrent.FastThreadLocalRunnable.run(FastThreadLocalRunnable.java:30)
	... 1 more
Caused by: java.net.ConnectException: Connection refused
	... 11 more
2019-09-17 14:55:24,267 [24ee45b5-4e6b-4499-8d3c-0bcd5a303b6d@group-218101269A2C:LeaderElection43] INFO  impl.LeaderElection (LogUtils.java:infoOrTrace(149)) - 24ee45b5-4e6b-4499-8d3c-0bcd5a303b6d@group-218101269A2C:LeaderElection43 got exception when requesting votes: {}
java.util.concurrent.ExecutionException: org.apache.ratis.thirdparty.io.grpc.StatusRuntimeException: UNAVAILABLE: io exception
	at java.util.concurrent.FutureTask.report(FutureTask.java:122)
	at java.util.concurrent.FutureTask.get(FutureTask.java:192)
	at org.apache.ratis.server.impl.LeaderElection.waitForResults(LeaderElection.java:263)
	at org.apache.ratis.server.impl.LeaderElection.askForVotes(LeaderElection.java:201)
	at org.apache.ratis.server.impl.LeaderElection.run(LeaderElection.java:133)
	at java.lang.Thread.run(Thread.java:748)
Caused by: org.apache.ratis.thirdparty.io.grpc.StatusRuntimeException: UNAVAILABLE: io exception
	at org.apache.ratis.thirdparty.io.grpc.stub.ClientCalls.toStatusRuntimeException(ClientCalls.java:233)
	at org.apache.ratis.thirdparty.io.grpc.stub.ClientCalls.getUnchecked(ClientCalls.java:214)
	at org.apache.ratis.thirdparty.io.grpc.stub.ClientCalls.blockingUnaryCall(ClientCalls.java:139)
	at org.apache.ratis.proto.grpc.RaftServerProtocolServiceGrpc$RaftServerProtocolServiceBlockingStub.requestVote(RaftServerProtocolServiceGrpc.java:265)
	at org.apache.ratis.grpc.server.GrpcServerProtocolClient.requestVote(GrpcServerProtocolClient.java:90)
	at org.apache.ratis.grpc.server.GrpcService.requestVote(GrpcService.java:204)
	at org.apache.ratis.server.impl.LeaderElection.lambda$submitRequests$1(LeaderElection.java:238)
	at java.util.concurrent.FutureTask.run(FutureTask.java:266)
	at java.util.concurrent.Executors$RunnableAdapter.call(Executors.java:511)
	at java.util.concurrent.FutureTask.run(FutureTask.java:266)
	at java.util.concurrent.ThreadPoolExecutor.runWorker(ThreadPoolExecutor.java:1149)
	at java.util.concurrent.ThreadPoolExecutor$Worker.run(ThreadPoolExecutor.java:624)
	... 1 more
Caused by: org.apache.ratis.thirdparty.io.netty.channel.AbstractChannel$AnnotatedConnectException: Connection refused: /192.168.151.72:44174
	at sun.nio.ch.SocketChannelImpl.checkConnect(Native Method)
	at sun.nio.ch.SocketChannelImpl.finishConnect(SocketChannelImpl.java:717)
	at org.apache.ratis.thirdparty.io.netty.channel.socket.nio.NioSocketChannel.doFinishConnect(NioSocketChannel.java:327)
	at org.apache.ratis.thirdparty.io.netty.channel.nio.AbstractNioChannel$AbstractNioUnsafe.finishConnect(AbstractNioChannel.java:340)
	at org.apache.ratis.thirdparty.io.netty.channel.nio.NioEventLoop.processSelectedKey(NioEventLoop.java:632)
	at org.apache.ratis.thirdparty.io.netty.channel.nio.NioEventLoop.processSelectedKeysOptimized(NioEventLoop.java:579)
	at org.apache.ratis.thirdparty.io.netty.channel.nio.NioEventLoop.processSelectedKeys(NioEventLoop.java:496)
	at org.apache.ratis.thirdparty.io.netty.channel.nio.NioEventLoop.run(NioEventLoop.java:458)
	at org.apache.ratis.thirdparty.io.netty.util.concurrent.SingleThreadEventExecutor$5.run(SingleThreadEventExecutor.java:897)
	at org.apache.ratis.thirdparty.io.netty.util.concurrent.FastThreadLocalRunnable.run(FastThreadLocalRunnable.java:30)
	... 1 more
Caused by: java.net.ConnectException: Connection refused
	... 11 more
2019-09-17 14:55:24,270 [24ee45b5-4e6b-4499-8d3c-0bcd5a303b6d@group-218101269A2C:LeaderElection43] INFO  impl.LeaderElection (LeaderElection.java:logAndReturn(56)) - 24ee45b5-4e6b-4499-8d3c-0bcd5a303b6d@group-218101269A2C:LeaderElection43: Election REJECTED; received 0 response(s) [] and 2 exception(s); 24ee45b5-4e6b-4499-8d3c-0bcd5a303b6d@group-218101269A2C:t22, leader=null, voted=24ee45b5-4e6b-4499-8d3c-0bcd5a303b6d, raftlog=24ee45b5-4e6b-4499-8d3c-0bcd5a303b6d@group-218101269A2C-SegmentedRaftLog:OPENED:c29,f29,i29, conf=17: [bbb4e265-cb6b-4caa-8b5d-65801261426c:192.168.151.72:38991, 5824bb7b-23b5-4080-8c55-4e36ce35b3ee:192.168.151.72:44174, 24ee45b5-4e6b-4499-8d3c-0bcd5a303b6d:192.168.151.72:44891], old=null
2019-09-17 14:55:24,270 [24ee45b5-4e6b-4499-8d3c-0bcd5a303b6d@group-218101269A2C:LeaderElection43] INFO  impl.LeaderElection (LogUtils.java:infoOrTrace(149)) -   Exception 0: {}
java.util.concurrent.ExecutionException: org.apache.ratis.thirdparty.io.grpc.StatusRuntimeException: UNAVAILABLE: io exception
	at java.util.concurrent.FutureTask.report(FutureTask.java:122)
	at java.util.concurrent.FutureTask.get(FutureTask.java:192)
	at org.apache.ratis.server.impl.LeaderElection.waitForResults(LeaderElection.java:263)
	at org.apache.ratis.server.impl.LeaderElection.askForVotes(LeaderElection.java:201)
	at org.apache.ratis.server.impl.LeaderElection.run(LeaderElection.java:133)
	at java.lang.Thread.run(Thread.java:748)
Caused by: org.apache.ratis.thirdparty.io.grpc.StatusRuntimeException: UNAVAILABLE: io exception
	at org.apache.ratis.thirdparty.io.grpc.stub.ClientCalls.toStatusRuntimeException(ClientCalls.java:233)
	at org.apache.ratis.thirdparty.io.grpc.stub.ClientCalls.getUnchecked(ClientCalls.java:214)
	at org.apache.ratis.thirdparty.io.grpc.stub.ClientCalls.blockingUnaryCall(ClientCalls.java:139)
	at org.apache.ratis.proto.grpc.RaftServerProtocolServiceGrpc$RaftServerProtocolServiceBlockingStub.requestVote(RaftServerProtocolServiceGrpc.java:265)
	at org.apache.ratis.grpc.server.GrpcServerProtocolClient.requestVote(GrpcServerProtocolClient.java:90)
	at org.apache.ratis.grpc.server.GrpcService.requestVote(GrpcService.java:204)
	at org.apache.ratis.server.impl.LeaderElection.lambda$submitRequests$1(LeaderElection.java:238)
	at java.util.concurrent.FutureTask.run(FutureTask.java:266)
	at java.util.concurrent.Executors$RunnableAdapter.call(Executors.java:511)
	at java.util.concurrent.FutureTask.run(FutureTask.java:266)
	at java.util.concurrent.ThreadPoolExecutor.runWorker(ThreadPoolExecutor.java:1149)
	at java.util.concurrent.ThreadPoolExecutor$Worker.run(ThreadPoolExecutor.java:624)
	... 1 more
Caused by: org.apache.ratis.thirdparty.io.netty.channel.AbstractChannel$AnnotatedConnectException: Connection refused: /192.168.151.72:38991
	at sun.nio.ch.SocketChannelImpl.checkConnect(Native Method)
	at sun.nio.ch.SocketChannelImpl.finishConnect(SocketChannelImpl.java:717)
	at org.apache.ratis.thirdparty.io.netty.channel.socket.nio.NioSocketChannel.doFinishConnect(NioSocketChannel.java:327)
	at org.apache.ratis.thirdparty.io.netty.channel.nio.AbstractNioChannel$AbstractNioUnsafe.finishConnect(AbstractNioChannel.java:340)
	at org.apache.ratis.thirdparty.io.netty.channel.nio.NioEventLoop.processSelectedKey(NioEventLoop.java:632)
	at org.apache.ratis.thirdparty.io.netty.channel.nio.NioEventLoop.processSelectedKeysOptimized(NioEventLoop.java:579)
	at org.apache.ratis.thirdparty.io.netty.channel.nio.NioEventLoop.processSelectedKeys(NioEventLoop.java:496)
	at org.apache.ratis.thirdparty.io.netty.channel.nio.NioEventLoop.run(NioEventLoop.java:458)
	at org.apache.ratis.thirdparty.io.netty.util.concurrent.SingleThreadEventExecutor$5.run(SingleThreadEventExecutor.java:897)
	at org.apache.ratis.thirdparty.io.netty.util.concurrent.FastThreadLocalRunnable.run(FastThreadLocalRunnable.java:30)
	... 1 more
Caused by: java.net.ConnectException: Connection refused
	... 11 more
2019-09-17 14:55:24,270 [24ee45b5-4e6b-4499-8d3c-0bcd5a303b6d@group-218101269A2C:LeaderElection43] INFO  impl.LeaderElection (LogUtils.java:infoOrTrace(149)) -   Exception 1: {}
java.util.concurrent.ExecutionException: org.apache.ratis.thirdparty.io.grpc.StatusRuntimeException: UNAVAILABLE: io exception
	at java.util.concurrent.FutureTask.report(FutureTask.java:122)
	at java.util.concurrent.FutureTask.get(FutureTask.java:192)
	at org.apache.ratis.server.impl.LeaderElection.waitForResults(LeaderElection.java:263)
	at org.apache.ratis.server.impl.LeaderElection.askForVotes(LeaderElection.java:201)
	at org.apache.ratis.server.impl.LeaderElection.run(LeaderElection.java:133)
	at java.lang.Thread.run(Thread.java:748)
Caused by: org.apache.ratis.thirdparty.io.grpc.StatusRuntimeException: UNAVAILABLE: io exception
	at org.apache.ratis.thirdparty.io.grpc.stub.ClientCalls.toStatusRuntimeException(ClientCalls.java:233)
	at org.apache.ratis.thirdparty.io.grpc.stub.ClientCalls.getUnchecked(ClientCalls.java:214)
	at org.apache.ratis.thirdparty.io.grpc.stub.ClientCalls.blockingUnaryCall(ClientCalls.java:139)
	at org.apache.ratis.proto.grpc.RaftServerProtocolServiceGrpc$RaftServerProtocolServiceBlockingStub.requestVote(RaftServerProtocolServiceGrpc.java:265)
	at org.apache.ratis.grpc.server.GrpcServerProtocolClient.requestVote(GrpcServerProtocolClient.java:90)
	at org.apache.ratis.grpc.server.GrpcService.requestVote(GrpcService.java:204)
	at org.apache.ratis.server.impl.LeaderElection.lambda$submitRequests$1(LeaderElection.java:238)
	at java.util.concurrent.FutureTask.run(FutureTask.java:266)
	at java.util.concurrent.Executors$RunnableAdapter.call(Executors.java:511)
	at java.util.concurrent.FutureTask.run(FutureTask.java:266)
	at java.util.concurrent.ThreadPoolExecutor.runWorker(ThreadPoolExecutor.java:1149)
	at java.util.concurrent.ThreadPoolExecutor$Worker.run(ThreadPoolExecutor.java:624)
	... 1 more
Caused by: org.apache.ratis.thirdparty.io.netty.channel.AbstractChannel$AnnotatedConnectException: Connection refused: /192.168.151.72:44174
	at sun.nio.ch.SocketChannelImpl.checkConnect(Native Method)
	at sun.nio.ch.SocketChannelImpl.finishConnect(SocketChannelImpl.java:717)
	at org.apache.ratis.thirdparty.io.netty.channel.socket.nio.NioSocketChannel.doFinishConnect(NioSocketChannel.java:327)
	at org.apache.ratis.thirdparty.io.netty.channel.nio.AbstractNioChannel$AbstractNioUnsafe.finishConnect(AbstractNioChannel.java:340)
	at org.apache.ratis.thirdparty.io.netty.channel.nio.NioEventLoop.processSelectedKey(NioEventLoop.java:632)
	at org.apache.ratis.thirdparty.io.netty.channel.nio.NioEventLoop.processSelectedKeysOptimized(NioEventLoop.java:579)
	at org.apache.ratis.thirdparty.io.netty.channel.nio.NioEventLoop.processSelectedKeys(NioEventLoop.java:496)
	at org.apache.ratis.thirdparty.io.netty.channel.nio.NioEventLoop.run(NioEventLoop.java:458)
	at org.apache.ratis.thirdparty.io.netty.util.concurrent.SingleThreadEventExecutor$5.run(SingleThreadEventExecutor.java:897)
	at org.apache.ratis.thirdparty.io.netty.util.concurrent.FastThreadLocalRunnable.run(FastThreadLocalRunnable.java:30)
	... 1 more
Caused by: java.net.ConnectException: Connection refused
	... 11 more
2019-09-17 14:55:24,271 [24ee45b5-4e6b-4499-8d3c-0bcd5a303b6d@group-218101269A2C:LeaderElection43] INFO  impl.RaftServerImpl (RaftServerImpl.java:setRole(174)) - 24ee45b5-4e6b-4499-8d3c-0bcd5a303b6d@group-218101269A2C: changes role from CANDIDATE to FOLLOWER at term 22 for DISCOVERED_A_NEW_TERM
2019-09-17 14:55:24,271 [24ee45b5-4e6b-4499-8d3c-0bcd5a303b6d@group-218101269A2C:LeaderElection43] INFO  impl.RoleInfo (RoleInfo.java:shutdownLeaderElection(134)) - 24ee45b5-4e6b-4499-8d3c-0bcd5a303b6d: shutdown LeaderElection
2019-09-17 14:55:24,271 [24ee45b5-4e6b-4499-8d3c-0bcd5a303b6d@group-218101269A2C:LeaderElection43] INFO  impl.RoleInfo (RoleInfo.java:updateAndGet(143)) - 24ee45b5-4e6b-4499-8d3c-0bcd5a303b6d: start FollowerState
2019-09-17 14:55:24,413 [java.util.concurrent.ThreadPoolExecutor$Worker@1fe41ca9[State = -1, empty queue]] WARN  server.GrpcLogAppender (GrpcLogAppender.java:timeoutAppendRequest(200)) - 64dc86e1-b58a-47fa-9209-c80a04613504@group-85515DBFC7EF->0d659ca8-8d3f-4ad5-ad2a-cdb4ab88523b-GrpcLogAppender: appendEntries Timeout, request=64dc86e1-b58a-47fa-9209-c80a04613504->0d659ca8-8d3f-4ad5-ad2a-cdb4ab88523b#132-t2, previous=(t:2, i:20), leaderCommit=16, initializing? false, entries: <empty>
2019-09-17 14:55:24,413 [java.util.concurrent.ThreadPoolExecutor$Worker@486b56da[State = -1, empty queue]] WARN  server.GrpcLogAppender (GrpcLogAppender.java:timeoutAppendRequest(200)) - 64dc86e1-b58a-47fa-9209-c80a04613504@group-85515DBFC7EF->296d1e6a-4d03-4625-a926-8603881e9a06-GrpcLogAppender: appendEntries Timeout, request=64dc86e1-b58a-47fa-9209-c80a04613504->296d1e6a-4d03-4625-a926-8603881e9a06#132-t2, previous=(t:2, i:20), leaderCommit=16, initializing? false, entries: <empty>
2019-09-17 14:55:24,490 [java.util.concurrent.ThreadPoolExecutor$Worker@5ab404d3[State = -1, empty queue]] WARN  server.GrpcLogAppender (GrpcLogAppender.java:timeoutAppendRequest(200)) - 9b5674b6-1da3-4a18-a3b1-2bf65c31b2e5@group-A10EF1BAEC68->55160a25-c10a-4fac-977f-ea88e555cd0f-GrpcLogAppender: appendEntries Timeout, request=9b5674b6-1da3-4a18-a3b1-2bf65c31b2e5->55160a25-c10a-4fac-977f-ea88e555cd0f#145-t2, previous=(t:2, i:34), leaderCommit=30, initializing? false, entries: <empty>
2019-09-17 14:55:24,490 [java.util.concurrent.ThreadPoolExecutor$Worker@16fd9795[State = -1, empty queue]] WARN  server.GrpcLogAppender (GrpcLogAppender.java:timeoutAppendRequest(200)) - 9b5674b6-1da3-4a18-a3b1-2bf65c31b2e5@group-A10EF1BAEC68->87bd24bf-ffb9-4c07-ac8f-086f94142b7e-GrpcLogAppender: appendEntries Timeout, request=9b5674b6-1da3-4a18-a3b1-2bf65c31b2e5->87bd24bf-ffb9-4c07-ac8f-086f94142b7e#145-t2, previous=(t:2, i:34), leaderCommit=30, initializing? false, entries: <empty>
2019-09-17 14:55:24,928 [java.util.concurrent.ThreadPoolExecutor$Worker@486b56da[State = -1, empty queue]] WARN  server.GrpcLogAppender (GrpcLogAppender.java:timeoutAppendRequest(200)) - 64dc86e1-b58a-47fa-9209-c80a04613504@group-85515DBFC7EF->296d1e6a-4d03-4625-a926-8603881e9a06-GrpcLogAppender: appendEntries Timeout, request=64dc86e1-b58a-47fa-9209-c80a04613504->296d1e6a-4d03-4625-a926-8603881e9a06#133-t2, previous=(t:2, i:20), leaderCommit=16, initializing? false, entries: <empty>
2019-09-17 14:55:24,928 [java.util.concurrent.ThreadPoolExecutor$Worker@1fe41ca9[State = -1, empty queue]] WARN  server.GrpcLogAppender (GrpcLogAppender.java:timeoutAppendRequest(200)) - 64dc86e1-b58a-47fa-9209-c80a04613504@group-85515DBFC7EF->0d659ca8-8d3f-4ad5-ad2a-cdb4ab88523b-GrpcLogAppender: appendEntries Timeout, request=64dc86e1-b58a-47fa-9209-c80a04613504->0d659ca8-8d3f-4ad5-ad2a-cdb4ab88523b#133-t2, previous=(t:2, i:20), leaderCommit=16, initializing? false, entries: <empty>
2019-09-17 14:55:24,990 [java.util.concurrent.ThreadPoolExecutor$Worker@16fd9795[State = -1, empty queue]] WARN  server.GrpcLogAppender (GrpcLogAppender.java:timeoutAppendRequest(200)) - 9b5674b6-1da3-4a18-a3b1-2bf65c31b2e5@group-A10EF1BAEC68->87bd24bf-ffb9-4c07-ac8f-086f94142b7e-GrpcLogAppender: appendEntries Timeout, request=9b5674b6-1da3-4a18-a3b1-2bf65c31b2e5->87bd24bf-ffb9-4c07-ac8f-086f94142b7e#146-t2, previous=(t:2, i:34), leaderCommit=30, initializing? false, entries: <empty>
2019-09-17 14:55:24,990 [java.util.concurrent.ThreadPoolExecutor$Worker@5ab404d3[State = -1, empty queue]] WARN  server.GrpcLogAppender (GrpcLogAppender.java:timeoutAppendRequest(200)) - 9b5674b6-1da3-4a18-a3b1-2bf65c31b2e5@group-A10EF1BAEC68->55160a25-c10a-4fac-977f-ea88e555cd0f-GrpcLogAppender: appendEntries Timeout, request=9b5674b6-1da3-4a18-a3b1-2bf65c31b2e5->55160a25-c10a-4fac-977f-ea88e555cd0f#146-t2, previous=(t:2, i:34), leaderCommit=30, initializing? false, entries: <empty>
2019-09-17 14:55:25,344 [Thread-1363] INFO  impl.FollowerState (FollowerState.java:run(106)) - 24ee45b5-4e6b-4499-8d3c-0bcd5a303b6d:group-218101269A2C changes to CANDIDATE, lastRpcTime:1072, electionTimeout:1072ms
2019-09-17 14:55:25,344 [Thread-1363] INFO  impl.RoleInfo (RoleInfo.java:shutdownFollowerState(121)) - 24ee45b5-4e6b-4499-8d3c-0bcd5a303b6d: shutdown FollowerState
2019-09-17 14:55:25,344 [Thread-1363] INFO  impl.RaftServerImpl (RaftServerImpl.java:setRole(174)) - 24ee45b5-4e6b-4499-8d3c-0bcd5a303b6d@group-218101269A2C: changes role from  FOLLOWER to CANDIDATE at term 22 for changeToCandidate
2019-09-17 14:55:25,345 [Thread-1363] INFO  impl.RoleInfo (RoleInfo.java:updateAndGet(143)) - 24ee45b5-4e6b-4499-8d3c-0bcd5a303b6d: start LeaderElection
2019-09-17 14:55:25,429 [java.util.concurrent.ThreadPoolExecutor$Worker@486b56da[State = -1, empty queue]] WARN  server.GrpcLogAppender (GrpcLogAppender.java:timeoutAppendRequest(200)) - 64dc86e1-b58a-47fa-9209-c80a04613504@group-85515DBFC7EF->296d1e6a-4d03-4625-a926-8603881e9a06-GrpcLogAppender: appendEntries Timeout, request=64dc86e1-b58a-47fa-9209-c80a04613504->296d1e6a-4d03-4625-a926-8603881e9a06#134-t2, previous=(t:2, i:20), leaderCommit=16, initializing? false, entries: <empty>
2019-09-17 14:55:25,429 [java.util.concurrent.ThreadPoolExecutor$Worker@1fe41ca9[State = -1, empty queue]] WARN  server.GrpcLogAppender (GrpcLogAppender.java:timeoutAppendRequest(200)) - 64dc86e1-b58a-47fa-9209-c80a04613504@group-85515DBFC7EF->0d659ca8-8d3f-4ad5-ad2a-cdb4ab88523b-GrpcLogAppender: appendEntries Timeout, request=64dc86e1-b58a-47fa-9209-c80a04613504->0d659ca8-8d3f-4ad5-ad2a-cdb4ab88523b#134-t2, previous=(t:2, i:20), leaderCommit=16, initializing? false, entries: <empty>
2019-09-17 14:55:25,443 [24ee45b5-4e6b-4499-8d3c-0bcd5a303b6d@group-218101269A2C:LeaderElection44] INFO  impl.LeaderElection (LeaderElection.java:askForVotes(182)) - 24ee45b5-4e6b-4499-8d3c-0bcd5a303b6d@group-218101269A2C:LeaderElection44: begin an election at term 23 for 17: [bbb4e265-cb6b-4caa-8b5d-65801261426c:192.168.151.72:38991, 5824bb7b-23b5-4080-8c55-4e36ce35b3ee:192.168.151.72:44174, 24ee45b5-4e6b-4499-8d3c-0bcd5a303b6d:192.168.151.72:44891], old=null
2019-09-17 14:55:25,445 [24ee45b5-4e6b-4499-8d3c-0bcd5a303b6d@group-218101269A2C:LeaderElection44] INFO  impl.LeaderElection (LogUtils.java:infoOrTrace(149)) - 24ee45b5-4e6b-4499-8d3c-0bcd5a303b6d@group-218101269A2C:LeaderElection44 got exception when requesting votes: {}
java.util.concurrent.ExecutionException: org.apache.ratis.thirdparty.io.grpc.StatusRuntimeException: UNAVAILABLE: io exception
	at java.util.concurrent.FutureTask.report(FutureTask.java:122)
	at java.util.concurrent.FutureTask.get(FutureTask.java:192)
	at org.apache.ratis.server.impl.LeaderElection.waitForResults(LeaderElection.java:263)
	at org.apache.ratis.server.impl.LeaderElection.askForVotes(LeaderElection.java:201)
	at org.apache.ratis.server.impl.LeaderElection.run(LeaderElection.java:133)
	at java.lang.Thread.run(Thread.java:748)
Caused by: org.apache.ratis.thirdparty.io.grpc.StatusRuntimeException: UNAVAILABLE: io exception
	at org.apache.ratis.thirdparty.io.grpc.stub.ClientCalls.toStatusRuntimeException(ClientCalls.java:233)
	at org.apache.ratis.thirdparty.io.grpc.stub.ClientCalls.getUnchecked(ClientCalls.java:214)
	at org.apache.ratis.thirdparty.io.grpc.stub.ClientCalls.blockingUnaryCall(ClientCalls.java:139)
	at org.apache.ratis.proto.grpc.RaftServerProtocolServiceGrpc$RaftServerProtocolServiceBlockingStub.requestVote(RaftServerProtocolServiceGrpc.java:265)
	at org.apache.ratis.grpc.server.GrpcServerProtocolClient.requestVote(GrpcServerProtocolClient.java:90)
	at org.apache.ratis.grpc.server.GrpcService.requestVote(GrpcService.java:204)
	at org.apache.ratis.server.impl.LeaderElection.lambda$submitRequests$1(LeaderElection.java:238)
	at java.util.concurrent.FutureTask.run(FutureTask.java:266)
	at java.util.concurrent.Executors$RunnableAdapter.call(Executors.java:511)
	at java.util.concurrent.FutureTask.run(FutureTask.java:266)
	at java.util.concurrent.ThreadPoolExecutor.runWorker(ThreadPoolExecutor.java:1149)
	at java.util.concurrent.ThreadPoolExecutor$Worker.run(ThreadPoolExecutor.java:624)
	... 1 more
Caused by: org.apache.ratis.thirdparty.io.netty.channel.AbstractChannel$AnnotatedConnectException: Connection refused: /192.168.151.72:38991
	at sun.nio.ch.SocketChannelImpl.checkConnect(Native Method)
	at sun.nio.ch.SocketChannelImpl.finishConnect(SocketChannelImpl.java:717)
	at org.apache.ratis.thirdparty.io.netty.channel.socket.nio.NioSocketChannel.doFinishConnect(NioSocketChannel.java:327)
	at org.apache.ratis.thirdparty.io.netty.channel.nio.AbstractNioChannel$AbstractNioUnsafe.finishConnect(AbstractNioChannel.java:340)
	at org.apache.ratis.thirdparty.io.netty.channel.nio.NioEventLoop.processSelectedKey(NioEventLoop.java:632)
	at org.apache.ratis.thirdparty.io.netty.channel.nio.NioEventLoop.processSelectedKeysOptimized(NioEventLoop.java:579)
	at org.apache.ratis.thirdparty.io.netty.channel.nio.NioEventLoop.processSelectedKeys(NioEventLoop.java:496)
	at org.apache.ratis.thirdparty.io.netty.channel.nio.NioEventLoop.run(NioEventLoop.java:458)
	at org.apache.ratis.thirdparty.io.netty.util.concurrent.SingleThreadEventExecutor$5.run(SingleThreadEventExecutor.java:897)
	at org.apache.ratis.thirdparty.io.netty.util.concurrent.FastThreadLocalRunnable.run(FastThreadLocalRunnable.java:30)
	... 1 more
Caused by: java.net.ConnectException: Connection refused
	... 11 more
2019-09-17 14:55:25,448 [24ee45b5-4e6b-4499-8d3c-0bcd5a303b6d@group-218101269A2C:LeaderElection44] INFO  impl.LeaderElection (LogUtils.java:infoOrTrace(149)) - 24ee45b5-4e6b-4499-8d3c-0bcd5a303b6d@group-218101269A2C:LeaderElection44 got exception when requesting votes: {}
java.util.concurrent.ExecutionException: org.apache.ratis.thirdparty.io.grpc.StatusRuntimeException: UNAVAILABLE: io exception
	at java.util.concurrent.FutureTask.report(FutureTask.java:122)
	at java.util.concurrent.FutureTask.get(FutureTask.java:192)
	at org.apache.ratis.server.impl.LeaderElection.waitForResults(LeaderElection.java:263)
	at org.apache.ratis.server.impl.LeaderElection.askForVotes(LeaderElection.java:201)
	at org.apache.ratis.server.impl.LeaderElection.run(LeaderElection.java:133)
	at java.lang.Thread.run(Thread.java:748)
Caused by: org.apache.ratis.thirdparty.io.grpc.StatusRuntimeException: UNAVAILABLE: io exception
	at org.apache.ratis.thirdparty.io.grpc.stub.ClientCalls.toStatusRuntimeException(ClientCalls.java:233)
	at org.apache.ratis.thirdparty.io.grpc.stub.ClientCalls.getUnchecked(ClientCalls.java:214)
	at org.apache.ratis.thirdparty.io.grpc.stub.ClientCalls.blockingUnaryCall(ClientCalls.java:139)
	at org.apache.ratis.proto.grpc.RaftServerProtocolServiceGrpc$RaftServerProtocolServiceBlockingStub.requestVote(RaftServerProtocolServiceGrpc.java:265)
	at org.apache.ratis.grpc.server.GrpcServerProtocolClient.requestVote(GrpcServerProtocolClient.java:90)
	at org.apache.ratis.grpc.server.GrpcService.requestVote(GrpcService.java:204)
	at org.apache.ratis.server.impl.LeaderElection.lambda$submitRequests$1(LeaderElection.java:238)
	at java.util.concurrent.FutureTask.run(FutureTask.java:266)
	at java.util.concurrent.Executors$RunnableAdapter.call(Executors.java:511)
	at java.util.concurrent.FutureTask.run(FutureTask.java:266)
	at java.util.concurrent.ThreadPoolExecutor.runWorker(ThreadPoolExecutor.java:1149)
	at java.util.concurrent.ThreadPoolExecutor$Worker.run(ThreadPoolExecutor.java:624)
	... 1 more
Caused by: org.apache.ratis.thirdparty.io.netty.channel.AbstractChannel$AnnotatedConnectException: Connection refused: /192.168.151.72:44174
	at sun.nio.ch.SocketChannelImpl.checkConnect(Native Method)
	at sun.nio.ch.SocketChannelImpl.finishConnect(SocketChannelImpl.java:717)
	at org.apache.ratis.thirdparty.io.netty.channel.socket.nio.NioSocketChannel.doFinishConnect(NioSocketChannel.java:327)
	at org.apache.ratis.thirdparty.io.netty.channel.nio.AbstractNioChannel$AbstractNioUnsafe.finishConnect(AbstractNioChannel.java:340)
	at org.apache.ratis.thirdparty.io.netty.channel.nio.NioEventLoop.processSelectedKey(NioEventLoop.java:632)
	at org.apache.ratis.thirdparty.io.netty.channel.nio.NioEventLoop.processSelectedKeysOptimized(NioEventLoop.java:579)
	at org.apache.ratis.thirdparty.io.netty.channel.nio.NioEventLoop.processSelectedKeys(NioEventLoop.java:496)
	at org.apache.ratis.thirdparty.io.netty.channel.nio.NioEventLoop.run(NioEventLoop.java:458)
	at org.apache.ratis.thirdparty.io.netty.util.concurrent.SingleThreadEventExecutor$5.run(SingleThreadEventExecutor.java:897)
	at org.apache.ratis.thirdparty.io.netty.util.concurrent.FastThreadLocalRunnable.run(FastThreadLocalRunnable.java:30)
	... 1 more
Caused by: java.net.ConnectException: Connection refused
	... 11 more
2019-09-17 14:55:25,464 [24ee45b5-4e6b-4499-8d3c-0bcd5a303b6d@group-218101269A2C:LeaderElection44] INFO  impl.LeaderElection (LeaderElection.java:logAndReturn(56)) - 24ee45b5-4e6b-4499-8d3c-0bcd5a303b6d@group-218101269A2C:LeaderElection44: Election REJECTED; received 0 response(s) [] and 2 exception(s); 24ee45b5-4e6b-4499-8d3c-0bcd5a303b6d@group-218101269A2C:t23, leader=null, voted=24ee45b5-4e6b-4499-8d3c-0bcd5a303b6d, raftlog=24ee45b5-4e6b-4499-8d3c-0bcd5a303b6d@group-218101269A2C-SegmentedRaftLog:OPENED:c29,f29,i29, conf=17: [bbb4e265-cb6b-4caa-8b5d-65801261426c:192.168.151.72:38991, 5824bb7b-23b5-4080-8c55-4e36ce35b3ee:192.168.151.72:44174, 24ee45b5-4e6b-4499-8d3c-0bcd5a303b6d:192.168.151.72:44891], old=null
2019-09-17 14:55:25,465 [24ee45b5-4e6b-4499-8d3c-0bcd5a303b6d@group-218101269A2C:LeaderElection44] INFO  impl.LeaderElection (LogUtils.java:infoOrTrace(149)) -   Exception 0: {}
java.util.concurrent.ExecutionException: org.apache.ratis.thirdparty.io.grpc.StatusRuntimeException: UNAVAILABLE: io exception
	at java.util.concurrent.FutureTask.report(FutureTask.java:122)
	at java.util.concurrent.FutureTask.get(FutureTask.java:192)
	at org.apache.ratis.server.impl.LeaderElection.waitForResults(LeaderElection.java:263)
	at org.apache.ratis.server.impl.LeaderElection.askForVotes(LeaderElection.java:201)
	at org.apache.ratis.server.impl.LeaderElection.run(LeaderElection.java:133)
	at java.lang.Thread.run(Thread.java:748)
Caused by: org.apache.ratis.thirdparty.io.grpc.StatusRuntimeException: UNAVAILABLE: io exception
	at org.apache.ratis.thirdparty.io.grpc.stub.ClientCalls.toStatusRuntimeException(ClientCalls.java:233)
	at org.apache.ratis.thirdparty.io.grpc.stub.ClientCalls.getUnchecked(ClientCalls.java:214)
	at org.apache.ratis.thirdparty.io.grpc.stub.ClientCalls.blockingUnaryCall(ClientCalls.java:139)
	at org.apache.ratis.proto.grpc.RaftServerProtocolServiceGrpc$RaftServerProtocolServiceBlockingStub.requestVote(RaftServerProtocolServiceGrpc.java:265)
	at org.apache.ratis.grpc.server.GrpcServerProtocolClient.requestVote(GrpcServerProtocolClient.java:90)
	at org.apache.ratis.grpc.server.GrpcService.requestVote(GrpcService.java:204)
	at org.apache.ratis.server.impl.LeaderElection.lambda$submitRequests$1(LeaderElection.java:238)
	at java.util.concurrent.FutureTask.run(FutureTask.java:266)
	at java.util.concurrent.Executors$RunnableAdapter.call(Executors.java:511)
	at java.util.concurrent.FutureTask.run(FutureTask.java:266)
	at java.util.concurrent.ThreadPoolExecutor.runWorker(ThreadPoolExecutor.java:1149)
	at java.util.concurrent.ThreadPoolExecutor$Worker.run(ThreadPoolExecutor.java:624)
	... 1 more
Caused by: org.apache.ratis.thirdparty.io.netty.channel.AbstractChannel$AnnotatedConnectException: Connection refused: /192.168.151.72:38991
	at sun.nio.ch.SocketChannelImpl.checkConnect(Native Method)
	at sun.nio.ch.SocketChannelImpl.finishConnect(SocketChannelImpl.java:717)
	at org.apache.ratis.thirdparty.io.netty.channel.socket.nio.NioSocketChannel.doFinishConnect(NioSocketChannel.java:327)
	at org.apache.ratis.thirdparty.io.netty.channel.nio.AbstractNioChannel$AbstractNioUnsafe.finishConnect(AbstractNioChannel.java:340)
	at org.apache.ratis.thirdparty.io.netty.channel.nio.NioEventLoop.processSelectedKey(NioEventLoop.java:632)
	at org.apache.ratis.thirdparty.io.netty.channel.nio.NioEventLoop.processSelectedKeysOptimized(NioEventLoop.java:579)
	at org.apache.ratis.thirdparty.io.netty.channel.nio.NioEventLoop.processSelectedKeys(NioEventLoop.java:496)
	at org.apache.ratis.thirdparty.io.netty.channel.nio.NioEventLoop.run(NioEventLoop.java:458)
	at org.apache.ratis.thirdparty.io.netty.util.concurrent.SingleThreadEventExecutor$5.run(SingleThreadEventExecutor.java:897)
	at org.apache.ratis.thirdparty.io.netty.util.concurrent.FastThreadLocalRunnable.run(FastThreadLocalRunnable.java:30)
	... 1 more
Caused by: java.net.ConnectException: Connection refused
	... 11 more
2019-09-17 14:55:25,465 [24ee45b5-4e6b-4499-8d3c-0bcd5a303b6d@group-218101269A2C:LeaderElection44] INFO  impl.LeaderElection (LogUtils.java:infoOrTrace(149)) -   Exception 1: {}
java.util.concurrent.ExecutionException: org.apache.ratis.thirdparty.io.grpc.StatusRuntimeException: UNAVAILABLE: io exception
	at java.util.concurrent.FutureTask.report(FutureTask.java:122)
	at java.util.concurrent.FutureTask.get(FutureTask.java:192)
	at org.apache.ratis.server.impl.LeaderElection.waitForResults(LeaderElection.java:263)
	at org.apache.ratis.server.impl.LeaderElection.askForVotes(LeaderElection.java:201)
	at org.apache.ratis.server.impl.LeaderElection.run(LeaderElection.java:133)
	at java.lang.Thread.run(Thread.java:748)
Caused by: org.apache.ratis.thirdparty.io.grpc.StatusRuntimeException: UNAVAILABLE: io exception
	at org.apache.ratis.thirdparty.io.grpc.stub.ClientCalls.toStatusRuntimeException(ClientCalls.java:233)
	at org.apache.ratis.thirdparty.io.grpc.stub.ClientCalls.getUnchecked(ClientCalls.java:214)
	at org.apache.ratis.thirdparty.io.grpc.stub.ClientCalls.blockingUnaryCall(ClientCalls.java:139)
	at org.apache.ratis.proto.grpc.RaftServerProtocolServiceGrpc$RaftServerProtocolServiceBlockingStub.requestVote(RaftServerProtocolServiceGrpc.java:265)
	at org.apache.ratis.grpc.server.GrpcServerProtocolClient.requestVote(GrpcServerProtocolClient.java:90)
	at org.apache.ratis.grpc.server.GrpcService.requestVote(GrpcService.java:204)
	at org.apache.ratis.server.impl.LeaderElection.lambda$submitRequests$1(LeaderElection.java:238)
	at java.util.concurrent.FutureTask.run(FutureTask.java:266)
	at java.util.concurrent.Executors$RunnableAdapter.call(Executors.java:511)
	at java.util.concurrent.FutureTask.run(FutureTask.java:266)
	at java.util.concurrent.ThreadPoolExecutor.runWorker(ThreadPoolExecutor.java:1149)
	at java.util.concurrent.ThreadPoolExecutor$Worker.run(ThreadPoolExecutor.java:624)
	... 1 more
Caused by: org.apache.ratis.thirdparty.io.netty.channel.AbstractChannel$AnnotatedConnectException: Connection refused: /192.168.151.72:44174
	at sun.nio.ch.SocketChannelImpl.checkConnect(Native Method)
	at sun.nio.ch.SocketChannelImpl.finishConnect(SocketChannelImpl.java:717)
	at org.apache.ratis.thirdparty.io.netty.channel.socket.nio.NioSocketChannel.doFinishConnect(NioSocketChannel.java:327)
	at org.apache.ratis.thirdparty.io.netty.channel.nio.AbstractNioChannel$AbstractNioUnsafe.finishConnect(AbstractNioChannel.java:340)
	at org.apache.ratis.thirdparty.io.netty.channel.nio.NioEventLoop.processSelectedKey(NioEventLoop.java:632)
	at org.apache.ratis.thirdparty.io.netty.channel.nio.NioEventLoop.processSelectedKeysOptimized(NioEventLoop.java:579)
	at org.apache.ratis.thirdparty.io.netty.channel.nio.NioEventLoop.processSelectedKeys(NioEventLoop.java:496)
	at org.apache.ratis.thirdparty.io.netty.channel.nio.NioEventLoop.run(NioEventLoop.java:458)
	at org.apache.ratis.thirdparty.io.netty.util.concurrent.SingleThreadEventExecutor$5.run(SingleThreadEventExecutor.java:897)
	at org.apache.ratis.thirdparty.io.netty.util.concurrent.FastThreadLocalRunnable.run(FastThreadLocalRunnable.java:30)
	... 1 more
Caused by: java.net.ConnectException: Connection refused
	... 11 more
2019-09-17 14:55:25,466 [24ee45b5-4e6b-4499-8d3c-0bcd5a303b6d@group-218101269A2C:LeaderElection44] INFO  impl.RaftServerImpl (RaftServerImpl.java:setRole(174)) - 24ee45b5-4e6b-4499-8d3c-0bcd5a303b6d@group-218101269A2C: changes role from CANDIDATE to FOLLOWER at term 23 for DISCOVERED_A_NEW_TERM
2019-09-17 14:55:25,466 [24ee45b5-4e6b-4499-8d3c-0bcd5a303b6d@group-218101269A2C:LeaderElection44] INFO  impl.RoleInfo (RoleInfo.java:shutdownLeaderElection(134)) - 24ee45b5-4e6b-4499-8d3c-0bcd5a303b6d: shutdown LeaderElection
2019-09-17 14:55:25,466 [24ee45b5-4e6b-4499-8d3c-0bcd5a303b6d@group-218101269A2C:LeaderElection44] INFO  impl.RoleInfo (RoleInfo.java:updateAndGet(143)) - 24ee45b5-4e6b-4499-8d3c-0bcd5a303b6d: start FollowerState
2019-09-17 14:55:25,490 [java.util.concurrent.ThreadPoolExecutor$Worker@16fd9795[State = -1, empty queue]] WARN  server.GrpcLogAppender (GrpcLogAppender.java:timeoutAppendRequest(200)) - 9b5674b6-1da3-4a18-a3b1-2bf65c31b2e5@group-A10EF1BAEC68->87bd24bf-ffb9-4c07-ac8f-086f94142b7e-GrpcLogAppender: appendEntries Timeout, request=9b5674b6-1da3-4a18-a3b1-2bf65c31b2e5->87bd24bf-ffb9-4c07-ac8f-086f94142b7e#147-t2, previous=(t:2, i:34), leaderCommit=30, initializing? false, entries: <empty>
2019-09-17 14:55:25,490 [java.util.concurrent.ThreadPoolExecutor$Worker@5ab404d3[State = -1, empty queue]] WARN  server.GrpcLogAppender (GrpcLogAppender.java:timeoutAppendRequest(200)) - 9b5674b6-1da3-4a18-a3b1-2bf65c31b2e5@group-A10EF1BAEC68->55160a25-c10a-4fac-977f-ea88e555cd0f-GrpcLogAppender: appendEntries Timeout, request=9b5674b6-1da3-4a18-a3b1-2bf65c31b2e5->55160a25-c10a-4fac-977f-ea88e555cd0f#147-t2, previous=(t:2, i:34), leaderCommit=30, initializing? false, entries: <empty>
2019-09-17 14:55:25,930 [java.util.concurrent.ThreadPoolExecutor$Worker@486b56da[State = -1, empty queue]] WARN  server.GrpcLogAppender (GrpcLogAppender.java:timeoutAppendRequest(200)) - 64dc86e1-b58a-47fa-9209-c80a04613504@group-85515DBFC7EF->296d1e6a-4d03-4625-a926-8603881e9a06-GrpcLogAppender: appendEntries Timeout, request=64dc86e1-b58a-47fa-9209-c80a04613504->296d1e6a-4d03-4625-a926-8603881e9a06#135-t2, previous=(t:2, i:20), leaderCommit=16, initializing? false, entries: <empty>
2019-09-17 14:55:25,930 [java.util.concurrent.ThreadPoolExecutor$Worker@1fe41ca9[State = -1, empty queue]] WARN  server.GrpcLogAppender (GrpcLogAppender.java:timeoutAppendRequest(200)) - 64dc86e1-b58a-47fa-9209-c80a04613504@group-85515DBFC7EF->0d659ca8-8d3f-4ad5-ad2a-cdb4ab88523b-GrpcLogAppender: appendEntries Timeout, request=64dc86e1-b58a-47fa-9209-c80a04613504->0d659ca8-8d3f-4ad5-ad2a-cdb4ab88523b#135-t2, previous=(t:2, i:20), leaderCommit=16, initializing? false, entries: <empty>
2019-09-17 14:55:25,991 [java.util.concurrent.ThreadPoolExecutor$Worker@16fd9795[State = -1, empty queue]] WARN  server.GrpcLogAppender (GrpcLogAppender.java:timeoutAppendRequest(200)) - 9b5674b6-1da3-4a18-a3b1-2bf65c31b2e5@group-A10EF1BAEC68->87bd24bf-ffb9-4c07-ac8f-086f94142b7e-GrpcLogAppender: appendEntries Timeout, request=9b5674b6-1da3-4a18-a3b1-2bf65c31b2e5->87bd24bf-ffb9-4c07-ac8f-086f94142b7e#148-t2, previous=(t:2, i:34), leaderCommit=30, initializing? false, entries: <empty>
2019-09-17 14:55:25,991 [java.util.concurrent.ThreadPoolExecutor$Worker@5ab404d3[State = -1, empty queue]] WARN  server.GrpcLogAppender (GrpcLogAppender.java:timeoutAppendRequest(200)) - 9b5674b6-1da3-4a18-a3b1-2bf65c31b2e5@group-A10EF1BAEC68->55160a25-c10a-4fac-977f-ea88e555cd0f-GrpcLogAppender: appendEntries Timeout, request=9b5674b6-1da3-4a18-a3b1-2bf65c31b2e5->55160a25-c10a-4fac-977f-ea88e555cd0f#148-t2, previous=(t:2, i:34), leaderCommit=30, initializing? false, entries: <empty>
2019-09-17 14:55:26,430 [java.util.concurrent.ThreadPoolExecutor$Worker@1fe41ca9[State = -1, empty queue]] WARN  server.GrpcLogAppender (GrpcLogAppender.java:timeoutAppendRequest(200)) - 64dc86e1-b58a-47fa-9209-c80a04613504@group-85515DBFC7EF->0d659ca8-8d3f-4ad5-ad2a-cdb4ab88523b-GrpcLogAppender: appendEntries Timeout, request=64dc86e1-b58a-47fa-9209-c80a04613504->0d659ca8-8d3f-4ad5-ad2a-cdb4ab88523b#136-t2, previous=(t:2, i:20), leaderCommit=16, initializing? false, entries: <empty>
2019-09-17 14:55:26,430 [java.util.concurrent.ThreadPoolExecutor$Worker@486b56da[State = -1, empty queue]] WARN  server.GrpcLogAppender (GrpcLogAppender.java:timeoutAppendRequest(200)) - 64dc86e1-b58a-47fa-9209-c80a04613504@group-85515DBFC7EF->296d1e6a-4d03-4625-a926-8603881e9a06-GrpcLogAppender: appendEntries Timeout, request=64dc86e1-b58a-47fa-9209-c80a04613504->296d1e6a-4d03-4625-a926-8603881e9a06#136-t2, previous=(t:2, i:20), leaderCommit=16, initializing? false, entries: <empty>
2019-09-17 14:55:26,491 [java.util.concurrent.ThreadPoolExecutor$Worker@5ab404d3[State = -1, empty queue]] WARN  server.GrpcLogAppender (GrpcLogAppender.java:timeoutAppendRequest(200)) - 9b5674b6-1da3-4a18-a3b1-2bf65c31b2e5@group-A10EF1BAEC68->55160a25-c10a-4fac-977f-ea88e555cd0f-GrpcLogAppender: appendEntries Timeout, request=9b5674b6-1da3-4a18-a3b1-2bf65c31b2e5->55160a25-c10a-4fac-977f-ea88e555cd0f#149-t2, previous=(t:2, i:34), leaderCommit=30, initializing? false, entries: <empty>
2019-09-17 14:55:26,491 [java.util.concurrent.ThreadPoolExecutor$Worker@16fd9795[State = -1, empty queue]] WARN  server.GrpcLogAppender (GrpcLogAppender.java:timeoutAppendRequest(200)) - 9b5674b6-1da3-4a18-a3b1-2bf65c31b2e5@group-A10EF1BAEC68->87bd24bf-ffb9-4c07-ac8f-086f94142b7e-GrpcLogAppender: appendEntries Timeout, request=9b5674b6-1da3-4a18-a3b1-2bf65c31b2e5->87bd24bf-ffb9-4c07-ac8f-086f94142b7e#149-t2, previous=(t:2, i:34), leaderCommit=30, initializing? false, entries: <empty>
2019-09-17 14:55:26,519 [Thread-1377] INFO  impl.FollowerState (FollowerState.java:run(106)) - 24ee45b5-4e6b-4499-8d3c-0bcd5a303b6d:group-218101269A2C changes to CANDIDATE, lastRpcTime:1052, electionTimeout:1052ms
2019-09-17 14:55:26,519 [Thread-1377] INFO  impl.RoleInfo (RoleInfo.java:shutdownFollowerState(121)) - 24ee45b5-4e6b-4499-8d3c-0bcd5a303b6d: shutdown FollowerState
2019-09-17 14:55:26,520 [Thread-1377] INFO  impl.RaftServerImpl (RaftServerImpl.java:setRole(174)) - 24ee45b5-4e6b-4499-8d3c-0bcd5a303b6d@group-218101269A2C: changes role from  FOLLOWER to CANDIDATE at term 23 for changeToCandidate
2019-09-17 14:55:26,520 [Thread-1377] INFO  impl.RoleInfo (RoleInfo.java:updateAndGet(143)) - 24ee45b5-4e6b-4499-8d3c-0bcd5a303b6d: start LeaderElection
2019-09-17 14:55:26,553 [24ee45b5-4e6b-4499-8d3c-0bcd5a303b6d@group-218101269A2C:LeaderElection45] INFO  impl.LeaderElection (LeaderElection.java:askForVotes(182)) - 24ee45b5-4e6b-4499-8d3c-0bcd5a303b6d@group-218101269A2C:LeaderElection45: begin an election at term 24 for 17: [bbb4e265-cb6b-4caa-8b5d-65801261426c:192.168.151.72:38991, 5824bb7b-23b5-4080-8c55-4e36ce35b3ee:192.168.151.72:44174, 24ee45b5-4e6b-4499-8d3c-0bcd5a303b6d:192.168.151.72:44891], old=null
2019-09-17 14:55:26,555 [24ee45b5-4e6b-4499-8d3c-0bcd5a303b6d@group-218101269A2C:LeaderElection45] INFO  impl.LeaderElection (LogUtils.java:infoOrTrace(149)) - 24ee45b5-4e6b-4499-8d3c-0bcd5a303b6d@group-218101269A2C:LeaderElection45 got exception when requesting votes: {}
java.util.concurrent.ExecutionException: org.apache.ratis.thirdparty.io.grpc.StatusRuntimeException: UNAVAILABLE: io exception
	at java.util.concurrent.FutureTask.report(FutureTask.java:122)
	at java.util.concurrent.FutureTask.get(FutureTask.java:192)
	at org.apache.ratis.server.impl.LeaderElection.waitForResults(LeaderElection.java:263)
	at org.apache.ratis.server.impl.LeaderElection.askForVotes(LeaderElection.java:201)
	at org.apache.ratis.server.impl.LeaderElection.run(LeaderElection.java:133)
	at java.lang.Thread.run(Thread.java:748)
Caused by: org.apache.ratis.thirdparty.io.grpc.StatusRuntimeException: UNAVAILABLE: io exception
	at org.apache.ratis.thirdparty.io.grpc.stub.ClientCalls.toStatusRuntimeException(ClientCalls.java:233)
	at org.apache.ratis.thirdparty.io.grpc.stub.ClientCalls.getUnchecked(ClientCalls.java:214)
	at org.apache.ratis.thirdparty.io.grpc.stub.ClientCalls.blockingUnaryCall(ClientCalls.java:139)
	at org.apache.ratis.proto.grpc.RaftServerProtocolServiceGrpc$RaftServerProtocolServiceBlockingStub.requestVote(RaftServerProtocolServiceGrpc.java:265)
	at org.apache.ratis.grpc.server.GrpcServerProtocolClient.requestVote(GrpcServerProtocolClient.java:90)
	at org.apache.ratis.grpc.server.GrpcService.requestVote(GrpcService.java:204)
	at org.apache.ratis.server.impl.LeaderElection.lambda$submitRequests$1(LeaderElection.java:238)
	at java.util.concurrent.FutureTask.run(FutureTask.java:266)
	at java.util.concurrent.Executors$RunnableAdapter.call(Executors.java:511)
	at java.util.concurrent.FutureTask.run(FutureTask.java:266)
	at java.util.concurrent.ThreadPoolExecutor.runWorker(ThreadPoolExecutor.java:1149)
	at java.util.concurrent.ThreadPoolExecutor$Worker.run(ThreadPoolExecutor.java:624)
	... 1 more
Caused by: org.apache.ratis.thirdparty.io.netty.channel.AbstractChannel$AnnotatedConnectException: Connection refused: /192.168.151.72:44174
	at sun.nio.ch.SocketChannelImpl.checkConnect(Native Method)
	at sun.nio.ch.SocketChannelImpl.finishConnect(SocketChannelImpl.java:717)
	at org.apache.ratis.thirdparty.io.netty.channel.socket.nio.NioSocketChannel.doFinishConnect(NioSocketChannel.java:327)
	at org.apache.ratis.thirdparty.io.netty.channel.nio.AbstractNioChannel$AbstractNioUnsafe.finishConnect(AbstractNioChannel.java:340)
	at org.apache.ratis.thirdparty.io.netty.channel.nio.NioEventLoop.processSelectedKey(NioEventLoop.java:632)
	at org.apache.ratis.thirdparty.io.netty.channel.nio.NioEventLoop.processSelectedKeysOptimized(NioEventLoop.java:579)
	at org.apache.ratis.thirdparty.io.netty.channel.nio.NioEventLoop.processSelectedKeys(NioEventLoop.java:496)
	at org.apache.ratis.thirdparty.io.netty.channel.nio.NioEventLoop.run(NioEventLoop.java:458)
	at org.apache.ratis.thirdparty.io.netty.util.concurrent.SingleThreadEventExecutor$5.run(SingleThreadEventExecutor.java:897)
	at org.apache.ratis.thirdparty.io.netty.util.concurrent.FastThreadLocalRunnable.run(FastThreadLocalRunnable.java:30)
	... 1 more
Caused by: java.net.ConnectException: Connection refused
	... 11 more
2019-09-17 14:55:26,556 [24ee45b5-4e6b-4499-8d3c-0bcd5a303b6d@group-218101269A2C:LeaderElection45] INFO  impl.LeaderElection (LogUtils.java:infoOrTrace(149)) - 24ee45b5-4e6b-4499-8d3c-0bcd5a303b6d@group-218101269A2C:LeaderElection45 got exception when requesting votes: {}
java.util.concurrent.ExecutionException: org.apache.ratis.thirdparty.io.grpc.StatusRuntimeException: UNAVAILABLE: io exception
	at java.util.concurrent.FutureTask.report(FutureTask.java:122)
	at java.util.concurrent.FutureTask.get(FutureTask.java:192)
	at org.apache.ratis.server.impl.LeaderElection.waitForResults(LeaderElection.java:263)
	at org.apache.ratis.server.impl.LeaderElection.askForVotes(LeaderElection.java:201)
	at org.apache.ratis.server.impl.LeaderElection.run(LeaderElection.java:133)
	at java.lang.Thread.run(Thread.java:748)
Caused by: org.apache.ratis.thirdparty.io.grpc.StatusRuntimeException: UNAVAILABLE: io exception
	at org.apache.ratis.thirdparty.io.grpc.stub.ClientCalls.toStatusRuntimeException(ClientCalls.java:233)
	at org.apache.ratis.thirdparty.io.grpc.stub.ClientCalls.getUnchecked(ClientCalls.java:214)
	at org.apache.ratis.thirdparty.io.grpc.stub.ClientCalls.blockingUnaryCall(ClientCalls.java:139)
	at org.apache.ratis.proto.grpc.RaftServerProtocolServiceGrpc$RaftServerProtocolServiceBlockingStub.requestVote(RaftServerProtocolServiceGrpc.java:265)
	at org.apache.ratis.grpc.server.GrpcServerProtocolClient.requestVote(GrpcServerProtocolClient.java:90)
	at org.apache.ratis.grpc.server.GrpcService.requestVote(GrpcService.java:204)
	at org.apache.ratis.server.impl.LeaderElection.lambda$submitRequests$1(LeaderElection.java:238)
	at java.util.concurrent.FutureTask.run(FutureTask.java:266)
	at java.util.concurrent.Executors$RunnableAdapter.call(Executors.java:511)
	at java.util.concurrent.FutureTask.run(FutureTask.java:266)
	at java.util.concurrent.ThreadPoolExecutor.runWorker(ThreadPoolExecutor.java:1149)
	at java.util.concurrent.ThreadPoolExecutor$Worker.run(ThreadPoolExecutor.java:624)
	... 1 more
Caused by: org.apache.ratis.thirdparty.io.netty.channel.AbstractChannel$AnnotatedConnectException: Connection refused: /192.168.151.72:38991
	at sun.nio.ch.SocketChannelImpl.checkConnect(Native Method)
	at sun.nio.ch.SocketChannelImpl.finishConnect(SocketChannelImpl.java:717)
	at org.apache.ratis.thirdparty.io.netty.channel.socket.nio.NioSocketChannel.doFinishConnect(NioSocketChannel.java:327)
	at org.apache.ratis.thirdparty.io.netty.channel.nio.AbstractNioChannel$AbstractNioUnsafe.finishConnect(AbstractNioChannel.java:340)
	at org.apache.ratis.thirdparty.io.netty.channel.nio.NioEventLoop.processSelectedKey(NioEventLoop.java:632)
	at org.apache.ratis.thirdparty.io.netty.channel.nio.NioEventLoop.processSelectedKeysOptimized(NioEventLoop.java:579)
	at org.apache.ratis.thirdparty.io.netty.channel.nio.NioEventLoop.processSelectedKeys(NioEventLoop.java:496)
	at org.apache.ratis.thirdparty.io.netty.channel.nio.NioEventLoop.run(NioEventLoop.java:458)
	at org.apache.ratis.thirdparty.io.netty.util.concurrent.SingleThreadEventExecutor$5.run(SingleThreadEventExecutor.java:897)
	at org.apache.ratis.thirdparty.io.netty.util.concurrent.FastThreadLocalRunnable.run(FastThreadLocalRunnable.java:30)
	... 1 more
Caused by: java.net.ConnectException: Connection refused
	... 11 more
2019-09-17 14:55:26,556 [24ee45b5-4e6b-4499-8d3c-0bcd5a303b6d@group-218101269A2C:LeaderElection45] INFO  impl.LeaderElection (LeaderElection.java:logAndReturn(56)) - 24ee45b5-4e6b-4499-8d3c-0bcd5a303b6d@group-218101269A2C:LeaderElection45: Election REJECTED; received 0 response(s) [] and 2 exception(s); 24ee45b5-4e6b-4499-8d3c-0bcd5a303b6d@group-218101269A2C:t24, leader=null, voted=24ee45b5-4e6b-4499-8d3c-0bcd5a303b6d, raftlog=24ee45b5-4e6b-4499-8d3c-0bcd5a303b6d@group-218101269A2C-SegmentedRaftLog:OPENED:c29,f29,i29, conf=17: [bbb4e265-cb6b-4caa-8b5d-65801261426c:192.168.151.72:38991, 5824bb7b-23b5-4080-8c55-4e36ce35b3ee:192.168.151.72:44174, 24ee45b5-4e6b-4499-8d3c-0bcd5a303b6d:192.168.151.72:44891], old=null
2019-09-17 14:55:26,556 [24ee45b5-4e6b-4499-8d3c-0bcd5a303b6d@group-218101269A2C:LeaderElection45] INFO  impl.LeaderElection (LogUtils.java:infoOrTrace(149)) -   Exception 0: {}
java.util.concurrent.ExecutionException: org.apache.ratis.thirdparty.io.grpc.StatusRuntimeException: UNAVAILABLE: io exception
	at java.util.concurrent.FutureTask.report(FutureTask.java:122)
	at java.util.concurrent.FutureTask.get(FutureTask.java:192)
	at org.apache.ratis.server.impl.LeaderElection.waitForResults(LeaderElection.java:263)
	at org.apache.ratis.server.impl.LeaderElection.askForVotes(LeaderElection.java:201)
	at org.apache.ratis.server.impl.LeaderElection.run(LeaderElection.java:133)
	at java.lang.Thread.run(Thread.java:748)
Caused by: org.apache.ratis.thirdparty.io.grpc.StatusRuntimeException: UNAVAILABLE: io exception
	at org.apache.ratis.thirdparty.io.grpc.stub.ClientCalls.toStatusRuntimeException(ClientCalls.java:233)
	at org.apache.ratis.thirdparty.io.grpc.stub.ClientCalls.getUnchecked(ClientCalls.java:214)
	at org.apache.ratis.thirdparty.io.grpc.stub.ClientCalls.blockingUnaryCall(ClientCalls.java:139)
	at org.apache.ratis.proto.grpc.RaftServerProtocolServiceGrpc$RaftServerProtocolServiceBlockingStub.requestVote(RaftServerProtocolServiceGrpc.java:265)
	at org.apache.ratis.grpc.server.GrpcServerProtocolClient.requestVote(GrpcServerProtocolClient.java:90)
	at org.apache.ratis.grpc.server.GrpcService.requestVote(GrpcService.java:204)
	at org.apache.ratis.server.impl.LeaderElection.lambda$submitRequests$1(LeaderElection.java:238)
	at java.util.concurrent.FutureTask.run(FutureTask.java:266)
	at java.util.concurrent.Executors$RunnableAdapter.call(Executors.java:511)
	at java.util.concurrent.FutureTask.run(FutureTask.java:266)
	at java.util.concurrent.ThreadPoolExecutor.runWorker(ThreadPoolExecutor.java:1149)
	at java.util.concurrent.ThreadPoolExecutor$Worker.run(ThreadPoolExecutor.java:624)
	... 1 more
Caused by: org.apache.ratis.thirdparty.io.netty.channel.AbstractChannel$AnnotatedConnectException: Connection refused: /192.168.151.72:44174
	at sun.nio.ch.SocketChannelImpl.checkConnect(Native Method)
	at sun.nio.ch.SocketChannelImpl.finishConnect(SocketChannelImpl.java:717)
	at org.apache.ratis.thirdparty.io.netty.channel.socket.nio.NioSocketChannel.doFinishConnect(NioSocketChannel.java:327)
	at org.apache.ratis.thirdparty.io.netty.channel.nio.AbstractNioChannel$AbstractNioUnsafe.finishConnect(AbstractNioChannel.java:340)
	at org.apache.ratis.thirdparty.io.netty.channel.nio.NioEventLoop.processSelectedKey(NioEventLoop.java:632)
	at org.apache.ratis.thirdparty.io.netty.channel.nio.NioEventLoop.processSelectedKeysOptimized(NioEventLoop.java:579)
	at org.apache.ratis.thirdparty.io.netty.channel.nio.NioEventLoop.processSelectedKeys(NioEventLoop.java:496)
	at org.apache.ratis.thirdparty.io.netty.channel.nio.NioEventLoop.run(NioEventLoop.java:458)
	at org.apache.ratis.thirdparty.io.netty.util.concurrent.SingleThreadEventExecutor$5.run(SingleThreadEventExecutor.java:897)
	at org.apache.ratis.thirdparty.io.netty.util.concurrent.FastThreadLocalRunnable.run(FastThreadLocalRunnable.java:30)
	... 1 more
Caused by: java.net.ConnectException: Connection refused
	... 11 more
2019-09-17 14:55:26,557 [24ee45b5-4e6b-4499-8d3c-0bcd5a303b6d@group-218101269A2C:LeaderElection45] INFO  impl.LeaderElection (LogUtils.java:infoOrTrace(149)) -   Exception 1: {}
java.util.concurrent.ExecutionException: org.apache.ratis.thirdparty.io.grpc.StatusRuntimeException: UNAVAILABLE: io exception
	at java.util.concurrent.FutureTask.report(FutureTask.java:122)
	at java.util.concurrent.FutureTask.get(FutureTask.java:192)
	at org.apache.ratis.server.impl.LeaderElection.waitForResults(LeaderElection.java:263)
	at org.apache.ratis.server.impl.LeaderElection.askForVotes(LeaderElection.java:201)
	at org.apache.ratis.server.impl.LeaderElection.run(LeaderElection.java:133)
	at java.lang.Thread.run(Thread.java:748)
Caused by: org.apache.ratis.thirdparty.io.grpc.StatusRuntimeException: UNAVAILABLE: io exception
	at org.apache.ratis.thirdparty.io.grpc.stub.ClientCalls.toStatusRuntimeException(ClientCalls.java:233)
	at org.apache.ratis.thirdparty.io.grpc.stub.ClientCalls.getUnchecked(ClientCalls.java:214)
	at org.apache.ratis.thirdparty.io.grpc.stub.ClientCalls.blockingUnaryCall(ClientCalls.java:139)
	at org.apache.ratis.proto.grpc.RaftServerProtocolServiceGrpc$RaftServerProtocolServiceBlockingStub.requestVote(RaftServerProtocolServiceGrpc.java:265)
	at org.apache.ratis.grpc.server.GrpcServerProtocolClient.requestVote(GrpcServerProtocolClient.java:90)
	at org.apache.ratis.grpc.server.GrpcService.requestVote(GrpcService.java:204)
	at org.apache.ratis.server.impl.LeaderElection.lambda$submitRequests$1(LeaderElection.java:238)
	at java.util.concurrent.FutureTask.run(FutureTask.java:266)
	at java.util.concurrent.Executors$RunnableAdapter.call(Executors.java:511)
	at java.util.concurrent.FutureTask.run(FutureTask.java:266)
	at java.util.concurrent.ThreadPoolExecutor.runWorker(ThreadPoolExecutor.java:1149)
	at java.util.concurrent.ThreadPoolExecutor$Worker.run(ThreadPoolExecutor.java:624)
	... 1 more
Caused by: org.apache.ratis.thirdparty.io.netty.channel.AbstractChannel$AnnotatedConnectException: Connection refused: /192.168.151.72:38991
	at sun.nio.ch.SocketChannelImpl.checkConnect(Native Method)
	at sun.nio.ch.SocketChannelImpl.finishConnect(SocketChannelImpl.java:717)
	at org.apache.ratis.thirdparty.io.netty.channel.socket.nio.NioSocketChannel.doFinishConnect(NioSocketChannel.java:327)
	at org.apache.ratis.thirdparty.io.netty.channel.nio.AbstractNioChannel$AbstractNioUnsafe.finishConnect(AbstractNioChannel.java:340)
	at org.apache.ratis.thirdparty.io.netty.channel.nio.NioEventLoop.processSelectedKey(NioEventLoop.java:632)
	at org.apache.ratis.thirdparty.io.netty.channel.nio.NioEventLoop.processSelectedKeysOptimized(NioEventLoop.java:579)
	at org.apache.ratis.thirdparty.io.netty.channel.nio.NioEventLoop.processSelectedKeys(NioEventLoop.java:496)
	at org.apache.ratis.thirdparty.io.netty.channel.nio.NioEventLoop.run(NioEventLoop.java:458)
	at org.apache.ratis.thirdparty.io.netty.util.concurrent.SingleThreadEventExecutor$5.run(SingleThreadEventExecutor.java:897)
	at org.apache.ratis.thirdparty.io.netty.util.concurrent.FastThreadLocalRunnable.run(FastThreadLocalRunnable.java:30)
	... 1 more
Caused by: java.net.ConnectException: Connection refused
	... 11 more
2019-09-17 14:55:26,557 [24ee45b5-4e6b-4499-8d3c-0bcd5a303b6d@group-218101269A2C:LeaderElection45] INFO  impl.RaftServerImpl (RaftServerImpl.java:setRole(174)) - 24ee45b5-4e6b-4499-8d3c-0bcd5a303b6d@group-218101269A2C: changes role from CANDIDATE to FOLLOWER at term 24 for DISCOVERED_A_NEW_TERM
2019-09-17 14:55:26,557 [24ee45b5-4e6b-4499-8d3c-0bcd5a303b6d@group-218101269A2C:LeaderElection45] INFO  impl.RoleInfo (RoleInfo.java:shutdownLeaderElection(134)) - 24ee45b5-4e6b-4499-8d3c-0bcd5a303b6d: shutdown LeaderElection
2019-09-17 14:55:26,558 [24ee45b5-4e6b-4499-8d3c-0bcd5a303b6d@group-218101269A2C:LeaderElection45] INFO  impl.RoleInfo (RoleInfo.java:updateAndGet(143)) - 24ee45b5-4e6b-4499-8d3c-0bcd5a303b6d: start FollowerState
2019-09-17 14:55:26,930 [java.util.concurrent.ThreadPoolExecutor$Worker@486b56da[State = -1, empty queue]] WARN  server.GrpcLogAppender (GrpcLogAppender.java:timeoutAppendRequest(200)) - 64dc86e1-b58a-47fa-9209-c80a04613504@group-85515DBFC7EF->296d1e6a-4d03-4625-a926-8603881e9a06-GrpcLogAppender: appendEntries Timeout, request=64dc86e1-b58a-47fa-9209-c80a04613504->296d1e6a-4d03-4625-a926-8603881e9a06#137-t2, previous=(t:2, i:20), leaderCommit=16, initializing? false, entries: <empty>
2019-09-17 14:55:26,930 [java.util.concurrent.ThreadPoolExecutor$Worker@1fe41ca9[State = -1, empty queue]] WARN  server.GrpcLogAppender (GrpcLogAppender.java:timeoutAppendRequest(200)) - 64dc86e1-b58a-47fa-9209-c80a04613504@group-85515DBFC7EF->0d659ca8-8d3f-4ad5-ad2a-cdb4ab88523b-GrpcLogAppender: appendEntries Timeout, request=64dc86e1-b58a-47fa-9209-c80a04613504->0d659ca8-8d3f-4ad5-ad2a-cdb4ab88523b#137-t2, previous=(t:2, i:20), leaderCommit=16, initializing? false, entries: <empty>
2019-09-17 14:55:26,991 [java.util.concurrent.ThreadPoolExecutor$Worker@5ab404d3[State = -1, empty queue]] WARN  server.GrpcLogAppender (GrpcLogAppender.java:timeoutAppendRequest(200)) - 9b5674b6-1da3-4a18-a3b1-2bf65c31b2e5@group-A10EF1BAEC68->55160a25-c10a-4fac-977f-ea88e555cd0f-GrpcLogAppender: appendEntries Timeout, request=9b5674b6-1da3-4a18-a3b1-2bf65c31b2e5->55160a25-c10a-4fac-977f-ea88e555cd0f#150-t2, previous=(t:2, i:34), leaderCommit=30, initializing? false, entries: <empty>
2019-09-17 14:55:26,991 [java.util.concurrent.ThreadPoolExecutor$Worker@16fd9795[State = -1, empty queue]] WARN  server.GrpcLogAppender (GrpcLogAppender.java:timeoutAppendRequest(200)) - 9b5674b6-1da3-4a18-a3b1-2bf65c31b2e5@group-A10EF1BAEC68->87bd24bf-ffb9-4c07-ac8f-086f94142b7e-GrpcLogAppender: appendEntries Timeout, request=9b5674b6-1da3-4a18-a3b1-2bf65c31b2e5->87bd24bf-ffb9-4c07-ac8f-086f94142b7e#150-t2, previous=(t:2, i:34), leaderCommit=30, initializing? false, entries: <empty>
2019-09-17 14:55:27,430 [java.util.concurrent.ThreadPoolExecutor$Worker@486b56da[State = -1, empty queue]] WARN  server.GrpcLogAppender (GrpcLogAppender.java:timeoutAppendRequest(200)) - 64dc86e1-b58a-47fa-9209-c80a04613504@group-85515DBFC7EF->296d1e6a-4d03-4625-a926-8603881e9a06-GrpcLogAppender: appendEntries Timeout, request=64dc86e1-b58a-47fa-9209-c80a04613504->296d1e6a-4d03-4625-a926-8603881e9a06#138-t2, previous=(t:2, i:20), leaderCommit=16, initializing? false, entries: <empty>
2019-09-17 14:55:27,431 [java.util.concurrent.ThreadPoolExecutor$Worker@1fe41ca9[State = -1, empty queue]] WARN  server.GrpcLogAppender (GrpcLogAppender.java:timeoutAppendRequest(200)) - 64dc86e1-b58a-47fa-9209-c80a04613504@group-85515DBFC7EF->0d659ca8-8d3f-4ad5-ad2a-cdb4ab88523b-GrpcLogAppender: appendEntries Timeout, request=64dc86e1-b58a-47fa-9209-c80a04613504->0d659ca8-8d3f-4ad5-ad2a-cdb4ab88523b#138-t2, previous=(t:2, i:20), leaderCommit=16, initializing? false, entries: <empty>
2019-09-17 14:55:27,491 [java.util.concurrent.ThreadPoolExecutor$Worker@5ab404d3[State = -1, empty queue]] WARN  server.GrpcLogAppender (GrpcLogAppender.java:timeoutAppendRequest(200)) - 9b5674b6-1da3-4a18-a3b1-2bf65c31b2e5@group-A10EF1BAEC68->55160a25-c10a-4fac-977f-ea88e555cd0f-GrpcLogAppender: appendEntries Timeout, request=9b5674b6-1da3-4a18-a3b1-2bf65c31b2e5->55160a25-c10a-4fac-977f-ea88e555cd0f#151-t2, previous=(t:2, i:34), leaderCommit=30, initializing? false, entries: <empty>
2019-09-17 14:55:27,491 [java.util.concurrent.ThreadPoolExecutor$Worker@16fd9795[State = -1, empty queue]] WARN  server.GrpcLogAppender (GrpcLogAppender.java:timeoutAppendRequest(200)) - 9b5674b6-1da3-4a18-a3b1-2bf65c31b2e5@group-A10EF1BAEC68->87bd24bf-ffb9-4c07-ac8f-086f94142b7e-GrpcLogAppender: appendEntries Timeout, request=9b5674b6-1da3-4a18-a3b1-2bf65c31b2e5->87bd24bf-ffb9-4c07-ac8f-086f94142b7e#151-t2, previous=(t:2, i:34), leaderCommit=30, initializing? false, entries: <empty>
2019-09-17 14:55:27,605 [grpc-default-executor-2] INFO  client.GrpcClientProtocolClient (GrpcClientProtocolClient.java:onNext(264)) - client-CBA6351075E1->55160a25-c10a-4fac-977f-ea88e555cd0f: receive RaftClientReply:client-CBA6351075E1->55160a25-c10a-4fac-977f-ea88e555cd0f@group-A10EF1BAEC68, cid=73, FAILED org.apache.ratis.protocol.NotLeaderException: Server 55160a25-c10a-4fac-977f-ea88e555cd0f@group-A10EF1BAEC68 is not the leader 9b5674b6-1da3-4a18-a3b1-2bf65c31b2e5:192.168.151.72:42570, logIndex=0, commits[55160a25-c10a-4fac-977f-ea88e555cd0f:c30, 87bd24bf-ffb9-4c07-ac8f-086f94142b7e:c28, 9b5674b6-1da3-4a18-a3b1-2bf65c31b2e5:c30]
2019-09-17 14:55:27,685 [Thread-1391] INFO  impl.FollowerState (FollowerState.java:run(106)) - 24ee45b5-4e6b-4499-8d3c-0bcd5a303b6d:group-218101269A2C changes to CANDIDATE, lastRpcTime:1127, electionTimeout:1127ms
2019-09-17 14:55:27,685 [Thread-1391] INFO  impl.RoleInfo (RoleInfo.java:shutdownFollowerState(121)) - 24ee45b5-4e6b-4499-8d3c-0bcd5a303b6d: shutdown FollowerState
2019-09-17 14:55:27,685 [Thread-1391] INFO  impl.RaftServerImpl (RaftServerImpl.java:setRole(174)) - 24ee45b5-4e6b-4499-8d3c-0bcd5a303b6d@group-218101269A2C: changes role from  FOLLOWER to CANDIDATE at term 24 for changeToCandidate
2019-09-17 14:55:27,686 [Thread-1391] INFO  impl.RoleInfo (RoleInfo.java:updateAndGet(143)) - 24ee45b5-4e6b-4499-8d3c-0bcd5a303b6d: start LeaderElection
2019-09-17 14:55:27,714 [24ee45b5-4e6b-4499-8d3c-0bcd5a303b6d@group-218101269A2C:LeaderElection46] INFO  impl.LeaderElection (LeaderElection.java:askForVotes(182)) - 24ee45b5-4e6b-4499-8d3c-0bcd5a303b6d@group-218101269A2C:LeaderElection46: begin an election at term 25 for 17: [bbb4e265-cb6b-4caa-8b5d-65801261426c:192.168.151.72:38991, 5824bb7b-23b5-4080-8c55-4e36ce35b3ee:192.168.151.72:44174, 24ee45b5-4e6b-4499-8d3c-0bcd5a303b6d:192.168.151.72:44891], old=null
2019-09-17 14:55:27,715 [24ee45b5-4e6b-4499-8d3c-0bcd5a303b6d@group-218101269A2C:LeaderElection46] INFO  impl.LeaderElection (LogUtils.java:infoOrTrace(149)) - 24ee45b5-4e6b-4499-8d3c-0bcd5a303b6d@group-218101269A2C:LeaderElection46 got exception when requesting votes: {}
java.util.concurrent.ExecutionException: org.apache.ratis.thirdparty.io.grpc.StatusRuntimeException: UNAVAILABLE: io exception
	at java.util.concurrent.FutureTask.report(FutureTask.java:122)
	at java.util.concurrent.FutureTask.get(FutureTask.java:192)
	at org.apache.ratis.server.impl.LeaderElection.waitForResults(LeaderElection.java:263)
	at org.apache.ratis.server.impl.LeaderElection.askForVotes(LeaderElection.java:201)
	at org.apache.ratis.server.impl.LeaderElection.run(LeaderElection.java:133)
	at java.lang.Thread.run(Thread.java:748)
Caused by: org.apache.ratis.thirdparty.io.grpc.StatusRuntimeException: UNAVAILABLE: io exception
	at org.apache.ratis.thirdparty.io.grpc.stub.ClientCalls.toStatusRuntimeException(ClientCalls.java:233)
	at org.apache.ratis.thirdparty.io.grpc.stub.ClientCalls.getUnchecked(ClientCalls.java:214)
	at org.apache.ratis.thirdparty.io.grpc.stub.ClientCalls.blockingUnaryCall(ClientCalls.java:139)
	at org.apache.ratis.proto.grpc.RaftServerProtocolServiceGrpc$RaftServerProtocolServiceBlockingStub.requestVote(RaftServerProtocolServiceGrpc.java:265)
	at org.apache.ratis.grpc.server.GrpcServerProtocolClient.requestVote(GrpcServerProtocolClient.java:90)
	at org.apache.ratis.grpc.server.GrpcService.requestVote(GrpcService.java:204)
	at org.apache.ratis.server.impl.LeaderElection.lambda$submitRequests$1(LeaderElection.java:238)
	at java.util.concurrent.FutureTask.run(FutureTask.java:266)
	at java.util.concurrent.Executors$RunnableAdapter.call(Executors.java:511)
	at java.util.concurrent.FutureTask.run(FutureTask.java:266)
	at java.util.concurrent.ThreadPoolExecutor.runWorker(ThreadPoolExecutor.java:1149)
	at java.util.concurrent.ThreadPoolExecutor$Worker.run(ThreadPoolExecutor.java:624)
	... 1 more
Caused by: org.apache.ratis.thirdparty.io.netty.channel.AbstractChannel$AnnotatedConnectException: Connection refused: /192.168.151.72:38991
	at sun.nio.ch.SocketChannelImpl.checkConnect(Native Method)
	at sun.nio.ch.SocketChannelImpl.finishConnect(SocketChannelImpl.java:717)
	at org.apache.ratis.thirdparty.io.netty.channel.socket.nio.NioSocketChannel.doFinishConnect(NioSocketChannel.java:327)
	at org.apache.ratis.thirdparty.io.netty.channel.nio.AbstractNioChannel$AbstractNioUnsafe.finishConnect(AbstractNioChannel.java:340)
	at org.apache.ratis.thirdparty.io.netty.channel.nio.NioEventLoop.processSelectedKey(NioEventLoop.java:632)
	at org.apache.ratis.thirdparty.io.netty.channel.nio.NioEventLoop.processSelectedKeysOptimized(NioEventLoop.java:579)
	at org.apache.ratis.thirdparty.io.netty.channel.nio.NioEventLoop.processSelectedKeys(NioEventLoop.java:496)
	at org.apache.ratis.thirdparty.io.netty.channel.nio.NioEventLoop.run(NioEventLoop.java:458)
	at org.apache.ratis.thirdparty.io.netty.util.concurrent.SingleThreadEventExecutor$5.run(SingleThreadEventExecutor.java:897)
	at org.apache.ratis.thirdparty.io.netty.util.concurrent.FastThreadLocalRunnable.run(FastThreadLocalRunnable.java:30)
	... 1 more
Caused by: java.net.ConnectException: Connection refused
	... 11 more
2019-09-17 14:55:27,716 [24ee45b5-4e6b-4499-8d3c-0bcd5a303b6d@group-218101269A2C:LeaderElection46] INFO  impl.LeaderElection (LogUtils.java:infoOrTrace(149)) - 24ee45b5-4e6b-4499-8d3c-0bcd5a303b6d@group-218101269A2C:LeaderElection46 got exception when requesting votes: {}
java.util.concurrent.ExecutionException: org.apache.ratis.thirdparty.io.grpc.StatusRuntimeException: UNAVAILABLE: io exception
	at java.util.concurrent.FutureTask.report(FutureTask.java:122)
	at java.util.concurrent.FutureTask.get(FutureTask.java:192)
	at org.apache.ratis.server.impl.LeaderElection.waitForResults(LeaderElection.java:263)
	at org.apache.ratis.server.impl.LeaderElection.askForVotes(LeaderElection.java:201)
	at org.apache.ratis.server.impl.LeaderElection.run(LeaderElection.java:133)
	at java.lang.Thread.run(Thread.java:748)
Caused by: org.apache.ratis.thirdparty.io.grpc.StatusRuntimeException: UNAVAILABLE: io exception
	at org.apache.ratis.thirdparty.io.grpc.stub.ClientCalls.toStatusRuntimeException(ClientCalls.java:233)
	at org.apache.ratis.thirdparty.io.grpc.stub.ClientCalls.getUnchecked(ClientCalls.java:214)
	at org.apache.ratis.thirdparty.io.grpc.stub.ClientCalls.blockingUnaryCall(ClientCalls.java:139)
	at org.apache.ratis.proto.grpc.RaftServerProtocolServiceGrpc$RaftServerProtocolServiceBlockingStub.requestVote(RaftServerProtocolServiceGrpc.java:265)
	at org.apache.ratis.grpc.server.GrpcServerProtocolClient.requestVote(GrpcServerProtocolClient.java:90)
	at org.apache.ratis.grpc.server.GrpcService.requestVote(GrpcService.java:204)
	at org.apache.ratis.server.impl.LeaderElection.lambda$submitRequests$1(LeaderElection.java:238)
	at java.util.concurrent.FutureTask.run(FutureTask.java:266)
	at java.util.concurrent.Executors$RunnableAdapter.call(Executors.java:511)
	at java.util.concurrent.FutureTask.run(FutureTask.java:266)
	at java.util.concurrent.ThreadPoolExecutor.runWorker(ThreadPoolExecutor.java:1149)
	at java.util.concurrent.ThreadPoolExecutor$Worker.run(ThreadPoolExecutor.java:624)
	... 1 more
Caused by: org.apache.ratis.thirdparty.io.netty.channel.AbstractChannel$AnnotatedConnectException: Connection refused: /192.168.151.72:44174
	at sun.nio.ch.SocketChannelImpl.checkConnect(Native Method)
	at sun.nio.ch.SocketChannelImpl.finishConnect(SocketChannelImpl.java:717)
	at org.apache.ratis.thirdparty.io.netty.channel.socket.nio.NioSocketChannel.doFinishConnect(NioSocketChannel.java:327)
	at org.apache.ratis.thirdparty.io.netty.channel.nio.AbstractNioChannel$AbstractNioUnsafe.finishConnect(AbstractNioChannel.java:340)
	at org.apache.ratis.thirdparty.io.netty.channel.nio.NioEventLoop.processSelectedKey(NioEventLoop.java:632)
	at org.apache.ratis.thirdparty.io.netty.channel.nio.NioEventLoop.processSelectedKeysOptimized(NioEventLoop.java:579)
	at org.apache.ratis.thirdparty.io.netty.channel.nio.NioEventLoop.processSelectedKeys(NioEventLoop.java:496)
	at org.apache.ratis.thirdparty.io.netty.channel.nio.NioEventLoop.run(NioEventLoop.java:458)
	at org.apache.ratis.thirdparty.io.netty.util.concurrent.SingleThreadEventExecutor$5.run(SingleThreadEventExecutor.java:897)
	at org.apache.ratis.thirdparty.io.netty.util.concurrent.FastThreadLocalRunnable.run(FastThreadLocalRunnable.java:30)
	... 1 more
Caused by: java.net.ConnectException: Connection refused
	... 11 more
2019-09-17 14:55:27,716 [24ee45b5-4e6b-4499-8d3c-0bcd5a303b6d@group-218101269A2C:LeaderElection46] INFO  impl.LeaderElection (LeaderElection.java:logAndReturn(56)) - 24ee45b5-4e6b-4499-8d3c-0bcd5a303b6d@group-218101269A2C:LeaderElection46: Election REJECTED; received 0 response(s) [] and 2 exception(s); 24ee45b5-4e6b-4499-8d3c-0bcd5a303b6d@group-218101269A2C:t25, leader=null, voted=24ee45b5-4e6b-4499-8d3c-0bcd5a303b6d, raftlog=24ee45b5-4e6b-4499-8d3c-0bcd5a303b6d@group-218101269A2C-SegmentedRaftLog:OPENED:c29,f29,i29, conf=17: [bbb4e265-cb6b-4caa-8b5d-65801261426c:192.168.151.72:38991, 5824bb7b-23b5-4080-8c55-4e36ce35b3ee:192.168.151.72:44174, 24ee45b5-4e6b-4499-8d3c-0bcd5a303b6d:192.168.151.72:44891], old=null
2019-09-17 14:55:27,716 [24ee45b5-4e6b-4499-8d3c-0bcd5a303b6d@group-218101269A2C:LeaderElection46] INFO  impl.LeaderElection (LogUtils.java:infoOrTrace(149)) -   Exception 0: {}
java.util.concurrent.ExecutionException: org.apache.ratis.thirdparty.io.grpc.StatusRuntimeException: UNAVAILABLE: io exception
	at java.util.concurrent.FutureTask.report(FutureTask.java:122)
	at java.util.concurrent.FutureTask.get(FutureTask.java:192)
	at org.apache.ratis.server.impl.LeaderElection.waitForResults(LeaderElection.java:263)
	at org.apache.ratis.server.impl.LeaderElection.askForVotes(LeaderElection.java:201)
	at org.apache.ratis.server.impl.LeaderElection.run(LeaderElection.java:133)
	at java.lang.Thread.run(Thread.java:748)
Caused by: org.apache.ratis.thirdparty.io.grpc.StatusRuntimeException: UNAVAILABLE: io exception
	at org.apache.ratis.thirdparty.io.grpc.stub.ClientCalls.toStatusRuntimeException(ClientCalls.java:233)
	at org.apache.ratis.thirdparty.io.grpc.stub.ClientCalls.getUnchecked(ClientCalls.java:214)
	at org.apache.ratis.thirdparty.io.grpc.stub.ClientCalls.blockingUnaryCall(ClientCalls.java:139)
	at org.apache.ratis.proto.grpc.RaftServerProtocolServiceGrpc$RaftServerProtocolServiceBlockingStub.requestVote(RaftServerProtocolServiceGrpc.java:265)
	at org.apache.ratis.grpc.server.GrpcServerProtocolClient.requestVote(GrpcServerProtocolClient.java:90)
	at org.apache.ratis.grpc.server.GrpcService.requestVote(GrpcService.java:204)
	at org.apache.ratis.server.impl.LeaderElection.lambda$submitRequests$1(LeaderElection.java:238)
	at java.util.concurrent.FutureTask.run(FutureTask.java:266)
	at java.util.concurrent.Executors$RunnableAdapter.call(Executors.java:511)
	at java.util.concurrent.FutureTask.run(FutureTask.java:266)
	at java.util.concurrent.ThreadPoolExecutor.runWorker(ThreadPoolExecutor.java:1149)
	at java.util.concurrent.ThreadPoolExecutor$Worker.run(ThreadPoolExecutor.java:624)
	... 1 more
Caused by: org.apache.ratis.thirdparty.io.netty.channel.AbstractChannel$AnnotatedConnectException: Connection refused: /192.168.151.72:38991
	at sun.nio.ch.SocketChannelImpl.checkConnect(Native Method)
	at sun.nio.ch.SocketChannelImpl.finishConnect(SocketChannelImpl.java:717)
	at org.apache.ratis.thirdparty.io.netty.channel.socket.nio.NioSocketChannel.doFinishConnect(NioSocketChannel.java:327)
	at org.apache.ratis.thirdparty.io.netty.channel.nio.AbstractNioChannel$AbstractNioUnsafe.finishConnect(AbstractNioChannel.java:340)
	at org.apache.ratis.thirdparty.io.netty.channel.nio.NioEventLoop.processSelectedKey(NioEventLoop.java:632)
	at org.apache.ratis.thirdparty.io.netty.channel.nio.NioEventLoop.processSelectedKeysOptimized(NioEventLoop.java:579)
	at org.apache.ratis.thirdparty.io.netty.channel.nio.NioEventLoop.processSelectedKeys(NioEventLoop.java:496)
	at org.apache.ratis.thirdparty.io.netty.channel.nio.NioEventLoop.run(NioEventLoop.java:458)
	at org.apache.ratis.thirdparty.io.netty.util.concurrent.SingleThreadEventExecutor$5.run(SingleThreadEventExecutor.java:897)
	at org.apache.ratis.thirdparty.io.netty.util.concurrent.FastThreadLocalRunnable.run(FastThreadLocalRunnable.java:30)
	... 1 more
Caused by: java.net.ConnectException: Connection refused
	... 11 more
2019-09-17 14:55:27,717 [24ee45b5-4e6b-4499-8d3c-0bcd5a303b6d@group-218101269A2C:LeaderElection46] INFO  impl.LeaderElection (LogUtils.java:infoOrTrace(149)) -   Exception 1: {}
java.util.concurrent.ExecutionException: org.apache.ratis.thirdparty.io.grpc.StatusRuntimeException: UNAVAILABLE: io exception
	at java.util.concurrent.FutureTask.report(FutureTask.java:122)
	at java.util.concurrent.FutureTask.get(FutureTask.java:192)
	at org.apache.ratis.server.impl.LeaderElection.waitForResults(LeaderElection.java:263)
	at org.apache.ratis.server.impl.LeaderElection.askForVotes(LeaderElection.java:201)
	at org.apache.ratis.server.impl.LeaderElection.run(LeaderElection.java:133)
	at java.lang.Thread.run(Thread.java:748)
Caused by: org.apache.ratis.thirdparty.io.grpc.StatusRuntimeException: UNAVAILABLE: io exception
	at org.apache.ratis.thirdparty.io.grpc.stub.ClientCalls.toStatusRuntimeException(ClientCalls.java:233)
	at org.apache.ratis.thirdparty.io.grpc.stub.ClientCalls.getUnchecked(ClientCalls.java:214)
	at org.apache.ratis.thirdparty.io.grpc.stub.ClientCalls.blockingUnaryCall(ClientCalls.java:139)
	at org.apache.ratis.proto.grpc.RaftServerProtocolServiceGrpc$RaftServerProtocolServiceBlockingStub.requestVote(RaftServerProtocolServiceGrpc.java:265)
	at org.apache.ratis.grpc.server.GrpcServerProtocolClient.requestVote(GrpcServerProtocolClient.java:90)
	at org.apache.ratis.grpc.server.GrpcService.requestVote(GrpcService.java:204)
	at org.apache.ratis.server.impl.LeaderElection.lambda$submitRequests$1(LeaderElection.java:238)
	at java.util.concurrent.FutureTask.run(FutureTask.java:266)
	at java.util.concurrent.Executors$RunnableAdapter.call(Executors.java:511)
	at java.util.concurrent.FutureTask.run(FutureTask.java:266)
	at java.util.concurrent.ThreadPoolExecutor.runWorker(ThreadPoolExecutor.java:1149)
	at java.util.concurrent.ThreadPoolExecutor$Worker.run(ThreadPoolExecutor.java:624)
	... 1 more
Caused by: org.apache.ratis.thirdparty.io.netty.channel.AbstractChannel$AnnotatedConnectException: Connection refused: /192.168.151.72:44174
	at sun.nio.ch.SocketChannelImpl.checkConnect(Native Method)
	at sun.nio.ch.SocketChannelImpl.finishConnect(SocketChannelImpl.java:717)
	at org.apache.ratis.thirdparty.io.netty.channel.socket.nio.NioSocketChannel.doFinishConnect(NioSocketChannel.java:327)
	at org.apache.ratis.thirdparty.io.netty.channel.nio.AbstractNioChannel$AbstractNioUnsafe.finishConnect(AbstractNioChannel.java:340)
	at org.apache.ratis.thirdparty.io.netty.channel.nio.NioEventLoop.processSelectedKey(NioEventLoop.java:632)
	at org.apache.ratis.thirdparty.io.netty.channel.nio.NioEventLoop.processSelectedKeysOptimized(NioEventLoop.java:579)
	at org.apache.ratis.thirdparty.io.netty.channel.nio.NioEventLoop.processSelectedKeys(NioEventLoop.java:496)
	at org.apache.ratis.thirdparty.io.netty.channel.nio.NioEventLoop.run(NioEventLoop.java:458)
	at org.apache.ratis.thirdparty.io.netty.util.concurrent.SingleThreadEventExecutor$5.run(SingleThreadEventExecutor.java:897)
	at org.apache.ratis.thirdparty.io.netty.util.concurrent.FastThreadLocalRunnable.run(FastThreadLocalRunnable.java:30)
	... 1 more
Caused by: java.net.ConnectException: Connection refused
	... 11 more
2019-09-17 14:55:27,717 [24ee45b5-4e6b-4499-8d3c-0bcd5a303b6d@group-218101269A2C:LeaderElection46] INFO  impl.RaftServerImpl (RaftServerImpl.java:setRole(174)) - 24ee45b5-4e6b-4499-8d3c-0bcd5a303b6d@group-218101269A2C: changes role from CANDIDATE to FOLLOWER at term 25 for DISCOVERED_A_NEW_TERM
2019-09-17 14:55:27,717 [24ee45b5-4e6b-4499-8d3c-0bcd5a303b6d@group-218101269A2C:LeaderElection46] INFO  impl.RoleInfo (RoleInfo.java:shutdownLeaderElection(134)) - 24ee45b5-4e6b-4499-8d3c-0bcd5a303b6d: shutdown LeaderElection
2019-09-17 14:55:27,718 [24ee45b5-4e6b-4499-8d3c-0bcd5a303b6d@group-218101269A2C:LeaderElection46] INFO  impl.RoleInfo (RoleInfo.java:updateAndGet(143)) - 24ee45b5-4e6b-4499-8d3c-0bcd5a303b6d: start FollowerState
2019-09-17 14:55:27,931 [java.util.concurrent.ThreadPoolExecutor$Worker@486b56da[State = -1, empty queue]] WARN  server.GrpcLogAppender (GrpcLogAppender.java:timeoutAppendRequest(200)) - 64dc86e1-b58a-47fa-9209-c80a04613504@group-85515DBFC7EF->296d1e6a-4d03-4625-a926-8603881e9a06-GrpcLogAppender: appendEntries Timeout, request=64dc86e1-b58a-47fa-9209-c80a04613504->296d1e6a-4d03-4625-a926-8603881e9a06#139-t2, previous=(t:2, i:20), leaderCommit=16, initializing? false, entries: <empty>
2019-09-17 14:55:27,931 [java.util.concurrent.ThreadPoolExecutor$Worker@1fe41ca9[State = -1, empty queue]] WARN  server.GrpcLogAppender (GrpcLogAppender.java:timeoutAppendRequest(200)) - 64dc86e1-b58a-47fa-9209-c80a04613504@group-85515DBFC7EF->0d659ca8-8d3f-4ad5-ad2a-cdb4ab88523b-GrpcLogAppender: appendEntries Timeout, request=64dc86e1-b58a-47fa-9209-c80a04613504->0d659ca8-8d3f-4ad5-ad2a-cdb4ab88523b#139-t2, previous=(t:2, i:20), leaderCommit=16, initializing? false, entries: <empty>
2019-09-17 14:55:27,991 [java.util.concurrent.ThreadPoolExecutor$Worker@16fd9795[State = -1, empty queue]] WARN  server.GrpcLogAppender (GrpcLogAppender.java:timeoutAppendRequest(200)) - 9b5674b6-1da3-4a18-a3b1-2bf65c31b2e5@group-A10EF1BAEC68->87bd24bf-ffb9-4c07-ac8f-086f94142b7e-GrpcLogAppender: appendEntries Timeout, request=9b5674b6-1da3-4a18-a3b1-2bf65c31b2e5->87bd24bf-ffb9-4c07-ac8f-086f94142b7e#152-t2, previous=(t:2, i:34), leaderCommit=30, initializing? false, entries: <empty>
2019-09-17 14:55:27,991 [java.util.concurrent.ThreadPoolExecutor$Worker@5ab404d3[State = -1, empty queue]] WARN  server.GrpcLogAppender (GrpcLogAppender.java:timeoutAppendRequest(200)) - 9b5674b6-1da3-4a18-a3b1-2bf65c31b2e5@group-A10EF1BAEC68->55160a25-c10a-4fac-977f-ea88e555cd0f-GrpcLogAppender: appendEntries Timeout, request=9b5674b6-1da3-4a18-a3b1-2bf65c31b2e5->55160a25-c10a-4fac-977f-ea88e555cd0f#152-t2, previous=(t:2, i:34), leaderCommit=30, initializing? false, entries: <empty>
2019-09-17 14:55:28,431 [java.util.concurrent.ThreadPoolExecutor$Worker@486b56da[State = -1, empty queue]] WARN  server.GrpcLogAppender (GrpcLogAppender.java:timeoutAppendRequest(200)) - 64dc86e1-b58a-47fa-9209-c80a04613504@group-85515DBFC7EF->296d1e6a-4d03-4625-a926-8603881e9a06-GrpcLogAppender: appendEntries Timeout, request=64dc86e1-b58a-47fa-9209-c80a04613504->296d1e6a-4d03-4625-a926-8603881e9a06#140-t2, previous=(t:2, i:20), leaderCommit=16, initializing? false, entries: <empty>
2019-09-17 14:55:28,431 [java.util.concurrent.ThreadPoolExecutor$Worker@1fe41ca9[State = -1, empty queue]] WARN  server.GrpcLogAppender (GrpcLogAppender.java:timeoutAppendRequest(200)) - 64dc86e1-b58a-47fa-9209-c80a04613504@group-85515DBFC7EF->0d659ca8-8d3f-4ad5-ad2a-cdb4ab88523b-GrpcLogAppender: appendEntries Timeout, request=64dc86e1-b58a-47fa-9209-c80a04613504->0d659ca8-8d3f-4ad5-ad2a-cdb4ab88523b#140-t2, previous=(t:2, i:20), leaderCommit=16, initializing? false, entries: <empty>
2019-09-17 14:55:28,492 [java.util.concurrent.ThreadPoolExecutor$Worker@16fd9795[State = -1, empty queue]] WARN  server.GrpcLogAppender (GrpcLogAppender.java:timeoutAppendRequest(200)) - 9b5674b6-1da3-4a18-a3b1-2bf65c31b2e5@group-A10EF1BAEC68->87bd24bf-ffb9-4c07-ac8f-086f94142b7e-GrpcLogAppender: appendEntries Timeout, request=9b5674b6-1da3-4a18-a3b1-2bf65c31b2e5->87bd24bf-ffb9-4c07-ac8f-086f94142b7e#153-t2, previous=(t:2, i:34), leaderCommit=30, initializing? false, entries: <empty>
2019-09-17 14:55:28,492 [java.util.concurrent.ThreadPoolExecutor$Worker@5ab404d3[State = -1, empty queue]] WARN  server.GrpcLogAppender (GrpcLogAppender.java:timeoutAppendRequest(200)) - 9b5674b6-1da3-4a18-a3b1-2bf65c31b2e5@group-A10EF1BAEC68->55160a25-c10a-4fac-977f-ea88e555cd0f-GrpcLogAppender: appendEntries Timeout, request=9b5674b6-1da3-4a18-a3b1-2bf65c31b2e5->55160a25-c10a-4fac-977f-ea88e555cd0f#153-t2, previous=(t:2, i:34), leaderCommit=30, initializing? false, entries: <empty>
2019-09-17 14:55:28,853 [Thread-1406] INFO  impl.FollowerState (FollowerState.java:run(106)) - 24ee45b5-4e6b-4499-8d3c-0bcd5a303b6d:group-218101269A2C changes to CANDIDATE, lastRpcTime:1135, electionTimeout:1135ms
2019-09-17 14:55:28,854 [Thread-1406] INFO  impl.RoleInfo (RoleInfo.java:shutdownFollowerState(121)) - 24ee45b5-4e6b-4499-8d3c-0bcd5a303b6d: shutdown FollowerState
2019-09-17 14:55:28,854 [Thread-1406] INFO  impl.RaftServerImpl (RaftServerImpl.java:setRole(174)) - 24ee45b5-4e6b-4499-8d3c-0bcd5a303b6d@group-218101269A2C: changes role from  FOLLOWER to CANDIDATE at term 25 for changeToCandidate
2019-09-17 14:55:28,854 [Thread-1406] INFO  impl.RoleInfo (RoleInfo.java:updateAndGet(143)) - 24ee45b5-4e6b-4499-8d3c-0bcd5a303b6d: start LeaderElection
2019-09-17 14:55:28,884 [24ee45b5-4e6b-4499-8d3c-0bcd5a303b6d@group-218101269A2C:LeaderElection47] INFO  impl.LeaderElection (LeaderElection.java:askForVotes(182)) - 24ee45b5-4e6b-4499-8d3c-0bcd5a303b6d@group-218101269A2C:LeaderElection47: begin an election at term 26 for 17: [bbb4e265-cb6b-4caa-8b5d-65801261426c:192.168.151.72:38991, 5824bb7b-23b5-4080-8c55-4e36ce35b3ee:192.168.151.72:44174, 24ee45b5-4e6b-4499-8d3c-0bcd5a303b6d:192.168.151.72:44891], old=null
2019-09-17 14:55:28,886 [24ee45b5-4e6b-4499-8d3c-0bcd5a303b6d@group-218101269A2C:LeaderElection47] INFO  impl.LeaderElection (LogUtils.java:infoOrTrace(149)) - 24ee45b5-4e6b-4499-8d3c-0bcd5a303b6d@group-218101269A2C:LeaderElection47 got exception when requesting votes: {}
java.util.concurrent.ExecutionException: org.apache.ratis.thirdparty.io.grpc.StatusRuntimeException: UNAVAILABLE: io exception
	at java.util.concurrent.FutureTask.report(FutureTask.java:122)
	at java.util.concurrent.FutureTask.get(FutureTask.java:192)
	at org.apache.ratis.server.impl.LeaderElection.waitForResults(LeaderElection.java:263)
	at org.apache.ratis.server.impl.LeaderElection.askForVotes(LeaderElection.java:201)
	at org.apache.ratis.server.impl.LeaderElection.run(LeaderElection.java:133)
	at java.lang.Thread.run(Thread.java:748)
Caused by: org.apache.ratis.thirdparty.io.grpc.StatusRuntimeException: UNAVAILABLE: io exception
	at org.apache.ratis.thirdparty.io.grpc.stub.ClientCalls.toStatusRuntimeException(ClientCalls.java:233)
	at org.apache.ratis.thirdparty.io.grpc.stub.ClientCalls.getUnchecked(ClientCalls.java:214)
	at org.apache.ratis.thirdparty.io.grpc.stub.ClientCalls.blockingUnaryCall(ClientCalls.java:139)
	at org.apache.ratis.proto.grpc.RaftServerProtocolServiceGrpc$RaftServerProtocolServiceBlockingStub.requestVote(RaftServerProtocolServiceGrpc.java:265)
	at org.apache.ratis.grpc.server.GrpcServerProtocolClient.requestVote(GrpcServerProtocolClient.java:90)
	at org.apache.ratis.grpc.server.GrpcService.requestVote(GrpcService.java:204)
	at org.apache.ratis.server.impl.LeaderElection.lambda$submitRequests$1(LeaderElection.java:238)
	at java.util.concurrent.FutureTask.run(FutureTask.java:266)
	at java.util.concurrent.Executors$RunnableAdapter.call(Executors.java:511)
	at java.util.concurrent.FutureTask.run(FutureTask.java:266)
	at java.util.concurrent.ThreadPoolExecutor.runWorker(ThreadPoolExecutor.java:1149)
	at java.util.concurrent.ThreadPoolExecutor$Worker.run(ThreadPoolExecutor.java:624)
	... 1 more
Caused by: org.apache.ratis.thirdparty.io.netty.channel.AbstractChannel$AnnotatedConnectException: Connection refused: /192.168.151.72:38991
	at sun.nio.ch.SocketChannelImpl.checkConnect(Native Method)
	at sun.nio.ch.SocketChannelImpl.finishConnect(SocketChannelImpl.java:717)
	at org.apache.ratis.thirdparty.io.netty.channel.socket.nio.NioSocketChannel.doFinishConnect(NioSocketChannel.java:327)
	at org.apache.ratis.thirdparty.io.netty.channel.nio.AbstractNioChannel$AbstractNioUnsafe.finishConnect(AbstractNioChannel.java:340)
	at org.apache.ratis.thirdparty.io.netty.channel.nio.NioEventLoop.processSelectedKey(NioEventLoop.java:632)
	at org.apache.ratis.thirdparty.io.netty.channel.nio.NioEventLoop.processSelectedKeysOptimized(NioEventLoop.java:579)
	at org.apache.ratis.thirdparty.io.netty.channel.nio.NioEventLoop.processSelectedKeys(NioEventLoop.java:496)
	at org.apache.ratis.thirdparty.io.netty.channel.nio.NioEventLoop.run(NioEventLoop.java:458)
	at org.apache.ratis.thirdparty.io.netty.util.concurrent.SingleThreadEventExecutor$5.run(SingleThreadEventExecutor.java:897)
	at org.apache.ratis.thirdparty.io.netty.util.concurrent.FastThreadLocalRunnable.run(FastThreadLocalRunnable.java:30)
	... 1 more
Caused by: java.net.ConnectException: Connection refused
	... 11 more
2019-09-17 14:55:28,886 [24ee45b5-4e6b-4499-8d3c-0bcd5a303b6d@group-218101269A2C:LeaderElection47] INFO  impl.LeaderElection (LogUtils.java:infoOrTrace(149)) - 24ee45b5-4e6b-4499-8d3c-0bcd5a303b6d@group-218101269A2C:LeaderElection47 got exception when requesting votes: {}
java.util.concurrent.ExecutionException: org.apache.ratis.thirdparty.io.grpc.StatusRuntimeException: UNAVAILABLE: io exception
	at java.util.concurrent.FutureTask.report(FutureTask.java:122)
	at java.util.concurrent.FutureTask.get(FutureTask.java:192)
	at org.apache.ratis.server.impl.LeaderElection.waitForResults(LeaderElection.java:263)
	at org.apache.ratis.server.impl.LeaderElection.askForVotes(LeaderElection.java:201)
	at org.apache.ratis.server.impl.LeaderElection.run(LeaderElection.java:133)
	at java.lang.Thread.run(Thread.java:748)
Caused by: org.apache.ratis.thirdparty.io.grpc.StatusRuntimeException: UNAVAILABLE: io exception
	at org.apache.ratis.thirdparty.io.grpc.stub.ClientCalls.toStatusRuntimeException(ClientCalls.java:233)
	at org.apache.ratis.thirdparty.io.grpc.stub.ClientCalls.getUnchecked(ClientCalls.java:214)
	at org.apache.ratis.thirdparty.io.grpc.stub.ClientCalls.blockingUnaryCall(ClientCalls.java:139)
	at org.apache.ratis.proto.grpc.RaftServerProtocolServiceGrpc$RaftServerProtocolServiceBlockingStub.requestVote(RaftServerProtocolServiceGrpc.java:265)
	at org.apache.ratis.grpc.server.GrpcServerProtocolClient.requestVote(GrpcServerProtocolClient.java:90)
	at org.apache.ratis.grpc.server.GrpcService.requestVote(GrpcService.java:204)
	at org.apache.ratis.server.impl.LeaderElection.lambda$submitRequests$1(LeaderElection.java:238)
	at java.util.concurrent.FutureTask.run(FutureTask.java:266)
	at java.util.concurrent.Executors$RunnableAdapter.call(Executors.java:511)
	at java.util.concurrent.FutureTask.run(FutureTask.java:266)
	at java.util.concurrent.ThreadPoolExecutor.runWorker(ThreadPoolExecutor.java:1149)
	at java.util.concurrent.ThreadPoolExecutor$Worker.run(ThreadPoolExecutor.java:624)
	... 1 more
Caused by: org.apache.ratis.thirdparty.io.netty.channel.AbstractChannel$AnnotatedConnectException: Connection refused: /192.168.151.72:44174
	at sun.nio.ch.SocketChannelImpl.checkConnect(Native Method)
	at sun.nio.ch.SocketChannelImpl.finishConnect(SocketChannelImpl.java:717)
	at org.apache.ratis.thirdparty.io.netty.channel.socket.nio.NioSocketChannel.doFinishConnect(NioSocketChannel.java:327)
	at org.apache.ratis.thirdparty.io.netty.channel.nio.AbstractNioChannel$AbstractNioUnsafe.finishConnect(AbstractNioChannel.java:340)
	at org.apache.ratis.thirdparty.io.netty.channel.nio.NioEventLoop.processSelectedKey(NioEventLoop.java:632)
	at org.apache.ratis.thirdparty.io.netty.channel.nio.NioEventLoop.processSelectedKeysOptimized(NioEventLoop.java:579)
	at org.apache.ratis.thirdparty.io.netty.channel.nio.NioEventLoop.processSelectedKeys(NioEventLoop.java:496)
	at org.apache.ratis.thirdparty.io.netty.channel.nio.NioEventLoop.run(NioEventLoop.java:458)
	at org.apache.ratis.thirdparty.io.netty.util.concurrent.SingleThreadEventExecutor$5.run(SingleThreadEventExecutor.java:897)
	at org.apache.ratis.thirdparty.io.netty.util.concurrent.FastThreadLocalRunnable.run(FastThreadLocalRunnable.java:30)
	... 1 more
Caused by: java.net.ConnectException: Connection refused
	... 11 more
2019-09-17 14:55:28,887 [24ee45b5-4e6b-4499-8d3c-0bcd5a303b6d@group-218101269A2C:LeaderElection47] INFO  impl.LeaderElection (LeaderElection.java:logAndReturn(56)) - 24ee45b5-4e6b-4499-8d3c-0bcd5a303b6d@group-218101269A2C:LeaderElection47: Election REJECTED; received 0 response(s) [] and 2 exception(s); 24ee45b5-4e6b-4499-8d3c-0bcd5a303b6d@group-218101269A2C:t26, leader=null, voted=24ee45b5-4e6b-4499-8d3c-0bcd5a303b6d, raftlog=24ee45b5-4e6b-4499-8d3c-0bcd5a303b6d@group-218101269A2C-SegmentedRaftLog:OPENED:c29,f29,i29, conf=17: [bbb4e265-cb6b-4caa-8b5d-65801261426c:192.168.151.72:38991, 5824bb7b-23b5-4080-8c55-4e36ce35b3ee:192.168.151.72:44174, 24ee45b5-4e6b-4499-8d3c-0bcd5a303b6d:192.168.151.72:44891], old=null
2019-09-17 14:55:28,887 [24ee45b5-4e6b-4499-8d3c-0bcd5a303b6d@group-218101269A2C:LeaderElection47] INFO  impl.LeaderElection (LogUtils.java:infoOrTrace(149)) -   Exception 0: {}
java.util.concurrent.ExecutionException: org.apache.ratis.thirdparty.io.grpc.StatusRuntimeException: UNAVAILABLE: io exception
	at java.util.concurrent.FutureTask.report(FutureTask.java:122)
	at java.util.concurrent.FutureTask.get(FutureTask.java:192)
	at org.apache.ratis.server.impl.LeaderElection.waitForResults(LeaderElection.java:263)
	at org.apache.ratis.server.impl.LeaderElection.askForVotes(LeaderElection.java:201)
	at org.apache.ratis.server.impl.LeaderElection.run(LeaderElection.java:133)
	at java.lang.Thread.run(Thread.java:748)
Caused by: org.apache.ratis.thirdparty.io.grpc.StatusRuntimeException: UNAVAILABLE: io exception
	at org.apache.ratis.thirdparty.io.grpc.stub.ClientCalls.toStatusRuntimeException(ClientCalls.java:233)
	at org.apache.ratis.thirdparty.io.grpc.stub.ClientCalls.getUnchecked(ClientCalls.java:214)
	at org.apache.ratis.thirdparty.io.grpc.stub.ClientCalls.blockingUnaryCall(ClientCalls.java:139)
	at org.apache.ratis.proto.grpc.RaftServerProtocolServiceGrpc$RaftServerProtocolServiceBlockingStub.requestVote(RaftServerProtocolServiceGrpc.java:265)
	at org.apache.ratis.grpc.server.GrpcServerProtocolClient.requestVote(GrpcServerProtocolClient.java:90)
	at org.apache.ratis.grpc.server.GrpcService.requestVote(GrpcService.java:204)
	at org.apache.ratis.server.impl.LeaderElection.lambda$submitRequests$1(LeaderElection.java:238)
	at java.util.concurrent.FutureTask.run(FutureTask.java:266)
	at java.util.concurrent.Executors$RunnableAdapter.call(Executors.java:511)
	at java.util.concurrent.FutureTask.run(FutureTask.java:266)
	at java.util.concurrent.ThreadPoolExecutor.runWorker(ThreadPoolExecutor.java:1149)
	at java.util.concurrent.ThreadPoolExecutor$Worker.run(ThreadPoolExecutor.java:624)
	... 1 more
Caused by: org.apache.ratis.thirdparty.io.netty.channel.AbstractChannel$AnnotatedConnectException: Connection refused: /192.168.151.72:38991
	at sun.nio.ch.SocketChannelImpl.checkConnect(Native Method)
	at sun.nio.ch.SocketChannelImpl.finishConnect(SocketChannelImpl.java:717)
	at org.apache.ratis.thirdparty.io.netty.channel.socket.nio.NioSocketChannel.doFinishConnect(NioSocketChannel.java:327)
	at org.apache.ratis.thirdparty.io.netty.channel.nio.AbstractNioChannel$AbstractNioUnsafe.finishConnect(AbstractNioChannel.java:340)
	at org.apache.ratis.thirdparty.io.netty.channel.nio.NioEventLoop.processSelectedKey(NioEventLoop.java:632)
	at org.apache.ratis.thirdparty.io.netty.channel.nio.NioEventLoop.processSelectedKeysOptimized(NioEventLoop.java:579)
	at org.apache.ratis.thirdparty.io.netty.channel.nio.NioEventLoop.processSelectedKeys(NioEventLoop.java:496)
	at org.apache.ratis.thirdparty.io.netty.channel.nio.NioEventLoop.run(NioEventLoop.java:458)
	at org.apache.ratis.thirdparty.io.netty.util.concurrent.SingleThreadEventExecutor$5.run(SingleThreadEventExecutor.java:897)
	at org.apache.ratis.thirdparty.io.netty.util.concurrent.FastThreadLocalRunnable.run(FastThreadLocalRunnable.java:30)
	... 1 more
Caused by: java.net.ConnectException: Connection refused
	... 11 more
2019-09-17 14:55:28,887 [24ee45b5-4e6b-4499-8d3c-0bcd5a303b6d@group-218101269A2C:LeaderElection47] INFO  impl.LeaderElection (LogUtils.java:infoOrTrace(149)) -   Exception 1: {}
java.util.concurrent.ExecutionException: org.apache.ratis.thirdparty.io.grpc.StatusRuntimeException: UNAVAILABLE: io exception
	at java.util.concurrent.FutureTask.report(FutureTask.java:122)
	at java.util.concurrent.FutureTask.get(FutureTask.java:192)
	at org.apache.ratis.server.impl.LeaderElection.waitForResults(LeaderElection.java:263)
	at org.apache.ratis.server.impl.LeaderElection.askForVotes(LeaderElection.java:201)
	at org.apache.ratis.server.impl.LeaderElection.run(LeaderElection.java:133)
	at java.lang.Thread.run(Thread.java:748)
Caused by: org.apache.ratis.thirdparty.io.grpc.StatusRuntimeException: UNAVAILABLE: io exception
	at org.apache.ratis.thirdparty.io.grpc.stub.ClientCalls.toStatusRuntimeException(ClientCalls.java:233)
	at org.apache.ratis.thirdparty.io.grpc.stub.ClientCalls.getUnchecked(ClientCalls.java:214)
	at org.apache.ratis.thirdparty.io.grpc.stub.ClientCalls.blockingUnaryCall(ClientCalls.java:139)
	at org.apache.ratis.proto.grpc.RaftServerProtocolServiceGrpc$RaftServerProtocolServiceBlockingStub.requestVote(RaftServerProtocolServiceGrpc.java:265)
	at org.apache.ratis.grpc.server.GrpcServerProtocolClient.requestVote(GrpcServerProtocolClient.java:90)
	at org.apache.ratis.grpc.server.GrpcService.requestVote(GrpcService.java:204)
	at org.apache.ratis.server.impl.LeaderElection.lambda$submitRequests$1(LeaderElection.java:238)
	at java.util.concurrent.FutureTask.run(FutureTask.java:266)
	at java.util.concurrent.Executors$RunnableAdapter.call(Executors.java:511)
	at java.util.concurrent.FutureTask.run(FutureTask.java:266)
	at java.util.concurrent.ThreadPoolExecutor.runWorker(ThreadPoolExecutor.java:1149)
	at java.util.concurrent.ThreadPoolExecutor$Worker.run(ThreadPoolExecutor.java:624)
	... 1 more
Caused by: org.apache.ratis.thirdparty.io.netty.channel.AbstractChannel$AnnotatedConnectException: Connection refused: /192.168.151.72:44174
	at sun.nio.ch.SocketChannelImpl.checkConnect(Native Method)
	at sun.nio.ch.SocketChannelImpl.finishConnect(SocketChannelImpl.java:717)
	at org.apache.ratis.thirdparty.io.netty.channel.socket.nio.NioSocketChannel.doFinishConnect(NioSocketChannel.java:327)
	at org.apache.ratis.thirdparty.io.netty.channel.nio.AbstractNioChannel$AbstractNioUnsafe.finishConnect(AbstractNioChannel.java:340)
	at org.apache.ratis.thirdparty.io.netty.channel.nio.NioEventLoop.processSelectedKey(NioEventLoop.java:632)
	at org.apache.ratis.thirdparty.io.netty.channel.nio.NioEventLoop.processSelectedKeysOptimized(NioEventLoop.java:579)
	at org.apache.ratis.thirdparty.io.netty.channel.nio.NioEventLoop.processSelectedKeys(NioEventLoop.java:496)
	at org.apache.ratis.thirdparty.io.netty.channel.nio.NioEventLoop.run(NioEventLoop.java:458)
	at org.apache.ratis.thirdparty.io.netty.util.concurrent.SingleThreadEventExecutor$5.run(SingleThreadEventExecutor.java:897)
	at org.apache.ratis.thirdparty.io.netty.util.concurrent.FastThreadLocalRunnable.run(FastThreadLocalRunnable.java:30)
	... 1 more
Caused by: java.net.ConnectException: Connection refused
	... 11 more
2019-09-17 14:55:28,888 [24ee45b5-4e6b-4499-8d3c-0bcd5a303b6d@group-218101269A2C:LeaderElection47] INFO  impl.RaftServerImpl (RaftServerImpl.java:setRole(174)) - 24ee45b5-4e6b-4499-8d3c-0bcd5a303b6d@group-218101269A2C: changes role from CANDIDATE to FOLLOWER at term 26 for DISCOVERED_A_NEW_TERM
2019-09-17 14:55:28,888 [24ee45b5-4e6b-4499-8d3c-0bcd5a303b6d@group-218101269A2C:LeaderElection47] INFO  impl.RoleInfo (RoleInfo.java:shutdownLeaderElection(134)) - 24ee45b5-4e6b-4499-8d3c-0bcd5a303b6d: shutdown LeaderElection
2019-09-17 14:55:28,888 [24ee45b5-4e6b-4499-8d3c-0bcd5a303b6d@group-218101269A2C:LeaderElection47] INFO  impl.RoleInfo (RoleInfo.java:updateAndGet(143)) - 24ee45b5-4e6b-4499-8d3c-0bcd5a303b6d: start FollowerState
2019-09-17 14:55:28,933 [java.util.concurrent.ThreadPoolExecutor$Worker@486b56da[State = -1, empty queue]] WARN  server.GrpcLogAppender (GrpcLogAppender.java:timeoutAppendRequest(200)) - 64dc86e1-b58a-47fa-9209-c80a04613504@group-85515DBFC7EF->296d1e6a-4d03-4625-a926-8603881e9a06-GrpcLogAppender: appendEntries Timeout, request=64dc86e1-b58a-47fa-9209-c80a04613504->296d1e6a-4d03-4625-a926-8603881e9a06#141-t2, previous=(t:2, i:20), leaderCommit=16, initializing? false, entries: <empty>
2019-09-17 14:55:28,933 [java.util.concurrent.ThreadPoolExecutor$Worker@1fe41ca9[State = -1, empty queue]] WARN  server.GrpcLogAppender (GrpcLogAppender.java:timeoutAppendRequest(200)) - 64dc86e1-b58a-47fa-9209-c80a04613504@group-85515DBFC7EF->0d659ca8-8d3f-4ad5-ad2a-cdb4ab88523b-GrpcLogAppender: appendEntries Timeout, request=64dc86e1-b58a-47fa-9209-c80a04613504->0d659ca8-8d3f-4ad5-ad2a-cdb4ab88523b#141-t2, previous=(t:2, i:20), leaderCommit=16, initializing? false, entries: <empty>
2019-09-17 14:55:28,992 [java.util.concurrent.ThreadPoolExecutor$Worker@16fd9795[State = -1, empty queue]] WARN  server.GrpcLogAppender (GrpcLogAppender.java:timeoutAppendRequest(200)) - 9b5674b6-1da3-4a18-a3b1-2bf65c31b2e5@group-A10EF1BAEC68->87bd24bf-ffb9-4c07-ac8f-086f94142b7e-GrpcLogAppender: appendEntries Timeout, request=9b5674b6-1da3-4a18-a3b1-2bf65c31b2e5->87bd24bf-ffb9-4c07-ac8f-086f94142b7e#154-t2, previous=(t:2, i:34), leaderCommit=30, initializing? false, entries: <empty>
2019-09-17 14:55:28,992 [java.util.concurrent.ThreadPoolExecutor$Worker@5ab404d3[State = -1, empty queue]] WARN  server.GrpcLogAppender (GrpcLogAppender.java:timeoutAppendRequest(200)) - 9b5674b6-1da3-4a18-a3b1-2bf65c31b2e5@group-A10EF1BAEC68->55160a25-c10a-4fac-977f-ea88e555cd0f-GrpcLogAppender: appendEntries Timeout, request=9b5674b6-1da3-4a18-a3b1-2bf65c31b2e5->55160a25-c10a-4fac-977f-ea88e555cd0f#154-t2, previous=(t:2, i:34), leaderCommit=30, initializing? false, entries: <empty>
2019-09-17 14:55:29,433 [java.util.concurrent.ThreadPoolExecutor$Worker@1fe41ca9[State = -1, empty queue]] WARN  server.GrpcLogAppender (GrpcLogAppender.java:timeoutAppendRequest(200)) - 64dc86e1-b58a-47fa-9209-c80a04613504@group-85515DBFC7EF->0d659ca8-8d3f-4ad5-ad2a-cdb4ab88523b-GrpcLogAppender: appendEntries Timeout, request=64dc86e1-b58a-47fa-9209-c80a04613504->0d659ca8-8d3f-4ad5-ad2a-cdb4ab88523b#142-t2, previous=(t:2, i:20), leaderCommit=16, initializing? false, entries: <empty>
2019-09-17 14:55:29,433 [java.util.concurrent.ThreadPoolExecutor$Worker@486b56da[State = -1, empty queue]] WARN  server.GrpcLogAppender (GrpcLogAppender.java:timeoutAppendRequest(200)) - 64dc86e1-b58a-47fa-9209-c80a04613504@group-85515DBFC7EF->296d1e6a-4d03-4625-a926-8603881e9a06-GrpcLogAppender: appendEntries Timeout, request=64dc86e1-b58a-47fa-9209-c80a04613504->296d1e6a-4d03-4625-a926-8603881e9a06#142-t2, previous=(t:2, i:20), leaderCommit=16, initializing? false, entries: <empty>
2019-09-17 14:55:29,492 [java.util.concurrent.ThreadPoolExecutor$Worker@16fd9795[State = -1, empty queue]] WARN  server.GrpcLogAppender (GrpcLogAppender.java:timeoutAppendRequest(200)) - 9b5674b6-1da3-4a18-a3b1-2bf65c31b2e5@group-A10EF1BAEC68->87bd24bf-ffb9-4c07-ac8f-086f94142b7e-GrpcLogAppender: appendEntries Timeout, request=9b5674b6-1da3-4a18-a3b1-2bf65c31b2e5->87bd24bf-ffb9-4c07-ac8f-086f94142b7e#155-t2, previous=(t:2, i:34), leaderCommit=30, initializing? false, entries: <empty>
2019-09-17 14:55:29,492 [java.util.concurrent.ThreadPoolExecutor$Worker@5ab404d3[State = -1, empty queue]] WARN  server.GrpcLogAppender (GrpcLogAppender.java:timeoutAppendRequest(200)) - 9b5674b6-1da3-4a18-a3b1-2bf65c31b2e5@group-A10EF1BAEC68->55160a25-c10a-4fac-977f-ea88e555cd0f-GrpcLogAppender: appendEntries Timeout, request=9b5674b6-1da3-4a18-a3b1-2bf65c31b2e5->55160a25-c10a-4fac-977f-ea88e555cd0f#155-t2, previous=(t:2, i:34), leaderCommit=30, initializing? false, entries: <empty>
2019-09-17 14:55:29,933 [java.util.concurrent.ThreadPoolExecutor$Worker@486b56da[State = -1, empty queue]] WARN  server.GrpcLogAppender (GrpcLogAppender.java:timeoutAppendRequest(200)) - 64dc86e1-b58a-47fa-9209-c80a04613504@group-85515DBFC7EF->296d1e6a-4d03-4625-a926-8603881e9a06-GrpcLogAppender: appendEntries Timeout, request=64dc86e1-b58a-47fa-9209-c80a04613504->296d1e6a-4d03-4625-a926-8603881e9a06#143-t2, previous=(t:2, i:20), leaderCommit=16, initializing? false, entries: <empty>
2019-09-17 14:55:29,933 [java.util.concurrent.ThreadPoolExecutor$Worker@1fe41ca9[State = -1, empty queue]] WARN  server.GrpcLogAppender (GrpcLogAppender.java:timeoutAppendRequest(200)) - 64dc86e1-b58a-47fa-9209-c80a04613504@group-85515DBFC7EF->0d659ca8-8d3f-4ad5-ad2a-cdb4ab88523b-GrpcLogAppender: appendEntries Timeout, request=64dc86e1-b58a-47fa-9209-c80a04613504->0d659ca8-8d3f-4ad5-ad2a-cdb4ab88523b#143-t2, previous=(t:2, i:20), leaderCommit=16, initializing? false, entries: <empty>
2019-09-17 14:55:29,992 [java.util.concurrent.ThreadPoolExecutor$Worker@16fd9795[State = -1, empty queue]] WARN  server.GrpcLogAppender (GrpcLogAppender.java:timeoutAppendRequest(200)) - 9b5674b6-1da3-4a18-a3b1-2bf65c31b2e5@group-A10EF1BAEC68->87bd24bf-ffb9-4c07-ac8f-086f94142b7e-GrpcLogAppender: appendEntries Timeout, request=9b5674b6-1da3-4a18-a3b1-2bf65c31b2e5->87bd24bf-ffb9-4c07-ac8f-086f94142b7e#156-t2, previous=(t:2, i:34), leaderCommit=30, initializing? false, entries: <empty>
2019-09-17 14:55:29,993 [java.util.concurrent.ThreadPoolExecutor$Worker@5ab404d3[State = -1, empty queue]] WARN  server.GrpcLogAppender (GrpcLogAppender.java:timeoutAppendRequest(200)) - 9b5674b6-1da3-4a18-a3b1-2bf65c31b2e5@group-A10EF1BAEC68->55160a25-c10a-4fac-977f-ea88e555cd0f-GrpcLogAppender: appendEntries Timeout, request=9b5674b6-1da3-4a18-a3b1-2bf65c31b2e5->55160a25-c10a-4fac-977f-ea88e555cd0f#156-t2, previous=(t:2, i:34), leaderCommit=30, initializing? false, entries: <empty>
2019-09-17 14:55:30,003 [Thread-1418] INFO  impl.FollowerState (FollowerState.java:run(106)) - 24ee45b5-4e6b-4499-8d3c-0bcd5a303b6d:group-218101269A2C changes to CANDIDATE, lastRpcTime:1114, electionTimeout:1114ms
2019-09-17 14:55:30,003 [Thread-1418] INFO  impl.RoleInfo (RoleInfo.java:shutdownFollowerState(121)) - 24ee45b5-4e6b-4499-8d3c-0bcd5a303b6d: shutdown FollowerState
2019-09-17 14:55:30,003 [Thread-1418] INFO  impl.RaftServerImpl (RaftServerImpl.java:setRole(174)) - 24ee45b5-4e6b-4499-8d3c-0bcd5a303b6d@group-218101269A2C: changes role from  FOLLOWER to CANDIDATE at term 26 for changeToCandidate
2019-09-17 14:55:30,004 [Thread-1418] INFO  impl.RoleInfo (RoleInfo.java:updateAndGet(143)) - 24ee45b5-4e6b-4499-8d3c-0bcd5a303b6d: start LeaderElection
2019-09-17 14:55:30,022 [24ee45b5-4e6b-4499-8d3c-0bcd5a303b6d@group-218101269A2C:LeaderElection48] INFO  impl.LeaderElection (LeaderElection.java:askForVotes(182)) - 24ee45b5-4e6b-4499-8d3c-0bcd5a303b6d@group-218101269A2C:LeaderElection48: begin an election at term 27 for 17: [bbb4e265-cb6b-4caa-8b5d-65801261426c:192.168.151.72:38991, 5824bb7b-23b5-4080-8c55-4e36ce35b3ee:192.168.151.72:44174, 24ee45b5-4e6b-4499-8d3c-0bcd5a303b6d:192.168.151.72:44891], old=null
2019-09-17 14:55:30,023 [24ee45b5-4e6b-4499-8d3c-0bcd5a303b6d@group-218101269A2C:LeaderElection48] INFO  impl.LeaderElection (LogUtils.java:infoOrTrace(149)) - 24ee45b5-4e6b-4499-8d3c-0bcd5a303b6d@group-218101269A2C:LeaderElection48 got exception when requesting votes: {}
java.util.concurrent.ExecutionException: org.apache.ratis.thirdparty.io.grpc.StatusRuntimeException: UNAVAILABLE: io exception
	at java.util.concurrent.FutureTask.report(FutureTask.java:122)
	at java.util.concurrent.FutureTask.get(FutureTask.java:192)
	at org.apache.ratis.server.impl.LeaderElection.waitForResults(LeaderElection.java:263)
	at org.apache.ratis.server.impl.LeaderElection.askForVotes(LeaderElection.java:201)
	at org.apache.ratis.server.impl.LeaderElection.run(LeaderElection.java:133)
	at java.lang.Thread.run(Thread.java:748)
Caused by: org.apache.ratis.thirdparty.io.grpc.StatusRuntimeException: UNAVAILABLE: io exception
	at org.apache.ratis.thirdparty.io.grpc.stub.ClientCalls.toStatusRuntimeException(ClientCalls.java:233)
	at org.apache.ratis.thirdparty.io.grpc.stub.ClientCalls.getUnchecked(ClientCalls.java:214)
	at org.apache.ratis.thirdparty.io.grpc.stub.ClientCalls.blockingUnaryCall(ClientCalls.java:139)
	at org.apache.ratis.proto.grpc.RaftServerProtocolServiceGrpc$RaftServerProtocolServiceBlockingStub.requestVote(RaftServerProtocolServiceGrpc.java:265)
	at org.apache.ratis.grpc.server.GrpcServerProtocolClient.requestVote(GrpcServerProtocolClient.java:90)
	at org.apache.ratis.grpc.server.GrpcService.requestVote(GrpcService.java:204)
	at org.apache.ratis.server.impl.LeaderElection.lambda$submitRequests$1(LeaderElection.java:238)
	at java.util.concurrent.FutureTask.run(FutureTask.java:266)
	at java.util.concurrent.Executors$RunnableAdapter.call(Executors.java:511)
	at java.util.concurrent.FutureTask.run(FutureTask.java:266)
	at java.util.concurrent.ThreadPoolExecutor.runWorker(ThreadPoolExecutor.java:1149)
	at java.util.concurrent.ThreadPoolExecutor$Worker.run(ThreadPoolExecutor.java:624)
	... 1 more
Caused by: org.apache.ratis.thirdparty.io.netty.channel.AbstractChannel$AnnotatedConnectException: Connection refused: /192.168.151.72:38991
	at sun.nio.ch.SocketChannelImpl.checkConnect(Native Method)
	at sun.nio.ch.SocketChannelImpl.finishConnect(SocketChannelImpl.java:717)
	at org.apache.ratis.thirdparty.io.netty.channel.socket.nio.NioSocketChannel.doFinishConnect(NioSocketChannel.java:327)
	at org.apache.ratis.thirdparty.io.netty.channel.nio.AbstractNioChannel$AbstractNioUnsafe.finishConnect(AbstractNioChannel.java:340)
	at org.apache.ratis.thirdparty.io.netty.channel.nio.NioEventLoop.processSelectedKey(NioEventLoop.java:632)
	at org.apache.ratis.thirdparty.io.netty.channel.nio.NioEventLoop.processSelectedKeysOptimized(NioEventLoop.java:579)
	at org.apache.ratis.thirdparty.io.netty.channel.nio.NioEventLoop.processSelectedKeys(NioEventLoop.java:496)
	at org.apache.ratis.thirdparty.io.netty.channel.nio.NioEventLoop.run(NioEventLoop.java:458)
	at org.apache.ratis.thirdparty.io.netty.util.concurrent.SingleThreadEventExecutor$5.run(SingleThreadEventExecutor.java:897)
	at org.apache.ratis.thirdparty.io.netty.util.concurrent.FastThreadLocalRunnable.run(FastThreadLocalRunnable.java:30)
	... 1 more
Caused by: java.net.ConnectException: Connection refused
	... 11 more
2019-09-17 14:55:30,024 [24ee45b5-4e6b-4499-8d3c-0bcd5a303b6d@group-218101269A2C:LeaderElection48] INFO  impl.LeaderElection (LogUtils.java:infoOrTrace(149)) - 24ee45b5-4e6b-4499-8d3c-0bcd5a303b6d@group-218101269A2C:LeaderElection48 got exception when requesting votes: {}
java.util.concurrent.ExecutionException: org.apache.ratis.thirdparty.io.grpc.StatusRuntimeException: UNAVAILABLE: io exception
	at java.util.concurrent.FutureTask.report(FutureTask.java:122)
	at java.util.concurrent.FutureTask.get(FutureTask.java:192)
	at org.apache.ratis.server.impl.LeaderElection.waitForResults(LeaderElection.java:263)
	at org.apache.ratis.server.impl.LeaderElection.askForVotes(LeaderElection.java:201)
	at org.apache.ratis.server.impl.LeaderElection.run(LeaderElection.java:133)
	at java.lang.Thread.run(Thread.java:748)
Caused by: org.apache.ratis.thirdparty.io.grpc.StatusRuntimeException: UNAVAILABLE: io exception
	at org.apache.ratis.thirdparty.io.grpc.stub.ClientCalls.toStatusRuntimeException(ClientCalls.java:233)
	at org.apache.ratis.thirdparty.io.grpc.stub.ClientCalls.getUnchecked(ClientCalls.java:214)
	at org.apache.ratis.thirdparty.io.grpc.stub.ClientCalls.blockingUnaryCall(ClientCalls.java:139)
	at org.apache.ratis.proto.grpc.RaftServerProtocolServiceGrpc$RaftServerProtocolServiceBlockingStub.requestVote(RaftServerProtocolServiceGrpc.java:265)
	at org.apache.ratis.grpc.server.GrpcServerProtocolClient.requestVote(GrpcServerProtocolClient.java:90)
	at org.apache.ratis.grpc.server.GrpcService.requestVote(GrpcService.java:204)
	at org.apache.ratis.server.impl.LeaderElection.lambda$submitRequests$1(LeaderElection.java:238)
	at java.util.concurrent.FutureTask.run(FutureTask.java:266)
	at java.util.concurrent.Executors$RunnableAdapter.call(Executors.java:511)
	at java.util.concurrent.FutureTask.run(FutureTask.java:266)
	at java.util.concurrent.ThreadPoolExecutor.runWorker(ThreadPoolExecutor.java:1149)
	at java.util.concurrent.ThreadPoolExecutor$Worker.run(ThreadPoolExecutor.java:624)
	... 1 more
Caused by: org.apache.ratis.thirdparty.io.netty.channel.AbstractChannel$AnnotatedConnectException: Connection refused: /192.168.151.72:44174
	at sun.nio.ch.SocketChannelImpl.checkConnect(Native Method)
	at sun.nio.ch.SocketChannelImpl.finishConnect(SocketChannelImpl.java:717)
	at org.apache.ratis.thirdparty.io.netty.channel.socket.nio.NioSocketChannel.doFinishConnect(NioSocketChannel.java:327)
	at org.apache.ratis.thirdparty.io.netty.channel.nio.AbstractNioChannel$AbstractNioUnsafe.finishConnect(AbstractNioChannel.java:340)
	at org.apache.ratis.thirdparty.io.netty.channel.nio.NioEventLoop.processSelectedKey(NioEventLoop.java:632)
	at org.apache.ratis.thirdparty.io.netty.channel.nio.NioEventLoop.processSelectedKeysOptimized(NioEventLoop.java:579)
	at org.apache.ratis.thirdparty.io.netty.channel.nio.NioEventLoop.processSelectedKeys(NioEventLoop.java:496)
	at org.apache.ratis.thirdparty.io.netty.channel.nio.NioEventLoop.run(NioEventLoop.java:458)
	at org.apache.ratis.thirdparty.io.netty.util.concurrent.SingleThreadEventExecutor$5.run(SingleThreadEventExecutor.java:897)
	at org.apache.ratis.thirdparty.io.netty.util.concurrent.FastThreadLocalRunnable.run(FastThreadLocalRunnable.java:30)
	... 1 more
Caused by: java.net.ConnectException: Connection refused
	... 11 more
2019-09-17 14:55:30,025 [24ee45b5-4e6b-4499-8d3c-0bcd5a303b6d@group-218101269A2C:LeaderElection48] INFO  impl.LeaderElection (LeaderElection.java:logAndReturn(56)) - 24ee45b5-4e6b-4499-8d3c-0bcd5a303b6d@group-218101269A2C:LeaderElection48: Election REJECTED; received 0 response(s) [] and 2 exception(s); 24ee45b5-4e6b-4499-8d3c-0bcd5a303b6d@group-218101269A2C:t27, leader=null, voted=24ee45b5-4e6b-4499-8d3c-0bcd5a303b6d, raftlog=24ee45b5-4e6b-4499-8d3c-0bcd5a303b6d@group-218101269A2C-SegmentedRaftLog:OPENED:c29,f29,i29, conf=17: [bbb4e265-cb6b-4caa-8b5d-65801261426c:192.168.151.72:38991, 5824bb7b-23b5-4080-8c55-4e36ce35b3ee:192.168.151.72:44174, 24ee45b5-4e6b-4499-8d3c-0bcd5a303b6d:192.168.151.72:44891], old=null
2019-09-17 14:55:30,025 [24ee45b5-4e6b-4499-8d3c-0bcd5a303b6d@group-218101269A2C:LeaderElection48] INFO  impl.LeaderElection (LogUtils.java:infoOrTrace(149)) -   Exception 0: {}
java.util.concurrent.ExecutionException: org.apache.ratis.thirdparty.io.grpc.StatusRuntimeException: UNAVAILABLE: io exception
	at java.util.concurrent.FutureTask.report(FutureTask.java:122)
	at java.util.concurrent.FutureTask.get(FutureTask.java:192)
	at org.apache.ratis.server.impl.LeaderElection.waitForResults(LeaderElection.java:263)
	at org.apache.ratis.server.impl.LeaderElection.askForVotes(LeaderElection.java:201)
	at org.apache.ratis.server.impl.LeaderElection.run(LeaderElection.java:133)
	at java.lang.Thread.run(Thread.java:748)
Caused by: org.apache.ratis.thirdparty.io.grpc.StatusRuntimeException: UNAVAILABLE: io exception
	at org.apache.ratis.thirdparty.io.grpc.stub.ClientCalls.toStatusRuntimeException(ClientCalls.java:233)
	at org.apache.ratis.thirdparty.io.grpc.stub.ClientCalls.getUnchecked(ClientCalls.java:214)
	at org.apache.ratis.thirdparty.io.grpc.stub.ClientCalls.blockingUnaryCall(ClientCalls.java:139)
	at org.apache.ratis.proto.grpc.RaftServerProtocolServiceGrpc$RaftServerProtocolServiceBlockingStub.requestVote(RaftServerProtocolServiceGrpc.java:265)
	at org.apache.ratis.grpc.server.GrpcServerProtocolClient.requestVote(GrpcServerProtocolClient.java:90)
	at org.apache.ratis.grpc.server.GrpcService.requestVote(GrpcService.java:204)
	at org.apache.ratis.server.impl.LeaderElection.lambda$submitRequests$1(LeaderElection.java:238)
	at java.util.concurrent.FutureTask.run(FutureTask.java:266)
	at java.util.concurrent.Executors$RunnableAdapter.call(Executors.java:511)
	at java.util.concurrent.FutureTask.run(FutureTask.java:266)
	at java.util.concurrent.ThreadPoolExecutor.runWorker(ThreadPoolExecutor.java:1149)
	at java.util.concurrent.ThreadPoolExecutor$Worker.run(ThreadPoolExecutor.java:624)
	... 1 more
Caused by: org.apache.ratis.thirdparty.io.netty.channel.AbstractChannel$AnnotatedConnectException: Connection refused: /192.168.151.72:38991
	at sun.nio.ch.SocketChannelImpl.checkConnect(Native Method)
	at sun.nio.ch.SocketChannelImpl.finishConnect(SocketChannelImpl.java:717)
	at org.apache.ratis.thirdparty.io.netty.channel.socket.nio.NioSocketChannel.doFinishConnect(NioSocketChannel.java:327)
	at org.apache.ratis.thirdparty.io.netty.channel.nio.AbstractNioChannel$AbstractNioUnsafe.finishConnect(AbstractNioChannel.java:340)
	at org.apache.ratis.thirdparty.io.netty.channel.nio.NioEventLoop.processSelectedKey(NioEventLoop.java:632)
	at org.apache.ratis.thirdparty.io.netty.channel.nio.NioEventLoop.processSelectedKeysOptimized(NioEventLoop.java:579)
	at org.apache.ratis.thirdparty.io.netty.channel.nio.NioEventLoop.processSelectedKeys(NioEventLoop.java:496)
	at org.apache.ratis.thirdparty.io.netty.channel.nio.NioEventLoop.run(NioEventLoop.java:458)
	at org.apache.ratis.thirdparty.io.netty.util.concurrent.SingleThreadEventExecutor$5.run(SingleThreadEventExecutor.java:897)
	at org.apache.ratis.thirdparty.io.netty.util.concurrent.FastThreadLocalRunnable.run(FastThreadLocalRunnable.java:30)
	... 1 more
Caused by: java.net.ConnectException: Connection refused
	... 11 more
2019-09-17 14:55:30,025 [24ee45b5-4e6b-4499-8d3c-0bcd5a303b6d@group-218101269A2C:LeaderElection48] INFO  impl.LeaderElection (LogUtils.java:infoOrTrace(149)) -   Exception 1: {}
java.util.concurrent.ExecutionException: org.apache.ratis.thirdparty.io.grpc.StatusRuntimeException: UNAVAILABLE: io exception
	at java.util.concurrent.FutureTask.report(FutureTask.java:122)
	at java.util.concurrent.FutureTask.get(FutureTask.java:192)
	at org.apache.ratis.server.impl.LeaderElection.waitForResults(LeaderElection.java:263)
	at org.apache.ratis.server.impl.LeaderElection.askForVotes(LeaderElection.java:201)
	at org.apache.ratis.server.impl.LeaderElection.run(LeaderElection.java:133)
	at java.lang.Thread.run(Thread.java:748)
Caused by: org.apache.ratis.thirdparty.io.grpc.StatusRuntimeException: UNAVAILABLE: io exception
	at org.apache.ratis.thirdparty.io.grpc.stub.ClientCalls.toStatusRuntimeException(ClientCalls.java:233)
	at org.apache.ratis.thirdparty.io.grpc.stub.ClientCalls.getUnchecked(ClientCalls.java:214)
	at org.apache.ratis.thirdparty.io.grpc.stub.ClientCalls.blockingUnaryCall(ClientCalls.java:139)
	at org.apache.ratis.proto.grpc.RaftServerProtocolServiceGrpc$RaftServerProtocolServiceBlockingStub.requestVote(RaftServerProtocolServiceGrpc.java:265)
	at org.apache.ratis.grpc.server.GrpcServerProtocolClient.requestVote(GrpcServerProtocolClient.java:90)
	at org.apache.ratis.grpc.server.GrpcService.requestVote(GrpcService.java:204)
	at org.apache.ratis.server.impl.LeaderElection.lambda$submitRequests$1(LeaderElection.java:238)
	at java.util.concurrent.FutureTask.run(FutureTask.java:266)
	at java.util.concurrent.Executors$RunnableAdapter.call(Executors.java:511)
	at java.util.concurrent.FutureTask.run(FutureTask.java:266)
	at java.util.concurrent.ThreadPoolExecutor.runWorker(ThreadPoolExecutor.java:1149)
	at java.util.concurrent.ThreadPoolExecutor$Worker.run(ThreadPoolExecutor.java:624)
	... 1 more
Caused by: org.apache.ratis.thirdparty.io.netty.channel.AbstractChannel$AnnotatedConnectException: Connection refused: /192.168.151.72:44174
	at sun.nio.ch.SocketChannelImpl.checkConnect(Native Method)
	at sun.nio.ch.SocketChannelImpl.finishConnect(SocketChannelImpl.java:717)
	at org.apache.ratis.thirdparty.io.netty.channel.socket.nio.NioSocketChannel.doFinishConnect(NioSocketChannel.java:327)
	at org.apache.ratis.thirdparty.io.netty.channel.nio.AbstractNioChannel$AbstractNioUnsafe.finishConnect(AbstractNioChannel.java:340)
	at org.apache.ratis.thirdparty.io.netty.channel.nio.NioEventLoop.processSelectedKey(NioEventLoop.java:632)
	at org.apache.ratis.thirdparty.io.netty.channel.nio.NioEventLoop.processSelectedKeysOptimized(NioEventLoop.java:579)
	at org.apache.ratis.thirdparty.io.netty.channel.nio.NioEventLoop.processSelectedKeys(NioEventLoop.java:496)
	at org.apache.ratis.thirdparty.io.netty.channel.nio.NioEventLoop.run(NioEventLoop.java:458)
	at org.apache.ratis.thirdparty.io.netty.util.concurrent.SingleThreadEventExecutor$5.run(SingleThreadEventExecutor.java:897)
	at org.apache.ratis.thirdparty.io.netty.util.concurrent.FastThreadLocalRunnable.run(FastThreadLocalRunnable.java:30)
	... 1 more
Caused by: java.net.ConnectException: Connection refused
	... 11 more
2019-09-17 14:55:30,026 [24ee45b5-4e6b-4499-8d3c-0bcd5a303b6d@group-218101269A2C:LeaderElection48] INFO  impl.RaftServerImpl (RaftServerImpl.java:setRole(174)) - 24ee45b5-4e6b-4499-8d3c-0bcd5a303b6d@group-218101269A2C: changes role from CANDIDATE to FOLLOWER at term 27 for DISCOVERED_A_NEW_TERM
2019-09-17 14:55:30,026 [24ee45b5-4e6b-4499-8d3c-0bcd5a303b6d@group-218101269A2C:LeaderElection48] INFO  impl.RoleInfo (RoleInfo.java:shutdownLeaderElection(134)) - 24ee45b5-4e6b-4499-8d3c-0bcd5a303b6d: shutdown LeaderElection
2019-09-17 14:55:30,026 [24ee45b5-4e6b-4499-8d3c-0bcd5a303b6d@group-218101269A2C:LeaderElection48] INFO  impl.RoleInfo (RoleInfo.java:updateAndGet(143)) - 24ee45b5-4e6b-4499-8d3c-0bcd5a303b6d: start FollowerState
2019-09-17 14:55:30,433 [java.util.concurrent.ThreadPoolExecutor$Worker@486b56da[State = -1, empty queue]] WARN  server.GrpcLogAppender (GrpcLogAppender.java:timeoutAppendRequest(200)) - 64dc86e1-b58a-47fa-9209-c80a04613504@group-85515DBFC7EF->296d1e6a-4d03-4625-a926-8603881e9a06-GrpcLogAppender: appendEntries Timeout, request=64dc86e1-b58a-47fa-9209-c80a04613504->296d1e6a-4d03-4625-a926-8603881e9a06#144-t2, previous=(t:2, i:20), leaderCommit=16, initializing? false, entries: <empty>
2019-09-17 14:55:30,434 [java.util.concurrent.ThreadPoolExecutor$Worker@1fe41ca9[State = -1, empty queue]] WARN  server.GrpcLogAppender (GrpcLogAppender.java:timeoutAppendRequest(200)) - 64dc86e1-b58a-47fa-9209-c80a04613504@group-85515DBFC7EF->0d659ca8-8d3f-4ad5-ad2a-cdb4ab88523b-GrpcLogAppender: appendEntries Timeout, request=64dc86e1-b58a-47fa-9209-c80a04613504->0d659ca8-8d3f-4ad5-ad2a-cdb4ab88523b#144-t2, previous=(t:2, i:20), leaderCommit=16, initializing? false, entries: <empty>
2019-09-17 14:55:30,492 [java.util.concurrent.ThreadPoolExecutor$Worker@16fd9795[State = -1, empty queue]] WARN  server.GrpcLogAppender (GrpcLogAppender.java:timeoutAppendRequest(200)) - 9b5674b6-1da3-4a18-a3b1-2bf65c31b2e5@group-A10EF1BAEC68->87bd24bf-ffb9-4c07-ac8f-086f94142b7e-GrpcLogAppender: appendEntries Timeout, request=9b5674b6-1da3-4a18-a3b1-2bf65c31b2e5->87bd24bf-ffb9-4c07-ac8f-086f94142b7e#157-t2, previous=(t:2, i:34), leaderCommit=30, initializing? false, entries: <empty>
2019-09-17 14:55:30,493 [java.util.concurrent.ThreadPoolExecutor$Worker@5ab404d3[State = -1, empty queue]] WARN  server.GrpcLogAppender (GrpcLogAppender.java:timeoutAppendRequest(200)) - 9b5674b6-1da3-4a18-a3b1-2bf65c31b2e5@group-A10EF1BAEC68->55160a25-c10a-4fac-977f-ea88e555cd0f-GrpcLogAppender: appendEntries Timeout, request=9b5674b6-1da3-4a18-a3b1-2bf65c31b2e5->55160a25-c10a-4fac-977f-ea88e555cd0f#157-t2, previous=(t:2, i:34), leaderCommit=30, initializing? false, entries: <empty>
2019-09-17 14:55:30,624 [main] WARN  io.KeyOutputStream (KeyOutputStream.java:handleException(276)) - Encountered exception java.io.IOException: Unexpected Storage Container Exception: java.util.concurrent.CompletionException: java.util.concurrent.CompletionException: org.apache.ratis.protocol.RaftRetryFailureException: Failed RaftClientRequest:client-CBA6351075E1->9b5674b6-1da3-4a18-a3b1-2bf65c31b2e5@group-A10EF1BAEC68, cid=73, seq=9*, RW, org.apache.hadoop.hdds.scm.XceiverClientRatis$$Lambda$435/1403539444@7c7b9011 for 10 attempts with RetryLimited(maxAttempts=10, sleepTime=1000ms) on the pipeline Pipeline[ Id: a9c0be52-3882-478e-9292-a10ef1baec68, Nodes: 87bd24bf-ffb9-4c07-ac8f-086f94142b7e{ip: 192.168.151.72, host: pr-hdds-2137-trunk-f8w4d-2934045284, networkLocation: /default-rack, certSerialId: null}55160a25-c10a-4fac-977f-ea88e555cd0f{ip: 192.168.151.72, host: pr-hdds-2137-trunk-f8w4d-2934045284, networkLocation: /default-rack, certSerialId: null}9b5674b6-1da3-4a18-a3b1-2bf65c31b2e5{ip: 192.168.151.72, host: pr-hdds-2137-trunk-f8w4d-2934045284, networkLocation: /default-rack, certSerialId: null}, Type:RATIS, Factor:THREE, State:OPEN]. The last committed block length is 0, uncommitted data length is 2097152 retry count 0
2019-09-17 14:55:30,663 [IPC Server handler 7 on 43483] WARN  block.BlockManagerImpl (BlockManagerImpl.java:allocateBlock(192)) - Pipeline creation failed for type:RATIS factor:THREE. Retrying get pipelines call once.
org.apache.hadoop.hdds.scm.pipeline.InsufficientDatanodesException: Cannot create pipeline of factor 3 using 1 nodes.
	at org.apache.hadoop.hdds.scm.pipeline.RatisPipelineProvider.create(RatisPipelineProvider.java:152)
	at org.apache.hadoop.hdds.scm.pipeline.PipelineFactory.create(PipelineFactory.java:57)
	at org.apache.hadoop.hdds.scm.pipeline.SCMPipelineManager.createPipeline(SCMPipelineManager.java:151)
	at org.apache.hadoop.hdds.scm.block.BlockManagerImpl.allocateBlock(BlockManagerImpl.java:190)
	at org.apache.hadoop.hdds.scm.server.SCMBlockProtocolServer.allocateBlock(SCMBlockProtocolServer.java:182)
	at org.apache.hadoop.ozone.protocolPB.ScmBlockLocationProtocolServerSideTranslatorPB.allocateScmBlock(ScmBlockLocationProtocolServerSideTranslatorPB.java:183)
	at org.apache.hadoop.ozone.protocolPB.ScmBlockLocationProtocolServerSideTranslatorPB.processMessage(ScmBlockLocationProtocolServerSideTranslatorPB.java:141)
	at org.apache.hadoop.ozone.protocolPB.ScmBlockLocationProtocolServerSideTranslatorPB.send(ScmBlockLocationProtocolServerSideTranslatorPB.java:116)
	at org.apache.hadoop.hdds.protocol.proto.ScmBlockLocationProtocolProtos$ScmBlockLocationProtocolService$2.callBlockingMethod(ScmBlockLocationProtocolProtos.java:13157)
	at org.apache.hadoop.ipc.ProtobufRpcEngine$Server$ProtoBufRpcInvoker.call(ProtobufRpcEngine.java:524)
	at org.apache.hadoop.ipc.RPC$Server.call(RPC.java:1025)
	at org.apache.hadoop.ipc.Server$RpcCall.run(Server.java:876)
	at org.apache.hadoop.ipc.Server$RpcCall.run(Server.java:822)
	at java.security.AccessController.doPrivileged(Native Method)
	at javax.security.auth.Subject.doAs(Subject.java:422)
	at org.apache.hadoop.security.UserGroupInformation.doAs(UserGroupInformation.java:1730)
	at org.apache.hadoop.ipc.Server$Handler.run(Server.java:2682)
2019-09-17 14:55:30,665 [IPC Server handler 7 on 43483] INFO  block.BlockManagerImpl (BlockManagerImpl.java:allocateBlock(198)) - Could not find available pipeline of type:RATIS and factor:THREE even after retrying
2019-09-17 14:55:30,666 [IPC Server handler 7 on 43483] ERROR block.BlockManagerImpl (BlockManagerImpl.java:allocateBlock(222)) - Unable to allocate a block for the size: 4194304, type: RATIS, factor: THREE
2019-09-17 14:55:30,672 [main] ERROR io.BlockOutputStreamEntryPool (BlockOutputStreamEntryPool.java:allocateBlockIfNeeded(299)) - Try to allocate more blocks for write failed, already allocated 0 blocks for this write.
INTERNAL_ERROR org.apache.hadoop.ozone.om.exceptions.OMException: Allocated 0 blocks. Requested 1 blocks
	at org.apache.hadoop.ozone.om.protocolPB.OzoneManagerProtocolClientSideTranslatorPB.handleError(OzoneManagerProtocolClientSideTranslatorPB.java:726)
	at org.apache.hadoop.ozone.om.protocolPB.OzoneManagerProtocolClientSideTranslatorPB.allocateBlock(OzoneManagerProtocolClientSideTranslatorPB.java:758)
	at sun.reflect.NativeMethodAccessorImpl.invoke0(Native Method)
	at sun.reflect.NativeMethodAccessorImpl.invoke(NativeMethodAccessorImpl.java:62)
	at sun.reflect.DelegatingMethodAccessorImpl.invoke(DelegatingMethodAccessorImpl.java:43)
	at java.lang.reflect.Method.invoke(Method.java:498)
	at org.apache.hadoop.hdds.tracing.TraceAllMethod.invoke(TraceAllMethod.java:66)
	at com.sun.proxy.$Proxy36.allocateBlock(Unknown Source)
	at org.apache.hadoop.ozone.client.io.BlockOutputStreamEntryPool.allocateNewBlock(BlockOutputStreamEntryPool.java:248)
	at org.apache.hadoop.ozone.client.io.BlockOutputStreamEntryPool.allocateBlockIfNeeded(BlockOutputStreamEntryPool.java:296)
	at org.apache.hadoop.ozone.client.io.KeyOutputStream.handleWrite(KeyOutputStream.java:201)
	at org.apache.hadoop.ozone.client.io.KeyOutputStream.handleRetry(KeyOutputStream.java:376)
	at org.apache.hadoop.ozone.client.io.KeyOutputStream.handleException(KeyOutputStream.java:325)
	at org.apache.hadoop.ozone.client.io.KeyOutputStream.handleWrite(KeyOutputStream.java:231)
	at org.apache.hadoop.ozone.client.io.KeyOutputStream.write(KeyOutputStream.java:193)
	at org.apache.hadoop.ozone.client.io.OzoneOutputStream.write(OzoneOutputStream.java:49)
	at java.io.OutputStream.write(OutputStream.java:75)
	at org.apache.hadoop.ozone.client.rpc.TestMultiBlockWritesWithDnFailures.testMultiBlockWritesWithIntermittentDnFailures(TestMultiBlockWritesWithDnFailures.java:196)
	at sun.reflect.NativeMethodAccessorImpl.invoke0(Native Method)
	at sun.reflect.NativeMethodAccessorImpl.invoke(NativeMethodAccessorImpl.java:62)
	at sun.reflect.DelegatingMethodAccessorImpl.invoke(DelegatingMethodAccessorImpl.java:43)
	at java.lang.reflect.Method.invoke(Method.java:498)
	at org.junit.runners.model.FrameworkMethod$1.runReflectiveCall(FrameworkMethod.java:47)
	at org.junit.internal.runners.model.ReflectiveCallable.run(ReflectiveCallable.java:12)
	at org.junit.runners.model.FrameworkMethod.invokeExplosively(FrameworkMethod.java:44)
	at org.junit.internal.runners.statements.InvokeMethod.evaluate(InvokeMethod.java:17)
	at org.junit.internal.runners.statements.RunAfters.evaluate(RunAfters.java:27)
	at org.junit.runners.ParentRunner.runLeaf(ParentRunner.java:271)
	at org.junit.runners.BlockJUnit4ClassRunner.runChild(BlockJUnit4ClassRunner.java:70)
	at org.junit.runners.BlockJUnit4ClassRunner.runChild(BlockJUnit4ClassRunner.java:50)
	at org.junit.runners.ParentRunner$3.run(ParentRunner.java:238)
	at org.junit.runners.ParentRunner$1.schedule(ParentRunner.java:63)
	at org.junit.runners.ParentRunner.runChildren(ParentRunner.java:236)
	at org.junit.runners.ParentRunner.access$000(ParentRunner.java:53)
	at org.junit.runners.ParentRunner$2.evaluate(ParentRunner.java:229)
	at org.junit.runners.ParentRunner.run(ParentRunner.java:309)
	at org.apache.maven.surefire.junit4.JUnit4Provider.execute(JUnit4Provider.java:365)
	at org.apache.maven.surefire.junit4.JUnit4Provider.executeWithRerun(JUnit4Provider.java:273)
	at org.apache.maven.surefire.junit4.JUnit4Provider.executeTestSet(JUnit4Provider.java:238)
	at org.apache.maven.surefire.junit4.JUnit4Provider.invoke(JUnit4Provider.java:159)
	at org.apache.maven.surefire.booter.ForkedBooter.invokeProviderInSameClassLoader(ForkedBooter.java:384)
	at org.apache.maven.surefire.booter.ForkedBooter.runSuitesInProcess(ForkedBooter.java:345)
	at org.apache.maven.surefire.booter.ForkedBooter.execute(ForkedBooter.java:126)
	at org.apache.maven.surefire.booter.ForkedBooter.main(ForkedBooter.java:418)
2019-09-17 14:55:30,673 [main] INFO  ozone.MiniOzoneClusterImpl (MiniOzoneClusterImpl.java:shutdown(312)) - Shutting down the Mini Ozone Cluster
2019-09-17 14:55:30,674 [main] INFO  ozone.MiniOzoneClusterImpl (MiniOzoneClusterImpl.java:stop(327)) - Stopping the Mini Ozone Cluster
2019-09-17 14:55:30,674 [main] INFO  ozone.MiniOzoneClusterImpl (MiniOzoneClusterImpl.java:stop(329)) - Stopping the OzoneManager
2019-09-17 14:55:30,674 [main] INFO  ipc.Server (Server.java:stop(3082)) - Stopping server on 38916
2019-09-17 14:55:30,688 [IPC Server listener on 38916] INFO  ipc.Server (Server.java:run(1185)) - Stopping IPC Server listener on 38916
2019-09-17 14:55:30,691 [main] INFO  ratis.OzoneManagerDoubleBuffer (OzoneManagerDoubleBuffer.java:stop(248)) - Stopping OMDoubleBuffer flush thread
2019-09-17 14:55:30,694 [IPC Server Responder] INFO  ipc.Server (Server.java:run(1319)) - Stopping IPC Server Responder
2019-09-17 14:55:30,704 [OMDoubleBufferFlushThread] INFO  ratis.OzoneManagerDoubleBuffer (OzoneManagerDoubleBuffer.java:flushTransactions(191)) - OMDoubleBuffer flush thread OMDoubleBufferFlushThread is interrupted and will exit. OMDoubleBufferFlushThread
2019-09-17 14:55:30,713 [main] INFO  utils.BackgroundService (BackgroundService.java:shutdown(148)) - Shutting down service KeyDeletingService
2019-09-17 14:55:30,739 [main] INFO  handler.ContextHandler (ContextHandler.java:doStop(910)) - Stopped o.e.j.w.WebAppContext@55b8dbda{/,null,UNAVAILABLE}{/ozoneManager}
2019-09-17 14:55:30,740 [main] INFO  server.AbstractConnector (AbstractConnector.java:doStop(318)) - Stopped ServerConnector@3b569985{HTTP/1.1,[http/1.1]}{0.0.0.0:0}
2019-09-17 14:55:30,741 [main] INFO  handler.ContextHandler (ContextHandler.java:doStop(910)) - Stopped o.e.j.s.ServletContextHandler@677b8e13{/static,file:///workdir/hadoop-ozone/integration-test/target/test-classes/webapps/static,UNAVAILABLE}
2019-09-17 14:55:30,741 [main] INFO  handler.ContextHandler (ContextHandler.java:doStop(910)) - Stopped o.e.j.s.ServletContextHandler@74fe5966{/logs,file:///workdir/hadoop-ozone/integration-test/target/log,UNAVAILABLE}
2019-09-17 14:55:30,746 [main] INFO  ozone.MiniOzoneClusterImpl (MiniOzoneClusterImpl.java:stop(335)) - Shutting the HddsDatanodes
2019-09-17 14:55:30,934 [java.util.concurrent.ThreadPoolExecutor$Worker@486b56da[State = -1, empty queue]] WARN  server.GrpcLogAppender (GrpcLogAppender.java:timeoutAppendRequest(200)) - 64dc86e1-b58a-47fa-9209-c80a04613504@group-85515DBFC7EF->296d1e6a-4d03-4625-a926-8603881e9a06-GrpcLogAppender: appendEntries Timeout, request=64dc86e1-b58a-47fa-9209-c80a04613504->296d1e6a-4d03-4625-a926-8603881e9a06#145-t2, previous=(t:2, i:20), leaderCommit=16, initializing? false, entries: <empty>
2019-09-17 14:55:30,934 [java.util.concurrent.ThreadPoolExecutor$Worker@1fe41ca9[State = -1, empty queue]] WARN  server.GrpcLogAppender (GrpcLogAppender.java:timeoutAppendRequest(200)) - 64dc86e1-b58a-47fa-9209-c80a04613504@group-85515DBFC7EF->0d659ca8-8d3f-4ad5-ad2a-cdb4ab88523b-GrpcLogAppender: appendEntries Timeout, request=64dc86e1-b58a-47fa-9209-c80a04613504->0d659ca8-8d3f-4ad5-ad2a-cdb4ab88523b#145-t2, previous=(t:2, i:20), leaderCommit=16, initializing? false, entries: <empty>
2019-09-17 14:55:30,993 [java.util.concurrent.ThreadPoolExecutor$Worker@16fd9795[State = -1, empty queue]] WARN  server.GrpcLogAppender (GrpcLogAppender.java:timeoutAppendRequest(200)) - 9b5674b6-1da3-4a18-a3b1-2bf65c31b2e5@group-A10EF1BAEC68->87bd24bf-ffb9-4c07-ac8f-086f94142b7e-GrpcLogAppender: appendEntries Timeout, request=9b5674b6-1da3-4a18-a3b1-2bf65c31b2e5->87bd24bf-ffb9-4c07-ac8f-086f94142b7e#158-t2, previous=(t:2, i:34), leaderCommit=30, initializing? false, entries: <empty>
2019-09-17 14:55:30,993 [java.util.concurrent.ThreadPoolExecutor$Worker@5ab404d3[State = -1, empty queue]] WARN  server.GrpcLogAppender (GrpcLogAppender.java:timeoutAppendRequest(200)) - 9b5674b6-1da3-4a18-a3b1-2bf65c31b2e5@group-A10EF1BAEC68->55160a25-c10a-4fac-977f-ea88e555cd0f-GrpcLogAppender: appendEntries Timeout, request=9b5674b6-1da3-4a18-a3b1-2bf65c31b2e5->55160a25-c10a-4fac-977f-ea88e555cd0f#158-t2, previous=(t:2, i:34), leaderCommit=30, initializing? false, entries: <empty>
2019-09-17 14:55:31,198 [Thread-1434] INFO  impl.FollowerState (FollowerState.java:run(106)) - 24ee45b5-4e6b-4499-8d3c-0bcd5a303b6d:group-218101269A2C changes to CANDIDATE, lastRpcTime:1171, electionTimeout:1171ms
2019-09-17 14:55:31,198 [Thread-1434] INFO  impl.RoleInfo (RoleInfo.java:shutdownFollowerState(121)) - 24ee45b5-4e6b-4499-8d3c-0bcd5a303b6d: shutdown FollowerState
2019-09-17 14:55:31,198 [Thread-1434] INFO  impl.RaftServerImpl (RaftServerImpl.java:setRole(174)) - 24ee45b5-4e6b-4499-8d3c-0bcd5a303b6d@group-218101269A2C: changes role from  FOLLOWER to CANDIDATE at term 27 for changeToCandidate
2019-09-17 14:55:31,198 [Thread-1434] INFO  impl.RoleInfo (RoleInfo.java:updateAndGet(143)) - 24ee45b5-4e6b-4499-8d3c-0bcd5a303b6d: start LeaderElection
2019-09-17 14:55:31,213 [24ee45b5-4e6b-4499-8d3c-0bcd5a303b6d@group-218101269A2C:LeaderElection49] INFO  impl.LeaderElection (LeaderElection.java:askForVotes(182)) - 24ee45b5-4e6b-4499-8d3c-0bcd5a303b6d@group-218101269A2C:LeaderElection49: begin an election at term 28 for 17: [bbb4e265-cb6b-4caa-8b5d-65801261426c:192.168.151.72:38991, 5824bb7b-23b5-4080-8c55-4e36ce35b3ee:192.168.151.72:44174, 24ee45b5-4e6b-4499-8d3c-0bcd5a303b6d:192.168.151.72:44891], old=null
2019-09-17 14:55:31,214 [24ee45b5-4e6b-4499-8d3c-0bcd5a303b6d@group-218101269A2C:LeaderElection49] INFO  impl.LeaderElection (LogUtils.java:infoOrTrace(149)) - 24ee45b5-4e6b-4499-8d3c-0bcd5a303b6d@group-218101269A2C:LeaderElection49 got exception when requesting votes: {}
java.util.concurrent.ExecutionException: org.apache.ratis.thirdparty.io.grpc.StatusRuntimeException: UNAVAILABLE: io exception
	at java.util.concurrent.FutureTask.report(FutureTask.java:122)
	at java.util.concurrent.FutureTask.get(FutureTask.java:192)
	at org.apache.ratis.server.impl.LeaderElection.waitForResults(LeaderElection.java:263)
	at org.apache.ratis.server.impl.LeaderElection.askForVotes(LeaderElection.java:201)
	at org.apache.ratis.server.impl.LeaderElection.run(LeaderElection.java:133)
	at java.lang.Thread.run(Thread.java:748)
Caused by: org.apache.ratis.thirdparty.io.grpc.StatusRuntimeException: UNAVAILABLE: io exception
	at org.apache.ratis.thirdparty.io.grpc.stub.ClientCalls.toStatusRuntimeException(ClientCalls.java:233)
	at org.apache.ratis.thirdparty.io.grpc.stub.ClientCalls.getUnchecked(ClientCalls.java:214)
	at org.apache.ratis.thirdparty.io.grpc.stub.ClientCalls.blockingUnaryCall(ClientCalls.java:139)
	at org.apache.ratis.proto.grpc.RaftServerProtocolServiceGrpc$RaftServerProtocolServiceBlockingStub.requestVote(RaftServerProtocolServiceGrpc.java:265)
	at org.apache.ratis.grpc.server.GrpcServerProtocolClient.requestVote(GrpcServerProtocolClient.java:90)
	at org.apache.ratis.grpc.server.GrpcService.requestVote(GrpcService.java:204)
	at org.apache.ratis.server.impl.LeaderElection.lambda$submitRequests$1(LeaderElection.java:238)
	at java.util.concurrent.FutureTask.run(FutureTask.java:266)
	at java.util.concurrent.Executors$RunnableAdapter.call(Executors.java:511)
	at java.util.concurrent.FutureTask.run(FutureTask.java:266)
	at java.util.concurrent.ThreadPoolExecutor.runWorker(ThreadPoolExecutor.java:1149)
	at java.util.concurrent.ThreadPoolExecutor$Worker.run(ThreadPoolExecutor.java:624)
	... 1 more
Caused by: org.apache.ratis.thirdparty.io.netty.channel.AbstractChannel$AnnotatedConnectException: Connection refused: /192.168.151.72:44174
	at sun.nio.ch.SocketChannelImpl.checkConnect(Native Method)
	at sun.nio.ch.SocketChannelImpl.finishConnect(SocketChannelImpl.java:717)
	at org.apache.ratis.thirdparty.io.netty.channel.socket.nio.NioSocketChannel.doFinishConnect(NioSocketChannel.java:327)
	at org.apache.ratis.thirdparty.io.netty.channel.nio.AbstractNioChannel$AbstractNioUnsafe.finishConnect(AbstractNioChannel.java:340)
	at org.apache.ratis.thirdparty.io.netty.channel.nio.NioEventLoop.processSelectedKey(NioEventLoop.java:632)
	at org.apache.ratis.thirdparty.io.netty.channel.nio.NioEventLoop.processSelectedKeysOptimized(NioEventLoop.java:579)
	at org.apache.ratis.thirdparty.io.netty.channel.nio.NioEventLoop.processSelectedKeys(NioEventLoop.java:496)
	at org.apache.ratis.thirdparty.io.netty.channel.nio.NioEventLoop.run(NioEventLoop.java:458)
	at org.apache.ratis.thirdparty.io.netty.util.concurrent.SingleThreadEventExecutor$5.run(SingleThreadEventExecutor.java:897)
	at org.apache.ratis.thirdparty.io.netty.util.concurrent.FastThreadLocalRunnable.run(FastThreadLocalRunnable.java:30)
	... 1 more
Caused by: java.net.ConnectException: Connection refused
	... 11 more
2019-09-17 14:55:31,215 [24ee45b5-4e6b-4499-8d3c-0bcd5a303b6d@group-218101269A2C:LeaderElection49] INFO  impl.LeaderElection (LogUtils.java:infoOrTrace(149)) - 24ee45b5-4e6b-4499-8d3c-0bcd5a303b6d@group-218101269A2C:LeaderElection49 got exception when requesting votes: {}
java.util.concurrent.ExecutionException: org.apache.ratis.thirdparty.io.grpc.StatusRuntimeException: UNAVAILABLE: io exception
	at java.util.concurrent.FutureTask.report(FutureTask.java:122)
	at java.util.concurrent.FutureTask.get(FutureTask.java:192)
	at org.apache.ratis.server.impl.LeaderElection.waitForResults(LeaderElection.java:263)
	at org.apache.ratis.server.impl.LeaderElection.askForVotes(LeaderElection.java:201)
	at org.apache.ratis.server.impl.LeaderElection.run(LeaderElection.java:133)
	at java.lang.Thread.run(Thread.java:748)
Caused by: org.apache.ratis.thirdparty.io.grpc.StatusRuntimeException: UNAVAILABLE: io exception
	at org.apache.ratis.thirdparty.io.grpc.stub.ClientCalls.toStatusRuntimeException(ClientCalls.java:233)
	at org.apache.ratis.thirdparty.io.grpc.stub.ClientCalls.getUnchecked(ClientCalls.java:214)
	at org.apache.ratis.thirdparty.io.grpc.stub.ClientCalls.blockingUnaryCall(ClientCalls.java:139)
	at org.apache.ratis.proto.grpc.RaftServerProtocolServiceGrpc$RaftServerProtocolServiceBlockingStub.requestVote(RaftServerProtocolServiceGrpc.java:265)
	at org.apache.ratis.grpc.server.GrpcServerProtocolClient.requestVote(GrpcServerProtocolClient.java:90)
	at org.apache.ratis.grpc.server.GrpcService.requestVote(GrpcService.java:204)
	at org.apache.ratis.server.impl.LeaderElection.lambda$submitRequests$1(LeaderElection.java:238)
	at java.util.concurrent.FutureTask.run(FutureTask.java:266)
	at java.util.concurrent.Executors$RunnableAdapter.call(Executors.java:511)
	at java.util.concurrent.FutureTask.run(FutureTask.java:266)
	at java.util.concurrent.ThreadPoolExecutor.runWorker(ThreadPoolExecutor.java:1149)
	at java.util.concurrent.ThreadPoolExecutor$Worker.run(ThreadPoolExecutor.java:624)
	... 1 more
Caused by: org.apache.ratis.thirdparty.io.netty.channel.AbstractChannel$AnnotatedConnectException: Connection refused: /192.168.151.72:38991
	at sun.nio.ch.SocketChannelImpl.checkConnect(Native Method)
	at sun.nio.ch.SocketChannelImpl.finishConnect(SocketChannelImpl.java:717)
	at org.apache.ratis.thirdparty.io.netty.channel.socket.nio.NioSocketChannel.doFinishConnect(NioSocketChannel.java:327)
	at org.apache.ratis.thirdparty.io.netty.channel.nio.AbstractNioChannel$AbstractNioUnsafe.finishConnect(AbstractNioChannel.java:340)
	at org.apache.ratis.thirdparty.io.netty.channel.nio.NioEventLoop.processSelectedKey(NioEventLoop.java:632)
	at org.apache.ratis.thirdparty.io.netty.channel.nio.NioEventLoop.processSelectedKeysOptimized(NioEventLoop.java:579)
	at org.apache.ratis.thirdparty.io.netty.channel.nio.NioEventLoop.processSelectedKeys(NioEventLoop.java:496)
	at org.apache.ratis.thirdparty.io.netty.channel.nio.NioEventLoop.run(NioEventLoop.java:458)
	at org.apache.ratis.thirdparty.io.netty.util.concurrent.SingleThreadEventExecutor$5.run(SingleThreadEventExecutor.java:897)
	at org.apache.ratis.thirdparty.io.netty.util.concurrent.FastThreadLocalRunnable.run(FastThreadLocalRunnable.java:30)
	... 1 more
Caused by: java.net.ConnectException: Connection refused
	... 11 more
2019-09-17 14:55:31,215 [24ee45b5-4e6b-4499-8d3c-0bcd5a303b6d@group-218101269A2C:LeaderElection49] INFO  impl.LeaderElection (LeaderElection.java:logAndReturn(56)) - 24ee45b5-4e6b-4499-8d3c-0bcd5a303b6d@group-218101269A2C:LeaderElection49: Election REJECTED; received 0 response(s) [] and 2 exception(s); 24ee45b5-4e6b-4499-8d3c-0bcd5a303b6d@group-218101269A2C:t28, leader=null, voted=24ee45b5-4e6b-4499-8d3c-0bcd5a303b6d, raftlog=24ee45b5-4e6b-4499-8d3c-0bcd5a303b6d@group-218101269A2C-SegmentedRaftLog:OPENED:c29,f29,i29, conf=17: [bbb4e265-cb6b-4caa-8b5d-65801261426c:192.168.151.72:38991, 5824bb7b-23b5-4080-8c55-4e36ce35b3ee:192.168.151.72:44174, 24ee45b5-4e6b-4499-8d3c-0bcd5a303b6d:192.168.151.72:44891], old=null
2019-09-17 14:55:31,215 [24ee45b5-4e6b-4499-8d3c-0bcd5a303b6d@group-218101269A2C:LeaderElection49] INFO  impl.LeaderElection (LogUtils.java:infoOrTrace(149)) -   Exception 0: {}
java.util.concurrent.ExecutionException: org.apache.ratis.thirdparty.io.grpc.StatusRuntimeException: UNAVAILABLE: io exception
	at java.util.concurrent.FutureTask.report(FutureTask.java:122)
	at java.util.concurrent.FutureTask.get(FutureTask.java:192)
	at org.apache.ratis.server.impl.LeaderElection.waitForResults(LeaderElection.java:263)
	at org.apache.ratis.server.impl.LeaderElection.askForVotes(LeaderElection.java:201)
	at org.apache.ratis.server.impl.LeaderElection.run(LeaderElection.java:133)
	at java.lang.Thread.run(Thread.java:748)
Caused by: org.apache.ratis.thirdparty.io.grpc.StatusRuntimeException: UNAVAILABLE: io exception
	at org.apache.ratis.thirdparty.io.grpc.stub.ClientCalls.toStatusRuntimeException(ClientCalls.java:233)
	at org.apache.ratis.thirdparty.io.grpc.stub.ClientCalls.getUnchecked(ClientCalls.java:214)
	at org.apache.ratis.thirdparty.io.grpc.stub.ClientCalls.blockingUnaryCall(ClientCalls.java:139)
	at org.apache.ratis.proto.grpc.RaftServerProtocolServiceGrpc$RaftServerProtocolServiceBlockingStub.requestVote(RaftServerProtocolServiceGrpc.java:265)
	at org.apache.ratis.grpc.server.GrpcServerProtocolClient.requestVote(GrpcServerProtocolClient.java:90)
	at org.apache.ratis.grpc.server.GrpcService.requestVote(GrpcService.java:204)
	at org.apache.ratis.server.impl.LeaderElection.lambda$submitRequests$1(LeaderElection.java:238)
	at java.util.concurrent.FutureTask.run(FutureTask.java:266)
	at java.util.concurrent.Executors$RunnableAdapter.call(Executors.java:511)
	at java.util.concurrent.FutureTask.run(FutureTask.java:266)
	at java.util.concurrent.ThreadPoolExecutor.runWorker(ThreadPoolExecutor.java:1149)
	at java.util.concurrent.ThreadPoolExecutor$Worker.run(ThreadPoolExecutor.java:624)
	... 1 more
Caused by: org.apache.ratis.thirdparty.io.netty.channel.AbstractChannel$AnnotatedConnectException: Connection refused: /192.168.151.72:44174
	at sun.nio.ch.SocketChannelImpl.checkConnect(Native Method)
	at sun.nio.ch.SocketChannelImpl.finishConnect(SocketChannelImpl.java:717)
	at org.apache.ratis.thirdparty.io.netty.channel.socket.nio.NioSocketChannel.doFinishConnect(NioSocketChannel.java:327)
	at org.apache.ratis.thirdparty.io.netty.channel.nio.AbstractNioChannel$AbstractNioUnsafe.finishConnect(AbstractNioChannel.java:340)
	at org.apache.ratis.thirdparty.io.netty.channel.nio.NioEventLoop.processSelectedKey(NioEventLoop.java:632)
	at org.apache.ratis.thirdparty.io.netty.channel.nio.NioEventLoop.processSelectedKeysOptimized(NioEventLoop.java:579)
	at org.apache.ratis.thirdparty.io.netty.channel.nio.NioEventLoop.processSelectedKeys(NioEventLoop.java:496)
	at org.apache.ratis.thirdparty.io.netty.channel.nio.NioEventLoop.run(NioEventLoop.java:458)
	at org.apache.ratis.thirdparty.io.netty.util.concurrent.SingleThreadEventExecutor$5.run(SingleThreadEventExecutor.java:897)
	at org.apache.ratis.thirdparty.io.netty.util.concurrent.FastThreadLocalRunnable.run(FastThreadLocalRunnable.java:30)
	... 1 more
Caused by: java.net.ConnectException: Connection refused
	... 11 more
2019-09-17 14:55:31,216 [24ee45b5-4e6b-4499-8d3c-0bcd5a303b6d@group-218101269A2C:LeaderElection49] INFO  impl.LeaderElection (LogUtils.java:infoOrTrace(149)) -   Exception 1: {}
java.util.concurrent.ExecutionException: org.apache.ratis.thirdparty.io.grpc.StatusRuntimeException: UNAVAILABLE: io exception
	at java.util.concurrent.FutureTask.report(FutureTask.java:122)
	at java.util.concurrent.FutureTask.get(FutureTask.java:192)
	at org.apache.ratis.server.impl.LeaderElection.waitForResults(LeaderElection.java:263)
	at org.apache.ratis.server.impl.LeaderElection.askForVotes(LeaderElection.java:201)
	at org.apache.ratis.server.impl.LeaderElection.run(LeaderElection.java:133)
	at java.lang.Thread.run(Thread.java:748)
Caused by: org.apache.ratis.thirdparty.io.grpc.StatusRuntimeException: UNAVAILABLE: io exception
	at org.apache.ratis.thirdparty.io.grpc.stub.ClientCalls.toStatusRuntimeException(ClientCalls.java:233)
	at org.apache.ratis.thirdparty.io.grpc.stub.ClientCalls.getUnchecked(ClientCalls.java:214)
	at org.apache.ratis.thirdparty.io.grpc.stub.ClientCalls.blockingUnaryCall(ClientCalls.java:139)
	at org.apache.ratis.proto.grpc.RaftServerProtocolServiceGrpc$RaftServerProtocolServiceBlockingStub.requestVote(RaftServerProtocolServiceGrpc.java:265)
	at org.apache.ratis.grpc.server.GrpcServerProtocolClient.requestVote(GrpcServerProtocolClient.java:90)
	at org.apache.ratis.grpc.server.GrpcService.requestVote(GrpcService.java:204)
	at org.apache.ratis.server.impl.LeaderElection.lambda$submitRequests$1(LeaderElection.java:238)
	at java.util.concurrent.FutureTask.run(FutureTask.java:266)
	at java.util.concurrent.Executors$RunnableAdapter.call(Executors.java:511)
	at java.util.concurrent.FutureTask.run(FutureTask.java:266)
	at java.util.concurrent.ThreadPoolExecutor.runWorker(ThreadPoolExecutor.java:1149)
	at java.util.concurrent.ThreadPoolExecutor$Worker.run(ThreadPoolExecutor.java:624)
	... 1 more
Caused by: org.apache.ratis.thirdparty.io.netty.channel.AbstractChannel$AnnotatedConnectException: Connection refused: /192.168.151.72:38991
	at sun.nio.ch.SocketChannelImpl.checkConnect(Native Method)
	at sun.nio.ch.SocketChannelImpl.finishConnect(SocketChannelImpl.java:717)
	at org.apache.ratis.thirdparty.io.netty.channel.socket.nio.NioSocketChannel.doFinishConnect(NioSocketChannel.java:327)
	at org.apache.ratis.thirdparty.io.netty.channel.nio.AbstractNioChannel$AbstractNioUnsafe.finishConnect(AbstractNioChannel.java:340)
	at org.apache.ratis.thirdparty.io.netty.channel.nio.NioEventLoop.processSelectedKey(NioEventLoop.java:632)
	at org.apache.ratis.thirdparty.io.netty.channel.nio.NioEventLoop.processSelectedKeysOptimized(NioEventLoop.java:579)
	at org.apache.ratis.thirdparty.io.netty.channel.nio.NioEventLoop.processSelectedKeys(NioEventLoop.java:496)
	at org.apache.ratis.thirdparty.io.netty.channel.nio.NioEventLoop.run(NioEventLoop.java:458)
	at org.apache.ratis.thirdparty.io.netty.util.concurrent.SingleThreadEventExecutor$5.run(SingleThreadEventExecutor.java:897)
	at org.apache.ratis.thirdparty.io.netty.util.concurrent.FastThreadLocalRunnable.run(FastThreadLocalRunnable.java:30)
	... 1 more
Caused by: java.net.ConnectException: Connection refused
	... 11 more
2019-09-17 14:55:31,216 [24ee45b5-4e6b-4499-8d3c-0bcd5a303b6d@group-218101269A2C:LeaderElection49] INFO  impl.RaftServerImpl (RaftServerImpl.java:setRole(174)) - 24ee45b5-4e6b-4499-8d3c-0bcd5a303b6d@group-218101269A2C: changes role from CANDIDATE to FOLLOWER at term 28 for DISCOVERED_A_NEW_TERM
2019-09-17 14:55:31,216 [24ee45b5-4e6b-4499-8d3c-0bcd5a303b6d@group-218101269A2C:LeaderElection49] INFO  impl.RoleInfo (RoleInfo.java:shutdownLeaderElection(134)) - 24ee45b5-4e6b-4499-8d3c-0bcd5a303b6d: shutdown LeaderElection
2019-09-17 14:55:31,216 [24ee45b5-4e6b-4499-8d3c-0bcd5a303b6d@group-218101269A2C:LeaderElection49] INFO  impl.RoleInfo (RoleInfo.java:updateAndGet(143)) - 24ee45b5-4e6b-4499-8d3c-0bcd5a303b6d: start FollowerState
2019-09-17 14:55:31,426 [Datanode State Machine Thread - 0] INFO  statemachine.DatanodeStateMachine (DatanodeStateMachine.java:lambda$startDaemon$0(350)) - Ozone container server started.
2019-09-17 14:55:31,434 [java.util.concurrent.ThreadPoolExecutor$Worker@486b56da[State = -1, empty queue]] WARN  server.GrpcLogAppender (GrpcLogAppender.java:timeoutAppendRequest(200)) - 64dc86e1-b58a-47fa-9209-c80a04613504@group-85515DBFC7EF->296d1e6a-4d03-4625-a926-8603881e9a06-GrpcLogAppender: appendEntries Timeout, request=64dc86e1-b58a-47fa-9209-c80a04613504->296d1e6a-4d03-4625-a926-8603881e9a06#146-t2, previous=(t:2, i:20), leaderCommit=16, initializing? false, entries: <empty>
2019-09-17 14:55:31,434 [java.util.concurrent.ThreadPoolExecutor$Worker@1fe41ca9[State = -1, empty queue]] WARN  server.GrpcLogAppender (GrpcLogAppender.java:timeoutAppendRequest(200)) - 64dc86e1-b58a-47fa-9209-c80a04613504@group-85515DBFC7EF->0d659ca8-8d3f-4ad5-ad2a-cdb4ab88523b-GrpcLogAppender: appendEntries Timeout, request=64dc86e1-b58a-47fa-9209-c80a04613504->0d659ca8-8d3f-4ad5-ad2a-cdb4ab88523b#146-t2, previous=(t:2, i:20), leaderCommit=16, initializing? false, entries: <empty>
2019-09-17 14:55:31,493 [java.util.concurrent.ThreadPoolExecutor$Worker@16fd9795[State = -1, empty queue]] WARN  server.GrpcLogAppender (GrpcLogAppender.java:timeoutAppendRequest(200)) - 9b5674b6-1da3-4a18-a3b1-2bf65c31b2e5@group-A10EF1BAEC68->87bd24bf-ffb9-4c07-ac8f-086f94142b7e-GrpcLogAppender: appendEntries Timeout, request=9b5674b6-1da3-4a18-a3b1-2bf65c31b2e5->87bd24bf-ffb9-4c07-ac8f-086f94142b7e#159-t2, previous=(t:2, i:34), leaderCommit=30, initializing? false, entries: <empty>
2019-09-17 14:55:31,494 [java.util.concurrent.ThreadPoolExecutor$Worker@5ab404d3[State = -1, empty queue]] WARN  server.GrpcLogAppender (GrpcLogAppender.java:timeoutAppendRequest(200)) - 9b5674b6-1da3-4a18-a3b1-2bf65c31b2e5@group-A10EF1BAEC68->55160a25-c10a-4fac-977f-ea88e555cd0f-GrpcLogAppender: appendEntries Timeout, request=9b5674b6-1da3-4a18-a3b1-2bf65c31b2e5->55160a25-c10a-4fac-977f-ea88e555cd0f#159-t2, previous=(t:2, i:34), leaderCommit=30, initializing? false, entries: <empty>
2019-09-17 14:55:31,536 [Datanode State Machine Thread - 0] INFO  statemachine.DatanodeStateMachine (DatanodeStateMachine.java:lambda$startDaemon$0(350)) - Ozone container server started.
2019-09-17 14:55:31,934 [java.util.concurrent.ThreadPoolExecutor$Worker@486b56da[State = -1, empty queue]] WARN  server.GrpcLogAppender (GrpcLogAppender.java:timeoutAppendRequest(200)) - 64dc86e1-b58a-47fa-9209-c80a04613504@group-85515DBFC7EF->296d1e6a-4d03-4625-a926-8603881e9a06-GrpcLogAppender: appendEntries Timeout, request=64dc86e1-b58a-47fa-9209-c80a04613504->296d1e6a-4d03-4625-a926-8603881e9a06#147-t2, previous=(t:2, i:20), leaderCommit=16, initializing? false, entries: <empty>
2019-09-17 14:55:31,934 [java.util.concurrent.ThreadPoolExecutor$Worker@1fe41ca9[State = -1, empty queue]] WARN  server.GrpcLogAppender (GrpcLogAppender.java:timeoutAppendRequest(200)) - 64dc86e1-b58a-47fa-9209-c80a04613504@group-85515DBFC7EF->0d659ca8-8d3f-4ad5-ad2a-cdb4ab88523b-GrpcLogAppender: appendEntries Timeout, request=64dc86e1-b58a-47fa-9209-c80a04613504->0d659ca8-8d3f-4ad5-ad2a-cdb4ab88523b#147-t2, previous=(t:2, i:20), leaderCommit=16, initializing? false, entries: <empty>
2019-09-17 14:55:31,993 [java.util.concurrent.ThreadPoolExecutor$Worker@16fd9795[State = -1, empty queue]] WARN  server.GrpcLogAppender (GrpcLogAppender.java:timeoutAppendRequest(200)) - 9b5674b6-1da3-4a18-a3b1-2bf65c31b2e5@group-A10EF1BAEC68->87bd24bf-ffb9-4c07-ac8f-086f94142b7e-GrpcLogAppender: appendEntries Timeout, request=9b5674b6-1da3-4a18-a3b1-2bf65c31b2e5->87bd24bf-ffb9-4c07-ac8f-086f94142b7e#160-t2, previous=(t:2, i:34), leaderCommit=30, initializing? false, entries: <empty>
2019-09-17 14:55:31,994 [java.util.concurrent.ThreadPoolExecutor$Worker@5ab404d3[State = -1, empty queue]] WARN  server.GrpcLogAppender (GrpcLogAppender.java:timeoutAppendRequest(200)) - 9b5674b6-1da3-4a18-a3b1-2bf65c31b2e5@group-A10EF1BAEC68->55160a25-c10a-4fac-977f-ea88e555cd0f-GrpcLogAppender: appendEntries Timeout, request=9b5674b6-1da3-4a18-a3b1-2bf65c31b2e5->55160a25-c10a-4fac-977f-ea88e555cd0f#160-t2, previous=(t:2, i:34), leaderCommit=30, initializing? false, entries: <empty>
2019-09-17 14:55:32,345 [Thread-1448] INFO  impl.FollowerState (FollowerState.java:run(106)) - 24ee45b5-4e6b-4499-8d3c-0bcd5a303b6d:group-218101269A2C changes to CANDIDATE, lastRpcTime:1128, electionTimeout:1128ms
2019-09-17 14:55:32,345 [Thread-1448] INFO  impl.RoleInfo (RoleInfo.java:shutdownFollowerState(121)) - 24ee45b5-4e6b-4499-8d3c-0bcd5a303b6d: shutdown FollowerState
2019-09-17 14:55:32,345 [Thread-1448] INFO  impl.RaftServerImpl (RaftServerImpl.java:setRole(174)) - 24ee45b5-4e6b-4499-8d3c-0bcd5a303b6d@group-218101269A2C: changes role from  FOLLOWER to CANDIDATE at term 28 for changeToCandidate
2019-09-17 14:55:32,345 [Thread-1448] INFO  impl.RoleInfo (RoleInfo.java:updateAndGet(143)) - 24ee45b5-4e6b-4499-8d3c-0bcd5a303b6d: start LeaderElection
2019-09-17 14:55:32,350 [296d1e6a-4d03-4625-a926-8603881e9a06@group-85515DBFC7EF-SegmentedRaftLogWorker] WARN  segmented.SegmentedRaftLogWorker (SegmentedRaftLogWorker.java:getFromFuture(90)) - Timeout 5/~
org.apache.ratis.protocol.TimeoutIOException: Timeout 10s: WriteLog:17: (t:2, i:17), STATEMACHINELOGENTRY, client-30C4B51AD9D2, cid=49-writeStateMachineData
	at org.apache.ratis.util.IOUtils.getFromFuture(IOUtils.java:87)
	at org.apache.ratis.server.raftlog.segmented.SegmentedRaftLogWorker$StateMachineDataPolicy.getFromFuture(SegmentedRaftLogWorker.java:87)
	at org.apache.ratis.server.raftlog.segmented.SegmentedRaftLogWorker$WriteLog.execute(SegmentedRaftLogWorker.java:477)
	at org.apache.ratis.server.raftlog.segmented.SegmentedRaftLogWorker.run(SegmentedRaftLogWorker.java:289)
	at java.lang.Thread.run(Thread.java:748)
Caused by: java.util.concurrent.TimeoutException
	at java.util.concurrent.CompletableFuture.timedGet(CompletableFuture.java:1771)
	at java.util.concurrent.CompletableFuture.get(CompletableFuture.java:1915)
	at org.apache.ratis.util.IOUtils.getFromFuture(IOUtils.java:79)
	... 4 more
2019-09-17 14:55:32,374 [24ee45b5-4e6b-4499-8d3c-0bcd5a303b6d@group-218101269A2C:LeaderElection50] INFO  impl.LeaderElection (LeaderElection.java:askForVotes(182)) - 24ee45b5-4e6b-4499-8d3c-0bcd5a303b6d@group-218101269A2C:LeaderElection50: begin an election at term 29 for 17: [bbb4e265-cb6b-4caa-8b5d-65801261426c:192.168.151.72:38991, 5824bb7b-23b5-4080-8c55-4e36ce35b3ee:192.168.151.72:44174, 24ee45b5-4e6b-4499-8d3c-0bcd5a303b6d:192.168.151.72:44891], old=null
2019-09-17 14:55:32,374 [64dc86e1-b58a-47fa-9209-c80a04613504@group-85515DBFC7EF-SegmentedRaftLogWorker] WARN  segmented.SegmentedRaftLogWorker (SegmentedRaftLogWorker.java:getFromFuture(90)) - Timeout 5/~
org.apache.ratis.protocol.TimeoutIOException: Timeout 10s: WriteLog:19: (t:2, i:19), STATEMACHINELOGENTRY, client-30C4B51AD9D2, cid=51-writeStateMachineData
	at org.apache.ratis.util.IOUtils.getFromFuture(IOUtils.java:87)
	at org.apache.ratis.server.raftlog.segmented.SegmentedRaftLogWorker$StateMachineDataPolicy.getFromFuture(SegmentedRaftLogWorker.java:87)
	at org.apache.ratis.server.raftlog.segmented.SegmentedRaftLogWorker$WriteLog.execute(SegmentedRaftLogWorker.java:477)
	at org.apache.ratis.server.raftlog.segmented.SegmentedRaftLogWorker.run(SegmentedRaftLogWorker.java:289)
	at java.lang.Thread.run(Thread.java:748)
Caused by: java.util.concurrent.TimeoutException
	at java.util.concurrent.CompletableFuture.timedGet(CompletableFuture.java:1771)
	at java.util.concurrent.CompletableFuture.get(CompletableFuture.java:1915)
	at org.apache.ratis.util.IOUtils.getFromFuture(IOUtils.java:79)
	... 4 more
2019-09-17 14:55:32,375 [24ee45b5-4e6b-4499-8d3c-0bcd5a303b6d@group-218101269A2C:LeaderElection50] INFO  impl.LeaderElection (LogUtils.java:infoOrTrace(149)) - 24ee45b5-4e6b-4499-8d3c-0bcd5a303b6d@group-218101269A2C:LeaderElection50 got exception when requesting votes: {}
java.util.concurrent.ExecutionException: org.apache.ratis.thirdparty.io.grpc.StatusRuntimeException: UNAVAILABLE: io exception
	at java.util.concurrent.FutureTask.report(FutureTask.java:122)
	at java.util.concurrent.FutureTask.get(FutureTask.java:192)
	at org.apache.ratis.server.impl.LeaderElection.waitForResults(LeaderElection.java:263)
	at org.apache.ratis.server.impl.LeaderElection.askForVotes(LeaderElection.java:201)
	at org.apache.ratis.server.impl.LeaderElection.run(LeaderElection.java:133)
	at java.lang.Thread.run(Thread.java:748)
Caused by: org.apache.ratis.thirdparty.io.grpc.StatusRuntimeException: UNAVAILABLE: io exception
	at org.apache.ratis.thirdparty.io.grpc.stub.ClientCalls.toStatusRuntimeException(ClientCalls.java:233)
	at org.apache.ratis.thirdparty.io.grpc.stub.ClientCalls.getUnchecked(ClientCalls.java:214)
	at org.apache.ratis.thirdparty.io.grpc.stub.ClientCalls.blockingUnaryCall(ClientCalls.java:139)
	at org.apache.ratis.proto.grpc.RaftServerProtocolServiceGrpc$RaftServerProtocolServiceBlockingStub.requestVote(RaftServerProtocolServiceGrpc.java:265)
	at org.apache.ratis.grpc.server.GrpcServerProtocolClient.requestVote(GrpcServerProtocolClient.java:90)
	at org.apache.ratis.grpc.server.GrpcService.requestVote(GrpcService.java:204)
	at org.apache.ratis.server.impl.LeaderElection.lambda$submitRequests$1(LeaderElection.java:238)
	at java.util.concurrent.FutureTask.run(FutureTask.java:266)
	at java.util.concurrent.Executors$RunnableAdapter.call(Executors.java:511)
	at java.util.concurrent.FutureTask.run(FutureTask.java:266)
	at java.util.concurrent.ThreadPoolExecutor.runWorker(ThreadPoolExecutor.java:1149)
	at java.util.concurrent.ThreadPoolExecutor$Worker.run(ThreadPoolExecutor.java:624)
	... 1 more
Caused by: org.apache.ratis.thirdparty.io.netty.channel.AbstractChannel$AnnotatedConnectException: Connection refused: /192.168.151.72:38991
	at sun.nio.ch.SocketChannelImpl.checkConnect(Native Method)
	at sun.nio.ch.SocketChannelImpl.finishConnect(SocketChannelImpl.java:717)
	at org.apache.ratis.thirdparty.io.netty.channel.socket.nio.NioSocketChannel.doFinishConnect(NioSocketChannel.java:327)
	at org.apache.ratis.thirdparty.io.netty.channel.nio.AbstractNioChannel$AbstractNioUnsafe.finishConnect(AbstractNioChannel.java:340)
	at org.apache.ratis.thirdparty.io.netty.channel.nio.NioEventLoop.processSelectedKey(NioEventLoop.java:632)
	at org.apache.ratis.thirdparty.io.netty.channel.nio.NioEventLoop.processSelectedKeysOptimized(NioEventLoop.java:579)
	at org.apache.ratis.thirdparty.io.netty.channel.nio.NioEventLoop.processSelectedKeys(NioEventLoop.java:496)
	at org.apache.ratis.thirdparty.io.netty.channel.nio.NioEventLoop.run(NioEventLoop.java:458)
	at org.apache.ratis.thirdparty.io.netty.util.concurrent.SingleThreadEventExecutor$5.run(SingleThreadEventExecutor.java:897)
	at org.apache.ratis.thirdparty.io.netty.util.concurrent.FastThreadLocalRunnable.run(FastThreadLocalRunnable.java:30)
	... 1 more
Caused by: java.net.ConnectException: Connection refused
	... 11 more
2019-09-17 14:55:32,375 [24ee45b5-4e6b-4499-8d3c-0bcd5a303b6d@group-218101269A2C:LeaderElection50] INFO  impl.LeaderElection (LogUtils.java:infoOrTrace(149)) - 24ee45b5-4e6b-4499-8d3c-0bcd5a303b6d@group-218101269A2C:LeaderElection50 got exception when requesting votes: {}
java.util.concurrent.ExecutionException: org.apache.ratis.thirdparty.io.grpc.StatusRuntimeException: UNAVAILABLE: io exception
	at java.util.concurrent.FutureTask.report(FutureTask.java:122)
	at java.util.concurrent.FutureTask.get(FutureTask.java:192)
	at org.apache.ratis.server.impl.LeaderElection.waitForResults(LeaderElection.java:263)
	at org.apache.ratis.server.impl.LeaderElection.askForVotes(LeaderElection.java:201)
	at org.apache.ratis.server.impl.LeaderElection.run(LeaderElection.java:133)
	at java.lang.Thread.run(Thread.java:748)
Caused by: org.apache.ratis.thirdparty.io.grpc.StatusRuntimeException: UNAVAILABLE: io exception
	at org.apache.ratis.thirdparty.io.grpc.stub.ClientCalls.toStatusRuntimeException(ClientCalls.java:233)
	at org.apache.ratis.thirdparty.io.grpc.stub.ClientCalls.getUnchecked(ClientCalls.java:214)
	at org.apache.ratis.thirdparty.io.grpc.stub.ClientCalls.blockingUnaryCall(ClientCalls.java:139)
	at org.apache.ratis.proto.grpc.RaftServerProtocolServiceGrpc$RaftServerProtocolServiceBlockingStub.requestVote(RaftServerProtocolServiceGrpc.java:265)
	at org.apache.ratis.grpc.server.GrpcServerProtocolClient.requestVote(GrpcServerProtocolClient.java:90)
	at org.apache.ratis.grpc.server.GrpcService.requestVote(GrpcService.java:204)
	at org.apache.ratis.server.impl.LeaderElection.lambda$submitRequests$1(LeaderElection.java:238)
	at java.util.concurrent.FutureTask.run(FutureTask.java:266)
	at java.util.concurrent.Executors$RunnableAdapter.call(Executors.java:511)
	at java.util.concurrent.FutureTask.run(FutureTask.java:266)
	at java.util.concurrent.ThreadPoolExecutor.runWorker(ThreadPoolExecutor.java:1149)
	at java.util.concurrent.ThreadPoolExecutor$Worker.run(ThreadPoolExecutor.java:624)
	... 1 more
Caused by: org.apache.ratis.thirdparty.io.netty.channel.AbstractChannel$AnnotatedConnectException: Connection refused: /192.168.151.72:44174
	at sun.nio.ch.SocketChannelImpl.checkConnect(Native Method)
	at sun.nio.ch.SocketChannelImpl.finishConnect(SocketChannelImpl.java:717)
	at org.apache.ratis.thirdparty.io.netty.channel.socket.nio.NioSocketChannel.doFinishConnect(NioSocketChannel.java:327)
	at org.apache.ratis.thirdparty.io.netty.channel.nio.AbstractNioChannel$AbstractNioUnsafe.finishConnect(AbstractNioChannel.java:340)
	at org.apache.ratis.thirdparty.io.netty.channel.nio.NioEventLoop.processSelectedKey(NioEventLoop.java:632)
	at org.apache.ratis.thirdparty.io.netty.channel.nio.NioEventLoop.processSelectedKeysOptimized(NioEventLoop.java:579)
	at org.apache.ratis.thirdparty.io.netty.channel.nio.NioEventLoop.processSelectedKeys(NioEventLoop.java:496)
	at org.apache.ratis.thirdparty.io.netty.channel.nio.NioEventLoop.run(NioEventLoop.java:458)
	at org.apache.ratis.thirdparty.io.netty.util.concurrent.SingleThreadEventExecutor$5.run(SingleThreadEventExecutor.java:897)
	at org.apache.ratis.thirdparty.io.netty.util.concurrent.FastThreadLocalRunnable.run(FastThreadLocalRunnable.java:30)
	... 1 more
Caused by: java.net.ConnectException: Connection refused
	... 11 more
2019-09-17 14:55:32,376 [24ee45b5-4e6b-4499-8d3c-0bcd5a303b6d@group-218101269A2C:LeaderElection50] INFO  impl.LeaderElection (LeaderElection.java:logAndReturn(56)) - 24ee45b5-4e6b-4499-8d3c-0bcd5a303b6d@group-218101269A2C:LeaderElection50: Election REJECTED; received 0 response(s) [] and 2 exception(s); 24ee45b5-4e6b-4499-8d3c-0bcd5a303b6d@group-218101269A2C:t29, leader=null, voted=24ee45b5-4e6b-4499-8d3c-0bcd5a303b6d, raftlog=24ee45b5-4e6b-4499-8d3c-0bcd5a303b6d@group-218101269A2C-SegmentedRaftLog:OPENED:c29,f29,i29, conf=17: [bbb4e265-cb6b-4caa-8b5d-65801261426c:192.168.151.72:38991, 5824bb7b-23b5-4080-8c55-4e36ce35b3ee:192.168.151.72:44174, 24ee45b5-4e6b-4499-8d3c-0bcd5a303b6d:192.168.151.72:44891], old=null
2019-09-17 14:55:32,376 [24ee45b5-4e6b-4499-8d3c-0bcd5a303b6d@group-218101269A2C:LeaderElection50] INFO  impl.LeaderElection (LogUtils.java:infoOrTrace(149)) -   Exception 0: {}
java.util.concurrent.ExecutionException: org.apache.ratis.thirdparty.io.grpc.StatusRuntimeException: UNAVAILABLE: io exception
	at java.util.concurrent.FutureTask.report(FutureTask.java:122)
	at java.util.concurrent.FutureTask.get(FutureTask.java:192)
	at org.apache.ratis.server.impl.LeaderElection.waitForResults(LeaderElection.java:263)
	at org.apache.ratis.server.impl.LeaderElection.askForVotes(LeaderElection.java:201)
	at org.apache.ratis.server.impl.LeaderElection.run(LeaderElection.java:133)
	at java.lang.Thread.run(Thread.java:748)
Caused by: org.apache.ratis.thirdparty.io.grpc.StatusRuntimeException: UNAVAILABLE: io exception
	at org.apache.ratis.thirdparty.io.grpc.stub.ClientCalls.toStatusRuntimeException(ClientCalls.java:233)
	at org.apache.ratis.thirdparty.io.grpc.stub.ClientCalls.getUnchecked(ClientCalls.java:214)
	at org.apache.ratis.thirdparty.io.grpc.stub.ClientCalls.blockingUnaryCall(ClientCalls.java:139)
	at org.apache.ratis.proto.grpc.RaftServerProtocolServiceGrpc$RaftServerProtocolServiceBlockingStub.requestVote(RaftServerProtocolServiceGrpc.java:265)
	at org.apache.ratis.grpc.server.GrpcServerProtocolClient.requestVote(GrpcServerProtocolClient.java:90)
	at org.apache.ratis.grpc.server.GrpcService.requestVote(GrpcService.java:204)
	at org.apache.ratis.server.impl.LeaderElection.lambda$submitRequests$1(LeaderElection.java:238)
	at java.util.concurrent.FutureTask.run(FutureTask.java:266)
	at java.util.concurrent.Executors$RunnableAdapter.call(Executors.java:511)
	at java.util.concurrent.FutureTask.run(FutureTask.java:266)
	at java.util.concurrent.ThreadPoolExecutor.runWorker(ThreadPoolExecutor.java:1149)
	at java.util.concurrent.ThreadPoolExecutor$Worker.run(ThreadPoolExecutor.java:624)
	... 1 more
Caused by: org.apache.ratis.thirdparty.io.netty.channel.AbstractChannel$AnnotatedConnectException: Connection refused: /192.168.151.72:38991
	at sun.nio.ch.SocketChannelImpl.checkConnect(Native Method)
	at sun.nio.ch.SocketChannelImpl.finishConnect(SocketChannelImpl.java:717)
	at org.apache.ratis.thirdparty.io.netty.channel.socket.nio.NioSocketChannel.doFinishConnect(NioSocketChannel.java:327)
	at org.apache.ratis.thirdparty.io.netty.channel.nio.AbstractNioChannel$AbstractNioUnsafe.finishConnect(AbstractNioChannel.java:340)
	at org.apache.ratis.thirdparty.io.netty.channel.nio.NioEventLoop.processSelectedKey(NioEventLoop.java:632)
	at org.apache.ratis.thirdparty.io.netty.channel.nio.NioEventLoop.processSelectedKeysOptimized(NioEventLoop.java:579)
	at org.apache.ratis.thirdparty.io.netty.channel.nio.NioEventLoop.processSelectedKeys(NioEventLoop.java:496)
	at org.apache.ratis.thirdparty.io.netty.channel.nio.NioEventLoop.run(NioEventLoop.java:458)
	at org.apache.ratis.thirdparty.io.netty.util.concurrent.SingleThreadEventExecutor$5.run(SingleThreadEventExecutor.java:897)
	at org.apache.ratis.thirdparty.io.netty.util.concurrent.FastThreadLocalRunnable.run(FastThreadLocalRunnable.java:30)
	... 1 more
Caused by: java.net.ConnectException: Connection refused
	... 11 more
2019-09-17 14:55:32,376 [24ee45b5-4e6b-4499-8d3c-0bcd5a303b6d@group-218101269A2C:LeaderElection50] INFO  impl.LeaderElection (LogUtils.java:infoOrTrace(149)) -   Exception 1: {}
java.util.concurrent.ExecutionException: org.apache.ratis.thirdparty.io.grpc.StatusRuntimeException: UNAVAILABLE: io exception
	at java.util.concurrent.FutureTask.report(FutureTask.java:122)
	at java.util.concurrent.FutureTask.get(FutureTask.java:192)
	at org.apache.ratis.server.impl.LeaderElection.waitForResults(LeaderElection.java:263)
	at org.apache.ratis.server.impl.LeaderElection.askForVotes(LeaderElection.java:201)
	at org.apache.ratis.server.impl.LeaderElection.run(LeaderElection.java:133)
	at java.lang.Thread.run(Thread.java:748)
Caused by: org.apache.ratis.thirdparty.io.grpc.StatusRuntimeException: UNAVAILABLE: io exception
	at org.apache.ratis.thirdparty.io.grpc.stub.ClientCalls.toStatusRuntimeException(ClientCalls.java:233)
	at org.apache.ratis.thirdparty.io.grpc.stub.ClientCalls.getUnchecked(ClientCalls.java:214)
	at org.apache.ratis.thirdparty.io.grpc.stub.ClientCalls.blockingUnaryCall(ClientCalls.java:139)
	at org.apache.ratis.proto.grpc.RaftServerProtocolServiceGrpc$RaftServerProtocolServiceBlockingStub.requestVote(RaftServerProtocolServiceGrpc.java:265)
	at org.apache.ratis.grpc.server.GrpcServerProtocolClient.requestVote(GrpcServerProtocolClient.java:90)
	at org.apache.ratis.grpc.server.GrpcService.requestVote(GrpcService.java:204)
	at org.apache.ratis.server.impl.LeaderElection.lambda$submitRequests$1(LeaderElection.java:238)
	at java.util.concurrent.FutureTask.run(FutureTask.java:266)
	at java.util.concurrent.Executors$RunnableAdapter.call(Executors.java:511)
	at java.util.concurrent.FutureTask.run(FutureTask.java:266)
	at java.util.concurrent.ThreadPoolExecutor.runWorker(ThreadPoolExecutor.java:1149)
	at java.util.concurrent.ThreadPoolExecutor$Worker.run(ThreadPoolExecutor.java:624)
	... 1 more
Caused by: org.apache.ratis.thirdparty.io.netty.channel.AbstractChannel$AnnotatedConnectException: Connection refused: /192.168.151.72:44174
	at sun.nio.ch.SocketChannelImpl.checkConnect(Native Method)
	at sun.nio.ch.SocketChannelImpl.finishConnect(SocketChannelImpl.java:717)
	at org.apache.ratis.thirdparty.io.netty.channel.socket.nio.NioSocketChannel.doFinishConnect(NioSocketChannel.java:327)
	at org.apache.ratis.thirdparty.io.netty.channel.nio.AbstractNioChannel$AbstractNioUnsafe.finishConnect(AbstractNioChannel.java:340)
	at org.apache.ratis.thirdparty.io.netty.channel.nio.NioEventLoop.processSelectedKey(NioEventLoop.java:632)
	at org.apache.ratis.thirdparty.io.netty.channel.nio.NioEventLoop.processSelectedKeysOptimized(NioEventLoop.java:579)
	at org.apache.ratis.thirdparty.io.netty.channel.nio.NioEventLoop.processSelectedKeys(NioEventLoop.java:496)
	at org.apache.ratis.thirdparty.io.netty.channel.nio.NioEventLoop.run(NioEventLoop.java:458)
	at org.apache.ratis.thirdparty.io.netty.util.concurrent.SingleThreadEventExecutor$5.run(SingleThreadEventExecutor.java:897)
	at org.apache.ratis.thirdparty.io.netty.util.concurrent.FastThreadLocalRunnable.run(FastThreadLocalRunnable.java:30)
	... 1 more
Caused by: java.net.ConnectException: Connection refused
	... 11 more
2019-09-17 14:55:32,377 [24ee45b5-4e6b-4499-8d3c-0bcd5a303b6d@group-218101269A2C:LeaderElection50] INFO  impl.RaftServerImpl (RaftServerImpl.java:setRole(174)) - 24ee45b5-4e6b-4499-8d3c-0bcd5a303b6d@group-218101269A2C: changes role from CANDIDATE to FOLLOWER at term 29 for DISCOVERED_A_NEW_TERM
2019-09-17 14:55:32,377 [24ee45b5-4e6b-4499-8d3c-0bcd5a303b6d@group-218101269A2C:LeaderElection50] INFO  impl.RoleInfo (RoleInfo.java:shutdownLeaderElection(134)) - 24ee45b5-4e6b-4499-8d3c-0bcd5a303b6d: shutdown LeaderElection
2019-09-17 14:55:32,377 [24ee45b5-4e6b-4499-8d3c-0bcd5a303b6d@group-218101269A2C:LeaderElection50] INFO  impl.RoleInfo (RoleInfo.java:updateAndGet(143)) - 24ee45b5-4e6b-4499-8d3c-0bcd5a303b6d: start FollowerState
2019-09-17 14:55:32,391 [0d659ca8-8d3f-4ad5-ad2a-cdb4ab88523b@group-85515DBFC7EF-SegmentedRaftLogWorker] WARN  segmented.SegmentedRaftLogWorker (SegmentedRaftLogWorker.java:getFromFuture(90)) - Timeout 5/~
org.apache.ratis.protocol.TimeoutIOException: Timeout 10s: WriteLog:19: (t:2, i:19), STATEMACHINELOGENTRY, client-30C4B51AD9D2, cid=51-writeStateMachineData
	at org.apache.ratis.util.IOUtils.getFromFuture(IOUtils.java:87)
	at org.apache.ratis.server.raftlog.segmented.SegmentedRaftLogWorker$StateMachineDataPolicy.getFromFuture(SegmentedRaftLogWorker.java:87)
	at org.apache.ratis.server.raftlog.segmented.SegmentedRaftLogWorker$WriteLog.execute(SegmentedRaftLogWorker.java:477)
	at org.apache.ratis.server.raftlog.segmented.SegmentedRaftLogWorker.run(SegmentedRaftLogWorker.java:289)
	at java.lang.Thread.run(Thread.java:748)
Caused by: java.util.concurrent.TimeoutException
	at java.util.concurrent.CompletableFuture.timedGet(CompletableFuture.java:1771)
	at java.util.concurrent.CompletableFuture.get(CompletableFuture.java:1915)
	at org.apache.ratis.util.IOUtils.getFromFuture(IOUtils.java:79)
	... 4 more
2019-09-17 14:55:32,435 [java.util.concurrent.ThreadPoolExecutor$Worker@1fe41ca9[State = -1, empty queue]] WARN  server.GrpcLogAppender (GrpcLogAppender.java:timeoutAppendRequest(200)) - 64dc86e1-b58a-47fa-9209-c80a04613504@group-85515DBFC7EF->0d659ca8-8d3f-4ad5-ad2a-cdb4ab88523b-GrpcLogAppender: appendEntries Timeout, request=64dc86e1-b58a-47fa-9209-c80a04613504->0d659ca8-8d3f-4ad5-ad2a-cdb4ab88523b#148-t2, previous=(t:2, i:20), leaderCommit=16, initializing? false, entries: <empty>
2019-09-17 14:55:32,435 [java.util.concurrent.ThreadPoolExecutor$Worker@486b56da[State = -1, empty queue]] WARN  server.GrpcLogAppender (GrpcLogAppender.java:timeoutAppendRequest(200)) - 64dc86e1-b58a-47fa-9209-c80a04613504@group-85515DBFC7EF->296d1e6a-4d03-4625-a926-8603881e9a06-GrpcLogAppender: appendEntries Timeout, request=64dc86e1-b58a-47fa-9209-c80a04613504->296d1e6a-4d03-4625-a926-8603881e9a06#148-t2, previous=(t:2, i:20), leaderCommit=16, initializing? false, entries: <empty>
2019-09-17 14:55:32,466 [9b5674b6-1da3-4a18-a3b1-2bf65c31b2e5@group-A10EF1BAEC68-SegmentedRaftLogWorker] WARN  segmented.SegmentedRaftLogWorker (SegmentedRaftLogWorker.java:getFromFuture(90)) - Timeout 1/~
org.apache.ratis.protocol.TimeoutIOException: Timeout 10s: WriteLog:31: (t:2, i:31), STATEMACHINELOGENTRY, client-CBA6351075E1, cid=73-writeStateMachineData
	at org.apache.ratis.util.IOUtils.getFromFuture(IOUtils.java:87)
	at org.apache.ratis.server.raftlog.segmented.SegmentedRaftLogWorker$StateMachineDataPolicy.getFromFuture(SegmentedRaftLogWorker.java:87)
	at org.apache.ratis.server.raftlog.segmented.SegmentedRaftLogWorker$WriteLog.execute(SegmentedRaftLogWorker.java:477)
	at org.apache.ratis.server.raftlog.segmented.SegmentedRaftLogWorker.run(SegmentedRaftLogWorker.java:289)
	at java.lang.Thread.run(Thread.java:748)
Caused by: java.util.concurrent.TimeoutException
	at java.util.concurrent.CompletableFuture.timedGet(CompletableFuture.java:1771)
	at java.util.concurrent.CompletableFuture.get(CompletableFuture.java:1915)
	at org.apache.ratis.util.IOUtils.getFromFuture(IOUtils.java:79)
	... 4 more
2019-09-17 14:55:32,470 [87bd24bf-ffb9-4c07-ac8f-086f94142b7e@group-A10EF1BAEC68-SegmentedRaftLogWorker] WARN  segmented.SegmentedRaftLogWorker (SegmentedRaftLogWorker.java:getFromFuture(90)) - Timeout 1/~
org.apache.ratis.protocol.TimeoutIOException: Timeout 10s: WriteLog:31: (t:2, i:31), STATEMACHINELOGENTRY, client-CBA6351075E1, cid=73-writeStateMachineData
	at org.apache.ratis.util.IOUtils.getFromFuture(IOUtils.java:87)
	at org.apache.ratis.server.raftlog.segmented.SegmentedRaftLogWorker$StateMachineDataPolicy.getFromFuture(SegmentedRaftLogWorker.java:87)
	at org.apache.ratis.server.raftlog.segmented.SegmentedRaftLogWorker$WriteLog.execute(SegmentedRaftLogWorker.java:477)
	at org.apache.ratis.server.raftlog.segmented.SegmentedRaftLogWorker.run(SegmentedRaftLogWorker.java:289)
	at java.lang.Thread.run(Thread.java:748)
Caused by: java.util.concurrent.TimeoutException
	at java.util.concurrent.CompletableFuture.timedGet(CompletableFuture.java:1771)
	at java.util.concurrent.CompletableFuture.get(CompletableFuture.java:1915)
	at org.apache.ratis.util.IOUtils.getFromFuture(IOUtils.java:79)
	... 4 more
2019-09-17 14:55:32,483 [55160a25-c10a-4fac-977f-ea88e555cd0f@group-A10EF1BAEC68-SegmentedRaftLogWorker] WARN  segmented.SegmentedRaftLogWorker (SegmentedRaftLogWorker.java:getFromFuture(90)) - Timeout 1/~
org.apache.ratis.protocol.TimeoutIOException: Timeout 10s: WriteLog:31: (t:2, i:31), STATEMACHINELOGENTRY, client-CBA6351075E1, cid=73-writeStateMachineData
	at org.apache.ratis.util.IOUtils.getFromFuture(IOUtils.java:87)
	at org.apache.ratis.server.raftlog.segmented.SegmentedRaftLogWorker$StateMachineDataPolicy.getFromFuture(SegmentedRaftLogWorker.java:87)
	at org.apache.ratis.server.raftlog.segmented.SegmentedRaftLogWorker$WriteLog.execute(SegmentedRaftLogWorker.java:477)
	at org.apache.ratis.server.raftlog.segmented.SegmentedRaftLogWorker.run(SegmentedRaftLogWorker.java:289)
	at java.lang.Thread.run(Thread.java:748)
Caused by: java.util.concurrent.TimeoutException
	at java.util.concurrent.CompletableFuture.timedGet(CompletableFuture.java:1771)
	at java.util.concurrent.CompletableFuture.get(CompletableFuture.java:1915)
	at org.apache.ratis.util.IOUtils.getFromFuture(IOUtils.java:79)
	... 4 more
2019-09-17 14:55:32,493 [java.util.concurrent.ThreadPoolExecutor$Worker@16fd9795[State = -1, empty queue]] WARN  server.GrpcLogAppender (GrpcLogAppender.java:timeoutAppendRequest(200)) - 9b5674b6-1da3-4a18-a3b1-2bf65c31b2e5@group-A10EF1BAEC68->87bd24bf-ffb9-4c07-ac8f-086f94142b7e-GrpcLogAppender: appendEntries Timeout, request=9b5674b6-1da3-4a18-a3b1-2bf65c31b2e5->87bd24bf-ffb9-4c07-ac8f-086f94142b7e#161-t2, previous=(t:2, i:34), leaderCommit=30, initializing? false, entries: <empty>
2019-09-17 14:55:32,494 [java.util.concurrent.ThreadPoolExecutor$Worker@5ab404d3[State = -1, empty queue]] WARN  server.GrpcLogAppender (GrpcLogAppender.java:timeoutAppendRequest(200)) - 9b5674b6-1da3-4a18-a3b1-2bf65c31b2e5@group-A10EF1BAEC68->55160a25-c10a-4fac-977f-ea88e555cd0f-GrpcLogAppender: appendEntries Timeout, request=9b5674b6-1da3-4a18-a3b1-2bf65c31b2e5->55160a25-c10a-4fac-977f-ea88e555cd0f#161-t2, previous=(t:2, i:34), leaderCommit=30, initializing? false, entries: <empty>
2019-09-17 14:55:32,936 [java.util.concurrent.ThreadPoolExecutor$Worker@486b56da[State = -1, empty queue]] WARN  server.GrpcLogAppender (GrpcLogAppender.java:timeoutAppendRequest(200)) - 64dc86e1-b58a-47fa-9209-c80a04613504@group-85515DBFC7EF->296d1e6a-4d03-4625-a926-8603881e9a06-GrpcLogAppender: appendEntries Timeout, request=64dc86e1-b58a-47fa-9209-c80a04613504->296d1e6a-4d03-4625-a926-8603881e9a06#149-t2, previous=(t:2, i:20), leaderCommit=16, initializing? false, entries: <empty>
2019-09-17 14:55:32,936 [java.util.concurrent.ThreadPoolExecutor$Worker@1fe41ca9[State = -1, empty queue]] WARN  server.GrpcLogAppender (GrpcLogAppender.java:timeoutAppendRequest(200)) - 64dc86e1-b58a-47fa-9209-c80a04613504@group-85515DBFC7EF->0d659ca8-8d3f-4ad5-ad2a-cdb4ab88523b-GrpcLogAppender: appendEntries Timeout, request=64dc86e1-b58a-47fa-9209-c80a04613504->0d659ca8-8d3f-4ad5-ad2a-cdb4ab88523b#149-t2, previous=(t:2, i:20), leaderCommit=16, initializing? false, entries: <empty>
2019-09-17 14:55:32,994 [java.util.concurrent.ThreadPoolExecutor$Worker@16fd9795[State = -1, empty queue]] WARN  server.GrpcLogAppender (GrpcLogAppender.java:timeoutAppendRequest(200)) - 9b5674b6-1da3-4a18-a3b1-2bf65c31b2e5@group-A10EF1BAEC68->87bd24bf-ffb9-4c07-ac8f-086f94142b7e-GrpcLogAppender: appendEntries Timeout, request=9b5674b6-1da3-4a18-a3b1-2bf65c31b2e5->87bd24bf-ffb9-4c07-ac8f-086f94142b7e#162-t2, previous=(t:2, i:34), leaderCommit=30, initializing? false, entries: <empty>
2019-09-17 14:55:32,994 [java.util.concurrent.ThreadPoolExecutor$Worker@5ab404d3[State = -1, empty queue]] WARN  server.GrpcLogAppender (GrpcLogAppender.java:timeoutAppendRequest(200)) - 9b5674b6-1da3-4a18-a3b1-2bf65c31b2e5@group-A10EF1BAEC68->55160a25-c10a-4fac-977f-ea88e555cd0f-GrpcLogAppender: appendEntries Timeout, request=9b5674b6-1da3-4a18-a3b1-2bf65c31b2e5->55160a25-c10a-4fac-977f-ea88e555cd0f#162-t2, previous=(t:2, i:34), leaderCommit=30, initializing? false, entries: <empty>
2019-09-17 14:55:33,428 [Thread-1460] INFO  impl.FollowerState (FollowerState.java:run(106)) - 24ee45b5-4e6b-4499-8d3c-0bcd5a303b6d:group-218101269A2C changes to CANDIDATE, lastRpcTime:1050, electionTimeout:1050ms
2019-09-17 14:55:33,428 [Thread-1460] INFO  impl.RoleInfo (RoleInfo.java:shutdownFollowerState(121)) - 24ee45b5-4e6b-4499-8d3c-0bcd5a303b6d: shutdown FollowerState
2019-09-17 14:55:33,428 [Thread-1460] INFO  impl.RaftServerImpl (RaftServerImpl.java:setRole(174)) - 24ee45b5-4e6b-4499-8d3c-0bcd5a303b6d@group-218101269A2C: changes role from  FOLLOWER to CANDIDATE at term 29 for changeToCandidate
2019-09-17 14:55:33,428 [Thread-1460] INFO  impl.RoleInfo (RoleInfo.java:updateAndGet(143)) - 24ee45b5-4e6b-4499-8d3c-0bcd5a303b6d: start LeaderElection
2019-09-17 14:55:33,436 [java.util.concurrent.ThreadPoolExecutor$Worker@1fe41ca9[State = -1, empty queue]] WARN  server.GrpcLogAppender (GrpcLogAppender.java:timeoutAppendRequest(200)) - 64dc86e1-b58a-47fa-9209-c80a04613504@group-85515DBFC7EF->0d659ca8-8d3f-4ad5-ad2a-cdb4ab88523b-GrpcLogAppender: appendEntries Timeout, request=64dc86e1-b58a-47fa-9209-c80a04613504->0d659ca8-8d3f-4ad5-ad2a-cdb4ab88523b#150-t2, previous=(t:2, i:20), leaderCommit=16, initializing? false, entries: <empty>
2019-09-17 14:55:33,436 [java.util.concurrent.ThreadPoolExecutor$Worker@486b56da[State = -1, empty queue]] WARN  server.GrpcLogAppender (GrpcLogAppender.java:timeoutAppendRequest(200)) - 64dc86e1-b58a-47fa-9209-c80a04613504@group-85515DBFC7EF->296d1e6a-4d03-4625-a926-8603881e9a06-GrpcLogAppender: appendEntries Timeout, request=64dc86e1-b58a-47fa-9209-c80a04613504->296d1e6a-4d03-4625-a926-8603881e9a06#150-t2, previous=(t:2, i:20), leaderCommit=16, initializing? false, entries: <empty>
2019-09-17 14:55:33,456 [24ee45b5-4e6b-4499-8d3c-0bcd5a303b6d@group-218101269A2C:LeaderElection51] INFO  impl.LeaderElection (LeaderElection.java:askForVotes(182)) - 24ee45b5-4e6b-4499-8d3c-0bcd5a303b6d@group-218101269A2C:LeaderElection51: begin an election at term 30 for 17: [bbb4e265-cb6b-4caa-8b5d-65801261426c:192.168.151.72:38991, 5824bb7b-23b5-4080-8c55-4e36ce35b3ee:192.168.151.72:44174, 24ee45b5-4e6b-4499-8d3c-0bcd5a303b6d:192.168.151.72:44891], old=null
2019-09-17 14:55:33,458 [24ee45b5-4e6b-4499-8d3c-0bcd5a303b6d@group-218101269A2C:LeaderElection51] INFO  impl.LeaderElection (LogUtils.java:infoOrTrace(149)) - 24ee45b5-4e6b-4499-8d3c-0bcd5a303b6d@group-218101269A2C:LeaderElection51 got exception when requesting votes: {}
java.util.concurrent.ExecutionException: org.apache.ratis.thirdparty.io.grpc.StatusRuntimeException: UNAVAILABLE: io exception
	at java.util.concurrent.FutureTask.report(FutureTask.java:122)
	at java.util.concurrent.FutureTask.get(FutureTask.java:192)
	at org.apache.ratis.server.impl.LeaderElection.waitForResults(LeaderElection.java:263)
	at org.apache.ratis.server.impl.LeaderElection.askForVotes(LeaderElection.java:201)
	at org.apache.ratis.server.impl.LeaderElection.run(LeaderElection.java:133)
	at java.lang.Thread.run(Thread.java:748)
Caused by: org.apache.ratis.thirdparty.io.grpc.StatusRuntimeException: UNAVAILABLE: io exception
	at org.apache.ratis.thirdparty.io.grpc.stub.ClientCalls.toStatusRuntimeException(ClientCalls.java:233)
	at org.apache.ratis.thirdparty.io.grpc.stub.ClientCalls.getUnchecked(ClientCalls.java:214)
	at org.apache.ratis.thirdparty.io.grpc.stub.ClientCalls.blockingUnaryCall(ClientCalls.java:139)
	at org.apache.ratis.proto.grpc.RaftServerProtocolServiceGrpc$RaftServerProtocolServiceBlockingStub.requestVote(RaftServerProtocolServiceGrpc.java:265)
	at org.apache.ratis.grpc.server.GrpcServerProtocolClient.requestVote(GrpcServerProtocolClient.java:90)
	at org.apache.ratis.grpc.server.GrpcService.requestVote(GrpcService.java:204)
	at org.apache.ratis.server.impl.LeaderElection.lambda$submitRequests$1(LeaderElection.java:238)
	at java.util.concurrent.FutureTask.run(FutureTask.java:266)
	at java.util.concurrent.Executors$RunnableAdapter.call(Executors.java:511)
	at java.util.concurrent.FutureTask.run(FutureTask.java:266)
	at java.util.concurrent.ThreadPoolExecutor.runWorker(ThreadPoolExecutor.java:1149)
	at java.util.concurrent.ThreadPoolExecutor$Worker.run(ThreadPoolExecutor.java:624)
	... 1 more
Caused by: org.apache.ratis.thirdparty.io.netty.channel.AbstractChannel$AnnotatedConnectException: Connection refused: /192.168.151.72:38991
	at sun.nio.ch.SocketChannelImpl.checkConnect(Native Method)
	at sun.nio.ch.SocketChannelImpl.finishConnect(SocketChannelImpl.java:717)
	at org.apache.ratis.thirdparty.io.netty.channel.socket.nio.NioSocketChannel.doFinishConnect(NioSocketChannel.java:327)
	at org.apache.ratis.thirdparty.io.netty.channel.nio.AbstractNioChannel$AbstractNioUnsafe.finishConnect(AbstractNioChannel.java:340)
	at org.apache.ratis.thirdparty.io.netty.channel.nio.NioEventLoop.processSelectedKey(NioEventLoop.java:632)
	at org.apache.ratis.thirdparty.io.netty.channel.nio.NioEventLoop.processSelectedKeysOptimized(NioEventLoop.java:579)
	at org.apache.ratis.thirdparty.io.netty.channel.nio.NioEventLoop.processSelectedKeys(NioEventLoop.java:496)
	at org.apache.ratis.thirdparty.io.netty.channel.nio.NioEventLoop.run(NioEventLoop.java:458)
	at org.apache.ratis.thirdparty.io.netty.util.concurrent.SingleThreadEventExecutor$5.run(SingleThreadEventExecutor.java:897)
	at org.apache.ratis.thirdparty.io.netty.util.concurrent.FastThreadLocalRunnable.run(FastThreadLocalRunnable.java:30)
	... 1 more
Caused by: java.net.ConnectException: Connection refused
	... 11 more
2019-09-17 14:55:33,458 [24ee45b5-4e6b-4499-8d3c-0bcd5a303b6d@group-218101269A2C:LeaderElection51] INFO  impl.LeaderElection (LogUtils.java:infoOrTrace(149)) - 24ee45b5-4e6b-4499-8d3c-0bcd5a303b6d@group-218101269A2C:LeaderElection51 got exception when requesting votes: {}
java.util.concurrent.ExecutionException: org.apache.ratis.thirdparty.io.grpc.StatusRuntimeException: UNAVAILABLE: io exception
	at java.util.concurrent.FutureTask.report(FutureTask.java:122)
	at java.util.concurrent.FutureTask.get(FutureTask.java:192)
	at org.apache.ratis.server.impl.LeaderElection.waitForResults(LeaderElection.java:263)
	at org.apache.ratis.server.impl.LeaderElection.askForVotes(LeaderElection.java:201)
	at org.apache.ratis.server.impl.LeaderElection.run(LeaderElection.java:133)
	at java.lang.Thread.run(Thread.java:748)
Caused by: org.apache.ratis.thirdparty.io.grpc.StatusRuntimeException: UNAVAILABLE: io exception
	at org.apache.ratis.thirdparty.io.grpc.stub.ClientCalls.toStatusRuntimeException(ClientCalls.java:233)
	at org.apache.ratis.thirdparty.io.grpc.stub.ClientCalls.getUnchecked(ClientCalls.java:214)
	at org.apache.ratis.thirdparty.io.grpc.stub.ClientCalls.blockingUnaryCall(ClientCalls.java:139)
	at org.apache.ratis.proto.grpc.RaftServerProtocolServiceGrpc$RaftServerProtocolServiceBlockingStub.requestVote(RaftServerProtocolServiceGrpc.java:265)
	at org.apache.ratis.grpc.server.GrpcServerProtocolClient.requestVote(GrpcServerProtocolClient.java:90)
	at org.apache.ratis.grpc.server.GrpcService.requestVote(GrpcService.java:204)
	at org.apache.ratis.server.impl.LeaderElection.lambda$submitRequests$1(LeaderElection.java:238)
	at java.util.concurrent.FutureTask.run(FutureTask.java:266)
	at java.util.concurrent.Executors$RunnableAdapter.call(Executors.java:511)
	at java.util.concurrent.FutureTask.run(FutureTask.java:266)
	at java.util.concurrent.ThreadPoolExecutor.runWorker(ThreadPoolExecutor.java:1149)
	at java.util.concurrent.ThreadPoolExecutor$Worker.run(ThreadPoolExecutor.java:624)
	... 1 more
Caused by: org.apache.ratis.thirdparty.io.netty.channel.AbstractChannel$AnnotatedConnectException: Connection refused: /192.168.151.72:44174
	at sun.nio.ch.SocketChannelImpl.checkConnect(Native Method)
	at sun.nio.ch.SocketChannelImpl.finishConnect(SocketChannelImpl.java:717)
	at org.apache.ratis.thirdparty.io.netty.channel.socket.nio.NioSocketChannel.doFinishConnect(NioSocketChannel.java:327)
	at org.apache.ratis.thirdparty.io.netty.channel.nio.AbstractNioChannel$AbstractNioUnsafe.finishConnect(AbstractNioChannel.java:340)
	at org.apache.ratis.thirdparty.io.netty.channel.nio.NioEventLoop.processSelectedKey(NioEventLoop.java:632)
	at org.apache.ratis.thirdparty.io.netty.channel.nio.NioEventLoop.processSelectedKeysOptimized(NioEventLoop.java:579)
	at org.apache.ratis.thirdparty.io.netty.channel.nio.NioEventLoop.processSelectedKeys(NioEventLoop.java:496)
	at org.apache.ratis.thirdparty.io.netty.channel.nio.NioEventLoop.run(NioEventLoop.java:458)
	at org.apache.ratis.thirdparty.io.netty.util.concurrent.SingleThreadEventExecutor$5.run(SingleThreadEventExecutor.java:897)
	at org.apache.ratis.thirdparty.io.netty.util.concurrent.FastThreadLocalRunnable.run(FastThreadLocalRunnable.java:30)
	... 1 more
Caused by: java.net.ConnectException: Connection refused
	... 11 more
2019-09-17 14:55:33,459 [24ee45b5-4e6b-4499-8d3c-0bcd5a303b6d@group-218101269A2C:LeaderElection51] INFO  impl.LeaderElection (LeaderElection.java:logAndReturn(56)) - 24ee45b5-4e6b-4499-8d3c-0bcd5a303b6d@group-218101269A2C:LeaderElection51: Election REJECTED; received 0 response(s) [] and 2 exception(s); 24ee45b5-4e6b-4499-8d3c-0bcd5a303b6d@group-218101269A2C:t30, leader=null, voted=24ee45b5-4e6b-4499-8d3c-0bcd5a303b6d, raftlog=24ee45b5-4e6b-4499-8d3c-0bcd5a303b6d@group-218101269A2C-SegmentedRaftLog:OPENED:c29,f29,i29, conf=17: [bbb4e265-cb6b-4caa-8b5d-65801261426c:192.168.151.72:38991, 5824bb7b-23b5-4080-8c55-4e36ce35b3ee:192.168.151.72:44174, 24ee45b5-4e6b-4499-8d3c-0bcd5a303b6d:192.168.151.72:44891], old=null
2019-09-17 14:55:33,459 [24ee45b5-4e6b-4499-8d3c-0bcd5a303b6d@group-218101269A2C:LeaderElection51] INFO  impl.LeaderElection (LogUtils.java:infoOrTrace(149)) -   Exception 0: {}
java.util.concurrent.ExecutionException: org.apache.ratis.thirdparty.io.grpc.StatusRuntimeException: UNAVAILABLE: io exception
	at java.util.concurrent.FutureTask.report(FutureTask.java:122)
	at java.util.concurrent.FutureTask.get(FutureTask.java:192)
	at org.apache.ratis.server.impl.LeaderElection.waitForResults(LeaderElection.java:263)
	at org.apache.ratis.server.impl.LeaderElection.askForVotes(LeaderElection.java:201)
	at org.apache.ratis.server.impl.LeaderElection.run(LeaderElection.java:133)
	at java.lang.Thread.run(Thread.java:748)
Caused by: org.apache.ratis.thirdparty.io.grpc.StatusRuntimeException: UNAVAILABLE: io exception
	at org.apache.ratis.thirdparty.io.grpc.stub.ClientCalls.toStatusRuntimeException(ClientCalls.java:233)
	at org.apache.ratis.thirdparty.io.grpc.stub.ClientCalls.getUnchecked(ClientCalls.java:214)
	at org.apache.ratis.thirdparty.io.grpc.stub.ClientCalls.blockingUnaryCall(ClientCalls.java:139)
	at org.apache.ratis.proto.grpc.RaftServerProtocolServiceGrpc$RaftServerProtocolServiceBlockingStub.requestVote(RaftServerProtocolServiceGrpc.java:265)
	at org.apache.ratis.grpc.server.GrpcServerProtocolClient.requestVote(GrpcServerProtocolClient.java:90)
	at org.apache.ratis.grpc.server.GrpcService.requestVote(GrpcService.java:204)
	at org.apache.ratis.server.impl.LeaderElection.lambda$submitRequests$1(LeaderElection.java:238)
	at java.util.concurrent.FutureTask.run(FutureTask.java:266)
	at java.util.concurrent.Executors$RunnableAdapter.call(Executors.java:511)
	at java.util.concurrent.FutureTask.run(FutureTask.java:266)
	at java.util.concurrent.ThreadPoolExecutor.runWorker(ThreadPoolExecutor.java:1149)
	at java.util.concurrent.ThreadPoolExecutor$Worker.run(ThreadPoolExecutor.java:624)
	... 1 more
Caused by: org.apache.ratis.thirdparty.io.netty.channel.AbstractChannel$AnnotatedConnectException: Connection refused: /192.168.151.72:38991
	at sun.nio.ch.SocketChannelImpl.checkConnect(Native Method)
	at sun.nio.ch.SocketChannelImpl.finishConnect(SocketChannelImpl.java:717)
	at org.apache.ratis.thirdparty.io.netty.channel.socket.nio.NioSocketChannel.doFinishConnect(NioSocketChannel.java:327)
	at org.apache.ratis.thirdparty.io.netty.channel.nio.AbstractNioChannel$AbstractNioUnsafe.finishConnect(AbstractNioChannel.java:340)
	at org.apache.ratis.thirdparty.io.netty.channel.nio.NioEventLoop.processSelectedKey(NioEventLoop.java:632)
	at org.apache.ratis.thirdparty.io.netty.channel.nio.NioEventLoop.processSelectedKeysOptimized(NioEventLoop.java:579)
	at org.apache.ratis.thirdparty.io.netty.channel.nio.NioEventLoop.processSelectedKeys(NioEventLoop.java:496)
	at org.apache.ratis.thirdparty.io.netty.channel.nio.NioEventLoop.run(NioEventLoop.java:458)
	at org.apache.ratis.thirdparty.io.netty.util.concurrent.SingleThreadEventExecutor$5.run(SingleThreadEventExecutor.java:897)
	at org.apache.ratis.thirdparty.io.netty.util.concurrent.FastThreadLocalRunnable.run(FastThreadLocalRunnable.java:30)
	... 1 more
Caused by: java.net.ConnectException: Connection refused
	... 11 more
2019-09-17 14:55:33,459 [24ee45b5-4e6b-4499-8d3c-0bcd5a303b6d@group-218101269A2C:LeaderElection51] INFO  impl.LeaderElection (LogUtils.java:infoOrTrace(149)) -   Exception 1: {}
java.util.concurrent.ExecutionException: org.apache.ratis.thirdparty.io.grpc.StatusRuntimeException: UNAVAILABLE: io exception
	at java.util.concurrent.FutureTask.report(FutureTask.java:122)
	at java.util.concurrent.FutureTask.get(FutureTask.java:192)
	at org.apache.ratis.server.impl.LeaderElection.waitForResults(LeaderElection.java:263)
	at org.apache.ratis.server.impl.LeaderElection.askForVotes(LeaderElection.java:201)
	at org.apache.ratis.server.impl.LeaderElection.run(LeaderElection.java:133)
	at java.lang.Thread.run(Thread.java:748)
Caused by: org.apache.ratis.thirdparty.io.grpc.StatusRuntimeException: UNAVAILABLE: io exception
	at org.apache.ratis.thirdparty.io.grpc.stub.ClientCalls.toStatusRuntimeException(ClientCalls.java:233)
	at org.apache.ratis.thirdparty.io.grpc.stub.ClientCalls.getUnchecked(ClientCalls.java:214)
	at org.apache.ratis.thirdparty.io.grpc.stub.ClientCalls.blockingUnaryCall(ClientCalls.java:139)
	at org.apache.ratis.proto.grpc.RaftServerProtocolServiceGrpc$RaftServerProtocolServiceBlockingStub.requestVote(RaftServerProtocolServiceGrpc.java:265)
	at org.apache.ratis.grpc.server.GrpcServerProtocolClient.requestVote(GrpcServerProtocolClient.java:90)
	at org.apache.ratis.grpc.server.GrpcService.requestVote(GrpcService.java:204)
	at org.apache.ratis.server.impl.LeaderElection.lambda$submitRequests$1(LeaderElection.java:238)
	at java.util.concurrent.FutureTask.run(FutureTask.java:266)
	at java.util.concurrent.Executors$RunnableAdapter.call(Executors.java:511)
	at java.util.concurrent.FutureTask.run(FutureTask.java:266)
	at java.util.concurrent.ThreadPoolExecutor.runWorker(ThreadPoolExecutor.java:1149)
	at java.util.concurrent.ThreadPoolExecutor$Worker.run(ThreadPoolExecutor.java:624)
	... 1 more
Caused by: org.apache.ratis.thirdparty.io.netty.channel.AbstractChannel$AnnotatedConnectException: Connection refused: /192.168.151.72:44174
	at sun.nio.ch.SocketChannelImpl.checkConnect(Native Method)
	at sun.nio.ch.SocketChannelImpl.finishConnect(SocketChannelImpl.java:717)
	at org.apache.ratis.thirdparty.io.netty.channel.socket.nio.NioSocketChannel.doFinishConnect(NioSocketChannel.java:327)
	at org.apache.ratis.thirdparty.io.netty.channel.nio.AbstractNioChannel$AbstractNioUnsafe.finishConnect(AbstractNioChannel.java:340)
	at org.apache.ratis.thirdparty.io.netty.channel.nio.NioEventLoop.processSelectedKey(NioEventLoop.java:632)
	at org.apache.ratis.thirdparty.io.netty.channel.nio.NioEventLoop.processSelectedKeysOptimized(NioEventLoop.java:579)
	at org.apache.ratis.thirdparty.io.netty.channel.nio.NioEventLoop.processSelectedKeys(NioEventLoop.java:496)
	at org.apache.ratis.thirdparty.io.netty.channel.nio.NioEventLoop.run(NioEventLoop.java:458)
	at org.apache.ratis.thirdparty.io.netty.util.concurrent.SingleThreadEventExecutor$5.run(SingleThreadEventExecutor.java:897)
	at org.apache.ratis.thirdparty.io.netty.util.concurrent.FastThreadLocalRunnable.run(FastThreadLocalRunnable.java:30)
	... 1 more
Caused by: java.net.ConnectException: Connection refused
	... 11 more
2019-09-17 14:55:33,460 [24ee45b5-4e6b-4499-8d3c-0bcd5a303b6d@group-218101269A2C:LeaderElection51] INFO  impl.RaftServerImpl (RaftServerImpl.java:setRole(174)) - 24ee45b5-4e6b-4499-8d3c-0bcd5a303b6d@group-218101269A2C: changes role from CANDIDATE to FOLLOWER at term 30 for DISCOVERED_A_NEW_TERM
2019-09-17 14:55:33,460 [24ee45b5-4e6b-4499-8d3c-0bcd5a303b6d@group-218101269A2C:LeaderElection51] INFO  impl.RoleInfo (RoleInfo.java:shutdownLeaderElection(134)) - 24ee45b5-4e6b-4499-8d3c-0bcd5a303b6d: shutdown LeaderElection
2019-09-17 14:55:33,460 [24ee45b5-4e6b-4499-8d3c-0bcd5a303b6d@group-218101269A2C:LeaderElection51] INFO  impl.RoleInfo (RoleInfo.java:updateAndGet(143)) - 24ee45b5-4e6b-4499-8d3c-0bcd5a303b6d: start FollowerState
2019-09-17 14:55:33,494 [java.util.concurrent.ThreadPoolExecutor$Worker@16fd9795[State = -1, empty queue]] WARN  server.GrpcLogAppender (GrpcLogAppender.java:timeoutAppendRequest(200)) - 9b5674b6-1da3-4a18-a3b1-2bf65c31b2e5@group-A10EF1BAEC68->87bd24bf-ffb9-4c07-ac8f-086f94142b7e-GrpcLogAppender: appendEntries Timeout, request=9b5674b6-1da3-4a18-a3b1-2bf65c31b2e5->87bd24bf-ffb9-4c07-ac8f-086f94142b7e#163-t2, previous=(t:2, i:34), leaderCommit=30, initializing? false, entries: <empty>
2019-09-17 14:55:33,495 [java.util.concurrent.ThreadPoolExecutor$Worker@5ab404d3[State = -1, empty queue]] WARN  server.GrpcLogAppender (GrpcLogAppender.java:timeoutAppendRequest(200)) - 9b5674b6-1da3-4a18-a3b1-2bf65c31b2e5@group-A10EF1BAEC68->55160a25-c10a-4fac-977f-ea88e555cd0f-GrpcLogAppender: appendEntries Timeout, request=9b5674b6-1da3-4a18-a3b1-2bf65c31b2e5->55160a25-c10a-4fac-977f-ea88e555cd0f#163-t2, previous=(t:2, i:34), leaderCommit=30, initializing? false, entries: <empty>
2019-09-17 14:55:33,936 [java.util.concurrent.ThreadPoolExecutor$Worker@1fe41ca9[State = -1, empty queue]] WARN  server.GrpcLogAppender (GrpcLogAppender.java:timeoutAppendRequest(200)) - 64dc86e1-b58a-47fa-9209-c80a04613504@group-85515DBFC7EF->0d659ca8-8d3f-4ad5-ad2a-cdb4ab88523b-GrpcLogAppender: appendEntries Timeout, request=64dc86e1-b58a-47fa-9209-c80a04613504->0d659ca8-8d3f-4ad5-ad2a-cdb4ab88523b#151-t2, previous=(t:2, i:20), leaderCommit=16, initializing? false, entries: <empty>
2019-09-17 14:55:33,936 [java.util.concurrent.ThreadPoolExecutor$Worker@486b56da[State = -1, empty queue]] WARN  server.GrpcLogAppender (GrpcLogAppender.java:timeoutAppendRequest(200)) - 64dc86e1-b58a-47fa-9209-c80a04613504@group-85515DBFC7EF->296d1e6a-4d03-4625-a926-8603881e9a06-GrpcLogAppender: appendEntries Timeout, request=64dc86e1-b58a-47fa-9209-c80a04613504->296d1e6a-4d03-4625-a926-8603881e9a06#151-t2, previous=(t:2, i:20), leaderCommit=16, initializing? false, entries: <empty>
2019-09-17 14:55:33,994 [java.util.concurrent.ThreadPoolExecutor$Worker@16fd9795[State = -1, empty queue]] WARN  server.GrpcLogAppender (GrpcLogAppender.java:timeoutAppendRequest(200)) - 9b5674b6-1da3-4a18-a3b1-2bf65c31b2e5@group-A10EF1BAEC68->87bd24bf-ffb9-4c07-ac8f-086f94142b7e-GrpcLogAppender: appendEntries Timeout, request=9b5674b6-1da3-4a18-a3b1-2bf65c31b2e5->87bd24bf-ffb9-4c07-ac8f-086f94142b7e#164-t2, previous=(t:2, i:34), leaderCommit=30, initializing? false, entries: <empty>
2019-09-17 14:55:33,995 [java.util.concurrent.ThreadPoolExecutor$Worker@5ab404d3[State = -1, empty queue]] WARN  server.GrpcLogAppender (GrpcLogAppender.java:timeoutAppendRequest(200)) - 9b5674b6-1da3-4a18-a3b1-2bf65c31b2e5@group-A10EF1BAEC68->55160a25-c10a-4fac-977f-ea88e555cd0f-GrpcLogAppender: appendEntries Timeout, request=9b5674b6-1da3-4a18-a3b1-2bf65c31b2e5->55160a25-c10a-4fac-977f-ea88e555cd0f#164-t2, previous=(t:2, i:34), leaderCommit=30, initializing? false, entries: <empty>
2019-09-17 14:55:34,437 [java.util.concurrent.ThreadPoolExecutor$Worker@486b56da[State = -1, empty queue]] WARN  server.GrpcLogAppender (GrpcLogAppender.java:timeoutAppendRequest(200)) - 64dc86e1-b58a-47fa-9209-c80a04613504@group-85515DBFC7EF->296d1e6a-4d03-4625-a926-8603881e9a06-GrpcLogAppender: appendEntries Timeout, request=64dc86e1-b58a-47fa-9209-c80a04613504->296d1e6a-4d03-4625-a926-8603881e9a06#152-t2, previous=(t:2, i:20), leaderCommit=16, initializing? false, entries: <empty>
2019-09-17 14:55:34,437 [java.util.concurrent.ThreadPoolExecutor$Worker@1fe41ca9[State = -1, empty queue]] WARN  server.GrpcLogAppender (GrpcLogAppender.java:timeoutAppendRequest(200)) - 64dc86e1-b58a-47fa-9209-c80a04613504@group-85515DBFC7EF->0d659ca8-8d3f-4ad5-ad2a-cdb4ab88523b-GrpcLogAppender: appendEntries Timeout, request=64dc86e1-b58a-47fa-9209-c80a04613504->0d659ca8-8d3f-4ad5-ad2a-cdb4ab88523b#152-t2, previous=(t:2, i:20), leaderCommit=16, initializing? false, entries: <empty>
2019-09-17 14:55:34,494 [Thread-1474] INFO  impl.FollowerState (FollowerState.java:run(106)) - 24ee45b5-4e6b-4499-8d3c-0bcd5a303b6d:group-218101269A2C changes to CANDIDATE, lastRpcTime:1033, electionTimeout:1033ms
2019-09-17 14:55:34,494 [Thread-1474] INFO  impl.RoleInfo (RoleInfo.java:shutdownFollowerState(121)) - 24ee45b5-4e6b-4499-8d3c-0bcd5a303b6d: shutdown FollowerState
2019-09-17 14:55:34,494 [Thread-1474] INFO  impl.RaftServerImpl (RaftServerImpl.java:setRole(174)) - 24ee45b5-4e6b-4499-8d3c-0bcd5a303b6d@group-218101269A2C: changes role from  FOLLOWER to CANDIDATE at term 30 for changeToCandidate
2019-09-17 14:55:34,495 [java.util.concurrent.ThreadPoolExecutor$Worker@16fd9795[State = -1, empty queue]] WARN  server.GrpcLogAppender (GrpcLogAppender.java:timeoutAppendRequest(200)) - 9b5674b6-1da3-4a18-a3b1-2bf65c31b2e5@group-A10EF1BAEC68->87bd24bf-ffb9-4c07-ac8f-086f94142b7e-GrpcLogAppender: appendEntries Timeout, request=9b5674b6-1da3-4a18-a3b1-2bf65c31b2e5->87bd24bf-ffb9-4c07-ac8f-086f94142b7e#165-t2, previous=(t:2, i:34), leaderCommit=30, initializing? false, entries: <empty>
2019-09-17 14:55:34,495 [Thread-1474] INFO  impl.RoleInfo (RoleInfo.java:updateAndGet(143)) - 24ee45b5-4e6b-4499-8d3c-0bcd5a303b6d: start LeaderElection
2019-09-17 14:55:34,504 [java.util.concurrent.ThreadPoolExecutor$Worker@5ab404d3[State = -1, empty queue]] WARN  server.GrpcLogAppender (GrpcLogAppender.java:timeoutAppendRequest(200)) - 9b5674b6-1da3-4a18-a3b1-2bf65c31b2e5@group-A10EF1BAEC68->55160a25-c10a-4fac-977f-ea88e555cd0f-GrpcLogAppender: appendEntries Timeout, request=9b5674b6-1da3-4a18-a3b1-2bf65c31b2e5->55160a25-c10a-4fac-977f-ea88e555cd0f#165-t2, previous=(t:2, i:34), leaderCommit=30, initializing? false, entries: <empty>
2019-09-17 14:55:34,517 [24ee45b5-4e6b-4499-8d3c-0bcd5a303b6d@group-218101269A2C:LeaderElection52] INFO  impl.LeaderElection (LeaderElection.java:askForVotes(182)) - 24ee45b5-4e6b-4499-8d3c-0bcd5a303b6d@group-218101269A2C:LeaderElection52: begin an election at term 31 for 17: [bbb4e265-cb6b-4caa-8b5d-65801261426c:192.168.151.72:38991, 5824bb7b-23b5-4080-8c55-4e36ce35b3ee:192.168.151.72:44174, 24ee45b5-4e6b-4499-8d3c-0bcd5a303b6d:192.168.151.72:44891], old=null
2019-09-17 14:55:34,519 [24ee45b5-4e6b-4499-8d3c-0bcd5a303b6d@group-218101269A2C:LeaderElection52] INFO  impl.LeaderElection (LogUtils.java:infoOrTrace(149)) - 24ee45b5-4e6b-4499-8d3c-0bcd5a303b6d@group-218101269A2C:LeaderElection52 got exception when requesting votes: {}
java.util.concurrent.ExecutionException: org.apache.ratis.thirdparty.io.grpc.StatusRuntimeException: UNAVAILABLE: io exception
	at java.util.concurrent.FutureTask.report(FutureTask.java:122)
	at java.util.concurrent.FutureTask.get(FutureTask.java:192)
	at org.apache.ratis.server.impl.LeaderElection.waitForResults(LeaderElection.java:263)
	at org.apache.ratis.server.impl.LeaderElection.askForVotes(LeaderElection.java:201)
	at org.apache.ratis.server.impl.LeaderElection.run(LeaderElection.java:133)
	at java.lang.Thread.run(Thread.java:748)
Caused by: org.apache.ratis.thirdparty.io.grpc.StatusRuntimeException: UNAVAILABLE: io exception
	at org.apache.ratis.thirdparty.io.grpc.stub.ClientCalls.toStatusRuntimeException(ClientCalls.java:233)
	at org.apache.ratis.thirdparty.io.grpc.stub.ClientCalls.getUnchecked(ClientCalls.java:214)
	at org.apache.ratis.thirdparty.io.grpc.stub.ClientCalls.blockingUnaryCall(ClientCalls.java:139)
	at org.apache.ratis.proto.grpc.RaftServerProtocolServiceGrpc$RaftServerProtocolServiceBlockingStub.requestVote(RaftServerProtocolServiceGrpc.java:265)
	at org.apache.ratis.grpc.server.GrpcServerProtocolClient.requestVote(GrpcServerProtocolClient.java:90)
	at org.apache.ratis.grpc.server.GrpcService.requestVote(GrpcService.java:204)
	at org.apache.ratis.server.impl.LeaderElection.lambda$submitRequests$1(LeaderElection.java:238)
	at java.util.concurrent.FutureTask.run(FutureTask.java:266)
	at java.util.concurrent.Executors$RunnableAdapter.call(Executors.java:511)
	at java.util.concurrent.FutureTask.run(FutureTask.java:266)
	at java.util.concurrent.ThreadPoolExecutor.runWorker(ThreadPoolExecutor.java:1149)
	at java.util.concurrent.ThreadPoolExecutor$Worker.run(ThreadPoolExecutor.java:624)
	... 1 more
Caused by: org.apache.ratis.thirdparty.io.netty.channel.AbstractChannel$AnnotatedConnectException: Connection refused: /192.168.151.72:44174
	at sun.nio.ch.SocketChannelImpl.checkConnect(Native Method)
	at sun.nio.ch.SocketChannelImpl.finishConnect(SocketChannelImpl.java:717)
	at org.apache.ratis.thirdparty.io.netty.channel.socket.nio.NioSocketChannel.doFinishConnect(NioSocketChannel.java:327)
	at org.apache.ratis.thirdparty.io.netty.channel.nio.AbstractNioChannel$AbstractNioUnsafe.finishConnect(AbstractNioChannel.java:340)
	at org.apache.ratis.thirdparty.io.netty.channel.nio.NioEventLoop.processSelectedKey(NioEventLoop.java:632)
	at org.apache.ratis.thirdparty.io.netty.channel.nio.NioEventLoop.processSelectedKeysOptimized(NioEventLoop.java:579)
	at org.apache.ratis.thirdparty.io.netty.channel.nio.NioEventLoop.processSelectedKeys(NioEventLoop.java:496)
	at org.apache.ratis.thirdparty.io.netty.channel.nio.NioEventLoop.run(NioEventLoop.java:458)
	at org.apache.ratis.thirdparty.io.netty.util.concurrent.SingleThreadEventExecutor$5.run(SingleThreadEventExecutor.java:897)
	at org.apache.ratis.thirdparty.io.netty.util.concurrent.FastThreadLocalRunnable.run(FastThreadLocalRunnable.java:30)
	... 1 more
Caused by: java.net.ConnectException: Connection refused
	... 11 more
2019-09-17 14:55:34,520 [24ee45b5-4e6b-4499-8d3c-0bcd5a303b6d@group-218101269A2C:LeaderElection52] INFO  impl.LeaderElection (LogUtils.java:infoOrTrace(149)) - 24ee45b5-4e6b-4499-8d3c-0bcd5a303b6d@group-218101269A2C:LeaderElection52 got exception when requesting votes: {}
java.util.concurrent.ExecutionException: org.apache.ratis.thirdparty.io.grpc.StatusRuntimeException: UNAVAILABLE: io exception
	at java.util.concurrent.FutureTask.report(FutureTask.java:122)
	at java.util.concurrent.FutureTask.get(FutureTask.java:192)
	at org.apache.ratis.server.impl.LeaderElection.waitForResults(LeaderElection.java:263)
	at org.apache.ratis.server.impl.LeaderElection.askForVotes(LeaderElection.java:201)
	at org.apache.ratis.server.impl.LeaderElection.run(LeaderElection.java:133)
	at java.lang.Thread.run(Thread.java:748)
Caused by: org.apache.ratis.thirdparty.io.grpc.StatusRuntimeException: UNAVAILABLE: io exception
	at org.apache.ratis.thirdparty.io.grpc.stub.ClientCalls.toStatusRuntimeException(ClientCalls.java:233)
	at org.apache.ratis.thirdparty.io.grpc.stub.ClientCalls.getUnchecked(ClientCalls.java:214)
	at org.apache.ratis.thirdparty.io.grpc.stub.ClientCalls.blockingUnaryCall(ClientCalls.java:139)
	at org.apache.ratis.proto.grpc.RaftServerProtocolServiceGrpc$RaftServerProtocolServiceBlockingStub.requestVote(RaftServerProtocolServiceGrpc.java:265)
	at org.apache.ratis.grpc.server.GrpcServerProtocolClient.requestVote(GrpcServerProtocolClient.java:90)
	at org.apache.ratis.grpc.server.GrpcService.requestVote(GrpcService.java:204)
	at org.apache.ratis.server.impl.LeaderElection.lambda$submitRequests$1(LeaderElection.java:238)
	at java.util.concurrent.FutureTask.run(FutureTask.java:266)
	at java.util.concurrent.Executors$RunnableAdapter.call(Executors.java:511)
	at java.util.concurrent.FutureTask.run(FutureTask.java:266)
	at java.util.concurrent.ThreadPoolExecutor.runWorker(ThreadPoolExecutor.java:1149)
	at java.util.concurrent.ThreadPoolExecutor$Worker.run(ThreadPoolExecutor.java:624)
	... 1 more
Caused by: org.apache.ratis.thirdparty.io.netty.channel.AbstractChannel$AnnotatedConnectException: Connection refused: /192.168.151.72:38991
	at sun.nio.ch.SocketChannelImpl.checkConnect(Native Method)
	at sun.nio.ch.SocketChannelImpl.finishConnect(SocketChannelImpl.java:717)
	at org.apache.ratis.thirdparty.io.netty.channel.socket.nio.NioSocketChannel.doFinishConnect(NioSocketChannel.java:327)
	at org.apache.ratis.thirdparty.io.netty.channel.nio.AbstractNioChannel$AbstractNioUnsafe.finishConnect(AbstractNioChannel.java:340)
	at org.apache.ratis.thirdparty.io.netty.channel.nio.NioEventLoop.processSelectedKey(NioEventLoop.java:632)
	at org.apache.ratis.thirdparty.io.netty.channel.nio.NioEventLoop.processSelectedKeysOptimized(NioEventLoop.java:579)
	at org.apache.ratis.thirdparty.io.netty.channel.nio.NioEventLoop.processSelectedKeys(NioEventLoop.java:496)
	at org.apache.ratis.thirdparty.io.netty.channel.nio.NioEventLoop.run(NioEventLoop.java:458)
	at org.apache.ratis.thirdparty.io.netty.util.concurrent.SingleThreadEventExecutor$5.run(SingleThreadEventExecutor.java:897)
	at org.apache.ratis.thirdparty.io.netty.util.concurrent.FastThreadLocalRunnable.run(FastThreadLocalRunnable.java:30)
	... 1 more
Caused by: java.net.ConnectException: Connection refused
	... 11 more
2019-09-17 14:55:34,521 [24ee45b5-4e6b-4499-8d3c-0bcd5a303b6d@group-218101269A2C:LeaderElection52] INFO  impl.LeaderElection (LeaderElection.java:logAndReturn(56)) - 24ee45b5-4e6b-4499-8d3c-0bcd5a303b6d@group-218101269A2C:LeaderElection52: Election REJECTED; received 0 response(s) [] and 2 exception(s); 24ee45b5-4e6b-4499-8d3c-0bcd5a303b6d@group-218101269A2C:t31, leader=null, voted=24ee45b5-4e6b-4499-8d3c-0bcd5a303b6d, raftlog=24ee45b5-4e6b-4499-8d3c-0bcd5a303b6d@group-218101269A2C-SegmentedRaftLog:OPENED:c29,f29,i29, conf=17: [bbb4e265-cb6b-4caa-8b5d-65801261426c:192.168.151.72:38991, 5824bb7b-23b5-4080-8c55-4e36ce35b3ee:192.168.151.72:44174, 24ee45b5-4e6b-4499-8d3c-0bcd5a303b6d:192.168.151.72:44891], old=null
2019-09-17 14:55:34,521 [24ee45b5-4e6b-4499-8d3c-0bcd5a303b6d@group-218101269A2C:LeaderElection52] INFO  impl.LeaderElection (LogUtils.java:infoOrTrace(149)) -   Exception 0: {}
java.util.concurrent.ExecutionException: org.apache.ratis.thirdparty.io.grpc.StatusRuntimeException: UNAVAILABLE: io exception
	at java.util.concurrent.FutureTask.report(FutureTask.java:122)
	at java.util.concurrent.FutureTask.get(FutureTask.java:192)
	at org.apache.ratis.server.impl.LeaderElection.waitForResults(LeaderElection.java:263)
	at org.apache.ratis.server.impl.LeaderElection.askForVotes(LeaderElection.java:201)
	at org.apache.ratis.server.impl.LeaderElection.run(LeaderElection.java:133)
	at java.lang.Thread.run(Thread.java:748)
Caused by: org.apache.ratis.thirdparty.io.grpc.StatusRuntimeException: UNAVAILABLE: io exception
	at org.apache.ratis.thirdparty.io.grpc.stub.ClientCalls.toStatusRuntimeException(ClientCalls.java:233)
	at org.apache.ratis.thirdparty.io.grpc.stub.ClientCalls.getUnchecked(ClientCalls.java:214)
	at org.apache.ratis.thirdparty.io.grpc.stub.ClientCalls.blockingUnaryCall(ClientCalls.java:139)
	at org.apache.ratis.proto.grpc.RaftServerProtocolServiceGrpc$RaftServerProtocolServiceBlockingStub.requestVote(RaftServerProtocolServiceGrpc.java:265)
	at org.apache.ratis.grpc.server.GrpcServerProtocolClient.requestVote(GrpcServerProtocolClient.java:90)
	at org.apache.ratis.grpc.server.GrpcService.requestVote(GrpcService.java:204)
	at org.apache.ratis.server.impl.LeaderElection.lambda$submitRequests$1(LeaderElection.java:238)
	at java.util.concurrent.FutureTask.run(FutureTask.java:266)
	at java.util.concurrent.Executors$RunnableAdapter.call(Executors.java:511)
	at java.util.concurrent.FutureTask.run(FutureTask.java:266)
	at java.util.concurrent.ThreadPoolExecutor.runWorker(ThreadPoolExecutor.java:1149)
	at java.util.concurrent.ThreadPoolExecutor$Worker.run(ThreadPoolExecutor.java:624)
	... 1 more
Caused by: org.apache.ratis.thirdparty.io.netty.channel.AbstractChannel$AnnotatedConnectException: Connection refused: /192.168.151.72:44174
	at sun.nio.ch.SocketChannelImpl.checkConnect(Native Method)
	at sun.nio.ch.SocketChannelImpl.finishConnect(SocketChannelImpl.java:717)
	at org.apache.ratis.thirdparty.io.netty.channel.socket.nio.NioSocketChannel.doFinishConnect(NioSocketChannel.java:327)
	at org.apache.ratis.thirdparty.io.netty.channel.nio.AbstractNioChannel$AbstractNioUnsafe.finishConnect(AbstractNioChannel.java:340)
	at org.apache.ratis.thirdparty.io.netty.channel.nio.NioEventLoop.processSelectedKey(NioEventLoop.java:632)
	at org.apache.ratis.thirdparty.io.netty.channel.nio.NioEventLoop.processSelectedKeysOptimized(NioEventLoop.java:579)
	at org.apache.ratis.thirdparty.io.netty.channel.nio.NioEventLoop.processSelectedKeys(NioEventLoop.java:496)
	at org.apache.ratis.thirdparty.io.netty.channel.nio.NioEventLoop.run(NioEventLoop.java:458)
	at org.apache.ratis.thirdparty.io.netty.util.concurrent.SingleThreadEventExecutor$5.run(SingleThreadEventExecutor.java:897)
	at org.apache.ratis.thirdparty.io.netty.util.concurrent.FastThreadLocalRunnable.run(FastThreadLocalRunnable.java:30)
	... 1 more
Caused by: java.net.ConnectException: Connection refused
	... 11 more
2019-09-17 14:55:34,521 [24ee45b5-4e6b-4499-8d3c-0bcd5a303b6d@group-218101269A2C:LeaderElection52] INFO  impl.LeaderElection (LogUtils.java:infoOrTrace(149)) -   Exception 1: {}
java.util.concurrent.ExecutionException: org.apache.ratis.thirdparty.io.grpc.StatusRuntimeException: UNAVAILABLE: io exception
	at java.util.concurrent.FutureTask.report(FutureTask.java:122)
	at java.util.concurrent.FutureTask.get(FutureTask.java:192)
	at org.apache.ratis.server.impl.LeaderElection.waitForResults(LeaderElection.java:263)
	at org.apache.ratis.server.impl.LeaderElection.askForVotes(LeaderElection.java:201)
	at org.apache.ratis.server.impl.LeaderElection.run(LeaderElection.java:133)
	at java.lang.Thread.run(Thread.java:748)
Caused by: org.apache.ratis.thirdparty.io.grpc.StatusRuntimeException: UNAVAILABLE: io exception
	at org.apache.ratis.thirdparty.io.grpc.stub.ClientCalls.toStatusRuntimeException(ClientCalls.java:233)
	at org.apache.ratis.thirdparty.io.grpc.stub.ClientCalls.getUnchecked(ClientCalls.java:214)
	at org.apache.ratis.thirdparty.io.grpc.stub.ClientCalls.blockingUnaryCall(ClientCalls.java:139)
	at org.apache.ratis.proto.grpc.RaftServerProtocolServiceGrpc$RaftServerProtocolServiceBlockingStub.requestVote(RaftServerProtocolServiceGrpc.java:265)
	at org.apache.ratis.grpc.server.GrpcServerProtocolClient.requestVote(GrpcServerProtocolClient.java:90)
	at org.apache.ratis.grpc.server.GrpcService.requestVote(GrpcService.java:204)
	at org.apache.ratis.server.impl.LeaderElection.lambda$submitRequests$1(LeaderElection.java:238)
	at java.util.concurrent.FutureTask.run(FutureTask.java:266)
	at java.util.concurrent.Executors$RunnableAdapter.call(Executors.java:511)
	at java.util.concurrent.FutureTask.run(FutureTask.java:266)
	at java.util.concurrent.ThreadPoolExecutor.runWorker(ThreadPoolExecutor.java:1149)
	at java.util.concurrent.ThreadPoolExecutor$Worker.run(ThreadPoolExecutor.java:624)
	... 1 more
Caused by: org.apache.ratis.thirdparty.io.netty.channel.AbstractChannel$AnnotatedConnectException: Connection refused: /192.168.151.72:38991
	at sun.nio.ch.SocketChannelImpl.checkConnect(Native Method)
	at sun.nio.ch.SocketChannelImpl.finishConnect(SocketChannelImpl.java:717)
	at org.apache.ratis.thirdparty.io.netty.channel.socket.nio.NioSocketChannel.doFinishConnect(NioSocketChannel.java:327)
	at org.apache.ratis.thirdparty.io.netty.channel.nio.AbstractNioChannel$AbstractNioUnsafe.finishConnect(AbstractNioChannel.java:340)
	at org.apache.ratis.thirdparty.io.netty.channel.nio.NioEventLoop.processSelectedKey(NioEventLoop.java:632)
	at org.apache.ratis.thirdparty.io.netty.channel.nio.NioEventLoop.processSelectedKeysOptimized(NioEventLoop.java:579)
	at org.apache.ratis.thirdparty.io.netty.channel.nio.NioEventLoop.processSelectedKeys(NioEventLoop.java:496)
	at org.apache.ratis.thirdparty.io.netty.channel.nio.NioEventLoop.run(NioEventLoop.java:458)
	at org.apache.ratis.thirdparty.io.netty.util.concurrent.SingleThreadEventExecutor$5.run(SingleThreadEventExecutor.java:897)
	at org.apache.ratis.thirdparty.io.netty.util.concurrent.FastThreadLocalRunnable.run(FastThreadLocalRunnable.java:30)
	... 1 more
Caused by: java.net.ConnectException: Connection refused
	... 11 more
2019-09-17 14:55:34,522 [24ee45b5-4e6b-4499-8d3c-0bcd5a303b6d@group-218101269A2C:LeaderElection52] INFO  impl.RaftServerImpl (RaftServerImpl.java:setRole(174)) - 24ee45b5-4e6b-4499-8d3c-0bcd5a303b6d@group-218101269A2C: changes role from CANDIDATE to FOLLOWER at term 31 for DISCOVERED_A_NEW_TERM
2019-09-17 14:55:34,522 [24ee45b5-4e6b-4499-8d3c-0bcd5a303b6d@group-218101269A2C:LeaderElection52] INFO  impl.RoleInfo (RoleInfo.java:shutdownLeaderElection(134)) - 24ee45b5-4e6b-4499-8d3c-0bcd5a303b6d: shutdown LeaderElection
2019-09-17 14:55:34,522 [24ee45b5-4e6b-4499-8d3c-0bcd5a303b6d@group-218101269A2C:LeaderElection52] INFO  impl.RoleInfo (RoleInfo.java:updateAndGet(143)) - 24ee45b5-4e6b-4499-8d3c-0bcd5a303b6d: start FollowerState
2019-09-17 14:55:34,937 [java.util.concurrent.ThreadPoolExecutor$Worker@1fe41ca9[State = -1, empty queue]] WARN  server.GrpcLogAppender (GrpcLogAppender.java:timeoutAppendRequest(200)) - 64dc86e1-b58a-47fa-9209-c80a04613504@group-85515DBFC7EF->0d659ca8-8d3f-4ad5-ad2a-cdb4ab88523b-GrpcLogAppender: appendEntries Timeout, request=64dc86e1-b58a-47fa-9209-c80a04613504->0d659ca8-8d3f-4ad5-ad2a-cdb4ab88523b#153-t2, previous=(t:2, i:20), leaderCommit=16, initializing? false, entries: <empty>
2019-09-17 14:55:34,937 [java.util.concurrent.ThreadPoolExecutor$Worker@486b56da[State = -1, empty queue]] WARN  server.GrpcLogAppender (GrpcLogAppender.java:timeoutAppendRequest(200)) - 64dc86e1-b58a-47fa-9209-c80a04613504@group-85515DBFC7EF->296d1e6a-4d03-4625-a926-8603881e9a06-GrpcLogAppender: appendEntries Timeout, request=64dc86e1-b58a-47fa-9209-c80a04613504->296d1e6a-4d03-4625-a926-8603881e9a06#153-t2, previous=(t:2, i:20), leaderCommit=16, initializing? false, entries: <empty>
2019-09-17 14:55:34,995 [java.util.concurrent.ThreadPoolExecutor$Worker@16fd9795[State = -1, empty queue]] WARN  server.GrpcLogAppender (GrpcLogAppender.java:timeoutAppendRequest(200)) - 9b5674b6-1da3-4a18-a3b1-2bf65c31b2e5@group-A10EF1BAEC68->87bd24bf-ffb9-4c07-ac8f-086f94142b7e-GrpcLogAppender: appendEntries Timeout, request=9b5674b6-1da3-4a18-a3b1-2bf65c31b2e5->87bd24bf-ffb9-4c07-ac8f-086f94142b7e#166-t2, previous=(t:2, i:34), leaderCommit=30, initializing? false, entries: <empty>
2019-09-17 14:55:34,996 [java.util.concurrent.ThreadPoolExecutor$Worker@5ab404d3[State = -1, empty queue]] WARN  server.GrpcLogAppender (GrpcLogAppender.java:timeoutAppendRequest(200)) - 9b5674b6-1da3-4a18-a3b1-2bf65c31b2e5@group-A10EF1BAEC68->55160a25-c10a-4fac-977f-ea88e555cd0f-GrpcLogAppender: appendEntries Timeout, request=9b5674b6-1da3-4a18-a3b1-2bf65c31b2e5->55160a25-c10a-4fac-977f-ea88e555cd0f#166-t2, previous=(t:2, i:34), leaderCommit=30, initializing? false, entries: <empty>
2019-09-17 14:55:35,437 [java.util.concurrent.ThreadPoolExecutor$Worker@1fe41ca9[State = -1, empty queue]] WARN  server.GrpcLogAppender (GrpcLogAppender.java:timeoutAppendRequest(200)) - 64dc86e1-b58a-47fa-9209-c80a04613504@group-85515DBFC7EF->0d659ca8-8d3f-4ad5-ad2a-cdb4ab88523b-GrpcLogAppender: appendEntries Timeout, request=64dc86e1-b58a-47fa-9209-c80a04613504->0d659ca8-8d3f-4ad5-ad2a-cdb4ab88523b#154-t2, previous=(t:2, i:20), leaderCommit=16, initializing? false, entries: <empty>
2019-09-17 14:55:35,437 [java.util.concurrent.ThreadPoolExecutor$Worker@486b56da[State = -1, empty queue]] WARN  server.GrpcLogAppender (GrpcLogAppender.java:timeoutAppendRequest(200)) - 64dc86e1-b58a-47fa-9209-c80a04613504@group-85515DBFC7EF->296d1e6a-4d03-4625-a926-8603881e9a06-GrpcLogAppender: appendEntries Timeout, request=64dc86e1-b58a-47fa-9209-c80a04613504->296d1e6a-4d03-4625-a926-8603881e9a06#154-t2, previous=(t:2, i:20), leaderCommit=16, initializing? false, entries: <empty>
2019-09-17 14:55:35,495 [java.util.concurrent.ThreadPoolExecutor$Worker@16fd9795[State = -1, empty queue]] WARN  server.GrpcLogAppender (GrpcLogAppender.java:timeoutAppendRequest(200)) - 9b5674b6-1da3-4a18-a3b1-2bf65c31b2e5@group-A10EF1BAEC68->87bd24bf-ffb9-4c07-ac8f-086f94142b7e-GrpcLogAppender: appendEntries Timeout, request=9b5674b6-1da3-4a18-a3b1-2bf65c31b2e5->87bd24bf-ffb9-4c07-ac8f-086f94142b7e#167-t2, previous=(t:2, i:34), leaderCommit=30, initializing? false, entries: <empty>
2019-09-17 14:55:35,496 [java.util.concurrent.ThreadPoolExecutor$Worker@5ab404d3[State = -1, empty queue]] WARN  server.GrpcLogAppender (GrpcLogAppender.java:timeoutAppendRequest(200)) - 9b5674b6-1da3-4a18-a3b1-2bf65c31b2e5@group-A10EF1BAEC68->55160a25-c10a-4fac-977f-ea88e555cd0f-GrpcLogAppender: appendEntries Timeout, request=9b5674b6-1da3-4a18-a3b1-2bf65c31b2e5->55160a25-c10a-4fac-977f-ea88e555cd0f#167-t2, previous=(t:2, i:34), leaderCommit=30, initializing? false, entries: <empty>
2019-09-17 14:55:35,674 [Thread-1488] INFO  impl.FollowerState (FollowerState.java:run(106)) - 24ee45b5-4e6b-4499-8d3c-0bcd5a303b6d:group-218101269A2C changes to CANDIDATE, lastRpcTime:1151, electionTimeout:1151ms
2019-09-17 14:55:35,674 [Thread-1488] INFO  impl.RoleInfo (RoleInfo.java:shutdownFollowerState(121)) - 24ee45b5-4e6b-4499-8d3c-0bcd5a303b6d: shutdown FollowerState
2019-09-17 14:55:35,675 [Thread-1488] INFO  impl.RaftServerImpl (RaftServerImpl.java:setRole(174)) - 24ee45b5-4e6b-4499-8d3c-0bcd5a303b6d@group-218101269A2C: changes role from  FOLLOWER to CANDIDATE at term 31 for changeToCandidate
2019-09-17 14:55:35,675 [Thread-1488] INFO  impl.RoleInfo (RoleInfo.java:updateAndGet(143)) - 24ee45b5-4e6b-4499-8d3c-0bcd5a303b6d: start LeaderElection
2019-09-17 14:55:35,693 [24ee45b5-4e6b-4499-8d3c-0bcd5a303b6d@group-218101269A2C:LeaderElection53] INFO  impl.LeaderElection (LeaderElection.java:askForVotes(182)) - 24ee45b5-4e6b-4499-8d3c-0bcd5a303b6d@group-218101269A2C:LeaderElection53: begin an election at term 32 for 17: [bbb4e265-cb6b-4caa-8b5d-65801261426c:192.168.151.72:38991, 5824bb7b-23b5-4080-8c55-4e36ce35b3ee:192.168.151.72:44174, 24ee45b5-4e6b-4499-8d3c-0bcd5a303b6d:192.168.151.72:44891], old=null
2019-09-17 14:55:35,696 [24ee45b5-4e6b-4499-8d3c-0bcd5a303b6d@group-218101269A2C:LeaderElection53] INFO  impl.LeaderElection (LogUtils.java:infoOrTrace(149)) - 24ee45b5-4e6b-4499-8d3c-0bcd5a303b6d@group-218101269A2C:LeaderElection53 got exception when requesting votes: {}
java.util.concurrent.ExecutionException: org.apache.ratis.thirdparty.io.grpc.StatusRuntimeException: UNAVAILABLE: io exception
	at java.util.concurrent.FutureTask.report(FutureTask.java:122)
	at java.util.concurrent.FutureTask.get(FutureTask.java:192)
	at org.apache.ratis.server.impl.LeaderElection.waitForResults(LeaderElection.java:263)
	at org.apache.ratis.server.impl.LeaderElection.askForVotes(LeaderElection.java:201)
	at org.apache.ratis.server.impl.LeaderElection.run(LeaderElection.java:133)
	at java.lang.Thread.run(Thread.java:748)
Caused by: org.apache.ratis.thirdparty.io.grpc.StatusRuntimeException: UNAVAILABLE: io exception
	at org.apache.ratis.thirdparty.io.grpc.stub.ClientCalls.toStatusRuntimeException(ClientCalls.java:233)
	at org.apache.ratis.thirdparty.io.grpc.stub.ClientCalls.getUnchecked(ClientCalls.java:214)
	at org.apache.ratis.thirdparty.io.grpc.stub.ClientCalls.blockingUnaryCall(ClientCalls.java:139)
	at org.apache.ratis.proto.grpc.RaftServerProtocolServiceGrpc$RaftServerProtocolServiceBlockingStub.requestVote(RaftServerProtocolServiceGrpc.java:265)
	at org.apache.ratis.grpc.server.GrpcServerProtocolClient.requestVote(GrpcServerProtocolClient.java:90)
	at org.apache.ratis.grpc.server.GrpcService.requestVote(GrpcService.java:204)
	at org.apache.ratis.server.impl.LeaderElection.lambda$submitRequests$1(LeaderElection.java:238)
	at java.util.concurrent.FutureTask.run(FutureTask.java:266)
	at java.util.concurrent.Executors$RunnableAdapter.call(Executors.java:511)
	at java.util.concurrent.FutureTask.run(FutureTask.java:266)
	at java.util.concurrent.ThreadPoolExecutor.runWorker(ThreadPoolExecutor.java:1149)
	at java.util.concurrent.ThreadPoolExecutor$Worker.run(ThreadPoolExecutor.java:624)
	... 1 more
Caused by: org.apache.ratis.thirdparty.io.netty.channel.AbstractChannel$AnnotatedConnectException: Connection refused: /192.168.151.72:38991
	at sun.nio.ch.SocketChannelImpl.checkConnect(Native Method)
	at sun.nio.ch.SocketChannelImpl.finishConnect(SocketChannelImpl.java:717)
	at org.apache.ratis.thirdparty.io.netty.channel.socket.nio.NioSocketChannel.doFinishConnect(NioSocketChannel.java:327)
	at org.apache.ratis.thirdparty.io.netty.channel.nio.AbstractNioChannel$AbstractNioUnsafe.finishConnect(AbstractNioChannel.java:340)
	at org.apache.ratis.thirdparty.io.netty.channel.nio.NioEventLoop.processSelectedKey(NioEventLoop.java:632)
	at org.apache.ratis.thirdparty.io.netty.channel.nio.NioEventLoop.processSelectedKeysOptimized(NioEventLoop.java:579)
	at org.apache.ratis.thirdparty.io.netty.channel.nio.NioEventLoop.processSelectedKeys(NioEventLoop.java:496)
	at org.apache.ratis.thirdparty.io.netty.channel.nio.NioEventLoop.run(NioEventLoop.java:458)
	at org.apache.ratis.thirdparty.io.netty.util.concurrent.SingleThreadEventExecutor$5.run(SingleThreadEventExecutor.java:897)
	at org.apache.ratis.thirdparty.io.netty.util.concurrent.FastThreadLocalRunnable.run(FastThreadLocalRunnable.java:30)
	... 1 more
Caused by: java.net.ConnectException: Connection refused
	... 11 more
2019-09-17 14:55:35,696 [24ee45b5-4e6b-4499-8d3c-0bcd5a303b6d@group-218101269A2C:LeaderElection53] INFO  impl.LeaderElection (LogUtils.java:infoOrTrace(149)) - 24ee45b5-4e6b-4499-8d3c-0bcd5a303b6d@group-218101269A2C:LeaderElection53 got exception when requesting votes: {}
java.util.concurrent.ExecutionException: org.apache.ratis.thirdparty.io.grpc.StatusRuntimeException: UNAVAILABLE: io exception
	at java.util.concurrent.FutureTask.report(FutureTask.java:122)
	at java.util.concurrent.FutureTask.get(FutureTask.java:192)
	at org.apache.ratis.server.impl.LeaderElection.waitForResults(LeaderElection.java:263)
	at org.apache.ratis.server.impl.LeaderElection.askForVotes(LeaderElection.java:201)
	at org.apache.ratis.server.impl.LeaderElection.run(LeaderElection.java:133)
	at java.lang.Thread.run(Thread.java:748)
Caused by: org.apache.ratis.thirdparty.io.grpc.StatusRuntimeException: UNAVAILABLE: io exception
	at org.apache.ratis.thirdparty.io.grpc.stub.ClientCalls.toStatusRuntimeException(ClientCalls.java:233)
	at org.apache.ratis.thirdparty.io.grpc.stub.ClientCalls.getUnchecked(ClientCalls.java:214)
	at org.apache.ratis.thirdparty.io.grpc.stub.ClientCalls.blockingUnaryCall(ClientCalls.java:139)
	at org.apache.ratis.proto.grpc.RaftServerProtocolServiceGrpc$RaftServerProtocolServiceBlockingStub.requestVote(RaftServerProtocolServiceGrpc.java:265)
	at org.apache.ratis.grpc.server.GrpcServerProtocolClient.requestVote(GrpcServerProtocolClient.java:90)
	at org.apache.ratis.grpc.server.GrpcService.requestVote(GrpcService.java:204)
	at org.apache.ratis.server.impl.LeaderElection.lambda$submitRequests$1(LeaderElection.java:238)
	at java.util.concurrent.FutureTask.run(FutureTask.java:266)
	at java.util.concurrent.Executors$RunnableAdapter.call(Executors.java:511)
	at java.util.concurrent.FutureTask.run(FutureTask.java:266)
	at java.util.concurrent.ThreadPoolExecutor.runWorker(ThreadPoolExecutor.java:1149)
	at java.util.concurrent.ThreadPoolExecutor$Worker.run(ThreadPoolExecutor.java:624)
	... 1 more
Caused by: org.apache.ratis.thirdparty.io.netty.channel.AbstractChannel$AnnotatedConnectException: Connection refused: /192.168.151.72:44174
	at sun.nio.ch.SocketChannelImpl.checkConnect(Native Method)
	at sun.nio.ch.SocketChannelImpl.finishConnect(SocketChannelImpl.java:717)
	at org.apache.ratis.thirdparty.io.netty.channel.socket.nio.NioSocketChannel.doFinishConnect(NioSocketChannel.java:327)
	at org.apache.ratis.thirdparty.io.netty.channel.nio.AbstractNioChannel$AbstractNioUnsafe.finishConnect(AbstractNioChannel.java:340)
	at org.apache.ratis.thirdparty.io.netty.channel.nio.NioEventLoop.processSelectedKey(NioEventLoop.java:632)
	at org.apache.ratis.thirdparty.io.netty.channel.nio.NioEventLoop.processSelectedKeysOptimized(NioEventLoop.java:579)
	at org.apache.ratis.thirdparty.io.netty.channel.nio.NioEventLoop.processSelectedKeys(NioEventLoop.java:496)
	at org.apache.ratis.thirdparty.io.netty.channel.nio.NioEventLoop.run(NioEventLoop.java:458)
	at org.apache.ratis.thirdparty.io.netty.util.concurrent.SingleThreadEventExecutor$5.run(SingleThreadEventExecutor.java:897)
	at org.apache.ratis.thirdparty.io.netty.util.concurrent.FastThreadLocalRunnable.run(FastThreadLocalRunnable.java:30)
	... 1 more
Caused by: java.net.ConnectException: Connection refused
	... 11 more
2019-09-17 14:55:35,697 [24ee45b5-4e6b-4499-8d3c-0bcd5a303b6d@group-218101269A2C:LeaderElection53] INFO  impl.LeaderElection (LeaderElection.java:logAndReturn(56)) - 24ee45b5-4e6b-4499-8d3c-0bcd5a303b6d@group-218101269A2C:LeaderElection53: Election REJECTED; received 0 response(s) [] and 2 exception(s); 24ee45b5-4e6b-4499-8d3c-0bcd5a303b6d@group-218101269A2C:t32, leader=null, voted=24ee45b5-4e6b-4499-8d3c-0bcd5a303b6d, raftlog=24ee45b5-4e6b-4499-8d3c-0bcd5a303b6d@group-218101269A2C-SegmentedRaftLog:OPENED:c29,f29,i29, conf=17: [bbb4e265-cb6b-4caa-8b5d-65801261426c:192.168.151.72:38991, 5824bb7b-23b5-4080-8c55-4e36ce35b3ee:192.168.151.72:44174, 24ee45b5-4e6b-4499-8d3c-0bcd5a303b6d:192.168.151.72:44891], old=null
2019-09-17 14:55:35,697 [24ee45b5-4e6b-4499-8d3c-0bcd5a303b6d@group-218101269A2C:LeaderElection53] INFO  impl.LeaderElection (LogUtils.java:infoOrTrace(149)) -   Exception 0: {}
java.util.concurrent.ExecutionException: org.apache.ratis.thirdparty.io.grpc.StatusRuntimeException: UNAVAILABLE: io exception
	at java.util.concurrent.FutureTask.report(FutureTask.java:122)
	at java.util.concurrent.FutureTask.get(FutureTask.java:192)
	at org.apache.ratis.server.impl.LeaderElection.waitForResults(LeaderElection.java:263)
	at org.apache.ratis.server.impl.LeaderElection.askForVotes(LeaderElection.java:201)
	at org.apache.ratis.server.impl.LeaderElection.run(LeaderElection.java:133)
	at java.lang.Thread.run(Thread.java:748)
Caused by: org.apache.ratis.thirdparty.io.grpc.StatusRuntimeException: UNAVAILABLE: io exception
	at org.apache.ratis.thirdparty.io.grpc.stub.ClientCalls.toStatusRuntimeException(ClientCalls.java:233)
	at org.apache.ratis.thirdparty.io.grpc.stub.ClientCalls.getUnchecked(ClientCalls.java:214)
	at org.apache.ratis.thirdparty.io.grpc.stub.ClientCalls.blockingUnaryCall(ClientCalls.java:139)
	at org.apache.ratis.proto.grpc.RaftServerProtocolServiceGrpc$RaftServerProtocolServiceBlockingStub.requestVote(RaftServerProtocolServiceGrpc.java:265)
	at org.apache.ratis.grpc.server.GrpcServerProtocolClient.requestVote(GrpcServerProtocolClient.java:90)
	at org.apache.ratis.grpc.server.GrpcService.requestVote(GrpcService.java:204)
	at org.apache.ratis.server.impl.LeaderElection.lambda$submitRequests$1(LeaderElection.java:238)
	at java.util.concurrent.FutureTask.run(FutureTask.java:266)
	at java.util.concurrent.Executors$RunnableAdapter.call(Executors.java:511)
	at java.util.concurrent.FutureTask.run(FutureTask.java:266)
	at java.util.concurrent.ThreadPoolExecutor.runWorker(ThreadPoolExecutor.java:1149)
	at java.util.concurrent.ThreadPoolExecutor$Worker.run(ThreadPoolExecutor.java:624)
	... 1 more
Caused by: org.apache.ratis.thirdparty.io.netty.channel.AbstractChannel$AnnotatedConnectException: Connection refused: /192.168.151.72:38991
	at sun.nio.ch.SocketChannelImpl.checkConnect(Native Method)
	at sun.nio.ch.SocketChannelImpl.finishConnect(SocketChannelImpl.java:717)
	at org.apache.ratis.thirdparty.io.netty.channel.socket.nio.NioSocketChannel.doFinishConnect(NioSocketChannel.java:327)
	at org.apache.ratis.thirdparty.io.netty.channel.nio.AbstractNioChannel$AbstractNioUnsafe.finishConnect(AbstractNioChannel.java:340)
	at org.apache.ratis.thirdparty.io.netty.channel.nio.NioEventLoop.processSelectedKey(NioEventLoop.java:632)
	at org.apache.ratis.thirdparty.io.netty.channel.nio.NioEventLoop.processSelectedKeysOptimized(NioEventLoop.java:579)
	at org.apache.ratis.thirdparty.io.netty.channel.nio.NioEventLoop.processSelectedKeys(NioEventLoop.java:496)
	at org.apache.ratis.thirdparty.io.netty.channel.nio.NioEventLoop.run(NioEventLoop.java:458)
	at org.apache.ratis.thirdparty.io.netty.util.concurrent.SingleThreadEventExecutor$5.run(SingleThreadEventExecutor.java:897)
	at org.apache.ratis.thirdparty.io.netty.util.concurrent.FastThreadLocalRunnable.run(FastThreadLocalRunnable.java:30)
	... 1 more
Caused by: java.net.ConnectException: Connection refused
	... 11 more
2019-09-17 14:55:35,698 [24ee45b5-4e6b-4499-8d3c-0bcd5a303b6d@group-218101269A2C:LeaderElection53] INFO  impl.LeaderElection (LogUtils.java:infoOrTrace(149)) -   Exception 1: {}
java.util.concurrent.ExecutionException: org.apache.ratis.thirdparty.io.grpc.StatusRuntimeException: UNAVAILABLE: io exception
	at java.util.concurrent.FutureTask.report(FutureTask.java:122)
	at java.util.concurrent.FutureTask.get(FutureTask.java:192)
	at org.apache.ratis.server.impl.LeaderElection.waitForResults(LeaderElection.java:263)
	at org.apache.ratis.server.impl.LeaderElection.askForVotes(LeaderElection.java:201)
	at org.apache.ratis.server.impl.LeaderElection.run(LeaderElection.java:133)
	at java.lang.Thread.run(Thread.java:748)
Caused by: org.apache.ratis.thirdparty.io.grpc.StatusRuntimeException: UNAVAILABLE: io exception
	at org.apache.ratis.thirdparty.io.grpc.stub.ClientCalls.toStatusRuntimeException(ClientCalls.java:233)
	at org.apache.ratis.thirdparty.io.grpc.stub.ClientCalls.getUnchecked(ClientCalls.java:214)
	at org.apache.ratis.thirdparty.io.grpc.stub.ClientCalls.blockingUnaryCall(ClientCalls.java:139)
	at org.apache.ratis.proto.grpc.RaftServerProtocolServiceGrpc$RaftServerProtocolServiceBlockingStub.requestVote(RaftServerProtocolServiceGrpc.java:265)
	at org.apache.ratis.grpc.server.GrpcServerProtocolClient.requestVote(GrpcServerProtocolClient.java:90)
	at org.apache.ratis.grpc.server.GrpcService.requestVote(GrpcService.java:204)
	at org.apache.ratis.server.impl.LeaderElection.lambda$submitRequests$1(LeaderElection.java:238)
	at java.util.concurrent.FutureTask.run(FutureTask.java:266)
	at java.util.concurrent.Executors$RunnableAdapter.call(Executors.java:511)
	at java.util.concurrent.FutureTask.run(FutureTask.java:266)
	at java.util.concurrent.ThreadPoolExecutor.runWorker(ThreadPoolExecutor.java:1149)
	at java.util.concurrent.ThreadPoolExecutor$Worker.run(ThreadPoolExecutor.java:624)
	... 1 more
Caused by: org.apache.ratis.thirdparty.io.netty.channel.AbstractChannel$AnnotatedConnectException: Connection refused: /192.168.151.72:44174
	at sun.nio.ch.SocketChannelImpl.checkConnect(Native Method)
	at sun.nio.ch.SocketChannelImpl.finishConnect(SocketChannelImpl.java:717)
	at org.apache.ratis.thirdparty.io.netty.channel.socket.nio.NioSocketChannel.doFinishConnect(NioSocketChannel.java:327)
	at org.apache.ratis.thirdparty.io.netty.channel.nio.AbstractNioChannel$AbstractNioUnsafe.finishConnect(AbstractNioChannel.java:340)
	at org.apache.ratis.thirdparty.io.netty.channel.nio.NioEventLoop.processSelectedKey(NioEventLoop.java:632)
	at org.apache.ratis.thirdparty.io.netty.channel.nio.NioEventLoop.processSelectedKeysOptimized(NioEventLoop.java:579)
	at org.apache.ratis.thirdparty.io.netty.channel.nio.NioEventLoop.processSelectedKeys(NioEventLoop.java:496)
	at org.apache.ratis.thirdparty.io.netty.channel.nio.NioEventLoop.run(NioEventLoop.java:458)
	at org.apache.ratis.thirdparty.io.netty.util.concurrent.SingleThreadEventExecutor$5.run(SingleThreadEventExecutor.java:897)
	at org.apache.ratis.thirdparty.io.netty.util.concurrent.FastThreadLocalRunnable.run(FastThreadLocalRunnable.java:30)
	... 1 more
Caused by: java.net.ConnectException: Connection refused
	... 11 more
2019-09-17 14:55:35,699 [24ee45b5-4e6b-4499-8d3c-0bcd5a303b6d@group-218101269A2C:LeaderElection53] INFO  impl.RaftServerImpl (RaftServerImpl.java:setRole(174)) - 24ee45b5-4e6b-4499-8d3c-0bcd5a303b6d@group-218101269A2C: changes role from CANDIDATE to FOLLOWER at term 32 for DISCOVERED_A_NEW_TERM
2019-09-17 14:55:35,699 [24ee45b5-4e6b-4499-8d3c-0bcd5a303b6d@group-218101269A2C:LeaderElection53] INFO  impl.RoleInfo (RoleInfo.java:shutdownLeaderElection(134)) - 24ee45b5-4e6b-4499-8d3c-0bcd5a303b6d: shutdown LeaderElection
2019-09-17 14:55:35,699 [24ee45b5-4e6b-4499-8d3c-0bcd5a303b6d@group-218101269A2C:LeaderElection53] INFO  impl.RoleInfo (RoleInfo.java:updateAndGet(143)) - 24ee45b5-4e6b-4499-8d3c-0bcd5a303b6d: start FollowerState
2019-09-17 14:55:35,748 [main] INFO  ozoneimpl.OzoneContainer (OzoneContainer.java:stop(231)) - Attempting to stop container services.
2019-09-17 14:55:35,748 [ForkJoinPool.commonPool-worker-0] INFO  ozoneimpl.OzoneContainer (OzoneContainer.java:stop(231)) - Attempting to stop container services.
2019-09-17 14:55:35,749 [main] INFO  impl.RaftServerProxy (RaftServerProxy.java:lambda$close$4(314)) - 9b5674b6-1da3-4a18-a3b1-2bf65c31b2e5: close
2019-09-17 14:55:35,750 [ForkJoinPool.commonPool-worker-0] INFO  impl.RaftServerProxy (RaftServerProxy.java:lambda$close$4(314)) - 0d659ca8-8d3f-4ad5-ad2a-cdb4ab88523b: close
2019-09-17 14:55:35,750 [main] INFO  impl.RaftServerImpl (RaftServerImpl.java:lambda$shutdown$3(251)) - 9b5674b6-1da3-4a18-a3b1-2bf65c31b2e5@group-A10EF1BAEC68: shutdown
2019-09-17 14:55:35,750 [ForkJoinPool.commonPool-worker-0] INFO  impl.RaftServerImpl (RaftServerImpl.java:lambda$shutdown$3(251)) - 0d659ca8-8d3f-4ad5-ad2a-cdb4ab88523b@group-85515DBFC7EF: shutdown
2019-09-17 14:55:35,751 [main] INFO  util.JmxRegister (JmxRegister.java:unregister(73)) - Successfully un-registered JMX Bean with object name Ratis:service=RaftServer,group=group-A10EF1BAEC68,id=9b5674b6-1da3-4a18-a3b1-2bf65c31b2e5
2019-09-17 14:55:35,751 [ForkJoinPool.commonPool-worker-0] INFO  util.JmxRegister (JmxRegister.java:unregister(73)) - Successfully un-registered JMX Bean with object name Ratis:service=RaftServer,group=group-85515DBFC7EF,id=0d659ca8-8d3f-4ad5-ad2a-cdb4ab88523b
2019-09-17 14:55:35,751 [main] INFO  impl.RoleInfo (RoleInfo.java:shutdownLeaderState(104)) - 9b5674b6-1da3-4a18-a3b1-2bf65c31b2e5: shutdown LeaderState
2019-09-17 14:55:35,752 [ForkJoinPool.commonPool-worker-0] INFO  impl.RoleInfo (RoleInfo.java:shutdownFollowerState(121)) - 0d659ca8-8d3f-4ad5-ad2a-cdb4ab88523b: shutdown FollowerState
2019-09-17 14:55:35,757 [org.apache.ratis.server.impl.LogAppender$AppenderDaemon$$Lambda$511/63489391@73d0a166] WARN  server.GrpcLogAppender (GrpcLogAppender.java:mayWait(143)) - 9b5674b6-1da3-4a18-a3b1-2bf65c31b2e5@group-A10EF1BAEC68->55160a25-c10a-4fac-977f-ea88e555cd0f-GrpcLogAppender: Wait interrupted by java.lang.InterruptedException
2019-09-17 14:55:35,757 [Thread-435] INFO  impl.FollowerState (FollowerState.java:run(115)) - 0d659ca8-8d3f-4ad5-ad2a-cdb4ab88523b: FollowerState was interrupted: java.lang.InterruptedException: sleep interrupted
2019-09-17 14:55:35,757 [0d659ca8-8d3f-4ad5-ad2a-cdb4ab88523b@group-85515DBFC7EF-StateMachineUpdater] INFO  ratis.ContainerStateMachine (ContainerStateMachine.java:takeSnapshot(289)) - group-85515DBFC7EF: Taking a snapshot at:(t:2, i:12) file /workdir/hadoop-ozone/integration-test/target/test-dir/MiniOzoneClusterImpl-845ee491-3861-4700-afca-e6762de221c3/datanode-2/data/ratis/7a1be835-dbe0-4477-9aa1-85515dbfc7ef/sm/snapshot.2_12
2019-09-17 14:55:35,757 [org.apache.ratis.server.impl.LogAppender$AppenderDaemon$$Lambda$511/63489391@3a331cdd] WARN  server.GrpcLogAppender (GrpcLogAppender.java:mayWait(143)) - 9b5674b6-1da3-4a18-a3b1-2bf65c31b2e5@group-A10EF1BAEC68->87bd24bf-ffb9-4c07-ac8f-086f94142b7e-GrpcLogAppender: Wait interrupted by java.lang.InterruptedException
2019-09-17 14:55:35,757 [main] INFO  impl.PendingRequests (PendingRequests.java:sendNotLeaderResponses(202)) - 9b5674b6-1da3-4a18-a3b1-2bf65c31b2e5-PendingRequests: sendNotLeaderResponses
2019-09-17 14:55:35,758 [grpc-default-executor-1] INFO  server.GrpcServerProtocolService (GrpcServerProtocolService.java:onCompleted(113)) - 87bd24bf-ffb9-4c07-ac8f-086f94142b7e: Completed APPEND_ENTRIES, lastRequest: 9b5674b6-1da3-4a18-a3b1-2bf65c31b2e5->87bd24bf-ffb9-4c07-ac8f-086f94142b7e#173-t2, previous=(t:2, i:34), leaderCommit=30, initializing? false, entries: <empty>
2019-09-17 14:55:35,758 [grpc-default-executor-2] INFO  server.GrpcServerProtocolService (GrpcServerProtocolService.java:onCompleted(113)) - 55160a25-c10a-4fac-977f-ea88e555cd0f: Completed APPEND_ENTRIES, lastRequest: 9b5674b6-1da3-4a18-a3b1-2bf65c31b2e5->55160a25-c10a-4fac-977f-ea88e555cd0f#173-t2, previous=(t:2, i:34), leaderCommit=30, initializing? false, entries: <empty>
2019-09-17 14:55:35,757 [ForkJoinPool.commonPool-worker-0] INFO  impl.StateMachineUpdater (StateMachineUpdater.java:stopAndJoin(125)) - 0d659ca8-8d3f-4ad5-ad2a-cdb4ab88523b@group-85515DBFC7EF-StateMachineUpdater: set stopIndex = 16
2019-09-17 14:55:35,765 [main] INFO  impl.StateMachineUpdater (StateMachineUpdater.java:stopAndJoin(125)) - 9b5674b6-1da3-4a18-a3b1-2bf65c31b2e5@group-A10EF1BAEC68-StateMachineUpdater: set stopIndex = 30
2019-09-17 14:55:35,765 [grpc-default-executor-2] INFO  server.GrpcLogAppender (GrpcLogAppender.java:onCompleted(293)) - 9b5674b6-1da3-4a18-a3b1-2bf65c31b2e5@group-A10EF1BAEC68->87bd24bf-ffb9-4c07-ac8f-086f94142b7e-AppendLogResponseHandler: follower responses appendEntries COMPLETED
2019-09-17 14:55:35,766 [grpc-default-executor-1] INFO  server.GrpcLogAppender (GrpcLogAppender.java:onCompleted(293)) - 9b5674b6-1da3-4a18-a3b1-2bf65c31b2e5@group-A10EF1BAEC68->55160a25-c10a-4fac-977f-ea88e555cd0f-AppendLogResponseHandler: follower responses appendEntries COMPLETED
2019-09-17 14:55:35,765 [9b5674b6-1da3-4a18-a3b1-2bf65c31b2e5@group-A10EF1BAEC68-StateMachineUpdater] INFO  ratis.ContainerStateMachine (ContainerStateMachine.java:takeSnapshot(289)) - group-A10EF1BAEC68: Taking a snapshot at:(t:2, i:28) file /workdir/hadoop-ozone/integration-test/target/test-dir/MiniOzoneClusterImpl-845ee491-3861-4700-afca-e6762de221c3/datanode-5/data/ratis/a9c0be52-3882-478e-9292-a10ef1baec68/sm/snapshot.2_28
2019-09-17 14:55:35,766 [grpc-default-executor-2] INFO  impl.FollowerInfo (FollowerInfo.java:lambda$new$0(51)) - 9b5674b6-1da3-4a18-a3b1-2bf65c31b2e5@group-A10EF1BAEC68->87bd24bf-ffb9-4c07-ac8f-086f94142b7e: nextIndex: updateUnconditionally 35 -> 31
2019-09-17 14:55:35,766 [grpc-default-executor-1] INFO  impl.FollowerInfo (FollowerInfo.java:lambda$new$0(51)) - 9b5674b6-1da3-4a18-a3b1-2bf65c31b2e5@group-A10EF1BAEC68->55160a25-c10a-4fac-977f-ea88e555cd0f: nextIndex: updateUnconditionally 35 -> 31
2019-09-17 14:55:35,771 [9b5674b6-1da3-4a18-a3b1-2bf65c31b2e5@group-A10EF1BAEC68-StateMachineUpdater] INFO  ratis.ContainerStateMachine (ContainerStateMachine.java:takeSnapshot(300)) - group-A10EF1BAEC68: Finished taking a snapshot at:(t:2, i:28) file:/workdir/hadoop-ozone/integration-test/target/test-dir/MiniOzoneClusterImpl-845ee491-3861-4700-afca-e6762de221c3/datanode-5/data/ratis/a9c0be52-3882-478e-9292-a10ef1baec68/sm/snapshot.2_28 time:6
2019-09-17 14:55:35,771 [0d659ca8-8d3f-4ad5-ad2a-cdb4ab88523b@group-85515DBFC7EF-StateMachineUpdater] INFO  ratis.ContainerStateMachine (ContainerStateMachine.java:takeSnapshot(300)) - group-85515DBFC7EF: Finished taking a snapshot at:(t:2, i:12) file:/workdir/hadoop-ozone/integration-test/target/test-dir/MiniOzoneClusterImpl-845ee491-3861-4700-afca-e6762de221c3/datanode-2/data/ratis/7a1be835-dbe0-4477-9aa1-85515dbfc7ef/sm/snapshot.2_12 time:14
2019-09-17 14:55:35,772 [0d659ca8-8d3f-4ad5-ad2a-cdb4ab88523b@group-85515DBFC7EF-StateMachineUpdater] INFO  impl.StateMachineUpdater (StateMachineUpdater.java:takeSnapshot(258)) - 0d659ca8-8d3f-4ad5-ad2a-cdb4ab88523b@group-85515DBFC7EF-StateMachineUpdater: Took a snapshot at index 12
2019-09-17 14:55:35,772 [9b5674b6-1da3-4a18-a3b1-2bf65c31b2e5@group-A10EF1BAEC68-StateMachineUpdater] INFO  impl.StateMachineUpdater (StateMachineUpdater.java:takeSnapshot(258)) - 9b5674b6-1da3-4a18-a3b1-2bf65c31b2e5@group-A10EF1BAEC68-StateMachineUpdater: Took a snapshot at index 28
2019-09-17 14:55:35,772 [0d659ca8-8d3f-4ad5-ad2a-cdb4ab88523b@group-85515DBFC7EF-StateMachineUpdater] INFO  impl.StateMachineUpdater (StateMachineUpdater.java:lambda$new$0(83)) - 0d659ca8-8d3f-4ad5-ad2a-cdb4ab88523b@group-85515DBFC7EF-StateMachineUpdater: snapshotIndex: updateIncreasingly -1 -> 12
2019-09-17 14:55:35,772 [9b5674b6-1da3-4a18-a3b1-2bf65c31b2e5@group-A10EF1BAEC68-StateMachineUpdater] INFO  impl.StateMachineUpdater (StateMachineUpdater.java:lambda$new$0(83)) - 9b5674b6-1da3-4a18-a3b1-2bf65c31b2e5@group-A10EF1BAEC68-StateMachineUpdater: snapshotIndex: updateIncreasingly -1 -> 28
2019-09-17 14:55:35,773 [9b5674b6-1da3-4a18-a3b1-2bf65c31b2e5@group-A10EF1BAEC68-StateMachineUpdater] INFO  ratis.ContainerStateMachine (ContainerStateMachine.java:takeSnapshot(289)) - group-A10EF1BAEC68: Taking a snapshot at:(t:2, i:28) file /workdir/hadoop-ozone/integration-test/target/test-dir/MiniOzoneClusterImpl-845ee491-3861-4700-afca-e6762de221c3/datanode-5/data/ratis/a9c0be52-3882-478e-9292-a10ef1baec68/sm/snapshot.2_28
2019-09-17 14:55:35,773 [0d659ca8-8d3f-4ad5-ad2a-cdb4ab88523b@group-85515DBFC7EF-StateMachineUpdater] INFO  ratis.ContainerStateMachine (ContainerStateMachine.java:takeSnapshot(289)) - group-85515DBFC7EF: Taking a snapshot at:(t:2, i:12) file /workdir/hadoop-ozone/integration-test/target/test-dir/MiniOzoneClusterImpl-845ee491-3861-4700-afca-e6762de221c3/datanode-2/data/ratis/7a1be835-dbe0-4477-9aa1-85515dbfc7ef/sm/snapshot.2_12
2019-09-17 14:55:35,786 [0d659ca8-8d3f-4ad5-ad2a-cdb4ab88523b@group-85515DBFC7EF-StateMachineUpdater] INFO  ratis.ContainerStateMachine (ContainerStateMachine.java:takeSnapshot(300)) - group-85515DBFC7EF: Finished taking a snapshot at:(t:2, i:12) file:/workdir/hadoop-ozone/integration-test/target/test-dir/MiniOzoneClusterImpl-845ee491-3861-4700-afca-e6762de221c3/datanode-2/data/ratis/7a1be835-dbe0-4477-9aa1-85515dbfc7ef/sm/snapshot.2_12 time:13
2019-09-17 14:55:35,786 [9b5674b6-1da3-4a18-a3b1-2bf65c31b2e5@group-A10EF1BAEC68-StateMachineUpdater] INFO  ratis.ContainerStateMachine (ContainerStateMachine.java:takeSnapshot(300)) - group-A10EF1BAEC68: Finished taking a snapshot at:(t:2, i:28) file:/workdir/hadoop-ozone/integration-test/target/test-dir/MiniOzoneClusterImpl-845ee491-3861-4700-afca-e6762de221c3/datanode-5/data/ratis/a9c0be52-3882-478e-9292-a10ef1baec68/sm/snapshot.2_28 time:13
2019-09-17 14:55:35,786 [0d659ca8-8d3f-4ad5-ad2a-cdb4ab88523b@group-85515DBFC7EF-StateMachineUpdater] INFO  impl.StateMachineUpdater (StateMachineUpdater.java:takeSnapshot(258)) - 0d659ca8-8d3f-4ad5-ad2a-cdb4ab88523b@group-85515DBFC7EF-StateMachineUpdater: Took a snapshot at index 12
2019-09-17 14:55:35,786 [0d659ca8-8d3f-4ad5-ad2a-cdb4ab88523b@group-85515DBFC7EF-StateMachineUpdater] INFO  impl.StateMachineUpdater (StateMachineUpdater.java:lambda$new$0(83)) - 0d659ca8-8d3f-4ad5-ad2a-cdb4ab88523b@group-85515DBFC7EF-StateMachineUpdater: snapshotIndex: updateIncreasingly 12 -> 12
2019-09-17 14:55:35,786 [9b5674b6-1da3-4a18-a3b1-2bf65c31b2e5@group-A10EF1BAEC68-StateMachineUpdater] INFO  impl.StateMachineUpdater (StateMachineUpdater.java:takeSnapshot(258)) - 9b5674b6-1da3-4a18-a3b1-2bf65c31b2e5@group-A10EF1BAEC68-StateMachineUpdater: Took a snapshot at index 28
2019-09-17 14:55:35,787 [9b5674b6-1da3-4a18-a3b1-2bf65c31b2e5@group-A10EF1BAEC68-StateMachineUpdater] INFO  impl.StateMachineUpdater (StateMachineUpdater.java:lambda$new$0(83)) - 9b5674b6-1da3-4a18-a3b1-2bf65c31b2e5@group-A10EF1BAEC68-StateMachineUpdater: snapshotIndex: updateIncreasingly 28 -> 28
2019-09-17 14:55:35,787 [ForkJoinPool.commonPool-worker-0] INFO  impl.RaftServerImpl (ServerState.java:close(385)) - 0d659ca8-8d3f-4ad5-ad2a-cdb4ab88523b@group-85515DBFC7EF: closes. applyIndex: 16
2019-09-17 14:55:35,787 [main] INFO  impl.RaftServerImpl (ServerState.java:close(385)) - 9b5674b6-1da3-4a18-a3b1-2bf65c31b2e5@group-A10EF1BAEC68: closes. applyIndex: 30
2019-09-17 14:55:35,799 [9b5674b6-1da3-4a18-a3b1-2bf65c31b2e5@group-A10EF1BAEC68-SegmentedRaftLogWorker] ERROR ratis.XceiverServerRatis (XceiverServerRatis.java:triggerPipelineClose(575)) - pipeline Action CLOSE  on pipeline PipelineID=a9c0be52-3882-478e-9292-a10ef1baec68.Reason : WriteLog:31: (t:2, i:31), STATEMACHINELOGENTRY, client-CBA6351075E1, cid=73-writeStateMachineData interrupted.
2019-09-17 14:55:35,799 [0d659ca8-8d3f-4ad5-ad2a-cdb4ab88523b@group-85515DBFC7EF-SegmentedRaftLogWorker] ERROR ratis.XceiverServerRatis (XceiverServerRatis.java:triggerPipelineClose(575)) - pipeline Action CLOSE  on pipeline PipelineID=7a1be835-dbe0-4477-9aa1-85515dbfc7ef.Reason : WriteLog:19: (t:2, i:19), STATEMACHINELOGENTRY, client-30C4B51AD9D2, cid=51-writeStateMachineData interrupted.
2019-09-17 14:55:35,801 [main] INFO  segmented.SegmentedRaftLogWorker (SegmentedRaftLogWorker.java:close(228)) - 9b5674b6-1da3-4a18-a3b1-2bf65c31b2e5@group-A10EF1BAEC68-SegmentedRaftLogWorker close()
2019-09-17 14:55:35,808 [main] INFO  impl.RaftServerImpl (RaftServerImpl.java:lambda$shutdown$3(251)) - 9b5674b6-1da3-4a18-a3b1-2bf65c31b2e5@group-875646F0E444: shutdown
2019-09-17 14:55:35,808 [main] INFO  util.JmxRegister (JmxRegister.java:unregister(73)) - Successfully un-registered JMX Bean with object name Ratis:service=RaftServer,group=group-875646F0E444,id=9b5674b6-1da3-4a18-a3b1-2bf65c31b2e5
2019-09-17 14:55:35,808 [main] INFO  impl.RoleInfo (RoleInfo.java:shutdownLeaderState(104)) - 9b5674b6-1da3-4a18-a3b1-2bf65c31b2e5: shutdown LeaderState
2019-09-17 14:55:35,809 [main] INFO  impl.PendingRequests (PendingRequests.java:sendNotLeaderResponses(202)) - 9b5674b6-1da3-4a18-a3b1-2bf65c31b2e5-PendingRequests: sendNotLeaderResponses
2019-09-17 14:55:35,809 [main] INFO  impl.StateMachineUpdater (StateMachineUpdater.java:stopAndJoin(125)) - 9b5674b6-1da3-4a18-a3b1-2bf65c31b2e5@group-875646F0E444-StateMachineUpdater: set stopIndex = 0
2019-09-17 14:55:35,809 [main] INFO  impl.RaftServerImpl (ServerState.java:close(385)) - 9b5674b6-1da3-4a18-a3b1-2bf65c31b2e5@group-875646F0E444: closes. applyIndex: 0
2019-09-17 14:55:35,810 [9b5674b6-1da3-4a18-a3b1-2bf65c31b2e5@group-875646F0E444-SegmentedRaftLogWorker] INFO  segmented.SegmentedRaftLogWorker (SegmentedRaftLogWorker.java:run(313)) - 9b5674b6-1da3-4a18-a3b1-2bf65c31b2e5@group-875646F0E444-SegmentedRaftLogWorker was interrupted, exiting. There are 0 tasks remaining in the queue.
2019-09-17 14:55:35,812 [main] INFO  segmented.SegmentedRaftLogWorker (SegmentedRaftLogWorker.java:close(228)) - 9b5674b6-1da3-4a18-a3b1-2bf65c31b2e5@group-875646F0E444-SegmentedRaftLogWorker close()
2019-09-17 14:55:35,817 [main] INFO  server.GrpcService (GrpcService.java:closeImpl(164)) - 9b5674b6-1da3-4a18-a3b1-2bf65c31b2e5: shutdown server with port 42570 now
2019-09-17 14:55:35,818 [main] INFO  server.GrpcService (GrpcService.java:closeImpl(172)) - 9b5674b6-1da3-4a18-a3b1-2bf65c31b2e5: shutdown server with port 42570 successfully
2019-09-17 14:55:35,818 [ForkJoinPool.commonPool-worker-0] INFO  segmented.SegmentedRaftLogWorker (SegmentedRaftLogWorker.java:close(228)) - 0d659ca8-8d3f-4ad5-ad2a-cdb4ab88523b@group-85515DBFC7EF-SegmentedRaftLogWorker close()
2019-09-17 14:55:35,824 [ForkJoinPool.commonPool-worker-0] INFO  impl.RaftServerImpl (RaftServerImpl.java:lambda$shutdown$3(251)) - 0d659ca8-8d3f-4ad5-ad2a-cdb4ab88523b@group-C465A817DF8C: shutdown
2019-09-17 14:55:35,824 [ForkJoinPool.commonPool-worker-0] INFO  util.JmxRegister (JmxRegister.java:unregister(73)) - Successfully un-registered JMX Bean with object name Ratis:service=RaftServer,group=group-C465A817DF8C,id=0d659ca8-8d3f-4ad5-ad2a-cdb4ab88523b
2019-09-17 14:55:35,825 [ForkJoinPool.commonPool-worker-0] INFO  impl.RoleInfo (RoleInfo.java:shutdownLeaderState(104)) - 0d659ca8-8d3f-4ad5-ad2a-cdb4ab88523b: shutdown LeaderState
2019-09-17 14:55:35,825 [refreshUsed-/workdir/hadoop-ozone/integration-test/target/test-dir/MiniOzoneClusterImpl-845ee491-3861-4700-afca-e6762de221c3/datanode-5/data/containers] WARN  fs.CachingGetSpaceUsed (CachingGetSpaceUsed.java:run(183)) - Thread Interrupted waiting to refresh disk information: sleep interrupted
2019-09-17 14:55:35,825 [ForkJoinPool.commonPool-worker-0] INFO  impl.PendingRequests (PendingRequests.java:sendNotLeaderResponses(202)) - 0d659ca8-8d3f-4ad5-ad2a-cdb4ab88523b-PendingRequests: sendNotLeaderResponses
2019-09-17 14:55:35,825 [ForkJoinPool.commonPool-worker-0] INFO  impl.StateMachineUpdater (StateMachineUpdater.java:stopAndJoin(125)) - 0d659ca8-8d3f-4ad5-ad2a-cdb4ab88523b@group-C465A817DF8C-StateMachineUpdater: set stopIndex = 0
2019-09-17 14:55:35,826 [ForkJoinPool.commonPool-worker-0] INFO  impl.RaftServerImpl (ServerState.java:close(385)) - 0d659ca8-8d3f-4ad5-ad2a-cdb4ab88523b@group-C465A817DF8C: closes. applyIndex: 0
2019-09-17 14:55:35,827 [0d659ca8-8d3f-4ad5-ad2a-cdb4ab88523b@group-C465A817DF8C-SegmentedRaftLogWorker] INFO  segmented.SegmentedRaftLogWorker (SegmentedRaftLogWorker.java:run(313)) - 0d659ca8-8d3f-4ad5-ad2a-cdb4ab88523b@group-C465A817DF8C-SegmentedRaftLogWorker was interrupted, exiting. There are 0 tasks remaining in the queue.
2019-09-17 14:55:35,829 [ForkJoinPool.commonPool-worker-0] INFO  segmented.SegmentedRaftLogWorker (SegmentedRaftLogWorker.java:close(228)) - 0d659ca8-8d3f-4ad5-ad2a-cdb4ab88523b@group-C465A817DF8C-SegmentedRaftLogWorker close()
2019-09-17 14:55:35,833 [ForkJoinPool.commonPool-worker-0] INFO  server.GrpcService (GrpcService.java:closeImpl(164)) - 0d659ca8-8d3f-4ad5-ad2a-cdb4ab88523b: shutdown server with port 38283 now
2019-09-17 14:55:35,834 [ForkJoinPool.commonPool-worker-0] INFO  server.GrpcService (GrpcService.java:closeImpl(172)) - 0d659ca8-8d3f-4ad5-ad2a-cdb4ab88523b: shutdown server with port 38283 successfully
2019-09-17 14:55:35,835 [grpc-default-executor-4] WARN  server.GrpcLogAppender (LogUtils.java:warn(134)) - 64dc86e1-b58a-47fa-9209-c80a04613504@group-85515DBFC7EF->0d659ca8-8d3f-4ad5-ad2a-cdb4ab88523b-AppendLogResponseHandler: Failed appendEntries: org.apache.ratis.thirdparty.io.grpc.StatusRuntimeException: CANCELLED: HTTP/2 error code: CANCEL
Received Rst Stream
2019-09-17 14:55:35,835 [grpc-default-executor-4] INFO  impl.FollowerInfo (FollowerInfo.java:lambda$new$0(51)) - 64dc86e1-b58a-47fa-9209-c80a04613504@group-85515DBFC7EF->0d659ca8-8d3f-4ad5-ad2a-cdb4ab88523b: nextIndex: updateUnconditionally 21 -> 17
2019-09-17 14:55:35,835 [grpc-default-executor-2] WARN  server.GrpcServerProtocolService (LogUtils.java:warn(134)) - 0d659ca8-8d3f-4ad5-ad2a-cdb4ab88523b: installSnapshot onError, lastRequest: 64dc86e1-b58a-47fa-9209-c80a04613504->0d659ca8-8d3f-4ad5-ad2a-cdb4ab88523b#160-t2, previous=(t:2, i:20), leaderCommit=16, initializing? false, entries: <empty>: org.apache.ratis.thirdparty.io.grpc.StatusRuntimeException: CANCELLED: cancelled before receiving half close
2019-09-17 14:55:35,837 [refreshUsed-/workdir/hadoop-ozone/integration-test/target/test-dir/MiniOzoneClusterImpl-845ee491-3861-4700-afca-e6762de221c3/datanode-2/data/containers] WARN  fs.CachingGetSpaceUsed (CachingGetSpaceUsed.java:run(183)) - Thread Interrupted waiting to refresh disk information: sleep interrupted
2019-09-17 14:55:35,859 [main] INFO  utils.BackgroundService (BackgroundService.java:shutdown(148)) - Shutting down service BlockDeletingService
2019-09-17 14:55:35,864 [main] INFO  statemachine.DatanodeStateMachine (DatanodeStateMachine.java:stopDaemon(395)) - Ozone container server stopped.
2019-09-17 14:55:35,866 [main] INFO  handler.ContextHandler (ContextHandler.java:doStop(910)) - Stopped o.e.j.w.WebAppContext@17143b3b{/,null,UNAVAILABLE}{/hddsDatanode}
2019-09-17 14:55:35,867 [ForkJoinPool.commonPool-worker-0] INFO  utils.BackgroundService (BackgroundService.java:shutdown(148)) - Shutting down service BlockDeletingService
2019-09-17 14:55:35,868 [main] INFO  server.AbstractConnector (AbstractConnector.java:doStop(318)) - Stopped ServerConnector@100c8b75{HTTP/1.1,[http/1.1]}{0.0.0.0:0}
2019-09-17 14:55:35,871 [main] INFO  handler.ContextHandler (ContextHandler.java:doStop(910)) - Stopped o.e.j.s.ServletContextHandler@7e53339{/static,jar:file:/home/user/.m2/repository/org/apache/hadoop/hadoop-hdds-container-service/0.5.0-SNAPSHOT/hadoop-hdds-container-service-0.5.0-SNAPSHOT.jar!/webapps/static,UNAVAILABLE}
2019-09-17 14:55:35,872 [ForkJoinPool.commonPool-worker-0] INFO  statemachine.DatanodeStateMachine (DatanodeStateMachine.java:stopDaemon(395)) - Ozone container server stopped.
2019-09-17 14:55:35,873 [main] INFO  handler.ContextHandler (ContextHandler.java:doStop(910)) - Stopped o.e.j.s.ServletContextHandler@6cf0a747{/logs,file:///workdir/hadoop-ozone/integration-test/target/log,UNAVAILABLE}
2019-09-17 14:55:35,878 [ForkJoinPool.commonPool-worker-0] INFO  handler.ContextHandler (ContextHandler.java:doStop(910)) - Stopped o.e.j.w.WebAppContext@12e0f1cb{/,null,UNAVAILABLE}{/hddsDatanode}
2019-09-17 14:55:35,879 [ForkJoinPool.commonPool-worker-0] INFO  server.AbstractConnector (AbstractConnector.java:doStop(318)) - Stopped ServerConnector@4a163575{HTTP/1.1,[http/1.1]}{0.0.0.0:0}
2019-09-17 14:55:35,881 [ForkJoinPool.commonPool-worker-0] INFO  handler.ContextHandler (ContextHandler.java:doStop(910)) - Stopped o.e.j.s.ServletContextHandler@36681447{/static,jar:file:/home/user/.m2/repository/org/apache/hadoop/hadoop-hdds-container-service/0.5.0-SNAPSHOT/hadoop-hdds-container-service-0.5.0-SNAPSHOT.jar!/webapps/static,UNAVAILABLE}
2019-09-17 14:55:35,882 [ForkJoinPool.commonPool-worker-0] INFO  handler.ContextHandler (ContextHandler.java:doStop(910)) - Stopped o.e.j.s.ServletContextHandler@77b919a3{/logs,file:///workdir/hadoop-ozone/integration-test/target/log,UNAVAILABLE}
2019-09-17 14:55:35,938 [java.util.concurrent.ThreadPoolExecutor$Worker@486b56da[State = -1, empty queue]] WARN  server.GrpcLogAppender (GrpcLogAppender.java:timeoutAppendRequest(200)) - 64dc86e1-b58a-47fa-9209-c80a04613504@group-85515DBFC7EF->296d1e6a-4d03-4625-a926-8603881e9a06-GrpcLogAppender: appendEntries Timeout, request=64dc86e1-b58a-47fa-9209-c80a04613504->296d1e6a-4d03-4625-a926-8603881e9a06#155-t2, previous=(t:2, i:20), leaderCommit=16, initializing? false, entries: <empty>
2019-09-17 14:55:35,943 [grpc-default-executor-1] WARN  server.GrpcLogAppender (LogUtils.java:warn(134)) - 64dc86e1-b58a-47fa-9209-c80a04613504@group-85515DBFC7EF->0d659ca8-8d3f-4ad5-ad2a-cdb4ab88523b-AppendLogResponseHandler: Failed appendEntries: org.apache.ratis.thirdparty.io.grpc.StatusRuntimeException: UNAVAILABLE: io exception
2019-09-17 14:55:35,944 [grpc-default-executor-1] INFO  impl.FollowerInfo (FollowerInfo.java:lambda$new$0(51)) - 64dc86e1-b58a-47fa-9209-c80a04613504@group-85515DBFC7EF->0d659ca8-8d3f-4ad5-ad2a-cdb4ab88523b: nextIndex: updateUnconditionally 17 -> 16
2019-09-17 14:55:36,156 [Datanode State Machine Thread - 0] INFO  statemachine.DatanodeStateMachine (DatanodeStateMachine.java:lambda$startDaemon$0(350)) - Ozone container server started.
2019-09-17 14:55:36,438 [java.util.concurrent.ThreadPoolExecutor$Worker@486b56da[State = -1, empty queue]] WARN  server.GrpcLogAppender (GrpcLogAppender.java:timeoutAppendRequest(200)) - 64dc86e1-b58a-47fa-9209-c80a04613504@group-85515DBFC7EF->296d1e6a-4d03-4625-a926-8603881e9a06-GrpcLogAppender: appendEntries Timeout, request=64dc86e1-b58a-47fa-9209-c80a04613504->296d1e6a-4d03-4625-a926-8603881e9a06#156-t2, previous=(t:2, i:20), leaderCommit=16, initializing? false, entries: <empty>
2019-09-17 14:55:36,444 [grpc-default-executor-4] WARN  server.GrpcLogAppender (LogUtils.java:warn(134)) - 64dc86e1-b58a-47fa-9209-c80a04613504@group-85515DBFC7EF->0d659ca8-8d3f-4ad5-ad2a-cdb4ab88523b-AppendLogResponseHandler: Failed appendEntries: org.apache.ratis.thirdparty.io.grpc.StatusRuntimeException: UNAVAILABLE: io exception
2019-09-17 14:55:36,444 [grpc-default-executor-4] INFO  impl.FollowerInfo (FollowerInfo.java:lambda$new$0(51)) - 64dc86e1-b58a-47fa-9209-c80a04613504@group-85515DBFC7EF->0d659ca8-8d3f-4ad5-ad2a-cdb4ab88523b: nextIndex: updateUnconditionally 16 -> 15
2019-09-17 14:55:36,738 [Datanode State Machine Thread - 0] INFO  statemachine.DatanodeStateMachine (DatanodeStateMachine.java:lambda$startDaemon$0(350)) - Ozone container server started.
2019-09-17 14:55:36,738 [Thread-1500] INFO  impl.FollowerState (FollowerState.java:run(106)) - 24ee45b5-4e6b-4499-8d3c-0bcd5a303b6d:group-218101269A2C changes to CANDIDATE, lastRpcTime:1038, electionTimeout:1038ms
2019-09-17 14:55:36,738 [Thread-1500] INFO  impl.RoleInfo (RoleInfo.java:shutdownFollowerState(121)) - 24ee45b5-4e6b-4499-8d3c-0bcd5a303b6d: shutdown FollowerState
2019-09-17 14:55:36,738 [Thread-1500] INFO  impl.RaftServerImpl (RaftServerImpl.java:setRole(174)) - 24ee45b5-4e6b-4499-8d3c-0bcd5a303b6d@group-218101269A2C: changes role from  FOLLOWER to CANDIDATE at term 32 for changeToCandidate
2019-09-17 14:55:36,738 [Thread-1500] INFO  impl.RoleInfo (RoleInfo.java:updateAndGet(143)) - 24ee45b5-4e6b-4499-8d3c-0bcd5a303b6d: start LeaderElection
2019-09-17 14:55:36,755 [24ee45b5-4e6b-4499-8d3c-0bcd5a303b6d@group-218101269A2C:LeaderElection54] INFO  impl.LeaderElection (LeaderElection.java:askForVotes(182)) - 24ee45b5-4e6b-4499-8d3c-0bcd5a303b6d@group-218101269A2C:LeaderElection54: begin an election at term 33 for 17: [bbb4e265-cb6b-4caa-8b5d-65801261426c:192.168.151.72:38991, 5824bb7b-23b5-4080-8c55-4e36ce35b3ee:192.168.151.72:44174, 24ee45b5-4e6b-4499-8d3c-0bcd5a303b6d:192.168.151.72:44891], old=null
2019-09-17 14:55:36,756 [24ee45b5-4e6b-4499-8d3c-0bcd5a303b6d@group-218101269A2C:LeaderElection54] INFO  impl.LeaderElection (LogUtils.java:infoOrTrace(149)) - 24ee45b5-4e6b-4499-8d3c-0bcd5a303b6d@group-218101269A2C:LeaderElection54 got exception when requesting votes: {}
java.util.concurrent.ExecutionException: org.apache.ratis.thirdparty.io.grpc.StatusRuntimeException: UNAVAILABLE: io exception
	at java.util.concurrent.FutureTask.report(FutureTask.java:122)
	at java.util.concurrent.FutureTask.get(FutureTask.java:192)
	at org.apache.ratis.server.impl.LeaderElection.waitForResults(LeaderElection.java:263)
	at org.apache.ratis.server.impl.LeaderElection.askForVotes(LeaderElection.java:201)
	at org.apache.ratis.server.impl.LeaderElection.run(LeaderElection.java:133)
	at java.lang.Thread.run(Thread.java:748)
Caused by: org.apache.ratis.thirdparty.io.grpc.StatusRuntimeException: UNAVAILABLE: io exception
	at org.apache.ratis.thirdparty.io.grpc.stub.ClientCalls.toStatusRuntimeException(ClientCalls.java:233)
	at org.apache.ratis.thirdparty.io.grpc.stub.ClientCalls.getUnchecked(ClientCalls.java:214)
	at org.apache.ratis.thirdparty.io.grpc.stub.ClientCalls.blockingUnaryCall(ClientCalls.java:139)
	at org.apache.ratis.proto.grpc.RaftServerProtocolServiceGrpc$RaftServerProtocolServiceBlockingStub.requestVote(RaftServerProtocolServiceGrpc.java:265)
	at org.apache.ratis.grpc.server.GrpcServerProtocolClient.requestVote(GrpcServerProtocolClient.java:90)
	at org.apache.ratis.grpc.server.GrpcService.requestVote(GrpcService.java:204)
	at org.apache.ratis.server.impl.LeaderElection.lambda$submitRequests$1(LeaderElection.java:238)
	at java.util.concurrent.FutureTask.run(FutureTask.java:266)
	at java.util.concurrent.Executors$RunnableAdapter.call(Executors.java:511)
	at java.util.concurrent.FutureTask.run(FutureTask.java:266)
	at java.util.concurrent.ThreadPoolExecutor.runWorker(ThreadPoolExecutor.java:1149)
	at java.util.concurrent.ThreadPoolExecutor$Worker.run(ThreadPoolExecutor.java:624)
	... 1 more
Caused by: org.apache.ratis.thirdparty.io.netty.channel.AbstractChannel$AnnotatedConnectException: Connection refused: /192.168.151.72:38991
	at sun.nio.ch.SocketChannelImpl.checkConnect(Native Method)
	at sun.nio.ch.SocketChannelImpl.finishConnect(SocketChannelImpl.java:717)
	at org.apache.ratis.thirdparty.io.netty.channel.socket.nio.NioSocketChannel.doFinishConnect(NioSocketChannel.java:327)
	at org.apache.ratis.thirdparty.io.netty.channel.nio.AbstractNioChannel$AbstractNioUnsafe.finishConnect(AbstractNioChannel.java:340)
	at org.apache.ratis.thirdparty.io.netty.channel.nio.NioEventLoop.processSelectedKey(NioEventLoop.java:632)
	at org.apache.ratis.thirdparty.io.netty.channel.nio.NioEventLoop.processSelectedKeysOptimized(NioEventLoop.java:579)
	at org.apache.ratis.thirdparty.io.netty.channel.nio.NioEventLoop.processSelectedKeys(NioEventLoop.java:496)
	at org.apache.ratis.thirdparty.io.netty.channel.nio.NioEventLoop.run(NioEventLoop.java:458)
	at org.apache.ratis.thirdparty.io.netty.util.concurrent.SingleThreadEventExecutor$5.run(SingleThreadEventExecutor.java:897)
	at org.apache.ratis.thirdparty.io.netty.util.concurrent.FastThreadLocalRunnable.run(FastThreadLocalRunnable.java:30)
	... 1 more
Caused by: java.net.ConnectException: Connection refused
	... 11 more
2019-09-17 14:55:36,756 [24ee45b5-4e6b-4499-8d3c-0bcd5a303b6d@group-218101269A2C:LeaderElection54] INFO  impl.LeaderElection (LogUtils.java:infoOrTrace(149)) - 24ee45b5-4e6b-4499-8d3c-0bcd5a303b6d@group-218101269A2C:LeaderElection54 got exception when requesting votes: {}
java.util.concurrent.ExecutionException: org.apache.ratis.thirdparty.io.grpc.StatusRuntimeException: UNAVAILABLE: io exception
	at java.util.concurrent.FutureTask.report(FutureTask.java:122)
	at java.util.concurrent.FutureTask.get(FutureTask.java:192)
	at org.apache.ratis.server.impl.LeaderElection.waitForResults(LeaderElection.java:263)
	at org.apache.ratis.server.impl.LeaderElection.askForVotes(LeaderElection.java:201)
	at org.apache.ratis.server.impl.LeaderElection.run(LeaderElection.java:133)
	at java.lang.Thread.run(Thread.java:748)
Caused by: org.apache.ratis.thirdparty.io.grpc.StatusRuntimeException: UNAVAILABLE: io exception
	at org.apache.ratis.thirdparty.io.grpc.stub.ClientCalls.toStatusRuntimeException(ClientCalls.java:233)
	at org.apache.ratis.thirdparty.io.grpc.stub.ClientCalls.getUnchecked(ClientCalls.java:214)
	at org.apache.ratis.thirdparty.io.grpc.stub.ClientCalls.blockingUnaryCall(ClientCalls.java:139)
	at org.apache.ratis.proto.grpc.RaftServerProtocolServiceGrpc$RaftServerProtocolServiceBlockingStub.requestVote(RaftServerProtocolServiceGrpc.java:265)
	at org.apache.ratis.grpc.server.GrpcServerProtocolClient.requestVote(GrpcServerProtocolClient.java:90)
	at org.apache.ratis.grpc.server.GrpcService.requestVote(GrpcService.java:204)
	at org.apache.ratis.server.impl.LeaderElection.lambda$submitRequests$1(LeaderElection.java:238)
	at java.util.concurrent.FutureTask.run(FutureTask.java:266)
	at java.util.concurrent.Executors$RunnableAdapter.call(Executors.java:511)
	at java.util.concurrent.FutureTask.run(FutureTask.java:266)
	at java.util.concurrent.ThreadPoolExecutor.runWorker(ThreadPoolExecutor.java:1149)
	at java.util.concurrent.ThreadPoolExecutor$Worker.run(ThreadPoolExecutor.java:624)
	... 1 more
Caused by: org.apache.ratis.thirdparty.io.netty.channel.AbstractChannel$AnnotatedConnectException: Connection refused: /192.168.151.72:44174
	at sun.nio.ch.SocketChannelImpl.checkConnect(Native Method)
	at sun.nio.ch.SocketChannelImpl.finishConnect(SocketChannelImpl.java:717)
	at org.apache.ratis.thirdparty.io.netty.channel.socket.nio.NioSocketChannel.doFinishConnect(NioSocketChannel.java:327)
	at org.apache.ratis.thirdparty.io.netty.channel.nio.AbstractNioChannel$AbstractNioUnsafe.finishConnect(AbstractNioChannel.java:340)
	at org.apache.ratis.thirdparty.io.netty.channel.nio.NioEventLoop.processSelectedKey(NioEventLoop.java:632)
	at org.apache.ratis.thirdparty.io.netty.channel.nio.NioEventLoop.processSelectedKeysOptimized(NioEventLoop.java:579)
	at org.apache.ratis.thirdparty.io.netty.channel.nio.NioEventLoop.processSelectedKeys(NioEventLoop.java:496)
	at org.apache.ratis.thirdparty.io.netty.channel.nio.NioEventLoop.run(NioEventLoop.java:458)
	at org.apache.ratis.thirdparty.io.netty.util.concurrent.SingleThreadEventExecutor$5.run(SingleThreadEventExecutor.java:897)
	at org.apache.ratis.thirdparty.io.netty.util.concurrent.FastThreadLocalRunnable.run(FastThreadLocalRunnable.java:30)
	... 1 more
Caused by: java.net.ConnectException: Connection refused
	... 11 more
2019-09-17 14:55:36,757 [24ee45b5-4e6b-4499-8d3c-0bcd5a303b6d@group-218101269A2C:LeaderElection54] INFO  impl.LeaderElection (LeaderElection.java:logAndReturn(56)) - 24ee45b5-4e6b-4499-8d3c-0bcd5a303b6d@group-218101269A2C:LeaderElection54: Election REJECTED; received 0 response(s) [] and 2 exception(s); 24ee45b5-4e6b-4499-8d3c-0bcd5a303b6d@group-218101269A2C:t33, leader=null, voted=24ee45b5-4e6b-4499-8d3c-0bcd5a303b6d, raftlog=24ee45b5-4e6b-4499-8d3c-0bcd5a303b6d@group-218101269A2C-SegmentedRaftLog:OPENED:c29,f29,i29, conf=17: [bbb4e265-cb6b-4caa-8b5d-65801261426c:192.168.151.72:38991, 5824bb7b-23b5-4080-8c55-4e36ce35b3ee:192.168.151.72:44174, 24ee45b5-4e6b-4499-8d3c-0bcd5a303b6d:192.168.151.72:44891], old=null
2019-09-17 14:55:36,757 [24ee45b5-4e6b-4499-8d3c-0bcd5a303b6d@group-218101269A2C:LeaderElection54] INFO  impl.LeaderElection (LogUtils.java:infoOrTrace(149)) -   Exception 0: {}
java.util.concurrent.ExecutionException: org.apache.ratis.thirdparty.io.grpc.StatusRuntimeException: UNAVAILABLE: io exception
	at java.util.concurrent.FutureTask.report(FutureTask.java:122)
	at java.util.concurrent.FutureTask.get(FutureTask.java:192)
	at org.apache.ratis.server.impl.LeaderElection.waitForResults(LeaderElection.java:263)
	at org.apache.ratis.server.impl.LeaderElection.askForVotes(LeaderElection.java:201)
	at org.apache.ratis.server.impl.LeaderElection.run(LeaderElection.java:133)
	at java.lang.Thread.run(Thread.java:748)
Caused by: org.apache.ratis.thirdparty.io.grpc.StatusRuntimeException: UNAVAILABLE: io exception
	at org.apache.ratis.thirdparty.io.grpc.stub.ClientCalls.toStatusRuntimeException(ClientCalls.java:233)
	at org.apache.ratis.thirdparty.io.grpc.stub.ClientCalls.getUnchecked(ClientCalls.java:214)
	at org.apache.ratis.thirdparty.io.grpc.stub.ClientCalls.blockingUnaryCall(ClientCalls.java:139)
	at org.apache.ratis.proto.grpc.RaftServerProtocolServiceGrpc$RaftServerProtocolServiceBlockingStub.requestVote(RaftServerProtocolServiceGrpc.java:265)
	at org.apache.ratis.grpc.server.GrpcServerProtocolClient.requestVote(GrpcServerProtocolClient.java:90)
	at org.apache.ratis.grpc.server.GrpcService.requestVote(GrpcService.java:204)
	at org.apache.ratis.server.impl.LeaderElection.lambda$submitRequests$1(LeaderElection.java:238)
	at java.util.concurrent.FutureTask.run(FutureTask.java:266)
	at java.util.concurrent.Executors$RunnableAdapter.call(Executors.java:511)
	at java.util.concurrent.FutureTask.run(FutureTask.java:266)
	at java.util.concurrent.ThreadPoolExecutor.runWorker(ThreadPoolExecutor.java:1149)
	at java.util.concurrent.ThreadPoolExecutor$Worker.run(ThreadPoolExecutor.java:624)
	... 1 more
Caused by: org.apache.ratis.thirdparty.io.netty.channel.AbstractChannel$AnnotatedConnectException: Connection refused: /192.168.151.72:38991
	at sun.nio.ch.SocketChannelImpl.checkConnect(Native Method)
	at sun.nio.ch.SocketChannelImpl.finishConnect(SocketChannelImpl.java:717)
	at org.apache.ratis.thirdparty.io.netty.channel.socket.nio.NioSocketChannel.doFinishConnect(NioSocketChannel.java:327)
	at org.apache.ratis.thirdparty.io.netty.channel.nio.AbstractNioChannel$AbstractNioUnsafe.finishConnect(AbstractNioChannel.java:340)
	at org.apache.ratis.thirdparty.io.netty.channel.nio.NioEventLoop.processSelectedKey(NioEventLoop.java:632)
	at org.apache.ratis.thirdparty.io.netty.channel.nio.NioEventLoop.processSelectedKeysOptimized(NioEventLoop.java:579)
	at org.apache.ratis.thirdparty.io.netty.channel.nio.NioEventLoop.processSelectedKeys(NioEventLoop.java:496)
	at org.apache.ratis.thirdparty.io.netty.channel.nio.NioEventLoop.run(NioEventLoop.java:458)
	at org.apache.ratis.thirdparty.io.netty.util.concurrent.SingleThreadEventExecutor$5.run(SingleThreadEventExecutor.java:897)
	at org.apache.ratis.thirdparty.io.netty.util.concurrent.FastThreadLocalRunnable.run(FastThreadLocalRunnable.java:30)
	... 1 more
Caused by: java.net.ConnectException: Connection refused
	... 11 more
2019-09-17 14:55:36,758 [24ee45b5-4e6b-4499-8d3c-0bcd5a303b6d@group-218101269A2C:LeaderElection54] INFO  impl.LeaderElection (LogUtils.java:infoOrTrace(149)) -   Exception 1: {}
java.util.concurrent.ExecutionException: org.apache.ratis.thirdparty.io.grpc.StatusRuntimeException: UNAVAILABLE: io exception
	at java.util.concurrent.FutureTask.report(FutureTask.java:122)
	at java.util.concurrent.FutureTask.get(FutureTask.java:192)
	at org.apache.ratis.server.impl.LeaderElection.waitForResults(LeaderElection.java:263)
	at org.apache.ratis.server.impl.LeaderElection.askForVotes(LeaderElection.java:201)
	at org.apache.ratis.server.impl.LeaderElection.run(LeaderElection.java:133)
	at java.lang.Thread.run(Thread.java:748)
Caused by: org.apache.ratis.thirdparty.io.grpc.StatusRuntimeException: UNAVAILABLE: io exception
	at org.apache.ratis.thirdparty.io.grpc.stub.ClientCalls.toStatusRuntimeException(ClientCalls.java:233)
	at org.apache.ratis.thirdparty.io.grpc.stub.ClientCalls.getUnchecked(ClientCalls.java:214)
	at org.apache.ratis.thirdparty.io.grpc.stub.ClientCalls.blockingUnaryCall(ClientCalls.java:139)
	at org.apache.ratis.proto.grpc.RaftServerProtocolServiceGrpc$RaftServerProtocolServiceBlockingStub.requestVote(RaftServerProtocolServiceGrpc.java:265)
	at org.apache.ratis.grpc.server.GrpcServerProtocolClient.requestVote(GrpcServerProtocolClient.java:90)
	at org.apache.ratis.grpc.server.GrpcService.requestVote(GrpcService.java:204)
	at org.apache.ratis.server.impl.LeaderElection.lambda$submitRequests$1(LeaderElection.java:238)
	at java.util.concurrent.FutureTask.run(FutureTask.java:266)
	at java.util.concurrent.Executors$RunnableAdapter.call(Executors.java:511)
	at java.util.concurrent.FutureTask.run(FutureTask.java:266)
	at java.util.concurrent.ThreadPoolExecutor.runWorker(ThreadPoolExecutor.java:1149)
	at java.util.concurrent.ThreadPoolExecutor$Worker.run(ThreadPoolExecutor.java:624)
	... 1 more
Caused by: org.apache.ratis.thirdparty.io.netty.channel.AbstractChannel$AnnotatedConnectException: Connection refused: /192.168.151.72:44174
	at sun.nio.ch.SocketChannelImpl.checkConnect(Native Method)
	at sun.nio.ch.SocketChannelImpl.finishConnect(SocketChannelImpl.java:717)
	at org.apache.ratis.thirdparty.io.netty.channel.socket.nio.NioSocketChannel.doFinishConnect(NioSocketChannel.java:327)
	at org.apache.ratis.thirdparty.io.netty.channel.nio.AbstractNioChannel$AbstractNioUnsafe.finishConnect(AbstractNioChannel.java:340)
	at org.apache.ratis.thirdparty.io.netty.channel.nio.NioEventLoop.processSelectedKey(NioEventLoop.java:632)
	at org.apache.ratis.thirdparty.io.netty.channel.nio.NioEventLoop.processSelectedKeysOptimized(NioEventLoop.java:579)
	at org.apache.ratis.thirdparty.io.netty.channel.nio.NioEventLoop.processSelectedKeys(NioEventLoop.java:496)
	at org.apache.ratis.thirdparty.io.netty.channel.nio.NioEventLoop.run(NioEventLoop.java:458)
	at org.apache.ratis.thirdparty.io.netty.util.concurrent.SingleThreadEventExecutor$5.run(SingleThreadEventExecutor.java:897)
	at org.apache.ratis.thirdparty.io.netty.util.concurrent.FastThreadLocalRunnable.run(FastThreadLocalRunnable.java:30)
	... 1 more
Caused by: java.net.ConnectException: Connection refused
	... 11 more
2019-09-17 14:55:36,758 [24ee45b5-4e6b-4499-8d3c-0bcd5a303b6d@group-218101269A2C:LeaderElection54] INFO  impl.RaftServerImpl (RaftServerImpl.java:setRole(174)) - 24ee45b5-4e6b-4499-8d3c-0bcd5a303b6d@group-218101269A2C: changes role from CANDIDATE to FOLLOWER at term 33 for DISCOVERED_A_NEW_TERM
2019-09-17 14:55:36,758 [24ee45b5-4e6b-4499-8d3c-0bcd5a303b6d@group-218101269A2C:LeaderElection54] INFO  impl.RoleInfo (RoleInfo.java:shutdownLeaderElection(134)) - 24ee45b5-4e6b-4499-8d3c-0bcd5a303b6d: shutdown LeaderElection
2019-09-17 14:55:36,759 [24ee45b5-4e6b-4499-8d3c-0bcd5a303b6d@group-218101269A2C:LeaderElection54] INFO  impl.RoleInfo (RoleInfo.java:updateAndGet(143)) - 24ee45b5-4e6b-4499-8d3c-0bcd5a303b6d: start FollowerState
2019-09-17 14:55:36,939 [java.util.concurrent.ThreadPoolExecutor$Worker@486b56da[State = -1, empty queue]] WARN  server.GrpcLogAppender (GrpcLogAppender.java:timeoutAppendRequest(200)) - 64dc86e1-b58a-47fa-9209-c80a04613504@group-85515DBFC7EF->296d1e6a-4d03-4625-a926-8603881e9a06-GrpcLogAppender: appendEntries Timeout, request=64dc86e1-b58a-47fa-9209-c80a04613504->296d1e6a-4d03-4625-a926-8603881e9a06#157-t2, previous=(t:2, i:20), leaderCommit=16, initializing? false, entries: <empty>
2019-09-17 14:55:36,945 [grpc-default-executor-2] WARN  server.GrpcLogAppender (LogUtils.java:warn(134)) - 64dc86e1-b58a-47fa-9209-c80a04613504@group-85515DBFC7EF->0d659ca8-8d3f-4ad5-ad2a-cdb4ab88523b-AppendLogResponseHandler: Failed appendEntries: org.apache.ratis.thirdparty.io.grpc.StatusRuntimeException: UNAVAILABLE: io exception
2019-09-17 14:55:36,945 [grpc-default-executor-2] INFO  impl.FollowerInfo (FollowerInfo.java:lambda$new$0(51)) - 64dc86e1-b58a-47fa-9209-c80a04613504@group-85515DBFC7EF->0d659ca8-8d3f-4ad5-ad2a-cdb4ab88523b: nextIndex: updateUnconditionally 15 -> 14
2019-09-17 14:55:37,439 [java.util.concurrent.ThreadPoolExecutor$Worker@486b56da[State = -1, empty queue]] WARN  server.GrpcLogAppender (GrpcLogAppender.java:timeoutAppendRequest(200)) - 64dc86e1-b58a-47fa-9209-c80a04613504@group-85515DBFC7EF->296d1e6a-4d03-4625-a926-8603881e9a06-GrpcLogAppender: appendEntries Timeout, request=64dc86e1-b58a-47fa-9209-c80a04613504->296d1e6a-4d03-4625-a926-8603881e9a06#158-t2, previous=(t:2, i:20), leaderCommit=16, initializing? false, entries: <empty>
2019-09-17 14:55:37,445 [grpc-default-executor-1] WARN  server.GrpcLogAppender (LogUtils.java:warn(134)) - 64dc86e1-b58a-47fa-9209-c80a04613504@group-85515DBFC7EF->0d659ca8-8d3f-4ad5-ad2a-cdb4ab88523b-AppendLogResponseHandler: Failed appendEntries: org.apache.ratis.thirdparty.io.grpc.StatusRuntimeException: UNAVAILABLE: io exception
2019-09-17 14:55:37,446 [grpc-default-executor-1] INFO  impl.FollowerInfo (FollowerInfo.java:lambda$new$0(51)) - 64dc86e1-b58a-47fa-9209-c80a04613504@group-85515DBFC7EF->0d659ca8-8d3f-4ad5-ad2a-cdb4ab88523b: nextIndex: updateUnconditionally 14 -> 13
2019-09-17 14:55:37,816 [Thread-1511] INFO  impl.FollowerState (FollowerState.java:run(106)) - 24ee45b5-4e6b-4499-8d3c-0bcd5a303b6d:group-218101269A2C changes to CANDIDATE, lastRpcTime:1057, electionTimeout:1057ms
2019-09-17 14:55:37,816 [Thread-1511] INFO  impl.RoleInfo (RoleInfo.java:shutdownFollowerState(121)) - 24ee45b5-4e6b-4499-8d3c-0bcd5a303b6d: shutdown FollowerState
2019-09-17 14:55:37,817 [Thread-1511] INFO  impl.RaftServerImpl (RaftServerImpl.java:setRole(174)) - 24ee45b5-4e6b-4499-8d3c-0bcd5a303b6d@group-218101269A2C: changes role from  FOLLOWER to CANDIDATE at term 33 for changeToCandidate
2019-09-17 14:55:37,817 [Thread-1511] INFO  impl.RoleInfo (RoleInfo.java:updateAndGet(143)) - 24ee45b5-4e6b-4499-8d3c-0bcd5a303b6d: start LeaderElection
2019-09-17 14:55:37,835 [24ee45b5-4e6b-4499-8d3c-0bcd5a303b6d@group-218101269A2C:LeaderElection55] INFO  impl.LeaderElection (LeaderElection.java:askForVotes(182)) - 24ee45b5-4e6b-4499-8d3c-0bcd5a303b6d@group-218101269A2C:LeaderElection55: begin an election at term 34 for 17: [bbb4e265-cb6b-4caa-8b5d-65801261426c:192.168.151.72:38991, 5824bb7b-23b5-4080-8c55-4e36ce35b3ee:192.168.151.72:44174, 24ee45b5-4e6b-4499-8d3c-0bcd5a303b6d:192.168.151.72:44891], old=null
2019-09-17 14:55:37,836 [24ee45b5-4e6b-4499-8d3c-0bcd5a303b6d@group-218101269A2C:LeaderElection55] INFO  impl.LeaderElection (LogUtils.java:infoOrTrace(149)) - 24ee45b5-4e6b-4499-8d3c-0bcd5a303b6d@group-218101269A2C:LeaderElection55 got exception when requesting votes: {}
java.util.concurrent.ExecutionException: org.apache.ratis.thirdparty.io.grpc.StatusRuntimeException: UNAVAILABLE: io exception
	at java.util.concurrent.FutureTask.report(FutureTask.java:122)
	at java.util.concurrent.FutureTask.get(FutureTask.java:192)
	at org.apache.ratis.server.impl.LeaderElection.waitForResults(LeaderElection.java:263)
	at org.apache.ratis.server.impl.LeaderElection.askForVotes(LeaderElection.java:201)
	at org.apache.ratis.server.impl.LeaderElection.run(LeaderElection.java:133)
	at java.lang.Thread.run(Thread.java:748)
Caused by: org.apache.ratis.thirdparty.io.grpc.StatusRuntimeException: UNAVAILABLE: io exception
	at org.apache.ratis.thirdparty.io.grpc.stub.ClientCalls.toStatusRuntimeException(ClientCalls.java:233)
	at org.apache.ratis.thirdparty.io.grpc.stub.ClientCalls.getUnchecked(ClientCalls.java:214)
	at org.apache.ratis.thirdparty.io.grpc.stub.ClientCalls.blockingUnaryCall(ClientCalls.java:139)
	at org.apache.ratis.proto.grpc.RaftServerProtocolServiceGrpc$RaftServerProtocolServiceBlockingStub.requestVote(RaftServerProtocolServiceGrpc.java:265)
	at org.apache.ratis.grpc.server.GrpcServerProtocolClient.requestVote(GrpcServerProtocolClient.java:90)
	at org.apache.ratis.grpc.server.GrpcService.requestVote(GrpcService.java:204)
	at org.apache.ratis.server.impl.LeaderElection.lambda$submitRequests$1(LeaderElection.java:238)
	at java.util.concurrent.FutureTask.run(FutureTask.java:266)
	at java.util.concurrent.Executors$RunnableAdapter.call(Executors.java:511)
	at java.util.concurrent.FutureTask.run(FutureTask.java:266)
	at java.util.concurrent.ThreadPoolExecutor.runWorker(ThreadPoolExecutor.java:1149)
	at java.util.concurrent.ThreadPoolExecutor$Worker.run(ThreadPoolExecutor.java:624)
	... 1 more
Caused by: org.apache.ratis.thirdparty.io.netty.channel.AbstractChannel$AnnotatedConnectException: Connection refused: /192.168.151.72:38991
	at sun.nio.ch.SocketChannelImpl.checkConnect(Native Method)
	at sun.nio.ch.SocketChannelImpl.finishConnect(SocketChannelImpl.java:717)
	at org.apache.ratis.thirdparty.io.netty.channel.socket.nio.NioSocketChannel.doFinishConnect(NioSocketChannel.java:327)
	at org.apache.ratis.thirdparty.io.netty.channel.nio.AbstractNioChannel$AbstractNioUnsafe.finishConnect(AbstractNioChannel.java:340)
	at org.apache.ratis.thirdparty.io.netty.channel.nio.NioEventLoop.processSelectedKey(NioEventLoop.java:632)
	at org.apache.ratis.thirdparty.io.netty.channel.nio.NioEventLoop.processSelectedKeysOptimized(NioEventLoop.java:579)
	at org.apache.ratis.thirdparty.io.netty.channel.nio.NioEventLoop.processSelectedKeys(NioEventLoop.java:496)
	at org.apache.ratis.thirdparty.io.netty.channel.nio.NioEventLoop.run(NioEventLoop.java:458)
	at org.apache.ratis.thirdparty.io.netty.util.concurrent.SingleThreadEventExecutor$5.run(SingleThreadEventExecutor.java:897)
	at org.apache.ratis.thirdparty.io.netty.util.concurrent.FastThreadLocalRunnable.run(FastThreadLocalRunnable.java:30)
	... 1 more
Caused by: java.net.ConnectException: Connection refused
	... 11 more
2019-09-17 14:55:37,836 [24ee45b5-4e6b-4499-8d3c-0bcd5a303b6d@group-218101269A2C:LeaderElection55] INFO  impl.LeaderElection (LogUtils.java:infoOrTrace(149)) - 24ee45b5-4e6b-4499-8d3c-0bcd5a303b6d@group-218101269A2C:LeaderElection55 got exception when requesting votes: {}
java.util.concurrent.ExecutionException: org.apache.ratis.thirdparty.io.grpc.StatusRuntimeException: UNAVAILABLE: io exception
	at java.util.concurrent.FutureTask.report(FutureTask.java:122)
	at java.util.concurrent.FutureTask.get(FutureTask.java:192)
	at org.apache.ratis.server.impl.LeaderElection.waitForResults(LeaderElection.java:263)
	at org.apache.ratis.server.impl.LeaderElection.askForVotes(LeaderElection.java:201)
	at org.apache.ratis.server.impl.LeaderElection.run(LeaderElection.java:133)
	at java.lang.Thread.run(Thread.java:748)
Caused by: org.apache.ratis.thirdparty.io.grpc.StatusRuntimeException: UNAVAILABLE: io exception
	at org.apache.ratis.thirdparty.io.grpc.stub.ClientCalls.toStatusRuntimeException(ClientCalls.java:233)
	at org.apache.ratis.thirdparty.io.grpc.stub.ClientCalls.getUnchecked(ClientCalls.java:214)
	at org.apache.ratis.thirdparty.io.grpc.stub.ClientCalls.blockingUnaryCall(ClientCalls.java:139)
	at org.apache.ratis.proto.grpc.RaftServerProtocolServiceGrpc$RaftServerProtocolServiceBlockingStub.requestVote(RaftServerProtocolServiceGrpc.java:265)
	at org.apache.ratis.grpc.server.GrpcServerProtocolClient.requestVote(GrpcServerProtocolClient.java:90)
	at org.apache.ratis.grpc.server.GrpcService.requestVote(GrpcService.java:204)
	at org.apache.ratis.server.impl.LeaderElection.lambda$submitRequests$1(LeaderElection.java:238)
	at java.util.concurrent.FutureTask.run(FutureTask.java:266)
	at java.util.concurrent.Executors$RunnableAdapter.call(Executors.java:511)
	at java.util.concurrent.FutureTask.run(FutureTask.java:266)
	at java.util.concurrent.ThreadPoolExecutor.runWorker(ThreadPoolExecutor.java:1149)
	at java.util.concurrent.ThreadPoolExecutor$Worker.run(ThreadPoolExecutor.java:624)
	... 1 more
Caused by: org.apache.ratis.thirdparty.io.netty.channel.AbstractChannel$AnnotatedConnectException: Connection refused: /192.168.151.72:44174
	at sun.nio.ch.SocketChannelImpl.checkConnect(Native Method)
	at sun.nio.ch.SocketChannelImpl.finishConnect(SocketChannelImpl.java:717)
	at org.apache.ratis.thirdparty.io.netty.channel.socket.nio.NioSocketChannel.doFinishConnect(NioSocketChannel.java:327)
	at org.apache.ratis.thirdparty.io.netty.channel.nio.AbstractNioChannel$AbstractNioUnsafe.finishConnect(AbstractNioChannel.java:340)
	at org.apache.ratis.thirdparty.io.netty.channel.nio.NioEventLoop.processSelectedKey(NioEventLoop.java:632)
	at org.apache.ratis.thirdparty.io.netty.channel.nio.NioEventLoop.processSelectedKeysOptimized(NioEventLoop.java:579)
	at org.apache.ratis.thirdparty.io.netty.channel.nio.NioEventLoop.processSelectedKeys(NioEventLoop.java:496)
	at org.apache.ratis.thirdparty.io.netty.channel.nio.NioEventLoop.run(NioEventLoop.java:458)
	at org.apache.ratis.thirdparty.io.netty.util.concurrent.SingleThreadEventExecutor$5.run(SingleThreadEventExecutor.java:897)
	at org.apache.ratis.thirdparty.io.netty.util.concurrent.FastThreadLocalRunnable.run(FastThreadLocalRunnable.java:30)
	... 1 more
Caused by: java.net.ConnectException: Connection refused
	... 11 more
2019-09-17 14:55:37,837 [24ee45b5-4e6b-4499-8d3c-0bcd5a303b6d@group-218101269A2C:LeaderElection55] INFO  impl.LeaderElection (LeaderElection.java:logAndReturn(56)) - 24ee45b5-4e6b-4499-8d3c-0bcd5a303b6d@group-218101269A2C:LeaderElection55: Election REJECTED; received 0 response(s) [] and 2 exception(s); 24ee45b5-4e6b-4499-8d3c-0bcd5a303b6d@group-218101269A2C:t34, leader=null, voted=24ee45b5-4e6b-4499-8d3c-0bcd5a303b6d, raftlog=24ee45b5-4e6b-4499-8d3c-0bcd5a303b6d@group-218101269A2C-SegmentedRaftLog:OPENED:c29,f29,i29, conf=17: [bbb4e265-cb6b-4caa-8b5d-65801261426c:192.168.151.72:38991, 5824bb7b-23b5-4080-8c55-4e36ce35b3ee:192.168.151.72:44174, 24ee45b5-4e6b-4499-8d3c-0bcd5a303b6d:192.168.151.72:44891], old=null
2019-09-17 14:55:37,837 [24ee45b5-4e6b-4499-8d3c-0bcd5a303b6d@group-218101269A2C:LeaderElection55] INFO  impl.LeaderElection (LogUtils.java:infoOrTrace(149)) -   Exception 0: {}
java.util.concurrent.ExecutionException: org.apache.ratis.thirdparty.io.grpc.StatusRuntimeException: UNAVAILABLE: io exception
	at java.util.concurrent.FutureTask.report(FutureTask.java:122)
	at java.util.concurrent.FutureTask.get(FutureTask.java:192)
	at org.apache.ratis.server.impl.LeaderElection.waitForResults(LeaderElection.java:263)
	at org.apache.ratis.server.impl.LeaderElection.askForVotes(LeaderElection.java:201)
	at org.apache.ratis.server.impl.LeaderElection.run(LeaderElection.java:133)
	at java.lang.Thread.run(Thread.java:748)
Caused by: org.apache.ratis.thirdparty.io.grpc.StatusRuntimeException: UNAVAILABLE: io exception
	at org.apache.ratis.thirdparty.io.grpc.stub.ClientCalls.toStatusRuntimeException(ClientCalls.java:233)
	at org.apache.ratis.thirdparty.io.grpc.stub.ClientCalls.getUnchecked(ClientCalls.java:214)
	at org.apache.ratis.thirdparty.io.grpc.stub.ClientCalls.blockingUnaryCall(ClientCalls.java:139)
	at org.apache.ratis.proto.grpc.RaftServerProtocolServiceGrpc$RaftServerProtocolServiceBlockingStub.requestVote(RaftServerProtocolServiceGrpc.java:265)
	at org.apache.ratis.grpc.server.GrpcServerProtocolClient.requestVote(GrpcServerProtocolClient.java:90)
	at org.apache.ratis.grpc.server.GrpcService.requestVote(GrpcService.java:204)
	at org.apache.ratis.server.impl.LeaderElection.lambda$submitRequests$1(LeaderElection.java:238)
	at java.util.concurrent.FutureTask.run(FutureTask.java:266)
	at java.util.concurrent.Executors$RunnableAdapter.call(Executors.java:511)
	at java.util.concurrent.FutureTask.run(FutureTask.java:266)
	at java.util.concurrent.ThreadPoolExecutor.runWorker(ThreadPoolExecutor.java:1149)
	at java.util.concurrent.ThreadPoolExecutor$Worker.run(ThreadPoolExecutor.java:624)
	... 1 more
Caused by: org.apache.ratis.thirdparty.io.netty.channel.AbstractChannel$AnnotatedConnectException: Connection refused: /192.168.151.72:38991
	at sun.nio.ch.SocketChannelImpl.checkConnect(Native Method)
	at sun.nio.ch.SocketChannelImpl.finishConnect(SocketChannelImpl.java:717)
	at org.apache.ratis.thirdparty.io.netty.channel.socket.nio.NioSocketChannel.doFinishConnect(NioSocketChannel.java:327)
	at org.apache.ratis.thirdparty.io.netty.channel.nio.AbstractNioChannel$AbstractNioUnsafe.finishConnect(AbstractNioChannel.java:340)
	at org.apache.ratis.thirdparty.io.netty.channel.nio.NioEventLoop.processSelectedKey(NioEventLoop.java:632)
	at org.apache.ratis.thirdparty.io.netty.channel.nio.NioEventLoop.processSelectedKeysOptimized(NioEventLoop.java:579)
	at org.apache.ratis.thirdparty.io.netty.channel.nio.NioEventLoop.processSelectedKeys(NioEventLoop.java:496)
	at org.apache.ratis.thirdparty.io.netty.channel.nio.NioEventLoop.run(NioEventLoop.java:458)
	at org.apache.ratis.thirdparty.io.netty.util.concurrent.SingleThreadEventExecutor$5.run(SingleThreadEventExecutor.java:897)
	at org.apache.ratis.thirdparty.io.netty.util.concurrent.FastThreadLocalRunnable.run(FastThreadLocalRunnable.java:30)
	... 1 more
Caused by: java.net.ConnectException: Connection refused
	... 11 more
2019-09-17 14:55:37,838 [24ee45b5-4e6b-4499-8d3c-0bcd5a303b6d@group-218101269A2C:LeaderElection55] INFO  impl.LeaderElection (LogUtils.java:infoOrTrace(149)) -   Exception 1: {}
java.util.concurrent.ExecutionException: org.apache.ratis.thirdparty.io.grpc.StatusRuntimeException: UNAVAILABLE: io exception
	at java.util.concurrent.FutureTask.report(FutureTask.java:122)
	at java.util.concurrent.FutureTask.get(FutureTask.java:192)
	at org.apache.ratis.server.impl.LeaderElection.waitForResults(LeaderElection.java:263)
	at org.apache.ratis.server.impl.LeaderElection.askForVotes(LeaderElection.java:201)
	at org.apache.ratis.server.impl.LeaderElection.run(LeaderElection.java:133)
	at java.lang.Thread.run(Thread.java:748)
Caused by: org.apache.ratis.thirdparty.io.grpc.StatusRuntimeException: UNAVAILABLE: io exception
	at org.apache.ratis.thirdparty.io.grpc.stub.ClientCalls.toStatusRuntimeException(ClientCalls.java:233)
	at org.apache.ratis.thirdparty.io.grpc.stub.ClientCalls.getUnchecked(ClientCalls.java:214)
	at org.apache.ratis.thirdparty.io.grpc.stub.ClientCalls.blockingUnaryCall(ClientCalls.java:139)
	at org.apache.ratis.proto.grpc.RaftServerProtocolServiceGrpc$RaftServerProtocolServiceBlockingStub.requestVote(RaftServerProtocolServiceGrpc.java:265)
	at org.apache.ratis.grpc.server.GrpcServerProtocolClient.requestVote(GrpcServerProtocolClient.java:90)
	at org.apache.ratis.grpc.server.GrpcService.requestVote(GrpcService.java:204)
	at org.apache.ratis.server.impl.LeaderElection.lambda$submitRequests$1(LeaderElection.java:238)
	at java.util.concurrent.FutureTask.run(FutureTask.java:266)
	at java.util.concurrent.Executors$RunnableAdapter.call(Executors.java:511)
	at java.util.concurrent.FutureTask.run(FutureTask.java:266)
	at java.util.concurrent.ThreadPoolExecutor.runWorker(ThreadPoolExecutor.java:1149)
	at java.util.concurrent.ThreadPoolExecutor$Worker.run(ThreadPoolExecutor.java:624)
	... 1 more
Caused by: org.apache.ratis.thirdparty.io.netty.channel.AbstractChannel$AnnotatedConnectException: Connection refused: /192.168.151.72:44174
	at sun.nio.ch.SocketChannelImpl.checkConnect(Native Method)
	at sun.nio.ch.SocketChannelImpl.finishConnect(SocketChannelImpl.java:717)
	at org.apache.ratis.thirdparty.io.netty.channel.socket.nio.NioSocketChannel.doFinishConnect(NioSocketChannel.java:327)
	at org.apache.ratis.thirdparty.io.netty.channel.nio.AbstractNioChannel$AbstractNioUnsafe.finishConnect(AbstractNioChannel.java:340)
	at org.apache.ratis.thirdparty.io.netty.channel.nio.NioEventLoop.processSelectedKey(NioEventLoop.java:632)
	at org.apache.ratis.thirdparty.io.netty.channel.nio.NioEventLoop.processSelectedKeysOptimized(NioEventLoop.java:579)
	at org.apache.ratis.thirdparty.io.netty.channel.nio.NioEventLoop.processSelectedKeys(NioEventLoop.java:496)
	at org.apache.ratis.thirdparty.io.netty.channel.nio.NioEventLoop.run(NioEventLoop.java:458)
	at org.apache.ratis.thirdparty.io.netty.util.concurrent.SingleThreadEventExecutor$5.run(SingleThreadEventExecutor.java:897)
	at org.apache.ratis.thirdparty.io.netty.util.concurrent.FastThreadLocalRunnable.run(FastThreadLocalRunnable.java:30)
	... 1 more
Caused by: java.net.ConnectException: Connection refused
	... 11 more
2019-09-17 14:55:37,838 [24ee45b5-4e6b-4499-8d3c-0bcd5a303b6d@group-218101269A2C:LeaderElection55] INFO  impl.RaftServerImpl (RaftServerImpl.java:setRole(174)) - 24ee45b5-4e6b-4499-8d3c-0bcd5a303b6d@group-218101269A2C: changes role from CANDIDATE to FOLLOWER at term 34 for DISCOVERED_A_NEW_TERM
2019-09-17 14:55:37,838 [24ee45b5-4e6b-4499-8d3c-0bcd5a303b6d@group-218101269A2C:LeaderElection55] INFO  impl.RoleInfo (RoleInfo.java:shutdownLeaderElection(134)) - 24ee45b5-4e6b-4499-8d3c-0bcd5a303b6d: shutdown LeaderElection
2019-09-17 14:55:37,838 [24ee45b5-4e6b-4499-8d3c-0bcd5a303b6d@group-218101269A2C:LeaderElection55] INFO  impl.RoleInfo (RoleInfo.java:updateAndGet(143)) - 24ee45b5-4e6b-4499-8d3c-0bcd5a303b6d: start FollowerState
2019-09-17 14:55:37,940 [java.util.concurrent.ThreadPoolExecutor$Worker@486b56da[State = -1, empty queue]] WARN  server.GrpcLogAppender (GrpcLogAppender.java:timeoutAppendRequest(200)) - 64dc86e1-b58a-47fa-9209-c80a04613504@group-85515DBFC7EF->296d1e6a-4d03-4625-a926-8603881e9a06-GrpcLogAppender: appendEntries Timeout, request=64dc86e1-b58a-47fa-9209-c80a04613504->296d1e6a-4d03-4625-a926-8603881e9a06#159-t2, previous=(t:2, i:20), leaderCommit=16, initializing? false, entries: <empty>
2019-09-17 14:55:37,946 [grpc-default-executor-2] WARN  server.GrpcLogAppender (LogUtils.java:warn(134)) - 64dc86e1-b58a-47fa-9209-c80a04613504@group-85515DBFC7EF->0d659ca8-8d3f-4ad5-ad2a-cdb4ab88523b-AppendLogResponseHandler: Failed appendEntries: org.apache.ratis.thirdparty.io.grpc.StatusRuntimeException: UNAVAILABLE: io exception
2019-09-17 14:55:37,946 [grpc-default-executor-2] INFO  impl.FollowerInfo (FollowerInfo.java:lambda$new$0(51)) - 64dc86e1-b58a-47fa-9209-c80a04613504@group-85515DBFC7EF->0d659ca8-8d3f-4ad5-ad2a-cdb4ab88523b: nextIndex: updateUnconditionally 13 -> 12
2019-09-17 14:55:38,440 [java.util.concurrent.ThreadPoolExecutor$Worker@486b56da[State = -1, empty queue]] WARN  server.GrpcLogAppender (GrpcLogAppender.java:timeoutAppendRequest(200)) - 64dc86e1-b58a-47fa-9209-c80a04613504@group-85515DBFC7EF->296d1e6a-4d03-4625-a926-8603881e9a06-GrpcLogAppender: appendEntries Timeout, request=64dc86e1-b58a-47fa-9209-c80a04613504->296d1e6a-4d03-4625-a926-8603881e9a06#160-t2, previous=(t:2, i:20), leaderCommit=16, initializing? false, entries: <empty>
2019-09-17 14:55:38,450 [grpc-default-executor-4] WARN  server.GrpcLogAppender (LogUtils.java:warn(134)) - 64dc86e1-b58a-47fa-9209-c80a04613504@group-85515DBFC7EF->0d659ca8-8d3f-4ad5-ad2a-cdb4ab88523b-AppendLogResponseHandler: Failed appendEntries: org.apache.ratis.thirdparty.io.grpc.StatusRuntimeException: UNAVAILABLE: io exception
2019-09-17 14:55:38,451 [grpc-default-executor-4] INFO  impl.FollowerInfo (FollowerInfo.java:lambda$new$0(51)) - 64dc86e1-b58a-47fa-9209-c80a04613504@group-85515DBFC7EF->0d659ca8-8d3f-4ad5-ad2a-cdb4ab88523b: nextIndex: updateUnconditionally 12 -> 11
2019-09-17 14:55:38,940 [java.util.concurrent.ThreadPoolExecutor$Worker@486b56da[State = -1, empty queue]] WARN  server.GrpcLogAppender (GrpcLogAppender.java:timeoutAppendRequest(200)) - 64dc86e1-b58a-47fa-9209-c80a04613504@group-85515DBFC7EF->296d1e6a-4d03-4625-a926-8603881e9a06-GrpcLogAppender: appendEntries Timeout, request=64dc86e1-b58a-47fa-9209-c80a04613504->296d1e6a-4d03-4625-a926-8603881e9a06#161-t2, previous=(t:2, i:20), leaderCommit=16, initializing? false, entries: <empty>
2019-09-17 14:55:38,950 [grpc-default-executor-1] WARN  server.GrpcLogAppender (LogUtils.java:warn(134)) - 64dc86e1-b58a-47fa-9209-c80a04613504@group-85515DBFC7EF->0d659ca8-8d3f-4ad5-ad2a-cdb4ab88523b-AppendLogResponseHandler: Failed appendEntries: org.apache.ratis.thirdparty.io.grpc.StatusRuntimeException: UNAVAILABLE: io exception
2019-09-17 14:55:38,950 [grpc-default-executor-1] INFO  impl.FollowerInfo (FollowerInfo.java:lambda$new$0(51)) - 64dc86e1-b58a-47fa-9209-c80a04613504@group-85515DBFC7EF->0d659ca8-8d3f-4ad5-ad2a-cdb4ab88523b: nextIndex: updateUnconditionally 11 -> 10
2019-09-17 14:55:39,005 [Thread-1517] INFO  impl.FollowerState (FollowerState.java:run(106)) - 24ee45b5-4e6b-4499-8d3c-0bcd5a303b6d:group-218101269A2C changes to CANDIDATE, lastRpcTime:1166, electionTimeout:1166ms
2019-09-17 14:55:39,005 [Thread-1517] INFO  impl.RoleInfo (RoleInfo.java:shutdownFollowerState(121)) - 24ee45b5-4e6b-4499-8d3c-0bcd5a303b6d: shutdown FollowerState
2019-09-17 14:55:39,005 [Thread-1517] INFO  impl.RaftServerImpl (RaftServerImpl.java:setRole(174)) - 24ee45b5-4e6b-4499-8d3c-0bcd5a303b6d@group-218101269A2C: changes role from  FOLLOWER to CANDIDATE at term 34 for changeToCandidate
2019-09-17 14:55:39,006 [Thread-1517] INFO  impl.RoleInfo (RoleInfo.java:updateAndGet(143)) - 24ee45b5-4e6b-4499-8d3c-0bcd5a303b6d: start LeaderElection
2019-09-17 14:55:39,022 [24ee45b5-4e6b-4499-8d3c-0bcd5a303b6d@group-218101269A2C:LeaderElection56] INFO  impl.LeaderElection (LeaderElection.java:askForVotes(182)) - 24ee45b5-4e6b-4499-8d3c-0bcd5a303b6d@group-218101269A2C:LeaderElection56: begin an election at term 35 for 17: [bbb4e265-cb6b-4caa-8b5d-65801261426c:192.168.151.72:38991, 5824bb7b-23b5-4080-8c55-4e36ce35b3ee:192.168.151.72:44174, 24ee45b5-4e6b-4499-8d3c-0bcd5a303b6d:192.168.151.72:44891], old=null
2019-09-17 14:55:39,023 [24ee45b5-4e6b-4499-8d3c-0bcd5a303b6d@group-218101269A2C:LeaderElection56] INFO  impl.LeaderElection (LogUtils.java:infoOrTrace(149)) - 24ee45b5-4e6b-4499-8d3c-0bcd5a303b6d@group-218101269A2C:LeaderElection56 got exception when requesting votes: {}
java.util.concurrent.ExecutionException: org.apache.ratis.thirdparty.io.grpc.StatusRuntimeException: UNAVAILABLE: io exception
	at java.util.concurrent.FutureTask.report(FutureTask.java:122)
	at java.util.concurrent.FutureTask.get(FutureTask.java:192)
	at org.apache.ratis.server.impl.LeaderElection.waitForResults(LeaderElection.java:263)
	at org.apache.ratis.server.impl.LeaderElection.askForVotes(LeaderElection.java:201)
	at org.apache.ratis.server.impl.LeaderElection.run(LeaderElection.java:133)
	at java.lang.Thread.run(Thread.java:748)
Caused by: org.apache.ratis.thirdparty.io.grpc.StatusRuntimeException: UNAVAILABLE: io exception
	at org.apache.ratis.thirdparty.io.grpc.stub.ClientCalls.toStatusRuntimeException(ClientCalls.java:233)
	at org.apache.ratis.thirdparty.io.grpc.stub.ClientCalls.getUnchecked(ClientCalls.java:214)
	at org.apache.ratis.thirdparty.io.grpc.stub.ClientCalls.blockingUnaryCall(ClientCalls.java:139)
	at org.apache.ratis.proto.grpc.RaftServerProtocolServiceGrpc$RaftServerProtocolServiceBlockingStub.requestVote(RaftServerProtocolServiceGrpc.java:265)
	at org.apache.ratis.grpc.server.GrpcServerProtocolClient.requestVote(GrpcServerProtocolClient.java:90)
	at org.apache.ratis.grpc.server.GrpcService.requestVote(GrpcService.java:204)
	at org.apache.ratis.server.impl.LeaderElection.lambda$submitRequests$1(LeaderElection.java:238)
	at java.util.concurrent.FutureTask.run(FutureTask.java:266)
	at java.util.concurrent.Executors$RunnableAdapter.call(Executors.java:511)
	at java.util.concurrent.FutureTask.run(FutureTask.java:266)
	at java.util.concurrent.ThreadPoolExecutor.runWorker(ThreadPoolExecutor.java:1149)
	at java.util.concurrent.ThreadPoolExecutor$Worker.run(ThreadPoolExecutor.java:624)
	... 1 more
Caused by: org.apache.ratis.thirdparty.io.netty.channel.AbstractChannel$AnnotatedConnectException: Connection refused: /192.168.151.72:38991
	at sun.nio.ch.SocketChannelImpl.checkConnect(Native Method)
	at sun.nio.ch.SocketChannelImpl.finishConnect(SocketChannelImpl.java:717)
	at org.apache.ratis.thirdparty.io.netty.channel.socket.nio.NioSocketChannel.doFinishConnect(NioSocketChannel.java:327)
	at org.apache.ratis.thirdparty.io.netty.channel.nio.AbstractNioChannel$AbstractNioUnsafe.finishConnect(AbstractNioChannel.java:340)
	at org.apache.ratis.thirdparty.io.netty.channel.nio.NioEventLoop.processSelectedKey(NioEventLoop.java:632)
	at org.apache.ratis.thirdparty.io.netty.channel.nio.NioEventLoop.processSelectedKeysOptimized(NioEventLoop.java:579)
	at org.apache.ratis.thirdparty.io.netty.channel.nio.NioEventLoop.processSelectedKeys(NioEventLoop.java:496)
	at org.apache.ratis.thirdparty.io.netty.channel.nio.NioEventLoop.run(NioEventLoop.java:458)
	at org.apache.ratis.thirdparty.io.netty.util.concurrent.SingleThreadEventExecutor$5.run(SingleThreadEventExecutor.java:897)
	at org.apache.ratis.thirdparty.io.netty.util.concurrent.FastThreadLocalRunnable.run(FastThreadLocalRunnable.java:30)
	... 1 more
Caused by: java.net.ConnectException: Connection refused
	... 11 more
2019-09-17 14:55:39,024 [24ee45b5-4e6b-4499-8d3c-0bcd5a303b6d@group-218101269A2C:LeaderElection56] INFO  impl.LeaderElection (LogUtils.java:infoOrTrace(149)) - 24ee45b5-4e6b-4499-8d3c-0bcd5a303b6d@group-218101269A2C:LeaderElection56 got exception when requesting votes: {}
java.util.concurrent.ExecutionException: org.apache.ratis.thirdparty.io.grpc.StatusRuntimeException: UNAVAILABLE: io exception
	at java.util.concurrent.FutureTask.report(FutureTask.java:122)
	at java.util.concurrent.FutureTask.get(FutureTask.java:192)
	at org.apache.ratis.server.impl.LeaderElection.waitForResults(LeaderElection.java:263)
	at org.apache.ratis.server.impl.LeaderElection.askForVotes(LeaderElection.java:201)
	at org.apache.ratis.server.impl.LeaderElection.run(LeaderElection.java:133)
	at java.lang.Thread.run(Thread.java:748)
Caused by: org.apache.ratis.thirdparty.io.grpc.StatusRuntimeException: UNAVAILABLE: io exception
	at org.apache.ratis.thirdparty.io.grpc.stub.ClientCalls.toStatusRuntimeException(ClientCalls.java:233)
	at org.apache.ratis.thirdparty.io.grpc.stub.ClientCalls.getUnchecked(ClientCalls.java:214)
	at org.apache.ratis.thirdparty.io.grpc.stub.ClientCalls.blockingUnaryCall(ClientCalls.java:139)
	at org.apache.ratis.proto.grpc.RaftServerProtocolServiceGrpc$RaftServerProtocolServiceBlockingStub.requestVote(RaftServerProtocolServiceGrpc.java:265)
	at org.apache.ratis.grpc.server.GrpcServerProtocolClient.requestVote(GrpcServerProtocolClient.java:90)
	at org.apache.ratis.grpc.server.GrpcService.requestVote(GrpcService.java:204)
	at org.apache.ratis.server.impl.LeaderElection.lambda$submitRequests$1(LeaderElection.java:238)
	at java.util.concurrent.FutureTask.run(FutureTask.java:266)
	at java.util.concurrent.Executors$RunnableAdapter.call(Executors.java:511)
	at java.util.concurrent.FutureTask.run(FutureTask.java:266)
	at java.util.concurrent.ThreadPoolExecutor.runWorker(ThreadPoolExecutor.java:1149)
	at java.util.concurrent.ThreadPoolExecutor$Worker.run(ThreadPoolExecutor.java:624)
	... 1 more
Caused by: org.apache.ratis.thirdparty.io.netty.channel.AbstractChannel$AnnotatedConnectException: Connection refused: /192.168.151.72:44174
	at sun.nio.ch.SocketChannelImpl.checkConnect(Native Method)
	at sun.nio.ch.SocketChannelImpl.finishConnect(SocketChannelImpl.java:717)
	at org.apache.ratis.thirdparty.io.netty.channel.socket.nio.NioSocketChannel.doFinishConnect(NioSocketChannel.java:327)
	at org.apache.ratis.thirdparty.io.netty.channel.nio.AbstractNioChannel$AbstractNioUnsafe.finishConnect(AbstractNioChannel.java:340)
	at org.apache.ratis.thirdparty.io.netty.channel.nio.NioEventLoop.processSelectedKey(NioEventLoop.java:632)
	at org.apache.ratis.thirdparty.io.netty.channel.nio.NioEventLoop.processSelectedKeysOptimized(NioEventLoop.java:579)
	at org.apache.ratis.thirdparty.io.netty.channel.nio.NioEventLoop.processSelectedKeys(NioEventLoop.java:496)
	at org.apache.ratis.thirdparty.io.netty.channel.nio.NioEventLoop.run(NioEventLoop.java:458)
	at org.apache.ratis.thirdparty.io.netty.util.concurrent.SingleThreadEventExecutor$5.run(SingleThreadEventExecutor.java:897)
	at org.apache.ratis.thirdparty.io.netty.util.concurrent.FastThreadLocalRunnable.run(FastThreadLocalRunnable.java:30)
	... 1 more
Caused by: java.net.ConnectException: Connection refused
	... 11 more
2019-09-17 14:55:39,025 [24ee45b5-4e6b-4499-8d3c-0bcd5a303b6d@group-218101269A2C:LeaderElection56] INFO  impl.LeaderElection (LeaderElection.java:logAndReturn(56)) - 24ee45b5-4e6b-4499-8d3c-0bcd5a303b6d@group-218101269A2C:LeaderElection56: Election REJECTED; received 0 response(s) [] and 2 exception(s); 24ee45b5-4e6b-4499-8d3c-0bcd5a303b6d@group-218101269A2C:t35, leader=null, voted=24ee45b5-4e6b-4499-8d3c-0bcd5a303b6d, raftlog=24ee45b5-4e6b-4499-8d3c-0bcd5a303b6d@group-218101269A2C-SegmentedRaftLog:OPENED:c29,f29,i29, conf=17: [bbb4e265-cb6b-4caa-8b5d-65801261426c:192.168.151.72:38991, 5824bb7b-23b5-4080-8c55-4e36ce35b3ee:192.168.151.72:44174, 24ee45b5-4e6b-4499-8d3c-0bcd5a303b6d:192.168.151.72:44891], old=null
2019-09-17 14:55:39,025 [24ee45b5-4e6b-4499-8d3c-0bcd5a303b6d@group-218101269A2C:LeaderElection56] INFO  impl.LeaderElection (LogUtils.java:infoOrTrace(149)) -   Exception 0: {}
java.util.concurrent.ExecutionException: org.apache.ratis.thirdparty.io.grpc.StatusRuntimeException: UNAVAILABLE: io exception
	at java.util.concurrent.FutureTask.report(FutureTask.java:122)
	at java.util.concurrent.FutureTask.get(FutureTask.java:192)
	at org.apache.ratis.server.impl.LeaderElection.waitForResults(LeaderElection.java:263)
	at org.apache.ratis.server.impl.LeaderElection.askForVotes(LeaderElection.java:201)
	at org.apache.ratis.server.impl.LeaderElection.run(LeaderElection.java:133)
	at java.lang.Thread.run(Thread.java:748)
Caused by: org.apache.ratis.thirdparty.io.grpc.StatusRuntimeException: UNAVAILABLE: io exception
	at org.apache.ratis.thirdparty.io.grpc.stub.ClientCalls.toStatusRuntimeException(ClientCalls.java:233)
	at org.apache.ratis.thirdparty.io.grpc.stub.ClientCalls.getUnchecked(ClientCalls.java:214)
	at org.apache.ratis.thirdparty.io.grpc.stub.ClientCalls.blockingUnaryCall(ClientCalls.java:139)
	at org.apache.ratis.proto.grpc.RaftServerProtocolServiceGrpc$RaftServerProtocolServiceBlockingStub.requestVote(RaftServerProtocolServiceGrpc.java:265)
	at org.apache.ratis.grpc.server.GrpcServerProtocolClient.requestVote(GrpcServerProtocolClient.java:90)
	at org.apache.ratis.grpc.server.GrpcService.requestVote(GrpcService.java:204)
	at org.apache.ratis.server.impl.LeaderElection.lambda$submitRequests$1(LeaderElection.java:238)
	at java.util.concurrent.FutureTask.run(FutureTask.java:266)
	at java.util.concurrent.Executors$RunnableAdapter.call(Executors.java:511)
	at java.util.concurrent.FutureTask.run(FutureTask.java:266)
	at java.util.concurrent.ThreadPoolExecutor.runWorker(ThreadPoolExecutor.java:1149)
	at java.util.concurrent.ThreadPoolExecutor$Worker.run(ThreadPoolExecutor.java:624)
	... 1 more
Caused by: org.apache.ratis.thirdparty.io.netty.channel.AbstractChannel$AnnotatedConnectException: Connection refused: /192.168.151.72:38991
	at sun.nio.ch.SocketChannelImpl.checkConnect(Native Method)
	at sun.nio.ch.SocketChannelImpl.finishConnect(SocketChannelImpl.java:717)
	at org.apache.ratis.thirdparty.io.netty.channel.socket.nio.NioSocketChannel.doFinishConnect(NioSocketChannel.java:327)
	at org.apache.ratis.thirdparty.io.netty.channel.nio.AbstractNioChannel$AbstractNioUnsafe.finishConnect(AbstractNioChannel.java:340)
	at org.apache.ratis.thirdparty.io.netty.channel.nio.NioEventLoop.processSelectedKey(NioEventLoop.java:632)
	at org.apache.ratis.thirdparty.io.netty.channel.nio.NioEventLoop.processSelectedKeysOptimized(NioEventLoop.java:579)
	at org.apache.ratis.thirdparty.io.netty.channel.nio.NioEventLoop.processSelectedKeys(NioEventLoop.java:496)
	at org.apache.ratis.thirdparty.io.netty.channel.nio.NioEventLoop.run(NioEventLoop.java:458)
	at org.apache.ratis.thirdparty.io.netty.util.concurrent.SingleThreadEventExecutor$5.run(SingleThreadEventExecutor.java:897)
	at org.apache.ratis.thirdparty.io.netty.util.concurrent.FastThreadLocalRunnable.run(FastThreadLocalRunnable.java:30)
	... 1 more
Caused by: java.net.ConnectException: Connection refused
	... 11 more
2019-09-17 14:55:39,025 [24ee45b5-4e6b-4499-8d3c-0bcd5a303b6d@group-218101269A2C:LeaderElection56] INFO  impl.LeaderElection (LogUtils.java:infoOrTrace(149)) -   Exception 1: {}
java.util.concurrent.ExecutionException: org.apache.ratis.thirdparty.io.grpc.StatusRuntimeException: UNAVAILABLE: io exception
	at java.util.concurrent.FutureTask.report(FutureTask.java:122)
	at java.util.concurrent.FutureTask.get(FutureTask.java:192)
	at org.apache.ratis.server.impl.LeaderElection.waitForResults(LeaderElection.java:263)
	at org.apache.ratis.server.impl.LeaderElection.askForVotes(LeaderElection.java:201)
	at org.apache.ratis.server.impl.LeaderElection.run(LeaderElection.java:133)
	at java.lang.Thread.run(Thread.java:748)
Caused by: org.apache.ratis.thirdparty.io.grpc.StatusRuntimeException: UNAVAILABLE: io exception
	at org.apache.ratis.thirdparty.io.grpc.stub.ClientCalls.toStatusRuntimeException(ClientCalls.java:233)
	at org.apache.ratis.thirdparty.io.grpc.stub.ClientCalls.getUnchecked(ClientCalls.java:214)
	at org.apache.ratis.thirdparty.io.grpc.stub.ClientCalls.blockingUnaryCall(ClientCalls.java:139)
	at org.apache.ratis.proto.grpc.RaftServerProtocolServiceGrpc$RaftServerProtocolServiceBlockingStub.requestVote(RaftServerProtocolServiceGrpc.java:265)
	at org.apache.ratis.grpc.server.GrpcServerProtocolClient.requestVote(GrpcServerProtocolClient.java:90)
	at org.apache.ratis.grpc.server.GrpcService.requestVote(GrpcService.java:204)
	at org.apache.ratis.server.impl.LeaderElection.lambda$submitRequests$1(LeaderElection.java:238)
	at java.util.concurrent.FutureTask.run(FutureTask.java:266)
	at java.util.concurrent.Executors$RunnableAdapter.call(Executors.java:511)
	at java.util.concurrent.FutureTask.run(FutureTask.java:266)
	at java.util.concurrent.ThreadPoolExecutor.runWorker(ThreadPoolExecutor.java:1149)
	at java.util.concurrent.ThreadPoolExecutor$Worker.run(ThreadPoolExecutor.java:624)
	... 1 more
Caused by: org.apache.ratis.thirdparty.io.netty.channel.AbstractChannel$AnnotatedConnectException: Connection refused: /192.168.151.72:44174
	at sun.nio.ch.SocketChannelImpl.checkConnect(Native Method)
	at sun.nio.ch.SocketChannelImpl.finishConnect(SocketChannelImpl.java:717)
	at org.apache.ratis.thirdparty.io.netty.channel.socket.nio.NioSocketChannel.doFinishConnect(NioSocketChannel.java:327)
	at org.apache.ratis.thirdparty.io.netty.channel.nio.AbstractNioChannel$AbstractNioUnsafe.finishConnect(AbstractNioChannel.java:340)
	at org.apache.ratis.thirdparty.io.netty.channel.nio.NioEventLoop.processSelectedKey(NioEventLoop.java:632)
	at org.apache.ratis.thirdparty.io.netty.channel.nio.NioEventLoop.processSelectedKeysOptimized(NioEventLoop.java:579)
	at org.apache.ratis.thirdparty.io.netty.channel.nio.NioEventLoop.processSelectedKeys(NioEventLoop.java:496)
	at org.apache.ratis.thirdparty.io.netty.channel.nio.NioEventLoop.run(NioEventLoop.java:458)
	at org.apache.ratis.thirdparty.io.netty.util.concurrent.SingleThreadEventExecutor$5.run(SingleThreadEventExecutor.java:897)
	at org.apache.ratis.thirdparty.io.netty.util.concurrent.FastThreadLocalRunnable.run(FastThreadLocalRunnable.java:30)
	... 1 more
Caused by: java.net.ConnectException: Connection refused
	... 11 more
2019-09-17 14:55:39,025 [24ee45b5-4e6b-4499-8d3c-0bcd5a303b6d@group-218101269A2C:LeaderElection56] INFO  impl.RaftServerImpl (RaftServerImpl.java:setRole(174)) - 24ee45b5-4e6b-4499-8d3c-0bcd5a303b6d@group-218101269A2C: changes role from CANDIDATE to FOLLOWER at term 35 for DISCOVERED_A_NEW_TERM
2019-09-17 14:55:39,026 [24ee45b5-4e6b-4499-8d3c-0bcd5a303b6d@group-218101269A2C:LeaderElection56] INFO  impl.RoleInfo (RoleInfo.java:shutdownLeaderElection(134)) - 24ee45b5-4e6b-4499-8d3c-0bcd5a303b6d: shutdown LeaderElection
2019-09-17 14:55:39,026 [24ee45b5-4e6b-4499-8d3c-0bcd5a303b6d@group-218101269A2C:LeaderElection56] INFO  impl.RoleInfo (RoleInfo.java:updateAndGet(143)) - 24ee45b5-4e6b-4499-8d3c-0bcd5a303b6d: start FollowerState
2019-09-17 14:55:39,441 [java.util.concurrent.ThreadPoolExecutor$Worker@486b56da[State = -1, empty queue]] WARN  server.GrpcLogAppender (GrpcLogAppender.java:timeoutAppendRequest(200)) - 64dc86e1-b58a-47fa-9209-c80a04613504@group-85515DBFC7EF->296d1e6a-4d03-4625-a926-8603881e9a06-GrpcLogAppender: appendEntries Timeout, request=64dc86e1-b58a-47fa-9209-c80a04613504->296d1e6a-4d03-4625-a926-8603881e9a06#162-t2, previous=(t:2, i:20), leaderCommit=16, initializing? false, entries: <empty>
2019-09-17 14:55:39,451 [grpc-default-executor-2] WARN  server.GrpcLogAppender (LogUtils.java:warn(134)) - 64dc86e1-b58a-47fa-9209-c80a04613504@group-85515DBFC7EF->0d659ca8-8d3f-4ad5-ad2a-cdb4ab88523b-AppendLogResponseHandler: Failed appendEntries: org.apache.ratis.thirdparty.io.grpc.StatusRuntimeException: UNAVAILABLE: io exception
2019-09-17 14:55:39,452 [grpc-default-executor-2] INFO  impl.FollowerInfo (FollowerInfo.java:lambda$new$0(51)) - 64dc86e1-b58a-47fa-9209-c80a04613504@group-85515DBFC7EF->0d659ca8-8d3f-4ad5-ad2a-cdb4ab88523b: nextIndex: updateUnconditionally 10 -> 9
2019-09-17 14:55:39,941 [java.util.concurrent.ThreadPoolExecutor$Worker@486b56da[State = -1, empty queue]] WARN  server.GrpcLogAppender (GrpcLogAppender.java:timeoutAppendRequest(200)) - 64dc86e1-b58a-47fa-9209-c80a04613504@group-85515DBFC7EF->296d1e6a-4d03-4625-a926-8603881e9a06-GrpcLogAppender: appendEntries Timeout, request=64dc86e1-b58a-47fa-9209-c80a04613504->296d1e6a-4d03-4625-a926-8603881e9a06#163-t2, previous=(t:2, i:20), leaderCommit=16, initializing? false, entries: <empty>
2019-09-17 14:55:39,952 [grpc-default-executor-4] WARN  server.GrpcLogAppender (LogUtils.java:warn(134)) - 64dc86e1-b58a-47fa-9209-c80a04613504@group-85515DBFC7EF->0d659ca8-8d3f-4ad5-ad2a-cdb4ab88523b-AppendLogResponseHandler: Failed appendEntries: org.apache.ratis.thirdparty.io.grpc.StatusRuntimeException: UNAVAILABLE: io exception
2019-09-17 14:55:39,952 [grpc-default-executor-4] INFO  impl.FollowerInfo (FollowerInfo.java:lambda$new$0(51)) - 64dc86e1-b58a-47fa-9209-c80a04613504@group-85515DBFC7EF->0d659ca8-8d3f-4ad5-ad2a-cdb4ab88523b: nextIndex: updateUnconditionally 9 -> 8
2019-09-17 14:55:40,180 [Thread-1524] INFO  impl.FollowerState (FollowerState.java:run(106)) - 24ee45b5-4e6b-4499-8d3c-0bcd5a303b6d:group-218101269A2C changes to CANDIDATE, lastRpcTime:1154, electionTimeout:1154ms
2019-09-17 14:55:40,181 [Thread-1524] INFO  impl.RoleInfo (RoleInfo.java:shutdownFollowerState(121)) - 24ee45b5-4e6b-4499-8d3c-0bcd5a303b6d: shutdown FollowerState
2019-09-17 14:55:40,181 [Thread-1524] INFO  impl.RaftServerImpl (RaftServerImpl.java:setRole(174)) - 24ee45b5-4e6b-4499-8d3c-0bcd5a303b6d@group-218101269A2C: changes role from  FOLLOWER to CANDIDATE at term 35 for changeToCandidate
2019-09-17 14:55:40,181 [Thread-1524] INFO  impl.RoleInfo (RoleInfo.java:updateAndGet(143)) - 24ee45b5-4e6b-4499-8d3c-0bcd5a303b6d: start LeaderElection
2019-09-17 14:55:40,210 [24ee45b5-4e6b-4499-8d3c-0bcd5a303b6d@group-218101269A2C:LeaderElection57] INFO  impl.LeaderElection (LeaderElection.java:askForVotes(182)) - 24ee45b5-4e6b-4499-8d3c-0bcd5a303b6d@group-218101269A2C:LeaderElection57: begin an election at term 36 for 17: [bbb4e265-cb6b-4caa-8b5d-65801261426c:192.168.151.72:38991, 5824bb7b-23b5-4080-8c55-4e36ce35b3ee:192.168.151.72:44174, 24ee45b5-4e6b-4499-8d3c-0bcd5a303b6d:192.168.151.72:44891], old=null
2019-09-17 14:55:40,212 [24ee45b5-4e6b-4499-8d3c-0bcd5a303b6d@group-218101269A2C:LeaderElection57] INFO  impl.LeaderElection (LogUtils.java:infoOrTrace(149)) - 24ee45b5-4e6b-4499-8d3c-0bcd5a303b6d@group-218101269A2C:LeaderElection57 got exception when requesting votes: {}
java.util.concurrent.ExecutionException: org.apache.ratis.thirdparty.io.grpc.StatusRuntimeException: UNAVAILABLE: io exception
	at java.util.concurrent.FutureTask.report(FutureTask.java:122)
	at java.util.concurrent.FutureTask.get(FutureTask.java:192)
	at org.apache.ratis.server.impl.LeaderElection.waitForResults(LeaderElection.java:263)
	at org.apache.ratis.server.impl.LeaderElection.askForVotes(LeaderElection.java:201)
	at org.apache.ratis.server.impl.LeaderElection.run(LeaderElection.java:133)
	at java.lang.Thread.run(Thread.java:748)
Caused by: org.apache.ratis.thirdparty.io.grpc.StatusRuntimeException: UNAVAILABLE: io exception
	at org.apache.ratis.thirdparty.io.grpc.stub.ClientCalls.toStatusRuntimeException(ClientCalls.java:233)
	at org.apache.ratis.thirdparty.io.grpc.stub.ClientCalls.getUnchecked(ClientCalls.java:214)
	at org.apache.ratis.thirdparty.io.grpc.stub.ClientCalls.blockingUnaryCall(ClientCalls.java:139)
	at org.apache.ratis.proto.grpc.RaftServerProtocolServiceGrpc$RaftServerProtocolServiceBlockingStub.requestVote(RaftServerProtocolServiceGrpc.java:265)
	at org.apache.ratis.grpc.server.GrpcServerProtocolClient.requestVote(GrpcServerProtocolClient.java:90)
	at org.apache.ratis.grpc.server.GrpcService.requestVote(GrpcService.java:204)
	at org.apache.ratis.server.impl.LeaderElection.lambda$submitRequests$1(LeaderElection.java:238)
	at java.util.concurrent.FutureTask.run(FutureTask.java:266)
	at java.util.concurrent.Executors$RunnableAdapter.call(Executors.java:511)
	at java.util.concurrent.FutureTask.run(FutureTask.java:266)
	at java.util.concurrent.ThreadPoolExecutor.runWorker(ThreadPoolExecutor.java:1149)
	at java.util.concurrent.ThreadPoolExecutor$Worker.run(ThreadPoolExecutor.java:624)
	... 1 more
Caused by: org.apache.ratis.thirdparty.io.netty.channel.AbstractChannel$AnnotatedConnectException: Connection refused: /192.168.151.72:44174
	at sun.nio.ch.SocketChannelImpl.checkConnect(Native Method)
	at sun.nio.ch.SocketChannelImpl.finishConnect(SocketChannelImpl.java:717)
	at org.apache.ratis.thirdparty.io.netty.channel.socket.nio.NioSocketChannel.doFinishConnect(NioSocketChannel.java:327)
	at org.apache.ratis.thirdparty.io.netty.channel.nio.AbstractNioChannel$AbstractNioUnsafe.finishConnect(AbstractNioChannel.java:340)
	at org.apache.ratis.thirdparty.io.netty.channel.nio.NioEventLoop.processSelectedKey(NioEventLoop.java:632)
	at org.apache.ratis.thirdparty.io.netty.channel.nio.NioEventLoop.processSelectedKeysOptimized(NioEventLoop.java:579)
	at org.apache.ratis.thirdparty.io.netty.channel.nio.NioEventLoop.processSelectedKeys(NioEventLoop.java:496)
	at org.apache.ratis.thirdparty.io.netty.channel.nio.NioEventLoop.run(NioEventLoop.java:458)
	at org.apache.ratis.thirdparty.io.netty.util.concurrent.SingleThreadEventExecutor$5.run(SingleThreadEventExecutor.java:897)
	at org.apache.ratis.thirdparty.io.netty.util.concurrent.FastThreadLocalRunnable.run(FastThreadLocalRunnable.java:30)
	... 1 more
Caused by: java.net.ConnectException: Connection refused
	... 11 more
2019-09-17 14:55:40,213 [24ee45b5-4e6b-4499-8d3c-0bcd5a303b6d@group-218101269A2C:LeaderElection57] INFO  impl.LeaderElection (LogUtils.java:infoOrTrace(149)) - 24ee45b5-4e6b-4499-8d3c-0bcd5a303b6d@group-218101269A2C:LeaderElection57 got exception when requesting votes: {}
java.util.concurrent.ExecutionException: org.apache.ratis.thirdparty.io.grpc.StatusRuntimeException: UNAVAILABLE: io exception
	at java.util.concurrent.FutureTask.report(FutureTask.java:122)
	at java.util.concurrent.FutureTask.get(FutureTask.java:192)
	at org.apache.ratis.server.impl.LeaderElection.waitForResults(LeaderElection.java:263)
	at org.apache.ratis.server.impl.LeaderElection.askForVotes(LeaderElection.java:201)
	at org.apache.ratis.server.impl.LeaderElection.run(LeaderElection.java:133)
	at java.lang.Thread.run(Thread.java:748)
Caused by: org.apache.ratis.thirdparty.io.grpc.StatusRuntimeException: UNAVAILABLE: io exception
	at org.apache.ratis.thirdparty.io.grpc.stub.ClientCalls.toStatusRuntimeException(ClientCalls.java:233)
	at org.apache.ratis.thirdparty.io.grpc.stub.ClientCalls.getUnchecked(ClientCalls.java:214)
	at org.apache.ratis.thirdparty.io.grpc.stub.ClientCalls.blockingUnaryCall(ClientCalls.java:139)
	at org.apache.ratis.proto.grpc.RaftServerProtocolServiceGrpc$RaftServerProtocolServiceBlockingStub.requestVote(RaftServerProtocolServiceGrpc.java:265)
	at org.apache.ratis.grpc.server.GrpcServerProtocolClient.requestVote(GrpcServerProtocolClient.java:90)
	at org.apache.ratis.grpc.server.GrpcService.requestVote(GrpcService.java:204)
	at org.apache.ratis.server.impl.LeaderElection.lambda$submitRequests$1(LeaderElection.java:238)
	at java.util.concurrent.FutureTask.run(FutureTask.java:266)
	at java.util.concurrent.Executors$RunnableAdapter.call(Executors.java:511)
	at java.util.concurrent.FutureTask.run(FutureTask.java:266)
	at java.util.concurrent.ThreadPoolExecutor.runWorker(ThreadPoolExecutor.java:1149)
	at java.util.concurrent.ThreadPoolExecutor$Worker.run(ThreadPoolExecutor.java:624)
	... 1 more
Caused by: org.apache.ratis.thirdparty.io.netty.channel.AbstractChannel$AnnotatedConnectException: Connection refused: /192.168.151.72:38991
	at sun.nio.ch.SocketChannelImpl.checkConnect(Native Method)
	at sun.nio.ch.SocketChannelImpl.finishConnect(SocketChannelImpl.java:717)
	at org.apache.ratis.thirdparty.io.netty.channel.socket.nio.NioSocketChannel.doFinishConnect(NioSocketChannel.java:327)
	at org.apache.ratis.thirdparty.io.netty.channel.nio.AbstractNioChannel$AbstractNioUnsafe.finishConnect(AbstractNioChannel.java:340)
	at org.apache.ratis.thirdparty.io.netty.channel.nio.NioEventLoop.processSelectedKey(NioEventLoop.java:632)
	at org.apache.ratis.thirdparty.io.netty.channel.nio.NioEventLoop.processSelectedKeysOptimized(NioEventLoop.java:579)
	at org.apache.ratis.thirdparty.io.netty.channel.nio.NioEventLoop.processSelectedKeys(NioEventLoop.java:496)
	at org.apache.ratis.thirdparty.io.netty.channel.nio.NioEventLoop.run(NioEventLoop.java:458)
	at org.apache.ratis.thirdparty.io.netty.util.concurrent.SingleThreadEventExecutor$5.run(SingleThreadEventExecutor.java:897)
	at org.apache.ratis.thirdparty.io.netty.util.concurrent.FastThreadLocalRunnable.run(FastThreadLocalRunnable.java:30)
	... 1 more
Caused by: java.net.ConnectException: Connection refused
	... 11 more
2019-09-17 14:55:40,214 [24ee45b5-4e6b-4499-8d3c-0bcd5a303b6d@group-218101269A2C:LeaderElection57] INFO  impl.LeaderElection (LeaderElection.java:logAndReturn(56)) - 24ee45b5-4e6b-4499-8d3c-0bcd5a303b6d@group-218101269A2C:LeaderElection57: Election REJECTED; received 0 response(s) [] and 2 exception(s); 24ee45b5-4e6b-4499-8d3c-0bcd5a303b6d@group-218101269A2C:t36, leader=null, voted=24ee45b5-4e6b-4499-8d3c-0bcd5a303b6d, raftlog=24ee45b5-4e6b-4499-8d3c-0bcd5a303b6d@group-218101269A2C-SegmentedRaftLog:OPENED:c29,f29,i29, conf=17: [bbb4e265-cb6b-4caa-8b5d-65801261426c:192.168.151.72:38991, 5824bb7b-23b5-4080-8c55-4e36ce35b3ee:192.168.151.72:44174, 24ee45b5-4e6b-4499-8d3c-0bcd5a303b6d:192.168.151.72:44891], old=null
2019-09-17 14:55:40,214 [24ee45b5-4e6b-4499-8d3c-0bcd5a303b6d@group-218101269A2C:LeaderElection57] INFO  impl.LeaderElection (LogUtils.java:infoOrTrace(149)) -   Exception 0: {}
java.util.concurrent.ExecutionException: org.apache.ratis.thirdparty.io.grpc.StatusRuntimeException: UNAVAILABLE: io exception
	at java.util.concurrent.FutureTask.report(FutureTask.java:122)
	at java.util.concurrent.FutureTask.get(FutureTask.java:192)
	at org.apache.ratis.server.impl.LeaderElection.waitForResults(LeaderElection.java:263)
	at org.apache.ratis.server.impl.LeaderElection.askForVotes(LeaderElection.java:201)
	at org.apache.ratis.server.impl.LeaderElection.run(LeaderElection.java:133)
	at java.lang.Thread.run(Thread.java:748)
Caused by: org.apache.ratis.thirdparty.io.grpc.StatusRuntimeException: UNAVAILABLE: io exception
	at org.apache.ratis.thirdparty.io.grpc.stub.ClientCalls.toStatusRuntimeException(ClientCalls.java:233)
	at org.apache.ratis.thirdparty.io.grpc.stub.ClientCalls.getUnchecked(ClientCalls.java:214)
	at org.apache.ratis.thirdparty.io.grpc.stub.ClientCalls.blockingUnaryCall(ClientCalls.java:139)
	at org.apache.ratis.proto.grpc.RaftServerProtocolServiceGrpc$RaftServerProtocolServiceBlockingStub.requestVote(RaftServerProtocolServiceGrpc.java:265)
	at org.apache.ratis.grpc.server.GrpcServerProtocolClient.requestVote(GrpcServerProtocolClient.java:90)
	at org.apache.ratis.grpc.server.GrpcService.requestVote(GrpcService.java:204)
	at org.apache.ratis.server.impl.LeaderElection.lambda$submitRequests$1(LeaderElection.java:238)
	at java.util.concurrent.FutureTask.run(FutureTask.java:266)
	at java.util.concurrent.Executors$RunnableAdapter.call(Executors.java:511)
	at java.util.concurrent.FutureTask.run(FutureTask.java:266)
	at java.util.concurrent.ThreadPoolExecutor.runWorker(ThreadPoolExecutor.java:1149)
	at java.util.concurrent.ThreadPoolExecutor$Worker.run(ThreadPoolExecutor.java:624)
	... 1 more
Caused by: org.apache.ratis.thirdparty.io.netty.channel.AbstractChannel$AnnotatedConnectException: Connection refused: /192.168.151.72:44174
	at sun.nio.ch.SocketChannelImpl.checkConnect(Native Method)
	at sun.nio.ch.SocketChannelImpl.finishConnect(SocketChannelImpl.java:717)
	at org.apache.ratis.thirdparty.io.netty.channel.socket.nio.NioSocketChannel.doFinishConnect(NioSocketChannel.java:327)
	at org.apache.ratis.thirdparty.io.netty.channel.nio.AbstractNioChannel$AbstractNioUnsafe.finishConnect(AbstractNioChannel.java:340)
	at org.apache.ratis.thirdparty.io.netty.channel.nio.NioEventLoop.processSelectedKey(NioEventLoop.java:632)
	at org.apache.ratis.thirdparty.io.netty.channel.nio.NioEventLoop.processSelectedKeysOptimized(NioEventLoop.java:579)
	at org.apache.ratis.thirdparty.io.netty.channel.nio.NioEventLoop.processSelectedKeys(NioEventLoop.java:496)
	at org.apache.ratis.thirdparty.io.netty.channel.nio.NioEventLoop.run(NioEventLoop.java:458)
	at org.apache.ratis.thirdparty.io.netty.util.concurrent.SingleThreadEventExecutor$5.run(SingleThreadEventExecutor.java:897)
	at org.apache.ratis.thirdparty.io.netty.util.concurrent.FastThreadLocalRunnable.run(FastThreadLocalRunnable.java:30)
	... 1 more
Caused by: java.net.ConnectException: Connection refused
	... 11 more
2019-09-17 14:55:40,215 [24ee45b5-4e6b-4499-8d3c-0bcd5a303b6d@group-218101269A2C:LeaderElection57] INFO  impl.LeaderElection (LogUtils.java:infoOrTrace(149)) -   Exception 1: {}
java.util.concurrent.ExecutionException: org.apache.ratis.thirdparty.io.grpc.StatusRuntimeException: UNAVAILABLE: io exception
	at java.util.concurrent.FutureTask.report(FutureTask.java:122)
	at java.util.concurrent.FutureTask.get(FutureTask.java:192)
	at org.apache.ratis.server.impl.LeaderElection.waitForResults(LeaderElection.java:263)
	at org.apache.ratis.server.impl.LeaderElection.askForVotes(LeaderElection.java:201)
	at org.apache.ratis.server.impl.LeaderElection.run(LeaderElection.java:133)
	at java.lang.Thread.run(Thread.java:748)
Caused by: org.apache.ratis.thirdparty.io.grpc.StatusRuntimeException: UNAVAILABLE: io exception
	at org.apache.ratis.thirdparty.io.grpc.stub.ClientCalls.toStatusRuntimeException(ClientCalls.java:233)
	at org.apache.ratis.thirdparty.io.grpc.stub.ClientCalls.getUnchecked(ClientCalls.java:214)
	at org.apache.ratis.thirdparty.io.grpc.stub.ClientCalls.blockingUnaryCall(ClientCalls.java:139)
	at org.apache.ratis.proto.grpc.RaftServerProtocolServiceGrpc$RaftServerProtocolServiceBlockingStub.requestVote(RaftServerProtocolServiceGrpc.java:265)
	at org.apache.ratis.grpc.server.GrpcServerProtocolClient.requestVote(GrpcServerProtocolClient.java:90)
	at org.apache.ratis.grpc.server.GrpcService.requestVote(GrpcService.java:204)
	at org.apache.ratis.server.impl.LeaderElection.lambda$submitRequests$1(LeaderElection.java:238)
	at java.util.concurrent.FutureTask.run(FutureTask.java:266)
	at java.util.concurrent.Executors$RunnableAdapter.call(Executors.java:511)
	at java.util.concurrent.FutureTask.run(FutureTask.java:266)
	at java.util.concurrent.ThreadPoolExecutor.runWorker(ThreadPoolExecutor.java:1149)
	at java.util.concurrent.ThreadPoolExecutor$Worker.run(ThreadPoolExecutor.java:624)
	... 1 more
Caused by: org.apache.ratis.thirdparty.io.netty.channel.AbstractChannel$AnnotatedConnectException: Connection refused: /192.168.151.72:38991
	at sun.nio.ch.SocketChannelImpl.checkConnect(Native Method)
	at sun.nio.ch.SocketChannelImpl.finishConnect(SocketChannelImpl.java:717)
	at org.apache.ratis.thirdparty.io.netty.channel.socket.nio.NioSocketChannel.doFinishConnect(NioSocketChannel.java:327)
	at org.apache.ratis.thirdparty.io.netty.channel.nio.AbstractNioChannel$AbstractNioUnsafe.finishConnect(AbstractNioChannel.java:340)
	at org.apache.ratis.thirdparty.io.netty.channel.nio.NioEventLoop.processSelectedKey(NioEventLoop.java:632)
	at org.apache.ratis.thirdparty.io.netty.channel.nio.NioEventLoop.processSelectedKeysOptimized(NioEventLoop.java:579)
	at org.apache.ratis.thirdparty.io.netty.channel.nio.NioEventLoop.processSelectedKeys(NioEventLoop.java:496)
	at org.apache.ratis.thirdparty.io.netty.channel.nio.NioEventLoop.run(NioEventLoop.java:458)
	at org.apache.ratis.thirdparty.io.netty.util.concurrent.SingleThreadEventExecutor$5.run(SingleThreadEventExecutor.java:897)
	at org.apache.ratis.thirdparty.io.netty.util.concurrent.FastThreadLocalRunnable.run(FastThreadLocalRunnable.java:30)
	... 1 more
Caused by: java.net.ConnectException: Connection refused
	... 11 more
2019-09-17 14:55:40,215 [24ee45b5-4e6b-4499-8d3c-0bcd5a303b6d@group-218101269A2C:LeaderElection57] INFO  impl.RaftServerImpl (RaftServerImpl.java:setRole(174)) - 24ee45b5-4e6b-4499-8d3c-0bcd5a303b6d@group-218101269A2C: changes role from CANDIDATE to FOLLOWER at term 36 for DISCOVERED_A_NEW_TERM
2019-09-17 14:55:40,216 [24ee45b5-4e6b-4499-8d3c-0bcd5a303b6d@group-218101269A2C:LeaderElection57] INFO  impl.RoleInfo (RoleInfo.java:shutdownLeaderElection(134)) - 24ee45b5-4e6b-4499-8d3c-0bcd5a303b6d: shutdown LeaderElection
2019-09-17 14:55:40,216 [24ee45b5-4e6b-4499-8d3c-0bcd5a303b6d@group-218101269A2C:LeaderElection57] INFO  impl.RoleInfo (RoleInfo.java:updateAndGet(143)) - 24ee45b5-4e6b-4499-8d3c-0bcd5a303b6d: start FollowerState
2019-09-17 14:55:40,441 [java.util.concurrent.ThreadPoolExecutor$Worker@486b56da[State = -1, empty queue]] WARN  server.GrpcLogAppender (GrpcLogAppender.java:timeoutAppendRequest(200)) - 64dc86e1-b58a-47fa-9209-c80a04613504@group-85515DBFC7EF->296d1e6a-4d03-4625-a926-8603881e9a06-GrpcLogAppender: appendEntries Timeout, request=64dc86e1-b58a-47fa-9209-c80a04613504->296d1e6a-4d03-4625-a926-8603881e9a06#164-t2, previous=(t:2, i:20), leaderCommit=16, initializing? false, entries: <empty>
2019-09-17 14:55:40,454 [grpc-default-executor-4] WARN  server.GrpcLogAppender (LogUtils.java:warn(134)) - 64dc86e1-b58a-47fa-9209-c80a04613504@group-85515DBFC7EF->0d659ca8-8d3f-4ad5-ad2a-cdb4ab88523b-AppendLogResponseHandler: Failed appendEntries: org.apache.ratis.thirdparty.io.grpc.StatusRuntimeException: UNAVAILABLE: io exception
2019-09-17 14:55:40,454 [grpc-default-executor-4] INFO  impl.FollowerInfo (FollowerInfo.java:lambda$new$0(51)) - 64dc86e1-b58a-47fa-9209-c80a04613504@group-85515DBFC7EF->0d659ca8-8d3f-4ad5-ad2a-cdb4ab88523b: nextIndex: updateUnconditionally 8 -> 7
2019-09-17 14:55:40,880 [main] INFO  ozoneimpl.OzoneContainer (OzoneContainer.java:stop(231)) - Attempting to stop container services.
2019-09-17 14:55:40,881 [main] INFO  impl.RaftServerProxy (RaftServerProxy.java:lambda$close$4(314)) - 4fc98c0c-5a86-4e60-8142-4a73cef3337e: close
2019-09-17 14:55:40,881 [main] INFO  impl.RaftServerImpl (RaftServerImpl.java:lambda$shutdown$3(251)) - 4fc98c0c-5a86-4e60-8142-4a73cef3337e@group-5FB6FC4E68B8: shutdown
2019-09-17 14:55:40,881 [main] INFO  util.JmxRegister (JmxRegister.java:unregister(73)) - Successfully un-registered JMX Bean with object name Ratis:service=RaftServer,group=group-5FB6FC4E68B8,id=4fc98c0c-5a86-4e60-8142-4a73cef3337e
2019-09-17 14:55:40,882 [main] INFO  impl.RoleInfo (RoleInfo.java:shutdownLeaderState(104)) - 4fc98c0c-5a86-4e60-8142-4a73cef3337e: shutdown LeaderState
2019-09-17 14:55:40,882 [main] INFO  impl.PendingRequests (PendingRequests.java:sendNotLeaderResponses(202)) - 4fc98c0c-5a86-4e60-8142-4a73cef3337e-PendingRequests: sendNotLeaderResponses
2019-09-17 14:55:40,882 [main] INFO  impl.StateMachineUpdater (StateMachineUpdater.java:stopAndJoin(125)) - 4fc98c0c-5a86-4e60-8142-4a73cef3337e@group-5FB6FC4E68B8-StateMachineUpdater: set stopIndex = 0
2019-09-17 14:55:40,883 [main] INFO  impl.RaftServerImpl (ServerState.java:close(385)) - 4fc98c0c-5a86-4e60-8142-4a73cef3337e@group-5FB6FC4E68B8: closes. applyIndex: 0
2019-09-17 14:55:40,884 [4fc98c0c-5a86-4e60-8142-4a73cef3337e@group-5FB6FC4E68B8-SegmentedRaftLogWorker] INFO  segmented.SegmentedRaftLogWorker (SegmentedRaftLogWorker.java:run(313)) - 4fc98c0c-5a86-4e60-8142-4a73cef3337e@group-5FB6FC4E68B8-SegmentedRaftLogWorker was interrupted, exiting. There are 0 tasks remaining in the queue.
2019-09-17 14:55:40,884 [ForkJoinPool.commonPool-worker-0] INFO  ozoneimpl.OzoneContainer (OzoneContainer.java:stop(231)) - Attempting to stop container services.
2019-09-17 14:55:40,891 [ForkJoinPool.commonPool-worker-0] INFO  impl.RaftServerProxy (RaftServerProxy.java:lambda$close$4(314)) - 24ee45b5-4e6b-4499-8d3c-0bcd5a303b6d: close
2019-09-17 14:55:40,891 [main] INFO  segmented.SegmentedRaftLogWorker (SegmentedRaftLogWorker.java:close(228)) - 4fc98c0c-5a86-4e60-8142-4a73cef3337e@group-5FB6FC4E68B8-SegmentedRaftLogWorker close()
2019-09-17 14:55:40,891 [ForkJoinPool.commonPool-worker-0] INFO  impl.RaftServerImpl (RaftServerImpl.java:lambda$shutdown$3(251)) - 24ee45b5-4e6b-4499-8d3c-0bcd5a303b6d@group-23B4E85C39AD: shutdown
2019-09-17 14:55:40,893 [ForkJoinPool.commonPool-worker-0] INFO  util.JmxRegister (JmxRegister.java:unregister(73)) - Successfully un-registered JMX Bean with object name Ratis:service=RaftServer,group=group-23B4E85C39AD,id=24ee45b5-4e6b-4499-8d3c-0bcd5a303b6d
2019-09-17 14:55:40,896 [ForkJoinPool.commonPool-worker-0] INFO  impl.RoleInfo (RoleInfo.java:shutdownLeaderState(104)) - 24ee45b5-4e6b-4499-8d3c-0bcd5a303b6d: shutdown LeaderState
2019-09-17 14:55:40,896 [ForkJoinPool.commonPool-worker-0] INFO  impl.PendingRequests (PendingRequests.java:sendNotLeaderResponses(202)) - 24ee45b5-4e6b-4499-8d3c-0bcd5a303b6d-PendingRequests: sendNotLeaderResponses
2019-09-17 14:55:40,896 [main] INFO  server.GrpcService (GrpcService.java:closeImpl(164)) - 4fc98c0c-5a86-4e60-8142-4a73cef3337e: shutdown server with port 35979 now
2019-09-17 14:55:40,896 [ForkJoinPool.commonPool-worker-0] INFO  impl.StateMachineUpdater (StateMachineUpdater.java:stopAndJoin(125)) - 24ee45b5-4e6b-4499-8d3c-0bcd5a303b6d@group-23B4E85C39AD-StateMachineUpdater: set stopIndex = 0
2019-09-17 14:55:40,896 [ForkJoinPool.commonPool-worker-0] INFO  impl.RaftServerImpl (ServerState.java:close(385)) - 24ee45b5-4e6b-4499-8d3c-0bcd5a303b6d@group-23B4E85C39AD: closes. applyIndex: 0
2019-09-17 14:55:40,897 [24ee45b5-4e6b-4499-8d3c-0bcd5a303b6d@group-23B4E85C39AD-SegmentedRaftLogWorker] INFO  segmented.SegmentedRaftLogWorker (SegmentedRaftLogWorker.java:run(313)) - 24ee45b5-4e6b-4499-8d3c-0bcd5a303b6d@group-23B4E85C39AD-SegmentedRaftLogWorker was interrupted, exiting. There are 0 tasks remaining in the queue.
2019-09-17 14:55:40,899 [main] INFO  server.GrpcService (GrpcService.java:closeImpl(172)) - 4fc98c0c-5a86-4e60-8142-4a73cef3337e: shutdown server with port 35979 successfully
2019-09-17 14:55:40,901 [ForkJoinPool.commonPool-worker-0] INFO  segmented.SegmentedRaftLogWorker (SegmentedRaftLogWorker.java:close(228)) - 24ee45b5-4e6b-4499-8d3c-0bcd5a303b6d@group-23B4E85C39AD-SegmentedRaftLogWorker close()
2019-09-17 14:55:40,917 [ForkJoinPool.commonPool-worker-0] INFO  impl.RaftServerImpl (RaftServerImpl.java:lambda$shutdown$3(251)) - 24ee45b5-4e6b-4499-8d3c-0bcd5a303b6d@group-218101269A2C: shutdown
2019-09-17 14:55:40,917 [ForkJoinPool.commonPool-worker-0] INFO  util.JmxRegister (JmxRegister.java:unregister(73)) - Successfully un-registered JMX Bean with object name Ratis:service=RaftServer,group=group-218101269A2C,id=24ee45b5-4e6b-4499-8d3c-0bcd5a303b6d
2019-09-17 14:55:40,917 [ForkJoinPool.commonPool-worker-0] INFO  impl.RoleInfo (RoleInfo.java:shutdownFollowerState(121)) - 24ee45b5-4e6b-4499-8d3c-0bcd5a303b6d: shutdown FollowerState
2019-09-17 14:55:40,918 [ForkJoinPool.commonPool-worker-0] INFO  impl.StateMachineUpdater (StateMachineUpdater.java:stopAndJoin(125)) - 24ee45b5-4e6b-4499-8d3c-0bcd5a303b6d@group-218101269A2C-StateMachineUpdater: set stopIndex = 29
2019-09-17 14:55:40,918 [Thread-1530] INFO  impl.FollowerState (FollowerState.java:run(115)) - 24ee45b5-4e6b-4499-8d3c-0bcd5a303b6d: FollowerState was interrupted: java.lang.InterruptedException: sleep interrupted
2019-09-17 14:55:40,920 [24ee45b5-4e6b-4499-8d3c-0bcd5a303b6d@group-218101269A2C-StateMachineUpdater] INFO  ratis.ContainerStateMachine (ContainerStateMachine.java:takeSnapshot(289)) - group-218101269A2C: Taking a snapshot at:(t:3, i:27) file /workdir/hadoop-ozone/integration-test/target/test-dir/MiniOzoneClusterImpl-845ee491-3861-4700-afca-e6762de221c3/datanode-3/data/ratis/4f8d5d5a-f561-4b2a-a81e-218101269a2c/sm/snapshot.3_27
2019-09-17 14:55:40,921 [refreshUsed-/workdir/hadoop-ozone/integration-test/target/test-dir/MiniOzoneClusterImpl-845ee491-3861-4700-afca-e6762de221c3/datanode-6/data/containers] WARN  fs.CachingGetSpaceUsed (CachingGetSpaceUsed.java:run(183)) - Thread Interrupted waiting to refresh disk information: sleep interrupted
2019-09-17 14:55:40,942 [java.util.concurrent.ThreadPoolExecutor$Worker@486b56da[State = -1, empty queue]] WARN  server.GrpcLogAppender (GrpcLogAppender.java:timeoutAppendRequest(200)) - 64dc86e1-b58a-47fa-9209-c80a04613504@group-85515DBFC7EF->296d1e6a-4d03-4625-a926-8603881e9a06-GrpcLogAppender: appendEntries Timeout, request=64dc86e1-b58a-47fa-9209-c80a04613504->296d1e6a-4d03-4625-a926-8603881e9a06#165-t2, previous=(t:2, i:20), leaderCommit=16, initializing? false, entries: <empty>
2019-09-17 14:55:40,944 [24ee45b5-4e6b-4499-8d3c-0bcd5a303b6d@group-218101269A2C-StateMachineUpdater] INFO  ratis.ContainerStateMachine (ContainerStateMachine.java:takeSnapshot(300)) - group-218101269A2C: Finished taking a snapshot at:(t:3, i:27) file:/workdir/hadoop-ozone/integration-test/target/test-dir/MiniOzoneClusterImpl-845ee491-3861-4700-afca-e6762de221c3/datanode-3/data/ratis/4f8d5d5a-f561-4b2a-a81e-218101269a2c/sm/snapshot.3_27 time:26
2019-09-17 14:55:40,944 [24ee45b5-4e6b-4499-8d3c-0bcd5a303b6d@group-218101269A2C-StateMachineUpdater] INFO  impl.StateMachineUpdater (StateMachineUpdater.java:takeSnapshot(258)) - 24ee45b5-4e6b-4499-8d3c-0bcd5a303b6d@group-218101269A2C-StateMachineUpdater: Took a snapshot at index 27
2019-09-17 14:55:40,944 [24ee45b5-4e6b-4499-8d3c-0bcd5a303b6d@group-218101269A2C-StateMachineUpdater] INFO  impl.StateMachineUpdater (StateMachineUpdater.java:lambda$new$0(83)) - 24ee45b5-4e6b-4499-8d3c-0bcd5a303b6d@group-218101269A2C-StateMachineUpdater: snapshotIndex: updateIncreasingly -1 -> 27
2019-09-17 14:55:40,944 [main] INFO  utils.BackgroundService (BackgroundService.java:shutdown(148)) - Shutting down service BlockDeletingService
2019-09-17 14:55:40,945 [24ee45b5-4e6b-4499-8d3c-0bcd5a303b6d@group-218101269A2C-StateMachineUpdater] INFO  ratis.ContainerStateMachine (ContainerStateMachine.java:takeSnapshot(289)) - group-218101269A2C: Taking a snapshot at:(t:3, i:27) file /workdir/hadoop-ozone/integration-test/target/test-dir/MiniOzoneClusterImpl-845ee491-3861-4700-afca-e6762de221c3/datanode-3/data/ratis/4f8d5d5a-f561-4b2a-a81e-218101269a2c/sm/snapshot.3_27
2019-09-17 14:55:40,951 [main] INFO  statemachine.DatanodeStateMachine (DatanodeStateMachine.java:stopDaemon(395)) - Ozone container server stopped.
2019-09-17 14:55:40,953 [main] INFO  handler.ContextHandler (ContextHandler.java:doStop(910)) - Stopped o.e.j.w.WebAppContext@625dfff3{/,null,UNAVAILABLE}{/hddsDatanode}
2019-09-17 14:55:40,954 [main] INFO  server.AbstractConnector (AbstractConnector.java:doStop(318)) - Stopped ServerConnector@26350ea2{HTTP/1.1,[http/1.1]}{0.0.0.0:0}
2019-09-17 14:55:40,954 [main] INFO  handler.ContextHandler (ContextHandler.java:doStop(910)) - Stopped o.e.j.s.ServletContextHandler@7c8c70d6{/static,jar:file:/home/user/.m2/repository/org/apache/hadoop/hadoop-hdds-container-service/0.5.0-SNAPSHOT/hadoop-hdds-container-service-0.5.0-SNAPSHOT.jar!/webapps/static,UNAVAILABLE}
2019-09-17 14:55:40,954 [grpc-default-executor-2] WARN  server.GrpcLogAppender (LogUtils.java:warn(134)) - 64dc86e1-b58a-47fa-9209-c80a04613504@group-85515DBFC7EF->0d659ca8-8d3f-4ad5-ad2a-cdb4ab88523b-AppendLogResponseHandler: Failed appendEntries: org.apache.ratis.thirdparty.io.grpc.StatusRuntimeException: UNAVAILABLE: io exception
2019-09-17 14:55:40,955 [main] INFO  handler.ContextHandler (ContextHandler.java:doStop(910)) - Stopped o.e.j.s.ServletContextHandler@34780cd9{/logs,file:///workdir/hadoop-ozone/integration-test/target/log,UNAVAILABLE}
2019-09-17 14:55:40,955 [grpc-default-executor-2] INFO  impl.FollowerInfo (FollowerInfo.java:lambda$new$0(51)) - 64dc86e1-b58a-47fa-9209-c80a04613504@group-85515DBFC7EF->0d659ca8-8d3f-4ad5-ad2a-cdb4ab88523b: nextIndex: updateUnconditionally 7 -> 6
2019-09-17 14:55:40,957 [24ee45b5-4e6b-4499-8d3c-0bcd5a303b6d@group-218101269A2C-StateMachineUpdater] INFO  ratis.ContainerStateMachine (ContainerStateMachine.java:takeSnapshot(300)) - group-218101269A2C: Finished taking a snapshot at:(t:3, i:27) file:/workdir/hadoop-ozone/integration-test/target/test-dir/MiniOzoneClusterImpl-845ee491-3861-4700-afca-e6762de221c3/datanode-3/data/ratis/4f8d5d5a-f561-4b2a-a81e-218101269a2c/sm/snapshot.3_27 time:12
2019-09-17 14:55:40,957 [24ee45b5-4e6b-4499-8d3c-0bcd5a303b6d@group-218101269A2C-StateMachineUpdater] INFO  impl.StateMachineUpdater (StateMachineUpdater.java:takeSnapshot(258)) - 24ee45b5-4e6b-4499-8d3c-0bcd5a303b6d@group-218101269A2C-StateMachineUpdater: Took a snapshot at index 27
2019-09-17 14:55:40,957 [24ee45b5-4e6b-4499-8d3c-0bcd5a303b6d@group-218101269A2C-StateMachineUpdater] INFO  impl.StateMachineUpdater (StateMachineUpdater.java:lambda$new$0(83)) - 24ee45b5-4e6b-4499-8d3c-0bcd5a303b6d@group-218101269A2C-StateMachineUpdater: snapshotIndex: updateIncreasingly 27 -> 27
2019-09-17 14:55:40,958 [ForkJoinPool.commonPool-worker-0] INFO  impl.RaftServerImpl (ServerState.java:close(385)) - 24ee45b5-4e6b-4499-8d3c-0bcd5a303b6d@group-218101269A2C: closes. applyIndex: 29
2019-09-17 14:55:40,958 [24ee45b5-4e6b-4499-8d3c-0bcd5a303b6d@group-218101269A2C-SegmentedRaftLogWorker] INFO  segmented.SegmentedRaftLogWorker (SegmentedRaftLogWorker.java:run(313)) - 24ee45b5-4e6b-4499-8d3c-0bcd5a303b6d@group-218101269A2C-SegmentedRaftLogWorker was interrupted, exiting. There are 0 tasks remaining in the queue.
2019-09-17 14:55:40,959 [ForkJoinPool.commonPool-worker-0] INFO  segmented.SegmentedRaftLogWorker (SegmentedRaftLogWorker.java:close(228)) - 24ee45b5-4e6b-4499-8d3c-0bcd5a303b6d@group-218101269A2C-SegmentedRaftLogWorker close()
2019-09-17 14:55:40,960 [ForkJoinPool.commonPool-worker-0] INFO  server.GrpcService (GrpcService.java:closeImpl(164)) - 24ee45b5-4e6b-4499-8d3c-0bcd5a303b6d: shutdown server with port 44891 now
2019-09-17 14:55:40,960 [ForkJoinPool.commonPool-worker-0] INFO  server.GrpcService (GrpcService.java:closeImpl(172)) - 24ee45b5-4e6b-4499-8d3c-0bcd5a303b6d: shutdown server with port 44891 successfully
2019-09-17 14:55:40,962 [refreshUsed-/workdir/hadoop-ozone/integration-test/target/test-dir/MiniOzoneClusterImpl-845ee491-3861-4700-afca-e6762de221c3/datanode-3/data/containers] WARN  fs.CachingGetSpaceUsed (CachingGetSpaceUsed.java:run(183)) - Thread Interrupted waiting to refresh disk information: sleep interrupted
2019-09-17 14:55:41,212 [ForkJoinPool.commonPool-worker-0] INFO  utils.BackgroundService (BackgroundService.java:shutdown(148)) - Shutting down service BlockDeletingService
2019-09-17 14:55:41,217 [ForkJoinPool.commonPool-worker-0] INFO  statemachine.DatanodeStateMachine (DatanodeStateMachine.java:stopDaemon(395)) - Ozone container server stopped.
2019-09-17 14:55:41,221 [ForkJoinPool.commonPool-worker-0] INFO  handler.ContextHandler (ContextHandler.java:doStop(910)) - Stopped o.e.j.w.WebAppContext@38eb0f4d{/,null,UNAVAILABLE}{/hddsDatanode}
2019-09-17 14:55:41,222 [ForkJoinPool.commonPool-worker-0] INFO  server.AbstractConnector (AbstractConnector.java:doStop(318)) - Stopped ServerConnector@437486cd{HTTP/1.1,[http/1.1]}{0.0.0.0:0}
2019-09-17 14:55:41,223 [ForkJoinPool.commonPool-worker-0] INFO  handler.ContextHandler (ContextHandler.java:doStop(910)) - Stopped o.e.j.s.ServletContextHandler@97d0c06{/static,jar:file:/home/user/.m2/repository/org/apache/hadoop/hadoop-hdds-container-service/0.5.0-SNAPSHOT/hadoop-hdds-container-service-0.5.0-SNAPSHOT.jar!/webapps/static,UNAVAILABLE}
2019-09-17 14:55:41,225 [ForkJoinPool.commonPool-worker-0] INFO  handler.ContextHandler (ContextHandler.java:doStop(910)) - Stopped o.e.j.s.ServletContextHandler@41eb94bc{/logs,file:///workdir/hadoop-ozone/integration-test/target/log,UNAVAILABLE}
2019-09-17 14:55:41,384 [Datanode State Machine Thread - 0] INFO  statemachine.DatanodeStateMachine (DatanodeStateMachine.java:lambda$startDaemon$0(350)) - Ozone container server started.
2019-09-17 14:55:41,425 [Datanode State Machine Thread - 0] INFO  statemachine.DatanodeStateMachine (DatanodeStateMachine.java:lambda$startDaemon$0(350)) - Ozone container server started.
2019-09-17 14:55:41,443 [java.util.concurrent.ThreadPoolExecutor$Worker@486b56da[State = -1, empty queue]] WARN  server.GrpcLogAppender (GrpcLogAppender.java:timeoutAppendRequest(200)) - 64dc86e1-b58a-47fa-9209-c80a04613504@group-85515DBFC7EF->296d1e6a-4d03-4625-a926-8603881e9a06-GrpcLogAppender: appendEntries Timeout, request=64dc86e1-b58a-47fa-9209-c80a04613504->296d1e6a-4d03-4625-a926-8603881e9a06#166-t2, previous=(t:2, i:20), leaderCommit=16, initializing? false, entries: <empty>
2019-09-17 14:55:41,456 [grpc-default-executor-1] WARN  server.GrpcLogAppender (LogUtils.java:warn(134)) - 64dc86e1-b58a-47fa-9209-c80a04613504@group-85515DBFC7EF->0d659ca8-8d3f-4ad5-ad2a-cdb4ab88523b-AppendLogResponseHandler: Failed appendEntries: org.apache.ratis.thirdparty.io.grpc.StatusRuntimeException: UNAVAILABLE: io exception
2019-09-17 14:55:41,456 [grpc-default-executor-1] INFO  impl.FollowerInfo (FollowerInfo.java:lambda$new$0(51)) - 64dc86e1-b58a-47fa-9209-c80a04613504@group-85515DBFC7EF->0d659ca8-8d3f-4ad5-ad2a-cdb4ab88523b: nextIndex: updateUnconditionally 6 -> 5
2019-09-17 14:55:41,943 [java.util.concurrent.ThreadPoolExecutor$Worker@486b56da[State = -1, empty queue]] WARN  server.GrpcLogAppender (GrpcLogAppender.java:timeoutAppendRequest(200)) - 64dc86e1-b58a-47fa-9209-c80a04613504@group-85515DBFC7EF->296d1e6a-4d03-4625-a926-8603881e9a06-GrpcLogAppender: appendEntries Timeout, request=64dc86e1-b58a-47fa-9209-c80a04613504->296d1e6a-4d03-4625-a926-8603881e9a06#167-t2, previous=(t:2, i:20), leaderCommit=16, initializing? false, entries: <empty>
2019-09-17 14:55:41,956 [grpc-default-executor-4] WARN  server.GrpcLogAppender (LogUtils.java:warn(134)) - 64dc86e1-b58a-47fa-9209-c80a04613504@group-85515DBFC7EF->0d659ca8-8d3f-4ad5-ad2a-cdb4ab88523b-AppendLogResponseHandler: Failed appendEntries: org.apache.ratis.thirdparty.io.grpc.StatusRuntimeException: UNAVAILABLE: io exception
2019-09-17 14:55:41,957 [grpc-default-executor-4] INFO  impl.FollowerInfo (FollowerInfo.java:lambda$new$0(51)) - 64dc86e1-b58a-47fa-9209-c80a04613504@group-85515DBFC7EF->0d659ca8-8d3f-4ad5-ad2a-cdb4ab88523b: nextIndex: updateUnconditionally 5 -> 4
2019-09-17 14:55:42,360 [296d1e6a-4d03-4625-a926-8603881e9a06@group-85515DBFC7EF-SegmentedRaftLogWorker] WARN  segmented.SegmentedRaftLogWorker (SegmentedRaftLogWorker.java:getFromFuture(90)) - Timeout 6/~
org.apache.ratis.protocol.TimeoutIOException: Timeout 10s: WriteLog:17: (t:2, i:17), STATEMACHINELOGENTRY, client-30C4B51AD9D2, cid=49-writeStateMachineData
	at org.apache.ratis.util.IOUtils.getFromFuture(IOUtils.java:87)
	at org.apache.ratis.server.raftlog.segmented.SegmentedRaftLogWorker$StateMachineDataPolicy.getFromFuture(SegmentedRaftLogWorker.java:87)
	at org.apache.ratis.server.raftlog.segmented.SegmentedRaftLogWorker$WriteLog.execute(SegmentedRaftLogWorker.java:477)
	at org.apache.ratis.server.raftlog.segmented.SegmentedRaftLogWorker.run(SegmentedRaftLogWorker.java:289)
	at java.lang.Thread.run(Thread.java:748)
Caused by: java.util.concurrent.TimeoutException
	at java.util.concurrent.CompletableFuture.timedGet(CompletableFuture.java:1771)
	at java.util.concurrent.CompletableFuture.get(CompletableFuture.java:1915)
	at org.apache.ratis.util.IOUtils.getFromFuture(IOUtils.java:79)
	... 4 more
2019-09-17 14:55:42,375 [64dc86e1-b58a-47fa-9209-c80a04613504@group-85515DBFC7EF-SegmentedRaftLogWorker] WARN  segmented.SegmentedRaftLogWorker (SegmentedRaftLogWorker.java:getFromFuture(90)) - Timeout 6/~
org.apache.ratis.protocol.TimeoutIOException: Timeout 10s: WriteLog:19: (t:2, i:19), STATEMACHINELOGENTRY, client-30C4B51AD9D2, cid=51-writeStateMachineData
	at org.apache.ratis.util.IOUtils.getFromFuture(IOUtils.java:87)
	at org.apache.ratis.server.raftlog.segmented.SegmentedRaftLogWorker$StateMachineDataPolicy.getFromFuture(SegmentedRaftLogWorker.java:87)
	at org.apache.ratis.server.raftlog.segmented.SegmentedRaftLogWorker$WriteLog.execute(SegmentedRaftLogWorker.java:477)
	at org.apache.ratis.server.raftlog.segmented.SegmentedRaftLogWorker.run(SegmentedRaftLogWorker.java:289)
	at java.lang.Thread.run(Thread.java:748)
Caused by: java.util.concurrent.TimeoutException
	at java.util.concurrent.CompletableFuture.timedGet(CompletableFuture.java:1771)
	at java.util.concurrent.CompletableFuture.get(CompletableFuture.java:1915)
	at org.apache.ratis.util.IOUtils.getFromFuture(IOUtils.java:79)
	... 4 more
2019-09-17 14:55:42,444 [java.util.concurrent.ThreadPoolExecutor$Worker@486b56da[State = -1, empty queue]] WARN  server.GrpcLogAppender (GrpcLogAppender.java:timeoutAppendRequest(200)) - 64dc86e1-b58a-47fa-9209-c80a04613504@group-85515DBFC7EF->296d1e6a-4d03-4625-a926-8603881e9a06-GrpcLogAppender: appendEntries Timeout, request=64dc86e1-b58a-47fa-9209-c80a04613504->296d1e6a-4d03-4625-a926-8603881e9a06#168-t2, previous=(t:2, i:20), leaderCommit=16, initializing? false, entries: <empty>
2019-09-17 14:55:42,456 [grpc-default-executor-2] WARN  server.GrpcLogAppender (LogUtils.java:warn(134)) - 64dc86e1-b58a-47fa-9209-c80a04613504@group-85515DBFC7EF->0d659ca8-8d3f-4ad5-ad2a-cdb4ab88523b-AppendLogResponseHandler: Failed appendEntries: org.apache.ratis.thirdparty.io.grpc.StatusRuntimeException: UNAVAILABLE: io exception
2019-09-17 14:55:42,457 [grpc-default-executor-2] INFO  impl.FollowerInfo (FollowerInfo.java:lambda$new$0(51)) - 64dc86e1-b58a-47fa-9209-c80a04613504@group-85515DBFC7EF->0d659ca8-8d3f-4ad5-ad2a-cdb4ab88523b: nextIndex: updateUnconditionally 4 -> 3
2019-09-17 14:55:42,471 [87bd24bf-ffb9-4c07-ac8f-086f94142b7e@group-A10EF1BAEC68-SegmentedRaftLogWorker] WARN  segmented.SegmentedRaftLogWorker (SegmentedRaftLogWorker.java:getFromFuture(90)) - Timeout 2/~
org.apache.ratis.protocol.TimeoutIOException: Timeout 10s: WriteLog:31: (t:2, i:31), STATEMACHINELOGENTRY, client-CBA6351075E1, cid=73-writeStateMachineData
	at org.apache.ratis.util.IOUtils.getFromFuture(IOUtils.java:87)
	at org.apache.ratis.server.raftlog.segmented.SegmentedRaftLogWorker$StateMachineDataPolicy.getFromFuture(SegmentedRaftLogWorker.java:87)
	at org.apache.ratis.server.raftlog.segmented.SegmentedRaftLogWorker$WriteLog.execute(SegmentedRaftLogWorker.java:477)
	at org.apache.ratis.server.raftlog.segmented.SegmentedRaftLogWorker.run(SegmentedRaftLogWorker.java:289)
	at java.lang.Thread.run(Thread.java:748)
Caused by: java.util.concurrent.TimeoutException
	at java.util.concurrent.CompletableFuture.timedGet(CompletableFuture.java:1771)
	at java.util.concurrent.CompletableFuture.get(CompletableFuture.java:1915)
	at org.apache.ratis.util.IOUtils.getFromFuture(IOUtils.java:79)
	... 4 more
2019-09-17 14:55:42,484 [55160a25-c10a-4fac-977f-ea88e555cd0f@group-A10EF1BAEC68-SegmentedRaftLogWorker] WARN  segmented.SegmentedRaftLogWorker (SegmentedRaftLogWorker.java:getFromFuture(90)) - Timeout 2/~
org.apache.ratis.protocol.TimeoutIOException: Timeout 10s: WriteLog:31: (t:2, i:31), STATEMACHINELOGENTRY, client-CBA6351075E1, cid=73-writeStateMachineData
	at org.apache.ratis.util.IOUtils.getFromFuture(IOUtils.java:87)
	at org.apache.ratis.server.raftlog.segmented.SegmentedRaftLogWorker$StateMachineDataPolicy.getFromFuture(SegmentedRaftLogWorker.java:87)
	at org.apache.ratis.server.raftlog.segmented.SegmentedRaftLogWorker$WriteLog.execute(SegmentedRaftLogWorker.java:477)
	at org.apache.ratis.server.raftlog.segmented.SegmentedRaftLogWorker.run(SegmentedRaftLogWorker.java:289)
	at java.lang.Thread.run(Thread.java:748)
Caused by: java.util.concurrent.TimeoutException
	at java.util.concurrent.CompletableFuture.timedGet(CompletableFuture.java:1771)
	at java.util.concurrent.CompletableFuture.get(CompletableFuture.java:1915)
	at org.apache.ratis.util.IOUtils.getFromFuture(IOUtils.java:79)
	... 4 more
2019-09-17 14:55:42,945 [java.util.concurrent.ThreadPoolExecutor$Worker@486b56da[State = -1, empty queue]] WARN  server.GrpcLogAppender (GrpcLogAppender.java:timeoutAppendRequest(200)) - 64dc86e1-b58a-47fa-9209-c80a04613504@group-85515DBFC7EF->296d1e6a-4d03-4625-a926-8603881e9a06-GrpcLogAppender: appendEntries Timeout, request=64dc86e1-b58a-47fa-9209-c80a04613504->296d1e6a-4d03-4625-a926-8603881e9a06#169-t2, previous=(t:2, i:20), leaderCommit=16, initializing? false, entries: <empty>
2019-09-17 14:55:42,958 [grpc-default-executor-1] WARN  server.GrpcLogAppender (LogUtils.java:warn(134)) - 64dc86e1-b58a-47fa-9209-c80a04613504@group-85515DBFC7EF->0d659ca8-8d3f-4ad5-ad2a-cdb4ab88523b-AppendLogResponseHandler: Failed appendEntries: org.apache.ratis.thirdparty.io.grpc.StatusRuntimeException: UNAVAILABLE: io exception
2019-09-17 14:55:42,958 [grpc-default-executor-1] INFO  impl.FollowerInfo (FollowerInfo.java:lambda$new$0(51)) - 64dc86e1-b58a-47fa-9209-c80a04613504@group-85515DBFC7EF->0d659ca8-8d3f-4ad5-ad2a-cdb4ab88523b: nextIndex: updateUnconditionally 3 -> 2
2019-09-17 14:55:43,446 [java.util.concurrent.ThreadPoolExecutor$Worker@486b56da[State = -1, empty queue]] WARN  server.GrpcLogAppender (GrpcLogAppender.java:timeoutAppendRequest(200)) - 64dc86e1-b58a-47fa-9209-c80a04613504@group-85515DBFC7EF->296d1e6a-4d03-4625-a926-8603881e9a06-GrpcLogAppender: appendEntries Timeout, request=64dc86e1-b58a-47fa-9209-c80a04613504->296d1e6a-4d03-4625-a926-8603881e9a06#170-t2, previous=(t:2, i:20), leaderCommit=16, initializing? false, entries: <empty>
2019-09-17 14:55:43,462 [grpc-default-executor-4] WARN  server.GrpcLogAppender (LogUtils.java:warn(134)) - 64dc86e1-b58a-47fa-9209-c80a04613504@group-85515DBFC7EF->0d659ca8-8d3f-4ad5-ad2a-cdb4ab88523b-AppendLogResponseHandler: Failed appendEntries: org.apache.ratis.thirdparty.io.grpc.StatusRuntimeException: UNAVAILABLE: io exception
2019-09-17 14:55:43,462 [grpc-default-executor-4] INFO  impl.FollowerInfo (FollowerInfo.java:lambda$new$0(51)) - 64dc86e1-b58a-47fa-9209-c80a04613504@group-85515DBFC7EF->0d659ca8-8d3f-4ad5-ad2a-cdb4ab88523b: nextIndex: updateUnconditionally 2 -> 1
2019-09-17 14:55:43,949 [java.util.concurrent.ThreadPoolExecutor$Worker@486b56da[State = -1, empty queue]] WARN  server.GrpcLogAppender (GrpcLogAppender.java:timeoutAppendRequest(200)) - 64dc86e1-b58a-47fa-9209-c80a04613504@group-85515DBFC7EF->296d1e6a-4d03-4625-a926-8603881e9a06-GrpcLogAppender: appendEntries Timeout, request=64dc86e1-b58a-47fa-9209-c80a04613504->296d1e6a-4d03-4625-a926-8603881e9a06#171-t2, previous=(t:2, i:20), leaderCommit=16, initializing? false, entries: <empty>
2019-09-17 14:55:43,962 [grpc-default-executor-2] WARN  server.GrpcLogAppender (LogUtils.java:warn(134)) - 64dc86e1-b58a-47fa-9209-c80a04613504@group-85515DBFC7EF->0d659ca8-8d3f-4ad5-ad2a-cdb4ab88523b-AppendLogResponseHandler: Failed appendEntries: org.apache.ratis.thirdparty.io.grpc.StatusRuntimeException: UNAVAILABLE: io exception
2019-09-17 14:55:43,962 [grpc-default-executor-2] INFO  impl.FollowerInfo (FollowerInfo.java:lambda$new$0(51)) - 64dc86e1-b58a-47fa-9209-c80a04613504@group-85515DBFC7EF->0d659ca8-8d3f-4ad5-ad2a-cdb4ab88523b: nextIndex: updateUnconditionally 1 -> 0
2019-09-17 14:55:44,450 [java.util.concurrent.ThreadPoolExecutor$Worker@486b56da[State = -1, empty queue]] WARN  server.GrpcLogAppender (GrpcLogAppender.java:timeoutAppendRequest(200)) - 64dc86e1-b58a-47fa-9209-c80a04613504@group-85515DBFC7EF->296d1e6a-4d03-4625-a926-8603881e9a06-GrpcLogAppender: appendEntries Timeout, request=64dc86e1-b58a-47fa-9209-c80a04613504->296d1e6a-4d03-4625-a926-8603881e9a06#172-t2, previous=(t:2, i:20), leaderCommit=16, initializing? false, entries: <empty>
2019-09-17 14:55:44,464 [grpc-default-executor-2] WARN  server.GrpcLogAppender (LogUtils.java:warn(134)) - 64dc86e1-b58a-47fa-9209-c80a04613504@group-85515DBFC7EF->0d659ca8-8d3f-4ad5-ad2a-cdb4ab88523b-AppendLogResponseHandler: Failed appendEntries: org.apache.ratis.thirdparty.io.grpc.StatusRuntimeException: UNAVAILABLE: io exception
2019-09-17 14:55:44,465 [grpc-default-executor-2] INFO  impl.FollowerInfo (FollowerInfo.java:lambda$new$0(51)) - 64dc86e1-b58a-47fa-9209-c80a04613504@group-85515DBFC7EF->0d659ca8-8d3f-4ad5-ad2a-cdb4ab88523b: nextIndex: updateUnconditionally 0 -> 0
2019-09-17 14:55:44,950 [java.util.concurrent.ThreadPoolExecutor$Worker@486b56da[State = -1, empty queue]] WARN  server.GrpcLogAppender (GrpcLogAppender.java:timeoutAppendRequest(200)) - 64dc86e1-b58a-47fa-9209-c80a04613504@group-85515DBFC7EF->296d1e6a-4d03-4625-a926-8603881e9a06-GrpcLogAppender: appendEntries Timeout, request=64dc86e1-b58a-47fa-9209-c80a04613504->296d1e6a-4d03-4625-a926-8603881e9a06#173-t2, previous=(t:2, i:20), leaderCommit=16, initializing? false, entries: <empty>
2019-09-17 14:55:44,969 [grpc-default-executor-2] WARN  server.GrpcLogAppender (LogUtils.java:warn(134)) - 64dc86e1-b58a-47fa-9209-c80a04613504@group-85515DBFC7EF->0d659ca8-8d3f-4ad5-ad2a-cdb4ab88523b-AppendLogResponseHandler: Failed appendEntries: org.apache.ratis.thirdparty.io.grpc.StatusRuntimeException: UNAVAILABLE: io exception
2019-09-17 14:55:44,969 [grpc-default-executor-2] INFO  impl.FollowerInfo (FollowerInfo.java:lambda$new$0(51)) - 64dc86e1-b58a-47fa-9209-c80a04613504@group-85515DBFC7EF->0d659ca8-8d3f-4ad5-ad2a-cdb4ab88523b: nextIndex: updateUnconditionally 0 -> 0
2019-09-17 14:55:45,450 [java.util.concurrent.ThreadPoolExecutor$Worker@486b56da[State = -1, empty queue]] WARN  server.GrpcLogAppender (GrpcLogAppender.java:timeoutAppendRequest(200)) - 64dc86e1-b58a-47fa-9209-c80a04613504@group-85515DBFC7EF->296d1e6a-4d03-4625-a926-8603881e9a06-GrpcLogAppender: appendEntries Timeout, request=64dc86e1-b58a-47fa-9209-c80a04613504->296d1e6a-4d03-4625-a926-8603881e9a06#174-t2, previous=(t:2, i:20), leaderCommit=16, initializing? false, entries: <empty>
2019-09-17 14:55:45,471 [grpc-default-executor-4] WARN  server.GrpcLogAppender (LogUtils.java:warn(134)) - 64dc86e1-b58a-47fa-9209-c80a04613504@group-85515DBFC7EF->0d659ca8-8d3f-4ad5-ad2a-cdb4ab88523b-AppendLogResponseHandler: Failed appendEntries: org.apache.ratis.thirdparty.io.grpc.StatusRuntimeException: UNAVAILABLE: io exception
2019-09-17 14:55:45,471 [grpc-default-executor-4] INFO  impl.FollowerInfo (FollowerInfo.java:lambda$new$0(51)) - 64dc86e1-b58a-47fa-9209-c80a04613504@group-85515DBFC7EF->0d659ca8-8d3f-4ad5-ad2a-cdb4ab88523b: nextIndex: updateUnconditionally 0 -> 0
2019-09-17 14:55:45,950 [java.util.concurrent.ThreadPoolExecutor$Worker@486b56da[State = -1, empty queue]] WARN  server.GrpcLogAppender (GrpcLogAppender.java:timeoutAppendRequest(200)) - 64dc86e1-b58a-47fa-9209-c80a04613504@group-85515DBFC7EF->296d1e6a-4d03-4625-a926-8603881e9a06-GrpcLogAppender: appendEntries Timeout, request=64dc86e1-b58a-47fa-9209-c80a04613504->296d1e6a-4d03-4625-a926-8603881e9a06#175-t2, previous=(t:2, i:20), leaderCommit=16, initializing? false, entries: <empty>
2019-09-17 14:55:45,958 [main] INFO  ozoneimpl.OzoneContainer (OzoneContainer.java:stop(231)) - Attempting to stop container services.
2019-09-17 14:55:45,959 [main] INFO  impl.RaftServerProxy (RaftServerProxy.java:lambda$close$4(314)) - 64dc86e1-b58a-47fa-9209-c80a04613504: close
2019-09-17 14:55:45,960 [main] INFO  impl.RaftServerImpl (RaftServerImpl.java:lambda$shutdown$3(251)) - 64dc86e1-b58a-47fa-9209-c80a04613504@group-85515DBFC7EF: shutdown
2019-09-17 14:55:45,961 [main] INFO  util.JmxRegister (JmxRegister.java:unregister(73)) - Successfully un-registered JMX Bean with object name Ratis:service=RaftServer,group=group-85515DBFC7EF,id=64dc86e1-b58a-47fa-9209-c80a04613504
2019-09-17 14:55:45,961 [main] INFO  impl.RoleInfo (RoleInfo.java:shutdownLeaderState(104)) - 64dc86e1-b58a-47fa-9209-c80a04613504: shutdown LeaderState
2019-09-17 14:55:45,968 [org.apache.ratis.server.impl.LogAppender$AppenderDaemon$$Lambda$511/63489391@5aa85827] WARN  server.GrpcLogAppender (GrpcLogAppender.java:mayWait(143)) - 64dc86e1-b58a-47fa-9209-c80a04613504@group-85515DBFC7EF->296d1e6a-4d03-4625-a926-8603881e9a06-GrpcLogAppender: Wait interrupted by java.lang.InterruptedException
2019-09-17 14:55:45,968 [main] INFO  impl.PendingRequests (PendingRequests.java:sendNotLeaderResponses(202)) - 64dc86e1-b58a-47fa-9209-c80a04613504-PendingRequests: sendNotLeaderResponses
2019-09-17 14:55:45,968 [org.apache.ratis.server.impl.LogAppender$AppenderDaemon$$Lambda$511/63489391@5a0c793a] WARN  server.GrpcLogAppender (GrpcLogAppender.java:mayWait(143)) - 64dc86e1-b58a-47fa-9209-c80a04613504@group-85515DBFC7EF->0d659ca8-8d3f-4ad5-ad2a-cdb4ab88523b-GrpcLogAppender: Wait interrupted by java.lang.InterruptedException
2019-09-17 14:55:45,969 [grpc-default-executor-4] INFO  server.GrpcServerProtocolService (GrpcServerProtocolService.java:onCompleted(113)) - 296d1e6a-4d03-4625-a926-8603881e9a06: Completed APPEND_ENTRIES, lastRequest: 64dc86e1-b58a-47fa-9209-c80a04613504->296d1e6a-4d03-4625-a926-8603881e9a06#181-t2, previous=(t:2, i:20), leaderCommit=16, initializing? false, entries: <empty>
2019-09-17 14:55:45,972 [grpc-default-executor-4] INFO  server.GrpcLogAppender (GrpcLogAppender.java:onCompleted(293)) - 64dc86e1-b58a-47fa-9209-c80a04613504@group-85515DBFC7EF->296d1e6a-4d03-4625-a926-8603881e9a06-AppendLogResponseHandler: follower responses appendEntries COMPLETED
2019-09-17 14:55:45,972 [main] INFO  impl.StateMachineUpdater (StateMachineUpdater.java:stopAndJoin(125)) - 64dc86e1-b58a-47fa-9209-c80a04613504@group-85515DBFC7EF-StateMachineUpdater: set stopIndex = 16
2019-09-17 14:55:45,973 [64dc86e1-b58a-47fa-9209-c80a04613504@group-85515DBFC7EF-StateMachineUpdater] INFO  ratis.ContainerStateMachine (ContainerStateMachine.java:takeSnapshot(289)) - group-85515DBFC7EF: Taking a snapshot at:(t:2, i:12) file /workdir/hadoop-ozone/integration-test/target/test-dir/MiniOzoneClusterImpl-845ee491-3861-4700-afca-e6762de221c3/datanode-8/data/ratis/7a1be835-dbe0-4477-9aa1-85515dbfc7ef/sm/snapshot.2_12
2019-09-17 14:55:45,973 [grpc-default-executor-4] INFO  impl.FollowerInfo (FollowerInfo.java:lambda$new$0(51)) - 64dc86e1-b58a-47fa-9209-c80a04613504@group-85515DBFC7EF->296d1e6a-4d03-4625-a926-8603881e9a06: nextIndex: updateUnconditionally 21 -> 17
2019-09-17 14:55:45,999 [64dc86e1-b58a-47fa-9209-c80a04613504@group-85515DBFC7EF-StateMachineUpdater] INFO  ratis.ContainerStateMachine (ContainerStateMachine.java:takeSnapshot(300)) - group-85515DBFC7EF: Finished taking a snapshot at:(t:2, i:12) file:/workdir/hadoop-ozone/integration-test/target/test-dir/MiniOzoneClusterImpl-845ee491-3861-4700-afca-e6762de221c3/datanode-8/data/ratis/7a1be835-dbe0-4477-9aa1-85515dbfc7ef/sm/snapshot.2_12 time:26
2019-09-17 14:55:46,000 [64dc86e1-b58a-47fa-9209-c80a04613504@group-85515DBFC7EF-StateMachineUpdater] INFO  impl.StateMachineUpdater (StateMachineUpdater.java:takeSnapshot(258)) - 64dc86e1-b58a-47fa-9209-c80a04613504@group-85515DBFC7EF-StateMachineUpdater: Took a snapshot at index 12
2019-09-17 14:55:46,000 [64dc86e1-b58a-47fa-9209-c80a04613504@group-85515DBFC7EF-StateMachineUpdater] INFO  impl.StateMachineUpdater (StateMachineUpdater.java:lambda$new$0(83)) - 64dc86e1-b58a-47fa-9209-c80a04613504@group-85515DBFC7EF-StateMachineUpdater: snapshotIndex: updateIncreasingly -1 -> 12
2019-09-17 14:55:46,001 [64dc86e1-b58a-47fa-9209-c80a04613504@group-85515DBFC7EF-StateMachineUpdater] INFO  ratis.ContainerStateMachine (ContainerStateMachine.java:takeSnapshot(289)) - group-85515DBFC7EF: Taking a snapshot at:(t:2, i:12) file /workdir/hadoop-ozone/integration-test/target/test-dir/MiniOzoneClusterImpl-845ee491-3861-4700-afca-e6762de221c3/datanode-8/data/ratis/7a1be835-dbe0-4477-9aa1-85515dbfc7ef/sm/snapshot.2_12
2019-09-17 14:55:46,013 [64dc86e1-b58a-47fa-9209-c80a04613504@group-85515DBFC7EF-StateMachineUpdater] INFO  ratis.ContainerStateMachine (ContainerStateMachine.java:takeSnapshot(300)) - group-85515DBFC7EF: Finished taking a snapshot at:(t:2, i:12) file:/workdir/hadoop-ozone/integration-test/target/test-dir/MiniOzoneClusterImpl-845ee491-3861-4700-afca-e6762de221c3/datanode-8/data/ratis/7a1be835-dbe0-4477-9aa1-85515dbfc7ef/sm/snapshot.2_12 time:12
2019-09-17 14:55:46,013 [64dc86e1-b58a-47fa-9209-c80a04613504@group-85515DBFC7EF-StateMachineUpdater] INFO  impl.StateMachineUpdater (StateMachineUpdater.java:takeSnapshot(258)) - 64dc86e1-b58a-47fa-9209-c80a04613504@group-85515DBFC7EF-StateMachineUpdater: Took a snapshot at index 12
2019-09-17 14:55:46,014 [64dc86e1-b58a-47fa-9209-c80a04613504@group-85515DBFC7EF-StateMachineUpdater] INFO  impl.StateMachineUpdater (StateMachineUpdater.java:lambda$new$0(83)) - 64dc86e1-b58a-47fa-9209-c80a04613504@group-85515DBFC7EF-StateMachineUpdater: snapshotIndex: updateIncreasingly 12 -> 12
2019-09-17 14:55:46,014 [main] INFO  impl.RaftServerImpl (ServerState.java:close(385)) - 64dc86e1-b58a-47fa-9209-c80a04613504@group-85515DBFC7EF: closes. applyIndex: 16
2019-09-17 14:55:46,017 [64dc86e1-b58a-47fa-9209-c80a04613504@group-85515DBFC7EF-SegmentedRaftLogWorker] ERROR ratis.XceiverServerRatis (XceiverServerRatis.java:triggerPipelineClose(575)) - pipeline Action CLOSE  on pipeline PipelineID=7a1be835-dbe0-4477-9aa1-85515dbfc7ef.Reason : WriteLog:19: (t:2, i:19), STATEMACHINELOGENTRY, client-30C4B51AD9D2, cid=51-writeStateMachineData interrupted.
2019-09-17 14:55:46,028 [main] INFO  segmented.SegmentedRaftLogWorker (SegmentedRaftLogWorker.java:close(228)) - 64dc86e1-b58a-47fa-9209-c80a04613504@group-85515DBFC7EF-SegmentedRaftLogWorker close()
2019-09-17 14:55:46,030 [main] INFO  impl.RaftServerImpl (RaftServerImpl.java:lambda$shutdown$3(251)) - 64dc86e1-b58a-47fa-9209-c80a04613504@group-E3F07BE7A5EB: shutdown
2019-09-17 14:55:46,031 [main] INFO  util.JmxRegister (JmxRegister.java:unregister(73)) - Successfully un-registered JMX Bean with object name Ratis:service=RaftServer,group=group-E3F07BE7A5EB,id=64dc86e1-b58a-47fa-9209-c80a04613504
2019-09-17 14:55:46,031 [main] INFO  impl.RoleInfo (RoleInfo.java:shutdownLeaderState(104)) - 64dc86e1-b58a-47fa-9209-c80a04613504: shutdown LeaderState
2019-09-17 14:55:46,032 [main] INFO  impl.PendingRequests (PendingRequests.java:sendNotLeaderResponses(202)) - 64dc86e1-b58a-47fa-9209-c80a04613504-PendingRequests: sendNotLeaderResponses
2019-09-17 14:55:46,032 [main] INFO  impl.StateMachineUpdater (StateMachineUpdater.java:stopAndJoin(125)) - 64dc86e1-b58a-47fa-9209-c80a04613504@group-E3F07BE7A5EB-StateMachineUpdater: set stopIndex = 0
2019-09-17 14:55:46,032 [main] INFO  impl.RaftServerImpl (ServerState.java:close(385)) - 64dc86e1-b58a-47fa-9209-c80a04613504@group-E3F07BE7A5EB: closes. applyIndex: 0
2019-09-17 14:55:46,033 [64dc86e1-b58a-47fa-9209-c80a04613504@group-E3F07BE7A5EB-SegmentedRaftLogWorker] INFO  segmented.SegmentedRaftLogWorker (SegmentedRaftLogWorker.java:run(313)) - 64dc86e1-b58a-47fa-9209-c80a04613504@group-E3F07BE7A5EB-SegmentedRaftLogWorker was interrupted, exiting. There are 0 tasks remaining in the queue.
2019-09-17 14:55:46,033 [main] INFO  segmented.SegmentedRaftLogWorker (SegmentedRaftLogWorker.java:close(228)) - 64dc86e1-b58a-47fa-9209-c80a04613504@group-E3F07BE7A5EB-SegmentedRaftLogWorker close()
2019-09-17 14:55:46,035 [main] INFO  server.GrpcService (GrpcService.java:closeImpl(164)) - 64dc86e1-b58a-47fa-9209-c80a04613504: shutdown server with port 41434 now
2019-09-17 14:55:46,036 [main] INFO  server.GrpcService (GrpcService.java:closeImpl(172)) - 64dc86e1-b58a-47fa-9209-c80a04613504: shutdown server with port 41434 successfully
2019-09-17 14:55:46,038 [refreshUsed-/workdir/hadoop-ozone/integration-test/target/test-dir/MiniOzoneClusterImpl-845ee491-3861-4700-afca-e6762de221c3/datanode-8/data/containers] WARN  fs.CachingGetSpaceUsed (CachingGetSpaceUsed.java:run(183)) - Thread Interrupted waiting to refresh disk information: sleep interrupted
2019-09-17 14:55:46,061 [main] INFO  utils.BackgroundService (BackgroundService.java:shutdown(148)) - Shutting down service BlockDeletingService
2019-09-17 14:55:46,066 [main] INFO  statemachine.DatanodeStateMachine (DatanodeStateMachine.java:stopDaemon(395)) - Ozone container server stopped.
2019-09-17 14:55:46,068 [main] INFO  handler.ContextHandler (ContextHandler.java:doStop(910)) - Stopped o.e.j.w.WebAppContext@512575e9{/,null,UNAVAILABLE}{/hddsDatanode}
2019-09-17 14:55:46,069 [main] INFO  server.AbstractConnector (AbstractConnector.java:doStop(318)) - Stopped ServerConnector@6f1a16fe{HTTP/1.1,[http/1.1]}{0.0.0.0:0}
2019-09-17 14:55:46,069 [main] INFO  handler.ContextHandler (ContextHandler.java:doStop(910)) - Stopped o.e.j.s.ServletContextHandler@6d11ceef{/static,jar:file:/home/user/.m2/repository/org/apache/hadoop/hadoop-hdds-container-service/0.5.0-SNAPSHOT/hadoop-hdds-container-service-0.5.0-SNAPSHOT.jar!/webapps/static,UNAVAILABLE}
2019-09-17 14:55:46,070 [main] INFO  handler.ContextHandler (ContextHandler.java:doStop(910)) - Stopped o.e.j.s.ServletContextHandler@4b74b35{/logs,file:///workdir/hadoop-ozone/integration-test/target/log,UNAVAILABLE}
2019-09-17 14:55:46,227 [ForkJoinPool.commonPool-worker-0] INFO  ozoneimpl.OzoneContainer (OzoneContainer.java:stop(231)) - Attempting to stop container services.
2019-09-17 14:55:46,227 [ForkJoinPool.commonPool-worker-0] INFO  impl.RaftServerProxy (RaftServerProxy.java:lambda$close$4(314)) - 296d1e6a-4d03-4625-a926-8603881e9a06: close
2019-09-17 14:55:46,228 [ForkJoinPool.commonPool-worker-0] INFO  impl.RaftServerImpl (RaftServerImpl.java:lambda$shutdown$3(251)) - 296d1e6a-4d03-4625-a926-8603881e9a06@group-8C78F49F91F0: shutdown
2019-09-17 14:55:46,228 [ForkJoinPool.commonPool-worker-0] INFO  util.JmxRegister (JmxRegister.java:unregister(73)) - Successfully un-registered JMX Bean with object name Ratis:service=RaftServer,group=group-8C78F49F91F0,id=296d1e6a-4d03-4625-a926-8603881e9a06
2019-09-17 14:55:46,229 [ForkJoinPool.commonPool-worker-0] INFO  impl.RoleInfo (RoleInfo.java:shutdownLeaderState(104)) - 296d1e6a-4d03-4625-a926-8603881e9a06: shutdown LeaderState
2019-09-17 14:55:46,229 [ForkJoinPool.commonPool-worker-0] INFO  impl.PendingRequests (PendingRequests.java:sendNotLeaderResponses(202)) - 296d1e6a-4d03-4625-a926-8603881e9a06-PendingRequests: sendNotLeaderResponses
2019-09-17 14:55:46,229 [ForkJoinPool.commonPool-worker-0] INFO  impl.StateMachineUpdater (StateMachineUpdater.java:stopAndJoin(125)) - 296d1e6a-4d03-4625-a926-8603881e9a06@group-8C78F49F91F0-StateMachineUpdater: set stopIndex = 0
2019-09-17 14:55:46,230 [ForkJoinPool.commonPool-worker-0] INFO  impl.RaftServerImpl (ServerState.java:close(385)) - 296d1e6a-4d03-4625-a926-8603881e9a06@group-8C78F49F91F0: closes. applyIndex: 0
2019-09-17 14:55:46,230 [296d1e6a-4d03-4625-a926-8603881e9a06@group-8C78F49F91F0-SegmentedRaftLogWorker] INFO  segmented.SegmentedRaftLogWorker (SegmentedRaftLogWorker.java:run(313)) - 296d1e6a-4d03-4625-a926-8603881e9a06@group-8C78F49F91F0-SegmentedRaftLogWorker was interrupted, exiting. There are 0 tasks remaining in the queue.
2019-09-17 14:55:46,231 [ForkJoinPool.commonPool-worker-0] INFO  segmented.SegmentedRaftLogWorker (SegmentedRaftLogWorker.java:close(228)) - 296d1e6a-4d03-4625-a926-8603881e9a06@group-8C78F49F91F0-SegmentedRaftLogWorker close()
2019-09-17 14:55:46,233 [ForkJoinPool.commonPool-worker-0] INFO  impl.RaftServerImpl (RaftServerImpl.java:lambda$shutdown$3(251)) - 296d1e6a-4d03-4625-a926-8603881e9a06@group-85515DBFC7EF: shutdown
2019-09-17 14:55:46,233 [ForkJoinPool.commonPool-worker-0] INFO  util.JmxRegister (JmxRegister.java:unregister(73)) - Successfully un-registered JMX Bean with object name Ratis:service=RaftServer,group=group-85515DBFC7EF,id=296d1e6a-4d03-4625-a926-8603881e9a06
2019-09-17 14:55:46,234 [ForkJoinPool.commonPool-worker-0] INFO  impl.RoleInfo (RoleInfo.java:shutdownFollowerState(121)) - 296d1e6a-4d03-4625-a926-8603881e9a06: shutdown FollowerState
2019-09-17 14:55:46,234 [ForkJoinPool.commonPool-worker-0] INFO  impl.StateMachineUpdater (StateMachineUpdater.java:stopAndJoin(125)) - 296d1e6a-4d03-4625-a926-8603881e9a06@group-85515DBFC7EF-StateMachineUpdater: set stopIndex = 16
2019-09-17 14:55:46,234 [296d1e6a-4d03-4625-a926-8603881e9a06@group-85515DBFC7EF-StateMachineUpdater] INFO  ratis.ContainerStateMachine (ContainerStateMachine.java:takeSnapshot(289)) - group-85515DBFC7EF: Taking a snapshot at:(t:2, i:12) file /workdir/hadoop-ozone/integration-test/target/test-dir/MiniOzoneClusterImpl-845ee491-3861-4700-afca-e6762de221c3/datanode-4/data/ratis/7a1be835-dbe0-4477-9aa1-85515dbfc7ef/sm/snapshot.2_12
2019-09-17 14:55:46,234 [Thread-434] INFO  impl.FollowerState (FollowerState.java:run(115)) - 296d1e6a-4d03-4625-a926-8603881e9a06: FollowerState was interrupted: java.lang.InterruptedException: sleep interrupted
2019-09-17 14:55:46,259 [296d1e6a-4d03-4625-a926-8603881e9a06@group-85515DBFC7EF-StateMachineUpdater] INFO  ratis.ContainerStateMachine (ContainerStateMachine.java:takeSnapshot(300)) - group-85515DBFC7EF: Finished taking a snapshot at:(t:2, i:12) file:/workdir/hadoop-ozone/integration-test/target/test-dir/MiniOzoneClusterImpl-845ee491-3861-4700-afca-e6762de221c3/datanode-4/data/ratis/7a1be835-dbe0-4477-9aa1-85515dbfc7ef/sm/snapshot.2_12 time:25
2019-09-17 14:55:46,259 [296d1e6a-4d03-4625-a926-8603881e9a06@group-85515DBFC7EF-StateMachineUpdater] INFO  impl.StateMachineUpdater (StateMachineUpdater.java:takeSnapshot(258)) - 296d1e6a-4d03-4625-a926-8603881e9a06@group-85515DBFC7EF-StateMachineUpdater: Took a snapshot at index 12
2019-09-17 14:55:46,259 [296d1e6a-4d03-4625-a926-8603881e9a06@group-85515DBFC7EF-StateMachineUpdater] INFO  impl.StateMachineUpdater (StateMachineUpdater.java:lambda$new$0(83)) - 296d1e6a-4d03-4625-a926-8603881e9a06@group-85515DBFC7EF-StateMachineUpdater: snapshotIndex: updateIncreasingly -1 -> 12
2019-09-17 14:55:46,260 [296d1e6a-4d03-4625-a926-8603881e9a06@group-85515DBFC7EF-StateMachineUpdater] INFO  ratis.ContainerStateMachine (ContainerStateMachine.java:takeSnapshot(289)) - group-85515DBFC7EF: Taking a snapshot at:(t:2, i:12) file /workdir/hadoop-ozone/integration-test/target/test-dir/MiniOzoneClusterImpl-845ee491-3861-4700-afca-e6762de221c3/datanode-4/data/ratis/7a1be835-dbe0-4477-9aa1-85515dbfc7ef/sm/snapshot.2_12
2019-09-17 14:55:46,280 [296d1e6a-4d03-4625-a926-8603881e9a06@group-85515DBFC7EF-StateMachineUpdater] INFO  ratis.ContainerStateMachine (ContainerStateMachine.java:takeSnapshot(300)) - group-85515DBFC7EF: Finished taking a snapshot at:(t:2, i:12) file:/workdir/hadoop-ozone/integration-test/target/test-dir/MiniOzoneClusterImpl-845ee491-3861-4700-afca-e6762de221c3/datanode-4/data/ratis/7a1be835-dbe0-4477-9aa1-85515dbfc7ef/sm/snapshot.2_12 time:20
2019-09-17 14:55:46,280 [296d1e6a-4d03-4625-a926-8603881e9a06@group-85515DBFC7EF-StateMachineUpdater] INFO  impl.StateMachineUpdater (StateMachineUpdater.java:takeSnapshot(258)) - 296d1e6a-4d03-4625-a926-8603881e9a06@group-85515DBFC7EF-StateMachineUpdater: Took a snapshot at index 12
2019-09-17 14:55:46,280 [296d1e6a-4d03-4625-a926-8603881e9a06@group-85515DBFC7EF-StateMachineUpdater] INFO  impl.StateMachineUpdater (StateMachineUpdater.java:lambda$new$0(83)) - 296d1e6a-4d03-4625-a926-8603881e9a06@group-85515DBFC7EF-StateMachineUpdater: snapshotIndex: updateIncreasingly 12 -> 12
2019-09-17 14:55:46,280 [ForkJoinPool.commonPool-worker-0] INFO  impl.RaftServerImpl (ServerState.java:close(385)) - 296d1e6a-4d03-4625-a926-8603881e9a06@group-85515DBFC7EF: closes. applyIndex: 16
2019-09-17 14:55:46,283 [296d1e6a-4d03-4625-a926-8603881e9a06@group-85515DBFC7EF-SegmentedRaftLogWorker] ERROR ratis.XceiverServerRatis (XceiverServerRatis.java:triggerPipelineClose(575)) - pipeline Action CLOSE  on pipeline PipelineID=7a1be835-dbe0-4477-9aa1-85515dbfc7ef.Reason : WriteLog:17: (t:2, i:17), STATEMACHINELOGENTRY, client-30C4B51AD9D2, cid=49-writeStateMachineData interrupted.
2019-09-17 14:55:46,283 [ForkJoinPool.commonPool-worker-0] INFO  segmented.SegmentedRaftLogWorker (SegmentedRaftLogWorker.java:close(228)) - 296d1e6a-4d03-4625-a926-8603881e9a06@group-85515DBFC7EF-SegmentedRaftLogWorker close()
2019-09-17 14:55:46,285 [ForkJoinPool.commonPool-worker-0] INFO  server.GrpcService (GrpcService.java:closeImpl(164)) - 296d1e6a-4d03-4625-a926-8603881e9a06: shutdown server with port 33407 now
2019-09-17 14:55:46,286 [ForkJoinPool.commonPool-worker-0] INFO  server.GrpcService (GrpcService.java:closeImpl(172)) - 296d1e6a-4d03-4625-a926-8603881e9a06: shutdown server with port 33407 successfully
2019-09-17 14:55:46,288 [refreshUsed-/workdir/hadoop-ozone/integration-test/target/test-dir/MiniOzoneClusterImpl-845ee491-3861-4700-afca-e6762de221c3/datanode-4/data/containers] WARN  fs.CachingGetSpaceUsed (CachingGetSpaceUsed.java:run(183)) - Thread Interrupted waiting to refresh disk information: sleep interrupted
2019-09-17 14:55:46,315 [ForkJoinPool.commonPool-worker-0] INFO  utils.BackgroundService (BackgroundService.java:shutdown(148)) - Shutting down service BlockDeletingService
2019-09-17 14:55:46,318 [ForkJoinPool.commonPool-worker-0] INFO  statemachine.DatanodeStateMachine (DatanodeStateMachine.java:stopDaemon(395)) - Ozone container server stopped.
2019-09-17 14:55:46,323 [ForkJoinPool.commonPool-worker-0] INFO  handler.ContextHandler (ContextHandler.java:doStop(910)) - Stopped o.e.j.w.WebAppContext@10b1a751{/,null,UNAVAILABLE}{/hddsDatanode}
2019-09-17 14:55:46,323 [ForkJoinPool.commonPool-worker-0] INFO  server.AbstractConnector (AbstractConnector.java:doStop(318)) - Stopped ServerConnector@53cf9c99{HTTP/1.1,[http/1.1]}{0.0.0.0:0}
2019-09-17 14:55:46,325 [ForkJoinPool.commonPool-worker-0] INFO  handler.ContextHandler (ContextHandler.java:doStop(910)) - Stopped o.e.j.s.ServletContextHandler@50fb33a{/static,jar:file:/home/user/.m2/repository/org/apache/hadoop/hadoop-hdds-container-service/0.5.0-SNAPSHOT/hadoop-hdds-container-service-0.5.0-SNAPSHOT.jar!/webapps/static,UNAVAILABLE}
2019-09-17 14:55:46,326 [ForkJoinPool.commonPool-worker-0] INFO  handler.ContextHandler (ContextHandler.java:doStop(910)) - Stopped o.e.j.s.ServletContextHandler@6a1d3225{/logs,file:///workdir/hadoop-ozone/integration-test/target/log,UNAVAILABLE}
2019-09-17 14:55:46,542 [Datanode State Machine Thread - 0] INFO  statemachine.DatanodeStateMachine (DatanodeStateMachine.java:lambda$startDaemon$0(350)) - Ozone container server started.
2019-09-17 14:55:51,074 [main] INFO  ozoneimpl.OzoneContainer (OzoneContainer.java:stop(231)) - Attempting to stop container services.
2019-09-17 14:55:51,077 [main] INFO  impl.RaftServerProxy (RaftServerProxy.java:lambda$close$4(314)) - 87bd24bf-ffb9-4c07-ac8f-086f94142b7e: close
2019-09-17 14:55:51,079 [main] INFO  impl.RaftServerImpl (RaftServerImpl.java:lambda$shutdown$3(251)) - 87bd24bf-ffb9-4c07-ac8f-086f94142b7e@group-A10EF1BAEC68: shutdown
2019-09-17 14:55:51,079 [main] INFO  util.JmxRegister (JmxRegister.java:unregister(73)) - Successfully un-registered JMX Bean with object name Ratis:service=RaftServer,group=group-A10EF1BAEC68,id=87bd24bf-ffb9-4c07-ac8f-086f94142b7e
2019-09-17 14:55:51,080 [main] INFO  impl.RoleInfo (RoleInfo.java:shutdownFollowerState(121)) - 87bd24bf-ffb9-4c07-ac8f-086f94142b7e: shutdown FollowerState
2019-09-17 14:55:51,081 [main] INFO  impl.StateMachineUpdater (StateMachineUpdater.java:stopAndJoin(125)) - 87bd24bf-ffb9-4c07-ac8f-086f94142b7e@group-A10EF1BAEC68-StateMachineUpdater: set stopIndex = 30
2019-09-17 14:55:51,081 [Thread-415] INFO  impl.FollowerState (FollowerState.java:run(115)) - 87bd24bf-ffb9-4c07-ac8f-086f94142b7e: FollowerState was interrupted: java.lang.InterruptedException: sleep interrupted
2019-09-17 14:55:51,081 [87bd24bf-ffb9-4c07-ac8f-086f94142b7e@group-A10EF1BAEC68-StateMachineUpdater] INFO  ratis.ContainerStateMachine (ContainerStateMachine.java:takeSnapshot(289)) - group-A10EF1BAEC68: Taking a snapshot at:(t:2, i:28) file /workdir/hadoop-ozone/integration-test/target/test-dir/MiniOzoneClusterImpl-845ee491-3861-4700-afca-e6762de221c3/datanode-0/data/ratis/a9c0be52-3882-478e-9292-a10ef1baec68/sm/snapshot.2_28
2019-09-17 14:55:51,116 [87bd24bf-ffb9-4c07-ac8f-086f94142b7e@group-A10EF1BAEC68-StateMachineUpdater] INFO  ratis.ContainerStateMachine (ContainerStateMachine.java:takeSnapshot(300)) - group-A10EF1BAEC68: Finished taking a snapshot at:(t:2, i:28) file:/workdir/hadoop-ozone/integration-test/target/test-dir/MiniOzoneClusterImpl-845ee491-3861-4700-afca-e6762de221c3/datanode-0/data/ratis/a9c0be52-3882-478e-9292-a10ef1baec68/sm/snapshot.2_28 time:36
2019-09-17 14:55:51,118 [87bd24bf-ffb9-4c07-ac8f-086f94142b7e@group-A10EF1BAEC68-StateMachineUpdater] INFO  impl.StateMachineUpdater (StateMachineUpdater.java:takeSnapshot(258)) - 87bd24bf-ffb9-4c07-ac8f-086f94142b7e@group-A10EF1BAEC68-StateMachineUpdater: Took a snapshot at index 28
2019-09-17 14:55:51,118 [87bd24bf-ffb9-4c07-ac8f-086f94142b7e@group-A10EF1BAEC68-StateMachineUpdater] INFO  impl.StateMachineUpdater (StateMachineUpdater.java:lambda$new$0(83)) - 87bd24bf-ffb9-4c07-ac8f-086f94142b7e@group-A10EF1BAEC68-StateMachineUpdater: snapshotIndex: updateIncreasingly -1 -> 28
2019-09-17 14:55:51,119 [87bd24bf-ffb9-4c07-ac8f-086f94142b7e@group-A10EF1BAEC68-StateMachineUpdater] INFO  ratis.ContainerStateMachine (ContainerStateMachine.java:takeSnapshot(289)) - group-A10EF1BAEC68: Taking a snapshot at:(t:2, i:28) file /workdir/hadoop-ozone/integration-test/target/test-dir/MiniOzoneClusterImpl-845ee491-3861-4700-afca-e6762de221c3/datanode-0/data/ratis/a9c0be52-3882-478e-9292-a10ef1baec68/sm/snapshot.2_28
2019-09-17 14:55:51,131 [87bd24bf-ffb9-4c07-ac8f-086f94142b7e@group-A10EF1BAEC68-StateMachineUpdater] INFO  ratis.ContainerStateMachine (ContainerStateMachine.java:takeSnapshot(300)) - group-A10EF1BAEC68: Finished taking a snapshot at:(t:2, i:28) file:/workdir/hadoop-ozone/integration-test/target/test-dir/MiniOzoneClusterImpl-845ee491-3861-4700-afca-e6762de221c3/datanode-0/data/ratis/a9c0be52-3882-478e-9292-a10ef1baec68/sm/snapshot.2_28 time:13
2019-09-17 14:55:51,132 [87bd24bf-ffb9-4c07-ac8f-086f94142b7e@group-A10EF1BAEC68-StateMachineUpdater] INFO  impl.StateMachineUpdater (StateMachineUpdater.java:takeSnapshot(258)) - 87bd24bf-ffb9-4c07-ac8f-086f94142b7e@group-A10EF1BAEC68-StateMachineUpdater: Took a snapshot at index 28
2019-09-17 14:55:51,132 [87bd24bf-ffb9-4c07-ac8f-086f94142b7e@group-A10EF1BAEC68-StateMachineUpdater] INFO  impl.StateMachineUpdater (StateMachineUpdater.java:lambda$new$0(83)) - 87bd24bf-ffb9-4c07-ac8f-086f94142b7e@group-A10EF1BAEC68-StateMachineUpdater: snapshotIndex: updateIncreasingly 28 -> 28
2019-09-17 14:55:51,132 [main] INFO  impl.RaftServerImpl (ServerState.java:close(385)) - 87bd24bf-ffb9-4c07-ac8f-086f94142b7e@group-A10EF1BAEC68: closes. applyIndex: 30
2019-09-17 14:55:51,140 [87bd24bf-ffb9-4c07-ac8f-086f94142b7e@group-A10EF1BAEC68-SegmentedRaftLogWorker] ERROR ratis.XceiverServerRatis (XceiverServerRatis.java:triggerPipelineClose(575)) - pipeline Action CLOSE  on pipeline PipelineID=a9c0be52-3882-478e-9292-a10ef1baec68.Reason : WriteLog:31: (t:2, i:31), STATEMACHINELOGENTRY, client-CBA6351075E1, cid=73-writeStateMachineData interrupted.
2019-09-17 14:55:51,141 [main] INFO  segmented.SegmentedRaftLogWorker (SegmentedRaftLogWorker.java:close(228)) - 87bd24bf-ffb9-4c07-ac8f-086f94142b7e@group-A10EF1BAEC68-SegmentedRaftLogWorker close()
2019-09-17 14:55:51,143 [main] INFO  impl.RaftServerImpl (RaftServerImpl.java:lambda$shutdown$3(251)) - 87bd24bf-ffb9-4c07-ac8f-086f94142b7e@group-EA0C3C784A36: shutdown
2019-09-17 14:55:51,144 [main] INFO  util.JmxRegister (JmxRegister.java:unregister(73)) - Successfully un-registered JMX Bean with object name Ratis:service=RaftServer,group=group-EA0C3C784A36,id=87bd24bf-ffb9-4c07-ac8f-086f94142b7e
2019-09-17 14:55:51,144 [main] INFO  impl.RoleInfo (RoleInfo.java:shutdownLeaderState(104)) - 87bd24bf-ffb9-4c07-ac8f-086f94142b7e: shutdown LeaderState
2019-09-17 14:55:51,144 [main] INFO  impl.PendingRequests (PendingRequests.java:sendNotLeaderResponses(202)) - 87bd24bf-ffb9-4c07-ac8f-086f94142b7e-PendingRequests: sendNotLeaderResponses
2019-09-17 14:55:51,145 [main] INFO  impl.StateMachineUpdater (StateMachineUpdater.java:stopAndJoin(125)) - 87bd24bf-ffb9-4c07-ac8f-086f94142b7e@group-EA0C3C784A36-StateMachineUpdater: set stopIndex = 0
2019-09-17 14:55:51,146 [main] INFO  impl.RaftServerImpl (ServerState.java:close(385)) - 87bd24bf-ffb9-4c07-ac8f-086f94142b7e@group-EA0C3C784A36: closes. applyIndex: 0
2019-09-17 14:55:51,147 [87bd24bf-ffb9-4c07-ac8f-086f94142b7e@group-EA0C3C784A36-SegmentedRaftLogWorker] INFO  segmented.SegmentedRaftLogWorker (SegmentedRaftLogWorker.java:run(313)) - 87bd24bf-ffb9-4c07-ac8f-086f94142b7e@group-EA0C3C784A36-SegmentedRaftLogWorker was interrupted, exiting. There are 0 tasks remaining in the queue.
2019-09-17 14:55:51,147 [main] INFO  segmented.SegmentedRaftLogWorker (SegmentedRaftLogWorker.java:close(228)) - 87bd24bf-ffb9-4c07-ac8f-086f94142b7e@group-EA0C3C784A36-SegmentedRaftLogWorker close()
2019-09-17 14:55:51,149 [main] INFO  server.GrpcService (GrpcService.java:closeImpl(164)) - 87bd24bf-ffb9-4c07-ac8f-086f94142b7e: shutdown server with port 43501 now
2019-09-17 14:55:51,151 [main] INFO  server.GrpcService (GrpcService.java:closeImpl(172)) - 87bd24bf-ffb9-4c07-ac8f-086f94142b7e: shutdown server with port 43501 successfully
2019-09-17 14:55:51,156 [refreshUsed-/workdir/hadoop-ozone/integration-test/target/test-dir/MiniOzoneClusterImpl-845ee491-3861-4700-afca-e6762de221c3/datanode-0/data/containers] WARN  fs.CachingGetSpaceUsed (CachingGetSpaceUsed.java:run(183)) - Thread Interrupted waiting to refresh disk information: sleep interrupted
2019-09-17 14:55:51,179 [main] INFO  utils.BackgroundService (BackgroundService.java:shutdown(148)) - Shutting down service BlockDeletingService
2019-09-17 14:55:51,183 [main] INFO  statemachine.DatanodeStateMachine (DatanodeStateMachine.java:stopDaemon(395)) - Ozone container server stopped.
2019-09-17 14:55:51,186 [main] INFO  handler.ContextHandler (ContextHandler.java:doStop(910)) - Stopped o.e.j.w.WebAppContext@a66e580{/,null,UNAVAILABLE}{/hddsDatanode}
2019-09-17 14:55:51,187 [main] INFO  server.AbstractConnector (AbstractConnector.java:doStop(318)) - Stopped ServerConnector@5b852b49{HTTP/1.1,[http/1.1]}{0.0.0.0:0}
2019-09-17 14:55:51,188 [main] INFO  handler.ContextHandler (ContextHandler.java:doStop(910)) - Stopped o.e.j.s.ServletContextHandler@7ff35a3f{/static,jar:file:/home/user/.m2/repository/org/apache/hadoop/hadoop-hdds-container-service/0.5.0-SNAPSHOT/hadoop-hdds-container-service-0.5.0-SNAPSHOT.jar!/webapps/static,UNAVAILABLE}
2019-09-17 14:55:51,189 [main] INFO  handler.ContextHandler (ContextHandler.java:doStop(910)) - Stopped o.e.j.s.ServletContextHandler@6d1dcdff{/logs,file:///workdir/hadoop-ozone/integration-test/target/log,UNAVAILABLE}
2019-09-17 14:55:51,540 [Datanode State Machine Thread - 0] INFO  statemachine.DatanodeStateMachine (DatanodeStateMachine.java:lambda$startDaemon$0(350)) - Ozone container server started.
2019-09-17 14:55:52,485 [55160a25-c10a-4fac-977f-ea88e555cd0f@group-A10EF1BAEC68-SegmentedRaftLogWorker] WARN  segmented.SegmentedRaftLogWorker (SegmentedRaftLogWorker.java:getFromFuture(90)) - Timeout 3/~
org.apache.ratis.protocol.TimeoutIOException: Timeout 10s: WriteLog:31: (t:2, i:31), STATEMACHINELOGENTRY, client-CBA6351075E1, cid=73-writeStateMachineData
	at org.apache.ratis.util.IOUtils.getFromFuture(IOUtils.java:87)
	at org.apache.ratis.server.raftlog.segmented.SegmentedRaftLogWorker$StateMachineDataPolicy.getFromFuture(SegmentedRaftLogWorker.java:87)
	at org.apache.ratis.server.raftlog.segmented.SegmentedRaftLogWorker$WriteLog.execute(SegmentedRaftLogWorker.java:477)
	at org.apache.ratis.server.raftlog.segmented.SegmentedRaftLogWorker.run(SegmentedRaftLogWorker.java:289)
	at java.lang.Thread.run(Thread.java:748)
Caused by: java.util.concurrent.TimeoutException
	at java.util.concurrent.CompletableFuture.timedGet(CompletableFuture.java:1771)
	at java.util.concurrent.CompletableFuture.get(CompletableFuture.java:1915)
	at org.apache.ratis.util.IOUtils.getFromFuture(IOUtils.java:79)
	... 4 more
2019-09-17 14:55:56,192 [main] INFO  ozoneimpl.OzoneContainer (OzoneContainer.java:stop(231)) - Attempting to stop container services.
2019-09-17 14:55:56,195 [main] INFO  impl.RaftServerProxy (RaftServerProxy.java:lambda$close$4(314)) - 55160a25-c10a-4fac-977f-ea88e555cd0f: close
2019-09-17 14:55:56,197 [main] INFO  impl.RaftServerImpl (RaftServerImpl.java:lambda$shutdown$3(251)) - 55160a25-c10a-4fac-977f-ea88e555cd0f@group-A10EF1BAEC68: shutdown
2019-09-17 14:55:56,197 [main] INFO  util.JmxRegister (JmxRegister.java:unregister(73)) - Successfully un-registered JMX Bean with object name Ratis:service=RaftServer,group=group-A10EF1BAEC68,id=55160a25-c10a-4fac-977f-ea88e555cd0f
2019-09-17 14:55:56,198 [main] INFO  impl.RoleInfo (RoleInfo.java:shutdownFollowerState(121)) - 55160a25-c10a-4fac-977f-ea88e555cd0f: shutdown FollowerState
2019-09-17 14:55:56,198 [main] INFO  impl.StateMachineUpdater (StateMachineUpdater.java:stopAndJoin(125)) - 55160a25-c10a-4fac-977f-ea88e555cd0f@group-A10EF1BAEC68-StateMachineUpdater: set stopIndex = 30
2019-09-17 14:55:56,199 [Thread-414] INFO  impl.FollowerState (FollowerState.java:run(115)) - 55160a25-c10a-4fac-977f-ea88e555cd0f: FollowerState was interrupted: java.lang.InterruptedException: sleep interrupted
2019-09-17 14:55:56,200 [55160a25-c10a-4fac-977f-ea88e555cd0f@group-A10EF1BAEC68-StateMachineUpdater] INFO  ratis.ContainerStateMachine (ContainerStateMachine.java:takeSnapshot(289)) - group-A10EF1BAEC68: Taking a snapshot at:(t:2, i:28) file /workdir/hadoop-ozone/integration-test/target/test-dir/MiniOzoneClusterImpl-845ee491-3861-4700-afca-e6762de221c3/datanode-1/data/ratis/a9c0be52-3882-478e-9292-a10ef1baec68/sm/snapshot.2_28
2019-09-17 14:55:56,215 [55160a25-c10a-4fac-977f-ea88e555cd0f@group-A10EF1BAEC68-StateMachineUpdater] INFO  ratis.ContainerStateMachine (ContainerStateMachine.java:takeSnapshot(300)) - group-A10EF1BAEC68: Finished taking a snapshot at:(t:2, i:28) file:/workdir/hadoop-ozone/integration-test/target/test-dir/MiniOzoneClusterImpl-845ee491-3861-4700-afca-e6762de221c3/datanode-1/data/ratis/a9c0be52-3882-478e-9292-a10ef1baec68/sm/snapshot.2_28 time:16
2019-09-17 14:55:56,216 [55160a25-c10a-4fac-977f-ea88e555cd0f@group-A10EF1BAEC68-StateMachineUpdater] INFO  impl.StateMachineUpdater (StateMachineUpdater.java:takeSnapshot(258)) - 55160a25-c10a-4fac-977f-ea88e555cd0f@group-A10EF1BAEC68-StateMachineUpdater: Took a snapshot at index 28
2019-09-17 14:55:56,216 [55160a25-c10a-4fac-977f-ea88e555cd0f@group-A10EF1BAEC68-StateMachineUpdater] INFO  impl.StateMachineUpdater (StateMachineUpdater.java:lambda$new$0(83)) - 55160a25-c10a-4fac-977f-ea88e555cd0f@group-A10EF1BAEC68-StateMachineUpdater: snapshotIndex: updateIncreasingly -1 -> 28
2019-09-17 14:55:56,217 [55160a25-c10a-4fac-977f-ea88e555cd0f@group-A10EF1BAEC68-StateMachineUpdater] INFO  ratis.ContainerStateMachine (ContainerStateMachine.java:takeSnapshot(289)) - group-A10EF1BAEC68: Taking a snapshot at:(t:2, i:28) file /workdir/hadoop-ozone/integration-test/target/test-dir/MiniOzoneClusterImpl-845ee491-3861-4700-afca-e6762de221c3/datanode-1/data/ratis/a9c0be52-3882-478e-9292-a10ef1baec68/sm/snapshot.2_28
2019-09-17 14:55:56,223 [55160a25-c10a-4fac-977f-ea88e555cd0f@group-A10EF1BAEC68-StateMachineUpdater] INFO  ratis.ContainerStateMachine (ContainerStateMachine.java:takeSnapshot(300)) - group-A10EF1BAEC68: Finished taking a snapshot at:(t:2, i:28) file:/workdir/hadoop-ozone/integration-test/target/test-dir/MiniOzoneClusterImpl-845ee491-3861-4700-afca-e6762de221c3/datanode-1/data/ratis/a9c0be52-3882-478e-9292-a10ef1baec68/sm/snapshot.2_28 time:6
2019-09-17 14:55:56,223 [55160a25-c10a-4fac-977f-ea88e555cd0f@group-A10EF1BAEC68-StateMachineUpdater] INFO  impl.StateMachineUpdater (StateMachineUpdater.java:takeSnapshot(258)) - 55160a25-c10a-4fac-977f-ea88e555cd0f@group-A10EF1BAEC68-StateMachineUpdater: Took a snapshot at index 28
2019-09-17 14:55:56,223 [55160a25-c10a-4fac-977f-ea88e555cd0f@group-A10EF1BAEC68-StateMachineUpdater] INFO  impl.StateMachineUpdater (StateMachineUpdater.java:lambda$new$0(83)) - 55160a25-c10a-4fac-977f-ea88e555cd0f@group-A10EF1BAEC68-StateMachineUpdater: snapshotIndex: updateIncreasingly 28 -> 28
2019-09-17 14:55:56,224 [main] INFO  impl.RaftServerImpl (ServerState.java:close(385)) - 55160a25-c10a-4fac-977f-ea88e555cd0f@group-A10EF1BAEC68: closes. applyIndex: 30
2019-09-17 14:55:56,230 [55160a25-c10a-4fac-977f-ea88e555cd0f@group-A10EF1BAEC68-SegmentedRaftLogWorker] ERROR ratis.XceiverServerRatis (XceiverServerRatis.java:triggerPipelineClose(575)) - pipeline Action CLOSE  on pipeline PipelineID=a9c0be52-3882-478e-9292-a10ef1baec68.Reason : WriteLog:31: (t:2, i:31), STATEMACHINELOGENTRY, client-CBA6351075E1, cid=73-writeStateMachineData interrupted.
2019-09-17 14:55:56,232 [main] INFO  segmented.SegmentedRaftLogWorker (SegmentedRaftLogWorker.java:close(228)) - 55160a25-c10a-4fac-977f-ea88e555cd0f@group-A10EF1BAEC68-SegmentedRaftLogWorker close()
2019-09-17 14:55:56,233 [main] INFO  impl.RaftServerImpl (RaftServerImpl.java:lambda$shutdown$3(251)) - 55160a25-c10a-4fac-977f-ea88e555cd0f@group-660D7BEDFB0B: shutdown
2019-09-17 14:55:56,233 [main] INFO  util.JmxRegister (JmxRegister.java:unregister(73)) - Successfully un-registered JMX Bean with object name Ratis:service=RaftServer,group=group-660D7BEDFB0B,id=55160a25-c10a-4fac-977f-ea88e555cd0f
2019-09-17 14:55:56,234 [main] INFO  impl.RoleInfo (RoleInfo.java:shutdownLeaderState(104)) - 55160a25-c10a-4fac-977f-ea88e555cd0f: shutdown LeaderState
2019-09-17 14:55:56,234 [main] INFO  impl.PendingRequests (PendingRequests.java:sendNotLeaderResponses(202)) - 55160a25-c10a-4fac-977f-ea88e555cd0f-PendingRequests: sendNotLeaderResponses
2019-09-17 14:55:56,235 [main] INFO  impl.StateMachineUpdater (StateMachineUpdater.java:stopAndJoin(125)) - 55160a25-c10a-4fac-977f-ea88e555cd0f@group-660D7BEDFB0B-StateMachineUpdater: set stopIndex = 0
2019-09-17 14:55:56,236 [main] INFO  impl.RaftServerImpl (ServerState.java:close(385)) - 55160a25-c10a-4fac-977f-ea88e555cd0f@group-660D7BEDFB0B: closes. applyIndex: 0
2019-09-17 14:55:56,236 [55160a25-c10a-4fac-977f-ea88e555cd0f@group-660D7BEDFB0B-SegmentedRaftLogWorker] INFO  segmented.SegmentedRaftLogWorker (SegmentedRaftLogWorker.java:run(313)) - 55160a25-c10a-4fac-977f-ea88e555cd0f@group-660D7BEDFB0B-SegmentedRaftLogWorker was interrupted, exiting. There are 0 tasks remaining in the queue.
2019-09-17 14:55:56,237 [main] INFO  segmented.SegmentedRaftLogWorker (SegmentedRaftLogWorker.java:close(228)) - 55160a25-c10a-4fac-977f-ea88e555cd0f@group-660D7BEDFB0B-SegmentedRaftLogWorker close()
2019-09-17 14:55:56,238 [main] INFO  server.GrpcService (GrpcService.java:closeImpl(164)) - 55160a25-c10a-4fac-977f-ea88e555cd0f: shutdown server with port 33878 now
2019-09-17 14:55:56,241 [main] INFO  server.GrpcService (GrpcService.java:closeImpl(172)) - 55160a25-c10a-4fac-977f-ea88e555cd0f: shutdown server with port 33878 successfully
2019-09-17 14:55:56,244 [refreshUsed-/workdir/hadoop-ozone/integration-test/target/test-dir/MiniOzoneClusterImpl-845ee491-3861-4700-afca-e6762de221c3/datanode-1/data/containers] WARN  fs.CachingGetSpaceUsed (CachingGetSpaceUsed.java:run(183)) - Thread Interrupted waiting to refresh disk information: sleep interrupted
2019-09-17 14:55:56,268 [main] INFO  utils.BackgroundService (BackgroundService.java:shutdown(148)) - Shutting down service BlockDeletingService
2019-09-17 14:55:56,272 [main] INFO  statemachine.DatanodeStateMachine (DatanodeStateMachine.java:stopDaemon(395)) - Ozone container server stopped.
2019-09-17 14:55:56,274 [main] INFO  handler.ContextHandler (ContextHandler.java:doStop(910)) - Stopped o.e.j.w.WebAppContext@7bc44ce8{/,null,UNAVAILABLE}{/hddsDatanode}
2019-09-17 14:55:56,275 [main] INFO  server.AbstractConnector (AbstractConnector.java:doStop(318)) - Stopped ServerConnector@59072e9d{HTTP/1.1,[http/1.1]}{0.0.0.0:0}
2019-09-17 14:55:56,275 [main] INFO  handler.ContextHandler (ContextHandler.java:doStop(910)) - Stopped o.e.j.s.ServletContextHandler@620c8641{/static,jar:file:/home/user/.m2/repository/org/apache/hadoop/hadoop-hdds-container-service/0.5.0-SNAPSHOT/hadoop-hdds-container-service-0.5.0-SNAPSHOT.jar!/webapps/static,UNAVAILABLE}
2019-09-17 14:55:56,276 [main] INFO  handler.ContextHandler (ContextHandler.java:doStop(910)) - Stopped o.e.j.s.ServletContextHandler@277b8fa4{/logs,file:///workdir/hadoop-ozone/integration-test/target/log,UNAVAILABLE}
2019-09-17 14:55:56,277 [main] INFO  ozone.MiniOzoneClusterImpl (MiniOzoneClusterImpl.java:stop(344)) - Stopping the StorageContainerManager
2019-09-17 14:55:56,278 [main] INFO  server.StorageContainerManager (StorageContainerManager.java:stop(801)) - Stopping Replication Manager Service.
2019-09-17 14:55:56,278 [main] INFO  container.ReplicationManager (ReplicationManager.java:stop(203)) - Stopping Replication Monitor Thread.
2019-09-17 14:55:56,278 [main] INFO  server.StorageContainerManager (StorageContainerManager.java:stop(808)) - Stopping Lease Manager of the command watchers
2019-09-17 14:55:56,279 [main] INFO  server.StorageContainerManager (StorageContainerManager.java:stop(815)) - Stopping datanode service RPC server
2019-09-17 14:55:56,279 [main] INFO  server.SCMDatanodeProtocolServer (SCMDatanodeProtocolServer.java:stop(367)) - Stopping the RPC server for DataNodes
2019-09-17 14:55:56,279 [main] INFO  ipc.Server (Server.java:stop(3082)) - Stopping server on 37109
2019-09-17 14:55:56,281 [IPC Server listener on 37109] INFO  ipc.Server (Server.java:run(1185)) - Stopping IPC Server listener on 37109
2019-09-17 14:55:56,282 [IPC Server Responder] INFO  ipc.Server (Server.java:run(1319)) - Stopping IPC Server Responder
2019-09-17 14:55:56,358 [SCM Heartbeat Processing Thread - 0] WARN  node.NodeStateManager (NodeStateManager.java:scheduleNextHealthCheck(646)) - Current Thread is interrupted, shutting down HB processing thread for Node Manager.
2019-09-17 14:55:56,358 [main] INFO  server.StorageContainerManager (StorageContainerManager.java:stop(823)) - Stopping block service RPC server
2019-09-17 14:55:56,359 [main] INFO  server.SCMBlockProtocolServer (SCMBlockProtocolServer.java:stop(155)) - Stopping the RPC server for Block Protocol
2019-09-17 14:55:56,359 [main] INFO  ipc.Server (Server.java:stop(3082)) - Stopping server on 43483
2019-09-17 14:55:56,361 [IPC Server listener on 43483] INFO  ipc.Server (Server.java:run(1185)) - Stopping IPC Server listener on 43483
2019-09-17 14:55:56,362 [main] INFO  server.StorageContainerManager (StorageContainerManager.java:stop(830)) - Stopping the StorageContainerLocationProtocol RPC server
2019-09-17 14:55:56,362 [IPC Server Responder] INFO  ipc.Server (Server.java:run(1319)) - Stopping IPC Server Responder
2019-09-17 14:55:56,362 [main] INFO  server.SCMClientProtocolServer (SCMClientProtocolServer.java:stop(159)) - Stopping the RPC server for Client Protocol
2019-09-17 14:55:56,362 [main] INFO  ipc.Server (Server.java:stop(3082)) - Stopping server on 33614
2019-09-17 14:55:56,364 [IPC Server listener on 33614] INFO  ipc.Server (Server.java:run(1185)) - Stopping IPC Server listener on 33614
2019-09-17 14:55:56,364 [main] INFO  server.StorageContainerManager (StorageContainerManager.java:stop(837)) - Stopping Storage Container Manager HTTP server.
2019-09-17 14:55:56,365 [IPC Server Responder] INFO  ipc.Server (Server.java:run(1319)) - Stopping IPC Server Responder
2019-09-17 14:55:56,366 [main] INFO  handler.ContextHandler (ContextHandler.java:doStop(910)) - Stopped o.e.j.w.WebAppContext@5398edd0{/,null,UNAVAILABLE}{/scm}
2019-09-17 14:55:56,366 [main] INFO  server.AbstractConnector (AbstractConnector.java:doStop(318)) - Stopped ServerConnector@3f093abe{HTTP/1.1,[http/1.1]}{0.0.0.0:0}
2019-09-17 14:55:56,367 [main] INFO  handler.ContextHandler (ContextHandler.java:doStop(910)) - Stopped o.e.j.s.ServletContextHandler@64ba3208{/static,file:///workdir/hadoop-ozone/integration-test/target/test-classes/webapps/static,UNAVAILABLE}
2019-09-17 14:55:56,367 [main] INFO  handler.ContextHandler (ContextHandler.java:doStop(910)) - Stopped o.e.j.s.ServletContextHandler@299321e2{/logs,file:///workdir/hadoop-ozone/integration-test/target/log,UNAVAILABLE}
2019-09-17 14:55:56,368 [main] INFO  server.StorageContainerManager (StorageContainerManager.java:stop(848)) - Stopping Block Manager Service.
2019-09-17 14:55:56,369 [main] INFO  utils.BackgroundService (BackgroundService.java:shutdown(148)) - Shutting down service SCMBlockDeletingService
2019-09-17 14:55:56,369 [main] INFO  utils.BackgroundService (BackgroundService.java:shutdown(148)) - Shutting down service SCMBlockDeletingService
2019-09-17 14:55:56,370 [main] INFO  server.StorageContainerManager (StorageContainerManager.java:stop(870)) - Stopping SCM Event Queue.
2019-09-17 14:55:56,379 [main] INFO  impl.MetricsSystemImpl (MetricsSystemImpl.java:stop(210)) - Stopping XceiverClientMetrics metrics system...
2019-09-17 14:55:56,390 [prometheus] INFO  impl.MetricsSinkAdapter (MetricsSinkAdapter.java:publishMetricsFromQueue(141)) - prometheus thread interrupted.
2019-09-17 14:55:56,391 [main] INFO  impl.MetricsSystemImpl (MetricsSystemImpl.java:stop(216)) - XceiverClientMetrics metrics system stopped.
]]></system-out>
    <system-err><![CDATA[ERROR StatusLogger No Log4j 2 configuration file found. Using default configuration (logging only errors to the console), or user programmatically provided configurations. Set system property 'log4j2.debug' to show Log4j 2 internal initialization logging. See https://logging.apache.org/log4j/2.x/manual/configuration.html for instructions on how to configure Log4j 2
Sep 17, 2019 2:55:35 PM org.apache.ratis.thirdparty.io.grpc.internal.SerializingExecutor run
SEVERE: Exception while executing runnable org.apache.ratis.thirdparty.io.grpc.internal.ServerImpl$JumpToApplicationThreadServerStreamListener$1Closed@39e2b8f3
org.apache.ratis.thirdparty.io.grpc.StatusRuntimeException: CANCELLED: call already cancelled
	at org.apache.ratis.thirdparty.io.grpc.Status.asRuntimeException(Status.java:517)
	at org.apache.ratis.thirdparty.io.grpc.stub.ServerCalls$ServerCallStreamObserverImpl.onCompleted(ServerCalls.java:356)
	at org.apache.ratis.grpc.server.GrpcServerProtocolService$ServerRequestStreamObserver.onError(GrpcServerProtocolService.java:121)
	at org.apache.ratis.thirdparty.io.grpc.stub.ServerCalls$StreamingServerCallHandler$StreamingServerCallListener.onCancel(ServerCalls.java:269)
	at org.apache.ratis.thirdparty.io.grpc.internal.ServerCallImpl$ServerStreamListenerImpl.closed(ServerCallImpl.java:293)
	at org.apache.ratis.thirdparty.io.grpc.internal.ServerImpl$JumpToApplicationThreadServerStreamListener$1Closed.runInContext(ServerImpl.java:741)
	at org.apache.ratis.thirdparty.io.grpc.internal.ContextRunnable.run(ContextRunnable.java:37)
	at org.apache.ratis.thirdparty.io.grpc.internal.SerializingExecutor.run(SerializingExecutor.java:123)
	at java.util.concurrent.ThreadPoolExecutor.runWorker(ThreadPoolExecutor.java:1149)
	at java.util.concurrent.ThreadPoolExecutor$Worker.run(ThreadPoolExecutor.java:624)
	at java.lang.Thread.run(Thread.java:748)

]]></system-err>
  </testcase>
  <testcase name="testMultiBlockWritesWithDnFailures" classname="org.apache.hadoop.ozone.client.rpc.TestMultiBlockWritesWithDnFailures" time="49.579"/>
</testsuite>