<?xml version="1.0" encoding="UTF-8"?>
<testsuite xmlns:xsi="http://www.w3.org/2001/XMLSchema-instance" xsi:noNamespaceSchemaLocation="https://maven.apache.org/surefire/maven-surefire-plugin/xsd/surefire-test-report.xsd" name="org.apache.hadoop.ozone.client.rpc.TestBlockOutputStream" time="423.735" tests="6" errors="0" skipped="0" failures="2">
  <properties>
    <property name="awt.toolkit" value="sun.awt.X11.XToolkit"/>
    <property name="file.encoding.pkg" value="sun.io"/>
    <property name="java.specification.version" value="1.8"/>
    <property name="sun.cpu.isalist" value=""/>
    <property name="sun.jnu.encoding" value="UTF-8"/>
    <property name="java.class.path" value="/workdir/hadoop-ozone/integration-test/target/test-classes:/workdir/hadoop-ozone/integration-test/target/classes:/home/user/.m2/repository/org/apache/hadoop/hadoop-ozone-common/0.5.0-SNAPSHOT/hadoop-ozone-common-0.5.0-SNAPSHOT.jar:/home/user/.m2/repository/org/apache/commons/commons-compress/1.4.1/commons-compress-1.4.1.jar:/home/user/.m2/repository/org/tukaani/xz/1.0/xz-1.0.jar:/home/user/.m2/repository/org/apache/hadoop/hadoop-common/3.2.0/hadoop-common-3.2.0.jar:/home/user/.m2/repository/org/apache/hadoop/hadoop-hdfs/3.2.0/hadoop-hdfs-3.2.0.jar:/home/user/.m2/repository/org/apache/hadoop/hadoop-hdfs-client/3.2.0/hadoop-hdfs-client-3.2.0.jar:/home/user/.m2/repository/com/fasterxml/jackson/core/jackson-annotations/2.9.5/jackson-annotations-2.9.5.jar:/home/user/.m2/repository/org/apache/hadoop/hadoop-hdds-common/0.5.0-SNAPSHOT/hadoop-hdds-common-0.5.0-SNAPSHOT.jar:/home/user/.m2/repository/javax/annotation/javax.annotation-api/1.2/javax.annotation-api-1.2.jar:/home/user/.m2/repository/org/apache/ratis/ratis-server/0.4.0-78e95b9-SNAPSHOT/ratis-server-0.4.0-78e95b9-SNAPSHOT.jar:/home/user/.m2/repository/org/apache/ratis/ratis-thirdparty-misc/0.2.0/ratis-thirdparty-misc-0.2.0.jar:/home/user/.m2/repository/org/apache/ratis/ratis-proto/0.4.0-78e95b9-SNAPSHOT/ratis-proto-0.4.0-78e95b9-SNAPSHOT.jar:/home/user/.m2/repository/org/apache/ratis/ratis-common/0.4.0-78e95b9-SNAPSHOT/ratis-common-0.4.0-78e95b9-SNAPSHOT.jar:/home/user/.m2/repository/org/apache/ratis/ratis-client/0.4.0-78e95b9-SNAPSHOT/ratis-client-0.4.0-78e95b9-SNAPSHOT.jar:/home/user/.m2/repository/org/apache/ratis/ratis-metrics/0.4.0-78e95b9-SNAPSHOT/ratis-metrics-0.4.0-78e95b9-SNAPSHOT.jar:/home/user/.m2/repository/com/github/joshelser/dropwizard-metrics-hadoop-metrics2-reporter/0.1.2/dropwizard-metrics-hadoop-metrics2-reporter-0.1.2.jar:/home/user/.m2/repository/io/dropwizard/metrics/metrics-jvm/3.2.5/metrics-jvm-3.2.5.jar:/home/user/.m2/repository/io/dropwizard/metrics/metrics-ganglia/3.2.5/metrics-ganglia-3.2.5.jar:/home/user/.m2/repository/info/ganglia/gmetric4j/gmetric4j/1.0.7/gmetric4j-1.0.7.jar:/home/user/.m2/repository/org/apache/ratis/ratis-netty/0.4.0-78e95b9-SNAPSHOT/ratis-netty-0.4.0-78e95b9-SNAPSHOT.jar:/home/user/.m2/repository/org/apache/ratis/ratis-grpc/0.4.0-78e95b9-SNAPSHOT/ratis-grpc-0.4.0-78e95b9-SNAPSHOT.jar:/home/user/.m2/repository/org/rocksdb/rocksdbjni/6.0.1/rocksdbjni-6.0.1.jar:/home/user/.m2/repository/org/apache/logging/log4j/log4j-api/2.11.0/log4j-api-2.11.0.jar:/home/user/.m2/repository/org/apache/logging/log4j/log4j-core/2.11.0/log4j-core-2.11.0.jar:/home/user/.m2/repository/com/lmax/disruptor/3.4.2/disruptor-3.4.2.jar:/home/user/.m2/repository/org/apache/commons/commons-pool2/2.6.0/commons-pool2-2.6.0.jar:/home/user/.m2/repository/org/bouncycastle/bcpkix-jdk15on/1.60/bcpkix-jdk15on-1.60.jar:/home/user/.m2/repository/commons-validator/commons-validator/1.6/commons-validator-1.6.jar:/home/user/.m2/repository/commons-digester/commons-digester/1.8.1/commons-digester-1.8.1.jar:/home/user/.m2/repository/io/jaegertracing/jaeger-client/0.33.1/jaeger-client-0.33.1.jar:/home/user/.m2/repository/io/jaegertracing/jaeger-thrift/0.33.1/jaeger-thrift-0.33.1.jar:/home/user/.m2/repository/org/apache/thrift/libthrift/0.11.0/libthrift-0.11.0.jar:/home/user/.m2/repository/com/squareup/okhttp3/okhttp/3.9.0/okhttp-3.9.0.jar:/home/user/.m2/repository/com/squareup/okio/okio/1.13.0/okio-1.13.0.jar:/home/user/.m2/repository/io/jaegertracing/jaeger-core/0.33.1/jaeger-core-0.33.1.jar:/home/user/.m2/repository/io/jaegertracing/jaeger-tracerresolver/0.33.1/jaeger-tracerresolver-0.33.1.jar:/home/user/.m2/repository/io/opentracing/contrib/opentracing-tracerresolver/0.1.5/opentracing-tracerresolver-0.1.5.jar:/home/user/.m2/repository/io/opentracing/opentracing-util/0.31.0/opentracing-util-0.31.0.jar:/home/user/.m2/repository/io/opentracing/opentracing-api/0.31.0/opentracing-api-0.31.0.jar:/home/user/.m2/repository/io/opentracing/opentracing-noop/0.31.0/opentracing-noop-0.31.0.jar:/home/user/.m2/repository/org/apache/hadoop/hadoop-hdds-server-framework/0.5.0-SNAPSHOT/hadoop-hdds-server-framework-0.5.0-SNAPSHOT.jar:/home/user/.m2/repository/org/apache/hadoop/hadoop-hdds-container-service/0.5.0-SNAPSHOT/hadoop-hdds-container-service-0.5.0-SNAPSHOT.jar:/home/user/.m2/repository/org/apache/hadoop/hadoop-hdds-client/0.5.0-SNAPSHOT/hadoop-hdds-client-0.5.0-SNAPSHOT.jar:/home/user/.m2/repository/org/apache/hadoop/hadoop-hdds-tools/0.5.0-SNAPSHOT/hadoop-hdds-tools-0.5.0-SNAPSHOT.jar:/home/user/.m2/repository/org/apache/hadoop/hadoop-hdds-server-scm/0.5.0-SNAPSHOT/hadoop-hdds-server-scm-0.5.0-SNAPSHOT.jar:/home/user/.m2/repository/org/apache/hadoop/hadoop-hdds-docs/0.5.0-SNAPSHOT/hadoop-hdds-docs-0.5.0-SNAPSHOT.jar:/home/user/.m2/repository/io/dropwizard/metrics/metrics-core/3.2.4/metrics-core-3.2.4.jar:/home/user/.m2/repository/org/hamcrest/hamcrest-all/1.3/hamcrest-all-1.3.jar:/home/user/.m2/repository/org/bouncycastle/bcprov-jdk15on/1.60/bcprov-jdk15on-1.60.jar:/home/user/.m2/repository/info/picocli/picocli/3.9.6/picocli-3.9.6.jar:/home/user/.m2/repository/com/google/protobuf/protobuf-java/2.5.0/protobuf-java-2.5.0.jar:/home/user/.m2/repository/com/google/guava/guava/11.0.2/guava-11.0.2.jar:/home/user/.m2/repository/org/apache/hadoop/hadoop-ozone-ozone-manager/0.5.0-SNAPSHOT/hadoop-ozone-ozone-manager-0.5.0-SNAPSHOT.jar:/home/user/.m2/repository/org/apache/hadoop/hadoop-minikdc/3.2.0/hadoop-minikdc-3.2.0.jar:/home/user/.m2/repository/commons-io/commons-io/2.5/commons-io-2.5.jar:/home/user/.m2/repository/org/apache/kerby/kerb-simplekdc/1.0.1/kerb-simplekdc-1.0.1.jar:/home/user/.m2/repository/org/apache/kerby/kerb-client/1.0.1/kerb-client-1.0.1.jar:/home/user/.m2/repository/org/apache/kerby/kerby-config/1.0.1/kerby-config-1.0.1.jar:/home/user/.m2/repository/org/apache/kerby/kerb-core/1.0.1/kerb-core-1.0.1.jar:/home/user/.m2/repository/org/apache/kerby/kerby-pkix/1.0.1/kerby-pkix-1.0.1.jar:/home/user/.m2/repository/org/apache/kerby/kerby-asn1/1.0.1/kerby-asn1-1.0.1.jar:/home/user/.m2/repository/org/apache/kerby/kerby-util/1.0.1/kerby-util-1.0.1.jar:/home/user/.m2/repository/org/apache/kerby/kerb-common/1.0.1/kerb-common-1.0.1.jar:/home/user/.m2/repository/org/apache/kerby/kerb-crypto/1.0.1/kerb-crypto-1.0.1.jar:/home/user/.m2/repository/org/apache/kerby/kerb-util/1.0.1/kerb-util-1.0.1.jar:/home/user/.m2/repository/org/apache/kerby/token-provider/1.0.1/token-provider-1.0.1.jar:/home/user/.m2/repository/org/apache/kerby/kerb-admin/1.0.1/kerb-admin-1.0.1.jar:/home/user/.m2/repository/org/apache/kerby/kerb-server/1.0.1/kerb-server-1.0.1.jar:/home/user/.m2/repository/org/apache/kerby/kerb-identity/1.0.1/kerb-identity-1.0.1.jar:/home/user/.m2/repository/org/apache/kerby/kerby-xdr/1.0.1/kerby-xdr-1.0.1.jar:/home/user/.m2/repository/org/slf4j/slf4j-log4j12/1.7.25/slf4j-log4j12-1.7.25.jar:/home/user/.m2/repository/org/apache/hadoop/hadoop-ozone-s3gateway/0.5.0-SNAPSHOT/hadoop-ozone-s3gateway-0.5.0-SNAPSHOT.jar:/home/user/.m2/repository/org/jboss/weld/servlet/weld-servlet/2.4.7.Final/weld-servlet-2.4.7.Final.jar:/home/user/.m2/repository/org/glassfish/jersey/containers/jersey-container-servlet-core/2.27/jersey-container-servlet-core-2.27.jar:/home/user/.m2/repository/org/glassfish/hk2/external/javax.inject/2.5.0-b42/javax.inject-2.5.0-b42.jar:/home/user/.m2/repository/org/glassfish/jersey/core/jersey-common/2.27/jersey-common-2.27.jar:/home/user/.m2/repository/org/glassfish/hk2/osgi-resource-locator/1.0.1/osgi-resource-locator-1.0.1.jar:/home/user/.m2/repository/javax/ws/rs/javax.ws.rs-api/2.1/javax.ws.rs-api-2.1.jar:/home/user/.m2/repository/org/glassfish/jersey/ext/cdi/jersey-cdi1x/2.27/jersey-cdi1x-2.27.jar:/home/user/.m2/repository/org/glassfish/jersey/inject/jersey-hk2/2.27/jersey-hk2-2.27.jar:/home/user/.m2/repository/org/glassfish/hk2/hk2-locator/2.5.0-b42/hk2-locator-2.5.0-b42.jar:/home/user/.m2/repository/org/javassist/javassist/3.22.0-CR2/javassist-3.22.0-CR2.jar:/home/user/.m2/repository/org/glassfish/hk2/hk2-api/2.5.0/hk2-api-2.5.0.jar:/home/user/.m2/repository/org/glassfish/hk2/external/jakarta.inject/2.5.0/jakarta.inject-2.5.0.jar:/home/user/.m2/repository/org/glassfish/hk2/hk2-utils/2.5.0/hk2-utils-2.5.0.jar:/home/user/.m2/repository/jakarta/annotation/jakarta.annotation-api/1.3.4/jakarta.annotation-api-1.3.4.jar:/home/user/.m2/repository/org/glassfish/hk2/external/aopalliance-repackaged/2.5.0/aopalliance-repackaged-2.5.0.jar:/home/user/.m2/repository/com/fasterxml/jackson/dataformat/jackson-dataformat-xml/2.9.0/jackson-dataformat-xml-2.9.0.jar:/home/user/.m2/repository/com/fasterxml/jackson/core/jackson-core/2.9.5/jackson-core-2.9.5.jar:/home/user/.m2/repository/com/fasterxml/jackson/module/jackson-module-jaxb-annotations/2.9.5/jackson-module-jaxb-annotations-2.9.5.jar:/home/user/.m2/repository/javax/enterprise/cdi-api/1.2/cdi-api-1.2.jar:/home/user/.m2/repository/javax/el/javax.el-api/3.0.0/javax.el-api-3.0.0.jar:/home/user/.m2/repository/javax/interceptor/javax.interceptor-api/1.2/javax.interceptor-api-1.2.jar:/home/user/.m2/repository/javax/inject/javax.inject/1/javax.inject-1.jar:/home/user/.m2/repository/com/sun/xml/bind/jaxb-impl/2.3.0.1/jaxb-impl-2.3.0.1.jar:/home/user/.m2/repository/com/sun/xml/bind/jaxb-core/2.3.0.1/jaxb-core-2.3.0.1.jar:/home/user/.m2/repository/javax/xml/bind/jaxb-api/2.3.0/jaxb-api-2.3.0.jar:/home/user/.m2/repository/javax/activation/activation/1.1.1/activation-1.1.1.jar:/home/user/.m2/repository/org/apache/hadoop/hadoop-ozone-csi/0.5.0-SNAPSHOT/hadoop-ozone-csi-0.5.0-SNAPSHOT.jar:/home/user/.m2/repository/com/google/protobuf/protobuf-java-util/3.5.1/protobuf-java-util-3.5.1.jar:/home/user/.m2/repository/org/apache/hadoop/hadoop-hdds-config/0.5.0-SNAPSHOT/hadoop-hdds-config-0.5.0-SNAPSHOT.jar:/home/user/.m2/repository/io/grpc/grpc-netty/1.17.1/grpc-netty-1.17.1.jar:/home/user/.m2/repository/io/grpc/grpc-core/1.17.1/grpc-core-1.17.1.jar:/home/user/.m2/repository/io/grpc/grpc-context/1.17.1/grpc-context-1.17.1.jar:/home/user/.m2/repository/com/google/errorprone/error_prone_annotations/2.2.0/error_prone_annotations-2.2.0.jar:/home/user/.m2/repository/org/codehaus/mojo/animal-sniffer-annotations/1.17/animal-sniffer-annotations-1.17.jar:/home/user/.m2/repository/io/opencensus/opencensus-api/0.17.0/opencensus-api-0.17.0.jar:/home/user/.m2/repository/io/opencensus/opencensus-contrib-grpc-metrics/0.17.0/opencensus-contrib-grpc-metrics-0.17.0.jar:/home/user/.m2/repository/io/netty/netty-codec-http2/4.1.30.Final/netty-codec-http2-4.1.30.Final.jar:/home/user/.m2/repository/io/netty/netty-codec-http/4.1.30.Final/netty-codec-http-4.1.30.Final.jar:/home/user/.m2/repository/io/netty/netty-codec/4.1.30.Final/netty-codec-4.1.30.Final.jar:/home/user/.m2/repository/io/netty/netty-handler/4.1.30.Final/netty-handler-4.1.30.Final.jar:/home/user/.m2/repository/io/netty/netty-handler-proxy/4.1.30.Final/netty-handler-proxy-4.1.30.Final.jar:/home/user/.m2/repository/io/netty/netty-codec-socks/4.1.30.Final/netty-codec-socks-4.1.30.Final.jar:/home/user/.m2/repository/io/netty/netty-transport-native-epoll/4.1.30.Final/netty-transport-native-epoll-4.1.30.Final.jar:/home/user/.m2/repository/io/netty/netty-common/4.1.30.Final/netty-common-4.1.30.Final.jar:/home/user/.m2/repository/io/netty/netty-buffer/4.1.30.Final/netty-buffer-4.1.30.Final.jar:/home/user/.m2/repository/io/netty/netty-transport/4.1.30.Final/netty-transport-4.1.30.Final.jar:/home/user/.m2/repository/io/netty/netty-resolver/4.1.30.Final/netty-resolver-4.1.30.Final.jar:/home/user/.m2/repository/io/netty/netty-transport-native-unix-common/4.1.30.Final/netty-transport-native-unix-common-4.1.30.Final.jar:/home/user/.m2/repository/io/grpc/grpc-protobuf/1.17.1/grpc-protobuf-1.17.1.jar:/home/user/.m2/repository/com/google/api/grpc/proto-google-common-protos/1.0.0/proto-google-common-protos-1.0.0.jar:/home/user/.m2/repository/io/grpc/grpc-protobuf-lite/1.17.1/grpc-protobuf-lite-1.17.1.jar:/home/user/.m2/repository/io/grpc/grpc-stub/1.17.1/grpc-stub-1.17.1.jar:/home/user/.m2/repository/org/apache/hadoop/hadoop-ozone-recon/0.5.0-SNAPSHOT/hadoop-ozone-recon-0.5.0-SNAPSHOT.jar:/home/user/.m2/repository/org/apache/hadoop/hadoop-ozone-reconcodegen/0.5.0-SNAPSHOT/hadoop-ozone-reconcodegen-0.5.0-SNAPSHOT.jar:/home/user/.m2/repository/com/google/inject/extensions/guice-multibindings/4.0/guice-multibindings-4.0.jar:/home/user/.m2/repository/com/google/inject/guice/4.0/guice-4.0.jar:/home/user/.m2/repository/aopalliance/aopalliance/1.0/aopalliance-1.0.jar:/home/user/.m2/repository/com/google/inject/extensions/guice-servlet/4.0/guice-servlet-4.0.jar:/home/user/.m2/repository/org/glassfish/jersey/containers/jersey-container-servlet/2.27/jersey-container-servlet-2.27.jar:/home/user/.m2/repository/org/glassfish/hk2/guice-bridge/2.5.0/guice-bridge-2.5.0.jar:/home/user/.m2/repository/org/glassfish/jersey/core/jersey-server/2.27/jersey-server-2.27.jar:/home/user/.m2/repository/org/glassfish/jersey/core/jersey-client/2.27/jersey-client-2.27.jar:/home/user/.m2/repository/org/glassfish/jersey/media/jersey-media-jaxb/2.27/jersey-media-jaxb-2.27.jar:/home/user/.m2/repository/javax/validation/validation-api/1.1.0.Final/validation-api-1.1.0.Final.jar:/home/user/.m2/repository/org/glassfish/jersey/media/jersey-media-json-jackson/2.27/jersey-media-json-jackson-2.27.jar:/home/user/.m2/repository/org/glassfish/jersey/ext/jersey-entity-filtering/2.27/jersey-entity-filtering-2.27.jar:/home/user/.m2/repository/com/google/inject/extensions/guice-assistedinject/4.0/guice-assistedinject-4.0.jar:/home/user/.m2/repository/org/jooq/jooq/3.11.10/jooq-3.11.10.jar:/home/user/.m2/repository/org/jooq/jooq-meta/3.11.10/jooq-meta-3.11.10.jar:/home/user/.m2/repository/org/jooq/jooq-codegen/3.11.10/jooq-codegen-3.11.10.jar:/home/user/.m2/repository/com/jolbox/bonecp/0.8.0.RELEASE/bonecp-0.8.0.RELEASE.jar:/home/user/.m2/repository/org/xerial/sqlite-jdbc/3.25.2/sqlite-jdbc-3.25.2.jar:/home/user/.m2/repository/org/springframework/spring-jdbc/5.1.3.RELEASE/spring-jdbc-5.1.3.RELEASE.jar:/home/user/.m2/repository/org/springframework/spring-beans/5.1.3.RELEASE/spring-beans-5.1.3.RELEASE.jar:/home/user/.m2/repository/org/springframework/spring-core/5.1.3.RELEASE/spring-core-5.1.3.RELEASE.jar:/home/user/.m2/repository/org/springframework/spring-jcl/5.1.3.RELEASE/spring-jcl-5.1.3.RELEASE.jar:/home/user/.m2/repository/org/springframework/spring-tx/5.1.3.RELEASE/spring-tx-5.1.3.RELEASE.jar:/home/user/.m2/repository/org/apache/hadoop/hadoop-ozone-client/0.5.0-SNAPSHOT/hadoop-ozone-client-0.5.0-SNAPSHOT.jar:/home/user/.m2/repository/commons-lang/commons-lang/2.6/commons-lang-2.6.jar:/home/user/.m2/repository/org/apache/hadoop/hadoop-ozone-ozone-manager/0.5.0-SNAPSHOT/hadoop-ozone-ozone-manager-0.5.0-SNAPSHOT-tests.jar:/home/user/.m2/repository/junit/junit/4.11/junit-4.11.jar:/home/user/.m2/repository/org/hamcrest/hamcrest-core/1.3/hamcrest-core-1.3.jar:/home/user/.m2/repository/org/openjdk/jmh/jmh-core/1.19/jmh-core-1.19.jar:/home/user/.m2/repository/net/sf/jopt-simple/jopt-simple/4.6/jopt-simple-4.6.jar:/home/user/.m2/repository/org/apache/commons/commons-math3/3.1.1/commons-math3-3.1.1.jar:/home/user/.m2/repository/org/openjdk/jmh/jmh-generator-annprocess/1.19/jmh-generator-annprocess-1.19.jar:/home/user/.m2/repository/org/mockito/mockito-all/1.8.5/mockito-all-1.8.5.jar:/home/user/.m2/repository/org/apache/hadoop/hadoop-kms/3.2.0/hadoop-kms-3.2.0.jar:/home/user/.m2/repository/org/apache/hadoop/hadoop-auth/3.2.0/hadoop-auth-3.2.0.jar:/home/user/.m2/repository/com/nimbusds/nimbus-jose-jwt/4.41.1/nimbus-jose-jwt-4.41.1.jar:/home/user/.m2/repository/com/github/stephenc/jcip/jcip-annotations/1.0-1/jcip-annotations-1.0-1.jar:/home/user/.m2/repository/net/minidev/json-smart/2.3/json-smart-2.3.jar:/home/user/.m2/repository/net/minidev/accessors-smart/1.2/accessors-smart-1.2.jar:/home/user/.m2/repository/org/ow2/asm/asm/5.0.4/asm-5.0.4.jar:/home/user/.m2/repository/org/apache/curator/curator-framework/2.12.0/curator-framework-2.12.0.jar:/home/user/.m2/repository/com/sun/jersey/jersey-core/1.19/jersey-core-1.19.jar:/home/user/.m2/repository/javax/ws/rs/jsr311-api/1.1.1/jsr311-api-1.1.1.jar:/home/user/.m2/repository/com/sun/jersey/jersey-server/1.19/jersey-server-1.19.jar:/home/user/.m2/repository/javax/servlet/javax.servlet-api/3.1.0/javax.servlet-api-3.1.0.jar:/home/user/.m2/repository/org/eclipse/jetty/jetty-server/9.3.24.v20180605/jetty-server-9.3.24.v20180605.jar:/home/user/.m2/repository/org/eclipse/jetty/jetty-http/9.3.24.v20180605/jetty-http-9.3.24.v20180605.jar:/home/user/.m2/repository/org/eclipse/jetty/jetty-io/9.3.24.v20180605/jetty-io-9.3.24.v20180605.jar:/home/user/.m2/repository/org/eclipse/jetty/jetty-webapp/9.3.24.v20180605/jetty-webapp-9.3.24.v20180605.jar:/home/user/.m2/repository/org/eclipse/jetty/jetty-xml/9.3.24.v20180605/jetty-xml-9.3.24.v20180605.jar:/home/user/.m2/repository/log4j/log4j/1.2.17/log4j-1.2.17.jar:/home/user/.m2/repository/org/slf4j/slf4j-api/1.7.25/slf4j-api-1.7.25.jar:/home/user/.m2/repository/org/slf4j/jul-to-slf4j/1.7.25/jul-to-slf4j-1.7.25.jar:/home/user/.m2/repository/org/eclipse/jetty/jetty-util/9.3.24.v20180605/jetty-util-9.3.24.v20180605.jar:/home/user/.m2/repository/com/fasterxml/jackson/core/jackson-databind/2.9.5/jackson-databind-2.9.5.jar:/home/user/.m2/repository/org/apache/hadoop/hadoop-kms/3.2.0/hadoop-kms-3.2.0-tests.jar:/home/user/.m2/repository/org/apache/hadoop/hadoop-hdds-server-scm/0.5.0-SNAPSHOT/hadoop-hdds-server-scm-0.5.0-SNAPSHOT-tests.jar:/home/user/.m2/repository/org/apache/hadoop/hadoop-hdds-container-service/0.5.0-SNAPSHOT/hadoop-hdds-container-service-0.5.0-SNAPSHOT-tests.jar:/home/user/.m2/repository/org/yaml/snakeyaml/1.16/snakeyaml-1.16.jar:/home/user/.m2/repository/org/apache/hadoop/hadoop-common/3.2.0/hadoop-common-3.2.0-tests.jar:/home/user/.m2/repository/org/apache/hadoop/hadoop-annotations/3.2.0/hadoop-annotations-3.2.0.jar:/usr/lib/jvm/java-1.8-openjdk/jre/../lib/tools.jar:/home/user/.m2/repository/commons-cli/commons-cli/1.2/commons-cli-1.2.jar:/home/user/.m2/repository/org/apache/httpcomponents/httpclient/4.5.2/httpclient-4.5.2.jar:/home/user/.m2/repository/org/apache/httpcomponents/httpcore/4.4.4/httpcore-4.4.4.jar:/home/user/.m2/repository/commons-codec/commons-codec/1.11/commons-codec-1.11.jar:/home/user/.m2/repository/commons-net/commons-net/3.6/commons-net-3.6.jar:/home/user/.m2/repository/commons-collections/commons-collections/3.2.2/commons-collections-3.2.2.jar:/home/user/.m2/repository/org/eclipse/jetty/jetty-servlet/9.3.24.v20180605/jetty-servlet-9.3.24.v20180605.jar:/home/user/.m2/repository/org/eclipse/jetty/jetty-security/9.3.24.v20180605/jetty-security-9.3.24.v20180605.jar:/home/user/.m2/repository/javax/servlet/jsp/jsp-api/2.1/jsp-api-2.1.jar:/home/user/.m2/repository/com/sun/jersey/jersey-servlet/1.19/jersey-servlet-1.19.jar:/home/user/.m2/repository/com/sun/jersey/jersey-json/1.19/jersey-json-1.19.jar:/home/user/.m2/repository/org/codehaus/jettison/jettison/1.1/jettison-1.1.jar:/home/user/.m2/repository/org/codehaus/jackson/jackson-core-asl/1.9.13/jackson-core-asl-1.9.13.jar:/home/user/.m2/repository/org/codehaus/jackson/jackson-mapper-asl/1.9.13/jackson-mapper-asl-1.9.13.jar:/home/user/.m2/repository/org/codehaus/jackson/jackson-jaxrs/1.9.13/jackson-jaxrs-1.9.13.jar:/home/user/.m2/repository/org/codehaus/jackson/jackson-xc/1.9.13/jackson-xc-1.9.13.jar:/home/user/.m2/repository/commons-logging/commons-logging/1.1.3/commons-logging-1.1.3.jar:/home/user/.m2/repository/commons-beanutils/commons-beanutils/1.9.3/commons-beanutils-1.9.3.jar:/home/user/.m2/repository/org/apache/commons/commons-configuration2/2.1.1/commons-configuration2-2.1.1.jar:/home/user/.m2/repository/org/apache/commons/commons-lang3/3.7/commons-lang3-3.7.jar:/home/user/.m2/repository/org/apache/commons/commons-text/1.4/commons-text-1.4.jar:/home/user/.m2/repository/org/apache/avro/avro/1.7.7/avro-1.7.7.jar:/home/user/.m2/repository/com/thoughtworks/paranamer/paranamer/2.3/paranamer-2.3.jar:/home/user/.m2/repository/org/xerial/snappy/snappy-java/1.0.5/snappy-java-1.0.5.jar:/home/user/.m2/repository/com/google/re2j/re2j/1.1/re2j-1.1.jar:/home/user/.m2/repository/com/google/code/gson/gson/2.2.4/gson-2.2.4.jar:/home/user/.m2/repository/com/jcraft/jsch/0.1.54/jsch-0.1.54.jar:/home/user/.m2/repository/org/apache/curator/curator-client/2.12.0/curator-client-2.12.0.jar:/home/user/.m2/repository/org/apache/curator/curator-recipes/2.12.0/curator-recipes-2.12.0.jar:/home/user/.m2/repository/com/google/code/findbugs/jsr305/3.0.0/jsr305-3.0.0.jar:/home/user/.m2/repository/org/apache/htrace/htrace-core4/4.1.0-incubating/htrace-core4-4.1.0-incubating.jar:/home/user/.m2/repository/org/apache/zookeeper/zookeeper/3.4.13/zookeeper-3.4.13.jar:/home/user/.m2/repository/org/apache/yetus/audience-annotations/0.5.0/audience-annotations-0.5.0.jar:/home/user/.m2/repository/org/codehaus/woodstox/stax2-api/3.1.4/stax2-api-3.1.4.jar:/home/user/.m2/repository/com/fasterxml/woodstox/woodstox-core/5.0.3/woodstox-core-5.0.3.jar:/home/user/.m2/repository/dnsjava/dnsjava/2.1.7/dnsjava-2.1.7.jar:/home/user/.m2/repository/org/apache/hadoop/hadoop-hdfs/3.2.0/hadoop-hdfs-3.2.0-tests.jar:/home/user/.m2/repository/org/eclipse/jetty/jetty-util-ajax/9.3.24.v20180605/jetty-util-ajax-9.3.24.v20180605.jar:/home/user/.m2/repository/commons-daemon/commons-daemon/1.0.13/commons-daemon-1.0.13.jar:/home/user/.m2/repository/io/netty/netty/3.10.5.Final/netty-3.10.5.Final.jar:/home/user/.m2/repository/io/netty/netty-all/4.0.52.Final/netty-all-4.0.52.Final.jar:/home/user/.m2/repository/org/fusesource/leveldbjni/leveldbjni-all/1.8/leveldbjni-all-1.8.jar:"/>
    <property name="java.vm.vendor" value="IcedTea"/>
    <property name="sun.arch.data.model" value="64"/>
    <property name="test.build.dir" value="/workdir/hadoop-ozone/integration-test/target/test-dir"/>
    <property name="test.cache.data" value=""/>
    <property name="java.vendor.url" value="https://icedtea.classpath.org"/>
    <property name="user.timezone" value=""/>
    <property name="java.vm.specification.version" value="1.8"/>
    <property name="os.name" value="Linux"/>
    <property name="test.build.data" value="/workdir/hadoop-ozone/integration-test/target/test-dir"/>
    <property name="user.country" value="US"/>
    <property name="sun.java.launcher" value="SUN_STANDARD"/>
    <property name="sun.boot.library.path" value="/usr/lib/jvm/java-1.8-openjdk/jre/lib/amd64"/>
    <property name="sun.java.command" value="/workdir/hadoop-ozone/integration-test/target/surefire/surefirebooter8706008441392189508.jar /workdir/hadoop-ozone/integration-test/target/surefire 2019-09-17T13-22-39_720-jvmRun1 surefire276046725339575466tmp surefire_773940416290574520853tmp"/>
    <property name="test" value="!TestMiniChaosOzoneCluster"/>
    <property name="surefire.test.class.path" value="/workdir/hadoop-ozone/integration-test/target/test-classes:/workdir/hadoop-ozone/integration-test/target/classes:/home/user/.m2/repository/org/apache/hadoop/hadoop-ozone-common/0.5.0-SNAPSHOT/hadoop-ozone-common-0.5.0-SNAPSHOT.jar:/home/user/.m2/repository/org/apache/commons/commons-compress/1.4.1/commons-compress-1.4.1.jar:/home/user/.m2/repository/org/tukaani/xz/1.0/xz-1.0.jar:/home/user/.m2/repository/org/apache/hadoop/hadoop-common/3.2.0/hadoop-common-3.2.0.jar:/home/user/.m2/repository/org/apache/hadoop/hadoop-hdfs/3.2.0/hadoop-hdfs-3.2.0.jar:/home/user/.m2/repository/org/apache/hadoop/hadoop-hdfs-client/3.2.0/hadoop-hdfs-client-3.2.0.jar:/home/user/.m2/repository/com/fasterxml/jackson/core/jackson-annotations/2.9.5/jackson-annotations-2.9.5.jar:/home/user/.m2/repository/org/apache/hadoop/hadoop-hdds-common/0.5.0-SNAPSHOT/hadoop-hdds-common-0.5.0-SNAPSHOT.jar:/home/user/.m2/repository/javax/annotation/javax.annotation-api/1.2/javax.annotation-api-1.2.jar:/home/user/.m2/repository/org/apache/ratis/ratis-server/0.4.0-78e95b9-SNAPSHOT/ratis-server-0.4.0-78e95b9-SNAPSHOT.jar:/home/user/.m2/repository/org/apache/ratis/ratis-thirdparty-misc/0.2.0/ratis-thirdparty-misc-0.2.0.jar:/home/user/.m2/repository/org/apache/ratis/ratis-proto/0.4.0-78e95b9-SNAPSHOT/ratis-proto-0.4.0-78e95b9-SNAPSHOT.jar:/home/user/.m2/repository/org/apache/ratis/ratis-common/0.4.0-78e95b9-SNAPSHOT/ratis-common-0.4.0-78e95b9-SNAPSHOT.jar:/home/user/.m2/repository/org/apache/ratis/ratis-client/0.4.0-78e95b9-SNAPSHOT/ratis-client-0.4.0-78e95b9-SNAPSHOT.jar:/home/user/.m2/repository/org/apache/ratis/ratis-metrics/0.4.0-78e95b9-SNAPSHOT/ratis-metrics-0.4.0-78e95b9-SNAPSHOT.jar:/home/user/.m2/repository/com/github/joshelser/dropwizard-metrics-hadoop-metrics2-reporter/0.1.2/dropwizard-metrics-hadoop-metrics2-reporter-0.1.2.jar:/home/user/.m2/repository/io/dropwizard/metrics/metrics-jvm/3.2.5/metrics-jvm-3.2.5.jar:/home/user/.m2/repository/io/dropwizard/metrics/metrics-ganglia/3.2.5/metrics-ganglia-3.2.5.jar:/home/user/.m2/repository/info/ganglia/gmetric4j/gmetric4j/1.0.7/gmetric4j-1.0.7.jar:/home/user/.m2/repository/org/apache/ratis/ratis-netty/0.4.0-78e95b9-SNAPSHOT/ratis-netty-0.4.0-78e95b9-SNAPSHOT.jar:/home/user/.m2/repository/org/apache/ratis/ratis-grpc/0.4.0-78e95b9-SNAPSHOT/ratis-grpc-0.4.0-78e95b9-SNAPSHOT.jar:/home/user/.m2/repository/org/rocksdb/rocksdbjni/6.0.1/rocksdbjni-6.0.1.jar:/home/user/.m2/repository/org/apache/logging/log4j/log4j-api/2.11.0/log4j-api-2.11.0.jar:/home/user/.m2/repository/org/apache/logging/log4j/log4j-core/2.11.0/log4j-core-2.11.0.jar:/home/user/.m2/repository/com/lmax/disruptor/3.4.2/disruptor-3.4.2.jar:/home/user/.m2/repository/org/apache/commons/commons-pool2/2.6.0/commons-pool2-2.6.0.jar:/home/user/.m2/repository/org/bouncycastle/bcpkix-jdk15on/1.60/bcpkix-jdk15on-1.60.jar:/home/user/.m2/repository/commons-validator/commons-validator/1.6/commons-validator-1.6.jar:/home/user/.m2/repository/commons-digester/commons-digester/1.8.1/commons-digester-1.8.1.jar:/home/user/.m2/repository/io/jaegertracing/jaeger-client/0.33.1/jaeger-client-0.33.1.jar:/home/user/.m2/repository/io/jaegertracing/jaeger-thrift/0.33.1/jaeger-thrift-0.33.1.jar:/home/user/.m2/repository/org/apache/thrift/libthrift/0.11.0/libthrift-0.11.0.jar:/home/user/.m2/repository/com/squareup/okhttp3/okhttp/3.9.0/okhttp-3.9.0.jar:/home/user/.m2/repository/com/squareup/okio/okio/1.13.0/okio-1.13.0.jar:/home/user/.m2/repository/io/jaegertracing/jaeger-core/0.33.1/jaeger-core-0.33.1.jar:/home/user/.m2/repository/io/jaegertracing/jaeger-tracerresolver/0.33.1/jaeger-tracerresolver-0.33.1.jar:/home/user/.m2/repository/io/opentracing/contrib/opentracing-tracerresolver/0.1.5/opentracing-tracerresolver-0.1.5.jar:/home/user/.m2/repository/io/opentracing/opentracing-util/0.31.0/opentracing-util-0.31.0.jar:/home/user/.m2/repository/io/opentracing/opentracing-api/0.31.0/opentracing-api-0.31.0.jar:/home/user/.m2/repository/io/opentracing/opentracing-noop/0.31.0/opentracing-noop-0.31.0.jar:/home/user/.m2/repository/org/apache/hadoop/hadoop-hdds-server-framework/0.5.0-SNAPSHOT/hadoop-hdds-server-framework-0.5.0-SNAPSHOT.jar:/home/user/.m2/repository/org/apache/hadoop/hadoop-hdds-container-service/0.5.0-SNAPSHOT/hadoop-hdds-container-service-0.5.0-SNAPSHOT.jar:/home/user/.m2/repository/org/apache/hadoop/hadoop-hdds-client/0.5.0-SNAPSHOT/hadoop-hdds-client-0.5.0-SNAPSHOT.jar:/home/user/.m2/repository/org/apache/hadoop/hadoop-hdds-tools/0.5.0-SNAPSHOT/hadoop-hdds-tools-0.5.0-SNAPSHOT.jar:/home/user/.m2/repository/org/apache/hadoop/hadoop-hdds-server-scm/0.5.0-SNAPSHOT/hadoop-hdds-server-scm-0.5.0-SNAPSHOT.jar:/home/user/.m2/repository/org/apache/hadoop/hadoop-hdds-docs/0.5.0-SNAPSHOT/hadoop-hdds-docs-0.5.0-SNAPSHOT.jar:/home/user/.m2/repository/io/dropwizard/metrics/metrics-core/3.2.4/metrics-core-3.2.4.jar:/home/user/.m2/repository/org/hamcrest/hamcrest-all/1.3/hamcrest-all-1.3.jar:/home/user/.m2/repository/org/bouncycastle/bcprov-jdk15on/1.60/bcprov-jdk15on-1.60.jar:/home/user/.m2/repository/info/picocli/picocli/3.9.6/picocli-3.9.6.jar:/home/user/.m2/repository/com/google/protobuf/protobuf-java/2.5.0/protobuf-java-2.5.0.jar:/home/user/.m2/repository/com/google/guava/guava/11.0.2/guava-11.0.2.jar:/home/user/.m2/repository/org/apache/hadoop/hadoop-ozone-ozone-manager/0.5.0-SNAPSHOT/hadoop-ozone-ozone-manager-0.5.0-SNAPSHOT.jar:/home/user/.m2/repository/org/apache/hadoop/hadoop-minikdc/3.2.0/hadoop-minikdc-3.2.0.jar:/home/user/.m2/repository/commons-io/commons-io/2.5/commons-io-2.5.jar:/home/user/.m2/repository/org/apache/kerby/kerb-simplekdc/1.0.1/kerb-simplekdc-1.0.1.jar:/home/user/.m2/repository/org/apache/kerby/kerb-client/1.0.1/kerb-client-1.0.1.jar:/home/user/.m2/repository/org/apache/kerby/kerby-config/1.0.1/kerby-config-1.0.1.jar:/home/user/.m2/repository/org/apache/kerby/kerb-core/1.0.1/kerb-core-1.0.1.jar:/home/user/.m2/repository/org/apache/kerby/kerby-pkix/1.0.1/kerby-pkix-1.0.1.jar:/home/user/.m2/repository/org/apache/kerby/kerby-asn1/1.0.1/kerby-asn1-1.0.1.jar:/home/user/.m2/repository/org/apache/kerby/kerby-util/1.0.1/kerby-util-1.0.1.jar:/home/user/.m2/repository/org/apache/kerby/kerb-common/1.0.1/kerb-common-1.0.1.jar:/home/user/.m2/repository/org/apache/kerby/kerb-crypto/1.0.1/kerb-crypto-1.0.1.jar:/home/user/.m2/repository/org/apache/kerby/kerb-util/1.0.1/kerb-util-1.0.1.jar:/home/user/.m2/repository/org/apache/kerby/token-provider/1.0.1/token-provider-1.0.1.jar:/home/user/.m2/repository/org/apache/kerby/kerb-admin/1.0.1/kerb-admin-1.0.1.jar:/home/user/.m2/repository/org/apache/kerby/kerb-server/1.0.1/kerb-server-1.0.1.jar:/home/user/.m2/repository/org/apache/kerby/kerb-identity/1.0.1/kerb-identity-1.0.1.jar:/home/user/.m2/repository/org/apache/kerby/kerby-xdr/1.0.1/kerby-xdr-1.0.1.jar:/home/user/.m2/repository/org/slf4j/slf4j-log4j12/1.7.25/slf4j-log4j12-1.7.25.jar:/home/user/.m2/repository/org/apache/hadoop/hadoop-ozone-s3gateway/0.5.0-SNAPSHOT/hadoop-ozone-s3gateway-0.5.0-SNAPSHOT.jar:/home/user/.m2/repository/org/jboss/weld/servlet/weld-servlet/2.4.7.Final/weld-servlet-2.4.7.Final.jar:/home/user/.m2/repository/org/glassfish/jersey/containers/jersey-container-servlet-core/2.27/jersey-container-servlet-core-2.27.jar:/home/user/.m2/repository/org/glassfish/hk2/external/javax.inject/2.5.0-b42/javax.inject-2.5.0-b42.jar:/home/user/.m2/repository/org/glassfish/jersey/core/jersey-common/2.27/jersey-common-2.27.jar:/home/user/.m2/repository/org/glassfish/hk2/osgi-resource-locator/1.0.1/osgi-resource-locator-1.0.1.jar:/home/user/.m2/repository/javax/ws/rs/javax.ws.rs-api/2.1/javax.ws.rs-api-2.1.jar:/home/user/.m2/repository/org/glassfish/jersey/ext/cdi/jersey-cdi1x/2.27/jersey-cdi1x-2.27.jar:/home/user/.m2/repository/org/glassfish/jersey/inject/jersey-hk2/2.27/jersey-hk2-2.27.jar:/home/user/.m2/repository/org/glassfish/hk2/hk2-locator/2.5.0-b42/hk2-locator-2.5.0-b42.jar:/home/user/.m2/repository/org/javassist/javassist/3.22.0-CR2/javassist-3.22.0-CR2.jar:/home/user/.m2/repository/org/glassfish/hk2/hk2-api/2.5.0/hk2-api-2.5.0.jar:/home/user/.m2/repository/org/glassfish/hk2/external/jakarta.inject/2.5.0/jakarta.inject-2.5.0.jar:/home/user/.m2/repository/org/glassfish/hk2/hk2-utils/2.5.0/hk2-utils-2.5.0.jar:/home/user/.m2/repository/jakarta/annotation/jakarta.annotation-api/1.3.4/jakarta.annotation-api-1.3.4.jar:/home/user/.m2/repository/org/glassfish/hk2/external/aopalliance-repackaged/2.5.0/aopalliance-repackaged-2.5.0.jar:/home/user/.m2/repository/com/fasterxml/jackson/dataformat/jackson-dataformat-xml/2.9.0/jackson-dataformat-xml-2.9.0.jar:/home/user/.m2/repository/com/fasterxml/jackson/core/jackson-core/2.9.5/jackson-core-2.9.5.jar:/home/user/.m2/repository/com/fasterxml/jackson/module/jackson-module-jaxb-annotations/2.9.5/jackson-module-jaxb-annotations-2.9.5.jar:/home/user/.m2/repository/javax/enterprise/cdi-api/1.2/cdi-api-1.2.jar:/home/user/.m2/repository/javax/el/javax.el-api/3.0.0/javax.el-api-3.0.0.jar:/home/user/.m2/repository/javax/interceptor/javax.interceptor-api/1.2/javax.interceptor-api-1.2.jar:/home/user/.m2/repository/javax/inject/javax.inject/1/javax.inject-1.jar:/home/user/.m2/repository/com/sun/xml/bind/jaxb-impl/2.3.0.1/jaxb-impl-2.3.0.1.jar:/home/user/.m2/repository/com/sun/xml/bind/jaxb-core/2.3.0.1/jaxb-core-2.3.0.1.jar:/home/user/.m2/repository/javax/xml/bind/jaxb-api/2.3.0/jaxb-api-2.3.0.jar:/home/user/.m2/repository/javax/activation/activation/1.1.1/activation-1.1.1.jar:/home/user/.m2/repository/org/apache/hadoop/hadoop-ozone-csi/0.5.0-SNAPSHOT/hadoop-ozone-csi-0.5.0-SNAPSHOT.jar:/home/user/.m2/repository/com/google/protobuf/protobuf-java-util/3.5.1/protobuf-java-util-3.5.1.jar:/home/user/.m2/repository/org/apache/hadoop/hadoop-hdds-config/0.5.0-SNAPSHOT/hadoop-hdds-config-0.5.0-SNAPSHOT.jar:/home/user/.m2/repository/io/grpc/grpc-netty/1.17.1/grpc-netty-1.17.1.jar:/home/user/.m2/repository/io/grpc/grpc-core/1.17.1/grpc-core-1.17.1.jar:/home/user/.m2/repository/io/grpc/grpc-context/1.17.1/grpc-context-1.17.1.jar:/home/user/.m2/repository/com/google/errorprone/error_prone_annotations/2.2.0/error_prone_annotations-2.2.0.jar:/home/user/.m2/repository/org/codehaus/mojo/animal-sniffer-annotations/1.17/animal-sniffer-annotations-1.17.jar:/home/user/.m2/repository/io/opencensus/opencensus-api/0.17.0/opencensus-api-0.17.0.jar:/home/user/.m2/repository/io/opencensus/opencensus-contrib-grpc-metrics/0.17.0/opencensus-contrib-grpc-metrics-0.17.0.jar:/home/user/.m2/repository/io/netty/netty-codec-http2/4.1.30.Final/netty-codec-http2-4.1.30.Final.jar:/home/user/.m2/repository/io/netty/netty-codec-http/4.1.30.Final/netty-codec-http-4.1.30.Final.jar:/home/user/.m2/repository/io/netty/netty-codec/4.1.30.Final/netty-codec-4.1.30.Final.jar:/home/user/.m2/repository/io/netty/netty-handler/4.1.30.Final/netty-handler-4.1.30.Final.jar:/home/user/.m2/repository/io/netty/netty-handler-proxy/4.1.30.Final/netty-handler-proxy-4.1.30.Final.jar:/home/user/.m2/repository/io/netty/netty-codec-socks/4.1.30.Final/netty-codec-socks-4.1.30.Final.jar:/home/user/.m2/repository/io/netty/netty-transport-native-epoll/4.1.30.Final/netty-transport-native-epoll-4.1.30.Final.jar:/home/user/.m2/repository/io/netty/netty-common/4.1.30.Final/netty-common-4.1.30.Final.jar:/home/user/.m2/repository/io/netty/netty-buffer/4.1.30.Final/netty-buffer-4.1.30.Final.jar:/home/user/.m2/repository/io/netty/netty-transport/4.1.30.Final/netty-transport-4.1.30.Final.jar:/home/user/.m2/repository/io/netty/netty-resolver/4.1.30.Final/netty-resolver-4.1.30.Final.jar:/home/user/.m2/repository/io/netty/netty-transport-native-unix-common/4.1.30.Final/netty-transport-native-unix-common-4.1.30.Final.jar:/home/user/.m2/repository/io/grpc/grpc-protobuf/1.17.1/grpc-protobuf-1.17.1.jar:/home/user/.m2/repository/com/google/api/grpc/proto-google-common-protos/1.0.0/proto-google-common-protos-1.0.0.jar:/home/user/.m2/repository/io/grpc/grpc-protobuf-lite/1.17.1/grpc-protobuf-lite-1.17.1.jar:/home/user/.m2/repository/io/grpc/grpc-stub/1.17.1/grpc-stub-1.17.1.jar:/home/user/.m2/repository/org/apache/hadoop/hadoop-ozone-recon/0.5.0-SNAPSHOT/hadoop-ozone-recon-0.5.0-SNAPSHOT.jar:/home/user/.m2/repository/org/apache/hadoop/hadoop-ozone-reconcodegen/0.5.0-SNAPSHOT/hadoop-ozone-reconcodegen-0.5.0-SNAPSHOT.jar:/home/user/.m2/repository/com/google/inject/extensions/guice-multibindings/4.0/guice-multibindings-4.0.jar:/home/user/.m2/repository/com/google/inject/guice/4.0/guice-4.0.jar:/home/user/.m2/repository/aopalliance/aopalliance/1.0/aopalliance-1.0.jar:/home/user/.m2/repository/com/google/inject/extensions/guice-servlet/4.0/guice-servlet-4.0.jar:/home/user/.m2/repository/org/glassfish/jersey/containers/jersey-container-servlet/2.27/jersey-container-servlet-2.27.jar:/home/user/.m2/repository/org/glassfish/hk2/guice-bridge/2.5.0/guice-bridge-2.5.0.jar:/home/user/.m2/repository/org/glassfish/jersey/core/jersey-server/2.27/jersey-server-2.27.jar:/home/user/.m2/repository/org/glassfish/jersey/core/jersey-client/2.27/jersey-client-2.27.jar:/home/user/.m2/repository/org/glassfish/jersey/media/jersey-media-jaxb/2.27/jersey-media-jaxb-2.27.jar:/home/user/.m2/repository/javax/validation/validation-api/1.1.0.Final/validation-api-1.1.0.Final.jar:/home/user/.m2/repository/org/glassfish/jersey/media/jersey-media-json-jackson/2.27/jersey-media-json-jackson-2.27.jar:/home/user/.m2/repository/org/glassfish/jersey/ext/jersey-entity-filtering/2.27/jersey-entity-filtering-2.27.jar:/home/user/.m2/repository/com/google/inject/extensions/guice-assistedinject/4.0/guice-assistedinject-4.0.jar:/home/user/.m2/repository/org/jooq/jooq/3.11.10/jooq-3.11.10.jar:/home/user/.m2/repository/org/jooq/jooq-meta/3.11.10/jooq-meta-3.11.10.jar:/home/user/.m2/repository/org/jooq/jooq-codegen/3.11.10/jooq-codegen-3.11.10.jar:/home/user/.m2/repository/com/jolbox/bonecp/0.8.0.RELEASE/bonecp-0.8.0.RELEASE.jar:/home/user/.m2/repository/org/xerial/sqlite-jdbc/3.25.2/sqlite-jdbc-3.25.2.jar:/home/user/.m2/repository/org/springframework/spring-jdbc/5.1.3.RELEASE/spring-jdbc-5.1.3.RELEASE.jar:/home/user/.m2/repository/org/springframework/spring-beans/5.1.3.RELEASE/spring-beans-5.1.3.RELEASE.jar:/home/user/.m2/repository/org/springframework/spring-core/5.1.3.RELEASE/spring-core-5.1.3.RELEASE.jar:/home/user/.m2/repository/org/springframework/spring-jcl/5.1.3.RELEASE/spring-jcl-5.1.3.RELEASE.jar:/home/user/.m2/repository/org/springframework/spring-tx/5.1.3.RELEASE/spring-tx-5.1.3.RELEASE.jar:/home/user/.m2/repository/org/apache/hadoop/hadoop-ozone-client/0.5.0-SNAPSHOT/hadoop-ozone-client-0.5.0-SNAPSHOT.jar:/home/user/.m2/repository/commons-lang/commons-lang/2.6/commons-lang-2.6.jar:/home/user/.m2/repository/org/apache/hadoop/hadoop-ozone-ozone-manager/0.5.0-SNAPSHOT/hadoop-ozone-ozone-manager-0.5.0-SNAPSHOT-tests.jar:/home/user/.m2/repository/junit/junit/4.11/junit-4.11.jar:/home/user/.m2/repository/org/hamcrest/hamcrest-core/1.3/hamcrest-core-1.3.jar:/home/user/.m2/repository/org/openjdk/jmh/jmh-core/1.19/jmh-core-1.19.jar:/home/user/.m2/repository/net/sf/jopt-simple/jopt-simple/4.6/jopt-simple-4.6.jar:/home/user/.m2/repository/org/apache/commons/commons-math3/3.1.1/commons-math3-3.1.1.jar:/home/user/.m2/repository/org/openjdk/jmh/jmh-generator-annprocess/1.19/jmh-generator-annprocess-1.19.jar:/home/user/.m2/repository/org/mockito/mockito-all/1.8.5/mockito-all-1.8.5.jar:/home/user/.m2/repository/org/apache/hadoop/hadoop-kms/3.2.0/hadoop-kms-3.2.0.jar:/home/user/.m2/repository/org/apache/hadoop/hadoop-auth/3.2.0/hadoop-auth-3.2.0.jar:/home/user/.m2/repository/com/nimbusds/nimbus-jose-jwt/4.41.1/nimbus-jose-jwt-4.41.1.jar:/home/user/.m2/repository/com/github/stephenc/jcip/jcip-annotations/1.0-1/jcip-annotations-1.0-1.jar:/home/user/.m2/repository/net/minidev/json-smart/2.3/json-smart-2.3.jar:/home/user/.m2/repository/net/minidev/accessors-smart/1.2/accessors-smart-1.2.jar:/home/user/.m2/repository/org/ow2/asm/asm/5.0.4/asm-5.0.4.jar:/home/user/.m2/repository/org/apache/curator/curator-framework/2.12.0/curator-framework-2.12.0.jar:/home/user/.m2/repository/com/sun/jersey/jersey-core/1.19/jersey-core-1.19.jar:/home/user/.m2/repository/javax/ws/rs/jsr311-api/1.1.1/jsr311-api-1.1.1.jar:/home/user/.m2/repository/com/sun/jersey/jersey-server/1.19/jersey-server-1.19.jar:/home/user/.m2/repository/javax/servlet/javax.servlet-api/3.1.0/javax.servlet-api-3.1.0.jar:/home/user/.m2/repository/org/eclipse/jetty/jetty-server/9.3.24.v20180605/jetty-server-9.3.24.v20180605.jar:/home/user/.m2/repository/org/eclipse/jetty/jetty-http/9.3.24.v20180605/jetty-http-9.3.24.v20180605.jar:/home/user/.m2/repository/org/eclipse/jetty/jetty-io/9.3.24.v20180605/jetty-io-9.3.24.v20180605.jar:/home/user/.m2/repository/org/eclipse/jetty/jetty-webapp/9.3.24.v20180605/jetty-webapp-9.3.24.v20180605.jar:/home/user/.m2/repository/org/eclipse/jetty/jetty-xml/9.3.24.v20180605/jetty-xml-9.3.24.v20180605.jar:/home/user/.m2/repository/log4j/log4j/1.2.17/log4j-1.2.17.jar:/home/user/.m2/repository/org/slf4j/slf4j-api/1.7.25/slf4j-api-1.7.25.jar:/home/user/.m2/repository/org/slf4j/jul-to-slf4j/1.7.25/jul-to-slf4j-1.7.25.jar:/home/user/.m2/repository/org/eclipse/jetty/jetty-util/9.3.24.v20180605/jetty-util-9.3.24.v20180605.jar:/home/user/.m2/repository/com/fasterxml/jackson/core/jackson-databind/2.9.5/jackson-databind-2.9.5.jar:/home/user/.m2/repository/org/apache/hadoop/hadoop-kms/3.2.0/hadoop-kms-3.2.0-tests.jar:/home/user/.m2/repository/org/apache/hadoop/hadoop-hdds-server-scm/0.5.0-SNAPSHOT/hadoop-hdds-server-scm-0.5.0-SNAPSHOT-tests.jar:/home/user/.m2/repository/org/apache/hadoop/hadoop-hdds-container-service/0.5.0-SNAPSHOT/hadoop-hdds-container-service-0.5.0-SNAPSHOT-tests.jar:/home/user/.m2/repository/org/yaml/snakeyaml/1.16/snakeyaml-1.16.jar:/home/user/.m2/repository/org/apache/hadoop/hadoop-common/3.2.0/hadoop-common-3.2.0-tests.jar:/home/user/.m2/repository/org/apache/hadoop/hadoop-annotations/3.2.0/hadoop-annotations-3.2.0.jar:/usr/lib/jvm/java-1.8-openjdk/jre/../lib/tools.jar:/home/user/.m2/repository/commons-cli/commons-cli/1.2/commons-cli-1.2.jar:/home/user/.m2/repository/org/apache/httpcomponents/httpclient/4.5.2/httpclient-4.5.2.jar:/home/user/.m2/repository/org/apache/httpcomponents/httpcore/4.4.4/httpcore-4.4.4.jar:/home/user/.m2/repository/commons-codec/commons-codec/1.11/commons-codec-1.11.jar:/home/user/.m2/repository/commons-net/commons-net/3.6/commons-net-3.6.jar:/home/user/.m2/repository/commons-collections/commons-collections/3.2.2/commons-collections-3.2.2.jar:/home/user/.m2/repository/org/eclipse/jetty/jetty-servlet/9.3.24.v20180605/jetty-servlet-9.3.24.v20180605.jar:/home/user/.m2/repository/org/eclipse/jetty/jetty-security/9.3.24.v20180605/jetty-security-9.3.24.v20180605.jar:/home/user/.m2/repository/javax/servlet/jsp/jsp-api/2.1/jsp-api-2.1.jar:/home/user/.m2/repository/com/sun/jersey/jersey-servlet/1.19/jersey-servlet-1.19.jar:/home/user/.m2/repository/com/sun/jersey/jersey-json/1.19/jersey-json-1.19.jar:/home/user/.m2/repository/org/codehaus/jettison/jettison/1.1/jettison-1.1.jar:/home/user/.m2/repository/org/codehaus/jackson/jackson-core-asl/1.9.13/jackson-core-asl-1.9.13.jar:/home/user/.m2/repository/org/codehaus/jackson/jackson-mapper-asl/1.9.13/jackson-mapper-asl-1.9.13.jar:/home/user/.m2/repository/org/codehaus/jackson/jackson-jaxrs/1.9.13/jackson-jaxrs-1.9.13.jar:/home/user/.m2/repository/org/codehaus/jackson/jackson-xc/1.9.13/jackson-xc-1.9.13.jar:/home/user/.m2/repository/commons-logging/commons-logging/1.1.3/commons-logging-1.1.3.jar:/home/user/.m2/repository/commons-beanutils/commons-beanutils/1.9.3/commons-beanutils-1.9.3.jar:/home/user/.m2/repository/org/apache/commons/commons-configuration2/2.1.1/commons-configuration2-2.1.1.jar:/home/user/.m2/repository/org/apache/commons/commons-lang3/3.7/commons-lang3-3.7.jar:/home/user/.m2/repository/org/apache/commons/commons-text/1.4/commons-text-1.4.jar:/home/user/.m2/repository/org/apache/avro/avro/1.7.7/avro-1.7.7.jar:/home/user/.m2/repository/com/thoughtworks/paranamer/paranamer/2.3/paranamer-2.3.jar:/home/user/.m2/repository/org/xerial/snappy/snappy-java/1.0.5/snappy-java-1.0.5.jar:/home/user/.m2/repository/com/google/re2j/re2j/1.1/re2j-1.1.jar:/home/user/.m2/repository/com/google/code/gson/gson/2.2.4/gson-2.2.4.jar:/home/user/.m2/repository/com/jcraft/jsch/0.1.54/jsch-0.1.54.jar:/home/user/.m2/repository/org/apache/curator/curator-client/2.12.0/curator-client-2.12.0.jar:/home/user/.m2/repository/org/apache/curator/curator-recipes/2.12.0/curator-recipes-2.12.0.jar:/home/user/.m2/repository/com/google/code/findbugs/jsr305/3.0.0/jsr305-3.0.0.jar:/home/user/.m2/repository/org/apache/htrace/htrace-core4/4.1.0-incubating/htrace-core4-4.1.0-incubating.jar:/home/user/.m2/repository/org/apache/zookeeper/zookeeper/3.4.13/zookeeper-3.4.13.jar:/home/user/.m2/repository/org/apache/yetus/audience-annotations/0.5.0/audience-annotations-0.5.0.jar:/home/user/.m2/repository/org/codehaus/woodstox/stax2-api/3.1.4/stax2-api-3.1.4.jar:/home/user/.m2/repository/com/fasterxml/woodstox/woodstox-core/5.0.3/woodstox-core-5.0.3.jar:/home/user/.m2/repository/dnsjava/dnsjava/2.1.7/dnsjava-2.1.7.jar:/home/user/.m2/repository/org/apache/hadoop/hadoop-hdfs/3.2.0/hadoop-hdfs-3.2.0-tests.jar:/home/user/.m2/repository/org/eclipse/jetty/jetty-util-ajax/9.3.24.v20180605/jetty-util-ajax-9.3.24.v20180605.jar:/home/user/.m2/repository/commons-daemon/commons-daemon/1.0.13/commons-daemon-1.0.13.jar:/home/user/.m2/repository/io/netty/netty/3.10.5.Final/netty-3.10.5.Final.jar:/home/user/.m2/repository/io/netty/netty-all/4.0.52.Final/netty-all-4.0.52.Final.jar:/home/user/.m2/repository/org/fusesource/leveldbjni/leveldbjni-all/1.8/leveldbjni-all-1.8.jar:"/>
    <property name="sun.cpu.endian" value="little"/>
    <property name="user.home" value="/home/user"/>
    <property name="user.language" value="en"/>
    <property name="java.specification.vendor" value="Oracle Corporation"/>
    <property name="java.home" value="/usr/lib/jvm/java-1.8-openjdk/jre"/>
    <property name="java.security.krb5.conf" value="/workdir/hadoop-ozone/integration-test/target/test-classes/krb5.conf"/>
    <property name="basedir" value="/workdir/hadoop-ozone/integration-test"/>
    <property name="file.separator" value="/"/>
    <property name="line.separator" value="&#10;"/>
    <property name="java.vm.specification.vendor" value="Oracle Corporation"/>
    <property name="java.specification.name" value="Java Platform API Specification"/>
    <property name="java.awt.graphicsenv" value="sun.awt.X11GraphicsEnvironment"/>
    <property name="surefire.real.class.path" value="/workdir/hadoop-ozone/integration-test/target/surefire/surefirebooter8706008441392189508.jar"/>
    <property name="hadoop.log.dir" value="/workdir/hadoop-ozone/integration-test/target/log"/>
    <property name="sun.boot.class.path" value="/usr/lib/jvm/java-1.8-openjdk/jre/lib/resources.jar:/usr/lib/jvm/java-1.8-openjdk/jre/lib/rt.jar:/usr/lib/jvm/java-1.8-openjdk/jre/lib/sunrsasign.jar:/usr/lib/jvm/java-1.8-openjdk/jre/lib/jsse.jar:/usr/lib/jvm/java-1.8-openjdk/jre/lib/jce.jar:/usr/lib/jvm/java-1.8-openjdk/jre/lib/charsets.jar:/usr/lib/jvm/java-1.8-openjdk/jre/lib/jfr.jar:/usr/lib/jvm/java-1.8-openjdk/jre/classes"/>
    <property name="sun.management.compiler" value="HotSpot 64-Bit Tiered Compilers"/>
    <property name="java.runtime.version" value="1.8.0_212-b04"/>
    <property name="java.net.preferIPv4Stack" value="true"/>
    <property name="user.name" value="jenkins1000"/>
    <property name="path.separator" value=":"/>
    <property name="java.security.egd" value="file:///dev/urandom"/>
    <property name="os.version" value="3.10.0-957.12.2.el7.x86_64"/>
    <property name="java.endorsed.dirs" value="/usr/lib/jvm/java-1.8-openjdk/jre/lib/endorsed"/>
    <property name="java.runtime.name" value="OpenJDK Runtime Environment"/>
    <property name="file.encoding" value="UTF-8"/>
    <property name="java.vm.name" value="OpenJDK 64-Bit Server VM"/>
    <property name="test.build.webapps" value=""/>
    <property name="localRepository" value="/home/user/.m2/repository"/>
    <property name="java.vendor.url.bug" value="https://icedtea.classpath.org/bugzilla"/>
    <property name="java.io.tmpdir" value="/tmp"/>
    <property name="require.test.libhadoop" value=""/>
    <property name="java.version" value="1.8.0_212"/>
    <property name="user.dir" value="/workdir/hadoop-ozone/integration-test"/>
    <property name="os.arch" value="amd64"/>
    <property name="java.vm.specification.name" value="Java Virtual Machine Specification"/>
    <property name="test.build.classes" value="/workdir/hadoop-ozone/integration-test/target/test-classes"/>
    <property name="java.awt.printerjob" value="sun.print.PSPrinterJob"/>
    <property name="sun.os.patch.level" value="unknown"/>
    <property name="hadoop.tmp.dir" value="/workdir/hadoop-ozone/integration-test/target/tmp"/>
    <property name="java.library.path" value="/usr/lib/jvm/java-1.8-openjdk/jre/lib/amd64/server:/usr/lib/jvm/java-1.8-openjdk/jre/lib/amd64:/usr/lib/jvm/java-1.8-openjdk/jre/../lib/amd64:/workdir/hadoop-ozone/integration-test/target/native/target/usr/local/lib:/workdir/hadoop-ozone/integration-test/../../hadoop-common-project/hadoop-common/target/native/target/usr/local/lib:/usr/java/packages/lib/amd64:/usr/lib64:/lib64:/lib:/usr/lib"/>
    <property name="java.vm.info" value="mixed mode"/>
    <property name="java.vendor" value="IcedTea"/>
    <property name="java.vm.version" value="25.212-b04"/>
    <property name="java.ext.dirs" value="/usr/lib/jvm/java-1.8-openjdk/jre/lib/ext:/usr/java/packages/lib/ext"/>
    <property name="sun.io.unicode.encoding" value="UnicodeLittle"/>
    <property name="java.class.version" value="52.0"/>
  </properties>
  <testcase name="testFlushChunk" classname="org.apache.hadoop.ozone.client.rpc.TestBlockOutputStream" time="6.642"/>
  <testcase name="testMultiChunkWrite2" classname="org.apache.hadoop.ozone.client.rpc.TestBlockOutputStream" time="4.59"/>
  <testcase name="testMultiChunkWrite" classname="org.apache.hadoop.ozone.client.rpc.TestBlockOutputStream" time="0.357"/>
  <testcase name="testFullBufferCondition" classname="org.apache.hadoop.ozone.client.rpc.TestBlockOutputStream" time="187.68">
    <failure type="java.lang.AssertionError">java.lang.AssertionError
	at org.junit.Assert.fail(Assert.java:86)
	at org.junit.Assert.assertTrue(Assert.java:41)
	at org.junit.Assert.assertTrue(Assert.java:52)
	at org.apache.hadoop.ozone.client.rpc.TestBlockOutputStream.testFullBufferCondition(TestBlockOutputStream.java:515)
	at sun.reflect.NativeMethodAccessorImpl.invoke0(Native Method)
	at sun.reflect.NativeMethodAccessorImpl.invoke(NativeMethodAccessorImpl.java:62)
	at sun.reflect.DelegatingMethodAccessorImpl.invoke(DelegatingMethodAccessorImpl.java:43)
	at java.lang.reflect.Method.invoke(Method.java:498)
	at org.junit.runners.model.FrameworkMethod$1.runReflectiveCall(FrameworkMethod.java:47)
	at org.junit.internal.runners.model.ReflectiveCallable.run(ReflectiveCallable.java:12)
	at org.junit.runners.model.FrameworkMethod.invokeExplosively(FrameworkMethod.java:44)
	at org.junit.internal.runners.statements.InvokeMethod.evaluate(InvokeMethod.java:17)
	at org.junit.runners.ParentRunner.runLeaf(ParentRunner.java:271)
	at org.junit.runners.BlockJUnit4ClassRunner.runChild(BlockJUnit4ClassRunner.java:70)
	at org.junit.runners.BlockJUnit4ClassRunner.runChild(BlockJUnit4ClassRunner.java:50)
	at org.junit.runners.ParentRunner$3.run(ParentRunner.java:238)
	at org.junit.runners.ParentRunner$1.schedule(ParentRunner.java:63)
	at org.junit.runners.ParentRunner.runChildren(ParentRunner.java:236)
	at org.junit.runners.ParentRunner.access$000(ParentRunner.java:53)
	at org.junit.runners.ParentRunner$2.evaluate(ParentRunner.java:229)
	at org.junit.internal.runners.statements.RunBefores.evaluate(RunBefores.java:26)
	at org.junit.internal.runners.statements.RunAfters.evaluate(RunAfters.java:27)
	at org.junit.runners.ParentRunner.run(ParentRunner.java:309)
	at org.apache.maven.surefire.junit4.JUnit4Provider.execute(JUnit4Provider.java:365)
	at org.apache.maven.surefire.junit4.JUnit4Provider.executeWithRerun(JUnit4Provider.java:273)
	at org.apache.maven.surefire.junit4.JUnit4Provider.executeTestSet(JUnit4Provider.java:238)
	at org.apache.maven.surefire.junit4.JUnit4Provider.invoke(JUnit4Provider.java:159)
	at org.apache.maven.surefire.booter.ForkedBooter.invokeProviderInSameClassLoader(ForkedBooter.java:384)
	at org.apache.maven.surefire.booter.ForkedBooter.runSuitesInProcess(ForkedBooter.java:345)
	at org.apache.maven.surefire.booter.ForkedBooter.execute(ForkedBooter.java:126)
	at org.apache.maven.surefire.booter.ForkedBooter.main(ForkedBooter.java:418)
</failure>
    <system-out><![CDATA[2019-09-17 15:14:33,681 [java.util.concurrent.ThreadPoolExecutor$Worker@68950335[State = -1, empty queue]] WARN  server.GrpcLogAppender (GrpcLogAppender.java:timeoutAppendRequest(200)) - 78eb98d0-10ad-403d-ab68-3e803fb8ec72@group-9AD4355EB7C4->319da950-6258-4a15-a10a-9ff19688a457-GrpcLogAppender: appendEntries Timeout, request=78eb98d0-10ad-403d-ab68-3e803fb8ec72->319da950-6258-4a15-a10a-9ff19688a457#12-t2, previous=(t:2, i:10), leaderCommit=10, initializing? false, entries: size=1, first=(t:2, i:11), STATEMACHINELOGENTRY, client-552194EA954E, cid=24
2019-09-17 15:14:33,681 [java.util.concurrent.ThreadPoolExecutor$Worker@683ed9e2[State = -1, empty queue]] WARN  server.GrpcLogAppender (GrpcLogAppender.java:timeoutAppendRequest(200)) - 78eb98d0-10ad-403d-ab68-3e803fb8ec72@group-9AD4355EB7C4->18c72976-30e0-4eea-a5a6-85bddbc481ac-GrpcLogAppender: appendEntries Timeout, request=78eb98d0-10ad-403d-ab68-3e803fb8ec72->18c72976-30e0-4eea-a5a6-85bddbc481ac#12-t2, previous=(t:2, i:10), leaderCommit=10, initializing? false, entries: size=1, first=(t:2, i:11), STATEMACHINELOGENTRY, client-552194EA954E, cid=24
2019-09-17 15:14:33,694 [java.util.concurrent.ThreadPoolExecutor$Worker@68950335[State = -1, empty queue]] WARN  server.GrpcLogAppender (GrpcLogAppender.java:timeoutAppendRequest(200)) - 78eb98d0-10ad-403d-ab68-3e803fb8ec72@group-9AD4355EB7C4->319da950-6258-4a15-a10a-9ff19688a457-GrpcLogAppender: appendEntries Timeout, request=78eb98d0-10ad-403d-ab68-3e803fb8ec72->319da950-6258-4a15-a10a-9ff19688a457#13-t2, previous=(t:2, i:11), leaderCommit=10, initializing? false, entries: size=1, first=(t:2, i:12), STATEMACHINELOGENTRY, client-552194EA954E, cid=25
2019-09-17 15:14:33,698 [java.util.concurrent.ThreadPoolExecutor$Worker@683ed9e2[State = -1, empty queue]] WARN  server.GrpcLogAppender (GrpcLogAppender.java:timeoutAppendRequest(200)) - 78eb98d0-10ad-403d-ab68-3e803fb8ec72@group-9AD4355EB7C4->18c72976-30e0-4eea-a5a6-85bddbc481ac-GrpcLogAppender: appendEntries Timeout, request=78eb98d0-10ad-403d-ab68-3e803fb8ec72->18c72976-30e0-4eea-a5a6-85bddbc481ac#13-t2, previous=(t:2, i:11), leaderCommit=10, initializing? false, entries: size=1, first=(t:2, i:12), STATEMACHINELOGENTRY, client-552194EA954E, cid=25
2019-09-17 15:14:33,700 [java.util.concurrent.ThreadPoolExecutor$Worker@68950335[State = -1, empty queue]] WARN  server.GrpcLogAppender (GrpcLogAppender.java:timeoutAppendRequest(200)) - 78eb98d0-10ad-403d-ab68-3e803fb8ec72@group-9AD4355EB7C4->319da950-6258-4a15-a10a-9ff19688a457-GrpcLogAppender: appendEntries Timeout, request=78eb98d0-10ad-403d-ab68-3e803fb8ec72->319da950-6258-4a15-a10a-9ff19688a457#14-t2, previous=(t:2, i:12), leaderCommit=10, initializing? false, entries: size=1, first=(t:2, i:13), STATEMACHINELOGENTRY, client-552194EA954E, cid=26
2019-09-17 15:14:33,703 [java.util.concurrent.ThreadPoolExecutor$Worker@683ed9e2[State = -1, empty queue]] WARN  server.GrpcLogAppender (GrpcLogAppender.java:timeoutAppendRequest(200)) - 78eb98d0-10ad-403d-ab68-3e803fb8ec72@group-9AD4355EB7C4->18c72976-30e0-4eea-a5a6-85bddbc481ac-GrpcLogAppender: appendEntries Timeout, request=78eb98d0-10ad-403d-ab68-3e803fb8ec72->18c72976-30e0-4eea-a5a6-85bddbc481ac#14-t2, previous=(t:2, i:12), leaderCommit=10, initializing? false, entries: size=1, first=(t:2, i:13), STATEMACHINELOGENTRY, client-552194EA954E, cid=26
2019-09-17 15:14:33,705 [java.util.concurrent.ThreadPoolExecutor$Worker@68950335[State = -1, empty queue]] WARN  server.GrpcLogAppender (GrpcLogAppender.java:timeoutAppendRequest(200)) - 78eb98d0-10ad-403d-ab68-3e803fb8ec72@group-9AD4355EB7C4->319da950-6258-4a15-a10a-9ff19688a457-GrpcLogAppender: appendEntries Timeout, request=78eb98d0-10ad-403d-ab68-3e803fb8ec72->319da950-6258-4a15-a10a-9ff19688a457#15-t2, previous=(t:2, i:13), leaderCommit=10, initializing? false, entries: size=1, first=(t:2, i:14), STATEMACHINELOGENTRY, client-552194EA954E, cid=27
2019-09-17 15:14:33,707 [java.util.concurrent.ThreadPoolExecutor$Worker@683ed9e2[State = -1, empty queue]] WARN  server.GrpcLogAppender (GrpcLogAppender.java:timeoutAppendRequest(200)) - 78eb98d0-10ad-403d-ab68-3e803fb8ec72@group-9AD4355EB7C4->18c72976-30e0-4eea-a5a6-85bddbc481ac-GrpcLogAppender: appendEntries Timeout, request=78eb98d0-10ad-403d-ab68-3e803fb8ec72->18c72976-30e0-4eea-a5a6-85bddbc481ac#15-t2, previous=(t:2, i:13), leaderCommit=10, initializing? false, entries: size=1, first=(t:2, i:14), STATEMACHINELOGENTRY, client-552194EA954E, cid=27
2019-09-17 15:14:33,710 [java.util.concurrent.ThreadPoolExecutor$Worker@68950335[State = -1, empty queue]] WARN  server.GrpcLogAppender (GrpcLogAppender.java:timeoutAppendRequest(200)) - 78eb98d0-10ad-403d-ab68-3e803fb8ec72@group-9AD4355EB7C4->319da950-6258-4a15-a10a-9ff19688a457-GrpcLogAppender: appendEntries Timeout, request=78eb98d0-10ad-403d-ab68-3e803fb8ec72->319da950-6258-4a15-a10a-9ff19688a457#16-t2, previous=(t:2, i:14), leaderCommit=10, initializing? false, entries: size=1, first=(t:2, i:15), STATEMACHINELOGENTRY, client-552194EA954E, cid=28
2019-09-17 15:14:33,712 [java.util.concurrent.ThreadPoolExecutor$Worker@683ed9e2[State = -1, empty queue]] WARN  server.GrpcLogAppender (GrpcLogAppender.java:timeoutAppendRequest(200)) - 78eb98d0-10ad-403d-ab68-3e803fb8ec72@group-9AD4355EB7C4->18c72976-30e0-4eea-a5a6-85bddbc481ac-GrpcLogAppender: appendEntries Timeout, request=78eb98d0-10ad-403d-ab68-3e803fb8ec72->18c72976-30e0-4eea-a5a6-85bddbc481ac#16-t2, previous=(t:2, i:14), leaderCommit=10, initializing? false, entries: size=1, first=(t:2, i:15), STATEMACHINELOGENTRY, client-552194EA954E, cid=28
2019-09-17 15:14:33,714 [java.util.concurrent.ThreadPoolExecutor$Worker@68950335[State = -1, empty queue]] WARN  server.GrpcLogAppender (GrpcLogAppender.java:timeoutAppendRequest(200)) - 78eb98d0-10ad-403d-ab68-3e803fb8ec72@group-9AD4355EB7C4->319da950-6258-4a15-a10a-9ff19688a457-GrpcLogAppender: appendEntries Timeout, request=78eb98d0-10ad-403d-ab68-3e803fb8ec72->319da950-6258-4a15-a10a-9ff19688a457#17-t2, previous=(t:2, i:15), leaderCommit=10, initializing? false, entries: size=1, first=(t:2, i:16), STATEMACHINELOGENTRY, client-552194EA954E, cid=29
2019-09-17 15:14:33,716 [java.util.concurrent.ThreadPoolExecutor$Worker@683ed9e2[State = -1, empty queue]] WARN  server.GrpcLogAppender (GrpcLogAppender.java:timeoutAppendRequest(200)) - 78eb98d0-10ad-403d-ab68-3e803fb8ec72@group-9AD4355EB7C4->18c72976-30e0-4eea-a5a6-85bddbc481ac-GrpcLogAppender: appendEntries Timeout, request=78eb98d0-10ad-403d-ab68-3e803fb8ec72->18c72976-30e0-4eea-a5a6-85bddbc481ac#17-t2, previous=(t:2, i:15), leaderCommit=10, initializing? false, entries: size=1, first=(t:2, i:16), STATEMACHINELOGENTRY, client-552194EA954E, cid=29
2019-09-17 15:14:35,772 [grpc-default-executor-1] INFO  client.GrpcClientProtocolClient (GrpcClientProtocolClient.java:onNext(264)) - client-552194EA954E->18c72976-30e0-4eea-a5a6-85bddbc481ac: receive RaftClientReply:client-552194EA954E->18c72976-30e0-4eea-a5a6-85bddbc481ac@group-9AD4355EB7C4, cid=24, FAILED org.apache.ratis.protocol.NotLeaderException: Server 18c72976-30e0-4eea-a5a6-85bddbc481ac@group-9AD4355EB7C4 is not the leader 78eb98d0-10ad-403d-ab68-3e803fb8ec72:192.168.151.72:34014, logIndex=0, commits[18c72976-30e0-4eea-a5a6-85bddbc481ac:c10, 78eb98d0-10ad-403d-ab68-3e803fb8ec72:c10, 319da950-6258-4a15-a10a-9ff19688a457:c6]
2019-09-17 15:14:36,187 [java.util.concurrent.ThreadPoolExecutor$Worker@683ed9e2[State = -1, empty queue]] WARN  server.GrpcLogAppender (GrpcLogAppender.java:timeoutAppendRequest(200)) - 78eb98d0-10ad-403d-ab68-3e803fb8ec72@group-9AD4355EB7C4->18c72976-30e0-4eea-a5a6-85bddbc481ac-GrpcLogAppender: appendEntries Timeout, request=78eb98d0-10ad-403d-ab68-3e803fb8ec72->18c72976-30e0-4eea-a5a6-85bddbc481ac#18-t2, previous=(t:2, i:16), leaderCommit=10, initializing? false, entries: <empty>
2019-09-17 15:14:36,187 [java.util.concurrent.ThreadPoolExecutor$Worker@68950335[State = -1, empty queue]] WARN  server.GrpcLogAppender (GrpcLogAppender.java:timeoutAppendRequest(200)) - 78eb98d0-10ad-403d-ab68-3e803fb8ec72@group-9AD4355EB7C4->319da950-6258-4a15-a10a-9ff19688a457-GrpcLogAppender: appendEntries Timeout, request=78eb98d0-10ad-403d-ab68-3e803fb8ec72->319da950-6258-4a15-a10a-9ff19688a457#18-t2, previous=(t:2, i:16), leaderCommit=10, initializing? false, entries: <empty>
2019-09-17 15:14:38,688 [java.util.concurrent.ThreadPoolExecutor$Worker@68950335[State = -1, empty queue]] WARN  server.GrpcLogAppender (GrpcLogAppender.java:timeoutAppendRequest(200)) - 78eb98d0-10ad-403d-ab68-3e803fb8ec72@group-9AD4355EB7C4->319da950-6258-4a15-a10a-9ff19688a457-GrpcLogAppender: appendEntries Timeout, request=78eb98d0-10ad-403d-ab68-3e803fb8ec72->319da950-6258-4a15-a10a-9ff19688a457#19-t2, previous=(t:2, i:16), leaderCommit=10, initializing? false, entries: <empty>
2019-09-17 15:14:38,688 [java.util.concurrent.ThreadPoolExecutor$Worker@683ed9e2[State = -1, empty queue]] WARN  server.GrpcLogAppender (GrpcLogAppender.java:timeoutAppendRequest(200)) - 78eb98d0-10ad-403d-ab68-3e803fb8ec72@group-9AD4355EB7C4->18c72976-30e0-4eea-a5a6-85bddbc481ac-GrpcLogAppender: appendEntries Timeout, request=78eb98d0-10ad-403d-ab68-3e803fb8ec72->18c72976-30e0-4eea-a5a6-85bddbc481ac#19-t2, previous=(t:2, i:16), leaderCommit=10, initializing? false, entries: <empty>
2019-09-17 15:14:40,767 [18c72976-30e0-4eea-a5a6-85bddbc481ac@group-9AD4355EB7C4-SegmentedRaftLogWorker] WARN  segmented.SegmentedRaftLogWorker (SegmentedRaftLogWorker.java:getFromFuture(90)) - Timeout 0/~
org.apache.ratis.protocol.TimeoutIOException: Timeout 10s: WriteLog:12: (t:2, i:12), STATEMACHINELOGENTRY, client-552194EA954E, cid=25-writeStateMachineData
	at org.apache.ratis.util.IOUtils.getFromFuture(IOUtils.java:87)
	at org.apache.ratis.server.raftlog.segmented.SegmentedRaftLogWorker$StateMachineDataPolicy.getFromFuture(SegmentedRaftLogWorker.java:87)
	at org.apache.ratis.server.raftlog.segmented.SegmentedRaftLogWorker$WriteLog.execute(SegmentedRaftLogWorker.java:477)
	at org.apache.ratis.server.raftlog.segmented.SegmentedRaftLogWorker.run(SegmentedRaftLogWorker.java:289)
	at java.lang.Thread.run(Thread.java:748)
Caused by: java.util.concurrent.TimeoutException
	at java.util.concurrent.CompletableFuture.timedGet(CompletableFuture.java:1771)
	at java.util.concurrent.CompletableFuture.get(CompletableFuture.java:1915)
	at org.apache.ratis.util.IOUtils.getFromFuture(IOUtils.java:79)
	... 4 more
2019-09-17 15:14:40,767 [319da950-6258-4a15-a10a-9ff19688a457@group-9AD4355EB7C4-SegmentedRaftLogWorker] WARN  segmented.SegmentedRaftLogWorker (SegmentedRaftLogWorker.java:getFromFuture(90)) - Timeout 0/~
org.apache.ratis.protocol.TimeoutIOException: Timeout 10s: WriteLog:12: (t:2, i:12), STATEMACHINELOGENTRY, client-552194EA954E, cid=25-writeStateMachineData
	at org.apache.ratis.util.IOUtils.getFromFuture(IOUtils.java:87)
	at org.apache.ratis.server.raftlog.segmented.SegmentedRaftLogWorker$StateMachineDataPolicy.getFromFuture(SegmentedRaftLogWorker.java:87)
	at org.apache.ratis.server.raftlog.segmented.SegmentedRaftLogWorker$WriteLog.execute(SegmentedRaftLogWorker.java:477)
	at org.apache.ratis.server.raftlog.segmented.SegmentedRaftLogWorker.run(SegmentedRaftLogWorker.java:289)
	at java.lang.Thread.run(Thread.java:748)
Caused by: java.util.concurrent.TimeoutException
	at java.util.concurrent.CompletableFuture.timedGet(CompletableFuture.java:1771)
	at java.util.concurrent.CompletableFuture.get(CompletableFuture.java:1915)
	at org.apache.ratis.util.IOUtils.getFromFuture(IOUtils.java:79)
	... 4 more
2019-09-17 15:14:40,767 [78eb98d0-10ad-403d-ab68-3e803fb8ec72@group-9AD4355EB7C4-SegmentedRaftLogWorker] WARN  segmented.SegmentedRaftLogWorker (SegmentedRaftLogWorker.java:getFromFuture(90)) - Timeout 0/~
org.apache.ratis.protocol.TimeoutIOException: Timeout 10s: WriteLog:12: (t:2, i:12), STATEMACHINELOGENTRY, client-552194EA954E, cid=25-writeStateMachineData
	at org.apache.ratis.util.IOUtils.getFromFuture(IOUtils.java:87)
	at org.apache.ratis.server.raftlog.segmented.SegmentedRaftLogWorker$StateMachineDataPolicy.getFromFuture(SegmentedRaftLogWorker.java:87)
	at org.apache.ratis.server.raftlog.segmented.SegmentedRaftLogWorker$WriteLog.execute(SegmentedRaftLogWorker.java:477)
	at org.apache.ratis.server.raftlog.segmented.SegmentedRaftLogWorker.run(SegmentedRaftLogWorker.java:289)
	at java.lang.Thread.run(Thread.java:748)
Caused by: java.util.concurrent.TimeoutException
	at java.util.concurrent.CompletableFuture.timedGet(CompletableFuture.java:1771)
	at java.util.concurrent.CompletableFuture.get(CompletableFuture.java:1915)
	at org.apache.ratis.util.IOUtils.getFromFuture(IOUtils.java:79)
	... 4 more
2019-09-17 15:14:40,844 [grpc-default-executor-1] INFO  client.GrpcClientProtocolClient (GrpcClientProtocolClient.java:onNext(264)) - client-552194EA954E->319da950-6258-4a15-a10a-9ff19688a457: receive RaftClientReply:client-552194EA954E->319da950-6258-4a15-a10a-9ff19688a457@group-9AD4355EB7C4, cid=24, FAILED org.apache.ratis.protocol.NotLeaderException: Server 319da950-6258-4a15-a10a-9ff19688a457@group-9AD4355EB7C4 is not the leader 78eb98d0-10ad-403d-ab68-3e803fb8ec72:192.168.151.72:34014, logIndex=0, commits[319da950-6258-4a15-a10a-9ff19688a457:c10, 18c72976-30e0-4eea-a5a6-85bddbc481ac:c6, 78eb98d0-10ad-403d-ab68-3e803fb8ec72:c10]
2019-09-17 15:14:41,189 [java.util.concurrent.ThreadPoolExecutor$Worker@68950335[State = -1, empty queue]] WARN  server.GrpcLogAppender (GrpcLogAppender.java:timeoutAppendRequest(200)) - 78eb98d0-10ad-403d-ab68-3e803fb8ec72@group-9AD4355EB7C4->319da950-6258-4a15-a10a-9ff19688a457-GrpcLogAppender: appendEntries Timeout, request=78eb98d0-10ad-403d-ab68-3e803fb8ec72->319da950-6258-4a15-a10a-9ff19688a457#20-t2, previous=(t:2, i:16), leaderCommit=10, initializing? false, entries: <empty>
2019-09-17 15:14:41,189 [java.util.concurrent.ThreadPoolExecutor$Worker@683ed9e2[State = -1, empty queue]] WARN  server.GrpcLogAppender (GrpcLogAppender.java:timeoutAppendRequest(200)) - 78eb98d0-10ad-403d-ab68-3e803fb8ec72@group-9AD4355EB7C4->18c72976-30e0-4eea-a5a6-85bddbc481ac-GrpcLogAppender: appendEntries Timeout, request=78eb98d0-10ad-403d-ab68-3e803fb8ec72->18c72976-30e0-4eea-a5a6-85bddbc481ac#20-t2, previous=(t:2, i:16), leaderCommit=10, initializing? false, entries: <empty>
2019-09-17 15:14:43,690 [java.util.concurrent.ThreadPoolExecutor$Worker@68950335[State = -1, empty queue]] WARN  server.GrpcLogAppender (GrpcLogAppender.java:timeoutAppendRequest(200)) - 78eb98d0-10ad-403d-ab68-3e803fb8ec72@group-9AD4355EB7C4->319da950-6258-4a15-a10a-9ff19688a457-GrpcLogAppender: appendEntries Timeout, request=78eb98d0-10ad-403d-ab68-3e803fb8ec72->319da950-6258-4a15-a10a-9ff19688a457#21-t2, previous=(t:2, i:16), leaderCommit=10, initializing? false, entries: <empty>
2019-09-17 15:14:43,690 [java.util.concurrent.ThreadPoolExecutor$Worker@683ed9e2[State = -1, empty queue]] WARN  server.GrpcLogAppender (GrpcLogAppender.java:timeoutAppendRequest(200)) - 78eb98d0-10ad-403d-ab68-3e803fb8ec72@group-9AD4355EB7C4->18c72976-30e0-4eea-a5a6-85bddbc481ac-GrpcLogAppender: appendEntries Timeout, request=78eb98d0-10ad-403d-ab68-3e803fb8ec72->18c72976-30e0-4eea-a5a6-85bddbc481ac#21-t2, previous=(t:2, i:16), leaderCommit=10, initializing? false, entries: <empty>
2019-09-17 15:14:45,894 [grpc-default-executor-2] INFO  client.GrpcClientProtocolClient (GrpcClientProtocolClient.java:onNext(264)) - client-552194EA954E->18c72976-30e0-4eea-a5a6-85bddbc481ac: receive RaftClientReply:client-552194EA954E->18c72976-30e0-4eea-a5a6-85bddbc481ac@group-9AD4355EB7C4, cid=24, FAILED org.apache.ratis.protocol.NotLeaderException: Server 18c72976-30e0-4eea-a5a6-85bddbc481ac@group-9AD4355EB7C4 is not the leader 78eb98d0-10ad-403d-ab68-3e803fb8ec72:192.168.151.72:34014, logIndex=0, commits[18c72976-30e0-4eea-a5a6-85bddbc481ac:c10, 78eb98d0-10ad-403d-ab68-3e803fb8ec72:c10, 319da950-6258-4a15-a10a-9ff19688a457:c6]
2019-09-17 15:14:46,191 [java.util.concurrent.ThreadPoolExecutor$Worker@683ed9e2[State = -1, empty queue]] WARN  server.GrpcLogAppender (GrpcLogAppender.java:timeoutAppendRequest(200)) - 78eb98d0-10ad-403d-ab68-3e803fb8ec72@group-9AD4355EB7C4->18c72976-30e0-4eea-a5a6-85bddbc481ac-GrpcLogAppender: appendEntries Timeout, request=78eb98d0-10ad-403d-ab68-3e803fb8ec72->18c72976-30e0-4eea-a5a6-85bddbc481ac#22-t2, previous=(t:2, i:16), leaderCommit=10, initializing? false, entries: <empty>
2019-09-17 15:14:46,191 [java.util.concurrent.ThreadPoolExecutor$Worker@68950335[State = -1, empty queue]] WARN  server.GrpcLogAppender (GrpcLogAppender.java:timeoutAppendRequest(200)) - 78eb98d0-10ad-403d-ab68-3e803fb8ec72@group-9AD4355EB7C4->319da950-6258-4a15-a10a-9ff19688a457-GrpcLogAppender: appendEntries Timeout, request=78eb98d0-10ad-403d-ab68-3e803fb8ec72->319da950-6258-4a15-a10a-9ff19688a457#22-t2, previous=(t:2, i:16), leaderCommit=10, initializing? false, entries: <empty>
2019-09-17 15:14:48,692 [java.util.concurrent.ThreadPoolExecutor$Worker@683ed9e2[State = -1, empty queue]] WARN  server.GrpcLogAppender (GrpcLogAppender.java:timeoutAppendRequest(200)) - 78eb98d0-10ad-403d-ab68-3e803fb8ec72@group-9AD4355EB7C4->18c72976-30e0-4eea-a5a6-85bddbc481ac-GrpcLogAppender: appendEntries Timeout, request=78eb98d0-10ad-403d-ab68-3e803fb8ec72->18c72976-30e0-4eea-a5a6-85bddbc481ac#23-t2, previous=(t:2, i:16), leaderCommit=10, initializing? false, entries: <empty>
2019-09-17 15:14:48,692 [java.util.concurrent.ThreadPoolExecutor$Worker@68950335[State = -1, empty queue]] WARN  server.GrpcLogAppender (GrpcLogAppender.java:timeoutAppendRequest(200)) - 78eb98d0-10ad-403d-ab68-3e803fb8ec72@group-9AD4355EB7C4->319da950-6258-4a15-a10a-9ff19688a457-GrpcLogAppender: appendEntries Timeout, request=78eb98d0-10ad-403d-ab68-3e803fb8ec72->319da950-6258-4a15-a10a-9ff19688a457#23-t2, previous=(t:2, i:16), leaderCommit=10, initializing? false, entries: <empty>
2019-09-17 15:14:50,770 [319da950-6258-4a15-a10a-9ff19688a457@group-9AD4355EB7C4-SegmentedRaftLogWorker] WARN  segmented.SegmentedRaftLogWorker (SegmentedRaftLogWorker.java:getFromFuture(90)) - Timeout 1/~
org.apache.ratis.protocol.TimeoutIOException: Timeout 10s: WriteLog:12: (t:2, i:12), STATEMACHINELOGENTRY, client-552194EA954E, cid=25-writeStateMachineData
	at org.apache.ratis.util.IOUtils.getFromFuture(IOUtils.java:87)
	at org.apache.ratis.server.raftlog.segmented.SegmentedRaftLogWorker$StateMachineDataPolicy.getFromFuture(SegmentedRaftLogWorker.java:87)
	at org.apache.ratis.server.raftlog.segmented.SegmentedRaftLogWorker$WriteLog.execute(SegmentedRaftLogWorker.java:477)
	at org.apache.ratis.server.raftlog.segmented.SegmentedRaftLogWorker.run(SegmentedRaftLogWorker.java:289)
	at java.lang.Thread.run(Thread.java:748)
Caused by: java.util.concurrent.TimeoutException
	at java.util.concurrent.CompletableFuture.timedGet(CompletableFuture.java:1771)
	at java.util.concurrent.CompletableFuture.get(CompletableFuture.java:1915)
	at org.apache.ratis.util.IOUtils.getFromFuture(IOUtils.java:79)
	... 4 more
2019-09-17 15:14:50,770 [78eb98d0-10ad-403d-ab68-3e803fb8ec72@group-9AD4355EB7C4-SegmentedRaftLogWorker] WARN  segmented.SegmentedRaftLogWorker (SegmentedRaftLogWorker.java:getFromFuture(90)) - Timeout 1/~
org.apache.ratis.protocol.TimeoutIOException: Timeout 10s: WriteLog:12: (t:2, i:12), STATEMACHINELOGENTRY, client-552194EA954E, cid=25-writeStateMachineData
	at org.apache.ratis.util.IOUtils.getFromFuture(IOUtils.java:87)
	at org.apache.ratis.server.raftlog.segmented.SegmentedRaftLogWorker$StateMachineDataPolicy.getFromFuture(SegmentedRaftLogWorker.java:87)
	at org.apache.ratis.server.raftlog.segmented.SegmentedRaftLogWorker$WriteLog.execute(SegmentedRaftLogWorker.java:477)
	at org.apache.ratis.server.raftlog.segmented.SegmentedRaftLogWorker.run(SegmentedRaftLogWorker.java:289)
	at java.lang.Thread.run(Thread.java:748)
Caused by: java.util.concurrent.TimeoutException
	at java.util.concurrent.CompletableFuture.timedGet(CompletableFuture.java:1771)
	at java.util.concurrent.CompletableFuture.get(CompletableFuture.java:1915)
	at org.apache.ratis.util.IOUtils.getFromFuture(IOUtils.java:79)
	... 4 more
2019-09-17 15:14:50,770 [18c72976-30e0-4eea-a5a6-85bddbc481ac@group-9AD4355EB7C4-SegmentedRaftLogWorker] WARN  segmented.SegmentedRaftLogWorker (SegmentedRaftLogWorker.java:getFromFuture(90)) - Timeout 1/~
org.apache.ratis.protocol.TimeoutIOException: Timeout 10s: WriteLog:12: (t:2, i:12), STATEMACHINELOGENTRY, client-552194EA954E, cid=25-writeStateMachineData
	at org.apache.ratis.util.IOUtils.getFromFuture(IOUtils.java:87)
	at org.apache.ratis.server.raftlog.segmented.SegmentedRaftLogWorker$StateMachineDataPolicy.getFromFuture(SegmentedRaftLogWorker.java:87)
	at org.apache.ratis.server.raftlog.segmented.SegmentedRaftLogWorker$WriteLog.execute(SegmentedRaftLogWorker.java:477)
	at org.apache.ratis.server.raftlog.segmented.SegmentedRaftLogWorker.run(SegmentedRaftLogWorker.java:289)
	at java.lang.Thread.run(Thread.java:748)
Caused by: java.util.concurrent.TimeoutException
	at java.util.concurrent.CompletableFuture.timedGet(CompletableFuture.java:1771)
	at java.util.concurrent.CompletableFuture.get(CompletableFuture.java:1915)
	at org.apache.ratis.util.IOUtils.getFromFuture(IOUtils.java:79)
	... 4 more
2019-09-17 15:14:50,955 [grpc-default-executor-2] INFO  client.GrpcClientProtocolClient (GrpcClientProtocolClient.java:onNext(264)) - client-552194EA954E->18c72976-30e0-4eea-a5a6-85bddbc481ac: receive RaftClientReply:client-552194EA954E->18c72976-30e0-4eea-a5a6-85bddbc481ac@group-9AD4355EB7C4, cid=24, FAILED org.apache.ratis.protocol.NotLeaderException: Server 18c72976-30e0-4eea-a5a6-85bddbc481ac@group-9AD4355EB7C4 is not the leader 78eb98d0-10ad-403d-ab68-3e803fb8ec72:192.168.151.72:34014, logIndex=0, commits[18c72976-30e0-4eea-a5a6-85bddbc481ac:c10, 78eb98d0-10ad-403d-ab68-3e803fb8ec72:c10, 319da950-6258-4a15-a10a-9ff19688a457:c6]
2019-09-17 15:14:51,193 [java.util.concurrent.ThreadPoolExecutor$Worker@68950335[State = -1, empty queue]] WARN  server.GrpcLogAppender (GrpcLogAppender.java:timeoutAppendRequest(200)) - 78eb98d0-10ad-403d-ab68-3e803fb8ec72@group-9AD4355EB7C4->319da950-6258-4a15-a10a-9ff19688a457-GrpcLogAppender: appendEntries Timeout, request=78eb98d0-10ad-403d-ab68-3e803fb8ec72->319da950-6258-4a15-a10a-9ff19688a457#24-t2, previous=(t:2, i:16), leaderCommit=10, initializing? false, entries: <empty>
2019-09-17 15:14:51,193 [java.util.concurrent.ThreadPoolExecutor$Worker@683ed9e2[State = -1, empty queue]] WARN  server.GrpcLogAppender (GrpcLogAppender.java:timeoutAppendRequest(200)) - 78eb98d0-10ad-403d-ab68-3e803fb8ec72@group-9AD4355EB7C4->18c72976-30e0-4eea-a5a6-85bddbc481ac-GrpcLogAppender: appendEntries Timeout, request=78eb98d0-10ad-403d-ab68-3e803fb8ec72->18c72976-30e0-4eea-a5a6-85bddbc481ac#24-t2, previous=(t:2, i:16), leaderCommit=10, initializing? false, entries: <empty>
2019-09-17 15:14:53,695 [java.util.concurrent.ThreadPoolExecutor$Worker@683ed9e2[State = -1, empty queue]] WARN  server.GrpcLogAppender (GrpcLogAppender.java:timeoutAppendRequest(200)) - 78eb98d0-10ad-403d-ab68-3e803fb8ec72@group-9AD4355EB7C4->18c72976-30e0-4eea-a5a6-85bddbc481ac-GrpcLogAppender: appendEntries Timeout, request=78eb98d0-10ad-403d-ab68-3e803fb8ec72->18c72976-30e0-4eea-a5a6-85bddbc481ac#25-t2, previous=(t:2, i:16), leaderCommit=10, initializing? false, entries: <empty>
2019-09-17 15:14:53,695 [java.util.concurrent.ThreadPoolExecutor$Worker@68950335[State = -1, empty queue]] WARN  server.GrpcLogAppender (GrpcLogAppender.java:timeoutAppendRequest(200)) - 78eb98d0-10ad-403d-ab68-3e803fb8ec72@group-9AD4355EB7C4->319da950-6258-4a15-a10a-9ff19688a457-GrpcLogAppender: appendEntries Timeout, request=78eb98d0-10ad-403d-ab68-3e803fb8ec72->319da950-6258-4a15-a10a-9ff19688a457#25-t2, previous=(t:2, i:16), leaderCommit=10, initializing? false, entries: <empty>
2019-09-17 15:14:56,052 [grpc-default-executor-1] INFO  client.GrpcClientProtocolClient (GrpcClientProtocolClient.java:onNext(264)) - client-552194EA954E->18c72976-30e0-4eea-a5a6-85bddbc481ac: receive RaftClientReply:client-552194EA954E->18c72976-30e0-4eea-a5a6-85bddbc481ac@group-9AD4355EB7C4, cid=24, FAILED org.apache.ratis.protocol.NotLeaderException: Server 18c72976-30e0-4eea-a5a6-85bddbc481ac@group-9AD4355EB7C4 is not the leader 78eb98d0-10ad-403d-ab68-3e803fb8ec72:192.168.151.72:34014, logIndex=0, commits[18c72976-30e0-4eea-a5a6-85bddbc481ac:c10, 78eb98d0-10ad-403d-ab68-3e803fb8ec72:c10, 319da950-6258-4a15-a10a-9ff19688a457:c6]
2019-09-17 15:14:56,195 [java.util.concurrent.ThreadPoolExecutor$Worker@68950335[State = -1, empty queue]] WARN  server.GrpcLogAppender (GrpcLogAppender.java:timeoutAppendRequest(200)) - 78eb98d0-10ad-403d-ab68-3e803fb8ec72@group-9AD4355EB7C4->319da950-6258-4a15-a10a-9ff19688a457-GrpcLogAppender: appendEntries Timeout, request=78eb98d0-10ad-403d-ab68-3e803fb8ec72->319da950-6258-4a15-a10a-9ff19688a457#26-t2, previous=(t:2, i:16), leaderCommit=10, initializing? false, entries: <empty>
2019-09-17 15:14:56,195 [java.util.concurrent.ThreadPoolExecutor$Worker@683ed9e2[State = -1, empty queue]] WARN  server.GrpcLogAppender (GrpcLogAppender.java:timeoutAppendRequest(200)) - 78eb98d0-10ad-403d-ab68-3e803fb8ec72@group-9AD4355EB7C4->18c72976-30e0-4eea-a5a6-85bddbc481ac-GrpcLogAppender: appendEntries Timeout, request=78eb98d0-10ad-403d-ab68-3e803fb8ec72->18c72976-30e0-4eea-a5a6-85bddbc481ac#26-t2, previous=(t:2, i:16), leaderCommit=10, initializing? false, entries: <empty>
2019-09-17 15:14:58,696 [java.util.concurrent.ThreadPoolExecutor$Worker@68950335[State = -1, empty queue]] WARN  server.GrpcLogAppender (GrpcLogAppender.java:timeoutAppendRequest(200)) - 78eb98d0-10ad-403d-ab68-3e803fb8ec72@group-9AD4355EB7C4->319da950-6258-4a15-a10a-9ff19688a457-GrpcLogAppender: appendEntries Timeout, request=78eb98d0-10ad-403d-ab68-3e803fb8ec72->319da950-6258-4a15-a10a-9ff19688a457#27-t2, previous=(t:2, i:16), leaderCommit=10, initializing? false, entries: <empty>
2019-09-17 15:14:58,696 [java.util.concurrent.ThreadPoolExecutor$Worker@683ed9e2[State = -1, empty queue]] WARN  server.GrpcLogAppender (GrpcLogAppender.java:timeoutAppendRequest(200)) - 78eb98d0-10ad-403d-ab68-3e803fb8ec72@group-9AD4355EB7C4->18c72976-30e0-4eea-a5a6-85bddbc481ac-GrpcLogAppender: appendEntries Timeout, request=78eb98d0-10ad-403d-ab68-3e803fb8ec72->18c72976-30e0-4eea-a5a6-85bddbc481ac#27-t2, previous=(t:2, i:16), leaderCommit=10, initializing? false, entries: <empty>
2019-09-17 15:15:00,772 [319da950-6258-4a15-a10a-9ff19688a457@group-9AD4355EB7C4-SegmentedRaftLogWorker] WARN  segmented.SegmentedRaftLogWorker (SegmentedRaftLogWorker.java:getFromFuture(90)) - Timeout 2/~
org.apache.ratis.protocol.TimeoutIOException: Timeout 10s: WriteLog:12: (t:2, i:12), STATEMACHINELOGENTRY, client-552194EA954E, cid=25-writeStateMachineData
	at org.apache.ratis.util.IOUtils.getFromFuture(IOUtils.java:87)
	at org.apache.ratis.server.raftlog.segmented.SegmentedRaftLogWorker$StateMachineDataPolicy.getFromFuture(SegmentedRaftLogWorker.java:87)
	at org.apache.ratis.server.raftlog.segmented.SegmentedRaftLogWorker$WriteLog.execute(SegmentedRaftLogWorker.java:477)
	at org.apache.ratis.server.raftlog.segmented.SegmentedRaftLogWorker.run(SegmentedRaftLogWorker.java:289)
	at java.lang.Thread.run(Thread.java:748)
Caused by: java.util.concurrent.TimeoutException
	at java.util.concurrent.CompletableFuture.timedGet(CompletableFuture.java:1771)
	at java.util.concurrent.CompletableFuture.get(CompletableFuture.java:1915)
	at org.apache.ratis.util.IOUtils.getFromFuture(IOUtils.java:79)
	... 4 more
2019-09-17 15:15:00,773 [18c72976-30e0-4eea-a5a6-85bddbc481ac@group-9AD4355EB7C4-SegmentedRaftLogWorker] WARN  segmented.SegmentedRaftLogWorker (SegmentedRaftLogWorker.java:getFromFuture(90)) - Timeout 2/~
org.apache.ratis.protocol.TimeoutIOException: Timeout 10s: WriteLog:12: (t:2, i:12), STATEMACHINELOGENTRY, client-552194EA954E, cid=25-writeStateMachineData
	at org.apache.ratis.util.IOUtils.getFromFuture(IOUtils.java:87)
	at org.apache.ratis.server.raftlog.segmented.SegmentedRaftLogWorker$StateMachineDataPolicy.getFromFuture(SegmentedRaftLogWorker.java:87)
	at org.apache.ratis.server.raftlog.segmented.SegmentedRaftLogWorker$WriteLog.execute(SegmentedRaftLogWorker.java:477)
	at org.apache.ratis.server.raftlog.segmented.SegmentedRaftLogWorker.run(SegmentedRaftLogWorker.java:289)
	at java.lang.Thread.run(Thread.java:748)
Caused by: java.util.concurrent.TimeoutException
	at java.util.concurrent.CompletableFuture.timedGet(CompletableFuture.java:1771)
	at java.util.concurrent.CompletableFuture.get(CompletableFuture.java:1915)
	at org.apache.ratis.util.IOUtils.getFromFuture(IOUtils.java:79)
	... 4 more
2019-09-17 15:15:00,772 [78eb98d0-10ad-403d-ab68-3e803fb8ec72@group-9AD4355EB7C4-SegmentedRaftLogWorker] WARN  segmented.SegmentedRaftLogWorker (SegmentedRaftLogWorker.java:getFromFuture(90)) - Timeout 2/~
org.apache.ratis.protocol.TimeoutIOException: Timeout 10s: WriteLog:12: (t:2, i:12), STATEMACHINELOGENTRY, client-552194EA954E, cid=25-writeStateMachineData
	at org.apache.ratis.util.IOUtils.getFromFuture(IOUtils.java:87)
	at org.apache.ratis.server.raftlog.segmented.SegmentedRaftLogWorker$StateMachineDataPolicy.getFromFuture(SegmentedRaftLogWorker.java:87)
	at org.apache.ratis.server.raftlog.segmented.SegmentedRaftLogWorker$WriteLog.execute(SegmentedRaftLogWorker.java:477)
	at org.apache.ratis.server.raftlog.segmented.SegmentedRaftLogWorker.run(SegmentedRaftLogWorker.java:289)
	at java.lang.Thread.run(Thread.java:748)
Caused by: java.util.concurrent.TimeoutException
	at java.util.concurrent.CompletableFuture.timedGet(CompletableFuture.java:1771)
	at java.util.concurrent.CompletableFuture.get(CompletableFuture.java:1915)
	at org.apache.ratis.util.IOUtils.getFromFuture(IOUtils.java:79)
	... 4 more
2019-09-17 15:15:01,094 [grpc-default-executor-1] INFO  client.GrpcClientProtocolClient (GrpcClientProtocolClient.java:onNext(264)) - client-552194EA954E->18c72976-30e0-4eea-a5a6-85bddbc481ac: receive RaftClientReply:client-552194EA954E->18c72976-30e0-4eea-a5a6-85bddbc481ac@group-9AD4355EB7C4, cid=24, FAILED org.apache.ratis.protocol.NotLeaderException: Server 18c72976-30e0-4eea-a5a6-85bddbc481ac@group-9AD4355EB7C4 is not the leader 78eb98d0-10ad-403d-ab68-3e803fb8ec72:192.168.151.72:34014, logIndex=0, commits[18c72976-30e0-4eea-a5a6-85bddbc481ac:c10, 78eb98d0-10ad-403d-ab68-3e803fb8ec72:c10, 319da950-6258-4a15-a10a-9ff19688a457:c6]
2019-09-17 15:15:01,196 [java.util.concurrent.ThreadPoolExecutor$Worker@683ed9e2[State = -1, empty queue]] WARN  server.GrpcLogAppender (GrpcLogAppender.java:timeoutAppendRequest(200)) - 78eb98d0-10ad-403d-ab68-3e803fb8ec72@group-9AD4355EB7C4->18c72976-30e0-4eea-a5a6-85bddbc481ac-GrpcLogAppender: appendEntries Timeout, request=78eb98d0-10ad-403d-ab68-3e803fb8ec72->18c72976-30e0-4eea-a5a6-85bddbc481ac#28-t2, previous=(t:2, i:16), leaderCommit=10, initializing? false, entries: <empty>
2019-09-17 15:15:01,196 [java.util.concurrent.ThreadPoolExecutor$Worker@68950335[State = -1, empty queue]] WARN  server.GrpcLogAppender (GrpcLogAppender.java:timeoutAppendRequest(200)) - 78eb98d0-10ad-403d-ab68-3e803fb8ec72@group-9AD4355EB7C4->319da950-6258-4a15-a10a-9ff19688a457-GrpcLogAppender: appendEntries Timeout, request=78eb98d0-10ad-403d-ab68-3e803fb8ec72->319da950-6258-4a15-a10a-9ff19688a457#28-t2, previous=(t:2, i:16), leaderCommit=10, initializing? false, entries: <empty>
2019-09-17 15:15:03,698 [java.util.concurrent.ThreadPoolExecutor$Worker@68950335[State = -1, empty queue]] WARN  server.GrpcLogAppender (GrpcLogAppender.java:timeoutAppendRequest(200)) - 78eb98d0-10ad-403d-ab68-3e803fb8ec72@group-9AD4355EB7C4->319da950-6258-4a15-a10a-9ff19688a457-GrpcLogAppender: appendEntries Timeout, request=78eb98d0-10ad-403d-ab68-3e803fb8ec72->319da950-6258-4a15-a10a-9ff19688a457#29-t2, previous=(t:2, i:16), leaderCommit=10, initializing? false, entries: <empty>
2019-09-17 15:15:03,698 [java.util.concurrent.ThreadPoolExecutor$Worker@683ed9e2[State = -1, empty queue]] WARN  server.GrpcLogAppender (GrpcLogAppender.java:timeoutAppendRequest(200)) - 78eb98d0-10ad-403d-ab68-3e803fb8ec72@group-9AD4355EB7C4->18c72976-30e0-4eea-a5a6-85bddbc481ac-GrpcLogAppender: appendEntries Timeout, request=78eb98d0-10ad-403d-ab68-3e803fb8ec72->18c72976-30e0-4eea-a5a6-85bddbc481ac#29-t2, previous=(t:2, i:16), leaderCommit=10, initializing? false, entries: <empty>
2019-09-17 15:15:06,154 [grpc-default-executor-2] INFO  client.GrpcClientProtocolClient (GrpcClientProtocolClient.java:onNext(264)) - client-552194EA954E->18c72976-30e0-4eea-a5a6-85bddbc481ac: receive RaftClientReply:client-552194EA954E->18c72976-30e0-4eea-a5a6-85bddbc481ac@group-9AD4355EB7C4, cid=24, FAILED org.apache.ratis.protocol.NotLeaderException: Server 18c72976-30e0-4eea-a5a6-85bddbc481ac@group-9AD4355EB7C4 is not the leader 78eb98d0-10ad-403d-ab68-3e803fb8ec72:192.168.151.72:34014, logIndex=0, commits[18c72976-30e0-4eea-a5a6-85bddbc481ac:c10, 78eb98d0-10ad-403d-ab68-3e803fb8ec72:c10, 319da950-6258-4a15-a10a-9ff19688a457:c6]
2019-09-17 15:15:06,198 [java.util.concurrent.ThreadPoolExecutor$Worker@68950335[State = -1, empty queue]] WARN  server.GrpcLogAppender (GrpcLogAppender.java:timeoutAppendRequest(200)) - 78eb98d0-10ad-403d-ab68-3e803fb8ec72@group-9AD4355EB7C4->319da950-6258-4a15-a10a-9ff19688a457-GrpcLogAppender: appendEntries Timeout, request=78eb98d0-10ad-403d-ab68-3e803fb8ec72->319da950-6258-4a15-a10a-9ff19688a457#30-t2, previous=(t:2, i:16), leaderCommit=10, initializing? false, entries: <empty>
2019-09-17 15:15:06,198 [java.util.concurrent.ThreadPoolExecutor$Worker@683ed9e2[State = -1, empty queue]] WARN  server.GrpcLogAppender (GrpcLogAppender.java:timeoutAppendRequest(200)) - 78eb98d0-10ad-403d-ab68-3e803fb8ec72@group-9AD4355EB7C4->18c72976-30e0-4eea-a5a6-85bddbc481ac-GrpcLogAppender: appendEntries Timeout, request=78eb98d0-10ad-403d-ab68-3e803fb8ec72->18c72976-30e0-4eea-a5a6-85bddbc481ac#30-t2, previous=(t:2, i:16), leaderCommit=10, initializing? false, entries: <empty>
2019-09-17 15:15:08,699 [java.util.concurrent.ThreadPoolExecutor$Worker@68950335[State = -1, empty queue]] WARN  server.GrpcLogAppender (GrpcLogAppender.java:timeoutAppendRequest(200)) - 78eb98d0-10ad-403d-ab68-3e803fb8ec72@group-9AD4355EB7C4->319da950-6258-4a15-a10a-9ff19688a457-GrpcLogAppender: appendEntries Timeout, request=78eb98d0-10ad-403d-ab68-3e803fb8ec72->319da950-6258-4a15-a10a-9ff19688a457#31-t2, previous=(t:2, i:16), leaderCommit=10, initializing? false, entries: <empty>
2019-09-17 15:15:08,699 [java.util.concurrent.ThreadPoolExecutor$Worker@683ed9e2[State = -1, empty queue]] WARN  server.GrpcLogAppender (GrpcLogAppender.java:timeoutAppendRequest(200)) - 78eb98d0-10ad-403d-ab68-3e803fb8ec72@group-9AD4355EB7C4->18c72976-30e0-4eea-a5a6-85bddbc481ac-GrpcLogAppender: appendEntries Timeout, request=78eb98d0-10ad-403d-ab68-3e803fb8ec72->18c72976-30e0-4eea-a5a6-85bddbc481ac#31-t2, previous=(t:2, i:16), leaderCommit=10, initializing? false, entries: <empty>
2019-09-17 15:15:10,774 [319da950-6258-4a15-a10a-9ff19688a457@group-9AD4355EB7C4-SegmentedRaftLogWorker] WARN  segmented.SegmentedRaftLogWorker (SegmentedRaftLogWorker.java:getFromFuture(90)) - Timeout 3/~
org.apache.ratis.protocol.TimeoutIOException: Timeout 10s: WriteLog:12: (t:2, i:12), STATEMACHINELOGENTRY, client-552194EA954E, cid=25-writeStateMachineData
	at org.apache.ratis.util.IOUtils.getFromFuture(IOUtils.java:87)
	at org.apache.ratis.server.raftlog.segmented.SegmentedRaftLogWorker$StateMachineDataPolicy.getFromFuture(SegmentedRaftLogWorker.java:87)
	at org.apache.ratis.server.raftlog.segmented.SegmentedRaftLogWorker$WriteLog.execute(SegmentedRaftLogWorker.java:477)
	at org.apache.ratis.server.raftlog.segmented.SegmentedRaftLogWorker.run(SegmentedRaftLogWorker.java:289)
	at java.lang.Thread.run(Thread.java:748)
Caused by: java.util.concurrent.TimeoutException
	at java.util.concurrent.CompletableFuture.timedGet(CompletableFuture.java:1771)
	at java.util.concurrent.CompletableFuture.get(CompletableFuture.java:1915)
	at org.apache.ratis.util.IOUtils.getFromFuture(IOUtils.java:79)
	... 4 more
2019-09-17 15:15:10,775 [78eb98d0-10ad-403d-ab68-3e803fb8ec72@group-9AD4355EB7C4-SegmentedRaftLogWorker] WARN  segmented.SegmentedRaftLogWorker (SegmentedRaftLogWorker.java:getFromFuture(90)) - Timeout 3/~
org.apache.ratis.protocol.TimeoutIOException: Timeout 10s: WriteLog:12: (t:2, i:12), STATEMACHINELOGENTRY, client-552194EA954E, cid=25-writeStateMachineData
	at org.apache.ratis.util.IOUtils.getFromFuture(IOUtils.java:87)
	at org.apache.ratis.server.raftlog.segmented.SegmentedRaftLogWorker$StateMachineDataPolicy.getFromFuture(SegmentedRaftLogWorker.java:87)
	at org.apache.ratis.server.raftlog.segmented.SegmentedRaftLogWorker$WriteLog.execute(SegmentedRaftLogWorker.java:477)
	at org.apache.ratis.server.raftlog.segmented.SegmentedRaftLogWorker.run(SegmentedRaftLogWorker.java:289)
	at java.lang.Thread.run(Thread.java:748)
Caused by: java.util.concurrent.TimeoutException
	at java.util.concurrent.CompletableFuture.timedGet(CompletableFuture.java:1771)
	at java.util.concurrent.CompletableFuture.get(CompletableFuture.java:1915)
	at org.apache.ratis.util.IOUtils.getFromFuture(IOUtils.java:79)
	... 4 more
2019-09-17 15:15:10,774 [18c72976-30e0-4eea-a5a6-85bddbc481ac@group-9AD4355EB7C4-SegmentedRaftLogWorker] WARN  segmented.SegmentedRaftLogWorker (SegmentedRaftLogWorker.java:getFromFuture(90)) - Timeout 3/~
org.apache.ratis.protocol.TimeoutIOException: Timeout 10s: WriteLog:12: (t:2, i:12), STATEMACHINELOGENTRY, client-552194EA954E, cid=25-writeStateMachineData
	at org.apache.ratis.util.IOUtils.getFromFuture(IOUtils.java:87)
	at org.apache.ratis.server.raftlog.segmented.SegmentedRaftLogWorker$StateMachineDataPolicy.getFromFuture(SegmentedRaftLogWorker.java:87)
	at org.apache.ratis.server.raftlog.segmented.SegmentedRaftLogWorker$WriteLog.execute(SegmentedRaftLogWorker.java:477)
	at org.apache.ratis.server.raftlog.segmented.SegmentedRaftLogWorker.run(SegmentedRaftLogWorker.java:289)
	at java.lang.Thread.run(Thread.java:748)
Caused by: java.util.concurrent.TimeoutException
	at java.util.concurrent.CompletableFuture.timedGet(CompletableFuture.java:1771)
	at java.util.concurrent.CompletableFuture.get(CompletableFuture.java:1915)
	at org.apache.ratis.util.IOUtils.getFromFuture(IOUtils.java:79)
	... 4 more
2019-09-17 15:15:11,200 [java.util.concurrent.ThreadPoolExecutor$Worker@683ed9e2[State = -1, empty queue]] WARN  server.GrpcLogAppender (GrpcLogAppender.java:timeoutAppendRequest(200)) - 78eb98d0-10ad-403d-ab68-3e803fb8ec72@group-9AD4355EB7C4->18c72976-30e0-4eea-a5a6-85bddbc481ac-GrpcLogAppender: appendEntries Timeout, request=78eb98d0-10ad-403d-ab68-3e803fb8ec72->18c72976-30e0-4eea-a5a6-85bddbc481ac#32-t2, previous=(t:2, i:16), leaderCommit=10, initializing? false, entries: <empty>
2019-09-17 15:15:11,200 [java.util.concurrent.ThreadPoolExecutor$Worker@68950335[State = -1, empty queue]] WARN  server.GrpcLogAppender (GrpcLogAppender.java:timeoutAppendRequest(200)) - 78eb98d0-10ad-403d-ab68-3e803fb8ec72@group-9AD4355EB7C4->319da950-6258-4a15-a10a-9ff19688a457-GrpcLogAppender: appendEntries Timeout, request=78eb98d0-10ad-403d-ab68-3e803fb8ec72->319da950-6258-4a15-a10a-9ff19688a457#32-t2, previous=(t:2, i:16), leaderCommit=10, initializing? false, entries: <empty>
2019-09-17 15:15:11,206 [grpc-default-executor-0] INFO  client.GrpcClientProtocolClient (GrpcClientProtocolClient.java:onNext(264)) - client-552194EA954E->319da950-6258-4a15-a10a-9ff19688a457: receive RaftClientReply:client-552194EA954E->319da950-6258-4a15-a10a-9ff19688a457@group-9AD4355EB7C4, cid=24, FAILED org.apache.ratis.protocol.NotLeaderException: Server 319da950-6258-4a15-a10a-9ff19688a457@group-9AD4355EB7C4 is not the leader 78eb98d0-10ad-403d-ab68-3e803fb8ec72:192.168.151.72:34014, logIndex=0, commits[319da950-6258-4a15-a10a-9ff19688a457:c10, 18c72976-30e0-4eea-a5a6-85bddbc481ac:c6, 78eb98d0-10ad-403d-ab68-3e803fb8ec72:c10]
2019-09-17 15:15:13,701 [java.util.concurrent.ThreadPoolExecutor$Worker@683ed9e2[State = -1, empty queue]] WARN  server.GrpcLogAppender (GrpcLogAppender.java:timeoutAppendRequest(200)) - 78eb98d0-10ad-403d-ab68-3e803fb8ec72@group-9AD4355EB7C4->18c72976-30e0-4eea-a5a6-85bddbc481ac-GrpcLogAppender: appendEntries Timeout, request=78eb98d0-10ad-403d-ab68-3e803fb8ec72->18c72976-30e0-4eea-a5a6-85bddbc481ac#33-t2, previous=(t:2, i:16), leaderCommit=10, initializing? false, entries: <empty>
2019-09-17 15:15:13,701 [java.util.concurrent.ThreadPoolExecutor$Worker@68950335[State = -1, empty queue]] WARN  server.GrpcLogAppender (GrpcLogAppender.java:timeoutAppendRequest(200)) - 78eb98d0-10ad-403d-ab68-3e803fb8ec72@group-9AD4355EB7C4->319da950-6258-4a15-a10a-9ff19688a457-GrpcLogAppender: appendEntries Timeout, request=78eb98d0-10ad-403d-ab68-3e803fb8ec72->319da950-6258-4a15-a10a-9ff19688a457#33-t2, previous=(t:2, i:16), leaderCommit=10, initializing? false, entries: <empty>
2019-09-17 15:15:16,202 [java.util.concurrent.ThreadPoolExecutor$Worker@68950335[State = -1, empty queue]] WARN  server.GrpcLogAppender (GrpcLogAppender.java:timeoutAppendRequest(200)) - 78eb98d0-10ad-403d-ab68-3e803fb8ec72@group-9AD4355EB7C4->319da950-6258-4a15-a10a-9ff19688a457-GrpcLogAppender: appendEntries Timeout, request=78eb98d0-10ad-403d-ab68-3e803fb8ec72->319da950-6258-4a15-a10a-9ff19688a457#34-t2, previous=(t:2, i:16), leaderCommit=10, initializing? false, entries: <empty>
2019-09-17 15:15:16,202 [java.util.concurrent.ThreadPoolExecutor$Worker@683ed9e2[State = -1, empty queue]] WARN  server.GrpcLogAppender (GrpcLogAppender.java:timeoutAppendRequest(200)) - 78eb98d0-10ad-403d-ab68-3e803fb8ec72@group-9AD4355EB7C4->18c72976-30e0-4eea-a5a6-85bddbc481ac-GrpcLogAppender: appendEntries Timeout, request=78eb98d0-10ad-403d-ab68-3e803fb8ec72->18c72976-30e0-4eea-a5a6-85bddbc481ac#34-t2, previous=(t:2, i:16), leaderCommit=10, initializing? false, entries: <empty>
2019-09-17 15:15:16,257 [grpc-default-executor-2] INFO  client.GrpcClientProtocolClient (GrpcClientProtocolClient.java:onNext(264)) - client-552194EA954E->18c72976-30e0-4eea-a5a6-85bddbc481ac: receive RaftClientReply:client-552194EA954E->18c72976-30e0-4eea-a5a6-85bddbc481ac@group-9AD4355EB7C4, cid=24, FAILED org.apache.ratis.protocol.NotLeaderException: Server 18c72976-30e0-4eea-a5a6-85bddbc481ac@group-9AD4355EB7C4 is not the leader 78eb98d0-10ad-403d-ab68-3e803fb8ec72:192.168.151.72:34014, logIndex=0, commits[18c72976-30e0-4eea-a5a6-85bddbc481ac:c10, 78eb98d0-10ad-403d-ab68-3e803fb8ec72:c10, 319da950-6258-4a15-a10a-9ff19688a457:c6]
2019-09-17 15:15:18,702 [java.util.concurrent.ThreadPoolExecutor$Worker@68950335[State = -1, empty queue]] WARN  server.GrpcLogAppender (GrpcLogAppender.java:timeoutAppendRequest(200)) - 78eb98d0-10ad-403d-ab68-3e803fb8ec72@group-9AD4355EB7C4->319da950-6258-4a15-a10a-9ff19688a457-GrpcLogAppender: appendEntries Timeout, request=78eb98d0-10ad-403d-ab68-3e803fb8ec72->319da950-6258-4a15-a10a-9ff19688a457#35-t2, previous=(t:2, i:16), leaderCommit=10, initializing? false, entries: <empty>
2019-09-17 15:15:18,702 [java.util.concurrent.ThreadPoolExecutor$Worker@683ed9e2[State = -1, empty queue]] WARN  server.GrpcLogAppender (GrpcLogAppender.java:timeoutAppendRequest(200)) - 78eb98d0-10ad-403d-ab68-3e803fb8ec72@group-9AD4355EB7C4->18c72976-30e0-4eea-a5a6-85bddbc481ac-GrpcLogAppender: appendEntries Timeout, request=78eb98d0-10ad-403d-ab68-3e803fb8ec72->18c72976-30e0-4eea-a5a6-85bddbc481ac#35-t2, previous=(t:2, i:16), leaderCommit=10, initializing? false, entries: <empty>
2019-09-17 15:15:20,777 [78eb98d0-10ad-403d-ab68-3e803fb8ec72@group-9AD4355EB7C4-SegmentedRaftLogWorker] WARN  segmented.SegmentedRaftLogWorker (SegmentedRaftLogWorker.java:getFromFuture(90)) - Timeout 4/~
org.apache.ratis.protocol.TimeoutIOException: Timeout 10s: WriteLog:12: (t:2, i:12), STATEMACHINELOGENTRY, client-552194EA954E, cid=25-writeStateMachineData
	at org.apache.ratis.util.IOUtils.getFromFuture(IOUtils.java:87)
	at org.apache.ratis.server.raftlog.segmented.SegmentedRaftLogWorker$StateMachineDataPolicy.getFromFuture(SegmentedRaftLogWorker.java:87)
	at org.apache.ratis.server.raftlog.segmented.SegmentedRaftLogWorker$WriteLog.execute(SegmentedRaftLogWorker.java:477)
	at org.apache.ratis.server.raftlog.segmented.SegmentedRaftLogWorker.run(SegmentedRaftLogWorker.java:289)
	at java.lang.Thread.run(Thread.java:748)
Caused by: java.util.concurrent.TimeoutException
	at java.util.concurrent.CompletableFuture.timedGet(CompletableFuture.java:1771)
	at java.util.concurrent.CompletableFuture.get(CompletableFuture.java:1915)
	at org.apache.ratis.util.IOUtils.getFromFuture(IOUtils.java:79)
	... 4 more
2019-09-17 15:15:20,777 [18c72976-30e0-4eea-a5a6-85bddbc481ac@group-9AD4355EB7C4-SegmentedRaftLogWorker] WARN  segmented.SegmentedRaftLogWorker (SegmentedRaftLogWorker.java:getFromFuture(90)) - Timeout 4/~
org.apache.ratis.protocol.TimeoutIOException: Timeout 10s: WriteLog:12: (t:2, i:12), STATEMACHINELOGENTRY, client-552194EA954E, cid=25-writeStateMachineData
	at org.apache.ratis.util.IOUtils.getFromFuture(IOUtils.java:87)
	at org.apache.ratis.server.raftlog.segmented.SegmentedRaftLogWorker$StateMachineDataPolicy.getFromFuture(SegmentedRaftLogWorker.java:87)
	at org.apache.ratis.server.raftlog.segmented.SegmentedRaftLogWorker$WriteLog.execute(SegmentedRaftLogWorker.java:477)
	at org.apache.ratis.server.raftlog.segmented.SegmentedRaftLogWorker.run(SegmentedRaftLogWorker.java:289)
	at java.lang.Thread.run(Thread.java:748)
Caused by: java.util.concurrent.TimeoutException
	at java.util.concurrent.CompletableFuture.timedGet(CompletableFuture.java:1771)
	at java.util.concurrent.CompletableFuture.get(CompletableFuture.java:1915)
	at org.apache.ratis.util.IOUtils.getFromFuture(IOUtils.java:79)
	... 4 more
2019-09-17 15:15:20,777 [319da950-6258-4a15-a10a-9ff19688a457@group-9AD4355EB7C4-SegmentedRaftLogWorker] WARN  segmented.SegmentedRaftLogWorker (SegmentedRaftLogWorker.java:getFromFuture(90)) - Timeout 4/~
org.apache.ratis.protocol.TimeoutIOException: Timeout 10s: WriteLog:12: (t:2, i:12), STATEMACHINELOGENTRY, client-552194EA954E, cid=25-writeStateMachineData
	at org.apache.ratis.util.IOUtils.getFromFuture(IOUtils.java:87)
	at org.apache.ratis.server.raftlog.segmented.SegmentedRaftLogWorker$StateMachineDataPolicy.getFromFuture(SegmentedRaftLogWorker.java:87)
	at org.apache.ratis.server.raftlog.segmented.SegmentedRaftLogWorker$WriteLog.execute(SegmentedRaftLogWorker.java:477)
	at org.apache.ratis.server.raftlog.segmented.SegmentedRaftLogWorker.run(SegmentedRaftLogWorker.java:289)
	at java.lang.Thread.run(Thread.java:748)
Caused by: java.util.concurrent.TimeoutException
	at java.util.concurrent.CompletableFuture.timedGet(CompletableFuture.java:1771)
	at java.util.concurrent.CompletableFuture.get(CompletableFuture.java:1915)
	at org.apache.ratis.util.IOUtils.getFromFuture(IOUtils.java:79)
	... 4 more
2019-09-17 15:15:21,203 [java.util.concurrent.ThreadPoolExecutor$Worker@68950335[State = -1, empty queue]] WARN  server.GrpcLogAppender (GrpcLogAppender.java:timeoutAppendRequest(200)) - 78eb98d0-10ad-403d-ab68-3e803fb8ec72@group-9AD4355EB7C4->319da950-6258-4a15-a10a-9ff19688a457-GrpcLogAppender: appendEntries Timeout, request=78eb98d0-10ad-403d-ab68-3e803fb8ec72->319da950-6258-4a15-a10a-9ff19688a457#36-t2, previous=(t:2, i:16), leaderCommit=10, initializing? false, entries: <empty>
2019-09-17 15:15:21,203 [java.util.concurrent.ThreadPoolExecutor$Worker@683ed9e2[State = -1, empty queue]] WARN  server.GrpcLogAppender (GrpcLogAppender.java:timeoutAppendRequest(200)) - 78eb98d0-10ad-403d-ab68-3e803fb8ec72@group-9AD4355EB7C4->18c72976-30e0-4eea-a5a6-85bddbc481ac-GrpcLogAppender: appendEntries Timeout, request=78eb98d0-10ad-403d-ab68-3e803fb8ec72->18c72976-30e0-4eea-a5a6-85bddbc481ac#36-t2, previous=(t:2, i:16), leaderCommit=10, initializing? false, entries: <empty>
2019-09-17 15:15:21,307 [grpc-default-executor-2] INFO  client.GrpcClientProtocolClient (GrpcClientProtocolClient.java:onNext(264)) - client-552194EA954E->319da950-6258-4a15-a10a-9ff19688a457: receive RaftClientReply:client-552194EA954E->319da950-6258-4a15-a10a-9ff19688a457@group-9AD4355EB7C4, cid=24, FAILED org.apache.ratis.protocol.NotLeaderException: Server 319da950-6258-4a15-a10a-9ff19688a457@group-9AD4355EB7C4 is not the leader 78eb98d0-10ad-403d-ab68-3e803fb8ec72:192.168.151.72:34014, logIndex=0, commits[319da950-6258-4a15-a10a-9ff19688a457:c10, 18c72976-30e0-4eea-a5a6-85bddbc481ac:c6, 78eb98d0-10ad-403d-ab68-3e803fb8ec72:c10]
2019-09-17 15:15:23,704 [java.util.concurrent.ThreadPoolExecutor$Worker@683ed9e2[State = -1, empty queue]] WARN  server.GrpcLogAppender (GrpcLogAppender.java:timeoutAppendRequest(200)) - 78eb98d0-10ad-403d-ab68-3e803fb8ec72@group-9AD4355EB7C4->18c72976-30e0-4eea-a5a6-85bddbc481ac-GrpcLogAppender: appendEntries Timeout, request=78eb98d0-10ad-403d-ab68-3e803fb8ec72->18c72976-30e0-4eea-a5a6-85bddbc481ac#37-t2, previous=(t:2, i:16), leaderCommit=10, initializing? false, entries: <empty>
2019-09-17 15:15:23,704 [java.util.concurrent.ThreadPoolExecutor$Worker@68950335[State = -1, empty queue]] WARN  server.GrpcLogAppender (GrpcLogAppender.java:timeoutAppendRequest(200)) - 78eb98d0-10ad-403d-ab68-3e803fb8ec72@group-9AD4355EB7C4->319da950-6258-4a15-a10a-9ff19688a457-GrpcLogAppender: appendEntries Timeout, request=78eb98d0-10ad-403d-ab68-3e803fb8ec72->319da950-6258-4a15-a10a-9ff19688a457#37-t2, previous=(t:2, i:16), leaderCommit=10, initializing? false, entries: <empty>
2019-09-17 15:15:26,204 [java.util.concurrent.ThreadPoolExecutor$Worker@68950335[State = -1, empty queue]] WARN  server.GrpcLogAppender (GrpcLogAppender.java:timeoutAppendRequest(200)) - 78eb98d0-10ad-403d-ab68-3e803fb8ec72@group-9AD4355EB7C4->319da950-6258-4a15-a10a-9ff19688a457-GrpcLogAppender: appendEntries Timeout, request=78eb98d0-10ad-403d-ab68-3e803fb8ec72->319da950-6258-4a15-a10a-9ff19688a457#38-t2, previous=(t:2, i:16), leaderCommit=10, initializing? false, entries: <empty>
2019-09-17 15:15:26,204 [java.util.concurrent.ThreadPoolExecutor$Worker@683ed9e2[State = -1, empty queue]] WARN  server.GrpcLogAppender (GrpcLogAppender.java:timeoutAppendRequest(200)) - 78eb98d0-10ad-403d-ab68-3e803fb8ec72@group-9AD4355EB7C4->18c72976-30e0-4eea-a5a6-85bddbc481ac-GrpcLogAppender: appendEntries Timeout, request=78eb98d0-10ad-403d-ab68-3e803fb8ec72->18c72976-30e0-4eea-a5a6-85bddbc481ac#38-t2, previous=(t:2, i:16), leaderCommit=10, initializing? false, entries: <empty>
2019-09-17 15:15:26,367 [grpc-default-executor-2] INFO  client.GrpcClientProtocolClient (GrpcClientProtocolClient.java:onNext(264)) - client-552194EA954E->18c72976-30e0-4eea-a5a6-85bddbc481ac: receive RaftClientReply:client-552194EA954E->18c72976-30e0-4eea-a5a6-85bddbc481ac@group-9AD4355EB7C4, cid=24, FAILED org.apache.ratis.protocol.NotLeaderException: Server 18c72976-30e0-4eea-a5a6-85bddbc481ac@group-9AD4355EB7C4 is not the leader 78eb98d0-10ad-403d-ab68-3e803fb8ec72:192.168.151.72:34014, logIndex=0, commits[18c72976-30e0-4eea-a5a6-85bddbc481ac:c10, 78eb98d0-10ad-403d-ab68-3e803fb8ec72:c10, 319da950-6258-4a15-a10a-9ff19688a457:c6]
2019-09-17 15:15:28,705 [java.util.concurrent.ThreadPoolExecutor$Worker@683ed9e2[State = -1, empty queue]] WARN  server.GrpcLogAppender (GrpcLogAppender.java:timeoutAppendRequest(200)) - 78eb98d0-10ad-403d-ab68-3e803fb8ec72@group-9AD4355EB7C4->18c72976-30e0-4eea-a5a6-85bddbc481ac-GrpcLogAppender: appendEntries Timeout, request=78eb98d0-10ad-403d-ab68-3e803fb8ec72->18c72976-30e0-4eea-a5a6-85bddbc481ac#39-t2, previous=(t:2, i:16), leaderCommit=10, initializing? false, entries: <empty>
2019-09-17 15:15:28,705 [java.util.concurrent.ThreadPoolExecutor$Worker@68950335[State = -1, empty queue]] WARN  server.GrpcLogAppender (GrpcLogAppender.java:timeoutAppendRequest(200)) - 78eb98d0-10ad-403d-ab68-3e803fb8ec72@group-9AD4355EB7C4->319da950-6258-4a15-a10a-9ff19688a457-GrpcLogAppender: appendEntries Timeout, request=78eb98d0-10ad-403d-ab68-3e803fb8ec72->319da950-6258-4a15-a10a-9ff19688a457#39-t2, previous=(t:2, i:16), leaderCommit=10, initializing? false, entries: <empty>
2019-09-17 15:15:30,780 [78eb98d0-10ad-403d-ab68-3e803fb8ec72@group-9AD4355EB7C4-SegmentedRaftLogWorker] WARN  segmented.SegmentedRaftLogWorker (SegmentedRaftLogWorker.java:getFromFuture(90)) - Timeout 5/~
org.apache.ratis.protocol.TimeoutIOException: Timeout 10s: WriteLog:12: (t:2, i:12), STATEMACHINELOGENTRY, client-552194EA954E, cid=25-writeStateMachineData
	at org.apache.ratis.util.IOUtils.getFromFuture(IOUtils.java:87)
	at org.apache.ratis.server.raftlog.segmented.SegmentedRaftLogWorker$StateMachineDataPolicy.getFromFuture(SegmentedRaftLogWorker.java:87)
	at org.apache.ratis.server.raftlog.segmented.SegmentedRaftLogWorker$WriteLog.execute(SegmentedRaftLogWorker.java:477)
	at org.apache.ratis.server.raftlog.segmented.SegmentedRaftLogWorker.run(SegmentedRaftLogWorker.java:289)
	at java.lang.Thread.run(Thread.java:748)
Caused by: java.util.concurrent.TimeoutException
	at java.util.concurrent.CompletableFuture.timedGet(CompletableFuture.java:1771)
	at java.util.concurrent.CompletableFuture.get(CompletableFuture.java:1915)
	at org.apache.ratis.util.IOUtils.getFromFuture(IOUtils.java:79)
	... 4 more
2019-09-17 15:15:30,781 [18c72976-30e0-4eea-a5a6-85bddbc481ac@group-9AD4355EB7C4-SegmentedRaftLogWorker] WARN  segmented.SegmentedRaftLogWorker (SegmentedRaftLogWorker.java:getFromFuture(90)) - Timeout 5/~
org.apache.ratis.protocol.TimeoutIOException: Timeout 10s: WriteLog:12: (t:2, i:12), STATEMACHINELOGENTRY, client-552194EA954E, cid=25-writeStateMachineData
	at org.apache.ratis.util.IOUtils.getFromFuture(IOUtils.java:87)
	at org.apache.ratis.server.raftlog.segmented.SegmentedRaftLogWorker$StateMachineDataPolicy.getFromFuture(SegmentedRaftLogWorker.java:87)
	at org.apache.ratis.server.raftlog.segmented.SegmentedRaftLogWorker$WriteLog.execute(SegmentedRaftLogWorker.java:477)
	at org.apache.ratis.server.raftlog.segmented.SegmentedRaftLogWorker.run(SegmentedRaftLogWorker.java:289)
	at java.lang.Thread.run(Thread.java:748)
Caused by: java.util.concurrent.TimeoutException
	at java.util.concurrent.CompletableFuture.timedGet(CompletableFuture.java:1771)
	at java.util.concurrent.CompletableFuture.get(CompletableFuture.java:1915)
	at org.apache.ratis.util.IOUtils.getFromFuture(IOUtils.java:79)
	... 4 more
2019-09-17 15:15:30,782 [319da950-6258-4a15-a10a-9ff19688a457@group-9AD4355EB7C4-SegmentedRaftLogWorker] WARN  segmented.SegmentedRaftLogWorker (SegmentedRaftLogWorker.java:getFromFuture(90)) - Timeout 5/~
org.apache.ratis.protocol.TimeoutIOException: Timeout 10s: WriteLog:12: (t:2, i:12), STATEMACHINELOGENTRY, client-552194EA954E, cid=25-writeStateMachineData
	at org.apache.ratis.util.IOUtils.getFromFuture(IOUtils.java:87)
	at org.apache.ratis.server.raftlog.segmented.SegmentedRaftLogWorker$StateMachineDataPolicy.getFromFuture(SegmentedRaftLogWorker.java:87)
	at org.apache.ratis.server.raftlog.segmented.SegmentedRaftLogWorker$WriteLog.execute(SegmentedRaftLogWorker.java:477)
	at org.apache.ratis.server.raftlog.segmented.SegmentedRaftLogWorker.run(SegmentedRaftLogWorker.java:289)
	at java.lang.Thread.run(Thread.java:748)
Caused by: java.util.concurrent.TimeoutException
	at java.util.concurrent.CompletableFuture.timedGet(CompletableFuture.java:1771)
	at java.util.concurrent.CompletableFuture.get(CompletableFuture.java:1915)
	at org.apache.ratis.util.IOUtils.getFromFuture(IOUtils.java:79)
	... 4 more
2019-09-17 15:15:31,205 [java.util.concurrent.ThreadPoolExecutor$Worker@68950335[State = -1, empty queue]] WARN  server.GrpcLogAppender (GrpcLogAppender.java:timeoutAppendRequest(200)) - 78eb98d0-10ad-403d-ab68-3e803fb8ec72@group-9AD4355EB7C4->319da950-6258-4a15-a10a-9ff19688a457-GrpcLogAppender: appendEntries Timeout, request=78eb98d0-10ad-403d-ab68-3e803fb8ec72->319da950-6258-4a15-a10a-9ff19688a457#40-t2, previous=(t:2, i:16), leaderCommit=10, initializing? false, entries: <empty>
2019-09-17 15:15:31,205 [java.util.concurrent.ThreadPoolExecutor$Worker@683ed9e2[State = -1, empty queue]] WARN  server.GrpcLogAppender (GrpcLogAppender.java:timeoutAppendRequest(200)) - 78eb98d0-10ad-403d-ab68-3e803fb8ec72@group-9AD4355EB7C4->18c72976-30e0-4eea-a5a6-85bddbc481ac-GrpcLogAppender: appendEntries Timeout, request=78eb98d0-10ad-403d-ab68-3e803fb8ec72->18c72976-30e0-4eea-a5a6-85bddbc481ac#40-t2, previous=(t:2, i:16), leaderCommit=10, initializing? false, entries: <empty>
2019-09-17 15:15:31,468 [grpc-default-executor-2] INFO  client.GrpcClientProtocolClient (GrpcClientProtocolClient.java:onNext(264)) - client-552194EA954E->319da950-6258-4a15-a10a-9ff19688a457: receive RaftClientReply:client-552194EA954E->319da950-6258-4a15-a10a-9ff19688a457@group-9AD4355EB7C4, cid=24, FAILED org.apache.ratis.protocol.NotLeaderException: Server 319da950-6258-4a15-a10a-9ff19688a457@group-9AD4355EB7C4 is not the leader 78eb98d0-10ad-403d-ab68-3e803fb8ec72:192.168.151.72:34014, logIndex=0, commits[319da950-6258-4a15-a10a-9ff19688a457:c10, 18c72976-30e0-4eea-a5a6-85bddbc481ac:c6, 78eb98d0-10ad-403d-ab68-3e803fb8ec72:c10]
2019-09-17 15:15:33,706 [java.util.concurrent.ThreadPoolExecutor$Worker@683ed9e2[State = -1, empty queue]] WARN  server.GrpcLogAppender (GrpcLogAppender.java:timeoutAppendRequest(200)) - 78eb98d0-10ad-403d-ab68-3e803fb8ec72@group-9AD4355EB7C4->18c72976-30e0-4eea-a5a6-85bddbc481ac-GrpcLogAppender: appendEntries Timeout, request=78eb98d0-10ad-403d-ab68-3e803fb8ec72->18c72976-30e0-4eea-a5a6-85bddbc481ac#41-t2, previous=(t:2, i:16), leaderCommit=10, initializing? false, entries: <empty>
2019-09-17 15:15:33,706 [java.util.concurrent.ThreadPoolExecutor$Worker@68950335[State = -1, empty queue]] WARN  server.GrpcLogAppender (GrpcLogAppender.java:timeoutAppendRequest(200)) - 78eb98d0-10ad-403d-ab68-3e803fb8ec72@group-9AD4355EB7C4->319da950-6258-4a15-a10a-9ff19688a457-GrpcLogAppender: appendEntries Timeout, request=78eb98d0-10ad-403d-ab68-3e803fb8ec72->319da950-6258-4a15-a10a-9ff19688a457#41-t2, previous=(t:2, i:16), leaderCommit=10, initializing? false, entries: <empty>
2019-09-17 15:15:36,206 [java.util.concurrent.ThreadPoolExecutor$Worker@683ed9e2[State = -1, empty queue]] WARN  server.GrpcLogAppender (GrpcLogAppender.java:timeoutAppendRequest(200)) - 78eb98d0-10ad-403d-ab68-3e803fb8ec72@group-9AD4355EB7C4->18c72976-30e0-4eea-a5a6-85bddbc481ac-GrpcLogAppender: appendEntries Timeout, request=78eb98d0-10ad-403d-ab68-3e803fb8ec72->18c72976-30e0-4eea-a5a6-85bddbc481ac#42-t2, previous=(t:2, i:16), leaderCommit=10, initializing? false, entries: <empty>
2019-09-17 15:15:36,206 [java.util.concurrent.ThreadPoolExecutor$Worker@68950335[State = -1, empty queue]] WARN  server.GrpcLogAppender (GrpcLogAppender.java:timeoutAppendRequest(200)) - 78eb98d0-10ad-403d-ab68-3e803fb8ec72@group-9AD4355EB7C4->319da950-6258-4a15-a10a-9ff19688a457-GrpcLogAppender: appendEntries Timeout, request=78eb98d0-10ad-403d-ab68-3e803fb8ec72->319da950-6258-4a15-a10a-9ff19688a457#42-t2, previous=(t:2, i:16), leaderCommit=10, initializing? false, entries: <empty>
2019-09-17 15:15:36,523 [grpc-default-executor-0] INFO  client.GrpcClientProtocolClient (GrpcClientProtocolClient.java:onNext(264)) - client-552194EA954E->18c72976-30e0-4eea-a5a6-85bddbc481ac: receive RaftClientReply:client-552194EA954E->18c72976-30e0-4eea-a5a6-85bddbc481ac@group-9AD4355EB7C4, cid=24, FAILED org.apache.ratis.protocol.NotLeaderException: Server 18c72976-30e0-4eea-a5a6-85bddbc481ac@group-9AD4355EB7C4 is not the leader 78eb98d0-10ad-403d-ab68-3e803fb8ec72:192.168.151.72:34014, logIndex=0, commits[18c72976-30e0-4eea-a5a6-85bddbc481ac:c10, 78eb98d0-10ad-403d-ab68-3e803fb8ec72:c10, 319da950-6258-4a15-a10a-9ff19688a457:c6]
2019-09-17 15:15:38,707 [java.util.concurrent.ThreadPoolExecutor$Worker@68950335[State = -1, empty queue]] WARN  server.GrpcLogAppender (GrpcLogAppender.java:timeoutAppendRequest(200)) - 78eb98d0-10ad-403d-ab68-3e803fb8ec72@group-9AD4355EB7C4->319da950-6258-4a15-a10a-9ff19688a457-GrpcLogAppender: appendEntries Timeout, request=78eb98d0-10ad-403d-ab68-3e803fb8ec72->319da950-6258-4a15-a10a-9ff19688a457#43-t2, previous=(t:2, i:16), leaderCommit=10, initializing? false, entries: <empty>
2019-09-17 15:15:38,707 [java.util.concurrent.ThreadPoolExecutor$Worker@683ed9e2[State = -1, empty queue]] WARN  server.GrpcLogAppender (GrpcLogAppender.java:timeoutAppendRequest(200)) - 78eb98d0-10ad-403d-ab68-3e803fb8ec72@group-9AD4355EB7C4->18c72976-30e0-4eea-a5a6-85bddbc481ac-GrpcLogAppender: appendEntries Timeout, request=78eb98d0-10ad-403d-ab68-3e803fb8ec72->18c72976-30e0-4eea-a5a6-85bddbc481ac#43-t2, previous=(t:2, i:16), leaderCommit=10, initializing? false, entries: <empty>
2019-09-17 15:15:40,782 [78eb98d0-10ad-403d-ab68-3e803fb8ec72@group-9AD4355EB7C4-SegmentedRaftLogWorker] WARN  segmented.SegmentedRaftLogWorker (SegmentedRaftLogWorker.java:getFromFuture(90)) - Timeout 6/~
org.apache.ratis.protocol.TimeoutIOException: Timeout 10s: WriteLog:12: (t:2, i:12), STATEMACHINELOGENTRY, client-552194EA954E, cid=25-writeStateMachineData
	at org.apache.ratis.util.IOUtils.getFromFuture(IOUtils.java:87)
	at org.apache.ratis.server.raftlog.segmented.SegmentedRaftLogWorker$StateMachineDataPolicy.getFromFuture(SegmentedRaftLogWorker.java:87)
	at org.apache.ratis.server.raftlog.segmented.SegmentedRaftLogWorker$WriteLog.execute(SegmentedRaftLogWorker.java:477)
	at org.apache.ratis.server.raftlog.segmented.SegmentedRaftLogWorker.run(SegmentedRaftLogWorker.java:289)
	at java.lang.Thread.run(Thread.java:748)
Caused by: java.util.concurrent.TimeoutException
	at java.util.concurrent.CompletableFuture.timedGet(CompletableFuture.java:1771)
	at java.util.concurrent.CompletableFuture.get(CompletableFuture.java:1915)
	at org.apache.ratis.util.IOUtils.getFromFuture(IOUtils.java:79)
	... 4 more
2019-09-17 15:15:40,782 [319da950-6258-4a15-a10a-9ff19688a457@group-9AD4355EB7C4-SegmentedRaftLogWorker] WARN  segmented.SegmentedRaftLogWorker (SegmentedRaftLogWorker.java:getFromFuture(90)) - Timeout 6/~
org.apache.ratis.protocol.TimeoutIOException: Timeout 10s: WriteLog:12: (t:2, i:12), STATEMACHINELOGENTRY, client-552194EA954E, cid=25-writeStateMachineData
	at org.apache.ratis.util.IOUtils.getFromFuture(IOUtils.java:87)
	at org.apache.ratis.server.raftlog.segmented.SegmentedRaftLogWorker$StateMachineDataPolicy.getFromFuture(SegmentedRaftLogWorker.java:87)
	at org.apache.ratis.server.raftlog.segmented.SegmentedRaftLogWorker$WriteLog.execute(SegmentedRaftLogWorker.java:477)
	at org.apache.ratis.server.raftlog.segmented.SegmentedRaftLogWorker.run(SegmentedRaftLogWorker.java:289)
	at java.lang.Thread.run(Thread.java:748)
Caused by: java.util.concurrent.TimeoutException
	at java.util.concurrent.CompletableFuture.timedGet(CompletableFuture.java:1771)
	at java.util.concurrent.CompletableFuture.get(CompletableFuture.java:1915)
	at org.apache.ratis.util.IOUtils.getFromFuture(IOUtils.java:79)
	... 4 more
2019-09-17 15:15:40,782 [18c72976-30e0-4eea-a5a6-85bddbc481ac@group-9AD4355EB7C4-SegmentedRaftLogWorker] WARN  segmented.SegmentedRaftLogWorker (SegmentedRaftLogWorker.java:getFromFuture(90)) - Timeout 6/~
org.apache.ratis.protocol.TimeoutIOException: Timeout 10s: WriteLog:12: (t:2, i:12), STATEMACHINELOGENTRY, client-552194EA954E, cid=25-writeStateMachineData
	at org.apache.ratis.util.IOUtils.getFromFuture(IOUtils.java:87)
	at org.apache.ratis.server.raftlog.segmented.SegmentedRaftLogWorker$StateMachineDataPolicy.getFromFuture(SegmentedRaftLogWorker.java:87)
	at org.apache.ratis.server.raftlog.segmented.SegmentedRaftLogWorker$WriteLog.execute(SegmentedRaftLogWorker.java:477)
	at org.apache.ratis.server.raftlog.segmented.SegmentedRaftLogWorker.run(SegmentedRaftLogWorker.java:289)
	at java.lang.Thread.run(Thread.java:748)
Caused by: java.util.concurrent.TimeoutException
	at java.util.concurrent.CompletableFuture.timedGet(CompletableFuture.java:1771)
	at java.util.concurrent.CompletableFuture.get(CompletableFuture.java:1915)
	at org.apache.ratis.util.IOUtils.getFromFuture(IOUtils.java:79)
	... 4 more
2019-09-17 15:15:41,208 [java.util.concurrent.ThreadPoolExecutor$Worker@683ed9e2[State = -1, empty queue]] WARN  server.GrpcLogAppender (GrpcLogAppender.java:timeoutAppendRequest(200)) - 78eb98d0-10ad-403d-ab68-3e803fb8ec72@group-9AD4355EB7C4->18c72976-30e0-4eea-a5a6-85bddbc481ac-GrpcLogAppender: appendEntries Timeout, request=78eb98d0-10ad-403d-ab68-3e803fb8ec72->18c72976-30e0-4eea-a5a6-85bddbc481ac#44-t2, previous=(t:2, i:16), leaderCommit=10, initializing? false, entries: <empty>
2019-09-17 15:15:41,208 [java.util.concurrent.ThreadPoolExecutor$Worker@68950335[State = -1, empty queue]] WARN  server.GrpcLogAppender (GrpcLogAppender.java:timeoutAppendRequest(200)) - 78eb98d0-10ad-403d-ab68-3e803fb8ec72@group-9AD4355EB7C4->319da950-6258-4a15-a10a-9ff19688a457-GrpcLogAppender: appendEntries Timeout, request=78eb98d0-10ad-403d-ab68-3e803fb8ec72->319da950-6258-4a15-a10a-9ff19688a457#44-t2, previous=(t:2, i:16), leaderCommit=10, initializing? false, entries: <empty>
2019-09-17 15:15:41,582 [grpc-default-executor-0] INFO  client.GrpcClientProtocolClient (GrpcClientProtocolClient.java:onNext(264)) - client-552194EA954E->319da950-6258-4a15-a10a-9ff19688a457: receive RaftClientReply:client-552194EA954E->319da950-6258-4a15-a10a-9ff19688a457@group-9AD4355EB7C4, cid=24, FAILED org.apache.ratis.protocol.NotLeaderException: Server 319da950-6258-4a15-a10a-9ff19688a457@group-9AD4355EB7C4 is not the leader 78eb98d0-10ad-403d-ab68-3e803fb8ec72:192.168.151.72:34014, logIndex=0, commits[319da950-6258-4a15-a10a-9ff19688a457:c10, 18c72976-30e0-4eea-a5a6-85bddbc481ac:c6, 78eb98d0-10ad-403d-ab68-3e803fb8ec72:c10]
2019-09-17 15:15:43,708 [java.util.concurrent.ThreadPoolExecutor$Worker@683ed9e2[State = -1, empty queue]] WARN  server.GrpcLogAppender (GrpcLogAppender.java:timeoutAppendRequest(200)) - 78eb98d0-10ad-403d-ab68-3e803fb8ec72@group-9AD4355EB7C4->18c72976-30e0-4eea-a5a6-85bddbc481ac-GrpcLogAppender: appendEntries Timeout, request=78eb98d0-10ad-403d-ab68-3e803fb8ec72->18c72976-30e0-4eea-a5a6-85bddbc481ac#45-t2, previous=(t:2, i:16), leaderCommit=10, initializing? false, entries: <empty>
2019-09-17 15:15:43,708 [java.util.concurrent.ThreadPoolExecutor$Worker@68950335[State = -1, empty queue]] WARN  server.GrpcLogAppender (GrpcLogAppender.java:timeoutAppendRequest(200)) - 78eb98d0-10ad-403d-ab68-3e803fb8ec72@group-9AD4355EB7C4->319da950-6258-4a15-a10a-9ff19688a457-GrpcLogAppender: appendEntries Timeout, request=78eb98d0-10ad-403d-ab68-3e803fb8ec72->319da950-6258-4a15-a10a-9ff19688a457#45-t2, previous=(t:2, i:16), leaderCommit=10, initializing? false, entries: <empty>
2019-09-17 15:15:46,209 [java.util.concurrent.ThreadPoolExecutor$Worker@68950335[State = -1, empty queue]] WARN  server.GrpcLogAppender (GrpcLogAppender.java:timeoutAppendRequest(200)) - 78eb98d0-10ad-403d-ab68-3e803fb8ec72@group-9AD4355EB7C4->319da950-6258-4a15-a10a-9ff19688a457-GrpcLogAppender: appendEntries Timeout, request=78eb98d0-10ad-403d-ab68-3e803fb8ec72->319da950-6258-4a15-a10a-9ff19688a457#46-t2, previous=(t:2, i:16), leaderCommit=10, initializing? false, entries: <empty>
2019-09-17 15:15:46,209 [java.util.concurrent.ThreadPoolExecutor$Worker@683ed9e2[State = -1, empty queue]] WARN  server.GrpcLogAppender (GrpcLogAppender.java:timeoutAppendRequest(200)) - 78eb98d0-10ad-403d-ab68-3e803fb8ec72@group-9AD4355EB7C4->18c72976-30e0-4eea-a5a6-85bddbc481ac-GrpcLogAppender: appendEntries Timeout, request=78eb98d0-10ad-403d-ab68-3e803fb8ec72->18c72976-30e0-4eea-a5a6-85bddbc481ac#46-t2, previous=(t:2, i:16), leaderCommit=10, initializing? false, entries: <empty>
2019-09-17 15:15:46,632 [grpc-default-executor-2] INFO  client.GrpcClientProtocolClient (GrpcClientProtocolClient.java:onNext(264)) - client-552194EA954E->319da950-6258-4a15-a10a-9ff19688a457: receive RaftClientReply:client-552194EA954E->319da950-6258-4a15-a10a-9ff19688a457@group-9AD4355EB7C4, cid=24, FAILED org.apache.ratis.protocol.NotLeaderException: Server 319da950-6258-4a15-a10a-9ff19688a457@group-9AD4355EB7C4 is not the leader 78eb98d0-10ad-403d-ab68-3e803fb8ec72:192.168.151.72:34014, logIndex=0, commits[319da950-6258-4a15-a10a-9ff19688a457:c10, 18c72976-30e0-4eea-a5a6-85bddbc481ac:c6, 78eb98d0-10ad-403d-ab68-3e803fb8ec72:c10]
2019-09-17 15:15:48,710 [java.util.concurrent.ThreadPoolExecutor$Worker@683ed9e2[State = -1, empty queue]] WARN  server.GrpcLogAppender (GrpcLogAppender.java:timeoutAppendRequest(200)) - 78eb98d0-10ad-403d-ab68-3e803fb8ec72@group-9AD4355EB7C4->18c72976-30e0-4eea-a5a6-85bddbc481ac-GrpcLogAppender: appendEntries Timeout, request=78eb98d0-10ad-403d-ab68-3e803fb8ec72->18c72976-30e0-4eea-a5a6-85bddbc481ac#47-t2, previous=(t:2, i:16), leaderCommit=10, initializing? false, entries: <empty>
2019-09-17 15:15:48,710 [java.util.concurrent.ThreadPoolExecutor$Worker@68950335[State = -1, empty queue]] WARN  server.GrpcLogAppender (GrpcLogAppender.java:timeoutAppendRequest(200)) - 78eb98d0-10ad-403d-ab68-3e803fb8ec72@group-9AD4355EB7C4->319da950-6258-4a15-a10a-9ff19688a457-GrpcLogAppender: appendEntries Timeout, request=78eb98d0-10ad-403d-ab68-3e803fb8ec72->319da950-6258-4a15-a10a-9ff19688a457#47-t2, previous=(t:2, i:16), leaderCommit=10, initializing? false, entries: <empty>
2019-09-17 15:15:50,783 [78eb98d0-10ad-403d-ab68-3e803fb8ec72@group-9AD4355EB7C4-SegmentedRaftLogWorker] WARN  segmented.SegmentedRaftLogWorker (SegmentedRaftLogWorker.java:getFromFuture(90)) - Timeout 7/~
org.apache.ratis.protocol.TimeoutIOException: Timeout 10s: WriteLog:12: (t:2, i:12), STATEMACHINELOGENTRY, client-552194EA954E, cid=25-writeStateMachineData
	at org.apache.ratis.util.IOUtils.getFromFuture(IOUtils.java:87)
	at org.apache.ratis.server.raftlog.segmented.SegmentedRaftLogWorker$StateMachineDataPolicy.getFromFuture(SegmentedRaftLogWorker.java:87)
	at org.apache.ratis.server.raftlog.segmented.SegmentedRaftLogWorker$WriteLog.execute(SegmentedRaftLogWorker.java:477)
	at org.apache.ratis.server.raftlog.segmented.SegmentedRaftLogWorker.run(SegmentedRaftLogWorker.java:289)
	at java.lang.Thread.run(Thread.java:748)
Caused by: java.util.concurrent.TimeoutException
	at java.util.concurrent.CompletableFuture.timedGet(CompletableFuture.java:1771)
	at java.util.concurrent.CompletableFuture.get(CompletableFuture.java:1915)
	at org.apache.ratis.util.IOUtils.getFromFuture(IOUtils.java:79)
	... 4 more
2019-09-17 15:15:50,815 [319da950-6258-4a15-a10a-9ff19688a457@group-9AD4355EB7C4-SegmentedRaftLogWorker] WARN  segmented.SegmentedRaftLogWorker (SegmentedRaftLogWorker.java:getFromFuture(90)) - Timeout 7/~
org.apache.ratis.protocol.TimeoutIOException: Timeout 10s: WriteLog:12: (t:2, i:12), STATEMACHINELOGENTRY, client-552194EA954E, cid=25-writeStateMachineData
	at org.apache.ratis.util.IOUtils.getFromFuture(IOUtils.java:87)
	at org.apache.ratis.server.raftlog.segmented.SegmentedRaftLogWorker$StateMachineDataPolicy.getFromFuture(SegmentedRaftLogWorker.java:87)
	at org.apache.ratis.server.raftlog.segmented.SegmentedRaftLogWorker$WriteLog.execute(SegmentedRaftLogWorker.java:477)
	at org.apache.ratis.server.raftlog.segmented.SegmentedRaftLogWorker.run(SegmentedRaftLogWorker.java:289)
	at java.lang.Thread.run(Thread.java:748)
Caused by: java.util.concurrent.TimeoutException
	at java.util.concurrent.CompletableFuture.timedGet(CompletableFuture.java:1771)
	at java.util.concurrent.CompletableFuture.get(CompletableFuture.java:1915)
	at org.apache.ratis.util.IOUtils.getFromFuture(IOUtils.java:79)
	... 4 more
2019-09-17 15:15:50,816 [18c72976-30e0-4eea-a5a6-85bddbc481ac@group-9AD4355EB7C4-SegmentedRaftLogWorker] WARN  segmented.SegmentedRaftLogWorker (SegmentedRaftLogWorker.java:getFromFuture(90)) - Timeout 7/~
org.apache.ratis.protocol.TimeoutIOException: Timeout 10s: WriteLog:12: (t:2, i:12), STATEMACHINELOGENTRY, client-552194EA954E, cid=25-writeStateMachineData
	at org.apache.ratis.util.IOUtils.getFromFuture(IOUtils.java:87)
	at org.apache.ratis.server.raftlog.segmented.SegmentedRaftLogWorker$StateMachineDataPolicy.getFromFuture(SegmentedRaftLogWorker.java:87)
	at org.apache.ratis.server.raftlog.segmented.SegmentedRaftLogWorker$WriteLog.execute(SegmentedRaftLogWorker.java:477)
	at org.apache.ratis.server.raftlog.segmented.SegmentedRaftLogWorker.run(SegmentedRaftLogWorker.java:289)
	at java.lang.Thread.run(Thread.java:748)
Caused by: java.util.concurrent.TimeoutException
	at java.util.concurrent.CompletableFuture.timedGet(CompletableFuture.java:1771)
	at java.util.concurrent.CompletableFuture.get(CompletableFuture.java:1915)
	at org.apache.ratis.util.IOUtils.getFromFuture(IOUtils.java:79)
	... 4 more
2019-09-17 15:15:51,210 [java.util.concurrent.ThreadPoolExecutor$Worker@683ed9e2[State = -1, empty queue]] WARN  server.GrpcLogAppender (GrpcLogAppender.java:timeoutAppendRequest(200)) - 78eb98d0-10ad-403d-ab68-3e803fb8ec72@group-9AD4355EB7C4->18c72976-30e0-4eea-a5a6-85bddbc481ac-GrpcLogAppender: appendEntries Timeout, request=78eb98d0-10ad-403d-ab68-3e803fb8ec72->18c72976-30e0-4eea-a5a6-85bddbc481ac#48-t2, previous=(t:2, i:16), leaderCommit=10, initializing? false, entries: <empty>
2019-09-17 15:15:51,210 [java.util.concurrent.ThreadPoolExecutor$Worker@68950335[State = -1, empty queue]] WARN  server.GrpcLogAppender (GrpcLogAppender.java:timeoutAppendRequest(200)) - 78eb98d0-10ad-403d-ab68-3e803fb8ec72@group-9AD4355EB7C4->319da950-6258-4a15-a10a-9ff19688a457-GrpcLogAppender: appendEntries Timeout, request=78eb98d0-10ad-403d-ab68-3e803fb8ec72->319da950-6258-4a15-a10a-9ff19688a457#48-t2, previous=(t:2, i:16), leaderCommit=10, initializing? false, entries: <empty>
2019-09-17 15:15:51,697 [grpc-default-executor-2] INFO  client.GrpcClientProtocolClient (GrpcClientProtocolClient.java:onNext(264)) - client-552194EA954E->319da950-6258-4a15-a10a-9ff19688a457: receive RaftClientReply:client-552194EA954E->319da950-6258-4a15-a10a-9ff19688a457@group-9AD4355EB7C4, cid=24, FAILED org.apache.ratis.protocol.NotLeaderException: Server 319da950-6258-4a15-a10a-9ff19688a457@group-9AD4355EB7C4 is not the leader 78eb98d0-10ad-403d-ab68-3e803fb8ec72:192.168.151.72:34014, logIndex=0, commits[319da950-6258-4a15-a10a-9ff19688a457:c10, 18c72976-30e0-4eea-a5a6-85bddbc481ac:c6, 78eb98d0-10ad-403d-ab68-3e803fb8ec72:c10]
2019-09-17 15:15:53,711 [java.util.concurrent.ThreadPoolExecutor$Worker@683ed9e2[State = -1, empty queue]] WARN  server.GrpcLogAppender (GrpcLogAppender.java:timeoutAppendRequest(200)) - 78eb98d0-10ad-403d-ab68-3e803fb8ec72@group-9AD4355EB7C4->18c72976-30e0-4eea-a5a6-85bddbc481ac-GrpcLogAppender: appendEntries Timeout, request=78eb98d0-10ad-403d-ab68-3e803fb8ec72->18c72976-30e0-4eea-a5a6-85bddbc481ac#49-t2, previous=(t:2, i:16), leaderCommit=10, initializing? false, entries: <empty>
2019-09-17 15:15:53,711 [java.util.concurrent.ThreadPoolExecutor$Worker@68950335[State = -1, empty queue]] WARN  server.GrpcLogAppender (GrpcLogAppender.java:timeoutAppendRequest(200)) - 78eb98d0-10ad-403d-ab68-3e803fb8ec72@group-9AD4355EB7C4->319da950-6258-4a15-a10a-9ff19688a457-GrpcLogAppender: appendEntries Timeout, request=78eb98d0-10ad-403d-ab68-3e803fb8ec72->319da950-6258-4a15-a10a-9ff19688a457#49-t2, previous=(t:2, i:16), leaderCommit=10, initializing? false, entries: <empty>
2019-09-17 15:15:56,211 [java.util.concurrent.ThreadPoolExecutor$Worker@68950335[State = -1, empty queue]] WARN  server.GrpcLogAppender (GrpcLogAppender.java:timeoutAppendRequest(200)) - 78eb98d0-10ad-403d-ab68-3e803fb8ec72@group-9AD4355EB7C4->319da950-6258-4a15-a10a-9ff19688a457-GrpcLogAppender: appendEntries Timeout, request=78eb98d0-10ad-403d-ab68-3e803fb8ec72->319da950-6258-4a15-a10a-9ff19688a457#50-t2, previous=(t:2, i:16), leaderCommit=10, initializing? false, entries: <empty>
2019-09-17 15:15:56,211 [java.util.concurrent.ThreadPoolExecutor$Worker@683ed9e2[State = -1, empty queue]] WARN  server.GrpcLogAppender (GrpcLogAppender.java:timeoutAppendRequest(200)) - 78eb98d0-10ad-403d-ab68-3e803fb8ec72@group-9AD4355EB7C4->18c72976-30e0-4eea-a5a6-85bddbc481ac-GrpcLogAppender: appendEntries Timeout, request=78eb98d0-10ad-403d-ab68-3e803fb8ec72->18c72976-30e0-4eea-a5a6-85bddbc481ac#50-t2, previous=(t:2, i:16), leaderCommit=10, initializing? false, entries: <empty>
2019-09-17 15:15:56,761 [grpc-default-executor-0] INFO  client.GrpcClientProtocolClient (GrpcClientProtocolClient.java:onNext(264)) - client-552194EA954E->18c72976-30e0-4eea-a5a6-85bddbc481ac: receive RaftClientReply:client-552194EA954E->18c72976-30e0-4eea-a5a6-85bddbc481ac@group-9AD4355EB7C4, cid=24, FAILED org.apache.ratis.protocol.NotLeaderException: Server 18c72976-30e0-4eea-a5a6-85bddbc481ac@group-9AD4355EB7C4 is not the leader 78eb98d0-10ad-403d-ab68-3e803fb8ec72:192.168.151.72:34014, logIndex=0, commits[18c72976-30e0-4eea-a5a6-85bddbc481ac:c10, 78eb98d0-10ad-403d-ab68-3e803fb8ec72:c10, 319da950-6258-4a15-a10a-9ff19688a457:c6]
2019-09-17 15:15:58,711 [java.util.concurrent.ThreadPoolExecutor$Worker@68950335[State = -1, empty queue]] WARN  server.GrpcLogAppender (GrpcLogAppender.java:timeoutAppendRequest(200)) - 78eb98d0-10ad-403d-ab68-3e803fb8ec72@group-9AD4355EB7C4->319da950-6258-4a15-a10a-9ff19688a457-GrpcLogAppender: appendEntries Timeout, request=78eb98d0-10ad-403d-ab68-3e803fb8ec72->319da950-6258-4a15-a10a-9ff19688a457#51-t2, previous=(t:2, i:16), leaderCommit=10, initializing? false, entries: <empty>
2019-09-17 15:15:58,711 [java.util.concurrent.ThreadPoolExecutor$Worker@683ed9e2[State = -1, empty queue]] WARN  server.GrpcLogAppender (GrpcLogAppender.java:timeoutAppendRequest(200)) - 78eb98d0-10ad-403d-ab68-3e803fb8ec72@group-9AD4355EB7C4->18c72976-30e0-4eea-a5a6-85bddbc481ac-GrpcLogAppender: appendEntries Timeout, request=78eb98d0-10ad-403d-ab68-3e803fb8ec72->18c72976-30e0-4eea-a5a6-85bddbc481ac#51-t2, previous=(t:2, i:16), leaderCommit=10, initializing? false, entries: <empty>
2019-09-17 15:16:00,785 [78eb98d0-10ad-403d-ab68-3e803fb8ec72@group-9AD4355EB7C4-SegmentedRaftLogWorker] WARN  segmented.SegmentedRaftLogWorker (SegmentedRaftLogWorker.java:getFromFuture(90)) - Timeout 8/~
org.apache.ratis.protocol.TimeoutIOException: Timeout 10s: WriteLog:12: (t:2, i:12), STATEMACHINELOGENTRY, client-552194EA954E, cid=25-writeStateMachineData
	at org.apache.ratis.util.IOUtils.getFromFuture(IOUtils.java:87)
	at org.apache.ratis.server.raftlog.segmented.SegmentedRaftLogWorker$StateMachineDataPolicy.getFromFuture(SegmentedRaftLogWorker.java:87)
	at org.apache.ratis.server.raftlog.segmented.SegmentedRaftLogWorker$WriteLog.execute(SegmentedRaftLogWorker.java:477)
	at org.apache.ratis.server.raftlog.segmented.SegmentedRaftLogWorker.run(SegmentedRaftLogWorker.java:289)
	at java.lang.Thread.run(Thread.java:748)
Caused by: java.util.concurrent.TimeoutException
	at java.util.concurrent.CompletableFuture.timedGet(CompletableFuture.java:1771)
	at java.util.concurrent.CompletableFuture.get(CompletableFuture.java:1915)
	at org.apache.ratis.util.IOUtils.getFromFuture(IOUtils.java:79)
	... 4 more
2019-09-17 15:16:00,816 [319da950-6258-4a15-a10a-9ff19688a457@group-9AD4355EB7C4-SegmentedRaftLogWorker] WARN  segmented.SegmentedRaftLogWorker (SegmentedRaftLogWorker.java:getFromFuture(90)) - Timeout 8/~
org.apache.ratis.protocol.TimeoutIOException: Timeout 10s: WriteLog:12: (t:2, i:12), STATEMACHINELOGENTRY, client-552194EA954E, cid=25-writeStateMachineData
	at org.apache.ratis.util.IOUtils.getFromFuture(IOUtils.java:87)
	at org.apache.ratis.server.raftlog.segmented.SegmentedRaftLogWorker$StateMachineDataPolicy.getFromFuture(SegmentedRaftLogWorker.java:87)
	at org.apache.ratis.server.raftlog.segmented.SegmentedRaftLogWorker$WriteLog.execute(SegmentedRaftLogWorker.java:477)
	at org.apache.ratis.server.raftlog.segmented.SegmentedRaftLogWorker.run(SegmentedRaftLogWorker.java:289)
	at java.lang.Thread.run(Thread.java:748)
Caused by: java.util.concurrent.TimeoutException
	at java.util.concurrent.CompletableFuture.timedGet(CompletableFuture.java:1771)
	at java.util.concurrent.CompletableFuture.get(CompletableFuture.java:1915)
	at org.apache.ratis.util.IOUtils.getFromFuture(IOUtils.java:79)
	... 4 more
2019-09-17 15:16:00,817 [18c72976-30e0-4eea-a5a6-85bddbc481ac@group-9AD4355EB7C4-SegmentedRaftLogWorker] WARN  segmented.SegmentedRaftLogWorker (SegmentedRaftLogWorker.java:getFromFuture(90)) - Timeout 8/~
org.apache.ratis.protocol.TimeoutIOException: Timeout 10s: WriteLog:12: (t:2, i:12), STATEMACHINELOGENTRY, client-552194EA954E, cid=25-writeStateMachineData
	at org.apache.ratis.util.IOUtils.getFromFuture(IOUtils.java:87)
	at org.apache.ratis.server.raftlog.segmented.SegmentedRaftLogWorker$StateMachineDataPolicy.getFromFuture(SegmentedRaftLogWorker.java:87)
	at org.apache.ratis.server.raftlog.segmented.SegmentedRaftLogWorker$WriteLog.execute(SegmentedRaftLogWorker.java:477)
	at org.apache.ratis.server.raftlog.segmented.SegmentedRaftLogWorker.run(SegmentedRaftLogWorker.java:289)
	at java.lang.Thread.run(Thread.java:748)
Caused by: java.util.concurrent.TimeoutException
	at java.util.concurrent.CompletableFuture.timedGet(CompletableFuture.java:1771)
	at java.util.concurrent.CompletableFuture.get(CompletableFuture.java:1915)
	at org.apache.ratis.util.IOUtils.getFromFuture(IOUtils.java:79)
	... 4 more
2019-09-17 15:16:01,212 [java.util.concurrent.ThreadPoolExecutor$Worker@68950335[State = -1, empty queue]] WARN  server.GrpcLogAppender (GrpcLogAppender.java:timeoutAppendRequest(200)) - 78eb98d0-10ad-403d-ab68-3e803fb8ec72@group-9AD4355EB7C4->319da950-6258-4a15-a10a-9ff19688a457-GrpcLogAppender: appendEntries Timeout, request=78eb98d0-10ad-403d-ab68-3e803fb8ec72->319da950-6258-4a15-a10a-9ff19688a457#52-t2, previous=(t:2, i:16), leaderCommit=10, initializing? false, entries: <empty>
2019-09-17 15:16:01,212 [java.util.concurrent.ThreadPoolExecutor$Worker@683ed9e2[State = -1, empty queue]] WARN  server.GrpcLogAppender (GrpcLogAppender.java:timeoutAppendRequest(200)) - 78eb98d0-10ad-403d-ab68-3e803fb8ec72@group-9AD4355EB7C4->18c72976-30e0-4eea-a5a6-85bddbc481ac-GrpcLogAppender: appendEntries Timeout, request=78eb98d0-10ad-403d-ab68-3e803fb8ec72->18c72976-30e0-4eea-a5a6-85bddbc481ac#52-t2, previous=(t:2, i:16), leaderCommit=10, initializing? false, entries: <empty>
2019-09-17 15:16:01,815 [grpc-default-executor-4] INFO  client.GrpcClientProtocolClient (GrpcClientProtocolClient.java:onNext(264)) - client-552194EA954E->18c72976-30e0-4eea-a5a6-85bddbc481ac: receive RaftClientReply:client-552194EA954E->18c72976-30e0-4eea-a5a6-85bddbc481ac@group-9AD4355EB7C4, cid=24, FAILED org.apache.ratis.protocol.NotLeaderException: Server 18c72976-30e0-4eea-a5a6-85bddbc481ac@group-9AD4355EB7C4 is not the leader 78eb98d0-10ad-403d-ab68-3e803fb8ec72:192.168.151.72:34014, logIndex=0, commits[18c72976-30e0-4eea-a5a6-85bddbc481ac:c10, 78eb98d0-10ad-403d-ab68-3e803fb8ec72:c10, 319da950-6258-4a15-a10a-9ff19688a457:c6]
2019-09-17 15:16:03,713 [java.util.concurrent.ThreadPoolExecutor$Worker@683ed9e2[State = -1, empty queue]] WARN  server.GrpcLogAppender (GrpcLogAppender.java:timeoutAppendRequest(200)) - 78eb98d0-10ad-403d-ab68-3e803fb8ec72@group-9AD4355EB7C4->18c72976-30e0-4eea-a5a6-85bddbc481ac-GrpcLogAppender: appendEntries Timeout, request=78eb98d0-10ad-403d-ab68-3e803fb8ec72->18c72976-30e0-4eea-a5a6-85bddbc481ac#53-t2, previous=(t:2, i:16), leaderCommit=10, initializing? false, entries: <empty>
2019-09-17 15:16:03,713 [java.util.concurrent.ThreadPoolExecutor$Worker@68950335[State = -1, empty queue]] WARN  server.GrpcLogAppender (GrpcLogAppender.java:timeoutAppendRequest(200)) - 78eb98d0-10ad-403d-ab68-3e803fb8ec72@group-9AD4355EB7C4->319da950-6258-4a15-a10a-9ff19688a457-GrpcLogAppender: appendEntries Timeout, request=78eb98d0-10ad-403d-ab68-3e803fb8ec72->319da950-6258-4a15-a10a-9ff19688a457#53-t2, previous=(t:2, i:16), leaderCommit=10, initializing? false, entries: <empty>
2019-09-17 15:16:06,214 [java.util.concurrent.ThreadPoolExecutor$Worker@683ed9e2[State = -1, empty queue]] WARN  server.GrpcLogAppender (GrpcLogAppender.java:timeoutAppendRequest(200)) - 78eb98d0-10ad-403d-ab68-3e803fb8ec72@group-9AD4355EB7C4->18c72976-30e0-4eea-a5a6-85bddbc481ac-GrpcLogAppender: appendEntries Timeout, request=78eb98d0-10ad-403d-ab68-3e803fb8ec72->18c72976-30e0-4eea-a5a6-85bddbc481ac#54-t2, previous=(t:2, i:16), leaderCommit=10, initializing? false, entries: <empty>
2019-09-17 15:16:06,214 [java.util.concurrent.ThreadPoolExecutor$Worker@68950335[State = -1, empty queue]] WARN  server.GrpcLogAppender (GrpcLogAppender.java:timeoutAppendRequest(200)) - 78eb98d0-10ad-403d-ab68-3e803fb8ec72@group-9AD4355EB7C4->319da950-6258-4a15-a10a-9ff19688a457-GrpcLogAppender: appendEntries Timeout, request=78eb98d0-10ad-403d-ab68-3e803fb8ec72->319da950-6258-4a15-a10a-9ff19688a457#54-t2, previous=(t:2, i:16), leaderCommit=10, initializing? false, entries: <empty>
2019-09-17 15:16:06,877 [grpc-default-executor-0] INFO  client.GrpcClientProtocolClient (GrpcClientProtocolClient.java:onNext(264)) - client-552194EA954E->319da950-6258-4a15-a10a-9ff19688a457: receive RaftClientReply:client-552194EA954E->319da950-6258-4a15-a10a-9ff19688a457@group-9AD4355EB7C4, cid=24, FAILED org.apache.ratis.protocol.NotLeaderException: Server 319da950-6258-4a15-a10a-9ff19688a457@group-9AD4355EB7C4 is not the leader 78eb98d0-10ad-403d-ab68-3e803fb8ec72:192.168.151.72:34014, logIndex=0, commits[319da950-6258-4a15-a10a-9ff19688a457:c10, 18c72976-30e0-4eea-a5a6-85bddbc481ac:c6, 78eb98d0-10ad-403d-ab68-3e803fb8ec72:c10]
2019-09-17 15:16:08,716 [java.util.concurrent.ThreadPoolExecutor$Worker@683ed9e2[State = -1, empty queue]] WARN  server.GrpcLogAppender (GrpcLogAppender.java:timeoutAppendRequest(200)) - 78eb98d0-10ad-403d-ab68-3e803fb8ec72@group-9AD4355EB7C4->18c72976-30e0-4eea-a5a6-85bddbc481ac-GrpcLogAppender: appendEntries Timeout, request=78eb98d0-10ad-403d-ab68-3e803fb8ec72->18c72976-30e0-4eea-a5a6-85bddbc481ac#55-t2, previous=(t:2, i:16), leaderCommit=10, initializing? false, entries: <empty>
2019-09-17 15:16:08,716 [java.util.concurrent.ThreadPoolExecutor$Worker@68950335[State = -1, empty queue]] WARN  server.GrpcLogAppender (GrpcLogAppender.java:timeoutAppendRequest(200)) - 78eb98d0-10ad-403d-ab68-3e803fb8ec72@group-9AD4355EB7C4->319da950-6258-4a15-a10a-9ff19688a457-GrpcLogAppender: appendEntries Timeout, request=78eb98d0-10ad-403d-ab68-3e803fb8ec72->319da950-6258-4a15-a10a-9ff19688a457#55-t2, previous=(t:2, i:16), leaderCommit=10, initializing? false, entries: <empty>
2019-09-17 15:16:10,786 [78eb98d0-10ad-403d-ab68-3e803fb8ec72@group-9AD4355EB7C4-SegmentedRaftLogWorker] WARN  segmented.SegmentedRaftLogWorker (SegmentedRaftLogWorker.java:getFromFuture(90)) - Timeout 9/~
org.apache.ratis.protocol.TimeoutIOException: Timeout 10s: WriteLog:12: (t:2, i:12), STATEMACHINELOGENTRY, client-552194EA954E, cid=25-writeStateMachineData
	at org.apache.ratis.util.IOUtils.getFromFuture(IOUtils.java:87)
	at org.apache.ratis.server.raftlog.segmented.SegmentedRaftLogWorker$StateMachineDataPolicy.getFromFuture(SegmentedRaftLogWorker.java:87)
	at org.apache.ratis.server.raftlog.segmented.SegmentedRaftLogWorker$WriteLog.execute(SegmentedRaftLogWorker.java:477)
	at org.apache.ratis.server.raftlog.segmented.SegmentedRaftLogWorker.run(SegmentedRaftLogWorker.java:289)
	at java.lang.Thread.run(Thread.java:748)
Caused by: java.util.concurrent.TimeoutException
	at java.util.concurrent.CompletableFuture.timedGet(CompletableFuture.java:1771)
	at java.util.concurrent.CompletableFuture.get(CompletableFuture.java:1915)
	at org.apache.ratis.util.IOUtils.getFromFuture(IOUtils.java:79)
	... 4 more
2019-09-17 15:16:10,817 [319da950-6258-4a15-a10a-9ff19688a457@group-9AD4355EB7C4-SegmentedRaftLogWorker] WARN  segmented.SegmentedRaftLogWorker (SegmentedRaftLogWorker.java:getFromFuture(90)) - Timeout 9/~
org.apache.ratis.protocol.TimeoutIOException: Timeout 10s: WriteLog:12: (t:2, i:12), STATEMACHINELOGENTRY, client-552194EA954E, cid=25-writeStateMachineData
	at org.apache.ratis.util.IOUtils.getFromFuture(IOUtils.java:87)
	at org.apache.ratis.server.raftlog.segmented.SegmentedRaftLogWorker$StateMachineDataPolicy.getFromFuture(SegmentedRaftLogWorker.java:87)
	at org.apache.ratis.server.raftlog.segmented.SegmentedRaftLogWorker$WriteLog.execute(SegmentedRaftLogWorker.java:477)
	at org.apache.ratis.server.raftlog.segmented.SegmentedRaftLogWorker.run(SegmentedRaftLogWorker.java:289)
	at java.lang.Thread.run(Thread.java:748)
Caused by: java.util.concurrent.TimeoutException
	at java.util.concurrent.CompletableFuture.timedGet(CompletableFuture.java:1771)
	at java.util.concurrent.CompletableFuture.get(CompletableFuture.java:1915)
	at org.apache.ratis.util.IOUtils.getFromFuture(IOUtils.java:79)
	... 4 more
2019-09-17 15:16:10,818 [18c72976-30e0-4eea-a5a6-85bddbc481ac@group-9AD4355EB7C4-SegmentedRaftLogWorker] WARN  segmented.SegmentedRaftLogWorker (SegmentedRaftLogWorker.java:getFromFuture(90)) - Timeout 9/~
org.apache.ratis.protocol.TimeoutIOException: Timeout 10s: WriteLog:12: (t:2, i:12), STATEMACHINELOGENTRY, client-552194EA954E, cid=25-writeStateMachineData
	at org.apache.ratis.util.IOUtils.getFromFuture(IOUtils.java:87)
	at org.apache.ratis.server.raftlog.segmented.SegmentedRaftLogWorker$StateMachineDataPolicy.getFromFuture(SegmentedRaftLogWorker.java:87)
	at org.apache.ratis.server.raftlog.segmented.SegmentedRaftLogWorker$WriteLog.execute(SegmentedRaftLogWorker.java:477)
	at org.apache.ratis.server.raftlog.segmented.SegmentedRaftLogWorker.run(SegmentedRaftLogWorker.java:289)
	at java.lang.Thread.run(Thread.java:748)
Caused by: java.util.concurrent.TimeoutException
	at java.util.concurrent.CompletableFuture.timedGet(CompletableFuture.java:1771)
	at java.util.concurrent.CompletableFuture.get(CompletableFuture.java:1915)
	at org.apache.ratis.util.IOUtils.getFromFuture(IOUtils.java:79)
	... 4 more
2019-09-17 15:16:11,217 [java.util.concurrent.ThreadPoolExecutor$Worker@68950335[State = -1, empty queue]] WARN  server.GrpcLogAppender (GrpcLogAppender.java:timeoutAppendRequest(200)) - 78eb98d0-10ad-403d-ab68-3e803fb8ec72@group-9AD4355EB7C4->319da950-6258-4a15-a10a-9ff19688a457-GrpcLogAppender: appendEntries Timeout, request=78eb98d0-10ad-403d-ab68-3e803fb8ec72->319da950-6258-4a15-a10a-9ff19688a457#56-t2, previous=(t:2, i:16), leaderCommit=10, initializing? false, entries: <empty>
2019-09-17 15:16:11,217 [java.util.concurrent.ThreadPoolExecutor$Worker@683ed9e2[State = -1, empty queue]] WARN  server.GrpcLogAppender (GrpcLogAppender.java:timeoutAppendRequest(200)) - 78eb98d0-10ad-403d-ab68-3e803fb8ec72@group-9AD4355EB7C4->18c72976-30e0-4eea-a5a6-85bddbc481ac-GrpcLogAppender: appendEntries Timeout, request=78eb98d0-10ad-403d-ab68-3e803fb8ec72->18c72976-30e0-4eea-a5a6-85bddbc481ac#56-t2, previous=(t:2, i:16), leaderCommit=10, initializing? false, entries: <empty>
2019-09-17 15:16:11,954 [grpc-default-executor-0] INFO  client.GrpcClientProtocolClient (GrpcClientProtocolClient.java:onNext(264)) - client-552194EA954E->319da950-6258-4a15-a10a-9ff19688a457: receive RaftClientReply:client-552194EA954E->319da950-6258-4a15-a10a-9ff19688a457@group-9AD4355EB7C4, cid=24, FAILED org.apache.ratis.protocol.NotLeaderException: Server 319da950-6258-4a15-a10a-9ff19688a457@group-9AD4355EB7C4 is not the leader 78eb98d0-10ad-403d-ab68-3e803fb8ec72:192.168.151.72:34014, logIndex=0, commits[319da950-6258-4a15-a10a-9ff19688a457:c10, 18c72976-30e0-4eea-a5a6-85bddbc481ac:c6, 78eb98d0-10ad-403d-ab68-3e803fb8ec72:c10]
2019-09-17 15:16:13,719 [java.util.concurrent.ThreadPoolExecutor$Worker@683ed9e2[State = -1, empty queue]] WARN  server.GrpcLogAppender (GrpcLogAppender.java:timeoutAppendRequest(200)) - 78eb98d0-10ad-403d-ab68-3e803fb8ec72@group-9AD4355EB7C4->18c72976-30e0-4eea-a5a6-85bddbc481ac-GrpcLogAppender: appendEntries Timeout, request=78eb98d0-10ad-403d-ab68-3e803fb8ec72->18c72976-30e0-4eea-a5a6-85bddbc481ac#57-t2, previous=(t:2, i:16), leaderCommit=10, initializing? false, entries: <empty>
2019-09-17 15:16:13,719 [java.util.concurrent.ThreadPoolExecutor$Worker@68950335[State = -1, empty queue]] WARN  server.GrpcLogAppender (GrpcLogAppender.java:timeoutAppendRequest(200)) - 78eb98d0-10ad-403d-ab68-3e803fb8ec72@group-9AD4355EB7C4->319da950-6258-4a15-a10a-9ff19688a457-GrpcLogAppender: appendEntries Timeout, request=78eb98d0-10ad-403d-ab68-3e803fb8ec72->319da950-6258-4a15-a10a-9ff19688a457#57-t2, previous=(t:2, i:16), leaderCommit=10, initializing? false, entries: <empty>
2019-09-17 15:16:16,219 [java.util.concurrent.ThreadPoolExecutor$Worker@68950335[State = -1, empty queue]] WARN  server.GrpcLogAppender (GrpcLogAppender.java:timeoutAppendRequest(200)) - 78eb98d0-10ad-403d-ab68-3e803fb8ec72@group-9AD4355EB7C4->319da950-6258-4a15-a10a-9ff19688a457-GrpcLogAppender: appendEntries Timeout, request=78eb98d0-10ad-403d-ab68-3e803fb8ec72->319da950-6258-4a15-a10a-9ff19688a457#58-t2, previous=(t:2, i:16), leaderCommit=10, initializing? false, entries: <empty>
2019-09-17 15:16:16,219 [java.util.concurrent.ThreadPoolExecutor$Worker@683ed9e2[State = -1, empty queue]] WARN  server.GrpcLogAppender (GrpcLogAppender.java:timeoutAppendRequest(200)) - 78eb98d0-10ad-403d-ab68-3e803fb8ec72@group-9AD4355EB7C4->18c72976-30e0-4eea-a5a6-85bddbc481ac-GrpcLogAppender: appendEntries Timeout, request=78eb98d0-10ad-403d-ab68-3e803fb8ec72->18c72976-30e0-4eea-a5a6-85bddbc481ac#58-t2, previous=(t:2, i:16), leaderCommit=10, initializing? false, entries: <empty>
2019-09-17 15:16:16,999 [grpc-default-executor-4] INFO  client.GrpcClientProtocolClient (GrpcClientProtocolClient.java:onNext(264)) - client-552194EA954E->319da950-6258-4a15-a10a-9ff19688a457: receive RaftClientReply:client-552194EA954E->319da950-6258-4a15-a10a-9ff19688a457@group-9AD4355EB7C4, cid=24, FAILED org.apache.ratis.protocol.NotLeaderException: Server 319da950-6258-4a15-a10a-9ff19688a457@group-9AD4355EB7C4 is not the leader 78eb98d0-10ad-403d-ab68-3e803fb8ec72:192.168.151.72:34014, logIndex=0, commits[319da950-6258-4a15-a10a-9ff19688a457:c10, 18c72976-30e0-4eea-a5a6-85bddbc481ac:c6, 78eb98d0-10ad-403d-ab68-3e803fb8ec72:c10]
2019-09-17 15:16:18,721 [java.util.concurrent.ThreadPoolExecutor$Worker@68950335[State = -1, empty queue]] WARN  server.GrpcLogAppender (GrpcLogAppender.java:timeoutAppendRequest(200)) - 78eb98d0-10ad-403d-ab68-3e803fb8ec72@group-9AD4355EB7C4->319da950-6258-4a15-a10a-9ff19688a457-GrpcLogAppender: appendEntries Timeout, request=78eb98d0-10ad-403d-ab68-3e803fb8ec72->319da950-6258-4a15-a10a-9ff19688a457#59-t2, previous=(t:2, i:16), leaderCommit=10, initializing? false, entries: <empty>
2019-09-17 15:16:18,721 [java.util.concurrent.ThreadPoolExecutor$Worker@683ed9e2[State = -1, empty queue]] WARN  server.GrpcLogAppender (GrpcLogAppender.java:timeoutAppendRequest(200)) - 78eb98d0-10ad-403d-ab68-3e803fb8ec72@group-9AD4355EB7C4->18c72976-30e0-4eea-a5a6-85bddbc481ac-GrpcLogAppender: appendEntries Timeout, request=78eb98d0-10ad-403d-ab68-3e803fb8ec72->18c72976-30e0-4eea-a5a6-85bddbc481ac#59-t2, previous=(t:2, i:16), leaderCommit=10, initializing? false, entries: <empty>
2019-09-17 15:16:20,788 [78eb98d0-10ad-403d-ab68-3e803fb8ec72@group-9AD4355EB7C4-SegmentedRaftLogWorker] WARN  segmented.SegmentedRaftLogWorker (SegmentedRaftLogWorker.java:getFromFuture(90)) - Timeout 10/~
org.apache.ratis.protocol.TimeoutIOException: Timeout 10s: WriteLog:12: (t:2, i:12), STATEMACHINELOGENTRY, client-552194EA954E, cid=25-writeStateMachineData
	at org.apache.ratis.util.IOUtils.getFromFuture(IOUtils.java:87)
	at org.apache.ratis.server.raftlog.segmented.SegmentedRaftLogWorker$StateMachineDataPolicy.getFromFuture(SegmentedRaftLogWorker.java:87)
	at org.apache.ratis.server.raftlog.segmented.SegmentedRaftLogWorker$WriteLog.execute(SegmentedRaftLogWorker.java:477)
	at org.apache.ratis.server.raftlog.segmented.SegmentedRaftLogWorker.run(SegmentedRaftLogWorker.java:289)
	at java.lang.Thread.run(Thread.java:748)
Caused by: java.util.concurrent.TimeoutException
	at java.util.concurrent.CompletableFuture.timedGet(CompletableFuture.java:1771)
	at java.util.concurrent.CompletableFuture.get(CompletableFuture.java:1915)
	at org.apache.ratis.util.IOUtils.getFromFuture(IOUtils.java:79)
	... 4 more
2019-09-17 15:16:20,818 [319da950-6258-4a15-a10a-9ff19688a457@group-9AD4355EB7C4-SegmentedRaftLogWorker] WARN  segmented.SegmentedRaftLogWorker (SegmentedRaftLogWorker.java:getFromFuture(90)) - Timeout 10/~
org.apache.ratis.protocol.TimeoutIOException: Timeout 10s: WriteLog:12: (t:2, i:12), STATEMACHINELOGENTRY, client-552194EA954E, cid=25-writeStateMachineData
	at org.apache.ratis.util.IOUtils.getFromFuture(IOUtils.java:87)
	at org.apache.ratis.server.raftlog.segmented.SegmentedRaftLogWorker$StateMachineDataPolicy.getFromFuture(SegmentedRaftLogWorker.java:87)
	at org.apache.ratis.server.raftlog.segmented.SegmentedRaftLogWorker$WriteLog.execute(SegmentedRaftLogWorker.java:477)
	at org.apache.ratis.server.raftlog.segmented.SegmentedRaftLogWorker.run(SegmentedRaftLogWorker.java:289)
	at java.lang.Thread.run(Thread.java:748)
Caused by: java.util.concurrent.TimeoutException
	at java.util.concurrent.CompletableFuture.timedGet(CompletableFuture.java:1771)
	at java.util.concurrent.CompletableFuture.get(CompletableFuture.java:1915)
	at org.apache.ratis.util.IOUtils.getFromFuture(IOUtils.java:79)
	... 4 more
2019-09-17 15:16:20,819 [18c72976-30e0-4eea-a5a6-85bddbc481ac@group-9AD4355EB7C4-SegmentedRaftLogWorker] WARN  segmented.SegmentedRaftLogWorker (SegmentedRaftLogWorker.java:getFromFuture(90)) - Timeout 10/~
org.apache.ratis.protocol.TimeoutIOException: Timeout 10s: WriteLog:12: (t:2, i:12), STATEMACHINELOGENTRY, client-552194EA954E, cid=25-writeStateMachineData
	at org.apache.ratis.util.IOUtils.getFromFuture(IOUtils.java:87)
	at org.apache.ratis.server.raftlog.segmented.SegmentedRaftLogWorker$StateMachineDataPolicy.getFromFuture(SegmentedRaftLogWorker.java:87)
	at org.apache.ratis.server.raftlog.segmented.SegmentedRaftLogWorker$WriteLog.execute(SegmentedRaftLogWorker.java:477)
	at org.apache.ratis.server.raftlog.segmented.SegmentedRaftLogWorker.run(SegmentedRaftLogWorker.java:289)
	at java.lang.Thread.run(Thread.java:748)
Caused by: java.util.concurrent.TimeoutException
	at java.util.concurrent.CompletableFuture.timedGet(CompletableFuture.java:1771)
	at java.util.concurrent.CompletableFuture.get(CompletableFuture.java:1915)
	at org.apache.ratis.util.IOUtils.getFromFuture(IOUtils.java:79)
	... 4 more
2019-09-17 15:16:21,221 [java.util.concurrent.ThreadPoolExecutor$Worker@68950335[State = -1, empty queue]] WARN  server.GrpcLogAppender (GrpcLogAppender.java:timeoutAppendRequest(200)) - 78eb98d0-10ad-403d-ab68-3e803fb8ec72@group-9AD4355EB7C4->319da950-6258-4a15-a10a-9ff19688a457-GrpcLogAppender: appendEntries Timeout, request=78eb98d0-10ad-403d-ab68-3e803fb8ec72->319da950-6258-4a15-a10a-9ff19688a457#60-t2, previous=(t:2, i:16), leaderCommit=10, initializing? false, entries: <empty>
2019-09-17 15:16:21,221 [java.util.concurrent.ThreadPoolExecutor$Worker@683ed9e2[State = -1, empty queue]] WARN  server.GrpcLogAppender (GrpcLogAppender.java:timeoutAppendRequest(200)) - 78eb98d0-10ad-403d-ab68-3e803fb8ec72@group-9AD4355EB7C4->18c72976-30e0-4eea-a5a6-85bddbc481ac-GrpcLogAppender: appendEntries Timeout, request=78eb98d0-10ad-403d-ab68-3e803fb8ec72->18c72976-30e0-4eea-a5a6-85bddbc481ac#60-t2, previous=(t:2, i:16), leaderCommit=10, initializing? false, entries: <empty>
2019-09-17 15:16:22,106 [grpc-default-executor-4] INFO  client.GrpcClientProtocolClient (GrpcClientProtocolClient.java:onNext(264)) - client-552194EA954E->18c72976-30e0-4eea-a5a6-85bddbc481ac: receive RaftClientReply:client-552194EA954E->18c72976-30e0-4eea-a5a6-85bddbc481ac@group-9AD4355EB7C4, cid=24, FAILED org.apache.ratis.protocol.NotLeaderException: Server 18c72976-30e0-4eea-a5a6-85bddbc481ac@group-9AD4355EB7C4 is not the leader 78eb98d0-10ad-403d-ab68-3e803fb8ec72:192.168.151.72:34014, logIndex=0, commits[18c72976-30e0-4eea-a5a6-85bddbc481ac:c10, 78eb98d0-10ad-403d-ab68-3e803fb8ec72:c10, 319da950-6258-4a15-a10a-9ff19688a457:c6]
2019-09-17 15:16:23,722 [java.util.concurrent.ThreadPoolExecutor$Worker@68950335[State = -1, empty queue]] WARN  server.GrpcLogAppender (GrpcLogAppender.java:timeoutAppendRequest(200)) - 78eb98d0-10ad-403d-ab68-3e803fb8ec72@group-9AD4355EB7C4->319da950-6258-4a15-a10a-9ff19688a457-GrpcLogAppender: appendEntries Timeout, request=78eb98d0-10ad-403d-ab68-3e803fb8ec72->319da950-6258-4a15-a10a-9ff19688a457#61-t2, previous=(t:2, i:16), leaderCommit=10, initializing? false, entries: <empty>
2019-09-17 15:16:23,722 [java.util.concurrent.ThreadPoolExecutor$Worker@683ed9e2[State = -1, empty queue]] WARN  server.GrpcLogAppender (GrpcLogAppender.java:timeoutAppendRequest(200)) - 78eb98d0-10ad-403d-ab68-3e803fb8ec72@group-9AD4355EB7C4->18c72976-30e0-4eea-a5a6-85bddbc481ac-GrpcLogAppender: appendEntries Timeout, request=78eb98d0-10ad-403d-ab68-3e803fb8ec72->18c72976-30e0-4eea-a5a6-85bddbc481ac#61-t2, previous=(t:2, i:16), leaderCommit=10, initializing? false, entries: <empty>
2019-09-17 15:16:26,222 [java.util.concurrent.ThreadPoolExecutor$Worker@683ed9e2[State = -1, empty queue]] WARN  server.GrpcLogAppender (GrpcLogAppender.java:timeoutAppendRequest(200)) - 78eb98d0-10ad-403d-ab68-3e803fb8ec72@group-9AD4355EB7C4->18c72976-30e0-4eea-a5a6-85bddbc481ac-GrpcLogAppender: appendEntries Timeout, request=78eb98d0-10ad-403d-ab68-3e803fb8ec72->18c72976-30e0-4eea-a5a6-85bddbc481ac#62-t2, previous=(t:2, i:16), leaderCommit=10, initializing? false, entries: <empty>
2019-09-17 15:16:26,222 [java.util.concurrent.ThreadPoolExecutor$Worker@68950335[State = -1, empty queue]] WARN  server.GrpcLogAppender (GrpcLogAppender.java:timeoutAppendRequest(200)) - 78eb98d0-10ad-403d-ab68-3e803fb8ec72@group-9AD4355EB7C4->319da950-6258-4a15-a10a-9ff19688a457-GrpcLogAppender: appendEntries Timeout, request=78eb98d0-10ad-403d-ab68-3e803fb8ec72->319da950-6258-4a15-a10a-9ff19688a457#62-t2, previous=(t:2, i:16), leaderCommit=10, initializing? false, entries: <empty>
2019-09-17 15:16:27,152 [grpc-default-executor-4] INFO  client.GrpcClientProtocolClient (GrpcClientProtocolClient.java:onNext(264)) - client-552194EA954E->18c72976-30e0-4eea-a5a6-85bddbc481ac: receive RaftClientReply:client-552194EA954E->18c72976-30e0-4eea-a5a6-85bddbc481ac@group-9AD4355EB7C4, cid=24, FAILED org.apache.ratis.protocol.NotLeaderException: Server 18c72976-30e0-4eea-a5a6-85bddbc481ac@group-9AD4355EB7C4 is not the leader 78eb98d0-10ad-403d-ab68-3e803fb8ec72:192.168.151.72:34014, logIndex=0, commits[18c72976-30e0-4eea-a5a6-85bddbc481ac:c10, 78eb98d0-10ad-403d-ab68-3e803fb8ec72:c10, 319da950-6258-4a15-a10a-9ff19688a457:c6]
2019-09-17 15:16:28,723 [java.util.concurrent.ThreadPoolExecutor$Worker@683ed9e2[State = -1, empty queue]] WARN  server.GrpcLogAppender (GrpcLogAppender.java:timeoutAppendRequest(200)) - 78eb98d0-10ad-403d-ab68-3e803fb8ec72@group-9AD4355EB7C4->18c72976-30e0-4eea-a5a6-85bddbc481ac-GrpcLogAppender: appendEntries Timeout, request=78eb98d0-10ad-403d-ab68-3e803fb8ec72->18c72976-30e0-4eea-a5a6-85bddbc481ac#63-t2, previous=(t:2, i:16), leaderCommit=10, initializing? false, entries: <empty>
2019-09-17 15:16:28,723 [java.util.concurrent.ThreadPoolExecutor$Worker@68950335[State = -1, empty queue]] WARN  server.GrpcLogAppender (GrpcLogAppender.java:timeoutAppendRequest(200)) - 78eb98d0-10ad-403d-ab68-3e803fb8ec72@group-9AD4355EB7C4->319da950-6258-4a15-a10a-9ff19688a457-GrpcLogAppender: appendEntries Timeout, request=78eb98d0-10ad-403d-ab68-3e803fb8ec72->319da950-6258-4a15-a10a-9ff19688a457#63-t2, previous=(t:2, i:16), leaderCommit=10, initializing? false, entries: <empty>
2019-09-17 15:16:30,777 [org.apache.ratis.server.impl.LogAppender$AppenderDaemon$$Lambda$498/908641698@7ead5bdf] ERROR ratis.XceiverServerRatis (XceiverServerRatis.java:triggerPipelineClose(575)) - pipeline Action CLOSE  on pipeline PipelineID=855fe8db-a41d-4393-a5b7-9ad4355eb7c4.Reason : 78eb98d0-10ad-403d-ab68-3e803fb8ec72 has not seen follower/s 18c72976-30e0-4eea-a5a6-85bddbc481ac for 120646ms 319da950-6258-4a15-a10a-9ff19688a457 for 120648ms
2019-09-17 15:16:30,777 [org.apache.ratis.server.impl.LogAppender$AppenderDaemon$$Lambda$498/908641698@723b07ed] ERROR ratis.XceiverServerRatis (XceiverServerRatis.java:triggerPipelineClose(575)) - pipeline Action CLOSE  on pipeline PipelineID=855fe8db-a41d-4393-a5b7-9ad4355eb7c4.Reason : 78eb98d0-10ad-403d-ab68-3e803fb8ec72 has not seen follower/s 18c72976-30e0-4eea-a5a6-85bddbc481ac for 120646ms 319da950-6258-4a15-a10a-9ff19688a457 for 120648ms
2019-09-17 15:16:30,789 [78eb98d0-10ad-403d-ab68-3e803fb8ec72@group-9AD4355EB7C4-SegmentedRaftLogWorker] WARN  segmented.SegmentedRaftLogWorker (SegmentedRaftLogWorker.java:getFromFuture(90)) - Timeout 11/~
org.apache.ratis.protocol.TimeoutIOException: Timeout 10s: WriteLog:12: (t:2, i:12), STATEMACHINELOGENTRY, client-552194EA954E, cid=25-writeStateMachineData
	at org.apache.ratis.util.IOUtils.getFromFuture(IOUtils.java:87)
	at org.apache.ratis.server.raftlog.segmented.SegmentedRaftLogWorker$StateMachineDataPolicy.getFromFuture(SegmentedRaftLogWorker.java:87)
	at org.apache.ratis.server.raftlog.segmented.SegmentedRaftLogWorker$WriteLog.execute(SegmentedRaftLogWorker.java:477)
	at org.apache.ratis.server.raftlog.segmented.SegmentedRaftLogWorker.run(SegmentedRaftLogWorker.java:289)
	at java.lang.Thread.run(Thread.java:748)
Caused by: java.util.concurrent.TimeoutException
	at java.util.concurrent.CompletableFuture.timedGet(CompletableFuture.java:1771)
	at java.util.concurrent.CompletableFuture.get(CompletableFuture.java:1915)
	at org.apache.ratis.util.IOUtils.getFromFuture(IOUtils.java:79)
	... 4 more
2019-09-17 15:16:30,799 [EventQueue-PipelineActionsForPipelineActionHandler] ERROR pipeline.PipelineActionHandler (PipelineActionHandler.java:onMessage(60)) - Received pipeline action CLOSE for Pipeline[ Id: 855fe8db-a41d-4393-a5b7-9ad4355eb7c4, Nodes: 319da950-6258-4a15-a10a-9ff19688a457{ip: 192.168.151.72, host: pr-hdds-2137-trunk-f8w4d-2934045284, networkLocation: /default-rack, certSerialId: null}18c72976-30e0-4eea-a5a6-85bddbc481ac{ip: 192.168.151.72, host: pr-hdds-2137-trunk-f8w4d-2934045284, networkLocation: /default-rack, certSerialId: null}78eb98d0-10ad-403d-ab68-3e803fb8ec72{ip: 192.168.151.72, host: pr-hdds-2137-trunk-f8w4d-2934045284, networkLocation: /default-rack, certSerialId: null}, Type:RATIS, Factor:THREE, State:OPEN] from datanode 78eb98d0-10ad-403d-ab68-3e803fb8ec72{ip: 192.168.151.72, host: pr-hdds-2137-trunk-f8w4d-2934045284, networkLocation: /default-rack, certSerialId: null}. Reason : 78eb98d0-10ad-403d-ab68-3e803fb8ec72 has not seen follower/s 18c72976-30e0-4eea-a5a6-85bddbc481ac for 120646ms 319da950-6258-4a15-a10a-9ff19688a457 for 120648ms
2019-09-17 15:16:30,799 [EventQueue-PipelineActionsForPipelineActionHandler] INFO  pipeline.SCMPipelineManager (SCMPipelineManager.java:finalizeAndDestroyPipeline(311)) - destroying pipeline:Pipeline[ Id: 855fe8db-a41d-4393-a5b7-9ad4355eb7c4, Nodes: 319da950-6258-4a15-a10a-9ff19688a457{ip: 192.168.151.72, host: pr-hdds-2137-trunk-f8w4d-2934045284, networkLocation: /default-rack, certSerialId: null}18c72976-30e0-4eea-a5a6-85bddbc481ac{ip: 192.168.151.72, host: pr-hdds-2137-trunk-f8w4d-2934045284, networkLocation: /default-rack, certSerialId: null}78eb98d0-10ad-403d-ab68-3e803fb8ec72{ip: 192.168.151.72, host: pr-hdds-2137-trunk-f8w4d-2934045284, networkLocation: /default-rack, certSerialId: null}, Type:RATIS, Factor:THREE, State:OPEN]
2019-09-17 15:16:30,801 [EventQueue-PipelineActionsForPipelineActionHandler] INFO  pipeline.PipelineStateManager (PipelineStateManager.java:finalizePipeline(123)) - Pipeline Pipeline[ Id: 855fe8db-a41d-4393-a5b7-9ad4355eb7c4, Nodes: 319da950-6258-4a15-a10a-9ff19688a457{ip: 192.168.151.72, host: pr-hdds-2137-trunk-f8w4d-2934045284, networkLocation: /default-rack, certSerialId: null}18c72976-30e0-4eea-a5a6-85bddbc481ac{ip: 192.168.151.72, host: pr-hdds-2137-trunk-f8w4d-2934045284, networkLocation: /default-rack, certSerialId: null}78eb98d0-10ad-403d-ab68-3e803fb8ec72{ip: 192.168.151.72, host: pr-hdds-2137-trunk-f8w4d-2934045284, networkLocation: /default-rack, certSerialId: null}, Type:RATIS, Factor:THREE, State:CLOSED] moved to CLOSED state
2019-09-17 15:16:30,818 [EventQueue-CloseContainerForCloseContainerEventHandler] INFO  container.CloseContainerEventHandler (CloseContainerEventHandler.java:onMessage(61)) - Close container Event triggered for container : #2
2019-09-17 15:16:30,820 [18c72976-30e0-4eea-a5a6-85bddbc481ac@group-9AD4355EB7C4-SegmentedRaftLogWorker] WARN  segmented.SegmentedRaftLogWorker (SegmentedRaftLogWorker.java:getFromFuture(90)) - Timeout 11/~
org.apache.ratis.protocol.TimeoutIOException: Timeout 10s: WriteLog:12: (t:2, i:12), STATEMACHINELOGENTRY, client-552194EA954E, cid=25-writeStateMachineData
	at org.apache.ratis.util.IOUtils.getFromFuture(IOUtils.java:87)
	at org.apache.ratis.server.raftlog.segmented.SegmentedRaftLogWorker$StateMachineDataPolicy.getFromFuture(SegmentedRaftLogWorker.java:87)
	at org.apache.ratis.server.raftlog.segmented.SegmentedRaftLogWorker$WriteLog.execute(SegmentedRaftLogWorker.java:477)
	at org.apache.ratis.server.raftlog.segmented.SegmentedRaftLogWorker.run(SegmentedRaftLogWorker.java:289)
	at java.lang.Thread.run(Thread.java:748)
Caused by: java.util.concurrent.TimeoutException
	at java.util.concurrent.CompletableFuture.timedGet(CompletableFuture.java:1771)
	at java.util.concurrent.CompletableFuture.get(CompletableFuture.java:1915)
	at org.apache.ratis.util.IOUtils.getFromFuture(IOUtils.java:79)
	... 4 more
2019-09-17 15:16:30,837 [319da950-6258-4a15-a10a-9ff19688a457@group-9AD4355EB7C4-SegmentedRaftLogWorker] WARN  segmented.SegmentedRaftLogWorker (SegmentedRaftLogWorker.java:getFromFuture(90)) - Timeout 11/~
org.apache.ratis.protocol.TimeoutIOException: Timeout 10s: WriteLog:12: (t:2, i:12), STATEMACHINELOGENTRY, client-552194EA954E, cid=25-writeStateMachineData
	at org.apache.ratis.util.IOUtils.getFromFuture(IOUtils.java:87)
	at org.apache.ratis.server.raftlog.segmented.SegmentedRaftLogWorker$StateMachineDataPolicy.getFromFuture(SegmentedRaftLogWorker.java:87)
	at org.apache.ratis.server.raftlog.segmented.SegmentedRaftLogWorker$WriteLog.execute(SegmentedRaftLogWorker.java:477)
	at org.apache.ratis.server.raftlog.segmented.SegmentedRaftLogWorker.run(SegmentedRaftLogWorker.java:289)
	at java.lang.Thread.run(Thread.java:748)
Caused by: java.util.concurrent.TimeoutException
	at java.util.concurrent.CompletableFuture.timedGet(CompletableFuture.java:1771)
	at java.util.concurrent.CompletableFuture.get(CompletableFuture.java:1915)
	at org.apache.ratis.util.IOUtils.getFromFuture(IOUtils.java:79)
	... 4 more
2019-09-17 15:16:30,853 [EventQueue-CloseContainerForCloseContainerEventHandler] INFO  container.CloseContainerEventHandler (CloseContainerEventHandler.java:onMessage(61)) - Close container Event triggered for container : #4
2019-09-17 15:16:31,224 [java.util.concurrent.ThreadPoolExecutor$Worker@683ed9e2[State = -1, empty queue]] WARN  server.GrpcLogAppender (GrpcLogAppender.java:timeoutAppendRequest(200)) - 78eb98d0-10ad-403d-ab68-3e803fb8ec72@group-9AD4355EB7C4->18c72976-30e0-4eea-a5a6-85bddbc481ac-GrpcLogAppender: appendEntries Timeout, request=78eb98d0-10ad-403d-ab68-3e803fb8ec72->18c72976-30e0-4eea-a5a6-85bddbc481ac#64-t2, previous=(t:2, i:16), leaderCommit=10, initializing? false, entries: <empty>
2019-09-17 15:16:31,224 [java.util.concurrent.ThreadPoolExecutor$Worker@68950335[State = -1, empty queue]] WARN  server.GrpcLogAppender (GrpcLogAppender.java:timeoutAppendRequest(200)) - 78eb98d0-10ad-403d-ab68-3e803fb8ec72@group-9AD4355EB7C4->319da950-6258-4a15-a10a-9ff19688a457-GrpcLogAppender: appendEntries Timeout, request=78eb98d0-10ad-403d-ab68-3e803fb8ec72->319da950-6258-4a15-a10a-9ff19688a457#64-t2, previous=(t:2, i:16), leaderCommit=10, initializing? false, entries: <empty>
2019-09-17 15:16:32,203 [grpc-default-executor-4] INFO  client.GrpcClientProtocolClient (GrpcClientProtocolClient.java:onNext(264)) - client-552194EA954E->18c72976-30e0-4eea-a5a6-85bddbc481ac: receive RaftClientReply:client-552194EA954E->18c72976-30e0-4eea-a5a6-85bddbc481ac@group-9AD4355EB7C4, cid=24, FAILED org.apache.ratis.protocol.NotLeaderException: Server 18c72976-30e0-4eea-a5a6-85bddbc481ac@group-9AD4355EB7C4 is not the leader 78eb98d0-10ad-403d-ab68-3e803fb8ec72:192.168.151.72:34014, logIndex=0, commits[18c72976-30e0-4eea-a5a6-85bddbc481ac:c10, 78eb98d0-10ad-403d-ab68-3e803fb8ec72:c10, 319da950-6258-4a15-a10a-9ff19688a457:c6]
2019-09-17 15:16:32,816 [org.apache.ratis.server.impl.LogAppender$AppenderDaemon$$Lambda$498/908641698@7ead5bdf] ERROR ratis.XceiverServerRatis (XceiverServerRatis.java:triggerPipelineClose(575)) - pipeline Action CLOSE  on pipeline PipelineID=855fe8db-a41d-4393-a5b7-9ad4355eb7c4.Reason : 78eb98d0-10ad-403d-ab68-3e803fb8ec72 has not seen follower/s 18c72976-30e0-4eea-a5a6-85bddbc481ac for 122708ms 319da950-6258-4a15-a10a-9ff19688a457 for 122707ms
2019-09-17 15:16:32,816 [org.apache.ratis.server.impl.LogAppender$AppenderDaemon$$Lambda$498/908641698@723b07ed] ERROR ratis.XceiverServerRatis (XceiverServerRatis.java:triggerPipelineClose(575)) - pipeline Action CLOSE  on pipeline PipelineID=855fe8db-a41d-4393-a5b7-9ad4355eb7c4.Reason : 78eb98d0-10ad-403d-ab68-3e803fb8ec72 has not seen follower/s 18c72976-30e0-4eea-a5a6-85bddbc481ac for 122708ms 319da950-6258-4a15-a10a-9ff19688a457 for 122707ms
2019-09-17 15:16:33,727 [java.util.concurrent.ThreadPoolExecutor$Worker@683ed9e2[State = -1, empty queue]] WARN  server.GrpcLogAppender (GrpcLogAppender.java:timeoutAppendRequest(200)) - 78eb98d0-10ad-403d-ab68-3e803fb8ec72@group-9AD4355EB7C4->18c72976-30e0-4eea-a5a6-85bddbc481ac-GrpcLogAppender: appendEntries Timeout, request=78eb98d0-10ad-403d-ab68-3e803fb8ec72->18c72976-30e0-4eea-a5a6-85bddbc481ac#65-t2, previous=(t:2, i:16), leaderCommit=10, initializing? false, entries: <empty>
2019-09-17 15:16:33,727 [java.util.concurrent.ThreadPoolExecutor$Worker@68950335[State = -1, empty queue]] WARN  server.GrpcLogAppender (GrpcLogAppender.java:timeoutAppendRequest(200)) - 78eb98d0-10ad-403d-ab68-3e803fb8ec72@group-9AD4355EB7C4->319da950-6258-4a15-a10a-9ff19688a457-GrpcLogAppender: appendEntries Timeout, request=78eb98d0-10ad-403d-ab68-3e803fb8ec72->319da950-6258-4a15-a10a-9ff19688a457#65-t2, previous=(t:2, i:16), leaderCommit=10, initializing? false, entries: <empty>
2019-09-17 15:16:33,811 [EventQueue-PipelineActionsForPipelineActionHandler] ERROR pipeline.PipelineActionHandler (PipelineActionHandler.java:onMessage(60)) - Received pipeline action CLOSE for Pipeline[ Id: 855fe8db-a41d-4393-a5b7-9ad4355eb7c4, Nodes: 319da950-6258-4a15-a10a-9ff19688a457{ip: 192.168.151.72, host: pr-hdds-2137-trunk-f8w4d-2934045284, networkLocation: /default-rack, certSerialId: null}18c72976-30e0-4eea-a5a6-85bddbc481ac{ip: 192.168.151.72, host: pr-hdds-2137-trunk-f8w4d-2934045284, networkLocation: /default-rack, certSerialId: null}78eb98d0-10ad-403d-ab68-3e803fb8ec72{ip: 192.168.151.72, host: pr-hdds-2137-trunk-f8w4d-2934045284, networkLocation: /default-rack, certSerialId: null}, Type:RATIS, Factor:THREE, State:CLOSED] from datanode 78eb98d0-10ad-403d-ab68-3e803fb8ec72{ip: 192.168.151.72, host: pr-hdds-2137-trunk-f8w4d-2934045284, networkLocation: /default-rack, certSerialId: null}. Reason : 78eb98d0-10ad-403d-ab68-3e803fb8ec72 has not seen follower/s 18c72976-30e0-4eea-a5a6-85bddbc481ac for 122708ms 319da950-6258-4a15-a10a-9ff19688a457 for 122707ms
2019-09-17 15:16:33,811 [EventQueue-PipelineActionsForPipelineActionHandler] INFO  pipeline.SCMPipelineManager (SCMPipelineManager.java:finalizeAndDestroyPipeline(311)) - destroying pipeline:Pipeline[ Id: 855fe8db-a41d-4393-a5b7-9ad4355eb7c4, Nodes: 319da950-6258-4a15-a10a-9ff19688a457{ip: 192.168.151.72, host: pr-hdds-2137-trunk-f8w4d-2934045284, networkLocation: /default-rack, certSerialId: null}18c72976-30e0-4eea-a5a6-85bddbc481ac{ip: 192.168.151.72, host: pr-hdds-2137-trunk-f8w4d-2934045284, networkLocation: /default-rack, certSerialId: null}78eb98d0-10ad-403d-ab68-3e803fb8ec72{ip: 192.168.151.72, host: pr-hdds-2137-trunk-f8w4d-2934045284, networkLocation: /default-rack, certSerialId: null}, Type:RATIS, Factor:THREE, State:CLOSED]
2019-09-17 15:16:35,318 [org.apache.ratis.server.impl.LogAppender$AppenderDaemon$$Lambda$498/908641698@7ead5bdf] ERROR ratis.XceiverServerRatis (XceiverServerRatis.java:triggerPipelineClose(575)) - pipeline Action CLOSE  on pipeline PipelineID=855fe8db-a41d-4393-a5b7-9ad4355eb7c4.Reason : 78eb98d0-10ad-403d-ab68-3e803fb8ec72 has not seen follower/s 18c72976-30e0-4eea-a5a6-85bddbc481ac for 125210ms 319da950-6258-4a15-a10a-9ff19688a457 for 125209ms
2019-09-17 15:16:35,318 [org.apache.ratis.server.impl.LogAppender$AppenderDaemon$$Lambda$498/908641698@723b07ed] ERROR ratis.XceiverServerRatis (XceiverServerRatis.java:triggerPipelineClose(575)) - pipeline Action CLOSE  on pipeline PipelineID=855fe8db-a41d-4393-a5b7-9ad4355eb7c4.Reason : 78eb98d0-10ad-403d-ab68-3e803fb8ec72 has not seen follower/s 18c72976-30e0-4eea-a5a6-85bddbc481ac for 125210ms 319da950-6258-4a15-a10a-9ff19688a457 for 125209ms
2019-09-17 15:16:35,809 [EventQueue-PipelineActionsForPipelineActionHandler] ERROR pipeline.PipelineActionHandler (PipelineActionHandler.java:onMessage(60)) - Received pipeline action CLOSE for Pipeline[ Id: 855fe8db-a41d-4393-a5b7-9ad4355eb7c4, Nodes: 319da950-6258-4a15-a10a-9ff19688a457{ip: 192.168.151.72, host: pr-hdds-2137-trunk-f8w4d-2934045284, networkLocation: /default-rack, certSerialId: null}18c72976-30e0-4eea-a5a6-85bddbc481ac{ip: 192.168.151.72, host: pr-hdds-2137-trunk-f8w4d-2934045284, networkLocation: /default-rack, certSerialId: null}78eb98d0-10ad-403d-ab68-3e803fb8ec72{ip: 192.168.151.72, host: pr-hdds-2137-trunk-f8w4d-2934045284, networkLocation: /default-rack, certSerialId: null}, Type:RATIS, Factor:THREE, State:CLOSED] from datanode 78eb98d0-10ad-403d-ab68-3e803fb8ec72{ip: 192.168.151.72, host: pr-hdds-2137-trunk-f8w4d-2934045284, networkLocation: /default-rack, certSerialId: null}. Reason : 78eb98d0-10ad-403d-ab68-3e803fb8ec72 has not seen follower/s 18c72976-30e0-4eea-a5a6-85bddbc481ac for 125210ms 319da950-6258-4a15-a10a-9ff19688a457 for 125209ms
2019-09-17 15:16:35,809 [EventQueue-PipelineActionsForPipelineActionHandler] INFO  pipeline.SCMPipelineManager (SCMPipelineManager.java:finalizeAndDestroyPipeline(311)) - destroying pipeline:Pipeline[ Id: 855fe8db-a41d-4393-a5b7-9ad4355eb7c4, Nodes: 319da950-6258-4a15-a10a-9ff19688a457{ip: 192.168.151.72, host: pr-hdds-2137-trunk-f8w4d-2934045284, networkLocation: /default-rack, certSerialId: null}18c72976-30e0-4eea-a5a6-85bddbc481ac{ip: 192.168.151.72, host: pr-hdds-2137-trunk-f8w4d-2934045284, networkLocation: /default-rack, certSerialId: null}78eb98d0-10ad-403d-ab68-3e803fb8ec72{ip: 192.168.151.72, host: pr-hdds-2137-trunk-f8w4d-2934045284, networkLocation: /default-rack, certSerialId: null}, Type:RATIS, Factor:THREE, State:CLOSED]
2019-09-17 15:16:35,816 [java.util.concurrent.ThreadPoolExecutor$Worker@683ed9e2[State = -1, empty queue]] WARN  server.GrpcLogAppender (GrpcLogAppender.java:timeoutAppendRequest(200)) - 78eb98d0-10ad-403d-ab68-3e803fb8ec72@group-9AD4355EB7C4->18c72976-30e0-4eea-a5a6-85bddbc481ac-GrpcLogAppender: appendEntries Timeout, request=78eb98d0-10ad-403d-ab68-3e803fb8ec72->18c72976-30e0-4eea-a5a6-85bddbc481ac#66-t2, previous=(t:2, i:16), leaderCommit=10, initializing? false, entries: size=1, first=(t:2, i:17), STATEMACHINELOGENTRY, client-778D267E73C2, cid=2
2019-09-17 15:16:35,816 [java.util.concurrent.ThreadPoolExecutor$Worker@68950335[State = -1, empty queue]] WARN  server.GrpcLogAppender (GrpcLogAppender.java:timeoutAppendRequest(200)) - 78eb98d0-10ad-403d-ab68-3e803fb8ec72@group-9AD4355EB7C4->319da950-6258-4a15-a10a-9ff19688a457-GrpcLogAppender: appendEntries Timeout, request=78eb98d0-10ad-403d-ab68-3e803fb8ec72->319da950-6258-4a15-a10a-9ff19688a457#66-t2, previous=(t:2, i:16), leaderCommit=10, initializing? false, entries: size=1, first=(t:2, i:17), STATEMACHINELOGENTRY, client-778D267E73C2, cid=2
2019-09-17 15:16:37,243 [grpc-default-executor-4] INFO  client.GrpcClientProtocolClient (GrpcClientProtocolClient.java:onNext(264)) - client-552194EA954E->319da950-6258-4a15-a10a-9ff19688a457: receive RaftClientReply:client-552194EA954E->319da950-6258-4a15-a10a-9ff19688a457@group-9AD4355EB7C4, cid=24, FAILED org.apache.ratis.protocol.NotLeaderException: Server 319da950-6258-4a15-a10a-9ff19688a457@group-9AD4355EB7C4 is not the leader 78eb98d0-10ad-403d-ab68-3e803fb8ec72:192.168.151.72:34014, logIndex=0, commits[319da950-6258-4a15-a10a-9ff19688a457:c10, 18c72976-30e0-4eea-a5a6-85bddbc481ac:c6, 78eb98d0-10ad-403d-ab68-3e803fb8ec72:c10]
2019-09-17 15:16:37,819 [org.apache.ratis.server.impl.LogAppender$AppenderDaemon$$Lambda$498/908641698@7ead5bdf] ERROR ratis.XceiverServerRatis (XceiverServerRatis.java:triggerPipelineClose(575)) - pipeline Action CLOSE  on pipeline PipelineID=855fe8db-a41d-4393-a5b7-9ad4355eb7c4.Reason : 78eb98d0-10ad-403d-ab68-3e803fb8ec72 has not seen follower/s 18c72976-30e0-4eea-a5a6-85bddbc481ac for 127711ms 319da950-6258-4a15-a10a-9ff19688a457 for 127709ms
2019-09-17 15:16:37,823 [org.apache.ratis.server.impl.LogAppender$AppenderDaemon$$Lambda$498/908641698@723b07ed] ERROR ratis.XceiverServerRatis (XceiverServerRatis.java:triggerPipelineClose(575)) - pipeline Action CLOSE  on pipeline PipelineID=855fe8db-a41d-4393-a5b7-9ad4355eb7c4.Reason : 78eb98d0-10ad-403d-ab68-3e803fb8ec72 has not seen follower/s 18c72976-30e0-4eea-a5a6-85bddbc481ac for 127715ms 319da950-6258-4a15-a10a-9ff19688a457 for 127713ms
2019-09-17 15:16:38,318 [java.util.concurrent.ThreadPoolExecutor$Worker@68950335[State = -1, empty queue]] WARN  server.GrpcLogAppender (GrpcLogAppender.java:timeoutAppendRequest(200)) - 78eb98d0-10ad-403d-ab68-3e803fb8ec72@group-9AD4355EB7C4->319da950-6258-4a15-a10a-9ff19688a457-GrpcLogAppender: appendEntries Timeout, request=78eb98d0-10ad-403d-ab68-3e803fb8ec72->319da950-6258-4a15-a10a-9ff19688a457#67-t2, previous=(t:2, i:17), leaderCommit=10, initializing? false, entries: <empty>
2019-09-17 15:16:38,318 [java.util.concurrent.ThreadPoolExecutor$Worker@683ed9e2[State = -1, empty queue]] WARN  server.GrpcLogAppender (GrpcLogAppender.java:timeoutAppendRequest(200)) - 78eb98d0-10ad-403d-ab68-3e803fb8ec72@group-9AD4355EB7C4->18c72976-30e0-4eea-a5a6-85bddbc481ac-GrpcLogAppender: appendEntries Timeout, request=78eb98d0-10ad-403d-ab68-3e803fb8ec72->18c72976-30e0-4eea-a5a6-85bddbc481ac#67-t2, previous=(t:2, i:17), leaderCommit=10, initializing? false, entries: <empty>
2019-09-17 15:16:38,810 [EventQueue-PipelineActionsForPipelineActionHandler] ERROR pipeline.PipelineActionHandler (PipelineActionHandler.java:onMessage(60)) - Received pipeline action CLOSE for Pipeline[ Id: 855fe8db-a41d-4393-a5b7-9ad4355eb7c4, Nodes: 319da950-6258-4a15-a10a-9ff19688a457{ip: 192.168.151.72, host: pr-hdds-2137-trunk-f8w4d-2934045284, networkLocation: /default-rack, certSerialId: null}18c72976-30e0-4eea-a5a6-85bddbc481ac{ip: 192.168.151.72, host: pr-hdds-2137-trunk-f8w4d-2934045284, networkLocation: /default-rack, certSerialId: null}78eb98d0-10ad-403d-ab68-3e803fb8ec72{ip: 192.168.151.72, host: pr-hdds-2137-trunk-f8w4d-2934045284, networkLocation: /default-rack, certSerialId: null}, Type:RATIS, Factor:THREE, State:CLOSED] from datanode 78eb98d0-10ad-403d-ab68-3e803fb8ec72{ip: 192.168.151.72, host: pr-hdds-2137-trunk-f8w4d-2934045284, networkLocation: /default-rack, certSerialId: null}. Reason : 78eb98d0-10ad-403d-ab68-3e803fb8ec72 has not seen follower/s 18c72976-30e0-4eea-a5a6-85bddbc481ac for 127711ms 319da950-6258-4a15-a10a-9ff19688a457 for 127709ms
2019-09-17 15:16:38,810 [EventQueue-PipelineActionsForPipelineActionHandler] INFO  pipeline.SCMPipelineManager (SCMPipelineManager.java:finalizeAndDestroyPipeline(311)) - destroying pipeline:Pipeline[ Id: 855fe8db-a41d-4393-a5b7-9ad4355eb7c4, Nodes: 319da950-6258-4a15-a10a-9ff19688a457{ip: 192.168.151.72, host: pr-hdds-2137-trunk-f8w4d-2934045284, networkLocation: /default-rack, certSerialId: null}18c72976-30e0-4eea-a5a6-85bddbc481ac{ip: 192.168.151.72, host: pr-hdds-2137-trunk-f8w4d-2934045284, networkLocation: /default-rack, certSerialId: null}78eb98d0-10ad-403d-ab68-3e803fb8ec72{ip: 192.168.151.72, host: pr-hdds-2137-trunk-f8w4d-2934045284, networkLocation: /default-rack, certSerialId: null}, Type:RATIS, Factor:THREE, State:CLOSED]
2019-09-17 15:16:40,320 [org.apache.ratis.server.impl.LogAppender$AppenderDaemon$$Lambda$498/908641698@7ead5bdf] ERROR ratis.XceiverServerRatis (XceiverServerRatis.java:triggerPipelineClose(575)) - pipeline Action CLOSE  on pipeline PipelineID=855fe8db-a41d-4393-a5b7-9ad4355eb7c4.Reason : 78eb98d0-10ad-403d-ab68-3e803fb8ec72 has not seen follower/s 18c72976-30e0-4eea-a5a6-85bddbc481ac for 130212ms 319da950-6258-4a15-a10a-9ff19688a457 for 130211ms
2019-09-17 15:16:40,324 [org.apache.ratis.server.impl.LogAppender$AppenderDaemon$$Lambda$498/908641698@723b07ed] ERROR ratis.XceiverServerRatis (XceiverServerRatis.java:triggerPipelineClose(575)) - pipeline Action CLOSE  on pipeline PipelineID=855fe8db-a41d-4393-a5b7-9ad4355eb7c4.Reason : 78eb98d0-10ad-403d-ab68-3e803fb8ec72 has not seen follower/s 18c72976-30e0-4eea-a5a6-85bddbc481ac for 130216ms 319da950-6258-4a15-a10a-9ff19688a457 for 130214ms
2019-09-17 15:16:40,791 [78eb98d0-10ad-403d-ab68-3e803fb8ec72@group-9AD4355EB7C4-SegmentedRaftLogWorker] WARN  segmented.SegmentedRaftLogWorker (SegmentedRaftLogWorker.java:getFromFuture(90)) - Timeout 12/~
org.apache.ratis.protocol.TimeoutIOException: Timeout 10s: WriteLog:12: (t:2, i:12), STATEMACHINELOGENTRY, client-552194EA954E, cid=25-writeStateMachineData
	at org.apache.ratis.util.IOUtils.getFromFuture(IOUtils.java:87)
	at org.apache.ratis.server.raftlog.segmented.SegmentedRaftLogWorker$StateMachineDataPolicy.getFromFuture(SegmentedRaftLogWorker.java:87)
	at org.apache.ratis.server.raftlog.segmented.SegmentedRaftLogWorker$WriteLog.execute(SegmentedRaftLogWorker.java:477)
	at org.apache.ratis.server.raftlog.segmented.SegmentedRaftLogWorker.run(SegmentedRaftLogWorker.java:289)
	at java.lang.Thread.run(Thread.java:748)
Caused by: java.util.concurrent.TimeoutException
	at java.util.concurrent.CompletableFuture.timedGet(CompletableFuture.java:1771)
	at java.util.concurrent.CompletableFuture.get(CompletableFuture.java:1915)
	at org.apache.ratis.util.IOUtils.getFromFuture(IOUtils.java:79)
	... 4 more
2019-09-17 15:16:40,809 [EventQueue-PipelineActionsForPipelineActionHandler] ERROR pipeline.PipelineActionHandler (PipelineActionHandler.java:onMessage(60)) - Received pipeline action CLOSE for Pipeline[ Id: 855fe8db-a41d-4393-a5b7-9ad4355eb7c4, Nodes: 319da950-6258-4a15-a10a-9ff19688a457{ip: 192.168.151.72, host: pr-hdds-2137-trunk-f8w4d-2934045284, networkLocation: /default-rack, certSerialId: null}18c72976-30e0-4eea-a5a6-85bddbc481ac{ip: 192.168.151.72, host: pr-hdds-2137-trunk-f8w4d-2934045284, networkLocation: /default-rack, certSerialId: null}78eb98d0-10ad-403d-ab68-3e803fb8ec72{ip: 192.168.151.72, host: pr-hdds-2137-trunk-f8w4d-2934045284, networkLocation: /default-rack, certSerialId: null}, Type:RATIS, Factor:THREE, State:CLOSED] from datanode 78eb98d0-10ad-403d-ab68-3e803fb8ec72{ip: 192.168.151.72, host: pr-hdds-2137-trunk-f8w4d-2934045284, networkLocation: /default-rack, certSerialId: null}. Reason : 78eb98d0-10ad-403d-ab68-3e803fb8ec72 has not seen follower/s 18c72976-30e0-4eea-a5a6-85bddbc481ac for 130212ms 319da950-6258-4a15-a10a-9ff19688a457 for 130211ms
2019-09-17 15:16:40,810 [EventQueue-PipelineActionsForPipelineActionHandler] INFO  pipeline.SCMPipelineManager (SCMPipelineManager.java:finalizeAndDestroyPipeline(311)) - destroying pipeline:Pipeline[ Id: 855fe8db-a41d-4393-a5b7-9ad4355eb7c4, Nodes: 319da950-6258-4a15-a10a-9ff19688a457{ip: 192.168.151.72, host: pr-hdds-2137-trunk-f8w4d-2934045284, networkLocation: /default-rack, certSerialId: null}18c72976-30e0-4eea-a5a6-85bddbc481ac{ip: 192.168.151.72, host: pr-hdds-2137-trunk-f8w4d-2934045284, networkLocation: /default-rack, certSerialId: null}78eb98d0-10ad-403d-ab68-3e803fb8ec72{ip: 192.168.151.72, host: pr-hdds-2137-trunk-f8w4d-2934045284, networkLocation: /default-rack, certSerialId: null}, Type:RATIS, Factor:THREE, State:CLOSED]
2019-09-17 15:16:40,819 [java.util.concurrent.ThreadPoolExecutor$Worker@683ed9e2[State = -1, empty queue]] WARN  server.GrpcLogAppender (GrpcLogAppender.java:timeoutAppendRequest(200)) - 78eb98d0-10ad-403d-ab68-3e803fb8ec72@group-9AD4355EB7C4->18c72976-30e0-4eea-a5a6-85bddbc481ac-GrpcLogAppender: appendEntries Timeout, request=78eb98d0-10ad-403d-ab68-3e803fb8ec72->18c72976-30e0-4eea-a5a6-85bddbc481ac#68-t2, previous=(t:2, i:17), leaderCommit=10, initializing? false, entries: <empty>
2019-09-17 15:16:40,822 [java.util.concurrent.ThreadPoolExecutor$Worker@68950335[State = -1, empty queue]] WARN  server.GrpcLogAppender (GrpcLogAppender.java:timeoutAppendRequest(200)) - 78eb98d0-10ad-403d-ab68-3e803fb8ec72@group-9AD4355EB7C4->319da950-6258-4a15-a10a-9ff19688a457-GrpcLogAppender: appendEntries Timeout, request=78eb98d0-10ad-403d-ab68-3e803fb8ec72->319da950-6258-4a15-a10a-9ff19688a457#68-t2, previous=(t:2, i:17), leaderCommit=10, initializing? false, entries: <empty>
2019-09-17 15:16:40,837 [18c72976-30e0-4eea-a5a6-85bddbc481ac@group-9AD4355EB7C4-SegmentedRaftLogWorker] WARN  segmented.SegmentedRaftLogWorker (SegmentedRaftLogWorker.java:getFromFuture(90)) - Timeout 12/~
org.apache.ratis.protocol.TimeoutIOException: Timeout 10s: WriteLog:12: (t:2, i:12), STATEMACHINELOGENTRY, client-552194EA954E, cid=25-writeStateMachineData
	at org.apache.ratis.util.IOUtils.getFromFuture(IOUtils.java:87)
	at org.apache.ratis.server.raftlog.segmented.SegmentedRaftLogWorker$StateMachineDataPolicy.getFromFuture(SegmentedRaftLogWorker.java:87)
	at org.apache.ratis.server.raftlog.segmented.SegmentedRaftLogWorker$WriteLog.execute(SegmentedRaftLogWorker.java:477)
	at org.apache.ratis.server.raftlog.segmented.SegmentedRaftLogWorker.run(SegmentedRaftLogWorker.java:289)
	at java.lang.Thread.run(Thread.java:748)
Caused by: java.util.concurrent.TimeoutException
	at java.util.concurrent.CompletableFuture.timedGet(CompletableFuture.java:1771)
	at java.util.concurrent.CompletableFuture.get(CompletableFuture.java:1915)
	at org.apache.ratis.util.IOUtils.getFromFuture(IOUtils.java:79)
	... 4 more
2019-09-17 15:16:40,840 [319da950-6258-4a15-a10a-9ff19688a457@group-9AD4355EB7C4-SegmentedRaftLogWorker] WARN  segmented.SegmentedRaftLogWorker (SegmentedRaftLogWorker.java:getFromFuture(90)) - Timeout 12/~
org.apache.ratis.protocol.TimeoutIOException: Timeout 10s: WriteLog:12: (t:2, i:12), STATEMACHINELOGENTRY, client-552194EA954E, cid=25-writeStateMachineData
	at org.apache.ratis.util.IOUtils.getFromFuture(IOUtils.java:87)
	at org.apache.ratis.server.raftlog.segmented.SegmentedRaftLogWorker$StateMachineDataPolicy.getFromFuture(SegmentedRaftLogWorker.java:87)
	at org.apache.ratis.server.raftlog.segmented.SegmentedRaftLogWorker$WriteLog.execute(SegmentedRaftLogWorker.java:477)
	at org.apache.ratis.server.raftlog.segmented.SegmentedRaftLogWorker.run(SegmentedRaftLogWorker.java:289)
	at java.lang.Thread.run(Thread.java:748)
Caused by: java.util.concurrent.TimeoutException
	at java.util.concurrent.CompletableFuture.timedGet(CompletableFuture.java:1771)
	at java.util.concurrent.CompletableFuture.get(CompletableFuture.java:1915)
	at org.apache.ratis.util.IOUtils.getFromFuture(IOUtils.java:79)
	... 4 more
2019-09-17 15:16:42,281 [grpc-default-executor-4] INFO  client.GrpcClientProtocolClient (GrpcClientProtocolClient.java:onNext(264)) - client-552194EA954E->18c72976-30e0-4eea-a5a6-85bddbc481ac: receive RaftClientReply:client-552194EA954E->18c72976-30e0-4eea-a5a6-85bddbc481ac@group-9AD4355EB7C4, cid=24, FAILED org.apache.ratis.protocol.NotLeaderException: Server 18c72976-30e0-4eea-a5a6-85bddbc481ac@group-9AD4355EB7C4 is not the leader 78eb98d0-10ad-403d-ab68-3e803fb8ec72:192.168.151.72:34014, logIndex=0, commits[18c72976-30e0-4eea-a5a6-85bddbc481ac:c10, 78eb98d0-10ad-403d-ab68-3e803fb8ec72:c10, 319da950-6258-4a15-a10a-9ff19688a457:c6]
2019-09-17 15:16:42,821 [org.apache.ratis.server.impl.LogAppender$AppenderDaemon$$Lambda$498/908641698@7ead5bdf] ERROR ratis.XceiverServerRatis (XceiverServerRatis.java:triggerPipelineClose(575)) - pipeline Action CLOSE  on pipeline PipelineID=855fe8db-a41d-4393-a5b7-9ad4355eb7c4.Reason : 78eb98d0-10ad-403d-ab68-3e803fb8ec72 has not seen follower/s 18c72976-30e0-4eea-a5a6-85bddbc481ac for 132713ms 319da950-6258-4a15-a10a-9ff19688a457 for 132712ms
2019-09-17 15:16:42,825 [org.apache.ratis.server.impl.LogAppender$AppenderDaemon$$Lambda$498/908641698@723b07ed] ERROR ratis.XceiverServerRatis (XceiverServerRatis.java:triggerPipelineClose(575)) - pipeline Action CLOSE  on pipeline PipelineID=855fe8db-a41d-4393-a5b7-9ad4355eb7c4.Reason : 78eb98d0-10ad-403d-ab68-3e803fb8ec72 has not seen follower/s 18c72976-30e0-4eea-a5a6-85bddbc481ac for 132717ms 319da950-6258-4a15-a10a-9ff19688a457 for 132715ms
2019-09-17 15:16:43,320 [java.util.concurrent.ThreadPoolExecutor$Worker@683ed9e2[State = -1, empty queue]] WARN  server.GrpcLogAppender (GrpcLogAppender.java:timeoutAppendRequest(200)) - 78eb98d0-10ad-403d-ab68-3e803fb8ec72@group-9AD4355EB7C4->18c72976-30e0-4eea-a5a6-85bddbc481ac-GrpcLogAppender: appendEntries Timeout, request=78eb98d0-10ad-403d-ab68-3e803fb8ec72->18c72976-30e0-4eea-a5a6-85bddbc481ac#69-t2, previous=(t:2, i:17), leaderCommit=10, initializing? false, entries: <empty>
2019-09-17 15:16:43,324 [java.util.concurrent.ThreadPoolExecutor$Worker@68950335[State = -1, empty queue]] WARN  server.GrpcLogAppender (GrpcLogAppender.java:timeoutAppendRequest(200)) - 78eb98d0-10ad-403d-ab68-3e803fb8ec72@group-9AD4355EB7C4->319da950-6258-4a15-a10a-9ff19688a457-GrpcLogAppender: appendEntries Timeout, request=78eb98d0-10ad-403d-ab68-3e803fb8ec72->319da950-6258-4a15-a10a-9ff19688a457#69-t2, previous=(t:2, i:17), leaderCommit=10, initializing? false, entries: <empty>
2019-09-17 15:16:43,810 [EventQueue-PipelineActionsForPipelineActionHandler] ERROR pipeline.PipelineActionHandler (PipelineActionHandler.java:onMessage(60)) - Received pipeline action CLOSE for Pipeline[ Id: 855fe8db-a41d-4393-a5b7-9ad4355eb7c4, Nodes: 319da950-6258-4a15-a10a-9ff19688a457{ip: 192.168.151.72, host: pr-hdds-2137-trunk-f8w4d-2934045284, networkLocation: /default-rack, certSerialId: null}18c72976-30e0-4eea-a5a6-85bddbc481ac{ip: 192.168.151.72, host: pr-hdds-2137-trunk-f8w4d-2934045284, networkLocation: /default-rack, certSerialId: null}78eb98d0-10ad-403d-ab68-3e803fb8ec72{ip: 192.168.151.72, host: pr-hdds-2137-trunk-f8w4d-2934045284, networkLocation: /default-rack, certSerialId: null}, Type:RATIS, Factor:THREE, State:CLOSED] from datanode 78eb98d0-10ad-403d-ab68-3e803fb8ec72{ip: 192.168.151.72, host: pr-hdds-2137-trunk-f8w4d-2934045284, networkLocation: /default-rack, certSerialId: null}. Reason : 78eb98d0-10ad-403d-ab68-3e803fb8ec72 has not seen follower/s 18c72976-30e0-4eea-a5a6-85bddbc481ac for 132713ms 319da950-6258-4a15-a10a-9ff19688a457 for 132712ms
2019-09-17 15:16:43,810 [EventQueue-PipelineActionsForPipelineActionHandler] INFO  pipeline.SCMPipelineManager (SCMPipelineManager.java:finalizeAndDestroyPipeline(311)) - destroying pipeline:Pipeline[ Id: 855fe8db-a41d-4393-a5b7-9ad4355eb7c4, Nodes: 319da950-6258-4a15-a10a-9ff19688a457{ip: 192.168.151.72, host: pr-hdds-2137-trunk-f8w4d-2934045284, networkLocation: /default-rack, certSerialId: null}18c72976-30e0-4eea-a5a6-85bddbc481ac{ip: 192.168.151.72, host: pr-hdds-2137-trunk-f8w4d-2934045284, networkLocation: /default-rack, certSerialId: null}78eb98d0-10ad-403d-ab68-3e803fb8ec72{ip: 192.168.151.72, host: pr-hdds-2137-trunk-f8w4d-2934045284, networkLocation: /default-rack, certSerialId: null}, Type:RATIS, Factor:THREE, State:CLOSED]
2019-09-17 15:16:45,322 [org.apache.ratis.server.impl.LogAppender$AppenderDaemon$$Lambda$498/908641698@7ead5bdf] ERROR ratis.XceiverServerRatis (XceiverServerRatis.java:triggerPipelineClose(575)) - pipeline Action CLOSE  on pipeline PipelineID=855fe8db-a41d-4393-a5b7-9ad4355eb7c4.Reason : 78eb98d0-10ad-403d-ab68-3e803fb8ec72 has not seen follower/s 18c72976-30e0-4eea-a5a6-85bddbc481ac for 135214ms 319da950-6258-4a15-a10a-9ff19688a457 for 135213ms
2019-09-17 15:16:45,326 [org.apache.ratis.server.impl.LogAppender$AppenderDaemon$$Lambda$498/908641698@723b07ed] ERROR ratis.XceiverServerRatis (XceiverServerRatis.java:triggerPipelineClose(575)) - pipeline Action CLOSE  on pipeline PipelineID=855fe8db-a41d-4393-a5b7-9ad4355eb7c4.Reason : 78eb98d0-10ad-403d-ab68-3e803fb8ec72 has not seen follower/s 18c72976-30e0-4eea-a5a6-85bddbc481ac for 135218ms 319da950-6258-4a15-a10a-9ff19688a457 for 135216ms
2019-09-17 15:16:45,810 [EventQueue-PipelineActionsForPipelineActionHandler] ERROR pipeline.PipelineActionHandler (PipelineActionHandler.java:onMessage(60)) - Received pipeline action CLOSE for Pipeline[ Id: 855fe8db-a41d-4393-a5b7-9ad4355eb7c4, Nodes: 319da950-6258-4a15-a10a-9ff19688a457{ip: 192.168.151.72, host: pr-hdds-2137-trunk-f8w4d-2934045284, networkLocation: /default-rack, certSerialId: null}18c72976-30e0-4eea-a5a6-85bddbc481ac{ip: 192.168.151.72, host: pr-hdds-2137-trunk-f8w4d-2934045284, networkLocation: /default-rack, certSerialId: null}78eb98d0-10ad-403d-ab68-3e803fb8ec72{ip: 192.168.151.72, host: pr-hdds-2137-trunk-f8w4d-2934045284, networkLocation: /default-rack, certSerialId: null}, Type:RATIS, Factor:THREE, State:CLOSED] from datanode 78eb98d0-10ad-403d-ab68-3e803fb8ec72{ip: 192.168.151.72, host: pr-hdds-2137-trunk-f8w4d-2934045284, networkLocation: /default-rack, certSerialId: null}. Reason : 78eb98d0-10ad-403d-ab68-3e803fb8ec72 has not seen follower/s 18c72976-30e0-4eea-a5a6-85bddbc481ac for 135214ms 319da950-6258-4a15-a10a-9ff19688a457 for 135213ms
2019-09-17 15:16:45,811 [EventQueue-PipelineActionsForPipelineActionHandler] INFO  pipeline.SCMPipelineManager (SCMPipelineManager.java:finalizeAndDestroyPipeline(311)) - destroying pipeline:Pipeline[ Id: 855fe8db-a41d-4393-a5b7-9ad4355eb7c4, Nodes: 319da950-6258-4a15-a10a-9ff19688a457{ip: 192.168.151.72, host: pr-hdds-2137-trunk-f8w4d-2934045284, networkLocation: /default-rack, certSerialId: null}18c72976-30e0-4eea-a5a6-85bddbc481ac{ip: 192.168.151.72, host: pr-hdds-2137-trunk-f8w4d-2934045284, networkLocation: /default-rack, certSerialId: null}78eb98d0-10ad-403d-ab68-3e803fb8ec72{ip: 192.168.151.72, host: pr-hdds-2137-trunk-f8w4d-2934045284, networkLocation: /default-rack, certSerialId: null}, Type:RATIS, Factor:THREE, State:CLOSED]
2019-09-17 15:16:45,821 [java.util.concurrent.ThreadPoolExecutor$Worker@683ed9e2[State = -1, empty queue]] WARN  server.GrpcLogAppender (GrpcLogAppender.java:timeoutAppendRequest(200)) - 78eb98d0-10ad-403d-ab68-3e803fb8ec72@group-9AD4355EB7C4->18c72976-30e0-4eea-a5a6-85bddbc481ac-GrpcLogAppender: appendEntries Timeout, request=78eb98d0-10ad-403d-ab68-3e803fb8ec72->18c72976-30e0-4eea-a5a6-85bddbc481ac#70-t2, previous=(t:2, i:17), leaderCommit=10, initializing? false, entries: <empty>
2019-09-17 15:16:45,825 [java.util.concurrent.ThreadPoolExecutor$Worker@68950335[State = -1, empty queue]] WARN  server.GrpcLogAppender (GrpcLogAppender.java:timeoutAppendRequest(200)) - 78eb98d0-10ad-403d-ab68-3e803fb8ec72@group-9AD4355EB7C4->319da950-6258-4a15-a10a-9ff19688a457-GrpcLogAppender: appendEntries Timeout, request=78eb98d0-10ad-403d-ab68-3e803fb8ec72->319da950-6258-4a15-a10a-9ff19688a457#70-t2, previous=(t:2, i:17), leaderCommit=10, initializing? false, entries: <empty>
2019-09-17 15:16:47,323 [grpc-default-executor-0] INFO  client.GrpcClientProtocolClient (GrpcClientProtocolClient.java:onNext(264)) - client-552194EA954E->319da950-6258-4a15-a10a-9ff19688a457: receive RaftClientReply:client-552194EA954E->319da950-6258-4a15-a10a-9ff19688a457@group-9AD4355EB7C4, cid=24, FAILED org.apache.ratis.protocol.NotLeaderException: Server 319da950-6258-4a15-a10a-9ff19688a457@group-9AD4355EB7C4 is not the leader 78eb98d0-10ad-403d-ab68-3e803fb8ec72:192.168.151.72:34014, logIndex=0, commits[319da950-6258-4a15-a10a-9ff19688a457:c10, 18c72976-30e0-4eea-a5a6-85bddbc481ac:c6, 78eb98d0-10ad-403d-ab68-3e803fb8ec72:c10]
2019-09-17 15:16:47,824 [org.apache.ratis.server.impl.LogAppender$AppenderDaemon$$Lambda$498/908641698@7ead5bdf] ERROR ratis.XceiverServerRatis (XceiverServerRatis.java:triggerPipelineClose(575)) - pipeline Action CLOSE  on pipeline PipelineID=855fe8db-a41d-4393-a5b7-9ad4355eb7c4.Reason : 78eb98d0-10ad-403d-ab68-3e803fb8ec72 has not seen follower/s 18c72976-30e0-4eea-a5a6-85bddbc481ac for 137716ms 319da950-6258-4a15-a10a-9ff19688a457 for 137714ms
2019-09-17 15:16:47,826 [org.apache.ratis.server.impl.LogAppender$AppenderDaemon$$Lambda$498/908641698@723b07ed] ERROR ratis.XceiverServerRatis (XceiverServerRatis.java:triggerPipelineClose(575)) - pipeline Action CLOSE  on pipeline PipelineID=855fe8db-a41d-4393-a5b7-9ad4355eb7c4.Reason : 78eb98d0-10ad-403d-ab68-3e803fb8ec72 has not seen follower/s 18c72976-30e0-4eea-a5a6-85bddbc481ac for 137718ms 319da950-6258-4a15-a10a-9ff19688a457 for 137717ms
2019-09-17 15:16:48,322 [java.util.concurrent.ThreadPoolExecutor$Worker@683ed9e2[State = -1, empty queue]] WARN  server.GrpcLogAppender (GrpcLogAppender.java:timeoutAppendRequest(200)) - 78eb98d0-10ad-403d-ab68-3e803fb8ec72@group-9AD4355EB7C4->18c72976-30e0-4eea-a5a6-85bddbc481ac-GrpcLogAppender: appendEntries Timeout, request=78eb98d0-10ad-403d-ab68-3e803fb8ec72->18c72976-30e0-4eea-a5a6-85bddbc481ac#71-t2, previous=(t:2, i:17), leaderCommit=10, initializing? false, entries: <empty>
2019-09-17 15:16:48,325 [java.util.concurrent.ThreadPoolExecutor$Worker@68950335[State = -1, empty queue]] WARN  server.GrpcLogAppender (GrpcLogAppender.java:timeoutAppendRequest(200)) - 78eb98d0-10ad-403d-ab68-3e803fb8ec72@group-9AD4355EB7C4->319da950-6258-4a15-a10a-9ff19688a457-GrpcLogAppender: appendEntries Timeout, request=78eb98d0-10ad-403d-ab68-3e803fb8ec72->319da950-6258-4a15-a10a-9ff19688a457#71-t2, previous=(t:2, i:17), leaderCommit=10, initializing? false, entries: <empty>
2019-09-17 15:16:48,811 [EventQueue-PipelineActionsForPipelineActionHandler] ERROR pipeline.PipelineActionHandler (PipelineActionHandler.java:onMessage(60)) - Received pipeline action CLOSE for Pipeline[ Id: 855fe8db-a41d-4393-a5b7-9ad4355eb7c4, Nodes: 319da950-6258-4a15-a10a-9ff19688a457{ip: 192.168.151.72, host: pr-hdds-2137-trunk-f8w4d-2934045284, networkLocation: /default-rack, certSerialId: null}18c72976-30e0-4eea-a5a6-85bddbc481ac{ip: 192.168.151.72, host: pr-hdds-2137-trunk-f8w4d-2934045284, networkLocation: /default-rack, certSerialId: null}78eb98d0-10ad-403d-ab68-3e803fb8ec72{ip: 192.168.151.72, host: pr-hdds-2137-trunk-f8w4d-2934045284, networkLocation: /default-rack, certSerialId: null}, Type:RATIS, Factor:THREE, State:CLOSED] from datanode 78eb98d0-10ad-403d-ab68-3e803fb8ec72{ip: 192.168.151.72, host: pr-hdds-2137-trunk-f8w4d-2934045284, networkLocation: /default-rack, certSerialId: null}. Reason : 78eb98d0-10ad-403d-ab68-3e803fb8ec72 has not seen follower/s 18c72976-30e0-4eea-a5a6-85bddbc481ac for 137716ms 319da950-6258-4a15-a10a-9ff19688a457 for 137714ms
2019-09-17 15:16:48,811 [EventQueue-PipelineActionsForPipelineActionHandler] INFO  pipeline.SCMPipelineManager (SCMPipelineManager.java:finalizeAndDestroyPipeline(311)) - destroying pipeline:Pipeline[ Id: 855fe8db-a41d-4393-a5b7-9ad4355eb7c4, Nodes: 319da950-6258-4a15-a10a-9ff19688a457{ip: 192.168.151.72, host: pr-hdds-2137-trunk-f8w4d-2934045284, networkLocation: /default-rack, certSerialId: null}18c72976-30e0-4eea-a5a6-85bddbc481ac{ip: 192.168.151.72, host: pr-hdds-2137-trunk-f8w4d-2934045284, networkLocation: /default-rack, certSerialId: null}78eb98d0-10ad-403d-ab68-3e803fb8ec72{ip: 192.168.151.72, host: pr-hdds-2137-trunk-f8w4d-2934045284, networkLocation: /default-rack, certSerialId: null}, Type:RATIS, Factor:THREE, State:CLOSED]
2019-09-17 15:16:50,325 [org.apache.ratis.server.impl.LogAppender$AppenderDaemon$$Lambda$498/908641698@7ead5bdf] ERROR ratis.XceiverServerRatis (XceiverServerRatis.java:triggerPipelineClose(575)) - pipeline Action CLOSE  on pipeline PipelineID=855fe8db-a41d-4393-a5b7-9ad4355eb7c4.Reason : 78eb98d0-10ad-403d-ab68-3e803fb8ec72 has not seen follower/s 18c72976-30e0-4eea-a5a6-85bddbc481ac for 140217ms 319da950-6258-4a15-a10a-9ff19688a457 for 140215ms
2019-09-17 15:16:50,335 [org.apache.ratis.server.impl.LogAppender$AppenderDaemon$$Lambda$498/908641698@723b07ed] ERROR ratis.XceiverServerRatis (XceiverServerRatis.java:triggerPipelineClose(575)) - pipeline Action CLOSE  on pipeline PipelineID=855fe8db-a41d-4393-a5b7-9ad4355eb7c4.Reason : 78eb98d0-10ad-403d-ab68-3e803fb8ec72 has not seen follower/s 18c72976-30e0-4eea-a5a6-85bddbc481ac for 140227ms 319da950-6258-4a15-a10a-9ff19688a457 for 140226ms
2019-09-17 15:16:50,792 [78eb98d0-10ad-403d-ab68-3e803fb8ec72@group-9AD4355EB7C4-SegmentedRaftLogWorker] WARN  segmented.SegmentedRaftLogWorker (SegmentedRaftLogWorker.java:getFromFuture(90)) - Timeout 13/~
org.apache.ratis.protocol.TimeoutIOException: Timeout 10s: WriteLog:12: (t:2, i:12), STATEMACHINELOGENTRY, client-552194EA954E, cid=25-writeStateMachineData
	at org.apache.ratis.util.IOUtils.getFromFuture(IOUtils.java:87)
	at org.apache.ratis.server.raftlog.segmented.SegmentedRaftLogWorker$StateMachineDataPolicy.getFromFuture(SegmentedRaftLogWorker.java:87)
	at org.apache.ratis.server.raftlog.segmented.SegmentedRaftLogWorker$WriteLog.execute(SegmentedRaftLogWorker.java:477)
	at org.apache.ratis.server.raftlog.segmented.SegmentedRaftLogWorker.run(SegmentedRaftLogWorker.java:289)
	at java.lang.Thread.run(Thread.java:748)
Caused by: java.util.concurrent.TimeoutException
	at java.util.concurrent.CompletableFuture.timedGet(CompletableFuture.java:1771)
	at java.util.concurrent.CompletableFuture.get(CompletableFuture.java:1915)
	at org.apache.ratis.util.IOUtils.getFromFuture(IOUtils.java:79)
	... 4 more
2019-09-17 15:16:50,810 [EventQueue-PipelineActionsForPipelineActionHandler] ERROR pipeline.PipelineActionHandler (PipelineActionHandler.java:onMessage(60)) - Received pipeline action CLOSE for Pipeline[ Id: 855fe8db-a41d-4393-a5b7-9ad4355eb7c4, Nodes: 319da950-6258-4a15-a10a-9ff19688a457{ip: 192.168.151.72, host: pr-hdds-2137-trunk-f8w4d-2934045284, networkLocation: /default-rack, certSerialId: null}18c72976-30e0-4eea-a5a6-85bddbc481ac{ip: 192.168.151.72, host: pr-hdds-2137-trunk-f8w4d-2934045284, networkLocation: /default-rack, certSerialId: null}78eb98d0-10ad-403d-ab68-3e803fb8ec72{ip: 192.168.151.72, host: pr-hdds-2137-trunk-f8w4d-2934045284, networkLocation: /default-rack, certSerialId: null}, Type:RATIS, Factor:THREE, State:CLOSED] from datanode 78eb98d0-10ad-403d-ab68-3e803fb8ec72{ip: 192.168.151.72, host: pr-hdds-2137-trunk-f8w4d-2934045284, networkLocation: /default-rack, certSerialId: null}. Reason : 78eb98d0-10ad-403d-ab68-3e803fb8ec72 has not seen follower/s 18c72976-30e0-4eea-a5a6-85bddbc481ac for 140217ms 319da950-6258-4a15-a10a-9ff19688a457 for 140215ms
2019-09-17 15:16:50,811 [EventQueue-PipelineActionsForPipelineActionHandler] INFO  pipeline.SCMPipelineManager (SCMPipelineManager.java:finalizeAndDestroyPipeline(311)) - destroying pipeline:Pipeline[ Id: 855fe8db-a41d-4393-a5b7-9ad4355eb7c4, Nodes: 319da950-6258-4a15-a10a-9ff19688a457{ip: 192.168.151.72, host: pr-hdds-2137-trunk-f8w4d-2934045284, networkLocation: /default-rack, certSerialId: null}18c72976-30e0-4eea-a5a6-85bddbc481ac{ip: 192.168.151.72, host: pr-hdds-2137-trunk-f8w4d-2934045284, networkLocation: /default-rack, certSerialId: null}78eb98d0-10ad-403d-ab68-3e803fb8ec72{ip: 192.168.151.72, host: pr-hdds-2137-trunk-f8w4d-2934045284, networkLocation: /default-rack, certSerialId: null}, Type:RATIS, Factor:THREE, State:CLOSED]
2019-09-17 15:16:50,824 [java.util.concurrent.ThreadPoolExecutor$Worker@683ed9e2[State = -1, empty queue]] WARN  server.GrpcLogAppender (GrpcLogAppender.java:timeoutAppendRequest(200)) - 78eb98d0-10ad-403d-ab68-3e803fb8ec72@group-9AD4355EB7C4->18c72976-30e0-4eea-a5a6-85bddbc481ac-GrpcLogAppender: appendEntries Timeout, request=78eb98d0-10ad-403d-ab68-3e803fb8ec72->18c72976-30e0-4eea-a5a6-85bddbc481ac#72-t2, previous=(t:2, i:17), leaderCommit=10, initializing? false, entries: <empty>
2019-09-17 15:16:50,826 [java.util.concurrent.ThreadPoolExecutor$Worker@68950335[State = -1, empty queue]] WARN  server.GrpcLogAppender (GrpcLogAppender.java:timeoutAppendRequest(200)) - 78eb98d0-10ad-403d-ab68-3e803fb8ec72@group-9AD4355EB7C4->319da950-6258-4a15-a10a-9ff19688a457-GrpcLogAppender: appendEntries Timeout, request=78eb98d0-10ad-403d-ab68-3e803fb8ec72->319da950-6258-4a15-a10a-9ff19688a457#72-t2, previous=(t:2, i:17), leaderCommit=10, initializing? false, entries: <empty>
2019-09-17 15:16:50,838 [18c72976-30e0-4eea-a5a6-85bddbc481ac@group-9AD4355EB7C4-SegmentedRaftLogWorker] WARN  segmented.SegmentedRaftLogWorker (SegmentedRaftLogWorker.java:getFromFuture(90)) - Timeout 13/~
org.apache.ratis.protocol.TimeoutIOException: Timeout 10s: WriteLog:12: (t:2, i:12), STATEMACHINELOGENTRY, client-552194EA954E, cid=25-writeStateMachineData
	at org.apache.ratis.util.IOUtils.getFromFuture(IOUtils.java:87)
	at org.apache.ratis.server.raftlog.segmented.SegmentedRaftLogWorker$StateMachineDataPolicy.getFromFuture(SegmentedRaftLogWorker.java:87)
	at org.apache.ratis.server.raftlog.segmented.SegmentedRaftLogWorker$WriteLog.execute(SegmentedRaftLogWorker.java:477)
	at org.apache.ratis.server.raftlog.segmented.SegmentedRaftLogWorker.run(SegmentedRaftLogWorker.java:289)
	at java.lang.Thread.run(Thread.java:748)
Caused by: java.util.concurrent.TimeoutException
	at java.util.concurrent.CompletableFuture.timedGet(CompletableFuture.java:1771)
	at java.util.concurrent.CompletableFuture.get(CompletableFuture.java:1915)
	at org.apache.ratis.util.IOUtils.getFromFuture(IOUtils.java:79)
	... 4 more
2019-09-17 15:16:50,841 [319da950-6258-4a15-a10a-9ff19688a457@group-9AD4355EB7C4-SegmentedRaftLogWorker] WARN  segmented.SegmentedRaftLogWorker (SegmentedRaftLogWorker.java:getFromFuture(90)) - Timeout 13/~
org.apache.ratis.protocol.TimeoutIOException: Timeout 10s: WriteLog:12: (t:2, i:12), STATEMACHINELOGENTRY, client-552194EA954E, cid=25-writeStateMachineData
	at org.apache.ratis.util.IOUtils.getFromFuture(IOUtils.java:87)
	at org.apache.ratis.server.raftlog.segmented.SegmentedRaftLogWorker$StateMachineDataPolicy.getFromFuture(SegmentedRaftLogWorker.java:87)
	at org.apache.ratis.server.raftlog.segmented.SegmentedRaftLogWorker$WriteLog.execute(SegmentedRaftLogWorker.java:477)
	at org.apache.ratis.server.raftlog.segmented.SegmentedRaftLogWorker.run(SegmentedRaftLogWorker.java:289)
	at java.lang.Thread.run(Thread.java:748)
Caused by: java.util.concurrent.TimeoutException
	at java.util.concurrent.CompletableFuture.timedGet(CompletableFuture.java:1771)
	at java.util.concurrent.CompletableFuture.get(CompletableFuture.java:1915)
	at org.apache.ratis.util.IOUtils.getFromFuture(IOUtils.java:79)
	... 4 more
2019-09-17 15:16:52,367 [grpc-default-executor-0] INFO  client.GrpcClientProtocolClient (GrpcClientProtocolClient.java:onNext(264)) - client-552194EA954E->319da950-6258-4a15-a10a-9ff19688a457: receive RaftClientReply:client-552194EA954E->319da950-6258-4a15-a10a-9ff19688a457@group-9AD4355EB7C4, cid=24, FAILED org.apache.ratis.protocol.NotLeaderException: Server 319da950-6258-4a15-a10a-9ff19688a457@group-9AD4355EB7C4 is not the leader 78eb98d0-10ad-403d-ab68-3e803fb8ec72:192.168.151.72:34014, logIndex=0, commits[319da950-6258-4a15-a10a-9ff19688a457:c10, 18c72976-30e0-4eea-a5a6-85bddbc481ac:c6, 78eb98d0-10ad-403d-ab68-3e803fb8ec72:c10]
2019-09-17 15:16:52,826 [org.apache.ratis.server.impl.LogAppender$AppenderDaemon$$Lambda$498/908641698@7ead5bdf] ERROR ratis.XceiverServerRatis (XceiverServerRatis.java:triggerPipelineClose(575)) - pipeline Action CLOSE  on pipeline PipelineID=855fe8db-a41d-4393-a5b7-9ad4355eb7c4.Reason : 78eb98d0-10ad-403d-ab68-3e803fb8ec72 has not seen follower/s 18c72976-30e0-4eea-a5a6-85bddbc481ac for 142718ms 319da950-6258-4a15-a10a-9ff19688a457 for 142717ms
2019-09-17 15:16:52,836 [org.apache.ratis.server.impl.LogAppender$AppenderDaemon$$Lambda$498/908641698@723b07ed] ERROR ratis.XceiverServerRatis (XceiverServerRatis.java:triggerPipelineClose(575)) - pipeline Action CLOSE  on pipeline PipelineID=855fe8db-a41d-4393-a5b7-9ad4355eb7c4.Reason : 78eb98d0-10ad-403d-ab68-3e803fb8ec72 has not seen follower/s 18c72976-30e0-4eea-a5a6-85bddbc481ac for 142728ms 319da950-6258-4a15-a10a-9ff19688a457 for 142727ms
2019-09-17 15:16:53,325 [java.util.concurrent.ThreadPoolExecutor$Worker@683ed9e2[State = -1, empty queue]] WARN  server.GrpcLogAppender (GrpcLogAppender.java:timeoutAppendRequest(200)) - 78eb98d0-10ad-403d-ab68-3e803fb8ec72@group-9AD4355EB7C4->18c72976-30e0-4eea-a5a6-85bddbc481ac-GrpcLogAppender: appendEntries Timeout, request=78eb98d0-10ad-403d-ab68-3e803fb8ec72->18c72976-30e0-4eea-a5a6-85bddbc481ac#73-t2, previous=(t:2, i:17), leaderCommit=10, initializing? false, entries: <empty>
2019-09-17 15:16:53,335 [java.util.concurrent.ThreadPoolExecutor$Worker@68950335[State = -1, empty queue]] WARN  server.GrpcLogAppender (GrpcLogAppender.java:timeoutAppendRequest(200)) - 78eb98d0-10ad-403d-ab68-3e803fb8ec72@group-9AD4355EB7C4->319da950-6258-4a15-a10a-9ff19688a457-GrpcLogAppender: appendEntries Timeout, request=78eb98d0-10ad-403d-ab68-3e803fb8ec72->319da950-6258-4a15-a10a-9ff19688a457#73-t2, previous=(t:2, i:17), leaderCommit=10, initializing? false, entries: <empty>
2019-09-17 15:16:53,811 [EventQueue-PipelineActionsForPipelineActionHandler] ERROR pipeline.PipelineActionHandler (PipelineActionHandler.java:onMessage(60)) - Received pipeline action CLOSE for Pipeline[ Id: 855fe8db-a41d-4393-a5b7-9ad4355eb7c4, Nodes: 319da950-6258-4a15-a10a-9ff19688a457{ip: 192.168.151.72, host: pr-hdds-2137-trunk-f8w4d-2934045284, networkLocation: /default-rack, certSerialId: null}18c72976-30e0-4eea-a5a6-85bddbc481ac{ip: 192.168.151.72, host: pr-hdds-2137-trunk-f8w4d-2934045284, networkLocation: /default-rack, certSerialId: null}78eb98d0-10ad-403d-ab68-3e803fb8ec72{ip: 192.168.151.72, host: pr-hdds-2137-trunk-f8w4d-2934045284, networkLocation: /default-rack, certSerialId: null}, Type:RATIS, Factor:THREE, State:CLOSED] from datanode 78eb98d0-10ad-403d-ab68-3e803fb8ec72{ip: 192.168.151.72, host: pr-hdds-2137-trunk-f8w4d-2934045284, networkLocation: /default-rack, certSerialId: null}. Reason : 78eb98d0-10ad-403d-ab68-3e803fb8ec72 has not seen follower/s 18c72976-30e0-4eea-a5a6-85bddbc481ac for 142718ms 319da950-6258-4a15-a10a-9ff19688a457 for 142717ms
2019-09-17 15:16:53,811 [EventQueue-PipelineActionsForPipelineActionHandler] INFO  pipeline.SCMPipelineManager (SCMPipelineManager.java:finalizeAndDestroyPipeline(311)) - destroying pipeline:Pipeline[ Id: 855fe8db-a41d-4393-a5b7-9ad4355eb7c4, Nodes: 319da950-6258-4a15-a10a-9ff19688a457{ip: 192.168.151.72, host: pr-hdds-2137-trunk-f8w4d-2934045284, networkLocation: /default-rack, certSerialId: null}18c72976-30e0-4eea-a5a6-85bddbc481ac{ip: 192.168.151.72, host: pr-hdds-2137-trunk-f8w4d-2934045284, networkLocation: /default-rack, certSerialId: null}78eb98d0-10ad-403d-ab68-3e803fb8ec72{ip: 192.168.151.72, host: pr-hdds-2137-trunk-f8w4d-2934045284, networkLocation: /default-rack, certSerialId: null}, Type:RATIS, Factor:THREE, State:CLOSED]
2019-09-17 15:16:55,327 [org.apache.ratis.server.impl.LogAppender$AppenderDaemon$$Lambda$498/908641698@7ead5bdf] ERROR ratis.XceiverServerRatis (XceiverServerRatis.java:triggerPipelineClose(575)) - pipeline Action CLOSE  on pipeline PipelineID=855fe8db-a41d-4393-a5b7-9ad4355eb7c4.Reason : 78eb98d0-10ad-403d-ab68-3e803fb8ec72 has not seen follower/s 18c72976-30e0-4eea-a5a6-85bddbc481ac for 145219ms 319da950-6258-4a15-a10a-9ff19688a457 for 145217ms
2019-09-17 15:16:55,337 [org.apache.ratis.server.impl.LogAppender$AppenderDaemon$$Lambda$498/908641698@723b07ed] ERROR ratis.XceiverServerRatis (XceiverServerRatis.java:triggerPipelineClose(575)) - pipeline Action CLOSE  on pipeline PipelineID=855fe8db-a41d-4393-a5b7-9ad4355eb7c4.Reason : 78eb98d0-10ad-403d-ab68-3e803fb8ec72 has not seen follower/s 18c72976-30e0-4eea-a5a6-85bddbc481ac for 145229ms 319da950-6258-4a15-a10a-9ff19688a457 for 145228ms
2019-09-17 15:16:55,811 [EventQueue-PipelineActionsForPipelineActionHandler] ERROR pipeline.PipelineActionHandler (PipelineActionHandler.java:onMessage(60)) - Received pipeline action CLOSE for Pipeline[ Id: 855fe8db-a41d-4393-a5b7-9ad4355eb7c4, Nodes: 319da950-6258-4a15-a10a-9ff19688a457{ip: 192.168.151.72, host: pr-hdds-2137-trunk-f8w4d-2934045284, networkLocation: /default-rack, certSerialId: null}18c72976-30e0-4eea-a5a6-85bddbc481ac{ip: 192.168.151.72, host: pr-hdds-2137-trunk-f8w4d-2934045284, networkLocation: /default-rack, certSerialId: null}78eb98d0-10ad-403d-ab68-3e803fb8ec72{ip: 192.168.151.72, host: pr-hdds-2137-trunk-f8w4d-2934045284, networkLocation: /default-rack, certSerialId: null}, Type:RATIS, Factor:THREE, State:CLOSED] from datanode 78eb98d0-10ad-403d-ab68-3e803fb8ec72{ip: 192.168.151.72, host: pr-hdds-2137-trunk-f8w4d-2934045284, networkLocation: /default-rack, certSerialId: null}. Reason : 78eb98d0-10ad-403d-ab68-3e803fb8ec72 has not seen follower/s 18c72976-30e0-4eea-a5a6-85bddbc481ac for 145219ms 319da950-6258-4a15-a10a-9ff19688a457 for 145217ms
2019-09-17 15:16:55,811 [EventQueue-PipelineActionsForPipelineActionHandler] INFO  pipeline.SCMPipelineManager (SCMPipelineManager.java:finalizeAndDestroyPipeline(311)) - destroying pipeline:Pipeline[ Id: 855fe8db-a41d-4393-a5b7-9ad4355eb7c4, Nodes: 319da950-6258-4a15-a10a-9ff19688a457{ip: 192.168.151.72, host: pr-hdds-2137-trunk-f8w4d-2934045284, networkLocation: /default-rack, certSerialId: null}18c72976-30e0-4eea-a5a6-85bddbc481ac{ip: 192.168.151.72, host: pr-hdds-2137-trunk-f8w4d-2934045284, networkLocation: /default-rack, certSerialId: null}78eb98d0-10ad-403d-ab68-3e803fb8ec72{ip: 192.168.151.72, host: pr-hdds-2137-trunk-f8w4d-2934045284, networkLocation: /default-rack, certSerialId: null}, Type:RATIS, Factor:THREE, State:CLOSED]
2019-09-17 15:16:55,826 [java.util.concurrent.ThreadPoolExecutor$Worker@683ed9e2[State = -1, empty queue]] WARN  server.GrpcLogAppender (GrpcLogAppender.java:timeoutAppendRequest(200)) - 78eb98d0-10ad-403d-ab68-3e803fb8ec72@group-9AD4355EB7C4->18c72976-30e0-4eea-a5a6-85bddbc481ac-GrpcLogAppender: appendEntries Timeout, request=78eb98d0-10ad-403d-ab68-3e803fb8ec72->18c72976-30e0-4eea-a5a6-85bddbc481ac#74-t2, previous=(t:2, i:17), leaderCommit=10, initializing? false, entries: <empty>
2019-09-17 15:16:55,836 [java.util.concurrent.ThreadPoolExecutor$Worker@68950335[State = -1, empty queue]] WARN  server.GrpcLogAppender (GrpcLogAppender.java:timeoutAppendRequest(200)) - 78eb98d0-10ad-403d-ab68-3e803fb8ec72@group-9AD4355EB7C4->319da950-6258-4a15-a10a-9ff19688a457-GrpcLogAppender: appendEntries Timeout, request=78eb98d0-10ad-403d-ab68-3e803fb8ec72->319da950-6258-4a15-a10a-9ff19688a457#74-t2, previous=(t:2, i:17), leaderCommit=10, initializing? false, entries: <empty>
2019-09-17 15:16:57,409 [grpc-default-executor-4] INFO  client.GrpcClientProtocolClient (GrpcClientProtocolClient.java:onNext(264)) - client-552194EA954E->319da950-6258-4a15-a10a-9ff19688a457: receive RaftClientReply:client-552194EA954E->319da950-6258-4a15-a10a-9ff19688a457@group-9AD4355EB7C4, cid=24, FAILED org.apache.ratis.protocol.NotLeaderException: Server 319da950-6258-4a15-a10a-9ff19688a457@group-9AD4355EB7C4 is not the leader 78eb98d0-10ad-403d-ab68-3e803fb8ec72:192.168.151.72:34014, logIndex=0, commits[319da950-6258-4a15-a10a-9ff19688a457:c10, 18c72976-30e0-4eea-a5a6-85bddbc481ac:c6, 78eb98d0-10ad-403d-ab68-3e803fb8ec72:c10]
2019-09-17 15:16:57,827 [org.apache.ratis.server.impl.LogAppender$AppenderDaemon$$Lambda$498/908641698@7ead5bdf] ERROR ratis.XceiverServerRatis (XceiverServerRatis.java:triggerPipelineClose(575)) - pipeline Action CLOSE  on pipeline PipelineID=855fe8db-a41d-4393-a5b7-9ad4355eb7c4.Reason : 78eb98d0-10ad-403d-ab68-3e803fb8ec72 has not seen follower/s 18c72976-30e0-4eea-a5a6-85bddbc481ac for 147719ms 319da950-6258-4a15-a10a-9ff19688a457 for 147718ms
2019-09-17 15:16:57,837 [org.apache.ratis.server.impl.LogAppender$AppenderDaemon$$Lambda$498/908641698@723b07ed] ERROR ratis.XceiverServerRatis (XceiverServerRatis.java:triggerPipelineClose(575)) - pipeline Action CLOSE  on pipeline PipelineID=855fe8db-a41d-4393-a5b7-9ad4355eb7c4.Reason : 78eb98d0-10ad-403d-ab68-3e803fb8ec72 has not seen follower/s 18c72976-30e0-4eea-a5a6-85bddbc481ac for 147729ms 319da950-6258-4a15-a10a-9ff19688a457 for 147728ms
2019-09-17 15:16:58,327 [java.util.concurrent.ThreadPoolExecutor$Worker@683ed9e2[State = -1, empty queue]] WARN  server.GrpcLogAppender (GrpcLogAppender.java:timeoutAppendRequest(200)) - 78eb98d0-10ad-403d-ab68-3e803fb8ec72@group-9AD4355EB7C4->18c72976-30e0-4eea-a5a6-85bddbc481ac-GrpcLogAppender: appendEntries Timeout, request=78eb98d0-10ad-403d-ab68-3e803fb8ec72->18c72976-30e0-4eea-a5a6-85bddbc481ac#75-t2, previous=(t:2, i:17), leaderCommit=10, initializing? false, entries: <empty>
2019-09-17 15:16:58,337 [java.util.concurrent.ThreadPoolExecutor$Worker@68950335[State = -1, empty queue]] WARN  server.GrpcLogAppender (GrpcLogAppender.java:timeoutAppendRequest(200)) - 78eb98d0-10ad-403d-ab68-3e803fb8ec72@group-9AD4355EB7C4->319da950-6258-4a15-a10a-9ff19688a457-GrpcLogAppender: appendEntries Timeout, request=78eb98d0-10ad-403d-ab68-3e803fb8ec72->319da950-6258-4a15-a10a-9ff19688a457#75-t2, previous=(t:2, i:17), leaderCommit=10, initializing? false, entries: <empty>
2019-09-17 15:16:58,813 [EventQueue-PipelineActionsForPipelineActionHandler] ERROR pipeline.PipelineActionHandler (PipelineActionHandler.java:onMessage(60)) - Received pipeline action CLOSE for Pipeline[ Id: 855fe8db-a41d-4393-a5b7-9ad4355eb7c4, Nodes: 319da950-6258-4a15-a10a-9ff19688a457{ip: 192.168.151.72, host: pr-hdds-2137-trunk-f8w4d-2934045284, networkLocation: /default-rack, certSerialId: null}18c72976-30e0-4eea-a5a6-85bddbc481ac{ip: 192.168.151.72, host: pr-hdds-2137-trunk-f8w4d-2934045284, networkLocation: /default-rack, certSerialId: null}78eb98d0-10ad-403d-ab68-3e803fb8ec72{ip: 192.168.151.72, host: pr-hdds-2137-trunk-f8w4d-2934045284, networkLocation: /default-rack, certSerialId: null}, Type:RATIS, Factor:THREE, State:CLOSED] from datanode 78eb98d0-10ad-403d-ab68-3e803fb8ec72{ip: 192.168.151.72, host: pr-hdds-2137-trunk-f8w4d-2934045284, networkLocation: /default-rack, certSerialId: null}. Reason : 78eb98d0-10ad-403d-ab68-3e803fb8ec72 has not seen follower/s 18c72976-30e0-4eea-a5a6-85bddbc481ac for 147719ms 319da950-6258-4a15-a10a-9ff19688a457 for 147718ms
2019-09-17 15:16:58,813 [EventQueue-PipelineActionsForPipelineActionHandler] INFO  pipeline.SCMPipelineManager (SCMPipelineManager.java:finalizeAndDestroyPipeline(311)) - destroying pipeline:Pipeline[ Id: 855fe8db-a41d-4393-a5b7-9ad4355eb7c4, Nodes: 319da950-6258-4a15-a10a-9ff19688a457{ip: 192.168.151.72, host: pr-hdds-2137-trunk-f8w4d-2934045284, networkLocation: /default-rack, certSerialId: null}18c72976-30e0-4eea-a5a6-85bddbc481ac{ip: 192.168.151.72, host: pr-hdds-2137-trunk-f8w4d-2934045284, networkLocation: /default-rack, certSerialId: null}78eb98d0-10ad-403d-ab68-3e803fb8ec72{ip: 192.168.151.72, host: pr-hdds-2137-trunk-f8w4d-2934045284, networkLocation: /default-rack, certSerialId: null}, Type:RATIS, Factor:THREE, State:CLOSED]
2019-09-17 15:17:00,330 [org.apache.ratis.server.impl.LogAppender$AppenderDaemon$$Lambda$498/908641698@7ead5bdf] ERROR ratis.XceiverServerRatis (XceiverServerRatis.java:triggerPipelineClose(575)) - pipeline Action CLOSE  on pipeline PipelineID=855fe8db-a41d-4393-a5b7-9ad4355eb7c4.Reason : 78eb98d0-10ad-403d-ab68-3e803fb8ec72 has not seen follower/s 18c72976-30e0-4eea-a5a6-85bddbc481ac for 150222ms 319da950-6258-4a15-a10a-9ff19688a457 for 150221ms
2019-09-17 15:17:00,338 [org.apache.ratis.server.impl.LogAppender$AppenderDaemon$$Lambda$498/908641698@723b07ed] ERROR ratis.XceiverServerRatis (XceiverServerRatis.java:triggerPipelineClose(575)) - pipeline Action CLOSE  on pipeline PipelineID=855fe8db-a41d-4393-a5b7-9ad4355eb7c4.Reason : 78eb98d0-10ad-403d-ab68-3e803fb8ec72 has not seen follower/s 18c72976-30e0-4eea-a5a6-85bddbc481ac for 150230ms 319da950-6258-4a15-a10a-9ff19688a457 for 150229ms
2019-09-17 15:17:00,792 [78eb98d0-10ad-403d-ab68-3e803fb8ec72@group-9AD4355EB7C4-SegmentedRaftLogWorker] WARN  segmented.SegmentedRaftLogWorker (SegmentedRaftLogWorker.java:getFromFuture(90)) - Timeout 14/~
org.apache.ratis.protocol.TimeoutIOException: Timeout 10s: WriteLog:12: (t:2, i:12), STATEMACHINELOGENTRY, client-552194EA954E, cid=25-writeStateMachineData
	at org.apache.ratis.util.IOUtils.getFromFuture(IOUtils.java:87)
	at org.apache.ratis.server.raftlog.segmented.SegmentedRaftLogWorker$StateMachineDataPolicy.getFromFuture(SegmentedRaftLogWorker.java:87)
	at org.apache.ratis.server.raftlog.segmented.SegmentedRaftLogWorker$WriteLog.execute(SegmentedRaftLogWorker.java:477)
	at org.apache.ratis.server.raftlog.segmented.SegmentedRaftLogWorker.run(SegmentedRaftLogWorker.java:289)
	at java.lang.Thread.run(Thread.java:748)
Caused by: java.util.concurrent.TimeoutException
	at java.util.concurrent.CompletableFuture.timedGet(CompletableFuture.java:1771)
	at java.util.concurrent.CompletableFuture.get(CompletableFuture.java:1915)
	at org.apache.ratis.util.IOUtils.getFromFuture(IOUtils.java:79)
	... 4 more
2019-09-17 15:17:00,814 [EventQueue-PipelineActionsForPipelineActionHandler] ERROR pipeline.PipelineActionHandler (PipelineActionHandler.java:onMessage(60)) - Received pipeline action CLOSE for Pipeline[ Id: 855fe8db-a41d-4393-a5b7-9ad4355eb7c4, Nodes: 319da950-6258-4a15-a10a-9ff19688a457{ip: 192.168.151.72, host: pr-hdds-2137-trunk-f8w4d-2934045284, networkLocation: /default-rack, certSerialId: null}18c72976-30e0-4eea-a5a6-85bddbc481ac{ip: 192.168.151.72, host: pr-hdds-2137-trunk-f8w4d-2934045284, networkLocation: /default-rack, certSerialId: null}78eb98d0-10ad-403d-ab68-3e803fb8ec72{ip: 192.168.151.72, host: pr-hdds-2137-trunk-f8w4d-2934045284, networkLocation: /default-rack, certSerialId: null}, Type:RATIS, Factor:THREE, State:CLOSED] from datanode 78eb98d0-10ad-403d-ab68-3e803fb8ec72{ip: 192.168.151.72, host: pr-hdds-2137-trunk-f8w4d-2934045284, networkLocation: /default-rack, certSerialId: null}. Reason : 78eb98d0-10ad-403d-ab68-3e803fb8ec72 has not seen follower/s 18c72976-30e0-4eea-a5a6-85bddbc481ac for 150222ms 319da950-6258-4a15-a10a-9ff19688a457 for 150221ms
2019-09-17 15:17:00,814 [EventQueue-PipelineActionsForPipelineActionHandler] INFO  pipeline.SCMPipelineManager (SCMPipelineManager.java:finalizeAndDestroyPipeline(311)) - destroying pipeline:Pipeline[ Id: 855fe8db-a41d-4393-a5b7-9ad4355eb7c4, Nodes: 319da950-6258-4a15-a10a-9ff19688a457{ip: 192.168.151.72, host: pr-hdds-2137-trunk-f8w4d-2934045284, networkLocation: /default-rack, certSerialId: null}18c72976-30e0-4eea-a5a6-85bddbc481ac{ip: 192.168.151.72, host: pr-hdds-2137-trunk-f8w4d-2934045284, networkLocation: /default-rack, certSerialId: null}78eb98d0-10ad-403d-ab68-3e803fb8ec72{ip: 192.168.151.72, host: pr-hdds-2137-trunk-f8w4d-2934045284, networkLocation: /default-rack, certSerialId: null}, Type:RATIS, Factor:THREE, State:CLOSED]
2019-09-17 15:17:00,827 [java.util.concurrent.ThreadPoolExecutor$Worker@683ed9e2[State = -1, empty queue]] WARN  server.GrpcLogAppender (GrpcLogAppender.java:timeoutAppendRequest(200)) - 78eb98d0-10ad-403d-ab68-3e803fb8ec72@group-9AD4355EB7C4->18c72976-30e0-4eea-a5a6-85bddbc481ac-GrpcLogAppender: appendEntries Timeout, request=78eb98d0-10ad-403d-ab68-3e803fb8ec72->18c72976-30e0-4eea-a5a6-85bddbc481ac#76-t2, previous=(t:2, i:17), leaderCommit=10, initializing? false, entries: <empty>
2019-09-17 15:17:00,837 [java.util.concurrent.ThreadPoolExecutor$Worker@68950335[State = -1, empty queue]] WARN  server.GrpcLogAppender (GrpcLogAppender.java:timeoutAppendRequest(200)) - 78eb98d0-10ad-403d-ab68-3e803fb8ec72@group-9AD4355EB7C4->319da950-6258-4a15-a10a-9ff19688a457-GrpcLogAppender: appendEntries Timeout, request=78eb98d0-10ad-403d-ab68-3e803fb8ec72->319da950-6258-4a15-a10a-9ff19688a457#76-t2, previous=(t:2, i:17), leaderCommit=10, initializing? false, entries: <empty>
2019-09-17 15:17:00,839 [18c72976-30e0-4eea-a5a6-85bddbc481ac@group-9AD4355EB7C4-SegmentedRaftLogWorker] WARN  segmented.SegmentedRaftLogWorker (SegmentedRaftLogWorker.java:getFromFuture(90)) - Timeout 14/~
org.apache.ratis.protocol.TimeoutIOException: Timeout 10s: WriteLog:12: (t:2, i:12), STATEMACHINELOGENTRY, client-552194EA954E, cid=25-writeStateMachineData
	at org.apache.ratis.util.IOUtils.getFromFuture(IOUtils.java:87)
	at org.apache.ratis.server.raftlog.segmented.SegmentedRaftLogWorker$StateMachineDataPolicy.getFromFuture(SegmentedRaftLogWorker.java:87)
	at org.apache.ratis.server.raftlog.segmented.SegmentedRaftLogWorker$WriteLog.execute(SegmentedRaftLogWorker.java:477)
	at org.apache.ratis.server.raftlog.segmented.SegmentedRaftLogWorker.run(SegmentedRaftLogWorker.java:289)
	at java.lang.Thread.run(Thread.java:748)
Caused by: java.util.concurrent.TimeoutException
	at java.util.concurrent.CompletableFuture.timedGet(CompletableFuture.java:1771)
	at java.util.concurrent.CompletableFuture.get(CompletableFuture.java:1915)
	at org.apache.ratis.util.IOUtils.getFromFuture(IOUtils.java:79)
	... 4 more
2019-09-17 15:17:00,842 [319da950-6258-4a15-a10a-9ff19688a457@group-9AD4355EB7C4-SegmentedRaftLogWorker] WARN  segmented.SegmentedRaftLogWorker (SegmentedRaftLogWorker.java:getFromFuture(90)) - Timeout 14/~
org.apache.ratis.protocol.TimeoutIOException: Timeout 10s: WriteLog:12: (t:2, i:12), STATEMACHINELOGENTRY, client-552194EA954E, cid=25-writeStateMachineData
	at org.apache.ratis.util.IOUtils.getFromFuture(IOUtils.java:87)
	at org.apache.ratis.server.raftlog.segmented.SegmentedRaftLogWorker$StateMachineDataPolicy.getFromFuture(SegmentedRaftLogWorker.java:87)
	at org.apache.ratis.server.raftlog.segmented.SegmentedRaftLogWorker$WriteLog.execute(SegmentedRaftLogWorker.java:477)
	at org.apache.ratis.server.raftlog.segmented.SegmentedRaftLogWorker.run(SegmentedRaftLogWorker.java:289)
	at java.lang.Thread.run(Thread.java:748)
Caused by: java.util.concurrent.TimeoutException
	at java.util.concurrent.CompletableFuture.timedGet(CompletableFuture.java:1771)
	at java.util.concurrent.CompletableFuture.get(CompletableFuture.java:1915)
	at org.apache.ratis.util.IOUtils.getFromFuture(IOUtils.java:79)
	... 4 more
2019-09-17 15:17:02,458 [grpc-default-executor-0] INFO  client.GrpcClientProtocolClient (GrpcClientProtocolClient.java:onNext(264)) - client-552194EA954E->18c72976-30e0-4eea-a5a6-85bddbc481ac: receive RaftClientReply:client-552194EA954E->18c72976-30e0-4eea-a5a6-85bddbc481ac@group-9AD4355EB7C4, cid=24, FAILED org.apache.ratis.protocol.NotLeaderException: Server 18c72976-30e0-4eea-a5a6-85bddbc481ac@group-9AD4355EB7C4 is not the leader 78eb98d0-10ad-403d-ab68-3e803fb8ec72:192.168.151.72:34014, logIndex=0, commits[18c72976-30e0-4eea-a5a6-85bddbc481ac:c10, 78eb98d0-10ad-403d-ab68-3e803fb8ec72:c10, 319da950-6258-4a15-a10a-9ff19688a457:c6]
2019-09-17 15:17:02,831 [org.apache.ratis.server.impl.LogAppender$AppenderDaemon$$Lambda$498/908641698@7ead5bdf] ERROR ratis.XceiverServerRatis (XceiverServerRatis.java:triggerPipelineClose(575)) - pipeline Action CLOSE  on pipeline PipelineID=855fe8db-a41d-4393-a5b7-9ad4355eb7c4.Reason : 78eb98d0-10ad-403d-ab68-3e803fb8ec72 has not seen follower/s 18c72976-30e0-4eea-a5a6-85bddbc481ac for 152723ms 319da950-6258-4a15-a10a-9ff19688a457 for 152722ms
2019-09-17 15:17:02,839 [org.apache.ratis.server.impl.LogAppender$AppenderDaemon$$Lambda$498/908641698@723b07ed] ERROR ratis.XceiverServerRatis (XceiverServerRatis.java:triggerPipelineClose(575)) - pipeline Action CLOSE  on pipeline PipelineID=855fe8db-a41d-4393-a5b7-9ad4355eb7c4.Reason : 78eb98d0-10ad-403d-ab68-3e803fb8ec72 has not seen follower/s 18c72976-30e0-4eea-a5a6-85bddbc481ac for 152731ms 319da950-6258-4a15-a10a-9ff19688a457 for 152730ms
2019-09-17 15:17:03,330 [java.util.concurrent.ThreadPoolExecutor$Worker@683ed9e2[State = -1, empty queue]] WARN  server.GrpcLogAppender (GrpcLogAppender.java:timeoutAppendRequest(200)) - 78eb98d0-10ad-403d-ab68-3e803fb8ec72@group-9AD4355EB7C4->18c72976-30e0-4eea-a5a6-85bddbc481ac-GrpcLogAppender: appendEntries Timeout, request=78eb98d0-10ad-403d-ab68-3e803fb8ec72->18c72976-30e0-4eea-a5a6-85bddbc481ac#77-t2, previous=(t:2, i:17), leaderCommit=10, initializing? false, entries: <empty>
2019-09-17 15:17:03,338 [java.util.concurrent.ThreadPoolExecutor$Worker@68950335[State = -1, empty queue]] WARN  server.GrpcLogAppender (GrpcLogAppender.java:timeoutAppendRequest(200)) - 78eb98d0-10ad-403d-ab68-3e803fb8ec72@group-9AD4355EB7C4->319da950-6258-4a15-a10a-9ff19688a457-GrpcLogAppender: appendEntries Timeout, request=78eb98d0-10ad-403d-ab68-3e803fb8ec72->319da950-6258-4a15-a10a-9ff19688a457#77-t2, previous=(t:2, i:17), leaderCommit=10, initializing? false, entries: <empty>
2019-09-17 15:17:03,815 [EventQueue-PipelineActionsForPipelineActionHandler] ERROR pipeline.PipelineActionHandler (PipelineActionHandler.java:onMessage(60)) - Received pipeline action CLOSE for Pipeline[ Id: 855fe8db-a41d-4393-a5b7-9ad4355eb7c4, Nodes: 319da950-6258-4a15-a10a-9ff19688a457{ip: 192.168.151.72, host: pr-hdds-2137-trunk-f8w4d-2934045284, networkLocation: /default-rack, certSerialId: null}18c72976-30e0-4eea-a5a6-85bddbc481ac{ip: 192.168.151.72, host: pr-hdds-2137-trunk-f8w4d-2934045284, networkLocation: /default-rack, certSerialId: null}78eb98d0-10ad-403d-ab68-3e803fb8ec72{ip: 192.168.151.72, host: pr-hdds-2137-trunk-f8w4d-2934045284, networkLocation: /default-rack, certSerialId: null}, Type:RATIS, Factor:THREE, State:CLOSED] from datanode 78eb98d0-10ad-403d-ab68-3e803fb8ec72{ip: 192.168.151.72, host: pr-hdds-2137-trunk-f8w4d-2934045284, networkLocation: /default-rack, certSerialId: null}. Reason : 78eb98d0-10ad-403d-ab68-3e803fb8ec72 has not seen follower/s 18c72976-30e0-4eea-a5a6-85bddbc481ac for 152723ms 319da950-6258-4a15-a10a-9ff19688a457 for 152722ms
2019-09-17 15:17:03,815 [EventQueue-PipelineActionsForPipelineActionHandler] INFO  pipeline.SCMPipelineManager (SCMPipelineManager.java:finalizeAndDestroyPipeline(311)) - destroying pipeline:Pipeline[ Id: 855fe8db-a41d-4393-a5b7-9ad4355eb7c4, Nodes: 319da950-6258-4a15-a10a-9ff19688a457{ip: 192.168.151.72, host: pr-hdds-2137-trunk-f8w4d-2934045284, networkLocation: /default-rack, certSerialId: null}18c72976-30e0-4eea-a5a6-85bddbc481ac{ip: 192.168.151.72, host: pr-hdds-2137-trunk-f8w4d-2934045284, networkLocation: /default-rack, certSerialId: null}78eb98d0-10ad-403d-ab68-3e803fb8ec72{ip: 192.168.151.72, host: pr-hdds-2137-trunk-f8w4d-2934045284, networkLocation: /default-rack, certSerialId: null}, Type:RATIS, Factor:THREE, State:CLOSED]
2019-09-17 15:17:05,334 [org.apache.ratis.server.impl.LogAppender$AppenderDaemon$$Lambda$498/908641698@7ead5bdf] ERROR ratis.XceiverServerRatis (XceiverServerRatis.java:triggerPipelineClose(575)) - pipeline Action CLOSE  on pipeline PipelineID=855fe8db-a41d-4393-a5b7-9ad4355eb7c4.Reason : 78eb98d0-10ad-403d-ab68-3e803fb8ec72 has not seen follower/s 18c72976-30e0-4eea-a5a6-85bddbc481ac for 155226ms 319da950-6258-4a15-a10a-9ff19688a457 for 155225ms
2019-09-17 15:17:05,340 [org.apache.ratis.server.impl.LogAppender$AppenderDaemon$$Lambda$498/908641698@723b07ed] ERROR ratis.XceiverServerRatis (XceiverServerRatis.java:triggerPipelineClose(575)) - pipeline Action CLOSE  on pipeline PipelineID=855fe8db-a41d-4393-a5b7-9ad4355eb7c4.Reason : 78eb98d0-10ad-403d-ab68-3e803fb8ec72 has not seen follower/s 18c72976-30e0-4eea-a5a6-85bddbc481ac for 155232ms 319da950-6258-4a15-a10a-9ff19688a457 for 155230ms
2019-09-17 15:17:05,814 [EventQueue-PipelineActionsForPipelineActionHandler] ERROR pipeline.PipelineActionHandler (PipelineActionHandler.java:onMessage(60)) - Received pipeline action CLOSE for Pipeline[ Id: 855fe8db-a41d-4393-a5b7-9ad4355eb7c4, Nodes: 319da950-6258-4a15-a10a-9ff19688a457{ip: 192.168.151.72, host: pr-hdds-2137-trunk-f8w4d-2934045284, networkLocation: /default-rack, certSerialId: null}18c72976-30e0-4eea-a5a6-85bddbc481ac{ip: 192.168.151.72, host: pr-hdds-2137-trunk-f8w4d-2934045284, networkLocation: /default-rack, certSerialId: null}78eb98d0-10ad-403d-ab68-3e803fb8ec72{ip: 192.168.151.72, host: pr-hdds-2137-trunk-f8w4d-2934045284, networkLocation: /default-rack, certSerialId: null}, Type:RATIS, Factor:THREE, State:CLOSED] from datanode 78eb98d0-10ad-403d-ab68-3e803fb8ec72{ip: 192.168.151.72, host: pr-hdds-2137-trunk-f8w4d-2934045284, networkLocation: /default-rack, certSerialId: null}. Reason : 78eb98d0-10ad-403d-ab68-3e803fb8ec72 has not seen follower/s 18c72976-30e0-4eea-a5a6-85bddbc481ac for 155226ms 319da950-6258-4a15-a10a-9ff19688a457 for 155225ms
2019-09-17 15:17:05,815 [EventQueue-PipelineActionsForPipelineActionHandler] INFO  pipeline.SCMPipelineManager (SCMPipelineManager.java:finalizeAndDestroyPipeline(311)) - destroying pipeline:Pipeline[ Id: 855fe8db-a41d-4393-a5b7-9ad4355eb7c4, Nodes: 319da950-6258-4a15-a10a-9ff19688a457{ip: 192.168.151.72, host: pr-hdds-2137-trunk-f8w4d-2934045284, networkLocation: /default-rack, certSerialId: null}18c72976-30e0-4eea-a5a6-85bddbc481ac{ip: 192.168.151.72, host: pr-hdds-2137-trunk-f8w4d-2934045284, networkLocation: /default-rack, certSerialId: null}78eb98d0-10ad-403d-ab68-3e803fb8ec72{ip: 192.168.151.72, host: pr-hdds-2137-trunk-f8w4d-2934045284, networkLocation: /default-rack, certSerialId: null}, Type:RATIS, Factor:THREE, State:CLOSED]
2019-09-17 15:17:05,831 [java.util.concurrent.ThreadPoolExecutor$Worker@683ed9e2[State = -1, empty queue]] WARN  server.GrpcLogAppender (GrpcLogAppender.java:timeoutAppendRequest(200)) - 78eb98d0-10ad-403d-ab68-3e803fb8ec72@group-9AD4355EB7C4->18c72976-30e0-4eea-a5a6-85bddbc481ac-GrpcLogAppender: appendEntries Timeout, request=78eb98d0-10ad-403d-ab68-3e803fb8ec72->18c72976-30e0-4eea-a5a6-85bddbc481ac#78-t2, previous=(t:2, i:17), leaderCommit=10, initializing? false, entries: <empty>
2019-09-17 15:17:05,839 [java.util.concurrent.ThreadPoolExecutor$Worker@68950335[State = -1, empty queue]] WARN  server.GrpcLogAppender (GrpcLogAppender.java:timeoutAppendRequest(200)) - 78eb98d0-10ad-403d-ab68-3e803fb8ec72@group-9AD4355EB7C4->319da950-6258-4a15-a10a-9ff19688a457-GrpcLogAppender: appendEntries Timeout, request=78eb98d0-10ad-403d-ab68-3e803fb8ec72->319da950-6258-4a15-a10a-9ff19688a457#78-t2, previous=(t:2, i:17), leaderCommit=10, initializing? false, entries: <empty>
2019-09-17 15:17:07,528 [grpc-default-executor-4] INFO  client.GrpcClientProtocolClient (GrpcClientProtocolClient.java:onNext(264)) - client-552194EA954E->18c72976-30e0-4eea-a5a6-85bddbc481ac: receive RaftClientReply:client-552194EA954E->18c72976-30e0-4eea-a5a6-85bddbc481ac@group-9AD4355EB7C4, cid=24, FAILED org.apache.ratis.protocol.NotLeaderException: Server 18c72976-30e0-4eea-a5a6-85bddbc481ac@group-9AD4355EB7C4 is not the leader 78eb98d0-10ad-403d-ab68-3e803fb8ec72:192.168.151.72:34014, logIndex=0, commits[18c72976-30e0-4eea-a5a6-85bddbc481ac:c10, 78eb98d0-10ad-403d-ab68-3e803fb8ec72:c10, 319da950-6258-4a15-a10a-9ff19688a457:c6]
2019-09-17 15:17:07,835 [org.apache.ratis.server.impl.LogAppender$AppenderDaemon$$Lambda$498/908641698@7ead5bdf] ERROR ratis.XceiverServerRatis (XceiverServerRatis.java:triggerPipelineClose(575)) - pipeline Action CLOSE  on pipeline PipelineID=855fe8db-a41d-4393-a5b7-9ad4355eb7c4.Reason : 78eb98d0-10ad-403d-ab68-3e803fb8ec72 has not seen follower/s 18c72976-30e0-4eea-a5a6-85bddbc481ac for 157726ms 319da950-6258-4a15-a10a-9ff19688a457 for 157725ms
2019-09-17 15:17:07,840 [org.apache.ratis.server.impl.LogAppender$AppenderDaemon$$Lambda$498/908641698@723b07ed] ERROR ratis.XceiverServerRatis (XceiverServerRatis.java:triggerPipelineClose(575)) - pipeline Action CLOSE  on pipeline PipelineID=855fe8db-a41d-4393-a5b7-9ad4355eb7c4.Reason : 78eb98d0-10ad-403d-ab68-3e803fb8ec72 has not seen follower/s 18c72976-30e0-4eea-a5a6-85bddbc481ac for 157732ms 319da950-6258-4a15-a10a-9ff19688a457 for 157731ms
2019-09-17 15:17:08,334 [java.util.concurrent.ThreadPoolExecutor$Worker@683ed9e2[State = -1, empty queue]] WARN  server.GrpcLogAppender (GrpcLogAppender.java:timeoutAppendRequest(200)) - 78eb98d0-10ad-403d-ab68-3e803fb8ec72@group-9AD4355EB7C4->18c72976-30e0-4eea-a5a6-85bddbc481ac-GrpcLogAppender: appendEntries Timeout, request=78eb98d0-10ad-403d-ab68-3e803fb8ec72->18c72976-30e0-4eea-a5a6-85bddbc481ac#79-t2, previous=(t:2, i:17), leaderCommit=10, initializing? false, entries: <empty>
2019-09-17 15:17:08,340 [java.util.concurrent.ThreadPoolExecutor$Worker@68950335[State = -1, empty queue]] WARN  server.GrpcLogAppender (GrpcLogAppender.java:timeoutAppendRequest(200)) - 78eb98d0-10ad-403d-ab68-3e803fb8ec72@group-9AD4355EB7C4->319da950-6258-4a15-a10a-9ff19688a457-GrpcLogAppender: appendEntries Timeout, request=78eb98d0-10ad-403d-ab68-3e803fb8ec72->319da950-6258-4a15-a10a-9ff19688a457#79-t2, previous=(t:2, i:17), leaderCommit=10, initializing? false, entries: <empty>
2019-09-17 15:17:08,816 [EventQueue-PipelineActionsForPipelineActionHandler] ERROR pipeline.PipelineActionHandler (PipelineActionHandler.java:onMessage(60)) - Received pipeline action CLOSE for Pipeline[ Id: 855fe8db-a41d-4393-a5b7-9ad4355eb7c4, Nodes: 319da950-6258-4a15-a10a-9ff19688a457{ip: 192.168.151.72, host: pr-hdds-2137-trunk-f8w4d-2934045284, networkLocation: /default-rack, certSerialId: null}18c72976-30e0-4eea-a5a6-85bddbc481ac{ip: 192.168.151.72, host: pr-hdds-2137-trunk-f8w4d-2934045284, networkLocation: /default-rack, certSerialId: null}78eb98d0-10ad-403d-ab68-3e803fb8ec72{ip: 192.168.151.72, host: pr-hdds-2137-trunk-f8w4d-2934045284, networkLocation: /default-rack, certSerialId: null}, Type:RATIS, Factor:THREE, State:CLOSED] from datanode 78eb98d0-10ad-403d-ab68-3e803fb8ec72{ip: 192.168.151.72, host: pr-hdds-2137-trunk-f8w4d-2934045284, networkLocation: /default-rack, certSerialId: null}. Reason : 78eb98d0-10ad-403d-ab68-3e803fb8ec72 has not seen follower/s 18c72976-30e0-4eea-a5a6-85bddbc481ac for 157726ms 319da950-6258-4a15-a10a-9ff19688a457 for 157725ms
2019-09-17 15:17:08,816 [EventQueue-PipelineActionsForPipelineActionHandler] INFO  pipeline.SCMPipelineManager (SCMPipelineManager.java:finalizeAndDestroyPipeline(311)) - destroying pipeline:Pipeline[ Id: 855fe8db-a41d-4393-a5b7-9ad4355eb7c4, Nodes: 319da950-6258-4a15-a10a-9ff19688a457{ip: 192.168.151.72, host: pr-hdds-2137-trunk-f8w4d-2934045284, networkLocation: /default-rack, certSerialId: null}18c72976-30e0-4eea-a5a6-85bddbc481ac{ip: 192.168.151.72, host: pr-hdds-2137-trunk-f8w4d-2934045284, networkLocation: /default-rack, certSerialId: null}78eb98d0-10ad-403d-ab68-3e803fb8ec72{ip: 192.168.151.72, host: pr-hdds-2137-trunk-f8w4d-2934045284, networkLocation: /default-rack, certSerialId: null}, Type:RATIS, Factor:THREE, State:CLOSED]
2019-09-17 15:17:10,338 [org.apache.ratis.server.impl.LogAppender$AppenderDaemon$$Lambda$498/908641698@7ead5bdf] ERROR ratis.XceiverServerRatis (XceiverServerRatis.java:triggerPipelineClose(575)) - pipeline Action CLOSE  on pipeline PipelineID=855fe8db-a41d-4393-a5b7-9ad4355eb7c4.Reason : 78eb98d0-10ad-403d-ab68-3e803fb8ec72 has not seen follower/s 18c72976-30e0-4eea-a5a6-85bddbc481ac for 160230ms 319da950-6258-4a15-a10a-9ff19688a457 for 160229ms
2019-09-17 15:17:10,341 [org.apache.ratis.server.impl.LogAppender$AppenderDaemon$$Lambda$498/908641698@723b07ed] ERROR ratis.XceiverServerRatis (XceiverServerRatis.java:triggerPipelineClose(575)) - pipeline Action CLOSE  on pipeline PipelineID=855fe8db-a41d-4393-a5b7-9ad4355eb7c4.Reason : 78eb98d0-10ad-403d-ab68-3e803fb8ec72 has not seen follower/s 18c72976-30e0-4eea-a5a6-85bddbc481ac for 160233ms 319da950-6258-4a15-a10a-9ff19688a457 for 160232ms
2019-09-17 15:17:10,797 [78eb98d0-10ad-403d-ab68-3e803fb8ec72@group-9AD4355EB7C4-SegmentedRaftLogWorker] WARN  segmented.SegmentedRaftLogWorker (SegmentedRaftLogWorker.java:getFromFuture(90)) - Timeout 15/~
org.apache.ratis.protocol.TimeoutIOException: Timeout 10s: WriteLog:12: (t:2, i:12), STATEMACHINELOGENTRY, client-552194EA954E, cid=25-writeStateMachineData
	at org.apache.ratis.util.IOUtils.getFromFuture(IOUtils.java:87)
	at org.apache.ratis.server.raftlog.segmented.SegmentedRaftLogWorker$StateMachineDataPolicy.getFromFuture(SegmentedRaftLogWorker.java:87)
	at org.apache.ratis.server.raftlog.segmented.SegmentedRaftLogWorker$WriteLog.execute(SegmentedRaftLogWorker.java:477)
	at org.apache.ratis.server.raftlog.segmented.SegmentedRaftLogWorker.run(SegmentedRaftLogWorker.java:289)
	at java.lang.Thread.run(Thread.java:748)
Caused by: java.util.concurrent.TimeoutException
	at java.util.concurrent.CompletableFuture.timedGet(CompletableFuture.java:1771)
	at java.util.concurrent.CompletableFuture.get(CompletableFuture.java:1915)
	at org.apache.ratis.util.IOUtils.getFromFuture(IOUtils.java:79)
	... 4 more
2019-09-17 15:17:10,815 [EventQueue-PipelineActionsForPipelineActionHandler] ERROR pipeline.PipelineActionHandler (PipelineActionHandler.java:onMessage(60)) - Received pipeline action CLOSE for Pipeline[ Id: 855fe8db-a41d-4393-a5b7-9ad4355eb7c4, Nodes: 319da950-6258-4a15-a10a-9ff19688a457{ip: 192.168.151.72, host: pr-hdds-2137-trunk-f8w4d-2934045284, networkLocation: /default-rack, certSerialId: null}18c72976-30e0-4eea-a5a6-85bddbc481ac{ip: 192.168.151.72, host: pr-hdds-2137-trunk-f8w4d-2934045284, networkLocation: /default-rack, certSerialId: null}78eb98d0-10ad-403d-ab68-3e803fb8ec72{ip: 192.168.151.72, host: pr-hdds-2137-trunk-f8w4d-2934045284, networkLocation: /default-rack, certSerialId: null}, Type:RATIS, Factor:THREE, State:CLOSED] from datanode 78eb98d0-10ad-403d-ab68-3e803fb8ec72{ip: 192.168.151.72, host: pr-hdds-2137-trunk-f8w4d-2934045284, networkLocation: /default-rack, certSerialId: null}. Reason : 78eb98d0-10ad-403d-ab68-3e803fb8ec72 has not seen follower/s 18c72976-30e0-4eea-a5a6-85bddbc481ac for 160230ms 319da950-6258-4a15-a10a-9ff19688a457 for 160229ms
2019-09-17 15:17:10,816 [EventQueue-PipelineActionsForPipelineActionHandler] INFO  pipeline.SCMPipelineManager (SCMPipelineManager.java:finalizeAndDestroyPipeline(311)) - destroying pipeline:Pipeline[ Id: 855fe8db-a41d-4393-a5b7-9ad4355eb7c4, Nodes: 319da950-6258-4a15-a10a-9ff19688a457{ip: 192.168.151.72, host: pr-hdds-2137-trunk-f8w4d-2934045284, networkLocation: /default-rack, certSerialId: null}18c72976-30e0-4eea-a5a6-85bddbc481ac{ip: 192.168.151.72, host: pr-hdds-2137-trunk-f8w4d-2934045284, networkLocation: /default-rack, certSerialId: null}78eb98d0-10ad-403d-ab68-3e803fb8ec72{ip: 192.168.151.72, host: pr-hdds-2137-trunk-f8w4d-2934045284, networkLocation: /default-rack, certSerialId: null}, Type:RATIS, Factor:THREE, State:CLOSED]
2019-09-17 15:17:10,834 [java.util.concurrent.ThreadPoolExecutor$Worker@683ed9e2[State = -1, empty queue]] WARN  server.GrpcLogAppender (GrpcLogAppender.java:timeoutAppendRequest(200)) - 78eb98d0-10ad-403d-ab68-3e803fb8ec72@group-9AD4355EB7C4->18c72976-30e0-4eea-a5a6-85bddbc481ac-GrpcLogAppender: appendEntries Timeout, request=78eb98d0-10ad-403d-ab68-3e803fb8ec72->18c72976-30e0-4eea-a5a6-85bddbc481ac#80-t2, previous=(t:2, i:17), leaderCommit=10, initializing? false, entries: <empty>
2019-09-17 15:17:10,840 [18c72976-30e0-4eea-a5a6-85bddbc481ac@group-9AD4355EB7C4-SegmentedRaftLogWorker] WARN  segmented.SegmentedRaftLogWorker (SegmentedRaftLogWorker.java:getFromFuture(90)) - Timeout 15/~
org.apache.ratis.protocol.TimeoutIOException: Timeout 10s: WriteLog:12: (t:2, i:12), STATEMACHINELOGENTRY, client-552194EA954E, cid=25-writeStateMachineData
	at org.apache.ratis.util.IOUtils.getFromFuture(IOUtils.java:87)
	at org.apache.ratis.server.raftlog.segmented.SegmentedRaftLogWorker$StateMachineDataPolicy.getFromFuture(SegmentedRaftLogWorker.java:87)
	at org.apache.ratis.server.raftlog.segmented.SegmentedRaftLogWorker$WriteLog.execute(SegmentedRaftLogWorker.java:477)
	at org.apache.ratis.server.raftlog.segmented.SegmentedRaftLogWorker.run(SegmentedRaftLogWorker.java:289)
	at java.lang.Thread.run(Thread.java:748)
Caused by: java.util.concurrent.TimeoutException
	at java.util.concurrent.CompletableFuture.timedGet(CompletableFuture.java:1771)
	at java.util.concurrent.CompletableFuture.get(CompletableFuture.java:1915)
	at org.apache.ratis.util.IOUtils.getFromFuture(IOUtils.java:79)
	... 4 more
2019-09-17 15:17:10,842 [319da950-6258-4a15-a10a-9ff19688a457@group-9AD4355EB7C4-SegmentedRaftLogWorker] WARN  segmented.SegmentedRaftLogWorker (SegmentedRaftLogWorker.java:getFromFuture(90)) - Timeout 15/~
org.apache.ratis.protocol.TimeoutIOException: Timeout 10s: WriteLog:12: (t:2, i:12), STATEMACHINELOGENTRY, client-552194EA954E, cid=25-writeStateMachineData
	at org.apache.ratis.util.IOUtils.getFromFuture(IOUtils.java:87)
	at org.apache.ratis.server.raftlog.segmented.SegmentedRaftLogWorker$StateMachineDataPolicy.getFromFuture(SegmentedRaftLogWorker.java:87)
	at org.apache.ratis.server.raftlog.segmented.SegmentedRaftLogWorker$WriteLog.execute(SegmentedRaftLogWorker.java:477)
	at org.apache.ratis.server.raftlog.segmented.SegmentedRaftLogWorker.run(SegmentedRaftLogWorker.java:289)
	at java.lang.Thread.run(Thread.java:748)
Caused by: java.util.concurrent.TimeoutException
	at java.util.concurrent.CompletableFuture.timedGet(CompletableFuture.java:1771)
	at java.util.concurrent.CompletableFuture.get(CompletableFuture.java:1915)
	at org.apache.ratis.util.IOUtils.getFromFuture(IOUtils.java:79)
	... 4 more
2019-09-17 15:17:10,840 [java.util.concurrent.ThreadPoolExecutor$Worker@68950335[State = -1, empty queue]] WARN  server.GrpcLogAppender (GrpcLogAppender.java:timeoutAppendRequest(200)) - 78eb98d0-10ad-403d-ab68-3e803fb8ec72@group-9AD4355EB7C4->319da950-6258-4a15-a10a-9ff19688a457-GrpcLogAppender: appendEntries Timeout, request=78eb98d0-10ad-403d-ab68-3e803fb8ec72->319da950-6258-4a15-a10a-9ff19688a457#80-t2, previous=(t:2, i:17), leaderCommit=10, initializing? false, entries: <empty>
2019-09-17 15:17:12,604 [grpc-default-executor-0] INFO  client.GrpcClientProtocolClient (GrpcClientProtocolClient.java:onNext(264)) - client-552194EA954E->319da950-6258-4a15-a10a-9ff19688a457: receive RaftClientReply:client-552194EA954E->319da950-6258-4a15-a10a-9ff19688a457@group-9AD4355EB7C4, cid=24, FAILED org.apache.ratis.protocol.NotLeaderException: Server 319da950-6258-4a15-a10a-9ff19688a457@group-9AD4355EB7C4 is not the leader 78eb98d0-10ad-403d-ab68-3e803fb8ec72:192.168.151.72:34014, logIndex=0, commits[319da950-6258-4a15-a10a-9ff19688a457:c10, 18c72976-30e0-4eea-a5a6-85bddbc481ac:c6, 78eb98d0-10ad-403d-ab68-3e803fb8ec72:c10]
2019-09-17 15:17:12,841 [org.apache.ratis.server.impl.LogAppender$AppenderDaemon$$Lambda$498/908641698@7ead5bdf] ERROR ratis.XceiverServerRatis (XceiverServerRatis.java:triggerPipelineClose(575)) - pipeline Action CLOSE  on pipeline PipelineID=855fe8db-a41d-4393-a5b7-9ad4355eb7c4.Reason : 78eb98d0-10ad-403d-ab68-3e803fb8ec72 has not seen follower/s 18c72976-30e0-4eea-a5a6-85bddbc481ac for 162732ms 319da950-6258-4a15-a10a-9ff19688a457 for 162731ms
2019-09-17 15:17:12,842 [org.apache.ratis.server.impl.LogAppender$AppenderDaemon$$Lambda$498/908641698@723b07ed] ERROR ratis.XceiverServerRatis (XceiverServerRatis.java:triggerPipelineClose(575)) - pipeline Action CLOSE  on pipeline PipelineID=855fe8db-a41d-4393-a5b7-9ad4355eb7c4.Reason : 78eb98d0-10ad-403d-ab68-3e803fb8ec72 has not seen follower/s 18c72976-30e0-4eea-a5a6-85bddbc481ac for 162734ms 319da950-6258-4a15-a10a-9ff19688a457 for 162733ms
2019-09-17 15:17:13,338 [java.util.concurrent.ThreadPoolExecutor$Worker@683ed9e2[State = -1, empty queue]] WARN  server.GrpcLogAppender (GrpcLogAppender.java:timeoutAppendRequest(200)) - 78eb98d0-10ad-403d-ab68-3e803fb8ec72@group-9AD4355EB7C4->18c72976-30e0-4eea-a5a6-85bddbc481ac-GrpcLogAppender: appendEntries Timeout, request=78eb98d0-10ad-403d-ab68-3e803fb8ec72->18c72976-30e0-4eea-a5a6-85bddbc481ac#81-t2, previous=(t:2, i:17), leaderCommit=10, initializing? false, entries: <empty>
2019-09-17 15:17:13,342 [java.util.concurrent.ThreadPoolExecutor$Worker@68950335[State = -1, empty queue]] WARN  server.GrpcLogAppender (GrpcLogAppender.java:timeoutAppendRequest(200)) - 78eb98d0-10ad-403d-ab68-3e803fb8ec72@group-9AD4355EB7C4->319da950-6258-4a15-a10a-9ff19688a457-GrpcLogAppender: appendEntries Timeout, request=78eb98d0-10ad-403d-ab68-3e803fb8ec72->319da950-6258-4a15-a10a-9ff19688a457#81-t2, previous=(t:2, i:17), leaderCommit=10, initializing? false, entries: <empty>
2019-09-17 15:17:13,815 [EventQueue-PipelineActionsForPipelineActionHandler] ERROR pipeline.PipelineActionHandler (PipelineActionHandler.java:onMessage(60)) - Received pipeline action CLOSE for Pipeline[ Id: 855fe8db-a41d-4393-a5b7-9ad4355eb7c4, Nodes: 319da950-6258-4a15-a10a-9ff19688a457{ip: 192.168.151.72, host: pr-hdds-2137-trunk-f8w4d-2934045284, networkLocation: /default-rack, certSerialId: null}18c72976-30e0-4eea-a5a6-85bddbc481ac{ip: 192.168.151.72, host: pr-hdds-2137-trunk-f8w4d-2934045284, networkLocation: /default-rack, certSerialId: null}78eb98d0-10ad-403d-ab68-3e803fb8ec72{ip: 192.168.151.72, host: pr-hdds-2137-trunk-f8w4d-2934045284, networkLocation: /default-rack, certSerialId: null}, Type:RATIS, Factor:THREE, State:CLOSED] from datanode 78eb98d0-10ad-403d-ab68-3e803fb8ec72{ip: 192.168.151.72, host: pr-hdds-2137-trunk-f8w4d-2934045284, networkLocation: /default-rack, certSerialId: null}. Reason : 78eb98d0-10ad-403d-ab68-3e803fb8ec72 has not seen follower/s 18c72976-30e0-4eea-a5a6-85bddbc481ac for 162732ms 319da950-6258-4a15-a10a-9ff19688a457 for 162731ms
2019-09-17 15:17:13,815 [EventQueue-PipelineActionsForPipelineActionHandler] INFO  pipeline.SCMPipelineManager (SCMPipelineManager.java:finalizeAndDestroyPipeline(311)) - destroying pipeline:Pipeline[ Id: 855fe8db-a41d-4393-a5b7-9ad4355eb7c4, Nodes: 319da950-6258-4a15-a10a-9ff19688a457{ip: 192.168.151.72, host: pr-hdds-2137-trunk-f8w4d-2934045284, networkLocation: /default-rack, certSerialId: null}18c72976-30e0-4eea-a5a6-85bddbc481ac{ip: 192.168.151.72, host: pr-hdds-2137-trunk-f8w4d-2934045284, networkLocation: /default-rack, certSerialId: null}78eb98d0-10ad-403d-ab68-3e803fb8ec72{ip: 192.168.151.72, host: pr-hdds-2137-trunk-f8w4d-2934045284, networkLocation: /default-rack, certSerialId: null}, Type:RATIS, Factor:THREE, State:CLOSED]
2019-09-17 15:17:15,342 [org.apache.ratis.server.impl.LogAppender$AppenderDaemon$$Lambda$498/908641698@7ead5bdf] ERROR ratis.XceiverServerRatis (XceiverServerRatis.java:triggerPipelineClose(575)) - pipeline Action CLOSE  on pipeline PipelineID=855fe8db-a41d-4393-a5b7-9ad4355eb7c4.Reason : 78eb98d0-10ad-403d-ab68-3e803fb8ec72 has not seen follower/s 18c72976-30e0-4eea-a5a6-85bddbc481ac for 165234ms 319da950-6258-4a15-a10a-9ff19688a457 for 165233ms
2019-09-17 15:17:15,343 [org.apache.ratis.server.impl.LogAppender$AppenderDaemon$$Lambda$498/908641698@723b07ed] ERROR ratis.XceiverServerRatis (XceiverServerRatis.java:triggerPipelineClose(575)) - pipeline Action CLOSE  on pipeline PipelineID=855fe8db-a41d-4393-a5b7-9ad4355eb7c4.Reason : 78eb98d0-10ad-403d-ab68-3e803fb8ec72 has not seen follower/s 18c72976-30e0-4eea-a5a6-85bddbc481ac for 165235ms 319da950-6258-4a15-a10a-9ff19688a457 for 165234ms
2019-09-17 15:17:15,816 [EventQueue-PipelineActionsForPipelineActionHandler] ERROR pipeline.PipelineActionHandler (PipelineActionHandler.java:onMessage(60)) - Received pipeline action CLOSE for Pipeline[ Id: 855fe8db-a41d-4393-a5b7-9ad4355eb7c4, Nodes: 319da950-6258-4a15-a10a-9ff19688a457{ip: 192.168.151.72, host: pr-hdds-2137-trunk-f8w4d-2934045284, networkLocation: /default-rack, certSerialId: null}18c72976-30e0-4eea-a5a6-85bddbc481ac{ip: 192.168.151.72, host: pr-hdds-2137-trunk-f8w4d-2934045284, networkLocation: /default-rack, certSerialId: null}78eb98d0-10ad-403d-ab68-3e803fb8ec72{ip: 192.168.151.72, host: pr-hdds-2137-trunk-f8w4d-2934045284, networkLocation: /default-rack, certSerialId: null}, Type:RATIS, Factor:THREE, State:CLOSED] from datanode 78eb98d0-10ad-403d-ab68-3e803fb8ec72{ip: 192.168.151.72, host: pr-hdds-2137-trunk-f8w4d-2934045284, networkLocation: /default-rack, certSerialId: null}. Reason : 78eb98d0-10ad-403d-ab68-3e803fb8ec72 has not seen follower/s 18c72976-30e0-4eea-a5a6-85bddbc481ac for 165234ms 319da950-6258-4a15-a10a-9ff19688a457 for 165233ms
2019-09-17 15:17:15,817 [EventQueue-PipelineActionsForPipelineActionHandler] INFO  pipeline.SCMPipelineManager (SCMPipelineManager.java:finalizeAndDestroyPipeline(311)) - destroying pipeline:Pipeline[ Id: 855fe8db-a41d-4393-a5b7-9ad4355eb7c4, Nodes: 319da950-6258-4a15-a10a-9ff19688a457{ip: 192.168.151.72, host: pr-hdds-2137-trunk-f8w4d-2934045284, networkLocation: /default-rack, certSerialId: null}18c72976-30e0-4eea-a5a6-85bddbc481ac{ip: 192.168.151.72, host: pr-hdds-2137-trunk-f8w4d-2934045284, networkLocation: /default-rack, certSerialId: null}78eb98d0-10ad-403d-ab68-3e803fb8ec72{ip: 192.168.151.72, host: pr-hdds-2137-trunk-f8w4d-2934045284, networkLocation: /default-rack, certSerialId: null}, Type:RATIS, Factor:THREE, State:CLOSED]
2019-09-17 15:17:15,840 [java.util.concurrent.ThreadPoolExecutor$Worker@683ed9e2[State = -1, empty queue]] WARN  server.GrpcLogAppender (GrpcLogAppender.java:timeoutAppendRequest(200)) - 78eb98d0-10ad-403d-ab68-3e803fb8ec72@group-9AD4355EB7C4->18c72976-30e0-4eea-a5a6-85bddbc481ac-GrpcLogAppender: appendEntries Timeout, request=78eb98d0-10ad-403d-ab68-3e803fb8ec72->18c72976-30e0-4eea-a5a6-85bddbc481ac#82-t2, previous=(t:2, i:17), leaderCommit=10, initializing? false, entries: <empty>
2019-09-17 15:17:15,842 [java.util.concurrent.ThreadPoolExecutor$Worker@68950335[State = -1, empty queue]] WARN  server.GrpcLogAppender (GrpcLogAppender.java:timeoutAppendRequest(200)) - 78eb98d0-10ad-403d-ab68-3e803fb8ec72@group-9AD4355EB7C4->319da950-6258-4a15-a10a-9ff19688a457-GrpcLogAppender: appendEntries Timeout, request=78eb98d0-10ad-403d-ab68-3e803fb8ec72->319da950-6258-4a15-a10a-9ff19688a457#82-t2, previous=(t:2, i:17), leaderCommit=10, initializing? false, entries: <empty>
2019-09-17 15:17:17,649 [grpc-default-executor-4] INFO  client.GrpcClientProtocolClient (GrpcClientProtocolClient.java:onNext(264)) - client-552194EA954E->319da950-6258-4a15-a10a-9ff19688a457: receive RaftClientReply:client-552194EA954E->319da950-6258-4a15-a10a-9ff19688a457@group-9AD4355EB7C4, cid=24, FAILED org.apache.ratis.protocol.NotLeaderException: Server 319da950-6258-4a15-a10a-9ff19688a457@group-9AD4355EB7C4 is not the leader 78eb98d0-10ad-403d-ab68-3e803fb8ec72:192.168.151.72:34014, logIndex=0, commits[319da950-6258-4a15-a10a-9ff19688a457:c10, 18c72976-30e0-4eea-a5a6-85bddbc481ac:c6, 78eb98d0-10ad-403d-ab68-3e803fb8ec72:c10]
2019-09-17 15:17:17,843 [org.apache.ratis.server.impl.LogAppender$AppenderDaemon$$Lambda$498/908641698@7ead5bdf] ERROR ratis.XceiverServerRatis (XceiverServerRatis.java:triggerPipelineClose(575)) - pipeline Action CLOSE  on pipeline PipelineID=855fe8db-a41d-4393-a5b7-9ad4355eb7c4.Reason : 78eb98d0-10ad-403d-ab68-3e803fb8ec72 has not seen follower/s 18c72976-30e0-4eea-a5a6-85bddbc481ac for 167735ms 319da950-6258-4a15-a10a-9ff19688a457 for 167734ms
2019-09-17 15:17:17,844 [org.apache.ratis.server.impl.LogAppender$AppenderDaemon$$Lambda$498/908641698@723b07ed] ERROR ratis.XceiverServerRatis (XceiverServerRatis.java:triggerPipelineClose(575)) - pipeline Action CLOSE  on pipeline PipelineID=855fe8db-a41d-4393-a5b7-9ad4355eb7c4.Reason : 78eb98d0-10ad-403d-ab68-3e803fb8ec72 has not seen follower/s 18c72976-30e0-4eea-a5a6-85bddbc481ac for 167736ms 319da950-6258-4a15-a10a-9ff19688a457 for 167735ms
2019-09-17 15:17:18,342 [java.util.concurrent.ThreadPoolExecutor$Worker@683ed9e2[State = -1, empty queue]] WARN  server.GrpcLogAppender (GrpcLogAppender.java:timeoutAppendRequest(200)) - 78eb98d0-10ad-403d-ab68-3e803fb8ec72@group-9AD4355EB7C4->18c72976-30e0-4eea-a5a6-85bddbc481ac-GrpcLogAppender: appendEntries Timeout, request=78eb98d0-10ad-403d-ab68-3e803fb8ec72->18c72976-30e0-4eea-a5a6-85bddbc481ac#83-t2, previous=(t:2, i:17), leaderCommit=10, initializing? false, entries: <empty>
2019-09-17 15:17:18,343 [java.util.concurrent.ThreadPoolExecutor$Worker@68950335[State = -1, empty queue]] WARN  server.GrpcLogAppender (GrpcLogAppender.java:timeoutAppendRequest(200)) - 78eb98d0-10ad-403d-ab68-3e803fb8ec72@group-9AD4355EB7C4->319da950-6258-4a15-a10a-9ff19688a457-GrpcLogAppender: appendEntries Timeout, request=78eb98d0-10ad-403d-ab68-3e803fb8ec72->319da950-6258-4a15-a10a-9ff19688a457#83-t2, previous=(t:2, i:17), leaderCommit=10, initializing? false, entries: <empty>
2019-09-17 15:17:18,815 [EventQueue-PipelineActionsForPipelineActionHandler] ERROR pipeline.PipelineActionHandler (PipelineActionHandler.java:onMessage(60)) - Received pipeline action CLOSE for Pipeline[ Id: 855fe8db-a41d-4393-a5b7-9ad4355eb7c4, Nodes: 319da950-6258-4a15-a10a-9ff19688a457{ip: 192.168.151.72, host: pr-hdds-2137-trunk-f8w4d-2934045284, networkLocation: /default-rack, certSerialId: null}18c72976-30e0-4eea-a5a6-85bddbc481ac{ip: 192.168.151.72, host: pr-hdds-2137-trunk-f8w4d-2934045284, networkLocation: /default-rack, certSerialId: null}78eb98d0-10ad-403d-ab68-3e803fb8ec72{ip: 192.168.151.72, host: pr-hdds-2137-trunk-f8w4d-2934045284, networkLocation: /default-rack, certSerialId: null}, Type:RATIS, Factor:THREE, State:CLOSED] from datanode 78eb98d0-10ad-403d-ab68-3e803fb8ec72{ip: 192.168.151.72, host: pr-hdds-2137-trunk-f8w4d-2934045284, networkLocation: /default-rack, certSerialId: null}. Reason : 78eb98d0-10ad-403d-ab68-3e803fb8ec72 has not seen follower/s 18c72976-30e0-4eea-a5a6-85bddbc481ac for 167735ms 319da950-6258-4a15-a10a-9ff19688a457 for 167734ms
2019-09-17 15:17:18,816 [EventQueue-PipelineActionsForPipelineActionHandler] INFO  pipeline.SCMPipelineManager (SCMPipelineManager.java:finalizeAndDestroyPipeline(311)) - destroying pipeline:Pipeline[ Id: 855fe8db-a41d-4393-a5b7-9ad4355eb7c4, Nodes: 319da950-6258-4a15-a10a-9ff19688a457{ip: 192.168.151.72, host: pr-hdds-2137-trunk-f8w4d-2934045284, networkLocation: /default-rack, certSerialId: null}18c72976-30e0-4eea-a5a6-85bddbc481ac{ip: 192.168.151.72, host: pr-hdds-2137-trunk-f8w4d-2934045284, networkLocation: /default-rack, certSerialId: null}78eb98d0-10ad-403d-ab68-3e803fb8ec72{ip: 192.168.151.72, host: pr-hdds-2137-trunk-f8w4d-2934045284, networkLocation: /default-rack, certSerialId: null}, Type:RATIS, Factor:THREE, State:CLOSED]
2019-09-17 15:17:20,344 [org.apache.ratis.server.impl.LogAppender$AppenderDaemon$$Lambda$498/908641698@7ead5bdf] ERROR ratis.XceiverServerRatis (XceiverServerRatis.java:triggerPipelineClose(575)) - pipeline Action CLOSE  on pipeline PipelineID=855fe8db-a41d-4393-a5b7-9ad4355eb7c4.Reason : 78eb98d0-10ad-403d-ab68-3e803fb8ec72 has not seen follower/s 18c72976-30e0-4eea-a5a6-85bddbc481ac for 170236ms 319da950-6258-4a15-a10a-9ff19688a457 for 170235ms
2019-09-17 15:17:20,344 [org.apache.ratis.server.impl.LogAppender$AppenderDaemon$$Lambda$498/908641698@723b07ed] ERROR ratis.XceiverServerRatis (XceiverServerRatis.java:triggerPipelineClose(575)) - pipeline Action CLOSE  on pipeline PipelineID=855fe8db-a41d-4393-a5b7-9ad4355eb7c4.Reason : 78eb98d0-10ad-403d-ab68-3e803fb8ec72 has not seen follower/s 18c72976-30e0-4eea-a5a6-85bddbc481ac for 170236ms 319da950-6258-4a15-a10a-9ff19688a457 for 170235ms
2019-09-17 15:17:20,799 [78eb98d0-10ad-403d-ab68-3e803fb8ec72@group-9AD4355EB7C4-SegmentedRaftLogWorker] WARN  segmented.SegmentedRaftLogWorker (SegmentedRaftLogWorker.java:getFromFuture(90)) - Timeout 16/~
org.apache.ratis.protocol.TimeoutIOException: Timeout 10s: WriteLog:12: (t:2, i:12), STATEMACHINELOGENTRY, client-552194EA954E, cid=25-writeStateMachineData
	at org.apache.ratis.util.IOUtils.getFromFuture(IOUtils.java:87)
	at org.apache.ratis.server.raftlog.segmented.SegmentedRaftLogWorker$StateMachineDataPolicy.getFromFuture(SegmentedRaftLogWorker.java:87)
	at org.apache.ratis.server.raftlog.segmented.SegmentedRaftLogWorker$WriteLog.execute(SegmentedRaftLogWorker.java:477)
	at org.apache.ratis.server.raftlog.segmented.SegmentedRaftLogWorker.run(SegmentedRaftLogWorker.java:289)
	at java.lang.Thread.run(Thread.java:748)
Caused by: java.util.concurrent.TimeoutException
	at java.util.concurrent.CompletableFuture.timedGet(CompletableFuture.java:1771)
	at java.util.concurrent.CompletableFuture.get(CompletableFuture.java:1915)
	at org.apache.ratis.util.IOUtils.getFromFuture(IOUtils.java:79)
	... 4 more
2019-09-17 15:17:20,816 [EventQueue-PipelineActionsForPipelineActionHandler] ERROR pipeline.PipelineActionHandler (PipelineActionHandler.java:onMessage(60)) - Received pipeline action CLOSE for Pipeline[ Id: 855fe8db-a41d-4393-a5b7-9ad4355eb7c4, Nodes: 319da950-6258-4a15-a10a-9ff19688a457{ip: 192.168.151.72, host: pr-hdds-2137-trunk-f8w4d-2934045284, networkLocation: /default-rack, certSerialId: null}18c72976-30e0-4eea-a5a6-85bddbc481ac{ip: 192.168.151.72, host: pr-hdds-2137-trunk-f8w4d-2934045284, networkLocation: /default-rack, certSerialId: null}78eb98d0-10ad-403d-ab68-3e803fb8ec72{ip: 192.168.151.72, host: pr-hdds-2137-trunk-f8w4d-2934045284, networkLocation: /default-rack, certSerialId: null}, Type:RATIS, Factor:THREE, State:CLOSED] from datanode 78eb98d0-10ad-403d-ab68-3e803fb8ec72{ip: 192.168.151.72, host: pr-hdds-2137-trunk-f8w4d-2934045284, networkLocation: /default-rack, certSerialId: null}. Reason : 78eb98d0-10ad-403d-ab68-3e803fb8ec72 has not seen follower/s 18c72976-30e0-4eea-a5a6-85bddbc481ac for 170236ms 319da950-6258-4a15-a10a-9ff19688a457 for 170235ms
2019-09-17 15:17:20,816 [EventQueue-PipelineActionsForPipelineActionHandler] INFO  pipeline.SCMPipelineManager (SCMPipelineManager.java:finalizeAndDestroyPipeline(311)) - destroying pipeline:Pipeline[ Id: 855fe8db-a41d-4393-a5b7-9ad4355eb7c4, Nodes: 319da950-6258-4a15-a10a-9ff19688a457{ip: 192.168.151.72, host: pr-hdds-2137-trunk-f8w4d-2934045284, networkLocation: /default-rack, certSerialId: null}18c72976-30e0-4eea-a5a6-85bddbc481ac{ip: 192.168.151.72, host: pr-hdds-2137-trunk-f8w4d-2934045284, networkLocation: /default-rack, certSerialId: null}78eb98d0-10ad-403d-ab68-3e803fb8ec72{ip: 192.168.151.72, host: pr-hdds-2137-trunk-f8w4d-2934045284, networkLocation: /default-rack, certSerialId: null}, Type:RATIS, Factor:THREE, State:CLOSED]
2019-09-17 15:17:20,843 [java.util.concurrent.ThreadPoolExecutor$Worker@683ed9e2[State = -1, empty queue]] WARN  server.GrpcLogAppender (GrpcLogAppender.java:timeoutAppendRequest(200)) - 78eb98d0-10ad-403d-ab68-3e803fb8ec72@group-9AD4355EB7C4->18c72976-30e0-4eea-a5a6-85bddbc481ac-GrpcLogAppender: appendEntries Timeout, request=78eb98d0-10ad-403d-ab68-3e803fb8ec72->18c72976-30e0-4eea-a5a6-85bddbc481ac#84-t2, previous=(t:2, i:17), leaderCommit=10, initializing? false, entries: <empty>
2019-09-17 15:17:20,844 [java.util.concurrent.ThreadPoolExecutor$Worker@68950335[State = -1, empty queue]] WARN  server.GrpcLogAppender (GrpcLogAppender.java:timeoutAppendRequest(200)) - 78eb98d0-10ad-403d-ab68-3e803fb8ec72@group-9AD4355EB7C4->319da950-6258-4a15-a10a-9ff19688a457-GrpcLogAppender: appendEntries Timeout, request=78eb98d0-10ad-403d-ab68-3e803fb8ec72->319da950-6258-4a15-a10a-9ff19688a457#84-t2, previous=(t:2, i:17), leaderCommit=10, initializing? false, entries: <empty>
2019-09-17 15:17:20,871 [18c72976-30e0-4eea-a5a6-85bddbc481ac@group-9AD4355EB7C4-SegmentedRaftLogWorker] WARN  segmented.SegmentedRaftLogWorker (SegmentedRaftLogWorker.java:getFromFuture(90)) - Timeout 16/~
org.apache.ratis.protocol.TimeoutIOException: Timeout 10s: WriteLog:12: (t:2, i:12), STATEMACHINELOGENTRY, client-552194EA954E, cid=25-writeStateMachineData
	at org.apache.ratis.util.IOUtils.getFromFuture(IOUtils.java:87)
	at org.apache.ratis.server.raftlog.segmented.SegmentedRaftLogWorker$StateMachineDataPolicy.getFromFuture(SegmentedRaftLogWorker.java:87)
	at org.apache.ratis.server.raftlog.segmented.SegmentedRaftLogWorker$WriteLog.execute(SegmentedRaftLogWorker.java:477)
	at org.apache.ratis.server.raftlog.segmented.SegmentedRaftLogWorker.run(SegmentedRaftLogWorker.java:289)
	at java.lang.Thread.run(Thread.java:748)
Caused by: java.util.concurrent.TimeoutException
	at java.util.concurrent.CompletableFuture.timedGet(CompletableFuture.java:1771)
	at java.util.concurrent.CompletableFuture.get(CompletableFuture.java:1915)
	at org.apache.ratis.util.IOUtils.getFromFuture(IOUtils.java:79)
	... 4 more
2019-09-17 15:17:20,871 [319da950-6258-4a15-a10a-9ff19688a457@group-9AD4355EB7C4-SegmentedRaftLogWorker] WARN  segmented.SegmentedRaftLogWorker (SegmentedRaftLogWorker.java:getFromFuture(90)) - Timeout 16/~
org.apache.ratis.protocol.TimeoutIOException: Timeout 10s: WriteLog:12: (t:2, i:12), STATEMACHINELOGENTRY, client-552194EA954E, cid=25-writeStateMachineData
	at org.apache.ratis.util.IOUtils.getFromFuture(IOUtils.java:87)
	at org.apache.ratis.server.raftlog.segmented.SegmentedRaftLogWorker$StateMachineDataPolicy.getFromFuture(SegmentedRaftLogWorker.java:87)
	at org.apache.ratis.server.raftlog.segmented.SegmentedRaftLogWorker$WriteLog.execute(SegmentedRaftLogWorker.java:477)
	at org.apache.ratis.server.raftlog.segmented.SegmentedRaftLogWorker.run(SegmentedRaftLogWorker.java:289)
	at java.lang.Thread.run(Thread.java:748)
Caused by: java.util.concurrent.TimeoutException
	at java.util.concurrent.CompletableFuture.timedGet(CompletableFuture.java:1771)
	at java.util.concurrent.CompletableFuture.get(CompletableFuture.java:1915)
	at org.apache.ratis.util.IOUtils.getFromFuture(IOUtils.java:79)
	... 4 more
2019-09-17 15:17:22,725 [grpc-default-executor-0] INFO  client.GrpcClientProtocolClient (GrpcClientProtocolClient.java:onNext(264)) - client-552194EA954E->319da950-6258-4a15-a10a-9ff19688a457: receive RaftClientReply:client-552194EA954E->319da950-6258-4a15-a10a-9ff19688a457@group-9AD4355EB7C4, cid=24, FAILED org.apache.ratis.protocol.NotLeaderException: Server 319da950-6258-4a15-a10a-9ff19688a457@group-9AD4355EB7C4 is not the leader 78eb98d0-10ad-403d-ab68-3e803fb8ec72:192.168.151.72:34014, logIndex=0, commits[319da950-6258-4a15-a10a-9ff19688a457:c10, 18c72976-30e0-4eea-a5a6-85bddbc481ac:c6, 78eb98d0-10ad-403d-ab68-3e803fb8ec72:c10]
2019-09-17 15:17:22,845 [org.apache.ratis.server.impl.LogAppender$AppenderDaemon$$Lambda$498/908641698@7ead5bdf] ERROR ratis.XceiverServerRatis (XceiverServerRatis.java:triggerPipelineClose(575)) - pipeline Action CLOSE  on pipeline PipelineID=855fe8db-a41d-4393-a5b7-9ad4355eb7c4.Reason : 78eb98d0-10ad-403d-ab68-3e803fb8ec72 has not seen follower/s 18c72976-30e0-4eea-a5a6-85bddbc481ac for 172737ms 319da950-6258-4a15-a10a-9ff19688a457 for 172736ms
2019-09-17 15:17:22,845 [org.apache.ratis.server.impl.LogAppender$AppenderDaemon$$Lambda$498/908641698@723b07ed] ERROR ratis.XceiverServerRatis (XceiverServerRatis.java:triggerPipelineClose(575)) - pipeline Action CLOSE  on pipeline PipelineID=855fe8db-a41d-4393-a5b7-9ad4355eb7c4.Reason : 78eb98d0-10ad-403d-ab68-3e803fb8ec72 has not seen follower/s 18c72976-30e0-4eea-a5a6-85bddbc481ac for 172737ms 319da950-6258-4a15-a10a-9ff19688a457 for 172736ms
2019-09-17 15:17:23,344 [java.util.concurrent.ThreadPoolExecutor$Worker@683ed9e2[State = -1, empty queue]] WARN  server.GrpcLogAppender (GrpcLogAppender.java:timeoutAppendRequest(200)) - 78eb98d0-10ad-403d-ab68-3e803fb8ec72@group-9AD4355EB7C4->18c72976-30e0-4eea-a5a6-85bddbc481ac-GrpcLogAppender: appendEntries Timeout, request=78eb98d0-10ad-403d-ab68-3e803fb8ec72->18c72976-30e0-4eea-a5a6-85bddbc481ac#85-t2, previous=(t:2, i:17), leaderCommit=10, initializing? false, entries: <empty>
2019-09-17 15:17:23,345 [java.util.concurrent.ThreadPoolExecutor$Worker@68950335[State = -1, empty queue]] WARN  server.GrpcLogAppender (GrpcLogAppender.java:timeoutAppendRequest(200)) - 78eb98d0-10ad-403d-ab68-3e803fb8ec72@group-9AD4355EB7C4->319da950-6258-4a15-a10a-9ff19688a457-GrpcLogAppender: appendEntries Timeout, request=78eb98d0-10ad-403d-ab68-3e803fb8ec72->319da950-6258-4a15-a10a-9ff19688a457#85-t2, previous=(t:2, i:17), leaderCommit=10, initializing? false, entries: <empty>
2019-09-17 15:17:23,815 [EventQueue-PipelineActionsForPipelineActionHandler] ERROR pipeline.PipelineActionHandler (PipelineActionHandler.java:onMessage(60)) - Received pipeline action CLOSE for Pipeline[ Id: 855fe8db-a41d-4393-a5b7-9ad4355eb7c4, Nodes: 319da950-6258-4a15-a10a-9ff19688a457{ip: 192.168.151.72, host: pr-hdds-2137-trunk-f8w4d-2934045284, networkLocation: /default-rack, certSerialId: null}18c72976-30e0-4eea-a5a6-85bddbc481ac{ip: 192.168.151.72, host: pr-hdds-2137-trunk-f8w4d-2934045284, networkLocation: /default-rack, certSerialId: null}78eb98d0-10ad-403d-ab68-3e803fb8ec72{ip: 192.168.151.72, host: pr-hdds-2137-trunk-f8w4d-2934045284, networkLocation: /default-rack, certSerialId: null}, Type:RATIS, Factor:THREE, State:CLOSED] from datanode 78eb98d0-10ad-403d-ab68-3e803fb8ec72{ip: 192.168.151.72, host: pr-hdds-2137-trunk-f8w4d-2934045284, networkLocation: /default-rack, certSerialId: null}. Reason : 78eb98d0-10ad-403d-ab68-3e803fb8ec72 has not seen follower/s 18c72976-30e0-4eea-a5a6-85bddbc481ac for 172737ms 319da950-6258-4a15-a10a-9ff19688a457 for 172736ms
2019-09-17 15:17:23,815 [EventQueue-PipelineActionsForPipelineActionHandler] INFO  pipeline.SCMPipelineManager (SCMPipelineManager.java:finalizeAndDestroyPipeline(311)) - destroying pipeline:Pipeline[ Id: 855fe8db-a41d-4393-a5b7-9ad4355eb7c4, Nodes: 319da950-6258-4a15-a10a-9ff19688a457{ip: 192.168.151.72, host: pr-hdds-2137-trunk-f8w4d-2934045284, networkLocation: /default-rack, certSerialId: null}18c72976-30e0-4eea-a5a6-85bddbc481ac{ip: 192.168.151.72, host: pr-hdds-2137-trunk-f8w4d-2934045284, networkLocation: /default-rack, certSerialId: null}78eb98d0-10ad-403d-ab68-3e803fb8ec72{ip: 192.168.151.72, host: pr-hdds-2137-trunk-f8w4d-2934045284, networkLocation: /default-rack, certSerialId: null}, Type:RATIS, Factor:THREE, State:CLOSED]
2019-09-17 15:17:25,348 [org.apache.ratis.server.impl.LogAppender$AppenderDaemon$$Lambda$498/908641698@723b07ed] ERROR ratis.XceiverServerRatis (XceiverServerRatis.java:triggerPipelineClose(575)) - pipeline Action CLOSE  on pipeline PipelineID=855fe8db-a41d-4393-a5b7-9ad4355eb7c4.Reason : 78eb98d0-10ad-403d-ab68-3e803fb8ec72 has not seen follower/s 18c72976-30e0-4eea-a5a6-85bddbc481ac for 175239ms 319da950-6258-4a15-a10a-9ff19688a457 for 175238ms
2019-09-17 15:17:25,348 [org.apache.ratis.server.impl.LogAppender$AppenderDaemon$$Lambda$498/908641698@7ead5bdf] ERROR ratis.XceiverServerRatis (XceiverServerRatis.java:triggerPipelineClose(575)) - pipeline Action CLOSE  on pipeline PipelineID=855fe8db-a41d-4393-a5b7-9ad4355eb7c4.Reason : 78eb98d0-10ad-403d-ab68-3e803fb8ec72 has not seen follower/s 18c72976-30e0-4eea-a5a6-85bddbc481ac for 175239ms 319da950-6258-4a15-a10a-9ff19688a457 for 175238ms
2019-09-17 15:17:25,815 [EventQueue-PipelineActionsForPipelineActionHandler] ERROR pipeline.PipelineActionHandler (PipelineActionHandler.java:onMessage(60)) - Received pipeline action CLOSE for Pipeline[ Id: 855fe8db-a41d-4393-a5b7-9ad4355eb7c4, Nodes: 319da950-6258-4a15-a10a-9ff19688a457{ip: 192.168.151.72, host: pr-hdds-2137-trunk-f8w4d-2934045284, networkLocation: /default-rack, certSerialId: null}18c72976-30e0-4eea-a5a6-85bddbc481ac{ip: 192.168.151.72, host: pr-hdds-2137-trunk-f8w4d-2934045284, networkLocation: /default-rack, certSerialId: null}78eb98d0-10ad-403d-ab68-3e803fb8ec72{ip: 192.168.151.72, host: pr-hdds-2137-trunk-f8w4d-2934045284, networkLocation: /default-rack, certSerialId: null}, Type:RATIS, Factor:THREE, State:CLOSED] from datanode 78eb98d0-10ad-403d-ab68-3e803fb8ec72{ip: 192.168.151.72, host: pr-hdds-2137-trunk-f8w4d-2934045284, networkLocation: /default-rack, certSerialId: null}. Reason : 78eb98d0-10ad-403d-ab68-3e803fb8ec72 has not seen follower/s 18c72976-30e0-4eea-a5a6-85bddbc481ac for 175239ms 319da950-6258-4a15-a10a-9ff19688a457 for 175238ms
2019-09-17 15:17:25,815 [EventQueue-PipelineActionsForPipelineActionHandler] INFO  pipeline.SCMPipelineManager (SCMPipelineManager.java:finalizeAndDestroyPipeline(311)) - destroying pipeline:Pipeline[ Id: 855fe8db-a41d-4393-a5b7-9ad4355eb7c4, Nodes: 319da950-6258-4a15-a10a-9ff19688a457{ip: 192.168.151.72, host: pr-hdds-2137-trunk-f8w4d-2934045284, networkLocation: /default-rack, certSerialId: null}18c72976-30e0-4eea-a5a6-85bddbc481ac{ip: 192.168.151.72, host: pr-hdds-2137-trunk-f8w4d-2934045284, networkLocation: /default-rack, certSerialId: null}78eb98d0-10ad-403d-ab68-3e803fb8ec72{ip: 192.168.151.72, host: pr-hdds-2137-trunk-f8w4d-2934045284, networkLocation: /default-rack, certSerialId: null}, Type:RATIS, Factor:THREE, State:CLOSED]
2019-09-17 15:17:25,845 [java.util.concurrent.ThreadPoolExecutor$Worker@683ed9e2[State = -1, empty queue]] WARN  server.GrpcLogAppender (GrpcLogAppender.java:timeoutAppendRequest(200)) - 78eb98d0-10ad-403d-ab68-3e803fb8ec72@group-9AD4355EB7C4->18c72976-30e0-4eea-a5a6-85bddbc481ac-GrpcLogAppender: appendEntries Timeout, request=78eb98d0-10ad-403d-ab68-3e803fb8ec72->18c72976-30e0-4eea-a5a6-85bddbc481ac#86-t2, previous=(t:2, i:17), leaderCommit=10, initializing? false, entries: <empty>
2019-09-17 15:17:25,845 [java.util.concurrent.ThreadPoolExecutor$Worker@68950335[State = -1, empty queue]] WARN  server.GrpcLogAppender (GrpcLogAppender.java:timeoutAppendRequest(200)) - 78eb98d0-10ad-403d-ab68-3e803fb8ec72@group-9AD4355EB7C4->319da950-6258-4a15-a10a-9ff19688a457-GrpcLogAppender: appendEntries Timeout, request=78eb98d0-10ad-403d-ab68-3e803fb8ec72->319da950-6258-4a15-a10a-9ff19688a457#86-t2, previous=(t:2, i:17), leaderCommit=10, initializing? false, entries: <empty>
2019-09-17 15:17:27,775 [grpc-default-executor-0] INFO  client.GrpcClientProtocolClient (GrpcClientProtocolClient.java:onNext(264)) - client-552194EA954E->18c72976-30e0-4eea-a5a6-85bddbc481ac: receive RaftClientReply:client-552194EA954E->18c72976-30e0-4eea-a5a6-85bddbc481ac@group-9AD4355EB7C4, cid=24, FAILED org.apache.ratis.protocol.NotLeaderException: Server 18c72976-30e0-4eea-a5a6-85bddbc481ac@group-9AD4355EB7C4 is not the leader 78eb98d0-10ad-403d-ab68-3e803fb8ec72:192.168.151.72:34014, logIndex=0, commits[18c72976-30e0-4eea-a5a6-85bddbc481ac:c10, 78eb98d0-10ad-403d-ab68-3e803fb8ec72:c10, 319da950-6258-4a15-a10a-9ff19688a457:c6]
2019-09-17 15:17:27,848 [org.apache.ratis.server.impl.LogAppender$AppenderDaemon$$Lambda$498/908641698@723b07ed] ERROR ratis.XceiverServerRatis (XceiverServerRatis.java:triggerPipelineClose(575)) - pipeline Action CLOSE  on pipeline PipelineID=855fe8db-a41d-4393-a5b7-9ad4355eb7c4.Reason : 78eb98d0-10ad-403d-ab68-3e803fb8ec72 has not seen follower/s 18c72976-30e0-4eea-a5a6-85bddbc481ac for 177740ms 319da950-6258-4a15-a10a-9ff19688a457 for 177739ms
2019-09-17 15:17:27,848 [org.apache.ratis.server.impl.LogAppender$AppenderDaemon$$Lambda$498/908641698@7ead5bdf] ERROR ratis.XceiverServerRatis (XceiverServerRatis.java:triggerPipelineClose(575)) - pipeline Action CLOSE  on pipeline PipelineID=855fe8db-a41d-4393-a5b7-9ad4355eb7c4.Reason : 78eb98d0-10ad-403d-ab68-3e803fb8ec72 has not seen follower/s 18c72976-30e0-4eea-a5a6-85bddbc481ac for 177740ms 319da950-6258-4a15-a10a-9ff19688a457 for 177739ms
2019-09-17 15:17:28,347 [java.util.concurrent.ThreadPoolExecutor$Worker@683ed9e2[State = -1, empty queue]] WARN  server.GrpcLogAppender (GrpcLogAppender.java:timeoutAppendRequest(200)) - 78eb98d0-10ad-403d-ab68-3e803fb8ec72@group-9AD4355EB7C4->18c72976-30e0-4eea-a5a6-85bddbc481ac-GrpcLogAppender: appendEntries Timeout, request=78eb98d0-10ad-403d-ab68-3e803fb8ec72->18c72976-30e0-4eea-a5a6-85bddbc481ac#87-t2, previous=(t:2, i:17), leaderCommit=10, initializing? false, entries: <empty>
2019-09-17 15:17:28,347 [java.util.concurrent.ThreadPoolExecutor$Worker@68950335[State = -1, empty queue]] WARN  server.GrpcLogAppender (GrpcLogAppender.java:timeoutAppendRequest(200)) - 78eb98d0-10ad-403d-ab68-3e803fb8ec72@group-9AD4355EB7C4->319da950-6258-4a15-a10a-9ff19688a457-GrpcLogAppender: appendEntries Timeout, request=78eb98d0-10ad-403d-ab68-3e803fb8ec72->319da950-6258-4a15-a10a-9ff19688a457#87-t2, previous=(t:2, i:17), leaderCommit=10, initializing? false, entries: <empty>
2019-09-17 15:17:28,815 [EventQueue-PipelineActionsForPipelineActionHandler] ERROR pipeline.PipelineActionHandler (PipelineActionHandler.java:onMessage(60)) - Received pipeline action CLOSE for Pipeline[ Id: 855fe8db-a41d-4393-a5b7-9ad4355eb7c4, Nodes: 319da950-6258-4a15-a10a-9ff19688a457{ip: 192.168.151.72, host: pr-hdds-2137-trunk-f8w4d-2934045284, networkLocation: /default-rack, certSerialId: null}18c72976-30e0-4eea-a5a6-85bddbc481ac{ip: 192.168.151.72, host: pr-hdds-2137-trunk-f8w4d-2934045284, networkLocation: /default-rack, certSerialId: null}78eb98d0-10ad-403d-ab68-3e803fb8ec72{ip: 192.168.151.72, host: pr-hdds-2137-trunk-f8w4d-2934045284, networkLocation: /default-rack, certSerialId: null}, Type:RATIS, Factor:THREE, State:CLOSED] from datanode 78eb98d0-10ad-403d-ab68-3e803fb8ec72{ip: 192.168.151.72, host: pr-hdds-2137-trunk-f8w4d-2934045284, networkLocation: /default-rack, certSerialId: null}. Reason : 78eb98d0-10ad-403d-ab68-3e803fb8ec72 has not seen follower/s 18c72976-30e0-4eea-a5a6-85bddbc481ac for 177740ms 319da950-6258-4a15-a10a-9ff19688a457 for 177739ms
2019-09-17 15:17:28,815 [EventQueue-PipelineActionsForPipelineActionHandler] INFO  pipeline.SCMPipelineManager (SCMPipelineManager.java:finalizeAndDestroyPipeline(311)) - destroying pipeline:Pipeline[ Id: 855fe8db-a41d-4393-a5b7-9ad4355eb7c4, Nodes: 319da950-6258-4a15-a10a-9ff19688a457{ip: 192.168.151.72, host: pr-hdds-2137-trunk-f8w4d-2934045284, networkLocation: /default-rack, certSerialId: null}18c72976-30e0-4eea-a5a6-85bddbc481ac{ip: 192.168.151.72, host: pr-hdds-2137-trunk-f8w4d-2934045284, networkLocation: /default-rack, certSerialId: null}78eb98d0-10ad-403d-ab68-3e803fb8ec72{ip: 192.168.151.72, host: pr-hdds-2137-trunk-f8w4d-2934045284, networkLocation: /default-rack, certSerialId: null}, Type:RATIS, Factor:THREE, State:CLOSED]
2019-09-17 15:17:30,350 [org.apache.ratis.server.impl.LogAppender$AppenderDaemon$$Lambda$498/908641698@7ead5bdf] ERROR ratis.XceiverServerRatis (XceiverServerRatis.java:triggerPipelineClose(575)) - pipeline Action CLOSE  on pipeline PipelineID=855fe8db-a41d-4393-a5b7-9ad4355eb7c4.Reason : 78eb98d0-10ad-403d-ab68-3e803fb8ec72 has not seen follower/s 18c72976-30e0-4eea-a5a6-85bddbc481ac for 180242ms 319da950-6258-4a15-a10a-9ff19688a457 for 180241ms
2019-09-17 15:17:30,350 [org.apache.ratis.server.impl.LogAppender$AppenderDaemon$$Lambda$498/908641698@723b07ed] ERROR ratis.XceiverServerRatis (XceiverServerRatis.java:triggerPipelineClose(575)) - pipeline Action CLOSE  on pipeline PipelineID=855fe8db-a41d-4393-a5b7-9ad4355eb7c4.Reason : 78eb98d0-10ad-403d-ab68-3e803fb8ec72 has not seen follower/s 18c72976-30e0-4eea-a5a6-85bddbc481ac for 180242ms 319da950-6258-4a15-a10a-9ff19688a457 for 180241ms
2019-09-17 15:17:30,800 [78eb98d0-10ad-403d-ab68-3e803fb8ec72@group-9AD4355EB7C4-SegmentedRaftLogWorker] WARN  segmented.SegmentedRaftLogWorker (SegmentedRaftLogWorker.java:getFromFuture(90)) - Timeout 17/~
org.apache.ratis.protocol.TimeoutIOException: Timeout 10s: WriteLog:12: (t:2, i:12), STATEMACHINELOGENTRY, client-552194EA954E, cid=25-writeStateMachineData
	at org.apache.ratis.util.IOUtils.getFromFuture(IOUtils.java:87)
	at org.apache.ratis.server.raftlog.segmented.SegmentedRaftLogWorker$StateMachineDataPolicy.getFromFuture(SegmentedRaftLogWorker.java:87)
	at org.apache.ratis.server.raftlog.segmented.SegmentedRaftLogWorker$WriteLog.execute(SegmentedRaftLogWorker.java:477)
	at org.apache.ratis.server.raftlog.segmented.SegmentedRaftLogWorker.run(SegmentedRaftLogWorker.java:289)
	at java.lang.Thread.run(Thread.java:748)
Caused by: java.util.concurrent.TimeoutException
	at java.util.concurrent.CompletableFuture.timedGet(CompletableFuture.java:1771)
	at java.util.concurrent.CompletableFuture.get(CompletableFuture.java:1915)
	at org.apache.ratis.util.IOUtils.getFromFuture(IOUtils.java:79)
	... 4 more
2019-09-17 15:17:30,815 [EventQueue-PipelineActionsForPipelineActionHandler] ERROR pipeline.PipelineActionHandler (PipelineActionHandler.java:onMessage(60)) - Received pipeline action CLOSE for Pipeline[ Id: 855fe8db-a41d-4393-a5b7-9ad4355eb7c4, Nodes: 319da950-6258-4a15-a10a-9ff19688a457{ip: 192.168.151.72, host: pr-hdds-2137-trunk-f8w4d-2934045284, networkLocation: /default-rack, certSerialId: null}18c72976-30e0-4eea-a5a6-85bddbc481ac{ip: 192.168.151.72, host: pr-hdds-2137-trunk-f8w4d-2934045284, networkLocation: /default-rack, certSerialId: null}78eb98d0-10ad-403d-ab68-3e803fb8ec72{ip: 192.168.151.72, host: pr-hdds-2137-trunk-f8w4d-2934045284, networkLocation: /default-rack, certSerialId: null}, Type:RATIS, Factor:THREE, State:CLOSED] from datanode 78eb98d0-10ad-403d-ab68-3e803fb8ec72{ip: 192.168.151.72, host: pr-hdds-2137-trunk-f8w4d-2934045284, networkLocation: /default-rack, certSerialId: null}. Reason : 78eb98d0-10ad-403d-ab68-3e803fb8ec72 has not seen follower/s 18c72976-30e0-4eea-a5a6-85bddbc481ac for 180242ms 319da950-6258-4a15-a10a-9ff19688a457 for 180241ms
2019-09-17 15:17:30,815 [EventQueue-PipelineActionsForPipelineActionHandler] INFO  pipeline.SCMPipelineManager (SCMPipelineManager.java:finalizeAndDestroyPipeline(311)) - destroying pipeline:Pipeline[ Id: 855fe8db-a41d-4393-a5b7-9ad4355eb7c4, Nodes: 319da950-6258-4a15-a10a-9ff19688a457{ip: 192.168.151.72, host: pr-hdds-2137-trunk-f8w4d-2934045284, networkLocation: /default-rack, certSerialId: null}18c72976-30e0-4eea-a5a6-85bddbc481ac{ip: 192.168.151.72, host: pr-hdds-2137-trunk-f8w4d-2934045284, networkLocation: /default-rack, certSerialId: null}78eb98d0-10ad-403d-ab68-3e803fb8ec72{ip: 192.168.151.72, host: pr-hdds-2137-trunk-f8w4d-2934045284, networkLocation: /default-rack, certSerialId: null}, Type:RATIS, Factor:THREE, State:CLOSED]
2019-09-17 15:17:30,848 [java.util.concurrent.ThreadPoolExecutor$Worker@68950335[State = -1, empty queue]] WARN  server.GrpcLogAppender (GrpcLogAppender.java:timeoutAppendRequest(200)) - 78eb98d0-10ad-403d-ab68-3e803fb8ec72@group-9AD4355EB7C4->319da950-6258-4a15-a10a-9ff19688a457-GrpcLogAppender: appendEntries Timeout, request=78eb98d0-10ad-403d-ab68-3e803fb8ec72->319da950-6258-4a15-a10a-9ff19688a457#88-t2, previous=(t:2, i:17), leaderCommit=10, initializing? false, entries: <empty>
2019-09-17 15:17:30,848 [java.util.concurrent.ThreadPoolExecutor$Worker@683ed9e2[State = -1, empty queue]] WARN  server.GrpcLogAppender (GrpcLogAppender.java:timeoutAppendRequest(200)) - 78eb98d0-10ad-403d-ab68-3e803fb8ec72@group-9AD4355EB7C4->18c72976-30e0-4eea-a5a6-85bddbc481ac-GrpcLogAppender: appendEntries Timeout, request=78eb98d0-10ad-403d-ab68-3e803fb8ec72->18c72976-30e0-4eea-a5a6-85bddbc481ac#88-t2, previous=(t:2, i:17), leaderCommit=10, initializing? false, entries: <empty>
2019-09-17 15:17:30,872 [18c72976-30e0-4eea-a5a6-85bddbc481ac@group-9AD4355EB7C4-SegmentedRaftLogWorker] WARN  segmented.SegmentedRaftLogWorker (SegmentedRaftLogWorker.java:getFromFuture(90)) - Timeout 17/~
org.apache.ratis.protocol.TimeoutIOException: Timeout 10s: WriteLog:12: (t:2, i:12), STATEMACHINELOGENTRY, client-552194EA954E, cid=25-writeStateMachineData
	at org.apache.ratis.util.IOUtils.getFromFuture(IOUtils.java:87)
	at org.apache.ratis.server.raftlog.segmented.SegmentedRaftLogWorker$StateMachineDataPolicy.getFromFuture(SegmentedRaftLogWorker.java:87)
	at org.apache.ratis.server.raftlog.segmented.SegmentedRaftLogWorker$WriteLog.execute(SegmentedRaftLogWorker.java:477)
	at org.apache.ratis.server.raftlog.segmented.SegmentedRaftLogWorker.run(SegmentedRaftLogWorker.java:289)
	at java.lang.Thread.run(Thread.java:748)
Caused by: java.util.concurrent.TimeoutException
	at java.util.concurrent.CompletableFuture.timedGet(CompletableFuture.java:1771)
	at java.util.concurrent.CompletableFuture.get(CompletableFuture.java:1915)
	at org.apache.ratis.util.IOUtils.getFromFuture(IOUtils.java:79)
	... 4 more
2019-09-17 15:17:30,872 [319da950-6258-4a15-a10a-9ff19688a457@group-9AD4355EB7C4-SegmentedRaftLogWorker] WARN  segmented.SegmentedRaftLogWorker (SegmentedRaftLogWorker.java:getFromFuture(90)) - Timeout 17/~
org.apache.ratis.protocol.TimeoutIOException: Timeout 10s: WriteLog:12: (t:2, i:12), STATEMACHINELOGENTRY, client-552194EA954E, cid=25-writeStateMachineData
	at org.apache.ratis.util.IOUtils.getFromFuture(IOUtils.java:87)
	at org.apache.ratis.server.raftlog.segmented.SegmentedRaftLogWorker$StateMachineDataPolicy.getFromFuture(SegmentedRaftLogWorker.java:87)
	at org.apache.ratis.server.raftlog.segmented.SegmentedRaftLogWorker$WriteLog.execute(SegmentedRaftLogWorker.java:477)
	at org.apache.ratis.server.raftlog.segmented.SegmentedRaftLogWorker.run(SegmentedRaftLogWorker.java:289)
	at java.lang.Thread.run(Thread.java:748)
Caused by: java.util.concurrent.TimeoutException
	at java.util.concurrent.CompletableFuture.timedGet(CompletableFuture.java:1771)
	at java.util.concurrent.CompletableFuture.get(CompletableFuture.java:1915)
	at org.apache.ratis.util.IOUtils.getFromFuture(IOUtils.java:79)
	... 4 more
2019-09-17 15:17:32,821 [grpc-default-executor-4] INFO  client.GrpcClientProtocolClient (GrpcClientProtocolClient.java:onNext(264)) - client-552194EA954E->319da950-6258-4a15-a10a-9ff19688a457: receive RaftClientReply:client-552194EA954E->319da950-6258-4a15-a10a-9ff19688a457@group-9AD4355EB7C4, cid=24, FAILED org.apache.ratis.protocol.NotLeaderException: Server 319da950-6258-4a15-a10a-9ff19688a457@group-9AD4355EB7C4 is not the leader 78eb98d0-10ad-403d-ab68-3e803fb8ec72:192.168.151.72:34014, logIndex=0, commits[319da950-6258-4a15-a10a-9ff19688a457:c10, 18c72976-30e0-4eea-a5a6-85bddbc481ac:c6, 78eb98d0-10ad-403d-ab68-3e803fb8ec72:c10]
2019-09-17 15:17:32,851 [org.apache.ratis.server.impl.LogAppender$AppenderDaemon$$Lambda$498/908641698@7ead5bdf] ERROR ratis.XceiverServerRatis (XceiverServerRatis.java:triggerPipelineClose(575)) - pipeline Action CLOSE  on pipeline PipelineID=855fe8db-a41d-4393-a5b7-9ad4355eb7c4.Reason : 78eb98d0-10ad-403d-ab68-3e803fb8ec72 has not seen follower/s 18c72976-30e0-4eea-a5a6-85bddbc481ac for 182743ms 319da950-6258-4a15-a10a-9ff19688a457 for 182742ms
2019-09-17 15:17:32,851 [org.apache.ratis.server.impl.LogAppender$AppenderDaemon$$Lambda$498/908641698@723b07ed] ERROR ratis.XceiverServerRatis (XceiverServerRatis.java:triggerPipelineClose(575)) - pipeline Action CLOSE  on pipeline PipelineID=855fe8db-a41d-4393-a5b7-9ad4355eb7c4.Reason : 78eb98d0-10ad-403d-ab68-3e803fb8ec72 has not seen follower/s 18c72976-30e0-4eea-a5a6-85bddbc481ac for 182743ms 319da950-6258-4a15-a10a-9ff19688a457 for 182742ms
2019-09-17 15:17:33,350 [java.util.concurrent.ThreadPoolExecutor$Worker@683ed9e2[State = -1, empty queue]] WARN  server.GrpcLogAppender (GrpcLogAppender.java:timeoutAppendRequest(200)) - 78eb98d0-10ad-403d-ab68-3e803fb8ec72@group-9AD4355EB7C4->18c72976-30e0-4eea-a5a6-85bddbc481ac-GrpcLogAppender: appendEntries Timeout, request=78eb98d0-10ad-403d-ab68-3e803fb8ec72->18c72976-30e0-4eea-a5a6-85bddbc481ac#89-t2, previous=(t:2, i:17), leaderCommit=10, initializing? false, entries: <empty>
2019-09-17 15:17:33,350 [java.util.concurrent.ThreadPoolExecutor$Worker@68950335[State = -1, empty queue]] WARN  server.GrpcLogAppender (GrpcLogAppender.java:timeoutAppendRequest(200)) - 78eb98d0-10ad-403d-ab68-3e803fb8ec72@group-9AD4355EB7C4->319da950-6258-4a15-a10a-9ff19688a457-GrpcLogAppender: appendEntries Timeout, request=78eb98d0-10ad-403d-ab68-3e803fb8ec72->319da950-6258-4a15-a10a-9ff19688a457#89-t2, previous=(t:2, i:17), leaderCommit=10, initializing? false, entries: <empty>
2019-09-17 15:17:33,817 [EventQueue-PipelineActionsForPipelineActionHandler] ERROR pipeline.PipelineActionHandler (PipelineActionHandler.java:onMessage(60)) - Received pipeline action CLOSE for Pipeline[ Id: 855fe8db-a41d-4393-a5b7-9ad4355eb7c4, Nodes: 319da950-6258-4a15-a10a-9ff19688a457{ip: 192.168.151.72, host: pr-hdds-2137-trunk-f8w4d-2934045284, networkLocation: /default-rack, certSerialId: null}18c72976-30e0-4eea-a5a6-85bddbc481ac{ip: 192.168.151.72, host: pr-hdds-2137-trunk-f8w4d-2934045284, networkLocation: /default-rack, certSerialId: null}78eb98d0-10ad-403d-ab68-3e803fb8ec72{ip: 192.168.151.72, host: pr-hdds-2137-trunk-f8w4d-2934045284, networkLocation: /default-rack, certSerialId: null}, Type:RATIS, Factor:THREE, State:CLOSED] from datanode 78eb98d0-10ad-403d-ab68-3e803fb8ec72{ip: 192.168.151.72, host: pr-hdds-2137-trunk-f8w4d-2934045284, networkLocation: /default-rack, certSerialId: null}. Reason : 78eb98d0-10ad-403d-ab68-3e803fb8ec72 has not seen follower/s 18c72976-30e0-4eea-a5a6-85bddbc481ac for 182743ms 319da950-6258-4a15-a10a-9ff19688a457 for 182742ms
2019-09-17 15:17:33,818 [EventQueue-PipelineActionsForPipelineActionHandler] INFO  pipeline.SCMPipelineManager (SCMPipelineManager.java:finalizeAndDestroyPipeline(311)) - destroying pipeline:Pipeline[ Id: 855fe8db-a41d-4393-a5b7-9ad4355eb7c4, Nodes: 319da950-6258-4a15-a10a-9ff19688a457{ip: 192.168.151.72, host: pr-hdds-2137-trunk-f8w4d-2934045284, networkLocation: /default-rack, certSerialId: null}18c72976-30e0-4eea-a5a6-85bddbc481ac{ip: 192.168.151.72, host: pr-hdds-2137-trunk-f8w4d-2934045284, networkLocation: /default-rack, certSerialId: null}78eb98d0-10ad-403d-ab68-3e803fb8ec72{ip: 192.168.151.72, host: pr-hdds-2137-trunk-f8w4d-2934045284, networkLocation: /default-rack, certSerialId: null}, Type:RATIS, Factor:THREE, State:CLOSED]
2019-09-17 15:17:35,353 [org.apache.ratis.server.impl.LogAppender$AppenderDaemon$$Lambda$498/908641698@723b07ed] ERROR ratis.XceiverServerRatis (XceiverServerRatis.java:triggerPipelineClose(575)) - pipeline Action CLOSE  on pipeline PipelineID=855fe8db-a41d-4393-a5b7-9ad4355eb7c4.Reason : 78eb98d0-10ad-403d-ab68-3e803fb8ec72 has not seen follower/s 18c72976-30e0-4eea-a5a6-85bddbc481ac for 185245ms 319da950-6258-4a15-a10a-9ff19688a457 for 185244ms
2019-09-17 15:17:35,353 [org.apache.ratis.server.impl.LogAppender$AppenderDaemon$$Lambda$498/908641698@7ead5bdf] ERROR ratis.XceiverServerRatis (XceiverServerRatis.java:triggerPipelineClose(575)) - pipeline Action CLOSE  on pipeline PipelineID=855fe8db-a41d-4393-a5b7-9ad4355eb7c4.Reason : 78eb98d0-10ad-403d-ab68-3e803fb8ec72 has not seen follower/s 18c72976-30e0-4eea-a5a6-85bddbc481ac for 185245ms 319da950-6258-4a15-a10a-9ff19688a457 for 185244ms
2019-09-17 15:17:35,817 [EventQueue-PipelineActionsForPipelineActionHandler] ERROR pipeline.PipelineActionHandler (PipelineActionHandler.java:onMessage(60)) - Received pipeline action CLOSE for Pipeline[ Id: 855fe8db-a41d-4393-a5b7-9ad4355eb7c4, Nodes: 319da950-6258-4a15-a10a-9ff19688a457{ip: 192.168.151.72, host: pr-hdds-2137-trunk-f8w4d-2934045284, networkLocation: /default-rack, certSerialId: null}18c72976-30e0-4eea-a5a6-85bddbc481ac{ip: 192.168.151.72, host: pr-hdds-2137-trunk-f8w4d-2934045284, networkLocation: /default-rack, certSerialId: null}78eb98d0-10ad-403d-ab68-3e803fb8ec72{ip: 192.168.151.72, host: pr-hdds-2137-trunk-f8w4d-2934045284, networkLocation: /default-rack, certSerialId: null}, Type:RATIS, Factor:THREE, State:CLOSED] from datanode 78eb98d0-10ad-403d-ab68-3e803fb8ec72{ip: 192.168.151.72, host: pr-hdds-2137-trunk-f8w4d-2934045284, networkLocation: /default-rack, certSerialId: null}. Reason : 78eb98d0-10ad-403d-ab68-3e803fb8ec72 has not seen follower/s 18c72976-30e0-4eea-a5a6-85bddbc481ac for 185245ms 319da950-6258-4a15-a10a-9ff19688a457 for 185244ms
2019-09-17 15:17:35,818 [EventQueue-PipelineActionsForPipelineActionHandler] INFO  pipeline.SCMPipelineManager (SCMPipelineManager.java:finalizeAndDestroyPipeline(311)) - destroying pipeline:Pipeline[ Id: 855fe8db-a41d-4393-a5b7-9ad4355eb7c4, Nodes: 319da950-6258-4a15-a10a-9ff19688a457{ip: 192.168.151.72, host: pr-hdds-2137-trunk-f8w4d-2934045284, networkLocation: /default-rack, certSerialId: null}18c72976-30e0-4eea-a5a6-85bddbc481ac{ip: 192.168.151.72, host: pr-hdds-2137-trunk-f8w4d-2934045284, networkLocation: /default-rack, certSerialId: null}78eb98d0-10ad-403d-ab68-3e803fb8ec72{ip: 192.168.151.72, host: pr-hdds-2137-trunk-f8w4d-2934045284, networkLocation: /default-rack, certSerialId: null}, Type:RATIS, Factor:THREE, State:CLOSED]
2019-09-17 15:17:35,851 [java.util.concurrent.ThreadPoolExecutor$Worker@683ed9e2[State = -1, empty queue]] WARN  server.GrpcLogAppender (GrpcLogAppender.java:timeoutAppendRequest(200)) - 78eb98d0-10ad-403d-ab68-3e803fb8ec72@group-9AD4355EB7C4->18c72976-30e0-4eea-a5a6-85bddbc481ac-GrpcLogAppender: appendEntries Timeout, request=78eb98d0-10ad-403d-ab68-3e803fb8ec72->18c72976-30e0-4eea-a5a6-85bddbc481ac#90-t2, previous=(t:2, i:17), leaderCommit=10, initializing? false, entries: <empty>
2019-09-17 15:17:35,851 [java.util.concurrent.ThreadPoolExecutor$Worker@68950335[State = -1, empty queue]] WARN  server.GrpcLogAppender (GrpcLogAppender.java:timeoutAppendRequest(200)) - 78eb98d0-10ad-403d-ab68-3e803fb8ec72@group-9AD4355EB7C4->319da950-6258-4a15-a10a-9ff19688a457-GrpcLogAppender: appendEntries Timeout, request=78eb98d0-10ad-403d-ab68-3e803fb8ec72->319da950-6258-4a15-a10a-9ff19688a457#90-t2, previous=(t:2, i:17), leaderCommit=10, initializing? false, entries: <empty>
2019-09-17 15:17:36,878 [grpc-default-executor-6] INFO  impl.RaftServerProxy (RaftServerProxy.java:remove(95)) - 319da950-6258-4a15-a10a-9ff19688a457: remove  FOLLOWER 319da950-6258-4a15-a10a-9ff19688a457@group-9AD4355EB7C4:t2, leader=78eb98d0-10ad-403d-ab68-3e803fb8ec72, voted=319da950-6258-4a15-a10a-9ff19688a457, raftlog=319da950-6258-4a15-a10a-9ff19688a457@group-9AD4355EB7C4-SegmentedRaftLog:OPENED:c10,f10,i17, conf=0: [18c72976-30e0-4eea-a5a6-85bddbc481ac:192.168.151.72:46844, 78eb98d0-10ad-403d-ab68-3e803fb8ec72:192.168.151.72:34014, 319da950-6258-4a15-a10a-9ff19688a457:192.168.151.72:45426], old=null RUNNING
2019-09-17 15:17:36,886 [grpc-default-executor-6] INFO  impl.RaftServerImpl (RaftServerImpl.java:lambda$shutdown$3(251)) - 319da950-6258-4a15-a10a-9ff19688a457@group-9AD4355EB7C4: shutdown
2019-09-17 15:17:36,887 [grpc-default-executor-6] INFO  util.JmxRegister (JmxRegister.java:unregister(73)) - Successfully un-registered JMX Bean with object name Ratis:service=RaftServer,group=group-9AD4355EB7C4,id=319da950-6258-4a15-a10a-9ff19688a457
2019-09-17 15:17:36,888 [grpc-default-executor-6] INFO  impl.RoleInfo (RoleInfo.java:shutdownFollowerState(121)) - 319da950-6258-4a15-a10a-9ff19688a457: shutdown FollowerState
2019-09-17 15:17:36,888 [grpc-default-executor-6] INFO  impl.StateMachineUpdater (StateMachineUpdater.java:stopAndJoin(125)) - 319da950-6258-4a15-a10a-9ff19688a457@group-9AD4355EB7C4-StateMachineUpdater: set stopIndex = 10
2019-09-17 15:17:36,888 [Thread-371] INFO  impl.FollowerState (FollowerState.java:run(115)) - 319da950-6258-4a15-a10a-9ff19688a457: FollowerState was interrupted: java.lang.InterruptedException: sleep interrupted
2019-09-17 15:17:36,890 [319da950-6258-4a15-a10a-9ff19688a457@group-9AD4355EB7C4-StateMachineUpdater] INFO  ratis.ContainerStateMachine (ContainerStateMachine.java:takeSnapshot(289)) - group-9AD4355EB7C4: Taking a snapshot at:(t:2, i:6) file /workdir/hadoop-ozone/integration-test/target/test-dir/MiniOzoneClusterImpl-346716be-7c53-4c7f-8ad1-9ba23c6a7b4d/datanode-6/data/ratis/855fe8db-a41d-4393-a5b7-9ad4355eb7c4/sm/snapshot.2_6
2019-09-17 15:17:36,932 [319da950-6258-4a15-a10a-9ff19688a457@group-9AD4355EB7C4-StateMachineUpdater] INFO  ratis.ContainerStateMachine (ContainerStateMachine.java:takeSnapshot(300)) - group-9AD4355EB7C4: Finished taking a snapshot at:(t:2, i:6) file:/workdir/hadoop-ozone/integration-test/target/test-dir/MiniOzoneClusterImpl-346716be-7c53-4c7f-8ad1-9ba23c6a7b4d/datanode-6/data/ratis/855fe8db-a41d-4393-a5b7-9ad4355eb7c4/sm/snapshot.2_6 time:43
2019-09-17 15:17:36,934 [319da950-6258-4a15-a10a-9ff19688a457@group-9AD4355EB7C4-StateMachineUpdater] INFO  impl.StateMachineUpdater (StateMachineUpdater.java:takeSnapshot(258)) - 319da950-6258-4a15-a10a-9ff19688a457@group-9AD4355EB7C4-StateMachineUpdater: Took a snapshot at index 6
2019-09-17 15:17:36,937 [319da950-6258-4a15-a10a-9ff19688a457@group-9AD4355EB7C4-StateMachineUpdater] INFO  impl.StateMachineUpdater (StateMachineUpdater.java:lambda$new$0(83)) - 319da950-6258-4a15-a10a-9ff19688a457@group-9AD4355EB7C4-StateMachineUpdater: snapshotIndex: updateIncreasingly -1 -> 6
2019-09-17 15:17:36,943 [319da950-6258-4a15-a10a-9ff19688a457@group-9AD4355EB7C4-StateMachineUpdater] INFO  ratis.ContainerStateMachine (ContainerStateMachine.java:takeSnapshot(289)) - group-9AD4355EB7C4: Taking a snapshot at:(t:2, i:6) file /workdir/hadoop-ozone/integration-test/target/test-dir/MiniOzoneClusterImpl-346716be-7c53-4c7f-8ad1-9ba23c6a7b4d/datanode-6/data/ratis/855fe8db-a41d-4393-a5b7-9ad4355eb7c4/sm/snapshot.2_6
2019-09-17 15:17:36,950 [319da950-6258-4a15-a10a-9ff19688a457@group-9AD4355EB7C4-StateMachineUpdater] INFO  ratis.ContainerStateMachine (ContainerStateMachine.java:takeSnapshot(300)) - group-9AD4355EB7C4: Finished taking a snapshot at:(t:2, i:6) file:/workdir/hadoop-ozone/integration-test/target/test-dir/MiniOzoneClusterImpl-346716be-7c53-4c7f-8ad1-9ba23c6a7b4d/datanode-6/data/ratis/855fe8db-a41d-4393-a5b7-9ad4355eb7c4/sm/snapshot.2_6 time:6
2019-09-17 15:17:36,950 [319da950-6258-4a15-a10a-9ff19688a457@group-9AD4355EB7C4-StateMachineUpdater] INFO  impl.StateMachineUpdater (StateMachineUpdater.java:takeSnapshot(258)) - 319da950-6258-4a15-a10a-9ff19688a457@group-9AD4355EB7C4-StateMachineUpdater: Took a snapshot at index 6
2019-09-17 15:17:36,950 [319da950-6258-4a15-a10a-9ff19688a457@group-9AD4355EB7C4-StateMachineUpdater] INFO  impl.StateMachineUpdater (StateMachineUpdater.java:lambda$new$0(83)) - 319da950-6258-4a15-a10a-9ff19688a457@group-9AD4355EB7C4-StateMachineUpdater: snapshotIndex: updateIncreasingly 6 -> 6
2019-09-17 15:17:36,951 [grpc-default-executor-6] INFO  impl.RaftServerImpl (ServerState.java:close(385)) - 319da950-6258-4a15-a10a-9ff19688a457@group-9AD4355EB7C4: closes. applyIndex: 10
2019-09-17 15:17:36,968 [319da950-6258-4a15-a10a-9ff19688a457@group-9AD4355EB7C4-SegmentedRaftLogWorker] ERROR ratis.XceiverServerRatis (XceiverServerRatis.java:triggerPipelineClose(575)) - pipeline Action CLOSE  on pipeline PipelineID=855fe8db-a41d-4393-a5b7-9ad4355eb7c4.Reason : WriteLog:12: (t:2, i:12), STATEMACHINELOGENTRY, client-552194EA954E, cid=25-writeStateMachineData interrupted.
2019-09-17 15:17:36,972 [EventQueue-PipelineActionsForPipelineActionHandler] ERROR pipeline.PipelineActionHandler (PipelineActionHandler.java:onMessage(60)) - Received pipeline action CLOSE for Pipeline[ Id: 855fe8db-a41d-4393-a5b7-9ad4355eb7c4, Nodes: 319da950-6258-4a15-a10a-9ff19688a457{ip: 192.168.151.72, host: pr-hdds-2137-trunk-f8w4d-2934045284, networkLocation: /default-rack, certSerialId: null}18c72976-30e0-4eea-a5a6-85bddbc481ac{ip: 192.168.151.72, host: pr-hdds-2137-trunk-f8w4d-2934045284, networkLocation: /default-rack, certSerialId: null}78eb98d0-10ad-403d-ab68-3e803fb8ec72{ip: 192.168.151.72, host: pr-hdds-2137-trunk-f8w4d-2934045284, networkLocation: /default-rack, certSerialId: null}, Type:RATIS, Factor:THREE, State:CLOSED] from datanode 319da950-6258-4a15-a10a-9ff19688a457{ip: 192.168.151.72, host: pr-hdds-2137-trunk-f8w4d-2934045284, networkLocation: /default-rack, certSerialId: null}. Reason : WriteLog:12: (t:2, i:12), STATEMACHINELOGENTRY, client-552194EA954E, cid=25-writeStateMachineData interrupted.
2019-09-17 15:17:36,973 [EventQueue-PipelineActionsForPipelineActionHandler] INFO  pipeline.SCMPipelineManager (SCMPipelineManager.java:finalizeAndDestroyPipeline(311)) - destroying pipeline:Pipeline[ Id: 855fe8db-a41d-4393-a5b7-9ad4355eb7c4, Nodes: 319da950-6258-4a15-a10a-9ff19688a457{ip: 192.168.151.72, host: pr-hdds-2137-trunk-f8w4d-2934045284, networkLocation: /default-rack, certSerialId: null}18c72976-30e0-4eea-a5a6-85bddbc481ac{ip: 192.168.151.72, host: pr-hdds-2137-trunk-f8w4d-2934045284, networkLocation: /default-rack, certSerialId: null}78eb98d0-10ad-403d-ab68-3e803fb8ec72{ip: 192.168.151.72, host: pr-hdds-2137-trunk-f8w4d-2934045284, networkLocation: /default-rack, certSerialId: null}, Type:RATIS, Factor:THREE, State:CLOSED]
2019-09-17 15:17:36,983 [grpc-default-executor-6] INFO  segmented.SegmentedRaftLogWorker (SegmentedRaftLogWorker.java:close(228)) - 319da950-6258-4a15-a10a-9ff19688a457@group-9AD4355EB7C4-SegmentedRaftLogWorker close()
2019-09-17 15:17:36,998 [grpc-default-executor-6] INFO  interfaces.Container (KeyValueContainer.java:flushAndSyncDB(386)) - Container 2 is synced with bcsId 6.
2019-09-17 15:17:36,998 [grpc-default-executor-6] INFO  interfaces.Container (KeyValueContainer.java:flushAndSyncDB(386)) - Container 2 is synced with bcsId 6.
2019-09-17 15:17:37,014 [EventQueue-IncrementalContainerReportForIncrementalContainerReportHandler] INFO  container.IncrementalContainerReportHandler (AbstractContainerReportHandler.java:updateContainerState(169)) - Moving container #2 to QUASI_CLOSED state, datanode 319da950-6258-4a15-a10a-9ff19688a457{ip: 192.168.151.72, host: pr-hdds-2137-trunk-f8w4d-2934045284, networkLocation: /default-rack, certSerialId: null} reported QUASI_CLOSED replica.
2019-09-17 15:17:37,038 [grpc-default-executor-6] INFO  interfaces.Container (KeyValueContainer.java:flushAndSyncDB(386)) - Container 4 is synced with bcsId 0.
2019-09-17 15:17:37,038 [grpc-default-executor-6] INFO  interfaces.Container (KeyValueContainer.java:flushAndSyncDB(386)) - Container 4 is synced with bcsId 0.
2019-09-17 15:17:37,044 [EventQueue-IncrementalContainerReportForIncrementalContainerReportHandler] INFO  container.IncrementalContainerReportHandler (AbstractContainerReportHandler.java:updateContainerState(169)) - Moving container #4 to QUASI_CLOSED state, datanode 319da950-6258-4a15-a10a-9ff19688a457{ip: 192.168.151.72, host: pr-hdds-2137-trunk-f8w4d-2934045284, networkLocation: /default-rack, certSerialId: null} reported QUASI_CLOSED replica.
2019-09-17 15:17:37,052 [grpc-default-executor-6] INFO  impl.RaftServerProxy (RaftServerProxy.java:remove(95)) - 18c72976-30e0-4eea-a5a6-85bddbc481ac: remove  FOLLOWER 18c72976-30e0-4eea-a5a6-85bddbc481ac@group-9AD4355EB7C4:t2, leader=78eb98d0-10ad-403d-ab68-3e803fb8ec72, voted=78eb98d0-10ad-403d-ab68-3e803fb8ec72, raftlog=18c72976-30e0-4eea-a5a6-85bddbc481ac@group-9AD4355EB7C4-SegmentedRaftLog:OPENED:c10,f10,i17, conf=0: [18c72976-30e0-4eea-a5a6-85bddbc481ac:192.168.151.72:46844, 78eb98d0-10ad-403d-ab68-3e803fb8ec72:192.168.151.72:34014, 319da950-6258-4a15-a10a-9ff19688a457:192.168.151.72:45426], old=null RUNNING
2019-09-17 15:17:37,052 [grpc-default-executor-6] INFO  impl.RaftServerImpl (RaftServerImpl.java:lambda$shutdown$3(251)) - 18c72976-30e0-4eea-a5a6-85bddbc481ac@group-9AD4355EB7C4: shutdown
2019-09-17 15:17:37,052 [grpc-default-executor-6] INFO  util.JmxRegister (JmxRegister.java:unregister(73)) - Successfully un-registered JMX Bean with object name Ratis:service=RaftServer,group=group-9AD4355EB7C4,id=18c72976-30e0-4eea-a5a6-85bddbc481ac
2019-09-17 15:17:37,052 [grpc-default-executor-6] INFO  impl.RoleInfo (RoleInfo.java:shutdownFollowerState(121)) - 18c72976-30e0-4eea-a5a6-85bddbc481ac: shutdown FollowerState
2019-09-17 15:17:37,052 [grpc-default-executor-6] INFO  impl.StateMachineUpdater (StateMachineUpdater.java:stopAndJoin(125)) - 18c72976-30e0-4eea-a5a6-85bddbc481ac@group-9AD4355EB7C4-StateMachineUpdater: set stopIndex = 10
2019-09-17 15:17:37,053 [Thread-370] INFO  impl.FollowerState (FollowerState.java:run(115)) - 18c72976-30e0-4eea-a5a6-85bddbc481ac: FollowerState was interrupted: java.lang.InterruptedException: sleep interrupted
2019-09-17 15:17:37,053 [18c72976-30e0-4eea-a5a6-85bddbc481ac@group-9AD4355EB7C4-StateMachineUpdater] INFO  ratis.ContainerStateMachine (ContainerStateMachine.java:takeSnapshot(289)) - group-9AD4355EB7C4: Taking a snapshot at:(t:2, i:6) file /workdir/hadoop-ozone/integration-test/target/test-dir/MiniOzoneClusterImpl-346716be-7c53-4c7f-8ad1-9ba23c6a7b4d/datanode-3/data/ratis/855fe8db-a41d-4393-a5b7-9ad4355eb7c4/sm/snapshot.2_6
2019-09-17 15:17:37,057 [18c72976-30e0-4eea-a5a6-85bddbc481ac@group-9AD4355EB7C4-StateMachineUpdater] INFO  ratis.ContainerStateMachine (ContainerStateMachine.java:takeSnapshot(300)) - group-9AD4355EB7C4: Finished taking a snapshot at:(t:2, i:6) file:/workdir/hadoop-ozone/integration-test/target/test-dir/MiniOzoneClusterImpl-346716be-7c53-4c7f-8ad1-9ba23c6a7b4d/datanode-3/data/ratis/855fe8db-a41d-4393-a5b7-9ad4355eb7c4/sm/snapshot.2_6 time:4
2019-09-17 15:17:37,057 [18c72976-30e0-4eea-a5a6-85bddbc481ac@group-9AD4355EB7C4-StateMachineUpdater] INFO  impl.StateMachineUpdater (StateMachineUpdater.java:takeSnapshot(258)) - 18c72976-30e0-4eea-a5a6-85bddbc481ac@group-9AD4355EB7C4-StateMachineUpdater: Took a snapshot at index 6
2019-09-17 15:17:37,058 [18c72976-30e0-4eea-a5a6-85bddbc481ac@group-9AD4355EB7C4-StateMachineUpdater] INFO  impl.StateMachineUpdater (StateMachineUpdater.java:lambda$new$0(83)) - 18c72976-30e0-4eea-a5a6-85bddbc481ac@group-9AD4355EB7C4-StateMachineUpdater: snapshotIndex: updateIncreasingly -1 -> 6
2019-09-17 15:17:37,058 [18c72976-30e0-4eea-a5a6-85bddbc481ac@group-9AD4355EB7C4-StateMachineUpdater] INFO  ratis.ContainerStateMachine (ContainerStateMachine.java:takeSnapshot(289)) - group-9AD4355EB7C4: Taking a snapshot at:(t:2, i:6) file /workdir/hadoop-ozone/integration-test/target/test-dir/MiniOzoneClusterImpl-346716be-7c53-4c7f-8ad1-9ba23c6a7b4d/datanode-3/data/ratis/855fe8db-a41d-4393-a5b7-9ad4355eb7c4/sm/snapshot.2_6
2019-09-17 15:17:37,061 [18c72976-30e0-4eea-a5a6-85bddbc481ac@group-9AD4355EB7C4-StateMachineUpdater] INFO  ratis.ContainerStateMachine (ContainerStateMachine.java:takeSnapshot(300)) - group-9AD4355EB7C4: Finished taking a snapshot at:(t:2, i:6) file:/workdir/hadoop-ozone/integration-test/target/test-dir/MiniOzoneClusterImpl-346716be-7c53-4c7f-8ad1-9ba23c6a7b4d/datanode-3/data/ratis/855fe8db-a41d-4393-a5b7-9ad4355eb7c4/sm/snapshot.2_6 time:3
2019-09-17 15:17:37,061 [18c72976-30e0-4eea-a5a6-85bddbc481ac@group-9AD4355EB7C4-StateMachineUpdater] INFO  impl.StateMachineUpdater (StateMachineUpdater.java:takeSnapshot(258)) - 18c72976-30e0-4eea-a5a6-85bddbc481ac@group-9AD4355EB7C4-StateMachineUpdater: Took a snapshot at index 6
2019-09-17 15:17:37,061 [18c72976-30e0-4eea-a5a6-85bddbc481ac@group-9AD4355EB7C4-StateMachineUpdater] INFO  impl.StateMachineUpdater (StateMachineUpdater.java:lambda$new$0(83)) - 18c72976-30e0-4eea-a5a6-85bddbc481ac@group-9AD4355EB7C4-StateMachineUpdater: snapshotIndex: updateIncreasingly 6 -> 6
2019-09-17 15:17:37,061 [grpc-default-executor-6] INFO  impl.RaftServerImpl (ServerState.java:close(385)) - 18c72976-30e0-4eea-a5a6-85bddbc481ac@group-9AD4355EB7C4: closes. applyIndex: 10
2019-09-17 15:17:37,062 [18c72976-30e0-4eea-a5a6-85bddbc481ac@group-9AD4355EB7C4-SegmentedRaftLogWorker] ERROR ratis.XceiverServerRatis (XceiverServerRatis.java:triggerPipelineClose(575)) - pipeline Action CLOSE  on pipeline PipelineID=855fe8db-a41d-4393-a5b7-9ad4355eb7c4.Reason : WriteLog:12: (t:2, i:12), STATEMACHINELOGENTRY, client-552194EA954E, cid=25-writeStateMachineData interrupted.
2019-09-17 15:17:37,065 [EventQueue-PipelineActionsForPipelineActionHandler] ERROR pipeline.PipelineActionHandler (PipelineActionHandler.java:onMessage(60)) - Received pipeline action CLOSE for Pipeline[ Id: 855fe8db-a41d-4393-a5b7-9ad4355eb7c4, Nodes: 319da950-6258-4a15-a10a-9ff19688a457{ip: 192.168.151.72, host: pr-hdds-2137-trunk-f8w4d-2934045284, networkLocation: /default-rack, certSerialId: null}18c72976-30e0-4eea-a5a6-85bddbc481ac{ip: 192.168.151.72, host: pr-hdds-2137-trunk-f8w4d-2934045284, networkLocation: /default-rack, certSerialId: null}78eb98d0-10ad-403d-ab68-3e803fb8ec72{ip: 192.168.151.72, host: pr-hdds-2137-trunk-f8w4d-2934045284, networkLocation: /default-rack, certSerialId: null}, Type:RATIS, Factor:THREE, State:CLOSED] from datanode 18c72976-30e0-4eea-a5a6-85bddbc481ac{ip: 192.168.151.72, host: pr-hdds-2137-trunk-f8w4d-2934045284, networkLocation: /default-rack, certSerialId: null}. Reason : WriteLog:12: (t:2, i:12), STATEMACHINELOGENTRY, client-552194EA954E, cid=25-writeStateMachineData interrupted.
2019-09-17 15:17:37,066 [EventQueue-PipelineActionsForPipelineActionHandler] INFO  pipeline.SCMPipelineManager (SCMPipelineManager.java:finalizeAndDestroyPipeline(311)) - destroying pipeline:Pipeline[ Id: 855fe8db-a41d-4393-a5b7-9ad4355eb7c4, Nodes: 319da950-6258-4a15-a10a-9ff19688a457{ip: 192.168.151.72, host: pr-hdds-2137-trunk-f8w4d-2934045284, networkLocation: /default-rack, certSerialId: null}18c72976-30e0-4eea-a5a6-85bddbc481ac{ip: 192.168.151.72, host: pr-hdds-2137-trunk-f8w4d-2934045284, networkLocation: /default-rack, certSerialId: null}78eb98d0-10ad-403d-ab68-3e803fb8ec72{ip: 192.168.151.72, host: pr-hdds-2137-trunk-f8w4d-2934045284, networkLocation: /default-rack, certSerialId: null}, Type:RATIS, Factor:THREE, State:CLOSED]
2019-09-17 15:17:37,066 [grpc-default-executor-6] INFO  segmented.SegmentedRaftLogWorker (SegmentedRaftLogWorker.java:close(228)) - 18c72976-30e0-4eea-a5a6-85bddbc481ac@group-9AD4355EB7C4-SegmentedRaftLogWorker close()
2019-09-17 15:17:37,072 [grpc-default-executor-6] INFO  interfaces.Container (KeyValueContainer.java:flushAndSyncDB(386)) - Container 2 is synced with bcsId 6.
2019-09-17 15:17:37,073 [grpc-default-executor-6] INFO  interfaces.Container (KeyValueContainer.java:flushAndSyncDB(386)) - Container 2 is synced with bcsId 6.
2019-09-17 15:17:37,103 [grpc-default-executor-6] INFO  interfaces.Container (KeyValueContainer.java:flushAndSyncDB(386)) - Container 4 is synced with bcsId 0.
2019-09-17 15:17:37,103 [grpc-default-executor-6] INFO  interfaces.Container (KeyValueContainer.java:flushAndSyncDB(386)) - Container 4 is synced with bcsId 0.
2019-09-17 15:17:37,119 [grpc-default-executor-6] INFO  impl.RaftServerProxy (RaftServerProxy.java:remove(95)) - 78eb98d0-10ad-403d-ab68-3e803fb8ec72: remove    LEADER 78eb98d0-10ad-403d-ab68-3e803fb8ec72@group-9AD4355EB7C4:t2, leader=78eb98d0-10ad-403d-ab68-3e803fb8ec72, voted=78eb98d0-10ad-403d-ab68-3e803fb8ec72, raftlog=78eb98d0-10ad-403d-ab68-3e803fb8ec72@group-9AD4355EB7C4-SegmentedRaftLog:OPENED:c10,f10,i17, conf=0: [18c72976-30e0-4eea-a5a6-85bddbc481ac:192.168.151.72:46844, 78eb98d0-10ad-403d-ab68-3e803fb8ec72:192.168.151.72:34014, 319da950-6258-4a15-a10a-9ff19688a457:192.168.151.72:45426], old=null RUNNING
2019-09-17 15:17:37,119 [grpc-default-executor-6] INFO  impl.RaftServerImpl (RaftServerImpl.java:lambda$shutdown$3(251)) - 78eb98d0-10ad-403d-ab68-3e803fb8ec72@group-9AD4355EB7C4: shutdown
2019-09-17 15:17:37,120 [grpc-default-executor-6] INFO  util.JmxRegister (JmxRegister.java:unregister(73)) - Successfully un-registered JMX Bean with object name Ratis:service=RaftServer,group=group-9AD4355EB7C4,id=78eb98d0-10ad-403d-ab68-3e803fb8ec72
2019-09-17 15:17:37,120 [grpc-default-executor-6] INFO  impl.RoleInfo (RoleInfo.java:shutdownLeaderState(104)) - 78eb98d0-10ad-403d-ab68-3e803fb8ec72: shutdown LeaderState
2019-09-17 15:17:37,125 [grpc-default-executor-6] INFO  impl.PendingRequests (PendingRequests.java:sendNotLeaderResponses(202)) - 78eb98d0-10ad-403d-ab68-3e803fb8ec72-PendingRequests: sendNotLeaderResponses
2019-09-17 15:17:37,125 [org.apache.ratis.server.impl.LogAppender$AppenderDaemon$$Lambda$498/908641698@7ead5bdf] WARN  server.GrpcLogAppender (GrpcLogAppender.java:mayWait(143)) - 78eb98d0-10ad-403d-ab68-3e803fb8ec72@group-9AD4355EB7C4->18c72976-30e0-4eea-a5a6-85bddbc481ac-GrpcLogAppender: Wait interrupted by java.lang.InterruptedException
2019-09-17 15:17:37,125 [org.apache.ratis.server.impl.LogAppender$AppenderDaemon$$Lambda$498/908641698@723b07ed] WARN  server.GrpcLogAppender (GrpcLogAppender.java:mayWait(143)) - 78eb98d0-10ad-403d-ab68-3e803fb8ec72@group-9AD4355EB7C4->319da950-6258-4a15-a10a-9ff19688a457-GrpcLogAppender: Wait interrupted by java.lang.InterruptedException
2019-09-17 15:17:37,128 [grpc-default-executor-4] INFO  server.GrpcServerProtocolService (GrpcServerProtocolService.java:onCompleted(113)) - 319da950-6258-4a15-a10a-9ff19688a457: Completed APPEND_ENTRIES, lastRequest: 78eb98d0-10ad-403d-ab68-3e803fb8ec72->319da950-6258-4a15-a10a-9ff19688a457#91-t2, previous=(t:2, i:17), leaderCommit=10, initializing? false, entries: <empty>
2019-09-17 15:17:37,128 [grpc-default-executor-0] INFO  server.GrpcServerProtocolService (GrpcServerProtocolService.java:onCompleted(113)) - 18c72976-30e0-4eea-a5a6-85bddbc481ac: Completed APPEND_ENTRIES, lastRequest: 78eb98d0-10ad-403d-ab68-3e803fb8ec72->18c72976-30e0-4eea-a5a6-85bddbc481ac#91-t2, previous=(t:2, i:17), leaderCommit=10, initializing? false, entries: <empty>
2019-09-17 15:17:37,131 [grpc-default-executor-4] INFO  server.GrpcLogAppender (GrpcLogAppender.java:onCompleted(293)) - 78eb98d0-10ad-403d-ab68-3e803fb8ec72@group-9AD4355EB7C4->319da950-6258-4a15-a10a-9ff19688a457-AppendLogResponseHandler: follower responses appendEntries COMPLETED
2019-09-17 15:17:37,131 [grpc-default-executor-0] INFO  server.GrpcLogAppender (GrpcLogAppender.java:onCompleted(293)) - 78eb98d0-10ad-403d-ab68-3e803fb8ec72@group-9AD4355EB7C4->18c72976-30e0-4eea-a5a6-85bddbc481ac-AppendLogResponseHandler: follower responses appendEntries COMPLETED
2019-09-17 15:17:37,137 [78eb98d0-10ad-403d-ab68-3e803fb8ec72@group-9AD4355EB7C4-StateMachineUpdater] INFO  ratis.ContainerStateMachine (ContainerStateMachine.java:takeSnapshot(289)) - group-9AD4355EB7C4: Taking a snapshot at:(t:2, i:10) file /workdir/hadoop-ozone/integration-test/target/test-dir/MiniOzoneClusterImpl-346716be-7c53-4c7f-8ad1-9ba23c6a7b4d/datanode-2/data/ratis/855fe8db-a41d-4393-a5b7-9ad4355eb7c4/sm/snapshot.2_10
2019-09-17 15:17:37,137 [grpc-default-executor-6] INFO  impl.StateMachineUpdater (StateMachineUpdater.java:stopAndJoin(125)) - 78eb98d0-10ad-403d-ab68-3e803fb8ec72@group-9AD4355EB7C4-StateMachineUpdater: set stopIndex = 10
2019-09-17 15:17:37,138 [Command processor thread] ERROR commandhandler.CloseContainerCommandHandler (CloseContainerCommandHandler.java:handle(125)) - Can't close container #4
java.io.IOException: org.apache.ratis.protocol.GroupMismatchException: 78eb98d0-10ad-403d-ab68-3e803fb8ec72: group-9AD4355EB7C4 not found.
	at org.apache.hadoop.ozone.container.common.transport.server.ratis.XceiverServerRatis.submitRequest(XceiverServerRatis.java:502)
	at org.apache.hadoop.ozone.container.common.statemachine.commandhandler.CloseContainerCommandHandler.handle(CloseContainerCommandHandler.java:102)
	at org.apache.hadoop.ozone.container.common.statemachine.commandhandler.CommandDispatcher.handle(CommandDispatcher.java:99)
	at org.apache.hadoop.ozone.container.common.statemachine.DatanodeStateMachine.lambda$initCommandHandlerThread$1(DatanodeStateMachine.java:432)
	at java.lang.Thread.run(Thread.java:748)
Caused by: java.util.concurrent.ExecutionException: org.apache.ratis.protocol.GroupMismatchException: 78eb98d0-10ad-403d-ab68-3e803fb8ec72: group-9AD4355EB7C4 not found.
	at java.util.concurrent.CompletableFuture.reportGet(CompletableFuture.java:357)
	at java.util.concurrent.CompletableFuture.get(CompletableFuture.java:1895)
	at org.apache.hadoop.ozone.container.common.transport.server.ratis.XceiverServerRatis.submitRequest(XceiverServerRatis.java:500)
	... 4 more
Caused by: org.apache.ratis.protocol.GroupMismatchException: 78eb98d0-10ad-403d-ab68-3e803fb8ec72: group-9AD4355EB7C4 not found.
	at org.apache.ratis.server.impl.RaftServerProxy$ImplMap.get(RaftServerProxy.java:122)
	at org.apache.ratis.server.impl.RaftServerProxy.getImplFuture(RaftServerProxy.java:269)
	at org.apache.ratis.server.impl.RaftServerProxy.submitRequest(RaftServerProxy.java:327)
	at org.apache.ratis.server.impl.RaftServerProxy.submitClientRequestAsync(RaftServerProxy.java:333)
	... 5 more
2019-09-17 15:17:37,139 [grpc-default-executor-4] INFO  impl.FollowerInfo (FollowerInfo.java:lambda$new$0(51)) - 78eb98d0-10ad-403d-ab68-3e803fb8ec72@group-9AD4355EB7C4->319da950-6258-4a15-a10a-9ff19688a457: nextIndex: updateUnconditionally 18 -> 11
2019-09-17 15:17:37,139 [grpc-default-executor-0] INFO  impl.FollowerInfo (FollowerInfo.java:lambda$new$0(51)) - 78eb98d0-10ad-403d-ab68-3e803fb8ec72@group-9AD4355EB7C4->18c72976-30e0-4eea-a5a6-85bddbc481ac: nextIndex: updateUnconditionally 18 -> 11
2019-09-17 15:17:37,150 [78eb98d0-10ad-403d-ab68-3e803fb8ec72@group-9AD4355EB7C4-StateMachineUpdater] INFO  ratis.ContainerStateMachine (ContainerStateMachine.java:takeSnapshot(300)) - group-9AD4355EB7C4: Finished taking a snapshot at:(t:2, i:10) file:/workdir/hadoop-ozone/integration-test/target/test-dir/MiniOzoneClusterImpl-346716be-7c53-4c7f-8ad1-9ba23c6a7b4d/datanode-2/data/ratis/855fe8db-a41d-4393-a5b7-9ad4355eb7c4/sm/snapshot.2_10 time:13
2019-09-17 15:17:37,150 [78eb98d0-10ad-403d-ab68-3e803fb8ec72@group-9AD4355EB7C4-StateMachineUpdater] INFO  impl.StateMachineUpdater (StateMachineUpdater.java:takeSnapshot(258)) - 78eb98d0-10ad-403d-ab68-3e803fb8ec72@group-9AD4355EB7C4-StateMachineUpdater: Took a snapshot at index 10
2019-09-17 15:17:37,150 [78eb98d0-10ad-403d-ab68-3e803fb8ec72@group-9AD4355EB7C4-StateMachineUpdater] INFO  impl.StateMachineUpdater (StateMachineUpdater.java:lambda$new$0(83)) - 78eb98d0-10ad-403d-ab68-3e803fb8ec72@group-9AD4355EB7C4-StateMachineUpdater: snapshotIndex: updateIncreasingly -1 -> 10
2019-09-17 15:17:37,150 [grpc-default-executor-6] INFO  impl.RaftServerImpl (ServerState.java:close(385)) - 78eb98d0-10ad-403d-ab68-3e803fb8ec72@group-9AD4355EB7C4: closes. applyIndex: 10
2019-09-17 15:17:37,151 [78eb98d0-10ad-403d-ab68-3e803fb8ec72@group-9AD4355EB7C4-SegmentedRaftLogWorker] ERROR ratis.XceiverServerRatis (XceiverServerRatis.java:triggerPipelineClose(575)) - pipeline Action CLOSE  on pipeline PipelineID=855fe8db-a41d-4393-a5b7-9ad4355eb7c4.Reason : WriteLog:12: (t:2, i:12), STATEMACHINELOGENTRY, client-552194EA954E, cid=25-writeStateMachineData interrupted.
2019-09-17 15:17:37,153 [EventQueue-PipelineActionsForPipelineActionHandler] ERROR pipeline.PipelineActionHandler (PipelineActionHandler.java:onMessage(60)) - Received pipeline action CLOSE for Pipeline[ Id: 855fe8db-a41d-4393-a5b7-9ad4355eb7c4, Nodes: 319da950-6258-4a15-a10a-9ff19688a457{ip: 192.168.151.72, host: pr-hdds-2137-trunk-f8w4d-2934045284, networkLocation: /default-rack, certSerialId: null}18c72976-30e0-4eea-a5a6-85bddbc481ac{ip: 192.168.151.72, host: pr-hdds-2137-trunk-f8w4d-2934045284, networkLocation: /default-rack, certSerialId: null}78eb98d0-10ad-403d-ab68-3e803fb8ec72{ip: 192.168.151.72, host: pr-hdds-2137-trunk-f8w4d-2934045284, networkLocation: /default-rack, certSerialId: null}, Type:RATIS, Factor:THREE, State:CLOSED] from datanode 78eb98d0-10ad-403d-ab68-3e803fb8ec72{ip: 192.168.151.72, host: pr-hdds-2137-trunk-f8w4d-2934045284, networkLocation: /default-rack, certSerialId: null}. Reason : WriteLog:12: (t:2, i:12), STATEMACHINELOGENTRY, client-552194EA954E, cid=25-writeStateMachineData interrupted.
2019-09-17 15:17:37,153 [EventQueue-PipelineActionsForPipelineActionHandler] INFO  pipeline.SCMPipelineManager (SCMPipelineManager.java:finalizeAndDestroyPipeline(311)) - destroying pipeline:Pipeline[ Id: 855fe8db-a41d-4393-a5b7-9ad4355eb7c4, Nodes: 319da950-6258-4a15-a10a-9ff19688a457{ip: 192.168.151.72, host: pr-hdds-2137-trunk-f8w4d-2934045284, networkLocation: /default-rack, certSerialId: null}18c72976-30e0-4eea-a5a6-85bddbc481ac{ip: 192.168.151.72, host: pr-hdds-2137-trunk-f8w4d-2934045284, networkLocation: /default-rack, certSerialId: null}78eb98d0-10ad-403d-ab68-3e803fb8ec72{ip: 192.168.151.72, host: pr-hdds-2137-trunk-f8w4d-2934045284, networkLocation: /default-rack, certSerialId: null}, Type:RATIS, Factor:THREE, State:CLOSED]
2019-09-17 15:17:37,154 [grpc-default-executor-6] INFO  segmented.SegmentedRaftLogWorker (SegmentedRaftLogWorker.java:close(228)) - 78eb98d0-10ad-403d-ab68-3e803fb8ec72@group-9AD4355EB7C4-SegmentedRaftLogWorker close()
2019-09-17 15:17:37,172 [grpc-default-executor-6] INFO  interfaces.Container (KeyValueContainer.java:flushAndSyncDB(386)) - Container 2 is synced with bcsId 6.
2019-09-17 15:17:37,173 [grpc-default-executor-6] INFO  interfaces.Container (KeyValueContainer.java:flushAndSyncDB(386)) - Container 2 is synced with bcsId 6.
2019-09-17 15:17:37,253 [grpc-default-executor-6] INFO  interfaces.Container (KeyValueContainer.java:flushAndSyncDB(386)) - Container 4 is synced with bcsId 0.
2019-09-17 15:17:37,253 [grpc-default-executor-6] INFO  interfaces.Container (KeyValueContainer.java:flushAndSyncDB(386)) - Container 4 is synced with bcsId 0.
2019-09-17 15:17:37,271 [RatisPipelineUtilsThread] INFO  pipeline.PipelineStateManager (PipelineStateManager.java:removePipeline(108)) - Pipeline Pipeline[ Id: 855fe8db-a41d-4393-a5b7-9ad4355eb7c4, Nodes: 319da950-6258-4a15-a10a-9ff19688a457{ip: 192.168.151.72, host: pr-hdds-2137-trunk-f8w4d-2934045284, networkLocation: /default-rack, certSerialId: null}18c72976-30e0-4eea-a5a6-85bddbc481ac{ip: 192.168.151.72, host: pr-hdds-2137-trunk-f8w4d-2934045284, networkLocation: /default-rack, certSerialId: null}78eb98d0-10ad-403d-ab68-3e803fb8ec72{ip: 192.168.151.72, host: pr-hdds-2137-trunk-f8w4d-2934045284, networkLocation: /default-rack, certSerialId: null}, Type:RATIS, Factor:THREE, State:CLOSED] removed from db
2019-09-17 15:17:37,296 [grpc-default-executor-6] INFO  impl.RaftServerProxy (RaftServerProxy.java:addNew(89)) - 18c72976-30e0-4eea-a5a6-85bddbc481ac: addNew group-DD12D3BA22F1:[18c72976-30e0-4eea-a5a6-85bddbc481ac:192.168.151.72:46844, 78eb98d0-10ad-403d-ab68-3e803fb8ec72:192.168.151.72:34014, 319da950-6258-4a15-a10a-9ff19688a457:192.168.151.72:45426] returns group-DD12D3BA22F1:java.util.concurrent.CompletableFuture@d2c0cec[Not completed]
2019-09-17 15:17:37,298 [grpc-default-executor-4] INFO  impl.RaftServerProxy (RaftServerProxy.java:addNew(89)) - 78eb98d0-10ad-403d-ab68-3e803fb8ec72: addNew group-DD12D3BA22F1:[18c72976-30e0-4eea-a5a6-85bddbc481ac:192.168.151.72:46844, 78eb98d0-10ad-403d-ab68-3e803fb8ec72:192.168.151.72:34014, 319da950-6258-4a15-a10a-9ff19688a457:192.168.151.72:45426] returns group-DD12D3BA22F1:java.util.concurrent.CompletableFuture@1b92c7ae[Not completed]
2019-09-17 15:17:37,301 [grpc-default-executor-4] INFO  impl.RaftServerProxy (RaftServerProxy.java:addNew(89)) - 319da950-6258-4a15-a10a-9ff19688a457: addNew group-DD12D3BA22F1:[18c72976-30e0-4eea-a5a6-85bddbc481ac:192.168.151.72:46844, 78eb98d0-10ad-403d-ab68-3e803fb8ec72:192.168.151.72:34014, 319da950-6258-4a15-a10a-9ff19688a457:192.168.151.72:45426] returns group-DD12D3BA22F1:java.util.concurrent.CompletableFuture@7effbbac[Not completed]
2019-09-17 15:17:37,304 [pool-47-thread-1] INFO  impl.RaftServerImpl (RaftServerImpl.java:<init>(95)) - 78eb98d0-10ad-403d-ab68-3e803fb8ec72: new RaftServerImpl for group-DD12D3BA22F1:[18c72976-30e0-4eea-a5a6-85bddbc481ac:192.168.151.72:46844, 78eb98d0-10ad-403d-ab68-3e803fb8ec72:192.168.151.72:34014, 319da950-6258-4a15-a10a-9ff19688a457:192.168.151.72:45426] with ContainerStateMachine:uninitialized
2019-09-17 15:17:37,305 [pool-47-thread-1] INFO  server.RaftServerConfigKeys (ConfUtils.java:logGet(43)) - raft.server.rpc.timeout.min = 5s (custom)
2019-09-17 15:17:37,305 [pool-47-thread-1] INFO  server.RaftServerConfigKeys (ConfUtils.java:logGet(43)) - raft.server.rpc.timeout.max = 5200ms (custom)
2019-09-17 15:17:37,305 [pool-47-thread-1] INFO  server.RaftServerConfigKeys (ConfUtils.java:logGet(43)) - raft.server.rpcslowness.timeout = 120s (custom)
2019-09-17 15:17:37,305 [pool-47-thread-1] INFO  server.RaftServerConfigKeys (ConfUtils.java:logGet(43)) - raft.server.sleep.deviation.threshold = 300 (default)
2019-09-17 15:17:37,305 [pool-47-thread-1] INFO  server.RaftServerConfigKeys (ConfUtils.java:logGet(43)) - raft.server.log.appender.install.snapshot.enabled = false (custom)
2019-09-17 15:17:37,305 [pool-87-thread-1] INFO  impl.RaftServerImpl (RaftServerImpl.java:<init>(95)) - 319da950-6258-4a15-a10a-9ff19688a457: new RaftServerImpl for group-DD12D3BA22F1:[18c72976-30e0-4eea-a5a6-85bddbc481ac:192.168.151.72:46844, 78eb98d0-10ad-403d-ab68-3e803fb8ec72:192.168.151.72:34014, 319da950-6258-4a15-a10a-9ff19688a457:192.168.151.72:45426] with ContainerStateMachine:uninitialized
2019-09-17 15:17:37,306 [pool-47-thread-1] INFO  impl.RaftServerImpl (ServerState.java:<init>(103)) - 78eb98d0-10ad-403d-ab68-3e803fb8ec72@group-DD12D3BA22F1: ConfigurationManager, init=-1: [18c72976-30e0-4eea-a5a6-85bddbc481ac:192.168.151.72:46844, 78eb98d0-10ad-403d-ab68-3e803fb8ec72:192.168.151.72:34014, 319da950-6258-4a15-a10a-9ff19688a457:192.168.151.72:45426], old=null, confs=<EMPTY_MAP>
2019-09-17 15:17:37,306 [pool-87-thread-1] INFO  server.RaftServerConfigKeys (ConfUtils.java:logGet(43)) - raft.server.rpc.timeout.min = 5s (custom)
2019-09-17 15:17:37,306 [pool-87-thread-1] INFO  server.RaftServerConfigKeys (ConfUtils.java:logGet(43)) - raft.server.rpc.timeout.max = 5200ms (custom)
2019-09-17 15:17:37,306 [pool-87-thread-1] INFO  server.RaftServerConfigKeys (ConfUtils.java:logGet(43)) - raft.server.rpcslowness.timeout = 120s (custom)
2019-09-17 15:17:37,306 [pool-87-thread-1] INFO  server.RaftServerConfigKeys (ConfUtils.java:logGet(43)) - raft.server.sleep.deviation.threshold = 300 (default)
2019-09-17 15:17:37,306 [pool-47-thread-1] INFO  server.RaftServerConfigKeys (ConfUtils.java:logGet(43)) - raft.server.storage.dir = [/workdir/hadoop-ozone/integration-test/target/test-dir/MiniOzoneClusterImpl-346716be-7c53-4c7f-8ad1-9ba23c6a7b4d/datanode-2/data/ratis] (custom)
2019-09-17 15:17:37,306 [pool-87-thread-1] INFO  server.RaftServerConfigKeys (ConfUtils.java:logGet(43)) - raft.server.log.appender.install.snapshot.enabled = false (custom)
2019-09-17 15:17:37,307 [pool-87-thread-1] INFO  impl.RaftServerImpl (ServerState.java:<init>(103)) - 319da950-6258-4a15-a10a-9ff19688a457@group-DD12D3BA22F1: ConfigurationManager, init=-1: [18c72976-30e0-4eea-a5a6-85bddbc481ac:192.168.151.72:46844, 78eb98d0-10ad-403d-ab68-3e803fb8ec72:192.168.151.72:34014, 319da950-6258-4a15-a10a-9ff19688a457:192.168.151.72:45426], old=null, confs=<EMPTY_MAP>
2019-09-17 15:17:37,307 [pool-57-thread-1] INFO  impl.RaftServerImpl (RaftServerImpl.java:<init>(95)) - 18c72976-30e0-4eea-a5a6-85bddbc481ac: new RaftServerImpl for group-DD12D3BA22F1:[18c72976-30e0-4eea-a5a6-85bddbc481ac:192.168.151.72:46844, 78eb98d0-10ad-403d-ab68-3e803fb8ec72:192.168.151.72:34014, 319da950-6258-4a15-a10a-9ff19688a457:192.168.151.72:45426] with ContainerStateMachine:uninitialized
2019-09-17 15:17:37,307 [pool-87-thread-1] INFO  server.RaftServerConfigKeys (ConfUtils.java:logGet(43)) - raft.server.storage.dir = [/workdir/hadoop-ozone/integration-test/target/test-dir/MiniOzoneClusterImpl-346716be-7c53-4c7f-8ad1-9ba23c6a7b4d/datanode-6/data/ratis] (custom)
2019-09-17 15:17:37,307 [pool-47-thread-1] INFO  storage.RaftStorageDirectory (RaftStorageDirectory.java:analyzeStorage(246)) - The storage directory /workdir/hadoop-ozone/integration-test/target/test-dir/MiniOzoneClusterImpl-346716be-7c53-4c7f-8ad1-9ba23c6a7b4d/datanode-2/data/ratis/5b0ab5b7-fd4e-417a-8ec4-dd12d3ba22f1 does not exist. Creating ...
2019-09-17 15:17:37,307 [pool-57-thread-1] INFO  server.RaftServerConfigKeys (ConfUtils.java:logGet(43)) - raft.server.rpc.timeout.min = 5s (custom)
2019-09-17 15:17:37,308 [pool-87-thread-1] INFO  storage.RaftStorageDirectory (RaftStorageDirectory.java:analyzeStorage(246)) - The storage directory /workdir/hadoop-ozone/integration-test/target/test-dir/MiniOzoneClusterImpl-346716be-7c53-4c7f-8ad1-9ba23c6a7b4d/datanode-6/data/ratis/5b0ab5b7-fd4e-417a-8ec4-dd12d3ba22f1 does not exist. Creating ...
2019-09-17 15:17:37,308 [pool-57-thread-1] INFO  server.RaftServerConfigKeys (ConfUtils.java:logGet(43)) - raft.server.rpc.timeout.max = 5200ms (custom)
2019-09-17 15:17:37,308 [pool-57-thread-1] INFO  server.RaftServerConfigKeys (ConfUtils.java:logGet(43)) - raft.server.rpcslowness.timeout = 120s (custom)
2019-09-17 15:17:37,308 [pool-57-thread-1] INFO  server.RaftServerConfigKeys (ConfUtils.java:logGet(43)) - raft.server.sleep.deviation.threshold = 300 (default)
2019-09-17 15:17:37,308 [pool-57-thread-1] INFO  server.RaftServerConfigKeys (ConfUtils.java:logGet(43)) - raft.server.log.appender.install.snapshot.enabled = false (custom)
2019-09-17 15:17:37,308 [pool-57-thread-1] INFO  impl.RaftServerImpl (ServerState.java:<init>(103)) - 18c72976-30e0-4eea-a5a6-85bddbc481ac@group-DD12D3BA22F1: ConfigurationManager, init=-1: [18c72976-30e0-4eea-a5a6-85bddbc481ac:192.168.151.72:46844, 78eb98d0-10ad-403d-ab68-3e803fb8ec72:192.168.151.72:34014, 319da950-6258-4a15-a10a-9ff19688a457:192.168.151.72:45426], old=null, confs=<EMPTY_MAP>
2019-09-17 15:17:37,309 [pool-57-thread-1] INFO  server.RaftServerConfigKeys (ConfUtils.java:logGet(43)) - raft.server.storage.dir = [/workdir/hadoop-ozone/integration-test/target/test-dir/MiniOzoneClusterImpl-346716be-7c53-4c7f-8ad1-9ba23c6a7b4d/datanode-3/data/ratis] (custom)
2019-09-17 15:17:37,309 [pool-57-thread-1] INFO  storage.RaftStorageDirectory (RaftStorageDirectory.java:analyzeStorage(246)) - The storage directory /workdir/hadoop-ozone/integration-test/target/test-dir/MiniOzoneClusterImpl-346716be-7c53-4c7f-8ad1-9ba23c6a7b4d/datanode-3/data/ratis/5b0ab5b7-fd4e-417a-8ec4-dd12d3ba22f1 does not exist. Creating ...
2019-09-17 15:17:37,321 [pool-47-thread-1] INFO  storage.RaftStorageDirectory (RaftStorageDirectory.java:tryLock(328)) - Lock on /workdir/hadoop-ozone/integration-test/target/test-dir/MiniOzoneClusterImpl-346716be-7c53-4c7f-8ad1-9ba23c6a7b4d/datanode-2/data/ratis/5b0ab5b7-fd4e-417a-8ec4-dd12d3ba22f1/in_use.lock acquired by nodename 30307@pr-hdds-2137-trunk-f8w4d-2934045284
2019-09-17 15:17:37,321 [pool-87-thread-1] INFO  storage.RaftStorageDirectory (RaftStorageDirectory.java:tryLock(328)) - Lock on /workdir/hadoop-ozone/integration-test/target/test-dir/MiniOzoneClusterImpl-346716be-7c53-4c7f-8ad1-9ba23c6a7b4d/datanode-6/data/ratis/5b0ab5b7-fd4e-417a-8ec4-dd12d3ba22f1/in_use.lock acquired by nodename 30307@pr-hdds-2137-trunk-f8w4d-2934045284
2019-09-17 15:17:37,321 [pool-57-thread-1] INFO  storage.RaftStorageDirectory (RaftStorageDirectory.java:tryLock(328)) - Lock on /workdir/hadoop-ozone/integration-test/target/test-dir/MiniOzoneClusterImpl-346716be-7c53-4c7f-8ad1-9ba23c6a7b4d/datanode-3/data/ratis/5b0ab5b7-fd4e-417a-8ec4-dd12d3ba22f1/in_use.lock acquired by nodename 30307@pr-hdds-2137-trunk-f8w4d-2934045284
2019-09-17 15:17:37,335 [pool-87-thread-1] INFO  storage.RaftStorage (RaftStorage.java:format(72)) - Storage directory /workdir/hadoop-ozone/integration-test/target/test-dir/MiniOzoneClusterImpl-346716be-7c53-4c7f-8ad1-9ba23c6a7b4d/datanode-6/data/ratis/5b0ab5b7-fd4e-417a-8ec4-dd12d3ba22f1 has been successfully formatted.
2019-09-17 15:17:37,335 [pool-47-thread-1] INFO  storage.RaftStorage (RaftStorage.java:format(72)) - Storage directory /workdir/hadoop-ozone/integration-test/target/test-dir/MiniOzoneClusterImpl-346716be-7c53-4c7f-8ad1-9ba23c6a7b4d/datanode-2/data/ratis/5b0ab5b7-fd4e-417a-8ec4-dd12d3ba22f1 has been successfully formatted.
2019-09-17 15:17:37,335 [pool-57-thread-1] INFO  storage.RaftStorage (RaftStorage.java:format(72)) - Storage directory /workdir/hadoop-ozone/integration-test/target/test-dir/MiniOzoneClusterImpl-346716be-7c53-4c7f-8ad1-9ba23c6a7b4d/datanode-3/data/ratis/5b0ab5b7-fd4e-417a-8ec4-dd12d3ba22f1 has been successfully formatted.
2019-09-17 15:17:37,336 [pool-47-thread-1] INFO  ratis.ContainerStateMachine (ContainerStateMachine.java:loadSnapshot(230)) - group-DD12D3BA22F1: The snapshot info is null. Setting the last applied indexto:(t:0, i:~)
2019-09-17 15:17:37,336 [pool-87-thread-1] INFO  ratis.ContainerStateMachine (ContainerStateMachine.java:loadSnapshot(230)) - group-DD12D3BA22F1: The snapshot info is null. Setting the last applied indexto:(t:0, i:~)
2019-09-17 15:17:37,336 [pool-47-thread-1] INFO  server.RaftServerConfigKeys (ConfUtils.java:logGet(43)) - raft.server.notification.no-leader.timeout = 120s (custom)
2019-09-17 15:17:37,336 [pool-57-thread-1] INFO  ratis.ContainerStateMachine (ContainerStateMachine.java:loadSnapshot(230)) - group-DD12D3BA22F1: The snapshot info is null. Setting the last applied indexto:(t:0, i:~)
2019-09-17 15:17:37,336 [pool-47-thread-1] INFO  server.RaftServerConfigKeys (ConfUtils.java:logGet(43)) - raft.server.log.use.memory = false (default)
2019-09-17 15:17:37,336 [pool-87-thread-1] INFO  server.RaftServerConfigKeys (ConfUtils.java:logGet(43)) - raft.server.notification.no-leader.timeout = 120s (custom)
2019-09-17 15:17:37,337 [pool-47-thread-1] INFO  server.RaftServerConfigKeys (ConfUtils.java:logGet(43)) - raft.server.log.purge.gap = 1000000 (custom)
2019-09-17 15:17:37,337 [pool-57-thread-1] INFO  server.RaftServerConfigKeys (ConfUtils.java:logGet(43)) - raft.server.notification.no-leader.timeout = 120s (custom)
2019-09-17 15:17:37,337 [pool-47-thread-1] INFO  server.RaftServerConfigKeys (ConfUtils.java:logGet(43)) - raft.server.log.appender.buffer.byte-limit = 33554432 (custom)
2019-09-17 15:17:37,337 [pool-87-thread-1] INFO  server.RaftServerConfigKeys (ConfUtils.java:logGet(43)) - raft.server.log.use.memory = false (default)
2019-09-17 15:17:37,337 [pool-47-thread-1] INFO  server.RaftServerConfigKeys (ConfUtils.java:logGet(43)) - raft.server.log.segment.size.max = 1048576 (custom)
2019-09-17 15:17:37,337 [pool-57-thread-1] INFO  server.RaftServerConfigKeys (ConfUtils.java:logGet(43)) - raft.server.log.use.memory = false (default)
2019-09-17 15:17:37,338 [pool-47-thread-1] INFO  server.RaftServerConfigKeys (ConfUtils.java:logGet(43)) - raft.server.log.segment.cache.num.max = 2 (custom)
2019-09-17 15:17:37,338 [pool-87-thread-1] INFO  server.RaftServerConfigKeys (ConfUtils.java:logGet(43)) - raft.server.log.purge.gap = 1000000 (custom)
2019-09-17 15:17:37,338 [pool-47-thread-1] INFO  segmented.SegmentedRaftLogWorker (SegmentedRaftLogWorker.java:<init>(172)) - new 78eb98d0-10ad-403d-ab68-3e803fb8ec72@group-DD12D3BA22F1-SegmentedRaftLogWorker for RaftStorage:Storage Directory /workdir/hadoop-ozone/integration-test/target/test-dir/MiniOzoneClusterImpl-346716be-7c53-4c7f-8ad1-9ba23c6a7b4d/datanode-2/data/ratis/5b0ab5b7-fd4e-417a-8ec4-dd12d3ba22f1
2019-09-17 15:17:37,338 [pool-57-thread-1] INFO  server.RaftServerConfigKeys (ConfUtils.java:logGet(43)) - raft.server.log.purge.gap = 1000000 (custom)
2019-09-17 15:17:37,338 [pool-87-thread-1] INFO  server.RaftServerConfigKeys (ConfUtils.java:logGet(43)) - raft.server.log.appender.buffer.byte-limit = 33554432 (custom)
2019-09-17 15:17:37,339 [pool-57-thread-1] INFO  server.RaftServerConfigKeys (ConfUtils.java:logGet(43)) - raft.server.log.appender.buffer.byte-limit = 33554432 (custom)
2019-09-17 15:17:37,339 [pool-47-thread-1] INFO  server.RaftServerConfigKeys (ConfUtils.java:logGet(43)) - raft.server.log.queue.byte-limit = 2147483647 (custom)
2019-09-17 15:17:37,339 [pool-57-thread-1] INFO  server.RaftServerConfigKeys (ConfUtils.java:logGet(43)) - raft.server.log.segment.size.max = 1048576 (custom)
2019-09-17 15:17:37,339 [pool-87-thread-1] INFO  server.RaftServerConfigKeys (ConfUtils.java:logGet(43)) - raft.server.log.segment.size.max = 1048576 (custom)
2019-09-17 15:17:37,339 [pool-57-thread-1] INFO  server.RaftServerConfigKeys (ConfUtils.java:logGet(43)) - raft.server.log.segment.cache.num.max = 2 (custom)
2019-09-17 15:17:37,339 [pool-47-thread-1] INFO  server.RaftServerConfigKeys (ConfUtils.java:logGet(43)) - raft.server.log.queue.element-limit = 1024 (custom)
2019-09-17 15:17:37,340 [pool-57-thread-1] INFO  segmented.SegmentedRaftLogWorker (SegmentedRaftLogWorker.java:<init>(172)) - new 18c72976-30e0-4eea-a5a6-85bddbc481ac@group-DD12D3BA22F1-SegmentedRaftLogWorker for RaftStorage:Storage Directory /workdir/hadoop-ozone/integration-test/target/test-dir/MiniOzoneClusterImpl-346716be-7c53-4c7f-8ad1-9ba23c6a7b4d/datanode-3/data/ratis/5b0ab5b7-fd4e-417a-8ec4-dd12d3ba22f1
2019-09-17 15:17:37,339 [pool-87-thread-1] INFO  server.RaftServerConfigKeys (ConfUtils.java:logGet(43)) - raft.server.log.segment.cache.num.max = 2 (custom)
2019-09-17 15:17:37,340 [pool-57-thread-1] INFO  server.RaftServerConfigKeys (ConfUtils.java:logGet(43)) - raft.server.log.queue.byte-limit = 2147483647 (custom)
2019-09-17 15:17:37,340 [pool-47-thread-1] INFO  server.RaftServerConfigKeys (ConfUtils.java:logGet(43)) - raft.server.log.segment.size.max = 1048576 (custom)
2019-09-17 15:17:37,340 [pool-57-thread-1] INFO  server.RaftServerConfigKeys (ConfUtils.java:logGet(43)) - raft.server.log.queue.element-limit = 1024 (custom)
2019-09-17 15:17:37,340 [pool-87-thread-1] INFO  segmented.SegmentedRaftLogWorker (SegmentedRaftLogWorker.java:<init>(172)) - new 319da950-6258-4a15-a10a-9ff19688a457@group-DD12D3BA22F1-SegmentedRaftLogWorker for RaftStorage:Storage Directory /workdir/hadoop-ozone/integration-test/target/test-dir/MiniOzoneClusterImpl-346716be-7c53-4c7f-8ad1-9ba23c6a7b4d/datanode-6/data/ratis/5b0ab5b7-fd4e-417a-8ec4-dd12d3ba22f1
2019-09-17 15:17:37,341 [pool-57-thread-1] INFO  server.RaftServerConfigKeys (ConfUtils.java:logGet(43)) - raft.server.log.segment.size.max = 1048576 (custom)
2019-09-17 15:17:37,340 [pool-47-thread-1] INFO  server.RaftServerConfigKeys (ConfUtils.java:logGet(43)) - raft.server.log.preallocated.size = 16384 (custom)
2019-09-17 15:17:37,341 [pool-57-thread-1] INFO  server.RaftServerConfigKeys (ConfUtils.java:logGet(43)) - raft.server.log.preallocated.size = 16384 (custom)
2019-09-17 15:17:37,341 [pool-87-thread-1] INFO  server.RaftServerConfigKeys (ConfUtils.java:logGet(43)) - raft.server.log.queue.byte-limit = 2147483647 (custom)
2019-09-17 15:17:37,341 [pool-57-thread-1] INFO  server.RaftServerConfigKeys (ConfUtils.java:logGet(43)) - raft.server.log.write.buffer.size = 33554432 (custom)
2019-09-17 15:17:37,341 [pool-47-thread-1] INFO  server.RaftServerConfigKeys (ConfUtils.java:logGet(43)) - raft.server.log.write.buffer.size = 33554432 (custom)
2019-09-17 15:17:37,342 [pool-57-thread-1] INFO  server.RaftServerConfigKeys (ConfUtils.java:logGet(43)) - raft.server.log.force.sync.num = 128 (default)
2019-09-17 15:17:37,341 [pool-87-thread-1] INFO  server.RaftServerConfigKeys (ConfUtils.java:logGet(43)) - raft.server.log.queue.element-limit = 1024 (custom)
2019-09-17 15:17:37,342 [pool-57-thread-1] INFO  server.RaftServerConfigKeys (ConfUtils.java:logGet(43)) - raft.server.log.statemachine.data.sync = true (default)
2019-09-17 15:17:37,342 [pool-47-thread-1] INFO  server.RaftServerConfigKeys (ConfUtils.java:logGet(43)) - raft.server.log.force.sync.num = 128 (default)
2019-09-17 15:17:37,342 [pool-57-thread-1] INFO  server.RaftServerConfigKeys (ConfUtils.java:logGet(43)) - raft.server.log.statemachine.data.sync.timeout = 10s (default)
2019-09-17 15:17:37,342 [pool-87-thread-1] INFO  server.RaftServerConfigKeys (ConfUtils.java:logGet(43)) - raft.server.log.segment.size.max = 1048576 (custom)
2019-09-17 15:17:37,343 [pool-57-thread-1] INFO  server.RaftServerConfigKeys (ConfUtils.java:logGet(43)) - raft.server.log.statemachine.data.sync.timeout.retry = -1 (default)
2019-09-17 15:17:37,342 [pool-47-thread-1] INFO  server.RaftServerConfigKeys (ConfUtils.java:logGet(43)) - raft.server.log.statemachine.data.sync = true (default)
2019-09-17 15:17:37,343 [pool-57-thread-1] INFO  server.RaftServerConfigKeys (ConfUtils.java:logGet(43)) - raft.server.log.statemachine.data.caching.enabled = true (custom)
2019-09-17 15:17:37,343 [pool-87-thread-1] INFO  server.RaftServerConfigKeys (ConfUtils.java:logGet(43)) - raft.server.log.preallocated.size = 16384 (custom)
2019-09-17 15:17:37,343 [pool-47-thread-1] INFO  server.RaftServerConfigKeys (ConfUtils.java:logGet(43)) - raft.server.log.statemachine.data.sync.timeout = 10s (default)
2019-09-17 15:17:37,344 [pool-57-thread-1] INFO  segmented.SegmentedRaftLogWorker (SegmentedRaftLogWorker.java:lambda$new$0(132)) - 18c72976-30e0-4eea-a5a6-85bddbc481ac@group-DD12D3BA22F1-SegmentedRaftLogWorker: flushIndex: setUnconditionally 0 -> -1
2019-09-17 15:17:37,343 [pool-87-thread-1] INFO  server.RaftServerConfigKeys (ConfUtils.java:logGet(43)) - raft.server.log.write.buffer.size = 33554432 (custom)
2019-09-17 15:17:37,344 [pool-47-thread-1] INFO  server.RaftServerConfigKeys (ConfUtils.java:logGet(43)) - raft.server.log.statemachine.data.sync.timeout.retry = -1 (default)
2019-09-17 15:17:37,344 [pool-57-thread-1] INFO  server.RaftServerConfigKeys (ConfUtils.java:logGet(43)) - raft.server.snapshot.auto.trigger.enabled = true (custom)
2019-09-17 15:17:37,344 [pool-87-thread-1] INFO  server.RaftServerConfigKeys (ConfUtils.java:logGet(43)) - raft.server.log.force.sync.num = 128 (default)
2019-09-17 15:17:37,344 [pool-57-thread-1] INFO  server.RaftServerConfigKeys (ConfUtils.java:logGet(43)) - raft.server.snapshot.auto.trigger.threshold = 10000 (custom)
2019-09-17 15:17:37,344 [pool-47-thread-1] INFO  server.RaftServerConfigKeys (ConfUtils.java:logGet(43)) - raft.server.log.statemachine.data.caching.enabled = true (custom)
2019-09-17 15:17:37,345 [pool-57-thread-1] INFO  server.RaftServerConfigKeys (ConfUtils.java:logGet(43)) - raft.server.snapshot.retention.num.files = 5 (custom)
2019-09-17 15:17:37,344 [pool-87-thread-1] INFO  server.RaftServerConfigKeys (ConfUtils.java:logGet(43)) - raft.server.log.statemachine.data.sync = true (default)
2019-09-17 15:17:37,345 [pool-47-thread-1] INFO  segmented.SegmentedRaftLogWorker (SegmentedRaftLogWorker.java:lambda$new$0(132)) - 78eb98d0-10ad-403d-ab68-3e803fb8ec72@group-DD12D3BA22F1-SegmentedRaftLogWorker: flushIndex: setUnconditionally 0 -> -1
2019-09-17 15:17:37,345 [pool-57-thread-1] INFO  server.RaftServerConfigKeys (ConfUtils.java:logGet(43)) - raft.server.retrycache.expirytime = 600000ms (custom)
2019-09-17 15:17:37,345 [pool-87-thread-1] INFO  server.RaftServerConfigKeys (ConfUtils.java:logGet(43)) - raft.server.log.statemachine.data.sync.timeout = 10s (default)
2019-09-17 15:17:37,346 [pool-47-thread-1] INFO  server.RaftServerConfigKeys (ConfUtils.java:logGet(43)) - raft.server.snapshot.auto.trigger.enabled = true (custom)
2019-09-17 15:17:37,346 [pool-87-thread-1] INFO  server.RaftServerConfigKeys (ConfUtils.java:logGet(43)) - raft.server.log.statemachine.data.sync.timeout.retry = -1 (default)
2019-09-17 15:17:37,346 [pool-47-thread-1] INFO  server.RaftServerConfigKeys (ConfUtils.java:logGet(43)) - raft.server.snapshot.auto.trigger.threshold = 10000 (custom)
2019-09-17 15:17:37,346 [pool-87-thread-1] INFO  server.RaftServerConfigKeys (ConfUtils.java:logGet(43)) - raft.server.log.statemachine.data.caching.enabled = true (custom)
2019-09-17 15:17:37,346 [pool-47-thread-1] INFO  server.RaftServerConfigKeys (ConfUtils.java:logGet(43)) - raft.server.snapshot.retention.num.files = 5 (custom)
2019-09-17 15:17:37,346 [pool-87-thread-1] INFO  segmented.SegmentedRaftLogWorker (SegmentedRaftLogWorker.java:lambda$new$0(132)) - 319da950-6258-4a15-a10a-9ff19688a457@group-DD12D3BA22F1-SegmentedRaftLogWorker: flushIndex: setUnconditionally 0 -> -1
2019-09-17 15:17:37,346 [pool-47-thread-1] INFO  server.RaftServerConfigKeys (ConfUtils.java:logGet(43)) - raft.server.retrycache.expirytime = 600000ms (custom)
2019-09-17 15:17:37,347 [pool-87-thread-1] INFO  server.RaftServerConfigKeys (ConfUtils.java:logGet(43)) - raft.server.snapshot.auto.trigger.enabled = true (custom)
2019-09-17 15:17:37,347 [pool-87-thread-1] INFO  server.RaftServerConfigKeys (ConfUtils.java:logGet(43)) - raft.server.snapshot.auto.trigger.threshold = 10000 (custom)
2019-09-17 15:17:37,347 [pool-87-thread-1] INFO  server.RaftServerConfigKeys (ConfUtils.java:logGet(43)) - raft.server.snapshot.retention.num.files = 5 (custom)
2019-09-17 15:17:37,347 [pool-87-thread-1] INFO  server.RaftServerConfigKeys (ConfUtils.java:logGet(43)) - raft.server.retrycache.expirytime = 600000ms (custom)
2019-09-17 15:17:37,353 [pool-47-thread-1] INFO  impl.RaftServerImpl (RaftServerImpl.java:start(185)) - 78eb98d0-10ad-403d-ab68-3e803fb8ec72@group-DD12D3BA22F1: start as a follower, conf=-1: [18c72976-30e0-4eea-a5a6-85bddbc481ac:192.168.151.72:46844, 78eb98d0-10ad-403d-ab68-3e803fb8ec72:192.168.151.72:34014, 319da950-6258-4a15-a10a-9ff19688a457:192.168.151.72:45426], old=null
2019-09-17 15:17:37,353 [pool-87-thread-1] INFO  impl.RaftServerImpl (RaftServerImpl.java:start(185)) - 319da950-6258-4a15-a10a-9ff19688a457@group-DD12D3BA22F1: start as a follower, conf=-1: [18c72976-30e0-4eea-a5a6-85bddbc481ac:192.168.151.72:46844, 78eb98d0-10ad-403d-ab68-3e803fb8ec72:192.168.151.72:34014, 319da950-6258-4a15-a10a-9ff19688a457:192.168.151.72:45426], old=null
2019-09-17 15:17:37,353 [pool-57-thread-1] INFO  impl.RaftServerImpl (RaftServerImpl.java:start(185)) - 18c72976-30e0-4eea-a5a6-85bddbc481ac@group-DD12D3BA22F1: start as a follower, conf=-1: [18c72976-30e0-4eea-a5a6-85bddbc481ac:192.168.151.72:46844, 78eb98d0-10ad-403d-ab68-3e803fb8ec72:192.168.151.72:34014, 319da950-6258-4a15-a10a-9ff19688a457:192.168.151.72:45426], old=null
2019-09-17 15:17:37,353 [pool-87-thread-1] INFO  impl.RaftServerImpl (RaftServerImpl.java:setRole(174)) - 319da950-6258-4a15-a10a-9ff19688a457@group-DD12D3BA22F1: changes role from      null to FOLLOWER at term 0 for startAsFollower
2019-09-17 15:17:37,353 [pool-47-thread-1] INFO  impl.RaftServerImpl (RaftServerImpl.java:setRole(174)) - 78eb98d0-10ad-403d-ab68-3e803fb8ec72@group-DD12D3BA22F1: changes role from      null to FOLLOWER at term 0 for startAsFollower
2019-09-17 15:17:37,353 [pool-87-thread-1] INFO  impl.RoleInfo (RoleInfo.java:updateAndGet(143)) - 319da950-6258-4a15-a10a-9ff19688a457: start FollowerState
2019-09-17 15:17:37,353 [pool-57-thread-1] INFO  impl.RaftServerImpl (RaftServerImpl.java:setRole(174)) - 18c72976-30e0-4eea-a5a6-85bddbc481ac@group-DD12D3BA22F1: changes role from      null to FOLLOWER at term 0 for startAsFollower
2019-09-17 15:17:37,353 [pool-47-thread-1] INFO  impl.RoleInfo (RoleInfo.java:updateAndGet(143)) - 78eb98d0-10ad-403d-ab68-3e803fb8ec72: start FollowerState
2019-09-17 15:17:37,354 [pool-57-thread-1] INFO  impl.RoleInfo (RoleInfo.java:updateAndGet(143)) - 18c72976-30e0-4eea-a5a6-85bddbc481ac: start FollowerState
2019-09-17 15:17:37,354 [pool-87-thread-1] INFO  util.JmxRegister (JmxRegister.java:tryRegister(44)) - Successfully registered JMX Bean with object name Ratis:service=RaftServer,group=group-DD12D3BA22F1,id=319da950-6258-4a15-a10a-9ff19688a457
2019-09-17 15:17:37,354 [pool-47-thread-1] INFO  util.JmxRegister (JmxRegister.java:tryRegister(44)) - Successfully registered JMX Bean with object name Ratis:service=RaftServer,group=group-DD12D3BA22F1,id=78eb98d0-10ad-403d-ab68-3e803fb8ec72
2019-09-17 15:17:37,354 [pool-57-thread-1] INFO  util.JmxRegister (JmxRegister.java:tryRegister(44)) - Successfully registered JMX Bean with object name Ratis:service=RaftServer,group=group-DD12D3BA22F1,id=18c72976-30e0-4eea-a5a6-85bddbc481ac
2019-09-17 15:17:37,359 [RatisPipelineUtilsThread] INFO  pipeline.PipelineStateManager (PipelineStateManager.java:addPipeline(56)) - Created pipeline Pipeline[ Id: 5b0ab5b7-fd4e-417a-8ec4-dd12d3ba22f1, Nodes: 319da950-6258-4a15-a10a-9ff19688a457{ip: 192.168.151.72, host: pr-hdds-2137-trunk-f8w4d-2934045284, networkLocation: /default-rack, certSerialId: null}18c72976-30e0-4eea-a5a6-85bddbc481ac{ip: 192.168.151.72, host: pr-hdds-2137-trunk-f8w4d-2934045284, networkLocation: /default-rack, certSerialId: null}78eb98d0-10ad-403d-ab68-3e803fb8ec72{ip: 192.168.151.72, host: pr-hdds-2137-trunk-f8w4d-2934045284, networkLocation: /default-rack, certSerialId: null}, Type:RATIS, Factor:THREE, State:OPEN]
2019-09-17 15:17:37,908 [main] WARN  io.KeyOutputStream (KeyOutputStream.java:handleException(276)) - Encountered exception java.io.IOException: Unexpected Storage Container Exception: java.util.concurrent.CompletionException: java.util.concurrent.CompletionException: org.apache.ratis.protocol.GroupMismatchException: 319da950-6258-4a15-a10a-9ff19688a457: group-9AD4355EB7C4 not found. on the pipeline Pipeline[ Id: 855fe8db-a41d-4393-a5b7-9ad4355eb7c4, Nodes: 319da950-6258-4a15-a10a-9ff19688a457{ip: 192.168.151.72, host: pr-hdds-2137-trunk-f8w4d-2934045284, networkLocation: /default-rack, certSerialId: null}18c72976-30e0-4eea-a5a6-85bddbc481ac{ip: 192.168.151.72, host: pr-hdds-2137-trunk-f8w4d-2934045284, networkLocation: /default-rack, certSerialId: null}78eb98d0-10ad-403d-ab68-3e803fb8ec72{ip: 192.168.151.72, host: pr-hdds-2137-trunk-f8w4d-2934045284, networkLocation: /default-rack, certSerialId: null}, Type:RATIS, Factor:THREE, State:OPEN]. The last committed block length is 0, uncommitted data length is 400 retry count 0
2019-09-17 15:17:38,112 [grpc-default-executor-6] INFO  client.GrpcClientProtocolClient (GrpcClientProtocolClient.java:onNext(264)) - client-F2C0A10074A8->bef9a726-04bf-4cf2-bc6c-32901bb39b2c: receive RaftClientReply:client-F2C0A10074A8->bef9a726-04bf-4cf2-bc6c-32901bb39b2c@group-EB8DA8A34392, cid=36, SUCCESS, logIndex=13, commits[bef9a726-04bf-4cf2-bc6c-32901bb39b2c:c13, a1a9f161-7571-4968-b55b-82d9a6a77226:c12, 20b80410-686a-4bdf-a56e-9b5ac3164d3d:c12]
2019-09-17 15:17:38,146 [grpc-default-executor-4] INFO  client.GrpcClientProtocolClient (GrpcClientProtocolClient.java:onNext(264)) - client-F2C0A10074A8->bef9a726-04bf-4cf2-bc6c-32901bb39b2c: receive RaftClientReply:client-F2C0A10074A8->bef9a726-04bf-4cf2-bc6c-32901bb39b2c@group-EB8DA8A34392, cid=37, SUCCESS, logIndex=15, commits[bef9a726-04bf-4cf2-bc6c-32901bb39b2c:c16, a1a9f161-7571-4968-b55b-82d9a6a77226:c14, 20b80410-686a-4bdf-a56e-9b5ac3164d3d:c14]
2019-09-17 15:17:38,211 [grpc-default-executor-4] INFO  client.GrpcClientProtocolClient (GrpcClientProtocolClient.java:onNext(264)) - client-F2C0A10074A8->bef9a726-04bf-4cf2-bc6c-32901bb39b2c: receive RaftClientReply:client-F2C0A10074A8->bef9a726-04bf-4cf2-bc6c-32901bb39b2c@group-EB8DA8A34392, cid=38, SUCCESS, logIndex=16, commits[bef9a726-04bf-4cf2-bc6c-32901bb39b2c:c24, a1a9f161-7571-4968-b55b-82d9a6a77226:c19, 20b80410-686a-4bdf-a56e-9b5ac3164d3d:c19]
2019-09-17 15:17:38,214 [grpc-default-executor-4] INFO  client.GrpcClientProtocolClient (GrpcClientProtocolClient.java:onNext(264)) - client-F2C0A10074A8->bef9a726-04bf-4cf2-bc6c-32901bb39b2c: receive RaftClientReply:client-F2C0A10074A8->bef9a726-04bf-4cf2-bc6c-32901bb39b2c@group-EB8DA8A34392, cid=39, SUCCESS, logIndex=17, commits[bef9a726-04bf-4cf2-bc6c-32901bb39b2c:c24, a1a9f161-7571-4968-b55b-82d9a6a77226:c19, 20b80410-686a-4bdf-a56e-9b5ac3164d3d:c19]
2019-09-17 15:17:38,214 [grpc-default-executor-4] INFO  client.GrpcClientProtocolClient (GrpcClientProtocolClient.java:onNext(264)) - client-F2C0A10074A8->bef9a726-04bf-4cf2-bc6c-32901bb39b2c: receive RaftClientReply:client-F2C0A10074A8->bef9a726-04bf-4cf2-bc6c-32901bb39b2c@group-EB8DA8A34392, cid=40, SUCCESS, logIndex=18, commits[bef9a726-04bf-4cf2-bc6c-32901bb39b2c:c24, a1a9f161-7571-4968-b55b-82d9a6a77226:c19, 20b80410-686a-4bdf-a56e-9b5ac3164d3d:c19]
2019-09-17 15:17:38,312 [grpc-default-executor-4] INFO  client.GrpcClientProtocolClient (GrpcClientProtocolClient.java:onNext(264)) - client-F2C0A10074A8->bef9a726-04bf-4cf2-bc6c-32901bb39b2c: receive RaftClientReply:client-F2C0A10074A8->bef9a726-04bf-4cf2-bc6c-32901bb39b2c@group-EB8DA8A34392, cid=41, SUCCESS, logIndex=19, commits[bef9a726-04bf-4cf2-bc6c-32901bb39b2c:c24, a1a9f161-7571-4968-b55b-82d9a6a77226:c19, 20b80410-686a-4bdf-a56e-9b5ac3164d3d:c19]
]]></system-out>
  </testcase>
  <testcase name="testBufferCaching" classname="org.apache.hadoop.ozone.client.rpc.TestBlockOutputStream" time="6.363"/>
  <testcase name="testWriteWithExceedingMaxBufferLimit" classname="org.apache.hadoop.ozone.client.rpc.TestBlockOutputStream" time="186.96">
    <failure message="expected:&lt;20&gt; but was:&lt;24&gt;" type="java.lang.AssertionError"><![CDATA[java.lang.AssertionError: expected:<20> but was:<24>
	at org.junit.Assert.fail(Assert.java:88)
	at org.junit.Assert.failNotEquals(Assert.java:743)
	at org.junit.Assert.assertEquals(Assert.java:118)
	at org.junit.Assert.assertEquals(Assert.java:555)
	at org.junit.Assert.assertEquals(Assert.java:542)
	at org.apache.hadoop.ozone.client.rpc.TestBlockOutputStream.testWriteWithExceedingMaxBufferLimit(TestBlockOutputStream.java:614)
	at sun.reflect.NativeMethodAccessorImpl.invoke0(Native Method)
	at sun.reflect.NativeMethodAccessorImpl.invoke(NativeMethodAccessorImpl.java:62)
	at sun.reflect.DelegatingMethodAccessorImpl.invoke(DelegatingMethodAccessorImpl.java:43)
	at java.lang.reflect.Method.invoke(Method.java:498)
	at org.junit.runners.model.FrameworkMethod$1.runReflectiveCall(FrameworkMethod.java:47)
	at org.junit.internal.runners.model.ReflectiveCallable.run(ReflectiveCallable.java:12)
	at org.junit.runners.model.FrameworkMethod.invokeExplosively(FrameworkMethod.java:44)
	at org.junit.internal.runners.statements.InvokeMethod.evaluate(InvokeMethod.java:17)
	at org.junit.runners.ParentRunner.runLeaf(ParentRunner.java:271)
	at org.junit.runners.BlockJUnit4ClassRunner.runChild(BlockJUnit4ClassRunner.java:70)
	at org.junit.runners.BlockJUnit4ClassRunner.runChild(BlockJUnit4ClassRunner.java:50)
	at org.junit.runners.ParentRunner$3.run(ParentRunner.java:238)
	at org.junit.runners.ParentRunner$1.schedule(ParentRunner.java:63)
	at org.junit.runners.ParentRunner.runChildren(ParentRunner.java:236)
	at org.junit.runners.ParentRunner.access$000(ParentRunner.java:53)
	at org.junit.runners.ParentRunner$2.evaluate(ParentRunner.java:229)
	at org.junit.internal.runners.statements.RunBefores.evaluate(RunBefores.java:26)
	at org.junit.internal.runners.statements.RunAfters.evaluate(RunAfters.java:27)
	at org.junit.runners.ParentRunner.run(ParentRunner.java:309)
	at org.apache.maven.surefire.junit4.JUnit4Provider.execute(JUnit4Provider.java:365)
	at org.apache.maven.surefire.junit4.JUnit4Provider.executeWithRerun(JUnit4Provider.java:273)
	at org.apache.maven.surefire.junit4.JUnit4Provider.executeTestSet(JUnit4Provider.java:238)
	at org.apache.maven.surefire.junit4.JUnit4Provider.invoke(JUnit4Provider.java:159)
	at org.apache.maven.surefire.booter.ForkedBooter.invokeProviderInSameClassLoader(ForkedBooter.java:384)
	at org.apache.maven.surefire.booter.ForkedBooter.runSuitesInProcess(ForkedBooter.java:345)
	at org.apache.maven.surefire.booter.ForkedBooter.execute(ForkedBooter.java:126)
	at org.apache.maven.surefire.booter.ForkedBooter.main(ForkedBooter.java:418)
]]></failure>
    <system-out><![CDATA[2019-09-17 15:17:44,818 [grpc-default-executor-6] INFO  impl.RaftServerProxy (RaftServerProxy.java:remove(95)) - 319da950-6258-4a15-a10a-9ff19688a457: remove group-9AD4355EB7C4:null
2019-09-17 15:17:44,825 [RatisPipelineUtilsThread] WARN  pipeline.RatisPipelineUtils (RatisPipelineUtils.java:destroyPipeline(66)) - Pipeline destroy failed for pipeline=PipelineID=855fe8db-a41d-4393-a5b7-9ad4355eb7c4 dn=319da950-6258-4a15-a10a-9ff19688a457{ip: 192.168.151.72, host: pr-hdds-2137-trunk-f8w4d-2934045284, networkLocation: /default-rack, certSerialId: null}
2019-09-17 15:17:44,830 [grpc-default-executor-6] INFO  impl.RaftServerProxy (RaftServerProxy.java:remove(95)) - 18c72976-30e0-4eea-a5a6-85bddbc481ac: remove group-9AD4355EB7C4:null
2019-09-17 15:17:44,836 [RatisPipelineUtilsThread] WARN  pipeline.RatisPipelineUtils (RatisPipelineUtils.java:destroyPipeline(66)) - Pipeline destroy failed for pipeline=PipelineID=855fe8db-a41d-4393-a5b7-9ad4355eb7c4 dn=18c72976-30e0-4eea-a5a6-85bddbc481ac{ip: 192.168.151.72, host: pr-hdds-2137-trunk-f8w4d-2934045284, networkLocation: /default-rack, certSerialId: null}
2019-09-17 15:17:44,842 [grpc-default-executor-6] INFO  impl.RaftServerProxy (RaftServerProxy.java:remove(95)) - 78eb98d0-10ad-403d-ab68-3e803fb8ec72: remove group-9AD4355EB7C4:null
2019-09-17 15:17:44,848 [RatisPipelineUtilsThread] WARN  pipeline.RatisPipelineUtils (RatisPipelineUtils.java:destroyPipeline(66)) - Pipeline destroy failed for pipeline=PipelineID=855fe8db-a41d-4393-a5b7-9ad4355eb7c4 dn=78eb98d0-10ad-403d-ab68-3e803fb8ec72{ip: 192.168.151.72, host: pr-hdds-2137-trunk-f8w4d-2934045284, networkLocation: /default-rack, certSerialId: null}
2019-09-17 15:17:44,848 [RatisPipelineUtilsThread] ERROR pipeline.SCMPipelineManager (Scheduler.java:lambda$schedule$1(70)) - Destroy pipeline failed for pipeline:Pipeline[ Id: 855fe8db-a41d-4393-a5b7-9ad4355eb7c4, Nodes: 319da950-6258-4a15-a10a-9ff19688a457{ip: 192.168.151.72, host: pr-hdds-2137-trunk-f8w4d-2934045284, networkLocation: /default-rack, certSerialId: null}18c72976-30e0-4eea-a5a6-85bddbc481ac{ip: 192.168.151.72, host: pr-hdds-2137-trunk-f8w4d-2934045284, networkLocation: /default-rack, certSerialId: null}78eb98d0-10ad-403d-ab68-3e803fb8ec72{ip: 192.168.151.72, host: pr-hdds-2137-trunk-f8w4d-2934045284, networkLocation: /default-rack, certSerialId: null}, Type:RATIS, Factor:THREE, State:CLOSED]
org.apache.hadoop.hdds.scm.pipeline.PipelineNotFoundException: PipelineID=855fe8db-a41d-4393-a5b7-9ad4355eb7c4 not found
	at org.apache.hadoop.hdds.scm.pipeline.PipelineStateMap.getPipeline(PipelineStateMap.java:132)
	at org.apache.hadoop.hdds.scm.pipeline.PipelineStateMap.removePipeline(PipelineStateMap.java:322)
	at org.apache.hadoop.hdds.scm.pipeline.PipelineStateManager.removePipeline(PipelineStateManager.java:107)
	at org.apache.hadoop.hdds.scm.pipeline.SCMPipelineManager.removePipeline(SCMPipelineManager.java:423)
	at org.apache.hadoop.hdds.scm.pipeline.SCMPipelineManager.destroyPipeline(SCMPipelineManager.java:409)
	at org.apache.hadoop.hdds.scm.pipeline.SCMPipelineManager.lambda$finalizeAndDestroyPipeline$0(SCMPipelineManager.java:318)
	at org.apache.hadoop.utils.Scheduler.lambda$schedule$1(Scheduler.java:68)
	at java.util.concurrent.Executors$RunnableAdapter.call(Executors.java:511)
	at java.util.concurrent.FutureTask.run(FutureTask.java:266)
	at java.util.concurrent.ScheduledThreadPoolExecutor$ScheduledFutureTask.access$201(ScheduledThreadPoolExecutor.java:180)
	at java.util.concurrent.ScheduledThreadPoolExecutor$ScheduledFutureTask.run(ScheduledThreadPoolExecutor.java:293)
	at java.util.concurrent.ThreadPoolExecutor.runWorker(ThreadPoolExecutor.java:1149)
	at java.util.concurrent.ThreadPoolExecutor$Worker.run(ThreadPoolExecutor.java:624)
	at java.lang.Thread.run(Thread.java:748)
2019-09-17 15:17:46,818 [grpc-default-executor-7] INFO  impl.RaftServerProxy (RaftServerProxy.java:remove(95)) - 319da950-6258-4a15-a10a-9ff19688a457: remove group-9AD4355EB7C4:null
2019-09-17 15:17:46,825 [RatisPipelineUtilsThread] WARN  pipeline.RatisPipelineUtils (RatisPipelineUtils.java:destroyPipeline(66)) - Pipeline destroy failed for pipeline=PipelineID=855fe8db-a41d-4393-a5b7-9ad4355eb7c4 dn=319da950-6258-4a15-a10a-9ff19688a457{ip: 192.168.151.72, host: pr-hdds-2137-trunk-f8w4d-2934045284, networkLocation: /default-rack, certSerialId: null}
2019-09-17 15:17:46,831 [grpc-default-executor-7] INFO  impl.RaftServerProxy (RaftServerProxy.java:remove(95)) - 18c72976-30e0-4eea-a5a6-85bddbc481ac: remove group-9AD4355EB7C4:null
2019-09-17 15:17:46,837 [RatisPipelineUtilsThread] WARN  pipeline.RatisPipelineUtils (RatisPipelineUtils.java:destroyPipeline(66)) - Pipeline destroy failed for pipeline=PipelineID=855fe8db-a41d-4393-a5b7-9ad4355eb7c4 dn=18c72976-30e0-4eea-a5a6-85bddbc481ac{ip: 192.168.151.72, host: pr-hdds-2137-trunk-f8w4d-2934045284, networkLocation: /default-rack, certSerialId: null}
2019-09-17 15:17:46,842 [grpc-default-executor-7] INFO  impl.RaftServerProxy (RaftServerProxy.java:remove(95)) - 78eb98d0-10ad-403d-ab68-3e803fb8ec72: remove group-9AD4355EB7C4:null
2019-09-17 15:17:46,848 [RatisPipelineUtilsThread] WARN  pipeline.RatisPipelineUtils (RatisPipelineUtils.java:destroyPipeline(66)) - Pipeline destroy failed for pipeline=PipelineID=855fe8db-a41d-4393-a5b7-9ad4355eb7c4 dn=78eb98d0-10ad-403d-ab68-3e803fb8ec72{ip: 192.168.151.72, host: pr-hdds-2137-trunk-f8w4d-2934045284, networkLocation: /default-rack, certSerialId: null}
2019-09-17 15:17:46,848 [RatisPipelineUtilsThread] ERROR pipeline.SCMPipelineManager (Scheduler.java:lambda$schedule$1(70)) - Destroy pipeline failed for pipeline:Pipeline[ Id: 855fe8db-a41d-4393-a5b7-9ad4355eb7c4, Nodes: 319da950-6258-4a15-a10a-9ff19688a457{ip: 192.168.151.72, host: pr-hdds-2137-trunk-f8w4d-2934045284, networkLocation: /default-rack, certSerialId: null}18c72976-30e0-4eea-a5a6-85bddbc481ac{ip: 192.168.151.72, host: pr-hdds-2137-trunk-f8w4d-2934045284, networkLocation: /default-rack, certSerialId: null}78eb98d0-10ad-403d-ab68-3e803fb8ec72{ip: 192.168.151.72, host: pr-hdds-2137-trunk-f8w4d-2934045284, networkLocation: /default-rack, certSerialId: null}, Type:RATIS, Factor:THREE, State:CLOSED]
org.apache.hadoop.hdds.scm.pipeline.PipelineNotFoundException: PipelineID=855fe8db-a41d-4393-a5b7-9ad4355eb7c4 not found
	at org.apache.hadoop.hdds.scm.pipeline.PipelineStateMap.getPipeline(PipelineStateMap.java:132)
	at org.apache.hadoop.hdds.scm.pipeline.PipelineStateMap.removePipeline(PipelineStateMap.java:322)
	at org.apache.hadoop.hdds.scm.pipeline.PipelineStateManager.removePipeline(PipelineStateManager.java:107)
	at org.apache.hadoop.hdds.scm.pipeline.SCMPipelineManager.removePipeline(SCMPipelineManager.java:423)
	at org.apache.hadoop.hdds.scm.pipeline.SCMPipelineManager.destroyPipeline(SCMPipelineManager.java:409)
	at org.apache.hadoop.hdds.scm.pipeline.SCMPipelineManager.lambda$finalizeAndDestroyPipeline$0(SCMPipelineManager.java:318)
	at org.apache.hadoop.utils.Scheduler.lambda$schedule$1(Scheduler.java:68)
	at java.util.concurrent.Executors$RunnableAdapter.call(Executors.java:511)
	at java.util.concurrent.FutureTask.run(FutureTask.java:266)
	at java.util.concurrent.ScheduledThreadPoolExecutor$ScheduledFutureTask.access$201(ScheduledThreadPoolExecutor.java:180)
	at java.util.concurrent.ScheduledThreadPoolExecutor$ScheduledFutureTask.run(ScheduledThreadPoolExecutor.java:293)
	at java.util.concurrent.ThreadPoolExecutor.runWorker(ThreadPoolExecutor.java:1149)
	at java.util.concurrent.ThreadPoolExecutor$Worker.run(ThreadPoolExecutor.java:624)
	at java.lang.Thread.run(Thread.java:748)
2019-09-17 15:17:47,723 [java.util.concurrent.ThreadPoolExecutor$Worker@75d7222c[State = -1, empty queue]] WARN  server.GrpcLogAppender (GrpcLogAppender.java:timeoutAppendRequest(200)) - 18c72976-30e0-4eea-a5a6-85bddbc481ac@group-DD12D3BA22F1->319da950-6258-4a15-a10a-9ff19688a457-GrpcLogAppender: appendEntries Timeout, request=18c72976-30e0-4eea-a5a6-85bddbc481ac->319da950-6258-4a15-a10a-9ff19688a457#6-t1, previous=(t:1, i:4), leaderCommit=4, initializing? false, entries: size=1, first=(t:1, i:5), STATEMACHINELOGENTRY, client-C0CF9D0615A1, cid=50
2019-09-17 15:17:47,723 [java.util.concurrent.ThreadPoolExecutor$Worker@35550b30[State = -1, empty queue]] WARN  server.GrpcLogAppender (GrpcLogAppender.java:timeoutAppendRequest(200)) - 18c72976-30e0-4eea-a5a6-85bddbc481ac@group-DD12D3BA22F1->78eb98d0-10ad-403d-ab68-3e803fb8ec72-GrpcLogAppender: appendEntries Timeout, request=18c72976-30e0-4eea-a5a6-85bddbc481ac->78eb98d0-10ad-403d-ab68-3e803fb8ec72#6-t1, previous=(t:1, i:4), leaderCommit=4, initializing? false, entries: size=1, first=(t:1, i:5), STATEMACHINELOGENTRY, client-C0CF9D0615A1, cid=50
2019-09-17 15:17:47,724 [java.util.concurrent.ThreadPoolExecutor$Worker@75d7222c[State = -1, empty queue]] WARN  server.GrpcLogAppender (GrpcLogAppender.java:timeoutAppendRequest(200)) - 18c72976-30e0-4eea-a5a6-85bddbc481ac@group-DD12D3BA22F1->319da950-6258-4a15-a10a-9ff19688a457-GrpcLogAppender: appendEntries Timeout, request=18c72976-30e0-4eea-a5a6-85bddbc481ac->319da950-6258-4a15-a10a-9ff19688a457#7-t1, previous=(t:1, i:5), leaderCommit=4, initializing? false, entries: size=1, first=(t:1, i:6), STATEMACHINELOGENTRY, client-C0CF9D0615A1, cid=51
2019-09-17 15:17:47,724 [java.util.concurrent.ThreadPoolExecutor$Worker@35550b30[State = -1, empty queue]] WARN  server.GrpcLogAppender (GrpcLogAppender.java:timeoutAppendRequest(200)) - 18c72976-30e0-4eea-a5a6-85bddbc481ac@group-DD12D3BA22F1->78eb98d0-10ad-403d-ab68-3e803fb8ec72-GrpcLogAppender: appendEntries Timeout, request=18c72976-30e0-4eea-a5a6-85bddbc481ac->78eb98d0-10ad-403d-ab68-3e803fb8ec72#7-t1, previous=(t:1, i:5), leaderCommit=4, initializing? false, entries: size=1, first=(t:1, i:6), STATEMACHINELOGENTRY, client-C0CF9D0615A1, cid=51
2019-09-17 15:17:47,724 [java.util.concurrent.ThreadPoolExecutor$Worker@75d7222c[State = -1, empty queue]] WARN  server.GrpcLogAppender (GrpcLogAppender.java:timeoutAppendRequest(200)) - 18c72976-30e0-4eea-a5a6-85bddbc481ac@group-DD12D3BA22F1->319da950-6258-4a15-a10a-9ff19688a457-GrpcLogAppender: appendEntries Timeout, request=18c72976-30e0-4eea-a5a6-85bddbc481ac->319da950-6258-4a15-a10a-9ff19688a457#8-t1, previous=(t:1, i:6), leaderCommit=4, initializing? false, entries: size=1, first=(t:1, i:7), STATEMACHINELOGENTRY, client-C0CF9D0615A1, cid=52
2019-09-17 15:17:47,725 [java.util.concurrent.ThreadPoolExecutor$Worker@35550b30[State = -1, empty queue]] WARN  server.GrpcLogAppender (GrpcLogAppender.java:timeoutAppendRequest(200)) - 18c72976-30e0-4eea-a5a6-85bddbc481ac@group-DD12D3BA22F1->78eb98d0-10ad-403d-ab68-3e803fb8ec72-GrpcLogAppender: appendEntries Timeout, request=18c72976-30e0-4eea-a5a6-85bddbc481ac->78eb98d0-10ad-403d-ab68-3e803fb8ec72#8-t1, previous=(t:1, i:6), leaderCommit=4, initializing? false, entries: size=1, first=(t:1, i:7), STATEMACHINELOGENTRY, client-C0CF9D0615A1, cid=52
2019-09-17 15:17:47,725 [java.util.concurrent.ThreadPoolExecutor$Worker@35550b30[State = -1, empty queue]] WARN  server.GrpcLogAppender (GrpcLogAppender.java:timeoutAppendRequest(200)) - 18c72976-30e0-4eea-a5a6-85bddbc481ac@group-DD12D3BA22F1->78eb98d0-10ad-403d-ab68-3e803fb8ec72-GrpcLogAppender: appendEntries Timeout, request=18c72976-30e0-4eea-a5a6-85bddbc481ac->78eb98d0-10ad-403d-ab68-3e803fb8ec72#9-t1, previous=(t:1, i:7), leaderCommit=4, initializing? false, entries: size=1, first=(t:1, i:8), STATEMACHINELOGENTRY, client-C0CF9D0615A1, cid=53
2019-09-17 15:17:47,725 [java.util.concurrent.ThreadPoolExecutor$Worker@75d7222c[State = -1, empty queue]] WARN  server.GrpcLogAppender (GrpcLogAppender.java:timeoutAppendRequest(200)) - 18c72976-30e0-4eea-a5a6-85bddbc481ac@group-DD12D3BA22F1->319da950-6258-4a15-a10a-9ff19688a457-GrpcLogAppender: appendEntries Timeout, request=18c72976-30e0-4eea-a5a6-85bddbc481ac->319da950-6258-4a15-a10a-9ff19688a457#9-t1, previous=(t:1, i:7), leaderCommit=4, initializing? false, entries: size=1, first=(t:1, i:8), STATEMACHINELOGENTRY, client-C0CF9D0615A1, cid=53
2019-09-17 15:17:47,726 [java.util.concurrent.ThreadPoolExecutor$Worker@35550b30[State = -1, empty queue]] WARN  server.GrpcLogAppender (GrpcLogAppender.java:timeoutAppendRequest(200)) - 18c72976-30e0-4eea-a5a6-85bddbc481ac@group-DD12D3BA22F1->78eb98d0-10ad-403d-ab68-3e803fb8ec72-GrpcLogAppender: appendEntries Timeout, request=18c72976-30e0-4eea-a5a6-85bddbc481ac->78eb98d0-10ad-403d-ab68-3e803fb8ec72#10-t1, previous=(t:1, i:8), leaderCommit=4, initializing? false, entries: size=1, first=(t:1, i:9), STATEMACHINELOGENTRY, client-C0CF9D0615A1, cid=54
2019-09-17 15:17:47,726 [java.util.concurrent.ThreadPoolExecutor$Worker@75d7222c[State = -1, empty queue]] WARN  server.GrpcLogAppender (GrpcLogAppender.java:timeoutAppendRequest(200)) - 18c72976-30e0-4eea-a5a6-85bddbc481ac@group-DD12D3BA22F1->319da950-6258-4a15-a10a-9ff19688a457-GrpcLogAppender: appendEntries Timeout, request=18c72976-30e0-4eea-a5a6-85bddbc481ac->319da950-6258-4a15-a10a-9ff19688a457#10-t1, previous=(t:1, i:8), leaderCommit=4, initializing? false, entries: size=1, first=(t:1, i:9), STATEMACHINELOGENTRY, client-C0CF9D0615A1, cid=54
2019-09-17 15:17:47,726 [java.util.concurrent.ThreadPoolExecutor$Worker@35550b30[State = -1, empty queue]] WARN  server.GrpcLogAppender (GrpcLogAppender.java:timeoutAppendRequest(200)) - 18c72976-30e0-4eea-a5a6-85bddbc481ac@group-DD12D3BA22F1->78eb98d0-10ad-403d-ab68-3e803fb8ec72-GrpcLogAppender: appendEntries Timeout, request=18c72976-30e0-4eea-a5a6-85bddbc481ac->78eb98d0-10ad-403d-ab68-3e803fb8ec72#11-t1, previous=(t:1, i:9), leaderCommit=4, initializing? false, entries: size=1, first=(t:1, i:10), STATEMACHINELOGENTRY, client-C0CF9D0615A1, cid=55
2019-09-17 15:17:47,727 [java.util.concurrent.ThreadPoolExecutor$Worker@75d7222c[State = -1, empty queue]] WARN  server.GrpcLogAppender (GrpcLogAppender.java:timeoutAppendRequest(200)) - 18c72976-30e0-4eea-a5a6-85bddbc481ac@group-DD12D3BA22F1->319da950-6258-4a15-a10a-9ff19688a457-GrpcLogAppender: appendEntries Timeout, request=18c72976-30e0-4eea-a5a6-85bddbc481ac->319da950-6258-4a15-a10a-9ff19688a457#11-t1, previous=(t:1, i:9), leaderCommit=4, initializing? false, entries: size=1, first=(t:1, i:10), STATEMACHINELOGENTRY, client-C0CF9D0615A1, cid=55
2019-09-17 15:17:49,748 [grpc-default-executor-6] INFO  client.GrpcClientProtocolClient (GrpcClientProtocolClient.java:onNext(264)) - client-C0CF9D0615A1->78eb98d0-10ad-403d-ab68-3e803fb8ec72: receive RaftClientReply:client-C0CF9D0615A1->78eb98d0-10ad-403d-ab68-3e803fb8ec72@group-DD12D3BA22F1, cid=50, FAILED org.apache.ratis.protocol.NotLeaderException: Server 78eb98d0-10ad-403d-ab68-3e803fb8ec72@group-DD12D3BA22F1 is not the leader 18c72976-30e0-4eea-a5a6-85bddbc481ac:192.168.151.72:46844, logIndex=0, commits[78eb98d0-10ad-403d-ab68-3e803fb8ec72:c4, 18c72976-30e0-4eea-a5a6-85bddbc481ac:c4, 319da950-6258-4a15-a10a-9ff19688a457:c3]
2019-09-17 15:17:49,818 [grpc-default-executor-4] INFO  impl.RaftServerProxy (RaftServerProxy.java:remove(95)) - 319da950-6258-4a15-a10a-9ff19688a457: remove group-9AD4355EB7C4:null
2019-09-17 15:17:49,825 [RatisPipelineUtilsThread] WARN  pipeline.RatisPipelineUtils (RatisPipelineUtils.java:destroyPipeline(66)) - Pipeline destroy failed for pipeline=PipelineID=855fe8db-a41d-4393-a5b7-9ad4355eb7c4 dn=319da950-6258-4a15-a10a-9ff19688a457{ip: 192.168.151.72, host: pr-hdds-2137-trunk-f8w4d-2934045284, networkLocation: /default-rack, certSerialId: null}
2019-09-17 15:17:49,831 [grpc-default-executor-4] INFO  impl.RaftServerProxy (RaftServerProxy.java:remove(95)) - 18c72976-30e0-4eea-a5a6-85bddbc481ac: remove group-9AD4355EB7C4:null
2019-09-17 15:17:49,837 [RatisPipelineUtilsThread] WARN  pipeline.RatisPipelineUtils (RatisPipelineUtils.java:destroyPipeline(66)) - Pipeline destroy failed for pipeline=PipelineID=855fe8db-a41d-4393-a5b7-9ad4355eb7c4 dn=18c72976-30e0-4eea-a5a6-85bddbc481ac{ip: 192.168.151.72, host: pr-hdds-2137-trunk-f8w4d-2934045284, networkLocation: /default-rack, certSerialId: null}
2019-09-17 15:17:49,842 [grpc-default-executor-4] INFO  impl.RaftServerProxy (RaftServerProxy.java:remove(95)) - 78eb98d0-10ad-403d-ab68-3e803fb8ec72: remove group-9AD4355EB7C4:null
2019-09-17 15:17:49,847 [RatisPipelineUtilsThread] WARN  pipeline.RatisPipelineUtils (RatisPipelineUtils.java:destroyPipeline(66)) - Pipeline destroy failed for pipeline=PipelineID=855fe8db-a41d-4393-a5b7-9ad4355eb7c4 dn=78eb98d0-10ad-403d-ab68-3e803fb8ec72{ip: 192.168.151.72, host: pr-hdds-2137-trunk-f8w4d-2934045284, networkLocation: /default-rack, certSerialId: null}
2019-09-17 15:17:49,848 [RatisPipelineUtilsThread] ERROR pipeline.SCMPipelineManager (Scheduler.java:lambda$schedule$1(70)) - Destroy pipeline failed for pipeline:Pipeline[ Id: 855fe8db-a41d-4393-a5b7-9ad4355eb7c4, Nodes: 319da950-6258-4a15-a10a-9ff19688a457{ip: 192.168.151.72, host: pr-hdds-2137-trunk-f8w4d-2934045284, networkLocation: /default-rack, certSerialId: null}18c72976-30e0-4eea-a5a6-85bddbc481ac{ip: 192.168.151.72, host: pr-hdds-2137-trunk-f8w4d-2934045284, networkLocation: /default-rack, certSerialId: null}78eb98d0-10ad-403d-ab68-3e803fb8ec72{ip: 192.168.151.72, host: pr-hdds-2137-trunk-f8w4d-2934045284, networkLocation: /default-rack, certSerialId: null}, Type:RATIS, Factor:THREE, State:CLOSED]
org.apache.hadoop.hdds.scm.pipeline.PipelineNotFoundException: PipelineID=855fe8db-a41d-4393-a5b7-9ad4355eb7c4 not found
	at org.apache.hadoop.hdds.scm.pipeline.PipelineStateMap.getPipeline(PipelineStateMap.java:132)
	at org.apache.hadoop.hdds.scm.pipeline.PipelineStateMap.removePipeline(PipelineStateMap.java:322)
	at org.apache.hadoop.hdds.scm.pipeline.PipelineStateManager.removePipeline(PipelineStateManager.java:107)
	at org.apache.hadoop.hdds.scm.pipeline.SCMPipelineManager.removePipeline(SCMPipelineManager.java:423)
	at org.apache.hadoop.hdds.scm.pipeline.SCMPipelineManager.destroyPipeline(SCMPipelineManager.java:409)
	at org.apache.hadoop.hdds.scm.pipeline.SCMPipelineManager.lambda$finalizeAndDestroyPipeline$0(SCMPipelineManager.java:318)
	at org.apache.hadoop.utils.Scheduler.lambda$schedule$1(Scheduler.java:68)
	at java.util.concurrent.Executors$RunnableAdapter.call(Executors.java:511)
	at java.util.concurrent.FutureTask.run(FutureTask.java:266)
	at java.util.concurrent.ScheduledThreadPoolExecutor$ScheduledFutureTask.access$201(ScheduledThreadPoolExecutor.java:180)
	at java.util.concurrent.ScheduledThreadPoolExecutor$ScheduledFutureTask.run(ScheduledThreadPoolExecutor.java:293)
	at java.util.concurrent.ThreadPoolExecutor.runWorker(ThreadPoolExecutor.java:1149)
	at java.util.concurrent.ThreadPoolExecutor$Worker.run(ThreadPoolExecutor.java:624)
	at java.lang.Thread.run(Thread.java:748)
2019-09-17 15:17:50,227 [java.util.concurrent.ThreadPoolExecutor$Worker@75d7222c[State = -1, empty queue]] WARN  server.GrpcLogAppender (GrpcLogAppender.java:timeoutAppendRequest(200)) - 18c72976-30e0-4eea-a5a6-85bddbc481ac@group-DD12D3BA22F1->319da950-6258-4a15-a10a-9ff19688a457-GrpcLogAppender: appendEntries Timeout, request=18c72976-30e0-4eea-a5a6-85bddbc481ac->319da950-6258-4a15-a10a-9ff19688a457#12-t1, previous=(t:1, i:10), leaderCommit=4, initializing? false, entries: <empty>
2019-09-17 15:17:50,227 [java.util.concurrent.ThreadPoolExecutor$Worker@35550b30[State = -1, empty queue]] WARN  server.GrpcLogAppender (GrpcLogAppender.java:timeoutAppendRequest(200)) - 18c72976-30e0-4eea-a5a6-85bddbc481ac@group-DD12D3BA22F1->78eb98d0-10ad-403d-ab68-3e803fb8ec72-GrpcLogAppender: appendEntries Timeout, request=18c72976-30e0-4eea-a5a6-85bddbc481ac->78eb98d0-10ad-403d-ab68-3e803fb8ec72#12-t1, previous=(t:1, i:10), leaderCommit=4, initializing? false, entries: <empty>
2019-09-17 15:17:51,826 [grpc-default-executor-6] INFO  impl.RaftServerProxy (RaftServerProxy.java:remove(95)) - 319da950-6258-4a15-a10a-9ff19688a457: remove group-9AD4355EB7C4:null
2019-09-17 15:17:51,833 [RatisPipelineUtilsThread] WARN  pipeline.RatisPipelineUtils (RatisPipelineUtils.java:destroyPipeline(66)) - Pipeline destroy failed for pipeline=PipelineID=855fe8db-a41d-4393-a5b7-9ad4355eb7c4 dn=319da950-6258-4a15-a10a-9ff19688a457{ip: 192.168.151.72, host: pr-hdds-2137-trunk-f8w4d-2934045284, networkLocation: /default-rack, certSerialId: null}
2019-09-17 15:17:51,838 [grpc-default-executor-6] INFO  impl.RaftServerProxy (RaftServerProxy.java:remove(95)) - 18c72976-30e0-4eea-a5a6-85bddbc481ac: remove group-9AD4355EB7C4:null
2019-09-17 15:17:51,843 [RatisPipelineUtilsThread] WARN  pipeline.RatisPipelineUtils (RatisPipelineUtils.java:destroyPipeline(66)) - Pipeline destroy failed for pipeline=PipelineID=855fe8db-a41d-4393-a5b7-9ad4355eb7c4 dn=18c72976-30e0-4eea-a5a6-85bddbc481ac{ip: 192.168.151.72, host: pr-hdds-2137-trunk-f8w4d-2934045284, networkLocation: /default-rack, certSerialId: null}
2019-09-17 15:17:51,847 [grpc-default-executor-6] INFO  impl.RaftServerProxy (RaftServerProxy.java:remove(95)) - 78eb98d0-10ad-403d-ab68-3e803fb8ec72: remove group-9AD4355EB7C4:null
2019-09-17 15:17:51,859 [RatisPipelineUtilsThread] WARN  pipeline.RatisPipelineUtils (RatisPipelineUtils.java:destroyPipeline(66)) - Pipeline destroy failed for pipeline=PipelineID=855fe8db-a41d-4393-a5b7-9ad4355eb7c4 dn=78eb98d0-10ad-403d-ab68-3e803fb8ec72{ip: 192.168.151.72, host: pr-hdds-2137-trunk-f8w4d-2934045284, networkLocation: /default-rack, certSerialId: null}
2019-09-17 15:17:51,860 [RatisPipelineUtilsThread] ERROR pipeline.SCMPipelineManager (Scheduler.java:lambda$schedule$1(70)) - Destroy pipeline failed for pipeline:Pipeline[ Id: 855fe8db-a41d-4393-a5b7-9ad4355eb7c4, Nodes: 319da950-6258-4a15-a10a-9ff19688a457{ip: 192.168.151.72, host: pr-hdds-2137-trunk-f8w4d-2934045284, networkLocation: /default-rack, certSerialId: null}18c72976-30e0-4eea-a5a6-85bddbc481ac{ip: 192.168.151.72, host: pr-hdds-2137-trunk-f8w4d-2934045284, networkLocation: /default-rack, certSerialId: null}78eb98d0-10ad-403d-ab68-3e803fb8ec72{ip: 192.168.151.72, host: pr-hdds-2137-trunk-f8w4d-2934045284, networkLocation: /default-rack, certSerialId: null}, Type:RATIS, Factor:THREE, State:CLOSED]
org.apache.hadoop.hdds.scm.pipeline.PipelineNotFoundException: PipelineID=855fe8db-a41d-4393-a5b7-9ad4355eb7c4 not found
	at org.apache.hadoop.hdds.scm.pipeline.PipelineStateMap.getPipeline(PipelineStateMap.java:132)
	at org.apache.hadoop.hdds.scm.pipeline.PipelineStateMap.removePipeline(PipelineStateMap.java:322)
	at org.apache.hadoop.hdds.scm.pipeline.PipelineStateManager.removePipeline(PipelineStateManager.java:107)
	at org.apache.hadoop.hdds.scm.pipeline.SCMPipelineManager.removePipeline(SCMPipelineManager.java:423)
	at org.apache.hadoop.hdds.scm.pipeline.SCMPipelineManager.destroyPipeline(SCMPipelineManager.java:409)
	at org.apache.hadoop.hdds.scm.pipeline.SCMPipelineManager.lambda$finalizeAndDestroyPipeline$0(SCMPipelineManager.java:318)
	at org.apache.hadoop.utils.Scheduler.lambda$schedule$1(Scheduler.java:68)
	at java.util.concurrent.Executors$RunnableAdapter.call(Executors.java:511)
	at java.util.concurrent.FutureTask.run(FutureTask.java:266)
	at java.util.concurrent.ScheduledThreadPoolExecutor$ScheduledFutureTask.access$201(ScheduledThreadPoolExecutor.java:180)
	at java.util.concurrent.ScheduledThreadPoolExecutor$ScheduledFutureTask.run(ScheduledThreadPoolExecutor.java:293)
	at java.util.concurrent.ThreadPoolExecutor.runWorker(ThreadPoolExecutor.java:1149)
	at java.util.concurrent.ThreadPoolExecutor$Worker.run(ThreadPoolExecutor.java:624)
	at java.lang.Thread.run(Thread.java:748)
2019-09-17 15:17:52,728 [java.util.concurrent.ThreadPoolExecutor$Worker@75d7222c[State = -1, empty queue]] WARN  server.GrpcLogAppender (GrpcLogAppender.java:timeoutAppendRequest(200)) - 18c72976-30e0-4eea-a5a6-85bddbc481ac@group-DD12D3BA22F1->319da950-6258-4a15-a10a-9ff19688a457-GrpcLogAppender: appendEntries Timeout, request=18c72976-30e0-4eea-a5a6-85bddbc481ac->319da950-6258-4a15-a10a-9ff19688a457#13-t1, previous=(t:1, i:10), leaderCommit=4, initializing? false, entries: <empty>
2019-09-17 15:17:52,728 [java.util.concurrent.ThreadPoolExecutor$Worker@35550b30[State = -1, empty queue]] WARN  server.GrpcLogAppender (GrpcLogAppender.java:timeoutAppendRequest(200)) - 18c72976-30e0-4eea-a5a6-85bddbc481ac@group-DD12D3BA22F1->78eb98d0-10ad-403d-ab68-3e803fb8ec72-GrpcLogAppender: appendEntries Timeout, request=18c72976-30e0-4eea-a5a6-85bddbc481ac->78eb98d0-10ad-403d-ab68-3e803fb8ec72#13-t1, previous=(t:1, i:10), leaderCommit=4, initializing? false, entries: <empty>
2019-09-17 15:17:54,725 [78eb98d0-10ad-403d-ab68-3e803fb8ec72@group-DD12D3BA22F1-SegmentedRaftLogWorker] WARN  segmented.SegmentedRaftLogWorker (SegmentedRaftLogWorker.java:getFromFuture(90)) - Timeout 0/~
org.apache.ratis.protocol.TimeoutIOException: Timeout 10s: WriteLog:5: (t:1, i:5), STATEMACHINELOGENTRY, client-C0CF9D0615A1, cid=50-writeStateMachineData
	at org.apache.ratis.util.IOUtils.getFromFuture(IOUtils.java:87)
	at org.apache.ratis.server.raftlog.segmented.SegmentedRaftLogWorker$StateMachineDataPolicy.getFromFuture(SegmentedRaftLogWorker.java:87)
	at org.apache.ratis.server.raftlog.segmented.SegmentedRaftLogWorker$WriteLog.execute(SegmentedRaftLogWorker.java:477)
	at org.apache.ratis.server.raftlog.segmented.SegmentedRaftLogWorker.run(SegmentedRaftLogWorker.java:289)
	at java.lang.Thread.run(Thread.java:748)
Caused by: java.util.concurrent.TimeoutException
	at java.util.concurrent.CompletableFuture.timedGet(CompletableFuture.java:1771)
	at java.util.concurrent.CompletableFuture.get(CompletableFuture.java:1915)
	at org.apache.ratis.util.IOUtils.getFromFuture(IOUtils.java:79)
	... 4 more
2019-09-17 15:17:54,775 [18c72976-30e0-4eea-a5a6-85bddbc481ac@group-DD12D3BA22F1-SegmentedRaftLogWorker] WARN  segmented.SegmentedRaftLogWorker (SegmentedRaftLogWorker.java:getFromFuture(90)) - Timeout 0/~
org.apache.ratis.protocol.TimeoutIOException: Timeout 10s: WriteLog:6: (t:1, i:6), STATEMACHINELOGENTRY, client-C0CF9D0615A1, cid=51-writeStateMachineData
	at org.apache.ratis.util.IOUtils.getFromFuture(IOUtils.java:87)
	at org.apache.ratis.server.raftlog.segmented.SegmentedRaftLogWorker$StateMachineDataPolicy.getFromFuture(SegmentedRaftLogWorker.java:87)
	at org.apache.ratis.server.raftlog.segmented.SegmentedRaftLogWorker$WriteLog.execute(SegmentedRaftLogWorker.java:477)
	at org.apache.ratis.server.raftlog.segmented.SegmentedRaftLogWorker.run(SegmentedRaftLogWorker.java:289)
	at java.lang.Thread.run(Thread.java:748)
Caused by: java.util.concurrent.TimeoutException
	at java.util.concurrent.CompletableFuture.timedGet(CompletableFuture.java:1771)
	at java.util.concurrent.CompletableFuture.get(CompletableFuture.java:1915)
	at org.apache.ratis.util.IOUtils.getFromFuture(IOUtils.java:79)
	... 4 more
2019-09-17 15:17:54,775 [319da950-6258-4a15-a10a-9ff19688a457@group-DD12D3BA22F1-SegmentedRaftLogWorker] WARN  segmented.SegmentedRaftLogWorker (SegmentedRaftLogWorker.java:getFromFuture(90)) - Timeout 0/~
org.apache.ratis.protocol.TimeoutIOException: Timeout 10s: WriteLog:8: (t:1, i:8), STATEMACHINELOGENTRY, client-C0CF9D0615A1, cid=53-writeStateMachineData
	at org.apache.ratis.util.IOUtils.getFromFuture(IOUtils.java:87)
	at org.apache.ratis.server.raftlog.segmented.SegmentedRaftLogWorker$StateMachineDataPolicy.getFromFuture(SegmentedRaftLogWorker.java:87)
	at org.apache.ratis.server.raftlog.segmented.SegmentedRaftLogWorker$WriteLog.execute(SegmentedRaftLogWorker.java:477)
	at org.apache.ratis.server.raftlog.segmented.SegmentedRaftLogWorker.run(SegmentedRaftLogWorker.java:289)
	at java.lang.Thread.run(Thread.java:748)
Caused by: java.util.concurrent.TimeoutException
	at java.util.concurrent.CompletableFuture.timedGet(CompletableFuture.java:1771)
	at java.util.concurrent.CompletableFuture.get(CompletableFuture.java:1915)
	at org.apache.ratis.util.IOUtils.getFromFuture(IOUtils.java:79)
	... 4 more
2019-09-17 15:17:54,804 [grpc-default-executor-6] INFO  client.GrpcClientProtocolClient (GrpcClientProtocolClient.java:onNext(264)) - client-C0CF9D0615A1->78eb98d0-10ad-403d-ab68-3e803fb8ec72: receive RaftClientReply:client-C0CF9D0615A1->78eb98d0-10ad-403d-ab68-3e803fb8ec72@group-DD12D3BA22F1, cid=50, FAILED org.apache.ratis.protocol.NotLeaderException: Server 78eb98d0-10ad-403d-ab68-3e803fb8ec72@group-DD12D3BA22F1 is not the leader 18c72976-30e0-4eea-a5a6-85bddbc481ac:192.168.151.72:46844, logIndex=0, commits[78eb98d0-10ad-403d-ab68-3e803fb8ec72:c4, 18c72976-30e0-4eea-a5a6-85bddbc481ac:c4, 319da950-6258-4a15-a10a-9ff19688a457:c3]
2019-09-17 15:17:54,835 [grpc-default-executor-4] INFO  impl.RaftServerProxy (RaftServerProxy.java:remove(95)) - 319da950-6258-4a15-a10a-9ff19688a457: remove group-9AD4355EB7C4:null
2019-09-17 15:17:54,841 [RatisPipelineUtilsThread] WARN  pipeline.RatisPipelineUtils (RatisPipelineUtils.java:destroyPipeline(66)) - Pipeline destroy failed for pipeline=PipelineID=855fe8db-a41d-4393-a5b7-9ad4355eb7c4 dn=319da950-6258-4a15-a10a-9ff19688a457{ip: 192.168.151.72, host: pr-hdds-2137-trunk-f8w4d-2934045284, networkLocation: /default-rack, certSerialId: null}
2019-09-17 15:17:54,844 [grpc-default-executor-4] INFO  impl.RaftServerProxy (RaftServerProxy.java:remove(95)) - 18c72976-30e0-4eea-a5a6-85bddbc481ac: remove group-9AD4355EB7C4:null
2019-09-17 15:17:54,849 [RatisPipelineUtilsThread] WARN  pipeline.RatisPipelineUtils (RatisPipelineUtils.java:destroyPipeline(66)) - Pipeline destroy failed for pipeline=PipelineID=855fe8db-a41d-4393-a5b7-9ad4355eb7c4 dn=18c72976-30e0-4eea-a5a6-85bddbc481ac{ip: 192.168.151.72, host: pr-hdds-2137-trunk-f8w4d-2934045284, networkLocation: /default-rack, certSerialId: null}
2019-09-17 15:17:54,852 [grpc-default-executor-4] INFO  impl.RaftServerProxy (RaftServerProxy.java:remove(95)) - 78eb98d0-10ad-403d-ab68-3e803fb8ec72: remove group-9AD4355EB7C4:null
2019-09-17 15:17:54,857 [RatisPipelineUtilsThread] WARN  pipeline.RatisPipelineUtils (RatisPipelineUtils.java:destroyPipeline(66)) - Pipeline destroy failed for pipeline=PipelineID=855fe8db-a41d-4393-a5b7-9ad4355eb7c4 dn=78eb98d0-10ad-403d-ab68-3e803fb8ec72{ip: 192.168.151.72, host: pr-hdds-2137-trunk-f8w4d-2934045284, networkLocation: /default-rack, certSerialId: null}
2019-09-17 15:17:54,858 [RatisPipelineUtilsThread] ERROR pipeline.SCMPipelineManager (Scheduler.java:lambda$schedule$1(70)) - Destroy pipeline failed for pipeline:Pipeline[ Id: 855fe8db-a41d-4393-a5b7-9ad4355eb7c4, Nodes: 319da950-6258-4a15-a10a-9ff19688a457{ip: 192.168.151.72, host: pr-hdds-2137-trunk-f8w4d-2934045284, networkLocation: /default-rack, certSerialId: null}18c72976-30e0-4eea-a5a6-85bddbc481ac{ip: 192.168.151.72, host: pr-hdds-2137-trunk-f8w4d-2934045284, networkLocation: /default-rack, certSerialId: null}78eb98d0-10ad-403d-ab68-3e803fb8ec72{ip: 192.168.151.72, host: pr-hdds-2137-trunk-f8w4d-2934045284, networkLocation: /default-rack, certSerialId: null}, Type:RATIS, Factor:THREE, State:CLOSED]
org.apache.hadoop.hdds.scm.pipeline.PipelineNotFoundException: PipelineID=855fe8db-a41d-4393-a5b7-9ad4355eb7c4 not found
	at org.apache.hadoop.hdds.scm.pipeline.PipelineStateMap.getPipeline(PipelineStateMap.java:132)
	at org.apache.hadoop.hdds.scm.pipeline.PipelineStateMap.removePipeline(PipelineStateMap.java:322)
	at org.apache.hadoop.hdds.scm.pipeline.PipelineStateManager.removePipeline(PipelineStateManager.java:107)
	at org.apache.hadoop.hdds.scm.pipeline.SCMPipelineManager.removePipeline(SCMPipelineManager.java:423)
	at org.apache.hadoop.hdds.scm.pipeline.SCMPipelineManager.destroyPipeline(SCMPipelineManager.java:409)
	at org.apache.hadoop.hdds.scm.pipeline.SCMPipelineManager.lambda$finalizeAndDestroyPipeline$0(SCMPipelineManager.java:318)
	at org.apache.hadoop.utils.Scheduler.lambda$schedule$1(Scheduler.java:68)
	at java.util.concurrent.Executors$RunnableAdapter.call(Executors.java:511)
	at java.util.concurrent.FutureTask.run(FutureTask.java:266)
	at java.util.concurrent.ScheduledThreadPoolExecutor$ScheduledFutureTask.access$201(ScheduledThreadPoolExecutor.java:180)
	at java.util.concurrent.ScheduledThreadPoolExecutor$ScheduledFutureTask.run(ScheduledThreadPoolExecutor.java:293)
	at java.util.concurrent.ThreadPoolExecutor.runWorker(ThreadPoolExecutor.java:1149)
	at java.util.concurrent.ThreadPoolExecutor$Worker.run(ThreadPoolExecutor.java:624)
	at java.lang.Thread.run(Thread.java:748)
2019-09-17 15:17:55,228 [java.util.concurrent.ThreadPoolExecutor$Worker@75d7222c[State = -1, empty queue]] WARN  server.GrpcLogAppender (GrpcLogAppender.java:timeoutAppendRequest(200)) - 18c72976-30e0-4eea-a5a6-85bddbc481ac@group-DD12D3BA22F1->319da950-6258-4a15-a10a-9ff19688a457-GrpcLogAppender: appendEntries Timeout, request=18c72976-30e0-4eea-a5a6-85bddbc481ac->319da950-6258-4a15-a10a-9ff19688a457#14-t1, previous=(t:1, i:10), leaderCommit=4, initializing? false, entries: <empty>
2019-09-17 15:17:55,228 [java.util.concurrent.ThreadPoolExecutor$Worker@35550b30[State = -1, empty queue]] WARN  server.GrpcLogAppender (GrpcLogAppender.java:timeoutAppendRequest(200)) - 18c72976-30e0-4eea-a5a6-85bddbc481ac@group-DD12D3BA22F1->78eb98d0-10ad-403d-ab68-3e803fb8ec72-GrpcLogAppender: appendEntries Timeout, request=18c72976-30e0-4eea-a5a6-85bddbc481ac->78eb98d0-10ad-403d-ab68-3e803fb8ec72#14-t1, previous=(t:1, i:10), leaderCommit=4, initializing? false, entries: <empty>
2019-09-17 15:17:56,819 [grpc-default-executor-6] INFO  impl.RaftServerProxy (RaftServerProxy.java:remove(95)) - 319da950-6258-4a15-a10a-9ff19688a457: remove group-9AD4355EB7C4:null
2019-09-17 15:17:56,831 [RatisPipelineUtilsThread] WARN  pipeline.RatisPipelineUtils (RatisPipelineUtils.java:destroyPipeline(66)) - Pipeline destroy failed for pipeline=PipelineID=855fe8db-a41d-4393-a5b7-9ad4355eb7c4 dn=319da950-6258-4a15-a10a-9ff19688a457{ip: 192.168.151.72, host: pr-hdds-2137-trunk-f8w4d-2934045284, networkLocation: /default-rack, certSerialId: null}
2019-09-17 15:17:56,835 [grpc-default-executor-6] INFO  impl.RaftServerProxy (RaftServerProxy.java:remove(95)) - 18c72976-30e0-4eea-a5a6-85bddbc481ac: remove group-9AD4355EB7C4:null
2019-09-17 15:17:56,841 [RatisPipelineUtilsThread] WARN  pipeline.RatisPipelineUtils (RatisPipelineUtils.java:destroyPipeline(66)) - Pipeline destroy failed for pipeline=PipelineID=855fe8db-a41d-4393-a5b7-9ad4355eb7c4 dn=18c72976-30e0-4eea-a5a6-85bddbc481ac{ip: 192.168.151.72, host: pr-hdds-2137-trunk-f8w4d-2934045284, networkLocation: /default-rack, certSerialId: null}
2019-09-17 15:17:56,845 [grpc-default-executor-6] INFO  impl.RaftServerProxy (RaftServerProxy.java:remove(95)) - 78eb98d0-10ad-403d-ab68-3e803fb8ec72: remove group-9AD4355EB7C4:null
2019-09-17 15:17:56,850 [RatisPipelineUtilsThread] WARN  pipeline.RatisPipelineUtils (RatisPipelineUtils.java:destroyPipeline(66)) - Pipeline destroy failed for pipeline=PipelineID=855fe8db-a41d-4393-a5b7-9ad4355eb7c4 dn=78eb98d0-10ad-403d-ab68-3e803fb8ec72{ip: 192.168.151.72, host: pr-hdds-2137-trunk-f8w4d-2934045284, networkLocation: /default-rack, certSerialId: null}
2019-09-17 15:17:56,851 [RatisPipelineUtilsThread] ERROR pipeline.SCMPipelineManager (Scheduler.java:lambda$schedule$1(70)) - Destroy pipeline failed for pipeline:Pipeline[ Id: 855fe8db-a41d-4393-a5b7-9ad4355eb7c4, Nodes: 319da950-6258-4a15-a10a-9ff19688a457{ip: 192.168.151.72, host: pr-hdds-2137-trunk-f8w4d-2934045284, networkLocation: /default-rack, certSerialId: null}18c72976-30e0-4eea-a5a6-85bddbc481ac{ip: 192.168.151.72, host: pr-hdds-2137-trunk-f8w4d-2934045284, networkLocation: /default-rack, certSerialId: null}78eb98d0-10ad-403d-ab68-3e803fb8ec72{ip: 192.168.151.72, host: pr-hdds-2137-trunk-f8w4d-2934045284, networkLocation: /default-rack, certSerialId: null}, Type:RATIS, Factor:THREE, State:CLOSED]
org.apache.hadoop.hdds.scm.pipeline.PipelineNotFoundException: PipelineID=855fe8db-a41d-4393-a5b7-9ad4355eb7c4 not found
	at org.apache.hadoop.hdds.scm.pipeline.PipelineStateMap.getPipeline(PipelineStateMap.java:132)
	at org.apache.hadoop.hdds.scm.pipeline.PipelineStateMap.removePipeline(PipelineStateMap.java:322)
	at org.apache.hadoop.hdds.scm.pipeline.PipelineStateManager.removePipeline(PipelineStateManager.java:107)
	at org.apache.hadoop.hdds.scm.pipeline.SCMPipelineManager.removePipeline(SCMPipelineManager.java:423)
	at org.apache.hadoop.hdds.scm.pipeline.SCMPipelineManager.destroyPipeline(SCMPipelineManager.java:409)
	at org.apache.hadoop.hdds.scm.pipeline.SCMPipelineManager.lambda$finalizeAndDestroyPipeline$0(SCMPipelineManager.java:318)
	at org.apache.hadoop.utils.Scheduler.lambda$schedule$1(Scheduler.java:68)
	at java.util.concurrent.Executors$RunnableAdapter.call(Executors.java:511)
	at java.util.concurrent.FutureTask.run(FutureTask.java:266)
	at java.util.concurrent.ScheduledThreadPoolExecutor$ScheduledFutureTask.access$201(ScheduledThreadPoolExecutor.java:180)
	at java.util.concurrent.ScheduledThreadPoolExecutor$ScheduledFutureTask.run(ScheduledThreadPoolExecutor.java:293)
	at java.util.concurrent.ThreadPoolExecutor.runWorker(ThreadPoolExecutor.java:1149)
	at java.util.concurrent.ThreadPoolExecutor$Worker.run(ThreadPoolExecutor.java:624)
	at java.lang.Thread.run(Thread.java:748)
2019-09-17 15:17:57,731 [java.util.concurrent.ThreadPoolExecutor$Worker@35550b30[State = -1, empty queue]] WARN  server.GrpcLogAppender (GrpcLogAppender.java:timeoutAppendRequest(200)) - 18c72976-30e0-4eea-a5a6-85bddbc481ac@group-DD12D3BA22F1->78eb98d0-10ad-403d-ab68-3e803fb8ec72-GrpcLogAppender: appendEntries Timeout, request=18c72976-30e0-4eea-a5a6-85bddbc481ac->78eb98d0-10ad-403d-ab68-3e803fb8ec72#15-t1, previous=(t:1, i:10), leaderCommit=4, initializing? false, entries: <empty>
2019-09-17 15:17:57,731 [java.util.concurrent.ThreadPoolExecutor$Worker@75d7222c[State = -1, empty queue]] WARN  server.GrpcLogAppender (GrpcLogAppender.java:timeoutAppendRequest(200)) - 18c72976-30e0-4eea-a5a6-85bddbc481ac@group-DD12D3BA22F1->319da950-6258-4a15-a10a-9ff19688a457-GrpcLogAppender: appendEntries Timeout, request=18c72976-30e0-4eea-a5a6-85bddbc481ac->319da950-6258-4a15-a10a-9ff19688a457#15-t1, previous=(t:1, i:10), leaderCommit=4, initializing? false, entries: <empty>
2019-09-17 15:17:59,820 [grpc-default-executor-6] INFO  impl.RaftServerProxy (RaftServerProxy.java:remove(95)) - 319da950-6258-4a15-a10a-9ff19688a457: remove group-9AD4355EB7C4:null
2019-09-17 15:17:59,833 [RatisPipelineUtilsThread] WARN  pipeline.RatisPipelineUtils (RatisPipelineUtils.java:destroyPipeline(66)) - Pipeline destroy failed for pipeline=PipelineID=855fe8db-a41d-4393-a5b7-9ad4355eb7c4 dn=319da950-6258-4a15-a10a-9ff19688a457{ip: 192.168.151.72, host: pr-hdds-2137-trunk-f8w4d-2934045284, networkLocation: /default-rack, certSerialId: null}
2019-09-17 15:17:59,837 [grpc-default-executor-6] INFO  impl.RaftServerProxy (RaftServerProxy.java:remove(95)) - 18c72976-30e0-4eea-a5a6-85bddbc481ac: remove group-9AD4355EB7C4:null
2019-09-17 15:17:59,843 [RatisPipelineUtilsThread] WARN  pipeline.RatisPipelineUtils (RatisPipelineUtils.java:destroyPipeline(66)) - Pipeline destroy failed for pipeline=PipelineID=855fe8db-a41d-4393-a5b7-9ad4355eb7c4 dn=18c72976-30e0-4eea-a5a6-85bddbc481ac{ip: 192.168.151.72, host: pr-hdds-2137-trunk-f8w4d-2934045284, networkLocation: /default-rack, certSerialId: null}
2019-09-17 15:17:59,847 [grpc-default-executor-6] INFO  impl.RaftServerProxy (RaftServerProxy.java:remove(95)) - 78eb98d0-10ad-403d-ab68-3e803fb8ec72: remove group-9AD4355EB7C4:null
2019-09-17 15:17:59,853 [RatisPipelineUtilsThread] WARN  pipeline.RatisPipelineUtils (RatisPipelineUtils.java:destroyPipeline(66)) - Pipeline destroy failed for pipeline=PipelineID=855fe8db-a41d-4393-a5b7-9ad4355eb7c4 dn=78eb98d0-10ad-403d-ab68-3e803fb8ec72{ip: 192.168.151.72, host: pr-hdds-2137-trunk-f8w4d-2934045284, networkLocation: /default-rack, certSerialId: null}
2019-09-17 15:17:59,854 [RatisPipelineUtilsThread] ERROR pipeline.SCMPipelineManager (Scheduler.java:lambda$schedule$1(70)) - Destroy pipeline failed for pipeline:Pipeline[ Id: 855fe8db-a41d-4393-a5b7-9ad4355eb7c4, Nodes: 319da950-6258-4a15-a10a-9ff19688a457{ip: 192.168.151.72, host: pr-hdds-2137-trunk-f8w4d-2934045284, networkLocation: /default-rack, certSerialId: null}18c72976-30e0-4eea-a5a6-85bddbc481ac{ip: 192.168.151.72, host: pr-hdds-2137-trunk-f8w4d-2934045284, networkLocation: /default-rack, certSerialId: null}78eb98d0-10ad-403d-ab68-3e803fb8ec72{ip: 192.168.151.72, host: pr-hdds-2137-trunk-f8w4d-2934045284, networkLocation: /default-rack, certSerialId: null}, Type:RATIS, Factor:THREE, State:CLOSED]
org.apache.hadoop.hdds.scm.pipeline.PipelineNotFoundException: PipelineID=855fe8db-a41d-4393-a5b7-9ad4355eb7c4 not found
	at org.apache.hadoop.hdds.scm.pipeline.PipelineStateMap.getPipeline(PipelineStateMap.java:132)
	at org.apache.hadoop.hdds.scm.pipeline.PipelineStateMap.removePipeline(PipelineStateMap.java:322)
	at org.apache.hadoop.hdds.scm.pipeline.PipelineStateManager.removePipeline(PipelineStateManager.java:107)
	at org.apache.hadoop.hdds.scm.pipeline.SCMPipelineManager.removePipeline(SCMPipelineManager.java:423)
	at org.apache.hadoop.hdds.scm.pipeline.SCMPipelineManager.destroyPipeline(SCMPipelineManager.java:409)
	at org.apache.hadoop.hdds.scm.pipeline.SCMPipelineManager.lambda$finalizeAndDestroyPipeline$0(SCMPipelineManager.java:318)
	at org.apache.hadoop.utils.Scheduler.lambda$schedule$1(Scheduler.java:68)
	at java.util.concurrent.Executors$RunnableAdapter.call(Executors.java:511)
	at java.util.concurrent.FutureTask.run(FutureTask.java:266)
	at java.util.concurrent.ScheduledThreadPoolExecutor$ScheduledFutureTask.access$201(ScheduledThreadPoolExecutor.java:180)
	at java.util.concurrent.ScheduledThreadPoolExecutor$ScheduledFutureTask.run(ScheduledThreadPoolExecutor.java:293)
	at java.util.concurrent.ThreadPoolExecutor.runWorker(ThreadPoolExecutor.java:1149)
	at java.util.concurrent.ThreadPoolExecutor$Worker.run(ThreadPoolExecutor.java:624)
	at java.lang.Thread.run(Thread.java:748)
2019-09-17 15:17:59,859 [grpc-default-executor-6] INFO  client.GrpcClientProtocolClient (GrpcClientProtocolClient.java:onNext(264)) - client-C0CF9D0615A1->319da950-6258-4a15-a10a-9ff19688a457: receive RaftClientReply:client-C0CF9D0615A1->319da950-6258-4a15-a10a-9ff19688a457@group-DD12D3BA22F1, cid=50, FAILED org.apache.ratis.protocol.NotLeaderException: Server 319da950-6258-4a15-a10a-9ff19688a457@group-DD12D3BA22F1 is not the leader 18c72976-30e0-4eea-a5a6-85bddbc481ac:192.168.151.72:46844, logIndex=0, commits[319da950-6258-4a15-a10a-9ff19688a457:c4, 18c72976-30e0-4eea-a5a6-85bddbc481ac:c4, 78eb98d0-10ad-403d-ab68-3e803fb8ec72:c3]
2019-09-17 15:18:00,231 [java.util.concurrent.ThreadPoolExecutor$Worker@75d7222c[State = -1, empty queue]] WARN  server.GrpcLogAppender (GrpcLogAppender.java:timeoutAppendRequest(200)) - 18c72976-30e0-4eea-a5a6-85bddbc481ac@group-DD12D3BA22F1->319da950-6258-4a15-a10a-9ff19688a457-GrpcLogAppender: appendEntries Timeout, request=18c72976-30e0-4eea-a5a6-85bddbc481ac->319da950-6258-4a15-a10a-9ff19688a457#16-t1, previous=(t:1, i:10), leaderCommit=4, initializing? false, entries: <empty>
2019-09-17 15:18:00,231 [java.util.concurrent.ThreadPoolExecutor$Worker@35550b30[State = -1, empty queue]] WARN  server.GrpcLogAppender (GrpcLogAppender.java:timeoutAppendRequest(200)) - 18c72976-30e0-4eea-a5a6-85bddbc481ac@group-DD12D3BA22F1->78eb98d0-10ad-403d-ab68-3e803fb8ec72-GrpcLogAppender: appendEntries Timeout, request=18c72976-30e0-4eea-a5a6-85bddbc481ac->78eb98d0-10ad-403d-ab68-3e803fb8ec72#16-t1, previous=(t:1, i:10), leaderCommit=4, initializing? false, entries: <empty>
2019-09-17 15:18:01,823 [grpc-default-executor-6] INFO  impl.RaftServerProxy (RaftServerProxy.java:remove(95)) - 319da950-6258-4a15-a10a-9ff19688a457: remove group-9AD4355EB7C4:null
2019-09-17 15:18:01,832 [RatisPipelineUtilsThread] WARN  pipeline.RatisPipelineUtils (RatisPipelineUtils.java:destroyPipeline(66)) - Pipeline destroy failed for pipeline=PipelineID=855fe8db-a41d-4393-a5b7-9ad4355eb7c4 dn=319da950-6258-4a15-a10a-9ff19688a457{ip: 192.168.151.72, host: pr-hdds-2137-trunk-f8w4d-2934045284, networkLocation: /default-rack, certSerialId: null}
2019-09-17 15:18:01,835 [grpc-default-executor-6] INFO  impl.RaftServerProxy (RaftServerProxy.java:remove(95)) - 18c72976-30e0-4eea-a5a6-85bddbc481ac: remove group-9AD4355EB7C4:null
2019-09-17 15:18:01,841 [RatisPipelineUtilsThread] WARN  pipeline.RatisPipelineUtils (RatisPipelineUtils.java:destroyPipeline(66)) - Pipeline destroy failed for pipeline=PipelineID=855fe8db-a41d-4393-a5b7-9ad4355eb7c4 dn=18c72976-30e0-4eea-a5a6-85bddbc481ac{ip: 192.168.151.72, host: pr-hdds-2137-trunk-f8w4d-2934045284, networkLocation: /default-rack, certSerialId: null}
2019-09-17 15:18:01,844 [grpc-default-executor-6] INFO  impl.RaftServerProxy (RaftServerProxy.java:remove(95)) - 78eb98d0-10ad-403d-ab68-3e803fb8ec72: remove group-9AD4355EB7C4:null
2019-09-17 15:18:01,849 [RatisPipelineUtilsThread] WARN  pipeline.RatisPipelineUtils (RatisPipelineUtils.java:destroyPipeline(66)) - Pipeline destroy failed for pipeline=PipelineID=855fe8db-a41d-4393-a5b7-9ad4355eb7c4 dn=78eb98d0-10ad-403d-ab68-3e803fb8ec72{ip: 192.168.151.72, host: pr-hdds-2137-trunk-f8w4d-2934045284, networkLocation: /default-rack, certSerialId: null}
2019-09-17 15:18:01,850 [RatisPipelineUtilsThread] ERROR pipeline.SCMPipelineManager (Scheduler.java:lambda$schedule$1(70)) - Destroy pipeline failed for pipeline:Pipeline[ Id: 855fe8db-a41d-4393-a5b7-9ad4355eb7c4, Nodes: 319da950-6258-4a15-a10a-9ff19688a457{ip: 192.168.151.72, host: pr-hdds-2137-trunk-f8w4d-2934045284, networkLocation: /default-rack, certSerialId: null}18c72976-30e0-4eea-a5a6-85bddbc481ac{ip: 192.168.151.72, host: pr-hdds-2137-trunk-f8w4d-2934045284, networkLocation: /default-rack, certSerialId: null}78eb98d0-10ad-403d-ab68-3e803fb8ec72{ip: 192.168.151.72, host: pr-hdds-2137-trunk-f8w4d-2934045284, networkLocation: /default-rack, certSerialId: null}, Type:RATIS, Factor:THREE, State:CLOSED]
org.apache.hadoop.hdds.scm.pipeline.PipelineNotFoundException: PipelineID=855fe8db-a41d-4393-a5b7-9ad4355eb7c4 not found
	at org.apache.hadoop.hdds.scm.pipeline.PipelineStateMap.getPipeline(PipelineStateMap.java:132)
	at org.apache.hadoop.hdds.scm.pipeline.PipelineStateMap.removePipeline(PipelineStateMap.java:322)
	at org.apache.hadoop.hdds.scm.pipeline.PipelineStateManager.removePipeline(PipelineStateManager.java:107)
	at org.apache.hadoop.hdds.scm.pipeline.SCMPipelineManager.removePipeline(SCMPipelineManager.java:423)
	at org.apache.hadoop.hdds.scm.pipeline.SCMPipelineManager.destroyPipeline(SCMPipelineManager.java:409)
	at org.apache.hadoop.hdds.scm.pipeline.SCMPipelineManager.lambda$finalizeAndDestroyPipeline$0(SCMPipelineManager.java:318)
	at org.apache.hadoop.utils.Scheduler.lambda$schedule$1(Scheduler.java:68)
	at java.util.concurrent.Executors$RunnableAdapter.call(Executors.java:511)
	at java.util.concurrent.FutureTask.run(FutureTask.java:266)
	at java.util.concurrent.ScheduledThreadPoolExecutor$ScheduledFutureTask.access$201(ScheduledThreadPoolExecutor.java:180)
	at java.util.concurrent.ScheduledThreadPoolExecutor$ScheduledFutureTask.run(ScheduledThreadPoolExecutor.java:293)
	at java.util.concurrent.ThreadPoolExecutor.runWorker(ThreadPoolExecutor.java:1149)
	at java.util.concurrent.ThreadPoolExecutor$Worker.run(ThreadPoolExecutor.java:624)
	at java.lang.Thread.run(Thread.java:748)
2019-09-17 15:18:02,733 [java.util.concurrent.ThreadPoolExecutor$Worker@35550b30[State = -1, empty queue]] WARN  server.GrpcLogAppender (GrpcLogAppender.java:timeoutAppendRequest(200)) - 18c72976-30e0-4eea-a5a6-85bddbc481ac@group-DD12D3BA22F1->78eb98d0-10ad-403d-ab68-3e803fb8ec72-GrpcLogAppender: appendEntries Timeout, request=18c72976-30e0-4eea-a5a6-85bddbc481ac->78eb98d0-10ad-403d-ab68-3e803fb8ec72#17-t1, previous=(t:1, i:10), leaderCommit=4, initializing? false, entries: <empty>
2019-09-17 15:18:02,733 [java.util.concurrent.ThreadPoolExecutor$Worker@75d7222c[State = -1, empty queue]] WARN  server.GrpcLogAppender (GrpcLogAppender.java:timeoutAppendRequest(200)) - 18c72976-30e0-4eea-a5a6-85bddbc481ac@group-DD12D3BA22F1->319da950-6258-4a15-a10a-9ff19688a457-GrpcLogAppender: appendEntries Timeout, request=18c72976-30e0-4eea-a5a6-85bddbc481ac->319da950-6258-4a15-a10a-9ff19688a457#17-t1, previous=(t:1, i:10), leaderCommit=4, initializing? false, entries: <empty>
2019-09-17 15:18:04,727 [78eb98d0-10ad-403d-ab68-3e803fb8ec72@group-DD12D3BA22F1-SegmentedRaftLogWorker] WARN  segmented.SegmentedRaftLogWorker (SegmentedRaftLogWorker.java:getFromFuture(90)) - Timeout 1/~
org.apache.ratis.protocol.TimeoutIOException: Timeout 10s: WriteLog:5: (t:1, i:5), STATEMACHINELOGENTRY, client-C0CF9D0615A1, cid=50-writeStateMachineData
	at org.apache.ratis.util.IOUtils.getFromFuture(IOUtils.java:87)
	at org.apache.ratis.server.raftlog.segmented.SegmentedRaftLogWorker$StateMachineDataPolicy.getFromFuture(SegmentedRaftLogWorker.java:87)
	at org.apache.ratis.server.raftlog.segmented.SegmentedRaftLogWorker$WriteLog.execute(SegmentedRaftLogWorker.java:477)
	at org.apache.ratis.server.raftlog.segmented.SegmentedRaftLogWorker.run(SegmentedRaftLogWorker.java:289)
	at java.lang.Thread.run(Thread.java:748)
Caused by: java.util.concurrent.TimeoutException
	at java.util.concurrent.CompletableFuture.timedGet(CompletableFuture.java:1771)
	at java.util.concurrent.CompletableFuture.get(CompletableFuture.java:1915)
	at org.apache.ratis.util.IOUtils.getFromFuture(IOUtils.java:79)
	... 4 more
2019-09-17 15:18:04,776 [18c72976-30e0-4eea-a5a6-85bddbc481ac@group-DD12D3BA22F1-SegmentedRaftLogWorker] WARN  segmented.SegmentedRaftLogWorker (SegmentedRaftLogWorker.java:getFromFuture(90)) - Timeout 1/~
org.apache.ratis.protocol.TimeoutIOException: Timeout 10s: WriteLog:6: (t:1, i:6), STATEMACHINELOGENTRY, client-C0CF9D0615A1, cid=51-writeStateMachineData
	at org.apache.ratis.util.IOUtils.getFromFuture(IOUtils.java:87)
	at org.apache.ratis.server.raftlog.segmented.SegmentedRaftLogWorker$StateMachineDataPolicy.getFromFuture(SegmentedRaftLogWorker.java:87)
	at org.apache.ratis.server.raftlog.segmented.SegmentedRaftLogWorker$WriteLog.execute(SegmentedRaftLogWorker.java:477)
	at org.apache.ratis.server.raftlog.segmented.SegmentedRaftLogWorker.run(SegmentedRaftLogWorker.java:289)
	at java.lang.Thread.run(Thread.java:748)
Caused by: java.util.concurrent.TimeoutException
	at java.util.concurrent.CompletableFuture.timedGet(CompletableFuture.java:1771)
	at java.util.concurrent.CompletableFuture.get(CompletableFuture.java:1915)
	at org.apache.ratis.util.IOUtils.getFromFuture(IOUtils.java:79)
	... 4 more
2019-09-17 15:18:04,776 [319da950-6258-4a15-a10a-9ff19688a457@group-DD12D3BA22F1-SegmentedRaftLogWorker] WARN  segmented.SegmentedRaftLogWorker (SegmentedRaftLogWorker.java:getFromFuture(90)) - Timeout 1/~
org.apache.ratis.protocol.TimeoutIOException: Timeout 10s: WriteLog:8: (t:1, i:8), STATEMACHINELOGENTRY, client-C0CF9D0615A1, cid=53-writeStateMachineData
	at org.apache.ratis.util.IOUtils.getFromFuture(IOUtils.java:87)
	at org.apache.ratis.server.raftlog.segmented.SegmentedRaftLogWorker$StateMachineDataPolicy.getFromFuture(SegmentedRaftLogWorker.java:87)
	at org.apache.ratis.server.raftlog.segmented.SegmentedRaftLogWorker$WriteLog.execute(SegmentedRaftLogWorker.java:477)
	at org.apache.ratis.server.raftlog.segmented.SegmentedRaftLogWorker.run(SegmentedRaftLogWorker.java:289)
	at java.lang.Thread.run(Thread.java:748)
Caused by: java.util.concurrent.TimeoutException
	at java.util.concurrent.CompletableFuture.timedGet(CompletableFuture.java:1771)
	at java.util.concurrent.CompletableFuture.get(CompletableFuture.java:1915)
	at org.apache.ratis.util.IOUtils.getFromFuture(IOUtils.java:79)
	... 4 more
2019-09-17 15:18:04,819 [grpc-default-executor-4] INFO  impl.RaftServerProxy (RaftServerProxy.java:remove(95)) - 319da950-6258-4a15-a10a-9ff19688a457: remove group-9AD4355EB7C4:null
2019-09-17 15:18:04,826 [RatisPipelineUtilsThread] WARN  pipeline.RatisPipelineUtils (RatisPipelineUtils.java:destroyPipeline(66)) - Pipeline destroy failed for pipeline=PipelineID=855fe8db-a41d-4393-a5b7-9ad4355eb7c4 dn=319da950-6258-4a15-a10a-9ff19688a457{ip: 192.168.151.72, host: pr-hdds-2137-trunk-f8w4d-2934045284, networkLocation: /default-rack, certSerialId: null}
2019-09-17 15:18:04,829 [grpc-default-executor-4] INFO  impl.RaftServerProxy (RaftServerProxy.java:remove(95)) - 18c72976-30e0-4eea-a5a6-85bddbc481ac: remove group-9AD4355EB7C4:null
2019-09-17 15:18:04,835 [RatisPipelineUtilsThread] WARN  pipeline.RatisPipelineUtils (RatisPipelineUtils.java:destroyPipeline(66)) - Pipeline destroy failed for pipeline=PipelineID=855fe8db-a41d-4393-a5b7-9ad4355eb7c4 dn=18c72976-30e0-4eea-a5a6-85bddbc481ac{ip: 192.168.151.72, host: pr-hdds-2137-trunk-f8w4d-2934045284, networkLocation: /default-rack, certSerialId: null}
2019-09-17 15:18:04,838 [grpc-default-executor-4] INFO  impl.RaftServerProxy (RaftServerProxy.java:remove(95)) - 78eb98d0-10ad-403d-ab68-3e803fb8ec72: remove group-9AD4355EB7C4:null
2019-09-17 15:18:04,844 [RatisPipelineUtilsThread] WARN  pipeline.RatisPipelineUtils (RatisPipelineUtils.java:destroyPipeline(66)) - Pipeline destroy failed for pipeline=PipelineID=855fe8db-a41d-4393-a5b7-9ad4355eb7c4 dn=78eb98d0-10ad-403d-ab68-3e803fb8ec72{ip: 192.168.151.72, host: pr-hdds-2137-trunk-f8w4d-2934045284, networkLocation: /default-rack, certSerialId: null}
2019-09-17 15:18:04,845 [RatisPipelineUtilsThread] ERROR pipeline.SCMPipelineManager (Scheduler.java:lambda$schedule$1(70)) - Destroy pipeline failed for pipeline:Pipeline[ Id: 855fe8db-a41d-4393-a5b7-9ad4355eb7c4, Nodes: 319da950-6258-4a15-a10a-9ff19688a457{ip: 192.168.151.72, host: pr-hdds-2137-trunk-f8w4d-2934045284, networkLocation: /default-rack, certSerialId: null}18c72976-30e0-4eea-a5a6-85bddbc481ac{ip: 192.168.151.72, host: pr-hdds-2137-trunk-f8w4d-2934045284, networkLocation: /default-rack, certSerialId: null}78eb98d0-10ad-403d-ab68-3e803fb8ec72{ip: 192.168.151.72, host: pr-hdds-2137-trunk-f8w4d-2934045284, networkLocation: /default-rack, certSerialId: null}, Type:RATIS, Factor:THREE, State:CLOSED]
org.apache.hadoop.hdds.scm.pipeline.PipelineNotFoundException: PipelineID=855fe8db-a41d-4393-a5b7-9ad4355eb7c4 not found
	at org.apache.hadoop.hdds.scm.pipeline.PipelineStateMap.getPipeline(PipelineStateMap.java:132)
	at org.apache.hadoop.hdds.scm.pipeline.PipelineStateMap.removePipeline(PipelineStateMap.java:322)
	at org.apache.hadoop.hdds.scm.pipeline.PipelineStateManager.removePipeline(PipelineStateManager.java:107)
	at org.apache.hadoop.hdds.scm.pipeline.SCMPipelineManager.removePipeline(SCMPipelineManager.java:423)
	at org.apache.hadoop.hdds.scm.pipeline.SCMPipelineManager.destroyPipeline(SCMPipelineManager.java:409)
	at org.apache.hadoop.hdds.scm.pipeline.SCMPipelineManager.lambda$finalizeAndDestroyPipeline$0(SCMPipelineManager.java:318)
	at org.apache.hadoop.utils.Scheduler.lambda$schedule$1(Scheduler.java:68)
	at java.util.concurrent.Executors$RunnableAdapter.call(Executors.java:511)
	at java.util.concurrent.FutureTask.run(FutureTask.java:266)
	at java.util.concurrent.ScheduledThreadPoolExecutor$ScheduledFutureTask.access$201(ScheduledThreadPoolExecutor.java:180)
	at java.util.concurrent.ScheduledThreadPoolExecutor$ScheduledFutureTask.run(ScheduledThreadPoolExecutor.java:293)
	at java.util.concurrent.ThreadPoolExecutor.runWorker(ThreadPoolExecutor.java:1149)
	at java.util.concurrent.ThreadPoolExecutor$Worker.run(ThreadPoolExecutor.java:624)
	at java.lang.Thread.run(Thread.java:748)
2019-09-17 15:18:04,899 [grpc-default-executor-4] INFO  client.GrpcClientProtocolClient (GrpcClientProtocolClient.java:onNext(264)) - client-C0CF9D0615A1->319da950-6258-4a15-a10a-9ff19688a457: receive RaftClientReply:client-C0CF9D0615A1->319da950-6258-4a15-a10a-9ff19688a457@group-DD12D3BA22F1, cid=50, FAILED org.apache.ratis.protocol.NotLeaderException: Server 319da950-6258-4a15-a10a-9ff19688a457@group-DD12D3BA22F1 is not the leader 18c72976-30e0-4eea-a5a6-85bddbc481ac:192.168.151.72:46844, logIndex=0, commits[319da950-6258-4a15-a10a-9ff19688a457:c4, 18c72976-30e0-4eea-a5a6-85bddbc481ac:c4, 78eb98d0-10ad-403d-ab68-3e803fb8ec72:c3]
2019-09-17 15:18:05,233 [java.util.concurrent.ThreadPoolExecutor$Worker@35550b30[State = -1, empty queue]] WARN  server.GrpcLogAppender (GrpcLogAppender.java:timeoutAppendRequest(200)) - 18c72976-30e0-4eea-a5a6-85bddbc481ac@group-DD12D3BA22F1->78eb98d0-10ad-403d-ab68-3e803fb8ec72-GrpcLogAppender: appendEntries Timeout, request=18c72976-30e0-4eea-a5a6-85bddbc481ac->78eb98d0-10ad-403d-ab68-3e803fb8ec72#18-t1, previous=(t:1, i:10), leaderCommit=4, initializing? false, entries: <empty>
2019-09-17 15:18:05,233 [java.util.concurrent.ThreadPoolExecutor$Worker@75d7222c[State = -1, empty queue]] WARN  server.GrpcLogAppender (GrpcLogAppender.java:timeoutAppendRequest(200)) - 18c72976-30e0-4eea-a5a6-85bddbc481ac@group-DD12D3BA22F1->319da950-6258-4a15-a10a-9ff19688a457-GrpcLogAppender: appendEntries Timeout, request=18c72976-30e0-4eea-a5a6-85bddbc481ac->319da950-6258-4a15-a10a-9ff19688a457#18-t1, previous=(t:1, i:10), leaderCommit=4, initializing? false, entries: <empty>
2019-09-17 15:18:06,820 [grpc-default-executor-6] INFO  impl.RaftServerProxy (RaftServerProxy.java:remove(95)) - 319da950-6258-4a15-a10a-9ff19688a457: remove group-9AD4355EB7C4:null
2019-09-17 15:18:06,828 [RatisPipelineUtilsThread] WARN  pipeline.RatisPipelineUtils (RatisPipelineUtils.java:destroyPipeline(66)) - Pipeline destroy failed for pipeline=PipelineID=855fe8db-a41d-4393-a5b7-9ad4355eb7c4 dn=319da950-6258-4a15-a10a-9ff19688a457{ip: 192.168.151.72, host: pr-hdds-2137-trunk-f8w4d-2934045284, networkLocation: /default-rack, certSerialId: null}
2019-09-17 15:18:06,832 [grpc-default-executor-6] INFO  impl.RaftServerProxy (RaftServerProxy.java:remove(95)) - 18c72976-30e0-4eea-a5a6-85bddbc481ac: remove group-9AD4355EB7C4:null
2019-09-17 15:18:06,839 [RatisPipelineUtilsThread] WARN  pipeline.RatisPipelineUtils (RatisPipelineUtils.java:destroyPipeline(66)) - Pipeline destroy failed for pipeline=PipelineID=855fe8db-a41d-4393-a5b7-9ad4355eb7c4 dn=18c72976-30e0-4eea-a5a6-85bddbc481ac{ip: 192.168.151.72, host: pr-hdds-2137-trunk-f8w4d-2934045284, networkLocation: /default-rack, certSerialId: null}
2019-09-17 15:18:06,843 [grpc-default-executor-6] INFO  impl.RaftServerProxy (RaftServerProxy.java:remove(95)) - 78eb98d0-10ad-403d-ab68-3e803fb8ec72: remove group-9AD4355EB7C4:null
2019-09-17 15:18:06,849 [RatisPipelineUtilsThread] WARN  pipeline.RatisPipelineUtils (RatisPipelineUtils.java:destroyPipeline(66)) - Pipeline destroy failed for pipeline=PipelineID=855fe8db-a41d-4393-a5b7-9ad4355eb7c4 dn=78eb98d0-10ad-403d-ab68-3e803fb8ec72{ip: 192.168.151.72, host: pr-hdds-2137-trunk-f8w4d-2934045284, networkLocation: /default-rack, certSerialId: null}
2019-09-17 15:18:06,849 [RatisPipelineUtilsThread] ERROR pipeline.SCMPipelineManager (Scheduler.java:lambda$schedule$1(70)) - Destroy pipeline failed for pipeline:Pipeline[ Id: 855fe8db-a41d-4393-a5b7-9ad4355eb7c4, Nodes: 319da950-6258-4a15-a10a-9ff19688a457{ip: 192.168.151.72, host: pr-hdds-2137-trunk-f8w4d-2934045284, networkLocation: /default-rack, certSerialId: null}18c72976-30e0-4eea-a5a6-85bddbc481ac{ip: 192.168.151.72, host: pr-hdds-2137-trunk-f8w4d-2934045284, networkLocation: /default-rack, certSerialId: null}78eb98d0-10ad-403d-ab68-3e803fb8ec72{ip: 192.168.151.72, host: pr-hdds-2137-trunk-f8w4d-2934045284, networkLocation: /default-rack, certSerialId: null}, Type:RATIS, Factor:THREE, State:CLOSED]
org.apache.hadoop.hdds.scm.pipeline.PipelineNotFoundException: PipelineID=855fe8db-a41d-4393-a5b7-9ad4355eb7c4 not found
	at org.apache.hadoop.hdds.scm.pipeline.PipelineStateMap.getPipeline(PipelineStateMap.java:132)
	at org.apache.hadoop.hdds.scm.pipeline.PipelineStateMap.removePipeline(PipelineStateMap.java:322)
	at org.apache.hadoop.hdds.scm.pipeline.PipelineStateManager.removePipeline(PipelineStateManager.java:107)
	at org.apache.hadoop.hdds.scm.pipeline.SCMPipelineManager.removePipeline(SCMPipelineManager.java:423)
	at org.apache.hadoop.hdds.scm.pipeline.SCMPipelineManager.destroyPipeline(SCMPipelineManager.java:409)
	at org.apache.hadoop.hdds.scm.pipeline.SCMPipelineManager.lambda$finalizeAndDestroyPipeline$0(SCMPipelineManager.java:318)
	at org.apache.hadoop.utils.Scheduler.lambda$schedule$1(Scheduler.java:68)
	at java.util.concurrent.Executors$RunnableAdapter.call(Executors.java:511)
	at java.util.concurrent.FutureTask.run(FutureTask.java:266)
	at java.util.concurrent.ScheduledThreadPoolExecutor$ScheduledFutureTask.access$201(ScheduledThreadPoolExecutor.java:180)
	at java.util.concurrent.ScheduledThreadPoolExecutor$ScheduledFutureTask.run(ScheduledThreadPoolExecutor.java:293)
	at java.util.concurrent.ThreadPoolExecutor.runWorker(ThreadPoolExecutor.java:1149)
	at java.util.concurrent.ThreadPoolExecutor$Worker.run(ThreadPoolExecutor.java:624)
	at java.lang.Thread.run(Thread.java:748)
2019-09-17 15:18:07,734 [java.util.concurrent.ThreadPoolExecutor$Worker@75d7222c[State = -1, empty queue]] WARN  server.GrpcLogAppender (GrpcLogAppender.java:timeoutAppendRequest(200)) - 18c72976-30e0-4eea-a5a6-85bddbc481ac@group-DD12D3BA22F1->319da950-6258-4a15-a10a-9ff19688a457-GrpcLogAppender: appendEntries Timeout, request=18c72976-30e0-4eea-a5a6-85bddbc481ac->319da950-6258-4a15-a10a-9ff19688a457#19-t1, previous=(t:1, i:10), leaderCommit=4, initializing? false, entries: <empty>
2019-09-17 15:18:07,734 [java.util.concurrent.ThreadPoolExecutor$Worker@35550b30[State = -1, empty queue]] WARN  server.GrpcLogAppender (GrpcLogAppender.java:timeoutAppendRequest(200)) - 18c72976-30e0-4eea-a5a6-85bddbc481ac@group-DD12D3BA22F1->78eb98d0-10ad-403d-ab68-3e803fb8ec72-GrpcLogAppender: appendEntries Timeout, request=18c72976-30e0-4eea-a5a6-85bddbc481ac->78eb98d0-10ad-403d-ab68-3e803fb8ec72#19-t1, previous=(t:1, i:10), leaderCommit=4, initializing? false, entries: <empty>
2019-09-17 15:18:09,821 [grpc-default-executor-4] INFO  impl.RaftServerProxy (RaftServerProxy.java:remove(95)) - 319da950-6258-4a15-a10a-9ff19688a457: remove group-9AD4355EB7C4:null
2019-09-17 15:18:09,829 [RatisPipelineUtilsThread] WARN  pipeline.RatisPipelineUtils (RatisPipelineUtils.java:destroyPipeline(66)) - Pipeline destroy failed for pipeline=PipelineID=855fe8db-a41d-4393-a5b7-9ad4355eb7c4 dn=319da950-6258-4a15-a10a-9ff19688a457{ip: 192.168.151.72, host: pr-hdds-2137-trunk-f8w4d-2934045284, networkLocation: /default-rack, certSerialId: null}
2019-09-17 15:18:09,833 [grpc-default-executor-4] INFO  impl.RaftServerProxy (RaftServerProxy.java:remove(95)) - 18c72976-30e0-4eea-a5a6-85bddbc481ac: remove group-9AD4355EB7C4:null
2019-09-17 15:18:09,849 [RatisPipelineUtilsThread] WARN  pipeline.RatisPipelineUtils (RatisPipelineUtils.java:destroyPipeline(66)) - Pipeline destroy failed for pipeline=PipelineID=855fe8db-a41d-4393-a5b7-9ad4355eb7c4 dn=18c72976-30e0-4eea-a5a6-85bddbc481ac{ip: 192.168.151.72, host: pr-hdds-2137-trunk-f8w4d-2934045284, networkLocation: /default-rack, certSerialId: null}
2019-09-17 15:18:09,853 [grpc-default-executor-4] INFO  impl.RaftServerProxy (RaftServerProxy.java:remove(95)) - 78eb98d0-10ad-403d-ab68-3e803fb8ec72: remove group-9AD4355EB7C4:null
2019-09-17 15:18:09,857 [RatisPipelineUtilsThread] WARN  pipeline.RatisPipelineUtils (RatisPipelineUtils.java:destroyPipeline(66)) - Pipeline destroy failed for pipeline=PipelineID=855fe8db-a41d-4393-a5b7-9ad4355eb7c4 dn=78eb98d0-10ad-403d-ab68-3e803fb8ec72{ip: 192.168.151.72, host: pr-hdds-2137-trunk-f8w4d-2934045284, networkLocation: /default-rack, certSerialId: null}
2019-09-17 15:18:09,858 [RatisPipelineUtilsThread] ERROR pipeline.SCMPipelineManager (Scheduler.java:lambda$schedule$1(70)) - Destroy pipeline failed for pipeline:Pipeline[ Id: 855fe8db-a41d-4393-a5b7-9ad4355eb7c4, Nodes: 319da950-6258-4a15-a10a-9ff19688a457{ip: 192.168.151.72, host: pr-hdds-2137-trunk-f8w4d-2934045284, networkLocation: /default-rack, certSerialId: null}18c72976-30e0-4eea-a5a6-85bddbc481ac{ip: 192.168.151.72, host: pr-hdds-2137-trunk-f8w4d-2934045284, networkLocation: /default-rack, certSerialId: null}78eb98d0-10ad-403d-ab68-3e803fb8ec72{ip: 192.168.151.72, host: pr-hdds-2137-trunk-f8w4d-2934045284, networkLocation: /default-rack, certSerialId: null}, Type:RATIS, Factor:THREE, State:CLOSED]
org.apache.hadoop.hdds.scm.pipeline.PipelineNotFoundException: PipelineID=855fe8db-a41d-4393-a5b7-9ad4355eb7c4 not found
	at org.apache.hadoop.hdds.scm.pipeline.PipelineStateMap.getPipeline(PipelineStateMap.java:132)
	at org.apache.hadoop.hdds.scm.pipeline.PipelineStateMap.removePipeline(PipelineStateMap.java:322)
	at org.apache.hadoop.hdds.scm.pipeline.PipelineStateManager.removePipeline(PipelineStateManager.java:107)
	at org.apache.hadoop.hdds.scm.pipeline.SCMPipelineManager.removePipeline(SCMPipelineManager.java:423)
	at org.apache.hadoop.hdds.scm.pipeline.SCMPipelineManager.destroyPipeline(SCMPipelineManager.java:409)
	at org.apache.hadoop.hdds.scm.pipeline.SCMPipelineManager.lambda$finalizeAndDestroyPipeline$0(SCMPipelineManager.java:318)
	at org.apache.hadoop.utils.Scheduler.lambda$schedule$1(Scheduler.java:68)
	at java.util.concurrent.Executors$RunnableAdapter.call(Executors.java:511)
	at java.util.concurrent.FutureTask.run(FutureTask.java:266)
	at java.util.concurrent.ScheduledThreadPoolExecutor$ScheduledFutureTask.access$201(ScheduledThreadPoolExecutor.java:180)
	at java.util.concurrent.ScheduledThreadPoolExecutor$ScheduledFutureTask.run(ScheduledThreadPoolExecutor.java:293)
	at java.util.concurrent.ThreadPoolExecutor.runWorker(ThreadPoolExecutor.java:1149)
	at java.util.concurrent.ThreadPoolExecutor$Worker.run(ThreadPoolExecutor.java:624)
	at java.lang.Thread.run(Thread.java:748)
2019-09-17 15:18:09,938 [grpc-default-executor-4] INFO  client.GrpcClientProtocolClient (GrpcClientProtocolClient.java:onNext(264)) - client-C0CF9D0615A1->78eb98d0-10ad-403d-ab68-3e803fb8ec72: receive RaftClientReply:client-C0CF9D0615A1->78eb98d0-10ad-403d-ab68-3e803fb8ec72@group-DD12D3BA22F1, cid=50, FAILED org.apache.ratis.protocol.NotLeaderException: Server 78eb98d0-10ad-403d-ab68-3e803fb8ec72@group-DD12D3BA22F1 is not the leader 18c72976-30e0-4eea-a5a6-85bddbc481ac:192.168.151.72:46844, logIndex=0, commits[78eb98d0-10ad-403d-ab68-3e803fb8ec72:c4, 18c72976-30e0-4eea-a5a6-85bddbc481ac:c4, 319da950-6258-4a15-a10a-9ff19688a457:c3]
2019-09-17 15:18:10,234 [java.util.concurrent.ThreadPoolExecutor$Worker@75d7222c[State = -1, empty queue]] WARN  server.GrpcLogAppender (GrpcLogAppender.java:timeoutAppendRequest(200)) - 18c72976-30e0-4eea-a5a6-85bddbc481ac@group-DD12D3BA22F1->319da950-6258-4a15-a10a-9ff19688a457-GrpcLogAppender: appendEntries Timeout, request=18c72976-30e0-4eea-a5a6-85bddbc481ac->319da950-6258-4a15-a10a-9ff19688a457#20-t1, previous=(t:1, i:10), leaderCommit=4, initializing? false, entries: <empty>
2019-09-17 15:18:10,234 [java.util.concurrent.ThreadPoolExecutor$Worker@35550b30[State = -1, empty queue]] WARN  server.GrpcLogAppender (GrpcLogAppender.java:timeoutAppendRequest(200)) - 18c72976-30e0-4eea-a5a6-85bddbc481ac@group-DD12D3BA22F1->78eb98d0-10ad-403d-ab68-3e803fb8ec72-GrpcLogAppender: appendEntries Timeout, request=18c72976-30e0-4eea-a5a6-85bddbc481ac->78eb98d0-10ad-403d-ab68-3e803fb8ec72#20-t1, previous=(t:1, i:10), leaderCommit=4, initializing? false, entries: <empty>
2019-09-17 15:18:11,820 [grpc-default-executor-6] INFO  impl.RaftServerProxy (RaftServerProxy.java:remove(95)) - 319da950-6258-4a15-a10a-9ff19688a457: remove group-9AD4355EB7C4:null
2019-09-17 15:18:11,825 [RatisPipelineUtilsThread] WARN  pipeline.RatisPipelineUtils (RatisPipelineUtils.java:destroyPipeline(66)) - Pipeline destroy failed for pipeline=PipelineID=855fe8db-a41d-4393-a5b7-9ad4355eb7c4 dn=319da950-6258-4a15-a10a-9ff19688a457{ip: 192.168.151.72, host: pr-hdds-2137-trunk-f8w4d-2934045284, networkLocation: /default-rack, certSerialId: null}
2019-09-17 15:18:11,828 [grpc-default-executor-6] INFO  impl.RaftServerProxy (RaftServerProxy.java:remove(95)) - 18c72976-30e0-4eea-a5a6-85bddbc481ac: remove group-9AD4355EB7C4:null
2019-09-17 15:18:11,832 [RatisPipelineUtilsThread] WARN  pipeline.RatisPipelineUtils (RatisPipelineUtils.java:destroyPipeline(66)) - Pipeline destroy failed for pipeline=PipelineID=855fe8db-a41d-4393-a5b7-9ad4355eb7c4 dn=18c72976-30e0-4eea-a5a6-85bddbc481ac{ip: 192.168.151.72, host: pr-hdds-2137-trunk-f8w4d-2934045284, networkLocation: /default-rack, certSerialId: null}
2019-09-17 15:18:11,835 [grpc-default-executor-6] INFO  impl.RaftServerProxy (RaftServerProxy.java:remove(95)) - 78eb98d0-10ad-403d-ab68-3e803fb8ec72: remove group-9AD4355EB7C4:null
2019-09-17 15:18:11,838 [RatisPipelineUtilsThread] WARN  pipeline.RatisPipelineUtils (RatisPipelineUtils.java:destroyPipeline(66)) - Pipeline destroy failed for pipeline=PipelineID=855fe8db-a41d-4393-a5b7-9ad4355eb7c4 dn=78eb98d0-10ad-403d-ab68-3e803fb8ec72{ip: 192.168.151.72, host: pr-hdds-2137-trunk-f8w4d-2934045284, networkLocation: /default-rack, certSerialId: null}
2019-09-17 15:18:11,839 [RatisPipelineUtilsThread] ERROR pipeline.SCMPipelineManager (Scheduler.java:lambda$schedule$1(70)) - Destroy pipeline failed for pipeline:Pipeline[ Id: 855fe8db-a41d-4393-a5b7-9ad4355eb7c4, Nodes: 319da950-6258-4a15-a10a-9ff19688a457{ip: 192.168.151.72, host: pr-hdds-2137-trunk-f8w4d-2934045284, networkLocation: /default-rack, certSerialId: null}18c72976-30e0-4eea-a5a6-85bddbc481ac{ip: 192.168.151.72, host: pr-hdds-2137-trunk-f8w4d-2934045284, networkLocation: /default-rack, certSerialId: null}78eb98d0-10ad-403d-ab68-3e803fb8ec72{ip: 192.168.151.72, host: pr-hdds-2137-trunk-f8w4d-2934045284, networkLocation: /default-rack, certSerialId: null}, Type:RATIS, Factor:THREE, State:CLOSED]
org.apache.hadoop.hdds.scm.pipeline.PipelineNotFoundException: PipelineID=855fe8db-a41d-4393-a5b7-9ad4355eb7c4 not found
	at org.apache.hadoop.hdds.scm.pipeline.PipelineStateMap.getPipeline(PipelineStateMap.java:132)
	at org.apache.hadoop.hdds.scm.pipeline.PipelineStateMap.removePipeline(PipelineStateMap.java:322)
	at org.apache.hadoop.hdds.scm.pipeline.PipelineStateManager.removePipeline(PipelineStateManager.java:107)
	at org.apache.hadoop.hdds.scm.pipeline.SCMPipelineManager.removePipeline(SCMPipelineManager.java:423)
	at org.apache.hadoop.hdds.scm.pipeline.SCMPipelineManager.destroyPipeline(SCMPipelineManager.java:409)
	at org.apache.hadoop.hdds.scm.pipeline.SCMPipelineManager.lambda$finalizeAndDestroyPipeline$0(SCMPipelineManager.java:318)
	at org.apache.hadoop.utils.Scheduler.lambda$schedule$1(Scheduler.java:68)
	at java.util.concurrent.Executors$RunnableAdapter.call(Executors.java:511)
	at java.util.concurrent.FutureTask.run(FutureTask.java:266)
	at java.util.concurrent.ScheduledThreadPoolExecutor$ScheduledFutureTask.access$201(ScheduledThreadPoolExecutor.java:180)
	at java.util.concurrent.ScheduledThreadPoolExecutor$ScheduledFutureTask.run(ScheduledThreadPoolExecutor.java:293)
	at java.util.concurrent.ThreadPoolExecutor.runWorker(ThreadPoolExecutor.java:1149)
	at java.util.concurrent.ThreadPoolExecutor$Worker.run(ThreadPoolExecutor.java:624)
	at java.lang.Thread.run(Thread.java:748)
2019-09-17 15:18:12,734 [java.util.concurrent.ThreadPoolExecutor$Worker@35550b30[State = -1, empty queue]] WARN  server.GrpcLogAppender (GrpcLogAppender.java:timeoutAppendRequest(200)) - 18c72976-30e0-4eea-a5a6-85bddbc481ac@group-DD12D3BA22F1->78eb98d0-10ad-403d-ab68-3e803fb8ec72-GrpcLogAppender: appendEntries Timeout, request=18c72976-30e0-4eea-a5a6-85bddbc481ac->78eb98d0-10ad-403d-ab68-3e803fb8ec72#21-t1, previous=(t:1, i:10), leaderCommit=4, initializing? false, entries: <empty>
2019-09-17 15:18:12,734 [java.util.concurrent.ThreadPoolExecutor$Worker@75d7222c[State = -1, empty queue]] WARN  server.GrpcLogAppender (GrpcLogAppender.java:timeoutAppendRequest(200)) - 18c72976-30e0-4eea-a5a6-85bddbc481ac@group-DD12D3BA22F1->319da950-6258-4a15-a10a-9ff19688a457-GrpcLogAppender: appendEntries Timeout, request=18c72976-30e0-4eea-a5a6-85bddbc481ac->319da950-6258-4a15-a10a-9ff19688a457#21-t1, previous=(t:1, i:10), leaderCommit=4, initializing? false, entries: <empty>
2019-09-17 15:18:14,729 [78eb98d0-10ad-403d-ab68-3e803fb8ec72@group-DD12D3BA22F1-SegmentedRaftLogWorker] WARN  segmented.SegmentedRaftLogWorker (SegmentedRaftLogWorker.java:getFromFuture(90)) - Timeout 2/~
org.apache.ratis.protocol.TimeoutIOException: Timeout 10s: WriteLog:5: (t:1, i:5), STATEMACHINELOGENTRY, client-C0CF9D0615A1, cid=50-writeStateMachineData
	at org.apache.ratis.util.IOUtils.getFromFuture(IOUtils.java:87)
	at org.apache.ratis.server.raftlog.segmented.SegmentedRaftLogWorker$StateMachineDataPolicy.getFromFuture(SegmentedRaftLogWorker.java:87)
	at org.apache.ratis.server.raftlog.segmented.SegmentedRaftLogWorker$WriteLog.execute(SegmentedRaftLogWorker.java:477)
	at org.apache.ratis.server.raftlog.segmented.SegmentedRaftLogWorker.run(SegmentedRaftLogWorker.java:289)
	at java.lang.Thread.run(Thread.java:748)
Caused by: java.util.concurrent.TimeoutException
	at java.util.concurrent.CompletableFuture.timedGet(CompletableFuture.java:1771)
	at java.util.concurrent.CompletableFuture.get(CompletableFuture.java:1915)
	at org.apache.ratis.util.IOUtils.getFromFuture(IOUtils.java:79)
	... 4 more
2019-09-17 15:18:14,776 [18c72976-30e0-4eea-a5a6-85bddbc481ac@group-DD12D3BA22F1-SegmentedRaftLogWorker] WARN  segmented.SegmentedRaftLogWorker (SegmentedRaftLogWorker.java:getFromFuture(90)) - Timeout 2/~
org.apache.ratis.protocol.TimeoutIOException: Timeout 10s: WriteLog:6: (t:1, i:6), STATEMACHINELOGENTRY, client-C0CF9D0615A1, cid=51-writeStateMachineData
	at org.apache.ratis.util.IOUtils.getFromFuture(IOUtils.java:87)
	at org.apache.ratis.server.raftlog.segmented.SegmentedRaftLogWorker$StateMachineDataPolicy.getFromFuture(SegmentedRaftLogWorker.java:87)
	at org.apache.ratis.server.raftlog.segmented.SegmentedRaftLogWorker$WriteLog.execute(SegmentedRaftLogWorker.java:477)
	at org.apache.ratis.server.raftlog.segmented.SegmentedRaftLogWorker.run(SegmentedRaftLogWorker.java:289)
	at java.lang.Thread.run(Thread.java:748)
Caused by: java.util.concurrent.TimeoutException
	at java.util.concurrent.CompletableFuture.timedGet(CompletableFuture.java:1771)
	at java.util.concurrent.CompletableFuture.get(CompletableFuture.java:1915)
	at org.apache.ratis.util.IOUtils.getFromFuture(IOUtils.java:79)
	... 4 more
2019-09-17 15:18:14,777 [319da950-6258-4a15-a10a-9ff19688a457@group-DD12D3BA22F1-SegmentedRaftLogWorker] WARN  segmented.SegmentedRaftLogWorker (SegmentedRaftLogWorker.java:getFromFuture(90)) - Timeout 2/~
org.apache.ratis.protocol.TimeoutIOException: Timeout 10s: WriteLog:8: (t:1, i:8), STATEMACHINELOGENTRY, client-C0CF9D0615A1, cid=53-writeStateMachineData
	at org.apache.ratis.util.IOUtils.getFromFuture(IOUtils.java:87)
	at org.apache.ratis.server.raftlog.segmented.SegmentedRaftLogWorker$StateMachineDataPolicy.getFromFuture(SegmentedRaftLogWorker.java:87)
	at org.apache.ratis.server.raftlog.segmented.SegmentedRaftLogWorker$WriteLog.execute(SegmentedRaftLogWorker.java:477)
	at org.apache.ratis.server.raftlog.segmented.SegmentedRaftLogWorker.run(SegmentedRaftLogWorker.java:289)
	at java.lang.Thread.run(Thread.java:748)
Caused by: java.util.concurrent.TimeoutException
	at java.util.concurrent.CompletableFuture.timedGet(CompletableFuture.java:1771)
	at java.util.concurrent.CompletableFuture.get(CompletableFuture.java:1915)
	at org.apache.ratis.util.IOUtils.getFromFuture(IOUtils.java:79)
	... 4 more
2019-09-17 15:18:14,826 [grpc-default-executor-4] INFO  impl.RaftServerProxy (RaftServerProxy.java:remove(95)) - 319da950-6258-4a15-a10a-9ff19688a457: remove group-9AD4355EB7C4:null
2019-09-17 15:18:14,831 [RatisPipelineUtilsThread] WARN  pipeline.RatisPipelineUtils (RatisPipelineUtils.java:destroyPipeline(66)) - Pipeline destroy failed for pipeline=PipelineID=855fe8db-a41d-4393-a5b7-9ad4355eb7c4 dn=319da950-6258-4a15-a10a-9ff19688a457{ip: 192.168.151.72, host: pr-hdds-2137-trunk-f8w4d-2934045284, networkLocation: /default-rack, certSerialId: null}
2019-09-17 15:18:14,835 [grpc-default-executor-4] INFO  impl.RaftServerProxy (RaftServerProxy.java:remove(95)) - 18c72976-30e0-4eea-a5a6-85bddbc481ac: remove group-9AD4355EB7C4:null
2019-09-17 15:18:14,837 [RatisPipelineUtilsThread] WARN  pipeline.RatisPipelineUtils (RatisPipelineUtils.java:destroyPipeline(66)) - Pipeline destroy failed for pipeline=PipelineID=855fe8db-a41d-4393-a5b7-9ad4355eb7c4 dn=18c72976-30e0-4eea-a5a6-85bddbc481ac{ip: 192.168.151.72, host: pr-hdds-2137-trunk-f8w4d-2934045284, networkLocation: /default-rack, certSerialId: null}
2019-09-17 15:18:14,841 [grpc-default-executor-4] INFO  impl.RaftServerProxy (RaftServerProxy.java:remove(95)) - 78eb98d0-10ad-403d-ab68-3e803fb8ec72: remove group-9AD4355EB7C4:null
2019-09-17 15:18:14,844 [RatisPipelineUtilsThread] WARN  pipeline.RatisPipelineUtils (RatisPipelineUtils.java:destroyPipeline(66)) - Pipeline destroy failed for pipeline=PipelineID=855fe8db-a41d-4393-a5b7-9ad4355eb7c4 dn=78eb98d0-10ad-403d-ab68-3e803fb8ec72{ip: 192.168.151.72, host: pr-hdds-2137-trunk-f8w4d-2934045284, networkLocation: /default-rack, certSerialId: null}
2019-09-17 15:18:14,844 [RatisPipelineUtilsThread] ERROR pipeline.SCMPipelineManager (Scheduler.java:lambda$schedule$1(70)) - Destroy pipeline failed for pipeline:Pipeline[ Id: 855fe8db-a41d-4393-a5b7-9ad4355eb7c4, Nodes: 319da950-6258-4a15-a10a-9ff19688a457{ip: 192.168.151.72, host: pr-hdds-2137-trunk-f8w4d-2934045284, networkLocation: /default-rack, certSerialId: null}18c72976-30e0-4eea-a5a6-85bddbc481ac{ip: 192.168.151.72, host: pr-hdds-2137-trunk-f8w4d-2934045284, networkLocation: /default-rack, certSerialId: null}78eb98d0-10ad-403d-ab68-3e803fb8ec72{ip: 192.168.151.72, host: pr-hdds-2137-trunk-f8w4d-2934045284, networkLocation: /default-rack, certSerialId: null}, Type:RATIS, Factor:THREE, State:CLOSED]
org.apache.hadoop.hdds.scm.pipeline.PipelineNotFoundException: PipelineID=855fe8db-a41d-4393-a5b7-9ad4355eb7c4 not found
	at org.apache.hadoop.hdds.scm.pipeline.PipelineStateMap.getPipeline(PipelineStateMap.java:132)
	at org.apache.hadoop.hdds.scm.pipeline.PipelineStateMap.removePipeline(PipelineStateMap.java:322)
	at org.apache.hadoop.hdds.scm.pipeline.PipelineStateManager.removePipeline(PipelineStateManager.java:107)
	at org.apache.hadoop.hdds.scm.pipeline.SCMPipelineManager.removePipeline(SCMPipelineManager.java:423)
	at org.apache.hadoop.hdds.scm.pipeline.SCMPipelineManager.destroyPipeline(SCMPipelineManager.java:409)
	at org.apache.hadoop.hdds.scm.pipeline.SCMPipelineManager.lambda$finalizeAndDestroyPipeline$0(SCMPipelineManager.java:318)
	at org.apache.hadoop.utils.Scheduler.lambda$schedule$1(Scheduler.java:68)
	at java.util.concurrent.Executors$RunnableAdapter.call(Executors.java:511)
	at java.util.concurrent.FutureTask.run(FutureTask.java:266)
	at java.util.concurrent.ScheduledThreadPoolExecutor$ScheduledFutureTask.access$201(ScheduledThreadPoolExecutor.java:180)
	at java.util.concurrent.ScheduledThreadPoolExecutor$ScheduledFutureTask.run(ScheduledThreadPoolExecutor.java:293)
	at java.util.concurrent.ThreadPoolExecutor.runWorker(ThreadPoolExecutor.java:1149)
	at java.util.concurrent.ThreadPoolExecutor$Worker.run(ThreadPoolExecutor.java:624)
	at java.lang.Thread.run(Thread.java:748)
2019-09-17 15:18:14,986 [grpc-default-executor-4] INFO  client.GrpcClientProtocolClient (GrpcClientProtocolClient.java:onNext(264)) - client-C0CF9D0615A1->78eb98d0-10ad-403d-ab68-3e803fb8ec72: receive RaftClientReply:client-C0CF9D0615A1->78eb98d0-10ad-403d-ab68-3e803fb8ec72@group-DD12D3BA22F1, cid=50, FAILED org.apache.ratis.protocol.NotLeaderException: Server 78eb98d0-10ad-403d-ab68-3e803fb8ec72@group-DD12D3BA22F1 is not the leader 18c72976-30e0-4eea-a5a6-85bddbc481ac:192.168.151.72:46844, logIndex=0, commits[78eb98d0-10ad-403d-ab68-3e803fb8ec72:c4, 18c72976-30e0-4eea-a5a6-85bddbc481ac:c4, 319da950-6258-4a15-a10a-9ff19688a457:c3]
2019-09-17 15:18:15,235 [java.util.concurrent.ThreadPoolExecutor$Worker@75d7222c[State = -1, empty queue]] WARN  server.GrpcLogAppender (GrpcLogAppender.java:timeoutAppendRequest(200)) - 18c72976-30e0-4eea-a5a6-85bddbc481ac@group-DD12D3BA22F1->319da950-6258-4a15-a10a-9ff19688a457-GrpcLogAppender: appendEntries Timeout, request=18c72976-30e0-4eea-a5a6-85bddbc481ac->319da950-6258-4a15-a10a-9ff19688a457#22-t1, previous=(t:1, i:10), leaderCommit=4, initializing? false, entries: <empty>
2019-09-17 15:18:15,235 [java.util.concurrent.ThreadPoolExecutor$Worker@35550b30[State = -1, empty queue]] WARN  server.GrpcLogAppender (GrpcLogAppender.java:timeoutAppendRequest(200)) - 18c72976-30e0-4eea-a5a6-85bddbc481ac@group-DD12D3BA22F1->78eb98d0-10ad-403d-ab68-3e803fb8ec72-GrpcLogAppender: appendEntries Timeout, request=18c72976-30e0-4eea-a5a6-85bddbc481ac->78eb98d0-10ad-403d-ab68-3e803fb8ec72#22-t1, previous=(t:1, i:10), leaderCommit=4, initializing? false, entries: <empty>
2019-09-17 15:18:16,823 [grpc-default-executor-6] INFO  impl.RaftServerProxy (RaftServerProxy.java:remove(95)) - 319da950-6258-4a15-a10a-9ff19688a457: remove group-9AD4355EB7C4:null
2019-09-17 15:18:16,827 [RatisPipelineUtilsThread] WARN  pipeline.RatisPipelineUtils (RatisPipelineUtils.java:destroyPipeline(66)) - Pipeline destroy failed for pipeline=PipelineID=855fe8db-a41d-4393-a5b7-9ad4355eb7c4 dn=319da950-6258-4a15-a10a-9ff19688a457{ip: 192.168.151.72, host: pr-hdds-2137-trunk-f8w4d-2934045284, networkLocation: /default-rack, certSerialId: null}
2019-09-17 15:18:16,831 [grpc-default-executor-6] INFO  impl.RaftServerProxy (RaftServerProxy.java:remove(95)) - 18c72976-30e0-4eea-a5a6-85bddbc481ac: remove group-9AD4355EB7C4:null
2019-09-17 15:18:16,834 [RatisPipelineUtilsThread] WARN  pipeline.RatisPipelineUtils (RatisPipelineUtils.java:destroyPipeline(66)) - Pipeline destroy failed for pipeline=PipelineID=855fe8db-a41d-4393-a5b7-9ad4355eb7c4 dn=18c72976-30e0-4eea-a5a6-85bddbc481ac{ip: 192.168.151.72, host: pr-hdds-2137-trunk-f8w4d-2934045284, networkLocation: /default-rack, certSerialId: null}
2019-09-17 15:18:16,837 [grpc-default-executor-6] INFO  impl.RaftServerProxy (RaftServerProxy.java:remove(95)) - 78eb98d0-10ad-403d-ab68-3e803fb8ec72: remove group-9AD4355EB7C4:null
2019-09-17 15:18:16,840 [RatisPipelineUtilsThread] WARN  pipeline.RatisPipelineUtils (RatisPipelineUtils.java:destroyPipeline(66)) - Pipeline destroy failed for pipeline=PipelineID=855fe8db-a41d-4393-a5b7-9ad4355eb7c4 dn=78eb98d0-10ad-403d-ab68-3e803fb8ec72{ip: 192.168.151.72, host: pr-hdds-2137-trunk-f8w4d-2934045284, networkLocation: /default-rack, certSerialId: null}
2019-09-17 15:18:16,841 [RatisPipelineUtilsThread] ERROR pipeline.SCMPipelineManager (Scheduler.java:lambda$schedule$1(70)) - Destroy pipeline failed for pipeline:Pipeline[ Id: 855fe8db-a41d-4393-a5b7-9ad4355eb7c4, Nodes: 319da950-6258-4a15-a10a-9ff19688a457{ip: 192.168.151.72, host: pr-hdds-2137-trunk-f8w4d-2934045284, networkLocation: /default-rack, certSerialId: null}18c72976-30e0-4eea-a5a6-85bddbc481ac{ip: 192.168.151.72, host: pr-hdds-2137-trunk-f8w4d-2934045284, networkLocation: /default-rack, certSerialId: null}78eb98d0-10ad-403d-ab68-3e803fb8ec72{ip: 192.168.151.72, host: pr-hdds-2137-trunk-f8w4d-2934045284, networkLocation: /default-rack, certSerialId: null}, Type:RATIS, Factor:THREE, State:CLOSED]
org.apache.hadoop.hdds.scm.pipeline.PipelineNotFoundException: PipelineID=855fe8db-a41d-4393-a5b7-9ad4355eb7c4 not found
	at org.apache.hadoop.hdds.scm.pipeline.PipelineStateMap.getPipeline(PipelineStateMap.java:132)
	at org.apache.hadoop.hdds.scm.pipeline.PipelineStateMap.removePipeline(PipelineStateMap.java:322)
	at org.apache.hadoop.hdds.scm.pipeline.PipelineStateManager.removePipeline(PipelineStateManager.java:107)
	at org.apache.hadoop.hdds.scm.pipeline.SCMPipelineManager.removePipeline(SCMPipelineManager.java:423)
	at org.apache.hadoop.hdds.scm.pipeline.SCMPipelineManager.destroyPipeline(SCMPipelineManager.java:409)
	at org.apache.hadoop.hdds.scm.pipeline.SCMPipelineManager.lambda$finalizeAndDestroyPipeline$0(SCMPipelineManager.java:318)
	at org.apache.hadoop.utils.Scheduler.lambda$schedule$1(Scheduler.java:68)
	at java.util.concurrent.Executors$RunnableAdapter.call(Executors.java:511)
	at java.util.concurrent.FutureTask.run(FutureTask.java:266)
	at java.util.concurrent.ScheduledThreadPoolExecutor$ScheduledFutureTask.access$201(ScheduledThreadPoolExecutor.java:180)
	at java.util.concurrent.ScheduledThreadPoolExecutor$ScheduledFutureTask.run(ScheduledThreadPoolExecutor.java:293)
	at java.util.concurrent.ThreadPoolExecutor.runWorker(ThreadPoolExecutor.java:1149)
	at java.util.concurrent.ThreadPoolExecutor$Worker.run(ThreadPoolExecutor.java:624)
	at java.lang.Thread.run(Thread.java:748)
2019-09-17 15:18:17,736 [java.util.concurrent.ThreadPoolExecutor$Worker@35550b30[State = -1, empty queue]] WARN  server.GrpcLogAppender (GrpcLogAppender.java:timeoutAppendRequest(200)) - 18c72976-30e0-4eea-a5a6-85bddbc481ac@group-DD12D3BA22F1->78eb98d0-10ad-403d-ab68-3e803fb8ec72-GrpcLogAppender: appendEntries Timeout, request=18c72976-30e0-4eea-a5a6-85bddbc481ac->78eb98d0-10ad-403d-ab68-3e803fb8ec72#23-t1, previous=(t:1, i:10), leaderCommit=4, initializing? false, entries: <empty>
2019-09-17 15:18:17,736 [java.util.concurrent.ThreadPoolExecutor$Worker@75d7222c[State = -1, empty queue]] WARN  server.GrpcLogAppender (GrpcLogAppender.java:timeoutAppendRequest(200)) - 18c72976-30e0-4eea-a5a6-85bddbc481ac@group-DD12D3BA22F1->319da950-6258-4a15-a10a-9ff19688a457-GrpcLogAppender: appendEntries Timeout, request=18c72976-30e0-4eea-a5a6-85bddbc481ac->319da950-6258-4a15-a10a-9ff19688a457#23-t1, previous=(t:1, i:10), leaderCommit=4, initializing? false, entries: <empty>
2019-09-17 15:18:19,823 [grpc-default-executor-6] INFO  impl.RaftServerProxy (RaftServerProxy.java:remove(95)) - 319da950-6258-4a15-a10a-9ff19688a457: remove group-9AD4355EB7C4:null
2019-09-17 15:18:19,828 [RatisPipelineUtilsThread] WARN  pipeline.RatisPipelineUtils (RatisPipelineUtils.java:destroyPipeline(66)) - Pipeline destroy failed for pipeline=PipelineID=855fe8db-a41d-4393-a5b7-9ad4355eb7c4 dn=319da950-6258-4a15-a10a-9ff19688a457{ip: 192.168.151.72, host: pr-hdds-2137-trunk-f8w4d-2934045284, networkLocation: /default-rack, certSerialId: null}
2019-09-17 15:18:19,831 [grpc-default-executor-6] INFO  impl.RaftServerProxy (RaftServerProxy.java:remove(95)) - 18c72976-30e0-4eea-a5a6-85bddbc481ac: remove group-9AD4355EB7C4:null
2019-09-17 15:18:19,834 [RatisPipelineUtilsThread] WARN  pipeline.RatisPipelineUtils (RatisPipelineUtils.java:destroyPipeline(66)) - Pipeline destroy failed for pipeline=PipelineID=855fe8db-a41d-4393-a5b7-9ad4355eb7c4 dn=18c72976-30e0-4eea-a5a6-85bddbc481ac{ip: 192.168.151.72, host: pr-hdds-2137-trunk-f8w4d-2934045284, networkLocation: /default-rack, certSerialId: null}
2019-09-17 15:18:19,837 [grpc-default-executor-6] INFO  impl.RaftServerProxy (RaftServerProxy.java:remove(95)) - 78eb98d0-10ad-403d-ab68-3e803fb8ec72: remove group-9AD4355EB7C4:null
2019-09-17 15:18:19,840 [RatisPipelineUtilsThread] WARN  pipeline.RatisPipelineUtils (RatisPipelineUtils.java:destroyPipeline(66)) - Pipeline destroy failed for pipeline=PipelineID=855fe8db-a41d-4393-a5b7-9ad4355eb7c4 dn=78eb98d0-10ad-403d-ab68-3e803fb8ec72{ip: 192.168.151.72, host: pr-hdds-2137-trunk-f8w4d-2934045284, networkLocation: /default-rack, certSerialId: null}
2019-09-17 15:18:19,840 [RatisPipelineUtilsThread] ERROR pipeline.SCMPipelineManager (Scheduler.java:lambda$schedule$1(70)) - Destroy pipeline failed for pipeline:Pipeline[ Id: 855fe8db-a41d-4393-a5b7-9ad4355eb7c4, Nodes: 319da950-6258-4a15-a10a-9ff19688a457{ip: 192.168.151.72, host: pr-hdds-2137-trunk-f8w4d-2934045284, networkLocation: /default-rack, certSerialId: null}18c72976-30e0-4eea-a5a6-85bddbc481ac{ip: 192.168.151.72, host: pr-hdds-2137-trunk-f8w4d-2934045284, networkLocation: /default-rack, certSerialId: null}78eb98d0-10ad-403d-ab68-3e803fb8ec72{ip: 192.168.151.72, host: pr-hdds-2137-trunk-f8w4d-2934045284, networkLocation: /default-rack, certSerialId: null}, Type:RATIS, Factor:THREE, State:CLOSED]
org.apache.hadoop.hdds.scm.pipeline.PipelineNotFoundException: PipelineID=855fe8db-a41d-4393-a5b7-9ad4355eb7c4 not found
	at org.apache.hadoop.hdds.scm.pipeline.PipelineStateMap.getPipeline(PipelineStateMap.java:132)
	at org.apache.hadoop.hdds.scm.pipeline.PipelineStateMap.removePipeline(PipelineStateMap.java:322)
	at org.apache.hadoop.hdds.scm.pipeline.PipelineStateManager.removePipeline(PipelineStateManager.java:107)
	at org.apache.hadoop.hdds.scm.pipeline.SCMPipelineManager.removePipeline(SCMPipelineManager.java:423)
	at org.apache.hadoop.hdds.scm.pipeline.SCMPipelineManager.destroyPipeline(SCMPipelineManager.java:409)
	at org.apache.hadoop.hdds.scm.pipeline.SCMPipelineManager.lambda$finalizeAndDestroyPipeline$0(SCMPipelineManager.java:318)
	at org.apache.hadoop.utils.Scheduler.lambda$schedule$1(Scheduler.java:68)
	at java.util.concurrent.Executors$RunnableAdapter.call(Executors.java:511)
	at java.util.concurrent.FutureTask.run(FutureTask.java:266)
	at java.util.concurrent.ScheduledThreadPoolExecutor$ScheduledFutureTask.access$201(ScheduledThreadPoolExecutor.java:180)
	at java.util.concurrent.ScheduledThreadPoolExecutor$ScheduledFutureTask.run(ScheduledThreadPoolExecutor.java:293)
	at java.util.concurrent.ThreadPoolExecutor.runWorker(ThreadPoolExecutor.java:1149)
	at java.util.concurrent.ThreadPoolExecutor$Worker.run(ThreadPoolExecutor.java:624)
	at java.lang.Thread.run(Thread.java:748)
2019-09-17 15:18:20,035 [grpc-default-executor-6] INFO  client.GrpcClientProtocolClient (GrpcClientProtocolClient.java:onNext(264)) - client-C0CF9D0615A1->319da950-6258-4a15-a10a-9ff19688a457: receive RaftClientReply:client-C0CF9D0615A1->319da950-6258-4a15-a10a-9ff19688a457@group-DD12D3BA22F1, cid=50, FAILED org.apache.ratis.protocol.NotLeaderException: Server 319da950-6258-4a15-a10a-9ff19688a457@group-DD12D3BA22F1 is not the leader 18c72976-30e0-4eea-a5a6-85bddbc481ac:192.168.151.72:46844, logIndex=0, commits[319da950-6258-4a15-a10a-9ff19688a457:c4, 18c72976-30e0-4eea-a5a6-85bddbc481ac:c4, 78eb98d0-10ad-403d-ab68-3e803fb8ec72:c3]
2019-09-17 15:18:20,237 [java.util.concurrent.ThreadPoolExecutor$Worker@75d7222c[State = -1, empty queue]] WARN  server.GrpcLogAppender (GrpcLogAppender.java:timeoutAppendRequest(200)) - 18c72976-30e0-4eea-a5a6-85bddbc481ac@group-DD12D3BA22F1->319da950-6258-4a15-a10a-9ff19688a457-GrpcLogAppender: appendEntries Timeout, request=18c72976-30e0-4eea-a5a6-85bddbc481ac->319da950-6258-4a15-a10a-9ff19688a457#24-t1, previous=(t:1, i:10), leaderCommit=4, initializing? false, entries: <empty>
2019-09-17 15:18:20,237 [java.util.concurrent.ThreadPoolExecutor$Worker@35550b30[State = -1, empty queue]] WARN  server.GrpcLogAppender (GrpcLogAppender.java:timeoutAppendRequest(200)) - 18c72976-30e0-4eea-a5a6-85bddbc481ac@group-DD12D3BA22F1->78eb98d0-10ad-403d-ab68-3e803fb8ec72-GrpcLogAppender: appendEntries Timeout, request=18c72976-30e0-4eea-a5a6-85bddbc481ac->78eb98d0-10ad-403d-ab68-3e803fb8ec72#24-t1, previous=(t:1, i:10), leaderCommit=4, initializing? false, entries: <empty>
2019-09-17 15:18:21,821 [grpc-default-executor-6] INFO  impl.RaftServerProxy (RaftServerProxy.java:remove(95)) - 319da950-6258-4a15-a10a-9ff19688a457: remove group-9AD4355EB7C4:null
2019-09-17 15:18:21,824 [RatisPipelineUtilsThread] WARN  pipeline.RatisPipelineUtils (RatisPipelineUtils.java:destroyPipeline(66)) - Pipeline destroy failed for pipeline=PipelineID=855fe8db-a41d-4393-a5b7-9ad4355eb7c4 dn=319da950-6258-4a15-a10a-9ff19688a457{ip: 192.168.151.72, host: pr-hdds-2137-trunk-f8w4d-2934045284, networkLocation: /default-rack, certSerialId: null}
2019-09-17 15:18:21,827 [grpc-default-executor-6] INFO  impl.RaftServerProxy (RaftServerProxy.java:remove(95)) - 18c72976-30e0-4eea-a5a6-85bddbc481ac: remove group-9AD4355EB7C4:null
2019-09-17 15:18:21,829 [RatisPipelineUtilsThread] WARN  pipeline.RatisPipelineUtils (RatisPipelineUtils.java:destroyPipeline(66)) - Pipeline destroy failed for pipeline=PipelineID=855fe8db-a41d-4393-a5b7-9ad4355eb7c4 dn=18c72976-30e0-4eea-a5a6-85bddbc481ac{ip: 192.168.151.72, host: pr-hdds-2137-trunk-f8w4d-2934045284, networkLocation: /default-rack, certSerialId: null}
2019-09-17 15:18:21,831 [grpc-default-executor-6] INFO  impl.RaftServerProxy (RaftServerProxy.java:remove(95)) - 78eb98d0-10ad-403d-ab68-3e803fb8ec72: remove group-9AD4355EB7C4:null
2019-09-17 15:18:21,833 [RatisPipelineUtilsThread] WARN  pipeline.RatisPipelineUtils (RatisPipelineUtils.java:destroyPipeline(66)) - Pipeline destroy failed for pipeline=PipelineID=855fe8db-a41d-4393-a5b7-9ad4355eb7c4 dn=78eb98d0-10ad-403d-ab68-3e803fb8ec72{ip: 192.168.151.72, host: pr-hdds-2137-trunk-f8w4d-2934045284, networkLocation: /default-rack, certSerialId: null}
2019-09-17 15:18:21,833 [RatisPipelineUtilsThread] ERROR pipeline.SCMPipelineManager (Scheduler.java:lambda$schedule$1(70)) - Destroy pipeline failed for pipeline:Pipeline[ Id: 855fe8db-a41d-4393-a5b7-9ad4355eb7c4, Nodes: 319da950-6258-4a15-a10a-9ff19688a457{ip: 192.168.151.72, host: pr-hdds-2137-trunk-f8w4d-2934045284, networkLocation: /default-rack, certSerialId: null}18c72976-30e0-4eea-a5a6-85bddbc481ac{ip: 192.168.151.72, host: pr-hdds-2137-trunk-f8w4d-2934045284, networkLocation: /default-rack, certSerialId: null}78eb98d0-10ad-403d-ab68-3e803fb8ec72{ip: 192.168.151.72, host: pr-hdds-2137-trunk-f8w4d-2934045284, networkLocation: /default-rack, certSerialId: null}, Type:RATIS, Factor:THREE, State:CLOSED]
org.apache.hadoop.hdds.scm.pipeline.PipelineNotFoundException: PipelineID=855fe8db-a41d-4393-a5b7-9ad4355eb7c4 not found
	at org.apache.hadoop.hdds.scm.pipeline.PipelineStateMap.getPipeline(PipelineStateMap.java:132)
	at org.apache.hadoop.hdds.scm.pipeline.PipelineStateMap.removePipeline(PipelineStateMap.java:322)
	at org.apache.hadoop.hdds.scm.pipeline.PipelineStateManager.removePipeline(PipelineStateManager.java:107)
	at org.apache.hadoop.hdds.scm.pipeline.SCMPipelineManager.removePipeline(SCMPipelineManager.java:423)
	at org.apache.hadoop.hdds.scm.pipeline.SCMPipelineManager.destroyPipeline(SCMPipelineManager.java:409)
	at org.apache.hadoop.hdds.scm.pipeline.SCMPipelineManager.lambda$finalizeAndDestroyPipeline$0(SCMPipelineManager.java:318)
	at org.apache.hadoop.utils.Scheduler.lambda$schedule$1(Scheduler.java:68)
	at java.util.concurrent.Executors$RunnableAdapter.call(Executors.java:511)
	at java.util.concurrent.FutureTask.run(FutureTask.java:266)
	at java.util.concurrent.ScheduledThreadPoolExecutor$ScheduledFutureTask.access$201(ScheduledThreadPoolExecutor.java:180)
	at java.util.concurrent.ScheduledThreadPoolExecutor$ScheduledFutureTask.run(ScheduledThreadPoolExecutor.java:293)
	at java.util.concurrent.ThreadPoolExecutor.runWorker(ThreadPoolExecutor.java:1149)
	at java.util.concurrent.ThreadPoolExecutor$Worker.run(ThreadPoolExecutor.java:624)
	at java.lang.Thread.run(Thread.java:748)
2019-09-17 15:18:22,737 [java.util.concurrent.ThreadPoolExecutor$Worker@75d7222c[State = -1, empty queue]] WARN  server.GrpcLogAppender (GrpcLogAppender.java:timeoutAppendRequest(200)) - 18c72976-30e0-4eea-a5a6-85bddbc481ac@group-DD12D3BA22F1->319da950-6258-4a15-a10a-9ff19688a457-GrpcLogAppender: appendEntries Timeout, request=18c72976-30e0-4eea-a5a6-85bddbc481ac->319da950-6258-4a15-a10a-9ff19688a457#25-t1, previous=(t:1, i:10), leaderCommit=4, initializing? false, entries: <empty>
2019-09-17 15:18:22,737 [java.util.concurrent.ThreadPoolExecutor$Worker@35550b30[State = -1, empty queue]] WARN  server.GrpcLogAppender (GrpcLogAppender.java:timeoutAppendRequest(200)) - 18c72976-30e0-4eea-a5a6-85bddbc481ac@group-DD12D3BA22F1->78eb98d0-10ad-403d-ab68-3e803fb8ec72-GrpcLogAppender: appendEntries Timeout, request=18c72976-30e0-4eea-a5a6-85bddbc481ac->78eb98d0-10ad-403d-ab68-3e803fb8ec72#25-t1, previous=(t:1, i:10), leaderCommit=4, initializing? false, entries: <empty>
2019-09-17 15:18:24,732 [78eb98d0-10ad-403d-ab68-3e803fb8ec72@group-DD12D3BA22F1-SegmentedRaftLogWorker] WARN  segmented.SegmentedRaftLogWorker (SegmentedRaftLogWorker.java:getFromFuture(90)) - Timeout 3/~
org.apache.ratis.protocol.TimeoutIOException: Timeout 10s: WriteLog:5: (t:1, i:5), STATEMACHINELOGENTRY, client-C0CF9D0615A1, cid=50-writeStateMachineData
	at org.apache.ratis.util.IOUtils.getFromFuture(IOUtils.java:87)
	at org.apache.ratis.server.raftlog.segmented.SegmentedRaftLogWorker$StateMachineDataPolicy.getFromFuture(SegmentedRaftLogWorker.java:87)
	at org.apache.ratis.server.raftlog.segmented.SegmentedRaftLogWorker$WriteLog.execute(SegmentedRaftLogWorker.java:477)
	at org.apache.ratis.server.raftlog.segmented.SegmentedRaftLogWorker.run(SegmentedRaftLogWorker.java:289)
	at java.lang.Thread.run(Thread.java:748)
Caused by: java.util.concurrent.TimeoutException
	at java.util.concurrent.CompletableFuture.timedGet(CompletableFuture.java:1771)
	at java.util.concurrent.CompletableFuture.get(CompletableFuture.java:1915)
	at org.apache.ratis.util.IOUtils.getFromFuture(IOUtils.java:79)
	... 4 more
2019-09-17 15:18:24,777 [18c72976-30e0-4eea-a5a6-85bddbc481ac@group-DD12D3BA22F1-SegmentedRaftLogWorker] WARN  segmented.SegmentedRaftLogWorker (SegmentedRaftLogWorker.java:getFromFuture(90)) - Timeout 3/~
org.apache.ratis.protocol.TimeoutIOException: Timeout 10s: WriteLog:6: (t:1, i:6), STATEMACHINELOGENTRY, client-C0CF9D0615A1, cid=51-writeStateMachineData
	at org.apache.ratis.util.IOUtils.getFromFuture(IOUtils.java:87)
	at org.apache.ratis.server.raftlog.segmented.SegmentedRaftLogWorker$StateMachineDataPolicy.getFromFuture(SegmentedRaftLogWorker.java:87)
	at org.apache.ratis.server.raftlog.segmented.SegmentedRaftLogWorker$WriteLog.execute(SegmentedRaftLogWorker.java:477)
	at org.apache.ratis.server.raftlog.segmented.SegmentedRaftLogWorker.run(SegmentedRaftLogWorker.java:289)
	at java.lang.Thread.run(Thread.java:748)
Caused by: java.util.concurrent.TimeoutException
	at java.util.concurrent.CompletableFuture.timedGet(CompletableFuture.java:1771)
	at java.util.concurrent.CompletableFuture.get(CompletableFuture.java:1915)
	at org.apache.ratis.util.IOUtils.getFromFuture(IOUtils.java:79)
	... 4 more
2019-09-17 15:18:24,778 [319da950-6258-4a15-a10a-9ff19688a457@group-DD12D3BA22F1-SegmentedRaftLogWorker] WARN  segmented.SegmentedRaftLogWorker (SegmentedRaftLogWorker.java:getFromFuture(90)) - Timeout 3/~
org.apache.ratis.protocol.TimeoutIOException: Timeout 10s: WriteLog:8: (t:1, i:8), STATEMACHINELOGENTRY, client-C0CF9D0615A1, cid=53-writeStateMachineData
	at org.apache.ratis.util.IOUtils.getFromFuture(IOUtils.java:87)
	at org.apache.ratis.server.raftlog.segmented.SegmentedRaftLogWorker$StateMachineDataPolicy.getFromFuture(SegmentedRaftLogWorker.java:87)
	at org.apache.ratis.server.raftlog.segmented.SegmentedRaftLogWorker$WriteLog.execute(SegmentedRaftLogWorker.java:477)
	at org.apache.ratis.server.raftlog.segmented.SegmentedRaftLogWorker.run(SegmentedRaftLogWorker.java:289)
	at java.lang.Thread.run(Thread.java:748)
Caused by: java.util.concurrent.TimeoutException
	at java.util.concurrent.CompletableFuture.timedGet(CompletableFuture.java:1771)
	at java.util.concurrent.CompletableFuture.get(CompletableFuture.java:1915)
	at org.apache.ratis.util.IOUtils.getFromFuture(IOUtils.java:79)
	... 4 more
2019-09-17 15:18:24,823 [grpc-default-executor-6] INFO  impl.RaftServerProxy (RaftServerProxy.java:remove(95)) - 319da950-6258-4a15-a10a-9ff19688a457: remove group-9AD4355EB7C4:null
2019-09-17 15:18:24,827 [RatisPipelineUtilsThread] WARN  pipeline.RatisPipelineUtils (RatisPipelineUtils.java:destroyPipeline(66)) - Pipeline destroy failed for pipeline=PipelineID=855fe8db-a41d-4393-a5b7-9ad4355eb7c4 dn=319da950-6258-4a15-a10a-9ff19688a457{ip: 192.168.151.72, host: pr-hdds-2137-trunk-f8w4d-2934045284, networkLocation: /default-rack, certSerialId: null}
2019-09-17 15:18:24,831 [grpc-default-executor-6] INFO  impl.RaftServerProxy (RaftServerProxy.java:remove(95)) - 18c72976-30e0-4eea-a5a6-85bddbc481ac: remove group-9AD4355EB7C4:null
2019-09-17 15:18:24,833 [RatisPipelineUtilsThread] WARN  pipeline.RatisPipelineUtils (RatisPipelineUtils.java:destroyPipeline(66)) - Pipeline destroy failed for pipeline=PipelineID=855fe8db-a41d-4393-a5b7-9ad4355eb7c4 dn=18c72976-30e0-4eea-a5a6-85bddbc481ac{ip: 192.168.151.72, host: pr-hdds-2137-trunk-f8w4d-2934045284, networkLocation: /default-rack, certSerialId: null}
2019-09-17 15:18:24,837 [grpc-default-executor-6] INFO  impl.RaftServerProxy (RaftServerProxy.java:remove(95)) - 78eb98d0-10ad-403d-ab68-3e803fb8ec72: remove group-9AD4355EB7C4:null
2019-09-17 15:18:24,839 [RatisPipelineUtilsThread] WARN  pipeline.RatisPipelineUtils (RatisPipelineUtils.java:destroyPipeline(66)) - Pipeline destroy failed for pipeline=PipelineID=855fe8db-a41d-4393-a5b7-9ad4355eb7c4 dn=78eb98d0-10ad-403d-ab68-3e803fb8ec72{ip: 192.168.151.72, host: pr-hdds-2137-trunk-f8w4d-2934045284, networkLocation: /default-rack, certSerialId: null}
2019-09-17 15:18:24,840 [RatisPipelineUtilsThread] ERROR pipeline.SCMPipelineManager (Scheduler.java:lambda$schedule$1(70)) - Destroy pipeline failed for pipeline:Pipeline[ Id: 855fe8db-a41d-4393-a5b7-9ad4355eb7c4, Nodes: 319da950-6258-4a15-a10a-9ff19688a457{ip: 192.168.151.72, host: pr-hdds-2137-trunk-f8w4d-2934045284, networkLocation: /default-rack, certSerialId: null}18c72976-30e0-4eea-a5a6-85bddbc481ac{ip: 192.168.151.72, host: pr-hdds-2137-trunk-f8w4d-2934045284, networkLocation: /default-rack, certSerialId: null}78eb98d0-10ad-403d-ab68-3e803fb8ec72{ip: 192.168.151.72, host: pr-hdds-2137-trunk-f8w4d-2934045284, networkLocation: /default-rack, certSerialId: null}, Type:RATIS, Factor:THREE, State:CLOSED]
org.apache.hadoop.hdds.scm.pipeline.PipelineNotFoundException: PipelineID=855fe8db-a41d-4393-a5b7-9ad4355eb7c4 not found
	at org.apache.hadoop.hdds.scm.pipeline.PipelineStateMap.getPipeline(PipelineStateMap.java:132)
	at org.apache.hadoop.hdds.scm.pipeline.PipelineStateMap.removePipeline(PipelineStateMap.java:322)
	at org.apache.hadoop.hdds.scm.pipeline.PipelineStateManager.removePipeline(PipelineStateManager.java:107)
	at org.apache.hadoop.hdds.scm.pipeline.SCMPipelineManager.removePipeline(SCMPipelineManager.java:423)
	at org.apache.hadoop.hdds.scm.pipeline.SCMPipelineManager.destroyPipeline(SCMPipelineManager.java:409)
	at org.apache.hadoop.hdds.scm.pipeline.SCMPipelineManager.lambda$finalizeAndDestroyPipeline$0(SCMPipelineManager.java:318)
	at org.apache.hadoop.utils.Scheduler.lambda$schedule$1(Scheduler.java:68)
	at java.util.concurrent.Executors$RunnableAdapter.call(Executors.java:511)
	at java.util.concurrent.FutureTask.run(FutureTask.java:266)
	at java.util.concurrent.ScheduledThreadPoolExecutor$ScheduledFutureTask.access$201(ScheduledThreadPoolExecutor.java:180)
	at java.util.concurrent.ScheduledThreadPoolExecutor$ScheduledFutureTask.run(ScheduledThreadPoolExecutor.java:293)
	at java.util.concurrent.ThreadPoolExecutor.runWorker(ThreadPoolExecutor.java:1149)
	at java.util.concurrent.ThreadPoolExecutor$Worker.run(ThreadPoolExecutor.java:624)
	at java.lang.Thread.run(Thread.java:748)
2019-09-17 15:18:25,084 [grpc-default-executor-6] INFO  client.GrpcClientProtocolClient (GrpcClientProtocolClient.java:onNext(264)) - client-C0CF9D0615A1->319da950-6258-4a15-a10a-9ff19688a457: receive RaftClientReply:client-C0CF9D0615A1->319da950-6258-4a15-a10a-9ff19688a457@group-DD12D3BA22F1, cid=50, FAILED org.apache.ratis.protocol.NotLeaderException: Server 319da950-6258-4a15-a10a-9ff19688a457@group-DD12D3BA22F1 is not the leader 18c72976-30e0-4eea-a5a6-85bddbc481ac:192.168.151.72:46844, logIndex=0, commits[319da950-6258-4a15-a10a-9ff19688a457:c4, 18c72976-30e0-4eea-a5a6-85bddbc481ac:c4, 78eb98d0-10ad-403d-ab68-3e803fb8ec72:c3]
2019-09-17 15:18:25,238 [java.util.concurrent.ThreadPoolExecutor$Worker@35550b30[State = -1, empty queue]] WARN  server.GrpcLogAppender (GrpcLogAppender.java:timeoutAppendRequest(200)) - 18c72976-30e0-4eea-a5a6-85bddbc481ac@group-DD12D3BA22F1->78eb98d0-10ad-403d-ab68-3e803fb8ec72-GrpcLogAppender: appendEntries Timeout, request=18c72976-30e0-4eea-a5a6-85bddbc481ac->78eb98d0-10ad-403d-ab68-3e803fb8ec72#26-t1, previous=(t:1, i:10), leaderCommit=4, initializing? false, entries: <empty>
2019-09-17 15:18:25,238 [java.util.concurrent.ThreadPoolExecutor$Worker@75d7222c[State = -1, empty queue]] WARN  server.GrpcLogAppender (GrpcLogAppender.java:timeoutAppendRequest(200)) - 18c72976-30e0-4eea-a5a6-85bddbc481ac@group-DD12D3BA22F1->319da950-6258-4a15-a10a-9ff19688a457-GrpcLogAppender: appendEntries Timeout, request=18c72976-30e0-4eea-a5a6-85bddbc481ac->319da950-6258-4a15-a10a-9ff19688a457#26-t1, previous=(t:1, i:10), leaderCommit=4, initializing? false, entries: <empty>
2019-09-17 15:18:26,821 [grpc-default-executor-6] INFO  impl.RaftServerProxy (RaftServerProxy.java:remove(95)) - 319da950-6258-4a15-a10a-9ff19688a457: remove group-9AD4355EB7C4:null
2019-09-17 15:18:26,825 [RatisPipelineUtilsThread] WARN  pipeline.RatisPipelineUtils (RatisPipelineUtils.java:destroyPipeline(66)) - Pipeline destroy failed for pipeline=PipelineID=855fe8db-a41d-4393-a5b7-9ad4355eb7c4 dn=319da950-6258-4a15-a10a-9ff19688a457{ip: 192.168.151.72, host: pr-hdds-2137-trunk-f8w4d-2934045284, networkLocation: /default-rack, certSerialId: null}
2019-09-17 15:18:26,828 [grpc-default-executor-6] INFO  impl.RaftServerProxy (RaftServerProxy.java:remove(95)) - 18c72976-30e0-4eea-a5a6-85bddbc481ac: remove group-9AD4355EB7C4:null
2019-09-17 15:18:26,831 [RatisPipelineUtilsThread] WARN  pipeline.RatisPipelineUtils (RatisPipelineUtils.java:destroyPipeline(66)) - Pipeline destroy failed for pipeline=PipelineID=855fe8db-a41d-4393-a5b7-9ad4355eb7c4 dn=18c72976-30e0-4eea-a5a6-85bddbc481ac{ip: 192.168.151.72, host: pr-hdds-2137-trunk-f8w4d-2934045284, networkLocation: /default-rack, certSerialId: null}
2019-09-17 15:18:26,834 [grpc-default-executor-6] INFO  impl.RaftServerProxy (RaftServerProxy.java:remove(95)) - 78eb98d0-10ad-403d-ab68-3e803fb8ec72: remove group-9AD4355EB7C4:null
2019-09-17 15:18:26,836 [RatisPipelineUtilsThread] WARN  pipeline.RatisPipelineUtils (RatisPipelineUtils.java:destroyPipeline(66)) - Pipeline destroy failed for pipeline=PipelineID=855fe8db-a41d-4393-a5b7-9ad4355eb7c4 dn=78eb98d0-10ad-403d-ab68-3e803fb8ec72{ip: 192.168.151.72, host: pr-hdds-2137-trunk-f8w4d-2934045284, networkLocation: /default-rack, certSerialId: null}
2019-09-17 15:18:26,837 [RatisPipelineUtilsThread] ERROR pipeline.SCMPipelineManager (Scheduler.java:lambda$schedule$1(70)) - Destroy pipeline failed for pipeline:Pipeline[ Id: 855fe8db-a41d-4393-a5b7-9ad4355eb7c4, Nodes: 319da950-6258-4a15-a10a-9ff19688a457{ip: 192.168.151.72, host: pr-hdds-2137-trunk-f8w4d-2934045284, networkLocation: /default-rack, certSerialId: null}18c72976-30e0-4eea-a5a6-85bddbc481ac{ip: 192.168.151.72, host: pr-hdds-2137-trunk-f8w4d-2934045284, networkLocation: /default-rack, certSerialId: null}78eb98d0-10ad-403d-ab68-3e803fb8ec72{ip: 192.168.151.72, host: pr-hdds-2137-trunk-f8w4d-2934045284, networkLocation: /default-rack, certSerialId: null}, Type:RATIS, Factor:THREE, State:CLOSED]
org.apache.hadoop.hdds.scm.pipeline.PipelineNotFoundException: PipelineID=855fe8db-a41d-4393-a5b7-9ad4355eb7c4 not found
	at org.apache.hadoop.hdds.scm.pipeline.PipelineStateMap.getPipeline(PipelineStateMap.java:132)
	at org.apache.hadoop.hdds.scm.pipeline.PipelineStateMap.removePipeline(PipelineStateMap.java:322)
	at org.apache.hadoop.hdds.scm.pipeline.PipelineStateManager.removePipeline(PipelineStateManager.java:107)
	at org.apache.hadoop.hdds.scm.pipeline.SCMPipelineManager.removePipeline(SCMPipelineManager.java:423)
	at org.apache.hadoop.hdds.scm.pipeline.SCMPipelineManager.destroyPipeline(SCMPipelineManager.java:409)
	at org.apache.hadoop.hdds.scm.pipeline.SCMPipelineManager.lambda$finalizeAndDestroyPipeline$0(SCMPipelineManager.java:318)
	at org.apache.hadoop.utils.Scheduler.lambda$schedule$1(Scheduler.java:68)
	at java.util.concurrent.Executors$RunnableAdapter.call(Executors.java:511)
	at java.util.concurrent.FutureTask.run(FutureTask.java:266)
	at java.util.concurrent.ScheduledThreadPoolExecutor$ScheduledFutureTask.access$201(ScheduledThreadPoolExecutor.java:180)
	at java.util.concurrent.ScheduledThreadPoolExecutor$ScheduledFutureTask.run(ScheduledThreadPoolExecutor.java:293)
	at java.util.concurrent.ThreadPoolExecutor.runWorker(ThreadPoolExecutor.java:1149)
	at java.util.concurrent.ThreadPoolExecutor$Worker.run(ThreadPoolExecutor.java:624)
	at java.lang.Thread.run(Thread.java:748)
2019-09-17 15:18:27,739 [java.util.concurrent.ThreadPoolExecutor$Worker@75d7222c[State = -1, empty queue]] WARN  server.GrpcLogAppender (GrpcLogAppender.java:timeoutAppendRequest(200)) - 18c72976-30e0-4eea-a5a6-85bddbc481ac@group-DD12D3BA22F1->319da950-6258-4a15-a10a-9ff19688a457-GrpcLogAppender: appendEntries Timeout, request=18c72976-30e0-4eea-a5a6-85bddbc481ac->319da950-6258-4a15-a10a-9ff19688a457#27-t1, previous=(t:1, i:10), leaderCommit=4, initializing? false, entries: <empty>
2019-09-17 15:18:27,739 [java.util.concurrent.ThreadPoolExecutor$Worker@35550b30[State = -1, empty queue]] WARN  server.GrpcLogAppender (GrpcLogAppender.java:timeoutAppendRequest(200)) - 18c72976-30e0-4eea-a5a6-85bddbc481ac@group-DD12D3BA22F1->78eb98d0-10ad-403d-ab68-3e803fb8ec72-GrpcLogAppender: appendEntries Timeout, request=18c72976-30e0-4eea-a5a6-85bddbc481ac->78eb98d0-10ad-403d-ab68-3e803fb8ec72#27-t1, previous=(t:1, i:10), leaderCommit=4, initializing? false, entries: <empty>
2019-09-17 15:18:29,820 [grpc-default-executor-4] INFO  impl.RaftServerProxy (RaftServerProxy.java:remove(95)) - 319da950-6258-4a15-a10a-9ff19688a457: remove group-9AD4355EB7C4:null
2019-09-17 15:18:29,823 [RatisPipelineUtilsThread] WARN  pipeline.RatisPipelineUtils (RatisPipelineUtils.java:destroyPipeline(66)) - Pipeline destroy failed for pipeline=PipelineID=855fe8db-a41d-4393-a5b7-9ad4355eb7c4 dn=319da950-6258-4a15-a10a-9ff19688a457{ip: 192.168.151.72, host: pr-hdds-2137-trunk-f8w4d-2934045284, networkLocation: /default-rack, certSerialId: null}
2019-09-17 15:18:29,827 [grpc-default-executor-4] INFO  impl.RaftServerProxy (RaftServerProxy.java:remove(95)) - 18c72976-30e0-4eea-a5a6-85bddbc481ac: remove group-9AD4355EB7C4:null
2019-09-17 15:18:29,829 [RatisPipelineUtilsThread] WARN  pipeline.RatisPipelineUtils (RatisPipelineUtils.java:destroyPipeline(66)) - Pipeline destroy failed for pipeline=PipelineID=855fe8db-a41d-4393-a5b7-9ad4355eb7c4 dn=18c72976-30e0-4eea-a5a6-85bddbc481ac{ip: 192.168.151.72, host: pr-hdds-2137-trunk-f8w4d-2934045284, networkLocation: /default-rack, certSerialId: null}
2019-09-17 15:18:29,833 [grpc-default-executor-4] INFO  impl.RaftServerProxy (RaftServerProxy.java:remove(95)) - 78eb98d0-10ad-403d-ab68-3e803fb8ec72: remove group-9AD4355EB7C4:null
2019-09-17 15:18:29,835 [RatisPipelineUtilsThread] WARN  pipeline.RatisPipelineUtils (RatisPipelineUtils.java:destroyPipeline(66)) - Pipeline destroy failed for pipeline=PipelineID=855fe8db-a41d-4393-a5b7-9ad4355eb7c4 dn=78eb98d0-10ad-403d-ab68-3e803fb8ec72{ip: 192.168.151.72, host: pr-hdds-2137-trunk-f8w4d-2934045284, networkLocation: /default-rack, certSerialId: null}
2019-09-17 15:18:29,836 [RatisPipelineUtilsThread] ERROR pipeline.SCMPipelineManager (Scheduler.java:lambda$schedule$1(70)) - Destroy pipeline failed for pipeline:Pipeline[ Id: 855fe8db-a41d-4393-a5b7-9ad4355eb7c4, Nodes: 319da950-6258-4a15-a10a-9ff19688a457{ip: 192.168.151.72, host: pr-hdds-2137-trunk-f8w4d-2934045284, networkLocation: /default-rack, certSerialId: null}18c72976-30e0-4eea-a5a6-85bddbc481ac{ip: 192.168.151.72, host: pr-hdds-2137-trunk-f8w4d-2934045284, networkLocation: /default-rack, certSerialId: null}78eb98d0-10ad-403d-ab68-3e803fb8ec72{ip: 192.168.151.72, host: pr-hdds-2137-trunk-f8w4d-2934045284, networkLocation: /default-rack, certSerialId: null}, Type:RATIS, Factor:THREE, State:CLOSED]
org.apache.hadoop.hdds.scm.pipeline.PipelineNotFoundException: PipelineID=855fe8db-a41d-4393-a5b7-9ad4355eb7c4 not found
	at org.apache.hadoop.hdds.scm.pipeline.PipelineStateMap.getPipeline(PipelineStateMap.java:132)
	at org.apache.hadoop.hdds.scm.pipeline.PipelineStateMap.removePipeline(PipelineStateMap.java:322)
	at org.apache.hadoop.hdds.scm.pipeline.PipelineStateManager.removePipeline(PipelineStateManager.java:107)
	at org.apache.hadoop.hdds.scm.pipeline.SCMPipelineManager.removePipeline(SCMPipelineManager.java:423)
	at org.apache.hadoop.hdds.scm.pipeline.SCMPipelineManager.destroyPipeline(SCMPipelineManager.java:409)
	at org.apache.hadoop.hdds.scm.pipeline.SCMPipelineManager.lambda$finalizeAndDestroyPipeline$0(SCMPipelineManager.java:318)
	at org.apache.hadoop.utils.Scheduler.lambda$schedule$1(Scheduler.java:68)
	at java.util.concurrent.Executors$RunnableAdapter.call(Executors.java:511)
	at java.util.concurrent.FutureTask.run(FutureTask.java:266)
	at java.util.concurrent.ScheduledThreadPoolExecutor$ScheduledFutureTask.access$201(ScheduledThreadPoolExecutor.java:180)
	at java.util.concurrent.ScheduledThreadPoolExecutor$ScheduledFutureTask.run(ScheduledThreadPoolExecutor.java:293)
	at java.util.concurrent.ThreadPoolExecutor.runWorker(ThreadPoolExecutor.java:1149)
	at java.util.concurrent.ThreadPoolExecutor$Worker.run(ThreadPoolExecutor.java:624)
	at java.lang.Thread.run(Thread.java:748)
2019-09-17 15:18:30,121 [grpc-default-executor-4] INFO  client.GrpcClientProtocolClient (GrpcClientProtocolClient.java:onNext(264)) - client-C0CF9D0615A1->78eb98d0-10ad-403d-ab68-3e803fb8ec72: receive RaftClientReply:client-C0CF9D0615A1->78eb98d0-10ad-403d-ab68-3e803fb8ec72@group-DD12D3BA22F1, cid=50, FAILED org.apache.ratis.protocol.NotLeaderException: Server 78eb98d0-10ad-403d-ab68-3e803fb8ec72@group-DD12D3BA22F1 is not the leader 18c72976-30e0-4eea-a5a6-85bddbc481ac:192.168.151.72:46844, logIndex=0, commits[78eb98d0-10ad-403d-ab68-3e803fb8ec72:c4, 18c72976-30e0-4eea-a5a6-85bddbc481ac:c4, 319da950-6258-4a15-a10a-9ff19688a457:c3]
2019-09-17 15:18:30,239 [java.util.concurrent.ThreadPoolExecutor$Worker@75d7222c[State = -1, empty queue]] WARN  server.GrpcLogAppender (GrpcLogAppender.java:timeoutAppendRequest(200)) - 18c72976-30e0-4eea-a5a6-85bddbc481ac@group-DD12D3BA22F1->319da950-6258-4a15-a10a-9ff19688a457-GrpcLogAppender: appendEntries Timeout, request=18c72976-30e0-4eea-a5a6-85bddbc481ac->319da950-6258-4a15-a10a-9ff19688a457#28-t1, previous=(t:1, i:10), leaderCommit=4, initializing? false, entries: <empty>
2019-09-17 15:18:30,239 [java.util.concurrent.ThreadPoolExecutor$Worker@35550b30[State = -1, empty queue]] WARN  server.GrpcLogAppender (GrpcLogAppender.java:timeoutAppendRequest(200)) - 18c72976-30e0-4eea-a5a6-85bddbc481ac@group-DD12D3BA22F1->78eb98d0-10ad-403d-ab68-3e803fb8ec72-GrpcLogAppender: appendEntries Timeout, request=18c72976-30e0-4eea-a5a6-85bddbc481ac->78eb98d0-10ad-403d-ab68-3e803fb8ec72#28-t1, previous=(t:1, i:10), leaderCommit=4, initializing? false, entries: <empty>
2019-09-17 15:18:31,820 [grpc-default-executor-6] INFO  impl.RaftServerProxy (RaftServerProxy.java:remove(95)) - 319da950-6258-4a15-a10a-9ff19688a457: remove group-9AD4355EB7C4:null
2019-09-17 15:18:31,824 [RatisPipelineUtilsThread] WARN  pipeline.RatisPipelineUtils (RatisPipelineUtils.java:destroyPipeline(66)) - Pipeline destroy failed for pipeline=PipelineID=855fe8db-a41d-4393-a5b7-9ad4355eb7c4 dn=319da950-6258-4a15-a10a-9ff19688a457{ip: 192.168.151.72, host: pr-hdds-2137-trunk-f8w4d-2934045284, networkLocation: /default-rack, certSerialId: null}
2019-09-17 15:18:31,827 [grpc-default-executor-6] INFO  impl.RaftServerProxy (RaftServerProxy.java:remove(95)) - 18c72976-30e0-4eea-a5a6-85bddbc481ac: remove group-9AD4355EB7C4:null
2019-09-17 15:18:31,829 [RatisPipelineUtilsThread] WARN  pipeline.RatisPipelineUtils (RatisPipelineUtils.java:destroyPipeline(66)) - Pipeline destroy failed for pipeline=PipelineID=855fe8db-a41d-4393-a5b7-9ad4355eb7c4 dn=18c72976-30e0-4eea-a5a6-85bddbc481ac{ip: 192.168.151.72, host: pr-hdds-2137-trunk-f8w4d-2934045284, networkLocation: /default-rack, certSerialId: null}
2019-09-17 15:18:31,832 [grpc-default-executor-6] INFO  impl.RaftServerProxy (RaftServerProxy.java:remove(95)) - 78eb98d0-10ad-403d-ab68-3e803fb8ec72: remove group-9AD4355EB7C4:null
2019-09-17 15:18:31,834 [RatisPipelineUtilsThread] WARN  pipeline.RatisPipelineUtils (RatisPipelineUtils.java:destroyPipeline(66)) - Pipeline destroy failed for pipeline=PipelineID=855fe8db-a41d-4393-a5b7-9ad4355eb7c4 dn=78eb98d0-10ad-403d-ab68-3e803fb8ec72{ip: 192.168.151.72, host: pr-hdds-2137-trunk-f8w4d-2934045284, networkLocation: /default-rack, certSerialId: null}
2019-09-17 15:18:31,835 [RatisPipelineUtilsThread] ERROR pipeline.SCMPipelineManager (Scheduler.java:lambda$schedule$1(70)) - Destroy pipeline failed for pipeline:Pipeline[ Id: 855fe8db-a41d-4393-a5b7-9ad4355eb7c4, Nodes: 319da950-6258-4a15-a10a-9ff19688a457{ip: 192.168.151.72, host: pr-hdds-2137-trunk-f8w4d-2934045284, networkLocation: /default-rack, certSerialId: null}18c72976-30e0-4eea-a5a6-85bddbc481ac{ip: 192.168.151.72, host: pr-hdds-2137-trunk-f8w4d-2934045284, networkLocation: /default-rack, certSerialId: null}78eb98d0-10ad-403d-ab68-3e803fb8ec72{ip: 192.168.151.72, host: pr-hdds-2137-trunk-f8w4d-2934045284, networkLocation: /default-rack, certSerialId: null}, Type:RATIS, Factor:THREE, State:CLOSED]
org.apache.hadoop.hdds.scm.pipeline.PipelineNotFoundException: PipelineID=855fe8db-a41d-4393-a5b7-9ad4355eb7c4 not found
	at org.apache.hadoop.hdds.scm.pipeline.PipelineStateMap.getPipeline(PipelineStateMap.java:132)
	at org.apache.hadoop.hdds.scm.pipeline.PipelineStateMap.removePipeline(PipelineStateMap.java:322)
	at org.apache.hadoop.hdds.scm.pipeline.PipelineStateManager.removePipeline(PipelineStateManager.java:107)
	at org.apache.hadoop.hdds.scm.pipeline.SCMPipelineManager.removePipeline(SCMPipelineManager.java:423)
	at org.apache.hadoop.hdds.scm.pipeline.SCMPipelineManager.destroyPipeline(SCMPipelineManager.java:409)
	at org.apache.hadoop.hdds.scm.pipeline.SCMPipelineManager.lambda$finalizeAndDestroyPipeline$0(SCMPipelineManager.java:318)
	at org.apache.hadoop.utils.Scheduler.lambda$schedule$1(Scheduler.java:68)
	at java.util.concurrent.Executors$RunnableAdapter.call(Executors.java:511)
	at java.util.concurrent.FutureTask.run(FutureTask.java:266)
	at java.util.concurrent.ScheduledThreadPoolExecutor$ScheduledFutureTask.access$201(ScheduledThreadPoolExecutor.java:180)
	at java.util.concurrent.ScheduledThreadPoolExecutor$ScheduledFutureTask.run(ScheduledThreadPoolExecutor.java:293)
	at java.util.concurrent.ThreadPoolExecutor.runWorker(ThreadPoolExecutor.java:1149)
	at java.util.concurrent.ThreadPoolExecutor$Worker.run(ThreadPoolExecutor.java:624)
	at java.lang.Thread.run(Thread.java:748)
2019-09-17 15:18:32,739 [java.util.concurrent.ThreadPoolExecutor$Worker@75d7222c[State = -1, empty queue]] WARN  server.GrpcLogAppender (GrpcLogAppender.java:timeoutAppendRequest(200)) - 18c72976-30e0-4eea-a5a6-85bddbc481ac@group-DD12D3BA22F1->319da950-6258-4a15-a10a-9ff19688a457-GrpcLogAppender: appendEntries Timeout, request=18c72976-30e0-4eea-a5a6-85bddbc481ac->319da950-6258-4a15-a10a-9ff19688a457#29-t1, previous=(t:1, i:10), leaderCommit=4, initializing? false, entries: <empty>
2019-09-17 15:18:32,739 [java.util.concurrent.ThreadPoolExecutor$Worker@35550b30[State = -1, empty queue]] WARN  server.GrpcLogAppender (GrpcLogAppender.java:timeoutAppendRequest(200)) - 18c72976-30e0-4eea-a5a6-85bddbc481ac@group-DD12D3BA22F1->78eb98d0-10ad-403d-ab68-3e803fb8ec72-GrpcLogAppender: appendEntries Timeout, request=18c72976-30e0-4eea-a5a6-85bddbc481ac->78eb98d0-10ad-403d-ab68-3e803fb8ec72#29-t1, previous=(t:1, i:10), leaderCommit=4, initializing? false, entries: <empty>
2019-09-17 15:18:34,733 [78eb98d0-10ad-403d-ab68-3e803fb8ec72@group-DD12D3BA22F1-SegmentedRaftLogWorker] WARN  segmented.SegmentedRaftLogWorker (SegmentedRaftLogWorker.java:getFromFuture(90)) - Timeout 4/~
org.apache.ratis.protocol.TimeoutIOException: Timeout 10s: WriteLog:5: (t:1, i:5), STATEMACHINELOGENTRY, client-C0CF9D0615A1, cid=50-writeStateMachineData
	at org.apache.ratis.util.IOUtils.getFromFuture(IOUtils.java:87)
	at org.apache.ratis.server.raftlog.segmented.SegmentedRaftLogWorker$StateMachineDataPolicy.getFromFuture(SegmentedRaftLogWorker.java:87)
	at org.apache.ratis.server.raftlog.segmented.SegmentedRaftLogWorker$WriteLog.execute(SegmentedRaftLogWorker.java:477)
	at org.apache.ratis.server.raftlog.segmented.SegmentedRaftLogWorker.run(SegmentedRaftLogWorker.java:289)
	at java.lang.Thread.run(Thread.java:748)
Caused by: java.util.concurrent.TimeoutException
	at java.util.concurrent.CompletableFuture.timedGet(CompletableFuture.java:1771)
	at java.util.concurrent.CompletableFuture.get(CompletableFuture.java:1915)
	at org.apache.ratis.util.IOUtils.getFromFuture(IOUtils.java:79)
	... 4 more
2019-09-17 15:18:34,778 [18c72976-30e0-4eea-a5a6-85bddbc481ac@group-DD12D3BA22F1-SegmentedRaftLogWorker] WARN  segmented.SegmentedRaftLogWorker (SegmentedRaftLogWorker.java:getFromFuture(90)) - Timeout 4/~
org.apache.ratis.protocol.TimeoutIOException: Timeout 10s: WriteLog:6: (t:1, i:6), STATEMACHINELOGENTRY, client-C0CF9D0615A1, cid=51-writeStateMachineData
	at org.apache.ratis.util.IOUtils.getFromFuture(IOUtils.java:87)
	at org.apache.ratis.server.raftlog.segmented.SegmentedRaftLogWorker$StateMachineDataPolicy.getFromFuture(SegmentedRaftLogWorker.java:87)
	at org.apache.ratis.server.raftlog.segmented.SegmentedRaftLogWorker$WriteLog.execute(SegmentedRaftLogWorker.java:477)
	at org.apache.ratis.server.raftlog.segmented.SegmentedRaftLogWorker.run(SegmentedRaftLogWorker.java:289)
	at java.lang.Thread.run(Thread.java:748)
Caused by: java.util.concurrent.TimeoutException
	at java.util.concurrent.CompletableFuture.timedGet(CompletableFuture.java:1771)
	at java.util.concurrent.CompletableFuture.get(CompletableFuture.java:1915)
	at org.apache.ratis.util.IOUtils.getFromFuture(IOUtils.java:79)
	... 4 more
2019-09-17 15:18:34,779 [319da950-6258-4a15-a10a-9ff19688a457@group-DD12D3BA22F1-SegmentedRaftLogWorker] WARN  segmented.SegmentedRaftLogWorker (SegmentedRaftLogWorker.java:getFromFuture(90)) - Timeout 4/~
org.apache.ratis.protocol.TimeoutIOException: Timeout 10s: WriteLog:8: (t:1, i:8), STATEMACHINELOGENTRY, client-C0CF9D0615A1, cid=53-writeStateMachineData
	at org.apache.ratis.util.IOUtils.getFromFuture(IOUtils.java:87)
	at org.apache.ratis.server.raftlog.segmented.SegmentedRaftLogWorker$StateMachineDataPolicy.getFromFuture(SegmentedRaftLogWorker.java:87)
	at org.apache.ratis.server.raftlog.segmented.SegmentedRaftLogWorker$WriteLog.execute(SegmentedRaftLogWorker.java:477)
	at org.apache.ratis.server.raftlog.segmented.SegmentedRaftLogWorker.run(SegmentedRaftLogWorker.java:289)
	at java.lang.Thread.run(Thread.java:748)
Caused by: java.util.concurrent.TimeoutException
	at java.util.concurrent.CompletableFuture.timedGet(CompletableFuture.java:1771)
	at java.util.concurrent.CompletableFuture.get(CompletableFuture.java:1915)
	at org.apache.ratis.util.IOUtils.getFromFuture(IOUtils.java:79)
	... 4 more
2019-09-17 15:18:34,820 [grpc-default-executor-6] INFO  impl.RaftServerProxy (RaftServerProxy.java:remove(95)) - 319da950-6258-4a15-a10a-9ff19688a457: remove group-9AD4355EB7C4:null
2019-09-17 15:18:34,823 [RatisPipelineUtilsThread] WARN  pipeline.RatisPipelineUtils (RatisPipelineUtils.java:destroyPipeline(66)) - Pipeline destroy failed for pipeline=PipelineID=855fe8db-a41d-4393-a5b7-9ad4355eb7c4 dn=319da950-6258-4a15-a10a-9ff19688a457{ip: 192.168.151.72, host: pr-hdds-2137-trunk-f8w4d-2934045284, networkLocation: /default-rack, certSerialId: null}
2019-09-17 15:18:34,826 [grpc-default-executor-6] INFO  impl.RaftServerProxy (RaftServerProxy.java:remove(95)) - 18c72976-30e0-4eea-a5a6-85bddbc481ac: remove group-9AD4355EB7C4:null
2019-09-17 15:18:34,828 [RatisPipelineUtilsThread] WARN  pipeline.RatisPipelineUtils (RatisPipelineUtils.java:destroyPipeline(66)) - Pipeline destroy failed for pipeline=PipelineID=855fe8db-a41d-4393-a5b7-9ad4355eb7c4 dn=18c72976-30e0-4eea-a5a6-85bddbc481ac{ip: 192.168.151.72, host: pr-hdds-2137-trunk-f8w4d-2934045284, networkLocation: /default-rack, certSerialId: null}
2019-09-17 15:18:34,832 [grpc-default-executor-6] INFO  impl.RaftServerProxy (RaftServerProxy.java:remove(95)) - 78eb98d0-10ad-403d-ab68-3e803fb8ec72: remove group-9AD4355EB7C4:null
2019-09-17 15:18:34,834 [RatisPipelineUtilsThread] WARN  pipeline.RatisPipelineUtils (RatisPipelineUtils.java:destroyPipeline(66)) - Pipeline destroy failed for pipeline=PipelineID=855fe8db-a41d-4393-a5b7-9ad4355eb7c4 dn=78eb98d0-10ad-403d-ab68-3e803fb8ec72{ip: 192.168.151.72, host: pr-hdds-2137-trunk-f8w4d-2934045284, networkLocation: /default-rack, certSerialId: null}
2019-09-17 15:18:34,834 [RatisPipelineUtilsThread] ERROR pipeline.SCMPipelineManager (Scheduler.java:lambda$schedule$1(70)) - Destroy pipeline failed for pipeline:Pipeline[ Id: 855fe8db-a41d-4393-a5b7-9ad4355eb7c4, Nodes: 319da950-6258-4a15-a10a-9ff19688a457{ip: 192.168.151.72, host: pr-hdds-2137-trunk-f8w4d-2934045284, networkLocation: /default-rack, certSerialId: null}18c72976-30e0-4eea-a5a6-85bddbc481ac{ip: 192.168.151.72, host: pr-hdds-2137-trunk-f8w4d-2934045284, networkLocation: /default-rack, certSerialId: null}78eb98d0-10ad-403d-ab68-3e803fb8ec72{ip: 192.168.151.72, host: pr-hdds-2137-trunk-f8w4d-2934045284, networkLocation: /default-rack, certSerialId: null}, Type:RATIS, Factor:THREE, State:CLOSED]
org.apache.hadoop.hdds.scm.pipeline.PipelineNotFoundException: PipelineID=855fe8db-a41d-4393-a5b7-9ad4355eb7c4 not found
	at org.apache.hadoop.hdds.scm.pipeline.PipelineStateMap.getPipeline(PipelineStateMap.java:132)
	at org.apache.hadoop.hdds.scm.pipeline.PipelineStateMap.removePipeline(PipelineStateMap.java:322)
	at org.apache.hadoop.hdds.scm.pipeline.PipelineStateManager.removePipeline(PipelineStateManager.java:107)
	at org.apache.hadoop.hdds.scm.pipeline.SCMPipelineManager.removePipeline(SCMPipelineManager.java:423)
	at org.apache.hadoop.hdds.scm.pipeline.SCMPipelineManager.destroyPipeline(SCMPipelineManager.java:409)
	at org.apache.hadoop.hdds.scm.pipeline.SCMPipelineManager.lambda$finalizeAndDestroyPipeline$0(SCMPipelineManager.java:318)
	at org.apache.hadoop.utils.Scheduler.lambda$schedule$1(Scheduler.java:68)
	at java.util.concurrent.Executors$RunnableAdapter.call(Executors.java:511)
	at java.util.concurrent.FutureTask.run(FutureTask.java:266)
	at java.util.concurrent.ScheduledThreadPoolExecutor$ScheduledFutureTask.access$201(ScheduledThreadPoolExecutor.java:180)
	at java.util.concurrent.ScheduledThreadPoolExecutor$ScheduledFutureTask.run(ScheduledThreadPoolExecutor.java:293)
	at java.util.concurrent.ThreadPoolExecutor.runWorker(ThreadPoolExecutor.java:1149)
	at java.util.concurrent.ThreadPoolExecutor$Worker.run(ThreadPoolExecutor.java:624)
	at java.lang.Thread.run(Thread.java:748)
2019-09-17 15:18:35,153 [grpc-default-executor-6] INFO  client.GrpcClientProtocolClient (GrpcClientProtocolClient.java:onNext(264)) - client-C0CF9D0615A1->78eb98d0-10ad-403d-ab68-3e803fb8ec72: receive RaftClientReply:client-C0CF9D0615A1->78eb98d0-10ad-403d-ab68-3e803fb8ec72@group-DD12D3BA22F1, cid=50, FAILED org.apache.ratis.protocol.NotLeaderException: Server 78eb98d0-10ad-403d-ab68-3e803fb8ec72@group-DD12D3BA22F1 is not the leader 18c72976-30e0-4eea-a5a6-85bddbc481ac:192.168.151.72:46844, logIndex=0, commits[78eb98d0-10ad-403d-ab68-3e803fb8ec72:c4, 18c72976-30e0-4eea-a5a6-85bddbc481ac:c4, 319da950-6258-4a15-a10a-9ff19688a457:c3]
2019-09-17 15:18:35,240 [java.util.concurrent.ThreadPoolExecutor$Worker@75d7222c[State = -1, empty queue]] WARN  server.GrpcLogAppender (GrpcLogAppender.java:timeoutAppendRequest(200)) - 18c72976-30e0-4eea-a5a6-85bddbc481ac@group-DD12D3BA22F1->319da950-6258-4a15-a10a-9ff19688a457-GrpcLogAppender: appendEntries Timeout, request=18c72976-30e0-4eea-a5a6-85bddbc481ac->319da950-6258-4a15-a10a-9ff19688a457#30-t1, previous=(t:1, i:10), leaderCommit=4, initializing? false, entries: <empty>
2019-09-17 15:18:35,240 [java.util.concurrent.ThreadPoolExecutor$Worker@35550b30[State = -1, empty queue]] WARN  server.GrpcLogAppender (GrpcLogAppender.java:timeoutAppendRequest(200)) - 18c72976-30e0-4eea-a5a6-85bddbc481ac@group-DD12D3BA22F1->78eb98d0-10ad-403d-ab68-3e803fb8ec72-GrpcLogAppender: appendEntries Timeout, request=18c72976-30e0-4eea-a5a6-85bddbc481ac->78eb98d0-10ad-403d-ab68-3e803fb8ec72#30-t1, previous=(t:1, i:10), leaderCommit=4, initializing? false, entries: <empty>
2019-09-17 15:18:36,824 [grpc-default-executor-6] INFO  impl.RaftServerProxy (RaftServerProxy.java:remove(95)) - 319da950-6258-4a15-a10a-9ff19688a457: remove group-9AD4355EB7C4:null
2019-09-17 15:18:36,829 [RatisPipelineUtilsThread] WARN  pipeline.RatisPipelineUtils (RatisPipelineUtils.java:destroyPipeline(66)) - Pipeline destroy failed for pipeline=PipelineID=855fe8db-a41d-4393-a5b7-9ad4355eb7c4 dn=319da950-6258-4a15-a10a-9ff19688a457{ip: 192.168.151.72, host: pr-hdds-2137-trunk-f8w4d-2934045284, networkLocation: /default-rack, certSerialId: null}
2019-09-17 15:18:36,832 [grpc-default-executor-6] INFO  impl.RaftServerProxy (RaftServerProxy.java:remove(95)) - 18c72976-30e0-4eea-a5a6-85bddbc481ac: remove group-9AD4355EB7C4:null
2019-09-17 15:18:36,835 [RatisPipelineUtilsThread] WARN  pipeline.RatisPipelineUtils (RatisPipelineUtils.java:destroyPipeline(66)) - Pipeline destroy failed for pipeline=PipelineID=855fe8db-a41d-4393-a5b7-9ad4355eb7c4 dn=18c72976-30e0-4eea-a5a6-85bddbc481ac{ip: 192.168.151.72, host: pr-hdds-2137-trunk-f8w4d-2934045284, networkLocation: /default-rack, certSerialId: null}
2019-09-17 15:18:36,838 [grpc-default-executor-6] INFO  impl.RaftServerProxy (RaftServerProxy.java:remove(95)) - 78eb98d0-10ad-403d-ab68-3e803fb8ec72: remove group-9AD4355EB7C4:null
2019-09-17 15:18:36,840 [RatisPipelineUtilsThread] WARN  pipeline.RatisPipelineUtils (RatisPipelineUtils.java:destroyPipeline(66)) - Pipeline destroy failed for pipeline=PipelineID=855fe8db-a41d-4393-a5b7-9ad4355eb7c4 dn=78eb98d0-10ad-403d-ab68-3e803fb8ec72{ip: 192.168.151.72, host: pr-hdds-2137-trunk-f8w4d-2934045284, networkLocation: /default-rack, certSerialId: null}
2019-09-17 15:18:36,841 [RatisPipelineUtilsThread] ERROR pipeline.SCMPipelineManager (Scheduler.java:lambda$schedule$1(70)) - Destroy pipeline failed for pipeline:Pipeline[ Id: 855fe8db-a41d-4393-a5b7-9ad4355eb7c4, Nodes: 319da950-6258-4a15-a10a-9ff19688a457{ip: 192.168.151.72, host: pr-hdds-2137-trunk-f8w4d-2934045284, networkLocation: /default-rack, certSerialId: null}18c72976-30e0-4eea-a5a6-85bddbc481ac{ip: 192.168.151.72, host: pr-hdds-2137-trunk-f8w4d-2934045284, networkLocation: /default-rack, certSerialId: null}78eb98d0-10ad-403d-ab68-3e803fb8ec72{ip: 192.168.151.72, host: pr-hdds-2137-trunk-f8w4d-2934045284, networkLocation: /default-rack, certSerialId: null}, Type:RATIS, Factor:THREE, State:CLOSED]
org.apache.hadoop.hdds.scm.pipeline.PipelineNotFoundException: PipelineID=855fe8db-a41d-4393-a5b7-9ad4355eb7c4 not found
	at org.apache.hadoop.hdds.scm.pipeline.PipelineStateMap.getPipeline(PipelineStateMap.java:132)
	at org.apache.hadoop.hdds.scm.pipeline.PipelineStateMap.removePipeline(PipelineStateMap.java:322)
	at org.apache.hadoop.hdds.scm.pipeline.PipelineStateManager.removePipeline(PipelineStateManager.java:107)
	at org.apache.hadoop.hdds.scm.pipeline.SCMPipelineManager.removePipeline(SCMPipelineManager.java:423)
	at org.apache.hadoop.hdds.scm.pipeline.SCMPipelineManager.destroyPipeline(SCMPipelineManager.java:409)
	at org.apache.hadoop.hdds.scm.pipeline.SCMPipelineManager.lambda$finalizeAndDestroyPipeline$0(SCMPipelineManager.java:318)
	at org.apache.hadoop.utils.Scheduler.lambda$schedule$1(Scheduler.java:68)
	at java.util.concurrent.Executors$RunnableAdapter.call(Executors.java:511)
	at java.util.concurrent.FutureTask.run(FutureTask.java:266)
	at java.util.concurrent.ScheduledThreadPoolExecutor$ScheduledFutureTask.access$201(ScheduledThreadPoolExecutor.java:180)
	at java.util.concurrent.ScheduledThreadPoolExecutor$ScheduledFutureTask.run(ScheduledThreadPoolExecutor.java:293)
	at java.util.concurrent.ThreadPoolExecutor.runWorker(ThreadPoolExecutor.java:1149)
	at java.util.concurrent.ThreadPoolExecutor$Worker.run(ThreadPoolExecutor.java:624)
	at java.lang.Thread.run(Thread.java:748)
2019-09-17 15:18:37,740 [java.util.concurrent.ThreadPoolExecutor$Worker@35550b30[State = -1, empty queue]] WARN  server.GrpcLogAppender (GrpcLogAppender.java:timeoutAppendRequest(200)) - 18c72976-30e0-4eea-a5a6-85bddbc481ac@group-DD12D3BA22F1->78eb98d0-10ad-403d-ab68-3e803fb8ec72-GrpcLogAppender: appendEntries Timeout, request=18c72976-30e0-4eea-a5a6-85bddbc481ac->78eb98d0-10ad-403d-ab68-3e803fb8ec72#31-t1, previous=(t:1, i:10), leaderCommit=4, initializing? false, entries: <empty>
2019-09-17 15:18:37,740 [java.util.concurrent.ThreadPoolExecutor$Worker@75d7222c[State = -1, empty queue]] WARN  server.GrpcLogAppender (GrpcLogAppender.java:timeoutAppendRequest(200)) - 18c72976-30e0-4eea-a5a6-85bddbc481ac@group-DD12D3BA22F1->319da950-6258-4a15-a10a-9ff19688a457-GrpcLogAppender: appendEntries Timeout, request=18c72976-30e0-4eea-a5a6-85bddbc481ac->319da950-6258-4a15-a10a-9ff19688a457#31-t1, previous=(t:1, i:10), leaderCommit=4, initializing? false, entries: <empty>
2019-09-17 15:18:39,828 [grpc-default-executor-4] INFO  impl.RaftServerProxy (RaftServerProxy.java:remove(95)) - 319da950-6258-4a15-a10a-9ff19688a457: remove group-9AD4355EB7C4:null
2019-09-17 15:18:39,832 [RatisPipelineUtilsThread] WARN  pipeline.RatisPipelineUtils (RatisPipelineUtils.java:destroyPipeline(66)) - Pipeline destroy failed for pipeline=PipelineID=855fe8db-a41d-4393-a5b7-9ad4355eb7c4 dn=319da950-6258-4a15-a10a-9ff19688a457{ip: 192.168.151.72, host: pr-hdds-2137-trunk-f8w4d-2934045284, networkLocation: /default-rack, certSerialId: null}
2019-09-17 15:18:39,836 [grpc-default-executor-4] INFO  impl.RaftServerProxy (RaftServerProxy.java:remove(95)) - 18c72976-30e0-4eea-a5a6-85bddbc481ac: remove group-9AD4355EB7C4:null
2019-09-17 15:18:39,839 [RatisPipelineUtilsThread] WARN  pipeline.RatisPipelineUtils (RatisPipelineUtils.java:destroyPipeline(66)) - Pipeline destroy failed for pipeline=PipelineID=855fe8db-a41d-4393-a5b7-9ad4355eb7c4 dn=18c72976-30e0-4eea-a5a6-85bddbc481ac{ip: 192.168.151.72, host: pr-hdds-2137-trunk-f8w4d-2934045284, networkLocation: /default-rack, certSerialId: null}
2019-09-17 15:18:39,843 [grpc-default-executor-4] INFO  impl.RaftServerProxy (RaftServerProxy.java:remove(95)) - 78eb98d0-10ad-403d-ab68-3e803fb8ec72: remove group-9AD4355EB7C4:null
2019-09-17 15:18:39,846 [RatisPipelineUtilsThread] WARN  pipeline.RatisPipelineUtils (RatisPipelineUtils.java:destroyPipeline(66)) - Pipeline destroy failed for pipeline=PipelineID=855fe8db-a41d-4393-a5b7-9ad4355eb7c4 dn=78eb98d0-10ad-403d-ab68-3e803fb8ec72{ip: 192.168.151.72, host: pr-hdds-2137-trunk-f8w4d-2934045284, networkLocation: /default-rack, certSerialId: null}
2019-09-17 15:18:39,846 [RatisPipelineUtilsThread] ERROR pipeline.SCMPipelineManager (Scheduler.java:lambda$schedule$1(70)) - Destroy pipeline failed for pipeline:Pipeline[ Id: 855fe8db-a41d-4393-a5b7-9ad4355eb7c4, Nodes: 319da950-6258-4a15-a10a-9ff19688a457{ip: 192.168.151.72, host: pr-hdds-2137-trunk-f8w4d-2934045284, networkLocation: /default-rack, certSerialId: null}18c72976-30e0-4eea-a5a6-85bddbc481ac{ip: 192.168.151.72, host: pr-hdds-2137-trunk-f8w4d-2934045284, networkLocation: /default-rack, certSerialId: null}78eb98d0-10ad-403d-ab68-3e803fb8ec72{ip: 192.168.151.72, host: pr-hdds-2137-trunk-f8w4d-2934045284, networkLocation: /default-rack, certSerialId: null}, Type:RATIS, Factor:THREE, State:CLOSED]
org.apache.hadoop.hdds.scm.pipeline.PipelineNotFoundException: PipelineID=855fe8db-a41d-4393-a5b7-9ad4355eb7c4 not found
	at org.apache.hadoop.hdds.scm.pipeline.PipelineStateMap.getPipeline(PipelineStateMap.java:132)
	at org.apache.hadoop.hdds.scm.pipeline.PipelineStateMap.removePipeline(PipelineStateMap.java:322)
	at org.apache.hadoop.hdds.scm.pipeline.PipelineStateManager.removePipeline(PipelineStateManager.java:107)
	at org.apache.hadoop.hdds.scm.pipeline.SCMPipelineManager.removePipeline(SCMPipelineManager.java:423)
	at org.apache.hadoop.hdds.scm.pipeline.SCMPipelineManager.destroyPipeline(SCMPipelineManager.java:409)
	at org.apache.hadoop.hdds.scm.pipeline.SCMPipelineManager.lambda$finalizeAndDestroyPipeline$0(SCMPipelineManager.java:318)
	at org.apache.hadoop.utils.Scheduler.lambda$schedule$1(Scheduler.java:68)
	at java.util.concurrent.Executors$RunnableAdapter.call(Executors.java:511)
	at java.util.concurrent.FutureTask.run(FutureTask.java:266)
	at java.util.concurrent.ScheduledThreadPoolExecutor$ScheduledFutureTask.access$201(ScheduledThreadPoolExecutor.java:180)
	at java.util.concurrent.ScheduledThreadPoolExecutor$ScheduledFutureTask.run(ScheduledThreadPoolExecutor.java:293)
	at java.util.concurrent.ThreadPoolExecutor.runWorker(ThreadPoolExecutor.java:1149)
	at java.util.concurrent.ThreadPoolExecutor$Worker.run(ThreadPoolExecutor.java:624)
	at java.lang.Thread.run(Thread.java:748)
2019-09-17 15:18:40,205 [grpc-default-executor-4] INFO  client.GrpcClientProtocolClient (GrpcClientProtocolClient.java:onNext(264)) - client-C0CF9D0615A1->319da950-6258-4a15-a10a-9ff19688a457: receive RaftClientReply:client-C0CF9D0615A1->319da950-6258-4a15-a10a-9ff19688a457@group-DD12D3BA22F1, cid=50, FAILED org.apache.ratis.protocol.NotLeaderException: Server 319da950-6258-4a15-a10a-9ff19688a457@group-DD12D3BA22F1 is not the leader 18c72976-30e0-4eea-a5a6-85bddbc481ac:192.168.151.72:46844, logIndex=0, commits[319da950-6258-4a15-a10a-9ff19688a457:c4, 18c72976-30e0-4eea-a5a6-85bddbc481ac:c4, 78eb98d0-10ad-403d-ab68-3e803fb8ec72:c3]
2019-09-17 15:18:40,241 [java.util.concurrent.ThreadPoolExecutor$Worker@35550b30[State = -1, empty queue]] WARN  server.GrpcLogAppender (GrpcLogAppender.java:timeoutAppendRequest(200)) - 18c72976-30e0-4eea-a5a6-85bddbc481ac@group-DD12D3BA22F1->78eb98d0-10ad-403d-ab68-3e803fb8ec72-GrpcLogAppender: appendEntries Timeout, request=18c72976-30e0-4eea-a5a6-85bddbc481ac->78eb98d0-10ad-403d-ab68-3e803fb8ec72#32-t1, previous=(t:1, i:10), leaderCommit=4, initializing? false, entries: <empty>
2019-09-17 15:18:40,241 [java.util.concurrent.ThreadPoolExecutor$Worker@75d7222c[State = -1, empty queue]] WARN  server.GrpcLogAppender (GrpcLogAppender.java:timeoutAppendRequest(200)) - 18c72976-30e0-4eea-a5a6-85bddbc481ac@group-DD12D3BA22F1->319da950-6258-4a15-a10a-9ff19688a457-GrpcLogAppender: appendEntries Timeout, request=18c72976-30e0-4eea-a5a6-85bddbc481ac->319da950-6258-4a15-a10a-9ff19688a457#32-t1, previous=(t:1, i:10), leaderCommit=4, initializing? false, entries: <empty>
2019-09-17 15:18:41,824 [grpc-default-executor-6] INFO  impl.RaftServerProxy (RaftServerProxy.java:remove(95)) - 319da950-6258-4a15-a10a-9ff19688a457: remove group-9AD4355EB7C4:null
2019-09-17 15:18:41,827 [RatisPipelineUtilsThread] WARN  pipeline.RatisPipelineUtils (RatisPipelineUtils.java:destroyPipeline(66)) - Pipeline destroy failed for pipeline=PipelineID=855fe8db-a41d-4393-a5b7-9ad4355eb7c4 dn=319da950-6258-4a15-a10a-9ff19688a457{ip: 192.168.151.72, host: pr-hdds-2137-trunk-f8w4d-2934045284, networkLocation: /default-rack, certSerialId: null}
2019-09-17 15:18:41,830 [grpc-default-executor-6] INFO  impl.RaftServerProxy (RaftServerProxy.java:remove(95)) - 18c72976-30e0-4eea-a5a6-85bddbc481ac: remove group-9AD4355EB7C4:null
2019-09-17 15:18:41,832 [RatisPipelineUtilsThread] WARN  pipeline.RatisPipelineUtils (RatisPipelineUtils.java:destroyPipeline(66)) - Pipeline destroy failed for pipeline=PipelineID=855fe8db-a41d-4393-a5b7-9ad4355eb7c4 dn=18c72976-30e0-4eea-a5a6-85bddbc481ac{ip: 192.168.151.72, host: pr-hdds-2137-trunk-f8w4d-2934045284, networkLocation: /default-rack, certSerialId: null}
2019-09-17 15:18:41,835 [grpc-default-executor-6] INFO  impl.RaftServerProxy (RaftServerProxy.java:remove(95)) - 78eb98d0-10ad-403d-ab68-3e803fb8ec72: remove group-9AD4355EB7C4:null
2019-09-17 15:18:41,838 [RatisPipelineUtilsThread] WARN  pipeline.RatisPipelineUtils (RatisPipelineUtils.java:destroyPipeline(66)) - Pipeline destroy failed for pipeline=PipelineID=855fe8db-a41d-4393-a5b7-9ad4355eb7c4 dn=78eb98d0-10ad-403d-ab68-3e803fb8ec72{ip: 192.168.151.72, host: pr-hdds-2137-trunk-f8w4d-2934045284, networkLocation: /default-rack, certSerialId: null}
2019-09-17 15:18:41,838 [RatisPipelineUtilsThread] ERROR pipeline.SCMPipelineManager (Scheduler.java:lambda$schedule$1(70)) - Destroy pipeline failed for pipeline:Pipeline[ Id: 855fe8db-a41d-4393-a5b7-9ad4355eb7c4, Nodes: 319da950-6258-4a15-a10a-9ff19688a457{ip: 192.168.151.72, host: pr-hdds-2137-trunk-f8w4d-2934045284, networkLocation: /default-rack, certSerialId: null}18c72976-30e0-4eea-a5a6-85bddbc481ac{ip: 192.168.151.72, host: pr-hdds-2137-trunk-f8w4d-2934045284, networkLocation: /default-rack, certSerialId: null}78eb98d0-10ad-403d-ab68-3e803fb8ec72{ip: 192.168.151.72, host: pr-hdds-2137-trunk-f8w4d-2934045284, networkLocation: /default-rack, certSerialId: null}, Type:RATIS, Factor:THREE, State:CLOSED]
org.apache.hadoop.hdds.scm.pipeline.PipelineNotFoundException: PipelineID=855fe8db-a41d-4393-a5b7-9ad4355eb7c4 not found
	at org.apache.hadoop.hdds.scm.pipeline.PipelineStateMap.getPipeline(PipelineStateMap.java:132)
	at org.apache.hadoop.hdds.scm.pipeline.PipelineStateMap.removePipeline(PipelineStateMap.java:322)
	at org.apache.hadoop.hdds.scm.pipeline.PipelineStateManager.removePipeline(PipelineStateManager.java:107)
	at org.apache.hadoop.hdds.scm.pipeline.SCMPipelineManager.removePipeline(SCMPipelineManager.java:423)
	at org.apache.hadoop.hdds.scm.pipeline.SCMPipelineManager.destroyPipeline(SCMPipelineManager.java:409)
	at org.apache.hadoop.hdds.scm.pipeline.SCMPipelineManager.lambda$finalizeAndDestroyPipeline$0(SCMPipelineManager.java:318)
	at org.apache.hadoop.utils.Scheduler.lambda$schedule$1(Scheduler.java:68)
	at java.util.concurrent.Executors$RunnableAdapter.call(Executors.java:511)
	at java.util.concurrent.FutureTask.run(FutureTask.java:266)
	at java.util.concurrent.ScheduledThreadPoolExecutor$ScheduledFutureTask.access$201(ScheduledThreadPoolExecutor.java:180)
	at java.util.concurrent.ScheduledThreadPoolExecutor$ScheduledFutureTask.run(ScheduledThreadPoolExecutor.java:293)
	at java.util.concurrent.ThreadPoolExecutor.runWorker(ThreadPoolExecutor.java:1149)
	at java.util.concurrent.ThreadPoolExecutor$Worker.run(ThreadPoolExecutor.java:624)
	at java.lang.Thread.run(Thread.java:748)
2019-09-17 15:18:42,742 [java.util.concurrent.ThreadPoolExecutor$Worker@75d7222c[State = -1, empty queue]] WARN  server.GrpcLogAppender (GrpcLogAppender.java:timeoutAppendRequest(200)) - 18c72976-30e0-4eea-a5a6-85bddbc481ac@group-DD12D3BA22F1->319da950-6258-4a15-a10a-9ff19688a457-GrpcLogAppender: appendEntries Timeout, request=18c72976-30e0-4eea-a5a6-85bddbc481ac->319da950-6258-4a15-a10a-9ff19688a457#33-t1, previous=(t:1, i:10), leaderCommit=4, initializing? false, entries: <empty>
2019-09-17 15:18:42,742 [java.util.concurrent.ThreadPoolExecutor$Worker@35550b30[State = -1, empty queue]] WARN  server.GrpcLogAppender (GrpcLogAppender.java:timeoutAppendRequest(200)) - 18c72976-30e0-4eea-a5a6-85bddbc481ac@group-DD12D3BA22F1->78eb98d0-10ad-403d-ab68-3e803fb8ec72-GrpcLogAppender: appendEntries Timeout, request=18c72976-30e0-4eea-a5a6-85bddbc481ac->78eb98d0-10ad-403d-ab68-3e803fb8ec72#33-t1, previous=(t:1, i:10), leaderCommit=4, initializing? false, entries: <empty>
2019-09-17 15:18:42,983 [grpc-default-executor-6] INFO  impl.RaftServerProxy (RaftServerProxy.java:remove(95)) - 319da950-6258-4a15-a10a-9ff19688a457: remove group-9AD4355EB7C4:null
2019-09-17 15:18:42,988 [RatisPipelineUtilsThread] WARN  pipeline.RatisPipelineUtils (RatisPipelineUtils.java:destroyPipeline(66)) - Pipeline destroy failed for pipeline=PipelineID=855fe8db-a41d-4393-a5b7-9ad4355eb7c4 dn=319da950-6258-4a15-a10a-9ff19688a457{ip: 192.168.151.72, host: pr-hdds-2137-trunk-f8w4d-2934045284, networkLocation: /default-rack, certSerialId: null}
2019-09-17 15:18:42,991 [grpc-default-executor-6] INFO  impl.RaftServerProxy (RaftServerProxy.java:remove(95)) - 18c72976-30e0-4eea-a5a6-85bddbc481ac: remove group-9AD4355EB7C4:null
2019-09-17 15:18:42,995 [RatisPipelineUtilsThread] WARN  pipeline.RatisPipelineUtils (RatisPipelineUtils.java:destroyPipeline(66)) - Pipeline destroy failed for pipeline=PipelineID=855fe8db-a41d-4393-a5b7-9ad4355eb7c4 dn=18c72976-30e0-4eea-a5a6-85bddbc481ac{ip: 192.168.151.72, host: pr-hdds-2137-trunk-f8w4d-2934045284, networkLocation: /default-rack, certSerialId: null}
2019-09-17 15:18:42,998 [grpc-default-executor-6] INFO  impl.RaftServerProxy (RaftServerProxy.java:remove(95)) - 78eb98d0-10ad-403d-ab68-3e803fb8ec72: remove group-9AD4355EB7C4:null
2019-09-17 15:18:43,000 [RatisPipelineUtilsThread] WARN  pipeline.RatisPipelineUtils (RatisPipelineUtils.java:destroyPipeline(66)) - Pipeline destroy failed for pipeline=PipelineID=855fe8db-a41d-4393-a5b7-9ad4355eb7c4 dn=78eb98d0-10ad-403d-ab68-3e803fb8ec72{ip: 192.168.151.72, host: pr-hdds-2137-trunk-f8w4d-2934045284, networkLocation: /default-rack, certSerialId: null}
2019-09-17 15:18:43,001 [RatisPipelineUtilsThread] ERROR pipeline.SCMPipelineManager (Scheduler.java:lambda$schedule$1(70)) - Destroy pipeline failed for pipeline:Pipeline[ Id: 855fe8db-a41d-4393-a5b7-9ad4355eb7c4, Nodes: 319da950-6258-4a15-a10a-9ff19688a457{ip: 192.168.151.72, host: pr-hdds-2137-trunk-f8w4d-2934045284, networkLocation: /default-rack, certSerialId: null}18c72976-30e0-4eea-a5a6-85bddbc481ac{ip: 192.168.151.72, host: pr-hdds-2137-trunk-f8w4d-2934045284, networkLocation: /default-rack, certSerialId: null}78eb98d0-10ad-403d-ab68-3e803fb8ec72{ip: 192.168.151.72, host: pr-hdds-2137-trunk-f8w4d-2934045284, networkLocation: /default-rack, certSerialId: null}, Type:RATIS, Factor:THREE, State:CLOSED]
org.apache.hadoop.hdds.scm.pipeline.PipelineNotFoundException: PipelineID=855fe8db-a41d-4393-a5b7-9ad4355eb7c4 not found
	at org.apache.hadoop.hdds.scm.pipeline.PipelineStateMap.getPipeline(PipelineStateMap.java:132)
	at org.apache.hadoop.hdds.scm.pipeline.PipelineStateMap.removePipeline(PipelineStateMap.java:322)
	at org.apache.hadoop.hdds.scm.pipeline.PipelineStateManager.removePipeline(PipelineStateManager.java:107)
	at org.apache.hadoop.hdds.scm.pipeline.SCMPipelineManager.removePipeline(SCMPipelineManager.java:423)
	at org.apache.hadoop.hdds.scm.pipeline.SCMPipelineManager.destroyPipeline(SCMPipelineManager.java:409)
	at org.apache.hadoop.hdds.scm.pipeline.SCMPipelineManager.lambda$finalizeAndDestroyPipeline$0(SCMPipelineManager.java:318)
	at org.apache.hadoop.utils.Scheduler.lambda$schedule$1(Scheduler.java:68)
	at java.util.concurrent.Executors$RunnableAdapter.call(Executors.java:511)
	at java.util.concurrent.FutureTask.run(FutureTask.java:266)
	at java.util.concurrent.ScheduledThreadPoolExecutor$ScheduledFutureTask.access$201(ScheduledThreadPoolExecutor.java:180)
	at java.util.concurrent.ScheduledThreadPoolExecutor$ScheduledFutureTask.run(ScheduledThreadPoolExecutor.java:293)
	at java.util.concurrent.ThreadPoolExecutor.runWorker(ThreadPoolExecutor.java:1149)
	at java.util.concurrent.ThreadPoolExecutor$Worker.run(ThreadPoolExecutor.java:624)
	at java.lang.Thread.run(Thread.java:748)
2019-09-17 15:18:43,070 [grpc-default-executor-6] INFO  impl.RaftServerProxy (RaftServerProxy.java:remove(95)) - 319da950-6258-4a15-a10a-9ff19688a457: remove group-9AD4355EB7C4:null
2019-09-17 15:18:43,072 [RatisPipelineUtilsThread] WARN  pipeline.RatisPipelineUtils (RatisPipelineUtils.java:destroyPipeline(66)) - Pipeline destroy failed for pipeline=PipelineID=855fe8db-a41d-4393-a5b7-9ad4355eb7c4 dn=319da950-6258-4a15-a10a-9ff19688a457{ip: 192.168.151.72, host: pr-hdds-2137-trunk-f8w4d-2934045284, networkLocation: /default-rack, certSerialId: null}
2019-09-17 15:18:43,076 [grpc-default-executor-6] INFO  impl.RaftServerProxy (RaftServerProxy.java:remove(95)) - 18c72976-30e0-4eea-a5a6-85bddbc481ac: remove group-9AD4355EB7C4:null
2019-09-17 15:18:43,079 [RatisPipelineUtilsThread] WARN  pipeline.RatisPipelineUtils (RatisPipelineUtils.java:destroyPipeline(66)) - Pipeline destroy failed for pipeline=PipelineID=855fe8db-a41d-4393-a5b7-9ad4355eb7c4 dn=18c72976-30e0-4eea-a5a6-85bddbc481ac{ip: 192.168.151.72, host: pr-hdds-2137-trunk-f8w4d-2934045284, networkLocation: /default-rack, certSerialId: null}
2019-09-17 15:18:43,083 [grpc-default-executor-6] INFO  impl.RaftServerProxy (RaftServerProxy.java:remove(95)) - 78eb98d0-10ad-403d-ab68-3e803fb8ec72: remove group-9AD4355EB7C4:null
2019-09-17 15:18:43,086 [RatisPipelineUtilsThread] WARN  pipeline.RatisPipelineUtils (RatisPipelineUtils.java:destroyPipeline(66)) - Pipeline destroy failed for pipeline=PipelineID=855fe8db-a41d-4393-a5b7-9ad4355eb7c4 dn=78eb98d0-10ad-403d-ab68-3e803fb8ec72{ip: 192.168.151.72, host: pr-hdds-2137-trunk-f8w4d-2934045284, networkLocation: /default-rack, certSerialId: null}
2019-09-17 15:18:43,086 [RatisPipelineUtilsThread] ERROR pipeline.SCMPipelineManager (Scheduler.java:lambda$schedule$1(70)) - Destroy pipeline failed for pipeline:Pipeline[ Id: 855fe8db-a41d-4393-a5b7-9ad4355eb7c4, Nodes: 319da950-6258-4a15-a10a-9ff19688a457{ip: 192.168.151.72, host: pr-hdds-2137-trunk-f8w4d-2934045284, networkLocation: /default-rack, certSerialId: null}18c72976-30e0-4eea-a5a6-85bddbc481ac{ip: 192.168.151.72, host: pr-hdds-2137-trunk-f8w4d-2934045284, networkLocation: /default-rack, certSerialId: null}78eb98d0-10ad-403d-ab68-3e803fb8ec72{ip: 192.168.151.72, host: pr-hdds-2137-trunk-f8w4d-2934045284, networkLocation: /default-rack, certSerialId: null}, Type:RATIS, Factor:THREE, State:CLOSED]
org.apache.hadoop.hdds.scm.pipeline.PipelineNotFoundException: PipelineID=855fe8db-a41d-4393-a5b7-9ad4355eb7c4 not found
	at org.apache.hadoop.hdds.scm.pipeline.PipelineStateMap.getPipeline(PipelineStateMap.java:132)
	at org.apache.hadoop.hdds.scm.pipeline.PipelineStateMap.removePipeline(PipelineStateMap.java:322)
	at org.apache.hadoop.hdds.scm.pipeline.PipelineStateManager.removePipeline(PipelineStateManager.java:107)
	at org.apache.hadoop.hdds.scm.pipeline.SCMPipelineManager.removePipeline(SCMPipelineManager.java:423)
	at org.apache.hadoop.hdds.scm.pipeline.SCMPipelineManager.destroyPipeline(SCMPipelineManager.java:409)
	at org.apache.hadoop.hdds.scm.pipeline.SCMPipelineManager.lambda$finalizeAndDestroyPipeline$0(SCMPipelineManager.java:318)
	at org.apache.hadoop.utils.Scheduler.lambda$schedule$1(Scheduler.java:68)
	at java.util.concurrent.Executors$RunnableAdapter.call(Executors.java:511)
	at java.util.concurrent.FutureTask.run(FutureTask.java:266)
	at java.util.concurrent.ScheduledThreadPoolExecutor$ScheduledFutureTask.access$201(ScheduledThreadPoolExecutor.java:180)
	at java.util.concurrent.ScheduledThreadPoolExecutor$ScheduledFutureTask.run(ScheduledThreadPoolExecutor.java:293)
	at java.util.concurrent.ThreadPoolExecutor.runWorker(ThreadPoolExecutor.java:1149)
	at java.util.concurrent.ThreadPoolExecutor$Worker.run(ThreadPoolExecutor.java:624)
	at java.lang.Thread.run(Thread.java:748)
2019-09-17 15:18:43,158 [grpc-default-executor-6] INFO  impl.RaftServerProxy (RaftServerProxy.java:remove(95)) - 319da950-6258-4a15-a10a-9ff19688a457: remove group-9AD4355EB7C4:null
2019-09-17 15:18:43,160 [RatisPipelineUtilsThread] WARN  pipeline.RatisPipelineUtils (RatisPipelineUtils.java:destroyPipeline(66)) - Pipeline destroy failed for pipeline=PipelineID=855fe8db-a41d-4393-a5b7-9ad4355eb7c4 dn=319da950-6258-4a15-a10a-9ff19688a457{ip: 192.168.151.72, host: pr-hdds-2137-trunk-f8w4d-2934045284, networkLocation: /default-rack, certSerialId: null}
2019-09-17 15:18:43,165 [grpc-default-executor-6] INFO  impl.RaftServerProxy (RaftServerProxy.java:remove(95)) - 18c72976-30e0-4eea-a5a6-85bddbc481ac: remove group-9AD4355EB7C4:null
2019-09-17 15:18:43,168 [RatisPipelineUtilsThread] WARN  pipeline.RatisPipelineUtils (RatisPipelineUtils.java:destroyPipeline(66)) - Pipeline destroy failed for pipeline=PipelineID=855fe8db-a41d-4393-a5b7-9ad4355eb7c4 dn=18c72976-30e0-4eea-a5a6-85bddbc481ac{ip: 192.168.151.72, host: pr-hdds-2137-trunk-f8w4d-2934045284, networkLocation: /default-rack, certSerialId: null}
2019-09-17 15:18:43,171 [grpc-default-executor-6] INFO  impl.RaftServerProxy (RaftServerProxy.java:remove(95)) - 78eb98d0-10ad-403d-ab68-3e803fb8ec72: remove group-9AD4355EB7C4:null
2019-09-17 15:18:43,174 [RatisPipelineUtilsThread] WARN  pipeline.RatisPipelineUtils (RatisPipelineUtils.java:destroyPipeline(66)) - Pipeline destroy failed for pipeline=PipelineID=855fe8db-a41d-4393-a5b7-9ad4355eb7c4 dn=78eb98d0-10ad-403d-ab68-3e803fb8ec72{ip: 192.168.151.72, host: pr-hdds-2137-trunk-f8w4d-2934045284, networkLocation: /default-rack, certSerialId: null}
2019-09-17 15:18:43,174 [RatisPipelineUtilsThread] ERROR pipeline.SCMPipelineManager (Scheduler.java:lambda$schedule$1(70)) - Destroy pipeline failed for pipeline:Pipeline[ Id: 855fe8db-a41d-4393-a5b7-9ad4355eb7c4, Nodes: 319da950-6258-4a15-a10a-9ff19688a457{ip: 192.168.151.72, host: pr-hdds-2137-trunk-f8w4d-2934045284, networkLocation: /default-rack, certSerialId: null}18c72976-30e0-4eea-a5a6-85bddbc481ac{ip: 192.168.151.72, host: pr-hdds-2137-trunk-f8w4d-2934045284, networkLocation: /default-rack, certSerialId: null}78eb98d0-10ad-403d-ab68-3e803fb8ec72{ip: 192.168.151.72, host: pr-hdds-2137-trunk-f8w4d-2934045284, networkLocation: /default-rack, certSerialId: null}, Type:RATIS, Factor:THREE, State:CLOSED]
org.apache.hadoop.hdds.scm.pipeline.PipelineNotFoundException: PipelineID=855fe8db-a41d-4393-a5b7-9ad4355eb7c4 not found
	at org.apache.hadoop.hdds.scm.pipeline.PipelineStateMap.getPipeline(PipelineStateMap.java:132)
	at org.apache.hadoop.hdds.scm.pipeline.PipelineStateMap.removePipeline(PipelineStateMap.java:322)
	at org.apache.hadoop.hdds.scm.pipeline.PipelineStateManager.removePipeline(PipelineStateManager.java:107)
	at org.apache.hadoop.hdds.scm.pipeline.SCMPipelineManager.removePipeline(SCMPipelineManager.java:423)
	at org.apache.hadoop.hdds.scm.pipeline.SCMPipelineManager.destroyPipeline(SCMPipelineManager.java:409)
	at org.apache.hadoop.hdds.scm.pipeline.SCMPipelineManager.lambda$finalizeAndDestroyPipeline$0(SCMPipelineManager.java:318)
	at org.apache.hadoop.utils.Scheduler.lambda$schedule$1(Scheduler.java:68)
	at java.util.concurrent.Executors$RunnableAdapter.call(Executors.java:511)
	at java.util.concurrent.FutureTask.run(FutureTask.java:266)
	at java.util.concurrent.ScheduledThreadPoolExecutor$ScheduledFutureTask.access$201(ScheduledThreadPoolExecutor.java:180)
	at java.util.concurrent.ScheduledThreadPoolExecutor$ScheduledFutureTask.run(ScheduledThreadPoolExecutor.java:293)
	at java.util.concurrent.ThreadPoolExecutor.runWorker(ThreadPoolExecutor.java:1149)
	at java.util.concurrent.ThreadPoolExecutor$Worker.run(ThreadPoolExecutor.java:624)
	at java.lang.Thread.run(Thread.java:748)
2019-09-17 15:18:44,735 [78eb98d0-10ad-403d-ab68-3e803fb8ec72@group-DD12D3BA22F1-SegmentedRaftLogWorker] WARN  segmented.SegmentedRaftLogWorker (SegmentedRaftLogWorker.java:getFromFuture(90)) - Timeout 5/~
org.apache.ratis.protocol.TimeoutIOException: Timeout 10s: WriteLog:5: (t:1, i:5), STATEMACHINELOGENTRY, client-C0CF9D0615A1, cid=50-writeStateMachineData
	at org.apache.ratis.util.IOUtils.getFromFuture(IOUtils.java:87)
	at org.apache.ratis.server.raftlog.segmented.SegmentedRaftLogWorker$StateMachineDataPolicy.getFromFuture(SegmentedRaftLogWorker.java:87)
	at org.apache.ratis.server.raftlog.segmented.SegmentedRaftLogWorker$WriteLog.execute(SegmentedRaftLogWorker.java:477)
	at org.apache.ratis.server.raftlog.segmented.SegmentedRaftLogWorker.run(SegmentedRaftLogWorker.java:289)
	at java.lang.Thread.run(Thread.java:748)
Caused by: java.util.concurrent.TimeoutException
	at java.util.concurrent.CompletableFuture.timedGet(CompletableFuture.java:1771)
	at java.util.concurrent.CompletableFuture.get(CompletableFuture.java:1915)
	at org.apache.ratis.util.IOUtils.getFromFuture(IOUtils.java:79)
	... 4 more
2019-09-17 15:18:44,779 [18c72976-30e0-4eea-a5a6-85bddbc481ac@group-DD12D3BA22F1-SegmentedRaftLogWorker] WARN  segmented.SegmentedRaftLogWorker (SegmentedRaftLogWorker.java:getFromFuture(90)) - Timeout 5/~
org.apache.ratis.protocol.TimeoutIOException: Timeout 10s: WriteLog:6: (t:1, i:6), STATEMACHINELOGENTRY, client-C0CF9D0615A1, cid=51-writeStateMachineData
	at org.apache.ratis.util.IOUtils.getFromFuture(IOUtils.java:87)
	at org.apache.ratis.server.raftlog.segmented.SegmentedRaftLogWorker$StateMachineDataPolicy.getFromFuture(SegmentedRaftLogWorker.java:87)
	at org.apache.ratis.server.raftlog.segmented.SegmentedRaftLogWorker$WriteLog.execute(SegmentedRaftLogWorker.java:477)
	at org.apache.ratis.server.raftlog.segmented.SegmentedRaftLogWorker.run(SegmentedRaftLogWorker.java:289)
	at java.lang.Thread.run(Thread.java:748)
Caused by: java.util.concurrent.TimeoutException
	at java.util.concurrent.CompletableFuture.timedGet(CompletableFuture.java:1771)
	at java.util.concurrent.CompletableFuture.get(CompletableFuture.java:1915)
	at org.apache.ratis.util.IOUtils.getFromFuture(IOUtils.java:79)
	... 4 more
2019-09-17 15:18:44,779 [319da950-6258-4a15-a10a-9ff19688a457@group-DD12D3BA22F1-SegmentedRaftLogWorker] WARN  segmented.SegmentedRaftLogWorker (SegmentedRaftLogWorker.java:getFromFuture(90)) - Timeout 5/~
org.apache.ratis.protocol.TimeoutIOException: Timeout 10s: WriteLog:8: (t:1, i:8), STATEMACHINELOGENTRY, client-C0CF9D0615A1, cid=53-writeStateMachineData
	at org.apache.ratis.util.IOUtils.getFromFuture(IOUtils.java:87)
	at org.apache.ratis.server.raftlog.segmented.SegmentedRaftLogWorker$StateMachineDataPolicy.getFromFuture(SegmentedRaftLogWorker.java:87)
	at org.apache.ratis.server.raftlog.segmented.SegmentedRaftLogWorker$WriteLog.execute(SegmentedRaftLogWorker.java:477)
	at org.apache.ratis.server.raftlog.segmented.SegmentedRaftLogWorker.run(SegmentedRaftLogWorker.java:289)
	at java.lang.Thread.run(Thread.java:748)
Caused by: java.util.concurrent.TimeoutException
	at java.util.concurrent.CompletableFuture.timedGet(CompletableFuture.java:1771)
	at java.util.concurrent.CompletableFuture.get(CompletableFuture.java:1915)
	at org.apache.ratis.util.IOUtils.getFromFuture(IOUtils.java:79)
	... 4 more
2019-09-17 15:18:45,242 [java.util.concurrent.ThreadPoolExecutor$Worker@35550b30[State = -1, empty queue]] WARN  server.GrpcLogAppender (GrpcLogAppender.java:timeoutAppendRequest(200)) - 18c72976-30e0-4eea-a5a6-85bddbc481ac@group-DD12D3BA22F1->78eb98d0-10ad-403d-ab68-3e803fb8ec72-GrpcLogAppender: appendEntries Timeout, request=18c72976-30e0-4eea-a5a6-85bddbc481ac->78eb98d0-10ad-403d-ab68-3e803fb8ec72#34-t1, previous=(t:1, i:10), leaderCommit=4, initializing? false, entries: <empty>
2019-09-17 15:18:45,242 [java.util.concurrent.ThreadPoolExecutor$Worker@75d7222c[State = -1, empty queue]] WARN  server.GrpcLogAppender (GrpcLogAppender.java:timeoutAppendRequest(200)) - 18c72976-30e0-4eea-a5a6-85bddbc481ac@group-DD12D3BA22F1->319da950-6258-4a15-a10a-9ff19688a457-GrpcLogAppender: appendEntries Timeout, request=18c72976-30e0-4eea-a5a6-85bddbc481ac->319da950-6258-4a15-a10a-9ff19688a457#34-t1, previous=(t:1, i:10), leaderCommit=4, initializing? false, entries: <empty>
2019-09-17 15:18:45,258 [grpc-default-executor-6] INFO  client.GrpcClientProtocolClient (GrpcClientProtocolClient.java:onNext(264)) - client-C0CF9D0615A1->319da950-6258-4a15-a10a-9ff19688a457: receive RaftClientReply:client-C0CF9D0615A1->319da950-6258-4a15-a10a-9ff19688a457@group-DD12D3BA22F1, cid=50, FAILED org.apache.ratis.protocol.NotLeaderException: Server 319da950-6258-4a15-a10a-9ff19688a457@group-DD12D3BA22F1 is not the leader 18c72976-30e0-4eea-a5a6-85bddbc481ac:192.168.151.72:46844, logIndex=0, commits[319da950-6258-4a15-a10a-9ff19688a457:c4, 18c72976-30e0-4eea-a5a6-85bddbc481ac:c4, 78eb98d0-10ad-403d-ab68-3e803fb8ec72:c3]
2019-09-17 15:18:47,743 [java.util.concurrent.ThreadPoolExecutor$Worker@35550b30[State = -1, empty queue]] WARN  server.GrpcLogAppender (GrpcLogAppender.java:timeoutAppendRequest(200)) - 18c72976-30e0-4eea-a5a6-85bddbc481ac@group-DD12D3BA22F1->78eb98d0-10ad-403d-ab68-3e803fb8ec72-GrpcLogAppender: appendEntries Timeout, request=18c72976-30e0-4eea-a5a6-85bddbc481ac->78eb98d0-10ad-403d-ab68-3e803fb8ec72#35-t1, previous=(t:1, i:10), leaderCommit=4, initializing? false, entries: <empty>
2019-09-17 15:18:47,743 [java.util.concurrent.ThreadPoolExecutor$Worker@75d7222c[State = -1, empty queue]] WARN  server.GrpcLogAppender (GrpcLogAppender.java:timeoutAppendRequest(200)) - 18c72976-30e0-4eea-a5a6-85bddbc481ac@group-DD12D3BA22F1->319da950-6258-4a15-a10a-9ff19688a457-GrpcLogAppender: appendEntries Timeout, request=18c72976-30e0-4eea-a5a6-85bddbc481ac->319da950-6258-4a15-a10a-9ff19688a457#35-t1, previous=(t:1, i:10), leaderCommit=4, initializing? false, entries: <empty>
2019-09-17 15:18:50,244 [java.util.concurrent.ThreadPoolExecutor$Worker@75d7222c[State = -1, empty queue]] WARN  server.GrpcLogAppender (GrpcLogAppender.java:timeoutAppendRequest(200)) - 18c72976-30e0-4eea-a5a6-85bddbc481ac@group-DD12D3BA22F1->319da950-6258-4a15-a10a-9ff19688a457-GrpcLogAppender: appendEntries Timeout, request=18c72976-30e0-4eea-a5a6-85bddbc481ac->319da950-6258-4a15-a10a-9ff19688a457#36-t1, previous=(t:1, i:10), leaderCommit=4, initializing? false, entries: <empty>
2019-09-17 15:18:50,244 [java.util.concurrent.ThreadPoolExecutor$Worker@35550b30[State = -1, empty queue]] WARN  server.GrpcLogAppender (GrpcLogAppender.java:timeoutAppendRequest(200)) - 18c72976-30e0-4eea-a5a6-85bddbc481ac@group-DD12D3BA22F1->78eb98d0-10ad-403d-ab68-3e803fb8ec72-GrpcLogAppender: appendEntries Timeout, request=18c72976-30e0-4eea-a5a6-85bddbc481ac->78eb98d0-10ad-403d-ab68-3e803fb8ec72#36-t1, previous=(t:1, i:10), leaderCommit=4, initializing? false, entries: <empty>
2019-09-17 15:18:50,321 [grpc-default-executor-4] INFO  client.GrpcClientProtocolClient (GrpcClientProtocolClient.java:onNext(264)) - client-C0CF9D0615A1->78eb98d0-10ad-403d-ab68-3e803fb8ec72: receive RaftClientReply:client-C0CF9D0615A1->78eb98d0-10ad-403d-ab68-3e803fb8ec72@group-DD12D3BA22F1, cid=50, FAILED org.apache.ratis.protocol.NotLeaderException: Server 78eb98d0-10ad-403d-ab68-3e803fb8ec72@group-DD12D3BA22F1 is not the leader 18c72976-30e0-4eea-a5a6-85bddbc481ac:192.168.151.72:46844, logIndex=0, commits[78eb98d0-10ad-403d-ab68-3e803fb8ec72:c4, 18c72976-30e0-4eea-a5a6-85bddbc481ac:c4, 319da950-6258-4a15-a10a-9ff19688a457:c3]
2019-09-17 15:18:52,745 [java.util.concurrent.ThreadPoolExecutor$Worker@75d7222c[State = -1, empty queue]] WARN  server.GrpcLogAppender (GrpcLogAppender.java:timeoutAppendRequest(200)) - 18c72976-30e0-4eea-a5a6-85bddbc481ac@group-DD12D3BA22F1->319da950-6258-4a15-a10a-9ff19688a457-GrpcLogAppender: appendEntries Timeout, request=18c72976-30e0-4eea-a5a6-85bddbc481ac->319da950-6258-4a15-a10a-9ff19688a457#37-t1, previous=(t:1, i:10), leaderCommit=4, initializing? false, entries: <empty>
2019-09-17 15:18:52,745 [java.util.concurrent.ThreadPoolExecutor$Worker@35550b30[State = -1, empty queue]] WARN  server.GrpcLogAppender (GrpcLogAppender.java:timeoutAppendRequest(200)) - 18c72976-30e0-4eea-a5a6-85bddbc481ac@group-DD12D3BA22F1->78eb98d0-10ad-403d-ab68-3e803fb8ec72-GrpcLogAppender: appendEntries Timeout, request=18c72976-30e0-4eea-a5a6-85bddbc481ac->78eb98d0-10ad-403d-ab68-3e803fb8ec72#37-t1, previous=(t:1, i:10), leaderCommit=4, initializing? false, entries: <empty>
2019-09-17 15:18:54,736 [78eb98d0-10ad-403d-ab68-3e803fb8ec72@group-DD12D3BA22F1-SegmentedRaftLogWorker] WARN  segmented.SegmentedRaftLogWorker (SegmentedRaftLogWorker.java:getFromFuture(90)) - Timeout 6/~
org.apache.ratis.protocol.TimeoutIOException: Timeout 10s: WriteLog:5: (t:1, i:5), STATEMACHINELOGENTRY, client-C0CF9D0615A1, cid=50-writeStateMachineData
	at org.apache.ratis.util.IOUtils.getFromFuture(IOUtils.java:87)
	at org.apache.ratis.server.raftlog.segmented.SegmentedRaftLogWorker$StateMachineDataPolicy.getFromFuture(SegmentedRaftLogWorker.java:87)
	at org.apache.ratis.server.raftlog.segmented.SegmentedRaftLogWorker$WriteLog.execute(SegmentedRaftLogWorker.java:477)
	at org.apache.ratis.server.raftlog.segmented.SegmentedRaftLogWorker.run(SegmentedRaftLogWorker.java:289)
	at java.lang.Thread.run(Thread.java:748)
Caused by: java.util.concurrent.TimeoutException
	at java.util.concurrent.CompletableFuture.timedGet(CompletableFuture.java:1771)
	at java.util.concurrent.CompletableFuture.get(CompletableFuture.java:1915)
	at org.apache.ratis.util.IOUtils.getFromFuture(IOUtils.java:79)
	... 4 more
2019-09-17 15:18:54,780 [18c72976-30e0-4eea-a5a6-85bddbc481ac@group-DD12D3BA22F1-SegmentedRaftLogWorker] WARN  segmented.SegmentedRaftLogWorker (SegmentedRaftLogWorker.java:getFromFuture(90)) - Timeout 6/~
org.apache.ratis.protocol.TimeoutIOException: Timeout 10s: WriteLog:6: (t:1, i:6), STATEMACHINELOGENTRY, client-C0CF9D0615A1, cid=51-writeStateMachineData
	at org.apache.ratis.util.IOUtils.getFromFuture(IOUtils.java:87)
	at org.apache.ratis.server.raftlog.segmented.SegmentedRaftLogWorker$StateMachineDataPolicy.getFromFuture(SegmentedRaftLogWorker.java:87)
	at org.apache.ratis.server.raftlog.segmented.SegmentedRaftLogWorker$WriteLog.execute(SegmentedRaftLogWorker.java:477)
	at org.apache.ratis.server.raftlog.segmented.SegmentedRaftLogWorker.run(SegmentedRaftLogWorker.java:289)
	at java.lang.Thread.run(Thread.java:748)
Caused by: java.util.concurrent.TimeoutException
	at java.util.concurrent.CompletableFuture.timedGet(CompletableFuture.java:1771)
	at java.util.concurrent.CompletableFuture.get(CompletableFuture.java:1915)
	at org.apache.ratis.util.IOUtils.getFromFuture(IOUtils.java:79)
	... 4 more
2019-09-17 15:18:54,808 [319da950-6258-4a15-a10a-9ff19688a457@group-DD12D3BA22F1-SegmentedRaftLogWorker] WARN  segmented.SegmentedRaftLogWorker (SegmentedRaftLogWorker.java:getFromFuture(90)) - Timeout 6/~
org.apache.ratis.protocol.TimeoutIOException: Timeout 10s: WriteLog:8: (t:1, i:8), STATEMACHINELOGENTRY, client-C0CF9D0615A1, cid=53-writeStateMachineData
	at org.apache.ratis.util.IOUtils.getFromFuture(IOUtils.java:87)
	at org.apache.ratis.server.raftlog.segmented.SegmentedRaftLogWorker$StateMachineDataPolicy.getFromFuture(SegmentedRaftLogWorker.java:87)
	at org.apache.ratis.server.raftlog.segmented.SegmentedRaftLogWorker$WriteLog.execute(SegmentedRaftLogWorker.java:477)
	at org.apache.ratis.server.raftlog.segmented.SegmentedRaftLogWorker.run(SegmentedRaftLogWorker.java:289)
	at java.lang.Thread.run(Thread.java:748)
Caused by: java.util.concurrent.TimeoutException
	at java.util.concurrent.CompletableFuture.timedGet(CompletableFuture.java:1771)
	at java.util.concurrent.CompletableFuture.get(CompletableFuture.java:1915)
	at org.apache.ratis.util.IOUtils.getFromFuture(IOUtils.java:79)
	... 4 more
2019-09-17 15:18:55,246 [java.util.concurrent.ThreadPoolExecutor$Worker@35550b30[State = -1, empty queue]] WARN  server.GrpcLogAppender (GrpcLogAppender.java:timeoutAppendRequest(200)) - 18c72976-30e0-4eea-a5a6-85bddbc481ac@group-DD12D3BA22F1->78eb98d0-10ad-403d-ab68-3e803fb8ec72-GrpcLogAppender: appendEntries Timeout, request=18c72976-30e0-4eea-a5a6-85bddbc481ac->78eb98d0-10ad-403d-ab68-3e803fb8ec72#38-t1, previous=(t:1, i:10), leaderCommit=4, initializing? false, entries: <empty>
2019-09-17 15:18:55,246 [java.util.concurrent.ThreadPoolExecutor$Worker@75d7222c[State = -1, empty queue]] WARN  server.GrpcLogAppender (GrpcLogAppender.java:timeoutAppendRequest(200)) - 18c72976-30e0-4eea-a5a6-85bddbc481ac@group-DD12D3BA22F1->319da950-6258-4a15-a10a-9ff19688a457-GrpcLogAppender: appendEntries Timeout, request=18c72976-30e0-4eea-a5a6-85bddbc481ac->319da950-6258-4a15-a10a-9ff19688a457#38-t1, previous=(t:1, i:10), leaderCommit=4, initializing? false, entries: <empty>
2019-09-17 15:18:55,367 [grpc-default-executor-4] INFO  client.GrpcClientProtocolClient (GrpcClientProtocolClient.java:onNext(264)) - client-C0CF9D0615A1->319da950-6258-4a15-a10a-9ff19688a457: receive RaftClientReply:client-C0CF9D0615A1->319da950-6258-4a15-a10a-9ff19688a457@group-DD12D3BA22F1, cid=50, FAILED org.apache.ratis.protocol.NotLeaderException: Server 319da950-6258-4a15-a10a-9ff19688a457@group-DD12D3BA22F1 is not the leader 18c72976-30e0-4eea-a5a6-85bddbc481ac:192.168.151.72:46844, logIndex=0, commits[319da950-6258-4a15-a10a-9ff19688a457:c4, 18c72976-30e0-4eea-a5a6-85bddbc481ac:c4, 78eb98d0-10ad-403d-ab68-3e803fb8ec72:c3]
2019-09-17 15:18:57,747 [java.util.concurrent.ThreadPoolExecutor$Worker@75d7222c[State = -1, empty queue]] WARN  server.GrpcLogAppender (GrpcLogAppender.java:timeoutAppendRequest(200)) - 18c72976-30e0-4eea-a5a6-85bddbc481ac@group-DD12D3BA22F1->319da950-6258-4a15-a10a-9ff19688a457-GrpcLogAppender: appendEntries Timeout, request=18c72976-30e0-4eea-a5a6-85bddbc481ac->319da950-6258-4a15-a10a-9ff19688a457#39-t1, previous=(t:1, i:10), leaderCommit=4, initializing? false, entries: <empty>
2019-09-17 15:18:57,747 [java.util.concurrent.ThreadPoolExecutor$Worker@35550b30[State = -1, empty queue]] WARN  server.GrpcLogAppender (GrpcLogAppender.java:timeoutAppendRequest(200)) - 18c72976-30e0-4eea-a5a6-85bddbc481ac@group-DD12D3BA22F1->78eb98d0-10ad-403d-ab68-3e803fb8ec72-GrpcLogAppender: appendEntries Timeout, request=18c72976-30e0-4eea-a5a6-85bddbc481ac->78eb98d0-10ad-403d-ab68-3e803fb8ec72#39-t1, previous=(t:1, i:10), leaderCommit=4, initializing? false, entries: <empty>
2019-09-17 15:19:00,248 [java.util.concurrent.ThreadPoolExecutor$Worker@35550b30[State = -1, empty queue]] WARN  server.GrpcLogAppender (GrpcLogAppender.java:timeoutAppendRequest(200)) - 18c72976-30e0-4eea-a5a6-85bddbc481ac@group-DD12D3BA22F1->78eb98d0-10ad-403d-ab68-3e803fb8ec72-GrpcLogAppender: appendEntries Timeout, request=18c72976-30e0-4eea-a5a6-85bddbc481ac->78eb98d0-10ad-403d-ab68-3e803fb8ec72#40-t1, previous=(t:1, i:10), leaderCommit=4, initializing? false, entries: <empty>
2019-09-17 15:19:00,248 [java.util.concurrent.ThreadPoolExecutor$Worker@75d7222c[State = -1, empty queue]] WARN  server.GrpcLogAppender (GrpcLogAppender.java:timeoutAppendRequest(200)) - 18c72976-30e0-4eea-a5a6-85bddbc481ac@group-DD12D3BA22F1->319da950-6258-4a15-a10a-9ff19688a457-GrpcLogAppender: appendEntries Timeout, request=18c72976-30e0-4eea-a5a6-85bddbc481ac->319da950-6258-4a15-a10a-9ff19688a457#40-t1, previous=(t:1, i:10), leaderCommit=4, initializing? false, entries: <empty>
2019-09-17 15:19:00,428 [grpc-default-executor-6] INFO  client.GrpcClientProtocolClient (GrpcClientProtocolClient.java:onNext(264)) - client-C0CF9D0615A1->319da950-6258-4a15-a10a-9ff19688a457: receive RaftClientReply:client-C0CF9D0615A1->319da950-6258-4a15-a10a-9ff19688a457@group-DD12D3BA22F1, cid=50, FAILED org.apache.ratis.protocol.NotLeaderException: Server 319da950-6258-4a15-a10a-9ff19688a457@group-DD12D3BA22F1 is not the leader 18c72976-30e0-4eea-a5a6-85bddbc481ac:192.168.151.72:46844, logIndex=0, commits[319da950-6258-4a15-a10a-9ff19688a457:c4, 18c72976-30e0-4eea-a5a6-85bddbc481ac:c4, 78eb98d0-10ad-403d-ab68-3e803fb8ec72:c3]
2019-09-17 15:19:02,749 [java.util.concurrent.ThreadPoolExecutor$Worker@35550b30[State = -1, empty queue]] WARN  server.GrpcLogAppender (GrpcLogAppender.java:timeoutAppendRequest(200)) - 18c72976-30e0-4eea-a5a6-85bddbc481ac@group-DD12D3BA22F1->78eb98d0-10ad-403d-ab68-3e803fb8ec72-GrpcLogAppender: appendEntries Timeout, request=18c72976-30e0-4eea-a5a6-85bddbc481ac->78eb98d0-10ad-403d-ab68-3e803fb8ec72#41-t1, previous=(t:1, i:10), leaderCommit=4, initializing? false, entries: <empty>
2019-09-17 15:19:02,749 [java.util.concurrent.ThreadPoolExecutor$Worker@75d7222c[State = -1, empty queue]] WARN  server.GrpcLogAppender (GrpcLogAppender.java:timeoutAppendRequest(200)) - 18c72976-30e0-4eea-a5a6-85bddbc481ac@group-DD12D3BA22F1->319da950-6258-4a15-a10a-9ff19688a457-GrpcLogAppender: appendEntries Timeout, request=18c72976-30e0-4eea-a5a6-85bddbc481ac->319da950-6258-4a15-a10a-9ff19688a457#41-t1, previous=(t:1, i:10), leaderCommit=4, initializing? false, entries: <empty>
2019-09-17 15:19:04,738 [78eb98d0-10ad-403d-ab68-3e803fb8ec72@group-DD12D3BA22F1-SegmentedRaftLogWorker] WARN  segmented.SegmentedRaftLogWorker (SegmentedRaftLogWorker.java:getFromFuture(90)) - Timeout 7/~
org.apache.ratis.protocol.TimeoutIOException: Timeout 10s: WriteLog:5: (t:1, i:5), STATEMACHINELOGENTRY, client-C0CF9D0615A1, cid=50-writeStateMachineData
	at org.apache.ratis.util.IOUtils.getFromFuture(IOUtils.java:87)
	at org.apache.ratis.server.raftlog.segmented.SegmentedRaftLogWorker$StateMachineDataPolicy.getFromFuture(SegmentedRaftLogWorker.java:87)
	at org.apache.ratis.server.raftlog.segmented.SegmentedRaftLogWorker$WriteLog.execute(SegmentedRaftLogWorker.java:477)
	at org.apache.ratis.server.raftlog.segmented.SegmentedRaftLogWorker.run(SegmentedRaftLogWorker.java:289)
	at java.lang.Thread.run(Thread.java:748)
Caused by: java.util.concurrent.TimeoutException
	at java.util.concurrent.CompletableFuture.timedGet(CompletableFuture.java:1771)
	at java.util.concurrent.CompletableFuture.get(CompletableFuture.java:1915)
	at org.apache.ratis.util.IOUtils.getFromFuture(IOUtils.java:79)
	... 4 more
2019-09-17 15:19:04,808 [18c72976-30e0-4eea-a5a6-85bddbc481ac@group-DD12D3BA22F1-SegmentedRaftLogWorker] WARN  segmented.SegmentedRaftLogWorker (SegmentedRaftLogWorker.java:getFromFuture(90)) - Timeout 7/~
org.apache.ratis.protocol.TimeoutIOException: Timeout 10s: WriteLog:6: (t:1, i:6), STATEMACHINELOGENTRY, client-C0CF9D0615A1, cid=51-writeStateMachineData
	at org.apache.ratis.util.IOUtils.getFromFuture(IOUtils.java:87)
	at org.apache.ratis.server.raftlog.segmented.SegmentedRaftLogWorker$StateMachineDataPolicy.getFromFuture(SegmentedRaftLogWorker.java:87)
	at org.apache.ratis.server.raftlog.segmented.SegmentedRaftLogWorker$WriteLog.execute(SegmentedRaftLogWorker.java:477)
	at org.apache.ratis.server.raftlog.segmented.SegmentedRaftLogWorker.run(SegmentedRaftLogWorker.java:289)
	at java.lang.Thread.run(Thread.java:748)
Caused by: java.util.concurrent.TimeoutException
	at java.util.concurrent.CompletableFuture.timedGet(CompletableFuture.java:1771)
	at java.util.concurrent.CompletableFuture.get(CompletableFuture.java:1915)
	at org.apache.ratis.util.IOUtils.getFromFuture(IOUtils.java:79)
	... 4 more
2019-09-17 15:19:04,809 [319da950-6258-4a15-a10a-9ff19688a457@group-DD12D3BA22F1-SegmentedRaftLogWorker] WARN  segmented.SegmentedRaftLogWorker (SegmentedRaftLogWorker.java:getFromFuture(90)) - Timeout 7/~
org.apache.ratis.protocol.TimeoutIOException: Timeout 10s: WriteLog:8: (t:1, i:8), STATEMACHINELOGENTRY, client-C0CF9D0615A1, cid=53-writeStateMachineData
	at org.apache.ratis.util.IOUtils.getFromFuture(IOUtils.java:87)
	at org.apache.ratis.server.raftlog.segmented.SegmentedRaftLogWorker$StateMachineDataPolicy.getFromFuture(SegmentedRaftLogWorker.java:87)
	at org.apache.ratis.server.raftlog.segmented.SegmentedRaftLogWorker$WriteLog.execute(SegmentedRaftLogWorker.java:477)
	at org.apache.ratis.server.raftlog.segmented.SegmentedRaftLogWorker.run(SegmentedRaftLogWorker.java:289)
	at java.lang.Thread.run(Thread.java:748)
Caused by: java.util.concurrent.TimeoutException
	at java.util.concurrent.CompletableFuture.timedGet(CompletableFuture.java:1771)
	at java.util.concurrent.CompletableFuture.get(CompletableFuture.java:1915)
	at org.apache.ratis.util.IOUtils.getFromFuture(IOUtils.java:79)
	... 4 more
2019-09-17 15:19:05,249 [java.util.concurrent.ThreadPoolExecutor$Worker@35550b30[State = -1, empty queue]] WARN  server.GrpcLogAppender (GrpcLogAppender.java:timeoutAppendRequest(200)) - 18c72976-30e0-4eea-a5a6-85bddbc481ac@group-DD12D3BA22F1->78eb98d0-10ad-403d-ab68-3e803fb8ec72-GrpcLogAppender: appendEntries Timeout, request=18c72976-30e0-4eea-a5a6-85bddbc481ac->78eb98d0-10ad-403d-ab68-3e803fb8ec72#42-t1, previous=(t:1, i:10), leaderCommit=4, initializing? false, entries: <empty>
2019-09-17 15:19:05,249 [java.util.concurrent.ThreadPoolExecutor$Worker@75d7222c[State = -1, empty queue]] WARN  server.GrpcLogAppender (GrpcLogAppender.java:timeoutAppendRequest(200)) - 18c72976-30e0-4eea-a5a6-85bddbc481ac@group-DD12D3BA22F1->319da950-6258-4a15-a10a-9ff19688a457-GrpcLogAppender: appendEntries Timeout, request=18c72976-30e0-4eea-a5a6-85bddbc481ac->319da950-6258-4a15-a10a-9ff19688a457#42-t1, previous=(t:1, i:10), leaderCommit=4, initializing? false, entries: <empty>
2019-09-17 15:19:05,472 [grpc-default-executor-4] INFO  client.GrpcClientProtocolClient (GrpcClientProtocolClient.java:onNext(264)) - client-C0CF9D0615A1->319da950-6258-4a15-a10a-9ff19688a457: receive RaftClientReply:client-C0CF9D0615A1->319da950-6258-4a15-a10a-9ff19688a457@group-DD12D3BA22F1, cid=50, FAILED org.apache.ratis.protocol.NotLeaderException: Server 319da950-6258-4a15-a10a-9ff19688a457@group-DD12D3BA22F1 is not the leader 18c72976-30e0-4eea-a5a6-85bddbc481ac:192.168.151.72:46844, logIndex=0, commits[319da950-6258-4a15-a10a-9ff19688a457:c4, 18c72976-30e0-4eea-a5a6-85bddbc481ac:c4, 78eb98d0-10ad-403d-ab68-3e803fb8ec72:c3]
2019-09-17 15:19:07,750 [java.util.concurrent.ThreadPoolExecutor$Worker@75d7222c[State = -1, empty queue]] WARN  server.GrpcLogAppender (GrpcLogAppender.java:timeoutAppendRequest(200)) - 18c72976-30e0-4eea-a5a6-85bddbc481ac@group-DD12D3BA22F1->319da950-6258-4a15-a10a-9ff19688a457-GrpcLogAppender: appendEntries Timeout, request=18c72976-30e0-4eea-a5a6-85bddbc481ac->319da950-6258-4a15-a10a-9ff19688a457#43-t1, previous=(t:1, i:10), leaderCommit=4, initializing? false, entries: <empty>
2019-09-17 15:19:07,750 [java.util.concurrent.ThreadPoolExecutor$Worker@35550b30[State = -1, empty queue]] WARN  server.GrpcLogAppender (GrpcLogAppender.java:timeoutAppendRequest(200)) - 18c72976-30e0-4eea-a5a6-85bddbc481ac@group-DD12D3BA22F1->78eb98d0-10ad-403d-ab68-3e803fb8ec72-GrpcLogAppender: appendEntries Timeout, request=18c72976-30e0-4eea-a5a6-85bddbc481ac->78eb98d0-10ad-403d-ab68-3e803fb8ec72#43-t1, previous=(t:1, i:10), leaderCommit=4, initializing? false, entries: <empty>
2019-09-17 15:19:10,251 [java.util.concurrent.ThreadPoolExecutor$Worker@75d7222c[State = -1, empty queue]] WARN  server.GrpcLogAppender (GrpcLogAppender.java:timeoutAppendRequest(200)) - 18c72976-30e0-4eea-a5a6-85bddbc481ac@group-DD12D3BA22F1->319da950-6258-4a15-a10a-9ff19688a457-GrpcLogAppender: appendEntries Timeout, request=18c72976-30e0-4eea-a5a6-85bddbc481ac->319da950-6258-4a15-a10a-9ff19688a457#44-t1, previous=(t:1, i:10), leaderCommit=4, initializing? false, entries: <empty>
2019-09-17 15:19:10,251 [java.util.concurrent.ThreadPoolExecutor$Worker@35550b30[State = -1, empty queue]] WARN  server.GrpcLogAppender (GrpcLogAppender.java:timeoutAppendRequest(200)) - 18c72976-30e0-4eea-a5a6-85bddbc481ac@group-DD12D3BA22F1->78eb98d0-10ad-403d-ab68-3e803fb8ec72-GrpcLogAppender: appendEntries Timeout, request=18c72976-30e0-4eea-a5a6-85bddbc481ac->78eb98d0-10ad-403d-ab68-3e803fb8ec72#44-t1, previous=(t:1, i:10), leaderCommit=4, initializing? false, entries: <empty>
2019-09-17 15:19:10,512 [grpc-default-executor-4] INFO  client.GrpcClientProtocolClient (GrpcClientProtocolClient.java:onNext(264)) - client-C0CF9D0615A1->78eb98d0-10ad-403d-ab68-3e803fb8ec72: receive RaftClientReply:client-C0CF9D0615A1->78eb98d0-10ad-403d-ab68-3e803fb8ec72@group-DD12D3BA22F1, cid=50, FAILED org.apache.ratis.protocol.NotLeaderException: Server 78eb98d0-10ad-403d-ab68-3e803fb8ec72@group-DD12D3BA22F1 is not the leader 18c72976-30e0-4eea-a5a6-85bddbc481ac:192.168.151.72:46844, logIndex=0, commits[78eb98d0-10ad-403d-ab68-3e803fb8ec72:c4, 18c72976-30e0-4eea-a5a6-85bddbc481ac:c4, 319da950-6258-4a15-a10a-9ff19688a457:c3]
2019-09-17 15:19:12,751 [java.util.concurrent.ThreadPoolExecutor$Worker@35550b30[State = -1, empty queue]] WARN  server.GrpcLogAppender (GrpcLogAppender.java:timeoutAppendRequest(200)) - 18c72976-30e0-4eea-a5a6-85bddbc481ac@group-DD12D3BA22F1->78eb98d0-10ad-403d-ab68-3e803fb8ec72-GrpcLogAppender: appendEntries Timeout, request=18c72976-30e0-4eea-a5a6-85bddbc481ac->78eb98d0-10ad-403d-ab68-3e803fb8ec72#45-t1, previous=(t:1, i:10), leaderCommit=4, initializing? false, entries: <empty>
2019-09-17 15:19:12,751 [java.util.concurrent.ThreadPoolExecutor$Worker@75d7222c[State = -1, empty queue]] WARN  server.GrpcLogAppender (GrpcLogAppender.java:timeoutAppendRequest(200)) - 18c72976-30e0-4eea-a5a6-85bddbc481ac@group-DD12D3BA22F1->319da950-6258-4a15-a10a-9ff19688a457-GrpcLogAppender: appendEntries Timeout, request=18c72976-30e0-4eea-a5a6-85bddbc481ac->319da950-6258-4a15-a10a-9ff19688a457#45-t1, previous=(t:1, i:10), leaderCommit=4, initializing? false, entries: <empty>
2019-09-17 15:19:14,739 [78eb98d0-10ad-403d-ab68-3e803fb8ec72@group-DD12D3BA22F1-SegmentedRaftLogWorker] WARN  segmented.SegmentedRaftLogWorker (SegmentedRaftLogWorker.java:getFromFuture(90)) - Timeout 8/~
org.apache.ratis.protocol.TimeoutIOException: Timeout 10s: WriteLog:5: (t:1, i:5), STATEMACHINELOGENTRY, client-C0CF9D0615A1, cid=50-writeStateMachineData
	at org.apache.ratis.util.IOUtils.getFromFuture(IOUtils.java:87)
	at org.apache.ratis.server.raftlog.segmented.SegmentedRaftLogWorker$StateMachineDataPolicy.getFromFuture(SegmentedRaftLogWorker.java:87)
	at org.apache.ratis.server.raftlog.segmented.SegmentedRaftLogWorker$WriteLog.execute(SegmentedRaftLogWorker.java:477)
	at org.apache.ratis.server.raftlog.segmented.SegmentedRaftLogWorker.run(SegmentedRaftLogWorker.java:289)
	at java.lang.Thread.run(Thread.java:748)
Caused by: java.util.concurrent.TimeoutException
	at java.util.concurrent.CompletableFuture.timedGet(CompletableFuture.java:1771)
	at java.util.concurrent.CompletableFuture.get(CompletableFuture.java:1915)
	at org.apache.ratis.util.IOUtils.getFromFuture(IOUtils.java:79)
	... 4 more
2019-09-17 15:19:14,809 [18c72976-30e0-4eea-a5a6-85bddbc481ac@group-DD12D3BA22F1-SegmentedRaftLogWorker] WARN  segmented.SegmentedRaftLogWorker (SegmentedRaftLogWorker.java:getFromFuture(90)) - Timeout 8/~
org.apache.ratis.protocol.TimeoutIOException: Timeout 10s: WriteLog:6: (t:1, i:6), STATEMACHINELOGENTRY, client-C0CF9D0615A1, cid=51-writeStateMachineData
	at org.apache.ratis.util.IOUtils.getFromFuture(IOUtils.java:87)
	at org.apache.ratis.server.raftlog.segmented.SegmentedRaftLogWorker$StateMachineDataPolicy.getFromFuture(SegmentedRaftLogWorker.java:87)
	at org.apache.ratis.server.raftlog.segmented.SegmentedRaftLogWorker$WriteLog.execute(SegmentedRaftLogWorker.java:477)
	at org.apache.ratis.server.raftlog.segmented.SegmentedRaftLogWorker.run(SegmentedRaftLogWorker.java:289)
	at java.lang.Thread.run(Thread.java:748)
Caused by: java.util.concurrent.TimeoutException
	at java.util.concurrent.CompletableFuture.timedGet(CompletableFuture.java:1771)
	at java.util.concurrent.CompletableFuture.get(CompletableFuture.java:1915)
	at org.apache.ratis.util.IOUtils.getFromFuture(IOUtils.java:79)
	... 4 more
2019-09-17 15:19:14,810 [319da950-6258-4a15-a10a-9ff19688a457@group-DD12D3BA22F1-SegmentedRaftLogWorker] WARN  segmented.SegmentedRaftLogWorker (SegmentedRaftLogWorker.java:getFromFuture(90)) - Timeout 8/~
org.apache.ratis.protocol.TimeoutIOException: Timeout 10s: WriteLog:8: (t:1, i:8), STATEMACHINELOGENTRY, client-C0CF9D0615A1, cid=53-writeStateMachineData
	at org.apache.ratis.util.IOUtils.getFromFuture(IOUtils.java:87)
	at org.apache.ratis.server.raftlog.segmented.SegmentedRaftLogWorker$StateMachineDataPolicy.getFromFuture(SegmentedRaftLogWorker.java:87)
	at org.apache.ratis.server.raftlog.segmented.SegmentedRaftLogWorker$WriteLog.execute(SegmentedRaftLogWorker.java:477)
	at org.apache.ratis.server.raftlog.segmented.SegmentedRaftLogWorker.run(SegmentedRaftLogWorker.java:289)
	at java.lang.Thread.run(Thread.java:748)
Caused by: java.util.concurrent.TimeoutException
	at java.util.concurrent.CompletableFuture.timedGet(CompletableFuture.java:1771)
	at java.util.concurrent.CompletableFuture.get(CompletableFuture.java:1915)
	at org.apache.ratis.util.IOUtils.getFromFuture(IOUtils.java:79)
	... 4 more
2019-09-17 15:19:15,252 [java.util.concurrent.ThreadPoolExecutor$Worker@75d7222c[State = -1, empty queue]] WARN  server.GrpcLogAppender (GrpcLogAppender.java:timeoutAppendRequest(200)) - 18c72976-30e0-4eea-a5a6-85bddbc481ac@group-DD12D3BA22F1->319da950-6258-4a15-a10a-9ff19688a457-GrpcLogAppender: appendEntries Timeout, request=18c72976-30e0-4eea-a5a6-85bddbc481ac->319da950-6258-4a15-a10a-9ff19688a457#46-t1, previous=(t:1, i:10), leaderCommit=4, initializing? false, entries: <empty>
2019-09-17 15:19:15,252 [java.util.concurrent.ThreadPoolExecutor$Worker@35550b30[State = -1, empty queue]] WARN  server.GrpcLogAppender (GrpcLogAppender.java:timeoutAppendRequest(200)) - 18c72976-30e0-4eea-a5a6-85bddbc481ac@group-DD12D3BA22F1->78eb98d0-10ad-403d-ab68-3e803fb8ec72-GrpcLogAppender: appendEntries Timeout, request=18c72976-30e0-4eea-a5a6-85bddbc481ac->78eb98d0-10ad-403d-ab68-3e803fb8ec72#46-t1, previous=(t:1, i:10), leaderCommit=4, initializing? false, entries: <empty>
2019-09-17 15:19:15,554 [grpc-default-executor-6] INFO  client.GrpcClientProtocolClient (GrpcClientProtocolClient.java:onNext(264)) - client-C0CF9D0615A1->319da950-6258-4a15-a10a-9ff19688a457: receive RaftClientReply:client-C0CF9D0615A1->319da950-6258-4a15-a10a-9ff19688a457@group-DD12D3BA22F1, cid=50, FAILED org.apache.ratis.protocol.NotLeaderException: Server 319da950-6258-4a15-a10a-9ff19688a457@group-DD12D3BA22F1 is not the leader 18c72976-30e0-4eea-a5a6-85bddbc481ac:192.168.151.72:46844, logIndex=0, commits[319da950-6258-4a15-a10a-9ff19688a457:c4, 18c72976-30e0-4eea-a5a6-85bddbc481ac:c4, 78eb98d0-10ad-403d-ab68-3e803fb8ec72:c3]
2019-09-17 15:19:17,752 [java.util.concurrent.ThreadPoolExecutor$Worker@35550b30[State = -1, empty queue]] WARN  server.GrpcLogAppender (GrpcLogAppender.java:timeoutAppendRequest(200)) - 18c72976-30e0-4eea-a5a6-85bddbc481ac@group-DD12D3BA22F1->78eb98d0-10ad-403d-ab68-3e803fb8ec72-GrpcLogAppender: appendEntries Timeout, request=18c72976-30e0-4eea-a5a6-85bddbc481ac->78eb98d0-10ad-403d-ab68-3e803fb8ec72#47-t1, previous=(t:1, i:10), leaderCommit=4, initializing? false, entries: <empty>
2019-09-17 15:19:17,752 [java.util.concurrent.ThreadPoolExecutor$Worker@75d7222c[State = -1, empty queue]] WARN  server.GrpcLogAppender (GrpcLogAppender.java:timeoutAppendRequest(200)) - 18c72976-30e0-4eea-a5a6-85bddbc481ac@group-DD12D3BA22F1->319da950-6258-4a15-a10a-9ff19688a457-GrpcLogAppender: appendEntries Timeout, request=18c72976-30e0-4eea-a5a6-85bddbc481ac->319da950-6258-4a15-a10a-9ff19688a457#47-t1, previous=(t:1, i:10), leaderCommit=4, initializing? false, entries: <empty>
2019-09-17 15:19:20,253 [java.util.concurrent.ThreadPoolExecutor$Worker@35550b30[State = -1, empty queue]] WARN  server.GrpcLogAppender (GrpcLogAppender.java:timeoutAppendRequest(200)) - 18c72976-30e0-4eea-a5a6-85bddbc481ac@group-DD12D3BA22F1->78eb98d0-10ad-403d-ab68-3e803fb8ec72-GrpcLogAppender: appendEntries Timeout, request=18c72976-30e0-4eea-a5a6-85bddbc481ac->78eb98d0-10ad-403d-ab68-3e803fb8ec72#48-t1, previous=(t:1, i:10), leaderCommit=4, initializing? false, entries: <empty>
2019-09-17 15:19:20,253 [java.util.concurrent.ThreadPoolExecutor$Worker@75d7222c[State = -1, empty queue]] WARN  server.GrpcLogAppender (GrpcLogAppender.java:timeoutAppendRequest(200)) - 18c72976-30e0-4eea-a5a6-85bddbc481ac@group-DD12D3BA22F1->319da950-6258-4a15-a10a-9ff19688a457-GrpcLogAppender: appendEntries Timeout, request=18c72976-30e0-4eea-a5a6-85bddbc481ac->319da950-6258-4a15-a10a-9ff19688a457#48-t1, previous=(t:1, i:10), leaderCommit=4, initializing? false, entries: <empty>
2019-09-17 15:19:20,628 [grpc-default-executor-6] INFO  client.GrpcClientProtocolClient (GrpcClientProtocolClient.java:onNext(264)) - client-C0CF9D0615A1->319da950-6258-4a15-a10a-9ff19688a457: receive RaftClientReply:client-C0CF9D0615A1->319da950-6258-4a15-a10a-9ff19688a457@group-DD12D3BA22F1, cid=50, FAILED org.apache.ratis.protocol.NotLeaderException: Server 319da950-6258-4a15-a10a-9ff19688a457@group-DD12D3BA22F1 is not the leader 18c72976-30e0-4eea-a5a6-85bddbc481ac:192.168.151.72:46844, logIndex=0, commits[319da950-6258-4a15-a10a-9ff19688a457:c4, 18c72976-30e0-4eea-a5a6-85bddbc481ac:c4, 78eb98d0-10ad-403d-ab68-3e803fb8ec72:c3]
2019-09-17 15:19:20,689 [ReplicationMonitor] INFO  container.ReplicationManager (ReplicationManager.java:forceCloseContainer(464)) - Force closing container #2 with BCSID 6, which is in QUASI_CLOSED state.
2019-09-17 15:19:20,692 [ReplicationMonitor] INFO  container.ReplicationManager (ReplicationManager.java:sendCloseCommand(659)) - Sending close container command for container #2 to datanode 78eb98d0-10ad-403d-ab68-3e803fb8ec72{ip: 192.168.151.72, host: pr-hdds-2137-trunk-f8w4d-2934045284, networkLocation: /default-rack, certSerialId: null}.
2019-09-17 15:19:20,692 [ReplicationMonitor] INFO  container.ReplicationManager (ReplicationManager.java:sendCloseCommand(659)) - Sending close container command for container #2 to datanode 319da950-6258-4a15-a10a-9ff19688a457{ip: 192.168.151.72, host: pr-hdds-2137-trunk-f8w4d-2934045284, networkLocation: /default-rack, certSerialId: null}.
2019-09-17 15:19:20,692 [ReplicationMonitor] INFO  container.ReplicationManager (ReplicationManager.java:sendCloseCommand(659)) - Sending close container command for container #2 to datanode 18c72976-30e0-4eea-a5a6-85bddbc481ac{ip: 192.168.151.72, host: pr-hdds-2137-trunk-f8w4d-2934045284, networkLocation: /default-rack, certSerialId: null}.
2019-09-17 15:19:20,693 [ReplicationMonitor] INFO  container.ReplicationManager (ReplicationManager.java:forceCloseContainer(464)) - Force closing container #4 with BCSID 0, which is in QUASI_CLOSED state.
2019-09-17 15:19:20,693 [ReplicationMonitor] INFO  container.ReplicationManager (ReplicationManager.java:sendCloseCommand(659)) - Sending close container command for container #4 to datanode 319da950-6258-4a15-a10a-9ff19688a457{ip: 192.168.151.72, host: pr-hdds-2137-trunk-f8w4d-2934045284, networkLocation: /default-rack, certSerialId: null}.
2019-09-17 15:19:20,693 [ReplicationMonitor] INFO  container.ReplicationManager (ReplicationManager.java:sendCloseCommand(659)) - Sending close container command for container #4 to datanode 78eb98d0-10ad-403d-ab68-3e803fb8ec72{ip: 192.168.151.72, host: pr-hdds-2137-trunk-f8w4d-2934045284, networkLocation: /default-rack, certSerialId: null}.
2019-09-17 15:19:20,693 [ReplicationMonitor] INFO  container.ReplicationManager (ReplicationManager.java:sendCloseCommand(659)) - Sending close container command for container #4 to datanode 18c72976-30e0-4eea-a5a6-85bddbc481ac{ip: 192.168.151.72, host: pr-hdds-2137-trunk-f8w4d-2934045284, networkLocation: /default-rack, certSerialId: null}.
2019-09-17 15:19:20,693 [ReplicationMonitor] INFO  container.ReplicationManager (ReplicationManager.java:run(225)) - Replication Monitor Thread took 13 milliseconds for processing 7 containers.
2019-09-17 15:19:21,812 [Command processor thread] INFO  interfaces.Container (KeyValueContainer.java:flushAndSyncDB(386)) - Container 2 is synced with bcsId 6.
2019-09-17 15:19:21,815 [Command processor thread] INFO  interfaces.Container (KeyValueContainer.java:flushAndSyncDB(386)) - Container 2 is synced with bcsId 6.
2019-09-17 15:19:21,815 [Command processor thread] INFO  interfaces.Container (KeyValueContainer.java:flushAndSyncDB(386)) - Container 2 is synced with bcsId 6.
2019-09-17 15:19:21,815 [Command processor thread] INFO  interfaces.Container (KeyValueContainer.java:flushAndSyncDB(386)) - Container 2 is synced with bcsId 6.
2019-09-17 15:19:21,833 [Command processor thread] INFO  interfaces.Container (KeyValueContainer.java:close(335)) - Container 2 is closed with bcsId 6.
2019-09-17 15:19:21,833 [Command processor thread] INFO  interfaces.Container (KeyValueContainer.java:close(335)) - Container 2 is closed with bcsId 6.
2019-09-17 15:19:21,834 [Command processor thread] INFO  interfaces.Container (KeyValueContainer.java:flushAndSyncDB(386)) - Container 4 is synced with bcsId 0.
2019-09-17 15:19:21,834 [Command processor thread] INFO  interfaces.Container (KeyValueContainer.java:flushAndSyncDB(386)) - Container 4 is synced with bcsId 0.
2019-09-17 15:19:21,834 [Command processor thread] INFO  interfaces.Container (KeyValueContainer.java:flushAndSyncDB(386)) - Container 4 is synced with bcsId 0.
2019-09-17 15:19:21,834 [Command processor thread] INFO  interfaces.Container (KeyValueContainer.java:flushAndSyncDB(386)) - Container 4 is synced with bcsId 0.
2019-09-17 15:19:21,835 [EventQueue-IncrementalContainerReportForIncrementalContainerReportHandler] INFO  container.IncrementalContainerReportHandler (AbstractContainerReportHandler.java:updateContainerState(202)) - Moving container #2 to CLOSED state, datanode 78eb98d0-10ad-403d-ab68-3e803fb8ec72{ip: 192.168.151.72, host: pr-hdds-2137-trunk-f8w4d-2934045284, networkLocation: /default-rack, certSerialId: null} reported CLOSED replica.
2019-09-17 15:19:21,850 [Command processor thread] INFO  interfaces.Container (KeyValueContainer.java:close(335)) - Container 4 is closed with bcsId 0.
2019-09-17 15:19:21,850 [Command processor thread] INFO  interfaces.Container (KeyValueContainer.java:close(335)) - Container 4 is closed with bcsId 0.
2019-09-17 15:19:21,851 [EventQueue-IncrementalContainerReportForIncrementalContainerReportHandler] INFO  container.IncrementalContainerReportHandler (AbstractContainerReportHandler.java:updateContainerState(202)) - Moving container #4 to CLOSED state, datanode 319da950-6258-4a15-a10a-9ff19688a457{ip: 192.168.151.72, host: pr-hdds-2137-trunk-f8w4d-2934045284, networkLocation: /default-rack, certSerialId: null} reported CLOSED replica.
2019-09-17 15:19:22,753 [java.util.concurrent.ThreadPoolExecutor$Worker@75d7222c[State = -1, empty queue]] WARN  server.GrpcLogAppender (GrpcLogAppender.java:timeoutAppendRequest(200)) - 18c72976-30e0-4eea-a5a6-85bddbc481ac@group-DD12D3BA22F1->319da950-6258-4a15-a10a-9ff19688a457-GrpcLogAppender: appendEntries Timeout, request=18c72976-30e0-4eea-a5a6-85bddbc481ac->319da950-6258-4a15-a10a-9ff19688a457#49-t1, previous=(t:1, i:10), leaderCommit=4, initializing? false, entries: <empty>
2019-09-17 15:19:22,753 [java.util.concurrent.ThreadPoolExecutor$Worker@35550b30[State = -1, empty queue]] WARN  server.GrpcLogAppender (GrpcLogAppender.java:timeoutAppendRequest(200)) - 18c72976-30e0-4eea-a5a6-85bddbc481ac@group-DD12D3BA22F1->78eb98d0-10ad-403d-ab68-3e803fb8ec72-GrpcLogAppender: appendEntries Timeout, request=18c72976-30e0-4eea-a5a6-85bddbc481ac->78eb98d0-10ad-403d-ab68-3e803fb8ec72#49-t1, previous=(t:1, i:10), leaderCommit=4, initializing? false, entries: <empty>
2019-09-17 15:19:22,812 [Command processor thread] INFO  interfaces.Container (KeyValueContainer.java:flushAndSyncDB(386)) - Container 2 is synced with bcsId 6.
2019-09-17 15:19:22,812 [Command processor thread] INFO  interfaces.Container (KeyValueContainer.java:flushAndSyncDB(386)) - Container 2 is synced with bcsId 6.
2019-09-17 15:19:22,837 [Command processor thread] INFO  interfaces.Container (KeyValueContainer.java:close(335)) - Container 2 is closed with bcsId 6.
2019-09-17 15:19:22,837 [Command processor thread] INFO  interfaces.Container (KeyValueContainer.java:flushAndSyncDB(386)) - Container 4 is synced with bcsId 0.
2019-09-17 15:19:22,837 [Command processor thread] INFO  interfaces.Container (KeyValueContainer.java:flushAndSyncDB(386)) - Container 4 is synced with bcsId 0.
2019-09-17 15:19:22,852 [Command processor thread] INFO  interfaces.Container (KeyValueContainer.java:close(335)) - Container 4 is closed with bcsId 0.
2019-09-17 15:19:24,740 [78eb98d0-10ad-403d-ab68-3e803fb8ec72@group-DD12D3BA22F1-SegmentedRaftLogWorker] WARN  segmented.SegmentedRaftLogWorker (SegmentedRaftLogWorker.java:getFromFuture(90)) - Timeout 9/~
org.apache.ratis.protocol.TimeoutIOException: Timeout 10s: WriteLog:5: (t:1, i:5), STATEMACHINELOGENTRY, client-C0CF9D0615A1, cid=50-writeStateMachineData
	at org.apache.ratis.util.IOUtils.getFromFuture(IOUtils.java:87)
	at org.apache.ratis.server.raftlog.segmented.SegmentedRaftLogWorker$StateMachineDataPolicy.getFromFuture(SegmentedRaftLogWorker.java:87)
	at org.apache.ratis.server.raftlog.segmented.SegmentedRaftLogWorker$WriteLog.execute(SegmentedRaftLogWorker.java:477)
	at org.apache.ratis.server.raftlog.segmented.SegmentedRaftLogWorker.run(SegmentedRaftLogWorker.java:289)
	at java.lang.Thread.run(Thread.java:748)
Caused by: java.util.concurrent.TimeoutException
	at java.util.concurrent.CompletableFuture.timedGet(CompletableFuture.java:1771)
	at java.util.concurrent.CompletableFuture.get(CompletableFuture.java:1915)
	at org.apache.ratis.util.IOUtils.getFromFuture(IOUtils.java:79)
	... 4 more
2019-09-17 15:19:24,810 [18c72976-30e0-4eea-a5a6-85bddbc481ac@group-DD12D3BA22F1-SegmentedRaftLogWorker] WARN  segmented.SegmentedRaftLogWorker (SegmentedRaftLogWorker.java:getFromFuture(90)) - Timeout 9/~
org.apache.ratis.protocol.TimeoutIOException: Timeout 10s: WriteLog:6: (t:1, i:6), STATEMACHINELOGENTRY, client-C0CF9D0615A1, cid=51-writeStateMachineData
	at org.apache.ratis.util.IOUtils.getFromFuture(IOUtils.java:87)
	at org.apache.ratis.server.raftlog.segmented.SegmentedRaftLogWorker$StateMachineDataPolicy.getFromFuture(SegmentedRaftLogWorker.java:87)
	at org.apache.ratis.server.raftlog.segmented.SegmentedRaftLogWorker$WriteLog.execute(SegmentedRaftLogWorker.java:477)
	at org.apache.ratis.server.raftlog.segmented.SegmentedRaftLogWorker.run(SegmentedRaftLogWorker.java:289)
	at java.lang.Thread.run(Thread.java:748)
Caused by: java.util.concurrent.TimeoutException
	at java.util.concurrent.CompletableFuture.timedGet(CompletableFuture.java:1771)
	at java.util.concurrent.CompletableFuture.get(CompletableFuture.java:1915)
	at org.apache.ratis.util.IOUtils.getFromFuture(IOUtils.java:79)
	... 4 more
2019-09-17 15:19:24,811 [319da950-6258-4a15-a10a-9ff19688a457@group-DD12D3BA22F1-SegmentedRaftLogWorker] WARN  segmented.SegmentedRaftLogWorker (SegmentedRaftLogWorker.java:getFromFuture(90)) - Timeout 9/~
org.apache.ratis.protocol.TimeoutIOException: Timeout 10s: WriteLog:8: (t:1, i:8), STATEMACHINELOGENTRY, client-C0CF9D0615A1, cid=53-writeStateMachineData
	at org.apache.ratis.util.IOUtils.getFromFuture(IOUtils.java:87)
	at org.apache.ratis.server.raftlog.segmented.SegmentedRaftLogWorker$StateMachineDataPolicy.getFromFuture(SegmentedRaftLogWorker.java:87)
	at org.apache.ratis.server.raftlog.segmented.SegmentedRaftLogWorker$WriteLog.execute(SegmentedRaftLogWorker.java:477)
	at org.apache.ratis.server.raftlog.segmented.SegmentedRaftLogWorker.run(SegmentedRaftLogWorker.java:289)
	at java.lang.Thread.run(Thread.java:748)
Caused by: java.util.concurrent.TimeoutException
	at java.util.concurrent.CompletableFuture.timedGet(CompletableFuture.java:1771)
	at java.util.concurrent.CompletableFuture.get(CompletableFuture.java:1915)
	at org.apache.ratis.util.IOUtils.getFromFuture(IOUtils.java:79)
	... 4 more
2019-09-17 15:19:25,254 [java.util.concurrent.ThreadPoolExecutor$Worker@35550b30[State = -1, empty queue]] WARN  server.GrpcLogAppender (GrpcLogAppender.java:timeoutAppendRequest(200)) - 18c72976-30e0-4eea-a5a6-85bddbc481ac@group-DD12D3BA22F1->78eb98d0-10ad-403d-ab68-3e803fb8ec72-GrpcLogAppender: appendEntries Timeout, request=18c72976-30e0-4eea-a5a6-85bddbc481ac->78eb98d0-10ad-403d-ab68-3e803fb8ec72#50-t1, previous=(t:1, i:10), leaderCommit=4, initializing? false, entries: <empty>
2019-09-17 15:19:25,254 [java.util.concurrent.ThreadPoolExecutor$Worker@75d7222c[State = -1, empty queue]] WARN  server.GrpcLogAppender (GrpcLogAppender.java:timeoutAppendRequest(200)) - 18c72976-30e0-4eea-a5a6-85bddbc481ac@group-DD12D3BA22F1->319da950-6258-4a15-a10a-9ff19688a457-GrpcLogAppender: appendEntries Timeout, request=18c72976-30e0-4eea-a5a6-85bddbc481ac->319da950-6258-4a15-a10a-9ff19688a457#50-t1, previous=(t:1, i:10), leaderCommit=4, initializing? false, entries: <empty>
2019-09-17 15:19:25,680 [grpc-default-executor-6] INFO  client.GrpcClientProtocolClient (GrpcClientProtocolClient.java:onNext(264)) - client-C0CF9D0615A1->319da950-6258-4a15-a10a-9ff19688a457: receive RaftClientReply:client-C0CF9D0615A1->319da950-6258-4a15-a10a-9ff19688a457@group-DD12D3BA22F1, cid=50, FAILED org.apache.ratis.protocol.NotLeaderException: Server 319da950-6258-4a15-a10a-9ff19688a457@group-DD12D3BA22F1 is not the leader 18c72976-30e0-4eea-a5a6-85bddbc481ac:192.168.151.72:46844, logIndex=0, commits[319da950-6258-4a15-a10a-9ff19688a457:c4, 18c72976-30e0-4eea-a5a6-85bddbc481ac:c4, 78eb98d0-10ad-403d-ab68-3e803fb8ec72:c3]
2019-09-17 15:19:27,754 [java.util.concurrent.ThreadPoolExecutor$Worker@35550b30[State = -1, empty queue]] WARN  server.GrpcLogAppender (GrpcLogAppender.java:timeoutAppendRequest(200)) - 18c72976-30e0-4eea-a5a6-85bddbc481ac@group-DD12D3BA22F1->78eb98d0-10ad-403d-ab68-3e803fb8ec72-GrpcLogAppender: appendEntries Timeout, request=18c72976-30e0-4eea-a5a6-85bddbc481ac->78eb98d0-10ad-403d-ab68-3e803fb8ec72#51-t1, previous=(t:1, i:10), leaderCommit=4, initializing? false, entries: <empty>
2019-09-17 15:19:27,754 [java.util.concurrent.ThreadPoolExecutor$Worker@75d7222c[State = -1, empty queue]] WARN  server.GrpcLogAppender (GrpcLogAppender.java:timeoutAppendRequest(200)) - 18c72976-30e0-4eea-a5a6-85bddbc481ac@group-DD12D3BA22F1->319da950-6258-4a15-a10a-9ff19688a457-GrpcLogAppender: appendEntries Timeout, request=18c72976-30e0-4eea-a5a6-85bddbc481ac->319da950-6258-4a15-a10a-9ff19688a457#51-t1, previous=(t:1, i:10), leaderCommit=4, initializing? false, entries: <empty>
2019-09-17 15:19:30,255 [java.util.concurrent.ThreadPoolExecutor$Worker@35550b30[State = -1, empty queue]] WARN  server.GrpcLogAppender (GrpcLogAppender.java:timeoutAppendRequest(200)) - 18c72976-30e0-4eea-a5a6-85bddbc481ac@group-DD12D3BA22F1->78eb98d0-10ad-403d-ab68-3e803fb8ec72-GrpcLogAppender: appendEntries Timeout, request=18c72976-30e0-4eea-a5a6-85bddbc481ac->78eb98d0-10ad-403d-ab68-3e803fb8ec72#52-t1, previous=(t:1, i:10), leaderCommit=4, initializing? false, entries: <empty>
2019-09-17 15:19:30,255 [java.util.concurrent.ThreadPoolExecutor$Worker@75d7222c[State = -1, empty queue]] WARN  server.GrpcLogAppender (GrpcLogAppender.java:timeoutAppendRequest(200)) - 18c72976-30e0-4eea-a5a6-85bddbc481ac@group-DD12D3BA22F1->319da950-6258-4a15-a10a-9ff19688a457-GrpcLogAppender: appendEntries Timeout, request=18c72976-30e0-4eea-a5a6-85bddbc481ac->319da950-6258-4a15-a10a-9ff19688a457#52-t1, previous=(t:1, i:10), leaderCommit=4, initializing? false, entries: <empty>
2019-09-17 15:19:30,716 [grpc-default-executor-6] INFO  client.GrpcClientProtocolClient (GrpcClientProtocolClient.java:onNext(264)) - client-C0CF9D0615A1->78eb98d0-10ad-403d-ab68-3e803fb8ec72: receive RaftClientReply:client-C0CF9D0615A1->78eb98d0-10ad-403d-ab68-3e803fb8ec72@group-DD12D3BA22F1, cid=50, FAILED org.apache.ratis.protocol.NotLeaderException: Server 78eb98d0-10ad-403d-ab68-3e803fb8ec72@group-DD12D3BA22F1 is not the leader 18c72976-30e0-4eea-a5a6-85bddbc481ac:192.168.151.72:46844, logIndex=0, commits[78eb98d0-10ad-403d-ab68-3e803fb8ec72:c4, 18c72976-30e0-4eea-a5a6-85bddbc481ac:c4, 319da950-6258-4a15-a10a-9ff19688a457:c3]
2019-09-17 15:19:32,755 [java.util.concurrent.ThreadPoolExecutor$Worker@35550b30[State = -1, empty queue]] WARN  server.GrpcLogAppender (GrpcLogAppender.java:timeoutAppendRequest(200)) - 18c72976-30e0-4eea-a5a6-85bddbc481ac@group-DD12D3BA22F1->78eb98d0-10ad-403d-ab68-3e803fb8ec72-GrpcLogAppender: appendEntries Timeout, request=18c72976-30e0-4eea-a5a6-85bddbc481ac->78eb98d0-10ad-403d-ab68-3e803fb8ec72#53-t1, previous=(t:1, i:10), leaderCommit=4, initializing? false, entries: <empty>
2019-09-17 15:19:32,755 [java.util.concurrent.ThreadPoolExecutor$Worker@75d7222c[State = -1, empty queue]] WARN  server.GrpcLogAppender (GrpcLogAppender.java:timeoutAppendRequest(200)) - 18c72976-30e0-4eea-a5a6-85bddbc481ac@group-DD12D3BA22F1->319da950-6258-4a15-a10a-9ff19688a457-GrpcLogAppender: appendEntries Timeout, request=18c72976-30e0-4eea-a5a6-85bddbc481ac->319da950-6258-4a15-a10a-9ff19688a457#53-t1, previous=(t:1, i:10), leaderCommit=4, initializing? false, entries: <empty>
2019-09-17 15:19:34,742 [78eb98d0-10ad-403d-ab68-3e803fb8ec72@group-DD12D3BA22F1-SegmentedRaftLogWorker] WARN  segmented.SegmentedRaftLogWorker (SegmentedRaftLogWorker.java:getFromFuture(90)) - Timeout 10/~
org.apache.ratis.protocol.TimeoutIOException: Timeout 10s: WriteLog:5: (t:1, i:5), STATEMACHINELOGENTRY, client-C0CF9D0615A1, cid=50-writeStateMachineData
	at org.apache.ratis.util.IOUtils.getFromFuture(IOUtils.java:87)
	at org.apache.ratis.server.raftlog.segmented.SegmentedRaftLogWorker$StateMachineDataPolicy.getFromFuture(SegmentedRaftLogWorker.java:87)
	at org.apache.ratis.server.raftlog.segmented.SegmentedRaftLogWorker$WriteLog.execute(SegmentedRaftLogWorker.java:477)
	at org.apache.ratis.server.raftlog.segmented.SegmentedRaftLogWorker.run(SegmentedRaftLogWorker.java:289)
	at java.lang.Thread.run(Thread.java:748)
Caused by: java.util.concurrent.TimeoutException
	at java.util.concurrent.CompletableFuture.timedGet(CompletableFuture.java:1771)
	at java.util.concurrent.CompletableFuture.get(CompletableFuture.java:1915)
	at org.apache.ratis.util.IOUtils.getFromFuture(IOUtils.java:79)
	... 4 more
2019-09-17 15:19:34,810 [18c72976-30e0-4eea-a5a6-85bddbc481ac@group-DD12D3BA22F1-SegmentedRaftLogWorker] WARN  segmented.SegmentedRaftLogWorker (SegmentedRaftLogWorker.java:getFromFuture(90)) - Timeout 10/~
org.apache.ratis.protocol.TimeoutIOException: Timeout 10s: WriteLog:6: (t:1, i:6), STATEMACHINELOGENTRY, client-C0CF9D0615A1, cid=51-writeStateMachineData
	at org.apache.ratis.util.IOUtils.getFromFuture(IOUtils.java:87)
	at org.apache.ratis.server.raftlog.segmented.SegmentedRaftLogWorker$StateMachineDataPolicy.getFromFuture(SegmentedRaftLogWorker.java:87)
	at org.apache.ratis.server.raftlog.segmented.SegmentedRaftLogWorker$WriteLog.execute(SegmentedRaftLogWorker.java:477)
	at org.apache.ratis.server.raftlog.segmented.SegmentedRaftLogWorker.run(SegmentedRaftLogWorker.java:289)
	at java.lang.Thread.run(Thread.java:748)
Caused by: java.util.concurrent.TimeoutException
	at java.util.concurrent.CompletableFuture.timedGet(CompletableFuture.java:1771)
	at java.util.concurrent.CompletableFuture.get(CompletableFuture.java:1915)
	at org.apache.ratis.util.IOUtils.getFromFuture(IOUtils.java:79)
	... 4 more
2019-09-17 15:19:34,811 [319da950-6258-4a15-a10a-9ff19688a457@group-DD12D3BA22F1-SegmentedRaftLogWorker] WARN  segmented.SegmentedRaftLogWorker (SegmentedRaftLogWorker.java:getFromFuture(90)) - Timeout 10/~
org.apache.ratis.protocol.TimeoutIOException: Timeout 10s: WriteLog:8: (t:1, i:8), STATEMACHINELOGENTRY, client-C0CF9D0615A1, cid=53-writeStateMachineData
	at org.apache.ratis.util.IOUtils.getFromFuture(IOUtils.java:87)
	at org.apache.ratis.server.raftlog.segmented.SegmentedRaftLogWorker$StateMachineDataPolicy.getFromFuture(SegmentedRaftLogWorker.java:87)
	at org.apache.ratis.server.raftlog.segmented.SegmentedRaftLogWorker$WriteLog.execute(SegmentedRaftLogWorker.java:477)
	at org.apache.ratis.server.raftlog.segmented.SegmentedRaftLogWorker.run(SegmentedRaftLogWorker.java:289)
	at java.lang.Thread.run(Thread.java:748)
Caused by: java.util.concurrent.TimeoutException
	at java.util.concurrent.CompletableFuture.timedGet(CompletableFuture.java:1771)
	at java.util.concurrent.CompletableFuture.get(CompletableFuture.java:1915)
	at org.apache.ratis.util.IOUtils.getFromFuture(IOUtils.java:79)
	... 4 more
2019-09-17 15:19:35,255 [java.util.concurrent.ThreadPoolExecutor$Worker@75d7222c[State = -1, empty queue]] WARN  server.GrpcLogAppender (GrpcLogAppender.java:timeoutAppendRequest(200)) - 18c72976-30e0-4eea-a5a6-85bddbc481ac@group-DD12D3BA22F1->319da950-6258-4a15-a10a-9ff19688a457-GrpcLogAppender: appendEntries Timeout, request=18c72976-30e0-4eea-a5a6-85bddbc481ac->319da950-6258-4a15-a10a-9ff19688a457#54-t1, previous=(t:1, i:10), leaderCommit=4, initializing? false, entries: <empty>
2019-09-17 15:19:35,255 [java.util.concurrent.ThreadPoolExecutor$Worker@35550b30[State = -1, empty queue]] WARN  server.GrpcLogAppender (GrpcLogAppender.java:timeoutAppendRequest(200)) - 18c72976-30e0-4eea-a5a6-85bddbc481ac@group-DD12D3BA22F1->78eb98d0-10ad-403d-ab68-3e803fb8ec72-GrpcLogAppender: appendEntries Timeout, request=18c72976-30e0-4eea-a5a6-85bddbc481ac->78eb98d0-10ad-403d-ab68-3e803fb8ec72#54-t1, previous=(t:1, i:10), leaderCommit=4, initializing? false, entries: <empty>
2019-09-17 15:19:35,771 [grpc-default-executor-4] INFO  client.GrpcClientProtocolClient (GrpcClientProtocolClient.java:onNext(264)) - client-C0CF9D0615A1->78eb98d0-10ad-403d-ab68-3e803fb8ec72: receive RaftClientReply:client-C0CF9D0615A1->78eb98d0-10ad-403d-ab68-3e803fb8ec72@group-DD12D3BA22F1, cid=50, FAILED org.apache.ratis.protocol.NotLeaderException: Server 78eb98d0-10ad-403d-ab68-3e803fb8ec72@group-DD12D3BA22F1 is not the leader 18c72976-30e0-4eea-a5a6-85bddbc481ac:192.168.151.72:46844, logIndex=0, commits[78eb98d0-10ad-403d-ab68-3e803fb8ec72:c4, 18c72976-30e0-4eea-a5a6-85bddbc481ac:c4, 319da950-6258-4a15-a10a-9ff19688a457:c3]
2019-09-17 15:19:37,756 [java.util.concurrent.ThreadPoolExecutor$Worker@75d7222c[State = -1, empty queue]] WARN  server.GrpcLogAppender (GrpcLogAppender.java:timeoutAppendRequest(200)) - 18c72976-30e0-4eea-a5a6-85bddbc481ac@group-DD12D3BA22F1->319da950-6258-4a15-a10a-9ff19688a457-GrpcLogAppender: appendEntries Timeout, request=18c72976-30e0-4eea-a5a6-85bddbc481ac->319da950-6258-4a15-a10a-9ff19688a457#55-t1, previous=(t:1, i:10), leaderCommit=4, initializing? false, entries: <empty>
2019-09-17 15:19:37,756 [java.util.concurrent.ThreadPoolExecutor$Worker@35550b30[State = -1, empty queue]] WARN  server.GrpcLogAppender (GrpcLogAppender.java:timeoutAppendRequest(200)) - 18c72976-30e0-4eea-a5a6-85bddbc481ac@group-DD12D3BA22F1->78eb98d0-10ad-403d-ab68-3e803fb8ec72-GrpcLogAppender: appendEntries Timeout, request=18c72976-30e0-4eea-a5a6-85bddbc481ac->78eb98d0-10ad-403d-ab68-3e803fb8ec72#55-t1, previous=(t:1, i:10), leaderCommit=4, initializing? false, entries: <empty>
2019-09-17 15:19:40,258 [java.util.concurrent.ThreadPoolExecutor$Worker@35550b30[State = -1, empty queue]] WARN  server.GrpcLogAppender (GrpcLogAppender.java:timeoutAppendRequest(200)) - 18c72976-30e0-4eea-a5a6-85bddbc481ac@group-DD12D3BA22F1->78eb98d0-10ad-403d-ab68-3e803fb8ec72-GrpcLogAppender: appendEntries Timeout, request=18c72976-30e0-4eea-a5a6-85bddbc481ac->78eb98d0-10ad-403d-ab68-3e803fb8ec72#56-t1, previous=(t:1, i:10), leaderCommit=4, initializing? false, entries: <empty>
2019-09-17 15:19:40,258 [java.util.concurrent.ThreadPoolExecutor$Worker@75d7222c[State = -1, empty queue]] WARN  server.GrpcLogAppender (GrpcLogAppender.java:timeoutAppendRequest(200)) - 18c72976-30e0-4eea-a5a6-85bddbc481ac@group-DD12D3BA22F1->319da950-6258-4a15-a10a-9ff19688a457-GrpcLogAppender: appendEntries Timeout, request=18c72976-30e0-4eea-a5a6-85bddbc481ac->319da950-6258-4a15-a10a-9ff19688a457#56-t1, previous=(t:1, i:10), leaderCommit=4, initializing? false, entries: <empty>
2019-09-17 15:19:40,823 [grpc-default-executor-4] INFO  client.GrpcClientProtocolClient (GrpcClientProtocolClient.java:onNext(264)) - client-C0CF9D0615A1->78eb98d0-10ad-403d-ab68-3e803fb8ec72: receive RaftClientReply:client-C0CF9D0615A1->78eb98d0-10ad-403d-ab68-3e803fb8ec72@group-DD12D3BA22F1, cid=50, FAILED org.apache.ratis.protocol.NotLeaderException: Server 78eb98d0-10ad-403d-ab68-3e803fb8ec72@group-DD12D3BA22F1 is not the leader 18c72976-30e0-4eea-a5a6-85bddbc481ac:192.168.151.72:46844, logIndex=0, commits[78eb98d0-10ad-403d-ab68-3e803fb8ec72:c4, 18c72976-30e0-4eea-a5a6-85bddbc481ac:c4, 319da950-6258-4a15-a10a-9ff19688a457:c3]
2019-09-17 15:19:42,759 [java.util.concurrent.ThreadPoolExecutor$Worker@35550b30[State = -1, empty queue]] WARN  server.GrpcLogAppender (GrpcLogAppender.java:timeoutAppendRequest(200)) - 18c72976-30e0-4eea-a5a6-85bddbc481ac@group-DD12D3BA22F1->78eb98d0-10ad-403d-ab68-3e803fb8ec72-GrpcLogAppender: appendEntries Timeout, request=18c72976-30e0-4eea-a5a6-85bddbc481ac->78eb98d0-10ad-403d-ab68-3e803fb8ec72#57-t1, previous=(t:1, i:10), leaderCommit=4, initializing? false, entries: <empty>
2019-09-17 15:19:42,759 [java.util.concurrent.ThreadPoolExecutor$Worker@75d7222c[State = -1, empty queue]] WARN  server.GrpcLogAppender (GrpcLogAppender.java:timeoutAppendRequest(200)) - 18c72976-30e0-4eea-a5a6-85bddbc481ac@group-DD12D3BA22F1->319da950-6258-4a15-a10a-9ff19688a457-GrpcLogAppender: appendEntries Timeout, request=18c72976-30e0-4eea-a5a6-85bddbc481ac->319da950-6258-4a15-a10a-9ff19688a457#57-t1, previous=(t:1, i:10), leaderCommit=4, initializing? false, entries: <empty>
2019-09-17 15:19:44,744 [78eb98d0-10ad-403d-ab68-3e803fb8ec72@group-DD12D3BA22F1-SegmentedRaftLogWorker] WARN  segmented.SegmentedRaftLogWorker (SegmentedRaftLogWorker.java:getFromFuture(90)) - Timeout 11/~
org.apache.ratis.protocol.TimeoutIOException: Timeout 10s: WriteLog:5: (t:1, i:5), STATEMACHINELOGENTRY, client-C0CF9D0615A1, cid=50-writeStateMachineData
	at org.apache.ratis.util.IOUtils.getFromFuture(IOUtils.java:87)
	at org.apache.ratis.server.raftlog.segmented.SegmentedRaftLogWorker$StateMachineDataPolicy.getFromFuture(SegmentedRaftLogWorker.java:87)
	at org.apache.ratis.server.raftlog.segmented.SegmentedRaftLogWorker$WriteLog.execute(SegmentedRaftLogWorker.java:477)
	at org.apache.ratis.server.raftlog.segmented.SegmentedRaftLogWorker.run(SegmentedRaftLogWorker.java:289)
	at java.lang.Thread.run(Thread.java:748)
Caused by: java.util.concurrent.TimeoutException
	at java.util.concurrent.CompletableFuture.timedGet(CompletableFuture.java:1771)
	at java.util.concurrent.CompletableFuture.get(CompletableFuture.java:1915)
	at org.apache.ratis.util.IOUtils.getFromFuture(IOUtils.java:79)
	... 4 more
2019-09-17 15:19:44,760 [org.apache.ratis.server.impl.LogAppender$AppenderDaemon$$Lambda$498/908641698@d63bfbc] ERROR ratis.XceiverServerRatis (XceiverServerRatis.java:triggerPipelineClose(575)) - pipeline Action CLOSE  on pipeline PipelineID=5b0ab5b7-fd4e-417a-8ec4-dd12d3ba22f1.Reason : 18c72976-30e0-4eea-a5a6-85bddbc481ac has not seen follower/s 78eb98d0-10ad-403d-ab68-3e803fb8ec72 for 120122ms 319da950-6258-4a15-a10a-9ff19688a457 for 120120ms
2019-09-17 15:19:44,760 [org.apache.ratis.server.impl.LogAppender$AppenderDaemon$$Lambda$498/908641698@56f49d7] ERROR ratis.XceiverServerRatis (XceiverServerRatis.java:triggerPipelineClose(575)) - pipeline Action CLOSE  on pipeline PipelineID=5b0ab5b7-fd4e-417a-8ec4-dd12d3ba22f1.Reason : 18c72976-30e0-4eea-a5a6-85bddbc481ac has not seen follower/s 78eb98d0-10ad-403d-ab68-3e803fb8ec72 for 120122ms 319da950-6258-4a15-a10a-9ff19688a457 for 120120ms
2019-09-17 15:19:44,811 [18c72976-30e0-4eea-a5a6-85bddbc481ac@group-DD12D3BA22F1-SegmentedRaftLogWorker] WARN  segmented.SegmentedRaftLogWorker (SegmentedRaftLogWorker.java:getFromFuture(90)) - Timeout 11/~
org.apache.ratis.protocol.TimeoutIOException: Timeout 10s: WriteLog:6: (t:1, i:6), STATEMACHINELOGENTRY, client-C0CF9D0615A1, cid=51-writeStateMachineData
	at org.apache.ratis.util.IOUtils.getFromFuture(IOUtils.java:87)
	at org.apache.ratis.server.raftlog.segmented.SegmentedRaftLogWorker$StateMachineDataPolicy.getFromFuture(SegmentedRaftLogWorker.java:87)
	at org.apache.ratis.server.raftlog.segmented.SegmentedRaftLogWorker$WriteLog.execute(SegmentedRaftLogWorker.java:477)
	at org.apache.ratis.server.raftlog.segmented.SegmentedRaftLogWorker.run(SegmentedRaftLogWorker.java:289)
	at java.lang.Thread.run(Thread.java:748)
Caused by: java.util.concurrent.TimeoutException
	at java.util.concurrent.CompletableFuture.timedGet(CompletableFuture.java:1771)
	at java.util.concurrent.CompletableFuture.get(CompletableFuture.java:1915)
	at org.apache.ratis.util.IOUtils.getFromFuture(IOUtils.java:79)
	... 4 more
2019-09-17 15:19:44,812 [319da950-6258-4a15-a10a-9ff19688a457@group-DD12D3BA22F1-SegmentedRaftLogWorker] WARN  segmented.SegmentedRaftLogWorker (SegmentedRaftLogWorker.java:getFromFuture(90)) - Timeout 11/~
org.apache.ratis.protocol.TimeoutIOException: Timeout 10s: WriteLog:8: (t:1, i:8), STATEMACHINELOGENTRY, client-C0CF9D0615A1, cid=53-writeStateMachineData
	at org.apache.ratis.util.IOUtils.getFromFuture(IOUtils.java:87)
	at org.apache.ratis.server.raftlog.segmented.SegmentedRaftLogWorker$StateMachineDataPolicy.getFromFuture(SegmentedRaftLogWorker.java:87)
	at org.apache.ratis.server.raftlog.segmented.SegmentedRaftLogWorker$WriteLog.execute(SegmentedRaftLogWorker.java:477)
	at org.apache.ratis.server.raftlog.segmented.SegmentedRaftLogWorker.run(SegmentedRaftLogWorker.java:289)
	at java.lang.Thread.run(Thread.java:748)
Caused by: java.util.concurrent.TimeoutException
	at java.util.concurrent.CompletableFuture.timedGet(CompletableFuture.java:1771)
	at java.util.concurrent.CompletableFuture.get(CompletableFuture.java:1915)
	at org.apache.ratis.util.IOUtils.getFromFuture(IOUtils.java:79)
	... 4 more
2019-09-17 15:19:44,871 [EventQueue-PipelineActionsForPipelineActionHandler] ERROR pipeline.PipelineActionHandler (PipelineActionHandler.java:onMessage(60)) - Received pipeline action CLOSE for Pipeline[ Id: 5b0ab5b7-fd4e-417a-8ec4-dd12d3ba22f1, Nodes: 319da950-6258-4a15-a10a-9ff19688a457{ip: 192.168.151.72, host: pr-hdds-2137-trunk-f8w4d-2934045284, networkLocation: /default-rack, certSerialId: null}18c72976-30e0-4eea-a5a6-85bddbc481ac{ip: 192.168.151.72, host: pr-hdds-2137-trunk-f8w4d-2934045284, networkLocation: /default-rack, certSerialId: null}78eb98d0-10ad-403d-ab68-3e803fb8ec72{ip: 192.168.151.72, host: pr-hdds-2137-trunk-f8w4d-2934045284, networkLocation: /default-rack, certSerialId: null}, Type:RATIS, Factor:THREE, State:OPEN] from datanode 18c72976-30e0-4eea-a5a6-85bddbc481ac{ip: 192.168.151.72, host: pr-hdds-2137-trunk-f8w4d-2934045284, networkLocation: /default-rack, certSerialId: null}. Reason : 18c72976-30e0-4eea-a5a6-85bddbc481ac has not seen follower/s 78eb98d0-10ad-403d-ab68-3e803fb8ec72 for 120122ms 319da950-6258-4a15-a10a-9ff19688a457 for 120120ms
2019-09-17 15:19:44,871 [EventQueue-PipelineActionsForPipelineActionHandler] INFO  pipeline.SCMPipelineManager (SCMPipelineManager.java:finalizeAndDestroyPipeline(311)) - destroying pipeline:Pipeline[ Id: 5b0ab5b7-fd4e-417a-8ec4-dd12d3ba22f1, Nodes: 319da950-6258-4a15-a10a-9ff19688a457{ip: 192.168.151.72, host: pr-hdds-2137-trunk-f8w4d-2934045284, networkLocation: /default-rack, certSerialId: null}18c72976-30e0-4eea-a5a6-85bddbc481ac{ip: 192.168.151.72, host: pr-hdds-2137-trunk-f8w4d-2934045284, networkLocation: /default-rack, certSerialId: null}78eb98d0-10ad-403d-ab68-3e803fb8ec72{ip: 192.168.151.72, host: pr-hdds-2137-trunk-f8w4d-2934045284, networkLocation: /default-rack, certSerialId: null}, Type:RATIS, Factor:THREE, State:OPEN]
2019-09-17 15:19:44,871 [EventQueue-PipelineActionsForPipelineActionHandler] INFO  pipeline.PipelineStateManager (PipelineStateManager.java:finalizePipeline(123)) - Pipeline Pipeline[ Id: 5b0ab5b7-fd4e-417a-8ec4-dd12d3ba22f1, Nodes: 319da950-6258-4a15-a10a-9ff19688a457{ip: 192.168.151.72, host: pr-hdds-2137-trunk-f8w4d-2934045284, networkLocation: /default-rack, certSerialId: null}18c72976-30e0-4eea-a5a6-85bddbc481ac{ip: 192.168.151.72, host: pr-hdds-2137-trunk-f8w4d-2934045284, networkLocation: /default-rack, certSerialId: null}78eb98d0-10ad-403d-ab68-3e803fb8ec72{ip: 192.168.151.72, host: pr-hdds-2137-trunk-f8w4d-2934045284, networkLocation: /default-rack, certSerialId: null}, Type:RATIS, Factor:THREE, State:CLOSED] moved to CLOSED state
2019-09-17 15:19:44,871 [EventQueue-CloseContainerForCloseContainerEventHandler] INFO  container.CloseContainerEventHandler (CloseContainerEventHandler.java:onMessage(61)) - Close container Event triggered for container : #6
2019-09-17 15:19:44,872 [EventQueue-CloseContainerForCloseContainerEventHandler] INFO  container.CloseContainerEventHandler (CloseContainerEventHandler.java:onMessage(61)) - Close container Event triggered for container : #7
2019-09-17 15:19:45,259 [java.util.concurrent.ThreadPoolExecutor$Worker@35550b30[State = -1, empty queue]] WARN  server.GrpcLogAppender (GrpcLogAppender.java:timeoutAppendRequest(200)) - 18c72976-30e0-4eea-a5a6-85bddbc481ac@group-DD12D3BA22F1->78eb98d0-10ad-403d-ab68-3e803fb8ec72-GrpcLogAppender: appendEntries Timeout, request=18c72976-30e0-4eea-a5a6-85bddbc481ac->78eb98d0-10ad-403d-ab68-3e803fb8ec72#58-t1, previous=(t:1, i:10), leaderCommit=4, initializing? false, entries: <empty>
2019-09-17 15:19:45,259 [java.util.concurrent.ThreadPoolExecutor$Worker@75d7222c[State = -1, empty queue]] WARN  server.GrpcLogAppender (GrpcLogAppender.java:timeoutAppendRequest(200)) - 18c72976-30e0-4eea-a5a6-85bddbc481ac@group-DD12D3BA22F1->319da950-6258-4a15-a10a-9ff19688a457-GrpcLogAppender: appendEntries Timeout, request=18c72976-30e0-4eea-a5a6-85bddbc481ac->319da950-6258-4a15-a10a-9ff19688a457#58-t1, previous=(t:1, i:10), leaderCommit=4, initializing? false, entries: <empty>
2019-09-17 15:19:45,884 [grpc-default-executor-8] INFO  client.GrpcClientProtocolClient (GrpcClientProtocolClient.java:onNext(264)) - client-C0CF9D0615A1->319da950-6258-4a15-a10a-9ff19688a457: receive RaftClientReply:client-C0CF9D0615A1->319da950-6258-4a15-a10a-9ff19688a457@group-DD12D3BA22F1, cid=50, FAILED org.apache.ratis.protocol.NotLeaderException: Server 319da950-6258-4a15-a10a-9ff19688a457@group-DD12D3BA22F1 is not the leader 18c72976-30e0-4eea-a5a6-85bddbc481ac:192.168.151.72:46844, logIndex=0, commits[319da950-6258-4a15-a10a-9ff19688a457:c4, 18c72976-30e0-4eea-a5a6-85bddbc481ac:c4, 78eb98d0-10ad-403d-ab68-3e803fb8ec72:c3]
2019-09-17 15:19:46,907 [org.apache.ratis.server.impl.LogAppender$AppenderDaemon$$Lambda$498/908641698@d63bfbc] ERROR ratis.XceiverServerRatis (XceiverServerRatis.java:triggerPipelineClose(575)) - pipeline Action CLOSE  on pipeline PipelineID=5b0ab5b7-fd4e-417a-8ec4-dd12d3ba22f1.Reason : 18c72976-30e0-4eea-a5a6-85bddbc481ac has not seen follower/s 78eb98d0-10ad-403d-ab68-3e803fb8ec72 for 122270ms 319da950-6258-4a15-a10a-9ff19688a457 for 122267ms
2019-09-17 15:19:46,907 [org.apache.ratis.server.impl.LogAppender$AppenderDaemon$$Lambda$498/908641698@56f49d7] ERROR ratis.XceiverServerRatis (XceiverServerRatis.java:triggerPipelineClose(575)) - pipeline Action CLOSE  on pipeline PipelineID=5b0ab5b7-fd4e-417a-8ec4-dd12d3ba22f1.Reason : 18c72976-30e0-4eea-a5a6-85bddbc481ac has not seen follower/s 78eb98d0-10ad-403d-ab68-3e803fb8ec72 for 122270ms 319da950-6258-4a15-a10a-9ff19688a457 for 122267ms
2019-09-17 15:19:47,761 [java.util.concurrent.ThreadPoolExecutor$Worker@75d7222c[State = -1, empty queue]] WARN  server.GrpcLogAppender (GrpcLogAppender.java:timeoutAppendRequest(200)) - 18c72976-30e0-4eea-a5a6-85bddbc481ac@group-DD12D3BA22F1->319da950-6258-4a15-a10a-9ff19688a457-GrpcLogAppender: appendEntries Timeout, request=18c72976-30e0-4eea-a5a6-85bddbc481ac->319da950-6258-4a15-a10a-9ff19688a457#59-t1, previous=(t:1, i:10), leaderCommit=4, initializing? false, entries: <empty>
2019-09-17 15:19:47,761 [java.util.concurrent.ThreadPoolExecutor$Worker@35550b30[State = -1, empty queue]] WARN  server.GrpcLogAppender (GrpcLogAppender.java:timeoutAppendRequest(200)) - 18c72976-30e0-4eea-a5a6-85bddbc481ac@group-DD12D3BA22F1->78eb98d0-10ad-403d-ab68-3e803fb8ec72-GrpcLogAppender: appendEntries Timeout, request=18c72976-30e0-4eea-a5a6-85bddbc481ac->78eb98d0-10ad-403d-ab68-3e803fb8ec72#59-t1, previous=(t:1, i:10), leaderCommit=4, initializing? false, entries: <empty>
2019-09-17 15:19:47,905 [EventQueue-PipelineActionsForPipelineActionHandler] ERROR pipeline.PipelineActionHandler (PipelineActionHandler.java:onMessage(60)) - Received pipeline action CLOSE for Pipeline[ Id: 5b0ab5b7-fd4e-417a-8ec4-dd12d3ba22f1, Nodes: 319da950-6258-4a15-a10a-9ff19688a457{ip: 192.168.151.72, host: pr-hdds-2137-trunk-f8w4d-2934045284, networkLocation: /default-rack, certSerialId: null}18c72976-30e0-4eea-a5a6-85bddbc481ac{ip: 192.168.151.72, host: pr-hdds-2137-trunk-f8w4d-2934045284, networkLocation: /default-rack, certSerialId: null}78eb98d0-10ad-403d-ab68-3e803fb8ec72{ip: 192.168.151.72, host: pr-hdds-2137-trunk-f8w4d-2934045284, networkLocation: /default-rack, certSerialId: null}, Type:RATIS, Factor:THREE, State:CLOSED] from datanode 18c72976-30e0-4eea-a5a6-85bddbc481ac{ip: 192.168.151.72, host: pr-hdds-2137-trunk-f8w4d-2934045284, networkLocation: /default-rack, certSerialId: null}. Reason : 18c72976-30e0-4eea-a5a6-85bddbc481ac has not seen follower/s 78eb98d0-10ad-403d-ab68-3e803fb8ec72 for 122270ms 319da950-6258-4a15-a10a-9ff19688a457 for 122267ms
2019-09-17 15:19:47,905 [EventQueue-PipelineActionsForPipelineActionHandler] INFO  pipeline.SCMPipelineManager (SCMPipelineManager.java:finalizeAndDestroyPipeline(311)) - destroying pipeline:Pipeline[ Id: 5b0ab5b7-fd4e-417a-8ec4-dd12d3ba22f1, Nodes: 319da950-6258-4a15-a10a-9ff19688a457{ip: 192.168.151.72, host: pr-hdds-2137-trunk-f8w4d-2934045284, networkLocation: /default-rack, certSerialId: null}18c72976-30e0-4eea-a5a6-85bddbc481ac{ip: 192.168.151.72, host: pr-hdds-2137-trunk-f8w4d-2934045284, networkLocation: /default-rack, certSerialId: null}78eb98d0-10ad-403d-ab68-3e803fb8ec72{ip: 192.168.151.72, host: pr-hdds-2137-trunk-f8w4d-2934045284, networkLocation: /default-rack, certSerialId: null}, Type:RATIS, Factor:THREE, State:CLOSED]
2019-09-17 15:19:49,409 [org.apache.ratis.server.impl.LogAppender$AppenderDaemon$$Lambda$498/908641698@56f49d7] ERROR ratis.XceiverServerRatis (XceiverServerRatis.java:triggerPipelineClose(575)) - pipeline Action CLOSE  on pipeline PipelineID=5b0ab5b7-fd4e-417a-8ec4-dd12d3ba22f1.Reason : 18c72976-30e0-4eea-a5a6-85bddbc481ac has not seen follower/s 78eb98d0-10ad-403d-ab68-3e803fb8ec72 for 124771ms 319da950-6258-4a15-a10a-9ff19688a457 for 124768ms
2019-09-17 15:19:49,409 [org.apache.ratis.server.impl.LogAppender$AppenderDaemon$$Lambda$498/908641698@d63bfbc] ERROR ratis.XceiverServerRatis (XceiverServerRatis.java:triggerPipelineClose(575)) - pipeline Action CLOSE  on pipeline PipelineID=5b0ab5b7-fd4e-417a-8ec4-dd12d3ba22f1.Reason : 18c72976-30e0-4eea-a5a6-85bddbc481ac has not seen follower/s 78eb98d0-10ad-403d-ab68-3e803fb8ec72 for 124771ms 319da950-6258-4a15-a10a-9ff19688a457 for 124768ms
2019-09-17 15:19:49,903 [EventQueue-PipelineActionsForPipelineActionHandler] ERROR pipeline.PipelineActionHandler (PipelineActionHandler.java:onMessage(60)) - Received pipeline action CLOSE for Pipeline[ Id: 5b0ab5b7-fd4e-417a-8ec4-dd12d3ba22f1, Nodes: 319da950-6258-4a15-a10a-9ff19688a457{ip: 192.168.151.72, host: pr-hdds-2137-trunk-f8w4d-2934045284, networkLocation: /default-rack, certSerialId: null}18c72976-30e0-4eea-a5a6-85bddbc481ac{ip: 192.168.151.72, host: pr-hdds-2137-trunk-f8w4d-2934045284, networkLocation: /default-rack, certSerialId: null}78eb98d0-10ad-403d-ab68-3e803fb8ec72{ip: 192.168.151.72, host: pr-hdds-2137-trunk-f8w4d-2934045284, networkLocation: /default-rack, certSerialId: null}, Type:RATIS, Factor:THREE, State:CLOSED] from datanode 18c72976-30e0-4eea-a5a6-85bddbc481ac{ip: 192.168.151.72, host: pr-hdds-2137-trunk-f8w4d-2934045284, networkLocation: /default-rack, certSerialId: null}. Reason : 18c72976-30e0-4eea-a5a6-85bddbc481ac has not seen follower/s 78eb98d0-10ad-403d-ab68-3e803fb8ec72 for 124771ms 319da950-6258-4a15-a10a-9ff19688a457 for 124768ms
2019-09-17 15:19:49,903 [EventQueue-PipelineActionsForPipelineActionHandler] INFO  pipeline.SCMPipelineManager (SCMPipelineManager.java:finalizeAndDestroyPipeline(311)) - destroying pipeline:Pipeline[ Id: 5b0ab5b7-fd4e-417a-8ec4-dd12d3ba22f1, Nodes: 319da950-6258-4a15-a10a-9ff19688a457{ip: 192.168.151.72, host: pr-hdds-2137-trunk-f8w4d-2934045284, networkLocation: /default-rack, certSerialId: null}18c72976-30e0-4eea-a5a6-85bddbc481ac{ip: 192.168.151.72, host: pr-hdds-2137-trunk-f8w4d-2934045284, networkLocation: /default-rack, certSerialId: null}78eb98d0-10ad-403d-ab68-3e803fb8ec72{ip: 192.168.151.72, host: pr-hdds-2137-trunk-f8w4d-2934045284, networkLocation: /default-rack, certSerialId: null}, Type:RATIS, Factor:THREE, State:CLOSED]
2019-09-17 15:19:49,934 [java.util.concurrent.ThreadPoolExecutor$Worker@35550b30[State = -1, empty queue]] WARN  server.GrpcLogAppender (GrpcLogAppender.java:timeoutAppendRequest(200)) - 18c72976-30e0-4eea-a5a6-85bddbc481ac@group-DD12D3BA22F1->78eb98d0-10ad-403d-ab68-3e803fb8ec72-GrpcLogAppender: appendEntries Timeout, request=18c72976-30e0-4eea-a5a6-85bddbc481ac->78eb98d0-10ad-403d-ab68-3e803fb8ec72#60-t1, previous=(t:1, i:10), leaderCommit=4, initializing? false, entries: size=1, first=(t:1, i:11), STATEMACHINELOGENTRY, client-03D32789C88F, cid=7
2019-09-17 15:19:49,934 [java.util.concurrent.ThreadPoolExecutor$Worker@75d7222c[State = -1, empty queue]] WARN  server.GrpcLogAppender (GrpcLogAppender.java:timeoutAppendRequest(200)) - 18c72976-30e0-4eea-a5a6-85bddbc481ac@group-DD12D3BA22F1->319da950-6258-4a15-a10a-9ff19688a457-GrpcLogAppender: appendEntries Timeout, request=18c72976-30e0-4eea-a5a6-85bddbc481ac->319da950-6258-4a15-a10a-9ff19688a457#60-t1, previous=(t:1, i:10), leaderCommit=4, initializing? false, entries: size=1, first=(t:1, i:11), STATEMACHINELOGENTRY, client-03D32789C88F, cid=7
2019-09-17 15:19:50,948 [grpc-default-executor-4] INFO  client.GrpcClientProtocolClient (GrpcClientProtocolClient.java:onNext(264)) - client-C0CF9D0615A1->319da950-6258-4a15-a10a-9ff19688a457: receive RaftClientReply:client-C0CF9D0615A1->319da950-6258-4a15-a10a-9ff19688a457@group-DD12D3BA22F1, cid=50, FAILED org.apache.ratis.protocol.NotLeaderException: Server 319da950-6258-4a15-a10a-9ff19688a457@group-DD12D3BA22F1 is not the leader 18c72976-30e0-4eea-a5a6-85bddbc481ac:192.168.151.72:46844, logIndex=0, commits[319da950-6258-4a15-a10a-9ff19688a457:c4, 18c72976-30e0-4eea-a5a6-85bddbc481ac:c4, 78eb98d0-10ad-403d-ab68-3e803fb8ec72:c3]
2019-09-17 15:19:51,909 [org.apache.ratis.server.impl.LogAppender$AppenderDaemon$$Lambda$498/908641698@56f49d7] ERROR ratis.XceiverServerRatis (XceiverServerRatis.java:triggerPipelineClose(575)) - pipeline Action CLOSE  on pipeline PipelineID=5b0ab5b7-fd4e-417a-8ec4-dd12d3ba22f1.Reason : 18c72976-30e0-4eea-a5a6-85bddbc481ac has not seen follower/s 78eb98d0-10ad-403d-ab68-3e803fb8ec72 for 127271ms 319da950-6258-4a15-a10a-9ff19688a457 for 127268ms
2019-09-17 15:19:51,909 [org.apache.ratis.server.impl.LogAppender$AppenderDaemon$$Lambda$498/908641698@d63bfbc] ERROR ratis.XceiverServerRatis (XceiverServerRatis.java:triggerPipelineClose(575)) - pipeline Action CLOSE  on pipeline PipelineID=5b0ab5b7-fd4e-417a-8ec4-dd12d3ba22f1.Reason : 18c72976-30e0-4eea-a5a6-85bddbc481ac has not seen follower/s 78eb98d0-10ad-403d-ab68-3e803fb8ec72 for 127271ms 319da950-6258-4a15-a10a-9ff19688a457 for 127269ms
2019-09-17 15:19:52,408 [java.util.concurrent.ThreadPoolExecutor$Worker@75d7222c[State = -1, empty queue]] WARN  server.GrpcLogAppender (GrpcLogAppender.java:timeoutAppendRequest(200)) - 18c72976-30e0-4eea-a5a6-85bddbc481ac@group-DD12D3BA22F1->319da950-6258-4a15-a10a-9ff19688a457-GrpcLogAppender: appendEntries Timeout, request=18c72976-30e0-4eea-a5a6-85bddbc481ac->319da950-6258-4a15-a10a-9ff19688a457#61-t1, previous=(t:1, i:11), leaderCommit=4, initializing? false, entries: <empty>
2019-09-17 15:19:52,409 [java.util.concurrent.ThreadPoolExecutor$Worker@35550b30[State = -1, empty queue]] WARN  server.GrpcLogAppender (GrpcLogAppender.java:timeoutAppendRequest(200)) - 18c72976-30e0-4eea-a5a6-85bddbc481ac@group-DD12D3BA22F1->78eb98d0-10ad-403d-ab68-3e803fb8ec72-GrpcLogAppender: appendEntries Timeout, request=18c72976-30e0-4eea-a5a6-85bddbc481ac->78eb98d0-10ad-403d-ab68-3e803fb8ec72#61-t1, previous=(t:1, i:11), leaderCommit=4, initializing? false, entries: <empty>
2019-09-17 15:19:52,904 [EventQueue-PipelineActionsForPipelineActionHandler] ERROR pipeline.PipelineActionHandler (PipelineActionHandler.java:onMessage(60)) - Received pipeline action CLOSE for Pipeline[ Id: 5b0ab5b7-fd4e-417a-8ec4-dd12d3ba22f1, Nodes: 319da950-6258-4a15-a10a-9ff19688a457{ip: 192.168.151.72, host: pr-hdds-2137-trunk-f8w4d-2934045284, networkLocation: /default-rack, certSerialId: null}18c72976-30e0-4eea-a5a6-85bddbc481ac{ip: 192.168.151.72, host: pr-hdds-2137-trunk-f8w4d-2934045284, networkLocation: /default-rack, certSerialId: null}78eb98d0-10ad-403d-ab68-3e803fb8ec72{ip: 192.168.151.72, host: pr-hdds-2137-trunk-f8w4d-2934045284, networkLocation: /default-rack, certSerialId: null}, Type:RATIS, Factor:THREE, State:CLOSED] from datanode 18c72976-30e0-4eea-a5a6-85bddbc481ac{ip: 192.168.151.72, host: pr-hdds-2137-trunk-f8w4d-2934045284, networkLocation: /default-rack, certSerialId: null}. Reason : 18c72976-30e0-4eea-a5a6-85bddbc481ac has not seen follower/s 78eb98d0-10ad-403d-ab68-3e803fb8ec72 for 127271ms 319da950-6258-4a15-a10a-9ff19688a457 for 127268ms
2019-09-17 15:19:52,904 [EventQueue-PipelineActionsForPipelineActionHandler] INFO  pipeline.SCMPipelineManager (SCMPipelineManager.java:finalizeAndDestroyPipeline(311)) - destroying pipeline:Pipeline[ Id: 5b0ab5b7-fd4e-417a-8ec4-dd12d3ba22f1, Nodes: 319da950-6258-4a15-a10a-9ff19688a457{ip: 192.168.151.72, host: pr-hdds-2137-trunk-f8w4d-2934045284, networkLocation: /default-rack, certSerialId: null}18c72976-30e0-4eea-a5a6-85bddbc481ac{ip: 192.168.151.72, host: pr-hdds-2137-trunk-f8w4d-2934045284, networkLocation: /default-rack, certSerialId: null}78eb98d0-10ad-403d-ab68-3e803fb8ec72{ip: 192.168.151.72, host: pr-hdds-2137-trunk-f8w4d-2934045284, networkLocation: /default-rack, certSerialId: null}, Type:RATIS, Factor:THREE, State:CLOSED]
2019-09-17 15:19:54,410 [org.apache.ratis.server.impl.LogAppender$AppenderDaemon$$Lambda$498/908641698@d63bfbc] ERROR ratis.XceiverServerRatis (XceiverServerRatis.java:triggerPipelineClose(575)) - pipeline Action CLOSE  on pipeline PipelineID=5b0ab5b7-fd4e-417a-8ec4-dd12d3ba22f1.Reason : 18c72976-30e0-4eea-a5a6-85bddbc481ac has not seen follower/s 78eb98d0-10ad-403d-ab68-3e803fb8ec72 for 129772ms 319da950-6258-4a15-a10a-9ff19688a457 for 129769ms
2019-09-17 15:19:54,410 [org.apache.ratis.server.impl.LogAppender$AppenderDaemon$$Lambda$498/908641698@56f49d7] ERROR ratis.XceiverServerRatis (XceiverServerRatis.java:triggerPipelineClose(575)) - pipeline Action CLOSE  on pipeline PipelineID=5b0ab5b7-fd4e-417a-8ec4-dd12d3ba22f1.Reason : 18c72976-30e0-4eea-a5a6-85bddbc481ac has not seen follower/s 78eb98d0-10ad-403d-ab68-3e803fb8ec72 for 129772ms 319da950-6258-4a15-a10a-9ff19688a457 for 129769ms
2019-09-17 15:19:54,745 [78eb98d0-10ad-403d-ab68-3e803fb8ec72@group-DD12D3BA22F1-SegmentedRaftLogWorker] WARN  segmented.SegmentedRaftLogWorker (SegmentedRaftLogWorker.java:getFromFuture(90)) - Timeout 12/~
org.apache.ratis.protocol.TimeoutIOException: Timeout 10s: WriteLog:5: (t:1, i:5), STATEMACHINELOGENTRY, client-C0CF9D0615A1, cid=50-writeStateMachineData
	at org.apache.ratis.util.IOUtils.getFromFuture(IOUtils.java:87)
	at org.apache.ratis.server.raftlog.segmented.SegmentedRaftLogWorker$StateMachineDataPolicy.getFromFuture(SegmentedRaftLogWorker.java:87)
	at org.apache.ratis.server.raftlog.segmented.SegmentedRaftLogWorker$WriteLog.execute(SegmentedRaftLogWorker.java:477)
	at org.apache.ratis.server.raftlog.segmented.SegmentedRaftLogWorker.run(SegmentedRaftLogWorker.java:289)
	at java.lang.Thread.run(Thread.java:748)
Caused by: java.util.concurrent.TimeoutException
	at java.util.concurrent.CompletableFuture.timedGet(CompletableFuture.java:1771)
	at java.util.concurrent.CompletableFuture.get(CompletableFuture.java:1915)
	at org.apache.ratis.util.IOUtils.getFromFuture(IOUtils.java:79)
	... 4 more
2019-09-17 15:19:54,812 [18c72976-30e0-4eea-a5a6-85bddbc481ac@group-DD12D3BA22F1-SegmentedRaftLogWorker] WARN  segmented.SegmentedRaftLogWorker (SegmentedRaftLogWorker.java:getFromFuture(90)) - Timeout 12/~
org.apache.ratis.protocol.TimeoutIOException: Timeout 10s: WriteLog:6: (t:1, i:6), STATEMACHINELOGENTRY, client-C0CF9D0615A1, cid=51-writeStateMachineData
	at org.apache.ratis.util.IOUtils.getFromFuture(IOUtils.java:87)
	at org.apache.ratis.server.raftlog.segmented.SegmentedRaftLogWorker$StateMachineDataPolicy.getFromFuture(SegmentedRaftLogWorker.java:87)
	at org.apache.ratis.server.raftlog.segmented.SegmentedRaftLogWorker$WriteLog.execute(SegmentedRaftLogWorker.java:477)
	at org.apache.ratis.server.raftlog.segmented.SegmentedRaftLogWorker.run(SegmentedRaftLogWorker.java:289)
	at java.lang.Thread.run(Thread.java:748)
Caused by: java.util.concurrent.TimeoutException
	at java.util.concurrent.CompletableFuture.timedGet(CompletableFuture.java:1771)
	at java.util.concurrent.CompletableFuture.get(CompletableFuture.java:1915)
	at org.apache.ratis.util.IOUtils.getFromFuture(IOUtils.java:79)
	... 4 more
2019-09-17 15:19:54,813 [319da950-6258-4a15-a10a-9ff19688a457@group-DD12D3BA22F1-SegmentedRaftLogWorker] WARN  segmented.SegmentedRaftLogWorker (SegmentedRaftLogWorker.java:getFromFuture(90)) - Timeout 12/~
org.apache.ratis.protocol.TimeoutIOException: Timeout 10s: WriteLog:8: (t:1, i:8), STATEMACHINELOGENTRY, client-C0CF9D0615A1, cid=53-writeStateMachineData
	at org.apache.ratis.util.IOUtils.getFromFuture(IOUtils.java:87)
	at org.apache.ratis.server.raftlog.segmented.SegmentedRaftLogWorker$StateMachineDataPolicy.getFromFuture(SegmentedRaftLogWorker.java:87)
	at org.apache.ratis.server.raftlog.segmented.SegmentedRaftLogWorker$WriteLog.execute(SegmentedRaftLogWorker.java:477)
	at org.apache.ratis.server.raftlog.segmented.SegmentedRaftLogWorker.run(SegmentedRaftLogWorker.java:289)
	at java.lang.Thread.run(Thread.java:748)
Caused by: java.util.concurrent.TimeoutException
	at java.util.concurrent.CompletableFuture.timedGet(CompletableFuture.java:1771)
	at java.util.concurrent.CompletableFuture.get(CompletableFuture.java:1915)
	at org.apache.ratis.util.IOUtils.getFromFuture(IOUtils.java:79)
	... 4 more
2019-09-17 15:19:54,904 [EventQueue-PipelineActionsForPipelineActionHandler] ERROR pipeline.PipelineActionHandler (PipelineActionHandler.java:onMessage(60)) - Received pipeline action CLOSE for Pipeline[ Id: 5b0ab5b7-fd4e-417a-8ec4-dd12d3ba22f1, Nodes: 319da950-6258-4a15-a10a-9ff19688a457{ip: 192.168.151.72, host: pr-hdds-2137-trunk-f8w4d-2934045284, networkLocation: /default-rack, certSerialId: null}18c72976-30e0-4eea-a5a6-85bddbc481ac{ip: 192.168.151.72, host: pr-hdds-2137-trunk-f8w4d-2934045284, networkLocation: /default-rack, certSerialId: null}78eb98d0-10ad-403d-ab68-3e803fb8ec72{ip: 192.168.151.72, host: pr-hdds-2137-trunk-f8w4d-2934045284, networkLocation: /default-rack, certSerialId: null}, Type:RATIS, Factor:THREE, State:CLOSED] from datanode 18c72976-30e0-4eea-a5a6-85bddbc481ac{ip: 192.168.151.72, host: pr-hdds-2137-trunk-f8w4d-2934045284, networkLocation: /default-rack, certSerialId: null}. Reason : 18c72976-30e0-4eea-a5a6-85bddbc481ac has not seen follower/s 78eb98d0-10ad-403d-ab68-3e803fb8ec72 for 129772ms 319da950-6258-4a15-a10a-9ff19688a457 for 129769ms
2019-09-17 15:19:54,904 [EventQueue-PipelineActionsForPipelineActionHandler] INFO  pipeline.SCMPipelineManager (SCMPipelineManager.java:finalizeAndDestroyPipeline(311)) - destroying pipeline:Pipeline[ Id: 5b0ab5b7-fd4e-417a-8ec4-dd12d3ba22f1, Nodes: 319da950-6258-4a15-a10a-9ff19688a457{ip: 192.168.151.72, host: pr-hdds-2137-trunk-f8w4d-2934045284, networkLocation: /default-rack, certSerialId: null}18c72976-30e0-4eea-a5a6-85bddbc481ac{ip: 192.168.151.72, host: pr-hdds-2137-trunk-f8w4d-2934045284, networkLocation: /default-rack, certSerialId: null}78eb98d0-10ad-403d-ab68-3e803fb8ec72{ip: 192.168.151.72, host: pr-hdds-2137-trunk-f8w4d-2934045284, networkLocation: /default-rack, certSerialId: null}, Type:RATIS, Factor:THREE, State:CLOSED]
2019-09-17 15:19:54,909 [java.util.concurrent.ThreadPoolExecutor$Worker@75d7222c[State = -1, empty queue]] WARN  server.GrpcLogAppender (GrpcLogAppender.java:timeoutAppendRequest(200)) - 18c72976-30e0-4eea-a5a6-85bddbc481ac@group-DD12D3BA22F1->319da950-6258-4a15-a10a-9ff19688a457-GrpcLogAppender: appendEntries Timeout, request=18c72976-30e0-4eea-a5a6-85bddbc481ac->319da950-6258-4a15-a10a-9ff19688a457#62-t1, previous=(t:1, i:11), leaderCommit=4, initializing? false, entries: <empty>
2019-09-17 15:19:54,909 [java.util.concurrent.ThreadPoolExecutor$Worker@35550b30[State = -1, empty queue]] WARN  server.GrpcLogAppender (GrpcLogAppender.java:timeoutAppendRequest(200)) - 18c72976-30e0-4eea-a5a6-85bddbc481ac@group-DD12D3BA22F1->78eb98d0-10ad-403d-ab68-3e803fb8ec72-GrpcLogAppender: appendEntries Timeout, request=18c72976-30e0-4eea-a5a6-85bddbc481ac->78eb98d0-10ad-403d-ab68-3e803fb8ec72#62-t1, previous=(t:1, i:11), leaderCommit=4, initializing? false, entries: <empty>
2019-09-17 15:19:55,987 [grpc-default-executor-4] INFO  client.GrpcClientProtocolClient (GrpcClientProtocolClient.java:onNext(264)) - client-C0CF9D0615A1->319da950-6258-4a15-a10a-9ff19688a457: receive RaftClientReply:client-C0CF9D0615A1->319da950-6258-4a15-a10a-9ff19688a457@group-DD12D3BA22F1, cid=50, FAILED org.apache.ratis.protocol.NotLeaderException: Server 319da950-6258-4a15-a10a-9ff19688a457@group-DD12D3BA22F1 is not the leader 18c72976-30e0-4eea-a5a6-85bddbc481ac:192.168.151.72:46844, logIndex=0, commits[319da950-6258-4a15-a10a-9ff19688a457:c4, 18c72976-30e0-4eea-a5a6-85bddbc481ac:c4, 78eb98d0-10ad-403d-ab68-3e803fb8ec72:c3]
2019-09-17 15:19:56,911 [org.apache.ratis.server.impl.LogAppender$AppenderDaemon$$Lambda$498/908641698@d63bfbc] ERROR ratis.XceiverServerRatis (XceiverServerRatis.java:triggerPipelineClose(575)) - pipeline Action CLOSE  on pipeline PipelineID=5b0ab5b7-fd4e-417a-8ec4-dd12d3ba22f1.Reason : 18c72976-30e0-4eea-a5a6-85bddbc481ac has not seen follower/s 78eb98d0-10ad-403d-ab68-3e803fb8ec72 for 132273ms 319da950-6258-4a15-a10a-9ff19688a457 for 132271ms
2019-09-17 15:19:56,911 [org.apache.ratis.server.impl.LogAppender$AppenderDaemon$$Lambda$498/908641698@56f49d7] ERROR ratis.XceiverServerRatis (XceiverServerRatis.java:triggerPipelineClose(575)) - pipeline Action CLOSE  on pipeline PipelineID=5b0ab5b7-fd4e-417a-8ec4-dd12d3ba22f1.Reason : 18c72976-30e0-4eea-a5a6-85bddbc481ac has not seen follower/s 78eb98d0-10ad-403d-ab68-3e803fb8ec72 for 132273ms 319da950-6258-4a15-a10a-9ff19688a457 for 132271ms
2019-09-17 15:19:57,410 [java.util.concurrent.ThreadPoolExecutor$Worker@75d7222c[State = -1, empty queue]] WARN  server.GrpcLogAppender (GrpcLogAppender.java:timeoutAppendRequest(200)) - 18c72976-30e0-4eea-a5a6-85bddbc481ac@group-DD12D3BA22F1->319da950-6258-4a15-a10a-9ff19688a457-GrpcLogAppender: appendEntries Timeout, request=18c72976-30e0-4eea-a5a6-85bddbc481ac->319da950-6258-4a15-a10a-9ff19688a457#63-t1, previous=(t:1, i:11), leaderCommit=4, initializing? false, entries: <empty>
2019-09-17 15:19:57,410 [java.util.concurrent.ThreadPoolExecutor$Worker@35550b30[State = -1, empty queue]] WARN  server.GrpcLogAppender (GrpcLogAppender.java:timeoutAppendRequest(200)) - 18c72976-30e0-4eea-a5a6-85bddbc481ac@group-DD12D3BA22F1->78eb98d0-10ad-403d-ab68-3e803fb8ec72-GrpcLogAppender: appendEntries Timeout, request=18c72976-30e0-4eea-a5a6-85bddbc481ac->78eb98d0-10ad-403d-ab68-3e803fb8ec72#63-t1, previous=(t:1, i:11), leaderCommit=4, initializing? false, entries: <empty>
2019-09-17 15:19:57,904 [EventQueue-PipelineActionsForPipelineActionHandler] ERROR pipeline.PipelineActionHandler (PipelineActionHandler.java:onMessage(60)) - Received pipeline action CLOSE for Pipeline[ Id: 5b0ab5b7-fd4e-417a-8ec4-dd12d3ba22f1, Nodes: 319da950-6258-4a15-a10a-9ff19688a457{ip: 192.168.151.72, host: pr-hdds-2137-trunk-f8w4d-2934045284, networkLocation: /default-rack, certSerialId: null}18c72976-30e0-4eea-a5a6-85bddbc481ac{ip: 192.168.151.72, host: pr-hdds-2137-trunk-f8w4d-2934045284, networkLocation: /default-rack, certSerialId: null}78eb98d0-10ad-403d-ab68-3e803fb8ec72{ip: 192.168.151.72, host: pr-hdds-2137-trunk-f8w4d-2934045284, networkLocation: /default-rack, certSerialId: null}, Type:RATIS, Factor:THREE, State:CLOSED] from datanode 18c72976-30e0-4eea-a5a6-85bddbc481ac{ip: 192.168.151.72, host: pr-hdds-2137-trunk-f8w4d-2934045284, networkLocation: /default-rack, certSerialId: null}. Reason : 18c72976-30e0-4eea-a5a6-85bddbc481ac has not seen follower/s 78eb98d0-10ad-403d-ab68-3e803fb8ec72 for 132273ms 319da950-6258-4a15-a10a-9ff19688a457 for 132271ms
2019-09-17 15:19:57,905 [EventQueue-PipelineActionsForPipelineActionHandler] INFO  pipeline.SCMPipelineManager (SCMPipelineManager.java:finalizeAndDestroyPipeline(311)) - destroying pipeline:Pipeline[ Id: 5b0ab5b7-fd4e-417a-8ec4-dd12d3ba22f1, Nodes: 319da950-6258-4a15-a10a-9ff19688a457{ip: 192.168.151.72, host: pr-hdds-2137-trunk-f8w4d-2934045284, networkLocation: /default-rack, certSerialId: null}18c72976-30e0-4eea-a5a6-85bddbc481ac{ip: 192.168.151.72, host: pr-hdds-2137-trunk-f8w4d-2934045284, networkLocation: /default-rack, certSerialId: null}78eb98d0-10ad-403d-ab68-3e803fb8ec72{ip: 192.168.151.72, host: pr-hdds-2137-trunk-f8w4d-2934045284, networkLocation: /default-rack, certSerialId: null}, Type:RATIS, Factor:THREE, State:CLOSED]
2019-09-17 15:19:59,412 [org.apache.ratis.server.impl.LogAppender$AppenderDaemon$$Lambda$498/908641698@56f49d7] ERROR ratis.XceiverServerRatis (XceiverServerRatis.java:triggerPipelineClose(575)) - pipeline Action CLOSE  on pipeline PipelineID=5b0ab5b7-fd4e-417a-8ec4-dd12d3ba22f1.Reason : 18c72976-30e0-4eea-a5a6-85bddbc481ac has not seen follower/s 78eb98d0-10ad-403d-ab68-3e803fb8ec72 for 134774ms 319da950-6258-4a15-a10a-9ff19688a457 for 134771ms
2019-09-17 15:19:59,412 [org.apache.ratis.server.impl.LogAppender$AppenderDaemon$$Lambda$498/908641698@d63bfbc] ERROR ratis.XceiverServerRatis (XceiverServerRatis.java:triggerPipelineClose(575)) - pipeline Action CLOSE  on pipeline PipelineID=5b0ab5b7-fd4e-417a-8ec4-dd12d3ba22f1.Reason : 18c72976-30e0-4eea-a5a6-85bddbc481ac has not seen follower/s 78eb98d0-10ad-403d-ab68-3e803fb8ec72 for 134774ms 319da950-6258-4a15-a10a-9ff19688a457 for 134772ms
2019-09-17 15:19:59,906 [EventQueue-PipelineActionsForPipelineActionHandler] ERROR pipeline.PipelineActionHandler (PipelineActionHandler.java:onMessage(60)) - Received pipeline action CLOSE for Pipeline[ Id: 5b0ab5b7-fd4e-417a-8ec4-dd12d3ba22f1, Nodes: 319da950-6258-4a15-a10a-9ff19688a457{ip: 192.168.151.72, host: pr-hdds-2137-trunk-f8w4d-2934045284, networkLocation: /default-rack, certSerialId: null}18c72976-30e0-4eea-a5a6-85bddbc481ac{ip: 192.168.151.72, host: pr-hdds-2137-trunk-f8w4d-2934045284, networkLocation: /default-rack, certSerialId: null}78eb98d0-10ad-403d-ab68-3e803fb8ec72{ip: 192.168.151.72, host: pr-hdds-2137-trunk-f8w4d-2934045284, networkLocation: /default-rack, certSerialId: null}, Type:RATIS, Factor:THREE, State:CLOSED] from datanode 18c72976-30e0-4eea-a5a6-85bddbc481ac{ip: 192.168.151.72, host: pr-hdds-2137-trunk-f8w4d-2934045284, networkLocation: /default-rack, certSerialId: null}. Reason : 18c72976-30e0-4eea-a5a6-85bddbc481ac has not seen follower/s 78eb98d0-10ad-403d-ab68-3e803fb8ec72 for 134774ms 319da950-6258-4a15-a10a-9ff19688a457 for 134771ms
2019-09-17 15:19:59,907 [EventQueue-PipelineActionsForPipelineActionHandler] INFO  pipeline.SCMPipelineManager (SCMPipelineManager.java:finalizeAndDestroyPipeline(311)) - destroying pipeline:Pipeline[ Id: 5b0ab5b7-fd4e-417a-8ec4-dd12d3ba22f1, Nodes: 319da950-6258-4a15-a10a-9ff19688a457{ip: 192.168.151.72, host: pr-hdds-2137-trunk-f8w4d-2934045284, networkLocation: /default-rack, certSerialId: null}18c72976-30e0-4eea-a5a6-85bddbc481ac{ip: 192.168.151.72, host: pr-hdds-2137-trunk-f8w4d-2934045284, networkLocation: /default-rack, certSerialId: null}78eb98d0-10ad-403d-ab68-3e803fb8ec72{ip: 192.168.151.72, host: pr-hdds-2137-trunk-f8w4d-2934045284, networkLocation: /default-rack, certSerialId: null}, Type:RATIS, Factor:THREE, State:CLOSED]
2019-09-17 15:19:59,911 [java.util.concurrent.ThreadPoolExecutor$Worker@75d7222c[State = -1, empty queue]] WARN  server.GrpcLogAppender (GrpcLogAppender.java:timeoutAppendRequest(200)) - 18c72976-30e0-4eea-a5a6-85bddbc481ac@group-DD12D3BA22F1->319da950-6258-4a15-a10a-9ff19688a457-GrpcLogAppender: appendEntries Timeout, request=18c72976-30e0-4eea-a5a6-85bddbc481ac->319da950-6258-4a15-a10a-9ff19688a457#64-t1, previous=(t:1, i:11), leaderCommit=4, initializing? false, entries: <empty>
2019-09-17 15:19:59,911 [java.util.concurrent.ThreadPoolExecutor$Worker@35550b30[State = -1, empty queue]] WARN  server.GrpcLogAppender (GrpcLogAppender.java:timeoutAppendRequest(200)) - 18c72976-30e0-4eea-a5a6-85bddbc481ac@group-DD12D3BA22F1->78eb98d0-10ad-403d-ab68-3e803fb8ec72-GrpcLogAppender: appendEntries Timeout, request=18c72976-30e0-4eea-a5a6-85bddbc481ac->78eb98d0-10ad-403d-ab68-3e803fb8ec72#64-t1, previous=(t:1, i:11), leaderCommit=4, initializing? false, entries: <empty>
2019-09-17 15:20:01,040 [grpc-default-executor-4] INFO  client.GrpcClientProtocolClient (GrpcClientProtocolClient.java:onNext(264)) - client-C0CF9D0615A1->319da950-6258-4a15-a10a-9ff19688a457: receive RaftClientReply:client-C0CF9D0615A1->319da950-6258-4a15-a10a-9ff19688a457@group-DD12D3BA22F1, cid=50, FAILED org.apache.ratis.protocol.NotLeaderException: Server 319da950-6258-4a15-a10a-9ff19688a457@group-DD12D3BA22F1 is not the leader 18c72976-30e0-4eea-a5a6-85bddbc481ac:192.168.151.72:46844, logIndex=0, commits[319da950-6258-4a15-a10a-9ff19688a457:c4, 18c72976-30e0-4eea-a5a6-85bddbc481ac:c4, 78eb98d0-10ad-403d-ab68-3e803fb8ec72:c3]
2019-09-17 15:20:01,914 [org.apache.ratis.server.impl.LogAppender$AppenderDaemon$$Lambda$498/908641698@d63bfbc] ERROR ratis.XceiverServerRatis (XceiverServerRatis.java:triggerPipelineClose(575)) - pipeline Action CLOSE  on pipeline PipelineID=5b0ab5b7-fd4e-417a-8ec4-dd12d3ba22f1.Reason : 18c72976-30e0-4eea-a5a6-85bddbc481ac has not seen follower/s 78eb98d0-10ad-403d-ab68-3e803fb8ec72 for 137275ms 319da950-6258-4a15-a10a-9ff19688a457 for 137273ms
2019-09-17 15:20:01,914 [org.apache.ratis.server.impl.LogAppender$AppenderDaemon$$Lambda$498/908641698@56f49d7] ERROR ratis.XceiverServerRatis (XceiverServerRatis.java:triggerPipelineClose(575)) - pipeline Action CLOSE  on pipeline PipelineID=5b0ab5b7-fd4e-417a-8ec4-dd12d3ba22f1.Reason : 18c72976-30e0-4eea-a5a6-85bddbc481ac has not seen follower/s 78eb98d0-10ad-403d-ab68-3e803fb8ec72 for 137275ms 319da950-6258-4a15-a10a-9ff19688a457 for 137273ms
2019-09-17 15:20:02,412 [java.util.concurrent.ThreadPoolExecutor$Worker@75d7222c[State = -1, empty queue]] WARN  server.GrpcLogAppender (GrpcLogAppender.java:timeoutAppendRequest(200)) - 18c72976-30e0-4eea-a5a6-85bddbc481ac@group-DD12D3BA22F1->319da950-6258-4a15-a10a-9ff19688a457-GrpcLogAppender: appendEntries Timeout, request=18c72976-30e0-4eea-a5a6-85bddbc481ac->319da950-6258-4a15-a10a-9ff19688a457#65-t1, previous=(t:1, i:11), leaderCommit=4, initializing? false, entries: <empty>
2019-09-17 15:20:02,412 [java.util.concurrent.ThreadPoolExecutor$Worker@35550b30[State = -1, empty queue]] WARN  server.GrpcLogAppender (GrpcLogAppender.java:timeoutAppendRequest(200)) - 18c72976-30e0-4eea-a5a6-85bddbc481ac@group-DD12D3BA22F1->78eb98d0-10ad-403d-ab68-3e803fb8ec72-GrpcLogAppender: appendEntries Timeout, request=18c72976-30e0-4eea-a5a6-85bddbc481ac->78eb98d0-10ad-403d-ab68-3e803fb8ec72#65-t1, previous=(t:1, i:11), leaderCommit=4, initializing? false, entries: <empty>
2019-09-17 15:20:02,907 [EventQueue-PipelineActionsForPipelineActionHandler] ERROR pipeline.PipelineActionHandler (PipelineActionHandler.java:onMessage(60)) - Received pipeline action CLOSE for Pipeline[ Id: 5b0ab5b7-fd4e-417a-8ec4-dd12d3ba22f1, Nodes: 319da950-6258-4a15-a10a-9ff19688a457{ip: 192.168.151.72, host: pr-hdds-2137-trunk-f8w4d-2934045284, networkLocation: /default-rack, certSerialId: null}18c72976-30e0-4eea-a5a6-85bddbc481ac{ip: 192.168.151.72, host: pr-hdds-2137-trunk-f8w4d-2934045284, networkLocation: /default-rack, certSerialId: null}78eb98d0-10ad-403d-ab68-3e803fb8ec72{ip: 192.168.151.72, host: pr-hdds-2137-trunk-f8w4d-2934045284, networkLocation: /default-rack, certSerialId: null}, Type:RATIS, Factor:THREE, State:CLOSED] from datanode 18c72976-30e0-4eea-a5a6-85bddbc481ac{ip: 192.168.151.72, host: pr-hdds-2137-trunk-f8w4d-2934045284, networkLocation: /default-rack, certSerialId: null}. Reason : 18c72976-30e0-4eea-a5a6-85bddbc481ac has not seen follower/s 78eb98d0-10ad-403d-ab68-3e803fb8ec72 for 137275ms 319da950-6258-4a15-a10a-9ff19688a457 for 137273ms
2019-09-17 15:20:02,908 [EventQueue-PipelineActionsForPipelineActionHandler] INFO  pipeline.SCMPipelineManager (SCMPipelineManager.java:finalizeAndDestroyPipeline(311)) - destroying pipeline:Pipeline[ Id: 5b0ab5b7-fd4e-417a-8ec4-dd12d3ba22f1, Nodes: 319da950-6258-4a15-a10a-9ff19688a457{ip: 192.168.151.72, host: pr-hdds-2137-trunk-f8w4d-2934045284, networkLocation: /default-rack, certSerialId: null}18c72976-30e0-4eea-a5a6-85bddbc481ac{ip: 192.168.151.72, host: pr-hdds-2137-trunk-f8w4d-2934045284, networkLocation: /default-rack, certSerialId: null}78eb98d0-10ad-403d-ab68-3e803fb8ec72{ip: 192.168.151.72, host: pr-hdds-2137-trunk-f8w4d-2934045284, networkLocation: /default-rack, certSerialId: null}, Type:RATIS, Factor:THREE, State:CLOSED]
2019-09-17 15:20:04,414 [org.apache.ratis.server.impl.LogAppender$AppenderDaemon$$Lambda$498/908641698@d63bfbc] ERROR ratis.XceiverServerRatis (XceiverServerRatis.java:triggerPipelineClose(575)) - pipeline Action CLOSE  on pipeline PipelineID=5b0ab5b7-fd4e-417a-8ec4-dd12d3ba22f1.Reason : 18c72976-30e0-4eea-a5a6-85bddbc481ac has not seen follower/s 78eb98d0-10ad-403d-ab68-3e803fb8ec72 for 139776ms 319da950-6258-4a15-a10a-9ff19688a457 for 139773ms
2019-09-17 15:20:04,414 [org.apache.ratis.server.impl.LogAppender$AppenderDaemon$$Lambda$498/908641698@56f49d7] ERROR ratis.XceiverServerRatis (XceiverServerRatis.java:triggerPipelineClose(575)) - pipeline Action CLOSE  on pipeline PipelineID=5b0ab5b7-fd4e-417a-8ec4-dd12d3ba22f1.Reason : 18c72976-30e0-4eea-a5a6-85bddbc481ac has not seen follower/s 78eb98d0-10ad-403d-ab68-3e803fb8ec72 for 139776ms 319da950-6258-4a15-a10a-9ff19688a457 for 139773ms
2019-09-17 15:20:04,747 [78eb98d0-10ad-403d-ab68-3e803fb8ec72@group-DD12D3BA22F1-SegmentedRaftLogWorker] WARN  segmented.SegmentedRaftLogWorker (SegmentedRaftLogWorker.java:getFromFuture(90)) - Timeout 13/~
org.apache.ratis.protocol.TimeoutIOException: Timeout 10s: WriteLog:5: (t:1, i:5), STATEMACHINELOGENTRY, client-C0CF9D0615A1, cid=50-writeStateMachineData
	at org.apache.ratis.util.IOUtils.getFromFuture(IOUtils.java:87)
	at org.apache.ratis.server.raftlog.segmented.SegmentedRaftLogWorker$StateMachineDataPolicy.getFromFuture(SegmentedRaftLogWorker.java:87)
	at org.apache.ratis.server.raftlog.segmented.SegmentedRaftLogWorker$WriteLog.execute(SegmentedRaftLogWorker.java:477)
	at org.apache.ratis.server.raftlog.segmented.SegmentedRaftLogWorker.run(SegmentedRaftLogWorker.java:289)
	at java.lang.Thread.run(Thread.java:748)
Caused by: java.util.concurrent.TimeoutException
	at java.util.concurrent.CompletableFuture.timedGet(CompletableFuture.java:1771)
	at java.util.concurrent.CompletableFuture.get(CompletableFuture.java:1915)
	at org.apache.ratis.util.IOUtils.getFromFuture(IOUtils.java:79)
	... 4 more
2019-09-17 15:20:04,813 [18c72976-30e0-4eea-a5a6-85bddbc481ac@group-DD12D3BA22F1-SegmentedRaftLogWorker] WARN  segmented.SegmentedRaftLogWorker (SegmentedRaftLogWorker.java:getFromFuture(90)) - Timeout 13/~
org.apache.ratis.protocol.TimeoutIOException: Timeout 10s: WriteLog:6: (t:1, i:6), STATEMACHINELOGENTRY, client-C0CF9D0615A1, cid=51-writeStateMachineData
	at org.apache.ratis.util.IOUtils.getFromFuture(IOUtils.java:87)
	at org.apache.ratis.server.raftlog.segmented.SegmentedRaftLogWorker$StateMachineDataPolicy.getFromFuture(SegmentedRaftLogWorker.java:87)
	at org.apache.ratis.server.raftlog.segmented.SegmentedRaftLogWorker$WriteLog.execute(SegmentedRaftLogWorker.java:477)
	at org.apache.ratis.server.raftlog.segmented.SegmentedRaftLogWorker.run(SegmentedRaftLogWorker.java:289)
	at java.lang.Thread.run(Thread.java:748)
Caused by: java.util.concurrent.TimeoutException
	at java.util.concurrent.CompletableFuture.timedGet(CompletableFuture.java:1771)
	at java.util.concurrent.CompletableFuture.get(CompletableFuture.java:1915)
	at org.apache.ratis.util.IOUtils.getFromFuture(IOUtils.java:79)
	... 4 more
2019-09-17 15:20:04,814 [319da950-6258-4a15-a10a-9ff19688a457@group-DD12D3BA22F1-SegmentedRaftLogWorker] WARN  segmented.SegmentedRaftLogWorker (SegmentedRaftLogWorker.java:getFromFuture(90)) - Timeout 13/~
org.apache.ratis.protocol.TimeoutIOException: Timeout 10s: WriteLog:8: (t:1, i:8), STATEMACHINELOGENTRY, client-C0CF9D0615A1, cid=53-writeStateMachineData
	at org.apache.ratis.util.IOUtils.getFromFuture(IOUtils.java:87)
	at org.apache.ratis.server.raftlog.segmented.SegmentedRaftLogWorker$StateMachineDataPolicy.getFromFuture(SegmentedRaftLogWorker.java:87)
	at org.apache.ratis.server.raftlog.segmented.SegmentedRaftLogWorker$WriteLog.execute(SegmentedRaftLogWorker.java:477)
	at org.apache.ratis.server.raftlog.segmented.SegmentedRaftLogWorker.run(SegmentedRaftLogWorker.java:289)
	at java.lang.Thread.run(Thread.java:748)
Caused by: java.util.concurrent.TimeoutException
	at java.util.concurrent.CompletableFuture.timedGet(CompletableFuture.java:1771)
	at java.util.concurrent.CompletableFuture.get(CompletableFuture.java:1915)
	at org.apache.ratis.util.IOUtils.getFromFuture(IOUtils.java:79)
	... 4 more
2019-09-17 15:20:04,906 [EventQueue-PipelineActionsForPipelineActionHandler] ERROR pipeline.PipelineActionHandler (PipelineActionHandler.java:onMessage(60)) - Received pipeline action CLOSE for Pipeline[ Id: 5b0ab5b7-fd4e-417a-8ec4-dd12d3ba22f1, Nodes: 319da950-6258-4a15-a10a-9ff19688a457{ip: 192.168.151.72, host: pr-hdds-2137-trunk-f8w4d-2934045284, networkLocation: /default-rack, certSerialId: null}18c72976-30e0-4eea-a5a6-85bddbc481ac{ip: 192.168.151.72, host: pr-hdds-2137-trunk-f8w4d-2934045284, networkLocation: /default-rack, certSerialId: null}78eb98d0-10ad-403d-ab68-3e803fb8ec72{ip: 192.168.151.72, host: pr-hdds-2137-trunk-f8w4d-2934045284, networkLocation: /default-rack, certSerialId: null}, Type:RATIS, Factor:THREE, State:CLOSED] from datanode 18c72976-30e0-4eea-a5a6-85bddbc481ac{ip: 192.168.151.72, host: pr-hdds-2137-trunk-f8w4d-2934045284, networkLocation: /default-rack, certSerialId: null}. Reason : 18c72976-30e0-4eea-a5a6-85bddbc481ac has not seen follower/s 78eb98d0-10ad-403d-ab68-3e803fb8ec72 for 139776ms 319da950-6258-4a15-a10a-9ff19688a457 for 139773ms
2019-09-17 15:20:04,906 [EventQueue-PipelineActionsForPipelineActionHandler] INFO  pipeline.SCMPipelineManager (SCMPipelineManager.java:finalizeAndDestroyPipeline(311)) - destroying pipeline:Pipeline[ Id: 5b0ab5b7-fd4e-417a-8ec4-dd12d3ba22f1, Nodes: 319da950-6258-4a15-a10a-9ff19688a457{ip: 192.168.151.72, host: pr-hdds-2137-trunk-f8w4d-2934045284, networkLocation: /default-rack, certSerialId: null}18c72976-30e0-4eea-a5a6-85bddbc481ac{ip: 192.168.151.72, host: pr-hdds-2137-trunk-f8w4d-2934045284, networkLocation: /default-rack, certSerialId: null}78eb98d0-10ad-403d-ab68-3e803fb8ec72{ip: 192.168.151.72, host: pr-hdds-2137-trunk-f8w4d-2934045284, networkLocation: /default-rack, certSerialId: null}, Type:RATIS, Factor:THREE, State:CLOSED]
2019-09-17 15:20:04,913 [java.util.concurrent.ThreadPoolExecutor$Worker@35550b30[State = -1, empty queue]] WARN  server.GrpcLogAppender (GrpcLogAppender.java:timeoutAppendRequest(200)) - 18c72976-30e0-4eea-a5a6-85bddbc481ac@group-DD12D3BA22F1->78eb98d0-10ad-403d-ab68-3e803fb8ec72-GrpcLogAppender: appendEntries Timeout, request=18c72976-30e0-4eea-a5a6-85bddbc481ac->78eb98d0-10ad-403d-ab68-3e803fb8ec72#66-t1, previous=(t:1, i:11), leaderCommit=4, initializing? false, entries: <empty>
2019-09-17 15:20:04,913 [java.util.concurrent.ThreadPoolExecutor$Worker@75d7222c[State = -1, empty queue]] WARN  server.GrpcLogAppender (GrpcLogAppender.java:timeoutAppendRequest(200)) - 18c72976-30e0-4eea-a5a6-85bddbc481ac@group-DD12D3BA22F1->319da950-6258-4a15-a10a-9ff19688a457-GrpcLogAppender: appendEntries Timeout, request=18c72976-30e0-4eea-a5a6-85bddbc481ac->319da950-6258-4a15-a10a-9ff19688a457#66-t1, previous=(t:1, i:11), leaderCommit=4, initializing? false, entries: <empty>
2019-09-17 15:20:06,091 [grpc-default-executor-4] INFO  client.GrpcClientProtocolClient (GrpcClientProtocolClient.java:onNext(264)) - client-C0CF9D0615A1->78eb98d0-10ad-403d-ab68-3e803fb8ec72: receive RaftClientReply:client-C0CF9D0615A1->78eb98d0-10ad-403d-ab68-3e803fb8ec72@group-DD12D3BA22F1, cid=50, FAILED org.apache.ratis.protocol.NotLeaderException: Server 78eb98d0-10ad-403d-ab68-3e803fb8ec72@group-DD12D3BA22F1 is not the leader 18c72976-30e0-4eea-a5a6-85bddbc481ac:192.168.151.72:46844, logIndex=0, commits[78eb98d0-10ad-403d-ab68-3e803fb8ec72:c4, 18c72976-30e0-4eea-a5a6-85bddbc481ac:c4, 319da950-6258-4a15-a10a-9ff19688a457:c3]
2019-09-17 15:20:06,915 [org.apache.ratis.server.impl.LogAppender$AppenderDaemon$$Lambda$498/908641698@56f49d7] ERROR ratis.XceiverServerRatis (XceiverServerRatis.java:triggerPipelineClose(575)) - pipeline Action CLOSE  on pipeline PipelineID=5b0ab5b7-fd4e-417a-8ec4-dd12d3ba22f1.Reason : 18c72976-30e0-4eea-a5a6-85bddbc481ac has not seen follower/s 78eb98d0-10ad-403d-ab68-3e803fb8ec72 for 142277ms 319da950-6258-4a15-a10a-9ff19688a457 for 142275ms
2019-09-17 15:20:06,915 [org.apache.ratis.server.impl.LogAppender$AppenderDaemon$$Lambda$498/908641698@d63bfbc] ERROR ratis.XceiverServerRatis (XceiverServerRatis.java:triggerPipelineClose(575)) - pipeline Action CLOSE  on pipeline PipelineID=5b0ab5b7-fd4e-417a-8ec4-dd12d3ba22f1.Reason : 18c72976-30e0-4eea-a5a6-85bddbc481ac has not seen follower/s 78eb98d0-10ad-403d-ab68-3e803fb8ec72 for 142277ms 319da950-6258-4a15-a10a-9ff19688a457 for 142275ms
2019-09-17 15:20:07,414 [java.util.concurrent.ThreadPoolExecutor$Worker@75d7222c[State = -1, empty queue]] WARN  server.GrpcLogAppender (GrpcLogAppender.java:timeoutAppendRequest(200)) - 18c72976-30e0-4eea-a5a6-85bddbc481ac@group-DD12D3BA22F1->319da950-6258-4a15-a10a-9ff19688a457-GrpcLogAppender: appendEntries Timeout, request=18c72976-30e0-4eea-a5a6-85bddbc481ac->319da950-6258-4a15-a10a-9ff19688a457#67-t1, previous=(t:1, i:11), leaderCommit=4, initializing? false, entries: <empty>
2019-09-17 15:20:07,414 [java.util.concurrent.ThreadPoolExecutor$Worker@35550b30[State = -1, empty queue]] WARN  server.GrpcLogAppender (GrpcLogAppender.java:timeoutAppendRequest(200)) - 18c72976-30e0-4eea-a5a6-85bddbc481ac@group-DD12D3BA22F1->78eb98d0-10ad-403d-ab68-3e803fb8ec72-GrpcLogAppender: appendEntries Timeout, request=18c72976-30e0-4eea-a5a6-85bddbc481ac->78eb98d0-10ad-403d-ab68-3e803fb8ec72#67-t1, previous=(t:1, i:11), leaderCommit=4, initializing? false, entries: <empty>
2019-09-17 15:20:07,907 [EventQueue-PipelineActionsForPipelineActionHandler] ERROR pipeline.PipelineActionHandler (PipelineActionHandler.java:onMessage(60)) - Received pipeline action CLOSE for Pipeline[ Id: 5b0ab5b7-fd4e-417a-8ec4-dd12d3ba22f1, Nodes: 319da950-6258-4a15-a10a-9ff19688a457{ip: 192.168.151.72, host: pr-hdds-2137-trunk-f8w4d-2934045284, networkLocation: /default-rack, certSerialId: null}18c72976-30e0-4eea-a5a6-85bddbc481ac{ip: 192.168.151.72, host: pr-hdds-2137-trunk-f8w4d-2934045284, networkLocation: /default-rack, certSerialId: null}78eb98d0-10ad-403d-ab68-3e803fb8ec72{ip: 192.168.151.72, host: pr-hdds-2137-trunk-f8w4d-2934045284, networkLocation: /default-rack, certSerialId: null}, Type:RATIS, Factor:THREE, State:CLOSED] from datanode 18c72976-30e0-4eea-a5a6-85bddbc481ac{ip: 192.168.151.72, host: pr-hdds-2137-trunk-f8w4d-2934045284, networkLocation: /default-rack, certSerialId: null}. Reason : 18c72976-30e0-4eea-a5a6-85bddbc481ac has not seen follower/s 78eb98d0-10ad-403d-ab68-3e803fb8ec72 for 142277ms 319da950-6258-4a15-a10a-9ff19688a457 for 142275ms
2019-09-17 15:20:07,907 [EventQueue-PipelineActionsForPipelineActionHandler] INFO  pipeline.SCMPipelineManager (SCMPipelineManager.java:finalizeAndDestroyPipeline(311)) - destroying pipeline:Pipeline[ Id: 5b0ab5b7-fd4e-417a-8ec4-dd12d3ba22f1, Nodes: 319da950-6258-4a15-a10a-9ff19688a457{ip: 192.168.151.72, host: pr-hdds-2137-trunk-f8w4d-2934045284, networkLocation: /default-rack, certSerialId: null}18c72976-30e0-4eea-a5a6-85bddbc481ac{ip: 192.168.151.72, host: pr-hdds-2137-trunk-f8w4d-2934045284, networkLocation: /default-rack, certSerialId: null}78eb98d0-10ad-403d-ab68-3e803fb8ec72{ip: 192.168.151.72, host: pr-hdds-2137-trunk-f8w4d-2934045284, networkLocation: /default-rack, certSerialId: null}, Type:RATIS, Factor:THREE, State:CLOSED]
2019-09-17 15:20:09,417 [org.apache.ratis.server.impl.LogAppender$AppenderDaemon$$Lambda$498/908641698@d63bfbc] ERROR ratis.XceiverServerRatis (XceiverServerRatis.java:triggerPipelineClose(575)) - pipeline Action CLOSE  on pipeline PipelineID=5b0ab5b7-fd4e-417a-8ec4-dd12d3ba22f1.Reason : 18c72976-30e0-4eea-a5a6-85bddbc481ac has not seen follower/s 78eb98d0-10ad-403d-ab68-3e803fb8ec72 for 144779ms 319da950-6258-4a15-a10a-9ff19688a457 for 144776ms
2019-09-17 15:20:09,417 [org.apache.ratis.server.impl.LogAppender$AppenderDaemon$$Lambda$498/908641698@56f49d7] ERROR ratis.XceiverServerRatis (XceiverServerRatis.java:triggerPipelineClose(575)) - pipeline Action CLOSE  on pipeline PipelineID=5b0ab5b7-fd4e-417a-8ec4-dd12d3ba22f1.Reason : 18c72976-30e0-4eea-a5a6-85bddbc481ac has not seen follower/s 78eb98d0-10ad-403d-ab68-3e803fb8ec72 for 144779ms 319da950-6258-4a15-a10a-9ff19688a457 for 144776ms
2019-09-17 15:20:09,907 [EventQueue-PipelineActionsForPipelineActionHandler] ERROR pipeline.PipelineActionHandler (PipelineActionHandler.java:onMessage(60)) - Received pipeline action CLOSE for Pipeline[ Id: 5b0ab5b7-fd4e-417a-8ec4-dd12d3ba22f1, Nodes: 319da950-6258-4a15-a10a-9ff19688a457{ip: 192.168.151.72, host: pr-hdds-2137-trunk-f8w4d-2934045284, networkLocation: /default-rack, certSerialId: null}18c72976-30e0-4eea-a5a6-85bddbc481ac{ip: 192.168.151.72, host: pr-hdds-2137-trunk-f8w4d-2934045284, networkLocation: /default-rack, certSerialId: null}78eb98d0-10ad-403d-ab68-3e803fb8ec72{ip: 192.168.151.72, host: pr-hdds-2137-trunk-f8w4d-2934045284, networkLocation: /default-rack, certSerialId: null}, Type:RATIS, Factor:THREE, State:CLOSED] from datanode 18c72976-30e0-4eea-a5a6-85bddbc481ac{ip: 192.168.151.72, host: pr-hdds-2137-trunk-f8w4d-2934045284, networkLocation: /default-rack, certSerialId: null}. Reason : 18c72976-30e0-4eea-a5a6-85bddbc481ac has not seen follower/s 78eb98d0-10ad-403d-ab68-3e803fb8ec72 for 144779ms 319da950-6258-4a15-a10a-9ff19688a457 for 144776ms
2019-09-17 15:20:09,907 [EventQueue-PipelineActionsForPipelineActionHandler] INFO  pipeline.SCMPipelineManager (SCMPipelineManager.java:finalizeAndDestroyPipeline(311)) - destroying pipeline:Pipeline[ Id: 5b0ab5b7-fd4e-417a-8ec4-dd12d3ba22f1, Nodes: 319da950-6258-4a15-a10a-9ff19688a457{ip: 192.168.151.72, host: pr-hdds-2137-trunk-f8w4d-2934045284, networkLocation: /default-rack, certSerialId: null}18c72976-30e0-4eea-a5a6-85bddbc481ac{ip: 192.168.151.72, host: pr-hdds-2137-trunk-f8w4d-2934045284, networkLocation: /default-rack, certSerialId: null}78eb98d0-10ad-403d-ab68-3e803fb8ec72{ip: 192.168.151.72, host: pr-hdds-2137-trunk-f8w4d-2934045284, networkLocation: /default-rack, certSerialId: null}, Type:RATIS, Factor:THREE, State:CLOSED]
2019-09-17 15:20:09,915 [java.util.concurrent.ThreadPoolExecutor$Worker@75d7222c[State = -1, empty queue]] WARN  server.GrpcLogAppender (GrpcLogAppender.java:timeoutAppendRequest(200)) - 18c72976-30e0-4eea-a5a6-85bddbc481ac@group-DD12D3BA22F1->319da950-6258-4a15-a10a-9ff19688a457-GrpcLogAppender: appendEntries Timeout, request=18c72976-30e0-4eea-a5a6-85bddbc481ac->319da950-6258-4a15-a10a-9ff19688a457#68-t1, previous=(t:1, i:11), leaderCommit=4, initializing? false, entries: <empty>
2019-09-17 15:20:09,915 [java.util.concurrent.ThreadPoolExecutor$Worker@35550b30[State = -1, empty queue]] WARN  server.GrpcLogAppender (GrpcLogAppender.java:timeoutAppendRequest(200)) - 18c72976-30e0-4eea-a5a6-85bddbc481ac@group-DD12D3BA22F1->78eb98d0-10ad-403d-ab68-3e803fb8ec72-GrpcLogAppender: appendEntries Timeout, request=18c72976-30e0-4eea-a5a6-85bddbc481ac->78eb98d0-10ad-403d-ab68-3e803fb8ec72#68-t1, previous=(t:1, i:11), leaderCommit=4, initializing? false, entries: <empty>
2019-09-17 15:20:11,169 [grpc-default-executor-6] INFO  client.GrpcClientProtocolClient (GrpcClientProtocolClient.java:onNext(264)) - client-C0CF9D0615A1->319da950-6258-4a15-a10a-9ff19688a457: receive RaftClientReply:client-C0CF9D0615A1->319da950-6258-4a15-a10a-9ff19688a457@group-DD12D3BA22F1, cid=50, FAILED org.apache.ratis.protocol.NotLeaderException: Server 319da950-6258-4a15-a10a-9ff19688a457@group-DD12D3BA22F1 is not the leader 18c72976-30e0-4eea-a5a6-85bddbc481ac:192.168.151.72:46844, logIndex=0, commits[319da950-6258-4a15-a10a-9ff19688a457:c4, 18c72976-30e0-4eea-a5a6-85bddbc481ac:c4, 78eb98d0-10ad-403d-ab68-3e803fb8ec72:c3]
2019-09-17 15:20:11,918 [org.apache.ratis.server.impl.LogAppender$AppenderDaemon$$Lambda$498/908641698@56f49d7] ERROR ratis.XceiverServerRatis (XceiverServerRatis.java:triggerPipelineClose(575)) - pipeline Action CLOSE  on pipeline PipelineID=5b0ab5b7-fd4e-417a-8ec4-dd12d3ba22f1.Reason : 18c72976-30e0-4eea-a5a6-85bddbc481ac has not seen follower/s 78eb98d0-10ad-403d-ab68-3e803fb8ec72 for 147280ms 319da950-6258-4a15-a10a-9ff19688a457 for 147277ms
2019-09-17 15:20:11,918 [org.apache.ratis.server.impl.LogAppender$AppenderDaemon$$Lambda$498/908641698@d63bfbc] ERROR ratis.XceiverServerRatis (XceiverServerRatis.java:triggerPipelineClose(575)) - pipeline Action CLOSE  on pipeline PipelineID=5b0ab5b7-fd4e-417a-8ec4-dd12d3ba22f1.Reason : 18c72976-30e0-4eea-a5a6-85bddbc481ac has not seen follower/s 78eb98d0-10ad-403d-ab68-3e803fb8ec72 for 147280ms 319da950-6258-4a15-a10a-9ff19688a457 for 147277ms
2019-09-17 15:20:12,416 [java.util.concurrent.ThreadPoolExecutor$Worker@35550b30[State = -1, empty queue]] WARN  server.GrpcLogAppender (GrpcLogAppender.java:timeoutAppendRequest(200)) - 18c72976-30e0-4eea-a5a6-85bddbc481ac@group-DD12D3BA22F1->78eb98d0-10ad-403d-ab68-3e803fb8ec72-GrpcLogAppender: appendEntries Timeout, request=18c72976-30e0-4eea-a5a6-85bddbc481ac->78eb98d0-10ad-403d-ab68-3e803fb8ec72#69-t1, previous=(t:1, i:11), leaderCommit=4, initializing? false, entries: <empty>
2019-09-17 15:20:12,416 [java.util.concurrent.ThreadPoolExecutor$Worker@75d7222c[State = -1, empty queue]] WARN  server.GrpcLogAppender (GrpcLogAppender.java:timeoutAppendRequest(200)) - 18c72976-30e0-4eea-a5a6-85bddbc481ac@group-DD12D3BA22F1->319da950-6258-4a15-a10a-9ff19688a457-GrpcLogAppender: appendEntries Timeout, request=18c72976-30e0-4eea-a5a6-85bddbc481ac->319da950-6258-4a15-a10a-9ff19688a457#69-t1, previous=(t:1, i:11), leaderCommit=4, initializing? false, entries: <empty>
2019-09-17 15:20:12,908 [EventQueue-PipelineActionsForPipelineActionHandler] ERROR pipeline.PipelineActionHandler (PipelineActionHandler.java:onMessage(60)) - Received pipeline action CLOSE for Pipeline[ Id: 5b0ab5b7-fd4e-417a-8ec4-dd12d3ba22f1, Nodes: 319da950-6258-4a15-a10a-9ff19688a457{ip: 192.168.151.72, host: pr-hdds-2137-trunk-f8w4d-2934045284, networkLocation: /default-rack, certSerialId: null}18c72976-30e0-4eea-a5a6-85bddbc481ac{ip: 192.168.151.72, host: pr-hdds-2137-trunk-f8w4d-2934045284, networkLocation: /default-rack, certSerialId: null}78eb98d0-10ad-403d-ab68-3e803fb8ec72{ip: 192.168.151.72, host: pr-hdds-2137-trunk-f8w4d-2934045284, networkLocation: /default-rack, certSerialId: null}, Type:RATIS, Factor:THREE, State:CLOSED] from datanode 18c72976-30e0-4eea-a5a6-85bddbc481ac{ip: 192.168.151.72, host: pr-hdds-2137-trunk-f8w4d-2934045284, networkLocation: /default-rack, certSerialId: null}. Reason : 18c72976-30e0-4eea-a5a6-85bddbc481ac has not seen follower/s 78eb98d0-10ad-403d-ab68-3e803fb8ec72 for 147280ms 319da950-6258-4a15-a10a-9ff19688a457 for 147277ms
2019-09-17 15:20:12,908 [EventQueue-PipelineActionsForPipelineActionHandler] INFO  pipeline.SCMPipelineManager (SCMPipelineManager.java:finalizeAndDestroyPipeline(311)) - destroying pipeline:Pipeline[ Id: 5b0ab5b7-fd4e-417a-8ec4-dd12d3ba22f1, Nodes: 319da950-6258-4a15-a10a-9ff19688a457{ip: 192.168.151.72, host: pr-hdds-2137-trunk-f8w4d-2934045284, networkLocation: /default-rack, certSerialId: null}18c72976-30e0-4eea-a5a6-85bddbc481ac{ip: 192.168.151.72, host: pr-hdds-2137-trunk-f8w4d-2934045284, networkLocation: /default-rack, certSerialId: null}78eb98d0-10ad-403d-ab68-3e803fb8ec72{ip: 192.168.151.72, host: pr-hdds-2137-trunk-f8w4d-2934045284, networkLocation: /default-rack, certSerialId: null}, Type:RATIS, Factor:THREE, State:CLOSED]
2019-09-17 15:20:14,419 [org.apache.ratis.server.impl.LogAppender$AppenderDaemon$$Lambda$498/908641698@d63bfbc] ERROR ratis.XceiverServerRatis (XceiverServerRatis.java:triggerPipelineClose(575)) - pipeline Action CLOSE  on pipeline PipelineID=5b0ab5b7-fd4e-417a-8ec4-dd12d3ba22f1.Reason : 18c72976-30e0-4eea-a5a6-85bddbc481ac has not seen follower/s 78eb98d0-10ad-403d-ab68-3e803fb8ec72 for 149781ms 319da950-6258-4a15-a10a-9ff19688a457 for 149778ms
2019-09-17 15:20:14,419 [org.apache.ratis.server.impl.LogAppender$AppenderDaemon$$Lambda$498/908641698@56f49d7] ERROR ratis.XceiverServerRatis (XceiverServerRatis.java:triggerPipelineClose(575)) - pipeline Action CLOSE  on pipeline PipelineID=5b0ab5b7-fd4e-417a-8ec4-dd12d3ba22f1.Reason : 18c72976-30e0-4eea-a5a6-85bddbc481ac has not seen follower/s 78eb98d0-10ad-403d-ab68-3e803fb8ec72 for 149781ms 319da950-6258-4a15-a10a-9ff19688a457 for 149778ms
2019-09-17 15:20:14,749 [78eb98d0-10ad-403d-ab68-3e803fb8ec72@group-DD12D3BA22F1-SegmentedRaftLogWorker] WARN  segmented.SegmentedRaftLogWorker (SegmentedRaftLogWorker.java:getFromFuture(90)) - Timeout 14/~
org.apache.ratis.protocol.TimeoutIOException: Timeout 10s: WriteLog:5: (t:1, i:5), STATEMACHINELOGENTRY, client-C0CF9D0615A1, cid=50-writeStateMachineData
	at org.apache.ratis.util.IOUtils.getFromFuture(IOUtils.java:87)
	at org.apache.ratis.server.raftlog.segmented.SegmentedRaftLogWorker$StateMachineDataPolicy.getFromFuture(SegmentedRaftLogWorker.java:87)
	at org.apache.ratis.server.raftlog.segmented.SegmentedRaftLogWorker$WriteLog.execute(SegmentedRaftLogWorker.java:477)
	at org.apache.ratis.server.raftlog.segmented.SegmentedRaftLogWorker.run(SegmentedRaftLogWorker.java:289)
	at java.lang.Thread.run(Thread.java:748)
Caused by: java.util.concurrent.TimeoutException
	at java.util.concurrent.CompletableFuture.timedGet(CompletableFuture.java:1771)
	at java.util.concurrent.CompletableFuture.get(CompletableFuture.java:1915)
	at org.apache.ratis.util.IOUtils.getFromFuture(IOUtils.java:79)
	... 4 more
2019-09-17 15:20:14,813 [18c72976-30e0-4eea-a5a6-85bddbc481ac@group-DD12D3BA22F1-SegmentedRaftLogWorker] WARN  segmented.SegmentedRaftLogWorker (SegmentedRaftLogWorker.java:getFromFuture(90)) - Timeout 14/~
org.apache.ratis.protocol.TimeoutIOException: Timeout 10s: WriteLog:6: (t:1, i:6), STATEMACHINELOGENTRY, client-C0CF9D0615A1, cid=51-writeStateMachineData
	at org.apache.ratis.util.IOUtils.getFromFuture(IOUtils.java:87)
	at org.apache.ratis.server.raftlog.segmented.SegmentedRaftLogWorker$StateMachineDataPolicy.getFromFuture(SegmentedRaftLogWorker.java:87)
	at org.apache.ratis.server.raftlog.segmented.SegmentedRaftLogWorker$WriteLog.execute(SegmentedRaftLogWorker.java:477)
	at org.apache.ratis.server.raftlog.segmented.SegmentedRaftLogWorker.run(SegmentedRaftLogWorker.java:289)
	at java.lang.Thread.run(Thread.java:748)
Caused by: java.util.concurrent.TimeoutException
	at java.util.concurrent.CompletableFuture.timedGet(CompletableFuture.java:1771)
	at java.util.concurrent.CompletableFuture.get(CompletableFuture.java:1915)
	at org.apache.ratis.util.IOUtils.getFromFuture(IOUtils.java:79)
	... 4 more
2019-09-17 15:20:14,815 [319da950-6258-4a15-a10a-9ff19688a457@group-DD12D3BA22F1-SegmentedRaftLogWorker] WARN  segmented.SegmentedRaftLogWorker (SegmentedRaftLogWorker.java:getFromFuture(90)) - Timeout 14/~
org.apache.ratis.protocol.TimeoutIOException: Timeout 10s: WriteLog:8: (t:1, i:8), STATEMACHINELOGENTRY, client-C0CF9D0615A1, cid=53-writeStateMachineData
	at org.apache.ratis.util.IOUtils.getFromFuture(IOUtils.java:87)
	at org.apache.ratis.server.raftlog.segmented.SegmentedRaftLogWorker$StateMachineDataPolicy.getFromFuture(SegmentedRaftLogWorker.java:87)
	at org.apache.ratis.server.raftlog.segmented.SegmentedRaftLogWorker$WriteLog.execute(SegmentedRaftLogWorker.java:477)
	at org.apache.ratis.server.raftlog.segmented.SegmentedRaftLogWorker.run(SegmentedRaftLogWorker.java:289)
	at java.lang.Thread.run(Thread.java:748)
Caused by: java.util.concurrent.TimeoutException
	at java.util.concurrent.CompletableFuture.timedGet(CompletableFuture.java:1771)
	at java.util.concurrent.CompletableFuture.get(CompletableFuture.java:1915)
	at org.apache.ratis.util.IOUtils.getFromFuture(IOUtils.java:79)
	... 4 more
2019-09-17 15:20:14,910 [EventQueue-PipelineActionsForPipelineActionHandler] ERROR pipeline.PipelineActionHandler (PipelineActionHandler.java:onMessage(60)) - Received pipeline action CLOSE for Pipeline[ Id: 5b0ab5b7-fd4e-417a-8ec4-dd12d3ba22f1, Nodes: 319da950-6258-4a15-a10a-9ff19688a457{ip: 192.168.151.72, host: pr-hdds-2137-trunk-f8w4d-2934045284, networkLocation: /default-rack, certSerialId: null}18c72976-30e0-4eea-a5a6-85bddbc481ac{ip: 192.168.151.72, host: pr-hdds-2137-trunk-f8w4d-2934045284, networkLocation: /default-rack, certSerialId: null}78eb98d0-10ad-403d-ab68-3e803fb8ec72{ip: 192.168.151.72, host: pr-hdds-2137-trunk-f8w4d-2934045284, networkLocation: /default-rack, certSerialId: null}, Type:RATIS, Factor:THREE, State:CLOSED] from datanode 18c72976-30e0-4eea-a5a6-85bddbc481ac{ip: 192.168.151.72, host: pr-hdds-2137-trunk-f8w4d-2934045284, networkLocation: /default-rack, certSerialId: null}. Reason : 18c72976-30e0-4eea-a5a6-85bddbc481ac has not seen follower/s 78eb98d0-10ad-403d-ab68-3e803fb8ec72 for 149781ms 319da950-6258-4a15-a10a-9ff19688a457 for 149778ms
2019-09-17 15:20:14,910 [EventQueue-PipelineActionsForPipelineActionHandler] INFO  pipeline.SCMPipelineManager (SCMPipelineManager.java:finalizeAndDestroyPipeline(311)) - destroying pipeline:Pipeline[ Id: 5b0ab5b7-fd4e-417a-8ec4-dd12d3ba22f1, Nodes: 319da950-6258-4a15-a10a-9ff19688a457{ip: 192.168.151.72, host: pr-hdds-2137-trunk-f8w4d-2934045284, networkLocation: /default-rack, certSerialId: null}18c72976-30e0-4eea-a5a6-85bddbc481ac{ip: 192.168.151.72, host: pr-hdds-2137-trunk-f8w4d-2934045284, networkLocation: /default-rack, certSerialId: null}78eb98d0-10ad-403d-ab68-3e803fb8ec72{ip: 192.168.151.72, host: pr-hdds-2137-trunk-f8w4d-2934045284, networkLocation: /default-rack, certSerialId: null}, Type:RATIS, Factor:THREE, State:CLOSED]
2019-09-17 15:20:14,918 [java.util.concurrent.ThreadPoolExecutor$Worker@75d7222c[State = -1, empty queue]] WARN  server.GrpcLogAppender (GrpcLogAppender.java:timeoutAppendRequest(200)) - 18c72976-30e0-4eea-a5a6-85bddbc481ac@group-DD12D3BA22F1->319da950-6258-4a15-a10a-9ff19688a457-GrpcLogAppender: appendEntries Timeout, request=18c72976-30e0-4eea-a5a6-85bddbc481ac->319da950-6258-4a15-a10a-9ff19688a457#70-t1, previous=(t:1, i:11), leaderCommit=4, initializing? false, entries: <empty>
2019-09-17 15:20:14,918 [java.util.concurrent.ThreadPoolExecutor$Worker@35550b30[State = -1, empty queue]] WARN  server.GrpcLogAppender (GrpcLogAppender.java:timeoutAppendRequest(200)) - 18c72976-30e0-4eea-a5a6-85bddbc481ac@group-DD12D3BA22F1->78eb98d0-10ad-403d-ab68-3e803fb8ec72-GrpcLogAppender: appendEntries Timeout, request=18c72976-30e0-4eea-a5a6-85bddbc481ac->78eb98d0-10ad-403d-ab68-3e803fb8ec72#70-t1, previous=(t:1, i:11), leaderCommit=4, initializing? false, entries: <empty>
2019-09-17 15:20:16,226 [grpc-default-executor-6] INFO  client.GrpcClientProtocolClient (GrpcClientProtocolClient.java:onNext(264)) - client-C0CF9D0615A1->319da950-6258-4a15-a10a-9ff19688a457: receive RaftClientReply:client-C0CF9D0615A1->319da950-6258-4a15-a10a-9ff19688a457@group-DD12D3BA22F1, cid=50, FAILED org.apache.ratis.protocol.NotLeaderException: Server 319da950-6258-4a15-a10a-9ff19688a457@group-DD12D3BA22F1 is not the leader 18c72976-30e0-4eea-a5a6-85bddbc481ac:192.168.151.72:46844, logIndex=0, commits[319da950-6258-4a15-a10a-9ff19688a457:c4, 18c72976-30e0-4eea-a5a6-85bddbc481ac:c4, 78eb98d0-10ad-403d-ab68-3e803fb8ec72:c3]
2019-09-17 15:20:16,920 [org.apache.ratis.server.impl.LogAppender$AppenderDaemon$$Lambda$498/908641698@56f49d7] ERROR ratis.XceiverServerRatis (XceiverServerRatis.java:triggerPipelineClose(575)) - pipeline Action CLOSE  on pipeline PipelineID=5b0ab5b7-fd4e-417a-8ec4-dd12d3ba22f1.Reason : 18c72976-30e0-4eea-a5a6-85bddbc481ac has not seen follower/s 78eb98d0-10ad-403d-ab68-3e803fb8ec72 for 152282ms 319da950-6258-4a15-a10a-9ff19688a457 for 152280ms
2019-09-17 15:20:16,920 [org.apache.ratis.server.impl.LogAppender$AppenderDaemon$$Lambda$498/908641698@d63bfbc] ERROR ratis.XceiverServerRatis (XceiverServerRatis.java:triggerPipelineClose(575)) - pipeline Action CLOSE  on pipeline PipelineID=5b0ab5b7-fd4e-417a-8ec4-dd12d3ba22f1.Reason : 18c72976-30e0-4eea-a5a6-85bddbc481ac has not seen follower/s 78eb98d0-10ad-403d-ab68-3e803fb8ec72 for 152282ms 319da950-6258-4a15-a10a-9ff19688a457 for 152280ms
2019-09-17 15:20:17,419 [java.util.concurrent.ThreadPoolExecutor$Worker@75d7222c[State = -1, empty queue]] WARN  server.GrpcLogAppender (GrpcLogAppender.java:timeoutAppendRequest(200)) - 18c72976-30e0-4eea-a5a6-85bddbc481ac@group-DD12D3BA22F1->319da950-6258-4a15-a10a-9ff19688a457-GrpcLogAppender: appendEntries Timeout, request=18c72976-30e0-4eea-a5a6-85bddbc481ac->319da950-6258-4a15-a10a-9ff19688a457#71-t1, previous=(t:1, i:11), leaderCommit=4, initializing? false, entries: <empty>
2019-09-17 15:20:17,419 [java.util.concurrent.ThreadPoolExecutor$Worker@35550b30[State = -1, empty queue]] WARN  server.GrpcLogAppender (GrpcLogAppender.java:timeoutAppendRequest(200)) - 18c72976-30e0-4eea-a5a6-85bddbc481ac@group-DD12D3BA22F1->78eb98d0-10ad-403d-ab68-3e803fb8ec72-GrpcLogAppender: appendEntries Timeout, request=18c72976-30e0-4eea-a5a6-85bddbc481ac->78eb98d0-10ad-403d-ab68-3e803fb8ec72#71-t1, previous=(t:1, i:11), leaderCommit=4, initializing? false, entries: <empty>
2019-09-17 15:20:17,909 [EventQueue-PipelineActionsForPipelineActionHandler] ERROR pipeline.PipelineActionHandler (PipelineActionHandler.java:onMessage(60)) - Received pipeline action CLOSE for Pipeline[ Id: 5b0ab5b7-fd4e-417a-8ec4-dd12d3ba22f1, Nodes: 319da950-6258-4a15-a10a-9ff19688a457{ip: 192.168.151.72, host: pr-hdds-2137-trunk-f8w4d-2934045284, networkLocation: /default-rack, certSerialId: null}18c72976-30e0-4eea-a5a6-85bddbc481ac{ip: 192.168.151.72, host: pr-hdds-2137-trunk-f8w4d-2934045284, networkLocation: /default-rack, certSerialId: null}78eb98d0-10ad-403d-ab68-3e803fb8ec72{ip: 192.168.151.72, host: pr-hdds-2137-trunk-f8w4d-2934045284, networkLocation: /default-rack, certSerialId: null}, Type:RATIS, Factor:THREE, State:CLOSED] from datanode 18c72976-30e0-4eea-a5a6-85bddbc481ac{ip: 192.168.151.72, host: pr-hdds-2137-trunk-f8w4d-2934045284, networkLocation: /default-rack, certSerialId: null}. Reason : 18c72976-30e0-4eea-a5a6-85bddbc481ac has not seen follower/s 78eb98d0-10ad-403d-ab68-3e803fb8ec72 for 152282ms 319da950-6258-4a15-a10a-9ff19688a457 for 152280ms
2019-09-17 15:20:17,909 [EventQueue-PipelineActionsForPipelineActionHandler] INFO  pipeline.SCMPipelineManager (SCMPipelineManager.java:finalizeAndDestroyPipeline(311)) - destroying pipeline:Pipeline[ Id: 5b0ab5b7-fd4e-417a-8ec4-dd12d3ba22f1, Nodes: 319da950-6258-4a15-a10a-9ff19688a457{ip: 192.168.151.72, host: pr-hdds-2137-trunk-f8w4d-2934045284, networkLocation: /default-rack, certSerialId: null}18c72976-30e0-4eea-a5a6-85bddbc481ac{ip: 192.168.151.72, host: pr-hdds-2137-trunk-f8w4d-2934045284, networkLocation: /default-rack, certSerialId: null}78eb98d0-10ad-403d-ab68-3e803fb8ec72{ip: 192.168.151.72, host: pr-hdds-2137-trunk-f8w4d-2934045284, networkLocation: /default-rack, certSerialId: null}, Type:RATIS, Factor:THREE, State:CLOSED]
2019-09-17 15:20:19,354 [grpc-default-executor-4] INFO  impl.RaftServerProxy (RaftServerProxy.java:addNew(89)) - 319da950-6258-4a15-a10a-9ff19688a457: addNew group-6FCFCC8F5735:[18c72976-30e0-4eea-a5a6-85bddbc481ac:192.168.151.72:46844, 78eb98d0-10ad-403d-ab68-3e803fb8ec72:192.168.151.72:34014, 319da950-6258-4a15-a10a-9ff19688a457:192.168.151.72:45426] returns group-6FCFCC8F5735:java.util.concurrent.CompletableFuture@762d09c[Not completed]
2019-09-17 15:20:19,354 [grpc-default-executor-8] INFO  impl.RaftServerProxy (RaftServerProxy.java:addNew(89)) - 18c72976-30e0-4eea-a5a6-85bddbc481ac: addNew group-6FCFCC8F5735:[18c72976-30e0-4eea-a5a6-85bddbc481ac:192.168.151.72:46844, 78eb98d0-10ad-403d-ab68-3e803fb8ec72:192.168.151.72:34014, 319da950-6258-4a15-a10a-9ff19688a457:192.168.151.72:45426] returns group-6FCFCC8F5735:java.util.concurrent.CompletableFuture@360001a8[Not completed]
2019-09-17 15:20:19,354 [grpc-default-executor-6] INFO  impl.RaftServerProxy (RaftServerProxy.java:addNew(89)) - 78eb98d0-10ad-403d-ab68-3e803fb8ec72: addNew group-6FCFCC8F5735:[18c72976-30e0-4eea-a5a6-85bddbc481ac:192.168.151.72:46844, 78eb98d0-10ad-403d-ab68-3e803fb8ec72:192.168.151.72:34014, 319da950-6258-4a15-a10a-9ff19688a457:192.168.151.72:45426] returns group-6FCFCC8F5735:java.util.concurrent.CompletableFuture@5f4edac4[Not completed]
2019-09-17 15:20:19,358 [pool-47-thread-1] INFO  impl.RaftServerImpl (RaftServerImpl.java:<init>(95)) - 78eb98d0-10ad-403d-ab68-3e803fb8ec72: new RaftServerImpl for group-6FCFCC8F5735:[18c72976-30e0-4eea-a5a6-85bddbc481ac:192.168.151.72:46844, 78eb98d0-10ad-403d-ab68-3e803fb8ec72:192.168.151.72:34014, 319da950-6258-4a15-a10a-9ff19688a457:192.168.151.72:45426] with ContainerStateMachine:uninitialized
2019-09-17 15:20:19,359 [pool-47-thread-1] INFO  server.RaftServerConfigKeys (ConfUtils.java:logGet(43)) - raft.server.rpc.timeout.min = 5s (custom)
2019-09-17 15:20:19,359 [pool-47-thread-1] INFO  server.RaftServerConfigKeys (ConfUtils.java:logGet(43)) - raft.server.rpc.timeout.max = 5200ms (custom)
2019-09-17 15:20:19,359 [pool-47-thread-1] INFO  server.RaftServerConfigKeys (ConfUtils.java:logGet(43)) - raft.server.rpcslowness.timeout = 120s (custom)
2019-09-17 15:20:19,359 [pool-47-thread-1] INFO  server.RaftServerConfigKeys (ConfUtils.java:logGet(43)) - raft.server.sleep.deviation.threshold = 300 (default)
2019-09-17 15:20:19,359 [pool-47-thread-1] INFO  server.RaftServerConfigKeys (ConfUtils.java:logGet(43)) - raft.server.log.appender.install.snapshot.enabled = false (custom)
2019-09-17 15:20:19,360 [pool-47-thread-1] INFO  impl.RaftServerImpl (ServerState.java:<init>(103)) - 78eb98d0-10ad-403d-ab68-3e803fb8ec72@group-6FCFCC8F5735: ConfigurationManager, init=-1: [18c72976-30e0-4eea-a5a6-85bddbc481ac:192.168.151.72:46844, 78eb98d0-10ad-403d-ab68-3e803fb8ec72:192.168.151.72:34014, 319da950-6258-4a15-a10a-9ff19688a457:192.168.151.72:45426], old=null, confs=<EMPTY_MAP>
2019-09-17 15:20:19,360 [pool-57-thread-1] INFO  impl.RaftServerImpl (RaftServerImpl.java:<init>(95)) - 18c72976-30e0-4eea-a5a6-85bddbc481ac: new RaftServerImpl for group-6FCFCC8F5735:[18c72976-30e0-4eea-a5a6-85bddbc481ac:192.168.151.72:46844, 78eb98d0-10ad-403d-ab68-3e803fb8ec72:192.168.151.72:34014, 319da950-6258-4a15-a10a-9ff19688a457:192.168.151.72:45426] with ContainerStateMachine:uninitialized
2019-09-17 15:20:19,360 [pool-57-thread-1] INFO  server.RaftServerConfigKeys (ConfUtils.java:logGet(43)) - raft.server.rpc.timeout.min = 5s (custom)
2019-09-17 15:20:19,360 [pool-47-thread-1] INFO  server.RaftServerConfigKeys (ConfUtils.java:logGet(43)) - raft.server.storage.dir = [/workdir/hadoop-ozone/integration-test/target/test-dir/MiniOzoneClusterImpl-346716be-7c53-4c7f-8ad1-9ba23c6a7b4d/datanode-2/data/ratis] (custom)
2019-09-17 15:20:19,360 [pool-57-thread-1] INFO  server.RaftServerConfigKeys (ConfUtils.java:logGet(43)) - raft.server.rpc.timeout.max = 5200ms (custom)
2019-09-17 15:20:19,361 [pool-57-thread-1] INFO  server.RaftServerConfigKeys (ConfUtils.java:logGet(43)) - raft.server.rpcslowness.timeout = 120s (custom)
2019-09-17 15:20:19,361 [pool-57-thread-1] INFO  server.RaftServerConfigKeys (ConfUtils.java:logGet(43)) - raft.server.sleep.deviation.threshold = 300 (default)
2019-09-17 15:20:19,361 [pool-87-thread-1] INFO  impl.RaftServerImpl (RaftServerImpl.java:<init>(95)) - 319da950-6258-4a15-a10a-9ff19688a457: new RaftServerImpl for group-6FCFCC8F5735:[18c72976-30e0-4eea-a5a6-85bddbc481ac:192.168.151.72:46844, 78eb98d0-10ad-403d-ab68-3e803fb8ec72:192.168.151.72:34014, 319da950-6258-4a15-a10a-9ff19688a457:192.168.151.72:45426] with ContainerStateMachine:uninitialized
2019-09-17 15:20:19,361 [pool-47-thread-1] INFO  storage.RaftStorageDirectory (RaftStorageDirectory.java:analyzeStorage(246)) - The storage directory /workdir/hadoop-ozone/integration-test/target/test-dir/MiniOzoneClusterImpl-346716be-7c53-4c7f-8ad1-9ba23c6a7b4d/datanode-2/data/ratis/b7352104-ff62-4c09-833b-6fcfcc8f5735 does not exist. Creating ...
2019-09-17 15:20:19,361 [pool-57-thread-1] INFO  server.RaftServerConfigKeys (ConfUtils.java:logGet(43)) - raft.server.log.appender.install.snapshot.enabled = false (custom)
2019-09-17 15:20:19,361 [pool-87-thread-1] INFO  server.RaftServerConfigKeys (ConfUtils.java:logGet(43)) - raft.server.rpc.timeout.min = 5s (custom)
2019-09-17 15:20:19,361 [pool-57-thread-1] INFO  impl.RaftServerImpl (ServerState.java:<init>(103)) - 18c72976-30e0-4eea-a5a6-85bddbc481ac@group-6FCFCC8F5735: ConfigurationManager, init=-1: [18c72976-30e0-4eea-a5a6-85bddbc481ac:192.168.151.72:46844, 78eb98d0-10ad-403d-ab68-3e803fb8ec72:192.168.151.72:34014, 319da950-6258-4a15-a10a-9ff19688a457:192.168.151.72:45426], old=null, confs=<EMPTY_MAP>
2019-09-17 15:20:19,362 [pool-87-thread-1] INFO  server.RaftServerConfigKeys (ConfUtils.java:logGet(43)) - raft.server.rpc.timeout.max = 5200ms (custom)
2019-09-17 15:20:19,362 [pool-57-thread-1] INFO  server.RaftServerConfigKeys (ConfUtils.java:logGet(43)) - raft.server.storage.dir = [/workdir/hadoop-ozone/integration-test/target/test-dir/MiniOzoneClusterImpl-346716be-7c53-4c7f-8ad1-9ba23c6a7b4d/datanode-3/data/ratis] (custom)
2019-09-17 15:20:19,362 [pool-87-thread-1] INFO  server.RaftServerConfigKeys (ConfUtils.java:logGet(43)) - raft.server.rpcslowness.timeout = 120s (custom)
2019-09-17 15:20:19,362 [pool-87-thread-1] INFO  server.RaftServerConfigKeys (ConfUtils.java:logGet(43)) - raft.server.sleep.deviation.threshold = 300 (default)
2019-09-17 15:20:19,362 [pool-87-thread-1] INFO  server.RaftServerConfigKeys (ConfUtils.java:logGet(43)) - raft.server.log.appender.install.snapshot.enabled = false (custom)
2019-09-17 15:20:19,362 [pool-57-thread-1] INFO  storage.RaftStorageDirectory (RaftStorageDirectory.java:analyzeStorage(246)) - The storage directory /workdir/hadoop-ozone/integration-test/target/test-dir/MiniOzoneClusterImpl-346716be-7c53-4c7f-8ad1-9ba23c6a7b4d/datanode-3/data/ratis/b7352104-ff62-4c09-833b-6fcfcc8f5735 does not exist. Creating ...
2019-09-17 15:20:19,362 [pool-87-thread-1] INFO  impl.RaftServerImpl (ServerState.java:<init>(103)) - 319da950-6258-4a15-a10a-9ff19688a457@group-6FCFCC8F5735: ConfigurationManager, init=-1: [18c72976-30e0-4eea-a5a6-85bddbc481ac:192.168.151.72:46844, 78eb98d0-10ad-403d-ab68-3e803fb8ec72:192.168.151.72:34014, 319da950-6258-4a15-a10a-9ff19688a457:192.168.151.72:45426], old=null, confs=<EMPTY_MAP>
2019-09-17 15:20:19,363 [pool-87-thread-1] INFO  server.RaftServerConfigKeys (ConfUtils.java:logGet(43)) - raft.server.storage.dir = [/workdir/hadoop-ozone/integration-test/target/test-dir/MiniOzoneClusterImpl-346716be-7c53-4c7f-8ad1-9ba23c6a7b4d/datanode-6/data/ratis] (custom)
2019-09-17 15:20:19,363 [pool-87-thread-1] INFO  storage.RaftStorageDirectory (RaftStorageDirectory.java:analyzeStorage(246)) - The storage directory /workdir/hadoop-ozone/integration-test/target/test-dir/MiniOzoneClusterImpl-346716be-7c53-4c7f-8ad1-9ba23c6a7b4d/datanode-6/data/ratis/b7352104-ff62-4c09-833b-6fcfcc8f5735 does not exist. Creating ...
2019-09-17 15:20:19,375 [pool-47-thread-1] INFO  storage.RaftStorageDirectory (RaftStorageDirectory.java:tryLock(328)) - Lock on /workdir/hadoop-ozone/integration-test/target/test-dir/MiniOzoneClusterImpl-346716be-7c53-4c7f-8ad1-9ba23c6a7b4d/datanode-2/data/ratis/b7352104-ff62-4c09-833b-6fcfcc8f5735/in_use.lock acquired by nodename 30307@pr-hdds-2137-trunk-f8w4d-2934045284
2019-09-17 15:20:19,375 [pool-57-thread-1] INFO  storage.RaftStorageDirectory (RaftStorageDirectory.java:tryLock(328)) - Lock on /workdir/hadoop-ozone/integration-test/target/test-dir/MiniOzoneClusterImpl-346716be-7c53-4c7f-8ad1-9ba23c6a7b4d/datanode-3/data/ratis/b7352104-ff62-4c09-833b-6fcfcc8f5735/in_use.lock acquired by nodename 30307@pr-hdds-2137-trunk-f8w4d-2934045284
2019-09-17 15:20:19,375 [pool-87-thread-1] INFO  storage.RaftStorageDirectory (RaftStorageDirectory.java:tryLock(328)) - Lock on /workdir/hadoop-ozone/integration-test/target/test-dir/MiniOzoneClusterImpl-346716be-7c53-4c7f-8ad1-9ba23c6a7b4d/datanode-6/data/ratis/b7352104-ff62-4c09-833b-6fcfcc8f5735/in_use.lock acquired by nodename 30307@pr-hdds-2137-trunk-f8w4d-2934045284
2019-09-17 15:20:19,401 [pool-47-thread-1] INFO  storage.RaftStorage (RaftStorage.java:format(72)) - Storage directory /workdir/hadoop-ozone/integration-test/target/test-dir/MiniOzoneClusterImpl-346716be-7c53-4c7f-8ad1-9ba23c6a7b4d/datanode-2/data/ratis/b7352104-ff62-4c09-833b-6fcfcc8f5735 has been successfully formatted.
2019-09-17 15:20:19,401 [pool-87-thread-1] INFO  storage.RaftStorage (RaftStorage.java:format(72)) - Storage directory /workdir/hadoop-ozone/integration-test/target/test-dir/MiniOzoneClusterImpl-346716be-7c53-4c7f-8ad1-9ba23c6a7b4d/datanode-6/data/ratis/b7352104-ff62-4c09-833b-6fcfcc8f5735 has been successfully formatted.
2019-09-17 15:20:19,401 [pool-57-thread-1] INFO  storage.RaftStorage (RaftStorage.java:format(72)) - Storage directory /workdir/hadoop-ozone/integration-test/target/test-dir/MiniOzoneClusterImpl-346716be-7c53-4c7f-8ad1-9ba23c6a7b4d/datanode-3/data/ratis/b7352104-ff62-4c09-833b-6fcfcc8f5735 has been successfully formatted.
2019-09-17 15:20:19,401 [pool-47-thread-1] INFO  ratis.ContainerStateMachine (ContainerStateMachine.java:loadSnapshot(230)) - group-6FCFCC8F5735: The snapshot info is null. Setting the last applied indexto:(t:0, i:~)
2019-09-17 15:20:19,402 [pool-57-thread-1] INFO  ratis.ContainerStateMachine (ContainerStateMachine.java:loadSnapshot(230)) - group-6FCFCC8F5735: The snapshot info is null. Setting the last applied indexto:(t:0, i:~)
2019-09-17 15:20:19,401 [pool-87-thread-1] INFO  ratis.ContainerStateMachine (ContainerStateMachine.java:loadSnapshot(230)) - group-6FCFCC8F5735: The snapshot info is null. Setting the last applied indexto:(t:0, i:~)
2019-09-17 15:20:19,402 [pool-57-thread-1] INFO  server.RaftServerConfigKeys (ConfUtils.java:logGet(43)) - raft.server.notification.no-leader.timeout = 120s (custom)
2019-09-17 15:20:19,402 [pool-47-thread-1] INFO  server.RaftServerConfigKeys (ConfUtils.java:logGet(43)) - raft.server.notification.no-leader.timeout = 120s (custom)
2019-09-17 15:20:19,402 [pool-57-thread-1] INFO  server.RaftServerConfigKeys (ConfUtils.java:logGet(43)) - raft.server.log.use.memory = false (default)
2019-09-17 15:20:19,402 [pool-87-thread-1] INFO  server.RaftServerConfigKeys (ConfUtils.java:logGet(43)) - raft.server.notification.no-leader.timeout = 120s (custom)
2019-09-17 15:20:19,403 [pool-57-thread-1] INFO  server.RaftServerConfigKeys (ConfUtils.java:logGet(43)) - raft.server.log.purge.gap = 1000000 (custom)
2019-09-17 15:20:19,402 [pool-47-thread-1] INFO  server.RaftServerConfigKeys (ConfUtils.java:logGet(43)) - raft.server.log.use.memory = false (default)
2019-09-17 15:20:19,403 [pool-57-thread-1] INFO  server.RaftServerConfigKeys (ConfUtils.java:logGet(43)) - raft.server.log.appender.buffer.byte-limit = 33554432 (custom)
2019-09-17 15:20:19,403 [pool-87-thread-1] INFO  server.RaftServerConfigKeys (ConfUtils.java:logGet(43)) - raft.server.log.use.memory = false (default)
2019-09-17 15:20:19,403 [pool-57-thread-1] INFO  server.RaftServerConfigKeys (ConfUtils.java:logGet(43)) - raft.server.log.segment.size.max = 1048576 (custom)
2019-09-17 15:20:19,403 [pool-47-thread-1] INFO  server.RaftServerConfigKeys (ConfUtils.java:logGet(43)) - raft.server.log.purge.gap = 1000000 (custom)
2019-09-17 15:20:19,403 [pool-57-thread-1] INFO  server.RaftServerConfigKeys (ConfUtils.java:logGet(43)) - raft.server.log.segment.cache.num.max = 2 (custom)
2019-09-17 15:20:19,403 [pool-87-thread-1] INFO  server.RaftServerConfigKeys (ConfUtils.java:logGet(43)) - raft.server.log.purge.gap = 1000000 (custom)
2019-09-17 15:20:19,404 [pool-57-thread-1] INFO  segmented.SegmentedRaftLogWorker (SegmentedRaftLogWorker.java:<init>(172)) - new 18c72976-30e0-4eea-a5a6-85bddbc481ac@group-6FCFCC8F5735-SegmentedRaftLogWorker for RaftStorage:Storage Directory /workdir/hadoop-ozone/integration-test/target/test-dir/MiniOzoneClusterImpl-346716be-7c53-4c7f-8ad1-9ba23c6a7b4d/datanode-3/data/ratis/b7352104-ff62-4c09-833b-6fcfcc8f5735
2019-09-17 15:20:19,404 [pool-47-thread-1] INFO  server.RaftServerConfigKeys (ConfUtils.java:logGet(43)) - raft.server.log.appender.buffer.byte-limit = 33554432 (custom)
2019-09-17 15:20:19,404 [pool-57-thread-1] INFO  server.RaftServerConfigKeys (ConfUtils.java:logGet(43)) - raft.server.log.queue.byte-limit = 2147483647 (custom)
2019-09-17 15:20:19,404 [pool-57-thread-1] INFO  server.RaftServerConfigKeys (ConfUtils.java:logGet(43)) - raft.server.log.queue.element-limit = 1024 (custom)
2019-09-17 15:20:19,404 [pool-87-thread-1] INFO  server.RaftServerConfigKeys (ConfUtils.java:logGet(43)) - raft.server.log.appender.buffer.byte-limit = 33554432 (custom)
2019-09-17 15:20:19,405 [pool-57-thread-1] INFO  server.RaftServerConfigKeys (ConfUtils.java:logGet(43)) - raft.server.log.segment.size.max = 1048576 (custom)
2019-09-17 15:20:19,404 [pool-47-thread-1] INFO  server.RaftServerConfigKeys (ConfUtils.java:logGet(43)) - raft.server.log.segment.size.max = 1048576 (custom)
2019-09-17 15:20:19,405 [pool-57-thread-1] INFO  server.RaftServerConfigKeys (ConfUtils.java:logGet(43)) - raft.server.log.preallocated.size = 16384 (custom)
2019-09-17 15:20:19,405 [pool-87-thread-1] INFO  server.RaftServerConfigKeys (ConfUtils.java:logGet(43)) - raft.server.log.segment.size.max = 1048576 (custom)
2019-09-17 15:20:19,405 [pool-57-thread-1] INFO  server.RaftServerConfigKeys (ConfUtils.java:logGet(43)) - raft.server.log.write.buffer.size = 33554432 (custom)
2019-09-17 15:20:19,405 [pool-47-thread-1] INFO  server.RaftServerConfigKeys (ConfUtils.java:logGet(43)) - raft.server.log.segment.cache.num.max = 2 (custom)
2019-09-17 15:20:19,406 [pool-57-thread-1] INFO  server.RaftServerConfigKeys (ConfUtils.java:logGet(43)) - raft.server.log.force.sync.num = 128 (default)
2019-09-17 15:20:19,405 [pool-87-thread-1] INFO  server.RaftServerConfigKeys (ConfUtils.java:logGet(43)) - raft.server.log.segment.cache.num.max = 2 (custom)
2019-09-17 15:20:19,406 [pool-57-thread-1] INFO  server.RaftServerConfigKeys (ConfUtils.java:logGet(43)) - raft.server.log.statemachine.data.sync = true (default)
2019-09-17 15:20:19,406 [pool-47-thread-1] INFO  segmented.SegmentedRaftLogWorker (SegmentedRaftLogWorker.java:<init>(172)) - new 78eb98d0-10ad-403d-ab68-3e803fb8ec72@group-6FCFCC8F5735-SegmentedRaftLogWorker for RaftStorage:Storage Directory /workdir/hadoop-ozone/integration-test/target/test-dir/MiniOzoneClusterImpl-346716be-7c53-4c7f-8ad1-9ba23c6a7b4d/datanode-2/data/ratis/b7352104-ff62-4c09-833b-6fcfcc8f5735
2019-09-17 15:20:19,406 [pool-57-thread-1] INFO  server.RaftServerConfigKeys (ConfUtils.java:logGet(43)) - raft.server.log.statemachine.data.sync.timeout = 10s (default)
2019-09-17 15:20:19,406 [pool-87-thread-1] INFO  segmented.SegmentedRaftLogWorker (SegmentedRaftLogWorker.java:<init>(172)) - new 319da950-6258-4a15-a10a-9ff19688a457@group-6FCFCC8F5735-SegmentedRaftLogWorker for RaftStorage:Storage Directory /workdir/hadoop-ozone/integration-test/target/test-dir/MiniOzoneClusterImpl-346716be-7c53-4c7f-8ad1-9ba23c6a7b4d/datanode-6/data/ratis/b7352104-ff62-4c09-833b-6fcfcc8f5735
2019-09-17 15:20:19,407 [pool-57-thread-1] INFO  server.RaftServerConfigKeys (ConfUtils.java:logGet(43)) - raft.server.log.statemachine.data.sync.timeout.retry = -1 (default)
2019-09-17 15:20:19,406 [pool-47-thread-1] INFO  server.RaftServerConfigKeys (ConfUtils.java:logGet(43)) - raft.server.log.queue.byte-limit = 2147483647 (custom)
2019-09-17 15:20:19,407 [pool-57-thread-1] INFO  server.RaftServerConfigKeys (ConfUtils.java:logGet(43)) - raft.server.log.statemachine.data.caching.enabled = true (custom)
2019-09-17 15:20:19,407 [pool-87-thread-1] INFO  server.RaftServerConfigKeys (ConfUtils.java:logGet(43)) - raft.server.log.queue.byte-limit = 2147483647 (custom)
2019-09-17 15:20:19,407 [pool-47-thread-1] INFO  server.RaftServerConfigKeys (ConfUtils.java:logGet(43)) - raft.server.log.queue.element-limit = 1024 (custom)
2019-09-17 15:20:19,408 [pool-57-thread-1] INFO  segmented.SegmentedRaftLogWorker (SegmentedRaftLogWorker.java:lambda$new$0(132)) - 18c72976-30e0-4eea-a5a6-85bddbc481ac@group-6FCFCC8F5735-SegmentedRaftLogWorker: flushIndex: setUnconditionally 0 -> -1
2019-09-17 15:20:19,408 [pool-87-thread-1] INFO  server.RaftServerConfigKeys (ConfUtils.java:logGet(43)) - raft.server.log.queue.element-limit = 1024 (custom)
2019-09-17 15:20:19,408 [pool-47-thread-1] INFO  server.RaftServerConfigKeys (ConfUtils.java:logGet(43)) - raft.server.log.segment.size.max = 1048576 (custom)
2019-09-17 15:20:19,408 [pool-87-thread-1] INFO  server.RaftServerConfigKeys (ConfUtils.java:logGet(43)) - raft.server.log.segment.size.max = 1048576 (custom)
2019-09-17 15:20:19,408 [pool-57-thread-1] INFO  server.RaftServerConfigKeys (ConfUtils.java:logGet(43)) - raft.server.snapshot.auto.trigger.enabled = true (custom)
2019-09-17 15:20:19,408 [pool-47-thread-1] INFO  server.RaftServerConfigKeys (ConfUtils.java:logGet(43)) - raft.server.log.preallocated.size = 16384 (custom)
2019-09-17 15:20:19,409 [pool-57-thread-1] INFO  server.RaftServerConfigKeys (ConfUtils.java:logGet(43)) - raft.server.snapshot.auto.trigger.threshold = 10000 (custom)
2019-09-17 15:20:19,408 [pool-87-thread-1] INFO  server.RaftServerConfigKeys (ConfUtils.java:logGet(43)) - raft.server.log.preallocated.size = 16384 (custom)
2019-09-17 15:20:19,409 [pool-57-thread-1] INFO  server.RaftServerConfigKeys (ConfUtils.java:logGet(43)) - raft.server.snapshot.retention.num.files = 5 (custom)
2019-09-17 15:20:19,409 [pool-47-thread-1] INFO  server.RaftServerConfigKeys (ConfUtils.java:logGet(43)) - raft.server.log.write.buffer.size = 33554432 (custom)
2019-09-17 15:20:19,409 [pool-57-thread-1] INFO  server.RaftServerConfigKeys (ConfUtils.java:logGet(43)) - raft.server.retrycache.expirytime = 600000ms (custom)
2019-09-17 15:20:19,409 [pool-87-thread-1] INFO  server.RaftServerConfigKeys (ConfUtils.java:logGet(43)) - raft.server.log.write.buffer.size = 33554432 (custom)
2019-09-17 15:20:19,410 [pool-87-thread-1] INFO  server.RaftServerConfigKeys (ConfUtils.java:logGet(43)) - raft.server.log.force.sync.num = 128 (default)
2019-09-17 15:20:19,409 [pool-47-thread-1] INFO  server.RaftServerConfigKeys (ConfUtils.java:logGet(43)) - raft.server.log.force.sync.num = 128 (default)
2019-09-17 15:20:19,410 [pool-87-thread-1] INFO  server.RaftServerConfigKeys (ConfUtils.java:logGet(43)) - raft.server.log.statemachine.data.sync = true (default)
2019-09-17 15:20:19,410 [pool-47-thread-1] INFO  server.RaftServerConfigKeys (ConfUtils.java:logGet(43)) - raft.server.log.statemachine.data.sync = true (default)
2019-09-17 15:20:19,410 [pool-87-thread-1] INFO  server.RaftServerConfigKeys (ConfUtils.java:logGet(43)) - raft.server.log.statemachine.data.sync.timeout = 10s (default)
2019-09-17 15:20:19,411 [pool-47-thread-1] INFO  server.RaftServerConfigKeys (ConfUtils.java:logGet(43)) - raft.server.log.statemachine.data.sync.timeout = 10s (default)
2019-09-17 15:20:19,411 [pool-87-thread-1] INFO  server.RaftServerConfigKeys (ConfUtils.java:logGet(43)) - raft.server.log.statemachine.data.sync.timeout.retry = -1 (default)
2019-09-17 15:20:19,411 [pool-47-thread-1] INFO  server.RaftServerConfigKeys (ConfUtils.java:logGet(43)) - raft.server.log.statemachine.data.sync.timeout.retry = -1 (default)
2019-09-17 15:20:19,411 [pool-87-thread-1] INFO  server.RaftServerConfigKeys (ConfUtils.java:logGet(43)) - raft.server.log.statemachine.data.caching.enabled = true (custom)
2019-09-17 15:20:19,411 [pool-47-thread-1] INFO  server.RaftServerConfigKeys (ConfUtils.java:logGet(43)) - raft.server.log.statemachine.data.caching.enabled = true (custom)
2019-09-17 15:20:19,412 [pool-87-thread-1] INFO  segmented.SegmentedRaftLogWorker (SegmentedRaftLogWorker.java:lambda$new$0(132)) - 319da950-6258-4a15-a10a-9ff19688a457@group-6FCFCC8F5735-SegmentedRaftLogWorker: flushIndex: setUnconditionally 0 -> -1
2019-09-17 15:20:19,412 [pool-47-thread-1] INFO  segmented.SegmentedRaftLogWorker (SegmentedRaftLogWorker.java:lambda$new$0(132)) - 78eb98d0-10ad-403d-ab68-3e803fb8ec72@group-6FCFCC8F5735-SegmentedRaftLogWorker: flushIndex: setUnconditionally 0 -> -1
2019-09-17 15:20:19,412 [pool-87-thread-1] INFO  server.RaftServerConfigKeys (ConfUtils.java:logGet(43)) - raft.server.snapshot.auto.trigger.enabled = true (custom)
2019-09-17 15:20:19,412 [pool-87-thread-1] INFO  server.RaftServerConfigKeys (ConfUtils.java:logGet(43)) - raft.server.snapshot.auto.trigger.threshold = 10000 (custom)
2019-09-17 15:20:19,412 [pool-47-thread-1] INFO  server.RaftServerConfigKeys (ConfUtils.java:logGet(43)) - raft.server.snapshot.auto.trigger.enabled = true (custom)
2019-09-17 15:20:19,413 [pool-87-thread-1] INFO  server.RaftServerConfigKeys (ConfUtils.java:logGet(43)) - raft.server.snapshot.retention.num.files = 5 (custom)
2019-09-17 15:20:19,413 [pool-47-thread-1] INFO  server.RaftServerConfigKeys (ConfUtils.java:logGet(43)) - raft.server.snapshot.auto.trigger.threshold = 10000 (custom)
2019-09-17 15:20:19,413 [pool-87-thread-1] INFO  server.RaftServerConfigKeys (ConfUtils.java:logGet(43)) - raft.server.retrycache.expirytime = 600000ms (custom)
2019-09-17 15:20:19,413 [pool-47-thread-1] INFO  server.RaftServerConfigKeys (ConfUtils.java:logGet(43)) - raft.server.snapshot.retention.num.files = 5 (custom)
2019-09-17 15:20:19,413 [pool-47-thread-1] INFO  server.RaftServerConfigKeys (ConfUtils.java:logGet(43)) - raft.server.retrycache.expirytime = 600000ms (custom)
2019-09-17 15:20:19,414 [pool-57-thread-1] INFO  impl.RaftServerImpl (RaftServerImpl.java:start(185)) - 18c72976-30e0-4eea-a5a6-85bddbc481ac@group-6FCFCC8F5735: start as a follower, conf=-1: [18c72976-30e0-4eea-a5a6-85bddbc481ac:192.168.151.72:46844, 78eb98d0-10ad-403d-ab68-3e803fb8ec72:192.168.151.72:34014, 319da950-6258-4a15-a10a-9ff19688a457:192.168.151.72:45426], old=null
2019-09-17 15:20:19,414 [pool-57-thread-1] INFO  impl.RaftServerImpl (RaftServerImpl.java:setRole(174)) - 18c72976-30e0-4eea-a5a6-85bddbc481ac@group-6FCFCC8F5735: changes role from      null to FOLLOWER at term 0 for startAsFollower
2019-09-17 15:20:19,414 [pool-57-thread-1] INFO  impl.RoleInfo (RoleInfo.java:updateAndGet(143)) - 18c72976-30e0-4eea-a5a6-85bddbc481ac: start FollowerState
2019-09-17 15:20:19,415 [pool-57-thread-1] INFO  util.JmxRegister (JmxRegister.java:tryRegister(44)) - Successfully registered JMX Bean with object name Ratis:service=RaftServer,group=group-6FCFCC8F5735,id=18c72976-30e0-4eea-a5a6-85bddbc481ac
2019-09-17 15:20:19,417 [pool-87-thread-1] INFO  impl.RaftServerImpl (RaftServerImpl.java:start(185)) - 319da950-6258-4a15-a10a-9ff19688a457@group-6FCFCC8F5735: start as a follower, conf=-1: [18c72976-30e0-4eea-a5a6-85bddbc481ac:192.168.151.72:46844, 78eb98d0-10ad-403d-ab68-3e803fb8ec72:192.168.151.72:34014, 319da950-6258-4a15-a10a-9ff19688a457:192.168.151.72:45426], old=null
2019-09-17 15:20:19,417 [pool-87-thread-1] INFO  impl.RaftServerImpl (RaftServerImpl.java:setRole(174)) - 319da950-6258-4a15-a10a-9ff19688a457@group-6FCFCC8F5735: changes role from      null to FOLLOWER at term 0 for startAsFollower
2019-09-17 15:20:19,417 [pool-87-thread-1] INFO  impl.RoleInfo (RoleInfo.java:updateAndGet(143)) - 319da950-6258-4a15-a10a-9ff19688a457: start FollowerState
2019-09-17 15:20:19,417 [pool-47-thread-1] INFO  impl.RaftServerImpl (RaftServerImpl.java:start(185)) - 78eb98d0-10ad-403d-ab68-3e803fb8ec72@group-6FCFCC8F5735: start as a follower, conf=-1: [18c72976-30e0-4eea-a5a6-85bddbc481ac:192.168.151.72:46844, 78eb98d0-10ad-403d-ab68-3e803fb8ec72:192.168.151.72:34014, 319da950-6258-4a15-a10a-9ff19688a457:192.168.151.72:45426], old=null
2019-09-17 15:20:19,417 [pool-47-thread-1] INFO  impl.RaftServerImpl (RaftServerImpl.java:setRole(174)) - 78eb98d0-10ad-403d-ab68-3e803fb8ec72@group-6FCFCC8F5735: changes role from      null to FOLLOWER at term 0 for startAsFollower
2019-09-17 15:20:19,418 [pool-47-thread-1] INFO  impl.RoleInfo (RoleInfo.java:updateAndGet(143)) - 78eb98d0-10ad-403d-ab68-3e803fb8ec72: start FollowerState
2019-09-17 15:20:19,418 [pool-87-thread-1] INFO  util.JmxRegister (JmxRegister.java:tryRegister(44)) - Successfully registered JMX Bean with object name Ratis:service=RaftServer,group=group-6FCFCC8F5735,id=319da950-6258-4a15-a10a-9ff19688a457
2019-09-17 15:20:19,418 [pool-47-thread-1] INFO  util.JmxRegister (JmxRegister.java:tryRegister(44)) - Successfully registered JMX Bean with object name Ratis:service=RaftServer,group=group-6FCFCC8F5735,id=78eb98d0-10ad-403d-ab68-3e803fb8ec72
2019-09-17 15:20:19,420 [org.apache.ratis.server.impl.LogAppender$AppenderDaemon$$Lambda$498/908641698@d63bfbc] ERROR ratis.XceiverServerRatis (XceiverServerRatis.java:triggerPipelineClose(575)) - pipeline Action CLOSE  on pipeline PipelineID=5b0ab5b7-fd4e-417a-8ec4-dd12d3ba22f1.Reason : 18c72976-30e0-4eea-a5a6-85bddbc481ac has not seen follower/s 78eb98d0-10ad-403d-ab68-3e803fb8ec72 for 154783ms 319da950-6258-4a15-a10a-9ff19688a457 for 154780ms
2019-09-17 15:20:19,421 [RatisPipelineUtilsThread] INFO  pipeline.PipelineStateManager (PipelineStateManager.java:addPipeline(56)) - Created pipeline Pipeline[ Id: b7352104-ff62-4c09-833b-6fcfcc8f5735, Nodes: 319da950-6258-4a15-a10a-9ff19688a457{ip: 192.168.151.72, host: pr-hdds-2137-trunk-f8w4d-2934045284, networkLocation: /default-rack, certSerialId: null}18c72976-30e0-4eea-a5a6-85bddbc481ac{ip: 192.168.151.72, host: pr-hdds-2137-trunk-f8w4d-2934045284, networkLocation: /default-rack, certSerialId: null}78eb98d0-10ad-403d-ab68-3e803fb8ec72{ip: 192.168.151.72, host: pr-hdds-2137-trunk-f8w4d-2934045284, networkLocation: /default-rack, certSerialId: null}, Type:RATIS, Factor:THREE, State:OPEN]
2019-09-17 15:20:19,421 [org.apache.ratis.server.impl.LogAppender$AppenderDaemon$$Lambda$498/908641698@56f49d7] ERROR ratis.XceiverServerRatis (XceiverServerRatis.java:triggerPipelineClose(575)) - pipeline Action CLOSE  on pipeline PipelineID=5b0ab5b7-fd4e-417a-8ec4-dd12d3ba22f1.Reason : 18c72976-30e0-4eea-a5a6-85bddbc481ac has not seen follower/s 78eb98d0-10ad-403d-ab68-3e803fb8ec72 for 154783ms 319da950-6258-4a15-a10a-9ff19688a457 for 154781ms
2019-09-17 15:20:19,909 [EventQueue-PipelineActionsForPipelineActionHandler] ERROR pipeline.PipelineActionHandler (PipelineActionHandler.java:onMessage(60)) - Received pipeline action CLOSE for Pipeline[ Id: 5b0ab5b7-fd4e-417a-8ec4-dd12d3ba22f1, Nodes: 319da950-6258-4a15-a10a-9ff19688a457{ip: 192.168.151.72, host: pr-hdds-2137-trunk-f8w4d-2934045284, networkLocation: /default-rack, certSerialId: null}18c72976-30e0-4eea-a5a6-85bddbc481ac{ip: 192.168.151.72, host: pr-hdds-2137-trunk-f8w4d-2934045284, networkLocation: /default-rack, certSerialId: null}78eb98d0-10ad-403d-ab68-3e803fb8ec72{ip: 192.168.151.72, host: pr-hdds-2137-trunk-f8w4d-2934045284, networkLocation: /default-rack, certSerialId: null}, Type:RATIS, Factor:THREE, State:CLOSED] from datanode 18c72976-30e0-4eea-a5a6-85bddbc481ac{ip: 192.168.151.72, host: pr-hdds-2137-trunk-f8w4d-2934045284, networkLocation: /default-rack, certSerialId: null}. Reason : 18c72976-30e0-4eea-a5a6-85bddbc481ac has not seen follower/s 78eb98d0-10ad-403d-ab68-3e803fb8ec72 for 154783ms 319da950-6258-4a15-a10a-9ff19688a457 for 154780ms
2019-09-17 15:20:19,909 [EventQueue-PipelineActionsForPipelineActionHandler] INFO  pipeline.SCMPipelineManager (SCMPipelineManager.java:finalizeAndDestroyPipeline(311)) - destroying pipeline:Pipeline[ Id: 5b0ab5b7-fd4e-417a-8ec4-dd12d3ba22f1, Nodes: 319da950-6258-4a15-a10a-9ff19688a457{ip: 192.168.151.72, host: pr-hdds-2137-trunk-f8w4d-2934045284, networkLocation: /default-rack, certSerialId: null}18c72976-30e0-4eea-a5a6-85bddbc481ac{ip: 192.168.151.72, host: pr-hdds-2137-trunk-f8w4d-2934045284, networkLocation: /default-rack, certSerialId: null}78eb98d0-10ad-403d-ab68-3e803fb8ec72{ip: 192.168.151.72, host: pr-hdds-2137-trunk-f8w4d-2934045284, networkLocation: /default-rack, certSerialId: null}, Type:RATIS, Factor:THREE, State:CLOSED]
2019-09-17 15:20:19,920 [java.util.concurrent.ThreadPoolExecutor$Worker@75d7222c[State = -1, empty queue]] WARN  server.GrpcLogAppender (GrpcLogAppender.java:timeoutAppendRequest(200)) - 18c72976-30e0-4eea-a5a6-85bddbc481ac@group-DD12D3BA22F1->319da950-6258-4a15-a10a-9ff19688a457-GrpcLogAppender: appendEntries Timeout, request=18c72976-30e0-4eea-a5a6-85bddbc481ac->319da950-6258-4a15-a10a-9ff19688a457#72-t1, previous=(t:1, i:11), leaderCommit=4, initializing? false, entries: <empty>
2019-09-17 15:20:19,920 [java.util.concurrent.ThreadPoolExecutor$Worker@35550b30[State = -1, empty queue]] WARN  server.GrpcLogAppender (GrpcLogAppender.java:timeoutAppendRequest(200)) - 18c72976-30e0-4eea-a5a6-85bddbc481ac@group-DD12D3BA22F1->78eb98d0-10ad-403d-ab68-3e803fb8ec72-GrpcLogAppender: appendEntries Timeout, request=18c72976-30e0-4eea-a5a6-85bddbc481ac->78eb98d0-10ad-403d-ab68-3e803fb8ec72#72-t1, previous=(t:1, i:11), leaderCommit=4, initializing? false, entries: <empty>
2019-09-17 15:20:21,279 [grpc-default-executor-8] INFO  client.GrpcClientProtocolClient (GrpcClientProtocolClient.java:onNext(264)) - client-C0CF9D0615A1->319da950-6258-4a15-a10a-9ff19688a457: receive RaftClientReply:client-C0CF9D0615A1->319da950-6258-4a15-a10a-9ff19688a457@group-DD12D3BA22F1, cid=50, FAILED org.apache.ratis.protocol.NotLeaderException: Server 319da950-6258-4a15-a10a-9ff19688a457@group-DD12D3BA22F1 is not the leader 18c72976-30e0-4eea-a5a6-85bddbc481ac:192.168.151.72:46844, logIndex=0, commits[319da950-6258-4a15-a10a-9ff19688a457:c4, 18c72976-30e0-4eea-a5a6-85bddbc481ac:c4, 78eb98d0-10ad-403d-ab68-3e803fb8ec72:c3]
2019-09-17 15:20:21,922 [org.apache.ratis.server.impl.LogAppender$AppenderDaemon$$Lambda$498/908641698@d63bfbc] ERROR ratis.XceiverServerRatis (XceiverServerRatis.java:triggerPipelineClose(575)) - pipeline Action CLOSE  on pipeline PipelineID=5b0ab5b7-fd4e-417a-8ec4-dd12d3ba22f1.Reason : 18c72976-30e0-4eea-a5a6-85bddbc481ac has not seen follower/s 78eb98d0-10ad-403d-ab68-3e803fb8ec72 for 157284ms 319da950-6258-4a15-a10a-9ff19688a457 for 157281ms
2019-09-17 15:20:21,922 [org.apache.ratis.server.impl.LogAppender$AppenderDaemon$$Lambda$498/908641698@56f49d7] ERROR ratis.XceiverServerRatis (XceiverServerRatis.java:triggerPipelineClose(575)) - pipeline Action CLOSE  on pipeline PipelineID=5b0ab5b7-fd4e-417a-8ec4-dd12d3ba22f1.Reason : 18c72976-30e0-4eea-a5a6-85bddbc481ac has not seen follower/s 78eb98d0-10ad-403d-ab68-3e803fb8ec72 for 157284ms 319da950-6258-4a15-a10a-9ff19688a457 for 157281ms
2019-09-17 15:20:22,420 [java.util.concurrent.ThreadPoolExecutor$Worker@35550b30[State = -1, empty queue]] WARN  server.GrpcLogAppender (GrpcLogAppender.java:timeoutAppendRequest(200)) - 18c72976-30e0-4eea-a5a6-85bddbc481ac@group-DD12D3BA22F1->78eb98d0-10ad-403d-ab68-3e803fb8ec72-GrpcLogAppender: appendEntries Timeout, request=18c72976-30e0-4eea-a5a6-85bddbc481ac->78eb98d0-10ad-403d-ab68-3e803fb8ec72#73-t1, previous=(t:1, i:11), leaderCommit=4, initializing? false, entries: <empty>
2019-09-17 15:20:22,421 [java.util.concurrent.ThreadPoolExecutor$Worker@75d7222c[State = -1, empty queue]] WARN  server.GrpcLogAppender (GrpcLogAppender.java:timeoutAppendRequest(200)) - 18c72976-30e0-4eea-a5a6-85bddbc481ac@group-DD12D3BA22F1->319da950-6258-4a15-a10a-9ff19688a457-GrpcLogAppender: appendEntries Timeout, request=18c72976-30e0-4eea-a5a6-85bddbc481ac->319da950-6258-4a15-a10a-9ff19688a457#73-t1, previous=(t:1, i:11), leaderCommit=4, initializing? false, entries: <empty>
2019-09-17 15:20:22,909 [EventQueue-PipelineActionsForPipelineActionHandler] ERROR pipeline.PipelineActionHandler (PipelineActionHandler.java:onMessage(60)) - Received pipeline action CLOSE for Pipeline[ Id: 5b0ab5b7-fd4e-417a-8ec4-dd12d3ba22f1, Nodes: 319da950-6258-4a15-a10a-9ff19688a457{ip: 192.168.151.72, host: pr-hdds-2137-trunk-f8w4d-2934045284, networkLocation: /default-rack, certSerialId: null}18c72976-30e0-4eea-a5a6-85bddbc481ac{ip: 192.168.151.72, host: pr-hdds-2137-trunk-f8w4d-2934045284, networkLocation: /default-rack, certSerialId: null}78eb98d0-10ad-403d-ab68-3e803fb8ec72{ip: 192.168.151.72, host: pr-hdds-2137-trunk-f8w4d-2934045284, networkLocation: /default-rack, certSerialId: null}, Type:RATIS, Factor:THREE, State:CLOSED] from datanode 18c72976-30e0-4eea-a5a6-85bddbc481ac{ip: 192.168.151.72, host: pr-hdds-2137-trunk-f8w4d-2934045284, networkLocation: /default-rack, certSerialId: null}. Reason : 18c72976-30e0-4eea-a5a6-85bddbc481ac has not seen follower/s 78eb98d0-10ad-403d-ab68-3e803fb8ec72 for 157284ms 319da950-6258-4a15-a10a-9ff19688a457 for 157281ms
2019-09-17 15:20:22,910 [EventQueue-PipelineActionsForPipelineActionHandler] INFO  pipeline.SCMPipelineManager (SCMPipelineManager.java:finalizeAndDestroyPipeline(311)) - destroying pipeline:Pipeline[ Id: 5b0ab5b7-fd4e-417a-8ec4-dd12d3ba22f1, Nodes: 319da950-6258-4a15-a10a-9ff19688a457{ip: 192.168.151.72, host: pr-hdds-2137-trunk-f8w4d-2934045284, networkLocation: /default-rack, certSerialId: null}18c72976-30e0-4eea-a5a6-85bddbc481ac{ip: 192.168.151.72, host: pr-hdds-2137-trunk-f8w4d-2934045284, networkLocation: /default-rack, certSerialId: null}78eb98d0-10ad-403d-ab68-3e803fb8ec72{ip: 192.168.151.72, host: pr-hdds-2137-trunk-f8w4d-2934045284, networkLocation: /default-rack, certSerialId: null}, Type:RATIS, Factor:THREE, State:CLOSED]
2019-09-17 15:20:24,423 [org.apache.ratis.server.impl.LogAppender$AppenderDaemon$$Lambda$498/908641698@56f49d7] ERROR ratis.XceiverServerRatis (XceiverServerRatis.java:triggerPipelineClose(575)) - pipeline Action CLOSE  on pipeline PipelineID=5b0ab5b7-fd4e-417a-8ec4-dd12d3ba22f1.Reason : 18c72976-30e0-4eea-a5a6-85bddbc481ac has not seen follower/s 78eb98d0-10ad-403d-ab68-3e803fb8ec72 for 159785ms 319da950-6258-4a15-a10a-9ff19688a457 for 159782ms
2019-09-17 15:20:24,423 [org.apache.ratis.server.impl.LogAppender$AppenderDaemon$$Lambda$498/908641698@d63bfbc] ERROR ratis.XceiverServerRatis (XceiverServerRatis.java:triggerPipelineClose(575)) - pipeline Action CLOSE  on pipeline PipelineID=5b0ab5b7-fd4e-417a-8ec4-dd12d3ba22f1.Reason : 18c72976-30e0-4eea-a5a6-85bddbc481ac has not seen follower/s 78eb98d0-10ad-403d-ab68-3e803fb8ec72 for 159785ms 319da950-6258-4a15-a10a-9ff19688a457 for 159782ms
2019-09-17 15:20:24,427 [Thread-1410] INFO  impl.FollowerState (FollowerState.java:run(106)) - 78eb98d0-10ad-403d-ab68-3e803fb8ec72:group-6FCFCC8F5735 changes to CANDIDATE, lastRpcTime:5009, electionTimeout:5009ms
2019-09-17 15:20:24,428 [Thread-1410] INFO  impl.RoleInfo (RoleInfo.java:shutdownFollowerState(121)) - 78eb98d0-10ad-403d-ab68-3e803fb8ec72: shutdown FollowerState
2019-09-17 15:20:24,428 [Thread-1410] INFO  impl.RaftServerImpl (RaftServerImpl.java:setRole(174)) - 78eb98d0-10ad-403d-ab68-3e803fb8ec72@group-6FCFCC8F5735: changes role from  FOLLOWER to CANDIDATE at term 0 for changeToCandidate
2019-09-17 15:20:24,428 [Thread-1410] INFO  impl.RoleInfo (RoleInfo.java:updateAndGet(143)) - 78eb98d0-10ad-403d-ab68-3e803fb8ec72: start LeaderElection
2019-09-17 15:20:24,447 [78eb98d0-10ad-403d-ab68-3e803fb8ec72@group-6FCFCC8F5735:LeaderElection16] INFO  impl.LeaderElection (LeaderElection.java:askForVotes(182)) - 78eb98d0-10ad-403d-ab68-3e803fb8ec72@group-6FCFCC8F5735:LeaderElection16: begin an election at term 1 for -1: [18c72976-30e0-4eea-a5a6-85bddbc481ac:192.168.151.72:46844, 78eb98d0-10ad-403d-ab68-3e803fb8ec72:192.168.151.72:34014, 319da950-6258-4a15-a10a-9ff19688a457:192.168.151.72:45426], old=null
2019-09-17 15:20:24,453 [grpc-default-executor-8] INFO  impl.RaftServerImpl (RaftServerImpl.java:setRole(174)) - 18c72976-30e0-4eea-a5a6-85bddbc481ac@group-6FCFCC8F5735: changes role from  FOLLOWER to FOLLOWER at term 1 for recognizeCandidate:78eb98d0-10ad-403d-ab68-3e803fb8ec72
2019-09-17 15:20:24,453 [grpc-default-executor-8] INFO  impl.RoleInfo (RoleInfo.java:shutdownFollowerState(121)) - 18c72976-30e0-4eea-a5a6-85bddbc481ac: shutdown FollowerState
2019-09-17 15:20:24,453 [grpc-default-executor-6] INFO  impl.RaftServerImpl (RaftServerImpl.java:setRole(174)) - 319da950-6258-4a15-a10a-9ff19688a457@group-6FCFCC8F5735: changes role from  FOLLOWER to FOLLOWER at term 1 for recognizeCandidate:78eb98d0-10ad-403d-ab68-3e803fb8ec72
2019-09-17 15:20:24,453 [grpc-default-executor-8] INFO  impl.RoleInfo (RoleInfo.java:updateAndGet(143)) - 18c72976-30e0-4eea-a5a6-85bddbc481ac: start FollowerState
2019-09-17 15:20:24,453 [Thread-1407] INFO  impl.FollowerState (FollowerState.java:run(115)) - 18c72976-30e0-4eea-a5a6-85bddbc481ac: FollowerState was interrupted: java.lang.InterruptedException: sleep interrupted
2019-09-17 15:20:24,453 [grpc-default-executor-6] INFO  impl.RoleInfo (RoleInfo.java:shutdownFollowerState(121)) - 319da950-6258-4a15-a10a-9ff19688a457: shutdown FollowerState
2019-09-17 15:20:24,456 [grpc-default-executor-6] INFO  impl.RoleInfo (RoleInfo.java:updateAndGet(143)) - 319da950-6258-4a15-a10a-9ff19688a457: start FollowerState
2019-09-17 15:20:24,456 [Thread-1409] INFO  impl.FollowerState (FollowerState.java:run(115)) - 319da950-6258-4a15-a10a-9ff19688a457: FollowerState was interrupted: java.lang.InterruptedException: sleep interrupted
2019-09-17 15:20:24,472 [78eb98d0-10ad-403d-ab68-3e803fb8ec72@group-6FCFCC8F5735:LeaderElection16] INFO  impl.LeaderElection (LeaderElection.java:logAndReturn(56)) - 78eb98d0-10ad-403d-ab68-3e803fb8ec72@group-6FCFCC8F5735:LeaderElection16: Election PASSED; received 1 response(s) [78eb98d0-10ad-403d-ab68-3e803fb8ec72<-18c72976-30e0-4eea-a5a6-85bddbc481ac#0:OK-t1] and 0 exception(s); 78eb98d0-10ad-403d-ab68-3e803fb8ec72@group-6FCFCC8F5735:t1, leader=null, voted=78eb98d0-10ad-403d-ab68-3e803fb8ec72, raftlog=78eb98d0-10ad-403d-ab68-3e803fb8ec72@group-6FCFCC8F5735-SegmentedRaftLog:OPENED:c-1,f-1,i0, conf=-1: [18c72976-30e0-4eea-a5a6-85bddbc481ac:192.168.151.72:46844, 78eb98d0-10ad-403d-ab68-3e803fb8ec72:192.168.151.72:34014, 319da950-6258-4a15-a10a-9ff19688a457:192.168.151.72:45426], old=null
2019-09-17 15:20:24,472 [78eb98d0-10ad-403d-ab68-3e803fb8ec72@group-6FCFCC8F5735:LeaderElection16] INFO  impl.RoleInfo (RoleInfo.java:shutdownLeaderElection(134)) - 78eb98d0-10ad-403d-ab68-3e803fb8ec72: shutdown LeaderElection
2019-09-17 15:20:24,474 [78eb98d0-10ad-403d-ab68-3e803fb8ec72@group-6FCFCC8F5735:LeaderElection16] INFO  impl.RaftServerImpl (RaftServerImpl.java:setRole(174)) - 78eb98d0-10ad-403d-ab68-3e803fb8ec72@group-6FCFCC8F5735: changes role from CANDIDATE to LEADER at term 1 for changeToLeader
2019-09-17 15:20:24,474 [78eb98d0-10ad-403d-ab68-3e803fb8ec72@group-6FCFCC8F5735:LeaderElection16] INFO  impl.RaftServerImpl (ServerState.java:setLeader(253)) - 78eb98d0-10ad-403d-ab68-3e803fb8ec72@group-6FCFCC8F5735: change Leader from null to 78eb98d0-10ad-403d-ab68-3e803fb8ec72 at term 1 for becomeLeader, leader elected after 5072ms
2019-09-17 15:20:24,474 [78eb98d0-10ad-403d-ab68-3e803fb8ec72@group-6FCFCC8F5735:LeaderElection16] INFO  server.RaftServerConfigKeys (ConfUtils.java:logGet(43)) - raft.server.staging.catchup.gap = 1000 (default)
2019-09-17 15:20:24,474 [78eb98d0-10ad-403d-ab68-3e803fb8ec72@group-6FCFCC8F5735:LeaderElection16] INFO  server.RaftServerConfigKeys (ConfUtils.java:logGet(43)) - raft.server.rpc.sleep.time = 25ms (default)
2019-09-17 15:20:24,475 [78eb98d0-10ad-403d-ab68-3e803fb8ec72@group-6FCFCC8F5735:LeaderElection16] INFO  server.RaftServerConfigKeys (ConfUtils.java:logGet(43)) - raft.server.write.element-limit = 4096 (default)
2019-09-17 15:20:24,475 [78eb98d0-10ad-403d-ab68-3e803fb8ec72@group-6FCFCC8F5735:LeaderElection16] INFO  server.RaftServerConfigKeys (ConfUtils.java:logGet(43)) - raft.server.watch.timeout = 10s (default)
2019-09-17 15:20:24,475 [78eb98d0-10ad-403d-ab68-3e803fb8ec72@group-6FCFCC8F5735:LeaderElection16] INFO  server.RaftServerConfigKeys (ConfUtils.java:logGet(43)) - raft.server.watch.timeout.denomination = 1s (default)
2019-09-17 15:20:24,475 [78eb98d0-10ad-403d-ab68-3e803fb8ec72@group-6FCFCC8F5735:LeaderElection16] INFO  server.RaftServerConfigKeys (ConfUtils.java:logGet(43)) - raft.server.watch.element-limit = 65536 (default)
2019-09-17 15:20:24,480 [78eb98d0-10ad-403d-ab68-3e803fb8ec72@group-6FCFCC8F5735:LeaderElection16] INFO  server.RaftServerConfigKeys (ConfUtils.java:logGet(43)) - raft.server.log.appender.snapshot.chunk.size.max = 16MB (=16777216) (default)
2019-09-17 15:20:24,481 [78eb98d0-10ad-403d-ab68-3e803fb8ec72@group-6FCFCC8F5735:LeaderElection16] INFO  server.RaftServerConfigKeys (ConfUtils.java:logGet(43)) - raft.server.log.appender.buffer.byte-limit = 33554432 (custom)
2019-09-17 15:20:24,481 [78eb98d0-10ad-403d-ab68-3e803fb8ec72@group-6FCFCC8F5735:LeaderElection16] INFO  server.RaftServerConfigKeys (ConfUtils.java:logGet(43)) - raft.server.log.appender.buffer.element-limit = 1 (custom)
2019-09-17 15:20:24,481 [78eb98d0-10ad-403d-ab68-3e803fb8ec72@group-6FCFCC8F5735:LeaderElection16] INFO  grpc.GrpcConfigKeys$Server (ConfUtils.java:logGet(43)) - raft.grpc.server.leader.outstanding.appends.max = 128 (default)
2019-09-17 15:20:24,481 [78eb98d0-10ad-403d-ab68-3e803fb8ec72@group-6FCFCC8F5735:LeaderElection16] INFO  server.RaftServerConfigKeys (ConfUtils.java:logGet(43)) - raft.server.rpc.request.timeout = 3000ms (default)
2019-09-17 15:20:24,481 [78eb98d0-10ad-403d-ab68-3e803fb8ec72@group-6FCFCC8F5735:LeaderElection16] INFO  server.RaftServerConfigKeys (ConfUtils.java:logGet(43)) - raft.server.log.appender.install.snapshot.enabled = false (custom)
2019-09-17 15:20:24,482 [78eb98d0-10ad-403d-ab68-3e803fb8ec72@group-6FCFCC8F5735:LeaderElection16] INFO  server.RaftServerConfigKeys (ConfUtils.java:logGet(43)) - raft.server.log.appender.snapshot.chunk.size.max = 16MB (=16777216) (default)
2019-09-17 15:20:24,482 [78eb98d0-10ad-403d-ab68-3e803fb8ec72@group-6FCFCC8F5735:LeaderElection16] INFO  server.RaftServerConfigKeys (ConfUtils.java:logGet(43)) - raft.server.log.appender.buffer.byte-limit = 33554432 (custom)
2019-09-17 15:20:24,482 [78eb98d0-10ad-403d-ab68-3e803fb8ec72@group-6FCFCC8F5735:LeaderElection16] INFO  server.RaftServerConfigKeys (ConfUtils.java:logGet(43)) - raft.server.log.appender.buffer.element-limit = 1 (custom)
2019-09-17 15:20:24,482 [78eb98d0-10ad-403d-ab68-3e803fb8ec72@group-6FCFCC8F5735:LeaderElection16] INFO  grpc.GrpcConfigKeys$Server (ConfUtils.java:logGet(43)) - raft.grpc.server.leader.outstanding.appends.max = 128 (default)
2019-09-17 15:20:24,483 [78eb98d0-10ad-403d-ab68-3e803fb8ec72@group-6FCFCC8F5735:LeaderElection16] INFO  server.RaftServerConfigKeys (ConfUtils.java:logGet(43)) - raft.server.rpc.request.timeout = 3000ms (default)
2019-09-17 15:20:24,483 [78eb98d0-10ad-403d-ab68-3e803fb8ec72@group-6FCFCC8F5735:LeaderElection16] INFO  server.RaftServerConfigKeys (ConfUtils.java:logGet(43)) - raft.server.log.appender.install.snapshot.enabled = false (custom)
2019-09-17 15:20:24,483 [78eb98d0-10ad-403d-ab68-3e803fb8ec72@group-6FCFCC8F5735:LeaderElection16] INFO  impl.RoleInfo (RoleInfo.java:updateAndGet(143)) - 78eb98d0-10ad-403d-ab68-3e803fb8ec72: start LeaderState
2019-09-17 15:20:24,484 [78eb98d0-10ad-403d-ab68-3e803fb8ec72@group-6FCFCC8F5735:LeaderElection16] INFO  segmented.SegmentedRaftLogWorker (SegmentedRaftLogWorker.java:startLogSegment(380)) - 78eb98d0-10ad-403d-ab68-3e803fb8ec72@group-6FCFCC8F5735-SegmentedRaftLogWorker: Starting segment from index:0
2019-09-17 15:20:24,485 [78eb98d0-10ad-403d-ab68-3e803fb8ec72@group-6FCFCC8F5735:LeaderElection16] INFO  impl.RaftServerImpl (ServerState.java:setRaftConf(354)) - 78eb98d0-10ad-403d-ab68-3e803fb8ec72@group-6FCFCC8F5735: set configuration 0: [18c72976-30e0-4eea-a5a6-85bddbc481ac:192.168.151.72:46844, 78eb98d0-10ad-403d-ab68-3e803fb8ec72:192.168.151.72:34014, 319da950-6258-4a15-a10a-9ff19688a457:192.168.151.72:45426], old=null at 0
2019-09-17 15:20:24,523 [grpc-default-executor-8] INFO  impl.RaftServerImpl (ServerState.java:setLeader(253)) - 18c72976-30e0-4eea-a5a6-85bddbc481ac@group-6FCFCC8F5735: change Leader from null to 78eb98d0-10ad-403d-ab68-3e803fb8ec72 at term 1 for appendEntries, leader elected after 5120ms
2019-09-17 15:20:24,523 [grpc-default-executor-6] INFO  impl.RaftServerImpl (ServerState.java:setLeader(253)) - 319da950-6258-4a15-a10a-9ff19688a457@group-6FCFCC8F5735: change Leader from null to 78eb98d0-10ad-403d-ab68-3e803fb8ec72 at term 1 for appendEntries, leader elected after 5121ms
2019-09-17 15:20:24,531 [grpc-default-executor-6] INFO  impl.RaftServerImpl (ServerState.java:setRaftConf(354)) - 18c72976-30e0-4eea-a5a6-85bddbc481ac@group-6FCFCC8F5735: set configuration 0: [18c72976-30e0-4eea-a5a6-85bddbc481ac:192.168.151.72:46844, 78eb98d0-10ad-403d-ab68-3e803fb8ec72:192.168.151.72:34014, 319da950-6258-4a15-a10a-9ff19688a457:192.168.151.72:45426], old=null at 0
2019-09-17 15:20:24,531 [grpc-default-executor-6] INFO  segmented.SegmentedRaftLogWorker (SegmentedRaftLogWorker.java:startLogSegment(380)) - 18c72976-30e0-4eea-a5a6-85bddbc481ac@group-6FCFCC8F5735-SegmentedRaftLogWorker: Starting segment from index:0
2019-09-17 15:20:24,531 [grpc-default-executor-8] INFO  impl.RaftServerImpl (ServerState.java:setRaftConf(354)) - 319da950-6258-4a15-a10a-9ff19688a457@group-6FCFCC8F5735: set configuration 0: [18c72976-30e0-4eea-a5a6-85bddbc481ac:192.168.151.72:46844, 78eb98d0-10ad-403d-ab68-3e803fb8ec72:192.168.151.72:34014, 319da950-6258-4a15-a10a-9ff19688a457:192.168.151.72:45426], old=null at 0
2019-09-17 15:20:24,531 [grpc-default-executor-8] INFO  segmented.SegmentedRaftLogWorker (SegmentedRaftLogWorker.java:startLogSegment(380)) - 319da950-6258-4a15-a10a-9ff19688a457@group-6FCFCC8F5735-SegmentedRaftLogWorker: Starting segment from index:0
2019-09-17 15:20:24,535 [78eb98d0-10ad-403d-ab68-3e803fb8ec72@group-6FCFCC8F5735-SegmentedRaftLogWorker] INFO  segmented.SegmentedRaftLogWorker (SegmentedRaftLogWorker.java:execute(569)) - 78eb98d0-10ad-403d-ab68-3e803fb8ec72@group-6FCFCC8F5735-SegmentedRaftLogWorker: created new log segment /workdir/hadoop-ozone/integration-test/target/test-dir/MiniOzoneClusterImpl-346716be-7c53-4c7f-8ad1-9ba23c6a7b4d/datanode-2/data/ratis/b7352104-ff62-4c09-833b-6fcfcc8f5735/current/log_inprogress_0
2019-09-17 15:20:24,578 [319da950-6258-4a15-a10a-9ff19688a457@group-6FCFCC8F5735-SegmentedRaftLogWorker] INFO  segmented.SegmentedRaftLogWorker (SegmentedRaftLogWorker.java:execute(569)) - 319da950-6258-4a15-a10a-9ff19688a457@group-6FCFCC8F5735-SegmentedRaftLogWorker: created new log segment /workdir/hadoop-ozone/integration-test/target/test-dir/MiniOzoneClusterImpl-346716be-7c53-4c7f-8ad1-9ba23c6a7b4d/datanode-6/data/ratis/b7352104-ff62-4c09-833b-6fcfcc8f5735/current/log_inprogress_0
2019-09-17 15:20:24,578 [18c72976-30e0-4eea-a5a6-85bddbc481ac@group-6FCFCC8F5735-SegmentedRaftLogWorker] INFO  segmented.SegmentedRaftLogWorker (SegmentedRaftLogWorker.java:execute(569)) - 18c72976-30e0-4eea-a5a6-85bddbc481ac@group-6FCFCC8F5735-SegmentedRaftLogWorker: created new log segment /workdir/hadoop-ozone/integration-test/target/test-dir/MiniOzoneClusterImpl-346716be-7c53-4c7f-8ad1-9ba23c6a7b4d/datanode-3/data/ratis/b7352104-ff62-4c09-833b-6fcfcc8f5735/current/log_inprogress_0
2019-09-17 15:20:24,751 [78eb98d0-10ad-403d-ab68-3e803fb8ec72@group-DD12D3BA22F1-SegmentedRaftLogWorker] WARN  segmented.SegmentedRaftLogWorker (SegmentedRaftLogWorker.java:getFromFuture(90)) - Timeout 15/~
org.apache.ratis.protocol.TimeoutIOException: Timeout 10s: WriteLog:5: (t:1, i:5), STATEMACHINELOGENTRY, client-C0CF9D0615A1, cid=50-writeStateMachineData
	at org.apache.ratis.util.IOUtils.getFromFuture(IOUtils.java:87)
	at org.apache.ratis.server.raftlog.segmented.SegmentedRaftLogWorker$StateMachineDataPolicy.getFromFuture(SegmentedRaftLogWorker.java:87)
	at org.apache.ratis.server.raftlog.segmented.SegmentedRaftLogWorker$WriteLog.execute(SegmentedRaftLogWorker.java:477)
	at org.apache.ratis.server.raftlog.segmented.SegmentedRaftLogWorker.run(SegmentedRaftLogWorker.java:289)
	at java.lang.Thread.run(Thread.java:748)
Caused by: java.util.concurrent.TimeoutException
	at java.util.concurrent.CompletableFuture.timedGet(CompletableFuture.java:1771)
	at java.util.concurrent.CompletableFuture.get(CompletableFuture.java:1915)
	at org.apache.ratis.util.IOUtils.getFromFuture(IOUtils.java:79)
	... 4 more
2019-09-17 15:20:24,814 [18c72976-30e0-4eea-a5a6-85bddbc481ac@group-DD12D3BA22F1-SegmentedRaftLogWorker] WARN  segmented.SegmentedRaftLogWorker (SegmentedRaftLogWorker.java:getFromFuture(90)) - Timeout 15/~
org.apache.ratis.protocol.TimeoutIOException: Timeout 10s: WriteLog:6: (t:1, i:6), STATEMACHINELOGENTRY, client-C0CF9D0615A1, cid=51-writeStateMachineData
	at org.apache.ratis.util.IOUtils.getFromFuture(IOUtils.java:87)
	at org.apache.ratis.server.raftlog.segmented.SegmentedRaftLogWorker$StateMachineDataPolicy.getFromFuture(SegmentedRaftLogWorker.java:87)
	at org.apache.ratis.server.raftlog.segmented.SegmentedRaftLogWorker$WriteLog.execute(SegmentedRaftLogWorker.java:477)
	at org.apache.ratis.server.raftlog.segmented.SegmentedRaftLogWorker.run(SegmentedRaftLogWorker.java:289)
	at java.lang.Thread.run(Thread.java:748)
Caused by: java.util.concurrent.TimeoutException
	at java.util.concurrent.CompletableFuture.timedGet(CompletableFuture.java:1771)
	at java.util.concurrent.CompletableFuture.get(CompletableFuture.java:1915)
	at org.apache.ratis.util.IOUtils.getFromFuture(IOUtils.java:79)
	... 4 more
2019-09-17 15:20:24,836 [319da950-6258-4a15-a10a-9ff19688a457@group-DD12D3BA22F1-SegmentedRaftLogWorker] WARN  segmented.SegmentedRaftLogWorker (SegmentedRaftLogWorker.java:getFromFuture(90)) - Timeout 15/~
org.apache.ratis.protocol.TimeoutIOException: Timeout 10s: WriteLog:8: (t:1, i:8), STATEMACHINELOGENTRY, client-C0CF9D0615A1, cid=53-writeStateMachineData
	at org.apache.ratis.util.IOUtils.getFromFuture(IOUtils.java:87)
	at org.apache.ratis.server.raftlog.segmented.SegmentedRaftLogWorker$StateMachineDataPolicy.getFromFuture(SegmentedRaftLogWorker.java:87)
	at org.apache.ratis.server.raftlog.segmented.SegmentedRaftLogWorker$WriteLog.execute(SegmentedRaftLogWorker.java:477)
	at org.apache.ratis.server.raftlog.segmented.SegmentedRaftLogWorker.run(SegmentedRaftLogWorker.java:289)
	at java.lang.Thread.run(Thread.java:748)
Caused by: java.util.concurrent.TimeoutException
	at java.util.concurrent.CompletableFuture.timedGet(CompletableFuture.java:1771)
	at java.util.concurrent.CompletableFuture.get(CompletableFuture.java:1915)
	at org.apache.ratis.util.IOUtils.getFromFuture(IOUtils.java:79)
	... 4 more
2019-09-17 15:20:24,909 [EventQueue-PipelineActionsForPipelineActionHandler] ERROR pipeline.PipelineActionHandler (PipelineActionHandler.java:onMessage(60)) - Received pipeline action CLOSE for Pipeline[ Id: 5b0ab5b7-fd4e-417a-8ec4-dd12d3ba22f1, Nodes: 319da950-6258-4a15-a10a-9ff19688a457{ip: 192.168.151.72, host: pr-hdds-2137-trunk-f8w4d-2934045284, networkLocation: /default-rack, certSerialId: null}18c72976-30e0-4eea-a5a6-85bddbc481ac{ip: 192.168.151.72, host: pr-hdds-2137-trunk-f8w4d-2934045284, networkLocation: /default-rack, certSerialId: null}78eb98d0-10ad-403d-ab68-3e803fb8ec72{ip: 192.168.151.72, host: pr-hdds-2137-trunk-f8w4d-2934045284, networkLocation: /default-rack, certSerialId: null}, Type:RATIS, Factor:THREE, State:CLOSED] from datanode 18c72976-30e0-4eea-a5a6-85bddbc481ac{ip: 192.168.151.72, host: pr-hdds-2137-trunk-f8w4d-2934045284, networkLocation: /default-rack, certSerialId: null}. Reason : 18c72976-30e0-4eea-a5a6-85bddbc481ac has not seen follower/s 78eb98d0-10ad-403d-ab68-3e803fb8ec72 for 159785ms 319da950-6258-4a15-a10a-9ff19688a457 for 159782ms
2019-09-17 15:20:24,909 [EventQueue-PipelineActionsForPipelineActionHandler] INFO  pipeline.SCMPipelineManager (SCMPipelineManager.java:finalizeAndDestroyPipeline(311)) - destroying pipeline:Pipeline[ Id: 5b0ab5b7-fd4e-417a-8ec4-dd12d3ba22f1, Nodes: 319da950-6258-4a15-a10a-9ff19688a457{ip: 192.168.151.72, host: pr-hdds-2137-trunk-f8w4d-2934045284, networkLocation: /default-rack, certSerialId: null}18c72976-30e0-4eea-a5a6-85bddbc481ac{ip: 192.168.151.72, host: pr-hdds-2137-trunk-f8w4d-2934045284, networkLocation: /default-rack, certSerialId: null}78eb98d0-10ad-403d-ab68-3e803fb8ec72{ip: 192.168.151.72, host: pr-hdds-2137-trunk-f8w4d-2934045284, networkLocation: /default-rack, certSerialId: null}, Type:RATIS, Factor:THREE, State:CLOSED]
2019-09-17 15:20:24,921 [java.util.concurrent.ThreadPoolExecutor$Worker@35550b30[State = -1, empty queue]] WARN  server.GrpcLogAppender (GrpcLogAppender.java:timeoutAppendRequest(200)) - 18c72976-30e0-4eea-a5a6-85bddbc481ac@group-DD12D3BA22F1->78eb98d0-10ad-403d-ab68-3e803fb8ec72-GrpcLogAppender: appendEntries Timeout, request=18c72976-30e0-4eea-a5a6-85bddbc481ac->78eb98d0-10ad-403d-ab68-3e803fb8ec72#74-t1, previous=(t:1, i:11), leaderCommit=4, initializing? false, entries: <empty>
2019-09-17 15:20:24,922 [java.util.concurrent.ThreadPoolExecutor$Worker@75d7222c[State = -1, empty queue]] WARN  server.GrpcLogAppender (GrpcLogAppender.java:timeoutAppendRequest(200)) - 18c72976-30e0-4eea-a5a6-85bddbc481ac@group-DD12D3BA22F1->319da950-6258-4a15-a10a-9ff19688a457-GrpcLogAppender: appendEntries Timeout, request=18c72976-30e0-4eea-a5a6-85bddbc481ac->319da950-6258-4a15-a10a-9ff19688a457#74-t1, previous=(t:1, i:11), leaderCommit=4, initializing? false, entries: <empty>
2019-09-17 15:20:26,319 [grpc-default-executor-8] INFO  client.GrpcClientProtocolClient (GrpcClientProtocolClient.java:onNext(264)) - client-C0CF9D0615A1->78eb98d0-10ad-403d-ab68-3e803fb8ec72: receive RaftClientReply:client-C0CF9D0615A1->78eb98d0-10ad-403d-ab68-3e803fb8ec72@group-DD12D3BA22F1, cid=50, FAILED org.apache.ratis.protocol.NotLeaderException: Server 78eb98d0-10ad-403d-ab68-3e803fb8ec72@group-DD12D3BA22F1 is not the leader 18c72976-30e0-4eea-a5a6-85bddbc481ac:192.168.151.72:46844, logIndex=0, commits[78eb98d0-10ad-403d-ab68-3e803fb8ec72:c4, 18c72976-30e0-4eea-a5a6-85bddbc481ac:c4, 319da950-6258-4a15-a10a-9ff19688a457:c3]
2019-09-17 15:20:26,923 [org.apache.ratis.server.impl.LogAppender$AppenderDaemon$$Lambda$498/908641698@d63bfbc] ERROR ratis.XceiverServerRatis (XceiverServerRatis.java:triggerPipelineClose(575)) - pipeline Action CLOSE  on pipeline PipelineID=5b0ab5b7-fd4e-417a-8ec4-dd12d3ba22f1.Reason : 18c72976-30e0-4eea-a5a6-85bddbc481ac has not seen follower/s 78eb98d0-10ad-403d-ab68-3e803fb8ec72 for 162285ms 319da950-6258-4a15-a10a-9ff19688a457 for 162283ms
2019-09-17 15:20:26,923 [org.apache.ratis.server.impl.LogAppender$AppenderDaemon$$Lambda$498/908641698@56f49d7] ERROR ratis.XceiverServerRatis (XceiverServerRatis.java:triggerPipelineClose(575)) - pipeline Action CLOSE  on pipeline PipelineID=5b0ab5b7-fd4e-417a-8ec4-dd12d3ba22f1.Reason : 18c72976-30e0-4eea-a5a6-85bddbc481ac has not seen follower/s 78eb98d0-10ad-403d-ab68-3e803fb8ec72 for 162285ms 319da950-6258-4a15-a10a-9ff19688a457 for 162283ms
2019-09-17 15:20:27,423 [java.util.concurrent.ThreadPoolExecutor$Worker@75d7222c[State = -1, empty queue]] WARN  server.GrpcLogAppender (GrpcLogAppender.java:timeoutAppendRequest(200)) - 18c72976-30e0-4eea-a5a6-85bddbc481ac@group-DD12D3BA22F1->319da950-6258-4a15-a10a-9ff19688a457-GrpcLogAppender: appendEntries Timeout, request=18c72976-30e0-4eea-a5a6-85bddbc481ac->319da950-6258-4a15-a10a-9ff19688a457#75-t1, previous=(t:1, i:11), leaderCommit=4, initializing? false, entries: <empty>
2019-09-17 15:20:27,423 [java.util.concurrent.ThreadPoolExecutor$Worker@35550b30[State = -1, empty queue]] WARN  server.GrpcLogAppender (GrpcLogAppender.java:timeoutAppendRequest(200)) - 18c72976-30e0-4eea-a5a6-85bddbc481ac@group-DD12D3BA22F1->78eb98d0-10ad-403d-ab68-3e803fb8ec72-GrpcLogAppender: appendEntries Timeout, request=18c72976-30e0-4eea-a5a6-85bddbc481ac->78eb98d0-10ad-403d-ab68-3e803fb8ec72#75-t1, previous=(t:1, i:11), leaderCommit=4, initializing? false, entries: <empty>
2019-09-17 15:20:27,912 [EventQueue-PipelineActionsForPipelineActionHandler] ERROR pipeline.PipelineActionHandler (PipelineActionHandler.java:onMessage(60)) - Received pipeline action CLOSE for Pipeline[ Id: 5b0ab5b7-fd4e-417a-8ec4-dd12d3ba22f1, Nodes: 319da950-6258-4a15-a10a-9ff19688a457{ip: 192.168.151.72, host: pr-hdds-2137-trunk-f8w4d-2934045284, networkLocation: /default-rack, certSerialId: null}18c72976-30e0-4eea-a5a6-85bddbc481ac{ip: 192.168.151.72, host: pr-hdds-2137-trunk-f8w4d-2934045284, networkLocation: /default-rack, certSerialId: null}78eb98d0-10ad-403d-ab68-3e803fb8ec72{ip: 192.168.151.72, host: pr-hdds-2137-trunk-f8w4d-2934045284, networkLocation: /default-rack, certSerialId: null}, Type:RATIS, Factor:THREE, State:CLOSED] from datanode 18c72976-30e0-4eea-a5a6-85bddbc481ac{ip: 192.168.151.72, host: pr-hdds-2137-trunk-f8w4d-2934045284, networkLocation: /default-rack, certSerialId: null}. Reason : 18c72976-30e0-4eea-a5a6-85bddbc481ac has not seen follower/s 78eb98d0-10ad-403d-ab68-3e803fb8ec72 for 162285ms 319da950-6258-4a15-a10a-9ff19688a457 for 162283ms
2019-09-17 15:20:27,912 [EventQueue-PipelineActionsForPipelineActionHandler] INFO  pipeline.SCMPipelineManager (SCMPipelineManager.java:finalizeAndDestroyPipeline(311)) - destroying pipeline:Pipeline[ Id: 5b0ab5b7-fd4e-417a-8ec4-dd12d3ba22f1, Nodes: 319da950-6258-4a15-a10a-9ff19688a457{ip: 192.168.151.72, host: pr-hdds-2137-trunk-f8w4d-2934045284, networkLocation: /default-rack, certSerialId: null}18c72976-30e0-4eea-a5a6-85bddbc481ac{ip: 192.168.151.72, host: pr-hdds-2137-trunk-f8w4d-2934045284, networkLocation: /default-rack, certSerialId: null}78eb98d0-10ad-403d-ab68-3e803fb8ec72{ip: 192.168.151.72, host: pr-hdds-2137-trunk-f8w4d-2934045284, networkLocation: /default-rack, certSerialId: null}, Type:RATIS, Factor:THREE, State:CLOSED]
2019-09-17 15:20:29,425 [org.apache.ratis.server.impl.LogAppender$AppenderDaemon$$Lambda$498/908641698@56f49d7] ERROR ratis.XceiverServerRatis (XceiverServerRatis.java:triggerPipelineClose(575)) - pipeline Action CLOSE  on pipeline PipelineID=5b0ab5b7-fd4e-417a-8ec4-dd12d3ba22f1.Reason : 18c72976-30e0-4eea-a5a6-85bddbc481ac has not seen follower/s 78eb98d0-10ad-403d-ab68-3e803fb8ec72 for 164787ms 319da950-6258-4a15-a10a-9ff19688a457 for 164784ms
2019-09-17 15:20:29,425 [org.apache.ratis.server.impl.LogAppender$AppenderDaemon$$Lambda$498/908641698@d63bfbc] ERROR ratis.XceiverServerRatis (XceiverServerRatis.java:triggerPipelineClose(575)) - pipeline Action CLOSE  on pipeline PipelineID=5b0ab5b7-fd4e-417a-8ec4-dd12d3ba22f1.Reason : 18c72976-30e0-4eea-a5a6-85bddbc481ac has not seen follower/s 78eb98d0-10ad-403d-ab68-3e803fb8ec72 for 164787ms 319da950-6258-4a15-a10a-9ff19688a457 for 164784ms
2019-09-17 15:20:29,909 [EventQueue-PipelineActionsForPipelineActionHandler] ERROR pipeline.PipelineActionHandler (PipelineActionHandler.java:onMessage(60)) - Received pipeline action CLOSE for Pipeline[ Id: 5b0ab5b7-fd4e-417a-8ec4-dd12d3ba22f1, Nodes: 319da950-6258-4a15-a10a-9ff19688a457{ip: 192.168.151.72, host: pr-hdds-2137-trunk-f8w4d-2934045284, networkLocation: /default-rack, certSerialId: null}18c72976-30e0-4eea-a5a6-85bddbc481ac{ip: 192.168.151.72, host: pr-hdds-2137-trunk-f8w4d-2934045284, networkLocation: /default-rack, certSerialId: null}78eb98d0-10ad-403d-ab68-3e803fb8ec72{ip: 192.168.151.72, host: pr-hdds-2137-trunk-f8w4d-2934045284, networkLocation: /default-rack, certSerialId: null}, Type:RATIS, Factor:THREE, State:CLOSED] from datanode 18c72976-30e0-4eea-a5a6-85bddbc481ac{ip: 192.168.151.72, host: pr-hdds-2137-trunk-f8w4d-2934045284, networkLocation: /default-rack, certSerialId: null}. Reason : 18c72976-30e0-4eea-a5a6-85bddbc481ac has not seen follower/s 78eb98d0-10ad-403d-ab68-3e803fb8ec72 for 164787ms 319da950-6258-4a15-a10a-9ff19688a457 for 164784ms
2019-09-17 15:20:29,910 [EventQueue-PipelineActionsForPipelineActionHandler] INFO  pipeline.SCMPipelineManager (SCMPipelineManager.java:finalizeAndDestroyPipeline(311)) - destroying pipeline:Pipeline[ Id: 5b0ab5b7-fd4e-417a-8ec4-dd12d3ba22f1, Nodes: 319da950-6258-4a15-a10a-9ff19688a457{ip: 192.168.151.72, host: pr-hdds-2137-trunk-f8w4d-2934045284, networkLocation: /default-rack, certSerialId: null}18c72976-30e0-4eea-a5a6-85bddbc481ac{ip: 192.168.151.72, host: pr-hdds-2137-trunk-f8w4d-2934045284, networkLocation: /default-rack, certSerialId: null}78eb98d0-10ad-403d-ab68-3e803fb8ec72{ip: 192.168.151.72, host: pr-hdds-2137-trunk-f8w4d-2934045284, networkLocation: /default-rack, certSerialId: null}, Type:RATIS, Factor:THREE, State:CLOSED]
2019-09-17 15:20:29,923 [java.util.concurrent.ThreadPoolExecutor$Worker@35550b30[State = -1, empty queue]] WARN  server.GrpcLogAppender (GrpcLogAppender.java:timeoutAppendRequest(200)) - 18c72976-30e0-4eea-a5a6-85bddbc481ac@group-DD12D3BA22F1->78eb98d0-10ad-403d-ab68-3e803fb8ec72-GrpcLogAppender: appendEntries Timeout, request=18c72976-30e0-4eea-a5a6-85bddbc481ac->78eb98d0-10ad-403d-ab68-3e803fb8ec72#76-t1, previous=(t:1, i:11), leaderCommit=4, initializing? false, entries: <empty>
2019-09-17 15:20:29,923 [java.util.concurrent.ThreadPoolExecutor$Worker@75d7222c[State = -1, empty queue]] WARN  server.GrpcLogAppender (GrpcLogAppender.java:timeoutAppendRequest(200)) - 18c72976-30e0-4eea-a5a6-85bddbc481ac@group-DD12D3BA22F1->319da950-6258-4a15-a10a-9ff19688a457-GrpcLogAppender: appendEntries Timeout, request=18c72976-30e0-4eea-a5a6-85bddbc481ac->319da950-6258-4a15-a10a-9ff19688a457#76-t1, previous=(t:1, i:11), leaderCommit=4, initializing? false, entries: <empty>
2019-09-17 15:20:31,366 [grpc-default-executor-6] INFO  client.GrpcClientProtocolClient (GrpcClientProtocolClient.java:onNext(264)) - client-C0CF9D0615A1->319da950-6258-4a15-a10a-9ff19688a457: receive RaftClientReply:client-C0CF9D0615A1->319da950-6258-4a15-a10a-9ff19688a457@group-DD12D3BA22F1, cid=50, FAILED org.apache.ratis.protocol.NotLeaderException: Server 319da950-6258-4a15-a10a-9ff19688a457@group-DD12D3BA22F1 is not the leader 18c72976-30e0-4eea-a5a6-85bddbc481ac:192.168.151.72:46844, logIndex=0, commits[319da950-6258-4a15-a10a-9ff19688a457:c4, 18c72976-30e0-4eea-a5a6-85bddbc481ac:c4, 78eb98d0-10ad-403d-ab68-3e803fb8ec72:c3]
2019-09-17 15:20:31,925 [org.apache.ratis.server.impl.LogAppender$AppenderDaemon$$Lambda$498/908641698@56f49d7] ERROR ratis.XceiverServerRatis (XceiverServerRatis.java:triggerPipelineClose(575)) - pipeline Action CLOSE  on pipeline PipelineID=5b0ab5b7-fd4e-417a-8ec4-dd12d3ba22f1.Reason : 18c72976-30e0-4eea-a5a6-85bddbc481ac has not seen follower/s 78eb98d0-10ad-403d-ab68-3e803fb8ec72 for 167287ms 319da950-6258-4a15-a10a-9ff19688a457 for 167285ms
2019-09-17 15:20:31,925 [org.apache.ratis.server.impl.LogAppender$AppenderDaemon$$Lambda$498/908641698@d63bfbc] ERROR ratis.XceiverServerRatis (XceiverServerRatis.java:triggerPipelineClose(575)) - pipeline Action CLOSE  on pipeline PipelineID=5b0ab5b7-fd4e-417a-8ec4-dd12d3ba22f1.Reason : 18c72976-30e0-4eea-a5a6-85bddbc481ac has not seen follower/s 78eb98d0-10ad-403d-ab68-3e803fb8ec72 for 167287ms 319da950-6258-4a15-a10a-9ff19688a457 for 167285ms
2019-09-17 15:20:32,425 [java.util.concurrent.ThreadPoolExecutor$Worker@75d7222c[State = -1, empty queue]] WARN  server.GrpcLogAppender (GrpcLogAppender.java:timeoutAppendRequest(200)) - 18c72976-30e0-4eea-a5a6-85bddbc481ac@group-DD12D3BA22F1->319da950-6258-4a15-a10a-9ff19688a457-GrpcLogAppender: appendEntries Timeout, request=18c72976-30e0-4eea-a5a6-85bddbc481ac->319da950-6258-4a15-a10a-9ff19688a457#77-t1, previous=(t:1, i:11), leaderCommit=4, initializing? false, entries: <empty>
2019-09-17 15:20:32,425 [java.util.concurrent.ThreadPoolExecutor$Worker@35550b30[State = -1, empty queue]] WARN  server.GrpcLogAppender (GrpcLogAppender.java:timeoutAppendRequest(200)) - 18c72976-30e0-4eea-a5a6-85bddbc481ac@group-DD12D3BA22F1->78eb98d0-10ad-403d-ab68-3e803fb8ec72-GrpcLogAppender: appendEntries Timeout, request=18c72976-30e0-4eea-a5a6-85bddbc481ac->78eb98d0-10ad-403d-ab68-3e803fb8ec72#77-t1, previous=(t:1, i:11), leaderCommit=4, initializing? false, entries: <empty>
2019-09-17 15:20:32,911 [EventQueue-PipelineActionsForPipelineActionHandler] ERROR pipeline.PipelineActionHandler (PipelineActionHandler.java:onMessage(60)) - Received pipeline action CLOSE for Pipeline[ Id: 5b0ab5b7-fd4e-417a-8ec4-dd12d3ba22f1, Nodes: 319da950-6258-4a15-a10a-9ff19688a457{ip: 192.168.151.72, host: pr-hdds-2137-trunk-f8w4d-2934045284, networkLocation: /default-rack, certSerialId: null}18c72976-30e0-4eea-a5a6-85bddbc481ac{ip: 192.168.151.72, host: pr-hdds-2137-trunk-f8w4d-2934045284, networkLocation: /default-rack, certSerialId: null}78eb98d0-10ad-403d-ab68-3e803fb8ec72{ip: 192.168.151.72, host: pr-hdds-2137-trunk-f8w4d-2934045284, networkLocation: /default-rack, certSerialId: null}, Type:RATIS, Factor:THREE, State:CLOSED] from datanode 18c72976-30e0-4eea-a5a6-85bddbc481ac{ip: 192.168.151.72, host: pr-hdds-2137-trunk-f8w4d-2934045284, networkLocation: /default-rack, certSerialId: null}. Reason : 18c72976-30e0-4eea-a5a6-85bddbc481ac has not seen follower/s 78eb98d0-10ad-403d-ab68-3e803fb8ec72 for 167287ms 319da950-6258-4a15-a10a-9ff19688a457 for 167285ms
2019-09-17 15:20:32,912 [EventQueue-PipelineActionsForPipelineActionHandler] INFO  pipeline.SCMPipelineManager (SCMPipelineManager.java:finalizeAndDestroyPipeline(311)) - destroying pipeline:Pipeline[ Id: 5b0ab5b7-fd4e-417a-8ec4-dd12d3ba22f1, Nodes: 319da950-6258-4a15-a10a-9ff19688a457{ip: 192.168.151.72, host: pr-hdds-2137-trunk-f8w4d-2934045284, networkLocation: /default-rack, certSerialId: null}18c72976-30e0-4eea-a5a6-85bddbc481ac{ip: 192.168.151.72, host: pr-hdds-2137-trunk-f8w4d-2934045284, networkLocation: /default-rack, certSerialId: null}78eb98d0-10ad-403d-ab68-3e803fb8ec72{ip: 192.168.151.72, host: pr-hdds-2137-trunk-f8w4d-2934045284, networkLocation: /default-rack, certSerialId: null}, Type:RATIS, Factor:THREE, State:CLOSED]
2019-09-17 15:20:34,427 [org.apache.ratis.server.impl.LogAppender$AppenderDaemon$$Lambda$498/908641698@56f49d7] ERROR ratis.XceiverServerRatis (XceiverServerRatis.java:triggerPipelineClose(575)) - pipeline Action CLOSE  on pipeline PipelineID=5b0ab5b7-fd4e-417a-8ec4-dd12d3ba22f1.Reason : 18c72976-30e0-4eea-a5a6-85bddbc481ac has not seen follower/s 78eb98d0-10ad-403d-ab68-3e803fb8ec72 for 169789ms 319da950-6258-4a15-a10a-9ff19688a457 for 169786ms
2019-09-17 15:20:34,427 [org.apache.ratis.server.impl.LogAppender$AppenderDaemon$$Lambda$498/908641698@d63bfbc] ERROR ratis.XceiverServerRatis (XceiverServerRatis.java:triggerPipelineClose(575)) - pipeline Action CLOSE  on pipeline PipelineID=5b0ab5b7-fd4e-417a-8ec4-dd12d3ba22f1.Reason : 18c72976-30e0-4eea-a5a6-85bddbc481ac has not seen follower/s 78eb98d0-10ad-403d-ab68-3e803fb8ec72 for 169789ms 319da950-6258-4a15-a10a-9ff19688a457 for 169786ms
2019-09-17 15:20:34,752 [78eb98d0-10ad-403d-ab68-3e803fb8ec72@group-DD12D3BA22F1-SegmentedRaftLogWorker] WARN  segmented.SegmentedRaftLogWorker (SegmentedRaftLogWorker.java:getFromFuture(90)) - Timeout 16/~
org.apache.ratis.protocol.TimeoutIOException: Timeout 10s: WriteLog:5: (t:1, i:5), STATEMACHINELOGENTRY, client-C0CF9D0615A1, cid=50-writeStateMachineData
	at org.apache.ratis.util.IOUtils.getFromFuture(IOUtils.java:87)
	at org.apache.ratis.server.raftlog.segmented.SegmentedRaftLogWorker$StateMachineDataPolicy.getFromFuture(SegmentedRaftLogWorker.java:87)
	at org.apache.ratis.server.raftlog.segmented.SegmentedRaftLogWorker$WriteLog.execute(SegmentedRaftLogWorker.java:477)
	at org.apache.ratis.server.raftlog.segmented.SegmentedRaftLogWorker.run(SegmentedRaftLogWorker.java:289)
	at java.lang.Thread.run(Thread.java:748)
Caused by: java.util.concurrent.TimeoutException
	at java.util.concurrent.CompletableFuture.timedGet(CompletableFuture.java:1771)
	at java.util.concurrent.CompletableFuture.get(CompletableFuture.java:1915)
	at org.apache.ratis.util.IOUtils.getFromFuture(IOUtils.java:79)
	... 4 more
2019-09-17 15:20:34,836 [18c72976-30e0-4eea-a5a6-85bddbc481ac@group-DD12D3BA22F1-SegmentedRaftLogWorker] WARN  segmented.SegmentedRaftLogWorker (SegmentedRaftLogWorker.java:getFromFuture(90)) - Timeout 16/~
org.apache.ratis.protocol.TimeoutIOException: Timeout 10s: WriteLog:6: (t:1, i:6), STATEMACHINELOGENTRY, client-C0CF9D0615A1, cid=51-writeStateMachineData
	at org.apache.ratis.util.IOUtils.getFromFuture(IOUtils.java:87)
	at org.apache.ratis.server.raftlog.segmented.SegmentedRaftLogWorker$StateMachineDataPolicy.getFromFuture(SegmentedRaftLogWorker.java:87)
	at org.apache.ratis.server.raftlog.segmented.SegmentedRaftLogWorker$WriteLog.execute(SegmentedRaftLogWorker.java:477)
	at org.apache.ratis.server.raftlog.segmented.SegmentedRaftLogWorker.run(SegmentedRaftLogWorker.java:289)
	at java.lang.Thread.run(Thread.java:748)
Caused by: java.util.concurrent.TimeoutException
	at java.util.concurrent.CompletableFuture.timedGet(CompletableFuture.java:1771)
	at java.util.concurrent.CompletableFuture.get(CompletableFuture.java:1915)
	at org.apache.ratis.util.IOUtils.getFromFuture(IOUtils.java:79)
	... 4 more
2019-09-17 15:20:34,837 [319da950-6258-4a15-a10a-9ff19688a457@group-DD12D3BA22F1-SegmentedRaftLogWorker] WARN  segmented.SegmentedRaftLogWorker (SegmentedRaftLogWorker.java:getFromFuture(90)) - Timeout 16/~
org.apache.ratis.protocol.TimeoutIOException: Timeout 10s: WriteLog:8: (t:1, i:8), STATEMACHINELOGENTRY, client-C0CF9D0615A1, cid=53-writeStateMachineData
	at org.apache.ratis.util.IOUtils.getFromFuture(IOUtils.java:87)
	at org.apache.ratis.server.raftlog.segmented.SegmentedRaftLogWorker$StateMachineDataPolicy.getFromFuture(SegmentedRaftLogWorker.java:87)
	at org.apache.ratis.server.raftlog.segmented.SegmentedRaftLogWorker$WriteLog.execute(SegmentedRaftLogWorker.java:477)
	at org.apache.ratis.server.raftlog.segmented.SegmentedRaftLogWorker.run(SegmentedRaftLogWorker.java:289)
	at java.lang.Thread.run(Thread.java:748)
Caused by: java.util.concurrent.TimeoutException
	at java.util.concurrent.CompletableFuture.timedGet(CompletableFuture.java:1771)
	at java.util.concurrent.CompletableFuture.get(CompletableFuture.java:1915)
	at org.apache.ratis.util.IOUtils.getFromFuture(IOUtils.java:79)
	... 4 more
2019-09-17 15:20:34,909 [EventQueue-PipelineActionsForPipelineActionHandler] ERROR pipeline.PipelineActionHandler (PipelineActionHandler.java:onMessage(60)) - Received pipeline action CLOSE for Pipeline[ Id: 5b0ab5b7-fd4e-417a-8ec4-dd12d3ba22f1, Nodes: 319da950-6258-4a15-a10a-9ff19688a457{ip: 192.168.151.72, host: pr-hdds-2137-trunk-f8w4d-2934045284, networkLocation: /default-rack, certSerialId: null}18c72976-30e0-4eea-a5a6-85bddbc481ac{ip: 192.168.151.72, host: pr-hdds-2137-trunk-f8w4d-2934045284, networkLocation: /default-rack, certSerialId: null}78eb98d0-10ad-403d-ab68-3e803fb8ec72{ip: 192.168.151.72, host: pr-hdds-2137-trunk-f8w4d-2934045284, networkLocation: /default-rack, certSerialId: null}, Type:RATIS, Factor:THREE, State:CLOSED] from datanode 18c72976-30e0-4eea-a5a6-85bddbc481ac{ip: 192.168.151.72, host: pr-hdds-2137-trunk-f8w4d-2934045284, networkLocation: /default-rack, certSerialId: null}. Reason : 18c72976-30e0-4eea-a5a6-85bddbc481ac has not seen follower/s 78eb98d0-10ad-403d-ab68-3e803fb8ec72 for 169789ms 319da950-6258-4a15-a10a-9ff19688a457 for 169786ms
2019-09-17 15:20:34,909 [EventQueue-PipelineActionsForPipelineActionHandler] INFO  pipeline.SCMPipelineManager (SCMPipelineManager.java:finalizeAndDestroyPipeline(311)) - destroying pipeline:Pipeline[ Id: 5b0ab5b7-fd4e-417a-8ec4-dd12d3ba22f1, Nodes: 319da950-6258-4a15-a10a-9ff19688a457{ip: 192.168.151.72, host: pr-hdds-2137-trunk-f8w4d-2934045284, networkLocation: /default-rack, certSerialId: null}18c72976-30e0-4eea-a5a6-85bddbc481ac{ip: 192.168.151.72, host: pr-hdds-2137-trunk-f8w4d-2934045284, networkLocation: /default-rack, certSerialId: null}78eb98d0-10ad-403d-ab68-3e803fb8ec72{ip: 192.168.151.72, host: pr-hdds-2137-trunk-f8w4d-2934045284, networkLocation: /default-rack, certSerialId: null}, Type:RATIS, Factor:THREE, State:CLOSED]
2019-09-17 15:20:34,925 [java.util.concurrent.ThreadPoolExecutor$Worker@75d7222c[State = -1, empty queue]] WARN  server.GrpcLogAppender (GrpcLogAppender.java:timeoutAppendRequest(200)) - 18c72976-30e0-4eea-a5a6-85bddbc481ac@group-DD12D3BA22F1->319da950-6258-4a15-a10a-9ff19688a457-GrpcLogAppender: appendEntries Timeout, request=18c72976-30e0-4eea-a5a6-85bddbc481ac->319da950-6258-4a15-a10a-9ff19688a457#78-t1, previous=(t:1, i:11), leaderCommit=4, initializing? false, entries: <empty>
2019-09-17 15:20:34,925 [java.util.concurrent.ThreadPoolExecutor$Worker@35550b30[State = -1, empty queue]] WARN  server.GrpcLogAppender (GrpcLogAppender.java:timeoutAppendRequest(200)) - 18c72976-30e0-4eea-a5a6-85bddbc481ac@group-DD12D3BA22F1->78eb98d0-10ad-403d-ab68-3e803fb8ec72-GrpcLogAppender: appendEntries Timeout, request=18c72976-30e0-4eea-a5a6-85bddbc481ac->78eb98d0-10ad-403d-ab68-3e803fb8ec72#78-t1, previous=(t:1, i:11), leaderCommit=4, initializing? false, entries: <empty>
2019-09-17 15:20:36,407 [grpc-default-executor-8] INFO  client.GrpcClientProtocolClient (GrpcClientProtocolClient.java:onNext(264)) - client-C0CF9D0615A1->78eb98d0-10ad-403d-ab68-3e803fb8ec72: receive RaftClientReply:client-C0CF9D0615A1->78eb98d0-10ad-403d-ab68-3e803fb8ec72@group-DD12D3BA22F1, cid=50, FAILED org.apache.ratis.protocol.NotLeaderException: Server 78eb98d0-10ad-403d-ab68-3e803fb8ec72@group-DD12D3BA22F1 is not the leader 18c72976-30e0-4eea-a5a6-85bddbc481ac:192.168.151.72:46844, logIndex=0, commits[78eb98d0-10ad-403d-ab68-3e803fb8ec72:c4, 18c72976-30e0-4eea-a5a6-85bddbc481ac:c4, 319da950-6258-4a15-a10a-9ff19688a457:c3]
2019-09-17 15:20:36,927 [org.apache.ratis.server.impl.LogAppender$AppenderDaemon$$Lambda$498/908641698@d63bfbc] ERROR ratis.XceiverServerRatis (XceiverServerRatis.java:triggerPipelineClose(575)) - pipeline Action CLOSE  on pipeline PipelineID=5b0ab5b7-fd4e-417a-8ec4-dd12d3ba22f1.Reason : 18c72976-30e0-4eea-a5a6-85bddbc481ac has not seen follower/s 78eb98d0-10ad-403d-ab68-3e803fb8ec72 for 172290ms 319da950-6258-4a15-a10a-9ff19688a457 for 172287ms
2019-09-17 15:20:36,927 [org.apache.ratis.server.impl.LogAppender$AppenderDaemon$$Lambda$498/908641698@56f49d7] ERROR ratis.XceiverServerRatis (XceiverServerRatis.java:triggerPipelineClose(575)) - pipeline Action CLOSE  on pipeline PipelineID=5b0ab5b7-fd4e-417a-8ec4-dd12d3ba22f1.Reason : 18c72976-30e0-4eea-a5a6-85bddbc481ac has not seen follower/s 78eb98d0-10ad-403d-ab68-3e803fb8ec72 for 172290ms 319da950-6258-4a15-a10a-9ff19688a457 for 172287ms
2019-09-17 15:20:37,427 [java.util.concurrent.ThreadPoolExecutor$Worker@75d7222c[State = -1, empty queue]] WARN  server.GrpcLogAppender (GrpcLogAppender.java:timeoutAppendRequest(200)) - 18c72976-30e0-4eea-a5a6-85bddbc481ac@group-DD12D3BA22F1->319da950-6258-4a15-a10a-9ff19688a457-GrpcLogAppender: appendEntries Timeout, request=18c72976-30e0-4eea-a5a6-85bddbc481ac->319da950-6258-4a15-a10a-9ff19688a457#79-t1, previous=(t:1, i:11), leaderCommit=4, initializing? false, entries: <empty>
2019-09-17 15:20:37,427 [java.util.concurrent.ThreadPoolExecutor$Worker@35550b30[State = -1, empty queue]] WARN  server.GrpcLogAppender (GrpcLogAppender.java:timeoutAppendRequest(200)) - 18c72976-30e0-4eea-a5a6-85bddbc481ac@group-DD12D3BA22F1->78eb98d0-10ad-403d-ab68-3e803fb8ec72-GrpcLogAppender: appendEntries Timeout, request=18c72976-30e0-4eea-a5a6-85bddbc481ac->78eb98d0-10ad-403d-ab68-3e803fb8ec72#79-t1, previous=(t:1, i:11), leaderCommit=4, initializing? false, entries: <empty>
2019-09-17 15:20:37,909 [EventQueue-PipelineActionsForPipelineActionHandler] ERROR pipeline.PipelineActionHandler (PipelineActionHandler.java:onMessage(60)) - Received pipeline action CLOSE for Pipeline[ Id: 5b0ab5b7-fd4e-417a-8ec4-dd12d3ba22f1, Nodes: 319da950-6258-4a15-a10a-9ff19688a457{ip: 192.168.151.72, host: pr-hdds-2137-trunk-f8w4d-2934045284, networkLocation: /default-rack, certSerialId: null}18c72976-30e0-4eea-a5a6-85bddbc481ac{ip: 192.168.151.72, host: pr-hdds-2137-trunk-f8w4d-2934045284, networkLocation: /default-rack, certSerialId: null}78eb98d0-10ad-403d-ab68-3e803fb8ec72{ip: 192.168.151.72, host: pr-hdds-2137-trunk-f8w4d-2934045284, networkLocation: /default-rack, certSerialId: null}, Type:RATIS, Factor:THREE, State:CLOSED] from datanode 18c72976-30e0-4eea-a5a6-85bddbc481ac{ip: 192.168.151.72, host: pr-hdds-2137-trunk-f8w4d-2934045284, networkLocation: /default-rack, certSerialId: null}. Reason : 18c72976-30e0-4eea-a5a6-85bddbc481ac has not seen follower/s 78eb98d0-10ad-403d-ab68-3e803fb8ec72 for 172290ms 319da950-6258-4a15-a10a-9ff19688a457 for 172287ms
2019-09-17 15:20:37,909 [EventQueue-PipelineActionsForPipelineActionHandler] INFO  pipeline.SCMPipelineManager (SCMPipelineManager.java:finalizeAndDestroyPipeline(311)) - destroying pipeline:Pipeline[ Id: 5b0ab5b7-fd4e-417a-8ec4-dd12d3ba22f1, Nodes: 319da950-6258-4a15-a10a-9ff19688a457{ip: 192.168.151.72, host: pr-hdds-2137-trunk-f8w4d-2934045284, networkLocation: /default-rack, certSerialId: null}18c72976-30e0-4eea-a5a6-85bddbc481ac{ip: 192.168.151.72, host: pr-hdds-2137-trunk-f8w4d-2934045284, networkLocation: /default-rack, certSerialId: null}78eb98d0-10ad-403d-ab68-3e803fb8ec72{ip: 192.168.151.72, host: pr-hdds-2137-trunk-f8w4d-2934045284, networkLocation: /default-rack, certSerialId: null}, Type:RATIS, Factor:THREE, State:CLOSED]
2019-09-17 15:20:39,429 [org.apache.ratis.server.impl.LogAppender$AppenderDaemon$$Lambda$498/908641698@56f49d7] ERROR ratis.XceiverServerRatis (XceiverServerRatis.java:triggerPipelineClose(575)) - pipeline Action CLOSE  on pipeline PipelineID=5b0ab5b7-fd4e-417a-8ec4-dd12d3ba22f1.Reason : 18c72976-30e0-4eea-a5a6-85bddbc481ac has not seen follower/s 78eb98d0-10ad-403d-ab68-3e803fb8ec72 for 174791ms 319da950-6258-4a15-a10a-9ff19688a457 for 174788ms
2019-09-17 15:20:39,429 [org.apache.ratis.server.impl.LogAppender$AppenderDaemon$$Lambda$498/908641698@d63bfbc] ERROR ratis.XceiverServerRatis (XceiverServerRatis.java:triggerPipelineClose(575)) - pipeline Action CLOSE  on pipeline PipelineID=5b0ab5b7-fd4e-417a-8ec4-dd12d3ba22f1.Reason : 18c72976-30e0-4eea-a5a6-85bddbc481ac has not seen follower/s 78eb98d0-10ad-403d-ab68-3e803fb8ec72 for 174791ms 319da950-6258-4a15-a10a-9ff19688a457 for 174788ms
2019-09-17 15:20:39,909 [EventQueue-PipelineActionsForPipelineActionHandler] ERROR pipeline.PipelineActionHandler (PipelineActionHandler.java:onMessage(60)) - Received pipeline action CLOSE for Pipeline[ Id: 5b0ab5b7-fd4e-417a-8ec4-dd12d3ba22f1, Nodes: 319da950-6258-4a15-a10a-9ff19688a457{ip: 192.168.151.72, host: pr-hdds-2137-trunk-f8w4d-2934045284, networkLocation: /default-rack, certSerialId: null}18c72976-30e0-4eea-a5a6-85bddbc481ac{ip: 192.168.151.72, host: pr-hdds-2137-trunk-f8w4d-2934045284, networkLocation: /default-rack, certSerialId: null}78eb98d0-10ad-403d-ab68-3e803fb8ec72{ip: 192.168.151.72, host: pr-hdds-2137-trunk-f8w4d-2934045284, networkLocation: /default-rack, certSerialId: null}, Type:RATIS, Factor:THREE, State:CLOSED] from datanode 18c72976-30e0-4eea-a5a6-85bddbc481ac{ip: 192.168.151.72, host: pr-hdds-2137-trunk-f8w4d-2934045284, networkLocation: /default-rack, certSerialId: null}. Reason : 18c72976-30e0-4eea-a5a6-85bddbc481ac has not seen follower/s 78eb98d0-10ad-403d-ab68-3e803fb8ec72 for 174791ms 319da950-6258-4a15-a10a-9ff19688a457 for 174788ms
2019-09-17 15:20:39,909 [EventQueue-PipelineActionsForPipelineActionHandler] INFO  pipeline.SCMPipelineManager (SCMPipelineManager.java:finalizeAndDestroyPipeline(311)) - destroying pipeline:Pipeline[ Id: 5b0ab5b7-fd4e-417a-8ec4-dd12d3ba22f1, Nodes: 319da950-6258-4a15-a10a-9ff19688a457{ip: 192.168.151.72, host: pr-hdds-2137-trunk-f8w4d-2934045284, networkLocation: /default-rack, certSerialId: null}18c72976-30e0-4eea-a5a6-85bddbc481ac{ip: 192.168.151.72, host: pr-hdds-2137-trunk-f8w4d-2934045284, networkLocation: /default-rack, certSerialId: null}78eb98d0-10ad-403d-ab68-3e803fb8ec72{ip: 192.168.151.72, host: pr-hdds-2137-trunk-f8w4d-2934045284, networkLocation: /default-rack, certSerialId: null}, Type:RATIS, Factor:THREE, State:CLOSED]
2019-09-17 15:20:39,927 [java.util.concurrent.ThreadPoolExecutor$Worker@35550b30[State = -1, empty queue]] WARN  server.GrpcLogAppender (GrpcLogAppender.java:timeoutAppendRequest(200)) - 18c72976-30e0-4eea-a5a6-85bddbc481ac@group-DD12D3BA22F1->78eb98d0-10ad-403d-ab68-3e803fb8ec72-GrpcLogAppender: appendEntries Timeout, request=18c72976-30e0-4eea-a5a6-85bddbc481ac->78eb98d0-10ad-403d-ab68-3e803fb8ec72#80-t1, previous=(t:1, i:11), leaderCommit=4, initializing? false, entries: <empty>
2019-09-17 15:20:39,927 [java.util.concurrent.ThreadPoolExecutor$Worker@75d7222c[State = -1, empty queue]] WARN  server.GrpcLogAppender (GrpcLogAppender.java:timeoutAppendRequest(200)) - 18c72976-30e0-4eea-a5a6-85bddbc481ac@group-DD12D3BA22F1->319da950-6258-4a15-a10a-9ff19688a457-GrpcLogAppender: appendEntries Timeout, request=18c72976-30e0-4eea-a5a6-85bddbc481ac->319da950-6258-4a15-a10a-9ff19688a457#80-t1, previous=(t:1, i:11), leaderCommit=4, initializing? false, entries: <empty>
2019-09-17 15:20:41,449 [grpc-default-executor-8] INFO  client.GrpcClientProtocolClient (GrpcClientProtocolClient.java:onNext(264)) - client-C0CF9D0615A1->319da950-6258-4a15-a10a-9ff19688a457: receive RaftClientReply:client-C0CF9D0615A1->319da950-6258-4a15-a10a-9ff19688a457@group-DD12D3BA22F1, cid=50, FAILED org.apache.ratis.protocol.NotLeaderException: Server 319da950-6258-4a15-a10a-9ff19688a457@group-DD12D3BA22F1 is not the leader 18c72976-30e0-4eea-a5a6-85bddbc481ac:192.168.151.72:46844, logIndex=0, commits[319da950-6258-4a15-a10a-9ff19688a457:c4, 18c72976-30e0-4eea-a5a6-85bddbc481ac:c4, 78eb98d0-10ad-403d-ab68-3e803fb8ec72:c3]
2019-09-17 15:20:41,929 [org.apache.ratis.server.impl.LogAppender$AppenderDaemon$$Lambda$498/908641698@d63bfbc] ERROR ratis.XceiverServerRatis (XceiverServerRatis.java:triggerPipelineClose(575)) - pipeline Action CLOSE  on pipeline PipelineID=5b0ab5b7-fd4e-417a-8ec4-dd12d3ba22f1.Reason : 18c72976-30e0-4eea-a5a6-85bddbc481ac has not seen follower/s 78eb98d0-10ad-403d-ab68-3e803fb8ec72 for 177291ms 319da950-6258-4a15-a10a-9ff19688a457 for 177289ms
2019-09-17 15:20:41,929 [org.apache.ratis.server.impl.LogAppender$AppenderDaemon$$Lambda$498/908641698@56f49d7] ERROR ratis.XceiverServerRatis (XceiverServerRatis.java:triggerPipelineClose(575)) - pipeline Action CLOSE  on pipeline PipelineID=5b0ab5b7-fd4e-417a-8ec4-dd12d3ba22f1.Reason : 18c72976-30e0-4eea-a5a6-85bddbc481ac has not seen follower/s 78eb98d0-10ad-403d-ab68-3e803fb8ec72 for 177291ms 319da950-6258-4a15-a10a-9ff19688a457 for 177289ms
2019-09-17 15:20:42,429 [java.util.concurrent.ThreadPoolExecutor$Worker@35550b30[State = -1, empty queue]] WARN  server.GrpcLogAppender (GrpcLogAppender.java:timeoutAppendRequest(200)) - 18c72976-30e0-4eea-a5a6-85bddbc481ac@group-DD12D3BA22F1->78eb98d0-10ad-403d-ab68-3e803fb8ec72-GrpcLogAppender: appendEntries Timeout, request=18c72976-30e0-4eea-a5a6-85bddbc481ac->78eb98d0-10ad-403d-ab68-3e803fb8ec72#81-t1, previous=(t:1, i:11), leaderCommit=4, initializing? false, entries: <empty>
2019-09-17 15:20:42,429 [java.util.concurrent.ThreadPoolExecutor$Worker@75d7222c[State = -1, empty queue]] WARN  server.GrpcLogAppender (GrpcLogAppender.java:timeoutAppendRequest(200)) - 18c72976-30e0-4eea-a5a6-85bddbc481ac@group-DD12D3BA22F1->319da950-6258-4a15-a10a-9ff19688a457-GrpcLogAppender: appendEntries Timeout, request=18c72976-30e0-4eea-a5a6-85bddbc481ac->319da950-6258-4a15-a10a-9ff19688a457#81-t1, previous=(t:1, i:11), leaderCommit=4, initializing? false, entries: <empty>
2019-09-17 15:20:42,909 [EventQueue-PipelineActionsForPipelineActionHandler] ERROR pipeline.PipelineActionHandler (PipelineActionHandler.java:onMessage(60)) - Received pipeline action CLOSE for Pipeline[ Id: 5b0ab5b7-fd4e-417a-8ec4-dd12d3ba22f1, Nodes: 319da950-6258-4a15-a10a-9ff19688a457{ip: 192.168.151.72, host: pr-hdds-2137-trunk-f8w4d-2934045284, networkLocation: /default-rack, certSerialId: null}18c72976-30e0-4eea-a5a6-85bddbc481ac{ip: 192.168.151.72, host: pr-hdds-2137-trunk-f8w4d-2934045284, networkLocation: /default-rack, certSerialId: null}78eb98d0-10ad-403d-ab68-3e803fb8ec72{ip: 192.168.151.72, host: pr-hdds-2137-trunk-f8w4d-2934045284, networkLocation: /default-rack, certSerialId: null}, Type:RATIS, Factor:THREE, State:CLOSED] from datanode 18c72976-30e0-4eea-a5a6-85bddbc481ac{ip: 192.168.151.72, host: pr-hdds-2137-trunk-f8w4d-2934045284, networkLocation: /default-rack, certSerialId: null}. Reason : 18c72976-30e0-4eea-a5a6-85bddbc481ac has not seen follower/s 78eb98d0-10ad-403d-ab68-3e803fb8ec72 for 177291ms 319da950-6258-4a15-a10a-9ff19688a457 for 177289ms
2019-09-17 15:20:42,910 [EventQueue-PipelineActionsForPipelineActionHandler] INFO  pipeline.SCMPipelineManager (SCMPipelineManager.java:finalizeAndDestroyPipeline(311)) - destroying pipeline:Pipeline[ Id: 5b0ab5b7-fd4e-417a-8ec4-dd12d3ba22f1, Nodes: 319da950-6258-4a15-a10a-9ff19688a457{ip: 192.168.151.72, host: pr-hdds-2137-trunk-f8w4d-2934045284, networkLocation: /default-rack, certSerialId: null}18c72976-30e0-4eea-a5a6-85bddbc481ac{ip: 192.168.151.72, host: pr-hdds-2137-trunk-f8w4d-2934045284, networkLocation: /default-rack, certSerialId: null}78eb98d0-10ad-403d-ab68-3e803fb8ec72{ip: 192.168.151.72, host: pr-hdds-2137-trunk-f8w4d-2934045284, networkLocation: /default-rack, certSerialId: null}, Type:RATIS, Factor:THREE, State:CLOSED]
2019-09-17 15:20:44,430 [org.apache.ratis.server.impl.LogAppender$AppenderDaemon$$Lambda$498/908641698@56f49d7] ERROR ratis.XceiverServerRatis (XceiverServerRatis.java:triggerPipelineClose(575)) - pipeline Action CLOSE  on pipeline PipelineID=5b0ab5b7-fd4e-417a-8ec4-dd12d3ba22f1.Reason : 18c72976-30e0-4eea-a5a6-85bddbc481ac has not seen follower/s 78eb98d0-10ad-403d-ab68-3e803fb8ec72 for 179792ms 319da950-6258-4a15-a10a-9ff19688a457 for 179789ms
2019-09-17 15:20:44,430 [org.apache.ratis.server.impl.LogAppender$AppenderDaemon$$Lambda$498/908641698@d63bfbc] ERROR ratis.XceiverServerRatis (XceiverServerRatis.java:triggerPipelineClose(575)) - pipeline Action CLOSE  on pipeline PipelineID=5b0ab5b7-fd4e-417a-8ec4-dd12d3ba22f1.Reason : 18c72976-30e0-4eea-a5a6-85bddbc481ac has not seen follower/s 78eb98d0-10ad-403d-ab68-3e803fb8ec72 for 179793ms 319da950-6258-4a15-a10a-9ff19688a457 for 179790ms
2019-09-17 15:20:44,753 [78eb98d0-10ad-403d-ab68-3e803fb8ec72@group-DD12D3BA22F1-SegmentedRaftLogWorker] WARN  segmented.SegmentedRaftLogWorker (SegmentedRaftLogWorker.java:getFromFuture(90)) - Timeout 17/~
org.apache.ratis.protocol.TimeoutIOException: Timeout 10s: WriteLog:5: (t:1, i:5), STATEMACHINELOGENTRY, client-C0CF9D0615A1, cid=50-writeStateMachineData
	at org.apache.ratis.util.IOUtils.getFromFuture(IOUtils.java:87)
	at org.apache.ratis.server.raftlog.segmented.SegmentedRaftLogWorker$StateMachineDataPolicy.getFromFuture(SegmentedRaftLogWorker.java:87)
	at org.apache.ratis.server.raftlog.segmented.SegmentedRaftLogWorker$WriteLog.execute(SegmentedRaftLogWorker.java:477)
	at org.apache.ratis.server.raftlog.segmented.SegmentedRaftLogWorker.run(SegmentedRaftLogWorker.java:289)
	at java.lang.Thread.run(Thread.java:748)
Caused by: java.util.concurrent.TimeoutException
	at java.util.concurrent.CompletableFuture.timedGet(CompletableFuture.java:1771)
	at java.util.concurrent.CompletableFuture.get(CompletableFuture.java:1915)
	at org.apache.ratis.util.IOUtils.getFromFuture(IOUtils.java:79)
	... 4 more
2019-09-17 15:20:44,837 [18c72976-30e0-4eea-a5a6-85bddbc481ac@group-DD12D3BA22F1-SegmentedRaftLogWorker] WARN  segmented.SegmentedRaftLogWorker (SegmentedRaftLogWorker.java:getFromFuture(90)) - Timeout 17/~
org.apache.ratis.protocol.TimeoutIOException: Timeout 10s: WriteLog:6: (t:1, i:6), STATEMACHINELOGENTRY, client-C0CF9D0615A1, cid=51-writeStateMachineData
	at org.apache.ratis.util.IOUtils.getFromFuture(IOUtils.java:87)
	at org.apache.ratis.server.raftlog.segmented.SegmentedRaftLogWorker$StateMachineDataPolicy.getFromFuture(SegmentedRaftLogWorker.java:87)
	at org.apache.ratis.server.raftlog.segmented.SegmentedRaftLogWorker$WriteLog.execute(SegmentedRaftLogWorker.java:477)
	at org.apache.ratis.server.raftlog.segmented.SegmentedRaftLogWorker.run(SegmentedRaftLogWorker.java:289)
	at java.lang.Thread.run(Thread.java:748)
Caused by: java.util.concurrent.TimeoutException
	at java.util.concurrent.CompletableFuture.timedGet(CompletableFuture.java:1771)
	at java.util.concurrent.CompletableFuture.get(CompletableFuture.java:1915)
	at org.apache.ratis.util.IOUtils.getFromFuture(IOUtils.java:79)
	... 4 more
2019-09-17 15:20:44,838 [319da950-6258-4a15-a10a-9ff19688a457@group-DD12D3BA22F1-SegmentedRaftLogWorker] WARN  segmented.SegmentedRaftLogWorker (SegmentedRaftLogWorker.java:getFromFuture(90)) - Timeout 17/~
org.apache.ratis.protocol.TimeoutIOException: Timeout 10s: WriteLog:8: (t:1, i:8), STATEMACHINELOGENTRY, client-C0CF9D0615A1, cid=53-writeStateMachineData
	at org.apache.ratis.util.IOUtils.getFromFuture(IOUtils.java:87)
	at org.apache.ratis.server.raftlog.segmented.SegmentedRaftLogWorker$StateMachineDataPolicy.getFromFuture(SegmentedRaftLogWorker.java:87)
	at org.apache.ratis.server.raftlog.segmented.SegmentedRaftLogWorker$WriteLog.execute(SegmentedRaftLogWorker.java:477)
	at org.apache.ratis.server.raftlog.segmented.SegmentedRaftLogWorker.run(SegmentedRaftLogWorker.java:289)
	at java.lang.Thread.run(Thread.java:748)
Caused by: java.util.concurrent.TimeoutException
	at java.util.concurrent.CompletableFuture.timedGet(CompletableFuture.java:1771)
	at java.util.concurrent.CompletableFuture.get(CompletableFuture.java:1915)
	at org.apache.ratis.util.IOUtils.getFromFuture(IOUtils.java:79)
	... 4 more
2019-09-17 15:20:44,909 [EventQueue-PipelineActionsForPipelineActionHandler] ERROR pipeline.PipelineActionHandler (PipelineActionHandler.java:onMessage(60)) - Received pipeline action CLOSE for Pipeline[ Id: 5b0ab5b7-fd4e-417a-8ec4-dd12d3ba22f1, Nodes: 319da950-6258-4a15-a10a-9ff19688a457{ip: 192.168.151.72, host: pr-hdds-2137-trunk-f8w4d-2934045284, networkLocation: /default-rack, certSerialId: null}18c72976-30e0-4eea-a5a6-85bddbc481ac{ip: 192.168.151.72, host: pr-hdds-2137-trunk-f8w4d-2934045284, networkLocation: /default-rack, certSerialId: null}78eb98d0-10ad-403d-ab68-3e803fb8ec72{ip: 192.168.151.72, host: pr-hdds-2137-trunk-f8w4d-2934045284, networkLocation: /default-rack, certSerialId: null}, Type:RATIS, Factor:THREE, State:CLOSED] from datanode 18c72976-30e0-4eea-a5a6-85bddbc481ac{ip: 192.168.151.72, host: pr-hdds-2137-trunk-f8w4d-2934045284, networkLocation: /default-rack, certSerialId: null}. Reason : 18c72976-30e0-4eea-a5a6-85bddbc481ac has not seen follower/s 78eb98d0-10ad-403d-ab68-3e803fb8ec72 for 179792ms 319da950-6258-4a15-a10a-9ff19688a457 for 179789ms
2019-09-17 15:20:44,909 [EventQueue-PipelineActionsForPipelineActionHandler] INFO  pipeline.SCMPipelineManager (SCMPipelineManager.java:finalizeAndDestroyPipeline(311)) - destroying pipeline:Pipeline[ Id: 5b0ab5b7-fd4e-417a-8ec4-dd12d3ba22f1, Nodes: 319da950-6258-4a15-a10a-9ff19688a457{ip: 192.168.151.72, host: pr-hdds-2137-trunk-f8w4d-2934045284, networkLocation: /default-rack, certSerialId: null}18c72976-30e0-4eea-a5a6-85bddbc481ac{ip: 192.168.151.72, host: pr-hdds-2137-trunk-f8w4d-2934045284, networkLocation: /default-rack, certSerialId: null}78eb98d0-10ad-403d-ab68-3e803fb8ec72{ip: 192.168.151.72, host: pr-hdds-2137-trunk-f8w4d-2934045284, networkLocation: /default-rack, certSerialId: null}, Type:RATIS, Factor:THREE, State:CLOSED]
2019-09-17 15:20:44,929 [java.util.concurrent.ThreadPoolExecutor$Worker@75d7222c[State = -1, empty queue]] WARN  server.GrpcLogAppender (GrpcLogAppender.java:timeoutAppendRequest(200)) - 18c72976-30e0-4eea-a5a6-85bddbc481ac@group-DD12D3BA22F1->319da950-6258-4a15-a10a-9ff19688a457-GrpcLogAppender: appendEntries Timeout, request=18c72976-30e0-4eea-a5a6-85bddbc481ac->319da950-6258-4a15-a10a-9ff19688a457#82-t1, previous=(t:1, i:11), leaderCommit=4, initializing? false, entries: <empty>
2019-09-17 15:20:44,929 [java.util.concurrent.ThreadPoolExecutor$Worker@35550b30[State = -1, empty queue]] WARN  server.GrpcLogAppender (GrpcLogAppender.java:timeoutAppendRequest(200)) - 18c72976-30e0-4eea-a5a6-85bddbc481ac@group-DD12D3BA22F1->78eb98d0-10ad-403d-ab68-3e803fb8ec72-GrpcLogAppender: appendEntries Timeout, request=18c72976-30e0-4eea-a5a6-85bddbc481ac->78eb98d0-10ad-403d-ab68-3e803fb8ec72#82-t1, previous=(t:1, i:11), leaderCommit=4, initializing? false, entries: <empty>
2019-09-17 15:20:46,496 [grpc-default-executor-6] INFO  client.GrpcClientProtocolClient (GrpcClientProtocolClient.java:onNext(264)) - client-C0CF9D0615A1->319da950-6258-4a15-a10a-9ff19688a457: receive RaftClientReply:client-C0CF9D0615A1->319da950-6258-4a15-a10a-9ff19688a457@group-DD12D3BA22F1, cid=50, FAILED org.apache.ratis.protocol.NotLeaderException: Server 319da950-6258-4a15-a10a-9ff19688a457@group-DD12D3BA22F1 is not the leader 18c72976-30e0-4eea-a5a6-85bddbc481ac:192.168.151.72:46844, logIndex=0, commits[319da950-6258-4a15-a10a-9ff19688a457:c4, 18c72976-30e0-4eea-a5a6-85bddbc481ac:c4, 78eb98d0-10ad-403d-ab68-3e803fb8ec72:c3]
2019-09-17 15:20:46,931 [org.apache.ratis.server.impl.LogAppender$AppenderDaemon$$Lambda$498/908641698@56f49d7] ERROR ratis.XceiverServerRatis (XceiverServerRatis.java:triggerPipelineClose(575)) - pipeline Action CLOSE  on pipeline PipelineID=5b0ab5b7-fd4e-417a-8ec4-dd12d3ba22f1.Reason : 18c72976-30e0-4eea-a5a6-85bddbc481ac has not seen follower/s 78eb98d0-10ad-403d-ab68-3e803fb8ec72 for 182293ms 319da950-6258-4a15-a10a-9ff19688a457 for 182290ms
2019-09-17 15:20:46,931 [org.apache.ratis.server.impl.LogAppender$AppenderDaemon$$Lambda$498/908641698@d63bfbc] ERROR ratis.XceiverServerRatis (XceiverServerRatis.java:triggerPipelineClose(575)) - pipeline Action CLOSE  on pipeline PipelineID=5b0ab5b7-fd4e-417a-8ec4-dd12d3ba22f1.Reason : 18c72976-30e0-4eea-a5a6-85bddbc481ac has not seen follower/s 78eb98d0-10ad-403d-ab68-3e803fb8ec72 for 182293ms 319da950-6258-4a15-a10a-9ff19688a457 for 182290ms
2019-09-17 15:20:47,430 [java.util.concurrent.ThreadPoolExecutor$Worker@75d7222c[State = -1, empty queue]] WARN  server.GrpcLogAppender (GrpcLogAppender.java:timeoutAppendRequest(200)) - 18c72976-30e0-4eea-a5a6-85bddbc481ac@group-DD12D3BA22F1->319da950-6258-4a15-a10a-9ff19688a457-GrpcLogAppender: appendEntries Timeout, request=18c72976-30e0-4eea-a5a6-85bddbc481ac->319da950-6258-4a15-a10a-9ff19688a457#83-t1, previous=(t:1, i:11), leaderCommit=4, initializing? false, entries: <empty>
2019-09-17 15:20:47,430 [java.util.concurrent.ThreadPoolExecutor$Worker@35550b30[State = -1, empty queue]] WARN  server.GrpcLogAppender (GrpcLogAppender.java:timeoutAppendRequest(200)) - 18c72976-30e0-4eea-a5a6-85bddbc481ac@group-DD12D3BA22F1->78eb98d0-10ad-403d-ab68-3e803fb8ec72-GrpcLogAppender: appendEntries Timeout, request=18c72976-30e0-4eea-a5a6-85bddbc481ac->78eb98d0-10ad-403d-ab68-3e803fb8ec72#83-t1, previous=(t:1, i:11), leaderCommit=4, initializing? false, entries: <empty>
2019-09-17 15:20:47,910 [EventQueue-PipelineActionsForPipelineActionHandler] ERROR pipeline.PipelineActionHandler (PipelineActionHandler.java:onMessage(60)) - Received pipeline action CLOSE for Pipeline[ Id: 5b0ab5b7-fd4e-417a-8ec4-dd12d3ba22f1, Nodes: 319da950-6258-4a15-a10a-9ff19688a457{ip: 192.168.151.72, host: pr-hdds-2137-trunk-f8w4d-2934045284, networkLocation: /default-rack, certSerialId: null}18c72976-30e0-4eea-a5a6-85bddbc481ac{ip: 192.168.151.72, host: pr-hdds-2137-trunk-f8w4d-2934045284, networkLocation: /default-rack, certSerialId: null}78eb98d0-10ad-403d-ab68-3e803fb8ec72{ip: 192.168.151.72, host: pr-hdds-2137-trunk-f8w4d-2934045284, networkLocation: /default-rack, certSerialId: null}, Type:RATIS, Factor:THREE, State:CLOSED] from datanode 18c72976-30e0-4eea-a5a6-85bddbc481ac{ip: 192.168.151.72, host: pr-hdds-2137-trunk-f8w4d-2934045284, networkLocation: /default-rack, certSerialId: null}. Reason : 18c72976-30e0-4eea-a5a6-85bddbc481ac has not seen follower/s 78eb98d0-10ad-403d-ab68-3e803fb8ec72 for 182293ms 319da950-6258-4a15-a10a-9ff19688a457 for 182290ms
2019-09-17 15:20:47,911 [EventQueue-PipelineActionsForPipelineActionHandler] INFO  pipeline.SCMPipelineManager (SCMPipelineManager.java:finalizeAndDestroyPipeline(311)) - destroying pipeline:Pipeline[ Id: 5b0ab5b7-fd4e-417a-8ec4-dd12d3ba22f1, Nodes: 319da950-6258-4a15-a10a-9ff19688a457{ip: 192.168.151.72, host: pr-hdds-2137-trunk-f8w4d-2934045284, networkLocation: /default-rack, certSerialId: null}18c72976-30e0-4eea-a5a6-85bddbc481ac{ip: 192.168.151.72, host: pr-hdds-2137-trunk-f8w4d-2934045284, networkLocation: /default-rack, certSerialId: null}78eb98d0-10ad-403d-ab68-3e803fb8ec72{ip: 192.168.151.72, host: pr-hdds-2137-trunk-f8w4d-2934045284, networkLocation: /default-rack, certSerialId: null}, Type:RATIS, Factor:THREE, State:CLOSED]
2019-09-17 15:20:49,432 [org.apache.ratis.server.impl.LogAppender$AppenderDaemon$$Lambda$498/908641698@d63bfbc] ERROR ratis.XceiverServerRatis (XceiverServerRatis.java:triggerPipelineClose(575)) - pipeline Action CLOSE  on pipeline PipelineID=5b0ab5b7-fd4e-417a-8ec4-dd12d3ba22f1.Reason : 18c72976-30e0-4eea-a5a6-85bddbc481ac has not seen follower/s 78eb98d0-10ad-403d-ab68-3e803fb8ec72 for 184794ms 319da950-6258-4a15-a10a-9ff19688a457 for 184791ms
2019-09-17 15:20:49,432 [org.apache.ratis.server.impl.LogAppender$AppenderDaemon$$Lambda$498/908641698@56f49d7] ERROR ratis.XceiverServerRatis (XceiverServerRatis.java:triggerPipelineClose(575)) - pipeline Action CLOSE  on pipeline PipelineID=5b0ab5b7-fd4e-417a-8ec4-dd12d3ba22f1.Reason : 18c72976-30e0-4eea-a5a6-85bddbc481ac has not seen follower/s 78eb98d0-10ad-403d-ab68-3e803fb8ec72 for 184794ms 319da950-6258-4a15-a10a-9ff19688a457 for 184791ms
2019-09-17 15:20:49,911 [EventQueue-PipelineActionsForPipelineActionHandler] ERROR pipeline.PipelineActionHandler (PipelineActionHandler.java:onMessage(60)) - Received pipeline action CLOSE for Pipeline[ Id: 5b0ab5b7-fd4e-417a-8ec4-dd12d3ba22f1, Nodes: 319da950-6258-4a15-a10a-9ff19688a457{ip: 192.168.151.72, host: pr-hdds-2137-trunk-f8w4d-2934045284, networkLocation: /default-rack, certSerialId: null}18c72976-30e0-4eea-a5a6-85bddbc481ac{ip: 192.168.151.72, host: pr-hdds-2137-trunk-f8w4d-2934045284, networkLocation: /default-rack, certSerialId: null}78eb98d0-10ad-403d-ab68-3e803fb8ec72{ip: 192.168.151.72, host: pr-hdds-2137-trunk-f8w4d-2934045284, networkLocation: /default-rack, certSerialId: null}, Type:RATIS, Factor:THREE, State:CLOSED] from datanode 18c72976-30e0-4eea-a5a6-85bddbc481ac{ip: 192.168.151.72, host: pr-hdds-2137-trunk-f8w4d-2934045284, networkLocation: /default-rack, certSerialId: null}. Reason : 18c72976-30e0-4eea-a5a6-85bddbc481ac has not seen follower/s 78eb98d0-10ad-403d-ab68-3e803fb8ec72 for 184794ms 319da950-6258-4a15-a10a-9ff19688a457 for 184791ms
2019-09-17 15:20:49,911 [EventQueue-PipelineActionsForPipelineActionHandler] INFO  pipeline.SCMPipelineManager (SCMPipelineManager.java:finalizeAndDestroyPipeline(311)) - destroying pipeline:Pipeline[ Id: 5b0ab5b7-fd4e-417a-8ec4-dd12d3ba22f1, Nodes: 319da950-6258-4a15-a10a-9ff19688a457{ip: 192.168.151.72, host: pr-hdds-2137-trunk-f8w4d-2934045284, networkLocation: /default-rack, certSerialId: null}18c72976-30e0-4eea-a5a6-85bddbc481ac{ip: 192.168.151.72, host: pr-hdds-2137-trunk-f8w4d-2934045284, networkLocation: /default-rack, certSerialId: null}78eb98d0-10ad-403d-ab68-3e803fb8ec72{ip: 192.168.151.72, host: pr-hdds-2137-trunk-f8w4d-2934045284, networkLocation: /default-rack, certSerialId: null}, Type:RATIS, Factor:THREE, State:CLOSED]
2019-09-17 15:20:49,931 [java.util.concurrent.ThreadPoolExecutor$Worker@75d7222c[State = -1, empty queue]] WARN  server.GrpcLogAppender (GrpcLogAppender.java:timeoutAppendRequest(200)) - 18c72976-30e0-4eea-a5a6-85bddbc481ac@group-DD12D3BA22F1->319da950-6258-4a15-a10a-9ff19688a457-GrpcLogAppender: appendEntries Timeout, request=18c72976-30e0-4eea-a5a6-85bddbc481ac->319da950-6258-4a15-a10a-9ff19688a457#84-t1, previous=(t:1, i:11), leaderCommit=4, initializing? false, entries: <empty>
2019-09-17 15:20:49,931 [java.util.concurrent.ThreadPoolExecutor$Worker@35550b30[State = -1, empty queue]] WARN  server.GrpcLogAppender (GrpcLogAppender.java:timeoutAppendRequest(200)) - 18c72976-30e0-4eea-a5a6-85bddbc481ac@group-DD12D3BA22F1->78eb98d0-10ad-403d-ab68-3e803fb8ec72-GrpcLogAppender: appendEntries Timeout, request=18c72976-30e0-4eea-a5a6-85bddbc481ac->78eb98d0-10ad-403d-ab68-3e803fb8ec72#84-t1, previous=(t:1, i:11), leaderCommit=4, initializing? false, entries: <empty>
2019-09-17 15:20:50,877 [grpc-default-executor-8] INFO  impl.RaftServerProxy (RaftServerProxy.java:remove(95)) - 319da950-6258-4a15-a10a-9ff19688a457: remove  FOLLOWER 319da950-6258-4a15-a10a-9ff19688a457@group-DD12D3BA22F1:t1, leader=18c72976-30e0-4eea-a5a6-85bddbc481ac, voted=18c72976-30e0-4eea-a5a6-85bddbc481ac, raftlog=319da950-6258-4a15-a10a-9ff19688a457@group-DD12D3BA22F1-SegmentedRaftLog:OPENED:c4,f4,i11, conf=0: [18c72976-30e0-4eea-a5a6-85bddbc481ac:192.168.151.72:46844, 78eb98d0-10ad-403d-ab68-3e803fb8ec72:192.168.151.72:34014, 319da950-6258-4a15-a10a-9ff19688a457:192.168.151.72:45426], old=null RUNNING
2019-09-17 15:20:50,878 [grpc-default-executor-8] INFO  impl.RaftServerImpl (RaftServerImpl.java:lambda$shutdown$3(251)) - 319da950-6258-4a15-a10a-9ff19688a457@group-DD12D3BA22F1: shutdown
2019-09-17 15:20:50,878 [grpc-default-executor-8] INFO  util.JmxRegister (JmxRegister.java:unregister(73)) - Successfully un-registered JMX Bean with object name Ratis:service=RaftServer,group=group-DD12D3BA22F1,id=319da950-6258-4a15-a10a-9ff19688a457
2019-09-17 15:20:50,879 [grpc-default-executor-8] INFO  impl.RoleInfo (RoleInfo.java:shutdownFollowerState(121)) - 319da950-6258-4a15-a10a-9ff19688a457: shutdown FollowerState
2019-09-17 15:20:50,890 [grpc-default-executor-8] INFO  impl.StateMachineUpdater (StateMachineUpdater.java:stopAndJoin(125)) - 319da950-6258-4a15-a10a-9ff19688a457@group-DD12D3BA22F1-StateMachineUpdater: set stopIndex = 4
2019-09-17 15:20:50,890 [Thread-938] INFO  impl.FollowerState (FollowerState.java:run(115)) - 319da950-6258-4a15-a10a-9ff19688a457: FollowerState was interrupted: java.lang.InterruptedException: sleep interrupted
2019-09-17 15:20:50,891 [319da950-6258-4a15-a10a-9ff19688a457@group-DD12D3BA22F1-StateMachineUpdater] INFO  ratis.ContainerStateMachine (ContainerStateMachine.java:takeSnapshot(289)) - group-DD12D3BA22F1: Taking a snapshot at:(t:1, i:3) file /workdir/hadoop-ozone/integration-test/target/test-dir/MiniOzoneClusterImpl-346716be-7c53-4c7f-8ad1-9ba23c6a7b4d/datanode-6/data/ratis/5b0ab5b7-fd4e-417a-8ec4-dd12d3ba22f1/sm/snapshot.1_3
2019-09-17 15:20:50,906 [319da950-6258-4a15-a10a-9ff19688a457@group-DD12D3BA22F1-StateMachineUpdater] INFO  ratis.ContainerStateMachine (ContainerStateMachine.java:takeSnapshot(300)) - group-DD12D3BA22F1: Finished taking a snapshot at:(t:1, i:3) file:/workdir/hadoop-ozone/integration-test/target/test-dir/MiniOzoneClusterImpl-346716be-7c53-4c7f-8ad1-9ba23c6a7b4d/datanode-6/data/ratis/5b0ab5b7-fd4e-417a-8ec4-dd12d3ba22f1/sm/snapshot.1_3 time:16
2019-09-17 15:20:50,907 [319da950-6258-4a15-a10a-9ff19688a457@group-DD12D3BA22F1-StateMachineUpdater] INFO  impl.StateMachineUpdater (StateMachineUpdater.java:takeSnapshot(258)) - 319da950-6258-4a15-a10a-9ff19688a457@group-DD12D3BA22F1-StateMachineUpdater: Took a snapshot at index 3
2019-09-17 15:20:50,907 [319da950-6258-4a15-a10a-9ff19688a457@group-DD12D3BA22F1-StateMachineUpdater] INFO  impl.StateMachineUpdater (StateMachineUpdater.java:lambda$new$0(83)) - 319da950-6258-4a15-a10a-9ff19688a457@group-DD12D3BA22F1-StateMachineUpdater: snapshotIndex: updateIncreasingly -1 -> 3
2019-09-17 15:20:50,908 [319da950-6258-4a15-a10a-9ff19688a457@group-DD12D3BA22F1-StateMachineUpdater] INFO  ratis.ContainerStateMachine (ContainerStateMachine.java:takeSnapshot(289)) - group-DD12D3BA22F1: Taking a snapshot at:(t:1, i:3) file /workdir/hadoop-ozone/integration-test/target/test-dir/MiniOzoneClusterImpl-346716be-7c53-4c7f-8ad1-9ba23c6a7b4d/datanode-6/data/ratis/5b0ab5b7-fd4e-417a-8ec4-dd12d3ba22f1/sm/snapshot.1_3
2019-09-17 15:20:50,920 [319da950-6258-4a15-a10a-9ff19688a457@group-DD12D3BA22F1-StateMachineUpdater] INFO  ratis.ContainerStateMachine (ContainerStateMachine.java:takeSnapshot(300)) - group-DD12D3BA22F1: Finished taking a snapshot at:(t:1, i:3) file:/workdir/hadoop-ozone/integration-test/target/test-dir/MiniOzoneClusterImpl-346716be-7c53-4c7f-8ad1-9ba23c6a7b4d/datanode-6/data/ratis/5b0ab5b7-fd4e-417a-8ec4-dd12d3ba22f1/sm/snapshot.1_3 time:12
2019-09-17 15:20:50,920 [319da950-6258-4a15-a10a-9ff19688a457@group-DD12D3BA22F1-StateMachineUpdater] INFO  impl.StateMachineUpdater (StateMachineUpdater.java:takeSnapshot(258)) - 319da950-6258-4a15-a10a-9ff19688a457@group-DD12D3BA22F1-StateMachineUpdater: Took a snapshot at index 3
2019-09-17 15:20:50,921 [319da950-6258-4a15-a10a-9ff19688a457@group-DD12D3BA22F1-StateMachineUpdater] INFO  impl.StateMachineUpdater (StateMachineUpdater.java:lambda$new$0(83)) - 319da950-6258-4a15-a10a-9ff19688a457@group-DD12D3BA22F1-StateMachineUpdater: snapshotIndex: updateIncreasingly 3 -> 3
2019-09-17 15:20:50,921 [grpc-default-executor-8] INFO  impl.RaftServerImpl (ServerState.java:close(385)) - 319da950-6258-4a15-a10a-9ff19688a457@group-DD12D3BA22F1: closes. applyIndex: 4
2019-09-17 15:20:50,923 [319da950-6258-4a15-a10a-9ff19688a457@group-DD12D3BA22F1-SegmentedRaftLogWorker] ERROR ratis.XceiverServerRatis (XceiverServerRatis.java:triggerPipelineClose(575)) - pipeline Action CLOSE  on pipeline PipelineID=5b0ab5b7-fd4e-417a-8ec4-dd12d3ba22f1.Reason : WriteLog:8: (t:1, i:8), STATEMACHINELOGENTRY, client-C0CF9D0615A1, cid=53-writeStateMachineData interrupted.
2019-09-17 15:20:50,926 [EventQueue-PipelineActionsForPipelineActionHandler] ERROR pipeline.PipelineActionHandler (PipelineActionHandler.java:onMessage(60)) - Received pipeline action CLOSE for Pipeline[ Id: 5b0ab5b7-fd4e-417a-8ec4-dd12d3ba22f1, Nodes: 319da950-6258-4a15-a10a-9ff19688a457{ip: 192.168.151.72, host: pr-hdds-2137-trunk-f8w4d-2934045284, networkLocation: /default-rack, certSerialId: null}18c72976-30e0-4eea-a5a6-85bddbc481ac{ip: 192.168.151.72, host: pr-hdds-2137-trunk-f8w4d-2934045284, networkLocation: /default-rack, certSerialId: null}78eb98d0-10ad-403d-ab68-3e803fb8ec72{ip: 192.168.151.72, host: pr-hdds-2137-trunk-f8w4d-2934045284, networkLocation: /default-rack, certSerialId: null}, Type:RATIS, Factor:THREE, State:CLOSED] from datanode 319da950-6258-4a15-a10a-9ff19688a457{ip: 192.168.151.72, host: pr-hdds-2137-trunk-f8w4d-2934045284, networkLocation: /default-rack, certSerialId: null}. Reason : WriteLog:8: (t:1, i:8), STATEMACHINELOGENTRY, client-C0CF9D0615A1, cid=53-writeStateMachineData interrupted.
2019-09-17 15:20:50,927 [EventQueue-PipelineActionsForPipelineActionHandler] INFO  pipeline.SCMPipelineManager (SCMPipelineManager.java:finalizeAndDestroyPipeline(311)) - destroying pipeline:Pipeline[ Id: 5b0ab5b7-fd4e-417a-8ec4-dd12d3ba22f1, Nodes: 319da950-6258-4a15-a10a-9ff19688a457{ip: 192.168.151.72, host: pr-hdds-2137-trunk-f8w4d-2934045284, networkLocation: /default-rack, certSerialId: null}18c72976-30e0-4eea-a5a6-85bddbc481ac{ip: 192.168.151.72, host: pr-hdds-2137-trunk-f8w4d-2934045284, networkLocation: /default-rack, certSerialId: null}78eb98d0-10ad-403d-ab68-3e803fb8ec72{ip: 192.168.151.72, host: pr-hdds-2137-trunk-f8w4d-2934045284, networkLocation: /default-rack, certSerialId: null}, Type:RATIS, Factor:THREE, State:CLOSED]
2019-09-17 15:20:50,937 [grpc-default-executor-8] INFO  segmented.SegmentedRaftLogWorker (SegmentedRaftLogWorker.java:close(228)) - 319da950-6258-4a15-a10a-9ff19688a457@group-DD12D3BA22F1-SegmentedRaftLogWorker close()
2019-09-17 15:20:50,955 [grpc-default-executor-8] INFO  interfaces.Container (KeyValueContainer.java:flushAndSyncDB(386)) - Container 6 is synced with bcsId 3.
2019-09-17 15:20:50,955 [grpc-default-executor-8] INFO  interfaces.Container (KeyValueContainer.java:flushAndSyncDB(386)) - Container 6 is synced with bcsId 3.
2019-09-17 15:20:50,963 [EventQueue-IncrementalContainerReportForIncrementalContainerReportHandler] INFO  container.IncrementalContainerReportHandler (AbstractContainerReportHandler.java:updateContainerState(169)) - Moving container #6 to QUASI_CLOSED state, datanode 319da950-6258-4a15-a10a-9ff19688a457{ip: 192.168.151.72, host: pr-hdds-2137-trunk-f8w4d-2934045284, networkLocation: /default-rack, certSerialId: null} reported QUASI_CLOSED replica.
2019-09-17 15:20:50,987 [grpc-default-executor-8] INFO  interfaces.Container (KeyValueContainer.java:flushAndSyncDB(386)) - Container 7 is synced with bcsId 0.
2019-09-17 15:20:50,988 [grpc-default-executor-8] INFO  interfaces.Container (KeyValueContainer.java:flushAndSyncDB(386)) - Container 7 is synced with bcsId 0.
2019-09-17 15:20:50,993 [EventQueue-IncrementalContainerReportForIncrementalContainerReportHandler] INFO  container.IncrementalContainerReportHandler (AbstractContainerReportHandler.java:updateContainerState(169)) - Moving container #7 to QUASI_CLOSED state, datanode 319da950-6258-4a15-a10a-9ff19688a457{ip: 192.168.151.72, host: pr-hdds-2137-trunk-f8w4d-2934045284, networkLocation: /default-rack, certSerialId: null} reported QUASI_CLOSED replica.
2019-09-17 15:20:50,998 [grpc-default-executor-8] INFO  impl.RaftServerProxy (RaftServerProxy.java:remove(95)) - 18c72976-30e0-4eea-a5a6-85bddbc481ac: remove    LEADER 18c72976-30e0-4eea-a5a6-85bddbc481ac@group-DD12D3BA22F1:t1, leader=18c72976-30e0-4eea-a5a6-85bddbc481ac, voted=18c72976-30e0-4eea-a5a6-85bddbc481ac, raftlog=18c72976-30e0-4eea-a5a6-85bddbc481ac@group-DD12D3BA22F1-SegmentedRaftLog:OPENED:c4,f4,i11, conf=0: [18c72976-30e0-4eea-a5a6-85bddbc481ac:192.168.151.72:46844, 78eb98d0-10ad-403d-ab68-3e803fb8ec72:192.168.151.72:34014, 319da950-6258-4a15-a10a-9ff19688a457:192.168.151.72:45426], old=null RUNNING
2019-09-17 15:20:50,998 [grpc-default-executor-8] INFO  impl.RaftServerImpl (RaftServerImpl.java:lambda$shutdown$3(251)) - 18c72976-30e0-4eea-a5a6-85bddbc481ac@group-DD12D3BA22F1: shutdown
2019-09-17 15:20:50,998 [grpc-default-executor-8] INFO  util.JmxRegister (JmxRegister.java:unregister(73)) - Successfully un-registered JMX Bean with object name Ratis:service=RaftServer,group=group-DD12D3BA22F1,id=18c72976-30e0-4eea-a5a6-85bddbc481ac
2019-09-17 15:20:50,999 [grpc-default-executor-8] INFO  impl.RoleInfo (RoleInfo.java:shutdownLeaderState(104)) - 18c72976-30e0-4eea-a5a6-85bddbc481ac: shutdown LeaderState
2019-09-17 15:20:51,003 [org.apache.ratis.server.impl.LogAppender$AppenderDaemon$$Lambda$498/908641698@d63bfbc] WARN  server.GrpcLogAppender (GrpcLogAppender.java:mayWait(143)) - 18c72976-30e0-4eea-a5a6-85bddbc481ac@group-DD12D3BA22F1->78eb98d0-10ad-403d-ab68-3e803fb8ec72-GrpcLogAppender: Wait interrupted by java.lang.InterruptedException
2019-09-17 15:20:51,003 [grpc-default-executor-8] INFO  impl.PendingRequests (PendingRequests.java:sendNotLeaderResponses(202)) - 18c72976-30e0-4eea-a5a6-85bddbc481ac-PendingRequests: sendNotLeaderResponses
2019-09-17 15:20:51,003 [org.apache.ratis.server.impl.LogAppender$AppenderDaemon$$Lambda$498/908641698@56f49d7] WARN  server.GrpcLogAppender (GrpcLogAppender.java:mayWait(143)) - 18c72976-30e0-4eea-a5a6-85bddbc481ac@group-DD12D3BA22F1->319da950-6258-4a15-a10a-9ff19688a457-GrpcLogAppender: Wait interrupted by java.lang.InterruptedException
2019-09-17 15:20:51,006 [grpc-default-executor-6] INFO  server.GrpcServerProtocolService (GrpcServerProtocolService.java:onCompleted(113)) - 78eb98d0-10ad-403d-ab68-3e803fb8ec72: Completed APPEND_ENTRIES, lastRequest: 18c72976-30e0-4eea-a5a6-85bddbc481ac->78eb98d0-10ad-403d-ab68-3e803fb8ec72#85-t1, previous=(t:1, i:11), leaderCommit=4, initializing? false, entries: <empty>
2019-09-17 15:20:51,007 [grpc-default-executor-4] INFO  server.GrpcServerProtocolService (GrpcServerProtocolService.java:onCompleted(113)) - 319da950-6258-4a15-a10a-9ff19688a457: Completed APPEND_ENTRIES, lastRequest: 18c72976-30e0-4eea-a5a6-85bddbc481ac->319da950-6258-4a15-a10a-9ff19688a457#85-t1, previous=(t:1, i:11), leaderCommit=4, initializing? false, entries: <empty>
2019-09-17 15:20:51,007 [grpc-default-executor-4] INFO  server.GrpcLogAppender (GrpcLogAppender.java:onCompleted(293)) - 18c72976-30e0-4eea-a5a6-85bddbc481ac@group-DD12D3BA22F1->319da950-6258-4a15-a10a-9ff19688a457-AppendLogResponseHandler: follower responses appendEntries COMPLETED
2019-09-17 15:20:51,007 [grpc-default-executor-6] INFO  server.GrpcLogAppender (GrpcLogAppender.java:onCompleted(293)) - 18c72976-30e0-4eea-a5a6-85bddbc481ac@group-DD12D3BA22F1->78eb98d0-10ad-403d-ab68-3e803fb8ec72-AppendLogResponseHandler: follower responses appendEntries COMPLETED
2019-09-17 15:20:51,012 [18c72976-30e0-4eea-a5a6-85bddbc481ac@group-DD12D3BA22F1-StateMachineUpdater] INFO  ratis.ContainerStateMachine (ContainerStateMachine.java:takeSnapshot(289)) - group-DD12D3BA22F1: Taking a snapshot at:(t:1, i:4) file /workdir/hadoop-ozone/integration-test/target/test-dir/MiniOzoneClusterImpl-346716be-7c53-4c7f-8ad1-9ba23c6a7b4d/datanode-3/data/ratis/5b0ab5b7-fd4e-417a-8ec4-dd12d3ba22f1/sm/snapshot.1_4
2019-09-17 15:20:51,012 [grpc-default-executor-4] INFO  impl.FollowerInfo (FollowerInfo.java:lambda$new$0(51)) - 18c72976-30e0-4eea-a5a6-85bddbc481ac@group-DD12D3BA22F1->319da950-6258-4a15-a10a-9ff19688a457: nextIndex: updateUnconditionally 12 -> 5
2019-09-17 15:20:51,012 [grpc-default-executor-8] INFO  impl.StateMachineUpdater (StateMachineUpdater.java:stopAndJoin(125)) - 18c72976-30e0-4eea-a5a6-85bddbc481ac@group-DD12D3BA22F1-StateMachineUpdater: set stopIndex = 4
2019-09-17 15:20:51,012 [grpc-default-executor-6] INFO  impl.FollowerInfo (FollowerInfo.java:lambda$new$0(51)) - 18c72976-30e0-4eea-a5a6-85bddbc481ac@group-DD12D3BA22F1->78eb98d0-10ad-403d-ab68-3e803fb8ec72: nextIndex: updateUnconditionally 12 -> 5
2019-09-17 15:20:51,016 [18c72976-30e0-4eea-a5a6-85bddbc481ac@group-DD12D3BA22F1-StateMachineUpdater] INFO  ratis.ContainerStateMachine (ContainerStateMachine.java:takeSnapshot(300)) - group-DD12D3BA22F1: Finished taking a snapshot at:(t:1, i:4) file:/workdir/hadoop-ozone/integration-test/target/test-dir/MiniOzoneClusterImpl-346716be-7c53-4c7f-8ad1-9ba23c6a7b4d/datanode-3/data/ratis/5b0ab5b7-fd4e-417a-8ec4-dd12d3ba22f1/sm/snapshot.1_4 time:4
2019-09-17 15:20:51,016 [18c72976-30e0-4eea-a5a6-85bddbc481ac@group-DD12D3BA22F1-StateMachineUpdater] INFO  impl.StateMachineUpdater (StateMachineUpdater.java:takeSnapshot(258)) - 18c72976-30e0-4eea-a5a6-85bddbc481ac@group-DD12D3BA22F1-StateMachineUpdater: Took a snapshot at index 4
2019-09-17 15:20:51,017 [18c72976-30e0-4eea-a5a6-85bddbc481ac@group-DD12D3BA22F1-StateMachineUpdater] INFO  impl.StateMachineUpdater (StateMachineUpdater.java:lambda$new$0(83)) - 18c72976-30e0-4eea-a5a6-85bddbc481ac@group-DD12D3BA22F1-StateMachineUpdater: snapshotIndex: updateIncreasingly -1 -> 4
2019-09-17 15:20:51,017 [Command processor thread] ERROR commandhandler.CloseContainerCommandHandler (CloseContainerCommandHandler.java:handle(125)) - Can't close container #7
java.io.IOException: org.apache.ratis.protocol.GroupMismatchException: 18c72976-30e0-4eea-a5a6-85bddbc481ac: group-DD12D3BA22F1 not found.
	at org.apache.hadoop.ozone.container.common.transport.server.ratis.XceiverServerRatis.submitRequest(XceiverServerRatis.java:502)
	at org.apache.hadoop.ozone.container.common.statemachine.commandhandler.CloseContainerCommandHandler.handle(CloseContainerCommandHandler.java:102)
	at org.apache.hadoop.ozone.container.common.statemachine.commandhandler.CommandDispatcher.handle(CommandDispatcher.java:99)
	at org.apache.hadoop.ozone.container.common.statemachine.DatanodeStateMachine.lambda$initCommandHandlerThread$1(DatanodeStateMachine.java:432)
	at java.lang.Thread.run(Thread.java:748)
Caused by: java.util.concurrent.ExecutionException: org.apache.ratis.protocol.GroupMismatchException: 18c72976-30e0-4eea-a5a6-85bddbc481ac: group-DD12D3BA22F1 not found.
	at java.util.concurrent.CompletableFuture.reportGet(CompletableFuture.java:357)
	at java.util.concurrent.CompletableFuture.get(CompletableFuture.java:1895)
	at org.apache.hadoop.ozone.container.common.transport.server.ratis.XceiverServerRatis.submitRequest(XceiverServerRatis.java:500)
	... 4 more
Caused by: org.apache.ratis.protocol.GroupMismatchException: 18c72976-30e0-4eea-a5a6-85bddbc481ac: group-DD12D3BA22F1 not found.
	at org.apache.ratis.server.impl.RaftServerProxy$ImplMap.get(RaftServerProxy.java:122)
	at org.apache.ratis.server.impl.RaftServerProxy.getImplFuture(RaftServerProxy.java:269)
	at org.apache.ratis.server.impl.RaftServerProxy.submitRequest(RaftServerProxy.java:327)
	at org.apache.ratis.server.impl.RaftServerProxy.submitClientRequestAsync(RaftServerProxy.java:333)
	... 5 more
2019-09-17 15:20:51,019 [grpc-default-executor-8] INFO  impl.RaftServerImpl (ServerState.java:close(385)) - 18c72976-30e0-4eea-a5a6-85bddbc481ac@group-DD12D3BA22F1: closes. applyIndex: 4
2019-09-17 15:20:51,020 [18c72976-30e0-4eea-a5a6-85bddbc481ac@group-DD12D3BA22F1-SegmentedRaftLogWorker] ERROR ratis.XceiverServerRatis (XceiverServerRatis.java:triggerPipelineClose(575)) - pipeline Action CLOSE  on pipeline PipelineID=5b0ab5b7-fd4e-417a-8ec4-dd12d3ba22f1.Reason : WriteLog:6: (t:1, i:6), STATEMACHINELOGENTRY, client-C0CF9D0615A1, cid=51-writeStateMachineData interrupted.
2019-09-17 15:20:51,023 [EventQueue-PipelineActionsForPipelineActionHandler] ERROR pipeline.PipelineActionHandler (PipelineActionHandler.java:onMessage(60)) - Received pipeline action CLOSE for Pipeline[ Id: 5b0ab5b7-fd4e-417a-8ec4-dd12d3ba22f1, Nodes: 319da950-6258-4a15-a10a-9ff19688a457{ip: 192.168.151.72, host: pr-hdds-2137-trunk-f8w4d-2934045284, networkLocation: /default-rack, certSerialId: null}18c72976-30e0-4eea-a5a6-85bddbc481ac{ip: 192.168.151.72, host: pr-hdds-2137-trunk-f8w4d-2934045284, networkLocation: /default-rack, certSerialId: null}78eb98d0-10ad-403d-ab68-3e803fb8ec72{ip: 192.168.151.72, host: pr-hdds-2137-trunk-f8w4d-2934045284, networkLocation: /default-rack, certSerialId: null}, Type:RATIS, Factor:THREE, State:CLOSED] from datanode 18c72976-30e0-4eea-a5a6-85bddbc481ac{ip: 192.168.151.72, host: pr-hdds-2137-trunk-f8w4d-2934045284, networkLocation: /default-rack, certSerialId: null}. Reason : WriteLog:6: (t:1, i:6), STATEMACHINELOGENTRY, client-C0CF9D0615A1, cid=51-writeStateMachineData interrupted.
2019-09-17 15:20:51,023 [EventQueue-PipelineActionsForPipelineActionHandler] INFO  pipeline.SCMPipelineManager (SCMPipelineManager.java:finalizeAndDestroyPipeline(311)) - destroying pipeline:Pipeline[ Id: 5b0ab5b7-fd4e-417a-8ec4-dd12d3ba22f1, Nodes: 319da950-6258-4a15-a10a-9ff19688a457{ip: 192.168.151.72, host: pr-hdds-2137-trunk-f8w4d-2934045284, networkLocation: /default-rack, certSerialId: null}18c72976-30e0-4eea-a5a6-85bddbc481ac{ip: 192.168.151.72, host: pr-hdds-2137-trunk-f8w4d-2934045284, networkLocation: /default-rack, certSerialId: null}78eb98d0-10ad-403d-ab68-3e803fb8ec72{ip: 192.168.151.72, host: pr-hdds-2137-trunk-f8w4d-2934045284, networkLocation: /default-rack, certSerialId: null}, Type:RATIS, Factor:THREE, State:CLOSED]
2019-09-17 15:20:51,024 [grpc-default-executor-8] INFO  segmented.SegmentedRaftLogWorker (SegmentedRaftLogWorker.java:close(228)) - 18c72976-30e0-4eea-a5a6-85bddbc481ac@group-DD12D3BA22F1-SegmentedRaftLogWorker close()
2019-09-17 15:20:51,033 [grpc-default-executor-8] INFO  interfaces.Container (KeyValueContainer.java:flushAndSyncDB(386)) - Container 6 is synced with bcsId 3.
2019-09-17 15:20:51,033 [grpc-default-executor-8] INFO  interfaces.Container (KeyValueContainer.java:flushAndSyncDB(386)) - Container 6 is synced with bcsId 3.
2019-09-17 15:20:51,065 [grpc-default-executor-8] INFO  interfaces.Container (KeyValueContainer.java:flushAndSyncDB(386)) - Container 7 is synced with bcsId 0.
2019-09-17 15:20:51,065 [grpc-default-executor-8] INFO  interfaces.Container (KeyValueContainer.java:flushAndSyncDB(386)) - Container 7 is synced with bcsId 0.
2019-09-17 15:20:51,076 [grpc-default-executor-8] INFO  impl.RaftServerProxy (RaftServerProxy.java:remove(95)) - 78eb98d0-10ad-403d-ab68-3e803fb8ec72: remove  FOLLOWER 78eb98d0-10ad-403d-ab68-3e803fb8ec72@group-DD12D3BA22F1:t1, leader=18c72976-30e0-4eea-a5a6-85bddbc481ac, voted=78eb98d0-10ad-403d-ab68-3e803fb8ec72, raftlog=78eb98d0-10ad-403d-ab68-3e803fb8ec72@group-DD12D3BA22F1-SegmentedRaftLog:OPENED:c4,f4,i11, conf=0: [18c72976-30e0-4eea-a5a6-85bddbc481ac:192.168.151.72:46844, 78eb98d0-10ad-403d-ab68-3e803fb8ec72:192.168.151.72:34014, 319da950-6258-4a15-a10a-9ff19688a457:192.168.151.72:45426], old=null RUNNING
2019-09-17 15:20:51,077 [grpc-default-executor-8] INFO  impl.RaftServerImpl (RaftServerImpl.java:lambda$shutdown$3(251)) - 78eb98d0-10ad-403d-ab68-3e803fb8ec72@group-DD12D3BA22F1: shutdown
2019-09-17 15:20:51,077 [grpc-default-executor-8] INFO  util.JmxRegister (JmxRegister.java:unregister(73)) - Successfully un-registered JMX Bean with object name Ratis:service=RaftServer,group=group-DD12D3BA22F1,id=78eb98d0-10ad-403d-ab68-3e803fb8ec72
2019-09-17 15:20:51,077 [grpc-default-executor-8] INFO  impl.RoleInfo (RoleInfo.java:shutdownFollowerState(121)) - 78eb98d0-10ad-403d-ab68-3e803fb8ec72: shutdown FollowerState
2019-09-17 15:20:51,077 [grpc-default-executor-8] INFO  impl.StateMachineUpdater (StateMachineUpdater.java:stopAndJoin(125)) - 78eb98d0-10ad-403d-ab68-3e803fb8ec72@group-DD12D3BA22F1-StateMachineUpdater: set stopIndex = 4
2019-09-17 15:20:51,078 [Thread-939] INFO  impl.FollowerState (FollowerState.java:run(115)) - 78eb98d0-10ad-403d-ab68-3e803fb8ec72: FollowerState was interrupted: java.lang.InterruptedException: sleep interrupted
2019-09-17 15:20:51,080 [78eb98d0-10ad-403d-ab68-3e803fb8ec72@group-DD12D3BA22F1-StateMachineUpdater] INFO  ratis.ContainerStateMachine (ContainerStateMachine.java:takeSnapshot(289)) - group-DD12D3BA22F1: Taking a snapshot at:(t:1, i:3) file /workdir/hadoop-ozone/integration-test/target/test-dir/MiniOzoneClusterImpl-346716be-7c53-4c7f-8ad1-9ba23c6a7b4d/datanode-2/data/ratis/5b0ab5b7-fd4e-417a-8ec4-dd12d3ba22f1/sm/snapshot.1_3
2019-09-17 15:20:51,085 [78eb98d0-10ad-403d-ab68-3e803fb8ec72@group-DD12D3BA22F1-StateMachineUpdater] INFO  ratis.ContainerStateMachine (ContainerStateMachine.java:takeSnapshot(300)) - group-DD12D3BA22F1: Finished taking a snapshot at:(t:1, i:3) file:/workdir/hadoop-ozone/integration-test/target/test-dir/MiniOzoneClusterImpl-346716be-7c53-4c7f-8ad1-9ba23c6a7b4d/datanode-2/data/ratis/5b0ab5b7-fd4e-417a-8ec4-dd12d3ba22f1/sm/snapshot.1_3 time:7
2019-09-17 15:20:51,085 [78eb98d0-10ad-403d-ab68-3e803fb8ec72@group-DD12D3BA22F1-StateMachineUpdater] INFO  impl.StateMachineUpdater (StateMachineUpdater.java:takeSnapshot(258)) - 78eb98d0-10ad-403d-ab68-3e803fb8ec72@group-DD12D3BA22F1-StateMachineUpdater: Took a snapshot at index 3
2019-09-17 15:20:51,085 [78eb98d0-10ad-403d-ab68-3e803fb8ec72@group-DD12D3BA22F1-StateMachineUpdater] INFO  impl.StateMachineUpdater (StateMachineUpdater.java:lambda$new$0(83)) - 78eb98d0-10ad-403d-ab68-3e803fb8ec72@group-DD12D3BA22F1-StateMachineUpdater: snapshotIndex: updateIncreasingly -1 -> 3
2019-09-17 15:20:51,086 [78eb98d0-10ad-403d-ab68-3e803fb8ec72@group-DD12D3BA22F1-StateMachineUpdater] INFO  ratis.ContainerStateMachine (ContainerStateMachine.java:takeSnapshot(289)) - group-DD12D3BA22F1: Taking a snapshot at:(t:1, i:3) file /workdir/hadoop-ozone/integration-test/target/test-dir/MiniOzoneClusterImpl-346716be-7c53-4c7f-8ad1-9ba23c6a7b4d/datanode-2/data/ratis/5b0ab5b7-fd4e-417a-8ec4-dd12d3ba22f1/sm/snapshot.1_3
2019-09-17 15:20:51,088 [78eb98d0-10ad-403d-ab68-3e803fb8ec72@group-DD12D3BA22F1-StateMachineUpdater] INFO  ratis.ContainerStateMachine (ContainerStateMachine.java:takeSnapshot(300)) - group-DD12D3BA22F1: Finished taking a snapshot at:(t:1, i:3) file:/workdir/hadoop-ozone/integration-test/target/test-dir/MiniOzoneClusterImpl-346716be-7c53-4c7f-8ad1-9ba23c6a7b4d/datanode-2/data/ratis/5b0ab5b7-fd4e-417a-8ec4-dd12d3ba22f1/sm/snapshot.1_3 time:2
2019-09-17 15:20:51,088 [78eb98d0-10ad-403d-ab68-3e803fb8ec72@group-DD12D3BA22F1-StateMachineUpdater] INFO  impl.StateMachineUpdater (StateMachineUpdater.java:takeSnapshot(258)) - 78eb98d0-10ad-403d-ab68-3e803fb8ec72@group-DD12D3BA22F1-StateMachineUpdater: Took a snapshot at index 3
2019-09-17 15:20:51,088 [78eb98d0-10ad-403d-ab68-3e803fb8ec72@group-DD12D3BA22F1-StateMachineUpdater] INFO  impl.StateMachineUpdater (StateMachineUpdater.java:lambda$new$0(83)) - 78eb98d0-10ad-403d-ab68-3e803fb8ec72@group-DD12D3BA22F1-StateMachineUpdater: snapshotIndex: updateIncreasingly 3 -> 3
2019-09-17 15:20:51,088 [grpc-default-executor-8] INFO  impl.RaftServerImpl (ServerState.java:close(385)) - 78eb98d0-10ad-403d-ab68-3e803fb8ec72@group-DD12D3BA22F1: closes. applyIndex: 4
2019-09-17 15:20:51,089 [78eb98d0-10ad-403d-ab68-3e803fb8ec72@group-DD12D3BA22F1-SegmentedRaftLogWorker] ERROR ratis.XceiverServerRatis (XceiverServerRatis.java:triggerPipelineClose(575)) - pipeline Action CLOSE  on pipeline PipelineID=5b0ab5b7-fd4e-417a-8ec4-dd12d3ba22f1.Reason : WriteLog:5: (t:1, i:5), STATEMACHINELOGENTRY, client-C0CF9D0615A1, cid=50-writeStateMachineData interrupted.
2019-09-17 15:20:51,091 [grpc-default-executor-8] INFO  segmented.SegmentedRaftLogWorker (SegmentedRaftLogWorker.java:close(228)) - 78eb98d0-10ad-403d-ab68-3e803fb8ec72@group-DD12D3BA22F1-SegmentedRaftLogWorker close()
2019-09-17 15:20:51,094 [EventQueue-PipelineActionsForPipelineActionHandler] ERROR pipeline.PipelineActionHandler (PipelineActionHandler.java:onMessage(60)) - Received pipeline action CLOSE for Pipeline[ Id: 5b0ab5b7-fd4e-417a-8ec4-dd12d3ba22f1, Nodes: 319da950-6258-4a15-a10a-9ff19688a457{ip: 192.168.151.72, host: pr-hdds-2137-trunk-f8w4d-2934045284, networkLocation: /default-rack, certSerialId: null}18c72976-30e0-4eea-a5a6-85bddbc481ac{ip: 192.168.151.72, host: pr-hdds-2137-trunk-f8w4d-2934045284, networkLocation: /default-rack, certSerialId: null}78eb98d0-10ad-403d-ab68-3e803fb8ec72{ip: 192.168.151.72, host: pr-hdds-2137-trunk-f8w4d-2934045284, networkLocation: /default-rack, certSerialId: null}, Type:RATIS, Factor:THREE, State:CLOSED] from datanode 78eb98d0-10ad-403d-ab68-3e803fb8ec72{ip: 192.168.151.72, host: pr-hdds-2137-trunk-f8w4d-2934045284, networkLocation: /default-rack, certSerialId: null}. Reason : WriteLog:5: (t:1, i:5), STATEMACHINELOGENTRY, client-C0CF9D0615A1, cid=50-writeStateMachineData interrupted.
2019-09-17 15:20:51,094 [EventQueue-PipelineActionsForPipelineActionHandler] INFO  pipeline.SCMPipelineManager (SCMPipelineManager.java:finalizeAndDestroyPipeline(311)) - destroying pipeline:Pipeline[ Id: 5b0ab5b7-fd4e-417a-8ec4-dd12d3ba22f1, Nodes: 319da950-6258-4a15-a10a-9ff19688a457{ip: 192.168.151.72, host: pr-hdds-2137-trunk-f8w4d-2934045284, networkLocation: /default-rack, certSerialId: null}18c72976-30e0-4eea-a5a6-85bddbc481ac{ip: 192.168.151.72, host: pr-hdds-2137-trunk-f8w4d-2934045284, networkLocation: /default-rack, certSerialId: null}78eb98d0-10ad-403d-ab68-3e803fb8ec72{ip: 192.168.151.72, host: pr-hdds-2137-trunk-f8w4d-2934045284, networkLocation: /default-rack, certSerialId: null}, Type:RATIS, Factor:THREE, State:CLOSED]
2019-09-17 15:20:51,099 [grpc-default-executor-8] INFO  interfaces.Container (KeyValueContainer.java:flushAndSyncDB(386)) - Container 6 is synced with bcsId 3.
2019-09-17 15:20:51,099 [grpc-default-executor-8] INFO  interfaces.Container (KeyValueContainer.java:flushAndSyncDB(386)) - Container 6 is synced with bcsId 3.
2019-09-17 15:20:51,126 [grpc-default-executor-8] INFO  interfaces.Container (KeyValueContainer.java:flushAndSyncDB(386)) - Container 7 is synced with bcsId 0.
2019-09-17 15:20:51,126 [grpc-default-executor-8] INFO  interfaces.Container (KeyValueContainer.java:flushAndSyncDB(386)) - Container 7 is synced with bcsId 0.
2019-09-17 15:20:51,132 [RatisPipelineUtilsThread] INFO  pipeline.PipelineStateManager (PipelineStateManager.java:removePipeline(108)) - Pipeline Pipeline[ Id: 5b0ab5b7-fd4e-417a-8ec4-dd12d3ba22f1, Nodes: 319da950-6258-4a15-a10a-9ff19688a457{ip: 192.168.151.72, host: pr-hdds-2137-trunk-f8w4d-2934045284, networkLocation: /default-rack, certSerialId: null}18c72976-30e0-4eea-a5a6-85bddbc481ac{ip: 192.168.151.72, host: pr-hdds-2137-trunk-f8w4d-2934045284, networkLocation: /default-rack, certSerialId: null}78eb98d0-10ad-403d-ab68-3e803fb8ec72{ip: 192.168.151.72, host: pr-hdds-2137-trunk-f8w4d-2934045284, networkLocation: /default-rack, certSerialId: null}, Type:RATIS, Factor:THREE, State:CLOSED] removed from db
2019-09-17 15:20:51,557 [main] WARN  io.KeyOutputStream (KeyOutputStream.java:handleException(276)) - Encountered exception java.io.IOException: Unexpected Storage Container Exception: java.util.concurrent.CompletionException: java.util.concurrent.CompletionException: org.apache.ratis.protocol.GroupMismatchException: 319da950-6258-4a15-a10a-9ff19688a457: group-DD12D3BA22F1 not found. on the pipeline Pipeline[ Id: 5b0ab5b7-fd4e-417a-8ec4-dd12d3ba22f1, Nodes: 319da950-6258-4a15-a10a-9ff19688a457{ip: 192.168.151.72, host: pr-hdds-2137-trunk-f8w4d-2934045284, networkLocation: /default-rack, certSerialId: null}18c72976-30e0-4eea-a5a6-85bddbc481ac{ip: 192.168.151.72, host: pr-hdds-2137-trunk-f8w4d-2934045284, networkLocation: /default-rack, certSerialId: null}78eb98d0-10ad-403d-ab68-3e803fb8ec72{ip: 192.168.151.72, host: pr-hdds-2137-trunk-f8w4d-2934045284, networkLocation: /default-rack, certSerialId: null}, Type:RATIS, Factor:THREE, State:OPEN]. The last committed block length is 0, uncommitted data length is 400 retry count 0
2019-09-17 15:20:51,625 [grpc-default-executor-6] INFO  client.GrpcClientProtocolClient (GrpcClientProtocolClient.java:onNext(264)) - client-704CE7A31307->bef9a726-04bf-4cf2-bc6c-32901bb39b2c: receive RaftClientReply:client-704CE7A31307->bef9a726-04bf-4cf2-bc6c-32901bb39b2c@group-EB8DA8A34392, cid=143, SUCCESS, logIndex=25, commits[bef9a726-04bf-4cf2-bc6c-32901bb39b2c:c25, a1a9f161-7571-4968-b55b-82d9a6a77226:c24, 20b80410-686a-4bdf-a56e-9b5ac3164d3d:c24]
2019-09-17 15:20:51,649 [grpc-default-executor-4] INFO  client.GrpcClientProtocolClient (GrpcClientProtocolClient.java:onNext(264)) - client-704CE7A31307->bef9a726-04bf-4cf2-bc6c-32901bb39b2c: receive RaftClientReply:client-704CE7A31307->bef9a726-04bf-4cf2-bc6c-32901bb39b2c@group-EB8DA8A34392, cid=144, SUCCESS, logIndex=27, commits[bef9a726-04bf-4cf2-bc6c-32901bb39b2c:c27, a1a9f161-7571-4968-b55b-82d9a6a77226:c26, 20b80410-686a-4bdf-a56e-9b5ac3164d3d:c25]
2019-09-17 15:20:51,655 [grpc-default-executor-4] INFO  client.GrpcClientProtocolClient (GrpcClientProtocolClient.java:onNext(264)) - client-704CE7A31307->bef9a726-04bf-4cf2-bc6c-32901bb39b2c: receive RaftClientReply:client-704CE7A31307->bef9a726-04bf-4cf2-bc6c-32901bb39b2c@group-EB8DA8A34392, cid=145, SUCCESS, logIndex=28, commits[bef9a726-04bf-4cf2-bc6c-32901bb39b2c:c31, a1a9f161-7571-4968-b55b-82d9a6a77226:c26, 20b80410-686a-4bdf-a56e-9b5ac3164d3d:c26]
2019-09-17 15:20:51,657 [grpc-default-executor-6] INFO  client.GrpcClientProtocolClient (GrpcClientProtocolClient.java:onNext(264)) - client-704CE7A31307->bef9a726-04bf-4cf2-bc6c-32901bb39b2c: receive RaftClientReply:client-704CE7A31307->bef9a726-04bf-4cf2-bc6c-32901bb39b2c@group-EB8DA8A34392, cid=146, SUCCESS, logIndex=29, commits[bef9a726-04bf-4cf2-bc6c-32901bb39b2c:c31, a1a9f161-7571-4968-b55b-82d9a6a77226:c26, 20b80410-686a-4bdf-a56e-9b5ac3164d3d:c26]
2019-09-17 15:20:51,662 [grpc-default-executor-6] INFO  client.GrpcClientProtocolClient (GrpcClientProtocolClient.java:onNext(264)) - client-704CE7A31307->bef9a726-04bf-4cf2-bc6c-32901bb39b2c: receive RaftClientReply:client-704CE7A31307->bef9a726-04bf-4cf2-bc6c-32901bb39b2c@group-EB8DA8A34392, cid=147, SUCCESS, logIndex=30, commits[bef9a726-04bf-4cf2-bc6c-32901bb39b2c:c33, a1a9f161-7571-4968-b55b-82d9a6a77226:c29, 20b80410-686a-4bdf-a56e-9b5ac3164d3d:c27]
2019-09-17 15:20:51,663 [grpc-default-executor-6] INFO  client.GrpcClientProtocolClient (GrpcClientProtocolClient.java:onNext(264)) - client-704CE7A31307->bef9a726-04bf-4cf2-bc6c-32901bb39b2c: receive RaftClientReply:client-704CE7A31307->bef9a726-04bf-4cf2-bc6c-32901bb39b2c@group-EB8DA8A34392, cid=148, SUCCESS, logIndex=31, commits[bef9a726-04bf-4cf2-bc6c-32901bb39b2c:c35, a1a9f161-7571-4968-b55b-82d9a6a77226:c29, 20b80410-686a-4bdf-a56e-9b5ac3164d3d:c31]
]]></system-out>
  </testcase>
</testsuite>